<?xml version="1.0" encoding="UTF-8"?>
<testsuite xmlns:xsi="http://www.w3.org/2001/XMLSchema-instance" xsi:noNamespaceSchemaLocation="https://maven.apache.org/surefire/maven-surefire-plugin/xsd/surefire-test-report.xsd" name="org.apache.ratis.netty.TestRaftWithNetty" time="125.223" tests="5" errors="2" skipped="0" failures="0">
  <properties>
    <property name="awt.toolkit" value="sun.awt.X11.XToolkit"/>
    <property name="file.encoding.pkg" value="sun.io"/>
    <property name="java.specification.version" value="1.8"/>
    <property name="sun.cpu.isalist" value=""/>
    <property name="sun.jnu.encoding" value="UTF-8"/>
    <property name="java.class.path" value="/workdir/ratis-test/target/test-classes:/workdir/ratis-test/target/classes:/workdir/ratis-common/target/classes:/home/user/.m2/repository/org/apache/ratis/ratis-thirdparty-misc/0.2.0/ratis-thirdparty-misc-0.2.0.jar:/workdir/ratis-proto/target/ratis-proto-0.5.0-SNAPSHOT.jar:/home/user/.m2/repository/org/slf4j/slf4j-log4j12/1.7.10/slf4j-log4j12-1.7.10.jar:/home/user/.m2/repository/log4j/log4j/1.2.17/log4j-1.2.17.jar:/workdir/ratis-common/target/test-classes:/workdir/ratis-client/target/classes:/workdir/ratis-server/target/classes:/workdir/ratis-metrics/target/classes:/home/user/.m2/repository/io/dropwizard/metrics/metrics-core/3.2.5/metrics-core-3.2.5.jar:/home/user/.m2/repository/com/github/joshelser/dropwizard-metrics-hadoop-metrics2-reporter/0.1.2/dropwizard-metrics-hadoop-metrics2-reporter-0.1.2.jar:/home/user/.m2/repository/org/apache/hadoop/hadoop-common/2.6.0/hadoop-common-2.6.0.jar:/home/user/.m2/repository/org/apache/hadoop/hadoop-annotations/2.6.0/hadoop-annotations-2.6.0.jar:/usr/lib/jvm/java-1.8-openjdk/jre/../lib/tools.jar:/home/user/.m2/repository/com/google/guava/guava/11.0.2/guava-11.0.2.jar:/home/user/.m2/repository/commons-cli/commons-cli/1.2/commons-cli-1.2.jar:/home/user/.m2/repository/org/apache/commons/commons-math3/3.1.1/commons-math3-3.1.1.jar:/home/user/.m2/repository/xmlenc/xmlenc/0.52/xmlenc-0.52.jar:/home/user/.m2/repository/commons-httpclient/commons-httpclient/3.1/commons-httpclient-3.1.jar:/home/user/.m2/repository/commons-codec/commons-codec/1.4/commons-codec-1.4.jar:/home/user/.m2/repository/commons-io/commons-io/2.4/commons-io-2.4.jar:/home/user/.m2/repository/commons-net/commons-net/3.1/commons-net-3.1.jar:/home/user/.m2/repository/commons-collections/commons-collections/3.2.1/commons-collections-3.2.1.jar:/home/user/.m2/repository/javax/servlet/servlet-api/2.5/servlet-api-2.5.jar:/home/user/.m2/repository/org/mortbay/jetty/jetty/6.1.26/jetty-6.1.26.jar:/home/user/.m2/repository/org/mortbay/jetty/jetty-util/6.1.26/jetty-util-6.1.26.jar:/home/user/.m2/repository/com/sun/jersey/jersey-core/1.9/jersey-core-1.9.jar:/home/user/.m2/repository/com/sun/jersey/jersey-json/1.9/jersey-json-1.9.jar:/home/user/.m2/repository/org/codehaus/jettison/jettison/1.1/jettison-1.1.jar:/home/user/.m2/repository/com/sun/xml/bind/jaxb-impl/2.2.3-1/jaxb-impl-2.2.3-1.jar:/home/user/.m2/repository/javax/xml/bind/jaxb-api/2.2.2/jaxb-api-2.2.2.jar:/home/user/.m2/repository/javax/xml/stream/stax-api/1.0-2/stax-api-1.0-2.jar:/home/user/.m2/repository/javax/activation/activation/1.1/activation-1.1.jar:/home/user/.m2/repository/org/codehaus/jackson/jackson-jaxrs/1.8.3/jackson-jaxrs-1.8.3.jar:/home/user/.m2/repository/org/codehaus/jackson/jackson-xc/1.8.3/jackson-xc-1.8.3.jar:/home/user/.m2/repository/com/sun/jersey/jersey-server/1.9/jersey-server-1.9.jar:/home/user/.m2/repository/asm/asm/3.1/asm-3.1.jar:/home/user/.m2/repository/tomcat/jasper-compiler/5.5.23/jasper-compiler-5.5.23.jar:/home/user/.m2/repository/tomcat/jasper-runtime/5.5.23/jasper-runtime-5.5.23.jar:/home/user/.m2/repository/javax/servlet/jsp/jsp-api/2.1/jsp-api-2.1.jar:/home/user/.m2/repository/commons-el/commons-el/1.0/commons-el-1.0.jar:/home/user/.m2/repository/commons-logging/commons-logging/1.1.3/commons-logging-1.1.3.jar:/home/user/.m2/repository/net/java/dev/jets3t/jets3t/0.9.0/jets3t-0.9.0.jar:/home/user/.m2/repository/org/apache/httpcomponents/httpclient/4.1.2/httpclient-4.1.2.jar:/home/user/.m2/repository/org/apache/httpcomponents/httpcore/4.1.2/httpcore-4.1.2.jar:/home/user/.m2/repository/com/jamesmurty/utils/java-xmlbuilder/0.4/java-xmlbuilder-0.4.jar:/home/user/.m2/repository/commons-lang/commons-lang/2.6/commons-lang-2.6.jar:/home/user/.m2/repository/commons-configuration/commons-configuration/1.6/commons-configuration-1.6.jar:/home/user/.m2/repository/commons-digester/commons-digester/1.8/commons-digester-1.8.jar:/home/user/.m2/repository/commons-beanutils/commons-beanutils/1.7.0/commons-beanutils-1.7.0.jar:/home/user/.m2/repository/commons-beanutils/commons-beanutils-core/1.8.0/commons-beanutils-core-1.8.0.jar:/home/user/.m2/repository/org/codehaus/jackson/jackson-core-asl/1.9.13/jackson-core-asl-1.9.13.jar:/home/user/.m2/repository/org/codehaus/jackson/jackson-mapper-asl/1.9.13/jackson-mapper-asl-1.9.13.jar:/home/user/.m2/repository/org/apache/avro/avro/1.7.4/avro-1.7.4.jar:/home/user/.m2/repository/com/thoughtworks/paranamer/paranamer/2.3/paranamer-2.3.jar:/home/user/.m2/repository/org/xerial/snappy/snappy-java/1.0.4.1/snappy-java-1.0.4.1.jar:/home/user/.m2/repository/com/google/protobuf/protobuf-java/2.5.0/protobuf-java-2.5.0.jar:/home/user/.m2/repository/com/google/code/gson/gson/2.2.4/gson-2.2.4.jar:/home/user/.m2/repository/org/apache/hadoop/hadoop-auth/2.6.0/hadoop-auth-2.6.0.jar:/home/user/.m2/repository/org/apache/directory/server/apacheds-kerberos-codec/2.0.0-M15/apacheds-kerberos-codec-2.0.0-M15.jar:/home/user/.m2/repository/org/apache/directory/server/apacheds-i18n/2.0.0-M15/apacheds-i18n-2.0.0-M15.jar:/home/user/.m2/repository/org/apache/directory/api/api-asn1-api/1.0.0-M20/api-asn1-api-1.0.0-M20.jar:/home/user/.m2/repository/org/apache/directory/api/api-util/1.0.0-M20/api-util-1.0.0-M20.jar:/home/user/.m2/repository/org/apache/curator/curator-framework/2.6.0/curator-framework-2.6.0.jar:/home/user/.m2/repository/com/jcraft/jsch/0.1.42/jsch-0.1.42.jar:/home/user/.m2/repository/org/apache/curator/curator-client/2.6.0/curator-client-2.6.0.jar:/home/user/.m2/repository/org/apache/curator/curator-recipes/2.6.0/curator-recipes-2.6.0.jar:/home/user/.m2/repository/com/google/code/findbugs/jsr305/1.3.9/jsr305-1.3.9.jar:/home/user/.m2/repository/org/htrace/htrace-core/3.0.4/htrace-core-3.0.4.jar:/home/user/.m2/repository/org/apache/zookeeper/zookeeper/3.4.6/zookeeper-3.4.6.jar:/home/user/.m2/repository/io/netty/netty/3.7.0.Final/netty-3.7.0.Final.jar:/home/user/.m2/repository/org/apache/commons/commons-compress/1.4.1/commons-compress-1.4.1.jar:/home/user/.m2/repository/org/tukaani/xz/1.0/xz-1.0.jar:/home/user/.m2/repository/io/dropwizard/metrics/metrics-jvm/3.2.5/metrics-jvm-3.2.5.jar:/home/user/.m2/repository/io/dropwizard/metrics/metrics-ganglia/3.2.5/metrics-ganglia-3.2.5.jar:/home/user/.m2/repository/info/ganglia/gmetric4j/gmetric4j/1.0.7/gmetric4j-1.0.7.jar:/workdir/ratis-server/target/test-classes:/workdir/ratis-netty/target/classes:/workdir/ratis-netty/target/test-classes:/workdir/ratis-grpc/target/classes:/workdir/ratis-grpc/target/test-classes:/home/user/.m2/repository/org/slf4j/slf4j-api/1.7.10/slf4j-api-1.7.10.jar:/home/user/.m2/repository/junit/junit/4.12/junit-4.12.jar:/home/user/.m2/repository/org/hamcrest/hamcrest-core/1.3/hamcrest-core-1.3.jar:/home/user/.m2/repository/org/mockito/mockito-all/1.8.5/mockito-all-1.8.5.jar:"/>
    <property name="java.vm.vendor" value="IcedTea"/>
    <property name="sun.arch.data.model" value="64"/>
    <property name="java.vendor.url" value="https://icedtea.classpath.org"/>
    <property name="user.timezone" value=""/>
    <property name="java.vm.specification.version" value="1.8"/>
    <property name="os.name" value="Linux"/>
    <property name="user.country" value="US"/>
    <property name="sun.java.launcher" value="SUN_STANDARD"/>
    <property name="sun.boot.library.path" value="/usr/lib/jvm/java-1.8-openjdk/jre/lib/amd64"/>
    <property name="sun.java.command" value="/workdir/ratis-test/target/surefire/surefirebooter6951163867111736488.jar /workdir/ratis-test/target/surefire 2019-09-24T16-02-41_483-jvmRun1 surefire4027361314183224238tmp surefire_343489472060396479961tmp"/>
    <property name="surefire.test.class.path" value="/workdir/ratis-test/target/test-classes:/workdir/ratis-test/target/classes:/workdir/ratis-common/target/classes:/home/user/.m2/repository/org/apache/ratis/ratis-thirdparty-misc/0.2.0/ratis-thirdparty-misc-0.2.0.jar:/workdir/ratis-proto/target/ratis-proto-0.5.0-SNAPSHOT.jar:/home/user/.m2/repository/org/slf4j/slf4j-log4j12/1.7.10/slf4j-log4j12-1.7.10.jar:/home/user/.m2/repository/log4j/log4j/1.2.17/log4j-1.2.17.jar:/workdir/ratis-common/target/test-classes:/workdir/ratis-client/target/classes:/workdir/ratis-server/target/classes:/workdir/ratis-metrics/target/classes:/home/user/.m2/repository/io/dropwizard/metrics/metrics-core/3.2.5/metrics-core-3.2.5.jar:/home/user/.m2/repository/com/github/joshelser/dropwizard-metrics-hadoop-metrics2-reporter/0.1.2/dropwizard-metrics-hadoop-metrics2-reporter-0.1.2.jar:/home/user/.m2/repository/org/apache/hadoop/hadoop-common/2.6.0/hadoop-common-2.6.0.jar:/home/user/.m2/repository/org/apache/hadoop/hadoop-annotations/2.6.0/hadoop-annotations-2.6.0.jar:/usr/lib/jvm/java-1.8-openjdk/jre/../lib/tools.jar:/home/user/.m2/repository/com/google/guava/guava/11.0.2/guava-11.0.2.jar:/home/user/.m2/repository/commons-cli/commons-cli/1.2/commons-cli-1.2.jar:/home/user/.m2/repository/org/apache/commons/commons-math3/3.1.1/commons-math3-3.1.1.jar:/home/user/.m2/repository/xmlenc/xmlenc/0.52/xmlenc-0.52.jar:/home/user/.m2/repository/commons-httpclient/commons-httpclient/3.1/commons-httpclient-3.1.jar:/home/user/.m2/repository/commons-codec/commons-codec/1.4/commons-codec-1.4.jar:/home/user/.m2/repository/commons-io/commons-io/2.4/commons-io-2.4.jar:/home/user/.m2/repository/commons-net/commons-net/3.1/commons-net-3.1.jar:/home/user/.m2/repository/commons-collections/commons-collections/3.2.1/commons-collections-3.2.1.jar:/home/user/.m2/repository/javax/servlet/servlet-api/2.5/servlet-api-2.5.jar:/home/user/.m2/repository/org/mortbay/jetty/jetty/6.1.26/jetty-6.1.26.jar:/home/user/.m2/repository/org/mortbay/jetty/jetty-util/6.1.26/jetty-util-6.1.26.jar:/home/user/.m2/repository/com/sun/jersey/jersey-core/1.9/jersey-core-1.9.jar:/home/user/.m2/repository/com/sun/jersey/jersey-json/1.9/jersey-json-1.9.jar:/home/user/.m2/repository/org/codehaus/jettison/jettison/1.1/jettison-1.1.jar:/home/user/.m2/repository/com/sun/xml/bind/jaxb-impl/2.2.3-1/jaxb-impl-2.2.3-1.jar:/home/user/.m2/repository/javax/xml/bind/jaxb-api/2.2.2/jaxb-api-2.2.2.jar:/home/user/.m2/repository/javax/xml/stream/stax-api/1.0-2/stax-api-1.0-2.jar:/home/user/.m2/repository/javax/activation/activation/1.1/activation-1.1.jar:/home/user/.m2/repository/org/codehaus/jackson/jackson-jaxrs/1.8.3/jackson-jaxrs-1.8.3.jar:/home/user/.m2/repository/org/codehaus/jackson/jackson-xc/1.8.3/jackson-xc-1.8.3.jar:/home/user/.m2/repository/com/sun/jersey/jersey-server/1.9/jersey-server-1.9.jar:/home/user/.m2/repository/asm/asm/3.1/asm-3.1.jar:/home/user/.m2/repository/tomcat/jasper-compiler/5.5.23/jasper-compiler-5.5.23.jar:/home/user/.m2/repository/tomcat/jasper-runtime/5.5.23/jasper-runtime-5.5.23.jar:/home/user/.m2/repository/javax/servlet/jsp/jsp-api/2.1/jsp-api-2.1.jar:/home/user/.m2/repository/commons-el/commons-el/1.0/commons-el-1.0.jar:/home/user/.m2/repository/commons-logging/commons-logging/1.1.3/commons-logging-1.1.3.jar:/home/user/.m2/repository/net/java/dev/jets3t/jets3t/0.9.0/jets3t-0.9.0.jar:/home/user/.m2/repository/org/apache/httpcomponents/httpclient/4.1.2/httpclient-4.1.2.jar:/home/user/.m2/repository/org/apache/httpcomponents/httpcore/4.1.2/httpcore-4.1.2.jar:/home/user/.m2/repository/com/jamesmurty/utils/java-xmlbuilder/0.4/java-xmlbuilder-0.4.jar:/home/user/.m2/repository/commons-lang/commons-lang/2.6/commons-lang-2.6.jar:/home/user/.m2/repository/commons-configuration/commons-configuration/1.6/commons-configuration-1.6.jar:/home/user/.m2/repository/commons-digester/commons-digester/1.8/commons-digester-1.8.jar:/home/user/.m2/repository/commons-beanutils/commons-beanutils/1.7.0/commons-beanutils-1.7.0.jar:/home/user/.m2/repository/commons-beanutils/commons-beanutils-core/1.8.0/commons-beanutils-core-1.8.0.jar:/home/user/.m2/repository/org/codehaus/jackson/jackson-core-asl/1.9.13/jackson-core-asl-1.9.13.jar:/home/user/.m2/repository/org/codehaus/jackson/jackson-mapper-asl/1.9.13/jackson-mapper-asl-1.9.13.jar:/home/user/.m2/repository/org/apache/avro/avro/1.7.4/avro-1.7.4.jar:/home/user/.m2/repository/com/thoughtworks/paranamer/paranamer/2.3/paranamer-2.3.jar:/home/user/.m2/repository/org/xerial/snappy/snappy-java/1.0.4.1/snappy-java-1.0.4.1.jar:/home/user/.m2/repository/com/google/protobuf/protobuf-java/2.5.0/protobuf-java-2.5.0.jar:/home/user/.m2/repository/com/google/code/gson/gson/2.2.4/gson-2.2.4.jar:/home/user/.m2/repository/org/apache/hadoop/hadoop-auth/2.6.0/hadoop-auth-2.6.0.jar:/home/user/.m2/repository/org/apache/directory/server/apacheds-kerberos-codec/2.0.0-M15/apacheds-kerberos-codec-2.0.0-M15.jar:/home/user/.m2/repository/org/apache/directory/server/apacheds-i18n/2.0.0-M15/apacheds-i18n-2.0.0-M15.jar:/home/user/.m2/repository/org/apache/directory/api/api-asn1-api/1.0.0-M20/api-asn1-api-1.0.0-M20.jar:/home/user/.m2/repository/org/apache/directory/api/api-util/1.0.0-M20/api-util-1.0.0-M20.jar:/home/user/.m2/repository/org/apache/curator/curator-framework/2.6.0/curator-framework-2.6.0.jar:/home/user/.m2/repository/com/jcraft/jsch/0.1.42/jsch-0.1.42.jar:/home/user/.m2/repository/org/apache/curator/curator-client/2.6.0/curator-client-2.6.0.jar:/home/user/.m2/repository/org/apache/curator/curator-recipes/2.6.0/curator-recipes-2.6.0.jar:/home/user/.m2/repository/com/google/code/findbugs/jsr305/1.3.9/jsr305-1.3.9.jar:/home/user/.m2/repository/org/htrace/htrace-core/3.0.4/htrace-core-3.0.4.jar:/home/user/.m2/repository/org/apache/zookeeper/zookeeper/3.4.6/zookeeper-3.4.6.jar:/home/user/.m2/repository/io/netty/netty/3.7.0.Final/netty-3.7.0.Final.jar:/home/user/.m2/repository/org/apache/commons/commons-compress/1.4.1/commons-compress-1.4.1.jar:/home/user/.m2/repository/org/tukaani/xz/1.0/xz-1.0.jar:/home/user/.m2/repository/io/dropwizard/metrics/metrics-jvm/3.2.5/metrics-jvm-3.2.5.jar:/home/user/.m2/repository/io/dropwizard/metrics/metrics-ganglia/3.2.5/metrics-ganglia-3.2.5.jar:/home/user/.m2/repository/info/ganglia/gmetric4j/gmetric4j/1.0.7/gmetric4j-1.0.7.jar:/workdir/ratis-server/target/test-classes:/workdir/ratis-netty/target/classes:/workdir/ratis-netty/target/test-classes:/workdir/ratis-grpc/target/classes:/workdir/ratis-grpc/target/test-classes:/home/user/.m2/repository/org/slf4j/slf4j-api/1.7.10/slf4j-api-1.7.10.jar:/home/user/.m2/repository/junit/junit/4.12/junit-4.12.jar:/home/user/.m2/repository/org/hamcrest/hamcrest-core/1.3/hamcrest-core-1.3.jar:/home/user/.m2/repository/org/mockito/mockito-all/1.8.5/mockito-all-1.8.5.jar:"/>
    <property name="sun.cpu.endian" value="little"/>
    <property name="user.home" value="/home/user"/>
    <property name="user.language" value="en"/>
    <property name="java.specification.vendor" value="Oracle Corporation"/>
    <property name="java.home" value="/usr/lib/jvm/java-1.8-openjdk/jre"/>
    <property name="basedir" value="/workdir/ratis-test"/>
    <property name="file.separator" value="/"/>
    <property name="line.separator" value="&#10;"/>
    <property name="java.vm.specification.vendor" value="Oracle Corporation"/>
    <property name="java.specification.name" value="Java Platform API Specification"/>
    <property name="java.awt.graphicsenv" value="sun.awt.X11GraphicsEnvironment"/>
    <property name="surefire.real.class.path" value="/workdir/ratis-test/target/surefire/surefirebooter6951163867111736488.jar"/>
    <property name="sun.boot.class.path" value="/usr/lib/jvm/java-1.8-openjdk/jre/lib/resources.jar:/usr/lib/jvm/java-1.8-openjdk/jre/lib/rt.jar:/usr/lib/jvm/java-1.8-openjdk/jre/lib/sunrsasign.jar:/usr/lib/jvm/java-1.8-openjdk/jre/lib/jsse.jar:/usr/lib/jvm/java-1.8-openjdk/jre/lib/jce.jar:/usr/lib/jvm/java-1.8-openjdk/jre/lib/charsets.jar:/usr/lib/jvm/java-1.8-openjdk/jre/lib/jfr.jar:/usr/lib/jvm/java-1.8-openjdk/jre/classes"/>
    <property name="sun.management.compiler" value="HotSpot 64-Bit Tiered Compilers"/>
    <property name="java.runtime.version" value="1.8.0_212-b04"/>
    <property name="java.net.preferIPv4Stack" value="true"/>
    <property name="user.name" value="jenkins1000"/>
    <property name="path.separator" value=":"/>
    <property name="os.version" value="3.10.0-957.12.2.el7.x86_64"/>
    <property name="java.endorsed.dirs" value="/usr/lib/jvm/java-1.8-openjdk/jre/lib/endorsed"/>
    <property name="java.runtime.name" value="OpenJDK Runtime Environment"/>
    <property name="file.encoding" value="UTF-8"/>
    <property name="java.vm.name" value="OpenJDK 64-Bit Server VM"/>
    <property name="localRepository" value="/home/user/.m2/repository"/>
    <property name="java.vendor.url.bug" value="https://icedtea.classpath.org/bugzilla"/>
    <property name="java.io.tmpdir" value="/tmp"/>
    <property name="java.version" value="1.8.0_212"/>
    <property name="user.dir" value="/workdir/ratis-test"/>
    <property name="os.arch" value="amd64"/>
    <property name="ratis.tmp.dir" value="/workdir/ratis-test/target/tmp"/>
    <property name="java.vm.specification.name" value="Java Virtual Machine Specification"/>
    <property name="java.awt.printerjob" value="sun.print.PSPrinterJob"/>
    <property name="ratis.log.dir" value="/workdir/ratis-test/target/log"/>
    <property name="sun.os.patch.level" value="unknown"/>
    <property name="java.library.path" value="/usr/lib/jvm/java-1.8-openjdk/jre/lib/amd64/server:/usr/lib/jvm/java-1.8-openjdk/jre/lib/amd64:/usr/lib/jvm/java-1.8-openjdk/jre/../lib/amd64:/usr/java/packages/lib/amd64:/usr/lib64:/lib64:/lib:/usr/lib"/>
    <property name="java.vm.info" value="mixed mode"/>
    <property name="java.vendor" value="IcedTea"/>
    <property name="java.vm.version" value="25.212-b04"/>
    <property name="java.ext.dirs" value="/usr/lib/jvm/java-1.8-openjdk/jre/lib/ext:/usr/java/packages/lib/ext"/>
    <property name="sun.io.unicode.encoding" value="UnicodeLittle"/>
    <property name="java.class.version" value="52.0"/>
  </properties>
  <testcase name="testWithLoad" classname="org.apache.ratis.netty.TestRaftWithNetty" time="56.043">
    <error message="No leader yet : printing ALL groups&#10;  s3:  RUNNING CANDIDATE s3@group-46F048A18FB7:t41, leader=null, voted=s3, raftlog=s3@group-46F048A18FB7-SegmentedRaftLog:OPENED:c-1,f-1,i0, conf=-1: [s3:0.0.0.0:39188, s4:0.0.0.0:40778, s0:0.0.0.0:42012, s1:0.0.0.0:45336, s2:0.0.0.0:38783], old=null RUNNING&#10;  s4:  RUNNING CANDIDATE s4@group-46F048A18FB7:t41, leader=null, voted=s4, raftlog=s4@group-46F048A18FB7-SegmentedRaftLog:OPENED:c-1,f-1,i0, conf=-1: [s3:0.0.0.0:39188, s4:0.0.0.0:40778, s0:0.0.0.0:42012, s1:0.0.0.0:45336, s2:0.0.0.0:38783], old=null RUNNING&#10;  s0:  RUNNING  FOLLOWER s0@group-46F048A18FB7:t40, leader=null, voted=s0, raftlog=s0@group-46F048A18FB7-SegmentedRaftLog:OPENED:c-1,f-1,i0, conf=-1: [s3:0.0.0.0:39188, s4:0.0.0.0:40778, s0:0.0.0.0:42012, s1:0.0.0.0:45336, s2:0.0.0.0:38783], old=null RUNNING&#10;  s1:  RUNNING CANDIDATE s1@group-46F048A18FB7:t41, leader=null, voted=s1, raftlog=s1@group-46F048A18FB7-SegmentedRaftLog:OPENED:c-1,f-1,i0, conf=-1: [s3:0.0.0.0:39188, s4:0.0.0.0:40778, s0:0.0.0.0:42012, s1:0.0.0.0:45336, s2:0.0.0.0:38783], old=null RUNNING&#10;  s2:  RUNNING CANDIDATE s2@group-46F048A18FB7:t41, leader=null, voted=s2, raftlog=s2@group-46F048A18FB7-SegmentedRaftLog:OPENED:c-1,f-1,i0, conf=-1: [s3:0.0.0.0:39188, s4:0.0.0.0:40778, s0:0.0.0.0:42012, s1:0.0.0.0:45336, s2:0.0.0.0:38783], old=null RUNNING" type="java.lang.IllegalStateException">java.lang.IllegalStateException: 
No leader yet : printing ALL groups
  s3:  RUNNING CANDIDATE s3@group-46F048A18FB7:t41, leader=null, voted=s3, raftlog=s3@group-46F048A18FB7-SegmentedRaftLog:OPENED:c-1,f-1,i0, conf=-1: [s3:0.0.0.0:39188, s4:0.0.0.0:40778, s0:0.0.0.0:42012, s1:0.0.0.0:45336, s2:0.0.0.0:38783], old=null RUNNING
  s4:  RUNNING CANDIDATE s4@group-46F048A18FB7:t41, leader=null, voted=s4, raftlog=s4@group-46F048A18FB7-SegmentedRaftLog:OPENED:c-1,f-1,i0, conf=-1: [s3:0.0.0.0:39188, s4:0.0.0.0:40778, s0:0.0.0.0:42012, s1:0.0.0.0:45336, s2:0.0.0.0:38783], old=null RUNNING
  s0:  RUNNING  FOLLOWER s0@group-46F048A18FB7:t40, leader=null, voted=s0, raftlog=s0@group-46F048A18FB7-SegmentedRaftLog:OPENED:c-1,f-1,i0, conf=-1: [s3:0.0.0.0:39188, s4:0.0.0.0:40778, s0:0.0.0.0:42012, s1:0.0.0.0:45336, s2:0.0.0.0:38783], old=null RUNNING
  s1:  RUNNING CANDIDATE s1@group-46F048A18FB7:t41, leader=null, voted=s1, raftlog=s1@group-46F048A18FB7-SegmentedRaftLog:OPENED:c-1,f-1,i0, conf=-1: [s3:0.0.0.0:39188, s4:0.0.0.0:40778, s0:0.0.0.0:42012, s1:0.0.0.0:45336, s2:0.0.0.0:38783], old=null RUNNING
  s2:  RUNNING CANDIDATE s2@group-46F048A18FB7:t41, leader=null, voted=s2, raftlog=s2@group-46F048A18FB7-SegmentedRaftLog:OPENED:c-1,f-1,i0, conf=-1: [s3:0.0.0.0:39188, s4:0.0.0.0:40778, s0:0.0.0.0:42012, s1:0.0.0.0:45336, s2:0.0.0.0:38783], old=null RUNNING
	at org.apache.ratis.netty.TestRaftWithNetty.testWithLoad(TestRaftWithNetty.java:31)
</error>
    <system-out><![CDATA[2019-09-24 16:42:45,388 INFO  util.LogUtils (LogUtils.java:setLogLevel(41)) - Set org.apache.ratis.conf.ConfUtils log level to WARN
2019-09-24 16:42:45,391 INFO  util.LogUtils (LogUtils.java:setLogLevel(41)) - Set org.apache.ratis.util.FileUtils log level to TRACE
2019-09-24 16:42:45,398 INFO  util.LogUtils (LogUtils.java:setLogLevel(41)) - Set org.apache.ratis.server.impl.RaftServerImpl log level to DEBUG
2019-09-24 16:42:45,400 INFO  util.LogUtils (LogUtils.java:setLogLevel(41)) - Set org.apache.ratis.server.impl.StateMachineUpdater log level to DEBUG
2019-09-24 16:42:45,416 INFO  ratis.MiniRaftCluster (MiniRaftCluster.java:runWithNewCluster(119)) - Running runWithNewCluster
2019-09-24 16:42:45,489 INFO  ratis.MiniRaftCluster (MiniRaftCluster.java:<init>(253)) - new MiniRaftClusterWithNetty with group-46F048A18FB7:[s3:0.0.0.0:39188, s4:0.0.0.0:40778, s0:0.0.0.0:42012, s1:0.0.0.0:45336, s2:0.0.0.0:38783]
2019-09-24 16:42:45,490 INFO  ratis.MiniRaftCluster (MiniRaftCluster.java:start(287)) - .............................................................. 
2019-09-24 16:42:45,490 INFO  ratis.MiniRaftCluster (MiniRaftCluster.java:start(288)) - ... 
2019-09-24 16:42:45,490 INFO  ratis.MiniRaftCluster (MiniRaftCluster.java:start(289)) - ...     Starting MiniRaftClusterWithNetty
2019-09-24 16:42:45,490 INFO  ratis.MiniRaftCluster (MiniRaftCluster.java:start(290)) - ... 
2019-09-24 16:42:45,490 INFO  ratis.MiniRaftCluster (MiniRaftCluster.java:start(291)) - .............................................................. 
2019-09-24 16:42:45,491 INFO  ratis.MiniRaftCluster (MiniRaftCluster.java:initServers(265)) - servers = {}
2019-09-24 16:42:45,501 INFO  ratis.MiniRaftCluster (MiniRaftCluster.java:newRaftServer(330)) - newRaftServer: s3, group-46F048A18FB7:[s3:0.0.0.0:39188, s4:0.0.0.0:40778, s0:0.0.0.0:42012, s1:0.0.0.0:45336, s2:0.0.0.0:38783], format? true
2019-09-24 16:42:45,504 TRACE util.FileUtils (FileUtils.java:deleteFully(88)) - deleteFully target/test/data/ddcd30e7/MiniRaftClusterWithNettycff535dc/s3
2019-09-24 16:42:45,511 TRACE util.FileUtils (FileUtils.java:deleteFully(104)) - deleteFully: target/test/data/ddcd30e7/MiniRaftClusterWithNettycff535dc/s3 does not exist.
2019-09-24 16:42:45,512 INFO  ratis.MiniRaftCluster (MiniRaftCluster.java:newRaftServer(335)) - Formatted directory target/test/data/ddcd30e7/MiniRaftClusterWithNettycff535dc/s3
2019-09-24 16:42:45,526 INFO  impl.RaftServerProxy (ConfUtils.java:logGet(43)) - raft.rpc.type = NETTY (custom)
2019-09-24 16:42:45,614 INFO  netty.NettyConfigKeys$Server (ConfUtils.java:logGet(43)) - raft.netty.server.port = 39188 (custom)
2019-09-24 16:42:45,727 INFO  server.RaftServerConfigKeys (ConfUtils.java:logGet(43)) - raft.server.storage.dir = [/workdir/ratis-test/target/test/data/ddcd30e7/MiniRaftClusterWithNettycff535dc/s3] (custom)
2019-09-24 16:42:45,731 INFO  logging.LoggingHandler (AbstractInternalLogger.java:log(150)) - [id: 0xcfc333ef] REGISTERED
2019-09-24 16:42:45,733 INFO  logging.LoggingHandler (AbstractInternalLogger.java:log(150)) - [id: 0xcfc333ef] BIND: 0.0.0.0/0.0.0.0:39188
2019-09-24 16:42:45,739 INFO  logging.LoggingHandler (AbstractInternalLogger.java:log(150)) - [id: 0xcfc333ef, L:/0.0.0.0:39188] ACTIVE
2019-09-24 16:42:45,741 INFO  impl.RaftServerProxy (RaftServerProxy.java:addNew(89)) - s3: addNew group-46F048A18FB7:[s3:0.0.0.0:39188, s4:0.0.0.0:40778, s0:0.0.0.0:42012, s1:0.0.0.0:45336, s2:0.0.0.0:38783] returns group-46F048A18FB7:java.util.concurrent.CompletableFuture@1817c504[Not completed]
2019-09-24 16:42:45,743 INFO  ratis.MiniRaftCluster (MiniRaftCluster.java:newRaftServer(330)) - newRaftServer: s4, group-46F048A18FB7:[s3:0.0.0.0:39188, s4:0.0.0.0:40778, s0:0.0.0.0:42012, s1:0.0.0.0:45336, s2:0.0.0.0:38783], format? true
2019-09-24 16:42:45,743 TRACE util.FileUtils (FileUtils.java:deleteFully(88)) - deleteFully target/test/data/ddcd30e7/MiniRaftClusterWithNettycff535dc/s4
2019-09-24 16:42:45,744 TRACE util.FileUtils (FileUtils.java:deleteFully(104)) - deleteFully: target/test/data/ddcd30e7/MiniRaftClusterWithNettycff535dc/s4 does not exist.
2019-09-24 16:42:45,744 INFO  ratis.MiniRaftCluster (MiniRaftCluster.java:newRaftServer(335)) - Formatted directory target/test/data/ddcd30e7/MiniRaftClusterWithNettycff535dc/s4
2019-09-24 16:42:45,745 INFO  impl.RaftServerProxy (ConfUtils.java:logGet(43)) - raft.rpc.type = NETTY (custom)
2019-09-24 16:42:45,748 INFO  netty.NettyConfigKeys$Server (ConfUtils.java:logGet(43)) - raft.netty.server.port = 40778 (custom)
2019-09-24 16:42:45,748 INFO  impl.RaftServerImpl (RaftServerImpl.java:<init>(95)) - s3: new RaftServerImpl for group-46F048A18FB7:[s3:0.0.0.0:39188, s4:0.0.0.0:40778, s0:0.0.0.0:42012, s1:0.0.0.0:45336, s2:0.0.0.0:38783] with BaseStateMachine:uninitialized
2019-09-24 16:42:45,749 INFO  logging.LoggingHandler (AbstractInternalLogger.java:log(150)) - [id: 0xfed9dadb] REGISTERED
2019-09-24 16:42:45,749 INFO  server.RaftServerConfigKeys (ConfUtils.java:logGet(43)) - raft.server.storage.dir = [/workdir/ratis-test/target/test/data/ddcd30e7/MiniRaftClusterWithNettycff535dc/s4] (custom)
2019-09-24 16:42:45,749 INFO  logging.LoggingHandler (AbstractInternalLogger.java:log(150)) - [id: 0xfed9dadb] BIND: 0.0.0.0/0.0.0.0:40778
2019-09-24 16:42:45,750 INFO  impl.RaftServerProxy (RaftServerProxy.java:addNew(89)) - s4: addNew group-46F048A18FB7:[s3:0.0.0.0:39188, s4:0.0.0.0:40778, s0:0.0.0.0:42012, s1:0.0.0.0:45336, s2:0.0.0.0:38783] returns group-46F048A18FB7:java.util.concurrent.CompletableFuture@b0204f[Not completed]
2019-09-24 16:42:45,750 INFO  logging.LoggingHandler (AbstractInternalLogger.java:log(150)) - [id: 0xfed9dadb, L:/0.0.0.0:40778] ACTIVE
2019-09-24 16:42:45,751 INFO  ratis.MiniRaftCluster (MiniRaftCluster.java:newRaftServer(330)) - newRaftServer: s0, group-46F048A18FB7:[s3:0.0.0.0:39188, s4:0.0.0.0:40778, s0:0.0.0.0:42012, s1:0.0.0.0:45336, s2:0.0.0.0:38783], format? true
2019-09-24 16:42:45,751 INFO  impl.RaftServerImpl (RaftServerImpl.java:<init>(95)) - s4: new RaftServerImpl for group-46F048A18FB7:[s3:0.0.0.0:39188, s4:0.0.0.0:40778, s0:0.0.0.0:42012, s1:0.0.0.0:45336, s2:0.0.0.0:38783] with BaseStateMachine:uninitialized
2019-09-24 16:42:45,752 TRACE util.FileUtils (FileUtils.java:deleteFully(88)) - deleteFully target/test/data/ddcd30e7/MiniRaftClusterWithNettycff535dc/s0
2019-09-24 16:42:45,752 INFO  server.RaftServerConfigKeys (ConfUtils.java:logGet(43)) - raft.server.rpc.timeout.min = 150ms (default)
2019-09-24 16:42:45,752 INFO  server.RaftServerConfigKeys (ConfUtils.java:logGet(43)) - raft.server.rpc.timeout.min = 150ms (default)
2019-09-24 16:42:45,752 TRACE util.FileUtils (FileUtils.java:deleteFully(104)) - deleteFully: target/test/data/ddcd30e7/MiniRaftClusterWithNettycff535dc/s0 does not exist.
2019-09-24 16:42:45,753 INFO  ratis.MiniRaftCluster (MiniRaftCluster.java:newRaftServer(335)) - Formatted directory target/test/data/ddcd30e7/MiniRaftClusterWithNettycff535dc/s0
2019-09-24 16:42:45,753 INFO  server.RaftServerConfigKeys (ConfUtils.java:logGet(43)) - raft.server.rpc.timeout.max = 300ms (default)
2019-09-24 16:42:45,754 INFO  server.RaftServerConfigKeys (ConfUtils.java:logGet(43)) - raft.server.rpc.timeout.max = 300ms (default)
2019-09-24 16:42:45,754 INFO  impl.RaftServerProxy (ConfUtils.java:logGet(43)) - raft.rpc.type = NETTY (custom)
2019-09-24 16:42:45,754 INFO  server.RaftServerConfigKeys (ConfUtils.java:logGet(43)) - raft.server.rpcslowness.timeout = 60s (default)
2019-09-24 16:42:45,754 INFO  server.RaftServerConfigKeys (ConfUtils.java:logGet(43)) - raft.server.rpcslowness.timeout = 60s (default)
2019-09-24 16:42:45,756 INFO  server.RaftServerConfigKeys (ConfUtils.java:logGet(43)) - raft.server.sleep.deviation.threshold = 300 (default)
2019-09-24 16:42:45,756 INFO  server.RaftServerConfigKeys (ConfUtils.java:logGet(43)) - raft.server.sleep.deviation.threshold = 300 (default)
2019-09-24 16:42:45,756 INFO  netty.NettyConfigKeys$Server (ConfUtils.java:logGet(43)) - raft.netty.server.port = 42012 (custom)
2019-09-24 16:42:45,758 INFO  logging.LoggingHandler (AbstractInternalLogger.java:log(150)) - [id: 0x9b42268a] REGISTERED
2019-09-24 16:42:45,758 INFO  server.RaftServerConfigKeys (ConfUtils.java:logGet(43)) - raft.server.storage.dir = [/workdir/ratis-test/target/test/data/ddcd30e7/MiniRaftClusterWithNettycff535dc/s0] (custom)
2019-09-24 16:42:45,758 INFO  logging.LoggingHandler (AbstractInternalLogger.java:log(150)) - [id: 0x9b42268a] BIND: 0.0.0.0/0.0.0.0:42012
2019-09-24 16:42:45,759 INFO  impl.RaftServerProxy (RaftServerProxy.java:addNew(89)) - s0: addNew group-46F048A18FB7:[s3:0.0.0.0:39188, s4:0.0.0.0:40778, s0:0.0.0.0:42012, s1:0.0.0.0:45336, s2:0.0.0.0:38783] returns group-46F048A18FB7:java.util.concurrent.CompletableFuture@ca7c449[Not completed]
2019-09-24 16:42:45,759 INFO  logging.LoggingHandler (AbstractInternalLogger.java:log(150)) - [id: 0x9b42268a, L:/0.0.0.0:42012] ACTIVE
2019-09-24 16:42:45,759 INFO  server.RaftServerConfigKeys (ConfUtils.java:logGet(43)) - raft.server.log.appender.install.snapshot.enabled = true (default)
2019-09-24 16:42:45,759 INFO  server.RaftServerConfigKeys (ConfUtils.java:logGet(43)) - raft.server.log.appender.install.snapshot.enabled = true (default)
2019-09-24 16:42:45,760 INFO  impl.RaftServerImpl (RaftServerImpl.java:<init>(95)) - s0: new RaftServerImpl for group-46F048A18FB7:[s3:0.0.0.0:39188, s4:0.0.0.0:40778, s0:0.0.0.0:42012, s1:0.0.0.0:45336, s2:0.0.0.0:38783] with BaseStateMachine:uninitialized
2019-09-24 16:42:45,760 INFO  ratis.MiniRaftCluster (MiniRaftCluster.java:newRaftServer(330)) - newRaftServer: s1, group-46F048A18FB7:[s3:0.0.0.0:39188, s4:0.0.0.0:40778, s0:0.0.0.0:42012, s1:0.0.0.0:45336, s2:0.0.0.0:38783], format? true
2019-09-24 16:42:45,761 INFO  server.RaftServerConfigKeys (ConfUtils.java:logGet(43)) - raft.server.rpc.timeout.min = 150ms (default)
2019-09-24 16:42:45,761 TRACE util.FileUtils (FileUtils.java:deleteFully(88)) - deleteFully target/test/data/ddcd30e7/MiniRaftClusterWithNettycff535dc/s1
2019-09-24 16:42:45,761 INFO  server.RaftServerConfigKeys (ConfUtils.java:logGet(43)) - raft.server.rpc.timeout.max = 300ms (default)
2019-09-24 16:42:45,761 TRACE util.FileUtils (FileUtils.java:deleteFully(104)) - deleteFully: target/test/data/ddcd30e7/MiniRaftClusterWithNettycff535dc/s1 does not exist.
2019-09-24 16:42:45,762 INFO  server.RaftServerConfigKeys (ConfUtils.java:logGet(43)) - raft.server.rpcslowness.timeout = 60s (default)
2019-09-24 16:42:45,762 INFO  ratis.MiniRaftCluster (MiniRaftCluster.java:newRaftServer(335)) - Formatted directory target/test/data/ddcd30e7/MiniRaftClusterWithNettycff535dc/s1
2019-09-24 16:42:45,762 INFO  server.RaftServerConfigKeys (ConfUtils.java:logGet(43)) - raft.server.sleep.deviation.threshold = 300 (default)
2019-09-24 16:42:45,763 INFO  server.RaftServerConfigKeys (ConfUtils.java:logGet(43)) - raft.server.log.appender.install.snapshot.enabled = true (default)
2019-09-24 16:42:45,763 INFO  impl.RaftServerProxy (ConfUtils.java:logGet(43)) - raft.rpc.type = NETTY (custom)
2019-09-24 16:42:45,765 INFO  netty.NettyConfigKeys$Server (ConfUtils.java:logGet(43)) - raft.netty.server.port = 45336 (custom)
2019-09-24 16:42:45,766 INFO  server.RaftServerConfigKeys (ConfUtils.java:logGet(43)) - raft.server.storage.dir = [/workdir/ratis-test/target/test/data/ddcd30e7/MiniRaftClusterWithNettycff535dc/s1] (custom)
2019-09-24 16:42:45,766 INFO  logging.LoggingHandler (AbstractInternalLogger.java:log(150)) - [id: 0x99e1f04d] REGISTERED
2019-09-24 16:42:45,767 INFO  logging.LoggingHandler (AbstractInternalLogger.java:log(150)) - [id: 0x99e1f04d] BIND: 0.0.0.0/0.0.0.0:45336
2019-09-24 16:42:45,767 INFO  impl.RaftServerProxy (RaftServerProxy.java:addNew(89)) - s1: addNew group-46F048A18FB7:[s3:0.0.0.0:39188, s4:0.0.0.0:40778, s0:0.0.0.0:42012, s1:0.0.0.0:45336, s2:0.0.0.0:38783] returns group-46F048A18FB7:java.util.concurrent.CompletableFuture@683fcb3a[Not completed]
2019-09-24 16:42:45,767 INFO  logging.LoggingHandler (AbstractInternalLogger.java:log(150)) - [id: 0x99e1f04d, L:/0.0.0.0:45336] ACTIVE
2019-09-24 16:42:45,768 INFO  impl.RaftServerImpl (ServerState.java:<init>(103)) - s0@group-46F048A18FB7: ConfigurationManager, init=-1: [s3:0.0.0.0:39188, s4:0.0.0.0:40778, s0:0.0.0.0:42012, s1:0.0.0.0:45336, s2:0.0.0.0:38783], old=null, confs=<EMPTY_MAP>
2019-09-24 16:42:45,768 INFO  impl.RaftServerImpl (RaftServerImpl.java:<init>(95)) - s1: new RaftServerImpl for group-46F048A18FB7:[s3:0.0.0.0:39188, s4:0.0.0.0:40778, s0:0.0.0.0:42012, s1:0.0.0.0:45336, s2:0.0.0.0:38783] with BaseStateMachine:uninitialized
2019-09-24 16:42:45,768 INFO  ratis.MiniRaftCluster (MiniRaftCluster.java:newRaftServer(330)) - newRaftServer: s2, group-46F048A18FB7:[s3:0.0.0.0:39188, s4:0.0.0.0:40778, s0:0.0.0.0:42012, s1:0.0.0.0:45336, s2:0.0.0.0:38783], format? true
2019-09-24 16:42:45,769 TRACE util.FileUtils (FileUtils.java:deleteFully(88)) - deleteFully target/test/data/ddcd30e7/MiniRaftClusterWithNettycff535dc/s2
2019-09-24 16:42:45,768 INFO  impl.RaftServerImpl (ServerState.java:<init>(103)) - s3@group-46F048A18FB7: ConfigurationManager, init=-1: [s3:0.0.0.0:39188, s4:0.0.0.0:40778, s0:0.0.0.0:42012, s1:0.0.0.0:45336, s2:0.0.0.0:38783], old=null, confs=<EMPTY_MAP>
2019-09-24 16:42:45,768 INFO  impl.RaftServerImpl (ServerState.java:<init>(103)) - s4@group-46F048A18FB7: ConfigurationManager, init=-1: [s3:0.0.0.0:39188, s4:0.0.0.0:40778, s0:0.0.0.0:42012, s1:0.0.0.0:45336, s2:0.0.0.0:38783], old=null, confs=<EMPTY_MAP>
2019-09-24 16:42:45,770 INFO  server.RaftServerConfigKeys (ConfUtils.java:logGet(43)) - raft.server.storage.dir = [/workdir/ratis-test/target/test/data/ddcd30e7/MiniRaftClusterWithNettycff535dc/s3] (custom)
2019-09-24 16:42:45,769 TRACE util.FileUtils (FileUtils.java:deleteFully(104)) - deleteFully: target/test/data/ddcd30e7/MiniRaftClusterWithNettycff535dc/s2 does not exist.
2019-09-24 16:42:45,769 INFO  server.RaftServerConfigKeys (ConfUtils.java:logGet(43)) - raft.server.rpc.timeout.min = 150ms (default)
2019-09-24 16:42:45,769 INFO  server.RaftServerConfigKeys (ConfUtils.java:logGet(43)) - raft.server.storage.dir = [/workdir/ratis-test/target/test/data/ddcd30e7/MiniRaftClusterWithNettycff535dc/s0] (custom)
2019-09-24 16:42:45,771 INFO  server.RaftServerConfigKeys (ConfUtils.java:logGet(43)) - raft.server.rpc.timeout.max = 300ms (default)
2019-09-24 16:42:45,770 INFO  ratis.MiniRaftCluster (MiniRaftCluster.java:newRaftServer(335)) - Formatted directory target/test/data/ddcd30e7/MiniRaftClusterWithNettycff535dc/s2
2019-09-24 16:42:45,770 INFO  server.RaftServerConfigKeys (ConfUtils.java:logGet(43)) - raft.server.storage.dir = [/workdir/ratis-test/target/test/data/ddcd30e7/MiniRaftClusterWithNettycff535dc/s4] (custom)
2019-09-24 16:42:45,771 INFO  server.RaftServerConfigKeys (ConfUtils.java:logGet(43)) - raft.server.rpcslowness.timeout = 60s (default)
2019-09-24 16:42:45,772 INFO  impl.RaftServerProxy (ConfUtils.java:logGet(43)) - raft.rpc.type = NETTY (custom)
2019-09-24 16:42:45,772 INFO  server.RaftServerConfigKeys (ConfUtils.java:logGet(43)) - raft.server.sleep.deviation.threshold = 300 (default)
2019-09-24 16:42:45,773 INFO  server.RaftServerConfigKeys (ConfUtils.java:logGet(43)) - raft.server.log.appender.install.snapshot.enabled = true (default)
2019-09-24 16:42:45,773 INFO  impl.RaftServerImpl (ServerState.java:<init>(103)) - s1@group-46F048A18FB7: ConfigurationManager, init=-1: [s3:0.0.0.0:39188, s4:0.0.0.0:40778, s0:0.0.0.0:42012, s1:0.0.0.0:45336, s2:0.0.0.0:38783], old=null, confs=<EMPTY_MAP>
2019-09-24 16:42:45,774 INFO  server.RaftServerConfigKeys (ConfUtils.java:logGet(43)) - raft.server.storage.dir = [/workdir/ratis-test/target/test/data/ddcd30e7/MiniRaftClusterWithNettycff535dc/s1] (custom)
2019-09-24 16:42:45,774 INFO  netty.NettyConfigKeys$Server (ConfUtils.java:logGet(43)) - raft.netty.server.port = 38783 (custom)
2019-09-24 16:42:45,775 INFO  server.RaftServerConfigKeys (ConfUtils.java:logGet(43)) - raft.server.storage.dir = [/workdir/ratis-test/target/test/data/ddcd30e7/MiniRaftClusterWithNettycff535dc/s2] (custom)
2019-09-24 16:42:45,775 INFO  logging.LoggingHandler (AbstractInternalLogger.java:log(150)) - [id: 0x18a2b203] REGISTERED
2019-09-24 16:42:45,776 INFO  impl.RaftServerProxy (RaftServerProxy.java:addNew(89)) - s2: addNew group-46F048A18FB7:[s3:0.0.0.0:39188, s4:0.0.0.0:40778, s0:0.0.0.0:42012, s1:0.0.0.0:45336, s2:0.0.0.0:38783] returns group-46F048A18FB7:java.util.concurrent.CompletableFuture@7507e080[Not completed]
2019-09-24 16:42:45,776 INFO  logging.LoggingHandler (AbstractInternalLogger.java:log(150)) - [id: 0x18a2b203] BIND: 0.0.0.0/0.0.0.0:38783
2019-09-24 16:42:45,777 INFO  logging.LoggingHandler (AbstractInternalLogger.java:log(150)) - [id: 0x18a2b203, L:/0.0.0.0:38783] ACTIVE
2019-09-24 16:42:45,777 INFO  impl.RaftServerImpl (RaftServerImpl.java:<init>(95)) - s2: new RaftServerImpl for group-46F048A18FB7:[s3:0.0.0.0:39188, s4:0.0.0.0:40778, s0:0.0.0.0:42012, s1:0.0.0.0:45336, s2:0.0.0.0:38783] with BaseStateMachine:uninitialized
2019-09-24 16:42:45,778 INFO  server.RaftServerConfigKeys (ConfUtils.java:logGet(43)) - raft.server.rpc.timeout.min = 150ms (default)
2019-09-24 16:42:45,778 INFO  server.RaftServerConfigKeys (ConfUtils.java:logGet(43)) - raft.server.rpc.timeout.max = 300ms (default)
2019-09-24 16:42:45,778 INFO  server.RaftServerConfigKeys (ConfUtils.java:logGet(43)) - raft.server.rpcslowness.timeout = 60s (default)
2019-09-24 16:42:45,779 INFO  server.RaftServerConfigKeys (ConfUtils.java:logGet(43)) - raft.server.sleep.deviation.threshold = 300 (default)
2019-09-24 16:42:45,779 INFO  server.RaftServerConfigKeys (ConfUtils.java:logGet(43)) - raft.server.log.appender.install.snapshot.enabled = true (default)
2019-09-24 16:42:45,780 INFO  impl.RaftServerImpl (ServerState.java:<init>(103)) - s2@group-46F048A18FB7: ConfigurationManager, init=-1: [s3:0.0.0.0:39188, s4:0.0.0.0:40778, s0:0.0.0.0:42012, s1:0.0.0.0:45336, s2:0.0.0.0:38783], old=null, confs=<EMPTY_MAP>
2019-09-24 16:42:45,780 INFO  server.RaftServerConfigKeys (ConfUtils.java:logGet(43)) - raft.server.storage.dir = [/workdir/ratis-test/target/test/data/ddcd30e7/MiniRaftClusterWithNettycff535dc/s2] (custom)
2019-09-24 16:42:45,784 INFO  server.RaftServerConfigKeys (ConfUtils.java:logGet(43)) - raft.server.log.corruption.policy = EXCEPTION (default)
2019-09-24 16:42:45,784 INFO  server.RaftServerConfigKeys (ConfUtils.java:logGet(43)) - raft.server.log.corruption.policy = EXCEPTION (default)
2019-09-24 16:42:45,784 INFO  server.RaftServerConfigKeys (ConfUtils.java:logGet(43)) - raft.server.log.corruption.policy = EXCEPTION (default)
2019-09-24 16:42:45,784 INFO  server.RaftServerConfigKeys (ConfUtils.java:logGet(43)) - raft.server.log.corruption.policy = EXCEPTION (default)
2019-09-24 16:42:45,784 INFO  server.RaftServerConfigKeys (ConfUtils.java:logGet(43)) - raft.server.log.corruption.policy = EXCEPTION (default)
2019-09-24 16:42:45,786 INFO  storage.RaftStorageDirectory (RaftStorageDirectory.java:analyzeStorage(246)) - The storage directory /workdir/ratis-test/target/test/data/ddcd30e7/MiniRaftClusterWithNettycff535dc/s0/1461638a-a397-4447-8a48-46f048a18fb7 does not exist. Creating ...
2019-09-24 16:42:45,786 INFO  storage.RaftStorageDirectory (RaftStorageDirectory.java:analyzeStorage(246)) - The storage directory /workdir/ratis-test/target/test/data/ddcd30e7/MiniRaftClusterWithNettycff535dc/s2/1461638a-a397-4447-8a48-46f048a18fb7 does not exist. Creating ...
2019-09-24 16:42:45,786 INFO  storage.RaftStorageDirectory (RaftStorageDirectory.java:analyzeStorage(246)) - The storage directory /workdir/ratis-test/target/test/data/ddcd30e7/MiniRaftClusterWithNettycff535dc/s1/1461638a-a397-4447-8a48-46f048a18fb7 does not exist. Creating ...
2019-09-24 16:42:45,786 INFO  storage.RaftStorageDirectory (RaftStorageDirectory.java:analyzeStorage(246)) - The storage directory /workdir/ratis-test/target/test/data/ddcd30e7/MiniRaftClusterWithNettycff535dc/s4/1461638a-a397-4447-8a48-46f048a18fb7 does not exist. Creating ...
2019-09-24 16:42:45,786 INFO  storage.RaftStorageDirectory (RaftStorageDirectory.java:analyzeStorage(246)) - The storage directory /workdir/ratis-test/target/test/data/ddcd30e7/MiniRaftClusterWithNettycff535dc/s3/1461638a-a397-4447-8a48-46f048a18fb7 does not exist. Creating ...
2019-09-24 16:42:45,789 TRACE util.FileUtils (LogUtils.java:runAndLog(61)) - Successfully ran Files.createDirectories /workdir/ratis-test/target/test/data/ddcd30e7/MiniRaftClusterWithNettycff535dc/s3/1461638a-a397-4447-8a48-46f048a18fb7
2019-09-24 16:42:45,790 TRACE util.FileUtils (LogUtils.java:runAndLog(61)) - Successfully ran Files.createDirectories /workdir/ratis-test/target/test/data/ddcd30e7/MiniRaftClusterWithNettycff535dc/s0/1461638a-a397-4447-8a48-46f048a18fb7
2019-09-24 16:42:45,790 TRACE util.FileUtils (LogUtils.java:runAndLog(61)) - Successfully ran Files.createDirectories /workdir/ratis-test/target/test/data/ddcd30e7/MiniRaftClusterWithNettycff535dc/s4/1461638a-a397-4447-8a48-46f048a18fb7
2019-09-24 16:42:45,790 TRACE util.FileUtils (LogUtils.java:runAndLog(61)) - Successfully ran Files.createDirectories /workdir/ratis-test/target/test/data/ddcd30e7/MiniRaftClusterWithNettycff535dc/s1/1461638a-a397-4447-8a48-46f048a18fb7
2019-09-24 16:42:45,790 TRACE util.FileUtils (LogUtils.java:runAndLog(61)) - Successfully ran Files.createDirectories /workdir/ratis-test/target/test/data/ddcd30e7/MiniRaftClusterWithNettycff535dc/s2/1461638a-a397-4447-8a48-46f048a18fb7
2019-09-24 16:42:50,993 INFO  storage.RaftStorageDirectory (RaftStorageDirectory.java:tryLock(328)) - Lock on /workdir/ratis-test/target/test/data/ddcd30e7/MiniRaftClusterWithNettycff535dc/s1/1461638a-a397-4447-8a48-46f048a18fb7/in_use.lock acquired by nodename 17785@ratis-test-vphbd-3564017154
2019-09-24 16:42:50,994 INFO  storage.RaftStorageDirectory (RaftStorageDirectory.java:tryLock(328)) - Lock on /workdir/ratis-test/target/test/data/ddcd30e7/MiniRaftClusterWithNettycff535dc/s2/1461638a-a397-4447-8a48-46f048a18fb7/in_use.lock acquired by nodename 17785@ratis-test-vphbd-3564017154
2019-09-24 16:42:50,994 INFO  storage.RaftStorageDirectory (RaftStorageDirectory.java:tryLock(328)) - Lock on /workdir/ratis-test/target/test/data/ddcd30e7/MiniRaftClusterWithNettycff535dc/s0/1461638a-a397-4447-8a48-46f048a18fb7/in_use.lock acquired by nodename 17785@ratis-test-vphbd-3564017154
2019-09-24 16:42:50,994 INFO  storage.RaftStorageDirectory (RaftStorageDirectory.java:tryLock(328)) - Lock on /workdir/ratis-test/target/test/data/ddcd30e7/MiniRaftClusterWithNettycff535dc/s3/1461638a-a397-4447-8a48-46f048a18fb7/in_use.lock acquired by nodename 17785@ratis-test-vphbd-3564017154
2019-09-24 16:42:50,994 INFO  storage.RaftStorageDirectory (RaftStorageDirectory.java:tryLock(328)) - Lock on /workdir/ratis-test/target/test/data/ddcd30e7/MiniRaftClusterWithNettycff535dc/s4/1461638a-a397-4447-8a48-46f048a18fb7/in_use.lock acquired by nodename 17785@ratis-test-vphbd-3564017154
2019-09-24 16:42:50,996 TRACE util.FileUtils (LogUtils.java:runAndLog(61)) - Successfully ran Files.createDirectories /workdir/ratis-test/target/test/data/ddcd30e7/MiniRaftClusterWithNettycff535dc/s0/1461638a-a397-4447-8a48-46f048a18fb7/current
2019-09-24 16:42:50,996 TRACE util.FileUtils (LogUtils.java:runAndLog(61)) - Successfully ran Files.createDirectories /workdir/ratis-test/target/test/data/ddcd30e7/MiniRaftClusterWithNettycff535dc/s4/1461638a-a397-4447-8a48-46f048a18fb7/current
2019-09-24 16:42:50,996 TRACE util.FileUtils (LogUtils.java:runAndLog(61)) - Successfully ran Files.createDirectories /workdir/ratis-test/target/test/data/ddcd30e7/MiniRaftClusterWithNettycff535dc/s1/1461638a-a397-4447-8a48-46f048a18fb7/current
2019-09-24 16:42:50,996 TRACE util.FileUtils (LogUtils.java:runAndLog(61)) - Successfully ran Files.createDirectories /workdir/ratis-test/target/test/data/ddcd30e7/MiniRaftClusterWithNettycff535dc/s3/1461638a-a397-4447-8a48-46f048a18fb7/current
2019-09-24 16:42:50,996 TRACE util.FileUtils (LogUtils.java:runAndLog(61)) - Successfully ran Files.createDirectories /workdir/ratis-test/target/test/data/ddcd30e7/MiniRaftClusterWithNettycff535dc/s2/1461638a-a397-4447-8a48-46f048a18fb7/current
2019-09-24 16:42:50,997 TRACE util.FileUtils (LogUtils.java:runAndLog(61)) - Successfully ran Files.createDirectories /workdir/ratis-test/target/test/data/ddcd30e7/MiniRaftClusterWithNettycff535dc/s3/1461638a-a397-4447-8a48-46f048a18fb7/sm
2019-09-24 16:42:50,997 TRACE util.FileUtils (LogUtils.java:runAndLog(61)) - Successfully ran Files.createDirectories /workdir/ratis-test/target/test/data/ddcd30e7/MiniRaftClusterWithNettycff535dc/s1/1461638a-a397-4447-8a48-46f048a18fb7/sm
2019-09-24 16:42:50,997 TRACE util.FileUtils (LogUtils.java:runAndLog(61)) - Successfully ran Files.createDirectories /workdir/ratis-test/target/test/data/ddcd30e7/MiniRaftClusterWithNettycff535dc/s4/1461638a-a397-4447-8a48-46f048a18fb7/sm
2019-09-24 16:42:50,997 TRACE util.FileUtils (LogUtils.java:runAndLog(61)) - Successfully ran Files.createDirectories /workdir/ratis-test/target/test/data/ddcd30e7/MiniRaftClusterWithNettycff535dc/s0/1461638a-a397-4447-8a48-46f048a18fb7/sm
2019-09-24 16:42:50,998 TRACE util.FileUtils (LogUtils.java:runAndLog(61)) - Successfully ran Files.createDirectories /workdir/ratis-test/target/test/data/ddcd30e7/MiniRaftClusterWithNettycff535dc/s2/1461638a-a397-4447-8a48-46f048a18fb7/sm
2019-09-24 16:42:56,177 INFO  storage.RaftStorage (RaftStorage.java:format(84)) - Storage directory /workdir/ratis-test/target/test/data/ddcd30e7/MiniRaftClusterWithNettycff535dc/s3/1461638a-a397-4447-8a48-46f048a18fb7 has been successfully formatted.
2019-09-24 16:42:56,177 INFO  storage.RaftStorage (RaftStorage.java:format(84)) - Storage directory /workdir/ratis-test/target/test/data/ddcd30e7/MiniRaftClusterWithNettycff535dc/s4/1461638a-a397-4447-8a48-46f048a18fb7 has been successfully formatted.
2019-09-24 16:42:56,177 INFO  storage.RaftStorage (RaftStorage.java:format(84)) - Storage directory /workdir/ratis-test/target/test/data/ddcd30e7/MiniRaftClusterWithNettycff535dc/s1/1461638a-a397-4447-8a48-46f048a18fb7 has been successfully formatted.
2019-09-24 16:42:56,177 INFO  storage.RaftStorage (RaftStorage.java:format(84)) - Storage directory /workdir/ratis-test/target/test/data/ddcd30e7/MiniRaftClusterWithNettycff535dc/s0/1461638a-a397-4447-8a48-46f048a18fb7 has been successfully formatted.
2019-09-24 16:42:56,177 INFO  storage.RaftStorage (RaftStorage.java:format(84)) - Storage directory /workdir/ratis-test/target/test/data/ddcd30e7/MiniRaftClusterWithNettycff535dc/s2/1461638a-a397-4447-8a48-46f048a18fb7 has been successfully formatted.
2019-09-24 16:42:56,181 INFO  server.RaftServerConfigKeys (ConfUtils.java:logGet(43)) - raft.server.notification.no-leader.timeout = 60s (default)
2019-09-24 16:42:56,181 INFO  server.RaftServerConfigKeys (ConfUtils.java:logGet(43)) - raft.server.notification.no-leader.timeout = 60s (default)
2019-09-24 16:42:56,181 INFO  server.RaftServerConfigKeys (ConfUtils.java:logGet(43)) - raft.server.notification.no-leader.timeout = 60s (default)
2019-09-24 16:42:56,181 INFO  server.RaftServerConfigKeys (ConfUtils.java:logGet(43)) - raft.server.notification.no-leader.timeout = 60s (default)
2019-09-24 16:42:56,181 INFO  server.RaftServerConfigKeys (ConfUtils.java:logGet(43)) - raft.server.notification.no-leader.timeout = 60s (default)
2019-09-24 16:42:56,184 INFO  server.RaftServerConfigKeys (ConfUtils.java:logGet(43)) - raft.server.log.use.memory = false (default)
2019-09-24 16:42:56,184 INFO  server.RaftServerConfigKeys (ConfUtils.java:logGet(43)) - raft.server.log.use.memory = false (default)
2019-09-24 16:42:56,184 INFO  server.RaftServerConfigKeys (ConfUtils.java:logGet(43)) - raft.server.log.use.memory = false (default)
2019-09-24 16:42:56,185 INFO  server.RaftServerConfigKeys (ConfUtils.java:logGet(43)) - raft.server.log.use.memory = false (default)
2019-09-24 16:42:56,185 INFO  server.RaftServerConfigKeys (ConfUtils.java:logGet(43)) - raft.server.log.use.memory = false (default)
2019-09-24 16:42:56,198 INFO  server.RaftServerConfigKeys (ConfUtils.java:logGet(43)) - raft.server.log.purge.gap = 1024 (default)
2019-09-24 16:42:56,199 INFO  server.RaftServerConfigKeys (ConfUtils.java:logGet(43)) - raft.server.log.purge.gap = 1024 (default)
2019-09-24 16:42:56,198 INFO  server.RaftServerConfigKeys (ConfUtils.java:logGet(43)) - raft.server.log.purge.gap = 1024 (default)
2019-09-24 16:42:56,198 INFO  server.RaftServerConfigKeys (ConfUtils.java:logGet(43)) - raft.server.log.purge.gap = 1024 (default)
2019-09-24 16:42:56,198 INFO  server.RaftServerConfigKeys (ConfUtils.java:logGet(43)) - raft.server.log.purge.gap = 1024 (default)
2019-09-24 16:42:56,200 INFO  server.RaftServerConfigKeys (ConfUtils.java:logGet(43)) - raft.server.log.appender.buffer.byte-limit = 4MB (=4194304) (default)
2019-09-24 16:42:56,200 INFO  server.RaftServerConfigKeys (ConfUtils.java:logGet(43)) - raft.server.log.appender.buffer.byte-limit = 4MB (=4194304) (default)
2019-09-24 16:42:56,200 INFO  server.RaftServerConfigKeys (ConfUtils.java:logGet(43)) - raft.server.log.appender.buffer.byte-limit = 4MB (=4194304) (default)
2019-09-24 16:42:56,200 INFO  server.RaftServerConfigKeys (ConfUtils.java:logGet(43)) - raft.server.log.appender.buffer.byte-limit = 4MB (=4194304) (default)
2019-09-24 16:42:56,200 INFO  server.RaftServerConfigKeys (ConfUtils.java:logGet(43)) - raft.server.log.appender.buffer.byte-limit = 4MB (=4194304) (default)
2019-09-24 16:42:56,207 INFO  server.RaftServerConfigKeys (ConfUtils.java:logGet(43)) - raft.server.log.segment.size.max = 8MB (=8388608) (default)
2019-09-24 16:42:56,207 INFO  server.RaftServerConfigKeys (ConfUtils.java:logGet(43)) - raft.server.log.segment.size.max = 8MB (=8388608) (default)
2019-09-24 16:42:56,207 INFO  server.RaftServerConfigKeys (ConfUtils.java:logGet(43)) - raft.server.log.segment.size.max = 8MB (=8388608) (default)
2019-09-24 16:42:56,207 INFO  server.RaftServerConfigKeys (ConfUtils.java:logGet(43)) - raft.server.log.segment.size.max = 8MB (=8388608) (default)
2019-09-24 16:42:56,207 INFO  server.RaftServerConfigKeys (ConfUtils.java:logGet(43)) - raft.server.log.segment.size.max = 8MB (=8388608) (default)
2019-09-24 16:42:56,214 INFO  server.RaftServerConfigKeys (ConfUtils.java:logGet(43)) - raft.server.log.segment.cache.num.max = 6 (default)
2019-09-24 16:42:56,214 INFO  server.RaftServerConfigKeys (ConfUtils.java:logGet(43)) - raft.server.log.segment.cache.num.max = 6 (default)
2019-09-24 16:42:56,214 INFO  server.RaftServerConfigKeys (ConfUtils.java:logGet(43)) - raft.server.log.segment.cache.num.max = 6 (default)
2019-09-24 16:42:56,214 INFO  server.RaftServerConfigKeys (ConfUtils.java:logGet(43)) - raft.server.log.segment.cache.num.max = 6 (default)
2019-09-24 16:42:56,214 INFO  server.RaftServerConfigKeys (ConfUtils.java:logGet(43)) - raft.server.log.segment.cache.num.max = 6 (default)
2019-09-24 16:42:56,221 INFO  segmented.SegmentedRaftLogWorker (SegmentedRaftLogWorker.java:<init>(172)) - new s2@group-46F048A18FB7-SegmentedRaftLogWorker for RaftStorage:Storage Directory /workdir/ratis-test/target/test/data/ddcd30e7/MiniRaftClusterWithNettycff535dc/s2/1461638a-a397-4447-8a48-46f048a18fb7
2019-09-24 16:42:56,221 INFO  segmented.SegmentedRaftLogWorker (SegmentedRaftLogWorker.java:<init>(172)) - new s3@group-46F048A18FB7-SegmentedRaftLogWorker for RaftStorage:Storage Directory /workdir/ratis-test/target/test/data/ddcd30e7/MiniRaftClusterWithNettycff535dc/s3/1461638a-a397-4447-8a48-46f048a18fb7
2019-09-24 16:42:56,221 INFO  segmented.SegmentedRaftLogWorker (SegmentedRaftLogWorker.java:<init>(172)) - new s4@group-46F048A18FB7-SegmentedRaftLogWorker for RaftStorage:Storage Directory /workdir/ratis-test/target/test/data/ddcd30e7/MiniRaftClusterWithNettycff535dc/s4/1461638a-a397-4447-8a48-46f048a18fb7
2019-09-24 16:42:56,221 INFO  segmented.SegmentedRaftLogWorker (SegmentedRaftLogWorker.java:<init>(172)) - new s0@group-46F048A18FB7-SegmentedRaftLogWorker for RaftStorage:Storage Directory /workdir/ratis-test/target/test/data/ddcd30e7/MiniRaftClusterWithNettycff535dc/s0/1461638a-a397-4447-8a48-46f048a18fb7
2019-09-24 16:42:56,221 INFO  segmented.SegmentedRaftLogWorker (SegmentedRaftLogWorker.java:<init>(172)) - new s1@group-46F048A18FB7-SegmentedRaftLogWorker for RaftStorage:Storage Directory /workdir/ratis-test/target/test/data/ddcd30e7/MiniRaftClusterWithNettycff535dc/s1/1461638a-a397-4447-8a48-46f048a18fb7
2019-09-24 16:42:56,307 WARN  impl.MetricsConfig (MetricsConfig.java:loadFirst(124)) - Cannot locate configuration: tried hadoop-metrics2-ratis.properties,hadoop-metrics2.properties
2019-09-24 16:42:56,406 INFO  impl.MetricsSystemImpl (MetricsSystemImpl.java:startTimer(376)) - Scheduled snapshot period at 10 second(s).
2019-09-24 16:42:56,407 INFO  impl.MetricsSystemImpl (MetricsSystemImpl.java:start(191)) - ratis metrics system started
2019-09-24 16:42:56,414 INFO  metrics.MetricRegistries (MetricRegistriesLoader.java:load(64)) - Loaded MetricRegistries class org.apache.ratis.metrics.impl.MetricRegistriesImpl
2019-09-24 16:42:56,469 INFO  server.RaftServerConfigKeys (ConfUtils.java:logGet(43)) - raft.server.log.queue.byte-limit = 64MB (=67108864) (default)
2019-09-24 16:42:56,469 INFO  server.RaftServerConfigKeys (ConfUtils.java:logGet(43)) - raft.server.log.queue.byte-limit = 64MB (=67108864) (default)
2019-09-24 16:42:56,470 INFO  server.RaftServerConfigKeys (ConfUtils.java:logGet(43)) - raft.server.log.queue.byte-limit = 64MB (=67108864) (default)
2019-09-24 16:42:56,470 INFO  server.RaftServerConfigKeys (ConfUtils.java:logGet(43)) - raft.server.log.queue.byte-limit = 64MB (=67108864) (default)
2019-09-24 16:42:56,470 INFO  server.RaftServerConfigKeys (ConfUtils.java:logGet(43)) - raft.server.log.queue.element-limit = 4096 (default)
2019-09-24 16:42:56,470 INFO  server.RaftServerConfigKeys (ConfUtils.java:logGet(43)) - raft.server.log.queue.element-limit = 4096 (default)
2019-09-24 16:42:56,470 INFO  server.RaftServerConfigKeys (ConfUtils.java:logGet(43)) - raft.server.log.queue.element-limit = 4096 (default)
2019-09-24 16:42:56,470 INFO  server.RaftServerConfigKeys (ConfUtils.java:logGet(43)) - raft.server.log.queue.byte-limit = 64MB (=67108864) (default)
2019-09-24 16:42:56,470 INFO  server.RaftServerConfigKeys (ConfUtils.java:logGet(43)) - raft.server.log.queue.element-limit = 4096 (default)
2019-09-24 16:42:56,471 INFO  server.RaftServerConfigKeys (ConfUtils.java:logGet(43)) - raft.server.log.queue.element-limit = 4096 (default)
2019-09-24 16:42:56,474 INFO  server.RaftServerConfigKeys (ConfUtils.java:logGet(43)) - raft.server.log.segment.size.max = 8MB (=8388608) (default)
2019-09-24 16:42:56,474 INFO  server.RaftServerConfigKeys (ConfUtils.java:logGet(43)) - raft.server.log.segment.size.max = 8MB (=8388608) (default)
2019-09-24 16:42:56,474 INFO  server.RaftServerConfigKeys (ConfUtils.java:logGet(43)) - raft.server.log.segment.size.max = 8MB (=8388608) (default)
2019-09-24 16:42:56,474 INFO  server.RaftServerConfigKeys (ConfUtils.java:logGet(43)) - raft.server.log.segment.size.max = 8MB (=8388608) (default)
2019-09-24 16:42:56,474 INFO  server.RaftServerConfigKeys (ConfUtils.java:logGet(43)) - raft.server.log.segment.size.max = 8MB (=8388608) (default)
2019-09-24 16:42:56,475 INFO  server.RaftServerConfigKeys (ConfUtils.java:logGet(43)) - raft.server.log.preallocated.size = 4MB (=4194304) (default)
2019-09-24 16:42:56,475 INFO  server.RaftServerConfigKeys (ConfUtils.java:logGet(43)) - raft.server.log.preallocated.size = 4MB (=4194304) (default)
2019-09-24 16:42:56,475 INFO  server.RaftServerConfigKeys (ConfUtils.java:logGet(43)) - raft.server.log.preallocated.size = 4MB (=4194304) (default)
2019-09-24 16:42:56,475 INFO  server.RaftServerConfigKeys (ConfUtils.java:logGet(43)) - raft.server.log.preallocated.size = 4MB (=4194304) (default)
2019-09-24 16:42:56,475 INFO  server.RaftServerConfigKeys (ConfUtils.java:logGet(43)) - raft.server.log.preallocated.size = 4MB (=4194304) (default)
2019-09-24 16:42:56,476 INFO  server.RaftServerConfigKeys (ConfUtils.java:logGet(43)) - raft.server.log.write.buffer.size = 64KB (=65536) (default)
2019-09-24 16:42:56,476 INFO  server.RaftServerConfigKeys (ConfUtils.java:logGet(43)) - raft.server.log.write.buffer.size = 64KB (=65536) (default)
2019-09-24 16:42:56,476 INFO  server.RaftServerConfigKeys (ConfUtils.java:logGet(43)) - raft.server.log.write.buffer.size = 64KB (=65536) (default)
2019-09-24 16:42:56,476 INFO  server.RaftServerConfigKeys (ConfUtils.java:logGet(43)) - raft.server.log.write.buffer.size = 64KB (=65536) (default)
2019-09-24 16:42:56,476 INFO  server.RaftServerConfigKeys (ConfUtils.java:logGet(43)) - raft.server.log.write.buffer.size = 64KB (=65536) (default)
2019-09-24 16:42:56,477 INFO  server.RaftServerConfigKeys (ConfUtils.java:logGet(43)) - raft.server.log.force.sync.num = 128 (default)
2019-09-24 16:42:56,477 INFO  server.RaftServerConfigKeys (ConfUtils.java:logGet(43)) - raft.server.log.force.sync.num = 128 (default)
2019-09-24 16:42:56,477 INFO  server.RaftServerConfigKeys (ConfUtils.java:logGet(43)) - raft.server.log.force.sync.num = 128 (default)
2019-09-24 16:42:56,477 INFO  server.RaftServerConfigKeys (ConfUtils.java:logGet(43)) - raft.server.log.force.sync.num = 128 (default)
2019-09-24 16:42:56,478 INFO  server.RaftServerConfigKeys (ConfUtils.java:logGet(43)) - raft.server.log.force.sync.num = 128 (default)
2019-09-24 16:42:56,479 INFO  server.RaftServerConfigKeys (ConfUtils.java:logGet(43)) - raft.server.log.statemachine.data.sync = true (default)
2019-09-24 16:42:56,479 INFO  server.RaftServerConfigKeys (ConfUtils.java:logGet(43)) - raft.server.log.statemachine.data.sync = true (default)
2019-09-24 16:42:56,479 INFO  server.RaftServerConfigKeys (ConfUtils.java:logGet(43)) - raft.server.log.statemachine.data.sync = true (default)
2019-09-24 16:42:56,479 INFO  server.RaftServerConfigKeys (ConfUtils.java:logGet(43)) - raft.server.log.statemachine.data.sync = true (default)
2019-09-24 16:42:56,479 INFO  server.RaftServerConfigKeys (ConfUtils.java:logGet(43)) - raft.server.log.statemachine.data.sync = true (default)
2019-09-24 16:42:56,480 INFO  server.RaftServerConfigKeys (ConfUtils.java:logGet(43)) - raft.server.log.statemachine.data.sync.timeout = 10s (default)
2019-09-24 16:42:56,480 INFO  server.RaftServerConfigKeys (ConfUtils.java:logGet(43)) - raft.server.log.statemachine.data.sync.timeout = 10s (default)
2019-09-24 16:42:56,480 INFO  server.RaftServerConfigKeys (ConfUtils.java:logGet(43)) - raft.server.log.statemachine.data.sync.timeout = 10s (default)
2019-09-24 16:42:56,480 INFO  server.RaftServerConfigKeys (ConfUtils.java:logGet(43)) - raft.server.log.statemachine.data.sync.timeout = 10s (default)
2019-09-24 16:42:56,481 INFO  server.RaftServerConfigKeys (ConfUtils.java:logGet(43)) - raft.server.log.statemachine.data.sync.timeout.retry = -1 (default)
2019-09-24 16:42:56,481 INFO  server.RaftServerConfigKeys (ConfUtils.java:logGet(43)) - raft.server.log.statemachine.data.sync.timeout.retry = -1 (default)
2019-09-24 16:42:56,480 INFO  server.RaftServerConfigKeys (ConfUtils.java:logGet(43)) - raft.server.log.statemachine.data.sync.timeout = 10s (default)
2019-09-24 16:42:56,481 INFO  server.RaftServerConfigKeys (ConfUtils.java:logGet(43)) - raft.server.log.statemachine.data.sync.timeout.retry = -1 (default)
2019-09-24 16:42:56,481 INFO  server.RaftServerConfigKeys (ConfUtils.java:logGet(43)) - raft.server.log.statemachine.data.sync.timeout.retry = -1 (default)
2019-09-24 16:42:56,482 INFO  server.RaftServerConfigKeys (ConfUtils.java:logGet(43)) - raft.server.log.statemachine.data.sync.timeout.retry = -1 (default)
2019-09-24 16:42:56,497 INFO  server.RaftServerConfigKeys (ConfUtils.java:logGet(43)) - raft.server.log.statemachine.data.caching.enabled = false (default)
2019-09-24 16:42:56,497 INFO  server.RaftServerConfigKeys (ConfUtils.java:logGet(43)) - raft.server.log.statemachine.data.caching.enabled = false (default)
2019-09-24 16:42:56,497 INFO  server.RaftServerConfigKeys (ConfUtils.java:logGet(43)) - raft.server.log.statemachine.data.caching.enabled = false (default)
2019-09-24 16:42:56,497 INFO  server.RaftServerConfigKeys (ConfUtils.java:logGet(43)) - raft.server.log.statemachine.data.caching.enabled = false (default)
2019-09-24 16:42:56,497 INFO  server.RaftServerConfigKeys (ConfUtils.java:logGet(43)) - raft.server.log.statemachine.data.caching.enabled = false (default)
2019-09-24 16:42:56,506 INFO  segmented.SegmentedRaftLogWorker (SegmentedRaftLogWorker.java:lambda$new$0(132)) - s3@group-46F048A18FB7-SegmentedRaftLogWorker: flushIndex: setUnconditionally 0 -> -1
2019-09-24 16:42:56,506 INFO  segmented.SegmentedRaftLogWorker (SegmentedRaftLogWorker.java:lambda$new$0(132)) - s0@group-46F048A18FB7-SegmentedRaftLogWorker: flushIndex: setUnconditionally 0 -> -1
2019-09-24 16:42:56,506 INFO  segmented.SegmentedRaftLogWorker (SegmentedRaftLogWorker.java:lambda$new$0(132)) - s1@group-46F048A18FB7-SegmentedRaftLogWorker: flushIndex: setUnconditionally 0 -> -1
2019-09-24 16:42:56,506 INFO  segmented.SegmentedRaftLogWorker (SegmentedRaftLogWorker.java:lambda$new$0(132)) - s4@group-46F048A18FB7-SegmentedRaftLogWorker: flushIndex: setUnconditionally 0 -> -1
2019-09-24 16:42:56,506 INFO  segmented.SegmentedRaftLogWorker (SegmentedRaftLogWorker.java:lambda$new$0(132)) - s2@group-46F048A18FB7-SegmentedRaftLogWorker: flushIndex: setUnconditionally 0 -> -1
2019-09-24 16:42:56,511 INFO  server.RaftServerConfigKeys (ConfUtils.java:logGet(43)) - raft.server.snapshot.auto.trigger.enabled = false (default)
2019-09-24 16:42:56,511 INFO  server.RaftServerConfigKeys (ConfUtils.java:logGet(43)) - raft.server.snapshot.auto.trigger.enabled = false (default)
2019-09-24 16:42:56,511 INFO  server.RaftServerConfigKeys (ConfUtils.java:logGet(43)) - raft.server.snapshot.auto.trigger.enabled = false (default)
2019-09-24 16:42:56,511 INFO  server.RaftServerConfigKeys (ConfUtils.java:logGet(43)) - raft.server.snapshot.auto.trigger.enabled = false (default)
2019-09-24 16:42:56,511 INFO  server.RaftServerConfigKeys (ConfUtils.java:logGet(43)) - raft.server.snapshot.auto.trigger.enabled = false (default)
2019-09-24 16:42:56,511 INFO  server.RaftServerConfigKeys (ConfUtils.java:logGet(43)) - raft.server.snapshot.retention.file.num = -1 (default)
2019-09-24 16:42:56,512 INFO  server.RaftServerConfigKeys (ConfUtils.java:logGet(43)) - raft.server.snapshot.retention.file.num = -1 (default)
2019-09-24 16:42:56,511 INFO  server.RaftServerConfigKeys (ConfUtils.java:logGet(43)) - raft.server.snapshot.retention.file.num = -1 (default)
2019-09-24 16:42:56,512 INFO  server.RaftServerConfigKeys (ConfUtils.java:logGet(43)) - raft.server.snapshot.retention.file.num = -1 (default)
2019-09-24 16:42:56,512 INFO  server.RaftServerConfigKeys (ConfUtils.java:logGet(43)) - raft.server.snapshot.retention.file.num = -1 (default)
2019-09-24 16:42:56,512 INFO  server.RaftServerConfigKeys (ConfUtils.java:logGet(43)) - raft.server.retrycache.expirytime = 5s (custom)
2019-09-24 16:42:56,512 INFO  server.RaftServerConfigKeys (ConfUtils.java:logGet(43)) - raft.server.retrycache.expirytime = 5s (custom)
2019-09-24 16:42:56,512 INFO  server.RaftServerConfigKeys (ConfUtils.java:logGet(43)) - raft.server.retrycache.expirytime = 5s (custom)
2019-09-24 16:42:56,512 INFO  server.RaftServerConfigKeys (ConfUtils.java:logGet(43)) - raft.server.retrycache.expirytime = 5s (custom)
2019-09-24 16:42:56,513 INFO  server.RaftServerConfigKeys (ConfUtils.java:logGet(43)) - raft.server.retrycache.expirytime = 5s (custom)
2019-09-24 16:42:56,549 INFO  impl.RaftServerImpl (RaftServerImpl.java:start(181)) - s3@group-46F048A18FB7: start as a follower, conf=-1: [s3:0.0.0.0:39188, s4:0.0.0.0:40778, s0:0.0.0.0:42012, s1:0.0.0.0:45336, s2:0.0.0.0:38783], old=null
2019-09-24 16:42:56,553 INFO  impl.RaftServerImpl (RaftServerImpl.java:setRole(170)) - s3@group-46F048A18FB7: changes role from      null to FOLLOWER at term 0 for startAsFollower
2019-09-24 16:42:56,555 INFO  impl.RoleInfo (RoleInfo.java:updateAndGet(143)) - s3: start FollowerState
2019-09-24 16:42:56,562 INFO  util.JmxRegister (JmxRegister.java:tryRegister(44)) - Successfully registered JMX Bean with object name Ratis:service=RaftServer,group=group-46F048A18FB7,id=s3
2019-09-24 16:42:56,574 INFO  impl.RaftServerProxy (RaftServerProxy.java:lambda$start$3(299)) - s3: start RPC server
2019-09-24 16:42:56,576 INFO  impl.RaftServerImpl (RaftServerImpl.java:start(181)) - s4@group-46F048A18FB7: start as a follower, conf=-1: [s3:0.0.0.0:39188, s4:0.0.0.0:40778, s0:0.0.0.0:42012, s1:0.0.0.0:45336, s2:0.0.0.0:38783], old=null
2019-09-24 16:42:56,576 INFO  impl.RaftServerImpl (RaftServerImpl.java:setRole(170)) - s4@group-46F048A18FB7: changes role from      null to FOLLOWER at term 0 for startAsFollower
2019-09-24 16:42:56,576 INFO  impl.RoleInfo (RoleInfo.java:updateAndGet(143)) - s4: start FollowerState
2019-09-24 16:42:56,577 INFO  util.JmxRegister (JmxRegister.java:tryRegister(44)) - Successfully registered JMX Bean with object name Ratis:service=RaftServer,group=group-46F048A18FB7,id=s4
2019-09-24 16:42:56,584 INFO  impl.RaftServerProxy (RaftServerProxy.java:lambda$start$3(299)) - s4: start RPC server
2019-09-24 16:42:56,584 INFO  impl.RaftServerImpl (RaftServerImpl.java:start(181)) - s0@group-46F048A18FB7: start as a follower, conf=-1: [s3:0.0.0.0:39188, s4:0.0.0.0:40778, s0:0.0.0.0:42012, s1:0.0.0.0:45336, s2:0.0.0.0:38783], old=null
2019-09-24 16:42:56,584 INFO  impl.RaftServerImpl (RaftServerImpl.java:setRole(170)) - s0@group-46F048A18FB7: changes role from      null to FOLLOWER at term 0 for startAsFollower
2019-09-24 16:42:56,585 INFO  impl.RoleInfo (RoleInfo.java:updateAndGet(143)) - s0: start FollowerState
2019-09-24 16:42:56,585 INFO  util.JmxRegister (JmxRegister.java:tryRegister(44)) - Successfully registered JMX Bean with object name Ratis:service=RaftServer,group=group-46F048A18FB7,id=s0
2019-09-24 16:42:56,591 INFO  impl.RaftServerProxy (RaftServerProxy.java:lambda$start$3(299)) - s0: start RPC server
2019-09-24 16:42:56,591 INFO  impl.RaftServerImpl (RaftServerImpl.java:start(181)) - s1@group-46F048A18FB7: start as a follower, conf=-1: [s3:0.0.0.0:39188, s4:0.0.0.0:40778, s0:0.0.0.0:42012, s1:0.0.0.0:45336, s2:0.0.0.0:38783], old=null
2019-09-24 16:42:56,591 INFO  impl.RaftServerImpl (RaftServerImpl.java:setRole(170)) - s1@group-46F048A18FB7: changes role from      null to FOLLOWER at term 0 for startAsFollower
2019-09-24 16:42:56,592 INFO  impl.RoleInfo (RoleInfo.java:updateAndGet(143)) - s1: start FollowerState
2019-09-24 16:42:56,592 INFO  util.JmxRegister (JmxRegister.java:tryRegister(44)) - Successfully registered JMX Bean with object name Ratis:service=RaftServer,group=group-46F048A18FB7,id=s1
2019-09-24 16:42:56,597 INFO  impl.RaftServerProxy (RaftServerProxy.java:lambda$start$3(299)) - s1: start RPC server
2019-09-24 16:42:56,597 INFO  impl.RaftServerImpl (RaftServerImpl.java:start(181)) - s2@group-46F048A18FB7: start as a follower, conf=-1: [s3:0.0.0.0:39188, s4:0.0.0.0:40778, s0:0.0.0.0:42012, s1:0.0.0.0:45336, s2:0.0.0.0:38783], old=null
2019-09-24 16:42:56,598 INFO  impl.RaftServerImpl (RaftServerImpl.java:setRole(170)) - s2@group-46F048A18FB7: changes role from      null to FOLLOWER at term 0 for startAsFollower
2019-09-24 16:42:56,598 INFO  impl.RoleInfo (RoleInfo.java:updateAndGet(143)) - s2: start FollowerState
2019-09-24 16:42:56,599 INFO  util.JmxRegister (JmxRegister.java:tryRegister(44)) - Successfully registered JMX Bean with object name Ratis:service=RaftServer,group=group-46F048A18FB7,id=s2
2019-09-24 16:42:56,603 INFO  impl.RaftServerProxy (RaftServerProxy.java:lambda$start$3(299)) - s2: start RPC server
2019-09-24 16:42:56,605 INFO  netty.TestRaftWithNetty (RaftBasicTests.java:testWithLoad(333)) - Running testWithLoad: numClients=10, numMessages=300, async=false
2019-09-24 16:42:56,607 INFO  server.RaftServerConfigKeys (ConfUtils.java:logGet(43)) - raft.server.rpc.timeout.max = 300ms (default)
2019-09-24 16:42:56,612 INFO  ratis.RaftTestUtil (RaftTestUtil.java:waitForLeader(86)) - printing ALL groups
  s3:  RUNNING  FOLLOWER s3@group-46F048A18FB7:t0, leader=null, voted=null, raftlog=s3@group-46F048A18FB7-SegmentedRaftLog:OPENED:c-1,f-1,i0, conf=-1: [s3:0.0.0.0:39188, s4:0.0.0.0:40778, s0:0.0.0.0:42012, s1:0.0.0.0:45336, s2:0.0.0.0:38783], old=null RUNNING
  s4:  RUNNING  FOLLOWER s4@group-46F048A18FB7:t0, leader=null, voted=null, raftlog=s4@group-46F048A18FB7-SegmentedRaftLog:OPENED:c-1,f-1,i0, conf=-1: [s3:0.0.0.0:39188, s4:0.0.0.0:40778, s0:0.0.0.0:42012, s1:0.0.0.0:45336, s2:0.0.0.0:38783], old=null RUNNING
  s0:  RUNNING  FOLLOWER s0@group-46F048A18FB7:t0, leader=null, voted=null, raftlog=s0@group-46F048A18FB7-SegmentedRaftLog:OPENED:c-1,f-1,i0, conf=-1: [s3:0.0.0.0:39188, s4:0.0.0.0:40778, s0:0.0.0.0:42012, s1:0.0.0.0:45336, s2:0.0.0.0:38783], old=null RUNNING
  s1:  RUNNING  FOLLOWER s1@group-46F048A18FB7:t0, leader=null, voted=null, raftlog=s1@group-46F048A18FB7-SegmentedRaftLog:OPENED:c-1,f-1,i0, conf=-1: [s3:0.0.0.0:39188, s4:0.0.0.0:40778, s0:0.0.0.0:42012, s1:0.0.0.0:45336, s2:0.0.0.0:38783], old=null RUNNING
  s2:  RUNNING  FOLLOWER s2@group-46F048A18FB7:t0, leader=null, voted=null, raftlog=s2@group-46F048A18FB7-SegmentedRaftLog:OPENED:c-1,f-1,i0, conf=-1: [s3:0.0.0.0:39188, s4:0.0.0.0:40778, s0:0.0.0.0:42012, s1:0.0.0.0:45336, s2:0.0.0.0:38783], old=null RUNNING
2019-09-24 16:42:56,617 WARN  ratis.RaftTestUtil (JavaUtils.java:attempt(158)) - FAILED "waitForLeader-null-(expectLeader? true)", attempt #1/100: java.lang.IllegalStateException: No leader yet : printing ALL groups
  s3:  RUNNING  FOLLOWER s3@group-46F048A18FB7:t0, leader=null, voted=null, raftlog=s3@group-46F048A18FB7-SegmentedRaftLog:OPENED:c-1,f-1,i0, conf=-1: [s3:0.0.0.0:39188, s4:0.0.0.0:40778, s0:0.0.0.0:42012, s1:0.0.0.0:45336, s2:0.0.0.0:38783], old=null RUNNING
  s4:  RUNNING  FOLLOWER s4@group-46F048A18FB7:t0, leader=null, voted=null, raftlog=s4@group-46F048A18FB7-SegmentedRaftLog:OPENED:c-1,f-1,i0, conf=-1: [s3:0.0.0.0:39188, s4:0.0.0.0:40778, s0:0.0.0.0:42012, s1:0.0.0.0:45336, s2:0.0.0.0:38783], old=null RUNNING
  s0:  RUNNING  FOLLOWER s0@group-46F048A18FB7:t0, leader=null, voted=null, raftlog=s0@group-46F048A18FB7-SegmentedRaftLog:OPENED:c-1,f-1,i0, conf=-1: [s3:0.0.0.0:39188, s4:0.0.0.0:40778, s0:0.0.0.0:42012, s1:0.0.0.0:45336, s2:0.0.0.0:38783], old=null RUNNING
  s1:  RUNNING  FOLLOWER s1@group-46F048A18FB7:t0, leader=null, voted=null, raftlog=s1@group-46F048A18FB7-SegmentedRaftLog:OPENED:c-1,f-1,i0, conf=-1: [s3:0.0.0.0:39188, s4:0.0.0.0:40778, s0:0.0.0.0:42012, s1:0.0.0.0:45336, s2:0.0.0.0:38783], old=null RUNNING
  s2:  RUNNING  FOLLOWER s2@group-46F048A18FB7:t0, leader=null, voted=null, raftlog=s2@group-46F048A18FB7-SegmentedRaftLog:OPENED:c-1,f-1,i0, conf=-1: [s3:0.0.0.0:39188, s4:0.0.0.0:40778, s0:0.0.0.0:42012, s1:0.0.0.0:45336, s2:0.0.0.0:38783], old=null RUNNING, sleep 450ms and then retry.
java.lang.IllegalStateException: No leader yet : printing ALL groups
  s3:  RUNNING  FOLLOWER s3@group-46F048A18FB7:t0, leader=null, voted=null, raftlog=s3@group-46F048A18FB7-SegmentedRaftLog:OPENED:c-1,f-1,i0, conf=-1: [s3:0.0.0.0:39188, s4:0.0.0.0:40778, s0:0.0.0.0:42012, s1:0.0.0.0:45336, s2:0.0.0.0:38783], old=null RUNNING
  s4:  RUNNING  FOLLOWER s4@group-46F048A18FB7:t0, leader=null, voted=null, raftlog=s4@group-46F048A18FB7-SegmentedRaftLog:OPENED:c-1,f-1,i0, conf=-1: [s3:0.0.0.0:39188, s4:0.0.0.0:40778, s0:0.0.0.0:42012, s1:0.0.0.0:45336, s2:0.0.0.0:38783], old=null RUNNING
  s0:  RUNNING  FOLLOWER s0@group-46F048A18FB7:t0, leader=null, voted=null, raftlog=s0@group-46F048A18FB7-SegmentedRaftLog:OPENED:c-1,f-1,i0, conf=-1: [s3:0.0.0.0:39188, s4:0.0.0.0:40778, s0:0.0.0.0:42012, s1:0.0.0.0:45336, s2:0.0.0.0:38783], old=null RUNNING
  s1:  RUNNING  FOLLOWER s1@group-46F048A18FB7:t0, leader=null, voted=null, raftlog=s1@group-46F048A18FB7-SegmentedRaftLog:OPENED:c-1,f-1,i0, conf=-1: [s3:0.0.0.0:39188, s4:0.0.0.0:40778, s0:0.0.0.0:42012, s1:0.0.0.0:45336, s2:0.0.0.0:38783], old=null RUNNING
  s2:  RUNNING  FOLLOWER s2@group-46F048A18FB7:t0, leader=null, voted=null, raftlog=s2@group-46F048A18FB7-SegmentedRaftLog:OPENED:c-1,f-1,i0, conf=-1: [s3:0.0.0.0:39188, s4:0.0.0.0:40778, s0:0.0.0.0:42012, s1:0.0.0.0:45336, s2:0.0.0.0:38783], old=null RUNNING
	at org.apache.ratis.MiniRaftCluster.newIllegalStateExceptionForNoLeaders(MiniRaftCluster.java:506)
	at org.apache.ratis.RaftTestUtil.lambda$waitForLeader$1(RaftTestUtil.java:90)
	at org.apache.ratis.MiniRaftCluster.getLeader(MiniRaftCluster.java:539)
	at org.apache.ratis.MiniRaftCluster.getLeader(MiniRaftCluster.java:532)
	at org.apache.ratis.RaftTestUtil.lambda$waitForLeader$3(RaftTestUtil.java:98)
	at org.apache.ratis.util.JavaUtils.attempt(JavaUtils.java:152)
	at org.apache.ratis.RaftTestUtil.waitForLeader(RaftTestUtil.java:97)
	at org.apache.ratis.RaftTestUtil.waitForLeader(RaftTestUtil.java:77)
	at org.apache.ratis.RaftTestUtil.waitForLeader(RaftTestUtil.java:72)
	at org.apache.ratis.RaftBasicTests.testWithLoad(RaftBasicTests.java:336)
	at org.apache.ratis.RaftBasicTests.lambda$testWithLoad$10(RaftBasicTests.java:328)
	at org.apache.ratis.MiniRaftCluster$Factory$Get.runWithNewCluster(MiniRaftCluster.java:125)
	at org.apache.ratis.MiniRaftCluster$Factory$Get.runWithNewCluster(MiniRaftCluster.java:113)
	at org.apache.ratis.RaftBasicTests.testWithLoad(RaftBasicTests.java:328)
	at org.apache.ratis.netty.TestRaftWithNetty.testWithLoad(TestRaftWithNetty.java:31)
	at sun.reflect.NativeMethodAccessorImpl.invoke0(Native Method)
	at sun.reflect.NativeMethodAccessorImpl.invoke(NativeMethodAccessorImpl.java:62)
	at sun.reflect.DelegatingMethodAccessorImpl.invoke(DelegatingMethodAccessorImpl.java:43)
	at java.lang.reflect.Method.invoke(Method.java:498)
	at org.junit.runners.model.FrameworkMethod$1.runReflectiveCall(FrameworkMethod.java:50)
	at org.junit.internal.runners.model.ReflectiveCallable.run(ReflectiveCallable.java:12)
	at org.junit.runners.model.FrameworkMethod.invokeExplosively(FrameworkMethod.java:47)
	at org.junit.internal.runners.statements.InvokeMethod.evaluate(InvokeMethod.java:17)
	at org.junit.internal.runners.statements.RunAfters.evaluate(RunAfters.java:27)
	at org.junit.internal.runners.statements.FailOnTimeout$CallableStatement.call(FailOnTimeout.java:298)
	at org.junit.internal.runners.statements.FailOnTimeout$CallableStatement.call(FailOnTimeout.java:292)
	at java.util.concurrent.FutureTask.run(FutureTask.java:266)
	at java.lang.Thread.run(Thread.java:748)
2019-09-24 16:42:56,722 INFO  impl.FollowerState (FollowerState.java:run(108)) - s3@group-46F048A18FB7-FollowerState: change to CANDIDATE, lastRpcTime:167ms, electionTimeout:166ms
2019-09-24 16:42:56,726 INFO  impl.RoleInfo (RoleInfo.java:shutdownFollowerState(121)) - s3: shutdown FollowerState
2019-09-24 16:42:56,726 INFO  impl.RaftServerImpl (RaftServerImpl.java:setRole(170)) - s3@group-46F048A18FB7: changes role from  FOLLOWER to CANDIDATE at term 0 for changeToCandidate
2019-09-24 16:42:56,730 INFO  impl.RoleInfo (RoleInfo.java:updateAndGet(143)) - s3: start LeaderElection
2019-09-24 16:42:56,750 INFO  impl.FollowerState (FollowerState.java:run(108)) - s4@group-46F048A18FB7-FollowerState: change to CANDIDATE, lastRpcTime:173ms, electionTimeout:173ms
2019-09-24 16:42:56,751 INFO  impl.RoleInfo (RoleInfo.java:shutdownFollowerState(121)) - s4: shutdown FollowerState
2019-09-24 16:42:56,751 INFO  impl.RaftServerImpl (RaftServerImpl.java:setRole(170)) - s4@group-46F048A18FB7: changes role from  FOLLOWER to CANDIDATE at term 0 for changeToCandidate
2019-09-24 16:42:56,752 INFO  impl.RoleInfo (RoleInfo.java:updateAndGet(143)) - s4: start LeaderElection
2019-09-24 16:42:56,753 INFO  impl.FollowerState (FollowerState.java:run(108)) - s0@group-46F048A18FB7-FollowerState: change to CANDIDATE, lastRpcTime:167ms, electionTimeout:167ms
2019-09-24 16:42:56,753 INFO  impl.RoleInfo (RoleInfo.java:shutdownFollowerState(121)) - s0: shutdown FollowerState
2019-09-24 16:42:56,753 INFO  impl.RaftServerImpl (RaftServerImpl.java:setRole(170)) - s0@group-46F048A18FB7: changes role from  FOLLOWER to CANDIDATE at term 0 for changeToCandidate
2019-09-24 16:42:56,753 INFO  impl.RoleInfo (RoleInfo.java:updateAndGet(143)) - s0: start LeaderElection
2019-09-24 16:42:56,766 INFO  impl.FollowerState (FollowerState.java:run(108)) - s1@group-46F048A18FB7-FollowerState: change to CANDIDATE, lastRpcTime:174ms, electionTimeout:174ms
2019-09-24 16:42:56,767 INFO  impl.RoleInfo (RoleInfo.java:shutdownFollowerState(121)) - s1: shutdown FollowerState
2019-09-24 16:42:56,767 INFO  impl.RaftServerImpl (RaftServerImpl.java:setRole(170)) - s1@group-46F048A18FB7: changes role from  FOLLOWER to CANDIDATE at term 0 for changeToCandidate
2019-09-24 16:42:56,767 INFO  impl.RoleInfo (RoleInfo.java:updateAndGet(143)) - s1: start LeaderElection
2019-09-24 16:42:56,830 INFO  impl.FollowerState (FollowerState.java:run(108)) - s2@group-46F048A18FB7-FollowerState: change to CANDIDATE, lastRpcTime:231ms, electionTimeout:231ms
2019-09-24 16:42:56,830 INFO  impl.RoleInfo (RoleInfo.java:shutdownFollowerState(121)) - s2: shutdown FollowerState
2019-09-24 16:42:56,830 INFO  impl.RaftServerImpl (RaftServerImpl.java:setRole(170)) - s2@group-46F048A18FB7: changes role from  FOLLOWER to CANDIDATE at term 0 for changeToCandidate
2019-09-24 16:42:56,831 INFO  impl.RoleInfo (RoleInfo.java:updateAndGet(143)) - s2: start LeaderElection
2019-09-24 16:42:57,072 WARN  ratis.RaftTestUtil (JavaUtils.java:attempt(158)) - FAILED "waitForLeader-null-(expectLeader? true)", attempt #2/100: java.lang.IllegalStateException: No leader yet : printing ALL groups
  s3:  RUNNING CANDIDATE s3@group-46F048A18FB7:t1, leader=null, voted=s3, raftlog=s3@group-46F048A18FB7-SegmentedRaftLog:OPENED:c-1,f-1,i0, conf=-1: [s3:0.0.0.0:39188, s4:0.0.0.0:40778, s0:0.0.0.0:42012, s1:0.0.0.0:45336, s2:0.0.0.0:38783], old=null RUNNING
  s4:  RUNNING CANDIDATE s4@group-46F048A18FB7:t1, leader=null, voted=s4, raftlog=s4@group-46F048A18FB7-SegmentedRaftLog:OPENED:c-1,f-1,i0, conf=-1: [s3:0.0.0.0:39188, s4:0.0.0.0:40778, s0:0.0.0.0:42012, s1:0.0.0.0:45336, s2:0.0.0.0:38783], old=null RUNNING
  s0:  RUNNING CANDIDATE s0@group-46F048A18FB7:t1, leader=null, voted=s0, raftlog=s0@group-46F048A18FB7-SegmentedRaftLog:OPENED:c-1,f-1,i0, conf=-1: [s3:0.0.0.0:39188, s4:0.0.0.0:40778, s0:0.0.0.0:42012, s1:0.0.0.0:45336, s2:0.0.0.0:38783], old=null RUNNING
  s1:  RUNNING CANDIDATE s1@group-46F048A18FB7:t1, leader=null, voted=s1, raftlog=s1@group-46F048A18FB7-SegmentedRaftLog:OPENED:c-1,f-1,i0, conf=-1: [s3:0.0.0.0:39188, s4:0.0.0.0:40778, s0:0.0.0.0:42012, s1:0.0.0.0:45336, s2:0.0.0.0:38783], old=null RUNNING
  s2:  RUNNING CANDIDATE s2@group-46F048A18FB7:t1, leader=null, voted=s2, raftlog=s2@group-46F048A18FB7-SegmentedRaftLog:OPENED:c-1,f-1,i0, conf=-1: [s3:0.0.0.0:39188, s4:0.0.0.0:40778, s0:0.0.0.0:42012, s1:0.0.0.0:45336, s2:0.0.0.0:38783], old=null RUNNING, sleep 450ms and then retry.
java.lang.IllegalStateException: No leader yet : printing ALL groups
  s3:  RUNNING CANDIDATE s3@group-46F048A18FB7:t1, leader=null, voted=s3, raftlog=s3@group-46F048A18FB7-SegmentedRaftLog:OPENED:c-1,f-1,i0, conf=-1: [s3:0.0.0.0:39188, s4:0.0.0.0:40778, s0:0.0.0.0:42012, s1:0.0.0.0:45336, s2:0.0.0.0:38783], old=null RUNNING
  s4:  RUNNING CANDIDATE s4@group-46F048A18FB7:t1, leader=null, voted=s4, raftlog=s4@group-46F048A18FB7-SegmentedRaftLog:OPENED:c-1,f-1,i0, conf=-1: [s3:0.0.0.0:39188, s4:0.0.0.0:40778, s0:0.0.0.0:42012, s1:0.0.0.0:45336, s2:0.0.0.0:38783], old=null RUNNING
  s0:  RUNNING CANDIDATE s0@group-46F048A18FB7:t1, leader=null, voted=s0, raftlog=s0@group-46F048A18FB7-SegmentedRaftLog:OPENED:c-1,f-1,i0, conf=-1: [s3:0.0.0.0:39188, s4:0.0.0.0:40778, s0:0.0.0.0:42012, s1:0.0.0.0:45336, s2:0.0.0.0:38783], old=null RUNNING
  s1:  RUNNING CANDIDATE s1@group-46F048A18FB7:t1, leader=null, voted=s1, raftlog=s1@group-46F048A18FB7-SegmentedRaftLog:OPENED:c-1,f-1,i0, conf=-1: [s3:0.0.0.0:39188, s4:0.0.0.0:40778, s0:0.0.0.0:42012, s1:0.0.0.0:45336, s2:0.0.0.0:38783], old=null RUNNING
  s2:  RUNNING CANDIDATE s2@group-46F048A18FB7:t1, leader=null, voted=s2, raftlog=s2@group-46F048A18FB7-SegmentedRaftLog:OPENED:c-1,f-1,i0, conf=-1: [s3:0.0.0.0:39188, s4:0.0.0.0:40778, s0:0.0.0.0:42012, s1:0.0.0.0:45336, s2:0.0.0.0:38783], old=null RUNNING
	at org.apache.ratis.MiniRaftCluster.newIllegalStateExceptionForNoLeaders(MiniRaftCluster.java:506)
	at org.apache.ratis.RaftTestUtil.lambda$waitForLeader$1(RaftTestUtil.java:90)
	at org.apache.ratis.MiniRaftCluster.getLeader(MiniRaftCluster.java:539)
	at org.apache.ratis.MiniRaftCluster.getLeader(MiniRaftCluster.java:532)
	at org.apache.ratis.RaftTestUtil.lambda$waitForLeader$3(RaftTestUtil.java:98)
	at org.apache.ratis.util.JavaUtils.attempt(JavaUtils.java:152)
	at org.apache.ratis.RaftTestUtil.waitForLeader(RaftTestUtil.java:97)
	at org.apache.ratis.RaftTestUtil.waitForLeader(RaftTestUtil.java:77)
	at org.apache.ratis.RaftTestUtil.waitForLeader(RaftTestUtil.java:72)
	at org.apache.ratis.RaftBasicTests.testWithLoad(RaftBasicTests.java:336)
	at org.apache.ratis.RaftBasicTests.lambda$testWithLoad$10(RaftBasicTests.java:328)
	at org.apache.ratis.MiniRaftCluster$Factory$Get.runWithNewCluster(MiniRaftCluster.java:125)
	at org.apache.ratis.MiniRaftCluster$Factory$Get.runWithNewCluster(MiniRaftCluster.java:113)
	at org.apache.ratis.RaftBasicTests.testWithLoad(RaftBasicTests.java:328)
	at org.apache.ratis.netty.TestRaftWithNetty.testWithLoad(TestRaftWithNetty.java:31)
	at sun.reflect.NativeMethodAccessorImpl.invoke0(Native Method)
	at sun.reflect.NativeMethodAccessorImpl.invoke(NativeMethodAccessorImpl.java:62)
	at sun.reflect.DelegatingMethodAccessorImpl.invoke(DelegatingMethodAccessorImpl.java:43)
	at java.lang.reflect.Method.invoke(Method.java:498)
	at org.junit.runners.model.FrameworkMethod$1.runReflectiveCall(FrameworkMethod.java:50)
	at org.junit.internal.runners.model.ReflectiveCallable.run(ReflectiveCallable.java:12)
	at org.junit.runners.model.FrameworkMethod.invokeExplosively(FrameworkMethod.java:47)
	at org.junit.internal.runners.statements.InvokeMethod.evaluate(InvokeMethod.java:17)
	at org.junit.internal.runners.statements.RunAfters.evaluate(RunAfters.java:27)
	at org.junit.internal.runners.statements.FailOnTimeout$CallableStatement.call(FailOnTimeout.java:298)
	at org.junit.internal.runners.statements.FailOnTimeout$CallableStatement.call(FailOnTimeout.java:292)
	at java.util.concurrent.FutureTask.run(FutureTask.java:266)
	at java.lang.Thread.run(Thread.java:748)
2019-09-24 16:42:57,545 WARN  ratis.RaftTestUtil (JavaUtils.java:attempt(158)) - FAILED "waitForLeader-null-(expectLeader? true)", attempt #3/100: java.lang.IllegalStateException: No leader yet : printing ALL groups
  s3:  RUNNING CANDIDATE s3@group-46F048A18FB7:t1, leader=null, voted=s3, raftlog=s3@group-46F048A18FB7-SegmentedRaftLog:OPENED:c-1,f-1,i0, conf=-1: [s3:0.0.0.0:39188, s4:0.0.0.0:40778, s0:0.0.0.0:42012, s1:0.0.0.0:45336, s2:0.0.0.0:38783], old=null RUNNING
  s4:  RUNNING CANDIDATE s4@group-46F048A18FB7:t1, leader=null, voted=s4, raftlog=s4@group-46F048A18FB7-SegmentedRaftLog:OPENED:c-1,f-1,i0, conf=-1: [s3:0.0.0.0:39188, s4:0.0.0.0:40778, s0:0.0.0.0:42012, s1:0.0.0.0:45336, s2:0.0.0.0:38783], old=null RUNNING
  s0:  RUNNING CANDIDATE s0@group-46F048A18FB7:t1, leader=null, voted=s0, raftlog=s0@group-46F048A18FB7-SegmentedRaftLog:OPENED:c-1,f-1,i0, conf=-1: [s3:0.0.0.0:39188, s4:0.0.0.0:40778, s0:0.0.0.0:42012, s1:0.0.0.0:45336, s2:0.0.0.0:38783], old=null RUNNING
  s1:  RUNNING CANDIDATE s1@group-46F048A18FB7:t1, leader=null, voted=s1, raftlog=s1@group-46F048A18FB7-SegmentedRaftLog:OPENED:c-1,f-1,i0, conf=-1: [s3:0.0.0.0:39188, s4:0.0.0.0:40778, s0:0.0.0.0:42012, s1:0.0.0.0:45336, s2:0.0.0.0:38783], old=null RUNNING
  s2:  RUNNING CANDIDATE s2@group-46F048A18FB7:t1, leader=null, voted=s2, raftlog=s2@group-46F048A18FB7-SegmentedRaftLog:OPENED:c-1,f-1,i0, conf=-1: [s3:0.0.0.0:39188, s4:0.0.0.0:40778, s0:0.0.0.0:42012, s1:0.0.0.0:45336, s2:0.0.0.0:38783], old=null RUNNING, sleep 450ms and then retry.
java.lang.IllegalStateException: No leader yet : printing ALL groups
  s3:  RUNNING CANDIDATE s3@group-46F048A18FB7:t1, leader=null, voted=s3, raftlog=s3@group-46F048A18FB7-SegmentedRaftLog:OPENED:c-1,f-1,i0, conf=-1: [s3:0.0.0.0:39188, s4:0.0.0.0:40778, s0:0.0.0.0:42012, s1:0.0.0.0:45336, s2:0.0.0.0:38783], old=null RUNNING
  s4:  RUNNING CANDIDATE s4@group-46F048A18FB7:t1, leader=null, voted=s4, raftlog=s4@group-46F048A18FB7-SegmentedRaftLog:OPENED:c-1,f-1,i0, conf=-1: [s3:0.0.0.0:39188, s4:0.0.0.0:40778, s0:0.0.0.0:42012, s1:0.0.0.0:45336, s2:0.0.0.0:38783], old=null RUNNING
  s0:  RUNNING CANDIDATE s0@group-46F048A18FB7:t1, leader=null, voted=s0, raftlog=s0@group-46F048A18FB7-SegmentedRaftLog:OPENED:c-1,f-1,i0, conf=-1: [s3:0.0.0.0:39188, s4:0.0.0.0:40778, s0:0.0.0.0:42012, s1:0.0.0.0:45336, s2:0.0.0.0:38783], old=null RUNNING
  s1:  RUNNING CANDIDATE s1@group-46F048A18FB7:t1, leader=null, voted=s1, raftlog=s1@group-46F048A18FB7-SegmentedRaftLog:OPENED:c-1,f-1,i0, conf=-1: [s3:0.0.0.0:39188, s4:0.0.0.0:40778, s0:0.0.0.0:42012, s1:0.0.0.0:45336, s2:0.0.0.0:38783], old=null RUNNING
  s2:  RUNNING CANDIDATE s2@group-46F048A18FB7:t1, leader=null, voted=s2, raftlog=s2@group-46F048A18FB7-SegmentedRaftLog:OPENED:c-1,f-1,i0, conf=-1: [s3:0.0.0.0:39188, s4:0.0.0.0:40778, s0:0.0.0.0:42012, s1:0.0.0.0:45336, s2:0.0.0.0:38783], old=null RUNNING
	at org.apache.ratis.MiniRaftCluster.newIllegalStateExceptionForNoLeaders(MiniRaftCluster.java:506)
	at org.apache.ratis.RaftTestUtil.lambda$waitForLeader$1(RaftTestUtil.java:90)
	at org.apache.ratis.MiniRaftCluster.getLeader(MiniRaftCluster.java:539)
	at org.apache.ratis.MiniRaftCluster.getLeader(MiniRaftCluster.java:532)
	at org.apache.ratis.RaftTestUtil.lambda$waitForLeader$3(RaftTestUtil.java:98)
	at org.apache.ratis.util.JavaUtils.attempt(JavaUtils.java:152)
	at org.apache.ratis.RaftTestUtil.waitForLeader(RaftTestUtil.java:97)
	at org.apache.ratis.RaftTestUtil.waitForLeader(RaftTestUtil.java:77)
	at org.apache.ratis.RaftTestUtil.waitForLeader(RaftTestUtil.java:72)
	at org.apache.ratis.RaftBasicTests.testWithLoad(RaftBasicTests.java:336)
	at org.apache.ratis.RaftBasicTests.lambda$testWithLoad$10(RaftBasicTests.java:328)
	at org.apache.ratis.MiniRaftCluster$Factory$Get.runWithNewCluster(MiniRaftCluster.java:125)
	at org.apache.ratis.MiniRaftCluster$Factory$Get.runWithNewCluster(MiniRaftCluster.java:113)
	at org.apache.ratis.RaftBasicTests.testWithLoad(RaftBasicTests.java:328)
	at org.apache.ratis.netty.TestRaftWithNetty.testWithLoad(TestRaftWithNetty.java:31)
	at sun.reflect.NativeMethodAccessorImpl.invoke0(Native Method)
	at sun.reflect.NativeMethodAccessorImpl.invoke(NativeMethodAccessorImpl.java:62)
	at sun.reflect.DelegatingMethodAccessorImpl.invoke(DelegatingMethodAccessorImpl.java:43)
	at java.lang.reflect.Method.invoke(Method.java:498)
	at org.junit.runners.model.FrameworkMethod$1.runReflectiveCall(FrameworkMethod.java:50)
	at org.junit.internal.runners.model.ReflectiveCallable.run(ReflectiveCallable.java:12)
	at org.junit.runners.model.FrameworkMethod.invokeExplosively(FrameworkMethod.java:47)
	at org.junit.internal.runners.statements.InvokeMethod.evaluate(InvokeMethod.java:17)
	at org.junit.internal.runners.statements.RunAfters.evaluate(RunAfters.java:27)
	at org.junit.internal.runners.statements.FailOnTimeout$CallableStatement.call(FailOnTimeout.java:298)
	at org.junit.internal.runners.statements.FailOnTimeout$CallableStatement.call(FailOnTimeout.java:292)
	at java.util.concurrent.FutureTask.run(FutureTask.java:266)
	at java.lang.Thread.run(Thread.java:748)
2019-09-24 16:42:57,999 WARN  ratis.RaftTestUtil (JavaUtils.java:attempt(158)) - FAILED "waitForLeader-null-(expectLeader? true)", attempt #4/100: java.lang.IllegalStateException: No leader yet : printing ALL groups
  s3:  RUNNING CANDIDATE s3@group-46F048A18FB7:t1, leader=null, voted=s3, raftlog=s3@group-46F048A18FB7-SegmentedRaftLog:OPENED:c-1,f-1,i0, conf=-1: [s3:0.0.0.0:39188, s4:0.0.0.0:40778, s0:0.0.0.0:42012, s1:0.0.0.0:45336, s2:0.0.0.0:38783], old=null RUNNING
  s4:  RUNNING CANDIDATE s4@group-46F048A18FB7:t1, leader=null, voted=s4, raftlog=s4@group-46F048A18FB7-SegmentedRaftLog:OPENED:c-1,f-1,i0, conf=-1: [s3:0.0.0.0:39188, s4:0.0.0.0:40778, s0:0.0.0.0:42012, s1:0.0.0.0:45336, s2:0.0.0.0:38783], old=null RUNNING
  s0:  RUNNING CANDIDATE s0@group-46F048A18FB7:t1, leader=null, voted=s0, raftlog=s0@group-46F048A18FB7-SegmentedRaftLog:OPENED:c-1,f-1,i0, conf=-1: [s3:0.0.0.0:39188, s4:0.0.0.0:40778, s0:0.0.0.0:42012, s1:0.0.0.0:45336, s2:0.0.0.0:38783], old=null RUNNING
  s1:  RUNNING CANDIDATE s1@group-46F048A18FB7:t1, leader=null, voted=s1, raftlog=s1@group-46F048A18FB7-SegmentedRaftLog:OPENED:c-1,f-1,i0, conf=-1: [s3:0.0.0.0:39188, s4:0.0.0.0:40778, s0:0.0.0.0:42012, s1:0.0.0.0:45336, s2:0.0.0.0:38783], old=null RUNNING
  s2:  RUNNING CANDIDATE s2@group-46F048A18FB7:t1, leader=null, voted=s2, raftlog=s2@group-46F048A18FB7-SegmentedRaftLog:OPENED:c-1,f-1,i0, conf=-1: [s3:0.0.0.0:39188, s4:0.0.0.0:40778, s0:0.0.0.0:42012, s1:0.0.0.0:45336, s2:0.0.0.0:38783], old=null RUNNING, sleep 450ms and then retry.
java.lang.IllegalStateException: No leader yet : printing ALL groups
  s3:  RUNNING CANDIDATE s3@group-46F048A18FB7:t1, leader=null, voted=s3, raftlog=s3@group-46F048A18FB7-SegmentedRaftLog:OPENED:c-1,f-1,i0, conf=-1: [s3:0.0.0.0:39188, s4:0.0.0.0:40778, s0:0.0.0.0:42012, s1:0.0.0.0:45336, s2:0.0.0.0:38783], old=null RUNNING
  s4:  RUNNING CANDIDATE s4@group-46F048A18FB7:t1, leader=null, voted=s4, raftlog=s4@group-46F048A18FB7-SegmentedRaftLog:OPENED:c-1,f-1,i0, conf=-1: [s3:0.0.0.0:39188, s4:0.0.0.0:40778, s0:0.0.0.0:42012, s1:0.0.0.0:45336, s2:0.0.0.0:38783], old=null RUNNING
  s0:  RUNNING CANDIDATE s0@group-46F048A18FB7:t1, leader=null, voted=s0, raftlog=s0@group-46F048A18FB7-SegmentedRaftLog:OPENED:c-1,f-1,i0, conf=-1: [s3:0.0.0.0:39188, s4:0.0.0.0:40778, s0:0.0.0.0:42012, s1:0.0.0.0:45336, s2:0.0.0.0:38783], old=null RUNNING
  s1:  RUNNING CANDIDATE s1@group-46F048A18FB7:t1, leader=null, voted=s1, raftlog=s1@group-46F048A18FB7-SegmentedRaftLog:OPENED:c-1,f-1,i0, conf=-1: [s3:0.0.0.0:39188, s4:0.0.0.0:40778, s0:0.0.0.0:42012, s1:0.0.0.0:45336, s2:0.0.0.0:38783], old=null RUNNING
  s2:  RUNNING CANDIDATE s2@group-46F048A18FB7:t1, leader=null, voted=s2, raftlog=s2@group-46F048A18FB7-SegmentedRaftLog:OPENED:c-1,f-1,i0, conf=-1: [s3:0.0.0.0:39188, s4:0.0.0.0:40778, s0:0.0.0.0:42012, s1:0.0.0.0:45336, s2:0.0.0.0:38783], old=null RUNNING
	at org.apache.ratis.MiniRaftCluster.newIllegalStateExceptionForNoLeaders(MiniRaftCluster.java:506)
	at org.apache.ratis.RaftTestUtil.lambda$waitForLeader$1(RaftTestUtil.java:90)
	at org.apache.ratis.MiniRaftCluster.getLeader(MiniRaftCluster.java:539)
	at org.apache.ratis.MiniRaftCluster.getLeader(MiniRaftCluster.java:532)
	at org.apache.ratis.RaftTestUtil.lambda$waitForLeader$3(RaftTestUtil.java:98)
	at org.apache.ratis.util.JavaUtils.attempt(JavaUtils.java:152)
	at org.apache.ratis.RaftTestUtil.waitForLeader(RaftTestUtil.java:97)
	at org.apache.ratis.RaftTestUtil.waitForLeader(RaftTestUtil.java:77)
	at org.apache.ratis.RaftTestUtil.waitForLeader(RaftTestUtil.java:72)
	at org.apache.ratis.RaftBasicTests.testWithLoad(RaftBasicTests.java:336)
	at org.apache.ratis.RaftBasicTests.lambda$testWithLoad$10(RaftBasicTests.java:328)
	at org.apache.ratis.MiniRaftCluster$Factory$Get.runWithNewCluster(MiniRaftCluster.java:125)
	at org.apache.ratis.MiniRaftCluster$Factory$Get.runWithNewCluster(MiniRaftCluster.java:113)
	at org.apache.ratis.RaftBasicTests.testWithLoad(RaftBasicTests.java:328)
	at org.apache.ratis.netty.TestRaftWithNetty.testWithLoad(TestRaftWithNetty.java:31)
	at sun.reflect.NativeMethodAccessorImpl.invoke0(Native Method)
	at sun.reflect.NativeMethodAccessorImpl.invoke(NativeMethodAccessorImpl.java:62)
	at sun.reflect.DelegatingMethodAccessorImpl.invoke(DelegatingMethodAccessorImpl.java:43)
	at java.lang.reflect.Method.invoke(Method.java:498)
	at org.junit.runners.model.FrameworkMethod$1.runReflectiveCall(FrameworkMethod.java:50)
	at org.junit.internal.runners.model.ReflectiveCallable.run(ReflectiveCallable.java:12)
	at org.junit.runners.model.FrameworkMethod.invokeExplosively(FrameworkMethod.java:47)
	at org.junit.internal.runners.statements.InvokeMethod.evaluate(InvokeMethod.java:17)
	at org.junit.internal.runners.statements.RunAfters.evaluate(RunAfters.java:27)
	at org.junit.internal.runners.statements.FailOnTimeout$CallableStatement.call(FailOnTimeout.java:298)
	at org.junit.internal.runners.statements.FailOnTimeout$CallableStatement.call(FailOnTimeout.java:292)
	at java.util.concurrent.FutureTask.run(FutureTask.java:266)
	at java.lang.Thread.run(Thread.java:748)
2019-09-24 16:42:58,452 WARN  ratis.RaftTestUtil (JavaUtils.java:attempt(158)) - FAILED "waitForLeader-null-(expectLeader? true)", attempt #5/100: java.lang.IllegalStateException: No leader yet : printing ALL groups
  s3:  RUNNING CANDIDATE s3@group-46F048A18FB7:t1, leader=null, voted=s3, raftlog=s3@group-46F048A18FB7-SegmentedRaftLog:OPENED:c-1,f-1,i0, conf=-1: [s3:0.0.0.0:39188, s4:0.0.0.0:40778, s0:0.0.0.0:42012, s1:0.0.0.0:45336, s2:0.0.0.0:38783], old=null RUNNING
  s4:  RUNNING CANDIDATE s4@group-46F048A18FB7:t1, leader=null, voted=s4, raftlog=s4@group-46F048A18FB7-SegmentedRaftLog:OPENED:c-1,f-1,i0, conf=-1: [s3:0.0.0.0:39188, s4:0.0.0.0:40778, s0:0.0.0.0:42012, s1:0.0.0.0:45336, s2:0.0.0.0:38783], old=null RUNNING
  s0:  RUNNING CANDIDATE s0@group-46F048A18FB7:t1, leader=null, voted=s0, raftlog=s0@group-46F048A18FB7-SegmentedRaftLog:OPENED:c-1,f-1,i0, conf=-1: [s3:0.0.0.0:39188, s4:0.0.0.0:40778, s0:0.0.0.0:42012, s1:0.0.0.0:45336, s2:0.0.0.0:38783], old=null RUNNING
  s1:  RUNNING CANDIDATE s1@group-46F048A18FB7:t1, leader=null, voted=s1, raftlog=s1@group-46F048A18FB7-SegmentedRaftLog:OPENED:c-1,f-1,i0, conf=-1: [s3:0.0.0.0:39188, s4:0.0.0.0:40778, s0:0.0.0.0:42012, s1:0.0.0.0:45336, s2:0.0.0.0:38783], old=null RUNNING
  s2:  RUNNING CANDIDATE s2@group-46F048A18FB7:t1, leader=null, voted=s2, raftlog=s2@group-46F048A18FB7-SegmentedRaftLog:OPENED:c-1,f-1,i0, conf=-1: [s3:0.0.0.0:39188, s4:0.0.0.0:40778, s0:0.0.0.0:42012, s1:0.0.0.0:45336, s2:0.0.0.0:38783], old=null RUNNING, sleep 450ms and then retry.
java.lang.IllegalStateException: No leader yet : printing ALL groups
  s3:  RUNNING CANDIDATE s3@group-46F048A18FB7:t1, leader=null, voted=s3, raftlog=s3@group-46F048A18FB7-SegmentedRaftLog:OPENED:c-1,f-1,i0, conf=-1: [s3:0.0.0.0:39188, s4:0.0.0.0:40778, s0:0.0.0.0:42012, s1:0.0.0.0:45336, s2:0.0.0.0:38783], old=null RUNNING
  s4:  RUNNING CANDIDATE s4@group-46F048A18FB7:t1, leader=null, voted=s4, raftlog=s4@group-46F048A18FB7-SegmentedRaftLog:OPENED:c-1,f-1,i0, conf=-1: [s3:0.0.0.0:39188, s4:0.0.0.0:40778, s0:0.0.0.0:42012, s1:0.0.0.0:45336, s2:0.0.0.0:38783], old=null RUNNING
  s0:  RUNNING CANDIDATE s0@group-46F048A18FB7:t1, leader=null, voted=s0, raftlog=s0@group-46F048A18FB7-SegmentedRaftLog:OPENED:c-1,f-1,i0, conf=-1: [s3:0.0.0.0:39188, s4:0.0.0.0:40778, s0:0.0.0.0:42012, s1:0.0.0.0:45336, s2:0.0.0.0:38783], old=null RUNNING
  s1:  RUNNING CANDIDATE s1@group-46F048A18FB7:t1, leader=null, voted=s1, raftlog=s1@group-46F048A18FB7-SegmentedRaftLog:OPENED:c-1,f-1,i0, conf=-1: [s3:0.0.0.0:39188, s4:0.0.0.0:40778, s0:0.0.0.0:42012, s1:0.0.0.0:45336, s2:0.0.0.0:38783], old=null RUNNING
  s2:  RUNNING CANDIDATE s2@group-46F048A18FB7:t1, leader=null, voted=s2, raftlog=s2@group-46F048A18FB7-SegmentedRaftLog:OPENED:c-1,f-1,i0, conf=-1: [s3:0.0.0.0:39188, s4:0.0.0.0:40778, s0:0.0.0.0:42012, s1:0.0.0.0:45336, s2:0.0.0.0:38783], old=null RUNNING
	at org.apache.ratis.MiniRaftCluster.newIllegalStateExceptionForNoLeaders(MiniRaftCluster.java:506)
	at org.apache.ratis.RaftTestUtil.lambda$waitForLeader$1(RaftTestUtil.java:90)
	at org.apache.ratis.MiniRaftCluster.getLeader(MiniRaftCluster.java:539)
	at org.apache.ratis.MiniRaftCluster.getLeader(MiniRaftCluster.java:532)
	at org.apache.ratis.RaftTestUtil.lambda$waitForLeader$3(RaftTestUtil.java:98)
	at org.apache.ratis.util.JavaUtils.attempt(JavaUtils.java:152)
	at org.apache.ratis.RaftTestUtil.waitForLeader(RaftTestUtil.java:97)
	at org.apache.ratis.RaftTestUtil.waitForLeader(RaftTestUtil.java:77)
	at org.apache.ratis.RaftTestUtil.waitForLeader(RaftTestUtil.java:72)
	at org.apache.ratis.RaftBasicTests.testWithLoad(RaftBasicTests.java:336)
	at org.apache.ratis.RaftBasicTests.lambda$testWithLoad$10(RaftBasicTests.java:328)
	at org.apache.ratis.MiniRaftCluster$Factory$Get.runWithNewCluster(MiniRaftCluster.java:125)
	at org.apache.ratis.MiniRaftCluster$Factory$Get.runWithNewCluster(MiniRaftCluster.java:113)
	at org.apache.ratis.RaftBasicTests.testWithLoad(RaftBasicTests.java:328)
	at org.apache.ratis.netty.TestRaftWithNetty.testWithLoad(TestRaftWithNetty.java:31)
	at sun.reflect.NativeMethodAccessorImpl.invoke0(Native Method)
	at sun.reflect.NativeMethodAccessorImpl.invoke(NativeMethodAccessorImpl.java:62)
	at sun.reflect.DelegatingMethodAccessorImpl.invoke(DelegatingMethodAccessorImpl.java:43)
	at java.lang.reflect.Method.invoke(Method.java:498)
	at org.junit.runners.model.FrameworkMethod$1.runReflectiveCall(FrameworkMethod.java:50)
	at org.junit.internal.runners.model.ReflectiveCallable.run(ReflectiveCallable.java:12)
	at org.junit.runners.model.FrameworkMethod.invokeExplosively(FrameworkMethod.java:47)
	at org.junit.internal.runners.statements.InvokeMethod.evaluate(InvokeMethod.java:17)
	at org.junit.internal.runners.statements.RunAfters.evaluate(RunAfters.java:27)
	at org.junit.internal.runners.statements.FailOnTimeout$CallableStatement.call(FailOnTimeout.java:298)
	at org.junit.internal.runners.statements.FailOnTimeout$CallableStatement.call(FailOnTimeout.java:292)
	at java.util.concurrent.FutureTask.run(FutureTask.java:266)
	at java.lang.Thread.run(Thread.java:748)
2019-09-24 16:42:58,906 WARN  ratis.RaftTestUtil (JavaUtils.java:attempt(158)) - FAILED "waitForLeader-null-(expectLeader? true)", attempt #6/100: java.lang.IllegalStateException: No leader yet : printing ALL groups
  s3:  RUNNING CANDIDATE s3@group-46F048A18FB7:t1, leader=null, voted=s3, raftlog=s3@group-46F048A18FB7-SegmentedRaftLog:OPENED:c-1,f-1,i0, conf=-1: [s3:0.0.0.0:39188, s4:0.0.0.0:40778, s0:0.0.0.0:42012, s1:0.0.0.0:45336, s2:0.0.0.0:38783], old=null RUNNING
  s4:  RUNNING CANDIDATE s4@group-46F048A18FB7:t1, leader=null, voted=s4, raftlog=s4@group-46F048A18FB7-SegmentedRaftLog:OPENED:c-1,f-1,i0, conf=-1: [s3:0.0.0.0:39188, s4:0.0.0.0:40778, s0:0.0.0.0:42012, s1:0.0.0.0:45336, s2:0.0.0.0:38783], old=null RUNNING
  s0:  RUNNING CANDIDATE s0@group-46F048A18FB7:t1, leader=null, voted=s0, raftlog=s0@group-46F048A18FB7-SegmentedRaftLog:OPENED:c-1,f-1,i0, conf=-1: [s3:0.0.0.0:39188, s4:0.0.0.0:40778, s0:0.0.0.0:42012, s1:0.0.0.0:45336, s2:0.0.0.0:38783], old=null RUNNING
  s1:  RUNNING CANDIDATE s1@group-46F048A18FB7:t1, leader=null, voted=s1, raftlog=s1@group-46F048A18FB7-SegmentedRaftLog:OPENED:c-1,f-1,i0, conf=-1: [s3:0.0.0.0:39188, s4:0.0.0.0:40778, s0:0.0.0.0:42012, s1:0.0.0.0:45336, s2:0.0.0.0:38783], old=null RUNNING
  s2:  RUNNING CANDIDATE s2@group-46F048A18FB7:t1, leader=null, voted=s2, raftlog=s2@group-46F048A18FB7-SegmentedRaftLog:OPENED:c-1,f-1,i0, conf=-1: [s3:0.0.0.0:39188, s4:0.0.0.0:40778, s0:0.0.0.0:42012, s1:0.0.0.0:45336, s2:0.0.0.0:38783], old=null RUNNING, sleep 450ms and then retry.
java.lang.IllegalStateException: No leader yet : printing ALL groups
  s3:  RUNNING CANDIDATE s3@group-46F048A18FB7:t1, leader=null, voted=s3, raftlog=s3@group-46F048A18FB7-SegmentedRaftLog:OPENED:c-1,f-1,i0, conf=-1: [s3:0.0.0.0:39188, s4:0.0.0.0:40778, s0:0.0.0.0:42012, s1:0.0.0.0:45336, s2:0.0.0.0:38783], old=null RUNNING
  s4:  RUNNING CANDIDATE s4@group-46F048A18FB7:t1, leader=null, voted=s4, raftlog=s4@group-46F048A18FB7-SegmentedRaftLog:OPENED:c-1,f-1,i0, conf=-1: [s3:0.0.0.0:39188, s4:0.0.0.0:40778, s0:0.0.0.0:42012, s1:0.0.0.0:45336, s2:0.0.0.0:38783], old=null RUNNING
  s0:  RUNNING CANDIDATE s0@group-46F048A18FB7:t1, leader=null, voted=s0, raftlog=s0@group-46F048A18FB7-SegmentedRaftLog:OPENED:c-1,f-1,i0, conf=-1: [s3:0.0.0.0:39188, s4:0.0.0.0:40778, s0:0.0.0.0:42012, s1:0.0.0.0:45336, s2:0.0.0.0:38783], old=null RUNNING
  s1:  RUNNING CANDIDATE s1@group-46F048A18FB7:t1, leader=null, voted=s1, raftlog=s1@group-46F048A18FB7-SegmentedRaftLog:OPENED:c-1,f-1,i0, conf=-1: [s3:0.0.0.0:39188, s4:0.0.0.0:40778, s0:0.0.0.0:42012, s1:0.0.0.0:45336, s2:0.0.0.0:38783], old=null RUNNING
  s2:  RUNNING CANDIDATE s2@group-46F048A18FB7:t1, leader=null, voted=s2, raftlog=s2@group-46F048A18FB7-SegmentedRaftLog:OPENED:c-1,f-1,i0, conf=-1: [s3:0.0.0.0:39188, s4:0.0.0.0:40778, s0:0.0.0.0:42012, s1:0.0.0.0:45336, s2:0.0.0.0:38783], old=null RUNNING
	at org.apache.ratis.MiniRaftCluster.newIllegalStateExceptionForNoLeaders(MiniRaftCluster.java:506)
	at org.apache.ratis.RaftTestUtil.lambda$waitForLeader$1(RaftTestUtil.java:90)
	at org.apache.ratis.MiniRaftCluster.getLeader(MiniRaftCluster.java:539)
	at org.apache.ratis.MiniRaftCluster.getLeader(MiniRaftCluster.java:532)
	at org.apache.ratis.RaftTestUtil.lambda$waitForLeader$3(RaftTestUtil.java:98)
	at org.apache.ratis.util.JavaUtils.attempt(JavaUtils.java:152)
	at org.apache.ratis.RaftTestUtil.waitForLeader(RaftTestUtil.java:97)
	at org.apache.ratis.RaftTestUtil.waitForLeader(RaftTestUtil.java:77)
	at org.apache.ratis.RaftTestUtil.waitForLeader(RaftTestUtil.java:72)
	at org.apache.ratis.RaftBasicTests.testWithLoad(RaftBasicTests.java:336)
	at org.apache.ratis.RaftBasicTests.lambda$testWithLoad$10(RaftBasicTests.java:328)
	at org.apache.ratis.MiniRaftCluster$Factory$Get.runWithNewCluster(MiniRaftCluster.java:125)
	at org.apache.ratis.MiniRaftCluster$Factory$Get.runWithNewCluster(MiniRaftCluster.java:113)
	at org.apache.ratis.RaftBasicTests.testWithLoad(RaftBasicTests.java:328)
	at org.apache.ratis.netty.TestRaftWithNetty.testWithLoad(TestRaftWithNetty.java:31)
	at sun.reflect.NativeMethodAccessorImpl.invoke0(Native Method)
	at sun.reflect.NativeMethodAccessorImpl.invoke(NativeMethodAccessorImpl.java:62)
	at sun.reflect.DelegatingMethodAccessorImpl.invoke(DelegatingMethodAccessorImpl.java:43)
	at java.lang.reflect.Method.invoke(Method.java:498)
	at org.junit.runners.model.FrameworkMethod$1.runReflectiveCall(FrameworkMethod.java:50)
	at org.junit.internal.runners.model.ReflectiveCallable.run(ReflectiveCallable.java:12)
	at org.junit.runners.model.FrameworkMethod.invokeExplosively(FrameworkMethod.java:47)
	at org.junit.internal.runners.statements.InvokeMethod.evaluate(InvokeMethod.java:17)
	at org.junit.internal.runners.statements.RunAfters.evaluate(RunAfters.java:27)
	at org.junit.internal.runners.statements.FailOnTimeout$CallableStatement.call(FailOnTimeout.java:298)
	at org.junit.internal.runners.statements.FailOnTimeout$CallableStatement.call(FailOnTimeout.java:292)
	at java.util.concurrent.FutureTask.run(FutureTask.java:266)
	at java.lang.Thread.run(Thread.java:748)
2019-09-24 16:42:59,359 WARN  ratis.RaftTestUtil (JavaUtils.java:attempt(158)) - FAILED "waitForLeader-null-(expectLeader? true)", attempt #7/100: java.lang.IllegalStateException: No leader yet : printing ALL groups
  s3:  RUNNING CANDIDATE s3@group-46F048A18FB7:t1, leader=null, voted=s3, raftlog=s3@group-46F048A18FB7-SegmentedRaftLog:OPENED:c-1,f-1,i0, conf=-1: [s3:0.0.0.0:39188, s4:0.0.0.0:40778, s0:0.0.0.0:42012, s1:0.0.0.0:45336, s2:0.0.0.0:38783], old=null RUNNING
  s4:  RUNNING CANDIDATE s4@group-46F048A18FB7:t1, leader=null, voted=s4, raftlog=s4@group-46F048A18FB7-SegmentedRaftLog:OPENED:c-1,f-1,i0, conf=-1: [s3:0.0.0.0:39188, s4:0.0.0.0:40778, s0:0.0.0.0:42012, s1:0.0.0.0:45336, s2:0.0.0.0:38783], old=null RUNNING
  s0:  RUNNING CANDIDATE s0@group-46F048A18FB7:t1, leader=null, voted=s0, raftlog=s0@group-46F048A18FB7-SegmentedRaftLog:OPENED:c-1,f-1,i0, conf=-1: [s3:0.0.0.0:39188, s4:0.0.0.0:40778, s0:0.0.0.0:42012, s1:0.0.0.0:45336, s2:0.0.0.0:38783], old=null RUNNING
  s1:  RUNNING CANDIDATE s1@group-46F048A18FB7:t1, leader=null, voted=s1, raftlog=s1@group-46F048A18FB7-SegmentedRaftLog:OPENED:c-1,f-1,i0, conf=-1: [s3:0.0.0.0:39188, s4:0.0.0.0:40778, s0:0.0.0.0:42012, s1:0.0.0.0:45336, s2:0.0.0.0:38783], old=null RUNNING
  s2:  RUNNING CANDIDATE s2@group-46F048A18FB7:t1, leader=null, voted=s2, raftlog=s2@group-46F048A18FB7-SegmentedRaftLog:OPENED:c-1,f-1,i0, conf=-1: [s3:0.0.0.0:39188, s4:0.0.0.0:40778, s0:0.0.0.0:42012, s1:0.0.0.0:45336, s2:0.0.0.0:38783], old=null RUNNING, sleep 450ms and then retry.
java.lang.IllegalStateException: No leader yet : printing ALL groups
  s3:  RUNNING CANDIDATE s3@group-46F048A18FB7:t1, leader=null, voted=s3, raftlog=s3@group-46F048A18FB7-SegmentedRaftLog:OPENED:c-1,f-1,i0, conf=-1: [s3:0.0.0.0:39188, s4:0.0.0.0:40778, s0:0.0.0.0:42012, s1:0.0.0.0:45336, s2:0.0.0.0:38783], old=null RUNNING
  s4:  RUNNING CANDIDATE s4@group-46F048A18FB7:t1, leader=null, voted=s4, raftlog=s4@group-46F048A18FB7-SegmentedRaftLog:OPENED:c-1,f-1,i0, conf=-1: [s3:0.0.0.0:39188, s4:0.0.0.0:40778, s0:0.0.0.0:42012, s1:0.0.0.0:45336, s2:0.0.0.0:38783], old=null RUNNING
  s0:  RUNNING CANDIDATE s0@group-46F048A18FB7:t1, leader=null, voted=s0, raftlog=s0@group-46F048A18FB7-SegmentedRaftLog:OPENED:c-1,f-1,i0, conf=-1: [s3:0.0.0.0:39188, s4:0.0.0.0:40778, s0:0.0.0.0:42012, s1:0.0.0.0:45336, s2:0.0.0.0:38783], old=null RUNNING
  s1:  RUNNING CANDIDATE s1@group-46F048A18FB7:t1, leader=null, voted=s1, raftlog=s1@group-46F048A18FB7-SegmentedRaftLog:OPENED:c-1,f-1,i0, conf=-1: [s3:0.0.0.0:39188, s4:0.0.0.0:40778, s0:0.0.0.0:42012, s1:0.0.0.0:45336, s2:0.0.0.0:38783], old=null RUNNING
  s2:  RUNNING CANDIDATE s2@group-46F048A18FB7:t1, leader=null, voted=s2, raftlog=s2@group-46F048A18FB7-SegmentedRaftLog:OPENED:c-1,f-1,i0, conf=-1: [s3:0.0.0.0:39188, s4:0.0.0.0:40778, s0:0.0.0.0:42012, s1:0.0.0.0:45336, s2:0.0.0.0:38783], old=null RUNNING
	at org.apache.ratis.MiniRaftCluster.newIllegalStateExceptionForNoLeaders(MiniRaftCluster.java:506)
	at org.apache.ratis.RaftTestUtil.lambda$waitForLeader$1(RaftTestUtil.java:90)
	at org.apache.ratis.MiniRaftCluster.getLeader(MiniRaftCluster.java:539)
	at org.apache.ratis.MiniRaftCluster.getLeader(MiniRaftCluster.java:532)
	at org.apache.ratis.RaftTestUtil.lambda$waitForLeader$3(RaftTestUtil.java:98)
	at org.apache.ratis.util.JavaUtils.attempt(JavaUtils.java:152)
	at org.apache.ratis.RaftTestUtil.waitForLeader(RaftTestUtil.java:97)
	at org.apache.ratis.RaftTestUtil.waitForLeader(RaftTestUtil.java:77)
	at org.apache.ratis.RaftTestUtil.waitForLeader(RaftTestUtil.java:72)
	at org.apache.ratis.RaftBasicTests.testWithLoad(RaftBasicTests.java:336)
	at org.apache.ratis.RaftBasicTests.lambda$testWithLoad$10(RaftBasicTests.java:328)
	at org.apache.ratis.MiniRaftCluster$Factory$Get.runWithNewCluster(MiniRaftCluster.java:125)
	at org.apache.ratis.MiniRaftCluster$Factory$Get.runWithNewCluster(MiniRaftCluster.java:113)
	at org.apache.ratis.RaftBasicTests.testWithLoad(RaftBasicTests.java:328)
	at org.apache.ratis.netty.TestRaftWithNetty.testWithLoad(TestRaftWithNetty.java:31)
	at sun.reflect.NativeMethodAccessorImpl.invoke0(Native Method)
	at sun.reflect.NativeMethodAccessorImpl.invoke(NativeMethodAccessorImpl.java:62)
	at sun.reflect.DelegatingMethodAccessorImpl.invoke(DelegatingMethodAccessorImpl.java:43)
	at java.lang.reflect.Method.invoke(Method.java:498)
	at org.junit.runners.model.FrameworkMethod$1.runReflectiveCall(FrameworkMethod.java:50)
	at org.junit.internal.runners.model.ReflectiveCallable.run(ReflectiveCallable.java:12)
	at org.junit.runners.model.FrameworkMethod.invokeExplosively(FrameworkMethod.java:47)
	at org.junit.internal.runners.statements.InvokeMethod.evaluate(InvokeMethod.java:17)
	at org.junit.internal.runners.statements.RunAfters.evaluate(RunAfters.java:27)
	at org.junit.internal.runners.statements.FailOnTimeout$CallableStatement.call(FailOnTimeout.java:298)
	at org.junit.internal.runners.statements.FailOnTimeout$CallableStatement.call(FailOnTimeout.java:292)
	at java.util.concurrent.FutureTask.run(FutureTask.java:266)
	at java.lang.Thread.run(Thread.java:748)
2019-09-24 16:42:59,812 WARN  ratis.RaftTestUtil (JavaUtils.java:attempt(158)) - FAILED "waitForLeader-null-(expectLeader? true)", attempt #8/100: java.lang.IllegalStateException: No leader yet : printing ALL groups
  s3:  RUNNING CANDIDATE s3@group-46F048A18FB7:t1, leader=null, voted=s3, raftlog=s3@group-46F048A18FB7-SegmentedRaftLog:OPENED:c-1,f-1,i0, conf=-1: [s3:0.0.0.0:39188, s4:0.0.0.0:40778, s0:0.0.0.0:42012, s1:0.0.0.0:45336, s2:0.0.0.0:38783], old=null RUNNING
  s4:  RUNNING CANDIDATE s4@group-46F048A18FB7:t1, leader=null, voted=s4, raftlog=s4@group-46F048A18FB7-SegmentedRaftLog:OPENED:c-1,f-1,i0, conf=-1: [s3:0.0.0.0:39188, s4:0.0.0.0:40778, s0:0.0.0.0:42012, s1:0.0.0.0:45336, s2:0.0.0.0:38783], old=null RUNNING
  s0:  RUNNING CANDIDATE s0@group-46F048A18FB7:t1, leader=null, voted=s0, raftlog=s0@group-46F048A18FB7-SegmentedRaftLog:OPENED:c-1,f-1,i0, conf=-1: [s3:0.0.0.0:39188, s4:0.0.0.0:40778, s0:0.0.0.0:42012, s1:0.0.0.0:45336, s2:0.0.0.0:38783], old=null RUNNING
  s1:  RUNNING CANDIDATE s1@group-46F048A18FB7:t1, leader=null, voted=s1, raftlog=s1@group-46F048A18FB7-SegmentedRaftLog:OPENED:c-1,f-1,i0, conf=-1: [s3:0.0.0.0:39188, s4:0.0.0.0:40778, s0:0.0.0.0:42012, s1:0.0.0.0:45336, s2:0.0.0.0:38783], old=null RUNNING
  s2:  RUNNING CANDIDATE s2@group-46F048A18FB7:t1, leader=null, voted=s2, raftlog=s2@group-46F048A18FB7-SegmentedRaftLog:OPENED:c-1,f-1,i0, conf=-1: [s3:0.0.0.0:39188, s4:0.0.0.0:40778, s0:0.0.0.0:42012, s1:0.0.0.0:45336, s2:0.0.0.0:38783], old=null RUNNING, sleep 450ms and then retry.
java.lang.IllegalStateException: No leader yet : printing ALL groups
  s3:  RUNNING CANDIDATE s3@group-46F048A18FB7:t1, leader=null, voted=s3, raftlog=s3@group-46F048A18FB7-SegmentedRaftLog:OPENED:c-1,f-1,i0, conf=-1: [s3:0.0.0.0:39188, s4:0.0.0.0:40778, s0:0.0.0.0:42012, s1:0.0.0.0:45336, s2:0.0.0.0:38783], old=null RUNNING
  s4:  RUNNING CANDIDATE s4@group-46F048A18FB7:t1, leader=null, voted=s4, raftlog=s4@group-46F048A18FB7-SegmentedRaftLog:OPENED:c-1,f-1,i0, conf=-1: [s3:0.0.0.0:39188, s4:0.0.0.0:40778, s0:0.0.0.0:42012, s1:0.0.0.0:45336, s2:0.0.0.0:38783], old=null RUNNING
  s0:  RUNNING CANDIDATE s0@group-46F048A18FB7:t1, leader=null, voted=s0, raftlog=s0@group-46F048A18FB7-SegmentedRaftLog:OPENED:c-1,f-1,i0, conf=-1: [s3:0.0.0.0:39188, s4:0.0.0.0:40778, s0:0.0.0.0:42012, s1:0.0.0.0:45336, s2:0.0.0.0:38783], old=null RUNNING
  s1:  RUNNING CANDIDATE s1@group-46F048A18FB7:t1, leader=null, voted=s1, raftlog=s1@group-46F048A18FB7-SegmentedRaftLog:OPENED:c-1,f-1,i0, conf=-1: [s3:0.0.0.0:39188, s4:0.0.0.0:40778, s0:0.0.0.0:42012, s1:0.0.0.0:45336, s2:0.0.0.0:38783], old=null RUNNING
  s2:  RUNNING CANDIDATE s2@group-46F048A18FB7:t1, leader=null, voted=s2, raftlog=s2@group-46F048A18FB7-SegmentedRaftLog:OPENED:c-1,f-1,i0, conf=-1: [s3:0.0.0.0:39188, s4:0.0.0.0:40778, s0:0.0.0.0:42012, s1:0.0.0.0:45336, s2:0.0.0.0:38783], old=null RUNNING
	at org.apache.ratis.MiniRaftCluster.newIllegalStateExceptionForNoLeaders(MiniRaftCluster.java:506)
	at org.apache.ratis.RaftTestUtil.lambda$waitForLeader$1(RaftTestUtil.java:90)
	at org.apache.ratis.MiniRaftCluster.getLeader(MiniRaftCluster.java:539)
	at org.apache.ratis.MiniRaftCluster.getLeader(MiniRaftCluster.java:532)
	at org.apache.ratis.RaftTestUtil.lambda$waitForLeader$3(RaftTestUtil.java:98)
	at org.apache.ratis.util.JavaUtils.attempt(JavaUtils.java:152)
	at org.apache.ratis.RaftTestUtil.waitForLeader(RaftTestUtil.java:97)
	at org.apache.ratis.RaftTestUtil.waitForLeader(RaftTestUtil.java:77)
	at org.apache.ratis.RaftTestUtil.waitForLeader(RaftTestUtil.java:72)
	at org.apache.ratis.RaftBasicTests.testWithLoad(RaftBasicTests.java:336)
	at org.apache.ratis.RaftBasicTests.lambda$testWithLoad$10(RaftBasicTests.java:328)
	at org.apache.ratis.MiniRaftCluster$Factory$Get.runWithNewCluster(MiniRaftCluster.java:125)
	at org.apache.ratis.MiniRaftCluster$Factory$Get.runWithNewCluster(MiniRaftCluster.java:113)
	at org.apache.ratis.RaftBasicTests.testWithLoad(RaftBasicTests.java:328)
	at org.apache.ratis.netty.TestRaftWithNetty.testWithLoad(TestRaftWithNetty.java:31)
	at sun.reflect.NativeMethodAccessorImpl.invoke0(Native Method)
	at sun.reflect.NativeMethodAccessorImpl.invoke(NativeMethodAccessorImpl.java:62)
	at sun.reflect.DelegatingMethodAccessorImpl.invoke(DelegatingMethodAccessorImpl.java:43)
	at java.lang.reflect.Method.invoke(Method.java:498)
	at org.junit.runners.model.FrameworkMethod$1.runReflectiveCall(FrameworkMethod.java:50)
	at org.junit.internal.runners.model.ReflectiveCallable.run(ReflectiveCallable.java:12)
	at org.junit.runners.model.FrameworkMethod.invokeExplosively(FrameworkMethod.java:47)
	at org.junit.internal.runners.statements.InvokeMethod.evaluate(InvokeMethod.java:17)
	at org.junit.internal.runners.statements.RunAfters.evaluate(RunAfters.java:27)
	at org.junit.internal.runners.statements.FailOnTimeout$CallableStatement.call(FailOnTimeout.java:298)
	at org.junit.internal.runners.statements.FailOnTimeout$CallableStatement.call(FailOnTimeout.java:292)
	at java.util.concurrent.FutureTask.run(FutureTask.java:266)
	at java.lang.Thread.run(Thread.java:748)
2019-09-24 16:43:00,264 WARN  ratis.RaftTestUtil (JavaUtils.java:attempt(158)) - FAILED "waitForLeader-null-(expectLeader? true)", attempt #9/100: java.lang.IllegalStateException: No leader yet : printing ALL groups
  s3:  RUNNING CANDIDATE s3@group-46F048A18FB7:t1, leader=null, voted=s3, raftlog=s3@group-46F048A18FB7-SegmentedRaftLog:OPENED:c-1,f-1,i0, conf=-1: [s3:0.0.0.0:39188, s4:0.0.0.0:40778, s0:0.0.0.0:42012, s1:0.0.0.0:45336, s2:0.0.0.0:38783], old=null RUNNING
  s4:  RUNNING CANDIDATE s4@group-46F048A18FB7:t1, leader=null, voted=s4, raftlog=s4@group-46F048A18FB7-SegmentedRaftLog:OPENED:c-1,f-1,i0, conf=-1: [s3:0.0.0.0:39188, s4:0.0.0.0:40778, s0:0.0.0.0:42012, s1:0.0.0.0:45336, s2:0.0.0.0:38783], old=null RUNNING
  s0:  RUNNING CANDIDATE s0@group-46F048A18FB7:t1, leader=null, voted=s0, raftlog=s0@group-46F048A18FB7-SegmentedRaftLog:OPENED:c-1,f-1,i0, conf=-1: [s3:0.0.0.0:39188, s4:0.0.0.0:40778, s0:0.0.0.0:42012, s1:0.0.0.0:45336, s2:0.0.0.0:38783], old=null RUNNING
  s1:  RUNNING CANDIDATE s1@group-46F048A18FB7:t1, leader=null, voted=s1, raftlog=s1@group-46F048A18FB7-SegmentedRaftLog:OPENED:c-1,f-1,i0, conf=-1: [s3:0.0.0.0:39188, s4:0.0.0.0:40778, s0:0.0.0.0:42012, s1:0.0.0.0:45336, s2:0.0.0.0:38783], old=null RUNNING
  s2:  RUNNING CANDIDATE s2@group-46F048A18FB7:t1, leader=null, voted=s2, raftlog=s2@group-46F048A18FB7-SegmentedRaftLog:OPENED:c-1,f-1,i0, conf=-1: [s3:0.0.0.0:39188, s4:0.0.0.0:40778, s0:0.0.0.0:42012, s1:0.0.0.0:45336, s2:0.0.0.0:38783], old=null RUNNING, sleep 450ms and then retry.
java.lang.IllegalStateException: No leader yet : printing ALL groups
  s3:  RUNNING CANDIDATE s3@group-46F048A18FB7:t1, leader=null, voted=s3, raftlog=s3@group-46F048A18FB7-SegmentedRaftLog:OPENED:c-1,f-1,i0, conf=-1: [s3:0.0.0.0:39188, s4:0.0.0.0:40778, s0:0.0.0.0:42012, s1:0.0.0.0:45336, s2:0.0.0.0:38783], old=null RUNNING
  s4:  RUNNING CANDIDATE s4@group-46F048A18FB7:t1, leader=null, voted=s4, raftlog=s4@group-46F048A18FB7-SegmentedRaftLog:OPENED:c-1,f-1,i0, conf=-1: [s3:0.0.0.0:39188, s4:0.0.0.0:40778, s0:0.0.0.0:42012, s1:0.0.0.0:45336, s2:0.0.0.0:38783], old=null RUNNING
  s0:  RUNNING CANDIDATE s0@group-46F048A18FB7:t1, leader=null, voted=s0, raftlog=s0@group-46F048A18FB7-SegmentedRaftLog:OPENED:c-1,f-1,i0, conf=-1: [s3:0.0.0.0:39188, s4:0.0.0.0:40778, s0:0.0.0.0:42012, s1:0.0.0.0:45336, s2:0.0.0.0:38783], old=null RUNNING
  s1:  RUNNING CANDIDATE s1@group-46F048A18FB7:t1, leader=null, voted=s1, raftlog=s1@group-46F048A18FB7-SegmentedRaftLog:OPENED:c-1,f-1,i0, conf=-1: [s3:0.0.0.0:39188, s4:0.0.0.0:40778, s0:0.0.0.0:42012, s1:0.0.0.0:45336, s2:0.0.0.0:38783], old=null RUNNING
  s2:  RUNNING CANDIDATE s2@group-46F048A18FB7:t1, leader=null, voted=s2, raftlog=s2@group-46F048A18FB7-SegmentedRaftLog:OPENED:c-1,f-1,i0, conf=-1: [s3:0.0.0.0:39188, s4:0.0.0.0:40778, s0:0.0.0.0:42012, s1:0.0.0.0:45336, s2:0.0.0.0:38783], old=null RUNNING
	at org.apache.ratis.MiniRaftCluster.newIllegalStateExceptionForNoLeaders(MiniRaftCluster.java:506)
	at org.apache.ratis.RaftTestUtil.lambda$waitForLeader$1(RaftTestUtil.java:90)
	at org.apache.ratis.MiniRaftCluster.getLeader(MiniRaftCluster.java:539)
	at org.apache.ratis.MiniRaftCluster.getLeader(MiniRaftCluster.java:532)
	at org.apache.ratis.RaftTestUtil.lambda$waitForLeader$3(RaftTestUtil.java:98)
	at org.apache.ratis.util.JavaUtils.attempt(JavaUtils.java:152)
	at org.apache.ratis.RaftTestUtil.waitForLeader(RaftTestUtil.java:97)
	at org.apache.ratis.RaftTestUtil.waitForLeader(RaftTestUtil.java:77)
	at org.apache.ratis.RaftTestUtil.waitForLeader(RaftTestUtil.java:72)
	at org.apache.ratis.RaftBasicTests.testWithLoad(RaftBasicTests.java:336)
	at org.apache.ratis.RaftBasicTests.lambda$testWithLoad$10(RaftBasicTests.java:328)
	at org.apache.ratis.MiniRaftCluster$Factory$Get.runWithNewCluster(MiniRaftCluster.java:125)
	at org.apache.ratis.MiniRaftCluster$Factory$Get.runWithNewCluster(MiniRaftCluster.java:113)
	at org.apache.ratis.RaftBasicTests.testWithLoad(RaftBasicTests.java:328)
	at org.apache.ratis.netty.TestRaftWithNetty.testWithLoad(TestRaftWithNetty.java:31)
	at sun.reflect.NativeMethodAccessorImpl.invoke0(Native Method)
	at sun.reflect.NativeMethodAccessorImpl.invoke(NativeMethodAccessorImpl.java:62)
	at sun.reflect.DelegatingMethodAccessorImpl.invoke(DelegatingMethodAccessorImpl.java:43)
	at java.lang.reflect.Method.invoke(Method.java:498)
	at org.junit.runners.model.FrameworkMethod$1.runReflectiveCall(FrameworkMethod.java:50)
	at org.junit.internal.runners.model.ReflectiveCallable.run(ReflectiveCallable.java:12)
	at org.junit.runners.model.FrameworkMethod.invokeExplosively(FrameworkMethod.java:47)
	at org.junit.internal.runners.statements.InvokeMethod.evaluate(InvokeMethod.java:17)
	at org.junit.internal.runners.statements.RunAfters.evaluate(RunAfters.java:27)
	at org.junit.internal.runners.statements.FailOnTimeout$CallableStatement.call(FailOnTimeout.java:298)
	at org.junit.internal.runners.statements.FailOnTimeout$CallableStatement.call(FailOnTimeout.java:292)
	at java.util.concurrent.FutureTask.run(FutureTask.java:266)
	at java.lang.Thread.run(Thread.java:748)
2019-09-24 16:43:00,717 WARN  ratis.RaftTestUtil (JavaUtils.java:attempt(158)) - FAILED "waitForLeader-null-(expectLeader? true)", attempt #10/100: java.lang.IllegalStateException: No leader yet : printing ALL groups
  s3:  RUNNING CANDIDATE s3@group-46F048A18FB7:t1, leader=null, voted=s3, raftlog=s3@group-46F048A18FB7-SegmentedRaftLog:OPENED:c-1,f-1,i0, conf=-1: [s3:0.0.0.0:39188, s4:0.0.0.0:40778, s0:0.0.0.0:42012, s1:0.0.0.0:45336, s2:0.0.0.0:38783], old=null RUNNING
  s4:  RUNNING CANDIDATE s4@group-46F048A18FB7:t1, leader=null, voted=s4, raftlog=s4@group-46F048A18FB7-SegmentedRaftLog:OPENED:c-1,f-1,i0, conf=-1: [s3:0.0.0.0:39188, s4:0.0.0.0:40778, s0:0.0.0.0:42012, s1:0.0.0.0:45336, s2:0.0.0.0:38783], old=null RUNNING
  s0:  RUNNING CANDIDATE s0@group-46F048A18FB7:t1, leader=null, voted=s0, raftlog=s0@group-46F048A18FB7-SegmentedRaftLog:OPENED:c-1,f-1,i0, conf=-1: [s3:0.0.0.0:39188, s4:0.0.0.0:40778, s0:0.0.0.0:42012, s1:0.0.0.0:45336, s2:0.0.0.0:38783], old=null RUNNING
  s1:  RUNNING CANDIDATE s1@group-46F048A18FB7:t1, leader=null, voted=s1, raftlog=s1@group-46F048A18FB7-SegmentedRaftLog:OPENED:c-1,f-1,i0, conf=-1: [s3:0.0.0.0:39188, s4:0.0.0.0:40778, s0:0.0.0.0:42012, s1:0.0.0.0:45336, s2:0.0.0.0:38783], old=null RUNNING
  s2:  RUNNING CANDIDATE s2@group-46F048A18FB7:t1, leader=null, voted=s2, raftlog=s2@group-46F048A18FB7-SegmentedRaftLog:OPENED:c-1,f-1,i0, conf=-1: [s3:0.0.0.0:39188, s4:0.0.0.0:40778, s0:0.0.0.0:42012, s1:0.0.0.0:45336, s2:0.0.0.0:38783], old=null RUNNING, sleep 450ms and then retry.
java.lang.IllegalStateException: No leader yet : printing ALL groups
  s3:  RUNNING CANDIDATE s3@group-46F048A18FB7:t1, leader=null, voted=s3, raftlog=s3@group-46F048A18FB7-SegmentedRaftLog:OPENED:c-1,f-1,i0, conf=-1: [s3:0.0.0.0:39188, s4:0.0.0.0:40778, s0:0.0.0.0:42012, s1:0.0.0.0:45336, s2:0.0.0.0:38783], old=null RUNNING
  s4:  RUNNING CANDIDATE s4@group-46F048A18FB7:t1, leader=null, voted=s4, raftlog=s4@group-46F048A18FB7-SegmentedRaftLog:OPENED:c-1,f-1,i0, conf=-1: [s3:0.0.0.0:39188, s4:0.0.0.0:40778, s0:0.0.0.0:42012, s1:0.0.0.0:45336, s2:0.0.0.0:38783], old=null RUNNING
  s0:  RUNNING CANDIDATE s0@group-46F048A18FB7:t1, leader=null, voted=s0, raftlog=s0@group-46F048A18FB7-SegmentedRaftLog:OPENED:c-1,f-1,i0, conf=-1: [s3:0.0.0.0:39188, s4:0.0.0.0:40778, s0:0.0.0.0:42012, s1:0.0.0.0:45336, s2:0.0.0.0:38783], old=null RUNNING
  s1:  RUNNING CANDIDATE s1@group-46F048A18FB7:t1, leader=null, voted=s1, raftlog=s1@group-46F048A18FB7-SegmentedRaftLog:OPENED:c-1,f-1,i0, conf=-1: [s3:0.0.0.0:39188, s4:0.0.0.0:40778, s0:0.0.0.0:42012, s1:0.0.0.0:45336, s2:0.0.0.0:38783], old=null RUNNING
  s2:  RUNNING CANDIDATE s2@group-46F048A18FB7:t1, leader=null, voted=s2, raftlog=s2@group-46F048A18FB7-SegmentedRaftLog:OPENED:c-1,f-1,i0, conf=-1: [s3:0.0.0.0:39188, s4:0.0.0.0:40778, s0:0.0.0.0:42012, s1:0.0.0.0:45336, s2:0.0.0.0:38783], old=null RUNNING
	at org.apache.ratis.MiniRaftCluster.newIllegalStateExceptionForNoLeaders(MiniRaftCluster.java:506)
	at org.apache.ratis.RaftTestUtil.lambda$waitForLeader$1(RaftTestUtil.java:90)
	at org.apache.ratis.MiniRaftCluster.getLeader(MiniRaftCluster.java:539)
	at org.apache.ratis.MiniRaftCluster.getLeader(MiniRaftCluster.java:532)
	at org.apache.ratis.RaftTestUtil.lambda$waitForLeader$3(RaftTestUtil.java:98)
	at org.apache.ratis.util.JavaUtils.attempt(JavaUtils.java:152)
	at org.apache.ratis.RaftTestUtil.waitForLeader(RaftTestUtil.java:97)
	at org.apache.ratis.RaftTestUtil.waitForLeader(RaftTestUtil.java:77)
	at org.apache.ratis.RaftTestUtil.waitForLeader(RaftTestUtil.java:72)
	at org.apache.ratis.RaftBasicTests.testWithLoad(RaftBasicTests.java:336)
	at org.apache.ratis.RaftBasicTests.lambda$testWithLoad$10(RaftBasicTests.java:328)
	at org.apache.ratis.MiniRaftCluster$Factory$Get.runWithNewCluster(MiniRaftCluster.java:125)
	at org.apache.ratis.MiniRaftCluster$Factory$Get.runWithNewCluster(MiniRaftCluster.java:113)
	at org.apache.ratis.RaftBasicTests.testWithLoad(RaftBasicTests.java:328)
	at org.apache.ratis.netty.TestRaftWithNetty.testWithLoad(TestRaftWithNetty.java:31)
	at sun.reflect.NativeMethodAccessorImpl.invoke0(Native Method)
	at sun.reflect.NativeMethodAccessorImpl.invoke(NativeMethodAccessorImpl.java:62)
	at sun.reflect.DelegatingMethodAccessorImpl.invoke(DelegatingMethodAccessorImpl.java:43)
	at java.lang.reflect.Method.invoke(Method.java:498)
	at org.junit.runners.model.FrameworkMethod$1.runReflectiveCall(FrameworkMethod.java:50)
	at org.junit.internal.runners.model.ReflectiveCallable.run(ReflectiveCallable.java:12)
	at org.junit.runners.model.FrameworkMethod.invokeExplosively(FrameworkMethod.java:47)
	at org.junit.internal.runners.statements.InvokeMethod.evaluate(InvokeMethod.java:17)
	at org.junit.internal.runners.statements.RunAfters.evaluate(RunAfters.java:27)
	at org.junit.internal.runners.statements.FailOnTimeout$CallableStatement.call(FailOnTimeout.java:298)
	at org.junit.internal.runners.statements.FailOnTimeout$CallableStatement.call(FailOnTimeout.java:292)
	at java.util.concurrent.FutureTask.run(FutureTask.java:266)
	at java.lang.Thread.run(Thread.java:748)
2019-09-24 16:43:01,170 WARN  ratis.RaftTestUtil (JavaUtils.java:attempt(158)) - FAILED "waitForLeader-null-(expectLeader? true)", attempt #11/100: java.lang.IllegalStateException: No leader yet : printing ALL groups
  s3:  RUNNING CANDIDATE s3@group-46F048A18FB7:t1, leader=null, voted=s3, raftlog=s3@group-46F048A18FB7-SegmentedRaftLog:OPENED:c-1,f-1,i0, conf=-1: [s3:0.0.0.0:39188, s4:0.0.0.0:40778, s0:0.0.0.0:42012, s1:0.0.0.0:45336, s2:0.0.0.0:38783], old=null RUNNING
  s4:  RUNNING CANDIDATE s4@group-46F048A18FB7:t1, leader=null, voted=s4, raftlog=s4@group-46F048A18FB7-SegmentedRaftLog:OPENED:c-1,f-1,i0, conf=-1: [s3:0.0.0.0:39188, s4:0.0.0.0:40778, s0:0.0.0.0:42012, s1:0.0.0.0:45336, s2:0.0.0.0:38783], old=null RUNNING
  s0:  RUNNING CANDIDATE s0@group-46F048A18FB7:t1, leader=null, voted=s0, raftlog=s0@group-46F048A18FB7-SegmentedRaftLog:OPENED:c-1,f-1,i0, conf=-1: [s3:0.0.0.0:39188, s4:0.0.0.0:40778, s0:0.0.0.0:42012, s1:0.0.0.0:45336, s2:0.0.0.0:38783], old=null RUNNING
  s1:  RUNNING CANDIDATE s1@group-46F048A18FB7:t1, leader=null, voted=s1, raftlog=s1@group-46F048A18FB7-SegmentedRaftLog:OPENED:c-1,f-1,i0, conf=-1: [s3:0.0.0.0:39188, s4:0.0.0.0:40778, s0:0.0.0.0:42012, s1:0.0.0.0:45336, s2:0.0.0.0:38783], old=null RUNNING
  s2:  RUNNING CANDIDATE s2@group-46F048A18FB7:t1, leader=null, voted=s2, raftlog=s2@group-46F048A18FB7-SegmentedRaftLog:OPENED:c-1,f-1,i0, conf=-1: [s3:0.0.0.0:39188, s4:0.0.0.0:40778, s0:0.0.0.0:42012, s1:0.0.0.0:45336, s2:0.0.0.0:38783], old=null RUNNING, sleep 450ms and then retry.
java.lang.IllegalStateException: No leader yet : printing ALL groups
  s3:  RUNNING CANDIDATE s3@group-46F048A18FB7:t1, leader=null, voted=s3, raftlog=s3@group-46F048A18FB7-SegmentedRaftLog:OPENED:c-1,f-1,i0, conf=-1: [s3:0.0.0.0:39188, s4:0.0.0.0:40778, s0:0.0.0.0:42012, s1:0.0.0.0:45336, s2:0.0.0.0:38783], old=null RUNNING
  s4:  RUNNING CANDIDATE s4@group-46F048A18FB7:t1, leader=null, voted=s4, raftlog=s4@group-46F048A18FB7-SegmentedRaftLog:OPENED:c-1,f-1,i0, conf=-1: [s3:0.0.0.0:39188, s4:0.0.0.0:40778, s0:0.0.0.0:42012, s1:0.0.0.0:45336, s2:0.0.0.0:38783], old=null RUNNING
  s0:  RUNNING CANDIDATE s0@group-46F048A18FB7:t1, leader=null, voted=s0, raftlog=s0@group-46F048A18FB7-SegmentedRaftLog:OPENED:c-1,f-1,i0, conf=-1: [s3:0.0.0.0:39188, s4:0.0.0.0:40778, s0:0.0.0.0:42012, s1:0.0.0.0:45336, s2:0.0.0.0:38783], old=null RUNNING
  s1:  RUNNING CANDIDATE s1@group-46F048A18FB7:t1, leader=null, voted=s1, raftlog=s1@group-46F048A18FB7-SegmentedRaftLog:OPENED:c-1,f-1,i0, conf=-1: [s3:0.0.0.0:39188, s4:0.0.0.0:40778, s0:0.0.0.0:42012, s1:0.0.0.0:45336, s2:0.0.0.0:38783], old=null RUNNING
  s2:  RUNNING CANDIDATE s2@group-46F048A18FB7:t1, leader=null, voted=s2, raftlog=s2@group-46F048A18FB7-SegmentedRaftLog:OPENED:c-1,f-1,i0, conf=-1: [s3:0.0.0.0:39188, s4:0.0.0.0:40778, s0:0.0.0.0:42012, s1:0.0.0.0:45336, s2:0.0.0.0:38783], old=null RUNNING
	at org.apache.ratis.MiniRaftCluster.newIllegalStateExceptionForNoLeaders(MiniRaftCluster.java:506)
	at org.apache.ratis.RaftTestUtil.lambda$waitForLeader$1(RaftTestUtil.java:90)
	at org.apache.ratis.MiniRaftCluster.getLeader(MiniRaftCluster.java:539)
	at org.apache.ratis.MiniRaftCluster.getLeader(MiniRaftCluster.java:532)
	at org.apache.ratis.RaftTestUtil.lambda$waitForLeader$3(RaftTestUtil.java:98)
	at org.apache.ratis.util.JavaUtils.attempt(JavaUtils.java:152)
	at org.apache.ratis.RaftTestUtil.waitForLeader(RaftTestUtil.java:97)
	at org.apache.ratis.RaftTestUtil.waitForLeader(RaftTestUtil.java:77)
	at org.apache.ratis.RaftTestUtil.waitForLeader(RaftTestUtil.java:72)
	at org.apache.ratis.RaftBasicTests.testWithLoad(RaftBasicTests.java:336)
	at org.apache.ratis.RaftBasicTests.lambda$testWithLoad$10(RaftBasicTests.java:328)
	at org.apache.ratis.MiniRaftCluster$Factory$Get.runWithNewCluster(MiniRaftCluster.java:125)
	at org.apache.ratis.MiniRaftCluster$Factory$Get.runWithNewCluster(MiniRaftCluster.java:113)
	at org.apache.ratis.RaftBasicTests.testWithLoad(RaftBasicTests.java:328)
	at org.apache.ratis.netty.TestRaftWithNetty.testWithLoad(TestRaftWithNetty.java:31)
	at sun.reflect.NativeMethodAccessorImpl.invoke0(Native Method)
	at sun.reflect.NativeMethodAccessorImpl.invoke(NativeMethodAccessorImpl.java:62)
	at sun.reflect.DelegatingMethodAccessorImpl.invoke(DelegatingMethodAccessorImpl.java:43)
	at java.lang.reflect.Method.invoke(Method.java:498)
	at org.junit.runners.model.FrameworkMethod$1.runReflectiveCall(FrameworkMethod.java:50)
	at org.junit.internal.runners.model.ReflectiveCallable.run(ReflectiveCallable.java:12)
	at org.junit.runners.model.FrameworkMethod.invokeExplosively(FrameworkMethod.java:47)
	at org.junit.internal.runners.statements.InvokeMethod.evaluate(InvokeMethod.java:17)
	at org.junit.internal.runners.statements.RunAfters.evaluate(RunAfters.java:27)
	at org.junit.internal.runners.statements.FailOnTimeout$CallableStatement.call(FailOnTimeout.java:298)
	at org.junit.internal.runners.statements.FailOnTimeout$CallableStatement.call(FailOnTimeout.java:292)
	at java.util.concurrent.FutureTask.run(FutureTask.java:266)
	at java.lang.Thread.run(Thread.java:748)
2019-09-24 16:43:01,623 WARN  ratis.RaftTestUtil (JavaUtils.java:attempt(158)) - FAILED "waitForLeader-null-(expectLeader? true)", attempt #12/100: java.lang.IllegalStateException: No leader yet : printing ALL groups
  s3:  RUNNING CANDIDATE s3@group-46F048A18FB7:t1, leader=null, voted=s3, raftlog=s3@group-46F048A18FB7-SegmentedRaftLog:OPENED:c-1,f-1,i0, conf=-1: [s3:0.0.0.0:39188, s4:0.0.0.0:40778, s0:0.0.0.0:42012, s1:0.0.0.0:45336, s2:0.0.0.0:38783], old=null RUNNING
  s4:  RUNNING CANDIDATE s4@group-46F048A18FB7:t1, leader=null, voted=s4, raftlog=s4@group-46F048A18FB7-SegmentedRaftLog:OPENED:c-1,f-1,i0, conf=-1: [s3:0.0.0.0:39188, s4:0.0.0.0:40778, s0:0.0.0.0:42012, s1:0.0.0.0:45336, s2:0.0.0.0:38783], old=null RUNNING
  s0:  RUNNING CANDIDATE s0@group-46F048A18FB7:t1, leader=null, voted=s0, raftlog=s0@group-46F048A18FB7-SegmentedRaftLog:OPENED:c-1,f-1,i0, conf=-1: [s3:0.0.0.0:39188, s4:0.0.0.0:40778, s0:0.0.0.0:42012, s1:0.0.0.0:45336, s2:0.0.0.0:38783], old=null RUNNING
  s1:  RUNNING CANDIDATE s1@group-46F048A18FB7:t1, leader=null, voted=s1, raftlog=s1@group-46F048A18FB7-SegmentedRaftLog:OPENED:c-1,f-1,i0, conf=-1: [s3:0.0.0.0:39188, s4:0.0.0.0:40778, s0:0.0.0.0:42012, s1:0.0.0.0:45336, s2:0.0.0.0:38783], old=null RUNNING
  s2:  RUNNING CANDIDATE s2@group-46F048A18FB7:t1, leader=null, voted=s2, raftlog=s2@group-46F048A18FB7-SegmentedRaftLog:OPENED:c-1,f-1,i0, conf=-1: [s3:0.0.0.0:39188, s4:0.0.0.0:40778, s0:0.0.0.0:42012, s1:0.0.0.0:45336, s2:0.0.0.0:38783], old=null RUNNING, sleep 450ms and then retry.
java.lang.IllegalStateException: No leader yet : printing ALL groups
  s3:  RUNNING CANDIDATE s3@group-46F048A18FB7:t1, leader=null, voted=s3, raftlog=s3@group-46F048A18FB7-SegmentedRaftLog:OPENED:c-1,f-1,i0, conf=-1: [s3:0.0.0.0:39188, s4:0.0.0.0:40778, s0:0.0.0.0:42012, s1:0.0.0.0:45336, s2:0.0.0.0:38783], old=null RUNNING
  s4:  RUNNING CANDIDATE s4@group-46F048A18FB7:t1, leader=null, voted=s4, raftlog=s4@group-46F048A18FB7-SegmentedRaftLog:OPENED:c-1,f-1,i0, conf=-1: [s3:0.0.0.0:39188, s4:0.0.0.0:40778, s0:0.0.0.0:42012, s1:0.0.0.0:45336, s2:0.0.0.0:38783], old=null RUNNING
  s0:  RUNNING CANDIDATE s0@group-46F048A18FB7:t1, leader=null, voted=s0, raftlog=s0@group-46F048A18FB7-SegmentedRaftLog:OPENED:c-1,f-1,i0, conf=-1: [s3:0.0.0.0:39188, s4:0.0.0.0:40778, s0:0.0.0.0:42012, s1:0.0.0.0:45336, s2:0.0.0.0:38783], old=null RUNNING
  s1:  RUNNING CANDIDATE s1@group-46F048A18FB7:t1, leader=null, voted=s1, raftlog=s1@group-46F048A18FB7-SegmentedRaftLog:OPENED:c-1,f-1,i0, conf=-1: [s3:0.0.0.0:39188, s4:0.0.0.0:40778, s0:0.0.0.0:42012, s1:0.0.0.0:45336, s2:0.0.0.0:38783], old=null RUNNING
  s2:  RUNNING CANDIDATE s2@group-46F048A18FB7:t1, leader=null, voted=s2, raftlog=s2@group-46F048A18FB7-SegmentedRaftLog:OPENED:c-1,f-1,i0, conf=-1: [s3:0.0.0.0:39188, s4:0.0.0.0:40778, s0:0.0.0.0:42012, s1:0.0.0.0:45336, s2:0.0.0.0:38783], old=null RUNNING
	at org.apache.ratis.MiniRaftCluster.newIllegalStateExceptionForNoLeaders(MiniRaftCluster.java:506)
	at org.apache.ratis.RaftTestUtil.lambda$waitForLeader$1(RaftTestUtil.java:90)
	at org.apache.ratis.MiniRaftCluster.getLeader(MiniRaftCluster.java:539)
	at org.apache.ratis.MiniRaftCluster.getLeader(MiniRaftCluster.java:532)
	at org.apache.ratis.RaftTestUtil.lambda$waitForLeader$3(RaftTestUtil.java:98)
	at org.apache.ratis.util.JavaUtils.attempt(JavaUtils.java:152)
	at org.apache.ratis.RaftTestUtil.waitForLeader(RaftTestUtil.java:97)
	at org.apache.ratis.RaftTestUtil.waitForLeader(RaftTestUtil.java:77)
	at org.apache.ratis.RaftTestUtil.waitForLeader(RaftTestUtil.java:72)
	at org.apache.ratis.RaftBasicTests.testWithLoad(RaftBasicTests.java:336)
	at org.apache.ratis.RaftBasicTests.lambda$testWithLoad$10(RaftBasicTests.java:328)
	at org.apache.ratis.MiniRaftCluster$Factory$Get.runWithNewCluster(MiniRaftCluster.java:125)
	at org.apache.ratis.MiniRaftCluster$Factory$Get.runWithNewCluster(MiniRaftCluster.java:113)
	at org.apache.ratis.RaftBasicTests.testWithLoad(RaftBasicTests.java:328)
	at org.apache.ratis.netty.TestRaftWithNetty.testWithLoad(TestRaftWithNetty.java:31)
	at sun.reflect.NativeMethodAccessorImpl.invoke0(Native Method)
	at sun.reflect.NativeMethodAccessorImpl.invoke(NativeMethodAccessorImpl.java:62)
	at sun.reflect.DelegatingMethodAccessorImpl.invoke(DelegatingMethodAccessorImpl.java:43)
	at java.lang.reflect.Method.invoke(Method.java:498)
	at org.junit.runners.model.FrameworkMethod$1.runReflectiveCall(FrameworkMethod.java:50)
	at org.junit.internal.runners.model.ReflectiveCallable.run(ReflectiveCallable.java:12)
	at org.junit.runners.model.FrameworkMethod.invokeExplosively(FrameworkMethod.java:47)
	at org.junit.internal.runners.statements.InvokeMethod.evaluate(InvokeMethod.java:17)
	at org.junit.internal.runners.statements.RunAfters.evaluate(RunAfters.java:27)
	at org.junit.internal.runners.statements.FailOnTimeout$CallableStatement.call(FailOnTimeout.java:298)
	at org.junit.internal.runners.statements.FailOnTimeout$CallableStatement.call(FailOnTimeout.java:292)
	at java.util.concurrent.FutureTask.run(FutureTask.java:266)
	at java.lang.Thread.run(Thread.java:748)
2019-09-24 16:43:02,028 INFO  impl.LeaderElection (LeaderElection.java:askForVotes(178)) - s4@group-46F048A18FB7-LeaderElection2: begin an election at term 1 for -1: [s3:0.0.0.0:39188, s4:0.0.0.0:40778, s0:0.0.0.0:42012, s1:0.0.0.0:45336, s2:0.0.0.0:38783], old=null
2019-09-24 16:43:02,028 INFO  impl.LeaderElection (LeaderElection.java:askForVotes(178)) - s3@group-46F048A18FB7-LeaderElection1: begin an election at term 1 for -1: [s3:0.0.0.0:39188, s4:0.0.0.0:40778, s0:0.0.0.0:42012, s1:0.0.0.0:45336, s2:0.0.0.0:38783], old=null
2019-09-24 16:43:02,028 INFO  impl.LeaderElection (LeaderElection.java:askForVotes(178)) - s0@group-46F048A18FB7-LeaderElection3: begin an election at term 1 for -1: [s3:0.0.0.0:39188, s4:0.0.0.0:40778, s0:0.0.0.0:42012, s1:0.0.0.0:45336, s2:0.0.0.0:38783], old=null
2019-09-24 16:43:02,075 WARN  ratis.RaftTestUtil (JavaUtils.java:attempt(158)) - FAILED "waitForLeader-null-(expectLeader? true)", attempt #13/100: java.lang.IllegalStateException: No leader yet : printing ALL groups
  s3:  RUNNING CANDIDATE s3@group-46F048A18FB7:t1, leader=null, voted=s3, raftlog=s3@group-46F048A18FB7-SegmentedRaftLog:OPENED:c-1,f-1,i0, conf=-1: [s3:0.0.0.0:39188, s4:0.0.0.0:40778, s0:0.0.0.0:42012, s1:0.0.0.0:45336, s2:0.0.0.0:38783], old=null RUNNING
  s4:  RUNNING CANDIDATE s4@group-46F048A18FB7:t1, leader=null, voted=s4, raftlog=s4@group-46F048A18FB7-SegmentedRaftLog:OPENED:c-1,f-1,i0, conf=-1: [s3:0.0.0.0:39188, s4:0.0.0.0:40778, s0:0.0.0.0:42012, s1:0.0.0.0:45336, s2:0.0.0.0:38783], old=null RUNNING
  s0:  RUNNING CANDIDATE s0@group-46F048A18FB7:t1, leader=null, voted=s0, raftlog=s0@group-46F048A18FB7-SegmentedRaftLog:OPENED:c-1,f-1,i0, conf=-1: [s3:0.0.0.0:39188, s4:0.0.0.0:40778, s0:0.0.0.0:42012, s1:0.0.0.0:45336, s2:0.0.0.0:38783], old=null RUNNING
  s1:  RUNNING CANDIDATE s1@group-46F048A18FB7:t1, leader=null, voted=s1, raftlog=s1@group-46F048A18FB7-SegmentedRaftLog:OPENED:c-1,f-1,i0, conf=-1: [s3:0.0.0.0:39188, s4:0.0.0.0:40778, s0:0.0.0.0:42012, s1:0.0.0.0:45336, s2:0.0.0.0:38783], old=null RUNNING
  s2:  RUNNING CANDIDATE s2@group-46F048A18FB7:t1, leader=null, voted=s2, raftlog=s2@group-46F048A18FB7-SegmentedRaftLog:OPENED:c-1,f-1,i0, conf=-1: [s3:0.0.0.0:39188, s4:0.0.0.0:40778, s0:0.0.0.0:42012, s1:0.0.0.0:45336, s2:0.0.0.0:38783], old=null RUNNING, sleep 450ms and then retry.
java.lang.IllegalStateException: No leader yet : printing ALL groups
  s3:  RUNNING CANDIDATE s3@group-46F048A18FB7:t1, leader=null, voted=s3, raftlog=s3@group-46F048A18FB7-SegmentedRaftLog:OPENED:c-1,f-1,i0, conf=-1: [s3:0.0.0.0:39188, s4:0.0.0.0:40778, s0:0.0.0.0:42012, s1:0.0.0.0:45336, s2:0.0.0.0:38783], old=null RUNNING
  s4:  RUNNING CANDIDATE s4@group-46F048A18FB7:t1, leader=null, voted=s4, raftlog=s4@group-46F048A18FB7-SegmentedRaftLog:OPENED:c-1,f-1,i0, conf=-1: [s3:0.0.0.0:39188, s4:0.0.0.0:40778, s0:0.0.0.0:42012, s1:0.0.0.0:45336, s2:0.0.0.0:38783], old=null RUNNING
  s0:  RUNNING CANDIDATE s0@group-46F048A18FB7:t1, leader=null, voted=s0, raftlog=s0@group-46F048A18FB7-SegmentedRaftLog:OPENED:c-1,f-1,i0, conf=-1: [s3:0.0.0.0:39188, s4:0.0.0.0:40778, s0:0.0.0.0:42012, s1:0.0.0.0:45336, s2:0.0.0.0:38783], old=null RUNNING
  s1:  RUNNING CANDIDATE s1@group-46F048A18FB7:t1, leader=null, voted=s1, raftlog=s1@group-46F048A18FB7-SegmentedRaftLog:OPENED:c-1,f-1,i0, conf=-1: [s3:0.0.0.0:39188, s4:0.0.0.0:40778, s0:0.0.0.0:42012, s1:0.0.0.0:45336, s2:0.0.0.0:38783], old=null RUNNING
  s2:  RUNNING CANDIDATE s2@group-46F048A18FB7:t1, leader=null, voted=s2, raftlog=s2@group-46F048A18FB7-SegmentedRaftLog:OPENED:c-1,f-1,i0, conf=-1: [s3:0.0.0.0:39188, s4:0.0.0.0:40778, s0:0.0.0.0:42012, s1:0.0.0.0:45336, s2:0.0.0.0:38783], old=null RUNNING
	at org.apache.ratis.MiniRaftCluster.newIllegalStateExceptionForNoLeaders(MiniRaftCluster.java:506)
	at org.apache.ratis.RaftTestUtil.lambda$waitForLeader$1(RaftTestUtil.java:90)
	at org.apache.ratis.MiniRaftCluster.getLeader(MiniRaftCluster.java:539)
	at org.apache.ratis.MiniRaftCluster.getLeader(MiniRaftCluster.java:532)
	at org.apache.ratis.RaftTestUtil.lambda$waitForLeader$3(RaftTestUtil.java:98)
	at org.apache.ratis.util.JavaUtils.attempt(JavaUtils.java:152)
	at org.apache.ratis.RaftTestUtil.waitForLeader(RaftTestUtil.java:97)
	at org.apache.ratis.RaftTestUtil.waitForLeader(RaftTestUtil.java:77)
	at org.apache.ratis.RaftTestUtil.waitForLeader(RaftTestUtil.java:72)
	at org.apache.ratis.RaftBasicTests.testWithLoad(RaftBasicTests.java:336)
	at org.apache.ratis.RaftBasicTests.lambda$testWithLoad$10(RaftBasicTests.java:328)
	at org.apache.ratis.MiniRaftCluster$Factory$Get.runWithNewCluster(MiniRaftCluster.java:125)
	at org.apache.ratis.MiniRaftCluster$Factory$Get.runWithNewCluster(MiniRaftCluster.java:113)
	at org.apache.ratis.RaftBasicTests.testWithLoad(RaftBasicTests.java:328)
	at org.apache.ratis.netty.TestRaftWithNetty.testWithLoad(TestRaftWithNetty.java:31)
	at sun.reflect.NativeMethodAccessorImpl.invoke0(Native Method)
	at sun.reflect.NativeMethodAccessorImpl.invoke(NativeMethodAccessorImpl.java:62)
	at sun.reflect.DelegatingMethodAccessorImpl.invoke(DelegatingMethodAccessorImpl.java:43)
	at java.lang.reflect.Method.invoke(Method.java:498)
	at org.junit.runners.model.FrameworkMethod$1.runReflectiveCall(FrameworkMethod.java:50)
	at org.junit.internal.runners.model.ReflectiveCallable.run(ReflectiveCallable.java:12)
	at org.junit.runners.model.FrameworkMethod.invokeExplosively(FrameworkMethod.java:47)
	at org.junit.internal.runners.statements.InvokeMethod.evaluate(InvokeMethod.java:17)
	at org.junit.internal.runners.statements.RunAfters.evaluate(RunAfters.java:27)
	at org.junit.internal.runners.statements.FailOnTimeout$CallableStatement.call(FailOnTimeout.java:298)
	at org.junit.internal.runners.statements.FailOnTimeout$CallableStatement.call(FailOnTimeout.java:292)
	at java.util.concurrent.FutureTask.run(FutureTask.java:266)
	at java.lang.Thread.run(Thread.java:748)
2019-09-24 16:43:02,168 INFO  logging.LoggingHandler (AbstractInternalLogger.java:log(150)) - [id: 0x99e1f04d, L:/0.0.0.0:45336] READ: [id: 0x7eb771c8, L:/192.168.5.142:45336 - R:/192.168.5.142:54204]
2019-09-24 16:43:02,168 INFO  logging.LoggingHandler (AbstractInternalLogger.java:log(150)) - [id: 0xcfc333ef, L:/0.0.0.0:39188] READ: [id: 0x07640598, L:/192.168.5.142:39188 - R:/192.168.5.142:60612]
2019-09-24 16:43:02,168 INFO  logging.LoggingHandler (AbstractInternalLogger.java:log(150)) - [id: 0x9b42268a, L:/0.0.0.0:42012] READ: [id: 0x5b6a9d12, L:/192.168.5.142:42012 - R:/192.168.5.142:44754]
2019-09-24 16:43:02,168 INFO  logging.LoggingHandler (AbstractInternalLogger.java:log(150)) - [id: 0xfed9dadb, L:/0.0.0.0:40778] READ: [id: 0x23d6169f, L:/192.168.5.142:40778 - R:/192.168.5.142:33950]
2019-09-24 16:43:02,168 INFO  logging.LoggingHandler (AbstractInternalLogger.java:log(150)) - [id: 0x18a2b203, L:/0.0.0.0:38783] READ: [id: 0xf1f3701c, L:/192.168.5.142:38783 - R:/192.168.5.142:36820]
2019-09-24 16:43:02,256 INFO  logging.LoggingHandler (AbstractInternalLogger.java:log(150)) - [id: 0x9b42268a, L:/0.0.0.0:42012] READ COMPLETE
2019-09-24 16:43:02,256 INFO  logging.LoggingHandler (AbstractInternalLogger.java:log(150)) - [id: 0x18a2b203, L:/0.0.0.0:38783] READ COMPLETE
2019-09-24 16:43:02,256 INFO  logging.LoggingHandler (AbstractInternalLogger.java:log(150)) - [id: 0x99e1f04d, L:/0.0.0.0:45336] READ COMPLETE
2019-09-24 16:43:02,256 INFO  logging.LoggingHandler (AbstractInternalLogger.java:log(150)) - [id: 0xcfc333ef, L:/0.0.0.0:39188] READ COMPLETE
2019-09-24 16:43:02,256 INFO  logging.LoggingHandler (AbstractInternalLogger.java:log(150)) - [id: 0xfed9dadb, L:/0.0.0.0:40778] READ COMPLETE
2019-09-24 16:43:02,261 INFO  logging.LoggingHandler (AbstractInternalLogger.java:log(150)) - [id: 0xcfc333ef, L:/0.0.0.0:39188] READ: [id: 0x175c5545, L:/192.168.5.142:39188 - R:/192.168.5.142:60614]
2019-09-24 16:43:02,261 INFO  impl.LeaderElection (LeaderElection.java:logAndReturn(56)) - s3@group-46F048A18FB7-LeaderElection1: Election TIMEOUT; received 0 response(s) [] and 0 exception(s); s3@group-46F048A18FB7:t1, leader=null, voted=s3, raftlog=s3@group-46F048A18FB7-SegmentedRaftLog:OPENED:c-1,f-1,i0, conf=-1: [s3:0.0.0.0:39188, s4:0.0.0.0:40778, s0:0.0.0.0:42012, s1:0.0.0.0:45336, s2:0.0.0.0:38783], old=null
2019-09-24 16:43:02,260 INFO  logging.LoggingHandler (AbstractInternalLogger.java:log(150)) - [id: 0x99e1f04d, L:/0.0.0.0:45336] READ: [id: 0xbb088a3c, L:/192.168.5.142:45336 - R:/192.168.5.142:54212]
2019-09-24 16:43:02,260 INFO  logging.LoggingHandler (AbstractInternalLogger.java:log(150)) - [id: 0x18a2b203, L:/0.0.0.0:38783] READ: [id: 0x4055bde7, L:/192.168.5.142:38783 - R:/192.168.5.142:36826]
2019-09-24 16:43:02,260 INFO  logging.LoggingHandler (AbstractInternalLogger.java:log(150)) - [id: 0x9b42268a, L:/0.0.0.0:42012] READ: [id: 0xf2aeee06, L:/192.168.5.142:42012 - R:/192.168.5.142:44758]
2019-09-24 16:43:02,261 INFO  logging.LoggingHandler (AbstractInternalLogger.java:log(150)) - [id: 0xcfc333ef, L:/0.0.0.0:39188] READ COMPLETE
2019-09-24 16:43:02,261 INFO  logging.LoggingHandler (AbstractInternalLogger.java:log(150)) - [id: 0xfed9dadb, L:/0.0.0.0:40778] READ: [id: 0x84574f07, L:/192.168.5.142:40778 - R:/192.168.5.142:33964]
2019-09-24 16:43:02,265 INFO  logging.LoggingHandler (AbstractInternalLogger.java:log(150)) - [id: 0x9b42268a, L:/0.0.0.0:42012] READ COMPLETE
2019-09-24 16:43:02,265 INFO  logging.LoggingHandler (AbstractInternalLogger.java:log(150)) - [id: 0x18a2b203, L:/0.0.0.0:38783] READ COMPLETE
2019-09-24 16:43:02,262 INFO  logging.LoggingHandler (AbstractInternalLogger.java:log(150)) - [id: 0x99e1f04d, L:/0.0.0.0:45336] READ COMPLETE
2019-09-24 16:43:02,266 INFO  logging.LoggingHandler (AbstractInternalLogger.java:log(150)) - [id: 0xfed9dadb, L:/0.0.0.0:40778] READ COMPLETE
2019-09-24 16:43:02,268 INFO  logging.LoggingHandler (AbstractInternalLogger.java:log(150)) - [id: 0x18a2b203, L:/0.0.0.0:38783] READ: [id: 0x4a3541e7, L:/192.168.5.142:38783 - R:/192.168.5.142:36840]
2019-09-24 16:43:02,268 INFO  logging.LoggingHandler (AbstractInternalLogger.java:log(150)) - [id: 0x99e1f04d, L:/0.0.0.0:45336] READ: [id: 0x75f89996, L:/192.168.5.142:45336 - R:/192.168.5.142:54216]
2019-09-24 16:43:02,269 INFO  logging.LoggingHandler (AbstractInternalLogger.java:log(150)) - [id: 0x18a2b203, L:/0.0.0.0:38783] READ COMPLETE
2019-09-24 16:43:02,270 INFO  logging.LoggingHandler (AbstractInternalLogger.java:log(150)) - [id: 0x99e1f04d, L:/0.0.0.0:45336] READ COMPLETE
2019-09-24 16:43:02,298 INFO  impl.LeaderElection (LeaderElection.java:logAndReturn(56)) - s0@group-46F048A18FB7-LeaderElection3: Election TIMEOUT; received 0 response(s) [] and 0 exception(s); s0@group-46F048A18FB7:t1, leader=null, voted=s0, raftlog=s0@group-46F048A18FB7-SegmentedRaftLog:OPENED:c-1,f-1,i0, conf=-1: [s3:0.0.0.0:39188, s4:0.0.0.0:40778, s0:0.0.0.0:42012, s1:0.0.0.0:45336, s2:0.0.0.0:38783], old=null
2019-09-24 16:43:02,309 INFO  impl.LeaderElection (LeaderElection.java:logAndReturn(56)) - s4@group-46F048A18FB7-LeaderElection2: Election TIMEOUT; received 0 response(s) [] and 0 exception(s); s4@group-46F048A18FB7:t1, leader=null, voted=s4, raftlog=s4@group-46F048A18FB7-SegmentedRaftLog:OPENED:c-1,f-1,i0, conf=-1: [s3:0.0.0.0:39188, s4:0.0.0.0:40778, s0:0.0.0.0:42012, s1:0.0.0.0:45336, s2:0.0.0.0:38783], old=null
2019-09-24 16:43:02,328 DEBUG impl.RaftServerImpl (RaftServerImpl.java:requestVote(743)) - s3@group-46F048A18FB7: receive requestVote(s0, group-46F048A18FB7, 1, (t:0, i:0))
2019-09-24 16:43:02,328 DEBUG impl.RaftServerImpl (RaftServerImpl.java:requestVote(743)) - s1@group-46F048A18FB7: receive requestVote(s4, group-46F048A18FB7, 1, (t:0, i:0))
2019-09-24 16:43:02,328 DEBUG impl.RaftServerImpl (RaftServerImpl.java:requestVote(743)) - s4@group-46F048A18FB7: receive requestVote(s3, group-46F048A18FB7, 1, (t:0, i:0))
2019-09-24 16:43:02,328 DEBUG impl.RaftServerImpl (RaftServerImpl.java:requestVote(743)) - s1@group-46F048A18FB7: receive requestVote(s0, group-46F048A18FB7, 1, (t:0, i:0))
2019-09-24 16:43:02,328 DEBUG impl.RaftServerImpl (RaftServerImpl.java:requestVote(743)) - s3@group-46F048A18FB7: receive requestVote(s4, group-46F048A18FB7, 1, (t:0, i:0))
2019-09-24 16:43:02,328 DEBUG impl.RaftServerImpl (RaftServerImpl.java:requestVote(743)) - s2@group-46F048A18FB7: receive requestVote(s3, group-46F048A18FB7, 1, (t:0, i:0))
2019-09-24 16:43:02,328 DEBUG impl.RaftServerImpl (RaftServerImpl.java:requestVote(743)) - s2@group-46F048A18FB7: receive requestVote(s0, group-46F048A18FB7, 1, (t:0, i:0))
2019-09-24 16:43:02,328 DEBUG impl.RaftServerImpl (RaftServerImpl.java:requestVote(743)) - s1@group-46F048A18FB7: receive requestVote(s3, group-46F048A18FB7, 1, (t:0, i:0))
2019-09-24 16:43:02,328 DEBUG impl.RaftServerImpl (RaftServerImpl.java:requestVote(743)) - s2@group-46F048A18FB7: receive requestVote(s4, group-46F048A18FB7, 1, (t:0, i:0))
2019-09-24 16:43:02,328 DEBUG impl.RaftServerImpl (RaftServerImpl.java:requestVote(743)) - s4@group-46F048A18FB7: receive requestVote(s0, group-46F048A18FB7, 1, (t:0, i:0))
2019-09-24 16:43:02,328 DEBUG impl.RaftServerImpl (RaftServerImpl.java:requestVote(743)) - s0@group-46F048A18FB7: receive requestVote(s3, group-46F048A18FB7, 1, (t:0, i:0))
2019-09-24 16:43:02,328 DEBUG impl.RaftServerImpl (RaftServerImpl.java:requestVote(743)) - s0@group-46F048A18FB7: receive requestVote(s4, group-46F048A18FB7, 1, (t:0, i:0))
2019-09-24 16:43:02,527 WARN  ratis.RaftTestUtil (JavaUtils.java:attempt(158)) - FAILED "waitForLeader-null-(expectLeader? true)", attempt #14/100: java.lang.IllegalStateException: No leader yet : printing ALL groups
  s3:  RUNNING CANDIDATE s3@group-46F048A18FB7:t2, leader=null, voted=s3, raftlog=s3@group-46F048A18FB7-SegmentedRaftLog:OPENED:c-1,f-1,i0, conf=-1: [s3:0.0.0.0:39188, s4:0.0.0.0:40778, s0:0.0.0.0:42012, s1:0.0.0.0:45336, s2:0.0.0.0:38783], old=null RUNNING
  s4:  RUNNING CANDIDATE s4@group-46F048A18FB7:t2, leader=null, voted=s4, raftlog=s4@group-46F048A18FB7-SegmentedRaftLog:OPENED:c-1,f-1,i0, conf=-1: [s3:0.0.0.0:39188, s4:0.0.0.0:40778, s0:0.0.0.0:42012, s1:0.0.0.0:45336, s2:0.0.0.0:38783], old=null RUNNING
  s0:  RUNNING CANDIDATE s0@group-46F048A18FB7:t2, leader=null, voted=s0, raftlog=s0@group-46F048A18FB7-SegmentedRaftLog:OPENED:c-1,f-1,i0, conf=-1: [s3:0.0.0.0:39188, s4:0.0.0.0:40778, s0:0.0.0.0:42012, s1:0.0.0.0:45336, s2:0.0.0.0:38783], old=null RUNNING
  s1:  RUNNING CANDIDATE s1@group-46F048A18FB7:t1, leader=null, voted=s1, raftlog=s1@group-46F048A18FB7-SegmentedRaftLog:OPENED:c-1,f-1,i0, conf=-1: [s3:0.0.0.0:39188, s4:0.0.0.0:40778, s0:0.0.0.0:42012, s1:0.0.0.0:45336, s2:0.0.0.0:38783], old=null RUNNING
  s2:  RUNNING CANDIDATE s2@group-46F048A18FB7:t1, leader=null, voted=s2, raftlog=s2@group-46F048A18FB7-SegmentedRaftLog:OPENED:c-1,f-1,i0, conf=-1: [s3:0.0.0.0:39188, s4:0.0.0.0:40778, s0:0.0.0.0:42012, s1:0.0.0.0:45336, s2:0.0.0.0:38783], old=null RUNNING, sleep 450ms and then retry.
java.lang.IllegalStateException: No leader yet : printing ALL groups
  s3:  RUNNING CANDIDATE s3@group-46F048A18FB7:t2, leader=null, voted=s3, raftlog=s3@group-46F048A18FB7-SegmentedRaftLog:OPENED:c-1,f-1,i0, conf=-1: [s3:0.0.0.0:39188, s4:0.0.0.0:40778, s0:0.0.0.0:42012, s1:0.0.0.0:45336, s2:0.0.0.0:38783], old=null RUNNING
  s4:  RUNNING CANDIDATE s4@group-46F048A18FB7:t2, leader=null, voted=s4, raftlog=s4@group-46F048A18FB7-SegmentedRaftLog:OPENED:c-1,f-1,i0, conf=-1: [s3:0.0.0.0:39188, s4:0.0.0.0:40778, s0:0.0.0.0:42012, s1:0.0.0.0:45336, s2:0.0.0.0:38783], old=null RUNNING
  s0:  RUNNING CANDIDATE s0@group-46F048A18FB7:t2, leader=null, voted=s0, raftlog=s0@group-46F048A18FB7-SegmentedRaftLog:OPENED:c-1,f-1,i0, conf=-1: [s3:0.0.0.0:39188, s4:0.0.0.0:40778, s0:0.0.0.0:42012, s1:0.0.0.0:45336, s2:0.0.0.0:38783], old=null RUNNING
  s1:  RUNNING CANDIDATE s1@group-46F048A18FB7:t1, leader=null, voted=s1, raftlog=s1@group-46F048A18FB7-SegmentedRaftLog:OPENED:c-1,f-1,i0, conf=-1: [s3:0.0.0.0:39188, s4:0.0.0.0:40778, s0:0.0.0.0:42012, s1:0.0.0.0:45336, s2:0.0.0.0:38783], old=null RUNNING
  s2:  RUNNING CANDIDATE s2@group-46F048A18FB7:t1, leader=null, voted=s2, raftlog=s2@group-46F048A18FB7-SegmentedRaftLog:OPENED:c-1,f-1,i0, conf=-1: [s3:0.0.0.0:39188, s4:0.0.0.0:40778, s0:0.0.0.0:42012, s1:0.0.0.0:45336, s2:0.0.0.0:38783], old=null RUNNING
	at org.apache.ratis.MiniRaftCluster.newIllegalStateExceptionForNoLeaders(MiniRaftCluster.java:506)
	at org.apache.ratis.RaftTestUtil.lambda$waitForLeader$1(RaftTestUtil.java:90)
	at org.apache.ratis.MiniRaftCluster.getLeader(MiniRaftCluster.java:539)
	at org.apache.ratis.MiniRaftCluster.getLeader(MiniRaftCluster.java:532)
	at org.apache.ratis.RaftTestUtil.lambda$waitForLeader$3(RaftTestUtil.java:98)
	at org.apache.ratis.util.JavaUtils.attempt(JavaUtils.java:152)
	at org.apache.ratis.RaftTestUtil.waitForLeader(RaftTestUtil.java:97)
	at org.apache.ratis.RaftTestUtil.waitForLeader(RaftTestUtil.java:77)
	at org.apache.ratis.RaftTestUtil.waitForLeader(RaftTestUtil.java:72)
	at org.apache.ratis.RaftBasicTests.testWithLoad(RaftBasicTests.java:336)
	at org.apache.ratis.RaftBasicTests.lambda$testWithLoad$10(RaftBasicTests.java:328)
	at org.apache.ratis.MiniRaftCluster$Factory$Get.runWithNewCluster(MiniRaftCluster.java:125)
	at org.apache.ratis.MiniRaftCluster$Factory$Get.runWithNewCluster(MiniRaftCluster.java:113)
	at org.apache.ratis.RaftBasicTests.testWithLoad(RaftBasicTests.java:328)
	at org.apache.ratis.netty.TestRaftWithNetty.testWithLoad(TestRaftWithNetty.java:31)
	at sun.reflect.NativeMethodAccessorImpl.invoke0(Native Method)
	at sun.reflect.NativeMethodAccessorImpl.invoke(NativeMethodAccessorImpl.java:62)
	at sun.reflect.DelegatingMethodAccessorImpl.invoke(DelegatingMethodAccessorImpl.java:43)
	at java.lang.reflect.Method.invoke(Method.java:498)
	at org.junit.runners.model.FrameworkMethod$1.runReflectiveCall(FrameworkMethod.java:50)
	at org.junit.internal.runners.model.ReflectiveCallable.run(ReflectiveCallable.java:12)
	at org.junit.runners.model.FrameworkMethod.invokeExplosively(FrameworkMethod.java:47)
	at org.junit.internal.runners.statements.InvokeMethod.evaluate(InvokeMethod.java:17)
	at org.junit.internal.runners.statements.RunAfters.evaluate(RunAfters.java:27)
	at org.junit.internal.runners.statements.FailOnTimeout$CallableStatement.call(FailOnTimeout.java:298)
	at org.junit.internal.runners.statements.FailOnTimeout$CallableStatement.call(FailOnTimeout.java:292)
	at java.util.concurrent.FutureTask.run(FutureTask.java:266)
	at java.lang.Thread.run(Thread.java:748)
2019-09-24 16:43:02,980 WARN  ratis.RaftTestUtil (JavaUtils.java:attempt(158)) - FAILED "waitForLeader-null-(expectLeader? true)", attempt #15/100: java.lang.IllegalStateException: No leader yet : printing ALL groups
  s3:  RUNNING CANDIDATE s3@group-46F048A18FB7:t2, leader=null, voted=s3, raftlog=s3@group-46F048A18FB7-SegmentedRaftLog:OPENED:c-1,f-1,i0, conf=-1: [s3:0.0.0.0:39188, s4:0.0.0.0:40778, s0:0.0.0.0:42012, s1:0.0.0.0:45336, s2:0.0.0.0:38783], old=null RUNNING
  s4:  RUNNING CANDIDATE s4@group-46F048A18FB7:t2, leader=null, voted=s4, raftlog=s4@group-46F048A18FB7-SegmentedRaftLog:OPENED:c-1,f-1,i0, conf=-1: [s3:0.0.0.0:39188, s4:0.0.0.0:40778, s0:0.0.0.0:42012, s1:0.0.0.0:45336, s2:0.0.0.0:38783], old=null RUNNING
  s0:  RUNNING CANDIDATE s0@group-46F048A18FB7:t2, leader=null, voted=s0, raftlog=s0@group-46F048A18FB7-SegmentedRaftLog:OPENED:c-1,f-1,i0, conf=-1: [s3:0.0.0.0:39188, s4:0.0.0.0:40778, s0:0.0.0.0:42012, s1:0.0.0.0:45336, s2:0.0.0.0:38783], old=null RUNNING
  s1:  RUNNING CANDIDATE s1@group-46F048A18FB7:t1, leader=null, voted=s1, raftlog=s1@group-46F048A18FB7-SegmentedRaftLog:OPENED:c-1,f-1,i0, conf=-1: [s3:0.0.0.0:39188, s4:0.0.0.0:40778, s0:0.0.0.0:42012, s1:0.0.0.0:45336, s2:0.0.0.0:38783], old=null RUNNING
  s2:  RUNNING CANDIDATE s2@group-46F048A18FB7:t1, leader=null, voted=s2, raftlog=s2@group-46F048A18FB7-SegmentedRaftLog:OPENED:c-1,f-1,i0, conf=-1: [s3:0.0.0.0:39188, s4:0.0.0.0:40778, s0:0.0.0.0:42012, s1:0.0.0.0:45336, s2:0.0.0.0:38783], old=null RUNNING, sleep 450ms and then retry.
java.lang.IllegalStateException: No leader yet : printing ALL groups
  s3:  RUNNING CANDIDATE s3@group-46F048A18FB7:t2, leader=null, voted=s3, raftlog=s3@group-46F048A18FB7-SegmentedRaftLog:OPENED:c-1,f-1,i0, conf=-1: [s3:0.0.0.0:39188, s4:0.0.0.0:40778, s0:0.0.0.0:42012, s1:0.0.0.0:45336, s2:0.0.0.0:38783], old=null RUNNING
  s4:  RUNNING CANDIDATE s4@group-46F048A18FB7:t2, leader=null, voted=s4, raftlog=s4@group-46F048A18FB7-SegmentedRaftLog:OPENED:c-1,f-1,i0, conf=-1: [s3:0.0.0.0:39188, s4:0.0.0.0:40778, s0:0.0.0.0:42012, s1:0.0.0.0:45336, s2:0.0.0.0:38783], old=null RUNNING
  s0:  RUNNING CANDIDATE s0@group-46F048A18FB7:t2, leader=null, voted=s0, raftlog=s0@group-46F048A18FB7-SegmentedRaftLog:OPENED:c-1,f-1,i0, conf=-1: [s3:0.0.0.0:39188, s4:0.0.0.0:40778, s0:0.0.0.0:42012, s1:0.0.0.0:45336, s2:0.0.0.0:38783], old=null RUNNING
  s1:  RUNNING CANDIDATE s1@group-46F048A18FB7:t1, leader=null, voted=s1, raftlog=s1@group-46F048A18FB7-SegmentedRaftLog:OPENED:c-1,f-1,i0, conf=-1: [s3:0.0.0.0:39188, s4:0.0.0.0:40778, s0:0.0.0.0:42012, s1:0.0.0.0:45336, s2:0.0.0.0:38783], old=null RUNNING
  s2:  RUNNING CANDIDATE s2@group-46F048A18FB7:t1, leader=null, voted=s2, raftlog=s2@group-46F048A18FB7-SegmentedRaftLog:OPENED:c-1,f-1,i0, conf=-1: [s3:0.0.0.0:39188, s4:0.0.0.0:40778, s0:0.0.0.0:42012, s1:0.0.0.0:45336, s2:0.0.0.0:38783], old=null RUNNING
	at org.apache.ratis.MiniRaftCluster.newIllegalStateExceptionForNoLeaders(MiniRaftCluster.java:506)
	at org.apache.ratis.RaftTestUtil.lambda$waitForLeader$1(RaftTestUtil.java:90)
	at org.apache.ratis.MiniRaftCluster.getLeader(MiniRaftCluster.java:539)
	at org.apache.ratis.MiniRaftCluster.getLeader(MiniRaftCluster.java:532)
	at org.apache.ratis.RaftTestUtil.lambda$waitForLeader$3(RaftTestUtil.java:98)
	at org.apache.ratis.util.JavaUtils.attempt(JavaUtils.java:152)
	at org.apache.ratis.RaftTestUtil.waitForLeader(RaftTestUtil.java:97)
	at org.apache.ratis.RaftTestUtil.waitForLeader(RaftTestUtil.java:77)
	at org.apache.ratis.RaftTestUtil.waitForLeader(RaftTestUtil.java:72)
	at org.apache.ratis.RaftBasicTests.testWithLoad(RaftBasicTests.java:336)
	at org.apache.ratis.RaftBasicTests.lambda$testWithLoad$10(RaftBasicTests.java:328)
	at org.apache.ratis.MiniRaftCluster$Factory$Get.runWithNewCluster(MiniRaftCluster.java:125)
	at org.apache.ratis.MiniRaftCluster$Factory$Get.runWithNewCluster(MiniRaftCluster.java:113)
	at org.apache.ratis.RaftBasicTests.testWithLoad(RaftBasicTests.java:328)
	at org.apache.ratis.netty.TestRaftWithNetty.testWithLoad(TestRaftWithNetty.java:31)
	at sun.reflect.NativeMethodAccessorImpl.invoke0(Native Method)
	at sun.reflect.NativeMethodAccessorImpl.invoke(NativeMethodAccessorImpl.java:62)
	at sun.reflect.DelegatingMethodAccessorImpl.invoke(DelegatingMethodAccessorImpl.java:43)
	at java.lang.reflect.Method.invoke(Method.java:498)
	at org.junit.runners.model.FrameworkMethod$1.runReflectiveCall(FrameworkMethod.java:50)
	at org.junit.internal.runners.model.ReflectiveCallable.run(ReflectiveCallable.java:12)
	at org.junit.runners.model.FrameworkMethod.invokeExplosively(FrameworkMethod.java:47)
	at org.junit.internal.runners.statements.InvokeMethod.evaluate(InvokeMethod.java:17)
	at org.junit.internal.runners.statements.RunAfters.evaluate(RunAfters.java:27)
	at org.junit.internal.runners.statements.FailOnTimeout$CallableStatement.call(FailOnTimeout.java:298)
	at org.junit.internal.runners.statements.FailOnTimeout$CallableStatement.call(FailOnTimeout.java:292)
	at java.util.concurrent.FutureTask.run(FutureTask.java:266)
	at java.lang.Thread.run(Thread.java:748)
2019-09-24 16:43:03,433 WARN  ratis.RaftTestUtil (JavaUtils.java:attempt(158)) - FAILED "waitForLeader-null-(expectLeader? true)", attempt #16/100: java.lang.IllegalStateException: No leader yet : printing ALL groups
  s3:  RUNNING CANDIDATE s3@group-46F048A18FB7:t2, leader=null, voted=s3, raftlog=s3@group-46F048A18FB7-SegmentedRaftLog:OPENED:c-1,f-1,i0, conf=-1: [s3:0.0.0.0:39188, s4:0.0.0.0:40778, s0:0.0.0.0:42012, s1:0.0.0.0:45336, s2:0.0.0.0:38783], old=null RUNNING
  s4:  RUNNING CANDIDATE s4@group-46F048A18FB7:t2, leader=null, voted=s4, raftlog=s4@group-46F048A18FB7-SegmentedRaftLog:OPENED:c-1,f-1,i0, conf=-1: [s3:0.0.0.0:39188, s4:0.0.0.0:40778, s0:0.0.0.0:42012, s1:0.0.0.0:45336, s2:0.0.0.0:38783], old=null RUNNING
  s0:  RUNNING CANDIDATE s0@group-46F048A18FB7:t2, leader=null, voted=s0, raftlog=s0@group-46F048A18FB7-SegmentedRaftLog:OPENED:c-1,f-1,i0, conf=-1: [s3:0.0.0.0:39188, s4:0.0.0.0:40778, s0:0.0.0.0:42012, s1:0.0.0.0:45336, s2:0.0.0.0:38783], old=null RUNNING
  s1:  RUNNING CANDIDATE s1@group-46F048A18FB7:t1, leader=null, voted=s1, raftlog=s1@group-46F048A18FB7-SegmentedRaftLog:OPENED:c-1,f-1,i0, conf=-1: [s3:0.0.0.0:39188, s4:0.0.0.0:40778, s0:0.0.0.0:42012, s1:0.0.0.0:45336, s2:0.0.0.0:38783], old=null RUNNING
  s2:  RUNNING CANDIDATE s2@group-46F048A18FB7:t1, leader=null, voted=s2, raftlog=s2@group-46F048A18FB7-SegmentedRaftLog:OPENED:c-1,f-1,i0, conf=-1: [s3:0.0.0.0:39188, s4:0.0.0.0:40778, s0:0.0.0.0:42012, s1:0.0.0.0:45336, s2:0.0.0.0:38783], old=null RUNNING, sleep 450ms and then retry.
java.lang.IllegalStateException: No leader yet : printing ALL groups
  s3:  RUNNING CANDIDATE s3@group-46F048A18FB7:t2, leader=null, voted=s3, raftlog=s3@group-46F048A18FB7-SegmentedRaftLog:OPENED:c-1,f-1,i0, conf=-1: [s3:0.0.0.0:39188, s4:0.0.0.0:40778, s0:0.0.0.0:42012, s1:0.0.0.0:45336, s2:0.0.0.0:38783], old=null RUNNING
  s4:  RUNNING CANDIDATE s4@group-46F048A18FB7:t2, leader=null, voted=s4, raftlog=s4@group-46F048A18FB7-SegmentedRaftLog:OPENED:c-1,f-1,i0, conf=-1: [s3:0.0.0.0:39188, s4:0.0.0.0:40778, s0:0.0.0.0:42012, s1:0.0.0.0:45336, s2:0.0.0.0:38783], old=null RUNNING
  s0:  RUNNING CANDIDATE s0@group-46F048A18FB7:t2, leader=null, voted=s0, raftlog=s0@group-46F048A18FB7-SegmentedRaftLog:OPENED:c-1,f-1,i0, conf=-1: [s3:0.0.0.0:39188, s4:0.0.0.0:40778, s0:0.0.0.0:42012, s1:0.0.0.0:45336, s2:0.0.0.0:38783], old=null RUNNING
  s1:  RUNNING CANDIDATE s1@group-46F048A18FB7:t1, leader=null, voted=s1, raftlog=s1@group-46F048A18FB7-SegmentedRaftLog:OPENED:c-1,f-1,i0, conf=-1: [s3:0.0.0.0:39188, s4:0.0.0.0:40778, s0:0.0.0.0:42012, s1:0.0.0.0:45336, s2:0.0.0.0:38783], old=null RUNNING
  s2:  RUNNING CANDIDATE s2@group-46F048A18FB7:t1, leader=null, voted=s2, raftlog=s2@group-46F048A18FB7-SegmentedRaftLog:OPENED:c-1,f-1,i0, conf=-1: [s3:0.0.0.0:39188, s4:0.0.0.0:40778, s0:0.0.0.0:42012, s1:0.0.0.0:45336, s2:0.0.0.0:38783], old=null RUNNING
	at org.apache.ratis.MiniRaftCluster.newIllegalStateExceptionForNoLeaders(MiniRaftCluster.java:506)
	at org.apache.ratis.RaftTestUtil.lambda$waitForLeader$1(RaftTestUtil.java:90)
	at org.apache.ratis.MiniRaftCluster.getLeader(MiniRaftCluster.java:539)
	at org.apache.ratis.MiniRaftCluster.getLeader(MiniRaftCluster.java:532)
	at org.apache.ratis.RaftTestUtil.lambda$waitForLeader$3(RaftTestUtil.java:98)
	at org.apache.ratis.util.JavaUtils.attempt(JavaUtils.java:152)
	at org.apache.ratis.RaftTestUtil.waitForLeader(RaftTestUtil.java:97)
	at org.apache.ratis.RaftTestUtil.waitForLeader(RaftTestUtil.java:77)
	at org.apache.ratis.RaftTestUtil.waitForLeader(RaftTestUtil.java:72)
	at org.apache.ratis.RaftBasicTests.testWithLoad(RaftBasicTests.java:336)
	at org.apache.ratis.RaftBasicTests.lambda$testWithLoad$10(RaftBasicTests.java:328)
	at org.apache.ratis.MiniRaftCluster$Factory$Get.runWithNewCluster(MiniRaftCluster.java:125)
	at org.apache.ratis.MiniRaftCluster$Factory$Get.runWithNewCluster(MiniRaftCluster.java:113)
	at org.apache.ratis.RaftBasicTests.testWithLoad(RaftBasicTests.java:328)
	at org.apache.ratis.netty.TestRaftWithNetty.testWithLoad(TestRaftWithNetty.java:31)
	at sun.reflect.NativeMethodAccessorImpl.invoke0(Native Method)
	at sun.reflect.NativeMethodAccessorImpl.invoke(NativeMethodAccessorImpl.java:62)
	at sun.reflect.DelegatingMethodAccessorImpl.invoke(DelegatingMethodAccessorImpl.java:43)
	at java.lang.reflect.Method.invoke(Method.java:498)
	at org.junit.runners.model.FrameworkMethod$1.runReflectiveCall(FrameworkMethod.java:50)
	at org.junit.internal.runners.model.ReflectiveCallable.run(ReflectiveCallable.java:12)
	at org.junit.runners.model.FrameworkMethod.invokeExplosively(FrameworkMethod.java:47)
	at org.junit.internal.runners.statements.InvokeMethod.evaluate(InvokeMethod.java:17)
	at org.junit.internal.runners.statements.RunAfters.evaluate(RunAfters.java:27)
	at org.junit.internal.runners.statements.FailOnTimeout$CallableStatement.call(FailOnTimeout.java:298)
	at org.junit.internal.runners.statements.FailOnTimeout$CallableStatement.call(FailOnTimeout.java:292)
	at java.util.concurrent.FutureTask.run(FutureTask.java:266)
	at java.lang.Thread.run(Thread.java:748)
2019-09-24 16:43:03,885 WARN  ratis.RaftTestUtil (JavaUtils.java:attempt(158)) - FAILED "waitForLeader-null-(expectLeader? true)", attempt #17/100: java.lang.IllegalStateException: No leader yet : printing ALL groups
  s3:  RUNNING CANDIDATE s3@group-46F048A18FB7:t2, leader=null, voted=s3, raftlog=s3@group-46F048A18FB7-SegmentedRaftLog:OPENED:c-1,f-1,i0, conf=-1: [s3:0.0.0.0:39188, s4:0.0.0.0:40778, s0:0.0.0.0:42012, s1:0.0.0.0:45336, s2:0.0.0.0:38783], old=null RUNNING
  s4:  RUNNING CANDIDATE s4@group-46F048A18FB7:t2, leader=null, voted=s4, raftlog=s4@group-46F048A18FB7-SegmentedRaftLog:OPENED:c-1,f-1,i0, conf=-1: [s3:0.0.0.0:39188, s4:0.0.0.0:40778, s0:0.0.0.0:42012, s1:0.0.0.0:45336, s2:0.0.0.0:38783], old=null RUNNING
  s0:  RUNNING CANDIDATE s0@group-46F048A18FB7:t2, leader=null, voted=s0, raftlog=s0@group-46F048A18FB7-SegmentedRaftLog:OPENED:c-1,f-1,i0, conf=-1: [s3:0.0.0.0:39188, s4:0.0.0.0:40778, s0:0.0.0.0:42012, s1:0.0.0.0:45336, s2:0.0.0.0:38783], old=null RUNNING
  s1:  RUNNING CANDIDATE s1@group-46F048A18FB7:t1, leader=null, voted=s1, raftlog=s1@group-46F048A18FB7-SegmentedRaftLog:OPENED:c-1,f-1,i0, conf=-1: [s3:0.0.0.0:39188, s4:0.0.0.0:40778, s0:0.0.0.0:42012, s1:0.0.0.0:45336, s2:0.0.0.0:38783], old=null RUNNING
  s2:  RUNNING CANDIDATE s2@group-46F048A18FB7:t1, leader=null, voted=s2, raftlog=s2@group-46F048A18FB7-SegmentedRaftLog:OPENED:c-1,f-1,i0, conf=-1: [s3:0.0.0.0:39188, s4:0.0.0.0:40778, s0:0.0.0.0:42012, s1:0.0.0.0:45336, s2:0.0.0.0:38783], old=null RUNNING, sleep 450ms and then retry.
java.lang.IllegalStateException: No leader yet : printing ALL groups
  s3:  RUNNING CANDIDATE s3@group-46F048A18FB7:t2, leader=null, voted=s3, raftlog=s3@group-46F048A18FB7-SegmentedRaftLog:OPENED:c-1,f-1,i0, conf=-1: [s3:0.0.0.0:39188, s4:0.0.0.0:40778, s0:0.0.0.0:42012, s1:0.0.0.0:45336, s2:0.0.0.0:38783], old=null RUNNING
  s4:  RUNNING CANDIDATE s4@group-46F048A18FB7:t2, leader=null, voted=s4, raftlog=s4@group-46F048A18FB7-SegmentedRaftLog:OPENED:c-1,f-1,i0, conf=-1: [s3:0.0.0.0:39188, s4:0.0.0.0:40778, s0:0.0.0.0:42012, s1:0.0.0.0:45336, s2:0.0.0.0:38783], old=null RUNNING
  s0:  RUNNING CANDIDATE s0@group-46F048A18FB7:t2, leader=null, voted=s0, raftlog=s0@group-46F048A18FB7-SegmentedRaftLog:OPENED:c-1,f-1,i0, conf=-1: [s3:0.0.0.0:39188, s4:0.0.0.0:40778, s0:0.0.0.0:42012, s1:0.0.0.0:45336, s2:0.0.0.0:38783], old=null RUNNING
  s1:  RUNNING CANDIDATE s1@group-46F048A18FB7:t1, leader=null, voted=s1, raftlog=s1@group-46F048A18FB7-SegmentedRaftLog:OPENED:c-1,f-1,i0, conf=-1: [s3:0.0.0.0:39188, s4:0.0.0.0:40778, s0:0.0.0.0:42012, s1:0.0.0.0:45336, s2:0.0.0.0:38783], old=null RUNNING
  s2:  RUNNING CANDIDATE s2@group-46F048A18FB7:t1, leader=null, voted=s2, raftlog=s2@group-46F048A18FB7-SegmentedRaftLog:OPENED:c-1,f-1,i0, conf=-1: [s3:0.0.0.0:39188, s4:0.0.0.0:40778, s0:0.0.0.0:42012, s1:0.0.0.0:45336, s2:0.0.0.0:38783], old=null RUNNING
	at org.apache.ratis.MiniRaftCluster.newIllegalStateExceptionForNoLeaders(MiniRaftCluster.java:506)
	at org.apache.ratis.RaftTestUtil.lambda$waitForLeader$1(RaftTestUtil.java:90)
	at org.apache.ratis.MiniRaftCluster.getLeader(MiniRaftCluster.java:539)
	at org.apache.ratis.MiniRaftCluster.getLeader(MiniRaftCluster.java:532)
	at org.apache.ratis.RaftTestUtil.lambda$waitForLeader$3(RaftTestUtil.java:98)
	at org.apache.ratis.util.JavaUtils.attempt(JavaUtils.java:152)
	at org.apache.ratis.RaftTestUtil.waitForLeader(RaftTestUtil.java:97)
	at org.apache.ratis.RaftTestUtil.waitForLeader(RaftTestUtil.java:77)
	at org.apache.ratis.RaftTestUtil.waitForLeader(RaftTestUtil.java:72)
	at org.apache.ratis.RaftBasicTests.testWithLoad(RaftBasicTests.java:336)
	at org.apache.ratis.RaftBasicTests.lambda$testWithLoad$10(RaftBasicTests.java:328)
	at org.apache.ratis.MiniRaftCluster$Factory$Get.runWithNewCluster(MiniRaftCluster.java:125)
	at org.apache.ratis.MiniRaftCluster$Factory$Get.runWithNewCluster(MiniRaftCluster.java:113)
	at org.apache.ratis.RaftBasicTests.testWithLoad(RaftBasicTests.java:328)
	at org.apache.ratis.netty.TestRaftWithNetty.testWithLoad(TestRaftWithNetty.java:31)
	at sun.reflect.NativeMethodAccessorImpl.invoke0(Native Method)
	at sun.reflect.NativeMethodAccessorImpl.invoke(NativeMethodAccessorImpl.java:62)
	at sun.reflect.DelegatingMethodAccessorImpl.invoke(DelegatingMethodAccessorImpl.java:43)
	at java.lang.reflect.Method.invoke(Method.java:498)
	at org.junit.runners.model.FrameworkMethod$1.runReflectiveCall(FrameworkMethod.java:50)
	at org.junit.internal.runners.model.ReflectiveCallable.run(ReflectiveCallable.java:12)
	at org.junit.runners.model.FrameworkMethod.invokeExplosively(FrameworkMethod.java:47)
	at org.junit.internal.runners.statements.InvokeMethod.evaluate(InvokeMethod.java:17)
	at org.junit.internal.runners.statements.RunAfters.evaluate(RunAfters.java:27)
	at org.junit.internal.runners.statements.FailOnTimeout$CallableStatement.call(FailOnTimeout.java:298)
	at org.junit.internal.runners.statements.FailOnTimeout$CallableStatement.call(FailOnTimeout.java:292)
	at java.util.concurrent.FutureTask.run(FutureTask.java:266)
	at java.lang.Thread.run(Thread.java:748)
2019-09-24 16:43:04,337 WARN  ratis.RaftTestUtil (JavaUtils.java:attempt(158)) - FAILED "waitForLeader-null-(expectLeader? true)", attempt #18/100: java.lang.IllegalStateException: No leader yet : printing ALL groups
  s3:  RUNNING CANDIDATE s3@group-46F048A18FB7:t2, leader=null, voted=s3, raftlog=s3@group-46F048A18FB7-SegmentedRaftLog:OPENED:c-1,f-1,i0, conf=-1: [s3:0.0.0.0:39188, s4:0.0.0.0:40778, s0:0.0.0.0:42012, s1:0.0.0.0:45336, s2:0.0.0.0:38783], old=null RUNNING
  s4:  RUNNING CANDIDATE s4@group-46F048A18FB7:t2, leader=null, voted=s4, raftlog=s4@group-46F048A18FB7-SegmentedRaftLog:OPENED:c-1,f-1,i0, conf=-1: [s3:0.0.0.0:39188, s4:0.0.0.0:40778, s0:0.0.0.0:42012, s1:0.0.0.0:45336, s2:0.0.0.0:38783], old=null RUNNING
  s0:  RUNNING CANDIDATE s0@group-46F048A18FB7:t2, leader=null, voted=s0, raftlog=s0@group-46F048A18FB7-SegmentedRaftLog:OPENED:c-1,f-1,i0, conf=-1: [s3:0.0.0.0:39188, s4:0.0.0.0:40778, s0:0.0.0.0:42012, s1:0.0.0.0:45336, s2:0.0.0.0:38783], old=null RUNNING
  s1:  RUNNING CANDIDATE s1@group-46F048A18FB7:t1, leader=null, voted=s1, raftlog=s1@group-46F048A18FB7-SegmentedRaftLog:OPENED:c-1,f-1,i0, conf=-1: [s3:0.0.0.0:39188, s4:0.0.0.0:40778, s0:0.0.0.0:42012, s1:0.0.0.0:45336, s2:0.0.0.0:38783], old=null RUNNING
  s2:  RUNNING CANDIDATE s2@group-46F048A18FB7:t1, leader=null, voted=s2, raftlog=s2@group-46F048A18FB7-SegmentedRaftLog:OPENED:c-1,f-1,i0, conf=-1: [s3:0.0.0.0:39188, s4:0.0.0.0:40778, s0:0.0.0.0:42012, s1:0.0.0.0:45336, s2:0.0.0.0:38783], old=null RUNNING, sleep 450ms and then retry.
java.lang.IllegalStateException: No leader yet : printing ALL groups
  s3:  RUNNING CANDIDATE s3@group-46F048A18FB7:t2, leader=null, voted=s3, raftlog=s3@group-46F048A18FB7-SegmentedRaftLog:OPENED:c-1,f-1,i0, conf=-1: [s3:0.0.0.0:39188, s4:0.0.0.0:40778, s0:0.0.0.0:42012, s1:0.0.0.0:45336, s2:0.0.0.0:38783], old=null RUNNING
  s4:  RUNNING CANDIDATE s4@group-46F048A18FB7:t2, leader=null, voted=s4, raftlog=s4@group-46F048A18FB7-SegmentedRaftLog:OPENED:c-1,f-1,i0, conf=-1: [s3:0.0.0.0:39188, s4:0.0.0.0:40778, s0:0.0.0.0:42012, s1:0.0.0.0:45336, s2:0.0.0.0:38783], old=null RUNNING
  s0:  RUNNING CANDIDATE s0@group-46F048A18FB7:t2, leader=null, voted=s0, raftlog=s0@group-46F048A18FB7-SegmentedRaftLog:OPENED:c-1,f-1,i0, conf=-1: [s3:0.0.0.0:39188, s4:0.0.0.0:40778, s0:0.0.0.0:42012, s1:0.0.0.0:45336, s2:0.0.0.0:38783], old=null RUNNING
  s1:  RUNNING CANDIDATE s1@group-46F048A18FB7:t1, leader=null, voted=s1, raftlog=s1@group-46F048A18FB7-SegmentedRaftLog:OPENED:c-1,f-1,i0, conf=-1: [s3:0.0.0.0:39188, s4:0.0.0.0:40778, s0:0.0.0.0:42012, s1:0.0.0.0:45336, s2:0.0.0.0:38783], old=null RUNNING
  s2:  RUNNING CANDIDATE s2@group-46F048A18FB7:t1, leader=null, voted=s2, raftlog=s2@group-46F048A18FB7-SegmentedRaftLog:OPENED:c-1,f-1,i0, conf=-1: [s3:0.0.0.0:39188, s4:0.0.0.0:40778, s0:0.0.0.0:42012, s1:0.0.0.0:45336, s2:0.0.0.0:38783], old=null RUNNING
	at org.apache.ratis.MiniRaftCluster.newIllegalStateExceptionForNoLeaders(MiniRaftCluster.java:506)
	at org.apache.ratis.RaftTestUtil.lambda$waitForLeader$1(RaftTestUtil.java:90)
	at org.apache.ratis.MiniRaftCluster.getLeader(MiniRaftCluster.java:539)
	at org.apache.ratis.MiniRaftCluster.getLeader(MiniRaftCluster.java:532)
	at org.apache.ratis.RaftTestUtil.lambda$waitForLeader$3(RaftTestUtil.java:98)
	at org.apache.ratis.util.JavaUtils.attempt(JavaUtils.java:152)
	at org.apache.ratis.RaftTestUtil.waitForLeader(RaftTestUtil.java:97)
	at org.apache.ratis.RaftTestUtil.waitForLeader(RaftTestUtil.java:77)
	at org.apache.ratis.RaftTestUtil.waitForLeader(RaftTestUtil.java:72)
	at org.apache.ratis.RaftBasicTests.testWithLoad(RaftBasicTests.java:336)
	at org.apache.ratis.RaftBasicTests.lambda$testWithLoad$10(RaftBasicTests.java:328)
	at org.apache.ratis.MiniRaftCluster$Factory$Get.runWithNewCluster(MiniRaftCluster.java:125)
	at org.apache.ratis.MiniRaftCluster$Factory$Get.runWithNewCluster(MiniRaftCluster.java:113)
	at org.apache.ratis.RaftBasicTests.testWithLoad(RaftBasicTests.java:328)
	at org.apache.ratis.netty.TestRaftWithNetty.testWithLoad(TestRaftWithNetty.java:31)
	at sun.reflect.NativeMethodAccessorImpl.invoke0(Native Method)
	at sun.reflect.NativeMethodAccessorImpl.invoke(NativeMethodAccessorImpl.java:62)
	at sun.reflect.DelegatingMethodAccessorImpl.invoke(DelegatingMethodAccessorImpl.java:43)
	at java.lang.reflect.Method.invoke(Method.java:498)
	at org.junit.runners.model.FrameworkMethod$1.runReflectiveCall(FrameworkMethod.java:50)
	at org.junit.internal.runners.model.ReflectiveCallable.run(ReflectiveCallable.java:12)
	at org.junit.runners.model.FrameworkMethod.invokeExplosively(FrameworkMethod.java:47)
	at org.junit.internal.runners.statements.InvokeMethod.evaluate(InvokeMethod.java:17)
	at org.junit.internal.runners.statements.RunAfters.evaluate(RunAfters.java:27)
	at org.junit.internal.runners.statements.FailOnTimeout$CallableStatement.call(FailOnTimeout.java:298)
	at org.junit.internal.runners.statements.FailOnTimeout$CallableStatement.call(FailOnTimeout.java:292)
	at java.util.concurrent.FutureTask.run(FutureTask.java:266)
	at java.lang.Thread.run(Thread.java:748)
2019-09-24 16:43:04,789 WARN  ratis.RaftTestUtil (JavaUtils.java:attempt(158)) - FAILED "waitForLeader-null-(expectLeader? true)", attempt #19/100: java.lang.IllegalStateException: No leader yet : printing ALL groups
  s3:  RUNNING CANDIDATE s3@group-46F048A18FB7:t2, leader=null, voted=s3, raftlog=s3@group-46F048A18FB7-SegmentedRaftLog:OPENED:c-1,f-1,i0, conf=-1: [s3:0.0.0.0:39188, s4:0.0.0.0:40778, s0:0.0.0.0:42012, s1:0.0.0.0:45336, s2:0.0.0.0:38783], old=null RUNNING
  s4:  RUNNING CANDIDATE s4@group-46F048A18FB7:t2, leader=null, voted=s4, raftlog=s4@group-46F048A18FB7-SegmentedRaftLog:OPENED:c-1,f-1,i0, conf=-1: [s3:0.0.0.0:39188, s4:0.0.0.0:40778, s0:0.0.0.0:42012, s1:0.0.0.0:45336, s2:0.0.0.0:38783], old=null RUNNING
  s0:  RUNNING CANDIDATE s0@group-46F048A18FB7:t2, leader=null, voted=s0, raftlog=s0@group-46F048A18FB7-SegmentedRaftLog:OPENED:c-1,f-1,i0, conf=-1: [s3:0.0.0.0:39188, s4:0.0.0.0:40778, s0:0.0.0.0:42012, s1:0.0.0.0:45336, s2:0.0.0.0:38783], old=null RUNNING
  s1:  RUNNING CANDIDATE s1@group-46F048A18FB7:t1, leader=null, voted=s1, raftlog=s1@group-46F048A18FB7-SegmentedRaftLog:OPENED:c-1,f-1,i0, conf=-1: [s3:0.0.0.0:39188, s4:0.0.0.0:40778, s0:0.0.0.0:42012, s1:0.0.0.0:45336, s2:0.0.0.0:38783], old=null RUNNING
  s2:  RUNNING CANDIDATE s2@group-46F048A18FB7:t1, leader=null, voted=s2, raftlog=s2@group-46F048A18FB7-SegmentedRaftLog:OPENED:c-1,f-1,i0, conf=-1: [s3:0.0.0.0:39188, s4:0.0.0.0:40778, s0:0.0.0.0:42012, s1:0.0.0.0:45336, s2:0.0.0.0:38783], old=null RUNNING, sleep 450ms and then retry.
java.lang.IllegalStateException: No leader yet : printing ALL groups
  s3:  RUNNING CANDIDATE s3@group-46F048A18FB7:t2, leader=null, voted=s3, raftlog=s3@group-46F048A18FB7-SegmentedRaftLog:OPENED:c-1,f-1,i0, conf=-1: [s3:0.0.0.0:39188, s4:0.0.0.0:40778, s0:0.0.0.0:42012, s1:0.0.0.0:45336, s2:0.0.0.0:38783], old=null RUNNING
  s4:  RUNNING CANDIDATE s4@group-46F048A18FB7:t2, leader=null, voted=s4, raftlog=s4@group-46F048A18FB7-SegmentedRaftLog:OPENED:c-1,f-1,i0, conf=-1: [s3:0.0.0.0:39188, s4:0.0.0.0:40778, s0:0.0.0.0:42012, s1:0.0.0.0:45336, s2:0.0.0.0:38783], old=null RUNNING
  s0:  RUNNING CANDIDATE s0@group-46F048A18FB7:t2, leader=null, voted=s0, raftlog=s0@group-46F048A18FB7-SegmentedRaftLog:OPENED:c-1,f-1,i0, conf=-1: [s3:0.0.0.0:39188, s4:0.0.0.0:40778, s0:0.0.0.0:42012, s1:0.0.0.0:45336, s2:0.0.0.0:38783], old=null RUNNING
  s1:  RUNNING CANDIDATE s1@group-46F048A18FB7:t1, leader=null, voted=s1, raftlog=s1@group-46F048A18FB7-SegmentedRaftLog:OPENED:c-1,f-1,i0, conf=-1: [s3:0.0.0.0:39188, s4:0.0.0.0:40778, s0:0.0.0.0:42012, s1:0.0.0.0:45336, s2:0.0.0.0:38783], old=null RUNNING
  s2:  RUNNING CANDIDATE s2@group-46F048A18FB7:t1, leader=null, voted=s2, raftlog=s2@group-46F048A18FB7-SegmentedRaftLog:OPENED:c-1,f-1,i0, conf=-1: [s3:0.0.0.0:39188, s4:0.0.0.0:40778, s0:0.0.0.0:42012, s1:0.0.0.0:45336, s2:0.0.0.0:38783], old=null RUNNING
	at org.apache.ratis.MiniRaftCluster.newIllegalStateExceptionForNoLeaders(MiniRaftCluster.java:506)
	at org.apache.ratis.RaftTestUtil.lambda$waitForLeader$1(RaftTestUtil.java:90)
	at org.apache.ratis.MiniRaftCluster.getLeader(MiniRaftCluster.java:539)
	at org.apache.ratis.MiniRaftCluster.getLeader(MiniRaftCluster.java:532)
	at org.apache.ratis.RaftTestUtil.lambda$waitForLeader$3(RaftTestUtil.java:98)
	at org.apache.ratis.util.JavaUtils.attempt(JavaUtils.java:152)
	at org.apache.ratis.RaftTestUtil.waitForLeader(RaftTestUtil.java:97)
	at org.apache.ratis.RaftTestUtil.waitForLeader(RaftTestUtil.java:77)
	at org.apache.ratis.RaftTestUtil.waitForLeader(RaftTestUtil.java:72)
	at org.apache.ratis.RaftBasicTests.testWithLoad(RaftBasicTests.java:336)
	at org.apache.ratis.RaftBasicTests.lambda$testWithLoad$10(RaftBasicTests.java:328)
	at org.apache.ratis.MiniRaftCluster$Factory$Get.runWithNewCluster(MiniRaftCluster.java:125)
	at org.apache.ratis.MiniRaftCluster$Factory$Get.runWithNewCluster(MiniRaftCluster.java:113)
	at org.apache.ratis.RaftBasicTests.testWithLoad(RaftBasicTests.java:328)
	at org.apache.ratis.netty.TestRaftWithNetty.testWithLoad(TestRaftWithNetty.java:31)
	at sun.reflect.NativeMethodAccessorImpl.invoke0(Native Method)
	at sun.reflect.NativeMethodAccessorImpl.invoke(NativeMethodAccessorImpl.java:62)
	at sun.reflect.DelegatingMethodAccessorImpl.invoke(DelegatingMethodAccessorImpl.java:43)
	at java.lang.reflect.Method.invoke(Method.java:498)
	at org.junit.runners.model.FrameworkMethod$1.runReflectiveCall(FrameworkMethod.java:50)
	at org.junit.internal.runners.model.ReflectiveCallable.run(ReflectiveCallable.java:12)
	at org.junit.runners.model.FrameworkMethod.invokeExplosively(FrameworkMethod.java:47)
	at org.junit.internal.runners.statements.InvokeMethod.evaluate(InvokeMethod.java:17)
	at org.junit.internal.runners.statements.RunAfters.evaluate(RunAfters.java:27)
	at org.junit.internal.runners.statements.FailOnTimeout$CallableStatement.call(FailOnTimeout.java:298)
	at org.junit.internal.runners.statements.FailOnTimeout$CallableStatement.call(FailOnTimeout.java:292)
	at java.util.concurrent.FutureTask.run(FutureTask.java:266)
	at java.lang.Thread.run(Thread.java:748)
2019-09-24 16:43:05,241 WARN  ratis.RaftTestUtil (JavaUtils.java:attempt(158)) - FAILED "waitForLeader-null-(expectLeader? true)", attempt #20/100: java.lang.IllegalStateException: No leader yet : printing ALL groups
  s3:  RUNNING CANDIDATE s3@group-46F048A18FB7:t2, leader=null, voted=s3, raftlog=s3@group-46F048A18FB7-SegmentedRaftLog:OPENED:c-1,f-1,i0, conf=-1: [s3:0.0.0.0:39188, s4:0.0.0.0:40778, s0:0.0.0.0:42012, s1:0.0.0.0:45336, s2:0.0.0.0:38783], old=null RUNNING
  s4:  RUNNING CANDIDATE s4@group-46F048A18FB7:t2, leader=null, voted=s4, raftlog=s4@group-46F048A18FB7-SegmentedRaftLog:OPENED:c-1,f-1,i0, conf=-1: [s3:0.0.0.0:39188, s4:0.0.0.0:40778, s0:0.0.0.0:42012, s1:0.0.0.0:45336, s2:0.0.0.0:38783], old=null RUNNING
  s0:  RUNNING CANDIDATE s0@group-46F048A18FB7:t2, leader=null, voted=s0, raftlog=s0@group-46F048A18FB7-SegmentedRaftLog:OPENED:c-1,f-1,i0, conf=-1: [s3:0.0.0.0:39188, s4:0.0.0.0:40778, s0:0.0.0.0:42012, s1:0.0.0.0:45336, s2:0.0.0.0:38783], old=null RUNNING
  s1:  RUNNING CANDIDATE s1@group-46F048A18FB7:t1, leader=null, voted=s1, raftlog=s1@group-46F048A18FB7-SegmentedRaftLog:OPENED:c-1,f-1,i0, conf=-1: [s3:0.0.0.0:39188, s4:0.0.0.0:40778, s0:0.0.0.0:42012, s1:0.0.0.0:45336, s2:0.0.0.0:38783], old=null RUNNING
  s2:  RUNNING CANDIDATE s2@group-46F048A18FB7:t1, leader=null, voted=s2, raftlog=s2@group-46F048A18FB7-SegmentedRaftLog:OPENED:c-1,f-1,i0, conf=-1: [s3:0.0.0.0:39188, s4:0.0.0.0:40778, s0:0.0.0.0:42012, s1:0.0.0.0:45336, s2:0.0.0.0:38783], old=null RUNNING, sleep 450ms and then retry.
java.lang.IllegalStateException: No leader yet : printing ALL groups
  s3:  RUNNING CANDIDATE s3@group-46F048A18FB7:t2, leader=null, voted=s3, raftlog=s3@group-46F048A18FB7-SegmentedRaftLog:OPENED:c-1,f-1,i0, conf=-1: [s3:0.0.0.0:39188, s4:0.0.0.0:40778, s0:0.0.0.0:42012, s1:0.0.0.0:45336, s2:0.0.0.0:38783], old=null RUNNING
  s4:  RUNNING CANDIDATE s4@group-46F048A18FB7:t2, leader=null, voted=s4, raftlog=s4@group-46F048A18FB7-SegmentedRaftLog:OPENED:c-1,f-1,i0, conf=-1: [s3:0.0.0.0:39188, s4:0.0.0.0:40778, s0:0.0.0.0:42012, s1:0.0.0.0:45336, s2:0.0.0.0:38783], old=null RUNNING
  s0:  RUNNING CANDIDATE s0@group-46F048A18FB7:t2, leader=null, voted=s0, raftlog=s0@group-46F048A18FB7-SegmentedRaftLog:OPENED:c-1,f-1,i0, conf=-1: [s3:0.0.0.0:39188, s4:0.0.0.0:40778, s0:0.0.0.0:42012, s1:0.0.0.0:45336, s2:0.0.0.0:38783], old=null RUNNING
  s1:  RUNNING CANDIDATE s1@group-46F048A18FB7:t1, leader=null, voted=s1, raftlog=s1@group-46F048A18FB7-SegmentedRaftLog:OPENED:c-1,f-1,i0, conf=-1: [s3:0.0.0.0:39188, s4:0.0.0.0:40778, s0:0.0.0.0:42012, s1:0.0.0.0:45336, s2:0.0.0.0:38783], old=null RUNNING
  s2:  RUNNING CANDIDATE s2@group-46F048A18FB7:t1, leader=null, voted=s2, raftlog=s2@group-46F048A18FB7-SegmentedRaftLog:OPENED:c-1,f-1,i0, conf=-1: [s3:0.0.0.0:39188, s4:0.0.0.0:40778, s0:0.0.0.0:42012, s1:0.0.0.0:45336, s2:0.0.0.0:38783], old=null RUNNING
	at org.apache.ratis.MiniRaftCluster.newIllegalStateExceptionForNoLeaders(MiniRaftCluster.java:506)
	at org.apache.ratis.RaftTestUtil.lambda$waitForLeader$1(RaftTestUtil.java:90)
	at org.apache.ratis.MiniRaftCluster.getLeader(MiniRaftCluster.java:539)
	at org.apache.ratis.MiniRaftCluster.getLeader(MiniRaftCluster.java:532)
	at org.apache.ratis.RaftTestUtil.lambda$waitForLeader$3(RaftTestUtil.java:98)
	at org.apache.ratis.util.JavaUtils.attempt(JavaUtils.java:152)
	at org.apache.ratis.RaftTestUtil.waitForLeader(RaftTestUtil.java:97)
	at org.apache.ratis.RaftTestUtil.waitForLeader(RaftTestUtil.java:77)
	at org.apache.ratis.RaftTestUtil.waitForLeader(RaftTestUtil.java:72)
	at org.apache.ratis.RaftBasicTests.testWithLoad(RaftBasicTests.java:336)
	at org.apache.ratis.RaftBasicTests.lambda$testWithLoad$10(RaftBasicTests.java:328)
	at org.apache.ratis.MiniRaftCluster$Factory$Get.runWithNewCluster(MiniRaftCluster.java:125)
	at org.apache.ratis.MiniRaftCluster$Factory$Get.runWithNewCluster(MiniRaftCluster.java:113)
	at org.apache.ratis.RaftBasicTests.testWithLoad(RaftBasicTests.java:328)
	at org.apache.ratis.netty.TestRaftWithNetty.testWithLoad(TestRaftWithNetty.java:31)
	at sun.reflect.NativeMethodAccessorImpl.invoke0(Native Method)
	at sun.reflect.NativeMethodAccessorImpl.invoke(NativeMethodAccessorImpl.java:62)
	at sun.reflect.DelegatingMethodAccessorImpl.invoke(DelegatingMethodAccessorImpl.java:43)
	at java.lang.reflect.Method.invoke(Method.java:498)
	at org.junit.runners.model.FrameworkMethod$1.runReflectiveCall(FrameworkMethod.java:50)
	at org.junit.internal.runners.model.ReflectiveCallable.run(ReflectiveCallable.java:12)
	at org.junit.runners.model.FrameworkMethod.invokeExplosively(FrameworkMethod.java:47)
	at org.junit.internal.runners.statements.InvokeMethod.evaluate(InvokeMethod.java:17)
	at org.junit.internal.runners.statements.RunAfters.evaluate(RunAfters.java:27)
	at org.junit.internal.runners.statements.FailOnTimeout$CallableStatement.call(FailOnTimeout.java:298)
	at org.junit.internal.runners.statements.FailOnTimeout$CallableStatement.call(FailOnTimeout.java:292)
	at java.util.concurrent.FutureTask.run(FutureTask.java:266)
	at java.lang.Thread.run(Thread.java:748)
2019-09-24 16:43:05,695 WARN  ratis.RaftTestUtil (JavaUtils.java:attempt(158)) - FAILED "waitForLeader-null-(expectLeader? true)", attempt #21/100: java.lang.IllegalStateException: No leader yet : printing ALL groups
  s3:  RUNNING CANDIDATE s3@group-46F048A18FB7:t2, leader=null, voted=s3, raftlog=s3@group-46F048A18FB7-SegmentedRaftLog:OPENED:c-1,f-1,i0, conf=-1: [s3:0.0.0.0:39188, s4:0.0.0.0:40778, s0:0.0.0.0:42012, s1:0.0.0.0:45336, s2:0.0.0.0:38783], old=null RUNNING
  s4:  RUNNING CANDIDATE s4@group-46F048A18FB7:t2, leader=null, voted=s4, raftlog=s4@group-46F048A18FB7-SegmentedRaftLog:OPENED:c-1,f-1,i0, conf=-1: [s3:0.0.0.0:39188, s4:0.0.0.0:40778, s0:0.0.0.0:42012, s1:0.0.0.0:45336, s2:0.0.0.0:38783], old=null RUNNING
  s0:  RUNNING CANDIDATE s0@group-46F048A18FB7:t2, leader=null, voted=s0, raftlog=s0@group-46F048A18FB7-SegmentedRaftLog:OPENED:c-1,f-1,i0, conf=-1: [s3:0.0.0.0:39188, s4:0.0.0.0:40778, s0:0.0.0.0:42012, s1:0.0.0.0:45336, s2:0.0.0.0:38783], old=null RUNNING
  s1:  RUNNING CANDIDATE s1@group-46F048A18FB7:t1, leader=null, voted=s1, raftlog=s1@group-46F048A18FB7-SegmentedRaftLog:OPENED:c-1,f-1,i0, conf=-1: [s3:0.0.0.0:39188, s4:0.0.0.0:40778, s0:0.0.0.0:42012, s1:0.0.0.0:45336, s2:0.0.0.0:38783], old=null RUNNING
  s2:  RUNNING CANDIDATE s2@group-46F048A18FB7:t1, leader=null, voted=s2, raftlog=s2@group-46F048A18FB7-SegmentedRaftLog:OPENED:c-1,f-1,i0, conf=-1: [s3:0.0.0.0:39188, s4:0.0.0.0:40778, s0:0.0.0.0:42012, s1:0.0.0.0:45336, s2:0.0.0.0:38783], old=null RUNNING, sleep 450ms and then retry.
java.lang.IllegalStateException: No leader yet : printing ALL groups
  s3:  RUNNING CANDIDATE s3@group-46F048A18FB7:t2, leader=null, voted=s3, raftlog=s3@group-46F048A18FB7-SegmentedRaftLog:OPENED:c-1,f-1,i0, conf=-1: [s3:0.0.0.0:39188, s4:0.0.0.0:40778, s0:0.0.0.0:42012, s1:0.0.0.0:45336, s2:0.0.0.0:38783], old=null RUNNING
  s4:  RUNNING CANDIDATE s4@group-46F048A18FB7:t2, leader=null, voted=s4, raftlog=s4@group-46F048A18FB7-SegmentedRaftLog:OPENED:c-1,f-1,i0, conf=-1: [s3:0.0.0.0:39188, s4:0.0.0.0:40778, s0:0.0.0.0:42012, s1:0.0.0.0:45336, s2:0.0.0.0:38783], old=null RUNNING
  s0:  RUNNING CANDIDATE s0@group-46F048A18FB7:t2, leader=null, voted=s0, raftlog=s0@group-46F048A18FB7-SegmentedRaftLog:OPENED:c-1,f-1,i0, conf=-1: [s3:0.0.0.0:39188, s4:0.0.0.0:40778, s0:0.0.0.0:42012, s1:0.0.0.0:45336, s2:0.0.0.0:38783], old=null RUNNING
  s1:  RUNNING CANDIDATE s1@group-46F048A18FB7:t1, leader=null, voted=s1, raftlog=s1@group-46F048A18FB7-SegmentedRaftLog:OPENED:c-1,f-1,i0, conf=-1: [s3:0.0.0.0:39188, s4:0.0.0.0:40778, s0:0.0.0.0:42012, s1:0.0.0.0:45336, s2:0.0.0.0:38783], old=null RUNNING
  s2:  RUNNING CANDIDATE s2@group-46F048A18FB7:t1, leader=null, voted=s2, raftlog=s2@group-46F048A18FB7-SegmentedRaftLog:OPENED:c-1,f-1,i0, conf=-1: [s3:0.0.0.0:39188, s4:0.0.0.0:40778, s0:0.0.0.0:42012, s1:0.0.0.0:45336, s2:0.0.0.0:38783], old=null RUNNING
	at org.apache.ratis.MiniRaftCluster.newIllegalStateExceptionForNoLeaders(MiniRaftCluster.java:506)
	at org.apache.ratis.RaftTestUtil.lambda$waitForLeader$1(RaftTestUtil.java:90)
	at org.apache.ratis.MiniRaftCluster.getLeader(MiniRaftCluster.java:539)
	at org.apache.ratis.MiniRaftCluster.getLeader(MiniRaftCluster.java:532)
	at org.apache.ratis.RaftTestUtil.lambda$waitForLeader$3(RaftTestUtil.java:98)
	at org.apache.ratis.util.JavaUtils.attempt(JavaUtils.java:152)
	at org.apache.ratis.RaftTestUtil.waitForLeader(RaftTestUtil.java:97)
	at org.apache.ratis.RaftTestUtil.waitForLeader(RaftTestUtil.java:77)
	at org.apache.ratis.RaftTestUtil.waitForLeader(RaftTestUtil.java:72)
	at org.apache.ratis.RaftBasicTests.testWithLoad(RaftBasicTests.java:336)
	at org.apache.ratis.RaftBasicTests.lambda$testWithLoad$10(RaftBasicTests.java:328)
	at org.apache.ratis.MiniRaftCluster$Factory$Get.runWithNewCluster(MiniRaftCluster.java:125)
	at org.apache.ratis.MiniRaftCluster$Factory$Get.runWithNewCluster(MiniRaftCluster.java:113)
	at org.apache.ratis.RaftBasicTests.testWithLoad(RaftBasicTests.java:328)
	at org.apache.ratis.netty.TestRaftWithNetty.testWithLoad(TestRaftWithNetty.java:31)
	at sun.reflect.NativeMethodAccessorImpl.invoke0(Native Method)
	at sun.reflect.NativeMethodAccessorImpl.invoke(NativeMethodAccessorImpl.java:62)
	at sun.reflect.DelegatingMethodAccessorImpl.invoke(DelegatingMethodAccessorImpl.java:43)
	at java.lang.reflect.Method.invoke(Method.java:498)
	at org.junit.runners.model.FrameworkMethod$1.runReflectiveCall(FrameworkMethod.java:50)
	at org.junit.internal.runners.model.ReflectiveCallable.run(ReflectiveCallable.java:12)
	at org.junit.runners.model.FrameworkMethod.invokeExplosively(FrameworkMethod.java:47)
	at org.junit.internal.runners.statements.InvokeMethod.evaluate(InvokeMethod.java:17)
	at org.junit.internal.runners.statements.RunAfters.evaluate(RunAfters.java:27)
	at org.junit.internal.runners.statements.FailOnTimeout$CallableStatement.call(FailOnTimeout.java:298)
	at org.junit.internal.runners.statements.FailOnTimeout$CallableStatement.call(FailOnTimeout.java:292)
	at java.util.concurrent.FutureTask.run(FutureTask.java:266)
	at java.lang.Thread.run(Thread.java:748)
2019-09-24 16:43:06,147 WARN  ratis.RaftTestUtil (JavaUtils.java:attempt(158)) - FAILED "waitForLeader-null-(expectLeader? true)", attempt #22/100: java.lang.IllegalStateException: No leader yet : printing ALL groups
  s3:  RUNNING CANDIDATE s3@group-46F048A18FB7:t2, leader=null, voted=s3, raftlog=s3@group-46F048A18FB7-SegmentedRaftLog:OPENED:c-1,f-1,i0, conf=-1: [s3:0.0.0.0:39188, s4:0.0.0.0:40778, s0:0.0.0.0:42012, s1:0.0.0.0:45336, s2:0.0.0.0:38783], old=null RUNNING
  s4:  RUNNING CANDIDATE s4@group-46F048A18FB7:t2, leader=null, voted=s4, raftlog=s4@group-46F048A18FB7-SegmentedRaftLog:OPENED:c-1,f-1,i0, conf=-1: [s3:0.0.0.0:39188, s4:0.0.0.0:40778, s0:0.0.0.0:42012, s1:0.0.0.0:45336, s2:0.0.0.0:38783], old=null RUNNING
  s0:  RUNNING CANDIDATE s0@group-46F048A18FB7:t2, leader=null, voted=s0, raftlog=s0@group-46F048A18FB7-SegmentedRaftLog:OPENED:c-1,f-1,i0, conf=-1: [s3:0.0.0.0:39188, s4:0.0.0.0:40778, s0:0.0.0.0:42012, s1:0.0.0.0:45336, s2:0.0.0.0:38783], old=null RUNNING
  s1:  RUNNING CANDIDATE s1@group-46F048A18FB7:t1, leader=null, voted=s1, raftlog=s1@group-46F048A18FB7-SegmentedRaftLog:OPENED:c-1,f-1,i0, conf=-1: [s3:0.0.0.0:39188, s4:0.0.0.0:40778, s0:0.0.0.0:42012, s1:0.0.0.0:45336, s2:0.0.0.0:38783], old=null RUNNING
  s2:  RUNNING CANDIDATE s2@group-46F048A18FB7:t1, leader=null, voted=s2, raftlog=s2@group-46F048A18FB7-SegmentedRaftLog:OPENED:c-1,f-1,i0, conf=-1: [s3:0.0.0.0:39188, s4:0.0.0.0:40778, s0:0.0.0.0:42012, s1:0.0.0.0:45336, s2:0.0.0.0:38783], old=null RUNNING, sleep 450ms and then retry.
java.lang.IllegalStateException: No leader yet : printing ALL groups
  s3:  RUNNING CANDIDATE s3@group-46F048A18FB7:t2, leader=null, voted=s3, raftlog=s3@group-46F048A18FB7-SegmentedRaftLog:OPENED:c-1,f-1,i0, conf=-1: [s3:0.0.0.0:39188, s4:0.0.0.0:40778, s0:0.0.0.0:42012, s1:0.0.0.0:45336, s2:0.0.0.0:38783], old=null RUNNING
  s4:  RUNNING CANDIDATE s4@group-46F048A18FB7:t2, leader=null, voted=s4, raftlog=s4@group-46F048A18FB7-SegmentedRaftLog:OPENED:c-1,f-1,i0, conf=-1: [s3:0.0.0.0:39188, s4:0.0.0.0:40778, s0:0.0.0.0:42012, s1:0.0.0.0:45336, s2:0.0.0.0:38783], old=null RUNNING
  s0:  RUNNING CANDIDATE s0@group-46F048A18FB7:t2, leader=null, voted=s0, raftlog=s0@group-46F048A18FB7-SegmentedRaftLog:OPENED:c-1,f-1,i0, conf=-1: [s3:0.0.0.0:39188, s4:0.0.0.0:40778, s0:0.0.0.0:42012, s1:0.0.0.0:45336, s2:0.0.0.0:38783], old=null RUNNING
  s1:  RUNNING CANDIDATE s1@group-46F048A18FB7:t1, leader=null, voted=s1, raftlog=s1@group-46F048A18FB7-SegmentedRaftLog:OPENED:c-1,f-1,i0, conf=-1: [s3:0.0.0.0:39188, s4:0.0.0.0:40778, s0:0.0.0.0:42012, s1:0.0.0.0:45336, s2:0.0.0.0:38783], old=null RUNNING
  s2:  RUNNING CANDIDATE s2@group-46F048A18FB7:t1, leader=null, voted=s2, raftlog=s2@group-46F048A18FB7-SegmentedRaftLog:OPENED:c-1,f-1,i0, conf=-1: [s3:0.0.0.0:39188, s4:0.0.0.0:40778, s0:0.0.0.0:42012, s1:0.0.0.0:45336, s2:0.0.0.0:38783], old=null RUNNING
	at org.apache.ratis.MiniRaftCluster.newIllegalStateExceptionForNoLeaders(MiniRaftCluster.java:506)
	at org.apache.ratis.RaftTestUtil.lambda$waitForLeader$1(RaftTestUtil.java:90)
	at org.apache.ratis.MiniRaftCluster.getLeader(MiniRaftCluster.java:539)
	at org.apache.ratis.MiniRaftCluster.getLeader(MiniRaftCluster.java:532)
	at org.apache.ratis.RaftTestUtil.lambda$waitForLeader$3(RaftTestUtil.java:98)
	at org.apache.ratis.util.JavaUtils.attempt(JavaUtils.java:152)
	at org.apache.ratis.RaftTestUtil.waitForLeader(RaftTestUtil.java:97)
	at org.apache.ratis.RaftTestUtil.waitForLeader(RaftTestUtil.java:77)
	at org.apache.ratis.RaftTestUtil.waitForLeader(RaftTestUtil.java:72)
	at org.apache.ratis.RaftBasicTests.testWithLoad(RaftBasicTests.java:336)
	at org.apache.ratis.RaftBasicTests.lambda$testWithLoad$10(RaftBasicTests.java:328)
	at org.apache.ratis.MiniRaftCluster$Factory$Get.runWithNewCluster(MiniRaftCluster.java:125)
	at org.apache.ratis.MiniRaftCluster$Factory$Get.runWithNewCluster(MiniRaftCluster.java:113)
	at org.apache.ratis.RaftBasicTests.testWithLoad(RaftBasicTests.java:328)
	at org.apache.ratis.netty.TestRaftWithNetty.testWithLoad(TestRaftWithNetty.java:31)
	at sun.reflect.NativeMethodAccessorImpl.invoke0(Native Method)
	at sun.reflect.NativeMethodAccessorImpl.invoke(NativeMethodAccessorImpl.java:62)
	at sun.reflect.DelegatingMethodAccessorImpl.invoke(DelegatingMethodAccessorImpl.java:43)
	at java.lang.reflect.Method.invoke(Method.java:498)
	at org.junit.runners.model.FrameworkMethod$1.runReflectiveCall(FrameworkMethod.java:50)
	at org.junit.internal.runners.model.ReflectiveCallable.run(ReflectiveCallable.java:12)
	at org.junit.runners.model.FrameworkMethod.invokeExplosively(FrameworkMethod.java:47)
	at org.junit.internal.runners.statements.InvokeMethod.evaluate(InvokeMethod.java:17)
	at org.junit.internal.runners.statements.RunAfters.evaluate(RunAfters.java:27)
	at org.junit.internal.runners.statements.FailOnTimeout$CallableStatement.call(FailOnTimeout.java:298)
	at org.junit.internal.runners.statements.FailOnTimeout$CallableStatement.call(FailOnTimeout.java:292)
	at java.util.concurrent.FutureTask.run(FutureTask.java:266)
	at java.lang.Thread.run(Thread.java:748)
2019-09-24 16:43:06,599 WARN  ratis.RaftTestUtil (JavaUtils.java:attempt(158)) - FAILED "waitForLeader-null-(expectLeader? true)", attempt #23/100: java.lang.IllegalStateException: No leader yet : printing ALL groups
  s3:  RUNNING CANDIDATE s3@group-46F048A18FB7:t2, leader=null, voted=s3, raftlog=s3@group-46F048A18FB7-SegmentedRaftLog:OPENED:c-1,f-1,i0, conf=-1: [s3:0.0.0.0:39188, s4:0.0.0.0:40778, s0:0.0.0.0:42012, s1:0.0.0.0:45336, s2:0.0.0.0:38783], old=null RUNNING
  s4:  RUNNING CANDIDATE s4@group-46F048A18FB7:t2, leader=null, voted=s4, raftlog=s4@group-46F048A18FB7-SegmentedRaftLog:OPENED:c-1,f-1,i0, conf=-1: [s3:0.0.0.0:39188, s4:0.0.0.0:40778, s0:0.0.0.0:42012, s1:0.0.0.0:45336, s2:0.0.0.0:38783], old=null RUNNING
  s0:  RUNNING CANDIDATE s0@group-46F048A18FB7:t2, leader=null, voted=s0, raftlog=s0@group-46F048A18FB7-SegmentedRaftLog:OPENED:c-1,f-1,i0, conf=-1: [s3:0.0.0.0:39188, s4:0.0.0.0:40778, s0:0.0.0.0:42012, s1:0.0.0.0:45336, s2:0.0.0.0:38783], old=null RUNNING
  s1:  RUNNING CANDIDATE s1@group-46F048A18FB7:t1, leader=null, voted=s1, raftlog=s1@group-46F048A18FB7-SegmentedRaftLog:OPENED:c-1,f-1,i0, conf=-1: [s3:0.0.0.0:39188, s4:0.0.0.0:40778, s0:0.0.0.0:42012, s1:0.0.0.0:45336, s2:0.0.0.0:38783], old=null RUNNING
  s2:  RUNNING CANDIDATE s2@group-46F048A18FB7:t1, leader=null, voted=s2, raftlog=s2@group-46F048A18FB7-SegmentedRaftLog:OPENED:c-1,f-1,i0, conf=-1: [s3:0.0.0.0:39188, s4:0.0.0.0:40778, s0:0.0.0.0:42012, s1:0.0.0.0:45336, s2:0.0.0.0:38783], old=null RUNNING, sleep 450ms and then retry.
java.lang.IllegalStateException: No leader yet : printing ALL groups
  s3:  RUNNING CANDIDATE s3@group-46F048A18FB7:t2, leader=null, voted=s3, raftlog=s3@group-46F048A18FB7-SegmentedRaftLog:OPENED:c-1,f-1,i0, conf=-1: [s3:0.0.0.0:39188, s4:0.0.0.0:40778, s0:0.0.0.0:42012, s1:0.0.0.0:45336, s2:0.0.0.0:38783], old=null RUNNING
  s4:  RUNNING CANDIDATE s4@group-46F048A18FB7:t2, leader=null, voted=s4, raftlog=s4@group-46F048A18FB7-SegmentedRaftLog:OPENED:c-1,f-1,i0, conf=-1: [s3:0.0.0.0:39188, s4:0.0.0.0:40778, s0:0.0.0.0:42012, s1:0.0.0.0:45336, s2:0.0.0.0:38783], old=null RUNNING
  s0:  RUNNING CANDIDATE s0@group-46F048A18FB7:t2, leader=null, voted=s0, raftlog=s0@group-46F048A18FB7-SegmentedRaftLog:OPENED:c-1,f-1,i0, conf=-1: [s3:0.0.0.0:39188, s4:0.0.0.0:40778, s0:0.0.0.0:42012, s1:0.0.0.0:45336, s2:0.0.0.0:38783], old=null RUNNING
  s1:  RUNNING CANDIDATE s1@group-46F048A18FB7:t1, leader=null, voted=s1, raftlog=s1@group-46F048A18FB7-SegmentedRaftLog:OPENED:c-1,f-1,i0, conf=-1: [s3:0.0.0.0:39188, s4:0.0.0.0:40778, s0:0.0.0.0:42012, s1:0.0.0.0:45336, s2:0.0.0.0:38783], old=null RUNNING
  s2:  RUNNING CANDIDATE s2@group-46F048A18FB7:t1, leader=null, voted=s2, raftlog=s2@group-46F048A18FB7-SegmentedRaftLog:OPENED:c-1,f-1,i0, conf=-1: [s3:0.0.0.0:39188, s4:0.0.0.0:40778, s0:0.0.0.0:42012, s1:0.0.0.0:45336, s2:0.0.0.0:38783], old=null RUNNING
	at org.apache.ratis.MiniRaftCluster.newIllegalStateExceptionForNoLeaders(MiniRaftCluster.java:506)
	at org.apache.ratis.RaftTestUtil.lambda$waitForLeader$1(RaftTestUtil.java:90)
	at org.apache.ratis.MiniRaftCluster.getLeader(MiniRaftCluster.java:539)
	at org.apache.ratis.MiniRaftCluster.getLeader(MiniRaftCluster.java:532)
	at org.apache.ratis.RaftTestUtil.lambda$waitForLeader$3(RaftTestUtil.java:98)
	at org.apache.ratis.util.JavaUtils.attempt(JavaUtils.java:152)
	at org.apache.ratis.RaftTestUtil.waitForLeader(RaftTestUtil.java:97)
	at org.apache.ratis.RaftTestUtil.waitForLeader(RaftTestUtil.java:77)
	at org.apache.ratis.RaftTestUtil.waitForLeader(RaftTestUtil.java:72)
	at org.apache.ratis.RaftBasicTests.testWithLoad(RaftBasicTests.java:336)
	at org.apache.ratis.RaftBasicTests.lambda$testWithLoad$10(RaftBasicTests.java:328)
	at org.apache.ratis.MiniRaftCluster$Factory$Get.runWithNewCluster(MiniRaftCluster.java:125)
	at org.apache.ratis.MiniRaftCluster$Factory$Get.runWithNewCluster(MiniRaftCluster.java:113)
	at org.apache.ratis.RaftBasicTests.testWithLoad(RaftBasicTests.java:328)
	at org.apache.ratis.netty.TestRaftWithNetty.testWithLoad(TestRaftWithNetty.java:31)
	at sun.reflect.NativeMethodAccessorImpl.invoke0(Native Method)
	at sun.reflect.NativeMethodAccessorImpl.invoke(NativeMethodAccessorImpl.java:62)
	at sun.reflect.DelegatingMethodAccessorImpl.invoke(DelegatingMethodAccessorImpl.java:43)
	at java.lang.reflect.Method.invoke(Method.java:498)
	at org.junit.runners.model.FrameworkMethod$1.runReflectiveCall(FrameworkMethod.java:50)
	at org.junit.internal.runners.model.ReflectiveCallable.run(ReflectiveCallable.java:12)
	at org.junit.runners.model.FrameworkMethod.invokeExplosively(FrameworkMethod.java:47)
	at org.junit.internal.runners.statements.InvokeMethod.evaluate(InvokeMethod.java:17)
	at org.junit.internal.runners.statements.RunAfters.evaluate(RunAfters.java:27)
	at org.junit.internal.runners.statements.FailOnTimeout$CallableStatement.call(FailOnTimeout.java:298)
	at org.junit.internal.runners.statements.FailOnTimeout$CallableStatement.call(FailOnTimeout.java:292)
	at java.util.concurrent.FutureTask.run(FutureTask.java:266)
	at java.lang.Thread.run(Thread.java:748)
2019-09-24 16:43:06,605 INFO  ratis.MiniRaftCluster (MiniRaftCluster.java:lambda$null$5(297)) - TIMED-PRINT: printing ALL groups
  s3:  RUNNING CANDIDATE s3@group-46F048A18FB7:t2, leader=null, voted=s3, raftlog=s3@group-46F048A18FB7-SegmentedRaftLog:OPENED:c-1,f-1,i0, conf=-1: [s3:0.0.0.0:39188, s4:0.0.0.0:40778, s0:0.0.0.0:42012, s1:0.0.0.0:45336, s2:0.0.0.0:38783], old=null RUNNING
  s4:  RUNNING CANDIDATE s4@group-46F048A18FB7:t2, leader=null, voted=s4, raftlog=s4@group-46F048A18FB7-SegmentedRaftLog:OPENED:c-1,f-1,i0, conf=-1: [s3:0.0.0.0:39188, s4:0.0.0.0:40778, s0:0.0.0.0:42012, s1:0.0.0.0:45336, s2:0.0.0.0:38783], old=null RUNNING
  s0:  RUNNING CANDIDATE s0@group-46F048A18FB7:t2, leader=null, voted=s0, raftlog=s0@group-46F048A18FB7-SegmentedRaftLog:OPENED:c-1,f-1,i0, conf=-1: [s3:0.0.0.0:39188, s4:0.0.0.0:40778, s0:0.0.0.0:42012, s1:0.0.0.0:45336, s2:0.0.0.0:38783], old=null RUNNING
  s1:  RUNNING CANDIDATE s1@group-46F048A18FB7:t1, leader=null, voted=s1, raftlog=s1@group-46F048A18FB7-SegmentedRaftLog:OPENED:c-1,f-1,i0, conf=-1: [s3:0.0.0.0:39188, s4:0.0.0.0:40778, s0:0.0.0.0:42012, s1:0.0.0.0:45336, s2:0.0.0.0:38783], old=null RUNNING
  s2:  RUNNING CANDIDATE s2@group-46F048A18FB7:t1, leader=null, voted=s2, raftlog=s2@group-46F048A18FB7-SegmentedRaftLog:OPENED:c-1,f-1,i0, conf=-1: [s3:0.0.0.0:39188, s4:0.0.0.0:40778, s0:0.0.0.0:42012, s1:0.0.0.0:45336, s2:0.0.0.0:38783], old=null RUNNING
2019-09-24 16:43:07,051 WARN  ratis.RaftTestUtil (JavaUtils.java:attempt(158)) - FAILED "waitForLeader-null-(expectLeader? true)", attempt #24/100: java.lang.IllegalStateException: No leader yet : printing ALL groups
  s3:  RUNNING CANDIDATE s3@group-46F048A18FB7:t2, leader=null, voted=s3, raftlog=s3@group-46F048A18FB7-SegmentedRaftLog:OPENED:c-1,f-1,i0, conf=-1: [s3:0.0.0.0:39188, s4:0.0.0.0:40778, s0:0.0.0.0:42012, s1:0.0.0.0:45336, s2:0.0.0.0:38783], old=null RUNNING
  s4:  RUNNING CANDIDATE s4@group-46F048A18FB7:t2, leader=null, voted=s4, raftlog=s4@group-46F048A18FB7-SegmentedRaftLog:OPENED:c-1,f-1,i0, conf=-1: [s3:0.0.0.0:39188, s4:0.0.0.0:40778, s0:0.0.0.0:42012, s1:0.0.0.0:45336, s2:0.0.0.0:38783], old=null RUNNING
  s0:  RUNNING CANDIDATE s0@group-46F048A18FB7:t2, leader=null, voted=s0, raftlog=s0@group-46F048A18FB7-SegmentedRaftLog:OPENED:c-1,f-1,i0, conf=-1: [s3:0.0.0.0:39188, s4:0.0.0.0:40778, s0:0.0.0.0:42012, s1:0.0.0.0:45336, s2:0.0.0.0:38783], old=null RUNNING
  s1:  RUNNING CANDIDATE s1@group-46F048A18FB7:t1, leader=null, voted=s1, raftlog=s1@group-46F048A18FB7-SegmentedRaftLog:OPENED:c-1,f-1,i0, conf=-1: [s3:0.0.0.0:39188, s4:0.0.0.0:40778, s0:0.0.0.0:42012, s1:0.0.0.0:45336, s2:0.0.0.0:38783], old=null RUNNING
  s2:  RUNNING CANDIDATE s2@group-46F048A18FB7:t1, leader=null, voted=s2, raftlog=s2@group-46F048A18FB7-SegmentedRaftLog:OPENED:c-1,f-1,i0, conf=-1: [s3:0.0.0.0:39188, s4:0.0.0.0:40778, s0:0.0.0.0:42012, s1:0.0.0.0:45336, s2:0.0.0.0:38783], old=null RUNNING, sleep 450ms and then retry.
java.lang.IllegalStateException: No leader yet : printing ALL groups
  s3:  RUNNING CANDIDATE s3@group-46F048A18FB7:t2, leader=null, voted=s3, raftlog=s3@group-46F048A18FB7-SegmentedRaftLog:OPENED:c-1,f-1,i0, conf=-1: [s3:0.0.0.0:39188, s4:0.0.0.0:40778, s0:0.0.0.0:42012, s1:0.0.0.0:45336, s2:0.0.0.0:38783], old=null RUNNING
  s4:  RUNNING CANDIDATE s4@group-46F048A18FB7:t2, leader=null, voted=s4, raftlog=s4@group-46F048A18FB7-SegmentedRaftLog:OPENED:c-1,f-1,i0, conf=-1: [s3:0.0.0.0:39188, s4:0.0.0.0:40778, s0:0.0.0.0:42012, s1:0.0.0.0:45336, s2:0.0.0.0:38783], old=null RUNNING
  s0:  RUNNING CANDIDATE s0@group-46F048A18FB7:t2, leader=null, voted=s0, raftlog=s0@group-46F048A18FB7-SegmentedRaftLog:OPENED:c-1,f-1,i0, conf=-1: [s3:0.0.0.0:39188, s4:0.0.0.0:40778, s0:0.0.0.0:42012, s1:0.0.0.0:45336, s2:0.0.0.0:38783], old=null RUNNING
  s1:  RUNNING CANDIDATE s1@group-46F048A18FB7:t1, leader=null, voted=s1, raftlog=s1@group-46F048A18FB7-SegmentedRaftLog:OPENED:c-1,f-1,i0, conf=-1: [s3:0.0.0.0:39188, s4:0.0.0.0:40778, s0:0.0.0.0:42012, s1:0.0.0.0:45336, s2:0.0.0.0:38783], old=null RUNNING
  s2:  RUNNING CANDIDATE s2@group-46F048A18FB7:t1, leader=null, voted=s2, raftlog=s2@group-46F048A18FB7-SegmentedRaftLog:OPENED:c-1,f-1,i0, conf=-1: [s3:0.0.0.0:39188, s4:0.0.0.0:40778, s0:0.0.0.0:42012, s1:0.0.0.0:45336, s2:0.0.0.0:38783], old=null RUNNING
	at org.apache.ratis.MiniRaftCluster.newIllegalStateExceptionForNoLeaders(MiniRaftCluster.java:506)
	at org.apache.ratis.RaftTestUtil.lambda$waitForLeader$1(RaftTestUtil.java:90)
	at org.apache.ratis.MiniRaftCluster.getLeader(MiniRaftCluster.java:539)
	at org.apache.ratis.MiniRaftCluster.getLeader(MiniRaftCluster.java:532)
	at org.apache.ratis.RaftTestUtil.lambda$waitForLeader$3(RaftTestUtil.java:98)
	at org.apache.ratis.util.JavaUtils.attempt(JavaUtils.java:152)
	at org.apache.ratis.RaftTestUtil.waitForLeader(RaftTestUtil.java:97)
	at org.apache.ratis.RaftTestUtil.waitForLeader(RaftTestUtil.java:77)
	at org.apache.ratis.RaftTestUtil.waitForLeader(RaftTestUtil.java:72)
	at org.apache.ratis.RaftBasicTests.testWithLoad(RaftBasicTests.java:336)
	at org.apache.ratis.RaftBasicTests.lambda$testWithLoad$10(RaftBasicTests.java:328)
	at org.apache.ratis.MiniRaftCluster$Factory$Get.runWithNewCluster(MiniRaftCluster.java:125)
	at org.apache.ratis.MiniRaftCluster$Factory$Get.runWithNewCluster(MiniRaftCluster.java:113)
	at org.apache.ratis.RaftBasicTests.testWithLoad(RaftBasicTests.java:328)
	at org.apache.ratis.netty.TestRaftWithNetty.testWithLoad(TestRaftWithNetty.java:31)
	at sun.reflect.NativeMethodAccessorImpl.invoke0(Native Method)
	at sun.reflect.NativeMethodAccessorImpl.invoke(NativeMethodAccessorImpl.java:62)
	at sun.reflect.DelegatingMethodAccessorImpl.invoke(DelegatingMethodAccessorImpl.java:43)
	at java.lang.reflect.Method.invoke(Method.java:498)
	at org.junit.runners.model.FrameworkMethod$1.runReflectiveCall(FrameworkMethod.java:50)
	at org.junit.internal.runners.model.ReflectiveCallable.run(ReflectiveCallable.java:12)
	at org.junit.runners.model.FrameworkMethod.invokeExplosively(FrameworkMethod.java:47)
	at org.junit.internal.runners.statements.InvokeMethod.evaluate(InvokeMethod.java:17)
	at org.junit.internal.runners.statements.RunAfters.evaluate(RunAfters.java:27)
	at org.junit.internal.runners.statements.FailOnTimeout$CallableStatement.call(FailOnTimeout.java:298)
	at org.junit.internal.runners.statements.FailOnTimeout$CallableStatement.call(FailOnTimeout.java:292)
	at java.util.concurrent.FutureTask.run(FutureTask.java:266)
	at java.lang.Thread.run(Thread.java:748)
2019-09-24 16:43:07,495 INFO  impl.LeaderElection (LeaderElection.java:askForVotes(178)) - s1@group-46F048A18FB7-LeaderElection4: begin an election at term 1 for -1: [s3:0.0.0.0:39188, s4:0.0.0.0:40778, s0:0.0.0.0:42012, s1:0.0.0.0:45336, s2:0.0.0.0:38783], old=null
2019-09-24 16:43:07,495 INFO  impl.LeaderElection (LeaderElection.java:askForVotes(178)) - s2@group-46F048A18FB7-LeaderElection5: begin an election at term 1 for -1: [s3:0.0.0.0:39188, s4:0.0.0.0:40778, s0:0.0.0.0:42012, s1:0.0.0.0:45336, s2:0.0.0.0:38783], old=null
2019-09-24 16:43:07,503 WARN  ratis.RaftTestUtil (JavaUtils.java:attempt(158)) - FAILED "waitForLeader-null-(expectLeader? true)", attempt #25/100: java.lang.IllegalStateException: No leader yet : printing ALL groups
  s3:  RUNNING CANDIDATE s3@group-46F048A18FB7:t2, leader=null, voted=s3, raftlog=s3@group-46F048A18FB7-SegmentedRaftLog:OPENED:c-1,f-1,i0, conf=-1: [s3:0.0.0.0:39188, s4:0.0.0.0:40778, s0:0.0.0.0:42012, s1:0.0.0.0:45336, s2:0.0.0.0:38783], old=null RUNNING
  s4:  RUNNING CANDIDATE s4@group-46F048A18FB7:t2, leader=null, voted=s4, raftlog=s4@group-46F048A18FB7-SegmentedRaftLog:OPENED:c-1,f-1,i0, conf=-1: [s3:0.0.0.0:39188, s4:0.0.0.0:40778, s0:0.0.0.0:42012, s1:0.0.0.0:45336, s2:0.0.0.0:38783], old=null RUNNING
  s0:  RUNNING CANDIDATE s0@group-46F048A18FB7:t2, leader=null, voted=s0, raftlog=s0@group-46F048A18FB7-SegmentedRaftLog:OPENED:c-1,f-1,i0, conf=-1: [s3:0.0.0.0:39188, s4:0.0.0.0:40778, s0:0.0.0.0:42012, s1:0.0.0.0:45336, s2:0.0.0.0:38783], old=null RUNNING
  s1:  RUNNING CANDIDATE s1@group-46F048A18FB7:t1, leader=null, voted=s1, raftlog=s1@group-46F048A18FB7-SegmentedRaftLog:OPENED:c-1,f-1,i0, conf=-1: [s3:0.0.0.0:39188, s4:0.0.0.0:40778, s0:0.0.0.0:42012, s1:0.0.0.0:45336, s2:0.0.0.0:38783], old=null RUNNING
  s2:  RUNNING CANDIDATE s2@group-46F048A18FB7:t1, leader=null, voted=s2, raftlog=s2@group-46F048A18FB7-SegmentedRaftLog:OPENED:c-1,f-1,i0, conf=-1: [s3:0.0.0.0:39188, s4:0.0.0.0:40778, s0:0.0.0.0:42012, s1:0.0.0.0:45336, s2:0.0.0.0:38783], old=null RUNNING, sleep 450ms and then retry.
java.lang.IllegalStateException: No leader yet : printing ALL groups
  s3:  RUNNING CANDIDATE s3@group-46F048A18FB7:t2, leader=null, voted=s3, raftlog=s3@group-46F048A18FB7-SegmentedRaftLog:OPENED:c-1,f-1,i0, conf=-1: [s3:0.0.0.0:39188, s4:0.0.0.0:40778, s0:0.0.0.0:42012, s1:0.0.0.0:45336, s2:0.0.0.0:38783], old=null RUNNING
  s4:  RUNNING CANDIDATE s4@group-46F048A18FB7:t2, leader=null, voted=s4, raftlog=s4@group-46F048A18FB7-SegmentedRaftLog:OPENED:c-1,f-1,i0, conf=-1: [s3:0.0.0.0:39188, s4:0.0.0.0:40778, s0:0.0.0.0:42012, s1:0.0.0.0:45336, s2:0.0.0.0:38783], old=null RUNNING
  s0:  RUNNING CANDIDATE s0@group-46F048A18FB7:t2, leader=null, voted=s0, raftlog=s0@group-46F048A18FB7-SegmentedRaftLog:OPENED:c-1,f-1,i0, conf=-1: [s3:0.0.0.0:39188, s4:0.0.0.0:40778, s0:0.0.0.0:42012, s1:0.0.0.0:45336, s2:0.0.0.0:38783], old=null RUNNING
  s1:  RUNNING CANDIDATE s1@group-46F048A18FB7:t1, leader=null, voted=s1, raftlog=s1@group-46F048A18FB7-SegmentedRaftLog:OPENED:c-1,f-1,i0, conf=-1: [s3:0.0.0.0:39188, s4:0.0.0.0:40778, s0:0.0.0.0:42012, s1:0.0.0.0:45336, s2:0.0.0.0:38783], old=null RUNNING
  s2:  RUNNING CANDIDATE s2@group-46F048A18FB7:t1, leader=null, voted=s2, raftlog=s2@group-46F048A18FB7-SegmentedRaftLog:OPENED:c-1,f-1,i0, conf=-1: [s3:0.0.0.0:39188, s4:0.0.0.0:40778, s0:0.0.0.0:42012, s1:0.0.0.0:45336, s2:0.0.0.0:38783], old=null RUNNING
	at org.apache.ratis.MiniRaftCluster.newIllegalStateExceptionForNoLeaders(MiniRaftCluster.java:506)
	at org.apache.ratis.RaftTestUtil.lambda$waitForLeader$1(RaftTestUtil.java:90)
	at org.apache.ratis.MiniRaftCluster.getLeader(MiniRaftCluster.java:539)
	at org.apache.ratis.MiniRaftCluster.getLeader(MiniRaftCluster.java:532)
	at org.apache.ratis.RaftTestUtil.lambda$waitForLeader$3(RaftTestUtil.java:98)
	at org.apache.ratis.util.JavaUtils.attempt(JavaUtils.java:152)
	at org.apache.ratis.RaftTestUtil.waitForLeader(RaftTestUtil.java:97)
	at org.apache.ratis.RaftTestUtil.waitForLeader(RaftTestUtil.java:77)
	at org.apache.ratis.RaftTestUtil.waitForLeader(RaftTestUtil.java:72)
	at org.apache.ratis.RaftBasicTests.testWithLoad(RaftBasicTests.java:336)
	at org.apache.ratis.RaftBasicTests.lambda$testWithLoad$10(RaftBasicTests.java:328)
	at org.apache.ratis.MiniRaftCluster$Factory$Get.runWithNewCluster(MiniRaftCluster.java:125)
	at org.apache.ratis.MiniRaftCluster$Factory$Get.runWithNewCluster(MiniRaftCluster.java:113)
	at org.apache.ratis.RaftBasicTests.testWithLoad(RaftBasicTests.java:328)
	at org.apache.ratis.netty.TestRaftWithNetty.testWithLoad(TestRaftWithNetty.java:31)
	at sun.reflect.NativeMethodAccessorImpl.invoke0(Native Method)
	at sun.reflect.NativeMethodAccessorImpl.invoke(NativeMethodAccessorImpl.java:62)
	at sun.reflect.DelegatingMethodAccessorImpl.invoke(DelegatingMethodAccessorImpl.java:43)
	at java.lang.reflect.Method.invoke(Method.java:498)
	at org.junit.runners.model.FrameworkMethod$1.runReflectiveCall(FrameworkMethod.java:50)
	at org.junit.internal.runners.model.ReflectiveCallable.run(ReflectiveCallable.java:12)
	at org.junit.runners.model.FrameworkMethod.invokeExplosively(FrameworkMethod.java:47)
	at org.junit.internal.runners.statements.InvokeMethod.evaluate(InvokeMethod.java:17)
	at org.junit.internal.runners.statements.RunAfters.evaluate(RunAfters.java:27)
	at org.junit.internal.runners.statements.FailOnTimeout$CallableStatement.call(FailOnTimeout.java:298)
	at org.junit.internal.runners.statements.FailOnTimeout$CallableStatement.call(FailOnTimeout.java:292)
	at java.util.concurrent.FutureTask.run(FutureTask.java:266)
	at java.lang.Thread.run(Thread.java:748)
2019-09-24 16:43:07,507 DEBUG impl.RaftServerImpl (RaftServerImpl.java:requestVote(775)) - s2@group-46F048A18FB7 replies to vote request: s4<-s2#0:FAIL-t1. Peer's state: s2@group-46F048A18FB7:t1, leader=null, voted=s2, raftlog=s2@group-46F048A18FB7-SegmentedRaftLog:OPENED:c-1,f-1,i0, conf=-1: [s3:0.0.0.0:39188, s4:0.0.0.0:40778, s0:0.0.0.0:42012, s1:0.0.0.0:45336, s2:0.0.0.0:38783], old=null
2019-09-24 16:43:07,508 DEBUG impl.RaftServerImpl (RaftServerImpl.java:requestVote(775)) - s1@group-46F048A18FB7 replies to vote request: s3<-s1#0:FAIL-t1. Peer's state: s1@group-46F048A18FB7:t1, leader=null, voted=s1, raftlog=s1@group-46F048A18FB7-SegmentedRaftLog:OPENED:c-1,f-1,i0, conf=-1: [s3:0.0.0.0:39188, s4:0.0.0.0:40778, s0:0.0.0.0:42012, s1:0.0.0.0:45336, s2:0.0.0.0:38783], old=null
2019-09-24 16:43:07,509 DEBUG impl.RaftServerImpl (RaftServerImpl.java:requestVote(775)) - s2@group-46F048A18FB7 replies to vote request: s0<-s2#0:FAIL-t1. Peer's state: s2@group-46F048A18FB7:t1, leader=null, voted=s2, raftlog=s2@group-46F048A18FB7-SegmentedRaftLog:OPENED:c-1,f-1,i0, conf=-1: [s3:0.0.0.0:39188, s4:0.0.0.0:40778, s0:0.0.0.0:42012, s1:0.0.0.0:45336, s2:0.0.0.0:38783], old=null
2019-09-24 16:43:07,509 DEBUG impl.RaftServerImpl (RaftServerImpl.java:requestVote(775)) - s1@group-46F048A18FB7 replies to vote request: s0<-s1#0:FAIL-t1. Peer's state: s1@group-46F048A18FB7:t1, leader=null, voted=s1, raftlog=s1@group-46F048A18FB7-SegmentedRaftLog:OPENED:c-1,f-1,i0, conf=-1: [s3:0.0.0.0:39188, s4:0.0.0.0:40778, s0:0.0.0.0:42012, s1:0.0.0.0:45336, s2:0.0.0.0:38783], old=null
2019-09-24 16:43:07,510 DEBUG impl.RaftServerImpl (RaftServerImpl.java:requestVote(775)) - s2@group-46F048A18FB7 replies to vote request: s3<-s2#0:FAIL-t1. Peer's state: s2@group-46F048A18FB7:t1, leader=null, voted=s2, raftlog=s2@group-46F048A18FB7-SegmentedRaftLog:OPENED:c-1,f-1,i0, conf=-1: [s3:0.0.0.0:39188, s4:0.0.0.0:40778, s0:0.0.0.0:42012, s1:0.0.0.0:45336, s2:0.0.0.0:38783], old=null
2019-09-24 16:43:07,510 DEBUG impl.RaftServerImpl (RaftServerImpl.java:requestVote(775)) - s1@group-46F048A18FB7 replies to vote request: s4<-s1#0:FAIL-t1. Peer's state: s1@group-46F048A18FB7:t1, leader=null, voted=s1, raftlog=s1@group-46F048A18FB7-SegmentedRaftLog:OPENED:c-1,f-1,i0, conf=-1: [s3:0.0.0.0:39188, s4:0.0.0.0:40778, s0:0.0.0.0:42012, s1:0.0.0.0:45336, s2:0.0.0.0:38783], old=null
2019-09-24 16:43:07,524 INFO  logging.LoggingHandler (AbstractInternalLogger.java:log(150)) - [id: 0x99e1f04d, L:/0.0.0.0:45336] READ: [id: 0xe9868015, L:/192.168.5.142:45336 - R:/192.168.5.142:54242]
2019-09-24 16:43:07,525 INFO  logging.LoggingHandler (AbstractInternalLogger.java:log(150)) - [id: 0xcfc333ef, L:/0.0.0.0:39188] READ: [id: 0x772a3043, L:/192.168.5.142:39188 - R:/192.168.5.142:60650]
2019-09-24 16:43:07,524 INFO  logging.LoggingHandler (AbstractInternalLogger.java:log(150)) - [id: 0x9b42268a, L:/0.0.0.0:42012] READ: [id: 0xe5d1660a, L:/192.168.5.142:42012 - R:/192.168.5.142:44802]
2019-09-24 16:43:07,524 INFO  logging.LoggingHandler (AbstractInternalLogger.java:log(150)) - [id: 0xfed9dadb, L:/0.0.0.0:40778] READ: [id: 0xaa09181a, L:/192.168.5.142:40778 - R:/192.168.5.142:34002]
2019-09-24 16:43:07,527 INFO  logging.LoggingHandler (AbstractInternalLogger.java:log(150)) - [id: 0xcfc333ef, L:/0.0.0.0:39188] READ COMPLETE
2019-09-24 16:43:07,528 INFO  logging.LoggingHandler (AbstractInternalLogger.java:log(150)) - [id: 0xfed9dadb, L:/0.0.0.0:40778] READ COMPLETE
2019-09-24 16:43:07,527 INFO  logging.LoggingHandler (AbstractInternalLogger.java:log(150)) - [id: 0x18a2b203, L:/0.0.0.0:38783] READ: [id: 0x134bab81, L:/192.168.5.142:38783 - R:/192.168.5.142:36882]
2019-09-24 16:43:07,526 INFO  logging.LoggingHandler (AbstractInternalLogger.java:log(150)) - [id: 0x99e1f04d, L:/0.0.0.0:45336] READ COMPLETE
2019-09-24 16:43:07,530 DEBUG impl.RaftServerImpl (RaftServerImpl.java:requestVote(743)) - s1@group-46F048A18FB7: receive requestVote(s2, group-46F048A18FB7, 1, (t:0, i:0))
2019-09-24 16:43:07,530 INFO  logging.LoggingHandler (AbstractInternalLogger.java:log(150)) - [id: 0xcfc333ef, L:/0.0.0.0:39188] READ: [id: 0x4600ecdc, L:/192.168.5.142:39188 - R:/192.168.5.142:60656]
2019-09-24 16:43:07,530 INFO  logging.LoggingHandler (AbstractInternalLogger.java:log(150)) - [id: 0xfed9dadb, L:/0.0.0.0:40778] READ: [id: 0x111b3d85, L:/192.168.5.142:40778 - R:/192.168.5.142:34008]
2019-09-24 16:43:07,532 INFO  logging.LoggingHandler (AbstractInternalLogger.java:log(150)) - [id: 0xcfc333ef, L:/0.0.0.0:39188] READ COMPLETE
2019-09-24 16:43:07,527 INFO  logging.LoggingHandler (AbstractInternalLogger.java:log(150)) - [id: 0x9b42268a, L:/0.0.0.0:42012] READ COMPLETE
2019-09-24 16:43:07,535 DEBUG impl.RaftServerImpl (RaftServerImpl.java:requestVote(743)) - s2@group-46F048A18FB7: receive requestVote(s1, group-46F048A18FB7, 1, (t:0, i:0))
2019-09-24 16:43:07,533 INFO  logging.LoggingHandler (AbstractInternalLogger.java:log(150)) - [id: 0xfed9dadb, L:/0.0.0.0:40778] READ COMPLETE
2019-09-24 16:43:07,532 DEBUG impl.RaftServerImpl (RaftServerImpl.java:requestVote(775)) - s1@group-46F048A18FB7 replies to vote request: s2<-s1#0:FAIL-t1. Peer's state: s1@group-46F048A18FB7:t1, leader=null, voted=s1, raftlog=s1@group-46F048A18FB7-SegmentedRaftLog:OPENED:c-1,f-1,i0, conf=-1: [s3:0.0.0.0:39188, s4:0.0.0.0:40778, s0:0.0.0.0:42012, s1:0.0.0.0:45336, s2:0.0.0.0:38783], old=null
2019-09-24 16:43:07,537 DEBUG impl.RaftServerImpl (RaftServerImpl.java:requestVote(743)) - s4@group-46F048A18FB7: receive requestVote(s1, group-46F048A18FB7, 1, (t:0, i:0))
2019-09-24 16:43:07,531 INFO  logging.LoggingHandler (AbstractInternalLogger.java:log(150)) - [id: 0x18a2b203, L:/0.0.0.0:38783] READ COMPLETE
2019-09-24 16:43:07,536 DEBUG impl.RaftServerImpl (RaftServerImpl.java:requestVote(775)) - s2@group-46F048A18FB7 replies to vote request: s1<-s2#0:FAIL-t1. Peer's state: s2@group-46F048A18FB7:t1, leader=null, voted=s2, raftlog=s2@group-46F048A18FB7-SegmentedRaftLog:OPENED:c-1,f-1,i0, conf=-1: [s3:0.0.0.0:39188, s4:0.0.0.0:40778, s0:0.0.0.0:42012, s1:0.0.0.0:45336, s2:0.0.0.0:38783], old=null
2019-09-24 16:43:07,536 DEBUG impl.RaftServerImpl (RaftServerImpl.java:requestVote(743)) - s0@group-46F048A18FB7: receive requestVote(s2, group-46F048A18FB7, 1, (t:0, i:0))
2019-09-24 16:43:07,536 INFO  logging.LoggingHandler (AbstractInternalLogger.java:log(150)) - [id: 0x9b42268a, L:/0.0.0.0:42012] READ: [id: 0x45f4796f, L:/192.168.5.142:42012 - R:/192.168.5.142:44808]
2019-09-24 16:43:07,542 DEBUG impl.RaftServerImpl (RaftServerImpl.java:requestVote(743)) - s3@group-46F048A18FB7: receive requestVote(s2, group-46F048A18FB7, 1, (t:0, i:0))
2019-09-24 16:43:07,539 DEBUG impl.RaftServerImpl (RaftServerImpl.java:requestVote(743)) - s4@group-46F048A18FB7: receive requestVote(s2, group-46F048A18FB7, 1, (t:0, i:0))
2019-09-24 16:43:07,543 INFO  logging.LoggingHandler (AbstractInternalLogger.java:log(150)) - [id: 0x9b42268a, L:/0.0.0.0:42012] READ COMPLETE
2019-09-24 16:43:07,543 DEBUG impl.RaftServerImpl (RaftServerImpl.java:requestVote(743)) - s3@group-46F048A18FB7: receive requestVote(s1, group-46F048A18FB7, 1, (t:0, i:0))
2019-09-24 16:43:07,545 DEBUG impl.RaftServerImpl (RaftServerImpl.java:requestVote(743)) - s0@group-46F048A18FB7: receive requestVote(s1, group-46F048A18FB7, 1, (t:0, i:0))
2019-09-24 16:43:07,744 INFO  impl.LeaderElection (LeaderElection.java:logAndReturn(56)) - s2@group-46F048A18FB7-LeaderElection5: Election TIMEOUT; received 1 response(s) [s2<-s1#0:FAIL-t1] and 0 exception(s); s2@group-46F048A18FB7:t1, leader=null, voted=s2, raftlog=s2@group-46F048A18FB7-SegmentedRaftLog:OPENED:c-1,f-1,i0, conf=-1: [s3:0.0.0.0:39188, s4:0.0.0.0:40778, s0:0.0.0.0:42012, s1:0.0.0.0:45336, s2:0.0.0.0:38783], old=null
2019-09-24 16:43:07,810 INFO  impl.LeaderElection (LeaderElection.java:logAndReturn(56)) - s1@group-46F048A18FB7-LeaderElection4: Election TIMEOUT; received 1 response(s) [s1<-s2#0:FAIL-t1] and 0 exception(s); s1@group-46F048A18FB7:t1, leader=null, voted=s1, raftlog=s1@group-46F048A18FB7-SegmentedRaftLog:OPENED:c-1,f-1,i0, conf=-1: [s3:0.0.0.0:39188, s4:0.0.0.0:40778, s0:0.0.0.0:42012, s1:0.0.0.0:45336, s2:0.0.0.0:38783], old=null
2019-09-24 16:43:07,955 WARN  ratis.RaftTestUtil (JavaUtils.java:attempt(158)) - FAILED "waitForLeader-null-(expectLeader? true)", attempt #26/100: java.lang.IllegalStateException: No leader yet : printing ALL groups
  s3:  RUNNING CANDIDATE s3@group-46F048A18FB7:t2, leader=null, voted=s3, raftlog=s3@group-46F048A18FB7-SegmentedRaftLog:OPENED:c-1,f-1,i0, conf=-1: [s3:0.0.0.0:39188, s4:0.0.0.0:40778, s0:0.0.0.0:42012, s1:0.0.0.0:45336, s2:0.0.0.0:38783], old=null RUNNING
  s4:  RUNNING CANDIDATE s4@group-46F048A18FB7:t2, leader=null, voted=s4, raftlog=s4@group-46F048A18FB7-SegmentedRaftLog:OPENED:c-1,f-1,i0, conf=-1: [s3:0.0.0.0:39188, s4:0.0.0.0:40778, s0:0.0.0.0:42012, s1:0.0.0.0:45336, s2:0.0.0.0:38783], old=null RUNNING
  s0:  RUNNING CANDIDATE s0@group-46F048A18FB7:t2, leader=null, voted=s0, raftlog=s0@group-46F048A18FB7-SegmentedRaftLog:OPENED:c-1,f-1,i0, conf=-1: [s3:0.0.0.0:39188, s4:0.0.0.0:40778, s0:0.0.0.0:42012, s1:0.0.0.0:45336, s2:0.0.0.0:38783], old=null RUNNING
  s1:  RUNNING CANDIDATE s1@group-46F048A18FB7:t2, leader=null, voted=s1, raftlog=s1@group-46F048A18FB7-SegmentedRaftLog:OPENED:c-1,f-1,i0, conf=-1: [s3:0.0.0.0:39188, s4:0.0.0.0:40778, s0:0.0.0.0:42012, s1:0.0.0.0:45336, s2:0.0.0.0:38783], old=null RUNNING
  s2:  RUNNING CANDIDATE s2@group-46F048A18FB7:t2, leader=null, voted=s2, raftlog=s2@group-46F048A18FB7-SegmentedRaftLog:OPENED:c-1,f-1,i0, conf=-1: [s3:0.0.0.0:39188, s4:0.0.0.0:40778, s0:0.0.0.0:42012, s1:0.0.0.0:45336, s2:0.0.0.0:38783], old=null RUNNING, sleep 450ms and then retry.
java.lang.IllegalStateException: No leader yet : printing ALL groups
  s3:  RUNNING CANDIDATE s3@group-46F048A18FB7:t2, leader=null, voted=s3, raftlog=s3@group-46F048A18FB7-SegmentedRaftLog:OPENED:c-1,f-1,i0, conf=-1: [s3:0.0.0.0:39188, s4:0.0.0.0:40778, s0:0.0.0.0:42012, s1:0.0.0.0:45336, s2:0.0.0.0:38783], old=null RUNNING
  s4:  RUNNING CANDIDATE s4@group-46F048A18FB7:t2, leader=null, voted=s4, raftlog=s4@group-46F048A18FB7-SegmentedRaftLog:OPENED:c-1,f-1,i0, conf=-1: [s3:0.0.0.0:39188, s4:0.0.0.0:40778, s0:0.0.0.0:42012, s1:0.0.0.0:45336, s2:0.0.0.0:38783], old=null RUNNING
  s0:  RUNNING CANDIDATE s0@group-46F048A18FB7:t2, leader=null, voted=s0, raftlog=s0@group-46F048A18FB7-SegmentedRaftLog:OPENED:c-1,f-1,i0, conf=-1: [s3:0.0.0.0:39188, s4:0.0.0.0:40778, s0:0.0.0.0:42012, s1:0.0.0.0:45336, s2:0.0.0.0:38783], old=null RUNNING
  s1:  RUNNING CANDIDATE s1@group-46F048A18FB7:t2, leader=null, voted=s1, raftlog=s1@group-46F048A18FB7-SegmentedRaftLog:OPENED:c-1,f-1,i0, conf=-1: [s3:0.0.0.0:39188, s4:0.0.0.0:40778, s0:0.0.0.0:42012, s1:0.0.0.0:45336, s2:0.0.0.0:38783], old=null RUNNING
  s2:  RUNNING CANDIDATE s2@group-46F048A18FB7:t2, leader=null, voted=s2, raftlog=s2@group-46F048A18FB7-SegmentedRaftLog:OPENED:c-1,f-1,i0, conf=-1: [s3:0.0.0.0:39188, s4:0.0.0.0:40778, s0:0.0.0.0:42012, s1:0.0.0.0:45336, s2:0.0.0.0:38783], old=null RUNNING
	at org.apache.ratis.MiniRaftCluster.newIllegalStateExceptionForNoLeaders(MiniRaftCluster.java:506)
	at org.apache.ratis.RaftTestUtil.lambda$waitForLeader$1(RaftTestUtil.java:90)
	at org.apache.ratis.MiniRaftCluster.getLeader(MiniRaftCluster.java:539)
	at org.apache.ratis.MiniRaftCluster.getLeader(MiniRaftCluster.java:532)
	at org.apache.ratis.RaftTestUtil.lambda$waitForLeader$3(RaftTestUtil.java:98)
	at org.apache.ratis.util.JavaUtils.attempt(JavaUtils.java:152)
	at org.apache.ratis.RaftTestUtil.waitForLeader(RaftTestUtil.java:97)
	at org.apache.ratis.RaftTestUtil.waitForLeader(RaftTestUtil.java:77)
	at org.apache.ratis.RaftTestUtil.waitForLeader(RaftTestUtil.java:72)
	at org.apache.ratis.RaftBasicTests.testWithLoad(RaftBasicTests.java:336)
	at org.apache.ratis.RaftBasicTests.lambda$testWithLoad$10(RaftBasicTests.java:328)
	at org.apache.ratis.MiniRaftCluster$Factory$Get.runWithNewCluster(MiniRaftCluster.java:125)
	at org.apache.ratis.MiniRaftCluster$Factory$Get.runWithNewCluster(MiniRaftCluster.java:113)
	at org.apache.ratis.RaftBasicTests.testWithLoad(RaftBasicTests.java:328)
	at org.apache.ratis.netty.TestRaftWithNetty.testWithLoad(TestRaftWithNetty.java:31)
	at sun.reflect.NativeMethodAccessorImpl.invoke0(Native Method)
	at sun.reflect.NativeMethodAccessorImpl.invoke(NativeMethodAccessorImpl.java:62)
	at sun.reflect.DelegatingMethodAccessorImpl.invoke(DelegatingMethodAccessorImpl.java:43)
	at java.lang.reflect.Method.invoke(Method.java:498)
	at org.junit.runners.model.FrameworkMethod$1.runReflectiveCall(FrameworkMethod.java:50)
	at org.junit.internal.runners.model.ReflectiveCallable.run(ReflectiveCallable.java:12)
	at org.junit.runners.model.FrameworkMethod.invokeExplosively(FrameworkMethod.java:47)
	at org.junit.internal.runners.statements.InvokeMethod.evaluate(InvokeMethod.java:17)
	at org.junit.internal.runners.statements.RunAfters.evaluate(RunAfters.java:27)
	at org.junit.internal.runners.statements.FailOnTimeout$CallableStatement.call(FailOnTimeout.java:298)
	at org.junit.internal.runners.statements.FailOnTimeout$CallableStatement.call(FailOnTimeout.java:292)
	at java.util.concurrent.FutureTask.run(FutureTask.java:266)
	at java.lang.Thread.run(Thread.java:748)
2019-09-24 16:43:08,406 WARN  ratis.RaftTestUtil (JavaUtils.java:attempt(158)) - FAILED "waitForLeader-null-(expectLeader? true)", attempt #27/100: java.lang.IllegalStateException: No leader yet : printing ALL groups
  s3:  RUNNING CANDIDATE s3@group-46F048A18FB7:t2, leader=null, voted=s3, raftlog=s3@group-46F048A18FB7-SegmentedRaftLog:OPENED:c-1,f-1,i0, conf=-1: [s3:0.0.0.0:39188, s4:0.0.0.0:40778, s0:0.0.0.0:42012, s1:0.0.0.0:45336, s2:0.0.0.0:38783], old=null RUNNING
  s4:  RUNNING CANDIDATE s4@group-46F048A18FB7:t2, leader=null, voted=s4, raftlog=s4@group-46F048A18FB7-SegmentedRaftLog:OPENED:c-1,f-1,i0, conf=-1: [s3:0.0.0.0:39188, s4:0.0.0.0:40778, s0:0.0.0.0:42012, s1:0.0.0.0:45336, s2:0.0.0.0:38783], old=null RUNNING
  s0:  RUNNING CANDIDATE s0@group-46F048A18FB7:t2, leader=null, voted=s0, raftlog=s0@group-46F048A18FB7-SegmentedRaftLog:OPENED:c-1,f-1,i0, conf=-1: [s3:0.0.0.0:39188, s4:0.0.0.0:40778, s0:0.0.0.0:42012, s1:0.0.0.0:45336, s2:0.0.0.0:38783], old=null RUNNING
  s1:  RUNNING CANDIDATE s1@group-46F048A18FB7:t2, leader=null, voted=s1, raftlog=s1@group-46F048A18FB7-SegmentedRaftLog:OPENED:c-1,f-1,i0, conf=-1: [s3:0.0.0.0:39188, s4:0.0.0.0:40778, s0:0.0.0.0:42012, s1:0.0.0.0:45336, s2:0.0.0.0:38783], old=null RUNNING
  s2:  RUNNING CANDIDATE s2@group-46F048A18FB7:t2, leader=null, voted=s2, raftlog=s2@group-46F048A18FB7-SegmentedRaftLog:OPENED:c-1,f-1,i0, conf=-1: [s3:0.0.0.0:39188, s4:0.0.0.0:40778, s0:0.0.0.0:42012, s1:0.0.0.0:45336, s2:0.0.0.0:38783], old=null RUNNING, sleep 450ms and then retry.
java.lang.IllegalStateException: No leader yet : printing ALL groups
  s3:  RUNNING CANDIDATE s3@group-46F048A18FB7:t2, leader=null, voted=s3, raftlog=s3@group-46F048A18FB7-SegmentedRaftLog:OPENED:c-1,f-1,i0, conf=-1: [s3:0.0.0.0:39188, s4:0.0.0.0:40778, s0:0.0.0.0:42012, s1:0.0.0.0:45336, s2:0.0.0.0:38783], old=null RUNNING
  s4:  RUNNING CANDIDATE s4@group-46F048A18FB7:t2, leader=null, voted=s4, raftlog=s4@group-46F048A18FB7-SegmentedRaftLog:OPENED:c-1,f-1,i0, conf=-1: [s3:0.0.0.0:39188, s4:0.0.0.0:40778, s0:0.0.0.0:42012, s1:0.0.0.0:45336, s2:0.0.0.0:38783], old=null RUNNING
  s0:  RUNNING CANDIDATE s0@group-46F048A18FB7:t2, leader=null, voted=s0, raftlog=s0@group-46F048A18FB7-SegmentedRaftLog:OPENED:c-1,f-1,i0, conf=-1: [s3:0.0.0.0:39188, s4:0.0.0.0:40778, s0:0.0.0.0:42012, s1:0.0.0.0:45336, s2:0.0.0.0:38783], old=null RUNNING
  s1:  RUNNING CANDIDATE s1@group-46F048A18FB7:t2, leader=null, voted=s1, raftlog=s1@group-46F048A18FB7-SegmentedRaftLog:OPENED:c-1,f-1,i0, conf=-1: [s3:0.0.0.0:39188, s4:0.0.0.0:40778, s0:0.0.0.0:42012, s1:0.0.0.0:45336, s2:0.0.0.0:38783], old=null RUNNING
  s2:  RUNNING CANDIDATE s2@group-46F048A18FB7:t2, leader=null, voted=s2, raftlog=s2@group-46F048A18FB7-SegmentedRaftLog:OPENED:c-1,f-1,i0, conf=-1: [s3:0.0.0.0:39188, s4:0.0.0.0:40778, s0:0.0.0.0:42012, s1:0.0.0.0:45336, s2:0.0.0.0:38783], old=null RUNNING
	at org.apache.ratis.MiniRaftCluster.newIllegalStateExceptionForNoLeaders(MiniRaftCluster.java:506)
	at org.apache.ratis.RaftTestUtil.lambda$waitForLeader$1(RaftTestUtil.java:90)
	at org.apache.ratis.MiniRaftCluster.getLeader(MiniRaftCluster.java:539)
	at org.apache.ratis.MiniRaftCluster.getLeader(MiniRaftCluster.java:532)
	at org.apache.ratis.RaftTestUtil.lambda$waitForLeader$3(RaftTestUtil.java:98)
	at org.apache.ratis.util.JavaUtils.attempt(JavaUtils.java:152)
	at org.apache.ratis.RaftTestUtil.waitForLeader(RaftTestUtil.java:97)
	at org.apache.ratis.RaftTestUtil.waitForLeader(RaftTestUtil.java:77)
	at org.apache.ratis.RaftTestUtil.waitForLeader(RaftTestUtil.java:72)
	at org.apache.ratis.RaftBasicTests.testWithLoad(RaftBasicTests.java:336)
	at org.apache.ratis.RaftBasicTests.lambda$testWithLoad$10(RaftBasicTests.java:328)
	at org.apache.ratis.MiniRaftCluster$Factory$Get.runWithNewCluster(MiniRaftCluster.java:125)
	at org.apache.ratis.MiniRaftCluster$Factory$Get.runWithNewCluster(MiniRaftCluster.java:113)
	at org.apache.ratis.RaftBasicTests.testWithLoad(RaftBasicTests.java:328)
	at org.apache.ratis.netty.TestRaftWithNetty.testWithLoad(TestRaftWithNetty.java:31)
	at sun.reflect.NativeMethodAccessorImpl.invoke0(Native Method)
	at sun.reflect.NativeMethodAccessorImpl.invoke(NativeMethodAccessorImpl.java:62)
	at sun.reflect.DelegatingMethodAccessorImpl.invoke(DelegatingMethodAccessorImpl.java:43)
	at java.lang.reflect.Method.invoke(Method.java:498)
	at org.junit.runners.model.FrameworkMethod$1.runReflectiveCall(FrameworkMethod.java:50)
	at org.junit.internal.runners.model.ReflectiveCallable.run(ReflectiveCallable.java:12)
	at org.junit.runners.model.FrameworkMethod.invokeExplosively(FrameworkMethod.java:47)
	at org.junit.internal.runners.statements.InvokeMethod.evaluate(InvokeMethod.java:17)
	at org.junit.internal.runners.statements.RunAfters.evaluate(RunAfters.java:27)
	at org.junit.internal.runners.statements.FailOnTimeout$CallableStatement.call(FailOnTimeout.java:298)
	at org.junit.internal.runners.statements.FailOnTimeout$CallableStatement.call(FailOnTimeout.java:292)
	at java.util.concurrent.FutureTask.run(FutureTask.java:266)
	at java.lang.Thread.run(Thread.java:748)
2019-09-24 16:43:08,859 WARN  ratis.RaftTestUtil (JavaUtils.java:attempt(158)) - FAILED "waitForLeader-null-(expectLeader? true)", attempt #28/100: java.lang.IllegalStateException: No leader yet : printing ALL groups
  s3:  RUNNING CANDIDATE s3@group-46F048A18FB7:t2, leader=null, voted=s3, raftlog=s3@group-46F048A18FB7-SegmentedRaftLog:OPENED:c-1,f-1,i0, conf=-1: [s3:0.0.0.0:39188, s4:0.0.0.0:40778, s0:0.0.0.0:42012, s1:0.0.0.0:45336, s2:0.0.0.0:38783], old=null RUNNING
  s4:  RUNNING CANDIDATE s4@group-46F048A18FB7:t2, leader=null, voted=s4, raftlog=s4@group-46F048A18FB7-SegmentedRaftLog:OPENED:c-1,f-1,i0, conf=-1: [s3:0.0.0.0:39188, s4:0.0.0.0:40778, s0:0.0.0.0:42012, s1:0.0.0.0:45336, s2:0.0.0.0:38783], old=null RUNNING
  s0:  RUNNING CANDIDATE s0@group-46F048A18FB7:t2, leader=null, voted=s0, raftlog=s0@group-46F048A18FB7-SegmentedRaftLog:OPENED:c-1,f-1,i0, conf=-1: [s3:0.0.0.0:39188, s4:0.0.0.0:40778, s0:0.0.0.0:42012, s1:0.0.0.0:45336, s2:0.0.0.0:38783], old=null RUNNING
  s1:  RUNNING CANDIDATE s1@group-46F048A18FB7:t2, leader=null, voted=s1, raftlog=s1@group-46F048A18FB7-SegmentedRaftLog:OPENED:c-1,f-1,i0, conf=-1: [s3:0.0.0.0:39188, s4:0.0.0.0:40778, s0:0.0.0.0:42012, s1:0.0.0.0:45336, s2:0.0.0.0:38783], old=null RUNNING
  s2:  RUNNING CANDIDATE s2@group-46F048A18FB7:t2, leader=null, voted=s2, raftlog=s2@group-46F048A18FB7-SegmentedRaftLog:OPENED:c-1,f-1,i0, conf=-1: [s3:0.0.0.0:39188, s4:0.0.0.0:40778, s0:0.0.0.0:42012, s1:0.0.0.0:45336, s2:0.0.0.0:38783], old=null RUNNING, sleep 450ms and then retry.
java.lang.IllegalStateException: No leader yet : printing ALL groups
  s3:  RUNNING CANDIDATE s3@group-46F048A18FB7:t2, leader=null, voted=s3, raftlog=s3@group-46F048A18FB7-SegmentedRaftLog:OPENED:c-1,f-1,i0, conf=-1: [s3:0.0.0.0:39188, s4:0.0.0.0:40778, s0:0.0.0.0:42012, s1:0.0.0.0:45336, s2:0.0.0.0:38783], old=null RUNNING
  s4:  RUNNING CANDIDATE s4@group-46F048A18FB7:t2, leader=null, voted=s4, raftlog=s4@group-46F048A18FB7-SegmentedRaftLog:OPENED:c-1,f-1,i0, conf=-1: [s3:0.0.0.0:39188, s4:0.0.0.0:40778, s0:0.0.0.0:42012, s1:0.0.0.0:45336, s2:0.0.0.0:38783], old=null RUNNING
  s0:  RUNNING CANDIDATE s0@group-46F048A18FB7:t2, leader=null, voted=s0, raftlog=s0@group-46F048A18FB7-SegmentedRaftLog:OPENED:c-1,f-1,i0, conf=-1: [s3:0.0.0.0:39188, s4:0.0.0.0:40778, s0:0.0.0.0:42012, s1:0.0.0.0:45336, s2:0.0.0.0:38783], old=null RUNNING
  s1:  RUNNING CANDIDATE s1@group-46F048A18FB7:t2, leader=null, voted=s1, raftlog=s1@group-46F048A18FB7-SegmentedRaftLog:OPENED:c-1,f-1,i0, conf=-1: [s3:0.0.0.0:39188, s4:0.0.0.0:40778, s0:0.0.0.0:42012, s1:0.0.0.0:45336, s2:0.0.0.0:38783], old=null RUNNING
  s2:  RUNNING CANDIDATE s2@group-46F048A18FB7:t2, leader=null, voted=s2, raftlog=s2@group-46F048A18FB7-SegmentedRaftLog:OPENED:c-1,f-1,i0, conf=-1: [s3:0.0.0.0:39188, s4:0.0.0.0:40778, s0:0.0.0.0:42012, s1:0.0.0.0:45336, s2:0.0.0.0:38783], old=null RUNNING
	at org.apache.ratis.MiniRaftCluster.newIllegalStateExceptionForNoLeaders(MiniRaftCluster.java:506)
	at org.apache.ratis.RaftTestUtil.lambda$waitForLeader$1(RaftTestUtil.java:90)
	at org.apache.ratis.MiniRaftCluster.getLeader(MiniRaftCluster.java:539)
	at org.apache.ratis.MiniRaftCluster.getLeader(MiniRaftCluster.java:532)
	at org.apache.ratis.RaftTestUtil.lambda$waitForLeader$3(RaftTestUtil.java:98)
	at org.apache.ratis.util.JavaUtils.attempt(JavaUtils.java:152)
	at org.apache.ratis.RaftTestUtil.waitForLeader(RaftTestUtil.java:97)
	at org.apache.ratis.RaftTestUtil.waitForLeader(RaftTestUtil.java:77)
	at org.apache.ratis.RaftTestUtil.waitForLeader(RaftTestUtil.java:72)
	at org.apache.ratis.RaftBasicTests.testWithLoad(RaftBasicTests.java:336)
	at org.apache.ratis.RaftBasicTests.lambda$testWithLoad$10(RaftBasicTests.java:328)
	at org.apache.ratis.MiniRaftCluster$Factory$Get.runWithNewCluster(MiniRaftCluster.java:125)
	at org.apache.ratis.MiniRaftCluster$Factory$Get.runWithNewCluster(MiniRaftCluster.java:113)
	at org.apache.ratis.RaftBasicTests.testWithLoad(RaftBasicTests.java:328)
	at org.apache.ratis.netty.TestRaftWithNetty.testWithLoad(TestRaftWithNetty.java:31)
	at sun.reflect.NativeMethodAccessorImpl.invoke0(Native Method)
	at sun.reflect.NativeMethodAccessorImpl.invoke(NativeMethodAccessorImpl.java:62)
	at sun.reflect.DelegatingMethodAccessorImpl.invoke(DelegatingMethodAccessorImpl.java:43)
	at java.lang.reflect.Method.invoke(Method.java:498)
	at org.junit.runners.model.FrameworkMethod$1.runReflectiveCall(FrameworkMethod.java:50)
	at org.junit.internal.runners.model.ReflectiveCallable.run(ReflectiveCallable.java:12)
	at org.junit.runners.model.FrameworkMethod.invokeExplosively(FrameworkMethod.java:47)
	at org.junit.internal.runners.statements.InvokeMethod.evaluate(InvokeMethod.java:17)
	at org.junit.internal.runners.statements.RunAfters.evaluate(RunAfters.java:27)
	at org.junit.internal.runners.statements.FailOnTimeout$CallableStatement.call(FailOnTimeout.java:298)
	at org.junit.internal.runners.statements.FailOnTimeout$CallableStatement.call(FailOnTimeout.java:292)
	at java.util.concurrent.FutureTask.run(FutureTask.java:266)
	at java.lang.Thread.run(Thread.java:748)
2019-09-24 16:43:09,310 WARN  ratis.RaftTestUtil (JavaUtils.java:attempt(158)) - FAILED "waitForLeader-null-(expectLeader? true)", attempt #29/100: java.lang.IllegalStateException: No leader yet : printing ALL groups
  s3:  RUNNING CANDIDATE s3@group-46F048A18FB7:t2, leader=null, voted=s3, raftlog=s3@group-46F048A18FB7-SegmentedRaftLog:OPENED:c-1,f-1,i0, conf=-1: [s3:0.0.0.0:39188, s4:0.0.0.0:40778, s0:0.0.0.0:42012, s1:0.0.0.0:45336, s2:0.0.0.0:38783], old=null RUNNING
  s4:  RUNNING CANDIDATE s4@group-46F048A18FB7:t2, leader=null, voted=s4, raftlog=s4@group-46F048A18FB7-SegmentedRaftLog:OPENED:c-1,f-1,i0, conf=-1: [s3:0.0.0.0:39188, s4:0.0.0.0:40778, s0:0.0.0.0:42012, s1:0.0.0.0:45336, s2:0.0.0.0:38783], old=null RUNNING
  s0:  RUNNING CANDIDATE s0@group-46F048A18FB7:t2, leader=null, voted=s0, raftlog=s0@group-46F048A18FB7-SegmentedRaftLog:OPENED:c-1,f-1,i0, conf=-1: [s3:0.0.0.0:39188, s4:0.0.0.0:40778, s0:0.0.0.0:42012, s1:0.0.0.0:45336, s2:0.0.0.0:38783], old=null RUNNING
  s1:  RUNNING CANDIDATE s1@group-46F048A18FB7:t2, leader=null, voted=s1, raftlog=s1@group-46F048A18FB7-SegmentedRaftLog:OPENED:c-1,f-1,i0, conf=-1: [s3:0.0.0.0:39188, s4:0.0.0.0:40778, s0:0.0.0.0:42012, s1:0.0.0.0:45336, s2:0.0.0.0:38783], old=null RUNNING
  s2:  RUNNING CANDIDATE s2@group-46F048A18FB7:t2, leader=null, voted=s2, raftlog=s2@group-46F048A18FB7-SegmentedRaftLog:OPENED:c-1,f-1,i0, conf=-1: [s3:0.0.0.0:39188, s4:0.0.0.0:40778, s0:0.0.0.0:42012, s1:0.0.0.0:45336, s2:0.0.0.0:38783], old=null RUNNING, sleep 450ms and then retry.
java.lang.IllegalStateException: No leader yet : printing ALL groups
  s3:  RUNNING CANDIDATE s3@group-46F048A18FB7:t2, leader=null, voted=s3, raftlog=s3@group-46F048A18FB7-SegmentedRaftLog:OPENED:c-1,f-1,i0, conf=-1: [s3:0.0.0.0:39188, s4:0.0.0.0:40778, s0:0.0.0.0:42012, s1:0.0.0.0:45336, s2:0.0.0.0:38783], old=null RUNNING
  s4:  RUNNING CANDIDATE s4@group-46F048A18FB7:t2, leader=null, voted=s4, raftlog=s4@group-46F048A18FB7-SegmentedRaftLog:OPENED:c-1,f-1,i0, conf=-1: [s3:0.0.0.0:39188, s4:0.0.0.0:40778, s0:0.0.0.0:42012, s1:0.0.0.0:45336, s2:0.0.0.0:38783], old=null RUNNING
  s0:  RUNNING CANDIDATE s0@group-46F048A18FB7:t2, leader=null, voted=s0, raftlog=s0@group-46F048A18FB7-SegmentedRaftLog:OPENED:c-1,f-1,i0, conf=-1: [s3:0.0.0.0:39188, s4:0.0.0.0:40778, s0:0.0.0.0:42012, s1:0.0.0.0:45336, s2:0.0.0.0:38783], old=null RUNNING
  s1:  RUNNING CANDIDATE s1@group-46F048A18FB7:t2, leader=null, voted=s1, raftlog=s1@group-46F048A18FB7-SegmentedRaftLog:OPENED:c-1,f-1,i0, conf=-1: [s3:0.0.0.0:39188, s4:0.0.0.0:40778, s0:0.0.0.0:42012, s1:0.0.0.0:45336, s2:0.0.0.0:38783], old=null RUNNING
  s2:  RUNNING CANDIDATE s2@group-46F048A18FB7:t2, leader=null, voted=s2, raftlog=s2@group-46F048A18FB7-SegmentedRaftLog:OPENED:c-1,f-1,i0, conf=-1: [s3:0.0.0.0:39188, s4:0.0.0.0:40778, s0:0.0.0.0:42012, s1:0.0.0.0:45336, s2:0.0.0.0:38783], old=null RUNNING
	at org.apache.ratis.MiniRaftCluster.newIllegalStateExceptionForNoLeaders(MiniRaftCluster.java:506)
	at org.apache.ratis.RaftTestUtil.lambda$waitForLeader$1(RaftTestUtil.java:90)
	at org.apache.ratis.MiniRaftCluster.getLeader(MiniRaftCluster.java:539)
	at org.apache.ratis.MiniRaftCluster.getLeader(MiniRaftCluster.java:532)
	at org.apache.ratis.RaftTestUtil.lambda$waitForLeader$3(RaftTestUtil.java:98)
	at org.apache.ratis.util.JavaUtils.attempt(JavaUtils.java:152)
	at org.apache.ratis.RaftTestUtil.waitForLeader(RaftTestUtil.java:97)
	at org.apache.ratis.RaftTestUtil.waitForLeader(RaftTestUtil.java:77)
	at org.apache.ratis.RaftTestUtil.waitForLeader(RaftTestUtil.java:72)
	at org.apache.ratis.RaftBasicTests.testWithLoad(RaftBasicTests.java:336)
	at org.apache.ratis.RaftBasicTests.lambda$testWithLoad$10(RaftBasicTests.java:328)
	at org.apache.ratis.MiniRaftCluster$Factory$Get.runWithNewCluster(MiniRaftCluster.java:125)
	at org.apache.ratis.MiniRaftCluster$Factory$Get.runWithNewCluster(MiniRaftCluster.java:113)
	at org.apache.ratis.RaftBasicTests.testWithLoad(RaftBasicTests.java:328)
	at org.apache.ratis.netty.TestRaftWithNetty.testWithLoad(TestRaftWithNetty.java:31)
	at sun.reflect.NativeMethodAccessorImpl.invoke0(Native Method)
	at sun.reflect.NativeMethodAccessorImpl.invoke(NativeMethodAccessorImpl.java:62)
	at sun.reflect.DelegatingMethodAccessorImpl.invoke(DelegatingMethodAccessorImpl.java:43)
	at java.lang.reflect.Method.invoke(Method.java:498)
	at org.junit.runners.model.FrameworkMethod$1.runReflectiveCall(FrameworkMethod.java:50)
	at org.junit.internal.runners.model.ReflectiveCallable.run(ReflectiveCallable.java:12)
	at org.junit.runners.model.FrameworkMethod.invokeExplosively(FrameworkMethod.java:47)
	at org.junit.internal.runners.statements.InvokeMethod.evaluate(InvokeMethod.java:17)
	at org.junit.internal.runners.statements.RunAfters.evaluate(RunAfters.java:27)
	at org.junit.internal.runners.statements.FailOnTimeout$CallableStatement.call(FailOnTimeout.java:298)
	at org.junit.internal.runners.statements.FailOnTimeout$CallableStatement.call(FailOnTimeout.java:292)
	at java.util.concurrent.FutureTask.run(FutureTask.java:266)
	at java.lang.Thread.run(Thread.java:748)
2019-09-24 16:43:09,763 WARN  ratis.RaftTestUtil (JavaUtils.java:attempt(158)) - FAILED "waitForLeader-null-(expectLeader? true)", attempt #30/100: java.lang.IllegalStateException: No leader yet : printing ALL groups
  s3:  RUNNING CANDIDATE s3@group-46F048A18FB7:t2, leader=null, voted=s3, raftlog=s3@group-46F048A18FB7-SegmentedRaftLog:OPENED:c-1,f-1,i0, conf=-1: [s3:0.0.0.0:39188, s4:0.0.0.0:40778, s0:0.0.0.0:42012, s1:0.0.0.0:45336, s2:0.0.0.0:38783], old=null RUNNING
  s4:  RUNNING CANDIDATE s4@group-46F048A18FB7:t2, leader=null, voted=s4, raftlog=s4@group-46F048A18FB7-SegmentedRaftLog:OPENED:c-1,f-1,i0, conf=-1: [s3:0.0.0.0:39188, s4:0.0.0.0:40778, s0:0.0.0.0:42012, s1:0.0.0.0:45336, s2:0.0.0.0:38783], old=null RUNNING
  s0:  RUNNING CANDIDATE s0@group-46F048A18FB7:t2, leader=null, voted=s0, raftlog=s0@group-46F048A18FB7-SegmentedRaftLog:OPENED:c-1,f-1,i0, conf=-1: [s3:0.0.0.0:39188, s4:0.0.0.0:40778, s0:0.0.0.0:42012, s1:0.0.0.0:45336, s2:0.0.0.0:38783], old=null RUNNING
  s1:  RUNNING CANDIDATE s1@group-46F048A18FB7:t2, leader=null, voted=s1, raftlog=s1@group-46F048A18FB7-SegmentedRaftLog:OPENED:c-1,f-1,i0, conf=-1: [s3:0.0.0.0:39188, s4:0.0.0.0:40778, s0:0.0.0.0:42012, s1:0.0.0.0:45336, s2:0.0.0.0:38783], old=null RUNNING
  s2:  RUNNING CANDIDATE s2@group-46F048A18FB7:t2, leader=null, voted=s2, raftlog=s2@group-46F048A18FB7-SegmentedRaftLog:OPENED:c-1,f-1,i0, conf=-1: [s3:0.0.0.0:39188, s4:0.0.0.0:40778, s0:0.0.0.0:42012, s1:0.0.0.0:45336, s2:0.0.0.0:38783], old=null RUNNING, sleep 450ms and then retry.
java.lang.IllegalStateException: No leader yet : printing ALL groups
  s3:  RUNNING CANDIDATE s3@group-46F048A18FB7:t2, leader=null, voted=s3, raftlog=s3@group-46F048A18FB7-SegmentedRaftLog:OPENED:c-1,f-1,i0, conf=-1: [s3:0.0.0.0:39188, s4:0.0.0.0:40778, s0:0.0.0.0:42012, s1:0.0.0.0:45336, s2:0.0.0.0:38783], old=null RUNNING
  s4:  RUNNING CANDIDATE s4@group-46F048A18FB7:t2, leader=null, voted=s4, raftlog=s4@group-46F048A18FB7-SegmentedRaftLog:OPENED:c-1,f-1,i0, conf=-1: [s3:0.0.0.0:39188, s4:0.0.0.0:40778, s0:0.0.0.0:42012, s1:0.0.0.0:45336, s2:0.0.0.0:38783], old=null RUNNING
  s0:  RUNNING CANDIDATE s0@group-46F048A18FB7:t2, leader=null, voted=s0, raftlog=s0@group-46F048A18FB7-SegmentedRaftLog:OPENED:c-1,f-1,i0, conf=-1: [s3:0.0.0.0:39188, s4:0.0.0.0:40778, s0:0.0.0.0:42012, s1:0.0.0.0:45336, s2:0.0.0.0:38783], old=null RUNNING
  s1:  RUNNING CANDIDATE s1@group-46F048A18FB7:t2, leader=null, voted=s1, raftlog=s1@group-46F048A18FB7-SegmentedRaftLog:OPENED:c-1,f-1,i0, conf=-1: [s3:0.0.0.0:39188, s4:0.0.0.0:40778, s0:0.0.0.0:42012, s1:0.0.0.0:45336, s2:0.0.0.0:38783], old=null RUNNING
  s2:  RUNNING CANDIDATE s2@group-46F048A18FB7:t2, leader=null, voted=s2, raftlog=s2@group-46F048A18FB7-SegmentedRaftLog:OPENED:c-1,f-1,i0, conf=-1: [s3:0.0.0.0:39188, s4:0.0.0.0:40778, s0:0.0.0.0:42012, s1:0.0.0.0:45336, s2:0.0.0.0:38783], old=null RUNNING
	at org.apache.ratis.MiniRaftCluster.newIllegalStateExceptionForNoLeaders(MiniRaftCluster.java:506)
	at org.apache.ratis.RaftTestUtil.lambda$waitForLeader$1(RaftTestUtil.java:90)
	at org.apache.ratis.MiniRaftCluster.getLeader(MiniRaftCluster.java:539)
	at org.apache.ratis.MiniRaftCluster.getLeader(MiniRaftCluster.java:532)
	at org.apache.ratis.RaftTestUtil.lambda$waitForLeader$3(RaftTestUtil.java:98)
	at org.apache.ratis.util.JavaUtils.attempt(JavaUtils.java:152)
	at org.apache.ratis.RaftTestUtil.waitForLeader(RaftTestUtil.java:97)
	at org.apache.ratis.RaftTestUtil.waitForLeader(RaftTestUtil.java:77)
	at org.apache.ratis.RaftTestUtil.waitForLeader(RaftTestUtil.java:72)
	at org.apache.ratis.RaftBasicTests.testWithLoad(RaftBasicTests.java:336)
	at org.apache.ratis.RaftBasicTests.lambda$testWithLoad$10(RaftBasicTests.java:328)
	at org.apache.ratis.MiniRaftCluster$Factory$Get.runWithNewCluster(MiniRaftCluster.java:125)
	at org.apache.ratis.MiniRaftCluster$Factory$Get.runWithNewCluster(MiniRaftCluster.java:113)
	at org.apache.ratis.RaftBasicTests.testWithLoad(RaftBasicTests.java:328)
	at org.apache.ratis.netty.TestRaftWithNetty.testWithLoad(TestRaftWithNetty.java:31)
	at sun.reflect.NativeMethodAccessorImpl.invoke0(Native Method)
	at sun.reflect.NativeMethodAccessorImpl.invoke(NativeMethodAccessorImpl.java:62)
	at sun.reflect.DelegatingMethodAccessorImpl.invoke(DelegatingMethodAccessorImpl.java:43)
	at java.lang.reflect.Method.invoke(Method.java:498)
	at org.junit.runners.model.FrameworkMethod$1.runReflectiveCall(FrameworkMethod.java:50)
	at org.junit.internal.runners.model.ReflectiveCallable.run(ReflectiveCallable.java:12)
	at org.junit.runners.model.FrameworkMethod.invokeExplosively(FrameworkMethod.java:47)
	at org.junit.internal.runners.statements.InvokeMethod.evaluate(InvokeMethod.java:17)
	at org.junit.internal.runners.statements.RunAfters.evaluate(RunAfters.java:27)
	at org.junit.internal.runners.statements.FailOnTimeout$CallableStatement.call(FailOnTimeout.java:298)
	at org.junit.internal.runners.statements.FailOnTimeout$CallableStatement.call(FailOnTimeout.java:292)
	at java.util.concurrent.FutureTask.run(FutureTask.java:266)
	at java.lang.Thread.run(Thread.java:748)
2019-09-24 16:43:10,215 WARN  ratis.RaftTestUtil (JavaUtils.java:attempt(158)) - FAILED "waitForLeader-null-(expectLeader? true)", attempt #31/100: java.lang.IllegalStateException: No leader yet : printing ALL groups
  s3:  RUNNING CANDIDATE s3@group-46F048A18FB7:t2, leader=null, voted=s3, raftlog=s3@group-46F048A18FB7-SegmentedRaftLog:OPENED:c-1,f-1,i0, conf=-1: [s3:0.0.0.0:39188, s4:0.0.0.0:40778, s0:0.0.0.0:42012, s1:0.0.0.0:45336, s2:0.0.0.0:38783], old=null RUNNING
  s4:  RUNNING CANDIDATE s4@group-46F048A18FB7:t2, leader=null, voted=s4, raftlog=s4@group-46F048A18FB7-SegmentedRaftLog:OPENED:c-1,f-1,i0, conf=-1: [s3:0.0.0.0:39188, s4:0.0.0.0:40778, s0:0.0.0.0:42012, s1:0.0.0.0:45336, s2:0.0.0.0:38783], old=null RUNNING
  s0:  RUNNING CANDIDATE s0@group-46F048A18FB7:t2, leader=null, voted=s0, raftlog=s0@group-46F048A18FB7-SegmentedRaftLog:OPENED:c-1,f-1,i0, conf=-1: [s3:0.0.0.0:39188, s4:0.0.0.0:40778, s0:0.0.0.0:42012, s1:0.0.0.0:45336, s2:0.0.0.0:38783], old=null RUNNING
  s1:  RUNNING CANDIDATE s1@group-46F048A18FB7:t2, leader=null, voted=s1, raftlog=s1@group-46F048A18FB7-SegmentedRaftLog:OPENED:c-1,f-1,i0, conf=-1: [s3:0.0.0.0:39188, s4:0.0.0.0:40778, s0:0.0.0.0:42012, s1:0.0.0.0:45336, s2:0.0.0.0:38783], old=null RUNNING
  s2:  RUNNING CANDIDATE s2@group-46F048A18FB7:t2, leader=null, voted=s2, raftlog=s2@group-46F048A18FB7-SegmentedRaftLog:OPENED:c-1,f-1,i0, conf=-1: [s3:0.0.0.0:39188, s4:0.0.0.0:40778, s0:0.0.0.0:42012, s1:0.0.0.0:45336, s2:0.0.0.0:38783], old=null RUNNING, sleep 450ms and then retry.
java.lang.IllegalStateException: No leader yet : printing ALL groups
  s3:  RUNNING CANDIDATE s3@group-46F048A18FB7:t2, leader=null, voted=s3, raftlog=s3@group-46F048A18FB7-SegmentedRaftLog:OPENED:c-1,f-1,i0, conf=-1: [s3:0.0.0.0:39188, s4:0.0.0.0:40778, s0:0.0.0.0:42012, s1:0.0.0.0:45336, s2:0.0.0.0:38783], old=null RUNNING
  s4:  RUNNING CANDIDATE s4@group-46F048A18FB7:t2, leader=null, voted=s4, raftlog=s4@group-46F048A18FB7-SegmentedRaftLog:OPENED:c-1,f-1,i0, conf=-1: [s3:0.0.0.0:39188, s4:0.0.0.0:40778, s0:0.0.0.0:42012, s1:0.0.0.0:45336, s2:0.0.0.0:38783], old=null RUNNING
  s0:  RUNNING CANDIDATE s0@group-46F048A18FB7:t2, leader=null, voted=s0, raftlog=s0@group-46F048A18FB7-SegmentedRaftLog:OPENED:c-1,f-1,i0, conf=-1: [s3:0.0.0.0:39188, s4:0.0.0.0:40778, s0:0.0.0.0:42012, s1:0.0.0.0:45336, s2:0.0.0.0:38783], old=null RUNNING
  s1:  RUNNING CANDIDATE s1@group-46F048A18FB7:t2, leader=null, voted=s1, raftlog=s1@group-46F048A18FB7-SegmentedRaftLog:OPENED:c-1,f-1,i0, conf=-1: [s3:0.0.0.0:39188, s4:0.0.0.0:40778, s0:0.0.0.0:42012, s1:0.0.0.0:45336, s2:0.0.0.0:38783], old=null RUNNING
  s2:  RUNNING CANDIDATE s2@group-46F048A18FB7:t2, leader=null, voted=s2, raftlog=s2@group-46F048A18FB7-SegmentedRaftLog:OPENED:c-1,f-1,i0, conf=-1: [s3:0.0.0.0:39188, s4:0.0.0.0:40778, s0:0.0.0.0:42012, s1:0.0.0.0:45336, s2:0.0.0.0:38783], old=null RUNNING
	at org.apache.ratis.MiniRaftCluster.newIllegalStateExceptionForNoLeaders(MiniRaftCluster.java:506)
	at org.apache.ratis.RaftTestUtil.lambda$waitForLeader$1(RaftTestUtil.java:90)
	at org.apache.ratis.MiniRaftCluster.getLeader(MiniRaftCluster.java:539)
	at org.apache.ratis.MiniRaftCluster.getLeader(MiniRaftCluster.java:532)
	at org.apache.ratis.RaftTestUtil.lambda$waitForLeader$3(RaftTestUtil.java:98)
	at org.apache.ratis.util.JavaUtils.attempt(JavaUtils.java:152)
	at org.apache.ratis.RaftTestUtil.waitForLeader(RaftTestUtil.java:97)
	at org.apache.ratis.RaftTestUtil.waitForLeader(RaftTestUtil.java:77)
	at org.apache.ratis.RaftTestUtil.waitForLeader(RaftTestUtil.java:72)
	at org.apache.ratis.RaftBasicTests.testWithLoad(RaftBasicTests.java:336)
	at org.apache.ratis.RaftBasicTests.lambda$testWithLoad$10(RaftBasicTests.java:328)
	at org.apache.ratis.MiniRaftCluster$Factory$Get.runWithNewCluster(MiniRaftCluster.java:125)
	at org.apache.ratis.MiniRaftCluster$Factory$Get.runWithNewCluster(MiniRaftCluster.java:113)
	at org.apache.ratis.RaftBasicTests.testWithLoad(RaftBasicTests.java:328)
	at org.apache.ratis.netty.TestRaftWithNetty.testWithLoad(TestRaftWithNetty.java:31)
	at sun.reflect.NativeMethodAccessorImpl.invoke0(Native Method)
	at sun.reflect.NativeMethodAccessorImpl.invoke(NativeMethodAccessorImpl.java:62)
	at sun.reflect.DelegatingMethodAccessorImpl.invoke(DelegatingMethodAccessorImpl.java:43)
	at java.lang.reflect.Method.invoke(Method.java:498)
	at org.junit.runners.model.FrameworkMethod$1.runReflectiveCall(FrameworkMethod.java:50)
	at org.junit.internal.runners.model.ReflectiveCallable.run(ReflectiveCallable.java:12)
	at org.junit.runners.model.FrameworkMethod.invokeExplosively(FrameworkMethod.java:47)
	at org.junit.internal.runners.statements.InvokeMethod.evaluate(InvokeMethod.java:17)
	at org.junit.internal.runners.statements.RunAfters.evaluate(RunAfters.java:27)
	at org.junit.internal.runners.statements.FailOnTimeout$CallableStatement.call(FailOnTimeout.java:298)
	at org.junit.internal.runners.statements.FailOnTimeout$CallableStatement.call(FailOnTimeout.java:292)
	at java.util.concurrent.FutureTask.run(FutureTask.java:266)
	at java.lang.Thread.run(Thread.java:748)
2019-09-24 16:43:10,666 WARN  ratis.RaftTestUtil (JavaUtils.java:attempt(158)) - FAILED "waitForLeader-null-(expectLeader? true)", attempt #32/100: java.lang.IllegalStateException: No leader yet : printing ALL groups
  s3:  RUNNING CANDIDATE s3@group-46F048A18FB7:t2, leader=null, voted=s3, raftlog=s3@group-46F048A18FB7-SegmentedRaftLog:OPENED:c-1,f-1,i0, conf=-1: [s3:0.0.0.0:39188, s4:0.0.0.0:40778, s0:0.0.0.0:42012, s1:0.0.0.0:45336, s2:0.0.0.0:38783], old=null RUNNING
  s4:  RUNNING CANDIDATE s4@group-46F048A18FB7:t2, leader=null, voted=s4, raftlog=s4@group-46F048A18FB7-SegmentedRaftLog:OPENED:c-1,f-1,i0, conf=-1: [s3:0.0.0.0:39188, s4:0.0.0.0:40778, s0:0.0.0.0:42012, s1:0.0.0.0:45336, s2:0.0.0.0:38783], old=null RUNNING
  s0:  RUNNING CANDIDATE s0@group-46F048A18FB7:t2, leader=null, voted=s0, raftlog=s0@group-46F048A18FB7-SegmentedRaftLog:OPENED:c-1,f-1,i0, conf=-1: [s3:0.0.0.0:39188, s4:0.0.0.0:40778, s0:0.0.0.0:42012, s1:0.0.0.0:45336, s2:0.0.0.0:38783], old=null RUNNING
  s1:  RUNNING CANDIDATE s1@group-46F048A18FB7:t2, leader=null, voted=s1, raftlog=s1@group-46F048A18FB7-SegmentedRaftLog:OPENED:c-1,f-1,i0, conf=-1: [s3:0.0.0.0:39188, s4:0.0.0.0:40778, s0:0.0.0.0:42012, s1:0.0.0.0:45336, s2:0.0.0.0:38783], old=null RUNNING
  s2:  RUNNING CANDIDATE s2@group-46F048A18FB7:t2, leader=null, voted=s2, raftlog=s2@group-46F048A18FB7-SegmentedRaftLog:OPENED:c-1,f-1,i0, conf=-1: [s3:0.0.0.0:39188, s4:0.0.0.0:40778, s0:0.0.0.0:42012, s1:0.0.0.0:45336, s2:0.0.0.0:38783], old=null RUNNING, sleep 450ms and then retry.
java.lang.IllegalStateException: No leader yet : printing ALL groups
  s3:  RUNNING CANDIDATE s3@group-46F048A18FB7:t2, leader=null, voted=s3, raftlog=s3@group-46F048A18FB7-SegmentedRaftLog:OPENED:c-1,f-1,i0, conf=-1: [s3:0.0.0.0:39188, s4:0.0.0.0:40778, s0:0.0.0.0:42012, s1:0.0.0.0:45336, s2:0.0.0.0:38783], old=null RUNNING
  s4:  RUNNING CANDIDATE s4@group-46F048A18FB7:t2, leader=null, voted=s4, raftlog=s4@group-46F048A18FB7-SegmentedRaftLog:OPENED:c-1,f-1,i0, conf=-1: [s3:0.0.0.0:39188, s4:0.0.0.0:40778, s0:0.0.0.0:42012, s1:0.0.0.0:45336, s2:0.0.0.0:38783], old=null RUNNING
  s0:  RUNNING CANDIDATE s0@group-46F048A18FB7:t2, leader=null, voted=s0, raftlog=s0@group-46F048A18FB7-SegmentedRaftLog:OPENED:c-1,f-1,i0, conf=-1: [s3:0.0.0.0:39188, s4:0.0.0.0:40778, s0:0.0.0.0:42012, s1:0.0.0.0:45336, s2:0.0.0.0:38783], old=null RUNNING
  s1:  RUNNING CANDIDATE s1@group-46F048A18FB7:t2, leader=null, voted=s1, raftlog=s1@group-46F048A18FB7-SegmentedRaftLog:OPENED:c-1,f-1,i0, conf=-1: [s3:0.0.0.0:39188, s4:0.0.0.0:40778, s0:0.0.0.0:42012, s1:0.0.0.0:45336, s2:0.0.0.0:38783], old=null RUNNING
  s2:  RUNNING CANDIDATE s2@group-46F048A18FB7:t2, leader=null, voted=s2, raftlog=s2@group-46F048A18FB7-SegmentedRaftLog:OPENED:c-1,f-1,i0, conf=-1: [s3:0.0.0.0:39188, s4:0.0.0.0:40778, s0:0.0.0.0:42012, s1:0.0.0.0:45336, s2:0.0.0.0:38783], old=null RUNNING
	at org.apache.ratis.MiniRaftCluster.newIllegalStateExceptionForNoLeaders(MiniRaftCluster.java:506)
	at org.apache.ratis.RaftTestUtil.lambda$waitForLeader$1(RaftTestUtil.java:90)
	at org.apache.ratis.MiniRaftCluster.getLeader(MiniRaftCluster.java:539)
	at org.apache.ratis.MiniRaftCluster.getLeader(MiniRaftCluster.java:532)
	at org.apache.ratis.RaftTestUtil.lambda$waitForLeader$3(RaftTestUtil.java:98)
	at org.apache.ratis.util.JavaUtils.attempt(JavaUtils.java:152)
	at org.apache.ratis.RaftTestUtil.waitForLeader(RaftTestUtil.java:97)
	at org.apache.ratis.RaftTestUtil.waitForLeader(RaftTestUtil.java:77)
	at org.apache.ratis.RaftTestUtil.waitForLeader(RaftTestUtil.java:72)
	at org.apache.ratis.RaftBasicTests.testWithLoad(RaftBasicTests.java:336)
	at org.apache.ratis.RaftBasicTests.lambda$testWithLoad$10(RaftBasicTests.java:328)
	at org.apache.ratis.MiniRaftCluster$Factory$Get.runWithNewCluster(MiniRaftCluster.java:125)
	at org.apache.ratis.MiniRaftCluster$Factory$Get.runWithNewCluster(MiniRaftCluster.java:113)
	at org.apache.ratis.RaftBasicTests.testWithLoad(RaftBasicTests.java:328)
	at org.apache.ratis.netty.TestRaftWithNetty.testWithLoad(TestRaftWithNetty.java:31)
	at sun.reflect.NativeMethodAccessorImpl.invoke0(Native Method)
	at sun.reflect.NativeMethodAccessorImpl.invoke(NativeMethodAccessorImpl.java:62)
	at sun.reflect.DelegatingMethodAccessorImpl.invoke(DelegatingMethodAccessorImpl.java:43)
	at java.lang.reflect.Method.invoke(Method.java:498)
	at org.junit.runners.model.FrameworkMethod$1.runReflectiveCall(FrameworkMethod.java:50)
	at org.junit.internal.runners.model.ReflectiveCallable.run(ReflectiveCallable.java:12)
	at org.junit.runners.model.FrameworkMethod.invokeExplosively(FrameworkMethod.java:47)
	at org.junit.internal.runners.statements.InvokeMethod.evaluate(InvokeMethod.java:17)
	at org.junit.internal.runners.statements.RunAfters.evaluate(RunAfters.java:27)
	at org.junit.internal.runners.statements.FailOnTimeout$CallableStatement.call(FailOnTimeout.java:298)
	at org.junit.internal.runners.statements.FailOnTimeout$CallableStatement.call(FailOnTimeout.java:292)
	at java.util.concurrent.FutureTask.run(FutureTask.java:266)
	at java.lang.Thread.run(Thread.java:748)
2019-09-24 16:43:11,118 WARN  ratis.RaftTestUtil (JavaUtils.java:attempt(158)) - FAILED "waitForLeader-null-(expectLeader? true)", attempt #33/100: java.lang.IllegalStateException: No leader yet : printing ALL groups
  s3:  RUNNING CANDIDATE s3@group-46F048A18FB7:t2, leader=null, voted=s3, raftlog=s3@group-46F048A18FB7-SegmentedRaftLog:OPENED:c-1,f-1,i0, conf=-1: [s3:0.0.0.0:39188, s4:0.0.0.0:40778, s0:0.0.0.0:42012, s1:0.0.0.0:45336, s2:0.0.0.0:38783], old=null RUNNING
  s4:  RUNNING CANDIDATE s4@group-46F048A18FB7:t2, leader=null, voted=s4, raftlog=s4@group-46F048A18FB7-SegmentedRaftLog:OPENED:c-1,f-1,i0, conf=-1: [s3:0.0.0.0:39188, s4:0.0.0.0:40778, s0:0.0.0.0:42012, s1:0.0.0.0:45336, s2:0.0.0.0:38783], old=null RUNNING
  s0:  RUNNING CANDIDATE s0@group-46F048A18FB7:t2, leader=null, voted=s0, raftlog=s0@group-46F048A18FB7-SegmentedRaftLog:OPENED:c-1,f-1,i0, conf=-1: [s3:0.0.0.0:39188, s4:0.0.0.0:40778, s0:0.0.0.0:42012, s1:0.0.0.0:45336, s2:0.0.0.0:38783], old=null RUNNING
  s1:  RUNNING CANDIDATE s1@group-46F048A18FB7:t2, leader=null, voted=s1, raftlog=s1@group-46F048A18FB7-SegmentedRaftLog:OPENED:c-1,f-1,i0, conf=-1: [s3:0.0.0.0:39188, s4:0.0.0.0:40778, s0:0.0.0.0:42012, s1:0.0.0.0:45336, s2:0.0.0.0:38783], old=null RUNNING
  s2:  RUNNING CANDIDATE s2@group-46F048A18FB7:t2, leader=null, voted=s2, raftlog=s2@group-46F048A18FB7-SegmentedRaftLog:OPENED:c-1,f-1,i0, conf=-1: [s3:0.0.0.0:39188, s4:0.0.0.0:40778, s0:0.0.0.0:42012, s1:0.0.0.0:45336, s2:0.0.0.0:38783], old=null RUNNING, sleep 450ms and then retry.
java.lang.IllegalStateException: No leader yet : printing ALL groups
  s3:  RUNNING CANDIDATE s3@group-46F048A18FB7:t2, leader=null, voted=s3, raftlog=s3@group-46F048A18FB7-SegmentedRaftLog:OPENED:c-1,f-1,i0, conf=-1: [s3:0.0.0.0:39188, s4:0.0.0.0:40778, s0:0.0.0.0:42012, s1:0.0.0.0:45336, s2:0.0.0.0:38783], old=null RUNNING
  s4:  RUNNING CANDIDATE s4@group-46F048A18FB7:t2, leader=null, voted=s4, raftlog=s4@group-46F048A18FB7-SegmentedRaftLog:OPENED:c-1,f-1,i0, conf=-1: [s3:0.0.0.0:39188, s4:0.0.0.0:40778, s0:0.0.0.0:42012, s1:0.0.0.0:45336, s2:0.0.0.0:38783], old=null RUNNING
  s0:  RUNNING CANDIDATE s0@group-46F048A18FB7:t2, leader=null, voted=s0, raftlog=s0@group-46F048A18FB7-SegmentedRaftLog:OPENED:c-1,f-1,i0, conf=-1: [s3:0.0.0.0:39188, s4:0.0.0.0:40778, s0:0.0.0.0:42012, s1:0.0.0.0:45336, s2:0.0.0.0:38783], old=null RUNNING
  s1:  RUNNING CANDIDATE s1@group-46F048A18FB7:t2, leader=null, voted=s1, raftlog=s1@group-46F048A18FB7-SegmentedRaftLog:OPENED:c-1,f-1,i0, conf=-1: [s3:0.0.0.0:39188, s4:0.0.0.0:40778, s0:0.0.0.0:42012, s1:0.0.0.0:45336, s2:0.0.0.0:38783], old=null RUNNING
  s2:  RUNNING CANDIDATE s2@group-46F048A18FB7:t2, leader=null, voted=s2, raftlog=s2@group-46F048A18FB7-SegmentedRaftLog:OPENED:c-1,f-1,i0, conf=-1: [s3:0.0.0.0:39188, s4:0.0.0.0:40778, s0:0.0.0.0:42012, s1:0.0.0.0:45336, s2:0.0.0.0:38783], old=null RUNNING
	at org.apache.ratis.MiniRaftCluster.newIllegalStateExceptionForNoLeaders(MiniRaftCluster.java:506)
	at org.apache.ratis.RaftTestUtil.lambda$waitForLeader$1(RaftTestUtil.java:90)
	at org.apache.ratis.MiniRaftCluster.getLeader(MiniRaftCluster.java:539)
	at org.apache.ratis.MiniRaftCluster.getLeader(MiniRaftCluster.java:532)
	at org.apache.ratis.RaftTestUtil.lambda$waitForLeader$3(RaftTestUtil.java:98)
	at org.apache.ratis.util.JavaUtils.attempt(JavaUtils.java:152)
	at org.apache.ratis.RaftTestUtil.waitForLeader(RaftTestUtil.java:97)
	at org.apache.ratis.RaftTestUtil.waitForLeader(RaftTestUtil.java:77)
	at org.apache.ratis.RaftTestUtil.waitForLeader(RaftTestUtil.java:72)
	at org.apache.ratis.RaftBasicTests.testWithLoad(RaftBasicTests.java:336)
	at org.apache.ratis.RaftBasicTests.lambda$testWithLoad$10(RaftBasicTests.java:328)
	at org.apache.ratis.MiniRaftCluster$Factory$Get.runWithNewCluster(MiniRaftCluster.java:125)
	at org.apache.ratis.MiniRaftCluster$Factory$Get.runWithNewCluster(MiniRaftCluster.java:113)
	at org.apache.ratis.RaftBasicTests.testWithLoad(RaftBasicTests.java:328)
	at org.apache.ratis.netty.TestRaftWithNetty.testWithLoad(TestRaftWithNetty.java:31)
	at sun.reflect.NativeMethodAccessorImpl.invoke0(Native Method)
	at sun.reflect.NativeMethodAccessorImpl.invoke(NativeMethodAccessorImpl.java:62)
	at sun.reflect.DelegatingMethodAccessorImpl.invoke(DelegatingMethodAccessorImpl.java:43)
	at java.lang.reflect.Method.invoke(Method.java:498)
	at org.junit.runners.model.FrameworkMethod$1.runReflectiveCall(FrameworkMethod.java:50)
	at org.junit.internal.runners.model.ReflectiveCallable.run(ReflectiveCallable.java:12)
	at org.junit.runners.model.FrameworkMethod.invokeExplosively(FrameworkMethod.java:47)
	at org.junit.internal.runners.statements.InvokeMethod.evaluate(InvokeMethod.java:17)
	at org.junit.internal.runners.statements.RunAfters.evaluate(RunAfters.java:27)
	at org.junit.internal.runners.statements.FailOnTimeout$CallableStatement.call(FailOnTimeout.java:298)
	at org.junit.internal.runners.statements.FailOnTimeout$CallableStatement.call(FailOnTimeout.java:292)
	at java.util.concurrent.FutureTask.run(FutureTask.java:266)
	at java.lang.Thread.run(Thread.java:748)
2019-09-24 16:43:11,570 WARN  ratis.RaftTestUtil (JavaUtils.java:attempt(158)) - FAILED "waitForLeader-null-(expectLeader? true)", attempt #34/100: java.lang.IllegalStateException: No leader yet : printing ALL groups
  s3:  RUNNING CANDIDATE s3@group-46F048A18FB7:t2, leader=null, voted=s3, raftlog=s3@group-46F048A18FB7-SegmentedRaftLog:OPENED:c-1,f-1,i0, conf=-1: [s3:0.0.0.0:39188, s4:0.0.0.0:40778, s0:0.0.0.0:42012, s1:0.0.0.0:45336, s2:0.0.0.0:38783], old=null RUNNING
  s4:  RUNNING CANDIDATE s4@group-46F048A18FB7:t2, leader=null, voted=s4, raftlog=s4@group-46F048A18FB7-SegmentedRaftLog:OPENED:c-1,f-1,i0, conf=-1: [s3:0.0.0.0:39188, s4:0.0.0.0:40778, s0:0.0.0.0:42012, s1:0.0.0.0:45336, s2:0.0.0.0:38783], old=null RUNNING
  s0:  RUNNING CANDIDATE s0@group-46F048A18FB7:t2, leader=null, voted=s0, raftlog=s0@group-46F048A18FB7-SegmentedRaftLog:OPENED:c-1,f-1,i0, conf=-1: [s3:0.0.0.0:39188, s4:0.0.0.0:40778, s0:0.0.0.0:42012, s1:0.0.0.0:45336, s2:0.0.0.0:38783], old=null RUNNING
  s1:  RUNNING CANDIDATE s1@group-46F048A18FB7:t2, leader=null, voted=s1, raftlog=s1@group-46F048A18FB7-SegmentedRaftLog:OPENED:c-1,f-1,i0, conf=-1: [s3:0.0.0.0:39188, s4:0.0.0.0:40778, s0:0.0.0.0:42012, s1:0.0.0.0:45336, s2:0.0.0.0:38783], old=null RUNNING
  s2:  RUNNING CANDIDATE s2@group-46F048A18FB7:t2, leader=null, voted=s2, raftlog=s2@group-46F048A18FB7-SegmentedRaftLog:OPENED:c-1,f-1,i0, conf=-1: [s3:0.0.0.0:39188, s4:0.0.0.0:40778, s0:0.0.0.0:42012, s1:0.0.0.0:45336, s2:0.0.0.0:38783], old=null RUNNING, sleep 450ms and then retry.
java.lang.IllegalStateException: No leader yet : printing ALL groups
  s3:  RUNNING CANDIDATE s3@group-46F048A18FB7:t2, leader=null, voted=s3, raftlog=s3@group-46F048A18FB7-SegmentedRaftLog:OPENED:c-1,f-1,i0, conf=-1: [s3:0.0.0.0:39188, s4:0.0.0.0:40778, s0:0.0.0.0:42012, s1:0.0.0.0:45336, s2:0.0.0.0:38783], old=null RUNNING
  s4:  RUNNING CANDIDATE s4@group-46F048A18FB7:t2, leader=null, voted=s4, raftlog=s4@group-46F048A18FB7-SegmentedRaftLog:OPENED:c-1,f-1,i0, conf=-1: [s3:0.0.0.0:39188, s4:0.0.0.0:40778, s0:0.0.0.0:42012, s1:0.0.0.0:45336, s2:0.0.0.0:38783], old=null RUNNING
  s0:  RUNNING CANDIDATE s0@group-46F048A18FB7:t2, leader=null, voted=s0, raftlog=s0@group-46F048A18FB7-SegmentedRaftLog:OPENED:c-1,f-1,i0, conf=-1: [s3:0.0.0.0:39188, s4:0.0.0.0:40778, s0:0.0.0.0:42012, s1:0.0.0.0:45336, s2:0.0.0.0:38783], old=null RUNNING
  s1:  RUNNING CANDIDATE s1@group-46F048A18FB7:t2, leader=null, voted=s1, raftlog=s1@group-46F048A18FB7-SegmentedRaftLog:OPENED:c-1,f-1,i0, conf=-1: [s3:0.0.0.0:39188, s4:0.0.0.0:40778, s0:0.0.0.0:42012, s1:0.0.0.0:45336, s2:0.0.0.0:38783], old=null RUNNING
  s2:  RUNNING CANDIDATE s2@group-46F048A18FB7:t2, leader=null, voted=s2, raftlog=s2@group-46F048A18FB7-SegmentedRaftLog:OPENED:c-1,f-1,i0, conf=-1: [s3:0.0.0.0:39188, s4:0.0.0.0:40778, s0:0.0.0.0:42012, s1:0.0.0.0:45336, s2:0.0.0.0:38783], old=null RUNNING
	at org.apache.ratis.MiniRaftCluster.newIllegalStateExceptionForNoLeaders(MiniRaftCluster.java:506)
	at org.apache.ratis.RaftTestUtil.lambda$waitForLeader$1(RaftTestUtil.java:90)
	at org.apache.ratis.MiniRaftCluster.getLeader(MiniRaftCluster.java:539)
	at org.apache.ratis.MiniRaftCluster.getLeader(MiniRaftCluster.java:532)
	at org.apache.ratis.RaftTestUtil.lambda$waitForLeader$3(RaftTestUtil.java:98)
	at org.apache.ratis.util.JavaUtils.attempt(JavaUtils.java:152)
	at org.apache.ratis.RaftTestUtil.waitForLeader(RaftTestUtil.java:97)
	at org.apache.ratis.RaftTestUtil.waitForLeader(RaftTestUtil.java:77)
	at org.apache.ratis.RaftTestUtil.waitForLeader(RaftTestUtil.java:72)
	at org.apache.ratis.RaftBasicTests.testWithLoad(RaftBasicTests.java:336)
	at org.apache.ratis.RaftBasicTests.lambda$testWithLoad$10(RaftBasicTests.java:328)
	at org.apache.ratis.MiniRaftCluster$Factory$Get.runWithNewCluster(MiniRaftCluster.java:125)
	at org.apache.ratis.MiniRaftCluster$Factory$Get.runWithNewCluster(MiniRaftCluster.java:113)
	at org.apache.ratis.RaftBasicTests.testWithLoad(RaftBasicTests.java:328)
	at org.apache.ratis.netty.TestRaftWithNetty.testWithLoad(TestRaftWithNetty.java:31)
	at sun.reflect.NativeMethodAccessorImpl.invoke0(Native Method)
	at sun.reflect.NativeMethodAccessorImpl.invoke(NativeMethodAccessorImpl.java:62)
	at sun.reflect.DelegatingMethodAccessorImpl.invoke(DelegatingMethodAccessorImpl.java:43)
	at java.lang.reflect.Method.invoke(Method.java:498)
	at org.junit.runners.model.FrameworkMethod$1.runReflectiveCall(FrameworkMethod.java:50)
	at org.junit.internal.runners.model.ReflectiveCallable.run(ReflectiveCallable.java:12)
	at org.junit.runners.model.FrameworkMethod.invokeExplosively(FrameworkMethod.java:47)
	at org.junit.internal.runners.statements.InvokeMethod.evaluate(InvokeMethod.java:17)
	at org.junit.internal.runners.statements.RunAfters.evaluate(RunAfters.java:27)
	at org.junit.internal.runners.statements.FailOnTimeout$CallableStatement.call(FailOnTimeout.java:298)
	at org.junit.internal.runners.statements.FailOnTimeout$CallableStatement.call(FailOnTimeout.java:292)
	at java.util.concurrent.FutureTask.run(FutureTask.java:266)
	at java.lang.Thread.run(Thread.java:748)
2019-09-24 16:43:12,022 WARN  ratis.RaftTestUtil (JavaUtils.java:attempt(158)) - FAILED "waitForLeader-null-(expectLeader? true)", attempt #35/100: java.lang.IllegalStateException: No leader yet : printing ALL groups
  s3:  RUNNING CANDIDATE s3@group-46F048A18FB7:t2, leader=null, voted=s3, raftlog=s3@group-46F048A18FB7-SegmentedRaftLog:OPENED:c-1,f-1,i0, conf=-1: [s3:0.0.0.0:39188, s4:0.0.0.0:40778, s0:0.0.0.0:42012, s1:0.0.0.0:45336, s2:0.0.0.0:38783], old=null RUNNING
  s4:  RUNNING CANDIDATE s4@group-46F048A18FB7:t2, leader=null, voted=s4, raftlog=s4@group-46F048A18FB7-SegmentedRaftLog:OPENED:c-1,f-1,i0, conf=-1: [s3:0.0.0.0:39188, s4:0.0.0.0:40778, s0:0.0.0.0:42012, s1:0.0.0.0:45336, s2:0.0.0.0:38783], old=null RUNNING
  s0:  RUNNING CANDIDATE s0@group-46F048A18FB7:t2, leader=null, voted=s0, raftlog=s0@group-46F048A18FB7-SegmentedRaftLog:OPENED:c-1,f-1,i0, conf=-1: [s3:0.0.0.0:39188, s4:0.0.0.0:40778, s0:0.0.0.0:42012, s1:0.0.0.0:45336, s2:0.0.0.0:38783], old=null RUNNING
  s1:  RUNNING CANDIDATE s1@group-46F048A18FB7:t2, leader=null, voted=s1, raftlog=s1@group-46F048A18FB7-SegmentedRaftLog:OPENED:c-1,f-1,i0, conf=-1: [s3:0.0.0.0:39188, s4:0.0.0.0:40778, s0:0.0.0.0:42012, s1:0.0.0.0:45336, s2:0.0.0.0:38783], old=null RUNNING
  s2:  RUNNING CANDIDATE s2@group-46F048A18FB7:t2, leader=null, voted=s2, raftlog=s2@group-46F048A18FB7-SegmentedRaftLog:OPENED:c-1,f-1,i0, conf=-1: [s3:0.0.0.0:39188, s4:0.0.0.0:40778, s0:0.0.0.0:42012, s1:0.0.0.0:45336, s2:0.0.0.0:38783], old=null RUNNING, sleep 450ms and then retry.
java.lang.IllegalStateException: No leader yet : printing ALL groups
  s3:  RUNNING CANDIDATE s3@group-46F048A18FB7:t2, leader=null, voted=s3, raftlog=s3@group-46F048A18FB7-SegmentedRaftLog:OPENED:c-1,f-1,i0, conf=-1: [s3:0.0.0.0:39188, s4:0.0.0.0:40778, s0:0.0.0.0:42012, s1:0.0.0.0:45336, s2:0.0.0.0:38783], old=null RUNNING
  s4:  RUNNING CANDIDATE s4@group-46F048A18FB7:t2, leader=null, voted=s4, raftlog=s4@group-46F048A18FB7-SegmentedRaftLog:OPENED:c-1,f-1,i0, conf=-1: [s3:0.0.0.0:39188, s4:0.0.0.0:40778, s0:0.0.0.0:42012, s1:0.0.0.0:45336, s2:0.0.0.0:38783], old=null RUNNING
  s0:  RUNNING CANDIDATE s0@group-46F048A18FB7:t2, leader=null, voted=s0, raftlog=s0@group-46F048A18FB7-SegmentedRaftLog:OPENED:c-1,f-1,i0, conf=-1: [s3:0.0.0.0:39188, s4:0.0.0.0:40778, s0:0.0.0.0:42012, s1:0.0.0.0:45336, s2:0.0.0.0:38783], old=null RUNNING
  s1:  RUNNING CANDIDATE s1@group-46F048A18FB7:t2, leader=null, voted=s1, raftlog=s1@group-46F048A18FB7-SegmentedRaftLog:OPENED:c-1,f-1,i0, conf=-1: [s3:0.0.0.0:39188, s4:0.0.0.0:40778, s0:0.0.0.0:42012, s1:0.0.0.0:45336, s2:0.0.0.0:38783], old=null RUNNING
  s2:  RUNNING CANDIDATE s2@group-46F048A18FB7:t2, leader=null, voted=s2, raftlog=s2@group-46F048A18FB7-SegmentedRaftLog:OPENED:c-1,f-1,i0, conf=-1: [s3:0.0.0.0:39188, s4:0.0.0.0:40778, s0:0.0.0.0:42012, s1:0.0.0.0:45336, s2:0.0.0.0:38783], old=null RUNNING
	at org.apache.ratis.MiniRaftCluster.newIllegalStateExceptionForNoLeaders(MiniRaftCluster.java:506)
	at org.apache.ratis.RaftTestUtil.lambda$waitForLeader$1(RaftTestUtil.java:90)
	at org.apache.ratis.MiniRaftCluster.getLeader(MiniRaftCluster.java:539)
	at org.apache.ratis.MiniRaftCluster.getLeader(MiniRaftCluster.java:532)
	at org.apache.ratis.RaftTestUtil.lambda$waitForLeader$3(RaftTestUtil.java:98)
	at org.apache.ratis.util.JavaUtils.attempt(JavaUtils.java:152)
	at org.apache.ratis.RaftTestUtil.waitForLeader(RaftTestUtil.java:97)
	at org.apache.ratis.RaftTestUtil.waitForLeader(RaftTestUtil.java:77)
	at org.apache.ratis.RaftTestUtil.waitForLeader(RaftTestUtil.java:72)
	at org.apache.ratis.RaftBasicTests.testWithLoad(RaftBasicTests.java:336)
	at org.apache.ratis.RaftBasicTests.lambda$testWithLoad$10(RaftBasicTests.java:328)
	at org.apache.ratis.MiniRaftCluster$Factory$Get.runWithNewCluster(MiniRaftCluster.java:125)
	at org.apache.ratis.MiniRaftCluster$Factory$Get.runWithNewCluster(MiniRaftCluster.java:113)
	at org.apache.ratis.RaftBasicTests.testWithLoad(RaftBasicTests.java:328)
	at org.apache.ratis.netty.TestRaftWithNetty.testWithLoad(TestRaftWithNetty.java:31)
	at sun.reflect.NativeMethodAccessorImpl.invoke0(Native Method)
	at sun.reflect.NativeMethodAccessorImpl.invoke(NativeMethodAccessorImpl.java:62)
	at sun.reflect.DelegatingMethodAccessorImpl.invoke(DelegatingMethodAccessorImpl.java:43)
	at java.lang.reflect.Method.invoke(Method.java:498)
	at org.junit.runners.model.FrameworkMethod$1.runReflectiveCall(FrameworkMethod.java:50)
	at org.junit.internal.runners.model.ReflectiveCallable.run(ReflectiveCallable.java:12)
	at org.junit.runners.model.FrameworkMethod.invokeExplosively(FrameworkMethod.java:47)
	at org.junit.internal.runners.statements.InvokeMethod.evaluate(InvokeMethod.java:17)
	at org.junit.internal.runners.statements.RunAfters.evaluate(RunAfters.java:27)
	at org.junit.internal.runners.statements.FailOnTimeout$CallableStatement.call(FailOnTimeout.java:298)
	at org.junit.internal.runners.statements.FailOnTimeout$CallableStatement.call(FailOnTimeout.java:292)
	at java.util.concurrent.FutureTask.run(FutureTask.java:266)
	at java.lang.Thread.run(Thread.java:748)
2019-09-24 16:43:12,474 WARN  ratis.RaftTestUtil (JavaUtils.java:attempt(158)) - FAILED "waitForLeader-null-(expectLeader? true)", attempt #36/100: java.lang.IllegalStateException: No leader yet : printing ALL groups
  s3:  RUNNING CANDIDATE s3@group-46F048A18FB7:t2, leader=null, voted=s3, raftlog=s3@group-46F048A18FB7-SegmentedRaftLog:OPENED:c-1,f-1,i0, conf=-1: [s3:0.0.0.0:39188, s4:0.0.0.0:40778, s0:0.0.0.0:42012, s1:0.0.0.0:45336, s2:0.0.0.0:38783], old=null RUNNING
  s4:  RUNNING CANDIDATE s4@group-46F048A18FB7:t2, leader=null, voted=s4, raftlog=s4@group-46F048A18FB7-SegmentedRaftLog:OPENED:c-1,f-1,i0, conf=-1: [s3:0.0.0.0:39188, s4:0.0.0.0:40778, s0:0.0.0.0:42012, s1:0.0.0.0:45336, s2:0.0.0.0:38783], old=null RUNNING
  s0:  RUNNING CANDIDATE s0@group-46F048A18FB7:t2, leader=null, voted=s0, raftlog=s0@group-46F048A18FB7-SegmentedRaftLog:OPENED:c-1,f-1,i0, conf=-1: [s3:0.0.0.0:39188, s4:0.0.0.0:40778, s0:0.0.0.0:42012, s1:0.0.0.0:45336, s2:0.0.0.0:38783], old=null RUNNING
  s1:  RUNNING CANDIDATE s1@group-46F048A18FB7:t2, leader=null, voted=s1, raftlog=s1@group-46F048A18FB7-SegmentedRaftLog:OPENED:c-1,f-1,i0, conf=-1: [s3:0.0.0.0:39188, s4:0.0.0.0:40778, s0:0.0.0.0:42012, s1:0.0.0.0:45336, s2:0.0.0.0:38783], old=null RUNNING
  s2:  RUNNING CANDIDATE s2@group-46F048A18FB7:t2, leader=null, voted=s2, raftlog=s2@group-46F048A18FB7-SegmentedRaftLog:OPENED:c-1,f-1,i0, conf=-1: [s3:0.0.0.0:39188, s4:0.0.0.0:40778, s0:0.0.0.0:42012, s1:0.0.0.0:45336, s2:0.0.0.0:38783], old=null RUNNING, sleep 450ms and then retry.
java.lang.IllegalStateException: No leader yet : printing ALL groups
  s3:  RUNNING CANDIDATE s3@group-46F048A18FB7:t2, leader=null, voted=s3, raftlog=s3@group-46F048A18FB7-SegmentedRaftLog:OPENED:c-1,f-1,i0, conf=-1: [s3:0.0.0.0:39188, s4:0.0.0.0:40778, s0:0.0.0.0:42012, s1:0.0.0.0:45336, s2:0.0.0.0:38783], old=null RUNNING
  s4:  RUNNING CANDIDATE s4@group-46F048A18FB7:t2, leader=null, voted=s4, raftlog=s4@group-46F048A18FB7-SegmentedRaftLog:OPENED:c-1,f-1,i0, conf=-1: [s3:0.0.0.0:39188, s4:0.0.0.0:40778, s0:0.0.0.0:42012, s1:0.0.0.0:45336, s2:0.0.0.0:38783], old=null RUNNING
  s0:  RUNNING CANDIDATE s0@group-46F048A18FB7:t2, leader=null, voted=s0, raftlog=s0@group-46F048A18FB7-SegmentedRaftLog:OPENED:c-1,f-1,i0, conf=-1: [s3:0.0.0.0:39188, s4:0.0.0.0:40778, s0:0.0.0.0:42012, s1:0.0.0.0:45336, s2:0.0.0.0:38783], old=null RUNNING
  s1:  RUNNING CANDIDATE s1@group-46F048A18FB7:t2, leader=null, voted=s1, raftlog=s1@group-46F048A18FB7-SegmentedRaftLog:OPENED:c-1,f-1,i0, conf=-1: [s3:0.0.0.0:39188, s4:0.0.0.0:40778, s0:0.0.0.0:42012, s1:0.0.0.0:45336, s2:0.0.0.0:38783], old=null RUNNING
  s2:  RUNNING CANDIDATE s2@group-46F048A18FB7:t2, leader=null, voted=s2, raftlog=s2@group-46F048A18FB7-SegmentedRaftLog:OPENED:c-1,f-1,i0, conf=-1: [s3:0.0.0.0:39188, s4:0.0.0.0:40778, s0:0.0.0.0:42012, s1:0.0.0.0:45336, s2:0.0.0.0:38783], old=null RUNNING
	at org.apache.ratis.MiniRaftCluster.newIllegalStateExceptionForNoLeaders(MiniRaftCluster.java:506)
	at org.apache.ratis.RaftTestUtil.lambda$waitForLeader$1(RaftTestUtil.java:90)
	at org.apache.ratis.MiniRaftCluster.getLeader(MiniRaftCluster.java:539)
	at org.apache.ratis.MiniRaftCluster.getLeader(MiniRaftCluster.java:532)
	at org.apache.ratis.RaftTestUtil.lambda$waitForLeader$3(RaftTestUtil.java:98)
	at org.apache.ratis.util.JavaUtils.attempt(JavaUtils.java:152)
	at org.apache.ratis.RaftTestUtil.waitForLeader(RaftTestUtil.java:97)
	at org.apache.ratis.RaftTestUtil.waitForLeader(RaftTestUtil.java:77)
	at org.apache.ratis.RaftTestUtil.waitForLeader(RaftTestUtil.java:72)
	at org.apache.ratis.RaftBasicTests.testWithLoad(RaftBasicTests.java:336)
	at org.apache.ratis.RaftBasicTests.lambda$testWithLoad$10(RaftBasicTests.java:328)
	at org.apache.ratis.MiniRaftCluster$Factory$Get.runWithNewCluster(MiniRaftCluster.java:125)
	at org.apache.ratis.MiniRaftCluster$Factory$Get.runWithNewCluster(MiniRaftCluster.java:113)
	at org.apache.ratis.RaftBasicTests.testWithLoad(RaftBasicTests.java:328)
	at org.apache.ratis.netty.TestRaftWithNetty.testWithLoad(TestRaftWithNetty.java:31)
	at sun.reflect.NativeMethodAccessorImpl.invoke0(Native Method)
	at sun.reflect.NativeMethodAccessorImpl.invoke(NativeMethodAccessorImpl.java:62)
	at sun.reflect.DelegatingMethodAccessorImpl.invoke(DelegatingMethodAccessorImpl.java:43)
	at java.lang.reflect.Method.invoke(Method.java:498)
	at org.junit.runners.model.FrameworkMethod$1.runReflectiveCall(FrameworkMethod.java:50)
	at org.junit.internal.runners.model.ReflectiveCallable.run(ReflectiveCallable.java:12)
	at org.junit.runners.model.FrameworkMethod.invokeExplosively(FrameworkMethod.java:47)
	at org.junit.internal.runners.statements.InvokeMethod.evaluate(InvokeMethod.java:17)
	at org.junit.internal.runners.statements.RunAfters.evaluate(RunAfters.java:27)
	at org.junit.internal.runners.statements.FailOnTimeout$CallableStatement.call(FailOnTimeout.java:298)
	at org.junit.internal.runners.statements.FailOnTimeout$CallableStatement.call(FailOnTimeout.java:292)
	at java.util.concurrent.FutureTask.run(FutureTask.java:266)
	at java.lang.Thread.run(Thread.java:748)
2019-09-24 16:43:12,814 INFO  impl.LeaderElection (LeaderElection.java:askForVotes(178)) - s3@group-46F048A18FB7-LeaderElection1: begin an election at term 2 for -1: [s3:0.0.0.0:39188, s4:0.0.0.0:40778, s0:0.0.0.0:42012, s1:0.0.0.0:45336, s2:0.0.0.0:38783], old=null
2019-09-24 16:43:12,816 DEBUG impl.RaftServerImpl (RaftServerImpl.java:requestVote(775)) - s3@group-46F048A18FB7 replies to vote request: s1<-s3#0:FAIL-t2. Peer's state: s3@group-46F048A18FB7:t2, leader=null, voted=s3, raftlog=s3@group-46F048A18FB7-SegmentedRaftLog:OPENED:c-1,f-1,i0, conf=-1: [s3:0.0.0.0:39188, s4:0.0.0.0:40778, s0:0.0.0.0:42012, s1:0.0.0.0:45336, s2:0.0.0.0:38783], old=null
2019-09-24 16:43:12,816 DEBUG impl.RaftServerImpl (RaftServerImpl.java:requestVote(775)) - s0@group-46F048A18FB7 replies to vote request: s1<-s0#0:FAIL-t2. Peer's state: s0@group-46F048A18FB7:t2, leader=null, voted=s0, raftlog=s0@group-46F048A18FB7-SegmentedRaftLog:OPENED:c-1,f-1,i0, conf=-1: [s3:0.0.0.0:39188, s4:0.0.0.0:40778, s0:0.0.0.0:42012, s1:0.0.0.0:45336, s2:0.0.0.0:38783], old=null
2019-09-24 16:43:12,816 DEBUG impl.RaftServerImpl (RaftServerImpl.java:requestVote(775)) - s4@group-46F048A18FB7 replies to vote request: s2<-s4#0:FAIL-t2. Peer's state: s4@group-46F048A18FB7:t2, leader=null, voted=s4, raftlog=s4@group-46F048A18FB7-SegmentedRaftLog:OPENED:c-1,f-1,i0, conf=-1: [s3:0.0.0.0:39188, s4:0.0.0.0:40778, s0:0.0.0.0:42012, s1:0.0.0.0:45336, s2:0.0.0.0:38783], old=null
2019-09-24 16:43:12,814 INFO  impl.LeaderElection (LeaderElection.java:askForVotes(178)) - s0@group-46F048A18FB7-LeaderElection3: begin an election at term 2 for -1: [s3:0.0.0.0:39188, s4:0.0.0.0:40778, s0:0.0.0.0:42012, s1:0.0.0.0:45336, s2:0.0.0.0:38783], old=null
2019-09-24 16:43:12,814 INFO  impl.LeaderElection (LeaderElection.java:askForVotes(178)) - s4@group-46F048A18FB7-LeaderElection2: begin an election at term 2 for -1: [s3:0.0.0.0:39188, s4:0.0.0.0:40778, s0:0.0.0.0:42012, s1:0.0.0.0:45336, s2:0.0.0.0:38783], old=null
2019-09-24 16:43:12,817 DEBUG impl.RaftServerImpl (RaftServerImpl.java:requestVote(775)) - s0@group-46F048A18FB7 replies to vote request: s2<-s0#0:FAIL-t2. Peer's state: s0@group-46F048A18FB7:t2, leader=null, voted=s0, raftlog=s0@group-46F048A18FB7-SegmentedRaftLog:OPENED:c-1,f-1,i0, conf=-1: [s3:0.0.0.0:39188, s4:0.0.0.0:40778, s0:0.0.0.0:42012, s1:0.0.0.0:45336, s2:0.0.0.0:38783], old=null
2019-09-24 16:43:12,817 DEBUG impl.RaftServerImpl (RaftServerImpl.java:requestVote(775)) - s3@group-46F048A18FB7 replies to vote request: s2<-s3#0:FAIL-t2. Peer's state: s3@group-46F048A18FB7:t2, leader=null, voted=s3, raftlog=s3@group-46F048A18FB7-SegmentedRaftLog:OPENED:c-1,f-1,i0, conf=-1: [s3:0.0.0.0:39188, s4:0.0.0.0:40778, s0:0.0.0.0:42012, s1:0.0.0.0:45336, s2:0.0.0.0:38783], old=null
2019-09-24 16:43:12,820 DEBUG impl.RaftServerImpl (RaftServerImpl.java:requestVote(775)) - s0@group-46F048A18FB7 replies to vote request: s4<-s0#0:FAIL-t2. Peer's state: s0@group-46F048A18FB7:t2, leader=null, voted=s0, raftlog=s0@group-46F048A18FB7-SegmentedRaftLog:OPENED:c-1,f-1,i0, conf=-1: [s3:0.0.0.0:39188, s4:0.0.0.0:40778, s0:0.0.0.0:42012, s1:0.0.0.0:45336, s2:0.0.0.0:38783], old=null
2019-09-24 16:43:12,818 DEBUG impl.RaftServerImpl (RaftServerImpl.java:requestVote(775)) - s4@group-46F048A18FB7 replies to vote request: s1<-s4#0:FAIL-t2. Peer's state: s4@group-46F048A18FB7:t2, leader=null, voted=s4, raftlog=s4@group-46F048A18FB7-SegmentedRaftLog:OPENED:c-1,f-1,i0, conf=-1: [s3:0.0.0.0:39188, s4:0.0.0.0:40778, s0:0.0.0.0:42012, s1:0.0.0.0:45336, s2:0.0.0.0:38783], old=null
2019-09-24 16:43:12,822 DEBUG impl.RaftServerImpl (RaftServerImpl.java:requestVote(775)) - s3@group-46F048A18FB7 replies to vote request: s4<-s3#0:FAIL-t2. Peer's state: s3@group-46F048A18FB7:t2, leader=null, voted=s3, raftlog=s3@group-46F048A18FB7-SegmentedRaftLog:OPENED:c-1,f-1,i0, conf=-1: [s3:0.0.0.0:39188, s4:0.0.0.0:40778, s0:0.0.0.0:42012, s1:0.0.0.0:45336, s2:0.0.0.0:38783], old=null
2019-09-24 16:43:12,824 DEBUG impl.RaftServerImpl (RaftServerImpl.java:requestVote(775)) - s4@group-46F048A18FB7 replies to vote request: s0<-s4#0:FAIL-t2. Peer's state: s4@group-46F048A18FB7:t2, leader=null, voted=s4, raftlog=s4@group-46F048A18FB7-SegmentedRaftLog:OPENED:c-1,f-1,i0, conf=-1: [s3:0.0.0.0:39188, s4:0.0.0.0:40778, s0:0.0.0.0:42012, s1:0.0.0.0:45336, s2:0.0.0.0:38783], old=null
2019-09-24 16:43:12,824 DEBUG impl.RaftServerImpl (RaftServerImpl.java:requestVote(775)) - s0@group-46F048A18FB7 replies to vote request: s3<-s0#0:FAIL-t2. Peer's state: s0@group-46F048A18FB7:t2, leader=null, voted=s0, raftlog=s0@group-46F048A18FB7-SegmentedRaftLog:OPENED:c-1,f-1,i0, conf=-1: [s3:0.0.0.0:39188, s4:0.0.0.0:40778, s0:0.0.0.0:42012, s1:0.0.0.0:45336, s2:0.0.0.0:38783], old=null
2019-09-24 16:43:12,829 DEBUG impl.RaftServerImpl (RaftServerImpl.java:requestVote(775)) - s4@group-46F048A18FB7 replies to vote request: s3<-s4#0:FAIL-t2. Peer's state: s4@group-46F048A18FB7:t2, leader=null, voted=s4, raftlog=s4@group-46F048A18FB7-SegmentedRaftLog:OPENED:c-1,f-1,i0, conf=-1: [s3:0.0.0.0:39188, s4:0.0.0.0:40778, s0:0.0.0.0:42012, s1:0.0.0.0:45336, s2:0.0.0.0:38783], old=null
2019-09-24 16:43:12,826 DEBUG impl.RaftServerImpl (RaftServerImpl.java:requestVote(775)) - s3@group-46F048A18FB7 replies to vote request: s0<-s3#0:FAIL-t2. Peer's state: s3@group-46F048A18FB7:t2, leader=null, voted=s3, raftlog=s3@group-46F048A18FB7-SegmentedRaftLog:OPENED:c-1,f-1,i0, conf=-1: [s3:0.0.0.0:39188, s4:0.0.0.0:40778, s0:0.0.0.0:42012, s1:0.0.0.0:45336, s2:0.0.0.0:38783], old=null
2019-09-24 16:43:12,839 DEBUG impl.RaftServerImpl (RaftServerImpl.java:requestVote(743)) - s4@group-46F048A18FB7: receive requestVote(s0, group-46F048A18FB7, 2, (t:0, i:0))
2019-09-24 16:43:12,840 DEBUG impl.RaftServerImpl (RaftServerImpl.java:requestVote(743)) - s4@group-46F048A18FB7: receive requestVote(s3, group-46F048A18FB7, 2, (t:0, i:0))
2019-09-24 16:43:12,839 DEBUG impl.RaftServerImpl (RaftServerImpl.java:requestVote(743)) - s1@group-46F048A18FB7: receive requestVote(s0, group-46F048A18FB7, 2, (t:0, i:0))
2019-09-24 16:43:12,839 DEBUG impl.RaftServerImpl (RaftServerImpl.java:requestVote(743)) - s3@group-46F048A18FB7: receive requestVote(s0, group-46F048A18FB7, 2, (t:0, i:0))
2019-09-24 16:43:12,841 DEBUG impl.RaftServerImpl (RaftServerImpl.java:requestVote(743)) - s2@group-46F048A18FB7: receive requestVote(s4, group-46F048A18FB7, 2, (t:0, i:0))
2019-09-24 16:43:12,840 DEBUG impl.RaftServerImpl (RaftServerImpl.java:requestVote(743)) - s0@group-46F048A18FB7: receive requestVote(s4, group-46F048A18FB7, 2, (t:0, i:0))
2019-09-24 16:43:12,840 DEBUG impl.RaftServerImpl (RaftServerImpl.java:requestVote(743)) - s1@group-46F048A18FB7: receive requestVote(s3, group-46F048A18FB7, 2, (t:0, i:0))
2019-09-24 16:43:12,840 DEBUG impl.RaftServerImpl (RaftServerImpl.java:requestVote(743)) - s2@group-46F048A18FB7: receive requestVote(s3, group-46F048A18FB7, 2, (t:0, i:0))
2019-09-24 16:43:12,840 DEBUG impl.RaftServerImpl (RaftServerImpl.java:requestVote(743)) - s3@group-46F048A18FB7: receive requestVote(s4, group-46F048A18FB7, 2, (t:0, i:0))
2019-09-24 16:43:12,840 DEBUG impl.RaftServerImpl (RaftServerImpl.java:requestVote(775)) - s4@group-46F048A18FB7 replies to vote request: s0<-s4#0:FAIL-t2. Peer's state: s4@group-46F048A18FB7:t2, leader=null, voted=s4, raftlog=s4@group-46F048A18FB7-SegmentedRaftLog:OPENED:c-1,f-1,i0, conf=-1: [s3:0.0.0.0:39188, s4:0.0.0.0:40778, s0:0.0.0.0:42012, s1:0.0.0.0:45336, s2:0.0.0.0:38783], old=null
2019-09-24 16:43:12,840 DEBUG impl.RaftServerImpl (RaftServerImpl.java:requestVote(743)) - s0@group-46F048A18FB7: receive requestVote(s3, group-46F048A18FB7, 2, (t:0, i:0))
2019-09-24 16:43:12,840 DEBUG impl.RaftServerImpl (RaftServerImpl.java:requestVote(743)) - s2@group-46F048A18FB7: receive requestVote(s0, group-46F048A18FB7, 2, (t:0, i:0))
2019-09-24 16:43:12,843 DEBUG impl.RaftServerImpl (RaftServerImpl.java:requestVote(775)) - s4@group-46F048A18FB7 replies to vote request: s3<-s4#0:FAIL-t2. Peer's state: s4@group-46F048A18FB7:t2, leader=null, voted=s4, raftlog=s4@group-46F048A18FB7-SegmentedRaftLog:OPENED:c-1,f-1,i0, conf=-1: [s3:0.0.0.0:39188, s4:0.0.0.0:40778, s0:0.0.0.0:42012, s1:0.0.0.0:45336, s2:0.0.0.0:38783], old=null
2019-09-24 16:43:12,842 DEBUG impl.RaftServerImpl (RaftServerImpl.java:requestVote(775)) - s0@group-46F048A18FB7 replies to vote request: s4<-s0#0:FAIL-t2. Peer's state: s0@group-46F048A18FB7:t2, leader=null, voted=s0, raftlog=s0@group-46F048A18FB7-SegmentedRaftLog:OPENED:c-1,f-1,i0, conf=-1: [s3:0.0.0.0:39188, s4:0.0.0.0:40778, s0:0.0.0.0:42012, s1:0.0.0.0:45336, s2:0.0.0.0:38783], old=null
2019-09-24 16:43:12,841 DEBUG impl.RaftServerImpl (RaftServerImpl.java:requestVote(775)) - s3@group-46F048A18FB7 replies to vote request: s0<-s3#0:FAIL-t2. Peer's state: s3@group-46F048A18FB7:t2, leader=null, voted=s3, raftlog=s3@group-46F048A18FB7-SegmentedRaftLog:OPENED:c-1,f-1,i0, conf=-1: [s3:0.0.0.0:39188, s4:0.0.0.0:40778, s0:0.0.0.0:42012, s1:0.0.0.0:45336, s2:0.0.0.0:38783], old=null
2019-09-24 16:43:12,841 DEBUG impl.RaftServerImpl (RaftServerImpl.java:requestVote(743)) - s1@group-46F048A18FB7: receive requestVote(s4, group-46F048A18FB7, 2, (t:0, i:0))
2019-09-24 16:43:12,845 DEBUG impl.RaftServerImpl (RaftServerImpl.java:requestVote(775)) - s3@group-46F048A18FB7 replies to vote request: s4<-s3#0:FAIL-t2. Peer's state: s3@group-46F048A18FB7:t2, leader=null, voted=s3, raftlog=s3@group-46F048A18FB7-SegmentedRaftLog:OPENED:c-1,f-1,i0, conf=-1: [s3:0.0.0.0:39188, s4:0.0.0.0:40778, s0:0.0.0.0:42012, s1:0.0.0.0:45336, s2:0.0.0.0:38783], old=null
2019-09-24 16:43:12,845 DEBUG impl.RaftServerImpl (RaftServerImpl.java:requestVote(775)) - s0@group-46F048A18FB7 replies to vote request: s3<-s0#0:FAIL-t2. Peer's state: s0@group-46F048A18FB7:t2, leader=null, voted=s0, raftlog=s0@group-46F048A18FB7-SegmentedRaftLog:OPENED:c-1,f-1,i0, conf=-1: [s3:0.0.0.0:39188, s4:0.0.0.0:40778, s0:0.0.0.0:42012, s1:0.0.0.0:45336, s2:0.0.0.0:38783], old=null
2019-09-24 16:43:12,877 INFO  impl.LeaderElection (LeaderElection.java:askForVotes(178)) - s1@group-46F048A18FB7-LeaderElection4: begin an election at term 2 for -1: [s3:0.0.0.0:39188, s4:0.0.0.0:40778, s0:0.0.0.0:42012, s1:0.0.0.0:45336, s2:0.0.0.0:38783], old=null
2019-09-24 16:43:12,877 DEBUG impl.RaftServerImpl (RaftServerImpl.java:requestVote(775)) - s2@group-46F048A18FB7 replies to vote request: s0<-s2#0:FAIL-t2. Peer's state: s2@group-46F048A18FB7:t2, leader=null, voted=s2, raftlog=s2@group-46F048A18FB7-SegmentedRaftLog:OPENED:c-1,f-1,i0, conf=-1: [s3:0.0.0.0:39188, s4:0.0.0.0:40778, s0:0.0.0.0:42012, s1:0.0.0.0:45336, s2:0.0.0.0:38783], old=null
2019-09-24 16:43:12,877 INFO  impl.LeaderElection (LeaderElection.java:askForVotes(178)) - s2@group-46F048A18FB7-LeaderElection5: begin an election at term 2 for -1: [s3:0.0.0.0:39188, s4:0.0.0.0:40778, s0:0.0.0.0:42012, s1:0.0.0.0:45336, s2:0.0.0.0:38783], old=null
2019-09-24 16:43:12,878 DEBUG impl.RaftServerImpl (RaftServerImpl.java:requestVote(775)) - s2@group-46F048A18FB7 replies to vote request: s3<-s2#0:FAIL-t2. Peer's state: s2@group-46F048A18FB7:t2, leader=null, voted=s2, raftlog=s2@group-46F048A18FB7-SegmentedRaftLog:OPENED:c-1,f-1,i0, conf=-1: [s3:0.0.0.0:39188, s4:0.0.0.0:40778, s0:0.0.0.0:42012, s1:0.0.0.0:45336, s2:0.0.0.0:38783], old=null
2019-09-24 16:43:12,877 DEBUG impl.RaftServerImpl (RaftServerImpl.java:requestVote(775)) - s1@group-46F048A18FB7 replies to vote request: s4<-s1#0:FAIL-t2. Peer's state: s1@group-46F048A18FB7:t2, leader=null, voted=s1, raftlog=s1@group-46F048A18FB7-SegmentedRaftLog:OPENED:c-1,f-1,i0, conf=-1: [s3:0.0.0.0:39188, s4:0.0.0.0:40778, s0:0.0.0.0:42012, s1:0.0.0.0:45336, s2:0.0.0.0:38783], old=null
2019-09-24 16:43:12,878 DEBUG impl.RaftServerImpl (RaftServerImpl.java:requestVote(775)) - s2@group-46F048A18FB7 replies to vote request: s4<-s2#0:FAIL-t2. Peer's state: s2@group-46F048A18FB7:t2, leader=null, voted=s2, raftlog=s2@group-46F048A18FB7-SegmentedRaftLog:OPENED:c-1,f-1,i0, conf=-1: [s3:0.0.0.0:39188, s4:0.0.0.0:40778, s0:0.0.0.0:42012, s1:0.0.0.0:45336, s2:0.0.0.0:38783], old=null
2019-09-24 16:43:12,879 DEBUG impl.RaftServerImpl (RaftServerImpl.java:requestVote(775)) - s1@group-46F048A18FB7 replies to vote request: s3<-s1#0:FAIL-t2. Peer's state: s1@group-46F048A18FB7:t2, leader=null, voted=s1, raftlog=s1@group-46F048A18FB7-SegmentedRaftLog:OPENED:c-1,f-1,i0, conf=-1: [s3:0.0.0.0:39188, s4:0.0.0.0:40778, s0:0.0.0.0:42012, s1:0.0.0.0:45336, s2:0.0.0.0:38783], old=null
2019-09-24 16:43:12,879 DEBUG impl.RaftServerImpl (RaftServerImpl.java:requestVote(775)) - s1@group-46F048A18FB7 replies to vote request: s0<-s1#0:FAIL-t2. Peer's state: s1@group-46F048A18FB7:t2, leader=null, voted=s1, raftlog=s1@group-46F048A18FB7-SegmentedRaftLog:OPENED:c-1,f-1,i0, conf=-1: [s3:0.0.0.0:39188, s4:0.0.0.0:40778, s0:0.0.0.0:42012, s1:0.0.0.0:45336, s2:0.0.0.0:38783], old=null
2019-09-24 16:43:12,880 INFO  impl.LeaderElection (LeaderElection.java:logAndReturn(56)) - s4@group-46F048A18FB7-LeaderElection2: Election REJECTED; received 4 response(s) [s4<-s3#0:FAIL-t2, s4<-s0#0:FAIL-t2, s4<-s1#0:FAIL-t2, s4<-s2#0:FAIL-t2] and 0 exception(s); s4@group-46F048A18FB7:t2, leader=null, voted=s4, raftlog=s4@group-46F048A18FB7-SegmentedRaftLog:OPENED:c-1,f-1,i0, conf=-1: [s3:0.0.0.0:39188, s4:0.0.0.0:40778, s0:0.0.0.0:42012, s1:0.0.0.0:45336, s2:0.0.0.0:38783], old=null
2019-09-24 16:43:12,881 INFO  impl.LeaderElection (LeaderElection.java:logAndReturn(56)) - s3@group-46F048A18FB7-LeaderElection1: Election REJECTED; received 4 response(s) [s3<-s4#0:FAIL-t2, s3<-s0#0:FAIL-t2, s3<-s1#0:FAIL-t2, s3<-s2#0:FAIL-t2] and 0 exception(s); s3@group-46F048A18FB7:t2, leader=null, voted=s3, raftlog=s3@group-46F048A18FB7-SegmentedRaftLog:OPENED:c-1,f-1,i0, conf=-1: [s3:0.0.0.0:39188, s4:0.0.0.0:40778, s0:0.0.0.0:42012, s1:0.0.0.0:45336, s2:0.0.0.0:38783], old=null
2019-09-24 16:43:12,885 DEBUG impl.RaftServerImpl (RaftServerImpl.java:requestVote(743)) - s3@group-46F048A18FB7: receive requestVote(s2, group-46F048A18FB7, 2, (t:0, i:0))
2019-09-24 16:43:12,887 DEBUG impl.RaftServerImpl (RaftServerImpl.java:requestVote(743)) - s4@group-46F048A18FB7: receive requestVote(s2, group-46F048A18FB7, 2, (t:0, i:0))
2019-09-24 16:43:12,886 INFO  impl.LeaderElection (LeaderElection.java:logAndReturn(56)) - s0@group-46F048A18FB7-LeaderElection3: Election REJECTED; received 4 response(s) [s0<-s3#0:FAIL-t2, s0<-s4#0:FAIL-t2, s0<-s1#0:FAIL-t2, s0<-s2#0:FAIL-t2] and 0 exception(s); s0@group-46F048A18FB7:t2, leader=null, voted=s0, raftlog=s0@group-46F048A18FB7-SegmentedRaftLog:OPENED:c-1,f-1,i0, conf=-1: [s3:0.0.0.0:39188, s4:0.0.0.0:40778, s0:0.0.0.0:42012, s1:0.0.0.0:45336, s2:0.0.0.0:38783], old=null
2019-09-24 16:43:12,888 DEBUG impl.RaftServerImpl (RaftServerImpl.java:requestVote(743)) - s3@group-46F048A18FB7: receive requestVote(s1, group-46F048A18FB7, 2, (t:0, i:0))
2019-09-24 16:43:12,887 DEBUG impl.RaftServerImpl (RaftServerImpl.java:requestVote(743)) - s1@group-46F048A18FB7: receive requestVote(s2, group-46F048A18FB7, 2, (t:0, i:0))
2019-09-24 16:43:12,887 DEBUG impl.RaftServerImpl (RaftServerImpl.java:requestVote(743)) - s0@group-46F048A18FB7: receive requestVote(s2, group-46F048A18FB7, 2, (t:0, i:0))
2019-09-24 16:43:12,891 DEBUG impl.RaftServerImpl (RaftServerImpl.java:requestVote(775)) - s1@group-46F048A18FB7 replies to vote request: s2<-s1#0:FAIL-t2. Peer's state: s1@group-46F048A18FB7:t2, leader=null, voted=s1, raftlog=s1@group-46F048A18FB7-SegmentedRaftLog:OPENED:c-1,f-1,i0, conf=-1: [s3:0.0.0.0:39188, s4:0.0.0.0:40778, s0:0.0.0.0:42012, s1:0.0.0.0:45336, s2:0.0.0.0:38783], old=null
2019-09-24 16:43:12,890 INFO  impl.RaftServerImpl (RaftServerImpl.java:setRole(170)) - s0@group-46F048A18FB7: changes role from CANDIDATE to FOLLOWER at term 2 for DISCOVERED_A_NEW_TERM
2019-09-24 16:43:12,890 DEBUG impl.RaftServerImpl (RaftServerImpl.java:requestVote(743)) - s0@group-46F048A18FB7: receive requestVote(s1, group-46F048A18FB7, 2, (t:0, i:0))
2019-09-24 16:43:12,890 INFO  impl.RaftServerImpl (RaftServerImpl.java:setRole(170)) - s3@group-46F048A18FB7: changes role from CANDIDATE to FOLLOWER at term 2 for DISCOVERED_A_NEW_TERM
2019-09-24 16:43:12,890 INFO  impl.RaftServerImpl (RaftServerImpl.java:setRole(170)) - s4@group-46F048A18FB7: changes role from CANDIDATE to FOLLOWER at term 2 for DISCOVERED_A_NEW_TERM
2019-09-24 16:43:12,892 INFO  impl.RoleInfo (RoleInfo.java:shutdownLeaderElection(134)) - s4: shutdown LeaderElection
2019-09-24 16:43:12,890 DEBUG impl.RaftServerImpl (RaftServerImpl.java:requestVote(743)) - s2@group-46F048A18FB7: receive requestVote(s1, group-46F048A18FB7, 2, (t:0, i:0))
2019-09-24 16:43:12,888 DEBUG impl.RaftServerImpl (RaftServerImpl.java:requestVote(743)) - s4@group-46F048A18FB7: receive requestVote(s1, group-46F048A18FB7, 2, (t:0, i:0))
2019-09-24 16:43:12,893 INFO  impl.RoleInfo (RoleInfo.java:updateAndGet(143)) - s4: start FollowerState
2019-09-24 16:43:12,893 DEBUG impl.RaftServerImpl (RaftServerImpl.java:requestVote(775)) - s2@group-46F048A18FB7 replies to vote request: s1<-s2#0:FAIL-t2. Peer's state: s2@group-46F048A18FB7:t2, leader=null, voted=s2, raftlog=s2@group-46F048A18FB7-SegmentedRaftLog:OPENED:c-1,f-1,i0, conf=-1: [s3:0.0.0.0:39188, s4:0.0.0.0:40778, s0:0.0.0.0:42012, s1:0.0.0.0:45336, s2:0.0.0.0:38783], old=null
2019-09-24 16:43:12,893 DEBUG impl.RaftServerImpl (RaftServerImpl.java:requestVote(775)) - s4@group-46F048A18FB7 replies to vote request: s1<-s4#0:FAIL-t2. Peer's state: s4@group-46F048A18FB7:t2, leader=null, voted=s4, raftlog=s4@group-46F048A18FB7-SegmentedRaftLog:OPENED:c-1,f-1,i0, conf=-1: [s3:0.0.0.0:39188, s4:0.0.0.0:40778, s0:0.0.0.0:42012, s1:0.0.0.0:45336, s2:0.0.0.0:38783], old=null
2019-09-24 16:43:12,892 INFO  impl.RoleInfo (RoleInfo.java:shutdownLeaderElection(134)) - s3: shutdown LeaderElection
2019-09-24 16:43:12,894 DEBUG impl.RaftServerImpl (RaftServerImpl.java:requestVote(775)) - s4@group-46F048A18FB7 replies to vote request: s2<-s4#0:FAIL-t2. Peer's state: s4@group-46F048A18FB7:t2, leader=null, voted=s4, raftlog=s4@group-46F048A18FB7-SegmentedRaftLog:OPENED:c-1,f-1,i0, conf=-1: [s3:0.0.0.0:39188, s4:0.0.0.0:40778, s0:0.0.0.0:42012, s1:0.0.0.0:45336, s2:0.0.0.0:38783], old=null
2019-09-24 16:43:12,891 INFO  impl.RoleInfo (RoleInfo.java:shutdownLeaderElection(134)) - s0: shutdown LeaderElection
2019-09-24 16:43:12,894 INFO  impl.RoleInfo (RoleInfo.java:updateAndGet(143)) - s3: start FollowerState
2019-09-24 16:43:12,894 INFO  impl.RoleInfo (RoleInfo.java:updateAndGet(143)) - s0: start FollowerState
2019-09-24 16:43:12,895 DEBUG impl.RaftServerImpl (RaftServerImpl.java:requestVote(775)) - s3@group-46F048A18FB7 replies to vote request: s1<-s3#0:FAIL-t2. Peer's state: s3@group-46F048A18FB7:t2, leader=null, voted=s3, raftlog=s3@group-46F048A18FB7-SegmentedRaftLog:OPENED:c-1,f-1,i0, conf=-1: [s3:0.0.0.0:39188, s4:0.0.0.0:40778, s0:0.0.0.0:42012, s1:0.0.0.0:45336, s2:0.0.0.0:38783], old=null
2019-09-24 16:43:12,895 DEBUG impl.RaftServerImpl (RaftServerImpl.java:requestVote(775)) - s0@group-46F048A18FB7 replies to vote request: s1<-s0#0:FAIL-t2. Peer's state: s0@group-46F048A18FB7:t2, leader=null, voted=s0, raftlog=s0@group-46F048A18FB7-SegmentedRaftLog:OPENED:c-1,f-1,i0, conf=-1: [s3:0.0.0.0:39188, s4:0.0.0.0:40778, s0:0.0.0.0:42012, s1:0.0.0.0:45336, s2:0.0.0.0:38783], old=null
2019-09-24 16:43:12,895 DEBUG impl.RaftServerImpl (RaftServerImpl.java:requestVote(775)) - s3@group-46F048A18FB7 replies to vote request: s2<-s3#0:FAIL-t2. Peer's state: s3@group-46F048A18FB7:t2, leader=null, voted=s3, raftlog=s3@group-46F048A18FB7-SegmentedRaftLog:OPENED:c-1,f-1,i0, conf=-1: [s3:0.0.0.0:39188, s4:0.0.0.0:40778, s0:0.0.0.0:42012, s1:0.0.0.0:45336, s2:0.0.0.0:38783], old=null
2019-09-24 16:43:12,896 DEBUG impl.RaftServerImpl (RaftServerImpl.java:requestVote(775)) - s0@group-46F048A18FB7 replies to vote request: s2<-s0#0:FAIL-t2. Peer's state: s0@group-46F048A18FB7:t2, leader=null, voted=s0, raftlog=s0@group-46F048A18FB7-SegmentedRaftLog:OPENED:c-1,f-1,i0, conf=-1: [s3:0.0.0.0:39188, s4:0.0.0.0:40778, s0:0.0.0.0:42012, s1:0.0.0.0:45336, s2:0.0.0.0:38783], old=null
2019-09-24 16:43:12,896 INFO  impl.LeaderElection (LeaderElection.java:logAndReturn(56)) - s1@group-46F048A18FB7-LeaderElection4: Election REJECTED; received 4 response(s) [s1<-s3#0:FAIL-t2, s1<-s4#0:FAIL-t2, s1<-s0#0:FAIL-t2, s1<-s2#0:FAIL-t2] and 0 exception(s); s1@group-46F048A18FB7:t2, leader=null, voted=s1, raftlog=s1@group-46F048A18FB7-SegmentedRaftLog:OPENED:c-1,f-1,i0, conf=-1: [s3:0.0.0.0:39188, s4:0.0.0.0:40778, s0:0.0.0.0:42012, s1:0.0.0.0:45336, s2:0.0.0.0:38783], old=null
2019-09-24 16:43:12,897 INFO  impl.RaftServerImpl (RaftServerImpl.java:setRole(170)) - s1@group-46F048A18FB7: changes role from CANDIDATE to FOLLOWER at term 2 for DISCOVERED_A_NEW_TERM
2019-09-24 16:43:12,898 INFO  impl.LeaderElection (LeaderElection.java:logAndReturn(56)) - s2@group-46F048A18FB7-LeaderElection5: Election REJECTED; received 4 response(s) [s2<-s3#0:FAIL-t2, s2<-s4#0:FAIL-t2, s2<-s0#0:FAIL-t2, s2<-s1#0:FAIL-t2] and 0 exception(s); s2@group-46F048A18FB7:t2, leader=null, voted=s2, raftlog=s2@group-46F048A18FB7-SegmentedRaftLog:OPENED:c-1,f-1,i0, conf=-1: [s3:0.0.0.0:39188, s4:0.0.0.0:40778, s0:0.0.0.0:42012, s1:0.0.0.0:45336, s2:0.0.0.0:38783], old=null
2019-09-24 16:43:12,898 INFO  impl.RoleInfo (RoleInfo.java:shutdownLeaderElection(134)) - s1: shutdown LeaderElection
2019-09-24 16:43:12,898 INFO  impl.RaftServerImpl (RaftServerImpl.java:setRole(170)) - s2@group-46F048A18FB7: changes role from CANDIDATE to FOLLOWER at term 2 for DISCOVERED_A_NEW_TERM
2019-09-24 16:43:12,899 INFO  impl.RoleInfo (RoleInfo.java:updateAndGet(143)) - s1: start FollowerState
2019-09-24 16:43:12,901 INFO  impl.RoleInfo (RoleInfo.java:shutdownLeaderElection(134)) - s2: shutdown LeaderElection
2019-09-24 16:43:12,901 INFO  impl.RoleInfo (RoleInfo.java:updateAndGet(143)) - s2: start FollowerState
2019-09-24 16:43:12,925 WARN  ratis.RaftTestUtil (JavaUtils.java:attempt(158)) - FAILED "waitForLeader-null-(expectLeader? true)", attempt #37/100: java.lang.IllegalStateException: No leader yet : printing ALL groups
  s3:  RUNNING  FOLLOWER s3@group-46F048A18FB7:t2, leader=null, voted=s3, raftlog=s3@group-46F048A18FB7-SegmentedRaftLog:OPENED:c-1,f-1,i0, conf=-1: [s3:0.0.0.0:39188, s4:0.0.0.0:40778, s0:0.0.0.0:42012, s1:0.0.0.0:45336, s2:0.0.0.0:38783], old=null RUNNING
  s4:  RUNNING  FOLLOWER s4@group-46F048A18FB7:t2, leader=null, voted=s4, raftlog=s4@group-46F048A18FB7-SegmentedRaftLog:OPENED:c-1,f-1,i0, conf=-1: [s3:0.0.0.0:39188, s4:0.0.0.0:40778, s0:0.0.0.0:42012, s1:0.0.0.0:45336, s2:0.0.0.0:38783], old=null RUNNING
  s0:  RUNNING  FOLLOWER s0@group-46F048A18FB7:t2, leader=null, voted=s0, raftlog=s0@group-46F048A18FB7-SegmentedRaftLog:OPENED:c-1,f-1,i0, conf=-1: [s3:0.0.0.0:39188, s4:0.0.0.0:40778, s0:0.0.0.0:42012, s1:0.0.0.0:45336, s2:0.0.0.0:38783], old=null RUNNING
  s1:  RUNNING  FOLLOWER s1@group-46F048A18FB7:t2, leader=null, voted=s1, raftlog=s1@group-46F048A18FB7-SegmentedRaftLog:OPENED:c-1,f-1,i0, conf=-1: [s3:0.0.0.0:39188, s4:0.0.0.0:40778, s0:0.0.0.0:42012, s1:0.0.0.0:45336, s2:0.0.0.0:38783], old=null RUNNING
  s2:  RUNNING  FOLLOWER s2@group-46F048A18FB7:t2, leader=null, voted=s2, raftlog=s2@group-46F048A18FB7-SegmentedRaftLog:OPENED:c-1,f-1,i0, conf=-1: [s3:0.0.0.0:39188, s4:0.0.0.0:40778, s0:0.0.0.0:42012, s1:0.0.0.0:45336, s2:0.0.0.0:38783], old=null RUNNING, sleep 450ms and then retry.
java.lang.IllegalStateException: No leader yet : printing ALL groups
  s3:  RUNNING  FOLLOWER s3@group-46F048A18FB7:t2, leader=null, voted=s3, raftlog=s3@group-46F048A18FB7-SegmentedRaftLog:OPENED:c-1,f-1,i0, conf=-1: [s3:0.0.0.0:39188, s4:0.0.0.0:40778, s0:0.0.0.0:42012, s1:0.0.0.0:45336, s2:0.0.0.0:38783], old=null RUNNING
  s4:  RUNNING  FOLLOWER s4@group-46F048A18FB7:t2, leader=null, voted=s4, raftlog=s4@group-46F048A18FB7-SegmentedRaftLog:OPENED:c-1,f-1,i0, conf=-1: [s3:0.0.0.0:39188, s4:0.0.0.0:40778, s0:0.0.0.0:42012, s1:0.0.0.0:45336, s2:0.0.0.0:38783], old=null RUNNING
  s0:  RUNNING  FOLLOWER s0@group-46F048A18FB7:t2, leader=null, voted=s0, raftlog=s0@group-46F048A18FB7-SegmentedRaftLog:OPENED:c-1,f-1,i0, conf=-1: [s3:0.0.0.0:39188, s4:0.0.0.0:40778, s0:0.0.0.0:42012, s1:0.0.0.0:45336, s2:0.0.0.0:38783], old=null RUNNING
  s1:  RUNNING  FOLLOWER s1@group-46F048A18FB7:t2, leader=null, voted=s1, raftlog=s1@group-46F048A18FB7-SegmentedRaftLog:OPENED:c-1,f-1,i0, conf=-1: [s3:0.0.0.0:39188, s4:0.0.0.0:40778, s0:0.0.0.0:42012, s1:0.0.0.0:45336, s2:0.0.0.0:38783], old=null RUNNING
  s2:  RUNNING  FOLLOWER s2@group-46F048A18FB7:t2, leader=null, voted=s2, raftlog=s2@group-46F048A18FB7-SegmentedRaftLog:OPENED:c-1,f-1,i0, conf=-1: [s3:0.0.0.0:39188, s4:0.0.0.0:40778, s0:0.0.0.0:42012, s1:0.0.0.0:45336, s2:0.0.0.0:38783], old=null RUNNING
	at org.apache.ratis.MiniRaftCluster.newIllegalStateExceptionForNoLeaders(MiniRaftCluster.java:506)
	at org.apache.ratis.RaftTestUtil.lambda$waitForLeader$1(RaftTestUtil.java:90)
	at org.apache.ratis.MiniRaftCluster.getLeader(MiniRaftCluster.java:539)
	at org.apache.ratis.MiniRaftCluster.getLeader(MiniRaftCluster.java:532)
	at org.apache.ratis.RaftTestUtil.lambda$waitForLeader$3(RaftTestUtil.java:98)
	at org.apache.ratis.util.JavaUtils.attempt(JavaUtils.java:152)
	at org.apache.ratis.RaftTestUtil.waitForLeader(RaftTestUtil.java:97)
	at org.apache.ratis.RaftTestUtil.waitForLeader(RaftTestUtil.java:77)
	at org.apache.ratis.RaftTestUtil.waitForLeader(RaftTestUtil.java:72)
	at org.apache.ratis.RaftBasicTests.testWithLoad(RaftBasicTests.java:336)
	at org.apache.ratis.RaftBasicTests.lambda$testWithLoad$10(RaftBasicTests.java:328)
	at org.apache.ratis.MiniRaftCluster$Factory$Get.runWithNewCluster(MiniRaftCluster.java:125)
	at org.apache.ratis.MiniRaftCluster$Factory$Get.runWithNewCluster(MiniRaftCluster.java:113)
	at org.apache.ratis.RaftBasicTests.testWithLoad(RaftBasicTests.java:328)
	at org.apache.ratis.netty.TestRaftWithNetty.testWithLoad(TestRaftWithNetty.java:31)
	at sun.reflect.NativeMethodAccessorImpl.invoke0(Native Method)
	at sun.reflect.NativeMethodAccessorImpl.invoke(NativeMethodAccessorImpl.java:62)
	at sun.reflect.DelegatingMethodAccessorImpl.invoke(DelegatingMethodAccessorImpl.java:43)
	at java.lang.reflect.Method.invoke(Method.java:498)
	at org.junit.runners.model.FrameworkMethod$1.runReflectiveCall(FrameworkMethod.java:50)
	at org.junit.internal.runners.model.ReflectiveCallable.run(ReflectiveCallable.java:12)
	at org.junit.runners.model.FrameworkMethod.invokeExplosively(FrameworkMethod.java:47)
	at org.junit.internal.runners.statements.InvokeMethod.evaluate(InvokeMethod.java:17)
	at org.junit.internal.runners.statements.RunAfters.evaluate(RunAfters.java:27)
	at org.junit.internal.runners.statements.FailOnTimeout$CallableStatement.call(FailOnTimeout.java:298)
	at org.junit.internal.runners.statements.FailOnTimeout$CallableStatement.call(FailOnTimeout.java:292)
	at java.util.concurrent.FutureTask.run(FutureTask.java:266)
	at java.lang.Thread.run(Thread.java:748)
2019-09-24 16:43:13,081 INFO  impl.FollowerState (FollowerState.java:run(108)) - s3@group-46F048A18FB7-FollowerState: change to CANDIDATE, lastRpcTime:187ms, electionTimeout:186ms
2019-09-24 16:43:13,082 INFO  impl.RoleInfo (RoleInfo.java:shutdownFollowerState(121)) - s3: shutdown FollowerState
2019-09-24 16:43:13,082 INFO  impl.RaftServerImpl (RaftServerImpl.java:setRole(170)) - s3@group-46F048A18FB7: changes role from  FOLLOWER to CANDIDATE at term 2 for changeToCandidate
2019-09-24 16:43:13,082 INFO  impl.RoleInfo (RoleInfo.java:updateAndGet(143)) - s3: start LeaderElection
2019-09-24 16:43:13,096 INFO  impl.FollowerState (FollowerState.java:run(108)) - s1@group-46F048A18FB7-FollowerState: change to CANDIDATE, lastRpcTime:197ms, electionTimeout:195ms
2019-09-24 16:43:13,097 INFO  impl.RoleInfo (RoleInfo.java:shutdownFollowerState(121)) - s1: shutdown FollowerState
2019-09-24 16:43:13,097 INFO  impl.RaftServerImpl (RaftServerImpl.java:setRole(170)) - s1@group-46F048A18FB7: changes role from  FOLLOWER to CANDIDATE at term 2 for changeToCandidate
2019-09-24 16:43:13,098 INFO  impl.RoleInfo (RoleInfo.java:updateAndGet(143)) - s1: start LeaderElection
2019-09-24 16:43:13,108 INFO  impl.FollowerState (FollowerState.java:run(108)) - s4@group-46F048A18FB7-FollowerState: change to CANDIDATE, lastRpcTime:215ms, electionTimeout:215ms
2019-09-24 16:43:13,109 INFO  impl.RoleInfo (RoleInfo.java:shutdownFollowerState(121)) - s4: shutdown FollowerState
2019-09-24 16:43:13,109 INFO  impl.RaftServerImpl (RaftServerImpl.java:setRole(170)) - s4@group-46F048A18FB7: changes role from  FOLLOWER to CANDIDATE at term 2 for changeToCandidate
2019-09-24 16:43:13,109 INFO  impl.RoleInfo (RoleInfo.java:updateAndGet(143)) - s4: start LeaderElection
2019-09-24 16:43:13,110 INFO  impl.FollowerState (FollowerState.java:run(108)) - s0@group-46F048A18FB7-FollowerState: change to CANDIDATE, lastRpcTime:215ms, electionTimeout:215ms
2019-09-24 16:43:13,110 INFO  impl.RoleInfo (RoleInfo.java:shutdownFollowerState(121)) - s0: shutdown FollowerState
2019-09-24 16:43:13,111 INFO  impl.RaftServerImpl (RaftServerImpl.java:setRole(170)) - s0@group-46F048A18FB7: changes role from  FOLLOWER to CANDIDATE at term 2 for changeToCandidate
2019-09-24 16:43:13,111 INFO  impl.RoleInfo (RoleInfo.java:updateAndGet(143)) - s0: start LeaderElection
2019-09-24 16:43:13,163 INFO  impl.FollowerState (FollowerState.java:run(108)) - s2@group-46F048A18FB7-FollowerState: change to CANDIDATE, lastRpcTime:261ms, electionTimeout:261ms
2019-09-24 16:43:13,163 INFO  impl.RoleInfo (RoleInfo.java:shutdownFollowerState(121)) - s2: shutdown FollowerState
2019-09-24 16:43:13,163 INFO  impl.RaftServerImpl (RaftServerImpl.java:setRole(170)) - s2@group-46F048A18FB7: changes role from  FOLLOWER to CANDIDATE at term 2 for changeToCandidate
2019-09-24 16:43:13,163 INFO  impl.RoleInfo (RoleInfo.java:updateAndGet(143)) - s2: start LeaderElection
2019-09-24 16:43:13,377 WARN  ratis.RaftTestUtil (JavaUtils.java:attempt(158)) - FAILED "waitForLeader-null-(expectLeader? true)", attempt #38/100: java.lang.IllegalStateException: No leader yet : printing ALL groups
  s3:  RUNNING CANDIDATE s3@group-46F048A18FB7:t3, leader=null, voted=s3, raftlog=s3@group-46F048A18FB7-SegmentedRaftLog:OPENED:c-1,f-1,i0, conf=-1: [s3:0.0.0.0:39188, s4:0.0.0.0:40778, s0:0.0.0.0:42012, s1:0.0.0.0:45336, s2:0.0.0.0:38783], old=null RUNNING
  s4:  RUNNING CANDIDATE s4@group-46F048A18FB7:t3, leader=null, voted=s4, raftlog=s4@group-46F048A18FB7-SegmentedRaftLog:OPENED:c-1,f-1,i0, conf=-1: [s3:0.0.0.0:39188, s4:0.0.0.0:40778, s0:0.0.0.0:42012, s1:0.0.0.0:45336, s2:0.0.0.0:38783], old=null RUNNING
  s0:  RUNNING CANDIDATE s0@group-46F048A18FB7:t3, leader=null, voted=s0, raftlog=s0@group-46F048A18FB7-SegmentedRaftLog:OPENED:c-1,f-1,i0, conf=-1: [s3:0.0.0.0:39188, s4:0.0.0.0:40778, s0:0.0.0.0:42012, s1:0.0.0.0:45336, s2:0.0.0.0:38783], old=null RUNNING
  s1:  RUNNING CANDIDATE s1@group-46F048A18FB7:t3, leader=null, voted=s1, raftlog=s1@group-46F048A18FB7-SegmentedRaftLog:OPENED:c-1,f-1,i0, conf=-1: [s3:0.0.0.0:39188, s4:0.0.0.0:40778, s0:0.0.0.0:42012, s1:0.0.0.0:45336, s2:0.0.0.0:38783], old=null RUNNING
  s2:  RUNNING CANDIDATE s2@group-46F048A18FB7:t3, leader=null, voted=s2, raftlog=s2@group-46F048A18FB7-SegmentedRaftLog:OPENED:c-1,f-1,i0, conf=-1: [s3:0.0.0.0:39188, s4:0.0.0.0:40778, s0:0.0.0.0:42012, s1:0.0.0.0:45336, s2:0.0.0.0:38783], old=null RUNNING, sleep 450ms and then retry.
java.lang.IllegalStateException: No leader yet : printing ALL groups
  s3:  RUNNING CANDIDATE s3@group-46F048A18FB7:t3, leader=null, voted=s3, raftlog=s3@group-46F048A18FB7-SegmentedRaftLog:OPENED:c-1,f-1,i0, conf=-1: [s3:0.0.0.0:39188, s4:0.0.0.0:40778, s0:0.0.0.0:42012, s1:0.0.0.0:45336, s2:0.0.0.0:38783], old=null RUNNING
  s4:  RUNNING CANDIDATE s4@group-46F048A18FB7:t3, leader=null, voted=s4, raftlog=s4@group-46F048A18FB7-SegmentedRaftLog:OPENED:c-1,f-1,i0, conf=-1: [s3:0.0.0.0:39188, s4:0.0.0.0:40778, s0:0.0.0.0:42012, s1:0.0.0.0:45336, s2:0.0.0.0:38783], old=null RUNNING
  s0:  RUNNING CANDIDATE s0@group-46F048A18FB7:t3, leader=null, voted=s0, raftlog=s0@group-46F048A18FB7-SegmentedRaftLog:OPENED:c-1,f-1,i0, conf=-1: [s3:0.0.0.0:39188, s4:0.0.0.0:40778, s0:0.0.0.0:42012, s1:0.0.0.0:45336, s2:0.0.0.0:38783], old=null RUNNING
  s1:  RUNNING CANDIDATE s1@group-46F048A18FB7:t3, leader=null, voted=s1, raftlog=s1@group-46F048A18FB7-SegmentedRaftLog:OPENED:c-1,f-1,i0, conf=-1: [s3:0.0.0.0:39188, s4:0.0.0.0:40778, s0:0.0.0.0:42012, s1:0.0.0.0:45336, s2:0.0.0.0:38783], old=null RUNNING
  s2:  RUNNING CANDIDATE s2@group-46F048A18FB7:t3, leader=null, voted=s2, raftlog=s2@group-46F048A18FB7-SegmentedRaftLog:OPENED:c-1,f-1,i0, conf=-1: [s3:0.0.0.0:39188, s4:0.0.0.0:40778, s0:0.0.0.0:42012, s1:0.0.0.0:45336, s2:0.0.0.0:38783], old=null RUNNING
	at org.apache.ratis.MiniRaftCluster.newIllegalStateExceptionForNoLeaders(MiniRaftCluster.java:506)
	at org.apache.ratis.RaftTestUtil.lambda$waitForLeader$1(RaftTestUtil.java:90)
	at org.apache.ratis.MiniRaftCluster.getLeader(MiniRaftCluster.java:539)
	at org.apache.ratis.MiniRaftCluster.getLeader(MiniRaftCluster.java:532)
	at org.apache.ratis.RaftTestUtil.lambda$waitForLeader$3(RaftTestUtil.java:98)
	at org.apache.ratis.util.JavaUtils.attempt(JavaUtils.java:152)
	at org.apache.ratis.RaftTestUtil.waitForLeader(RaftTestUtil.java:97)
	at org.apache.ratis.RaftTestUtil.waitForLeader(RaftTestUtil.java:77)
	at org.apache.ratis.RaftTestUtil.waitForLeader(RaftTestUtil.java:72)
	at org.apache.ratis.RaftBasicTests.testWithLoad(RaftBasicTests.java:336)
	at org.apache.ratis.RaftBasicTests.lambda$testWithLoad$10(RaftBasicTests.java:328)
	at org.apache.ratis.MiniRaftCluster$Factory$Get.runWithNewCluster(MiniRaftCluster.java:125)
	at org.apache.ratis.MiniRaftCluster$Factory$Get.runWithNewCluster(MiniRaftCluster.java:113)
	at org.apache.ratis.RaftBasicTests.testWithLoad(RaftBasicTests.java:328)
	at org.apache.ratis.netty.TestRaftWithNetty.testWithLoad(TestRaftWithNetty.java:31)
	at sun.reflect.NativeMethodAccessorImpl.invoke0(Native Method)
	at sun.reflect.NativeMethodAccessorImpl.invoke(NativeMethodAccessorImpl.java:62)
	at sun.reflect.DelegatingMethodAccessorImpl.invoke(DelegatingMethodAccessorImpl.java:43)
	at java.lang.reflect.Method.invoke(Method.java:498)
	at org.junit.runners.model.FrameworkMethod$1.runReflectiveCall(FrameworkMethod.java:50)
	at org.junit.internal.runners.model.ReflectiveCallable.run(ReflectiveCallable.java:12)
	at org.junit.runners.model.FrameworkMethod.invokeExplosively(FrameworkMethod.java:47)
	at org.junit.internal.runners.statements.InvokeMethod.evaluate(InvokeMethod.java:17)
	at org.junit.internal.runners.statements.RunAfters.evaluate(RunAfters.java:27)
	at org.junit.internal.runners.statements.FailOnTimeout$CallableStatement.call(FailOnTimeout.java:298)
	at org.junit.internal.runners.statements.FailOnTimeout$CallableStatement.call(FailOnTimeout.java:292)
	at java.util.concurrent.FutureTask.run(FutureTask.java:266)
	at java.lang.Thread.run(Thread.java:748)
2019-09-24 16:43:13,830 WARN  ratis.RaftTestUtil (JavaUtils.java:attempt(158)) - FAILED "waitForLeader-null-(expectLeader? true)", attempt #39/100: java.lang.IllegalStateException: No leader yet : printing ALL groups
  s3:  RUNNING CANDIDATE s3@group-46F048A18FB7:t3, leader=null, voted=s3, raftlog=s3@group-46F048A18FB7-SegmentedRaftLog:OPENED:c-1,f-1,i0, conf=-1: [s3:0.0.0.0:39188, s4:0.0.0.0:40778, s0:0.0.0.0:42012, s1:0.0.0.0:45336, s2:0.0.0.0:38783], old=null RUNNING
  s4:  RUNNING CANDIDATE s4@group-46F048A18FB7:t3, leader=null, voted=s4, raftlog=s4@group-46F048A18FB7-SegmentedRaftLog:OPENED:c-1,f-1,i0, conf=-1: [s3:0.0.0.0:39188, s4:0.0.0.0:40778, s0:0.0.0.0:42012, s1:0.0.0.0:45336, s2:0.0.0.0:38783], old=null RUNNING
  s0:  RUNNING CANDIDATE s0@group-46F048A18FB7:t3, leader=null, voted=s0, raftlog=s0@group-46F048A18FB7-SegmentedRaftLog:OPENED:c-1,f-1,i0, conf=-1: [s3:0.0.0.0:39188, s4:0.0.0.0:40778, s0:0.0.0.0:42012, s1:0.0.0.0:45336, s2:0.0.0.0:38783], old=null RUNNING
  s1:  RUNNING CANDIDATE s1@group-46F048A18FB7:t3, leader=null, voted=s1, raftlog=s1@group-46F048A18FB7-SegmentedRaftLog:OPENED:c-1,f-1,i0, conf=-1: [s3:0.0.0.0:39188, s4:0.0.0.0:40778, s0:0.0.0.0:42012, s1:0.0.0.0:45336, s2:0.0.0.0:38783], old=null RUNNING
  s2:  RUNNING CANDIDATE s2@group-46F048A18FB7:t3, leader=null, voted=s2, raftlog=s2@group-46F048A18FB7-SegmentedRaftLog:OPENED:c-1,f-1,i0, conf=-1: [s3:0.0.0.0:39188, s4:0.0.0.0:40778, s0:0.0.0.0:42012, s1:0.0.0.0:45336, s2:0.0.0.0:38783], old=null RUNNING, sleep 450ms and then retry.
java.lang.IllegalStateException: No leader yet : printing ALL groups
  s3:  RUNNING CANDIDATE s3@group-46F048A18FB7:t3, leader=null, voted=s3, raftlog=s3@group-46F048A18FB7-SegmentedRaftLog:OPENED:c-1,f-1,i0, conf=-1: [s3:0.0.0.0:39188, s4:0.0.0.0:40778, s0:0.0.0.0:42012, s1:0.0.0.0:45336, s2:0.0.0.0:38783], old=null RUNNING
  s4:  RUNNING CANDIDATE s4@group-46F048A18FB7:t3, leader=null, voted=s4, raftlog=s4@group-46F048A18FB7-SegmentedRaftLog:OPENED:c-1,f-1,i0, conf=-1: [s3:0.0.0.0:39188, s4:0.0.0.0:40778, s0:0.0.0.0:42012, s1:0.0.0.0:45336, s2:0.0.0.0:38783], old=null RUNNING
  s0:  RUNNING CANDIDATE s0@group-46F048A18FB7:t3, leader=null, voted=s0, raftlog=s0@group-46F048A18FB7-SegmentedRaftLog:OPENED:c-1,f-1,i0, conf=-1: [s3:0.0.0.0:39188, s4:0.0.0.0:40778, s0:0.0.0.0:42012, s1:0.0.0.0:45336, s2:0.0.0.0:38783], old=null RUNNING
  s1:  RUNNING CANDIDATE s1@group-46F048A18FB7:t3, leader=null, voted=s1, raftlog=s1@group-46F048A18FB7-SegmentedRaftLog:OPENED:c-1,f-1,i0, conf=-1: [s3:0.0.0.0:39188, s4:0.0.0.0:40778, s0:0.0.0.0:42012, s1:0.0.0.0:45336, s2:0.0.0.0:38783], old=null RUNNING
  s2:  RUNNING CANDIDATE s2@group-46F048A18FB7:t3, leader=null, voted=s2, raftlog=s2@group-46F048A18FB7-SegmentedRaftLog:OPENED:c-1,f-1,i0, conf=-1: [s3:0.0.0.0:39188, s4:0.0.0.0:40778, s0:0.0.0.0:42012, s1:0.0.0.0:45336, s2:0.0.0.0:38783], old=null RUNNING
	at org.apache.ratis.MiniRaftCluster.newIllegalStateExceptionForNoLeaders(MiniRaftCluster.java:506)
	at org.apache.ratis.RaftTestUtil.lambda$waitForLeader$1(RaftTestUtil.java:90)
	at org.apache.ratis.MiniRaftCluster.getLeader(MiniRaftCluster.java:539)
	at org.apache.ratis.MiniRaftCluster.getLeader(MiniRaftCluster.java:532)
	at org.apache.ratis.RaftTestUtil.lambda$waitForLeader$3(RaftTestUtil.java:98)
	at org.apache.ratis.util.JavaUtils.attempt(JavaUtils.java:152)
	at org.apache.ratis.RaftTestUtil.waitForLeader(RaftTestUtil.java:97)
	at org.apache.ratis.RaftTestUtil.waitForLeader(RaftTestUtil.java:77)
	at org.apache.ratis.RaftTestUtil.waitForLeader(RaftTestUtil.java:72)
	at org.apache.ratis.RaftBasicTests.testWithLoad(RaftBasicTests.java:336)
	at org.apache.ratis.RaftBasicTests.lambda$testWithLoad$10(RaftBasicTests.java:328)
	at org.apache.ratis.MiniRaftCluster$Factory$Get.runWithNewCluster(MiniRaftCluster.java:125)
	at org.apache.ratis.MiniRaftCluster$Factory$Get.runWithNewCluster(MiniRaftCluster.java:113)
	at org.apache.ratis.RaftBasicTests.testWithLoad(RaftBasicTests.java:328)
	at org.apache.ratis.netty.TestRaftWithNetty.testWithLoad(TestRaftWithNetty.java:31)
	at sun.reflect.NativeMethodAccessorImpl.invoke0(Native Method)
	at sun.reflect.NativeMethodAccessorImpl.invoke(NativeMethodAccessorImpl.java:62)
	at sun.reflect.DelegatingMethodAccessorImpl.invoke(DelegatingMethodAccessorImpl.java:43)
	at java.lang.reflect.Method.invoke(Method.java:498)
	at org.junit.runners.model.FrameworkMethod$1.runReflectiveCall(FrameworkMethod.java:50)
	at org.junit.internal.runners.model.ReflectiveCallable.run(ReflectiveCallable.java:12)
	at org.junit.runners.model.FrameworkMethod.invokeExplosively(FrameworkMethod.java:47)
	at org.junit.internal.runners.statements.InvokeMethod.evaluate(InvokeMethod.java:17)
	at org.junit.internal.runners.statements.RunAfters.evaluate(RunAfters.java:27)
	at org.junit.internal.runners.statements.FailOnTimeout$CallableStatement.call(FailOnTimeout.java:298)
	at org.junit.internal.runners.statements.FailOnTimeout$CallableStatement.call(FailOnTimeout.java:292)
	at java.util.concurrent.FutureTask.run(FutureTask.java:266)
	at java.lang.Thread.run(Thread.java:748)
2019-09-24 16:43:14,282 WARN  ratis.RaftTestUtil (JavaUtils.java:attempt(158)) - FAILED "waitForLeader-null-(expectLeader? true)", attempt #40/100: java.lang.IllegalStateException: No leader yet : printing ALL groups
  s3:  RUNNING CANDIDATE s3@group-46F048A18FB7:t3, leader=null, voted=s3, raftlog=s3@group-46F048A18FB7-SegmentedRaftLog:OPENED:c-1,f-1,i0, conf=-1: [s3:0.0.0.0:39188, s4:0.0.0.0:40778, s0:0.0.0.0:42012, s1:0.0.0.0:45336, s2:0.0.0.0:38783], old=null RUNNING
  s4:  RUNNING CANDIDATE s4@group-46F048A18FB7:t3, leader=null, voted=s4, raftlog=s4@group-46F048A18FB7-SegmentedRaftLog:OPENED:c-1,f-1,i0, conf=-1: [s3:0.0.0.0:39188, s4:0.0.0.0:40778, s0:0.0.0.0:42012, s1:0.0.0.0:45336, s2:0.0.0.0:38783], old=null RUNNING
  s0:  RUNNING CANDIDATE s0@group-46F048A18FB7:t3, leader=null, voted=s0, raftlog=s0@group-46F048A18FB7-SegmentedRaftLog:OPENED:c-1,f-1,i0, conf=-1: [s3:0.0.0.0:39188, s4:0.0.0.0:40778, s0:0.0.0.0:42012, s1:0.0.0.0:45336, s2:0.0.0.0:38783], old=null RUNNING
  s1:  RUNNING CANDIDATE s1@group-46F048A18FB7:t3, leader=null, voted=s1, raftlog=s1@group-46F048A18FB7-SegmentedRaftLog:OPENED:c-1,f-1,i0, conf=-1: [s3:0.0.0.0:39188, s4:0.0.0.0:40778, s0:0.0.0.0:42012, s1:0.0.0.0:45336, s2:0.0.0.0:38783], old=null RUNNING
  s2:  RUNNING CANDIDATE s2@group-46F048A18FB7:t3, leader=null, voted=s2, raftlog=s2@group-46F048A18FB7-SegmentedRaftLog:OPENED:c-1,f-1,i0, conf=-1: [s3:0.0.0.0:39188, s4:0.0.0.0:40778, s0:0.0.0.0:42012, s1:0.0.0.0:45336, s2:0.0.0.0:38783], old=null RUNNING, sleep 450ms and then retry.
java.lang.IllegalStateException: No leader yet : printing ALL groups
  s3:  RUNNING CANDIDATE s3@group-46F048A18FB7:t3, leader=null, voted=s3, raftlog=s3@group-46F048A18FB7-SegmentedRaftLog:OPENED:c-1,f-1,i0, conf=-1: [s3:0.0.0.0:39188, s4:0.0.0.0:40778, s0:0.0.0.0:42012, s1:0.0.0.0:45336, s2:0.0.0.0:38783], old=null RUNNING
  s4:  RUNNING CANDIDATE s4@group-46F048A18FB7:t3, leader=null, voted=s4, raftlog=s4@group-46F048A18FB7-SegmentedRaftLog:OPENED:c-1,f-1,i0, conf=-1: [s3:0.0.0.0:39188, s4:0.0.0.0:40778, s0:0.0.0.0:42012, s1:0.0.0.0:45336, s2:0.0.0.0:38783], old=null RUNNING
  s0:  RUNNING CANDIDATE s0@group-46F048A18FB7:t3, leader=null, voted=s0, raftlog=s0@group-46F048A18FB7-SegmentedRaftLog:OPENED:c-1,f-1,i0, conf=-1: [s3:0.0.0.0:39188, s4:0.0.0.0:40778, s0:0.0.0.0:42012, s1:0.0.0.0:45336, s2:0.0.0.0:38783], old=null RUNNING
  s1:  RUNNING CANDIDATE s1@group-46F048A18FB7:t3, leader=null, voted=s1, raftlog=s1@group-46F048A18FB7-SegmentedRaftLog:OPENED:c-1,f-1,i0, conf=-1: [s3:0.0.0.0:39188, s4:0.0.0.0:40778, s0:0.0.0.0:42012, s1:0.0.0.0:45336, s2:0.0.0.0:38783], old=null RUNNING
  s2:  RUNNING CANDIDATE s2@group-46F048A18FB7:t3, leader=null, voted=s2, raftlog=s2@group-46F048A18FB7-SegmentedRaftLog:OPENED:c-1,f-1,i0, conf=-1: [s3:0.0.0.0:39188, s4:0.0.0.0:40778, s0:0.0.0.0:42012, s1:0.0.0.0:45336, s2:0.0.0.0:38783], old=null RUNNING
	at org.apache.ratis.MiniRaftCluster.newIllegalStateExceptionForNoLeaders(MiniRaftCluster.java:506)
	at org.apache.ratis.RaftTestUtil.lambda$waitForLeader$1(RaftTestUtil.java:90)
	at org.apache.ratis.MiniRaftCluster.getLeader(MiniRaftCluster.java:539)
	at org.apache.ratis.MiniRaftCluster.getLeader(MiniRaftCluster.java:532)
	at org.apache.ratis.RaftTestUtil.lambda$waitForLeader$3(RaftTestUtil.java:98)
	at org.apache.ratis.util.JavaUtils.attempt(JavaUtils.java:152)
	at org.apache.ratis.RaftTestUtil.waitForLeader(RaftTestUtil.java:97)
	at org.apache.ratis.RaftTestUtil.waitForLeader(RaftTestUtil.java:77)
	at org.apache.ratis.RaftTestUtil.waitForLeader(RaftTestUtil.java:72)
	at org.apache.ratis.RaftBasicTests.testWithLoad(RaftBasicTests.java:336)
	at org.apache.ratis.RaftBasicTests.lambda$testWithLoad$10(RaftBasicTests.java:328)
	at org.apache.ratis.MiniRaftCluster$Factory$Get.runWithNewCluster(MiniRaftCluster.java:125)
	at org.apache.ratis.MiniRaftCluster$Factory$Get.runWithNewCluster(MiniRaftCluster.java:113)
	at org.apache.ratis.RaftBasicTests.testWithLoad(RaftBasicTests.java:328)
	at org.apache.ratis.netty.TestRaftWithNetty.testWithLoad(TestRaftWithNetty.java:31)
	at sun.reflect.NativeMethodAccessorImpl.invoke0(Native Method)
	at sun.reflect.NativeMethodAccessorImpl.invoke(NativeMethodAccessorImpl.java:62)
	at sun.reflect.DelegatingMethodAccessorImpl.invoke(DelegatingMethodAccessorImpl.java:43)
	at java.lang.reflect.Method.invoke(Method.java:498)
	at org.junit.runners.model.FrameworkMethod$1.runReflectiveCall(FrameworkMethod.java:50)
	at org.junit.internal.runners.model.ReflectiveCallable.run(ReflectiveCallable.java:12)
	at org.junit.runners.model.FrameworkMethod.invokeExplosively(FrameworkMethod.java:47)
	at org.junit.internal.runners.statements.InvokeMethod.evaluate(InvokeMethod.java:17)
	at org.junit.internal.runners.statements.RunAfters.evaluate(RunAfters.java:27)
	at org.junit.internal.runners.statements.FailOnTimeout$CallableStatement.call(FailOnTimeout.java:298)
	at org.junit.internal.runners.statements.FailOnTimeout$CallableStatement.call(FailOnTimeout.java:292)
	at java.util.concurrent.FutureTask.run(FutureTask.java:266)
	at java.lang.Thread.run(Thread.java:748)
2019-09-24 16:43:14,737 WARN  ratis.RaftTestUtil (JavaUtils.java:attempt(158)) - FAILED "waitForLeader-null-(expectLeader? true)", attempt #41/100: java.lang.IllegalStateException: No leader yet : printing ALL groups
  s3:  RUNNING CANDIDATE s3@group-46F048A18FB7:t3, leader=null, voted=s3, raftlog=s3@group-46F048A18FB7-SegmentedRaftLog:OPENED:c-1,f-1,i0, conf=-1: [s3:0.0.0.0:39188, s4:0.0.0.0:40778, s0:0.0.0.0:42012, s1:0.0.0.0:45336, s2:0.0.0.0:38783], old=null RUNNING
  s4:  RUNNING CANDIDATE s4@group-46F048A18FB7:t3, leader=null, voted=s4, raftlog=s4@group-46F048A18FB7-SegmentedRaftLog:OPENED:c-1,f-1,i0, conf=-1: [s3:0.0.0.0:39188, s4:0.0.0.0:40778, s0:0.0.0.0:42012, s1:0.0.0.0:45336, s2:0.0.0.0:38783], old=null RUNNING
  s0:  RUNNING CANDIDATE s0@group-46F048A18FB7:t3, leader=null, voted=s0, raftlog=s0@group-46F048A18FB7-SegmentedRaftLog:OPENED:c-1,f-1,i0, conf=-1: [s3:0.0.0.0:39188, s4:0.0.0.0:40778, s0:0.0.0.0:42012, s1:0.0.0.0:45336, s2:0.0.0.0:38783], old=null RUNNING
  s1:  RUNNING CANDIDATE s1@group-46F048A18FB7:t3, leader=null, voted=s1, raftlog=s1@group-46F048A18FB7-SegmentedRaftLog:OPENED:c-1,f-1,i0, conf=-1: [s3:0.0.0.0:39188, s4:0.0.0.0:40778, s0:0.0.0.0:42012, s1:0.0.0.0:45336, s2:0.0.0.0:38783], old=null RUNNING
  s2:  RUNNING CANDIDATE s2@group-46F048A18FB7:t3, leader=null, voted=s2, raftlog=s2@group-46F048A18FB7-SegmentedRaftLog:OPENED:c-1,f-1,i0, conf=-1: [s3:0.0.0.0:39188, s4:0.0.0.0:40778, s0:0.0.0.0:42012, s1:0.0.0.0:45336, s2:0.0.0.0:38783], old=null RUNNING, sleep 450ms and then retry.
java.lang.IllegalStateException: No leader yet : printing ALL groups
  s3:  RUNNING CANDIDATE s3@group-46F048A18FB7:t3, leader=null, voted=s3, raftlog=s3@group-46F048A18FB7-SegmentedRaftLog:OPENED:c-1,f-1,i0, conf=-1: [s3:0.0.0.0:39188, s4:0.0.0.0:40778, s0:0.0.0.0:42012, s1:0.0.0.0:45336, s2:0.0.0.0:38783], old=null RUNNING
  s4:  RUNNING CANDIDATE s4@group-46F048A18FB7:t3, leader=null, voted=s4, raftlog=s4@group-46F048A18FB7-SegmentedRaftLog:OPENED:c-1,f-1,i0, conf=-1: [s3:0.0.0.0:39188, s4:0.0.0.0:40778, s0:0.0.0.0:42012, s1:0.0.0.0:45336, s2:0.0.0.0:38783], old=null RUNNING
  s0:  RUNNING CANDIDATE s0@group-46F048A18FB7:t3, leader=null, voted=s0, raftlog=s0@group-46F048A18FB7-SegmentedRaftLog:OPENED:c-1,f-1,i0, conf=-1: [s3:0.0.0.0:39188, s4:0.0.0.0:40778, s0:0.0.0.0:42012, s1:0.0.0.0:45336, s2:0.0.0.0:38783], old=null RUNNING
  s1:  RUNNING CANDIDATE s1@group-46F048A18FB7:t3, leader=null, voted=s1, raftlog=s1@group-46F048A18FB7-SegmentedRaftLog:OPENED:c-1,f-1,i0, conf=-1: [s3:0.0.0.0:39188, s4:0.0.0.0:40778, s0:0.0.0.0:42012, s1:0.0.0.0:45336, s2:0.0.0.0:38783], old=null RUNNING
  s2:  RUNNING CANDIDATE s2@group-46F048A18FB7:t3, leader=null, voted=s2, raftlog=s2@group-46F048A18FB7-SegmentedRaftLog:OPENED:c-1,f-1,i0, conf=-1: [s3:0.0.0.0:39188, s4:0.0.0.0:40778, s0:0.0.0.0:42012, s1:0.0.0.0:45336, s2:0.0.0.0:38783], old=null RUNNING
	at org.apache.ratis.MiniRaftCluster.newIllegalStateExceptionForNoLeaders(MiniRaftCluster.java:506)
	at org.apache.ratis.RaftTestUtil.lambda$waitForLeader$1(RaftTestUtil.java:90)
	at org.apache.ratis.MiniRaftCluster.getLeader(MiniRaftCluster.java:539)
	at org.apache.ratis.MiniRaftCluster.getLeader(MiniRaftCluster.java:532)
	at org.apache.ratis.RaftTestUtil.lambda$waitForLeader$3(RaftTestUtil.java:98)
	at org.apache.ratis.util.JavaUtils.attempt(JavaUtils.java:152)
	at org.apache.ratis.RaftTestUtil.waitForLeader(RaftTestUtil.java:97)
	at org.apache.ratis.RaftTestUtil.waitForLeader(RaftTestUtil.java:77)
	at org.apache.ratis.RaftTestUtil.waitForLeader(RaftTestUtil.java:72)
	at org.apache.ratis.RaftBasicTests.testWithLoad(RaftBasicTests.java:336)
	at org.apache.ratis.RaftBasicTests.lambda$testWithLoad$10(RaftBasicTests.java:328)
	at org.apache.ratis.MiniRaftCluster$Factory$Get.runWithNewCluster(MiniRaftCluster.java:125)
	at org.apache.ratis.MiniRaftCluster$Factory$Get.runWithNewCluster(MiniRaftCluster.java:113)
	at org.apache.ratis.RaftBasicTests.testWithLoad(RaftBasicTests.java:328)
	at org.apache.ratis.netty.TestRaftWithNetty.testWithLoad(TestRaftWithNetty.java:31)
	at sun.reflect.NativeMethodAccessorImpl.invoke0(Native Method)
	at sun.reflect.NativeMethodAccessorImpl.invoke(NativeMethodAccessorImpl.java:62)
	at sun.reflect.DelegatingMethodAccessorImpl.invoke(DelegatingMethodAccessorImpl.java:43)
	at java.lang.reflect.Method.invoke(Method.java:498)
	at org.junit.runners.model.FrameworkMethod$1.runReflectiveCall(FrameworkMethod.java:50)
	at org.junit.internal.runners.model.ReflectiveCallable.run(ReflectiveCallable.java:12)
	at org.junit.runners.model.FrameworkMethod.invokeExplosively(FrameworkMethod.java:47)
	at org.junit.internal.runners.statements.InvokeMethod.evaluate(InvokeMethod.java:17)
	at org.junit.internal.runners.statements.RunAfters.evaluate(RunAfters.java:27)
	at org.junit.internal.runners.statements.FailOnTimeout$CallableStatement.call(FailOnTimeout.java:298)
	at org.junit.internal.runners.statements.FailOnTimeout$CallableStatement.call(FailOnTimeout.java:292)
	at java.util.concurrent.FutureTask.run(FutureTask.java:266)
	at java.lang.Thread.run(Thread.java:748)
2019-09-24 16:43:15,189 WARN  ratis.RaftTestUtil (JavaUtils.java:attempt(158)) - FAILED "waitForLeader-null-(expectLeader? true)", attempt #42/100: java.lang.IllegalStateException: No leader yet : printing ALL groups
  s3:  RUNNING CANDIDATE s3@group-46F048A18FB7:t3, leader=null, voted=s3, raftlog=s3@group-46F048A18FB7-SegmentedRaftLog:OPENED:c-1,f-1,i0, conf=-1: [s3:0.0.0.0:39188, s4:0.0.0.0:40778, s0:0.0.0.0:42012, s1:0.0.0.0:45336, s2:0.0.0.0:38783], old=null RUNNING
  s4:  RUNNING CANDIDATE s4@group-46F048A18FB7:t3, leader=null, voted=s4, raftlog=s4@group-46F048A18FB7-SegmentedRaftLog:OPENED:c-1,f-1,i0, conf=-1: [s3:0.0.0.0:39188, s4:0.0.0.0:40778, s0:0.0.0.0:42012, s1:0.0.0.0:45336, s2:0.0.0.0:38783], old=null RUNNING
  s0:  RUNNING CANDIDATE s0@group-46F048A18FB7:t3, leader=null, voted=s0, raftlog=s0@group-46F048A18FB7-SegmentedRaftLog:OPENED:c-1,f-1,i0, conf=-1: [s3:0.0.0.0:39188, s4:0.0.0.0:40778, s0:0.0.0.0:42012, s1:0.0.0.0:45336, s2:0.0.0.0:38783], old=null RUNNING
  s1:  RUNNING CANDIDATE s1@group-46F048A18FB7:t3, leader=null, voted=s1, raftlog=s1@group-46F048A18FB7-SegmentedRaftLog:OPENED:c-1,f-1,i0, conf=-1: [s3:0.0.0.0:39188, s4:0.0.0.0:40778, s0:0.0.0.0:42012, s1:0.0.0.0:45336, s2:0.0.0.0:38783], old=null RUNNING
  s2:  RUNNING CANDIDATE s2@group-46F048A18FB7:t3, leader=null, voted=s2, raftlog=s2@group-46F048A18FB7-SegmentedRaftLog:OPENED:c-1,f-1,i0, conf=-1: [s3:0.0.0.0:39188, s4:0.0.0.0:40778, s0:0.0.0.0:42012, s1:0.0.0.0:45336, s2:0.0.0.0:38783], old=null RUNNING, sleep 450ms and then retry.
java.lang.IllegalStateException: No leader yet : printing ALL groups
  s3:  RUNNING CANDIDATE s3@group-46F048A18FB7:t3, leader=null, voted=s3, raftlog=s3@group-46F048A18FB7-SegmentedRaftLog:OPENED:c-1,f-1,i0, conf=-1: [s3:0.0.0.0:39188, s4:0.0.0.0:40778, s0:0.0.0.0:42012, s1:0.0.0.0:45336, s2:0.0.0.0:38783], old=null RUNNING
  s4:  RUNNING CANDIDATE s4@group-46F048A18FB7:t3, leader=null, voted=s4, raftlog=s4@group-46F048A18FB7-SegmentedRaftLog:OPENED:c-1,f-1,i0, conf=-1: [s3:0.0.0.0:39188, s4:0.0.0.0:40778, s0:0.0.0.0:42012, s1:0.0.0.0:45336, s2:0.0.0.0:38783], old=null RUNNING
  s0:  RUNNING CANDIDATE s0@group-46F048A18FB7:t3, leader=null, voted=s0, raftlog=s0@group-46F048A18FB7-SegmentedRaftLog:OPENED:c-1,f-1,i0, conf=-1: [s3:0.0.0.0:39188, s4:0.0.0.0:40778, s0:0.0.0.0:42012, s1:0.0.0.0:45336, s2:0.0.0.0:38783], old=null RUNNING
  s1:  RUNNING CANDIDATE s1@group-46F048A18FB7:t3, leader=null, voted=s1, raftlog=s1@group-46F048A18FB7-SegmentedRaftLog:OPENED:c-1,f-1,i0, conf=-1: [s3:0.0.0.0:39188, s4:0.0.0.0:40778, s0:0.0.0.0:42012, s1:0.0.0.0:45336, s2:0.0.0.0:38783], old=null RUNNING
  s2:  RUNNING CANDIDATE s2@group-46F048A18FB7:t3, leader=null, voted=s2, raftlog=s2@group-46F048A18FB7-SegmentedRaftLog:OPENED:c-1,f-1,i0, conf=-1: [s3:0.0.0.0:39188, s4:0.0.0.0:40778, s0:0.0.0.0:42012, s1:0.0.0.0:45336, s2:0.0.0.0:38783], old=null RUNNING
	at org.apache.ratis.MiniRaftCluster.newIllegalStateExceptionForNoLeaders(MiniRaftCluster.java:506)
	at org.apache.ratis.RaftTestUtil.lambda$waitForLeader$1(RaftTestUtil.java:90)
	at org.apache.ratis.MiniRaftCluster.getLeader(MiniRaftCluster.java:539)
	at org.apache.ratis.MiniRaftCluster.getLeader(MiniRaftCluster.java:532)
	at org.apache.ratis.RaftTestUtil.lambda$waitForLeader$3(RaftTestUtil.java:98)
	at org.apache.ratis.util.JavaUtils.attempt(JavaUtils.java:152)
	at org.apache.ratis.RaftTestUtil.waitForLeader(RaftTestUtil.java:97)
	at org.apache.ratis.RaftTestUtil.waitForLeader(RaftTestUtil.java:77)
	at org.apache.ratis.RaftTestUtil.waitForLeader(RaftTestUtil.java:72)
	at org.apache.ratis.RaftBasicTests.testWithLoad(RaftBasicTests.java:336)
	at org.apache.ratis.RaftBasicTests.lambda$testWithLoad$10(RaftBasicTests.java:328)
	at org.apache.ratis.MiniRaftCluster$Factory$Get.runWithNewCluster(MiniRaftCluster.java:125)
	at org.apache.ratis.MiniRaftCluster$Factory$Get.runWithNewCluster(MiniRaftCluster.java:113)
	at org.apache.ratis.RaftBasicTests.testWithLoad(RaftBasicTests.java:328)
	at org.apache.ratis.netty.TestRaftWithNetty.testWithLoad(TestRaftWithNetty.java:31)
	at sun.reflect.NativeMethodAccessorImpl.invoke0(Native Method)
	at sun.reflect.NativeMethodAccessorImpl.invoke(NativeMethodAccessorImpl.java:62)
	at sun.reflect.DelegatingMethodAccessorImpl.invoke(DelegatingMethodAccessorImpl.java:43)
	at java.lang.reflect.Method.invoke(Method.java:498)
	at org.junit.runners.model.FrameworkMethod$1.runReflectiveCall(FrameworkMethod.java:50)
	at org.junit.internal.runners.model.ReflectiveCallable.run(ReflectiveCallable.java:12)
	at org.junit.runners.model.FrameworkMethod.invokeExplosively(FrameworkMethod.java:47)
	at org.junit.internal.runners.statements.InvokeMethod.evaluate(InvokeMethod.java:17)
	at org.junit.internal.runners.statements.RunAfters.evaluate(RunAfters.java:27)
	at org.junit.internal.runners.statements.FailOnTimeout$CallableStatement.call(FailOnTimeout.java:298)
	at org.junit.internal.runners.statements.FailOnTimeout$CallableStatement.call(FailOnTimeout.java:292)
	at java.util.concurrent.FutureTask.run(FutureTask.java:266)
	at java.lang.Thread.run(Thread.java:748)
2019-09-24 16:43:15,642 WARN  ratis.RaftTestUtil (JavaUtils.java:attempt(158)) - FAILED "waitForLeader-null-(expectLeader? true)", attempt #43/100: java.lang.IllegalStateException: No leader yet : printing ALL groups
  s3:  RUNNING CANDIDATE s3@group-46F048A18FB7:t3, leader=null, voted=s3, raftlog=s3@group-46F048A18FB7-SegmentedRaftLog:OPENED:c-1,f-1,i0, conf=-1: [s3:0.0.0.0:39188, s4:0.0.0.0:40778, s0:0.0.0.0:42012, s1:0.0.0.0:45336, s2:0.0.0.0:38783], old=null RUNNING
  s4:  RUNNING CANDIDATE s4@group-46F048A18FB7:t3, leader=null, voted=s4, raftlog=s4@group-46F048A18FB7-SegmentedRaftLog:OPENED:c-1,f-1,i0, conf=-1: [s3:0.0.0.0:39188, s4:0.0.0.0:40778, s0:0.0.0.0:42012, s1:0.0.0.0:45336, s2:0.0.0.0:38783], old=null RUNNING
  s0:  RUNNING CANDIDATE s0@group-46F048A18FB7:t3, leader=null, voted=s0, raftlog=s0@group-46F048A18FB7-SegmentedRaftLog:OPENED:c-1,f-1,i0, conf=-1: [s3:0.0.0.0:39188, s4:0.0.0.0:40778, s0:0.0.0.0:42012, s1:0.0.0.0:45336, s2:0.0.0.0:38783], old=null RUNNING
  s1:  RUNNING CANDIDATE s1@group-46F048A18FB7:t3, leader=null, voted=s1, raftlog=s1@group-46F048A18FB7-SegmentedRaftLog:OPENED:c-1,f-1,i0, conf=-1: [s3:0.0.0.0:39188, s4:0.0.0.0:40778, s0:0.0.0.0:42012, s1:0.0.0.0:45336, s2:0.0.0.0:38783], old=null RUNNING
  s2:  RUNNING CANDIDATE s2@group-46F048A18FB7:t3, leader=null, voted=s2, raftlog=s2@group-46F048A18FB7-SegmentedRaftLog:OPENED:c-1,f-1,i0, conf=-1: [s3:0.0.0.0:39188, s4:0.0.0.0:40778, s0:0.0.0.0:42012, s1:0.0.0.0:45336, s2:0.0.0.0:38783], old=null RUNNING, sleep 450ms and then retry.
java.lang.IllegalStateException: No leader yet : printing ALL groups
  s3:  RUNNING CANDIDATE s3@group-46F048A18FB7:t3, leader=null, voted=s3, raftlog=s3@group-46F048A18FB7-SegmentedRaftLog:OPENED:c-1,f-1,i0, conf=-1: [s3:0.0.0.0:39188, s4:0.0.0.0:40778, s0:0.0.0.0:42012, s1:0.0.0.0:45336, s2:0.0.0.0:38783], old=null RUNNING
  s4:  RUNNING CANDIDATE s4@group-46F048A18FB7:t3, leader=null, voted=s4, raftlog=s4@group-46F048A18FB7-SegmentedRaftLog:OPENED:c-1,f-1,i0, conf=-1: [s3:0.0.0.0:39188, s4:0.0.0.0:40778, s0:0.0.0.0:42012, s1:0.0.0.0:45336, s2:0.0.0.0:38783], old=null RUNNING
  s0:  RUNNING CANDIDATE s0@group-46F048A18FB7:t3, leader=null, voted=s0, raftlog=s0@group-46F048A18FB7-SegmentedRaftLog:OPENED:c-1,f-1,i0, conf=-1: [s3:0.0.0.0:39188, s4:0.0.0.0:40778, s0:0.0.0.0:42012, s1:0.0.0.0:45336, s2:0.0.0.0:38783], old=null RUNNING
  s1:  RUNNING CANDIDATE s1@group-46F048A18FB7:t3, leader=null, voted=s1, raftlog=s1@group-46F048A18FB7-SegmentedRaftLog:OPENED:c-1,f-1,i0, conf=-1: [s3:0.0.0.0:39188, s4:0.0.0.0:40778, s0:0.0.0.0:42012, s1:0.0.0.0:45336, s2:0.0.0.0:38783], old=null RUNNING
  s2:  RUNNING CANDIDATE s2@group-46F048A18FB7:t3, leader=null, voted=s2, raftlog=s2@group-46F048A18FB7-SegmentedRaftLog:OPENED:c-1,f-1,i0, conf=-1: [s3:0.0.0.0:39188, s4:0.0.0.0:40778, s0:0.0.0.0:42012, s1:0.0.0.0:45336, s2:0.0.0.0:38783], old=null RUNNING
	at org.apache.ratis.MiniRaftCluster.newIllegalStateExceptionForNoLeaders(MiniRaftCluster.java:506)
	at org.apache.ratis.RaftTestUtil.lambda$waitForLeader$1(RaftTestUtil.java:90)
	at org.apache.ratis.MiniRaftCluster.getLeader(MiniRaftCluster.java:539)
	at org.apache.ratis.MiniRaftCluster.getLeader(MiniRaftCluster.java:532)
	at org.apache.ratis.RaftTestUtil.lambda$waitForLeader$3(RaftTestUtil.java:98)
	at org.apache.ratis.util.JavaUtils.attempt(JavaUtils.java:152)
	at org.apache.ratis.RaftTestUtil.waitForLeader(RaftTestUtil.java:97)
	at org.apache.ratis.RaftTestUtil.waitForLeader(RaftTestUtil.java:77)
	at org.apache.ratis.RaftTestUtil.waitForLeader(RaftTestUtil.java:72)
	at org.apache.ratis.RaftBasicTests.testWithLoad(RaftBasicTests.java:336)
	at org.apache.ratis.RaftBasicTests.lambda$testWithLoad$10(RaftBasicTests.java:328)
	at org.apache.ratis.MiniRaftCluster$Factory$Get.runWithNewCluster(MiniRaftCluster.java:125)
	at org.apache.ratis.MiniRaftCluster$Factory$Get.runWithNewCluster(MiniRaftCluster.java:113)
	at org.apache.ratis.RaftBasicTests.testWithLoad(RaftBasicTests.java:328)
	at org.apache.ratis.netty.TestRaftWithNetty.testWithLoad(TestRaftWithNetty.java:31)
	at sun.reflect.NativeMethodAccessorImpl.invoke0(Native Method)
	at sun.reflect.NativeMethodAccessorImpl.invoke(NativeMethodAccessorImpl.java:62)
	at sun.reflect.DelegatingMethodAccessorImpl.invoke(DelegatingMethodAccessorImpl.java:43)
	at java.lang.reflect.Method.invoke(Method.java:498)
	at org.junit.runners.model.FrameworkMethod$1.runReflectiveCall(FrameworkMethod.java:50)
	at org.junit.internal.runners.model.ReflectiveCallable.run(ReflectiveCallable.java:12)
	at org.junit.runners.model.FrameworkMethod.invokeExplosively(FrameworkMethod.java:47)
	at org.junit.internal.runners.statements.InvokeMethod.evaluate(InvokeMethod.java:17)
	at org.junit.internal.runners.statements.RunAfters.evaluate(RunAfters.java:27)
	at org.junit.internal.runners.statements.FailOnTimeout$CallableStatement.call(FailOnTimeout.java:298)
	at org.junit.internal.runners.statements.FailOnTimeout$CallableStatement.call(FailOnTimeout.java:292)
	at java.util.concurrent.FutureTask.run(FutureTask.java:266)
	at java.lang.Thread.run(Thread.java:748)
2019-09-24 16:43:16,093 WARN  ratis.RaftTestUtil (JavaUtils.java:attempt(158)) - FAILED "waitForLeader-null-(expectLeader? true)", attempt #44/100: java.lang.IllegalStateException: No leader yet : printing ALL groups
  s3:  RUNNING CANDIDATE s3@group-46F048A18FB7:t3, leader=null, voted=s3, raftlog=s3@group-46F048A18FB7-SegmentedRaftLog:OPENED:c-1,f-1,i0, conf=-1: [s3:0.0.0.0:39188, s4:0.0.0.0:40778, s0:0.0.0.0:42012, s1:0.0.0.0:45336, s2:0.0.0.0:38783], old=null RUNNING
  s4:  RUNNING CANDIDATE s4@group-46F048A18FB7:t3, leader=null, voted=s4, raftlog=s4@group-46F048A18FB7-SegmentedRaftLog:OPENED:c-1,f-1,i0, conf=-1: [s3:0.0.0.0:39188, s4:0.0.0.0:40778, s0:0.0.0.0:42012, s1:0.0.0.0:45336, s2:0.0.0.0:38783], old=null RUNNING
  s0:  RUNNING CANDIDATE s0@group-46F048A18FB7:t3, leader=null, voted=s0, raftlog=s0@group-46F048A18FB7-SegmentedRaftLog:OPENED:c-1,f-1,i0, conf=-1: [s3:0.0.0.0:39188, s4:0.0.0.0:40778, s0:0.0.0.0:42012, s1:0.0.0.0:45336, s2:0.0.0.0:38783], old=null RUNNING
  s1:  RUNNING CANDIDATE s1@group-46F048A18FB7:t3, leader=null, voted=s1, raftlog=s1@group-46F048A18FB7-SegmentedRaftLog:OPENED:c-1,f-1,i0, conf=-1: [s3:0.0.0.0:39188, s4:0.0.0.0:40778, s0:0.0.0.0:42012, s1:0.0.0.0:45336, s2:0.0.0.0:38783], old=null RUNNING
  s2:  RUNNING CANDIDATE s2@group-46F048A18FB7:t3, leader=null, voted=s2, raftlog=s2@group-46F048A18FB7-SegmentedRaftLog:OPENED:c-1,f-1,i0, conf=-1: [s3:0.0.0.0:39188, s4:0.0.0.0:40778, s0:0.0.0.0:42012, s1:0.0.0.0:45336, s2:0.0.0.0:38783], old=null RUNNING, sleep 450ms and then retry.
java.lang.IllegalStateException: No leader yet : printing ALL groups
  s3:  RUNNING CANDIDATE s3@group-46F048A18FB7:t3, leader=null, voted=s3, raftlog=s3@group-46F048A18FB7-SegmentedRaftLog:OPENED:c-1,f-1,i0, conf=-1: [s3:0.0.0.0:39188, s4:0.0.0.0:40778, s0:0.0.0.0:42012, s1:0.0.0.0:45336, s2:0.0.0.0:38783], old=null RUNNING
  s4:  RUNNING CANDIDATE s4@group-46F048A18FB7:t3, leader=null, voted=s4, raftlog=s4@group-46F048A18FB7-SegmentedRaftLog:OPENED:c-1,f-1,i0, conf=-1: [s3:0.0.0.0:39188, s4:0.0.0.0:40778, s0:0.0.0.0:42012, s1:0.0.0.0:45336, s2:0.0.0.0:38783], old=null RUNNING
  s0:  RUNNING CANDIDATE s0@group-46F048A18FB7:t3, leader=null, voted=s0, raftlog=s0@group-46F048A18FB7-SegmentedRaftLog:OPENED:c-1,f-1,i0, conf=-1: [s3:0.0.0.0:39188, s4:0.0.0.0:40778, s0:0.0.0.0:42012, s1:0.0.0.0:45336, s2:0.0.0.0:38783], old=null RUNNING
  s1:  RUNNING CANDIDATE s1@group-46F048A18FB7:t3, leader=null, voted=s1, raftlog=s1@group-46F048A18FB7-SegmentedRaftLog:OPENED:c-1,f-1,i0, conf=-1: [s3:0.0.0.0:39188, s4:0.0.0.0:40778, s0:0.0.0.0:42012, s1:0.0.0.0:45336, s2:0.0.0.0:38783], old=null RUNNING
  s2:  RUNNING CANDIDATE s2@group-46F048A18FB7:t3, leader=null, voted=s2, raftlog=s2@group-46F048A18FB7-SegmentedRaftLog:OPENED:c-1,f-1,i0, conf=-1: [s3:0.0.0.0:39188, s4:0.0.0.0:40778, s0:0.0.0.0:42012, s1:0.0.0.0:45336, s2:0.0.0.0:38783], old=null RUNNING
	at org.apache.ratis.MiniRaftCluster.newIllegalStateExceptionForNoLeaders(MiniRaftCluster.java:506)
	at org.apache.ratis.RaftTestUtil.lambda$waitForLeader$1(RaftTestUtil.java:90)
	at org.apache.ratis.MiniRaftCluster.getLeader(MiniRaftCluster.java:539)
	at org.apache.ratis.MiniRaftCluster.getLeader(MiniRaftCluster.java:532)
	at org.apache.ratis.RaftTestUtil.lambda$waitForLeader$3(RaftTestUtil.java:98)
	at org.apache.ratis.util.JavaUtils.attempt(JavaUtils.java:152)
	at org.apache.ratis.RaftTestUtil.waitForLeader(RaftTestUtil.java:97)
	at org.apache.ratis.RaftTestUtil.waitForLeader(RaftTestUtil.java:77)
	at org.apache.ratis.RaftTestUtil.waitForLeader(RaftTestUtil.java:72)
	at org.apache.ratis.RaftBasicTests.testWithLoad(RaftBasicTests.java:336)
	at org.apache.ratis.RaftBasicTests.lambda$testWithLoad$10(RaftBasicTests.java:328)
	at org.apache.ratis.MiniRaftCluster$Factory$Get.runWithNewCluster(MiniRaftCluster.java:125)
	at org.apache.ratis.MiniRaftCluster$Factory$Get.runWithNewCluster(MiniRaftCluster.java:113)
	at org.apache.ratis.RaftBasicTests.testWithLoad(RaftBasicTests.java:328)
	at org.apache.ratis.netty.TestRaftWithNetty.testWithLoad(TestRaftWithNetty.java:31)
	at sun.reflect.NativeMethodAccessorImpl.invoke0(Native Method)
	at sun.reflect.NativeMethodAccessorImpl.invoke(NativeMethodAccessorImpl.java:62)
	at sun.reflect.DelegatingMethodAccessorImpl.invoke(DelegatingMethodAccessorImpl.java:43)
	at java.lang.reflect.Method.invoke(Method.java:498)
	at org.junit.runners.model.FrameworkMethod$1.runReflectiveCall(FrameworkMethod.java:50)
	at org.junit.internal.runners.model.ReflectiveCallable.run(ReflectiveCallable.java:12)
	at org.junit.runners.model.FrameworkMethod.invokeExplosively(FrameworkMethod.java:47)
	at org.junit.internal.runners.statements.InvokeMethod.evaluate(InvokeMethod.java:17)
	at org.junit.internal.runners.statements.RunAfters.evaluate(RunAfters.java:27)
	at org.junit.internal.runners.statements.FailOnTimeout$CallableStatement.call(FailOnTimeout.java:298)
	at org.junit.internal.runners.statements.FailOnTimeout$CallableStatement.call(FailOnTimeout.java:292)
	at java.util.concurrent.FutureTask.run(FutureTask.java:266)
	at java.lang.Thread.run(Thread.java:748)
2019-09-24 16:43:16,545 WARN  ratis.RaftTestUtil (JavaUtils.java:attempt(158)) - FAILED "waitForLeader-null-(expectLeader? true)", attempt #45/100: java.lang.IllegalStateException: No leader yet : printing ALL groups
  s3:  RUNNING CANDIDATE s3@group-46F048A18FB7:t3, leader=null, voted=s3, raftlog=s3@group-46F048A18FB7-SegmentedRaftLog:OPENED:c-1,f-1,i0, conf=-1: [s3:0.0.0.0:39188, s4:0.0.0.0:40778, s0:0.0.0.0:42012, s1:0.0.0.0:45336, s2:0.0.0.0:38783], old=null RUNNING
  s4:  RUNNING CANDIDATE s4@group-46F048A18FB7:t3, leader=null, voted=s4, raftlog=s4@group-46F048A18FB7-SegmentedRaftLog:OPENED:c-1,f-1,i0, conf=-1: [s3:0.0.0.0:39188, s4:0.0.0.0:40778, s0:0.0.0.0:42012, s1:0.0.0.0:45336, s2:0.0.0.0:38783], old=null RUNNING
  s0:  RUNNING CANDIDATE s0@group-46F048A18FB7:t3, leader=null, voted=s0, raftlog=s0@group-46F048A18FB7-SegmentedRaftLog:OPENED:c-1,f-1,i0, conf=-1: [s3:0.0.0.0:39188, s4:0.0.0.0:40778, s0:0.0.0.0:42012, s1:0.0.0.0:45336, s2:0.0.0.0:38783], old=null RUNNING
  s1:  RUNNING CANDIDATE s1@group-46F048A18FB7:t3, leader=null, voted=s1, raftlog=s1@group-46F048A18FB7-SegmentedRaftLog:OPENED:c-1,f-1,i0, conf=-1: [s3:0.0.0.0:39188, s4:0.0.0.0:40778, s0:0.0.0.0:42012, s1:0.0.0.0:45336, s2:0.0.0.0:38783], old=null RUNNING
  s2:  RUNNING CANDIDATE s2@group-46F048A18FB7:t3, leader=null, voted=s2, raftlog=s2@group-46F048A18FB7-SegmentedRaftLog:OPENED:c-1,f-1,i0, conf=-1: [s3:0.0.0.0:39188, s4:0.0.0.0:40778, s0:0.0.0.0:42012, s1:0.0.0.0:45336, s2:0.0.0.0:38783], old=null RUNNING, sleep 450ms and then retry.
java.lang.IllegalStateException: No leader yet : printing ALL groups
  s3:  RUNNING CANDIDATE s3@group-46F048A18FB7:t3, leader=null, voted=s3, raftlog=s3@group-46F048A18FB7-SegmentedRaftLog:OPENED:c-1,f-1,i0, conf=-1: [s3:0.0.0.0:39188, s4:0.0.0.0:40778, s0:0.0.0.0:42012, s1:0.0.0.0:45336, s2:0.0.0.0:38783], old=null RUNNING
  s4:  RUNNING CANDIDATE s4@group-46F048A18FB7:t3, leader=null, voted=s4, raftlog=s4@group-46F048A18FB7-SegmentedRaftLog:OPENED:c-1,f-1,i0, conf=-1: [s3:0.0.0.0:39188, s4:0.0.0.0:40778, s0:0.0.0.0:42012, s1:0.0.0.0:45336, s2:0.0.0.0:38783], old=null RUNNING
  s0:  RUNNING CANDIDATE s0@group-46F048A18FB7:t3, leader=null, voted=s0, raftlog=s0@group-46F048A18FB7-SegmentedRaftLog:OPENED:c-1,f-1,i0, conf=-1: [s3:0.0.0.0:39188, s4:0.0.0.0:40778, s0:0.0.0.0:42012, s1:0.0.0.0:45336, s2:0.0.0.0:38783], old=null RUNNING
  s1:  RUNNING CANDIDATE s1@group-46F048A18FB7:t3, leader=null, voted=s1, raftlog=s1@group-46F048A18FB7-SegmentedRaftLog:OPENED:c-1,f-1,i0, conf=-1: [s3:0.0.0.0:39188, s4:0.0.0.0:40778, s0:0.0.0.0:42012, s1:0.0.0.0:45336, s2:0.0.0.0:38783], old=null RUNNING
  s2:  RUNNING CANDIDATE s2@group-46F048A18FB7:t3, leader=null, voted=s2, raftlog=s2@group-46F048A18FB7-SegmentedRaftLog:OPENED:c-1,f-1,i0, conf=-1: [s3:0.0.0.0:39188, s4:0.0.0.0:40778, s0:0.0.0.0:42012, s1:0.0.0.0:45336, s2:0.0.0.0:38783], old=null RUNNING
	at org.apache.ratis.MiniRaftCluster.newIllegalStateExceptionForNoLeaders(MiniRaftCluster.java:506)
	at org.apache.ratis.RaftTestUtil.lambda$waitForLeader$1(RaftTestUtil.java:90)
	at org.apache.ratis.MiniRaftCluster.getLeader(MiniRaftCluster.java:539)
	at org.apache.ratis.MiniRaftCluster.getLeader(MiniRaftCluster.java:532)
	at org.apache.ratis.RaftTestUtil.lambda$waitForLeader$3(RaftTestUtil.java:98)
	at org.apache.ratis.util.JavaUtils.attempt(JavaUtils.java:152)
	at org.apache.ratis.RaftTestUtil.waitForLeader(RaftTestUtil.java:97)
	at org.apache.ratis.RaftTestUtil.waitForLeader(RaftTestUtil.java:77)
	at org.apache.ratis.RaftTestUtil.waitForLeader(RaftTestUtil.java:72)
	at org.apache.ratis.RaftBasicTests.testWithLoad(RaftBasicTests.java:336)
	at org.apache.ratis.RaftBasicTests.lambda$testWithLoad$10(RaftBasicTests.java:328)
	at org.apache.ratis.MiniRaftCluster$Factory$Get.runWithNewCluster(MiniRaftCluster.java:125)
	at org.apache.ratis.MiniRaftCluster$Factory$Get.runWithNewCluster(MiniRaftCluster.java:113)
	at org.apache.ratis.RaftBasicTests.testWithLoad(RaftBasicTests.java:328)
	at org.apache.ratis.netty.TestRaftWithNetty.testWithLoad(TestRaftWithNetty.java:31)
	at sun.reflect.NativeMethodAccessorImpl.invoke0(Native Method)
	at sun.reflect.NativeMethodAccessorImpl.invoke(NativeMethodAccessorImpl.java:62)
	at sun.reflect.DelegatingMethodAccessorImpl.invoke(DelegatingMethodAccessorImpl.java:43)
	at java.lang.reflect.Method.invoke(Method.java:498)
	at org.junit.runners.model.FrameworkMethod$1.runReflectiveCall(FrameworkMethod.java:50)
	at org.junit.internal.runners.model.ReflectiveCallable.run(ReflectiveCallable.java:12)
	at org.junit.runners.model.FrameworkMethod.invokeExplosively(FrameworkMethod.java:47)
	at org.junit.internal.runners.statements.InvokeMethod.evaluate(InvokeMethod.java:17)
	at org.junit.internal.runners.statements.RunAfters.evaluate(RunAfters.java:27)
	at org.junit.internal.runners.statements.FailOnTimeout$CallableStatement.call(FailOnTimeout.java:298)
	at org.junit.internal.runners.statements.FailOnTimeout$CallableStatement.call(FailOnTimeout.java:292)
	at java.util.concurrent.FutureTask.run(FutureTask.java:266)
	at java.lang.Thread.run(Thread.java:748)
2019-09-24 16:43:16,606 INFO  ratis.MiniRaftCluster (MiniRaftCluster.java:lambda$null$5(297)) - TIMED-PRINT: printing ALL groups
  s3:  RUNNING CANDIDATE s3@group-46F048A18FB7:t3, leader=null, voted=s3, raftlog=s3@group-46F048A18FB7-SegmentedRaftLog:OPENED:c-1,f-1,i0, conf=-1: [s3:0.0.0.0:39188, s4:0.0.0.0:40778, s0:0.0.0.0:42012, s1:0.0.0.0:45336, s2:0.0.0.0:38783], old=null RUNNING
  s4:  RUNNING CANDIDATE s4@group-46F048A18FB7:t3, leader=null, voted=s4, raftlog=s4@group-46F048A18FB7-SegmentedRaftLog:OPENED:c-1,f-1,i0, conf=-1: [s3:0.0.0.0:39188, s4:0.0.0.0:40778, s0:0.0.0.0:42012, s1:0.0.0.0:45336, s2:0.0.0.0:38783], old=null RUNNING
  s0:  RUNNING CANDIDATE s0@group-46F048A18FB7:t3, leader=null, voted=s0, raftlog=s0@group-46F048A18FB7-SegmentedRaftLog:OPENED:c-1,f-1,i0, conf=-1: [s3:0.0.0.0:39188, s4:0.0.0.0:40778, s0:0.0.0.0:42012, s1:0.0.0.0:45336, s2:0.0.0.0:38783], old=null RUNNING
  s1:  RUNNING CANDIDATE s1@group-46F048A18FB7:t3, leader=null, voted=s1, raftlog=s1@group-46F048A18FB7-SegmentedRaftLog:OPENED:c-1,f-1,i0, conf=-1: [s3:0.0.0.0:39188, s4:0.0.0.0:40778, s0:0.0.0.0:42012, s1:0.0.0.0:45336, s2:0.0.0.0:38783], old=null RUNNING
  s2:  RUNNING CANDIDATE s2@group-46F048A18FB7:t3, leader=null, voted=s2, raftlog=s2@group-46F048A18FB7-SegmentedRaftLog:OPENED:c-1,f-1,i0, conf=-1: [s3:0.0.0.0:39188, s4:0.0.0.0:40778, s0:0.0.0.0:42012, s1:0.0.0.0:45336, s2:0.0.0.0:38783], old=null RUNNING
2019-09-24 16:43:16,997 WARN  ratis.RaftTestUtil (JavaUtils.java:attempt(158)) - FAILED "waitForLeader-null-(expectLeader? true)", attempt #46/100: java.lang.IllegalStateException: No leader yet : printing ALL groups
  s3:  RUNNING CANDIDATE s3@group-46F048A18FB7:t3, leader=null, voted=s3, raftlog=s3@group-46F048A18FB7-SegmentedRaftLog:OPENED:c-1,f-1,i0, conf=-1: [s3:0.0.0.0:39188, s4:0.0.0.0:40778, s0:0.0.0.0:42012, s1:0.0.0.0:45336, s2:0.0.0.0:38783], old=null RUNNING
  s4:  RUNNING CANDIDATE s4@group-46F048A18FB7:t3, leader=null, voted=s4, raftlog=s4@group-46F048A18FB7-SegmentedRaftLog:OPENED:c-1,f-1,i0, conf=-1: [s3:0.0.0.0:39188, s4:0.0.0.0:40778, s0:0.0.0.0:42012, s1:0.0.0.0:45336, s2:0.0.0.0:38783], old=null RUNNING
  s0:  RUNNING CANDIDATE s0@group-46F048A18FB7:t3, leader=null, voted=s0, raftlog=s0@group-46F048A18FB7-SegmentedRaftLog:OPENED:c-1,f-1,i0, conf=-1: [s3:0.0.0.0:39188, s4:0.0.0.0:40778, s0:0.0.0.0:42012, s1:0.0.0.0:45336, s2:0.0.0.0:38783], old=null RUNNING
  s1:  RUNNING CANDIDATE s1@group-46F048A18FB7:t3, leader=null, voted=s1, raftlog=s1@group-46F048A18FB7-SegmentedRaftLog:OPENED:c-1,f-1,i0, conf=-1: [s3:0.0.0.0:39188, s4:0.0.0.0:40778, s0:0.0.0.0:42012, s1:0.0.0.0:45336, s2:0.0.0.0:38783], old=null RUNNING
  s2:  RUNNING CANDIDATE s2@group-46F048A18FB7:t3, leader=null, voted=s2, raftlog=s2@group-46F048A18FB7-SegmentedRaftLog:OPENED:c-1,f-1,i0, conf=-1: [s3:0.0.0.0:39188, s4:0.0.0.0:40778, s0:0.0.0.0:42012, s1:0.0.0.0:45336, s2:0.0.0.0:38783], old=null RUNNING, sleep 450ms and then retry.
java.lang.IllegalStateException: No leader yet : printing ALL groups
  s3:  RUNNING CANDIDATE s3@group-46F048A18FB7:t3, leader=null, voted=s3, raftlog=s3@group-46F048A18FB7-SegmentedRaftLog:OPENED:c-1,f-1,i0, conf=-1: [s3:0.0.0.0:39188, s4:0.0.0.0:40778, s0:0.0.0.0:42012, s1:0.0.0.0:45336, s2:0.0.0.0:38783], old=null RUNNING
  s4:  RUNNING CANDIDATE s4@group-46F048A18FB7:t3, leader=null, voted=s4, raftlog=s4@group-46F048A18FB7-SegmentedRaftLog:OPENED:c-1,f-1,i0, conf=-1: [s3:0.0.0.0:39188, s4:0.0.0.0:40778, s0:0.0.0.0:42012, s1:0.0.0.0:45336, s2:0.0.0.0:38783], old=null RUNNING
  s0:  RUNNING CANDIDATE s0@group-46F048A18FB7:t3, leader=null, voted=s0, raftlog=s0@group-46F048A18FB7-SegmentedRaftLog:OPENED:c-1,f-1,i0, conf=-1: [s3:0.0.0.0:39188, s4:0.0.0.0:40778, s0:0.0.0.0:42012, s1:0.0.0.0:45336, s2:0.0.0.0:38783], old=null RUNNING
  s1:  RUNNING CANDIDATE s1@group-46F048A18FB7:t3, leader=null, voted=s1, raftlog=s1@group-46F048A18FB7-SegmentedRaftLog:OPENED:c-1,f-1,i0, conf=-1: [s3:0.0.0.0:39188, s4:0.0.0.0:40778, s0:0.0.0.0:42012, s1:0.0.0.0:45336, s2:0.0.0.0:38783], old=null RUNNING
  s2:  RUNNING CANDIDATE s2@group-46F048A18FB7:t3, leader=null, voted=s2, raftlog=s2@group-46F048A18FB7-SegmentedRaftLog:OPENED:c-1,f-1,i0, conf=-1: [s3:0.0.0.0:39188, s4:0.0.0.0:40778, s0:0.0.0.0:42012, s1:0.0.0.0:45336, s2:0.0.0.0:38783], old=null RUNNING
	at org.apache.ratis.MiniRaftCluster.newIllegalStateExceptionForNoLeaders(MiniRaftCluster.java:506)
	at org.apache.ratis.RaftTestUtil.lambda$waitForLeader$1(RaftTestUtil.java:90)
	at org.apache.ratis.MiniRaftCluster.getLeader(MiniRaftCluster.java:539)
	at org.apache.ratis.MiniRaftCluster.getLeader(MiniRaftCluster.java:532)
	at org.apache.ratis.RaftTestUtil.lambda$waitForLeader$3(RaftTestUtil.java:98)
	at org.apache.ratis.util.JavaUtils.attempt(JavaUtils.java:152)
	at org.apache.ratis.RaftTestUtil.waitForLeader(RaftTestUtil.java:97)
	at org.apache.ratis.RaftTestUtil.waitForLeader(RaftTestUtil.java:77)
	at org.apache.ratis.RaftTestUtil.waitForLeader(RaftTestUtil.java:72)
	at org.apache.ratis.RaftBasicTests.testWithLoad(RaftBasicTests.java:336)
	at org.apache.ratis.RaftBasicTests.lambda$testWithLoad$10(RaftBasicTests.java:328)
	at org.apache.ratis.MiniRaftCluster$Factory$Get.runWithNewCluster(MiniRaftCluster.java:125)
	at org.apache.ratis.MiniRaftCluster$Factory$Get.runWithNewCluster(MiniRaftCluster.java:113)
	at org.apache.ratis.RaftBasicTests.testWithLoad(RaftBasicTests.java:328)
	at org.apache.ratis.netty.TestRaftWithNetty.testWithLoad(TestRaftWithNetty.java:31)
	at sun.reflect.NativeMethodAccessorImpl.invoke0(Native Method)
	at sun.reflect.NativeMethodAccessorImpl.invoke(NativeMethodAccessorImpl.java:62)
	at sun.reflect.DelegatingMethodAccessorImpl.invoke(DelegatingMethodAccessorImpl.java:43)
	at java.lang.reflect.Method.invoke(Method.java:498)
	at org.junit.runners.model.FrameworkMethod$1.runReflectiveCall(FrameworkMethod.java:50)
	at org.junit.internal.runners.model.ReflectiveCallable.run(ReflectiveCallable.java:12)
	at org.junit.runners.model.FrameworkMethod.invokeExplosively(FrameworkMethod.java:47)
	at org.junit.internal.runners.statements.InvokeMethod.evaluate(InvokeMethod.java:17)
	at org.junit.internal.runners.statements.RunAfters.evaluate(RunAfters.java:27)
	at org.junit.internal.runners.statements.FailOnTimeout$CallableStatement.call(FailOnTimeout.java:298)
	at org.junit.internal.runners.statements.FailOnTimeout$CallableStatement.call(FailOnTimeout.java:292)
	at java.util.concurrent.FutureTask.run(FutureTask.java:266)
	at java.lang.Thread.run(Thread.java:748)
2019-09-24 16:43:17,450 WARN  ratis.RaftTestUtil (JavaUtils.java:attempt(158)) - FAILED "waitForLeader-null-(expectLeader? true)", attempt #47/100: java.lang.IllegalStateException: No leader yet : printing ALL groups
  s3:  RUNNING CANDIDATE s3@group-46F048A18FB7:t3, leader=null, voted=s3, raftlog=s3@group-46F048A18FB7-SegmentedRaftLog:OPENED:c-1,f-1,i0, conf=-1: [s3:0.0.0.0:39188, s4:0.0.0.0:40778, s0:0.0.0.0:42012, s1:0.0.0.0:45336, s2:0.0.0.0:38783], old=null RUNNING
  s4:  RUNNING CANDIDATE s4@group-46F048A18FB7:t3, leader=null, voted=s4, raftlog=s4@group-46F048A18FB7-SegmentedRaftLog:OPENED:c-1,f-1,i0, conf=-1: [s3:0.0.0.0:39188, s4:0.0.0.0:40778, s0:0.0.0.0:42012, s1:0.0.0.0:45336, s2:0.0.0.0:38783], old=null RUNNING
  s0:  RUNNING CANDIDATE s0@group-46F048A18FB7:t3, leader=null, voted=s0, raftlog=s0@group-46F048A18FB7-SegmentedRaftLog:OPENED:c-1,f-1,i0, conf=-1: [s3:0.0.0.0:39188, s4:0.0.0.0:40778, s0:0.0.0.0:42012, s1:0.0.0.0:45336, s2:0.0.0.0:38783], old=null RUNNING
  s1:  RUNNING CANDIDATE s1@group-46F048A18FB7:t3, leader=null, voted=s1, raftlog=s1@group-46F048A18FB7-SegmentedRaftLog:OPENED:c-1,f-1,i0, conf=-1: [s3:0.0.0.0:39188, s4:0.0.0.0:40778, s0:0.0.0.0:42012, s1:0.0.0.0:45336, s2:0.0.0.0:38783], old=null RUNNING
  s2:  RUNNING CANDIDATE s2@group-46F048A18FB7:t3, leader=null, voted=s2, raftlog=s2@group-46F048A18FB7-SegmentedRaftLog:OPENED:c-1,f-1,i0, conf=-1: [s3:0.0.0.0:39188, s4:0.0.0.0:40778, s0:0.0.0.0:42012, s1:0.0.0.0:45336, s2:0.0.0.0:38783], old=null RUNNING, sleep 450ms and then retry.
java.lang.IllegalStateException: No leader yet : printing ALL groups
  s3:  RUNNING CANDIDATE s3@group-46F048A18FB7:t3, leader=null, voted=s3, raftlog=s3@group-46F048A18FB7-SegmentedRaftLog:OPENED:c-1,f-1,i0, conf=-1: [s3:0.0.0.0:39188, s4:0.0.0.0:40778, s0:0.0.0.0:42012, s1:0.0.0.0:45336, s2:0.0.0.0:38783], old=null RUNNING
  s4:  RUNNING CANDIDATE s4@group-46F048A18FB7:t3, leader=null, voted=s4, raftlog=s4@group-46F048A18FB7-SegmentedRaftLog:OPENED:c-1,f-1,i0, conf=-1: [s3:0.0.0.0:39188, s4:0.0.0.0:40778, s0:0.0.0.0:42012, s1:0.0.0.0:45336, s2:0.0.0.0:38783], old=null RUNNING
  s0:  RUNNING CANDIDATE s0@group-46F048A18FB7:t3, leader=null, voted=s0, raftlog=s0@group-46F048A18FB7-SegmentedRaftLog:OPENED:c-1,f-1,i0, conf=-1: [s3:0.0.0.0:39188, s4:0.0.0.0:40778, s0:0.0.0.0:42012, s1:0.0.0.0:45336, s2:0.0.0.0:38783], old=null RUNNING
  s1:  RUNNING CANDIDATE s1@group-46F048A18FB7:t3, leader=null, voted=s1, raftlog=s1@group-46F048A18FB7-SegmentedRaftLog:OPENED:c-1,f-1,i0, conf=-1: [s3:0.0.0.0:39188, s4:0.0.0.0:40778, s0:0.0.0.0:42012, s1:0.0.0.0:45336, s2:0.0.0.0:38783], old=null RUNNING
  s2:  RUNNING CANDIDATE s2@group-46F048A18FB7:t3, leader=null, voted=s2, raftlog=s2@group-46F048A18FB7-SegmentedRaftLog:OPENED:c-1,f-1,i0, conf=-1: [s3:0.0.0.0:39188, s4:0.0.0.0:40778, s0:0.0.0.0:42012, s1:0.0.0.0:45336, s2:0.0.0.0:38783], old=null RUNNING
	at org.apache.ratis.MiniRaftCluster.newIllegalStateExceptionForNoLeaders(MiniRaftCluster.java:506)
	at org.apache.ratis.RaftTestUtil.lambda$waitForLeader$1(RaftTestUtil.java:90)
	at org.apache.ratis.MiniRaftCluster.getLeader(MiniRaftCluster.java:539)
	at org.apache.ratis.MiniRaftCluster.getLeader(MiniRaftCluster.java:532)
	at org.apache.ratis.RaftTestUtil.lambda$waitForLeader$3(RaftTestUtil.java:98)
	at org.apache.ratis.util.JavaUtils.attempt(JavaUtils.java:152)
	at org.apache.ratis.RaftTestUtil.waitForLeader(RaftTestUtil.java:97)
	at org.apache.ratis.RaftTestUtil.waitForLeader(RaftTestUtil.java:77)
	at org.apache.ratis.RaftTestUtil.waitForLeader(RaftTestUtil.java:72)
	at org.apache.ratis.RaftBasicTests.testWithLoad(RaftBasicTests.java:336)
	at org.apache.ratis.RaftBasicTests.lambda$testWithLoad$10(RaftBasicTests.java:328)
	at org.apache.ratis.MiniRaftCluster$Factory$Get.runWithNewCluster(MiniRaftCluster.java:125)
	at org.apache.ratis.MiniRaftCluster$Factory$Get.runWithNewCluster(MiniRaftCluster.java:113)
	at org.apache.ratis.RaftBasicTests.testWithLoad(RaftBasicTests.java:328)
	at org.apache.ratis.netty.TestRaftWithNetty.testWithLoad(TestRaftWithNetty.java:31)
	at sun.reflect.NativeMethodAccessorImpl.invoke0(Native Method)
	at sun.reflect.NativeMethodAccessorImpl.invoke(NativeMethodAccessorImpl.java:62)
	at sun.reflect.DelegatingMethodAccessorImpl.invoke(DelegatingMethodAccessorImpl.java:43)
	at java.lang.reflect.Method.invoke(Method.java:498)
	at org.junit.runners.model.FrameworkMethod$1.runReflectiveCall(FrameworkMethod.java:50)
	at org.junit.internal.runners.model.ReflectiveCallable.run(ReflectiveCallable.java:12)
	at org.junit.runners.model.FrameworkMethod.invokeExplosively(FrameworkMethod.java:47)
	at org.junit.internal.runners.statements.InvokeMethod.evaluate(InvokeMethod.java:17)
	at org.junit.internal.runners.statements.RunAfters.evaluate(RunAfters.java:27)
	at org.junit.internal.runners.statements.FailOnTimeout$CallableStatement.call(FailOnTimeout.java:298)
	at org.junit.internal.runners.statements.FailOnTimeout$CallableStatement.call(FailOnTimeout.java:292)
	at java.util.concurrent.FutureTask.run(FutureTask.java:266)
	at java.lang.Thread.run(Thread.java:748)
2019-09-24 16:43:17,902 WARN  ratis.RaftTestUtil (JavaUtils.java:attempt(158)) - FAILED "waitForLeader-null-(expectLeader? true)", attempt #48/100: java.lang.IllegalStateException: No leader yet : printing ALL groups
  s3:  RUNNING CANDIDATE s3@group-46F048A18FB7:t3, leader=null, voted=s3, raftlog=s3@group-46F048A18FB7-SegmentedRaftLog:OPENED:c-1,f-1,i0, conf=-1: [s3:0.0.0.0:39188, s4:0.0.0.0:40778, s0:0.0.0.0:42012, s1:0.0.0.0:45336, s2:0.0.0.0:38783], old=null RUNNING
  s4:  RUNNING CANDIDATE s4@group-46F048A18FB7:t3, leader=null, voted=s4, raftlog=s4@group-46F048A18FB7-SegmentedRaftLog:OPENED:c-1,f-1,i0, conf=-1: [s3:0.0.0.0:39188, s4:0.0.0.0:40778, s0:0.0.0.0:42012, s1:0.0.0.0:45336, s2:0.0.0.0:38783], old=null RUNNING
  s0:  RUNNING CANDIDATE s0@group-46F048A18FB7:t3, leader=null, voted=s0, raftlog=s0@group-46F048A18FB7-SegmentedRaftLog:OPENED:c-1,f-1,i0, conf=-1: [s3:0.0.0.0:39188, s4:0.0.0.0:40778, s0:0.0.0.0:42012, s1:0.0.0.0:45336, s2:0.0.0.0:38783], old=null RUNNING
  s1:  RUNNING CANDIDATE s1@group-46F048A18FB7:t3, leader=null, voted=s1, raftlog=s1@group-46F048A18FB7-SegmentedRaftLog:OPENED:c-1,f-1,i0, conf=-1: [s3:0.0.0.0:39188, s4:0.0.0.0:40778, s0:0.0.0.0:42012, s1:0.0.0.0:45336, s2:0.0.0.0:38783], old=null RUNNING
  s2:  RUNNING CANDIDATE s2@group-46F048A18FB7:t3, leader=null, voted=s2, raftlog=s2@group-46F048A18FB7-SegmentedRaftLog:OPENED:c-1,f-1,i0, conf=-1: [s3:0.0.0.0:39188, s4:0.0.0.0:40778, s0:0.0.0.0:42012, s1:0.0.0.0:45336, s2:0.0.0.0:38783], old=null RUNNING, sleep 450ms and then retry.
java.lang.IllegalStateException: No leader yet : printing ALL groups
  s3:  RUNNING CANDIDATE s3@group-46F048A18FB7:t3, leader=null, voted=s3, raftlog=s3@group-46F048A18FB7-SegmentedRaftLog:OPENED:c-1,f-1,i0, conf=-1: [s3:0.0.0.0:39188, s4:0.0.0.0:40778, s0:0.0.0.0:42012, s1:0.0.0.0:45336, s2:0.0.0.0:38783], old=null RUNNING
  s4:  RUNNING CANDIDATE s4@group-46F048A18FB7:t3, leader=null, voted=s4, raftlog=s4@group-46F048A18FB7-SegmentedRaftLog:OPENED:c-1,f-1,i0, conf=-1: [s3:0.0.0.0:39188, s4:0.0.0.0:40778, s0:0.0.0.0:42012, s1:0.0.0.0:45336, s2:0.0.0.0:38783], old=null RUNNING
  s0:  RUNNING CANDIDATE s0@group-46F048A18FB7:t3, leader=null, voted=s0, raftlog=s0@group-46F048A18FB7-SegmentedRaftLog:OPENED:c-1,f-1,i0, conf=-1: [s3:0.0.0.0:39188, s4:0.0.0.0:40778, s0:0.0.0.0:42012, s1:0.0.0.0:45336, s2:0.0.0.0:38783], old=null RUNNING
  s1:  RUNNING CANDIDATE s1@group-46F048A18FB7:t3, leader=null, voted=s1, raftlog=s1@group-46F048A18FB7-SegmentedRaftLog:OPENED:c-1,f-1,i0, conf=-1: [s3:0.0.0.0:39188, s4:0.0.0.0:40778, s0:0.0.0.0:42012, s1:0.0.0.0:45336, s2:0.0.0.0:38783], old=null RUNNING
  s2:  RUNNING CANDIDATE s2@group-46F048A18FB7:t3, leader=null, voted=s2, raftlog=s2@group-46F048A18FB7-SegmentedRaftLog:OPENED:c-1,f-1,i0, conf=-1: [s3:0.0.0.0:39188, s4:0.0.0.0:40778, s0:0.0.0.0:42012, s1:0.0.0.0:45336, s2:0.0.0.0:38783], old=null RUNNING
	at org.apache.ratis.MiniRaftCluster.newIllegalStateExceptionForNoLeaders(MiniRaftCluster.java:506)
	at org.apache.ratis.RaftTestUtil.lambda$waitForLeader$1(RaftTestUtil.java:90)
	at org.apache.ratis.MiniRaftCluster.getLeader(MiniRaftCluster.java:539)
	at org.apache.ratis.MiniRaftCluster.getLeader(MiniRaftCluster.java:532)
	at org.apache.ratis.RaftTestUtil.lambda$waitForLeader$3(RaftTestUtil.java:98)
	at org.apache.ratis.util.JavaUtils.attempt(JavaUtils.java:152)
	at org.apache.ratis.RaftTestUtil.waitForLeader(RaftTestUtil.java:97)
	at org.apache.ratis.RaftTestUtil.waitForLeader(RaftTestUtil.java:77)
	at org.apache.ratis.RaftTestUtil.waitForLeader(RaftTestUtil.java:72)
	at org.apache.ratis.RaftBasicTests.testWithLoad(RaftBasicTests.java:336)
	at org.apache.ratis.RaftBasicTests.lambda$testWithLoad$10(RaftBasicTests.java:328)
	at org.apache.ratis.MiniRaftCluster$Factory$Get.runWithNewCluster(MiniRaftCluster.java:125)
	at org.apache.ratis.MiniRaftCluster$Factory$Get.runWithNewCluster(MiniRaftCluster.java:113)
	at org.apache.ratis.RaftBasicTests.testWithLoad(RaftBasicTests.java:328)
	at org.apache.ratis.netty.TestRaftWithNetty.testWithLoad(TestRaftWithNetty.java:31)
	at sun.reflect.NativeMethodAccessorImpl.invoke0(Native Method)
	at sun.reflect.NativeMethodAccessorImpl.invoke(NativeMethodAccessorImpl.java:62)
	at sun.reflect.DelegatingMethodAccessorImpl.invoke(DelegatingMethodAccessorImpl.java:43)
	at java.lang.reflect.Method.invoke(Method.java:498)
	at org.junit.runners.model.FrameworkMethod$1.runReflectiveCall(FrameworkMethod.java:50)
	at org.junit.internal.runners.model.ReflectiveCallable.run(ReflectiveCallable.java:12)
	at org.junit.runners.model.FrameworkMethod.invokeExplosively(FrameworkMethod.java:47)
	at org.junit.internal.runners.statements.InvokeMethod.evaluate(InvokeMethod.java:17)
	at org.junit.internal.runners.statements.RunAfters.evaluate(RunAfters.java:27)
	at org.junit.internal.runners.statements.FailOnTimeout$CallableStatement.call(FailOnTimeout.java:298)
	at org.junit.internal.runners.statements.FailOnTimeout$CallableStatement.call(FailOnTimeout.java:292)
	at java.util.concurrent.FutureTask.run(FutureTask.java:266)
	at java.lang.Thread.run(Thread.java:748)
2019-09-24 16:43:18,154 INFO  impl.LeaderElection (LeaderElection.java:askForVotes(178)) - s1@group-46F048A18FB7-LeaderElection7: begin an election at term 3 for -1: [s3:0.0.0.0:39188, s4:0.0.0.0:40778, s0:0.0.0.0:42012, s1:0.0.0.0:45336, s2:0.0.0.0:38783], old=null
2019-09-24 16:43:18,155 INFO  impl.LeaderElection (LeaderElection.java:askForVotes(178)) - s2@group-46F048A18FB7-LeaderElection10: begin an election at term 3 for -1: [s3:0.0.0.0:39188, s4:0.0.0.0:40778, s0:0.0.0.0:42012, s1:0.0.0.0:45336, s2:0.0.0.0:38783], old=null
2019-09-24 16:43:18,154 INFO  impl.LeaderElection (LeaderElection.java:askForVotes(178)) - s4@group-46F048A18FB7-LeaderElection8: begin an election at term 3 for -1: [s3:0.0.0.0:39188, s4:0.0.0.0:40778, s0:0.0.0.0:42012, s1:0.0.0.0:45336, s2:0.0.0.0:38783], old=null
2019-09-24 16:43:18,158 DEBUG impl.RaftServerImpl (RaftServerImpl.java:requestVote(743)) - s4@group-46F048A18FB7: receive requestVote(s1, group-46F048A18FB7, 3, (t:0, i:0))
2019-09-24 16:43:18,158 DEBUG impl.RaftServerImpl (RaftServerImpl.java:requestVote(743)) - s0@group-46F048A18FB7: receive requestVote(s4, group-46F048A18FB7, 3, (t:0, i:0))
2019-09-24 16:43:18,158 DEBUG impl.RaftServerImpl (RaftServerImpl.java:requestVote(743)) - s4@group-46F048A18FB7: receive requestVote(s2, group-46F048A18FB7, 3, (t:0, i:0))
2019-09-24 16:43:18,158 DEBUG impl.RaftServerImpl (RaftServerImpl.java:requestVote(743)) - s3@group-46F048A18FB7: receive requestVote(s4, group-46F048A18FB7, 3, (t:0, i:0))
2019-09-24 16:43:18,158 DEBUG impl.RaftServerImpl (RaftServerImpl.java:requestVote(743)) - s3@group-46F048A18FB7: receive requestVote(s1, group-46F048A18FB7, 3, (t:0, i:0))
2019-09-24 16:43:18,158 DEBUG impl.RaftServerImpl (RaftServerImpl.java:requestVote(743)) - s3@group-46F048A18FB7: receive requestVote(s2, group-46F048A18FB7, 3, (t:0, i:0))
2019-09-24 16:43:18,160 DEBUG impl.RaftServerImpl (RaftServerImpl.java:requestVote(743)) - s2@group-46F048A18FB7: receive requestVote(s1, group-46F048A18FB7, 3, (t:0, i:0))
2019-09-24 16:43:18,160 DEBUG impl.RaftServerImpl (RaftServerImpl.java:requestVote(743)) - s2@group-46F048A18FB7: receive requestVote(s4, group-46F048A18FB7, 3, (t:0, i:0))
2019-09-24 16:43:18,159 DEBUG impl.RaftServerImpl (RaftServerImpl.java:requestVote(775)) - s4@group-46F048A18FB7 replies to vote request: s1<-s4#0:FAIL-t3. Peer's state: s4@group-46F048A18FB7:t3, leader=null, voted=s4, raftlog=s4@group-46F048A18FB7-SegmentedRaftLog:OPENED:c-1,f-1,i0, conf=-1: [s3:0.0.0.0:39188, s4:0.0.0.0:40778, s0:0.0.0.0:42012, s1:0.0.0.0:45336, s2:0.0.0.0:38783], old=null
2019-09-24 16:43:18,159 DEBUG impl.RaftServerImpl (RaftServerImpl.java:requestVote(743)) - s0@group-46F048A18FB7: receive requestVote(s2, group-46F048A18FB7, 3, (t:0, i:0))
2019-09-24 16:43:18,159 DEBUG impl.RaftServerImpl (RaftServerImpl.java:requestVote(743)) - s0@group-46F048A18FB7: receive requestVote(s1, group-46F048A18FB7, 3, (t:0, i:0))
2019-09-24 16:43:18,162 DEBUG impl.RaftServerImpl (RaftServerImpl.java:requestVote(775)) - s4@group-46F048A18FB7 replies to vote request: s2<-s4#0:FAIL-t3. Peer's state: s4@group-46F048A18FB7:t3, leader=null, voted=s4, raftlog=s4@group-46F048A18FB7-SegmentedRaftLog:OPENED:c-1,f-1,i0, conf=-1: [s3:0.0.0.0:39188, s4:0.0.0.0:40778, s0:0.0.0.0:42012, s1:0.0.0.0:45336, s2:0.0.0.0:38783], old=null
2019-09-24 16:43:18,161 DEBUG impl.RaftServerImpl (RaftServerImpl.java:requestVote(775)) - s2@group-46F048A18FB7 replies to vote request: s1<-s2#0:FAIL-t3. Peer's state: s2@group-46F048A18FB7:t3, leader=null, voted=s2, raftlog=s2@group-46F048A18FB7-SegmentedRaftLog:OPENED:c-1,f-1,i0, conf=-1: [s3:0.0.0.0:39188, s4:0.0.0.0:40778, s0:0.0.0.0:42012, s1:0.0.0.0:45336, s2:0.0.0.0:38783], old=null
2019-09-24 16:43:18,163 DEBUG impl.RaftServerImpl (RaftServerImpl.java:requestVote(775)) - s2@group-46F048A18FB7 replies to vote request: s4<-s2#0:FAIL-t3. Peer's state: s2@group-46F048A18FB7:t3, leader=null, voted=s2, raftlog=s2@group-46F048A18FB7-SegmentedRaftLog:OPENED:c-1,f-1,i0, conf=-1: [s3:0.0.0.0:39188, s4:0.0.0.0:40778, s0:0.0.0.0:42012, s1:0.0.0.0:45336, s2:0.0.0.0:38783], old=null
2019-09-24 16:43:18,165 DEBUG impl.RaftServerImpl (RaftServerImpl.java:requestVote(743)) - s1@group-46F048A18FB7: receive requestVote(s4, group-46F048A18FB7, 3, (t:0, i:0))
2019-09-24 16:43:18,165 DEBUG impl.RaftServerImpl (RaftServerImpl.java:requestVote(743)) - s1@group-46F048A18FB7: receive requestVote(s2, group-46F048A18FB7, 3, (t:0, i:0))
2019-09-24 16:43:18,166 DEBUG impl.RaftServerImpl (RaftServerImpl.java:requestVote(775)) - s1@group-46F048A18FB7 replies to vote request: s4<-s1#0:FAIL-t3. Peer's state: s1@group-46F048A18FB7:t3, leader=null, voted=s1, raftlog=s1@group-46F048A18FB7-SegmentedRaftLog:OPENED:c-1,f-1,i0, conf=-1: [s3:0.0.0.0:39188, s4:0.0.0.0:40778, s0:0.0.0.0:42012, s1:0.0.0.0:45336, s2:0.0.0.0:38783], old=null
2019-09-24 16:43:18,166 DEBUG impl.RaftServerImpl (RaftServerImpl.java:requestVote(775)) - s1@group-46F048A18FB7 replies to vote request: s2<-s1#0:FAIL-t3. Peer's state: s1@group-46F048A18FB7:t3, leader=null, voted=s1, raftlog=s1@group-46F048A18FB7-SegmentedRaftLog:OPENED:c-1,f-1,i0, conf=-1: [s3:0.0.0.0:39188, s4:0.0.0.0:40778, s0:0.0.0.0:42012, s1:0.0.0.0:45336, s2:0.0.0.0:38783], old=null
2019-09-24 16:43:18,213 INFO  impl.LeaderElection (LeaderElection.java:askForVotes(178)) - s3@group-46F048A18FB7-LeaderElection6: begin an election at term 3 for -1: [s3:0.0.0.0:39188, s4:0.0.0.0:40778, s0:0.0.0.0:42012, s1:0.0.0.0:45336, s2:0.0.0.0:38783], old=null
2019-09-24 16:43:18,213 DEBUG impl.RaftServerImpl (RaftServerImpl.java:requestVote(775)) - s3@group-46F048A18FB7 replies to vote request: s2<-s3#0:FAIL-t3. Peer's state: s3@group-46F048A18FB7:t3, leader=null, voted=s3, raftlog=s3@group-46F048A18FB7-SegmentedRaftLog:OPENED:c-1,f-1,i0, conf=-1: [s3:0.0.0.0:39188, s4:0.0.0.0:40778, s0:0.0.0.0:42012, s1:0.0.0.0:45336, s2:0.0.0.0:38783], old=null
2019-09-24 16:43:18,214 DEBUG impl.RaftServerImpl (RaftServerImpl.java:requestVote(775)) - s3@group-46F048A18FB7 replies to vote request: s1<-s3#0:FAIL-t3. Peer's state: s3@group-46F048A18FB7:t3, leader=null, voted=s3, raftlog=s3@group-46F048A18FB7-SegmentedRaftLog:OPENED:c-1,f-1,i0, conf=-1: [s3:0.0.0.0:39188, s4:0.0.0.0:40778, s0:0.0.0.0:42012, s1:0.0.0.0:45336, s2:0.0.0.0:38783], old=null
2019-09-24 16:43:18,215 DEBUG impl.RaftServerImpl (RaftServerImpl.java:requestVote(775)) - s3@group-46F048A18FB7 replies to vote request: s4<-s3#0:FAIL-t3. Peer's state: s3@group-46F048A18FB7:t3, leader=null, voted=s3, raftlog=s3@group-46F048A18FB7-SegmentedRaftLog:OPENED:c-1,f-1,i0, conf=-1: [s3:0.0.0.0:39188, s4:0.0.0.0:40778, s0:0.0.0.0:42012, s1:0.0.0.0:45336, s2:0.0.0.0:38783], old=null
2019-09-24 16:43:18,217 DEBUG impl.RaftServerImpl (RaftServerImpl.java:requestVote(743)) - s4@group-46F048A18FB7: receive requestVote(s3, group-46F048A18FB7, 3, (t:0, i:0))
2019-09-24 16:43:18,217 DEBUG impl.RaftServerImpl (RaftServerImpl.java:requestVote(743)) - s0@group-46F048A18FB7: receive requestVote(s3, group-46F048A18FB7, 3, (t:0, i:0))
2019-09-24 16:43:18,217 DEBUG impl.RaftServerImpl (RaftServerImpl.java:requestVote(775)) - s4@group-46F048A18FB7 replies to vote request: s3<-s4#0:FAIL-t3. Peer's state: s4@group-46F048A18FB7:t3, leader=null, voted=s4, raftlog=s4@group-46F048A18FB7-SegmentedRaftLog:OPENED:c-1,f-1,i0, conf=-1: [s3:0.0.0.0:39188, s4:0.0.0.0:40778, s0:0.0.0.0:42012, s1:0.0.0.0:45336, s2:0.0.0.0:38783], old=null
2019-09-24 16:43:18,217 DEBUG impl.RaftServerImpl (RaftServerImpl.java:requestVote(743)) - s2@group-46F048A18FB7: receive requestVote(s3, group-46F048A18FB7, 3, (t:0, i:0))
2019-09-24 16:43:18,217 DEBUG impl.RaftServerImpl (RaftServerImpl.java:requestVote(743)) - s1@group-46F048A18FB7: receive requestVote(s3, group-46F048A18FB7, 3, (t:0, i:0))
2019-09-24 16:43:18,218 DEBUG impl.RaftServerImpl (RaftServerImpl.java:requestVote(775)) - s2@group-46F048A18FB7 replies to vote request: s3<-s2#0:FAIL-t3. Peer's state: s2@group-46F048A18FB7:t3, leader=null, voted=s2, raftlog=s2@group-46F048A18FB7-SegmentedRaftLog:OPENED:c-1,f-1,i0, conf=-1: [s3:0.0.0.0:39188, s4:0.0.0.0:40778, s0:0.0.0.0:42012, s1:0.0.0.0:45336, s2:0.0.0.0:38783], old=null
2019-09-24 16:43:18,218 DEBUG impl.RaftServerImpl (RaftServerImpl.java:requestVote(775)) - s1@group-46F048A18FB7 replies to vote request: s3<-s1#0:FAIL-t3. Peer's state: s1@group-46F048A18FB7:t3, leader=null, voted=s1, raftlog=s1@group-46F048A18FB7-SegmentedRaftLog:OPENED:c-1,f-1,i0, conf=-1: [s3:0.0.0.0:39188, s4:0.0.0.0:40778, s0:0.0.0.0:42012, s1:0.0.0.0:45336, s2:0.0.0.0:38783], old=null
2019-09-24 16:43:18,240 INFO  impl.LeaderElection (LeaderElection.java:askForVotes(178)) - s0@group-46F048A18FB7-LeaderElection9: begin an election at term 3 for -1: [s3:0.0.0.0:39188, s4:0.0.0.0:40778, s0:0.0.0.0:42012, s1:0.0.0.0:45336, s2:0.0.0.0:38783], old=null
2019-09-24 16:43:18,240 DEBUG impl.RaftServerImpl (RaftServerImpl.java:requestVote(775)) - s0@group-46F048A18FB7 replies to vote request: s3<-s0#0:FAIL-t3. Peer's state: s0@group-46F048A18FB7:t3, leader=null, voted=s0, raftlog=s0@group-46F048A18FB7-SegmentedRaftLog:OPENED:c-1,f-1,i0, conf=-1: [s3:0.0.0.0:39188, s4:0.0.0.0:40778, s0:0.0.0.0:42012, s1:0.0.0.0:45336, s2:0.0.0.0:38783], old=null
2019-09-24 16:43:18,241 DEBUG impl.RaftServerImpl (RaftServerImpl.java:requestVote(775)) - s0@group-46F048A18FB7 replies to vote request: s1<-s0#0:FAIL-t3. Peer's state: s0@group-46F048A18FB7:t3, leader=null, voted=s0, raftlog=s0@group-46F048A18FB7-SegmentedRaftLog:OPENED:c-1,f-1,i0, conf=-1: [s3:0.0.0.0:39188, s4:0.0.0.0:40778, s0:0.0.0.0:42012, s1:0.0.0.0:45336, s2:0.0.0.0:38783], old=null
2019-09-24 16:43:18,241 DEBUG impl.RaftServerImpl (RaftServerImpl.java:requestVote(775)) - s0@group-46F048A18FB7 replies to vote request: s2<-s0#0:FAIL-t3. Peer's state: s0@group-46F048A18FB7:t3, leader=null, voted=s0, raftlog=s0@group-46F048A18FB7-SegmentedRaftLog:OPENED:c-1,f-1,i0, conf=-1: [s3:0.0.0.0:39188, s4:0.0.0.0:40778, s0:0.0.0.0:42012, s1:0.0.0.0:45336, s2:0.0.0.0:38783], old=null
2019-09-24 16:43:18,242 INFO  impl.LeaderElection (LeaderElection.java:logAndReturn(56)) - s3@group-46F048A18FB7-LeaderElection6: Election REJECTED; received 4 response(s) [s3<-s4#0:FAIL-t3, s3<-s0#0:FAIL-t3, s3<-s1#0:FAIL-t3, s3<-s2#0:FAIL-t3] and 0 exception(s); s3@group-46F048A18FB7:t3, leader=null, voted=s3, raftlog=s3@group-46F048A18FB7-SegmentedRaftLog:OPENED:c-1,f-1,i0, conf=-1: [s3:0.0.0.0:39188, s4:0.0.0.0:40778, s0:0.0.0.0:42012, s1:0.0.0.0:45336, s2:0.0.0.0:38783], old=null
2019-09-24 16:43:18,242 DEBUG impl.RaftServerImpl (RaftServerImpl.java:requestVote(775)) - s0@group-46F048A18FB7 replies to vote request: s4<-s0#0:FAIL-t3. Peer's state: s0@group-46F048A18FB7:t3, leader=null, voted=s0, raftlog=s0@group-46F048A18FB7-SegmentedRaftLog:OPENED:c-1,f-1,i0, conf=-1: [s3:0.0.0.0:39188, s4:0.0.0.0:40778, s0:0.0.0.0:42012, s1:0.0.0.0:45336, s2:0.0.0.0:38783], old=null
2019-09-24 16:43:18,242 INFO  impl.RaftServerImpl (RaftServerImpl.java:setRole(170)) - s3@group-46F048A18FB7: changes role from CANDIDATE to FOLLOWER at term 3 for DISCOVERED_A_NEW_TERM
2019-09-24 16:43:18,242 INFO  impl.LeaderElection (LeaderElection.java:logAndReturn(56)) - s1@group-46F048A18FB7-LeaderElection7: Election REJECTED; received 4 response(s) [s1<-s3#0:FAIL-t3, s1<-s4#0:FAIL-t3, s1<-s0#0:FAIL-t3, s1<-s2#0:FAIL-t3] and 0 exception(s); s1@group-46F048A18FB7:t3, leader=null, voted=s1, raftlog=s1@group-46F048A18FB7-SegmentedRaftLog:OPENED:c-1,f-1,i0, conf=-1: [s3:0.0.0.0:39188, s4:0.0.0.0:40778, s0:0.0.0.0:42012, s1:0.0.0.0:45336, s2:0.0.0.0:38783], old=null
2019-09-24 16:43:18,242 INFO  impl.RoleInfo (RoleInfo.java:shutdownLeaderElection(134)) - s3: shutdown LeaderElection
2019-09-24 16:43:18,243 INFO  impl.LeaderElection (LeaderElection.java:logAndReturn(56)) - s2@group-46F048A18FB7-LeaderElection10: Election REJECTED; received 4 response(s) [s2<-s3#0:FAIL-t3, s2<-s4#0:FAIL-t3, s2<-s0#0:FAIL-t3, s2<-s1#0:FAIL-t3] and 0 exception(s); s2@group-46F048A18FB7:t3, leader=null, voted=s2, raftlog=s2@group-46F048A18FB7-SegmentedRaftLog:OPENED:c-1,f-1,i0, conf=-1: [s3:0.0.0.0:39188, s4:0.0.0.0:40778, s0:0.0.0.0:42012, s1:0.0.0.0:45336, s2:0.0.0.0:38783], old=null
2019-09-24 16:43:18,243 INFO  impl.RoleInfo (RoleInfo.java:updateAndGet(143)) - s3: start FollowerState
2019-09-24 16:43:18,243 INFO  impl.RaftServerImpl (RaftServerImpl.java:setRole(170)) - s1@group-46F048A18FB7: changes role from CANDIDATE to FOLLOWER at term 3 for DISCOVERED_A_NEW_TERM
2019-09-24 16:43:18,243 INFO  impl.RaftServerImpl (RaftServerImpl.java:setRole(170)) - s2@group-46F048A18FB7: changes role from CANDIDATE to FOLLOWER at term 3 for DISCOVERED_A_NEW_TERM
2019-09-24 16:43:18,244 INFO  impl.RoleInfo (RoleInfo.java:shutdownLeaderElection(134)) - s1: shutdown LeaderElection
2019-09-24 16:43:18,244 INFO  impl.LeaderElection (LeaderElection.java:logAndReturn(56)) - s4@group-46F048A18FB7-LeaderElection8: Election REJECTED; received 4 response(s) [s4<-s3#0:FAIL-t3, s4<-s0#0:FAIL-t3, s4<-s1#0:FAIL-t3, s4<-s2#0:FAIL-t3] and 0 exception(s); s4@group-46F048A18FB7:t3, leader=null, voted=s4, raftlog=s4@group-46F048A18FB7-SegmentedRaftLog:OPENED:c-1,f-1,i0, conf=-1: [s3:0.0.0.0:39188, s4:0.0.0.0:40778, s0:0.0.0.0:42012, s1:0.0.0.0:45336, s2:0.0.0.0:38783], old=null
2019-09-24 16:43:18,244 INFO  impl.RoleInfo (RoleInfo.java:updateAndGet(143)) - s1: start FollowerState
2019-09-24 16:43:18,244 INFO  impl.RoleInfo (RoleInfo.java:shutdownLeaderElection(134)) - s2: shutdown LeaderElection
2019-09-24 16:43:18,244 DEBUG impl.RaftServerImpl (RaftServerImpl.java:requestVote(743)) - s3@group-46F048A18FB7: receive requestVote(s0, group-46F048A18FB7, 3, (t:0, i:0))
2019-09-24 16:43:18,245 DEBUG impl.RaftServerImpl (RaftServerImpl.java:requestVote(743)) - s2@group-46F048A18FB7: receive requestVote(s0, group-46F048A18FB7, 3, (t:0, i:0))
2019-09-24 16:43:18,245 DEBUG impl.RaftServerImpl (RaftServerImpl.java:requestVote(775)) - s3@group-46F048A18FB7 replies to vote request: s0<-s3#0:FAIL-t3. Peer's state: s3@group-46F048A18FB7:t3, leader=null, voted=s3, raftlog=s3@group-46F048A18FB7-SegmentedRaftLog:OPENED:c-1,f-1,i0, conf=-1: [s3:0.0.0.0:39188, s4:0.0.0.0:40778, s0:0.0.0.0:42012, s1:0.0.0.0:45336, s2:0.0.0.0:38783], old=null
2019-09-24 16:43:18,245 INFO  impl.RoleInfo (RoleInfo.java:updateAndGet(143)) - s2: start FollowerState
2019-09-24 16:43:18,245 DEBUG impl.RaftServerImpl (RaftServerImpl.java:requestVote(743)) - s4@group-46F048A18FB7: receive requestVote(s0, group-46F048A18FB7, 3, (t:0, i:0))
2019-09-24 16:43:18,245 DEBUG impl.RaftServerImpl (RaftServerImpl.java:requestVote(743)) - s1@group-46F048A18FB7: receive requestVote(s0, group-46F048A18FB7, 3, (t:0, i:0))
2019-09-24 16:43:18,245 INFO  impl.RaftServerImpl (RaftServerImpl.java:setRole(170)) - s4@group-46F048A18FB7: changes role from CANDIDATE to FOLLOWER at term 3 for DISCOVERED_A_NEW_TERM
2019-09-24 16:43:18,246 DEBUG impl.RaftServerImpl (RaftServerImpl.java:requestVote(775)) - s1@group-46F048A18FB7 replies to vote request: s0<-s1#0:FAIL-t3. Peer's state: s1@group-46F048A18FB7:t3, leader=null, voted=s1, raftlog=s1@group-46F048A18FB7-SegmentedRaftLog:OPENED:c-1,f-1,i0, conf=-1: [s3:0.0.0.0:39188, s4:0.0.0.0:40778, s0:0.0.0.0:42012, s1:0.0.0.0:45336, s2:0.0.0.0:38783], old=null
2019-09-24 16:43:18,246 DEBUG impl.RaftServerImpl (RaftServerImpl.java:requestVote(775)) - s2@group-46F048A18FB7 replies to vote request: s0<-s2#0:FAIL-t3. Peer's state: s2@group-46F048A18FB7:t3, leader=null, voted=s2, raftlog=s2@group-46F048A18FB7-SegmentedRaftLog:OPENED:c-1,f-1,i0, conf=-1: [s3:0.0.0.0:39188, s4:0.0.0.0:40778, s0:0.0.0.0:42012, s1:0.0.0.0:45336, s2:0.0.0.0:38783], old=null
2019-09-24 16:43:18,247 INFO  impl.RoleInfo (RoleInfo.java:shutdownLeaderElection(134)) - s4: shutdown LeaderElection
2019-09-24 16:43:18,247 INFO  impl.RoleInfo (RoleInfo.java:updateAndGet(143)) - s4: start FollowerState
2019-09-24 16:43:18,248 DEBUG impl.RaftServerImpl (RaftServerImpl.java:requestVote(775)) - s4@group-46F048A18FB7 replies to vote request: s0<-s4#0:FAIL-t3. Peer's state: s4@group-46F048A18FB7:t3, leader=null, voted=s4, raftlog=s4@group-46F048A18FB7-SegmentedRaftLog:OPENED:c-1,f-1,i0, conf=-1: [s3:0.0.0.0:39188, s4:0.0.0.0:40778, s0:0.0.0.0:42012, s1:0.0.0.0:45336, s2:0.0.0.0:38783], old=null
2019-09-24 16:43:18,249 INFO  impl.LeaderElection (LeaderElection.java:logAndReturn(56)) - s0@group-46F048A18FB7-LeaderElection9: Election REJECTED; received 4 response(s) [s0<-s3#0:FAIL-t3, s0<-s4#0:FAIL-t3, s0<-s1#0:FAIL-t3, s0<-s2#0:FAIL-t3] and 0 exception(s); s0@group-46F048A18FB7:t3, leader=null, voted=s0, raftlog=s0@group-46F048A18FB7-SegmentedRaftLog:OPENED:c-1,f-1,i0, conf=-1: [s3:0.0.0.0:39188, s4:0.0.0.0:40778, s0:0.0.0.0:42012, s1:0.0.0.0:45336, s2:0.0.0.0:38783], old=null
2019-09-24 16:43:18,249 INFO  impl.RaftServerImpl (RaftServerImpl.java:setRole(170)) - s0@group-46F048A18FB7: changes role from CANDIDATE to FOLLOWER at term 3 for DISCOVERED_A_NEW_TERM
2019-09-24 16:43:18,249 INFO  impl.RoleInfo (RoleInfo.java:shutdownLeaderElection(134)) - s0: shutdown LeaderElection
2019-09-24 16:43:18,249 INFO  impl.RoleInfo (RoleInfo.java:updateAndGet(143)) - s0: start FollowerState
2019-09-24 16:43:18,354 WARN  ratis.RaftTestUtil (JavaUtils.java:attempt(158)) - FAILED "waitForLeader-null-(expectLeader? true)", attempt #49/100: java.lang.IllegalStateException: No leader yet : printing ALL groups
  s3:  RUNNING  FOLLOWER s3@group-46F048A18FB7:t3, leader=null, voted=s3, raftlog=s3@group-46F048A18FB7-SegmentedRaftLog:OPENED:c-1,f-1,i0, conf=-1: [s3:0.0.0.0:39188, s4:0.0.0.0:40778, s0:0.0.0.0:42012, s1:0.0.0.0:45336, s2:0.0.0.0:38783], old=null RUNNING
  s4:  RUNNING  FOLLOWER s4@group-46F048A18FB7:t3, leader=null, voted=s4, raftlog=s4@group-46F048A18FB7-SegmentedRaftLog:OPENED:c-1,f-1,i0, conf=-1: [s3:0.0.0.0:39188, s4:0.0.0.0:40778, s0:0.0.0.0:42012, s1:0.0.0.0:45336, s2:0.0.0.0:38783], old=null RUNNING
  s0:  RUNNING  FOLLOWER s0@group-46F048A18FB7:t3, leader=null, voted=s0, raftlog=s0@group-46F048A18FB7-SegmentedRaftLog:OPENED:c-1,f-1,i0, conf=-1: [s3:0.0.0.0:39188, s4:0.0.0.0:40778, s0:0.0.0.0:42012, s1:0.0.0.0:45336, s2:0.0.0.0:38783], old=null RUNNING
  s1:  RUNNING  FOLLOWER s1@group-46F048A18FB7:t3, leader=null, voted=s1, raftlog=s1@group-46F048A18FB7-SegmentedRaftLog:OPENED:c-1,f-1,i0, conf=-1: [s3:0.0.0.0:39188, s4:0.0.0.0:40778, s0:0.0.0.0:42012, s1:0.0.0.0:45336, s2:0.0.0.0:38783], old=null RUNNING
  s2:  RUNNING  FOLLOWER s2@group-46F048A18FB7:t3, leader=null, voted=s2, raftlog=s2@group-46F048A18FB7-SegmentedRaftLog:OPENED:c-1,f-1,i0, conf=-1: [s3:0.0.0.0:39188, s4:0.0.0.0:40778, s0:0.0.0.0:42012, s1:0.0.0.0:45336, s2:0.0.0.0:38783], old=null RUNNING, sleep 450ms and then retry.
java.lang.IllegalStateException: No leader yet : printing ALL groups
  s3:  RUNNING  FOLLOWER s3@group-46F048A18FB7:t3, leader=null, voted=s3, raftlog=s3@group-46F048A18FB7-SegmentedRaftLog:OPENED:c-1,f-1,i0, conf=-1: [s3:0.0.0.0:39188, s4:0.0.0.0:40778, s0:0.0.0.0:42012, s1:0.0.0.0:45336, s2:0.0.0.0:38783], old=null RUNNING
  s4:  RUNNING  FOLLOWER s4@group-46F048A18FB7:t3, leader=null, voted=s4, raftlog=s4@group-46F048A18FB7-SegmentedRaftLog:OPENED:c-1,f-1,i0, conf=-1: [s3:0.0.0.0:39188, s4:0.0.0.0:40778, s0:0.0.0.0:42012, s1:0.0.0.0:45336, s2:0.0.0.0:38783], old=null RUNNING
  s0:  RUNNING  FOLLOWER s0@group-46F048A18FB7:t3, leader=null, voted=s0, raftlog=s0@group-46F048A18FB7-SegmentedRaftLog:OPENED:c-1,f-1,i0, conf=-1: [s3:0.0.0.0:39188, s4:0.0.0.0:40778, s0:0.0.0.0:42012, s1:0.0.0.0:45336, s2:0.0.0.0:38783], old=null RUNNING
  s1:  RUNNING  FOLLOWER s1@group-46F048A18FB7:t3, leader=null, voted=s1, raftlog=s1@group-46F048A18FB7-SegmentedRaftLog:OPENED:c-1,f-1,i0, conf=-1: [s3:0.0.0.0:39188, s4:0.0.0.0:40778, s0:0.0.0.0:42012, s1:0.0.0.0:45336, s2:0.0.0.0:38783], old=null RUNNING
  s2:  RUNNING  FOLLOWER s2@group-46F048A18FB7:t3, leader=null, voted=s2, raftlog=s2@group-46F048A18FB7-SegmentedRaftLog:OPENED:c-1,f-1,i0, conf=-1: [s3:0.0.0.0:39188, s4:0.0.0.0:40778, s0:0.0.0.0:42012, s1:0.0.0.0:45336, s2:0.0.0.0:38783], old=null RUNNING
	at org.apache.ratis.MiniRaftCluster.newIllegalStateExceptionForNoLeaders(MiniRaftCluster.java:506)
	at org.apache.ratis.RaftTestUtil.lambda$waitForLeader$1(RaftTestUtil.java:90)
	at org.apache.ratis.MiniRaftCluster.getLeader(MiniRaftCluster.java:539)
	at org.apache.ratis.MiniRaftCluster.getLeader(MiniRaftCluster.java:532)
	at org.apache.ratis.RaftTestUtil.lambda$waitForLeader$3(RaftTestUtil.java:98)
	at org.apache.ratis.util.JavaUtils.attempt(JavaUtils.java:152)
	at org.apache.ratis.RaftTestUtil.waitForLeader(RaftTestUtil.java:97)
	at org.apache.ratis.RaftTestUtil.waitForLeader(RaftTestUtil.java:77)
	at org.apache.ratis.RaftTestUtil.waitForLeader(RaftTestUtil.java:72)
	at org.apache.ratis.RaftBasicTests.testWithLoad(RaftBasicTests.java:336)
	at org.apache.ratis.RaftBasicTests.lambda$testWithLoad$10(RaftBasicTests.java:328)
	at org.apache.ratis.MiniRaftCluster$Factory$Get.runWithNewCluster(MiniRaftCluster.java:125)
	at org.apache.ratis.MiniRaftCluster$Factory$Get.runWithNewCluster(MiniRaftCluster.java:113)
	at org.apache.ratis.RaftBasicTests.testWithLoad(RaftBasicTests.java:328)
	at org.apache.ratis.netty.TestRaftWithNetty.testWithLoad(TestRaftWithNetty.java:31)
	at sun.reflect.NativeMethodAccessorImpl.invoke0(Native Method)
	at sun.reflect.NativeMethodAccessorImpl.invoke(NativeMethodAccessorImpl.java:62)
	at sun.reflect.DelegatingMethodAccessorImpl.invoke(DelegatingMethodAccessorImpl.java:43)
	at java.lang.reflect.Method.invoke(Method.java:498)
	at org.junit.runners.model.FrameworkMethod$1.runReflectiveCall(FrameworkMethod.java:50)
	at org.junit.internal.runners.model.ReflectiveCallable.run(ReflectiveCallable.java:12)
	at org.junit.runners.model.FrameworkMethod.invokeExplosively(FrameworkMethod.java:47)
	at org.junit.internal.runners.statements.InvokeMethod.evaluate(InvokeMethod.java:17)
	at org.junit.internal.runners.statements.RunAfters.evaluate(RunAfters.java:27)
	at org.junit.internal.runners.statements.FailOnTimeout$CallableStatement.call(FailOnTimeout.java:298)
	at org.junit.internal.runners.statements.FailOnTimeout$CallableStatement.call(FailOnTimeout.java:292)
	at java.util.concurrent.FutureTask.run(FutureTask.java:266)
	at java.lang.Thread.run(Thread.java:748)
2019-09-24 16:43:18,448 INFO  impl.FollowerState (FollowerState.java:run(108)) - s2@group-46F048A18FB7-FollowerState: change to CANDIDATE, lastRpcTime:203ms, electionTimeout:202ms
2019-09-24 16:43:18,448 INFO  impl.RoleInfo (RoleInfo.java:shutdownFollowerState(121)) - s2: shutdown FollowerState
2019-09-24 16:43:18,449 INFO  impl.RaftServerImpl (RaftServerImpl.java:setRole(170)) - s2@group-46F048A18FB7: changes role from  FOLLOWER to CANDIDATE at term 3 for changeToCandidate
2019-09-24 16:43:18,449 INFO  impl.RoleInfo (RoleInfo.java:updateAndGet(143)) - s2: start LeaderElection
2019-09-24 16:43:18,468 INFO  impl.FollowerState (FollowerState.java:run(108)) - s4@group-46F048A18FB7-FollowerState: change to CANDIDATE, lastRpcTime:220ms, electionTimeout:220ms
2019-09-24 16:43:18,469 INFO  impl.RoleInfo (RoleInfo.java:shutdownFollowerState(121)) - s4: shutdown FollowerState
2019-09-24 16:43:18,469 INFO  impl.RaftServerImpl (RaftServerImpl.java:setRole(170)) - s4@group-46F048A18FB7: changes role from  FOLLOWER to CANDIDATE at term 3 for changeToCandidate
2019-09-24 16:43:18,469 INFO  impl.RoleInfo (RoleInfo.java:updateAndGet(143)) - s4: start LeaderElection
2019-09-24 16:43:18,474 INFO  impl.FollowerState (FollowerState.java:run(108)) - s3@group-46F048A18FB7-FollowerState: change to CANDIDATE, lastRpcTime:231ms, electionTimeout:230ms
2019-09-24 16:43:18,475 INFO  impl.RoleInfo (RoleInfo.java:shutdownFollowerState(121)) - s3: shutdown FollowerState
2019-09-24 16:43:18,475 INFO  impl.RaftServerImpl (RaftServerImpl.java:setRole(170)) - s3@group-46F048A18FB7: changes role from  FOLLOWER to CANDIDATE at term 3 for changeToCandidate
2019-09-24 16:43:18,475 INFO  impl.RoleInfo (RoleInfo.java:updateAndGet(143)) - s3: start LeaderElection
2019-09-24 16:43:18,500 INFO  impl.FollowerState (FollowerState.java:run(108)) - s0@group-46F048A18FB7-FollowerState: change to CANDIDATE, lastRpcTime:250ms, electionTimeout:250ms
2019-09-24 16:43:18,500 INFO  impl.RoleInfo (RoleInfo.java:shutdownFollowerState(121)) - s0: shutdown FollowerState
2019-09-24 16:43:18,500 INFO  impl.RaftServerImpl (RaftServerImpl.java:setRole(170)) - s0@group-46F048A18FB7: changes role from  FOLLOWER to CANDIDATE at term 3 for changeToCandidate
2019-09-24 16:43:18,501 INFO  impl.RoleInfo (RoleInfo.java:updateAndGet(143)) - s0: start LeaderElection
2019-09-24 16:43:18,539 INFO  impl.FollowerState (FollowerState.java:run(108)) - s1@group-46F048A18FB7-FollowerState: change to CANDIDATE, lastRpcTime:295ms, electionTimeout:294ms
2019-09-24 16:43:18,540 INFO  impl.RoleInfo (RoleInfo.java:shutdownFollowerState(121)) - s1: shutdown FollowerState
2019-09-24 16:43:18,540 INFO  impl.RaftServerImpl (RaftServerImpl.java:setRole(170)) - s1@group-46F048A18FB7: changes role from  FOLLOWER to CANDIDATE at term 3 for changeToCandidate
2019-09-24 16:43:18,540 INFO  impl.RoleInfo (RoleInfo.java:updateAndGet(143)) - s1: start LeaderElection
2019-09-24 16:43:18,806 WARN  ratis.RaftTestUtil (JavaUtils.java:attempt(158)) - FAILED "waitForLeader-null-(expectLeader? true)", attempt #50/100: java.lang.IllegalStateException: No leader yet : printing ALL groups
  s3:  RUNNING CANDIDATE s3@group-46F048A18FB7:t4, leader=null, voted=s3, raftlog=s3@group-46F048A18FB7-SegmentedRaftLog:OPENED:c-1,f-1,i0, conf=-1: [s3:0.0.0.0:39188, s4:0.0.0.0:40778, s0:0.0.0.0:42012, s1:0.0.0.0:45336, s2:0.0.0.0:38783], old=null RUNNING
  s4:  RUNNING CANDIDATE s4@group-46F048A18FB7:t4, leader=null, voted=s4, raftlog=s4@group-46F048A18FB7-SegmentedRaftLog:OPENED:c-1,f-1,i0, conf=-1: [s3:0.0.0.0:39188, s4:0.0.0.0:40778, s0:0.0.0.0:42012, s1:0.0.0.0:45336, s2:0.0.0.0:38783], old=null RUNNING
  s0:  RUNNING CANDIDATE s0@group-46F048A18FB7:t4, leader=null, voted=s0, raftlog=s0@group-46F048A18FB7-SegmentedRaftLog:OPENED:c-1,f-1,i0, conf=-1: [s3:0.0.0.0:39188, s4:0.0.0.0:40778, s0:0.0.0.0:42012, s1:0.0.0.0:45336, s2:0.0.0.0:38783], old=null RUNNING
  s1:  RUNNING CANDIDATE s1@group-46F048A18FB7:t4, leader=null, voted=s1, raftlog=s1@group-46F048A18FB7-SegmentedRaftLog:OPENED:c-1,f-1,i0, conf=-1: [s3:0.0.0.0:39188, s4:0.0.0.0:40778, s0:0.0.0.0:42012, s1:0.0.0.0:45336, s2:0.0.0.0:38783], old=null RUNNING
  s2:  RUNNING CANDIDATE s2@group-46F048A18FB7:t4, leader=null, voted=s2, raftlog=s2@group-46F048A18FB7-SegmentedRaftLog:OPENED:c-1,f-1,i0, conf=-1: [s3:0.0.0.0:39188, s4:0.0.0.0:40778, s0:0.0.0.0:42012, s1:0.0.0.0:45336, s2:0.0.0.0:38783], old=null RUNNING, sleep 450ms and then retry.
java.lang.IllegalStateException: No leader yet : printing ALL groups
  s3:  RUNNING CANDIDATE s3@group-46F048A18FB7:t4, leader=null, voted=s3, raftlog=s3@group-46F048A18FB7-SegmentedRaftLog:OPENED:c-1,f-1,i0, conf=-1: [s3:0.0.0.0:39188, s4:0.0.0.0:40778, s0:0.0.0.0:42012, s1:0.0.0.0:45336, s2:0.0.0.0:38783], old=null RUNNING
  s4:  RUNNING CANDIDATE s4@group-46F048A18FB7:t4, leader=null, voted=s4, raftlog=s4@group-46F048A18FB7-SegmentedRaftLog:OPENED:c-1,f-1,i0, conf=-1: [s3:0.0.0.0:39188, s4:0.0.0.0:40778, s0:0.0.0.0:42012, s1:0.0.0.0:45336, s2:0.0.0.0:38783], old=null RUNNING
  s0:  RUNNING CANDIDATE s0@group-46F048A18FB7:t4, leader=null, voted=s0, raftlog=s0@group-46F048A18FB7-SegmentedRaftLog:OPENED:c-1,f-1,i0, conf=-1: [s3:0.0.0.0:39188, s4:0.0.0.0:40778, s0:0.0.0.0:42012, s1:0.0.0.0:45336, s2:0.0.0.0:38783], old=null RUNNING
  s1:  RUNNING CANDIDATE s1@group-46F048A18FB7:t4, leader=null, voted=s1, raftlog=s1@group-46F048A18FB7-SegmentedRaftLog:OPENED:c-1,f-1,i0, conf=-1: [s3:0.0.0.0:39188, s4:0.0.0.0:40778, s0:0.0.0.0:42012, s1:0.0.0.0:45336, s2:0.0.0.0:38783], old=null RUNNING
  s2:  RUNNING CANDIDATE s2@group-46F048A18FB7:t4, leader=null, voted=s2, raftlog=s2@group-46F048A18FB7-SegmentedRaftLog:OPENED:c-1,f-1,i0, conf=-1: [s3:0.0.0.0:39188, s4:0.0.0.0:40778, s0:0.0.0.0:42012, s1:0.0.0.0:45336, s2:0.0.0.0:38783], old=null RUNNING
	at org.apache.ratis.MiniRaftCluster.newIllegalStateExceptionForNoLeaders(MiniRaftCluster.java:506)
	at org.apache.ratis.RaftTestUtil.lambda$waitForLeader$1(RaftTestUtil.java:90)
	at org.apache.ratis.MiniRaftCluster.getLeader(MiniRaftCluster.java:539)
	at org.apache.ratis.MiniRaftCluster.getLeader(MiniRaftCluster.java:532)
	at org.apache.ratis.RaftTestUtil.lambda$waitForLeader$3(RaftTestUtil.java:98)
	at org.apache.ratis.util.JavaUtils.attempt(JavaUtils.java:152)
	at org.apache.ratis.RaftTestUtil.waitForLeader(RaftTestUtil.java:97)
	at org.apache.ratis.RaftTestUtil.waitForLeader(RaftTestUtil.java:77)
	at org.apache.ratis.RaftTestUtil.waitForLeader(RaftTestUtil.java:72)
	at org.apache.ratis.RaftBasicTests.testWithLoad(RaftBasicTests.java:336)
	at org.apache.ratis.RaftBasicTests.lambda$testWithLoad$10(RaftBasicTests.java:328)
	at org.apache.ratis.MiniRaftCluster$Factory$Get.runWithNewCluster(MiniRaftCluster.java:125)
	at org.apache.ratis.MiniRaftCluster$Factory$Get.runWithNewCluster(MiniRaftCluster.java:113)
	at org.apache.ratis.RaftBasicTests.testWithLoad(RaftBasicTests.java:328)
	at org.apache.ratis.netty.TestRaftWithNetty.testWithLoad(TestRaftWithNetty.java:31)
	at sun.reflect.NativeMethodAccessorImpl.invoke0(Native Method)
	at sun.reflect.NativeMethodAccessorImpl.invoke(NativeMethodAccessorImpl.java:62)
	at sun.reflect.DelegatingMethodAccessorImpl.invoke(DelegatingMethodAccessorImpl.java:43)
	at java.lang.reflect.Method.invoke(Method.java:498)
	at org.junit.runners.model.FrameworkMethod$1.runReflectiveCall(FrameworkMethod.java:50)
	at org.junit.internal.runners.model.ReflectiveCallable.run(ReflectiveCallable.java:12)
	at org.junit.runners.model.FrameworkMethod.invokeExplosively(FrameworkMethod.java:47)
	at org.junit.internal.runners.statements.InvokeMethod.evaluate(InvokeMethod.java:17)
	at org.junit.internal.runners.statements.RunAfters.evaluate(RunAfters.java:27)
	at org.junit.internal.runners.statements.FailOnTimeout$CallableStatement.call(FailOnTimeout.java:298)
	at org.junit.internal.runners.statements.FailOnTimeout$CallableStatement.call(FailOnTimeout.java:292)
	at java.util.concurrent.FutureTask.run(FutureTask.java:266)
	at java.lang.Thread.run(Thread.java:748)
2019-09-24 16:43:19,258 WARN  ratis.RaftTestUtil (JavaUtils.java:attempt(158)) - FAILED "waitForLeader-null-(expectLeader? true)", attempt #51/100: java.lang.IllegalStateException: No leader yet : printing ALL groups
  s3:  RUNNING CANDIDATE s3@group-46F048A18FB7:t4, leader=null, voted=s3, raftlog=s3@group-46F048A18FB7-SegmentedRaftLog:OPENED:c-1,f-1,i0, conf=-1: [s3:0.0.0.0:39188, s4:0.0.0.0:40778, s0:0.0.0.0:42012, s1:0.0.0.0:45336, s2:0.0.0.0:38783], old=null RUNNING
  s4:  RUNNING CANDIDATE s4@group-46F048A18FB7:t4, leader=null, voted=s4, raftlog=s4@group-46F048A18FB7-SegmentedRaftLog:OPENED:c-1,f-1,i0, conf=-1: [s3:0.0.0.0:39188, s4:0.0.0.0:40778, s0:0.0.0.0:42012, s1:0.0.0.0:45336, s2:0.0.0.0:38783], old=null RUNNING
  s0:  RUNNING CANDIDATE s0@group-46F048A18FB7:t4, leader=null, voted=s0, raftlog=s0@group-46F048A18FB7-SegmentedRaftLog:OPENED:c-1,f-1,i0, conf=-1: [s3:0.0.0.0:39188, s4:0.0.0.0:40778, s0:0.0.0.0:42012, s1:0.0.0.0:45336, s2:0.0.0.0:38783], old=null RUNNING
  s1:  RUNNING CANDIDATE s1@group-46F048A18FB7:t4, leader=null, voted=s1, raftlog=s1@group-46F048A18FB7-SegmentedRaftLog:OPENED:c-1,f-1,i0, conf=-1: [s3:0.0.0.0:39188, s4:0.0.0.0:40778, s0:0.0.0.0:42012, s1:0.0.0.0:45336, s2:0.0.0.0:38783], old=null RUNNING
  s2:  RUNNING CANDIDATE s2@group-46F048A18FB7:t4, leader=null, voted=s2, raftlog=s2@group-46F048A18FB7-SegmentedRaftLog:OPENED:c-1,f-1,i0, conf=-1: [s3:0.0.0.0:39188, s4:0.0.0.0:40778, s0:0.0.0.0:42012, s1:0.0.0.0:45336, s2:0.0.0.0:38783], old=null RUNNING, sleep 450ms and then retry.
java.lang.IllegalStateException: No leader yet : printing ALL groups
  s3:  RUNNING CANDIDATE s3@group-46F048A18FB7:t4, leader=null, voted=s3, raftlog=s3@group-46F048A18FB7-SegmentedRaftLog:OPENED:c-1,f-1,i0, conf=-1: [s3:0.0.0.0:39188, s4:0.0.0.0:40778, s0:0.0.0.0:42012, s1:0.0.0.0:45336, s2:0.0.0.0:38783], old=null RUNNING
  s4:  RUNNING CANDIDATE s4@group-46F048A18FB7:t4, leader=null, voted=s4, raftlog=s4@group-46F048A18FB7-SegmentedRaftLog:OPENED:c-1,f-1,i0, conf=-1: [s3:0.0.0.0:39188, s4:0.0.0.0:40778, s0:0.0.0.0:42012, s1:0.0.0.0:45336, s2:0.0.0.0:38783], old=null RUNNING
  s0:  RUNNING CANDIDATE s0@group-46F048A18FB7:t4, leader=null, voted=s0, raftlog=s0@group-46F048A18FB7-SegmentedRaftLog:OPENED:c-1,f-1,i0, conf=-1: [s3:0.0.0.0:39188, s4:0.0.0.0:40778, s0:0.0.0.0:42012, s1:0.0.0.0:45336, s2:0.0.0.0:38783], old=null RUNNING
  s1:  RUNNING CANDIDATE s1@group-46F048A18FB7:t4, leader=null, voted=s1, raftlog=s1@group-46F048A18FB7-SegmentedRaftLog:OPENED:c-1,f-1,i0, conf=-1: [s3:0.0.0.0:39188, s4:0.0.0.0:40778, s0:0.0.0.0:42012, s1:0.0.0.0:45336, s2:0.0.0.0:38783], old=null RUNNING
  s2:  RUNNING CANDIDATE s2@group-46F048A18FB7:t4, leader=null, voted=s2, raftlog=s2@group-46F048A18FB7-SegmentedRaftLog:OPENED:c-1,f-1,i0, conf=-1: [s3:0.0.0.0:39188, s4:0.0.0.0:40778, s0:0.0.0.0:42012, s1:0.0.0.0:45336, s2:0.0.0.0:38783], old=null RUNNING
	at org.apache.ratis.MiniRaftCluster.newIllegalStateExceptionForNoLeaders(MiniRaftCluster.java:506)
	at org.apache.ratis.RaftTestUtil.lambda$waitForLeader$1(RaftTestUtil.java:90)
	at org.apache.ratis.MiniRaftCluster.getLeader(MiniRaftCluster.java:539)
	at org.apache.ratis.MiniRaftCluster.getLeader(MiniRaftCluster.java:532)
	at org.apache.ratis.RaftTestUtil.lambda$waitForLeader$3(RaftTestUtil.java:98)
	at org.apache.ratis.util.JavaUtils.attempt(JavaUtils.java:152)
	at org.apache.ratis.RaftTestUtil.waitForLeader(RaftTestUtil.java:97)
	at org.apache.ratis.RaftTestUtil.waitForLeader(RaftTestUtil.java:77)
	at org.apache.ratis.RaftTestUtil.waitForLeader(RaftTestUtil.java:72)
	at org.apache.ratis.RaftBasicTests.testWithLoad(RaftBasicTests.java:336)
	at org.apache.ratis.RaftBasicTests.lambda$testWithLoad$10(RaftBasicTests.java:328)
	at org.apache.ratis.MiniRaftCluster$Factory$Get.runWithNewCluster(MiniRaftCluster.java:125)
	at org.apache.ratis.MiniRaftCluster$Factory$Get.runWithNewCluster(MiniRaftCluster.java:113)
	at org.apache.ratis.RaftBasicTests.testWithLoad(RaftBasicTests.java:328)
	at org.apache.ratis.netty.TestRaftWithNetty.testWithLoad(TestRaftWithNetty.java:31)
	at sun.reflect.NativeMethodAccessorImpl.invoke0(Native Method)
	at sun.reflect.NativeMethodAccessorImpl.invoke(NativeMethodAccessorImpl.java:62)
	at sun.reflect.DelegatingMethodAccessorImpl.invoke(DelegatingMethodAccessorImpl.java:43)
	at java.lang.reflect.Method.invoke(Method.java:498)
	at org.junit.runners.model.FrameworkMethod$1.runReflectiveCall(FrameworkMethod.java:50)
	at org.junit.internal.runners.model.ReflectiveCallable.run(ReflectiveCallable.java:12)
	at org.junit.runners.model.FrameworkMethod.invokeExplosively(FrameworkMethod.java:47)
	at org.junit.internal.runners.statements.InvokeMethod.evaluate(InvokeMethod.java:17)
	at org.junit.internal.runners.statements.RunAfters.evaluate(RunAfters.java:27)
	at org.junit.internal.runners.statements.FailOnTimeout$CallableStatement.call(FailOnTimeout.java:298)
	at org.junit.internal.runners.statements.FailOnTimeout$CallableStatement.call(FailOnTimeout.java:292)
	at java.util.concurrent.FutureTask.run(FutureTask.java:266)
	at java.lang.Thread.run(Thread.java:748)
2019-09-24 16:43:19,710 WARN  ratis.RaftTestUtil (JavaUtils.java:attempt(158)) - FAILED "waitForLeader-null-(expectLeader? true)", attempt #52/100: java.lang.IllegalStateException: No leader yet : printing ALL groups
  s3:  RUNNING CANDIDATE s3@group-46F048A18FB7:t4, leader=null, voted=s3, raftlog=s3@group-46F048A18FB7-SegmentedRaftLog:OPENED:c-1,f-1,i0, conf=-1: [s3:0.0.0.0:39188, s4:0.0.0.0:40778, s0:0.0.0.0:42012, s1:0.0.0.0:45336, s2:0.0.0.0:38783], old=null RUNNING
  s4:  RUNNING CANDIDATE s4@group-46F048A18FB7:t4, leader=null, voted=s4, raftlog=s4@group-46F048A18FB7-SegmentedRaftLog:OPENED:c-1,f-1,i0, conf=-1: [s3:0.0.0.0:39188, s4:0.0.0.0:40778, s0:0.0.0.0:42012, s1:0.0.0.0:45336, s2:0.0.0.0:38783], old=null RUNNING
  s0:  RUNNING CANDIDATE s0@group-46F048A18FB7:t4, leader=null, voted=s0, raftlog=s0@group-46F048A18FB7-SegmentedRaftLog:OPENED:c-1,f-1,i0, conf=-1: [s3:0.0.0.0:39188, s4:0.0.0.0:40778, s0:0.0.0.0:42012, s1:0.0.0.0:45336, s2:0.0.0.0:38783], old=null RUNNING
  s1:  RUNNING CANDIDATE s1@group-46F048A18FB7:t4, leader=null, voted=s1, raftlog=s1@group-46F048A18FB7-SegmentedRaftLog:OPENED:c-1,f-1,i0, conf=-1: [s3:0.0.0.0:39188, s4:0.0.0.0:40778, s0:0.0.0.0:42012, s1:0.0.0.0:45336, s2:0.0.0.0:38783], old=null RUNNING
  s2:  RUNNING CANDIDATE s2@group-46F048A18FB7:t4, leader=null, voted=s2, raftlog=s2@group-46F048A18FB7-SegmentedRaftLog:OPENED:c-1,f-1,i0, conf=-1: [s3:0.0.0.0:39188, s4:0.0.0.0:40778, s0:0.0.0.0:42012, s1:0.0.0.0:45336, s2:0.0.0.0:38783], old=null RUNNING, sleep 450ms and then retry.
java.lang.IllegalStateException: No leader yet : printing ALL groups
  s3:  RUNNING CANDIDATE s3@group-46F048A18FB7:t4, leader=null, voted=s3, raftlog=s3@group-46F048A18FB7-SegmentedRaftLog:OPENED:c-1,f-1,i0, conf=-1: [s3:0.0.0.0:39188, s4:0.0.0.0:40778, s0:0.0.0.0:42012, s1:0.0.0.0:45336, s2:0.0.0.0:38783], old=null RUNNING
  s4:  RUNNING CANDIDATE s4@group-46F048A18FB7:t4, leader=null, voted=s4, raftlog=s4@group-46F048A18FB7-SegmentedRaftLog:OPENED:c-1,f-1,i0, conf=-1: [s3:0.0.0.0:39188, s4:0.0.0.0:40778, s0:0.0.0.0:42012, s1:0.0.0.0:45336, s2:0.0.0.0:38783], old=null RUNNING
  s0:  RUNNING CANDIDATE s0@group-46F048A18FB7:t4, leader=null, voted=s0, raftlog=s0@group-46F048A18FB7-SegmentedRaftLog:OPENED:c-1,f-1,i0, conf=-1: [s3:0.0.0.0:39188, s4:0.0.0.0:40778, s0:0.0.0.0:42012, s1:0.0.0.0:45336, s2:0.0.0.0:38783], old=null RUNNING
  s1:  RUNNING CANDIDATE s1@group-46F048A18FB7:t4, leader=null, voted=s1, raftlog=s1@group-46F048A18FB7-SegmentedRaftLog:OPENED:c-1,f-1,i0, conf=-1: [s3:0.0.0.0:39188, s4:0.0.0.0:40778, s0:0.0.0.0:42012, s1:0.0.0.0:45336, s2:0.0.0.0:38783], old=null RUNNING
  s2:  RUNNING CANDIDATE s2@group-46F048A18FB7:t4, leader=null, voted=s2, raftlog=s2@group-46F048A18FB7-SegmentedRaftLog:OPENED:c-1,f-1,i0, conf=-1: [s3:0.0.0.0:39188, s4:0.0.0.0:40778, s0:0.0.0.0:42012, s1:0.0.0.0:45336, s2:0.0.0.0:38783], old=null RUNNING
	at org.apache.ratis.MiniRaftCluster.newIllegalStateExceptionForNoLeaders(MiniRaftCluster.java:506)
	at org.apache.ratis.RaftTestUtil.lambda$waitForLeader$1(RaftTestUtil.java:90)
	at org.apache.ratis.MiniRaftCluster.getLeader(MiniRaftCluster.java:539)
	at org.apache.ratis.MiniRaftCluster.getLeader(MiniRaftCluster.java:532)
	at org.apache.ratis.RaftTestUtil.lambda$waitForLeader$3(RaftTestUtil.java:98)
	at org.apache.ratis.util.JavaUtils.attempt(JavaUtils.java:152)
	at org.apache.ratis.RaftTestUtil.waitForLeader(RaftTestUtil.java:97)
	at org.apache.ratis.RaftTestUtil.waitForLeader(RaftTestUtil.java:77)
	at org.apache.ratis.RaftTestUtil.waitForLeader(RaftTestUtil.java:72)
	at org.apache.ratis.RaftBasicTests.testWithLoad(RaftBasicTests.java:336)
	at org.apache.ratis.RaftBasicTests.lambda$testWithLoad$10(RaftBasicTests.java:328)
	at org.apache.ratis.MiniRaftCluster$Factory$Get.runWithNewCluster(MiniRaftCluster.java:125)
	at org.apache.ratis.MiniRaftCluster$Factory$Get.runWithNewCluster(MiniRaftCluster.java:113)
	at org.apache.ratis.RaftBasicTests.testWithLoad(RaftBasicTests.java:328)
	at org.apache.ratis.netty.TestRaftWithNetty.testWithLoad(TestRaftWithNetty.java:31)
	at sun.reflect.NativeMethodAccessorImpl.invoke0(Native Method)
	at sun.reflect.NativeMethodAccessorImpl.invoke(NativeMethodAccessorImpl.java:62)
	at sun.reflect.DelegatingMethodAccessorImpl.invoke(DelegatingMethodAccessorImpl.java:43)
	at java.lang.reflect.Method.invoke(Method.java:498)
	at org.junit.runners.model.FrameworkMethod$1.runReflectiveCall(FrameworkMethod.java:50)
	at org.junit.internal.runners.model.ReflectiveCallable.run(ReflectiveCallable.java:12)
	at org.junit.runners.model.FrameworkMethod.invokeExplosively(FrameworkMethod.java:47)
	at org.junit.internal.runners.statements.InvokeMethod.evaluate(InvokeMethod.java:17)
	at org.junit.internal.runners.statements.RunAfters.evaluate(RunAfters.java:27)
	at org.junit.internal.runners.statements.FailOnTimeout$CallableStatement.call(FailOnTimeout.java:298)
	at org.junit.internal.runners.statements.FailOnTimeout$CallableStatement.call(FailOnTimeout.java:292)
	at java.util.concurrent.FutureTask.run(FutureTask.java:266)
	at java.lang.Thread.run(Thread.java:748)
2019-09-24 16:43:20,162 WARN  ratis.RaftTestUtil (JavaUtils.java:attempt(158)) - FAILED "waitForLeader-null-(expectLeader? true)", attempt #53/100: java.lang.IllegalStateException: No leader yet : printing ALL groups
  s3:  RUNNING CANDIDATE s3@group-46F048A18FB7:t4, leader=null, voted=s3, raftlog=s3@group-46F048A18FB7-SegmentedRaftLog:OPENED:c-1,f-1,i0, conf=-1: [s3:0.0.0.0:39188, s4:0.0.0.0:40778, s0:0.0.0.0:42012, s1:0.0.0.0:45336, s2:0.0.0.0:38783], old=null RUNNING
  s4:  RUNNING CANDIDATE s4@group-46F048A18FB7:t4, leader=null, voted=s4, raftlog=s4@group-46F048A18FB7-SegmentedRaftLog:OPENED:c-1,f-1,i0, conf=-1: [s3:0.0.0.0:39188, s4:0.0.0.0:40778, s0:0.0.0.0:42012, s1:0.0.0.0:45336, s2:0.0.0.0:38783], old=null RUNNING
  s0:  RUNNING CANDIDATE s0@group-46F048A18FB7:t4, leader=null, voted=s0, raftlog=s0@group-46F048A18FB7-SegmentedRaftLog:OPENED:c-1,f-1,i0, conf=-1: [s3:0.0.0.0:39188, s4:0.0.0.0:40778, s0:0.0.0.0:42012, s1:0.0.0.0:45336, s2:0.0.0.0:38783], old=null RUNNING
  s1:  RUNNING CANDIDATE s1@group-46F048A18FB7:t4, leader=null, voted=s1, raftlog=s1@group-46F048A18FB7-SegmentedRaftLog:OPENED:c-1,f-1,i0, conf=-1: [s3:0.0.0.0:39188, s4:0.0.0.0:40778, s0:0.0.0.0:42012, s1:0.0.0.0:45336, s2:0.0.0.0:38783], old=null RUNNING
  s2:  RUNNING CANDIDATE s2@group-46F048A18FB7:t4, leader=null, voted=s2, raftlog=s2@group-46F048A18FB7-SegmentedRaftLog:OPENED:c-1,f-1,i0, conf=-1: [s3:0.0.0.0:39188, s4:0.0.0.0:40778, s0:0.0.0.0:42012, s1:0.0.0.0:45336, s2:0.0.0.0:38783], old=null RUNNING, sleep 450ms and then retry.
java.lang.IllegalStateException: No leader yet : printing ALL groups
  s3:  RUNNING CANDIDATE s3@group-46F048A18FB7:t4, leader=null, voted=s3, raftlog=s3@group-46F048A18FB7-SegmentedRaftLog:OPENED:c-1,f-1,i0, conf=-1: [s3:0.0.0.0:39188, s4:0.0.0.0:40778, s0:0.0.0.0:42012, s1:0.0.0.0:45336, s2:0.0.0.0:38783], old=null RUNNING
  s4:  RUNNING CANDIDATE s4@group-46F048A18FB7:t4, leader=null, voted=s4, raftlog=s4@group-46F048A18FB7-SegmentedRaftLog:OPENED:c-1,f-1,i0, conf=-1: [s3:0.0.0.0:39188, s4:0.0.0.0:40778, s0:0.0.0.0:42012, s1:0.0.0.0:45336, s2:0.0.0.0:38783], old=null RUNNING
  s0:  RUNNING CANDIDATE s0@group-46F048A18FB7:t4, leader=null, voted=s0, raftlog=s0@group-46F048A18FB7-SegmentedRaftLog:OPENED:c-1,f-1,i0, conf=-1: [s3:0.0.0.0:39188, s4:0.0.0.0:40778, s0:0.0.0.0:42012, s1:0.0.0.0:45336, s2:0.0.0.0:38783], old=null RUNNING
  s1:  RUNNING CANDIDATE s1@group-46F048A18FB7:t4, leader=null, voted=s1, raftlog=s1@group-46F048A18FB7-SegmentedRaftLog:OPENED:c-1,f-1,i0, conf=-1: [s3:0.0.0.0:39188, s4:0.0.0.0:40778, s0:0.0.0.0:42012, s1:0.0.0.0:45336, s2:0.0.0.0:38783], old=null RUNNING
  s2:  RUNNING CANDIDATE s2@group-46F048A18FB7:t4, leader=null, voted=s2, raftlog=s2@group-46F048A18FB7-SegmentedRaftLog:OPENED:c-1,f-1,i0, conf=-1: [s3:0.0.0.0:39188, s4:0.0.0.0:40778, s0:0.0.0.0:42012, s1:0.0.0.0:45336, s2:0.0.0.0:38783], old=null RUNNING
	at org.apache.ratis.MiniRaftCluster.newIllegalStateExceptionForNoLeaders(MiniRaftCluster.java:506)
	at org.apache.ratis.RaftTestUtil.lambda$waitForLeader$1(RaftTestUtil.java:90)
	at org.apache.ratis.MiniRaftCluster.getLeader(MiniRaftCluster.java:539)
	at org.apache.ratis.MiniRaftCluster.getLeader(MiniRaftCluster.java:532)
	at org.apache.ratis.RaftTestUtil.lambda$waitForLeader$3(RaftTestUtil.java:98)
	at org.apache.ratis.util.JavaUtils.attempt(JavaUtils.java:152)
	at org.apache.ratis.RaftTestUtil.waitForLeader(RaftTestUtil.java:97)
	at org.apache.ratis.RaftTestUtil.waitForLeader(RaftTestUtil.java:77)
	at org.apache.ratis.RaftTestUtil.waitForLeader(RaftTestUtil.java:72)
	at org.apache.ratis.RaftBasicTests.testWithLoad(RaftBasicTests.java:336)
	at org.apache.ratis.RaftBasicTests.lambda$testWithLoad$10(RaftBasicTests.java:328)
	at org.apache.ratis.MiniRaftCluster$Factory$Get.runWithNewCluster(MiniRaftCluster.java:125)
	at org.apache.ratis.MiniRaftCluster$Factory$Get.runWithNewCluster(MiniRaftCluster.java:113)
	at org.apache.ratis.RaftBasicTests.testWithLoad(RaftBasicTests.java:328)
	at org.apache.ratis.netty.TestRaftWithNetty.testWithLoad(TestRaftWithNetty.java:31)
	at sun.reflect.NativeMethodAccessorImpl.invoke0(Native Method)
	at sun.reflect.NativeMethodAccessorImpl.invoke(NativeMethodAccessorImpl.java:62)
	at sun.reflect.DelegatingMethodAccessorImpl.invoke(DelegatingMethodAccessorImpl.java:43)
	at java.lang.reflect.Method.invoke(Method.java:498)
	at org.junit.runners.model.FrameworkMethod$1.runReflectiveCall(FrameworkMethod.java:50)
	at org.junit.internal.runners.model.ReflectiveCallable.run(ReflectiveCallable.java:12)
	at org.junit.runners.model.FrameworkMethod.invokeExplosively(FrameworkMethod.java:47)
	at org.junit.internal.runners.statements.InvokeMethod.evaluate(InvokeMethod.java:17)
	at org.junit.internal.runners.statements.RunAfters.evaluate(RunAfters.java:27)
	at org.junit.internal.runners.statements.FailOnTimeout$CallableStatement.call(FailOnTimeout.java:298)
	at org.junit.internal.runners.statements.FailOnTimeout$CallableStatement.call(FailOnTimeout.java:292)
	at java.util.concurrent.FutureTask.run(FutureTask.java:266)
	at java.lang.Thread.run(Thread.java:748)
2019-09-24 16:43:20,614 WARN  ratis.RaftTestUtil (JavaUtils.java:attempt(158)) - FAILED "waitForLeader-null-(expectLeader? true)", attempt #54/100: java.lang.IllegalStateException: No leader yet : printing ALL groups
  s3:  RUNNING CANDIDATE s3@group-46F048A18FB7:t4, leader=null, voted=s3, raftlog=s3@group-46F048A18FB7-SegmentedRaftLog:OPENED:c-1,f-1,i0, conf=-1: [s3:0.0.0.0:39188, s4:0.0.0.0:40778, s0:0.0.0.0:42012, s1:0.0.0.0:45336, s2:0.0.0.0:38783], old=null RUNNING
  s4:  RUNNING CANDIDATE s4@group-46F048A18FB7:t4, leader=null, voted=s4, raftlog=s4@group-46F048A18FB7-SegmentedRaftLog:OPENED:c-1,f-1,i0, conf=-1: [s3:0.0.0.0:39188, s4:0.0.0.0:40778, s0:0.0.0.0:42012, s1:0.0.0.0:45336, s2:0.0.0.0:38783], old=null RUNNING
  s0:  RUNNING CANDIDATE s0@group-46F048A18FB7:t4, leader=null, voted=s0, raftlog=s0@group-46F048A18FB7-SegmentedRaftLog:OPENED:c-1,f-1,i0, conf=-1: [s3:0.0.0.0:39188, s4:0.0.0.0:40778, s0:0.0.0.0:42012, s1:0.0.0.0:45336, s2:0.0.0.0:38783], old=null RUNNING
  s1:  RUNNING CANDIDATE s1@group-46F048A18FB7:t4, leader=null, voted=s1, raftlog=s1@group-46F048A18FB7-SegmentedRaftLog:OPENED:c-1,f-1,i0, conf=-1: [s3:0.0.0.0:39188, s4:0.0.0.0:40778, s0:0.0.0.0:42012, s1:0.0.0.0:45336, s2:0.0.0.0:38783], old=null RUNNING
  s2:  RUNNING CANDIDATE s2@group-46F048A18FB7:t4, leader=null, voted=s2, raftlog=s2@group-46F048A18FB7-SegmentedRaftLog:OPENED:c-1,f-1,i0, conf=-1: [s3:0.0.0.0:39188, s4:0.0.0.0:40778, s0:0.0.0.0:42012, s1:0.0.0.0:45336, s2:0.0.0.0:38783], old=null RUNNING, sleep 450ms and then retry.
java.lang.IllegalStateException: No leader yet : printing ALL groups
  s3:  RUNNING CANDIDATE s3@group-46F048A18FB7:t4, leader=null, voted=s3, raftlog=s3@group-46F048A18FB7-SegmentedRaftLog:OPENED:c-1,f-1,i0, conf=-1: [s3:0.0.0.0:39188, s4:0.0.0.0:40778, s0:0.0.0.0:42012, s1:0.0.0.0:45336, s2:0.0.0.0:38783], old=null RUNNING
  s4:  RUNNING CANDIDATE s4@group-46F048A18FB7:t4, leader=null, voted=s4, raftlog=s4@group-46F048A18FB7-SegmentedRaftLog:OPENED:c-1,f-1,i0, conf=-1: [s3:0.0.0.0:39188, s4:0.0.0.0:40778, s0:0.0.0.0:42012, s1:0.0.0.0:45336, s2:0.0.0.0:38783], old=null RUNNING
  s0:  RUNNING CANDIDATE s0@group-46F048A18FB7:t4, leader=null, voted=s0, raftlog=s0@group-46F048A18FB7-SegmentedRaftLog:OPENED:c-1,f-1,i0, conf=-1: [s3:0.0.0.0:39188, s4:0.0.0.0:40778, s0:0.0.0.0:42012, s1:0.0.0.0:45336, s2:0.0.0.0:38783], old=null RUNNING
  s1:  RUNNING CANDIDATE s1@group-46F048A18FB7:t4, leader=null, voted=s1, raftlog=s1@group-46F048A18FB7-SegmentedRaftLog:OPENED:c-1,f-1,i0, conf=-1: [s3:0.0.0.0:39188, s4:0.0.0.0:40778, s0:0.0.0.0:42012, s1:0.0.0.0:45336, s2:0.0.0.0:38783], old=null RUNNING
  s2:  RUNNING CANDIDATE s2@group-46F048A18FB7:t4, leader=null, voted=s2, raftlog=s2@group-46F048A18FB7-SegmentedRaftLog:OPENED:c-1,f-1,i0, conf=-1: [s3:0.0.0.0:39188, s4:0.0.0.0:40778, s0:0.0.0.0:42012, s1:0.0.0.0:45336, s2:0.0.0.0:38783], old=null RUNNING
	at org.apache.ratis.MiniRaftCluster.newIllegalStateExceptionForNoLeaders(MiniRaftCluster.java:506)
	at org.apache.ratis.RaftTestUtil.lambda$waitForLeader$1(RaftTestUtil.java:90)
	at org.apache.ratis.MiniRaftCluster.getLeader(MiniRaftCluster.java:539)
	at org.apache.ratis.MiniRaftCluster.getLeader(MiniRaftCluster.java:532)
	at org.apache.ratis.RaftTestUtil.lambda$waitForLeader$3(RaftTestUtil.java:98)
	at org.apache.ratis.util.JavaUtils.attempt(JavaUtils.java:152)
	at org.apache.ratis.RaftTestUtil.waitForLeader(RaftTestUtil.java:97)
	at org.apache.ratis.RaftTestUtil.waitForLeader(RaftTestUtil.java:77)
	at org.apache.ratis.RaftTestUtil.waitForLeader(RaftTestUtil.java:72)
	at org.apache.ratis.RaftBasicTests.testWithLoad(RaftBasicTests.java:336)
	at org.apache.ratis.RaftBasicTests.lambda$testWithLoad$10(RaftBasicTests.java:328)
	at org.apache.ratis.MiniRaftCluster$Factory$Get.runWithNewCluster(MiniRaftCluster.java:125)
	at org.apache.ratis.MiniRaftCluster$Factory$Get.runWithNewCluster(MiniRaftCluster.java:113)
	at org.apache.ratis.RaftBasicTests.testWithLoad(RaftBasicTests.java:328)
	at org.apache.ratis.netty.TestRaftWithNetty.testWithLoad(TestRaftWithNetty.java:31)
	at sun.reflect.NativeMethodAccessorImpl.invoke0(Native Method)
	at sun.reflect.NativeMethodAccessorImpl.invoke(NativeMethodAccessorImpl.java:62)
	at sun.reflect.DelegatingMethodAccessorImpl.invoke(DelegatingMethodAccessorImpl.java:43)
	at java.lang.reflect.Method.invoke(Method.java:498)
	at org.junit.runners.model.FrameworkMethod$1.runReflectiveCall(FrameworkMethod.java:50)
	at org.junit.internal.runners.model.ReflectiveCallable.run(ReflectiveCallable.java:12)
	at org.junit.runners.model.FrameworkMethod.invokeExplosively(FrameworkMethod.java:47)
	at org.junit.internal.runners.statements.InvokeMethod.evaluate(InvokeMethod.java:17)
	at org.junit.internal.runners.statements.RunAfters.evaluate(RunAfters.java:27)
	at org.junit.internal.runners.statements.FailOnTimeout$CallableStatement.call(FailOnTimeout.java:298)
	at org.junit.internal.runners.statements.FailOnTimeout$CallableStatement.call(FailOnTimeout.java:292)
	at java.util.concurrent.FutureTask.run(FutureTask.java:266)
	at java.lang.Thread.run(Thread.java:748)
2019-09-24 16:43:21,066 WARN  ratis.RaftTestUtil (JavaUtils.java:attempt(158)) - FAILED "waitForLeader-null-(expectLeader? true)", attempt #55/100: java.lang.IllegalStateException: No leader yet : printing ALL groups
  s3:  RUNNING CANDIDATE s3@group-46F048A18FB7:t4, leader=null, voted=s3, raftlog=s3@group-46F048A18FB7-SegmentedRaftLog:OPENED:c-1,f-1,i0, conf=-1: [s3:0.0.0.0:39188, s4:0.0.0.0:40778, s0:0.0.0.0:42012, s1:0.0.0.0:45336, s2:0.0.0.0:38783], old=null RUNNING
  s4:  RUNNING CANDIDATE s4@group-46F048A18FB7:t4, leader=null, voted=s4, raftlog=s4@group-46F048A18FB7-SegmentedRaftLog:OPENED:c-1,f-1,i0, conf=-1: [s3:0.0.0.0:39188, s4:0.0.0.0:40778, s0:0.0.0.0:42012, s1:0.0.0.0:45336, s2:0.0.0.0:38783], old=null RUNNING
  s0:  RUNNING CANDIDATE s0@group-46F048A18FB7:t4, leader=null, voted=s0, raftlog=s0@group-46F048A18FB7-SegmentedRaftLog:OPENED:c-1,f-1,i0, conf=-1: [s3:0.0.0.0:39188, s4:0.0.0.0:40778, s0:0.0.0.0:42012, s1:0.0.0.0:45336, s2:0.0.0.0:38783], old=null RUNNING
  s1:  RUNNING CANDIDATE s1@group-46F048A18FB7:t4, leader=null, voted=s1, raftlog=s1@group-46F048A18FB7-SegmentedRaftLog:OPENED:c-1,f-1,i0, conf=-1: [s3:0.0.0.0:39188, s4:0.0.0.0:40778, s0:0.0.0.0:42012, s1:0.0.0.0:45336, s2:0.0.0.0:38783], old=null RUNNING
  s2:  RUNNING CANDIDATE s2@group-46F048A18FB7:t4, leader=null, voted=s2, raftlog=s2@group-46F048A18FB7-SegmentedRaftLog:OPENED:c-1,f-1,i0, conf=-1: [s3:0.0.0.0:39188, s4:0.0.0.0:40778, s0:0.0.0.0:42012, s1:0.0.0.0:45336, s2:0.0.0.0:38783], old=null RUNNING, sleep 450ms and then retry.
java.lang.IllegalStateException: No leader yet : printing ALL groups
  s3:  RUNNING CANDIDATE s3@group-46F048A18FB7:t4, leader=null, voted=s3, raftlog=s3@group-46F048A18FB7-SegmentedRaftLog:OPENED:c-1,f-1,i0, conf=-1: [s3:0.0.0.0:39188, s4:0.0.0.0:40778, s0:0.0.0.0:42012, s1:0.0.0.0:45336, s2:0.0.0.0:38783], old=null RUNNING
  s4:  RUNNING CANDIDATE s4@group-46F048A18FB7:t4, leader=null, voted=s4, raftlog=s4@group-46F048A18FB7-SegmentedRaftLog:OPENED:c-1,f-1,i0, conf=-1: [s3:0.0.0.0:39188, s4:0.0.0.0:40778, s0:0.0.0.0:42012, s1:0.0.0.0:45336, s2:0.0.0.0:38783], old=null RUNNING
  s0:  RUNNING CANDIDATE s0@group-46F048A18FB7:t4, leader=null, voted=s0, raftlog=s0@group-46F048A18FB7-SegmentedRaftLog:OPENED:c-1,f-1,i0, conf=-1: [s3:0.0.0.0:39188, s4:0.0.0.0:40778, s0:0.0.0.0:42012, s1:0.0.0.0:45336, s2:0.0.0.0:38783], old=null RUNNING
  s1:  RUNNING CANDIDATE s1@group-46F048A18FB7:t4, leader=null, voted=s1, raftlog=s1@group-46F048A18FB7-SegmentedRaftLog:OPENED:c-1,f-1,i0, conf=-1: [s3:0.0.0.0:39188, s4:0.0.0.0:40778, s0:0.0.0.0:42012, s1:0.0.0.0:45336, s2:0.0.0.0:38783], old=null RUNNING
  s2:  RUNNING CANDIDATE s2@group-46F048A18FB7:t4, leader=null, voted=s2, raftlog=s2@group-46F048A18FB7-SegmentedRaftLog:OPENED:c-1,f-1,i0, conf=-1: [s3:0.0.0.0:39188, s4:0.0.0.0:40778, s0:0.0.0.0:42012, s1:0.0.0.0:45336, s2:0.0.0.0:38783], old=null RUNNING
	at org.apache.ratis.MiniRaftCluster.newIllegalStateExceptionForNoLeaders(MiniRaftCluster.java:506)
	at org.apache.ratis.RaftTestUtil.lambda$waitForLeader$1(RaftTestUtil.java:90)
	at org.apache.ratis.MiniRaftCluster.getLeader(MiniRaftCluster.java:539)
	at org.apache.ratis.MiniRaftCluster.getLeader(MiniRaftCluster.java:532)
	at org.apache.ratis.RaftTestUtil.lambda$waitForLeader$3(RaftTestUtil.java:98)
	at org.apache.ratis.util.JavaUtils.attempt(JavaUtils.java:152)
	at org.apache.ratis.RaftTestUtil.waitForLeader(RaftTestUtil.java:97)
	at org.apache.ratis.RaftTestUtil.waitForLeader(RaftTestUtil.java:77)
	at org.apache.ratis.RaftTestUtil.waitForLeader(RaftTestUtil.java:72)
	at org.apache.ratis.RaftBasicTests.testWithLoad(RaftBasicTests.java:336)
	at org.apache.ratis.RaftBasicTests.lambda$testWithLoad$10(RaftBasicTests.java:328)
	at org.apache.ratis.MiniRaftCluster$Factory$Get.runWithNewCluster(MiniRaftCluster.java:125)
	at org.apache.ratis.MiniRaftCluster$Factory$Get.runWithNewCluster(MiniRaftCluster.java:113)
	at org.apache.ratis.RaftBasicTests.testWithLoad(RaftBasicTests.java:328)
	at org.apache.ratis.netty.TestRaftWithNetty.testWithLoad(TestRaftWithNetty.java:31)
	at sun.reflect.NativeMethodAccessorImpl.invoke0(Native Method)
	at sun.reflect.NativeMethodAccessorImpl.invoke(NativeMethodAccessorImpl.java:62)
	at sun.reflect.DelegatingMethodAccessorImpl.invoke(DelegatingMethodAccessorImpl.java:43)
	at java.lang.reflect.Method.invoke(Method.java:498)
	at org.junit.runners.model.FrameworkMethod$1.runReflectiveCall(FrameworkMethod.java:50)
	at org.junit.internal.runners.model.ReflectiveCallable.run(ReflectiveCallable.java:12)
	at org.junit.runners.model.FrameworkMethod.invokeExplosively(FrameworkMethod.java:47)
	at org.junit.internal.runners.statements.InvokeMethod.evaluate(InvokeMethod.java:17)
	at org.junit.internal.runners.statements.RunAfters.evaluate(RunAfters.java:27)
	at org.junit.internal.runners.statements.FailOnTimeout$CallableStatement.call(FailOnTimeout.java:298)
	at org.junit.internal.runners.statements.FailOnTimeout$CallableStatement.call(FailOnTimeout.java:292)
	at java.util.concurrent.FutureTask.run(FutureTask.java:266)
	at java.lang.Thread.run(Thread.java:748)
2019-09-24 16:43:21,518 WARN  ratis.RaftTestUtil (JavaUtils.java:attempt(158)) - FAILED "waitForLeader-null-(expectLeader? true)", attempt #56/100: java.lang.IllegalStateException: No leader yet : printing ALL groups
  s3:  RUNNING CANDIDATE s3@group-46F048A18FB7:t4, leader=null, voted=s3, raftlog=s3@group-46F048A18FB7-SegmentedRaftLog:OPENED:c-1,f-1,i0, conf=-1: [s3:0.0.0.0:39188, s4:0.0.0.0:40778, s0:0.0.0.0:42012, s1:0.0.0.0:45336, s2:0.0.0.0:38783], old=null RUNNING
  s4:  RUNNING CANDIDATE s4@group-46F048A18FB7:t4, leader=null, voted=s4, raftlog=s4@group-46F048A18FB7-SegmentedRaftLog:OPENED:c-1,f-1,i0, conf=-1: [s3:0.0.0.0:39188, s4:0.0.0.0:40778, s0:0.0.0.0:42012, s1:0.0.0.0:45336, s2:0.0.0.0:38783], old=null RUNNING
  s0:  RUNNING CANDIDATE s0@group-46F048A18FB7:t4, leader=null, voted=s0, raftlog=s0@group-46F048A18FB7-SegmentedRaftLog:OPENED:c-1,f-1,i0, conf=-1: [s3:0.0.0.0:39188, s4:0.0.0.0:40778, s0:0.0.0.0:42012, s1:0.0.0.0:45336, s2:0.0.0.0:38783], old=null RUNNING
  s1:  RUNNING CANDIDATE s1@group-46F048A18FB7:t4, leader=null, voted=s1, raftlog=s1@group-46F048A18FB7-SegmentedRaftLog:OPENED:c-1,f-1,i0, conf=-1: [s3:0.0.0.0:39188, s4:0.0.0.0:40778, s0:0.0.0.0:42012, s1:0.0.0.0:45336, s2:0.0.0.0:38783], old=null RUNNING
  s2:  RUNNING CANDIDATE s2@group-46F048A18FB7:t4, leader=null, voted=s2, raftlog=s2@group-46F048A18FB7-SegmentedRaftLog:OPENED:c-1,f-1,i0, conf=-1: [s3:0.0.0.0:39188, s4:0.0.0.0:40778, s0:0.0.0.0:42012, s1:0.0.0.0:45336, s2:0.0.0.0:38783], old=null RUNNING, sleep 450ms and then retry.
java.lang.IllegalStateException: No leader yet : printing ALL groups
  s3:  RUNNING CANDIDATE s3@group-46F048A18FB7:t4, leader=null, voted=s3, raftlog=s3@group-46F048A18FB7-SegmentedRaftLog:OPENED:c-1,f-1,i0, conf=-1: [s3:0.0.0.0:39188, s4:0.0.0.0:40778, s0:0.0.0.0:42012, s1:0.0.0.0:45336, s2:0.0.0.0:38783], old=null RUNNING
  s4:  RUNNING CANDIDATE s4@group-46F048A18FB7:t4, leader=null, voted=s4, raftlog=s4@group-46F048A18FB7-SegmentedRaftLog:OPENED:c-1,f-1,i0, conf=-1: [s3:0.0.0.0:39188, s4:0.0.0.0:40778, s0:0.0.0.0:42012, s1:0.0.0.0:45336, s2:0.0.0.0:38783], old=null RUNNING
  s0:  RUNNING CANDIDATE s0@group-46F048A18FB7:t4, leader=null, voted=s0, raftlog=s0@group-46F048A18FB7-SegmentedRaftLog:OPENED:c-1,f-1,i0, conf=-1: [s3:0.0.0.0:39188, s4:0.0.0.0:40778, s0:0.0.0.0:42012, s1:0.0.0.0:45336, s2:0.0.0.0:38783], old=null RUNNING
  s1:  RUNNING CANDIDATE s1@group-46F048A18FB7:t4, leader=null, voted=s1, raftlog=s1@group-46F048A18FB7-SegmentedRaftLog:OPENED:c-1,f-1,i0, conf=-1: [s3:0.0.0.0:39188, s4:0.0.0.0:40778, s0:0.0.0.0:42012, s1:0.0.0.0:45336, s2:0.0.0.0:38783], old=null RUNNING
  s2:  RUNNING CANDIDATE s2@group-46F048A18FB7:t4, leader=null, voted=s2, raftlog=s2@group-46F048A18FB7-SegmentedRaftLog:OPENED:c-1,f-1,i0, conf=-1: [s3:0.0.0.0:39188, s4:0.0.0.0:40778, s0:0.0.0.0:42012, s1:0.0.0.0:45336, s2:0.0.0.0:38783], old=null RUNNING
	at org.apache.ratis.MiniRaftCluster.newIllegalStateExceptionForNoLeaders(MiniRaftCluster.java:506)
	at org.apache.ratis.RaftTestUtil.lambda$waitForLeader$1(RaftTestUtil.java:90)
	at org.apache.ratis.MiniRaftCluster.getLeader(MiniRaftCluster.java:539)
	at org.apache.ratis.MiniRaftCluster.getLeader(MiniRaftCluster.java:532)
	at org.apache.ratis.RaftTestUtil.lambda$waitForLeader$3(RaftTestUtil.java:98)
	at org.apache.ratis.util.JavaUtils.attempt(JavaUtils.java:152)
	at org.apache.ratis.RaftTestUtil.waitForLeader(RaftTestUtil.java:97)
	at org.apache.ratis.RaftTestUtil.waitForLeader(RaftTestUtil.java:77)
	at org.apache.ratis.RaftTestUtil.waitForLeader(RaftTestUtil.java:72)
	at org.apache.ratis.RaftBasicTests.testWithLoad(RaftBasicTests.java:336)
	at org.apache.ratis.RaftBasicTests.lambda$testWithLoad$10(RaftBasicTests.java:328)
	at org.apache.ratis.MiniRaftCluster$Factory$Get.runWithNewCluster(MiniRaftCluster.java:125)
	at org.apache.ratis.MiniRaftCluster$Factory$Get.runWithNewCluster(MiniRaftCluster.java:113)
	at org.apache.ratis.RaftBasicTests.testWithLoad(RaftBasicTests.java:328)
	at org.apache.ratis.netty.TestRaftWithNetty.testWithLoad(TestRaftWithNetty.java:31)
	at sun.reflect.NativeMethodAccessorImpl.invoke0(Native Method)
	at sun.reflect.NativeMethodAccessorImpl.invoke(NativeMethodAccessorImpl.java:62)
	at sun.reflect.DelegatingMethodAccessorImpl.invoke(DelegatingMethodAccessorImpl.java:43)
	at java.lang.reflect.Method.invoke(Method.java:498)
	at org.junit.runners.model.FrameworkMethod$1.runReflectiveCall(FrameworkMethod.java:50)
	at org.junit.internal.runners.model.ReflectiveCallable.run(ReflectiveCallable.java:12)
	at org.junit.runners.model.FrameworkMethod.invokeExplosively(FrameworkMethod.java:47)
	at org.junit.internal.runners.statements.InvokeMethod.evaluate(InvokeMethod.java:17)
	at org.junit.internal.runners.statements.RunAfters.evaluate(RunAfters.java:27)
	at org.junit.internal.runners.statements.FailOnTimeout$CallableStatement.call(FailOnTimeout.java:298)
	at org.junit.internal.runners.statements.FailOnTimeout$CallableStatement.call(FailOnTimeout.java:292)
	at java.util.concurrent.FutureTask.run(FutureTask.java:266)
	at java.lang.Thread.run(Thread.java:748)
2019-09-24 16:43:21,969 WARN  ratis.RaftTestUtil (JavaUtils.java:attempt(158)) - FAILED "waitForLeader-null-(expectLeader? true)", attempt #57/100: java.lang.IllegalStateException: No leader yet : printing ALL groups
  s3:  RUNNING CANDIDATE s3@group-46F048A18FB7:t4, leader=null, voted=s3, raftlog=s3@group-46F048A18FB7-SegmentedRaftLog:OPENED:c-1,f-1,i0, conf=-1: [s3:0.0.0.0:39188, s4:0.0.0.0:40778, s0:0.0.0.0:42012, s1:0.0.0.0:45336, s2:0.0.0.0:38783], old=null RUNNING
  s4:  RUNNING CANDIDATE s4@group-46F048A18FB7:t4, leader=null, voted=s4, raftlog=s4@group-46F048A18FB7-SegmentedRaftLog:OPENED:c-1,f-1,i0, conf=-1: [s3:0.0.0.0:39188, s4:0.0.0.0:40778, s0:0.0.0.0:42012, s1:0.0.0.0:45336, s2:0.0.0.0:38783], old=null RUNNING
  s0:  RUNNING CANDIDATE s0@group-46F048A18FB7:t4, leader=null, voted=s0, raftlog=s0@group-46F048A18FB7-SegmentedRaftLog:OPENED:c-1,f-1,i0, conf=-1: [s3:0.0.0.0:39188, s4:0.0.0.0:40778, s0:0.0.0.0:42012, s1:0.0.0.0:45336, s2:0.0.0.0:38783], old=null RUNNING
  s1:  RUNNING CANDIDATE s1@group-46F048A18FB7:t4, leader=null, voted=s1, raftlog=s1@group-46F048A18FB7-SegmentedRaftLog:OPENED:c-1,f-1,i0, conf=-1: [s3:0.0.0.0:39188, s4:0.0.0.0:40778, s0:0.0.0.0:42012, s1:0.0.0.0:45336, s2:0.0.0.0:38783], old=null RUNNING
  s2:  RUNNING CANDIDATE s2@group-46F048A18FB7:t4, leader=null, voted=s2, raftlog=s2@group-46F048A18FB7-SegmentedRaftLog:OPENED:c-1,f-1,i0, conf=-1: [s3:0.0.0.0:39188, s4:0.0.0.0:40778, s0:0.0.0.0:42012, s1:0.0.0.0:45336, s2:0.0.0.0:38783], old=null RUNNING, sleep 450ms and then retry.
java.lang.IllegalStateException: No leader yet : printing ALL groups
  s3:  RUNNING CANDIDATE s3@group-46F048A18FB7:t4, leader=null, voted=s3, raftlog=s3@group-46F048A18FB7-SegmentedRaftLog:OPENED:c-1,f-1,i0, conf=-1: [s3:0.0.0.0:39188, s4:0.0.0.0:40778, s0:0.0.0.0:42012, s1:0.0.0.0:45336, s2:0.0.0.0:38783], old=null RUNNING
  s4:  RUNNING CANDIDATE s4@group-46F048A18FB7:t4, leader=null, voted=s4, raftlog=s4@group-46F048A18FB7-SegmentedRaftLog:OPENED:c-1,f-1,i0, conf=-1: [s3:0.0.0.0:39188, s4:0.0.0.0:40778, s0:0.0.0.0:42012, s1:0.0.0.0:45336, s2:0.0.0.0:38783], old=null RUNNING
  s0:  RUNNING CANDIDATE s0@group-46F048A18FB7:t4, leader=null, voted=s0, raftlog=s0@group-46F048A18FB7-SegmentedRaftLog:OPENED:c-1,f-1,i0, conf=-1: [s3:0.0.0.0:39188, s4:0.0.0.0:40778, s0:0.0.0.0:42012, s1:0.0.0.0:45336, s2:0.0.0.0:38783], old=null RUNNING
  s1:  RUNNING CANDIDATE s1@group-46F048A18FB7:t4, leader=null, voted=s1, raftlog=s1@group-46F048A18FB7-SegmentedRaftLog:OPENED:c-1,f-1,i0, conf=-1: [s3:0.0.0.0:39188, s4:0.0.0.0:40778, s0:0.0.0.0:42012, s1:0.0.0.0:45336, s2:0.0.0.0:38783], old=null RUNNING
  s2:  RUNNING CANDIDATE s2@group-46F048A18FB7:t4, leader=null, voted=s2, raftlog=s2@group-46F048A18FB7-SegmentedRaftLog:OPENED:c-1,f-1,i0, conf=-1: [s3:0.0.0.0:39188, s4:0.0.0.0:40778, s0:0.0.0.0:42012, s1:0.0.0.0:45336, s2:0.0.0.0:38783], old=null RUNNING
	at org.apache.ratis.MiniRaftCluster.newIllegalStateExceptionForNoLeaders(MiniRaftCluster.java:506)
	at org.apache.ratis.RaftTestUtil.lambda$waitForLeader$1(RaftTestUtil.java:90)
	at org.apache.ratis.MiniRaftCluster.getLeader(MiniRaftCluster.java:539)
	at org.apache.ratis.MiniRaftCluster.getLeader(MiniRaftCluster.java:532)
	at org.apache.ratis.RaftTestUtil.lambda$waitForLeader$3(RaftTestUtil.java:98)
	at org.apache.ratis.util.JavaUtils.attempt(JavaUtils.java:152)
	at org.apache.ratis.RaftTestUtil.waitForLeader(RaftTestUtil.java:97)
	at org.apache.ratis.RaftTestUtil.waitForLeader(RaftTestUtil.java:77)
	at org.apache.ratis.RaftTestUtil.waitForLeader(RaftTestUtil.java:72)
	at org.apache.ratis.RaftBasicTests.testWithLoad(RaftBasicTests.java:336)
	at org.apache.ratis.RaftBasicTests.lambda$testWithLoad$10(RaftBasicTests.java:328)
	at org.apache.ratis.MiniRaftCluster$Factory$Get.runWithNewCluster(MiniRaftCluster.java:125)
	at org.apache.ratis.MiniRaftCluster$Factory$Get.runWithNewCluster(MiniRaftCluster.java:113)
	at org.apache.ratis.RaftBasicTests.testWithLoad(RaftBasicTests.java:328)
	at org.apache.ratis.netty.TestRaftWithNetty.testWithLoad(TestRaftWithNetty.java:31)
	at sun.reflect.NativeMethodAccessorImpl.invoke0(Native Method)
	at sun.reflect.NativeMethodAccessorImpl.invoke(NativeMethodAccessorImpl.java:62)
	at sun.reflect.DelegatingMethodAccessorImpl.invoke(DelegatingMethodAccessorImpl.java:43)
	at java.lang.reflect.Method.invoke(Method.java:498)
	at org.junit.runners.model.FrameworkMethod$1.runReflectiveCall(FrameworkMethod.java:50)
	at org.junit.internal.runners.model.ReflectiveCallable.run(ReflectiveCallable.java:12)
	at org.junit.runners.model.FrameworkMethod.invokeExplosively(FrameworkMethod.java:47)
	at org.junit.internal.runners.statements.InvokeMethod.evaluate(InvokeMethod.java:17)
	at org.junit.internal.runners.statements.RunAfters.evaluate(RunAfters.java:27)
	at org.junit.internal.runners.statements.FailOnTimeout$CallableStatement.call(FailOnTimeout.java:298)
	at org.junit.internal.runners.statements.FailOnTimeout$CallableStatement.call(FailOnTimeout.java:292)
	at java.util.concurrent.FutureTask.run(FutureTask.java:266)
	at java.lang.Thread.run(Thread.java:748)
2019-09-24 16:43:22,421 WARN  ratis.RaftTestUtil (JavaUtils.java:attempt(158)) - FAILED "waitForLeader-null-(expectLeader? true)", attempt #58/100: java.lang.IllegalStateException: No leader yet : printing ALL groups
  s3:  RUNNING CANDIDATE s3@group-46F048A18FB7:t4, leader=null, voted=s3, raftlog=s3@group-46F048A18FB7-SegmentedRaftLog:OPENED:c-1,f-1,i0, conf=-1: [s3:0.0.0.0:39188, s4:0.0.0.0:40778, s0:0.0.0.0:42012, s1:0.0.0.0:45336, s2:0.0.0.0:38783], old=null RUNNING
  s4:  RUNNING CANDIDATE s4@group-46F048A18FB7:t4, leader=null, voted=s4, raftlog=s4@group-46F048A18FB7-SegmentedRaftLog:OPENED:c-1,f-1,i0, conf=-1: [s3:0.0.0.0:39188, s4:0.0.0.0:40778, s0:0.0.0.0:42012, s1:0.0.0.0:45336, s2:0.0.0.0:38783], old=null RUNNING
  s0:  RUNNING CANDIDATE s0@group-46F048A18FB7:t4, leader=null, voted=s0, raftlog=s0@group-46F048A18FB7-SegmentedRaftLog:OPENED:c-1,f-1,i0, conf=-1: [s3:0.0.0.0:39188, s4:0.0.0.0:40778, s0:0.0.0.0:42012, s1:0.0.0.0:45336, s2:0.0.0.0:38783], old=null RUNNING
  s1:  RUNNING CANDIDATE s1@group-46F048A18FB7:t4, leader=null, voted=s1, raftlog=s1@group-46F048A18FB7-SegmentedRaftLog:OPENED:c-1,f-1,i0, conf=-1: [s3:0.0.0.0:39188, s4:0.0.0.0:40778, s0:0.0.0.0:42012, s1:0.0.0.0:45336, s2:0.0.0.0:38783], old=null RUNNING
  s2:  RUNNING CANDIDATE s2@group-46F048A18FB7:t4, leader=null, voted=s2, raftlog=s2@group-46F048A18FB7-SegmentedRaftLog:OPENED:c-1,f-1,i0, conf=-1: [s3:0.0.0.0:39188, s4:0.0.0.0:40778, s0:0.0.0.0:42012, s1:0.0.0.0:45336, s2:0.0.0.0:38783], old=null RUNNING, sleep 450ms and then retry.
java.lang.IllegalStateException: No leader yet : printing ALL groups
  s3:  RUNNING CANDIDATE s3@group-46F048A18FB7:t4, leader=null, voted=s3, raftlog=s3@group-46F048A18FB7-SegmentedRaftLog:OPENED:c-1,f-1,i0, conf=-1: [s3:0.0.0.0:39188, s4:0.0.0.0:40778, s0:0.0.0.0:42012, s1:0.0.0.0:45336, s2:0.0.0.0:38783], old=null RUNNING
  s4:  RUNNING CANDIDATE s4@group-46F048A18FB7:t4, leader=null, voted=s4, raftlog=s4@group-46F048A18FB7-SegmentedRaftLog:OPENED:c-1,f-1,i0, conf=-1: [s3:0.0.0.0:39188, s4:0.0.0.0:40778, s0:0.0.0.0:42012, s1:0.0.0.0:45336, s2:0.0.0.0:38783], old=null RUNNING
  s0:  RUNNING CANDIDATE s0@group-46F048A18FB7:t4, leader=null, voted=s0, raftlog=s0@group-46F048A18FB7-SegmentedRaftLog:OPENED:c-1,f-1,i0, conf=-1: [s3:0.0.0.0:39188, s4:0.0.0.0:40778, s0:0.0.0.0:42012, s1:0.0.0.0:45336, s2:0.0.0.0:38783], old=null RUNNING
  s1:  RUNNING CANDIDATE s1@group-46F048A18FB7:t4, leader=null, voted=s1, raftlog=s1@group-46F048A18FB7-SegmentedRaftLog:OPENED:c-1,f-1,i0, conf=-1: [s3:0.0.0.0:39188, s4:0.0.0.0:40778, s0:0.0.0.0:42012, s1:0.0.0.0:45336, s2:0.0.0.0:38783], old=null RUNNING
  s2:  RUNNING CANDIDATE s2@group-46F048A18FB7:t4, leader=null, voted=s2, raftlog=s2@group-46F048A18FB7-SegmentedRaftLog:OPENED:c-1,f-1,i0, conf=-1: [s3:0.0.0.0:39188, s4:0.0.0.0:40778, s0:0.0.0.0:42012, s1:0.0.0.0:45336, s2:0.0.0.0:38783], old=null RUNNING
	at org.apache.ratis.MiniRaftCluster.newIllegalStateExceptionForNoLeaders(MiniRaftCluster.java:506)
	at org.apache.ratis.RaftTestUtil.lambda$waitForLeader$1(RaftTestUtil.java:90)
	at org.apache.ratis.MiniRaftCluster.getLeader(MiniRaftCluster.java:539)
	at org.apache.ratis.MiniRaftCluster.getLeader(MiniRaftCluster.java:532)
	at org.apache.ratis.RaftTestUtil.lambda$waitForLeader$3(RaftTestUtil.java:98)
	at org.apache.ratis.util.JavaUtils.attempt(JavaUtils.java:152)
	at org.apache.ratis.RaftTestUtil.waitForLeader(RaftTestUtil.java:97)
	at org.apache.ratis.RaftTestUtil.waitForLeader(RaftTestUtil.java:77)
	at org.apache.ratis.RaftTestUtil.waitForLeader(RaftTestUtil.java:72)
	at org.apache.ratis.RaftBasicTests.testWithLoad(RaftBasicTests.java:336)
	at org.apache.ratis.RaftBasicTests.lambda$testWithLoad$10(RaftBasicTests.java:328)
	at org.apache.ratis.MiniRaftCluster$Factory$Get.runWithNewCluster(MiniRaftCluster.java:125)
	at org.apache.ratis.MiniRaftCluster$Factory$Get.runWithNewCluster(MiniRaftCluster.java:113)
	at org.apache.ratis.RaftBasicTests.testWithLoad(RaftBasicTests.java:328)
	at org.apache.ratis.netty.TestRaftWithNetty.testWithLoad(TestRaftWithNetty.java:31)
	at sun.reflect.NativeMethodAccessorImpl.invoke0(Native Method)
	at sun.reflect.NativeMethodAccessorImpl.invoke(NativeMethodAccessorImpl.java:62)
	at sun.reflect.DelegatingMethodAccessorImpl.invoke(DelegatingMethodAccessorImpl.java:43)
	at java.lang.reflect.Method.invoke(Method.java:498)
	at org.junit.runners.model.FrameworkMethod$1.runReflectiveCall(FrameworkMethod.java:50)
	at org.junit.internal.runners.model.ReflectiveCallable.run(ReflectiveCallable.java:12)
	at org.junit.runners.model.FrameworkMethod.invokeExplosively(FrameworkMethod.java:47)
	at org.junit.internal.runners.statements.InvokeMethod.evaluate(InvokeMethod.java:17)
	at org.junit.internal.runners.statements.RunAfters.evaluate(RunAfters.java:27)
	at org.junit.internal.runners.statements.FailOnTimeout$CallableStatement.call(FailOnTimeout.java:298)
	at org.junit.internal.runners.statements.FailOnTimeout$CallableStatement.call(FailOnTimeout.java:292)
	at java.util.concurrent.FutureTask.run(FutureTask.java:266)
	at java.lang.Thread.run(Thread.java:748)
2019-09-24 16:43:22,873 WARN  ratis.RaftTestUtil (JavaUtils.java:attempt(158)) - FAILED "waitForLeader-null-(expectLeader? true)", attempt #59/100: java.lang.IllegalStateException: No leader yet : printing ALL groups
  s3:  RUNNING CANDIDATE s3@group-46F048A18FB7:t4, leader=null, voted=s3, raftlog=s3@group-46F048A18FB7-SegmentedRaftLog:OPENED:c-1,f-1,i0, conf=-1: [s3:0.0.0.0:39188, s4:0.0.0.0:40778, s0:0.0.0.0:42012, s1:0.0.0.0:45336, s2:0.0.0.0:38783], old=null RUNNING
  s4:  RUNNING CANDIDATE s4@group-46F048A18FB7:t4, leader=null, voted=s4, raftlog=s4@group-46F048A18FB7-SegmentedRaftLog:OPENED:c-1,f-1,i0, conf=-1: [s3:0.0.0.0:39188, s4:0.0.0.0:40778, s0:0.0.0.0:42012, s1:0.0.0.0:45336, s2:0.0.0.0:38783], old=null RUNNING
  s0:  RUNNING CANDIDATE s0@group-46F048A18FB7:t4, leader=null, voted=s0, raftlog=s0@group-46F048A18FB7-SegmentedRaftLog:OPENED:c-1,f-1,i0, conf=-1: [s3:0.0.0.0:39188, s4:0.0.0.0:40778, s0:0.0.0.0:42012, s1:0.0.0.0:45336, s2:0.0.0.0:38783], old=null RUNNING
  s1:  RUNNING CANDIDATE s1@group-46F048A18FB7:t4, leader=null, voted=s1, raftlog=s1@group-46F048A18FB7-SegmentedRaftLog:OPENED:c-1,f-1,i0, conf=-1: [s3:0.0.0.0:39188, s4:0.0.0.0:40778, s0:0.0.0.0:42012, s1:0.0.0.0:45336, s2:0.0.0.0:38783], old=null RUNNING
  s2:  RUNNING CANDIDATE s2@group-46F048A18FB7:t4, leader=null, voted=s2, raftlog=s2@group-46F048A18FB7-SegmentedRaftLog:OPENED:c-1,f-1,i0, conf=-1: [s3:0.0.0.0:39188, s4:0.0.0.0:40778, s0:0.0.0.0:42012, s1:0.0.0.0:45336, s2:0.0.0.0:38783], old=null RUNNING, sleep 450ms and then retry.
java.lang.IllegalStateException: No leader yet : printing ALL groups
  s3:  RUNNING CANDIDATE s3@group-46F048A18FB7:t4, leader=null, voted=s3, raftlog=s3@group-46F048A18FB7-SegmentedRaftLog:OPENED:c-1,f-1,i0, conf=-1: [s3:0.0.0.0:39188, s4:0.0.0.0:40778, s0:0.0.0.0:42012, s1:0.0.0.0:45336, s2:0.0.0.0:38783], old=null RUNNING
  s4:  RUNNING CANDIDATE s4@group-46F048A18FB7:t4, leader=null, voted=s4, raftlog=s4@group-46F048A18FB7-SegmentedRaftLog:OPENED:c-1,f-1,i0, conf=-1: [s3:0.0.0.0:39188, s4:0.0.0.0:40778, s0:0.0.0.0:42012, s1:0.0.0.0:45336, s2:0.0.0.0:38783], old=null RUNNING
  s0:  RUNNING CANDIDATE s0@group-46F048A18FB7:t4, leader=null, voted=s0, raftlog=s0@group-46F048A18FB7-SegmentedRaftLog:OPENED:c-1,f-1,i0, conf=-1: [s3:0.0.0.0:39188, s4:0.0.0.0:40778, s0:0.0.0.0:42012, s1:0.0.0.0:45336, s2:0.0.0.0:38783], old=null RUNNING
  s1:  RUNNING CANDIDATE s1@group-46F048A18FB7:t4, leader=null, voted=s1, raftlog=s1@group-46F048A18FB7-SegmentedRaftLog:OPENED:c-1,f-1,i0, conf=-1: [s3:0.0.0.0:39188, s4:0.0.0.0:40778, s0:0.0.0.0:42012, s1:0.0.0.0:45336, s2:0.0.0.0:38783], old=null RUNNING
  s2:  RUNNING CANDIDATE s2@group-46F048A18FB7:t4, leader=null, voted=s2, raftlog=s2@group-46F048A18FB7-SegmentedRaftLog:OPENED:c-1,f-1,i0, conf=-1: [s3:0.0.0.0:39188, s4:0.0.0.0:40778, s0:0.0.0.0:42012, s1:0.0.0.0:45336, s2:0.0.0.0:38783], old=null RUNNING
	at org.apache.ratis.MiniRaftCluster.newIllegalStateExceptionForNoLeaders(MiniRaftCluster.java:506)
	at org.apache.ratis.RaftTestUtil.lambda$waitForLeader$1(RaftTestUtil.java:90)
	at org.apache.ratis.MiniRaftCluster.getLeader(MiniRaftCluster.java:539)
	at org.apache.ratis.MiniRaftCluster.getLeader(MiniRaftCluster.java:532)
	at org.apache.ratis.RaftTestUtil.lambda$waitForLeader$3(RaftTestUtil.java:98)
	at org.apache.ratis.util.JavaUtils.attempt(JavaUtils.java:152)
	at org.apache.ratis.RaftTestUtil.waitForLeader(RaftTestUtil.java:97)
	at org.apache.ratis.RaftTestUtil.waitForLeader(RaftTestUtil.java:77)
	at org.apache.ratis.RaftTestUtil.waitForLeader(RaftTestUtil.java:72)
	at org.apache.ratis.RaftBasicTests.testWithLoad(RaftBasicTests.java:336)
	at org.apache.ratis.RaftBasicTests.lambda$testWithLoad$10(RaftBasicTests.java:328)
	at org.apache.ratis.MiniRaftCluster$Factory$Get.runWithNewCluster(MiniRaftCluster.java:125)
	at org.apache.ratis.MiniRaftCluster$Factory$Get.runWithNewCluster(MiniRaftCluster.java:113)
	at org.apache.ratis.RaftBasicTests.testWithLoad(RaftBasicTests.java:328)
	at org.apache.ratis.netty.TestRaftWithNetty.testWithLoad(TestRaftWithNetty.java:31)
	at sun.reflect.NativeMethodAccessorImpl.invoke0(Native Method)
	at sun.reflect.NativeMethodAccessorImpl.invoke(NativeMethodAccessorImpl.java:62)
	at sun.reflect.DelegatingMethodAccessorImpl.invoke(DelegatingMethodAccessorImpl.java:43)
	at java.lang.reflect.Method.invoke(Method.java:498)
	at org.junit.runners.model.FrameworkMethod$1.runReflectiveCall(FrameworkMethod.java:50)
	at org.junit.internal.runners.model.ReflectiveCallable.run(ReflectiveCallable.java:12)
	at org.junit.runners.model.FrameworkMethod.invokeExplosively(FrameworkMethod.java:47)
	at org.junit.internal.runners.statements.InvokeMethod.evaluate(InvokeMethod.java:17)
	at org.junit.internal.runners.statements.RunAfters.evaluate(RunAfters.java:27)
	at org.junit.internal.runners.statements.FailOnTimeout$CallableStatement.call(FailOnTimeout.java:298)
	at org.junit.internal.runners.statements.FailOnTimeout$CallableStatement.call(FailOnTimeout.java:292)
	at java.util.concurrent.FutureTask.run(FutureTask.java:266)
	at java.lang.Thread.run(Thread.java:748)
2019-09-24 16:43:23,325 WARN  ratis.RaftTestUtil (JavaUtils.java:attempt(158)) - FAILED "waitForLeader-null-(expectLeader? true)", attempt #60/100: java.lang.IllegalStateException: No leader yet : printing ALL groups
  s3:  RUNNING CANDIDATE s3@group-46F048A18FB7:t4, leader=null, voted=s3, raftlog=s3@group-46F048A18FB7-SegmentedRaftLog:OPENED:c-1,f-1,i0, conf=-1: [s3:0.0.0.0:39188, s4:0.0.0.0:40778, s0:0.0.0.0:42012, s1:0.0.0.0:45336, s2:0.0.0.0:38783], old=null RUNNING
  s4:  RUNNING CANDIDATE s4@group-46F048A18FB7:t4, leader=null, voted=s4, raftlog=s4@group-46F048A18FB7-SegmentedRaftLog:OPENED:c-1,f-1,i0, conf=-1: [s3:0.0.0.0:39188, s4:0.0.0.0:40778, s0:0.0.0.0:42012, s1:0.0.0.0:45336, s2:0.0.0.0:38783], old=null RUNNING
  s0:  RUNNING CANDIDATE s0@group-46F048A18FB7:t4, leader=null, voted=s0, raftlog=s0@group-46F048A18FB7-SegmentedRaftLog:OPENED:c-1,f-1,i0, conf=-1: [s3:0.0.0.0:39188, s4:0.0.0.0:40778, s0:0.0.0.0:42012, s1:0.0.0.0:45336, s2:0.0.0.0:38783], old=null RUNNING
  s1:  RUNNING CANDIDATE s1@group-46F048A18FB7:t4, leader=null, voted=s1, raftlog=s1@group-46F048A18FB7-SegmentedRaftLog:OPENED:c-1,f-1,i0, conf=-1: [s3:0.0.0.0:39188, s4:0.0.0.0:40778, s0:0.0.0.0:42012, s1:0.0.0.0:45336, s2:0.0.0.0:38783], old=null RUNNING
  s2:  RUNNING CANDIDATE s2@group-46F048A18FB7:t4, leader=null, voted=s2, raftlog=s2@group-46F048A18FB7-SegmentedRaftLog:OPENED:c-1,f-1,i0, conf=-1: [s3:0.0.0.0:39188, s4:0.0.0.0:40778, s0:0.0.0.0:42012, s1:0.0.0.0:45336, s2:0.0.0.0:38783], old=null RUNNING, sleep 450ms and then retry.
java.lang.IllegalStateException: No leader yet : printing ALL groups
  s3:  RUNNING CANDIDATE s3@group-46F048A18FB7:t4, leader=null, voted=s3, raftlog=s3@group-46F048A18FB7-SegmentedRaftLog:OPENED:c-1,f-1,i0, conf=-1: [s3:0.0.0.0:39188, s4:0.0.0.0:40778, s0:0.0.0.0:42012, s1:0.0.0.0:45336, s2:0.0.0.0:38783], old=null RUNNING
  s4:  RUNNING CANDIDATE s4@group-46F048A18FB7:t4, leader=null, voted=s4, raftlog=s4@group-46F048A18FB7-SegmentedRaftLog:OPENED:c-1,f-1,i0, conf=-1: [s3:0.0.0.0:39188, s4:0.0.0.0:40778, s0:0.0.0.0:42012, s1:0.0.0.0:45336, s2:0.0.0.0:38783], old=null RUNNING
  s0:  RUNNING CANDIDATE s0@group-46F048A18FB7:t4, leader=null, voted=s0, raftlog=s0@group-46F048A18FB7-SegmentedRaftLog:OPENED:c-1,f-1,i0, conf=-1: [s3:0.0.0.0:39188, s4:0.0.0.0:40778, s0:0.0.0.0:42012, s1:0.0.0.0:45336, s2:0.0.0.0:38783], old=null RUNNING
  s1:  RUNNING CANDIDATE s1@group-46F048A18FB7:t4, leader=null, voted=s1, raftlog=s1@group-46F048A18FB7-SegmentedRaftLog:OPENED:c-1,f-1,i0, conf=-1: [s3:0.0.0.0:39188, s4:0.0.0.0:40778, s0:0.0.0.0:42012, s1:0.0.0.0:45336, s2:0.0.0.0:38783], old=null RUNNING
  s2:  RUNNING CANDIDATE s2@group-46F048A18FB7:t4, leader=null, voted=s2, raftlog=s2@group-46F048A18FB7-SegmentedRaftLog:OPENED:c-1,f-1,i0, conf=-1: [s3:0.0.0.0:39188, s4:0.0.0.0:40778, s0:0.0.0.0:42012, s1:0.0.0.0:45336, s2:0.0.0.0:38783], old=null RUNNING
	at org.apache.ratis.MiniRaftCluster.newIllegalStateExceptionForNoLeaders(MiniRaftCluster.java:506)
	at org.apache.ratis.RaftTestUtil.lambda$waitForLeader$1(RaftTestUtil.java:90)
	at org.apache.ratis.MiniRaftCluster.getLeader(MiniRaftCluster.java:539)
	at org.apache.ratis.MiniRaftCluster.getLeader(MiniRaftCluster.java:532)
	at org.apache.ratis.RaftTestUtil.lambda$waitForLeader$3(RaftTestUtil.java:98)
	at org.apache.ratis.util.JavaUtils.attempt(JavaUtils.java:152)
	at org.apache.ratis.RaftTestUtil.waitForLeader(RaftTestUtil.java:97)
	at org.apache.ratis.RaftTestUtil.waitForLeader(RaftTestUtil.java:77)
	at org.apache.ratis.RaftTestUtil.waitForLeader(RaftTestUtil.java:72)
	at org.apache.ratis.RaftBasicTests.testWithLoad(RaftBasicTests.java:336)
	at org.apache.ratis.RaftBasicTests.lambda$testWithLoad$10(RaftBasicTests.java:328)
	at org.apache.ratis.MiniRaftCluster$Factory$Get.runWithNewCluster(MiniRaftCluster.java:125)
	at org.apache.ratis.MiniRaftCluster$Factory$Get.runWithNewCluster(MiniRaftCluster.java:113)
	at org.apache.ratis.RaftBasicTests.testWithLoad(RaftBasicTests.java:328)
	at org.apache.ratis.netty.TestRaftWithNetty.testWithLoad(TestRaftWithNetty.java:31)
	at sun.reflect.NativeMethodAccessorImpl.invoke0(Native Method)
	at sun.reflect.NativeMethodAccessorImpl.invoke(NativeMethodAccessorImpl.java:62)
	at sun.reflect.DelegatingMethodAccessorImpl.invoke(DelegatingMethodAccessorImpl.java:43)
	at java.lang.reflect.Method.invoke(Method.java:498)
	at org.junit.runners.model.FrameworkMethod$1.runReflectiveCall(FrameworkMethod.java:50)
	at org.junit.internal.runners.model.ReflectiveCallable.run(ReflectiveCallable.java:12)
	at org.junit.runners.model.FrameworkMethod.invokeExplosively(FrameworkMethod.java:47)
	at org.junit.internal.runners.statements.InvokeMethod.evaluate(InvokeMethod.java:17)
	at org.junit.internal.runners.statements.RunAfters.evaluate(RunAfters.java:27)
	at org.junit.internal.runners.statements.FailOnTimeout$CallableStatement.call(FailOnTimeout.java:298)
	at org.junit.internal.runners.statements.FailOnTimeout$CallableStatement.call(FailOnTimeout.java:292)
	at java.util.concurrent.FutureTask.run(FutureTask.java:266)
	at java.lang.Thread.run(Thread.java:748)
2019-09-24 16:43:23,665 INFO  impl.LeaderElection (LeaderElection.java:askForVotes(178)) - s0@group-46F048A18FB7-LeaderElection14: begin an election at term 4 for -1: [s3:0.0.0.0:39188, s4:0.0.0.0:40778, s0:0.0.0.0:42012, s1:0.0.0.0:45336, s2:0.0.0.0:38783], old=null
2019-09-24 16:43:23,665 INFO  impl.LeaderElection (LeaderElection.java:askForVotes(178)) - s2@group-46F048A18FB7-LeaderElection11: begin an election at term 4 for -1: [s3:0.0.0.0:39188, s4:0.0.0.0:40778, s0:0.0.0.0:42012, s1:0.0.0.0:45336, s2:0.0.0.0:38783], old=null
2019-09-24 16:43:23,665 INFO  impl.LeaderElection (LeaderElection.java:askForVotes(178)) - s4@group-46F048A18FB7-LeaderElection12: begin an election at term 4 for -1: [s3:0.0.0.0:39188, s4:0.0.0.0:40778, s0:0.0.0.0:42012, s1:0.0.0.0:45336, s2:0.0.0.0:38783], old=null
2019-09-24 16:43:23,665 INFO  impl.LeaderElection (LeaderElection.java:askForVotes(178)) - s3@group-46F048A18FB7-LeaderElection13: begin an election at term 4 for -1: [s3:0.0.0.0:39188, s4:0.0.0.0:40778, s0:0.0.0.0:42012, s1:0.0.0.0:45336, s2:0.0.0.0:38783], old=null
2019-09-24 16:43:23,665 INFO  impl.LeaderElection (LeaderElection.java:askForVotes(178)) - s1@group-46F048A18FB7-LeaderElection15: begin an election at term 4 for -1: [s3:0.0.0.0:39188, s4:0.0.0.0:40778, s0:0.0.0.0:42012, s1:0.0.0.0:45336, s2:0.0.0.0:38783], old=null
2019-09-24 16:43:23,671 DEBUG impl.RaftServerImpl (RaftServerImpl.java:requestVote(743)) - s3@group-46F048A18FB7: receive requestVote(s2, group-46F048A18FB7, 4, (t:0, i:0))
2019-09-24 16:43:23,671 DEBUG impl.RaftServerImpl (RaftServerImpl.java:requestVote(743)) - s4@group-46F048A18FB7: receive requestVote(s0, group-46F048A18FB7, 4, (t:0, i:0))
2019-09-24 16:43:23,671 DEBUG impl.RaftServerImpl (RaftServerImpl.java:requestVote(743)) - s3@group-46F048A18FB7: receive requestVote(s4, group-46F048A18FB7, 4, (t:0, i:0))
2019-09-24 16:43:23,671 DEBUG impl.RaftServerImpl (RaftServerImpl.java:requestVote(743)) - s3@group-46F048A18FB7: receive requestVote(s0, group-46F048A18FB7, 4, (t:0, i:0))
2019-09-24 16:43:23,673 DEBUG impl.RaftServerImpl (RaftServerImpl.java:requestVote(743)) - s1@group-46F048A18FB7: receive requestVote(s3, group-46F048A18FB7, 4, (t:0, i:0))
2019-09-24 16:43:23,673 DEBUG impl.RaftServerImpl (RaftServerImpl.java:requestVote(743)) - s0@group-46F048A18FB7: receive requestVote(s3, group-46F048A18FB7, 4, (t:0, i:0))
2019-09-24 16:43:23,674 DEBUG impl.RaftServerImpl (RaftServerImpl.java:requestVote(775)) - s0@group-46F048A18FB7 replies to vote request: s3<-s0#0:FAIL-t4. Peer's state: s0@group-46F048A18FB7:t4, leader=null, voted=s0, raftlog=s0@group-46F048A18FB7-SegmentedRaftLog:OPENED:c-1,f-1,i0, conf=-1: [s3:0.0.0.0:39188, s4:0.0.0.0:40778, s0:0.0.0.0:42012, s1:0.0.0.0:45336, s2:0.0.0.0:38783], old=null
2019-09-24 16:43:23,672 DEBUG impl.RaftServerImpl (RaftServerImpl.java:requestVote(743)) - s3@group-46F048A18FB7: receive requestVote(s1, group-46F048A18FB7, 4, (t:0, i:0))
2019-09-24 16:43:23,672 DEBUG impl.RaftServerImpl (RaftServerImpl.java:requestVote(775)) - s4@group-46F048A18FB7 replies to vote request: s0<-s4#0:FAIL-t4. Peer's state: s4@group-46F048A18FB7:t4, leader=null, voted=s4, raftlog=s4@group-46F048A18FB7-SegmentedRaftLog:OPENED:c-1,f-1,i0, conf=-1: [s3:0.0.0.0:39188, s4:0.0.0.0:40778, s0:0.0.0.0:42012, s1:0.0.0.0:45336, s2:0.0.0.0:38783], old=null
2019-09-24 16:43:23,672 DEBUG impl.RaftServerImpl (RaftServerImpl.java:requestVote(743)) - s0@group-46F048A18FB7: receive requestVote(s4, group-46F048A18FB7, 4, (t:0, i:0))
2019-09-24 16:43:23,671 DEBUG impl.RaftServerImpl (RaftServerImpl.java:requestVote(743)) - s1@group-46F048A18FB7: receive requestVote(s0, group-46F048A18FB7, 4, (t:0, i:0))
2019-09-24 16:43:23,672 DEBUG impl.RaftServerImpl (RaftServerImpl.java:requestVote(775)) - s3@group-46F048A18FB7 replies to vote request: s2<-s3#0:FAIL-t4. Peer's state: s3@group-46F048A18FB7:t4, leader=null, voted=s3, raftlog=s3@group-46F048A18FB7-SegmentedRaftLog:OPENED:c-1,f-1,i0, conf=-1: [s3:0.0.0.0:39188, s4:0.0.0.0:40778, s0:0.0.0.0:42012, s1:0.0.0.0:45336, s2:0.0.0.0:38783], old=null
2019-09-24 16:43:23,671 DEBUG impl.RaftServerImpl (RaftServerImpl.java:requestVote(743)) - s4@group-46F048A18FB7: receive requestVote(s3, group-46F048A18FB7, 4, (t:0, i:0))
2019-09-24 16:43:23,671 DEBUG impl.RaftServerImpl (RaftServerImpl.java:requestVote(743)) - s4@group-46F048A18FB7: receive requestVote(s2, group-46F048A18FB7, 4, (t:0, i:0))
2019-09-24 16:43:23,677 DEBUG impl.RaftServerImpl (RaftServerImpl.java:requestVote(775)) - s4@group-46F048A18FB7 replies to vote request: s3<-s4#0:FAIL-t4. Peer's state: s4@group-46F048A18FB7:t4, leader=null, voted=s4, raftlog=s4@group-46F048A18FB7-SegmentedRaftLog:OPENED:c-1,f-1,i0, conf=-1: [s3:0.0.0.0:39188, s4:0.0.0.0:40778, s0:0.0.0.0:42012, s1:0.0.0.0:45336, s2:0.0.0.0:38783], old=null
2019-09-24 16:43:23,676 DEBUG impl.RaftServerImpl (RaftServerImpl.java:requestVote(775)) - s3@group-46F048A18FB7 replies to vote request: s1<-s3#0:FAIL-t4. Peer's state: s3@group-46F048A18FB7:t4, leader=null, voted=s3, raftlog=s3@group-46F048A18FB7-SegmentedRaftLog:OPENED:c-1,f-1,i0, conf=-1: [s3:0.0.0.0:39188, s4:0.0.0.0:40778, s0:0.0.0.0:42012, s1:0.0.0.0:45336, s2:0.0.0.0:38783], old=null
2019-09-24 16:43:23,676 DEBUG impl.RaftServerImpl (RaftServerImpl.java:requestVote(775)) - s0@group-46F048A18FB7 replies to vote request: s4<-s0#0:FAIL-t4. Peer's state: s0@group-46F048A18FB7:t4, leader=null, voted=s0, raftlog=s0@group-46F048A18FB7-SegmentedRaftLog:OPENED:c-1,f-1,i0, conf=-1: [s3:0.0.0.0:39188, s4:0.0.0.0:40778, s0:0.0.0.0:42012, s1:0.0.0.0:45336, s2:0.0.0.0:38783], old=null
2019-09-24 16:43:23,674 DEBUG impl.RaftServerImpl (RaftServerImpl.java:requestVote(743)) - s0@group-46F048A18FB7: receive requestVote(s1, group-46F048A18FB7, 4, (t:0, i:0))
2019-09-24 16:43:23,674 DEBUG impl.RaftServerImpl (RaftServerImpl.java:requestVote(743)) - s2@group-46F048A18FB7: receive requestVote(s4, group-46F048A18FB7, 4, (t:0, i:0))
2019-09-24 16:43:23,674 DEBUG impl.RaftServerImpl (RaftServerImpl.java:requestVote(743)) - s2@group-46F048A18FB7: receive requestVote(s1, group-46F048A18FB7, 4, (t:0, i:0))
2019-09-24 16:43:23,673 DEBUG impl.RaftServerImpl (RaftServerImpl.java:requestVote(743)) - s4@group-46F048A18FB7: receive requestVote(s1, group-46F048A18FB7, 4, (t:0, i:0))
2019-09-24 16:43:23,673 DEBUG impl.RaftServerImpl (RaftServerImpl.java:requestVote(775)) - s1@group-46F048A18FB7 replies to vote request: s3<-s1#0:FAIL-t4. Peer's state: s1@group-46F048A18FB7:t4, leader=null, voted=s1, raftlog=s1@group-46F048A18FB7-SegmentedRaftLog:OPENED:c-1,f-1,i0, conf=-1: [s3:0.0.0.0:39188, s4:0.0.0.0:40778, s0:0.0.0.0:42012, s1:0.0.0.0:45336, s2:0.0.0.0:38783], old=null
2019-09-24 16:43:23,673 DEBUG impl.RaftServerImpl (RaftServerImpl.java:requestVote(743)) - s1@group-46F048A18FB7: receive requestVote(s2, group-46F048A18FB7, 4, (t:0, i:0))
2019-09-24 16:43:23,673 DEBUG impl.RaftServerImpl (RaftServerImpl.java:requestVote(743)) - s0@group-46F048A18FB7: receive requestVote(s2, group-46F048A18FB7, 4, (t:0, i:0))
2019-09-24 16:43:23,673 DEBUG impl.RaftServerImpl (RaftServerImpl.java:requestVote(743)) - s1@group-46F048A18FB7: receive requestVote(s4, group-46F048A18FB7, 4, (t:0, i:0))
2019-09-24 16:43:23,673 DEBUG impl.RaftServerImpl (RaftServerImpl.java:requestVote(743)) - s2@group-46F048A18FB7: receive requestVote(s0, group-46F048A18FB7, 4, (t:0, i:0))
2019-09-24 16:43:23,680 DEBUG impl.RaftServerImpl (RaftServerImpl.java:requestVote(775)) - s1@group-46F048A18FB7 replies to vote request: s0<-s1#0:FAIL-t4. Peer's state: s1@group-46F048A18FB7:t4, leader=null, voted=s1, raftlog=s1@group-46F048A18FB7-SegmentedRaftLog:OPENED:c-1,f-1,i0, conf=-1: [s3:0.0.0.0:39188, s4:0.0.0.0:40778, s0:0.0.0.0:42012, s1:0.0.0.0:45336, s2:0.0.0.0:38783], old=null
2019-09-24 16:43:23,679 DEBUG impl.RaftServerImpl (RaftServerImpl.java:requestVote(775)) - s2@group-46F048A18FB7 replies to vote request: s4<-s2#0:FAIL-t4. Peer's state: s2@group-46F048A18FB7:t4, leader=null, voted=s2, raftlog=s2@group-46F048A18FB7-SegmentedRaftLog:OPENED:c-1,f-1,i0, conf=-1: [s3:0.0.0.0:39188, s4:0.0.0.0:40778, s0:0.0.0.0:42012, s1:0.0.0.0:45336, s2:0.0.0.0:38783], old=null
2019-09-24 16:43:23,678 DEBUG impl.RaftServerImpl (RaftServerImpl.java:requestVote(775)) - s0@group-46F048A18FB7 replies to vote request: s1<-s0#0:FAIL-t4. Peer's state: s0@group-46F048A18FB7:t4, leader=null, voted=s0, raftlog=s0@group-46F048A18FB7-SegmentedRaftLog:OPENED:c-1,f-1,i0, conf=-1: [s3:0.0.0.0:39188, s4:0.0.0.0:40778, s0:0.0.0.0:42012, s1:0.0.0.0:45336, s2:0.0.0.0:38783], old=null
2019-09-24 16:43:23,678 DEBUG impl.RaftServerImpl (RaftServerImpl.java:requestVote(775)) - s3@group-46F048A18FB7 replies to vote request: s0<-s3#0:FAIL-t4. Peer's state: s3@group-46F048A18FB7:t4, leader=null, voted=s3, raftlog=s3@group-46F048A18FB7-SegmentedRaftLog:OPENED:c-1,f-1,i0, conf=-1: [s3:0.0.0.0:39188, s4:0.0.0.0:40778, s0:0.0.0.0:42012, s1:0.0.0.0:45336, s2:0.0.0.0:38783], old=null
2019-09-24 16:43:23,677 DEBUG impl.RaftServerImpl (RaftServerImpl.java:requestVote(775)) - s4@group-46F048A18FB7 replies to vote request: s2<-s4#0:FAIL-t4. Peer's state: s4@group-46F048A18FB7:t4, leader=null, voted=s4, raftlog=s4@group-46F048A18FB7-SegmentedRaftLog:OPENED:c-1,f-1,i0, conf=-1: [s3:0.0.0.0:39188, s4:0.0.0.0:40778, s0:0.0.0.0:42012, s1:0.0.0.0:45336, s2:0.0.0.0:38783], old=null
2019-09-24 16:43:23,683 DEBUG impl.RaftServerImpl (RaftServerImpl.java:requestVote(775)) - s3@group-46F048A18FB7 replies to vote request: s4<-s3#0:FAIL-t4. Peer's state: s3@group-46F048A18FB7:t4, leader=null, voted=s3, raftlog=s3@group-46F048A18FB7-SegmentedRaftLog:OPENED:c-1,f-1,i0, conf=-1: [s3:0.0.0.0:39188, s4:0.0.0.0:40778, s0:0.0.0.0:42012, s1:0.0.0.0:45336, s2:0.0.0.0:38783], old=null
2019-09-24 16:43:23,683 DEBUG impl.RaftServerImpl (RaftServerImpl.java:requestVote(775)) - s0@group-46F048A18FB7 replies to vote request: s2<-s0#0:FAIL-t4. Peer's state: s0@group-46F048A18FB7:t4, leader=null, voted=s0, raftlog=s0@group-46F048A18FB7-SegmentedRaftLog:OPENED:c-1,f-1,i0, conf=-1: [s3:0.0.0.0:39188, s4:0.0.0.0:40778, s0:0.0.0.0:42012, s1:0.0.0.0:45336, s2:0.0.0.0:38783], old=null
2019-09-24 16:43:23,682 DEBUG impl.RaftServerImpl (RaftServerImpl.java:requestVote(775)) - s2@group-46F048A18FB7 replies to vote request: s0<-s2#0:FAIL-t4. Peer's state: s2@group-46F048A18FB7:t4, leader=null, voted=s2, raftlog=s2@group-46F048A18FB7-SegmentedRaftLog:OPENED:c-1,f-1,i0, conf=-1: [s3:0.0.0.0:39188, s4:0.0.0.0:40778, s0:0.0.0.0:42012, s1:0.0.0.0:45336, s2:0.0.0.0:38783], old=null
2019-09-24 16:43:23,682 DEBUG impl.RaftServerImpl (RaftServerImpl.java:requestVote(775)) - s1@group-46F048A18FB7 replies to vote request: s4<-s1#0:FAIL-t4. Peer's state: s1@group-46F048A18FB7:t4, leader=null, voted=s1, raftlog=s1@group-46F048A18FB7-SegmentedRaftLog:OPENED:c-1,f-1,i0, conf=-1: [s3:0.0.0.0:39188, s4:0.0.0.0:40778, s0:0.0.0.0:42012, s1:0.0.0.0:45336, s2:0.0.0.0:38783], old=null
2019-09-24 16:43:23,684 DEBUG impl.RaftServerImpl (RaftServerImpl.java:requestVote(775)) - s2@group-46F048A18FB7 replies to vote request: s1<-s2#0:FAIL-t4. Peer's state: s2@group-46F048A18FB7:t4, leader=null, voted=s2, raftlog=s2@group-46F048A18FB7-SegmentedRaftLog:OPENED:c-1,f-1,i0, conf=-1: [s3:0.0.0.0:39188, s4:0.0.0.0:40778, s0:0.0.0.0:42012, s1:0.0.0.0:45336, s2:0.0.0.0:38783], old=null
2019-09-24 16:43:23,685 DEBUG impl.RaftServerImpl (RaftServerImpl.java:requestVote(743)) - s2@group-46F048A18FB7: receive requestVote(s3, group-46F048A18FB7, 4, (t:0, i:0))
2019-09-24 16:43:23,683 DEBUG impl.RaftServerImpl (RaftServerImpl.java:requestVote(775)) - s4@group-46F048A18FB7 replies to vote request: s1<-s4#0:FAIL-t4. Peer's state: s4@group-46F048A18FB7:t4, leader=null, voted=s4, raftlog=s4@group-46F048A18FB7-SegmentedRaftLog:OPENED:c-1,f-1,i0, conf=-1: [s3:0.0.0.0:39188, s4:0.0.0.0:40778, s0:0.0.0.0:42012, s1:0.0.0.0:45336, s2:0.0.0.0:38783], old=null
2019-09-24 16:43:23,685 INFO  impl.LeaderElection (LeaderElection.java:logAndReturn(56)) - s4@group-46F048A18FB7-LeaderElection12: Election REJECTED; received 4 response(s) [s4<-s3#0:FAIL-t4, s4<-s0#0:FAIL-t4, s4<-s1#0:FAIL-t4, s4<-s2#0:FAIL-t4] and 0 exception(s); s4@group-46F048A18FB7:t4, leader=null, voted=s4, raftlog=s4@group-46F048A18FB7-SegmentedRaftLog:OPENED:c-1,f-1,i0, conf=-1: [s3:0.0.0.0:39188, s4:0.0.0.0:40778, s0:0.0.0.0:42012, s1:0.0.0.0:45336, s2:0.0.0.0:38783], old=null
2019-09-24 16:43:23,685 DEBUG impl.RaftServerImpl (RaftServerImpl.java:requestVote(775)) - s2@group-46F048A18FB7 replies to vote request: s3<-s2#0:FAIL-t4. Peer's state: s2@group-46F048A18FB7:t4, leader=null, voted=s2, raftlog=s2@group-46F048A18FB7-SegmentedRaftLog:OPENED:c-1,f-1,i0, conf=-1: [s3:0.0.0.0:39188, s4:0.0.0.0:40778, s0:0.0.0.0:42012, s1:0.0.0.0:45336, s2:0.0.0.0:38783], old=null
2019-09-24 16:43:23,685 INFO  impl.LeaderElection (LeaderElection.java:logAndReturn(56)) - s0@group-46F048A18FB7-LeaderElection14: Election REJECTED; received 4 response(s) [s0<-s3#0:FAIL-t4, s0<-s4#0:FAIL-t4, s0<-s1#0:FAIL-t4, s0<-s2#0:FAIL-t4] and 0 exception(s); s0@group-46F048A18FB7:t4, leader=null, voted=s0, raftlog=s0@group-46F048A18FB7-SegmentedRaftLog:OPENED:c-1,f-1,i0, conf=-1: [s3:0.0.0.0:39188, s4:0.0.0.0:40778, s0:0.0.0.0:42012, s1:0.0.0.0:45336, s2:0.0.0.0:38783], old=null
2019-09-24 16:43:23,685 DEBUG impl.RaftServerImpl (RaftServerImpl.java:requestVote(775)) - s1@group-46F048A18FB7 replies to vote request: s2<-s1#0:FAIL-t4. Peer's state: s1@group-46F048A18FB7:t4, leader=null, voted=s1, raftlog=s1@group-46F048A18FB7-SegmentedRaftLog:OPENED:c-1,f-1,i0, conf=-1: [s3:0.0.0.0:39188, s4:0.0.0.0:40778, s0:0.0.0.0:42012, s1:0.0.0.0:45336, s2:0.0.0.0:38783], old=null
2019-09-24 16:43:23,687 INFO  impl.LeaderElection (LeaderElection.java:logAndReturn(56)) - s3@group-46F048A18FB7-LeaderElection13: Election REJECTED; received 4 response(s) [s3<-s4#0:FAIL-t4, s3<-s0#0:FAIL-t4, s3<-s1#0:FAIL-t4, s3<-s2#0:FAIL-t4] and 0 exception(s); s3@group-46F048A18FB7:t4, leader=null, voted=s3, raftlog=s3@group-46F048A18FB7-SegmentedRaftLog:OPENED:c-1,f-1,i0, conf=-1: [s3:0.0.0.0:39188, s4:0.0.0.0:40778, s0:0.0.0.0:42012, s1:0.0.0.0:45336, s2:0.0.0.0:38783], old=null
2019-09-24 16:43:23,687 INFO  impl.RaftServerImpl (RaftServerImpl.java:setRole(170)) - s0@group-46F048A18FB7: changes role from CANDIDATE to FOLLOWER at term 4 for DISCOVERED_A_NEW_TERM
2019-09-24 16:43:23,687 INFO  impl.RaftServerImpl (RaftServerImpl.java:setRole(170)) - s3@group-46F048A18FB7: changes role from CANDIDATE to FOLLOWER at term 4 for DISCOVERED_A_NEW_TERM
2019-09-24 16:43:23,686 INFO  impl.LeaderElection (LeaderElection.java:logAndReturn(56)) - s1@group-46F048A18FB7-LeaderElection15: Election REJECTED; received 4 response(s) [s1<-s3#0:FAIL-t4, s1<-s4#0:FAIL-t4, s1<-s0#0:FAIL-t4, s1<-s2#0:FAIL-t4] and 0 exception(s); s1@group-46F048A18FB7:t4, leader=null, voted=s1, raftlog=s1@group-46F048A18FB7-SegmentedRaftLog:OPENED:c-1,f-1,i0, conf=-1: [s3:0.0.0.0:39188, s4:0.0.0.0:40778, s0:0.0.0.0:42012, s1:0.0.0.0:45336, s2:0.0.0.0:38783], old=null
2019-09-24 16:43:23,686 INFO  impl.RaftServerImpl (RaftServerImpl.java:setRole(170)) - s4@group-46F048A18FB7: changes role from CANDIDATE to FOLLOWER at term 4 for DISCOVERED_A_NEW_TERM
2019-09-24 16:43:23,688 INFO  impl.RoleInfo (RoleInfo.java:shutdownLeaderElection(134)) - s3: shutdown LeaderElection
2019-09-24 16:43:23,687 INFO  impl.RoleInfo (RoleInfo.java:shutdownLeaderElection(134)) - s0: shutdown LeaderElection
2019-09-24 16:43:23,688 INFO  impl.RoleInfo (RoleInfo.java:updateAndGet(143)) - s3: start FollowerState
2019-09-24 16:43:23,688 INFO  impl.LeaderElection (LeaderElection.java:logAndReturn(56)) - s2@group-46F048A18FB7-LeaderElection11: Election REJECTED; received 4 response(s) [s2<-s3#0:FAIL-t4, s2<-s4#0:FAIL-t4, s2<-s0#0:FAIL-t4, s2<-s1#0:FAIL-t4] and 0 exception(s); s2@group-46F048A18FB7:t4, leader=null, voted=s2, raftlog=s2@group-46F048A18FB7-SegmentedRaftLog:OPENED:c-1,f-1,i0, conf=-1: [s3:0.0.0.0:39188, s4:0.0.0.0:40778, s0:0.0.0.0:42012, s1:0.0.0.0:45336, s2:0.0.0.0:38783], old=null
2019-09-24 16:43:23,688 INFO  impl.RoleInfo (RoleInfo.java:shutdownLeaderElection(134)) - s4: shutdown LeaderElection
2019-09-24 16:43:23,688 INFO  impl.RaftServerImpl (RaftServerImpl.java:setRole(170)) - s1@group-46F048A18FB7: changes role from CANDIDATE to FOLLOWER at term 4 for DISCOVERED_A_NEW_TERM
2019-09-24 16:43:23,689 INFO  impl.RoleInfo (RoleInfo.java:updateAndGet(143)) - s4: start FollowerState
2019-09-24 16:43:23,689 INFO  impl.RaftServerImpl (RaftServerImpl.java:setRole(170)) - s2@group-46F048A18FB7: changes role from CANDIDATE to FOLLOWER at term 4 for DISCOVERED_A_NEW_TERM
2019-09-24 16:43:23,688 INFO  impl.RoleInfo (RoleInfo.java:updateAndGet(143)) - s0: start FollowerState
2019-09-24 16:43:23,690 INFO  impl.RoleInfo (RoleInfo.java:shutdownLeaderElection(134)) - s2: shutdown LeaderElection
2019-09-24 16:43:23,689 INFO  impl.RoleInfo (RoleInfo.java:shutdownLeaderElection(134)) - s1: shutdown LeaderElection
2019-09-24 16:43:23,690 INFO  impl.RoleInfo (RoleInfo.java:updateAndGet(143)) - s2: start FollowerState
2019-09-24 16:43:23,690 INFO  impl.RoleInfo (RoleInfo.java:updateAndGet(143)) - s1: start FollowerState
2019-09-24 16:43:23,777 WARN  ratis.RaftTestUtil (JavaUtils.java:attempt(158)) - FAILED "waitForLeader-null-(expectLeader? true)", attempt #61/100: java.lang.IllegalStateException: No leader yet : printing ALL groups
  s3:  RUNNING  FOLLOWER s3@group-46F048A18FB7:t4, leader=null, voted=s3, raftlog=s3@group-46F048A18FB7-SegmentedRaftLog:OPENED:c-1,f-1,i0, conf=-1: [s3:0.0.0.0:39188, s4:0.0.0.0:40778, s0:0.0.0.0:42012, s1:0.0.0.0:45336, s2:0.0.0.0:38783], old=null RUNNING
  s4:  RUNNING  FOLLOWER s4@group-46F048A18FB7:t4, leader=null, voted=s4, raftlog=s4@group-46F048A18FB7-SegmentedRaftLog:OPENED:c-1,f-1,i0, conf=-1: [s3:0.0.0.0:39188, s4:0.0.0.0:40778, s0:0.0.0.0:42012, s1:0.0.0.0:45336, s2:0.0.0.0:38783], old=null RUNNING
  s0:  RUNNING  FOLLOWER s0@group-46F048A18FB7:t4, leader=null, voted=s0, raftlog=s0@group-46F048A18FB7-SegmentedRaftLog:OPENED:c-1,f-1,i0, conf=-1: [s3:0.0.0.0:39188, s4:0.0.0.0:40778, s0:0.0.0.0:42012, s1:0.0.0.0:45336, s2:0.0.0.0:38783], old=null RUNNING
  s1:  RUNNING  FOLLOWER s1@group-46F048A18FB7:t4, leader=null, voted=s1, raftlog=s1@group-46F048A18FB7-SegmentedRaftLog:OPENED:c-1,f-1,i0, conf=-1: [s3:0.0.0.0:39188, s4:0.0.0.0:40778, s0:0.0.0.0:42012, s1:0.0.0.0:45336, s2:0.0.0.0:38783], old=null RUNNING
  s2:  RUNNING  FOLLOWER s2@group-46F048A18FB7:t4, leader=null, voted=s2, raftlog=s2@group-46F048A18FB7-SegmentedRaftLog:OPENED:c-1,f-1,i0, conf=-1: [s3:0.0.0.0:39188, s4:0.0.0.0:40778, s0:0.0.0.0:42012, s1:0.0.0.0:45336, s2:0.0.0.0:38783], old=null RUNNING, sleep 450ms and then retry.
java.lang.IllegalStateException: No leader yet : printing ALL groups
  s3:  RUNNING  FOLLOWER s3@group-46F048A18FB7:t4, leader=null, voted=s3, raftlog=s3@group-46F048A18FB7-SegmentedRaftLog:OPENED:c-1,f-1,i0, conf=-1: [s3:0.0.0.0:39188, s4:0.0.0.0:40778, s0:0.0.0.0:42012, s1:0.0.0.0:45336, s2:0.0.0.0:38783], old=null RUNNING
  s4:  RUNNING  FOLLOWER s4@group-46F048A18FB7:t4, leader=null, voted=s4, raftlog=s4@group-46F048A18FB7-SegmentedRaftLog:OPENED:c-1,f-1,i0, conf=-1: [s3:0.0.0.0:39188, s4:0.0.0.0:40778, s0:0.0.0.0:42012, s1:0.0.0.0:45336, s2:0.0.0.0:38783], old=null RUNNING
  s0:  RUNNING  FOLLOWER s0@group-46F048A18FB7:t4, leader=null, voted=s0, raftlog=s0@group-46F048A18FB7-SegmentedRaftLog:OPENED:c-1,f-1,i0, conf=-1: [s3:0.0.0.0:39188, s4:0.0.0.0:40778, s0:0.0.0.0:42012, s1:0.0.0.0:45336, s2:0.0.0.0:38783], old=null RUNNING
  s1:  RUNNING  FOLLOWER s1@group-46F048A18FB7:t4, leader=null, voted=s1, raftlog=s1@group-46F048A18FB7-SegmentedRaftLog:OPENED:c-1,f-1,i0, conf=-1: [s3:0.0.0.0:39188, s4:0.0.0.0:40778, s0:0.0.0.0:42012, s1:0.0.0.0:45336, s2:0.0.0.0:38783], old=null RUNNING
  s2:  RUNNING  FOLLOWER s2@group-46F048A18FB7:t4, leader=null, voted=s2, raftlog=s2@group-46F048A18FB7-SegmentedRaftLog:OPENED:c-1,f-1,i0, conf=-1: [s3:0.0.0.0:39188, s4:0.0.0.0:40778, s0:0.0.0.0:42012, s1:0.0.0.0:45336, s2:0.0.0.0:38783], old=null RUNNING
	at org.apache.ratis.MiniRaftCluster.newIllegalStateExceptionForNoLeaders(MiniRaftCluster.java:506)
	at org.apache.ratis.RaftTestUtil.lambda$waitForLeader$1(RaftTestUtil.java:90)
	at org.apache.ratis.MiniRaftCluster.getLeader(MiniRaftCluster.java:539)
	at org.apache.ratis.MiniRaftCluster.getLeader(MiniRaftCluster.java:532)
	at org.apache.ratis.RaftTestUtil.lambda$waitForLeader$3(RaftTestUtil.java:98)
	at org.apache.ratis.util.JavaUtils.attempt(JavaUtils.java:152)
	at org.apache.ratis.RaftTestUtil.waitForLeader(RaftTestUtil.java:97)
	at org.apache.ratis.RaftTestUtil.waitForLeader(RaftTestUtil.java:77)
	at org.apache.ratis.RaftTestUtil.waitForLeader(RaftTestUtil.java:72)
	at org.apache.ratis.RaftBasicTests.testWithLoad(RaftBasicTests.java:336)
	at org.apache.ratis.RaftBasicTests.lambda$testWithLoad$10(RaftBasicTests.java:328)
	at org.apache.ratis.MiniRaftCluster$Factory$Get.runWithNewCluster(MiniRaftCluster.java:125)
	at org.apache.ratis.MiniRaftCluster$Factory$Get.runWithNewCluster(MiniRaftCluster.java:113)
	at org.apache.ratis.RaftBasicTests.testWithLoad(RaftBasicTests.java:328)
	at org.apache.ratis.netty.TestRaftWithNetty.testWithLoad(TestRaftWithNetty.java:31)
	at sun.reflect.NativeMethodAccessorImpl.invoke0(Native Method)
	at sun.reflect.NativeMethodAccessorImpl.invoke(NativeMethodAccessorImpl.java:62)
	at sun.reflect.DelegatingMethodAccessorImpl.invoke(DelegatingMethodAccessorImpl.java:43)
	at java.lang.reflect.Method.invoke(Method.java:498)
	at org.junit.runners.model.FrameworkMethod$1.runReflectiveCall(FrameworkMethod.java:50)
	at org.junit.internal.runners.model.ReflectiveCallable.run(ReflectiveCallable.java:12)
	at org.junit.runners.model.FrameworkMethod.invokeExplosively(FrameworkMethod.java:47)
	at org.junit.internal.runners.statements.InvokeMethod.evaluate(InvokeMethod.java:17)
	at org.junit.internal.runners.statements.RunAfters.evaluate(RunAfters.java:27)
	at org.junit.internal.runners.statements.FailOnTimeout$CallableStatement.call(FailOnTimeout.java:298)
	at org.junit.internal.runners.statements.FailOnTimeout$CallableStatement.call(FailOnTimeout.java:292)
	at java.util.concurrent.FutureTask.run(FutureTask.java:266)
	at java.lang.Thread.run(Thread.java:748)
2019-09-24 16:43:23,846 INFO  impl.FollowerState (FollowerState.java:run(108)) - s3@group-46F048A18FB7-FollowerState: change to CANDIDATE, lastRpcTime:157ms, electionTimeout:157ms
2019-09-24 16:43:23,846 INFO  impl.RoleInfo (RoleInfo.java:shutdownFollowerState(121)) - s3: shutdown FollowerState
2019-09-24 16:43:23,847 INFO  impl.RaftServerImpl (RaftServerImpl.java:setRole(170)) - s3@group-46F048A18FB7: changes role from  FOLLOWER to CANDIDATE at term 4 for changeToCandidate
2019-09-24 16:43:23,847 INFO  impl.RoleInfo (RoleInfo.java:updateAndGet(143)) - s3: start LeaderElection
2019-09-24 16:43:23,913 INFO  impl.FollowerState (FollowerState.java:run(108)) - s4@group-46F048A18FB7-FollowerState: change to CANDIDATE, lastRpcTime:223ms, electionTimeout:223ms
2019-09-24 16:43:23,914 INFO  impl.RoleInfo (RoleInfo.java:shutdownFollowerState(121)) - s4: shutdown FollowerState
2019-09-24 16:43:23,914 INFO  impl.RaftServerImpl (RaftServerImpl.java:setRole(170)) - s4@group-46F048A18FB7: changes role from  FOLLOWER to CANDIDATE at term 4 for changeToCandidate
2019-09-24 16:43:23,914 INFO  impl.RoleInfo (RoleInfo.java:updateAndGet(143)) - s4: start LeaderElection
2019-09-24 16:43:23,949 INFO  impl.FollowerState (FollowerState.java:run(108)) - s1@group-46F048A18FB7-FollowerState: change to CANDIDATE, lastRpcTime:258ms, electionTimeout:258ms
2019-09-24 16:43:23,949 INFO  impl.RoleInfo (RoleInfo.java:shutdownFollowerState(121)) - s1: shutdown FollowerState
2019-09-24 16:43:23,949 INFO  impl.RaftServerImpl (RaftServerImpl.java:setRole(170)) - s1@group-46F048A18FB7: changes role from  FOLLOWER to CANDIDATE at term 4 for changeToCandidate
2019-09-24 16:43:23,949 INFO  impl.RoleInfo (RoleInfo.java:updateAndGet(143)) - s1: start LeaderElection
2019-09-24 16:43:23,951 INFO  impl.FollowerState (FollowerState.java:run(108)) - s0@group-46F048A18FB7-FollowerState: change to CANDIDATE, lastRpcTime:262ms, electionTimeout:261ms
2019-09-24 16:43:23,951 INFO  impl.RoleInfo (RoleInfo.java:shutdownFollowerState(121)) - s0: shutdown FollowerState
2019-09-24 16:43:23,952 INFO  impl.RaftServerImpl (RaftServerImpl.java:setRole(170)) - s0@group-46F048A18FB7: changes role from  FOLLOWER to CANDIDATE at term 4 for changeToCandidate
2019-09-24 16:43:23,952 INFO  impl.RoleInfo (RoleInfo.java:updateAndGet(143)) - s0: start LeaderElection
2019-09-24 16:43:23,953 INFO  impl.FollowerState (FollowerState.java:run(108)) - s2@group-46F048A18FB7-FollowerState: change to CANDIDATE, lastRpcTime:262ms, electionTimeout:262ms
2019-09-24 16:43:23,953 INFO  impl.RoleInfo (RoleInfo.java:shutdownFollowerState(121)) - s2: shutdown FollowerState
2019-09-24 16:43:23,953 INFO  impl.RaftServerImpl (RaftServerImpl.java:setRole(170)) - s2@group-46F048A18FB7: changes role from  FOLLOWER to CANDIDATE at term 4 for changeToCandidate
2019-09-24 16:43:23,953 INFO  impl.RoleInfo (RoleInfo.java:updateAndGet(143)) - s2: start LeaderElection
2019-09-24 16:43:24,228 WARN  ratis.RaftTestUtil (JavaUtils.java:attempt(158)) - FAILED "waitForLeader-null-(expectLeader? true)", attempt #62/100: java.lang.IllegalStateException: No leader yet : printing ALL groups
  s3:  RUNNING CANDIDATE s3@group-46F048A18FB7:t5, leader=null, voted=s3, raftlog=s3@group-46F048A18FB7-SegmentedRaftLog:OPENED:c-1,f-1,i0, conf=-1: [s3:0.0.0.0:39188, s4:0.0.0.0:40778, s0:0.0.0.0:42012, s1:0.0.0.0:45336, s2:0.0.0.0:38783], old=null RUNNING
  s4:  RUNNING CANDIDATE s4@group-46F048A18FB7:t5, leader=null, voted=s4, raftlog=s4@group-46F048A18FB7-SegmentedRaftLog:OPENED:c-1,f-1,i0, conf=-1: [s3:0.0.0.0:39188, s4:0.0.0.0:40778, s0:0.0.0.0:42012, s1:0.0.0.0:45336, s2:0.0.0.0:38783], old=null RUNNING
  s0:  RUNNING CANDIDATE s0@group-46F048A18FB7:t5, leader=null, voted=s0, raftlog=s0@group-46F048A18FB7-SegmentedRaftLog:OPENED:c-1,f-1,i0, conf=-1: [s3:0.0.0.0:39188, s4:0.0.0.0:40778, s0:0.0.0.0:42012, s1:0.0.0.0:45336, s2:0.0.0.0:38783], old=null RUNNING
  s1:  RUNNING CANDIDATE s1@group-46F048A18FB7:t5, leader=null, voted=s1, raftlog=s1@group-46F048A18FB7-SegmentedRaftLog:OPENED:c-1,f-1,i0, conf=-1: [s3:0.0.0.0:39188, s4:0.0.0.0:40778, s0:0.0.0.0:42012, s1:0.0.0.0:45336, s2:0.0.0.0:38783], old=null RUNNING
  s2:  RUNNING CANDIDATE s2@group-46F048A18FB7:t5, leader=null, voted=s2, raftlog=s2@group-46F048A18FB7-SegmentedRaftLog:OPENED:c-1,f-1,i0, conf=-1: [s3:0.0.0.0:39188, s4:0.0.0.0:40778, s0:0.0.0.0:42012, s1:0.0.0.0:45336, s2:0.0.0.0:38783], old=null RUNNING, sleep 450ms and then retry.
java.lang.IllegalStateException: No leader yet : printing ALL groups
  s3:  RUNNING CANDIDATE s3@group-46F048A18FB7:t5, leader=null, voted=s3, raftlog=s3@group-46F048A18FB7-SegmentedRaftLog:OPENED:c-1,f-1,i0, conf=-1: [s3:0.0.0.0:39188, s4:0.0.0.0:40778, s0:0.0.0.0:42012, s1:0.0.0.0:45336, s2:0.0.0.0:38783], old=null RUNNING
  s4:  RUNNING CANDIDATE s4@group-46F048A18FB7:t5, leader=null, voted=s4, raftlog=s4@group-46F048A18FB7-SegmentedRaftLog:OPENED:c-1,f-1,i0, conf=-1: [s3:0.0.0.0:39188, s4:0.0.0.0:40778, s0:0.0.0.0:42012, s1:0.0.0.0:45336, s2:0.0.0.0:38783], old=null RUNNING
  s0:  RUNNING CANDIDATE s0@group-46F048A18FB7:t5, leader=null, voted=s0, raftlog=s0@group-46F048A18FB7-SegmentedRaftLog:OPENED:c-1,f-1,i0, conf=-1: [s3:0.0.0.0:39188, s4:0.0.0.0:40778, s0:0.0.0.0:42012, s1:0.0.0.0:45336, s2:0.0.0.0:38783], old=null RUNNING
  s1:  RUNNING CANDIDATE s1@group-46F048A18FB7:t5, leader=null, voted=s1, raftlog=s1@group-46F048A18FB7-SegmentedRaftLog:OPENED:c-1,f-1,i0, conf=-1: [s3:0.0.0.0:39188, s4:0.0.0.0:40778, s0:0.0.0.0:42012, s1:0.0.0.0:45336, s2:0.0.0.0:38783], old=null RUNNING
  s2:  RUNNING CANDIDATE s2@group-46F048A18FB7:t5, leader=null, voted=s2, raftlog=s2@group-46F048A18FB7-SegmentedRaftLog:OPENED:c-1,f-1,i0, conf=-1: [s3:0.0.0.0:39188, s4:0.0.0.0:40778, s0:0.0.0.0:42012, s1:0.0.0.0:45336, s2:0.0.0.0:38783], old=null RUNNING
	at org.apache.ratis.MiniRaftCluster.newIllegalStateExceptionForNoLeaders(MiniRaftCluster.java:506)
	at org.apache.ratis.RaftTestUtil.lambda$waitForLeader$1(RaftTestUtil.java:90)
	at org.apache.ratis.MiniRaftCluster.getLeader(MiniRaftCluster.java:539)
	at org.apache.ratis.MiniRaftCluster.getLeader(MiniRaftCluster.java:532)
	at org.apache.ratis.RaftTestUtil.lambda$waitForLeader$3(RaftTestUtil.java:98)
	at org.apache.ratis.util.JavaUtils.attempt(JavaUtils.java:152)
	at org.apache.ratis.RaftTestUtil.waitForLeader(RaftTestUtil.java:97)
	at org.apache.ratis.RaftTestUtil.waitForLeader(RaftTestUtil.java:77)
	at org.apache.ratis.RaftTestUtil.waitForLeader(RaftTestUtil.java:72)
	at org.apache.ratis.RaftBasicTests.testWithLoad(RaftBasicTests.java:336)
	at org.apache.ratis.RaftBasicTests.lambda$testWithLoad$10(RaftBasicTests.java:328)
	at org.apache.ratis.MiniRaftCluster$Factory$Get.runWithNewCluster(MiniRaftCluster.java:125)
	at org.apache.ratis.MiniRaftCluster$Factory$Get.runWithNewCluster(MiniRaftCluster.java:113)
	at org.apache.ratis.RaftBasicTests.testWithLoad(RaftBasicTests.java:328)
	at org.apache.ratis.netty.TestRaftWithNetty.testWithLoad(TestRaftWithNetty.java:31)
	at sun.reflect.NativeMethodAccessorImpl.invoke0(Native Method)
	at sun.reflect.NativeMethodAccessorImpl.invoke(NativeMethodAccessorImpl.java:62)
	at sun.reflect.DelegatingMethodAccessorImpl.invoke(DelegatingMethodAccessorImpl.java:43)
	at java.lang.reflect.Method.invoke(Method.java:498)
	at org.junit.runners.model.FrameworkMethod$1.runReflectiveCall(FrameworkMethod.java:50)
	at org.junit.internal.runners.model.ReflectiveCallable.run(ReflectiveCallable.java:12)
	at org.junit.runners.model.FrameworkMethod.invokeExplosively(FrameworkMethod.java:47)
	at org.junit.internal.runners.statements.InvokeMethod.evaluate(InvokeMethod.java:17)
	at org.junit.internal.runners.statements.RunAfters.evaluate(RunAfters.java:27)
	at org.junit.internal.runners.statements.FailOnTimeout$CallableStatement.call(FailOnTimeout.java:298)
	at org.junit.internal.runners.statements.FailOnTimeout$CallableStatement.call(FailOnTimeout.java:292)
	at java.util.concurrent.FutureTask.run(FutureTask.java:266)
	at java.lang.Thread.run(Thread.java:748)
2019-09-24 16:43:24,279 INFO  impl.LeaderElection (LeaderElection.java:askForVotes(178)) - s4@group-46F048A18FB7-LeaderElection17: begin an election at term 5 for -1: [s3:0.0.0.0:39188, s4:0.0.0.0:40778, s0:0.0.0.0:42012, s1:0.0.0.0:45336, s2:0.0.0.0:38783], old=null
2019-09-24 16:43:24,279 INFO  impl.LeaderElection (LeaderElection.java:askForVotes(178)) - s3@group-46F048A18FB7-LeaderElection16: begin an election at term 5 for -1: [s3:0.0.0.0:39188, s4:0.0.0.0:40778, s0:0.0.0.0:42012, s1:0.0.0.0:45336, s2:0.0.0.0:38783], old=null
2019-09-24 16:43:24,283 DEBUG impl.RaftServerImpl (RaftServerImpl.java:requestVote(743)) - s0@group-46F048A18FB7: receive requestVote(s4, group-46F048A18FB7, 5, (t:0, i:0))
2019-09-24 16:43:24,283 DEBUG impl.RaftServerImpl (RaftServerImpl.java:requestVote(743)) - s4@group-46F048A18FB7: receive requestVote(s3, group-46F048A18FB7, 5, (t:0, i:0))
2019-09-24 16:43:24,283 DEBUG impl.RaftServerImpl (RaftServerImpl.java:requestVote(743)) - s1@group-46F048A18FB7: receive requestVote(s4, group-46F048A18FB7, 5, (t:0, i:0))
2019-09-24 16:43:24,283 DEBUG impl.RaftServerImpl (RaftServerImpl.java:requestVote(743)) - s0@group-46F048A18FB7: receive requestVote(s3, group-46F048A18FB7, 5, (t:0, i:0))
2019-09-24 16:43:24,283 DEBUG impl.RaftServerImpl (RaftServerImpl.java:requestVote(743)) - s3@group-46F048A18FB7: receive requestVote(s4, group-46F048A18FB7, 5, (t:0, i:0))
2019-09-24 16:43:24,284 DEBUG impl.RaftServerImpl (RaftServerImpl.java:requestVote(743)) - s2@group-46F048A18FB7: receive requestVote(s4, group-46F048A18FB7, 5, (t:0, i:0))
2019-09-24 16:43:24,284 DEBUG impl.RaftServerImpl (RaftServerImpl.java:requestVote(775)) - s4@group-46F048A18FB7 replies to vote request: s3<-s4#0:FAIL-t5. Peer's state: s4@group-46F048A18FB7:t5, leader=null, voted=s4, raftlog=s4@group-46F048A18FB7-SegmentedRaftLog:OPENED:c-1,f-1,i0, conf=-1: [s3:0.0.0.0:39188, s4:0.0.0.0:40778, s0:0.0.0.0:42012, s1:0.0.0.0:45336, s2:0.0.0.0:38783], old=null
2019-09-24 16:43:24,283 DEBUG impl.RaftServerImpl (RaftServerImpl.java:requestVote(743)) - s1@group-46F048A18FB7: receive requestVote(s3, group-46F048A18FB7, 5, (t:0, i:0))
2019-09-24 16:43:24,283 DEBUG impl.RaftServerImpl (RaftServerImpl.java:requestVote(743)) - s2@group-46F048A18FB7: receive requestVote(s3, group-46F048A18FB7, 5, (t:0, i:0))
2019-09-24 16:43:24,285 DEBUG impl.RaftServerImpl (RaftServerImpl.java:requestVote(775)) - s3@group-46F048A18FB7 replies to vote request: s4<-s3#0:FAIL-t5. Peer's state: s3@group-46F048A18FB7:t5, leader=null, voted=s3, raftlog=s3@group-46F048A18FB7-SegmentedRaftLog:OPENED:c-1,f-1,i0, conf=-1: [s3:0.0.0.0:39188, s4:0.0.0.0:40778, s0:0.0.0.0:42012, s1:0.0.0.0:45336, s2:0.0.0.0:38783], old=null
2019-09-24 16:43:24,346 INFO  impl.LeaderElection (LeaderElection.java:askForVotes(178)) - s1@group-46F048A18FB7-LeaderElection18: begin an election at term 5 for -1: [s3:0.0.0.0:39188, s4:0.0.0.0:40778, s0:0.0.0.0:42012, s1:0.0.0.0:45336, s2:0.0.0.0:38783], old=null
2019-09-24 16:43:24,346 DEBUG impl.RaftServerImpl (RaftServerImpl.java:requestVote(775)) - s1@group-46F048A18FB7 replies to vote request: s3<-s1#0:FAIL-t5. Peer's state: s1@group-46F048A18FB7:t5, leader=null, voted=s1, raftlog=s1@group-46F048A18FB7-SegmentedRaftLog:OPENED:c-1,f-1,i0, conf=-1: [s3:0.0.0.0:39188, s4:0.0.0.0:40778, s0:0.0.0.0:42012, s1:0.0.0.0:45336, s2:0.0.0.0:38783], old=null
2019-09-24 16:43:24,346 DEBUG impl.RaftServerImpl (RaftServerImpl.java:requestVote(775)) - s0@group-46F048A18FB7 replies to vote request: s3<-s0#0:FAIL-t5. Peer's state: s0@group-46F048A18FB7:t5, leader=null, voted=s0, raftlog=s0@group-46F048A18FB7-SegmentedRaftLog:OPENED:c-1,f-1,i0, conf=-1: [s3:0.0.0.0:39188, s4:0.0.0.0:40778, s0:0.0.0.0:42012, s1:0.0.0.0:45336, s2:0.0.0.0:38783], old=null
2019-09-24 16:43:24,346 DEBUG impl.RaftServerImpl (RaftServerImpl.java:requestVote(775)) - s2@group-46F048A18FB7 replies to vote request: s3<-s2#0:FAIL-t5. Peer's state: s2@group-46F048A18FB7:t5, leader=null, voted=s2, raftlog=s2@group-46F048A18FB7-SegmentedRaftLog:OPENED:c-1,f-1,i0, conf=-1: [s3:0.0.0.0:39188, s4:0.0.0.0:40778, s0:0.0.0.0:42012, s1:0.0.0.0:45336, s2:0.0.0.0:38783], old=null
2019-09-24 16:43:24,346 INFO  impl.LeaderElection (LeaderElection.java:askForVotes(178)) - s0@group-46F048A18FB7-LeaderElection19: begin an election at term 5 for -1: [s3:0.0.0.0:39188, s4:0.0.0.0:40778, s0:0.0.0.0:42012, s1:0.0.0.0:45336, s2:0.0.0.0:38783], old=null
2019-09-24 16:43:24,346 INFO  impl.LeaderElection (LeaderElection.java:askForVotes(178)) - s2@group-46F048A18FB7-LeaderElection20: begin an election at term 5 for -1: [s3:0.0.0.0:39188, s4:0.0.0.0:40778, s0:0.0.0.0:42012, s1:0.0.0.0:45336, s2:0.0.0.0:38783], old=null
2019-09-24 16:43:24,348 DEBUG impl.RaftServerImpl (RaftServerImpl.java:requestVote(775)) - s2@group-46F048A18FB7 replies to vote request: s4<-s2#0:FAIL-t5. Peer's state: s2@group-46F048A18FB7:t5, leader=null, voted=s2, raftlog=s2@group-46F048A18FB7-SegmentedRaftLog:OPENED:c-1,f-1,i0, conf=-1: [s3:0.0.0.0:39188, s4:0.0.0.0:40778, s0:0.0.0.0:42012, s1:0.0.0.0:45336, s2:0.0.0.0:38783], old=null
2019-09-24 16:43:24,347 DEBUG impl.RaftServerImpl (RaftServerImpl.java:requestVote(775)) - s0@group-46F048A18FB7 replies to vote request: s4<-s0#0:FAIL-t5. Peer's state: s0@group-46F048A18FB7:t5, leader=null, voted=s0, raftlog=s0@group-46F048A18FB7-SegmentedRaftLog:OPENED:c-1,f-1,i0, conf=-1: [s3:0.0.0.0:39188, s4:0.0.0.0:40778, s0:0.0.0.0:42012, s1:0.0.0.0:45336, s2:0.0.0.0:38783], old=null
2019-09-24 16:43:24,347 DEBUG impl.RaftServerImpl (RaftServerImpl.java:requestVote(775)) - s1@group-46F048A18FB7 replies to vote request: s4<-s1#0:FAIL-t5. Peer's state: s1@group-46F048A18FB7:t5, leader=null, voted=s1, raftlog=s1@group-46F048A18FB7-SegmentedRaftLog:OPENED:c-1,f-1,i0, conf=-1: [s3:0.0.0.0:39188, s4:0.0.0.0:40778, s0:0.0.0.0:42012, s1:0.0.0.0:45336, s2:0.0.0.0:38783], old=null
2019-09-24 16:43:24,349 INFO  impl.LeaderElection (LeaderElection.java:logAndReturn(56)) - s3@group-46F048A18FB7-LeaderElection16: Election REJECTED; received 4 response(s) [s3<-s4#0:FAIL-t5, s3<-s0#0:FAIL-t5, s3<-s1#0:FAIL-t5, s3<-s2#0:FAIL-t5] and 0 exception(s); s3@group-46F048A18FB7:t5, leader=null, voted=s3, raftlog=s3@group-46F048A18FB7-SegmentedRaftLog:OPENED:c-1,f-1,i0, conf=-1: [s3:0.0.0.0:39188, s4:0.0.0.0:40778, s0:0.0.0.0:42012, s1:0.0.0.0:45336, s2:0.0.0.0:38783], old=null
2019-09-24 16:43:24,349 INFO  impl.RaftServerImpl (RaftServerImpl.java:setRole(170)) - s3@group-46F048A18FB7: changes role from CANDIDATE to FOLLOWER at term 5 for DISCOVERED_A_NEW_TERM
2019-09-24 16:43:24,350 INFO  impl.RoleInfo (RoleInfo.java:shutdownLeaderElection(134)) - s3: shutdown LeaderElection
2019-09-24 16:43:24,350 DEBUG impl.RaftServerImpl (RaftServerImpl.java:requestVote(743)) - s3@group-46F048A18FB7: receive requestVote(s2, group-46F048A18FB7, 5, (t:0, i:0))
2019-09-24 16:43:24,350 INFO  impl.RoleInfo (RoleInfo.java:updateAndGet(143)) - s3: start FollowerState
2019-09-24 16:43:24,351 DEBUG impl.RaftServerImpl (RaftServerImpl.java:requestVote(743)) - s4@group-46F048A18FB7: receive requestVote(s2, group-46F048A18FB7, 5, (t:0, i:0))
2019-09-24 16:43:24,350 DEBUG impl.RaftServerImpl (RaftServerImpl.java:requestVote(743)) - s3@group-46F048A18FB7: receive requestVote(s0, group-46F048A18FB7, 5, (t:0, i:0))
2019-09-24 16:43:24,350 INFO  impl.LeaderElection (LeaderElection.java:logAndReturn(56)) - s4@group-46F048A18FB7-LeaderElection17: Election REJECTED; received 4 response(s) [s4<-s3#0:FAIL-t5, s4<-s0#0:FAIL-t5, s4<-s1#0:FAIL-t5, s4<-s2#0:FAIL-t5] and 0 exception(s); s4@group-46F048A18FB7:t5, leader=null, voted=s4, raftlog=s4@group-46F048A18FB7-SegmentedRaftLog:OPENED:c-1,f-1,i0, conf=-1: [s3:0.0.0.0:39188, s4:0.0.0.0:40778, s0:0.0.0.0:42012, s1:0.0.0.0:45336, s2:0.0.0.0:38783], old=null
2019-09-24 16:43:24,351 DEBUG impl.RaftServerImpl (RaftServerImpl.java:requestVote(775)) - s4@group-46F048A18FB7 replies to vote request: s2<-s4#0:FAIL-t5. Peer's state: s4@group-46F048A18FB7:t5, leader=null, voted=s4, raftlog=s4@group-46F048A18FB7-SegmentedRaftLog:OPENED:c-1,f-1,i0, conf=-1: [s3:0.0.0.0:39188, s4:0.0.0.0:40778, s0:0.0.0.0:42012, s1:0.0.0.0:45336, s2:0.0.0.0:38783], old=null
2019-09-24 16:43:24,351 DEBUG impl.RaftServerImpl (RaftServerImpl.java:requestVote(775)) - s3@group-46F048A18FB7 replies to vote request: s2<-s3#0:FAIL-t5. Peer's state: s3@group-46F048A18FB7:t5, leader=null, voted=s3, raftlog=s3@group-46F048A18FB7-SegmentedRaftLog:OPENED:c-1,f-1,i0, conf=-1: [s3:0.0.0.0:39188, s4:0.0.0.0:40778, s0:0.0.0.0:42012, s1:0.0.0.0:45336, s2:0.0.0.0:38783], old=null
2019-09-24 16:43:24,351 DEBUG impl.RaftServerImpl (RaftServerImpl.java:requestVote(743)) - s1@group-46F048A18FB7: receive requestVote(s2, group-46F048A18FB7, 5, (t:0, i:0))
2019-09-24 16:43:24,351 DEBUG impl.RaftServerImpl (RaftServerImpl.java:requestVote(743)) - s4@group-46F048A18FB7: receive requestVote(s0, group-46F048A18FB7, 5, (t:0, i:0))
2019-09-24 16:43:24,351 DEBUG impl.RaftServerImpl (RaftServerImpl.java:requestVote(743)) - s0@group-46F048A18FB7: receive requestVote(s2, group-46F048A18FB7, 5, (t:0, i:0))
2019-09-24 16:43:24,353 DEBUG impl.RaftServerImpl (RaftServerImpl.java:requestVote(743)) - s2@group-46F048A18FB7: receive requestVote(s1, group-46F048A18FB7, 5, (t:0, i:0))
2019-09-24 16:43:24,353 DEBUG impl.RaftServerImpl (RaftServerImpl.java:requestVote(743)) - s0@group-46F048A18FB7: receive requestVote(s1, group-46F048A18FB7, 5, (t:0, i:0))
2019-09-24 16:43:24,353 DEBUG impl.RaftServerImpl (RaftServerImpl.java:requestVote(775)) - s1@group-46F048A18FB7 replies to vote request: s2<-s1#0:FAIL-t5. Peer's state: s1@group-46F048A18FB7:t5, leader=null, voted=s1, raftlog=s1@group-46F048A18FB7-SegmentedRaftLog:OPENED:c-1,f-1,i0, conf=-1: [s3:0.0.0.0:39188, s4:0.0.0.0:40778, s0:0.0.0.0:42012, s1:0.0.0.0:45336, s2:0.0.0.0:38783], old=null
2019-09-24 16:43:24,353 DEBUG impl.RaftServerImpl (RaftServerImpl.java:requestVote(775)) - s3@group-46F048A18FB7 replies to vote request: s0<-s3#0:FAIL-t5. Peer's state: s3@group-46F048A18FB7:t5, leader=null, voted=s3, raftlog=s3@group-46F048A18FB7-SegmentedRaftLog:OPENED:c-1,f-1,i0, conf=-1: [s3:0.0.0.0:39188, s4:0.0.0.0:40778, s0:0.0.0.0:42012, s1:0.0.0.0:45336, s2:0.0.0.0:38783], old=null
2019-09-24 16:43:24,353 DEBUG impl.RaftServerImpl (RaftServerImpl.java:requestVote(743)) - s2@group-46F048A18FB7: receive requestVote(s0, group-46F048A18FB7, 5, (t:0, i:0))
2019-09-24 16:43:24,352 INFO  impl.RaftServerImpl (RaftServerImpl.java:setRole(170)) - s4@group-46F048A18FB7: changes role from CANDIDATE to FOLLOWER at term 5 for DISCOVERED_A_NEW_TERM
2019-09-24 16:43:24,352 DEBUG impl.RaftServerImpl (RaftServerImpl.java:requestVote(743)) - s4@group-46F048A18FB7: receive requestVote(s1, group-46F048A18FB7, 5, (t:0, i:0))
2019-09-24 16:43:24,352 DEBUG impl.RaftServerImpl (RaftServerImpl.java:requestVote(743)) - s1@group-46F048A18FB7: receive requestVote(s0, group-46F048A18FB7, 5, (t:0, i:0))
2019-09-24 16:43:24,352 DEBUG impl.RaftServerImpl (RaftServerImpl.java:requestVote(743)) - s3@group-46F048A18FB7: receive requestVote(s1, group-46F048A18FB7, 5, (t:0, i:0))
2019-09-24 16:43:24,356 DEBUG impl.RaftServerImpl (RaftServerImpl.java:requestVote(775)) - s1@group-46F048A18FB7 replies to vote request: s0<-s1#0:FAIL-t5. Peer's state: s1@group-46F048A18FB7:t5, leader=null, voted=s1, raftlog=s1@group-46F048A18FB7-SegmentedRaftLog:OPENED:c-1,f-1,i0, conf=-1: [s3:0.0.0.0:39188, s4:0.0.0.0:40778, s0:0.0.0.0:42012, s1:0.0.0.0:45336, s2:0.0.0.0:38783], old=null
2019-09-24 16:43:24,355 INFO  impl.RoleInfo (RoleInfo.java:shutdownLeaderElection(134)) - s4: shutdown LeaderElection
2019-09-24 16:43:24,354 DEBUG impl.RaftServerImpl (RaftServerImpl.java:requestVote(775)) - s2@group-46F048A18FB7 replies to vote request: s1<-s2#0:FAIL-t5. Peer's state: s2@group-46F048A18FB7:t5, leader=null, voted=s2, raftlog=s2@group-46F048A18FB7-SegmentedRaftLog:OPENED:c-1,f-1,i0, conf=-1: [s3:0.0.0.0:39188, s4:0.0.0.0:40778, s0:0.0.0.0:42012, s1:0.0.0.0:45336, s2:0.0.0.0:38783], old=null
2019-09-24 16:43:24,354 DEBUG impl.RaftServerImpl (RaftServerImpl.java:requestVote(775)) - s0@group-46F048A18FB7 replies to vote request: s2<-s0#0:FAIL-t5. Peer's state: s0@group-46F048A18FB7:t5, leader=null, voted=s0, raftlog=s0@group-46F048A18FB7-SegmentedRaftLog:OPENED:c-1,f-1,i0, conf=-1: [s3:0.0.0.0:39188, s4:0.0.0.0:40778, s0:0.0.0.0:42012, s1:0.0.0.0:45336, s2:0.0.0.0:38783], old=null
2019-09-24 16:43:24,357 DEBUG impl.RaftServerImpl (RaftServerImpl.java:requestVote(775)) - s2@group-46F048A18FB7 replies to vote request: s0<-s2#0:FAIL-t5. Peer's state: s2@group-46F048A18FB7:t5, leader=null, voted=s2, raftlog=s2@group-46F048A18FB7-SegmentedRaftLog:OPENED:c-1,f-1,i0, conf=-1: [s3:0.0.0.0:39188, s4:0.0.0.0:40778, s0:0.0.0.0:42012, s1:0.0.0.0:45336, s2:0.0.0.0:38783], old=null
2019-09-24 16:43:24,357 INFO  impl.RoleInfo (RoleInfo.java:updateAndGet(143)) - s4: start FollowerState
2019-09-24 16:43:24,356 DEBUG impl.RaftServerImpl (RaftServerImpl.java:requestVote(775)) - s3@group-46F048A18FB7 replies to vote request: s1<-s3#0:FAIL-t5. Peer's state: s3@group-46F048A18FB7:t5, leader=null, voted=s3, raftlog=s3@group-46F048A18FB7-SegmentedRaftLog:OPENED:c-1,f-1,i0, conf=-1: [s3:0.0.0.0:39188, s4:0.0.0.0:40778, s0:0.0.0.0:42012, s1:0.0.0.0:45336, s2:0.0.0.0:38783], old=null
2019-09-24 16:43:24,357 DEBUG impl.RaftServerImpl (RaftServerImpl.java:requestVote(775)) - s0@group-46F048A18FB7 replies to vote request: s1<-s0#0:FAIL-t5. Peer's state: s0@group-46F048A18FB7:t5, leader=null, voted=s0, raftlog=s0@group-46F048A18FB7-SegmentedRaftLog:OPENED:c-1,f-1,i0, conf=-1: [s3:0.0.0.0:39188, s4:0.0.0.0:40778, s0:0.0.0.0:42012, s1:0.0.0.0:45336, s2:0.0.0.0:38783], old=null
2019-09-24 16:43:24,358 INFO  impl.LeaderElection (LeaderElection.java:logAndReturn(56)) - s2@group-46F048A18FB7-LeaderElection20: Election REJECTED; received 4 response(s) [s2<-s3#0:FAIL-t5, s2<-s4#0:FAIL-t5, s2<-s0#0:FAIL-t5, s2<-s1#0:FAIL-t5] and 0 exception(s); s2@group-46F048A18FB7:t5, leader=null, voted=s2, raftlog=s2@group-46F048A18FB7-SegmentedRaftLog:OPENED:c-1,f-1,i0, conf=-1: [s3:0.0.0.0:39188, s4:0.0.0.0:40778, s0:0.0.0.0:42012, s1:0.0.0.0:45336, s2:0.0.0.0:38783], old=null
2019-09-24 16:43:24,358 DEBUG impl.RaftServerImpl (RaftServerImpl.java:requestVote(775)) - s4@group-46F048A18FB7 replies to vote request: s1<-s4#0:FAIL-t5. Peer's state: s4@group-46F048A18FB7:t5, leader=null, voted=s4, raftlog=s4@group-46F048A18FB7-SegmentedRaftLog:OPENED:c-1,f-1,i0, conf=-1: [s3:0.0.0.0:39188, s4:0.0.0.0:40778, s0:0.0.0.0:42012, s1:0.0.0.0:45336, s2:0.0.0.0:38783], old=null
2019-09-24 16:43:24,359 INFO  impl.RaftServerImpl (RaftServerImpl.java:setRole(170)) - s2@group-46F048A18FB7: changes role from CANDIDATE to FOLLOWER at term 5 for DISCOVERED_A_NEW_TERM
2019-09-24 16:43:24,360 INFO  impl.RoleInfo (RoleInfo.java:shutdownLeaderElection(134)) - s2: shutdown LeaderElection
2019-09-24 16:43:24,360 DEBUG impl.RaftServerImpl (RaftServerImpl.java:requestVote(775)) - s4@group-46F048A18FB7 replies to vote request: s0<-s4#0:FAIL-t5. Peer's state: s4@group-46F048A18FB7:t5, leader=null, voted=s4, raftlog=s4@group-46F048A18FB7-SegmentedRaftLog:OPENED:c-1,f-1,i0, conf=-1: [s3:0.0.0.0:39188, s4:0.0.0.0:40778, s0:0.0.0.0:42012, s1:0.0.0.0:45336, s2:0.0.0.0:38783], old=null
2019-09-24 16:43:24,360 INFO  impl.LeaderElection (LeaderElection.java:logAndReturn(56)) - s1@group-46F048A18FB7-LeaderElection18: Election REJECTED; received 4 response(s) [s1<-s3#0:FAIL-t5, s1<-s4#0:FAIL-t5, s1<-s0#0:FAIL-t5, s1<-s2#0:FAIL-t5] and 0 exception(s); s1@group-46F048A18FB7:t5, leader=null, voted=s1, raftlog=s1@group-46F048A18FB7-SegmentedRaftLog:OPENED:c-1,f-1,i0, conf=-1: [s3:0.0.0.0:39188, s4:0.0.0.0:40778, s0:0.0.0.0:42012, s1:0.0.0.0:45336, s2:0.0.0.0:38783], old=null
2019-09-24 16:43:24,360 INFO  impl.RoleInfo (RoleInfo.java:updateAndGet(143)) - s2: start FollowerState
2019-09-24 16:43:24,360 INFO  impl.RaftServerImpl (RaftServerImpl.java:setRole(170)) - s1@group-46F048A18FB7: changes role from CANDIDATE to FOLLOWER at term 5 for DISCOVERED_A_NEW_TERM
2019-09-24 16:43:24,361 INFO  impl.RoleInfo (RoleInfo.java:shutdownLeaderElection(134)) - s1: shutdown LeaderElection
2019-09-24 16:43:24,361 INFO  impl.RoleInfo (RoleInfo.java:updateAndGet(143)) - s1: start FollowerState
2019-09-24 16:43:24,361 INFO  impl.LeaderElection (LeaderElection.java:logAndReturn(56)) - s0@group-46F048A18FB7-LeaderElection19: Election REJECTED; received 4 response(s) [s0<-s3#0:FAIL-t5, s0<-s4#0:FAIL-t5, s0<-s1#0:FAIL-t5, s0<-s2#0:FAIL-t5] and 0 exception(s); s0@group-46F048A18FB7:t5, leader=null, voted=s0, raftlog=s0@group-46F048A18FB7-SegmentedRaftLog:OPENED:c-1,f-1,i0, conf=-1: [s3:0.0.0.0:39188, s4:0.0.0.0:40778, s0:0.0.0.0:42012, s1:0.0.0.0:45336, s2:0.0.0.0:38783], old=null
2019-09-24 16:43:24,362 INFO  impl.RaftServerImpl (RaftServerImpl.java:setRole(170)) - s0@group-46F048A18FB7: changes role from CANDIDATE to FOLLOWER at term 5 for DISCOVERED_A_NEW_TERM
2019-09-24 16:43:24,362 INFO  impl.RoleInfo (RoleInfo.java:shutdownLeaderElection(134)) - s0: shutdown LeaderElection
2019-09-24 16:43:24,362 INFO  impl.RoleInfo (RoleInfo.java:updateAndGet(143)) - s0: start FollowerState
2019-09-24 16:43:24,519 INFO  impl.FollowerState (FollowerState.java:run(108)) - s2@group-46F048A18FB7-FollowerState: change to CANDIDATE, lastRpcTime:159ms, electionTimeout:158ms
2019-09-24 16:43:24,520 INFO  impl.RoleInfo (RoleInfo.java:shutdownFollowerState(121)) - s2: shutdown FollowerState
2019-09-24 16:43:24,520 INFO  impl.RaftServerImpl (RaftServerImpl.java:setRole(170)) - s2@group-46F048A18FB7: changes role from  FOLLOWER to CANDIDATE at term 5 for changeToCandidate
2019-09-24 16:43:24,520 INFO  impl.RoleInfo (RoleInfo.java:updateAndGet(143)) - s2: start LeaderElection
2019-09-24 16:43:24,535 INFO  impl.LeaderElection (LeaderElection.java:askForVotes(178)) - s2@group-46F048A18FB7-LeaderElection21: begin an election at term 6 for -1: [s3:0.0.0.0:39188, s4:0.0.0.0:40778, s0:0.0.0.0:42012, s1:0.0.0.0:45336, s2:0.0.0.0:38783], old=null
2019-09-24 16:43:24,537 DEBUG impl.RaftServerImpl (RaftServerImpl.java:requestVote(743)) - s4@group-46F048A18FB7: receive requestVote(s2, group-46F048A18FB7, 6, (t:0, i:0))
2019-09-24 16:43:24,537 DEBUG impl.RaftServerImpl (RaftServerImpl.java:requestVote(743)) - s1@group-46F048A18FB7: receive requestVote(s2, group-46F048A18FB7, 6, (t:0, i:0))
2019-09-24 16:43:24,537 INFO  impl.RaftServerImpl (RaftServerImpl.java:setRole(170)) - s4@group-46F048A18FB7: changes role from  FOLLOWER to FOLLOWER at term 6 for recognizeCandidate:s2
2019-09-24 16:43:24,537 DEBUG impl.RaftServerImpl (RaftServerImpl.java:requestVote(743)) - s3@group-46F048A18FB7: receive requestVote(s2, group-46F048A18FB7, 6, (t:0, i:0))
2019-09-24 16:43:24,537 DEBUG impl.RaftServerImpl (RaftServerImpl.java:requestVote(743)) - s0@group-46F048A18FB7: receive requestVote(s2, group-46F048A18FB7, 6, (t:0, i:0))
2019-09-24 16:43:24,538 INFO  impl.RaftServerImpl (RaftServerImpl.java:setRole(170)) - s3@group-46F048A18FB7: changes role from  FOLLOWER to FOLLOWER at term 6 for recognizeCandidate:s2
2019-09-24 16:43:24,538 INFO  impl.RoleInfo (RoleInfo.java:shutdownFollowerState(121)) - s4: shutdown FollowerState
2019-09-24 16:43:24,538 INFO  impl.RaftServerImpl (RaftServerImpl.java:setRole(170)) - s1@group-46F048A18FB7: changes role from  FOLLOWER to FOLLOWER at term 6 for recognizeCandidate:s2
2019-09-24 16:43:24,539 INFO  impl.FollowerState (FollowerState.java:run(117)) - s4@group-46F048A18FB7-FollowerState was interrupted: java.lang.InterruptedException: sleep interrupted
2019-09-24 16:43:24,539 INFO  impl.RoleInfo (RoleInfo.java:updateAndGet(143)) - s4: start FollowerState
2019-09-24 16:43:24,539 INFO  impl.RoleInfo (RoleInfo.java:shutdownFollowerState(121)) - s3: shutdown FollowerState
2019-09-24 16:43:24,538 INFO  impl.RaftServerImpl (RaftServerImpl.java:setRole(170)) - s0@group-46F048A18FB7: changes role from  FOLLOWER to FOLLOWER at term 6 for recognizeCandidate:s2
2019-09-24 16:43:24,541 INFO  impl.FollowerState (FollowerState.java:run(117)) - s3@group-46F048A18FB7-FollowerState was interrupted: java.lang.InterruptedException: sleep interrupted
2019-09-24 16:43:24,541 INFO  impl.RoleInfo (RoleInfo.java:updateAndGet(143)) - s3: start FollowerState
2019-09-24 16:43:24,539 INFO  impl.RoleInfo (RoleInfo.java:shutdownFollowerState(121)) - s1: shutdown FollowerState
2019-09-24 16:43:24,541 INFO  impl.RoleInfo (RoleInfo.java:shutdownFollowerState(121)) - s0: shutdown FollowerState
2019-09-24 16:43:24,542 INFO  impl.FollowerState (FollowerState.java:run(117)) - s1@group-46F048A18FB7-FollowerState was interrupted: java.lang.InterruptedException: sleep interrupted
2019-09-24 16:43:24,542 INFO  impl.RoleInfo (RoleInfo.java:updateAndGet(143)) - s1: start FollowerState
2019-09-24 16:43:24,543 INFO  impl.FollowerState (FollowerState.java:run(117)) - s0@group-46F048A18FB7-FollowerState was interrupted: java.lang.InterruptedException: sleep interrupted
2019-09-24 16:43:24,543 INFO  impl.RoleInfo (RoleInfo.java:updateAndGet(143)) - s0: start FollowerState
2019-09-24 16:43:24,680 WARN  ratis.RaftTestUtil (JavaUtils.java:attempt(158)) - FAILED "waitForLeader-null-(expectLeader? true)", attempt #63/100: java.lang.IllegalStateException: No leader yet : printing ALL groups
  s3:  RUNNING  FOLLOWER s3@group-46F048A18FB7:t6, leader=null, voted=s2, raftlog=s3@group-46F048A18FB7-SegmentedRaftLog:OPENED:c-1,f-1,i0, conf=-1: [s3:0.0.0.0:39188, s4:0.0.0.0:40778, s0:0.0.0.0:42012, s1:0.0.0.0:45336, s2:0.0.0.0:38783], old=null RUNNING
  s4:  RUNNING  FOLLOWER s4@group-46F048A18FB7:t6, leader=null, voted=s2, raftlog=s4@group-46F048A18FB7-SegmentedRaftLog:OPENED:c-1,f-1,i0, conf=-1: [s3:0.0.0.0:39188, s4:0.0.0.0:40778, s0:0.0.0.0:42012, s1:0.0.0.0:45336, s2:0.0.0.0:38783], old=null RUNNING
  s0:  RUNNING  FOLLOWER s0@group-46F048A18FB7:t6, leader=null, voted=s2, raftlog=s0@group-46F048A18FB7-SegmentedRaftLog:OPENED:c-1,f-1,i0, conf=-1: [s3:0.0.0.0:39188, s4:0.0.0.0:40778, s0:0.0.0.0:42012, s1:0.0.0.0:45336, s2:0.0.0.0:38783], old=null RUNNING
  s1:  RUNNING  FOLLOWER s1@group-46F048A18FB7:t6, leader=null, voted=s2, raftlog=s1@group-46F048A18FB7-SegmentedRaftLog:OPENED:c-1,f-1,i0, conf=-1: [s3:0.0.0.0:39188, s4:0.0.0.0:40778, s0:0.0.0.0:42012, s1:0.0.0.0:45336, s2:0.0.0.0:38783], old=null RUNNING
  s2:  RUNNING CANDIDATE s2@group-46F048A18FB7:t6, leader=null, voted=s2, raftlog=s2@group-46F048A18FB7-SegmentedRaftLog:OPENED:c-1,f-1,i0, conf=-1: [s3:0.0.0.0:39188, s4:0.0.0.0:40778, s0:0.0.0.0:42012, s1:0.0.0.0:45336, s2:0.0.0.0:38783], old=null RUNNING, sleep 450ms and then retry.
java.lang.IllegalStateException: No leader yet : printing ALL groups
  s3:  RUNNING  FOLLOWER s3@group-46F048A18FB7:t6, leader=null, voted=s2, raftlog=s3@group-46F048A18FB7-SegmentedRaftLog:OPENED:c-1,f-1,i0, conf=-1: [s3:0.0.0.0:39188, s4:0.0.0.0:40778, s0:0.0.0.0:42012, s1:0.0.0.0:45336, s2:0.0.0.0:38783], old=null RUNNING
  s4:  RUNNING  FOLLOWER s4@group-46F048A18FB7:t6, leader=null, voted=s2, raftlog=s4@group-46F048A18FB7-SegmentedRaftLog:OPENED:c-1,f-1,i0, conf=-1: [s3:0.0.0.0:39188, s4:0.0.0.0:40778, s0:0.0.0.0:42012, s1:0.0.0.0:45336, s2:0.0.0.0:38783], old=null RUNNING
  s0:  RUNNING  FOLLOWER s0@group-46F048A18FB7:t6, leader=null, voted=s2, raftlog=s0@group-46F048A18FB7-SegmentedRaftLog:OPENED:c-1,f-1,i0, conf=-1: [s3:0.0.0.0:39188, s4:0.0.0.0:40778, s0:0.0.0.0:42012, s1:0.0.0.0:45336, s2:0.0.0.0:38783], old=null RUNNING
  s1:  RUNNING  FOLLOWER s1@group-46F048A18FB7:t6, leader=null, voted=s2, raftlog=s1@group-46F048A18FB7-SegmentedRaftLog:OPENED:c-1,f-1,i0, conf=-1: [s3:0.0.0.0:39188, s4:0.0.0.0:40778, s0:0.0.0.0:42012, s1:0.0.0.0:45336, s2:0.0.0.0:38783], old=null RUNNING
  s2:  RUNNING CANDIDATE s2@group-46F048A18FB7:t6, leader=null, voted=s2, raftlog=s2@group-46F048A18FB7-SegmentedRaftLog:OPENED:c-1,f-1,i0, conf=-1: [s3:0.0.0.0:39188, s4:0.0.0.0:40778, s0:0.0.0.0:42012, s1:0.0.0.0:45336, s2:0.0.0.0:38783], old=null RUNNING
	at org.apache.ratis.MiniRaftCluster.newIllegalStateExceptionForNoLeaders(MiniRaftCluster.java:506)
	at org.apache.ratis.RaftTestUtil.lambda$waitForLeader$1(RaftTestUtil.java:90)
	at org.apache.ratis.MiniRaftCluster.getLeader(MiniRaftCluster.java:539)
	at org.apache.ratis.MiniRaftCluster.getLeader(MiniRaftCluster.java:532)
	at org.apache.ratis.RaftTestUtil.lambda$waitForLeader$3(RaftTestUtil.java:98)
	at org.apache.ratis.util.JavaUtils.attempt(JavaUtils.java:152)
	at org.apache.ratis.RaftTestUtil.waitForLeader(RaftTestUtil.java:97)
	at org.apache.ratis.RaftTestUtil.waitForLeader(RaftTestUtil.java:77)
	at org.apache.ratis.RaftTestUtil.waitForLeader(RaftTestUtil.java:72)
	at org.apache.ratis.RaftBasicTests.testWithLoad(RaftBasicTests.java:336)
	at org.apache.ratis.RaftBasicTests.lambda$testWithLoad$10(RaftBasicTests.java:328)
	at org.apache.ratis.MiniRaftCluster$Factory$Get.runWithNewCluster(MiniRaftCluster.java:125)
	at org.apache.ratis.MiniRaftCluster$Factory$Get.runWithNewCluster(MiniRaftCluster.java:113)
	at org.apache.ratis.RaftBasicTests.testWithLoad(RaftBasicTests.java:328)
	at org.apache.ratis.netty.TestRaftWithNetty.testWithLoad(TestRaftWithNetty.java:31)
	at sun.reflect.NativeMethodAccessorImpl.invoke0(Native Method)
	at sun.reflect.NativeMethodAccessorImpl.invoke(NativeMethodAccessorImpl.java:62)
	at sun.reflect.DelegatingMethodAccessorImpl.invoke(DelegatingMethodAccessorImpl.java:43)
	at java.lang.reflect.Method.invoke(Method.java:498)
	at org.junit.runners.model.FrameworkMethod$1.runReflectiveCall(FrameworkMethod.java:50)
	at org.junit.internal.runners.model.ReflectiveCallable.run(ReflectiveCallable.java:12)
	at org.junit.runners.model.FrameworkMethod.invokeExplosively(FrameworkMethod.java:47)
	at org.junit.internal.runners.statements.InvokeMethod.evaluate(InvokeMethod.java:17)
	at org.junit.internal.runners.statements.RunAfters.evaluate(RunAfters.java:27)
	at org.junit.internal.runners.statements.FailOnTimeout$CallableStatement.call(FailOnTimeout.java:298)
	at org.junit.internal.runners.statements.FailOnTimeout$CallableStatement.call(FailOnTimeout.java:292)
	at java.util.concurrent.FutureTask.run(FutureTask.java:266)
	at java.lang.Thread.run(Thread.java:748)
2019-09-24 16:43:24,780 INFO  impl.LeaderElection (LeaderElection.java:logAndReturn(56)) - s2@group-46F048A18FB7-LeaderElection21: Election TIMEOUT; received 0 response(s) [] and 0 exception(s); s2@group-46F048A18FB7:t6, leader=null, voted=s2, raftlog=s2@group-46F048A18FB7-SegmentedRaftLog:OPENED:c-1,f-1,i0, conf=-1: [s3:0.0.0.0:39188, s4:0.0.0.0:40778, s0:0.0.0.0:42012, s1:0.0.0.0:45336, s2:0.0.0.0:38783], old=null
2019-09-24 16:43:24,855 DEBUG impl.RaftServerImpl (RaftServerImpl.java:requestVote(775)) - s4@group-46F048A18FB7 replies to vote request: s2<-s4#0:OK-t6. Peer's state: s4@group-46F048A18FB7:t6, leader=null, voted=s2, raftlog=s4@group-46F048A18FB7-SegmentedRaftLog:OPENED:c-1,f-1,i0, conf=-1: [s3:0.0.0.0:39188, s4:0.0.0.0:40778, s0:0.0.0.0:42012, s1:0.0.0.0:45336, s2:0.0.0.0:38783], old=null
2019-09-24 16:43:24,855 DEBUG impl.RaftServerImpl (RaftServerImpl.java:requestVote(775)) - s1@group-46F048A18FB7 replies to vote request: s2<-s1#0:OK-t6. Peer's state: s1@group-46F048A18FB7:t6, leader=null, voted=s2, raftlog=s1@group-46F048A18FB7-SegmentedRaftLog:OPENED:c-1,f-1,i0, conf=-1: [s3:0.0.0.0:39188, s4:0.0.0.0:40778, s0:0.0.0.0:42012, s1:0.0.0.0:45336, s2:0.0.0.0:38783], old=null
2019-09-24 16:43:24,855 DEBUG impl.RaftServerImpl (RaftServerImpl.java:requestVote(775)) - s0@group-46F048A18FB7 replies to vote request: s2<-s0#0:OK-t6. Peer's state: s0@group-46F048A18FB7:t6, leader=null, voted=s2, raftlog=s0@group-46F048A18FB7-SegmentedRaftLog:OPENED:c-1,f-1,i0, conf=-1: [s3:0.0.0.0:39188, s4:0.0.0.0:40778, s0:0.0.0.0:42012, s1:0.0.0.0:45336, s2:0.0.0.0:38783], old=null
2019-09-24 16:43:24,855 DEBUG impl.RaftServerImpl (RaftServerImpl.java:requestVote(775)) - s3@group-46F048A18FB7 replies to vote request: s2<-s3#0:OK-t6. Peer's state: s3@group-46F048A18FB7:t6, leader=null, voted=s2, raftlog=s3@group-46F048A18FB7-SegmentedRaftLog:OPENED:c-1,f-1,i0, conf=-1: [s3:0.0.0.0:39188, s4:0.0.0.0:40778, s0:0.0.0.0:42012, s1:0.0.0.0:45336, s2:0.0.0.0:38783], old=null
2019-09-24 16:43:24,857 INFO  impl.FollowerState (FollowerState.java:run(108)) - s0@group-46F048A18FB7-FollowerState: change to CANDIDATE, lastRpcTime:314ms, electionTimeout:244ms
2019-09-24 16:43:24,857 INFO  impl.FollowerState (FollowerState.java:run(108)) - s1@group-46F048A18FB7-FollowerState: change to CANDIDATE, lastRpcTime:314ms, electionTimeout:269ms
2019-09-24 16:43:24,856 INFO  impl.FollowerState (FollowerState.java:run(108)) - s4@group-46F048A18FB7-FollowerState: change to CANDIDATE, lastRpcTime:317ms, electionTimeout:294ms
2019-09-24 16:43:24,858 INFO  impl.RoleInfo (RoleInfo.java:shutdownFollowerState(121)) - s1: shutdown FollowerState
2019-09-24 16:43:24,858 INFO  impl.RoleInfo (RoleInfo.java:shutdownFollowerState(121)) - s0: shutdown FollowerState
2019-09-24 16:43:24,857 INFO  impl.FollowerState (FollowerState.java:run(108)) - s3@group-46F048A18FB7-FollowerState: change to CANDIDATE, lastRpcTime:316ms, electionTimeout:153ms
2019-09-24 16:43:24,858 INFO  impl.RaftServerImpl (RaftServerImpl.java:setRole(170)) - s0@group-46F048A18FB7: changes role from  FOLLOWER to CANDIDATE at term 6 for changeToCandidate
2019-09-24 16:43:24,858 INFO  impl.RaftServerImpl (RaftServerImpl.java:setRole(170)) - s1@group-46F048A18FB7: changes role from  FOLLOWER to CANDIDATE at term 6 for changeToCandidate
2019-09-24 16:43:24,859 INFO  impl.RoleInfo (RoleInfo.java:updateAndGet(143)) - s0: start LeaderElection
2019-09-24 16:43:24,858 INFO  impl.RoleInfo (RoleInfo.java:shutdownFollowerState(121)) - s4: shutdown FollowerState
2019-09-24 16:43:24,859 INFO  impl.RoleInfo (RoleInfo.java:updateAndGet(143)) - s1: start LeaderElection
2019-09-24 16:43:24,859 INFO  impl.RoleInfo (RoleInfo.java:shutdownFollowerState(121)) - s3: shutdown FollowerState
2019-09-24 16:43:24,859 INFO  impl.RaftServerImpl (RaftServerImpl.java:setRole(170)) - s4@group-46F048A18FB7: changes role from  FOLLOWER to CANDIDATE at term 6 for changeToCandidate
2019-09-24 16:43:24,860 INFO  impl.RaftServerImpl (RaftServerImpl.java:setRole(170)) - s3@group-46F048A18FB7: changes role from  FOLLOWER to CANDIDATE at term 6 for changeToCandidate
2019-09-24 16:43:24,861 INFO  impl.RoleInfo (RoleInfo.java:updateAndGet(143)) - s4: start LeaderElection
2019-09-24 16:43:24,861 INFO  impl.RoleInfo (RoleInfo.java:updateAndGet(143)) - s3: start LeaderElection
2019-09-24 16:43:24,871 INFO  impl.LeaderElection (LeaderElection.java:askForVotes(178)) - s2@group-46F048A18FB7-LeaderElection21: begin an election at term 7 for -1: [s3:0.0.0.0:39188, s4:0.0.0.0:40778, s0:0.0.0.0:42012, s1:0.0.0.0:45336, s2:0.0.0.0:38783], old=null
2019-09-24 16:43:24,873 DEBUG impl.RaftServerImpl (RaftServerImpl.java:requestVote(743)) - s4@group-46F048A18FB7: receive requestVote(s2, group-46F048A18FB7, 7, (t:0, i:0))
2019-09-24 16:43:24,873 DEBUG impl.RaftServerImpl (RaftServerImpl.java:requestVote(743)) - s3@group-46F048A18FB7: receive requestVote(s2, group-46F048A18FB7, 7, (t:0, i:0))
2019-09-24 16:43:24,873 DEBUG impl.RaftServerImpl (RaftServerImpl.java:requestVote(743)) - s1@group-46F048A18FB7: receive requestVote(s2, group-46F048A18FB7, 7, (t:0, i:0))
2019-09-24 16:43:24,873 DEBUG impl.RaftServerImpl (RaftServerImpl.java:requestVote(743)) - s0@group-46F048A18FB7: receive requestVote(s2, group-46F048A18FB7, 7, (t:0, i:0))
2019-09-24 16:43:25,077 INFO  impl.LeaderElection (LeaderElection.java:logAndReturn(56)) - s2@group-46F048A18FB7-LeaderElection21: Election TIMEOUT; received 0 response(s) [] and 0 exception(s); s2@group-46F048A18FB7:t7, leader=null, voted=s2, raftlog=s2@group-46F048A18FB7-SegmentedRaftLog:OPENED:c-1,f-1,i0, conf=-1: [s3:0.0.0.0:39188, s4:0.0.0.0:40778, s0:0.0.0.0:42012, s1:0.0.0.0:45336, s2:0.0.0.0:38783], old=null
2019-09-24 16:43:25,132 WARN  ratis.RaftTestUtil (JavaUtils.java:attempt(158)) - FAILED "waitForLeader-null-(expectLeader? true)", attempt #64/100: java.lang.IllegalStateException: No leader yet : printing ALL groups
  s3:  RUNNING CANDIDATE s3@group-46F048A18FB7:t7, leader=null, voted=s3, raftlog=s3@group-46F048A18FB7-SegmentedRaftLog:OPENED:c-1,f-1,i0, conf=-1: [s3:0.0.0.0:39188, s4:0.0.0.0:40778, s0:0.0.0.0:42012, s1:0.0.0.0:45336, s2:0.0.0.0:38783], old=null RUNNING
  s4:  RUNNING CANDIDATE s4@group-46F048A18FB7:t7, leader=null, voted=s4, raftlog=s4@group-46F048A18FB7-SegmentedRaftLog:OPENED:c-1,f-1,i0, conf=-1: [s3:0.0.0.0:39188, s4:0.0.0.0:40778, s0:0.0.0.0:42012, s1:0.0.0.0:45336, s2:0.0.0.0:38783], old=null RUNNING
  s0:  RUNNING CANDIDATE s0@group-46F048A18FB7:t7, leader=null, voted=s0, raftlog=s0@group-46F048A18FB7-SegmentedRaftLog:OPENED:c-1,f-1,i0, conf=-1: [s3:0.0.0.0:39188, s4:0.0.0.0:40778, s0:0.0.0.0:42012, s1:0.0.0.0:45336, s2:0.0.0.0:38783], old=null RUNNING
  s1:  RUNNING CANDIDATE s1@group-46F048A18FB7:t7, leader=null, voted=s1, raftlog=s1@group-46F048A18FB7-SegmentedRaftLog:OPENED:c-1,f-1,i0, conf=-1: [s3:0.0.0.0:39188, s4:0.0.0.0:40778, s0:0.0.0.0:42012, s1:0.0.0.0:45336, s2:0.0.0.0:38783], old=null RUNNING
  s2:  RUNNING CANDIDATE s2@group-46F048A18FB7:t8, leader=null, voted=s2, raftlog=s2@group-46F048A18FB7-SegmentedRaftLog:OPENED:c-1,f-1,i0, conf=-1: [s3:0.0.0.0:39188, s4:0.0.0.0:40778, s0:0.0.0.0:42012, s1:0.0.0.0:45336, s2:0.0.0.0:38783], old=null RUNNING, sleep 450ms and then retry.
java.lang.IllegalStateException: No leader yet : printing ALL groups
  s3:  RUNNING CANDIDATE s3@group-46F048A18FB7:t7, leader=null, voted=s3, raftlog=s3@group-46F048A18FB7-SegmentedRaftLog:OPENED:c-1,f-1,i0, conf=-1: [s3:0.0.0.0:39188, s4:0.0.0.0:40778, s0:0.0.0.0:42012, s1:0.0.0.0:45336, s2:0.0.0.0:38783], old=null RUNNING
  s4:  RUNNING CANDIDATE s4@group-46F048A18FB7:t7, leader=null, voted=s4, raftlog=s4@group-46F048A18FB7-SegmentedRaftLog:OPENED:c-1,f-1,i0, conf=-1: [s3:0.0.0.0:39188, s4:0.0.0.0:40778, s0:0.0.0.0:42012, s1:0.0.0.0:45336, s2:0.0.0.0:38783], old=null RUNNING
  s0:  RUNNING CANDIDATE s0@group-46F048A18FB7:t7, leader=null, voted=s0, raftlog=s0@group-46F048A18FB7-SegmentedRaftLog:OPENED:c-1,f-1,i0, conf=-1: [s3:0.0.0.0:39188, s4:0.0.0.0:40778, s0:0.0.0.0:42012, s1:0.0.0.0:45336, s2:0.0.0.0:38783], old=null RUNNING
  s1:  RUNNING CANDIDATE s1@group-46F048A18FB7:t7, leader=null, voted=s1, raftlog=s1@group-46F048A18FB7-SegmentedRaftLog:OPENED:c-1,f-1,i0, conf=-1: [s3:0.0.0.0:39188, s4:0.0.0.0:40778, s0:0.0.0.0:42012, s1:0.0.0.0:45336, s2:0.0.0.0:38783], old=null RUNNING
  s2:  RUNNING CANDIDATE s2@group-46F048A18FB7:t8, leader=null, voted=s2, raftlog=s2@group-46F048A18FB7-SegmentedRaftLog:OPENED:c-1,f-1,i0, conf=-1: [s3:0.0.0.0:39188, s4:0.0.0.0:40778, s0:0.0.0.0:42012, s1:0.0.0.0:45336, s2:0.0.0.0:38783], old=null RUNNING
	at org.apache.ratis.MiniRaftCluster.newIllegalStateExceptionForNoLeaders(MiniRaftCluster.java:506)
	at org.apache.ratis.RaftTestUtil.lambda$waitForLeader$1(RaftTestUtil.java:90)
	at org.apache.ratis.MiniRaftCluster.getLeader(MiniRaftCluster.java:539)
	at org.apache.ratis.MiniRaftCluster.getLeader(MiniRaftCluster.java:532)
	at org.apache.ratis.RaftTestUtil.lambda$waitForLeader$3(RaftTestUtil.java:98)
	at org.apache.ratis.util.JavaUtils.attempt(JavaUtils.java:152)
	at org.apache.ratis.RaftTestUtil.waitForLeader(RaftTestUtil.java:97)
	at org.apache.ratis.RaftTestUtil.waitForLeader(RaftTestUtil.java:77)
	at org.apache.ratis.RaftTestUtil.waitForLeader(RaftTestUtil.java:72)
	at org.apache.ratis.RaftBasicTests.testWithLoad(RaftBasicTests.java:336)
	at org.apache.ratis.RaftBasicTests.lambda$testWithLoad$10(RaftBasicTests.java:328)
	at org.apache.ratis.MiniRaftCluster$Factory$Get.runWithNewCluster(MiniRaftCluster.java:125)
	at org.apache.ratis.MiniRaftCluster$Factory$Get.runWithNewCluster(MiniRaftCluster.java:113)
	at org.apache.ratis.RaftBasicTests.testWithLoad(RaftBasicTests.java:328)
	at org.apache.ratis.netty.TestRaftWithNetty.testWithLoad(TestRaftWithNetty.java:31)
	at sun.reflect.NativeMethodAccessorImpl.invoke0(Native Method)
	at sun.reflect.NativeMethodAccessorImpl.invoke(NativeMethodAccessorImpl.java:62)
	at sun.reflect.DelegatingMethodAccessorImpl.invoke(DelegatingMethodAccessorImpl.java:43)
	at java.lang.reflect.Method.invoke(Method.java:498)
	at org.junit.runners.model.FrameworkMethod$1.runReflectiveCall(FrameworkMethod.java:50)
	at org.junit.internal.runners.model.ReflectiveCallable.run(ReflectiveCallable.java:12)
	at org.junit.runners.model.FrameworkMethod.invokeExplosively(FrameworkMethod.java:47)
	at org.junit.internal.runners.statements.InvokeMethod.evaluate(InvokeMethod.java:17)
	at org.junit.internal.runners.statements.RunAfters.evaluate(RunAfters.java:27)
	at org.junit.internal.runners.statements.FailOnTimeout$CallableStatement.call(FailOnTimeout.java:298)
	at org.junit.internal.runners.statements.FailOnTimeout$CallableStatement.call(FailOnTimeout.java:292)
	at java.util.concurrent.FutureTask.run(FutureTask.java:266)
	at java.lang.Thread.run(Thread.java:748)
2019-09-24 16:43:25,243 INFO  impl.LeaderElection (LeaderElection.java:askForVotes(178)) - s0@group-46F048A18FB7-LeaderElection22: begin an election at term 7 for -1: [s3:0.0.0.0:39188, s4:0.0.0.0:40778, s0:0.0.0.0:42012, s1:0.0.0.0:45336, s2:0.0.0.0:38783], old=null
2019-09-24 16:43:25,243 DEBUG impl.RaftServerImpl (RaftServerImpl.java:requestVote(775)) - s3@group-46F048A18FB7 replies to vote request: s2<-s3#0:FAIL-t7. Peer's state: s3@group-46F048A18FB7:t7, leader=null, voted=s3, raftlog=s3@group-46F048A18FB7-SegmentedRaftLog:OPENED:c-1,f-1,i0, conf=-1: [s3:0.0.0.0:39188, s4:0.0.0.0:40778, s0:0.0.0.0:42012, s1:0.0.0.0:45336, s2:0.0.0.0:38783], old=null
2019-09-24 16:43:25,244 INFO  impl.LeaderElection (LeaderElection.java:askForVotes(178)) - s2@group-46F048A18FB7-LeaderElection21: begin an election at term 8 for -1: [s3:0.0.0.0:39188, s4:0.0.0.0:40778, s0:0.0.0.0:42012, s1:0.0.0.0:45336, s2:0.0.0.0:38783], old=null
2019-09-24 16:43:25,243 DEBUG impl.RaftServerImpl (RaftServerImpl.java:requestVote(775)) - s4@group-46F048A18FB7 replies to vote request: s2<-s4#0:FAIL-t7. Peer's state: s4@group-46F048A18FB7:t7, leader=null, voted=s4, raftlog=s4@group-46F048A18FB7-SegmentedRaftLog:OPENED:c-1,f-1,i0, conf=-1: [s3:0.0.0.0:39188, s4:0.0.0.0:40778, s0:0.0.0.0:42012, s1:0.0.0.0:45336, s2:0.0.0.0:38783], old=null
2019-09-24 16:43:25,243 DEBUG impl.RaftServerImpl (RaftServerImpl.java:requestVote(775)) - s0@group-46F048A18FB7 replies to vote request: s2<-s0#0:FAIL-t7. Peer's state: s0@group-46F048A18FB7:t7, leader=null, voted=s0, raftlog=s0@group-46F048A18FB7-SegmentedRaftLog:OPENED:c-1,f-1,i0, conf=-1: [s3:0.0.0.0:39188, s4:0.0.0.0:40778, s0:0.0.0.0:42012, s1:0.0.0.0:45336, s2:0.0.0.0:38783], old=null
2019-09-24 16:43:25,243 DEBUG impl.RaftServerImpl (RaftServerImpl.java:requestVote(775)) - s1@group-46F048A18FB7 replies to vote request: s2<-s1#0:FAIL-t7. Peer's state: s1@group-46F048A18FB7:t7, leader=null, voted=s1, raftlog=s1@group-46F048A18FB7-SegmentedRaftLog:OPENED:c-1,f-1,i0, conf=-1: [s3:0.0.0.0:39188, s4:0.0.0.0:40778, s0:0.0.0.0:42012, s1:0.0.0.0:45336, s2:0.0.0.0:38783], old=null
2019-09-24 16:43:25,243 INFO  impl.LeaderElection (LeaderElection.java:askForVotes(178)) - s1@group-46F048A18FB7-LeaderElection23: begin an election at term 7 for -1: [s3:0.0.0.0:39188, s4:0.0.0.0:40778, s0:0.0.0.0:42012, s1:0.0.0.0:45336, s2:0.0.0.0:38783], old=null
2019-09-24 16:43:25,243 INFO  impl.LeaderElection (LeaderElection.java:askForVotes(178)) - s3@group-46F048A18FB7-LeaderElection25: begin an election at term 7 for -1: [s3:0.0.0.0:39188, s4:0.0.0.0:40778, s0:0.0.0.0:42012, s1:0.0.0.0:45336, s2:0.0.0.0:38783], old=null
2019-09-24 16:43:25,243 INFO  impl.LeaderElection (LeaderElection.java:askForVotes(178)) - s4@group-46F048A18FB7-LeaderElection24: begin an election at term 7 for -1: [s3:0.0.0.0:39188, s4:0.0.0.0:40778, s0:0.0.0.0:42012, s1:0.0.0.0:45336, s2:0.0.0.0:38783], old=null
2019-09-24 16:43:25,246 DEBUG impl.RaftServerImpl (RaftServerImpl.java:requestVote(743)) - s3@group-46F048A18FB7: receive requestVote(s2, group-46F048A18FB7, 8, (t:0, i:0))
2019-09-24 16:43:25,247 DEBUG impl.RaftServerImpl (RaftServerImpl.java:requestVote(743)) - s0@group-46F048A18FB7: receive requestVote(s2, group-46F048A18FB7, 8, (t:0, i:0))
2019-09-24 16:43:25,247 DEBUG impl.RaftServerImpl (RaftServerImpl.java:requestVote(743)) - s4@group-46F048A18FB7: receive requestVote(s2, group-46F048A18FB7, 8, (t:0, i:0))
2019-09-24 16:43:25,247 DEBUG impl.RaftServerImpl (RaftServerImpl.java:requestVote(743)) - s3@group-46F048A18FB7: receive requestVote(s0, group-46F048A18FB7, 7, (t:0, i:0))
2019-09-24 16:43:25,247 INFO  impl.RaftServerImpl (RaftServerImpl.java:setRole(170)) - s3@group-46F048A18FB7: changes role from CANDIDATE to FOLLOWER at term 8 for recognizeCandidate:s2
2019-09-24 16:43:25,247 DEBUG impl.RaftServerImpl (RaftServerImpl.java:requestVote(743)) - s1@group-46F048A18FB7: receive requestVote(s2, group-46F048A18FB7, 8, (t:0, i:0))
2019-09-24 16:43:25,249 DEBUG impl.RaftServerImpl (RaftServerImpl.java:requestVote(743)) - s0@group-46F048A18FB7: receive requestVote(s4, group-46F048A18FB7, 7, (t:0, i:0))
2019-09-24 16:43:25,248 DEBUG impl.RaftServerImpl (RaftServerImpl.java:requestVote(743)) - s2@group-46F048A18FB7: receive requestVote(s0, group-46F048A18FB7, 7, (t:0, i:0))
2019-09-24 16:43:25,248 DEBUG impl.RaftServerImpl (RaftServerImpl.java:requestVote(743)) - s3@group-46F048A18FB7: receive requestVote(s4, group-46F048A18FB7, 7, (t:0, i:0))
2019-09-24 16:43:25,248 INFO  impl.RoleInfo (RoleInfo.java:shutdownLeaderElection(134)) - s3: shutdown LeaderElection
2019-09-24 16:43:25,248 DEBUG impl.RaftServerImpl (RaftServerImpl.java:requestVote(743)) - s3@group-46F048A18FB7: receive requestVote(s1, group-46F048A18FB7, 7, (t:0, i:0))
2019-09-24 16:43:25,248 DEBUG impl.RaftServerImpl (RaftServerImpl.java:requestVote(743)) - s4@group-46F048A18FB7: receive requestVote(s3, group-46F048A18FB7, 7, (t:0, i:0))
2019-09-24 16:43:25,248 DEBUG impl.RaftServerImpl (RaftServerImpl.java:requestVote(743)) - s1@group-46F048A18FB7: receive requestVote(s0, group-46F048A18FB7, 7, (t:0, i:0))
2019-09-24 16:43:25,248 INFO  impl.RaftServerImpl (RaftServerImpl.java:setRole(170)) - s4@group-46F048A18FB7: changes role from CANDIDATE to FOLLOWER at term 8 for recognizeCandidate:s2
2019-09-24 16:43:25,247 INFO  impl.LeaderElection (LeaderElection.java:logAndReturn(56)) - s0@group-46F048A18FB7-LeaderElection22: Election REJECTED; received 0 response(s) [] and 0 exception(s); s0@group-46F048A18FB7:t8, leader=null, voted=null, raftlog=s0@group-46F048A18FB7-SegmentedRaftLog:OPENED:c-1,f-1,i0, conf=-1: [s3:0.0.0.0:39188, s4:0.0.0.0:40778, s0:0.0.0.0:42012, s1:0.0.0.0:45336, s2:0.0.0.0:38783], old=null
2019-09-24 16:43:25,247 INFO  impl.RaftServerImpl (RaftServerImpl.java:setRole(170)) - s0@group-46F048A18FB7: changes role from CANDIDATE to FOLLOWER at term 8 for recognizeCandidate:s2
2019-09-24 16:43:25,247 DEBUG impl.RaftServerImpl (RaftServerImpl.java:requestVote(743)) - s4@group-46F048A18FB7: receive requestVote(s0, group-46F048A18FB7, 7, (t:0, i:0))
2019-09-24 16:43:25,252 INFO  impl.RoleInfo (RoleInfo.java:shutdownLeaderElection(134)) - s0: shutdown LeaderElection
2019-09-24 16:43:25,251 INFO  impl.RoleInfo (RoleInfo.java:shutdownLeaderElection(134)) - s4: shutdown LeaderElection
2019-09-24 16:43:25,250 INFO  impl.RoleInfo (RoleInfo.java:updateAndGet(143)) - s3: start FollowerState
2019-09-24 16:43:25,250 DEBUG impl.RaftServerImpl (RaftServerImpl.java:requestVote(743)) - s2@group-46F048A18FB7: receive requestVote(s1, group-46F048A18FB7, 7, (t:0, i:0))
2019-09-24 16:43:25,250 DEBUG impl.RaftServerImpl (RaftServerImpl.java:requestVote(743)) - s0@group-46F048A18FB7: receive requestVote(s1, group-46F048A18FB7, 7, (t:0, i:0))
2019-09-24 16:43:25,249 DEBUG impl.RaftServerImpl (RaftServerImpl.java:requestVote(775)) - s2@group-46F048A18FB7 replies to vote request: s0<-s2#0:FAIL-t8. Peer's state: s2@group-46F048A18FB7:t8, leader=null, voted=s2, raftlog=s2@group-46F048A18FB7-SegmentedRaftLog:OPENED:c-1,f-1,i0, conf=-1: [s3:0.0.0.0:39188, s4:0.0.0.0:40778, s0:0.0.0.0:42012, s1:0.0.0.0:45336, s2:0.0.0.0:38783], old=null
2019-09-24 16:43:25,249 DEBUG impl.RaftServerImpl (RaftServerImpl.java:requestVote(743)) - s1@group-46F048A18FB7: receive requestVote(s4, group-46F048A18FB7, 7, (t:0, i:0))
2019-09-24 16:43:25,249 DEBUG impl.RaftServerImpl (RaftServerImpl.java:requestVote(743)) - s4@group-46F048A18FB7: receive requestVote(s1, group-46F048A18FB7, 7, (t:0, i:0))
2019-09-24 16:43:25,249 DEBUG impl.RaftServerImpl (RaftServerImpl.java:requestVote(743)) - s0@group-46F048A18FB7: receive requestVote(s3, group-46F048A18FB7, 7, (t:0, i:0))
2019-09-24 16:43:25,249 INFO  impl.RaftServerImpl (RaftServerImpl.java:setRole(170)) - s1@group-46F048A18FB7: changes role from CANDIDATE to FOLLOWER at term 8 for recognizeCandidate:s2
2019-09-24 16:43:25,255 INFO  impl.RoleInfo (RoleInfo.java:shutdownLeaderElection(134)) - s1: shutdown LeaderElection
2019-09-24 16:43:25,254 DEBUG impl.RaftServerImpl (RaftServerImpl.java:requestVote(775)) - s2@group-46F048A18FB7 replies to vote request: s1<-s2#0:FAIL-t8. Peer's state: s2@group-46F048A18FB7:t8, leader=null, voted=s2, raftlog=s2@group-46F048A18FB7-SegmentedRaftLog:OPENED:c-1,f-1,i0, conf=-1: [s3:0.0.0.0:39188, s4:0.0.0.0:40778, s0:0.0.0.0:42012, s1:0.0.0.0:45336, s2:0.0.0.0:38783], old=null
2019-09-24 16:43:25,253 INFO  impl.RoleInfo (RoleInfo.java:updateAndGet(143)) - s4: start FollowerState
2019-09-24 16:43:25,253 INFO  impl.RoleInfo (RoleInfo.java:updateAndGet(143)) - s0: start FollowerState
2019-09-24 16:43:25,256 INFO  impl.RoleInfo (RoleInfo.java:updateAndGet(143)) - s1: start FollowerState
2019-09-24 16:43:25,257 INFO  impl.LeaderElection (LeaderElection.java:logAndReturn(56)) - s1@group-46F048A18FB7-LeaderElection23: Election DISCOVERED_A_NEW_TERM; received 1 response(s) [s1<-s2#0:FAIL-t8] and 0 exception(s); s1@group-46F048A18FB7:t8, leader=null, voted=null, raftlog=s1@group-46F048A18FB7-SegmentedRaftLog:OPENED:c-1,f-1,i0, conf=-1: [s3:0.0.0.0:39188, s4:0.0.0.0:40778, s0:0.0.0.0:42012, s1:0.0.0.0:45336, s2:0.0.0.0:38783], old=null
2019-09-24 16:43:25,480 INFO  impl.LeaderElection (LeaderElection.java:logAndReturn(56)) - s2@group-46F048A18FB7-LeaderElection21: Election TIMEOUT; received 0 response(s) [] and 0 exception(s); s2@group-46F048A18FB7:t8, leader=null, voted=s2, raftlog=s2@group-46F048A18FB7-SegmentedRaftLog:OPENED:c-1,f-1,i0, conf=-1: [s3:0.0.0.0:39188, s4:0.0.0.0:40778, s0:0.0.0.0:42012, s1:0.0.0.0:45336, s2:0.0.0.0:38783], old=null
2019-09-24 16:43:25,522 DEBUG impl.RaftServerImpl (RaftServerImpl.java:requestVote(775)) - s1@group-46F048A18FB7 replies to vote request: s2<-s1#0:FAIL-t8. Peer's state: s1@group-46F048A18FB7:t8, leader=null, voted=null, raftlog=s1@group-46F048A18FB7-SegmentedRaftLog:OPENED:c-1,f-1,i0, conf=-1: [s3:0.0.0.0:39188, s4:0.0.0.0:40778, s0:0.0.0.0:42012, s1:0.0.0.0:45336, s2:0.0.0.0:38783], old=null
2019-09-24 16:43:25,522 DEBUG impl.RaftServerImpl (RaftServerImpl.java:requestVote(775)) - s3@group-46F048A18FB7 replies to vote request: s2<-s3#0:FAIL-t8. Peer's state: s3@group-46F048A18FB7:t8, leader=null, voted=null, raftlog=s3@group-46F048A18FB7-SegmentedRaftLog:OPENED:c-1,f-1,i0, conf=-1: [s3:0.0.0.0:39188, s4:0.0.0.0:40778, s0:0.0.0.0:42012, s1:0.0.0.0:45336, s2:0.0.0.0:38783], old=null
2019-09-24 16:43:25,522 INFO  impl.LeaderElection (LeaderElection.java:askForVotes(178)) - s2@group-46F048A18FB7-LeaderElection21: begin an election at term 9 for -1: [s3:0.0.0.0:39188, s4:0.0.0.0:40778, s0:0.0.0.0:42012, s1:0.0.0.0:45336, s2:0.0.0.0:38783], old=null
2019-09-24 16:43:25,522 DEBUG impl.RaftServerImpl (RaftServerImpl.java:requestVote(775)) - s4@group-46F048A18FB7 replies to vote request: s2<-s4#0:FAIL-t8. Peer's state: s4@group-46F048A18FB7:t8, leader=null, voted=null, raftlog=s4@group-46F048A18FB7-SegmentedRaftLog:OPENED:c-1,f-1,i0, conf=-1: [s3:0.0.0.0:39188, s4:0.0.0.0:40778, s0:0.0.0.0:42012, s1:0.0.0.0:45336, s2:0.0.0.0:38783], old=null
2019-09-24 16:43:25,522 DEBUG impl.RaftServerImpl (RaftServerImpl.java:requestVote(775)) - s0@group-46F048A18FB7 replies to vote request: s2<-s0#0:FAIL-t8. Peer's state: s0@group-46F048A18FB7:t8, leader=null, voted=null, raftlog=s0@group-46F048A18FB7-SegmentedRaftLog:OPENED:c-1,f-1,i0, conf=-1: [s3:0.0.0.0:39188, s4:0.0.0.0:40778, s0:0.0.0.0:42012, s1:0.0.0.0:45336, s2:0.0.0.0:38783], old=null
2019-09-24 16:43:25,523 INFO  impl.FollowerState (FollowerState.java:run(108)) - s4@group-46F048A18FB7-FollowerState: change to CANDIDATE, lastRpcTime:269ms, electionTimeout:193ms
2019-09-24 16:43:25,522 INFO  impl.FollowerState (FollowerState.java:run(108)) - s3@group-46F048A18FB7-FollowerState: change to CANDIDATE, lastRpcTime:272ms, electionTimeout:183ms
2019-09-24 16:43:25,522 INFO  impl.FollowerState (FollowerState.java:run(108)) - s1@group-46F048A18FB7-FollowerState: change to CANDIDATE, lastRpcTime:266ms, electionTimeout:199ms
2019-09-24 16:43:25,524 INFO  impl.RoleInfo (RoleInfo.java:shutdownFollowerState(121)) - s3: shutdown FollowerState
2019-09-24 16:43:25,524 INFO  impl.RoleInfo (RoleInfo.java:shutdownFollowerState(121)) - s4: shutdown FollowerState
2019-09-24 16:43:25,523 DEBUG impl.RaftServerImpl (RaftServerImpl.java:requestVote(775)) - s0@group-46F048A18FB7 replies to vote request: s3<-s0#0:FAIL-t8. Peer's state: s0@group-46F048A18FB7:t8, leader=null, voted=null, raftlog=s0@group-46F048A18FB7-SegmentedRaftLog:OPENED:c-1,f-1,i0, conf=-1: [s3:0.0.0.0:39188, s4:0.0.0.0:40778, s0:0.0.0.0:42012, s1:0.0.0.0:45336, s2:0.0.0.0:38783], old=null
2019-09-24 16:43:25,525 DEBUG impl.RaftServerImpl (RaftServerImpl.java:requestVote(743)) - s4@group-46F048A18FB7: receive requestVote(s2, group-46F048A18FB7, 9, (t:0, i:0))
2019-09-24 16:43:25,524 DEBUG impl.RaftServerImpl (RaftServerImpl.java:requestVote(743)) - s3@group-46F048A18FB7: receive requestVote(s2, group-46F048A18FB7, 9, (t:0, i:0))
2019-09-24 16:43:25,524 INFO  impl.RaftServerImpl (RaftServerImpl.java:setRole(170)) - s4@group-46F048A18FB7: changes role from  FOLLOWER to CANDIDATE at term 8 for changeToCandidate
2019-09-24 16:43:25,524 INFO  impl.RaftServerImpl (RaftServerImpl.java:setRole(170)) - s3@group-46F048A18FB7: changes role from  FOLLOWER to CANDIDATE at term 8 for changeToCandidate
2019-09-24 16:43:25,526 INFO  impl.RoleInfo (RoleInfo.java:updateAndGet(143)) - s4: start LeaderElection
2019-09-24 16:43:25,524 INFO  impl.RoleInfo (RoleInfo.java:shutdownFollowerState(121)) - s1: shutdown FollowerState
2019-09-24 16:43:25,526 INFO  impl.RoleInfo (RoleInfo.java:updateAndGet(143)) - s3: start LeaderElection
2019-09-24 16:43:25,525 DEBUG impl.RaftServerImpl (RaftServerImpl.java:requestVote(743)) - s1@group-46F048A18FB7: receive requestVote(s2, group-46F048A18FB7, 9, (t:0, i:0))
2019-09-24 16:43:25,525 DEBUG impl.RaftServerImpl (RaftServerImpl.java:requestVote(743)) - s0@group-46F048A18FB7: receive requestVote(s2, group-46F048A18FB7, 9, (t:0, i:0))
2019-09-24 16:43:25,525 DEBUG impl.RaftServerImpl (RaftServerImpl.java:requestVote(775)) - s0@group-46F048A18FB7 replies to vote request: s1<-s0#0:FAIL-t8. Peer's state: s0@group-46F048A18FB7:t8, leader=null, voted=null, raftlog=s0@group-46F048A18FB7-SegmentedRaftLog:OPENED:c-1,f-1,i0, conf=-1: [s3:0.0.0.0:39188, s4:0.0.0.0:40778, s0:0.0.0.0:42012, s1:0.0.0.0:45336, s2:0.0.0.0:38783], old=null
2019-09-24 16:43:25,528 DEBUG impl.RaftServerImpl (RaftServerImpl.java:requestVote(775)) - s3@group-46F048A18FB7 replies to vote request: s1<-s3#0:FAIL-t8. Peer's state: s3@group-46F048A18FB7:t8, leader=null, voted=null, raftlog=s3@group-46F048A18FB7-SegmentedRaftLog:OPENED:c-1,f-1,i0, conf=-1: [s3:0.0.0.0:39188, s4:0.0.0.0:40778, s0:0.0.0.0:42012, s1:0.0.0.0:45336, s2:0.0.0.0:38783], old=null
2019-09-24 16:43:25,527 DEBUG impl.RaftServerImpl (RaftServerImpl.java:requestVote(775)) - s4@group-46F048A18FB7 replies to vote request: s1<-s4#0:FAIL-t8. Peer's state: s4@group-46F048A18FB7:t8, leader=null, voted=null, raftlog=s4@group-46F048A18FB7-SegmentedRaftLog:OPENED:c-1,f-1,i0, conf=-1: [s3:0.0.0.0:39188, s4:0.0.0.0:40778, s0:0.0.0.0:42012, s1:0.0.0.0:45336, s2:0.0.0.0:38783], old=null
2019-09-24 16:43:25,526 INFO  impl.RaftServerImpl (RaftServerImpl.java:setRole(170)) - s1@group-46F048A18FB7: changes role from  FOLLOWER to CANDIDATE at term 8 for changeToCandidate
2019-09-24 16:43:25,529 DEBUG impl.RaftServerImpl (RaftServerImpl.java:requestVote(775)) - s3@group-46F048A18FB7 replies to vote request: s4<-s3#0:FAIL-t8. Peer's state: s3@group-46F048A18FB7:t8, leader=null, voted=null, raftlog=s3@group-46F048A18FB7-SegmentedRaftLog:OPENED:c-1,f-1,i0, conf=-1: [s3:0.0.0.0:39188, s4:0.0.0.0:40778, s0:0.0.0.0:42012, s1:0.0.0.0:45336, s2:0.0.0.0:38783], old=null
2019-09-24 16:43:25,529 DEBUG impl.RaftServerImpl (RaftServerImpl.java:requestVote(775)) - s0@group-46F048A18FB7 replies to vote request: s4<-s0#0:FAIL-t8. Peer's state: s0@group-46F048A18FB7:t8, leader=null, voted=null, raftlog=s0@group-46F048A18FB7-SegmentedRaftLog:OPENED:c-1,f-1,i0, conf=-1: [s3:0.0.0.0:39188, s4:0.0.0.0:40778, s0:0.0.0.0:42012, s1:0.0.0.0:45336, s2:0.0.0.0:38783], old=null
2019-09-24 16:43:25,530 DEBUG impl.RaftServerImpl (RaftServerImpl.java:requestVote(775)) - s3@group-46F048A18FB7 replies to vote request: s0<-s3#0:FAIL-t8. Peer's state: s3@group-46F048A18FB7:t8, leader=null, voted=null, raftlog=s3@group-46F048A18FB7-SegmentedRaftLog:OPENED:c-1,f-1,i0, conf=-1: [s3:0.0.0.0:39188, s4:0.0.0.0:40778, s0:0.0.0.0:42012, s1:0.0.0.0:45336, s2:0.0.0.0:38783], old=null
2019-09-24 16:43:25,530 DEBUG impl.RaftServerImpl (RaftServerImpl.java:requestVote(775)) - s4@group-46F048A18FB7 replies to vote request: s0<-s4#0:FAIL-t8. Peer's state: s4@group-46F048A18FB7:t8, leader=null, voted=null, raftlog=s4@group-46F048A18FB7-SegmentedRaftLog:OPENED:c-1,f-1,i0, conf=-1: [s3:0.0.0.0:39188, s4:0.0.0.0:40778, s0:0.0.0.0:42012, s1:0.0.0.0:45336, s2:0.0.0.0:38783], old=null
2019-09-24 16:43:25,530 INFO  impl.RoleInfo (RoleInfo.java:updateAndGet(143)) - s1: start LeaderElection
2019-09-24 16:43:25,531 DEBUG impl.RaftServerImpl (RaftServerImpl.java:requestVote(775)) - s4@group-46F048A18FB7 replies to vote request: s3<-s4#0:FAIL-t8. Peer's state: s4@group-46F048A18FB7:t8, leader=null, voted=null, raftlog=s4@group-46F048A18FB7-SegmentedRaftLog:OPENED:c-1,f-1,i0, conf=-1: [s3:0.0.0.0:39188, s4:0.0.0.0:40778, s0:0.0.0.0:42012, s1:0.0.0.0:45336, s2:0.0.0.0:38783], old=null
2019-09-24 16:43:25,530 INFO  impl.RaftServerImpl (RaftServerImpl.java:setRole(170)) - s0@group-46F048A18FB7: changes role from  FOLLOWER to FOLLOWER at term 9 for recognizeCandidate:s2
2019-09-24 16:43:25,533 DEBUG impl.RaftServerImpl (RaftServerImpl.java:requestVote(775)) - s1@group-46F048A18FB7 replies to vote request: s4<-s1#0:FAIL-t8. Peer's state: s1@group-46F048A18FB7:t8, leader=null, voted=null, raftlog=s1@group-46F048A18FB7-SegmentedRaftLog:OPENED:c-1,f-1,i0, conf=-1: [s3:0.0.0.0:39188, s4:0.0.0.0:40778, s0:0.0.0.0:42012, s1:0.0.0.0:45336, s2:0.0.0.0:38783], old=null
2019-09-24 16:43:25,533 DEBUG impl.RaftServerImpl (RaftServerImpl.java:requestVote(743)) - s1@group-46F048A18FB7: receive requestVote(s3, group-46F048A18FB7, 7, (t:0, i:0))
2019-09-24 16:43:25,533 INFO  impl.LeaderElection (LeaderElection.java:logAndReturn(56)) - s4@group-46F048A18FB7-LeaderElection24: Election REJECTED; received 0 response(s) [] and 0 exception(s); s4@group-46F048A18FB7:t9, leader=null, voted=s4, raftlog=s4@group-46F048A18FB7-SegmentedRaftLog:OPENED:c-1,f-1,i0, conf=-1: [s3:0.0.0.0:39188, s4:0.0.0.0:40778, s0:0.0.0.0:42012, s1:0.0.0.0:45336, s2:0.0.0.0:38783], old=null
2019-09-24 16:43:25,533 INFO  impl.RoleInfo (RoleInfo.java:shutdownFollowerState(121)) - s0: shutdown FollowerState
2019-09-24 16:43:25,534 DEBUG impl.RaftServerImpl (RaftServerImpl.java:requestVote(743)) - s2@group-46F048A18FB7: receive requestVote(s4, group-46F048A18FB7, 7, (t:0, i:0))
2019-09-24 16:43:25,533 DEBUG impl.RaftServerImpl (RaftServerImpl.java:requestVote(775)) - s1@group-46F048A18FB7 replies to vote request: s0<-s1#0:FAIL-t8. Peer's state: s1@group-46F048A18FB7:t8, leader=null, voted=null, raftlog=s1@group-46F048A18FB7-SegmentedRaftLog:OPENED:c-1,f-1,i0, conf=-1: [s3:0.0.0.0:39188, s4:0.0.0.0:40778, s0:0.0.0.0:42012, s1:0.0.0.0:45336, s2:0.0.0.0:38783], old=null
2019-09-24 16:43:25,534 DEBUG impl.RaftServerImpl (RaftServerImpl.java:requestVote(775)) - s2@group-46F048A18FB7 replies to vote request: s4<-s2#0:FAIL-t9. Peer's state: s2@group-46F048A18FB7:t9, leader=null, voted=s2, raftlog=s2@group-46F048A18FB7-SegmentedRaftLog:OPENED:c-1,f-1,i0, conf=-1: [s3:0.0.0.0:39188, s4:0.0.0.0:40778, s0:0.0.0.0:42012, s1:0.0.0.0:45336, s2:0.0.0.0:38783], old=null
2019-09-24 16:43:25,534 INFO  impl.FollowerState (FollowerState.java:run(117)) - s0@group-46F048A18FB7-FollowerState was interrupted: java.lang.InterruptedException: sleep interrupted
2019-09-24 16:43:25,534 INFO  impl.RoleInfo (RoleInfo.java:updateAndGet(143)) - s0: start FollowerState
2019-09-24 16:43:25,535 DEBUG impl.RaftServerImpl (RaftServerImpl.java:requestVote(775)) - s1@group-46F048A18FB7 replies to vote request: s3<-s1#0:FAIL-t8. Peer's state: s1@group-46F048A18FB7:t8, leader=null, voted=null, raftlog=s1@group-46F048A18FB7-SegmentedRaftLog:OPENED:c-1,f-1,i0, conf=-1: [s3:0.0.0.0:39188, s4:0.0.0.0:40778, s0:0.0.0.0:42012, s1:0.0.0.0:45336, s2:0.0.0.0:38783], old=null
2019-09-24 16:43:25,583 WARN  ratis.RaftTestUtil (JavaUtils.java:attempt(158)) - FAILED "waitForLeader-null-(expectLeader? true)", attempt #65/100: java.lang.IllegalStateException: No leader yet : printing ALL groups
  s3:  RUNNING CANDIDATE s3@group-46F048A18FB7:t9, leader=null, voted=s3, raftlog=s3@group-46F048A18FB7-SegmentedRaftLog:OPENED:c-1,f-1,i0, conf=-1: [s3:0.0.0.0:39188, s4:0.0.0.0:40778, s0:0.0.0.0:42012, s1:0.0.0.0:45336, s2:0.0.0.0:38783], old=null RUNNING
  s4:  RUNNING CANDIDATE s4@group-46F048A18FB7:t9, leader=null, voted=s4, raftlog=s4@group-46F048A18FB7-SegmentedRaftLog:OPENED:c-1,f-1,i0, conf=-1: [s3:0.0.0.0:39188, s4:0.0.0.0:40778, s0:0.0.0.0:42012, s1:0.0.0.0:45336, s2:0.0.0.0:38783], old=null RUNNING
  s0:  RUNNING  FOLLOWER s0@group-46F048A18FB7:t9, leader=null, voted=s2, raftlog=s0@group-46F048A18FB7-SegmentedRaftLog:OPENED:c-1,f-1,i0, conf=-1: [s3:0.0.0.0:39188, s4:0.0.0.0:40778, s0:0.0.0.0:42012, s1:0.0.0.0:45336, s2:0.0.0.0:38783], old=null RUNNING
  s1:  RUNNING CANDIDATE s1@group-46F048A18FB7:t9, leader=null, voted=s1, raftlog=s1@group-46F048A18FB7-SegmentedRaftLog:OPENED:c-1,f-1,i0, conf=-1: [s3:0.0.0.0:39188, s4:0.0.0.0:40778, s0:0.0.0.0:42012, s1:0.0.0.0:45336, s2:0.0.0.0:38783], old=null RUNNING
  s2:  RUNNING CANDIDATE s2@group-46F048A18FB7:t9, leader=null, voted=s2, raftlog=s2@group-46F048A18FB7-SegmentedRaftLog:OPENED:c-1,f-1,i0, conf=-1: [s3:0.0.0.0:39188, s4:0.0.0.0:40778, s0:0.0.0.0:42012, s1:0.0.0.0:45336, s2:0.0.0.0:38783], old=null RUNNING, sleep 450ms and then retry.
java.lang.IllegalStateException: No leader yet : printing ALL groups
  s3:  RUNNING CANDIDATE s3@group-46F048A18FB7:t9, leader=null, voted=s3, raftlog=s3@group-46F048A18FB7-SegmentedRaftLog:OPENED:c-1,f-1,i0, conf=-1: [s3:0.0.0.0:39188, s4:0.0.0.0:40778, s0:0.0.0.0:42012, s1:0.0.0.0:45336, s2:0.0.0.0:38783], old=null RUNNING
  s4:  RUNNING CANDIDATE s4@group-46F048A18FB7:t9, leader=null, voted=s4, raftlog=s4@group-46F048A18FB7-SegmentedRaftLog:OPENED:c-1,f-1,i0, conf=-1: [s3:0.0.0.0:39188, s4:0.0.0.0:40778, s0:0.0.0.0:42012, s1:0.0.0.0:45336, s2:0.0.0.0:38783], old=null RUNNING
  s0:  RUNNING  FOLLOWER s0@group-46F048A18FB7:t9, leader=null, voted=s2, raftlog=s0@group-46F048A18FB7-SegmentedRaftLog:OPENED:c-1,f-1,i0, conf=-1: [s3:0.0.0.0:39188, s4:0.0.0.0:40778, s0:0.0.0.0:42012, s1:0.0.0.0:45336, s2:0.0.0.0:38783], old=null RUNNING
  s1:  RUNNING CANDIDATE s1@group-46F048A18FB7:t9, leader=null, voted=s1, raftlog=s1@group-46F048A18FB7-SegmentedRaftLog:OPENED:c-1,f-1,i0, conf=-1: [s3:0.0.0.0:39188, s4:0.0.0.0:40778, s0:0.0.0.0:42012, s1:0.0.0.0:45336, s2:0.0.0.0:38783], old=null RUNNING
  s2:  RUNNING CANDIDATE s2@group-46F048A18FB7:t9, leader=null, voted=s2, raftlog=s2@group-46F048A18FB7-SegmentedRaftLog:OPENED:c-1,f-1,i0, conf=-1: [s3:0.0.0.0:39188, s4:0.0.0.0:40778, s0:0.0.0.0:42012, s1:0.0.0.0:45336, s2:0.0.0.0:38783], old=null RUNNING
	at org.apache.ratis.MiniRaftCluster.newIllegalStateExceptionForNoLeaders(MiniRaftCluster.java:506)
	at org.apache.ratis.RaftTestUtil.lambda$waitForLeader$1(RaftTestUtil.java:90)
	at org.apache.ratis.MiniRaftCluster.getLeader(MiniRaftCluster.java:539)
	at org.apache.ratis.MiniRaftCluster.getLeader(MiniRaftCluster.java:532)
	at org.apache.ratis.RaftTestUtil.lambda$waitForLeader$3(RaftTestUtil.java:98)
	at org.apache.ratis.util.JavaUtils.attempt(JavaUtils.java:152)
	at org.apache.ratis.RaftTestUtil.waitForLeader(RaftTestUtil.java:97)
	at org.apache.ratis.RaftTestUtil.waitForLeader(RaftTestUtil.java:77)
	at org.apache.ratis.RaftTestUtil.waitForLeader(RaftTestUtil.java:72)
	at org.apache.ratis.RaftBasicTests.testWithLoad(RaftBasicTests.java:336)
	at org.apache.ratis.RaftBasicTests.lambda$testWithLoad$10(RaftBasicTests.java:328)
	at org.apache.ratis.MiniRaftCluster$Factory$Get.runWithNewCluster(MiniRaftCluster.java:125)
	at org.apache.ratis.MiniRaftCluster$Factory$Get.runWithNewCluster(MiniRaftCluster.java:113)
	at org.apache.ratis.RaftBasicTests.testWithLoad(RaftBasicTests.java:328)
	at org.apache.ratis.netty.TestRaftWithNetty.testWithLoad(TestRaftWithNetty.java:31)
	at sun.reflect.NativeMethodAccessorImpl.invoke0(Native Method)
	at sun.reflect.NativeMethodAccessorImpl.invoke(NativeMethodAccessorImpl.java:62)
	at sun.reflect.DelegatingMethodAccessorImpl.invoke(DelegatingMethodAccessorImpl.java:43)
	at java.lang.reflect.Method.invoke(Method.java:498)
	at org.junit.runners.model.FrameworkMethod$1.runReflectiveCall(FrameworkMethod.java:50)
	at org.junit.internal.runners.model.ReflectiveCallable.run(ReflectiveCallable.java:12)
	at org.junit.runners.model.FrameworkMethod.invokeExplosively(FrameworkMethod.java:47)
	at org.junit.internal.runners.statements.InvokeMethod.evaluate(InvokeMethod.java:17)
	at org.junit.internal.runners.statements.RunAfters.evaluate(RunAfters.java:27)
	at org.junit.internal.runners.statements.FailOnTimeout$CallableStatement.call(FailOnTimeout.java:298)
	at org.junit.internal.runners.statements.FailOnTimeout$CallableStatement.call(FailOnTimeout.java:292)
	at java.util.concurrent.FutureTask.run(FutureTask.java:266)
	at java.lang.Thread.run(Thread.java:748)
2019-09-24 16:43:25,686 INFO  impl.LeaderElection (LeaderElection.java:logAndReturn(56)) - s2@group-46F048A18FB7-LeaderElection21: Election TIMEOUT; received 0 response(s) [] and 0 exception(s); s2@group-46F048A18FB7:t9, leader=null, voted=s2, raftlog=s2@group-46F048A18FB7-SegmentedRaftLog:OPENED:c-1,f-1,i0, conf=-1: [s3:0.0.0.0:39188, s4:0.0.0.0:40778, s0:0.0.0.0:42012, s1:0.0.0.0:45336, s2:0.0.0.0:38783], old=null
2019-09-24 16:43:25,865 INFO  impl.LeaderElection (LeaderElection.java:askForVotes(178)) - s1@group-46F048A18FB7-LeaderElection28: begin an election at term 9 for -1: [s3:0.0.0.0:39188, s4:0.0.0.0:40778, s0:0.0.0.0:42012, s1:0.0.0.0:45336, s2:0.0.0.0:38783], old=null
2019-09-24 16:43:25,867 INFO  impl.LeaderElection (LeaderElection.java:askForVotes(178)) - s2@group-46F048A18FB7-LeaderElection21: begin an election at term 10 for -1: [s3:0.0.0.0:39188, s4:0.0.0.0:40778, s0:0.0.0.0:42012, s1:0.0.0.0:45336, s2:0.0.0.0:38783], old=null
2019-09-24 16:43:25,867 DEBUG impl.RaftServerImpl (RaftServerImpl.java:requestVote(775)) - s3@group-46F048A18FB7 replies to vote request: s2<-s3#0:FAIL-t9. Peer's state: s3@group-46F048A18FB7:t9, leader=null, voted=s3, raftlog=s3@group-46F048A18FB7-SegmentedRaftLog:OPENED:c-1,f-1,i0, conf=-1: [s3:0.0.0.0:39188, s4:0.0.0.0:40778, s0:0.0.0.0:42012, s1:0.0.0.0:45336, s2:0.0.0.0:38783], old=null
2019-09-24 16:43:25,867 DEBUG impl.RaftServerImpl (RaftServerImpl.java:requestVote(775)) - s1@group-46F048A18FB7 replies to vote request: s2<-s1#0:FAIL-t9. Peer's state: s1@group-46F048A18FB7:t9, leader=null, voted=s1, raftlog=s1@group-46F048A18FB7-SegmentedRaftLog:OPENED:c-1,f-1,i0, conf=-1: [s3:0.0.0.0:39188, s4:0.0.0.0:40778, s0:0.0.0.0:42012, s1:0.0.0.0:45336, s2:0.0.0.0:38783], old=null
2019-09-24 16:43:25,866 DEBUG impl.RaftServerImpl (RaftServerImpl.java:requestVote(775)) - s4@group-46F048A18FB7 replies to vote request: s2<-s4#0:FAIL-t9. Peer's state: s4@group-46F048A18FB7:t9, leader=null, voted=s4, raftlog=s4@group-46F048A18FB7-SegmentedRaftLog:OPENED:c-1,f-1,i0, conf=-1: [s3:0.0.0.0:39188, s4:0.0.0.0:40778, s0:0.0.0.0:42012, s1:0.0.0.0:45336, s2:0.0.0.0:38783], old=null
2019-09-24 16:43:25,866 DEBUG impl.RaftServerImpl (RaftServerImpl.java:requestVote(775)) - s0@group-46F048A18FB7 replies to vote request: s2<-s0#0:OK-t9. Peer's state: s0@group-46F048A18FB7:t9, leader=null, voted=s2, raftlog=s0@group-46F048A18FB7-SegmentedRaftLog:OPENED:c-1,f-1,i0, conf=-1: [s3:0.0.0.0:39188, s4:0.0.0.0:40778, s0:0.0.0.0:42012, s1:0.0.0.0:45336, s2:0.0.0.0:38783], old=null
2019-09-24 16:43:25,869 INFO  impl.FollowerState (FollowerState.java:run(108)) - s0@group-46F048A18FB7-FollowerState: change to CANDIDATE, lastRpcTime:334ms, electionTimeout:242ms
2019-09-24 16:43:25,865 INFO  impl.LeaderElection (LeaderElection.java:askForVotes(178)) - s4@group-46F048A18FB7-LeaderElection26: begin an election at term 9 for -1: [s3:0.0.0.0:39188, s4:0.0.0.0:40778, s0:0.0.0.0:42012, s1:0.0.0.0:45336, s2:0.0.0.0:38783], old=null
2019-09-24 16:43:25,865 INFO  impl.LeaderElection (LeaderElection.java:askForVotes(178)) - s3@group-46F048A18FB7-LeaderElection27: begin an election at term 9 for -1: [s3:0.0.0.0:39188, s4:0.0.0.0:40778, s0:0.0.0.0:42012, s1:0.0.0.0:45336, s2:0.0.0.0:38783], old=null
2019-09-24 16:43:25,869 INFO  impl.RoleInfo (RoleInfo.java:shutdownFollowerState(121)) - s0: shutdown FollowerState
2019-09-24 16:43:25,870 DEBUG impl.RaftServerImpl (RaftServerImpl.java:requestVote(743)) - s1@group-46F048A18FB7: receive requestVote(s2, group-46F048A18FB7, 10, (t:0, i:0))
2019-09-24 16:43:25,869 DEBUG impl.RaftServerImpl (RaftServerImpl.java:requestVote(743)) - s4@group-46F048A18FB7: receive requestVote(s2, group-46F048A18FB7, 10, (t:0, i:0))
2019-09-24 16:43:25,869 DEBUG impl.RaftServerImpl (RaftServerImpl.java:requestVote(743)) - s3@group-46F048A18FB7: receive requestVote(s2, group-46F048A18FB7, 10, (t:0, i:0))
2019-09-24 16:43:25,871 DEBUG impl.RaftServerImpl (RaftServerImpl.java:requestVote(743)) - s2@group-46F048A18FB7: receive requestVote(s1, group-46F048A18FB7, 9, (t:0, i:0))
2019-09-24 16:43:25,868 INFO  impl.LeaderElection (LeaderElection.java:logAndReturn(56)) - s3@group-46F048A18FB7-LeaderElection25: Election REJECTED; received 0 response(s) [] and 0 exception(s); s3@group-46F048A18FB7:t9, leader=null, voted=s3, raftlog=s3@group-46F048A18FB7-SegmentedRaftLog:OPENED:c-1,f-1,i0, conf=-1: [s3:0.0.0.0:39188, s4:0.0.0.0:40778, s0:0.0.0.0:42012, s1:0.0.0.0:45336, s2:0.0.0.0:38783], old=null
2019-09-24 16:43:25,871 DEBUG impl.RaftServerImpl (RaftServerImpl.java:requestVote(743)) - s4@group-46F048A18FB7: receive requestVote(s3, group-46F048A18FB7, 9, (t:0, i:0))
2019-09-24 16:43:25,871 DEBUG impl.RaftServerImpl (RaftServerImpl.java:requestVote(775)) - s2@group-46F048A18FB7 replies to vote request: s1<-s2#0:FAIL-t10. Peer's state: s2@group-46F048A18FB7:t10, leader=null, voted=s2, raftlog=s2@group-46F048A18FB7-SegmentedRaftLog:OPENED:c-1,f-1,i0, conf=-1: [s3:0.0.0.0:39188, s4:0.0.0.0:40778, s0:0.0.0.0:42012, s1:0.0.0.0:45336, s2:0.0.0.0:38783], old=null
2019-09-24 16:43:25,871 DEBUG impl.RaftServerImpl (RaftServerImpl.java:requestVote(743)) - s3@group-46F048A18FB7: receive requestVote(s4, group-46F048A18FB7, 9, (t:0, i:0))
2019-09-24 16:43:25,871 INFO  impl.LeaderElection (LeaderElection.java:logAndReturn(56)) - s3@group-46F048A18FB7-LeaderElection27: Election REJECTED; received 0 response(s) [] and 0 exception(s); s3@group-46F048A18FB7:t10, leader=null, voted=null, raftlog=s3@group-46F048A18FB7-SegmentedRaftLog:OPENED:c-1,f-1,i0, conf=-1: [s3:0.0.0.0:39188, s4:0.0.0.0:40778, s0:0.0.0.0:42012, s1:0.0.0.0:45336, s2:0.0.0.0:38783], old=null
2019-09-24 16:43:25,871 INFO  impl.RaftServerImpl (RaftServerImpl.java:setRole(170)) - s3@group-46F048A18FB7: changes role from CANDIDATE to FOLLOWER at term 10 for recognizeCandidate:s2
2019-09-24 16:43:25,873 INFO  impl.RoleInfo (RoleInfo.java:shutdownLeaderElection(134)) - s3: shutdown LeaderElection
2019-09-24 16:43:25,871 DEBUG impl.RaftServerImpl (RaftServerImpl.java:requestVote(743)) - s4@group-46F048A18FB7: receive requestVote(s1, group-46F048A18FB7, 9, (t:0, i:0))
2019-09-24 16:43:25,870 DEBUG impl.RaftServerImpl (RaftServerImpl.java:requestVote(743)) - s0@group-46F048A18FB7: receive requestVote(s1, group-46F048A18FB7, 9, (t:0, i:0))
2019-09-24 16:43:25,870 INFO  impl.RaftServerImpl (RaftServerImpl.java:setRole(170)) - s4@group-46F048A18FB7: changes role from CANDIDATE to FOLLOWER at term 10 for recognizeCandidate:s2
2019-09-24 16:43:25,874 INFO  impl.RoleInfo (RoleInfo.java:shutdownLeaderElection(134)) - s4: shutdown LeaderElection
2019-09-24 16:43:25,870 INFO  impl.RaftServerImpl (RaftServerImpl.java:setRole(170)) - s1@group-46F048A18FB7: changes role from CANDIDATE to FOLLOWER at term 10 for recognizeCandidate:s2
2019-09-24 16:43:25,870 INFO  impl.RaftServerImpl (RaftServerImpl.java:setRole(170)) - s0@group-46F048A18FB7: changes role from  FOLLOWER to CANDIDATE at term 9 for changeToCandidate
2019-09-24 16:43:25,869 DEBUG impl.RaftServerImpl (RaftServerImpl.java:requestVote(743)) - s0@group-46F048A18FB7: receive requestVote(s2, group-46F048A18FB7, 10, (t:0, i:0))
2019-09-24 16:43:25,869 DEBUG impl.RaftServerImpl (RaftServerImpl.java:requestVote(743)) - s3@group-46F048A18FB7: receive requestVote(s1, group-46F048A18FB7, 9, (t:0, i:0))
2019-09-24 16:43:25,869 DEBUG impl.RaftServerImpl (RaftServerImpl.java:requestVote(743)) - s2@group-46F048A18FB7: receive requestVote(s3, group-46F048A18FB7, 7, (t:0, i:0))
2019-09-24 16:43:25,875 INFO  impl.RoleInfo (RoleInfo.java:updateAndGet(143)) - s0: start LeaderElection
2019-09-24 16:43:25,875 INFO  impl.RoleInfo (RoleInfo.java:shutdownLeaderElection(134)) - s1: shutdown LeaderElection
2019-09-24 16:43:25,875 INFO  impl.RoleInfo (RoleInfo.java:updateAndGet(143)) - s4: start FollowerState
2019-09-24 16:43:25,873 INFO  impl.RoleInfo (RoleInfo.java:updateAndGet(143)) - s3: start FollowerState
2019-09-24 16:43:25,873 INFO  impl.LeaderElection (LeaderElection.java:logAndReturn(56)) - s1@group-46F048A18FB7-LeaderElection28: Election DISCOVERED_A_NEW_TERM; received 1 response(s) [s1<-s2#0:FAIL-t10] and 0 exception(s); s1@group-46F048A18FB7:t10, leader=null, voted=null, raftlog=s1@group-46F048A18FB7-SegmentedRaftLog:OPENED:c-1,f-1,i0, conf=-1: [s3:0.0.0.0:39188, s4:0.0.0.0:40778, s0:0.0.0.0:42012, s1:0.0.0.0:45336, s2:0.0.0.0:38783], old=null
2019-09-24 16:43:25,872 DEBUG impl.RaftServerImpl (RaftServerImpl.java:requestVote(743)) - s1@group-46F048A18FB7: receive requestVote(s4, group-46F048A18FB7, 9, (t:0, i:0))
2019-09-24 16:43:25,872 DEBUG impl.RaftServerImpl (RaftServerImpl.java:requestVote(743)) - s1@group-46F048A18FB7: receive requestVote(s3, group-46F048A18FB7, 9, (t:0, i:0))
2019-09-24 16:43:25,871 DEBUG impl.RaftServerImpl (RaftServerImpl.java:requestVote(743)) - s0@group-46F048A18FB7: receive requestVote(s3, group-46F048A18FB7, 9, (t:0, i:0))
2019-09-24 16:43:25,871 DEBUG impl.RaftServerImpl (RaftServerImpl.java:requestVote(743)) - s0@group-46F048A18FB7: receive requestVote(s4, group-46F048A18FB7, 9, (t:0, i:0))
2019-09-24 16:43:25,878 INFO  impl.RoleInfo (RoleInfo.java:updateAndGet(143)) - s1: start FollowerState
2019-09-24 16:43:25,878 INFO  impl.RaftServerImpl (RaftServerImpl.java:setRole(170)) - s0@group-46F048A18FB7: changes role from CANDIDATE to FOLLOWER at term 10 for recognizeCandidate:s2
2019-09-24 16:43:25,880 INFO  impl.RoleInfo (RoleInfo.java:shutdownLeaderElection(134)) - s0: shutdown LeaderElection
2019-09-24 16:43:25,876 DEBUG impl.RaftServerImpl (RaftServerImpl.java:requestVote(775)) - s2@group-46F048A18FB7 replies to vote request: s3<-s2#0:FAIL-t10. Peer's state: s2@group-46F048A18FB7:t10, leader=null, voted=s2, raftlog=s2@group-46F048A18FB7-SegmentedRaftLog:OPENED:c-1,f-1,i0, conf=-1: [s3:0.0.0.0:39188, s4:0.0.0.0:40778, s0:0.0.0.0:42012, s1:0.0.0.0:45336, s2:0.0.0.0:38783], old=null
2019-09-24 16:43:25,881 INFO  impl.RoleInfo (RoleInfo.java:updateAndGet(143)) - s0: start FollowerState
2019-09-24 16:43:25,882 DEBUG impl.RaftServerImpl (RaftServerImpl.java:requestVote(743)) - s2@group-46F048A18FB7: receive requestVote(s3, group-46F048A18FB7, 9, (t:0, i:0))
2019-09-24 16:43:25,882 DEBUG impl.RaftServerImpl (RaftServerImpl.java:requestVote(775)) - s2@group-46F048A18FB7 replies to vote request: s3<-s2#0:FAIL-t10. Peer's state: s2@group-46F048A18FB7:t10, leader=null, voted=s2, raftlog=s2@group-46F048A18FB7-SegmentedRaftLog:OPENED:c-1,f-1,i0, conf=-1: [s3:0.0.0.0:39188, s4:0.0.0.0:40778, s0:0.0.0.0:42012, s1:0.0.0.0:45336, s2:0.0.0.0:38783], old=null
2019-09-24 16:43:26,035 WARN  ratis.RaftTestUtil (JavaUtils.java:attempt(158)) - FAILED "waitForLeader-null-(expectLeader? true)", attempt #66/100: java.lang.IllegalStateException: No leader yet : printing ALL groups
  s3:  RUNNING  FOLLOWER s3@group-46F048A18FB7:t10, leader=null, voted=null, raftlog=s3@group-46F048A18FB7-SegmentedRaftLog:OPENED:c-1,f-1,i0, conf=-1: [s3:0.0.0.0:39188, s4:0.0.0.0:40778, s0:0.0.0.0:42012, s1:0.0.0.0:45336, s2:0.0.0.0:38783], old=null RUNNING
  s4:  RUNNING  FOLLOWER s4@group-46F048A18FB7:t10, leader=null, voted=null, raftlog=s4@group-46F048A18FB7-SegmentedRaftLog:OPENED:c-1,f-1,i0, conf=-1: [s3:0.0.0.0:39188, s4:0.0.0.0:40778, s0:0.0.0.0:42012, s1:0.0.0.0:45336, s2:0.0.0.0:38783], old=null RUNNING
  s0:  RUNNING  FOLLOWER s0@group-46F048A18FB7:t10, leader=null, voted=null, raftlog=s0@group-46F048A18FB7-SegmentedRaftLog:OPENED:c-1,f-1,i0, conf=-1: [s3:0.0.0.0:39188, s4:0.0.0.0:40778, s0:0.0.0.0:42012, s1:0.0.0.0:45336, s2:0.0.0.0:38783], old=null RUNNING
  s1:  RUNNING  FOLLOWER s1@group-46F048A18FB7:t10, leader=null, voted=null, raftlog=s1@group-46F048A18FB7-SegmentedRaftLog:OPENED:c-1,f-1,i0, conf=-1: [s3:0.0.0.0:39188, s4:0.0.0.0:40778, s0:0.0.0.0:42012, s1:0.0.0.0:45336, s2:0.0.0.0:38783], old=null RUNNING
  s2:  RUNNING CANDIDATE s2@group-46F048A18FB7:t10, leader=null, voted=s2, raftlog=s2@group-46F048A18FB7-SegmentedRaftLog:OPENED:c-1,f-1,i0, conf=-1: [s3:0.0.0.0:39188, s4:0.0.0.0:40778, s0:0.0.0.0:42012, s1:0.0.0.0:45336, s2:0.0.0.0:38783], old=null RUNNING, sleep 450ms and then retry.
java.lang.IllegalStateException: No leader yet : printing ALL groups
  s3:  RUNNING  FOLLOWER s3@group-46F048A18FB7:t10, leader=null, voted=null, raftlog=s3@group-46F048A18FB7-SegmentedRaftLog:OPENED:c-1,f-1,i0, conf=-1: [s3:0.0.0.0:39188, s4:0.0.0.0:40778, s0:0.0.0.0:42012, s1:0.0.0.0:45336, s2:0.0.0.0:38783], old=null RUNNING
  s4:  RUNNING  FOLLOWER s4@group-46F048A18FB7:t10, leader=null, voted=null, raftlog=s4@group-46F048A18FB7-SegmentedRaftLog:OPENED:c-1,f-1,i0, conf=-1: [s3:0.0.0.0:39188, s4:0.0.0.0:40778, s0:0.0.0.0:42012, s1:0.0.0.0:45336, s2:0.0.0.0:38783], old=null RUNNING
  s0:  RUNNING  FOLLOWER s0@group-46F048A18FB7:t10, leader=null, voted=null, raftlog=s0@group-46F048A18FB7-SegmentedRaftLog:OPENED:c-1,f-1,i0, conf=-1: [s3:0.0.0.0:39188, s4:0.0.0.0:40778, s0:0.0.0.0:42012, s1:0.0.0.0:45336, s2:0.0.0.0:38783], old=null RUNNING
  s1:  RUNNING  FOLLOWER s1@group-46F048A18FB7:t10, leader=null, voted=null, raftlog=s1@group-46F048A18FB7-SegmentedRaftLog:OPENED:c-1,f-1,i0, conf=-1: [s3:0.0.0.0:39188, s4:0.0.0.0:40778, s0:0.0.0.0:42012, s1:0.0.0.0:45336, s2:0.0.0.0:38783], old=null RUNNING
  s2:  RUNNING CANDIDATE s2@group-46F048A18FB7:t10, leader=null, voted=s2, raftlog=s2@group-46F048A18FB7-SegmentedRaftLog:OPENED:c-1,f-1,i0, conf=-1: [s3:0.0.0.0:39188, s4:0.0.0.0:40778, s0:0.0.0.0:42012, s1:0.0.0.0:45336, s2:0.0.0.0:38783], old=null RUNNING
	at org.apache.ratis.MiniRaftCluster.newIllegalStateExceptionForNoLeaders(MiniRaftCluster.java:506)
	at org.apache.ratis.RaftTestUtil.lambda$waitForLeader$1(RaftTestUtil.java:90)
	at org.apache.ratis.MiniRaftCluster.getLeader(MiniRaftCluster.java:539)
	at org.apache.ratis.MiniRaftCluster.getLeader(MiniRaftCluster.java:532)
	at org.apache.ratis.RaftTestUtil.lambda$waitForLeader$3(RaftTestUtil.java:98)
	at org.apache.ratis.util.JavaUtils.attempt(JavaUtils.java:152)
	at org.apache.ratis.RaftTestUtil.waitForLeader(RaftTestUtil.java:97)
	at org.apache.ratis.RaftTestUtil.waitForLeader(RaftTestUtil.java:77)
	at org.apache.ratis.RaftTestUtil.waitForLeader(RaftTestUtil.java:72)
	at org.apache.ratis.RaftBasicTests.testWithLoad(RaftBasicTests.java:336)
	at org.apache.ratis.RaftBasicTests.lambda$testWithLoad$10(RaftBasicTests.java:328)
	at org.apache.ratis.MiniRaftCluster$Factory$Get.runWithNewCluster(MiniRaftCluster.java:125)
	at org.apache.ratis.MiniRaftCluster$Factory$Get.runWithNewCluster(MiniRaftCluster.java:113)
	at org.apache.ratis.RaftBasicTests.testWithLoad(RaftBasicTests.java:328)
	at org.apache.ratis.netty.TestRaftWithNetty.testWithLoad(TestRaftWithNetty.java:31)
	at sun.reflect.NativeMethodAccessorImpl.invoke0(Native Method)
	at sun.reflect.NativeMethodAccessorImpl.invoke(NativeMethodAccessorImpl.java:62)
	at sun.reflect.DelegatingMethodAccessorImpl.invoke(DelegatingMethodAccessorImpl.java:43)
	at java.lang.reflect.Method.invoke(Method.java:498)
	at org.junit.runners.model.FrameworkMethod$1.runReflectiveCall(FrameworkMethod.java:50)
	at org.junit.internal.runners.model.ReflectiveCallable.run(ReflectiveCallable.java:12)
	at org.junit.runners.model.FrameworkMethod.invokeExplosively(FrameworkMethod.java:47)
	at org.junit.internal.runners.statements.InvokeMethod.evaluate(InvokeMethod.java:17)
	at org.junit.internal.runners.statements.RunAfters.evaluate(RunAfters.java:27)
	at org.junit.internal.runners.statements.FailOnTimeout$CallableStatement.call(FailOnTimeout.java:298)
	at org.junit.internal.runners.statements.FailOnTimeout$CallableStatement.call(FailOnTimeout.java:292)
	at java.util.concurrent.FutureTask.run(FutureTask.java:266)
	at java.lang.Thread.run(Thread.java:748)
2019-09-24 16:43:26,079 INFO  impl.LeaderElection (LeaderElection.java:logAndReturn(56)) - s2@group-46F048A18FB7-LeaderElection21: Election TIMEOUT; received 0 response(s) [] and 0 exception(s); s2@group-46F048A18FB7:t10, leader=null, voted=s2, raftlog=s2@group-46F048A18FB7-SegmentedRaftLog:OPENED:c-1,f-1,i0, conf=-1: [s3:0.0.0.0:39188, s4:0.0.0.0:40778, s0:0.0.0.0:42012, s1:0.0.0.0:45336, s2:0.0.0.0:38783], old=null
2019-09-24 16:43:26,247 DEBUG impl.RaftServerImpl (RaftServerImpl.java:requestVote(775)) - s1@group-46F048A18FB7 replies to vote request: s2<-s1#0:FAIL-t10. Peer's state: s1@group-46F048A18FB7:t10, leader=null, voted=null, raftlog=s1@group-46F048A18FB7-SegmentedRaftLog:OPENED:c-1,f-1,i0, conf=-1: [s3:0.0.0.0:39188, s4:0.0.0.0:40778, s0:0.0.0.0:42012, s1:0.0.0.0:45336, s2:0.0.0.0:38783], old=null
2019-09-24 16:43:26,247 DEBUG impl.RaftServerImpl (RaftServerImpl.java:requestVote(775)) - s3@group-46F048A18FB7 replies to vote request: s2<-s3#0:FAIL-t10. Peer's state: s3@group-46F048A18FB7:t10, leader=null, voted=null, raftlog=s3@group-46F048A18FB7-SegmentedRaftLog:OPENED:c-1,f-1,i0, conf=-1: [s3:0.0.0.0:39188, s4:0.0.0.0:40778, s0:0.0.0.0:42012, s1:0.0.0.0:45336, s2:0.0.0.0:38783], old=null
2019-09-24 16:43:26,247 DEBUG impl.RaftServerImpl (RaftServerImpl.java:requestVote(775)) - s0@group-46F048A18FB7 replies to vote request: s2<-s0#0:FAIL-t10. Peer's state: s0@group-46F048A18FB7:t10, leader=null, voted=null, raftlog=s0@group-46F048A18FB7-SegmentedRaftLog:OPENED:c-1,f-1,i0, conf=-1: [s3:0.0.0.0:39188, s4:0.0.0.0:40778, s0:0.0.0.0:42012, s1:0.0.0.0:45336, s2:0.0.0.0:38783], old=null
2019-09-24 16:43:26,247 DEBUG impl.RaftServerImpl (RaftServerImpl.java:requestVote(775)) - s4@group-46F048A18FB7 replies to vote request: s2<-s4#0:FAIL-t10. Peer's state: s4@group-46F048A18FB7:t10, leader=null, voted=null, raftlog=s4@group-46F048A18FB7-SegmentedRaftLog:OPENED:c-1,f-1,i0, conf=-1: [s3:0.0.0.0:39188, s4:0.0.0.0:40778, s0:0.0.0.0:42012, s1:0.0.0.0:45336, s2:0.0.0.0:38783], old=null
2019-09-24 16:43:26,249 DEBUG impl.RaftServerImpl (RaftServerImpl.java:requestVote(775)) - s0@group-46F048A18FB7 replies to vote request: s1<-s0#0:FAIL-t10. Peer's state: s0@group-46F048A18FB7:t10, leader=null, voted=null, raftlog=s0@group-46F048A18FB7-SegmentedRaftLog:OPENED:c-1,f-1,i0, conf=-1: [s3:0.0.0.0:39188, s4:0.0.0.0:40778, s0:0.0.0.0:42012, s1:0.0.0.0:45336, s2:0.0.0.0:38783], old=null
2019-09-24 16:43:26,248 INFO  impl.FollowerState (FollowerState.java:run(108)) - s3@group-46F048A18FB7-FollowerState: change to CANDIDATE, lastRpcTime:374ms, electionTimeout:254ms
2019-09-24 16:43:26,248 INFO  impl.FollowerState (FollowerState.java:run(108)) - s1@group-46F048A18FB7-FollowerState: change to CANDIDATE, lastRpcTime:370ms, electionTimeout:214ms
2019-09-24 16:43:26,249 INFO  impl.RoleInfo (RoleInfo.java:shutdownFollowerState(121)) - s3: shutdown FollowerState
2019-09-24 16:43:26,249 INFO  impl.FollowerState (FollowerState.java:run(108)) - s0@group-46F048A18FB7-FollowerState: change to CANDIDATE, lastRpcTime:368ms, electionTimeout:295ms
2019-09-24 16:43:26,249 INFO  impl.FollowerState (FollowerState.java:run(108)) - s4@group-46F048A18FB7-FollowerState: change to CANDIDATE, lastRpcTime:374ms, electionTimeout:192ms
2019-09-24 16:43:26,250 INFO  impl.RoleInfo (RoleInfo.java:shutdownFollowerState(121)) - s0: shutdown FollowerState
2019-09-24 16:43:26,250 INFO  impl.RaftServerImpl (RaftServerImpl.java:setRole(170)) - s3@group-46F048A18FB7: changes role from  FOLLOWER to CANDIDATE at term 10 for changeToCandidate
2019-09-24 16:43:26,250 INFO  impl.RoleInfo (RoleInfo.java:shutdownFollowerState(121)) - s1: shutdown FollowerState
2019-09-24 16:43:26,250 INFO  impl.RoleInfo (RoleInfo.java:updateAndGet(143)) - s3: start LeaderElection
2019-09-24 16:43:26,250 INFO  impl.RaftServerImpl (RaftServerImpl.java:setRole(170)) - s0@group-46F048A18FB7: changes role from  FOLLOWER to CANDIDATE at term 10 for changeToCandidate
2019-09-24 16:43:26,250 INFO  impl.RoleInfo (RoleInfo.java:shutdownFollowerState(121)) - s4: shutdown FollowerState
2019-09-24 16:43:26,252 DEBUG impl.RaftServerImpl (RaftServerImpl.java:requestVote(775)) - s3@group-46F048A18FB7 replies to vote request: s1<-s3#0:FAIL-t10. Peer's state: s3@group-46F048A18FB7:t10, leader=null, voted=null, raftlog=s3@group-46F048A18FB7-SegmentedRaftLog:OPENED:c-1,f-1,i0, conf=-1: [s3:0.0.0.0:39188, s4:0.0.0.0:40778, s0:0.0.0.0:42012, s1:0.0.0.0:45336, s2:0.0.0.0:38783], old=null
2019-09-24 16:43:26,252 INFO  impl.RoleInfo (RoleInfo.java:updateAndGet(143)) - s0: start LeaderElection
2019-09-24 16:43:26,252 DEBUG impl.RaftServerImpl (RaftServerImpl.java:requestVote(775)) - s3@group-46F048A18FB7 replies to vote request: s4<-s3#0:FAIL-t10. Peer's state: s3@group-46F048A18FB7:t10, leader=null, voted=null, raftlog=s3@group-46F048A18FB7-SegmentedRaftLog:OPENED:c-1,f-1,i0, conf=-1: [s3:0.0.0.0:39188, s4:0.0.0.0:40778, s0:0.0.0.0:42012, s1:0.0.0.0:45336, s2:0.0.0.0:38783], old=null
2019-09-24 16:43:26,253 DEBUG impl.RaftServerImpl (RaftServerImpl.java:requestVote(775)) - s0@group-46F048A18FB7 replies to vote request: s4<-s0#0:FAIL-t10. Peer's state: s0@group-46F048A18FB7:t10, leader=null, voted=null, raftlog=s0@group-46F048A18FB7-SegmentedRaftLog:OPENED:c-1,f-1,i0, conf=-1: [s3:0.0.0.0:39188, s4:0.0.0.0:40778, s0:0.0.0.0:42012, s1:0.0.0.0:45336, s2:0.0.0.0:38783], old=null
2019-09-24 16:43:26,251 INFO  impl.RaftServerImpl (RaftServerImpl.java:setRole(170)) - s1@group-46F048A18FB7: changes role from  FOLLOWER to CANDIDATE at term 10 for changeToCandidate
2019-09-24 16:43:26,254 DEBUG impl.RaftServerImpl (RaftServerImpl.java:requestVote(775)) - s0@group-46F048A18FB7 replies to vote request: s3<-s0#0:FAIL-t10. Peer's state: s0@group-46F048A18FB7:t10, leader=null, voted=null, raftlog=s0@group-46F048A18FB7-SegmentedRaftLog:OPENED:c-1,f-1,i0, conf=-1: [s3:0.0.0.0:39188, s4:0.0.0.0:40778, s0:0.0.0.0:42012, s1:0.0.0.0:45336, s2:0.0.0.0:38783], old=null
2019-09-24 16:43:26,252 INFO  impl.RaftServerImpl (RaftServerImpl.java:setRole(170)) - s4@group-46F048A18FB7: changes role from  FOLLOWER to CANDIDATE at term 10 for changeToCandidate
2019-09-24 16:43:26,254 INFO  impl.RoleInfo (RoleInfo.java:updateAndGet(143)) - s1: start LeaderElection
2019-09-24 16:43:26,255 INFO  impl.RoleInfo (RoleInfo.java:updateAndGet(143)) - s4: start LeaderElection
2019-09-24 16:43:26,255 DEBUG impl.RaftServerImpl (RaftServerImpl.java:requestVote(775)) - s1@group-46F048A18FB7 replies to vote request: s3<-s1#0:FAIL-t10. Peer's state: s1@group-46F048A18FB7:t10, leader=null, voted=null, raftlog=s1@group-46F048A18FB7-SegmentedRaftLog:OPENED:c-1,f-1,i0, conf=-1: [s3:0.0.0.0:39188, s4:0.0.0.0:40778, s0:0.0.0.0:42012, s1:0.0.0.0:45336, s2:0.0.0.0:38783], old=null
2019-09-24 16:43:26,256 DEBUG impl.RaftServerImpl (RaftServerImpl.java:requestVote(775)) - s4@group-46F048A18FB7 replies to vote request: s1<-s4#0:FAIL-t10. Peer's state: s4@group-46F048A18FB7:t10, leader=null, voted=null, raftlog=s4@group-46F048A18FB7-SegmentedRaftLog:OPENED:c-1,f-1,i0, conf=-1: [s3:0.0.0.0:39188, s4:0.0.0.0:40778, s0:0.0.0.0:42012, s1:0.0.0.0:45336, s2:0.0.0.0:38783], old=null
2019-09-24 16:43:26,257 DEBUG impl.RaftServerImpl (RaftServerImpl.java:requestVote(775)) - s1@group-46F048A18FB7 replies to vote request: s4<-s1#0:FAIL-t10. Peer's state: s1@group-46F048A18FB7:t10, leader=null, voted=null, raftlog=s1@group-46F048A18FB7-SegmentedRaftLog:OPENED:c-1,f-1,i0, conf=-1: [s3:0.0.0.0:39188, s4:0.0.0.0:40778, s0:0.0.0.0:42012, s1:0.0.0.0:45336, s2:0.0.0.0:38783], old=null
2019-09-24 16:43:26,257 DEBUG impl.RaftServerImpl (RaftServerImpl.java:requestVote(775)) - s4@group-46F048A18FB7 replies to vote request: s3<-s4#0:FAIL-t10. Peer's state: s4@group-46F048A18FB7:t10, leader=null, voted=null, raftlog=s4@group-46F048A18FB7-SegmentedRaftLog:OPENED:c-1,f-1,i0, conf=-1: [s3:0.0.0.0:39188, s4:0.0.0.0:40778, s0:0.0.0.0:42012, s1:0.0.0.0:45336, s2:0.0.0.0:38783], old=null
2019-09-24 16:43:26,258 INFO  impl.LeaderElection (LeaderElection.java:logAndReturn(56)) - s4@group-46F048A18FB7-LeaderElection26: Election REJECTED; received 0 response(s) [] and 0 exception(s); s4@group-46F048A18FB7:t11, leader=null, voted=s4, raftlog=s4@group-46F048A18FB7-SegmentedRaftLog:OPENED:c-1,f-1,i0, conf=-1: [s3:0.0.0.0:39188, s4:0.0.0.0:40778, s0:0.0.0.0:42012, s1:0.0.0.0:45336, s2:0.0.0.0:38783], old=null
2019-09-24 16:43:26,259 DEBUG impl.RaftServerImpl (RaftServerImpl.java:requestVote(743)) - s2@group-46F048A18FB7: receive requestVote(s4, group-46F048A18FB7, 9, (t:0, i:0))
2019-09-24 16:43:26,309 INFO  impl.LeaderElection (LeaderElection.java:askForVotes(178)) - s0@group-46F048A18FB7-LeaderElection29: begin an election at term 11 for -1: [s3:0.0.0.0:39188, s4:0.0.0.0:40778, s0:0.0.0.0:42012, s1:0.0.0.0:45336, s2:0.0.0.0:38783], old=null
2019-09-24 16:43:26,310 DEBUG impl.RaftServerImpl (RaftServerImpl.java:requestVote(775)) - s2@group-46F048A18FB7 replies to vote request: s4<-s2#0:FAIL-t11. Peer's state: s2@group-46F048A18FB7:t11, leader=null, voted=s2, raftlog=s2@group-46F048A18FB7-SegmentedRaftLog:OPENED:c-1,f-1,i0, conf=-1: [s3:0.0.0.0:39188, s4:0.0.0.0:40778, s0:0.0.0.0:42012, s1:0.0.0.0:45336, s2:0.0.0.0:38783], old=null
2019-09-24 16:43:26,309 INFO  impl.LeaderElection (LeaderElection.java:askForVotes(178)) - s1@group-46F048A18FB7-LeaderElection32: begin an election at term 11 for -1: [s3:0.0.0.0:39188, s4:0.0.0.0:40778, s0:0.0.0.0:42012, s1:0.0.0.0:45336, s2:0.0.0.0:38783], old=null
2019-09-24 16:43:26,309 INFO  impl.LeaderElection (LeaderElection.java:askForVotes(178)) - s4@group-46F048A18FB7-LeaderElection33: begin an election at term 11 for -1: [s3:0.0.0.0:39188, s4:0.0.0.0:40778, s0:0.0.0.0:42012, s1:0.0.0.0:45336, s2:0.0.0.0:38783], old=null
2019-09-24 16:43:26,309 INFO  impl.LeaderElection (LeaderElection.java:askForVotes(178)) - s3@group-46F048A18FB7-LeaderElection30: begin an election at term 11 for -1: [s3:0.0.0.0:39188, s4:0.0.0.0:40778, s0:0.0.0.0:42012, s1:0.0.0.0:45336, s2:0.0.0.0:38783], old=null
2019-09-24 16:43:26,309 INFO  impl.LeaderElection (LeaderElection.java:askForVotes(178)) - s2@group-46F048A18FB7-LeaderElection21: begin an election at term 11 for -1: [s3:0.0.0.0:39188, s4:0.0.0.0:40778, s0:0.0.0.0:42012, s1:0.0.0.0:45336, s2:0.0.0.0:38783], old=null
2019-09-24 16:43:26,312 DEBUG impl.RaftServerImpl (RaftServerImpl.java:requestVote(743)) - s3@group-46F048A18FB7: receive requestVote(s1, group-46F048A18FB7, 11, (t:0, i:0))
2019-09-24 16:43:26,312 DEBUG impl.RaftServerImpl (RaftServerImpl.java:requestVote(743)) - s3@group-46F048A18FB7: receive requestVote(s4, group-46F048A18FB7, 11, (t:0, i:0))
2019-09-24 16:43:26,312 DEBUG impl.RaftServerImpl (RaftServerImpl.java:requestVote(775)) - s3@group-46F048A18FB7 replies to vote request: s1<-s3#0:FAIL-t11. Peer's state: s3@group-46F048A18FB7:t11, leader=null, voted=s3, raftlog=s3@group-46F048A18FB7-SegmentedRaftLog:OPENED:c-1,f-1,i0, conf=-1: [s3:0.0.0.0:39188, s4:0.0.0.0:40778, s0:0.0.0.0:42012, s1:0.0.0.0:45336, s2:0.0.0.0:38783], old=null
2019-09-24 16:43:26,313 DEBUG impl.RaftServerImpl (RaftServerImpl.java:requestVote(743)) - s3@group-46F048A18FB7: receive requestVote(s2, group-46F048A18FB7, 11, (t:0, i:0))
2019-09-24 16:43:26,313 DEBUG impl.RaftServerImpl (RaftServerImpl.java:requestVote(743)) - s0@group-46F048A18FB7: receive requestVote(s4, group-46F048A18FB7, 11, (t:0, i:0))
2019-09-24 16:43:26,312 DEBUG impl.RaftServerImpl (RaftServerImpl.java:requestVote(743)) - s4@group-46F048A18FB7: receive requestVote(s3, group-46F048A18FB7, 11, (t:0, i:0))
2019-09-24 16:43:26,312 DEBUG impl.RaftServerImpl (RaftServerImpl.java:requestVote(743)) - s4@group-46F048A18FB7: receive requestVote(s1, group-46F048A18FB7, 11, (t:0, i:0))
2019-09-24 16:43:26,314 DEBUG impl.RaftServerImpl (RaftServerImpl.java:requestVote(775)) - s4@group-46F048A18FB7 replies to vote request: s3<-s4#0:FAIL-t11. Peer's state: s4@group-46F048A18FB7:t11, leader=null, voted=s4, raftlog=s4@group-46F048A18FB7-SegmentedRaftLog:OPENED:c-1,f-1,i0, conf=-1: [s3:0.0.0.0:39188, s4:0.0.0.0:40778, s0:0.0.0.0:42012, s1:0.0.0.0:45336, s2:0.0.0.0:38783], old=null
2019-09-24 16:43:26,314 DEBUG impl.RaftServerImpl (RaftServerImpl.java:requestVote(743)) - s2@group-46F048A18FB7: receive requestVote(s4, group-46F048A18FB7, 11, (t:0, i:0))
2019-09-24 16:43:26,314 DEBUG impl.RaftServerImpl (RaftServerImpl.java:requestVote(743)) - s2@group-46F048A18FB7: receive requestVote(s1, group-46F048A18FB7, 11, (t:0, i:0))
2019-09-24 16:43:26,313 DEBUG impl.RaftServerImpl (RaftServerImpl.java:requestVote(743)) - s0@group-46F048A18FB7: receive requestVote(s3, group-46F048A18FB7, 11, (t:0, i:0))
2019-09-24 16:43:26,313 DEBUG impl.RaftServerImpl (RaftServerImpl.java:requestVote(743)) - s0@group-46F048A18FB7: receive requestVote(s1, group-46F048A18FB7, 11, (t:0, i:0))
2019-09-24 16:43:26,313 DEBUG impl.RaftServerImpl (RaftServerImpl.java:requestVote(775)) - s3@group-46F048A18FB7 replies to vote request: s4<-s3#0:FAIL-t11. Peer's state: s3@group-46F048A18FB7:t11, leader=null, voted=s3, raftlog=s3@group-46F048A18FB7-SegmentedRaftLog:OPENED:c-1,f-1,i0, conf=-1: [s3:0.0.0.0:39188, s4:0.0.0.0:40778, s0:0.0.0.0:42012, s1:0.0.0.0:45336, s2:0.0.0.0:38783], old=null
2019-09-24 16:43:26,313 DEBUG impl.RaftServerImpl (RaftServerImpl.java:requestVote(743)) - s1@group-46F048A18FB7: receive requestVote(s4, group-46F048A18FB7, 11, (t:0, i:0))
2019-09-24 16:43:26,316 DEBUG impl.RaftServerImpl (RaftServerImpl.java:requestVote(775)) - s3@group-46F048A18FB7 replies to vote request: s2<-s3#0:FAIL-t11. Peer's state: s3@group-46F048A18FB7:t11, leader=null, voted=s3, raftlog=s3@group-46F048A18FB7-SegmentedRaftLog:OPENED:c-1,f-1,i0, conf=-1: [s3:0.0.0.0:39188, s4:0.0.0.0:40778, s0:0.0.0.0:42012, s1:0.0.0.0:45336, s2:0.0.0.0:38783], old=null
2019-09-24 16:43:26,315 DEBUG impl.RaftServerImpl (RaftServerImpl.java:requestVote(775)) - s2@group-46F048A18FB7 replies to vote request: s4<-s2#0:FAIL-t11. Peer's state: s2@group-46F048A18FB7:t11, leader=null, voted=s2, raftlog=s2@group-46F048A18FB7-SegmentedRaftLog:OPENED:c-1,f-1,i0, conf=-1: [s3:0.0.0.0:39188, s4:0.0.0.0:40778, s0:0.0.0.0:42012, s1:0.0.0.0:45336, s2:0.0.0.0:38783], old=null
2019-09-24 16:43:26,315 DEBUG impl.RaftServerImpl (RaftServerImpl.java:requestVote(775)) - s4@group-46F048A18FB7 replies to vote request: s1<-s4#0:FAIL-t11. Peer's state: s4@group-46F048A18FB7:t11, leader=null, voted=s4, raftlog=s4@group-46F048A18FB7-SegmentedRaftLog:OPENED:c-1,f-1,i0, conf=-1: [s3:0.0.0.0:39188, s4:0.0.0.0:40778, s0:0.0.0.0:42012, s1:0.0.0.0:45336, s2:0.0.0.0:38783], old=null
2019-09-24 16:43:26,314 DEBUG impl.RaftServerImpl (RaftServerImpl.java:requestVote(743)) - s1@group-46F048A18FB7: receive requestVote(s2, group-46F048A18FB7, 11, (t:0, i:0))
2019-09-24 16:43:26,314 DEBUG impl.RaftServerImpl (RaftServerImpl.java:requestVote(743)) - s4@group-46F048A18FB7: receive requestVote(s2, group-46F048A18FB7, 11, (t:0, i:0))
2019-09-24 16:43:26,314 DEBUG impl.RaftServerImpl (RaftServerImpl.java:requestVote(743)) - s0@group-46F048A18FB7: receive requestVote(s2, group-46F048A18FB7, 11, (t:0, i:0))
2019-09-24 16:43:26,318 DEBUG impl.RaftServerImpl (RaftServerImpl.java:requestVote(775)) - s4@group-46F048A18FB7 replies to vote request: s2<-s4#0:FAIL-t11. Peer's state: s4@group-46F048A18FB7:t11, leader=null, voted=s4, raftlog=s4@group-46F048A18FB7-SegmentedRaftLog:OPENED:c-1,f-1,i0, conf=-1: [s3:0.0.0.0:39188, s4:0.0.0.0:40778, s0:0.0.0.0:42012, s1:0.0.0.0:45336, s2:0.0.0.0:38783], old=null
2019-09-24 16:43:26,318 DEBUG impl.RaftServerImpl (RaftServerImpl.java:requestVote(743)) - s2@group-46F048A18FB7: receive requestVote(s3, group-46F048A18FB7, 11, (t:0, i:0))
2019-09-24 16:43:26,317 DEBUG impl.RaftServerImpl (RaftServerImpl.java:requestVote(743)) - s1@group-46F048A18FB7: receive requestVote(s3, group-46F048A18FB7, 11, (t:0, i:0))
2019-09-24 16:43:26,317 DEBUG impl.RaftServerImpl (RaftServerImpl.java:requestVote(775)) - s2@group-46F048A18FB7 replies to vote request: s1<-s2#0:FAIL-t11. Peer's state: s2@group-46F048A18FB7:t11, leader=null, voted=s2, raftlog=s2@group-46F048A18FB7-SegmentedRaftLog:OPENED:c-1,f-1,i0, conf=-1: [s3:0.0.0.0:39188, s4:0.0.0.0:40778, s0:0.0.0.0:42012, s1:0.0.0.0:45336, s2:0.0.0.0:38783], old=null
2019-09-24 16:43:26,317 DEBUG impl.RaftServerImpl (RaftServerImpl.java:requestVote(775)) - s1@group-46F048A18FB7 replies to vote request: s4<-s1#0:FAIL-t11. Peer's state: s1@group-46F048A18FB7:t11, leader=null, voted=s1, raftlog=s1@group-46F048A18FB7-SegmentedRaftLog:OPENED:c-1,f-1,i0, conf=-1: [s3:0.0.0.0:39188, s4:0.0.0.0:40778, s0:0.0.0.0:42012, s1:0.0.0.0:45336, s2:0.0.0.0:38783], old=null
2019-09-24 16:43:26,320 DEBUG impl.RaftServerImpl (RaftServerImpl.java:requestVote(775)) - s2@group-46F048A18FB7 replies to vote request: s3<-s2#0:FAIL-t11. Peer's state: s2@group-46F048A18FB7:t11, leader=null, voted=s2, raftlog=s2@group-46F048A18FB7-SegmentedRaftLog:OPENED:c-1,f-1,i0, conf=-1: [s3:0.0.0.0:39188, s4:0.0.0.0:40778, s0:0.0.0.0:42012, s1:0.0.0.0:45336, s2:0.0.0.0:38783], old=null
2019-09-24 16:43:26,320 DEBUG impl.RaftServerImpl (RaftServerImpl.java:requestVote(775)) - s1@group-46F048A18FB7 replies to vote request: s3<-s1#0:FAIL-t11. Peer's state: s1@group-46F048A18FB7:t11, leader=null, voted=s1, raftlog=s1@group-46F048A18FB7-SegmentedRaftLog:OPENED:c-1,f-1,i0, conf=-1: [s3:0.0.0.0:39188, s4:0.0.0.0:40778, s0:0.0.0.0:42012, s1:0.0.0.0:45336, s2:0.0.0.0:38783], old=null
2019-09-24 16:43:26,321 DEBUG impl.RaftServerImpl (RaftServerImpl.java:requestVote(775)) - s1@group-46F048A18FB7 replies to vote request: s2<-s1#0:FAIL-t11. Peer's state: s1@group-46F048A18FB7:t11, leader=null, voted=s1, raftlog=s1@group-46F048A18FB7-SegmentedRaftLog:OPENED:c-1,f-1,i0, conf=-1: [s3:0.0.0.0:39188, s4:0.0.0.0:40778, s0:0.0.0.0:42012, s1:0.0.0.0:45336, s2:0.0.0.0:38783], old=null
2019-09-24 16:43:26,323 INFO  impl.LeaderElection (LeaderElection.java:askForVotes(178)) - s0@group-46F048A18FB7-LeaderElection31: begin an election at term 12 for -1: [s3:0.0.0.0:39188, s4:0.0.0.0:40778, s0:0.0.0.0:42012, s1:0.0.0.0:45336, s2:0.0.0.0:38783], old=null
2019-09-24 16:43:26,323 DEBUG impl.RaftServerImpl (RaftServerImpl.java:requestVote(775)) - s0@group-46F048A18FB7 replies to vote request: s2<-s0#0:FAIL-t12. Peer's state: s0@group-46F048A18FB7:t12, leader=null, voted=s0, raftlog=s0@group-46F048A18FB7-SegmentedRaftLog:OPENED:c-1,f-1,i0, conf=-1: [s3:0.0.0.0:39188, s4:0.0.0.0:40778, s0:0.0.0.0:42012, s1:0.0.0.0:45336, s2:0.0.0.0:38783], old=null
2019-09-24 16:43:26,324 DEBUG impl.RaftServerImpl (RaftServerImpl.java:requestVote(775)) - s0@group-46F048A18FB7 replies to vote request: s1<-s0#0:FAIL-t12. Peer's state: s0@group-46F048A18FB7:t12, leader=null, voted=s0, raftlog=s0@group-46F048A18FB7-SegmentedRaftLog:OPENED:c-1,f-1,i0, conf=-1: [s3:0.0.0.0:39188, s4:0.0.0.0:40778, s0:0.0.0.0:42012, s1:0.0.0.0:45336, s2:0.0.0.0:38783], old=null
2019-09-24 16:43:26,324 DEBUG impl.RaftServerImpl (RaftServerImpl.java:requestVote(775)) - s0@group-46F048A18FB7 replies to vote request: s3<-s0#0:FAIL-t12. Peer's state: s0@group-46F048A18FB7:t12, leader=null, voted=s0, raftlog=s0@group-46F048A18FB7-SegmentedRaftLog:OPENED:c-1,f-1,i0, conf=-1: [s3:0.0.0.0:39188, s4:0.0.0.0:40778, s0:0.0.0.0:42012, s1:0.0.0.0:45336, s2:0.0.0.0:38783], old=null
2019-09-24 16:43:26,325 INFO  impl.LeaderElection (LeaderElection.java:logAndReturn(56)) - s2@group-46F048A18FB7-LeaderElection21: Election DISCOVERED_A_NEW_TERM; received 4 response(s) [s2<-s3#0:FAIL-t11, s2<-s4#0:FAIL-t11, s2<-s0#0:FAIL-t12, s2<-s1#0:FAIL-t11] and 0 exception(s); s2@group-46F048A18FB7:t11, leader=null, voted=s2, raftlog=s2@group-46F048A18FB7-SegmentedRaftLog:OPENED:c-1,f-1,i0, conf=-1: [s3:0.0.0.0:39188, s4:0.0.0.0:40778, s0:0.0.0.0:42012, s1:0.0.0.0:45336, s2:0.0.0.0:38783], old=null
2019-09-24 16:43:26,325 DEBUG impl.RaftServerImpl (RaftServerImpl.java:requestVote(775)) - s0@group-46F048A18FB7 replies to vote request: s4<-s0#0:FAIL-t12. Peer's state: s0@group-46F048A18FB7:t12, leader=null, voted=s0, raftlog=s0@group-46F048A18FB7-SegmentedRaftLog:OPENED:c-1,f-1,i0, conf=-1: [s3:0.0.0.0:39188, s4:0.0.0.0:40778, s0:0.0.0.0:42012, s1:0.0.0.0:45336, s2:0.0.0.0:38783], old=null
2019-09-24 16:43:26,325 INFO  impl.LeaderElection (LeaderElection.java:logAndReturn(56)) - s1@group-46F048A18FB7-LeaderElection32: Election DISCOVERED_A_NEW_TERM; received 4 response(s) [s1<-s3#0:FAIL-t11, s1<-s4#0:FAIL-t11, s1<-s0#0:FAIL-t12, s1<-s2#0:FAIL-t11] and 0 exception(s); s1@group-46F048A18FB7:t11, leader=null, voted=s1, raftlog=s1@group-46F048A18FB7-SegmentedRaftLog:OPENED:c-1,f-1,i0, conf=-1: [s3:0.0.0.0:39188, s4:0.0.0.0:40778, s0:0.0.0.0:42012, s1:0.0.0.0:45336, s2:0.0.0.0:38783], old=null
2019-09-24 16:43:26,325 INFO  impl.RaftServerImpl (RaftServerImpl.java:setRole(170)) - s2@group-46F048A18FB7: changes role from CANDIDATE to FOLLOWER at term 12 for DISCOVERED_A_NEW_TERM
2019-09-24 16:43:26,325 INFO  impl.LeaderElection (LeaderElection.java:logAndReturn(56)) - s3@group-46F048A18FB7-LeaderElection30: Election DISCOVERED_A_NEW_TERM; received 4 response(s) [s3<-s4#0:FAIL-t11, s3<-s0#0:FAIL-t12, s3<-s1#0:FAIL-t11, s3<-s2#0:FAIL-t11] and 0 exception(s); s3@group-46F048A18FB7:t11, leader=null, voted=s3, raftlog=s3@group-46F048A18FB7-SegmentedRaftLog:OPENED:c-1,f-1,i0, conf=-1: [s3:0.0.0.0:39188, s4:0.0.0.0:40778, s0:0.0.0.0:42012, s1:0.0.0.0:45336, s2:0.0.0.0:38783], old=null
2019-09-24 16:43:26,325 INFO  impl.RoleInfo (RoleInfo.java:shutdownLeaderElection(134)) - s2: shutdown LeaderElection
2019-09-24 16:43:26,326 INFO  impl.LeaderElection (LeaderElection.java:logAndReturn(56)) - s4@group-46F048A18FB7-LeaderElection33: Election DISCOVERED_A_NEW_TERM; received 4 response(s) [s4<-s3#0:FAIL-t11, s4<-s0#0:FAIL-t12, s4<-s1#0:FAIL-t11, s4<-s2#0:FAIL-t11] and 0 exception(s); s4@group-46F048A18FB7:t11, leader=null, voted=s4, raftlog=s4@group-46F048A18FB7-SegmentedRaftLog:OPENED:c-1,f-1,i0, conf=-1: [s3:0.0.0.0:39188, s4:0.0.0.0:40778, s0:0.0.0.0:42012, s1:0.0.0.0:45336, s2:0.0.0.0:38783], old=null
2019-09-24 16:43:26,326 INFO  impl.RoleInfo (RoleInfo.java:updateAndGet(143)) - s2: start FollowerState
2019-09-24 16:43:26,326 INFO  impl.RaftServerImpl (RaftServerImpl.java:setRole(170)) - s1@group-46F048A18FB7: changes role from CANDIDATE to FOLLOWER at term 12 for DISCOVERED_A_NEW_TERM
2019-09-24 16:43:26,326 DEBUG impl.RaftServerImpl (RaftServerImpl.java:requestVote(743)) - s3@group-46F048A18FB7: receive requestVote(s0, group-46F048A18FB7, 11, (t:0, i:0))
2019-09-24 16:43:26,327 INFO  impl.LeaderElection (LeaderElection.java:logAndReturn(56)) - s0@group-46F048A18FB7-LeaderElection29: Election REJECTED; received 0 response(s) [] and 0 exception(s); s0@group-46F048A18FB7:t12, leader=null, voted=s0, raftlog=s0@group-46F048A18FB7-SegmentedRaftLog:OPENED:c-1,f-1,i0, conf=-1: [s3:0.0.0.0:39188, s4:0.0.0.0:40778, s0:0.0.0.0:42012, s1:0.0.0.0:45336, s2:0.0.0.0:38783], old=null
2019-09-24 16:43:26,327 INFO  impl.RoleInfo (RoleInfo.java:shutdownLeaderElection(134)) - s1: shutdown LeaderElection
2019-09-24 16:43:26,327 DEBUG impl.RaftServerImpl (RaftServerImpl.java:requestVote(775)) - s3@group-46F048A18FB7 replies to vote request: s0<-s3#0:FAIL-t11. Peer's state: s3@group-46F048A18FB7:t11, leader=null, voted=s3, raftlog=s3@group-46F048A18FB7-SegmentedRaftLog:OPENED:c-1,f-1,i0, conf=-1: [s3:0.0.0.0:39188, s4:0.0.0.0:40778, s0:0.0.0.0:42012, s1:0.0.0.0:45336, s2:0.0.0.0:38783], old=null
2019-09-24 16:43:26,327 DEBUG impl.RaftServerImpl (RaftServerImpl.java:requestVote(743)) - s4@group-46F048A18FB7: receive requestVote(s0, group-46F048A18FB7, 11, (t:0, i:0))
2019-09-24 16:43:26,328 INFO  impl.RaftServerImpl (RaftServerImpl.java:setRole(170)) - s4@group-46F048A18FB7: changes role from CANDIDATE to FOLLOWER at term 12 for DISCOVERED_A_NEW_TERM
2019-09-24 16:43:26,328 INFO  impl.RaftServerImpl (RaftServerImpl.java:setRole(170)) - s3@group-46F048A18FB7: changes role from CANDIDATE to FOLLOWER at term 12 for DISCOVERED_A_NEW_TERM
2019-09-24 16:43:26,328 DEBUG impl.RaftServerImpl (RaftServerImpl.java:requestVote(743)) - s2@group-46F048A18FB7: receive requestVote(s0, group-46F048A18FB7, 11, (t:0, i:0))
2019-09-24 16:43:26,328 DEBUG impl.RaftServerImpl (RaftServerImpl.java:requestVote(743)) - s1@group-46F048A18FB7: receive requestVote(s0, group-46F048A18FB7, 11, (t:0, i:0))
2019-09-24 16:43:26,327 INFO  impl.RoleInfo (RoleInfo.java:updateAndGet(143)) - s1: start FollowerState
2019-09-24 16:43:26,329 INFO  impl.RoleInfo (RoleInfo.java:shutdownLeaderElection(134)) - s3: shutdown LeaderElection
2019-09-24 16:43:26,329 INFO  impl.RoleInfo (RoleInfo.java:shutdownLeaderElection(134)) - s4: shutdown LeaderElection
2019-09-24 16:43:26,328 DEBUG impl.RaftServerImpl (RaftServerImpl.java:requestVote(743)) - s3@group-46F048A18FB7: receive requestVote(s0, group-46F048A18FB7, 12, (t:0, i:0))
2019-09-24 16:43:26,330 INFO  impl.RoleInfo (RoleInfo.java:updateAndGet(143)) - s4: start FollowerState
2019-09-24 16:43:26,330 INFO  impl.RoleInfo (RoleInfo.java:updateAndGet(143)) - s3: start FollowerState
2019-09-24 16:43:26,486 WARN  ratis.RaftTestUtil (JavaUtils.java:attempt(158)) - FAILED "waitForLeader-null-(expectLeader? true)", attempt #67/100: java.lang.IllegalStateException: No leader yet : printing ALL groups
  s3:  RUNNING  FOLLOWER s3@group-46F048A18FB7:t12, leader=null, voted=null, raftlog=s3@group-46F048A18FB7-SegmentedRaftLog:OPENED:c-1,f-1,i0, conf=-1: [s3:0.0.0.0:39188, s4:0.0.0.0:40778, s0:0.0.0.0:42012, s1:0.0.0.0:45336, s2:0.0.0.0:38783], old=null RUNNING
  s4:  RUNNING  FOLLOWER s4@group-46F048A18FB7:t12, leader=null, voted=null, raftlog=s4@group-46F048A18FB7-SegmentedRaftLog:OPENED:c-1,f-1,i0, conf=-1: [s3:0.0.0.0:39188, s4:0.0.0.0:40778, s0:0.0.0.0:42012, s1:0.0.0.0:45336, s2:0.0.0.0:38783], old=null RUNNING
  s0:  RUNNING CANDIDATE s0@group-46F048A18FB7:t12, leader=null, voted=s0, raftlog=s0@group-46F048A18FB7-SegmentedRaftLog:OPENED:c-1,f-1,i0, conf=-1: [s3:0.0.0.0:39188, s4:0.0.0.0:40778, s0:0.0.0.0:42012, s1:0.0.0.0:45336, s2:0.0.0.0:38783], old=null RUNNING
  s1:  RUNNING  FOLLOWER s1@group-46F048A18FB7:t12, leader=null, voted=null, raftlog=s1@group-46F048A18FB7-SegmentedRaftLog:OPENED:c-1,f-1,i0, conf=-1: [s3:0.0.0.0:39188, s4:0.0.0.0:40778, s0:0.0.0.0:42012, s1:0.0.0.0:45336, s2:0.0.0.0:38783], old=null RUNNING
  s2:  RUNNING  FOLLOWER s2@group-46F048A18FB7:t12, leader=null, voted=null, raftlog=s2@group-46F048A18FB7-SegmentedRaftLog:OPENED:c-1,f-1,i0, conf=-1: [s3:0.0.0.0:39188, s4:0.0.0.0:40778, s0:0.0.0.0:42012, s1:0.0.0.0:45336, s2:0.0.0.0:38783], old=null RUNNING, sleep 450ms and then retry.
java.lang.IllegalStateException: No leader yet : printing ALL groups
  s3:  RUNNING  FOLLOWER s3@group-46F048A18FB7:t12, leader=null, voted=null, raftlog=s3@group-46F048A18FB7-SegmentedRaftLog:OPENED:c-1,f-1,i0, conf=-1: [s3:0.0.0.0:39188, s4:0.0.0.0:40778, s0:0.0.0.0:42012, s1:0.0.0.0:45336, s2:0.0.0.0:38783], old=null RUNNING
  s4:  RUNNING  FOLLOWER s4@group-46F048A18FB7:t12, leader=null, voted=null, raftlog=s4@group-46F048A18FB7-SegmentedRaftLog:OPENED:c-1,f-1,i0, conf=-1: [s3:0.0.0.0:39188, s4:0.0.0.0:40778, s0:0.0.0.0:42012, s1:0.0.0.0:45336, s2:0.0.0.0:38783], old=null RUNNING
  s0:  RUNNING CANDIDATE s0@group-46F048A18FB7:t12, leader=null, voted=s0, raftlog=s0@group-46F048A18FB7-SegmentedRaftLog:OPENED:c-1,f-1,i0, conf=-1: [s3:0.0.0.0:39188, s4:0.0.0.0:40778, s0:0.0.0.0:42012, s1:0.0.0.0:45336, s2:0.0.0.0:38783], old=null RUNNING
  s1:  RUNNING  FOLLOWER s1@group-46F048A18FB7:t12, leader=null, voted=null, raftlog=s1@group-46F048A18FB7-SegmentedRaftLog:OPENED:c-1,f-1,i0, conf=-1: [s3:0.0.0.0:39188, s4:0.0.0.0:40778, s0:0.0.0.0:42012, s1:0.0.0.0:45336, s2:0.0.0.0:38783], old=null RUNNING
  s2:  RUNNING  FOLLOWER s2@group-46F048A18FB7:t12, leader=null, voted=null, raftlog=s2@group-46F048A18FB7-SegmentedRaftLog:OPENED:c-1,f-1,i0, conf=-1: [s3:0.0.0.0:39188, s4:0.0.0.0:40778, s0:0.0.0.0:42012, s1:0.0.0.0:45336, s2:0.0.0.0:38783], old=null RUNNING
	at org.apache.ratis.MiniRaftCluster.newIllegalStateExceptionForNoLeaders(MiniRaftCluster.java:506)
	at org.apache.ratis.RaftTestUtil.lambda$waitForLeader$1(RaftTestUtil.java:90)
	at org.apache.ratis.MiniRaftCluster.getLeader(MiniRaftCluster.java:539)
	at org.apache.ratis.MiniRaftCluster.getLeader(MiniRaftCluster.java:532)
	at org.apache.ratis.RaftTestUtil.lambda$waitForLeader$3(RaftTestUtil.java:98)
	at org.apache.ratis.util.JavaUtils.attempt(JavaUtils.java:152)
	at org.apache.ratis.RaftTestUtil.waitForLeader(RaftTestUtil.java:97)
	at org.apache.ratis.RaftTestUtil.waitForLeader(RaftTestUtil.java:77)
	at org.apache.ratis.RaftTestUtil.waitForLeader(RaftTestUtil.java:72)
	at org.apache.ratis.RaftBasicTests.testWithLoad(RaftBasicTests.java:336)
	at org.apache.ratis.RaftBasicTests.lambda$testWithLoad$10(RaftBasicTests.java:328)
	at org.apache.ratis.MiniRaftCluster$Factory$Get.runWithNewCluster(MiniRaftCluster.java:125)
	at org.apache.ratis.MiniRaftCluster$Factory$Get.runWithNewCluster(MiniRaftCluster.java:113)
	at org.apache.ratis.RaftBasicTests.testWithLoad(RaftBasicTests.java:328)
	at org.apache.ratis.netty.TestRaftWithNetty.testWithLoad(TestRaftWithNetty.java:31)
	at sun.reflect.NativeMethodAccessorImpl.invoke0(Native Method)
	at sun.reflect.NativeMethodAccessorImpl.invoke(NativeMethodAccessorImpl.java:62)
	at sun.reflect.DelegatingMethodAccessorImpl.invoke(DelegatingMethodAccessorImpl.java:43)
	at java.lang.reflect.Method.invoke(Method.java:498)
	at org.junit.runners.model.FrameworkMethod$1.runReflectiveCall(FrameworkMethod.java:50)
	at org.junit.internal.runners.model.ReflectiveCallable.run(ReflectiveCallable.java:12)
	at org.junit.runners.model.FrameworkMethod.invokeExplosively(FrameworkMethod.java:47)
	at org.junit.internal.runners.statements.InvokeMethod.evaluate(InvokeMethod.java:17)
	at org.junit.internal.runners.statements.RunAfters.evaluate(RunAfters.java:27)
	at org.junit.internal.runners.statements.FailOnTimeout$CallableStatement.call(FailOnTimeout.java:298)
	at org.junit.internal.runners.statements.FailOnTimeout$CallableStatement.call(FailOnTimeout.java:292)
	at java.util.concurrent.FutureTask.run(FutureTask.java:266)
	at java.lang.Thread.run(Thread.java:748)
2019-09-24 16:43:26,585 INFO  impl.LeaderElection (LeaderElection.java:logAndReturn(56)) - s0@group-46F048A18FB7-LeaderElection31: Election TIMEOUT; received 0 response(s) [] and 0 exception(s); s0@group-46F048A18FB7:t12, leader=null, voted=s0, raftlog=s0@group-46F048A18FB7-SegmentedRaftLog:OPENED:c-1,f-1,i0, conf=-1: [s3:0.0.0.0:39188, s4:0.0.0.0:40778, s0:0.0.0.0:42012, s1:0.0.0.0:45336, s2:0.0.0.0:38783], old=null
2019-09-24 16:43:26,606 INFO  ratis.MiniRaftCluster (MiniRaftCluster.java:lambda$null$5(297)) - TIMED-PRINT: printing ALL groups
  s3:  RUNNING  FOLLOWER s3@group-46F048A18FB7:t12, leader=null, voted=null, raftlog=s3@group-46F048A18FB7-SegmentedRaftLog:OPENED:c-1,f-1,i0, conf=-1: [s3:0.0.0.0:39188, s4:0.0.0.0:40778, s0:0.0.0.0:42012, s1:0.0.0.0:45336, s2:0.0.0.0:38783], old=null RUNNING
  s4:  RUNNING  FOLLOWER s4@group-46F048A18FB7:t12, leader=null, voted=null, raftlog=s4@group-46F048A18FB7-SegmentedRaftLog:OPENED:c-1,f-1,i0, conf=-1: [s3:0.0.0.0:39188, s4:0.0.0.0:40778, s0:0.0.0.0:42012, s1:0.0.0.0:45336, s2:0.0.0.0:38783], old=null RUNNING
  s0:  RUNNING CANDIDATE s0@group-46F048A18FB7:t13, leader=null, voted=s0, raftlog=s0@group-46F048A18FB7-SegmentedRaftLog:OPENED:c-1,f-1,i0, conf=-1: [s3:0.0.0.0:39188, s4:0.0.0.0:40778, s0:0.0.0.0:42012, s1:0.0.0.0:45336, s2:0.0.0.0:38783], old=null RUNNING
  s1:  RUNNING  FOLLOWER s1@group-46F048A18FB7:t12, leader=null, voted=null, raftlog=s1@group-46F048A18FB7-SegmentedRaftLog:OPENED:c-1,f-1,i0, conf=-1: [s3:0.0.0.0:39188, s4:0.0.0.0:40778, s0:0.0.0.0:42012, s1:0.0.0.0:45336, s2:0.0.0.0:38783], old=null RUNNING
  s2:  RUNNING  FOLLOWER s2@group-46F048A18FB7:t12, leader=null, voted=null, raftlog=s2@group-46F048A18FB7-SegmentedRaftLog:OPENED:c-1,f-1,i0, conf=-1: [s3:0.0.0.0:39188, s4:0.0.0.0:40778, s0:0.0.0.0:42012, s1:0.0.0.0:45336, s2:0.0.0.0:38783], old=null RUNNING
2019-09-24 16:43:26,811 INFO  impl.LeaderElection (LeaderElection.java:askForVotes(178)) - s0@group-46F048A18FB7-LeaderElection31: begin an election at term 13 for -1: [s3:0.0.0.0:39188, s4:0.0.0.0:40778, s0:0.0.0.0:42012, s1:0.0.0.0:45336, s2:0.0.0.0:38783], old=null
2019-09-24 16:43:26,811 INFO  impl.FollowerState (FollowerState.java:run(108)) - s4@group-46F048A18FB7-FollowerState: change to CANDIDATE, lastRpcTime:481ms, electionTimeout:163ms
2019-09-24 16:43:26,811 INFO  impl.FollowerState (FollowerState.java:run(108)) - s2@group-46F048A18FB7-FollowerState: change to CANDIDATE, lastRpcTime:484ms, electionTimeout:180ms
2019-09-24 16:43:26,811 INFO  impl.FollowerState (FollowerState.java:run(108)) - s1@group-46F048A18FB7-FollowerState: change to CANDIDATE, lastRpcTime:483ms, electionTimeout:267ms
2019-09-24 16:43:26,811 INFO  impl.FollowerState (FollowerState.java:run(108)) - s3@group-46F048A18FB7-FollowerState: change to CANDIDATE, lastRpcTime:481ms, electionTimeout:254ms
2019-09-24 16:43:26,812 INFO  impl.RoleInfo (RoleInfo.java:shutdownFollowerState(121)) - s1: shutdown FollowerState
2019-09-24 16:43:26,812 INFO  impl.RoleInfo (RoleInfo.java:shutdownFollowerState(121)) - s2: shutdown FollowerState
2019-09-24 16:43:26,812 INFO  impl.RoleInfo (RoleInfo.java:shutdownFollowerState(121)) - s4: shutdown FollowerState
2019-09-24 16:43:26,813 INFO  impl.RaftServerImpl (RaftServerImpl.java:setRole(170)) - s2@group-46F048A18FB7: changes role from  FOLLOWER to CANDIDATE at term 12 for changeToCandidate
2019-09-24 16:43:26,813 INFO  impl.RaftServerImpl (RaftServerImpl.java:setRole(170)) - s1@group-46F048A18FB7: changes role from  FOLLOWER to CANDIDATE at term 12 for changeToCandidate
2019-09-24 16:43:26,813 INFO  impl.RoleInfo (RoleInfo.java:updateAndGet(143)) - s2: start LeaderElection
2019-09-24 16:43:26,813 INFO  impl.RoleInfo (RoleInfo.java:shutdownFollowerState(121)) - s3: shutdown FollowerState
2019-09-24 16:43:26,813 INFO  impl.RoleInfo (RoleInfo.java:updateAndGet(143)) - s1: start LeaderElection
2019-09-24 16:43:26,813 INFO  impl.RaftServerImpl (RaftServerImpl.java:setRole(170)) - s4@group-46F048A18FB7: changes role from  FOLLOWER to CANDIDATE at term 12 for changeToCandidate
2019-09-24 16:43:26,817 DEBUG impl.RaftServerImpl (RaftServerImpl.java:requestVote(775)) - s1@group-46F048A18FB7 replies to vote request: s0<-s1#0:FAIL-t12. Peer's state: s1@group-46F048A18FB7:t12, leader=null, voted=null, raftlog=s1@group-46F048A18FB7-SegmentedRaftLog:OPENED:c-1,f-1,i0, conf=-1: [s3:0.0.0.0:39188, s4:0.0.0.0:40778, s0:0.0.0.0:42012, s1:0.0.0.0:45336, s2:0.0.0.0:38783], old=null
2019-09-24 16:43:26,814 INFO  impl.RaftServerImpl (RaftServerImpl.java:setRole(170)) - s3@group-46F048A18FB7: changes role from  FOLLOWER to CANDIDATE at term 12 for changeToCandidate
2019-09-24 16:43:26,817 INFO  impl.RoleInfo (RoleInfo.java:updateAndGet(143)) - s4: start LeaderElection
2019-09-24 16:43:26,817 DEBUG impl.RaftServerImpl (RaftServerImpl.java:requestVote(775)) - s2@group-46F048A18FB7 replies to vote request: s0<-s2#0:FAIL-t12. Peer's state: s2@group-46F048A18FB7:t12, leader=null, voted=null, raftlog=s2@group-46F048A18FB7-SegmentedRaftLog:OPENED:c-1,f-1,i0, conf=-1: [s3:0.0.0.0:39188, s4:0.0.0.0:40778, s0:0.0.0.0:42012, s1:0.0.0.0:45336, s2:0.0.0.0:38783], old=null
2019-09-24 16:43:26,817 INFO  impl.RoleInfo (RoleInfo.java:updateAndGet(143)) - s3: start LeaderElection
2019-09-24 16:43:26,818 DEBUG impl.RaftServerImpl (RaftServerImpl.java:requestVote(743)) - s1@group-46F048A18FB7: receive requestVote(s0, group-46F048A18FB7, 12, (t:0, i:0))
2019-09-24 16:43:26,818 DEBUG impl.RaftServerImpl (RaftServerImpl.java:requestVote(775)) - s4@group-46F048A18FB7 replies to vote request: s0<-s4#0:FAIL-t12. Peer's state: s4@group-46F048A18FB7:t12, leader=null, voted=null, raftlog=s4@group-46F048A18FB7-SegmentedRaftLog:OPENED:c-1,f-1,i0, conf=-1: [s3:0.0.0.0:39188, s4:0.0.0.0:40778, s0:0.0.0.0:42012, s1:0.0.0.0:45336, s2:0.0.0.0:38783], old=null
2019-09-24 16:43:26,818 INFO  impl.RaftServerImpl (RaftServerImpl.java:setRole(170)) - s3@group-46F048A18FB7: changes role from CANDIDATE to FOLLOWER at term 12 for recognizeCandidate:s0
2019-09-24 16:43:26,818 DEBUG impl.RaftServerImpl (RaftServerImpl.java:requestVote(743)) - s2@group-46F048A18FB7: receive requestVote(s0, group-46F048A18FB7, 12, (t:0, i:0))
2019-09-24 16:43:26,819 INFO  impl.RoleInfo (RoleInfo.java:shutdownLeaderElection(134)) - s3: shutdown LeaderElection
2019-09-24 16:43:26,819 DEBUG impl.RaftServerImpl (RaftServerImpl.java:requestVote(743)) - s4@group-46F048A18FB7: receive requestVote(s0, group-46F048A18FB7, 12, (t:0, i:0))
2019-09-24 16:43:26,820 INFO  impl.RoleInfo (RoleInfo.java:updateAndGet(143)) - s3: start FollowerState
2019-09-24 16:43:26,820 DEBUG impl.RaftServerImpl (RaftServerImpl.java:requestVote(775)) - s3@group-46F048A18FB7 replies to vote request: s0<-s3#0:FAIL-t12. Peer's state: s3@group-46F048A18FB7:t12, leader=null, voted=null, raftlog=s3@group-46F048A18FB7-SegmentedRaftLog:OPENED:c-1,f-1,i0, conf=-1: [s3:0.0.0.0:39188, s4:0.0.0.0:40778, s0:0.0.0.0:42012, s1:0.0.0.0:45336, s2:0.0.0.0:38783], old=null
2019-09-24 16:43:26,821 DEBUG impl.RaftServerImpl (RaftServerImpl.java:requestVote(743)) - s3@group-46F048A18FB7: receive requestVote(s0, group-46F048A18FB7, 13, (t:0, i:0))
2019-09-24 16:43:26,938 WARN  ratis.RaftTestUtil (JavaUtils.java:attempt(158)) - FAILED "waitForLeader-null-(expectLeader? true)", attempt #68/100: java.lang.IllegalStateException: No leader yet : printing ALL groups
  s3:  RUNNING  FOLLOWER s3@group-46F048A18FB7:t13, leader=null, voted=s3, raftlog=s3@group-46F048A18FB7-SegmentedRaftLog:OPENED:c-1,f-1,i0, conf=-1: [s3:0.0.0.0:39188, s4:0.0.0.0:40778, s0:0.0.0.0:42012, s1:0.0.0.0:45336, s2:0.0.0.0:38783], old=null RUNNING
  s4:  RUNNING CANDIDATE s4@group-46F048A18FB7:t13, leader=null, voted=s4, raftlog=s4@group-46F048A18FB7-SegmentedRaftLog:OPENED:c-1,f-1,i0, conf=-1: [s3:0.0.0.0:39188, s4:0.0.0.0:40778, s0:0.0.0.0:42012, s1:0.0.0.0:45336, s2:0.0.0.0:38783], old=null RUNNING
  s0:  RUNNING CANDIDATE s0@group-46F048A18FB7:t13, leader=null, voted=s0, raftlog=s0@group-46F048A18FB7-SegmentedRaftLog:OPENED:c-1,f-1,i0, conf=-1: [s3:0.0.0.0:39188, s4:0.0.0.0:40778, s0:0.0.0.0:42012, s1:0.0.0.0:45336, s2:0.0.0.0:38783], old=null RUNNING
  s1:  RUNNING CANDIDATE s1@group-46F048A18FB7:t13, leader=null, voted=s1, raftlog=s1@group-46F048A18FB7-SegmentedRaftLog:OPENED:c-1,f-1,i0, conf=-1: [s3:0.0.0.0:39188, s4:0.0.0.0:40778, s0:0.0.0.0:42012, s1:0.0.0.0:45336, s2:0.0.0.0:38783], old=null RUNNING
  s2:  RUNNING CANDIDATE s2@group-46F048A18FB7:t13, leader=null, voted=s2, raftlog=s2@group-46F048A18FB7-SegmentedRaftLog:OPENED:c-1,f-1,i0, conf=-1: [s3:0.0.0.0:39188, s4:0.0.0.0:40778, s0:0.0.0.0:42012, s1:0.0.0.0:45336, s2:0.0.0.0:38783], old=null RUNNING, sleep 450ms and then retry.
java.lang.IllegalStateException: No leader yet : printing ALL groups
  s3:  RUNNING  FOLLOWER s3@group-46F048A18FB7:t13, leader=null, voted=s3, raftlog=s3@group-46F048A18FB7-SegmentedRaftLog:OPENED:c-1,f-1,i0, conf=-1: [s3:0.0.0.0:39188, s4:0.0.0.0:40778, s0:0.0.0.0:42012, s1:0.0.0.0:45336, s2:0.0.0.0:38783], old=null RUNNING
  s4:  RUNNING CANDIDATE s4@group-46F048A18FB7:t13, leader=null, voted=s4, raftlog=s4@group-46F048A18FB7-SegmentedRaftLog:OPENED:c-1,f-1,i0, conf=-1: [s3:0.0.0.0:39188, s4:0.0.0.0:40778, s0:0.0.0.0:42012, s1:0.0.0.0:45336, s2:0.0.0.0:38783], old=null RUNNING
  s0:  RUNNING CANDIDATE s0@group-46F048A18FB7:t13, leader=null, voted=s0, raftlog=s0@group-46F048A18FB7-SegmentedRaftLog:OPENED:c-1,f-1,i0, conf=-1: [s3:0.0.0.0:39188, s4:0.0.0.0:40778, s0:0.0.0.0:42012, s1:0.0.0.0:45336, s2:0.0.0.0:38783], old=null RUNNING
  s1:  RUNNING CANDIDATE s1@group-46F048A18FB7:t13, leader=null, voted=s1, raftlog=s1@group-46F048A18FB7-SegmentedRaftLog:OPENED:c-1,f-1,i0, conf=-1: [s3:0.0.0.0:39188, s4:0.0.0.0:40778, s0:0.0.0.0:42012, s1:0.0.0.0:45336, s2:0.0.0.0:38783], old=null RUNNING
  s2:  RUNNING CANDIDATE s2@group-46F048A18FB7:t13, leader=null, voted=s2, raftlog=s2@group-46F048A18FB7-SegmentedRaftLog:OPENED:c-1,f-1,i0, conf=-1: [s3:0.0.0.0:39188, s4:0.0.0.0:40778, s0:0.0.0.0:42012, s1:0.0.0.0:45336, s2:0.0.0.0:38783], old=null RUNNING
	at org.apache.ratis.MiniRaftCluster.newIllegalStateExceptionForNoLeaders(MiniRaftCluster.java:506)
	at org.apache.ratis.RaftTestUtil.lambda$waitForLeader$1(RaftTestUtil.java:90)
	at org.apache.ratis.MiniRaftCluster.getLeader(MiniRaftCluster.java:539)
	at org.apache.ratis.MiniRaftCluster.getLeader(MiniRaftCluster.java:532)
	at org.apache.ratis.RaftTestUtil.lambda$waitForLeader$3(RaftTestUtil.java:98)
	at org.apache.ratis.util.JavaUtils.attempt(JavaUtils.java:152)
	at org.apache.ratis.RaftTestUtil.waitForLeader(RaftTestUtil.java:97)
	at org.apache.ratis.RaftTestUtil.waitForLeader(RaftTestUtil.java:77)
	at org.apache.ratis.RaftTestUtil.waitForLeader(RaftTestUtil.java:72)
	at org.apache.ratis.RaftBasicTests.testWithLoad(RaftBasicTests.java:336)
	at org.apache.ratis.RaftBasicTests.lambda$testWithLoad$10(RaftBasicTests.java:328)
	at org.apache.ratis.MiniRaftCluster$Factory$Get.runWithNewCluster(MiniRaftCluster.java:125)
	at org.apache.ratis.MiniRaftCluster$Factory$Get.runWithNewCluster(MiniRaftCluster.java:113)
	at org.apache.ratis.RaftBasicTests.testWithLoad(RaftBasicTests.java:328)
	at org.apache.ratis.netty.TestRaftWithNetty.testWithLoad(TestRaftWithNetty.java:31)
	at sun.reflect.NativeMethodAccessorImpl.invoke0(Native Method)
	at sun.reflect.NativeMethodAccessorImpl.invoke(NativeMethodAccessorImpl.java:62)
	at sun.reflect.DelegatingMethodAccessorImpl.invoke(DelegatingMethodAccessorImpl.java:43)
	at java.lang.reflect.Method.invoke(Method.java:498)
	at org.junit.runners.model.FrameworkMethod$1.runReflectiveCall(FrameworkMethod.java:50)
	at org.junit.internal.runners.model.ReflectiveCallable.run(ReflectiveCallable.java:12)
	at org.junit.runners.model.FrameworkMethod.invokeExplosively(FrameworkMethod.java:47)
	at org.junit.internal.runners.statements.InvokeMethod.evaluate(InvokeMethod.java:17)
	at org.junit.internal.runners.statements.RunAfters.evaluate(RunAfters.java:27)
	at org.junit.internal.runners.statements.FailOnTimeout$CallableStatement.call(FailOnTimeout.java:298)
	at org.junit.internal.runners.statements.FailOnTimeout$CallableStatement.call(FailOnTimeout.java:292)
	at java.util.concurrent.FutureTask.run(FutureTask.java:266)
	at java.lang.Thread.run(Thread.java:748)
2019-09-24 16:43:27,110 INFO  impl.LeaderElection (LeaderElection.java:logAndReturn(56)) - s0@group-46F048A18FB7-LeaderElection31: Election TIMEOUT; received 0 response(s) [] and 0 exception(s); s0@group-46F048A18FB7:t13, leader=null, voted=s0, raftlog=s0@group-46F048A18FB7-SegmentedRaftLog:OPENED:c-1,f-1,i0, conf=-1: [s3:0.0.0.0:39188, s4:0.0.0.0:40778, s0:0.0.0.0:42012, s1:0.0.0.0:45336, s2:0.0.0.0:38783], old=null
2019-09-24 16:43:27,369 INFO  impl.LeaderElection (LeaderElection.java:askForVotes(178)) - s1@group-46F048A18FB7-LeaderElection35: begin an election at term 13 for -1: [s3:0.0.0.0:39188, s4:0.0.0.0:40778, s0:0.0.0.0:42012, s1:0.0.0.0:45336, s2:0.0.0.0:38783], old=null
2019-09-24 16:43:27,369 INFO  impl.FollowerState (FollowerState.java:run(108)) - s3@group-46F048A18FB7-FollowerState: change to CANDIDATE, lastRpcTime:549ms, electionTimeout:297ms
2019-09-24 16:43:27,370 INFO  impl.LeaderElection (LeaderElection.java:askForVotes(178)) - s0@group-46F048A18FB7-LeaderElection31: begin an election at term 14 for -1: [s3:0.0.0.0:39188, s4:0.0.0.0:40778, s0:0.0.0.0:42012, s1:0.0.0.0:45336, s2:0.0.0.0:38783], old=null
2019-09-24 16:43:27,370 DEBUG impl.RaftServerImpl (RaftServerImpl.java:requestVote(775)) - s4@group-46F048A18FB7 replies to vote request: s0<-s4#0:FAIL-t13. Peer's state: s4@group-46F048A18FB7:t13, leader=null, voted=s4, raftlog=s4@group-46F048A18FB7-SegmentedRaftLog:OPENED:c-1,f-1,i0, conf=-1: [s3:0.0.0.0:39188, s4:0.0.0.0:40778, s0:0.0.0.0:42012, s1:0.0.0.0:45336, s2:0.0.0.0:38783], old=null
2019-09-24 16:43:27,370 DEBUG impl.RaftServerImpl (RaftServerImpl.java:requestVote(775)) - s2@group-46F048A18FB7 replies to vote request: s0<-s2#0:FAIL-t13. Peer's state: s2@group-46F048A18FB7:t13, leader=null, voted=s2, raftlog=s2@group-46F048A18FB7-SegmentedRaftLog:OPENED:c-1,f-1,i0, conf=-1: [s3:0.0.0.0:39188, s4:0.0.0.0:40778, s0:0.0.0.0:42012, s1:0.0.0.0:45336, s2:0.0.0.0:38783], old=null
2019-09-24 16:43:27,369 DEBUG impl.RaftServerImpl (RaftServerImpl.java:requestVote(775)) - s1@group-46F048A18FB7 replies to vote request: s0<-s1#0:FAIL-t13. Peer's state: s1@group-46F048A18FB7:t13, leader=null, voted=s1, raftlog=s1@group-46F048A18FB7-SegmentedRaftLog:OPENED:c-1,f-1,i0, conf=-1: [s3:0.0.0.0:39188, s4:0.0.0.0:40778, s0:0.0.0.0:42012, s1:0.0.0.0:45336, s2:0.0.0.0:38783], old=null
2019-09-24 16:43:27,369 INFO  impl.LeaderElection (LeaderElection.java:askForVotes(178)) - s2@group-46F048A18FB7-LeaderElection34: begin an election at term 13 for -1: [s3:0.0.0.0:39188, s4:0.0.0.0:40778, s0:0.0.0.0:42012, s1:0.0.0.0:45336, s2:0.0.0.0:38783], old=null
2019-09-24 16:43:27,369 INFO  impl.LeaderElection (LeaderElection.java:askForVotes(178)) - s3@group-46F048A18FB7-LeaderElection37: begin an election at term 13 for -1: [s3:0.0.0.0:39188, s4:0.0.0.0:40778, s0:0.0.0.0:42012, s1:0.0.0.0:45336, s2:0.0.0.0:38783], old=null
2019-09-24 16:43:27,369 INFO  impl.LeaderElection (LeaderElection.java:askForVotes(178)) - s4@group-46F048A18FB7-LeaderElection36: begin an election at term 13 for -1: [s3:0.0.0.0:39188, s4:0.0.0.0:40778, s0:0.0.0.0:42012, s1:0.0.0.0:45336, s2:0.0.0.0:38783], old=null
2019-09-24 16:43:27,372 DEBUG impl.RaftServerImpl (RaftServerImpl.java:requestVote(743)) - s4@group-46F048A18FB7: receive requestVote(s0, group-46F048A18FB7, 13, (t:0, i:0))
2019-09-24 16:43:27,372 DEBUG impl.RaftServerImpl (RaftServerImpl.java:requestVote(743)) - s2@group-46F048A18FB7: receive requestVote(s0, group-46F048A18FB7, 13, (t:0, i:0))
2019-09-24 16:43:27,370 INFO  impl.RoleInfo (RoleInfo.java:shutdownFollowerState(121)) - s3: shutdown FollowerState
2019-09-24 16:43:27,373 DEBUG impl.RaftServerImpl (RaftServerImpl.java:requestVote(775)) - s2@group-46F048A18FB7 replies to vote request: s0<-s2#0:FAIL-t13. Peer's state: s2@group-46F048A18FB7:t13, leader=null, voted=s2, raftlog=s2@group-46F048A18FB7-SegmentedRaftLog:OPENED:c-1,f-1,i0, conf=-1: [s3:0.0.0.0:39188, s4:0.0.0.0:40778, s0:0.0.0.0:42012, s1:0.0.0.0:45336, s2:0.0.0.0:38783], old=null
2019-09-24 16:43:27,372 DEBUG impl.RaftServerImpl (RaftServerImpl.java:requestVote(775)) - s4@group-46F048A18FB7 replies to vote request: s0<-s4#0:FAIL-t13. Peer's state: s4@group-46F048A18FB7:t13, leader=null, voted=s4, raftlog=s4@group-46F048A18FB7-SegmentedRaftLog:OPENED:c-1,f-1,i0, conf=-1: [s3:0.0.0.0:39188, s4:0.0.0.0:40778, s0:0.0.0.0:42012, s1:0.0.0.0:45336, s2:0.0.0.0:38783], old=null
2019-09-24 16:43:27,372 DEBUG impl.RaftServerImpl (RaftServerImpl.java:requestVote(743)) - s1@group-46F048A18FB7: receive requestVote(s0, group-46F048A18FB7, 13, (t:0, i:0))
2019-09-24 16:43:27,374 DEBUG impl.RaftServerImpl (RaftServerImpl.java:requestVote(743)) - s2@group-46F048A18FB7: receive requestVote(s0, group-46F048A18FB7, 14, (t:0, i:0))
2019-09-24 16:43:27,375 DEBUG impl.RaftServerImpl (RaftServerImpl.java:requestVote(775)) - s1@group-46F048A18FB7 replies to vote request: s0<-s1#0:FAIL-t13. Peer's state: s1@group-46F048A18FB7:t13, leader=null, voted=s1, raftlog=s1@group-46F048A18FB7-SegmentedRaftLog:OPENED:c-1,f-1,i0, conf=-1: [s3:0.0.0.0:39188, s4:0.0.0.0:40778, s0:0.0.0.0:42012, s1:0.0.0.0:45336, s2:0.0.0.0:38783], old=null
2019-09-24 16:43:27,374 DEBUG impl.RaftServerImpl (RaftServerImpl.java:requestVote(743)) - s0@group-46F048A18FB7: receive requestVote(s2, group-46F048A18FB7, 13, (t:0, i:0))
2019-09-24 16:43:27,374 DEBUG impl.RaftServerImpl (RaftServerImpl.java:requestVote(743)) - s3@group-46F048A18FB7: receive requestVote(s4, group-46F048A18FB7, 13, (t:0, i:0))
2019-09-24 16:43:27,374 DEBUG impl.RaftServerImpl (RaftServerImpl.java:requestVote(743)) - s4@group-46F048A18FB7: receive requestVote(s2, group-46F048A18FB7, 13, (t:0, i:0))
2019-09-24 16:43:27,373 DEBUG impl.RaftServerImpl (RaftServerImpl.java:requestVote(743)) - s4@group-46F048A18FB7: receive requestVote(s1, group-46F048A18FB7, 13, (t:0, i:0))
2019-09-24 16:43:27,373 DEBUG impl.RaftServerImpl (RaftServerImpl.java:requestVote(743)) - s3@group-46F048A18FB7: receive requestVote(s1, group-46F048A18FB7, 13, (t:0, i:0))
2019-09-24 16:43:27,373 DEBUG impl.RaftServerImpl (RaftServerImpl.java:requestVote(743)) - s3@group-46F048A18FB7: receive requestVote(s2, group-46F048A18FB7, 13, (t:0, i:0))
2019-09-24 16:43:27,373 INFO  impl.RaftServerImpl (RaftServerImpl.java:setRole(170)) - s3@group-46F048A18FB7: changes role from  FOLLOWER to CANDIDATE at term 13 for changeToCandidate
2019-09-24 16:43:27,376 DEBUG impl.RaftServerImpl (RaftServerImpl.java:requestVote(775)) - s4@group-46F048A18FB7 replies to vote request: s2<-s4#0:FAIL-t13. Peer's state: s4@group-46F048A18FB7:t13, leader=null, voted=s4, raftlog=s4@group-46F048A18FB7-SegmentedRaftLog:OPENED:c-1,f-1,i0, conf=-1: [s3:0.0.0.0:39188, s4:0.0.0.0:40778, s0:0.0.0.0:42012, s1:0.0.0.0:45336, s2:0.0.0.0:38783], old=null
2019-09-24 16:43:27,376 DEBUG impl.RaftServerImpl (RaftServerImpl.java:requestVote(743)) - s1@group-46F048A18FB7: receive requestVote(s4, group-46F048A18FB7, 13, (t:0, i:0))
2019-09-24 16:43:27,376 DEBUG impl.RaftServerImpl (RaftServerImpl.java:requestVote(743)) - s2@group-46F048A18FB7: receive requestVote(s4, group-46F048A18FB7, 13, (t:0, i:0))
2019-09-24 16:43:27,376 DEBUG impl.RaftServerImpl (RaftServerImpl.java:requestVote(743)) - s1@group-46F048A18FB7: receive requestVote(s0, group-46F048A18FB7, 14, (t:0, i:0))
2019-09-24 16:43:27,375 DEBUG impl.RaftServerImpl (RaftServerImpl.java:requestVote(743)) - s0@group-46F048A18FB7: receive requestVote(s4, group-46F048A18FB7, 13, (t:0, i:0))
2019-09-24 16:43:27,375 DEBUG impl.RaftServerImpl (RaftServerImpl.java:requestVote(775)) - s0@group-46F048A18FB7 replies to vote request: s2<-s0#0:FAIL-t14. Peer's state: s0@group-46F048A18FB7:t14, leader=null, voted=s0, raftlog=s0@group-46F048A18FB7-SegmentedRaftLog:OPENED:c-1,f-1,i0, conf=-1: [s3:0.0.0.0:39188, s4:0.0.0.0:40778, s0:0.0.0.0:42012, s1:0.0.0.0:45336, s2:0.0.0.0:38783], old=null
2019-09-24 16:43:27,375 INFO  impl.RaftServerImpl (RaftServerImpl.java:setRole(170)) - s2@group-46F048A18FB7: changes role from CANDIDATE to FOLLOWER at term 14 for recognizeCandidate:s0
2019-09-24 16:43:27,375 DEBUG impl.RaftServerImpl (RaftServerImpl.java:requestVote(743)) - s0@group-46F048A18FB7: receive requestVote(s1, group-46F048A18FB7, 13, (t:0, i:0))
2019-09-24 16:43:27,375 DEBUG impl.RaftServerImpl (RaftServerImpl.java:requestVote(743)) - s1@group-46F048A18FB7: receive requestVote(s2, group-46F048A18FB7, 13, (t:0, i:0))
2019-09-24 16:43:27,375 DEBUG impl.RaftServerImpl (RaftServerImpl.java:requestVote(743)) - s2@group-46F048A18FB7: receive requestVote(s1, group-46F048A18FB7, 13, (t:0, i:0))
2019-09-24 16:43:27,374 DEBUG impl.RaftServerImpl (RaftServerImpl.java:requestVote(743)) - s4@group-46F048A18FB7: receive requestVote(s0, group-46F048A18FB7, 14, (t:0, i:0))
2019-09-24 16:43:27,380 INFO  impl.RoleInfo (RoleInfo.java:shutdownLeaderElection(134)) - s2: shutdown LeaderElection
2019-09-24 16:43:27,379 DEBUG impl.RaftServerImpl (RaftServerImpl.java:requestVote(775)) - s0@group-46F048A18FB7 replies to vote request: s4<-s0#0:FAIL-t14. Peer's state: s0@group-46F048A18FB7:t14, leader=null, voted=s0, raftlog=s0@group-46F048A18FB7-SegmentedRaftLog:OPENED:c-1,f-1,i0, conf=-1: [s3:0.0.0.0:39188, s4:0.0.0.0:40778, s0:0.0.0.0:42012, s1:0.0.0.0:45336, s2:0.0.0.0:38783], old=null
2019-09-24 16:43:27,378 INFO  impl.LeaderElection (LeaderElection.java:logAndReturn(56)) - s2@group-46F048A18FB7-LeaderElection34: Election REJECTED; received 1 response(s) [s2<-s4#0:FAIL-t13] and 0 exception(s); s2@group-46F048A18FB7:t14, leader=null, voted=null, raftlog=s2@group-46F048A18FB7-SegmentedRaftLog:OPENED:c-1,f-1,i0, conf=-1: [s3:0.0.0.0:39188, s4:0.0.0.0:40778, s0:0.0.0.0:42012, s1:0.0.0.0:45336, s2:0.0.0.0:38783], old=null
2019-09-24 16:43:27,378 DEBUG impl.RaftServerImpl (RaftServerImpl.java:requestVote(775)) - s1@group-46F048A18FB7 replies to vote request: s4<-s1#0:FAIL-t13. Peer's state: s1@group-46F048A18FB7:t13, leader=null, voted=s1, raftlog=s1@group-46F048A18FB7-SegmentedRaftLog:OPENED:c-1,f-1,i0, conf=-1: [s3:0.0.0.0:39188, s4:0.0.0.0:40778, s0:0.0.0.0:42012, s1:0.0.0.0:45336, s2:0.0.0.0:38783], old=null
2019-09-24 16:43:27,378 DEBUG impl.RaftServerImpl (RaftServerImpl.java:requestVote(775)) - s4@group-46F048A18FB7 replies to vote request: s1<-s4#0:FAIL-t13. Peer's state: s4@group-46F048A18FB7:t13, leader=null, voted=s4, raftlog=s4@group-46F048A18FB7-SegmentedRaftLog:OPENED:c-1,f-1,i0, conf=-1: [s3:0.0.0.0:39188, s4:0.0.0.0:40778, s0:0.0.0.0:42012, s1:0.0.0.0:45336, s2:0.0.0.0:38783], old=null
2019-09-24 16:43:27,377 INFO  impl.RoleInfo (RoleInfo.java:updateAndGet(143)) - s3: start LeaderElection
2019-09-24 16:43:27,383 INFO  impl.RaftServerImpl (RaftServerImpl.java:setRole(170)) - s4@group-46F048A18FB7: changes role from CANDIDATE to FOLLOWER at term 14 for recognizeCandidate:s0
2019-09-24 16:43:27,383 INFO  impl.LeaderElection (LeaderElection.java:logAndReturn(56)) - s4@group-46F048A18FB7-LeaderElection36: Election DISCOVERED_A_NEW_TERM; received 1 response(s) [s4<-s0#0:FAIL-t14] and 0 exception(s); s4@group-46F048A18FB7:t13, leader=null, voted=s4, raftlog=s4@group-46F048A18FB7-SegmentedRaftLog:OPENED:c-1,f-1,i0, conf=-1: [s3:0.0.0.0:39188, s4:0.0.0.0:40778, s0:0.0.0.0:42012, s1:0.0.0.0:45336, s2:0.0.0.0:38783], old=null
2019-09-24 16:43:27,383 DEBUG impl.RaftServerImpl (RaftServerImpl.java:requestVote(775)) - s1@group-46F048A18FB7 replies to vote request: s2<-s1#0:FAIL-t13. Peer's state: s1@group-46F048A18FB7:t13, leader=null, voted=s1, raftlog=s1@group-46F048A18FB7-SegmentedRaftLog:OPENED:c-1,f-1,i0, conf=-1: [s3:0.0.0.0:39188, s4:0.0.0.0:40778, s0:0.0.0.0:42012, s1:0.0.0.0:45336, s2:0.0.0.0:38783], old=null
2019-09-24 16:43:27,382 DEBUG impl.RaftServerImpl (RaftServerImpl.java:requestVote(775)) - s0@group-46F048A18FB7 replies to vote request: s1<-s0#0:FAIL-t14. Peer's state: s0@group-46F048A18FB7:t14, leader=null, voted=s0, raftlog=s0@group-46F048A18FB7-SegmentedRaftLog:OPENED:c-1,f-1,i0, conf=-1: [s3:0.0.0.0:39188, s4:0.0.0.0:40778, s0:0.0.0.0:42012, s1:0.0.0.0:45336, s2:0.0.0.0:38783], old=null
2019-09-24 16:43:27,381 INFO  impl.RoleInfo (RoleInfo.java:updateAndGet(143)) - s2: start FollowerState
2019-09-24 16:43:27,384 INFO  impl.RaftServerImpl (RaftServerImpl.java:setRole(170)) - s1@group-46F048A18FB7: changes role from CANDIDATE to FOLLOWER at term 14 for recognizeCandidate:s0
2019-09-24 16:43:27,383 DEBUG impl.RaftServerImpl (RaftServerImpl.java:requestVote(775)) - s3@group-46F048A18FB7 replies to vote request: s0<-s3#0:FAIL-t13. Peer's state: s3@group-46F048A18FB7:t13, leader=null, voted=s3, raftlog=s3@group-46F048A18FB7-SegmentedRaftLog:OPENED:c-1,f-1,i0, conf=-1: [s3:0.0.0.0:39188, s4:0.0.0.0:40778, s0:0.0.0.0:42012, s1:0.0.0.0:45336, s2:0.0.0.0:38783], old=null
2019-09-24 16:43:27,383 INFO  impl.RoleInfo (RoleInfo.java:shutdownLeaderElection(134)) - s4: shutdown LeaderElection
2019-09-24 16:43:27,385 INFO  impl.LeaderElection (LeaderElection.java:logAndReturn(56)) - s1@group-46F048A18FB7-LeaderElection35: Election DISCOVERED_A_NEW_TERM; received 2 response(s) [s1<-s4#0:FAIL-t13, s1<-s0#0:FAIL-t14] and 0 exception(s); s1@group-46F048A18FB7:t14, leader=null, voted=null, raftlog=s1@group-46F048A18FB7-SegmentedRaftLog:OPENED:c-1,f-1,i0, conf=-1: [s3:0.0.0.0:39188, s4:0.0.0.0:40778, s0:0.0.0.0:42012, s1:0.0.0.0:45336, s2:0.0.0.0:38783], old=null
2019-09-24 16:43:27,385 INFO  impl.RoleInfo (RoleInfo.java:shutdownLeaderElection(134)) - s1: shutdown LeaderElection
2019-09-24 16:43:27,386 DEBUG impl.RaftServerImpl (RaftServerImpl.java:requestVote(743)) - s3@group-46F048A18FB7: receive requestVote(s0, group-46F048A18FB7, 14, (t:0, i:0))
2019-09-24 16:43:27,386 INFO  impl.RoleInfo (RoleInfo.java:updateAndGet(143)) - s4: start FollowerState
2019-09-24 16:43:27,386 INFO  impl.RoleInfo (RoleInfo.java:updateAndGet(143)) - s1: start FollowerState
2019-09-24 16:43:27,389 WARN  ratis.RaftTestUtil (JavaUtils.java:attempt(158)) - FAILED "waitForLeader-null-(expectLeader? true)", attempt #69/100: java.lang.IllegalStateException: No leader yet : printing ALL groups
  s3:  RUNNING CANDIDATE s3@group-46F048A18FB7:t14, leader=null, voted=s3, raftlog=s3@group-46F048A18FB7-SegmentedRaftLog:OPENED:c-1,f-1,i0, conf=-1: [s3:0.0.0.0:39188, s4:0.0.0.0:40778, s0:0.0.0.0:42012, s1:0.0.0.0:45336, s2:0.0.0.0:38783], old=null RUNNING
  s4:  RUNNING  FOLLOWER s4@group-46F048A18FB7:t14, leader=null, voted=null, raftlog=s4@group-46F048A18FB7-SegmentedRaftLog:OPENED:c-1,f-1,i0, conf=-1: [s3:0.0.0.0:39188, s4:0.0.0.0:40778, s0:0.0.0.0:42012, s1:0.0.0.0:45336, s2:0.0.0.0:38783], old=null RUNNING
  s0:  RUNNING CANDIDATE s0@group-46F048A18FB7:t14, leader=null, voted=s0, raftlog=s0@group-46F048A18FB7-SegmentedRaftLog:OPENED:c-1,f-1,i0, conf=-1: [s3:0.0.0.0:39188, s4:0.0.0.0:40778, s0:0.0.0.0:42012, s1:0.0.0.0:45336, s2:0.0.0.0:38783], old=null RUNNING
  s1:  RUNNING  FOLLOWER s1@group-46F048A18FB7:t14, leader=null, voted=null, raftlog=s1@group-46F048A18FB7-SegmentedRaftLog:OPENED:c-1,f-1,i0, conf=-1: [s3:0.0.0.0:39188, s4:0.0.0.0:40778, s0:0.0.0.0:42012, s1:0.0.0.0:45336, s2:0.0.0.0:38783], old=null RUNNING
  s2:  RUNNING  FOLLOWER s2@group-46F048A18FB7:t14, leader=null, voted=null, raftlog=s2@group-46F048A18FB7-SegmentedRaftLog:OPENED:c-1,f-1,i0, conf=-1: [s3:0.0.0.0:39188, s4:0.0.0.0:40778, s0:0.0.0.0:42012, s1:0.0.0.0:45336, s2:0.0.0.0:38783], old=null RUNNING, sleep 450ms and then retry.
java.lang.IllegalStateException: No leader yet : printing ALL groups
  s3:  RUNNING CANDIDATE s3@group-46F048A18FB7:t14, leader=null, voted=s3, raftlog=s3@group-46F048A18FB7-SegmentedRaftLog:OPENED:c-1,f-1,i0, conf=-1: [s3:0.0.0.0:39188, s4:0.0.0.0:40778, s0:0.0.0.0:42012, s1:0.0.0.0:45336, s2:0.0.0.0:38783], old=null RUNNING
  s4:  RUNNING  FOLLOWER s4@group-46F048A18FB7:t14, leader=null, voted=null, raftlog=s4@group-46F048A18FB7-SegmentedRaftLog:OPENED:c-1,f-1,i0, conf=-1: [s3:0.0.0.0:39188, s4:0.0.0.0:40778, s0:0.0.0.0:42012, s1:0.0.0.0:45336, s2:0.0.0.0:38783], old=null RUNNING
  s0:  RUNNING CANDIDATE s0@group-46F048A18FB7:t14, leader=null, voted=s0, raftlog=s0@group-46F048A18FB7-SegmentedRaftLog:OPENED:c-1,f-1,i0, conf=-1: [s3:0.0.0.0:39188, s4:0.0.0.0:40778, s0:0.0.0.0:42012, s1:0.0.0.0:45336, s2:0.0.0.0:38783], old=null RUNNING
  s1:  RUNNING  FOLLOWER s1@group-46F048A18FB7:t14, leader=null, voted=null, raftlog=s1@group-46F048A18FB7-SegmentedRaftLog:OPENED:c-1,f-1,i0, conf=-1: [s3:0.0.0.0:39188, s4:0.0.0.0:40778, s0:0.0.0.0:42012, s1:0.0.0.0:45336, s2:0.0.0.0:38783], old=null RUNNING
  s2:  RUNNING  FOLLOWER s2@group-46F048A18FB7:t14, leader=null, voted=null, raftlog=s2@group-46F048A18FB7-SegmentedRaftLog:OPENED:c-1,f-1,i0, conf=-1: [s3:0.0.0.0:39188, s4:0.0.0.0:40778, s0:0.0.0.0:42012, s1:0.0.0.0:45336, s2:0.0.0.0:38783], old=null RUNNING
	at org.apache.ratis.MiniRaftCluster.newIllegalStateExceptionForNoLeaders(MiniRaftCluster.java:506)
	at org.apache.ratis.RaftTestUtil.lambda$waitForLeader$1(RaftTestUtil.java:90)
	at org.apache.ratis.MiniRaftCluster.getLeader(MiniRaftCluster.java:539)
	at org.apache.ratis.MiniRaftCluster.getLeader(MiniRaftCluster.java:532)
	at org.apache.ratis.RaftTestUtil.lambda$waitForLeader$3(RaftTestUtil.java:98)
	at org.apache.ratis.util.JavaUtils.attempt(JavaUtils.java:152)
	at org.apache.ratis.RaftTestUtil.waitForLeader(RaftTestUtil.java:97)
	at org.apache.ratis.RaftTestUtil.waitForLeader(RaftTestUtil.java:77)
	at org.apache.ratis.RaftTestUtil.waitForLeader(RaftTestUtil.java:72)
	at org.apache.ratis.RaftBasicTests.testWithLoad(RaftBasicTests.java:336)
	at org.apache.ratis.RaftBasicTests.lambda$testWithLoad$10(RaftBasicTests.java:328)
	at org.apache.ratis.MiniRaftCluster$Factory$Get.runWithNewCluster(MiniRaftCluster.java:125)
	at org.apache.ratis.MiniRaftCluster$Factory$Get.runWithNewCluster(MiniRaftCluster.java:113)
	at org.apache.ratis.RaftBasicTests.testWithLoad(RaftBasicTests.java:328)
	at org.apache.ratis.netty.TestRaftWithNetty.testWithLoad(TestRaftWithNetty.java:31)
	at sun.reflect.NativeMethodAccessorImpl.invoke0(Native Method)
	at sun.reflect.NativeMethodAccessorImpl.invoke(NativeMethodAccessorImpl.java:62)
	at sun.reflect.DelegatingMethodAccessorImpl.invoke(DelegatingMethodAccessorImpl.java:43)
	at java.lang.reflect.Method.invoke(Method.java:498)
	at org.junit.runners.model.FrameworkMethod$1.runReflectiveCall(FrameworkMethod.java:50)
	at org.junit.internal.runners.model.ReflectiveCallable.run(ReflectiveCallable.java:12)
	at org.junit.runners.model.FrameworkMethod.invokeExplosively(FrameworkMethod.java:47)
	at org.junit.internal.runners.statements.InvokeMethod.evaluate(InvokeMethod.java:17)
	at org.junit.internal.runners.statements.RunAfters.evaluate(RunAfters.java:27)
	at org.junit.internal.runners.statements.FailOnTimeout$CallableStatement.call(FailOnTimeout.java:298)
	at org.junit.internal.runners.statements.FailOnTimeout$CallableStatement.call(FailOnTimeout.java:292)
	at java.util.concurrent.FutureTask.run(FutureTask.java:266)
	at java.lang.Thread.run(Thread.java:748)
2019-09-24 16:43:27,566 INFO  impl.LeaderElection (LeaderElection.java:logAndReturn(56)) - s0@group-46F048A18FB7-LeaderElection31: Election TIMEOUT; received 0 response(s) [] and 0 exception(s); s0@group-46F048A18FB7:t14, leader=null, voted=s0, raftlog=s0@group-46F048A18FB7-SegmentedRaftLog:OPENED:c-1,f-1,i0, conf=-1: [s3:0.0.0.0:39188, s4:0.0.0.0:40778, s0:0.0.0.0:42012, s1:0.0.0.0:45336, s2:0.0.0.0:38783], old=null
2019-09-24 16:43:27,774 INFO  impl.LeaderElection (LeaderElection.java:askForVotes(178)) - s3@group-46F048A18FB7-LeaderElection38: begin an election at term 14 for -1: [s3:0.0.0.0:39188, s4:0.0.0.0:40778, s0:0.0.0.0:42012, s1:0.0.0.0:45336, s2:0.0.0.0:38783], old=null
2019-09-24 16:43:27,775 DEBUG impl.RaftServerImpl (RaftServerImpl.java:requestVote(775)) - s4@group-46F048A18FB7 replies to vote request: s0<-s4#0:FAIL-t14. Peer's state: s4@group-46F048A18FB7:t14, leader=null, voted=null, raftlog=s4@group-46F048A18FB7-SegmentedRaftLog:OPENED:c-1,f-1,i0, conf=-1: [s3:0.0.0.0:39188, s4:0.0.0.0:40778, s0:0.0.0.0:42012, s1:0.0.0.0:45336, s2:0.0.0.0:38783], old=null
2019-09-24 16:43:27,775 DEBUG impl.RaftServerImpl (RaftServerImpl.java:requestVote(775)) - s2@group-46F048A18FB7 replies to vote request: s0<-s2#0:FAIL-t14. Peer's state: s2@group-46F048A18FB7:t14, leader=null, voted=null, raftlog=s2@group-46F048A18FB7-SegmentedRaftLog:OPENED:c-1,f-1,i0, conf=-1: [s3:0.0.0.0:39188, s4:0.0.0.0:40778, s0:0.0.0.0:42012, s1:0.0.0.0:45336, s2:0.0.0.0:38783], old=null
2019-09-24 16:43:27,775 DEBUG impl.RaftServerImpl (RaftServerImpl.java:requestVote(775)) - s1@group-46F048A18FB7 replies to vote request: s0<-s1#0:FAIL-t14. Peer's state: s1@group-46F048A18FB7:t14, leader=null, voted=null, raftlog=s1@group-46F048A18FB7-SegmentedRaftLog:OPENED:c-1,f-1,i0, conf=-1: [s3:0.0.0.0:39188, s4:0.0.0.0:40778, s0:0.0.0.0:42012, s1:0.0.0.0:45336, s2:0.0.0.0:38783], old=null
2019-09-24 16:43:27,775 DEBUG impl.RaftServerImpl (RaftServerImpl.java:requestVote(775)) - s3@group-46F048A18FB7 replies to vote request: s2<-s3#0:FAIL-t14. Peer's state: s3@group-46F048A18FB7:t14, leader=null, voted=s3, raftlog=s3@group-46F048A18FB7-SegmentedRaftLog:OPENED:c-1,f-1,i0, conf=-1: [s3:0.0.0.0:39188, s4:0.0.0.0:40778, s0:0.0.0.0:42012, s1:0.0.0.0:45336, s2:0.0.0.0:38783], old=null
2019-09-24 16:43:27,776 INFO  impl.FollowerState (FollowerState.java:run(108)) - s1@group-46F048A18FB7-FollowerState: change to CANDIDATE, lastRpcTime:390ms, electionTimeout:164ms
2019-09-24 16:43:27,776 INFO  impl.FollowerState (FollowerState.java:run(108)) - s2@group-46F048A18FB7-FollowerState: change to CANDIDATE, lastRpcTime:394ms, electionTimeout:280ms
2019-09-24 16:43:27,775 INFO  impl.FollowerState (FollowerState.java:run(108)) - s4@group-46F048A18FB7-FollowerState: change to CANDIDATE, lastRpcTime:389ms, electionTimeout:194ms
2019-09-24 16:43:27,777 INFO  impl.RoleInfo (RoleInfo.java:shutdownFollowerState(121)) - s2: shutdown FollowerState
2019-09-24 16:43:27,777 INFO  impl.RoleInfo (RoleInfo.java:shutdownFollowerState(121)) - s1: shutdown FollowerState
2019-09-24 16:43:27,777 DEBUG impl.RaftServerImpl (RaftServerImpl.java:requestVote(775)) - s3@group-46F048A18FB7 replies to vote request: s1<-s3#0:FAIL-t14. Peer's state: s3@group-46F048A18FB7:t14, leader=null, voted=s3, raftlog=s3@group-46F048A18FB7-SegmentedRaftLog:OPENED:c-1,f-1,i0, conf=-1: [s3:0.0.0.0:39188, s4:0.0.0.0:40778, s0:0.0.0.0:42012, s1:0.0.0.0:45336, s2:0.0.0.0:38783], old=null
2019-09-24 16:43:27,777 INFO  impl.RaftServerImpl (RaftServerImpl.java:setRole(170)) - s1@group-46F048A18FB7: changes role from  FOLLOWER to CANDIDATE at term 14 for changeToCandidate
2019-09-24 16:43:27,777 INFO  impl.RaftServerImpl (RaftServerImpl.java:setRole(170)) - s2@group-46F048A18FB7: changes role from  FOLLOWER to CANDIDATE at term 14 for changeToCandidate
2019-09-24 16:43:27,777 INFO  impl.RoleInfo (RoleInfo.java:shutdownFollowerState(121)) - s4: shutdown FollowerState
2019-09-24 16:43:27,778 INFO  impl.RoleInfo (RoleInfo.java:updateAndGet(143)) - s2: start LeaderElection
2019-09-24 16:43:27,778 INFO  impl.RoleInfo (RoleInfo.java:updateAndGet(143)) - s1: start LeaderElection
2019-09-24 16:43:27,778 DEBUG impl.RaftServerImpl (RaftServerImpl.java:requestVote(775)) - s3@group-46F048A18FB7 replies to vote request: s4<-s3#0:FAIL-t14. Peer's state: s3@group-46F048A18FB7:t14, leader=null, voted=s3, raftlog=s3@group-46F048A18FB7-SegmentedRaftLog:OPENED:c-1,f-1,i0, conf=-1: [s3:0.0.0.0:39188, s4:0.0.0.0:40778, s0:0.0.0.0:42012, s1:0.0.0.0:45336, s2:0.0.0.0:38783], old=null
2019-09-24 16:43:27,778 INFO  impl.RaftServerImpl (RaftServerImpl.java:setRole(170)) - s4@group-46F048A18FB7: changes role from  FOLLOWER to CANDIDATE at term 14 for changeToCandidate
2019-09-24 16:43:27,779 DEBUG impl.RaftServerImpl (RaftServerImpl.java:requestVote(775)) - s2@group-46F048A18FB7 replies to vote request: s1<-s2#0:FAIL-t14. Peer's state: s2@group-46F048A18FB7:t14, leader=null, voted=null, raftlog=s2@group-46F048A18FB7-SegmentedRaftLog:OPENED:c-1,f-1,i0, conf=-1: [s3:0.0.0.0:39188, s4:0.0.0.0:40778, s0:0.0.0.0:42012, s1:0.0.0.0:45336, s2:0.0.0.0:38783], old=null
2019-09-24 16:43:27,779 INFO  impl.RoleInfo (RoleInfo.java:updateAndGet(143)) - s4: start LeaderElection
2019-09-24 16:43:27,779 DEBUG impl.RaftServerImpl (RaftServerImpl.java:requestVote(775)) - s3@group-46F048A18FB7 replies to vote request: s0<-s3#0:FAIL-t14. Peer's state: s3@group-46F048A18FB7:t14, leader=null, voted=s3, raftlog=s3@group-46F048A18FB7-SegmentedRaftLog:OPENED:c-1,f-1,i0, conf=-1: [s3:0.0.0.0:39188, s4:0.0.0.0:40778, s0:0.0.0.0:42012, s1:0.0.0.0:45336, s2:0.0.0.0:38783], old=null
2019-09-24 16:43:27,780 DEBUG impl.RaftServerImpl (RaftServerImpl.java:requestVote(775)) - s2@group-46F048A18FB7 replies to vote request: s4<-s2#0:FAIL-t14. Peer's state: s2@group-46F048A18FB7:t14, leader=null, voted=null, raftlog=s2@group-46F048A18FB7-SegmentedRaftLog:OPENED:c-1,f-1,i0, conf=-1: [s3:0.0.0.0:39188, s4:0.0.0.0:40778, s0:0.0.0.0:42012, s1:0.0.0.0:45336, s2:0.0.0.0:38783], old=null
2019-09-24 16:43:27,781 DEBUG impl.RaftServerImpl (RaftServerImpl.java:requestVote(743)) - s4@group-46F048A18FB7: receive requestVote(s3, group-46F048A18FB7, 13, (t:0, i:0))
2019-09-24 16:43:27,782 INFO  impl.LeaderElection (LeaderElection.java:logAndReturn(56)) - s3@group-46F048A18FB7-LeaderElection37: Election REJECTED; received 0 response(s) [] and 0 exception(s); s3@group-46F048A18FB7:t14, leader=null, voted=s3, raftlog=s3@group-46F048A18FB7-SegmentedRaftLog:OPENED:c-1,f-1,i0, conf=-1: [s3:0.0.0.0:39188, s4:0.0.0.0:40778, s0:0.0.0.0:42012, s1:0.0.0.0:45336, s2:0.0.0.0:38783], old=null
2019-09-24 16:43:27,782 DEBUG impl.RaftServerImpl (RaftServerImpl.java:requestVote(743)) - s0@group-46F048A18FB7: receive requestVote(s3, group-46F048A18FB7, 14, (t:0, i:0))
2019-09-24 16:43:27,782 DEBUG impl.RaftServerImpl (RaftServerImpl.java:requestVote(743)) - s1@group-46F048A18FB7: receive requestVote(s3, group-46F048A18FB7, 14, (t:0, i:0))
2019-09-24 16:43:27,783 DEBUG impl.RaftServerImpl (RaftServerImpl.java:requestVote(743)) - s2@group-46F048A18FB7: receive requestVote(s3, group-46F048A18FB7, 14, (t:0, i:0))
2019-09-24 16:43:27,841 WARN  ratis.RaftTestUtil (JavaUtils.java:attempt(158)) - FAILED "waitForLeader-null-(expectLeader? true)", attempt #70/100: java.lang.IllegalStateException: No leader yet : printing ALL groups
  s3:  RUNNING CANDIDATE s3@group-46F048A18FB7:t14, leader=null, voted=s3, raftlog=s3@group-46F048A18FB7-SegmentedRaftLog:OPENED:c-1,f-1,i0, conf=-1: [s3:0.0.0.0:39188, s4:0.0.0.0:40778, s0:0.0.0.0:42012, s1:0.0.0.0:45336, s2:0.0.0.0:38783], old=null RUNNING
  s4:  RUNNING CANDIDATE s4@group-46F048A18FB7:t15, leader=null, voted=s4, raftlog=s4@group-46F048A18FB7-SegmentedRaftLog:OPENED:c-1,f-1,i0, conf=-1: [s3:0.0.0.0:39188, s4:0.0.0.0:40778, s0:0.0.0.0:42012, s1:0.0.0.0:45336, s2:0.0.0.0:38783], old=null RUNNING
  s0:  RUNNING CANDIDATE s0@group-46F048A18FB7:t15, leader=null, voted=s0, raftlog=s0@group-46F048A18FB7-SegmentedRaftLog:OPENED:c-1,f-1,i0, conf=-1: [s3:0.0.0.0:39188, s4:0.0.0.0:40778, s0:0.0.0.0:42012, s1:0.0.0.0:45336, s2:0.0.0.0:38783], old=null RUNNING
  s1:  RUNNING CANDIDATE s1@group-46F048A18FB7:t15, leader=null, voted=s1, raftlog=s1@group-46F048A18FB7-SegmentedRaftLog:OPENED:c-1,f-1,i0, conf=-1: [s3:0.0.0.0:39188, s4:0.0.0.0:40778, s0:0.0.0.0:42012, s1:0.0.0.0:45336, s2:0.0.0.0:38783], old=null RUNNING
  s2:  RUNNING CANDIDATE s2@group-46F048A18FB7:t15, leader=null, voted=s2, raftlog=s2@group-46F048A18FB7-SegmentedRaftLog:OPENED:c-1,f-1,i0, conf=-1: [s3:0.0.0.0:39188, s4:0.0.0.0:40778, s0:0.0.0.0:42012, s1:0.0.0.0:45336, s2:0.0.0.0:38783], old=null RUNNING, sleep 450ms and then retry.
java.lang.IllegalStateException: No leader yet : printing ALL groups
  s3:  RUNNING CANDIDATE s3@group-46F048A18FB7:t14, leader=null, voted=s3, raftlog=s3@group-46F048A18FB7-SegmentedRaftLog:OPENED:c-1,f-1,i0, conf=-1: [s3:0.0.0.0:39188, s4:0.0.0.0:40778, s0:0.0.0.0:42012, s1:0.0.0.0:45336, s2:0.0.0.0:38783], old=null RUNNING
  s4:  RUNNING CANDIDATE s4@group-46F048A18FB7:t15, leader=null, voted=s4, raftlog=s4@group-46F048A18FB7-SegmentedRaftLog:OPENED:c-1,f-1,i0, conf=-1: [s3:0.0.0.0:39188, s4:0.0.0.0:40778, s0:0.0.0.0:42012, s1:0.0.0.0:45336, s2:0.0.0.0:38783], old=null RUNNING
  s0:  RUNNING CANDIDATE s0@group-46F048A18FB7:t15, leader=null, voted=s0, raftlog=s0@group-46F048A18FB7-SegmentedRaftLog:OPENED:c-1,f-1,i0, conf=-1: [s3:0.0.0.0:39188, s4:0.0.0.0:40778, s0:0.0.0.0:42012, s1:0.0.0.0:45336, s2:0.0.0.0:38783], old=null RUNNING
  s1:  RUNNING CANDIDATE s1@group-46F048A18FB7:t15, leader=null, voted=s1, raftlog=s1@group-46F048A18FB7-SegmentedRaftLog:OPENED:c-1,f-1,i0, conf=-1: [s3:0.0.0.0:39188, s4:0.0.0.0:40778, s0:0.0.0.0:42012, s1:0.0.0.0:45336, s2:0.0.0.0:38783], old=null RUNNING
  s2:  RUNNING CANDIDATE s2@group-46F048A18FB7:t15, leader=null, voted=s2, raftlog=s2@group-46F048A18FB7-SegmentedRaftLog:OPENED:c-1,f-1,i0, conf=-1: [s3:0.0.0.0:39188, s4:0.0.0.0:40778, s0:0.0.0.0:42012, s1:0.0.0.0:45336, s2:0.0.0.0:38783], old=null RUNNING
	at org.apache.ratis.MiniRaftCluster.newIllegalStateExceptionForNoLeaders(MiniRaftCluster.java:506)
	at org.apache.ratis.RaftTestUtil.lambda$waitForLeader$1(RaftTestUtil.java:90)
	at org.apache.ratis.MiniRaftCluster.getLeader(MiniRaftCluster.java:539)
	at org.apache.ratis.MiniRaftCluster.getLeader(MiniRaftCluster.java:532)
	at org.apache.ratis.RaftTestUtil.lambda$waitForLeader$3(RaftTestUtil.java:98)
	at org.apache.ratis.util.JavaUtils.attempt(JavaUtils.java:152)
	at org.apache.ratis.RaftTestUtil.waitForLeader(RaftTestUtil.java:97)
	at org.apache.ratis.RaftTestUtil.waitForLeader(RaftTestUtil.java:77)
	at org.apache.ratis.RaftTestUtil.waitForLeader(RaftTestUtil.java:72)
	at org.apache.ratis.RaftBasicTests.testWithLoad(RaftBasicTests.java:336)
	at org.apache.ratis.RaftBasicTests.lambda$testWithLoad$10(RaftBasicTests.java:328)
	at org.apache.ratis.MiniRaftCluster$Factory$Get.runWithNewCluster(MiniRaftCluster.java:125)
	at org.apache.ratis.MiniRaftCluster$Factory$Get.runWithNewCluster(MiniRaftCluster.java:113)
	at org.apache.ratis.RaftBasicTests.testWithLoad(RaftBasicTests.java:328)
	at org.apache.ratis.netty.TestRaftWithNetty.testWithLoad(TestRaftWithNetty.java:31)
	at sun.reflect.NativeMethodAccessorImpl.invoke0(Native Method)
	at sun.reflect.NativeMethodAccessorImpl.invoke(NativeMethodAccessorImpl.java:62)
	at sun.reflect.DelegatingMethodAccessorImpl.invoke(DelegatingMethodAccessorImpl.java:43)
	at java.lang.reflect.Method.invoke(Method.java:498)
	at org.junit.runners.model.FrameworkMethod$1.runReflectiveCall(FrameworkMethod.java:50)
	at org.junit.internal.runners.model.ReflectiveCallable.run(ReflectiveCallable.java:12)
	at org.junit.runners.model.FrameworkMethod.invokeExplosively(FrameworkMethod.java:47)
	at org.junit.internal.runners.statements.InvokeMethod.evaluate(InvokeMethod.java:17)
	at org.junit.internal.runners.statements.RunAfters.evaluate(RunAfters.java:27)
	at org.junit.internal.runners.statements.FailOnTimeout$CallableStatement.call(FailOnTimeout.java:298)
	at org.junit.internal.runners.statements.FailOnTimeout$CallableStatement.call(FailOnTimeout.java:292)
	at java.util.concurrent.FutureTask.run(FutureTask.java:266)
	at java.lang.Thread.run(Thread.java:748)
2019-09-24 16:43:28,061 INFO  impl.LeaderElection (LeaderElection.java:logAndReturn(56)) - s3@group-46F048A18FB7-LeaderElection38: Election TIMEOUT; received 0 response(s) [] and 0 exception(s); s3@group-46F048A18FB7:t14, leader=null, voted=s3, raftlog=s3@group-46F048A18FB7-SegmentedRaftLog:OPENED:c-1,f-1,i0, conf=-1: [s3:0.0.0.0:39188, s4:0.0.0.0:40778, s0:0.0.0.0:42012, s1:0.0.0.0:45336, s2:0.0.0.0:38783], old=null
2019-09-24 16:43:28,246 INFO  impl.LeaderElection (LeaderElection.java:askForVotes(178)) - s0@group-46F048A18FB7-LeaderElection31: begin an election at term 15 for -1: [s3:0.0.0.0:39188, s4:0.0.0.0:40778, s0:0.0.0.0:42012, s1:0.0.0.0:45336, s2:0.0.0.0:38783], old=null
2019-09-24 16:43:28,248 DEBUG impl.RaftServerImpl (RaftServerImpl.java:requestVote(775)) - s4@group-46F048A18FB7 replies to vote request: s3<-s4#0:FAIL-t15. Peer's state: s4@group-46F048A18FB7:t15, leader=null, voted=s4, raftlog=s4@group-46F048A18FB7-SegmentedRaftLog:OPENED:c-1,f-1,i0, conf=-1: [s3:0.0.0.0:39188, s4:0.0.0.0:40778, s0:0.0.0.0:42012, s1:0.0.0.0:45336, s2:0.0.0.0:38783], old=null
2019-09-24 16:43:28,247 INFO  impl.LeaderElection (LeaderElection.java:askForVotes(178)) - s4@group-46F048A18FB7-LeaderElection41: begin an election at term 15 for -1: [s3:0.0.0.0:39188, s4:0.0.0.0:40778, s0:0.0.0.0:42012, s1:0.0.0.0:45336, s2:0.0.0.0:38783], old=null
2019-09-24 16:43:28,246 INFO  impl.LeaderElection (LeaderElection.java:askForVotes(178)) - s1@group-46F048A18FB7-LeaderElection39: begin an election at term 15 for -1: [s3:0.0.0.0:39188, s4:0.0.0.0:40778, s0:0.0.0.0:42012, s1:0.0.0.0:45336, s2:0.0.0.0:38783], old=null
2019-09-24 16:43:28,246 INFO  impl.LeaderElection (LeaderElection.java:askForVotes(178)) - s2@group-46F048A18FB7-LeaderElection40: begin an election at term 15 for -1: [s3:0.0.0.0:39188, s4:0.0.0.0:40778, s0:0.0.0.0:42012, s1:0.0.0.0:45336, s2:0.0.0.0:38783], old=null
2019-09-24 16:43:28,248 DEBUG impl.RaftServerImpl (RaftServerImpl.java:requestVote(775)) - s0@group-46F048A18FB7 replies to vote request: s3<-s0#0:FAIL-t15. Peer's state: s0@group-46F048A18FB7:t15, leader=null, voted=s0, raftlog=s0@group-46F048A18FB7-SegmentedRaftLog:OPENED:c-1,f-1,i0, conf=-1: [s3:0.0.0.0:39188, s4:0.0.0.0:40778, s0:0.0.0.0:42012, s1:0.0.0.0:45336, s2:0.0.0.0:38783], old=null
2019-09-24 16:43:28,248 DEBUG impl.RaftServerImpl (RaftServerImpl.java:requestVote(775)) - s1@group-46F048A18FB7 replies to vote request: s3<-s1#0:FAIL-t15. Peer's state: s1@group-46F048A18FB7:t15, leader=null, voted=s1, raftlog=s1@group-46F048A18FB7-SegmentedRaftLog:OPENED:c-1,f-1,i0, conf=-1: [s3:0.0.0.0:39188, s4:0.0.0.0:40778, s0:0.0.0.0:42012, s1:0.0.0.0:45336, s2:0.0.0.0:38783], old=null
2019-09-24 16:43:28,248 DEBUG impl.RaftServerImpl (RaftServerImpl.java:requestVote(775)) - s2@group-46F048A18FB7 replies to vote request: s3<-s2#0:FAIL-t15. Peer's state: s2@group-46F048A18FB7:t15, leader=null, voted=s2, raftlog=s2@group-46F048A18FB7-SegmentedRaftLog:OPENED:c-1,f-1,i0, conf=-1: [s3:0.0.0.0:39188, s4:0.0.0.0:40778, s0:0.0.0.0:42012, s1:0.0.0.0:45336, s2:0.0.0.0:38783], old=null
2019-09-24 16:43:28,249 DEBUG impl.RaftServerImpl (RaftServerImpl.java:requestVote(743)) - s0@group-46F048A18FB7: receive requestVote(s3, group-46F048A18FB7, 13, (t:0, i:0))
2019-09-24 16:43:28,249 DEBUG impl.RaftServerImpl (RaftServerImpl.java:requestVote(743)) - s4@group-46F048A18FB7: receive requestVote(s3, group-46F048A18FB7, 14, (t:0, i:0))
2019-09-24 16:43:28,250 DEBUG impl.RaftServerImpl (RaftServerImpl.java:requestVote(743)) - s2@group-46F048A18FB7: receive requestVote(s3, group-46F048A18FB7, 13, (t:0, i:0))
2019-09-24 16:43:28,251 DEBUG impl.RaftServerImpl (RaftServerImpl.java:requestVote(743)) - s3@group-46F048A18FB7: receive requestVote(s1, group-46F048A18FB7, 15, (t:0, i:0))
2019-09-24 16:43:28,250 DEBUG impl.RaftServerImpl (RaftServerImpl.java:requestVote(775)) - s0@group-46F048A18FB7 replies to vote request: s3<-s0#0:FAIL-t15. Peer's state: s0@group-46F048A18FB7:t15, leader=null, voted=s0, raftlog=s0@group-46F048A18FB7-SegmentedRaftLog:OPENED:c-1,f-1,i0, conf=-1: [s3:0.0.0.0:39188, s4:0.0.0.0:40778, s0:0.0.0.0:42012, s1:0.0.0.0:45336, s2:0.0.0.0:38783], old=null
2019-09-24 16:43:28,250 DEBUG impl.RaftServerImpl (RaftServerImpl.java:requestVote(743)) - s0@group-46F048A18FB7: receive requestVote(s4, group-46F048A18FB7, 15, (t:0, i:0))
2019-09-24 16:43:28,250 DEBUG impl.RaftServerImpl (RaftServerImpl.java:requestVote(743)) - s3@group-46F048A18FB7: receive requestVote(s4, group-46F048A18FB7, 15, (t:0, i:0))
2019-09-24 16:43:28,250 DEBUG impl.RaftServerImpl (RaftServerImpl.java:requestVote(743)) - s1@group-46F048A18FB7: receive requestVote(s3, group-46F048A18FB7, 13, (t:0, i:0))
2019-09-24 16:43:28,253 DEBUG impl.RaftServerImpl (RaftServerImpl.java:requestVote(743)) - s2@group-46F048A18FB7: receive requestVote(s1, group-46F048A18FB7, 15, (t:0, i:0))
2019-09-24 16:43:28,253 DEBUG impl.RaftServerImpl (RaftServerImpl.java:requestVote(743)) - s4@group-46F048A18FB7: receive requestVote(s2, group-46F048A18FB7, 15, (t:0, i:0))
2019-09-24 16:43:28,252 DEBUG impl.RaftServerImpl (RaftServerImpl.java:requestVote(743)) - s2@group-46F048A18FB7: receive requestVote(s4, group-46F048A18FB7, 15, (t:0, i:0))
2019-09-24 16:43:28,252 DEBUG impl.RaftServerImpl (RaftServerImpl.java:requestVote(775)) - s0@group-46F048A18FB7 replies to vote request: s4<-s0#0:FAIL-t15. Peer's state: s0@group-46F048A18FB7:t15, leader=null, voted=s0, raftlog=s0@group-46F048A18FB7-SegmentedRaftLog:OPENED:c-1,f-1,i0, conf=-1: [s3:0.0.0.0:39188, s4:0.0.0.0:40778, s0:0.0.0.0:42012, s1:0.0.0.0:45336, s2:0.0.0.0:38783], old=null
2019-09-24 16:43:28,252 DEBUG impl.RaftServerImpl (RaftServerImpl.java:requestVote(743)) - s0@group-46F048A18FB7: receive requestVote(s1, group-46F048A18FB7, 15, (t:0, i:0))
2019-09-24 16:43:28,252 DEBUG impl.RaftServerImpl (RaftServerImpl.java:requestVote(743)) - s3@group-46F048A18FB7: receive requestVote(s0, group-46F048A18FB7, 15, (t:0, i:0))
2019-09-24 16:43:28,252 DEBUG impl.RaftServerImpl (RaftServerImpl.java:requestVote(743)) - s4@group-46F048A18FB7: receive requestVote(s1, group-46F048A18FB7, 15, (t:0, i:0))
2019-09-24 16:43:28,251 DEBUG impl.RaftServerImpl (RaftServerImpl.java:requestVote(743)) - s3@group-46F048A18FB7: receive requestVote(s2, group-46F048A18FB7, 15, (t:0, i:0))
2019-09-24 16:43:28,251 DEBUG impl.RaftServerImpl (RaftServerImpl.java:requestVote(775)) - s2@group-46F048A18FB7 replies to vote request: s3<-s2#0:FAIL-t15. Peer's state: s2@group-46F048A18FB7:t15, leader=null, voted=s2, raftlog=s2@group-46F048A18FB7-SegmentedRaftLog:OPENED:c-1,f-1,i0, conf=-1: [s3:0.0.0.0:39188, s4:0.0.0.0:40778, s0:0.0.0.0:42012, s1:0.0.0.0:45336, s2:0.0.0.0:38783], old=null
2019-09-24 16:43:28,251 DEBUG impl.RaftServerImpl (RaftServerImpl.java:requestVote(775)) - s4@group-46F048A18FB7 replies to vote request: s3<-s4#0:FAIL-t15. Peer's state: s4@group-46F048A18FB7:t15, leader=null, voted=s4, raftlog=s4@group-46F048A18FB7-SegmentedRaftLog:OPENED:c-1,f-1,i0, conf=-1: [s3:0.0.0.0:39188, s4:0.0.0.0:40778, s0:0.0.0.0:42012, s1:0.0.0.0:45336, s2:0.0.0.0:38783], old=null
2019-09-24 16:43:28,251 DEBUG impl.RaftServerImpl (RaftServerImpl.java:requestVote(743)) - s1@group-46F048A18FB7: receive requestVote(s4, group-46F048A18FB7, 15, (t:0, i:0))
2019-09-24 16:43:28,257 DEBUG impl.RaftServerImpl (RaftServerImpl.java:requestVote(775)) - s4@group-46F048A18FB7 replies to vote request: s1<-s4#0:FAIL-t15. Peer's state: s4@group-46F048A18FB7:t15, leader=null, voted=s4, raftlog=s4@group-46F048A18FB7-SegmentedRaftLog:OPENED:c-1,f-1,i0, conf=-1: [s3:0.0.0.0:39188, s4:0.0.0.0:40778, s0:0.0.0.0:42012, s1:0.0.0.0:45336, s2:0.0.0.0:38783], old=null
2019-09-24 16:43:28,256 DEBUG impl.RaftServerImpl (RaftServerImpl.java:requestVote(775)) - s2@group-46F048A18FB7 replies to vote request: s4<-s2#0:FAIL-t15. Peer's state: s2@group-46F048A18FB7:t15, leader=null, voted=s2, raftlog=s2@group-46F048A18FB7-SegmentedRaftLog:OPENED:c-1,f-1,i0, conf=-1: [s3:0.0.0.0:39188, s4:0.0.0.0:40778, s0:0.0.0.0:42012, s1:0.0.0.0:45336, s2:0.0.0.0:38783], old=null
2019-09-24 16:43:28,255 DEBUG impl.RaftServerImpl (RaftServerImpl.java:requestVote(743)) - s2@group-46F048A18FB7: receive requestVote(s0, group-46F048A18FB7, 15, (t:0, i:0))
2019-09-24 16:43:28,255 DEBUG impl.RaftServerImpl (RaftServerImpl.java:requestVote(775)) - s0@group-46F048A18FB7 replies to vote request: s1<-s0#0:FAIL-t15. Peer's state: s0@group-46F048A18FB7:t15, leader=null, voted=s0, raftlog=s0@group-46F048A18FB7-SegmentedRaftLog:OPENED:c-1,f-1,i0, conf=-1: [s3:0.0.0.0:39188, s4:0.0.0.0:40778, s0:0.0.0.0:42012, s1:0.0.0.0:45336, s2:0.0.0.0:38783], old=null
2019-09-24 16:43:28,253 DEBUG impl.RaftServerImpl (RaftServerImpl.java:requestVote(743)) - s1@group-46F048A18FB7: receive requestVote(s0, group-46F048A18FB7, 15, (t:0, i:0))
2019-09-24 16:43:28,253 DEBUG impl.RaftServerImpl (RaftServerImpl.java:requestVote(743)) - s4@group-46F048A18FB7: receive requestVote(s0, group-46F048A18FB7, 15, (t:0, i:0))
2019-09-24 16:43:28,253 DEBUG impl.RaftServerImpl (RaftServerImpl.java:requestVote(775)) - s1@group-46F048A18FB7 replies to vote request: s3<-s1#0:FAIL-t15. Peer's state: s1@group-46F048A18FB7:t15, leader=null, voted=s1, raftlog=s1@group-46F048A18FB7-SegmentedRaftLog:OPENED:c-1,f-1,i0, conf=-1: [s3:0.0.0.0:39188, s4:0.0.0.0:40778, s0:0.0.0.0:42012, s1:0.0.0.0:45336, s2:0.0.0.0:38783], old=null
2019-09-24 16:43:28,258 DEBUG impl.RaftServerImpl (RaftServerImpl.java:requestVote(775)) - s2@group-46F048A18FB7 replies to vote request: s1<-s2#0:FAIL-t15. Peer's state: s2@group-46F048A18FB7:t15, leader=null, voted=s2, raftlog=s2@group-46F048A18FB7-SegmentedRaftLog:OPENED:c-1,f-1,i0, conf=-1: [s3:0.0.0.0:39188, s4:0.0.0.0:40778, s0:0.0.0.0:42012, s1:0.0.0.0:45336, s2:0.0.0.0:38783], old=null
2019-09-24 16:43:28,257 DEBUG impl.RaftServerImpl (RaftServerImpl.java:requestVote(775)) - s4@group-46F048A18FB7 replies to vote request: s2<-s4#0:FAIL-t15. Peer's state: s4@group-46F048A18FB7:t15, leader=null, voted=s4, raftlog=s4@group-46F048A18FB7-SegmentedRaftLog:OPENED:c-1,f-1,i0, conf=-1: [s3:0.0.0.0:39188, s4:0.0.0.0:40778, s0:0.0.0.0:42012, s1:0.0.0.0:45336, s2:0.0.0.0:38783], old=null
2019-09-24 16:43:28,260 DEBUG impl.RaftServerImpl (RaftServerImpl.java:requestVote(775)) - s2@group-46F048A18FB7 replies to vote request: s0<-s2#0:FAIL-t15. Peer's state: s2@group-46F048A18FB7:t15, leader=null, voted=s2, raftlog=s2@group-46F048A18FB7-SegmentedRaftLog:OPENED:c-1,f-1,i0, conf=-1: [s3:0.0.0.0:39188, s4:0.0.0.0:40778, s0:0.0.0.0:42012, s1:0.0.0.0:45336, s2:0.0.0.0:38783], old=null
2019-09-24 16:43:28,259 DEBUG impl.RaftServerImpl (RaftServerImpl.java:requestVote(775)) - s1@group-46F048A18FB7 replies to vote request: s0<-s1#0:FAIL-t15. Peer's state: s1@group-46F048A18FB7:t15, leader=null, voted=s1, raftlog=s1@group-46F048A18FB7-SegmentedRaftLog:OPENED:c-1,f-1,i0, conf=-1: [s3:0.0.0.0:39188, s4:0.0.0.0:40778, s0:0.0.0.0:42012, s1:0.0.0.0:45336, s2:0.0.0.0:38783], old=null
2019-09-24 16:43:28,260 DEBUG impl.RaftServerImpl (RaftServerImpl.java:requestVote(775)) - s4@group-46F048A18FB7 replies to vote request: s0<-s4#0:FAIL-t15. Peer's state: s4@group-46F048A18FB7:t15, leader=null, voted=s4, raftlog=s4@group-46F048A18FB7-SegmentedRaftLog:OPENED:c-1,f-1,i0, conf=-1: [s3:0.0.0.0:39188, s4:0.0.0.0:40778, s0:0.0.0.0:42012, s1:0.0.0.0:45336, s2:0.0.0.0:38783], old=null
2019-09-24 16:43:28,261 DEBUG impl.RaftServerImpl (RaftServerImpl.java:requestVote(743)) - s0@group-46F048A18FB7: receive requestVote(s2, group-46F048A18FB7, 15, (t:0, i:0))
2019-09-24 16:43:28,261 DEBUG impl.RaftServerImpl (RaftServerImpl.java:requestVote(775)) - s1@group-46F048A18FB7 replies to vote request: s4<-s1#0:FAIL-t15. Peer's state: s1@group-46F048A18FB7:t15, leader=null, voted=s1, raftlog=s1@group-46F048A18FB7-SegmentedRaftLog:OPENED:c-1,f-1,i0, conf=-1: [s3:0.0.0.0:39188, s4:0.0.0.0:40778, s0:0.0.0.0:42012, s1:0.0.0.0:45336, s2:0.0.0.0:38783], old=null
2019-09-24 16:43:28,261 DEBUG impl.RaftServerImpl (RaftServerImpl.java:requestVote(743)) - s1@group-46F048A18FB7: receive requestVote(s2, group-46F048A18FB7, 15, (t:0, i:0))
2019-09-24 16:43:28,261 DEBUG impl.RaftServerImpl (RaftServerImpl.java:requestVote(775)) - s0@group-46F048A18FB7 replies to vote request: s2<-s0#0:FAIL-t15. Peer's state: s0@group-46F048A18FB7:t15, leader=null, voted=s0, raftlog=s0@group-46F048A18FB7-SegmentedRaftLog:OPENED:c-1,f-1,i0, conf=-1: [s3:0.0.0.0:39188, s4:0.0.0.0:40778, s0:0.0.0.0:42012, s1:0.0.0.0:45336, s2:0.0.0.0:38783], old=null
2019-09-24 16:43:28,262 DEBUG impl.RaftServerImpl (RaftServerImpl.java:requestVote(775)) - s1@group-46F048A18FB7 replies to vote request: s2<-s1#0:FAIL-t15. Peer's state: s1@group-46F048A18FB7:t15, leader=null, voted=s1, raftlog=s1@group-46F048A18FB7-SegmentedRaftLog:OPENED:c-1,f-1,i0, conf=-1: [s3:0.0.0.0:39188, s4:0.0.0.0:40778, s0:0.0.0.0:42012, s1:0.0.0.0:45336, s2:0.0.0.0:38783], old=null
2019-09-24 16:43:28,292 WARN  ratis.RaftTestUtil (JavaUtils.java:attempt(158)) - FAILED "waitForLeader-null-(expectLeader? true)", attempt #71/100: java.lang.IllegalStateException: No leader yet : printing ALL groups
  s3:  RUNNING CANDIDATE s3@group-46F048A18FB7:t15, leader=null, voted=s3, raftlog=s3@group-46F048A18FB7-SegmentedRaftLog:OPENED:c-1,f-1,i0, conf=-1: [s3:0.0.0.0:39188, s4:0.0.0.0:40778, s0:0.0.0.0:42012, s1:0.0.0.0:45336, s2:0.0.0.0:38783], old=null RUNNING
  s4:  RUNNING CANDIDATE s4@group-46F048A18FB7:t15, leader=null, voted=s4, raftlog=s4@group-46F048A18FB7-SegmentedRaftLog:OPENED:c-1,f-1,i0, conf=-1: [s3:0.0.0.0:39188, s4:0.0.0.0:40778, s0:0.0.0.0:42012, s1:0.0.0.0:45336, s2:0.0.0.0:38783], old=null RUNNING
  s0:  RUNNING CANDIDATE s0@group-46F048A18FB7:t15, leader=null, voted=s0, raftlog=s0@group-46F048A18FB7-SegmentedRaftLog:OPENED:c-1,f-1,i0, conf=-1: [s3:0.0.0.0:39188, s4:0.0.0.0:40778, s0:0.0.0.0:42012, s1:0.0.0.0:45336, s2:0.0.0.0:38783], old=null RUNNING
  s1:  RUNNING CANDIDATE s1@group-46F048A18FB7:t15, leader=null, voted=s1, raftlog=s1@group-46F048A18FB7-SegmentedRaftLog:OPENED:c-1,f-1,i0, conf=-1: [s3:0.0.0.0:39188, s4:0.0.0.0:40778, s0:0.0.0.0:42012, s1:0.0.0.0:45336, s2:0.0.0.0:38783], old=null RUNNING
  s2:  RUNNING CANDIDATE s2@group-46F048A18FB7:t15, leader=null, voted=s2, raftlog=s2@group-46F048A18FB7-SegmentedRaftLog:OPENED:c-1,f-1,i0, conf=-1: [s3:0.0.0.0:39188, s4:0.0.0.0:40778, s0:0.0.0.0:42012, s1:0.0.0.0:45336, s2:0.0.0.0:38783], old=null RUNNING, sleep 450ms and then retry.
java.lang.IllegalStateException: No leader yet : printing ALL groups
  s3:  RUNNING CANDIDATE s3@group-46F048A18FB7:t15, leader=null, voted=s3, raftlog=s3@group-46F048A18FB7-SegmentedRaftLog:OPENED:c-1,f-1,i0, conf=-1: [s3:0.0.0.0:39188, s4:0.0.0.0:40778, s0:0.0.0.0:42012, s1:0.0.0.0:45336, s2:0.0.0.0:38783], old=null RUNNING
  s4:  RUNNING CANDIDATE s4@group-46F048A18FB7:t15, leader=null, voted=s4, raftlog=s4@group-46F048A18FB7-SegmentedRaftLog:OPENED:c-1,f-1,i0, conf=-1: [s3:0.0.0.0:39188, s4:0.0.0.0:40778, s0:0.0.0.0:42012, s1:0.0.0.0:45336, s2:0.0.0.0:38783], old=null RUNNING
  s0:  RUNNING CANDIDATE s0@group-46F048A18FB7:t15, leader=null, voted=s0, raftlog=s0@group-46F048A18FB7-SegmentedRaftLog:OPENED:c-1,f-1,i0, conf=-1: [s3:0.0.0.0:39188, s4:0.0.0.0:40778, s0:0.0.0.0:42012, s1:0.0.0.0:45336, s2:0.0.0.0:38783], old=null RUNNING
  s1:  RUNNING CANDIDATE s1@group-46F048A18FB7:t15, leader=null, voted=s1, raftlog=s1@group-46F048A18FB7-SegmentedRaftLog:OPENED:c-1,f-1,i0, conf=-1: [s3:0.0.0.0:39188, s4:0.0.0.0:40778, s0:0.0.0.0:42012, s1:0.0.0.0:45336, s2:0.0.0.0:38783], old=null RUNNING
  s2:  RUNNING CANDIDATE s2@group-46F048A18FB7:t15, leader=null, voted=s2, raftlog=s2@group-46F048A18FB7-SegmentedRaftLog:OPENED:c-1,f-1,i0, conf=-1: [s3:0.0.0.0:39188, s4:0.0.0.0:40778, s0:0.0.0.0:42012, s1:0.0.0.0:45336, s2:0.0.0.0:38783], old=null RUNNING
	at org.apache.ratis.MiniRaftCluster.newIllegalStateExceptionForNoLeaders(MiniRaftCluster.java:506)
	at org.apache.ratis.RaftTestUtil.lambda$waitForLeader$1(RaftTestUtil.java:90)
	at org.apache.ratis.MiniRaftCluster.getLeader(MiniRaftCluster.java:539)
	at org.apache.ratis.MiniRaftCluster.getLeader(MiniRaftCluster.java:532)
	at org.apache.ratis.RaftTestUtil.lambda$waitForLeader$3(RaftTestUtil.java:98)
	at org.apache.ratis.util.JavaUtils.attempt(JavaUtils.java:152)
	at org.apache.ratis.RaftTestUtil.waitForLeader(RaftTestUtil.java:97)
	at org.apache.ratis.RaftTestUtil.waitForLeader(RaftTestUtil.java:77)
	at org.apache.ratis.RaftTestUtil.waitForLeader(RaftTestUtil.java:72)
	at org.apache.ratis.RaftBasicTests.testWithLoad(RaftBasicTests.java:336)
	at org.apache.ratis.RaftBasicTests.lambda$testWithLoad$10(RaftBasicTests.java:328)
	at org.apache.ratis.MiniRaftCluster$Factory$Get.runWithNewCluster(MiniRaftCluster.java:125)
	at org.apache.ratis.MiniRaftCluster$Factory$Get.runWithNewCluster(MiniRaftCluster.java:113)
	at org.apache.ratis.RaftBasicTests.testWithLoad(RaftBasicTests.java:328)
	at org.apache.ratis.netty.TestRaftWithNetty.testWithLoad(TestRaftWithNetty.java:31)
	at sun.reflect.NativeMethodAccessorImpl.invoke0(Native Method)
	at sun.reflect.NativeMethodAccessorImpl.invoke(NativeMethodAccessorImpl.java:62)
	at sun.reflect.DelegatingMethodAccessorImpl.invoke(DelegatingMethodAccessorImpl.java:43)
	at java.lang.reflect.Method.invoke(Method.java:498)
	at org.junit.runners.model.FrameworkMethod$1.runReflectiveCall(FrameworkMethod.java:50)
	at org.junit.internal.runners.model.ReflectiveCallable.run(ReflectiveCallable.java:12)
	at org.junit.runners.model.FrameworkMethod.invokeExplosively(FrameworkMethod.java:47)
	at org.junit.internal.runners.statements.InvokeMethod.evaluate(InvokeMethod.java:17)
	at org.junit.internal.runners.statements.RunAfters.evaluate(RunAfters.java:27)
	at org.junit.internal.runners.statements.FailOnTimeout$CallableStatement.call(FailOnTimeout.java:298)
	at org.junit.internal.runners.statements.FailOnTimeout$CallableStatement.call(FailOnTimeout.java:292)
	at java.util.concurrent.FutureTask.run(FutureTask.java:266)
	at java.lang.Thread.run(Thread.java:748)
2019-09-24 16:43:28,456 INFO  impl.LeaderElection (LeaderElection.java:askForVotes(178)) - s3@group-46F048A18FB7-LeaderElection38: begin an election at term 15 for -1: [s3:0.0.0.0:39188, s4:0.0.0.0:40778, s0:0.0.0.0:42012, s1:0.0.0.0:45336, s2:0.0.0.0:38783], old=null
2019-09-24 16:43:28,456 DEBUG impl.RaftServerImpl (RaftServerImpl.java:requestVote(775)) - s3@group-46F048A18FB7 replies to vote request: s2<-s3#0:FAIL-t15. Peer's state: s3@group-46F048A18FB7:t15, leader=null, voted=s3, raftlog=s3@group-46F048A18FB7-SegmentedRaftLog:OPENED:c-1,f-1,i0, conf=-1: [s3:0.0.0.0:39188, s4:0.0.0.0:40778, s0:0.0.0.0:42012, s1:0.0.0.0:45336, s2:0.0.0.0:38783], old=null
2019-09-24 16:43:28,458 DEBUG impl.RaftServerImpl (RaftServerImpl.java:requestVote(775)) - s3@group-46F048A18FB7 replies to vote request: s0<-s3#0:FAIL-t15. Peer's state: s3@group-46F048A18FB7:t15, leader=null, voted=s3, raftlog=s3@group-46F048A18FB7-SegmentedRaftLog:OPENED:c-1,f-1,i0, conf=-1: [s3:0.0.0.0:39188, s4:0.0.0.0:40778, s0:0.0.0.0:42012, s1:0.0.0.0:45336, s2:0.0.0.0:38783], old=null
2019-09-24 16:43:28,458 INFO  impl.LeaderElection (LeaderElection.java:logAndReturn(56)) - s0@group-46F048A18FB7-LeaderElection31: Election TIMEOUT; received 3 response(s) [s0<-s4#0:FAIL-t15, s0<-s1#0:FAIL-t15, s0<-s2#0:FAIL-t15] and 0 exception(s); s0@group-46F048A18FB7:t15, leader=null, voted=s0, raftlog=s0@group-46F048A18FB7-SegmentedRaftLog:OPENED:c-1,f-1,i0, conf=-1: [s3:0.0.0.0:39188, s4:0.0.0.0:40778, s0:0.0.0.0:42012, s1:0.0.0.0:45336, s2:0.0.0.0:38783], old=null
2019-09-24 16:43:28,458 DEBUG impl.RaftServerImpl (RaftServerImpl.java:requestVote(775)) - s3@group-46F048A18FB7 replies to vote request: s4<-s3#0:FAIL-t15. Peer's state: s3@group-46F048A18FB7:t15, leader=null, voted=s3, raftlog=s3@group-46F048A18FB7-SegmentedRaftLog:OPENED:c-1,f-1,i0, conf=-1: [s3:0.0.0.0:39188, s4:0.0.0.0:40778, s0:0.0.0.0:42012, s1:0.0.0.0:45336, s2:0.0.0.0:38783], old=null
2019-09-24 16:43:28,459 DEBUG impl.RaftServerImpl (RaftServerImpl.java:requestVote(775)) - s3@group-46F048A18FB7 replies to vote request: s1<-s3#0:FAIL-t15. Peer's state: s3@group-46F048A18FB7:t15, leader=null, voted=s3, raftlog=s3@group-46F048A18FB7-SegmentedRaftLog:OPENED:c-1,f-1,i0, conf=-1: [s3:0.0.0.0:39188, s4:0.0.0.0:40778, s0:0.0.0.0:42012, s1:0.0.0.0:45336, s2:0.0.0.0:38783], old=null
2019-09-24 16:43:28,459 INFO  impl.LeaderElection (LeaderElection.java:logAndReturn(56)) - s2@group-46F048A18FB7-LeaderElection40: Election REJECTED; received 4 response(s) [s2<-s3#0:FAIL-t15, s2<-s4#0:FAIL-t15, s2<-s0#0:FAIL-t15, s2<-s1#0:FAIL-t15] and 0 exception(s); s2@group-46F048A18FB7:t15, leader=null, voted=s2, raftlog=s2@group-46F048A18FB7-SegmentedRaftLog:OPENED:c-1,f-1,i0, conf=-1: [s3:0.0.0.0:39188, s4:0.0.0.0:40778, s0:0.0.0.0:42012, s1:0.0.0.0:45336, s2:0.0.0.0:38783], old=null
2019-09-24 16:43:28,459 INFO  impl.LeaderElection (LeaderElection.java:logAndReturn(56)) - s4@group-46F048A18FB7-LeaderElection41: Election REJECTED; received 4 response(s) [s4<-s3#0:FAIL-t15, s4<-s0#0:FAIL-t15, s4<-s1#0:FAIL-t15, s4<-s2#0:FAIL-t15] and 0 exception(s); s4@group-46F048A18FB7:t15, leader=null, voted=s4, raftlog=s4@group-46F048A18FB7-SegmentedRaftLog:OPENED:c-1,f-1,i0, conf=-1: [s3:0.0.0.0:39188, s4:0.0.0.0:40778, s0:0.0.0.0:42012, s1:0.0.0.0:45336, s2:0.0.0.0:38783], old=null
2019-09-24 16:43:28,460 INFO  impl.RaftServerImpl (RaftServerImpl.java:setRole(170)) - s4@group-46F048A18FB7: changes role from CANDIDATE to FOLLOWER at term 15 for DISCOVERED_A_NEW_TERM
2019-09-24 16:43:28,460 INFO  impl.LeaderElection (LeaderElection.java:logAndReturn(56)) - s1@group-46F048A18FB7-LeaderElection39: Election REJECTED; received 4 response(s) [s1<-s3#0:FAIL-t15, s1<-s4#0:FAIL-t15, s1<-s0#0:FAIL-t15, s1<-s2#0:FAIL-t15] and 0 exception(s); s1@group-46F048A18FB7:t15, leader=null, voted=s1, raftlog=s1@group-46F048A18FB7-SegmentedRaftLog:OPENED:c-1,f-1,i0, conf=-1: [s3:0.0.0.0:39188, s4:0.0.0.0:40778, s0:0.0.0.0:42012, s1:0.0.0.0:45336, s2:0.0.0.0:38783], old=null
2019-09-24 16:43:28,460 INFO  impl.RaftServerImpl (RaftServerImpl.java:setRole(170)) - s2@group-46F048A18FB7: changes role from CANDIDATE to FOLLOWER at term 15 for DISCOVERED_A_NEW_TERM
2019-09-24 16:43:28,461 INFO  impl.RaftServerImpl (RaftServerImpl.java:setRole(170)) - s1@group-46F048A18FB7: changes role from CANDIDATE to FOLLOWER at term 15 for DISCOVERED_A_NEW_TERM
2019-09-24 16:43:28,461 DEBUG impl.RaftServerImpl (RaftServerImpl.java:requestVote(743)) - s4@group-46F048A18FB7: receive requestVote(s3, group-46F048A18FB7, 15, (t:0, i:0))
2019-09-24 16:43:28,460 INFO  impl.RoleInfo (RoleInfo.java:shutdownLeaderElection(134)) - s4: shutdown LeaderElection
2019-09-24 16:43:28,462 DEBUG impl.RaftServerImpl (RaftServerImpl.java:requestVote(743)) - s2@group-46F048A18FB7: receive requestVote(s3, group-46F048A18FB7, 15, (t:0, i:0))
2019-09-24 16:43:28,462 DEBUG impl.RaftServerImpl (RaftServerImpl.java:requestVote(743)) - s1@group-46F048A18FB7: receive requestVote(s3, group-46F048A18FB7, 15, (t:0, i:0))
2019-09-24 16:43:28,461 INFO  impl.RoleInfo (RoleInfo.java:shutdownLeaderElection(134)) - s1: shutdown LeaderElection
2019-09-24 16:43:28,461 DEBUG impl.RaftServerImpl (RaftServerImpl.java:requestVote(743)) - s0@group-46F048A18FB7: receive requestVote(s3, group-46F048A18FB7, 15, (t:0, i:0))
2019-09-24 16:43:28,461 INFO  impl.RoleInfo (RoleInfo.java:shutdownLeaderElection(134)) - s2: shutdown LeaderElection
2019-09-24 16:43:28,463 INFO  impl.RoleInfo (RoleInfo.java:updateAndGet(143)) - s1: start FollowerState
2019-09-24 16:43:28,462 INFO  impl.RoleInfo (RoleInfo.java:updateAndGet(143)) - s4: start FollowerState
2019-09-24 16:43:28,463 INFO  impl.RoleInfo (RoleInfo.java:updateAndGet(143)) - s2: start FollowerState
2019-09-24 16:43:28,464 DEBUG impl.RaftServerImpl (RaftServerImpl.java:requestVote(775)) - s1@group-46F048A18FB7 replies to vote request: s3<-s1#0:FAIL-t15. Peer's state: s1@group-46F048A18FB7:t15, leader=null, voted=s1, raftlog=s1@group-46F048A18FB7-SegmentedRaftLog:OPENED:c-1,f-1,i0, conf=-1: [s3:0.0.0.0:39188, s4:0.0.0.0:40778, s0:0.0.0.0:42012, s1:0.0.0.0:45336, s2:0.0.0.0:38783], old=null
2019-09-24 16:43:28,464 DEBUG impl.RaftServerImpl (RaftServerImpl.java:requestVote(775)) - s2@group-46F048A18FB7 replies to vote request: s3<-s2#0:FAIL-t15. Peer's state: s2@group-46F048A18FB7:t15, leader=null, voted=s2, raftlog=s2@group-46F048A18FB7-SegmentedRaftLog:OPENED:c-1,f-1,i0, conf=-1: [s3:0.0.0.0:39188, s4:0.0.0.0:40778, s0:0.0.0.0:42012, s1:0.0.0.0:45336, s2:0.0.0.0:38783], old=null
2019-09-24 16:43:28,464 DEBUG impl.RaftServerImpl (RaftServerImpl.java:requestVote(775)) - s4@group-46F048A18FB7 replies to vote request: s3<-s4#0:FAIL-t15. Peer's state: s4@group-46F048A18FB7:t15, leader=null, voted=s4, raftlog=s4@group-46F048A18FB7-SegmentedRaftLog:OPENED:c-1,f-1,i0, conf=-1: [s3:0.0.0.0:39188, s4:0.0.0.0:40778, s0:0.0.0.0:42012, s1:0.0.0.0:45336, s2:0.0.0.0:38783], old=null
2019-09-24 16:43:28,472 INFO  impl.LeaderElection (LeaderElection.java:askForVotes(178)) - s0@group-46F048A18FB7-LeaderElection31: begin an election at term 16 for -1: [s3:0.0.0.0:39188, s4:0.0.0.0:40778, s0:0.0.0.0:42012, s1:0.0.0.0:45336, s2:0.0.0.0:38783], old=null
2019-09-24 16:43:28,472 DEBUG impl.RaftServerImpl (RaftServerImpl.java:requestVote(775)) - s0@group-46F048A18FB7 replies to vote request: s3<-s0#0:FAIL-t16. Peer's state: s0@group-46F048A18FB7:t16, leader=null, voted=s0, raftlog=s0@group-46F048A18FB7-SegmentedRaftLog:OPENED:c-1,f-1,i0, conf=-1: [s3:0.0.0.0:39188, s4:0.0.0.0:40778, s0:0.0.0.0:42012, s1:0.0.0.0:45336, s2:0.0.0.0:38783], old=null
2019-09-24 16:43:28,474 INFO  impl.LeaderElection (LeaderElection.java:logAndReturn(56)) - s3@group-46F048A18FB7-LeaderElection38: Election DISCOVERED_A_NEW_TERM; received 4 response(s) [s3<-s4#0:FAIL-t15, s3<-s0#0:FAIL-t16, s3<-s1#0:FAIL-t15, s3<-s2#0:FAIL-t15] and 0 exception(s); s3@group-46F048A18FB7:t15, leader=null, voted=s3, raftlog=s3@group-46F048A18FB7-SegmentedRaftLog:OPENED:c-1,f-1,i0, conf=-1: [s3:0.0.0.0:39188, s4:0.0.0.0:40778, s0:0.0.0.0:42012, s1:0.0.0.0:45336, s2:0.0.0.0:38783], old=null
2019-09-24 16:43:28,474 DEBUG impl.RaftServerImpl (RaftServerImpl.java:requestVote(743)) - s3@group-46F048A18FB7: receive requestVote(s0, group-46F048A18FB7, 16, (t:0, i:0))
2019-09-24 16:43:28,474 DEBUG impl.RaftServerImpl (RaftServerImpl.java:requestVote(743)) - s1@group-46F048A18FB7: receive requestVote(s0, group-46F048A18FB7, 16, (t:0, i:0))
2019-09-24 16:43:28,474 INFO  impl.RaftServerImpl (RaftServerImpl.java:setRole(170)) - s3@group-46F048A18FB7: changes role from CANDIDATE to FOLLOWER at term 16 for DISCOVERED_A_NEW_TERM
2019-09-24 16:43:28,475 INFO  impl.RaftServerImpl (RaftServerImpl.java:setRole(170)) - s1@group-46F048A18FB7: changes role from  FOLLOWER to FOLLOWER at term 16 for recognizeCandidate:s0
2019-09-24 16:43:28,475 DEBUG impl.RaftServerImpl (RaftServerImpl.java:requestVote(743)) - s4@group-46F048A18FB7: receive requestVote(s0, group-46F048A18FB7, 16, (t:0, i:0))
2019-09-24 16:43:28,475 DEBUG impl.RaftServerImpl (RaftServerImpl.java:requestVote(743)) - s2@group-46F048A18FB7: receive requestVote(s0, group-46F048A18FB7, 16, (t:0, i:0))
2019-09-24 16:43:28,476 INFO  impl.RaftServerImpl (RaftServerImpl.java:setRole(170)) - s4@group-46F048A18FB7: changes role from  FOLLOWER to FOLLOWER at term 16 for recognizeCandidate:s0
2019-09-24 16:43:28,476 INFO  impl.RoleInfo (RoleInfo.java:shutdownFollowerState(121)) - s4: shutdown FollowerState
2019-09-24 16:43:28,475 INFO  impl.RoleInfo (RoleInfo.java:shutdownFollowerState(121)) - s1: shutdown FollowerState
2019-09-24 16:43:28,475 INFO  impl.RoleInfo (RoleInfo.java:shutdownLeaderElection(134)) - s3: shutdown LeaderElection
2019-09-24 16:43:28,477 INFO  impl.FollowerState (FollowerState.java:run(117)) - s1@group-46F048A18FB7-FollowerState was interrupted: java.lang.InterruptedException: sleep interrupted
2019-09-24 16:43:28,477 INFO  impl.RoleInfo (RoleInfo.java:updateAndGet(143)) - s1: start FollowerState
2019-09-24 16:43:28,476 INFO  impl.FollowerState (FollowerState.java:run(117)) - s4@group-46F048A18FB7-FollowerState was interrupted: java.lang.InterruptedException: sleep interrupted
2019-09-24 16:43:28,476 INFO  impl.RoleInfo (RoleInfo.java:updateAndGet(143)) - s4: start FollowerState
2019-09-24 16:43:28,476 INFO  impl.RaftServerImpl (RaftServerImpl.java:setRole(170)) - s2@group-46F048A18FB7: changes role from  FOLLOWER to FOLLOWER at term 16 for recognizeCandidate:s0
2019-09-24 16:43:28,478 INFO  impl.RoleInfo (RoleInfo.java:shutdownFollowerState(121)) - s2: shutdown FollowerState
2019-09-24 16:43:28,477 INFO  impl.RoleInfo (RoleInfo.java:updateAndGet(143)) - s3: start FollowerState
2019-09-24 16:43:28,478 INFO  impl.FollowerState (FollowerState.java:run(117)) - s2@group-46F048A18FB7-FollowerState was interrupted: java.lang.InterruptedException: sleep interrupted
2019-09-24 16:43:28,478 INFO  impl.RoleInfo (RoleInfo.java:updateAndGet(143)) - s2: start FollowerState
2019-09-24 16:43:28,709 INFO  impl.LeaderElection (LeaderElection.java:logAndReturn(56)) - s0@group-46F048A18FB7-LeaderElection31: Election TIMEOUT; received 0 response(s) [] and 0 exception(s); s0@group-46F048A18FB7:t16, leader=null, voted=s0, raftlog=s0@group-46F048A18FB7-SegmentedRaftLog:OPENED:c-1,f-1,i0, conf=-1: [s3:0.0.0.0:39188, s4:0.0.0.0:40778, s0:0.0.0.0:42012, s1:0.0.0.0:45336, s2:0.0.0.0:38783], old=null
2019-09-24 16:43:28,744 WARN  ratis.RaftTestUtil (JavaUtils.java:attempt(158)) - FAILED "waitForLeader-null-(expectLeader? true)", attempt #72/100: java.lang.IllegalStateException: No leader yet : printing ALL groups
  s3:  RUNNING  FOLLOWER s3@group-46F048A18FB7:t16, leader=null, voted=null, raftlog=s3@group-46F048A18FB7-SegmentedRaftLog:OPENED:c-1,f-1,i0, conf=-1: [s3:0.0.0.0:39188, s4:0.0.0.0:40778, s0:0.0.0.0:42012, s1:0.0.0.0:45336, s2:0.0.0.0:38783], old=null RUNNING
  s4:  RUNNING  FOLLOWER s4@group-46F048A18FB7:t16, leader=null, voted=s0, raftlog=s4@group-46F048A18FB7-SegmentedRaftLog:OPENED:c-1,f-1,i0, conf=-1: [s3:0.0.0.0:39188, s4:0.0.0.0:40778, s0:0.0.0.0:42012, s1:0.0.0.0:45336, s2:0.0.0.0:38783], old=null RUNNING
  s0:  RUNNING CANDIDATE s0@group-46F048A18FB7:t17, leader=null, voted=s0, raftlog=s0@group-46F048A18FB7-SegmentedRaftLog:OPENED:c-1,f-1,i0, conf=-1: [s3:0.0.0.0:39188, s4:0.0.0.0:40778, s0:0.0.0.0:42012, s1:0.0.0.0:45336, s2:0.0.0.0:38783], old=null RUNNING
  s1:  RUNNING  FOLLOWER s1@group-46F048A18FB7:t16, leader=null, voted=s0, raftlog=s1@group-46F048A18FB7-SegmentedRaftLog:OPENED:c-1,f-1,i0, conf=-1: [s3:0.0.0.0:39188, s4:0.0.0.0:40778, s0:0.0.0.0:42012, s1:0.0.0.0:45336, s2:0.0.0.0:38783], old=null RUNNING
  s2:  RUNNING  FOLLOWER s2@group-46F048A18FB7:t16, leader=null, voted=s0, raftlog=s2@group-46F048A18FB7-SegmentedRaftLog:OPENED:c-1,f-1,i0, conf=-1: [s3:0.0.0.0:39188, s4:0.0.0.0:40778, s0:0.0.0.0:42012, s1:0.0.0.0:45336, s2:0.0.0.0:38783], old=null RUNNING, sleep 450ms and then retry.
java.lang.IllegalStateException: No leader yet : printing ALL groups
  s3:  RUNNING  FOLLOWER s3@group-46F048A18FB7:t16, leader=null, voted=null, raftlog=s3@group-46F048A18FB7-SegmentedRaftLog:OPENED:c-1,f-1,i0, conf=-1: [s3:0.0.0.0:39188, s4:0.0.0.0:40778, s0:0.0.0.0:42012, s1:0.0.0.0:45336, s2:0.0.0.0:38783], old=null RUNNING
  s4:  RUNNING  FOLLOWER s4@group-46F048A18FB7:t16, leader=null, voted=s0, raftlog=s4@group-46F048A18FB7-SegmentedRaftLog:OPENED:c-1,f-1,i0, conf=-1: [s3:0.0.0.0:39188, s4:0.0.0.0:40778, s0:0.0.0.0:42012, s1:0.0.0.0:45336, s2:0.0.0.0:38783], old=null RUNNING
  s0:  RUNNING CANDIDATE s0@group-46F048A18FB7:t17, leader=null, voted=s0, raftlog=s0@group-46F048A18FB7-SegmentedRaftLog:OPENED:c-1,f-1,i0, conf=-1: [s3:0.0.0.0:39188, s4:0.0.0.0:40778, s0:0.0.0.0:42012, s1:0.0.0.0:45336, s2:0.0.0.0:38783], old=null RUNNING
  s1:  RUNNING  FOLLOWER s1@group-46F048A18FB7:t16, leader=null, voted=s0, raftlog=s1@group-46F048A18FB7-SegmentedRaftLog:OPENED:c-1,f-1,i0, conf=-1: [s3:0.0.0.0:39188, s4:0.0.0.0:40778, s0:0.0.0.0:42012, s1:0.0.0.0:45336, s2:0.0.0.0:38783], old=null RUNNING
  s2:  RUNNING  FOLLOWER s2@group-46F048A18FB7:t16, leader=null, voted=s0, raftlog=s2@group-46F048A18FB7-SegmentedRaftLog:OPENED:c-1,f-1,i0, conf=-1: [s3:0.0.0.0:39188, s4:0.0.0.0:40778, s0:0.0.0.0:42012, s1:0.0.0.0:45336, s2:0.0.0.0:38783], old=null RUNNING
	at org.apache.ratis.MiniRaftCluster.newIllegalStateExceptionForNoLeaders(MiniRaftCluster.java:506)
	at org.apache.ratis.RaftTestUtil.lambda$waitForLeader$1(RaftTestUtil.java:90)
	at org.apache.ratis.MiniRaftCluster.getLeader(MiniRaftCluster.java:539)
	at org.apache.ratis.MiniRaftCluster.getLeader(MiniRaftCluster.java:532)
	at org.apache.ratis.RaftTestUtil.lambda$waitForLeader$3(RaftTestUtil.java:98)
	at org.apache.ratis.util.JavaUtils.attempt(JavaUtils.java:152)
	at org.apache.ratis.RaftTestUtil.waitForLeader(RaftTestUtil.java:97)
	at org.apache.ratis.RaftTestUtil.waitForLeader(RaftTestUtil.java:77)
	at org.apache.ratis.RaftTestUtil.waitForLeader(RaftTestUtil.java:72)
	at org.apache.ratis.RaftBasicTests.testWithLoad(RaftBasicTests.java:336)
	at org.apache.ratis.RaftBasicTests.lambda$testWithLoad$10(RaftBasicTests.java:328)
	at org.apache.ratis.MiniRaftCluster$Factory$Get.runWithNewCluster(MiniRaftCluster.java:125)
	at org.apache.ratis.MiniRaftCluster$Factory$Get.runWithNewCluster(MiniRaftCluster.java:113)
	at org.apache.ratis.RaftBasicTests.testWithLoad(RaftBasicTests.java:328)
	at org.apache.ratis.netty.TestRaftWithNetty.testWithLoad(TestRaftWithNetty.java:31)
	at sun.reflect.NativeMethodAccessorImpl.invoke0(Native Method)
	at sun.reflect.NativeMethodAccessorImpl.invoke(NativeMethodAccessorImpl.java:62)
	at sun.reflect.DelegatingMethodAccessorImpl.invoke(DelegatingMethodAccessorImpl.java:43)
	at java.lang.reflect.Method.invoke(Method.java:498)
	at org.junit.runners.model.FrameworkMethod$1.runReflectiveCall(FrameworkMethod.java:50)
	at org.junit.internal.runners.model.ReflectiveCallable.run(ReflectiveCallable.java:12)
	at org.junit.runners.model.FrameworkMethod.invokeExplosively(FrameworkMethod.java:47)
	at org.junit.internal.runners.statements.InvokeMethod.evaluate(InvokeMethod.java:17)
	at org.junit.internal.runners.statements.RunAfters.evaluate(RunAfters.java:27)
	at org.junit.internal.runners.statements.FailOnTimeout$CallableStatement.call(FailOnTimeout.java:298)
	at org.junit.internal.runners.statements.FailOnTimeout$CallableStatement.call(FailOnTimeout.java:292)
	at java.util.concurrent.FutureTask.run(FutureTask.java:266)
	at java.lang.Thread.run(Thread.java:748)
2019-09-24 16:43:28,796 INFO  impl.FollowerState (FollowerState.java:run(108)) - s3@group-46F048A18FB7-FollowerState: change to CANDIDATE, lastRpcTime:318ms, electionTimeout:217ms
2019-09-24 16:43:28,796 DEBUG impl.RaftServerImpl (RaftServerImpl.java:requestVote(775)) - s2@group-46F048A18FB7 replies to vote request: s0<-s2#0:OK-t16. Peer's state: s2@group-46F048A18FB7:t16, leader=null, voted=s0, raftlog=s2@group-46F048A18FB7-SegmentedRaftLog:OPENED:c-1,f-1,i0, conf=-1: [s3:0.0.0.0:39188, s4:0.0.0.0:40778, s0:0.0.0.0:42012, s1:0.0.0.0:45336, s2:0.0.0.0:38783], old=null
2019-09-24 16:43:28,796 INFO  impl.RoleInfo (RoleInfo.java:shutdownFollowerState(121)) - s3: shutdown FollowerState
2019-09-24 16:43:28,796 DEBUG impl.RaftServerImpl (RaftServerImpl.java:requestVote(775)) - s1@group-46F048A18FB7 replies to vote request: s0<-s1#0:OK-t16. Peer's state: s1@group-46F048A18FB7:t16, leader=null, voted=s0, raftlog=s1@group-46F048A18FB7-SegmentedRaftLog:OPENED:c-1,f-1,i0, conf=-1: [s3:0.0.0.0:39188, s4:0.0.0.0:40778, s0:0.0.0.0:42012, s1:0.0.0.0:45336, s2:0.0.0.0:38783], old=null
2019-09-24 16:43:28,796 DEBUG impl.RaftServerImpl (RaftServerImpl.java:requestVote(775)) - s4@group-46F048A18FB7 replies to vote request: s0<-s4#0:OK-t16. Peer's state: s4@group-46F048A18FB7:t16, leader=null, voted=s0, raftlog=s4@group-46F048A18FB7-SegmentedRaftLog:OPENED:c-1,f-1,i0, conf=-1: [s3:0.0.0.0:39188, s4:0.0.0.0:40778, s0:0.0.0.0:42012, s1:0.0.0.0:45336, s2:0.0.0.0:38783], old=null
2019-09-24 16:43:28,797 INFO  impl.FollowerState (FollowerState.java:run(108)) - s1@group-46F048A18FB7-FollowerState: change to CANDIDATE, lastRpcTime:320ms, electionTimeout:192ms
2019-09-24 16:43:28,797 INFO  impl.RaftServerImpl (RaftServerImpl.java:setRole(170)) - s3@group-46F048A18FB7: changes role from  FOLLOWER to CANDIDATE at term 16 for changeToCandidate
2019-09-24 16:43:28,797 INFO  impl.FollowerState (FollowerState.java:run(108)) - s2@group-46F048A18FB7-FollowerState: change to CANDIDATE, lastRpcTime:318ms, electionTimeout:268ms
2019-09-24 16:43:28,798 INFO  impl.RoleInfo (RoleInfo.java:updateAndGet(143)) - s3: start LeaderElection
2019-09-24 16:43:28,798 INFO  impl.RoleInfo (RoleInfo.java:shutdownFollowerState(121)) - s1: shutdown FollowerState
2019-09-24 16:43:28,798 INFO  impl.FollowerState (FollowerState.java:run(108)) - s4@group-46F048A18FB7-FollowerState: change to CANDIDATE, lastRpcTime:321ms, electionTimeout:269ms
2019-09-24 16:43:28,799 INFO  impl.RaftServerImpl (RaftServerImpl.java:setRole(170)) - s1@group-46F048A18FB7: changes role from  FOLLOWER to CANDIDATE at term 16 for changeToCandidate
2019-09-24 16:43:28,799 INFO  impl.RaftServerImpl (RaftServerImpl.java:setRole(170)) - s3@group-46F048A18FB7: changes role from CANDIDATE to FOLLOWER at term 16 for recognizeCandidate:s0
2019-09-24 16:43:28,798 INFO  impl.RoleInfo (RoleInfo.java:shutdownFollowerState(121)) - s2: shutdown FollowerState
2019-09-24 16:43:28,799 INFO  impl.RoleInfo (RoleInfo.java:shutdownLeaderElection(134)) - s3: shutdown LeaderElection
2019-09-24 16:43:28,799 INFO  impl.RoleInfo (RoleInfo.java:updateAndGet(143)) - s1: start LeaderElection
2019-09-24 16:43:28,799 INFO  impl.RoleInfo (RoleInfo.java:shutdownFollowerState(121)) - s4: shutdown FollowerState
2019-09-24 16:43:28,800 INFO  impl.RoleInfo (RoleInfo.java:updateAndGet(143)) - s3: start FollowerState
2019-09-24 16:43:28,800 INFO  impl.RaftServerImpl (RaftServerImpl.java:setRole(170)) - s2@group-46F048A18FB7: changes role from  FOLLOWER to CANDIDATE at term 16 for changeToCandidate
2019-09-24 16:43:28,800 INFO  impl.RaftServerImpl (RaftServerImpl.java:setRole(170)) - s4@group-46F048A18FB7: changes role from  FOLLOWER to CANDIDATE at term 16 for changeToCandidate
2019-09-24 16:43:28,801 DEBUG impl.RaftServerImpl (RaftServerImpl.java:requestVote(775)) - s3@group-46F048A18FB7 replies to vote request: s0<-s3#0:FAIL-t16. Peer's state: s3@group-46F048A18FB7:t16, leader=null, voted=null, raftlog=s3@group-46F048A18FB7-SegmentedRaftLog:OPENED:c-1,f-1,i0, conf=-1: [s3:0.0.0.0:39188, s4:0.0.0.0:40778, s0:0.0.0.0:42012, s1:0.0.0.0:45336, s2:0.0.0.0:38783], old=null
2019-09-24 16:43:28,801 INFO  impl.RoleInfo (RoleInfo.java:updateAndGet(143)) - s2: start LeaderElection
2019-09-24 16:43:28,801 INFO  impl.RoleInfo (RoleInfo.java:updateAndGet(143)) - s4: start LeaderElection
2019-09-24 16:43:29,098 INFO  impl.LeaderElection (LeaderElection.java:askForVotes(178)) - s0@group-46F048A18FB7-LeaderElection31: begin an election at term 17 for -1: [s3:0.0.0.0:39188, s4:0.0.0.0:40778, s0:0.0.0.0:42012, s1:0.0.0.0:45336, s2:0.0.0.0:38783], old=null
2019-09-24 16:43:29,099 INFO  impl.LeaderElection (LeaderElection.java:askForVotes(178)) - s3@group-46F048A18FB7-LeaderElection42: begin an election at term 17 for -1: [s3:0.0.0.0:39188, s4:0.0.0.0:40778, s0:0.0.0.0:42012, s1:0.0.0.0:45336, s2:0.0.0.0:38783], old=null
2019-09-24 16:43:29,099 INFO  impl.LeaderElection (LeaderElection.java:askForVotes(178)) - s2@group-46F048A18FB7-LeaderElection44: begin an election at term 17 for -1: [s3:0.0.0.0:39188, s4:0.0.0.0:40778, s0:0.0.0.0:42012, s1:0.0.0.0:45336, s2:0.0.0.0:38783], old=null
2019-09-24 16:43:29,099 INFO  impl.LeaderElection (LeaderElection.java:askForVotes(178)) - s4@group-46F048A18FB7-LeaderElection45: begin an election at term 17 for -1: [s3:0.0.0.0:39188, s4:0.0.0.0:40778, s0:0.0.0.0:42012, s1:0.0.0.0:45336, s2:0.0.0.0:38783], old=null
2019-09-24 16:43:29,099 INFO  impl.FollowerState (FollowerState.java:run(108)) - s3@group-46F048A18FB7-FollowerState: change to CANDIDATE, lastRpcTime:298ms, electionTimeout:215ms
2019-09-24 16:43:29,099 INFO  impl.LeaderElection (LeaderElection.java:askForVotes(178)) - s1@group-46F048A18FB7-LeaderElection43: begin an election at term 17 for -1: [s3:0.0.0.0:39188, s4:0.0.0.0:40778, s0:0.0.0.0:42012, s1:0.0.0.0:45336, s2:0.0.0.0:38783], old=null
2019-09-24 16:43:29,100 INFO  impl.RoleInfo (RoleInfo.java:shutdownFollowerState(121)) - s3: shutdown FollowerState
2019-09-24 16:43:29,100 INFO  impl.RaftServerImpl (RaftServerImpl.java:setRole(170)) - s3@group-46F048A18FB7: changes role from  FOLLOWER to CANDIDATE at term 17 for changeToCandidate
2019-09-24 16:43:29,100 INFO  impl.RoleInfo (RoleInfo.java:updateAndGet(143)) - s3: start LeaderElection
2019-09-24 16:43:29,100 DEBUG impl.RaftServerImpl (RaftServerImpl.java:requestVote(743)) - s4@group-46F048A18FB7: receive requestVote(s0, group-46F048A18FB7, 17, (t:0, i:0))
2019-09-24 16:43:29,100 DEBUG impl.RaftServerImpl (RaftServerImpl.java:requestVote(743)) - s3@group-46F048A18FB7: receive requestVote(s0, group-46F048A18FB7, 17, (t:0, i:0))
2019-09-24 16:43:29,101 DEBUG impl.RaftServerImpl (RaftServerImpl.java:requestVote(743)) - s3@group-46F048A18FB7: receive requestVote(s4, group-46F048A18FB7, 17, (t:0, i:0))
2019-09-24 16:43:29,102 DEBUG impl.RaftServerImpl (RaftServerImpl.java:requestVote(743)) - s0@group-46F048A18FB7: receive requestVote(s4, group-46F048A18FB7, 17, (t:0, i:0))
2019-09-24 16:43:29,101 DEBUG impl.RaftServerImpl (RaftServerImpl.java:requestVote(743)) - s3@group-46F048A18FB7: receive requestVote(s2, group-46F048A18FB7, 17, (t:0, i:0))
2019-09-24 16:43:29,101 DEBUG impl.RaftServerImpl (RaftServerImpl.java:requestVote(775)) - s4@group-46F048A18FB7 replies to vote request: s0<-s4#0:FAIL-t17. Peer's state: s4@group-46F048A18FB7:t17, leader=null, voted=s4, raftlog=s4@group-46F048A18FB7-SegmentedRaftLog:OPENED:c-1,f-1,i0, conf=-1: [s3:0.0.0.0:39188, s4:0.0.0.0:40778, s0:0.0.0.0:42012, s1:0.0.0.0:45336, s2:0.0.0.0:38783], old=null
2019-09-24 16:43:29,101 DEBUG impl.RaftServerImpl (RaftServerImpl.java:requestVote(743)) - s2@group-46F048A18FB7: receive requestVote(s0, group-46F048A18FB7, 17, (t:0, i:0))
2019-09-24 16:43:29,101 DEBUG impl.RaftServerImpl (RaftServerImpl.java:requestVote(743)) - s1@group-46F048A18FB7: receive requestVote(s0, group-46F048A18FB7, 17, (t:0, i:0))
2019-09-24 16:43:29,103 DEBUG impl.RaftServerImpl (RaftServerImpl.java:requestVote(743)) - s4@group-46F048A18FB7: receive requestVote(s3, group-46F048A18FB7, 17, (t:0, i:0))
2019-09-24 16:43:29,104 DEBUG impl.RaftServerImpl (RaftServerImpl.java:requestVote(743)) - s2@group-46F048A18FB7: receive requestVote(s1, group-46F048A18FB7, 17, (t:0, i:0))
2019-09-24 16:43:29,103 DEBUG impl.RaftServerImpl (RaftServerImpl.java:requestVote(743)) - s1@group-46F048A18FB7: receive requestVote(s2, group-46F048A18FB7, 17, (t:0, i:0))
2019-09-24 16:43:29,103 DEBUG impl.RaftServerImpl (RaftServerImpl.java:requestVote(775)) - s2@group-46F048A18FB7 replies to vote request: s0<-s2#0:FAIL-t17. Peer's state: s2@group-46F048A18FB7:t17, leader=null, voted=s2, raftlog=s2@group-46F048A18FB7-SegmentedRaftLog:OPENED:c-1,f-1,i0, conf=-1: [s3:0.0.0.0:39188, s4:0.0.0.0:40778, s0:0.0.0.0:42012, s1:0.0.0.0:45336, s2:0.0.0.0:38783], old=null
2019-09-24 16:43:29,103 DEBUG impl.RaftServerImpl (RaftServerImpl.java:requestVote(743)) - s0@group-46F048A18FB7: receive requestVote(s1, group-46F048A18FB7, 17, (t:0, i:0))
2019-09-24 16:43:29,103 DEBUG impl.RaftServerImpl (RaftServerImpl.java:requestVote(743)) - s0@group-46F048A18FB7: receive requestVote(s2, group-46F048A18FB7, 17, (t:0, i:0))
2019-09-24 16:43:29,103 DEBUG impl.RaftServerImpl (RaftServerImpl.java:requestVote(743)) - s1@group-46F048A18FB7: receive requestVote(s4, group-46F048A18FB7, 17, (t:0, i:0))
2019-09-24 16:43:29,102 DEBUG impl.RaftServerImpl (RaftServerImpl.java:requestVote(743)) - s4@group-46F048A18FB7: receive requestVote(s1, group-46F048A18FB7, 17, (t:0, i:0))
2019-09-24 16:43:29,102 DEBUG impl.RaftServerImpl (RaftServerImpl.java:requestVote(743)) - s4@group-46F048A18FB7: receive requestVote(s2, group-46F048A18FB7, 17, (t:0, i:0))
2019-09-24 16:43:29,102 DEBUG impl.RaftServerImpl (RaftServerImpl.java:requestVote(775)) - s0@group-46F048A18FB7 replies to vote request: s4<-s0#0:FAIL-t17. Peer's state: s0@group-46F048A18FB7:t17, leader=null, voted=s0, raftlog=s0@group-46F048A18FB7-SegmentedRaftLog:OPENED:c-1,f-1,i0, conf=-1: [s3:0.0.0.0:39188, s4:0.0.0.0:40778, s0:0.0.0.0:42012, s1:0.0.0.0:45336, s2:0.0.0.0:38783], old=null
2019-09-24 16:43:29,101 DEBUG impl.RaftServerImpl (RaftServerImpl.java:requestVote(743)) - s3@group-46F048A18FB7: receive requestVote(s1, group-46F048A18FB7, 17, (t:0, i:0))
2019-09-24 16:43:29,107 DEBUG impl.RaftServerImpl (RaftServerImpl.java:requestVote(775)) - s0@group-46F048A18FB7 replies to vote request: s2<-s0#0:FAIL-t17. Peer's state: s0@group-46F048A18FB7:t17, leader=null, voted=s0, raftlog=s0@group-46F048A18FB7-SegmentedRaftLog:OPENED:c-1,f-1,i0, conf=-1: [s3:0.0.0.0:39188, s4:0.0.0.0:40778, s0:0.0.0.0:42012, s1:0.0.0.0:45336, s2:0.0.0.0:38783], old=null
2019-09-24 16:43:29,105 DEBUG impl.RaftServerImpl (RaftServerImpl.java:requestVote(775)) - s2@group-46F048A18FB7 replies to vote request: s1<-s2#0:FAIL-t17. Peer's state: s2@group-46F048A18FB7:t17, leader=null, voted=s2, raftlog=s2@group-46F048A18FB7-SegmentedRaftLog:OPENED:c-1,f-1,i0, conf=-1: [s3:0.0.0.0:39188, s4:0.0.0.0:40778, s0:0.0.0.0:42012, s1:0.0.0.0:45336, s2:0.0.0.0:38783], old=null
2019-09-24 16:43:29,104 DEBUG impl.RaftServerImpl (RaftServerImpl.java:requestVote(743)) - s2@group-46F048A18FB7: receive requestVote(s4, group-46F048A18FB7, 17, (t:0, i:0))
2019-09-24 16:43:29,104 DEBUG impl.RaftServerImpl (RaftServerImpl.java:requestVote(775)) - s4@group-46F048A18FB7 replies to vote request: s3<-s4#0:FAIL-t17. Peer's state: s4@group-46F048A18FB7:t17, leader=null, voted=s4, raftlog=s4@group-46F048A18FB7-SegmentedRaftLog:OPENED:c-1,f-1,i0, conf=-1: [s3:0.0.0.0:39188, s4:0.0.0.0:40778, s0:0.0.0.0:42012, s1:0.0.0.0:45336, s2:0.0.0.0:38783], old=null
2019-09-24 16:43:29,103 DEBUG impl.RaftServerImpl (RaftServerImpl.java:requestVote(775)) - s1@group-46F048A18FB7 replies to vote request: s0<-s1#0:FAIL-t17. Peer's state: s1@group-46F048A18FB7:t17, leader=null, voted=s1, raftlog=s1@group-46F048A18FB7-SegmentedRaftLog:OPENED:c-1,f-1,i0, conf=-1: [s3:0.0.0.0:39188, s4:0.0.0.0:40778, s0:0.0.0.0:42012, s1:0.0.0.0:45336, s2:0.0.0.0:38783], old=null
2019-09-24 16:43:29,108 DEBUG impl.RaftServerImpl (RaftServerImpl.java:requestVote(775)) - s4@group-46F048A18FB7 replies to vote request: s2<-s4#0:FAIL-t17. Peer's state: s4@group-46F048A18FB7:t17, leader=null, voted=s4, raftlog=s4@group-46F048A18FB7-SegmentedRaftLog:OPENED:c-1,f-1,i0, conf=-1: [s3:0.0.0.0:39188, s4:0.0.0.0:40778, s0:0.0.0.0:42012, s1:0.0.0.0:45336, s2:0.0.0.0:38783], old=null
2019-09-24 16:43:29,108 DEBUG impl.RaftServerImpl (RaftServerImpl.java:requestVote(775)) - s2@group-46F048A18FB7 replies to vote request: s4<-s2#0:FAIL-t17. Peer's state: s2@group-46F048A18FB7:t17, leader=null, voted=s2, raftlog=s2@group-46F048A18FB7-SegmentedRaftLog:OPENED:c-1,f-1,i0, conf=-1: [s3:0.0.0.0:39188, s4:0.0.0.0:40778, s0:0.0.0.0:42012, s1:0.0.0.0:45336, s2:0.0.0.0:38783], old=null
2019-09-24 16:43:29,107 DEBUG impl.RaftServerImpl (RaftServerImpl.java:requestVote(775)) - s0@group-46F048A18FB7 replies to vote request: s1<-s0#0:FAIL-t17. Peer's state: s0@group-46F048A18FB7:t17, leader=null, voted=s0, raftlog=s0@group-46F048A18FB7-SegmentedRaftLog:OPENED:c-1,f-1,i0, conf=-1: [s3:0.0.0.0:39188, s4:0.0.0.0:40778, s0:0.0.0.0:42012, s1:0.0.0.0:45336, s2:0.0.0.0:38783], old=null
2019-09-24 16:43:29,109 DEBUG impl.RaftServerImpl (RaftServerImpl.java:requestVote(775)) - s4@group-46F048A18FB7 replies to vote request: s1<-s4#0:FAIL-t17. Peer's state: s4@group-46F048A18FB7:t17, leader=null, voted=s4, raftlog=s4@group-46F048A18FB7-SegmentedRaftLog:OPENED:c-1,f-1,i0, conf=-1: [s3:0.0.0.0:39188, s4:0.0.0.0:40778, s0:0.0.0.0:42012, s1:0.0.0.0:45336, s2:0.0.0.0:38783], old=null
2019-09-24 16:43:29,109 DEBUG impl.RaftServerImpl (RaftServerImpl.java:requestVote(775)) - s1@group-46F048A18FB7 replies to vote request: s4<-s1#0:FAIL-t17. Peer's state: s1@group-46F048A18FB7:t17, leader=null, voted=s1, raftlog=s1@group-46F048A18FB7-SegmentedRaftLog:OPENED:c-1,f-1,i0, conf=-1: [s3:0.0.0.0:39188, s4:0.0.0.0:40778, s0:0.0.0.0:42012, s1:0.0.0.0:45336, s2:0.0.0.0:38783], old=null
2019-09-24 16:43:29,110 DEBUG impl.RaftServerImpl (RaftServerImpl.java:requestVote(775)) - s1@group-46F048A18FB7 replies to vote request: s2<-s1#0:FAIL-t17. Peer's state: s1@group-46F048A18FB7:t17, leader=null, voted=s1, raftlog=s1@group-46F048A18FB7-SegmentedRaftLog:OPENED:c-1,f-1,i0, conf=-1: [s3:0.0.0.0:39188, s4:0.0.0.0:40778, s0:0.0.0.0:42012, s1:0.0.0.0:45336, s2:0.0.0.0:38783], old=null
2019-09-24 16:43:29,115 INFO  impl.LeaderElection (LeaderElection.java:askForVotes(178)) - s3@group-46F048A18FB7-LeaderElection46: begin an election at term 18 for -1: [s3:0.0.0.0:39188, s4:0.0.0.0:40778, s0:0.0.0.0:42012, s1:0.0.0.0:45336, s2:0.0.0.0:38783], old=null
2019-09-24 16:43:29,115 DEBUG impl.RaftServerImpl (RaftServerImpl.java:requestVote(775)) - s3@group-46F048A18FB7 replies to vote request: s1<-s3#0:FAIL-t18. Peer's state: s3@group-46F048A18FB7:t18, leader=null, voted=s3, raftlog=s3@group-46F048A18FB7-SegmentedRaftLog:OPENED:c-1,f-1,i0, conf=-1: [s3:0.0.0.0:39188, s4:0.0.0.0:40778, s0:0.0.0.0:42012, s1:0.0.0.0:45336, s2:0.0.0.0:38783], old=null
2019-09-24 16:43:29,116 DEBUG impl.RaftServerImpl (RaftServerImpl.java:requestVote(775)) - s3@group-46F048A18FB7 replies to vote request: s2<-s3#0:FAIL-t18. Peer's state: s3@group-46F048A18FB7:t18, leader=null, voted=s3, raftlog=s3@group-46F048A18FB7-SegmentedRaftLog:OPENED:c-1,f-1,i0, conf=-1: [s3:0.0.0.0:39188, s4:0.0.0.0:40778, s0:0.0.0.0:42012, s1:0.0.0.0:45336, s2:0.0.0.0:38783], old=null
2019-09-24 16:43:29,116 DEBUG impl.RaftServerImpl (RaftServerImpl.java:requestVote(775)) - s3@group-46F048A18FB7 replies to vote request: s4<-s3#0:FAIL-t18. Peer's state: s3@group-46F048A18FB7:t18, leader=null, voted=s3, raftlog=s3@group-46F048A18FB7-SegmentedRaftLog:OPENED:c-1,f-1,i0, conf=-1: [s3:0.0.0.0:39188, s4:0.0.0.0:40778, s0:0.0.0.0:42012, s1:0.0.0.0:45336, s2:0.0.0.0:38783], old=null
2019-09-24 16:43:29,116 INFO  impl.LeaderElection (LeaderElection.java:logAndReturn(56)) - s1@group-46F048A18FB7-LeaderElection43: Election DISCOVERED_A_NEW_TERM; received 4 response(s) [s1<-s3#0:FAIL-t18, s1<-s4#0:FAIL-t17, s1<-s0#0:FAIL-t17, s1<-s2#0:FAIL-t17] and 0 exception(s); s1@group-46F048A18FB7:t17, leader=null, voted=s1, raftlog=s1@group-46F048A18FB7-SegmentedRaftLog:OPENED:c-1,f-1,i0, conf=-1: [s3:0.0.0.0:39188, s4:0.0.0.0:40778, s0:0.0.0.0:42012, s1:0.0.0.0:45336, s2:0.0.0.0:38783], old=null
2019-09-24 16:43:29,116 DEBUG impl.RaftServerImpl (RaftServerImpl.java:requestVote(775)) - s3@group-46F048A18FB7 replies to vote request: s0<-s3#0:FAIL-t18. Peer's state: s3@group-46F048A18FB7:t18, leader=null, voted=s3, raftlog=s3@group-46F048A18FB7-SegmentedRaftLog:OPENED:c-1,f-1,i0, conf=-1: [s3:0.0.0.0:39188, s4:0.0.0.0:40778, s0:0.0.0.0:42012, s1:0.0.0.0:45336, s2:0.0.0.0:38783], old=null
2019-09-24 16:43:29,117 INFO  impl.RaftServerImpl (RaftServerImpl.java:setRole(170)) - s1@group-46F048A18FB7: changes role from CANDIDATE to FOLLOWER at term 18 for DISCOVERED_A_NEW_TERM
2019-09-24 16:43:29,117 INFO  impl.LeaderElection (LeaderElection.java:logAndReturn(56)) - s4@group-46F048A18FB7-LeaderElection45: Election DISCOVERED_A_NEW_TERM; received 4 response(s) [s4<-s3#0:FAIL-t18, s4<-s0#0:FAIL-t17, s4<-s1#0:FAIL-t17, s4<-s2#0:FAIL-t17] and 0 exception(s); s4@group-46F048A18FB7:t17, leader=null, voted=s4, raftlog=s4@group-46F048A18FB7-SegmentedRaftLog:OPENED:c-1,f-1,i0, conf=-1: [s3:0.0.0.0:39188, s4:0.0.0.0:40778, s0:0.0.0.0:42012, s1:0.0.0.0:45336, s2:0.0.0.0:38783], old=null
2019-09-24 16:43:29,117 INFO  impl.LeaderElection (LeaderElection.java:logAndReturn(56)) - s2@group-46F048A18FB7-LeaderElection44: Election DISCOVERED_A_NEW_TERM; received 4 response(s) [s2<-s3#0:FAIL-t18, s2<-s4#0:FAIL-t17, s2<-s0#0:FAIL-t17, s2<-s1#0:FAIL-t17] and 0 exception(s); s2@group-46F048A18FB7:t17, leader=null, voted=s2, raftlog=s2@group-46F048A18FB7-SegmentedRaftLog:OPENED:c-1,f-1,i0, conf=-1: [s3:0.0.0.0:39188, s4:0.0.0.0:40778, s0:0.0.0.0:42012, s1:0.0.0.0:45336, s2:0.0.0.0:38783], old=null
2019-09-24 16:43:29,118 INFO  impl.LeaderElection (LeaderElection.java:logAndReturn(56)) - s3@group-46F048A18FB7-LeaderElection42: Election REJECTED; received 0 response(s) [] and 0 exception(s); s3@group-46F048A18FB7:t18, leader=null, voted=s3, raftlog=s3@group-46F048A18FB7-SegmentedRaftLog:OPENED:c-1,f-1,i0, conf=-1: [s3:0.0.0.0:39188, s4:0.0.0.0:40778, s0:0.0.0.0:42012, s1:0.0.0.0:45336, s2:0.0.0.0:38783], old=null
2019-09-24 16:43:29,117 INFO  impl.RoleInfo (RoleInfo.java:shutdownLeaderElection(134)) - s1: shutdown LeaderElection
2019-09-24 16:43:29,117 DEBUG impl.RaftServerImpl (RaftServerImpl.java:requestVote(743)) - s0@group-46F048A18FB7: receive requestVote(s3, group-46F048A18FB7, 17, (t:0, i:0))
2019-09-24 16:43:29,119 INFO  impl.RoleInfo (RoleInfo.java:updateAndGet(143)) - s1: start FollowerState
2019-09-24 16:43:29,119 DEBUG impl.RaftServerImpl (RaftServerImpl.java:requestVote(775)) - s0@group-46F048A18FB7 replies to vote request: s3<-s0#0:FAIL-t17. Peer's state: s0@group-46F048A18FB7:t17, leader=null, voted=s0, raftlog=s0@group-46F048A18FB7-SegmentedRaftLog:OPENED:c-1,f-1,i0, conf=-1: [s3:0.0.0.0:39188, s4:0.0.0.0:40778, s0:0.0.0.0:42012, s1:0.0.0.0:45336, s2:0.0.0.0:38783], old=null
2019-09-24 16:43:29,119 INFO  impl.RaftServerImpl (RaftServerImpl.java:setRole(170)) - s2@group-46F048A18FB7: changes role from CANDIDATE to FOLLOWER at term 18 for DISCOVERED_A_NEW_TERM
2019-09-24 16:43:29,118 DEBUG impl.RaftServerImpl (RaftServerImpl.java:requestVote(743)) - s1@group-46F048A18FB7: receive requestVote(s3, group-46F048A18FB7, 17, (t:0, i:0))
2019-09-24 16:43:29,118 INFO  impl.LeaderElection (LeaderElection.java:logAndReturn(56)) - s0@group-46F048A18FB7-LeaderElection31: Election DISCOVERED_A_NEW_TERM; received 4 response(s) [s0<-s3#0:FAIL-t18, s0<-s4#0:FAIL-t17, s0<-s1#0:FAIL-t17, s0<-s2#0:FAIL-t17] and 0 exception(s); s0@group-46F048A18FB7:t17, leader=null, voted=s0, raftlog=s0@group-46F048A18FB7-SegmentedRaftLog:OPENED:c-1,f-1,i0, conf=-1: [s3:0.0.0.0:39188, s4:0.0.0.0:40778, s0:0.0.0.0:42012, s1:0.0.0.0:45336, s2:0.0.0.0:38783], old=null
2019-09-24 16:43:29,118 INFO  impl.RaftServerImpl (RaftServerImpl.java:setRole(170)) - s4@group-46F048A18FB7: changes role from CANDIDATE to FOLLOWER at term 18 for DISCOVERED_A_NEW_TERM
2019-09-24 16:43:29,120 INFO  impl.RaftServerImpl (RaftServerImpl.java:setRole(170)) - s0@group-46F048A18FB7: changes role from CANDIDATE to FOLLOWER at term 18 for DISCOVERED_A_NEW_TERM
2019-09-24 16:43:29,120 DEBUG impl.RaftServerImpl (RaftServerImpl.java:requestVote(743)) - s0@group-46F048A18FB7: receive requestVote(s3, group-46F048A18FB7, 18, (t:0, i:0))
2019-09-24 16:43:29,120 INFO  impl.RoleInfo (RoleInfo.java:shutdownLeaderElection(134)) - s2: shutdown LeaderElection
2019-09-24 16:43:29,119 DEBUG impl.RaftServerImpl (RaftServerImpl.java:requestVote(743)) - s2@group-46F048A18FB7: receive requestVote(s3, group-46F048A18FB7, 17, (t:0, i:0))
2019-09-24 16:43:29,119 DEBUG impl.RaftServerImpl (RaftServerImpl.java:requestVote(743)) - s4@group-46F048A18FB7: receive requestVote(s3, group-46F048A18FB7, 18, (t:0, i:0))
2019-09-24 16:43:29,121 INFO  impl.RoleInfo (RoleInfo.java:updateAndGet(143)) - s2: start FollowerState
2019-09-24 16:43:29,120 INFO  impl.RoleInfo (RoleInfo.java:shutdownLeaderElection(134)) - s0: shutdown LeaderElection
2019-09-24 16:43:29,120 INFO  impl.RoleInfo (RoleInfo.java:shutdownLeaderElection(134)) - s4: shutdown LeaderElection
2019-09-24 16:43:29,122 INFO  impl.RoleInfo (RoleInfo.java:updateAndGet(143)) - s0: start FollowerState
2019-09-24 16:43:29,122 INFO  impl.RoleInfo (RoleInfo.java:updateAndGet(143)) - s4: start FollowerState
2019-09-24 16:43:29,195 WARN  ratis.RaftTestUtil (JavaUtils.java:attempt(158)) - FAILED "waitForLeader-null-(expectLeader? true)", attempt #73/100: java.lang.IllegalStateException: No leader yet : printing ALL groups
  s3:  RUNNING CANDIDATE s3@group-46F048A18FB7:t18, leader=null, voted=s3, raftlog=s3@group-46F048A18FB7-SegmentedRaftLog:OPENED:c-1,f-1,i0, conf=-1: [s3:0.0.0.0:39188, s4:0.0.0.0:40778, s0:0.0.0.0:42012, s1:0.0.0.0:45336, s2:0.0.0.0:38783], old=null RUNNING
  s4:  RUNNING  FOLLOWER s4@group-46F048A18FB7:t18, leader=null, voted=null, raftlog=s4@group-46F048A18FB7-SegmentedRaftLog:OPENED:c-1,f-1,i0, conf=-1: [s3:0.0.0.0:39188, s4:0.0.0.0:40778, s0:0.0.0.0:42012, s1:0.0.0.0:45336, s2:0.0.0.0:38783], old=null RUNNING
  s0:  RUNNING  FOLLOWER s0@group-46F048A18FB7:t18, leader=null, voted=null, raftlog=s0@group-46F048A18FB7-SegmentedRaftLog:OPENED:c-1,f-1,i0, conf=-1: [s3:0.0.0.0:39188, s4:0.0.0.0:40778, s0:0.0.0.0:42012, s1:0.0.0.0:45336, s2:0.0.0.0:38783], old=null RUNNING
  s1:  RUNNING  FOLLOWER s1@group-46F048A18FB7:t18, leader=null, voted=null, raftlog=s1@group-46F048A18FB7-SegmentedRaftLog:OPENED:c-1,f-1,i0, conf=-1: [s3:0.0.0.0:39188, s4:0.0.0.0:40778, s0:0.0.0.0:42012, s1:0.0.0.0:45336, s2:0.0.0.0:38783], old=null RUNNING
  s2:  RUNNING  FOLLOWER s2@group-46F048A18FB7:t18, leader=null, voted=null, raftlog=s2@group-46F048A18FB7-SegmentedRaftLog:OPENED:c-1,f-1,i0, conf=-1: [s3:0.0.0.0:39188, s4:0.0.0.0:40778, s0:0.0.0.0:42012, s1:0.0.0.0:45336, s2:0.0.0.0:38783], old=null RUNNING, sleep 450ms and then retry.
java.lang.IllegalStateException: No leader yet : printing ALL groups
  s3:  RUNNING CANDIDATE s3@group-46F048A18FB7:t18, leader=null, voted=s3, raftlog=s3@group-46F048A18FB7-SegmentedRaftLog:OPENED:c-1,f-1,i0, conf=-1: [s3:0.0.0.0:39188, s4:0.0.0.0:40778, s0:0.0.0.0:42012, s1:0.0.0.0:45336, s2:0.0.0.0:38783], old=null RUNNING
  s4:  RUNNING  FOLLOWER s4@group-46F048A18FB7:t18, leader=null, voted=null, raftlog=s4@group-46F048A18FB7-SegmentedRaftLog:OPENED:c-1,f-1,i0, conf=-1: [s3:0.0.0.0:39188, s4:0.0.0.0:40778, s0:0.0.0.0:42012, s1:0.0.0.0:45336, s2:0.0.0.0:38783], old=null RUNNING
  s0:  RUNNING  FOLLOWER s0@group-46F048A18FB7:t18, leader=null, voted=null, raftlog=s0@group-46F048A18FB7-SegmentedRaftLog:OPENED:c-1,f-1,i0, conf=-1: [s3:0.0.0.0:39188, s4:0.0.0.0:40778, s0:0.0.0.0:42012, s1:0.0.0.0:45336, s2:0.0.0.0:38783], old=null RUNNING
  s1:  RUNNING  FOLLOWER s1@group-46F048A18FB7:t18, leader=null, voted=null, raftlog=s1@group-46F048A18FB7-SegmentedRaftLog:OPENED:c-1,f-1,i0, conf=-1: [s3:0.0.0.0:39188, s4:0.0.0.0:40778, s0:0.0.0.0:42012, s1:0.0.0.0:45336, s2:0.0.0.0:38783], old=null RUNNING
  s2:  RUNNING  FOLLOWER s2@group-46F048A18FB7:t18, leader=null, voted=null, raftlog=s2@group-46F048A18FB7-SegmentedRaftLog:OPENED:c-1,f-1,i0, conf=-1: [s3:0.0.0.0:39188, s4:0.0.0.0:40778, s0:0.0.0.0:42012, s1:0.0.0.0:45336, s2:0.0.0.0:38783], old=null RUNNING
	at org.apache.ratis.MiniRaftCluster.newIllegalStateExceptionForNoLeaders(MiniRaftCluster.java:506)
	at org.apache.ratis.RaftTestUtil.lambda$waitForLeader$1(RaftTestUtil.java:90)
	at org.apache.ratis.MiniRaftCluster.getLeader(MiniRaftCluster.java:539)
	at org.apache.ratis.MiniRaftCluster.getLeader(MiniRaftCluster.java:532)
	at org.apache.ratis.RaftTestUtil.lambda$waitForLeader$3(RaftTestUtil.java:98)
	at org.apache.ratis.util.JavaUtils.attempt(JavaUtils.java:152)
	at org.apache.ratis.RaftTestUtil.waitForLeader(RaftTestUtil.java:97)
	at org.apache.ratis.RaftTestUtil.waitForLeader(RaftTestUtil.java:77)
	at org.apache.ratis.RaftTestUtil.waitForLeader(RaftTestUtil.java:72)
	at org.apache.ratis.RaftBasicTests.testWithLoad(RaftBasicTests.java:336)
	at org.apache.ratis.RaftBasicTests.lambda$testWithLoad$10(RaftBasicTests.java:328)
	at org.apache.ratis.MiniRaftCluster$Factory$Get.runWithNewCluster(MiniRaftCluster.java:125)
	at org.apache.ratis.MiniRaftCluster$Factory$Get.runWithNewCluster(MiniRaftCluster.java:113)
	at org.apache.ratis.RaftBasicTests.testWithLoad(RaftBasicTests.java:328)
	at org.apache.ratis.netty.TestRaftWithNetty.testWithLoad(TestRaftWithNetty.java:31)
	at sun.reflect.NativeMethodAccessorImpl.invoke0(Native Method)
	at sun.reflect.NativeMethodAccessorImpl.invoke(NativeMethodAccessorImpl.java:62)
	at sun.reflect.DelegatingMethodAccessorImpl.invoke(DelegatingMethodAccessorImpl.java:43)
	at java.lang.reflect.Method.invoke(Method.java:498)
	at org.junit.runners.model.FrameworkMethod$1.runReflectiveCall(FrameworkMethod.java:50)
	at org.junit.internal.runners.model.ReflectiveCallable.run(ReflectiveCallable.java:12)
	at org.junit.runners.model.FrameworkMethod.invokeExplosively(FrameworkMethod.java:47)
	at org.junit.internal.runners.statements.InvokeMethod.evaluate(InvokeMethod.java:17)
	at org.junit.internal.runners.statements.RunAfters.evaluate(RunAfters.java:27)
	at org.junit.internal.runners.statements.FailOnTimeout$CallableStatement.call(FailOnTimeout.java:298)
	at org.junit.internal.runners.statements.FailOnTimeout$CallableStatement.call(FailOnTimeout.java:292)
	at java.util.concurrent.FutureTask.run(FutureTask.java:266)
	at java.lang.Thread.run(Thread.java:748)
2019-09-24 16:43:29,336 INFO  impl.LeaderElection (LeaderElection.java:logAndReturn(56)) - s3@group-46F048A18FB7-LeaderElection46: Election TIMEOUT; received 0 response(s) [] and 0 exception(s); s3@group-46F048A18FB7:t18, leader=null, voted=s3, raftlog=s3@group-46F048A18FB7-SegmentedRaftLog:OPENED:c-1,f-1,i0, conf=-1: [s3:0.0.0.0:39188, s4:0.0.0.0:40778, s0:0.0.0.0:42012, s1:0.0.0.0:45336, s2:0.0.0.0:38783], old=null
2019-09-24 16:43:29,435 INFO  impl.FollowerState (FollowerState.java:run(108)) - s2@group-46F048A18FB7-FollowerState: change to CANDIDATE, lastRpcTime:313ms, electionTimeout:181ms
2019-09-24 16:43:29,436 INFO  impl.FollowerState (FollowerState.java:run(108)) - s1@group-46F048A18FB7-FollowerState: change to CANDIDATE, lastRpcTime:317ms, electionTimeout:203ms
2019-09-24 16:43:29,436 INFO  impl.LeaderElection (LeaderElection.java:askForVotes(178)) - s3@group-46F048A18FB7-LeaderElection46: begin an election at term 19 for -1: [s3:0.0.0.0:39188, s4:0.0.0.0:40778, s0:0.0.0.0:42012, s1:0.0.0.0:45336, s2:0.0.0.0:38783], old=null
2019-09-24 16:43:29,436 INFO  impl.RoleInfo (RoleInfo.java:shutdownFollowerState(121)) - s2: shutdown FollowerState
2019-09-24 16:43:29,436 INFO  impl.FollowerState (FollowerState.java:run(108)) - s4@group-46F048A18FB7-FollowerState: change to CANDIDATE, lastRpcTime:313ms, electionTimeout:218ms
2019-09-24 16:43:29,436 INFO  impl.FollowerState (FollowerState.java:run(108)) - s0@group-46F048A18FB7-FollowerState: change to CANDIDATE, lastRpcTime:312ms, electionTimeout:236ms
2019-09-24 16:43:29,437 INFO  impl.RoleInfo (RoleInfo.java:shutdownFollowerState(121)) - s0: shutdown FollowerState
2019-09-24 16:43:29,437 INFO  impl.RoleInfo (RoleInfo.java:shutdownFollowerState(121)) - s4: shutdown FollowerState
2019-09-24 16:43:29,436 INFO  impl.RaftServerImpl (RaftServerImpl.java:setRole(170)) - s2@group-46F048A18FB7: changes role from  FOLLOWER to CANDIDATE at term 18 for changeToCandidate
2019-09-24 16:43:29,436 INFO  impl.RoleInfo (RoleInfo.java:shutdownFollowerState(121)) - s1: shutdown FollowerState
2019-09-24 16:43:29,437 INFO  impl.RoleInfo (RoleInfo.java:updateAndGet(143)) - s2: start LeaderElection
2019-09-24 16:43:29,437 INFO  impl.RaftServerImpl (RaftServerImpl.java:setRole(170)) - s4@group-46F048A18FB7: changes role from  FOLLOWER to CANDIDATE at term 18 for changeToCandidate
2019-09-24 16:43:29,437 INFO  impl.RaftServerImpl (RaftServerImpl.java:setRole(170)) - s0@group-46F048A18FB7: changes role from  FOLLOWER to CANDIDATE at term 18 for changeToCandidate
2019-09-24 16:43:29,438 DEBUG impl.RaftServerImpl (RaftServerImpl.java:requestVote(775)) - s2@group-46F048A18FB7 replies to vote request: s3<-s2#0:FAIL-t18. Peer's state: s2@group-46F048A18FB7:t18, leader=null, voted=null, raftlog=s2@group-46F048A18FB7-SegmentedRaftLog:OPENED:c-1,f-1,i0, conf=-1: [s3:0.0.0.0:39188, s4:0.0.0.0:40778, s0:0.0.0.0:42012, s1:0.0.0.0:45336, s2:0.0.0.0:38783], old=null
2019-09-24 16:43:29,438 INFO  impl.RoleInfo (RoleInfo.java:updateAndGet(143)) - s4: start LeaderElection
2019-09-24 16:43:29,438 INFO  impl.RaftServerImpl (RaftServerImpl.java:setRole(170)) - s1@group-46F048A18FB7: changes role from  FOLLOWER to CANDIDATE at term 18 for changeToCandidate
2019-09-24 16:43:29,438 INFO  impl.RoleInfo (RoleInfo.java:updateAndGet(143)) - s0: start LeaderElection
2019-09-24 16:43:29,439 INFO  impl.RoleInfo (RoleInfo.java:updateAndGet(143)) - s1: start LeaderElection
2019-09-24 16:43:29,439 INFO  impl.RaftServerImpl (RaftServerImpl.java:setRole(170)) - s4@group-46F048A18FB7: changes role from CANDIDATE to FOLLOWER at term 18 for recognizeCandidate:s3
2019-09-24 16:43:29,439 INFO  impl.RaftServerImpl (RaftServerImpl.java:setRole(170)) - s0@group-46F048A18FB7: changes role from CANDIDATE to FOLLOWER at term 18 for recognizeCandidate:s3
2019-09-24 16:43:29,439 DEBUG impl.RaftServerImpl (RaftServerImpl.java:requestVote(743)) - s2@group-46F048A18FB7: receive requestVote(s3, group-46F048A18FB7, 18, (t:0, i:0))
2019-09-24 16:43:29,440 INFO  impl.RoleInfo (RoleInfo.java:shutdownLeaderElection(134)) - s0: shutdown LeaderElection
2019-09-24 16:43:29,440 DEBUG impl.RaftServerImpl (RaftServerImpl.java:requestVote(775)) - s1@group-46F048A18FB7 replies to vote request: s3<-s1#0:FAIL-t18. Peer's state: s1@group-46F048A18FB7:t18, leader=null, voted=null, raftlog=s1@group-46F048A18FB7-SegmentedRaftLog:OPENED:c-1,f-1,i0, conf=-1: [s3:0.0.0.0:39188, s4:0.0.0.0:40778, s0:0.0.0.0:42012, s1:0.0.0.0:45336, s2:0.0.0.0:38783], old=null
2019-09-24 16:43:29,439 INFO  impl.RoleInfo (RoleInfo.java:shutdownLeaderElection(134)) - s4: shutdown LeaderElection
2019-09-24 16:43:29,441 INFO  impl.RoleInfo (RoleInfo.java:updateAndGet(143)) - s0: start FollowerState
2019-09-24 16:43:29,441 DEBUG impl.RaftServerImpl (RaftServerImpl.java:requestVote(743)) - s1@group-46F048A18FB7: receive requestVote(s3, group-46F048A18FB7, 18, (t:0, i:0))
2019-09-24 16:43:29,441 INFO  impl.RoleInfo (RoleInfo.java:updateAndGet(143)) - s4: start FollowerState
2019-09-24 16:43:29,442 DEBUG impl.RaftServerImpl (RaftServerImpl.java:requestVote(775)) - s0@group-46F048A18FB7 replies to vote request: s3<-s0#0:FAIL-t18. Peer's state: s0@group-46F048A18FB7:t18, leader=null, voted=null, raftlog=s0@group-46F048A18FB7-SegmentedRaftLog:OPENED:c-1,f-1,i0, conf=-1: [s3:0.0.0.0:39188, s4:0.0.0.0:40778, s0:0.0.0.0:42012, s1:0.0.0.0:45336, s2:0.0.0.0:38783], old=null
2019-09-24 16:43:29,442 DEBUG impl.RaftServerImpl (RaftServerImpl.java:requestVote(775)) - s4@group-46F048A18FB7 replies to vote request: s3<-s4#0:FAIL-t18. Peer's state: s4@group-46F048A18FB7:t18, leader=null, voted=null, raftlog=s4@group-46F048A18FB7-SegmentedRaftLog:OPENED:c-1,f-1,i0, conf=-1: [s3:0.0.0.0:39188, s4:0.0.0.0:40778, s0:0.0.0.0:42012, s1:0.0.0.0:45336, s2:0.0.0.0:38783], old=null
2019-09-24 16:43:29,443 DEBUG impl.RaftServerImpl (RaftServerImpl.java:requestVote(743)) - s0@group-46F048A18FB7: receive requestVote(s3, group-46F048A18FB7, 19, (t:0, i:0))
2019-09-24 16:43:29,444 DEBUG impl.RaftServerImpl (RaftServerImpl.java:requestVote(743)) - s4@group-46F048A18FB7: receive requestVote(s3, group-46F048A18FB7, 19, (t:0, i:0))
2019-09-24 16:43:29,647 WARN  ratis.RaftTestUtil (JavaUtils.java:attempt(158)) - FAILED "waitForLeader-null-(expectLeader? true)", attempt #74/100: java.lang.IllegalStateException: No leader yet : printing ALL groups
  s3:  RUNNING CANDIDATE s3@group-46F048A18FB7:t19, leader=null, voted=s3, raftlog=s3@group-46F048A18FB7-SegmentedRaftLog:OPENED:c-1,f-1,i0, conf=-1: [s3:0.0.0.0:39188, s4:0.0.0.0:40778, s0:0.0.0.0:42012, s1:0.0.0.0:45336, s2:0.0.0.0:38783], old=null RUNNING
  s4:  RUNNING  FOLLOWER s4@group-46F048A18FB7:t19, leader=null, voted=s4, raftlog=s4@group-46F048A18FB7-SegmentedRaftLog:OPENED:c-1,f-1,i0, conf=-1: [s3:0.0.0.0:39188, s4:0.0.0.0:40778, s0:0.0.0.0:42012, s1:0.0.0.0:45336, s2:0.0.0.0:38783], old=null RUNNING
  s0:  RUNNING  FOLLOWER s0@group-46F048A18FB7:t19, leader=null, voted=s0, raftlog=s0@group-46F048A18FB7-SegmentedRaftLog:OPENED:c-1,f-1,i0, conf=-1: [s3:0.0.0.0:39188, s4:0.0.0.0:40778, s0:0.0.0.0:42012, s1:0.0.0.0:45336, s2:0.0.0.0:38783], old=null RUNNING
  s1:  RUNNING CANDIDATE s1@group-46F048A18FB7:t19, leader=null, voted=s1, raftlog=s1@group-46F048A18FB7-SegmentedRaftLog:OPENED:c-1,f-1,i0, conf=-1: [s3:0.0.0.0:39188, s4:0.0.0.0:40778, s0:0.0.0.0:42012, s1:0.0.0.0:45336, s2:0.0.0.0:38783], old=null RUNNING
  s2:  RUNNING CANDIDATE s2@group-46F048A18FB7:t19, leader=null, voted=s2, raftlog=s2@group-46F048A18FB7-SegmentedRaftLog:OPENED:c-1,f-1,i0, conf=-1: [s3:0.0.0.0:39188, s4:0.0.0.0:40778, s0:0.0.0.0:42012, s1:0.0.0.0:45336, s2:0.0.0.0:38783], old=null RUNNING, sleep 450ms and then retry.
java.lang.IllegalStateException: No leader yet : printing ALL groups
  s3:  RUNNING CANDIDATE s3@group-46F048A18FB7:t19, leader=null, voted=s3, raftlog=s3@group-46F048A18FB7-SegmentedRaftLog:OPENED:c-1,f-1,i0, conf=-1: [s3:0.0.0.0:39188, s4:0.0.0.0:40778, s0:0.0.0.0:42012, s1:0.0.0.0:45336, s2:0.0.0.0:38783], old=null RUNNING
  s4:  RUNNING  FOLLOWER s4@group-46F048A18FB7:t19, leader=null, voted=s4, raftlog=s4@group-46F048A18FB7-SegmentedRaftLog:OPENED:c-1,f-1,i0, conf=-1: [s3:0.0.0.0:39188, s4:0.0.0.0:40778, s0:0.0.0.0:42012, s1:0.0.0.0:45336, s2:0.0.0.0:38783], old=null RUNNING
  s0:  RUNNING  FOLLOWER s0@group-46F048A18FB7:t19, leader=null, voted=s0, raftlog=s0@group-46F048A18FB7-SegmentedRaftLog:OPENED:c-1,f-1,i0, conf=-1: [s3:0.0.0.0:39188, s4:0.0.0.0:40778, s0:0.0.0.0:42012, s1:0.0.0.0:45336, s2:0.0.0.0:38783], old=null RUNNING
  s1:  RUNNING CANDIDATE s1@group-46F048A18FB7:t19, leader=null, voted=s1, raftlog=s1@group-46F048A18FB7-SegmentedRaftLog:OPENED:c-1,f-1,i0, conf=-1: [s3:0.0.0.0:39188, s4:0.0.0.0:40778, s0:0.0.0.0:42012, s1:0.0.0.0:45336, s2:0.0.0.0:38783], old=null RUNNING
  s2:  RUNNING CANDIDATE s2@group-46F048A18FB7:t19, leader=null, voted=s2, raftlog=s2@group-46F048A18FB7-SegmentedRaftLog:OPENED:c-1,f-1,i0, conf=-1: [s3:0.0.0.0:39188, s4:0.0.0.0:40778, s0:0.0.0.0:42012, s1:0.0.0.0:45336, s2:0.0.0.0:38783], old=null RUNNING
	at org.apache.ratis.MiniRaftCluster.newIllegalStateExceptionForNoLeaders(MiniRaftCluster.java:506)
	at org.apache.ratis.RaftTestUtil.lambda$waitForLeader$1(RaftTestUtil.java:90)
	at org.apache.ratis.MiniRaftCluster.getLeader(MiniRaftCluster.java:539)
	at org.apache.ratis.MiniRaftCluster.getLeader(MiniRaftCluster.java:532)
	at org.apache.ratis.RaftTestUtil.lambda$waitForLeader$3(RaftTestUtil.java:98)
	at org.apache.ratis.util.JavaUtils.attempt(JavaUtils.java:152)
	at org.apache.ratis.RaftTestUtil.waitForLeader(RaftTestUtil.java:97)
	at org.apache.ratis.RaftTestUtil.waitForLeader(RaftTestUtil.java:77)
	at org.apache.ratis.RaftTestUtil.waitForLeader(RaftTestUtil.java:72)
	at org.apache.ratis.RaftBasicTests.testWithLoad(RaftBasicTests.java:336)
	at org.apache.ratis.RaftBasicTests.lambda$testWithLoad$10(RaftBasicTests.java:328)
	at org.apache.ratis.MiniRaftCluster$Factory$Get.runWithNewCluster(MiniRaftCluster.java:125)
	at org.apache.ratis.MiniRaftCluster$Factory$Get.runWithNewCluster(MiniRaftCluster.java:113)
	at org.apache.ratis.RaftBasicTests.testWithLoad(RaftBasicTests.java:328)
	at org.apache.ratis.netty.TestRaftWithNetty.testWithLoad(TestRaftWithNetty.java:31)
	at sun.reflect.NativeMethodAccessorImpl.invoke0(Native Method)
	at sun.reflect.NativeMethodAccessorImpl.invoke(NativeMethodAccessorImpl.java:62)
	at sun.reflect.DelegatingMethodAccessorImpl.invoke(DelegatingMethodAccessorImpl.java:43)
	at java.lang.reflect.Method.invoke(Method.java:498)
	at org.junit.runners.model.FrameworkMethod$1.runReflectiveCall(FrameworkMethod.java:50)
	at org.junit.internal.runners.model.ReflectiveCallable.run(ReflectiveCallable.java:12)
	at org.junit.runners.model.FrameworkMethod.invokeExplosively(FrameworkMethod.java:47)
	at org.junit.internal.runners.statements.InvokeMethod.evaluate(InvokeMethod.java:17)
	at org.junit.internal.runners.statements.RunAfters.evaluate(RunAfters.java:27)
	at org.junit.internal.runners.statements.FailOnTimeout$CallableStatement.call(FailOnTimeout.java:298)
	at org.junit.internal.runners.statements.FailOnTimeout$CallableStatement.call(FailOnTimeout.java:292)
	at java.util.concurrent.FutureTask.run(FutureTask.java:266)
	at java.lang.Thread.run(Thread.java:748)
2019-09-24 16:43:29,653 INFO  impl.LeaderElection (LeaderElection.java:logAndReturn(56)) - s3@group-46F048A18FB7-LeaderElection46: Election TIMEOUT; received 0 response(s) [] and 0 exception(s); s3@group-46F048A18FB7:t19, leader=null, voted=s3, raftlog=s3@group-46F048A18FB7-SegmentedRaftLog:OPENED:c-1,f-1,i0, conf=-1: [s3:0.0.0.0:39188, s4:0.0.0.0:40778, s0:0.0.0.0:42012, s1:0.0.0.0:45336, s2:0.0.0.0:38783], old=null
2019-09-24 16:43:29,746 INFO  impl.LeaderElection (LeaderElection.java:askForVotes(178)) - s1@group-46F048A18FB7-LeaderElection50: begin an election at term 19 for -1: [s3:0.0.0.0:39188, s4:0.0.0.0:40778, s0:0.0.0.0:42012, s1:0.0.0.0:45336, s2:0.0.0.0:38783], old=null
2019-09-24 16:43:29,747 DEBUG impl.RaftServerImpl (RaftServerImpl.java:requestVote(775)) - s2@group-46F048A18FB7 replies to vote request: s3<-s2#0:FAIL-t19. Peer's state: s2@group-46F048A18FB7:t19, leader=null, voted=s2, raftlog=s2@group-46F048A18FB7-SegmentedRaftLog:OPENED:c-1,f-1,i0, conf=-1: [s3:0.0.0.0:39188, s4:0.0.0.0:40778, s0:0.0.0.0:42012, s1:0.0.0.0:45336, s2:0.0.0.0:38783], old=null
2019-09-24 16:43:29,747 DEBUG impl.RaftServerImpl (RaftServerImpl.java:requestVote(775)) - s1@group-46F048A18FB7 replies to vote request: s3<-s1#0:FAIL-t19. Peer's state: s1@group-46F048A18FB7:t19, leader=null, voted=s1, raftlog=s1@group-46F048A18FB7-SegmentedRaftLog:OPENED:c-1,f-1,i0, conf=-1: [s3:0.0.0.0:39188, s4:0.0.0.0:40778, s0:0.0.0.0:42012, s1:0.0.0.0:45336, s2:0.0.0.0:38783], old=null
2019-09-24 16:43:29,747 INFO  impl.LeaderElection (LeaderElection.java:askForVotes(178)) - s3@group-46F048A18FB7-LeaderElection46: begin an election at term 20 for -1: [s3:0.0.0.0:39188, s4:0.0.0.0:40778, s0:0.0.0.0:42012, s1:0.0.0.0:45336, s2:0.0.0.0:38783], old=null
2019-09-24 16:43:29,746 INFO  impl.FollowerState (FollowerState.java:run(108)) - s4@group-46F048A18FB7-FollowerState: change to CANDIDATE, lastRpcTime:304ms, electionTimeout:168ms
2019-09-24 16:43:29,746 INFO  impl.FollowerState (FollowerState.java:run(108)) - s0@group-46F048A18FB7-FollowerState: change to CANDIDATE, lastRpcTime:305ms, electionTimeout:264ms
2019-09-24 16:43:29,746 INFO  impl.LeaderElection (LeaderElection.java:askForVotes(178)) - s2@group-46F048A18FB7-LeaderElection47: begin an election at term 19 for -1: [s3:0.0.0.0:39188, s4:0.0.0.0:40778, s0:0.0.0.0:42012, s1:0.0.0.0:45336, s2:0.0.0.0:38783], old=null
2019-09-24 16:43:29,746 INFO  impl.LeaderElection (LeaderElection.java:askForVotes(178)) - s4@group-46F048A18FB7-LeaderElection48: begin an election at term 19 for -1: [s3:0.0.0.0:39188, s4:0.0.0.0:40778, s0:0.0.0.0:42012, s1:0.0.0.0:45336, s2:0.0.0.0:38783], old=null
2019-09-24 16:43:29,746 INFO  impl.LeaderElection (LeaderElection.java:askForVotes(178)) - s0@group-46F048A18FB7-LeaderElection49: begin an election at term 19 for -1: [s3:0.0.0.0:39188, s4:0.0.0.0:40778, s0:0.0.0.0:42012, s1:0.0.0.0:45336, s2:0.0.0.0:38783], old=null
2019-09-24 16:43:29,748 INFO  impl.RoleInfo (RoleInfo.java:shutdownFollowerState(121)) - s0: shutdown FollowerState
2019-09-24 16:43:29,748 DEBUG impl.RaftServerImpl (RaftServerImpl.java:requestVote(743)) - s1@group-46F048A18FB7: receive requestVote(s3, group-46F048A18FB7, 19, (t:0, i:0))
2019-09-24 16:43:29,748 INFO  impl.RoleInfo (RoleInfo.java:shutdownFollowerState(121)) - s4: shutdown FollowerState
2019-09-24 16:43:29,748 DEBUG impl.RaftServerImpl (RaftServerImpl.java:requestVote(743)) - s2@group-46F048A18FB7: receive requestVote(s3, group-46F048A18FB7, 19, (t:0, i:0))
2019-09-24 16:43:29,749 DEBUG impl.RaftServerImpl (RaftServerImpl.java:requestVote(775)) - s1@group-46F048A18FB7 replies to vote request: s3<-s1#0:FAIL-t19. Peer's state: s1@group-46F048A18FB7:t19, leader=null, voted=s1, raftlog=s1@group-46F048A18FB7-SegmentedRaftLog:OPENED:c-1,f-1,i0, conf=-1: [s3:0.0.0.0:39188, s4:0.0.0.0:40778, s0:0.0.0.0:42012, s1:0.0.0.0:45336, s2:0.0.0.0:38783], old=null
2019-09-24 16:43:29,749 INFO  impl.RaftServerImpl (RaftServerImpl.java:setRole(170)) - s4@group-46F048A18FB7: changes role from  FOLLOWER to CANDIDATE at term 19 for changeToCandidate
2019-09-24 16:43:29,749 DEBUG impl.RaftServerImpl (RaftServerImpl.java:requestVote(743)) - s4@group-46F048A18FB7: receive requestVote(s1, group-46F048A18FB7, 19, (t:0, i:0))
2019-09-24 16:43:29,751 DEBUG impl.RaftServerImpl (RaftServerImpl.java:requestVote(743)) - s4@group-46F048A18FB7: receive requestVote(s2, group-46F048A18FB7, 19, (t:0, i:0))
2019-09-24 16:43:29,749 DEBUG impl.RaftServerImpl (RaftServerImpl.java:requestVote(743)) - s3@group-46F048A18FB7: receive requestVote(s1, group-46F048A18FB7, 19, (t:0, i:0))
2019-09-24 16:43:29,751 DEBUG impl.RaftServerImpl (RaftServerImpl.java:requestVote(743)) - s2@group-46F048A18FB7: receive requestVote(s1, group-46F048A18FB7, 19, (t:0, i:0))
2019-09-24 16:43:29,749 INFO  impl.RaftServerImpl (RaftServerImpl.java:setRole(170)) - s0@group-46F048A18FB7: changes role from  FOLLOWER to CANDIDATE at term 19 for changeToCandidate
2019-09-24 16:43:29,751 DEBUG impl.RaftServerImpl (RaftServerImpl.java:requestVote(775)) - s3@group-46F048A18FB7 replies to vote request: s1<-s3#0:FAIL-t20. Peer's state: s3@group-46F048A18FB7:t20, leader=null, voted=s3, raftlog=s3@group-46F048A18FB7-SegmentedRaftLog:OPENED:c-1,f-1,i0, conf=-1: [s3:0.0.0.0:39188, s4:0.0.0.0:40778, s0:0.0.0.0:42012, s1:0.0.0.0:45336, s2:0.0.0.0:38783], old=null
2019-09-24 16:43:29,751 DEBUG impl.RaftServerImpl (RaftServerImpl.java:requestVote(743)) - s1@group-46F048A18FB7: receive requestVote(s2, group-46F048A18FB7, 19, (t:0, i:0))
2019-09-24 16:43:29,751 DEBUG impl.RaftServerImpl (RaftServerImpl.java:requestVote(743)) - s1@group-46F048A18FB7: receive requestVote(s3, group-46F048A18FB7, 20, (t:0, i:0))
2019-09-24 16:43:29,751 DEBUG impl.RaftServerImpl (RaftServerImpl.java:requestVote(743)) - s0@group-46F048A18FB7: receive requestVote(s2, group-46F048A18FB7, 19, (t:0, i:0))
2019-09-24 16:43:29,750 INFO  impl.RoleInfo (RoleInfo.java:updateAndGet(143)) - s4: start LeaderElection
2019-09-24 16:43:29,750 DEBUG impl.RaftServerImpl (RaftServerImpl.java:requestVote(743)) - s3@group-46F048A18FB7: receive requestVote(s2, group-46F048A18FB7, 19, (t:0, i:0))
2019-09-24 16:43:29,750 DEBUG impl.RaftServerImpl (RaftServerImpl.java:requestVote(775)) - s2@group-46F048A18FB7 replies to vote request: s3<-s2#0:FAIL-t19. Peer's state: s2@group-46F048A18FB7:t19, leader=null, voted=s2, raftlog=s2@group-46F048A18FB7-SegmentedRaftLog:OPENED:c-1,f-1,i0, conf=-1: [s3:0.0.0.0:39188, s4:0.0.0.0:40778, s0:0.0.0.0:42012, s1:0.0.0.0:45336, s2:0.0.0.0:38783], old=null
2019-09-24 16:43:29,750 DEBUG impl.RaftServerImpl (RaftServerImpl.java:requestVote(743)) - s0@group-46F048A18FB7: receive requestVote(s1, group-46F048A18FB7, 19, (t:0, i:0))
2019-09-24 16:43:29,754 DEBUG impl.RaftServerImpl (RaftServerImpl.java:requestVote(775)) - s2@group-46F048A18FB7 replies to vote request: s1<-s2#0:FAIL-t19. Peer's state: s2@group-46F048A18FB7:t19, leader=null, voted=s2, raftlog=s2@group-46F048A18FB7-SegmentedRaftLog:OPENED:c-1,f-1,i0, conf=-1: [s3:0.0.0.0:39188, s4:0.0.0.0:40778, s0:0.0.0.0:42012, s1:0.0.0.0:45336, s2:0.0.0.0:38783], old=null
2019-09-24 16:43:29,754 DEBUG impl.RaftServerImpl (RaftServerImpl.java:requestVote(775)) - s3@group-46F048A18FB7 replies to vote request: s2<-s3#0:FAIL-t20. Peer's state: s3@group-46F048A18FB7:t20, leader=null, voted=s3, raftlog=s3@group-46F048A18FB7-SegmentedRaftLog:OPENED:c-1,f-1,i0, conf=-1: [s3:0.0.0.0:39188, s4:0.0.0.0:40778, s0:0.0.0.0:42012, s1:0.0.0.0:45336, s2:0.0.0.0:38783], old=null
2019-09-24 16:43:29,754 DEBUG impl.RaftServerImpl (RaftServerImpl.java:requestVote(775)) - s4@group-46F048A18FB7 replies to vote request: s3<-s4#0:FAIL-t19. Peer's state: s4@group-46F048A18FB7:t19, leader=null, voted=s4, raftlog=s4@group-46F048A18FB7-SegmentedRaftLog:OPENED:c-1,f-1,i0, conf=-1: [s3:0.0.0.0:39188, s4:0.0.0.0:40778, s0:0.0.0.0:42012, s1:0.0.0.0:45336, s2:0.0.0.0:38783], old=null
2019-09-24 16:43:29,753 INFO  impl.LeaderElection (LeaderElection.java:logAndReturn(56)) - s1@group-46F048A18FB7-LeaderElection50: Election DISCOVERED_A_NEW_TERM; received 1 response(s) [s1<-s3#0:FAIL-t20] and 0 exception(s); s1@group-46F048A18FB7:t19, leader=null, voted=s1, raftlog=s1@group-46F048A18FB7-SegmentedRaftLog:OPENED:c-1,f-1,i0, conf=-1: [s3:0.0.0.0:39188, s4:0.0.0.0:40778, s0:0.0.0.0:42012, s1:0.0.0.0:45336, s2:0.0.0.0:38783], old=null
2019-09-24 16:43:29,753 DEBUG impl.RaftServerImpl (RaftServerImpl.java:requestVote(775)) - s1@group-46F048A18FB7 replies to vote request: s2<-s1#0:FAIL-t19. Peer's state: s1@group-46F048A18FB7:t19, leader=null, voted=s1, raftlog=s1@group-46F048A18FB7-SegmentedRaftLog:OPENED:c-1,f-1,i0, conf=-1: [s3:0.0.0.0:39188, s4:0.0.0.0:40778, s0:0.0.0.0:42012, s1:0.0.0.0:45336, s2:0.0.0.0:38783], old=null
2019-09-24 16:43:29,752 INFO  impl.RoleInfo (RoleInfo.java:updateAndGet(143)) - s0: start LeaderElection
2019-09-24 16:43:29,756 INFO  impl.RaftServerImpl (RaftServerImpl.java:setRole(170)) - s1@group-46F048A18FB7: changes role from CANDIDATE to FOLLOWER at term 20 for DISCOVERED_A_NEW_TERM
2019-09-24 16:43:29,755 DEBUG impl.RaftServerImpl (RaftServerImpl.java:requestVote(743)) - s2@group-46F048A18FB7: receive requestVote(s3, group-46F048A18FB7, 20, (t:0, i:0))
2019-09-24 16:43:29,756 INFO  impl.LeaderElection (LeaderElection.java:logAndReturn(56)) - s2@group-46F048A18FB7-LeaderElection47: Election DISCOVERED_A_NEW_TERM; received 1 response(s) [s2<-s3#0:FAIL-t20] and 0 exception(s); s2@group-46F048A18FB7:t19, leader=null, voted=s2, raftlog=s2@group-46F048A18FB7-SegmentedRaftLog:OPENED:c-1,f-1,i0, conf=-1: [s3:0.0.0.0:39188, s4:0.0.0.0:40778, s0:0.0.0.0:42012, s1:0.0.0.0:45336, s2:0.0.0.0:38783], old=null
2019-09-24 16:43:29,756 DEBUG impl.RaftServerImpl (RaftServerImpl.java:requestVote(775)) - s0@group-46F048A18FB7 replies to vote request: s3<-s0#0:FAIL-t19. Peer's state: s0@group-46F048A18FB7:t19, leader=null, voted=s0, raftlog=s0@group-46F048A18FB7-SegmentedRaftLog:OPENED:c-1,f-1,i0, conf=-1: [s3:0.0.0.0:39188, s4:0.0.0.0:40778, s0:0.0.0.0:42012, s1:0.0.0.0:45336, s2:0.0.0.0:38783], old=null
2019-09-24 16:43:29,756 INFO  impl.RoleInfo (RoleInfo.java:shutdownLeaderElection(134)) - s1: shutdown LeaderElection
2019-09-24 16:43:29,756 DEBUG impl.RaftServerImpl (RaftServerImpl.java:requestVote(743)) - s4@group-46F048A18FB7: receive requestVote(s3, group-46F048A18FB7, 20, (t:0, i:0))
2019-09-24 16:43:29,757 INFO  impl.RoleInfo (RoleInfo.java:updateAndGet(143)) - s1: start FollowerState
2019-09-24 16:43:29,756 INFO  impl.RaftServerImpl (RaftServerImpl.java:setRole(170)) - s2@group-46F048A18FB7: changes role from CANDIDATE to FOLLOWER at term 20 for recognizeCandidate:s3
2019-09-24 16:43:29,758 DEBUG impl.RaftServerImpl (RaftServerImpl.java:requestVote(743)) - s0@group-46F048A18FB7: receive requestVote(s3, group-46F048A18FB7, 20, (t:0, i:0))
2019-09-24 16:43:29,758 INFO  impl.RoleInfo (RoleInfo.java:shutdownLeaderElection(134)) - s2: shutdown LeaderElection
2019-09-24 16:43:29,759 INFO  impl.RoleInfo (RoleInfo.java:updateAndGet(143)) - s2: start FollowerState
2019-09-24 16:43:29,983 INFO  impl.LeaderElection (LeaderElection.java:logAndReturn(56)) - s3@group-46F048A18FB7-LeaderElection46: Election TIMEOUT; received 0 response(s) [] and 0 exception(s); s3@group-46F048A18FB7:t20, leader=null, voted=s3, raftlog=s3@group-46F048A18FB7-SegmentedRaftLog:OPENED:c-1,f-1,i0, conf=-1: [s3:0.0.0.0:39188, s4:0.0.0.0:40778, s0:0.0.0.0:42012, s1:0.0.0.0:45336, s2:0.0.0.0:38783], old=null
2019-09-24 16:43:30,099 WARN  ratis.RaftTestUtil (JavaUtils.java:attempt(158)) - FAILED "waitForLeader-null-(expectLeader? true)", attempt #75/100: java.lang.IllegalStateException: No leader yet : printing ALL groups
  s3:  RUNNING CANDIDATE s3@group-46F048A18FB7:t21, leader=null, voted=s3, raftlog=s3@group-46F048A18FB7-SegmentedRaftLog:OPENED:c-1,f-1,i0, conf=-1: [s3:0.0.0.0:39188, s4:0.0.0.0:40778, s0:0.0.0.0:42012, s1:0.0.0.0:45336, s2:0.0.0.0:38783], old=null RUNNING
  s4:  RUNNING CANDIDATE s4@group-46F048A18FB7:t20, leader=null, voted=s4, raftlog=s4@group-46F048A18FB7-SegmentedRaftLog:OPENED:c-1,f-1,i0, conf=-1: [s3:0.0.0.0:39188, s4:0.0.0.0:40778, s0:0.0.0.0:42012, s1:0.0.0.0:45336, s2:0.0.0.0:38783], old=null RUNNING
  s0:  RUNNING CANDIDATE s0@group-46F048A18FB7:t20, leader=null, voted=s0, raftlog=s0@group-46F048A18FB7-SegmentedRaftLog:OPENED:c-1,f-1,i0, conf=-1: [s3:0.0.0.0:39188, s4:0.0.0.0:40778, s0:0.0.0.0:42012, s1:0.0.0.0:45336, s2:0.0.0.0:38783], old=null RUNNING
  s1:  RUNNING  FOLLOWER s1@group-46F048A18FB7:t20, leader=null, voted=null, raftlog=s1@group-46F048A18FB7-SegmentedRaftLog:OPENED:c-1,f-1,i0, conf=-1: [s3:0.0.0.0:39188, s4:0.0.0.0:40778, s0:0.0.0.0:42012, s1:0.0.0.0:45336, s2:0.0.0.0:38783], old=null RUNNING
  s2:  RUNNING  FOLLOWER s2@group-46F048A18FB7:t20, leader=null, voted=null, raftlog=s2@group-46F048A18FB7-SegmentedRaftLog:OPENED:c-1,f-1,i0, conf=-1: [s3:0.0.0.0:39188, s4:0.0.0.0:40778, s0:0.0.0.0:42012, s1:0.0.0.0:45336, s2:0.0.0.0:38783], old=null RUNNING, sleep 450ms and then retry.
java.lang.IllegalStateException: No leader yet : printing ALL groups
  s3:  RUNNING CANDIDATE s3@group-46F048A18FB7:t21, leader=null, voted=s3, raftlog=s3@group-46F048A18FB7-SegmentedRaftLog:OPENED:c-1,f-1,i0, conf=-1: [s3:0.0.0.0:39188, s4:0.0.0.0:40778, s0:0.0.0.0:42012, s1:0.0.0.0:45336, s2:0.0.0.0:38783], old=null RUNNING
  s4:  RUNNING CANDIDATE s4@group-46F048A18FB7:t20, leader=null, voted=s4, raftlog=s4@group-46F048A18FB7-SegmentedRaftLog:OPENED:c-1,f-1,i0, conf=-1: [s3:0.0.0.0:39188, s4:0.0.0.0:40778, s0:0.0.0.0:42012, s1:0.0.0.0:45336, s2:0.0.0.0:38783], old=null RUNNING
  s0:  RUNNING CANDIDATE s0@group-46F048A18FB7:t20, leader=null, voted=s0, raftlog=s0@group-46F048A18FB7-SegmentedRaftLog:OPENED:c-1,f-1,i0, conf=-1: [s3:0.0.0.0:39188, s4:0.0.0.0:40778, s0:0.0.0.0:42012, s1:0.0.0.0:45336, s2:0.0.0.0:38783], old=null RUNNING
  s1:  RUNNING  FOLLOWER s1@group-46F048A18FB7:t20, leader=null, voted=null, raftlog=s1@group-46F048A18FB7-SegmentedRaftLog:OPENED:c-1,f-1,i0, conf=-1: [s3:0.0.0.0:39188, s4:0.0.0.0:40778, s0:0.0.0.0:42012, s1:0.0.0.0:45336, s2:0.0.0.0:38783], old=null RUNNING
  s2:  RUNNING  FOLLOWER s2@group-46F048A18FB7:t20, leader=null, voted=null, raftlog=s2@group-46F048A18FB7-SegmentedRaftLog:OPENED:c-1,f-1,i0, conf=-1: [s3:0.0.0.0:39188, s4:0.0.0.0:40778, s0:0.0.0.0:42012, s1:0.0.0.0:45336, s2:0.0.0.0:38783], old=null RUNNING
	at org.apache.ratis.MiniRaftCluster.newIllegalStateExceptionForNoLeaders(MiniRaftCluster.java:506)
	at org.apache.ratis.RaftTestUtil.lambda$waitForLeader$1(RaftTestUtil.java:90)
	at org.apache.ratis.MiniRaftCluster.getLeader(MiniRaftCluster.java:539)
	at org.apache.ratis.MiniRaftCluster.getLeader(MiniRaftCluster.java:532)
	at org.apache.ratis.RaftTestUtil.lambda$waitForLeader$3(RaftTestUtil.java:98)
	at org.apache.ratis.util.JavaUtils.attempt(JavaUtils.java:152)
	at org.apache.ratis.RaftTestUtil.waitForLeader(RaftTestUtil.java:97)
	at org.apache.ratis.RaftTestUtil.waitForLeader(RaftTestUtil.java:77)
	at org.apache.ratis.RaftTestUtil.waitForLeader(RaftTestUtil.java:72)
	at org.apache.ratis.RaftBasicTests.testWithLoad(RaftBasicTests.java:336)
	at org.apache.ratis.RaftBasicTests.lambda$testWithLoad$10(RaftBasicTests.java:328)
	at org.apache.ratis.MiniRaftCluster$Factory$Get.runWithNewCluster(MiniRaftCluster.java:125)
	at org.apache.ratis.MiniRaftCluster$Factory$Get.runWithNewCluster(MiniRaftCluster.java:113)
	at org.apache.ratis.RaftBasicTests.testWithLoad(RaftBasicTests.java:328)
	at org.apache.ratis.netty.TestRaftWithNetty.testWithLoad(TestRaftWithNetty.java:31)
	at sun.reflect.NativeMethodAccessorImpl.invoke0(Native Method)
	at sun.reflect.NativeMethodAccessorImpl.invoke(NativeMethodAccessorImpl.java:62)
	at sun.reflect.DelegatingMethodAccessorImpl.invoke(DelegatingMethodAccessorImpl.java:43)
	at java.lang.reflect.Method.invoke(Method.java:498)
	at org.junit.runners.model.FrameworkMethod$1.runReflectiveCall(FrameworkMethod.java:50)
	at org.junit.internal.runners.model.ReflectiveCallable.run(ReflectiveCallable.java:12)
	at org.junit.runners.model.FrameworkMethod.invokeExplosively(FrameworkMethod.java:47)
	at org.junit.internal.runners.statements.InvokeMethod.evaluate(InvokeMethod.java:17)
	at org.junit.internal.runners.statements.RunAfters.evaluate(RunAfters.java:27)
	at org.junit.internal.runners.statements.FailOnTimeout$CallableStatement.call(FailOnTimeout.java:298)
	at org.junit.internal.runners.statements.FailOnTimeout$CallableStatement.call(FailOnTimeout.java:292)
	at java.util.concurrent.FutureTask.run(FutureTask.java:266)
	at java.lang.Thread.run(Thread.java:748)
2019-09-24 16:43:30,148 INFO  impl.LeaderElection (LeaderElection.java:askForVotes(178)) - s3@group-46F048A18FB7-LeaderElection46: begin an election at term 21 for -1: [s3:0.0.0.0:39188, s4:0.0.0.0:40778, s0:0.0.0.0:42012, s1:0.0.0.0:45336, s2:0.0.0.0:38783], old=null
2019-09-24 16:43:30,148 INFO  impl.LeaderElection (LeaderElection.java:askForVotes(178)) - s4@group-46F048A18FB7-LeaderElection51: begin an election at term 20 for -1: [s3:0.0.0.0:39188, s4:0.0.0.0:40778, s0:0.0.0.0:42012, s1:0.0.0.0:45336, s2:0.0.0.0:38783], old=null
2019-09-24 16:43:30,149 INFO  impl.RaftServerImpl (RaftServerImpl.java:setRole(170)) - s1@group-46F048A18FB7: changes role from  FOLLOWER to FOLLOWER at term 20 for recognizeCandidate:s3
2019-09-24 16:43:30,150 INFO  impl.RoleInfo (RoleInfo.java:shutdownFollowerState(121)) - s1: shutdown FollowerState
2019-09-24 16:43:30,148 INFO  impl.LeaderElection (LeaderElection.java:askForVotes(178)) - s0@group-46F048A18FB7-LeaderElection52: begin an election at term 20 for -1: [s3:0.0.0.0:39188, s4:0.0.0.0:40778, s0:0.0.0.0:42012, s1:0.0.0.0:45336, s2:0.0.0.0:38783], old=null
2019-09-24 16:43:30,150 DEBUG impl.RaftServerImpl (RaftServerImpl.java:requestVote(775)) - s4@group-46F048A18FB7 replies to vote request: s2<-s4#0:FAIL-t20. Peer's state: s4@group-46F048A18FB7:t20, leader=null, voted=s4, raftlog=s4@group-46F048A18FB7-SegmentedRaftLog:OPENED:c-1,f-1,i0, conf=-1: [s3:0.0.0.0:39188, s4:0.0.0.0:40778, s0:0.0.0.0:42012, s1:0.0.0.0:45336, s2:0.0.0.0:38783], old=null
2019-09-24 16:43:30,150 DEBUG impl.RaftServerImpl (RaftServerImpl.java:requestVote(775)) - s0@group-46F048A18FB7 replies to vote request: s1<-s0#0:FAIL-t20. Peer's state: s0@group-46F048A18FB7:t20, leader=null, voted=s0, raftlog=s0@group-46F048A18FB7-SegmentedRaftLog:OPENED:c-1,f-1,i0, conf=-1: [s3:0.0.0.0:39188, s4:0.0.0.0:40778, s0:0.0.0.0:42012, s1:0.0.0.0:45336, s2:0.0.0.0:38783], old=null
2019-09-24 16:43:30,149 DEBUG impl.RaftServerImpl (RaftServerImpl.java:requestVote(775)) - s2@group-46F048A18FB7 replies to vote request: s3<-s2#0:FAIL-t20. Peer's state: s2@group-46F048A18FB7:t20, leader=null, voted=null, raftlog=s2@group-46F048A18FB7-SegmentedRaftLog:OPENED:c-1,f-1,i0, conf=-1: [s3:0.0.0.0:39188, s4:0.0.0.0:40778, s0:0.0.0.0:42012, s1:0.0.0.0:45336, s2:0.0.0.0:38783], old=null
2019-09-24 16:43:30,152 DEBUG impl.RaftServerImpl (RaftServerImpl.java:requestVote(775)) - s0@group-46F048A18FB7 replies to vote request: s2<-s0#0:FAIL-t20. Peer's state: s0@group-46F048A18FB7:t20, leader=null, voted=s0, raftlog=s0@group-46F048A18FB7-SegmentedRaftLog:OPENED:c-1,f-1,i0, conf=-1: [s3:0.0.0.0:39188, s4:0.0.0.0:40778, s0:0.0.0.0:42012, s1:0.0.0.0:45336, s2:0.0.0.0:38783], old=null
2019-09-24 16:43:30,151 DEBUG impl.RaftServerImpl (RaftServerImpl.java:requestVote(775)) - s4@group-46F048A18FB7 replies to vote request: s1<-s4#0:FAIL-t20. Peer's state: s4@group-46F048A18FB7:t20, leader=null, voted=s4, raftlog=s4@group-46F048A18FB7-SegmentedRaftLog:OPENED:c-1,f-1,i0, conf=-1: [s3:0.0.0.0:39188, s4:0.0.0.0:40778, s0:0.0.0.0:42012, s1:0.0.0.0:45336, s2:0.0.0.0:38783], old=null
2019-09-24 16:43:30,151 INFO  impl.RoleInfo (RoleInfo.java:updateAndGet(143)) - s1: start FollowerState
2019-09-24 16:43:30,152 DEBUG impl.RaftServerImpl (RaftServerImpl.java:requestVote(775)) - s0@group-46F048A18FB7 replies to vote request: s3<-s0#0:FAIL-t20. Peer's state: s0@group-46F048A18FB7:t20, leader=null, voted=s0, raftlog=s0@group-46F048A18FB7-SegmentedRaftLog:OPENED:c-1,f-1,i0, conf=-1: [s3:0.0.0.0:39188, s4:0.0.0.0:40778, s0:0.0.0.0:42012, s1:0.0.0.0:45336, s2:0.0.0.0:38783], old=null
2019-09-24 16:43:30,152 DEBUG impl.RaftServerImpl (RaftServerImpl.java:requestVote(743)) - s2@group-46F048A18FB7: receive requestVote(s3, group-46F048A18FB7, 21, (t:0, i:0))
2019-09-24 16:43:30,152 INFO  impl.FollowerState (FollowerState.java:run(108)) - s2@group-46F048A18FB7-FollowerState: change to CANDIDATE, lastRpcTime:393ms, electionTimeout:190ms
2019-09-24 16:43:30,153 DEBUG impl.RaftServerImpl (RaftServerImpl.java:requestVote(743)) - s3@group-46F048A18FB7: receive requestVote(s0, group-46F048A18FB7, 19, (t:0, i:0))
2019-09-24 16:43:30,153 DEBUG impl.RaftServerImpl (RaftServerImpl.java:requestVote(775)) - s4@group-46F048A18FB7 replies to vote request: s3<-s4#0:FAIL-t20. Peer's state: s4@group-46F048A18FB7:t20, leader=null, voted=s4, raftlog=s4@group-46F048A18FB7-SegmentedRaftLog:OPENED:c-1,f-1,i0, conf=-1: [s3:0.0.0.0:39188, s4:0.0.0.0:40778, s0:0.0.0.0:42012, s1:0.0.0.0:45336, s2:0.0.0.0:38783], old=null
2019-09-24 16:43:30,155 DEBUG impl.RaftServerImpl (RaftServerImpl.java:requestVote(775)) - s3@group-46F048A18FB7 replies to vote request: s0<-s3#0:FAIL-t21. Peer's state: s3@group-46F048A18FB7:t21, leader=null, voted=s3, raftlog=s3@group-46F048A18FB7-SegmentedRaftLog:OPENED:c-1,f-1,i0, conf=-1: [s3:0.0.0.0:39188, s4:0.0.0.0:40778, s0:0.0.0.0:42012, s1:0.0.0.0:45336, s2:0.0.0.0:38783], old=null
2019-09-24 16:43:30,154 DEBUG impl.RaftServerImpl (RaftServerImpl.java:requestVote(743)) - s3@group-46F048A18FB7: receive requestVote(s4, group-46F048A18FB7, 20, (t:0, i:0))
2019-09-24 16:43:30,154 INFO  impl.RoleInfo (RoleInfo.java:shutdownFollowerState(121)) - s2: shutdown FollowerState
2019-09-24 16:43:30,156 DEBUG impl.RaftServerImpl (RaftServerImpl.java:requestVote(743)) - s3@group-46F048A18FB7: receive requestVote(s0, group-46F048A18FB7, 20, (t:0, i:0))
2019-09-24 16:43:30,154 DEBUG impl.RaftServerImpl (RaftServerImpl.java:requestVote(743)) - s0@group-46F048A18FB7: receive requestVote(s3, group-46F048A18FB7, 21, (t:0, i:0))
2019-09-24 16:43:30,157 DEBUG impl.RaftServerImpl (RaftServerImpl.java:requestVote(743)) - s1@group-46F048A18FB7: receive requestVote(s4, group-46F048A18FB7, 19, (t:0, i:0))
2019-09-24 16:43:30,156 INFO  impl.LeaderElection (LeaderElection.java:logAndReturn(56)) - s4@group-46F048A18FB7-LeaderElection48: Election REJECTED; received 0 response(s) [] and 0 exception(s); s4@group-46F048A18FB7:t20, leader=null, voted=s4, raftlog=s4@group-46F048A18FB7-SegmentedRaftLog:OPENED:c-1,f-1,i0, conf=-1: [s3:0.0.0.0:39188, s4:0.0.0.0:40778, s0:0.0.0.0:42012, s1:0.0.0.0:45336, s2:0.0.0.0:38783], old=null
2019-09-24 16:43:30,156 DEBUG impl.RaftServerImpl (RaftServerImpl.java:requestVote(743)) - s0@group-46F048A18FB7: receive requestVote(s4, group-46F048A18FB7, 19, (t:0, i:0))
2019-09-24 16:43:30,156 DEBUG impl.RaftServerImpl (RaftServerImpl.java:requestVote(743)) - s2@group-46F048A18FB7: receive requestVote(s0, group-46F048A18FB7, 20, (t:0, i:0))
2019-09-24 16:43:30,156 INFO  impl.RaftServerImpl (RaftServerImpl.java:setRole(170)) - s2@group-46F048A18FB7: changes role from  FOLLOWER to CANDIDATE at term 20 for changeToCandidate
2019-09-24 16:43:30,156 DEBUG impl.RaftServerImpl (RaftServerImpl.java:requestVote(775)) - s3@group-46F048A18FB7 replies to vote request: s4<-s3#0:FAIL-t21. Peer's state: s3@group-46F048A18FB7:t21, leader=null, voted=s3, raftlog=s3@group-46F048A18FB7-SegmentedRaftLog:OPENED:c-1,f-1,i0, conf=-1: [s3:0.0.0.0:39188, s4:0.0.0.0:40778, s0:0.0.0.0:42012, s1:0.0.0.0:45336, s2:0.0.0.0:38783], old=null
2019-09-24 16:43:30,156 DEBUG impl.RaftServerImpl (RaftServerImpl.java:requestVote(743)) - s4@group-46F048A18FB7: receive requestVote(s3, group-46F048A18FB7, 21, (t:0, i:0))
2019-09-24 16:43:30,156 DEBUG impl.RaftServerImpl (RaftServerImpl.java:requestVote(743)) - s1@group-46F048A18FB7: receive requestVote(s0, group-46F048A18FB7, 19, (t:0, i:0))
2019-09-24 16:43:30,155 DEBUG impl.RaftServerImpl (RaftServerImpl.java:requestVote(743)) - s4@group-46F048A18FB7: receive requestVote(s0, group-46F048A18FB7, 19, (t:0, i:0))
2019-09-24 16:43:30,155 INFO  impl.LeaderElection (LeaderElection.java:logAndReturn(56)) - s0@group-46F048A18FB7-LeaderElection49: Election REJECTED; received 0 response(s) [] and 0 exception(s); s0@group-46F048A18FB7:t20, leader=null, voted=s0, raftlog=s0@group-46F048A18FB7-SegmentedRaftLog:OPENED:c-1,f-1,i0, conf=-1: [s3:0.0.0.0:39188, s4:0.0.0.0:40778, s0:0.0.0.0:42012, s1:0.0.0.0:45336, s2:0.0.0.0:38783], old=null
2019-09-24 16:43:30,159 INFO  impl.LeaderElection (LeaderElection.java:logAndReturn(56)) - s4@group-46F048A18FB7-LeaderElection51: Election DISCOVERED_A_NEW_TERM; received 1 response(s) [s4<-s3#0:FAIL-t21] and 0 exception(s); s4@group-46F048A18FB7:t21, leader=null, voted=null, raftlog=s4@group-46F048A18FB7-SegmentedRaftLog:OPENED:c-1,f-1,i0, conf=-1: [s3:0.0.0.0:39188, s4:0.0.0.0:40778, s0:0.0.0.0:42012, s1:0.0.0.0:45336, s2:0.0.0.0:38783], old=null
2019-09-24 16:43:30,159 DEBUG impl.RaftServerImpl (RaftServerImpl.java:requestVote(743)) - s3@group-46F048A18FB7: receive requestVote(s4, group-46F048A18FB7, 19, (t:0, i:0))
2019-09-24 16:43:30,159 INFO  impl.RaftServerImpl (RaftServerImpl.java:setRole(170)) - s4@group-46F048A18FB7: changes role from CANDIDATE to FOLLOWER at term 21 for recognizeCandidate:s3
2019-09-24 16:43:30,158 DEBUG impl.RaftServerImpl (RaftServerImpl.java:requestVote(775)) - s3@group-46F048A18FB7 replies to vote request: s0<-s3#0:FAIL-t21. Peer's state: s3@group-46F048A18FB7:t21, leader=null, voted=s3, raftlog=s3@group-46F048A18FB7-SegmentedRaftLog:OPENED:c-1,f-1,i0, conf=-1: [s3:0.0.0.0:39188, s4:0.0.0.0:40778, s0:0.0.0.0:42012, s1:0.0.0.0:45336, s2:0.0.0.0:38783], old=null
2019-09-24 16:43:30,158 INFO  impl.RoleInfo (RoleInfo.java:updateAndGet(143)) - s2: start LeaderElection
2019-09-24 16:43:30,157 DEBUG impl.RaftServerImpl (RaftServerImpl.java:requestVote(743)) - s2@group-46F048A18FB7: receive requestVote(s4, group-46F048A18FB7, 19, (t:0, i:0))
2019-09-24 16:43:30,157 INFO  impl.RaftServerImpl (RaftServerImpl.java:setRole(170)) - s0@group-46F048A18FB7: changes role from CANDIDATE to FOLLOWER at term 21 for recognizeCandidate:s3
2019-09-24 16:43:30,161 INFO  impl.LeaderElection (LeaderElection.java:logAndReturn(56)) - s0@group-46F048A18FB7-LeaderElection52: Election DISCOVERED_A_NEW_TERM; received 1 response(s) [s0<-s3#0:FAIL-t21] and 0 exception(s); s0@group-46F048A18FB7:t21, leader=null, voted=null, raftlog=s0@group-46F048A18FB7-SegmentedRaftLog:OPENED:c-1,f-1,i0, conf=-1: [s3:0.0.0.0:39188, s4:0.0.0.0:40778, s0:0.0.0.0:42012, s1:0.0.0.0:45336, s2:0.0.0.0:38783], old=null
2019-09-24 16:43:30,161 INFO  impl.RaftServerImpl (RaftServerImpl.java:setRole(170)) - s2@group-46F048A18FB7: changes role from CANDIDATE to FOLLOWER at term 20 for recognizeCandidate:s0
2019-09-24 16:43:30,162 INFO  impl.RoleInfo (RoleInfo.java:shutdownLeaderElection(134)) - s2: shutdown LeaderElection
2019-09-24 16:43:30,161 DEBUG impl.RaftServerImpl (RaftServerImpl.java:requestVote(775)) - s3@group-46F048A18FB7 replies to vote request: s4<-s3#0:FAIL-t21. Peer's state: s3@group-46F048A18FB7:t21, leader=null, voted=s3, raftlog=s3@group-46F048A18FB7-SegmentedRaftLog:OPENED:c-1,f-1,i0, conf=-1: [s3:0.0.0.0:39188, s4:0.0.0.0:40778, s0:0.0.0.0:42012, s1:0.0.0.0:45336, s2:0.0.0.0:38783], old=null
2019-09-24 16:43:30,160 INFO  impl.RoleInfo (RoleInfo.java:shutdownLeaderElection(134)) - s4: shutdown LeaderElection
2019-09-24 16:43:30,162 INFO  impl.RoleInfo (RoleInfo.java:updateAndGet(143)) - s2: start FollowerState
2019-09-24 16:43:30,161 INFO  impl.RoleInfo (RoleInfo.java:shutdownLeaderElection(134)) - s0: shutdown LeaderElection
2019-09-24 16:43:30,163 DEBUG impl.RaftServerImpl (RaftServerImpl.java:requestVote(775)) - s2@group-46F048A18FB7 replies to vote request: s0<-s2#0:FAIL-t20. Peer's state: s2@group-46F048A18FB7:t20, leader=null, voted=null, raftlog=s2@group-46F048A18FB7-SegmentedRaftLog:OPENED:c-1,f-1,i0, conf=-1: [s3:0.0.0.0:39188, s4:0.0.0.0:40778, s0:0.0.0.0:42012, s1:0.0.0.0:45336, s2:0.0.0.0:38783], old=null
2019-09-24 16:43:30,163 INFO  impl.RoleInfo (RoleInfo.java:updateAndGet(143)) - s4: start FollowerState
2019-09-24 16:43:30,164 INFO  impl.RaftServerImpl (RaftServerImpl.java:setRole(170)) - s2@group-46F048A18FB7: changes role from  FOLLOWER to FOLLOWER at term 21 for recognizeCandidate:s3
2019-09-24 16:43:30,164 INFO  impl.RoleInfo (RoleInfo.java:updateAndGet(143)) - s0: start FollowerState
2019-09-24 16:43:30,165 INFO  impl.RoleInfo (RoleInfo.java:shutdownFollowerState(121)) - s2: shutdown FollowerState
2019-09-24 16:43:30,164 DEBUG impl.RaftServerImpl (RaftServerImpl.java:requestVote(743)) - s2@group-46F048A18FB7: receive requestVote(s0, group-46F048A18FB7, 19, (t:0, i:0))
2019-09-24 16:43:30,165 INFO  impl.FollowerState (FollowerState.java:run(117)) - s2@group-46F048A18FB7-FollowerState was interrupted: java.lang.InterruptedException: sleep interrupted
2019-09-24 16:43:30,165 INFO  impl.RoleInfo (RoleInfo.java:updateAndGet(143)) - s2: start FollowerState
2019-09-24 16:43:30,361 INFO  impl.LeaderElection (LeaderElection.java:logAndReturn(56)) - s3@group-46F048A18FB7-LeaderElection46: Election TIMEOUT; received 0 response(s) [] and 0 exception(s); s3@group-46F048A18FB7:t21, leader=null, voted=s3, raftlog=s3@group-46F048A18FB7-SegmentedRaftLog:OPENED:c-1,f-1,i0, conf=-1: [s3:0.0.0.0:39188, s4:0.0.0.0:40778, s0:0.0.0.0:42012, s1:0.0.0.0:45336, s2:0.0.0.0:38783], old=null
2019-09-24 16:43:30,368 DEBUG impl.RaftServerImpl (RaftServerImpl.java:requestVote(775)) - s2@group-46F048A18FB7 replies to vote request: s3<-s2#0:OK-t21. Peer's state: s2@group-46F048A18FB7:t21, leader=null, voted=s3, raftlog=s2@group-46F048A18FB7-SegmentedRaftLog:OPENED:c-1,f-1,i0, conf=-1: [s3:0.0.0.0:39188, s4:0.0.0.0:40778, s0:0.0.0.0:42012, s1:0.0.0.0:45336, s2:0.0.0.0:38783], old=null
2019-09-24 16:43:30,368 DEBUG impl.RaftServerImpl (RaftServerImpl.java:requestVote(775)) - s1@group-46F048A18FB7 replies to vote request: s3<-s1#0:OK-t20. Peer's state: s1@group-46F048A18FB7:t20, leader=null, voted=s3, raftlog=s1@group-46F048A18FB7-SegmentedRaftLog:OPENED:c-1,f-1,i0, conf=-1: [s3:0.0.0.0:39188, s4:0.0.0.0:40778, s0:0.0.0.0:42012, s1:0.0.0.0:45336, s2:0.0.0.0:38783], old=null
2019-09-24 16:43:30,368 DEBUG impl.RaftServerImpl (RaftServerImpl.java:requestVote(775)) - s0@group-46F048A18FB7 replies to vote request: s3<-s0#0:FAIL-t21. Peer's state: s0@group-46F048A18FB7:t21, leader=null, voted=null, raftlog=s0@group-46F048A18FB7-SegmentedRaftLog:OPENED:c-1,f-1,i0, conf=-1: [s3:0.0.0.0:39188, s4:0.0.0.0:40778, s0:0.0.0.0:42012, s1:0.0.0.0:45336, s2:0.0.0.0:38783], old=null
2019-09-24 16:43:30,368 DEBUG impl.RaftServerImpl (RaftServerImpl.java:requestVote(775)) - s4@group-46F048A18FB7 replies to vote request: s3<-s4#0:FAIL-t21. Peer's state: s4@group-46F048A18FB7:t21, leader=null, voted=null, raftlog=s4@group-46F048A18FB7-SegmentedRaftLog:OPENED:c-1,f-1,i0, conf=-1: [s3:0.0.0.0:39188, s4:0.0.0.0:40778, s0:0.0.0.0:42012, s1:0.0.0.0:45336, s2:0.0.0.0:38783], old=null
2019-09-24 16:43:30,370 DEBUG impl.RaftServerImpl (RaftServerImpl.java:requestVote(775)) - s0@group-46F048A18FB7 replies to vote request: s4<-s0#0:FAIL-t21. Peer's state: s0@group-46F048A18FB7:t21, leader=null, voted=null, raftlog=s0@group-46F048A18FB7-SegmentedRaftLog:OPENED:c-1,f-1,i0, conf=-1: [s3:0.0.0.0:39188, s4:0.0.0.0:40778, s0:0.0.0.0:42012, s1:0.0.0.0:45336, s2:0.0.0.0:38783], old=null
2019-09-24 16:43:30,369 INFO  impl.FollowerState (FollowerState.java:run(108)) - s1@group-46F048A18FB7-FollowerState: change to CANDIDATE, lastRpcTime:218ms, electionTimeout:160ms
2019-09-24 16:43:30,369 DEBUG impl.RaftServerImpl (RaftServerImpl.java:requestVote(775)) - s2@group-46F048A18FB7 replies to vote request: s0<-s2#0:FAIL-t21. Peer's state: s2@group-46F048A18FB7:t21, leader=null, voted=s3, raftlog=s2@group-46F048A18FB7-SegmentedRaftLog:OPENED:c-1,f-1,i0, conf=-1: [s3:0.0.0.0:39188, s4:0.0.0.0:40778, s0:0.0.0.0:42012, s1:0.0.0.0:45336, s2:0.0.0.0:38783], old=null
2019-09-24 16:43:30,370 INFO  impl.RoleInfo (RoleInfo.java:shutdownFollowerState(121)) - s1: shutdown FollowerState
2019-09-24 16:43:30,370 DEBUG impl.RaftServerImpl (RaftServerImpl.java:requestVote(775)) - s4@group-46F048A18FB7 replies to vote request: s0<-s4#0:FAIL-t21. Peer's state: s4@group-46F048A18FB7:t21, leader=null, voted=null, raftlog=s4@group-46F048A18FB7-SegmentedRaftLog:OPENED:c-1,f-1,i0, conf=-1: [s3:0.0.0.0:39188, s4:0.0.0.0:40778, s0:0.0.0.0:42012, s1:0.0.0.0:45336, s2:0.0.0.0:38783], old=null
2019-09-24 16:43:30,370 DEBUG impl.RaftServerImpl (RaftServerImpl.java:requestVote(743)) - s1@group-46F048A18FB7: receive requestVote(s3, group-46F048A18FB7, 21, (t:0, i:0))
2019-09-24 16:43:30,371 INFO  impl.RaftServerImpl (RaftServerImpl.java:setRole(170)) - s1@group-46F048A18FB7: changes role from  FOLLOWER to CANDIDATE at term 20 for changeToCandidate
2019-09-24 16:43:30,371 DEBUG impl.RaftServerImpl (RaftServerImpl.java:requestVote(743)) - s0@group-46F048A18FB7: receive requestVote(s4, group-46F048A18FB7, 20, (t:0, i:0))
2019-09-24 16:43:30,372 INFO  impl.RoleInfo (RoleInfo.java:updateAndGet(143)) - s1: start LeaderElection
2019-09-24 16:43:30,371 DEBUG impl.RaftServerImpl (RaftServerImpl.java:requestVote(743)) - s4@group-46F048A18FB7: receive requestVote(s0, group-46F048A18FB7, 20, (t:0, i:0))
2019-09-24 16:43:30,372 DEBUG impl.RaftServerImpl (RaftServerImpl.java:requestVote(775)) - s1@group-46F048A18FB7 replies to vote request: s0<-s1#0:FAIL-t20. Peer's state: s1@group-46F048A18FB7:t20, leader=null, voted=s3, raftlog=s1@group-46F048A18FB7-SegmentedRaftLog:OPENED:c-1,f-1,i0, conf=-1: [s3:0.0.0.0:39188, s4:0.0.0.0:40778, s0:0.0.0.0:42012, s1:0.0.0.0:45336, s2:0.0.0.0:38783], old=null
2019-09-24 16:43:30,372 DEBUG impl.RaftServerImpl (RaftServerImpl.java:requestVote(775)) - s0@group-46F048A18FB7 replies to vote request: s4<-s0#0:FAIL-t21. Peer's state: s0@group-46F048A18FB7:t21, leader=null, voted=null, raftlog=s0@group-46F048A18FB7-SegmentedRaftLog:OPENED:c-1,f-1,i0, conf=-1: [s3:0.0.0.0:39188, s4:0.0.0.0:40778, s0:0.0.0.0:42012, s1:0.0.0.0:45336, s2:0.0.0.0:38783], old=null
2019-09-24 16:43:30,373 DEBUG impl.RaftServerImpl (RaftServerImpl.java:requestVote(775)) - s1@group-46F048A18FB7 replies to vote request: s4<-s1#0:FAIL-t20. Peer's state: s1@group-46F048A18FB7:t20, leader=null, voted=s3, raftlog=s1@group-46F048A18FB7-SegmentedRaftLog:OPENED:c-1,f-1,i0, conf=-1: [s3:0.0.0.0:39188, s4:0.0.0.0:40778, s0:0.0.0.0:42012, s1:0.0.0.0:45336, s2:0.0.0.0:38783], old=null
2019-09-24 16:43:30,373 DEBUG impl.RaftServerImpl (RaftServerImpl.java:requestVote(775)) - s4@group-46F048A18FB7 replies to vote request: s0<-s4#0:FAIL-t21. Peer's state: s4@group-46F048A18FB7:t21, leader=null, voted=null, raftlog=s4@group-46F048A18FB7-SegmentedRaftLog:OPENED:c-1,f-1,i0, conf=-1: [s3:0.0.0.0:39188, s4:0.0.0.0:40778, s0:0.0.0.0:42012, s1:0.0.0.0:45336, s2:0.0.0.0:38783], old=null
2019-09-24 16:43:30,373 DEBUG impl.RaftServerImpl (RaftServerImpl.java:requestVote(743)) - s1@group-46F048A18FB7: receive requestVote(s0, group-46F048A18FB7, 20, (t:0, i:0))
2019-09-24 16:43:30,374 DEBUG impl.RaftServerImpl (RaftServerImpl.java:requestVote(743)) - s1@group-46F048A18FB7: receive requestVote(s4, group-46F048A18FB7, 20, (t:0, i:0))
2019-09-24 16:43:30,399 INFO  impl.FollowerState (FollowerState.java:run(108)) - s4@group-46F048A18FB7-FollowerState: change to CANDIDATE, lastRpcTime:235ms, electionTimeout:234ms
2019-09-24 16:43:30,399 INFO  impl.RoleInfo (RoleInfo.java:shutdownFollowerState(121)) - s4: shutdown FollowerState
2019-09-24 16:43:30,399 INFO  impl.RaftServerImpl (RaftServerImpl.java:setRole(170)) - s4@group-46F048A18FB7: changes role from  FOLLOWER to CANDIDATE at term 21 for changeToCandidate
2019-09-24 16:43:30,399 INFO  impl.RoleInfo (RoleInfo.java:updateAndGet(143)) - s4: start LeaderElection
2019-09-24 16:43:30,462 INFO  impl.FollowerState (FollowerState.java:run(108)) - s0@group-46F048A18FB7-FollowerState: change to CANDIDATE, lastRpcTime:298ms, electionTimeout:297ms
2019-09-24 16:43:30,463 INFO  impl.RoleInfo (RoleInfo.java:shutdownFollowerState(121)) - s0: shutdown FollowerState
2019-09-24 16:43:30,463 INFO  impl.RaftServerImpl (RaftServerImpl.java:setRole(170)) - s0@group-46F048A18FB7: changes role from  FOLLOWER to CANDIDATE at term 21 for changeToCandidate
2019-09-24 16:43:30,463 INFO  impl.RoleInfo (RoleInfo.java:updateAndGet(143)) - s0: start LeaderElection
2019-09-24 16:43:30,550 WARN  ratis.RaftTestUtil (JavaUtils.java:attempt(158)) - FAILED "waitForLeader-null-(expectLeader? true)", attempt #76/100: java.lang.IllegalStateException: No leader yet : printing ALL groups
  s3:  RUNNING CANDIDATE s3@group-46F048A18FB7:t22, leader=null, voted=s3, raftlog=s3@group-46F048A18FB7-SegmentedRaftLog:OPENED:c-1,f-1,i0, conf=-1: [s3:0.0.0.0:39188, s4:0.0.0.0:40778, s0:0.0.0.0:42012, s1:0.0.0.0:45336, s2:0.0.0.0:38783], old=null RUNNING
  s4:  RUNNING CANDIDATE s4@group-46F048A18FB7:t22, leader=null, voted=s4, raftlog=s4@group-46F048A18FB7-SegmentedRaftLog:OPENED:c-1,f-1,i0, conf=-1: [s3:0.0.0.0:39188, s4:0.0.0.0:40778, s0:0.0.0.0:42012, s1:0.0.0.0:45336, s2:0.0.0.0:38783], old=null RUNNING
  s0:  RUNNING CANDIDATE s0@group-46F048A18FB7:t22, leader=null, voted=s0, raftlog=s0@group-46F048A18FB7-SegmentedRaftLog:OPENED:c-1,f-1,i0, conf=-1: [s3:0.0.0.0:39188, s4:0.0.0.0:40778, s0:0.0.0.0:42012, s1:0.0.0.0:45336, s2:0.0.0.0:38783], old=null RUNNING
  s1:  RUNNING CANDIDATE s1@group-46F048A18FB7:t21, leader=null, voted=s1, raftlog=s1@group-46F048A18FB7-SegmentedRaftLog:OPENED:c-1,f-1,i0, conf=-1: [s3:0.0.0.0:39188, s4:0.0.0.0:40778, s0:0.0.0.0:42012, s1:0.0.0.0:45336, s2:0.0.0.0:38783], old=null RUNNING
  s2:  RUNNING  FOLLOWER s2@group-46F048A18FB7:t22, leader=null, voted=s2, raftlog=s2@group-46F048A18FB7-SegmentedRaftLog:OPENED:c-1,f-1,i0, conf=-1: [s3:0.0.0.0:39188, s4:0.0.0.0:40778, s0:0.0.0.0:42012, s1:0.0.0.0:45336, s2:0.0.0.0:38783], old=null RUNNING, sleep 450ms and then retry.
java.lang.IllegalStateException: No leader yet : printing ALL groups
  s3:  RUNNING CANDIDATE s3@group-46F048A18FB7:t22, leader=null, voted=s3, raftlog=s3@group-46F048A18FB7-SegmentedRaftLog:OPENED:c-1,f-1,i0, conf=-1: [s3:0.0.0.0:39188, s4:0.0.0.0:40778, s0:0.0.0.0:42012, s1:0.0.0.0:45336, s2:0.0.0.0:38783], old=null RUNNING
  s4:  RUNNING CANDIDATE s4@group-46F048A18FB7:t22, leader=null, voted=s4, raftlog=s4@group-46F048A18FB7-SegmentedRaftLog:OPENED:c-1,f-1,i0, conf=-1: [s3:0.0.0.0:39188, s4:0.0.0.0:40778, s0:0.0.0.0:42012, s1:0.0.0.0:45336, s2:0.0.0.0:38783], old=null RUNNING
  s0:  RUNNING CANDIDATE s0@group-46F048A18FB7:t22, leader=null, voted=s0, raftlog=s0@group-46F048A18FB7-SegmentedRaftLog:OPENED:c-1,f-1,i0, conf=-1: [s3:0.0.0.0:39188, s4:0.0.0.0:40778, s0:0.0.0.0:42012, s1:0.0.0.0:45336, s2:0.0.0.0:38783], old=null RUNNING
  s1:  RUNNING CANDIDATE s1@group-46F048A18FB7:t21, leader=null, voted=s1, raftlog=s1@group-46F048A18FB7-SegmentedRaftLog:OPENED:c-1,f-1,i0, conf=-1: [s3:0.0.0.0:39188, s4:0.0.0.0:40778, s0:0.0.0.0:42012, s1:0.0.0.0:45336, s2:0.0.0.0:38783], old=null RUNNING
  s2:  RUNNING  FOLLOWER s2@group-46F048A18FB7:t22, leader=null, voted=s2, raftlog=s2@group-46F048A18FB7-SegmentedRaftLog:OPENED:c-1,f-1,i0, conf=-1: [s3:0.0.0.0:39188, s4:0.0.0.0:40778, s0:0.0.0.0:42012, s1:0.0.0.0:45336, s2:0.0.0.0:38783], old=null RUNNING
	at org.apache.ratis.MiniRaftCluster.newIllegalStateExceptionForNoLeaders(MiniRaftCluster.java:506)
	at org.apache.ratis.RaftTestUtil.lambda$waitForLeader$1(RaftTestUtil.java:90)
	at org.apache.ratis.MiniRaftCluster.getLeader(MiniRaftCluster.java:539)
	at org.apache.ratis.MiniRaftCluster.getLeader(MiniRaftCluster.java:532)
	at org.apache.ratis.RaftTestUtil.lambda$waitForLeader$3(RaftTestUtil.java:98)
	at org.apache.ratis.util.JavaUtils.attempt(JavaUtils.java:152)
	at org.apache.ratis.RaftTestUtil.waitForLeader(RaftTestUtil.java:97)
	at org.apache.ratis.RaftTestUtil.waitForLeader(RaftTestUtil.java:77)
	at org.apache.ratis.RaftTestUtil.waitForLeader(RaftTestUtil.java:72)
	at org.apache.ratis.RaftBasicTests.testWithLoad(RaftBasicTests.java:336)
	at org.apache.ratis.RaftBasicTests.lambda$testWithLoad$10(RaftBasicTests.java:328)
	at org.apache.ratis.MiniRaftCluster$Factory$Get.runWithNewCluster(MiniRaftCluster.java:125)
	at org.apache.ratis.MiniRaftCluster$Factory$Get.runWithNewCluster(MiniRaftCluster.java:113)
	at org.apache.ratis.RaftBasicTests.testWithLoad(RaftBasicTests.java:328)
	at org.apache.ratis.netty.TestRaftWithNetty.testWithLoad(TestRaftWithNetty.java:31)
	at sun.reflect.NativeMethodAccessorImpl.invoke0(Native Method)
	at sun.reflect.NativeMethodAccessorImpl.invoke(NativeMethodAccessorImpl.java:62)
	at sun.reflect.DelegatingMethodAccessorImpl.invoke(DelegatingMethodAccessorImpl.java:43)
	at java.lang.reflect.Method.invoke(Method.java:498)
	at org.junit.runners.model.FrameworkMethod$1.runReflectiveCall(FrameworkMethod.java:50)
	at org.junit.internal.runners.model.ReflectiveCallable.run(ReflectiveCallable.java:12)
	at org.junit.runners.model.FrameworkMethod.invokeExplosively(FrameworkMethod.java:47)
	at org.junit.internal.runners.statements.InvokeMethod.evaluate(InvokeMethod.java:17)
	at org.junit.internal.runners.statements.RunAfters.evaluate(RunAfters.java:27)
	at org.junit.internal.runners.statements.FailOnTimeout$CallableStatement.call(FailOnTimeout.java:298)
	at org.junit.internal.runners.statements.FailOnTimeout$CallableStatement.call(FailOnTimeout.java:292)
	at java.util.concurrent.FutureTask.run(FutureTask.java:266)
	at java.lang.Thread.run(Thread.java:748)
2019-09-24 16:43:30,881 INFO  impl.LeaderElection (LeaderElection.java:askForVotes(178)) - s3@group-46F048A18FB7-LeaderElection46: begin an election at term 22 for -1: [s3:0.0.0.0:39188, s4:0.0.0.0:40778, s0:0.0.0.0:42012, s1:0.0.0.0:45336, s2:0.0.0.0:38783], old=null
2019-09-24 16:43:30,881 DEBUG impl.RaftServerImpl (RaftServerImpl.java:requestVote(775)) - s1@group-46F048A18FB7 replies to vote request: s3<-s1#0:FAIL-t21. Peer's state: s1@group-46F048A18FB7:t21, leader=null, voted=s1, raftlog=s1@group-46F048A18FB7-SegmentedRaftLog:OPENED:c-1,f-1,i0, conf=-1: [s3:0.0.0.0:39188, s4:0.0.0.0:40778, s0:0.0.0.0:42012, s1:0.0.0.0:45336, s2:0.0.0.0:38783], old=null
2019-09-24 16:43:30,881 DEBUG impl.RaftServerImpl (RaftServerImpl.java:requestVote(775)) - s2@group-46F048A18FB7 replies to vote request: s4<-s2#0:FAIL-t22. Peer's state: s2@group-46F048A18FB7:t22, leader=null, voted=s2, raftlog=s2@group-46F048A18FB7-SegmentedRaftLog:OPENED:c-1,f-1,i0, conf=-1: [s3:0.0.0.0:39188, s4:0.0.0.0:40778, s0:0.0.0.0:42012, s1:0.0.0.0:45336, s2:0.0.0.0:38783], old=null
2019-09-24 16:43:30,881 INFO  impl.LeaderElection (LeaderElection.java:askForVotes(178)) - s2@group-46F048A18FB7-LeaderElection53: begin an election at term 22 for -1: [s3:0.0.0.0:39188, s4:0.0.0.0:40778, s0:0.0.0.0:42012, s1:0.0.0.0:45336, s2:0.0.0.0:38783], old=null
2019-09-24 16:43:30,881 INFO  impl.LeaderElection (LeaderElection.java:askForVotes(178)) - s1@group-46F048A18FB7-LeaderElection54: begin an election at term 21 for -1: [s3:0.0.0.0:39188, s4:0.0.0.0:40778, s0:0.0.0.0:42012, s1:0.0.0.0:45336, s2:0.0.0.0:38783], old=null
2019-09-24 16:43:30,883 INFO  impl.FollowerState (FollowerState.java:run(108)) - s2@group-46F048A18FB7-FollowerState: change to CANDIDATE, lastRpcTime:717ms, electionTimeout:214ms
2019-09-24 16:43:30,882 DEBUG impl.RaftServerImpl (RaftServerImpl.java:requestVote(775)) - s1@group-46F048A18FB7 replies to vote request: s4<-s1#0:FAIL-t21. Peer's state: s1@group-46F048A18FB7:t21, leader=null, voted=s1, raftlog=s1@group-46F048A18FB7-SegmentedRaftLog:OPENED:c-1,f-1,i0, conf=-1: [s3:0.0.0.0:39188, s4:0.0.0.0:40778, s0:0.0.0.0:42012, s1:0.0.0.0:45336, s2:0.0.0.0:38783], old=null
2019-09-24 16:43:30,882 INFO  impl.LeaderElection (LeaderElection.java:askForVotes(178)) - s4@group-46F048A18FB7-LeaderElection55: begin an election at term 22 for -1: [s3:0.0.0.0:39188, s4:0.0.0.0:40778, s0:0.0.0.0:42012, s1:0.0.0.0:45336, s2:0.0.0.0:38783], old=null
2019-09-24 16:43:30,882 INFO  impl.LeaderElection (LeaderElection.java:askForVotes(178)) - s0@group-46F048A18FB7-LeaderElection56: begin an election at term 22 for -1: [s3:0.0.0.0:39188, s4:0.0.0.0:40778, s0:0.0.0.0:42012, s1:0.0.0.0:45336, s2:0.0.0.0:38783], old=null
2019-09-24 16:43:30,884 DEBUG impl.RaftServerImpl (RaftServerImpl.java:requestVote(743)) - s1@group-46F048A18FB7: receive requestVote(s3, group-46F048A18FB7, 22, (t:0, i:0))
2019-09-24 16:43:30,884 DEBUG impl.RaftServerImpl (RaftServerImpl.java:requestVote(743)) - s0@group-46F048A18FB7: receive requestVote(s3, group-46F048A18FB7, 22, (t:0, i:0))
2019-09-24 16:43:30,884 DEBUG impl.RaftServerImpl (RaftServerImpl.java:requestVote(775)) - s1@group-46F048A18FB7 replies to vote request: s0<-s1#0:FAIL-t21. Peer's state: s1@group-46F048A18FB7:t21, leader=null, voted=s1, raftlog=s1@group-46F048A18FB7-SegmentedRaftLog:OPENED:c-1,f-1,i0, conf=-1: [s3:0.0.0.0:39188, s4:0.0.0.0:40778, s0:0.0.0.0:42012, s1:0.0.0.0:45336, s2:0.0.0.0:38783], old=null
2019-09-24 16:43:30,884 DEBUG impl.RaftServerImpl (RaftServerImpl.java:requestVote(743)) - s4@group-46F048A18FB7: receive requestVote(s3, group-46F048A18FB7, 22, (t:0, i:0))
2019-09-24 16:43:30,885 DEBUG impl.RaftServerImpl (RaftServerImpl.java:requestVote(743)) - s3@group-46F048A18FB7: receive requestVote(s4, group-46F048A18FB7, 22, (t:0, i:0))
2019-09-24 16:43:30,883 DEBUG impl.RaftServerImpl (RaftServerImpl.java:requestVote(743)) - s2@group-46F048A18FB7: receive requestVote(s4, group-46F048A18FB7, 20, (t:0, i:0))
2019-09-24 16:43:30,883 INFO  impl.RoleInfo (RoleInfo.java:shutdownFollowerState(121)) - s2: shutdown FollowerState
2019-09-24 16:43:30,886 DEBUG impl.RaftServerImpl (RaftServerImpl.java:requestVote(743)) - s1@group-46F048A18FB7: receive requestVote(s4, group-46F048A18FB7, 22, (t:0, i:0))
2019-09-24 16:43:30,886 DEBUG impl.RaftServerImpl (RaftServerImpl.java:requestVote(743)) - s4@group-46F048A18FB7: receive requestVote(s0, group-46F048A18FB7, 22, (t:0, i:0))
2019-09-24 16:43:30,886 DEBUG impl.RaftServerImpl (RaftServerImpl.java:requestVote(775)) - s3@group-46F048A18FB7 replies to vote request: s4<-s3#0:FAIL-t22. Peer's state: s3@group-46F048A18FB7:t22, leader=null, voted=s3, raftlog=s3@group-46F048A18FB7-SegmentedRaftLog:OPENED:c-1,f-1,i0, conf=-1: [s3:0.0.0.0:39188, s4:0.0.0.0:40778, s0:0.0.0.0:42012, s1:0.0.0.0:45336, s2:0.0.0.0:38783], old=null
2019-09-24 16:43:30,886 DEBUG impl.RaftServerImpl (RaftServerImpl.java:requestVote(743)) - s0@group-46F048A18FB7: receive requestVote(s4, group-46F048A18FB7, 22, (t:0, i:0))
2019-09-24 16:43:30,885 DEBUG impl.RaftServerImpl (RaftServerImpl.java:requestVote(775)) - s4@group-46F048A18FB7 replies to vote request: s3<-s4#0:FAIL-t22. Peer's state: s4@group-46F048A18FB7:t22, leader=null, voted=s4, raftlog=s4@group-46F048A18FB7-SegmentedRaftLog:OPENED:c-1,f-1,i0, conf=-1: [s3:0.0.0.0:39188, s4:0.0.0.0:40778, s0:0.0.0.0:42012, s1:0.0.0.0:45336, s2:0.0.0.0:38783], old=null
2019-09-24 16:43:30,885 DEBUG impl.RaftServerImpl (RaftServerImpl.java:requestVote(743)) - s3@group-46F048A18FB7: receive requestVote(s0, group-46F048A18FB7, 22, (t:0, i:0))
2019-09-24 16:43:30,885 INFO  impl.RaftServerImpl (RaftServerImpl.java:setRole(170)) - s1@group-46F048A18FB7: changes role from CANDIDATE to FOLLOWER at term 22 for recognizeCandidate:s3
2019-09-24 16:43:30,884 DEBUG impl.RaftServerImpl (RaftServerImpl.java:requestVote(775)) - s0@group-46F048A18FB7 replies to vote request: s3<-s0#0:FAIL-t22. Peer's state: s0@group-46F048A18FB7:t22, leader=null, voted=s0, raftlog=s0@group-46F048A18FB7-SegmentedRaftLog:OPENED:c-1,f-1,i0, conf=-1: [s3:0.0.0.0:39188, s4:0.0.0.0:40778, s0:0.0.0.0:42012, s1:0.0.0.0:45336, s2:0.0.0.0:38783], old=null
2019-09-24 16:43:30,884 DEBUG impl.RaftServerImpl (RaftServerImpl.java:requestVote(743)) - s2@group-46F048A18FB7: receive requestVote(s3, group-46F048A18FB7, 22, (t:0, i:0))
2019-09-24 16:43:30,889 DEBUG impl.RaftServerImpl (RaftServerImpl.java:requestVote(775)) - s0@group-46F048A18FB7 replies to vote request: s4<-s0#0:FAIL-t22. Peer's state: s0@group-46F048A18FB7:t22, leader=null, voted=s0, raftlog=s0@group-46F048A18FB7-SegmentedRaftLog:OPENED:c-1,f-1,i0, conf=-1: [s3:0.0.0.0:39188, s4:0.0.0.0:40778, s0:0.0.0.0:42012, s1:0.0.0.0:45336, s2:0.0.0.0:38783], old=null
2019-09-24 16:43:30,888 INFO  impl.RoleInfo (RoleInfo.java:shutdownLeaderElection(134)) - s1: shutdown LeaderElection
2019-09-24 16:43:30,888 DEBUG impl.RaftServerImpl (RaftServerImpl.java:requestVote(775)) - s3@group-46F048A18FB7 replies to vote request: s0<-s3#0:FAIL-t22. Peer's state: s3@group-46F048A18FB7:t22, leader=null, voted=s3, raftlog=s3@group-46F048A18FB7-SegmentedRaftLog:OPENED:c-1,f-1,i0, conf=-1: [s3:0.0.0.0:39188, s4:0.0.0.0:40778, s0:0.0.0.0:42012, s1:0.0.0.0:45336, s2:0.0.0.0:38783], old=null
2019-09-24 16:43:30,888 DEBUG impl.RaftServerImpl (RaftServerImpl.java:requestVote(775)) - s4@group-46F048A18FB7 replies to vote request: s0<-s4#0:FAIL-t22. Peer's state: s4@group-46F048A18FB7:t22, leader=null, voted=s4, raftlog=s4@group-46F048A18FB7-SegmentedRaftLog:OPENED:c-1,f-1,i0, conf=-1: [s3:0.0.0.0:39188, s4:0.0.0.0:40778, s0:0.0.0.0:42012, s1:0.0.0.0:45336, s2:0.0.0.0:38783], old=null
2019-09-24 16:43:30,886 INFO  impl.RaftServerImpl (RaftServerImpl.java:setRole(170)) - s2@group-46F048A18FB7: changes role from  FOLLOWER to CANDIDATE at term 22 for changeToCandidate
2019-09-24 16:43:30,890 DEBUG impl.RaftServerImpl (RaftServerImpl.java:requestVote(743)) - s1@group-46F048A18FB7: receive requestVote(s0, group-46F048A18FB7, 22, (t:0, i:0))
2019-09-24 16:43:30,890 INFO  impl.RoleInfo (RoleInfo.java:updateAndGet(143)) - s1: start FollowerState
2019-09-24 16:43:30,891 DEBUG impl.RaftServerImpl (RaftServerImpl.java:requestVote(743)) - s2@group-46F048A18FB7: receive requestVote(s0, group-46F048A18FB7, 22, (t:0, i:0))
2019-09-24 16:43:30,890 INFO  impl.RoleInfo (RoleInfo.java:updateAndGet(143)) - s2: start LeaderElection
2019-09-24 16:43:30,892 DEBUG impl.RaftServerImpl (RaftServerImpl.java:requestVote(775)) - s2@group-46F048A18FB7 replies to vote request: s0<-s2#0:FAIL-t22. Peer's state: s2@group-46F048A18FB7:t22, leader=null, voted=s2, raftlog=s2@group-46F048A18FB7-SegmentedRaftLog:OPENED:c-1,f-1,i0, conf=-1: [s3:0.0.0.0:39188, s4:0.0.0.0:40778, s0:0.0.0.0:42012, s1:0.0.0.0:45336, s2:0.0.0.0:38783], old=null
2019-09-24 16:43:30,892 DEBUG impl.RaftServerImpl (RaftServerImpl.java:requestVote(775)) - s2@group-46F048A18FB7 replies to vote request: s3<-s2#0:FAIL-t22. Peer's state: s2@group-46F048A18FB7:t22, leader=null, voted=s2, raftlog=s2@group-46F048A18FB7-SegmentedRaftLog:OPENED:c-1,f-1,i0, conf=-1: [s3:0.0.0.0:39188, s4:0.0.0.0:40778, s0:0.0.0.0:42012, s1:0.0.0.0:45336, s2:0.0.0.0:38783], old=null
2019-09-24 16:43:30,893 DEBUG impl.RaftServerImpl (RaftServerImpl.java:requestVote(775)) - s2@group-46F048A18FB7 replies to vote request: s4<-s2#0:FAIL-t22. Peer's state: s2@group-46F048A18FB7:t22, leader=null, voted=s2, raftlog=s2@group-46F048A18FB7-SegmentedRaftLog:OPENED:c-1,f-1,i0, conf=-1: [s3:0.0.0.0:39188, s4:0.0.0.0:40778, s0:0.0.0.0:42012, s1:0.0.0.0:45336, s2:0.0.0.0:38783], old=null
2019-09-24 16:43:30,893 DEBUG impl.RaftServerImpl (RaftServerImpl.java:requestVote(743)) - s2@group-46F048A18FB7: receive requestVote(s4, group-46F048A18FB7, 22, (t:0, i:0))
2019-09-24 16:43:30,894 DEBUG impl.RaftServerImpl (RaftServerImpl.java:requestVote(743)) - s3@group-46F048A18FB7: receive requestVote(s2, group-46F048A18FB7, 22, (t:0, i:0))
2019-09-24 16:43:30,894 DEBUG impl.RaftServerImpl (RaftServerImpl.java:requestVote(775)) - s3@group-46F048A18FB7 replies to vote request: s2<-s3#0:FAIL-t22. Peer's state: s3@group-46F048A18FB7:t22, leader=null, voted=s3, raftlog=s3@group-46F048A18FB7-SegmentedRaftLog:OPENED:c-1,f-1,i0, conf=-1: [s3:0.0.0.0:39188, s4:0.0.0.0:40778, s0:0.0.0.0:42012, s1:0.0.0.0:45336, s2:0.0.0.0:38783], old=null
2019-09-24 16:43:31,002 WARN  ratis.RaftTestUtil (JavaUtils.java:attempt(158)) - FAILED "waitForLeader-null-(expectLeader? true)", attempt #77/100: java.lang.IllegalStateException: No leader yet : printing ALL groups
  s3:  RUNNING CANDIDATE s3@group-46F048A18FB7:t22, leader=null, voted=s3, raftlog=s3@group-46F048A18FB7-SegmentedRaftLog:OPENED:c-1,f-1,i0, conf=-1: [s3:0.0.0.0:39188, s4:0.0.0.0:40778, s0:0.0.0.0:42012, s1:0.0.0.0:45336, s2:0.0.0.0:38783], old=null RUNNING
  s4:  RUNNING CANDIDATE s4@group-46F048A18FB7:t22, leader=null, voted=s4, raftlog=s4@group-46F048A18FB7-SegmentedRaftLog:OPENED:c-1,f-1,i0, conf=-1: [s3:0.0.0.0:39188, s4:0.0.0.0:40778, s0:0.0.0.0:42012, s1:0.0.0.0:45336, s2:0.0.0.0:38783], old=null RUNNING
  s0:  RUNNING CANDIDATE s0@group-46F048A18FB7:t22, leader=null, voted=s0, raftlog=s0@group-46F048A18FB7-SegmentedRaftLog:OPENED:c-1,f-1,i0, conf=-1: [s3:0.0.0.0:39188, s4:0.0.0.0:40778, s0:0.0.0.0:42012, s1:0.0.0.0:45336, s2:0.0.0.0:38783], old=null RUNNING
  s1:  RUNNING  FOLLOWER s1@group-46F048A18FB7:t22, leader=null, voted=null, raftlog=s1@group-46F048A18FB7-SegmentedRaftLog:OPENED:c-1,f-1,i0, conf=-1: [s3:0.0.0.0:39188, s4:0.0.0.0:40778, s0:0.0.0.0:42012, s1:0.0.0.0:45336, s2:0.0.0.0:38783], old=null RUNNING
  s2:  RUNNING CANDIDATE s2@group-46F048A18FB7:t23, leader=null, voted=s2, raftlog=s2@group-46F048A18FB7-SegmentedRaftLog:OPENED:c-1,f-1,i0, conf=-1: [s3:0.0.0.0:39188, s4:0.0.0.0:40778, s0:0.0.0.0:42012, s1:0.0.0.0:45336, s2:0.0.0.0:38783], old=null RUNNING, sleep 450ms and then retry.
java.lang.IllegalStateException: No leader yet : printing ALL groups
  s3:  RUNNING CANDIDATE s3@group-46F048A18FB7:t22, leader=null, voted=s3, raftlog=s3@group-46F048A18FB7-SegmentedRaftLog:OPENED:c-1,f-1,i0, conf=-1: [s3:0.0.0.0:39188, s4:0.0.0.0:40778, s0:0.0.0.0:42012, s1:0.0.0.0:45336, s2:0.0.0.0:38783], old=null RUNNING
  s4:  RUNNING CANDIDATE s4@group-46F048A18FB7:t22, leader=null, voted=s4, raftlog=s4@group-46F048A18FB7-SegmentedRaftLog:OPENED:c-1,f-1,i0, conf=-1: [s3:0.0.0.0:39188, s4:0.0.0.0:40778, s0:0.0.0.0:42012, s1:0.0.0.0:45336, s2:0.0.0.0:38783], old=null RUNNING
  s0:  RUNNING CANDIDATE s0@group-46F048A18FB7:t22, leader=null, voted=s0, raftlog=s0@group-46F048A18FB7-SegmentedRaftLog:OPENED:c-1,f-1,i0, conf=-1: [s3:0.0.0.0:39188, s4:0.0.0.0:40778, s0:0.0.0.0:42012, s1:0.0.0.0:45336, s2:0.0.0.0:38783], old=null RUNNING
  s1:  RUNNING  FOLLOWER s1@group-46F048A18FB7:t22, leader=null, voted=null, raftlog=s1@group-46F048A18FB7-SegmentedRaftLog:OPENED:c-1,f-1,i0, conf=-1: [s3:0.0.0.0:39188, s4:0.0.0.0:40778, s0:0.0.0.0:42012, s1:0.0.0.0:45336, s2:0.0.0.0:38783], old=null RUNNING
  s2:  RUNNING CANDIDATE s2@group-46F048A18FB7:t23, leader=null, voted=s2, raftlog=s2@group-46F048A18FB7-SegmentedRaftLog:OPENED:c-1,f-1,i0, conf=-1: [s3:0.0.0.0:39188, s4:0.0.0.0:40778, s0:0.0.0.0:42012, s1:0.0.0.0:45336, s2:0.0.0.0:38783], old=null RUNNING
	at org.apache.ratis.MiniRaftCluster.newIllegalStateExceptionForNoLeaders(MiniRaftCluster.java:506)
	at org.apache.ratis.RaftTestUtil.lambda$waitForLeader$1(RaftTestUtil.java:90)
	at org.apache.ratis.MiniRaftCluster.getLeader(MiniRaftCluster.java:539)
	at org.apache.ratis.MiniRaftCluster.getLeader(MiniRaftCluster.java:532)
	at org.apache.ratis.RaftTestUtil.lambda$waitForLeader$3(RaftTestUtil.java:98)
	at org.apache.ratis.util.JavaUtils.attempt(JavaUtils.java:152)
	at org.apache.ratis.RaftTestUtil.waitForLeader(RaftTestUtil.java:97)
	at org.apache.ratis.RaftTestUtil.waitForLeader(RaftTestUtil.java:77)
	at org.apache.ratis.RaftTestUtil.waitForLeader(RaftTestUtil.java:72)
	at org.apache.ratis.RaftBasicTests.testWithLoad(RaftBasicTests.java:336)
	at org.apache.ratis.RaftBasicTests.lambda$testWithLoad$10(RaftBasicTests.java:328)
	at org.apache.ratis.MiniRaftCluster$Factory$Get.runWithNewCluster(MiniRaftCluster.java:125)
	at org.apache.ratis.MiniRaftCluster$Factory$Get.runWithNewCluster(MiniRaftCluster.java:113)
	at org.apache.ratis.RaftBasicTests.testWithLoad(RaftBasicTests.java:328)
	at org.apache.ratis.netty.TestRaftWithNetty.testWithLoad(TestRaftWithNetty.java:31)
	at sun.reflect.NativeMethodAccessorImpl.invoke0(Native Method)
	at sun.reflect.NativeMethodAccessorImpl.invoke(NativeMethodAccessorImpl.java:62)
	at sun.reflect.DelegatingMethodAccessorImpl.invoke(DelegatingMethodAccessorImpl.java:43)
	at java.lang.reflect.Method.invoke(Method.java:498)
	at org.junit.runners.model.FrameworkMethod$1.runReflectiveCall(FrameworkMethod.java:50)
	at org.junit.internal.runners.model.ReflectiveCallable.run(ReflectiveCallable.java:12)
	at org.junit.runners.model.FrameworkMethod.invokeExplosively(FrameworkMethod.java:47)
	at org.junit.internal.runners.statements.InvokeMethod.evaluate(InvokeMethod.java:17)
	at org.junit.internal.runners.statements.RunAfters.evaluate(RunAfters.java:27)
	at org.junit.internal.runners.statements.FailOnTimeout$CallableStatement.call(FailOnTimeout.java:298)
	at org.junit.internal.runners.statements.FailOnTimeout$CallableStatement.call(FailOnTimeout.java:292)
	at java.util.concurrent.FutureTask.run(FutureTask.java:266)
	at java.lang.Thread.run(Thread.java:748)
2019-09-24 16:43:31,063 INFO  impl.LeaderElection (LeaderElection.java:logAndReturn(56)) - s0@group-46F048A18FB7-LeaderElection56: Election TIMEOUT; received 3 response(s) [s0<-s3#0:FAIL-t22, s0<-s4#0:FAIL-t22, s0<-s2#0:FAIL-t22] and 0 exception(s); s0@group-46F048A18FB7:t22, leader=null, voted=s0, raftlog=s0@group-46F048A18FB7-SegmentedRaftLog:OPENED:c-1,f-1,i0, conf=-1: [s3:0.0.0.0:39188, s4:0.0.0.0:40778, s0:0.0.0.0:42012, s1:0.0.0.0:45336, s2:0.0.0.0:38783], old=null
2019-09-24 16:43:31,147 INFO  impl.LeaderElection (LeaderElection.java:logAndReturn(56)) - s4@group-46F048A18FB7-LeaderElection55: Election TIMEOUT; received 2 response(s) [s4<-s3#0:FAIL-t22, s4<-s0#0:FAIL-t22] and 0 exception(s); s4@group-46F048A18FB7:t22, leader=null, voted=s4, raftlog=s4@group-46F048A18FB7-SegmentedRaftLog:OPENED:c-1,f-1,i0, conf=-1: [s3:0.0.0.0:39188, s4:0.0.0.0:40778, s0:0.0.0.0:42012, s1:0.0.0.0:45336, s2:0.0.0.0:38783], old=null
2019-09-24 16:43:31,159 INFO  impl.LeaderElection (LeaderElection.java:logAndReturn(56)) - s3@group-46F048A18FB7-LeaderElection46: Election TIMEOUT; received 3 response(s) [s3<-s4#0:FAIL-t22, s3<-s0#0:FAIL-t22, s3<-s2#0:FAIL-t22] and 0 exception(s); s3@group-46F048A18FB7:t22, leader=null, voted=s3, raftlog=s3@group-46F048A18FB7-SegmentedRaftLog:OPENED:c-1,f-1,i0, conf=-1: [s3:0.0.0.0:39188, s4:0.0.0.0:40778, s0:0.0.0.0:42012, s1:0.0.0.0:45336, s2:0.0.0.0:38783], old=null
2019-09-24 16:43:31,454 WARN  ratis.RaftTestUtil (JavaUtils.java:attempt(158)) - FAILED "waitForLeader-null-(expectLeader? true)", attempt #78/100: java.lang.IllegalStateException: No leader yet : printing ALL groups
  s3:  RUNNING CANDIDATE s3@group-46F048A18FB7:t23, leader=null, voted=s3, raftlog=s3@group-46F048A18FB7-SegmentedRaftLog:OPENED:c-1,f-1,i0, conf=-1: [s3:0.0.0.0:39188, s4:0.0.0.0:40778, s0:0.0.0.0:42012, s1:0.0.0.0:45336, s2:0.0.0.0:38783], old=null RUNNING
  s4:  RUNNING CANDIDATE s4@group-46F048A18FB7:t23, leader=null, voted=s4, raftlog=s4@group-46F048A18FB7-SegmentedRaftLog:OPENED:c-1,f-1,i0, conf=-1: [s3:0.0.0.0:39188, s4:0.0.0.0:40778, s0:0.0.0.0:42012, s1:0.0.0.0:45336, s2:0.0.0.0:38783], old=null RUNNING
  s0:  RUNNING CANDIDATE s0@group-46F048A18FB7:t23, leader=null, voted=s0, raftlog=s0@group-46F048A18FB7-SegmentedRaftLog:OPENED:c-1,f-1,i0, conf=-1: [s3:0.0.0.0:39188, s4:0.0.0.0:40778, s0:0.0.0.0:42012, s1:0.0.0.0:45336, s2:0.0.0.0:38783], old=null RUNNING
  s1:  RUNNING  FOLLOWER s1@group-46F048A18FB7:t22, leader=null, voted=null, raftlog=s1@group-46F048A18FB7-SegmentedRaftLog:OPENED:c-1,f-1,i0, conf=-1: [s3:0.0.0.0:39188, s4:0.0.0.0:40778, s0:0.0.0.0:42012, s1:0.0.0.0:45336, s2:0.0.0.0:38783], old=null RUNNING
  s2:  RUNNING CANDIDATE s2@group-46F048A18FB7:t23, leader=null, voted=s2, raftlog=s2@group-46F048A18FB7-SegmentedRaftLog:OPENED:c-1,f-1,i0, conf=-1: [s3:0.0.0.0:39188, s4:0.0.0.0:40778, s0:0.0.0.0:42012, s1:0.0.0.0:45336, s2:0.0.0.0:38783], old=null RUNNING, sleep 450ms and then retry.
java.lang.IllegalStateException: No leader yet : printing ALL groups
  s3:  RUNNING CANDIDATE s3@group-46F048A18FB7:t23, leader=null, voted=s3, raftlog=s3@group-46F048A18FB7-SegmentedRaftLog:OPENED:c-1,f-1,i0, conf=-1: [s3:0.0.0.0:39188, s4:0.0.0.0:40778, s0:0.0.0.0:42012, s1:0.0.0.0:45336, s2:0.0.0.0:38783], old=null RUNNING
  s4:  RUNNING CANDIDATE s4@group-46F048A18FB7:t23, leader=null, voted=s4, raftlog=s4@group-46F048A18FB7-SegmentedRaftLog:OPENED:c-1,f-1,i0, conf=-1: [s3:0.0.0.0:39188, s4:0.0.0.0:40778, s0:0.0.0.0:42012, s1:0.0.0.0:45336, s2:0.0.0.0:38783], old=null RUNNING
  s0:  RUNNING CANDIDATE s0@group-46F048A18FB7:t23, leader=null, voted=s0, raftlog=s0@group-46F048A18FB7-SegmentedRaftLog:OPENED:c-1,f-1,i0, conf=-1: [s3:0.0.0.0:39188, s4:0.0.0.0:40778, s0:0.0.0.0:42012, s1:0.0.0.0:45336, s2:0.0.0.0:38783], old=null RUNNING
  s1:  RUNNING  FOLLOWER s1@group-46F048A18FB7:t22, leader=null, voted=null, raftlog=s1@group-46F048A18FB7-SegmentedRaftLog:OPENED:c-1,f-1,i0, conf=-1: [s3:0.0.0.0:39188, s4:0.0.0.0:40778, s0:0.0.0.0:42012, s1:0.0.0.0:45336, s2:0.0.0.0:38783], old=null RUNNING
  s2:  RUNNING CANDIDATE s2@group-46F048A18FB7:t23, leader=null, voted=s2, raftlog=s2@group-46F048A18FB7-SegmentedRaftLog:OPENED:c-1,f-1,i0, conf=-1: [s3:0.0.0.0:39188, s4:0.0.0.0:40778, s0:0.0.0.0:42012, s1:0.0.0.0:45336, s2:0.0.0.0:38783], old=null RUNNING
	at org.apache.ratis.MiniRaftCluster.newIllegalStateExceptionForNoLeaders(MiniRaftCluster.java:506)
	at org.apache.ratis.RaftTestUtil.lambda$waitForLeader$1(RaftTestUtil.java:90)
	at org.apache.ratis.MiniRaftCluster.getLeader(MiniRaftCluster.java:539)
	at org.apache.ratis.MiniRaftCluster.getLeader(MiniRaftCluster.java:532)
	at org.apache.ratis.RaftTestUtil.lambda$waitForLeader$3(RaftTestUtil.java:98)
	at org.apache.ratis.util.JavaUtils.attempt(JavaUtils.java:152)
	at org.apache.ratis.RaftTestUtil.waitForLeader(RaftTestUtil.java:97)
	at org.apache.ratis.RaftTestUtil.waitForLeader(RaftTestUtil.java:77)
	at org.apache.ratis.RaftTestUtil.waitForLeader(RaftTestUtil.java:72)
	at org.apache.ratis.RaftBasicTests.testWithLoad(RaftBasicTests.java:336)
	at org.apache.ratis.RaftBasicTests.lambda$testWithLoad$10(RaftBasicTests.java:328)
	at org.apache.ratis.MiniRaftCluster$Factory$Get.runWithNewCluster(MiniRaftCluster.java:125)
	at org.apache.ratis.MiniRaftCluster$Factory$Get.runWithNewCluster(MiniRaftCluster.java:113)
	at org.apache.ratis.RaftBasicTests.testWithLoad(RaftBasicTests.java:328)
	at org.apache.ratis.netty.TestRaftWithNetty.testWithLoad(TestRaftWithNetty.java:31)
	at sun.reflect.NativeMethodAccessorImpl.invoke0(Native Method)
	at sun.reflect.NativeMethodAccessorImpl.invoke(NativeMethodAccessorImpl.java:62)
	at sun.reflect.DelegatingMethodAccessorImpl.invoke(DelegatingMethodAccessorImpl.java:43)
	at java.lang.reflect.Method.invoke(Method.java:498)
	at org.junit.runners.model.FrameworkMethod$1.runReflectiveCall(FrameworkMethod.java:50)
	at org.junit.internal.runners.model.ReflectiveCallable.run(ReflectiveCallable.java:12)
	at org.junit.runners.model.FrameworkMethod.invokeExplosively(FrameworkMethod.java:47)
	at org.junit.internal.runners.statements.InvokeMethod.evaluate(InvokeMethod.java:17)
	at org.junit.internal.runners.statements.RunAfters.evaluate(RunAfters.java:27)
	at org.junit.internal.runners.statements.FailOnTimeout$CallableStatement.call(FailOnTimeout.java:298)
	at org.junit.internal.runners.statements.FailOnTimeout$CallableStatement.call(FailOnTimeout.java:292)
	at java.util.concurrent.FutureTask.run(FutureTask.java:266)
	at java.lang.Thread.run(Thread.java:748)
2019-09-24 16:43:31,486 INFO  impl.LeaderElection (LeaderElection.java:askForVotes(178)) - s4@group-46F048A18FB7-LeaderElection55: begin an election at term 23 for -1: [s3:0.0.0.0:39188, s4:0.0.0.0:40778, s0:0.0.0.0:42012, s1:0.0.0.0:45336, s2:0.0.0.0:38783], old=null
2019-09-24 16:43:31,486 DEBUG impl.RaftServerImpl (RaftServerImpl.java:requestVote(775)) - s2@group-46F048A18FB7 replies to vote request: s4<-s2#0:FAIL-t23. Peer's state: s2@group-46F048A18FB7:t23, leader=null, voted=s2, raftlog=s2@group-46F048A18FB7-SegmentedRaftLog:OPENED:c-1,f-1,i0, conf=-1: [s3:0.0.0.0:39188, s4:0.0.0.0:40778, s0:0.0.0.0:42012, s1:0.0.0.0:45336, s2:0.0.0.0:38783], old=null
2019-09-24 16:43:31,486 DEBUG impl.RaftServerImpl (RaftServerImpl.java:requestVote(775)) - s1@group-46F048A18FB7 replies to vote request: s3<-s1#0:FAIL-t22. Peer's state: s1@group-46F048A18FB7:t22, leader=null, voted=null, raftlog=s1@group-46F048A18FB7-SegmentedRaftLog:OPENED:c-1,f-1,i0, conf=-1: [s3:0.0.0.0:39188, s4:0.0.0.0:40778, s0:0.0.0.0:42012, s1:0.0.0.0:45336, s2:0.0.0.0:38783], old=null
2019-09-24 16:43:31,486 INFO  impl.LeaderElection (LeaderElection.java:askForVotes(178)) - s2@group-46F048A18FB7-LeaderElection57: begin an election at term 23 for -1: [s3:0.0.0.0:39188, s4:0.0.0.0:40778, s0:0.0.0.0:42012, s1:0.0.0.0:45336, s2:0.0.0.0:38783], old=null
2019-09-24 16:43:31,486 INFO  impl.LeaderElection (LeaderElection.java:askForVotes(178)) - s0@group-46F048A18FB7-LeaderElection56: begin an election at term 23 for -1: [s3:0.0.0.0:39188, s4:0.0.0.0:40778, s0:0.0.0.0:42012, s1:0.0.0.0:45336, s2:0.0.0.0:38783], old=null
2019-09-24 16:43:31,489 INFO  impl.FollowerState (FollowerState.java:run(108)) - s1@group-46F048A18FB7-FollowerState: change to CANDIDATE, lastRpcTime:599ms, electionTimeout:274ms
2019-09-24 16:43:31,489 INFO  impl.RoleInfo (RoleInfo.java:shutdownFollowerState(121)) - s1: shutdown FollowerState
2019-09-24 16:43:31,489 DEBUG impl.RaftServerImpl (RaftServerImpl.java:requestVote(743)) - s3@group-46F048A18FB7: receive requestVote(s4, group-46F048A18FB7, 23, (t:0, i:0))
2019-09-24 16:43:31,489 DEBUG impl.RaftServerImpl (RaftServerImpl.java:requestVote(743)) - s0@group-46F048A18FB7: receive requestVote(s4, group-46F048A18FB7, 23, (t:0, i:0))
2019-09-24 16:43:31,490 DEBUG impl.RaftServerImpl (RaftServerImpl.java:requestVote(743)) - s2@group-46F048A18FB7: receive requestVote(s4, group-46F048A18FB7, 23, (t:0, i:0))
2019-09-24 16:43:31,490 DEBUG impl.RaftServerImpl (RaftServerImpl.java:requestVote(743)) - s3@group-46F048A18FB7: receive requestVote(s1, group-46F048A18FB7, 21, (t:0, i:0))
2019-09-24 16:43:31,490 DEBUG impl.RaftServerImpl (RaftServerImpl.java:requestVote(743)) - s4@group-46F048A18FB7: receive requestVote(s2, group-46F048A18FB7, 22, (t:0, i:0))
2019-09-24 16:43:31,490 INFO  impl.RaftServerImpl (RaftServerImpl.java:setRole(170)) - s1@group-46F048A18FB7: changes role from  FOLLOWER to CANDIDATE at term 22 for changeToCandidate
2019-09-24 16:43:31,491 DEBUG impl.RaftServerImpl (RaftServerImpl.java:requestVote(775)) - s4@group-46F048A18FB7 replies to vote request: s2<-s4#0:FAIL-t23. Peer's state: s4@group-46F048A18FB7:t23, leader=null, voted=s4, raftlog=s4@group-46F048A18FB7-SegmentedRaftLog:OPENED:c-1,f-1,i0, conf=-1: [s3:0.0.0.0:39188, s4:0.0.0.0:40778, s0:0.0.0.0:42012, s1:0.0.0.0:45336, s2:0.0.0.0:38783], old=null
2019-09-24 16:43:31,491 INFO  impl.LeaderElection (LeaderElection.java:logAndReturn(56)) - s2@group-46F048A18FB7-LeaderElection53: Election REJECTED; received 0 response(s) [] and 0 exception(s); s2@group-46F048A18FB7:t23, leader=null, voted=s2, raftlog=s2@group-46F048A18FB7-SegmentedRaftLog:OPENED:c-1,f-1,i0, conf=-1: [s3:0.0.0.0:39188, s4:0.0.0.0:40778, s0:0.0.0.0:42012, s1:0.0.0.0:45336, s2:0.0.0.0:38783], old=null
2019-09-24 16:43:31,491 DEBUG impl.RaftServerImpl (RaftServerImpl.java:requestVote(743)) - s3@group-46F048A18FB7: receive requestVote(s0, group-46F048A18FB7, 23, (t:0, i:0))
2019-09-24 16:43:31,491 DEBUG impl.RaftServerImpl (RaftServerImpl.java:requestVote(775)) - s2@group-46F048A18FB7 replies to vote request: s4<-s2#0:FAIL-t23. Peer's state: s2@group-46F048A18FB7:t23, leader=null, voted=s2, raftlog=s2@group-46F048A18FB7-SegmentedRaftLog:OPENED:c-1,f-1,i0, conf=-1: [s3:0.0.0.0:39188, s4:0.0.0.0:40778, s0:0.0.0.0:42012, s1:0.0.0.0:45336, s2:0.0.0.0:38783], old=null
2019-09-24 16:43:31,491 DEBUG impl.RaftServerImpl (RaftServerImpl.java:requestVote(743)) - s3@group-46F048A18FB7: receive requestVote(s2, group-46F048A18FB7, 23, (t:0, i:0))
2019-09-24 16:43:31,491 DEBUG impl.RaftServerImpl (RaftServerImpl.java:requestVote(775)) - s0@group-46F048A18FB7 replies to vote request: s4<-s0#0:FAIL-t23. Peer's state: s0@group-46F048A18FB7:t23, leader=null, voted=s0, raftlog=s0@group-46F048A18FB7-SegmentedRaftLog:OPENED:c-1,f-1,i0, conf=-1: [s3:0.0.0.0:39188, s4:0.0.0.0:40778, s0:0.0.0.0:42012, s1:0.0.0.0:45336, s2:0.0.0.0:38783], old=null
2019-09-24 16:43:31,491 DEBUG impl.RaftServerImpl (RaftServerImpl.java:requestVote(743)) - s0@group-46F048A18FB7: receive requestVote(s2, group-46F048A18FB7, 22, (t:0, i:0))
2019-09-24 16:43:31,492 DEBUG impl.RaftServerImpl (RaftServerImpl.java:requestVote(743)) - s4@group-46F048A18FB7: receive requestVote(s2, group-46F048A18FB7, 23, (t:0, i:0))
2019-09-24 16:43:31,492 DEBUG impl.RaftServerImpl (RaftServerImpl.java:requestVote(743)) - s1@group-46F048A18FB7: receive requestVote(s2, group-46F048A18FB7, 22, (t:0, i:0))
2019-09-24 16:43:31,492 DEBUG impl.RaftServerImpl (RaftServerImpl.java:requestVote(743)) - s4@group-46F048A18FB7: receive requestVote(s0, group-46F048A18FB7, 23, (t:0, i:0))
2019-09-24 16:43:31,492 INFO  impl.RoleInfo (RoleInfo.java:updateAndGet(143)) - s1: start LeaderElection
2019-09-24 16:43:31,494 DEBUG impl.RaftServerImpl (RaftServerImpl.java:requestVote(743)) - s2@group-46F048A18FB7: receive requestVote(s0, group-46F048A18FB7, 23, (t:0, i:0))
2019-09-24 16:43:31,494 DEBUG impl.RaftServerImpl (RaftServerImpl.java:requestVote(775)) - s4@group-46F048A18FB7 replies to vote request: s2<-s4#0:FAIL-t23. Peer's state: s4@group-46F048A18FB7:t23, leader=null, voted=s4, raftlog=s4@group-46F048A18FB7-SegmentedRaftLog:OPENED:c-1,f-1,i0, conf=-1: [s3:0.0.0.0:39188, s4:0.0.0.0:40778, s0:0.0.0.0:42012, s1:0.0.0.0:45336, s2:0.0.0.0:38783], old=null
2019-09-24 16:43:31,494 DEBUG impl.RaftServerImpl (RaftServerImpl.java:requestVote(775)) - s0@group-46F048A18FB7 replies to vote request: s2<-s0#0:FAIL-t23. Peer's state: s0@group-46F048A18FB7:t23, leader=null, voted=s0, raftlog=s0@group-46F048A18FB7-SegmentedRaftLog:OPENED:c-1,f-1,i0, conf=-1: [s3:0.0.0.0:39188, s4:0.0.0.0:40778, s0:0.0.0.0:42012, s1:0.0.0.0:45336, s2:0.0.0.0:38783], old=null
2019-09-24 16:43:31,495 DEBUG impl.RaftServerImpl (RaftServerImpl.java:requestVote(775)) - s4@group-46F048A18FB7 replies to vote request: s0<-s4#0:FAIL-t23. Peer's state: s4@group-46F048A18FB7:t23, leader=null, voted=s4, raftlog=s4@group-46F048A18FB7-SegmentedRaftLog:OPENED:c-1,f-1,i0, conf=-1: [s3:0.0.0.0:39188, s4:0.0.0.0:40778, s0:0.0.0.0:42012, s1:0.0.0.0:45336, s2:0.0.0.0:38783], old=null
2019-09-24 16:43:31,495 DEBUG impl.RaftServerImpl (RaftServerImpl.java:requestVote(775)) - s2@group-46F048A18FB7 replies to vote request: s0<-s2#0:FAIL-t23. Peer's state: s2@group-46F048A18FB7:t23, leader=null, voted=s2, raftlog=s2@group-46F048A18FB7-SegmentedRaftLog:OPENED:c-1,f-1,i0, conf=-1: [s3:0.0.0.0:39188, s4:0.0.0.0:40778, s0:0.0.0.0:42012, s1:0.0.0.0:45336, s2:0.0.0.0:38783], old=null
2019-09-24 16:43:31,495 INFO  impl.RaftServerImpl (RaftServerImpl.java:setRole(170)) - s1@group-46F048A18FB7: changes role from CANDIDATE to FOLLOWER at term 22 for recognizeCandidate:s0
2019-09-24 16:43:31,496 DEBUG impl.RaftServerImpl (RaftServerImpl.java:requestVote(743)) - s0@group-46F048A18FB7: receive requestVote(s2, group-46F048A18FB7, 23, (t:0, i:0))
2019-09-24 16:43:31,496 INFO  impl.RoleInfo (RoleInfo.java:shutdownLeaderElection(134)) - s1: shutdown LeaderElection
2019-09-24 16:43:31,497 DEBUG impl.RaftServerImpl (RaftServerImpl.java:requestVote(775)) - s0@group-46F048A18FB7 replies to vote request: s2<-s0#0:FAIL-t23. Peer's state: s0@group-46F048A18FB7:t23, leader=null, voted=s0, raftlog=s0@group-46F048A18FB7-SegmentedRaftLog:OPENED:c-1,f-1,i0, conf=-1: [s3:0.0.0.0:39188, s4:0.0.0.0:40778, s0:0.0.0.0:42012, s1:0.0.0.0:45336, s2:0.0.0.0:38783], old=null
2019-09-24 16:43:31,497 INFO  impl.RoleInfo (RoleInfo.java:updateAndGet(143)) - s1: start FollowerState
2019-09-24 16:43:31,498 DEBUG impl.RaftServerImpl (RaftServerImpl.java:requestVote(775)) - s1@group-46F048A18FB7 replies to vote request: s0<-s1#0:FAIL-t22. Peer's state: s1@group-46F048A18FB7:t22, leader=null, voted=null, raftlog=s1@group-46F048A18FB7-SegmentedRaftLog:OPENED:c-1,f-1,i0, conf=-1: [s3:0.0.0.0:39188, s4:0.0.0.0:40778, s0:0.0.0.0:42012, s1:0.0.0.0:45336, s2:0.0.0.0:38783], old=null
2019-09-24 16:43:31,498 INFO  impl.RaftServerImpl (RaftServerImpl.java:setRole(170)) - s1@group-46F048A18FB7: changes role from  FOLLOWER to FOLLOWER at term 22 for recognizeCandidate:s4
2019-09-24 16:43:31,498 INFO  impl.RoleInfo (RoleInfo.java:shutdownFollowerState(121)) - s1: shutdown FollowerState
2019-09-24 16:43:31,499 DEBUG impl.RaftServerImpl (RaftServerImpl.java:requestVote(743)) - s1@group-46F048A18FB7: receive requestVote(s0, group-46F048A18FB7, 23, (t:0, i:0))
2019-09-24 16:43:31,499 INFO  impl.RoleInfo (RoleInfo.java:updateAndGet(143)) - s1: start FollowerState
2019-09-24 16:43:31,499 INFO  impl.FollowerState (FollowerState.java:run(117)) - s1@group-46F048A18FB7-FollowerState was interrupted: java.lang.InterruptedException: sleep interrupted
2019-09-24 16:43:31,745 INFO  impl.LeaderElection (LeaderElection.java:logAndReturn(56)) - s2@group-46F048A18FB7-LeaderElection57: Election TIMEOUT; received 2 response(s) [s2<-s4#0:FAIL-t23, s2<-s0#0:FAIL-t23] and 0 exception(s); s2@group-46F048A18FB7:t23, leader=null, voted=s2, raftlog=s2@group-46F048A18FB7-SegmentedRaftLog:OPENED:c-1,f-1,i0, conf=-1: [s3:0.0.0.0:39188, s4:0.0.0.0:40778, s0:0.0.0.0:42012, s1:0.0.0.0:45336, s2:0.0.0.0:38783], old=null
2019-09-24 16:43:31,760 INFO  impl.LeaderElection (LeaderElection.java:logAndReturn(56)) - s0@group-46F048A18FB7-LeaderElection56: Election TIMEOUT; received 2 response(s) [s0<-s4#0:FAIL-t23, s0<-s2#0:FAIL-t23] and 0 exception(s); s0@group-46F048A18FB7:t23, leader=null, voted=s0, raftlog=s0@group-46F048A18FB7-SegmentedRaftLog:OPENED:c-1,f-1,i0, conf=-1: [s3:0.0.0.0:39188, s4:0.0.0.0:40778, s0:0.0.0.0:42012, s1:0.0.0.0:45336, s2:0.0.0.0:38783], old=null
2019-09-24 16:43:31,778 INFO  impl.LeaderElection (LeaderElection.java:logAndReturn(56)) - s4@group-46F048A18FB7-LeaderElection55: Election TIMEOUT; received 2 response(s) [s4<-s0#0:FAIL-t23, s4<-s2#0:FAIL-t23] and 0 exception(s); s4@group-46F048A18FB7:t23, leader=null, voted=s4, raftlog=s4@group-46F048A18FB7-SegmentedRaftLog:OPENED:c-1,f-1,i0, conf=-1: [s3:0.0.0.0:39188, s4:0.0.0.0:40778, s0:0.0.0.0:42012, s1:0.0.0.0:45336, s2:0.0.0.0:38783], old=null
2019-09-24 16:43:31,882 INFO  impl.LeaderElection (LeaderElection.java:askForVotes(178)) - s3@group-46F048A18FB7-LeaderElection46: begin an election at term 23 for -1: [s3:0.0.0.0:39188, s4:0.0.0.0:40778, s0:0.0.0.0:42012, s1:0.0.0.0:45336, s2:0.0.0.0:38783], old=null
2019-09-24 16:43:31,882 DEBUG impl.RaftServerImpl (RaftServerImpl.java:requestVote(775)) - s3@group-46F048A18FB7 replies to vote request: s2<-s3#0:FAIL-t23. Peer's state: s3@group-46F048A18FB7:t23, leader=null, voted=s3, raftlog=s3@group-46F048A18FB7-SegmentedRaftLog:OPENED:c-1,f-1,i0, conf=-1: [s3:0.0.0.0:39188, s4:0.0.0.0:40778, s0:0.0.0.0:42012, s1:0.0.0.0:45336, s2:0.0.0.0:38783], old=null
2019-09-24 16:43:31,882 DEBUG impl.RaftServerImpl (RaftServerImpl.java:requestVote(775)) - s1@group-46F048A18FB7 replies to vote request: s4<-s1#0:OK-t22. Peer's state: s1@group-46F048A18FB7:t22, leader=null, voted=s4, raftlog=s1@group-46F048A18FB7-SegmentedRaftLog:OPENED:c-1,f-1,i0, conf=-1: [s3:0.0.0.0:39188, s4:0.0.0.0:40778, s0:0.0.0.0:42012, s1:0.0.0.0:45336, s2:0.0.0.0:38783], old=null
2019-09-24 16:43:31,882 DEBUG impl.RaftServerImpl (RaftServerImpl.java:requestVote(775)) - s3@group-46F048A18FB7 replies to vote request: s0<-s3#0:FAIL-t23. Peer's state: s3@group-46F048A18FB7:t23, leader=null, voted=s3, raftlog=s3@group-46F048A18FB7-SegmentedRaftLog:OPENED:c-1,f-1,i0, conf=-1: [s3:0.0.0.0:39188, s4:0.0.0.0:40778, s0:0.0.0.0:42012, s1:0.0.0.0:45336, s2:0.0.0.0:38783], old=null
2019-09-24 16:43:31,882 INFO  impl.FollowerState (FollowerState.java:run(108)) - s1@group-46F048A18FB7-FollowerState: change to CANDIDATE, lastRpcTime:383ms, electionTimeout:282ms
2019-09-24 16:43:31,883 DEBUG impl.RaftServerImpl (RaftServerImpl.java:requestVote(743)) - s1@group-46F048A18FB7: receive requestVote(s4, group-46F048A18FB7, 23, (t:0, i:0))
2019-09-24 16:43:31,883 DEBUG impl.RaftServerImpl (RaftServerImpl.java:requestVote(775)) - s3@group-46F048A18FB7 replies to vote request: s1<-s3#0:FAIL-t23. Peer's state: s3@group-46F048A18FB7:t23, leader=null, voted=s3, raftlog=s3@group-46F048A18FB7-SegmentedRaftLog:OPENED:c-1,f-1,i0, conf=-1: [s3:0.0.0.0:39188, s4:0.0.0.0:40778, s0:0.0.0.0:42012, s1:0.0.0.0:45336, s2:0.0.0.0:38783], old=null
2019-09-24 16:43:31,883 INFO  impl.RoleInfo (RoleInfo.java:shutdownFollowerState(121)) - s1: shutdown FollowerState
2019-09-24 16:43:31,884 DEBUG impl.RaftServerImpl (RaftServerImpl.java:requestVote(775)) - s3@group-46F048A18FB7 replies to vote request: s4<-s3#0:FAIL-t23. Peer's state: s3@group-46F048A18FB7:t23, leader=null, voted=s3, raftlog=s3@group-46F048A18FB7-SegmentedRaftLog:OPENED:c-1,f-1,i0, conf=-1: [s3:0.0.0.0:39188, s4:0.0.0.0:40778, s0:0.0.0.0:42012, s1:0.0.0.0:45336, s2:0.0.0.0:38783], old=null
2019-09-24 16:43:31,884 INFO  impl.RaftServerImpl (RaftServerImpl.java:setRole(170)) - s1@group-46F048A18FB7: changes role from  FOLLOWER to CANDIDATE at term 22 for changeToCandidate
2019-09-24 16:43:31,885 INFO  impl.RoleInfo (RoleInfo.java:updateAndGet(143)) - s1: start LeaderElection
2019-09-24 16:43:31,885 INFO  impl.RaftServerImpl (RaftServerImpl.java:setRole(170)) - s1@group-46F048A18FB7: changes role from CANDIDATE to FOLLOWER at term 23 for recognizeCandidate:s0
2019-09-24 16:43:31,885 INFO  impl.RoleInfo (RoleInfo.java:shutdownLeaderElection(134)) - s1: shutdown LeaderElection
2019-09-24 16:43:31,886 DEBUG impl.RaftServerImpl (RaftServerImpl.java:requestVote(743)) - s4@group-46F048A18FB7: receive requestVote(s3, group-46F048A18FB7, 23, (t:0, i:0))
2019-09-24 16:43:31,886 DEBUG impl.RaftServerImpl (RaftServerImpl.java:requestVote(743)) - s0@group-46F048A18FB7: receive requestVote(s3, group-46F048A18FB7, 23, (t:0, i:0))
2019-09-24 16:43:31,886 DEBUG impl.RaftServerImpl (RaftServerImpl.java:requestVote(743)) - s1@group-46F048A18FB7: receive requestVote(s3, group-46F048A18FB7, 23, (t:0, i:0))
2019-09-24 16:43:31,886 INFO  impl.RoleInfo (RoleInfo.java:updateAndGet(143)) - s1: start FollowerState
2019-09-24 16:43:31,886 DEBUG impl.RaftServerImpl (RaftServerImpl.java:requestVote(743)) - s2@group-46F048A18FB7: receive requestVote(s3, group-46F048A18FB7, 23, (t:0, i:0))
2019-09-24 16:43:31,905 WARN  ratis.RaftTestUtil (JavaUtils.java:attempt(158)) - FAILED "waitForLeader-null-(expectLeader? true)", attempt #79/100: java.lang.IllegalStateException: No leader yet : printing ALL groups
  s3:  RUNNING CANDIDATE s3@group-46F048A18FB7:t23, leader=null, voted=s3, raftlog=s3@group-46F048A18FB7-SegmentedRaftLog:OPENED:c-1,f-1,i0, conf=-1: [s3:0.0.0.0:39188, s4:0.0.0.0:40778, s0:0.0.0.0:42012, s1:0.0.0.0:45336, s2:0.0.0.0:38783], old=null RUNNING
  s4:  RUNNING CANDIDATE s4@group-46F048A18FB7:t24, leader=null, voted=s4, raftlog=s4@group-46F048A18FB7-SegmentedRaftLog:OPENED:c-1,f-1,i0, conf=-1: [s3:0.0.0.0:39188, s4:0.0.0.0:40778, s0:0.0.0.0:42012, s1:0.0.0.0:45336, s2:0.0.0.0:38783], old=null RUNNING
  s0:  RUNNING CANDIDATE s0@group-46F048A18FB7:t24, leader=null, voted=s0, raftlog=s0@group-46F048A18FB7-SegmentedRaftLog:OPENED:c-1,f-1,i0, conf=-1: [s3:0.0.0.0:39188, s4:0.0.0.0:40778, s0:0.0.0.0:42012, s1:0.0.0.0:45336, s2:0.0.0.0:38783], old=null RUNNING
  s1:  RUNNING  FOLLOWER s1@group-46F048A18FB7:t23, leader=null, voted=null, raftlog=s1@group-46F048A18FB7-SegmentedRaftLog:OPENED:c-1,f-1,i0, conf=-1: [s3:0.0.0.0:39188, s4:0.0.0.0:40778, s0:0.0.0.0:42012, s1:0.0.0.0:45336, s2:0.0.0.0:38783], old=null RUNNING
  s2:  RUNNING CANDIDATE s2@group-46F048A18FB7:t24, leader=null, voted=s2, raftlog=s2@group-46F048A18FB7-SegmentedRaftLog:OPENED:c-1,f-1,i0, conf=-1: [s3:0.0.0.0:39188, s4:0.0.0.0:40778, s0:0.0.0.0:42012, s1:0.0.0.0:45336, s2:0.0.0.0:38783], old=null RUNNING, sleep 450ms and then retry.
java.lang.IllegalStateException: No leader yet : printing ALL groups
  s3:  RUNNING CANDIDATE s3@group-46F048A18FB7:t23, leader=null, voted=s3, raftlog=s3@group-46F048A18FB7-SegmentedRaftLog:OPENED:c-1,f-1,i0, conf=-1: [s3:0.0.0.0:39188, s4:0.0.0.0:40778, s0:0.0.0.0:42012, s1:0.0.0.0:45336, s2:0.0.0.0:38783], old=null RUNNING
  s4:  RUNNING CANDIDATE s4@group-46F048A18FB7:t24, leader=null, voted=s4, raftlog=s4@group-46F048A18FB7-SegmentedRaftLog:OPENED:c-1,f-1,i0, conf=-1: [s3:0.0.0.0:39188, s4:0.0.0.0:40778, s0:0.0.0.0:42012, s1:0.0.0.0:45336, s2:0.0.0.0:38783], old=null RUNNING
  s0:  RUNNING CANDIDATE s0@group-46F048A18FB7:t24, leader=null, voted=s0, raftlog=s0@group-46F048A18FB7-SegmentedRaftLog:OPENED:c-1,f-1,i0, conf=-1: [s3:0.0.0.0:39188, s4:0.0.0.0:40778, s0:0.0.0.0:42012, s1:0.0.0.0:45336, s2:0.0.0.0:38783], old=null RUNNING
  s1:  RUNNING  FOLLOWER s1@group-46F048A18FB7:t23, leader=null, voted=null, raftlog=s1@group-46F048A18FB7-SegmentedRaftLog:OPENED:c-1,f-1,i0, conf=-1: [s3:0.0.0.0:39188, s4:0.0.0.0:40778, s0:0.0.0.0:42012, s1:0.0.0.0:45336, s2:0.0.0.0:38783], old=null RUNNING
  s2:  RUNNING CANDIDATE s2@group-46F048A18FB7:t24, leader=null, voted=s2, raftlog=s2@group-46F048A18FB7-SegmentedRaftLog:OPENED:c-1,f-1,i0, conf=-1: [s3:0.0.0.0:39188, s4:0.0.0.0:40778, s0:0.0.0.0:42012, s1:0.0.0.0:45336, s2:0.0.0.0:38783], old=null RUNNING
	at org.apache.ratis.MiniRaftCluster.newIllegalStateExceptionForNoLeaders(MiniRaftCluster.java:506)
	at org.apache.ratis.RaftTestUtil.lambda$waitForLeader$1(RaftTestUtil.java:90)
	at org.apache.ratis.MiniRaftCluster.getLeader(MiniRaftCluster.java:539)
	at org.apache.ratis.MiniRaftCluster.getLeader(MiniRaftCluster.java:532)
	at org.apache.ratis.RaftTestUtil.lambda$waitForLeader$3(RaftTestUtil.java:98)
	at org.apache.ratis.util.JavaUtils.attempt(JavaUtils.java:152)
	at org.apache.ratis.RaftTestUtil.waitForLeader(RaftTestUtil.java:97)
	at org.apache.ratis.RaftTestUtil.waitForLeader(RaftTestUtil.java:77)
	at org.apache.ratis.RaftTestUtil.waitForLeader(RaftTestUtil.java:72)
	at org.apache.ratis.RaftBasicTests.testWithLoad(RaftBasicTests.java:336)
	at org.apache.ratis.RaftBasicTests.lambda$testWithLoad$10(RaftBasicTests.java:328)
	at org.apache.ratis.MiniRaftCluster$Factory$Get.runWithNewCluster(MiniRaftCluster.java:125)
	at org.apache.ratis.MiniRaftCluster$Factory$Get.runWithNewCluster(MiniRaftCluster.java:113)
	at org.apache.ratis.RaftBasicTests.testWithLoad(RaftBasicTests.java:328)
	at org.apache.ratis.netty.TestRaftWithNetty.testWithLoad(TestRaftWithNetty.java:31)
	at sun.reflect.NativeMethodAccessorImpl.invoke0(Native Method)
	at sun.reflect.NativeMethodAccessorImpl.invoke(NativeMethodAccessorImpl.java:62)
	at sun.reflect.DelegatingMethodAccessorImpl.invoke(DelegatingMethodAccessorImpl.java:43)
	at java.lang.reflect.Method.invoke(Method.java:498)
	at org.junit.runners.model.FrameworkMethod$1.runReflectiveCall(FrameworkMethod.java:50)
	at org.junit.internal.runners.model.ReflectiveCallable.run(ReflectiveCallable.java:12)
	at org.junit.runners.model.FrameworkMethod.invokeExplosively(FrameworkMethod.java:47)
	at org.junit.internal.runners.statements.InvokeMethod.evaluate(InvokeMethod.java:17)
	at org.junit.internal.runners.statements.RunAfters.evaluate(RunAfters.java:27)
	at org.junit.internal.runners.statements.FailOnTimeout$CallableStatement.call(FailOnTimeout.java:298)
	at org.junit.internal.runners.statements.FailOnTimeout$CallableStatement.call(FailOnTimeout.java:292)
	at java.util.concurrent.FutureTask.run(FutureTask.java:266)
	at java.lang.Thread.run(Thread.java:748)
2019-09-24 16:43:32,099 INFO  impl.LeaderElection (LeaderElection.java:askForVotes(178)) - s2@group-46F048A18FB7-LeaderElection57: begin an election at term 24 for -1: [s3:0.0.0.0:39188, s4:0.0.0.0:40778, s0:0.0.0.0:42012, s1:0.0.0.0:45336, s2:0.0.0.0:38783], old=null
2019-09-24 16:43:32,099 DEBUG impl.RaftServerImpl (RaftServerImpl.java:requestVote(775)) - s4@group-46F048A18FB7 replies to vote request: s3<-s4#0:FAIL-t24. Peer's state: s4@group-46F048A18FB7:t24, leader=null, voted=s4, raftlog=s4@group-46F048A18FB7-SegmentedRaftLog:OPENED:c-1,f-1,i0, conf=-1: [s3:0.0.0.0:39188, s4:0.0.0.0:40778, s0:0.0.0.0:42012, s1:0.0.0.0:45336, s2:0.0.0.0:38783], old=null
2019-09-24 16:43:32,099 DEBUG impl.RaftServerImpl (RaftServerImpl.java:requestVote(775)) - s0@group-46F048A18FB7 replies to vote request: s3<-s0#0:FAIL-t24. Peer's state: s0@group-46F048A18FB7:t24, leader=null, voted=s0, raftlog=s0@group-46F048A18FB7-SegmentedRaftLog:OPENED:c-1,f-1,i0, conf=-1: [s3:0.0.0.0:39188, s4:0.0.0.0:40778, s0:0.0.0.0:42012, s1:0.0.0.0:45336, s2:0.0.0.0:38783], old=null
2019-09-24 16:43:32,099 DEBUG impl.RaftServerImpl (RaftServerImpl.java:requestVote(775)) - s2@group-46F048A18FB7 replies to vote request: s3<-s2#0:FAIL-t24. Peer's state: s2@group-46F048A18FB7:t24, leader=null, voted=s2, raftlog=s2@group-46F048A18FB7-SegmentedRaftLog:OPENED:c-1,f-1,i0, conf=-1: [s3:0.0.0.0:39188, s4:0.0.0.0:40778, s0:0.0.0.0:42012, s1:0.0.0.0:45336, s2:0.0.0.0:38783], old=null
2019-09-24 16:43:32,099 INFO  impl.LeaderElection (LeaderElection.java:askForVotes(178)) - s4@group-46F048A18FB7-LeaderElection55: begin an election at term 24 for -1: [s3:0.0.0.0:39188, s4:0.0.0.0:40778, s0:0.0.0.0:42012, s1:0.0.0.0:45336, s2:0.0.0.0:38783], old=null
2019-09-24 16:43:32,099 INFO  impl.LeaderElection (LeaderElection.java:askForVotes(178)) - s0@group-46F048A18FB7-LeaderElection56: begin an election at term 24 for -1: [s3:0.0.0.0:39188, s4:0.0.0.0:40778, s0:0.0.0.0:42012, s1:0.0.0.0:45336, s2:0.0.0.0:38783], old=null
2019-09-24 16:43:32,099 DEBUG impl.RaftServerImpl (RaftServerImpl.java:requestVote(775)) - s1@group-46F048A18FB7 replies to vote request: s0<-s1#0:FAIL-t23. Peer's state: s1@group-46F048A18FB7:t23, leader=null, voted=null, raftlog=s1@group-46F048A18FB7-SegmentedRaftLog:OPENED:c-1,f-1,i0, conf=-1: [s3:0.0.0.0:39188, s4:0.0.0.0:40778, s0:0.0.0.0:42012, s1:0.0.0.0:45336, s2:0.0.0.0:38783], old=null
2019-09-24 16:43:32,100 INFO  impl.LeaderElection (LeaderElection.java:logAndReturn(56)) - s3@group-46F048A18FB7-LeaderElection46: Election DISCOVERED_A_NEW_TERM; received 1 response(s) [s3<-s4#0:FAIL-t24] and 0 exception(s); s3@group-46F048A18FB7:t23, leader=null, voted=s3, raftlog=s3@group-46F048A18FB7-SegmentedRaftLog:OPENED:c-1,f-1,i0, conf=-1: [s3:0.0.0.0:39188, s4:0.0.0.0:40778, s0:0.0.0.0:42012, s1:0.0.0.0:45336, s2:0.0.0.0:38783], old=null
2019-09-24 16:43:32,101 DEBUG impl.RaftServerImpl (RaftServerImpl.java:requestVote(743)) - s3@group-46F048A18FB7: receive requestVote(s2, group-46F048A18FB7, 24, (t:0, i:0))
2019-09-24 16:43:32,102 INFO  impl.RaftServerImpl (RaftServerImpl.java:setRole(170)) - s3@group-46F048A18FB7: changes role from CANDIDATE to FOLLOWER at term 24 for DISCOVERED_A_NEW_TERM
2019-09-24 16:43:32,102 DEBUG impl.RaftServerImpl (RaftServerImpl.java:requestVote(743)) - s3@group-46F048A18FB7: receive requestVote(s0, group-46F048A18FB7, 24, (t:0, i:0))
2019-09-24 16:43:32,102 DEBUG impl.RaftServerImpl (RaftServerImpl.java:requestVote(743)) - s4@group-46F048A18FB7: receive requestVote(s2, group-46F048A18FB7, 24, (t:0, i:0))
2019-09-24 16:43:32,102 DEBUG impl.RaftServerImpl (RaftServerImpl.java:requestVote(743)) - s3@group-46F048A18FB7: receive requestVote(s4, group-46F048A18FB7, 24, (t:0, i:0))
2019-09-24 16:43:32,103 DEBUG impl.RaftServerImpl (RaftServerImpl.java:requestVote(775)) - s4@group-46F048A18FB7 replies to vote request: s2<-s4#0:FAIL-t24. Peer's state: s4@group-46F048A18FB7:t24, leader=null, voted=s4, raftlog=s4@group-46F048A18FB7-SegmentedRaftLog:OPENED:c-1,f-1,i0, conf=-1: [s3:0.0.0.0:39188, s4:0.0.0.0:40778, s0:0.0.0.0:42012, s1:0.0.0.0:45336, s2:0.0.0.0:38783], old=null
2019-09-24 16:43:32,103 DEBUG impl.RaftServerImpl (RaftServerImpl.java:requestVote(743)) - s1@group-46F048A18FB7: receive requestVote(s0, group-46F048A18FB7, 24, (t:0, i:0))
2019-09-24 16:43:32,102 DEBUG impl.RaftServerImpl (RaftServerImpl.java:requestVote(743)) - s0@group-46F048A18FB7: receive requestVote(s4, group-46F048A18FB7, 24, (t:0, i:0))
2019-09-24 16:43:32,102 DEBUG impl.RaftServerImpl (RaftServerImpl.java:requestVote(743)) - s4@group-46F048A18FB7: receive requestVote(s0, group-46F048A18FB7, 24, (t:0, i:0))
2019-09-24 16:43:32,102 INFO  impl.RoleInfo (RoleInfo.java:shutdownLeaderElection(134)) - s3: shutdown LeaderElection
2019-09-24 16:43:32,104 DEBUG impl.RaftServerImpl (RaftServerImpl.java:requestVote(775)) - s4@group-46F048A18FB7 replies to vote request: s0<-s4#0:FAIL-t24. Peer's state: s4@group-46F048A18FB7:t24, leader=null, voted=s4, raftlog=s4@group-46F048A18FB7-SegmentedRaftLog:OPENED:c-1,f-1,i0, conf=-1: [s3:0.0.0.0:39188, s4:0.0.0.0:40778, s0:0.0.0.0:42012, s1:0.0.0.0:45336, s2:0.0.0.0:38783], old=null
2019-09-24 16:43:32,104 DEBUG impl.RaftServerImpl (RaftServerImpl.java:requestVote(775)) - s0@group-46F048A18FB7 replies to vote request: s4<-s0#0:FAIL-t24. Peer's state: s0@group-46F048A18FB7:t24, leader=null, voted=s0, raftlog=s0@group-46F048A18FB7-SegmentedRaftLog:OPENED:c-1,f-1,i0, conf=-1: [s3:0.0.0.0:39188, s4:0.0.0.0:40778, s0:0.0.0.0:42012, s1:0.0.0.0:45336, s2:0.0.0.0:38783], old=null
2019-09-24 16:43:32,104 DEBUG impl.RaftServerImpl (RaftServerImpl.java:requestVote(743)) - s2@group-46F048A18FB7: receive requestVote(s4, group-46F048A18FB7, 24, (t:0, i:0))
2019-09-24 16:43:32,104 DEBUG impl.RaftServerImpl (RaftServerImpl.java:requestVote(743)) - s0@group-46F048A18FB7: receive requestVote(s2, group-46F048A18FB7, 24, (t:0, i:0))
2019-09-24 16:43:32,103 DEBUG impl.RaftServerImpl (RaftServerImpl.java:requestVote(743)) - s2@group-46F048A18FB7: receive requestVote(s0, group-46F048A18FB7, 24, (t:0, i:0))
2019-09-24 16:43:32,106 DEBUG impl.RaftServerImpl (RaftServerImpl.java:requestVote(775)) - s0@group-46F048A18FB7 replies to vote request: s2<-s0#0:FAIL-t24. Peer's state: s0@group-46F048A18FB7:t24, leader=null, voted=s0, raftlog=s0@group-46F048A18FB7-SegmentedRaftLog:OPENED:c-1,f-1,i0, conf=-1: [s3:0.0.0.0:39188, s4:0.0.0.0:40778, s0:0.0.0.0:42012, s1:0.0.0.0:45336, s2:0.0.0.0:38783], old=null
2019-09-24 16:43:32,106 DEBUG impl.RaftServerImpl (RaftServerImpl.java:requestVote(775)) - s2@group-46F048A18FB7 replies to vote request: s4<-s2#0:FAIL-t24. Peer's state: s2@group-46F048A18FB7:t24, leader=null, voted=s2, raftlog=s2@group-46F048A18FB7-SegmentedRaftLog:OPENED:c-1,f-1,i0, conf=-1: [s3:0.0.0.0:39188, s4:0.0.0.0:40778, s0:0.0.0.0:42012, s1:0.0.0.0:45336, s2:0.0.0.0:38783], old=null
2019-09-24 16:43:32,105 INFO  impl.RoleInfo (RoleInfo.java:updateAndGet(143)) - s3: start FollowerState
2019-09-24 16:43:32,107 DEBUG impl.RaftServerImpl (RaftServerImpl.java:requestVote(775)) - s2@group-46F048A18FB7 replies to vote request: s0<-s2#0:FAIL-t24. Peer's state: s2@group-46F048A18FB7:t24, leader=null, voted=s2, raftlog=s2@group-46F048A18FB7-SegmentedRaftLog:OPENED:c-1,f-1,i0, conf=-1: [s3:0.0.0.0:39188, s4:0.0.0.0:40778, s0:0.0.0.0:42012, s1:0.0.0.0:45336, s2:0.0.0.0:38783], old=null
2019-09-24 16:43:32,115 INFO  impl.LeaderElection (LeaderElection.java:askForVotes(178)) - s1@group-46F048A18FB7-LeaderElection58: begin an election at term 24 for -1: [s3:0.0.0.0:39188, s4:0.0.0.0:40778, s0:0.0.0.0:42012, s1:0.0.0.0:45336, s2:0.0.0.0:38783], old=null
2019-09-24 16:43:32,115 DEBUG impl.RaftServerImpl (RaftServerImpl.java:requestVote(775)) - s1@group-46F048A18FB7 replies to vote request: s2<-s1#0:FAIL-t24. Peer's state: s1@group-46F048A18FB7:t24, leader=null, voted=s1, raftlog=s1@group-46F048A18FB7-SegmentedRaftLog:OPENED:c-1,f-1,i0, conf=-1: [s3:0.0.0.0:39188, s4:0.0.0.0:40778, s0:0.0.0.0:42012, s1:0.0.0.0:45336, s2:0.0.0.0:38783], old=null
2019-09-24 16:43:32,115 INFO  impl.RaftServerImpl (RaftServerImpl.java:setRole(170)) - s3@group-46F048A18FB7: changes role from  FOLLOWER to FOLLOWER at term 24 for recognizeCandidate:s4
2019-09-24 16:43:32,116 DEBUG impl.RaftServerImpl (RaftServerImpl.java:requestVote(775)) - s1@group-46F048A18FB7 replies to vote request: s0<-s1#0:FAIL-t24. Peer's state: s1@group-46F048A18FB7:t24, leader=null, voted=s1, raftlog=s1@group-46F048A18FB7-SegmentedRaftLog:OPENED:c-1,f-1,i0, conf=-1: [s3:0.0.0.0:39188, s4:0.0.0.0:40778, s0:0.0.0.0:42012, s1:0.0.0.0:45336, s2:0.0.0.0:38783], old=null
2019-09-24 16:43:32,116 INFO  impl.RoleInfo (RoleInfo.java:shutdownFollowerState(121)) - s3: shutdown FollowerState
2019-09-24 16:43:32,117 DEBUG impl.RaftServerImpl (RaftServerImpl.java:requestVote(743)) - s1@group-46F048A18FB7: receive requestVote(s2, group-46F048A18FB7, 23, (t:0, i:0))
2019-09-24 16:43:32,116 DEBUG impl.RaftServerImpl (RaftServerImpl.java:requestVote(775)) - s1@group-46F048A18FB7 replies to vote request: s3<-s1#0:FAIL-t24. Peer's state: s1@group-46F048A18FB7:t24, leader=null, voted=s1, raftlog=s1@group-46F048A18FB7-SegmentedRaftLog:OPENED:c-1,f-1,i0, conf=-1: [s3:0.0.0.0:39188, s4:0.0.0.0:40778, s0:0.0.0.0:42012, s1:0.0.0.0:45336, s2:0.0.0.0:38783], old=null
2019-09-24 16:43:32,117 DEBUG impl.RaftServerImpl (RaftServerImpl.java:requestVote(743)) - s3@group-46F048A18FB7: receive requestVote(s1, group-46F048A18FB7, 24, (t:0, i:0))
2019-09-24 16:43:32,117 DEBUG impl.RaftServerImpl (RaftServerImpl.java:requestVote(743)) - s4@group-46F048A18FB7: receive requestVote(s1, group-46F048A18FB7, 21, (t:0, i:0))
2019-09-24 16:43:32,117 INFO  impl.FollowerState (FollowerState.java:run(117)) - s3@group-46F048A18FB7-FollowerState was interrupted: java.lang.InterruptedException: sleep interrupted
2019-09-24 16:43:32,117 INFO  impl.RoleInfo (RoleInfo.java:updateAndGet(143)) - s3: start FollowerState
2019-09-24 16:43:32,118 DEBUG impl.RaftServerImpl (RaftServerImpl.java:requestVote(775)) - s4@group-46F048A18FB7 replies to vote request: s1<-s4#0:FAIL-t24. Peer's state: s4@group-46F048A18FB7:t24, leader=null, voted=s4, raftlog=s4@group-46F048A18FB7-SegmentedRaftLog:OPENED:c-1,f-1,i0, conf=-1: [s3:0.0.0.0:39188, s4:0.0.0.0:40778, s0:0.0.0.0:42012, s1:0.0.0.0:45336, s2:0.0.0.0:38783], old=null
2019-09-24 16:43:32,275 INFO  impl.LeaderElection (LeaderElection.java:logAndReturn(56)) - s4@group-46F048A18FB7-LeaderElection55: Election TIMEOUT; received 2 response(s) [s4<-s0#0:FAIL-t24, s4<-s2#0:FAIL-t24] and 0 exception(s); s4@group-46F048A18FB7:t24, leader=null, voted=s4, raftlog=s4@group-46F048A18FB7-SegmentedRaftLog:OPENED:c-1,f-1,i0, conf=-1: [s3:0.0.0.0:39188, s4:0.0.0.0:40778, s0:0.0.0.0:42012, s1:0.0.0.0:45336, s2:0.0.0.0:38783], old=null
2019-09-24 16:43:32,357 WARN  ratis.RaftTestUtil (JavaUtils.java:attempt(158)) - FAILED "waitForLeader-null-(expectLeader? true)", attempt #80/100: java.lang.IllegalStateException: No leader yet : printing ALL groups
  s3:  RUNNING  FOLLOWER s3@group-46F048A18FB7:t24, leader=null, voted=s4, raftlog=s3@group-46F048A18FB7-SegmentedRaftLog:OPENED:c-1,f-1,i0, conf=-1: [s3:0.0.0.0:39188, s4:0.0.0.0:40778, s0:0.0.0.0:42012, s1:0.0.0.0:45336, s2:0.0.0.0:38783], old=null RUNNING
  s4:  RUNNING CANDIDATE s4@group-46F048A18FB7:t25, leader=null, voted=s4, raftlog=s4@group-46F048A18FB7-SegmentedRaftLog:OPENED:c-1,f-1,i0, conf=-1: [s3:0.0.0.0:39188, s4:0.0.0.0:40778, s0:0.0.0.0:42012, s1:0.0.0.0:45336, s2:0.0.0.0:38783], old=null RUNNING
  s0:  RUNNING CANDIDATE s0@group-46F048A18FB7:t24, leader=null, voted=s0, raftlog=s0@group-46F048A18FB7-SegmentedRaftLog:OPENED:c-1,f-1,i0, conf=-1: [s3:0.0.0.0:39188, s4:0.0.0.0:40778, s0:0.0.0.0:42012, s1:0.0.0.0:45336, s2:0.0.0.0:38783], old=null RUNNING
  s1:  RUNNING  FOLLOWER s1@group-46F048A18FB7:t25, leader=null, voted=s1, raftlog=s1@group-46F048A18FB7-SegmentedRaftLog:OPENED:c-1,f-1,i0, conf=-1: [s3:0.0.0.0:39188, s4:0.0.0.0:40778, s0:0.0.0.0:42012, s1:0.0.0.0:45336, s2:0.0.0.0:38783], old=null RUNNING
  s2:  RUNNING CANDIDATE s2@group-46F048A18FB7:t24, leader=null, voted=s2, raftlog=s2@group-46F048A18FB7-SegmentedRaftLog:OPENED:c-1,f-1,i0, conf=-1: [s3:0.0.0.0:39188, s4:0.0.0.0:40778, s0:0.0.0.0:42012, s1:0.0.0.0:45336, s2:0.0.0.0:38783], old=null RUNNING, sleep 450ms and then retry.
java.lang.IllegalStateException: No leader yet : printing ALL groups
  s3:  RUNNING  FOLLOWER s3@group-46F048A18FB7:t24, leader=null, voted=s4, raftlog=s3@group-46F048A18FB7-SegmentedRaftLog:OPENED:c-1,f-1,i0, conf=-1: [s3:0.0.0.0:39188, s4:0.0.0.0:40778, s0:0.0.0.0:42012, s1:0.0.0.0:45336, s2:0.0.0.0:38783], old=null RUNNING
  s4:  RUNNING CANDIDATE s4@group-46F048A18FB7:t25, leader=null, voted=s4, raftlog=s4@group-46F048A18FB7-SegmentedRaftLog:OPENED:c-1,f-1,i0, conf=-1: [s3:0.0.0.0:39188, s4:0.0.0.0:40778, s0:0.0.0.0:42012, s1:0.0.0.0:45336, s2:0.0.0.0:38783], old=null RUNNING
  s0:  RUNNING CANDIDATE s0@group-46F048A18FB7:t24, leader=null, voted=s0, raftlog=s0@group-46F048A18FB7-SegmentedRaftLog:OPENED:c-1,f-1,i0, conf=-1: [s3:0.0.0.0:39188, s4:0.0.0.0:40778, s0:0.0.0.0:42012, s1:0.0.0.0:45336, s2:0.0.0.0:38783], old=null RUNNING
  s1:  RUNNING  FOLLOWER s1@group-46F048A18FB7:t25, leader=null, voted=s1, raftlog=s1@group-46F048A18FB7-SegmentedRaftLog:OPENED:c-1,f-1,i0, conf=-1: [s3:0.0.0.0:39188, s4:0.0.0.0:40778, s0:0.0.0.0:42012, s1:0.0.0.0:45336, s2:0.0.0.0:38783], old=null RUNNING
  s2:  RUNNING CANDIDATE s2@group-46F048A18FB7:t24, leader=null, voted=s2, raftlog=s2@group-46F048A18FB7-SegmentedRaftLog:OPENED:c-1,f-1,i0, conf=-1: [s3:0.0.0.0:39188, s4:0.0.0.0:40778, s0:0.0.0.0:42012, s1:0.0.0.0:45336, s2:0.0.0.0:38783], old=null RUNNING
	at org.apache.ratis.MiniRaftCluster.newIllegalStateExceptionForNoLeaders(MiniRaftCluster.java:506)
	at org.apache.ratis.RaftTestUtil.lambda$waitForLeader$1(RaftTestUtil.java:90)
	at org.apache.ratis.MiniRaftCluster.getLeader(MiniRaftCluster.java:539)
	at org.apache.ratis.MiniRaftCluster.getLeader(MiniRaftCluster.java:532)
	at org.apache.ratis.RaftTestUtil.lambda$waitForLeader$3(RaftTestUtil.java:98)
	at org.apache.ratis.util.JavaUtils.attempt(JavaUtils.java:152)
	at org.apache.ratis.RaftTestUtil.waitForLeader(RaftTestUtil.java:97)
	at org.apache.ratis.RaftTestUtil.waitForLeader(RaftTestUtil.java:77)
	at org.apache.ratis.RaftTestUtil.waitForLeader(RaftTestUtil.java:72)
	at org.apache.ratis.RaftBasicTests.testWithLoad(RaftBasicTests.java:336)
	at org.apache.ratis.RaftBasicTests.lambda$testWithLoad$10(RaftBasicTests.java:328)
	at org.apache.ratis.MiniRaftCluster$Factory$Get.runWithNewCluster(MiniRaftCluster.java:125)
	at org.apache.ratis.MiniRaftCluster$Factory$Get.runWithNewCluster(MiniRaftCluster.java:113)
	at org.apache.ratis.RaftBasicTests.testWithLoad(RaftBasicTests.java:328)
	at org.apache.ratis.netty.TestRaftWithNetty.testWithLoad(TestRaftWithNetty.java:31)
	at sun.reflect.NativeMethodAccessorImpl.invoke0(Native Method)
	at sun.reflect.NativeMethodAccessorImpl.invoke(NativeMethodAccessorImpl.java:62)
	at sun.reflect.DelegatingMethodAccessorImpl.invoke(DelegatingMethodAccessorImpl.java:43)
	at java.lang.reflect.Method.invoke(Method.java:498)
	at org.junit.runners.model.FrameworkMethod$1.runReflectiveCall(FrameworkMethod.java:50)
	at org.junit.internal.runners.model.ReflectiveCallable.run(ReflectiveCallable.java:12)
	at org.junit.runners.model.FrameworkMethod.invokeExplosively(FrameworkMethod.java:47)
	at org.junit.internal.runners.statements.InvokeMethod.evaluate(InvokeMethod.java:17)
	at org.junit.internal.runners.statements.RunAfters.evaluate(RunAfters.java:27)
	at org.junit.internal.runners.statements.FailOnTimeout$CallableStatement.call(FailOnTimeout.java:298)
	at org.junit.internal.runners.statements.FailOnTimeout$CallableStatement.call(FailOnTimeout.java:292)
	at java.util.concurrent.FutureTask.run(FutureTask.java:266)
	at java.lang.Thread.run(Thread.java:748)
2019-09-24 16:43:32,370 INFO  impl.LeaderElection (LeaderElection.java:logAndReturn(56)) - s0@group-46F048A18FB7-LeaderElection56: Election TIMEOUT; received 3 response(s) [s0<-s4#0:FAIL-t24, s0<-s1#0:FAIL-t24, s0<-s2#0:FAIL-t24] and 0 exception(s); s0@group-46F048A18FB7:t24, leader=null, voted=s0, raftlog=s0@group-46F048A18FB7-SegmentedRaftLog:OPENED:c-1,f-1,i0, conf=-1: [s3:0.0.0.0:39188, s4:0.0.0.0:40778, s0:0.0.0.0:42012, s1:0.0.0.0:45336, s2:0.0.0.0:38783], old=null
2019-09-24 16:43:32,390 INFO  impl.LeaderElection (LeaderElection.java:logAndReturn(56)) - s2@group-46F048A18FB7-LeaderElection57: Election TIMEOUT; received 2 response(s) [s2<-s4#0:FAIL-t24, s2<-s0#0:FAIL-t24] and 0 exception(s); s2@group-46F048A18FB7:t24, leader=null, voted=s2, raftlog=s2@group-46F048A18FB7-SegmentedRaftLog:OPENED:c-1,f-1,i0, conf=-1: [s3:0.0.0.0:39188, s4:0.0.0.0:40778, s0:0.0.0.0:42012, s1:0.0.0.0:45336, s2:0.0.0.0:38783], old=null
2019-09-24 16:43:32,406 INFO  impl.LeaderElection (LeaderElection.java:askForVotes(178)) - s1@group-46F048A18FB7-LeaderElection59: begin an election at term 25 for -1: [s3:0.0.0.0:39188, s4:0.0.0.0:40778, s0:0.0.0.0:42012, s1:0.0.0.0:45336, s2:0.0.0.0:38783], old=null
2019-09-24 16:43:32,406 DEBUG impl.RaftServerImpl (RaftServerImpl.java:requestVote(775)) - s1@group-46F048A18FB7 replies to vote request: s4<-s1#0:FAIL-t25. Peer's state: s1@group-46F048A18FB7:t25, leader=null, voted=s1, raftlog=s1@group-46F048A18FB7-SegmentedRaftLog:OPENED:c-1,f-1,i0, conf=-1: [s3:0.0.0.0:39188, s4:0.0.0.0:40778, s0:0.0.0.0:42012, s1:0.0.0.0:45336, s2:0.0.0.0:38783], old=null
2019-09-24 16:43:32,406 DEBUG impl.RaftServerImpl (RaftServerImpl.java:requestVote(775)) - s3@group-46F048A18FB7 replies to vote request: s4<-s3#0:OK-t24. Peer's state: s3@group-46F048A18FB7:t24, leader=null, voted=s4, raftlog=s3@group-46F048A18FB7-SegmentedRaftLog:OPENED:c-1,f-1,i0, conf=-1: [s3:0.0.0.0:39188, s4:0.0.0.0:40778, s0:0.0.0.0:42012, s1:0.0.0.0:45336, s2:0.0.0.0:38783], old=null
2019-09-24 16:43:32,407 INFO  impl.FollowerState (FollowerState.java:run(108)) - s1@group-46F048A18FB7-FollowerState: change to CANDIDATE, lastRpcTime:521ms, electionTimeout:258ms
2019-09-24 16:43:32,407 DEBUG impl.RaftServerImpl (RaftServerImpl.java:requestVote(775)) - s3@group-46F048A18FB7 replies to vote request: s0<-s3#0:FAIL-t24. Peer's state: s3@group-46F048A18FB7:t24, leader=null, voted=s4, raftlog=s3@group-46F048A18FB7-SegmentedRaftLog:OPENED:c-1,f-1,i0, conf=-1: [s3:0.0.0.0:39188, s4:0.0.0.0:40778, s0:0.0.0.0:42012, s1:0.0.0.0:45336, s2:0.0.0.0:38783], old=null
2019-09-24 16:43:32,407 INFO  impl.RoleInfo (RoleInfo.java:shutdownFollowerState(121)) - s1: shutdown FollowerState
2019-09-24 16:43:32,408 DEBUG impl.RaftServerImpl (RaftServerImpl.java:requestVote(743)) - s1@group-46F048A18FB7: receive requestVote(s4, group-46F048A18FB7, 24, (t:0, i:0))
2019-09-24 16:43:32,408 INFO  impl.RaftServerImpl (RaftServerImpl.java:setRole(170)) - s1@group-46F048A18FB7: changes role from  FOLLOWER to CANDIDATE at term 25 for changeToCandidate
2019-09-24 16:43:32,408 DEBUG impl.RaftServerImpl (RaftServerImpl.java:requestVote(775)) - s3@group-46F048A18FB7 replies to vote request: s2<-s3#0:FAIL-t24. Peer's state: s3@group-46F048A18FB7:t24, leader=null, voted=s4, raftlog=s3@group-46F048A18FB7-SegmentedRaftLog:OPENED:c-1,f-1,i0, conf=-1: [s3:0.0.0.0:39188, s4:0.0.0.0:40778, s0:0.0.0.0:42012, s1:0.0.0.0:45336, s2:0.0.0.0:38783], old=null
2019-09-24 16:43:32,409 INFO  impl.RoleInfo (RoleInfo.java:updateAndGet(143)) - s1: start LeaderElection
2019-09-24 16:43:32,409 DEBUG impl.RaftServerImpl (RaftServerImpl.java:requestVote(775)) - s3@group-46F048A18FB7 replies to vote request: s1<-s3#0:FAIL-t24. Peer's state: s3@group-46F048A18FB7:t24, leader=null, voted=s4, raftlog=s3@group-46F048A18FB7-SegmentedRaftLog:OPENED:c-1,f-1,i0, conf=-1: [s3:0.0.0.0:39188, s4:0.0.0.0:40778, s0:0.0.0.0:42012, s1:0.0.0.0:45336, s2:0.0.0.0:38783], old=null
2019-09-24 16:43:32,410 DEBUG impl.RaftServerImpl (RaftServerImpl.java:requestVote(775)) - s1@group-46F048A18FB7 replies to vote request: s2<-s1#0:FAIL-t25. Peer's state: s1@group-46F048A18FB7:t25, leader=null, voted=s1, raftlog=s1@group-46F048A18FB7-SegmentedRaftLog:OPENED:c-1,f-1,i0, conf=-1: [s3:0.0.0.0:39188, s4:0.0.0.0:40778, s0:0.0.0.0:42012, s1:0.0.0.0:45336, s2:0.0.0.0:38783], old=null
2019-09-24 16:43:32,410 DEBUG impl.RaftServerImpl (RaftServerImpl.java:requestVote(743)) - s3@group-46F048A18FB7: receive requestVote(s1, group-46F048A18FB7, 25, (t:0, i:0))
2019-09-24 16:43:32,410 INFO  impl.RaftServerImpl (RaftServerImpl.java:setRole(170)) - s3@group-46F048A18FB7: changes role from  FOLLOWER to FOLLOWER at term 25 for recognizeCandidate:s1
2019-09-24 16:43:32,410 DEBUG impl.RaftServerImpl (RaftServerImpl.java:requestVote(743)) - s1@group-46F048A18FB7: receive requestVote(s2, group-46F048A18FB7, 24, (t:0, i:0))
2019-09-24 16:43:32,411 INFO  impl.RoleInfo (RoleInfo.java:shutdownFollowerState(121)) - s3: shutdown FollowerState
2019-09-24 16:43:32,411 DEBUG impl.RaftServerImpl (RaftServerImpl.java:requestVote(743)) - s4@group-46F048A18FB7: receive requestVote(s1, group-46F048A18FB7, 24, (t:0, i:0))
2019-09-24 16:43:32,411 DEBUG impl.RaftServerImpl (RaftServerImpl.java:requestVote(743)) - s0@group-46F048A18FB7: receive requestVote(s1, group-46F048A18FB7, 21, (t:0, i:0))
2019-09-24 16:43:32,411 INFO  impl.FollowerState (FollowerState.java:run(117)) - s3@group-46F048A18FB7-FollowerState was interrupted: java.lang.InterruptedException: sleep interrupted
2019-09-24 16:43:32,411 INFO  impl.RoleInfo (RoleInfo.java:updateAndGet(143)) - s3: start FollowerState
2019-09-24 16:43:32,625 INFO  impl.LeaderElection (LeaderElection.java:askForVotes(178)) - s4@group-46F048A18FB7-LeaderElection55: begin an election at term 25 for -1: [s3:0.0.0.0:39188, s4:0.0.0.0:40778, s0:0.0.0.0:42012, s1:0.0.0.0:45336, s2:0.0.0.0:38783], old=null
2019-09-24 16:43:32,625 INFO  impl.LeaderElection (LeaderElection.java:askForVotes(178)) - s2@group-46F048A18FB7-LeaderElection57: begin an election at term 25 for -1: [s3:0.0.0.0:39188, s4:0.0.0.0:40778, s0:0.0.0.0:42012, s1:0.0.0.0:45336, s2:0.0.0.0:38783], old=null
2019-09-24 16:43:32,626 DEBUG impl.RaftServerImpl (RaftServerImpl.java:requestVote(775)) - s0@group-46F048A18FB7 replies to vote request: s1<-s0#0:FAIL-t25. Peer's state: s0@group-46F048A18FB7:t25, leader=null, voted=s0, raftlog=s0@group-46F048A18FB7-SegmentedRaftLog:OPENED:c-1,f-1,i0, conf=-1: [s3:0.0.0.0:39188, s4:0.0.0.0:40778, s0:0.0.0.0:42012, s1:0.0.0.0:45336, s2:0.0.0.0:38783], old=null
2019-09-24 16:43:32,626 DEBUG impl.RaftServerImpl (RaftServerImpl.java:requestVote(775)) - s1@group-46F048A18FB7 replies to vote request: s4<-s1#0:FAIL-t26. Peer's state: s1@group-46F048A18FB7:t26, leader=null, voted=s1, raftlog=s1@group-46F048A18FB7-SegmentedRaftLog:OPENED:c-1,f-1,i0, conf=-1: [s3:0.0.0.0:39188, s4:0.0.0.0:40778, s0:0.0.0.0:42012, s1:0.0.0.0:45336, s2:0.0.0.0:38783], old=null
2019-09-24 16:43:32,626 DEBUG impl.RaftServerImpl (RaftServerImpl.java:requestVote(775)) - s3@group-46F048A18FB7 replies to vote request: s1<-s3#0:OK-t25. Peer's state: s3@group-46F048A18FB7:t25, leader=null, voted=s1, raftlog=s3@group-46F048A18FB7-SegmentedRaftLog:OPENED:c-1,f-1,i0, conf=-1: [s3:0.0.0.0:39188, s4:0.0.0.0:40778, s0:0.0.0.0:42012, s1:0.0.0.0:45336, s2:0.0.0.0:38783], old=null
2019-09-24 16:43:32,626 DEBUG impl.RaftServerImpl (RaftServerImpl.java:requestVote(775)) - s4@group-46F048A18FB7 replies to vote request: s1<-s4#0:FAIL-t25. Peer's state: s4@group-46F048A18FB7:t25, leader=null, voted=s4, raftlog=s4@group-46F048A18FB7-SegmentedRaftLog:OPENED:c-1,f-1,i0, conf=-1: [s3:0.0.0.0:39188, s4:0.0.0.0:40778, s0:0.0.0.0:42012, s1:0.0.0.0:45336, s2:0.0.0.0:38783], old=null
2019-09-24 16:43:32,626 INFO  impl.LeaderElection (LeaderElection.java:askForVotes(178)) - s1@group-46F048A18FB7-LeaderElection60: begin an election at term 26 for -1: [s3:0.0.0.0:39188, s4:0.0.0.0:40778, s0:0.0.0.0:42012, s1:0.0.0.0:45336, s2:0.0.0.0:38783], old=null
2019-09-24 16:43:32,626 INFO  impl.LeaderElection (LeaderElection.java:askForVotes(178)) - s0@group-46F048A18FB7-LeaderElection56: begin an election at term 25 for -1: [s3:0.0.0.0:39188, s4:0.0.0.0:40778, s0:0.0.0.0:42012, s1:0.0.0.0:45336, s2:0.0.0.0:38783], old=null
2019-09-24 16:43:32,628 DEBUG impl.RaftServerImpl (RaftServerImpl.java:requestVote(743)) - s3@group-46F048A18FB7: receive requestVote(s2, group-46F048A18FB7, 25, (t:0, i:0))
2019-09-24 16:43:32,627 DEBUG impl.RaftServerImpl (RaftServerImpl.java:requestVote(775)) - s1@group-46F048A18FB7 replies to vote request: s2<-s1#0:FAIL-t26. Peer's state: s1@group-46F048A18FB7:t26, leader=null, voted=s1, raftlog=s1@group-46F048A18FB7-SegmentedRaftLog:OPENED:c-1,f-1,i0, conf=-1: [s3:0.0.0.0:39188, s4:0.0.0.0:40778, s0:0.0.0.0:42012, s1:0.0.0.0:45336, s2:0.0.0.0:38783], old=null
2019-09-24 16:43:32,628 DEBUG impl.RaftServerImpl (RaftServerImpl.java:requestVote(743)) - s4@group-46F048A18FB7: receive requestVote(s1, group-46F048A18FB7, 25, (t:0, i:0))
2019-09-24 16:43:32,628 DEBUG impl.RaftServerImpl (RaftServerImpl.java:requestVote(775)) - s3@group-46F048A18FB7 replies to vote request: s2<-s3#0:FAIL-t25. Peer's state: s3@group-46F048A18FB7:t25, leader=null, voted=s1, raftlog=s3@group-46F048A18FB7-SegmentedRaftLog:OPENED:c-1,f-1,i0, conf=-1: [s3:0.0.0.0:39188, s4:0.0.0.0:40778, s0:0.0.0.0:42012, s1:0.0.0.0:45336, s2:0.0.0.0:38783], old=null
2019-09-24 16:43:32,628 DEBUG impl.RaftServerImpl (RaftServerImpl.java:requestVote(743)) - s0@group-46F048A18FB7: receive requestVote(s2, group-46F048A18FB7, 25, (t:0, i:0))
2019-09-24 16:43:32,628 DEBUG impl.RaftServerImpl (RaftServerImpl.java:requestVote(743)) - s4@group-46F048A18FB7: receive requestVote(s2, group-46F048A18FB7, 25, (t:0, i:0))
2019-09-24 16:43:32,629 DEBUG impl.RaftServerImpl (RaftServerImpl.java:requestVote(775)) - s0@group-46F048A18FB7 replies to vote request: s2<-s0#0:FAIL-t25. Peer's state: s0@group-46F048A18FB7:t25, leader=null, voted=s0, raftlog=s0@group-46F048A18FB7-SegmentedRaftLog:OPENED:c-1,f-1,i0, conf=-1: [s3:0.0.0.0:39188, s4:0.0.0.0:40778, s0:0.0.0.0:42012, s1:0.0.0.0:45336, s2:0.0.0.0:38783], old=null
2019-09-24 16:43:32,629 INFO  impl.LeaderElection (LeaderElection.java:logAndReturn(56)) - s1@group-46F048A18FB7-LeaderElection54: Election REJECTED; received 0 response(s) [] and 0 exception(s); s1@group-46F048A18FB7:t26, leader=null, voted=s1, raftlog=s1@group-46F048A18FB7-SegmentedRaftLog:OPENED:c-1,f-1,i0, conf=-1: [s3:0.0.0.0:39188, s4:0.0.0.0:40778, s0:0.0.0.0:42012, s1:0.0.0.0:45336, s2:0.0.0.0:38783], old=null
2019-09-24 16:43:32,630 INFO  impl.LeaderElection (LeaderElection.java:logAndReturn(56)) - s1@group-46F048A18FB7-LeaderElection58: Election REJECTED; received 0 response(s) [] and 0 exception(s); s1@group-46F048A18FB7:t26, leader=null, voted=s1, raftlog=s1@group-46F048A18FB7-SegmentedRaftLog:OPENED:c-1,f-1,i0, conf=-1: [s3:0.0.0.0:39188, s4:0.0.0.0:40778, s0:0.0.0.0:42012, s1:0.0.0.0:45336, s2:0.0.0.0:38783], old=null
2019-09-24 16:43:32,629 DEBUG impl.RaftServerImpl (RaftServerImpl.java:requestVote(743)) - s4@group-46F048A18FB7: receive requestVote(s0, group-46F048A18FB7, 25, (t:0, i:0))
2019-09-24 16:43:32,629 DEBUG impl.RaftServerImpl (RaftServerImpl.java:requestVote(743)) - s3@group-46F048A18FB7: receive requestVote(s0, group-46F048A18FB7, 25, (t:0, i:0))
2019-09-24 16:43:32,629 DEBUG impl.RaftServerImpl (RaftServerImpl.java:requestVote(743)) - s1@group-46F048A18FB7: receive requestVote(s4, group-46F048A18FB7, 25, (t:0, i:0))
2019-09-24 16:43:32,629 DEBUG impl.RaftServerImpl (RaftServerImpl.java:requestVote(743)) - s0@group-46F048A18FB7: receive requestVote(s4, group-46F048A18FB7, 25, (t:0, i:0))
2019-09-24 16:43:32,629 DEBUG impl.RaftServerImpl (RaftServerImpl.java:requestVote(743)) - s1@group-46F048A18FB7: receive requestVote(s2, group-46F048A18FB7, 25, (t:0, i:0))
2019-09-24 16:43:32,629 DEBUG impl.RaftServerImpl (RaftServerImpl.java:requestVote(775)) - s4@group-46F048A18FB7 replies to vote request: s1<-s4#0:FAIL-t25. Peer's state: s4@group-46F048A18FB7:t25, leader=null, voted=s4, raftlog=s4@group-46F048A18FB7-SegmentedRaftLog:OPENED:c-1,f-1,i0, conf=-1: [s3:0.0.0.0:39188, s4:0.0.0.0:40778, s0:0.0.0.0:42012, s1:0.0.0.0:45336, s2:0.0.0.0:38783], old=null
2019-09-24 16:43:32,629 DEBUG impl.RaftServerImpl (RaftServerImpl.java:requestVote(743)) - s3@group-46F048A18FB7: receive requestVote(s4, group-46F048A18FB7, 25, (t:0, i:0))
2019-09-24 16:43:32,633 DEBUG impl.RaftServerImpl (RaftServerImpl.java:requestVote(775)) - s4@group-46F048A18FB7 replies to vote request: s0<-s4#0:FAIL-t25. Peer's state: s4@group-46F048A18FB7:t25, leader=null, voted=s4, raftlog=s4@group-46F048A18FB7-SegmentedRaftLog:OPENED:c-1,f-1,i0, conf=-1: [s3:0.0.0.0:39188, s4:0.0.0.0:40778, s0:0.0.0.0:42012, s1:0.0.0.0:45336, s2:0.0.0.0:38783], old=null
2019-09-24 16:43:32,632 DEBUG impl.RaftServerImpl (RaftServerImpl.java:requestVote(775)) - s0@group-46F048A18FB7 replies to vote request: s4<-s0#0:FAIL-t25. Peer's state: s0@group-46F048A18FB7:t25, leader=null, voted=s0, raftlog=s0@group-46F048A18FB7-SegmentedRaftLog:OPENED:c-1,f-1,i0, conf=-1: [s3:0.0.0.0:39188, s4:0.0.0.0:40778, s0:0.0.0.0:42012, s1:0.0.0.0:45336, s2:0.0.0.0:38783], old=null
2019-09-24 16:43:32,632 DEBUG impl.RaftServerImpl (RaftServerImpl.java:requestVote(775)) - s1@group-46F048A18FB7 replies to vote request: s4<-s1#0:FAIL-t26. Peer's state: s1@group-46F048A18FB7:t26, leader=null, voted=s1, raftlog=s1@group-46F048A18FB7-SegmentedRaftLog:OPENED:c-1,f-1,i0, conf=-1: [s3:0.0.0.0:39188, s4:0.0.0.0:40778, s0:0.0.0.0:42012, s1:0.0.0.0:45336, s2:0.0.0.0:38783], old=null
2019-09-24 16:43:32,632 DEBUG impl.RaftServerImpl (RaftServerImpl.java:requestVote(743)) - s2@group-46F048A18FB7: receive requestVote(s0, group-46F048A18FB7, 25, (t:0, i:0))
2019-09-24 16:43:32,634 INFO  impl.LeaderElection (LeaderElection.java:logAndReturn(56)) - s4@group-46F048A18FB7-LeaderElection55: Election DISCOVERED_A_NEW_TERM; received 2 response(s) [s4<-s0#0:FAIL-t25, s4<-s1#0:FAIL-t26] and 0 exception(s); s4@group-46F048A18FB7:t25, leader=null, voted=s4, raftlog=s4@group-46F048A18FB7-SegmentedRaftLog:OPENED:c-1,f-1,i0, conf=-1: [s3:0.0.0.0:39188, s4:0.0.0.0:40778, s0:0.0.0.0:42012, s1:0.0.0.0:45336, s2:0.0.0.0:38783], old=null
2019-09-24 16:43:32,632 DEBUG impl.RaftServerImpl (RaftServerImpl.java:requestVote(775)) - s3@group-46F048A18FB7 replies to vote request: s0<-s3#0:FAIL-t25. Peer's state: s3@group-46F048A18FB7:t25, leader=null, voted=s1, raftlog=s3@group-46F048A18FB7-SegmentedRaftLog:OPENED:c-1,f-1,i0, conf=-1: [s3:0.0.0.0:39188, s4:0.0.0.0:40778, s0:0.0.0.0:42012, s1:0.0.0.0:45336, s2:0.0.0.0:38783], old=null
2019-09-24 16:43:32,631 DEBUG impl.RaftServerImpl (RaftServerImpl.java:requestVote(743)) - s3@group-46F048A18FB7: receive requestVote(s1, group-46F048A18FB7, 26, (t:0, i:0))
2019-09-24 16:43:32,630 DEBUG impl.RaftServerImpl (RaftServerImpl.java:requestVote(743)) - s2@group-46F048A18FB7: receive requestVote(s1, group-46F048A18FB7, 21, (t:0, i:0))
2019-09-24 16:43:32,630 DEBUG impl.RaftServerImpl (RaftServerImpl.java:requestVote(743)) - s1@group-46F048A18FB7: receive requestVote(s0, group-46F048A18FB7, 25, (t:0, i:0))
2019-09-24 16:43:32,630 INFO  impl.LeaderElection (LeaderElection.java:logAndReturn(56)) - s1@group-46F048A18FB7-LeaderElection59: Election REJECTED; received 0 response(s) [] and 0 exception(s); s1@group-46F048A18FB7:t26, leader=null, voted=s1, raftlog=s1@group-46F048A18FB7-SegmentedRaftLog:OPENED:c-1,f-1,i0, conf=-1: [s3:0.0.0.0:39188, s4:0.0.0.0:40778, s0:0.0.0.0:42012, s1:0.0.0.0:45336, s2:0.0.0.0:38783], old=null
2019-09-24 16:43:32,630 DEBUG impl.RaftServerImpl (RaftServerImpl.java:requestVote(743)) - s0@group-46F048A18FB7: receive requestVote(s1, group-46F048A18FB7, 24, (t:0, i:0))
2019-09-24 16:43:32,630 DEBUG impl.RaftServerImpl (RaftServerImpl.java:requestVote(743)) - s2@group-46F048A18FB7: receive requestVote(s4, group-46F048A18FB7, 25, (t:0, i:0))
2019-09-24 16:43:32,636 DEBUG impl.RaftServerImpl (RaftServerImpl.java:requestVote(775)) - s0@group-46F048A18FB7 replies to vote request: s1<-s0#0:FAIL-t25. Peer's state: s0@group-46F048A18FB7:t25, leader=null, voted=s0, raftlog=s0@group-46F048A18FB7-SegmentedRaftLog:OPENED:c-1,f-1,i0, conf=-1: [s3:0.0.0.0:39188, s4:0.0.0.0:40778, s0:0.0.0.0:42012, s1:0.0.0.0:45336, s2:0.0.0.0:38783], old=null
2019-09-24 16:43:32,635 DEBUG impl.RaftServerImpl (RaftServerImpl.java:requestVote(775)) - s3@group-46F048A18FB7 replies to vote request: s4<-s3#0:FAIL-t25. Peer's state: s3@group-46F048A18FB7:t25, leader=null, voted=s1, raftlog=s3@group-46F048A18FB7-SegmentedRaftLog:OPENED:c-1,f-1,i0, conf=-1: [s3:0.0.0.0:39188, s4:0.0.0.0:40778, s0:0.0.0.0:42012, s1:0.0.0.0:45336, s2:0.0.0.0:38783], old=null
2019-09-24 16:43:32,634 DEBUG impl.RaftServerImpl (RaftServerImpl.java:requestVote(775)) - s2@group-46F048A18FB7 replies to vote request: s0<-s2#0:FAIL-t25. Peer's state: s2@group-46F048A18FB7:t25, leader=null, voted=s2, raftlog=s2@group-46F048A18FB7-SegmentedRaftLog:OPENED:c-1,f-1,i0, conf=-1: [s3:0.0.0.0:39188, s4:0.0.0.0:40778, s0:0.0.0.0:42012, s1:0.0.0.0:45336, s2:0.0.0.0:38783], old=null
2019-09-24 16:43:32,634 DEBUG impl.RaftServerImpl (RaftServerImpl.java:requestVote(775)) - s1@group-46F048A18FB7 replies to vote request: s2<-s1#0:FAIL-t26. Peer's state: s1@group-46F048A18FB7:t26, leader=null, voted=s1, raftlog=s1@group-46F048A18FB7-SegmentedRaftLog:OPENED:c-1,f-1,i0, conf=-1: [s3:0.0.0.0:39188, s4:0.0.0.0:40778, s0:0.0.0.0:42012, s1:0.0.0.0:45336, s2:0.0.0.0:38783], old=null
2019-09-24 16:43:32,633 DEBUG impl.RaftServerImpl (RaftServerImpl.java:requestVote(775)) - s4@group-46F048A18FB7 replies to vote request: s2<-s4#0:FAIL-t25. Peer's state: s4@group-46F048A18FB7:t25, leader=null, voted=s4, raftlog=s4@group-46F048A18FB7-SegmentedRaftLog:OPENED:c-1,f-1,i0, conf=-1: [s3:0.0.0.0:39188, s4:0.0.0.0:40778, s0:0.0.0.0:42012, s1:0.0.0.0:45336, s2:0.0.0.0:38783], old=null
2019-09-24 16:43:32,633 DEBUG impl.RaftServerImpl (RaftServerImpl.java:requestVote(743)) - s4@group-46F048A18FB7: receive requestVote(s1, group-46F048A18FB7, 26, (t:0, i:0))
2019-09-24 16:43:32,638 INFO  impl.LeaderElection (LeaderElection.java:logAndReturn(56)) - s2@group-46F048A18FB7-LeaderElection57: Election DISCOVERED_A_NEW_TERM; received 3 response(s) [s2<-s3#0:FAIL-t25, s2<-s0#0:FAIL-t25, s2<-s1#0:FAIL-t26] and 0 exception(s); s2@group-46F048A18FB7:t25, leader=null, voted=s2, raftlog=s2@group-46F048A18FB7-SegmentedRaftLog:OPENED:c-1,f-1,i0, conf=-1: [s3:0.0.0.0:39188, s4:0.0.0.0:40778, s0:0.0.0.0:42012, s1:0.0.0.0:45336, s2:0.0.0.0:38783], old=null
2019-09-24 16:43:32,638 INFO  impl.RaftServerImpl (RaftServerImpl.java:setRole(170)) - s4@group-46F048A18FB7: changes role from CANDIDATE to FOLLOWER at term 26 for DISCOVERED_A_NEW_TERM
2019-09-24 16:43:32,639 INFO  impl.RoleInfo (RoleInfo.java:shutdownLeaderElection(134)) - s4: shutdown LeaderElection
2019-09-24 16:43:32,638 DEBUG impl.RaftServerImpl (RaftServerImpl.java:requestVote(775)) - s1@group-46F048A18FB7 replies to vote request: s0<-s1#0:FAIL-t26. Peer's state: s1@group-46F048A18FB7:t26, leader=null, voted=s1, raftlog=s1@group-46F048A18FB7-SegmentedRaftLog:OPENED:c-1,f-1,i0, conf=-1: [s3:0.0.0.0:39188, s4:0.0.0.0:40778, s0:0.0.0.0:42012, s1:0.0.0.0:45336, s2:0.0.0.0:38783], old=null
2019-09-24 16:43:32,638 DEBUG impl.RaftServerImpl (RaftServerImpl.java:requestVote(775)) - s2@group-46F048A18FB7 replies to vote request: s4<-s2#0:FAIL-t25. Peer's state: s2@group-46F048A18FB7:t25, leader=null, voted=s2, raftlog=s2@group-46F048A18FB7-SegmentedRaftLog:OPENED:c-1,f-1,i0, conf=-1: [s3:0.0.0.0:39188, s4:0.0.0.0:40778, s0:0.0.0.0:42012, s1:0.0.0.0:45336, s2:0.0.0.0:38783], old=null
2019-09-24 16:43:32,637 DEBUG impl.RaftServerImpl (RaftServerImpl.java:requestVote(743)) - s0@group-46F048A18FB7: receive requestVote(s1, group-46F048A18FB7, 25, (t:0, i:0))
2019-09-24 16:43:32,637 INFO  impl.RaftServerImpl (RaftServerImpl.java:setRole(170)) - s3@group-46F048A18FB7: changes role from  FOLLOWER to FOLLOWER at term 26 for recognizeCandidate:s1
2019-09-24 16:43:32,640 DEBUG impl.RaftServerImpl (RaftServerImpl.java:requestVote(775)) - s0@group-46F048A18FB7 replies to vote request: s1<-s0#0:FAIL-t25. Peer's state: s0@group-46F048A18FB7:t25, leader=null, voted=s0, raftlog=s0@group-46F048A18FB7-SegmentedRaftLog:OPENED:c-1,f-1,i0, conf=-1: [s3:0.0.0.0:39188, s4:0.0.0.0:40778, s0:0.0.0.0:42012, s1:0.0.0.0:45336, s2:0.0.0.0:38783], old=null
2019-09-24 16:43:32,640 INFO  impl.LeaderElection (LeaderElection.java:logAndReturn(56)) - s0@group-46F048A18FB7-LeaderElection56: Election DISCOVERED_A_NEW_TERM; received 4 response(s) [s0<-s3#0:FAIL-t25, s0<-s4#0:FAIL-t25, s0<-s1#0:FAIL-t26, s0<-s2#0:FAIL-t25] and 0 exception(s); s0@group-46F048A18FB7:t25, leader=null, voted=s0, raftlog=s0@group-46F048A18FB7-SegmentedRaftLog:OPENED:c-1,f-1,i0, conf=-1: [s3:0.0.0.0:39188, s4:0.0.0.0:40778, s0:0.0.0.0:42012, s1:0.0.0.0:45336, s2:0.0.0.0:38783], old=null
2019-09-24 16:43:32,640 DEBUG impl.RaftServerImpl (RaftServerImpl.java:requestVote(775)) - s2@group-46F048A18FB7 replies to vote request: s1<-s2#0:FAIL-t25. Peer's state: s2@group-46F048A18FB7:t25, leader=null, voted=s2, raftlog=s2@group-46F048A18FB7-SegmentedRaftLog:OPENED:c-1,f-1,i0, conf=-1: [s3:0.0.0.0:39188, s4:0.0.0.0:40778, s0:0.0.0.0:42012, s1:0.0.0.0:45336, s2:0.0.0.0:38783], old=null
2019-09-24 16:43:32,639 INFO  impl.RoleInfo (RoleInfo.java:updateAndGet(143)) - s4: start FollowerState
2019-09-24 16:43:32,641 INFO  impl.RaftServerImpl (RaftServerImpl.java:setRole(170)) - s2@group-46F048A18FB7: changes role from CANDIDATE to FOLLOWER at term 26 for DISCOVERED_A_NEW_TERM
2019-09-24 16:43:32,642 INFO  impl.RoleInfo (RoleInfo.java:shutdownLeaderElection(134)) - s2: shutdown LeaderElection
2019-09-24 16:43:32,641 DEBUG impl.RaftServerImpl (RaftServerImpl.java:requestVote(743)) - s0@group-46F048A18FB7: receive requestVote(s1, group-46F048A18FB7, 26, (t:0, i:0))
2019-09-24 16:43:32,641 INFO  impl.RaftServerImpl (RaftServerImpl.java:setRole(170)) - s0@group-46F048A18FB7: changes role from CANDIDATE to FOLLOWER at term 26 for DISCOVERED_A_NEW_TERM
2019-09-24 16:43:32,642 INFO  impl.RoleInfo (RoleInfo.java:shutdownLeaderElection(134)) - s0: shutdown LeaderElection
2019-09-24 16:43:32,640 INFO  impl.RoleInfo (RoleInfo.java:shutdownFollowerState(121)) - s3: shutdown FollowerState
2019-09-24 16:43:32,642 INFO  impl.RoleInfo (RoleInfo.java:updateAndGet(143)) - s0: start FollowerState
2019-09-24 16:43:32,643 INFO  impl.FollowerState (FollowerState.java:run(117)) - s3@group-46F048A18FB7-FollowerState was interrupted: java.lang.InterruptedException: sleep interrupted
2019-09-24 16:43:32,642 INFO  impl.RoleInfo (RoleInfo.java:updateAndGet(143)) - s2: start FollowerState
2019-09-24 16:43:32,642 DEBUG impl.RaftServerImpl (RaftServerImpl.java:requestVote(743)) - s2@group-46F048A18FB7: receive requestVote(s1, group-46F048A18FB7, 25, (t:0, i:0))
2019-09-24 16:43:32,643 INFO  impl.RoleInfo (RoleInfo.java:updateAndGet(143)) - s3: start FollowerState
2019-09-24 16:43:32,808 WARN  ratis.RaftTestUtil (JavaUtils.java:attempt(158)) - FAILED "waitForLeader-null-(expectLeader? true)", attempt #81/100: java.lang.IllegalStateException: No leader yet : printing ALL groups
  s3:  RUNNING  FOLLOWER s3@group-46F048A18FB7:t26, leader=null, voted=s1, raftlog=s3@group-46F048A18FB7-SegmentedRaftLog:OPENED:c-1,f-1,i0, conf=-1: [s3:0.0.0.0:39188, s4:0.0.0.0:40778, s0:0.0.0.0:42012, s1:0.0.0.0:45336, s2:0.0.0.0:38783], old=null RUNNING
  s4:  RUNNING  FOLLOWER s4@group-46F048A18FB7:t26, leader=null, voted=null, raftlog=s4@group-46F048A18FB7-SegmentedRaftLog:OPENED:c-1,f-1,i0, conf=-1: [s3:0.0.0.0:39188, s4:0.0.0.0:40778, s0:0.0.0.0:42012, s1:0.0.0.0:45336, s2:0.0.0.0:38783], old=null RUNNING
  s0:  RUNNING  FOLLOWER s0@group-46F048A18FB7:t26, leader=null, voted=null, raftlog=s0@group-46F048A18FB7-SegmentedRaftLog:OPENED:c-1,f-1,i0, conf=-1: [s3:0.0.0.0:39188, s4:0.0.0.0:40778, s0:0.0.0.0:42012, s1:0.0.0.0:45336, s2:0.0.0.0:38783], old=null RUNNING
  s1:  RUNNING CANDIDATE s1@group-46F048A18FB7:t26, leader=null, voted=s1, raftlog=s1@group-46F048A18FB7-SegmentedRaftLog:OPENED:c-1,f-1,i0, conf=-1: [s3:0.0.0.0:39188, s4:0.0.0.0:40778, s0:0.0.0.0:42012, s1:0.0.0.0:45336, s2:0.0.0.0:38783], old=null RUNNING
  s2:  RUNNING  FOLLOWER s2@group-46F048A18FB7:t26, leader=null, voted=null, raftlog=s2@group-46F048A18FB7-SegmentedRaftLog:OPENED:c-1,f-1,i0, conf=-1: [s3:0.0.0.0:39188, s4:0.0.0.0:40778, s0:0.0.0.0:42012, s1:0.0.0.0:45336, s2:0.0.0.0:38783], old=null RUNNING, sleep 450ms and then retry.
java.lang.IllegalStateException: No leader yet : printing ALL groups
  s3:  RUNNING  FOLLOWER s3@group-46F048A18FB7:t26, leader=null, voted=s1, raftlog=s3@group-46F048A18FB7-SegmentedRaftLog:OPENED:c-1,f-1,i0, conf=-1: [s3:0.0.0.0:39188, s4:0.0.0.0:40778, s0:0.0.0.0:42012, s1:0.0.0.0:45336, s2:0.0.0.0:38783], old=null RUNNING
  s4:  RUNNING  FOLLOWER s4@group-46F048A18FB7:t26, leader=null, voted=null, raftlog=s4@group-46F048A18FB7-SegmentedRaftLog:OPENED:c-1,f-1,i0, conf=-1: [s3:0.0.0.0:39188, s4:0.0.0.0:40778, s0:0.0.0.0:42012, s1:0.0.0.0:45336, s2:0.0.0.0:38783], old=null RUNNING
  s0:  RUNNING  FOLLOWER s0@group-46F048A18FB7:t26, leader=null, voted=null, raftlog=s0@group-46F048A18FB7-SegmentedRaftLog:OPENED:c-1,f-1,i0, conf=-1: [s3:0.0.0.0:39188, s4:0.0.0.0:40778, s0:0.0.0.0:42012, s1:0.0.0.0:45336, s2:0.0.0.0:38783], old=null RUNNING
  s1:  RUNNING CANDIDATE s1@group-46F048A18FB7:t26, leader=null, voted=s1, raftlog=s1@group-46F048A18FB7-SegmentedRaftLog:OPENED:c-1,f-1,i0, conf=-1: [s3:0.0.0.0:39188, s4:0.0.0.0:40778, s0:0.0.0.0:42012, s1:0.0.0.0:45336, s2:0.0.0.0:38783], old=null RUNNING
  s2:  RUNNING  FOLLOWER s2@group-46F048A18FB7:t26, leader=null, voted=null, raftlog=s2@group-46F048A18FB7-SegmentedRaftLog:OPENED:c-1,f-1,i0, conf=-1: [s3:0.0.0.0:39188, s4:0.0.0.0:40778, s0:0.0.0.0:42012, s1:0.0.0.0:45336, s2:0.0.0.0:38783], old=null RUNNING
	at org.apache.ratis.MiniRaftCluster.newIllegalStateExceptionForNoLeaders(MiniRaftCluster.java:506)
	at org.apache.ratis.RaftTestUtil.lambda$waitForLeader$1(RaftTestUtil.java:90)
	at org.apache.ratis.MiniRaftCluster.getLeader(MiniRaftCluster.java:539)
	at org.apache.ratis.MiniRaftCluster.getLeader(MiniRaftCluster.java:532)
	at org.apache.ratis.RaftTestUtil.lambda$waitForLeader$3(RaftTestUtil.java:98)
	at org.apache.ratis.util.JavaUtils.attempt(JavaUtils.java:152)
	at org.apache.ratis.RaftTestUtil.waitForLeader(RaftTestUtil.java:97)
	at org.apache.ratis.RaftTestUtil.waitForLeader(RaftTestUtil.java:77)
	at org.apache.ratis.RaftTestUtil.waitForLeader(RaftTestUtil.java:72)
	at org.apache.ratis.RaftBasicTests.testWithLoad(RaftBasicTests.java:336)
	at org.apache.ratis.RaftBasicTests.lambda$testWithLoad$10(RaftBasicTests.java:328)
	at org.apache.ratis.MiniRaftCluster$Factory$Get.runWithNewCluster(MiniRaftCluster.java:125)
	at org.apache.ratis.MiniRaftCluster$Factory$Get.runWithNewCluster(MiniRaftCluster.java:113)
	at org.apache.ratis.RaftBasicTests.testWithLoad(RaftBasicTests.java:328)
	at org.apache.ratis.netty.TestRaftWithNetty.testWithLoad(TestRaftWithNetty.java:31)
	at sun.reflect.NativeMethodAccessorImpl.invoke0(Native Method)
	at sun.reflect.NativeMethodAccessorImpl.invoke(NativeMethodAccessorImpl.java:62)
	at sun.reflect.DelegatingMethodAccessorImpl.invoke(DelegatingMethodAccessorImpl.java:43)
	at java.lang.reflect.Method.invoke(Method.java:498)
	at org.junit.runners.model.FrameworkMethod$1.runReflectiveCall(FrameworkMethod.java:50)
	at org.junit.internal.runners.model.ReflectiveCallable.run(ReflectiveCallable.java:12)
	at org.junit.runners.model.FrameworkMethod.invokeExplosively(FrameworkMethod.java:47)
	at org.junit.internal.runners.statements.InvokeMethod.evaluate(InvokeMethod.java:17)
	at org.junit.internal.runners.statements.RunAfters.evaluate(RunAfters.java:27)
	at org.junit.internal.runners.statements.FailOnTimeout$CallableStatement.call(FailOnTimeout.java:298)
	at org.junit.internal.runners.statements.FailOnTimeout$CallableStatement.call(FailOnTimeout.java:292)
	at java.util.concurrent.FutureTask.run(FutureTask.java:266)
	at java.lang.Thread.run(Thread.java:748)
2019-09-24 16:43:32,923 INFO  impl.LeaderElection (LeaderElection.java:logAndReturn(56)) - s1@group-46F048A18FB7-LeaderElection60: Election TIMEOUT; received 0 response(s) [] and 0 exception(s); s1@group-46F048A18FB7:t26, leader=null, voted=s1, raftlog=s1@group-46F048A18FB7-SegmentedRaftLog:OPENED:c-1,f-1,i0, conf=-1: [s3:0.0.0.0:39188, s4:0.0.0.0:40778, s0:0.0.0.0:42012, s1:0.0.0.0:45336, s2:0.0.0.0:38783], old=null
2019-09-24 16:43:32,974 INFO  impl.FollowerState (FollowerState.java:run(108)) - s4@group-46F048A18FB7-FollowerState: change to CANDIDATE, lastRpcTime:335ms, electionTimeout:277ms
2019-09-24 16:43:32,974 DEBUG impl.RaftServerImpl (RaftServerImpl.java:requestVote(775)) - s3@group-46F048A18FB7 replies to vote request: s1<-s3#0:OK-t26. Peer's state: s3@group-46F048A18FB7:t26, leader=null, voted=s1, raftlog=s3@group-46F048A18FB7-SegmentedRaftLog:OPENED:c-1,f-1,i0, conf=-1: [s3:0.0.0.0:39188, s4:0.0.0.0:40778, s0:0.0.0.0:42012, s1:0.0.0.0:45336, s2:0.0.0.0:38783], old=null
2019-09-24 16:43:32,974 INFO  impl.FollowerState (FollowerState.java:run(108)) - s0@group-46F048A18FB7-FollowerState: change to CANDIDATE, lastRpcTime:331ms, electionTimeout:240ms
2019-09-24 16:43:32,974 INFO  impl.FollowerState (FollowerState.java:run(108)) - s2@group-46F048A18FB7-FollowerState: change to CANDIDATE, lastRpcTime:332ms, electionTimeout:197ms
2019-09-24 16:43:32,975 INFO  impl.RoleInfo (RoleInfo.java:shutdownFollowerState(121)) - s0: shutdown FollowerState
2019-09-24 16:43:32,975 INFO  impl.FollowerState (FollowerState.java:run(108)) - s3@group-46F048A18FB7-FollowerState: change to CANDIDATE, lastRpcTime:332ms, electionTimeout:239ms
2019-09-24 16:43:32,975 INFO  impl.RoleInfo (RoleInfo.java:shutdownFollowerState(121)) - s4: shutdown FollowerState
2019-09-24 16:43:32,976 INFO  impl.RoleInfo (RoleInfo.java:shutdownFollowerState(121)) - s3: shutdown FollowerState
2019-09-24 16:43:32,975 INFO  impl.RaftServerImpl (RaftServerImpl.java:setRole(170)) - s0@group-46F048A18FB7: changes role from  FOLLOWER to CANDIDATE at term 26 for changeToCandidate
2019-09-24 16:43:32,975 INFO  impl.RoleInfo (RoleInfo.java:shutdownFollowerState(121)) - s2: shutdown FollowerState
2019-09-24 16:43:32,976 INFO  impl.RoleInfo (RoleInfo.java:updateAndGet(143)) - s0: start LeaderElection
2019-09-24 16:43:32,976 INFO  impl.RaftServerImpl (RaftServerImpl.java:setRole(170)) - s3@group-46F048A18FB7: changes role from  FOLLOWER to CANDIDATE at term 26 for changeToCandidate
2019-09-24 16:43:32,976 INFO  impl.RaftServerImpl (RaftServerImpl.java:setRole(170)) - s4@group-46F048A18FB7: changes role from  FOLLOWER to CANDIDATE at term 26 for changeToCandidate
2019-09-24 16:43:32,977 INFO  impl.RoleInfo (RoleInfo.java:updateAndGet(143)) - s3: start LeaderElection
2019-09-24 16:43:32,977 INFO  impl.RoleInfo (RoleInfo.java:updateAndGet(143)) - s4: start LeaderElection
2019-09-24 16:43:32,977 INFO  impl.RaftServerImpl (RaftServerImpl.java:setRole(170)) - s0@group-46F048A18FB7: changes role from CANDIDATE to FOLLOWER at term 26 for recognizeCandidate:s1
2019-09-24 16:43:32,977 INFO  impl.RaftServerImpl (RaftServerImpl.java:setRole(170)) - s4@group-46F048A18FB7: changes role from CANDIDATE to FOLLOWER at term 26 for recognizeCandidate:s1
2019-09-24 16:43:32,976 INFO  impl.RaftServerImpl (RaftServerImpl.java:setRole(170)) - s2@group-46F048A18FB7: changes role from  FOLLOWER to CANDIDATE at term 26 for changeToCandidate
2019-09-24 16:43:32,978 INFO  impl.RoleInfo (RoleInfo.java:shutdownLeaderElection(134)) - s4: shutdown LeaderElection
2019-09-24 16:43:32,977 INFO  impl.RoleInfo (RoleInfo.java:shutdownLeaderElection(134)) - s0: shutdown LeaderElection
2019-09-24 16:43:32,978 INFO  impl.RoleInfo (RoleInfo.java:updateAndGet(143)) - s4: start FollowerState
2019-09-24 16:43:32,978 INFO  impl.RoleInfo (RoleInfo.java:updateAndGet(143)) - s2: start LeaderElection
2019-09-24 16:43:32,978 INFO  impl.RoleInfo (RoleInfo.java:updateAndGet(143)) - s0: start FollowerState
2019-09-24 16:43:32,979 DEBUG impl.RaftServerImpl (RaftServerImpl.java:requestVote(775)) - s2@group-46F048A18FB7 replies to vote request: s1<-s2#0:FAIL-t26. Peer's state: s2@group-46F048A18FB7:t26, leader=null, voted=null, raftlog=s2@group-46F048A18FB7-SegmentedRaftLog:OPENED:c-1,f-1,i0, conf=-1: [s3:0.0.0.0:39188, s4:0.0.0.0:40778, s0:0.0.0.0:42012, s1:0.0.0.0:45336, s2:0.0.0.0:38783], old=null
2019-09-24 16:43:32,979 DEBUG impl.RaftServerImpl (RaftServerImpl.java:requestVote(775)) - s4@group-46F048A18FB7 replies to vote request: s1<-s4#0:FAIL-t26. Peer's state: s4@group-46F048A18FB7:t26, leader=null, voted=null, raftlog=s4@group-46F048A18FB7-SegmentedRaftLog:OPENED:c-1,f-1,i0, conf=-1: [s3:0.0.0.0:39188, s4:0.0.0.0:40778, s0:0.0.0.0:42012, s1:0.0.0.0:45336, s2:0.0.0.0:38783], old=null
2019-09-24 16:43:32,979 DEBUG impl.RaftServerImpl (RaftServerImpl.java:requestVote(775)) - s0@group-46F048A18FB7 replies to vote request: s1<-s0#0:FAIL-t26. Peer's state: s0@group-46F048A18FB7:t26, leader=null, voted=null, raftlog=s0@group-46F048A18FB7-SegmentedRaftLog:OPENED:c-1,f-1,i0, conf=-1: [s3:0.0.0.0:39188, s4:0.0.0.0:40778, s0:0.0.0.0:42012, s1:0.0.0.0:45336, s2:0.0.0.0:38783], old=null
2019-09-24 16:43:32,980 DEBUG impl.RaftServerImpl (RaftServerImpl.java:requestVote(743)) - s2@group-46F048A18FB7: receive requestVote(s1, group-46F048A18FB7, 24, (t:0, i:0))
2019-09-24 16:43:33,260 WARN  ratis.RaftTestUtil (JavaUtils.java:attempt(158)) - FAILED "waitForLeader-null-(expectLeader? true)", attempt #82/100: java.lang.IllegalStateException: No leader yet : printing ALL groups
  s3:  RUNNING CANDIDATE s3@group-46F048A18FB7:t27, leader=null, voted=s3, raftlog=s3@group-46F048A18FB7-SegmentedRaftLog:OPENED:c-1,f-1,i0, conf=-1: [s3:0.0.0.0:39188, s4:0.0.0.0:40778, s0:0.0.0.0:42012, s1:0.0.0.0:45336, s2:0.0.0.0:38783], old=null RUNNING
  s4:  RUNNING  FOLLOWER s4@group-46F048A18FB7:t27, leader=null, voted=s4, raftlog=s4@group-46F048A18FB7-SegmentedRaftLog:OPENED:c-1,f-1,i0, conf=-1: [s3:0.0.0.0:39188, s4:0.0.0.0:40778, s0:0.0.0.0:42012, s1:0.0.0.0:45336, s2:0.0.0.0:38783], old=null RUNNING
  s0:  RUNNING  FOLLOWER s0@group-46F048A18FB7:t27, leader=null, voted=s0, raftlog=s0@group-46F048A18FB7-SegmentedRaftLog:OPENED:c-1,f-1,i0, conf=-1: [s3:0.0.0.0:39188, s4:0.0.0.0:40778, s0:0.0.0.0:42012, s1:0.0.0.0:45336, s2:0.0.0.0:38783], old=null RUNNING
  s1:  RUNNING CANDIDATE s1@group-46F048A18FB7:t27, leader=null, voted=s1, raftlog=s1@group-46F048A18FB7-SegmentedRaftLog:OPENED:c-1,f-1,i0, conf=-1: [s3:0.0.0.0:39188, s4:0.0.0.0:40778, s0:0.0.0.0:42012, s1:0.0.0.0:45336, s2:0.0.0.0:38783], old=null RUNNING
  s2:  RUNNING CANDIDATE s2@group-46F048A18FB7:t27, leader=null, voted=s2, raftlog=s2@group-46F048A18FB7-SegmentedRaftLog:OPENED:c-1,f-1,i0, conf=-1: [s3:0.0.0.0:39188, s4:0.0.0.0:40778, s0:0.0.0.0:42012, s1:0.0.0.0:45336, s2:0.0.0.0:38783], old=null RUNNING, sleep 450ms and then retry.
java.lang.IllegalStateException: No leader yet : printing ALL groups
  s3:  RUNNING CANDIDATE s3@group-46F048A18FB7:t27, leader=null, voted=s3, raftlog=s3@group-46F048A18FB7-SegmentedRaftLog:OPENED:c-1,f-1,i0, conf=-1: [s3:0.0.0.0:39188, s4:0.0.0.0:40778, s0:0.0.0.0:42012, s1:0.0.0.0:45336, s2:0.0.0.0:38783], old=null RUNNING
  s4:  RUNNING  FOLLOWER s4@group-46F048A18FB7:t27, leader=null, voted=s4, raftlog=s4@group-46F048A18FB7-SegmentedRaftLog:OPENED:c-1,f-1,i0, conf=-1: [s3:0.0.0.0:39188, s4:0.0.0.0:40778, s0:0.0.0.0:42012, s1:0.0.0.0:45336, s2:0.0.0.0:38783], old=null RUNNING
  s0:  RUNNING  FOLLOWER s0@group-46F048A18FB7:t27, leader=null, voted=s0, raftlog=s0@group-46F048A18FB7-SegmentedRaftLog:OPENED:c-1,f-1,i0, conf=-1: [s3:0.0.0.0:39188, s4:0.0.0.0:40778, s0:0.0.0.0:42012, s1:0.0.0.0:45336, s2:0.0.0.0:38783], old=null RUNNING
  s1:  RUNNING CANDIDATE s1@group-46F048A18FB7:t27, leader=null, voted=s1, raftlog=s1@group-46F048A18FB7-SegmentedRaftLog:OPENED:c-1,f-1,i0, conf=-1: [s3:0.0.0.0:39188, s4:0.0.0.0:40778, s0:0.0.0.0:42012, s1:0.0.0.0:45336, s2:0.0.0.0:38783], old=null RUNNING
  s2:  RUNNING CANDIDATE s2@group-46F048A18FB7:t27, leader=null, voted=s2, raftlog=s2@group-46F048A18FB7-SegmentedRaftLog:OPENED:c-1,f-1,i0, conf=-1: [s3:0.0.0.0:39188, s4:0.0.0.0:40778, s0:0.0.0.0:42012, s1:0.0.0.0:45336, s2:0.0.0.0:38783], old=null RUNNING
	at org.apache.ratis.MiniRaftCluster.newIllegalStateExceptionForNoLeaders(MiniRaftCluster.java:506)
	at org.apache.ratis.RaftTestUtil.lambda$waitForLeader$1(RaftTestUtil.java:90)
	at org.apache.ratis.MiniRaftCluster.getLeader(MiniRaftCluster.java:539)
	at org.apache.ratis.MiniRaftCluster.getLeader(MiniRaftCluster.java:532)
	at org.apache.ratis.RaftTestUtil.lambda$waitForLeader$3(RaftTestUtil.java:98)
	at org.apache.ratis.util.JavaUtils.attempt(JavaUtils.java:152)
	at org.apache.ratis.RaftTestUtil.waitForLeader(RaftTestUtil.java:97)
	at org.apache.ratis.RaftTestUtil.waitForLeader(RaftTestUtil.java:77)
	at org.apache.ratis.RaftTestUtil.waitForLeader(RaftTestUtil.java:72)
	at org.apache.ratis.RaftBasicTests.testWithLoad(RaftBasicTests.java:336)
	at org.apache.ratis.RaftBasicTests.lambda$testWithLoad$10(RaftBasicTests.java:328)
	at org.apache.ratis.MiniRaftCluster$Factory$Get.runWithNewCluster(MiniRaftCluster.java:125)
	at org.apache.ratis.MiniRaftCluster$Factory$Get.runWithNewCluster(MiniRaftCluster.java:113)
	at org.apache.ratis.RaftBasicTests.testWithLoad(RaftBasicTests.java:328)
	at org.apache.ratis.netty.TestRaftWithNetty.testWithLoad(TestRaftWithNetty.java:31)
	at sun.reflect.NativeMethodAccessorImpl.invoke0(Native Method)
	at sun.reflect.NativeMethodAccessorImpl.invoke(NativeMethodAccessorImpl.java:62)
	at sun.reflect.DelegatingMethodAccessorImpl.invoke(DelegatingMethodAccessorImpl.java:43)
	at java.lang.reflect.Method.invoke(Method.java:498)
	at org.junit.runners.model.FrameworkMethod$1.runReflectiveCall(FrameworkMethod.java:50)
	at org.junit.internal.runners.model.ReflectiveCallable.run(ReflectiveCallable.java:12)
	at org.junit.runners.model.FrameworkMethod.invokeExplosively(FrameworkMethod.java:47)
	at org.junit.internal.runners.statements.InvokeMethod.evaluate(InvokeMethod.java:17)
	at org.junit.internal.runners.statements.RunAfters.evaluate(RunAfters.java:27)
	at org.junit.internal.runners.statements.FailOnTimeout$CallableStatement.call(FailOnTimeout.java:298)
	at org.junit.internal.runners.statements.FailOnTimeout$CallableStatement.call(FailOnTimeout.java:292)
	at java.util.concurrent.FutureTask.run(FutureTask.java:266)
	at java.lang.Thread.run(Thread.java:748)
2019-09-24 16:43:33,329 INFO  impl.LeaderElection (LeaderElection.java:askForVotes(178)) - s2@group-46F048A18FB7-LeaderElection64: begin an election at term 27 for -1: [s3:0.0.0.0:39188, s4:0.0.0.0:40778, s0:0.0.0.0:42012, s1:0.0.0.0:45336, s2:0.0.0.0:38783], old=null
2019-09-24 16:43:33,329 DEBUG impl.RaftServerImpl (RaftServerImpl.java:requestVote(775)) - s2@group-46F048A18FB7 replies to vote request: s1<-s2#0:FAIL-t27. Peer's state: s2@group-46F048A18FB7:t27, leader=null, voted=s2, raftlog=s2@group-46F048A18FB7-SegmentedRaftLog:OPENED:c-1,f-1,i0, conf=-1: [s3:0.0.0.0:39188, s4:0.0.0.0:40778, s0:0.0.0.0:42012, s1:0.0.0.0:45336, s2:0.0.0.0:38783], old=null
2019-09-24 16:43:33,329 INFO  impl.FollowerState (FollowerState.java:run(108)) - s0@group-46F048A18FB7-FollowerState: change to CANDIDATE, lastRpcTime:350ms, electionTimeout:235ms
2019-09-24 16:43:33,329 INFO  impl.FollowerState (FollowerState.java:run(108)) - s4@group-46F048A18FB7-FollowerState: change to CANDIDATE, lastRpcTime:351ms, electionTimeout:250ms
2019-09-24 16:43:33,329 INFO  impl.LeaderElection (LeaderElection.java:askForVotes(178)) - s1@group-46F048A18FB7-LeaderElection60: begin an election at term 27 for -1: [s3:0.0.0.0:39188, s4:0.0.0.0:40778, s0:0.0.0.0:42012, s1:0.0.0.0:45336, s2:0.0.0.0:38783], old=null
2019-09-24 16:43:33,329 INFO  impl.LeaderElection (LeaderElection.java:askForVotes(178)) - s0@group-46F048A18FB7-LeaderElection61: begin an election at term 27 for -1: [s3:0.0.0.0:39188, s4:0.0.0.0:40778, s0:0.0.0.0:42012, s1:0.0.0.0:45336, s2:0.0.0.0:38783], old=null
2019-09-24 16:43:33,329 INFO  impl.LeaderElection (LeaderElection.java:askForVotes(178)) - s4@group-46F048A18FB7-LeaderElection63: begin an election at term 27 for -1: [s3:0.0.0.0:39188, s4:0.0.0.0:40778, s0:0.0.0.0:42012, s1:0.0.0.0:45336, s2:0.0.0.0:38783], old=null
2019-09-24 16:43:33,329 INFO  impl.LeaderElection (LeaderElection.java:askForVotes(178)) - s3@group-46F048A18FB7-LeaderElection62: begin an election at term 27 for -1: [s3:0.0.0.0:39188, s4:0.0.0.0:40778, s0:0.0.0.0:42012, s1:0.0.0.0:45336, s2:0.0.0.0:38783], old=null
2019-09-24 16:43:33,331 DEBUG impl.RaftServerImpl (RaftServerImpl.java:requestVote(743)) - s2@group-46F048A18FB7: receive requestVote(s1, group-46F048A18FB7, 26, (t:0, i:0))
2019-09-24 16:43:33,330 INFO  impl.RoleInfo (RoleInfo.java:shutdownFollowerState(121)) - s4: shutdown FollowerState
2019-09-24 16:43:33,330 INFO  impl.RoleInfo (RoleInfo.java:shutdownFollowerState(121)) - s0: shutdown FollowerState
2019-09-24 16:43:33,332 DEBUG impl.RaftServerImpl (RaftServerImpl.java:requestVote(743)) - s1@group-46F048A18FB7: receive requestVote(s2, group-46F048A18FB7, 27, (t:0, i:0))
2019-09-24 16:43:33,332 INFO  impl.RaftServerImpl (RaftServerImpl.java:setRole(170)) - s4@group-46F048A18FB7: changes role from  FOLLOWER to CANDIDATE at term 27 for changeToCandidate
2019-09-24 16:43:33,332 DEBUG impl.RaftServerImpl (RaftServerImpl.java:requestVote(743)) - s0@group-46F048A18FB7: receive requestVote(s2, group-46F048A18FB7, 27, (t:0, i:0))
2019-09-24 16:43:33,332 DEBUG impl.RaftServerImpl (RaftServerImpl.java:requestVote(743)) - s4@group-46F048A18FB7: receive requestVote(s2, group-46F048A18FB7, 27, (t:0, i:0))
2019-09-24 16:43:33,332 DEBUG impl.RaftServerImpl (RaftServerImpl.java:requestVote(775)) - s2@group-46F048A18FB7 replies to vote request: s1<-s2#0:FAIL-t27. Peer's state: s2@group-46F048A18FB7:t27, leader=null, voted=s2, raftlog=s2@group-46F048A18FB7-SegmentedRaftLog:OPENED:c-1,f-1,i0, conf=-1: [s3:0.0.0.0:39188, s4:0.0.0.0:40778, s0:0.0.0.0:42012, s1:0.0.0.0:45336, s2:0.0.0.0:38783], old=null
2019-09-24 16:43:33,334 DEBUG impl.RaftServerImpl (RaftServerImpl.java:requestVote(743)) - s2@group-46F048A18FB7: receive requestVote(s3, group-46F048A18FB7, 27, (t:0, i:0))
2019-09-24 16:43:33,331 DEBUG impl.RaftServerImpl (RaftServerImpl.java:requestVote(743)) - s3@group-46F048A18FB7: receive requestVote(s2, group-46F048A18FB7, 27, (t:0, i:0))
2019-09-24 16:43:33,334 DEBUG impl.RaftServerImpl (RaftServerImpl.java:requestVote(743)) - s2@group-46F048A18FB7: receive requestVote(s1, group-46F048A18FB7, 27, (t:0, i:0))
2019-09-24 16:43:33,334 DEBUG impl.RaftServerImpl (RaftServerImpl.java:requestVote(775)) - s2@group-46F048A18FB7 replies to vote request: s3<-s2#0:FAIL-t27. Peer's state: s2@group-46F048A18FB7:t27, leader=null, voted=s2, raftlog=s2@group-46F048A18FB7-SegmentedRaftLog:OPENED:c-1,f-1,i0, conf=-1: [s3:0.0.0.0:39188, s4:0.0.0.0:40778, s0:0.0.0.0:42012, s1:0.0.0.0:45336, s2:0.0.0.0:38783], old=null
2019-09-24 16:43:33,334 DEBUG impl.RaftServerImpl (RaftServerImpl.java:requestVote(743)) - s1@group-46F048A18FB7: receive requestVote(s3, group-46F048A18FB7, 27, (t:0, i:0))
2019-09-24 16:43:33,333 DEBUG impl.RaftServerImpl (RaftServerImpl.java:requestVote(743)) - s0@group-46F048A18FB7: receive requestVote(s1, group-46F048A18FB7, 27, (t:0, i:0))
2019-09-24 16:43:33,333 DEBUG impl.RaftServerImpl (RaftServerImpl.java:requestVote(743)) - s4@group-46F048A18FB7: receive requestVote(s1, group-46F048A18FB7, 27, (t:0, i:0))
2019-09-24 16:43:33,333 DEBUG impl.RaftServerImpl (RaftServerImpl.java:requestVote(743)) - s0@group-46F048A18FB7: receive requestVote(s3, group-46F048A18FB7, 27, (t:0, i:0))
2019-09-24 16:43:33,333 DEBUG impl.RaftServerImpl (RaftServerImpl.java:requestVote(743)) - s4@group-46F048A18FB7: receive requestVote(s3, group-46F048A18FB7, 27, (t:0, i:0))
2019-09-24 16:43:33,333 INFO  impl.RoleInfo (RoleInfo.java:updateAndGet(143)) - s4: start LeaderElection
2019-09-24 16:43:33,332 DEBUG impl.RaftServerImpl (RaftServerImpl.java:requestVote(743)) - s3@group-46F048A18FB7: receive requestVote(s1, group-46F048A18FB7, 27, (t:0, i:0))
2019-09-24 16:43:33,332 DEBUG impl.RaftServerImpl (RaftServerImpl.java:requestVote(775)) - s1@group-46F048A18FB7 replies to vote request: s2<-s1#0:FAIL-t27. Peer's state: s1@group-46F048A18FB7:t27, leader=null, voted=s1, raftlog=s1@group-46F048A18FB7-SegmentedRaftLog:OPENED:c-1,f-1,i0, conf=-1: [s3:0.0.0.0:39188, s4:0.0.0.0:40778, s0:0.0.0.0:42012, s1:0.0.0.0:45336, s2:0.0.0.0:38783], old=null
2019-09-24 16:43:33,332 INFO  impl.RaftServerImpl (RaftServerImpl.java:setRole(170)) - s0@group-46F048A18FB7: changes role from  FOLLOWER to CANDIDATE at term 27 for changeToCandidate
2019-09-24 16:43:33,338 DEBUG impl.RaftServerImpl (RaftServerImpl.java:requestVote(775)) - s1@group-46F048A18FB7 replies to vote request: s3<-s1#0:FAIL-t27. Peer's state: s1@group-46F048A18FB7:t27, leader=null, voted=s1, raftlog=s1@group-46F048A18FB7-SegmentedRaftLog:OPENED:c-1,f-1,i0, conf=-1: [s3:0.0.0.0:39188, s4:0.0.0.0:40778, s0:0.0.0.0:42012, s1:0.0.0.0:45336, s2:0.0.0.0:38783], old=null
2019-09-24 16:43:33,337 DEBUG impl.RaftServerImpl (RaftServerImpl.java:requestVote(775)) - s4@group-46F048A18FB7 replies to vote request: s3<-s4#0:FAIL-t27. Peer's state: s4@group-46F048A18FB7:t27, leader=null, voted=s4, raftlog=s4@group-46F048A18FB7-SegmentedRaftLog:OPENED:c-1,f-1,i0, conf=-1: [s3:0.0.0.0:39188, s4:0.0.0.0:40778, s0:0.0.0.0:42012, s1:0.0.0.0:45336, s2:0.0.0.0:38783], old=null
2019-09-24 16:43:33,335 DEBUG impl.RaftServerImpl (RaftServerImpl.java:requestVote(775)) - s2@group-46F048A18FB7 replies to vote request: s1<-s2#0:FAIL-t27. Peer's state: s2@group-46F048A18FB7:t27, leader=null, voted=s2, raftlog=s2@group-46F048A18FB7-SegmentedRaftLog:OPENED:c-1,f-1,i0, conf=-1: [s3:0.0.0.0:39188, s4:0.0.0.0:40778, s0:0.0.0.0:42012, s1:0.0.0.0:45336, s2:0.0.0.0:38783], old=null
2019-09-24 16:43:33,334 DEBUG impl.RaftServerImpl (RaftServerImpl.java:requestVote(775)) - s3@group-46F048A18FB7 replies to vote request: s2<-s3#0:FAIL-t27. Peer's state: s3@group-46F048A18FB7:t27, leader=null, voted=s3, raftlog=s3@group-46F048A18FB7-SegmentedRaftLog:OPENED:c-1,f-1,i0, conf=-1: [s3:0.0.0.0:39188, s4:0.0.0.0:40778, s0:0.0.0.0:42012, s1:0.0.0.0:45336, s2:0.0.0.0:38783], old=null
2019-09-24 16:43:33,339 DEBUG impl.RaftServerImpl (RaftServerImpl.java:requestVote(775)) - s4@group-46F048A18FB7 replies to vote request: s1<-s4#0:FAIL-t27. Peer's state: s4@group-46F048A18FB7:t27, leader=null, voted=s4, raftlog=s4@group-46F048A18FB7-SegmentedRaftLog:OPENED:c-1,f-1,i0, conf=-1: [s3:0.0.0.0:39188, s4:0.0.0.0:40778, s0:0.0.0.0:42012, s1:0.0.0.0:45336, s2:0.0.0.0:38783], old=null
2019-09-24 16:43:33,338 INFO  impl.RoleInfo (RoleInfo.java:updateAndGet(143)) - s0: start LeaderElection
2019-09-24 16:43:33,340 DEBUG impl.RaftServerImpl (RaftServerImpl.java:requestVote(775)) - s4@group-46F048A18FB7 replies to vote request: s2<-s4#0:FAIL-t27. Peer's state: s4@group-46F048A18FB7:t27, leader=null, voted=s4, raftlog=s4@group-46F048A18FB7-SegmentedRaftLog:OPENED:c-1,f-1,i0, conf=-1: [s3:0.0.0.0:39188, s4:0.0.0.0:40778, s0:0.0.0.0:42012, s1:0.0.0.0:45336, s2:0.0.0.0:38783], old=null
2019-09-24 16:43:33,339 DEBUG impl.RaftServerImpl (RaftServerImpl.java:requestVote(775)) - s3@group-46F048A18FB7 replies to vote request: s1<-s3#0:FAIL-t27. Peer's state: s3@group-46F048A18FB7:t27, leader=null, voted=s3, raftlog=s3@group-46F048A18FB7-SegmentedRaftLog:OPENED:c-1,f-1,i0, conf=-1: [s3:0.0.0.0:39188, s4:0.0.0.0:40778, s0:0.0.0.0:42012, s1:0.0.0.0:45336, s2:0.0.0.0:38783], old=null
2019-09-24 16:43:33,340 DEBUG impl.RaftServerImpl (RaftServerImpl.java:requestVote(775)) - s0@group-46F048A18FB7 replies to vote request: s3<-s0#0:FAIL-t27. Peer's state: s0@group-46F048A18FB7:t27, leader=null, voted=s0, raftlog=s0@group-46F048A18FB7-SegmentedRaftLog:OPENED:c-1,f-1,i0, conf=-1: [s3:0.0.0.0:39188, s4:0.0.0.0:40778, s0:0.0.0.0:42012, s1:0.0.0.0:45336, s2:0.0.0.0:38783], old=null
2019-09-24 16:43:33,341 DEBUG impl.RaftServerImpl (RaftServerImpl.java:requestVote(775)) - s0@group-46F048A18FB7 replies to vote request: s1<-s0#0:FAIL-t27. Peer's state: s0@group-46F048A18FB7:t27, leader=null, voted=s0, raftlog=s0@group-46F048A18FB7-SegmentedRaftLog:OPENED:c-1,f-1,i0, conf=-1: [s3:0.0.0.0:39188, s4:0.0.0.0:40778, s0:0.0.0.0:42012, s1:0.0.0.0:45336, s2:0.0.0.0:38783], old=null
2019-09-24 16:43:33,341 DEBUG impl.RaftServerImpl (RaftServerImpl.java:requestVote(743)) - s3@group-46F048A18FB7: receive requestVote(s4, group-46F048A18FB7, 27, (t:0, i:0))
2019-09-24 16:43:33,341 DEBUG impl.RaftServerImpl (RaftServerImpl.java:requestVote(775)) - s0@group-46F048A18FB7 replies to vote request: s2<-s0#0:FAIL-t27. Peer's state: s0@group-46F048A18FB7:t27, leader=null, voted=s0, raftlog=s0@group-46F048A18FB7-SegmentedRaftLog:OPENED:c-1,f-1,i0, conf=-1: [s3:0.0.0.0:39188, s4:0.0.0.0:40778, s0:0.0.0.0:42012, s1:0.0.0.0:45336, s2:0.0.0.0:38783], old=null
2019-09-24 16:43:33,341 DEBUG impl.RaftServerImpl (RaftServerImpl.java:requestVote(775)) - s3@group-46F048A18FB7 replies to vote request: s4<-s3#0:FAIL-t27. Peer's state: s3@group-46F048A18FB7:t27, leader=null, voted=s3, raftlog=s3@group-46F048A18FB7-SegmentedRaftLog:OPENED:c-1,f-1,i0, conf=-1: [s3:0.0.0.0:39188, s4:0.0.0.0:40778, s0:0.0.0.0:42012, s1:0.0.0.0:45336, s2:0.0.0.0:38783], old=null
2019-09-24 16:43:33,341 INFO  impl.LeaderElection (LeaderElection.java:logAndReturn(56)) - s3@group-46F048A18FB7-LeaderElection62: Election REJECTED; received 4 response(s) [s3<-s4#0:FAIL-t27, s3<-s0#0:FAIL-t27, s3<-s1#0:FAIL-t27, s3<-s2#0:FAIL-t27] and 0 exception(s); s3@group-46F048A18FB7:t27, leader=null, voted=s3, raftlog=s3@group-46F048A18FB7-SegmentedRaftLog:OPENED:c-1,f-1,i0, conf=-1: [s3:0.0.0.0:39188, s4:0.0.0.0:40778, s0:0.0.0.0:42012, s1:0.0.0.0:45336, s2:0.0.0.0:38783], old=null
2019-09-24 16:43:33,342 INFO  impl.LeaderElection (LeaderElection.java:logAndReturn(56)) - s1@group-46F048A18FB7-LeaderElection60: Election REJECTED; received 4 response(s) [s1<-s3#0:FAIL-t27, s1<-s4#0:FAIL-t27, s1<-s0#0:FAIL-t27, s1<-s2#0:FAIL-t27] and 0 exception(s); s1@group-46F048A18FB7:t27, leader=null, voted=s1, raftlog=s1@group-46F048A18FB7-SegmentedRaftLog:OPENED:c-1,f-1,i0, conf=-1: [s3:0.0.0.0:39188, s4:0.0.0.0:40778, s0:0.0.0.0:42012, s1:0.0.0.0:45336, s2:0.0.0.0:38783], old=null
2019-09-24 16:43:33,342 INFO  impl.LeaderElection (LeaderElection.java:logAndReturn(56)) - s2@group-46F048A18FB7-LeaderElection64: Election REJECTED; received 4 response(s) [s2<-s3#0:FAIL-t27, s2<-s4#0:FAIL-t27, s2<-s0#0:FAIL-t27, s2<-s1#0:FAIL-t27] and 0 exception(s); s2@group-46F048A18FB7:t27, leader=null, voted=s2, raftlog=s2@group-46F048A18FB7-SegmentedRaftLog:OPENED:c-1,f-1,i0, conf=-1: [s3:0.0.0.0:39188, s4:0.0.0.0:40778, s0:0.0.0.0:42012, s1:0.0.0.0:45336, s2:0.0.0.0:38783], old=null
2019-09-24 16:43:33,342 INFO  impl.RaftServerImpl (RaftServerImpl.java:setRole(170)) - s3@group-46F048A18FB7: changes role from CANDIDATE to FOLLOWER at term 27 for DISCOVERED_A_NEW_TERM
2019-09-24 16:43:33,343 DEBUG impl.RaftServerImpl (RaftServerImpl.java:requestVote(743)) - s3@group-46F048A18FB7: receive requestVote(s0, group-46F048A18FB7, 27, (t:0, i:0))
2019-09-24 16:43:33,343 INFO  impl.RaftServerImpl (RaftServerImpl.java:setRole(170)) - s2@group-46F048A18FB7: changes role from CANDIDATE to FOLLOWER at term 27 for DISCOVERED_A_NEW_TERM
2019-09-24 16:43:33,343 INFO  impl.RaftServerImpl (RaftServerImpl.java:setRole(170)) - s1@group-46F048A18FB7: changes role from CANDIDATE to FOLLOWER at term 27 for DISCOVERED_A_NEW_TERM
2019-09-24 16:43:33,344 INFO  impl.RoleInfo (RoleInfo.java:shutdownLeaderElection(134)) - s2: shutdown LeaderElection
2019-09-24 16:43:33,343 INFO  impl.RoleInfo (RoleInfo.java:shutdownLeaderElection(134)) - s3: shutdown LeaderElection
2019-09-24 16:43:33,344 INFO  impl.RoleInfo (RoleInfo.java:updateAndGet(143)) - s2: start FollowerState
2019-09-24 16:43:33,344 INFO  impl.RoleInfo (RoleInfo.java:shutdownLeaderElection(134)) - s1: shutdown LeaderElection
2019-09-24 16:43:33,344 INFO  impl.RoleInfo (RoleInfo.java:updateAndGet(143)) - s3: start FollowerState
2019-09-24 16:43:33,345 INFO  impl.RoleInfo (RoleInfo.java:updateAndGet(143)) - s1: start FollowerState
2019-09-24 16:43:33,345 DEBUG impl.RaftServerImpl (RaftServerImpl.java:requestVote(775)) - s3@group-46F048A18FB7 replies to vote request: s0<-s3#0:FAIL-t27. Peer's state: s3@group-46F048A18FB7:t27, leader=null, voted=s3, raftlog=s3@group-46F048A18FB7-SegmentedRaftLog:OPENED:c-1,f-1,i0, conf=-1: [s3:0.0.0.0:39188, s4:0.0.0.0:40778, s0:0.0.0.0:42012, s1:0.0.0.0:45336, s2:0.0.0.0:38783], old=null
2019-09-24 16:43:33,495 INFO  impl.FollowerState (FollowerState.java:run(108)) - s2@group-46F048A18FB7-FollowerState: change to CANDIDATE, lastRpcTime:150ms, electionTimeout:150ms
2019-09-24 16:43:33,495 INFO  impl.RoleInfo (RoleInfo.java:shutdownFollowerState(121)) - s2: shutdown FollowerState
2019-09-24 16:43:33,495 INFO  impl.RaftServerImpl (RaftServerImpl.java:setRole(170)) - s2@group-46F048A18FB7: changes role from  FOLLOWER to CANDIDATE at term 27 for changeToCandidate
2019-09-24 16:43:33,495 INFO  impl.RoleInfo (RoleInfo.java:updateAndGet(143)) - s2: start LeaderElection
2019-09-24 16:43:33,545 INFO  impl.FollowerState (FollowerState.java:run(108)) - s1@group-46F048A18FB7-FollowerState: change to CANDIDATE, lastRpcTime:200ms, electionTimeout:200ms
2019-09-24 16:43:33,545 INFO  impl.RoleInfo (RoleInfo.java:shutdownFollowerState(121)) - s1: shutdown FollowerState
2019-09-24 16:43:33,546 INFO  impl.RaftServerImpl (RaftServerImpl.java:setRole(170)) - s1@group-46F048A18FB7: changes role from  FOLLOWER to CANDIDATE at term 27 for changeToCandidate
2019-09-24 16:43:33,546 INFO  impl.RoleInfo (RoleInfo.java:updateAndGet(143)) - s1: start LeaderElection
2019-09-24 16:43:33,585 INFO  impl.FollowerState (FollowerState.java:run(108)) - s3@group-46F048A18FB7-FollowerState: change to CANDIDATE, lastRpcTime:240ms, electionTimeout:240ms
2019-09-24 16:43:33,585 INFO  impl.RoleInfo (RoleInfo.java:shutdownFollowerState(121)) - s3: shutdown FollowerState
2019-09-24 16:43:33,585 INFO  impl.RaftServerImpl (RaftServerImpl.java:setRole(170)) - s3@group-46F048A18FB7: changes role from  FOLLOWER to CANDIDATE at term 27 for changeToCandidate
2019-09-24 16:43:33,585 INFO  impl.RoleInfo (RoleInfo.java:updateAndGet(143)) - s3: start LeaderElection
2019-09-24 16:43:33,661 INFO  impl.LeaderElection (LeaderElection.java:askForVotes(178)) - s4@group-46F048A18FB7-LeaderElection65: begin an election at term 28 for -1: [s3:0.0.0.0:39188, s4:0.0.0.0:40778, s0:0.0.0.0:42012, s1:0.0.0.0:45336, s2:0.0.0.0:38783], old=null
2019-09-24 16:43:33,662 INFO  impl.LeaderElection (LeaderElection.java:askForVotes(178)) - s0@group-46F048A18FB7-LeaderElection66: begin an election at term 28 for -1: [s3:0.0.0.0:39188, s4:0.0.0.0:40778, s0:0.0.0.0:42012, s1:0.0.0.0:45336, s2:0.0.0.0:38783], old=null
2019-09-24 16:43:33,663 DEBUG impl.RaftServerImpl (RaftServerImpl.java:requestVote(743)) - s4@group-46F048A18FB7: receive requestVote(s0, group-46F048A18FB7, 27, (t:0, i:0))
2019-09-24 16:43:33,663 INFO  impl.LeaderElection (LeaderElection.java:logAndReturn(56)) - s0@group-46F048A18FB7-LeaderElection61: Election REJECTED; received 0 response(s) [] and 0 exception(s); s0@group-46F048A18FB7:t28, leader=null, voted=s0, raftlog=s0@group-46F048A18FB7-SegmentedRaftLog:OPENED:c-1,f-1,i0, conf=-1: [s3:0.0.0.0:39188, s4:0.0.0.0:40778, s0:0.0.0.0:42012, s1:0.0.0.0:45336, s2:0.0.0.0:38783], old=null
2019-09-24 16:43:33,663 DEBUG impl.RaftServerImpl (RaftServerImpl.java:requestVote(743)) - s3@group-46F048A18FB7: receive requestVote(s4, group-46F048A18FB7, 28, (t:0, i:0))
2019-09-24 16:43:33,663 DEBUG impl.RaftServerImpl (RaftServerImpl.java:requestVote(743)) - s1@group-46F048A18FB7: receive requestVote(s0, group-46F048A18FB7, 27, (t:0, i:0))
2019-09-24 16:43:33,664 DEBUG impl.RaftServerImpl (RaftServerImpl.java:requestVote(743)) - s2@group-46F048A18FB7: receive requestVote(s0, group-46F048A18FB7, 27, (t:0, i:0))
2019-09-24 16:43:33,663 DEBUG impl.RaftServerImpl (RaftServerImpl.java:requestVote(743)) - s0@group-46F048A18FB7: receive requestVote(s4, group-46F048A18FB7, 27, (t:0, i:0))
2019-09-24 16:43:33,665 DEBUG impl.RaftServerImpl (RaftServerImpl.java:requestVote(743)) - s1@group-46F048A18FB7: receive requestVote(s4, group-46F048A18FB7, 27, (t:0, i:0))
2019-09-24 16:43:33,663 DEBUG impl.RaftServerImpl (RaftServerImpl.java:requestVote(775)) - s4@group-46F048A18FB7 replies to vote request: s0<-s4#0:FAIL-t28. Peer's state: s4@group-46F048A18FB7:t28, leader=null, voted=s4, raftlog=s4@group-46F048A18FB7-SegmentedRaftLog:OPENED:c-1,f-1,i0, conf=-1: [s3:0.0.0.0:39188, s4:0.0.0.0:40778, s0:0.0.0.0:42012, s1:0.0.0.0:45336, s2:0.0.0.0:38783], old=null
2019-09-24 16:43:33,663 DEBUG impl.RaftServerImpl (RaftServerImpl.java:requestVote(743)) - s3@group-46F048A18FB7: receive requestVote(s0, group-46F048A18FB7, 28, (t:0, i:0))
2019-09-24 16:43:33,665 DEBUG impl.RaftServerImpl (RaftServerImpl.java:requestVote(775)) - s0@group-46F048A18FB7 replies to vote request: s4<-s0#0:FAIL-t28. Peer's state: s0@group-46F048A18FB7:t28, leader=null, voted=s0, raftlog=s0@group-46F048A18FB7-SegmentedRaftLog:OPENED:c-1,f-1,i0, conf=-1: [s3:0.0.0.0:39188, s4:0.0.0.0:40778, s0:0.0.0.0:42012, s1:0.0.0.0:45336, s2:0.0.0.0:38783], old=null
2019-09-24 16:43:33,666 DEBUG impl.RaftServerImpl (RaftServerImpl.java:requestVote(743)) - s4@group-46F048A18FB7: receive requestVote(s0, group-46F048A18FB7, 28, (t:0, i:0))
2019-09-24 16:43:33,666 INFO  impl.LeaderElection (LeaderElection.java:logAndReturn(56)) - s4@group-46F048A18FB7-LeaderElection63: Election REJECTED; received 0 response(s) [] and 0 exception(s); s4@group-46F048A18FB7:t28, leader=null, voted=s4, raftlog=s4@group-46F048A18FB7-SegmentedRaftLog:OPENED:c-1,f-1,i0, conf=-1: [s3:0.0.0.0:39188, s4:0.0.0.0:40778, s0:0.0.0.0:42012, s1:0.0.0.0:45336, s2:0.0.0.0:38783], old=null
2019-09-24 16:43:33,666 DEBUG impl.RaftServerImpl (RaftServerImpl.java:requestVote(743)) - s0@group-46F048A18FB7: receive requestVote(s4, group-46F048A18FB7, 28, (t:0, i:0))
2019-09-24 16:43:33,666 DEBUG impl.RaftServerImpl (RaftServerImpl.java:requestVote(775)) - s4@group-46F048A18FB7 replies to vote request: s0<-s4#0:FAIL-t28. Peer's state: s4@group-46F048A18FB7:t28, leader=null, voted=s4, raftlog=s4@group-46F048A18FB7-SegmentedRaftLog:OPENED:c-1,f-1,i0, conf=-1: [s3:0.0.0.0:39188, s4:0.0.0.0:40778, s0:0.0.0.0:42012, s1:0.0.0.0:45336, s2:0.0.0.0:38783], old=null
2019-09-24 16:43:33,666 DEBUG impl.RaftServerImpl (RaftServerImpl.java:requestVote(743)) - s2@group-46F048A18FB7: receive requestVote(s4, group-46F048A18FB7, 27, (t:0, i:0))
2019-09-24 16:43:33,667 DEBUG impl.RaftServerImpl (RaftServerImpl.java:requestVote(775)) - s0@group-46F048A18FB7 replies to vote request: s4<-s0#0:FAIL-t28. Peer's state: s0@group-46F048A18FB7:t28, leader=null, voted=s0, raftlog=s0@group-46F048A18FB7-SegmentedRaftLog:OPENED:c-1,f-1,i0, conf=-1: [s3:0.0.0.0:39188, s4:0.0.0.0:40778, s0:0.0.0.0:42012, s1:0.0.0.0:45336, s2:0.0.0.0:38783], old=null
2019-09-24 16:43:33,711 WARN  ratis.RaftTestUtil (JavaUtils.java:attempt(158)) - FAILED "waitForLeader-null-(expectLeader? true)", attempt #83/100: java.lang.IllegalStateException: No leader yet : printing ALL groups
  s3:  RUNNING CANDIDATE s3@group-46F048A18FB7:t28, leader=null, voted=s3, raftlog=s3@group-46F048A18FB7-SegmentedRaftLog:OPENED:c-1,f-1,i0, conf=-1: [s3:0.0.0.0:39188, s4:0.0.0.0:40778, s0:0.0.0.0:42012, s1:0.0.0.0:45336, s2:0.0.0.0:38783], old=null RUNNING
  s4:  RUNNING CANDIDATE s4@group-46F048A18FB7:t28, leader=null, voted=s4, raftlog=s4@group-46F048A18FB7-SegmentedRaftLog:OPENED:c-1,f-1,i0, conf=-1: [s3:0.0.0.0:39188, s4:0.0.0.0:40778, s0:0.0.0.0:42012, s1:0.0.0.0:45336, s2:0.0.0.0:38783], old=null RUNNING
  s0:  RUNNING CANDIDATE s0@group-46F048A18FB7:t28, leader=null, voted=s0, raftlog=s0@group-46F048A18FB7-SegmentedRaftLog:OPENED:c-1,f-1,i0, conf=-1: [s3:0.0.0.0:39188, s4:0.0.0.0:40778, s0:0.0.0.0:42012, s1:0.0.0.0:45336, s2:0.0.0.0:38783], old=null RUNNING
  s1:  RUNNING CANDIDATE s1@group-46F048A18FB7:t28, leader=null, voted=s1, raftlog=s1@group-46F048A18FB7-SegmentedRaftLog:OPENED:c-1,f-1,i0, conf=-1: [s3:0.0.0.0:39188, s4:0.0.0.0:40778, s0:0.0.0.0:42012, s1:0.0.0.0:45336, s2:0.0.0.0:38783], old=null RUNNING
  s2:  RUNNING CANDIDATE s2@group-46F048A18FB7:t28, leader=null, voted=s2, raftlog=s2@group-46F048A18FB7-SegmentedRaftLog:OPENED:c-1,f-1,i0, conf=-1: [s3:0.0.0.0:39188, s4:0.0.0.0:40778, s0:0.0.0.0:42012, s1:0.0.0.0:45336, s2:0.0.0.0:38783], old=null RUNNING, sleep 450ms and then retry.
java.lang.IllegalStateException: No leader yet : printing ALL groups
  s3:  RUNNING CANDIDATE s3@group-46F048A18FB7:t28, leader=null, voted=s3, raftlog=s3@group-46F048A18FB7-SegmentedRaftLog:OPENED:c-1,f-1,i0, conf=-1: [s3:0.0.0.0:39188, s4:0.0.0.0:40778, s0:0.0.0.0:42012, s1:0.0.0.0:45336, s2:0.0.0.0:38783], old=null RUNNING
  s4:  RUNNING CANDIDATE s4@group-46F048A18FB7:t28, leader=null, voted=s4, raftlog=s4@group-46F048A18FB7-SegmentedRaftLog:OPENED:c-1,f-1,i0, conf=-1: [s3:0.0.0.0:39188, s4:0.0.0.0:40778, s0:0.0.0.0:42012, s1:0.0.0.0:45336, s2:0.0.0.0:38783], old=null RUNNING
  s0:  RUNNING CANDIDATE s0@group-46F048A18FB7:t28, leader=null, voted=s0, raftlog=s0@group-46F048A18FB7-SegmentedRaftLog:OPENED:c-1,f-1,i0, conf=-1: [s3:0.0.0.0:39188, s4:0.0.0.0:40778, s0:0.0.0.0:42012, s1:0.0.0.0:45336, s2:0.0.0.0:38783], old=null RUNNING
  s1:  RUNNING CANDIDATE s1@group-46F048A18FB7:t28, leader=null, voted=s1, raftlog=s1@group-46F048A18FB7-SegmentedRaftLog:OPENED:c-1,f-1,i0, conf=-1: [s3:0.0.0.0:39188, s4:0.0.0.0:40778, s0:0.0.0.0:42012, s1:0.0.0.0:45336, s2:0.0.0.0:38783], old=null RUNNING
  s2:  RUNNING CANDIDATE s2@group-46F048A18FB7:t28, leader=null, voted=s2, raftlog=s2@group-46F048A18FB7-SegmentedRaftLog:OPENED:c-1,f-1,i0, conf=-1: [s3:0.0.0.0:39188, s4:0.0.0.0:40778, s0:0.0.0.0:42012, s1:0.0.0.0:45336, s2:0.0.0.0:38783], old=null RUNNING
	at org.apache.ratis.MiniRaftCluster.newIllegalStateExceptionForNoLeaders(MiniRaftCluster.java:506)
	at org.apache.ratis.RaftTestUtil.lambda$waitForLeader$1(RaftTestUtil.java:90)
	at org.apache.ratis.MiniRaftCluster.getLeader(MiniRaftCluster.java:539)
	at org.apache.ratis.MiniRaftCluster.getLeader(MiniRaftCluster.java:532)
	at org.apache.ratis.RaftTestUtil.lambda$waitForLeader$3(RaftTestUtil.java:98)
	at org.apache.ratis.util.JavaUtils.attempt(JavaUtils.java:152)
	at org.apache.ratis.RaftTestUtil.waitForLeader(RaftTestUtil.java:97)
	at org.apache.ratis.RaftTestUtil.waitForLeader(RaftTestUtil.java:77)
	at org.apache.ratis.RaftTestUtil.waitForLeader(RaftTestUtil.java:72)
	at org.apache.ratis.RaftBasicTests.testWithLoad(RaftBasicTests.java:336)
	at org.apache.ratis.RaftBasicTests.lambda$testWithLoad$10(RaftBasicTests.java:328)
	at org.apache.ratis.MiniRaftCluster$Factory$Get.runWithNewCluster(MiniRaftCluster.java:125)
	at org.apache.ratis.MiniRaftCluster$Factory$Get.runWithNewCluster(MiniRaftCluster.java:113)
	at org.apache.ratis.RaftBasicTests.testWithLoad(RaftBasicTests.java:328)
	at org.apache.ratis.netty.TestRaftWithNetty.testWithLoad(TestRaftWithNetty.java:31)
	at sun.reflect.NativeMethodAccessorImpl.invoke0(Native Method)
	at sun.reflect.NativeMethodAccessorImpl.invoke(NativeMethodAccessorImpl.java:62)
	at sun.reflect.DelegatingMethodAccessorImpl.invoke(DelegatingMethodAccessorImpl.java:43)
	at java.lang.reflect.Method.invoke(Method.java:498)
	at org.junit.runners.model.FrameworkMethod$1.runReflectiveCall(FrameworkMethod.java:50)
	at org.junit.internal.runners.model.ReflectiveCallable.run(ReflectiveCallable.java:12)
	at org.junit.runners.model.FrameworkMethod.invokeExplosively(FrameworkMethod.java:47)
	at org.junit.internal.runners.statements.InvokeMethod.evaluate(InvokeMethod.java:17)
	at org.junit.internal.runners.statements.RunAfters.evaluate(RunAfters.java:27)
	at org.junit.internal.runners.statements.FailOnTimeout$CallableStatement.call(FailOnTimeout.java:298)
	at org.junit.internal.runners.statements.FailOnTimeout$CallableStatement.call(FailOnTimeout.java:292)
	at java.util.concurrent.FutureTask.run(FutureTask.java:266)
	at java.lang.Thread.run(Thread.java:748)
2019-09-24 16:43:33,778 INFO  impl.LeaderElection (LeaderElection.java:askForVotes(178)) - s3@group-46F048A18FB7-LeaderElection69: begin an election at term 28 for -1: [s3:0.0.0.0:39188, s4:0.0.0.0:40778, s0:0.0.0.0:42012, s1:0.0.0.0:45336, s2:0.0.0.0:38783], old=null
2019-09-24 16:43:33,778 INFO  impl.LeaderElection (LeaderElection.java:askForVotes(178)) - s1@group-46F048A18FB7-LeaderElection68: begin an election at term 28 for -1: [s3:0.0.0.0:39188, s4:0.0.0.0:40778, s0:0.0.0.0:42012, s1:0.0.0.0:45336, s2:0.0.0.0:38783], old=null
2019-09-24 16:43:33,778 INFO  impl.LeaderElection (LeaderElection.java:askForVotes(178)) - s2@group-46F048A18FB7-LeaderElection67: begin an election at term 28 for -1: [s3:0.0.0.0:39188, s4:0.0.0.0:40778, s0:0.0.0.0:42012, s1:0.0.0.0:45336, s2:0.0.0.0:38783], old=null
2019-09-24 16:43:33,778 DEBUG impl.RaftServerImpl (RaftServerImpl.java:requestVote(775)) - s3@group-46F048A18FB7 replies to vote request: s0<-s3#0:FAIL-t28. Peer's state: s3@group-46F048A18FB7:t28, leader=null, voted=s3, raftlog=s3@group-46F048A18FB7-SegmentedRaftLog:OPENED:c-1,f-1,i0, conf=-1: [s3:0.0.0.0:39188, s4:0.0.0.0:40778, s0:0.0.0.0:42012, s1:0.0.0.0:45336, s2:0.0.0.0:38783], old=null
2019-09-24 16:43:33,778 DEBUG impl.RaftServerImpl (RaftServerImpl.java:requestVote(775)) - s1@group-46F048A18FB7 replies to vote request: s4<-s1#0:FAIL-t28. Peer's state: s1@group-46F048A18FB7:t28, leader=null, voted=s1, raftlog=s1@group-46F048A18FB7-SegmentedRaftLog:OPENED:c-1,f-1,i0, conf=-1: [s3:0.0.0.0:39188, s4:0.0.0.0:40778, s0:0.0.0.0:42012, s1:0.0.0.0:45336, s2:0.0.0.0:38783], old=null
2019-09-24 16:43:33,778 DEBUG impl.RaftServerImpl (RaftServerImpl.java:requestVote(775)) - s2@group-46F048A18FB7 replies to vote request: s4<-s2#0:FAIL-t28. Peer's state: s2@group-46F048A18FB7:t28, leader=null, voted=s2, raftlog=s2@group-46F048A18FB7-SegmentedRaftLog:OPENED:c-1,f-1,i0, conf=-1: [s3:0.0.0.0:39188, s4:0.0.0.0:40778, s0:0.0.0.0:42012, s1:0.0.0.0:45336, s2:0.0.0.0:38783], old=null
2019-09-24 16:43:33,779 DEBUG impl.RaftServerImpl (RaftServerImpl.java:requestVote(775)) - s1@group-46F048A18FB7 replies to vote request: s0<-s1#0:FAIL-t28. Peer's state: s1@group-46F048A18FB7:t28, leader=null, voted=s1, raftlog=s1@group-46F048A18FB7-SegmentedRaftLog:OPENED:c-1,f-1,i0, conf=-1: [s3:0.0.0.0:39188, s4:0.0.0.0:40778, s0:0.0.0.0:42012, s1:0.0.0.0:45336, s2:0.0.0.0:38783], old=null
2019-09-24 16:43:33,778 DEBUG impl.RaftServerImpl (RaftServerImpl.java:requestVote(775)) - s3@group-46F048A18FB7 replies to vote request: s4<-s3#0:FAIL-t28. Peer's state: s3@group-46F048A18FB7:t28, leader=null, voted=s3, raftlog=s3@group-46F048A18FB7-SegmentedRaftLog:OPENED:c-1,f-1,i0, conf=-1: [s3:0.0.0.0:39188, s4:0.0.0.0:40778, s0:0.0.0.0:42012, s1:0.0.0.0:45336, s2:0.0.0.0:38783], old=null
2019-09-24 16:43:33,780 DEBUG impl.RaftServerImpl (RaftServerImpl.java:requestVote(743)) - s2@group-46F048A18FB7: receive requestVote(s4, group-46F048A18FB7, 28, (t:0, i:0))
2019-09-24 16:43:33,779 DEBUG impl.RaftServerImpl (RaftServerImpl.java:requestVote(743)) - s1@group-46F048A18FB7: receive requestVote(s4, group-46F048A18FB7, 28, (t:0, i:0))
2019-09-24 16:43:33,779 DEBUG impl.RaftServerImpl (RaftServerImpl.java:requestVote(775)) - s2@group-46F048A18FB7 replies to vote request: s0<-s2#0:FAIL-t28. Peer's state: s2@group-46F048A18FB7:t28, leader=null, voted=s2, raftlog=s2@group-46F048A18FB7-SegmentedRaftLog:OPENED:c-1,f-1,i0, conf=-1: [s3:0.0.0.0:39188, s4:0.0.0.0:40778, s0:0.0.0.0:42012, s1:0.0.0.0:45336, s2:0.0.0.0:38783], old=null
2019-09-24 16:43:33,781 DEBUG impl.RaftServerImpl (RaftServerImpl.java:requestVote(743)) - s3@group-46F048A18FB7: receive requestVote(s1, group-46F048A18FB7, 28, (t:0, i:0))
2019-09-24 16:43:33,781 DEBUG impl.RaftServerImpl (RaftServerImpl.java:requestVote(775)) - s1@group-46F048A18FB7 replies to vote request: s4<-s1#0:FAIL-t28. Peer's state: s1@group-46F048A18FB7:t28, leader=null, voted=s1, raftlog=s1@group-46F048A18FB7-SegmentedRaftLog:OPENED:c-1,f-1,i0, conf=-1: [s3:0.0.0.0:39188, s4:0.0.0.0:40778, s0:0.0.0.0:42012, s1:0.0.0.0:45336, s2:0.0.0.0:38783], old=null
2019-09-24 16:43:33,782 DEBUG impl.RaftServerImpl (RaftServerImpl.java:requestVote(743)) - s2@group-46F048A18FB7: receive requestVote(s0, group-46F048A18FB7, 28, (t:0, i:0))
2019-09-24 16:43:33,780 DEBUG impl.RaftServerImpl (RaftServerImpl.java:requestVote(743)) - s1@group-46F048A18FB7: receive requestVote(s0, group-46F048A18FB7, 28, (t:0, i:0))
2019-09-24 16:43:33,782 DEBUG impl.RaftServerImpl (RaftServerImpl.java:requestVote(743)) - s2@group-46F048A18FB7: receive requestVote(s3, group-46F048A18FB7, 28, (t:0, i:0))
2019-09-24 16:43:33,782 DEBUG impl.RaftServerImpl (RaftServerImpl.java:requestVote(743)) - s1@group-46F048A18FB7: receive requestVote(s3, group-46F048A18FB7, 28, (t:0, i:0))
2019-09-24 16:43:33,782 DEBUG impl.RaftServerImpl (RaftServerImpl.java:requestVote(743)) - s0@group-46F048A18FB7: receive requestVote(s1, group-46F048A18FB7, 28, (t:0, i:0))
2019-09-24 16:43:33,782 DEBUG impl.RaftServerImpl (RaftServerImpl.java:requestVote(743)) - s0@group-46F048A18FB7: receive requestVote(s3, group-46F048A18FB7, 28, (t:0, i:0))
2019-09-24 16:43:33,781 DEBUG impl.RaftServerImpl (RaftServerImpl.java:requestVote(743)) - s4@group-46F048A18FB7: receive requestVote(s3, group-46F048A18FB7, 28, (t:0, i:0))
2019-09-24 16:43:33,781 DEBUG impl.RaftServerImpl (RaftServerImpl.java:requestVote(775)) - s3@group-46F048A18FB7 replies to vote request: s1<-s3#0:FAIL-t28. Peer's state: s3@group-46F048A18FB7:t28, leader=null, voted=s3, raftlog=s3@group-46F048A18FB7-SegmentedRaftLog:OPENED:c-1,f-1,i0, conf=-1: [s3:0.0.0.0:39188, s4:0.0.0.0:40778, s0:0.0.0.0:42012, s1:0.0.0.0:45336, s2:0.0.0.0:38783], old=null
2019-09-24 16:43:33,781 DEBUG impl.RaftServerImpl (RaftServerImpl.java:requestVote(775)) - s2@group-46F048A18FB7 replies to vote request: s4<-s2#0:FAIL-t28. Peer's state: s2@group-46F048A18FB7:t28, leader=null, voted=s2, raftlog=s2@group-46F048A18FB7-SegmentedRaftLog:OPENED:c-1,f-1,i0, conf=-1: [s3:0.0.0.0:39188, s4:0.0.0.0:40778, s0:0.0.0.0:42012, s1:0.0.0.0:45336, s2:0.0.0.0:38783], old=null
2019-09-24 16:43:33,781 DEBUG impl.RaftServerImpl (RaftServerImpl.java:requestVote(743)) - s4@group-46F048A18FB7: receive requestVote(s1, group-46F048A18FB7, 28, (t:0, i:0))
2019-09-24 16:43:33,785 DEBUG impl.RaftServerImpl (RaftServerImpl.java:requestVote(775)) - s2@group-46F048A18FB7 replies to vote request: s3<-s2#0:FAIL-t28. Peer's state: s2@group-46F048A18FB7:t28, leader=null, voted=s2, raftlog=s2@group-46F048A18FB7-SegmentedRaftLog:OPENED:c-1,f-1,i0, conf=-1: [s3:0.0.0.0:39188, s4:0.0.0.0:40778, s0:0.0.0.0:42012, s1:0.0.0.0:45336, s2:0.0.0.0:38783], old=null
2019-09-24 16:43:33,784 DEBUG impl.RaftServerImpl (RaftServerImpl.java:requestVote(775)) - s4@group-46F048A18FB7 replies to vote request: s3<-s4#0:FAIL-t28. Peer's state: s4@group-46F048A18FB7:t28, leader=null, voted=s4, raftlog=s4@group-46F048A18FB7-SegmentedRaftLog:OPENED:c-1,f-1,i0, conf=-1: [s3:0.0.0.0:39188, s4:0.0.0.0:40778, s0:0.0.0.0:42012, s1:0.0.0.0:45336, s2:0.0.0.0:38783], old=null
2019-09-24 16:43:33,786 DEBUG impl.RaftServerImpl (RaftServerImpl.java:requestVote(743)) - s3@group-46F048A18FB7: receive requestVote(s2, group-46F048A18FB7, 28, (t:0, i:0))
2019-09-24 16:43:33,783 DEBUG impl.RaftServerImpl (RaftServerImpl.java:requestVote(775)) - s0@group-46F048A18FB7 replies to vote request: s1<-s0#0:FAIL-t28. Peer's state: s0@group-46F048A18FB7:t28, leader=null, voted=s0, raftlog=s0@group-46F048A18FB7-SegmentedRaftLog:OPENED:c-1,f-1,i0, conf=-1: [s3:0.0.0.0:39188, s4:0.0.0.0:40778, s0:0.0.0.0:42012, s1:0.0.0.0:45336, s2:0.0.0.0:38783], old=null
2019-09-24 16:43:33,783 DEBUG impl.RaftServerImpl (RaftServerImpl.java:requestVote(743)) - s2@group-46F048A18FB7: receive requestVote(s1, group-46F048A18FB7, 28, (t:0, i:0))
2019-09-24 16:43:33,782 DEBUG impl.RaftServerImpl (RaftServerImpl.java:requestVote(775)) - s1@group-46F048A18FB7 replies to vote request: s0<-s1#0:FAIL-t28. Peer's state: s1@group-46F048A18FB7:t28, leader=null, voted=s1, raftlog=s1@group-46F048A18FB7-SegmentedRaftLog:OPENED:c-1,f-1,i0, conf=-1: [s3:0.0.0.0:39188, s4:0.0.0.0:40778, s0:0.0.0.0:42012, s1:0.0.0.0:45336, s2:0.0.0.0:38783], old=null
2019-09-24 16:43:33,786 DEBUG impl.RaftServerImpl (RaftServerImpl.java:requestVote(775)) - s0@group-46F048A18FB7 replies to vote request: s3<-s0#0:FAIL-t28. Peer's state: s0@group-46F048A18FB7:t28, leader=null, voted=s0, raftlog=s0@group-46F048A18FB7-SegmentedRaftLog:OPENED:c-1,f-1,i0, conf=-1: [s3:0.0.0.0:39188, s4:0.0.0.0:40778, s0:0.0.0.0:42012, s1:0.0.0.0:45336, s2:0.0.0.0:38783], old=null
2019-09-24 16:43:33,786 DEBUG impl.RaftServerImpl (RaftServerImpl.java:requestVote(775)) - s3@group-46F048A18FB7 replies to vote request: s2<-s3#0:FAIL-t28. Peer's state: s3@group-46F048A18FB7:t28, leader=null, voted=s3, raftlog=s3@group-46F048A18FB7-SegmentedRaftLog:OPENED:c-1,f-1,i0, conf=-1: [s3:0.0.0.0:39188, s4:0.0.0.0:40778, s0:0.0.0.0:42012, s1:0.0.0.0:45336, s2:0.0.0.0:38783], old=null
2019-09-24 16:43:33,786 DEBUG impl.RaftServerImpl (RaftServerImpl.java:requestVote(775)) - s4@group-46F048A18FB7 replies to vote request: s1<-s4#0:FAIL-t28. Peer's state: s4@group-46F048A18FB7:t28, leader=null, voted=s4, raftlog=s4@group-46F048A18FB7-SegmentedRaftLog:OPENED:c-1,f-1,i0, conf=-1: [s3:0.0.0.0:39188, s4:0.0.0.0:40778, s0:0.0.0.0:42012, s1:0.0.0.0:45336, s2:0.0.0.0:38783], old=null
2019-09-24 16:43:33,785 DEBUG impl.RaftServerImpl (RaftServerImpl.java:requestVote(775)) - s2@group-46F048A18FB7 replies to vote request: s0<-s2#0:FAIL-t28. Peer's state: s2@group-46F048A18FB7:t28, leader=null, voted=s2, raftlog=s2@group-46F048A18FB7-SegmentedRaftLog:OPENED:c-1,f-1,i0, conf=-1: [s3:0.0.0.0:39188, s4:0.0.0.0:40778, s0:0.0.0.0:42012, s1:0.0.0.0:45336, s2:0.0.0.0:38783], old=null
2019-09-24 16:43:33,785 INFO  impl.LeaderElection (LeaderElection.java:logAndReturn(56)) - s4@group-46F048A18FB7-LeaderElection65: Election REJECTED; received 4 response(s) [s4<-s3#0:FAIL-t28, s4<-s0#0:FAIL-t28, s4<-s1#0:FAIL-t28, s4<-s2#0:FAIL-t28] and 0 exception(s); s4@group-46F048A18FB7:t28, leader=null, voted=s4, raftlog=s4@group-46F048A18FB7-SegmentedRaftLog:OPENED:c-1,f-1,i0, conf=-1: [s3:0.0.0.0:39188, s4:0.0.0.0:40778, s0:0.0.0.0:42012, s1:0.0.0.0:45336, s2:0.0.0.0:38783], old=null
2019-09-24 16:43:33,789 DEBUG impl.RaftServerImpl (RaftServerImpl.java:requestVote(775)) - s2@group-46F048A18FB7 replies to vote request: s1<-s2#0:FAIL-t28. Peer's state: s2@group-46F048A18FB7:t28, leader=null, voted=s2, raftlog=s2@group-46F048A18FB7-SegmentedRaftLog:OPENED:c-1,f-1,i0, conf=-1: [s3:0.0.0.0:39188, s4:0.0.0.0:40778, s0:0.0.0.0:42012, s1:0.0.0.0:45336, s2:0.0.0.0:38783], old=null
2019-09-24 16:43:33,787 DEBUG impl.RaftServerImpl (RaftServerImpl.java:requestVote(775)) - s1@group-46F048A18FB7 replies to vote request: s3<-s1#0:FAIL-t28. Peer's state: s1@group-46F048A18FB7:t28, leader=null, voted=s1, raftlog=s1@group-46F048A18FB7-SegmentedRaftLog:OPENED:c-1,f-1,i0, conf=-1: [s3:0.0.0.0:39188, s4:0.0.0.0:40778, s0:0.0.0.0:42012, s1:0.0.0.0:45336, s2:0.0.0.0:38783], old=null
2019-09-24 16:43:33,789 INFO  impl.LeaderElection (LeaderElection.java:logAndReturn(56)) - s0@group-46F048A18FB7-LeaderElection66: Election REJECTED; received 4 response(s) [s0<-s3#0:FAIL-t28, s0<-s4#0:FAIL-t28, s0<-s1#0:FAIL-t28, s0<-s2#0:FAIL-t28] and 0 exception(s); s0@group-46F048A18FB7:t28, leader=null, voted=s0, raftlog=s0@group-46F048A18FB7-SegmentedRaftLog:OPENED:c-1,f-1,i0, conf=-1: [s3:0.0.0.0:39188, s4:0.0.0.0:40778, s0:0.0.0.0:42012, s1:0.0.0.0:45336, s2:0.0.0.0:38783], old=null
2019-09-24 16:43:33,789 INFO  impl.RaftServerImpl (RaftServerImpl.java:setRole(170)) - s4@group-46F048A18FB7: changes role from CANDIDATE to FOLLOWER at term 28 for DISCOVERED_A_NEW_TERM
2019-09-24 16:43:33,790 INFO  impl.RaftServerImpl (RaftServerImpl.java:setRole(170)) - s0@group-46F048A18FB7: changes role from CANDIDATE to FOLLOWER at term 28 for DISCOVERED_A_NEW_TERM
2019-09-24 16:43:33,790 INFO  impl.RoleInfo (RoleInfo.java:shutdownLeaderElection(134)) - s0: shutdown LeaderElection
2019-09-24 16:43:33,790 INFO  impl.LeaderElection (LeaderElection.java:logAndReturn(56)) - s1@group-46F048A18FB7-LeaderElection68: Election REJECTED; received 4 response(s) [s1<-s3#0:FAIL-t28, s1<-s4#0:FAIL-t28, s1<-s0#0:FAIL-t28, s1<-s2#0:FAIL-t28] and 0 exception(s); s1@group-46F048A18FB7:t28, leader=null, voted=s1, raftlog=s1@group-46F048A18FB7-SegmentedRaftLog:OPENED:c-1,f-1,i0, conf=-1: [s3:0.0.0.0:39188, s4:0.0.0.0:40778, s0:0.0.0.0:42012, s1:0.0.0.0:45336, s2:0.0.0.0:38783], old=null
2019-09-24 16:43:33,791 INFO  impl.RoleInfo (RoleInfo.java:updateAndGet(143)) - s0: start FollowerState
2019-09-24 16:43:33,791 DEBUG impl.RaftServerImpl (RaftServerImpl.java:requestVote(743)) - s0@group-46F048A18FB7: receive requestVote(s2, group-46F048A18FB7, 28, (t:0, i:0))
2019-09-24 16:43:33,790 INFO  impl.LeaderElection (LeaderElection.java:logAndReturn(56)) - s3@group-46F048A18FB7-LeaderElection69: Election REJECTED; received 4 response(s) [s3<-s4#0:FAIL-t28, s3<-s0#0:FAIL-t28, s3<-s1#0:FAIL-t28, s3<-s2#0:FAIL-t28] and 0 exception(s); s3@group-46F048A18FB7:t28, leader=null, voted=s3, raftlog=s3@group-46F048A18FB7-SegmentedRaftLog:OPENED:c-1,f-1,i0, conf=-1: [s3:0.0.0.0:39188, s4:0.0.0.0:40778, s0:0.0.0.0:42012, s1:0.0.0.0:45336, s2:0.0.0.0:38783], old=null
2019-09-24 16:43:33,791 DEBUG impl.RaftServerImpl (RaftServerImpl.java:requestVote(775)) - s0@group-46F048A18FB7 replies to vote request: s2<-s0#0:FAIL-t28. Peer's state: s0@group-46F048A18FB7:t28, leader=null, voted=s0, raftlog=s0@group-46F048A18FB7-SegmentedRaftLog:OPENED:c-1,f-1,i0, conf=-1: [s3:0.0.0.0:39188, s4:0.0.0.0:40778, s0:0.0.0.0:42012, s1:0.0.0.0:45336, s2:0.0.0.0:38783], old=null
2019-09-24 16:43:33,790 DEBUG impl.RaftServerImpl (RaftServerImpl.java:requestVote(743)) - s4@group-46F048A18FB7: receive requestVote(s2, group-46F048A18FB7, 28, (t:0, i:0))
2019-09-24 16:43:33,790 INFO  impl.RoleInfo (RoleInfo.java:shutdownLeaderElection(134)) - s4: shutdown LeaderElection
2019-09-24 16:43:33,792 INFO  impl.RaftServerImpl (RaftServerImpl.java:setRole(170)) - s3@group-46F048A18FB7: changes role from CANDIDATE to FOLLOWER at term 28 for DISCOVERED_A_NEW_TERM
2019-09-24 16:43:33,792 INFO  impl.RoleInfo (RoleInfo.java:shutdownLeaderElection(134)) - s3: shutdown LeaderElection
2019-09-24 16:43:33,791 DEBUG impl.RaftServerImpl (RaftServerImpl.java:requestVote(743)) - s1@group-46F048A18FB7: receive requestVote(s2, group-46F048A18FB7, 28, (t:0, i:0))
2019-09-24 16:43:33,791 INFO  impl.RaftServerImpl (RaftServerImpl.java:setRole(170)) - s1@group-46F048A18FB7: changes role from CANDIDATE to FOLLOWER at term 28 for DISCOVERED_A_NEW_TERM
2019-09-24 16:43:33,793 INFO  impl.RoleInfo (RoleInfo.java:updateAndGet(143)) - s3: start FollowerState
2019-09-24 16:43:33,792 INFO  impl.RoleInfo (RoleInfo.java:updateAndGet(143)) - s4: start FollowerState
2019-09-24 16:43:33,793 INFO  impl.RoleInfo (RoleInfo.java:shutdownLeaderElection(134)) - s1: shutdown LeaderElection
2019-09-24 16:43:33,794 INFO  impl.RoleInfo (RoleInfo.java:updateAndGet(143)) - s1: start FollowerState
2019-09-24 16:43:33,794 DEBUG impl.RaftServerImpl (RaftServerImpl.java:requestVote(775)) - s4@group-46F048A18FB7 replies to vote request: s2<-s4#0:FAIL-t28. Peer's state: s4@group-46F048A18FB7:t28, leader=null, voted=s4, raftlog=s4@group-46F048A18FB7-SegmentedRaftLog:OPENED:c-1,f-1,i0, conf=-1: [s3:0.0.0.0:39188, s4:0.0.0.0:40778, s0:0.0.0.0:42012, s1:0.0.0.0:45336, s2:0.0.0.0:38783], old=null
2019-09-24 16:43:33,794 DEBUG impl.RaftServerImpl (RaftServerImpl.java:requestVote(775)) - s1@group-46F048A18FB7 replies to vote request: s2<-s1#0:FAIL-t28. Peer's state: s1@group-46F048A18FB7:t28, leader=null, voted=s1, raftlog=s1@group-46F048A18FB7-SegmentedRaftLog:OPENED:c-1,f-1,i0, conf=-1: [s3:0.0.0.0:39188, s4:0.0.0.0:40778, s0:0.0.0.0:42012, s1:0.0.0.0:45336, s2:0.0.0.0:38783], old=null
2019-09-24 16:43:33,795 INFO  impl.LeaderElection (LeaderElection.java:logAndReturn(56)) - s2@group-46F048A18FB7-LeaderElection67: Election REJECTED; received 4 response(s) [s2<-s3#0:FAIL-t28, s2<-s4#0:FAIL-t28, s2<-s0#0:FAIL-t28, s2<-s1#0:FAIL-t28] and 0 exception(s); s2@group-46F048A18FB7:t28, leader=null, voted=s2, raftlog=s2@group-46F048A18FB7-SegmentedRaftLog:OPENED:c-1,f-1,i0, conf=-1: [s3:0.0.0.0:39188, s4:0.0.0.0:40778, s0:0.0.0.0:42012, s1:0.0.0.0:45336, s2:0.0.0.0:38783], old=null
2019-09-24 16:43:33,795 INFO  impl.RaftServerImpl (RaftServerImpl.java:setRole(170)) - s2@group-46F048A18FB7: changes role from CANDIDATE to FOLLOWER at term 28 for DISCOVERED_A_NEW_TERM
2019-09-24 16:43:33,796 INFO  impl.RoleInfo (RoleInfo.java:shutdownLeaderElection(134)) - s2: shutdown LeaderElection
2019-09-24 16:43:33,796 INFO  impl.RoleInfo (RoleInfo.java:updateAndGet(143)) - s2: start FollowerState
2019-09-24 16:43:33,952 INFO  impl.FollowerState (FollowerState.java:run(108)) - s0@group-46F048A18FB7-FollowerState: change to CANDIDATE, lastRpcTime:161ms, electionTimeout:160ms
2019-09-24 16:43:33,952 INFO  impl.RoleInfo (RoleInfo.java:shutdownFollowerState(121)) - s0: shutdown FollowerState
2019-09-24 16:43:33,952 INFO  impl.RaftServerImpl (RaftServerImpl.java:setRole(170)) - s0@group-46F048A18FB7: changes role from  FOLLOWER to CANDIDATE at term 28 for changeToCandidate
2019-09-24 16:43:33,952 INFO  impl.RoleInfo (RoleInfo.java:updateAndGet(143)) - s0: start LeaderElection
2019-09-24 16:43:33,957 INFO  impl.FollowerState (FollowerState.java:run(108)) - s2@group-46F048A18FB7-FollowerState: change to CANDIDATE, lastRpcTime:161ms, electionTimeout:161ms
2019-09-24 16:43:33,958 INFO  impl.RoleInfo (RoleInfo.java:shutdownFollowerState(121)) - s2: shutdown FollowerState
2019-09-24 16:43:33,958 INFO  impl.RaftServerImpl (RaftServerImpl.java:setRole(170)) - s2@group-46F048A18FB7: changes role from  FOLLOWER to CANDIDATE at term 28 for changeToCandidate
2019-09-24 16:43:33,958 INFO  impl.RoleInfo (RoleInfo.java:updateAndGet(143)) - s2: start LeaderElection
2019-09-24 16:43:33,971 INFO  impl.FollowerState (FollowerState.java:run(108)) - s4@group-46F048A18FB7-FollowerState: change to CANDIDATE, lastRpcTime:178ms, electionTimeout:177ms
2019-09-24 16:43:33,971 INFO  impl.RoleInfo (RoleInfo.java:shutdownFollowerState(121)) - s4: shutdown FollowerState
2019-09-24 16:43:33,972 INFO  impl.RaftServerImpl (RaftServerImpl.java:setRole(170)) - s4@group-46F048A18FB7: changes role from  FOLLOWER to CANDIDATE at term 28 for changeToCandidate
2019-09-24 16:43:33,972 INFO  impl.RoleInfo (RoleInfo.java:updateAndGet(143)) - s4: start LeaderElection
2019-09-24 16:43:33,989 INFO  impl.FollowerState (FollowerState.java:run(108)) - s1@group-46F048A18FB7-FollowerState: change to CANDIDATE, lastRpcTime:195ms, electionTimeout:195ms
2019-09-24 16:43:33,990 INFO  impl.RoleInfo (RoleInfo.java:shutdownFollowerState(121)) - s1: shutdown FollowerState
2019-09-24 16:43:33,990 INFO  impl.RaftServerImpl (RaftServerImpl.java:setRole(170)) - s1@group-46F048A18FB7: changes role from  FOLLOWER to CANDIDATE at term 28 for changeToCandidate
2019-09-24 16:43:33,990 INFO  impl.RoleInfo (RoleInfo.java:updateAndGet(143)) - s1: start LeaderElection
2019-09-24 16:43:34,078 INFO  impl.FollowerState (FollowerState.java:run(108)) - s3@group-46F048A18FB7-FollowerState: change to CANDIDATE, lastRpcTime:285ms, electionTimeout:284ms
2019-09-24 16:43:34,078 INFO  impl.RoleInfo (RoleInfo.java:shutdownFollowerState(121)) - s3: shutdown FollowerState
2019-09-24 16:43:34,078 INFO  impl.RaftServerImpl (RaftServerImpl.java:setRole(170)) - s3@group-46F048A18FB7: changes role from  FOLLOWER to CANDIDATE at term 28 for changeToCandidate
2019-09-24 16:43:34,079 INFO  impl.RoleInfo (RoleInfo.java:updateAndGet(143)) - s3: start LeaderElection
2019-09-24 16:43:34,163 WARN  ratis.RaftTestUtil (JavaUtils.java:attempt(158)) - FAILED "waitForLeader-null-(expectLeader? true)", attempt #84/100: java.lang.IllegalStateException: No leader yet : printing ALL groups
  s3:  RUNNING CANDIDATE s3@group-46F048A18FB7:t29, leader=null, voted=s3, raftlog=s3@group-46F048A18FB7-SegmentedRaftLog:OPENED:c-1,f-1,i0, conf=-1: [s3:0.0.0.0:39188, s4:0.0.0.0:40778, s0:0.0.0.0:42012, s1:0.0.0.0:45336, s2:0.0.0.0:38783], old=null RUNNING
  s4:  RUNNING CANDIDATE s4@group-46F048A18FB7:t29, leader=null, voted=s4, raftlog=s4@group-46F048A18FB7-SegmentedRaftLog:OPENED:c-1,f-1,i0, conf=-1: [s3:0.0.0.0:39188, s4:0.0.0.0:40778, s0:0.0.0.0:42012, s1:0.0.0.0:45336, s2:0.0.0.0:38783], old=null RUNNING
  s0:  RUNNING CANDIDATE s0@group-46F048A18FB7:t29, leader=null, voted=s0, raftlog=s0@group-46F048A18FB7-SegmentedRaftLog:OPENED:c-1,f-1,i0, conf=-1: [s3:0.0.0.0:39188, s4:0.0.0.0:40778, s0:0.0.0.0:42012, s1:0.0.0.0:45336, s2:0.0.0.0:38783], old=null RUNNING
  s1:  RUNNING CANDIDATE s1@group-46F048A18FB7:t29, leader=null, voted=s1, raftlog=s1@group-46F048A18FB7-SegmentedRaftLog:OPENED:c-1,f-1,i0, conf=-1: [s3:0.0.0.0:39188, s4:0.0.0.0:40778, s0:0.0.0.0:42012, s1:0.0.0.0:45336, s2:0.0.0.0:38783], old=null RUNNING
  s2:  RUNNING CANDIDATE s2@group-46F048A18FB7:t29, leader=null, voted=s2, raftlog=s2@group-46F048A18FB7-SegmentedRaftLog:OPENED:c-1,f-1,i0, conf=-1: [s3:0.0.0.0:39188, s4:0.0.0.0:40778, s0:0.0.0.0:42012, s1:0.0.0.0:45336, s2:0.0.0.0:38783], old=null RUNNING, sleep 450ms and then retry.
java.lang.IllegalStateException: No leader yet : printing ALL groups
  s3:  RUNNING CANDIDATE s3@group-46F048A18FB7:t29, leader=null, voted=s3, raftlog=s3@group-46F048A18FB7-SegmentedRaftLog:OPENED:c-1,f-1,i0, conf=-1: [s3:0.0.0.0:39188, s4:0.0.0.0:40778, s0:0.0.0.0:42012, s1:0.0.0.0:45336, s2:0.0.0.0:38783], old=null RUNNING
  s4:  RUNNING CANDIDATE s4@group-46F048A18FB7:t29, leader=null, voted=s4, raftlog=s4@group-46F048A18FB7-SegmentedRaftLog:OPENED:c-1,f-1,i0, conf=-1: [s3:0.0.0.0:39188, s4:0.0.0.0:40778, s0:0.0.0.0:42012, s1:0.0.0.0:45336, s2:0.0.0.0:38783], old=null RUNNING
  s0:  RUNNING CANDIDATE s0@group-46F048A18FB7:t29, leader=null, voted=s0, raftlog=s0@group-46F048A18FB7-SegmentedRaftLog:OPENED:c-1,f-1,i0, conf=-1: [s3:0.0.0.0:39188, s4:0.0.0.0:40778, s0:0.0.0.0:42012, s1:0.0.0.0:45336, s2:0.0.0.0:38783], old=null RUNNING
  s1:  RUNNING CANDIDATE s1@group-46F048A18FB7:t29, leader=null, voted=s1, raftlog=s1@group-46F048A18FB7-SegmentedRaftLog:OPENED:c-1,f-1,i0, conf=-1: [s3:0.0.0.0:39188, s4:0.0.0.0:40778, s0:0.0.0.0:42012, s1:0.0.0.0:45336, s2:0.0.0.0:38783], old=null RUNNING
  s2:  RUNNING CANDIDATE s2@group-46F048A18FB7:t29, leader=null, voted=s2, raftlog=s2@group-46F048A18FB7-SegmentedRaftLog:OPENED:c-1,f-1,i0, conf=-1: [s3:0.0.0.0:39188, s4:0.0.0.0:40778, s0:0.0.0.0:42012, s1:0.0.0.0:45336, s2:0.0.0.0:38783], old=null RUNNING
	at org.apache.ratis.MiniRaftCluster.newIllegalStateExceptionForNoLeaders(MiniRaftCluster.java:506)
	at org.apache.ratis.RaftTestUtil.lambda$waitForLeader$1(RaftTestUtil.java:90)
	at org.apache.ratis.MiniRaftCluster.getLeader(MiniRaftCluster.java:539)
	at org.apache.ratis.MiniRaftCluster.getLeader(MiniRaftCluster.java:532)
	at org.apache.ratis.RaftTestUtil.lambda$waitForLeader$3(RaftTestUtil.java:98)
	at org.apache.ratis.util.JavaUtils.attempt(JavaUtils.java:152)
	at org.apache.ratis.RaftTestUtil.waitForLeader(RaftTestUtil.java:97)
	at org.apache.ratis.RaftTestUtil.waitForLeader(RaftTestUtil.java:77)
	at org.apache.ratis.RaftTestUtil.waitForLeader(RaftTestUtil.java:72)
	at org.apache.ratis.RaftBasicTests.testWithLoad(RaftBasicTests.java:336)
	at org.apache.ratis.RaftBasicTests.lambda$testWithLoad$10(RaftBasicTests.java:328)
	at org.apache.ratis.MiniRaftCluster$Factory$Get.runWithNewCluster(MiniRaftCluster.java:125)
	at org.apache.ratis.MiniRaftCluster$Factory$Get.runWithNewCluster(MiniRaftCluster.java:113)
	at org.apache.ratis.RaftBasicTests.testWithLoad(RaftBasicTests.java:328)
	at org.apache.ratis.netty.TestRaftWithNetty.testWithLoad(TestRaftWithNetty.java:31)
	at sun.reflect.NativeMethodAccessorImpl.invoke0(Native Method)
	at sun.reflect.NativeMethodAccessorImpl.invoke(NativeMethodAccessorImpl.java:62)
	at sun.reflect.DelegatingMethodAccessorImpl.invoke(DelegatingMethodAccessorImpl.java:43)
	at java.lang.reflect.Method.invoke(Method.java:498)
	at org.junit.runners.model.FrameworkMethod$1.runReflectiveCall(FrameworkMethod.java:50)
	at org.junit.internal.runners.model.ReflectiveCallable.run(ReflectiveCallable.java:12)
	at org.junit.runners.model.FrameworkMethod.invokeExplosively(FrameworkMethod.java:47)
	at org.junit.internal.runners.statements.InvokeMethod.evaluate(InvokeMethod.java:17)
	at org.junit.internal.runners.statements.RunAfters.evaluate(RunAfters.java:27)
	at org.junit.internal.runners.statements.FailOnTimeout$CallableStatement.call(FailOnTimeout.java:298)
	at org.junit.internal.runners.statements.FailOnTimeout$CallableStatement.call(FailOnTimeout.java:292)
	at java.util.concurrent.FutureTask.run(FutureTask.java:266)
	at java.lang.Thread.run(Thread.java:748)
2019-09-24 16:43:34,595 INFO  impl.LeaderElection (LeaderElection.java:askForVotes(178)) - s2@group-46F048A18FB7-LeaderElection71: begin an election at term 29 for -1: [s3:0.0.0.0:39188, s4:0.0.0.0:40778, s0:0.0.0.0:42012, s1:0.0.0.0:45336, s2:0.0.0.0:38783], old=null
2019-09-24 16:43:34,595 INFO  impl.LeaderElection (LeaderElection.java:askForVotes(178)) - s4@group-46F048A18FB7-LeaderElection72: begin an election at term 29 for -1: [s3:0.0.0.0:39188, s4:0.0.0.0:40778, s0:0.0.0.0:42012, s1:0.0.0.0:45336, s2:0.0.0.0:38783], old=null
2019-09-24 16:43:34,595 INFO  impl.LeaderElection (LeaderElection.java:askForVotes(178)) - s0@group-46F048A18FB7-LeaderElection70: begin an election at term 29 for -1: [s3:0.0.0.0:39188, s4:0.0.0.0:40778, s0:0.0.0.0:42012, s1:0.0.0.0:45336, s2:0.0.0.0:38783], old=null
2019-09-24 16:43:34,598 DEBUG impl.RaftServerImpl (RaftServerImpl.java:requestVote(743)) - s1@group-46F048A18FB7: receive requestVote(s4, group-46F048A18FB7, 29, (t:0, i:0))
2019-09-24 16:43:34,598 DEBUG impl.RaftServerImpl (RaftServerImpl.java:requestVote(743)) - s3@group-46F048A18FB7: receive requestVote(s4, group-46F048A18FB7, 29, (t:0, i:0))
2019-09-24 16:43:34,598 DEBUG impl.RaftServerImpl (RaftServerImpl.java:requestVote(743)) - s0@group-46F048A18FB7: receive requestVote(s4, group-46F048A18FB7, 29, (t:0, i:0))
2019-09-24 16:43:34,598 DEBUG impl.RaftServerImpl (RaftServerImpl.java:requestVote(743)) - s0@group-46F048A18FB7: receive requestVote(s2, group-46F048A18FB7, 29, (t:0, i:0))
2019-09-24 16:43:34,598 DEBUG impl.RaftServerImpl (RaftServerImpl.java:requestVote(743)) - s4@group-46F048A18FB7: receive requestVote(s2, group-46F048A18FB7, 29, (t:0, i:0))
2019-09-24 16:43:34,598 DEBUG impl.RaftServerImpl (RaftServerImpl.java:requestVote(743)) - s4@group-46F048A18FB7: receive requestVote(s0, group-46F048A18FB7, 29, (t:0, i:0))
2019-09-24 16:43:34,598 DEBUG impl.RaftServerImpl (RaftServerImpl.java:requestVote(743)) - s3@group-46F048A18FB7: receive requestVote(s0, group-46F048A18FB7, 29, (t:0, i:0))
2019-09-24 16:43:34,598 DEBUG impl.RaftServerImpl (RaftServerImpl.java:requestVote(743)) - s3@group-46F048A18FB7: receive requestVote(s2, group-46F048A18FB7, 29, (t:0, i:0))
2019-09-24 16:43:34,600 DEBUG impl.RaftServerImpl (RaftServerImpl.java:requestVote(775)) - s4@group-46F048A18FB7 replies to vote request: s2<-s4#0:FAIL-t29. Peer's state: s4@group-46F048A18FB7:t29, leader=null, voted=s4, raftlog=s4@group-46F048A18FB7-SegmentedRaftLog:OPENED:c-1,f-1,i0, conf=-1: [s3:0.0.0.0:39188, s4:0.0.0.0:40778, s0:0.0.0.0:42012, s1:0.0.0.0:45336, s2:0.0.0.0:38783], old=null
2019-09-24 16:43:34,599 DEBUG impl.RaftServerImpl (RaftServerImpl.java:requestVote(743)) - s2@group-46F048A18FB7: receive requestVote(s0, group-46F048A18FB7, 29, (t:0, i:0))
2019-09-24 16:43:34,599 DEBUG impl.RaftServerImpl (RaftServerImpl.java:requestVote(743)) - s1@group-46F048A18FB7: receive requestVote(s2, group-46F048A18FB7, 29, (t:0, i:0))
2019-09-24 16:43:34,599 DEBUG impl.RaftServerImpl (RaftServerImpl.java:requestVote(775)) - s0@group-46F048A18FB7 replies to vote request: s4<-s0#0:FAIL-t29. Peer's state: s0@group-46F048A18FB7:t29, leader=null, voted=s0, raftlog=s0@group-46F048A18FB7-SegmentedRaftLog:OPENED:c-1,f-1,i0, conf=-1: [s3:0.0.0.0:39188, s4:0.0.0.0:40778, s0:0.0.0.0:42012, s1:0.0.0.0:45336, s2:0.0.0.0:38783], old=null
2019-09-24 16:43:34,599 DEBUG impl.RaftServerImpl (RaftServerImpl.java:requestVote(743)) - s2@group-46F048A18FB7: receive requestVote(s4, group-46F048A18FB7, 29, (t:0, i:0))
2019-09-24 16:43:34,599 DEBUG impl.RaftServerImpl (RaftServerImpl.java:requestVote(743)) - s1@group-46F048A18FB7: receive requestVote(s0, group-46F048A18FB7, 29, (t:0, i:0))
2019-09-24 16:43:34,602 DEBUG impl.RaftServerImpl (RaftServerImpl.java:requestVote(775)) - s0@group-46F048A18FB7 replies to vote request: s2<-s0#0:FAIL-t29. Peer's state: s0@group-46F048A18FB7:t29, leader=null, voted=s0, raftlog=s0@group-46F048A18FB7-SegmentedRaftLog:OPENED:c-1,f-1,i0, conf=-1: [s3:0.0.0.0:39188, s4:0.0.0.0:40778, s0:0.0.0.0:42012, s1:0.0.0.0:45336, s2:0.0.0.0:38783], old=null
2019-09-24 16:43:34,601 DEBUG impl.RaftServerImpl (RaftServerImpl.java:requestVote(775)) - s2@group-46F048A18FB7 replies to vote request: s0<-s2#0:FAIL-t29. Peer's state: s2@group-46F048A18FB7:t29, leader=null, voted=s2, raftlog=s2@group-46F048A18FB7-SegmentedRaftLog:OPENED:c-1,f-1,i0, conf=-1: [s3:0.0.0.0:39188, s4:0.0.0.0:40778, s0:0.0.0.0:42012, s1:0.0.0.0:45336, s2:0.0.0.0:38783], old=null
2019-09-24 16:43:34,601 DEBUG impl.RaftServerImpl (RaftServerImpl.java:requestVote(775)) - s4@group-46F048A18FB7 replies to vote request: s0<-s4#0:FAIL-t29. Peer's state: s4@group-46F048A18FB7:t29, leader=null, voted=s4, raftlog=s4@group-46F048A18FB7-SegmentedRaftLog:OPENED:c-1,f-1,i0, conf=-1: [s3:0.0.0.0:39188, s4:0.0.0.0:40778, s0:0.0.0.0:42012, s1:0.0.0.0:45336, s2:0.0.0.0:38783], old=null
2019-09-24 16:43:34,604 DEBUG impl.RaftServerImpl (RaftServerImpl.java:requestVote(775)) - s2@group-46F048A18FB7 replies to vote request: s4<-s2#0:FAIL-t29. Peer's state: s2@group-46F048A18FB7:t29, leader=null, voted=s2, raftlog=s2@group-46F048A18FB7-SegmentedRaftLog:OPENED:c-1,f-1,i0, conf=-1: [s3:0.0.0.0:39188, s4:0.0.0.0:40778, s0:0.0.0.0:42012, s1:0.0.0.0:45336, s2:0.0.0.0:38783], old=null
2019-09-24 16:43:34,614 WARN  ratis.RaftTestUtil (JavaUtils.java:attempt(158)) - FAILED "waitForLeader-null-(expectLeader? true)", attempt #85/100: java.lang.IllegalStateException: No leader yet : printing ALL groups
  s3:  RUNNING CANDIDATE s3@group-46F048A18FB7:t29, leader=null, voted=s3, raftlog=s3@group-46F048A18FB7-SegmentedRaftLog:OPENED:c-1,f-1,i0, conf=-1: [s3:0.0.0.0:39188, s4:0.0.0.0:40778, s0:0.0.0.0:42012, s1:0.0.0.0:45336, s2:0.0.0.0:38783], old=null RUNNING
  s4:  RUNNING CANDIDATE s4@group-46F048A18FB7:t29, leader=null, voted=s4, raftlog=s4@group-46F048A18FB7-SegmentedRaftLog:OPENED:c-1,f-1,i0, conf=-1: [s3:0.0.0.0:39188, s4:0.0.0.0:40778, s0:0.0.0.0:42012, s1:0.0.0.0:45336, s2:0.0.0.0:38783], old=null RUNNING
  s0:  RUNNING CANDIDATE s0@group-46F048A18FB7:t29, leader=null, voted=s0, raftlog=s0@group-46F048A18FB7-SegmentedRaftLog:OPENED:c-1,f-1,i0, conf=-1: [s3:0.0.0.0:39188, s4:0.0.0.0:40778, s0:0.0.0.0:42012, s1:0.0.0.0:45336, s2:0.0.0.0:38783], old=null RUNNING
  s1:  RUNNING CANDIDATE s1@group-46F048A18FB7:t29, leader=null, voted=s1, raftlog=s1@group-46F048A18FB7-SegmentedRaftLog:OPENED:c-1,f-1,i0, conf=-1: [s3:0.0.0.0:39188, s4:0.0.0.0:40778, s0:0.0.0.0:42012, s1:0.0.0.0:45336, s2:0.0.0.0:38783], old=null RUNNING
  s2:  RUNNING CANDIDATE s2@group-46F048A18FB7:t29, leader=null, voted=s2, raftlog=s2@group-46F048A18FB7-SegmentedRaftLog:OPENED:c-1,f-1,i0, conf=-1: [s3:0.0.0.0:39188, s4:0.0.0.0:40778, s0:0.0.0.0:42012, s1:0.0.0.0:45336, s2:0.0.0.0:38783], old=null RUNNING, sleep 450ms and then retry.
java.lang.IllegalStateException: No leader yet : printing ALL groups
  s3:  RUNNING CANDIDATE s3@group-46F048A18FB7:t29, leader=null, voted=s3, raftlog=s3@group-46F048A18FB7-SegmentedRaftLog:OPENED:c-1,f-1,i0, conf=-1: [s3:0.0.0.0:39188, s4:0.0.0.0:40778, s0:0.0.0.0:42012, s1:0.0.0.0:45336, s2:0.0.0.0:38783], old=null RUNNING
  s4:  RUNNING CANDIDATE s4@group-46F048A18FB7:t29, leader=null, voted=s4, raftlog=s4@group-46F048A18FB7-SegmentedRaftLog:OPENED:c-1,f-1,i0, conf=-1: [s3:0.0.0.0:39188, s4:0.0.0.0:40778, s0:0.0.0.0:42012, s1:0.0.0.0:45336, s2:0.0.0.0:38783], old=null RUNNING
  s0:  RUNNING CANDIDATE s0@group-46F048A18FB7:t29, leader=null, voted=s0, raftlog=s0@group-46F048A18FB7-SegmentedRaftLog:OPENED:c-1,f-1,i0, conf=-1: [s3:0.0.0.0:39188, s4:0.0.0.0:40778, s0:0.0.0.0:42012, s1:0.0.0.0:45336, s2:0.0.0.0:38783], old=null RUNNING
  s1:  RUNNING CANDIDATE s1@group-46F048A18FB7:t29, leader=null, voted=s1, raftlog=s1@group-46F048A18FB7-SegmentedRaftLog:OPENED:c-1,f-1,i0, conf=-1: [s3:0.0.0.0:39188, s4:0.0.0.0:40778, s0:0.0.0.0:42012, s1:0.0.0.0:45336, s2:0.0.0.0:38783], old=null RUNNING
  s2:  RUNNING CANDIDATE s2@group-46F048A18FB7:t29, leader=null, voted=s2, raftlog=s2@group-46F048A18FB7-SegmentedRaftLog:OPENED:c-1,f-1,i0, conf=-1: [s3:0.0.0.0:39188, s4:0.0.0.0:40778, s0:0.0.0.0:42012, s1:0.0.0.0:45336, s2:0.0.0.0:38783], old=null RUNNING
	at org.apache.ratis.MiniRaftCluster.newIllegalStateExceptionForNoLeaders(MiniRaftCluster.java:506)
	at org.apache.ratis.RaftTestUtil.lambda$waitForLeader$1(RaftTestUtil.java:90)
	at org.apache.ratis.MiniRaftCluster.getLeader(MiniRaftCluster.java:539)
	at org.apache.ratis.MiniRaftCluster.getLeader(MiniRaftCluster.java:532)
	at org.apache.ratis.RaftTestUtil.lambda$waitForLeader$3(RaftTestUtil.java:98)
	at org.apache.ratis.util.JavaUtils.attempt(JavaUtils.java:152)
	at org.apache.ratis.RaftTestUtil.waitForLeader(RaftTestUtil.java:97)
	at org.apache.ratis.RaftTestUtil.waitForLeader(RaftTestUtil.java:77)
	at org.apache.ratis.RaftTestUtil.waitForLeader(RaftTestUtil.java:72)
	at org.apache.ratis.RaftBasicTests.testWithLoad(RaftBasicTests.java:336)
	at org.apache.ratis.RaftBasicTests.lambda$testWithLoad$10(RaftBasicTests.java:328)
	at org.apache.ratis.MiniRaftCluster$Factory$Get.runWithNewCluster(MiniRaftCluster.java:125)
	at org.apache.ratis.MiniRaftCluster$Factory$Get.runWithNewCluster(MiniRaftCluster.java:113)
	at org.apache.ratis.RaftBasicTests.testWithLoad(RaftBasicTests.java:328)
	at org.apache.ratis.netty.TestRaftWithNetty.testWithLoad(TestRaftWithNetty.java:31)
	at sun.reflect.NativeMethodAccessorImpl.invoke0(Native Method)
	at sun.reflect.NativeMethodAccessorImpl.invoke(NativeMethodAccessorImpl.java:62)
	at sun.reflect.DelegatingMethodAccessorImpl.invoke(DelegatingMethodAccessorImpl.java:43)
	at java.lang.reflect.Method.invoke(Method.java:498)
	at org.junit.runners.model.FrameworkMethod$1.runReflectiveCall(FrameworkMethod.java:50)
	at org.junit.internal.runners.model.ReflectiveCallable.run(ReflectiveCallable.java:12)
	at org.junit.runners.model.FrameworkMethod.invokeExplosively(FrameworkMethod.java:47)
	at org.junit.internal.runners.statements.InvokeMethod.evaluate(InvokeMethod.java:17)
	at org.junit.internal.runners.statements.RunAfters.evaluate(RunAfters.java:27)
	at org.junit.internal.runners.statements.FailOnTimeout$CallableStatement.call(FailOnTimeout.java:298)
	at org.junit.internal.runners.statements.FailOnTimeout$CallableStatement.call(FailOnTimeout.java:292)
	at java.util.concurrent.FutureTask.run(FutureTask.java:266)
	at java.lang.Thread.run(Thread.java:748)
2019-09-24 16:43:34,806 INFO  impl.LeaderElection (LeaderElection.java:logAndReturn(56)) - s4@group-46F048A18FB7-LeaderElection72: Election TIMEOUT; received 2 response(s) [s4<-s0#0:FAIL-t29, s4<-s2#0:FAIL-t29] and 0 exception(s); s4@group-46F048A18FB7:t29, leader=null, voted=s4, raftlog=s4@group-46F048A18FB7-SegmentedRaftLog:OPENED:c-1,f-1,i0, conf=-1: [s3:0.0.0.0:39188, s4:0.0.0.0:40778, s0:0.0.0.0:42012, s1:0.0.0.0:45336, s2:0.0.0.0:38783], old=null
2019-09-24 16:43:34,809 INFO  impl.LeaderElection (LeaderElection.java:logAndReturn(56)) - s0@group-46F048A18FB7-LeaderElection70: Election TIMEOUT; received 2 response(s) [s0<-s4#0:FAIL-t29, s0<-s2#0:FAIL-t29] and 0 exception(s); s0@group-46F048A18FB7:t29, leader=null, voted=s0, raftlog=s0@group-46F048A18FB7-SegmentedRaftLog:OPENED:c-1,f-1,i0, conf=-1: [s3:0.0.0.0:39188, s4:0.0.0.0:40778, s0:0.0.0.0:42012, s1:0.0.0.0:45336, s2:0.0.0.0:38783], old=null
2019-09-24 16:43:34,850 INFO  impl.LeaderElection (LeaderElection.java:logAndReturn(56)) - s2@group-46F048A18FB7-LeaderElection71: Election TIMEOUT; received 2 response(s) [s2<-s4#0:FAIL-t29, s2<-s0#0:FAIL-t29] and 0 exception(s); s2@group-46F048A18FB7:t29, leader=null, voted=s2, raftlog=s2@group-46F048A18FB7-SegmentedRaftLog:OPENED:c-1,f-1,i0, conf=-1: [s3:0.0.0.0:39188, s4:0.0.0.0:40778, s0:0.0.0.0:42012, s1:0.0.0.0:45336, s2:0.0.0.0:38783], old=null
2019-09-24 16:43:35,056 INFO  impl.LeaderElection (LeaderElection.java:askForVotes(178)) - s1@group-46F048A18FB7-LeaderElection73: begin an election at term 29 for -1: [s3:0.0.0.0:39188, s4:0.0.0.0:40778, s0:0.0.0.0:42012, s1:0.0.0.0:45336, s2:0.0.0.0:38783], old=null
2019-09-24 16:43:35,056 DEBUG impl.RaftServerImpl (RaftServerImpl.java:requestVote(775)) - s1@group-46F048A18FB7 replies to vote request: s0<-s1#0:FAIL-t29. Peer's state: s1@group-46F048A18FB7:t29, leader=null, voted=s1, raftlog=s1@group-46F048A18FB7-SegmentedRaftLog:OPENED:c-1,f-1,i0, conf=-1: [s3:0.0.0.0:39188, s4:0.0.0.0:40778, s0:0.0.0.0:42012, s1:0.0.0.0:45336, s2:0.0.0.0:38783], old=null
2019-09-24 16:43:35,056 DEBUG impl.RaftServerImpl (RaftServerImpl.java:requestVote(775)) - s3@group-46F048A18FB7 replies to vote request: s2<-s3#0:FAIL-t29. Peer's state: s3@group-46F048A18FB7:t29, leader=null, voted=s3, raftlog=s3@group-46F048A18FB7-SegmentedRaftLog:OPENED:c-1,f-1,i0, conf=-1: [s3:0.0.0.0:39188, s4:0.0.0.0:40778, s0:0.0.0.0:42012, s1:0.0.0.0:45336, s2:0.0.0.0:38783], old=null
2019-09-24 16:43:35,056 INFO  impl.LeaderElection (LeaderElection.java:askForVotes(178)) - s3@group-46F048A18FB7-LeaderElection74: begin an election at term 29 for -1: [s3:0.0.0.0:39188, s4:0.0.0.0:40778, s0:0.0.0.0:42012, s1:0.0.0.0:45336, s2:0.0.0.0:38783], old=null
2019-09-24 16:43:35,057 DEBUG impl.RaftServerImpl (RaftServerImpl.java:requestVote(775)) - s3@group-46F048A18FB7 replies to vote request: s0<-s3#0:FAIL-t29. Peer's state: s3@group-46F048A18FB7:t29, leader=null, voted=s3, raftlog=s3@group-46F048A18FB7-SegmentedRaftLog:OPENED:c-1,f-1,i0, conf=-1: [s3:0.0.0.0:39188, s4:0.0.0.0:40778, s0:0.0.0.0:42012, s1:0.0.0.0:45336, s2:0.0.0.0:38783], old=null
2019-09-24 16:43:35,056 DEBUG impl.RaftServerImpl (RaftServerImpl.java:requestVote(775)) - s1@group-46F048A18FB7 replies to vote request: s2<-s1#0:FAIL-t29. Peer's state: s1@group-46F048A18FB7:t29, leader=null, voted=s1, raftlog=s1@group-46F048A18FB7-SegmentedRaftLog:OPENED:c-1,f-1,i0, conf=-1: [s3:0.0.0.0:39188, s4:0.0.0.0:40778, s0:0.0.0.0:42012, s1:0.0.0.0:45336, s2:0.0.0.0:38783], old=null
2019-09-24 16:43:35,057 DEBUG impl.RaftServerImpl (RaftServerImpl.java:requestVote(775)) - s3@group-46F048A18FB7 replies to vote request: s4<-s3#0:FAIL-t29. Peer's state: s3@group-46F048A18FB7:t29, leader=null, voted=s3, raftlog=s3@group-46F048A18FB7-SegmentedRaftLog:OPENED:c-1,f-1,i0, conf=-1: [s3:0.0.0.0:39188, s4:0.0.0.0:40778, s0:0.0.0.0:42012, s1:0.0.0.0:45336, s2:0.0.0.0:38783], old=null
2019-09-24 16:43:35,058 DEBUG impl.RaftServerImpl (RaftServerImpl.java:requestVote(775)) - s1@group-46F048A18FB7 replies to vote request: s4<-s1#0:FAIL-t29. Peer's state: s1@group-46F048A18FB7:t29, leader=null, voted=s1, raftlog=s1@group-46F048A18FB7-SegmentedRaftLog:OPENED:c-1,f-1,i0, conf=-1: [s3:0.0.0.0:39188, s4:0.0.0.0:40778, s0:0.0.0.0:42012, s1:0.0.0.0:45336, s2:0.0.0.0:38783], old=null
2019-09-24 16:43:35,060 DEBUG impl.RaftServerImpl (RaftServerImpl.java:requestVote(743)) - s3@group-46F048A18FB7: receive requestVote(s1, group-46F048A18FB7, 29, (t:0, i:0))
2019-09-24 16:43:35,060 DEBUG impl.RaftServerImpl (RaftServerImpl.java:requestVote(743)) - s1@group-46F048A18FB7: receive requestVote(s3, group-46F048A18FB7, 29, (t:0, i:0))
2019-09-24 16:43:35,060 DEBUG impl.RaftServerImpl (RaftServerImpl.java:requestVote(743)) - s4@group-46F048A18FB7: receive requestVote(s3, group-46F048A18FB7, 29, (t:0, i:0))
2019-09-24 16:43:35,060 DEBUG impl.RaftServerImpl (RaftServerImpl.java:requestVote(775)) - s1@group-46F048A18FB7 replies to vote request: s3<-s1#0:FAIL-t29. Peer's state: s1@group-46F048A18FB7:t29, leader=null, voted=s1, raftlog=s1@group-46F048A18FB7-SegmentedRaftLog:OPENED:c-1,f-1,i0, conf=-1: [s3:0.0.0.0:39188, s4:0.0.0.0:40778, s0:0.0.0.0:42012, s1:0.0.0.0:45336, s2:0.0.0.0:38783], old=null
2019-09-24 16:43:35,060 DEBUG impl.RaftServerImpl (RaftServerImpl.java:requestVote(743)) - s2@group-46F048A18FB7: receive requestVote(s3, group-46F048A18FB7, 29, (t:0, i:0))
2019-09-24 16:43:35,060 DEBUG impl.RaftServerImpl (RaftServerImpl.java:requestVote(743)) - s0@group-46F048A18FB7: receive requestVote(s1, group-46F048A18FB7, 29, (t:0, i:0))
2019-09-24 16:43:35,060 DEBUG impl.RaftServerImpl (RaftServerImpl.java:requestVote(743)) - s0@group-46F048A18FB7: receive requestVote(s3, group-46F048A18FB7, 29, (t:0, i:0))
2019-09-24 16:43:35,060 DEBUG impl.RaftServerImpl (RaftServerImpl.java:requestVote(775)) - s3@group-46F048A18FB7 replies to vote request: s1<-s3#0:FAIL-t29. Peer's state: s3@group-46F048A18FB7:t29, leader=null, voted=s3, raftlog=s3@group-46F048A18FB7-SegmentedRaftLog:OPENED:c-1,f-1,i0, conf=-1: [s3:0.0.0.0:39188, s4:0.0.0.0:40778, s0:0.0.0.0:42012, s1:0.0.0.0:45336, s2:0.0.0.0:38783], old=null
2019-09-24 16:43:35,060 DEBUG impl.RaftServerImpl (RaftServerImpl.java:requestVote(743)) - s4@group-46F048A18FB7: receive requestVote(s1, group-46F048A18FB7, 29, (t:0, i:0))
2019-09-24 16:43:35,061 DEBUG impl.RaftServerImpl (RaftServerImpl.java:requestVote(743)) - s2@group-46F048A18FB7: receive requestVote(s1, group-46F048A18FB7, 29, (t:0, i:0))
2019-09-24 16:43:35,066 WARN  ratis.RaftTestUtil (JavaUtils.java:attempt(158)) - FAILED "waitForLeader-null-(expectLeader? true)", attempt #86/100: java.lang.IllegalStateException: No leader yet : printing ALL groups
  s3:  RUNNING CANDIDATE s3@group-46F048A18FB7:t29, leader=null, voted=s3, raftlog=s3@group-46F048A18FB7-SegmentedRaftLog:OPENED:c-1,f-1,i0, conf=-1: [s3:0.0.0.0:39188, s4:0.0.0.0:40778, s0:0.0.0.0:42012, s1:0.0.0.0:45336, s2:0.0.0.0:38783], old=null RUNNING
  s4:  RUNNING CANDIDATE s4@group-46F048A18FB7:t30, leader=null, voted=s4, raftlog=s4@group-46F048A18FB7-SegmentedRaftLog:OPENED:c-1,f-1,i0, conf=-1: [s3:0.0.0.0:39188, s4:0.0.0.0:40778, s0:0.0.0.0:42012, s1:0.0.0.0:45336, s2:0.0.0.0:38783], old=null RUNNING
  s0:  RUNNING CANDIDATE s0@group-46F048A18FB7:t30, leader=null, voted=s0, raftlog=s0@group-46F048A18FB7-SegmentedRaftLog:OPENED:c-1,f-1,i0, conf=-1: [s3:0.0.0.0:39188, s4:0.0.0.0:40778, s0:0.0.0.0:42012, s1:0.0.0.0:45336, s2:0.0.0.0:38783], old=null RUNNING
  s1:  RUNNING CANDIDATE s1@group-46F048A18FB7:t29, leader=null, voted=s1, raftlog=s1@group-46F048A18FB7-SegmentedRaftLog:OPENED:c-1,f-1,i0, conf=-1: [s3:0.0.0.0:39188, s4:0.0.0.0:40778, s0:0.0.0.0:42012, s1:0.0.0.0:45336, s2:0.0.0.0:38783], old=null RUNNING
  s2:  RUNNING CANDIDATE s2@group-46F048A18FB7:t30, leader=null, voted=s2, raftlog=s2@group-46F048A18FB7-SegmentedRaftLog:OPENED:c-1,f-1,i0, conf=-1: [s3:0.0.0.0:39188, s4:0.0.0.0:40778, s0:0.0.0.0:42012, s1:0.0.0.0:45336, s2:0.0.0.0:38783], old=null RUNNING, sleep 450ms and then retry.
java.lang.IllegalStateException: No leader yet : printing ALL groups
  s3:  RUNNING CANDIDATE s3@group-46F048A18FB7:t29, leader=null, voted=s3, raftlog=s3@group-46F048A18FB7-SegmentedRaftLog:OPENED:c-1,f-1,i0, conf=-1: [s3:0.0.0.0:39188, s4:0.0.0.0:40778, s0:0.0.0.0:42012, s1:0.0.0.0:45336, s2:0.0.0.0:38783], old=null RUNNING
  s4:  RUNNING CANDIDATE s4@group-46F048A18FB7:t30, leader=null, voted=s4, raftlog=s4@group-46F048A18FB7-SegmentedRaftLog:OPENED:c-1,f-1,i0, conf=-1: [s3:0.0.0.0:39188, s4:0.0.0.0:40778, s0:0.0.0.0:42012, s1:0.0.0.0:45336, s2:0.0.0.0:38783], old=null RUNNING
  s0:  RUNNING CANDIDATE s0@group-46F048A18FB7:t30, leader=null, voted=s0, raftlog=s0@group-46F048A18FB7-SegmentedRaftLog:OPENED:c-1,f-1,i0, conf=-1: [s3:0.0.0.0:39188, s4:0.0.0.0:40778, s0:0.0.0.0:42012, s1:0.0.0.0:45336, s2:0.0.0.0:38783], old=null RUNNING
  s1:  RUNNING CANDIDATE s1@group-46F048A18FB7:t29, leader=null, voted=s1, raftlog=s1@group-46F048A18FB7-SegmentedRaftLog:OPENED:c-1,f-1,i0, conf=-1: [s3:0.0.0.0:39188, s4:0.0.0.0:40778, s0:0.0.0.0:42012, s1:0.0.0.0:45336, s2:0.0.0.0:38783], old=null RUNNING
  s2:  RUNNING CANDIDATE s2@group-46F048A18FB7:t30, leader=null, voted=s2, raftlog=s2@group-46F048A18FB7-SegmentedRaftLog:OPENED:c-1,f-1,i0, conf=-1: [s3:0.0.0.0:39188, s4:0.0.0.0:40778, s0:0.0.0.0:42012, s1:0.0.0.0:45336, s2:0.0.0.0:38783], old=null RUNNING
	at org.apache.ratis.MiniRaftCluster.newIllegalStateExceptionForNoLeaders(MiniRaftCluster.java:506)
	at org.apache.ratis.RaftTestUtil.lambda$waitForLeader$1(RaftTestUtil.java:90)
	at org.apache.ratis.MiniRaftCluster.getLeader(MiniRaftCluster.java:539)
	at org.apache.ratis.MiniRaftCluster.getLeader(MiniRaftCluster.java:532)
	at org.apache.ratis.RaftTestUtil.lambda$waitForLeader$3(RaftTestUtil.java:98)
	at org.apache.ratis.util.JavaUtils.attempt(JavaUtils.java:152)
	at org.apache.ratis.RaftTestUtil.waitForLeader(RaftTestUtil.java:97)
	at org.apache.ratis.RaftTestUtil.waitForLeader(RaftTestUtil.java:77)
	at org.apache.ratis.RaftTestUtil.waitForLeader(RaftTestUtil.java:72)
	at org.apache.ratis.RaftBasicTests.testWithLoad(RaftBasicTests.java:336)
	at org.apache.ratis.RaftBasicTests.lambda$testWithLoad$10(RaftBasicTests.java:328)
	at org.apache.ratis.MiniRaftCluster$Factory$Get.runWithNewCluster(MiniRaftCluster.java:125)
	at org.apache.ratis.MiniRaftCluster$Factory$Get.runWithNewCluster(MiniRaftCluster.java:113)
	at org.apache.ratis.RaftBasicTests.testWithLoad(RaftBasicTests.java:328)
	at org.apache.ratis.netty.TestRaftWithNetty.testWithLoad(TestRaftWithNetty.java:31)
	at sun.reflect.NativeMethodAccessorImpl.invoke0(Native Method)
	at sun.reflect.NativeMethodAccessorImpl.invoke(NativeMethodAccessorImpl.java:62)
	at sun.reflect.DelegatingMethodAccessorImpl.invoke(DelegatingMethodAccessorImpl.java:43)
	at java.lang.reflect.Method.invoke(Method.java:498)
	at org.junit.runners.model.FrameworkMethod$1.runReflectiveCall(FrameworkMethod.java:50)
	at org.junit.internal.runners.model.ReflectiveCallable.run(ReflectiveCallable.java:12)
	at org.junit.runners.model.FrameworkMethod.invokeExplosively(FrameworkMethod.java:47)
	at org.junit.internal.runners.statements.InvokeMethod.evaluate(InvokeMethod.java:17)
	at org.junit.internal.runners.statements.RunAfters.evaluate(RunAfters.java:27)
	at org.junit.internal.runners.statements.FailOnTimeout$CallableStatement.call(FailOnTimeout.java:298)
	at org.junit.internal.runners.statements.FailOnTimeout$CallableStatement.call(FailOnTimeout.java:292)
	at java.util.concurrent.FutureTask.run(FutureTask.java:266)
	at java.lang.Thread.run(Thread.java:748)
2019-09-24 16:43:35,157 INFO  impl.LeaderElection (LeaderElection.java:askForVotes(178)) - s0@group-46F048A18FB7-LeaderElection70: begin an election at term 30 for -1: [s3:0.0.0.0:39188, s4:0.0.0.0:40778, s0:0.0.0.0:42012, s1:0.0.0.0:45336, s2:0.0.0.0:38783], old=null
2019-09-24 16:43:35,157 DEBUG impl.RaftServerImpl (RaftServerImpl.java:requestVote(775)) - s4@group-46F048A18FB7 replies to vote request: s1<-s4#0:FAIL-t30. Peer's state: s4@group-46F048A18FB7:t30, leader=null, voted=s4, raftlog=s4@group-46F048A18FB7-SegmentedRaftLog:OPENED:c-1,f-1,i0, conf=-1: [s3:0.0.0.0:39188, s4:0.0.0.0:40778, s0:0.0.0.0:42012, s1:0.0.0.0:45336, s2:0.0.0.0:38783], old=null
2019-09-24 16:43:35,157 DEBUG impl.RaftServerImpl (RaftServerImpl.java:requestVote(775)) - s0@group-46F048A18FB7 replies to vote request: s3<-s0#0:FAIL-t30. Peer's state: s0@group-46F048A18FB7:t30, leader=null, voted=s0, raftlog=s0@group-46F048A18FB7-SegmentedRaftLog:OPENED:c-1,f-1,i0, conf=-1: [s3:0.0.0.0:39188, s4:0.0.0.0:40778, s0:0.0.0.0:42012, s1:0.0.0.0:45336, s2:0.0.0.0:38783], old=null
2019-09-24 16:43:35,157 INFO  impl.LeaderElection (LeaderElection.java:askForVotes(178)) - s2@group-46F048A18FB7-LeaderElection71: begin an election at term 30 for -1: [s3:0.0.0.0:39188, s4:0.0.0.0:40778, s0:0.0.0.0:42012, s1:0.0.0.0:45336, s2:0.0.0.0:38783], old=null
2019-09-24 16:43:35,157 INFO  impl.LeaderElection (LeaderElection.java:askForVotes(178)) - s4@group-46F048A18FB7-LeaderElection72: begin an election at term 30 for -1: [s3:0.0.0.0:39188, s4:0.0.0.0:40778, s0:0.0.0.0:42012, s1:0.0.0.0:45336, s2:0.0.0.0:38783], old=null
2019-09-24 16:43:35,158 DEBUG impl.RaftServerImpl (RaftServerImpl.java:requestVote(775)) - s0@group-46F048A18FB7 replies to vote request: s1<-s0#0:FAIL-t30. Peer's state: s0@group-46F048A18FB7:t30, leader=null, voted=s0, raftlog=s0@group-46F048A18FB7-SegmentedRaftLog:OPENED:c-1,f-1,i0, conf=-1: [s3:0.0.0.0:39188, s4:0.0.0.0:40778, s0:0.0.0.0:42012, s1:0.0.0.0:45336, s2:0.0.0.0:38783], old=null
2019-09-24 16:43:35,158 DEBUG impl.RaftServerImpl (RaftServerImpl.java:requestVote(775)) - s4@group-46F048A18FB7 replies to vote request: s3<-s4#0:FAIL-t30. Peer's state: s4@group-46F048A18FB7:t30, leader=null, voted=s4, raftlog=s4@group-46F048A18FB7-SegmentedRaftLog:OPENED:c-1,f-1,i0, conf=-1: [s3:0.0.0.0:39188, s4:0.0.0.0:40778, s0:0.0.0.0:42012, s1:0.0.0.0:45336, s2:0.0.0.0:38783], old=null
2019-09-24 16:43:35,157 DEBUG impl.RaftServerImpl (RaftServerImpl.java:requestVote(775)) - s2@group-46F048A18FB7 replies to vote request: s1<-s2#0:FAIL-t30. Peer's state: s2@group-46F048A18FB7:t30, leader=null, voted=s2, raftlog=s2@group-46F048A18FB7-SegmentedRaftLog:OPENED:c-1,f-1,i0, conf=-1: [s3:0.0.0.0:39188, s4:0.0.0.0:40778, s0:0.0.0.0:42012, s1:0.0.0.0:45336, s2:0.0.0.0:38783], old=null
2019-09-24 16:43:35,159 INFO  impl.LeaderElection (LeaderElection.java:logAndReturn(56)) - s3@group-46F048A18FB7-LeaderElection74: Election DISCOVERED_A_NEW_TERM; received 2 response(s) [s3<-s0#0:FAIL-t30, s3<-s1#0:FAIL-t29] and 0 exception(s); s3@group-46F048A18FB7:t29, leader=null, voted=s3, raftlog=s3@group-46F048A18FB7-SegmentedRaftLog:OPENED:c-1,f-1,i0, conf=-1: [s3:0.0.0.0:39188, s4:0.0.0.0:40778, s0:0.0.0.0:42012, s1:0.0.0.0:45336, s2:0.0.0.0:38783], old=null
2019-09-24 16:43:35,158 INFO  impl.LeaderElection (LeaderElection.java:logAndReturn(56)) - s1@group-46F048A18FB7-LeaderElection73: Election DISCOVERED_A_NEW_TERM; received 2 response(s) [s1<-s3#0:FAIL-t29, s1<-s4#0:FAIL-t30] and 0 exception(s); s1@group-46F048A18FB7:t29, leader=null, voted=s1, raftlog=s1@group-46F048A18FB7-SegmentedRaftLog:OPENED:c-1,f-1,i0, conf=-1: [s3:0.0.0.0:39188, s4:0.0.0.0:40778, s0:0.0.0.0:42012, s1:0.0.0.0:45336, s2:0.0.0.0:38783], old=null
2019-09-24 16:43:35,160 DEBUG impl.RaftServerImpl (RaftServerImpl.java:requestVote(775)) - s2@group-46F048A18FB7 replies to vote request: s3<-s2#0:FAIL-t30. Peer's state: s2@group-46F048A18FB7:t30, leader=null, voted=s2, raftlog=s2@group-46F048A18FB7-SegmentedRaftLog:OPENED:c-1,f-1,i0, conf=-1: [s3:0.0.0.0:39188, s4:0.0.0.0:40778, s0:0.0.0.0:42012, s1:0.0.0.0:45336, s2:0.0.0.0:38783], old=null
2019-09-24 16:43:35,160 DEBUG impl.RaftServerImpl (RaftServerImpl.java:requestVote(743)) - s3@group-46F048A18FB7: receive requestVote(s0, group-46F048A18FB7, 30, (t:0, i:0))
2019-09-24 16:43:35,160 INFO  impl.RaftServerImpl (RaftServerImpl.java:setRole(170)) - s1@group-46F048A18FB7: changes role from CANDIDATE to FOLLOWER at term 30 for DISCOVERED_A_NEW_TERM
2019-09-24 16:43:35,161 INFO  impl.RaftServerImpl (RaftServerImpl.java:setRole(170)) - s3@group-46F048A18FB7: changes role from CANDIDATE to FOLLOWER at term 30 for recognizeCandidate:s0
2019-09-24 16:43:35,160 DEBUG impl.RaftServerImpl (RaftServerImpl.java:requestVote(743)) - s4@group-46F048A18FB7: receive requestVote(s0, group-46F048A18FB7, 30, (t:0, i:0))
2019-09-24 16:43:35,162 DEBUG impl.RaftServerImpl (RaftServerImpl.java:requestVote(743)) - s1@group-46F048A18FB7: receive requestVote(s4, group-46F048A18FB7, 30, (t:0, i:0))
2019-09-24 16:43:35,162 DEBUG impl.RaftServerImpl (RaftServerImpl.java:requestVote(743)) - s2@group-46F048A18FB7: receive requestVote(s0, group-46F048A18FB7, 30, (t:0, i:0))
2019-09-24 16:43:35,161 DEBUG impl.RaftServerImpl (RaftServerImpl.java:requestVote(743)) - s0@group-46F048A18FB7: receive requestVote(s4, group-46F048A18FB7, 30, (t:0, i:0))
2019-09-24 16:43:35,161 INFO  impl.RoleInfo (RoleInfo.java:shutdownLeaderElection(134)) - s3: shutdown LeaderElection
2019-09-24 16:43:35,161 INFO  impl.RoleInfo (RoleInfo.java:shutdownLeaderElection(134)) - s1: shutdown LeaderElection
2019-09-24 16:43:35,161 DEBUG impl.RaftServerImpl (RaftServerImpl.java:requestVote(743)) - s1@group-46F048A18FB7: receive requestVote(s0, group-46F048A18FB7, 30, (t:0, i:0))
2019-09-24 16:43:35,161 DEBUG impl.RaftServerImpl (RaftServerImpl.java:requestVote(743)) - s3@group-46F048A18FB7: receive requestVote(s4, group-46F048A18FB7, 30, (t:0, i:0))
2019-09-24 16:43:35,163 INFO  impl.RoleInfo (RoleInfo.java:updateAndGet(143)) - s1: start FollowerState
2019-09-24 16:43:35,163 DEBUG impl.RaftServerImpl (RaftServerImpl.java:requestVote(743)) - s1@group-46F048A18FB7: receive requestVote(s2, group-46F048A18FB7, 30, (t:0, i:0))
2019-09-24 16:43:35,163 INFO  impl.RoleInfo (RoleInfo.java:updateAndGet(143)) - s3: start FollowerState
2019-09-24 16:43:35,163 DEBUG impl.RaftServerImpl (RaftServerImpl.java:requestVote(743)) - s0@group-46F048A18FB7: receive requestVote(s2, group-46F048A18FB7, 30, (t:0, i:0))
2019-09-24 16:43:35,163 DEBUG impl.RaftServerImpl (RaftServerImpl.java:requestVote(743)) - s4@group-46F048A18FB7: receive requestVote(s2, group-46F048A18FB7, 30, (t:0, i:0))
2019-09-24 16:43:35,163 DEBUG impl.RaftServerImpl (RaftServerImpl.java:requestVote(775)) - s0@group-46F048A18FB7 replies to vote request: s4<-s0#0:FAIL-t30. Peer's state: s0@group-46F048A18FB7:t30, leader=null, voted=s0, raftlog=s0@group-46F048A18FB7-SegmentedRaftLog:OPENED:c-1,f-1,i0, conf=-1: [s3:0.0.0.0:39188, s4:0.0.0.0:40778, s0:0.0.0.0:42012, s1:0.0.0.0:45336, s2:0.0.0.0:38783], old=null
2019-09-24 16:43:35,163 DEBUG impl.RaftServerImpl (RaftServerImpl.java:requestVote(743)) - s2@group-46F048A18FB7: receive requestVote(s4, group-46F048A18FB7, 30, (t:0, i:0))
2019-09-24 16:43:35,163 DEBUG impl.RaftServerImpl (RaftServerImpl.java:requestVote(775)) - s2@group-46F048A18FB7 replies to vote request: s0<-s2#0:FAIL-t30. Peer's state: s2@group-46F048A18FB7:t30, leader=null, voted=s2, raftlog=s2@group-46F048A18FB7-SegmentedRaftLog:OPENED:c-1,f-1,i0, conf=-1: [s3:0.0.0.0:39188, s4:0.0.0.0:40778, s0:0.0.0.0:42012, s1:0.0.0.0:45336, s2:0.0.0.0:38783], old=null
2019-09-24 16:43:35,162 DEBUG impl.RaftServerImpl (RaftServerImpl.java:requestVote(743)) - s3@group-46F048A18FB7: receive requestVote(s2, group-46F048A18FB7, 30, (t:0, i:0))
2019-09-24 16:43:35,162 DEBUG impl.RaftServerImpl (RaftServerImpl.java:requestVote(775)) - s4@group-46F048A18FB7 replies to vote request: s0<-s4#0:FAIL-t30. Peer's state: s4@group-46F048A18FB7:t30, leader=null, voted=s4, raftlog=s4@group-46F048A18FB7-SegmentedRaftLog:OPENED:c-1,f-1,i0, conf=-1: [s3:0.0.0.0:39188, s4:0.0.0.0:40778, s0:0.0.0.0:42012, s1:0.0.0.0:45336, s2:0.0.0.0:38783], old=null
2019-09-24 16:43:35,166 DEBUG impl.RaftServerImpl (RaftServerImpl.java:requestVote(775)) - s2@group-46F048A18FB7 replies to vote request: s4<-s2#0:FAIL-t30. Peer's state: s2@group-46F048A18FB7:t30, leader=null, voted=s2, raftlog=s2@group-46F048A18FB7-SegmentedRaftLog:OPENED:c-1,f-1,i0, conf=-1: [s3:0.0.0.0:39188, s4:0.0.0.0:40778, s0:0.0.0.0:42012, s1:0.0.0.0:45336, s2:0.0.0.0:38783], old=null
2019-09-24 16:43:35,166 DEBUG impl.RaftServerImpl (RaftServerImpl.java:requestVote(775)) - s0@group-46F048A18FB7 replies to vote request: s2<-s0#0:FAIL-t30. Peer's state: s0@group-46F048A18FB7:t30, leader=null, voted=s0, raftlog=s0@group-46F048A18FB7-SegmentedRaftLog:OPENED:c-1,f-1,i0, conf=-1: [s3:0.0.0.0:39188, s4:0.0.0.0:40778, s0:0.0.0.0:42012, s1:0.0.0.0:45336, s2:0.0.0.0:38783], old=null
2019-09-24 16:43:35,167 DEBUG impl.RaftServerImpl (RaftServerImpl.java:requestVote(775)) - s4@group-46F048A18FB7 replies to vote request: s2<-s4#0:FAIL-t30. Peer's state: s4@group-46F048A18FB7:t30, leader=null, voted=s4, raftlog=s4@group-46F048A18FB7-SegmentedRaftLog:OPENED:c-1,f-1,i0, conf=-1: [s3:0.0.0.0:39188, s4:0.0.0.0:40778, s0:0.0.0.0:42012, s1:0.0.0.0:45336, s2:0.0.0.0:38783], old=null
2019-09-24 16:43:35,354 INFO  impl.LeaderElection (LeaderElection.java:logAndReturn(56)) - s4@group-46F048A18FB7-LeaderElection72: Election TIMEOUT; received 2 response(s) [s4<-s0#0:FAIL-t30, s4<-s2#0:FAIL-t30] and 0 exception(s); s4@group-46F048A18FB7:t30, leader=null, voted=s4, raftlog=s4@group-46F048A18FB7-SegmentedRaftLog:OPENED:c-1,f-1,i0, conf=-1: [s3:0.0.0.0:39188, s4:0.0.0.0:40778, s0:0.0.0.0:42012, s1:0.0.0.0:45336, s2:0.0.0.0:38783], old=null
2019-09-24 16:43:35,417 INFO  impl.LeaderElection (LeaderElection.java:logAndReturn(56)) - s2@group-46F048A18FB7-LeaderElection71: Election TIMEOUT; received 2 response(s) [s2<-s4#0:FAIL-t30, s2<-s0#0:FAIL-t30] and 0 exception(s); s2@group-46F048A18FB7:t30, leader=null, voted=s2, raftlog=s2@group-46F048A18FB7-SegmentedRaftLog:OPENED:c-1,f-1,i0, conf=-1: [s3:0.0.0.0:39188, s4:0.0.0.0:40778, s0:0.0.0.0:42012, s1:0.0.0.0:45336, s2:0.0.0.0:38783], old=null
2019-09-24 16:43:35,445 INFO  impl.LeaderElection (LeaderElection.java:logAndReturn(56)) - s0@group-46F048A18FB7-LeaderElection70: Election TIMEOUT; received 2 response(s) [s0<-s4#0:FAIL-t30, s0<-s2#0:FAIL-t30] and 0 exception(s); s0@group-46F048A18FB7:t30, leader=null, voted=s0, raftlog=s0@group-46F048A18FB7-SegmentedRaftLog:OPENED:c-1,f-1,i0, conf=-1: [s3:0.0.0.0:39188, s4:0.0.0.0:40778, s0:0.0.0.0:42012, s1:0.0.0.0:45336, s2:0.0.0.0:38783], old=null
2019-09-24 16:43:35,517 WARN  ratis.RaftTestUtil (JavaUtils.java:attempt(158)) - FAILED "waitForLeader-null-(expectLeader? true)", attempt #87/100: java.lang.IllegalStateException: No leader yet : printing ALL groups
  s3:  RUNNING  FOLLOWER s3@group-46F048A18FB7:t30, leader=null, voted=null, raftlog=s3@group-46F048A18FB7-SegmentedRaftLog:OPENED:c-1,f-1,i0, conf=-1: [s3:0.0.0.0:39188, s4:0.0.0.0:40778, s0:0.0.0.0:42012, s1:0.0.0.0:45336, s2:0.0.0.0:38783], old=null RUNNING
  s4:  RUNNING CANDIDATE s4@group-46F048A18FB7:t31, leader=null, voted=s4, raftlog=s4@group-46F048A18FB7-SegmentedRaftLog:OPENED:c-1,f-1,i0, conf=-1: [s3:0.0.0.0:39188, s4:0.0.0.0:40778, s0:0.0.0.0:42012, s1:0.0.0.0:45336, s2:0.0.0.0:38783], old=null RUNNING
  s0:  RUNNING CANDIDATE s0@group-46F048A18FB7:t31, leader=null, voted=s0, raftlog=s0@group-46F048A18FB7-SegmentedRaftLog:OPENED:c-1,f-1,i0, conf=-1: [s3:0.0.0.0:39188, s4:0.0.0.0:40778, s0:0.0.0.0:42012, s1:0.0.0.0:45336, s2:0.0.0.0:38783], old=null RUNNING
  s1:  RUNNING  FOLLOWER s1@group-46F048A18FB7:t30, leader=null, voted=null, raftlog=s1@group-46F048A18FB7-SegmentedRaftLog:OPENED:c-1,f-1,i0, conf=-1: [s3:0.0.0.0:39188, s4:0.0.0.0:40778, s0:0.0.0.0:42012, s1:0.0.0.0:45336, s2:0.0.0.0:38783], old=null RUNNING
  s2:  RUNNING CANDIDATE s2@group-46F048A18FB7:t31, leader=null, voted=s2, raftlog=s2@group-46F048A18FB7-SegmentedRaftLog:OPENED:c-1,f-1,i0, conf=-1: [s3:0.0.0.0:39188, s4:0.0.0.0:40778, s0:0.0.0.0:42012, s1:0.0.0.0:45336, s2:0.0.0.0:38783], old=null RUNNING, sleep 450ms and then retry.
java.lang.IllegalStateException: No leader yet : printing ALL groups
  s3:  RUNNING  FOLLOWER s3@group-46F048A18FB7:t30, leader=null, voted=null, raftlog=s3@group-46F048A18FB7-SegmentedRaftLog:OPENED:c-1,f-1,i0, conf=-1: [s3:0.0.0.0:39188, s4:0.0.0.0:40778, s0:0.0.0.0:42012, s1:0.0.0.0:45336, s2:0.0.0.0:38783], old=null RUNNING
  s4:  RUNNING CANDIDATE s4@group-46F048A18FB7:t31, leader=null, voted=s4, raftlog=s4@group-46F048A18FB7-SegmentedRaftLog:OPENED:c-1,f-1,i0, conf=-1: [s3:0.0.0.0:39188, s4:0.0.0.0:40778, s0:0.0.0.0:42012, s1:0.0.0.0:45336, s2:0.0.0.0:38783], old=null RUNNING
  s0:  RUNNING CANDIDATE s0@group-46F048A18FB7:t31, leader=null, voted=s0, raftlog=s0@group-46F048A18FB7-SegmentedRaftLog:OPENED:c-1,f-1,i0, conf=-1: [s3:0.0.0.0:39188, s4:0.0.0.0:40778, s0:0.0.0.0:42012, s1:0.0.0.0:45336, s2:0.0.0.0:38783], old=null RUNNING
  s1:  RUNNING  FOLLOWER s1@group-46F048A18FB7:t30, leader=null, voted=null, raftlog=s1@group-46F048A18FB7-SegmentedRaftLog:OPENED:c-1,f-1,i0, conf=-1: [s3:0.0.0.0:39188, s4:0.0.0.0:40778, s0:0.0.0.0:42012, s1:0.0.0.0:45336, s2:0.0.0.0:38783], old=null RUNNING
  s2:  RUNNING CANDIDATE s2@group-46F048A18FB7:t31, leader=null, voted=s2, raftlog=s2@group-46F048A18FB7-SegmentedRaftLog:OPENED:c-1,f-1,i0, conf=-1: [s3:0.0.0.0:39188, s4:0.0.0.0:40778, s0:0.0.0.0:42012, s1:0.0.0.0:45336, s2:0.0.0.0:38783], old=null RUNNING
	at org.apache.ratis.MiniRaftCluster.newIllegalStateExceptionForNoLeaders(MiniRaftCluster.java:506)
	at org.apache.ratis.RaftTestUtil.lambda$waitForLeader$1(RaftTestUtil.java:90)
	at org.apache.ratis.MiniRaftCluster.getLeader(MiniRaftCluster.java:539)
	at org.apache.ratis.MiniRaftCluster.getLeader(MiniRaftCluster.java:532)
	at org.apache.ratis.RaftTestUtil.lambda$waitForLeader$3(RaftTestUtil.java:98)
	at org.apache.ratis.util.JavaUtils.attempt(JavaUtils.java:152)
	at org.apache.ratis.RaftTestUtil.waitForLeader(RaftTestUtil.java:97)
	at org.apache.ratis.RaftTestUtil.waitForLeader(RaftTestUtil.java:77)
	at org.apache.ratis.RaftTestUtil.waitForLeader(RaftTestUtil.java:72)
	at org.apache.ratis.RaftBasicTests.testWithLoad(RaftBasicTests.java:336)
	at org.apache.ratis.RaftBasicTests.lambda$testWithLoad$10(RaftBasicTests.java:328)
	at org.apache.ratis.MiniRaftCluster$Factory$Get.runWithNewCluster(MiniRaftCluster.java:125)
	at org.apache.ratis.MiniRaftCluster$Factory$Get.runWithNewCluster(MiniRaftCluster.java:113)
	at org.apache.ratis.RaftBasicTests.testWithLoad(RaftBasicTests.java:328)
	at org.apache.ratis.netty.TestRaftWithNetty.testWithLoad(TestRaftWithNetty.java:31)
	at sun.reflect.NativeMethodAccessorImpl.invoke0(Native Method)
	at sun.reflect.NativeMethodAccessorImpl.invoke(NativeMethodAccessorImpl.java:62)
	at sun.reflect.DelegatingMethodAccessorImpl.invoke(DelegatingMethodAccessorImpl.java:43)
	at java.lang.reflect.Method.invoke(Method.java:498)
	at org.junit.runners.model.FrameworkMethod$1.runReflectiveCall(FrameworkMethod.java:50)
	at org.junit.internal.runners.model.ReflectiveCallable.run(ReflectiveCallable.java:12)
	at org.junit.runners.model.FrameworkMethod.invokeExplosively(FrameworkMethod.java:47)
	at org.junit.internal.runners.statements.InvokeMethod.evaluate(InvokeMethod.java:17)
	at org.junit.internal.runners.statements.RunAfters.evaluate(RunAfters.java:27)
	at org.junit.internal.runners.statements.FailOnTimeout$CallableStatement.call(FailOnTimeout.java:298)
	at org.junit.internal.runners.statements.FailOnTimeout$CallableStatement.call(FailOnTimeout.java:292)
	at java.util.concurrent.FutureTask.run(FutureTask.java:266)
	at java.lang.Thread.run(Thread.java:748)
2019-09-24 16:43:35,807 INFO  impl.FollowerState (FollowerState.java:run(108)) - s1@group-46F048A18FB7-FollowerState: change to CANDIDATE, lastRpcTime:643ms, electionTimeout:266ms
2019-09-24 16:43:35,807 DEBUG impl.RaftServerImpl (RaftServerImpl.java:requestVote(775)) - s3@group-46F048A18FB7 replies to vote request: s0<-s3#0:FAIL-t30. Peer's state: s3@group-46F048A18FB7:t30, leader=null, voted=null, raftlog=s3@group-46F048A18FB7-SegmentedRaftLog:OPENED:c-1,f-1,i0, conf=-1: [s3:0.0.0.0:39188, s4:0.0.0.0:40778, s0:0.0.0.0:42012, s1:0.0.0.0:45336, s2:0.0.0.0:38783], old=null
2019-09-24 16:43:35,807 INFO  impl.LeaderElection (LeaderElection.java:askForVotes(178)) - s2@group-46F048A18FB7-LeaderElection71: begin an election at term 31 for -1: [s3:0.0.0.0:39188, s4:0.0.0.0:40778, s0:0.0.0.0:42012, s1:0.0.0.0:45336, s2:0.0.0.0:38783], old=null
2019-09-24 16:43:35,807 INFO  impl.LeaderElection (LeaderElection.java:askForVotes(178)) - s4@group-46F048A18FB7-LeaderElection72: begin an election at term 31 for -1: [s3:0.0.0.0:39188, s4:0.0.0.0:40778, s0:0.0.0.0:42012, s1:0.0.0.0:45336, s2:0.0.0.0:38783], old=null
2019-09-24 16:43:35,807 INFO  impl.LeaderElection (LeaderElection.java:askForVotes(178)) - s0@group-46F048A18FB7-LeaderElection70: begin an election at term 31 for -1: [s3:0.0.0.0:39188, s4:0.0.0.0:40778, s0:0.0.0.0:42012, s1:0.0.0.0:45336, s2:0.0.0.0:38783], old=null
2019-09-24 16:43:35,807 INFO  impl.FollowerState (FollowerState.java:run(108)) - s3@group-46F048A18FB7-FollowerState: change to CANDIDATE, lastRpcTime:644ms, electionTimeout:191ms
2019-09-24 16:43:35,807 INFO  impl.RoleInfo (RoleInfo.java:shutdownFollowerState(121)) - s1: shutdown FollowerState
2019-09-24 16:43:35,808 INFO  impl.RoleInfo (RoleInfo.java:shutdownFollowerState(121)) - s3: shutdown FollowerState
2019-09-24 16:43:35,808 INFO  impl.RaftServerImpl (RaftServerImpl.java:setRole(170)) - s1@group-46F048A18FB7: changes role from  FOLLOWER to CANDIDATE at term 30 for changeToCandidate
2019-09-24 16:43:35,808 INFO  impl.RaftServerImpl (RaftServerImpl.java:setRole(170)) - s3@group-46F048A18FB7: changes role from  FOLLOWER to CANDIDATE at term 30 for changeToCandidate
2019-09-24 16:43:35,809 INFO  impl.RoleInfo (RoleInfo.java:updateAndGet(143)) - s1: start LeaderElection
2019-09-24 16:43:35,809 INFO  impl.RoleInfo (RoleInfo.java:updateAndGet(143)) - s3: start LeaderElection
2019-09-24 16:43:35,809 INFO  impl.RaftServerImpl (RaftServerImpl.java:setRole(170)) - s1@group-46F048A18FB7: changes role from CANDIDATE to FOLLOWER at term 30 for recognizeCandidate:s2
2019-09-24 16:43:35,809 DEBUG impl.RaftServerImpl (RaftServerImpl.java:requestVote(743)) - s3@group-46F048A18FB7: receive requestVote(s0, group-46F048A18FB7, 31, (t:0, i:0))
2019-09-24 16:43:35,810 INFO  impl.RoleInfo (RoleInfo.java:shutdownLeaderElection(134)) - s1: shutdown LeaderElection
2019-09-24 16:43:35,810 DEBUG impl.RaftServerImpl (RaftServerImpl.java:requestVote(743)) - s4@group-46F048A18FB7: receive requestVote(s0, group-46F048A18FB7, 31, (t:0, i:0))
2019-09-24 16:43:35,810 DEBUG impl.RaftServerImpl (RaftServerImpl.java:requestVote(743)) - s4@group-46F048A18FB7: receive requestVote(s2, group-46F048A18FB7, 31, (t:0, i:0))
2019-09-24 16:43:35,811 DEBUG impl.RaftServerImpl (RaftServerImpl.java:requestVote(775)) - s4@group-46F048A18FB7 replies to vote request: s0<-s4#0:FAIL-t31. Peer's state: s4@group-46F048A18FB7:t31, leader=null, voted=s4, raftlog=s4@group-46F048A18FB7-SegmentedRaftLog:OPENED:c-1,f-1,i0, conf=-1: [s3:0.0.0.0:39188, s4:0.0.0.0:40778, s0:0.0.0.0:42012, s1:0.0.0.0:45336, s2:0.0.0.0:38783], old=null
2019-09-24 16:43:35,811 INFO  impl.RoleInfo (RoleInfo.java:updateAndGet(143)) - s1: start FollowerState
2019-09-24 16:43:35,810 DEBUG impl.RaftServerImpl (RaftServerImpl.java:requestVote(743)) - s0@group-46F048A18FB7: receive requestVote(s4, group-46F048A18FB7, 31, (t:0, i:0))
2019-09-24 16:43:35,810 DEBUG impl.RaftServerImpl (RaftServerImpl.java:requestVote(743)) - s0@group-46F048A18FB7: receive requestVote(s2, group-46F048A18FB7, 31, (t:0, i:0))
2019-09-24 16:43:35,810 INFO  impl.RaftServerImpl (RaftServerImpl.java:setRole(170)) - s3@group-46F048A18FB7: changes role from CANDIDATE to FOLLOWER at term 30 for recognizeCandidate:s2
2019-09-24 16:43:35,812 DEBUG impl.RaftServerImpl (RaftServerImpl.java:requestVote(775)) - s0@group-46F048A18FB7 replies to vote request: s4<-s0#0:FAIL-t31. Peer's state: s0@group-46F048A18FB7:t31, leader=null, voted=s0, raftlog=s0@group-46F048A18FB7-SegmentedRaftLog:OPENED:c-1,f-1,i0, conf=-1: [s3:0.0.0.0:39188, s4:0.0.0.0:40778, s0:0.0.0.0:42012, s1:0.0.0.0:45336, s2:0.0.0.0:38783], old=null
2019-09-24 16:43:35,812 DEBUG impl.RaftServerImpl (RaftServerImpl.java:requestVote(743)) - s2@group-46F048A18FB7: receive requestVote(s0, group-46F048A18FB7, 31, (t:0, i:0))
2019-09-24 16:43:35,812 DEBUG impl.RaftServerImpl (RaftServerImpl.java:requestVote(775)) - s1@group-46F048A18FB7 replies to vote request: s2<-s1#0:FAIL-t30. Peer's state: s1@group-46F048A18FB7:t30, leader=null, voted=null, raftlog=s1@group-46F048A18FB7-SegmentedRaftLog:OPENED:c-1,f-1,i0, conf=-1: [s3:0.0.0.0:39188, s4:0.0.0.0:40778, s0:0.0.0.0:42012, s1:0.0.0.0:45336, s2:0.0.0.0:38783], old=null
2019-09-24 16:43:35,812 DEBUG impl.RaftServerImpl (RaftServerImpl.java:requestVote(743)) - s2@group-46F048A18FB7: receive requestVote(s4, group-46F048A18FB7, 31, (t:0, i:0))
2019-09-24 16:43:35,811 DEBUG impl.RaftServerImpl (RaftServerImpl.java:requestVote(775)) - s4@group-46F048A18FB7 replies to vote request: s2<-s4#0:FAIL-t31. Peer's state: s4@group-46F048A18FB7:t31, leader=null, voted=s4, raftlog=s4@group-46F048A18FB7-SegmentedRaftLog:OPENED:c-1,f-1,i0, conf=-1: [s3:0.0.0.0:39188, s4:0.0.0.0:40778, s0:0.0.0.0:42012, s1:0.0.0.0:45336, s2:0.0.0.0:38783], old=null
2019-09-24 16:43:35,814 DEBUG impl.RaftServerImpl (RaftServerImpl.java:requestVote(743)) - s1@group-46F048A18FB7: receive requestVote(s2, group-46F048A18FB7, 31, (t:0, i:0))
2019-09-24 16:43:35,814 INFO  impl.RaftServerImpl (RaftServerImpl.java:setRole(170)) - s1@group-46F048A18FB7: changes role from  FOLLOWER to FOLLOWER at term 30 for recognizeCandidate:s0
2019-09-24 16:43:35,814 DEBUG impl.RaftServerImpl (RaftServerImpl.java:requestVote(775)) - s2@group-46F048A18FB7 replies to vote request: s0<-s2#0:FAIL-t31. Peer's state: s2@group-46F048A18FB7:t31, leader=null, voted=s2, raftlog=s2@group-46F048A18FB7-SegmentedRaftLog:OPENED:c-1,f-1,i0, conf=-1: [s3:0.0.0.0:39188, s4:0.0.0.0:40778, s0:0.0.0.0:42012, s1:0.0.0.0:45336, s2:0.0.0.0:38783], old=null
2019-09-24 16:43:35,813 DEBUG impl.RaftServerImpl (RaftServerImpl.java:requestVote(775)) - s0@group-46F048A18FB7 replies to vote request: s2<-s0#0:FAIL-t31. Peer's state: s0@group-46F048A18FB7:t31, leader=null, voted=s0, raftlog=s0@group-46F048A18FB7-SegmentedRaftLog:OPENED:c-1,f-1,i0, conf=-1: [s3:0.0.0.0:39188, s4:0.0.0.0:40778, s0:0.0.0.0:42012, s1:0.0.0.0:45336, s2:0.0.0.0:38783], old=null
2019-09-24 16:43:35,813 INFO  impl.RoleInfo (RoleInfo.java:shutdownLeaderElection(134)) - s3: shutdown LeaderElection
2019-09-24 16:43:35,816 DEBUG impl.RaftServerImpl (RaftServerImpl.java:requestVote(775)) - s2@group-46F048A18FB7 replies to vote request: s4<-s2#0:FAIL-t31. Peer's state: s2@group-46F048A18FB7:t31, leader=null, voted=s2, raftlog=s2@group-46F048A18FB7-SegmentedRaftLog:OPENED:c-1,f-1,i0, conf=-1: [s3:0.0.0.0:39188, s4:0.0.0.0:40778, s0:0.0.0.0:42012, s1:0.0.0.0:45336, s2:0.0.0.0:38783], old=null
2019-09-24 16:43:35,815 INFO  impl.RoleInfo (RoleInfo.java:shutdownFollowerState(121)) - s1: shutdown FollowerState
2019-09-24 16:43:35,816 INFO  impl.RoleInfo (RoleInfo.java:updateAndGet(143)) - s3: start FollowerState
2019-09-24 16:43:35,817 INFO  impl.FollowerState (FollowerState.java:run(117)) - s1@group-46F048A18FB7-FollowerState was interrupted: java.lang.InterruptedException: sleep interrupted
2019-09-24 16:43:35,817 INFO  impl.RoleInfo (RoleInfo.java:updateAndGet(143)) - s1: start FollowerState
2019-09-24 16:43:35,818 DEBUG impl.RaftServerImpl (RaftServerImpl.java:requestVote(775)) - s3@group-46F048A18FB7 replies to vote request: s2<-s3#0:FAIL-t30. Peer's state: s3@group-46F048A18FB7:t30, leader=null, voted=null, raftlog=s3@group-46F048A18FB7-SegmentedRaftLog:OPENED:c-1,f-1,i0, conf=-1: [s3:0.0.0.0:39188, s4:0.0.0.0:40778, s0:0.0.0.0:42012, s1:0.0.0.0:45336, s2:0.0.0.0:38783], old=null
2019-09-24 16:43:35,818 INFO  impl.RaftServerImpl (RaftServerImpl.java:setRole(170)) - s3@group-46F048A18FB7: changes role from  FOLLOWER to FOLLOWER at term 30 for recognizeCandidate:s4
2019-09-24 16:43:35,819 INFO  impl.RoleInfo (RoleInfo.java:shutdownFollowerState(121)) - s3: shutdown FollowerState
2019-09-24 16:43:35,819 DEBUG impl.RaftServerImpl (RaftServerImpl.java:requestVote(743)) - s3@group-46F048A18FB7: receive requestVote(s2, group-46F048A18FB7, 31, (t:0, i:0))
2019-09-24 16:43:35,819 INFO  impl.FollowerState (FollowerState.java:run(117)) - s3@group-46F048A18FB7-FollowerState was interrupted: java.lang.InterruptedException: sleep interrupted
2019-09-24 16:43:35,819 INFO  impl.RoleInfo (RoleInfo.java:updateAndGet(143)) - s3: start FollowerState
2019-09-24 16:43:35,968 WARN  ratis.RaftTestUtil (JavaUtils.java:attempt(158)) - FAILED "waitForLeader-null-(expectLeader? true)", attempt #88/100: java.lang.IllegalStateException: No leader yet : printing ALL groups
  s3:  RUNNING  FOLLOWER s3@group-46F048A18FB7:t30, leader=null, voted=s4, raftlog=s3@group-46F048A18FB7-SegmentedRaftLog:OPENED:c-1,f-1,i0, conf=-1: [s3:0.0.0.0:39188, s4:0.0.0.0:40778, s0:0.0.0.0:42012, s1:0.0.0.0:45336, s2:0.0.0.0:38783], old=null RUNNING
  s4:  RUNNING CANDIDATE s4@group-46F048A18FB7:t31, leader=null, voted=s4, raftlog=s4@group-46F048A18FB7-SegmentedRaftLog:OPENED:c-1,f-1,i0, conf=-1: [s3:0.0.0.0:39188, s4:0.0.0.0:40778, s0:0.0.0.0:42012, s1:0.0.0.0:45336, s2:0.0.0.0:38783], old=null RUNNING
  s0:  RUNNING CANDIDATE s0@group-46F048A18FB7:t31, leader=null, voted=s0, raftlog=s0@group-46F048A18FB7-SegmentedRaftLog:OPENED:c-1,f-1,i0, conf=-1: [s3:0.0.0.0:39188, s4:0.0.0.0:40778, s0:0.0.0.0:42012, s1:0.0.0.0:45336, s2:0.0.0.0:38783], old=null RUNNING
  s1:  RUNNING  FOLLOWER s1@group-46F048A18FB7:t30, leader=null, voted=s0, raftlog=s1@group-46F048A18FB7-SegmentedRaftLog:OPENED:c-1,f-1,i0, conf=-1: [s3:0.0.0.0:39188, s4:0.0.0.0:40778, s0:0.0.0.0:42012, s1:0.0.0.0:45336, s2:0.0.0.0:38783], old=null RUNNING
  s2:  RUNNING CANDIDATE s2@group-46F048A18FB7:t31, leader=null, voted=s2, raftlog=s2@group-46F048A18FB7-SegmentedRaftLog:OPENED:c-1,f-1,i0, conf=-1: [s3:0.0.0.0:39188, s4:0.0.0.0:40778, s0:0.0.0.0:42012, s1:0.0.0.0:45336, s2:0.0.0.0:38783], old=null RUNNING, sleep 450ms and then retry.
java.lang.IllegalStateException: No leader yet : printing ALL groups
  s3:  RUNNING  FOLLOWER s3@group-46F048A18FB7:t30, leader=null, voted=s4, raftlog=s3@group-46F048A18FB7-SegmentedRaftLog:OPENED:c-1,f-1,i0, conf=-1: [s3:0.0.0.0:39188, s4:0.0.0.0:40778, s0:0.0.0.0:42012, s1:0.0.0.0:45336, s2:0.0.0.0:38783], old=null RUNNING
  s4:  RUNNING CANDIDATE s4@group-46F048A18FB7:t31, leader=null, voted=s4, raftlog=s4@group-46F048A18FB7-SegmentedRaftLog:OPENED:c-1,f-1,i0, conf=-1: [s3:0.0.0.0:39188, s4:0.0.0.0:40778, s0:0.0.0.0:42012, s1:0.0.0.0:45336, s2:0.0.0.0:38783], old=null RUNNING
  s0:  RUNNING CANDIDATE s0@group-46F048A18FB7:t31, leader=null, voted=s0, raftlog=s0@group-46F048A18FB7-SegmentedRaftLog:OPENED:c-1,f-1,i0, conf=-1: [s3:0.0.0.0:39188, s4:0.0.0.0:40778, s0:0.0.0.0:42012, s1:0.0.0.0:45336, s2:0.0.0.0:38783], old=null RUNNING
  s1:  RUNNING  FOLLOWER s1@group-46F048A18FB7:t30, leader=null, voted=s0, raftlog=s1@group-46F048A18FB7-SegmentedRaftLog:OPENED:c-1,f-1,i0, conf=-1: [s3:0.0.0.0:39188, s4:0.0.0.0:40778, s0:0.0.0.0:42012, s1:0.0.0.0:45336, s2:0.0.0.0:38783], old=null RUNNING
  s2:  RUNNING CANDIDATE s2@group-46F048A18FB7:t31, leader=null, voted=s2, raftlog=s2@group-46F048A18FB7-SegmentedRaftLog:OPENED:c-1,f-1,i0, conf=-1: [s3:0.0.0.0:39188, s4:0.0.0.0:40778, s0:0.0.0.0:42012, s1:0.0.0.0:45336, s2:0.0.0.0:38783], old=null RUNNING
	at org.apache.ratis.MiniRaftCluster.newIllegalStateExceptionForNoLeaders(MiniRaftCluster.java:506)
	at org.apache.ratis.RaftTestUtil.lambda$waitForLeader$1(RaftTestUtil.java:90)
	at org.apache.ratis.MiniRaftCluster.getLeader(MiniRaftCluster.java:539)
	at org.apache.ratis.MiniRaftCluster.getLeader(MiniRaftCluster.java:532)
	at org.apache.ratis.RaftTestUtil.lambda$waitForLeader$3(RaftTestUtil.java:98)
	at org.apache.ratis.util.JavaUtils.attempt(JavaUtils.java:152)
	at org.apache.ratis.RaftTestUtil.waitForLeader(RaftTestUtil.java:97)
	at org.apache.ratis.RaftTestUtil.waitForLeader(RaftTestUtil.java:77)
	at org.apache.ratis.RaftTestUtil.waitForLeader(RaftTestUtil.java:72)
	at org.apache.ratis.RaftBasicTests.testWithLoad(RaftBasicTests.java:336)
	at org.apache.ratis.RaftBasicTests.lambda$testWithLoad$10(RaftBasicTests.java:328)
	at org.apache.ratis.MiniRaftCluster$Factory$Get.runWithNewCluster(MiniRaftCluster.java:125)
	at org.apache.ratis.MiniRaftCluster$Factory$Get.runWithNewCluster(MiniRaftCluster.java:113)
	at org.apache.ratis.RaftBasicTests.testWithLoad(RaftBasicTests.java:328)
	at org.apache.ratis.netty.TestRaftWithNetty.testWithLoad(TestRaftWithNetty.java:31)
	at sun.reflect.NativeMethodAccessorImpl.invoke0(Native Method)
	at sun.reflect.NativeMethodAccessorImpl.invoke(NativeMethodAccessorImpl.java:62)
	at sun.reflect.DelegatingMethodAccessorImpl.invoke(DelegatingMethodAccessorImpl.java:43)
	at java.lang.reflect.Method.invoke(Method.java:498)
	at org.junit.runners.model.FrameworkMethod$1.runReflectiveCall(FrameworkMethod.java:50)
	at org.junit.internal.runners.model.ReflectiveCallable.run(ReflectiveCallable.java:12)
	at org.junit.runners.model.FrameworkMethod.invokeExplosively(FrameworkMethod.java:47)
	at org.junit.internal.runners.statements.InvokeMethod.evaluate(InvokeMethod.java:17)
	at org.junit.internal.runners.statements.RunAfters.evaluate(RunAfters.java:27)
	at org.junit.internal.runners.statements.FailOnTimeout$CallableStatement.call(FailOnTimeout.java:298)
	at org.junit.internal.runners.statements.FailOnTimeout$CallableStatement.call(FailOnTimeout.java:292)
	at java.util.concurrent.FutureTask.run(FutureTask.java:266)
	at java.lang.Thread.run(Thread.java:748)
2019-09-24 16:43:35,995 INFO  impl.LeaderElection (LeaderElection.java:logAndReturn(56)) - s2@group-46F048A18FB7-LeaderElection71: Election TIMEOUT; received 2 response(s) [s2<-s4#0:FAIL-t31, s2<-s0#0:FAIL-t31] and 0 exception(s); s2@group-46F048A18FB7:t31, leader=null, voted=s2, raftlog=s2@group-46F048A18FB7-SegmentedRaftLog:OPENED:c-1,f-1,i0, conf=-1: [s3:0.0.0.0:39188, s4:0.0.0.0:40778, s0:0.0.0.0:42012, s1:0.0.0.0:45336, s2:0.0.0.0:38783], old=null
2019-09-24 16:43:35,997 INFO  impl.LeaderElection (LeaderElection.java:logAndReturn(56)) - s4@group-46F048A18FB7-LeaderElection72: Election TIMEOUT; received 2 response(s) [s4<-s0#0:FAIL-t31, s4<-s2#0:FAIL-t31] and 0 exception(s); s4@group-46F048A18FB7:t31, leader=null, voted=s4, raftlog=s4@group-46F048A18FB7-SegmentedRaftLog:OPENED:c-1,f-1,i0, conf=-1: [s3:0.0.0.0:39188, s4:0.0.0.0:40778, s0:0.0.0.0:42012, s1:0.0.0.0:45336, s2:0.0.0.0:38783], old=null
2019-09-24 16:43:36,086 INFO  impl.LeaderElection (LeaderElection.java:logAndReturn(56)) - s0@group-46F048A18FB7-LeaderElection70: Election TIMEOUT; received 2 response(s) [s0<-s4#0:FAIL-t31, s0<-s2#0:FAIL-t31] and 0 exception(s); s0@group-46F048A18FB7:t31, leader=null, voted=s0, raftlog=s0@group-46F048A18FB7-SegmentedRaftLog:OPENED:c-1,f-1,i0, conf=-1: [s3:0.0.0.0:39188, s4:0.0.0.0:40778, s0:0.0.0.0:42012, s1:0.0.0.0:45336, s2:0.0.0.0:38783], old=null
2019-09-24 16:43:36,279 INFO  impl.LeaderElection (LeaderElection.java:askForVotes(178)) - s2@group-46F048A18FB7-LeaderElection71: begin an election at term 32 for -1: [s3:0.0.0.0:39188, s4:0.0.0.0:40778, s0:0.0.0.0:42012, s1:0.0.0.0:45336, s2:0.0.0.0:38783], old=null
2019-09-24 16:43:36,279 DEBUG impl.RaftServerImpl (RaftServerImpl.java:requestVote(775)) - s3@group-46F048A18FB7 replies to vote request: s4<-s3#0:OK-t30. Peer's state: s3@group-46F048A18FB7:t30, leader=null, voted=s4, raftlog=s3@group-46F048A18FB7-SegmentedRaftLog:OPENED:c-1,f-1,i0, conf=-1: [s3:0.0.0.0:39188, s4:0.0.0.0:40778, s0:0.0.0.0:42012, s1:0.0.0.0:45336, s2:0.0.0.0:38783], old=null
2019-09-24 16:43:36,279 DEBUG impl.RaftServerImpl (RaftServerImpl.java:requestVote(775)) - s1@group-46F048A18FB7 replies to vote request: s0<-s1#0:OK-t30. Peer's state: s1@group-46F048A18FB7:t30, leader=null, voted=s0, raftlog=s1@group-46F048A18FB7-SegmentedRaftLog:OPENED:c-1,f-1,i0, conf=-1: [s3:0.0.0.0:39188, s4:0.0.0.0:40778, s0:0.0.0.0:42012, s1:0.0.0.0:45336, s2:0.0.0.0:38783], old=null
2019-09-24 16:43:36,279 INFO  impl.LeaderElection (LeaderElection.java:askForVotes(178)) - s4@group-46F048A18FB7-LeaderElection72: begin an election at term 32 for -1: [s3:0.0.0.0:39188, s4:0.0.0.0:40778, s0:0.0.0.0:42012, s1:0.0.0.0:45336, s2:0.0.0.0:38783], old=null
2019-09-24 16:43:36,279 INFO  impl.LeaderElection (LeaderElection.java:askForVotes(178)) - s0@group-46F048A18FB7-LeaderElection70: begin an election at term 32 for -1: [s3:0.0.0.0:39188, s4:0.0.0.0:40778, s0:0.0.0.0:42012, s1:0.0.0.0:45336, s2:0.0.0.0:38783], old=null
2019-09-24 16:43:36,280 DEBUG impl.RaftServerImpl (RaftServerImpl.java:requestVote(775)) - s1@group-46F048A18FB7 replies to vote request: s4<-s1#0:FAIL-t30. Peer's state: s1@group-46F048A18FB7:t30, leader=null, voted=s0, raftlog=s1@group-46F048A18FB7-SegmentedRaftLog:OPENED:c-1,f-1,i0, conf=-1: [s3:0.0.0.0:39188, s4:0.0.0.0:40778, s0:0.0.0.0:42012, s1:0.0.0.0:45336, s2:0.0.0.0:38783], old=null
2019-09-24 16:43:36,280 DEBUG impl.RaftServerImpl (RaftServerImpl.java:requestVote(743)) - s3@group-46F048A18FB7: receive requestVote(s4, group-46F048A18FB7, 31, (t:0, i:0))
2019-09-24 16:43:36,280 INFO  impl.FollowerState (FollowerState.java:run(108)) - s3@group-46F048A18FB7-FollowerState: change to CANDIDATE, lastRpcTime:460ms, electionTimeout:250ms
2019-09-24 16:43:36,281 DEBUG impl.RaftServerImpl (RaftServerImpl.java:requestVote(743)) - s0@group-46F048A18FB7: receive requestVote(s2, group-46F048A18FB7, 32, (t:0, i:0))
2019-09-24 16:43:36,281 INFO  impl.FollowerState (FollowerState.java:run(108)) - s1@group-46F048A18FB7-FollowerState: change to CANDIDATE, lastRpcTime:463ms, electionTimeout:283ms
2019-09-24 16:43:36,281 DEBUG impl.RaftServerImpl (RaftServerImpl.java:requestVote(743)) - s4@group-46F048A18FB7: receive requestVote(s2, group-46F048A18FB7, 32, (t:0, i:0))
2019-09-24 16:43:36,281 DEBUG impl.RaftServerImpl (RaftServerImpl.java:requestVote(743)) - s1@group-46F048A18FB7: receive requestVote(s0, group-46F048A18FB7, 31, (t:0, i:0))
2019-09-24 16:43:36,283 DEBUG impl.RaftServerImpl (RaftServerImpl.java:requestVote(743)) - s0@group-46F048A18FB7: receive requestVote(s4, group-46F048A18FB7, 32, (t:0, i:0))
2019-09-24 16:43:36,283 DEBUG impl.RaftServerImpl (RaftServerImpl.java:requestVote(775)) - s4@group-46F048A18FB7 replies to vote request: s2<-s4#0:FAIL-t32. Peer's state: s4@group-46F048A18FB7:t32, leader=null, voted=s4, raftlog=s4@group-46F048A18FB7-SegmentedRaftLog:OPENED:c-1,f-1,i0, conf=-1: [s3:0.0.0.0:39188, s4:0.0.0.0:40778, s0:0.0.0.0:42012, s1:0.0.0.0:45336, s2:0.0.0.0:38783], old=null
2019-09-24 16:43:36,283 DEBUG impl.RaftServerImpl (RaftServerImpl.java:requestVote(743)) - s4@group-46F048A18FB7: receive requestVote(s0, group-46F048A18FB7, 32, (t:0, i:0))
2019-09-24 16:43:36,282 INFO  impl.RoleInfo (RoleInfo.java:shutdownFollowerState(121)) - s1: shutdown FollowerState
2019-09-24 16:43:36,282 DEBUG impl.RaftServerImpl (RaftServerImpl.java:requestVote(775)) - s0@group-46F048A18FB7 replies to vote request: s2<-s0#0:FAIL-t32. Peer's state: s0@group-46F048A18FB7:t32, leader=null, voted=s0, raftlog=s0@group-46F048A18FB7-SegmentedRaftLog:OPENED:c-1,f-1,i0, conf=-1: [s3:0.0.0.0:39188, s4:0.0.0.0:40778, s0:0.0.0.0:42012, s1:0.0.0.0:45336, s2:0.0.0.0:38783], old=null
2019-09-24 16:43:36,282 INFO  impl.RoleInfo (RoleInfo.java:shutdownFollowerState(121)) - s3: shutdown FollowerState
2019-09-24 16:43:36,282 DEBUG impl.RaftServerImpl (RaftServerImpl.java:requestVote(743)) - s1@group-46F048A18FB7: receive requestVote(s4, group-46F048A18FB7, 31, (t:0, i:0))
2019-09-24 16:43:36,285 INFO  impl.RaftServerImpl (RaftServerImpl.java:setRole(170)) - s3@group-46F048A18FB7: changes role from  FOLLOWER to CANDIDATE at term 30 for changeToCandidate
2019-09-24 16:43:36,284 DEBUG impl.RaftServerImpl (RaftServerImpl.java:requestVote(775)) - s0@group-46F048A18FB7 replies to vote request: s4<-s0#0:FAIL-t32. Peer's state: s0@group-46F048A18FB7:t32, leader=null, voted=s0, raftlog=s0@group-46F048A18FB7-SegmentedRaftLog:OPENED:c-1,f-1,i0, conf=-1: [s3:0.0.0.0:39188, s4:0.0.0.0:40778, s0:0.0.0.0:42012, s1:0.0.0.0:45336, s2:0.0.0.0:38783], old=null
2019-09-24 16:43:36,284 INFO  impl.RaftServerImpl (RaftServerImpl.java:setRole(170)) - s1@group-46F048A18FB7: changes role from  FOLLOWER to CANDIDATE at term 30 for changeToCandidate
2019-09-24 16:43:36,284 DEBUG impl.RaftServerImpl (RaftServerImpl.java:requestVote(775)) - s4@group-46F048A18FB7 replies to vote request: s0<-s4#0:FAIL-t32. Peer's state: s4@group-46F048A18FB7:t32, leader=null, voted=s4, raftlog=s4@group-46F048A18FB7-SegmentedRaftLog:OPENED:c-1,f-1,i0, conf=-1: [s3:0.0.0.0:39188, s4:0.0.0.0:40778, s0:0.0.0.0:42012, s1:0.0.0.0:45336, s2:0.0.0.0:38783], old=null
2019-09-24 16:43:36,283 DEBUG impl.RaftServerImpl (RaftServerImpl.java:requestVote(743)) - s2@group-46F048A18FB7: receive requestVote(s0, group-46F048A18FB7, 32, (t:0, i:0))
2019-09-24 16:43:36,283 DEBUG impl.RaftServerImpl (RaftServerImpl.java:requestVote(743)) - s2@group-46F048A18FB7: receive requestVote(s4, group-46F048A18FB7, 32, (t:0, i:0))
2019-09-24 16:43:36,286 DEBUG impl.RaftServerImpl (RaftServerImpl.java:requestVote(775)) - s2@group-46F048A18FB7 replies to vote request: s0<-s2#0:FAIL-t32. Peer's state: s2@group-46F048A18FB7:t32, leader=null, voted=s2, raftlog=s2@group-46F048A18FB7-SegmentedRaftLog:OPENED:c-1,f-1,i0, conf=-1: [s3:0.0.0.0:39188, s4:0.0.0.0:40778, s0:0.0.0.0:42012, s1:0.0.0.0:45336, s2:0.0.0.0:38783], old=null
2019-09-24 16:43:36,286 INFO  impl.RoleInfo (RoleInfo.java:updateAndGet(143)) - s1: start LeaderElection
2019-09-24 16:43:36,285 INFO  impl.RoleInfo (RoleInfo.java:updateAndGet(143)) - s3: start LeaderElection
2019-09-24 16:43:36,287 DEBUG impl.RaftServerImpl (RaftServerImpl.java:requestVote(775)) - s2@group-46F048A18FB7 replies to vote request: s4<-s2#0:FAIL-t32. Peer's state: s2@group-46F048A18FB7:t32, leader=null, voted=s2, raftlog=s2@group-46F048A18FB7-SegmentedRaftLog:OPENED:c-1,f-1,i0, conf=-1: [s3:0.0.0.0:39188, s4:0.0.0.0:40778, s0:0.0.0.0:42012, s1:0.0.0.0:45336, s2:0.0.0.0:38783], old=null
2019-09-24 16:43:36,288 INFO  impl.RaftServerImpl (RaftServerImpl.java:setRole(170)) - s3@group-46F048A18FB7: changes role from CANDIDATE to FOLLOWER at term 31 for recognizeCandidate:s2
2019-09-24 16:43:36,288 INFO  impl.RoleInfo (RoleInfo.java:shutdownLeaderElection(134)) - s3: shutdown LeaderElection
2019-09-24 16:43:36,287 INFO  impl.RaftServerImpl (RaftServerImpl.java:setRole(170)) - s1@group-46F048A18FB7: changes role from CANDIDATE to FOLLOWER at term 31 for recognizeCandidate:s2
2019-09-24 16:43:36,288 INFO  impl.RoleInfo (RoleInfo.java:updateAndGet(143)) - s3: start FollowerState
2019-09-24 16:43:36,289 INFO  impl.RoleInfo (RoleInfo.java:shutdownLeaderElection(134)) - s1: shutdown LeaderElection
2019-09-24 16:43:36,289 INFO  impl.RoleInfo (RoleInfo.java:updateAndGet(143)) - s1: start FollowerState
2019-09-24 16:43:36,303 DEBUG impl.RaftServerImpl (RaftServerImpl.java:requestVote(775)) - s3@group-46F048A18FB7 replies to vote request: s2<-s3#0:FAIL-t31. Peer's state: s3@group-46F048A18FB7:t31, leader=null, voted=null, raftlog=s3@group-46F048A18FB7-SegmentedRaftLog:OPENED:c-1,f-1,i0, conf=-1: [s3:0.0.0.0:39188, s4:0.0.0.0:40778, s0:0.0.0.0:42012, s1:0.0.0.0:45336, s2:0.0.0.0:38783], old=null
2019-09-24 16:43:36,303 DEBUG impl.RaftServerImpl (RaftServerImpl.java:requestVote(775)) - s1@group-46F048A18FB7 replies to vote request: s2<-s1#0:FAIL-t31. Peer's state: s1@group-46F048A18FB7:t31, leader=null, voted=null, raftlog=s1@group-46F048A18FB7-SegmentedRaftLog:OPENED:c-1,f-1,i0, conf=-1: [s3:0.0.0.0:39188, s4:0.0.0.0:40778, s0:0.0.0.0:42012, s1:0.0.0.0:45336, s2:0.0.0.0:38783], old=null
2019-09-24 16:43:36,304 DEBUG impl.RaftServerImpl (RaftServerImpl.java:requestVote(743)) - s3@group-46F048A18FB7: receive requestVote(s2, group-46F048A18FB7, 32, (t:0, i:0))
2019-09-24 16:43:36,304 DEBUG impl.RaftServerImpl (RaftServerImpl.java:requestVote(743)) - s1@group-46F048A18FB7: receive requestVote(s2, group-46F048A18FB7, 32, (t:0, i:0))
2019-09-24 16:43:36,420 WARN  ratis.RaftTestUtil (JavaUtils.java:attempt(158)) - FAILED "waitForLeader-null-(expectLeader? true)", attempt #89/100: java.lang.IllegalStateException: No leader yet : printing ALL groups
  s3:  RUNNING  FOLLOWER s3@group-46F048A18FB7:t32, leader=null, voted=s3, raftlog=s3@group-46F048A18FB7-SegmentedRaftLog:OPENED:c-1,f-1,i0, conf=-1: [s3:0.0.0.0:39188, s4:0.0.0.0:40778, s0:0.0.0.0:42012, s1:0.0.0.0:45336, s2:0.0.0.0:38783], old=null RUNNING
  s4:  RUNNING CANDIDATE s4@group-46F048A18FB7:t32, leader=null, voted=s4, raftlog=s4@group-46F048A18FB7-SegmentedRaftLog:OPENED:c-1,f-1,i0, conf=-1: [s3:0.0.0.0:39188, s4:0.0.0.0:40778, s0:0.0.0.0:42012, s1:0.0.0.0:45336, s2:0.0.0.0:38783], old=null RUNNING
  s0:  RUNNING CANDIDATE s0@group-46F048A18FB7:t32, leader=null, voted=s0, raftlog=s0@group-46F048A18FB7-SegmentedRaftLog:OPENED:c-1,f-1,i0, conf=-1: [s3:0.0.0.0:39188, s4:0.0.0.0:40778, s0:0.0.0.0:42012, s1:0.0.0.0:45336, s2:0.0.0.0:38783], old=null RUNNING
  s1:  RUNNING  FOLLOWER s1@group-46F048A18FB7:t32, leader=null, voted=s1, raftlog=s1@group-46F048A18FB7-SegmentedRaftLog:OPENED:c-1,f-1,i0, conf=-1: [s3:0.0.0.0:39188, s4:0.0.0.0:40778, s0:0.0.0.0:42012, s1:0.0.0.0:45336, s2:0.0.0.0:38783], old=null RUNNING
  s2:  RUNNING CANDIDATE s2@group-46F048A18FB7:t32, leader=null, voted=s2, raftlog=s2@group-46F048A18FB7-SegmentedRaftLog:OPENED:c-1,f-1,i0, conf=-1: [s3:0.0.0.0:39188, s4:0.0.0.0:40778, s0:0.0.0.0:42012, s1:0.0.0.0:45336, s2:0.0.0.0:38783], old=null RUNNING, sleep 450ms and then retry.
java.lang.IllegalStateException: No leader yet : printing ALL groups
  s3:  RUNNING  FOLLOWER s3@group-46F048A18FB7:t32, leader=null, voted=s3, raftlog=s3@group-46F048A18FB7-SegmentedRaftLog:OPENED:c-1,f-1,i0, conf=-1: [s3:0.0.0.0:39188, s4:0.0.0.0:40778, s0:0.0.0.0:42012, s1:0.0.0.0:45336, s2:0.0.0.0:38783], old=null RUNNING
  s4:  RUNNING CANDIDATE s4@group-46F048A18FB7:t32, leader=null, voted=s4, raftlog=s4@group-46F048A18FB7-SegmentedRaftLog:OPENED:c-1,f-1,i0, conf=-1: [s3:0.0.0.0:39188, s4:0.0.0.0:40778, s0:0.0.0.0:42012, s1:0.0.0.0:45336, s2:0.0.0.0:38783], old=null RUNNING
  s0:  RUNNING CANDIDATE s0@group-46F048A18FB7:t32, leader=null, voted=s0, raftlog=s0@group-46F048A18FB7-SegmentedRaftLog:OPENED:c-1,f-1,i0, conf=-1: [s3:0.0.0.0:39188, s4:0.0.0.0:40778, s0:0.0.0.0:42012, s1:0.0.0.0:45336, s2:0.0.0.0:38783], old=null RUNNING
  s1:  RUNNING  FOLLOWER s1@group-46F048A18FB7:t32, leader=null, voted=s1, raftlog=s1@group-46F048A18FB7-SegmentedRaftLog:OPENED:c-1,f-1,i0, conf=-1: [s3:0.0.0.0:39188, s4:0.0.0.0:40778, s0:0.0.0.0:42012, s1:0.0.0.0:45336, s2:0.0.0.0:38783], old=null RUNNING
  s2:  RUNNING CANDIDATE s2@group-46F048A18FB7:t32, leader=null, voted=s2, raftlog=s2@group-46F048A18FB7-SegmentedRaftLog:OPENED:c-1,f-1,i0, conf=-1: [s3:0.0.0.0:39188, s4:0.0.0.0:40778, s0:0.0.0.0:42012, s1:0.0.0.0:45336, s2:0.0.0.0:38783], old=null RUNNING
	at org.apache.ratis.MiniRaftCluster.newIllegalStateExceptionForNoLeaders(MiniRaftCluster.java:506)
	at org.apache.ratis.RaftTestUtil.lambda$waitForLeader$1(RaftTestUtil.java:90)
	at org.apache.ratis.MiniRaftCluster.getLeader(MiniRaftCluster.java:539)
	at org.apache.ratis.MiniRaftCluster.getLeader(MiniRaftCluster.java:532)
	at org.apache.ratis.RaftTestUtil.lambda$waitForLeader$3(RaftTestUtil.java:98)
	at org.apache.ratis.util.JavaUtils.attempt(JavaUtils.java:152)
	at org.apache.ratis.RaftTestUtil.waitForLeader(RaftTestUtil.java:97)
	at org.apache.ratis.RaftTestUtil.waitForLeader(RaftTestUtil.java:77)
	at org.apache.ratis.RaftTestUtil.waitForLeader(RaftTestUtil.java:72)
	at org.apache.ratis.RaftBasicTests.testWithLoad(RaftBasicTests.java:336)
	at org.apache.ratis.RaftBasicTests.lambda$testWithLoad$10(RaftBasicTests.java:328)
	at org.apache.ratis.MiniRaftCluster$Factory$Get.runWithNewCluster(MiniRaftCluster.java:125)
	at org.apache.ratis.MiniRaftCluster$Factory$Get.runWithNewCluster(MiniRaftCluster.java:113)
	at org.apache.ratis.RaftBasicTests.testWithLoad(RaftBasicTests.java:328)
	at org.apache.ratis.netty.TestRaftWithNetty.testWithLoad(TestRaftWithNetty.java:31)
	at sun.reflect.NativeMethodAccessorImpl.invoke0(Native Method)
	at sun.reflect.NativeMethodAccessorImpl.invoke(NativeMethodAccessorImpl.java:62)
	at sun.reflect.DelegatingMethodAccessorImpl.invoke(DelegatingMethodAccessorImpl.java:43)
	at java.lang.reflect.Method.invoke(Method.java:498)
	at org.junit.runners.model.FrameworkMethod$1.runReflectiveCall(FrameworkMethod.java:50)
	at org.junit.internal.runners.model.ReflectiveCallable.run(ReflectiveCallable.java:12)
	at org.junit.runners.model.FrameworkMethod.invokeExplosively(FrameworkMethod.java:47)
	at org.junit.internal.runners.statements.InvokeMethod.evaluate(InvokeMethod.java:17)
	at org.junit.internal.runners.statements.RunAfters.evaluate(RunAfters.java:27)
	at org.junit.internal.runners.statements.FailOnTimeout$CallableStatement.call(FailOnTimeout.java:298)
	at org.junit.internal.runners.statements.FailOnTimeout$CallableStatement.call(FailOnTimeout.java:292)
	at java.util.concurrent.FutureTask.run(FutureTask.java:266)
	at java.lang.Thread.run(Thread.java:748)
2019-09-24 16:43:36,476 INFO  impl.LeaderElection (LeaderElection.java:logAndReturn(56)) - s2@group-46F048A18FB7-LeaderElection71: Election TIMEOUT; received 2 response(s) [s2<-s4#0:FAIL-t32, s2<-s0#0:FAIL-t32] and 0 exception(s); s2@group-46F048A18FB7:t32, leader=null, voted=s2, raftlog=s2@group-46F048A18FB7-SegmentedRaftLog:OPENED:c-1,f-1,i0, conf=-1: [s3:0.0.0.0:39188, s4:0.0.0.0:40778, s0:0.0.0.0:42012, s1:0.0.0.0:45336, s2:0.0.0.0:38783], old=null
2019-09-24 16:43:36,522 INFO  impl.LeaderElection (LeaderElection.java:logAndReturn(56)) - s0@group-46F048A18FB7-LeaderElection70: Election TIMEOUT; received 2 response(s) [s0<-s4#0:FAIL-t32, s0<-s2#0:FAIL-t32] and 0 exception(s); s0@group-46F048A18FB7:t32, leader=null, voted=s0, raftlog=s0@group-46F048A18FB7-SegmentedRaftLog:OPENED:c-1,f-1,i0, conf=-1: [s3:0.0.0.0:39188, s4:0.0.0.0:40778, s0:0.0.0.0:42012, s1:0.0.0.0:45336, s2:0.0.0.0:38783], old=null
2019-09-24 16:43:36,551 INFO  impl.LeaderElection (LeaderElection.java:logAndReturn(56)) - s4@group-46F048A18FB7-LeaderElection72: Election TIMEOUT; received 2 response(s) [s4<-s0#0:FAIL-t32, s4<-s2#0:FAIL-t32] and 0 exception(s); s4@group-46F048A18FB7:t32, leader=null, voted=s4, raftlog=s4@group-46F048A18FB7-SegmentedRaftLog:OPENED:c-1,f-1,i0, conf=-1: [s3:0.0.0.0:39188, s4:0.0.0.0:40778, s0:0.0.0.0:42012, s1:0.0.0.0:45336, s2:0.0.0.0:38783], old=null
2019-09-24 16:43:36,606 INFO  ratis.MiniRaftCluster (MiniRaftCluster.java:lambda$null$5(297)) - TIMED-PRINT: printing ALL groups
  s3:  RUNNING  FOLLOWER s3@group-46F048A18FB7:t32, leader=null, voted=s3, raftlog=s3@group-46F048A18FB7-SegmentedRaftLog:OPENED:c-1,f-1,i0, conf=-1: [s3:0.0.0.0:39188, s4:0.0.0.0:40778, s0:0.0.0.0:42012, s1:0.0.0.0:45336, s2:0.0.0.0:38783], old=null RUNNING
  s4:  RUNNING CANDIDATE s4@group-46F048A18FB7:t33, leader=null, voted=s4, raftlog=s4@group-46F048A18FB7-SegmentedRaftLog:OPENED:c-1,f-1,i0, conf=-1: [s3:0.0.0.0:39188, s4:0.0.0.0:40778, s0:0.0.0.0:42012, s1:0.0.0.0:45336, s2:0.0.0.0:38783], old=null RUNNING
  s0:  RUNNING CANDIDATE s0@group-46F048A18FB7:t33, leader=null, voted=s0, raftlog=s0@group-46F048A18FB7-SegmentedRaftLog:OPENED:c-1,f-1,i0, conf=-1: [s3:0.0.0.0:39188, s4:0.0.0.0:40778, s0:0.0.0.0:42012, s1:0.0.0.0:45336, s2:0.0.0.0:38783], old=null RUNNING
  s1:  RUNNING  FOLLOWER s1@group-46F048A18FB7:t32, leader=null, voted=s1, raftlog=s1@group-46F048A18FB7-SegmentedRaftLog:OPENED:c-1,f-1,i0, conf=-1: [s3:0.0.0.0:39188, s4:0.0.0.0:40778, s0:0.0.0.0:42012, s1:0.0.0.0:45336, s2:0.0.0.0:38783], old=null RUNNING
  s2:  RUNNING CANDIDATE s2@group-46F048A18FB7:t33, leader=null, voted=s2, raftlog=s2@group-46F048A18FB7-SegmentedRaftLog:OPENED:c-1,f-1,i0, conf=-1: [s3:0.0.0.0:39188, s4:0.0.0.0:40778, s0:0.0.0.0:42012, s1:0.0.0.0:45336, s2:0.0.0.0:38783], old=null RUNNING
2019-09-24 16:43:36,872 WARN  ratis.RaftTestUtil (JavaUtils.java:attempt(158)) - FAILED "waitForLeader-null-(expectLeader? true)", attempt #90/100: java.lang.IllegalStateException: No leader yet : printing ALL groups
  s3:  RUNNING  FOLLOWER s3@group-46F048A18FB7:t32, leader=null, voted=s3, raftlog=s3@group-46F048A18FB7-SegmentedRaftLog:OPENED:c-1,f-1,i0, conf=-1: [s3:0.0.0.0:39188, s4:0.0.0.0:40778, s0:0.0.0.0:42012, s1:0.0.0.0:45336, s2:0.0.0.0:38783], old=null RUNNING
  s4:  RUNNING CANDIDATE s4@group-46F048A18FB7:t33, leader=null, voted=s4, raftlog=s4@group-46F048A18FB7-SegmentedRaftLog:OPENED:c-1,f-1,i0, conf=-1: [s3:0.0.0.0:39188, s4:0.0.0.0:40778, s0:0.0.0.0:42012, s1:0.0.0.0:45336, s2:0.0.0.0:38783], old=null RUNNING
  s0:  RUNNING CANDIDATE s0@group-46F048A18FB7:t33, leader=null, voted=s0, raftlog=s0@group-46F048A18FB7-SegmentedRaftLog:OPENED:c-1,f-1,i0, conf=-1: [s3:0.0.0.0:39188, s4:0.0.0.0:40778, s0:0.0.0.0:42012, s1:0.0.0.0:45336, s2:0.0.0.0:38783], old=null RUNNING
  s1:  RUNNING  FOLLOWER s1@group-46F048A18FB7:t32, leader=null, voted=s1, raftlog=s1@group-46F048A18FB7-SegmentedRaftLog:OPENED:c-1,f-1,i0, conf=-1: [s3:0.0.0.0:39188, s4:0.0.0.0:40778, s0:0.0.0.0:42012, s1:0.0.0.0:45336, s2:0.0.0.0:38783], old=null RUNNING
  s2:  RUNNING CANDIDATE s2@group-46F048A18FB7:t33, leader=null, voted=s2, raftlog=s2@group-46F048A18FB7-SegmentedRaftLog:OPENED:c-1,f-1,i0, conf=-1: [s3:0.0.0.0:39188, s4:0.0.0.0:40778, s0:0.0.0.0:42012, s1:0.0.0.0:45336, s2:0.0.0.0:38783], old=null RUNNING, sleep 450ms and then retry.
java.lang.IllegalStateException: No leader yet : printing ALL groups
  s3:  RUNNING  FOLLOWER s3@group-46F048A18FB7:t32, leader=null, voted=s3, raftlog=s3@group-46F048A18FB7-SegmentedRaftLog:OPENED:c-1,f-1,i0, conf=-1: [s3:0.0.0.0:39188, s4:0.0.0.0:40778, s0:0.0.0.0:42012, s1:0.0.0.0:45336, s2:0.0.0.0:38783], old=null RUNNING
  s4:  RUNNING CANDIDATE s4@group-46F048A18FB7:t33, leader=null, voted=s4, raftlog=s4@group-46F048A18FB7-SegmentedRaftLog:OPENED:c-1,f-1,i0, conf=-1: [s3:0.0.0.0:39188, s4:0.0.0.0:40778, s0:0.0.0.0:42012, s1:0.0.0.0:45336, s2:0.0.0.0:38783], old=null RUNNING
  s0:  RUNNING CANDIDATE s0@group-46F048A18FB7:t33, leader=null, voted=s0, raftlog=s0@group-46F048A18FB7-SegmentedRaftLog:OPENED:c-1,f-1,i0, conf=-1: [s3:0.0.0.0:39188, s4:0.0.0.0:40778, s0:0.0.0.0:42012, s1:0.0.0.0:45336, s2:0.0.0.0:38783], old=null RUNNING
  s1:  RUNNING  FOLLOWER s1@group-46F048A18FB7:t32, leader=null, voted=s1, raftlog=s1@group-46F048A18FB7-SegmentedRaftLog:OPENED:c-1,f-1,i0, conf=-1: [s3:0.0.0.0:39188, s4:0.0.0.0:40778, s0:0.0.0.0:42012, s1:0.0.0.0:45336, s2:0.0.0.0:38783], old=null RUNNING
  s2:  RUNNING CANDIDATE s2@group-46F048A18FB7:t33, leader=null, voted=s2, raftlog=s2@group-46F048A18FB7-SegmentedRaftLog:OPENED:c-1,f-1,i0, conf=-1: [s3:0.0.0.0:39188, s4:0.0.0.0:40778, s0:0.0.0.0:42012, s1:0.0.0.0:45336, s2:0.0.0.0:38783], old=null RUNNING
	at org.apache.ratis.MiniRaftCluster.newIllegalStateExceptionForNoLeaders(MiniRaftCluster.java:506)
	at org.apache.ratis.RaftTestUtil.lambda$waitForLeader$1(RaftTestUtil.java:90)
	at org.apache.ratis.MiniRaftCluster.getLeader(MiniRaftCluster.java:539)
	at org.apache.ratis.MiniRaftCluster.getLeader(MiniRaftCluster.java:532)
	at org.apache.ratis.RaftTestUtil.lambda$waitForLeader$3(RaftTestUtil.java:98)
	at org.apache.ratis.util.JavaUtils.attempt(JavaUtils.java:152)
	at org.apache.ratis.RaftTestUtil.waitForLeader(RaftTestUtil.java:97)
	at org.apache.ratis.RaftTestUtil.waitForLeader(RaftTestUtil.java:77)
	at org.apache.ratis.RaftTestUtil.waitForLeader(RaftTestUtil.java:72)
	at org.apache.ratis.RaftBasicTests.testWithLoad(RaftBasicTests.java:336)
	at org.apache.ratis.RaftBasicTests.lambda$testWithLoad$10(RaftBasicTests.java:328)
	at org.apache.ratis.MiniRaftCluster$Factory$Get.runWithNewCluster(MiniRaftCluster.java:125)
	at org.apache.ratis.MiniRaftCluster$Factory$Get.runWithNewCluster(MiniRaftCluster.java:113)
	at org.apache.ratis.RaftBasicTests.testWithLoad(RaftBasicTests.java:328)
	at org.apache.ratis.netty.TestRaftWithNetty.testWithLoad(TestRaftWithNetty.java:31)
	at sun.reflect.NativeMethodAccessorImpl.invoke0(Native Method)
	at sun.reflect.NativeMethodAccessorImpl.invoke(NativeMethodAccessorImpl.java:62)
	at sun.reflect.DelegatingMethodAccessorImpl.invoke(DelegatingMethodAccessorImpl.java:43)
	at java.lang.reflect.Method.invoke(Method.java:498)
	at org.junit.runners.model.FrameworkMethod$1.runReflectiveCall(FrameworkMethod.java:50)
	at org.junit.internal.runners.model.ReflectiveCallable.run(ReflectiveCallable.java:12)
	at org.junit.runners.model.FrameworkMethod.invokeExplosively(FrameworkMethod.java:47)
	at org.junit.internal.runners.statements.InvokeMethod.evaluate(InvokeMethod.java:17)
	at org.junit.internal.runners.statements.RunAfters.evaluate(RunAfters.java:27)
	at org.junit.internal.runners.statements.FailOnTimeout$CallableStatement.call(FailOnTimeout.java:298)
	at org.junit.internal.runners.statements.FailOnTimeout$CallableStatement.call(FailOnTimeout.java:292)
	at java.util.concurrent.FutureTask.run(FutureTask.java:266)
	at java.lang.Thread.run(Thread.java:748)
2019-09-24 16:43:36,908 INFO  impl.LeaderElection (LeaderElection.java:askForVotes(178)) - s2@group-46F048A18FB7-LeaderElection71: begin an election at term 33 for -1: [s3:0.0.0.0:39188, s4:0.0.0.0:40778, s0:0.0.0.0:42012, s1:0.0.0.0:45336, s2:0.0.0.0:38783], old=null
2019-09-24 16:43:36,908 INFO  impl.FollowerState (FollowerState.java:run(108)) - s1@group-46F048A18FB7-FollowerState: change to CANDIDATE, lastRpcTime:618ms, electionTimeout:271ms
2019-09-24 16:43:36,908 DEBUG impl.RaftServerImpl (RaftServerImpl.java:requestVote(775)) - s3@group-46F048A18FB7 replies to vote request: s0<-s3#0:FAIL-t32. Peer's state: s3@group-46F048A18FB7:t32, leader=null, voted=s3, raftlog=s3@group-46F048A18FB7-SegmentedRaftLog:OPENED:c-1,f-1,i0, conf=-1: [s3:0.0.0.0:39188, s4:0.0.0.0:40778, s0:0.0.0.0:42012, s1:0.0.0.0:45336, s2:0.0.0.0:38783], old=null
2019-09-24 16:43:36,908 INFO  impl.LeaderElection (LeaderElection.java:askForVotes(178)) - s4@group-46F048A18FB7-LeaderElection72: begin an election at term 33 for -1: [s3:0.0.0.0:39188, s4:0.0.0.0:40778, s0:0.0.0.0:42012, s1:0.0.0.0:45336, s2:0.0.0.0:38783], old=null
2019-09-24 16:43:36,908 INFO  impl.LeaderElection (LeaderElection.java:askForVotes(178)) - s1@group-46F048A18FB7-LeaderElection75: begin an election at term 32 for -1: [s3:0.0.0.0:39188, s4:0.0.0.0:40778, s0:0.0.0.0:42012, s1:0.0.0.0:45336, s2:0.0.0.0:38783], old=null
2019-09-24 16:43:36,908 INFO  impl.LeaderElection (LeaderElection.java:askForVotes(178)) - s3@group-46F048A18FB7-LeaderElection76: begin an election at term 32 for -1: [s3:0.0.0.0:39188, s4:0.0.0.0:40778, s0:0.0.0.0:42012, s1:0.0.0.0:45336, s2:0.0.0.0:38783], old=null
2019-09-24 16:43:36,908 INFO  impl.LeaderElection (LeaderElection.java:askForVotes(178)) - s0@group-46F048A18FB7-LeaderElection70: begin an election at term 33 for -1: [s3:0.0.0.0:39188, s4:0.0.0.0:40778, s0:0.0.0.0:42012, s1:0.0.0.0:45336, s2:0.0.0.0:38783], old=null
2019-09-24 16:43:36,909 INFO  impl.FollowerState (FollowerState.java:run(108)) - s3@group-46F048A18FB7-FollowerState: change to CANDIDATE, lastRpcTime:620ms, electionTimeout:185ms
2019-09-24 16:43:36,909 INFO  impl.RoleInfo (RoleInfo.java:shutdownFollowerState(121)) - s1: shutdown FollowerState
2019-09-24 16:43:36,910 DEBUG impl.RaftServerImpl (RaftServerImpl.java:requestVote(743)) - s4@group-46F048A18FB7: receive requestVote(s2, group-46F048A18FB7, 33, (t:0, i:0))
2019-09-24 16:43:36,910 INFO  impl.RoleInfo (RoleInfo.java:shutdownFollowerState(121)) - s3: shutdown FollowerState
2019-09-24 16:43:36,910 DEBUG impl.RaftServerImpl (RaftServerImpl.java:requestVote(743)) - s3@group-46F048A18FB7: receive requestVote(s0, group-46F048A18FB7, 32, (t:0, i:0))
2019-09-24 16:43:36,911 DEBUG impl.RaftServerImpl (RaftServerImpl.java:requestVote(743)) - s0@group-46F048A18FB7: receive requestVote(s4, group-46F048A18FB7, 33, (t:0, i:0))
2019-09-24 16:43:36,911 INFO  impl.RaftServerImpl (RaftServerImpl.java:setRole(170)) - s3@group-46F048A18FB7: changes role from  FOLLOWER to CANDIDATE at term 32 for changeToCandidate
2019-09-24 16:43:36,911 DEBUG impl.RaftServerImpl (RaftServerImpl.java:requestVote(775)) - s0@group-46F048A18FB7 replies to vote request: s4<-s0#0:FAIL-t33. Peer's state: s0@group-46F048A18FB7:t33, leader=null, voted=s0, raftlog=s0@group-46F048A18FB7-SegmentedRaftLog:OPENED:c-1,f-1,i0, conf=-1: [s3:0.0.0.0:39188, s4:0.0.0.0:40778, s0:0.0.0.0:42012, s1:0.0.0.0:45336, s2:0.0.0.0:38783], old=null
2019-09-24 16:43:36,911 DEBUG impl.RaftServerImpl (RaftServerImpl.java:requestVote(775)) - s4@group-46F048A18FB7 replies to vote request: s2<-s4#0:FAIL-t33. Peer's state: s4@group-46F048A18FB7:t33, leader=null, voted=s4, raftlog=s4@group-46F048A18FB7-SegmentedRaftLog:OPENED:c-1,f-1,i0, conf=-1: [s3:0.0.0.0:39188, s4:0.0.0.0:40778, s0:0.0.0.0:42012, s1:0.0.0.0:45336, s2:0.0.0.0:38783], old=null
2019-09-24 16:43:36,912 DEBUG impl.RaftServerImpl (RaftServerImpl.java:requestVote(743)) - s2@group-46F048A18FB7: receive requestVote(s0, group-46F048A18FB7, 33, (t:0, i:0))
2019-09-24 16:43:36,910 INFO  impl.RaftServerImpl (RaftServerImpl.java:setRole(170)) - s1@group-46F048A18FB7: changes role from  FOLLOWER to CANDIDATE at term 32 for changeToCandidate
2019-09-24 16:43:36,910 DEBUG impl.RaftServerImpl (RaftServerImpl.java:requestVote(743)) - s0@group-46F048A18FB7: receive requestVote(s2, group-46F048A18FB7, 33, (t:0, i:0))
2019-09-24 16:43:36,912 INFO  impl.RoleInfo (RoleInfo.java:updateAndGet(143)) - s1: start LeaderElection
2019-09-24 16:43:36,912 DEBUG impl.RaftServerImpl (RaftServerImpl.java:requestVote(775)) - s2@group-46F048A18FB7 replies to vote request: s0<-s2#0:FAIL-t33. Peer's state: s2@group-46F048A18FB7:t33, leader=null, voted=s2, raftlog=s2@group-46F048A18FB7-SegmentedRaftLog:OPENED:c-1,f-1,i0, conf=-1: [s3:0.0.0.0:39188, s4:0.0.0.0:40778, s0:0.0.0.0:42012, s1:0.0.0.0:45336, s2:0.0.0.0:38783], old=null
2019-09-24 16:43:36,911 DEBUG impl.RaftServerImpl (RaftServerImpl.java:requestVote(743)) - s4@group-46F048A18FB7: receive requestVote(s0, group-46F048A18FB7, 33, (t:0, i:0))
2019-09-24 16:43:36,911 INFO  impl.RoleInfo (RoleInfo.java:updateAndGet(143)) - s3: start LeaderElection
2019-09-24 16:43:36,911 DEBUG impl.RaftServerImpl (RaftServerImpl.java:requestVote(743)) - s2@group-46F048A18FB7: receive requestVote(s4, group-46F048A18FB7, 33, (t:0, i:0))
2019-09-24 16:43:36,914 DEBUG impl.RaftServerImpl (RaftServerImpl.java:requestVote(775)) - s3@group-46F048A18FB7 replies to vote request: s2<-s3#0:FAIL-t32. Peer's state: s3@group-46F048A18FB7:t32, leader=null, voted=s3, raftlog=s3@group-46F048A18FB7-SegmentedRaftLog:OPENED:c-1,f-1,i0, conf=-1: [s3:0.0.0.0:39188, s4:0.0.0.0:40778, s0:0.0.0.0:42012, s1:0.0.0.0:45336, s2:0.0.0.0:38783], old=null
2019-09-24 16:43:36,913 DEBUG impl.RaftServerImpl (RaftServerImpl.java:requestVote(775)) - s4@group-46F048A18FB7 replies to vote request: s0<-s4#0:FAIL-t33. Peer's state: s4@group-46F048A18FB7:t33, leader=null, voted=s4, raftlog=s4@group-46F048A18FB7-SegmentedRaftLog:OPENED:c-1,f-1,i0, conf=-1: [s3:0.0.0.0:39188, s4:0.0.0.0:40778, s0:0.0.0.0:42012, s1:0.0.0.0:45336, s2:0.0.0.0:38783], old=null
2019-09-24 16:43:36,913 DEBUG impl.RaftServerImpl (RaftServerImpl.java:requestVote(775)) - s1@group-46F048A18FB7 replies to vote request: s2<-s1#0:FAIL-t32. Peer's state: s1@group-46F048A18FB7:t32, leader=null, voted=s1, raftlog=s1@group-46F048A18FB7-SegmentedRaftLog:OPENED:c-1,f-1,i0, conf=-1: [s3:0.0.0.0:39188, s4:0.0.0.0:40778, s0:0.0.0.0:42012, s1:0.0.0.0:45336, s2:0.0.0.0:38783], old=null
2019-09-24 16:43:36,913 DEBUG impl.RaftServerImpl (RaftServerImpl.java:requestVote(775)) - s0@group-46F048A18FB7 replies to vote request: s2<-s0#0:FAIL-t33. Peer's state: s0@group-46F048A18FB7:t33, leader=null, voted=s0, raftlog=s0@group-46F048A18FB7-SegmentedRaftLog:OPENED:c-1,f-1,i0, conf=-1: [s3:0.0.0.0:39188, s4:0.0.0.0:40778, s0:0.0.0.0:42012, s1:0.0.0.0:45336, s2:0.0.0.0:38783], old=null
2019-09-24 16:43:36,915 DEBUG impl.RaftServerImpl (RaftServerImpl.java:requestVote(743)) - s3@group-46F048A18FB7: receive requestVote(s2, group-46F048A18FB7, 33, (t:0, i:0))
2019-09-24 16:43:36,914 DEBUG impl.RaftServerImpl (RaftServerImpl.java:requestVote(775)) - s2@group-46F048A18FB7 replies to vote request: s4<-s2#0:FAIL-t33. Peer's state: s2@group-46F048A18FB7:t33, leader=null, voted=s2, raftlog=s2@group-46F048A18FB7-SegmentedRaftLog:OPENED:c-1,f-1,i0, conf=-1: [s3:0.0.0.0:39188, s4:0.0.0.0:40778, s0:0.0.0.0:42012, s1:0.0.0.0:45336, s2:0.0.0.0:38783], old=null
2019-09-24 16:43:36,915 DEBUG impl.RaftServerImpl (RaftServerImpl.java:requestVote(743)) - s1@group-46F048A18FB7: receive requestVote(s2, group-46F048A18FB7, 33, (t:0, i:0))
2019-09-24 16:43:37,098 INFO  impl.LeaderElection (LeaderElection.java:logAndReturn(56)) - s2@group-46F048A18FB7-LeaderElection71: Election TIMEOUT; received 2 response(s) [s2<-s4#0:FAIL-t33, s2<-s0#0:FAIL-t33] and 0 exception(s); s2@group-46F048A18FB7:t33, leader=null, voted=s2, raftlog=s2@group-46F048A18FB7-SegmentedRaftLog:OPENED:c-1,f-1,i0, conf=-1: [s3:0.0.0.0:39188, s4:0.0.0.0:40778, s0:0.0.0.0:42012, s1:0.0.0.0:45336, s2:0.0.0.0:38783], old=null
2019-09-24 16:43:37,122 INFO  impl.LeaderElection (LeaderElection.java:logAndReturn(56)) - s0@group-46F048A18FB7-LeaderElection70: Election TIMEOUT; received 2 response(s) [s0<-s4#0:FAIL-t33, s0<-s2#0:FAIL-t33] and 0 exception(s); s0@group-46F048A18FB7:t33, leader=null, voted=s0, raftlog=s0@group-46F048A18FB7-SegmentedRaftLog:OPENED:c-1,f-1,i0, conf=-1: [s3:0.0.0.0:39188, s4:0.0.0.0:40778, s0:0.0.0.0:42012, s1:0.0.0.0:45336, s2:0.0.0.0:38783], old=null
2019-09-24 16:43:37,191 INFO  impl.LeaderElection (LeaderElection.java:logAndReturn(56)) - s4@group-46F048A18FB7-LeaderElection72: Election TIMEOUT; received 2 response(s) [s4<-s0#0:FAIL-t33, s4<-s2#0:FAIL-t33] and 0 exception(s); s4@group-46F048A18FB7:t33, leader=null, voted=s4, raftlog=s4@group-46F048A18FB7-SegmentedRaftLog:OPENED:c-1,f-1,i0, conf=-1: [s3:0.0.0.0:39188, s4:0.0.0.0:40778, s0:0.0.0.0:42012, s1:0.0.0.0:45336, s2:0.0.0.0:38783], old=null
2019-09-24 16:43:37,323 WARN  ratis.RaftTestUtil (JavaUtils.java:attempt(158)) - FAILED "waitForLeader-null-(expectLeader? true)", attempt #91/100: java.lang.IllegalStateException: No leader yet : printing ALL groups
  s3:  RUNNING CANDIDATE s3@group-46F048A18FB7:t33, leader=null, voted=s3, raftlog=s3@group-46F048A18FB7-SegmentedRaftLog:OPENED:c-1,f-1,i0, conf=-1: [s3:0.0.0.0:39188, s4:0.0.0.0:40778, s0:0.0.0.0:42012, s1:0.0.0.0:45336, s2:0.0.0.0:38783], old=null RUNNING
  s4:  RUNNING CANDIDATE s4@group-46F048A18FB7:t34, leader=null, voted=s4, raftlog=s4@group-46F048A18FB7-SegmentedRaftLog:OPENED:c-1,f-1,i0, conf=-1: [s3:0.0.0.0:39188, s4:0.0.0.0:40778, s0:0.0.0.0:42012, s1:0.0.0.0:45336, s2:0.0.0.0:38783], old=null RUNNING
  s0:  RUNNING CANDIDATE s0@group-46F048A18FB7:t34, leader=null, voted=s0, raftlog=s0@group-46F048A18FB7-SegmentedRaftLog:OPENED:c-1,f-1,i0, conf=-1: [s3:0.0.0.0:39188, s4:0.0.0.0:40778, s0:0.0.0.0:42012, s1:0.0.0.0:45336, s2:0.0.0.0:38783], old=null RUNNING
  s1:  RUNNING CANDIDATE s1@group-46F048A18FB7:t33, leader=null, voted=s1, raftlog=s1@group-46F048A18FB7-SegmentedRaftLog:OPENED:c-1,f-1,i0, conf=-1: [s3:0.0.0.0:39188, s4:0.0.0.0:40778, s0:0.0.0.0:42012, s1:0.0.0.0:45336, s2:0.0.0.0:38783], old=null RUNNING
  s2:  RUNNING CANDIDATE s2@group-46F048A18FB7:t34, leader=null, voted=s2, raftlog=s2@group-46F048A18FB7-SegmentedRaftLog:OPENED:c-1,f-1,i0, conf=-1: [s3:0.0.0.0:39188, s4:0.0.0.0:40778, s0:0.0.0.0:42012, s1:0.0.0.0:45336, s2:0.0.0.0:38783], old=null RUNNING, sleep 450ms and then retry.
java.lang.IllegalStateException: No leader yet : printing ALL groups
  s3:  RUNNING CANDIDATE s3@group-46F048A18FB7:t33, leader=null, voted=s3, raftlog=s3@group-46F048A18FB7-SegmentedRaftLog:OPENED:c-1,f-1,i0, conf=-1: [s3:0.0.0.0:39188, s4:0.0.0.0:40778, s0:0.0.0.0:42012, s1:0.0.0.0:45336, s2:0.0.0.0:38783], old=null RUNNING
  s4:  RUNNING CANDIDATE s4@group-46F048A18FB7:t34, leader=null, voted=s4, raftlog=s4@group-46F048A18FB7-SegmentedRaftLog:OPENED:c-1,f-1,i0, conf=-1: [s3:0.0.0.0:39188, s4:0.0.0.0:40778, s0:0.0.0.0:42012, s1:0.0.0.0:45336, s2:0.0.0.0:38783], old=null RUNNING
  s0:  RUNNING CANDIDATE s0@group-46F048A18FB7:t34, leader=null, voted=s0, raftlog=s0@group-46F048A18FB7-SegmentedRaftLog:OPENED:c-1,f-1,i0, conf=-1: [s3:0.0.0.0:39188, s4:0.0.0.0:40778, s0:0.0.0.0:42012, s1:0.0.0.0:45336, s2:0.0.0.0:38783], old=null RUNNING
  s1:  RUNNING CANDIDATE s1@group-46F048A18FB7:t33, leader=null, voted=s1, raftlog=s1@group-46F048A18FB7-SegmentedRaftLog:OPENED:c-1,f-1,i0, conf=-1: [s3:0.0.0.0:39188, s4:0.0.0.0:40778, s0:0.0.0.0:42012, s1:0.0.0.0:45336, s2:0.0.0.0:38783], old=null RUNNING
  s2:  RUNNING CANDIDATE s2@group-46F048A18FB7:t34, leader=null, voted=s2, raftlog=s2@group-46F048A18FB7-SegmentedRaftLog:OPENED:c-1,f-1,i0, conf=-1: [s3:0.0.0.0:39188, s4:0.0.0.0:40778, s0:0.0.0.0:42012, s1:0.0.0.0:45336, s2:0.0.0.0:38783], old=null RUNNING
	at org.apache.ratis.MiniRaftCluster.newIllegalStateExceptionForNoLeaders(MiniRaftCluster.java:506)
	at org.apache.ratis.RaftTestUtil.lambda$waitForLeader$1(RaftTestUtil.java:90)
	at org.apache.ratis.MiniRaftCluster.getLeader(MiniRaftCluster.java:539)
	at org.apache.ratis.MiniRaftCluster.getLeader(MiniRaftCluster.java:532)
	at org.apache.ratis.RaftTestUtil.lambda$waitForLeader$3(RaftTestUtil.java:98)
	at org.apache.ratis.util.JavaUtils.attempt(JavaUtils.java:152)
	at org.apache.ratis.RaftTestUtil.waitForLeader(RaftTestUtil.java:97)
	at org.apache.ratis.RaftTestUtil.waitForLeader(RaftTestUtil.java:77)
	at org.apache.ratis.RaftTestUtil.waitForLeader(RaftTestUtil.java:72)
	at org.apache.ratis.RaftBasicTests.testWithLoad(RaftBasicTests.java:336)
	at org.apache.ratis.RaftBasicTests.lambda$testWithLoad$10(RaftBasicTests.java:328)
	at org.apache.ratis.MiniRaftCluster$Factory$Get.runWithNewCluster(MiniRaftCluster.java:125)
	at org.apache.ratis.MiniRaftCluster$Factory$Get.runWithNewCluster(MiniRaftCluster.java:113)
	at org.apache.ratis.RaftBasicTests.testWithLoad(RaftBasicTests.java:328)
	at org.apache.ratis.netty.TestRaftWithNetty.testWithLoad(TestRaftWithNetty.java:31)
	at sun.reflect.NativeMethodAccessorImpl.invoke0(Native Method)
	at sun.reflect.NativeMethodAccessorImpl.invoke(NativeMethodAccessorImpl.java:62)
	at sun.reflect.DelegatingMethodAccessorImpl.invoke(DelegatingMethodAccessorImpl.java:43)
	at java.lang.reflect.Method.invoke(Method.java:498)
	at org.junit.runners.model.FrameworkMethod$1.runReflectiveCall(FrameworkMethod.java:50)
	at org.junit.internal.runners.model.ReflectiveCallable.run(ReflectiveCallable.java:12)
	at org.junit.runners.model.FrameworkMethod.invokeExplosively(FrameworkMethod.java:47)
	at org.junit.internal.runners.statements.InvokeMethod.evaluate(InvokeMethod.java:17)
	at org.junit.internal.runners.statements.RunAfters.evaluate(RunAfters.java:27)
	at org.junit.internal.runners.statements.FailOnTimeout$CallableStatement.call(FailOnTimeout.java:298)
	at org.junit.internal.runners.statements.FailOnTimeout$CallableStatement.call(FailOnTimeout.java:292)
	at java.util.concurrent.FutureTask.run(FutureTask.java:266)
	at java.lang.Thread.run(Thread.java:748)
2019-09-24 16:43:37,333 INFO  impl.LeaderElection (LeaderElection.java:askForVotes(178)) - s3@group-46F048A18FB7-LeaderElection77: begin an election at term 33 for -1: [s3:0.0.0.0:39188, s4:0.0.0.0:40778, s0:0.0.0.0:42012, s1:0.0.0.0:45336, s2:0.0.0.0:38783], old=null
2019-09-24 16:43:37,333 DEBUG impl.RaftServerImpl (RaftServerImpl.java:requestVote(775)) - s1@group-46F048A18FB7 replies to vote request: s4<-s1#0:FAIL-t33. Peer's state: s1@group-46F048A18FB7:t33, leader=null, voted=s1, raftlog=s1@group-46F048A18FB7-SegmentedRaftLog:OPENED:c-1,f-1,i0, conf=-1: [s3:0.0.0.0:39188, s4:0.0.0.0:40778, s0:0.0.0.0:42012, s1:0.0.0.0:45336, s2:0.0.0.0:38783], old=null
2019-09-24 16:43:37,333 INFO  impl.LeaderElection (LeaderElection.java:askForVotes(178)) - s1@group-46F048A18FB7-LeaderElection78: begin an election at term 33 for -1: [s3:0.0.0.0:39188, s4:0.0.0.0:40778, s0:0.0.0.0:42012, s1:0.0.0.0:45336, s2:0.0.0.0:38783], old=null
2019-09-24 16:43:37,334 DEBUG impl.RaftServerImpl (RaftServerImpl.java:requestVote(775)) - s1@group-46F048A18FB7 replies to vote request: s0<-s1#0:FAIL-t33. Peer's state: s1@group-46F048A18FB7:t33, leader=null, voted=s1, raftlog=s1@group-46F048A18FB7-SegmentedRaftLog:OPENED:c-1,f-1,i0, conf=-1: [s3:0.0.0.0:39188, s4:0.0.0.0:40778, s0:0.0.0.0:42012, s1:0.0.0.0:45336, s2:0.0.0.0:38783], old=null
2019-09-24 16:43:37,333 DEBUG impl.RaftServerImpl (RaftServerImpl.java:requestVote(775)) - s3@group-46F048A18FB7 replies to vote request: s4<-s3#0:FAIL-t33. Peer's state: s3@group-46F048A18FB7:t33, leader=null, voted=s3, raftlog=s3@group-46F048A18FB7-SegmentedRaftLog:OPENED:c-1,f-1,i0, conf=-1: [s3:0.0.0.0:39188, s4:0.0.0.0:40778, s0:0.0.0.0:42012, s1:0.0.0.0:45336, s2:0.0.0.0:38783], old=null
2019-09-24 16:43:37,334 DEBUG impl.RaftServerImpl (RaftServerImpl.java:requestVote(775)) - s1@group-46F048A18FB7 replies to vote request: s2<-s1#0:FAIL-t33. Peer's state: s1@group-46F048A18FB7:t33, leader=null, voted=s1, raftlog=s1@group-46F048A18FB7-SegmentedRaftLog:OPENED:c-1,f-1,i0, conf=-1: [s3:0.0.0.0:39188, s4:0.0.0.0:40778, s0:0.0.0.0:42012, s1:0.0.0.0:45336, s2:0.0.0.0:38783], old=null
2019-09-24 16:43:37,335 DEBUG impl.RaftServerImpl (RaftServerImpl.java:requestVote(775)) - s3@group-46F048A18FB7 replies to vote request: s2<-s3#0:FAIL-t33. Peer's state: s3@group-46F048A18FB7:t33, leader=null, voted=s3, raftlog=s3@group-46F048A18FB7-SegmentedRaftLog:OPENED:c-1,f-1,i0, conf=-1: [s3:0.0.0.0:39188, s4:0.0.0.0:40778, s0:0.0.0.0:42012, s1:0.0.0.0:45336, s2:0.0.0.0:38783], old=null
2019-09-24 16:43:37,335 DEBUG impl.RaftServerImpl (RaftServerImpl.java:requestVote(743)) - s1@group-46F048A18FB7: receive requestVote(s0, group-46F048A18FB7, 32, (t:0, i:0))
2019-09-24 16:43:37,335 DEBUG impl.RaftServerImpl (RaftServerImpl.java:requestVote(743)) - s1@group-46F048A18FB7: receive requestVote(s4, group-46F048A18FB7, 32, (t:0, i:0))
2019-09-24 16:43:37,336 DEBUG impl.RaftServerImpl (RaftServerImpl.java:requestVote(743)) - s3@group-46F048A18FB7: receive requestVote(s1, group-46F048A18FB7, 33, (t:0, i:0))
2019-09-24 16:43:37,335 DEBUG impl.RaftServerImpl (RaftServerImpl.java:requestVote(743)) - s3@group-46F048A18FB7: receive requestVote(s4, group-46F048A18FB7, 32, (t:0, i:0))
2019-09-24 16:43:37,336 DEBUG impl.RaftServerImpl (RaftServerImpl.java:requestVote(743)) - s4@group-46F048A18FB7: receive requestVote(s3, group-46F048A18FB7, 33, (t:0, i:0))
2019-09-24 16:43:37,513 INFO  impl.LeaderElection (LeaderElection.java:askForVotes(178)) - s2@group-46F048A18FB7-LeaderElection71: begin an election at term 34 for -1: [s3:0.0.0.0:39188, s4:0.0.0.0:40778, s0:0.0.0.0:42012, s1:0.0.0.0:45336, s2:0.0.0.0:38783], old=null
2019-09-24 16:43:37,513 INFO  impl.LeaderElection (LeaderElection.java:askForVotes(178)) - s4@group-46F048A18FB7-LeaderElection72: begin an election at term 34 for -1: [s3:0.0.0.0:39188, s4:0.0.0.0:40778, s0:0.0.0.0:42012, s1:0.0.0.0:45336, s2:0.0.0.0:38783], old=null
2019-09-24 16:43:37,513 DEBUG impl.RaftServerImpl (RaftServerImpl.java:requestVote(775)) - s4@group-46F048A18FB7 replies to vote request: s3<-s4#0:FAIL-t34. Peer's state: s4@group-46F048A18FB7:t34, leader=null, voted=s4, raftlog=s4@group-46F048A18FB7-SegmentedRaftLog:OPENED:c-1,f-1,i0, conf=-1: [s3:0.0.0.0:39188, s4:0.0.0.0:40778, s0:0.0.0.0:42012, s1:0.0.0.0:45336, s2:0.0.0.0:38783], old=null
2019-09-24 16:43:37,513 INFO  impl.LeaderElection (LeaderElection.java:askForVotes(178)) - s0@group-46F048A18FB7-LeaderElection70: begin an election at term 34 for -1: [s3:0.0.0.0:39188, s4:0.0.0.0:40778, s0:0.0.0.0:42012, s1:0.0.0.0:45336, s2:0.0.0.0:38783], old=null
2019-09-24 16:43:37,515 DEBUG impl.RaftServerImpl (RaftServerImpl.java:requestVote(743)) - s3@group-46F048A18FB7: receive requestVote(s2, group-46F048A18FB7, 34, (t:0, i:0))
2019-09-24 16:43:37,515 DEBUG impl.RaftServerImpl (RaftServerImpl.java:requestVote(743)) - s0@group-46F048A18FB7: receive requestVote(s2, group-46F048A18FB7, 34, (t:0, i:0))
2019-09-24 16:43:37,515 DEBUG impl.RaftServerImpl (RaftServerImpl.java:requestVote(743)) - s1@group-46F048A18FB7: receive requestVote(s2, group-46F048A18FB7, 34, (t:0, i:0))
2019-09-24 16:43:37,515 DEBUG impl.RaftServerImpl (RaftServerImpl.java:requestVote(743)) - s4@group-46F048A18FB7: receive requestVote(s2, group-46F048A18FB7, 34, (t:0, i:0))
2019-09-24 16:43:37,515 DEBUG impl.RaftServerImpl (RaftServerImpl.java:requestVote(775)) - s0@group-46F048A18FB7 replies to vote request: s2<-s0#0:FAIL-t34. Peer's state: s0@group-46F048A18FB7:t34, leader=null, voted=s0, raftlog=s0@group-46F048A18FB7-SegmentedRaftLog:OPENED:c-1,f-1,i0, conf=-1: [s3:0.0.0.0:39188, s4:0.0.0.0:40778, s0:0.0.0.0:42012, s1:0.0.0.0:45336, s2:0.0.0.0:38783], old=null
2019-09-24 16:43:37,516 DEBUG impl.RaftServerImpl (RaftServerImpl.java:requestVote(743)) - s4@group-46F048A18FB7: receive requestVote(s0, group-46F048A18FB7, 34, (t:0, i:0))
2019-09-24 16:43:37,516 DEBUG impl.RaftServerImpl (RaftServerImpl.java:requestVote(775)) - s4@group-46F048A18FB7 replies to vote request: s2<-s4#0:FAIL-t34. Peer's state: s4@group-46F048A18FB7:t34, leader=null, voted=s4, raftlog=s4@group-46F048A18FB7-SegmentedRaftLog:OPENED:c-1,f-1,i0, conf=-1: [s3:0.0.0.0:39188, s4:0.0.0.0:40778, s0:0.0.0.0:42012, s1:0.0.0.0:45336, s2:0.0.0.0:38783], old=null
2019-09-24 16:43:37,517 DEBUG impl.RaftServerImpl (RaftServerImpl.java:requestVote(743)) - s2@group-46F048A18FB7: receive requestVote(s4, group-46F048A18FB7, 34, (t:0, i:0))
2019-09-24 16:43:37,516 DEBUG impl.RaftServerImpl (RaftServerImpl.java:requestVote(743)) - s0@group-46F048A18FB7: receive requestVote(s4, group-46F048A18FB7, 34, (t:0, i:0))
2019-09-24 16:43:37,518 DEBUG impl.RaftServerImpl (RaftServerImpl.java:requestVote(743)) - s2@group-46F048A18FB7: receive requestVote(s0, group-46F048A18FB7, 34, (t:0, i:0))
2019-09-24 16:43:37,517 DEBUG impl.RaftServerImpl (RaftServerImpl.java:requestVote(775)) - s2@group-46F048A18FB7 replies to vote request: s4<-s2#0:FAIL-t34. Peer's state: s2@group-46F048A18FB7:t34, leader=null, voted=s2, raftlog=s2@group-46F048A18FB7-SegmentedRaftLog:OPENED:c-1,f-1,i0, conf=-1: [s3:0.0.0.0:39188, s4:0.0.0.0:40778, s0:0.0.0.0:42012, s1:0.0.0.0:45336, s2:0.0.0.0:38783], old=null
2019-09-24 16:43:37,517 DEBUG impl.RaftServerImpl (RaftServerImpl.java:requestVote(775)) - s4@group-46F048A18FB7 replies to vote request: s0<-s4#0:FAIL-t34. Peer's state: s4@group-46F048A18FB7:t34, leader=null, voted=s4, raftlog=s4@group-46F048A18FB7-SegmentedRaftLog:OPENED:c-1,f-1,i0, conf=-1: [s3:0.0.0.0:39188, s4:0.0.0.0:40778, s0:0.0.0.0:42012, s1:0.0.0.0:45336, s2:0.0.0.0:38783], old=null
2019-09-24 16:43:37,519 DEBUG impl.RaftServerImpl (RaftServerImpl.java:requestVote(775)) - s2@group-46F048A18FB7 replies to vote request: s0<-s2#0:FAIL-t34. Peer's state: s2@group-46F048A18FB7:t34, leader=null, voted=s2, raftlog=s2@group-46F048A18FB7-SegmentedRaftLog:OPENED:c-1,f-1,i0, conf=-1: [s3:0.0.0.0:39188, s4:0.0.0.0:40778, s0:0.0.0.0:42012, s1:0.0.0.0:45336, s2:0.0.0.0:38783], old=null
2019-09-24 16:43:37,518 DEBUG impl.RaftServerImpl (RaftServerImpl.java:requestVote(775)) - s0@group-46F048A18FB7 replies to vote request: s4<-s0#0:FAIL-t34. Peer's state: s0@group-46F048A18FB7:t34, leader=null, voted=s0, raftlog=s0@group-46F048A18FB7-SegmentedRaftLog:OPENED:c-1,f-1,i0, conf=-1: [s3:0.0.0.0:39188, s4:0.0.0.0:40778, s0:0.0.0.0:42012, s1:0.0.0.0:45336, s2:0.0.0.0:38783], old=null
2019-09-24 16:43:37,642 INFO  impl.LeaderElection (LeaderElection.java:askForVotes(178)) - s3@group-46F048A18FB7-LeaderElection79: begin an election at term 34 for -1: [s3:0.0.0.0:39188, s4:0.0.0.0:40778, s0:0.0.0.0:42012, s1:0.0.0.0:45336, s2:0.0.0.0:38783], old=null
2019-09-24 16:43:37,642 DEBUG impl.RaftServerImpl (RaftServerImpl.java:requestVote(775)) - s3@group-46F048A18FB7 replies to vote request: s0<-s3#0:FAIL-t34. Peer's state: s3@group-46F048A18FB7:t34, leader=null, voted=s3, raftlog=s3@group-46F048A18FB7-SegmentedRaftLog:OPENED:c-1,f-1,i0, conf=-1: [s3:0.0.0.0:39188, s4:0.0.0.0:40778, s0:0.0.0.0:42012, s1:0.0.0.0:45336, s2:0.0.0.0:38783], old=null
2019-09-24 16:43:37,642 INFO  impl.LeaderElection (LeaderElection.java:askForVotes(178)) - s1@group-46F048A18FB7-LeaderElection80: begin an election at term 34 for -1: [s3:0.0.0.0:39188, s4:0.0.0.0:40778, s0:0.0.0.0:42012, s1:0.0.0.0:45336, s2:0.0.0.0:38783], old=null
2019-09-24 16:43:37,642 DEBUG impl.RaftServerImpl (RaftServerImpl.java:requestVote(775)) - s1@group-46F048A18FB7 replies to vote request: s2<-s1#0:FAIL-t34. Peer's state: s1@group-46F048A18FB7:t34, leader=null, voted=s1, raftlog=s1@group-46F048A18FB7-SegmentedRaftLog:OPENED:c-1,f-1,i0, conf=-1: [s3:0.0.0.0:39188, s4:0.0.0.0:40778, s0:0.0.0.0:42012, s1:0.0.0.0:45336, s2:0.0.0.0:38783], old=null
2019-09-24 16:43:37,643 DEBUG impl.RaftServerImpl (RaftServerImpl.java:requestVote(743)) - s3@group-46F048A18FB7: receive requestVote(s0, group-46F048A18FB7, 33, (t:0, i:0))
2019-09-24 16:43:37,642 DEBUG impl.RaftServerImpl (RaftServerImpl.java:requestVote(775)) - s3@group-46F048A18FB7 replies to vote request: s2<-s3#0:FAIL-t34. Peer's state: s3@group-46F048A18FB7:t34, leader=null, voted=s3, raftlog=s3@group-46F048A18FB7-SegmentedRaftLog:OPENED:c-1,f-1,i0, conf=-1: [s3:0.0.0.0:39188, s4:0.0.0.0:40778, s0:0.0.0.0:42012, s1:0.0.0.0:45336, s2:0.0.0.0:38783], old=null
2019-09-24 16:43:37,643 DEBUG impl.RaftServerImpl (RaftServerImpl.java:requestVote(743)) - s4@group-46F048A18FB7: receive requestVote(s3, group-46F048A18FB7, 32, (t:0, i:0))
2019-09-24 16:43:37,643 DEBUG impl.RaftServerImpl (RaftServerImpl.java:requestVote(775)) - s1@group-46F048A18FB7 replies to vote request: s4<-s1#0:FAIL-t34. Peer's state: s1@group-46F048A18FB7:t34, leader=null, voted=s1, raftlog=s1@group-46F048A18FB7-SegmentedRaftLog:OPENED:c-1,f-1,i0, conf=-1: [s3:0.0.0.0:39188, s4:0.0.0.0:40778, s0:0.0.0.0:42012, s1:0.0.0.0:45336, s2:0.0.0.0:38783], old=null
2019-09-24 16:43:37,644 INFO  impl.LeaderElection (LeaderElection.java:logAndReturn(56)) - s2@group-46F048A18FB7-LeaderElection71: Election REJECTED; received 4 response(s) [s2<-s3#0:FAIL-t34, s2<-s4#0:FAIL-t34, s2<-s0#0:FAIL-t34, s2<-s1#0:FAIL-t34] and 0 exception(s); s2@group-46F048A18FB7:t34, leader=null, voted=s2, raftlog=s2@group-46F048A18FB7-SegmentedRaftLog:OPENED:c-1,f-1,i0, conf=-1: [s3:0.0.0.0:39188, s4:0.0.0.0:40778, s0:0.0.0.0:42012, s1:0.0.0.0:45336, s2:0.0.0.0:38783], old=null
2019-09-24 16:43:37,644 DEBUG impl.RaftServerImpl (RaftServerImpl.java:requestVote(775)) - s4@group-46F048A18FB7 replies to vote request: s3<-s4#0:FAIL-t34. Peer's state: s4@group-46F048A18FB7:t34, leader=null, voted=s4, raftlog=s4@group-46F048A18FB7-SegmentedRaftLog:OPENED:c-1,f-1,i0, conf=-1: [s3:0.0.0.0:39188, s4:0.0.0.0:40778, s0:0.0.0.0:42012, s1:0.0.0.0:45336, s2:0.0.0.0:38783], old=null
2019-09-24 16:43:37,644 DEBUG impl.RaftServerImpl (RaftServerImpl.java:requestVote(775)) - s3@group-46F048A18FB7 replies to vote request: s4<-s3#0:FAIL-t34. Peer's state: s3@group-46F048A18FB7:t34, leader=null, voted=s3, raftlog=s3@group-46F048A18FB7-SegmentedRaftLog:OPENED:c-1,f-1,i0, conf=-1: [s3:0.0.0.0:39188, s4:0.0.0.0:40778, s0:0.0.0.0:42012, s1:0.0.0.0:45336, s2:0.0.0.0:38783], old=null
2019-09-24 16:43:37,645 DEBUG impl.RaftServerImpl (RaftServerImpl.java:requestVote(743)) - s4@group-46F048A18FB7: receive requestVote(s3, group-46F048A18FB7, 34, (t:0, i:0))
2019-09-24 16:43:37,645 DEBUG impl.RaftServerImpl (RaftServerImpl.java:requestVote(743)) - s1@group-46F048A18FB7: receive requestVote(s4, group-46F048A18FB7, 33, (t:0, i:0))
2019-09-24 16:43:37,644 INFO  impl.RaftServerImpl (RaftServerImpl.java:setRole(170)) - s2@group-46F048A18FB7: changes role from CANDIDATE to FOLLOWER at term 34 for DISCOVERED_A_NEW_TERM
2019-09-24 16:43:37,644 DEBUG impl.RaftServerImpl (RaftServerImpl.java:requestVote(775)) - s1@group-46F048A18FB7 replies to vote request: s0<-s1#0:FAIL-t34. Peer's state: s1@group-46F048A18FB7:t34, leader=null, voted=s1, raftlog=s1@group-46F048A18FB7-SegmentedRaftLog:OPENED:c-1,f-1,i0, conf=-1: [s3:0.0.0.0:39188, s4:0.0.0.0:40778, s0:0.0.0.0:42012, s1:0.0.0.0:45336, s2:0.0.0.0:38783], old=null
2019-09-24 16:43:37,646 INFO  impl.RoleInfo (RoleInfo.java:shutdownLeaderElection(134)) - s2: shutdown LeaderElection
2019-09-24 16:43:37,647 DEBUG impl.RaftServerImpl (RaftServerImpl.java:requestVote(775)) - s1@group-46F048A18FB7 replies to vote request: s4<-s1#0:FAIL-t34. Peer's state: s1@group-46F048A18FB7:t34, leader=null, voted=s1, raftlog=s1@group-46F048A18FB7-SegmentedRaftLog:OPENED:c-1,f-1,i0, conf=-1: [s3:0.0.0.0:39188, s4:0.0.0.0:40778, s0:0.0.0.0:42012, s1:0.0.0.0:45336, s2:0.0.0.0:38783], old=null
2019-09-24 16:43:37,647 DEBUG impl.RaftServerImpl (RaftServerImpl.java:requestVote(743)) - s1@group-46F048A18FB7: receive requestVote(s0, group-46F048A18FB7, 33, (t:0, i:0))
2019-09-24 16:43:37,646 DEBUG impl.RaftServerImpl (RaftServerImpl.java:requestVote(743)) - s3@group-46F048A18FB7: receive requestVote(s4, group-46F048A18FB7, 33, (t:0, i:0))
2019-09-24 16:43:37,646 DEBUG impl.RaftServerImpl (RaftServerImpl.java:requestVote(775)) - s4@group-46F048A18FB7 replies to vote request: s3<-s4#0:FAIL-t34. Peer's state: s4@group-46F048A18FB7:t34, leader=null, voted=s4, raftlog=s4@group-46F048A18FB7-SegmentedRaftLog:OPENED:c-1,f-1,i0, conf=-1: [s3:0.0.0.0:39188, s4:0.0.0.0:40778, s0:0.0.0.0:42012, s1:0.0.0.0:45336, s2:0.0.0.0:38783], old=null
2019-09-24 16:43:37,645 DEBUG impl.RaftServerImpl (RaftServerImpl.java:requestVote(775)) - s3@group-46F048A18FB7 replies to vote request: s1<-s3#0:FAIL-t34. Peer's state: s3@group-46F048A18FB7:t34, leader=null, voted=s3, raftlog=s3@group-46F048A18FB7-SegmentedRaftLog:OPENED:c-1,f-1,i0, conf=-1: [s3:0.0.0.0:39188, s4:0.0.0.0:40778, s0:0.0.0.0:42012, s1:0.0.0.0:45336, s2:0.0.0.0:38783], old=null
2019-09-24 16:43:37,648 DEBUG impl.RaftServerImpl (RaftServerImpl.java:requestVote(743)) - s0@group-46F048A18FB7: receive requestVote(s1, group-46F048A18FB7, 33, (t:0, i:0))
2019-09-24 16:43:37,648 DEBUG impl.RaftServerImpl (RaftServerImpl.java:requestVote(743)) - s4@group-46F048A18FB7: receive requestVote(s1, group-46F048A18FB7, 33, (t:0, i:0))
2019-09-24 16:43:37,648 DEBUG impl.RaftServerImpl (RaftServerImpl.java:requestVote(743)) - s1@group-46F048A18FB7: receive requestVote(s4, group-46F048A18FB7, 34, (t:0, i:0))
2019-09-24 16:43:37,648 DEBUG impl.RaftServerImpl (RaftServerImpl.java:requestVote(775)) - s1@group-46F048A18FB7 replies to vote request: s0<-s1#0:FAIL-t34. Peer's state: s1@group-46F048A18FB7:t34, leader=null, voted=s1, raftlog=s1@group-46F048A18FB7-SegmentedRaftLog:OPENED:c-1,f-1,i0, conf=-1: [s3:0.0.0.0:39188, s4:0.0.0.0:40778, s0:0.0.0.0:42012, s1:0.0.0.0:45336, s2:0.0.0.0:38783], old=null
2019-09-24 16:43:37,647 INFO  impl.RoleInfo (RoleInfo.java:updateAndGet(143)) - s2: start FollowerState
2019-09-24 16:43:37,650 DEBUG impl.RaftServerImpl (RaftServerImpl.java:requestVote(775)) - s1@group-46F048A18FB7 replies to vote request: s4<-s1#0:FAIL-t34. Peer's state: s1@group-46F048A18FB7:t34, leader=null, voted=s1, raftlog=s1@group-46F048A18FB7-SegmentedRaftLog:OPENED:c-1,f-1,i0, conf=-1: [s3:0.0.0.0:39188, s4:0.0.0.0:40778, s0:0.0.0.0:42012, s1:0.0.0.0:45336, s2:0.0.0.0:38783], old=null
2019-09-24 16:43:37,650 DEBUG impl.RaftServerImpl (RaftServerImpl.java:requestVote(743)) - s1@group-46F048A18FB7: receive requestVote(s0, group-46F048A18FB7, 34, (t:0, i:0))
2019-09-24 16:43:37,650 DEBUG impl.RaftServerImpl (RaftServerImpl.java:requestVote(743)) - s0@group-46F048A18FB7: receive requestVote(s3, group-46F048A18FB7, 33, (t:0, i:0))
2019-09-24 16:43:37,649 DEBUG impl.RaftServerImpl (RaftServerImpl.java:requestVote(775)) - s4@group-46F048A18FB7 replies to vote request: s1<-s4#0:FAIL-t34. Peer's state: s4@group-46F048A18FB7:t34, leader=null, voted=s4, raftlog=s4@group-46F048A18FB7-SegmentedRaftLog:OPENED:c-1,f-1,i0, conf=-1: [s3:0.0.0.0:39188, s4:0.0.0.0:40778, s0:0.0.0.0:42012, s1:0.0.0.0:45336, s2:0.0.0.0:38783], old=null
2019-09-24 16:43:37,649 DEBUG impl.RaftServerImpl (RaftServerImpl.java:requestVote(775)) - s0@group-46F048A18FB7 replies to vote request: s1<-s0#0:FAIL-t34. Peer's state: s0@group-46F048A18FB7:t34, leader=null, voted=s0, raftlog=s0@group-46F048A18FB7-SegmentedRaftLog:OPENED:c-1,f-1,i0, conf=-1: [s3:0.0.0.0:39188, s4:0.0.0.0:40778, s0:0.0.0.0:42012, s1:0.0.0.0:45336, s2:0.0.0.0:38783], old=null
2019-09-24 16:43:37,649 DEBUG impl.RaftServerImpl (RaftServerImpl.java:requestVote(743)) - s3@group-46F048A18FB7: receive requestVote(s1, group-46F048A18FB7, 32, (t:0, i:0))
2019-09-24 16:43:37,649 DEBUG impl.RaftServerImpl (RaftServerImpl.java:requestVote(775)) - s3@group-46F048A18FB7 replies to vote request: s4<-s3#0:FAIL-t34. Peer's state: s3@group-46F048A18FB7:t34, leader=null, voted=s3, raftlog=s3@group-46F048A18FB7-SegmentedRaftLog:OPENED:c-1,f-1,i0, conf=-1: [s3:0.0.0.0:39188, s4:0.0.0.0:40778, s0:0.0.0.0:42012, s1:0.0.0.0:45336, s2:0.0.0.0:38783], old=null
2019-09-24 16:43:37,652 DEBUG impl.RaftServerImpl (RaftServerImpl.java:requestVote(743)) - s0@group-46F048A18FB7: receive requestVote(s1, group-46F048A18FB7, 34, (t:0, i:0))
2019-09-24 16:43:37,652 DEBUG impl.RaftServerImpl (RaftServerImpl.java:requestVote(743)) - s4@group-46F048A18FB7: receive requestVote(s1, group-46F048A18FB7, 32, (t:0, i:0))
2019-09-24 16:43:37,652 DEBUG impl.RaftServerImpl (RaftServerImpl.java:requestVote(775)) - s0@group-46F048A18FB7 replies to vote request: s3<-s0#0:FAIL-t34. Peer's state: s0@group-46F048A18FB7:t34, leader=null, voted=s0, raftlog=s0@group-46F048A18FB7-SegmentedRaftLog:OPENED:c-1,f-1,i0, conf=-1: [s3:0.0.0.0:39188, s4:0.0.0.0:40778, s0:0.0.0.0:42012, s1:0.0.0.0:45336, s2:0.0.0.0:38783], old=null
2019-09-24 16:43:37,652 DEBUG impl.RaftServerImpl (RaftServerImpl.java:requestVote(743)) - s2@group-46F048A18FB7: receive requestVote(s1, group-46F048A18FB7, 33, (t:0, i:0))
2019-09-24 16:43:37,651 INFO  impl.LeaderElection (LeaderElection.java:logAndReturn(56)) - s1@group-46F048A18FB7-LeaderElection78: Election REJECTED; received 0 response(s) [] and 0 exception(s); s1@group-46F048A18FB7:t34, leader=null, voted=s1, raftlog=s1@group-46F048A18FB7-SegmentedRaftLog:OPENED:c-1,f-1,i0, conf=-1: [s3:0.0.0.0:39188, s4:0.0.0.0:40778, s0:0.0.0.0:42012, s1:0.0.0.0:45336, s2:0.0.0.0:38783], old=null
2019-09-24 16:43:37,651 DEBUG impl.RaftServerImpl (RaftServerImpl.java:requestVote(775)) - s1@group-46F048A18FB7 replies to vote request: s0<-s1#0:FAIL-t34. Peer's state: s1@group-46F048A18FB7:t34, leader=null, voted=s1, raftlog=s1@group-46F048A18FB7-SegmentedRaftLog:OPENED:c-1,f-1,i0, conf=-1: [s3:0.0.0.0:39188, s4:0.0.0.0:40778, s0:0.0.0.0:42012, s1:0.0.0.0:45336, s2:0.0.0.0:38783], old=null
2019-09-24 16:43:37,654 DEBUG impl.RaftServerImpl (RaftServerImpl.java:requestVote(775)) - s2@group-46F048A18FB7 replies to vote request: s1<-s2#0:FAIL-t34. Peer's state: s2@group-46F048A18FB7:t34, leader=null, voted=s2, raftlog=s2@group-46F048A18FB7-SegmentedRaftLog:OPENED:c-1,f-1,i0, conf=-1: [s3:0.0.0.0:39188, s4:0.0.0.0:40778, s0:0.0.0.0:42012, s1:0.0.0.0:45336, s2:0.0.0.0:38783], old=null
2019-09-24 16:43:37,654 DEBUG impl.RaftServerImpl (RaftServerImpl.java:requestVote(775)) - s0@group-46F048A18FB7 replies to vote request: s1<-s0#0:FAIL-t34. Peer's state: s0@group-46F048A18FB7:t34, leader=null, voted=s0, raftlog=s0@group-46F048A18FB7-SegmentedRaftLog:OPENED:c-1,f-1,i0, conf=-1: [s3:0.0.0.0:39188, s4:0.0.0.0:40778, s0:0.0.0.0:42012, s1:0.0.0.0:45336, s2:0.0.0.0:38783], old=null
2019-09-24 16:43:37,655 INFO  impl.LeaderElection (LeaderElection.java:logAndReturn(56)) - s1@group-46F048A18FB7-LeaderElection75: Election REJECTED; received 0 response(s) [] and 0 exception(s); s1@group-46F048A18FB7:t34, leader=null, voted=s1, raftlog=s1@group-46F048A18FB7-SegmentedRaftLog:OPENED:c-1,f-1,i0, conf=-1: [s3:0.0.0.0:39188, s4:0.0.0.0:40778, s0:0.0.0.0:42012, s1:0.0.0.0:45336, s2:0.0.0.0:38783], old=null
2019-09-24 16:43:37,653 DEBUG impl.RaftServerImpl (RaftServerImpl.java:requestVote(775)) - s4@group-46F048A18FB7 replies to vote request: s1<-s4#0:FAIL-t34. Peer's state: s4@group-46F048A18FB7:t34, leader=null, voted=s4, raftlog=s4@group-46F048A18FB7-SegmentedRaftLog:OPENED:c-1,f-1,i0, conf=-1: [s3:0.0.0.0:39188, s4:0.0.0.0:40778, s0:0.0.0.0:42012, s1:0.0.0.0:45336, s2:0.0.0.0:38783], old=null
2019-09-24 16:43:37,653 DEBUG impl.RaftServerImpl (RaftServerImpl.java:requestVote(743)) - s3@group-46F048A18FB7: receive requestVote(s4, group-46F048A18FB7, 34, (t:0, i:0))
2019-09-24 16:43:37,653 DEBUG impl.RaftServerImpl (RaftServerImpl.java:requestVote(775)) - s3@group-46F048A18FB7 replies to vote request: s0<-s3#0:FAIL-t34. Peer's state: s3@group-46F048A18FB7:t34, leader=null, voted=s3, raftlog=s3@group-46F048A18FB7-SegmentedRaftLog:OPENED:c-1,f-1,i0, conf=-1: [s3:0.0.0.0:39188, s4:0.0.0.0:40778, s0:0.0.0.0:42012, s1:0.0.0.0:45336, s2:0.0.0.0:38783], old=null
2019-09-24 16:43:37,656 DEBUG impl.RaftServerImpl (RaftServerImpl.java:requestVote(743)) - s4@group-46F048A18FB7: receive requestVote(s1, group-46F048A18FB7, 34, (t:0, i:0))
2019-09-24 16:43:37,656 DEBUG impl.RaftServerImpl (RaftServerImpl.java:requestVote(743)) - s0@group-46F048A18FB7: receive requestVote(s1, group-46F048A18FB7, 32, (t:0, i:0))
2019-09-24 16:43:37,656 DEBUG impl.RaftServerImpl (RaftServerImpl.java:requestVote(743)) - s2@group-46F048A18FB7: receive requestVote(s1, group-46F048A18FB7, 34, (t:0, i:0))
2019-09-24 16:43:37,657 DEBUG impl.RaftServerImpl (RaftServerImpl.java:requestVote(775)) - s0@group-46F048A18FB7 replies to vote request: s1<-s0#0:FAIL-t34. Peer's state: s0@group-46F048A18FB7:t34, leader=null, voted=s0, raftlog=s0@group-46F048A18FB7-SegmentedRaftLog:OPENED:c-1,f-1,i0, conf=-1: [s3:0.0.0.0:39188, s4:0.0.0.0:40778, s0:0.0.0.0:42012, s1:0.0.0.0:45336, s2:0.0.0.0:38783], old=null
2019-09-24 16:43:37,657 DEBUG impl.RaftServerImpl (RaftServerImpl.java:requestVote(775)) - s4@group-46F048A18FB7 replies to vote request: s1<-s4#0:FAIL-t34. Peer's state: s4@group-46F048A18FB7:t34, leader=null, voted=s4, raftlog=s4@group-46F048A18FB7-SegmentedRaftLog:OPENED:c-1,f-1,i0, conf=-1: [s3:0.0.0.0:39188, s4:0.0.0.0:40778, s0:0.0.0.0:42012, s1:0.0.0.0:45336, s2:0.0.0.0:38783], old=null
2019-09-24 16:43:37,657 DEBUG impl.RaftServerImpl (RaftServerImpl.java:requestVote(743)) - s3@group-46F048A18FB7: receive requestVote(s0, group-46F048A18FB7, 34, (t:0, i:0))
2019-09-24 16:43:37,657 DEBUG impl.RaftServerImpl (RaftServerImpl.java:requestVote(775)) - s3@group-46F048A18FB7 replies to vote request: s4<-s3#0:FAIL-t34. Peer's state: s3@group-46F048A18FB7:t34, leader=null, voted=s3, raftlog=s3@group-46F048A18FB7-SegmentedRaftLog:OPENED:c-1,f-1,i0, conf=-1: [s3:0.0.0.0:39188, s4:0.0.0.0:40778, s0:0.0.0.0:42012, s1:0.0.0.0:45336, s2:0.0.0.0:38783], old=null
2019-09-24 16:43:37,658 DEBUG impl.RaftServerImpl (RaftServerImpl.java:requestVote(743)) - s0@group-46F048A18FB7: receive requestVote(s3, group-46F048A18FB7, 34, (t:0, i:0))
2019-09-24 16:43:37,658 DEBUG impl.RaftServerImpl (RaftServerImpl.java:requestVote(775)) - s2@group-46F048A18FB7 replies to vote request: s1<-s2#0:FAIL-t34. Peer's state: s2@group-46F048A18FB7:t34, leader=null, voted=s2, raftlog=s2@group-46F048A18FB7-SegmentedRaftLog:OPENED:c-1,f-1,i0, conf=-1: [s3:0.0.0.0:39188, s4:0.0.0.0:40778, s0:0.0.0.0:42012, s1:0.0.0.0:45336, s2:0.0.0.0:38783], old=null
2019-09-24 16:43:37,659 INFO  impl.LeaderElection (LeaderElection.java:logAndReturn(56)) - s4@group-46F048A18FB7-LeaderElection72: Election REJECTED; received 4 response(s) [s4<-s3#0:FAIL-t34, s4<-s0#0:FAIL-t34, s4<-s1#0:FAIL-t34, s4<-s2#0:FAIL-t34] and 0 exception(s); s4@group-46F048A18FB7:t34, leader=null, voted=s4, raftlog=s4@group-46F048A18FB7-SegmentedRaftLog:OPENED:c-1,f-1,i0, conf=-1: [s3:0.0.0.0:39188, s4:0.0.0.0:40778, s0:0.0.0.0:42012, s1:0.0.0.0:45336, s2:0.0.0.0:38783], old=null
2019-09-24 16:43:37,659 DEBUG impl.RaftServerImpl (RaftServerImpl.java:requestVote(775)) - s0@group-46F048A18FB7 replies to vote request: s3<-s0#0:FAIL-t34. Peer's state: s0@group-46F048A18FB7:t34, leader=null, voted=s0, raftlog=s0@group-46F048A18FB7-SegmentedRaftLog:OPENED:c-1,f-1,i0, conf=-1: [s3:0.0.0.0:39188, s4:0.0.0.0:40778, s0:0.0.0.0:42012, s1:0.0.0.0:45336, s2:0.0.0.0:38783], old=null
2019-09-24 16:43:37,659 DEBUG impl.RaftServerImpl (RaftServerImpl.java:requestVote(775)) - s3@group-46F048A18FB7 replies to vote request: s1<-s3#0:FAIL-t34. Peer's state: s3@group-46F048A18FB7:t34, leader=null, voted=s3, raftlog=s3@group-46F048A18FB7-SegmentedRaftLog:OPENED:c-1,f-1,i0, conf=-1: [s3:0.0.0.0:39188, s4:0.0.0.0:40778, s0:0.0.0.0:42012, s1:0.0.0.0:45336, s2:0.0.0.0:38783], old=null
2019-09-24 16:43:37,660 DEBUG impl.RaftServerImpl (RaftServerImpl.java:requestVote(743)) - s2@group-46F048A18FB7: receive requestVote(s1, group-46F048A18FB7, 32, (t:0, i:0))
2019-09-24 16:43:37,660 INFO  impl.RaftServerImpl (RaftServerImpl.java:setRole(170)) - s4@group-46F048A18FB7: changes role from CANDIDATE to FOLLOWER at term 34 for DISCOVERED_A_NEW_TERM
2019-09-24 16:43:37,661 DEBUG impl.RaftServerImpl (RaftServerImpl.java:requestVote(775)) - s2@group-46F048A18FB7 replies to vote request: s1<-s2#0:FAIL-t34. Peer's state: s2@group-46F048A18FB7:t34, leader=null, voted=s2, raftlog=s2@group-46F048A18FB7-SegmentedRaftLog:OPENED:c-1,f-1,i0, conf=-1: [s3:0.0.0.0:39188, s4:0.0.0.0:40778, s0:0.0.0.0:42012, s1:0.0.0.0:45336, s2:0.0.0.0:38783], old=null
2019-09-24 16:43:37,661 DEBUG impl.RaftServerImpl (RaftServerImpl.java:requestVote(743)) - s3@group-46F048A18FB7: receive requestVote(s1, group-46F048A18FB7, 34, (t:0, i:0))
2019-09-24 16:43:37,661 DEBUG impl.RaftServerImpl (RaftServerImpl.java:requestVote(775)) - s3@group-46F048A18FB7 replies to vote request: s0<-s3#0:FAIL-t34. Peer's state: s3@group-46F048A18FB7:t34, leader=null, voted=s3, raftlog=s3@group-46F048A18FB7-SegmentedRaftLog:OPENED:c-1,f-1,i0, conf=-1: [s3:0.0.0.0:39188, s4:0.0.0.0:40778, s0:0.0.0.0:42012, s1:0.0.0.0:45336, s2:0.0.0.0:38783], old=null
2019-09-24 16:43:37,660 DEBUG impl.RaftServerImpl (RaftServerImpl.java:requestVote(743)) - s0@group-46F048A18FB7: receive requestVote(s3, group-46F048A18FB7, 32, (t:0, i:0))
2019-09-24 16:43:37,662 DEBUG impl.RaftServerImpl (RaftServerImpl.java:requestVote(775)) - s3@group-46F048A18FB7 replies to vote request: s1<-s3#0:FAIL-t34. Peer's state: s3@group-46F048A18FB7:t34, leader=null, voted=s3, raftlog=s3@group-46F048A18FB7-SegmentedRaftLog:OPENED:c-1,f-1,i0, conf=-1: [s3:0.0.0.0:39188, s4:0.0.0.0:40778, s0:0.0.0.0:42012, s1:0.0.0.0:45336, s2:0.0.0.0:38783], old=null
2019-09-24 16:43:37,661 DEBUG impl.RaftServerImpl (RaftServerImpl.java:requestVote(743)) - s1@group-46F048A18FB7: receive requestVote(s3, group-46F048A18FB7, 33, (t:0, i:0))
2019-09-24 16:43:37,663 INFO  impl.LeaderElection (LeaderElection.java:logAndReturn(56)) - s3@group-46F048A18FB7-LeaderElection77: Election REJECTED; received 0 response(s) [] and 0 exception(s); s3@group-46F048A18FB7:t34, leader=null, voted=s3, raftlog=s3@group-46F048A18FB7-SegmentedRaftLog:OPENED:c-1,f-1,i0, conf=-1: [s3:0.0.0.0:39188, s4:0.0.0.0:40778, s0:0.0.0.0:42012, s1:0.0.0.0:45336, s2:0.0.0.0:38783], old=null
2019-09-24 16:43:37,663 DEBUG impl.RaftServerImpl (RaftServerImpl.java:requestVote(775)) - s1@group-46F048A18FB7 replies to vote request: s3<-s1#0:FAIL-t34. Peer's state: s1@group-46F048A18FB7:t34, leader=null, voted=s1, raftlog=s1@group-46F048A18FB7-SegmentedRaftLog:OPENED:c-1,f-1,i0, conf=-1: [s3:0.0.0.0:39188, s4:0.0.0.0:40778, s0:0.0.0.0:42012, s1:0.0.0.0:45336, s2:0.0.0.0:38783], old=null
2019-09-24 16:43:37,661 INFO  impl.RoleInfo (RoleInfo.java:shutdownLeaderElection(134)) - s4: shutdown LeaderElection
2019-09-24 16:43:37,663 DEBUG impl.RaftServerImpl (RaftServerImpl.java:requestVote(743)) - s2@group-46F048A18FB7: receive requestVote(s3, group-46F048A18FB7, 33, (t:0, i:0))
2019-09-24 16:43:37,663 INFO  impl.LeaderElection (LeaderElection.java:logAndReturn(56)) - s1@group-46F048A18FB7-LeaderElection80: Election REJECTED; received 4 response(s) [s1<-s3#0:FAIL-t34, s1<-s4#0:FAIL-t34, s1<-s0#0:FAIL-t34, s1<-s2#0:FAIL-t34] and 0 exception(s); s1@group-46F048A18FB7:t34, leader=null, voted=s1, raftlog=s1@group-46F048A18FB7-SegmentedRaftLog:OPENED:c-1,f-1,i0, conf=-1: [s3:0.0.0.0:39188, s4:0.0.0.0:40778, s0:0.0.0.0:42012, s1:0.0.0.0:45336, s2:0.0.0.0:38783], old=null
2019-09-24 16:43:37,663 INFO  impl.LeaderElection (LeaderElection.java:logAndReturn(56)) - s3@group-46F048A18FB7-LeaderElection76: Election REJECTED; received 0 response(s) [] and 0 exception(s); s3@group-46F048A18FB7:t34, leader=null, voted=s3, raftlog=s3@group-46F048A18FB7-SegmentedRaftLog:OPENED:c-1,f-1,i0, conf=-1: [s3:0.0.0.0:39188, s4:0.0.0.0:40778, s0:0.0.0.0:42012, s1:0.0.0.0:45336, s2:0.0.0.0:38783], old=null
2019-09-24 16:43:37,662 INFO  impl.LeaderElection (LeaderElection.java:logAndReturn(56)) - s0@group-46F048A18FB7-LeaderElection70: Election REJECTED; received 4 response(s) [s0<-s3#0:FAIL-t34, s0<-s4#0:FAIL-t34, s0<-s1#0:FAIL-t34, s0<-s2#0:FAIL-t34] and 0 exception(s); s0@group-46F048A18FB7:t34, leader=null, voted=s0, raftlog=s0@group-46F048A18FB7-SegmentedRaftLog:OPENED:c-1,f-1,i0, conf=-1: [s3:0.0.0.0:39188, s4:0.0.0.0:40778, s0:0.0.0.0:42012, s1:0.0.0.0:45336, s2:0.0.0.0:38783], old=null
2019-09-24 16:43:37,662 DEBUG impl.RaftServerImpl (RaftServerImpl.java:requestVote(775)) - s0@group-46F048A18FB7 replies to vote request: s3<-s0#0:FAIL-t34. Peer's state: s0@group-46F048A18FB7:t34, leader=null, voted=s0, raftlog=s0@group-46F048A18FB7-SegmentedRaftLog:OPENED:c-1,f-1,i0, conf=-1: [s3:0.0.0.0:39188, s4:0.0.0.0:40778, s0:0.0.0.0:42012, s1:0.0.0.0:45336, s2:0.0.0.0:38783], old=null
2019-09-24 16:43:37,664 INFO  impl.RaftServerImpl (RaftServerImpl.java:setRole(170)) - s1@group-46F048A18FB7: changes role from CANDIDATE to FOLLOWER at term 34 for DISCOVERED_A_NEW_TERM
2019-09-24 16:43:37,664 DEBUG impl.RaftServerImpl (RaftServerImpl.java:requestVote(775)) - s2@group-46F048A18FB7 replies to vote request: s3<-s2#0:FAIL-t34. Peer's state: s2@group-46F048A18FB7:t34, leader=null, voted=s2, raftlog=s2@group-46F048A18FB7-SegmentedRaftLog:OPENED:c-1,f-1,i0, conf=-1: [s3:0.0.0.0:39188, s4:0.0.0.0:40778, s0:0.0.0.0:42012, s1:0.0.0.0:45336, s2:0.0.0.0:38783], old=null
2019-09-24 16:43:37,664 DEBUG impl.RaftServerImpl (RaftServerImpl.java:requestVote(743)) - s1@group-46F048A18FB7: receive requestVote(s3, group-46F048A18FB7, 32, (t:0, i:0))
2019-09-24 16:43:37,663 INFO  impl.RoleInfo (RoleInfo.java:updateAndGet(143)) - s4: start FollowerState
2019-09-24 16:43:37,666 DEBUG impl.RaftServerImpl (RaftServerImpl.java:requestVote(743)) - s2@group-46F048A18FB7: receive requestVote(s3, group-46F048A18FB7, 32, (t:0, i:0))
2019-09-24 16:43:37,665 INFO  impl.RoleInfo (RoleInfo.java:shutdownLeaderElection(134)) - s1: shutdown LeaderElection
2019-09-24 16:43:37,665 INFO  impl.RaftServerImpl (RaftServerImpl.java:setRole(170)) - s0@group-46F048A18FB7: changes role from CANDIDATE to FOLLOWER at term 34 for DISCOVERED_A_NEW_TERM
2019-09-24 16:43:37,666 INFO  impl.RoleInfo (RoleInfo.java:updateAndGet(143)) - s1: start FollowerState
2019-09-24 16:43:37,666 DEBUG impl.RaftServerImpl (RaftServerImpl.java:requestVote(775)) - s2@group-46F048A18FB7 replies to vote request: s3<-s2#0:FAIL-t34. Peer's state: s2@group-46F048A18FB7:t34, leader=null, voted=s2, raftlog=s2@group-46F048A18FB7-SegmentedRaftLog:OPENED:c-1,f-1,i0, conf=-1: [s3:0.0.0.0:39188, s4:0.0.0.0:40778, s0:0.0.0.0:42012, s1:0.0.0.0:45336, s2:0.0.0.0:38783], old=null
2019-09-24 16:43:37,667 DEBUG impl.RaftServerImpl (RaftServerImpl.java:requestVote(775)) - s1@group-46F048A18FB7 replies to vote request: s3<-s1#0:FAIL-t34. Peer's state: s1@group-46F048A18FB7:t34, leader=null, voted=s1, raftlog=s1@group-46F048A18FB7-SegmentedRaftLog:OPENED:c-1,f-1,i0, conf=-1: [s3:0.0.0.0:39188, s4:0.0.0.0:40778, s0:0.0.0.0:42012, s1:0.0.0.0:45336, s2:0.0.0.0:38783], old=null
2019-09-24 16:43:37,666 INFO  impl.RoleInfo (RoleInfo.java:shutdownLeaderElection(134)) - s0: shutdown LeaderElection
2019-09-24 16:43:37,667 DEBUG impl.RaftServerImpl (RaftServerImpl.java:requestVote(743)) - s2@group-46F048A18FB7: receive requestVote(s3, group-46F048A18FB7, 34, (t:0, i:0))
2019-09-24 16:43:37,667 INFO  impl.RoleInfo (RoleInfo.java:updateAndGet(143)) - s0: start FollowerState
2019-09-24 16:43:37,667 DEBUG impl.RaftServerImpl (RaftServerImpl.java:requestVote(743)) - s1@group-46F048A18FB7: receive requestVote(s3, group-46F048A18FB7, 34, (t:0, i:0))
2019-09-24 16:43:37,668 DEBUG impl.RaftServerImpl (RaftServerImpl.java:requestVote(775)) - s2@group-46F048A18FB7 replies to vote request: s3<-s2#0:FAIL-t34. Peer's state: s2@group-46F048A18FB7:t34, leader=null, voted=s2, raftlog=s2@group-46F048A18FB7-SegmentedRaftLog:OPENED:c-1,f-1,i0, conf=-1: [s3:0.0.0.0:39188, s4:0.0.0.0:40778, s0:0.0.0.0:42012, s1:0.0.0.0:45336, s2:0.0.0.0:38783], old=null
2019-09-24 16:43:37,668 DEBUG impl.RaftServerImpl (RaftServerImpl.java:requestVote(775)) - s1@group-46F048A18FB7 replies to vote request: s3<-s1#0:FAIL-t34. Peer's state: s1@group-46F048A18FB7:t34, leader=null, voted=s1, raftlog=s1@group-46F048A18FB7-SegmentedRaftLog:OPENED:c-1,f-1,i0, conf=-1: [s3:0.0.0.0:39188, s4:0.0.0.0:40778, s0:0.0.0.0:42012, s1:0.0.0.0:45336, s2:0.0.0.0:38783], old=null
2019-09-24 16:43:37,669 INFO  impl.LeaderElection (LeaderElection.java:logAndReturn(56)) - s3@group-46F048A18FB7-LeaderElection79: Election REJECTED; received 4 response(s) [s3<-s4#0:FAIL-t34, s3<-s0#0:FAIL-t34, s3<-s1#0:FAIL-t34, s3<-s2#0:FAIL-t34] and 0 exception(s); s3@group-46F048A18FB7:t34, leader=null, voted=s3, raftlog=s3@group-46F048A18FB7-SegmentedRaftLog:OPENED:c-1,f-1,i0, conf=-1: [s3:0.0.0.0:39188, s4:0.0.0.0:40778, s0:0.0.0.0:42012, s1:0.0.0.0:45336, s2:0.0.0.0:38783], old=null
2019-09-24 16:43:37,669 INFO  impl.RaftServerImpl (RaftServerImpl.java:setRole(170)) - s3@group-46F048A18FB7: changes role from CANDIDATE to FOLLOWER at term 34 for DISCOVERED_A_NEW_TERM
2019-09-24 16:43:37,669 INFO  impl.RoleInfo (RoleInfo.java:shutdownLeaderElection(134)) - s3: shutdown LeaderElection
2019-09-24 16:43:37,670 INFO  impl.RoleInfo (RoleInfo.java:updateAndGet(143)) - s3: start FollowerState
2019-09-24 16:43:37,775 WARN  ratis.RaftTestUtil (JavaUtils.java:attempt(158)) - FAILED "waitForLeader-null-(expectLeader? true)", attempt #92/100: java.lang.IllegalStateException: No leader yet : printing ALL groups
  s3:  RUNNING  FOLLOWER s3@group-46F048A18FB7:t34, leader=null, voted=s3, raftlog=s3@group-46F048A18FB7-SegmentedRaftLog:OPENED:c-1,f-1,i0, conf=-1: [s3:0.0.0.0:39188, s4:0.0.0.0:40778, s0:0.0.0.0:42012, s1:0.0.0.0:45336, s2:0.0.0.0:38783], old=null RUNNING
  s4:  RUNNING  FOLLOWER s4@group-46F048A18FB7:t34, leader=null, voted=s4, raftlog=s4@group-46F048A18FB7-SegmentedRaftLog:OPENED:c-1,f-1,i0, conf=-1: [s3:0.0.0.0:39188, s4:0.0.0.0:40778, s0:0.0.0.0:42012, s1:0.0.0.0:45336, s2:0.0.0.0:38783], old=null RUNNING
  s0:  RUNNING  FOLLOWER s0@group-46F048A18FB7:t34, leader=null, voted=s0, raftlog=s0@group-46F048A18FB7-SegmentedRaftLog:OPENED:c-1,f-1,i0, conf=-1: [s3:0.0.0.0:39188, s4:0.0.0.0:40778, s0:0.0.0.0:42012, s1:0.0.0.0:45336, s2:0.0.0.0:38783], old=null RUNNING
  s1:  RUNNING  FOLLOWER s1@group-46F048A18FB7:t34, leader=null, voted=s1, raftlog=s1@group-46F048A18FB7-SegmentedRaftLog:OPENED:c-1,f-1,i0, conf=-1: [s3:0.0.0.0:39188, s4:0.0.0.0:40778, s0:0.0.0.0:42012, s1:0.0.0.0:45336, s2:0.0.0.0:38783], old=null RUNNING
  s2:  RUNNING  FOLLOWER s2@group-46F048A18FB7:t34, leader=null, voted=s2, raftlog=s2@group-46F048A18FB7-SegmentedRaftLog:OPENED:c-1,f-1,i0, conf=-1: [s3:0.0.0.0:39188, s4:0.0.0.0:40778, s0:0.0.0.0:42012, s1:0.0.0.0:45336, s2:0.0.0.0:38783], old=null RUNNING, sleep 450ms and then retry.
java.lang.IllegalStateException: No leader yet : printing ALL groups
  s3:  RUNNING  FOLLOWER s3@group-46F048A18FB7:t34, leader=null, voted=s3, raftlog=s3@group-46F048A18FB7-SegmentedRaftLog:OPENED:c-1,f-1,i0, conf=-1: [s3:0.0.0.0:39188, s4:0.0.0.0:40778, s0:0.0.0.0:42012, s1:0.0.0.0:45336, s2:0.0.0.0:38783], old=null RUNNING
  s4:  RUNNING  FOLLOWER s4@group-46F048A18FB7:t34, leader=null, voted=s4, raftlog=s4@group-46F048A18FB7-SegmentedRaftLog:OPENED:c-1,f-1,i0, conf=-1: [s3:0.0.0.0:39188, s4:0.0.0.0:40778, s0:0.0.0.0:42012, s1:0.0.0.0:45336, s2:0.0.0.0:38783], old=null RUNNING
  s0:  RUNNING  FOLLOWER s0@group-46F048A18FB7:t34, leader=null, voted=s0, raftlog=s0@group-46F048A18FB7-SegmentedRaftLog:OPENED:c-1,f-1,i0, conf=-1: [s3:0.0.0.0:39188, s4:0.0.0.0:40778, s0:0.0.0.0:42012, s1:0.0.0.0:45336, s2:0.0.0.0:38783], old=null RUNNING
  s1:  RUNNING  FOLLOWER s1@group-46F048A18FB7:t34, leader=null, voted=s1, raftlog=s1@group-46F048A18FB7-SegmentedRaftLog:OPENED:c-1,f-1,i0, conf=-1: [s3:0.0.0.0:39188, s4:0.0.0.0:40778, s0:0.0.0.0:42012, s1:0.0.0.0:45336, s2:0.0.0.0:38783], old=null RUNNING
  s2:  RUNNING  FOLLOWER s2@group-46F048A18FB7:t34, leader=null, voted=s2, raftlog=s2@group-46F048A18FB7-SegmentedRaftLog:OPENED:c-1,f-1,i0, conf=-1: [s3:0.0.0.0:39188, s4:0.0.0.0:40778, s0:0.0.0.0:42012, s1:0.0.0.0:45336, s2:0.0.0.0:38783], old=null RUNNING
	at org.apache.ratis.MiniRaftCluster.newIllegalStateExceptionForNoLeaders(MiniRaftCluster.java:506)
	at org.apache.ratis.RaftTestUtil.lambda$waitForLeader$1(RaftTestUtil.java:90)
	at org.apache.ratis.MiniRaftCluster.getLeader(MiniRaftCluster.java:539)
	at org.apache.ratis.MiniRaftCluster.getLeader(MiniRaftCluster.java:532)
	at org.apache.ratis.RaftTestUtil.lambda$waitForLeader$3(RaftTestUtil.java:98)
	at org.apache.ratis.util.JavaUtils.attempt(JavaUtils.java:152)
	at org.apache.ratis.RaftTestUtil.waitForLeader(RaftTestUtil.java:97)
	at org.apache.ratis.RaftTestUtil.waitForLeader(RaftTestUtil.java:77)
	at org.apache.ratis.RaftTestUtil.waitForLeader(RaftTestUtil.java:72)
	at org.apache.ratis.RaftBasicTests.testWithLoad(RaftBasicTests.java:336)
	at org.apache.ratis.RaftBasicTests.lambda$testWithLoad$10(RaftBasicTests.java:328)
	at org.apache.ratis.MiniRaftCluster$Factory$Get.runWithNewCluster(MiniRaftCluster.java:125)
	at org.apache.ratis.MiniRaftCluster$Factory$Get.runWithNewCluster(MiniRaftCluster.java:113)
	at org.apache.ratis.RaftBasicTests.testWithLoad(RaftBasicTests.java:328)
	at org.apache.ratis.netty.TestRaftWithNetty.testWithLoad(TestRaftWithNetty.java:31)
	at sun.reflect.NativeMethodAccessorImpl.invoke0(Native Method)
	at sun.reflect.NativeMethodAccessorImpl.invoke(NativeMethodAccessorImpl.java:62)
	at sun.reflect.DelegatingMethodAccessorImpl.invoke(DelegatingMethodAccessorImpl.java:43)
	at java.lang.reflect.Method.invoke(Method.java:498)
	at org.junit.runners.model.FrameworkMethod$1.runReflectiveCall(FrameworkMethod.java:50)
	at org.junit.internal.runners.model.ReflectiveCallable.run(ReflectiveCallable.java:12)
	at org.junit.runners.model.FrameworkMethod.invokeExplosively(FrameworkMethod.java:47)
	at org.junit.internal.runners.statements.InvokeMethod.evaluate(InvokeMethod.java:17)
	at org.junit.internal.runners.statements.RunAfters.evaluate(RunAfters.java:27)
	at org.junit.internal.runners.statements.FailOnTimeout$CallableStatement.call(FailOnTimeout.java:298)
	at org.junit.internal.runners.statements.FailOnTimeout$CallableStatement.call(FailOnTimeout.java:292)
	at java.util.concurrent.FutureTask.run(FutureTask.java:266)
	at java.lang.Thread.run(Thread.java:748)
2019-09-24 16:43:37,831 INFO  impl.FollowerState (FollowerState.java:run(108)) - s2@group-46F048A18FB7-FollowerState: change to CANDIDATE, lastRpcTime:183ms, electionTimeout:180ms
2019-09-24 16:43:37,831 INFO  impl.RoleInfo (RoleInfo.java:shutdownFollowerState(121)) - s2: shutdown FollowerState
2019-09-24 16:43:37,831 INFO  impl.RaftServerImpl (RaftServerImpl.java:setRole(170)) - s2@group-46F048A18FB7: changes role from  FOLLOWER to CANDIDATE at term 34 for changeToCandidate
2019-09-24 16:43:37,831 INFO  impl.RoleInfo (RoleInfo.java:updateAndGet(143)) - s2: start LeaderElection
2019-09-24 16:43:37,845 INFO  impl.FollowerState (FollowerState.java:run(108)) - s1@group-46F048A18FB7-FollowerState: change to CANDIDATE, lastRpcTime:178ms, electionTimeout:178ms
2019-09-24 16:43:37,845 INFO  impl.RoleInfo (RoleInfo.java:shutdownFollowerState(121)) - s1: shutdown FollowerState
2019-09-24 16:43:37,845 INFO  impl.RaftServerImpl (RaftServerImpl.java:setRole(170)) - s1@group-46F048A18FB7: changes role from  FOLLOWER to CANDIDATE at term 34 for changeToCandidate
2019-09-24 16:43:37,845 INFO  impl.RoleInfo (RoleInfo.java:updateAndGet(143)) - s1: start LeaderElection
2019-09-24 16:43:37,871 INFO  impl.FollowerState (FollowerState.java:run(108)) - s3@group-46F048A18FB7-FollowerState: change to CANDIDATE, lastRpcTime:201ms, electionTimeout:201ms
2019-09-24 16:43:37,872 INFO  impl.RoleInfo (RoleInfo.java:shutdownFollowerState(121)) - s3: shutdown FollowerState
2019-09-24 16:43:37,872 INFO  impl.RaftServerImpl (RaftServerImpl.java:setRole(170)) - s3@group-46F048A18FB7: changes role from  FOLLOWER to CANDIDATE at term 34 for changeToCandidate
2019-09-24 16:43:37,872 INFO  impl.RoleInfo (RoleInfo.java:updateAndGet(143)) - s3: start LeaderElection
2019-09-24 16:43:37,914 INFO  impl.FollowerState (FollowerState.java:run(108)) - s0@group-46F048A18FB7-FollowerState: change to CANDIDATE, lastRpcTime:246ms, electionTimeout:246ms
2019-09-24 16:43:37,914 INFO  impl.RoleInfo (RoleInfo.java:shutdownFollowerState(121)) - s0: shutdown FollowerState
2019-09-24 16:43:37,914 INFO  impl.RaftServerImpl (RaftServerImpl.java:setRole(170)) - s0@group-46F048A18FB7: changes role from  FOLLOWER to CANDIDATE at term 34 for changeToCandidate
2019-09-24 16:43:37,915 INFO  impl.RoleInfo (RoleInfo.java:updateAndGet(143)) - s0: start LeaderElection
2019-09-24 16:43:37,929 INFO  impl.FollowerState (FollowerState.java:run(108)) - s4@group-46F048A18FB7-FollowerState: change to CANDIDATE, lastRpcTime:265ms, electionTimeout:263ms
2019-09-24 16:43:37,929 INFO  impl.RoleInfo (RoleInfo.java:shutdownFollowerState(121)) - s4: shutdown FollowerState
2019-09-24 16:43:37,929 INFO  impl.RaftServerImpl (RaftServerImpl.java:setRole(170)) - s4@group-46F048A18FB7: changes role from  FOLLOWER to CANDIDATE at term 34 for changeToCandidate
2019-09-24 16:43:37,930 INFO  impl.RoleInfo (RoleInfo.java:updateAndGet(143)) - s4: start LeaderElection
2019-09-24 16:43:38,133 INFO  impl.LeaderElection (LeaderElection.java:askForVotes(178)) - s2@group-46F048A18FB7-LeaderElection81: begin an election at term 35 for -1: [s3:0.0.0.0:39188, s4:0.0.0.0:40778, s0:0.0.0.0:42012, s1:0.0.0.0:45336, s2:0.0.0.0:38783], old=null
2019-09-24 16:43:38,133 INFO  impl.LeaderElection (LeaderElection.java:askForVotes(178)) - s1@group-46F048A18FB7-LeaderElection82: begin an election at term 35 for -1: [s3:0.0.0.0:39188, s4:0.0.0.0:40778, s0:0.0.0.0:42012, s1:0.0.0.0:45336, s2:0.0.0.0:38783], old=null
2019-09-24 16:43:38,134 INFO  impl.LeaderElection (LeaderElection.java:askForVotes(178)) - s4@group-46F048A18FB7-LeaderElection85: begin an election at term 35 for -1: [s3:0.0.0.0:39188, s4:0.0.0.0:40778, s0:0.0.0.0:42012, s1:0.0.0.0:45336, s2:0.0.0.0:38783], old=null
2019-09-24 16:43:38,134 INFO  impl.LeaderElection (LeaderElection.java:askForVotes(178)) - s0@group-46F048A18FB7-LeaderElection84: begin an election at term 35 for -1: [s3:0.0.0.0:39188, s4:0.0.0.0:40778, s0:0.0.0.0:42012, s1:0.0.0.0:45336, s2:0.0.0.0:38783], old=null
2019-09-24 16:43:38,134 INFO  impl.LeaderElection (LeaderElection.java:askForVotes(178)) - s3@group-46F048A18FB7-LeaderElection83: begin an election at term 35 for -1: [s3:0.0.0.0:39188, s4:0.0.0.0:40778, s0:0.0.0.0:42012, s1:0.0.0.0:45336, s2:0.0.0.0:38783], old=null
2019-09-24 16:43:38,135 DEBUG impl.RaftServerImpl (RaftServerImpl.java:requestVote(743)) - s3@group-46F048A18FB7: receive requestVote(s1, group-46F048A18FB7, 35, (t:0, i:0))
2019-09-24 16:43:38,134 DEBUG impl.RaftServerImpl (RaftServerImpl.java:requestVote(743)) - s3@group-46F048A18FB7: receive requestVote(s2, group-46F048A18FB7, 35, (t:0, i:0))
2019-09-24 16:43:38,135 DEBUG impl.RaftServerImpl (RaftServerImpl.java:requestVote(743)) - s1@group-46F048A18FB7: receive requestVote(s2, group-46F048A18FB7, 35, (t:0, i:0))
2019-09-24 16:43:38,135 DEBUG impl.RaftServerImpl (RaftServerImpl.java:requestVote(743)) - s4@group-46F048A18FB7: receive requestVote(s1, group-46F048A18FB7, 35, (t:0, i:0))
2019-09-24 16:43:38,135 DEBUG impl.RaftServerImpl (RaftServerImpl.java:requestVote(743)) - s0@group-46F048A18FB7: receive requestVote(s2, group-46F048A18FB7, 35, (t:0, i:0))
2019-09-24 16:43:38,136 DEBUG impl.RaftServerImpl (RaftServerImpl.java:requestVote(743)) - s3@group-46F048A18FB7: receive requestVote(s4, group-46F048A18FB7, 35, (t:0, i:0))
2019-09-24 16:43:38,135 DEBUG impl.RaftServerImpl (RaftServerImpl.java:requestVote(743)) - s4@group-46F048A18FB7: receive requestVote(s2, group-46F048A18FB7, 35, (t:0, i:0))
2019-09-24 16:43:38,137 DEBUG impl.RaftServerImpl (RaftServerImpl.java:requestVote(743)) - s4@group-46F048A18FB7: receive requestVote(s0, group-46F048A18FB7, 35, (t:0, i:0))
2019-09-24 16:43:38,137 DEBUG impl.RaftServerImpl (RaftServerImpl.java:requestVote(775)) - s0@group-46F048A18FB7 replies to vote request: s2<-s0#0:FAIL-t35. Peer's state: s0@group-46F048A18FB7:t35, leader=null, voted=s0, raftlog=s0@group-46F048A18FB7-SegmentedRaftLog:OPENED:c-1,f-1,i0, conf=-1: [s3:0.0.0.0:39188, s4:0.0.0.0:40778, s0:0.0.0.0:42012, s1:0.0.0.0:45336, s2:0.0.0.0:38783], old=null
2019-09-24 16:43:38,136 DEBUG impl.RaftServerImpl (RaftServerImpl.java:requestVote(775)) - s4@group-46F048A18FB7 replies to vote request: s1<-s4#0:FAIL-t35. Peer's state: s4@group-46F048A18FB7:t35, leader=null, voted=s4, raftlog=s4@group-46F048A18FB7-SegmentedRaftLog:OPENED:c-1,f-1,i0, conf=-1: [s3:0.0.0.0:39188, s4:0.0.0.0:40778, s0:0.0.0.0:42012, s1:0.0.0.0:45336, s2:0.0.0.0:38783], old=null
2019-09-24 16:43:38,136 DEBUG impl.RaftServerImpl (RaftServerImpl.java:requestVote(743)) - s3@group-46F048A18FB7: receive requestVote(s0, group-46F048A18FB7, 35, (t:0, i:0))
2019-09-24 16:43:38,136 DEBUG impl.RaftServerImpl (RaftServerImpl.java:requestVote(743)) - s4@group-46F048A18FB7: receive requestVote(s3, group-46F048A18FB7, 35, (t:0, i:0))
2019-09-24 16:43:38,136 DEBUG impl.RaftServerImpl (RaftServerImpl.java:requestVote(775)) - s1@group-46F048A18FB7 replies to vote request: s2<-s1#0:FAIL-t35. Peer's state: s1@group-46F048A18FB7:t35, leader=null, voted=s1, raftlog=s1@group-46F048A18FB7-SegmentedRaftLog:OPENED:c-1,f-1,i0, conf=-1: [s3:0.0.0.0:39188, s4:0.0.0.0:40778, s0:0.0.0.0:42012, s1:0.0.0.0:45336, s2:0.0.0.0:38783], old=null
2019-09-24 16:43:38,136 DEBUG impl.RaftServerImpl (RaftServerImpl.java:requestVote(775)) - s3@group-46F048A18FB7 replies to vote request: s2<-s3#0:FAIL-t35. Peer's state: s3@group-46F048A18FB7:t35, leader=null, voted=s3, raftlog=s3@group-46F048A18FB7-SegmentedRaftLog:OPENED:c-1,f-1,i0, conf=-1: [s3:0.0.0.0:39188, s4:0.0.0.0:40778, s0:0.0.0.0:42012, s1:0.0.0.0:45336, s2:0.0.0.0:38783], old=null
2019-09-24 16:43:38,136 DEBUG impl.RaftServerImpl (RaftServerImpl.java:requestVote(743)) - s0@group-46F048A18FB7: receive requestVote(s1, group-46F048A18FB7, 35, (t:0, i:0))
2019-09-24 16:43:38,139 DEBUG impl.RaftServerImpl (RaftServerImpl.java:requestVote(775)) - s3@group-46F048A18FB7 replies to vote request: s1<-s3#0:FAIL-t35. Peer's state: s3@group-46F048A18FB7:t35, leader=null, voted=s3, raftlog=s3@group-46F048A18FB7-SegmentedRaftLog:OPENED:c-1,f-1,i0, conf=-1: [s3:0.0.0.0:39188, s4:0.0.0.0:40778, s0:0.0.0.0:42012, s1:0.0.0.0:45336, s2:0.0.0.0:38783], old=null
2019-09-24 16:43:38,138 DEBUG impl.RaftServerImpl (RaftServerImpl.java:requestVote(775)) - s4@group-46F048A18FB7 replies to vote request: s0<-s4#0:FAIL-t35. Peer's state: s4@group-46F048A18FB7:t35, leader=null, voted=s4, raftlog=s4@group-46F048A18FB7-SegmentedRaftLog:OPENED:c-1,f-1,i0, conf=-1: [s3:0.0.0.0:39188, s4:0.0.0.0:40778, s0:0.0.0.0:42012, s1:0.0.0.0:45336, s2:0.0.0.0:38783], old=null
2019-09-24 16:43:38,138 DEBUG impl.RaftServerImpl (RaftServerImpl.java:requestVote(743)) - s1@group-46F048A18FB7: receive requestVote(s0, group-46F048A18FB7, 35, (t:0, i:0))
2019-09-24 16:43:38,138 DEBUG impl.RaftServerImpl (RaftServerImpl.java:requestVote(743)) - s0@group-46F048A18FB7: receive requestVote(s3, group-46F048A18FB7, 35, (t:0, i:0))
2019-09-24 16:43:38,138 DEBUG impl.RaftServerImpl (RaftServerImpl.java:requestVote(743)) - s0@group-46F048A18FB7: receive requestVote(s4, group-46F048A18FB7, 35, (t:0, i:0))
2019-09-24 16:43:38,138 DEBUG impl.RaftServerImpl (RaftServerImpl.java:requestVote(743)) - s2@group-46F048A18FB7: receive requestVote(s0, group-46F048A18FB7, 35, (t:0, i:0))
2019-09-24 16:43:38,137 DEBUG impl.RaftServerImpl (RaftServerImpl.java:requestVote(743)) - s2@group-46F048A18FB7: receive requestVote(s1, group-46F048A18FB7, 35, (t:0, i:0))
2019-09-24 16:43:38,142 DEBUG impl.RaftServerImpl (RaftServerImpl.java:requestVote(775)) - s2@group-46F048A18FB7 replies to vote request: s0<-s2#0:FAIL-t35. Peer's state: s2@group-46F048A18FB7:t35, leader=null, voted=s2, raftlog=s2@group-46F048A18FB7-SegmentedRaftLog:OPENED:c-1,f-1,i0, conf=-1: [s3:0.0.0.0:39188, s4:0.0.0.0:40778, s0:0.0.0.0:42012, s1:0.0.0.0:45336, s2:0.0.0.0:38783], old=null
2019-09-24 16:43:38,141 DEBUG impl.RaftServerImpl (RaftServerImpl.java:requestVote(775)) - s1@group-46F048A18FB7 replies to vote request: s0<-s1#0:FAIL-t35. Peer's state: s1@group-46F048A18FB7:t35, leader=null, voted=s1, raftlog=s1@group-46F048A18FB7-SegmentedRaftLog:OPENED:c-1,f-1,i0, conf=-1: [s3:0.0.0.0:39188, s4:0.0.0.0:40778, s0:0.0.0.0:42012, s1:0.0.0.0:45336, s2:0.0.0.0:38783], old=null
2019-09-24 16:43:38,140 DEBUG impl.RaftServerImpl (RaftServerImpl.java:requestVote(775)) - s4@group-46F048A18FB7 replies to vote request: s2<-s4#0:FAIL-t35. Peer's state: s4@group-46F048A18FB7:t35, leader=null, voted=s4, raftlog=s4@group-46F048A18FB7-SegmentedRaftLog:OPENED:c-1,f-1,i0, conf=-1: [s3:0.0.0.0:39188, s4:0.0.0.0:40778, s0:0.0.0.0:42012, s1:0.0.0.0:45336, s2:0.0.0.0:38783], old=null
2019-09-24 16:43:38,140 DEBUG impl.RaftServerImpl (RaftServerImpl.java:requestVote(775)) - s3@group-46F048A18FB7 replies to vote request: s0<-s3#0:FAIL-t35. Peer's state: s3@group-46F048A18FB7:t35, leader=null, voted=s3, raftlog=s3@group-46F048A18FB7-SegmentedRaftLog:OPENED:c-1,f-1,i0, conf=-1: [s3:0.0.0.0:39188, s4:0.0.0.0:40778, s0:0.0.0.0:42012, s1:0.0.0.0:45336, s2:0.0.0.0:38783], old=null
2019-09-24 16:43:38,140 DEBUG impl.RaftServerImpl (RaftServerImpl.java:requestVote(775)) - s0@group-46F048A18FB7 replies to vote request: s1<-s0#0:FAIL-t35. Peer's state: s0@group-46F048A18FB7:t35, leader=null, voted=s0, raftlog=s0@group-46F048A18FB7-SegmentedRaftLog:OPENED:c-1,f-1,i0, conf=-1: [s3:0.0.0.0:39188, s4:0.0.0.0:40778, s0:0.0.0.0:42012, s1:0.0.0.0:45336, s2:0.0.0.0:38783], old=null
2019-09-24 16:43:38,144 INFO  impl.LeaderElection (LeaderElection.java:logAndReturn(56)) - s2@group-46F048A18FB7-LeaderElection81: Election REJECTED; received 4 response(s) [s2<-s3#0:FAIL-t35, s2<-s4#0:FAIL-t35, s2<-s0#0:FAIL-t35, s2<-s1#0:FAIL-t35] and 0 exception(s); s2@group-46F048A18FB7:t35, leader=null, voted=s2, raftlog=s2@group-46F048A18FB7-SegmentedRaftLog:OPENED:c-1,f-1,i0, conf=-1: [s3:0.0.0.0:39188, s4:0.0.0.0:40778, s0:0.0.0.0:42012, s1:0.0.0.0:45336, s2:0.0.0.0:38783], old=null
2019-09-24 16:43:38,144 DEBUG impl.RaftServerImpl (RaftServerImpl.java:requestVote(775)) - s3@group-46F048A18FB7 replies to vote request: s4<-s3#0:FAIL-t35. Peer's state: s3@group-46F048A18FB7:t35, leader=null, voted=s3, raftlog=s3@group-46F048A18FB7-SegmentedRaftLog:OPENED:c-1,f-1,i0, conf=-1: [s3:0.0.0.0:39188, s4:0.0.0.0:40778, s0:0.0.0.0:42012, s1:0.0.0.0:45336, s2:0.0.0.0:38783], old=null
2019-09-24 16:43:38,143 DEBUG impl.RaftServerImpl (RaftServerImpl.java:requestVote(775)) - s4@group-46F048A18FB7 replies to vote request: s3<-s4#0:FAIL-t35. Peer's state: s4@group-46F048A18FB7:t35, leader=null, voted=s4, raftlog=s4@group-46F048A18FB7-SegmentedRaftLog:OPENED:c-1,f-1,i0, conf=-1: [s3:0.0.0.0:39188, s4:0.0.0.0:40778, s0:0.0.0.0:42012, s1:0.0.0.0:45336, s2:0.0.0.0:38783], old=null
2019-09-24 16:43:38,142 DEBUG impl.RaftServerImpl (RaftServerImpl.java:requestVote(775)) - s2@group-46F048A18FB7 replies to vote request: s1<-s2#0:FAIL-t35. Peer's state: s2@group-46F048A18FB7:t35, leader=null, voted=s2, raftlog=s2@group-46F048A18FB7-SegmentedRaftLog:OPENED:c-1,f-1,i0, conf=-1: [s3:0.0.0.0:39188, s4:0.0.0.0:40778, s0:0.0.0.0:42012, s1:0.0.0.0:45336, s2:0.0.0.0:38783], old=null
2019-09-24 16:43:38,144 DEBUG impl.RaftServerImpl (RaftServerImpl.java:requestVote(743)) - s1@group-46F048A18FB7: receive requestVote(s4, group-46F048A18FB7, 35, (t:0, i:0))
2019-09-24 16:43:38,144 INFO  impl.LeaderElection (LeaderElection.java:logAndReturn(56)) - s0@group-46F048A18FB7-LeaderElection84: Election REJECTED; received 4 response(s) [s0<-s3#0:FAIL-t35, s0<-s4#0:FAIL-t35, s0<-s1#0:FAIL-t35, s0<-s2#0:FAIL-t35] and 0 exception(s); s0@group-46F048A18FB7:t35, leader=null, voted=s0, raftlog=s0@group-46F048A18FB7-SegmentedRaftLog:OPENED:c-1,f-1,i0, conf=-1: [s3:0.0.0.0:39188, s4:0.0.0.0:40778, s0:0.0.0.0:42012, s1:0.0.0.0:45336, s2:0.0.0.0:38783], old=null
2019-09-24 16:43:38,144 DEBUG impl.RaftServerImpl (RaftServerImpl.java:requestVote(775)) - s0@group-46F048A18FB7 replies to vote request: s4<-s0#0:FAIL-t35. Peer's state: s0@group-46F048A18FB7:t35, leader=null, voted=s0, raftlog=s0@group-46F048A18FB7-SegmentedRaftLog:OPENED:c-1,f-1,i0, conf=-1: [s3:0.0.0.0:39188, s4:0.0.0.0:40778, s0:0.0.0.0:42012, s1:0.0.0.0:45336, s2:0.0.0.0:38783], old=null
2019-09-24 16:43:38,146 DEBUG impl.RaftServerImpl (RaftServerImpl.java:requestVote(743)) - s2@group-46F048A18FB7: receive requestVote(s4, group-46F048A18FB7, 35, (t:0, i:0))
2019-09-24 16:43:38,146 DEBUG impl.RaftServerImpl (RaftServerImpl.java:requestVote(743)) - s1@group-46F048A18FB7: receive requestVote(s3, group-46F048A18FB7, 35, (t:0, i:0))
2019-09-24 16:43:38,145 INFO  impl.RaftServerImpl (RaftServerImpl.java:setRole(170)) - s2@group-46F048A18FB7: changes role from CANDIDATE to FOLLOWER at term 35 for DISCOVERED_A_NEW_TERM
2019-09-24 16:43:38,146 DEBUG impl.RaftServerImpl (RaftServerImpl.java:requestVote(743)) - s2@group-46F048A18FB7: receive requestVote(s3, group-46F048A18FB7, 35, (t:0, i:0))
2019-09-24 16:43:38,146 DEBUG impl.RaftServerImpl (RaftServerImpl.java:requestVote(775)) - s0@group-46F048A18FB7 replies to vote request: s3<-s0#0:FAIL-t35. Peer's state: s0@group-46F048A18FB7:t35, leader=null, voted=s0, raftlog=s0@group-46F048A18FB7-SegmentedRaftLog:OPENED:c-1,f-1,i0, conf=-1: [s3:0.0.0.0:39188, s4:0.0.0.0:40778, s0:0.0.0.0:42012, s1:0.0.0.0:45336, s2:0.0.0.0:38783], old=null
2019-09-24 16:43:38,146 INFO  impl.LeaderElection (LeaderElection.java:logAndReturn(56)) - s1@group-46F048A18FB7-LeaderElection82: Election REJECTED; received 4 response(s) [s1<-s3#0:FAIL-t35, s1<-s4#0:FAIL-t35, s1<-s0#0:FAIL-t35, s1<-s2#0:FAIL-t35] and 0 exception(s); s1@group-46F048A18FB7:t35, leader=null, voted=s1, raftlog=s1@group-46F048A18FB7-SegmentedRaftLog:OPENED:c-1,f-1,i0, conf=-1: [s3:0.0.0.0:39188, s4:0.0.0.0:40778, s0:0.0.0.0:42012, s1:0.0.0.0:45336, s2:0.0.0.0:38783], old=null
2019-09-24 16:43:38,146 DEBUG impl.RaftServerImpl (RaftServerImpl.java:requestVote(775)) - s1@group-46F048A18FB7 replies to vote request: s4<-s1#0:FAIL-t35. Peer's state: s1@group-46F048A18FB7:t35, leader=null, voted=s1, raftlog=s1@group-46F048A18FB7-SegmentedRaftLog:OPENED:c-1,f-1,i0, conf=-1: [s3:0.0.0.0:39188, s4:0.0.0.0:40778, s0:0.0.0.0:42012, s1:0.0.0.0:45336, s2:0.0.0.0:38783], old=null
2019-09-24 16:43:38,148 INFO  impl.RaftServerImpl (RaftServerImpl.java:setRole(170)) - s0@group-46F048A18FB7: changes role from CANDIDATE to FOLLOWER at term 35 for DISCOVERED_A_NEW_TERM
2019-09-24 16:43:38,147 INFO  impl.RoleInfo (RoleInfo.java:shutdownLeaderElection(134)) - s2: shutdown LeaderElection
2019-09-24 16:43:38,149 INFO  impl.RoleInfo (RoleInfo.java:shutdownLeaderElection(134)) - s0: shutdown LeaderElection
2019-09-24 16:43:38,148 INFO  impl.RaftServerImpl (RaftServerImpl.java:setRole(170)) - s1@group-46F048A18FB7: changes role from CANDIDATE to FOLLOWER at term 35 for DISCOVERED_A_NEW_TERM
2019-09-24 16:43:38,149 INFO  impl.RoleInfo (RoleInfo.java:updateAndGet(143)) - s0: start FollowerState
2019-09-24 16:43:38,149 INFO  impl.RoleInfo (RoleInfo.java:updateAndGet(143)) - s2: start FollowerState
2019-09-24 16:43:38,149 INFO  impl.RoleInfo (RoleInfo.java:shutdownLeaderElection(134)) - s1: shutdown LeaderElection
2019-09-24 16:43:38,150 INFO  impl.RoleInfo (RoleInfo.java:updateAndGet(143)) - s1: start FollowerState
2019-09-24 16:43:38,150 DEBUG impl.RaftServerImpl (RaftServerImpl.java:requestVote(775)) - s2@group-46F048A18FB7 replies to vote request: s3<-s2#0:FAIL-t35. Peer's state: s2@group-46F048A18FB7:t35, leader=null, voted=s2, raftlog=s2@group-46F048A18FB7-SegmentedRaftLog:OPENED:c-1,f-1,i0, conf=-1: [s3:0.0.0.0:39188, s4:0.0.0.0:40778, s0:0.0.0.0:42012, s1:0.0.0.0:45336, s2:0.0.0.0:38783], old=null
2019-09-24 16:43:38,150 DEBUG impl.RaftServerImpl (RaftServerImpl.java:requestVote(775)) - s1@group-46F048A18FB7 replies to vote request: s3<-s1#0:FAIL-t35. Peer's state: s1@group-46F048A18FB7:t35, leader=null, voted=s1, raftlog=s1@group-46F048A18FB7-SegmentedRaftLog:OPENED:c-1,f-1,i0, conf=-1: [s3:0.0.0.0:39188, s4:0.0.0.0:40778, s0:0.0.0.0:42012, s1:0.0.0.0:45336, s2:0.0.0.0:38783], old=null
2019-09-24 16:43:38,150 DEBUG impl.RaftServerImpl (RaftServerImpl.java:requestVote(775)) - s2@group-46F048A18FB7 replies to vote request: s4<-s2#0:FAIL-t35. Peer's state: s2@group-46F048A18FB7:t35, leader=null, voted=s2, raftlog=s2@group-46F048A18FB7-SegmentedRaftLog:OPENED:c-1,f-1,i0, conf=-1: [s3:0.0.0.0:39188, s4:0.0.0.0:40778, s0:0.0.0.0:42012, s1:0.0.0.0:45336, s2:0.0.0.0:38783], old=null
2019-09-24 16:43:38,151 INFO  impl.LeaderElection (LeaderElection.java:logAndReturn(56)) - s3@group-46F048A18FB7-LeaderElection83: Election REJECTED; received 4 response(s) [s3<-s4#0:FAIL-t35, s3<-s0#0:FAIL-t35, s3<-s1#0:FAIL-t35, s3<-s2#0:FAIL-t35] and 0 exception(s); s3@group-46F048A18FB7:t35, leader=null, voted=s3, raftlog=s3@group-46F048A18FB7-SegmentedRaftLog:OPENED:c-1,f-1,i0, conf=-1: [s3:0.0.0.0:39188, s4:0.0.0.0:40778, s0:0.0.0.0:42012, s1:0.0.0.0:45336, s2:0.0.0.0:38783], old=null
2019-09-24 16:43:38,151 INFO  impl.RaftServerImpl (RaftServerImpl.java:setRole(170)) - s3@group-46F048A18FB7: changes role from CANDIDATE to FOLLOWER at term 35 for DISCOVERED_A_NEW_TERM
2019-09-24 16:43:38,151 INFO  impl.RoleInfo (RoleInfo.java:shutdownLeaderElection(134)) - s3: shutdown LeaderElection
2019-09-24 16:43:38,152 INFO  impl.LeaderElection (LeaderElection.java:logAndReturn(56)) - s4@group-46F048A18FB7-LeaderElection85: Election REJECTED; received 4 response(s) [s4<-s3#0:FAIL-t35, s4<-s0#0:FAIL-t35, s4<-s1#0:FAIL-t35, s4<-s2#0:FAIL-t35] and 0 exception(s); s4@group-46F048A18FB7:t35, leader=null, voted=s4, raftlog=s4@group-46F048A18FB7-SegmentedRaftLog:OPENED:c-1,f-1,i0, conf=-1: [s3:0.0.0.0:39188, s4:0.0.0.0:40778, s0:0.0.0.0:42012, s1:0.0.0.0:45336, s2:0.0.0.0:38783], old=null
2019-09-24 16:43:38,152 INFO  impl.RoleInfo (RoleInfo.java:updateAndGet(143)) - s3: start FollowerState
2019-09-24 16:43:38,152 INFO  impl.RaftServerImpl (RaftServerImpl.java:setRole(170)) - s4@group-46F048A18FB7: changes role from CANDIDATE to FOLLOWER at term 35 for DISCOVERED_A_NEW_TERM
2019-09-24 16:43:38,152 INFO  impl.RoleInfo (RoleInfo.java:shutdownLeaderElection(134)) - s4: shutdown LeaderElection
2019-09-24 16:43:38,152 INFO  impl.RoleInfo (RoleInfo.java:updateAndGet(143)) - s4: start FollowerState
2019-09-24 16:43:38,226 WARN  ratis.RaftTestUtil (JavaUtils.java:attempt(158)) - FAILED "waitForLeader-null-(expectLeader? true)", attempt #93/100: java.lang.IllegalStateException: No leader yet : printing ALL groups
  s3:  RUNNING  FOLLOWER s3@group-46F048A18FB7:t35, leader=null, voted=s3, raftlog=s3@group-46F048A18FB7-SegmentedRaftLog:OPENED:c-1,f-1,i0, conf=-1: [s3:0.0.0.0:39188, s4:0.0.0.0:40778, s0:0.0.0.0:42012, s1:0.0.0.0:45336, s2:0.0.0.0:38783], old=null RUNNING
  s4:  RUNNING  FOLLOWER s4@group-46F048A18FB7:t35, leader=null, voted=s4, raftlog=s4@group-46F048A18FB7-SegmentedRaftLog:OPENED:c-1,f-1,i0, conf=-1: [s3:0.0.0.0:39188, s4:0.0.0.0:40778, s0:0.0.0.0:42012, s1:0.0.0.0:45336, s2:0.0.0.0:38783], old=null RUNNING
  s0:  RUNNING  FOLLOWER s0@group-46F048A18FB7:t35, leader=null, voted=s0, raftlog=s0@group-46F048A18FB7-SegmentedRaftLog:OPENED:c-1,f-1,i0, conf=-1: [s3:0.0.0.0:39188, s4:0.0.0.0:40778, s0:0.0.0.0:42012, s1:0.0.0.0:45336, s2:0.0.0.0:38783], old=null RUNNING
  s1:  RUNNING  FOLLOWER s1@group-46F048A18FB7:t35, leader=null, voted=s1, raftlog=s1@group-46F048A18FB7-SegmentedRaftLog:OPENED:c-1,f-1,i0, conf=-1: [s3:0.0.0.0:39188, s4:0.0.0.0:40778, s0:0.0.0.0:42012, s1:0.0.0.0:45336, s2:0.0.0.0:38783], old=null RUNNING
  s2:  RUNNING  FOLLOWER s2@group-46F048A18FB7:t35, leader=null, voted=s2, raftlog=s2@group-46F048A18FB7-SegmentedRaftLog:OPENED:c-1,f-1,i0, conf=-1: [s3:0.0.0.0:39188, s4:0.0.0.0:40778, s0:0.0.0.0:42012, s1:0.0.0.0:45336, s2:0.0.0.0:38783], old=null RUNNING, sleep 450ms and then retry.
java.lang.IllegalStateException: No leader yet : printing ALL groups
  s3:  RUNNING  FOLLOWER s3@group-46F048A18FB7:t35, leader=null, voted=s3, raftlog=s3@group-46F048A18FB7-SegmentedRaftLog:OPENED:c-1,f-1,i0, conf=-1: [s3:0.0.0.0:39188, s4:0.0.0.0:40778, s0:0.0.0.0:42012, s1:0.0.0.0:45336, s2:0.0.0.0:38783], old=null RUNNING
  s4:  RUNNING  FOLLOWER s4@group-46F048A18FB7:t35, leader=null, voted=s4, raftlog=s4@group-46F048A18FB7-SegmentedRaftLog:OPENED:c-1,f-1,i0, conf=-1: [s3:0.0.0.0:39188, s4:0.0.0.0:40778, s0:0.0.0.0:42012, s1:0.0.0.0:45336, s2:0.0.0.0:38783], old=null RUNNING
  s0:  RUNNING  FOLLOWER s0@group-46F048A18FB7:t35, leader=null, voted=s0, raftlog=s0@group-46F048A18FB7-SegmentedRaftLog:OPENED:c-1,f-1,i0, conf=-1: [s3:0.0.0.0:39188, s4:0.0.0.0:40778, s0:0.0.0.0:42012, s1:0.0.0.0:45336, s2:0.0.0.0:38783], old=null RUNNING
  s1:  RUNNING  FOLLOWER s1@group-46F048A18FB7:t35, leader=null, voted=s1, raftlog=s1@group-46F048A18FB7-SegmentedRaftLog:OPENED:c-1,f-1,i0, conf=-1: [s3:0.0.0.0:39188, s4:0.0.0.0:40778, s0:0.0.0.0:42012, s1:0.0.0.0:45336, s2:0.0.0.0:38783], old=null RUNNING
  s2:  RUNNING  FOLLOWER s2@group-46F048A18FB7:t35, leader=null, voted=s2, raftlog=s2@group-46F048A18FB7-SegmentedRaftLog:OPENED:c-1,f-1,i0, conf=-1: [s3:0.0.0.0:39188, s4:0.0.0.0:40778, s0:0.0.0.0:42012, s1:0.0.0.0:45336, s2:0.0.0.0:38783], old=null RUNNING
	at org.apache.ratis.MiniRaftCluster.newIllegalStateExceptionForNoLeaders(MiniRaftCluster.java:506)
	at org.apache.ratis.RaftTestUtil.lambda$waitForLeader$1(RaftTestUtil.java:90)
	at org.apache.ratis.MiniRaftCluster.getLeader(MiniRaftCluster.java:539)
	at org.apache.ratis.MiniRaftCluster.getLeader(MiniRaftCluster.java:532)
	at org.apache.ratis.RaftTestUtil.lambda$waitForLeader$3(RaftTestUtil.java:98)
	at org.apache.ratis.util.JavaUtils.attempt(JavaUtils.java:152)
	at org.apache.ratis.RaftTestUtil.waitForLeader(RaftTestUtil.java:97)
	at org.apache.ratis.RaftTestUtil.waitForLeader(RaftTestUtil.java:77)
	at org.apache.ratis.RaftTestUtil.waitForLeader(RaftTestUtil.java:72)
	at org.apache.ratis.RaftBasicTests.testWithLoad(RaftBasicTests.java:336)
	at org.apache.ratis.RaftBasicTests.lambda$testWithLoad$10(RaftBasicTests.java:328)
	at org.apache.ratis.MiniRaftCluster$Factory$Get.runWithNewCluster(MiniRaftCluster.java:125)
	at org.apache.ratis.MiniRaftCluster$Factory$Get.runWithNewCluster(MiniRaftCluster.java:113)
	at org.apache.ratis.RaftBasicTests.testWithLoad(RaftBasicTests.java:328)
	at org.apache.ratis.netty.TestRaftWithNetty.testWithLoad(TestRaftWithNetty.java:31)
	at sun.reflect.NativeMethodAccessorImpl.invoke0(Native Method)
	at sun.reflect.NativeMethodAccessorImpl.invoke(NativeMethodAccessorImpl.java:62)
	at sun.reflect.DelegatingMethodAccessorImpl.invoke(DelegatingMethodAccessorImpl.java:43)
	at java.lang.reflect.Method.invoke(Method.java:498)
	at org.junit.runners.model.FrameworkMethod$1.runReflectiveCall(FrameworkMethod.java:50)
	at org.junit.internal.runners.model.ReflectiveCallable.run(ReflectiveCallable.java:12)
	at org.junit.runners.model.FrameworkMethod.invokeExplosively(FrameworkMethod.java:47)
	at org.junit.internal.runners.statements.InvokeMethod.evaluate(InvokeMethod.java:17)
	at org.junit.internal.runners.statements.RunAfters.evaluate(RunAfters.java:27)
	at org.junit.internal.runners.statements.FailOnTimeout$CallableStatement.call(FailOnTimeout.java:298)
	at org.junit.internal.runners.statements.FailOnTimeout$CallableStatement.call(FailOnTimeout.java:292)
	at java.util.concurrent.FutureTask.run(FutureTask.java:266)
	at java.lang.Thread.run(Thread.java:748)
2019-09-24 16:43:38,309 INFO  impl.FollowerState (FollowerState.java:run(108)) - s3@group-46F048A18FB7-FollowerState: change to CANDIDATE, lastRpcTime:156ms, electionTimeout:156ms
2019-09-24 16:43:38,309 INFO  impl.RoleInfo (RoleInfo.java:shutdownFollowerState(121)) - s3: shutdown FollowerState
2019-09-24 16:43:38,309 INFO  impl.RaftServerImpl (RaftServerImpl.java:setRole(170)) - s3@group-46F048A18FB7: changes role from  FOLLOWER to CANDIDATE at term 35 for changeToCandidate
2019-09-24 16:43:38,309 INFO  impl.RoleInfo (RoleInfo.java:updateAndGet(143)) - s3: start LeaderElection
2019-09-24 16:43:38,339 INFO  impl.FollowerState (FollowerState.java:run(108)) - s1@group-46F048A18FB7-FollowerState: change to CANDIDATE, lastRpcTime:189ms, electionTimeout:189ms
2019-09-24 16:43:38,339 INFO  impl.RoleInfo (RoleInfo.java:shutdownFollowerState(121)) - s1: shutdown FollowerState
2019-09-24 16:43:38,340 INFO  impl.RaftServerImpl (RaftServerImpl.java:setRole(170)) - s1@group-46F048A18FB7: changes role from  FOLLOWER to CANDIDATE at term 35 for changeToCandidate
2019-09-24 16:43:38,340 INFO  impl.RoleInfo (RoleInfo.java:updateAndGet(143)) - s1: start LeaderElection
2019-09-24 16:43:38,344 INFO  impl.FollowerState (FollowerState.java:run(108)) - s4@group-46F048A18FB7-FollowerState: change to CANDIDATE, lastRpcTime:191ms, electionTimeout:191ms
2019-09-24 16:43:38,344 INFO  impl.RoleInfo (RoleInfo.java:shutdownFollowerState(121)) - s4: shutdown FollowerState
2019-09-24 16:43:38,344 INFO  impl.RaftServerImpl (RaftServerImpl.java:setRole(170)) - s4@group-46F048A18FB7: changes role from  FOLLOWER to CANDIDATE at term 35 for changeToCandidate
2019-09-24 16:43:38,345 INFO  impl.RoleInfo (RoleInfo.java:updateAndGet(143)) - s4: start LeaderElection
2019-09-24 16:43:38,373 INFO  impl.FollowerState (FollowerState.java:run(108)) - s2@group-46F048A18FB7-FollowerState: change to CANDIDATE, lastRpcTime:224ms, electionTimeout:223ms
2019-09-24 16:43:38,373 INFO  impl.RoleInfo (RoleInfo.java:shutdownFollowerState(121)) - s2: shutdown FollowerState
2019-09-24 16:43:38,373 INFO  impl.RaftServerImpl (RaftServerImpl.java:setRole(170)) - s2@group-46F048A18FB7: changes role from  FOLLOWER to CANDIDATE at term 35 for changeToCandidate
2019-09-24 16:43:38,374 INFO  impl.RoleInfo (RoleInfo.java:updateAndGet(143)) - s2: start LeaderElection
2019-09-24 16:43:38,381 INFO  impl.FollowerState (FollowerState.java:run(108)) - s0@group-46F048A18FB7-FollowerState: change to CANDIDATE, lastRpcTime:231ms, electionTimeout:231ms
2019-09-24 16:43:38,381 INFO  impl.RoleInfo (RoleInfo.java:shutdownFollowerState(121)) - s0: shutdown FollowerState
2019-09-24 16:43:38,381 INFO  impl.RaftServerImpl (RaftServerImpl.java:setRole(170)) - s0@group-46F048A18FB7: changes role from  FOLLOWER to CANDIDATE at term 35 for changeToCandidate
2019-09-24 16:43:38,381 INFO  impl.RoleInfo (RoleInfo.java:updateAndGet(143)) - s0: start LeaderElection
2019-09-24 16:43:38,677 WARN  ratis.RaftTestUtil (JavaUtils.java:attempt(158)) - FAILED "waitForLeader-null-(expectLeader? true)", attempt #94/100: java.lang.IllegalStateException: No leader yet : printing ALL groups
  s3:  RUNNING CANDIDATE s3@group-46F048A18FB7:t36, leader=null, voted=s3, raftlog=s3@group-46F048A18FB7-SegmentedRaftLog:OPENED:c-1,f-1,i0, conf=-1: [s3:0.0.0.0:39188, s4:0.0.0.0:40778, s0:0.0.0.0:42012, s1:0.0.0.0:45336, s2:0.0.0.0:38783], old=null RUNNING
  s4:  RUNNING CANDIDATE s4@group-46F048A18FB7:t36, leader=null, voted=s4, raftlog=s4@group-46F048A18FB7-SegmentedRaftLog:OPENED:c-1,f-1,i0, conf=-1: [s3:0.0.0.0:39188, s4:0.0.0.0:40778, s0:0.0.0.0:42012, s1:0.0.0.0:45336, s2:0.0.0.0:38783], old=null RUNNING
  s0:  RUNNING CANDIDATE s0@group-46F048A18FB7:t36, leader=null, voted=s0, raftlog=s0@group-46F048A18FB7-SegmentedRaftLog:OPENED:c-1,f-1,i0, conf=-1: [s3:0.0.0.0:39188, s4:0.0.0.0:40778, s0:0.0.0.0:42012, s1:0.0.0.0:45336, s2:0.0.0.0:38783], old=null RUNNING
  s1:  RUNNING CANDIDATE s1@group-46F048A18FB7:t36, leader=null, voted=s1, raftlog=s1@group-46F048A18FB7-SegmentedRaftLog:OPENED:c-1,f-1,i0, conf=-1: [s3:0.0.0.0:39188, s4:0.0.0.0:40778, s0:0.0.0.0:42012, s1:0.0.0.0:45336, s2:0.0.0.0:38783], old=null RUNNING
  s2:  RUNNING CANDIDATE s2@group-46F048A18FB7:t36, leader=null, voted=s2, raftlog=s2@group-46F048A18FB7-SegmentedRaftLog:OPENED:c-1,f-1,i0, conf=-1: [s3:0.0.0.0:39188, s4:0.0.0.0:40778, s0:0.0.0.0:42012, s1:0.0.0.0:45336, s2:0.0.0.0:38783], old=null RUNNING, sleep 450ms and then retry.
java.lang.IllegalStateException: No leader yet : printing ALL groups
  s3:  RUNNING CANDIDATE s3@group-46F048A18FB7:t36, leader=null, voted=s3, raftlog=s3@group-46F048A18FB7-SegmentedRaftLog:OPENED:c-1,f-1,i0, conf=-1: [s3:0.0.0.0:39188, s4:0.0.0.0:40778, s0:0.0.0.0:42012, s1:0.0.0.0:45336, s2:0.0.0.0:38783], old=null RUNNING
  s4:  RUNNING CANDIDATE s4@group-46F048A18FB7:t36, leader=null, voted=s4, raftlog=s4@group-46F048A18FB7-SegmentedRaftLog:OPENED:c-1,f-1,i0, conf=-1: [s3:0.0.0.0:39188, s4:0.0.0.0:40778, s0:0.0.0.0:42012, s1:0.0.0.0:45336, s2:0.0.0.0:38783], old=null RUNNING
  s0:  RUNNING CANDIDATE s0@group-46F048A18FB7:t36, leader=null, voted=s0, raftlog=s0@group-46F048A18FB7-SegmentedRaftLog:OPENED:c-1,f-1,i0, conf=-1: [s3:0.0.0.0:39188, s4:0.0.0.0:40778, s0:0.0.0.0:42012, s1:0.0.0.0:45336, s2:0.0.0.0:38783], old=null RUNNING
  s1:  RUNNING CANDIDATE s1@group-46F048A18FB7:t36, leader=null, voted=s1, raftlog=s1@group-46F048A18FB7-SegmentedRaftLog:OPENED:c-1,f-1,i0, conf=-1: [s3:0.0.0.0:39188, s4:0.0.0.0:40778, s0:0.0.0.0:42012, s1:0.0.0.0:45336, s2:0.0.0.0:38783], old=null RUNNING
  s2:  RUNNING CANDIDATE s2@group-46F048A18FB7:t36, leader=null, voted=s2, raftlog=s2@group-46F048A18FB7-SegmentedRaftLog:OPENED:c-1,f-1,i0, conf=-1: [s3:0.0.0.0:39188, s4:0.0.0.0:40778, s0:0.0.0.0:42012, s1:0.0.0.0:45336, s2:0.0.0.0:38783], old=null RUNNING
	at org.apache.ratis.MiniRaftCluster.newIllegalStateExceptionForNoLeaders(MiniRaftCluster.java:506)
	at org.apache.ratis.RaftTestUtil.lambda$waitForLeader$1(RaftTestUtil.java:90)
	at org.apache.ratis.MiniRaftCluster.getLeader(MiniRaftCluster.java:539)
	at org.apache.ratis.MiniRaftCluster.getLeader(MiniRaftCluster.java:532)
	at org.apache.ratis.RaftTestUtil.lambda$waitForLeader$3(RaftTestUtil.java:98)
	at org.apache.ratis.util.JavaUtils.attempt(JavaUtils.java:152)
	at org.apache.ratis.RaftTestUtil.waitForLeader(RaftTestUtil.java:97)
	at org.apache.ratis.RaftTestUtil.waitForLeader(RaftTestUtil.java:77)
	at org.apache.ratis.RaftTestUtil.waitForLeader(RaftTestUtil.java:72)
	at org.apache.ratis.RaftBasicTests.testWithLoad(RaftBasicTests.java:336)
	at org.apache.ratis.RaftBasicTests.lambda$testWithLoad$10(RaftBasicTests.java:328)
	at org.apache.ratis.MiniRaftCluster$Factory$Get.runWithNewCluster(MiniRaftCluster.java:125)
	at org.apache.ratis.MiniRaftCluster$Factory$Get.runWithNewCluster(MiniRaftCluster.java:113)
	at org.apache.ratis.RaftBasicTests.testWithLoad(RaftBasicTests.java:328)
	at org.apache.ratis.netty.TestRaftWithNetty.testWithLoad(TestRaftWithNetty.java:31)
	at sun.reflect.NativeMethodAccessorImpl.invoke0(Native Method)
	at sun.reflect.NativeMethodAccessorImpl.invoke(NativeMethodAccessorImpl.java:62)
	at sun.reflect.DelegatingMethodAccessorImpl.invoke(DelegatingMethodAccessorImpl.java:43)
	at java.lang.reflect.Method.invoke(Method.java:498)
	at org.junit.runners.model.FrameworkMethod$1.runReflectiveCall(FrameworkMethod.java:50)
	at org.junit.internal.runners.model.ReflectiveCallable.run(ReflectiveCallable.java:12)
	at org.junit.runners.model.FrameworkMethod.invokeExplosively(FrameworkMethod.java:47)
	at org.junit.internal.runners.statements.InvokeMethod.evaluate(InvokeMethod.java:17)
	at org.junit.internal.runners.statements.RunAfters.evaluate(RunAfters.java:27)
	at org.junit.internal.runners.statements.FailOnTimeout$CallableStatement.call(FailOnTimeout.java:298)
	at org.junit.internal.runners.statements.FailOnTimeout$CallableStatement.call(FailOnTimeout.java:292)
	at java.util.concurrent.FutureTask.run(FutureTask.java:266)
	at java.lang.Thread.run(Thread.java:748)
2019-09-24 16:43:38,871 INFO  impl.LeaderElection (LeaderElection.java:askForVotes(178)) - s2@group-46F048A18FB7-LeaderElection89: begin an election at term 36 for -1: [s3:0.0.0.0:39188, s4:0.0.0.0:40778, s0:0.0.0.0:42012, s1:0.0.0.0:45336, s2:0.0.0.0:38783], old=null
2019-09-24 16:43:38,871 INFO  impl.LeaderElection (LeaderElection.java:askForVotes(178)) - s1@group-46F048A18FB7-LeaderElection87: begin an election at term 36 for -1: [s3:0.0.0.0:39188, s4:0.0.0.0:40778, s0:0.0.0.0:42012, s1:0.0.0.0:45336, s2:0.0.0.0:38783], old=null
2019-09-24 16:43:38,871 INFO  impl.LeaderElection (LeaderElection.java:askForVotes(178)) - s4@group-46F048A18FB7-LeaderElection88: begin an election at term 36 for -1: [s3:0.0.0.0:39188, s4:0.0.0.0:40778, s0:0.0.0.0:42012, s1:0.0.0.0:45336, s2:0.0.0.0:38783], old=null
2019-09-24 16:43:38,871 INFO  impl.LeaderElection (LeaderElection.java:askForVotes(178)) - s0@group-46F048A18FB7-LeaderElection90: begin an election at term 36 for -1: [s3:0.0.0.0:39188, s4:0.0.0.0:40778, s0:0.0.0.0:42012, s1:0.0.0.0:45336, s2:0.0.0.0:38783], old=null
2019-09-24 16:43:38,871 INFO  impl.LeaderElection (LeaderElection.java:askForVotes(178)) - s3@group-46F048A18FB7-LeaderElection86: begin an election at term 36 for -1: [s3:0.0.0.0:39188, s4:0.0.0.0:40778, s0:0.0.0.0:42012, s1:0.0.0.0:45336, s2:0.0.0.0:38783], old=null
2019-09-24 16:43:38,873 DEBUG impl.RaftServerImpl (RaftServerImpl.java:requestVote(743)) - s3@group-46F048A18FB7: receive requestVote(s0, group-46F048A18FB7, 36, (t:0, i:0))
2019-09-24 16:43:38,874 DEBUG impl.RaftServerImpl (RaftServerImpl.java:requestVote(743)) - s4@group-46F048A18FB7: receive requestVote(s2, group-46F048A18FB7, 36, (t:0, i:0))
2019-09-24 16:43:38,873 DEBUG impl.RaftServerImpl (RaftServerImpl.java:requestVote(743)) - s3@group-46F048A18FB7: receive requestVote(s1, group-46F048A18FB7, 36, (t:0, i:0))
2019-09-24 16:43:38,873 DEBUG impl.RaftServerImpl (RaftServerImpl.java:requestVote(743)) - s3@group-46F048A18FB7: receive requestVote(s2, group-46F048A18FB7, 36, (t:0, i:0))
2019-09-24 16:43:38,873 DEBUG impl.RaftServerImpl (RaftServerImpl.java:requestVote(743)) - s3@group-46F048A18FB7: receive requestVote(s4, group-46F048A18FB7, 36, (t:0, i:0))
2019-09-24 16:43:38,875 DEBUG impl.RaftServerImpl (RaftServerImpl.java:requestVote(743)) - s2@group-46F048A18FB7: receive requestVote(s4, group-46F048A18FB7, 36, (t:0, i:0))
2019-09-24 16:43:38,875 DEBUG impl.RaftServerImpl (RaftServerImpl.java:requestVote(775)) - s2@group-46F048A18FB7 replies to vote request: s4<-s2#0:FAIL-t36. Peer's state: s2@group-46F048A18FB7:t36, leader=null, voted=s2, raftlog=s2@group-46F048A18FB7-SegmentedRaftLog:OPENED:c-1,f-1,i0, conf=-1: [s3:0.0.0.0:39188, s4:0.0.0.0:40778, s0:0.0.0.0:42012, s1:0.0.0.0:45336, s2:0.0.0.0:38783], old=null
2019-09-24 16:43:38,876 DEBUG impl.RaftServerImpl (RaftServerImpl.java:requestVote(743)) - s2@group-46F048A18FB7: receive requestVote(s0, group-46F048A18FB7, 36, (t:0, i:0))
2019-09-24 16:43:38,875 DEBUG impl.RaftServerImpl (RaftServerImpl.java:requestVote(743)) - s0@group-46F048A18FB7: receive requestVote(s3, group-46F048A18FB7, 36, (t:0, i:0))
2019-09-24 16:43:38,875 DEBUG impl.RaftServerImpl (RaftServerImpl.java:requestVote(743)) - s4@group-46F048A18FB7: receive requestVote(s0, group-46F048A18FB7, 36, (t:0, i:0))
2019-09-24 16:43:38,874 DEBUG impl.RaftServerImpl (RaftServerImpl.java:requestVote(743)) - s4@group-46F048A18FB7: receive requestVote(s1, group-46F048A18FB7, 36, (t:0, i:0))
2019-09-24 16:43:38,874 DEBUG impl.RaftServerImpl (RaftServerImpl.java:requestVote(775)) - s4@group-46F048A18FB7 replies to vote request: s2<-s4#0:FAIL-t36. Peer's state: s4@group-46F048A18FB7:t36, leader=null, voted=s4, raftlog=s4@group-46F048A18FB7-SegmentedRaftLog:OPENED:c-1,f-1,i0, conf=-1: [s3:0.0.0.0:39188, s4:0.0.0.0:40778, s0:0.0.0.0:42012, s1:0.0.0.0:45336, s2:0.0.0.0:38783], old=null
2019-09-24 16:43:38,874 DEBUG impl.RaftServerImpl (RaftServerImpl.java:requestVote(743)) - s1@group-46F048A18FB7: receive requestVote(s2, group-46F048A18FB7, 36, (t:0, i:0))
2019-09-24 16:43:38,874 DEBUG impl.RaftServerImpl (RaftServerImpl.java:requestVote(743)) - s0@group-46F048A18FB7: receive requestVote(s2, group-46F048A18FB7, 36, (t:0, i:0))
2019-09-24 16:43:38,874 DEBUG impl.RaftServerImpl (RaftServerImpl.java:requestVote(743)) - s1@group-46F048A18FB7: receive requestVote(s4, group-46F048A18FB7, 36, (t:0, i:0))
2019-09-24 16:43:38,874 DEBUG impl.RaftServerImpl (RaftServerImpl.java:requestVote(775)) - s3@group-46F048A18FB7 replies to vote request: s0<-s3#0:FAIL-t36. Peer's state: s3@group-46F048A18FB7:t36, leader=null, voted=s3, raftlog=s3@group-46F048A18FB7-SegmentedRaftLog:OPENED:c-1,f-1,i0, conf=-1: [s3:0.0.0.0:39188, s4:0.0.0.0:40778, s0:0.0.0.0:42012, s1:0.0.0.0:45336, s2:0.0.0.0:38783], old=null
2019-09-24 16:43:38,874 DEBUG impl.RaftServerImpl (RaftServerImpl.java:requestVote(743)) - s0@group-46F048A18FB7: receive requestVote(s4, group-46F048A18FB7, 36, (t:0, i:0))
2019-09-24 16:43:38,874 DEBUG impl.RaftServerImpl (RaftServerImpl.java:requestVote(743)) - s4@group-46F048A18FB7: receive requestVote(s3, group-46F048A18FB7, 36, (t:0, i:0))
2019-09-24 16:43:38,879 DEBUG impl.RaftServerImpl (RaftServerImpl.java:requestVote(775)) - s3@group-46F048A18FB7 replies to vote request: s4<-s3#0:FAIL-t36. Peer's state: s3@group-46F048A18FB7:t36, leader=null, voted=s3, raftlog=s3@group-46F048A18FB7-SegmentedRaftLog:OPENED:c-1,f-1,i0, conf=-1: [s3:0.0.0.0:39188, s4:0.0.0.0:40778, s0:0.0.0.0:42012, s1:0.0.0.0:45336, s2:0.0.0.0:38783], old=null
2019-09-24 16:43:38,878 DEBUG impl.RaftServerImpl (RaftServerImpl.java:requestVote(775)) - s1@group-46F048A18FB7 replies to vote request: s2<-s1#0:FAIL-t36. Peer's state: s1@group-46F048A18FB7:t36, leader=null, voted=s1, raftlog=s1@group-46F048A18FB7-SegmentedRaftLog:OPENED:c-1,f-1,i0, conf=-1: [s3:0.0.0.0:39188, s4:0.0.0.0:40778, s0:0.0.0.0:42012, s1:0.0.0.0:45336, s2:0.0.0.0:38783], old=null
2019-09-24 16:43:38,877 DEBUG impl.RaftServerImpl (RaftServerImpl.java:requestVote(775)) - s4@group-46F048A18FB7 replies to vote request: s1<-s4#0:FAIL-t36. Peer's state: s4@group-46F048A18FB7:t36, leader=null, voted=s4, raftlog=s4@group-46F048A18FB7-SegmentedRaftLog:OPENED:c-1,f-1,i0, conf=-1: [s3:0.0.0.0:39188, s4:0.0.0.0:40778, s0:0.0.0.0:42012, s1:0.0.0.0:45336, s2:0.0.0.0:38783], old=null
2019-09-24 16:43:38,876 DEBUG impl.RaftServerImpl (RaftServerImpl.java:requestVote(775)) - s0@group-46F048A18FB7 replies to vote request: s3<-s0#0:FAIL-t36. Peer's state: s0@group-46F048A18FB7:t36, leader=null, voted=s0, raftlog=s0@group-46F048A18FB7-SegmentedRaftLog:OPENED:c-1,f-1,i0, conf=-1: [s3:0.0.0.0:39188, s4:0.0.0.0:40778, s0:0.0.0.0:42012, s1:0.0.0.0:45336, s2:0.0.0.0:38783], old=null
2019-09-24 16:43:38,876 DEBUG impl.RaftServerImpl (RaftServerImpl.java:requestVote(775)) - s2@group-46F048A18FB7 replies to vote request: s0<-s2#0:FAIL-t36. Peer's state: s2@group-46F048A18FB7:t36, leader=null, voted=s2, raftlog=s2@group-46F048A18FB7-SegmentedRaftLog:OPENED:c-1,f-1,i0, conf=-1: [s3:0.0.0.0:39188, s4:0.0.0.0:40778, s0:0.0.0.0:42012, s1:0.0.0.0:45336, s2:0.0.0.0:38783], old=null
2019-09-24 16:43:38,876 DEBUG impl.RaftServerImpl (RaftServerImpl.java:requestVote(743)) - s1@group-46F048A18FB7: receive requestVote(s0, group-46F048A18FB7, 36, (t:0, i:0))
2019-09-24 16:43:38,875 DEBUG impl.RaftServerImpl (RaftServerImpl.java:requestVote(743)) - s2@group-46F048A18FB7: receive requestVote(s1, group-46F048A18FB7, 36, (t:0, i:0))
2019-09-24 16:43:38,875 DEBUG impl.RaftServerImpl (RaftServerImpl.java:requestVote(743)) - s0@group-46F048A18FB7: receive requestVote(s1, group-46F048A18FB7, 36, (t:0, i:0))
2019-09-24 16:43:38,881 DEBUG impl.RaftServerImpl (RaftServerImpl.java:requestVote(775)) - s2@group-46F048A18FB7 replies to vote request: s1<-s2#0:FAIL-t36. Peer's state: s2@group-46F048A18FB7:t36, leader=null, voted=s2, raftlog=s2@group-46F048A18FB7-SegmentedRaftLog:OPENED:c-1,f-1,i0, conf=-1: [s3:0.0.0.0:39188, s4:0.0.0.0:40778, s0:0.0.0.0:42012, s1:0.0.0.0:45336, s2:0.0.0.0:38783], old=null
2019-09-24 16:43:38,880 DEBUG impl.RaftServerImpl (RaftServerImpl.java:requestVote(775)) - s0@group-46F048A18FB7 replies to vote request: s4<-s0#0:FAIL-t36. Peer's state: s0@group-46F048A18FB7:t36, leader=null, voted=s0, raftlog=s0@group-46F048A18FB7-SegmentedRaftLog:OPENED:c-1,f-1,i0, conf=-1: [s3:0.0.0.0:39188, s4:0.0.0.0:40778, s0:0.0.0.0:42012, s1:0.0.0.0:45336, s2:0.0.0.0:38783], old=null
2019-09-24 16:43:38,880 DEBUG impl.RaftServerImpl (RaftServerImpl.java:requestVote(775)) - s4@group-46F048A18FB7 replies to vote request: s0<-s4#0:FAIL-t36. Peer's state: s4@group-46F048A18FB7:t36, leader=null, voted=s4, raftlog=s4@group-46F048A18FB7-SegmentedRaftLog:OPENED:c-1,f-1,i0, conf=-1: [s3:0.0.0.0:39188, s4:0.0.0.0:40778, s0:0.0.0.0:42012, s1:0.0.0.0:45336, s2:0.0.0.0:38783], old=null
2019-09-24 16:43:38,880 DEBUG impl.RaftServerImpl (RaftServerImpl.java:requestVote(775)) - s1@group-46F048A18FB7 replies to vote request: s4<-s1#0:FAIL-t36. Peer's state: s1@group-46F048A18FB7:t36, leader=null, voted=s1, raftlog=s1@group-46F048A18FB7-SegmentedRaftLog:OPENED:c-1,f-1,i0, conf=-1: [s3:0.0.0.0:39188, s4:0.0.0.0:40778, s0:0.0.0.0:42012, s1:0.0.0.0:45336, s2:0.0.0.0:38783], old=null
2019-09-24 16:43:38,880 DEBUG impl.RaftServerImpl (RaftServerImpl.java:requestVote(775)) - s3@group-46F048A18FB7 replies to vote request: s2<-s3#0:FAIL-t36. Peer's state: s3@group-46F048A18FB7:t36, leader=null, voted=s3, raftlog=s3@group-46F048A18FB7-SegmentedRaftLog:OPENED:c-1,f-1,i0, conf=-1: [s3:0.0.0.0:39188, s4:0.0.0.0:40778, s0:0.0.0.0:42012, s1:0.0.0.0:45336, s2:0.0.0.0:38783], old=null
2019-09-24 16:43:38,883 DEBUG impl.RaftServerImpl (RaftServerImpl.java:requestVote(775)) - s1@group-46F048A18FB7 replies to vote request: s0<-s1#0:FAIL-t36. Peer's state: s1@group-46F048A18FB7:t36, leader=null, voted=s1, raftlog=s1@group-46F048A18FB7-SegmentedRaftLog:OPENED:c-1,f-1,i0, conf=-1: [s3:0.0.0.0:39188, s4:0.0.0.0:40778, s0:0.0.0.0:42012, s1:0.0.0.0:45336, s2:0.0.0.0:38783], old=null
2019-09-24 16:43:38,883 DEBUG impl.RaftServerImpl (RaftServerImpl.java:requestVote(775)) - s4@group-46F048A18FB7 replies to vote request: s3<-s4#0:FAIL-t36. Peer's state: s4@group-46F048A18FB7:t36, leader=null, voted=s4, raftlog=s4@group-46F048A18FB7-SegmentedRaftLog:OPENED:c-1,f-1,i0, conf=-1: [s3:0.0.0.0:39188, s4:0.0.0.0:40778, s0:0.0.0.0:42012, s1:0.0.0.0:45336, s2:0.0.0.0:38783], old=null
2019-09-24 16:43:38,882 DEBUG impl.RaftServerImpl (RaftServerImpl.java:requestVote(775)) - s0@group-46F048A18FB7 replies to vote request: s2<-s0#0:FAIL-t36. Peer's state: s0@group-46F048A18FB7:t36, leader=null, voted=s0, raftlog=s0@group-46F048A18FB7-SegmentedRaftLog:OPENED:c-1,f-1,i0, conf=-1: [s3:0.0.0.0:39188, s4:0.0.0.0:40778, s0:0.0.0.0:42012, s1:0.0.0.0:45336, s2:0.0.0.0:38783], old=null
2019-09-24 16:43:38,884 INFO  impl.LeaderElection (LeaderElection.java:logAndReturn(56)) - s0@group-46F048A18FB7-LeaderElection90: Election REJECTED; received 4 response(s) [s0<-s3#0:FAIL-t36, s0<-s4#0:FAIL-t36, s0<-s1#0:FAIL-t36, s0<-s2#0:FAIL-t36] and 0 exception(s); s0@group-46F048A18FB7:t36, leader=null, voted=s0, raftlog=s0@group-46F048A18FB7-SegmentedRaftLog:OPENED:c-1,f-1,i0, conf=-1: [s3:0.0.0.0:39188, s4:0.0.0.0:40778, s0:0.0.0.0:42012, s1:0.0.0.0:45336, s2:0.0.0.0:38783], old=null
2019-09-24 16:43:38,883 INFO  impl.LeaderElection (LeaderElection.java:logAndReturn(56)) - s4@group-46F048A18FB7-LeaderElection88: Election REJECTED; received 4 response(s) [s4<-s3#0:FAIL-t36, s4<-s0#0:FAIL-t36, s4<-s1#0:FAIL-t36, s4<-s2#0:FAIL-t36] and 0 exception(s); s4@group-46F048A18FB7:t36, leader=null, voted=s4, raftlog=s4@group-46F048A18FB7-SegmentedRaftLog:OPENED:c-1,f-1,i0, conf=-1: [s3:0.0.0.0:39188, s4:0.0.0.0:40778, s0:0.0.0.0:42012, s1:0.0.0.0:45336, s2:0.0.0.0:38783], old=null
2019-09-24 16:43:38,883 DEBUG impl.RaftServerImpl (RaftServerImpl.java:requestVote(775)) - s3@group-46F048A18FB7 replies to vote request: s1<-s3#0:FAIL-t36. Peer's state: s3@group-46F048A18FB7:t36, leader=null, voted=s3, raftlog=s3@group-46F048A18FB7-SegmentedRaftLog:OPENED:c-1,f-1,i0, conf=-1: [s3:0.0.0.0:39188, s4:0.0.0.0:40778, s0:0.0.0.0:42012, s1:0.0.0.0:45336, s2:0.0.0.0:38783], old=null
2019-09-24 16:43:38,884 INFO  impl.RaftServerImpl (RaftServerImpl.java:setRole(170)) - s4@group-46F048A18FB7: changes role from CANDIDATE to FOLLOWER at term 36 for DISCOVERED_A_NEW_TERM
2019-09-24 16:43:38,884 DEBUG impl.RaftServerImpl (RaftServerImpl.java:requestVote(775)) - s0@group-46F048A18FB7 replies to vote request: s1<-s0#0:FAIL-t36. Peer's state: s0@group-46F048A18FB7:t36, leader=null, voted=s0, raftlog=s0@group-46F048A18FB7-SegmentedRaftLog:OPENED:c-1,f-1,i0, conf=-1: [s3:0.0.0.0:39188, s4:0.0.0.0:40778, s0:0.0.0.0:42012, s1:0.0.0.0:45336, s2:0.0.0.0:38783], old=null
2019-09-24 16:43:38,885 INFO  impl.RoleInfo (RoleInfo.java:shutdownLeaderElection(134)) - s4: shutdown LeaderElection
2019-09-24 16:43:38,885 INFO  impl.LeaderElection (LeaderElection.java:logAndReturn(56)) - s2@group-46F048A18FB7-LeaderElection89: Election REJECTED; received 4 response(s) [s2<-s3#0:FAIL-t36, s2<-s4#0:FAIL-t36, s2<-s0#0:FAIL-t36, s2<-s1#0:FAIL-t36] and 0 exception(s); s2@group-46F048A18FB7:t36, leader=null, voted=s2, raftlog=s2@group-46F048A18FB7-SegmentedRaftLog:OPENED:c-1,f-1,i0, conf=-1: [s3:0.0.0.0:39188, s4:0.0.0.0:40778, s0:0.0.0.0:42012, s1:0.0.0.0:45336, s2:0.0.0.0:38783], old=null
2019-09-24 16:43:38,885 INFO  impl.RoleInfo (RoleInfo.java:updateAndGet(143)) - s4: start FollowerState
2019-09-24 16:43:38,885 INFO  impl.RaftServerImpl (RaftServerImpl.java:setRole(170)) - s0@group-46F048A18FB7: changes role from CANDIDATE to FOLLOWER at term 36 for DISCOVERED_A_NEW_TERM
2019-09-24 16:43:38,886 DEBUG impl.RaftServerImpl (RaftServerImpl.java:requestVote(743)) - s1@group-46F048A18FB7: receive requestVote(s3, group-46F048A18FB7, 36, (t:0, i:0))
2019-09-24 16:43:38,886 INFO  impl.LeaderElection (LeaderElection.java:logAndReturn(56)) - s1@group-46F048A18FB7-LeaderElection87: Election REJECTED; received 4 response(s) [s1<-s3#0:FAIL-t36, s1<-s4#0:FAIL-t36, s1<-s0#0:FAIL-t36, s1<-s2#0:FAIL-t36] and 0 exception(s); s1@group-46F048A18FB7:t36, leader=null, voted=s1, raftlog=s1@group-46F048A18FB7-SegmentedRaftLog:OPENED:c-1,f-1,i0, conf=-1: [s3:0.0.0.0:39188, s4:0.0.0.0:40778, s0:0.0.0.0:42012, s1:0.0.0.0:45336, s2:0.0.0.0:38783], old=null
2019-09-24 16:43:38,886 INFO  impl.RaftServerImpl (RaftServerImpl.java:setRole(170)) - s2@group-46F048A18FB7: changes role from CANDIDATE to FOLLOWER at term 36 for DISCOVERED_A_NEW_TERM
2019-09-24 16:43:38,886 DEBUG impl.RaftServerImpl (RaftServerImpl.java:requestVote(775)) - s1@group-46F048A18FB7 replies to vote request: s3<-s1#0:FAIL-t36. Peer's state: s1@group-46F048A18FB7:t36, leader=null, voted=s1, raftlog=s1@group-46F048A18FB7-SegmentedRaftLog:OPENED:c-1,f-1,i0, conf=-1: [s3:0.0.0.0:39188, s4:0.0.0.0:40778, s0:0.0.0.0:42012, s1:0.0.0.0:45336, s2:0.0.0.0:38783], old=null
2019-09-24 16:43:38,886 INFO  impl.RoleInfo (RoleInfo.java:shutdownLeaderElection(134)) - s0: shutdown LeaderElection
2019-09-24 16:43:38,886 DEBUG impl.RaftServerImpl (RaftServerImpl.java:requestVote(743)) - s2@group-46F048A18FB7: receive requestVote(s3, group-46F048A18FB7, 36, (t:0, i:0))
2019-09-24 16:43:38,887 INFO  impl.RoleInfo (RoleInfo.java:updateAndGet(143)) - s0: start FollowerState
2019-09-24 16:43:38,887 INFO  impl.RaftServerImpl (RaftServerImpl.java:setRole(170)) - s1@group-46F048A18FB7: changes role from CANDIDATE to FOLLOWER at term 36 for DISCOVERED_A_NEW_TERM
2019-09-24 16:43:38,888 INFO  impl.RoleInfo (RoleInfo.java:shutdownLeaderElection(134)) - s1: shutdown LeaderElection
2019-09-24 16:43:38,886 INFO  impl.RoleInfo (RoleInfo.java:shutdownLeaderElection(134)) - s2: shutdown LeaderElection
2019-09-24 16:43:38,888 INFO  impl.RoleInfo (RoleInfo.java:updateAndGet(143)) - s1: start FollowerState
2019-09-24 16:43:38,888 INFO  impl.RoleInfo (RoleInfo.java:updateAndGet(143)) - s2: start FollowerState
2019-09-24 16:43:38,888 DEBUG impl.RaftServerImpl (RaftServerImpl.java:requestVote(775)) - s2@group-46F048A18FB7 replies to vote request: s3<-s2#0:FAIL-t36. Peer's state: s2@group-46F048A18FB7:t36, leader=null, voted=s2, raftlog=s2@group-46F048A18FB7-SegmentedRaftLog:OPENED:c-1,f-1,i0, conf=-1: [s3:0.0.0.0:39188, s4:0.0.0.0:40778, s0:0.0.0.0:42012, s1:0.0.0.0:45336, s2:0.0.0.0:38783], old=null
2019-09-24 16:43:38,889 INFO  impl.LeaderElection (LeaderElection.java:logAndReturn(56)) - s3@group-46F048A18FB7-LeaderElection86: Election REJECTED; received 4 response(s) [s3<-s4#0:FAIL-t36, s3<-s0#0:FAIL-t36, s3<-s1#0:FAIL-t36, s3<-s2#0:FAIL-t36] and 0 exception(s); s3@group-46F048A18FB7:t36, leader=null, voted=s3, raftlog=s3@group-46F048A18FB7-SegmentedRaftLog:OPENED:c-1,f-1,i0, conf=-1: [s3:0.0.0.0:39188, s4:0.0.0.0:40778, s0:0.0.0.0:42012, s1:0.0.0.0:45336, s2:0.0.0.0:38783], old=null
2019-09-24 16:43:38,890 INFO  impl.RaftServerImpl (RaftServerImpl.java:setRole(170)) - s3@group-46F048A18FB7: changes role from CANDIDATE to FOLLOWER at term 36 for DISCOVERED_A_NEW_TERM
2019-09-24 16:43:38,890 INFO  impl.RoleInfo (RoleInfo.java:shutdownLeaderElection(134)) - s3: shutdown LeaderElection
2019-09-24 16:43:38,890 INFO  impl.RoleInfo (RoleInfo.java:updateAndGet(143)) - s3: start FollowerState
2019-09-24 16:43:39,085 INFO  impl.FollowerState (FollowerState.java:run(108)) - s0@group-46F048A18FB7-FollowerState: change to CANDIDATE, lastRpcTime:198ms, electionTimeout:197ms
2019-09-24 16:43:39,085 INFO  impl.RoleInfo (RoleInfo.java:shutdownFollowerState(121)) - s0: shutdown FollowerState
2019-09-24 16:43:39,085 INFO  impl.RaftServerImpl (RaftServerImpl.java:setRole(170)) - s0@group-46F048A18FB7: changes role from  FOLLOWER to CANDIDATE at term 36 for changeToCandidate
2019-09-24 16:43:39,086 INFO  impl.RoleInfo (RoleInfo.java:updateAndGet(143)) - s0: start LeaderElection
2019-09-24 16:43:39,094 INFO  impl.FollowerState (FollowerState.java:run(108)) - s4@group-46F048A18FB7-FollowerState: change to CANDIDATE, lastRpcTime:208ms, electionTimeout:208ms
2019-09-24 16:43:39,095 INFO  impl.RoleInfo (RoleInfo.java:shutdownFollowerState(121)) - s4: shutdown FollowerState
2019-09-24 16:43:39,095 INFO  impl.RaftServerImpl (RaftServerImpl.java:setRole(170)) - s4@group-46F048A18FB7: changes role from  FOLLOWER to CANDIDATE at term 36 for changeToCandidate
2019-09-24 16:43:39,095 INFO  impl.RoleInfo (RoleInfo.java:updateAndGet(143)) - s4: start LeaderElection
2019-09-24 16:43:39,099 INFO  impl.FollowerState (FollowerState.java:run(108)) - s3@group-46F048A18FB7-FollowerState: change to CANDIDATE, lastRpcTime:208ms, electionTimeout:208ms
2019-09-24 16:43:39,099 INFO  impl.RoleInfo (RoleInfo.java:shutdownFollowerState(121)) - s3: shutdown FollowerState
2019-09-24 16:43:39,099 INFO  impl.RaftServerImpl (RaftServerImpl.java:setRole(170)) - s3@group-46F048A18FB7: changes role from  FOLLOWER to CANDIDATE at term 36 for changeToCandidate
2019-09-24 16:43:39,099 INFO  impl.RoleInfo (RoleInfo.java:updateAndGet(143)) - s3: start LeaderElection
2019-09-24 16:43:39,113 INFO  impl.FollowerState (FollowerState.java:run(108)) - s1@group-46F048A18FB7-FollowerState: change to CANDIDATE, lastRpcTime:224ms, electionTimeout:224ms
2019-09-24 16:43:39,113 INFO  impl.RoleInfo (RoleInfo.java:shutdownFollowerState(121)) - s1: shutdown FollowerState
2019-09-24 16:43:39,113 INFO  impl.RaftServerImpl (RaftServerImpl.java:setRole(170)) - s1@group-46F048A18FB7: changes role from  FOLLOWER to CANDIDATE at term 36 for changeToCandidate
2019-09-24 16:43:39,113 INFO  impl.RoleInfo (RoleInfo.java:updateAndGet(143)) - s1: start LeaderElection
2019-09-24 16:43:39,129 WARN  ratis.RaftTestUtil (JavaUtils.java:attempt(158)) - FAILED "waitForLeader-null-(expectLeader? true)", attempt #95/100: java.lang.IllegalStateException: No leader yet : printing ALL groups
  s3:  RUNNING CANDIDATE s3@group-46F048A18FB7:t37, leader=null, voted=s3, raftlog=s3@group-46F048A18FB7-SegmentedRaftLog:OPENED:c-1,f-1,i0, conf=-1: [s3:0.0.0.0:39188, s4:0.0.0.0:40778, s0:0.0.0.0:42012, s1:0.0.0.0:45336, s2:0.0.0.0:38783], old=null RUNNING
  s4:  RUNNING CANDIDATE s4@group-46F048A18FB7:t37, leader=null, voted=s4, raftlog=s4@group-46F048A18FB7-SegmentedRaftLog:OPENED:c-1,f-1,i0, conf=-1: [s3:0.0.0.0:39188, s4:0.0.0.0:40778, s0:0.0.0.0:42012, s1:0.0.0.0:45336, s2:0.0.0.0:38783], old=null RUNNING
  s0:  RUNNING CANDIDATE s0@group-46F048A18FB7:t37, leader=null, voted=s0, raftlog=s0@group-46F048A18FB7-SegmentedRaftLog:OPENED:c-1,f-1,i0, conf=-1: [s3:0.0.0.0:39188, s4:0.0.0.0:40778, s0:0.0.0.0:42012, s1:0.0.0.0:45336, s2:0.0.0.0:38783], old=null RUNNING
  s1:  RUNNING CANDIDATE s1@group-46F048A18FB7:t37, leader=null, voted=s1, raftlog=s1@group-46F048A18FB7-SegmentedRaftLog:OPENED:c-1,f-1,i0, conf=-1: [s3:0.0.0.0:39188, s4:0.0.0.0:40778, s0:0.0.0.0:42012, s1:0.0.0.0:45336, s2:0.0.0.0:38783], old=null RUNNING
  s2:  RUNNING  FOLLOWER s2@group-46F048A18FB7:t36, leader=null, voted=s2, raftlog=s2@group-46F048A18FB7-SegmentedRaftLog:OPENED:c-1,f-1,i0, conf=-1: [s3:0.0.0.0:39188, s4:0.0.0.0:40778, s0:0.0.0.0:42012, s1:0.0.0.0:45336, s2:0.0.0.0:38783], old=null RUNNING, sleep 450ms and then retry.
java.lang.IllegalStateException: No leader yet : printing ALL groups
  s3:  RUNNING CANDIDATE s3@group-46F048A18FB7:t37, leader=null, voted=s3, raftlog=s3@group-46F048A18FB7-SegmentedRaftLog:OPENED:c-1,f-1,i0, conf=-1: [s3:0.0.0.0:39188, s4:0.0.0.0:40778, s0:0.0.0.0:42012, s1:0.0.0.0:45336, s2:0.0.0.0:38783], old=null RUNNING
  s4:  RUNNING CANDIDATE s4@group-46F048A18FB7:t37, leader=null, voted=s4, raftlog=s4@group-46F048A18FB7-SegmentedRaftLog:OPENED:c-1,f-1,i0, conf=-1: [s3:0.0.0.0:39188, s4:0.0.0.0:40778, s0:0.0.0.0:42012, s1:0.0.0.0:45336, s2:0.0.0.0:38783], old=null RUNNING
  s0:  RUNNING CANDIDATE s0@group-46F048A18FB7:t37, leader=null, voted=s0, raftlog=s0@group-46F048A18FB7-SegmentedRaftLog:OPENED:c-1,f-1,i0, conf=-1: [s3:0.0.0.0:39188, s4:0.0.0.0:40778, s0:0.0.0.0:42012, s1:0.0.0.0:45336, s2:0.0.0.0:38783], old=null RUNNING
  s1:  RUNNING CANDIDATE s1@group-46F048A18FB7:t37, leader=null, voted=s1, raftlog=s1@group-46F048A18FB7-SegmentedRaftLog:OPENED:c-1,f-1,i0, conf=-1: [s3:0.0.0.0:39188, s4:0.0.0.0:40778, s0:0.0.0.0:42012, s1:0.0.0.0:45336, s2:0.0.0.0:38783], old=null RUNNING
  s2:  RUNNING  FOLLOWER s2@group-46F048A18FB7:t36, leader=null, voted=s2, raftlog=s2@group-46F048A18FB7-SegmentedRaftLog:OPENED:c-1,f-1,i0, conf=-1: [s3:0.0.0.0:39188, s4:0.0.0.0:40778, s0:0.0.0.0:42012, s1:0.0.0.0:45336, s2:0.0.0.0:38783], old=null RUNNING
	at org.apache.ratis.MiniRaftCluster.newIllegalStateExceptionForNoLeaders(MiniRaftCluster.java:506)
	at org.apache.ratis.RaftTestUtil.lambda$waitForLeader$1(RaftTestUtil.java:90)
	at org.apache.ratis.MiniRaftCluster.getLeader(MiniRaftCluster.java:539)
	at org.apache.ratis.MiniRaftCluster.getLeader(MiniRaftCluster.java:532)
	at org.apache.ratis.RaftTestUtil.lambda$waitForLeader$3(RaftTestUtil.java:98)
	at org.apache.ratis.util.JavaUtils.attempt(JavaUtils.java:152)
	at org.apache.ratis.RaftTestUtil.waitForLeader(RaftTestUtil.java:97)
	at org.apache.ratis.RaftTestUtil.waitForLeader(RaftTestUtil.java:77)
	at org.apache.ratis.RaftTestUtil.waitForLeader(RaftTestUtil.java:72)
	at org.apache.ratis.RaftBasicTests.testWithLoad(RaftBasicTests.java:336)
	at org.apache.ratis.RaftBasicTests.lambda$testWithLoad$10(RaftBasicTests.java:328)
	at org.apache.ratis.MiniRaftCluster$Factory$Get.runWithNewCluster(MiniRaftCluster.java:125)
	at org.apache.ratis.MiniRaftCluster$Factory$Get.runWithNewCluster(MiniRaftCluster.java:113)
	at org.apache.ratis.RaftBasicTests.testWithLoad(RaftBasicTests.java:328)
	at org.apache.ratis.netty.TestRaftWithNetty.testWithLoad(TestRaftWithNetty.java:31)
	at sun.reflect.NativeMethodAccessorImpl.invoke0(Native Method)
	at sun.reflect.NativeMethodAccessorImpl.invoke(NativeMethodAccessorImpl.java:62)
	at sun.reflect.DelegatingMethodAccessorImpl.invoke(DelegatingMethodAccessorImpl.java:43)
	at java.lang.reflect.Method.invoke(Method.java:498)
	at org.junit.runners.model.FrameworkMethod$1.runReflectiveCall(FrameworkMethod.java:50)
	at org.junit.internal.runners.model.ReflectiveCallable.run(ReflectiveCallable.java:12)
	at org.junit.runners.model.FrameworkMethod.invokeExplosively(FrameworkMethod.java:47)
	at org.junit.internal.runners.statements.InvokeMethod.evaluate(InvokeMethod.java:17)
	at org.junit.internal.runners.statements.RunAfters.evaluate(RunAfters.java:27)
	at org.junit.internal.runners.statements.FailOnTimeout$CallableStatement.call(FailOnTimeout.java:298)
	at org.junit.internal.runners.statements.FailOnTimeout$CallableStatement.call(FailOnTimeout.java:292)
	at java.util.concurrent.FutureTask.run(FutureTask.java:266)
	at java.lang.Thread.run(Thread.java:748)
2019-09-24 16:43:39,130 INFO  impl.FollowerState (FollowerState.java:run(108)) - s2@group-46F048A18FB7-FollowerState: change to CANDIDATE, lastRpcTime:241ms, electionTimeout:241ms
2019-09-24 16:43:39,130 INFO  impl.RoleInfo (RoleInfo.java:shutdownFollowerState(121)) - s2: shutdown FollowerState
2019-09-24 16:43:39,130 INFO  impl.RaftServerImpl (RaftServerImpl.java:setRole(170)) - s2@group-46F048A18FB7: changes role from  FOLLOWER to CANDIDATE at term 36 for changeToCandidate
2019-09-24 16:43:39,130 INFO  impl.RoleInfo (RoleInfo.java:updateAndGet(143)) - s2: start LeaderElection
2019-09-24 16:43:39,575 INFO  impl.LeaderElection (LeaderElection.java:askForVotes(178)) - s0@group-46F048A18FB7-LeaderElection91: begin an election at term 37 for -1: [s3:0.0.0.0:39188, s4:0.0.0.0:40778, s0:0.0.0.0:42012, s1:0.0.0.0:45336, s2:0.0.0.0:38783], old=null
2019-09-24 16:43:39,575 INFO  impl.LeaderElection (LeaderElection.java:askForVotes(178)) - s3@group-46F048A18FB7-LeaderElection93: begin an election at term 37 for -1: [s3:0.0.0.0:39188, s4:0.0.0.0:40778, s0:0.0.0.0:42012, s1:0.0.0.0:45336, s2:0.0.0.0:38783], old=null
2019-09-24 16:43:39,575 INFO  impl.LeaderElection (LeaderElection.java:askForVotes(178)) - s4@group-46F048A18FB7-LeaderElection92: begin an election at term 37 for -1: [s3:0.0.0.0:39188, s4:0.0.0.0:40778, s0:0.0.0.0:42012, s1:0.0.0.0:45336, s2:0.0.0.0:38783], old=null
2019-09-24 16:43:39,576 INFO  impl.LeaderElection (LeaderElection.java:askForVotes(178)) - s2@group-46F048A18FB7-LeaderElection95: begin an election at term 37 for -1: [s3:0.0.0.0:39188, s4:0.0.0.0:40778, s0:0.0.0.0:42012, s1:0.0.0.0:45336, s2:0.0.0.0:38783], old=null
2019-09-24 16:43:39,576 INFO  impl.LeaderElection (LeaderElection.java:askForVotes(178)) - s1@group-46F048A18FB7-LeaderElection94: begin an election at term 37 for -1: [s3:0.0.0.0:39188, s4:0.0.0.0:40778, s0:0.0.0.0:42012, s1:0.0.0.0:45336, s2:0.0.0.0:38783], old=null
2019-09-24 16:43:39,577 DEBUG impl.RaftServerImpl (RaftServerImpl.java:requestVote(743)) - s4@group-46F048A18FB7: receive requestVote(s3, group-46F048A18FB7, 37, (t:0, i:0))
2019-09-24 16:43:39,577 DEBUG impl.RaftServerImpl (RaftServerImpl.java:requestVote(743)) - s3@group-46F048A18FB7: receive requestVote(s0, group-46F048A18FB7, 37, (t:0, i:0))
2019-09-24 16:43:39,578 DEBUG impl.RaftServerImpl (RaftServerImpl.java:requestVote(743)) - s4@group-46F048A18FB7: receive requestVote(s0, group-46F048A18FB7, 37, (t:0, i:0))
2019-09-24 16:43:39,577 DEBUG impl.RaftServerImpl (RaftServerImpl.java:requestVote(743)) - s3@group-46F048A18FB7: receive requestVote(s4, group-46F048A18FB7, 37, (t:0, i:0))
2019-09-24 16:43:39,578 DEBUG impl.RaftServerImpl (RaftServerImpl.java:requestVote(743)) - s1@group-46F048A18FB7: receive requestVote(s0, group-46F048A18FB7, 37, (t:0, i:0))
2019-09-24 16:43:39,578 DEBUG impl.RaftServerImpl (RaftServerImpl.java:requestVote(743)) - s0@group-46F048A18FB7: receive requestVote(s4, group-46F048A18FB7, 37, (t:0, i:0))
2019-09-24 16:43:39,578 DEBUG impl.RaftServerImpl (RaftServerImpl.java:requestVote(775)) - s3@group-46F048A18FB7 replies to vote request: s0<-s3#0:FAIL-t37. Peer's state: s3@group-46F048A18FB7:t37, leader=null, voted=s3, raftlog=s3@group-46F048A18FB7-SegmentedRaftLog:OPENED:c-1,f-1,i0, conf=-1: [s3:0.0.0.0:39188, s4:0.0.0.0:40778, s0:0.0.0.0:42012, s1:0.0.0.0:45336, s2:0.0.0.0:38783], old=null
2019-09-24 16:43:39,578 DEBUG impl.RaftServerImpl (RaftServerImpl.java:requestVote(743)) - s3@group-46F048A18FB7: receive requestVote(s1, group-46F048A18FB7, 37, (t:0, i:0))
2019-09-24 16:43:39,578 DEBUG impl.RaftServerImpl (RaftServerImpl.java:requestVote(743)) - s1@group-46F048A18FB7: receive requestVote(s3, group-46F048A18FB7, 37, (t:0, i:0))
2019-09-24 16:43:39,578 DEBUG impl.RaftServerImpl (RaftServerImpl.java:requestVote(775)) - s4@group-46F048A18FB7 replies to vote request: s3<-s4#0:FAIL-t37. Peer's state: s4@group-46F048A18FB7:t37, leader=null, voted=s4, raftlog=s4@group-46F048A18FB7-SegmentedRaftLog:OPENED:c-1,f-1,i0, conf=-1: [s3:0.0.0.0:39188, s4:0.0.0.0:40778, s0:0.0.0.0:42012, s1:0.0.0.0:45336, s2:0.0.0.0:38783], old=null
2019-09-24 16:43:39,577 DEBUG impl.RaftServerImpl (RaftServerImpl.java:requestVote(743)) - s0@group-46F048A18FB7: receive requestVote(s3, group-46F048A18FB7, 37, (t:0, i:0))
2019-09-24 16:43:39,581 DEBUG impl.RaftServerImpl (RaftServerImpl.java:requestVote(775)) - s4@group-46F048A18FB7 replies to vote request: s0<-s4#0:FAIL-t37. Peer's state: s4@group-46F048A18FB7:t37, leader=null, voted=s4, raftlog=s4@group-46F048A18FB7-SegmentedRaftLog:OPENED:c-1,f-1,i0, conf=-1: [s3:0.0.0.0:39188, s4:0.0.0.0:40778, s0:0.0.0.0:42012, s1:0.0.0.0:45336, s2:0.0.0.0:38783], old=null
2019-09-24 16:43:39,581 DEBUG impl.RaftServerImpl (RaftServerImpl.java:requestVote(743)) - s1@group-46F048A18FB7: receive requestVote(s2, group-46F048A18FB7, 37, (t:0, i:0))
2019-09-24 16:43:39,580 WARN  ratis.RaftTestUtil (JavaUtils.java:attempt(158)) - FAILED "waitForLeader-null-(expectLeader? true)", attempt #96/100: java.lang.IllegalStateException: No leader yet : printing ALL groups
  s3:  RUNNING CANDIDATE s3@group-46F048A18FB7:t37, leader=null, voted=s3, raftlog=s3@group-46F048A18FB7-SegmentedRaftLog:OPENED:c-1,f-1,i0, conf=-1: [s3:0.0.0.0:39188, s4:0.0.0.0:40778, s0:0.0.0.0:42012, s1:0.0.0.0:45336, s2:0.0.0.0:38783], old=null RUNNING
  s4:  RUNNING CANDIDATE s4@group-46F048A18FB7:t37, leader=null, voted=s4, raftlog=s4@group-46F048A18FB7-SegmentedRaftLog:OPENED:c-1,f-1,i0, conf=-1: [s3:0.0.0.0:39188, s4:0.0.0.0:40778, s0:0.0.0.0:42012, s1:0.0.0.0:45336, s2:0.0.0.0:38783], old=null RUNNING
  s0:  RUNNING CANDIDATE s0@group-46F048A18FB7:t37, leader=null, voted=s0, raftlog=s0@group-46F048A18FB7-SegmentedRaftLog:OPENED:c-1,f-1,i0, conf=-1: [s3:0.0.0.0:39188, s4:0.0.0.0:40778, s0:0.0.0.0:42012, s1:0.0.0.0:45336, s2:0.0.0.0:38783], old=null RUNNING
  s1:  RUNNING CANDIDATE s1@group-46F048A18FB7:t37, leader=null, voted=s1, raftlog=s1@group-46F048A18FB7-SegmentedRaftLog:OPENED:c-1,f-1,i0, conf=-1: [s3:0.0.0.0:39188, s4:0.0.0.0:40778, s0:0.0.0.0:42012, s1:0.0.0.0:45336, s2:0.0.0.0:38783], old=null RUNNING
  s2:  RUNNING CANDIDATE s2@group-46F048A18FB7:t37, leader=null, voted=s2, raftlog=s2@group-46F048A18FB7-SegmentedRaftLog:OPENED:c-1,f-1,i0, conf=-1: [s3:0.0.0.0:39188, s4:0.0.0.0:40778, s0:0.0.0.0:42012, s1:0.0.0.0:45336, s2:0.0.0.0:38783], old=null RUNNING, sleep 450ms and then retry.
java.lang.IllegalStateException: No leader yet : printing ALL groups
  s3:  RUNNING CANDIDATE s3@group-46F048A18FB7:t37, leader=null, voted=s3, raftlog=s3@group-46F048A18FB7-SegmentedRaftLog:OPENED:c-1,f-1,i0, conf=-1: [s3:0.0.0.0:39188, s4:0.0.0.0:40778, s0:0.0.0.0:42012, s1:0.0.0.0:45336, s2:0.0.0.0:38783], old=null RUNNING
  s4:  RUNNING CANDIDATE s4@group-46F048A18FB7:t37, leader=null, voted=s4, raftlog=s4@group-46F048A18FB7-SegmentedRaftLog:OPENED:c-1,f-1,i0, conf=-1: [s3:0.0.0.0:39188, s4:0.0.0.0:40778, s0:0.0.0.0:42012, s1:0.0.0.0:45336, s2:0.0.0.0:38783], old=null RUNNING
  s0:  RUNNING CANDIDATE s0@group-46F048A18FB7:t37, leader=null, voted=s0, raftlog=s0@group-46F048A18FB7-SegmentedRaftLog:OPENED:c-1,f-1,i0, conf=-1: [s3:0.0.0.0:39188, s4:0.0.0.0:40778, s0:0.0.0.0:42012, s1:0.0.0.0:45336, s2:0.0.0.0:38783], old=null RUNNING
  s1:  RUNNING CANDIDATE s1@group-46F048A18FB7:t37, leader=null, voted=s1, raftlog=s1@group-46F048A18FB7-SegmentedRaftLog:OPENED:c-1,f-1,i0, conf=-1: [s3:0.0.0.0:39188, s4:0.0.0.0:40778, s0:0.0.0.0:42012, s1:0.0.0.0:45336, s2:0.0.0.0:38783], old=null RUNNING
  s2:  RUNNING CANDIDATE s2@group-46F048A18FB7:t37, leader=null, voted=s2, raftlog=s2@group-46F048A18FB7-SegmentedRaftLog:OPENED:c-1,f-1,i0, conf=-1: [s3:0.0.0.0:39188, s4:0.0.0.0:40778, s0:0.0.0.0:42012, s1:0.0.0.0:45336, s2:0.0.0.0:38783], old=null RUNNING
	at org.apache.ratis.MiniRaftCluster.newIllegalStateExceptionForNoLeaders(MiniRaftCluster.java:506)
	at org.apache.ratis.RaftTestUtil.lambda$waitForLeader$1(RaftTestUtil.java:90)
	at org.apache.ratis.MiniRaftCluster.getLeader(MiniRaftCluster.java:539)
	at org.apache.ratis.MiniRaftCluster.getLeader(MiniRaftCluster.java:532)
	at org.apache.ratis.RaftTestUtil.lambda$waitForLeader$3(RaftTestUtil.java:98)
	at org.apache.ratis.util.JavaUtils.attempt(JavaUtils.java:152)
	at org.apache.ratis.RaftTestUtil.waitForLeader(RaftTestUtil.java:97)
	at org.apache.ratis.RaftTestUtil.waitForLeader(RaftTestUtil.java:77)
	at org.apache.ratis.RaftTestUtil.waitForLeader(RaftTestUtil.java:72)
	at org.apache.ratis.RaftBasicTests.testWithLoad(RaftBasicTests.java:336)
	at org.apache.ratis.RaftBasicTests.lambda$testWithLoad$10(RaftBasicTests.java:328)
	at org.apache.ratis.MiniRaftCluster$Factory$Get.runWithNewCluster(MiniRaftCluster.java:125)
	at org.apache.ratis.MiniRaftCluster$Factory$Get.runWithNewCluster(MiniRaftCluster.java:113)
	at org.apache.ratis.RaftBasicTests.testWithLoad(RaftBasicTests.java:328)
	at org.apache.ratis.netty.TestRaftWithNetty.testWithLoad(TestRaftWithNetty.java:31)
	at sun.reflect.NativeMethodAccessorImpl.invoke0(Native Method)
	at sun.reflect.NativeMethodAccessorImpl.invoke(NativeMethodAccessorImpl.java:62)
	at sun.reflect.DelegatingMethodAccessorImpl.invoke(DelegatingMethodAccessorImpl.java:43)
	at java.lang.reflect.Method.invoke(Method.java:498)
	at org.junit.runners.model.FrameworkMethod$1.runReflectiveCall(FrameworkMethod.java:50)
	at org.junit.internal.runners.model.ReflectiveCallable.run(ReflectiveCallable.java:12)
	at org.junit.runners.model.FrameworkMethod.invokeExplosively(FrameworkMethod.java:47)
	at org.junit.internal.runners.statements.InvokeMethod.evaluate(InvokeMethod.java:17)
	at org.junit.internal.runners.statements.RunAfters.evaluate(RunAfters.java:27)
	at org.junit.internal.runners.statements.FailOnTimeout$CallableStatement.call(FailOnTimeout.java:298)
	at org.junit.internal.runners.statements.FailOnTimeout$CallableStatement.call(FailOnTimeout.java:292)
	at java.util.concurrent.FutureTask.run(FutureTask.java:266)
	at java.lang.Thread.run(Thread.java:748)
2019-09-24 16:43:39,580 DEBUG impl.RaftServerImpl (RaftServerImpl.java:requestVote(743)) - s2@group-46F048A18FB7: receive requestVote(s1, group-46F048A18FB7, 37, (t:0, i:0))
2019-09-24 16:43:39,580 DEBUG impl.RaftServerImpl (RaftServerImpl.java:requestVote(743)) - s0@group-46F048A18FB7: receive requestVote(s2, group-46F048A18FB7, 37, (t:0, i:0))
2019-09-24 16:43:39,580 DEBUG impl.RaftServerImpl (RaftServerImpl.java:requestVote(775)) - s3@group-46F048A18FB7 replies to vote request: s4<-s3#0:FAIL-t37. Peer's state: s3@group-46F048A18FB7:t37, leader=null, voted=s3, raftlog=s3@group-46F048A18FB7-SegmentedRaftLog:OPENED:c-1,f-1,i0, conf=-1: [s3:0.0.0.0:39188, s4:0.0.0.0:40778, s0:0.0.0.0:42012, s1:0.0.0.0:45336, s2:0.0.0.0:38783], old=null
2019-09-24 16:43:39,580 DEBUG impl.RaftServerImpl (RaftServerImpl.java:requestVote(743)) - s4@group-46F048A18FB7: receive requestVote(s2, group-46F048A18FB7, 37, (t:0, i:0))
2019-09-24 16:43:39,580 DEBUG impl.RaftServerImpl (RaftServerImpl.java:requestVote(743)) - s1@group-46F048A18FB7: receive requestVote(s4, group-46F048A18FB7, 37, (t:0, i:0))
2019-09-24 16:43:39,580 DEBUG impl.RaftServerImpl (RaftServerImpl.java:requestVote(775)) - s0@group-46F048A18FB7 replies to vote request: s4<-s0#0:FAIL-t37. Peer's state: s0@group-46F048A18FB7:t37, leader=null, voted=s0, raftlog=s0@group-46F048A18FB7-SegmentedRaftLog:OPENED:c-1,f-1,i0, conf=-1: [s3:0.0.0.0:39188, s4:0.0.0.0:40778, s0:0.0.0.0:42012, s1:0.0.0.0:45336, s2:0.0.0.0:38783], old=null
2019-09-24 16:43:39,579 DEBUG impl.RaftServerImpl (RaftServerImpl.java:requestVote(743)) - s2@group-46F048A18FB7: receive requestVote(s0, group-46F048A18FB7, 37, (t:0, i:0))
2019-09-24 16:43:39,579 DEBUG impl.RaftServerImpl (RaftServerImpl.java:requestVote(743)) - s0@group-46F048A18FB7: receive requestVote(s1, group-46F048A18FB7, 37, (t:0, i:0))
2019-09-24 16:43:39,579 DEBUG impl.RaftServerImpl (RaftServerImpl.java:requestVote(743)) - s2@group-46F048A18FB7: receive requestVote(s3, group-46F048A18FB7, 37, (t:0, i:0))
2019-09-24 16:43:39,579 DEBUG impl.RaftServerImpl (RaftServerImpl.java:requestVote(775)) - s1@group-46F048A18FB7 replies to vote request: s0<-s1#0:FAIL-t37. Peer's state: s1@group-46F048A18FB7:t37, leader=null, voted=s1, raftlog=s1@group-46F048A18FB7-SegmentedRaftLog:OPENED:c-1,f-1,i0, conf=-1: [s3:0.0.0.0:39188, s4:0.0.0.0:40778, s0:0.0.0.0:42012, s1:0.0.0.0:45336, s2:0.0.0.0:38783], old=null
2019-09-24 16:43:39,579 DEBUG impl.RaftServerImpl (RaftServerImpl.java:requestVote(743)) - s4@group-46F048A18FB7: receive requestVote(s1, group-46F048A18FB7, 37, (t:0, i:0))
2019-09-24 16:43:39,579 DEBUG impl.RaftServerImpl (RaftServerImpl.java:requestVote(743)) - s3@group-46F048A18FB7: receive requestVote(s2, group-46F048A18FB7, 37, (t:0, i:0))
2019-09-24 16:43:39,586 DEBUG impl.RaftServerImpl (RaftServerImpl.java:requestVote(775)) - s1@group-46F048A18FB7 replies to vote request: s4<-s1#0:FAIL-t37. Peer's state: s1@group-46F048A18FB7:t37, leader=null, voted=s1, raftlog=s1@group-46F048A18FB7-SegmentedRaftLog:OPENED:c-1,f-1,i0, conf=-1: [s3:0.0.0.0:39188, s4:0.0.0.0:40778, s0:0.0.0.0:42012, s1:0.0.0.0:45336, s2:0.0.0.0:38783], old=null
2019-09-24 16:43:39,585 DEBUG impl.RaftServerImpl (RaftServerImpl.java:requestVote(775)) - s0@group-46F048A18FB7 replies to vote request: s2<-s0#0:FAIL-t37. Peer's state: s0@group-46F048A18FB7:t37, leader=null, voted=s0, raftlog=s0@group-46F048A18FB7-SegmentedRaftLog:OPENED:c-1,f-1,i0, conf=-1: [s3:0.0.0.0:39188, s4:0.0.0.0:40778, s0:0.0.0.0:42012, s1:0.0.0.0:45336, s2:0.0.0.0:38783], old=null
2019-09-24 16:43:39,584 DEBUG impl.RaftServerImpl (RaftServerImpl.java:requestVote(775)) - s4@group-46F048A18FB7 replies to vote request: s2<-s4#0:FAIL-t37. Peer's state: s4@group-46F048A18FB7:t37, leader=null, voted=s4, raftlog=s4@group-46F048A18FB7-SegmentedRaftLog:OPENED:c-1,f-1,i0, conf=-1: [s3:0.0.0.0:39188, s4:0.0.0.0:40778, s0:0.0.0.0:42012, s1:0.0.0.0:45336, s2:0.0.0.0:38783], old=null
2019-09-24 16:43:39,584 DEBUG impl.RaftServerImpl (RaftServerImpl.java:requestVote(775)) - s3@group-46F048A18FB7 replies to vote request: s1<-s3#0:FAIL-t37. Peer's state: s3@group-46F048A18FB7:t37, leader=null, voted=s3, raftlog=s3@group-46F048A18FB7-SegmentedRaftLog:OPENED:c-1,f-1,i0, conf=-1: [s3:0.0.0.0:39188, s4:0.0.0.0:40778, s0:0.0.0.0:42012, s1:0.0.0.0:45336, s2:0.0.0.0:38783], old=null
2019-09-24 16:43:39,583 DEBUG impl.RaftServerImpl (RaftServerImpl.java:requestVote(775)) - s2@group-46F048A18FB7 replies to vote request: s1<-s2#0:FAIL-t37. Peer's state: s2@group-46F048A18FB7:t37, leader=null, voted=s2, raftlog=s2@group-46F048A18FB7-SegmentedRaftLog:OPENED:c-1,f-1,i0, conf=-1: [s3:0.0.0.0:39188, s4:0.0.0.0:40778, s0:0.0.0.0:42012, s1:0.0.0.0:45336, s2:0.0.0.0:38783], old=null
2019-09-24 16:43:39,582 DEBUG impl.RaftServerImpl (RaftServerImpl.java:requestVote(743)) - s2@group-46F048A18FB7: receive requestVote(s4, group-46F048A18FB7, 37, (t:0, i:0))
2019-09-24 16:43:39,588 DEBUG impl.RaftServerImpl (RaftServerImpl.java:requestVote(775)) - s2@group-46F048A18FB7 replies to vote request: s3<-s2#0:FAIL-t37. Peer's state: s2@group-46F048A18FB7:t37, leader=null, voted=s2, raftlog=s2@group-46F048A18FB7-SegmentedRaftLog:OPENED:c-1,f-1,i0, conf=-1: [s3:0.0.0.0:39188, s4:0.0.0.0:40778, s0:0.0.0.0:42012, s1:0.0.0.0:45336, s2:0.0.0.0:38783], old=null
2019-09-24 16:43:39,588 DEBUG impl.RaftServerImpl (RaftServerImpl.java:requestVote(775)) - s3@group-46F048A18FB7 replies to vote request: s2<-s3#0:FAIL-t37. Peer's state: s3@group-46F048A18FB7:t37, leader=null, voted=s3, raftlog=s3@group-46F048A18FB7-SegmentedRaftLog:OPENED:c-1,f-1,i0, conf=-1: [s3:0.0.0.0:39188, s4:0.0.0.0:40778, s0:0.0.0.0:42012, s1:0.0.0.0:45336, s2:0.0.0.0:38783], old=null
2019-09-24 16:43:39,587 DEBUG impl.RaftServerImpl (RaftServerImpl.java:requestVote(775)) - s4@group-46F048A18FB7 replies to vote request: s1<-s4#0:FAIL-t37. Peer's state: s4@group-46F048A18FB7:t37, leader=null, voted=s4, raftlog=s4@group-46F048A18FB7-SegmentedRaftLog:OPENED:c-1,f-1,i0, conf=-1: [s3:0.0.0.0:39188, s4:0.0.0.0:40778, s0:0.0.0.0:42012, s1:0.0.0.0:45336, s2:0.0.0.0:38783], old=null
2019-09-24 16:43:39,587 DEBUG impl.RaftServerImpl (RaftServerImpl.java:requestVote(775)) - s0@group-46F048A18FB7 replies to vote request: s3<-s0#0:FAIL-t37. Peer's state: s0@group-46F048A18FB7:t37, leader=null, voted=s0, raftlog=s0@group-46F048A18FB7-SegmentedRaftLog:OPENED:c-1,f-1,i0, conf=-1: [s3:0.0.0.0:39188, s4:0.0.0.0:40778, s0:0.0.0.0:42012, s1:0.0.0.0:45336, s2:0.0.0.0:38783], old=null
2019-09-24 16:43:39,587 DEBUG impl.RaftServerImpl (RaftServerImpl.java:requestVote(775)) - s1@group-46F048A18FB7 replies to vote request: s2<-s1#0:FAIL-t37. Peer's state: s1@group-46F048A18FB7:t37, leader=null, voted=s1, raftlog=s1@group-46F048A18FB7-SegmentedRaftLog:OPENED:c-1,f-1,i0, conf=-1: [s3:0.0.0.0:39188, s4:0.0.0.0:40778, s0:0.0.0.0:42012, s1:0.0.0.0:45336, s2:0.0.0.0:38783], old=null
2019-09-24 16:43:39,590 DEBUG impl.RaftServerImpl (RaftServerImpl.java:requestVote(775)) - s0@group-46F048A18FB7 replies to vote request: s1<-s0#0:FAIL-t37. Peer's state: s0@group-46F048A18FB7:t37, leader=null, voted=s0, raftlog=s0@group-46F048A18FB7-SegmentedRaftLog:OPENED:c-1,f-1,i0, conf=-1: [s3:0.0.0.0:39188, s4:0.0.0.0:40778, s0:0.0.0.0:42012, s1:0.0.0.0:45336, s2:0.0.0.0:38783], old=null
2019-09-24 16:43:39,589 DEBUG impl.RaftServerImpl (RaftServerImpl.java:requestVote(775)) - s2@group-46F048A18FB7 replies to vote request: s0<-s2#0:FAIL-t37. Peer's state: s2@group-46F048A18FB7:t37, leader=null, voted=s2, raftlog=s2@group-46F048A18FB7-SegmentedRaftLog:OPENED:c-1,f-1,i0, conf=-1: [s3:0.0.0.0:39188, s4:0.0.0.0:40778, s0:0.0.0.0:42012, s1:0.0.0.0:45336, s2:0.0.0.0:38783], old=null
2019-09-24 16:43:39,590 INFO  impl.LeaderElection (LeaderElection.java:logAndReturn(56)) - s2@group-46F048A18FB7-LeaderElection95: Election REJECTED; received 4 response(s) [s2<-s3#0:FAIL-t37, s2<-s4#0:FAIL-t37, s2<-s0#0:FAIL-t37, s2<-s1#0:FAIL-t37] and 0 exception(s); s2@group-46F048A18FB7:t37, leader=null, voted=s2, raftlog=s2@group-46F048A18FB7-SegmentedRaftLog:OPENED:c-1,f-1,i0, conf=-1: [s3:0.0.0.0:39188, s4:0.0.0.0:40778, s0:0.0.0.0:42012, s1:0.0.0.0:45336, s2:0.0.0.0:38783], old=null
2019-09-24 16:43:39,590 DEBUG impl.RaftServerImpl (RaftServerImpl.java:requestVote(775)) - s1@group-46F048A18FB7 replies to vote request: s3<-s1#0:FAIL-t37. Peer's state: s1@group-46F048A18FB7:t37, leader=null, voted=s1, raftlog=s1@group-46F048A18FB7-SegmentedRaftLog:OPENED:c-1,f-1,i0, conf=-1: [s3:0.0.0.0:39188, s4:0.0.0.0:40778, s0:0.0.0.0:42012, s1:0.0.0.0:45336, s2:0.0.0.0:38783], old=null
2019-09-24 16:43:39,591 INFO  impl.LeaderElection (LeaderElection.java:logAndReturn(56)) - s0@group-46F048A18FB7-LeaderElection91: Election REJECTED; received 4 response(s) [s0<-s3#0:FAIL-t37, s0<-s4#0:FAIL-t37, s0<-s1#0:FAIL-t37, s0<-s2#0:FAIL-t37] and 0 exception(s); s0@group-46F048A18FB7:t37, leader=null, voted=s0, raftlog=s0@group-46F048A18FB7-SegmentedRaftLog:OPENED:c-1,f-1,i0, conf=-1: [s3:0.0.0.0:39188, s4:0.0.0.0:40778, s0:0.0.0.0:42012, s1:0.0.0.0:45336, s2:0.0.0.0:38783], old=null
2019-09-24 16:43:39,591 INFO  impl.LeaderElection (LeaderElection.java:logAndReturn(56)) - s1@group-46F048A18FB7-LeaderElection94: Election REJECTED; received 4 response(s) [s1<-s3#0:FAIL-t37, s1<-s4#0:FAIL-t37, s1<-s0#0:FAIL-t37, s1<-s2#0:FAIL-t37] and 0 exception(s); s1@group-46F048A18FB7:t37, leader=null, voted=s1, raftlog=s1@group-46F048A18FB7-SegmentedRaftLog:OPENED:c-1,f-1,i0, conf=-1: [s3:0.0.0.0:39188, s4:0.0.0.0:40778, s0:0.0.0.0:42012, s1:0.0.0.0:45336, s2:0.0.0.0:38783], old=null
2019-09-24 16:43:39,591 DEBUG impl.RaftServerImpl (RaftServerImpl.java:requestVote(775)) - s2@group-46F048A18FB7 replies to vote request: s4<-s2#0:FAIL-t37. Peer's state: s2@group-46F048A18FB7:t37, leader=null, voted=s2, raftlog=s2@group-46F048A18FB7-SegmentedRaftLog:OPENED:c-1,f-1,i0, conf=-1: [s3:0.0.0.0:39188, s4:0.0.0.0:40778, s0:0.0.0.0:42012, s1:0.0.0.0:45336, s2:0.0.0.0:38783], old=null
2019-09-24 16:43:39,592 INFO  impl.RaftServerImpl (RaftServerImpl.java:setRole(170)) - s1@group-46F048A18FB7: changes role from CANDIDATE to FOLLOWER at term 37 for DISCOVERED_A_NEW_TERM
2019-09-24 16:43:39,592 INFO  impl.RoleInfo (RoleInfo.java:shutdownLeaderElection(134)) - s1: shutdown LeaderElection
2019-09-24 16:43:39,592 INFO  impl.LeaderElection (LeaderElection.java:logAndReturn(56)) - s3@group-46F048A18FB7-LeaderElection93: Election REJECTED; received 4 response(s) [s3<-s4#0:FAIL-t37, s3<-s0#0:FAIL-t37, s3<-s1#0:FAIL-t37, s3<-s2#0:FAIL-t37] and 0 exception(s); s3@group-46F048A18FB7:t37, leader=null, voted=s3, raftlog=s3@group-46F048A18FB7-SegmentedRaftLog:OPENED:c-1,f-1,i0, conf=-1: [s3:0.0.0.0:39188, s4:0.0.0.0:40778, s0:0.0.0.0:42012, s1:0.0.0.0:45336, s2:0.0.0.0:38783], old=null
2019-09-24 16:43:39,593 INFO  impl.LeaderElection (LeaderElection.java:logAndReturn(56)) - s4@group-46F048A18FB7-LeaderElection92: Election REJECTED; received 4 response(s) [s4<-s3#0:FAIL-t37, s4<-s0#0:FAIL-t37, s4<-s1#0:FAIL-t37, s4<-s2#0:FAIL-t37] and 0 exception(s); s4@group-46F048A18FB7:t37, leader=null, voted=s4, raftlog=s4@group-46F048A18FB7-SegmentedRaftLog:OPENED:c-1,f-1,i0, conf=-1: [s3:0.0.0.0:39188, s4:0.0.0.0:40778, s0:0.0.0.0:42012, s1:0.0.0.0:45336, s2:0.0.0.0:38783], old=null
2019-09-24 16:43:39,591 INFO  impl.RaftServerImpl (RaftServerImpl.java:setRole(170)) - s0@group-46F048A18FB7: changes role from CANDIDATE to FOLLOWER at term 37 for DISCOVERED_A_NEW_TERM
2019-09-24 16:43:39,593 INFO  impl.RaftServerImpl (RaftServerImpl.java:setRole(170)) - s4@group-46F048A18FB7: changes role from CANDIDATE to FOLLOWER at term 37 for DISCOVERED_A_NEW_TERM
2019-09-24 16:43:39,594 INFO  impl.RoleInfo (RoleInfo.java:shutdownLeaderElection(134)) - s4: shutdown LeaderElection
2019-09-24 16:43:39,593 INFO  impl.RaftServerImpl (RaftServerImpl.java:setRole(170)) - s3@group-46F048A18FB7: changes role from CANDIDATE to FOLLOWER at term 37 for DISCOVERED_A_NEW_TERM
2019-09-24 16:43:39,592 INFO  impl.RoleInfo (RoleInfo.java:updateAndGet(143)) - s1: start FollowerState
2019-09-24 16:43:39,592 INFO  impl.RaftServerImpl (RaftServerImpl.java:setRole(170)) - s2@group-46F048A18FB7: changes role from CANDIDATE to FOLLOWER at term 37 for DISCOVERED_A_NEW_TERM
2019-09-24 16:43:39,594 INFO  impl.RoleInfo (RoleInfo.java:shutdownLeaderElection(134)) - s2: shutdown LeaderElection
2019-09-24 16:43:39,594 INFO  impl.RoleInfo (RoleInfo.java:shutdownLeaderElection(134)) - s3: shutdown LeaderElection
2019-09-24 16:43:39,594 INFO  impl.RoleInfo (RoleInfo.java:updateAndGet(143)) - s4: start FollowerState
2019-09-24 16:43:39,593 INFO  impl.RoleInfo (RoleInfo.java:shutdownLeaderElection(134)) - s0: shutdown LeaderElection
2019-09-24 16:43:39,595 INFO  impl.RoleInfo (RoleInfo.java:updateAndGet(143)) - s3: start FollowerState
2019-09-24 16:43:39,594 INFO  impl.RoleInfo (RoleInfo.java:updateAndGet(143)) - s2: start FollowerState
2019-09-24 16:43:39,595 INFO  impl.RoleInfo (RoleInfo.java:updateAndGet(143)) - s0: start FollowerState
2019-09-24 16:43:39,747 INFO  impl.FollowerState (FollowerState.java:run(108)) - s1@group-46F048A18FB7-FollowerState: change to CANDIDATE, lastRpcTime:154ms, electionTimeout:152ms
2019-09-24 16:43:39,747 INFO  impl.RoleInfo (RoleInfo.java:shutdownFollowerState(121)) - s1: shutdown FollowerState
2019-09-24 16:43:39,747 INFO  impl.RaftServerImpl (RaftServerImpl.java:setRole(170)) - s1@group-46F048A18FB7: changes role from  FOLLOWER to CANDIDATE at term 37 for changeToCandidate
2019-09-24 16:43:39,747 INFO  impl.RoleInfo (RoleInfo.java:updateAndGet(143)) - s1: start LeaderElection
2019-09-24 16:43:39,750 INFO  impl.FollowerState (FollowerState.java:run(108)) - s2@group-46F048A18FB7-FollowerState: change to CANDIDATE, lastRpcTime:155ms, electionTimeout:154ms
2019-09-24 16:43:39,750 INFO  impl.RoleInfo (RoleInfo.java:shutdownFollowerState(121)) - s2: shutdown FollowerState
2019-09-24 16:43:39,750 INFO  impl.RaftServerImpl (RaftServerImpl.java:setRole(170)) - s2@group-46F048A18FB7: changes role from  FOLLOWER to CANDIDATE at term 37 for changeToCandidate
2019-09-24 16:43:39,750 INFO  impl.RoleInfo (RoleInfo.java:updateAndGet(143)) - s2: start LeaderElection
2019-09-24 16:43:39,862 INFO  impl.FollowerState (FollowerState.java:run(108)) - s4@group-46F048A18FB7-FollowerState: change to CANDIDATE, lastRpcTime:268ms, electionTimeout:267ms
2019-09-24 16:43:39,862 INFO  impl.RoleInfo (RoleInfo.java:shutdownFollowerState(121)) - s4: shutdown FollowerState
2019-09-24 16:43:39,863 INFO  impl.RaftServerImpl (RaftServerImpl.java:setRole(170)) - s4@group-46F048A18FB7: changes role from  FOLLOWER to CANDIDATE at term 37 for changeToCandidate
2019-09-24 16:43:39,863 INFO  impl.RoleInfo (RoleInfo.java:updateAndGet(143)) - s4: start LeaderElection
2019-09-24 16:43:39,878 INFO  impl.FollowerState (FollowerState.java:run(108)) - s3@group-46F048A18FB7-FollowerState: change to CANDIDATE, lastRpcTime:283ms, electionTimeout:283ms
2019-09-24 16:43:39,879 INFO  impl.RoleInfo (RoleInfo.java:shutdownFollowerState(121)) - s3: shutdown FollowerState
2019-09-24 16:43:39,879 INFO  impl.RaftServerImpl (RaftServerImpl.java:setRole(170)) - s3@group-46F048A18FB7: changes role from  FOLLOWER to CANDIDATE at term 37 for changeToCandidate
2019-09-24 16:43:39,879 INFO  impl.RoleInfo (RoleInfo.java:updateAndGet(143)) - s3: start LeaderElection
2019-09-24 16:43:39,893 INFO  impl.FollowerState (FollowerState.java:run(108)) - s0@group-46F048A18FB7-FollowerState: change to CANDIDATE, lastRpcTime:298ms, electionTimeout:297ms
2019-09-24 16:43:39,893 INFO  impl.RoleInfo (RoleInfo.java:shutdownFollowerState(121)) - s0: shutdown FollowerState
2019-09-24 16:43:39,893 INFO  impl.RaftServerImpl (RaftServerImpl.java:setRole(170)) - s0@group-46F048A18FB7: changes role from  FOLLOWER to CANDIDATE at term 37 for changeToCandidate
2019-09-24 16:43:39,893 INFO  impl.RoleInfo (RoleInfo.java:updateAndGet(143)) - s0: start LeaderElection
2019-09-24 16:43:40,010 INFO  impl.LeaderElection (LeaderElection.java:askForVotes(178)) - s0@group-46F048A18FB7-LeaderElection100: begin an election at term 38 for -1: [s3:0.0.0.0:39188, s4:0.0.0.0:40778, s0:0.0.0.0:42012, s1:0.0.0.0:45336, s2:0.0.0.0:38783], old=null
2019-09-24 16:43:40,010 INFO  impl.LeaderElection (LeaderElection.java:askForVotes(178)) - s2@group-46F048A18FB7-LeaderElection97: begin an election at term 38 for -1: [s3:0.0.0.0:39188, s4:0.0.0.0:40778, s0:0.0.0.0:42012, s1:0.0.0.0:45336, s2:0.0.0.0:38783], old=null
2019-09-24 16:43:40,010 INFO  impl.LeaderElection (LeaderElection.java:askForVotes(178)) - s1@group-46F048A18FB7-LeaderElection96: begin an election at term 38 for -1: [s3:0.0.0.0:39188, s4:0.0.0.0:40778, s0:0.0.0.0:42012, s1:0.0.0.0:45336, s2:0.0.0.0:38783], old=null
2019-09-24 16:43:40,010 INFO  impl.LeaderElection (LeaderElection.java:askForVotes(178)) - s4@group-46F048A18FB7-LeaderElection98: begin an election at term 38 for -1: [s3:0.0.0.0:39188, s4:0.0.0.0:40778, s0:0.0.0.0:42012, s1:0.0.0.0:45336, s2:0.0.0.0:38783], old=null
2019-09-24 16:43:40,010 INFO  impl.LeaderElection (LeaderElection.java:askForVotes(178)) - s3@group-46F048A18FB7-LeaderElection99: begin an election at term 38 for -1: [s3:0.0.0.0:39188, s4:0.0.0.0:40778, s0:0.0.0.0:42012, s1:0.0.0.0:45336, s2:0.0.0.0:38783], old=null
2019-09-24 16:43:40,048 DEBUG impl.RaftServerImpl (RaftServerImpl.java:requestVote(743)) - s4@group-46F048A18FB7: receive requestVote(s0, group-46F048A18FB7, 38, (t:0, i:0))
2019-09-24 16:43:40,048 DEBUG impl.RaftServerImpl (RaftServerImpl.java:requestVote(743)) - s3@group-46F048A18FB7: receive requestVote(s0, group-46F048A18FB7, 38, (t:0, i:0))
2019-09-24 16:43:40,049 DEBUG impl.RaftServerImpl (RaftServerImpl.java:requestVote(743)) - s3@group-46F048A18FB7: receive requestVote(s1, group-46F048A18FB7, 38, (t:0, i:0))
2019-09-24 16:43:40,048 DEBUG impl.RaftServerImpl (RaftServerImpl.java:requestVote(743)) - s0@group-46F048A18FB7: receive requestVote(s2, group-46F048A18FB7, 38, (t:0, i:0))
2019-09-24 16:43:40,048 DEBUG impl.RaftServerImpl (RaftServerImpl.java:requestVote(743)) - s4@group-46F048A18FB7: receive requestVote(s2, group-46F048A18FB7, 38, (t:0, i:0))
2019-09-24 16:43:40,048 DEBUG impl.RaftServerImpl (RaftServerImpl.java:requestVote(743)) - s3@group-46F048A18FB7: receive requestVote(s2, group-46F048A18FB7, 38, (t:0, i:0))
2019-09-24 16:43:40,048 DEBUG impl.RaftServerImpl (RaftServerImpl.java:requestVote(775)) - s4@group-46F048A18FB7 replies to vote request: s0<-s4#0:FAIL-t38. Peer's state: s4@group-46F048A18FB7:t38, leader=null, voted=s4, raftlog=s4@group-46F048A18FB7-SegmentedRaftLog:OPENED:c-1,f-1,i0, conf=-1: [s3:0.0.0.0:39188, s4:0.0.0.0:40778, s0:0.0.0.0:42012, s1:0.0.0.0:45336, s2:0.0.0.0:38783], old=null
2019-09-24 16:43:40,052 DEBUG impl.RaftServerImpl (RaftServerImpl.java:requestVote(743)) - s2@group-46F048A18FB7: receive requestVote(s0, group-46F048A18FB7, 38, (t:0, i:0))
2019-09-24 16:43:40,052 DEBUG impl.RaftServerImpl (RaftServerImpl.java:requestVote(743)) - s1@group-46F048A18FB7: receive requestVote(s0, group-46F048A18FB7, 38, (t:0, i:0))
2019-09-24 16:43:40,052 DEBUG impl.RaftServerImpl (RaftServerImpl.java:requestVote(743)) - s3@group-46F048A18FB7: receive requestVote(s4, group-46F048A18FB7, 38, (t:0, i:0))
2019-09-24 16:43:40,052 DEBUG impl.RaftServerImpl (RaftServerImpl.java:requestVote(743)) - s4@group-46F048A18FB7: receive requestVote(s3, group-46F048A18FB7, 38, (t:0, i:0))
2019-09-24 16:43:40,049 DEBUG impl.RaftServerImpl (RaftServerImpl.java:requestVote(775)) - s0@group-46F048A18FB7 replies to vote request: s2<-s0#0:FAIL-t38. Peer's state: s0@group-46F048A18FB7:t38, leader=null, voted=s0, raftlog=s0@group-46F048A18FB7-SegmentedRaftLog:OPENED:c-1,f-1,i0, conf=-1: [s3:0.0.0.0:39188, s4:0.0.0.0:40778, s0:0.0.0.0:42012, s1:0.0.0.0:45336, s2:0.0.0.0:38783], old=null
2019-09-24 16:43:40,049 DEBUG impl.RaftServerImpl (RaftServerImpl.java:requestVote(743)) - s2@group-46F048A18FB7: receive requestVote(s1, group-46F048A18FB7, 38, (t:0, i:0))
2019-09-24 16:43:40,049 DEBUG impl.RaftServerImpl (RaftServerImpl.java:requestVote(743)) - s0@group-46F048A18FB7: receive requestVote(s1, group-46F048A18FB7, 38, (t:0, i:0))
2019-09-24 16:43:40,049 DEBUG impl.RaftServerImpl (RaftServerImpl.java:requestVote(743)) - s4@group-46F048A18FB7: receive requestVote(s1, group-46F048A18FB7, 38, (t:0, i:0))
2019-09-24 16:43:40,049 DEBUG impl.RaftServerImpl (RaftServerImpl.java:requestVote(775)) - s3@group-46F048A18FB7 replies to vote request: s0<-s3#0:FAIL-t38. Peer's state: s3@group-46F048A18FB7:t38, leader=null, voted=s3, raftlog=s3@group-46F048A18FB7-SegmentedRaftLog:OPENED:c-1,f-1,i0, conf=-1: [s3:0.0.0.0:39188, s4:0.0.0.0:40778, s0:0.0.0.0:42012, s1:0.0.0.0:45336, s2:0.0.0.0:38783], old=null
2019-09-24 16:43:40,049 WARN  ratis.RaftTestUtil (JavaUtils.java:attempt(158)) - FAILED "waitForLeader-null-(expectLeader? true)", attempt #97/100: java.lang.IllegalStateException: No leader yet : printing ALL groups
  s3:  RUNNING CANDIDATE s3@group-46F048A18FB7:t38, leader=null, voted=s3, raftlog=s3@group-46F048A18FB7-SegmentedRaftLog:OPENED:c-1,f-1,i0, conf=-1: [s3:0.0.0.0:39188, s4:0.0.0.0:40778, s0:0.0.0.0:42012, s1:0.0.0.0:45336, s2:0.0.0.0:38783], old=null RUNNING
  s4:  RUNNING CANDIDATE s4@group-46F048A18FB7:t38, leader=null, voted=s4, raftlog=s4@group-46F048A18FB7-SegmentedRaftLog:OPENED:c-1,f-1,i0, conf=-1: [s3:0.0.0.0:39188, s4:0.0.0.0:40778, s0:0.0.0.0:42012, s1:0.0.0.0:45336, s2:0.0.0.0:38783], old=null RUNNING
  s0:  RUNNING CANDIDATE s0@group-46F048A18FB7:t38, leader=null, voted=s0, raftlog=s0@group-46F048A18FB7-SegmentedRaftLog:OPENED:c-1,f-1,i0, conf=-1: [s3:0.0.0.0:39188, s4:0.0.0.0:40778, s0:0.0.0.0:42012, s1:0.0.0.0:45336, s2:0.0.0.0:38783], old=null RUNNING
  s1:  RUNNING CANDIDATE s1@group-46F048A18FB7:t38, leader=null, voted=s1, raftlog=s1@group-46F048A18FB7-SegmentedRaftLog:OPENED:c-1,f-1,i0, conf=-1: [s3:0.0.0.0:39188, s4:0.0.0.0:40778, s0:0.0.0.0:42012, s1:0.0.0.0:45336, s2:0.0.0.0:38783], old=null RUNNING
  s2:  RUNNING CANDIDATE s2@group-46F048A18FB7:t38, leader=null, voted=s2, raftlog=s2@group-46F048A18FB7-SegmentedRaftLog:OPENED:c-1,f-1,i0, conf=-1: [s3:0.0.0.0:39188, s4:0.0.0.0:40778, s0:0.0.0.0:42012, s1:0.0.0.0:45336, s2:0.0.0.0:38783], old=null RUNNING, sleep 450ms and then retry.
java.lang.IllegalStateException: No leader yet : printing ALL groups
  s3:  RUNNING CANDIDATE s3@group-46F048A18FB7:t38, leader=null, voted=s3, raftlog=s3@group-46F048A18FB7-SegmentedRaftLog:OPENED:c-1,f-1,i0, conf=-1: [s3:0.0.0.0:39188, s4:0.0.0.0:40778, s0:0.0.0.0:42012, s1:0.0.0.0:45336, s2:0.0.0.0:38783], old=null RUNNING
  s4:  RUNNING CANDIDATE s4@group-46F048A18FB7:t38, leader=null, voted=s4, raftlog=s4@group-46F048A18FB7-SegmentedRaftLog:OPENED:c-1,f-1,i0, conf=-1: [s3:0.0.0.0:39188, s4:0.0.0.0:40778, s0:0.0.0.0:42012, s1:0.0.0.0:45336, s2:0.0.0.0:38783], old=null RUNNING
  s0:  RUNNING CANDIDATE s0@group-46F048A18FB7:t38, leader=null, voted=s0, raftlog=s0@group-46F048A18FB7-SegmentedRaftLog:OPENED:c-1,f-1,i0, conf=-1: [s3:0.0.0.0:39188, s4:0.0.0.0:40778, s0:0.0.0.0:42012, s1:0.0.0.0:45336, s2:0.0.0.0:38783], old=null RUNNING
  s1:  RUNNING CANDIDATE s1@group-46F048A18FB7:t38, leader=null, voted=s1, raftlog=s1@group-46F048A18FB7-SegmentedRaftLog:OPENED:c-1,f-1,i0, conf=-1: [s3:0.0.0.0:39188, s4:0.0.0.0:40778, s0:0.0.0.0:42012, s1:0.0.0.0:45336, s2:0.0.0.0:38783], old=null RUNNING
  s2:  RUNNING CANDIDATE s2@group-46F048A18FB7:t38, leader=null, voted=s2, raftlog=s2@group-46F048A18FB7-SegmentedRaftLog:OPENED:c-1,f-1,i0, conf=-1: [s3:0.0.0.0:39188, s4:0.0.0.0:40778, s0:0.0.0.0:42012, s1:0.0.0.0:45336, s2:0.0.0.0:38783], old=null RUNNING
	at org.apache.ratis.MiniRaftCluster.newIllegalStateExceptionForNoLeaders(MiniRaftCluster.java:506)
	at org.apache.ratis.RaftTestUtil.lambda$waitForLeader$1(RaftTestUtil.java:90)
	at org.apache.ratis.MiniRaftCluster.getLeader(MiniRaftCluster.java:539)
	at org.apache.ratis.MiniRaftCluster.getLeader(MiniRaftCluster.java:532)
	at org.apache.ratis.RaftTestUtil.lambda$waitForLeader$3(RaftTestUtil.java:98)
	at org.apache.ratis.util.JavaUtils.attempt(JavaUtils.java:152)
	at org.apache.ratis.RaftTestUtil.waitForLeader(RaftTestUtil.java:97)
	at org.apache.ratis.RaftTestUtil.waitForLeader(RaftTestUtil.java:77)
	at org.apache.ratis.RaftTestUtil.waitForLeader(RaftTestUtil.java:72)
	at org.apache.ratis.RaftBasicTests.testWithLoad(RaftBasicTests.java:336)
	at org.apache.ratis.RaftBasicTests.lambda$testWithLoad$10(RaftBasicTests.java:328)
	at org.apache.ratis.MiniRaftCluster$Factory$Get.runWithNewCluster(MiniRaftCluster.java:125)
	at org.apache.ratis.MiniRaftCluster$Factory$Get.runWithNewCluster(MiniRaftCluster.java:113)
	at org.apache.ratis.RaftBasicTests.testWithLoad(RaftBasicTests.java:328)
	at org.apache.ratis.netty.TestRaftWithNetty.testWithLoad(TestRaftWithNetty.java:31)
	at sun.reflect.NativeMethodAccessorImpl.invoke0(Native Method)
	at sun.reflect.NativeMethodAccessorImpl.invoke(NativeMethodAccessorImpl.java:62)
	at sun.reflect.DelegatingMethodAccessorImpl.invoke(DelegatingMethodAccessorImpl.java:43)
	at java.lang.reflect.Method.invoke(Method.java:498)
	at org.junit.runners.model.FrameworkMethod$1.runReflectiveCall(FrameworkMethod.java:50)
	at org.junit.internal.runners.model.ReflectiveCallable.run(ReflectiveCallable.java:12)
	at org.junit.runners.model.FrameworkMethod.invokeExplosively(FrameworkMethod.java:47)
	at org.junit.internal.runners.statements.InvokeMethod.evaluate(InvokeMethod.java:17)
	at org.junit.internal.runners.statements.RunAfters.evaluate(RunAfters.java:27)
	at org.junit.internal.runners.statements.FailOnTimeout$CallableStatement.call(FailOnTimeout.java:298)
	at org.junit.internal.runners.statements.FailOnTimeout$CallableStatement.call(FailOnTimeout.java:292)
	at java.util.concurrent.FutureTask.run(FutureTask.java:266)
	at java.lang.Thread.run(Thread.java:748)
2019-09-24 16:43:40,049 DEBUG impl.RaftServerImpl (RaftServerImpl.java:requestVote(743)) - s1@group-46F048A18FB7: receive requestVote(s2, group-46F048A18FB7, 38, (t:0, i:0))
2019-09-24 16:43:40,054 DEBUG impl.RaftServerImpl (RaftServerImpl.java:requestVote(775)) - s3@group-46F048A18FB7 replies to vote request: s4<-s3#0:FAIL-t38. Peer's state: s3@group-46F048A18FB7:t38, leader=null, voted=s3, raftlog=s3@group-46F048A18FB7-SegmentedRaftLog:OPENED:c-1,f-1,i0, conf=-1: [s3:0.0.0.0:39188, s4:0.0.0.0:40778, s0:0.0.0.0:42012, s1:0.0.0.0:45336, s2:0.0.0.0:38783], old=null
2019-09-24 16:43:40,054 DEBUG impl.RaftServerImpl (RaftServerImpl.java:requestVote(775)) - s0@group-46F048A18FB7 replies to vote request: s1<-s0#0:FAIL-t38. Peer's state: s0@group-46F048A18FB7:t38, leader=null, voted=s0, raftlog=s0@group-46F048A18FB7-SegmentedRaftLog:OPENED:c-1,f-1,i0, conf=-1: [s3:0.0.0.0:39188, s4:0.0.0.0:40778, s0:0.0.0.0:42012, s1:0.0.0.0:45336, s2:0.0.0.0:38783], old=null
2019-09-24 16:43:40,053 DEBUG impl.RaftServerImpl (RaftServerImpl.java:requestVote(775)) - s1@group-46F048A18FB7 replies to vote request: s0<-s1#0:FAIL-t38. Peer's state: s1@group-46F048A18FB7:t38, leader=null, voted=s1, raftlog=s1@group-46F048A18FB7-SegmentedRaftLog:OPENED:c-1,f-1,i0, conf=-1: [s3:0.0.0.0:39188, s4:0.0.0.0:40778, s0:0.0.0.0:42012, s1:0.0.0.0:45336, s2:0.0.0.0:38783], old=null
2019-09-24 16:43:40,052 DEBUG impl.RaftServerImpl (RaftServerImpl.java:requestVote(775)) - s2@group-46F048A18FB7 replies to vote request: s0<-s2#0:FAIL-t38. Peer's state: s2@group-46F048A18FB7:t38, leader=null, voted=s2, raftlog=s2@group-46F048A18FB7-SegmentedRaftLog:OPENED:c-1,f-1,i0, conf=-1: [s3:0.0.0.0:39188, s4:0.0.0.0:40778, s0:0.0.0.0:42012, s1:0.0.0.0:45336, s2:0.0.0.0:38783], old=null
2019-09-24 16:43:40,052 DEBUG impl.RaftServerImpl (RaftServerImpl.java:requestVote(775)) - s4@group-46F048A18FB7 replies to vote request: s2<-s4#0:FAIL-t38. Peer's state: s4@group-46F048A18FB7:t38, leader=null, voted=s4, raftlog=s4@group-46F048A18FB7-SegmentedRaftLog:OPENED:c-1,f-1,i0, conf=-1: [s3:0.0.0.0:39188, s4:0.0.0.0:40778, s0:0.0.0.0:42012, s1:0.0.0.0:45336, s2:0.0.0.0:38783], old=null
2019-09-24 16:43:40,056 DEBUG impl.RaftServerImpl (RaftServerImpl.java:requestVote(775)) - s2@group-46F048A18FB7 replies to vote request: s1<-s2#0:FAIL-t38. Peer's state: s2@group-46F048A18FB7:t38, leader=null, voted=s2, raftlog=s2@group-46F048A18FB7-SegmentedRaftLog:OPENED:c-1,f-1,i0, conf=-1: [s3:0.0.0.0:39188, s4:0.0.0.0:40778, s0:0.0.0.0:42012, s1:0.0.0.0:45336, s2:0.0.0.0:38783], old=null
2019-09-24 16:43:40,056 DEBUG impl.RaftServerImpl (RaftServerImpl.java:requestVote(775)) - s1@group-46F048A18FB7 replies to vote request: s2<-s1#0:FAIL-t38. Peer's state: s1@group-46F048A18FB7:t38, leader=null, voted=s1, raftlog=s1@group-46F048A18FB7-SegmentedRaftLog:OPENED:c-1,f-1,i0, conf=-1: [s3:0.0.0.0:39188, s4:0.0.0.0:40778, s0:0.0.0.0:42012, s1:0.0.0.0:45336, s2:0.0.0.0:38783], old=null
2019-09-24 16:43:40,056 DEBUG impl.RaftServerImpl (RaftServerImpl.java:requestVote(775)) - s3@group-46F048A18FB7 replies to vote request: s2<-s3#0:FAIL-t38. Peer's state: s3@group-46F048A18FB7:t38, leader=null, voted=s3, raftlog=s3@group-46F048A18FB7-SegmentedRaftLog:OPENED:c-1,f-1,i0, conf=-1: [s3:0.0.0.0:39188, s4:0.0.0.0:40778, s0:0.0.0.0:42012, s1:0.0.0.0:45336, s2:0.0.0.0:38783], old=null
2019-09-24 16:43:40,057 DEBUG impl.RaftServerImpl (RaftServerImpl.java:requestVote(743)) - s0@group-46F048A18FB7: receive requestVote(s4, group-46F048A18FB7, 38, (t:0, i:0))
2019-09-24 16:43:40,057 DEBUG impl.RaftServerImpl (RaftServerImpl.java:requestVote(775)) - s4@group-46F048A18FB7 replies to vote request: s1<-s4#0:FAIL-t38. Peer's state: s4@group-46F048A18FB7:t38, leader=null, voted=s4, raftlog=s4@group-46F048A18FB7-SegmentedRaftLog:OPENED:c-1,f-1,i0, conf=-1: [s3:0.0.0.0:39188, s4:0.0.0.0:40778, s0:0.0.0.0:42012, s1:0.0.0.0:45336, s2:0.0.0.0:38783], old=null
2019-09-24 16:43:40,057 INFO  impl.LeaderElection (LeaderElection.java:logAndReturn(56)) - s0@group-46F048A18FB7-LeaderElection100: Election REJECTED; received 4 response(s) [s0<-s3#0:FAIL-t38, s0<-s4#0:FAIL-t38, s0<-s1#0:FAIL-t38, s0<-s2#0:FAIL-t38] and 0 exception(s); s0@group-46F048A18FB7:t38, leader=null, voted=s0, raftlog=s0@group-46F048A18FB7-SegmentedRaftLog:OPENED:c-1,f-1,i0, conf=-1: [s3:0.0.0.0:39188, s4:0.0.0.0:40778, s0:0.0.0.0:42012, s1:0.0.0.0:45336, s2:0.0.0.0:38783], old=null
2019-09-24 16:43:40,058 DEBUG impl.RaftServerImpl (RaftServerImpl.java:requestVote(775)) - s4@group-46F048A18FB7 replies to vote request: s3<-s4#0:FAIL-t38. Peer's state: s4@group-46F048A18FB7:t38, leader=null, voted=s4, raftlog=s4@group-46F048A18FB7-SegmentedRaftLog:OPENED:c-1,f-1,i0, conf=-1: [s3:0.0.0.0:39188, s4:0.0.0.0:40778, s0:0.0.0.0:42012, s1:0.0.0.0:45336, s2:0.0.0.0:38783], old=null
2019-09-24 16:43:40,058 INFO  impl.LeaderElection (LeaderElection.java:logAndReturn(56)) - s2@group-46F048A18FB7-LeaderElection97: Election REJECTED; received 4 response(s) [s2<-s3#0:FAIL-t38, s2<-s4#0:FAIL-t38, s2<-s0#0:FAIL-t38, s2<-s1#0:FAIL-t38] and 0 exception(s); s2@group-46F048A18FB7:t38, leader=null, voted=s2, raftlog=s2@group-46F048A18FB7-SegmentedRaftLog:OPENED:c-1,f-1,i0, conf=-1: [s3:0.0.0.0:39188, s4:0.0.0.0:40778, s0:0.0.0.0:42012, s1:0.0.0.0:45336, s2:0.0.0.0:38783], old=null
2019-09-24 16:43:40,058 DEBUG impl.RaftServerImpl (RaftServerImpl.java:requestVote(775)) - s0@group-46F048A18FB7 replies to vote request: s4<-s0#0:FAIL-t38. Peer's state: s0@group-46F048A18FB7:t38, leader=null, voted=s0, raftlog=s0@group-46F048A18FB7-SegmentedRaftLog:OPENED:c-1,f-1,i0, conf=-1: [s3:0.0.0.0:39188, s4:0.0.0.0:40778, s0:0.0.0.0:42012, s1:0.0.0.0:45336, s2:0.0.0.0:38783], old=null
2019-09-24 16:43:40,057 DEBUG impl.RaftServerImpl (RaftServerImpl.java:requestVote(775)) - s3@group-46F048A18FB7 replies to vote request: s1<-s3#0:FAIL-t38. Peer's state: s3@group-46F048A18FB7:t38, leader=null, voted=s3, raftlog=s3@group-46F048A18FB7-SegmentedRaftLog:OPENED:c-1,f-1,i0, conf=-1: [s3:0.0.0.0:39188, s4:0.0.0.0:40778, s0:0.0.0.0:42012, s1:0.0.0.0:45336, s2:0.0.0.0:38783], old=null
2019-09-24 16:43:40,059 INFO  impl.RaftServerImpl (RaftServerImpl.java:setRole(170)) - s0@group-46F048A18FB7: changes role from CANDIDATE to FOLLOWER at term 38 for DISCOVERED_A_NEW_TERM
2019-09-24 16:43:40,059 INFO  impl.RaftServerImpl (RaftServerImpl.java:setRole(170)) - s2@group-46F048A18FB7: changes role from CANDIDATE to FOLLOWER at term 38 for DISCOVERED_A_NEW_TERM
2019-09-24 16:43:40,059 DEBUG impl.RaftServerImpl (RaftServerImpl.java:requestVote(743)) - s1@group-46F048A18FB7: receive requestVote(s4, group-46F048A18FB7, 38, (t:0, i:0))
2019-09-24 16:43:40,058 DEBUG impl.RaftServerImpl (RaftServerImpl.java:requestVote(743)) - s0@group-46F048A18FB7: receive requestVote(s3, group-46F048A18FB7, 38, (t:0, i:0))
2019-09-24 16:43:40,060 DEBUG impl.RaftServerImpl (RaftServerImpl.java:requestVote(775)) - s1@group-46F048A18FB7 replies to vote request: s4<-s1#0:FAIL-t38. Peer's state: s1@group-46F048A18FB7:t38, leader=null, voted=s1, raftlog=s1@group-46F048A18FB7-SegmentedRaftLog:OPENED:c-1,f-1,i0, conf=-1: [s3:0.0.0.0:39188, s4:0.0.0.0:40778, s0:0.0.0.0:42012, s1:0.0.0.0:45336, s2:0.0.0.0:38783], old=null
2019-09-24 16:43:40,060 DEBUG impl.RaftServerImpl (RaftServerImpl.java:requestVote(743)) - s2@group-46F048A18FB7: receive requestVote(s4, group-46F048A18FB7, 38, (t:0, i:0))
2019-09-24 16:43:40,059 INFO  impl.LeaderElection (LeaderElection.java:logAndReturn(56)) - s1@group-46F048A18FB7-LeaderElection96: Election REJECTED; received 4 response(s) [s1<-s3#0:FAIL-t38, s1<-s4#0:FAIL-t38, s1<-s0#0:FAIL-t38, s1<-s2#0:FAIL-t38] and 0 exception(s); s1@group-46F048A18FB7:t38, leader=null, voted=s1, raftlog=s1@group-46F048A18FB7-SegmentedRaftLog:OPENED:c-1,f-1,i0, conf=-1: [s3:0.0.0.0:39188, s4:0.0.0.0:40778, s0:0.0.0.0:42012, s1:0.0.0.0:45336, s2:0.0.0.0:38783], old=null
2019-09-24 16:43:40,059 INFO  impl.RoleInfo (RoleInfo.java:shutdownLeaderElection(134)) - s2: shutdown LeaderElection
2019-09-24 16:43:40,059 INFO  impl.RoleInfo (RoleInfo.java:shutdownLeaderElection(134)) - s0: shutdown LeaderElection
2019-09-24 16:43:40,061 INFO  impl.RoleInfo (RoleInfo.java:updateAndGet(143)) - s2: start FollowerState
2019-09-24 16:43:40,060 INFO  impl.RaftServerImpl (RaftServerImpl.java:setRole(170)) - s1@group-46F048A18FB7: changes role from CANDIDATE to FOLLOWER at term 38 for DISCOVERED_A_NEW_TERM
2019-09-24 16:43:40,061 INFO  impl.RoleInfo (RoleInfo.java:shutdownLeaderElection(134)) - s1: shutdown LeaderElection
2019-09-24 16:43:40,060 DEBUG impl.RaftServerImpl (RaftServerImpl.java:requestVote(743)) - s2@group-46F048A18FB7: receive requestVote(s3, group-46F048A18FB7, 38, (t:0, i:0))
2019-09-24 16:43:40,060 DEBUG impl.RaftServerImpl (RaftServerImpl.java:requestVote(743)) - s1@group-46F048A18FB7: receive requestVote(s3, group-46F048A18FB7, 38, (t:0, i:0))
2019-09-24 16:43:40,061 INFO  impl.RoleInfo (RoleInfo.java:updateAndGet(143)) - s1: start FollowerState
2019-09-24 16:43:40,061 DEBUG impl.RaftServerImpl (RaftServerImpl.java:requestVote(775)) - s2@group-46F048A18FB7 replies to vote request: s4<-s2#0:FAIL-t38. Peer's state: s2@group-46F048A18FB7:t38, leader=null, voted=s2, raftlog=s2@group-46F048A18FB7-SegmentedRaftLog:OPENED:c-1,f-1,i0, conf=-1: [s3:0.0.0.0:39188, s4:0.0.0.0:40778, s0:0.0.0.0:42012, s1:0.0.0.0:45336, s2:0.0.0.0:38783], old=null
2019-09-24 16:43:40,061 INFO  impl.RoleInfo (RoleInfo.java:updateAndGet(143)) - s0: start FollowerState
2019-09-24 16:43:40,062 DEBUG impl.RaftServerImpl (RaftServerImpl.java:requestVote(775)) - s2@group-46F048A18FB7 replies to vote request: s3<-s2#0:FAIL-t38. Peer's state: s2@group-46F048A18FB7:t38, leader=null, voted=s2, raftlog=s2@group-46F048A18FB7-SegmentedRaftLog:OPENED:c-1,f-1,i0, conf=-1: [s3:0.0.0.0:39188, s4:0.0.0.0:40778, s0:0.0.0.0:42012, s1:0.0.0.0:45336, s2:0.0.0.0:38783], old=null
2019-09-24 16:43:40,062 DEBUG impl.RaftServerImpl (RaftServerImpl.java:requestVote(775)) - s1@group-46F048A18FB7 replies to vote request: s3<-s1#0:FAIL-t38. Peer's state: s1@group-46F048A18FB7:t38, leader=null, voted=s1, raftlog=s1@group-46F048A18FB7-SegmentedRaftLog:OPENED:c-1,f-1,i0, conf=-1: [s3:0.0.0.0:39188, s4:0.0.0.0:40778, s0:0.0.0.0:42012, s1:0.0.0.0:45336, s2:0.0.0.0:38783], old=null
2019-09-24 16:43:40,062 INFO  impl.LeaderElection (LeaderElection.java:logAndReturn(56)) - s4@group-46F048A18FB7-LeaderElection98: Election REJECTED; received 4 response(s) [s4<-s3#0:FAIL-t38, s4<-s0#0:FAIL-t38, s4<-s1#0:FAIL-t38, s4<-s2#0:FAIL-t38] and 0 exception(s); s4@group-46F048A18FB7:t38, leader=null, voted=s4, raftlog=s4@group-46F048A18FB7-SegmentedRaftLog:OPENED:c-1,f-1,i0, conf=-1: [s3:0.0.0.0:39188, s4:0.0.0.0:40778, s0:0.0.0.0:42012, s1:0.0.0.0:45336, s2:0.0.0.0:38783], old=null
2019-09-24 16:43:40,062 DEBUG impl.RaftServerImpl (RaftServerImpl.java:requestVote(775)) - s0@group-46F048A18FB7 replies to vote request: s3<-s0#0:FAIL-t38. Peer's state: s0@group-46F048A18FB7:t38, leader=null, voted=s0, raftlog=s0@group-46F048A18FB7-SegmentedRaftLog:OPENED:c-1,f-1,i0, conf=-1: [s3:0.0.0.0:39188, s4:0.0.0.0:40778, s0:0.0.0.0:42012, s1:0.0.0.0:45336, s2:0.0.0.0:38783], old=null
2019-09-24 16:43:40,063 INFO  impl.RaftServerImpl (RaftServerImpl.java:setRole(170)) - s4@group-46F048A18FB7: changes role from CANDIDATE to FOLLOWER at term 38 for DISCOVERED_A_NEW_TERM
2019-09-24 16:43:40,063 INFO  impl.RoleInfo (RoleInfo.java:shutdownLeaderElection(134)) - s4: shutdown LeaderElection
2019-09-24 16:43:40,063 INFO  impl.RoleInfo (RoleInfo.java:updateAndGet(143)) - s4: start FollowerState
2019-09-24 16:43:40,063 INFO  impl.LeaderElection (LeaderElection.java:logAndReturn(56)) - s3@group-46F048A18FB7-LeaderElection99: Election REJECTED; received 4 response(s) [s3<-s4#0:FAIL-t38, s3<-s0#0:FAIL-t38, s3<-s1#0:FAIL-t38, s3<-s2#0:FAIL-t38] and 0 exception(s); s3@group-46F048A18FB7:t38, leader=null, voted=s3, raftlog=s3@group-46F048A18FB7-SegmentedRaftLog:OPENED:c-1,f-1,i0, conf=-1: [s3:0.0.0.0:39188, s4:0.0.0.0:40778, s0:0.0.0.0:42012, s1:0.0.0.0:45336, s2:0.0.0.0:38783], old=null
2019-09-24 16:43:40,063 INFO  impl.RaftServerImpl (RaftServerImpl.java:setRole(170)) - s3@group-46F048A18FB7: changes role from CANDIDATE to FOLLOWER at term 38 for DISCOVERED_A_NEW_TERM
2019-09-24 16:43:40,063 INFO  impl.RoleInfo (RoleInfo.java:shutdownLeaderElection(134)) - s3: shutdown LeaderElection
2019-09-24 16:43:40,064 INFO  impl.RoleInfo (RoleInfo.java:updateAndGet(143)) - s3: start FollowerState
2019-09-24 16:43:40,258 INFO  impl.FollowerState (FollowerState.java:run(108)) - s4@group-46F048A18FB7-FollowerState: change to CANDIDATE, lastRpcTime:194ms, electionTimeout:194ms
2019-09-24 16:43:40,258 INFO  impl.RoleInfo (RoleInfo.java:shutdownFollowerState(121)) - s4: shutdown FollowerState
2019-09-24 16:43:40,258 INFO  impl.RaftServerImpl (RaftServerImpl.java:setRole(170)) - s4@group-46F048A18FB7: changes role from  FOLLOWER to CANDIDATE at term 38 for changeToCandidate
2019-09-24 16:43:40,258 INFO  impl.RoleInfo (RoleInfo.java:updateAndGet(143)) - s4: start LeaderElection
2019-09-24 16:43:40,280 INFO  impl.FollowerState (FollowerState.java:run(108)) - s2@group-46F048A18FB7-FollowerState: change to CANDIDATE, lastRpcTime:219ms, electionTimeout:219ms
2019-09-24 16:43:40,280 INFO  impl.RoleInfo (RoleInfo.java:shutdownFollowerState(121)) - s2: shutdown FollowerState
2019-09-24 16:43:40,281 INFO  impl.RaftServerImpl (RaftServerImpl.java:setRole(170)) - s2@group-46F048A18FB7: changes role from  FOLLOWER to CANDIDATE at term 38 for changeToCandidate
2019-09-24 16:43:40,281 INFO  impl.RoleInfo (RoleInfo.java:updateAndGet(143)) - s2: start LeaderElection
2019-09-24 16:43:40,285 INFO  impl.FollowerState (FollowerState.java:run(108)) - s0@group-46F048A18FB7-FollowerState: change to CANDIDATE, lastRpcTime:224ms, electionTimeout:223ms
2019-09-24 16:43:40,286 INFO  impl.RoleInfo (RoleInfo.java:shutdownFollowerState(121)) - s0: shutdown FollowerState
2019-09-24 16:43:40,286 INFO  impl.RaftServerImpl (RaftServerImpl.java:setRole(170)) - s0@group-46F048A18FB7: changes role from  FOLLOWER to CANDIDATE at term 38 for changeToCandidate
2019-09-24 16:43:40,286 INFO  impl.RoleInfo (RoleInfo.java:updateAndGet(143)) - s0: start LeaderElection
2019-09-24 16:43:40,313 INFO  impl.FollowerState (FollowerState.java:run(108)) - s1@group-46F048A18FB7-FollowerState: change to CANDIDATE, lastRpcTime:251ms, electionTimeout:251ms
2019-09-24 16:43:40,313 INFO  impl.RoleInfo (RoleInfo.java:shutdownFollowerState(121)) - s1: shutdown FollowerState
2019-09-24 16:43:40,313 INFO  impl.RaftServerImpl (RaftServerImpl.java:setRole(170)) - s1@group-46F048A18FB7: changes role from  FOLLOWER to CANDIDATE at term 38 for changeToCandidate
2019-09-24 16:43:40,313 INFO  impl.RoleInfo (RoleInfo.java:updateAndGet(143)) - s1: start LeaderElection
2019-09-24 16:43:40,357 INFO  impl.FollowerState (FollowerState.java:run(108)) - s3@group-46F048A18FB7-FollowerState: change to CANDIDATE, lastRpcTime:293ms, electionTimeout:293ms
2019-09-24 16:43:40,357 INFO  impl.RoleInfo (RoleInfo.java:shutdownFollowerState(121)) - s3: shutdown FollowerState
2019-09-24 16:43:40,357 INFO  impl.RaftServerImpl (RaftServerImpl.java:setRole(170)) - s3@group-46F048A18FB7: changes role from  FOLLOWER to CANDIDATE at term 38 for changeToCandidate
2019-09-24 16:43:40,357 INFO  impl.RoleInfo (RoleInfo.java:updateAndGet(143)) - s3: start LeaderElection
2019-09-24 16:43:40,506 WARN  ratis.RaftTestUtil (JavaUtils.java:attempt(158)) - FAILED "waitForLeader-null-(expectLeader? true)", attempt #98/100: java.lang.IllegalStateException: No leader yet : printing ALL groups
  s3:  RUNNING CANDIDATE s3@group-46F048A18FB7:t39, leader=null, voted=s3, raftlog=s3@group-46F048A18FB7-SegmentedRaftLog:OPENED:c-1,f-1,i0, conf=-1: [s3:0.0.0.0:39188, s4:0.0.0.0:40778, s0:0.0.0.0:42012, s1:0.0.0.0:45336, s2:0.0.0.0:38783], old=null RUNNING
  s4:  RUNNING CANDIDATE s4@group-46F048A18FB7:t39, leader=null, voted=s4, raftlog=s4@group-46F048A18FB7-SegmentedRaftLog:OPENED:c-1,f-1,i0, conf=-1: [s3:0.0.0.0:39188, s4:0.0.0.0:40778, s0:0.0.0.0:42012, s1:0.0.0.0:45336, s2:0.0.0.0:38783], old=null RUNNING
  s0:  RUNNING CANDIDATE s0@group-46F048A18FB7:t39, leader=null, voted=s0, raftlog=s0@group-46F048A18FB7-SegmentedRaftLog:OPENED:c-1,f-1,i0, conf=-1: [s3:0.0.0.0:39188, s4:0.0.0.0:40778, s0:0.0.0.0:42012, s1:0.0.0.0:45336, s2:0.0.0.0:38783], old=null RUNNING
  s1:  RUNNING CANDIDATE s1@group-46F048A18FB7:t39, leader=null, voted=s1, raftlog=s1@group-46F048A18FB7-SegmentedRaftLog:OPENED:c-1,f-1,i0, conf=-1: [s3:0.0.0.0:39188, s4:0.0.0.0:40778, s0:0.0.0.0:42012, s1:0.0.0.0:45336, s2:0.0.0.0:38783], old=null RUNNING
  s2:  RUNNING CANDIDATE s2@group-46F048A18FB7:t39, leader=null, voted=s2, raftlog=s2@group-46F048A18FB7-SegmentedRaftLog:OPENED:c-1,f-1,i0, conf=-1: [s3:0.0.0.0:39188, s4:0.0.0.0:40778, s0:0.0.0.0:42012, s1:0.0.0.0:45336, s2:0.0.0.0:38783], old=null RUNNING, sleep 450ms and then retry.
java.lang.IllegalStateException: No leader yet : printing ALL groups
  s3:  RUNNING CANDIDATE s3@group-46F048A18FB7:t39, leader=null, voted=s3, raftlog=s3@group-46F048A18FB7-SegmentedRaftLog:OPENED:c-1,f-1,i0, conf=-1: [s3:0.0.0.0:39188, s4:0.0.0.0:40778, s0:0.0.0.0:42012, s1:0.0.0.0:45336, s2:0.0.0.0:38783], old=null RUNNING
  s4:  RUNNING CANDIDATE s4@group-46F048A18FB7:t39, leader=null, voted=s4, raftlog=s4@group-46F048A18FB7-SegmentedRaftLog:OPENED:c-1,f-1,i0, conf=-1: [s3:0.0.0.0:39188, s4:0.0.0.0:40778, s0:0.0.0.0:42012, s1:0.0.0.0:45336, s2:0.0.0.0:38783], old=null RUNNING
  s0:  RUNNING CANDIDATE s0@group-46F048A18FB7:t39, leader=null, voted=s0, raftlog=s0@group-46F048A18FB7-SegmentedRaftLog:OPENED:c-1,f-1,i0, conf=-1: [s3:0.0.0.0:39188, s4:0.0.0.0:40778, s0:0.0.0.0:42012, s1:0.0.0.0:45336, s2:0.0.0.0:38783], old=null RUNNING
  s1:  RUNNING CANDIDATE s1@group-46F048A18FB7:t39, leader=null, voted=s1, raftlog=s1@group-46F048A18FB7-SegmentedRaftLog:OPENED:c-1,f-1,i0, conf=-1: [s3:0.0.0.0:39188, s4:0.0.0.0:40778, s0:0.0.0.0:42012, s1:0.0.0.0:45336, s2:0.0.0.0:38783], old=null RUNNING
  s2:  RUNNING CANDIDATE s2@group-46F048A18FB7:t39, leader=null, voted=s2, raftlog=s2@group-46F048A18FB7-SegmentedRaftLog:OPENED:c-1,f-1,i0, conf=-1: [s3:0.0.0.0:39188, s4:0.0.0.0:40778, s0:0.0.0.0:42012, s1:0.0.0.0:45336, s2:0.0.0.0:38783], old=null RUNNING
	at org.apache.ratis.MiniRaftCluster.newIllegalStateExceptionForNoLeaders(MiniRaftCluster.java:506)
	at org.apache.ratis.RaftTestUtil.lambda$waitForLeader$1(RaftTestUtil.java:90)
	at org.apache.ratis.MiniRaftCluster.getLeader(MiniRaftCluster.java:539)
	at org.apache.ratis.MiniRaftCluster.getLeader(MiniRaftCluster.java:532)
	at org.apache.ratis.RaftTestUtil.lambda$waitForLeader$3(RaftTestUtil.java:98)
	at org.apache.ratis.util.JavaUtils.attempt(JavaUtils.java:152)
	at org.apache.ratis.RaftTestUtil.waitForLeader(RaftTestUtil.java:97)
	at org.apache.ratis.RaftTestUtil.waitForLeader(RaftTestUtil.java:77)
	at org.apache.ratis.RaftTestUtil.waitForLeader(RaftTestUtil.java:72)
	at org.apache.ratis.RaftBasicTests.testWithLoad(RaftBasicTests.java:336)
	at org.apache.ratis.RaftBasicTests.lambda$testWithLoad$10(RaftBasicTests.java:328)
	at org.apache.ratis.MiniRaftCluster$Factory$Get.runWithNewCluster(MiniRaftCluster.java:125)
	at org.apache.ratis.MiniRaftCluster$Factory$Get.runWithNewCluster(MiniRaftCluster.java:113)
	at org.apache.ratis.RaftBasicTests.testWithLoad(RaftBasicTests.java:328)
	at org.apache.ratis.netty.TestRaftWithNetty.testWithLoad(TestRaftWithNetty.java:31)
	at sun.reflect.NativeMethodAccessorImpl.invoke0(Native Method)
	at sun.reflect.NativeMethodAccessorImpl.invoke(NativeMethodAccessorImpl.java:62)
	at sun.reflect.DelegatingMethodAccessorImpl.invoke(DelegatingMethodAccessorImpl.java:43)
	at java.lang.reflect.Method.invoke(Method.java:498)
	at org.junit.runners.model.FrameworkMethod$1.runReflectiveCall(FrameworkMethod.java:50)
	at org.junit.internal.runners.model.ReflectiveCallable.run(ReflectiveCallable.java:12)
	at org.junit.runners.model.FrameworkMethod.invokeExplosively(FrameworkMethod.java:47)
	at org.junit.internal.runners.statements.InvokeMethod.evaluate(InvokeMethod.java:17)
	at org.junit.internal.runners.statements.RunAfters.evaluate(RunAfters.java:27)
	at org.junit.internal.runners.statements.FailOnTimeout$CallableStatement.call(FailOnTimeout.java:298)
	at org.junit.internal.runners.statements.FailOnTimeout$CallableStatement.call(FailOnTimeout.java:292)
	at java.util.concurrent.FutureTask.run(FutureTask.java:266)
	at java.lang.Thread.run(Thread.java:748)
2019-09-24 16:43:40,516 INFO  impl.LeaderElection (LeaderElection.java:askForVotes(178)) - s0@group-46F048A18FB7-LeaderElection103: begin an election at term 39 for -1: [s3:0.0.0.0:39188, s4:0.0.0.0:40778, s0:0.0.0.0:42012, s1:0.0.0.0:45336, s2:0.0.0.0:38783], old=null
2019-09-24 16:43:40,516 INFO  impl.LeaderElection (LeaderElection.java:askForVotes(178)) - s2@group-46F048A18FB7-LeaderElection102: begin an election at term 39 for -1: [s3:0.0.0.0:39188, s4:0.0.0.0:40778, s0:0.0.0.0:42012, s1:0.0.0.0:45336, s2:0.0.0.0:38783], old=null
2019-09-24 16:43:40,516 INFO  impl.LeaderElection (LeaderElection.java:askForVotes(178)) - s4@group-46F048A18FB7-LeaderElection101: begin an election at term 39 for -1: [s3:0.0.0.0:39188, s4:0.0.0.0:40778, s0:0.0.0.0:42012, s1:0.0.0.0:45336, s2:0.0.0.0:38783], old=null
2019-09-24 16:43:40,517 INFO  impl.LeaderElection (LeaderElection.java:askForVotes(178)) - s1@group-46F048A18FB7-LeaderElection104: begin an election at term 39 for -1: [s3:0.0.0.0:39188, s4:0.0.0.0:40778, s0:0.0.0.0:42012, s1:0.0.0.0:45336, s2:0.0.0.0:38783], old=null
2019-09-24 16:43:40,517 INFO  impl.LeaderElection (LeaderElection.java:askForVotes(178)) - s3@group-46F048A18FB7-LeaderElection105: begin an election at term 39 for -1: [s3:0.0.0.0:39188, s4:0.0.0.0:40778, s0:0.0.0.0:42012, s1:0.0.0.0:45336, s2:0.0.0.0:38783], old=null
2019-09-24 16:43:40,518 DEBUG impl.RaftServerImpl (RaftServerImpl.java:requestVote(743)) - s4@group-46F048A18FB7: receive requestVote(s0, group-46F048A18FB7, 39, (t:0, i:0))
2019-09-24 16:43:40,518 DEBUG impl.RaftServerImpl (RaftServerImpl.java:requestVote(743)) - s1@group-46F048A18FB7: receive requestVote(s0, group-46F048A18FB7, 39, (t:0, i:0))
2019-09-24 16:43:40,518 DEBUG impl.RaftServerImpl (RaftServerImpl.java:requestVote(743)) - s0@group-46F048A18FB7: receive requestVote(s4, group-46F048A18FB7, 39, (t:0, i:0))
2019-09-24 16:43:40,518 DEBUG impl.RaftServerImpl (RaftServerImpl.java:requestVote(743)) - s3@group-46F048A18FB7: receive requestVote(s4, group-46F048A18FB7, 39, (t:0, i:0))
2019-09-24 16:43:40,518 DEBUG impl.RaftServerImpl (RaftServerImpl.java:requestVote(743)) - s3@group-46F048A18FB7: receive requestVote(s2, group-46F048A18FB7, 39, (t:0, i:0))
2019-09-24 16:43:40,520 DEBUG impl.RaftServerImpl (RaftServerImpl.java:requestVote(743)) - s0@group-46F048A18FB7: receive requestVote(s1, group-46F048A18FB7, 39, (t:0, i:0))
2019-09-24 16:43:40,518 DEBUG impl.RaftServerImpl (RaftServerImpl.java:requestVote(743)) - s3@group-46F048A18FB7: receive requestVote(s0, group-46F048A18FB7, 39, (t:0, i:0))
2019-09-24 16:43:40,518 DEBUG impl.RaftServerImpl (RaftServerImpl.java:requestVote(743)) - s4@group-46F048A18FB7: receive requestVote(s2, group-46F048A18FB7, 39, (t:0, i:0))
2019-09-24 16:43:40,521 DEBUG impl.RaftServerImpl (RaftServerImpl.java:requestVote(743)) - s0@group-46F048A18FB7: receive requestVote(s3, group-46F048A18FB7, 39, (t:0, i:0))
2019-09-24 16:43:40,520 DEBUG impl.RaftServerImpl (RaftServerImpl.java:requestVote(743)) - s2@group-46F048A18FB7: receive requestVote(s1, group-46F048A18FB7, 39, (t:0, i:0))
2019-09-24 16:43:40,520 DEBUG impl.RaftServerImpl (RaftServerImpl.java:requestVote(743)) - s4@group-46F048A18FB7: receive requestVote(s3, group-46F048A18FB7, 39, (t:0, i:0))
2019-09-24 16:43:40,520 DEBUG impl.RaftServerImpl (RaftServerImpl.java:requestVote(743)) - s2@group-46F048A18FB7: receive requestVote(s0, group-46F048A18FB7, 39, (t:0, i:0))
2019-09-24 16:43:40,520 DEBUG impl.RaftServerImpl (RaftServerImpl.java:requestVote(743)) - s1@group-46F048A18FB7: receive requestVote(s2, group-46F048A18FB7, 39, (t:0, i:0))
2019-09-24 16:43:40,520 DEBUG impl.RaftServerImpl (RaftServerImpl.java:requestVote(743)) - s1@group-46F048A18FB7: receive requestVote(s4, group-46F048A18FB7, 39, (t:0, i:0))
2019-09-24 16:43:40,520 DEBUG impl.RaftServerImpl (RaftServerImpl.java:requestVote(775)) - s3@group-46F048A18FB7 replies to vote request: s4<-s3#0:FAIL-t39. Peer's state: s3@group-46F048A18FB7:t39, leader=null, voted=s3, raftlog=s3@group-46F048A18FB7-SegmentedRaftLog:OPENED:c-1,f-1,i0, conf=-1: [s3:0.0.0.0:39188, s4:0.0.0.0:40778, s0:0.0.0.0:42012, s1:0.0.0.0:45336, s2:0.0.0.0:38783], old=null
2019-09-24 16:43:40,519 DEBUG impl.RaftServerImpl (RaftServerImpl.java:requestVote(775)) - s0@group-46F048A18FB7 replies to vote request: s4<-s0#0:FAIL-t39. Peer's state: s0@group-46F048A18FB7:t39, leader=null, voted=s0, raftlog=s0@group-46F048A18FB7-SegmentedRaftLog:OPENED:c-1,f-1,i0, conf=-1: [s3:0.0.0.0:39188, s4:0.0.0.0:40778, s0:0.0.0.0:42012, s1:0.0.0.0:45336, s2:0.0.0.0:38783], old=null
2019-09-24 16:43:40,519 DEBUG impl.RaftServerImpl (RaftServerImpl.java:requestVote(743)) - s4@group-46F048A18FB7: receive requestVote(s1, group-46F048A18FB7, 39, (t:0, i:0))
2019-09-24 16:43:40,519 DEBUG impl.RaftServerImpl (RaftServerImpl.java:requestVote(775)) - s1@group-46F048A18FB7 replies to vote request: s0<-s1#0:FAIL-t39. Peer's state: s1@group-46F048A18FB7:t39, leader=null, voted=s1, raftlog=s1@group-46F048A18FB7-SegmentedRaftLog:OPENED:c-1,f-1,i0, conf=-1: [s3:0.0.0.0:39188, s4:0.0.0.0:40778, s0:0.0.0.0:42012, s1:0.0.0.0:45336, s2:0.0.0.0:38783], old=null
2019-09-24 16:43:40,519 DEBUG impl.RaftServerImpl (RaftServerImpl.java:requestVote(743)) - s3@group-46F048A18FB7: receive requestVote(s1, group-46F048A18FB7, 39, (t:0, i:0))
2019-09-24 16:43:40,519 DEBUG impl.RaftServerImpl (RaftServerImpl.java:requestVote(775)) - s4@group-46F048A18FB7 replies to vote request: s0<-s4#0:FAIL-t39. Peer's state: s4@group-46F048A18FB7:t39, leader=null, voted=s4, raftlog=s4@group-46F048A18FB7-SegmentedRaftLog:OPENED:c-1,f-1,i0, conf=-1: [s3:0.0.0.0:39188, s4:0.0.0.0:40778, s0:0.0.0.0:42012, s1:0.0.0.0:45336, s2:0.0.0.0:38783], old=null
2019-09-24 16:43:40,519 DEBUG impl.RaftServerImpl (RaftServerImpl.java:requestVote(743)) - s0@group-46F048A18FB7: receive requestVote(s2, group-46F048A18FB7, 39, (t:0, i:0))
2019-09-24 16:43:40,525 DEBUG impl.RaftServerImpl (RaftServerImpl.java:requestVote(775)) - s4@group-46F048A18FB7 replies to vote request: s1<-s4#0:FAIL-t39. Peer's state: s4@group-46F048A18FB7:t39, leader=null, voted=s4, raftlog=s4@group-46F048A18FB7-SegmentedRaftLog:OPENED:c-1,f-1,i0, conf=-1: [s3:0.0.0.0:39188, s4:0.0.0.0:40778, s0:0.0.0.0:42012, s1:0.0.0.0:45336, s2:0.0.0.0:38783], old=null
2019-09-24 16:43:40,524 DEBUG impl.RaftServerImpl (RaftServerImpl.java:requestVote(775)) - s1@group-46F048A18FB7 replies to vote request: s4<-s1#0:FAIL-t39. Peer's state: s1@group-46F048A18FB7:t39, leader=null, voted=s1, raftlog=s1@group-46F048A18FB7-SegmentedRaftLog:OPENED:c-1,f-1,i0, conf=-1: [s3:0.0.0.0:39188, s4:0.0.0.0:40778, s0:0.0.0.0:42012, s1:0.0.0.0:45336, s2:0.0.0.0:38783], old=null
2019-09-24 16:43:40,524 DEBUG impl.RaftServerImpl (RaftServerImpl.java:requestVote(775)) - s0@group-46F048A18FB7 replies to vote request: s3<-s0#0:FAIL-t39. Peer's state: s0@group-46F048A18FB7:t39, leader=null, voted=s0, raftlog=s0@group-46F048A18FB7-SegmentedRaftLog:OPENED:c-1,f-1,i0, conf=-1: [s3:0.0.0.0:39188, s4:0.0.0.0:40778, s0:0.0.0.0:42012, s1:0.0.0.0:45336, s2:0.0.0.0:38783], old=null
2019-09-24 16:43:40,523 DEBUG impl.RaftServerImpl (RaftServerImpl.java:requestVote(775)) - s3@group-46F048A18FB7 replies to vote request: s0<-s3#0:FAIL-t39. Peer's state: s3@group-46F048A18FB7:t39, leader=null, voted=s3, raftlog=s3@group-46F048A18FB7-SegmentedRaftLog:OPENED:c-1,f-1,i0, conf=-1: [s3:0.0.0.0:39188, s4:0.0.0.0:40778, s0:0.0.0.0:42012, s1:0.0.0.0:45336, s2:0.0.0.0:38783], old=null
2019-09-24 16:43:40,522 DEBUG impl.RaftServerImpl (RaftServerImpl.java:requestVote(775)) - s2@group-46F048A18FB7 replies to vote request: s1<-s2#0:FAIL-t39. Peer's state: s2@group-46F048A18FB7:t39, leader=null, voted=s2, raftlog=s2@group-46F048A18FB7-SegmentedRaftLog:OPENED:c-1,f-1,i0, conf=-1: [s3:0.0.0.0:39188, s4:0.0.0.0:40778, s0:0.0.0.0:42012, s1:0.0.0.0:45336, s2:0.0.0.0:38783], old=null
2019-09-24 16:43:40,527 DEBUG impl.RaftServerImpl (RaftServerImpl.java:requestVote(775)) - s3@group-46F048A18FB7 replies to vote request: s2<-s3#0:FAIL-t39. Peer's state: s3@group-46F048A18FB7:t39, leader=null, voted=s3, raftlog=s3@group-46F048A18FB7-SegmentedRaftLog:OPENED:c-1,f-1,i0, conf=-1: [s3:0.0.0.0:39188, s4:0.0.0.0:40778, s0:0.0.0.0:42012, s1:0.0.0.0:45336, s2:0.0.0.0:38783], old=null
2019-09-24 16:43:40,526 DEBUG impl.RaftServerImpl (RaftServerImpl.java:requestVote(775)) - s0@group-46F048A18FB7 replies to vote request: s1<-s0#0:FAIL-t39. Peer's state: s0@group-46F048A18FB7:t39, leader=null, voted=s0, raftlog=s0@group-46F048A18FB7-SegmentedRaftLog:OPENED:c-1,f-1,i0, conf=-1: [s3:0.0.0.0:39188, s4:0.0.0.0:40778, s0:0.0.0.0:42012, s1:0.0.0.0:45336, s2:0.0.0.0:38783], old=null
2019-09-24 16:43:40,526 DEBUG impl.RaftServerImpl (RaftServerImpl.java:requestVote(775)) - s1@group-46F048A18FB7 replies to vote request: s2<-s1#0:FAIL-t39. Peer's state: s1@group-46F048A18FB7:t39, leader=null, voted=s1, raftlog=s1@group-46F048A18FB7-SegmentedRaftLog:OPENED:c-1,f-1,i0, conf=-1: [s3:0.0.0.0:39188, s4:0.0.0.0:40778, s0:0.0.0.0:42012, s1:0.0.0.0:45336, s2:0.0.0.0:38783], old=null
2019-09-24 16:43:40,526 DEBUG impl.RaftServerImpl (RaftServerImpl.java:requestVote(775)) - s4@group-46F048A18FB7 replies to vote request: s3<-s4#0:FAIL-t39. Peer's state: s4@group-46F048A18FB7:t39, leader=null, voted=s4, raftlog=s4@group-46F048A18FB7-SegmentedRaftLog:OPENED:c-1,f-1,i0, conf=-1: [s3:0.0.0.0:39188, s4:0.0.0.0:40778, s0:0.0.0.0:42012, s1:0.0.0.0:45336, s2:0.0.0.0:38783], old=null
2019-09-24 16:43:40,528 DEBUG impl.RaftServerImpl (RaftServerImpl.java:requestVote(775)) - s0@group-46F048A18FB7 replies to vote request: s2<-s0#0:FAIL-t39. Peer's state: s0@group-46F048A18FB7:t39, leader=null, voted=s0, raftlog=s0@group-46F048A18FB7-SegmentedRaftLog:OPENED:c-1,f-1,i0, conf=-1: [s3:0.0.0.0:39188, s4:0.0.0.0:40778, s0:0.0.0.0:42012, s1:0.0.0.0:45336, s2:0.0.0.0:38783], old=null
2019-09-24 16:43:40,527 DEBUG impl.RaftServerImpl (RaftServerImpl.java:requestVote(775)) - s3@group-46F048A18FB7 replies to vote request: s1<-s3#0:FAIL-t39. Peer's state: s3@group-46F048A18FB7:t39, leader=null, voted=s3, raftlog=s3@group-46F048A18FB7-SegmentedRaftLog:OPENED:c-1,f-1,i0, conf=-1: [s3:0.0.0.0:39188, s4:0.0.0.0:40778, s0:0.0.0.0:42012, s1:0.0.0.0:45336, s2:0.0.0.0:38783], old=null
2019-09-24 16:43:40,527 DEBUG impl.RaftServerImpl (RaftServerImpl.java:requestVote(775)) - s2@group-46F048A18FB7 replies to vote request: s0<-s2#0:FAIL-t39. Peer's state: s2@group-46F048A18FB7:t39, leader=null, voted=s2, raftlog=s2@group-46F048A18FB7-SegmentedRaftLog:OPENED:c-1,f-1,i0, conf=-1: [s3:0.0.0.0:39188, s4:0.0.0.0:40778, s0:0.0.0.0:42012, s1:0.0.0.0:45336, s2:0.0.0.0:38783], old=null
2019-09-24 16:43:40,528 DEBUG impl.RaftServerImpl (RaftServerImpl.java:requestVote(775)) - s4@group-46F048A18FB7 replies to vote request: s2<-s4#0:FAIL-t39. Peer's state: s4@group-46F048A18FB7:t39, leader=null, voted=s4, raftlog=s4@group-46F048A18FB7-SegmentedRaftLog:OPENED:c-1,f-1,i0, conf=-1: [s3:0.0.0.0:39188, s4:0.0.0.0:40778, s0:0.0.0.0:42012, s1:0.0.0.0:45336, s2:0.0.0.0:38783], old=null
2019-09-24 16:43:40,528 DEBUG impl.RaftServerImpl (RaftServerImpl.java:requestVote(743)) - s1@group-46F048A18FB7: receive requestVote(s3, group-46F048A18FB7, 39, (t:0, i:0))
2019-09-24 16:43:40,530 INFO  impl.LeaderElection (LeaderElection.java:logAndReturn(56)) - s0@group-46F048A18FB7-LeaderElection103: Election REJECTED; received 4 response(s) [s0<-s3#0:FAIL-t39, s0<-s4#0:FAIL-t39, s0<-s1#0:FAIL-t39, s0<-s2#0:FAIL-t39] and 0 exception(s); s0@group-46F048A18FB7:t39, leader=null, voted=s0, raftlog=s0@group-46F048A18FB7-SegmentedRaftLog:OPENED:c-1,f-1,i0, conf=-1: [s3:0.0.0.0:39188, s4:0.0.0.0:40778, s0:0.0.0.0:42012, s1:0.0.0.0:45336, s2:0.0.0.0:38783], old=null
2019-09-24 16:43:40,530 INFO  impl.LeaderElection (LeaderElection.java:logAndReturn(56)) - s1@group-46F048A18FB7-LeaderElection104: Election REJECTED; received 4 response(s) [s1<-s3#0:FAIL-t39, s1<-s4#0:FAIL-t39, s1<-s0#0:FAIL-t39, s1<-s2#0:FAIL-t39] and 0 exception(s); s1@group-46F048A18FB7:t39, leader=null, voted=s1, raftlog=s1@group-46F048A18FB7-SegmentedRaftLog:OPENED:c-1,f-1,i0, conf=-1: [s3:0.0.0.0:39188, s4:0.0.0.0:40778, s0:0.0.0.0:42012, s1:0.0.0.0:45336, s2:0.0.0.0:38783], old=null
2019-09-24 16:43:40,530 INFO  impl.RaftServerImpl (RaftServerImpl.java:setRole(170)) - s0@group-46F048A18FB7: changes role from CANDIDATE to FOLLOWER at term 39 for DISCOVERED_A_NEW_TERM
2019-09-24 16:43:40,530 INFO  impl.LeaderElection (LeaderElection.java:logAndReturn(56)) - s2@group-46F048A18FB7-LeaderElection102: Election REJECTED; received 4 response(s) [s2<-s3#0:FAIL-t39, s2<-s4#0:FAIL-t39, s2<-s0#0:FAIL-t39, s2<-s1#0:FAIL-t39] and 0 exception(s); s2@group-46F048A18FB7:t39, leader=null, voted=s2, raftlog=s2@group-46F048A18FB7-SegmentedRaftLog:OPENED:c-1,f-1,i0, conf=-1: [s3:0.0.0.0:39188, s4:0.0.0.0:40778, s0:0.0.0.0:42012, s1:0.0.0.0:45336, s2:0.0.0.0:38783], old=null
2019-09-24 16:43:40,530 DEBUG impl.RaftServerImpl (RaftServerImpl.java:requestVote(775)) - s1@group-46F048A18FB7 replies to vote request: s3<-s1#0:FAIL-t39. Peer's state: s1@group-46F048A18FB7:t39, leader=null, voted=s1, raftlog=s1@group-46F048A18FB7-SegmentedRaftLog:OPENED:c-1,f-1,i0, conf=-1: [s3:0.0.0.0:39188, s4:0.0.0.0:40778, s0:0.0.0.0:42012, s1:0.0.0.0:45336, s2:0.0.0.0:38783], old=null
2019-09-24 16:43:40,530 DEBUG impl.RaftServerImpl (RaftServerImpl.java:requestVote(743)) - s2@group-46F048A18FB7: receive requestVote(s3, group-46F048A18FB7, 39, (t:0, i:0))
2019-09-24 16:43:40,531 INFO  impl.RaftServerImpl (RaftServerImpl.java:setRole(170)) - s1@group-46F048A18FB7: changes role from CANDIDATE to FOLLOWER at term 39 for DISCOVERED_A_NEW_TERM
2019-09-24 16:43:40,532 INFO  impl.RoleInfo (RoleInfo.java:shutdownLeaderElection(134)) - s1: shutdown LeaderElection
2019-09-24 16:43:40,531 INFO  impl.RaftServerImpl (RaftServerImpl.java:setRole(170)) - s2@group-46F048A18FB7: changes role from CANDIDATE to FOLLOWER at term 39 for DISCOVERED_A_NEW_TERM
2019-09-24 16:43:40,530 DEBUG impl.RaftServerImpl (RaftServerImpl.java:requestVote(743)) - s2@group-46F048A18FB7: receive requestVote(s4, group-46F048A18FB7, 39, (t:0, i:0))
2019-09-24 16:43:40,530 INFO  impl.RoleInfo (RoleInfo.java:shutdownLeaderElection(134)) - s0: shutdown LeaderElection
2019-09-24 16:43:40,532 INFO  impl.RoleInfo (RoleInfo.java:shutdownLeaderElection(134)) - s2: shutdown LeaderElection
2019-09-24 16:43:40,532 INFO  impl.RoleInfo (RoleInfo.java:updateAndGet(143)) - s1: start FollowerState
2019-09-24 16:43:40,533 INFO  impl.RoleInfo (RoleInfo.java:updateAndGet(143)) - s2: start FollowerState
2019-09-24 16:43:40,532 INFO  impl.RoleInfo (RoleInfo.java:updateAndGet(143)) - s0: start FollowerState
2019-09-24 16:43:40,533 DEBUG impl.RaftServerImpl (RaftServerImpl.java:requestVote(775)) - s2@group-46F048A18FB7 replies to vote request: s4<-s2#0:FAIL-t39. Peer's state: s2@group-46F048A18FB7:t39, leader=null, voted=s2, raftlog=s2@group-46F048A18FB7-SegmentedRaftLog:OPENED:c-1,f-1,i0, conf=-1: [s3:0.0.0.0:39188, s4:0.0.0.0:40778, s0:0.0.0.0:42012, s1:0.0.0.0:45336, s2:0.0.0.0:38783], old=null
2019-09-24 16:43:40,534 DEBUG impl.RaftServerImpl (RaftServerImpl.java:requestVote(775)) - s2@group-46F048A18FB7 replies to vote request: s3<-s2#0:FAIL-t39. Peer's state: s2@group-46F048A18FB7:t39, leader=null, voted=s2, raftlog=s2@group-46F048A18FB7-SegmentedRaftLog:OPENED:c-1,f-1,i0, conf=-1: [s3:0.0.0.0:39188, s4:0.0.0.0:40778, s0:0.0.0.0:42012, s1:0.0.0.0:45336, s2:0.0.0.0:38783], old=null
2019-09-24 16:43:40,535 INFO  impl.LeaderElection (LeaderElection.java:logAndReturn(56)) - s3@group-46F048A18FB7-LeaderElection105: Election REJECTED; received 4 response(s) [s3<-s4#0:FAIL-t39, s3<-s0#0:FAIL-t39, s3<-s1#0:FAIL-t39, s3<-s2#0:FAIL-t39] and 0 exception(s); s3@group-46F048A18FB7:t39, leader=null, voted=s3, raftlog=s3@group-46F048A18FB7-SegmentedRaftLog:OPENED:c-1,f-1,i0, conf=-1: [s3:0.0.0.0:39188, s4:0.0.0.0:40778, s0:0.0.0.0:42012, s1:0.0.0.0:45336, s2:0.0.0.0:38783], old=null
2019-09-24 16:43:40,535 INFO  impl.RaftServerImpl (RaftServerImpl.java:setRole(170)) - s3@group-46F048A18FB7: changes role from CANDIDATE to FOLLOWER at term 39 for DISCOVERED_A_NEW_TERM
2019-09-24 16:43:40,535 INFO  impl.RoleInfo (RoleInfo.java:shutdownLeaderElection(134)) - s3: shutdown LeaderElection
2019-09-24 16:43:40,536 INFO  impl.LeaderElection (LeaderElection.java:logAndReturn(56)) - s4@group-46F048A18FB7-LeaderElection101: Election REJECTED; received 4 response(s) [s4<-s3#0:FAIL-t39, s4<-s0#0:FAIL-t39, s4<-s1#0:FAIL-t39, s4<-s2#0:FAIL-t39] and 0 exception(s); s4@group-46F048A18FB7:t39, leader=null, voted=s4, raftlog=s4@group-46F048A18FB7-SegmentedRaftLog:OPENED:c-1,f-1,i0, conf=-1: [s3:0.0.0.0:39188, s4:0.0.0.0:40778, s0:0.0.0.0:42012, s1:0.0.0.0:45336, s2:0.0.0.0:38783], old=null
2019-09-24 16:43:40,536 INFO  impl.RoleInfo (RoleInfo.java:updateAndGet(143)) - s3: start FollowerState
2019-09-24 16:43:40,536 INFO  impl.RaftServerImpl (RaftServerImpl.java:setRole(170)) - s4@group-46F048A18FB7: changes role from CANDIDATE to FOLLOWER at term 39 for DISCOVERED_A_NEW_TERM
2019-09-24 16:43:40,537 INFO  impl.RoleInfo (RoleInfo.java:shutdownLeaderElection(134)) - s4: shutdown LeaderElection
2019-09-24 16:43:40,537 INFO  impl.RoleInfo (RoleInfo.java:updateAndGet(143)) - s4: start FollowerState
2019-09-24 16:43:40,725 INFO  impl.FollowerState (FollowerState.java:run(108)) - s2@group-46F048A18FB7-FollowerState: change to CANDIDATE, lastRpcTime:191ms, electionTimeout:191ms
2019-09-24 16:43:40,725 INFO  impl.RoleInfo (RoleInfo.java:shutdownFollowerState(121)) - s2: shutdown FollowerState
2019-09-24 16:43:40,725 INFO  impl.RaftServerImpl (RaftServerImpl.java:setRole(170)) - s2@group-46F048A18FB7: changes role from  FOLLOWER to CANDIDATE at term 39 for changeToCandidate
2019-09-24 16:43:40,725 INFO  impl.RoleInfo (RoleInfo.java:updateAndGet(143)) - s2: start LeaderElection
2019-09-24 16:43:40,753 INFO  impl.FollowerState (FollowerState.java:run(108)) - s1@group-46F048A18FB7-FollowerState: change to CANDIDATE, lastRpcTime:221ms, electionTimeout:220ms
2019-09-24 16:43:40,753 INFO  impl.RoleInfo (RoleInfo.java:shutdownFollowerState(121)) - s1: shutdown FollowerState
2019-09-24 16:43:40,754 INFO  impl.RaftServerImpl (RaftServerImpl.java:setRole(170)) - s1@group-46F048A18FB7: changes role from  FOLLOWER to CANDIDATE at term 39 for changeToCandidate
2019-09-24 16:43:40,754 INFO  impl.RoleInfo (RoleInfo.java:updateAndGet(143)) - s1: start LeaderElection
2019-09-24 16:43:40,782 INFO  impl.FollowerState (FollowerState.java:run(108)) - s4@group-46F048A18FB7-FollowerState: change to CANDIDATE, lastRpcTime:245ms, electionTimeout:245ms
2019-09-24 16:43:40,783 INFO  impl.RoleInfo (RoleInfo.java:shutdownFollowerState(121)) - s4: shutdown FollowerState
2019-09-24 16:43:40,783 INFO  impl.RaftServerImpl (RaftServerImpl.java:setRole(170)) - s4@group-46F048A18FB7: changes role from  FOLLOWER to CANDIDATE at term 39 for changeToCandidate
2019-09-24 16:43:40,783 INFO  impl.RoleInfo (RoleInfo.java:updateAndGet(143)) - s4: start LeaderElection
2019-09-24 16:43:40,786 INFO  impl.FollowerState (FollowerState.java:run(108)) - s3@group-46F048A18FB7-FollowerState: change to CANDIDATE, lastRpcTime:250ms, electionTimeout:249ms
2019-09-24 16:43:40,786 INFO  impl.RoleInfo (RoleInfo.java:shutdownFollowerState(121)) - s3: shutdown FollowerState
2019-09-24 16:43:40,786 INFO  impl.RaftServerImpl (RaftServerImpl.java:setRole(170)) - s3@group-46F048A18FB7: changes role from  FOLLOWER to CANDIDATE at term 39 for changeToCandidate
2019-09-24 16:43:40,786 INFO  impl.RoleInfo (RoleInfo.java:updateAndGet(143)) - s3: start LeaderElection
2019-09-24 16:43:40,813 INFO  impl.FollowerState (FollowerState.java:run(108)) - s0@group-46F048A18FB7-FollowerState: change to CANDIDATE, lastRpcTime:280ms, electionTimeout:279ms
2019-09-24 16:43:40,813 INFO  impl.RoleInfo (RoleInfo.java:shutdownFollowerState(121)) - s0: shutdown FollowerState
2019-09-24 16:43:40,813 INFO  impl.RaftServerImpl (RaftServerImpl.java:setRole(170)) - s0@group-46F048A18FB7: changes role from  FOLLOWER to CANDIDATE at term 39 for changeToCandidate
2019-09-24 16:43:40,813 INFO  impl.RoleInfo (RoleInfo.java:updateAndGet(143)) - s0: start LeaderElection
2019-09-24 16:43:40,958 WARN  ratis.RaftTestUtil (JavaUtils.java:attempt(158)) - FAILED "waitForLeader-null-(expectLeader? true)", attempt #99/100: java.lang.IllegalStateException: No leader yet : printing ALL groups
  s3:  RUNNING CANDIDATE s3@group-46F048A18FB7:t40, leader=null, voted=s3, raftlog=s3@group-46F048A18FB7-SegmentedRaftLog:OPENED:c-1,f-1,i0, conf=-1: [s3:0.0.0.0:39188, s4:0.0.0.0:40778, s0:0.0.0.0:42012, s1:0.0.0.0:45336, s2:0.0.0.0:38783], old=null RUNNING
  s4:  RUNNING CANDIDATE s4@group-46F048A18FB7:t40, leader=null, voted=s4, raftlog=s4@group-46F048A18FB7-SegmentedRaftLog:OPENED:c-1,f-1,i0, conf=-1: [s3:0.0.0.0:39188, s4:0.0.0.0:40778, s0:0.0.0.0:42012, s1:0.0.0.0:45336, s2:0.0.0.0:38783], old=null RUNNING
  s0:  RUNNING CANDIDATE s0@group-46F048A18FB7:t40, leader=null, voted=s0, raftlog=s0@group-46F048A18FB7-SegmentedRaftLog:OPENED:c-1,f-1,i0, conf=-1: [s3:0.0.0.0:39188, s4:0.0.0.0:40778, s0:0.0.0.0:42012, s1:0.0.0.0:45336, s2:0.0.0.0:38783], old=null RUNNING
  s1:  RUNNING CANDIDATE s1@group-46F048A18FB7:t40, leader=null, voted=s1, raftlog=s1@group-46F048A18FB7-SegmentedRaftLog:OPENED:c-1,f-1,i0, conf=-1: [s3:0.0.0.0:39188, s4:0.0.0.0:40778, s0:0.0.0.0:42012, s1:0.0.0.0:45336, s2:0.0.0.0:38783], old=null RUNNING
  s2:  RUNNING CANDIDATE s2@group-46F048A18FB7:t40, leader=null, voted=s2, raftlog=s2@group-46F048A18FB7-SegmentedRaftLog:OPENED:c-1,f-1,i0, conf=-1: [s3:0.0.0.0:39188, s4:0.0.0.0:40778, s0:0.0.0.0:42012, s1:0.0.0.0:45336, s2:0.0.0.0:38783], old=null RUNNING, sleep 450ms and then retry.
java.lang.IllegalStateException: No leader yet : printing ALL groups
  s3:  RUNNING CANDIDATE s3@group-46F048A18FB7:t40, leader=null, voted=s3, raftlog=s3@group-46F048A18FB7-SegmentedRaftLog:OPENED:c-1,f-1,i0, conf=-1: [s3:0.0.0.0:39188, s4:0.0.0.0:40778, s0:0.0.0.0:42012, s1:0.0.0.0:45336, s2:0.0.0.0:38783], old=null RUNNING
  s4:  RUNNING CANDIDATE s4@group-46F048A18FB7:t40, leader=null, voted=s4, raftlog=s4@group-46F048A18FB7-SegmentedRaftLog:OPENED:c-1,f-1,i0, conf=-1: [s3:0.0.0.0:39188, s4:0.0.0.0:40778, s0:0.0.0.0:42012, s1:0.0.0.0:45336, s2:0.0.0.0:38783], old=null RUNNING
  s0:  RUNNING CANDIDATE s0@group-46F048A18FB7:t40, leader=null, voted=s0, raftlog=s0@group-46F048A18FB7-SegmentedRaftLog:OPENED:c-1,f-1,i0, conf=-1: [s3:0.0.0.0:39188, s4:0.0.0.0:40778, s0:0.0.0.0:42012, s1:0.0.0.0:45336, s2:0.0.0.0:38783], old=null RUNNING
  s1:  RUNNING CANDIDATE s1@group-46F048A18FB7:t40, leader=null, voted=s1, raftlog=s1@group-46F048A18FB7-SegmentedRaftLog:OPENED:c-1,f-1,i0, conf=-1: [s3:0.0.0.0:39188, s4:0.0.0.0:40778, s0:0.0.0.0:42012, s1:0.0.0.0:45336, s2:0.0.0.0:38783], old=null RUNNING
  s2:  RUNNING CANDIDATE s2@group-46F048A18FB7:t40, leader=null, voted=s2, raftlog=s2@group-46F048A18FB7-SegmentedRaftLog:OPENED:c-1,f-1,i0, conf=-1: [s3:0.0.0.0:39188, s4:0.0.0.0:40778, s0:0.0.0.0:42012, s1:0.0.0.0:45336, s2:0.0.0.0:38783], old=null RUNNING
	at org.apache.ratis.MiniRaftCluster.newIllegalStateExceptionForNoLeaders(MiniRaftCluster.java:506)
	at org.apache.ratis.RaftTestUtil.lambda$waitForLeader$1(RaftTestUtil.java:90)
	at org.apache.ratis.MiniRaftCluster.getLeader(MiniRaftCluster.java:539)
	at org.apache.ratis.MiniRaftCluster.getLeader(MiniRaftCluster.java:532)
	at org.apache.ratis.RaftTestUtil.lambda$waitForLeader$3(RaftTestUtil.java:98)
	at org.apache.ratis.util.JavaUtils.attempt(JavaUtils.java:152)
	at org.apache.ratis.RaftTestUtil.waitForLeader(RaftTestUtil.java:97)
	at org.apache.ratis.RaftTestUtil.waitForLeader(RaftTestUtil.java:77)
	at org.apache.ratis.RaftTestUtil.waitForLeader(RaftTestUtil.java:72)
	at org.apache.ratis.RaftBasicTests.testWithLoad(RaftBasicTests.java:336)
	at org.apache.ratis.RaftBasicTests.lambda$testWithLoad$10(RaftBasicTests.java:328)
	at org.apache.ratis.MiniRaftCluster$Factory$Get.runWithNewCluster(MiniRaftCluster.java:125)
	at org.apache.ratis.MiniRaftCluster$Factory$Get.runWithNewCluster(MiniRaftCluster.java:113)
	at org.apache.ratis.RaftBasicTests.testWithLoad(RaftBasicTests.java:328)
	at org.apache.ratis.netty.TestRaftWithNetty.testWithLoad(TestRaftWithNetty.java:31)
	at sun.reflect.NativeMethodAccessorImpl.invoke0(Native Method)
	at sun.reflect.NativeMethodAccessorImpl.invoke(NativeMethodAccessorImpl.java:62)
	at sun.reflect.DelegatingMethodAccessorImpl.invoke(DelegatingMethodAccessorImpl.java:43)
	at java.lang.reflect.Method.invoke(Method.java:498)
	at org.junit.runners.model.FrameworkMethod$1.runReflectiveCall(FrameworkMethod.java:50)
	at org.junit.internal.runners.model.ReflectiveCallable.run(ReflectiveCallable.java:12)
	at org.junit.runners.model.FrameworkMethod.invokeExplosively(FrameworkMethod.java:47)
	at org.junit.internal.runners.statements.InvokeMethod.evaluate(InvokeMethod.java:17)
	at org.junit.internal.runners.statements.RunAfters.evaluate(RunAfters.java:27)
	at org.junit.internal.runners.statements.FailOnTimeout$CallableStatement.call(FailOnTimeout.java:298)
	at org.junit.internal.runners.statements.FailOnTimeout$CallableStatement.call(FailOnTimeout.java:292)
	at java.util.concurrent.FutureTask.run(FutureTask.java:266)
	at java.lang.Thread.run(Thread.java:748)
2019-09-24 16:43:41,141 INFO  impl.LeaderElection (LeaderElection.java:askForVotes(178)) - s1@group-46F048A18FB7-LeaderElection107: begin an election at term 40 for -1: [s3:0.0.0.0:39188, s4:0.0.0.0:40778, s0:0.0.0.0:42012, s1:0.0.0.0:45336, s2:0.0.0.0:38783], old=null
2019-09-24 16:43:41,141 INFO  impl.LeaderElection (LeaderElection.java:askForVotes(178)) - s2@group-46F048A18FB7-LeaderElection106: begin an election at term 40 for -1: [s3:0.0.0.0:39188, s4:0.0.0.0:40778, s0:0.0.0.0:42012, s1:0.0.0.0:45336, s2:0.0.0.0:38783], old=null
2019-09-24 16:43:41,142 INFO  impl.LeaderElection (LeaderElection.java:askForVotes(178)) - s0@group-46F048A18FB7-LeaderElection110: begin an election at term 40 for -1: [s3:0.0.0.0:39188, s4:0.0.0.0:40778, s0:0.0.0.0:42012, s1:0.0.0.0:45336, s2:0.0.0.0:38783], old=null
2019-09-24 16:43:41,142 INFO  impl.LeaderElection (LeaderElection.java:askForVotes(178)) - s3@group-46F048A18FB7-LeaderElection109: begin an election at term 40 for -1: [s3:0.0.0.0:39188, s4:0.0.0.0:40778, s0:0.0.0.0:42012, s1:0.0.0.0:45336, s2:0.0.0.0:38783], old=null
2019-09-24 16:43:41,142 INFO  impl.LeaderElection (LeaderElection.java:askForVotes(178)) - s4@group-46F048A18FB7-LeaderElection108: begin an election at term 40 for -1: [s3:0.0.0.0:39188, s4:0.0.0.0:40778, s0:0.0.0.0:42012, s1:0.0.0.0:45336, s2:0.0.0.0:38783], old=null
2019-09-24 16:43:41,143 DEBUG impl.RaftServerImpl (RaftServerImpl.java:requestVote(743)) - s3@group-46F048A18FB7: receive requestVote(s1, group-46F048A18FB7, 40, (t:0, i:0))
2019-09-24 16:43:41,144 DEBUG impl.RaftServerImpl (RaftServerImpl.java:requestVote(743)) - s3@group-46F048A18FB7: receive requestVote(s2, group-46F048A18FB7, 40, (t:0, i:0))
2019-09-24 16:43:41,144 DEBUG impl.RaftServerImpl (RaftServerImpl.java:requestVote(743)) - s4@group-46F048A18FB7: receive requestVote(s1, group-46F048A18FB7, 40, (t:0, i:0))
2019-09-24 16:43:41,144 DEBUG impl.RaftServerImpl (RaftServerImpl.java:requestVote(743)) - s0@group-46F048A18FB7: receive requestVote(s1, group-46F048A18FB7, 40, (t:0, i:0))
2019-09-24 16:43:41,144 DEBUG impl.RaftServerImpl (RaftServerImpl.java:requestVote(743)) - s4@group-46F048A18FB7: receive requestVote(s3, group-46F048A18FB7, 40, (t:0, i:0))
2019-09-24 16:43:41,144 DEBUG impl.RaftServerImpl (RaftServerImpl.java:requestVote(775)) - s3@group-46F048A18FB7 replies to vote request: s1<-s3#0:FAIL-t40. Peer's state: s3@group-46F048A18FB7:t40, leader=null, voted=s3, raftlog=s3@group-46F048A18FB7-SegmentedRaftLog:OPENED:c-1,f-1,i0, conf=-1: [s3:0.0.0.0:39188, s4:0.0.0.0:40778, s0:0.0.0.0:42012, s1:0.0.0.0:45336, s2:0.0.0.0:38783], old=null
2019-09-24 16:43:41,144 DEBUG impl.RaftServerImpl (RaftServerImpl.java:requestVote(743)) - s4@group-46F048A18FB7: receive requestVote(s2, group-46F048A18FB7, 40, (t:0, i:0))
2019-09-24 16:43:41,146 DEBUG impl.RaftServerImpl (RaftServerImpl.java:requestVote(775)) - s3@group-46F048A18FB7 replies to vote request: s2<-s3#0:FAIL-t40. Peer's state: s3@group-46F048A18FB7:t40, leader=null, voted=s3, raftlog=s3@group-46F048A18FB7-SegmentedRaftLog:OPENED:c-1,f-1,i0, conf=-1: [s3:0.0.0.0:39188, s4:0.0.0.0:40778, s0:0.0.0.0:42012, s1:0.0.0.0:45336, s2:0.0.0.0:38783], old=null
2019-09-24 16:43:41,146 DEBUG impl.RaftServerImpl (RaftServerImpl.java:requestVote(743)) - s4@group-46F048A18FB7: receive requestVote(s0, group-46F048A18FB7, 40, (t:0, i:0))
2019-09-24 16:43:41,145 DEBUG impl.RaftServerImpl (RaftServerImpl.java:requestVote(743)) - s0@group-46F048A18FB7: receive requestVote(s4, group-46F048A18FB7, 40, (t:0, i:0))
2019-09-24 16:43:41,145 DEBUG impl.RaftServerImpl (RaftServerImpl.java:requestVote(743)) - s2@group-46F048A18FB7: receive requestVote(s1, group-46F048A18FB7, 40, (t:0, i:0))
2019-09-24 16:43:41,145 DEBUG impl.RaftServerImpl (RaftServerImpl.java:requestVote(743)) - s3@group-46F048A18FB7: receive requestVote(s4, group-46F048A18FB7, 40, (t:0, i:0))
2019-09-24 16:43:41,145 DEBUG impl.RaftServerImpl (RaftServerImpl.java:requestVote(743)) - s0@group-46F048A18FB7: receive requestVote(s3, group-46F048A18FB7, 40, (t:0, i:0))
2019-09-24 16:43:41,145 DEBUG impl.RaftServerImpl (RaftServerImpl.java:requestVote(775)) - s0@group-46F048A18FB7 replies to vote request: s1<-s0#0:FAIL-t40. Peer's state: s0@group-46F048A18FB7:t40, leader=null, voted=s0, raftlog=s0@group-46F048A18FB7-SegmentedRaftLog:OPENED:c-1,f-1,i0, conf=-1: [s3:0.0.0.0:39188, s4:0.0.0.0:40778, s0:0.0.0.0:42012, s1:0.0.0.0:45336, s2:0.0.0.0:38783], old=null
2019-09-24 16:43:41,145 DEBUG impl.RaftServerImpl (RaftServerImpl.java:requestVote(743)) - s1@group-46F048A18FB7: receive requestVote(s2, group-46F048A18FB7, 40, (t:0, i:0))
2019-09-24 16:43:41,145 DEBUG impl.RaftServerImpl (RaftServerImpl.java:requestVote(743)) - s3@group-46F048A18FB7: receive requestVote(s0, group-46F048A18FB7, 40, (t:0, i:0))
2019-09-24 16:43:41,145 DEBUG impl.RaftServerImpl (RaftServerImpl.java:requestVote(743)) - s0@group-46F048A18FB7: receive requestVote(s2, group-46F048A18FB7, 40, (t:0, i:0))
2019-09-24 16:43:41,145 DEBUG impl.RaftServerImpl (RaftServerImpl.java:requestVote(775)) - s4@group-46F048A18FB7 replies to vote request: s1<-s4#0:FAIL-t40. Peer's state: s4@group-46F048A18FB7:t40, leader=null, voted=s4, raftlog=s4@group-46F048A18FB7-SegmentedRaftLog:OPENED:c-1,f-1,i0, conf=-1: [s3:0.0.0.0:39188, s4:0.0.0.0:40778, s0:0.0.0.0:42012, s1:0.0.0.0:45336, s2:0.0.0.0:38783], old=null
2019-09-24 16:43:41,148 DEBUG impl.RaftServerImpl (RaftServerImpl.java:requestVote(775)) - s1@group-46F048A18FB7 replies to vote request: s2<-s1#0:FAIL-t40. Peer's state: s1@group-46F048A18FB7:t40, leader=null, voted=s1, raftlog=s1@group-46F048A18FB7-SegmentedRaftLog:OPENED:c-1,f-1,i0, conf=-1: [s3:0.0.0.0:39188, s4:0.0.0.0:40778, s0:0.0.0.0:42012, s1:0.0.0.0:45336, s2:0.0.0.0:38783], old=null
2019-09-24 16:43:41,148 DEBUG impl.RaftServerImpl (RaftServerImpl.java:requestVote(775)) - s0@group-46F048A18FB7 replies to vote request: s3<-s0#0:FAIL-t40. Peer's state: s0@group-46F048A18FB7:t40, leader=null, voted=s0, raftlog=s0@group-46F048A18FB7-SegmentedRaftLog:OPENED:c-1,f-1,i0, conf=-1: [s3:0.0.0.0:39188, s4:0.0.0.0:40778, s0:0.0.0.0:42012, s1:0.0.0.0:45336, s2:0.0.0.0:38783], old=null
2019-09-24 16:43:41,147 DEBUG impl.RaftServerImpl (RaftServerImpl.java:requestVote(775)) - s3@group-46F048A18FB7 replies to vote request: s4<-s3#0:FAIL-t40. Peer's state: s3@group-46F048A18FB7:t40, leader=null, voted=s3, raftlog=s3@group-46F048A18FB7-SegmentedRaftLog:OPENED:c-1,f-1,i0, conf=-1: [s3:0.0.0.0:39188, s4:0.0.0.0:40778, s0:0.0.0.0:42012, s1:0.0.0.0:45336, s2:0.0.0.0:38783], old=null
2019-09-24 16:43:41,147 DEBUG impl.RaftServerImpl (RaftServerImpl.java:requestVote(775)) - s2@group-46F048A18FB7 replies to vote request: s1<-s2#0:FAIL-t40. Peer's state: s2@group-46F048A18FB7:t40, leader=null, voted=s2, raftlog=s2@group-46F048A18FB7-SegmentedRaftLog:OPENED:c-1,f-1,i0, conf=-1: [s3:0.0.0.0:39188, s4:0.0.0.0:40778, s0:0.0.0.0:42012, s1:0.0.0.0:45336, s2:0.0.0.0:38783], old=null
2019-09-24 16:43:41,147 DEBUG impl.RaftServerImpl (RaftServerImpl.java:requestVote(743)) - s2@group-46F048A18FB7: receive requestVote(s3, group-46F048A18FB7, 40, (t:0, i:0))
2019-09-24 16:43:41,146 DEBUG impl.RaftServerImpl (RaftServerImpl.java:requestVote(743)) - s1@group-46F048A18FB7: receive requestVote(s3, group-46F048A18FB7, 40, (t:0, i:0))
2019-09-24 16:43:41,146 DEBUG impl.RaftServerImpl (RaftServerImpl.java:requestVote(743)) - s1@group-46F048A18FB7: receive requestVote(s0, group-46F048A18FB7, 40, (t:0, i:0))
2019-09-24 16:43:41,151 DEBUG impl.RaftServerImpl (RaftServerImpl.java:requestVote(775)) - s1@group-46F048A18FB7 replies to vote request: s3<-s1#0:FAIL-t40. Peer's state: s1@group-46F048A18FB7:t40, leader=null, voted=s1, raftlog=s1@group-46F048A18FB7-SegmentedRaftLog:OPENED:c-1,f-1,i0, conf=-1: [s3:0.0.0.0:39188, s4:0.0.0.0:40778, s0:0.0.0.0:42012, s1:0.0.0.0:45336, s2:0.0.0.0:38783], old=null
2019-09-24 16:43:41,151 INFO  impl.LeaderElection (LeaderElection.java:logAndReturn(56)) - s1@group-46F048A18FB7-LeaderElection107: Election REJECTED; received 4 response(s) [s1<-s3#0:FAIL-t40, s1<-s4#0:FAIL-t40, s1<-s0#0:FAIL-t40, s1<-s2#0:FAIL-t40] and 0 exception(s); s1@group-46F048A18FB7:t40, leader=null, voted=s1, raftlog=s1@group-46F048A18FB7-SegmentedRaftLog:OPENED:c-1,f-1,i0, conf=-1: [s3:0.0.0.0:39188, s4:0.0.0.0:40778, s0:0.0.0.0:42012, s1:0.0.0.0:45336, s2:0.0.0.0:38783], old=null
2019-09-24 16:43:41,151 DEBUG impl.RaftServerImpl (RaftServerImpl.java:requestVote(775)) - s2@group-46F048A18FB7 replies to vote request: s3<-s2#0:FAIL-t40. Peer's state: s2@group-46F048A18FB7:t40, leader=null, voted=s2, raftlog=s2@group-46F048A18FB7-SegmentedRaftLog:OPENED:c-1,f-1,i0, conf=-1: [s3:0.0.0.0:39188, s4:0.0.0.0:40778, s0:0.0.0.0:42012, s1:0.0.0.0:45336, s2:0.0.0.0:38783], old=null
2019-09-24 16:43:41,150 DEBUG impl.RaftServerImpl (RaftServerImpl.java:requestVote(775)) - s3@group-46F048A18FB7 replies to vote request: s0<-s3#0:FAIL-t40. Peer's state: s3@group-46F048A18FB7:t40, leader=null, voted=s3, raftlog=s3@group-46F048A18FB7-SegmentedRaftLog:OPENED:c-1,f-1,i0, conf=-1: [s3:0.0.0.0:39188, s4:0.0.0.0:40778, s0:0.0.0.0:42012, s1:0.0.0.0:45336, s2:0.0.0.0:38783], old=null
2019-09-24 16:43:41,150 DEBUG impl.RaftServerImpl (RaftServerImpl.java:requestVote(775)) - s0@group-46F048A18FB7 replies to vote request: s4<-s0#0:FAIL-t40. Peer's state: s0@group-46F048A18FB7:t40, leader=null, voted=s0, raftlog=s0@group-46F048A18FB7-SegmentedRaftLog:OPENED:c-1,f-1,i0, conf=-1: [s3:0.0.0.0:39188, s4:0.0.0.0:40778, s0:0.0.0.0:42012, s1:0.0.0.0:45336, s2:0.0.0.0:38783], old=null
2019-09-24 16:43:41,149 DEBUG impl.RaftServerImpl (RaftServerImpl.java:requestVote(775)) - s4@group-46F048A18FB7 replies to vote request: s0<-s4#0:FAIL-t40. Peer's state: s4@group-46F048A18FB7:t40, leader=null, voted=s4, raftlog=s4@group-46F048A18FB7-SegmentedRaftLog:OPENED:c-1,f-1,i0, conf=-1: [s3:0.0.0.0:39188, s4:0.0.0.0:40778, s0:0.0.0.0:42012, s1:0.0.0.0:45336, s2:0.0.0.0:38783], old=null
2019-09-24 16:43:41,153 DEBUG impl.RaftServerImpl (RaftServerImpl.java:requestVote(775)) - s0@group-46F048A18FB7 replies to vote request: s2<-s0#0:FAIL-t40. Peer's state: s0@group-46F048A18FB7:t40, leader=null, voted=s0, raftlog=s0@group-46F048A18FB7-SegmentedRaftLog:OPENED:c-1,f-1,i0, conf=-1: [s3:0.0.0.0:39188, s4:0.0.0.0:40778, s0:0.0.0.0:42012, s1:0.0.0.0:45336, s2:0.0.0.0:38783], old=null
2019-09-24 16:43:41,152 DEBUG impl.RaftServerImpl (RaftServerImpl.java:requestVote(775)) - s1@group-46F048A18FB7 replies to vote request: s0<-s1#0:FAIL-t40. Peer's state: s1@group-46F048A18FB7:t40, leader=null, voted=s1, raftlog=s1@group-46F048A18FB7-SegmentedRaftLog:OPENED:c-1,f-1,i0, conf=-1: [s3:0.0.0.0:39188, s4:0.0.0.0:40778, s0:0.0.0.0:42012, s1:0.0.0.0:45336, s2:0.0.0.0:38783], old=null
2019-09-24 16:43:41,154 DEBUG impl.RaftServerImpl (RaftServerImpl.java:requestVote(743)) - s2@group-46F048A18FB7: receive requestVote(s0, group-46F048A18FB7, 40, (t:0, i:0))
2019-09-24 16:43:41,154 DEBUG impl.RaftServerImpl (RaftServerImpl.java:requestVote(775)) - s4@group-46F048A18FB7 replies to vote request: s2<-s4#0:FAIL-t40. Peer's state: s4@group-46F048A18FB7:t40, leader=null, voted=s4, raftlog=s4@group-46F048A18FB7-SegmentedRaftLog:OPENED:c-1,f-1,i0, conf=-1: [s3:0.0.0.0:39188, s4:0.0.0.0:40778, s0:0.0.0.0:42012, s1:0.0.0.0:45336, s2:0.0.0.0:38783], old=null
2019-09-24 16:43:41,154 DEBUG impl.RaftServerImpl (RaftServerImpl.java:requestVote(775)) - s2@group-46F048A18FB7 replies to vote request: s0<-s2#0:FAIL-t40. Peer's state: s2@group-46F048A18FB7:t40, leader=null, voted=s2, raftlog=s2@group-46F048A18FB7-SegmentedRaftLog:OPENED:c-1,f-1,i0, conf=-1: [s3:0.0.0.0:39188, s4:0.0.0.0:40778, s0:0.0.0.0:42012, s1:0.0.0.0:45336, s2:0.0.0.0:38783], old=null
2019-09-24 16:43:41,154 INFO  impl.RaftServerImpl (RaftServerImpl.java:setRole(170)) - s1@group-46F048A18FB7: changes role from CANDIDATE to FOLLOWER at term 40 for DISCOVERED_A_NEW_TERM
2019-09-24 16:43:41,155 DEBUG impl.RaftServerImpl (RaftServerImpl.java:requestVote(775)) - s4@group-46F048A18FB7 replies to vote request: s3<-s4#0:FAIL-t40. Peer's state: s4@group-46F048A18FB7:t40, leader=null, voted=s4, raftlog=s4@group-46F048A18FB7-SegmentedRaftLog:OPENED:c-1,f-1,i0, conf=-1: [s3:0.0.0.0:39188, s4:0.0.0.0:40778, s0:0.0.0.0:42012, s1:0.0.0.0:45336, s2:0.0.0.0:38783], old=null
2019-09-24 16:43:41,155 INFO  impl.LeaderElection (LeaderElection.java:logAndReturn(56)) - s2@group-46F048A18FB7-LeaderElection106: Election REJECTED; received 4 response(s) [s2<-s3#0:FAIL-t40, s2<-s4#0:FAIL-t40, s2<-s0#0:FAIL-t40, s2<-s1#0:FAIL-t40] and 0 exception(s); s2@group-46F048A18FB7:t40, leader=null, voted=s2, raftlog=s2@group-46F048A18FB7-SegmentedRaftLog:OPENED:c-1,f-1,i0, conf=-1: [s3:0.0.0.0:39188, s4:0.0.0.0:40778, s0:0.0.0.0:42012, s1:0.0.0.0:45336, s2:0.0.0.0:38783], old=null
2019-09-24 16:43:41,155 INFO  impl.RoleInfo (RoleInfo.java:shutdownLeaderElection(134)) - s1: shutdown LeaderElection
2019-09-24 16:43:41,156 INFO  impl.RaftServerImpl (RaftServerImpl.java:setRole(170)) - s2@group-46F048A18FB7: changes role from CANDIDATE to FOLLOWER at term 40 for DISCOVERED_A_NEW_TERM
2019-09-24 16:43:41,155 INFO  impl.LeaderElection (LeaderElection.java:logAndReturn(56)) - s0@group-46F048A18FB7-LeaderElection110: Election REJECTED; received 4 response(s) [s0<-s3#0:FAIL-t40, s0<-s4#0:FAIL-t40, s0<-s1#0:FAIL-t40, s0<-s2#0:FAIL-t40] and 0 exception(s); s0@group-46F048A18FB7:t40, leader=null, voted=s0, raftlog=s0@group-46F048A18FB7-SegmentedRaftLog:OPENED:c-1,f-1,i0, conf=-1: [s3:0.0.0.0:39188, s4:0.0.0.0:40778, s0:0.0.0.0:42012, s1:0.0.0.0:45336, s2:0.0.0.0:38783], old=null
2019-09-24 16:43:41,156 INFO  impl.RoleInfo (RoleInfo.java:shutdownLeaderElection(134)) - s2: shutdown LeaderElection
2019-09-24 16:43:41,156 INFO  impl.RoleInfo (RoleInfo.java:updateAndGet(143)) - s1: start FollowerState
2019-09-24 16:43:41,156 INFO  impl.RoleInfo (RoleInfo.java:updateAndGet(143)) - s2: start FollowerState
2019-09-24 16:43:41,156 INFO  impl.RaftServerImpl (RaftServerImpl.java:setRole(170)) - s0@group-46F048A18FB7: changes role from CANDIDATE to FOLLOWER at term 40 for DISCOVERED_A_NEW_TERM
2019-09-24 16:43:41,156 INFO  impl.LeaderElection (LeaderElection.java:logAndReturn(56)) - s3@group-46F048A18FB7-LeaderElection109: Election REJECTED; received 4 response(s) [s3<-s4#0:FAIL-t40, s3<-s0#0:FAIL-t40, s3<-s1#0:FAIL-t40, s3<-s2#0:FAIL-t40] and 0 exception(s); s3@group-46F048A18FB7:t40, leader=null, voted=s3, raftlog=s3@group-46F048A18FB7-SegmentedRaftLog:OPENED:c-1,f-1,i0, conf=-1: [s3:0.0.0.0:39188, s4:0.0.0.0:40778, s0:0.0.0.0:42012, s1:0.0.0.0:45336, s2:0.0.0.0:38783], old=null
2019-09-24 16:43:41,157 INFO  impl.RoleInfo (RoleInfo.java:shutdownLeaderElection(134)) - s0: shutdown LeaderElection
2019-09-24 16:43:41,157 DEBUG impl.RaftServerImpl (RaftServerImpl.java:requestVote(743)) - s2@group-46F048A18FB7: receive requestVote(s4, group-46F048A18FB7, 40, (t:0, i:0))
2019-09-24 16:43:41,157 DEBUG impl.RaftServerImpl (RaftServerImpl.java:requestVote(743)) - s1@group-46F048A18FB7: receive requestVote(s4, group-46F048A18FB7, 40, (t:0, i:0))
2019-09-24 16:43:41,158 DEBUG impl.RaftServerImpl (RaftServerImpl.java:requestVote(775)) - s2@group-46F048A18FB7 replies to vote request: s4<-s2#0:FAIL-t40. Peer's state: s2@group-46F048A18FB7:t40, leader=null, voted=s2, raftlog=s2@group-46F048A18FB7-SegmentedRaftLog:OPENED:c-1,f-1,i0, conf=-1: [s3:0.0.0.0:39188, s4:0.0.0.0:40778, s0:0.0.0.0:42012, s1:0.0.0.0:45336, s2:0.0.0.0:38783], old=null
2019-09-24 16:43:41,157 INFO  impl.RoleInfo (RoleInfo.java:updateAndGet(143)) - s0: start FollowerState
2019-09-24 16:43:41,157 INFO  impl.RaftServerImpl (RaftServerImpl.java:setRole(170)) - s3@group-46F048A18FB7: changes role from CANDIDATE to FOLLOWER at term 40 for DISCOVERED_A_NEW_TERM
2019-09-24 16:43:41,158 DEBUG impl.RaftServerImpl (RaftServerImpl.java:requestVote(775)) - s1@group-46F048A18FB7 replies to vote request: s4<-s1#0:FAIL-t40. Peer's state: s1@group-46F048A18FB7:t40, leader=null, voted=s1, raftlog=s1@group-46F048A18FB7-SegmentedRaftLog:OPENED:c-1,f-1,i0, conf=-1: [s3:0.0.0.0:39188, s4:0.0.0.0:40778, s0:0.0.0.0:42012, s1:0.0.0.0:45336, s2:0.0.0.0:38783], old=null
2019-09-24 16:43:41,158 INFO  impl.RoleInfo (RoleInfo.java:shutdownLeaderElection(134)) - s3: shutdown LeaderElection
2019-09-24 16:43:41,159 INFO  impl.RoleInfo (RoleInfo.java:updateAndGet(143)) - s3: start FollowerState
2019-09-24 16:43:41,159 INFO  impl.LeaderElection (LeaderElection.java:logAndReturn(56)) - s4@group-46F048A18FB7-LeaderElection108: Election REJECTED; received 4 response(s) [s4<-s3#0:FAIL-t40, s4<-s0#0:FAIL-t40, s4<-s1#0:FAIL-t40, s4<-s2#0:FAIL-t40] and 0 exception(s); s4@group-46F048A18FB7:t40, leader=null, voted=s4, raftlog=s4@group-46F048A18FB7-SegmentedRaftLog:OPENED:c-1,f-1,i0, conf=-1: [s3:0.0.0.0:39188, s4:0.0.0.0:40778, s0:0.0.0.0:42012, s1:0.0.0.0:45336, s2:0.0.0.0:38783], old=null
2019-09-24 16:43:41,160 INFO  impl.RaftServerImpl (RaftServerImpl.java:setRole(170)) - s4@group-46F048A18FB7: changes role from CANDIDATE to FOLLOWER at term 40 for DISCOVERED_A_NEW_TERM
2019-09-24 16:43:41,160 INFO  impl.RoleInfo (RoleInfo.java:shutdownLeaderElection(134)) - s4: shutdown LeaderElection
2019-09-24 16:43:41,160 INFO  impl.RoleInfo (RoleInfo.java:updateAndGet(143)) - s4: start FollowerState
2019-09-24 16:43:41,381 INFO  impl.FollowerState (FollowerState.java:run(108)) - s4@group-46F048A18FB7-FollowerState: change to CANDIDATE, lastRpcTime:221ms, electionTimeout:221ms
2019-09-24 16:43:41,382 INFO  impl.RoleInfo (RoleInfo.java:shutdownFollowerState(121)) - s4: shutdown FollowerState
2019-09-24 16:43:41,382 INFO  impl.RaftServerImpl (RaftServerImpl.java:setRole(170)) - s4@group-46F048A18FB7: changes role from  FOLLOWER to CANDIDATE at term 40 for changeToCandidate
2019-09-24 16:43:41,382 INFO  impl.RoleInfo (RoleInfo.java:updateAndGet(143)) - s4: start LeaderElection
2019-09-24 16:43:41,387 INFO  impl.FollowerState (FollowerState.java:run(108)) - s2@group-46F048A18FB7-FollowerState: change to CANDIDATE, lastRpcTime:230ms, electionTimeout:230ms
2019-09-24 16:43:41,388 INFO  impl.RoleInfo (RoleInfo.java:shutdownFollowerState(121)) - s2: shutdown FollowerState
2019-09-24 16:43:41,388 INFO  impl.RaftServerImpl (RaftServerImpl.java:setRole(170)) - s2@group-46F048A18FB7: changes role from  FOLLOWER to CANDIDATE at term 40 for changeToCandidate
2019-09-24 16:43:41,388 INFO  impl.RoleInfo (RoleInfo.java:updateAndGet(143)) - s2: start LeaderElection
2019-09-24 16:43:41,389 INFO  impl.FollowerState (FollowerState.java:run(108)) - s1@group-46F048A18FB7-FollowerState: change to CANDIDATE, lastRpcTime:233ms, electionTimeout:232ms
2019-09-24 16:43:41,389 INFO  impl.RoleInfo (RoleInfo.java:shutdownFollowerState(121)) - s1: shutdown FollowerState
2019-09-24 16:43:41,389 INFO  impl.RaftServerImpl (RaftServerImpl.java:setRole(170)) - s1@group-46F048A18FB7: changes role from  FOLLOWER to CANDIDATE at term 40 for changeToCandidate
2019-09-24 16:43:41,389 INFO  impl.RoleInfo (RoleInfo.java:updateAndGet(143)) - s1: start LeaderElection
2019-09-24 16:43:41,393 INFO  impl.FollowerState (FollowerState.java:run(108)) - s3@group-46F048A18FB7-FollowerState: change to CANDIDATE, lastRpcTime:233ms, electionTimeout:233ms
2019-09-24 16:43:41,393 INFO  impl.RoleInfo (RoleInfo.java:shutdownFollowerState(121)) - s3: shutdown FollowerState
2019-09-24 16:43:41,393 INFO  impl.RaftServerImpl (RaftServerImpl.java:setRole(170)) - s3@group-46F048A18FB7: changes role from  FOLLOWER to CANDIDATE at term 40 for changeToCandidate
2019-09-24 16:43:41,393 INFO  impl.RoleInfo (RoleInfo.java:updateAndGet(143)) - s3: start LeaderElection
2019-09-24 16:43:41,410 INFO  ratis.MiniRaftCluster (MiniRaftCluster.java:runWithNewCluster(127)) - printing ALL groups
  s3:  RUNNING CANDIDATE s3@group-46F048A18FB7:t41, leader=null, voted=s3, raftlog=s3@group-46F048A18FB7-SegmentedRaftLog:OPENED:c-1,f-1,i0, conf=-1: [s3:0.0.0.0:39188, s4:0.0.0.0:40778, s0:0.0.0.0:42012, s1:0.0.0.0:45336, s2:0.0.0.0:38783], old=null RUNNING
  s4:  RUNNING CANDIDATE s4@group-46F048A18FB7:t41, leader=null, voted=s4, raftlog=s4@group-46F048A18FB7-SegmentedRaftLog:OPENED:c-1,f-1,i0, conf=-1: [s3:0.0.0.0:39188, s4:0.0.0.0:40778, s0:0.0.0.0:42012, s1:0.0.0.0:45336, s2:0.0.0.0:38783], old=null RUNNING
  s0:  RUNNING  FOLLOWER s0@group-46F048A18FB7:t40, leader=null, voted=s0, raftlog=s0@group-46F048A18FB7-SegmentedRaftLog:OPENED:c-1,f-1,i0, conf=-1: [s3:0.0.0.0:39188, s4:0.0.0.0:40778, s0:0.0.0.0:42012, s1:0.0.0.0:45336, s2:0.0.0.0:38783], old=null RUNNING
  s1:  RUNNING CANDIDATE s1@group-46F048A18FB7:t41, leader=null, voted=s1, raftlog=s1@group-46F048A18FB7-SegmentedRaftLog:OPENED:c-1,f-1,i0, conf=-1: [s3:0.0.0.0:39188, s4:0.0.0.0:40778, s0:0.0.0.0:42012, s1:0.0.0.0:45336, s2:0.0.0.0:38783], old=null RUNNING
  s2:  RUNNING CANDIDATE s2@group-46F048A18FB7:t41, leader=null, voted=s2, raftlog=s2@group-46F048A18FB7-SegmentedRaftLog:OPENED:c-1,f-1,i0, conf=-1: [s3:0.0.0.0:39188, s4:0.0.0.0:40778, s0:0.0.0.0:42012, s1:0.0.0.0:45336, s2:0.0.0.0:38783], old=null RUNNING
2019-09-24 16:43:41,410 ERROR ratis.MiniRaftCluster (MiniRaftCluster.java:runWithNewCluster(128)) - Failed org.apache.ratis.MiniRaftCluster$Factory$Get.runWithNewCluster(MiniRaftCluster.java:113)
java.lang.IllegalStateException: No leader yet : printing ALL groups
  s3:  RUNNING CANDIDATE s3@group-46F048A18FB7:t41, leader=null, voted=s3, raftlog=s3@group-46F048A18FB7-SegmentedRaftLog:OPENED:c-1,f-1,i0, conf=-1: [s3:0.0.0.0:39188, s4:0.0.0.0:40778, s0:0.0.0.0:42012, s1:0.0.0.0:45336, s2:0.0.0.0:38783], old=null RUNNING
  s4:  RUNNING CANDIDATE s4@group-46F048A18FB7:t41, leader=null, voted=s4, raftlog=s4@group-46F048A18FB7-SegmentedRaftLog:OPENED:c-1,f-1,i0, conf=-1: [s3:0.0.0.0:39188, s4:0.0.0.0:40778, s0:0.0.0.0:42012, s1:0.0.0.0:45336, s2:0.0.0.0:38783], old=null RUNNING
  s0:  RUNNING  FOLLOWER s0@group-46F048A18FB7:t40, leader=null, voted=s0, raftlog=s0@group-46F048A18FB7-SegmentedRaftLog:OPENED:c-1,f-1,i0, conf=-1: [s3:0.0.0.0:39188, s4:0.0.0.0:40778, s0:0.0.0.0:42012, s1:0.0.0.0:45336, s2:0.0.0.0:38783], old=null RUNNING
  s1:  RUNNING CANDIDATE s1@group-46F048A18FB7:t41, leader=null, voted=s1, raftlog=s1@group-46F048A18FB7-SegmentedRaftLog:OPENED:c-1,f-1,i0, conf=-1: [s3:0.0.0.0:39188, s4:0.0.0.0:40778, s0:0.0.0.0:42012, s1:0.0.0.0:45336, s2:0.0.0.0:38783], old=null RUNNING
  s2:  RUNNING CANDIDATE s2@group-46F048A18FB7:t41, leader=null, voted=s2, raftlog=s2@group-46F048A18FB7-SegmentedRaftLog:OPENED:c-1,f-1,i0, conf=-1: [s3:0.0.0.0:39188, s4:0.0.0.0:40778, s0:0.0.0.0:42012, s1:0.0.0.0:45336, s2:0.0.0.0:38783], old=null RUNNING
	at org.apache.ratis.MiniRaftCluster.newIllegalStateExceptionForNoLeaders(MiniRaftCluster.java:506)
	at org.apache.ratis.RaftTestUtil.lambda$waitForLeader$1(RaftTestUtil.java:90)
	at org.apache.ratis.MiniRaftCluster.getLeader(MiniRaftCluster.java:539)
	at org.apache.ratis.MiniRaftCluster.getLeader(MiniRaftCluster.java:532)
	at org.apache.ratis.RaftTestUtil.lambda$waitForLeader$3(RaftTestUtil.java:98)
	at org.apache.ratis.util.JavaUtils.attempt(JavaUtils.java:152)
	at org.apache.ratis.RaftTestUtil.waitForLeader(RaftTestUtil.java:97)
	at org.apache.ratis.RaftTestUtil.waitForLeader(RaftTestUtil.java:77)
	at org.apache.ratis.RaftTestUtil.waitForLeader(RaftTestUtil.java:72)
	at org.apache.ratis.RaftBasicTests.testWithLoad(RaftBasicTests.java:336)
	at org.apache.ratis.RaftBasicTests.lambda$testWithLoad$10(RaftBasicTests.java:328)
	at org.apache.ratis.MiniRaftCluster$Factory$Get.runWithNewCluster(MiniRaftCluster.java:125)
	at org.apache.ratis.MiniRaftCluster$Factory$Get.runWithNewCluster(MiniRaftCluster.java:113)
	at org.apache.ratis.RaftBasicTests.testWithLoad(RaftBasicTests.java:328)
	at org.apache.ratis.netty.TestRaftWithNetty.testWithLoad(TestRaftWithNetty.java:31)
	at sun.reflect.NativeMethodAccessorImpl.invoke0(Native Method)
	at sun.reflect.NativeMethodAccessorImpl.invoke(NativeMethodAccessorImpl.java:62)
	at sun.reflect.DelegatingMethodAccessorImpl.invoke(DelegatingMethodAccessorImpl.java:43)
	at java.lang.reflect.Method.invoke(Method.java:498)
	at org.junit.runners.model.FrameworkMethod$1.runReflectiveCall(FrameworkMethod.java:50)
	at org.junit.internal.runners.model.ReflectiveCallable.run(ReflectiveCallable.java:12)
	at org.junit.runners.model.FrameworkMethod.invokeExplosively(FrameworkMethod.java:47)
	at org.junit.internal.runners.statements.InvokeMethod.evaluate(InvokeMethod.java:17)
	at org.junit.internal.runners.statements.RunAfters.evaluate(RunAfters.java:27)
	at org.junit.internal.runners.statements.FailOnTimeout$CallableStatement.call(FailOnTimeout.java:298)
	at org.junit.internal.runners.statements.FailOnTimeout$CallableStatement.call(FailOnTimeout.java:292)
	at java.util.concurrent.FutureTask.run(FutureTask.java:266)
	at java.lang.Thread.run(Thread.java:748)
2019-09-24 16:43:41,410 INFO  ratis.MiniRaftCluster (MiniRaftCluster.java:shutdown(700)) - ************************************************************** 
2019-09-24 16:43:41,411 INFO  ratis.MiniRaftCluster (MiniRaftCluster.java:shutdown(701)) - *** 
2019-09-24 16:43:41,411 INFO  ratis.MiniRaftCluster (MiniRaftCluster.java:shutdown(702)) - ***     Stopping MiniRaftClusterWithNetty
2019-09-24 16:43:41,411 INFO  ratis.MiniRaftCluster (MiniRaftCluster.java:shutdown(703)) - *** 
2019-09-24 16:43:41,411 INFO  ratis.MiniRaftCluster (MiniRaftCluster.java:shutdown(704)) - ************************************************************** 
2019-09-24 16:43:41,411 INFO  ratis.MiniRaftCluster (MiniRaftCluster.java:shutdown(705)) - printing ALL groups
  s3:  RUNNING CANDIDATE s3@group-46F048A18FB7:t41, leader=null, voted=s3, raftlog=s3@group-46F048A18FB7-SegmentedRaftLog:OPENED:c-1,f-1,i0, conf=-1: [s3:0.0.0.0:39188, s4:0.0.0.0:40778, s0:0.0.0.0:42012, s1:0.0.0.0:45336, s2:0.0.0.0:38783], old=null RUNNING
  s4:  RUNNING CANDIDATE s4@group-46F048A18FB7:t41, leader=null, voted=s4, raftlog=s4@group-46F048A18FB7-SegmentedRaftLog:OPENED:c-1,f-1,i0, conf=-1: [s3:0.0.0.0:39188, s4:0.0.0.0:40778, s0:0.0.0.0:42012, s1:0.0.0.0:45336, s2:0.0.0.0:38783], old=null RUNNING
  s0:  RUNNING  FOLLOWER s0@group-46F048A18FB7:t40, leader=null, voted=s0, raftlog=s0@group-46F048A18FB7-SegmentedRaftLog:OPENED:c-1,f-1,i0, conf=-1: [s3:0.0.0.0:39188, s4:0.0.0.0:40778, s0:0.0.0.0:42012, s1:0.0.0.0:45336, s2:0.0.0.0:38783], old=null RUNNING
  s1:  RUNNING CANDIDATE s1@group-46F048A18FB7:t41, leader=null, voted=s1, raftlog=s1@group-46F048A18FB7-SegmentedRaftLog:OPENED:c-1,f-1,i0, conf=-1: [s3:0.0.0.0:39188, s4:0.0.0.0:40778, s0:0.0.0.0:42012, s1:0.0.0.0:45336, s2:0.0.0.0:38783], old=null RUNNING
  s2:  RUNNING CANDIDATE s2@group-46F048A18FB7:t41, leader=null, voted=s2, raftlog=s2@group-46F048A18FB7-SegmentedRaftLog:OPENED:c-1,f-1,i0, conf=-1: [s3:0.0.0.0:39188, s4:0.0.0.0:40778, s0:0.0.0.0:42012, s1:0.0.0.0:45336, s2:0.0.0.0:38783], old=null RUNNING
2019-09-24 16:43:41,416 INFO  impl.RaftServerProxy (RaftServerProxy.java:lambda$close$4(314)) - s0: close
2019-09-24 16:43:41,416 INFO  impl.RaftServerProxy (RaftServerProxy.java:lambda$close$4(314)) - s1: close
2019-09-24 16:43:41,416 INFO  impl.RaftServerProxy (RaftServerProxy.java:lambda$close$4(314)) - s2: close
2019-09-24 16:43:41,416 INFO  impl.RaftServerProxy (RaftServerProxy.java:lambda$close$4(314)) - s4: close
2019-09-24 16:43:41,416 INFO  impl.RaftServerProxy (RaftServerProxy.java:lambda$close$4(314)) - s3: close
2019-09-24 16:43:41,418 INFO  impl.RaftServerImpl (RaftServerImpl.java:lambda$shutdown$3(247)) - s3@group-46F048A18FB7: shutdown
2019-09-24 16:43:41,418 INFO  impl.RaftServerImpl (RaftServerImpl.java:lambda$shutdown$3(247)) - s2@group-46F048A18FB7: shutdown
2019-09-24 16:43:41,418 INFO  impl.RaftServerImpl (RaftServerImpl.java:lambda$shutdown$3(247)) - s4@group-46F048A18FB7: shutdown
2019-09-24 16:43:41,418 INFO  impl.RaftServerImpl (RaftServerImpl.java:lambda$shutdown$3(247)) - s0@group-46F048A18FB7: shutdown
2019-09-24 16:43:41,418 INFO  impl.RaftServerImpl (RaftServerImpl.java:lambda$shutdown$3(247)) - s1@group-46F048A18FB7: shutdown
2019-09-24 16:43:41,420 INFO  util.JmxRegister (JmxRegister.java:unregister(73)) - Successfully un-registered JMX Bean with object name Ratis:service=RaftServer,group=group-46F048A18FB7,id=s0
2019-09-24 16:43:41,421 INFO  impl.RoleInfo (RoleInfo.java:shutdownFollowerState(121)) - s0: shutdown FollowerState
2019-09-24 16:43:41,420 INFO  util.JmxRegister (JmxRegister.java:unregister(73)) - Successfully un-registered JMX Bean with object name Ratis:service=RaftServer,group=group-46F048A18FB7,id=s4
2019-09-24 16:43:41,420 INFO  util.JmxRegister (JmxRegister.java:unregister(73)) - Successfully un-registered JMX Bean with object name Ratis:service=RaftServer,group=group-46F048A18FB7,id=s2
2019-09-24 16:43:41,422 INFO  impl.RoleInfo (RoleInfo.java:shutdownLeaderElection(134)) - s2: shutdown LeaderElection
2019-09-24 16:43:41,420 INFO  util.JmxRegister (JmxRegister.java:unregister(73)) - Successfully un-registered JMX Bean with object name Ratis:service=RaftServer,group=group-46F048A18FB7,id=s3
2019-09-24 16:43:41,422 INFO  impl.StateMachineUpdater (StateMachineUpdater.java:stopAndJoin(136)) - s2@group-46F048A18FB7-StateMachineUpdater: set stopIndex = -1
2019-09-24 16:43:41,421 INFO  impl.RoleInfo (RoleInfo.java:shutdownLeaderElection(134)) - s4: shutdown LeaderElection
2019-09-24 16:43:41,421 INFO  impl.FollowerState (FollowerState.java:run(117)) - s0@group-46F048A18FB7-FollowerState was interrupted: java.lang.InterruptedException: sleep interrupted
2019-09-24 16:43:41,421 INFO  impl.StateMachineUpdater (StateMachineUpdater.java:stopAndJoin(136)) - s0@group-46F048A18FB7-StateMachineUpdater: set stopIndex = -1
2019-09-24 16:43:41,421 INFO  util.JmxRegister (JmxRegister.java:unregister(73)) - Successfully un-registered JMX Bean with object name Ratis:service=RaftServer,group=group-46F048A18FB7,id=s1
2019-09-24 16:43:41,423 INFO  impl.RaftServerImpl (ServerState.java:close(386)) - s0@group-46F048A18FB7: closes. applyIndex: -1
2019-09-24 16:43:41,423 INFO  impl.StateMachineUpdater (StateMachineUpdater.java:stopAndJoin(136)) - s4@group-46F048A18FB7-StateMachineUpdater: set stopIndex = -1
2019-09-24 16:43:41,424 INFO  impl.RaftServerImpl (ServerState.java:close(386)) - s4@group-46F048A18FB7: closes. applyIndex: -1
2019-09-24 16:43:41,422 INFO  impl.RaftServerImpl (ServerState.java:close(386)) - s2@group-46F048A18FB7: closes. applyIndex: -1
2019-09-24 16:43:41,422 INFO  impl.RoleInfo (RoleInfo.java:shutdownLeaderElection(134)) - s3: shutdown LeaderElection
2019-09-24 16:43:41,424 INFO  impl.StateMachineUpdater (StateMachineUpdater.java:stopAndJoin(136)) - s3@group-46F048A18FB7-StateMachineUpdater: set stopIndex = -1
2019-09-24 16:43:41,423 INFO  impl.RoleInfo (RoleInfo.java:shutdownLeaderElection(134)) - s1: shutdown LeaderElection
2019-09-24 16:43:41,425 INFO  impl.RaftServerImpl (ServerState.java:close(386)) - s3@group-46F048A18FB7: closes. applyIndex: -1
2019-09-24 16:43:41,425 INFO  impl.StateMachineUpdater (StateMachineUpdater.java:stopAndJoin(136)) - s1@group-46F048A18FB7-StateMachineUpdater: set stopIndex = -1
2019-09-24 16:43:41,425 INFO  impl.RaftServerImpl (ServerState.java:close(386)) - s1@group-46F048A18FB7: closes. applyIndex: -1
2019-09-24 16:43:41,428 INFO  segmented.SegmentedRaftLogWorker (SegmentedRaftLogWorker.java:run(313)) - s0@group-46F048A18FB7-SegmentedRaftLogWorker was interrupted, exiting. There are 0 tasks remaining in the queue.
2019-09-24 16:43:41,429 INFO  segmented.SegmentedRaftLogWorker (SegmentedRaftLogWorker.java:run(313)) - s4@group-46F048A18FB7-SegmentedRaftLogWorker was interrupted, exiting. There are 0 tasks remaining in the queue.
2019-09-24 16:43:41,429 INFO  segmented.SegmentedRaftLogWorker (SegmentedRaftLogWorker.java:close(228)) - s0@group-46F048A18FB7-SegmentedRaftLogWorker close()
2019-09-24 16:43:41,429 INFO  segmented.SegmentedRaftLogWorker (SegmentedRaftLogWorker.java:run(313)) - s2@group-46F048A18FB7-SegmentedRaftLogWorker was interrupted, exiting. There are 0 tasks remaining in the queue.
2019-09-24 16:43:41,428 INFO  segmented.SegmentedRaftLogWorker (SegmentedRaftLogWorker.java:run(313)) - s3@group-46F048A18FB7-SegmentedRaftLogWorker was interrupted, exiting. There are 0 tasks remaining in the queue.
2019-09-24 16:43:41,430 INFO  segmented.SegmentedRaftLogWorker (SegmentedRaftLogWorker.java:close(228)) - s2@group-46F048A18FB7-SegmentedRaftLogWorker close()
2019-09-24 16:43:41,429 INFO  segmented.SegmentedRaftLogWorker (SegmentedRaftLogWorker.java:close(228)) - s4@group-46F048A18FB7-SegmentedRaftLogWorker close()
2019-09-24 16:43:41,429 INFO  segmented.SegmentedRaftLogWorker (SegmentedRaftLogWorker.java:run(313)) - s1@group-46F048A18FB7-SegmentedRaftLogWorker was interrupted, exiting. There are 0 tasks remaining in the queue.
2019-09-24 16:43:41,430 INFO  segmented.SegmentedRaftLogWorker (SegmentedRaftLogWorker.java:close(228)) - s3@group-46F048A18FB7-SegmentedRaftLogWorker close()
2019-09-24 16:43:41,431 INFO  segmented.SegmentedRaftLogWorker (SegmentedRaftLogWorker.java:close(228)) - s1@group-46F048A18FB7-SegmentedRaftLogWorker close()
2019-09-24 16:43:41,432 INFO  logging.LoggingHandler (AbstractInternalLogger.java:log(150)) - [id: 0x9b42268a, L:/0.0.0.0:42012] UNREGISTERED
2019-09-24 16:43:41,432 INFO  logging.LoggingHandler (AbstractInternalLogger.java:log(150)) - [id: 0x18a2b203, L:/0.0.0.0:38783] UNREGISTERED
2019-09-24 16:43:41,432 INFO  logging.LoggingHandler (AbstractInternalLogger.java:log(150)) - [id: 0xcfc333ef, L:/0.0.0.0:39188] UNREGISTERED
2019-09-24 16:43:41,432 INFO  logging.LoggingHandler (AbstractInternalLogger.java:log(150)) - [id: 0x99e1f04d, L:/0.0.0.0:45336] UNREGISTERED
2019-09-24 16:43:41,432 INFO  logging.LoggingHandler (AbstractInternalLogger.java:log(150)) - [id: 0xfed9dadb, L:/0.0.0.0:40778] UNREGISTERED
2019-09-24 16:43:41,436 INFO  ratis.MiniRaftCluster (MiniRaftCluster.java:shutdown(722)) - MiniRaftClusterWithNetty shutdown completed
]]></system-out>
  </testcase>
  <testcase name="testBasicAppendEntries" classname="org.apache.ratis.netty.TestRaftWithNetty" time="4.713"/>
  <testcase name="testBasicAppendEntriesKillLeader" classname="org.apache.ratis.netty.TestRaftWithNetty" time="6.914"/>
  <testcase name="testOldLeaderCommit" classname="org.apache.ratis.netty.TestRaftWithNetty" time="3.024"/>
  <testcase name="testOldLeaderNotCommit" classname="org.apache.ratis.netty.TestRaftWithNetty" time="54.357">
    <error message="No leader yet : printing ALL groups&#10;  s3:  RUNNING  FOLLOWER s3@group-A1B89BB4020A:t12, leader=null, voted=s2, raftlog=s3@group-A1B89BB4020A-SegmentedRaftLog:OPENED:c-1,f-1,i0, conf=-1: [s3:0.0.0.0:34761, s4:0.0.0.0:42956, s0:0.0.0.0:35561, s1:0.0.0.0:38095, s2:0.0.0.0:39611], old=null RUNNING&#10;  s4:  RUNNING  FOLLOWER s4@group-A1B89BB4020A:t12, leader=null, voted=s2, raftlog=s4@group-A1B89BB4020A-SegmentedRaftLog:OPENED:c-1,f0,i0, conf=0: [s3:0.0.0.0:34761, s4:0.0.0.0:42956, s0:0.0.0.0:35561, s1:0.0.0.0:38095, s2:0.0.0.0:39611], old=null RUNNING&#10;  s0:  RUNNING  FOLLOWER s0@group-A1B89BB4020A:t12, leader=null, voted=s2, raftlog=s0@group-A1B89BB4020A-SegmentedRaftLog:OPENED:c-1,f0,i0, conf=0: [s3:0.0.0.0:34761, s4:0.0.0.0:42956, s0:0.0.0.0:35561, s1:0.0.0.0:38095, s2:0.0.0.0:39611], old=null RUNNING&#10;  s1:  RUNNING  FOLLOWER s1@group-A1B89BB4020A:t12, leader=null, voted=s2, raftlog=s1@group-A1B89BB4020A-SegmentedRaftLog:OPENED:c-1,f0,i0, conf=0: [s3:0.0.0.0:34761, s4:0.0.0.0:42956, s0:0.0.0.0:35561, s1:0.0.0.0:38095, s2:0.0.0.0:39611], old=null RUNNING&#10;  s2:  RUNNING CANDIDATE s2@group-A1B89BB4020A:t13, leader=null, voted=s2, raftlog=s2@group-A1B89BB4020A-SegmentedRaftLog:OPENED:c-1,f0,i0, conf=0: [s3:0.0.0.0:34761, s4:0.0.0.0:42956, s0:0.0.0.0:35561, s1:0.0.0.0:38095, s2:0.0.0.0:39611], old=null RUNNING" type="java.lang.IllegalStateException">java.lang.IllegalStateException: 
No leader yet : printing ALL groups
  s3:  RUNNING  FOLLOWER s3@group-A1B89BB4020A:t12, leader=null, voted=s2, raftlog=s3@group-A1B89BB4020A-SegmentedRaftLog:OPENED:c-1,f-1,i0, conf=-1: [s3:0.0.0.0:34761, s4:0.0.0.0:42956, s0:0.0.0.0:35561, s1:0.0.0.0:38095, s2:0.0.0.0:39611], old=null RUNNING
  s4:  RUNNING  FOLLOWER s4@group-A1B89BB4020A:t12, leader=null, voted=s2, raftlog=s4@group-A1B89BB4020A-SegmentedRaftLog:OPENED:c-1,f0,i0, conf=0: [s3:0.0.0.0:34761, s4:0.0.0.0:42956, s0:0.0.0.0:35561, s1:0.0.0.0:38095, s2:0.0.0.0:39611], old=null RUNNING
  s0:  RUNNING  FOLLOWER s0@group-A1B89BB4020A:t12, leader=null, voted=s2, raftlog=s0@group-A1B89BB4020A-SegmentedRaftLog:OPENED:c-1,f0,i0, conf=0: [s3:0.0.0.0:34761, s4:0.0.0.0:42956, s0:0.0.0.0:35561, s1:0.0.0.0:38095, s2:0.0.0.0:39611], old=null RUNNING
  s1:  RUNNING  FOLLOWER s1@group-A1B89BB4020A:t12, leader=null, voted=s2, raftlog=s1@group-A1B89BB4020A-SegmentedRaftLog:OPENED:c-1,f0,i0, conf=0: [s3:0.0.0.0:34761, s4:0.0.0.0:42956, s0:0.0.0.0:35561, s1:0.0.0.0:38095, s2:0.0.0.0:39611], old=null RUNNING
  s2:  RUNNING CANDIDATE s2@group-A1B89BB4020A:t13, leader=null, voted=s2, raftlog=s2@group-A1B89BB4020A-SegmentedRaftLog:OPENED:c-1,f0,i0, conf=0: [s3:0.0.0.0:34761, s4:0.0.0.0:42956, s0:0.0.0.0:35561, s1:0.0.0.0:38095, s2:0.0.0.0:39611], old=null RUNNING
</error>
    <system-out><![CDATA[2019-09-24 16:43:56,104 INFO  util.LogUtils (LogUtils.java:setLogLevel(41)) - Set org.apache.ratis.conf.ConfUtils log level to WARN
2019-09-24 16:43:56,104 INFO  util.LogUtils (LogUtils.java:setLogLevel(41)) - Set org.apache.ratis.util.FileUtils log level to TRACE
2019-09-24 16:43:56,104 INFO  util.LogUtils (LogUtils.java:setLogLevel(41)) - Set org.apache.ratis.server.impl.RaftServerImpl log level to DEBUG
2019-09-24 16:43:56,104 INFO  util.LogUtils (LogUtils.java:setLogLevel(41)) - Set org.apache.ratis.server.impl.StateMachineUpdater log level to DEBUG
2019-09-24 16:43:56,106 INFO  ratis.MiniRaftCluster (MiniRaftCluster.java:runWithNewCluster(119)) - Running runWithNewCluster
2019-09-24 16:43:56,107 INFO  ratis.MiniRaftCluster (MiniRaftCluster.java:<init>(253)) - new MiniRaftClusterWithNetty with group-A1B89BB4020A:[s3:0.0.0.0:34761, s4:0.0.0.0:42956, s0:0.0.0.0:35561, s1:0.0.0.0:38095, s2:0.0.0.0:39611]
2019-09-24 16:43:56,107 INFO  ratis.MiniRaftCluster (MiniRaftCluster.java:start(287)) - .............................................................. 
2019-09-24 16:43:56,107 INFO  ratis.MiniRaftCluster (MiniRaftCluster.java:start(288)) - ... 
2019-09-24 16:43:56,107 INFO  ratis.MiniRaftCluster (MiniRaftCluster.java:start(289)) - ...     Starting MiniRaftClusterWithNetty
2019-09-24 16:43:56,107 INFO  ratis.MiniRaftCluster (MiniRaftCluster.java:start(290)) - ... 
2019-09-24 16:43:56,107 INFO  ratis.MiniRaftCluster (MiniRaftCluster.java:start(291)) - .............................................................. 
2019-09-24 16:43:56,107 INFO  ratis.MiniRaftCluster (MiniRaftCluster.java:initServers(265)) - servers = {}
2019-09-24 16:43:56,108 INFO  ratis.MiniRaftCluster (MiniRaftCluster.java:newRaftServer(330)) - newRaftServer: s3, group-A1B89BB4020A:[s3:0.0.0.0:34761, s4:0.0.0.0:42956, s0:0.0.0.0:35561, s1:0.0.0.0:38095, s2:0.0.0.0:39611], format? true
2019-09-24 16:43:56,108 TRACE util.FileUtils (FileUtils.java:deleteFully(88)) - deleteFully target/test/data/ddcd30e7/MiniRaftClusterWithNettybd46e168/s3
2019-09-24 16:43:56,108 TRACE util.FileUtils (FileUtils.java:deleteFully(104)) - deleteFully: target/test/data/ddcd30e7/MiniRaftClusterWithNettybd46e168/s3 does not exist.
2019-09-24 16:43:56,109 INFO  ratis.MiniRaftCluster (MiniRaftCluster.java:newRaftServer(335)) - Formatted directory target/test/data/ddcd30e7/MiniRaftClusterWithNettybd46e168/s3
2019-09-24 16:43:56,109 INFO  impl.RaftServerProxy (ConfUtils.java:logGet(43)) - raft.rpc.type = NETTY (custom)
2019-09-24 16:43:56,112 INFO  netty.NettyConfigKeys$Server (ConfUtils.java:logGet(43)) - raft.netty.server.port = 34761 (custom)
2019-09-24 16:43:56,113 INFO  server.RaftServerConfigKeys (ConfUtils.java:logGet(43)) - raft.server.storage.dir = [/workdir/ratis-test/target/test/data/ddcd30e7/MiniRaftClusterWithNettybd46e168/s3] (custom)
2019-09-24 16:43:56,113 INFO  logging.LoggingHandler (AbstractInternalLogger.java:log(150)) - [id: 0x5585b291] REGISTERED
2019-09-24 16:43:56,114 INFO  logging.LoggingHandler (AbstractInternalLogger.java:log(150)) - [id: 0x5585b291] BIND: 0.0.0.0/0.0.0.0:34761
2019-09-24 16:43:56,114 INFO  impl.RaftServerProxy (RaftServerProxy.java:addNew(89)) - s3: addNew group-A1B89BB4020A:[s3:0.0.0.0:34761, s4:0.0.0.0:42956, s0:0.0.0.0:35561, s1:0.0.0.0:38095, s2:0.0.0.0:39611] returns group-A1B89BB4020A:java.util.concurrent.CompletableFuture@351cb175[Not completed]
2019-09-24 16:43:56,114 INFO  logging.LoggingHandler (AbstractInternalLogger.java:log(150)) - [id: 0x5585b291, L:/0.0.0.0:34761] ACTIVE
2019-09-24 16:43:56,115 INFO  impl.RaftServerImpl (RaftServerImpl.java:<init>(95)) - s3: new RaftServerImpl for group-A1B89BB4020A:[s3:0.0.0.0:34761, s4:0.0.0.0:42956, s0:0.0.0.0:35561, s1:0.0.0.0:38095, s2:0.0.0.0:39611] with BaseStateMachine:uninitialized
2019-09-24 16:43:56,116 INFO  server.RaftServerConfigKeys (ConfUtils.java:logGet(43)) - raft.server.rpc.timeout.min = 150ms (default)
2019-09-24 16:43:56,116 INFO  ratis.MiniRaftCluster (MiniRaftCluster.java:newRaftServer(330)) - newRaftServer: s4, group-A1B89BB4020A:[s3:0.0.0.0:34761, s4:0.0.0.0:42956, s0:0.0.0.0:35561, s1:0.0.0.0:38095, s2:0.0.0.0:39611], format? true
2019-09-24 16:43:56,116 INFO  server.RaftServerConfigKeys (ConfUtils.java:logGet(43)) - raft.server.rpc.timeout.max = 300ms (default)
2019-09-24 16:43:56,116 TRACE util.FileUtils (FileUtils.java:deleteFully(88)) - deleteFully target/test/data/ddcd30e7/MiniRaftClusterWithNettybd46e168/s4
2019-09-24 16:43:56,116 INFO  server.RaftServerConfigKeys (ConfUtils.java:logGet(43)) - raft.server.rpcslowness.timeout = 60s (default)
2019-09-24 16:43:56,117 INFO  server.RaftServerConfigKeys (ConfUtils.java:logGet(43)) - raft.server.sleep.deviation.threshold = 300 (default)
2019-09-24 16:43:56,117 TRACE util.FileUtils (FileUtils.java:deleteFully(104)) - deleteFully: target/test/data/ddcd30e7/MiniRaftClusterWithNettybd46e168/s4 does not exist.
2019-09-24 16:43:56,117 INFO  server.RaftServerConfigKeys (ConfUtils.java:logGet(43)) - raft.server.log.appender.install.snapshot.enabled = true (default)
2019-09-24 16:43:56,117 INFO  ratis.MiniRaftCluster (MiniRaftCluster.java:newRaftServer(335)) - Formatted directory target/test/data/ddcd30e7/MiniRaftClusterWithNettybd46e168/s4
2019-09-24 16:43:56,117 INFO  impl.RaftServerImpl (ServerState.java:<init>(103)) - s3@group-A1B89BB4020A: ConfigurationManager, init=-1: [s3:0.0.0.0:34761, s4:0.0.0.0:42956, s0:0.0.0.0:35561, s1:0.0.0.0:38095, s2:0.0.0.0:39611], old=null, confs=<EMPTY_MAP>
2019-09-24 16:43:56,117 INFO  impl.RaftServerProxy (ConfUtils.java:logGet(43)) - raft.rpc.type = NETTY (custom)
2019-09-24 16:43:56,118 INFO  server.RaftServerConfigKeys (ConfUtils.java:logGet(43)) - raft.server.storage.dir = [/workdir/ratis-test/target/test/data/ddcd30e7/MiniRaftClusterWithNettybd46e168/s3] (custom)
2019-09-24 16:43:56,118 INFO  server.RaftServerConfigKeys (ConfUtils.java:logGet(43)) - raft.server.log.corruption.policy = EXCEPTION (default)
2019-09-24 16:43:56,118 INFO  storage.RaftStorageDirectory (RaftStorageDirectory.java:analyzeStorage(246)) - The storage directory /workdir/ratis-test/target/test/data/ddcd30e7/MiniRaftClusterWithNettybd46e168/s3/cf2f9e16-dbc8-4993-973b-a1b89bb4020a does not exist. Creating ...
2019-09-24 16:43:56,119 TRACE util.FileUtils (LogUtils.java:runAndLog(61)) - Successfully ran Files.createDirectories /workdir/ratis-test/target/test/data/ddcd30e7/MiniRaftClusterWithNettybd46e168/s3/cf2f9e16-dbc8-4993-973b-a1b89bb4020a
2019-09-24 16:43:56,119 INFO  netty.NettyConfigKeys$Server (ConfUtils.java:logGet(43)) - raft.netty.server.port = 42956 (custom)
2019-09-24 16:43:56,120 INFO  server.RaftServerConfigKeys (ConfUtils.java:logGet(43)) - raft.server.storage.dir = [/workdir/ratis-test/target/test/data/ddcd30e7/MiniRaftClusterWithNettybd46e168/s4] (custom)
2019-09-24 16:43:56,121 INFO  logging.LoggingHandler (AbstractInternalLogger.java:log(150)) - [id: 0x981c0467] REGISTERED
2019-09-24 16:43:56,121 INFO  logging.LoggingHandler (AbstractInternalLogger.java:log(150)) - [id: 0x981c0467] BIND: 0.0.0.0/0.0.0.0:42956
2019-09-24 16:43:56,121 INFO  impl.RaftServerProxy (RaftServerProxy.java:addNew(89)) - s4: addNew group-A1B89BB4020A:[s3:0.0.0.0:34761, s4:0.0.0.0:42956, s0:0.0.0.0:35561, s1:0.0.0.0:38095, s2:0.0.0.0:39611] returns group-A1B89BB4020A:java.util.concurrent.CompletableFuture@781dad4e[Not completed]
2019-09-24 16:43:56,121 INFO  logging.LoggingHandler (AbstractInternalLogger.java:log(150)) - [id: 0x981c0467, L:/0.0.0.0:42956] ACTIVE
2019-09-24 16:43:56,122 INFO  impl.RaftServerImpl (RaftServerImpl.java:<init>(95)) - s4: new RaftServerImpl for group-A1B89BB4020A:[s3:0.0.0.0:34761, s4:0.0.0.0:42956, s0:0.0.0.0:35561, s1:0.0.0.0:38095, s2:0.0.0.0:39611] with BaseStateMachine:uninitialized
2019-09-24 16:43:56,122 INFO  ratis.MiniRaftCluster (MiniRaftCluster.java:newRaftServer(330)) - newRaftServer: s0, group-A1B89BB4020A:[s3:0.0.0.0:34761, s4:0.0.0.0:42956, s0:0.0.0.0:35561, s1:0.0.0.0:38095, s2:0.0.0.0:39611], format? true
2019-09-24 16:43:56,123 INFO  server.RaftServerConfigKeys (ConfUtils.java:logGet(43)) - raft.server.rpc.timeout.min = 150ms (default)
2019-09-24 16:43:56,123 TRACE util.FileUtils (FileUtils.java:deleteFully(88)) - deleteFully target/test/data/ddcd30e7/MiniRaftClusterWithNettybd46e168/s0
2019-09-24 16:43:56,123 INFO  server.RaftServerConfigKeys (ConfUtils.java:logGet(43)) - raft.server.rpc.timeout.max = 300ms (default)
2019-09-24 16:43:56,124 TRACE util.FileUtils (FileUtils.java:deleteFully(104)) - deleteFully: target/test/data/ddcd30e7/MiniRaftClusterWithNettybd46e168/s0 does not exist.
2019-09-24 16:43:56,124 INFO  ratis.MiniRaftCluster (MiniRaftCluster.java:newRaftServer(335)) - Formatted directory target/test/data/ddcd30e7/MiniRaftClusterWithNettybd46e168/s0
2019-09-24 16:43:56,124 INFO  server.RaftServerConfigKeys (ConfUtils.java:logGet(43)) - raft.server.rpcslowness.timeout = 60s (default)
2019-09-24 16:43:56,124 INFO  server.RaftServerConfigKeys (ConfUtils.java:logGet(43)) - raft.server.sleep.deviation.threshold = 300 (default)
2019-09-24 16:43:56,124 INFO  impl.RaftServerProxy (ConfUtils.java:logGet(43)) - raft.rpc.type = NETTY (custom)
2019-09-24 16:43:56,124 INFO  server.RaftServerConfigKeys (ConfUtils.java:logGet(43)) - raft.server.log.appender.install.snapshot.enabled = true (default)
2019-09-24 16:43:56,125 INFO  impl.RaftServerImpl (ServerState.java:<init>(103)) - s4@group-A1B89BB4020A: ConfigurationManager, init=-1: [s3:0.0.0.0:34761, s4:0.0.0.0:42956, s0:0.0.0.0:35561, s1:0.0.0.0:38095, s2:0.0.0.0:39611], old=null, confs=<EMPTY_MAP>
2019-09-24 16:43:56,125 INFO  server.RaftServerConfigKeys (ConfUtils.java:logGet(43)) - raft.server.storage.dir = [/workdir/ratis-test/target/test/data/ddcd30e7/MiniRaftClusterWithNettybd46e168/s4] (custom)
2019-09-24 16:43:56,125 INFO  server.RaftServerConfigKeys (ConfUtils.java:logGet(43)) - raft.server.log.corruption.policy = EXCEPTION (default)
2019-09-24 16:43:56,125 INFO  storage.RaftStorageDirectory (RaftStorageDirectory.java:analyzeStorage(246)) - The storage directory /workdir/ratis-test/target/test/data/ddcd30e7/MiniRaftClusterWithNettybd46e168/s4/cf2f9e16-dbc8-4993-973b-a1b89bb4020a does not exist. Creating ...
2019-09-24 16:43:56,126 INFO  netty.NettyConfigKeys$Server (ConfUtils.java:logGet(43)) - raft.netty.server.port = 35561 (custom)
2019-09-24 16:43:56,126 TRACE util.FileUtils (LogUtils.java:runAndLog(61)) - Successfully ran Files.createDirectories /workdir/ratis-test/target/test/data/ddcd30e7/MiniRaftClusterWithNettybd46e168/s4/cf2f9e16-dbc8-4993-973b-a1b89bb4020a
2019-09-24 16:43:56,127 INFO  logging.LoggingHandler (AbstractInternalLogger.java:log(150)) - [id: 0x91fdc2c7] REGISTERED
2019-09-24 16:43:56,127 INFO  server.RaftServerConfigKeys (ConfUtils.java:logGet(43)) - raft.server.storage.dir = [/workdir/ratis-test/target/test/data/ddcd30e7/MiniRaftClusterWithNettybd46e168/s0] (custom)
2019-09-24 16:43:56,127 INFO  logging.LoggingHandler (AbstractInternalLogger.java:log(150)) - [id: 0x91fdc2c7] BIND: 0.0.0.0/0.0.0.0:35561
2019-09-24 16:43:56,127 INFO  logging.LoggingHandler (AbstractInternalLogger.java:log(150)) - [id: 0x91fdc2c7, L:/0.0.0.0:35561] ACTIVE
2019-09-24 16:43:56,128 INFO  impl.RaftServerProxy (RaftServerProxy.java:addNew(89)) - s0: addNew group-A1B89BB4020A:[s3:0.0.0.0:34761, s4:0.0.0.0:42956, s0:0.0.0.0:35561, s1:0.0.0.0:38095, s2:0.0.0.0:39611] returns group-A1B89BB4020A:java.util.concurrent.CompletableFuture@43f1b29c[Not completed]
2019-09-24 16:43:56,128 INFO  impl.RaftServerImpl (RaftServerImpl.java:<init>(95)) - s0: new RaftServerImpl for group-A1B89BB4020A:[s3:0.0.0.0:34761, s4:0.0.0.0:42956, s0:0.0.0.0:35561, s1:0.0.0.0:38095, s2:0.0.0.0:39611] with BaseStateMachine:uninitialized
2019-09-24 16:43:56,130 INFO  server.RaftServerConfigKeys (ConfUtils.java:logGet(43)) - raft.server.rpc.timeout.min = 150ms (default)
2019-09-24 16:43:56,130 INFO  ratis.MiniRaftCluster (MiniRaftCluster.java:newRaftServer(330)) - newRaftServer: s1, group-A1B89BB4020A:[s3:0.0.0.0:34761, s4:0.0.0.0:42956, s0:0.0.0.0:35561, s1:0.0.0.0:38095, s2:0.0.0.0:39611], format? true
2019-09-24 16:43:56,131 INFO  server.RaftServerConfigKeys (ConfUtils.java:logGet(43)) - raft.server.rpc.timeout.max = 300ms (default)
2019-09-24 16:43:56,131 TRACE util.FileUtils (FileUtils.java:deleteFully(88)) - deleteFully target/test/data/ddcd30e7/MiniRaftClusterWithNettybd46e168/s1
2019-09-24 16:43:56,131 INFO  server.RaftServerConfigKeys (ConfUtils.java:logGet(43)) - raft.server.rpcslowness.timeout = 60s (default)
2019-09-24 16:43:56,131 TRACE util.FileUtils (FileUtils.java:deleteFully(104)) - deleteFully: target/test/data/ddcd30e7/MiniRaftClusterWithNettybd46e168/s1 does not exist.
2019-09-24 16:43:56,131 INFO  ratis.MiniRaftCluster (MiniRaftCluster.java:newRaftServer(335)) - Formatted directory target/test/data/ddcd30e7/MiniRaftClusterWithNettybd46e168/s1
2019-09-24 16:43:56,131 INFO  server.RaftServerConfigKeys (ConfUtils.java:logGet(43)) - raft.server.sleep.deviation.threshold = 300 (default)
2019-09-24 16:43:56,132 INFO  server.RaftServerConfigKeys (ConfUtils.java:logGet(43)) - raft.server.log.appender.install.snapshot.enabled = true (default)
2019-09-24 16:43:56,132 INFO  impl.RaftServerProxy (ConfUtils.java:logGet(43)) - raft.rpc.type = NETTY (custom)
2019-09-24 16:43:56,132 INFO  impl.RaftServerImpl (ServerState.java:<init>(103)) - s0@group-A1B89BB4020A: ConfigurationManager, init=-1: [s3:0.0.0.0:34761, s4:0.0.0.0:42956, s0:0.0.0.0:35561, s1:0.0.0.0:38095, s2:0.0.0.0:39611], old=null, confs=<EMPTY_MAP>
2019-09-24 16:43:56,132 INFO  server.RaftServerConfigKeys (ConfUtils.java:logGet(43)) - raft.server.storage.dir = [/workdir/ratis-test/target/test/data/ddcd30e7/MiniRaftClusterWithNettybd46e168/s0] (custom)
2019-09-24 16:43:56,133 INFO  server.RaftServerConfigKeys (ConfUtils.java:logGet(43)) - raft.server.log.corruption.policy = EXCEPTION (default)
2019-09-24 16:43:56,133 INFO  storage.RaftStorageDirectory (RaftStorageDirectory.java:analyzeStorage(246)) - The storage directory /workdir/ratis-test/target/test/data/ddcd30e7/MiniRaftClusterWithNettybd46e168/s0/cf2f9e16-dbc8-4993-973b-a1b89bb4020a does not exist. Creating ...
2019-09-24 16:43:56,133 TRACE util.FileUtils (LogUtils.java:runAndLog(61)) - Successfully ran Files.createDirectories /workdir/ratis-test/target/test/data/ddcd30e7/MiniRaftClusterWithNettybd46e168/s0/cf2f9e16-dbc8-4993-973b-a1b89bb4020a
2019-09-24 16:43:56,134 INFO  netty.NettyConfigKeys$Server (ConfUtils.java:logGet(43)) - raft.netty.server.port = 38095 (custom)
2019-09-24 16:43:56,134 INFO  server.RaftServerConfigKeys (ConfUtils.java:logGet(43)) - raft.server.storage.dir = [/workdir/ratis-test/target/test/data/ddcd30e7/MiniRaftClusterWithNettybd46e168/s1] (custom)
2019-09-24 16:43:56,134 INFO  logging.LoggingHandler (AbstractInternalLogger.java:log(150)) - [id: 0x22e46ccb] REGISTERED
2019-09-24 16:43:56,135 INFO  impl.RaftServerProxy (RaftServerProxy.java:addNew(89)) - s1: addNew group-A1B89BB4020A:[s3:0.0.0.0:34761, s4:0.0.0.0:42956, s0:0.0.0.0:35561, s1:0.0.0.0:38095, s2:0.0.0.0:39611] returns group-A1B89BB4020A:java.util.concurrent.CompletableFuture@7ec8ccec[Not completed]
2019-09-24 16:43:56,135 INFO  logging.LoggingHandler (AbstractInternalLogger.java:log(150)) - [id: 0x22e46ccb] BIND: 0.0.0.0/0.0.0.0:38095
2019-09-24 16:43:56,135 INFO  logging.LoggingHandler (AbstractInternalLogger.java:log(150)) - [id: 0x22e46ccb, L:/0.0.0.0:38095] ACTIVE
2019-09-24 16:43:56,135 INFO  impl.RaftServerImpl (RaftServerImpl.java:<init>(95)) - s1: new RaftServerImpl for group-A1B89BB4020A:[s3:0.0.0.0:34761, s4:0.0.0.0:42956, s0:0.0.0.0:35561, s1:0.0.0.0:38095, s2:0.0.0.0:39611] with BaseStateMachine:uninitialized
2019-09-24 16:43:56,136 INFO  server.RaftServerConfigKeys (ConfUtils.java:logGet(43)) - raft.server.rpc.timeout.min = 150ms (default)
2019-09-24 16:43:56,136 INFO  server.RaftServerConfigKeys (ConfUtils.java:logGet(43)) - raft.server.rpc.timeout.max = 300ms (default)
2019-09-24 16:43:56,136 INFO  server.RaftServerConfigKeys (ConfUtils.java:logGet(43)) - raft.server.rpcslowness.timeout = 60s (default)
2019-09-24 16:43:56,136 INFO  ratis.MiniRaftCluster (MiniRaftCluster.java:newRaftServer(330)) - newRaftServer: s2, group-A1B89BB4020A:[s3:0.0.0.0:34761, s4:0.0.0.0:42956, s0:0.0.0.0:35561, s1:0.0.0.0:38095, s2:0.0.0.0:39611], format? true
2019-09-24 16:43:56,136 INFO  server.RaftServerConfigKeys (ConfUtils.java:logGet(43)) - raft.server.sleep.deviation.threshold = 300 (default)
2019-09-24 16:43:56,136 TRACE util.FileUtils (FileUtils.java:deleteFully(88)) - deleteFully target/test/data/ddcd30e7/MiniRaftClusterWithNettybd46e168/s2
2019-09-24 16:43:56,136 INFO  server.RaftServerConfigKeys (ConfUtils.java:logGet(43)) - raft.server.log.appender.install.snapshot.enabled = true (default)
2019-09-24 16:43:56,137 TRACE util.FileUtils (FileUtils.java:deleteFully(104)) - deleteFully: target/test/data/ddcd30e7/MiniRaftClusterWithNettybd46e168/s2 does not exist.
2019-09-24 16:43:56,137 INFO  ratis.MiniRaftCluster (MiniRaftCluster.java:newRaftServer(335)) - Formatted directory target/test/data/ddcd30e7/MiniRaftClusterWithNettybd46e168/s2
2019-09-24 16:43:56,137 INFO  impl.RaftServerImpl (ServerState.java:<init>(103)) - s1@group-A1B89BB4020A: ConfigurationManager, init=-1: [s3:0.0.0.0:34761, s4:0.0.0.0:42956, s0:0.0.0.0:35561, s1:0.0.0.0:38095, s2:0.0.0.0:39611], old=null, confs=<EMPTY_MAP>
2019-09-24 16:43:56,137 INFO  impl.RaftServerProxy (ConfUtils.java:logGet(43)) - raft.rpc.type = NETTY (custom)
2019-09-24 16:43:56,137 INFO  server.RaftServerConfigKeys (ConfUtils.java:logGet(43)) - raft.server.storage.dir = [/workdir/ratis-test/target/test/data/ddcd30e7/MiniRaftClusterWithNettybd46e168/s1] (custom)
2019-09-24 16:43:56,138 INFO  server.RaftServerConfigKeys (ConfUtils.java:logGet(43)) - raft.server.log.corruption.policy = EXCEPTION (default)
2019-09-24 16:43:56,138 INFO  storage.RaftStorageDirectory (RaftStorageDirectory.java:analyzeStorage(246)) - The storage directory /workdir/ratis-test/target/test/data/ddcd30e7/MiniRaftClusterWithNettybd46e168/s1/cf2f9e16-dbc8-4993-973b-a1b89bb4020a does not exist. Creating ...
2019-09-24 16:43:56,138 TRACE util.FileUtils (LogUtils.java:runAndLog(61)) - Successfully ran Files.createDirectories /workdir/ratis-test/target/test/data/ddcd30e7/MiniRaftClusterWithNettybd46e168/s1/cf2f9e16-dbc8-4993-973b-a1b89bb4020a
2019-09-24 16:43:56,138 INFO  netty.NettyConfigKeys$Server (ConfUtils.java:logGet(43)) - raft.netty.server.port = 39611 (custom)
2019-09-24 16:43:56,139 INFO  server.RaftServerConfigKeys (ConfUtils.java:logGet(43)) - raft.server.storage.dir = [/workdir/ratis-test/target/test/data/ddcd30e7/MiniRaftClusterWithNettybd46e168/s2] (custom)
2019-09-24 16:43:56,139 INFO  logging.LoggingHandler (AbstractInternalLogger.java:log(150)) - [id: 0x3c312e86] REGISTERED
2019-09-24 16:43:56,140 INFO  logging.LoggingHandler (AbstractInternalLogger.java:log(150)) - [id: 0x3c312e86] BIND: 0.0.0.0/0.0.0.0:39611
2019-09-24 16:43:56,140 INFO  impl.RaftServerProxy (RaftServerProxy.java:addNew(89)) - s2: addNew group-A1B89BB4020A:[s3:0.0.0.0:34761, s4:0.0.0.0:42956, s0:0.0.0.0:35561, s1:0.0.0.0:38095, s2:0.0.0.0:39611] returns group-A1B89BB4020A:java.util.concurrent.CompletableFuture@39221d94[Not completed]
2019-09-24 16:43:56,140 INFO  logging.LoggingHandler (AbstractInternalLogger.java:log(150)) - [id: 0x3c312e86, L:/0.0.0.0:39611] ACTIVE
2019-09-24 16:43:56,141 INFO  impl.RaftServerImpl (RaftServerImpl.java:<init>(95)) - s2: new RaftServerImpl for group-A1B89BB4020A:[s3:0.0.0.0:34761, s4:0.0.0.0:42956, s0:0.0.0.0:35561, s1:0.0.0.0:38095, s2:0.0.0.0:39611] with BaseStateMachine:uninitialized
2019-09-24 16:43:56,141 INFO  server.RaftServerConfigKeys (ConfUtils.java:logGet(43)) - raft.server.rpc.timeout.min = 150ms (default)
2019-09-24 16:43:56,141 INFO  server.RaftServerConfigKeys (ConfUtils.java:logGet(43)) - raft.server.rpc.timeout.max = 300ms (default)
2019-09-24 16:43:56,142 INFO  server.RaftServerConfigKeys (ConfUtils.java:logGet(43)) - raft.server.rpcslowness.timeout = 60s (default)
2019-09-24 16:43:56,142 INFO  server.RaftServerConfigKeys (ConfUtils.java:logGet(43)) - raft.server.sleep.deviation.threshold = 300 (default)
2019-09-24 16:43:56,142 INFO  server.RaftServerConfigKeys (ConfUtils.java:logGet(43)) - raft.server.log.appender.install.snapshot.enabled = true (default)
2019-09-24 16:43:56,142 INFO  impl.RaftServerImpl (ServerState.java:<init>(103)) - s2@group-A1B89BB4020A: ConfigurationManager, init=-1: [s3:0.0.0.0:34761, s4:0.0.0.0:42956, s0:0.0.0.0:35561, s1:0.0.0.0:38095, s2:0.0.0.0:39611], old=null, confs=<EMPTY_MAP>
2019-09-24 16:43:56,142 INFO  server.RaftServerConfigKeys (ConfUtils.java:logGet(43)) - raft.server.storage.dir = [/workdir/ratis-test/target/test/data/ddcd30e7/MiniRaftClusterWithNettybd46e168/s2] (custom)
2019-09-24 16:43:56,142 INFO  server.RaftServerConfigKeys (ConfUtils.java:logGet(43)) - raft.server.log.corruption.policy = EXCEPTION (default)
2019-09-24 16:43:56,142 INFO  storage.RaftStorageDirectory (RaftStorageDirectory.java:analyzeStorage(246)) - The storage directory /workdir/ratis-test/target/test/data/ddcd30e7/MiniRaftClusterWithNettybd46e168/s2/cf2f9e16-dbc8-4993-973b-a1b89bb4020a does not exist. Creating ...
2019-09-24 16:43:56,143 TRACE util.FileUtils (LogUtils.java:runAndLog(61)) - Successfully ran Files.createDirectories /workdir/ratis-test/target/test/data/ddcd30e7/MiniRaftClusterWithNettybd46e168/s2/cf2f9e16-dbc8-4993-973b-a1b89bb4020a
2019-09-24 16:44:01,348 INFO  storage.RaftStorageDirectory (RaftStorageDirectory.java:tryLock(328)) - Lock on /workdir/ratis-test/target/test/data/ddcd30e7/MiniRaftClusterWithNettybd46e168/s3/cf2f9e16-dbc8-4993-973b-a1b89bb4020a/in_use.lock acquired by nodename 17785@ratis-test-vphbd-3564017154
2019-09-24 16:44:01,348 INFO  storage.RaftStorageDirectory (RaftStorageDirectory.java:tryLock(328)) - Lock on /workdir/ratis-test/target/test/data/ddcd30e7/MiniRaftClusterWithNettybd46e168/s4/cf2f9e16-dbc8-4993-973b-a1b89bb4020a/in_use.lock acquired by nodename 17785@ratis-test-vphbd-3564017154
2019-09-24 16:44:01,349 TRACE util.FileUtils (LogUtils.java:runAndLog(61)) - Successfully ran Files.createDirectories /workdir/ratis-test/target/test/data/ddcd30e7/MiniRaftClusterWithNettybd46e168/s3/cf2f9e16-dbc8-4993-973b-a1b89bb4020a/current
2019-09-24 16:44:01,349 TRACE util.FileUtils (LogUtils.java:runAndLog(61)) - Successfully ran Files.createDirectories /workdir/ratis-test/target/test/data/ddcd30e7/MiniRaftClusterWithNettybd46e168/s4/cf2f9e16-dbc8-4993-973b-a1b89bb4020a/current
2019-09-24 16:44:01,349 TRACE util.FileUtils (LogUtils.java:runAndLog(61)) - Successfully ran Files.createDirectories /workdir/ratis-test/target/test/data/ddcd30e7/MiniRaftClusterWithNettybd46e168/s3/cf2f9e16-dbc8-4993-973b-a1b89bb4020a/sm
2019-09-24 16:44:01,350 TRACE util.FileUtils (LogUtils.java:runAndLog(61)) - Successfully ran Files.createDirectories /workdir/ratis-test/target/test/data/ddcd30e7/MiniRaftClusterWithNettybd46e168/s4/cf2f9e16-dbc8-4993-973b-a1b89bb4020a/sm
2019-09-24 16:44:01,350 INFO  storage.RaftStorageDirectory (RaftStorageDirectory.java:tryLock(328)) - Lock on /workdir/ratis-test/target/test/data/ddcd30e7/MiniRaftClusterWithNettybd46e168/s2/cf2f9e16-dbc8-4993-973b-a1b89bb4020a/in_use.lock acquired by nodename 17785@ratis-test-vphbd-3564017154
2019-09-24 16:44:01,350 INFO  storage.RaftStorageDirectory (RaftStorageDirectory.java:tryLock(328)) - Lock on /workdir/ratis-test/target/test/data/ddcd30e7/MiniRaftClusterWithNettybd46e168/s0/cf2f9e16-dbc8-4993-973b-a1b89bb4020a/in_use.lock acquired by nodename 17785@ratis-test-vphbd-3564017154
2019-09-24 16:44:01,350 INFO  storage.RaftStorageDirectory (RaftStorageDirectory.java:tryLock(328)) - Lock on /workdir/ratis-test/target/test/data/ddcd30e7/MiniRaftClusterWithNettybd46e168/s1/cf2f9e16-dbc8-4993-973b-a1b89bb4020a/in_use.lock acquired by nodename 17785@ratis-test-vphbd-3564017154
2019-09-24 16:44:01,350 TRACE util.FileUtils (LogUtils.java:runAndLog(61)) - Successfully ran Files.createDirectories /workdir/ratis-test/target/test/data/ddcd30e7/MiniRaftClusterWithNettybd46e168/s2/cf2f9e16-dbc8-4993-973b-a1b89bb4020a/current
2019-09-24 16:44:01,351 TRACE util.FileUtils (LogUtils.java:runAndLog(61)) - Successfully ran Files.createDirectories /workdir/ratis-test/target/test/data/ddcd30e7/MiniRaftClusterWithNettybd46e168/s0/cf2f9e16-dbc8-4993-973b-a1b89bb4020a/current
2019-09-24 16:44:01,351 TRACE util.FileUtils (LogUtils.java:runAndLog(61)) - Successfully ran Files.createDirectories /workdir/ratis-test/target/test/data/ddcd30e7/MiniRaftClusterWithNettybd46e168/s2/cf2f9e16-dbc8-4993-973b-a1b89bb4020a/sm
2019-09-24 16:44:01,351 TRACE util.FileUtils (LogUtils.java:runAndLog(61)) - Successfully ran Files.createDirectories /workdir/ratis-test/target/test/data/ddcd30e7/MiniRaftClusterWithNettybd46e168/s1/cf2f9e16-dbc8-4993-973b-a1b89bb4020a/current
2019-09-24 16:44:01,351 TRACE util.FileUtils (LogUtils.java:runAndLog(61)) - Successfully ran Files.createDirectories /workdir/ratis-test/target/test/data/ddcd30e7/MiniRaftClusterWithNettybd46e168/s0/cf2f9e16-dbc8-4993-973b-a1b89bb4020a/sm
2019-09-24 16:44:01,351 TRACE util.FileUtils (LogUtils.java:runAndLog(61)) - Successfully ran Files.createDirectories /workdir/ratis-test/target/test/data/ddcd30e7/MiniRaftClusterWithNettybd46e168/s1/cf2f9e16-dbc8-4993-973b-a1b89bb4020a/sm
2019-09-24 16:44:05,675 INFO  storage.RaftStorage (RaftStorage.java:format(84)) - Storage directory /workdir/ratis-test/target/test/data/ddcd30e7/MiniRaftClusterWithNettybd46e168/s1/cf2f9e16-dbc8-4993-973b-a1b89bb4020a has been successfully formatted.
2019-09-24 16:44:05,675 INFO  storage.RaftStorage (RaftStorage.java:format(84)) - Storage directory /workdir/ratis-test/target/test/data/ddcd30e7/MiniRaftClusterWithNettybd46e168/s0/cf2f9e16-dbc8-4993-973b-a1b89bb4020a has been successfully formatted.
2019-09-24 16:44:05,675 INFO  storage.RaftStorage (RaftStorage.java:format(84)) - Storage directory /workdir/ratis-test/target/test/data/ddcd30e7/MiniRaftClusterWithNettybd46e168/s2/cf2f9e16-dbc8-4993-973b-a1b89bb4020a has been successfully formatted.
2019-09-24 16:44:05,675 INFO  storage.RaftStorage (RaftStorage.java:format(84)) - Storage directory /workdir/ratis-test/target/test/data/ddcd30e7/MiniRaftClusterWithNettybd46e168/s4/cf2f9e16-dbc8-4993-973b-a1b89bb4020a has been successfully formatted.
2019-09-24 16:44:05,675 INFO  storage.RaftStorage (RaftStorage.java:format(84)) - Storage directory /workdir/ratis-test/target/test/data/ddcd30e7/MiniRaftClusterWithNettybd46e168/s3/cf2f9e16-dbc8-4993-973b-a1b89bb4020a has been successfully formatted.
2019-09-24 16:44:05,676 INFO  server.RaftServerConfigKeys (ConfUtils.java:logGet(43)) - raft.server.notification.no-leader.timeout = 60s (default)
2019-09-24 16:44:05,676 INFO  server.RaftServerConfigKeys (ConfUtils.java:logGet(43)) - raft.server.log.use.memory = false (default)
2019-09-24 16:44:05,676 INFO  server.RaftServerConfigKeys (ConfUtils.java:logGet(43)) - raft.server.notification.no-leader.timeout = 60s (default)
2019-09-24 16:44:05,675 INFO  server.RaftServerConfigKeys (ConfUtils.java:logGet(43)) - raft.server.notification.no-leader.timeout = 60s (default)
2019-09-24 16:44:05,675 INFO  server.RaftServerConfigKeys (ConfUtils.java:logGet(43)) - raft.server.notification.no-leader.timeout = 60s (default)
2019-09-24 16:44:05,677 INFO  server.RaftServerConfigKeys (ConfUtils.java:logGet(43)) - raft.server.log.use.memory = false (default)
2019-09-24 16:44:05,676 INFO  server.RaftServerConfigKeys (ConfUtils.java:logGet(43)) - raft.server.log.use.memory = false (default)
2019-09-24 16:44:05,676 INFO  server.RaftServerConfigKeys (ConfUtils.java:logGet(43)) - raft.server.log.purge.gap = 1024 (default)
2019-09-24 16:44:05,676 INFO  server.RaftServerConfigKeys (ConfUtils.java:logGet(43)) - raft.server.notification.no-leader.timeout = 60s (default)
2019-09-24 16:44:05,677 INFO  server.RaftServerConfigKeys (ConfUtils.java:logGet(43)) - raft.server.log.appender.buffer.byte-limit = 4MB (=4194304) (default)
2019-09-24 16:44:05,677 INFO  server.RaftServerConfigKeys (ConfUtils.java:logGet(43)) - raft.server.log.purge.gap = 1024 (default)
2019-09-24 16:44:05,677 INFO  server.RaftServerConfigKeys (ConfUtils.java:logGet(43)) - raft.server.log.purge.gap = 1024 (default)
2019-09-24 16:44:05,677 INFO  server.RaftServerConfigKeys (ConfUtils.java:logGet(43)) - raft.server.log.use.memory = false (default)
2019-09-24 16:44:05,678 INFO  server.RaftServerConfigKeys (ConfUtils.java:logGet(43)) - raft.server.log.appender.buffer.byte-limit = 4MB (=4194304) (default)
2019-09-24 16:44:05,678 INFO  server.RaftServerConfigKeys (ConfUtils.java:logGet(43)) - raft.server.log.appender.buffer.byte-limit = 4MB (=4194304) (default)
2019-09-24 16:44:05,678 INFO  server.RaftServerConfigKeys (ConfUtils.java:logGet(43)) - raft.server.log.segment.size.max = 8MB (=8388608) (default)
2019-09-24 16:44:05,678 INFO  server.RaftServerConfigKeys (ConfUtils.java:logGet(43)) - raft.server.log.use.memory = false (default)
2019-09-24 16:44:05,679 INFO  server.RaftServerConfigKeys (ConfUtils.java:logGet(43)) - raft.server.log.segment.cache.num.max = 6 (default)
2019-09-24 16:44:05,679 INFO  server.RaftServerConfigKeys (ConfUtils.java:logGet(43)) - raft.server.log.segment.size.max = 8MB (=8388608) (default)
2019-09-24 16:44:05,678 INFO  server.RaftServerConfigKeys (ConfUtils.java:logGet(43)) - raft.server.log.segment.size.max = 8MB (=8388608) (default)
2019-09-24 16:44:05,678 INFO  server.RaftServerConfigKeys (ConfUtils.java:logGet(43)) - raft.server.log.purge.gap = 1024 (default)
2019-09-24 16:44:05,679 INFO  server.RaftServerConfigKeys (ConfUtils.java:logGet(43)) - raft.server.log.segment.cache.num.max = 6 (default)
2019-09-24 16:44:05,679 INFO  server.RaftServerConfigKeys (ConfUtils.java:logGet(43)) - raft.server.log.segment.cache.num.max = 6 (default)
2019-09-24 16:44:05,679 INFO  segmented.SegmentedRaftLogWorker (SegmentedRaftLogWorker.java:<init>(172)) - new s4@group-A1B89BB4020A-SegmentedRaftLogWorker for RaftStorage:Storage Directory /workdir/ratis-test/target/test/data/ddcd30e7/MiniRaftClusterWithNettybd46e168/s4/cf2f9e16-dbc8-4993-973b-a1b89bb4020a
2019-09-24 16:44:05,679 INFO  server.RaftServerConfigKeys (ConfUtils.java:logGet(43)) - raft.server.log.purge.gap = 1024 (default)
2019-09-24 16:44:05,680 INFO  server.RaftServerConfigKeys (ConfUtils.java:logGet(43)) - raft.server.log.queue.byte-limit = 64MB (=67108864) (default)
2019-09-24 16:44:05,681 INFO  server.RaftServerConfigKeys (ConfUtils.java:logGet(43)) - raft.server.log.queue.element-limit = 4096 (default)
2019-09-24 16:44:05,680 INFO  segmented.SegmentedRaftLogWorker (SegmentedRaftLogWorker.java:<init>(172)) - new s2@group-A1B89BB4020A-SegmentedRaftLogWorker for RaftStorage:Storage Directory /workdir/ratis-test/target/test/data/ddcd30e7/MiniRaftClusterWithNettybd46e168/s2/cf2f9e16-dbc8-4993-973b-a1b89bb4020a
2019-09-24 16:44:05,680 INFO  segmented.SegmentedRaftLogWorker (SegmentedRaftLogWorker.java:<init>(172)) - new s0@group-A1B89BB4020A-SegmentedRaftLogWorker for RaftStorage:Storage Directory /workdir/ratis-test/target/test/data/ddcd30e7/MiniRaftClusterWithNettybd46e168/s0/cf2f9e16-dbc8-4993-973b-a1b89bb4020a
2019-09-24 16:44:05,680 INFO  server.RaftServerConfigKeys (ConfUtils.java:logGet(43)) - raft.server.log.appender.buffer.byte-limit = 4MB (=4194304) (default)
2019-09-24 16:44:05,681 INFO  server.RaftServerConfigKeys (ConfUtils.java:logGet(43)) - raft.server.log.queue.byte-limit = 64MB (=67108864) (default)
2019-09-24 16:44:05,681 INFO  server.RaftServerConfigKeys (ConfUtils.java:logGet(43)) - raft.server.log.queue.byte-limit = 64MB (=67108864) (default)
2019-09-24 16:44:05,681 INFO  server.RaftServerConfigKeys (ConfUtils.java:logGet(43)) - raft.server.log.segment.size.max = 8MB (=8388608) (default)
2019-09-24 16:44:05,680 INFO  server.RaftServerConfigKeys (ConfUtils.java:logGet(43)) - raft.server.log.appender.buffer.byte-limit = 4MB (=4194304) (default)
2019-09-24 16:44:05,682 INFO  server.RaftServerConfigKeys (ConfUtils.java:logGet(43)) - raft.server.log.preallocated.size = 4MB (=4194304) (default)
2019-09-24 16:44:05,682 INFO  server.RaftServerConfigKeys (ConfUtils.java:logGet(43)) - raft.server.log.queue.element-limit = 4096 (default)
2019-09-24 16:44:05,681 INFO  server.RaftServerConfigKeys (ConfUtils.java:logGet(43)) - raft.server.log.queue.element-limit = 4096 (default)
2019-09-24 16:44:05,681 INFO  server.RaftServerConfigKeys (ConfUtils.java:logGet(43)) - raft.server.log.segment.size.max = 8MB (=8388608) (default)
2019-09-24 16:44:05,683 INFO  server.RaftServerConfigKeys (ConfUtils.java:logGet(43)) - raft.server.log.segment.size.max = 8MB (=8388608) (default)
2019-09-24 16:44:05,682 INFO  server.RaftServerConfigKeys (ConfUtils.java:logGet(43)) - raft.server.log.segment.size.max = 8MB (=8388608) (default)
2019-09-24 16:44:05,682 INFO  server.RaftServerConfigKeys (ConfUtils.java:logGet(43)) - raft.server.log.write.buffer.size = 64KB (=65536) (default)
2019-09-24 16:44:05,683 INFO  server.RaftServerConfigKeys (ConfUtils.java:logGet(43)) - raft.server.log.force.sync.num = 128 (default)
2019-09-24 16:44:05,682 INFO  server.RaftServerConfigKeys (ConfUtils.java:logGet(43)) - raft.server.log.segment.size.max = 8MB (=8388608) (default)
2019-09-24 16:44:05,684 INFO  server.RaftServerConfigKeys (ConfUtils.java:logGet(43)) - raft.server.log.statemachine.data.sync = true (default)
2019-09-24 16:44:05,683 INFO  server.RaftServerConfigKeys (ConfUtils.java:logGet(43)) - raft.server.log.preallocated.size = 4MB (=4194304) (default)
2019-09-24 16:44:05,683 INFO  server.RaftServerConfigKeys (ConfUtils.java:logGet(43)) - raft.server.log.preallocated.size = 4MB (=4194304) (default)
2019-09-24 16:44:05,684 INFO  server.RaftServerConfigKeys (ConfUtils.java:logGet(43)) - raft.server.log.write.buffer.size = 64KB (=65536) (default)
2019-09-24 16:44:05,683 INFO  server.RaftServerConfigKeys (ConfUtils.java:logGet(43)) - raft.server.log.segment.cache.num.max = 6 (default)
2019-09-24 16:44:05,684 INFO  server.RaftServerConfigKeys (ConfUtils.java:logGet(43)) - raft.server.log.force.sync.num = 128 (default)
2019-09-24 16:44:05,684 INFO  server.RaftServerConfigKeys (ConfUtils.java:logGet(43)) - raft.server.log.write.buffer.size = 64KB (=65536) (default)
2019-09-24 16:44:05,684 INFO  server.RaftServerConfigKeys (ConfUtils.java:logGet(43)) - raft.server.log.statemachine.data.sync.timeout = 10s (default)
2019-09-24 16:44:05,685 INFO  server.RaftServerConfigKeys (ConfUtils.java:logGet(43)) - raft.server.log.statemachine.data.sync.timeout.retry = -1 (default)
2019-09-24 16:44:05,684 INFO  server.RaftServerConfigKeys (ConfUtils.java:logGet(43)) - raft.server.log.segment.cache.num.max = 6 (default)
2019-09-24 16:44:05,685 INFO  server.RaftServerConfigKeys (ConfUtils.java:logGet(43)) - raft.server.log.statemachine.data.caching.enabled = false (default)
2019-09-24 16:44:05,685 INFO  server.RaftServerConfigKeys (ConfUtils.java:logGet(43)) - raft.server.log.force.sync.num = 128 (default)
2019-09-24 16:44:05,685 INFO  server.RaftServerConfigKeys (ConfUtils.java:logGet(43)) - raft.server.log.statemachine.data.sync = true (default)
2019-09-24 16:44:05,685 INFO  segmented.SegmentedRaftLogWorker (SegmentedRaftLogWorker.java:<init>(172)) - new s1@group-A1B89BB4020A-SegmentedRaftLogWorker for RaftStorage:Storage Directory /workdir/ratis-test/target/test/data/ddcd30e7/MiniRaftClusterWithNettybd46e168/s1/cf2f9e16-dbc8-4993-973b-a1b89bb4020a
2019-09-24 16:44:05,686 INFO  server.RaftServerConfigKeys (ConfUtils.java:logGet(43)) - raft.server.log.statemachine.data.sync.timeout = 10s (default)
2019-09-24 16:44:05,686 INFO  server.RaftServerConfigKeys (ConfUtils.java:logGet(43)) - raft.server.log.statemachine.data.sync = true (default)
2019-09-24 16:44:05,686 INFO  segmented.SegmentedRaftLogWorker (SegmentedRaftLogWorker.java:lambda$new$0(132)) - s4@group-A1B89BB4020A-SegmentedRaftLogWorker: flushIndex: setUnconditionally 0 -> -1
2019-09-24 16:44:05,685 INFO  segmented.SegmentedRaftLogWorker (SegmentedRaftLogWorker.java:<init>(172)) - new s3@group-A1B89BB4020A-SegmentedRaftLogWorker for RaftStorage:Storage Directory /workdir/ratis-test/target/test/data/ddcd30e7/MiniRaftClusterWithNettybd46e168/s3/cf2f9e16-dbc8-4993-973b-a1b89bb4020a
2019-09-24 16:44:05,686 INFO  server.RaftServerConfigKeys (ConfUtils.java:logGet(43)) - raft.server.log.statemachine.data.sync.timeout = 10s (default)
2019-09-24 16:44:05,686 INFO  server.RaftServerConfigKeys (ConfUtils.java:logGet(43)) - raft.server.log.statemachine.data.sync.timeout.retry = -1 (default)
2019-09-24 16:44:05,686 INFO  server.RaftServerConfigKeys (ConfUtils.java:logGet(43)) - raft.server.log.queue.byte-limit = 64MB (=67108864) (default)
2019-09-24 16:44:05,687 INFO  server.RaftServerConfigKeys (ConfUtils.java:logGet(43)) - raft.server.log.statemachine.data.caching.enabled = false (default)
2019-09-24 16:44:05,687 INFO  server.RaftServerConfigKeys (ConfUtils.java:logGet(43)) - raft.server.log.statemachine.data.sync.timeout.retry = -1 (default)
2019-09-24 16:44:05,687 INFO  server.RaftServerConfigKeys (ConfUtils.java:logGet(43)) - raft.server.log.queue.byte-limit = 64MB (=67108864) (default)
2019-09-24 16:44:05,687 INFO  server.RaftServerConfigKeys (ConfUtils.java:logGet(43)) - raft.server.snapshot.auto.trigger.enabled = false (default)
2019-09-24 16:44:05,688 INFO  server.RaftServerConfigKeys (ConfUtils.java:logGet(43)) - raft.server.log.queue.element-limit = 4096 (default)
2019-09-24 16:44:05,688 INFO  server.RaftServerConfigKeys (ConfUtils.java:logGet(43)) - raft.server.log.statemachine.data.caching.enabled = false (default)
2019-09-24 16:44:05,688 INFO  segmented.SegmentedRaftLogWorker (SegmentedRaftLogWorker.java:lambda$new$0(132)) - s0@group-A1B89BB4020A-SegmentedRaftLogWorker: flushIndex: setUnconditionally 0 -> -1
2019-09-24 16:44:05,687 INFO  server.RaftServerConfigKeys (ConfUtils.java:logGet(43)) - raft.server.log.queue.element-limit = 4096 (default)
2019-09-24 16:44:05,689 INFO  server.RaftServerConfigKeys (ConfUtils.java:logGet(43)) - raft.server.snapshot.auto.trigger.enabled = false (default)
2019-09-24 16:44:05,689 INFO  segmented.SegmentedRaftLogWorker (SegmentedRaftLogWorker.java:lambda$new$0(132)) - s2@group-A1B89BB4020A-SegmentedRaftLogWorker: flushIndex: setUnconditionally 0 -> -1
2019-09-24 16:44:05,688 INFO  server.RaftServerConfigKeys (ConfUtils.java:logGet(43)) - raft.server.log.segment.size.max = 8MB (=8388608) (default)
2019-09-24 16:44:05,689 INFO  server.RaftServerConfigKeys (ConfUtils.java:logGet(43)) - raft.server.snapshot.auto.trigger.enabled = false (default)
2019-09-24 16:44:05,688 INFO  server.RaftServerConfigKeys (ConfUtils.java:logGet(43)) - raft.server.snapshot.retention.file.num = -1 (default)
2019-09-24 16:44:05,690 INFO  server.RaftServerConfigKeys (ConfUtils.java:logGet(43)) - raft.server.snapshot.retention.file.num = -1 (default)
2019-09-24 16:44:05,689 INFO  server.RaftServerConfigKeys (ConfUtils.java:logGet(43)) - raft.server.log.preallocated.size = 4MB (=4194304) (default)
2019-09-24 16:44:05,689 INFO  server.RaftServerConfigKeys (ConfUtils.java:logGet(43)) - raft.server.snapshot.retention.file.num = -1 (default)
2019-09-24 16:44:05,689 INFO  server.RaftServerConfigKeys (ConfUtils.java:logGet(43)) - raft.server.log.segment.size.max = 8MB (=8388608) (default)
2019-09-24 16:44:05,690 INFO  server.RaftServerConfigKeys (ConfUtils.java:logGet(43)) - raft.server.retrycache.expirytime = 5s (custom)
2019-09-24 16:44:05,690 INFO  server.RaftServerConfigKeys (ConfUtils.java:logGet(43)) - raft.server.log.write.buffer.size = 64KB (=65536) (default)
2019-09-24 16:44:05,690 INFO  server.RaftServerConfigKeys (ConfUtils.java:logGet(43)) - raft.server.retrycache.expirytime = 5s (custom)
2019-09-24 16:44:05,690 INFO  server.RaftServerConfigKeys (ConfUtils.java:logGet(43)) - raft.server.retrycache.expirytime = 5s (custom)
2019-09-24 16:44:05,691 INFO  server.RaftServerConfigKeys (ConfUtils.java:logGet(43)) - raft.server.log.force.sync.num = 128 (default)
2019-09-24 16:44:05,691 INFO  server.RaftServerConfigKeys (ConfUtils.java:logGet(43)) - raft.server.log.statemachine.data.sync = true (default)
2019-09-24 16:44:05,690 INFO  server.RaftServerConfigKeys (ConfUtils.java:logGet(43)) - raft.server.log.preallocated.size = 4MB (=4194304) (default)
2019-09-24 16:44:05,691 INFO  server.RaftServerConfigKeys (ConfUtils.java:logGet(43)) - raft.server.log.statemachine.data.sync.timeout = 10s (default)
2019-09-24 16:44:05,692 INFO  server.RaftServerConfigKeys (ConfUtils.java:logGet(43)) - raft.server.log.write.buffer.size = 64KB (=65536) (default)
2019-09-24 16:44:05,692 INFO  server.RaftServerConfigKeys (ConfUtils.java:logGet(43)) - raft.server.log.statemachine.data.sync.timeout.retry = -1 (default)
2019-09-24 16:44:05,692 INFO  server.RaftServerConfigKeys (ConfUtils.java:logGet(43)) - raft.server.log.force.sync.num = 128 (default)
2019-09-24 16:44:05,692 INFO  server.RaftServerConfigKeys (ConfUtils.java:logGet(43)) - raft.server.log.statemachine.data.caching.enabled = false (default)
2019-09-24 16:44:05,692 INFO  server.RaftServerConfigKeys (ConfUtils.java:logGet(43)) - raft.server.log.statemachine.data.sync = true (default)
2019-09-24 16:44:05,693 INFO  server.RaftServerConfigKeys (ConfUtils.java:logGet(43)) - raft.server.log.statemachine.data.sync.timeout = 10s (default)
2019-09-24 16:44:05,693 INFO  segmented.SegmentedRaftLogWorker (SegmentedRaftLogWorker.java:lambda$new$0(132)) - s3@group-A1B89BB4020A-SegmentedRaftLogWorker: flushIndex: setUnconditionally 0 -> -1
2019-09-24 16:44:05,693 INFO  server.RaftServerConfigKeys (ConfUtils.java:logGet(43)) - raft.server.log.statemachine.data.sync.timeout.retry = -1 (default)
2019-09-24 16:44:05,693 INFO  server.RaftServerConfigKeys (ConfUtils.java:logGet(43)) - raft.server.log.statemachine.data.caching.enabled = false (default)
2019-09-24 16:44:05,693 INFO  server.RaftServerConfigKeys (ConfUtils.java:logGet(43)) - raft.server.snapshot.auto.trigger.enabled = false (default)
2019-09-24 16:44:05,693 INFO  server.RaftServerConfigKeys (ConfUtils.java:logGet(43)) - raft.server.snapshot.retention.file.num = -1 (default)
2019-09-24 16:44:05,693 INFO  segmented.SegmentedRaftLogWorker (SegmentedRaftLogWorker.java:lambda$new$0(132)) - s1@group-A1B89BB4020A-SegmentedRaftLogWorker: flushIndex: setUnconditionally 0 -> -1
2019-09-24 16:44:05,694 INFO  server.RaftServerConfigKeys (ConfUtils.java:logGet(43)) - raft.server.retrycache.expirytime = 5s (custom)
2019-09-24 16:44:05,694 INFO  server.RaftServerConfigKeys (ConfUtils.java:logGet(43)) - raft.server.snapshot.auto.trigger.enabled = false (default)
2019-09-24 16:44:05,694 INFO  server.RaftServerConfigKeys (ConfUtils.java:logGet(43)) - raft.server.snapshot.retention.file.num = -1 (default)
2019-09-24 16:44:05,694 INFO  server.RaftServerConfigKeys (ConfUtils.java:logGet(43)) - raft.server.retrycache.expirytime = 5s (custom)
2019-09-24 16:44:05,701 INFO  impl.RaftServerImpl (RaftServerImpl.java:start(181)) - s3@group-A1B89BB4020A: start as a follower, conf=-1: [s3:0.0.0.0:34761, s4:0.0.0.0:42956, s0:0.0.0.0:35561, s1:0.0.0.0:38095, s2:0.0.0.0:39611], old=null
2019-09-24 16:44:05,702 INFO  impl.RaftServerImpl (RaftServerImpl.java:setRole(170)) - s3@group-A1B89BB4020A: changes role from      null to FOLLOWER at term 0 for startAsFollower
2019-09-24 16:44:05,702 INFO  impl.RoleInfo (RoleInfo.java:updateAndGet(143)) - s3: start FollowerState
2019-09-24 16:44:05,703 INFO  util.JmxRegister (JmxRegister.java:tryRegister(44)) - Successfully registered JMX Bean with object name Ratis:service=RaftServer,group=group-A1B89BB4020A,id=s3
2019-09-24 16:44:05,706 INFO  impl.RaftServerProxy (RaftServerProxy.java:lambda$start$3(299)) - s3: start RPC server
2019-09-24 16:44:05,707 INFO  impl.RaftServerImpl (RaftServerImpl.java:start(181)) - s4@group-A1B89BB4020A: start as a follower, conf=-1: [s3:0.0.0.0:34761, s4:0.0.0.0:42956, s0:0.0.0.0:35561, s1:0.0.0.0:38095, s2:0.0.0.0:39611], old=null
2019-09-24 16:44:05,708 INFO  impl.RaftServerImpl (RaftServerImpl.java:setRole(170)) - s4@group-A1B89BB4020A: changes role from      null to FOLLOWER at term 0 for startAsFollower
2019-09-24 16:44:05,708 INFO  impl.RoleInfo (RoleInfo.java:updateAndGet(143)) - s4: start FollowerState
2019-09-24 16:44:05,709 INFO  util.JmxRegister (JmxRegister.java:tryRegister(44)) - Successfully registered JMX Bean with object name Ratis:service=RaftServer,group=group-A1B89BB4020A,id=s4
2019-09-24 16:44:05,712 INFO  impl.RaftServerProxy (RaftServerProxy.java:lambda$start$3(299)) - s4: start RPC server
2019-09-24 16:44:05,713 INFO  impl.RaftServerImpl (RaftServerImpl.java:start(181)) - s0@group-A1B89BB4020A: start as a follower, conf=-1: [s3:0.0.0.0:34761, s4:0.0.0.0:42956, s0:0.0.0.0:35561, s1:0.0.0.0:38095, s2:0.0.0.0:39611], old=null
2019-09-24 16:44:05,713 INFO  impl.RaftServerImpl (RaftServerImpl.java:setRole(170)) - s0@group-A1B89BB4020A: changes role from      null to FOLLOWER at term 0 for startAsFollower
2019-09-24 16:44:05,714 INFO  impl.RoleInfo (RoleInfo.java:updateAndGet(143)) - s0: start FollowerState
2019-09-24 16:44:05,714 INFO  util.JmxRegister (JmxRegister.java:tryRegister(44)) - Successfully registered JMX Bean with object name Ratis:service=RaftServer,group=group-A1B89BB4020A,id=s0
2019-09-24 16:44:05,718 INFO  impl.RaftServerProxy (RaftServerProxy.java:lambda$start$3(299)) - s0: start RPC server
2019-09-24 16:44:05,718 INFO  impl.RaftServerImpl (RaftServerImpl.java:start(181)) - s1@group-A1B89BB4020A: start as a follower, conf=-1: [s3:0.0.0.0:34761, s4:0.0.0.0:42956, s0:0.0.0.0:35561, s1:0.0.0.0:38095, s2:0.0.0.0:39611], old=null
2019-09-24 16:44:05,719 INFO  impl.RaftServerImpl (RaftServerImpl.java:setRole(170)) - s1@group-A1B89BB4020A: changes role from      null to FOLLOWER at term 0 for startAsFollower
2019-09-24 16:44:05,719 INFO  impl.RoleInfo (RoleInfo.java:updateAndGet(143)) - s1: start FollowerState
2019-09-24 16:44:05,719 INFO  util.JmxRegister (JmxRegister.java:tryRegister(44)) - Successfully registered JMX Bean with object name Ratis:service=RaftServer,group=group-A1B89BB4020A,id=s1
2019-09-24 16:44:05,723 INFO  impl.RaftServerProxy (RaftServerProxy.java:lambda$start$3(299)) - s1: start RPC server
2019-09-24 16:44:05,724 INFO  impl.RaftServerImpl (RaftServerImpl.java:start(181)) - s2@group-A1B89BB4020A: start as a follower, conf=-1: [s3:0.0.0.0:34761, s4:0.0.0.0:42956, s0:0.0.0.0:35561, s1:0.0.0.0:38095, s2:0.0.0.0:39611], old=null
2019-09-24 16:44:05,724 INFO  impl.RaftServerImpl (RaftServerImpl.java:setRole(170)) - s2@group-A1B89BB4020A: changes role from      null to FOLLOWER at term 0 for startAsFollower
2019-09-24 16:44:05,724 INFO  impl.RoleInfo (RoleInfo.java:updateAndGet(143)) - s2: start FollowerState
2019-09-24 16:44:05,727 INFO  util.JmxRegister (JmxRegister.java:tryRegister(44)) - Successfully registered JMX Bean with object name Ratis:service=RaftServer,group=group-A1B89BB4020A,id=s2
2019-09-24 16:44:05,730 INFO  impl.RaftServerProxy (RaftServerProxy.java:lambda$start$3(299)) - s2: start RPC server
2019-09-24 16:44:05,731 INFO  server.RaftServerConfigKeys (ConfUtils.java:logGet(43)) - raft.server.rpc.timeout.max = 300ms (default)
2019-09-24 16:44:05,732 INFO  ratis.RaftTestUtil (RaftTestUtil.java:waitForLeader(86)) - printing ALL groups
  s3:  RUNNING  FOLLOWER s3@group-A1B89BB4020A:t0, leader=null, voted=null, raftlog=s3@group-A1B89BB4020A-SegmentedRaftLog:OPENED:c-1,f-1,i0, conf=-1: [s3:0.0.0.0:34761, s4:0.0.0.0:42956, s0:0.0.0.0:35561, s1:0.0.0.0:38095, s2:0.0.0.0:39611], old=null RUNNING
  s4:  RUNNING  FOLLOWER s4@group-A1B89BB4020A:t0, leader=null, voted=null, raftlog=s4@group-A1B89BB4020A-SegmentedRaftLog:OPENED:c-1,f-1,i0, conf=-1: [s3:0.0.0.0:34761, s4:0.0.0.0:42956, s0:0.0.0.0:35561, s1:0.0.0.0:38095, s2:0.0.0.0:39611], old=null RUNNING
  s0:  RUNNING  FOLLOWER s0@group-A1B89BB4020A:t0, leader=null, voted=null, raftlog=s0@group-A1B89BB4020A-SegmentedRaftLog:OPENED:c-1,f-1,i0, conf=-1: [s3:0.0.0.0:34761, s4:0.0.0.0:42956, s0:0.0.0.0:35561, s1:0.0.0.0:38095, s2:0.0.0.0:39611], old=null RUNNING
  s1:  RUNNING  FOLLOWER s1@group-A1B89BB4020A:t0, leader=null, voted=null, raftlog=s1@group-A1B89BB4020A-SegmentedRaftLog:OPENED:c-1,f-1,i0, conf=-1: [s3:0.0.0.0:34761, s4:0.0.0.0:42956, s0:0.0.0.0:35561, s1:0.0.0.0:38095, s2:0.0.0.0:39611], old=null RUNNING
  s2:  RUNNING  FOLLOWER s2@group-A1B89BB4020A:t0, leader=null, voted=null, raftlog=s2@group-A1B89BB4020A-SegmentedRaftLog:OPENED:c-1,f-1,i0, conf=-1: [s3:0.0.0.0:34761, s4:0.0.0.0:42956, s0:0.0.0.0:35561, s1:0.0.0.0:38095, s2:0.0.0.0:39611], old=null RUNNING
2019-09-24 16:44:05,732 WARN  ratis.RaftTestUtil (JavaUtils.java:attempt(158)) - FAILED "waitForLeader-null-(expectLeader? true)", attempt #1/100: java.lang.IllegalStateException: No leader yet : printing ALL groups
  s3:  RUNNING  FOLLOWER s3@group-A1B89BB4020A:t0, leader=null, voted=null, raftlog=s3@group-A1B89BB4020A-SegmentedRaftLog:OPENED:c-1,f-1,i0, conf=-1: [s3:0.0.0.0:34761, s4:0.0.0.0:42956, s0:0.0.0.0:35561, s1:0.0.0.0:38095, s2:0.0.0.0:39611], old=null RUNNING
  s4:  RUNNING  FOLLOWER s4@group-A1B89BB4020A:t0, leader=null, voted=null, raftlog=s4@group-A1B89BB4020A-SegmentedRaftLog:OPENED:c-1,f-1,i0, conf=-1: [s3:0.0.0.0:34761, s4:0.0.0.0:42956, s0:0.0.0.0:35561, s1:0.0.0.0:38095, s2:0.0.0.0:39611], old=null RUNNING
  s0:  RUNNING  FOLLOWER s0@group-A1B89BB4020A:t0, leader=null, voted=null, raftlog=s0@group-A1B89BB4020A-SegmentedRaftLog:OPENED:c-1,f-1,i0, conf=-1: [s3:0.0.0.0:34761, s4:0.0.0.0:42956, s0:0.0.0.0:35561, s1:0.0.0.0:38095, s2:0.0.0.0:39611], old=null RUNNING
  s1:  RUNNING  FOLLOWER s1@group-A1B89BB4020A:t0, leader=null, voted=null, raftlog=s1@group-A1B89BB4020A-SegmentedRaftLog:OPENED:c-1,f-1,i0, conf=-1: [s3:0.0.0.0:34761, s4:0.0.0.0:42956, s0:0.0.0.0:35561, s1:0.0.0.0:38095, s2:0.0.0.0:39611], old=null RUNNING
  s2:  RUNNING  FOLLOWER s2@group-A1B89BB4020A:t0, leader=null, voted=null, raftlog=s2@group-A1B89BB4020A-SegmentedRaftLog:OPENED:c-1,f-1,i0, conf=-1: [s3:0.0.0.0:34761, s4:0.0.0.0:42956, s0:0.0.0.0:35561, s1:0.0.0.0:38095, s2:0.0.0.0:39611], old=null RUNNING, sleep 450ms and then retry.
java.lang.IllegalStateException: No leader yet : printing ALL groups
  s3:  RUNNING  FOLLOWER s3@group-A1B89BB4020A:t0, leader=null, voted=null, raftlog=s3@group-A1B89BB4020A-SegmentedRaftLog:OPENED:c-1,f-1,i0, conf=-1: [s3:0.0.0.0:34761, s4:0.0.0.0:42956, s0:0.0.0.0:35561, s1:0.0.0.0:38095, s2:0.0.0.0:39611], old=null RUNNING
  s4:  RUNNING  FOLLOWER s4@group-A1B89BB4020A:t0, leader=null, voted=null, raftlog=s4@group-A1B89BB4020A-SegmentedRaftLog:OPENED:c-1,f-1,i0, conf=-1: [s3:0.0.0.0:34761, s4:0.0.0.0:42956, s0:0.0.0.0:35561, s1:0.0.0.0:38095, s2:0.0.0.0:39611], old=null RUNNING
  s0:  RUNNING  FOLLOWER s0@group-A1B89BB4020A:t0, leader=null, voted=null, raftlog=s0@group-A1B89BB4020A-SegmentedRaftLog:OPENED:c-1,f-1,i0, conf=-1: [s3:0.0.0.0:34761, s4:0.0.0.0:42956, s0:0.0.0.0:35561, s1:0.0.0.0:38095, s2:0.0.0.0:39611], old=null RUNNING
  s1:  RUNNING  FOLLOWER s1@group-A1B89BB4020A:t0, leader=null, voted=null, raftlog=s1@group-A1B89BB4020A-SegmentedRaftLog:OPENED:c-1,f-1,i0, conf=-1: [s3:0.0.0.0:34761, s4:0.0.0.0:42956, s0:0.0.0.0:35561, s1:0.0.0.0:38095, s2:0.0.0.0:39611], old=null RUNNING
  s2:  RUNNING  FOLLOWER s2@group-A1B89BB4020A:t0, leader=null, voted=null, raftlog=s2@group-A1B89BB4020A-SegmentedRaftLog:OPENED:c-1,f-1,i0, conf=-1: [s3:0.0.0.0:34761, s4:0.0.0.0:42956, s0:0.0.0.0:35561, s1:0.0.0.0:38095, s2:0.0.0.0:39611], old=null RUNNING
	at org.apache.ratis.MiniRaftCluster.newIllegalStateExceptionForNoLeaders(MiniRaftCluster.java:506)
	at org.apache.ratis.RaftTestUtil.lambda$waitForLeader$1(RaftTestUtil.java:90)
	at org.apache.ratis.MiniRaftCluster.getLeader(MiniRaftCluster.java:539)
	at org.apache.ratis.MiniRaftCluster.getLeader(MiniRaftCluster.java:532)
	at org.apache.ratis.RaftTestUtil.lambda$waitForLeader$3(RaftTestUtil.java:98)
	at org.apache.ratis.util.JavaUtils.attempt(JavaUtils.java:152)
	at org.apache.ratis.RaftTestUtil.waitForLeader(RaftTestUtil.java:97)
	at org.apache.ratis.RaftTestUtil.waitForLeader(RaftTestUtil.java:77)
	at org.apache.ratis.RaftTestUtil.waitForLeader(RaftTestUtil.java:72)
	at org.apache.ratis.RaftBasicTests.runTestOldLeaderNotCommit(RaftBasicTests.java:218)
	at org.apache.ratis.MiniRaftCluster$Factory$Get.runWithNewCluster(MiniRaftCluster.java:125)
	at org.apache.ratis.MiniRaftCluster$Factory$Get.runWithNewCluster(MiniRaftCluster.java:113)
	at org.apache.ratis.RaftBasicTests.testOldLeaderNotCommit(RaftBasicTests.java:214)
	at sun.reflect.NativeMethodAccessorImpl.invoke0(Native Method)
	at sun.reflect.NativeMethodAccessorImpl.invoke(NativeMethodAccessorImpl.java:62)
	at sun.reflect.DelegatingMethodAccessorImpl.invoke(DelegatingMethodAccessorImpl.java:43)
	at java.lang.reflect.Method.invoke(Method.java:498)
	at org.junit.runners.model.FrameworkMethod$1.runReflectiveCall(FrameworkMethod.java:50)
	at org.junit.internal.runners.model.ReflectiveCallable.run(ReflectiveCallable.java:12)
	at org.junit.runners.model.FrameworkMethod.invokeExplosively(FrameworkMethod.java:47)
	at org.junit.internal.runners.statements.InvokeMethod.evaluate(InvokeMethod.java:17)
	at org.junit.internal.runners.statements.RunAfters.evaluate(RunAfters.java:27)
	at org.junit.internal.runners.statements.FailOnTimeout$CallableStatement.call(FailOnTimeout.java:298)
	at org.junit.internal.runners.statements.FailOnTimeout$CallableStatement.call(FailOnTimeout.java:292)
	at java.util.concurrent.FutureTask.run(FutureTask.java:266)
	at java.lang.Thread.run(Thread.java:748)
2019-09-24 16:44:05,889 INFO  impl.FollowerState (FollowerState.java:run(108)) - s4@group-A1B89BB4020A-FollowerState: change to CANDIDATE, lastRpcTime:180ms, electionTimeout:180ms
2019-09-24 16:44:05,889 INFO  impl.RoleInfo (RoleInfo.java:shutdownFollowerState(121)) - s4: shutdown FollowerState
2019-09-24 16:44:05,889 INFO  impl.RaftServerImpl (RaftServerImpl.java:setRole(170)) - s4@group-A1B89BB4020A: changes role from  FOLLOWER to CANDIDATE at term 0 for changeToCandidate
2019-09-24 16:44:05,889 INFO  impl.RoleInfo (RoleInfo.java:updateAndGet(143)) - s4: start LeaderElection
2019-09-24 16:44:05,981 INFO  impl.FollowerState (FollowerState.java:run(108)) - s1@group-A1B89BB4020A-FollowerState: change to CANDIDATE, lastRpcTime:261ms, electionTimeout:261ms
2019-09-24 16:44:05,981 INFO  impl.RoleInfo (RoleInfo.java:shutdownFollowerState(121)) - s1: shutdown FollowerState
2019-09-24 16:44:05,981 INFO  impl.RaftServerImpl (RaftServerImpl.java:setRole(170)) - s1@group-A1B89BB4020A: changes role from  FOLLOWER to CANDIDATE at term 0 for changeToCandidate
2019-09-24 16:44:05,981 INFO  impl.RoleInfo (RoleInfo.java:updateAndGet(143)) - s1: start LeaderElection
2019-09-24 16:44:05,989 INFO  impl.FollowerState (FollowerState.java:run(108)) - s0@group-A1B89BB4020A-FollowerState: change to CANDIDATE, lastRpcTime:275ms, electionTimeout:275ms
2019-09-24 16:44:05,989 INFO  impl.RoleInfo (RoleInfo.java:shutdownFollowerState(121)) - s0: shutdown FollowerState
2019-09-24 16:44:05,990 INFO  impl.RaftServerImpl (RaftServerImpl.java:setRole(170)) - s0@group-A1B89BB4020A: changes role from  FOLLOWER to CANDIDATE at term 0 for changeToCandidate
2019-09-24 16:44:05,990 INFO  impl.RoleInfo (RoleInfo.java:updateAndGet(143)) - s0: start LeaderElection
2019-09-24 16:44:05,998 INFO  impl.FollowerState (FollowerState.java:run(108)) - s2@group-A1B89BB4020A-FollowerState: change to CANDIDATE, lastRpcTime:273ms, electionTimeout:271ms
2019-09-24 16:44:05,998 INFO  impl.RoleInfo (RoleInfo.java:shutdownFollowerState(121)) - s2: shutdown FollowerState
2019-09-24 16:44:05,998 INFO  impl.RaftServerImpl (RaftServerImpl.java:setRole(170)) - s2@group-A1B89BB4020A: changes role from  FOLLOWER to CANDIDATE at term 0 for changeToCandidate
2019-09-24 16:44:05,998 INFO  impl.RoleInfo (RoleInfo.java:updateAndGet(143)) - s2: start LeaderElection
2019-09-24 16:44:06,002 INFO  impl.FollowerState (FollowerState.java:run(108)) - s3@group-A1B89BB4020A-FollowerState: change to CANDIDATE, lastRpcTime:299ms, electionTimeout:299ms
2019-09-24 16:44:06,002 INFO  impl.RoleInfo (RoleInfo.java:shutdownFollowerState(121)) - s3: shutdown FollowerState
2019-09-24 16:44:06,002 INFO  impl.RaftServerImpl (RaftServerImpl.java:setRole(170)) - s3@group-A1B89BB4020A: changes role from  FOLLOWER to CANDIDATE at term 0 for changeToCandidate
2019-09-24 16:44:06,002 INFO  impl.RoleInfo (RoleInfo.java:updateAndGet(143)) - s3: start LeaderElection
2019-09-24 16:44:06,184 WARN  ratis.RaftTestUtil (JavaUtils.java:attempt(158)) - FAILED "waitForLeader-null-(expectLeader? true)", attempt #2/100: java.lang.IllegalStateException: No leader yet : printing ALL groups
  s3:  RUNNING CANDIDATE s3@group-A1B89BB4020A:t1, leader=null, voted=s3, raftlog=s3@group-A1B89BB4020A-SegmentedRaftLog:OPENED:c-1,f-1,i0, conf=-1: [s3:0.0.0.0:34761, s4:0.0.0.0:42956, s0:0.0.0.0:35561, s1:0.0.0.0:38095, s2:0.0.0.0:39611], old=null RUNNING
  s4:  RUNNING CANDIDATE s4@group-A1B89BB4020A:t1, leader=null, voted=s4, raftlog=s4@group-A1B89BB4020A-SegmentedRaftLog:OPENED:c-1,f-1,i0, conf=-1: [s3:0.0.0.0:34761, s4:0.0.0.0:42956, s0:0.0.0.0:35561, s1:0.0.0.0:38095, s2:0.0.0.0:39611], old=null RUNNING
  s0:  RUNNING CANDIDATE s0@group-A1B89BB4020A:t1, leader=null, voted=s0, raftlog=s0@group-A1B89BB4020A-SegmentedRaftLog:OPENED:c-1,f-1,i0, conf=-1: [s3:0.0.0.0:34761, s4:0.0.0.0:42956, s0:0.0.0.0:35561, s1:0.0.0.0:38095, s2:0.0.0.0:39611], old=null RUNNING
  s1:  RUNNING CANDIDATE s1@group-A1B89BB4020A:t1, leader=null, voted=s1, raftlog=s1@group-A1B89BB4020A-SegmentedRaftLog:OPENED:c-1,f-1,i0, conf=-1: [s3:0.0.0.0:34761, s4:0.0.0.0:42956, s0:0.0.0.0:35561, s1:0.0.0.0:38095, s2:0.0.0.0:39611], old=null RUNNING
  s2:  RUNNING CANDIDATE s2@group-A1B89BB4020A:t1, leader=null, voted=s2, raftlog=s2@group-A1B89BB4020A-SegmentedRaftLog:OPENED:c-1,f-1,i0, conf=-1: [s3:0.0.0.0:34761, s4:0.0.0.0:42956, s0:0.0.0.0:35561, s1:0.0.0.0:38095, s2:0.0.0.0:39611], old=null RUNNING, sleep 450ms and then retry.
java.lang.IllegalStateException: No leader yet : printing ALL groups
  s3:  RUNNING CANDIDATE s3@group-A1B89BB4020A:t1, leader=null, voted=s3, raftlog=s3@group-A1B89BB4020A-SegmentedRaftLog:OPENED:c-1,f-1,i0, conf=-1: [s3:0.0.0.0:34761, s4:0.0.0.0:42956, s0:0.0.0.0:35561, s1:0.0.0.0:38095, s2:0.0.0.0:39611], old=null RUNNING
  s4:  RUNNING CANDIDATE s4@group-A1B89BB4020A:t1, leader=null, voted=s4, raftlog=s4@group-A1B89BB4020A-SegmentedRaftLog:OPENED:c-1,f-1,i0, conf=-1: [s3:0.0.0.0:34761, s4:0.0.0.0:42956, s0:0.0.0.0:35561, s1:0.0.0.0:38095, s2:0.0.0.0:39611], old=null RUNNING
  s0:  RUNNING CANDIDATE s0@group-A1B89BB4020A:t1, leader=null, voted=s0, raftlog=s0@group-A1B89BB4020A-SegmentedRaftLog:OPENED:c-1,f-1,i0, conf=-1: [s3:0.0.0.0:34761, s4:0.0.0.0:42956, s0:0.0.0.0:35561, s1:0.0.0.0:38095, s2:0.0.0.0:39611], old=null RUNNING
  s1:  RUNNING CANDIDATE s1@group-A1B89BB4020A:t1, leader=null, voted=s1, raftlog=s1@group-A1B89BB4020A-SegmentedRaftLog:OPENED:c-1,f-1,i0, conf=-1: [s3:0.0.0.0:34761, s4:0.0.0.0:42956, s0:0.0.0.0:35561, s1:0.0.0.0:38095, s2:0.0.0.0:39611], old=null RUNNING
  s2:  RUNNING CANDIDATE s2@group-A1B89BB4020A:t1, leader=null, voted=s2, raftlog=s2@group-A1B89BB4020A-SegmentedRaftLog:OPENED:c-1,f-1,i0, conf=-1: [s3:0.0.0.0:34761, s4:0.0.0.0:42956, s0:0.0.0.0:35561, s1:0.0.0.0:38095, s2:0.0.0.0:39611], old=null RUNNING
	at org.apache.ratis.MiniRaftCluster.newIllegalStateExceptionForNoLeaders(MiniRaftCluster.java:506)
	at org.apache.ratis.RaftTestUtil.lambda$waitForLeader$1(RaftTestUtil.java:90)
	at org.apache.ratis.MiniRaftCluster.getLeader(MiniRaftCluster.java:539)
	at org.apache.ratis.MiniRaftCluster.getLeader(MiniRaftCluster.java:532)
	at org.apache.ratis.RaftTestUtil.lambda$waitForLeader$3(RaftTestUtil.java:98)
	at org.apache.ratis.util.JavaUtils.attempt(JavaUtils.java:152)
	at org.apache.ratis.RaftTestUtil.waitForLeader(RaftTestUtil.java:97)
	at org.apache.ratis.RaftTestUtil.waitForLeader(RaftTestUtil.java:77)
	at org.apache.ratis.RaftTestUtil.waitForLeader(RaftTestUtil.java:72)
	at org.apache.ratis.RaftBasicTests.runTestOldLeaderNotCommit(RaftBasicTests.java:218)
	at org.apache.ratis.MiniRaftCluster$Factory$Get.runWithNewCluster(MiniRaftCluster.java:125)
	at org.apache.ratis.MiniRaftCluster$Factory$Get.runWithNewCluster(MiniRaftCluster.java:113)
	at org.apache.ratis.RaftBasicTests.testOldLeaderNotCommit(RaftBasicTests.java:214)
	at sun.reflect.NativeMethodAccessorImpl.invoke0(Native Method)
	at sun.reflect.NativeMethodAccessorImpl.invoke(NativeMethodAccessorImpl.java:62)
	at sun.reflect.DelegatingMethodAccessorImpl.invoke(DelegatingMethodAccessorImpl.java:43)
	at java.lang.reflect.Method.invoke(Method.java:498)
	at org.junit.runners.model.FrameworkMethod$1.runReflectiveCall(FrameworkMethod.java:50)
	at org.junit.internal.runners.model.ReflectiveCallable.run(ReflectiveCallable.java:12)
	at org.junit.runners.model.FrameworkMethod.invokeExplosively(FrameworkMethod.java:47)
	at org.junit.internal.runners.statements.InvokeMethod.evaluate(InvokeMethod.java:17)
	at org.junit.internal.runners.statements.RunAfters.evaluate(RunAfters.java:27)
	at org.junit.internal.runners.statements.FailOnTimeout$CallableStatement.call(FailOnTimeout.java:298)
	at org.junit.internal.runners.statements.FailOnTimeout$CallableStatement.call(FailOnTimeout.java:292)
	at java.util.concurrent.FutureTask.run(FutureTask.java:266)
	at java.lang.Thread.run(Thread.java:748)
2019-09-24 16:44:06,635 WARN  ratis.RaftTestUtil (JavaUtils.java:attempt(158)) - FAILED "waitForLeader-null-(expectLeader? true)", attempt #3/100: java.lang.IllegalStateException: No leader yet : printing ALL groups
  s3:  RUNNING CANDIDATE s3@group-A1B89BB4020A:t1, leader=null, voted=s3, raftlog=s3@group-A1B89BB4020A-SegmentedRaftLog:OPENED:c-1,f-1,i0, conf=-1: [s3:0.0.0.0:34761, s4:0.0.0.0:42956, s0:0.0.0.0:35561, s1:0.0.0.0:38095, s2:0.0.0.0:39611], old=null RUNNING
  s4:  RUNNING CANDIDATE s4@group-A1B89BB4020A:t1, leader=null, voted=s4, raftlog=s4@group-A1B89BB4020A-SegmentedRaftLog:OPENED:c-1,f-1,i0, conf=-1: [s3:0.0.0.0:34761, s4:0.0.0.0:42956, s0:0.0.0.0:35561, s1:0.0.0.0:38095, s2:0.0.0.0:39611], old=null RUNNING
  s0:  RUNNING CANDIDATE s0@group-A1B89BB4020A:t1, leader=null, voted=s0, raftlog=s0@group-A1B89BB4020A-SegmentedRaftLog:OPENED:c-1,f-1,i0, conf=-1: [s3:0.0.0.0:34761, s4:0.0.0.0:42956, s0:0.0.0.0:35561, s1:0.0.0.0:38095, s2:0.0.0.0:39611], old=null RUNNING
  s1:  RUNNING CANDIDATE s1@group-A1B89BB4020A:t1, leader=null, voted=s1, raftlog=s1@group-A1B89BB4020A-SegmentedRaftLog:OPENED:c-1,f-1,i0, conf=-1: [s3:0.0.0.0:34761, s4:0.0.0.0:42956, s0:0.0.0.0:35561, s1:0.0.0.0:38095, s2:0.0.0.0:39611], old=null RUNNING
  s2:  RUNNING CANDIDATE s2@group-A1B89BB4020A:t1, leader=null, voted=s2, raftlog=s2@group-A1B89BB4020A-SegmentedRaftLog:OPENED:c-1,f-1,i0, conf=-1: [s3:0.0.0.0:34761, s4:0.0.0.0:42956, s0:0.0.0.0:35561, s1:0.0.0.0:38095, s2:0.0.0.0:39611], old=null RUNNING, sleep 450ms and then retry.
java.lang.IllegalStateException: No leader yet : printing ALL groups
  s3:  RUNNING CANDIDATE s3@group-A1B89BB4020A:t1, leader=null, voted=s3, raftlog=s3@group-A1B89BB4020A-SegmentedRaftLog:OPENED:c-1,f-1,i0, conf=-1: [s3:0.0.0.0:34761, s4:0.0.0.0:42956, s0:0.0.0.0:35561, s1:0.0.0.0:38095, s2:0.0.0.0:39611], old=null RUNNING
  s4:  RUNNING CANDIDATE s4@group-A1B89BB4020A:t1, leader=null, voted=s4, raftlog=s4@group-A1B89BB4020A-SegmentedRaftLog:OPENED:c-1,f-1,i0, conf=-1: [s3:0.0.0.0:34761, s4:0.0.0.0:42956, s0:0.0.0.0:35561, s1:0.0.0.0:38095, s2:0.0.0.0:39611], old=null RUNNING
  s0:  RUNNING CANDIDATE s0@group-A1B89BB4020A:t1, leader=null, voted=s0, raftlog=s0@group-A1B89BB4020A-SegmentedRaftLog:OPENED:c-1,f-1,i0, conf=-1: [s3:0.0.0.0:34761, s4:0.0.0.0:42956, s0:0.0.0.0:35561, s1:0.0.0.0:38095, s2:0.0.0.0:39611], old=null RUNNING
  s1:  RUNNING CANDIDATE s1@group-A1B89BB4020A:t1, leader=null, voted=s1, raftlog=s1@group-A1B89BB4020A-SegmentedRaftLog:OPENED:c-1,f-1,i0, conf=-1: [s3:0.0.0.0:34761, s4:0.0.0.0:42956, s0:0.0.0.0:35561, s1:0.0.0.0:38095, s2:0.0.0.0:39611], old=null RUNNING
  s2:  RUNNING CANDIDATE s2@group-A1B89BB4020A:t1, leader=null, voted=s2, raftlog=s2@group-A1B89BB4020A-SegmentedRaftLog:OPENED:c-1,f-1,i0, conf=-1: [s3:0.0.0.0:34761, s4:0.0.0.0:42956, s0:0.0.0.0:35561, s1:0.0.0.0:38095, s2:0.0.0.0:39611], old=null RUNNING
	at org.apache.ratis.MiniRaftCluster.newIllegalStateExceptionForNoLeaders(MiniRaftCluster.java:506)
	at org.apache.ratis.RaftTestUtil.lambda$waitForLeader$1(RaftTestUtil.java:90)
	at org.apache.ratis.MiniRaftCluster.getLeader(MiniRaftCluster.java:539)
	at org.apache.ratis.MiniRaftCluster.getLeader(MiniRaftCluster.java:532)
	at org.apache.ratis.RaftTestUtil.lambda$waitForLeader$3(RaftTestUtil.java:98)
	at org.apache.ratis.util.JavaUtils.attempt(JavaUtils.java:152)
	at org.apache.ratis.RaftTestUtil.waitForLeader(RaftTestUtil.java:97)
	at org.apache.ratis.RaftTestUtil.waitForLeader(RaftTestUtil.java:77)
	at org.apache.ratis.RaftTestUtil.waitForLeader(RaftTestUtil.java:72)
	at org.apache.ratis.RaftBasicTests.runTestOldLeaderNotCommit(RaftBasicTests.java:218)
	at org.apache.ratis.MiniRaftCluster$Factory$Get.runWithNewCluster(MiniRaftCluster.java:125)
	at org.apache.ratis.MiniRaftCluster$Factory$Get.runWithNewCluster(MiniRaftCluster.java:113)
	at org.apache.ratis.RaftBasicTests.testOldLeaderNotCommit(RaftBasicTests.java:214)
	at sun.reflect.NativeMethodAccessorImpl.invoke0(Native Method)
	at sun.reflect.NativeMethodAccessorImpl.invoke(NativeMethodAccessorImpl.java:62)
	at sun.reflect.DelegatingMethodAccessorImpl.invoke(DelegatingMethodAccessorImpl.java:43)
	at java.lang.reflect.Method.invoke(Method.java:498)
	at org.junit.runners.model.FrameworkMethod$1.runReflectiveCall(FrameworkMethod.java:50)
	at org.junit.internal.runners.model.ReflectiveCallable.run(ReflectiveCallable.java:12)
	at org.junit.runners.model.FrameworkMethod.invokeExplosively(FrameworkMethod.java:47)
	at org.junit.internal.runners.statements.InvokeMethod.evaluate(InvokeMethod.java:17)
	at org.junit.internal.runners.statements.RunAfters.evaluate(RunAfters.java:27)
	at org.junit.internal.runners.statements.FailOnTimeout$CallableStatement.call(FailOnTimeout.java:298)
	at org.junit.internal.runners.statements.FailOnTimeout$CallableStatement.call(FailOnTimeout.java:292)
	at java.util.concurrent.FutureTask.run(FutureTask.java:266)
	at java.lang.Thread.run(Thread.java:748)
2019-09-24 16:44:07,087 WARN  ratis.RaftTestUtil (JavaUtils.java:attempt(158)) - FAILED "waitForLeader-null-(expectLeader? true)", attempt #4/100: java.lang.IllegalStateException: No leader yet : printing ALL groups
  s3:  RUNNING CANDIDATE s3@group-A1B89BB4020A:t1, leader=null, voted=s3, raftlog=s3@group-A1B89BB4020A-SegmentedRaftLog:OPENED:c-1,f-1,i0, conf=-1: [s3:0.0.0.0:34761, s4:0.0.0.0:42956, s0:0.0.0.0:35561, s1:0.0.0.0:38095, s2:0.0.0.0:39611], old=null RUNNING
  s4:  RUNNING CANDIDATE s4@group-A1B89BB4020A:t1, leader=null, voted=s4, raftlog=s4@group-A1B89BB4020A-SegmentedRaftLog:OPENED:c-1,f-1,i0, conf=-1: [s3:0.0.0.0:34761, s4:0.0.0.0:42956, s0:0.0.0.0:35561, s1:0.0.0.0:38095, s2:0.0.0.0:39611], old=null RUNNING
  s0:  RUNNING CANDIDATE s0@group-A1B89BB4020A:t1, leader=null, voted=s0, raftlog=s0@group-A1B89BB4020A-SegmentedRaftLog:OPENED:c-1,f-1,i0, conf=-1: [s3:0.0.0.0:34761, s4:0.0.0.0:42956, s0:0.0.0.0:35561, s1:0.0.0.0:38095, s2:0.0.0.0:39611], old=null RUNNING
  s1:  RUNNING CANDIDATE s1@group-A1B89BB4020A:t1, leader=null, voted=s1, raftlog=s1@group-A1B89BB4020A-SegmentedRaftLog:OPENED:c-1,f-1,i0, conf=-1: [s3:0.0.0.0:34761, s4:0.0.0.0:42956, s0:0.0.0.0:35561, s1:0.0.0.0:38095, s2:0.0.0.0:39611], old=null RUNNING
  s2:  RUNNING CANDIDATE s2@group-A1B89BB4020A:t1, leader=null, voted=s2, raftlog=s2@group-A1B89BB4020A-SegmentedRaftLog:OPENED:c-1,f-1,i0, conf=-1: [s3:0.0.0.0:34761, s4:0.0.0.0:42956, s0:0.0.0.0:35561, s1:0.0.0.0:38095, s2:0.0.0.0:39611], old=null RUNNING, sleep 450ms and then retry.
java.lang.IllegalStateException: No leader yet : printing ALL groups
  s3:  RUNNING CANDIDATE s3@group-A1B89BB4020A:t1, leader=null, voted=s3, raftlog=s3@group-A1B89BB4020A-SegmentedRaftLog:OPENED:c-1,f-1,i0, conf=-1: [s3:0.0.0.0:34761, s4:0.0.0.0:42956, s0:0.0.0.0:35561, s1:0.0.0.0:38095, s2:0.0.0.0:39611], old=null RUNNING
  s4:  RUNNING CANDIDATE s4@group-A1B89BB4020A:t1, leader=null, voted=s4, raftlog=s4@group-A1B89BB4020A-SegmentedRaftLog:OPENED:c-1,f-1,i0, conf=-1: [s3:0.0.0.0:34761, s4:0.0.0.0:42956, s0:0.0.0.0:35561, s1:0.0.0.0:38095, s2:0.0.0.0:39611], old=null RUNNING
  s0:  RUNNING CANDIDATE s0@group-A1B89BB4020A:t1, leader=null, voted=s0, raftlog=s0@group-A1B89BB4020A-SegmentedRaftLog:OPENED:c-1,f-1,i0, conf=-1: [s3:0.0.0.0:34761, s4:0.0.0.0:42956, s0:0.0.0.0:35561, s1:0.0.0.0:38095, s2:0.0.0.0:39611], old=null RUNNING
  s1:  RUNNING CANDIDATE s1@group-A1B89BB4020A:t1, leader=null, voted=s1, raftlog=s1@group-A1B89BB4020A-SegmentedRaftLog:OPENED:c-1,f-1,i0, conf=-1: [s3:0.0.0.0:34761, s4:0.0.0.0:42956, s0:0.0.0.0:35561, s1:0.0.0.0:38095, s2:0.0.0.0:39611], old=null RUNNING
  s2:  RUNNING CANDIDATE s2@group-A1B89BB4020A:t1, leader=null, voted=s2, raftlog=s2@group-A1B89BB4020A-SegmentedRaftLog:OPENED:c-1,f-1,i0, conf=-1: [s3:0.0.0.0:34761, s4:0.0.0.0:42956, s0:0.0.0.0:35561, s1:0.0.0.0:38095, s2:0.0.0.0:39611], old=null RUNNING
	at org.apache.ratis.MiniRaftCluster.newIllegalStateExceptionForNoLeaders(MiniRaftCluster.java:506)
	at org.apache.ratis.RaftTestUtil.lambda$waitForLeader$1(RaftTestUtil.java:90)
	at org.apache.ratis.MiniRaftCluster.getLeader(MiniRaftCluster.java:539)
	at org.apache.ratis.MiniRaftCluster.getLeader(MiniRaftCluster.java:532)
	at org.apache.ratis.RaftTestUtil.lambda$waitForLeader$3(RaftTestUtil.java:98)
	at org.apache.ratis.util.JavaUtils.attempt(JavaUtils.java:152)
	at org.apache.ratis.RaftTestUtil.waitForLeader(RaftTestUtil.java:97)
	at org.apache.ratis.RaftTestUtil.waitForLeader(RaftTestUtil.java:77)
	at org.apache.ratis.RaftTestUtil.waitForLeader(RaftTestUtil.java:72)
	at org.apache.ratis.RaftBasicTests.runTestOldLeaderNotCommit(RaftBasicTests.java:218)
	at org.apache.ratis.MiniRaftCluster$Factory$Get.runWithNewCluster(MiniRaftCluster.java:125)
	at org.apache.ratis.MiniRaftCluster$Factory$Get.runWithNewCluster(MiniRaftCluster.java:113)
	at org.apache.ratis.RaftBasicTests.testOldLeaderNotCommit(RaftBasicTests.java:214)
	at sun.reflect.NativeMethodAccessorImpl.invoke0(Native Method)
	at sun.reflect.NativeMethodAccessorImpl.invoke(NativeMethodAccessorImpl.java:62)
	at sun.reflect.DelegatingMethodAccessorImpl.invoke(DelegatingMethodAccessorImpl.java:43)
	at java.lang.reflect.Method.invoke(Method.java:498)
	at org.junit.runners.model.FrameworkMethod$1.runReflectiveCall(FrameworkMethod.java:50)
	at org.junit.internal.runners.model.ReflectiveCallable.run(ReflectiveCallable.java:12)
	at org.junit.runners.model.FrameworkMethod.invokeExplosively(FrameworkMethod.java:47)
	at org.junit.internal.runners.statements.InvokeMethod.evaluate(InvokeMethod.java:17)
	at org.junit.internal.runners.statements.RunAfters.evaluate(RunAfters.java:27)
	at org.junit.internal.runners.statements.FailOnTimeout$CallableStatement.call(FailOnTimeout.java:298)
	at org.junit.internal.runners.statements.FailOnTimeout$CallableStatement.call(FailOnTimeout.java:292)
	at java.util.concurrent.FutureTask.run(FutureTask.java:266)
	at java.lang.Thread.run(Thread.java:748)
2019-09-24 16:44:07,538 WARN  ratis.RaftTestUtil (JavaUtils.java:attempt(158)) - FAILED "waitForLeader-null-(expectLeader? true)", attempt #5/100: java.lang.IllegalStateException: No leader yet : printing ALL groups
  s3:  RUNNING CANDIDATE s3@group-A1B89BB4020A:t1, leader=null, voted=s3, raftlog=s3@group-A1B89BB4020A-SegmentedRaftLog:OPENED:c-1,f-1,i0, conf=-1: [s3:0.0.0.0:34761, s4:0.0.0.0:42956, s0:0.0.0.0:35561, s1:0.0.0.0:38095, s2:0.0.0.0:39611], old=null RUNNING
  s4:  RUNNING CANDIDATE s4@group-A1B89BB4020A:t1, leader=null, voted=s4, raftlog=s4@group-A1B89BB4020A-SegmentedRaftLog:OPENED:c-1,f-1,i0, conf=-1: [s3:0.0.0.0:34761, s4:0.0.0.0:42956, s0:0.0.0.0:35561, s1:0.0.0.0:38095, s2:0.0.0.0:39611], old=null RUNNING
  s0:  RUNNING CANDIDATE s0@group-A1B89BB4020A:t1, leader=null, voted=s0, raftlog=s0@group-A1B89BB4020A-SegmentedRaftLog:OPENED:c-1,f-1,i0, conf=-1: [s3:0.0.0.0:34761, s4:0.0.0.0:42956, s0:0.0.0.0:35561, s1:0.0.0.0:38095, s2:0.0.0.0:39611], old=null RUNNING
  s1:  RUNNING CANDIDATE s1@group-A1B89BB4020A:t1, leader=null, voted=s1, raftlog=s1@group-A1B89BB4020A-SegmentedRaftLog:OPENED:c-1,f-1,i0, conf=-1: [s3:0.0.0.0:34761, s4:0.0.0.0:42956, s0:0.0.0.0:35561, s1:0.0.0.0:38095, s2:0.0.0.0:39611], old=null RUNNING
  s2:  RUNNING CANDIDATE s2@group-A1B89BB4020A:t1, leader=null, voted=s2, raftlog=s2@group-A1B89BB4020A-SegmentedRaftLog:OPENED:c-1,f-1,i0, conf=-1: [s3:0.0.0.0:34761, s4:0.0.0.0:42956, s0:0.0.0.0:35561, s1:0.0.0.0:38095, s2:0.0.0.0:39611], old=null RUNNING, sleep 450ms and then retry.
java.lang.IllegalStateException: No leader yet : printing ALL groups
  s3:  RUNNING CANDIDATE s3@group-A1B89BB4020A:t1, leader=null, voted=s3, raftlog=s3@group-A1B89BB4020A-SegmentedRaftLog:OPENED:c-1,f-1,i0, conf=-1: [s3:0.0.0.0:34761, s4:0.0.0.0:42956, s0:0.0.0.0:35561, s1:0.0.0.0:38095, s2:0.0.0.0:39611], old=null RUNNING
  s4:  RUNNING CANDIDATE s4@group-A1B89BB4020A:t1, leader=null, voted=s4, raftlog=s4@group-A1B89BB4020A-SegmentedRaftLog:OPENED:c-1,f-1,i0, conf=-1: [s3:0.0.0.0:34761, s4:0.0.0.0:42956, s0:0.0.0.0:35561, s1:0.0.0.0:38095, s2:0.0.0.0:39611], old=null RUNNING
  s0:  RUNNING CANDIDATE s0@group-A1B89BB4020A:t1, leader=null, voted=s0, raftlog=s0@group-A1B89BB4020A-SegmentedRaftLog:OPENED:c-1,f-1,i0, conf=-1: [s3:0.0.0.0:34761, s4:0.0.0.0:42956, s0:0.0.0.0:35561, s1:0.0.0.0:38095, s2:0.0.0.0:39611], old=null RUNNING
  s1:  RUNNING CANDIDATE s1@group-A1B89BB4020A:t1, leader=null, voted=s1, raftlog=s1@group-A1B89BB4020A-SegmentedRaftLog:OPENED:c-1,f-1,i0, conf=-1: [s3:0.0.0.0:34761, s4:0.0.0.0:42956, s0:0.0.0.0:35561, s1:0.0.0.0:38095, s2:0.0.0.0:39611], old=null RUNNING
  s2:  RUNNING CANDIDATE s2@group-A1B89BB4020A:t1, leader=null, voted=s2, raftlog=s2@group-A1B89BB4020A-SegmentedRaftLog:OPENED:c-1,f-1,i0, conf=-1: [s3:0.0.0.0:34761, s4:0.0.0.0:42956, s0:0.0.0.0:35561, s1:0.0.0.0:38095, s2:0.0.0.0:39611], old=null RUNNING
	at org.apache.ratis.MiniRaftCluster.newIllegalStateExceptionForNoLeaders(MiniRaftCluster.java:506)
	at org.apache.ratis.RaftTestUtil.lambda$waitForLeader$1(RaftTestUtil.java:90)
	at org.apache.ratis.MiniRaftCluster.getLeader(MiniRaftCluster.java:539)
	at org.apache.ratis.MiniRaftCluster.getLeader(MiniRaftCluster.java:532)
	at org.apache.ratis.RaftTestUtil.lambda$waitForLeader$3(RaftTestUtil.java:98)
	at org.apache.ratis.util.JavaUtils.attempt(JavaUtils.java:152)
	at org.apache.ratis.RaftTestUtil.waitForLeader(RaftTestUtil.java:97)
	at org.apache.ratis.RaftTestUtil.waitForLeader(RaftTestUtil.java:77)
	at org.apache.ratis.RaftTestUtil.waitForLeader(RaftTestUtil.java:72)
	at org.apache.ratis.RaftBasicTests.runTestOldLeaderNotCommit(RaftBasicTests.java:218)
	at org.apache.ratis.MiniRaftCluster$Factory$Get.runWithNewCluster(MiniRaftCluster.java:125)
	at org.apache.ratis.MiniRaftCluster$Factory$Get.runWithNewCluster(MiniRaftCluster.java:113)
	at org.apache.ratis.RaftBasicTests.testOldLeaderNotCommit(RaftBasicTests.java:214)
	at sun.reflect.NativeMethodAccessorImpl.invoke0(Native Method)
	at sun.reflect.NativeMethodAccessorImpl.invoke(NativeMethodAccessorImpl.java:62)
	at sun.reflect.DelegatingMethodAccessorImpl.invoke(DelegatingMethodAccessorImpl.java:43)
	at java.lang.reflect.Method.invoke(Method.java:498)
	at org.junit.runners.model.FrameworkMethod$1.runReflectiveCall(FrameworkMethod.java:50)
	at org.junit.internal.runners.model.ReflectiveCallable.run(ReflectiveCallable.java:12)
	at org.junit.runners.model.FrameworkMethod.invokeExplosively(FrameworkMethod.java:47)
	at org.junit.internal.runners.statements.InvokeMethod.evaluate(InvokeMethod.java:17)
	at org.junit.internal.runners.statements.RunAfters.evaluate(RunAfters.java:27)
	at org.junit.internal.runners.statements.FailOnTimeout$CallableStatement.call(FailOnTimeout.java:298)
	at org.junit.internal.runners.statements.FailOnTimeout$CallableStatement.call(FailOnTimeout.java:292)
	at java.util.concurrent.FutureTask.run(FutureTask.java:266)
	at java.lang.Thread.run(Thread.java:748)
2019-09-24 16:44:07,789 INFO  impl.LeaderElection (LeaderElection.java:askForVotes(178)) - s3@group-A1B89BB4020A-LeaderElection134: begin an election at term 1 for -1: [s3:0.0.0.0:34761, s4:0.0.0.0:42956, s0:0.0.0.0:35561, s1:0.0.0.0:38095, s2:0.0.0.0:39611], old=null
2019-09-24 16:44:07,789 INFO  impl.LeaderElection (LeaderElection.java:askForVotes(178)) - s1@group-A1B89BB4020A-LeaderElection131: begin an election at term 1 for -1: [s3:0.0.0.0:34761, s4:0.0.0.0:42956, s0:0.0.0.0:35561, s1:0.0.0.0:38095, s2:0.0.0.0:39611], old=null
2019-09-24 16:44:07,789 INFO  impl.LeaderElection (LeaderElection.java:askForVotes(178)) - s4@group-A1B89BB4020A-LeaderElection130: begin an election at term 1 for -1: [s3:0.0.0.0:34761, s4:0.0.0.0:42956, s0:0.0.0.0:35561, s1:0.0.0.0:38095, s2:0.0.0.0:39611], old=null
2019-09-24 16:44:07,789 INFO  impl.LeaderElection (LeaderElection.java:askForVotes(178)) - s0@group-A1B89BB4020A-LeaderElection132: begin an election at term 1 for -1: [s3:0.0.0.0:34761, s4:0.0.0.0:42956, s0:0.0.0.0:35561, s1:0.0.0.0:38095, s2:0.0.0.0:39611], old=null
2019-09-24 16:44:07,789 INFO  impl.LeaderElection (LeaderElection.java:askForVotes(178)) - s2@group-A1B89BB4020A-LeaderElection133: begin an election at term 1 for -1: [s3:0.0.0.0:34761, s4:0.0.0.0:42956, s0:0.0.0.0:35561, s1:0.0.0.0:38095, s2:0.0.0.0:39611], old=null
2019-09-24 16:44:07,792 INFO  logging.LoggingHandler (AbstractInternalLogger.java:log(150)) - [id: 0x981c0467, L:/0.0.0.0:42956] READ: [id: 0xea069f93, L:/192.168.5.142:42956 - R:/192.168.5.142:52916]
2019-09-24 16:44:07,793 INFO  logging.LoggingHandler (AbstractInternalLogger.java:log(150)) - [id: 0x91fdc2c7, L:/0.0.0.0:35561] READ: [id: 0xb1072deb, L:/192.168.5.142:35561 - R:/192.168.5.142:47146]
2019-09-24 16:44:07,793 INFO  logging.LoggingHandler (AbstractInternalLogger.java:log(150)) - [id: 0x22e46ccb, L:/0.0.0.0:38095] READ: [id: 0xedc3fb64, L:/192.168.5.142:38095 - R:/192.168.5.142:38294]
2019-09-24 16:44:07,794 INFO  logging.LoggingHandler (AbstractInternalLogger.java:log(150)) - [id: 0x91fdc2c7, L:/0.0.0.0:35561] READ COMPLETE
2019-09-24 16:44:07,794 INFO  logging.LoggingHandler (AbstractInternalLogger.java:log(150)) - [id: 0x5585b291, L:/0.0.0.0:34761] READ: [id: 0x941f9057, L:/192.168.5.142:34761 - R:/192.168.5.142:45104]
2019-09-24 16:44:07,795 INFO  logging.LoggingHandler (AbstractInternalLogger.java:log(150)) - [id: 0x5585b291, L:/0.0.0.0:34761] READ COMPLETE
2019-09-24 16:44:07,796 INFO  logging.LoggingHandler (AbstractInternalLogger.java:log(150)) - [id: 0x5585b291, L:/0.0.0.0:34761] READ: [id: 0xb68c7c59, L:/192.168.5.142:34761 - R:/192.168.5.142:45108]
2019-09-24 16:44:07,796 INFO  logging.LoggingHandler (AbstractInternalLogger.java:log(150)) - [id: 0x22e46ccb, L:/0.0.0.0:38095] READ COMPLETE
2019-09-24 16:44:07,796 INFO  logging.LoggingHandler (AbstractInternalLogger.java:log(150)) - [id: 0x91fdc2c7, L:/0.0.0.0:35561] READ: [id: 0x62d7d1d5, L:/192.168.5.142:35561 - R:/192.168.5.142:47160]
2019-09-24 16:44:07,796 INFO  logging.LoggingHandler (AbstractInternalLogger.java:log(150)) - [id: 0x981c0467, L:/0.0.0.0:42956] READ COMPLETE
2019-09-24 16:44:07,797 INFO  logging.LoggingHandler (AbstractInternalLogger.java:log(150)) - [id: 0x5585b291, L:/0.0.0.0:34761] READ COMPLETE
2019-09-24 16:44:07,797 INFO  logging.LoggingHandler (AbstractInternalLogger.java:log(150)) - [id: 0x981c0467, L:/0.0.0.0:42956] READ: [id: 0x5165f2d8, L:/192.168.5.142:42956 - R:/192.168.5.142:52918]
2019-09-24 16:44:07,797 INFO  logging.LoggingHandler (AbstractInternalLogger.java:log(150)) - [id: 0x5585b291, L:/0.0.0.0:34761] READ: [id: 0x3eeef2b5, L:/192.168.5.142:34761 - R:/192.168.5.142:45110]
2019-09-24 16:44:07,797 INFO  logging.LoggingHandler (AbstractInternalLogger.java:log(150)) - [id: 0x3c312e86, L:/0.0.0.0:39611] READ: [id: 0x2a1f7210, L:/192.168.5.142:39611 - R:/192.168.5.142:40210]
2019-09-24 16:44:07,798 INFO  logging.LoggingHandler (AbstractInternalLogger.java:log(150)) - [id: 0x981c0467, L:/0.0.0.0:42956] READ COMPLETE
2019-09-24 16:44:07,798 INFO  logging.LoggingHandler (AbstractInternalLogger.java:log(150)) - [id: 0x22e46ccb, L:/0.0.0.0:38095] READ: [id: 0x616f1dec, L:/192.168.5.142:38095 - R:/192.168.5.142:38312]
2019-09-24 16:44:07,798 DEBUG impl.RaftServerImpl (RaftServerImpl.java:requestVote(743)) - s4@group-A1B89BB4020A: receive requestVote(s3, group-A1B89BB4020A, 1, (t:0, i:0))
2019-09-24 16:44:07,798 INFO  logging.LoggingHandler (AbstractInternalLogger.java:log(150)) - [id: 0x981c0467, L:/0.0.0.0:42956] READ: [id: 0xdf8b911d, L:/192.168.5.142:42956 - R:/192.168.5.142:52926]
2019-09-24 16:44:07,798 INFO  logging.LoggingHandler (AbstractInternalLogger.java:log(150)) - [id: 0x5585b291, L:/0.0.0.0:34761] READ COMPLETE
2019-09-24 16:44:07,800 INFO  logging.LoggingHandler (AbstractInternalLogger.java:log(150)) - [id: 0x981c0467, L:/0.0.0.0:42956] READ COMPLETE
2019-09-24 16:44:07,799 DEBUG impl.RaftServerImpl (RaftServerImpl.java:requestVote(743)) - s0@group-A1B89BB4020A: receive requestVote(s3, group-A1B89BB4020A, 1, (t:0, i:0))
2019-09-24 16:44:07,799 INFO  logging.LoggingHandler (AbstractInternalLogger.java:log(150)) - [id: 0x22e46ccb, L:/0.0.0.0:38095] READ COMPLETE
2019-09-24 16:44:07,799 DEBUG impl.RaftServerImpl (RaftServerImpl.java:requestVote(775)) - s4@group-A1B89BB4020A replies to vote request: s3<-s4#0:FAIL-t1. Peer's state: s4@group-A1B89BB4020A:t1, leader=null, voted=s4, raftlog=s4@group-A1B89BB4020A-SegmentedRaftLog:OPENED:c-1,f-1,i0, conf=-1: [s3:0.0.0.0:34761, s4:0.0.0.0:42956, s0:0.0.0.0:35561, s1:0.0.0.0:38095, s2:0.0.0.0:39611], old=null
2019-09-24 16:44:07,801 DEBUG impl.RaftServerImpl (RaftServerImpl.java:requestVote(743)) - s1@group-A1B89BB4020A: receive requestVote(s3, group-A1B89BB4020A, 1, (t:0, i:0))
2019-09-24 16:44:07,800 INFO  logging.LoggingHandler (AbstractInternalLogger.java:log(150)) - [id: 0x91fdc2c7, L:/0.0.0.0:35561] READ COMPLETE
2019-09-24 16:44:07,800 DEBUG impl.RaftServerImpl (RaftServerImpl.java:requestVote(775)) - s0@group-A1B89BB4020A replies to vote request: s3<-s0#0:FAIL-t1. Peer's state: s0@group-A1B89BB4020A:t1, leader=null, voted=s0, raftlog=s0@group-A1B89BB4020A-SegmentedRaftLog:OPENED:c-1,f-1,i0, conf=-1: [s3:0.0.0.0:34761, s4:0.0.0.0:42956, s0:0.0.0.0:35561, s1:0.0.0.0:38095, s2:0.0.0.0:39611], old=null
2019-09-24 16:44:07,800 INFO  logging.LoggingHandler (AbstractInternalLogger.java:log(150)) - [id: 0x981c0467, L:/0.0.0.0:42956] READ: [id: 0x8fcd016c, L:/192.168.5.142:42956 - R:/192.168.5.142:52936]
2019-09-24 16:44:07,800 INFO  logging.LoggingHandler (AbstractInternalLogger.java:log(150)) - [id: 0x3c312e86, L:/0.0.0.0:39611] READ COMPLETE
2019-09-24 16:44:07,800 INFO  logging.LoggingHandler (AbstractInternalLogger.java:log(150)) - [id: 0x5585b291, L:/0.0.0.0:34761] READ: [id: 0x5a971228, L:/192.168.5.142:34761 - R:/192.168.5.142:45112]
2019-09-24 16:44:07,803 INFO  logging.LoggingHandler (AbstractInternalLogger.java:log(150)) - [id: 0x3c312e86, L:/0.0.0.0:39611] READ: [id: 0x3d23eafc, L:/192.168.5.142:39611 - R:/192.168.5.142:40218]
2019-09-24 16:44:07,802 INFO  logging.LoggingHandler (AbstractInternalLogger.java:log(150)) - [id: 0x981c0467, L:/0.0.0.0:42956] READ COMPLETE
2019-09-24 16:44:07,803 INFO  logging.LoggingHandler (AbstractInternalLogger.java:log(150)) - [id: 0x3c312e86, L:/0.0.0.0:39611] READ COMPLETE
2019-09-24 16:44:07,802 INFO  logging.LoggingHandler (AbstractInternalLogger.java:log(150)) - [id: 0x22e46ccb, L:/0.0.0.0:38095] READ: [id: 0x0e35e28b, L:/192.168.5.142:38095 - R:/192.168.5.142:38324]
2019-09-24 16:44:07,804 INFO  logging.LoggingHandler (AbstractInternalLogger.java:log(150)) - [id: 0x3c312e86, L:/0.0.0.0:39611] READ: [id: 0xcee30b62, L:/192.168.5.142:39611 - R:/192.168.5.142:40220]
2019-09-24 16:44:07,802 INFO  logging.LoggingHandler (AbstractInternalLogger.java:log(150)) - [id: 0x91fdc2c7, L:/0.0.0.0:35561] READ: [id: 0x70b059a7, L:/192.168.5.142:35561 - R:/192.168.5.142:47168]
2019-09-24 16:44:07,801 DEBUG impl.RaftServerImpl (RaftServerImpl.java:requestVote(775)) - s1@group-A1B89BB4020A replies to vote request: s3<-s1#0:FAIL-t1. Peer's state: s1@group-A1B89BB4020A:t1, leader=null, voted=s1, raftlog=s1@group-A1B89BB4020A-SegmentedRaftLog:OPENED:c-1,f-1,i0, conf=-1: [s3:0.0.0.0:34761, s4:0.0.0.0:42956, s0:0.0.0.0:35561, s1:0.0.0.0:38095, s2:0.0.0.0:39611], old=null
2019-09-24 16:44:07,805 INFO  logging.LoggingHandler (AbstractInternalLogger.java:log(150)) - [id: 0x91fdc2c7, L:/0.0.0.0:35561] READ COMPLETE
2019-09-24 16:44:07,804 INFO  logging.LoggingHandler (AbstractInternalLogger.java:log(150)) - [id: 0x3c312e86, L:/0.0.0.0:39611] READ COMPLETE
2019-09-24 16:44:07,805 DEBUG impl.RaftServerImpl (RaftServerImpl.java:requestVote(743)) - s4@group-A1B89BB4020A: receive requestVote(s0, group-A1B89BB4020A, 1, (t:0, i:0))
2019-09-24 16:44:07,804 INFO  logging.LoggingHandler (AbstractInternalLogger.java:log(150)) - [id: 0x22e46ccb, L:/0.0.0.0:38095] READ COMPLETE
2019-09-24 16:44:07,803 INFO  logging.LoggingHandler (AbstractInternalLogger.java:log(150)) - [id: 0x5585b291, L:/0.0.0.0:34761] READ COMPLETE
2019-09-24 16:44:07,806 DEBUG impl.RaftServerImpl (RaftServerImpl.java:requestVote(743)) - s3@group-A1B89BB4020A: receive requestVote(s0, group-A1B89BB4020A, 1, (t:0, i:0))
2019-09-24 16:44:07,806 INFO  logging.LoggingHandler (AbstractInternalLogger.java:log(150)) - [id: 0x22e46ccb, L:/0.0.0.0:38095] READ: [id: 0xbda433fb, L:/192.168.5.142:38095 - R:/192.168.5.142:38326]
2019-09-24 16:44:07,806 DEBUG impl.RaftServerImpl (RaftServerImpl.java:requestVote(743)) - s3@group-A1B89BB4020A: receive requestVote(s1, group-A1B89BB4020A, 1, (t:0, i:0))
2019-09-24 16:44:07,806 DEBUG impl.RaftServerImpl (RaftServerImpl.java:requestVote(775)) - s4@group-A1B89BB4020A replies to vote request: s0<-s4#0:FAIL-t1. Peer's state: s4@group-A1B89BB4020A:t1, leader=null, voted=s4, raftlog=s4@group-A1B89BB4020A-SegmentedRaftLog:OPENED:c-1,f-1,i0, conf=-1: [s3:0.0.0.0:34761, s4:0.0.0.0:42956, s0:0.0.0.0:35561, s1:0.0.0.0:38095, s2:0.0.0.0:39611], old=null
2019-09-24 16:44:07,805 INFO  logging.LoggingHandler (AbstractInternalLogger.java:log(150)) - [id: 0x3c312e86, L:/0.0.0.0:39611] READ: [id: 0xa371d6d4, L:/192.168.5.142:39611 - R:/192.168.5.142:40222]
2019-09-24 16:44:07,805 INFO  logging.LoggingHandler (AbstractInternalLogger.java:log(150)) - [id: 0x91fdc2c7, L:/0.0.0.0:35561] READ: [id: 0xf95ce501, L:/192.168.5.142:35561 - R:/192.168.5.142:47170]
2019-09-24 16:44:07,808 DEBUG impl.RaftServerImpl (RaftServerImpl.java:requestVote(743)) - s1@group-A1B89BB4020A: receive requestVote(s4, group-A1B89BB4020A, 1, (t:0, i:0))
2019-09-24 16:44:07,808 INFO  logging.LoggingHandler (AbstractInternalLogger.java:log(150)) - [id: 0x3c312e86, L:/0.0.0.0:39611] READ COMPLETE
2019-09-24 16:44:07,807 INFO  logging.LoggingHandler (AbstractInternalLogger.java:log(150)) - [id: 0x22e46ccb, L:/0.0.0.0:38095] READ COMPLETE
2019-09-24 16:44:07,806 DEBUG impl.RaftServerImpl (RaftServerImpl.java:requestVote(775)) - s3@group-A1B89BB4020A replies to vote request: s0<-s3#0:FAIL-t1. Peer's state: s3@group-A1B89BB4020A:t1, leader=null, voted=s3, raftlog=s3@group-A1B89BB4020A-SegmentedRaftLog:OPENED:c-1,f-1,i0, conf=-1: [s3:0.0.0.0:34761, s4:0.0.0.0:42956, s0:0.0.0.0:35561, s1:0.0.0.0:38095, s2:0.0.0.0:39611], old=null
2019-09-24 16:44:07,806 DEBUG impl.RaftServerImpl (RaftServerImpl.java:requestVote(743)) - s4@group-A1B89BB4020A: receive requestVote(s2, group-A1B89BB4020A, 1, (t:0, i:0))
2019-09-24 16:44:07,809 DEBUG impl.RaftServerImpl (RaftServerImpl.java:requestVote(743)) - s0@group-A1B89BB4020A: receive requestVote(s1, group-A1B89BB4020A, 1, (t:0, i:0))
2019-09-24 16:44:07,809 DEBUG impl.RaftServerImpl (RaftServerImpl.java:requestVote(775)) - s3@group-A1B89BB4020A replies to vote request: s1<-s3#0:FAIL-t1. Peer's state: s3@group-A1B89BB4020A:t1, leader=null, voted=s3, raftlog=s3@group-A1B89BB4020A-SegmentedRaftLog:OPENED:c-1,f-1,i0, conf=-1: [s3:0.0.0.0:34761, s4:0.0.0.0:42956, s0:0.0.0.0:35561, s1:0.0.0.0:38095, s2:0.0.0.0:39611], old=null
2019-09-24 16:44:07,808 DEBUG impl.RaftServerImpl (RaftServerImpl.java:requestVote(775)) - s1@group-A1B89BB4020A replies to vote request: s4<-s1#0:FAIL-t1. Peer's state: s1@group-A1B89BB4020A:t1, leader=null, voted=s1, raftlog=s1@group-A1B89BB4020A-SegmentedRaftLog:OPENED:c-1,f-1,i0, conf=-1: [s3:0.0.0.0:34761, s4:0.0.0.0:42956, s0:0.0.0.0:35561, s1:0.0.0.0:38095, s2:0.0.0.0:39611], old=null
2019-09-24 16:44:07,808 INFO  logging.LoggingHandler (AbstractInternalLogger.java:log(150)) - [id: 0x91fdc2c7, L:/0.0.0.0:35561] READ COMPLETE
2019-09-24 16:44:07,810 DEBUG impl.RaftServerImpl (RaftServerImpl.java:requestVote(743)) - s4@group-A1B89BB4020A: receive requestVote(s1, group-A1B89BB4020A, 1, (t:0, i:0))
2019-09-24 16:44:07,810 DEBUG impl.RaftServerImpl (RaftServerImpl.java:requestVote(775)) - s0@group-A1B89BB4020A replies to vote request: s1<-s0#0:FAIL-t1. Peer's state: s0@group-A1B89BB4020A:t1, leader=null, voted=s0, raftlog=s0@group-A1B89BB4020A-SegmentedRaftLog:OPENED:c-1,f-1,i0, conf=-1: [s3:0.0.0.0:34761, s4:0.0.0.0:42956, s0:0.0.0.0:35561, s1:0.0.0.0:38095, s2:0.0.0.0:39611], old=null
2019-09-24 16:44:07,809 DEBUG impl.RaftServerImpl (RaftServerImpl.java:requestVote(775)) - s4@group-A1B89BB4020A replies to vote request: s2<-s4#0:FAIL-t1. Peer's state: s4@group-A1B89BB4020A:t1, leader=null, voted=s4, raftlog=s4@group-A1B89BB4020A-SegmentedRaftLog:OPENED:c-1,f-1,i0, conf=-1: [s3:0.0.0.0:34761, s4:0.0.0.0:42956, s0:0.0.0.0:35561, s1:0.0.0.0:38095, s2:0.0.0.0:39611], old=null
2019-09-24 16:44:07,811 DEBUG impl.RaftServerImpl (RaftServerImpl.java:requestVote(743)) - s3@group-A1B89BB4020A: receive requestVote(s4, group-A1B89BB4020A, 1, (t:0, i:0))
2019-09-24 16:44:07,812 DEBUG impl.RaftServerImpl (RaftServerImpl.java:requestVote(775)) - s4@group-A1B89BB4020A replies to vote request: s1<-s4#0:FAIL-t1. Peer's state: s4@group-A1B89BB4020A:t1, leader=null, voted=s4, raftlog=s4@group-A1B89BB4020A-SegmentedRaftLog:OPENED:c-1,f-1,i0, conf=-1: [s3:0.0.0.0:34761, s4:0.0.0.0:42956, s0:0.0.0.0:35561, s1:0.0.0.0:38095, s2:0.0.0.0:39611], old=null
2019-09-24 16:44:07,812 DEBUG impl.RaftServerImpl (RaftServerImpl.java:requestVote(775)) - s3@group-A1B89BB4020A replies to vote request: s4<-s3#0:FAIL-t1. Peer's state: s3@group-A1B89BB4020A:t1, leader=null, voted=s3, raftlog=s3@group-A1B89BB4020A-SegmentedRaftLog:OPENED:c-1,f-1,i0, conf=-1: [s3:0.0.0.0:34761, s4:0.0.0.0:42956, s0:0.0.0.0:35561, s1:0.0.0.0:38095, s2:0.0.0.0:39611], old=null
2019-09-24 16:44:07,812 DEBUG impl.RaftServerImpl (RaftServerImpl.java:requestVote(743)) - s1@group-A1B89BB4020A: receive requestVote(s0, group-A1B89BB4020A, 1, (t:0, i:0))
2019-09-24 16:44:07,812 DEBUG impl.RaftServerImpl (RaftServerImpl.java:requestVote(743)) - s2@group-A1B89BB4020A: receive requestVote(s3, group-A1B89BB4020A, 1, (t:0, i:0))
2019-09-24 16:44:07,812 DEBUG impl.RaftServerImpl (RaftServerImpl.java:requestVote(743)) - s0@group-A1B89BB4020A: receive requestVote(s4, group-A1B89BB4020A, 1, (t:0, i:0))
2019-09-24 16:44:07,813 DEBUG impl.RaftServerImpl (RaftServerImpl.java:requestVote(775)) - s2@group-A1B89BB4020A replies to vote request: s3<-s2#0:FAIL-t1. Peer's state: s2@group-A1B89BB4020A:t1, leader=null, voted=s2, raftlog=s2@group-A1B89BB4020A-SegmentedRaftLog:OPENED:c-1,f-1,i0, conf=-1: [s3:0.0.0.0:34761, s4:0.0.0.0:42956, s0:0.0.0.0:35561, s1:0.0.0.0:38095, s2:0.0.0.0:39611], old=null
2019-09-24 16:44:07,813 DEBUG impl.RaftServerImpl (RaftServerImpl.java:requestVote(743)) - s2@group-A1B89BB4020A: receive requestVote(s0, group-A1B89BB4020A, 1, (t:0, i:0))
2019-09-24 16:44:07,813 DEBUG impl.RaftServerImpl (RaftServerImpl.java:requestVote(775)) - s1@group-A1B89BB4020A replies to vote request: s0<-s1#0:FAIL-t1. Peer's state: s1@group-A1B89BB4020A:t1, leader=null, voted=s1, raftlog=s1@group-A1B89BB4020A-SegmentedRaftLog:OPENED:c-1,f-1,i0, conf=-1: [s3:0.0.0.0:34761, s4:0.0.0.0:42956, s0:0.0.0.0:35561, s1:0.0.0.0:38095, s2:0.0.0.0:39611], old=null
2019-09-24 16:44:07,814 INFO  impl.LeaderElection (LeaderElection.java:logAndReturn(56)) - s3@group-A1B89BB4020A-LeaderElection134: Election REJECTED; received 4 response(s) [s3<-s4#0:FAIL-t1, s3<-s0#0:FAIL-t1, s3<-s1#0:FAIL-t1, s3<-s2#0:FAIL-t1] and 0 exception(s); s3@group-A1B89BB4020A:t1, leader=null, voted=s3, raftlog=s3@group-A1B89BB4020A-SegmentedRaftLog:OPENED:c-1,f-1,i0, conf=-1: [s3:0.0.0.0:34761, s4:0.0.0.0:42956, s0:0.0.0.0:35561, s1:0.0.0.0:38095, s2:0.0.0.0:39611], old=null
2019-09-24 16:44:07,814 DEBUG impl.RaftServerImpl (RaftServerImpl.java:requestVote(775)) - s2@group-A1B89BB4020A replies to vote request: s0<-s2#0:FAIL-t1. Peer's state: s2@group-A1B89BB4020A:t1, leader=null, voted=s2, raftlog=s2@group-A1B89BB4020A-SegmentedRaftLog:OPENED:c-1,f-1,i0, conf=-1: [s3:0.0.0.0:34761, s4:0.0.0.0:42956, s0:0.0.0.0:35561, s1:0.0.0.0:38095, s2:0.0.0.0:39611], old=null
2019-09-24 16:44:07,814 DEBUG impl.RaftServerImpl (RaftServerImpl.java:requestVote(743)) - s1@group-A1B89BB4020A: receive requestVote(s2, group-A1B89BB4020A, 1, (t:0, i:0))
2019-09-24 16:44:07,813 DEBUG impl.RaftServerImpl (RaftServerImpl.java:requestVote(743)) - s2@group-A1B89BB4020A: receive requestVote(s4, group-A1B89BB4020A, 1, (t:0, i:0))
2019-09-24 16:44:07,813 DEBUG impl.RaftServerImpl (RaftServerImpl.java:requestVote(775)) - s0@group-A1B89BB4020A replies to vote request: s4<-s0#0:FAIL-t1. Peer's state: s0@group-A1B89BB4020A:t1, leader=null, voted=s0, raftlog=s0@group-A1B89BB4020A-SegmentedRaftLog:OPENED:c-1,f-1,i0, conf=-1: [s3:0.0.0.0:34761, s4:0.0.0.0:42956, s0:0.0.0.0:35561, s1:0.0.0.0:38095, s2:0.0.0.0:39611], old=null
2019-09-24 16:44:07,815 DEBUG impl.RaftServerImpl (RaftServerImpl.java:requestVote(743)) - s2@group-A1B89BB4020A: receive requestVote(s1, group-A1B89BB4020A, 1, (t:0, i:0))
2019-09-24 16:44:07,815 DEBUG impl.RaftServerImpl (RaftServerImpl.java:requestVote(775)) - s2@group-A1B89BB4020A replies to vote request: s4<-s2#0:FAIL-t1. Peer's state: s2@group-A1B89BB4020A:t1, leader=null, voted=s2, raftlog=s2@group-A1B89BB4020A-SegmentedRaftLog:OPENED:c-1,f-1,i0, conf=-1: [s3:0.0.0.0:34761, s4:0.0.0.0:42956, s0:0.0.0.0:35561, s1:0.0.0.0:38095, s2:0.0.0.0:39611], old=null
2019-09-24 16:44:07,815 DEBUG impl.RaftServerImpl (RaftServerImpl.java:requestVote(775)) - s1@group-A1B89BB4020A replies to vote request: s2<-s1#0:FAIL-t1. Peer's state: s1@group-A1B89BB4020A:t1, leader=null, voted=s1, raftlog=s1@group-A1B89BB4020A-SegmentedRaftLog:OPENED:c-1,f-1,i0, conf=-1: [s3:0.0.0.0:34761, s4:0.0.0.0:42956, s0:0.0.0.0:35561, s1:0.0.0.0:38095, s2:0.0.0.0:39611], old=null
2019-09-24 16:44:07,815 INFO  impl.LeaderElection (LeaderElection.java:logAndReturn(56)) - s0@group-A1B89BB4020A-LeaderElection132: Election REJECTED; received 4 response(s) [s0<-s3#0:FAIL-t1, s0<-s4#0:FAIL-t1, s0<-s1#0:FAIL-t1, s0<-s2#0:FAIL-t1] and 0 exception(s); s0@group-A1B89BB4020A:t1, leader=null, voted=s0, raftlog=s0@group-A1B89BB4020A-SegmentedRaftLog:OPENED:c-1,f-1,i0, conf=-1: [s3:0.0.0.0:34761, s4:0.0.0.0:42956, s0:0.0.0.0:35561, s1:0.0.0.0:38095, s2:0.0.0.0:39611], old=null
2019-09-24 16:44:07,815 DEBUG impl.RaftServerImpl (RaftServerImpl.java:requestVote(743)) - s3@group-A1B89BB4020A: receive requestVote(s2, group-A1B89BB4020A, 1, (t:0, i:0))
2019-09-24 16:44:07,814 DEBUG impl.RaftServerImpl (RaftServerImpl.java:requestVote(743)) - s0@group-A1B89BB4020A: receive requestVote(s2, group-A1B89BB4020A, 1, (t:0, i:0))
2019-09-24 16:44:07,814 INFO  impl.RaftServerImpl (RaftServerImpl.java:setRole(170)) - s3@group-A1B89BB4020A: changes role from CANDIDATE to FOLLOWER at term 1 for DISCOVERED_A_NEW_TERM
2019-09-24 16:44:07,817 INFO  impl.RoleInfo (RoleInfo.java:shutdownLeaderElection(134)) - s3: shutdown LeaderElection
2019-09-24 16:44:07,817 INFO  impl.RaftServerImpl (RaftServerImpl.java:setRole(170)) - s0@group-A1B89BB4020A: changes role from CANDIDATE to FOLLOWER at term 1 for DISCOVERED_A_NEW_TERM
2019-09-24 16:44:07,818 INFO  impl.RoleInfo (RoleInfo.java:shutdownLeaderElection(134)) - s0: shutdown LeaderElection
2019-09-24 16:44:07,816 INFO  impl.LeaderElection (LeaderElection.java:logAndReturn(56)) - s4@group-A1B89BB4020A-LeaderElection130: Election REJECTED; received 4 response(s) [s4<-s3#0:FAIL-t1, s4<-s0#0:FAIL-t1, s4<-s1#0:FAIL-t1, s4<-s2#0:FAIL-t1] and 0 exception(s); s4@group-A1B89BB4020A:t1, leader=null, voted=s4, raftlog=s4@group-A1B89BB4020A-SegmentedRaftLog:OPENED:c-1,f-1,i0, conf=-1: [s3:0.0.0.0:34761, s4:0.0.0.0:42956, s0:0.0.0.0:35561, s1:0.0.0.0:38095, s2:0.0.0.0:39611], old=null
2019-09-24 16:44:07,816 DEBUG impl.RaftServerImpl (RaftServerImpl.java:requestVote(775)) - s2@group-A1B89BB4020A replies to vote request: s1<-s2#0:FAIL-t1. Peer's state: s2@group-A1B89BB4020A:t1, leader=null, voted=s2, raftlog=s2@group-A1B89BB4020A-SegmentedRaftLog:OPENED:c-1,f-1,i0, conf=-1: [s3:0.0.0.0:34761, s4:0.0.0.0:42956, s0:0.0.0.0:35561, s1:0.0.0.0:38095, s2:0.0.0.0:39611], old=null
2019-09-24 16:44:07,818 INFO  impl.RaftServerImpl (RaftServerImpl.java:setRole(170)) - s4@group-A1B89BB4020A: changes role from CANDIDATE to FOLLOWER at term 1 for DISCOVERED_A_NEW_TERM
2019-09-24 16:44:07,818 INFO  impl.RoleInfo (RoleInfo.java:shutdownLeaderElection(134)) - s4: shutdown LeaderElection
2019-09-24 16:44:07,818 INFO  impl.RoleInfo (RoleInfo.java:updateAndGet(143)) - s0: start FollowerState
2019-09-24 16:44:07,817 INFO  impl.RoleInfo (RoleInfo.java:updateAndGet(143)) - s3: start FollowerState
2019-09-24 16:44:07,819 INFO  impl.LeaderElection (LeaderElection.java:logAndReturn(56)) - s1@group-A1B89BB4020A-LeaderElection131: Election REJECTED; received 4 response(s) [s1<-s3#0:FAIL-t1, s1<-s4#0:FAIL-t1, s1<-s0#0:FAIL-t1, s1<-s2#0:FAIL-t1] and 0 exception(s); s1@group-A1B89BB4020A:t1, leader=null, voted=s1, raftlog=s1@group-A1B89BB4020A-SegmentedRaftLog:OPENED:c-1,f-1,i0, conf=-1: [s3:0.0.0.0:34761, s4:0.0.0.0:42956, s0:0.0.0.0:35561, s1:0.0.0.0:38095, s2:0.0.0.0:39611], old=null
2019-09-24 16:44:07,819 INFO  impl.RoleInfo (RoleInfo.java:updateAndGet(143)) - s4: start FollowerState
2019-09-24 16:44:07,819 INFO  impl.RaftServerImpl (RaftServerImpl.java:setRole(170)) - s1@group-A1B89BB4020A: changes role from CANDIDATE to FOLLOWER at term 1 for DISCOVERED_A_NEW_TERM
2019-09-24 16:44:07,819 INFO  impl.RoleInfo (RoleInfo.java:shutdownLeaderElection(134)) - s1: shutdown LeaderElection
2019-09-24 16:44:07,819 DEBUG impl.RaftServerImpl (RaftServerImpl.java:requestVote(775)) - s0@group-A1B89BB4020A replies to vote request: s2<-s0#0:FAIL-t1. Peer's state: s0@group-A1B89BB4020A:t1, leader=null, voted=s0, raftlog=s0@group-A1B89BB4020A-SegmentedRaftLog:OPENED:c-1,f-1,i0, conf=-1: [s3:0.0.0.0:34761, s4:0.0.0.0:42956, s0:0.0.0.0:35561, s1:0.0.0.0:38095, s2:0.0.0.0:39611], old=null
2019-09-24 16:44:07,820 INFO  impl.RoleInfo (RoleInfo.java:updateAndGet(143)) - s1: start FollowerState
2019-09-24 16:44:07,819 DEBUG impl.RaftServerImpl (RaftServerImpl.java:requestVote(775)) - s3@group-A1B89BB4020A replies to vote request: s2<-s3#0:FAIL-t1. Peer's state: s3@group-A1B89BB4020A:t1, leader=null, voted=s3, raftlog=s3@group-A1B89BB4020A-SegmentedRaftLog:OPENED:c-1,f-1,i0, conf=-1: [s3:0.0.0.0:34761, s4:0.0.0.0:42956, s0:0.0.0.0:35561, s1:0.0.0.0:38095, s2:0.0.0.0:39611], old=null
2019-09-24 16:44:07,821 INFO  impl.LeaderElection (LeaderElection.java:logAndReturn(56)) - s2@group-A1B89BB4020A-LeaderElection133: Election REJECTED; received 4 response(s) [s2<-s3#0:FAIL-t1, s2<-s4#0:FAIL-t1, s2<-s0#0:FAIL-t1, s2<-s1#0:FAIL-t1] and 0 exception(s); s2@group-A1B89BB4020A:t1, leader=null, voted=s2, raftlog=s2@group-A1B89BB4020A-SegmentedRaftLog:OPENED:c-1,f-1,i0, conf=-1: [s3:0.0.0.0:34761, s4:0.0.0.0:42956, s0:0.0.0.0:35561, s1:0.0.0.0:38095, s2:0.0.0.0:39611], old=null
2019-09-24 16:44:07,821 INFO  impl.RaftServerImpl (RaftServerImpl.java:setRole(170)) - s2@group-A1B89BB4020A: changes role from CANDIDATE to FOLLOWER at term 1 for DISCOVERED_A_NEW_TERM
2019-09-24 16:44:07,821 INFO  impl.RoleInfo (RoleInfo.java:shutdownLeaderElection(134)) - s2: shutdown LeaderElection
2019-09-24 16:44:07,821 INFO  impl.RoleInfo (RoleInfo.java:updateAndGet(143)) - s2: start FollowerState
2019-09-24 16:44:07,990 WARN  ratis.RaftTestUtil (JavaUtils.java:attempt(158)) - FAILED "waitForLeader-null-(expectLeader? true)", attempt #6/100: java.lang.IllegalStateException: No leader yet : printing ALL groups
  s3:  RUNNING  FOLLOWER s3@group-A1B89BB4020A:t1, leader=null, voted=s3, raftlog=s3@group-A1B89BB4020A-SegmentedRaftLog:OPENED:c-1,f-1,i0, conf=-1: [s3:0.0.0.0:34761, s4:0.0.0.0:42956, s0:0.0.0.0:35561, s1:0.0.0.0:38095, s2:0.0.0.0:39611], old=null RUNNING
  s4:  RUNNING  FOLLOWER s4@group-A1B89BB4020A:t1, leader=null, voted=s4, raftlog=s4@group-A1B89BB4020A-SegmentedRaftLog:OPENED:c-1,f-1,i0, conf=-1: [s3:0.0.0.0:34761, s4:0.0.0.0:42956, s0:0.0.0.0:35561, s1:0.0.0.0:38095, s2:0.0.0.0:39611], old=null RUNNING
  s0:  RUNNING  FOLLOWER s0@group-A1B89BB4020A:t1, leader=null, voted=s0, raftlog=s0@group-A1B89BB4020A-SegmentedRaftLog:OPENED:c-1,f-1,i0, conf=-1: [s3:0.0.0.0:34761, s4:0.0.0.0:42956, s0:0.0.0.0:35561, s1:0.0.0.0:38095, s2:0.0.0.0:39611], old=null RUNNING
  s1:  RUNNING  FOLLOWER s1@group-A1B89BB4020A:t1, leader=null, voted=s1, raftlog=s1@group-A1B89BB4020A-SegmentedRaftLog:OPENED:c-1,f-1,i0, conf=-1: [s3:0.0.0.0:34761, s4:0.0.0.0:42956, s0:0.0.0.0:35561, s1:0.0.0.0:38095, s2:0.0.0.0:39611], old=null RUNNING
  s2:  RUNNING  FOLLOWER s2@group-A1B89BB4020A:t1, leader=null, voted=s2, raftlog=s2@group-A1B89BB4020A-SegmentedRaftLog:OPENED:c-1,f-1,i0, conf=-1: [s3:0.0.0.0:34761, s4:0.0.0.0:42956, s0:0.0.0.0:35561, s1:0.0.0.0:38095, s2:0.0.0.0:39611], old=null RUNNING, sleep 450ms and then retry.
java.lang.IllegalStateException: No leader yet : printing ALL groups
  s3:  RUNNING  FOLLOWER s3@group-A1B89BB4020A:t1, leader=null, voted=s3, raftlog=s3@group-A1B89BB4020A-SegmentedRaftLog:OPENED:c-1,f-1,i0, conf=-1: [s3:0.0.0.0:34761, s4:0.0.0.0:42956, s0:0.0.0.0:35561, s1:0.0.0.0:38095, s2:0.0.0.0:39611], old=null RUNNING
  s4:  RUNNING  FOLLOWER s4@group-A1B89BB4020A:t1, leader=null, voted=s4, raftlog=s4@group-A1B89BB4020A-SegmentedRaftLog:OPENED:c-1,f-1,i0, conf=-1: [s3:0.0.0.0:34761, s4:0.0.0.0:42956, s0:0.0.0.0:35561, s1:0.0.0.0:38095, s2:0.0.0.0:39611], old=null RUNNING
  s0:  RUNNING  FOLLOWER s0@group-A1B89BB4020A:t1, leader=null, voted=s0, raftlog=s0@group-A1B89BB4020A-SegmentedRaftLog:OPENED:c-1,f-1,i0, conf=-1: [s3:0.0.0.0:34761, s4:0.0.0.0:42956, s0:0.0.0.0:35561, s1:0.0.0.0:38095, s2:0.0.0.0:39611], old=null RUNNING
  s1:  RUNNING  FOLLOWER s1@group-A1B89BB4020A:t1, leader=null, voted=s1, raftlog=s1@group-A1B89BB4020A-SegmentedRaftLog:OPENED:c-1,f-1,i0, conf=-1: [s3:0.0.0.0:34761, s4:0.0.0.0:42956, s0:0.0.0.0:35561, s1:0.0.0.0:38095, s2:0.0.0.0:39611], old=null RUNNING
  s2:  RUNNING  FOLLOWER s2@group-A1B89BB4020A:t1, leader=null, voted=s2, raftlog=s2@group-A1B89BB4020A-SegmentedRaftLog:OPENED:c-1,f-1,i0, conf=-1: [s3:0.0.0.0:34761, s4:0.0.0.0:42956, s0:0.0.0.0:35561, s1:0.0.0.0:38095, s2:0.0.0.0:39611], old=null RUNNING
	at org.apache.ratis.MiniRaftCluster.newIllegalStateExceptionForNoLeaders(MiniRaftCluster.java:506)
	at org.apache.ratis.RaftTestUtil.lambda$waitForLeader$1(RaftTestUtil.java:90)
	at org.apache.ratis.MiniRaftCluster.getLeader(MiniRaftCluster.java:539)
	at org.apache.ratis.MiniRaftCluster.getLeader(MiniRaftCluster.java:532)
	at org.apache.ratis.RaftTestUtil.lambda$waitForLeader$3(RaftTestUtil.java:98)
	at org.apache.ratis.util.JavaUtils.attempt(JavaUtils.java:152)
	at org.apache.ratis.RaftTestUtil.waitForLeader(RaftTestUtil.java:97)
	at org.apache.ratis.RaftTestUtil.waitForLeader(RaftTestUtil.java:77)
	at org.apache.ratis.RaftTestUtil.waitForLeader(RaftTestUtil.java:72)
	at org.apache.ratis.RaftBasicTests.runTestOldLeaderNotCommit(RaftBasicTests.java:218)
	at org.apache.ratis.MiniRaftCluster$Factory$Get.runWithNewCluster(MiniRaftCluster.java:125)
	at org.apache.ratis.MiniRaftCluster$Factory$Get.runWithNewCluster(MiniRaftCluster.java:113)
	at org.apache.ratis.RaftBasicTests.testOldLeaderNotCommit(RaftBasicTests.java:214)
	at sun.reflect.NativeMethodAccessorImpl.invoke0(Native Method)
	at sun.reflect.NativeMethodAccessorImpl.invoke(NativeMethodAccessorImpl.java:62)
	at sun.reflect.DelegatingMethodAccessorImpl.invoke(DelegatingMethodAccessorImpl.java:43)
	at java.lang.reflect.Method.invoke(Method.java:498)
	at org.junit.runners.model.FrameworkMethod$1.runReflectiveCall(FrameworkMethod.java:50)
	at org.junit.internal.runners.model.ReflectiveCallable.run(ReflectiveCallable.java:12)
	at org.junit.runners.model.FrameworkMethod.invokeExplosively(FrameworkMethod.java:47)
	at org.junit.internal.runners.statements.InvokeMethod.evaluate(InvokeMethod.java:17)
	at org.junit.internal.runners.statements.RunAfters.evaluate(RunAfters.java:27)
	at org.junit.internal.runners.statements.FailOnTimeout$CallableStatement.call(FailOnTimeout.java:298)
	at org.junit.internal.runners.statements.FailOnTimeout$CallableStatement.call(FailOnTimeout.java:292)
	at java.util.concurrent.FutureTask.run(FutureTask.java:266)
	at java.lang.Thread.run(Thread.java:748)
2019-09-24 16:44:07,996 INFO  impl.FollowerState (FollowerState.java:run(108)) - s4@group-A1B89BB4020A-FollowerState: change to CANDIDATE, lastRpcTime:177ms, electionTimeout:176ms
2019-09-24 16:44:07,996 INFO  impl.RoleInfo (RoleInfo.java:shutdownFollowerState(121)) - s4: shutdown FollowerState
2019-09-24 16:44:07,996 INFO  impl.RaftServerImpl (RaftServerImpl.java:setRole(170)) - s4@group-A1B89BB4020A: changes role from  FOLLOWER to CANDIDATE at term 1 for changeToCandidate
2019-09-24 16:44:07,996 INFO  impl.RoleInfo (RoleInfo.java:updateAndGet(143)) - s4: start LeaderElection
2019-09-24 16:44:08,010 INFO  impl.FollowerState (FollowerState.java:run(108)) - s1@group-A1B89BB4020A-FollowerState: change to CANDIDATE, lastRpcTime:189ms, electionTimeout:189ms
2019-09-24 16:44:08,010 INFO  impl.RoleInfo (RoleInfo.java:shutdownFollowerState(121)) - s1: shutdown FollowerState
2019-09-24 16:44:08,010 INFO  impl.RaftServerImpl (RaftServerImpl.java:setRole(170)) - s1@group-A1B89BB4020A: changes role from  FOLLOWER to CANDIDATE at term 1 for changeToCandidate
2019-09-24 16:44:08,010 INFO  impl.RoleInfo (RoleInfo.java:updateAndGet(143)) - s1: start LeaderElection
2019-09-24 16:44:08,067 INFO  impl.FollowerState (FollowerState.java:run(108)) - s3@group-A1B89BB4020A-FollowerState: change to CANDIDATE, lastRpcTime:249ms, electionTimeout:247ms
2019-09-24 16:44:08,067 INFO  impl.RoleInfo (RoleInfo.java:shutdownFollowerState(121)) - s3: shutdown FollowerState
2019-09-24 16:44:08,067 INFO  impl.RaftServerImpl (RaftServerImpl.java:setRole(170)) - s3@group-A1B89BB4020A: changes role from  FOLLOWER to CANDIDATE at term 1 for changeToCandidate
2019-09-24 16:44:08,067 INFO  impl.RoleInfo (RoleInfo.java:updateAndGet(143)) - s3: start LeaderElection
2019-09-24 16:44:08,080 INFO  impl.FollowerState (FollowerState.java:run(108)) - s0@group-A1B89BB4020A-FollowerState: change to CANDIDATE, lastRpcTime:262ms, electionTimeout:261ms
2019-09-24 16:44:08,080 INFO  impl.RoleInfo (RoleInfo.java:shutdownFollowerState(121)) - s0: shutdown FollowerState
2019-09-24 16:44:08,081 INFO  impl.RaftServerImpl (RaftServerImpl.java:setRole(170)) - s0@group-A1B89BB4020A: changes role from  FOLLOWER to CANDIDATE at term 1 for changeToCandidate
2019-09-24 16:44:08,081 INFO  impl.RoleInfo (RoleInfo.java:updateAndGet(143)) - s0: start LeaderElection
2019-09-24 16:44:08,108 INFO  impl.FollowerState (FollowerState.java:run(108)) - s2@group-A1B89BB4020A-FollowerState: change to CANDIDATE, lastRpcTime:286ms, electionTimeout:286ms
2019-09-24 16:44:08,108 INFO  impl.RoleInfo (RoleInfo.java:shutdownFollowerState(121)) - s2: shutdown FollowerState
2019-09-24 16:44:08,108 INFO  impl.RaftServerImpl (RaftServerImpl.java:setRole(170)) - s2@group-A1B89BB4020A: changes role from  FOLLOWER to CANDIDATE at term 1 for changeToCandidate
2019-09-24 16:44:08,108 INFO  impl.RoleInfo (RoleInfo.java:updateAndGet(143)) - s2: start LeaderElection
2019-09-24 16:44:08,442 WARN  ratis.RaftTestUtil (JavaUtils.java:attempt(158)) - FAILED "waitForLeader-null-(expectLeader? true)", attempt #7/100: java.lang.IllegalStateException: No leader yet : printing ALL groups
  s3:  RUNNING CANDIDATE s3@group-A1B89BB4020A:t2, leader=null, voted=s3, raftlog=s3@group-A1B89BB4020A-SegmentedRaftLog:OPENED:c-1,f-1,i0, conf=-1: [s3:0.0.0.0:34761, s4:0.0.0.0:42956, s0:0.0.0.0:35561, s1:0.0.0.0:38095, s2:0.0.0.0:39611], old=null RUNNING
  s4:  RUNNING CANDIDATE s4@group-A1B89BB4020A:t2, leader=null, voted=s4, raftlog=s4@group-A1B89BB4020A-SegmentedRaftLog:OPENED:c-1,f-1,i0, conf=-1: [s3:0.0.0.0:34761, s4:0.0.0.0:42956, s0:0.0.0.0:35561, s1:0.0.0.0:38095, s2:0.0.0.0:39611], old=null RUNNING
  s0:  RUNNING CANDIDATE s0@group-A1B89BB4020A:t2, leader=null, voted=s0, raftlog=s0@group-A1B89BB4020A-SegmentedRaftLog:OPENED:c-1,f-1,i0, conf=-1: [s3:0.0.0.0:34761, s4:0.0.0.0:42956, s0:0.0.0.0:35561, s1:0.0.0.0:38095, s2:0.0.0.0:39611], old=null RUNNING
  s1:  RUNNING CANDIDATE s1@group-A1B89BB4020A:t2, leader=null, voted=s1, raftlog=s1@group-A1B89BB4020A-SegmentedRaftLog:OPENED:c-1,f-1,i0, conf=-1: [s3:0.0.0.0:34761, s4:0.0.0.0:42956, s0:0.0.0.0:35561, s1:0.0.0.0:38095, s2:0.0.0.0:39611], old=null RUNNING
  s2:  RUNNING CANDIDATE s2@group-A1B89BB4020A:t2, leader=null, voted=s2, raftlog=s2@group-A1B89BB4020A-SegmentedRaftLog:OPENED:c-1,f-1,i0, conf=-1: [s3:0.0.0.0:34761, s4:0.0.0.0:42956, s0:0.0.0.0:35561, s1:0.0.0.0:38095, s2:0.0.0.0:39611], old=null RUNNING, sleep 450ms and then retry.
java.lang.IllegalStateException: No leader yet : printing ALL groups
  s3:  RUNNING CANDIDATE s3@group-A1B89BB4020A:t2, leader=null, voted=s3, raftlog=s3@group-A1B89BB4020A-SegmentedRaftLog:OPENED:c-1,f-1,i0, conf=-1: [s3:0.0.0.0:34761, s4:0.0.0.0:42956, s0:0.0.0.0:35561, s1:0.0.0.0:38095, s2:0.0.0.0:39611], old=null RUNNING
  s4:  RUNNING CANDIDATE s4@group-A1B89BB4020A:t2, leader=null, voted=s4, raftlog=s4@group-A1B89BB4020A-SegmentedRaftLog:OPENED:c-1,f-1,i0, conf=-1: [s3:0.0.0.0:34761, s4:0.0.0.0:42956, s0:0.0.0.0:35561, s1:0.0.0.0:38095, s2:0.0.0.0:39611], old=null RUNNING
  s0:  RUNNING CANDIDATE s0@group-A1B89BB4020A:t2, leader=null, voted=s0, raftlog=s0@group-A1B89BB4020A-SegmentedRaftLog:OPENED:c-1,f-1,i0, conf=-1: [s3:0.0.0.0:34761, s4:0.0.0.0:42956, s0:0.0.0.0:35561, s1:0.0.0.0:38095, s2:0.0.0.0:39611], old=null RUNNING
  s1:  RUNNING CANDIDATE s1@group-A1B89BB4020A:t2, leader=null, voted=s1, raftlog=s1@group-A1B89BB4020A-SegmentedRaftLog:OPENED:c-1,f-1,i0, conf=-1: [s3:0.0.0.0:34761, s4:0.0.0.0:42956, s0:0.0.0.0:35561, s1:0.0.0.0:38095, s2:0.0.0.0:39611], old=null RUNNING
  s2:  RUNNING CANDIDATE s2@group-A1B89BB4020A:t2, leader=null, voted=s2, raftlog=s2@group-A1B89BB4020A-SegmentedRaftLog:OPENED:c-1,f-1,i0, conf=-1: [s3:0.0.0.0:34761, s4:0.0.0.0:42956, s0:0.0.0.0:35561, s1:0.0.0.0:38095, s2:0.0.0.0:39611], old=null RUNNING
	at org.apache.ratis.MiniRaftCluster.newIllegalStateExceptionForNoLeaders(MiniRaftCluster.java:506)
	at org.apache.ratis.RaftTestUtil.lambda$waitForLeader$1(RaftTestUtil.java:90)
	at org.apache.ratis.MiniRaftCluster.getLeader(MiniRaftCluster.java:539)
	at org.apache.ratis.MiniRaftCluster.getLeader(MiniRaftCluster.java:532)
	at org.apache.ratis.RaftTestUtil.lambda$waitForLeader$3(RaftTestUtil.java:98)
	at org.apache.ratis.util.JavaUtils.attempt(JavaUtils.java:152)
	at org.apache.ratis.RaftTestUtil.waitForLeader(RaftTestUtil.java:97)
	at org.apache.ratis.RaftTestUtil.waitForLeader(RaftTestUtil.java:77)
	at org.apache.ratis.RaftTestUtil.waitForLeader(RaftTestUtil.java:72)
	at org.apache.ratis.RaftBasicTests.runTestOldLeaderNotCommit(RaftBasicTests.java:218)
	at org.apache.ratis.MiniRaftCluster$Factory$Get.runWithNewCluster(MiniRaftCluster.java:125)
	at org.apache.ratis.MiniRaftCluster$Factory$Get.runWithNewCluster(MiniRaftCluster.java:113)
	at org.apache.ratis.RaftBasicTests.testOldLeaderNotCommit(RaftBasicTests.java:214)
	at sun.reflect.NativeMethodAccessorImpl.invoke0(Native Method)
	at sun.reflect.NativeMethodAccessorImpl.invoke(NativeMethodAccessorImpl.java:62)
	at sun.reflect.DelegatingMethodAccessorImpl.invoke(DelegatingMethodAccessorImpl.java:43)
	at java.lang.reflect.Method.invoke(Method.java:498)
	at org.junit.runners.model.FrameworkMethod$1.runReflectiveCall(FrameworkMethod.java:50)
	at org.junit.internal.runners.model.ReflectiveCallable.run(ReflectiveCallable.java:12)
	at org.junit.runners.model.FrameworkMethod.invokeExplosively(FrameworkMethod.java:47)
	at org.junit.internal.runners.statements.InvokeMethod.evaluate(InvokeMethod.java:17)
	at org.junit.internal.runners.statements.RunAfters.evaluate(RunAfters.java:27)
	at org.junit.internal.runners.statements.FailOnTimeout$CallableStatement.call(FailOnTimeout.java:298)
	at org.junit.internal.runners.statements.FailOnTimeout$CallableStatement.call(FailOnTimeout.java:292)
	at java.util.concurrent.FutureTask.run(FutureTask.java:266)
	at java.lang.Thread.run(Thread.java:748)
2019-09-24 16:44:08,893 WARN  ratis.RaftTestUtil (JavaUtils.java:attempt(158)) - FAILED "waitForLeader-null-(expectLeader? true)", attempt #8/100: java.lang.IllegalStateException: No leader yet : printing ALL groups
  s3:  RUNNING CANDIDATE s3@group-A1B89BB4020A:t2, leader=null, voted=s3, raftlog=s3@group-A1B89BB4020A-SegmentedRaftLog:OPENED:c-1,f-1,i0, conf=-1: [s3:0.0.0.0:34761, s4:0.0.0.0:42956, s0:0.0.0.0:35561, s1:0.0.0.0:38095, s2:0.0.0.0:39611], old=null RUNNING
  s4:  RUNNING CANDIDATE s4@group-A1B89BB4020A:t2, leader=null, voted=s4, raftlog=s4@group-A1B89BB4020A-SegmentedRaftLog:OPENED:c-1,f-1,i0, conf=-1: [s3:0.0.0.0:34761, s4:0.0.0.0:42956, s0:0.0.0.0:35561, s1:0.0.0.0:38095, s2:0.0.0.0:39611], old=null RUNNING
  s0:  RUNNING CANDIDATE s0@group-A1B89BB4020A:t2, leader=null, voted=s0, raftlog=s0@group-A1B89BB4020A-SegmentedRaftLog:OPENED:c-1,f-1,i0, conf=-1: [s3:0.0.0.0:34761, s4:0.0.0.0:42956, s0:0.0.0.0:35561, s1:0.0.0.0:38095, s2:0.0.0.0:39611], old=null RUNNING
  s1:  RUNNING CANDIDATE s1@group-A1B89BB4020A:t2, leader=null, voted=s1, raftlog=s1@group-A1B89BB4020A-SegmentedRaftLog:OPENED:c-1,f-1,i0, conf=-1: [s3:0.0.0.0:34761, s4:0.0.0.0:42956, s0:0.0.0.0:35561, s1:0.0.0.0:38095, s2:0.0.0.0:39611], old=null RUNNING
  s2:  RUNNING CANDIDATE s2@group-A1B89BB4020A:t2, leader=null, voted=s2, raftlog=s2@group-A1B89BB4020A-SegmentedRaftLog:OPENED:c-1,f-1,i0, conf=-1: [s3:0.0.0.0:34761, s4:0.0.0.0:42956, s0:0.0.0.0:35561, s1:0.0.0.0:38095, s2:0.0.0.0:39611], old=null RUNNING, sleep 450ms and then retry.
java.lang.IllegalStateException: No leader yet : printing ALL groups
  s3:  RUNNING CANDIDATE s3@group-A1B89BB4020A:t2, leader=null, voted=s3, raftlog=s3@group-A1B89BB4020A-SegmentedRaftLog:OPENED:c-1,f-1,i0, conf=-1: [s3:0.0.0.0:34761, s4:0.0.0.0:42956, s0:0.0.0.0:35561, s1:0.0.0.0:38095, s2:0.0.0.0:39611], old=null RUNNING
  s4:  RUNNING CANDIDATE s4@group-A1B89BB4020A:t2, leader=null, voted=s4, raftlog=s4@group-A1B89BB4020A-SegmentedRaftLog:OPENED:c-1,f-1,i0, conf=-1: [s3:0.0.0.0:34761, s4:0.0.0.0:42956, s0:0.0.0.0:35561, s1:0.0.0.0:38095, s2:0.0.0.0:39611], old=null RUNNING
  s0:  RUNNING CANDIDATE s0@group-A1B89BB4020A:t2, leader=null, voted=s0, raftlog=s0@group-A1B89BB4020A-SegmentedRaftLog:OPENED:c-1,f-1,i0, conf=-1: [s3:0.0.0.0:34761, s4:0.0.0.0:42956, s0:0.0.0.0:35561, s1:0.0.0.0:38095, s2:0.0.0.0:39611], old=null RUNNING
  s1:  RUNNING CANDIDATE s1@group-A1B89BB4020A:t2, leader=null, voted=s1, raftlog=s1@group-A1B89BB4020A-SegmentedRaftLog:OPENED:c-1,f-1,i0, conf=-1: [s3:0.0.0.0:34761, s4:0.0.0.0:42956, s0:0.0.0.0:35561, s1:0.0.0.0:38095, s2:0.0.0.0:39611], old=null RUNNING
  s2:  RUNNING CANDIDATE s2@group-A1B89BB4020A:t2, leader=null, voted=s2, raftlog=s2@group-A1B89BB4020A-SegmentedRaftLog:OPENED:c-1,f-1,i0, conf=-1: [s3:0.0.0.0:34761, s4:0.0.0.0:42956, s0:0.0.0.0:35561, s1:0.0.0.0:38095, s2:0.0.0.0:39611], old=null RUNNING
	at org.apache.ratis.MiniRaftCluster.newIllegalStateExceptionForNoLeaders(MiniRaftCluster.java:506)
	at org.apache.ratis.RaftTestUtil.lambda$waitForLeader$1(RaftTestUtil.java:90)
	at org.apache.ratis.MiniRaftCluster.getLeader(MiniRaftCluster.java:539)
	at org.apache.ratis.MiniRaftCluster.getLeader(MiniRaftCluster.java:532)
	at org.apache.ratis.RaftTestUtil.lambda$waitForLeader$3(RaftTestUtil.java:98)
	at org.apache.ratis.util.JavaUtils.attempt(JavaUtils.java:152)
	at org.apache.ratis.RaftTestUtil.waitForLeader(RaftTestUtil.java:97)
	at org.apache.ratis.RaftTestUtil.waitForLeader(RaftTestUtil.java:77)
	at org.apache.ratis.RaftTestUtil.waitForLeader(RaftTestUtil.java:72)
	at org.apache.ratis.RaftBasicTests.runTestOldLeaderNotCommit(RaftBasicTests.java:218)
	at org.apache.ratis.MiniRaftCluster$Factory$Get.runWithNewCluster(MiniRaftCluster.java:125)
	at org.apache.ratis.MiniRaftCluster$Factory$Get.runWithNewCluster(MiniRaftCluster.java:113)
	at org.apache.ratis.RaftBasicTests.testOldLeaderNotCommit(RaftBasicTests.java:214)
	at sun.reflect.NativeMethodAccessorImpl.invoke0(Native Method)
	at sun.reflect.NativeMethodAccessorImpl.invoke(NativeMethodAccessorImpl.java:62)
	at sun.reflect.DelegatingMethodAccessorImpl.invoke(DelegatingMethodAccessorImpl.java:43)
	at java.lang.reflect.Method.invoke(Method.java:498)
	at org.junit.runners.model.FrameworkMethod$1.runReflectiveCall(FrameworkMethod.java:50)
	at org.junit.internal.runners.model.ReflectiveCallable.run(ReflectiveCallable.java:12)
	at org.junit.runners.model.FrameworkMethod.invokeExplosively(FrameworkMethod.java:47)
	at org.junit.internal.runners.statements.InvokeMethod.evaluate(InvokeMethod.java:17)
	at org.junit.internal.runners.statements.RunAfters.evaluate(RunAfters.java:27)
	at org.junit.internal.runners.statements.FailOnTimeout$CallableStatement.call(FailOnTimeout.java:298)
	at org.junit.internal.runners.statements.FailOnTimeout$CallableStatement.call(FailOnTimeout.java:292)
	at java.util.concurrent.FutureTask.run(FutureTask.java:266)
	at java.lang.Thread.run(Thread.java:748)
2019-09-24 16:44:09,344 WARN  ratis.RaftTestUtil (JavaUtils.java:attempt(158)) - FAILED "waitForLeader-null-(expectLeader? true)", attempt #9/100: java.lang.IllegalStateException: No leader yet : printing ALL groups
  s3:  RUNNING CANDIDATE s3@group-A1B89BB4020A:t2, leader=null, voted=s3, raftlog=s3@group-A1B89BB4020A-SegmentedRaftLog:OPENED:c-1,f-1,i0, conf=-1: [s3:0.0.0.0:34761, s4:0.0.0.0:42956, s0:0.0.0.0:35561, s1:0.0.0.0:38095, s2:0.0.0.0:39611], old=null RUNNING
  s4:  RUNNING CANDIDATE s4@group-A1B89BB4020A:t2, leader=null, voted=s4, raftlog=s4@group-A1B89BB4020A-SegmentedRaftLog:OPENED:c-1,f-1,i0, conf=-1: [s3:0.0.0.0:34761, s4:0.0.0.0:42956, s0:0.0.0.0:35561, s1:0.0.0.0:38095, s2:0.0.0.0:39611], old=null RUNNING
  s0:  RUNNING CANDIDATE s0@group-A1B89BB4020A:t2, leader=null, voted=s0, raftlog=s0@group-A1B89BB4020A-SegmentedRaftLog:OPENED:c-1,f-1,i0, conf=-1: [s3:0.0.0.0:34761, s4:0.0.0.0:42956, s0:0.0.0.0:35561, s1:0.0.0.0:38095, s2:0.0.0.0:39611], old=null RUNNING
  s1:  RUNNING CANDIDATE s1@group-A1B89BB4020A:t2, leader=null, voted=s1, raftlog=s1@group-A1B89BB4020A-SegmentedRaftLog:OPENED:c-1,f-1,i0, conf=-1: [s3:0.0.0.0:34761, s4:0.0.0.0:42956, s0:0.0.0.0:35561, s1:0.0.0.0:38095, s2:0.0.0.0:39611], old=null RUNNING
  s2:  RUNNING CANDIDATE s2@group-A1B89BB4020A:t2, leader=null, voted=s2, raftlog=s2@group-A1B89BB4020A-SegmentedRaftLog:OPENED:c-1,f-1,i0, conf=-1: [s3:0.0.0.0:34761, s4:0.0.0.0:42956, s0:0.0.0.0:35561, s1:0.0.0.0:38095, s2:0.0.0.0:39611], old=null RUNNING, sleep 450ms and then retry.
java.lang.IllegalStateException: No leader yet : printing ALL groups
  s3:  RUNNING CANDIDATE s3@group-A1B89BB4020A:t2, leader=null, voted=s3, raftlog=s3@group-A1B89BB4020A-SegmentedRaftLog:OPENED:c-1,f-1,i0, conf=-1: [s3:0.0.0.0:34761, s4:0.0.0.0:42956, s0:0.0.0.0:35561, s1:0.0.0.0:38095, s2:0.0.0.0:39611], old=null RUNNING
  s4:  RUNNING CANDIDATE s4@group-A1B89BB4020A:t2, leader=null, voted=s4, raftlog=s4@group-A1B89BB4020A-SegmentedRaftLog:OPENED:c-1,f-1,i0, conf=-1: [s3:0.0.0.0:34761, s4:0.0.0.0:42956, s0:0.0.0.0:35561, s1:0.0.0.0:38095, s2:0.0.0.0:39611], old=null RUNNING
  s0:  RUNNING CANDIDATE s0@group-A1B89BB4020A:t2, leader=null, voted=s0, raftlog=s0@group-A1B89BB4020A-SegmentedRaftLog:OPENED:c-1,f-1,i0, conf=-1: [s3:0.0.0.0:34761, s4:0.0.0.0:42956, s0:0.0.0.0:35561, s1:0.0.0.0:38095, s2:0.0.0.0:39611], old=null RUNNING
  s1:  RUNNING CANDIDATE s1@group-A1B89BB4020A:t2, leader=null, voted=s1, raftlog=s1@group-A1B89BB4020A-SegmentedRaftLog:OPENED:c-1,f-1,i0, conf=-1: [s3:0.0.0.0:34761, s4:0.0.0.0:42956, s0:0.0.0.0:35561, s1:0.0.0.0:38095, s2:0.0.0.0:39611], old=null RUNNING
  s2:  RUNNING CANDIDATE s2@group-A1B89BB4020A:t2, leader=null, voted=s2, raftlog=s2@group-A1B89BB4020A-SegmentedRaftLog:OPENED:c-1,f-1,i0, conf=-1: [s3:0.0.0.0:34761, s4:0.0.0.0:42956, s0:0.0.0.0:35561, s1:0.0.0.0:38095, s2:0.0.0.0:39611], old=null RUNNING
	at org.apache.ratis.MiniRaftCluster.newIllegalStateExceptionForNoLeaders(MiniRaftCluster.java:506)
	at org.apache.ratis.RaftTestUtil.lambda$waitForLeader$1(RaftTestUtil.java:90)
	at org.apache.ratis.MiniRaftCluster.getLeader(MiniRaftCluster.java:539)
	at org.apache.ratis.MiniRaftCluster.getLeader(MiniRaftCluster.java:532)
	at org.apache.ratis.RaftTestUtil.lambda$waitForLeader$3(RaftTestUtil.java:98)
	at org.apache.ratis.util.JavaUtils.attempt(JavaUtils.java:152)
	at org.apache.ratis.RaftTestUtil.waitForLeader(RaftTestUtil.java:97)
	at org.apache.ratis.RaftTestUtil.waitForLeader(RaftTestUtil.java:77)
	at org.apache.ratis.RaftTestUtil.waitForLeader(RaftTestUtil.java:72)
	at org.apache.ratis.RaftBasicTests.runTestOldLeaderNotCommit(RaftBasicTests.java:218)
	at org.apache.ratis.MiniRaftCluster$Factory$Get.runWithNewCluster(MiniRaftCluster.java:125)
	at org.apache.ratis.MiniRaftCluster$Factory$Get.runWithNewCluster(MiniRaftCluster.java:113)
	at org.apache.ratis.RaftBasicTests.testOldLeaderNotCommit(RaftBasicTests.java:214)
	at sun.reflect.NativeMethodAccessorImpl.invoke0(Native Method)
	at sun.reflect.NativeMethodAccessorImpl.invoke(NativeMethodAccessorImpl.java:62)
	at sun.reflect.DelegatingMethodAccessorImpl.invoke(DelegatingMethodAccessorImpl.java:43)
	at java.lang.reflect.Method.invoke(Method.java:498)
	at org.junit.runners.model.FrameworkMethod$1.runReflectiveCall(FrameworkMethod.java:50)
	at org.junit.internal.runners.model.ReflectiveCallable.run(ReflectiveCallable.java:12)
	at org.junit.runners.model.FrameworkMethod.invokeExplosively(FrameworkMethod.java:47)
	at org.junit.internal.runners.statements.InvokeMethod.evaluate(InvokeMethod.java:17)
	at org.junit.internal.runners.statements.RunAfters.evaluate(RunAfters.java:27)
	at org.junit.internal.runners.statements.FailOnTimeout$CallableStatement.call(FailOnTimeout.java:298)
	at org.junit.internal.runners.statements.FailOnTimeout$CallableStatement.call(FailOnTimeout.java:292)
	at java.util.concurrent.FutureTask.run(FutureTask.java:266)
	at java.lang.Thread.run(Thread.java:748)
2019-09-24 16:44:09,796 WARN  ratis.RaftTestUtil (JavaUtils.java:attempt(158)) - FAILED "waitForLeader-null-(expectLeader? true)", attempt #10/100: java.lang.IllegalStateException: No leader yet : printing ALL groups
  s3:  RUNNING CANDIDATE s3@group-A1B89BB4020A:t2, leader=null, voted=s3, raftlog=s3@group-A1B89BB4020A-SegmentedRaftLog:OPENED:c-1,f-1,i0, conf=-1: [s3:0.0.0.0:34761, s4:0.0.0.0:42956, s0:0.0.0.0:35561, s1:0.0.0.0:38095, s2:0.0.0.0:39611], old=null RUNNING
  s4:  RUNNING CANDIDATE s4@group-A1B89BB4020A:t2, leader=null, voted=s4, raftlog=s4@group-A1B89BB4020A-SegmentedRaftLog:OPENED:c-1,f-1,i0, conf=-1: [s3:0.0.0.0:34761, s4:0.0.0.0:42956, s0:0.0.0.0:35561, s1:0.0.0.0:38095, s2:0.0.0.0:39611], old=null RUNNING
  s0:  RUNNING CANDIDATE s0@group-A1B89BB4020A:t2, leader=null, voted=s0, raftlog=s0@group-A1B89BB4020A-SegmentedRaftLog:OPENED:c-1,f-1,i0, conf=-1: [s3:0.0.0.0:34761, s4:0.0.0.0:42956, s0:0.0.0.0:35561, s1:0.0.0.0:38095, s2:0.0.0.0:39611], old=null RUNNING
  s1:  RUNNING CANDIDATE s1@group-A1B89BB4020A:t2, leader=null, voted=s1, raftlog=s1@group-A1B89BB4020A-SegmentedRaftLog:OPENED:c-1,f-1,i0, conf=-1: [s3:0.0.0.0:34761, s4:0.0.0.0:42956, s0:0.0.0.0:35561, s1:0.0.0.0:38095, s2:0.0.0.0:39611], old=null RUNNING
  s2:  RUNNING CANDIDATE s2@group-A1B89BB4020A:t2, leader=null, voted=s2, raftlog=s2@group-A1B89BB4020A-SegmentedRaftLog:OPENED:c-1,f-1,i0, conf=-1: [s3:0.0.0.0:34761, s4:0.0.0.0:42956, s0:0.0.0.0:35561, s1:0.0.0.0:38095, s2:0.0.0.0:39611], old=null RUNNING, sleep 450ms and then retry.
java.lang.IllegalStateException: No leader yet : printing ALL groups
  s3:  RUNNING CANDIDATE s3@group-A1B89BB4020A:t2, leader=null, voted=s3, raftlog=s3@group-A1B89BB4020A-SegmentedRaftLog:OPENED:c-1,f-1,i0, conf=-1: [s3:0.0.0.0:34761, s4:0.0.0.0:42956, s0:0.0.0.0:35561, s1:0.0.0.0:38095, s2:0.0.0.0:39611], old=null RUNNING
  s4:  RUNNING CANDIDATE s4@group-A1B89BB4020A:t2, leader=null, voted=s4, raftlog=s4@group-A1B89BB4020A-SegmentedRaftLog:OPENED:c-1,f-1,i0, conf=-1: [s3:0.0.0.0:34761, s4:0.0.0.0:42956, s0:0.0.0.0:35561, s1:0.0.0.0:38095, s2:0.0.0.0:39611], old=null RUNNING
  s0:  RUNNING CANDIDATE s0@group-A1B89BB4020A:t2, leader=null, voted=s0, raftlog=s0@group-A1B89BB4020A-SegmentedRaftLog:OPENED:c-1,f-1,i0, conf=-1: [s3:0.0.0.0:34761, s4:0.0.0.0:42956, s0:0.0.0.0:35561, s1:0.0.0.0:38095, s2:0.0.0.0:39611], old=null RUNNING
  s1:  RUNNING CANDIDATE s1@group-A1B89BB4020A:t2, leader=null, voted=s1, raftlog=s1@group-A1B89BB4020A-SegmentedRaftLog:OPENED:c-1,f-1,i0, conf=-1: [s3:0.0.0.0:34761, s4:0.0.0.0:42956, s0:0.0.0.0:35561, s1:0.0.0.0:38095, s2:0.0.0.0:39611], old=null RUNNING
  s2:  RUNNING CANDIDATE s2@group-A1B89BB4020A:t2, leader=null, voted=s2, raftlog=s2@group-A1B89BB4020A-SegmentedRaftLog:OPENED:c-1,f-1,i0, conf=-1: [s3:0.0.0.0:34761, s4:0.0.0.0:42956, s0:0.0.0.0:35561, s1:0.0.0.0:38095, s2:0.0.0.0:39611], old=null RUNNING
	at org.apache.ratis.MiniRaftCluster.newIllegalStateExceptionForNoLeaders(MiniRaftCluster.java:506)
	at org.apache.ratis.RaftTestUtil.lambda$waitForLeader$1(RaftTestUtil.java:90)
	at org.apache.ratis.MiniRaftCluster.getLeader(MiniRaftCluster.java:539)
	at org.apache.ratis.MiniRaftCluster.getLeader(MiniRaftCluster.java:532)
	at org.apache.ratis.RaftTestUtil.lambda$waitForLeader$3(RaftTestUtil.java:98)
	at org.apache.ratis.util.JavaUtils.attempt(JavaUtils.java:152)
	at org.apache.ratis.RaftTestUtil.waitForLeader(RaftTestUtil.java:97)
	at org.apache.ratis.RaftTestUtil.waitForLeader(RaftTestUtil.java:77)
	at org.apache.ratis.RaftTestUtil.waitForLeader(RaftTestUtil.java:72)
	at org.apache.ratis.RaftBasicTests.runTestOldLeaderNotCommit(RaftBasicTests.java:218)
	at org.apache.ratis.MiniRaftCluster$Factory$Get.runWithNewCluster(MiniRaftCluster.java:125)
	at org.apache.ratis.MiniRaftCluster$Factory$Get.runWithNewCluster(MiniRaftCluster.java:113)
	at org.apache.ratis.RaftBasicTests.testOldLeaderNotCommit(RaftBasicTests.java:214)
	at sun.reflect.NativeMethodAccessorImpl.invoke0(Native Method)
	at sun.reflect.NativeMethodAccessorImpl.invoke(NativeMethodAccessorImpl.java:62)
	at sun.reflect.DelegatingMethodAccessorImpl.invoke(DelegatingMethodAccessorImpl.java:43)
	at java.lang.reflect.Method.invoke(Method.java:498)
	at org.junit.runners.model.FrameworkMethod$1.runReflectiveCall(FrameworkMethod.java:50)
	at org.junit.internal.runners.model.ReflectiveCallable.run(ReflectiveCallable.java:12)
	at org.junit.runners.model.FrameworkMethod.invokeExplosively(FrameworkMethod.java:47)
	at org.junit.internal.runners.statements.InvokeMethod.evaluate(InvokeMethod.java:17)
	at org.junit.internal.runners.statements.RunAfters.evaluate(RunAfters.java:27)
	at org.junit.internal.runners.statements.FailOnTimeout$CallableStatement.call(FailOnTimeout.java:298)
	at org.junit.internal.runners.statements.FailOnTimeout$CallableStatement.call(FailOnTimeout.java:292)
	at java.util.concurrent.FutureTask.run(FutureTask.java:266)
	at java.lang.Thread.run(Thread.java:748)
2019-09-24 16:44:09,819 INFO  impl.LeaderElection (LeaderElection.java:askForVotes(178)) - s1@group-A1B89BB4020A-LeaderElection136: begin an election at term 2 for -1: [s3:0.0.0.0:34761, s4:0.0.0.0:42956, s0:0.0.0.0:35561, s1:0.0.0.0:38095, s2:0.0.0.0:39611], old=null
2019-09-24 16:44:09,819 INFO  impl.LeaderElection (LeaderElection.java:askForVotes(178)) - s0@group-A1B89BB4020A-LeaderElection138: begin an election at term 2 for -1: [s3:0.0.0.0:34761, s4:0.0.0.0:42956, s0:0.0.0.0:35561, s1:0.0.0.0:38095, s2:0.0.0.0:39611], old=null
2019-09-24 16:44:09,819 INFO  impl.LeaderElection (LeaderElection.java:askForVotes(178)) - s2@group-A1B89BB4020A-LeaderElection139: begin an election at term 2 for -1: [s3:0.0.0.0:34761, s4:0.0.0.0:42956, s0:0.0.0.0:35561, s1:0.0.0.0:38095, s2:0.0.0.0:39611], old=null
2019-09-24 16:44:09,819 INFO  impl.LeaderElection (LeaderElection.java:askForVotes(178)) - s3@group-A1B89BB4020A-LeaderElection137: begin an election at term 2 for -1: [s3:0.0.0.0:34761, s4:0.0.0.0:42956, s0:0.0.0.0:35561, s1:0.0.0.0:38095, s2:0.0.0.0:39611], old=null
2019-09-24 16:44:09,819 INFO  impl.LeaderElection (LeaderElection.java:askForVotes(178)) - s4@group-A1B89BB4020A-LeaderElection135: begin an election at term 2 for -1: [s3:0.0.0.0:34761, s4:0.0.0.0:42956, s0:0.0.0.0:35561, s1:0.0.0.0:38095, s2:0.0.0.0:39611], old=null
2019-09-24 16:44:09,820 DEBUG impl.RaftServerImpl (RaftServerImpl.java:requestVote(743)) - s4@group-A1B89BB4020A: receive requestVote(s1, group-A1B89BB4020A, 2, (t:0, i:0))
2019-09-24 16:44:09,820 DEBUG impl.RaftServerImpl (RaftServerImpl.java:requestVote(743)) - s3@group-A1B89BB4020A: receive requestVote(s0, group-A1B89BB4020A, 2, (t:0, i:0))
2019-09-24 16:44:09,821 DEBUG impl.RaftServerImpl (RaftServerImpl.java:requestVote(743)) - s0@group-A1B89BB4020A: receive requestVote(s1, group-A1B89BB4020A, 2, (t:0, i:0))
2019-09-24 16:44:09,820 DEBUG impl.RaftServerImpl (RaftServerImpl.java:requestVote(743)) - s3@group-A1B89BB4020A: receive requestVote(s1, group-A1B89BB4020A, 2, (t:0, i:0))
2019-09-24 16:44:09,821 DEBUG impl.RaftServerImpl (RaftServerImpl.java:requestVote(743)) - s1@group-A1B89BB4020A: receive requestVote(s0, group-A1B89BB4020A, 2, (t:0, i:0))
2019-09-24 16:44:09,822 DEBUG impl.RaftServerImpl (RaftServerImpl.java:requestVote(743)) - s2@group-A1B89BB4020A: receive requestVote(s1, group-A1B89BB4020A, 2, (t:0, i:0))
2019-09-24 16:44:09,821 DEBUG impl.RaftServerImpl (RaftServerImpl.java:requestVote(743)) - s3@group-A1B89BB4020A: receive requestVote(s2, group-A1B89BB4020A, 2, (t:0, i:0))
2019-09-24 16:44:09,821 DEBUG impl.RaftServerImpl (RaftServerImpl.java:requestVote(775)) - s0@group-A1B89BB4020A replies to vote request: s1<-s0#0:FAIL-t2. Peer's state: s0@group-A1B89BB4020A:t2, leader=null, voted=s0, raftlog=s0@group-A1B89BB4020A-SegmentedRaftLog:OPENED:c-1,f-1,i0, conf=-1: [s3:0.0.0.0:34761, s4:0.0.0.0:42956, s0:0.0.0.0:35561, s1:0.0.0.0:38095, s2:0.0.0.0:39611], old=null
2019-09-24 16:44:09,821 DEBUG impl.RaftServerImpl (RaftServerImpl.java:requestVote(743)) - s4@group-A1B89BB4020A: receive requestVote(s0, group-A1B89BB4020A, 2, (t:0, i:0))
2019-09-24 16:44:09,821 DEBUG impl.RaftServerImpl (RaftServerImpl.java:requestVote(743)) - s3@group-A1B89BB4020A: receive requestVote(s4, group-A1B89BB4020A, 2, (t:0, i:0))
2019-09-24 16:44:09,821 DEBUG impl.RaftServerImpl (RaftServerImpl.java:requestVote(775)) - s3@group-A1B89BB4020A replies to vote request: s0<-s3#0:FAIL-t2. Peer's state: s3@group-A1B89BB4020A:t2, leader=null, voted=s3, raftlog=s3@group-A1B89BB4020A-SegmentedRaftLog:OPENED:c-1,f-1,i0, conf=-1: [s3:0.0.0.0:34761, s4:0.0.0.0:42956, s0:0.0.0.0:35561, s1:0.0.0.0:38095, s2:0.0.0.0:39611], old=null
2019-09-24 16:44:09,821 DEBUG impl.RaftServerImpl (RaftServerImpl.java:requestVote(743)) - s4@group-A1B89BB4020A: receive requestVote(s3, group-A1B89BB4020A, 2, (t:0, i:0))
2019-09-24 16:44:09,821 DEBUG impl.RaftServerImpl (RaftServerImpl.java:requestVote(775)) - s4@group-A1B89BB4020A replies to vote request: s1<-s4#0:FAIL-t2. Peer's state: s4@group-A1B89BB4020A:t2, leader=null, voted=s4, raftlog=s4@group-A1B89BB4020A-SegmentedRaftLog:OPENED:c-1,f-1,i0, conf=-1: [s3:0.0.0.0:34761, s4:0.0.0.0:42956, s0:0.0.0.0:35561, s1:0.0.0.0:38095, s2:0.0.0.0:39611], old=null
2019-09-24 16:44:09,824 DEBUG impl.RaftServerImpl (RaftServerImpl.java:requestVote(775)) - s3@group-A1B89BB4020A replies to vote request: s4<-s3#0:FAIL-t2. Peer's state: s3@group-A1B89BB4020A:t2, leader=null, voted=s3, raftlog=s3@group-A1B89BB4020A-SegmentedRaftLog:OPENED:c-1,f-1,i0, conf=-1: [s3:0.0.0.0:34761, s4:0.0.0.0:42956, s0:0.0.0.0:35561, s1:0.0.0.0:38095, s2:0.0.0.0:39611], old=null
2019-09-24 16:44:09,823 DEBUG impl.RaftServerImpl (RaftServerImpl.java:requestVote(743)) - s1@group-A1B89BB4020A: receive requestVote(s2, group-A1B89BB4020A, 2, (t:0, i:0))
2019-09-24 16:44:09,823 DEBUG impl.RaftServerImpl (RaftServerImpl.java:requestVote(743)) - s0@group-A1B89BB4020A: receive requestVote(s2, group-A1B89BB4020A, 2, (t:0, i:0))
2019-09-24 16:44:09,823 DEBUG impl.RaftServerImpl (RaftServerImpl.java:requestVote(775)) - s2@group-A1B89BB4020A replies to vote request: s1<-s2#0:FAIL-t2. Peer's state: s2@group-A1B89BB4020A:t2, leader=null, voted=s2, raftlog=s2@group-A1B89BB4020A-SegmentedRaftLog:OPENED:c-1,f-1,i0, conf=-1: [s3:0.0.0.0:34761, s4:0.0.0.0:42956, s0:0.0.0.0:35561, s1:0.0.0.0:38095, s2:0.0.0.0:39611], old=null
2019-09-24 16:44:09,822 DEBUG impl.RaftServerImpl (RaftServerImpl.java:requestVote(743)) - s0@group-A1B89BB4020A: receive requestVote(s3, group-A1B89BB4020A, 2, (t:0, i:0))
2019-09-24 16:44:09,822 DEBUG impl.RaftServerImpl (RaftServerImpl.java:requestVote(743)) - s4@group-A1B89BB4020A: receive requestVote(s2, group-A1B89BB4020A, 2, (t:0, i:0))
2019-09-24 16:44:09,822 DEBUG impl.RaftServerImpl (RaftServerImpl.java:requestVote(743)) - s2@group-A1B89BB4020A: receive requestVote(s0, group-A1B89BB4020A, 2, (t:0, i:0))
2019-09-24 16:44:09,822 DEBUG impl.RaftServerImpl (RaftServerImpl.java:requestVote(775)) - s1@group-A1B89BB4020A replies to vote request: s0<-s1#0:FAIL-t2. Peer's state: s1@group-A1B89BB4020A:t2, leader=null, voted=s1, raftlog=s1@group-A1B89BB4020A-SegmentedRaftLog:OPENED:c-1,f-1,i0, conf=-1: [s3:0.0.0.0:34761, s4:0.0.0.0:42956, s0:0.0.0.0:35561, s1:0.0.0.0:38095, s2:0.0.0.0:39611], old=null
2019-09-24 16:44:09,822 DEBUG impl.RaftServerImpl (RaftServerImpl.java:requestVote(743)) - s0@group-A1B89BB4020A: receive requestVote(s4, group-A1B89BB4020A, 2, (t:0, i:0))
2019-09-24 16:44:09,828 DEBUG impl.RaftServerImpl (RaftServerImpl.java:requestVote(775)) - s1@group-A1B89BB4020A replies to vote request: s2<-s1#0:FAIL-t2. Peer's state: s1@group-A1B89BB4020A:t2, leader=null, voted=s1, raftlog=s1@group-A1B89BB4020A-SegmentedRaftLog:OPENED:c-1,f-1,i0, conf=-1: [s3:0.0.0.0:34761, s4:0.0.0.0:42956, s0:0.0.0.0:35561, s1:0.0.0.0:38095, s2:0.0.0.0:39611], old=null
2019-09-24 16:44:09,827 DEBUG impl.RaftServerImpl (RaftServerImpl.java:requestVote(775)) - s2@group-A1B89BB4020A replies to vote request: s0<-s2#0:FAIL-t2. Peer's state: s2@group-A1B89BB4020A:t2, leader=null, voted=s2, raftlog=s2@group-A1B89BB4020A-SegmentedRaftLog:OPENED:c-1,f-1,i0, conf=-1: [s3:0.0.0.0:34761, s4:0.0.0.0:42956, s0:0.0.0.0:35561, s1:0.0.0.0:38095, s2:0.0.0.0:39611], old=null
2019-09-24 16:44:09,826 DEBUG impl.RaftServerImpl (RaftServerImpl.java:requestVote(775)) - s0@group-A1B89BB4020A replies to vote request: s2<-s0#0:FAIL-t2. Peer's state: s0@group-A1B89BB4020A:t2, leader=null, voted=s0, raftlog=s0@group-A1B89BB4020A-SegmentedRaftLog:OPENED:c-1,f-1,i0, conf=-1: [s3:0.0.0.0:34761, s4:0.0.0.0:42956, s0:0.0.0.0:35561, s1:0.0.0.0:38095, s2:0.0.0.0:39611], old=null
2019-09-24 16:44:09,825 DEBUG impl.RaftServerImpl (RaftServerImpl.java:requestVote(775)) - s3@group-A1B89BB4020A replies to vote request: s2<-s3#0:FAIL-t2. Peer's state: s3@group-A1B89BB4020A:t2, leader=null, voted=s3, raftlog=s3@group-A1B89BB4020A-SegmentedRaftLog:OPENED:c-1,f-1,i0, conf=-1: [s3:0.0.0.0:34761, s4:0.0.0.0:42956, s0:0.0.0.0:35561, s1:0.0.0.0:38095, s2:0.0.0.0:39611], old=null
2019-09-24 16:44:09,825 DEBUG impl.RaftServerImpl (RaftServerImpl.java:requestVote(775)) - s4@group-A1B89BB4020A replies to vote request: s3<-s4#0:FAIL-t2. Peer's state: s4@group-A1B89BB4020A:t2, leader=null, voted=s4, raftlog=s4@group-A1B89BB4020A-SegmentedRaftLog:OPENED:c-1,f-1,i0, conf=-1: [s3:0.0.0.0:34761, s4:0.0.0.0:42956, s0:0.0.0.0:35561, s1:0.0.0.0:38095, s2:0.0.0.0:39611], old=null
2019-09-24 16:44:09,829 DEBUG impl.RaftServerImpl (RaftServerImpl.java:requestVote(775)) - s3@group-A1B89BB4020A replies to vote request: s1<-s3#0:FAIL-t2. Peer's state: s3@group-A1B89BB4020A:t2, leader=null, voted=s3, raftlog=s3@group-A1B89BB4020A-SegmentedRaftLog:OPENED:c-1,f-1,i0, conf=-1: [s3:0.0.0.0:34761, s4:0.0.0.0:42956, s0:0.0.0.0:35561, s1:0.0.0.0:38095, s2:0.0.0.0:39611], old=null
2019-09-24 16:44:09,829 DEBUG impl.RaftServerImpl (RaftServerImpl.java:requestVote(775)) - s0@group-A1B89BB4020A replies to vote request: s4<-s0#0:FAIL-t2. Peer's state: s0@group-A1B89BB4020A:t2, leader=null, voted=s0, raftlog=s0@group-A1B89BB4020A-SegmentedRaftLog:OPENED:c-1,f-1,i0, conf=-1: [s3:0.0.0.0:34761, s4:0.0.0.0:42956, s0:0.0.0.0:35561, s1:0.0.0.0:38095, s2:0.0.0.0:39611], old=null
2019-09-24 16:44:09,830 DEBUG impl.RaftServerImpl (RaftServerImpl.java:requestVote(743)) - s1@group-A1B89BB4020A: receive requestVote(s3, group-A1B89BB4020A, 2, (t:0, i:0))
2019-09-24 16:44:09,829 DEBUG impl.RaftServerImpl (RaftServerImpl.java:requestVote(775)) - s4@group-A1B89BB4020A replies to vote request: s0<-s4#0:FAIL-t2. Peer's state: s4@group-A1B89BB4020A:t2, leader=null, voted=s4, raftlog=s4@group-A1B89BB4020A-SegmentedRaftLog:OPENED:c-1,f-1,i0, conf=-1: [s3:0.0.0.0:34761, s4:0.0.0.0:42956, s0:0.0.0.0:35561, s1:0.0.0.0:38095, s2:0.0.0.0:39611], old=null
2019-09-24 16:44:09,830 DEBUG impl.RaftServerImpl (RaftServerImpl.java:requestVote(743)) - s2@group-A1B89BB4020A: receive requestVote(s3, group-A1B89BB4020A, 2, (t:0, i:0))
2019-09-24 16:44:09,830 DEBUG impl.RaftServerImpl (RaftServerImpl.java:requestVote(775)) - s1@group-A1B89BB4020A replies to vote request: s3<-s1#0:FAIL-t2. Peer's state: s1@group-A1B89BB4020A:t2, leader=null, voted=s1, raftlog=s1@group-A1B89BB4020A-SegmentedRaftLog:OPENED:c-1,f-1,i0, conf=-1: [s3:0.0.0.0:34761, s4:0.0.0.0:42956, s0:0.0.0.0:35561, s1:0.0.0.0:38095, s2:0.0.0.0:39611], old=null
2019-09-24 16:44:09,830 DEBUG impl.RaftServerImpl (RaftServerImpl.java:requestVote(775)) - s0@group-A1B89BB4020A replies to vote request: s3<-s0#0:FAIL-t2. Peer's state: s0@group-A1B89BB4020A:t2, leader=null, voted=s0, raftlog=s0@group-A1B89BB4020A-SegmentedRaftLog:OPENED:c-1,f-1,i0, conf=-1: [s3:0.0.0.0:34761, s4:0.0.0.0:42956, s0:0.0.0.0:35561, s1:0.0.0.0:38095, s2:0.0.0.0:39611], old=null
2019-09-24 16:44:09,830 INFO  impl.LeaderElection (LeaderElection.java:logAndReturn(56)) - s1@group-A1B89BB4020A-LeaderElection136: Election REJECTED; received 4 response(s) [s1<-s3#0:FAIL-t2, s1<-s4#0:FAIL-t2, s1<-s0#0:FAIL-t2, s1<-s2#0:FAIL-t2] and 0 exception(s); s1@group-A1B89BB4020A:t2, leader=null, voted=s1, raftlog=s1@group-A1B89BB4020A-SegmentedRaftLog:OPENED:c-1,f-1,i0, conf=-1: [s3:0.0.0.0:34761, s4:0.0.0.0:42956, s0:0.0.0.0:35561, s1:0.0.0.0:38095, s2:0.0.0.0:39611], old=null
2019-09-24 16:44:09,831 DEBUG impl.RaftServerImpl (RaftServerImpl.java:requestVote(743)) - s1@group-A1B89BB4020A: receive requestVote(s4, group-A1B89BB4020A, 2, (t:0, i:0))
2019-09-24 16:44:09,831 INFO  impl.LeaderElection (LeaderElection.java:logAndReturn(56)) - s0@group-A1B89BB4020A-LeaderElection138: Election REJECTED; received 4 response(s) [s0<-s3#0:FAIL-t2, s0<-s4#0:FAIL-t2, s0<-s1#0:FAIL-t2, s0<-s2#0:FAIL-t2] and 0 exception(s); s0@group-A1B89BB4020A:t2, leader=null, voted=s0, raftlog=s0@group-A1B89BB4020A-SegmentedRaftLog:OPENED:c-1,f-1,i0, conf=-1: [s3:0.0.0.0:34761, s4:0.0.0.0:42956, s0:0.0.0.0:35561, s1:0.0.0.0:38095, s2:0.0.0.0:39611], old=null
2019-09-24 16:44:09,831 DEBUG impl.RaftServerImpl (RaftServerImpl.java:requestVote(775)) - s2@group-A1B89BB4020A replies to vote request: s3<-s2#0:FAIL-t2. Peer's state: s2@group-A1B89BB4020A:t2, leader=null, voted=s2, raftlog=s2@group-A1B89BB4020A-SegmentedRaftLog:OPENED:c-1,f-1,i0, conf=-1: [s3:0.0.0.0:34761, s4:0.0.0.0:42956, s0:0.0.0.0:35561, s1:0.0.0.0:38095, s2:0.0.0.0:39611], old=null
2019-09-24 16:44:09,831 DEBUG impl.RaftServerImpl (RaftServerImpl.java:requestVote(775)) - s4@group-A1B89BB4020A replies to vote request: s2<-s4#0:FAIL-t2. Peer's state: s4@group-A1B89BB4020A:t2, leader=null, voted=s4, raftlog=s4@group-A1B89BB4020A-SegmentedRaftLog:OPENED:c-1,f-1,i0, conf=-1: [s3:0.0.0.0:34761, s4:0.0.0.0:42956, s0:0.0.0.0:35561, s1:0.0.0.0:38095, s2:0.0.0.0:39611], old=null
2019-09-24 16:44:09,832 INFO  impl.RaftServerImpl (RaftServerImpl.java:setRole(170)) - s0@group-A1B89BB4020A: changes role from CANDIDATE to FOLLOWER at term 2 for DISCOVERED_A_NEW_TERM
2019-09-24 16:44:09,832 INFO  impl.RaftServerImpl (RaftServerImpl.java:setRole(170)) - s1@group-A1B89BB4020A: changes role from CANDIDATE to FOLLOWER at term 2 for DISCOVERED_A_NEW_TERM
2019-09-24 16:44:09,833 INFO  impl.RoleInfo (RoleInfo.java:shutdownLeaderElection(134)) - s0: shutdown LeaderElection
2019-09-24 16:44:09,833 INFO  impl.LeaderElection (LeaderElection.java:logAndReturn(56)) - s3@group-A1B89BB4020A-LeaderElection137: Election REJECTED; received 4 response(s) [s3<-s4#0:FAIL-t2, s3<-s0#0:FAIL-t2, s3<-s1#0:FAIL-t2, s3<-s2#0:FAIL-t2] and 0 exception(s); s3@group-A1B89BB4020A:t2, leader=null, voted=s3, raftlog=s3@group-A1B89BB4020A-SegmentedRaftLog:OPENED:c-1,f-1,i0, conf=-1: [s3:0.0.0.0:34761, s4:0.0.0.0:42956, s0:0.0.0.0:35561, s1:0.0.0.0:38095, s2:0.0.0.0:39611], old=null
2019-09-24 16:44:09,834 INFO  impl.RoleInfo (RoleInfo.java:updateAndGet(143)) - s0: start FollowerState
2019-09-24 16:44:09,833 INFO  impl.LeaderElection (LeaderElection.java:logAndReturn(56)) - s2@group-A1B89BB4020A-LeaderElection139: Election REJECTED; received 4 response(s) [s2<-s3#0:FAIL-t2, s2<-s4#0:FAIL-t2, s2<-s0#0:FAIL-t2, s2<-s1#0:FAIL-t2] and 0 exception(s); s2@group-A1B89BB4020A:t2, leader=null, voted=s2, raftlog=s2@group-A1B89BB4020A-SegmentedRaftLog:OPENED:c-1,f-1,i0, conf=-1: [s3:0.0.0.0:34761, s4:0.0.0.0:42956, s0:0.0.0.0:35561, s1:0.0.0.0:38095, s2:0.0.0.0:39611], old=null
2019-09-24 16:44:09,833 INFO  impl.RoleInfo (RoleInfo.java:shutdownLeaderElection(134)) - s1: shutdown LeaderElection
2019-09-24 16:44:09,834 DEBUG impl.RaftServerImpl (RaftServerImpl.java:requestVote(743)) - s2@group-A1B89BB4020A: receive requestVote(s4, group-A1B89BB4020A, 2, (t:0, i:0))
2019-09-24 16:44:09,834 INFO  impl.RaftServerImpl (RaftServerImpl.java:setRole(170)) - s3@group-A1B89BB4020A: changes role from CANDIDATE to FOLLOWER at term 2 for DISCOVERED_A_NEW_TERM
2019-09-24 16:44:09,834 INFO  impl.RaftServerImpl (RaftServerImpl.java:setRole(170)) - s2@group-A1B89BB4020A: changes role from CANDIDATE to FOLLOWER at term 2 for DISCOVERED_A_NEW_TERM
2019-09-24 16:44:09,835 INFO  impl.RoleInfo (RoleInfo.java:shutdownLeaderElection(134)) - s2: shutdown LeaderElection
2019-09-24 16:44:09,834 INFO  impl.RoleInfo (RoleInfo.java:updateAndGet(143)) - s1: start FollowerState
2019-09-24 16:44:09,835 INFO  impl.RoleInfo (RoleInfo.java:updateAndGet(143)) - s2: start FollowerState
2019-09-24 16:44:09,835 INFO  impl.RoleInfo (RoleInfo.java:shutdownLeaderElection(134)) - s3: shutdown LeaderElection
2019-09-24 16:44:09,835 DEBUG impl.RaftServerImpl (RaftServerImpl.java:requestVote(775)) - s1@group-A1B89BB4020A replies to vote request: s4<-s1#0:FAIL-t2. Peer's state: s1@group-A1B89BB4020A:t2, leader=null, voted=s1, raftlog=s1@group-A1B89BB4020A-SegmentedRaftLog:OPENED:c-1,f-1,i0, conf=-1: [s3:0.0.0.0:34761, s4:0.0.0.0:42956, s0:0.0.0.0:35561, s1:0.0.0.0:38095, s2:0.0.0.0:39611], old=null
2019-09-24 16:44:09,836 DEBUG impl.RaftServerImpl (RaftServerImpl.java:requestVote(775)) - s2@group-A1B89BB4020A replies to vote request: s4<-s2#0:FAIL-t2. Peer's state: s2@group-A1B89BB4020A:t2, leader=null, voted=s2, raftlog=s2@group-A1B89BB4020A-SegmentedRaftLog:OPENED:c-1,f-1,i0, conf=-1: [s3:0.0.0.0:34761, s4:0.0.0.0:42956, s0:0.0.0.0:35561, s1:0.0.0.0:38095, s2:0.0.0.0:39611], old=null
2019-09-24 16:44:09,836 INFO  impl.RoleInfo (RoleInfo.java:updateAndGet(143)) - s3: start FollowerState
2019-09-24 16:44:09,837 INFO  impl.LeaderElection (LeaderElection.java:logAndReturn(56)) - s4@group-A1B89BB4020A-LeaderElection135: Election REJECTED; received 4 response(s) [s4<-s3#0:FAIL-t2, s4<-s0#0:FAIL-t2, s4<-s1#0:FAIL-t2, s4<-s2#0:FAIL-t2] and 0 exception(s); s4@group-A1B89BB4020A:t2, leader=null, voted=s4, raftlog=s4@group-A1B89BB4020A-SegmentedRaftLog:OPENED:c-1,f-1,i0, conf=-1: [s3:0.0.0.0:34761, s4:0.0.0.0:42956, s0:0.0.0.0:35561, s1:0.0.0.0:38095, s2:0.0.0.0:39611], old=null
2019-09-24 16:44:09,837 INFO  impl.RaftServerImpl (RaftServerImpl.java:setRole(170)) - s4@group-A1B89BB4020A: changes role from CANDIDATE to FOLLOWER at term 2 for DISCOVERED_A_NEW_TERM
2019-09-24 16:44:09,837 INFO  impl.RoleInfo (RoleInfo.java:shutdownLeaderElection(134)) - s4: shutdown LeaderElection
2019-09-24 16:44:09,837 INFO  impl.RoleInfo (RoleInfo.java:updateAndGet(143)) - s4: start FollowerState
2019-09-24 16:44:10,017 INFO  impl.FollowerState (FollowerState.java:run(108)) - s2@group-A1B89BB4020A-FollowerState: change to CANDIDATE, lastRpcTime:181ms, electionTimeout:181ms
2019-09-24 16:44:10,017 INFO  impl.RoleInfo (RoleInfo.java:shutdownFollowerState(121)) - s2: shutdown FollowerState
2019-09-24 16:44:10,017 INFO  impl.RaftServerImpl (RaftServerImpl.java:setRole(170)) - s2@group-A1B89BB4020A: changes role from  FOLLOWER to CANDIDATE at term 2 for changeToCandidate
2019-09-24 16:44:10,018 INFO  impl.RoleInfo (RoleInfo.java:updateAndGet(143)) - s2: start LeaderElection
2019-09-24 16:44:10,066 INFO  impl.FollowerState (FollowerState.java:run(108)) - s1@group-A1B89BB4020A-FollowerState: change to CANDIDATE, lastRpcTime:231ms, electionTimeout:230ms
2019-09-24 16:44:10,066 INFO  impl.RoleInfo (RoleInfo.java:shutdownFollowerState(121)) - s1: shutdown FollowerState
2019-09-24 16:44:10,066 INFO  impl.RaftServerImpl (RaftServerImpl.java:setRole(170)) - s1@group-A1B89BB4020A: changes role from  FOLLOWER to CANDIDATE at term 2 for changeToCandidate
2019-09-24 16:44:10,066 INFO  impl.RoleInfo (RoleInfo.java:updateAndGet(143)) - s1: start LeaderElection
2019-09-24 16:44:10,069 INFO  impl.FollowerState (FollowerState.java:run(108)) - s0@group-A1B89BB4020A-FollowerState: change to CANDIDATE, lastRpcTime:235ms, electionTimeout:234ms
2019-09-24 16:44:10,069 INFO  impl.RoleInfo (RoleInfo.java:shutdownFollowerState(121)) - s0: shutdown FollowerState
2019-09-24 16:44:10,069 INFO  impl.RaftServerImpl (RaftServerImpl.java:setRole(170)) - s0@group-A1B89BB4020A: changes role from  FOLLOWER to CANDIDATE at term 2 for changeToCandidate
2019-09-24 16:44:10,069 INFO  impl.RoleInfo (RoleInfo.java:updateAndGet(143)) - s0: start LeaderElection
2019-09-24 16:44:10,100 INFO  impl.FollowerState (FollowerState.java:run(108)) - s3@group-A1B89BB4020A-FollowerState: change to CANDIDATE, lastRpcTime:264ms, electionTimeout:263ms
2019-09-24 16:44:10,100 INFO  impl.RoleInfo (RoleInfo.java:shutdownFollowerState(121)) - s3: shutdown FollowerState
2019-09-24 16:44:10,100 INFO  impl.RaftServerImpl (RaftServerImpl.java:setRole(170)) - s3@group-A1B89BB4020A: changes role from  FOLLOWER to CANDIDATE at term 2 for changeToCandidate
2019-09-24 16:44:10,100 INFO  impl.RoleInfo (RoleInfo.java:updateAndGet(143)) - s3: start LeaderElection
2019-09-24 16:44:10,114 INFO  impl.FollowerState (FollowerState.java:run(108)) - s4@group-A1B89BB4020A-FollowerState: change to CANDIDATE, lastRpcTime:276ms, electionTimeout:276ms
2019-09-24 16:44:10,114 INFO  impl.RoleInfo (RoleInfo.java:shutdownFollowerState(121)) - s4: shutdown FollowerState
2019-09-24 16:44:10,114 INFO  impl.RaftServerImpl (RaftServerImpl.java:setRole(170)) - s4@group-A1B89BB4020A: changes role from  FOLLOWER to CANDIDATE at term 2 for changeToCandidate
2019-09-24 16:44:10,114 INFO  impl.RoleInfo (RoleInfo.java:updateAndGet(143)) - s4: start LeaderElection
2019-09-24 16:44:10,248 WARN  ratis.RaftTestUtil (JavaUtils.java:attempt(158)) - FAILED "waitForLeader-null-(expectLeader? true)", attempt #11/100: java.lang.IllegalStateException: No leader yet : printing ALL groups
  s3:  RUNNING CANDIDATE s3@group-A1B89BB4020A:t3, leader=null, voted=s3, raftlog=s3@group-A1B89BB4020A-SegmentedRaftLog:OPENED:c-1,f-1,i0, conf=-1: [s3:0.0.0.0:34761, s4:0.0.0.0:42956, s0:0.0.0.0:35561, s1:0.0.0.0:38095, s2:0.0.0.0:39611], old=null RUNNING
  s4:  RUNNING CANDIDATE s4@group-A1B89BB4020A:t3, leader=null, voted=s4, raftlog=s4@group-A1B89BB4020A-SegmentedRaftLog:OPENED:c-1,f-1,i0, conf=-1: [s3:0.0.0.0:34761, s4:0.0.0.0:42956, s0:0.0.0.0:35561, s1:0.0.0.0:38095, s2:0.0.0.0:39611], old=null RUNNING
  s0:  RUNNING CANDIDATE s0@group-A1B89BB4020A:t3, leader=null, voted=s0, raftlog=s0@group-A1B89BB4020A-SegmentedRaftLog:OPENED:c-1,f-1,i0, conf=-1: [s3:0.0.0.0:34761, s4:0.0.0.0:42956, s0:0.0.0.0:35561, s1:0.0.0.0:38095, s2:0.0.0.0:39611], old=null RUNNING
  s1:  RUNNING CANDIDATE s1@group-A1B89BB4020A:t3, leader=null, voted=s1, raftlog=s1@group-A1B89BB4020A-SegmentedRaftLog:OPENED:c-1,f-1,i0, conf=-1: [s3:0.0.0.0:34761, s4:0.0.0.0:42956, s0:0.0.0.0:35561, s1:0.0.0.0:38095, s2:0.0.0.0:39611], old=null RUNNING
  s2:  RUNNING CANDIDATE s2@group-A1B89BB4020A:t3, leader=null, voted=s2, raftlog=s2@group-A1B89BB4020A-SegmentedRaftLog:OPENED:c-1,f-1,i0, conf=-1: [s3:0.0.0.0:34761, s4:0.0.0.0:42956, s0:0.0.0.0:35561, s1:0.0.0.0:38095, s2:0.0.0.0:39611], old=null RUNNING, sleep 450ms and then retry.
java.lang.IllegalStateException: No leader yet : printing ALL groups
  s3:  RUNNING CANDIDATE s3@group-A1B89BB4020A:t3, leader=null, voted=s3, raftlog=s3@group-A1B89BB4020A-SegmentedRaftLog:OPENED:c-1,f-1,i0, conf=-1: [s3:0.0.0.0:34761, s4:0.0.0.0:42956, s0:0.0.0.0:35561, s1:0.0.0.0:38095, s2:0.0.0.0:39611], old=null RUNNING
  s4:  RUNNING CANDIDATE s4@group-A1B89BB4020A:t3, leader=null, voted=s4, raftlog=s4@group-A1B89BB4020A-SegmentedRaftLog:OPENED:c-1,f-1,i0, conf=-1: [s3:0.0.0.0:34761, s4:0.0.0.0:42956, s0:0.0.0.0:35561, s1:0.0.0.0:38095, s2:0.0.0.0:39611], old=null RUNNING
  s0:  RUNNING CANDIDATE s0@group-A1B89BB4020A:t3, leader=null, voted=s0, raftlog=s0@group-A1B89BB4020A-SegmentedRaftLog:OPENED:c-1,f-1,i0, conf=-1: [s3:0.0.0.0:34761, s4:0.0.0.0:42956, s0:0.0.0.0:35561, s1:0.0.0.0:38095, s2:0.0.0.0:39611], old=null RUNNING
  s1:  RUNNING CANDIDATE s1@group-A1B89BB4020A:t3, leader=null, voted=s1, raftlog=s1@group-A1B89BB4020A-SegmentedRaftLog:OPENED:c-1,f-1,i0, conf=-1: [s3:0.0.0.0:34761, s4:0.0.0.0:42956, s0:0.0.0.0:35561, s1:0.0.0.0:38095, s2:0.0.0.0:39611], old=null RUNNING
  s2:  RUNNING CANDIDATE s2@group-A1B89BB4020A:t3, leader=null, voted=s2, raftlog=s2@group-A1B89BB4020A-SegmentedRaftLog:OPENED:c-1,f-1,i0, conf=-1: [s3:0.0.0.0:34761, s4:0.0.0.0:42956, s0:0.0.0.0:35561, s1:0.0.0.0:38095, s2:0.0.0.0:39611], old=null RUNNING
	at org.apache.ratis.MiniRaftCluster.newIllegalStateExceptionForNoLeaders(MiniRaftCluster.java:506)
	at org.apache.ratis.RaftTestUtil.lambda$waitForLeader$1(RaftTestUtil.java:90)
	at org.apache.ratis.MiniRaftCluster.getLeader(MiniRaftCluster.java:539)
	at org.apache.ratis.MiniRaftCluster.getLeader(MiniRaftCluster.java:532)
	at org.apache.ratis.RaftTestUtil.lambda$waitForLeader$3(RaftTestUtil.java:98)
	at org.apache.ratis.util.JavaUtils.attempt(JavaUtils.java:152)
	at org.apache.ratis.RaftTestUtil.waitForLeader(RaftTestUtil.java:97)
	at org.apache.ratis.RaftTestUtil.waitForLeader(RaftTestUtil.java:77)
	at org.apache.ratis.RaftTestUtil.waitForLeader(RaftTestUtil.java:72)
	at org.apache.ratis.RaftBasicTests.runTestOldLeaderNotCommit(RaftBasicTests.java:218)
	at org.apache.ratis.MiniRaftCluster$Factory$Get.runWithNewCluster(MiniRaftCluster.java:125)
	at org.apache.ratis.MiniRaftCluster$Factory$Get.runWithNewCluster(MiniRaftCluster.java:113)
	at org.apache.ratis.RaftBasicTests.testOldLeaderNotCommit(RaftBasicTests.java:214)
	at sun.reflect.NativeMethodAccessorImpl.invoke0(Native Method)
	at sun.reflect.NativeMethodAccessorImpl.invoke(NativeMethodAccessorImpl.java:62)
	at sun.reflect.DelegatingMethodAccessorImpl.invoke(DelegatingMethodAccessorImpl.java:43)
	at java.lang.reflect.Method.invoke(Method.java:498)
	at org.junit.runners.model.FrameworkMethod$1.runReflectiveCall(FrameworkMethod.java:50)
	at org.junit.internal.runners.model.ReflectiveCallable.run(ReflectiveCallable.java:12)
	at org.junit.runners.model.FrameworkMethod.invokeExplosively(FrameworkMethod.java:47)
	at org.junit.internal.runners.statements.InvokeMethod.evaluate(InvokeMethod.java:17)
	at org.junit.internal.runners.statements.RunAfters.evaluate(RunAfters.java:27)
	at org.junit.internal.runners.statements.FailOnTimeout$CallableStatement.call(FailOnTimeout.java:298)
	at org.junit.internal.runners.statements.FailOnTimeout$CallableStatement.call(FailOnTimeout.java:292)
	at java.util.concurrent.FutureTask.run(FutureTask.java:266)
	at java.lang.Thread.run(Thread.java:748)
2019-09-24 16:44:10,699 WARN  ratis.RaftTestUtil (JavaUtils.java:attempt(158)) - FAILED "waitForLeader-null-(expectLeader? true)", attempt #12/100: java.lang.IllegalStateException: No leader yet : printing ALL groups
  s3:  RUNNING CANDIDATE s3@group-A1B89BB4020A:t3, leader=null, voted=s3, raftlog=s3@group-A1B89BB4020A-SegmentedRaftLog:OPENED:c-1,f-1,i0, conf=-1: [s3:0.0.0.0:34761, s4:0.0.0.0:42956, s0:0.0.0.0:35561, s1:0.0.0.0:38095, s2:0.0.0.0:39611], old=null RUNNING
  s4:  RUNNING CANDIDATE s4@group-A1B89BB4020A:t3, leader=null, voted=s4, raftlog=s4@group-A1B89BB4020A-SegmentedRaftLog:OPENED:c-1,f-1,i0, conf=-1: [s3:0.0.0.0:34761, s4:0.0.0.0:42956, s0:0.0.0.0:35561, s1:0.0.0.0:38095, s2:0.0.0.0:39611], old=null RUNNING
  s0:  RUNNING CANDIDATE s0@group-A1B89BB4020A:t3, leader=null, voted=s0, raftlog=s0@group-A1B89BB4020A-SegmentedRaftLog:OPENED:c-1,f-1,i0, conf=-1: [s3:0.0.0.0:34761, s4:0.0.0.0:42956, s0:0.0.0.0:35561, s1:0.0.0.0:38095, s2:0.0.0.0:39611], old=null RUNNING
  s1:  RUNNING CANDIDATE s1@group-A1B89BB4020A:t3, leader=null, voted=s1, raftlog=s1@group-A1B89BB4020A-SegmentedRaftLog:OPENED:c-1,f-1,i0, conf=-1: [s3:0.0.0.0:34761, s4:0.0.0.0:42956, s0:0.0.0.0:35561, s1:0.0.0.0:38095, s2:0.0.0.0:39611], old=null RUNNING
  s2:  RUNNING CANDIDATE s2@group-A1B89BB4020A:t3, leader=null, voted=s2, raftlog=s2@group-A1B89BB4020A-SegmentedRaftLog:OPENED:c-1,f-1,i0, conf=-1: [s3:0.0.0.0:34761, s4:0.0.0.0:42956, s0:0.0.0.0:35561, s1:0.0.0.0:38095, s2:0.0.0.0:39611], old=null RUNNING, sleep 450ms and then retry.
java.lang.IllegalStateException: No leader yet : printing ALL groups
  s3:  RUNNING CANDIDATE s3@group-A1B89BB4020A:t3, leader=null, voted=s3, raftlog=s3@group-A1B89BB4020A-SegmentedRaftLog:OPENED:c-1,f-1,i0, conf=-1: [s3:0.0.0.0:34761, s4:0.0.0.0:42956, s0:0.0.0.0:35561, s1:0.0.0.0:38095, s2:0.0.0.0:39611], old=null RUNNING
  s4:  RUNNING CANDIDATE s4@group-A1B89BB4020A:t3, leader=null, voted=s4, raftlog=s4@group-A1B89BB4020A-SegmentedRaftLog:OPENED:c-1,f-1,i0, conf=-1: [s3:0.0.0.0:34761, s4:0.0.0.0:42956, s0:0.0.0.0:35561, s1:0.0.0.0:38095, s2:0.0.0.0:39611], old=null RUNNING
  s0:  RUNNING CANDIDATE s0@group-A1B89BB4020A:t3, leader=null, voted=s0, raftlog=s0@group-A1B89BB4020A-SegmentedRaftLog:OPENED:c-1,f-1,i0, conf=-1: [s3:0.0.0.0:34761, s4:0.0.0.0:42956, s0:0.0.0.0:35561, s1:0.0.0.0:38095, s2:0.0.0.0:39611], old=null RUNNING
  s1:  RUNNING CANDIDATE s1@group-A1B89BB4020A:t3, leader=null, voted=s1, raftlog=s1@group-A1B89BB4020A-SegmentedRaftLog:OPENED:c-1,f-1,i0, conf=-1: [s3:0.0.0.0:34761, s4:0.0.0.0:42956, s0:0.0.0.0:35561, s1:0.0.0.0:38095, s2:0.0.0.0:39611], old=null RUNNING
  s2:  RUNNING CANDIDATE s2@group-A1B89BB4020A:t3, leader=null, voted=s2, raftlog=s2@group-A1B89BB4020A-SegmentedRaftLog:OPENED:c-1,f-1,i0, conf=-1: [s3:0.0.0.0:34761, s4:0.0.0.0:42956, s0:0.0.0.0:35561, s1:0.0.0.0:38095, s2:0.0.0.0:39611], old=null RUNNING
	at org.apache.ratis.MiniRaftCluster.newIllegalStateExceptionForNoLeaders(MiniRaftCluster.java:506)
	at org.apache.ratis.RaftTestUtil.lambda$waitForLeader$1(RaftTestUtil.java:90)
	at org.apache.ratis.MiniRaftCluster.getLeader(MiniRaftCluster.java:539)
	at org.apache.ratis.MiniRaftCluster.getLeader(MiniRaftCluster.java:532)
	at org.apache.ratis.RaftTestUtil.lambda$waitForLeader$3(RaftTestUtil.java:98)
	at org.apache.ratis.util.JavaUtils.attempt(JavaUtils.java:152)
	at org.apache.ratis.RaftTestUtil.waitForLeader(RaftTestUtil.java:97)
	at org.apache.ratis.RaftTestUtil.waitForLeader(RaftTestUtil.java:77)
	at org.apache.ratis.RaftTestUtil.waitForLeader(RaftTestUtil.java:72)
	at org.apache.ratis.RaftBasicTests.runTestOldLeaderNotCommit(RaftBasicTests.java:218)
	at org.apache.ratis.MiniRaftCluster$Factory$Get.runWithNewCluster(MiniRaftCluster.java:125)
	at org.apache.ratis.MiniRaftCluster$Factory$Get.runWithNewCluster(MiniRaftCluster.java:113)
	at org.apache.ratis.RaftBasicTests.testOldLeaderNotCommit(RaftBasicTests.java:214)
	at sun.reflect.NativeMethodAccessorImpl.invoke0(Native Method)
	at sun.reflect.NativeMethodAccessorImpl.invoke(NativeMethodAccessorImpl.java:62)
	at sun.reflect.DelegatingMethodAccessorImpl.invoke(DelegatingMethodAccessorImpl.java:43)
	at java.lang.reflect.Method.invoke(Method.java:498)
	at org.junit.runners.model.FrameworkMethod$1.runReflectiveCall(FrameworkMethod.java:50)
	at org.junit.internal.runners.model.ReflectiveCallable.run(ReflectiveCallable.java:12)
	at org.junit.runners.model.FrameworkMethod.invokeExplosively(FrameworkMethod.java:47)
	at org.junit.internal.runners.statements.InvokeMethod.evaluate(InvokeMethod.java:17)
	at org.junit.internal.runners.statements.RunAfters.evaluate(RunAfters.java:27)
	at org.junit.internal.runners.statements.FailOnTimeout$CallableStatement.call(FailOnTimeout.java:298)
	at org.junit.internal.runners.statements.FailOnTimeout$CallableStatement.call(FailOnTimeout.java:292)
	at java.util.concurrent.FutureTask.run(FutureTask.java:266)
	at java.lang.Thread.run(Thread.java:748)
2019-09-24 16:44:11,150 WARN  ratis.RaftTestUtil (JavaUtils.java:attempt(158)) - FAILED "waitForLeader-null-(expectLeader? true)", attempt #13/100: java.lang.IllegalStateException: No leader yet : printing ALL groups
  s3:  RUNNING CANDIDATE s3@group-A1B89BB4020A:t3, leader=null, voted=s3, raftlog=s3@group-A1B89BB4020A-SegmentedRaftLog:OPENED:c-1,f-1,i0, conf=-1: [s3:0.0.0.0:34761, s4:0.0.0.0:42956, s0:0.0.0.0:35561, s1:0.0.0.0:38095, s2:0.0.0.0:39611], old=null RUNNING
  s4:  RUNNING CANDIDATE s4@group-A1B89BB4020A:t3, leader=null, voted=s4, raftlog=s4@group-A1B89BB4020A-SegmentedRaftLog:OPENED:c-1,f-1,i0, conf=-1: [s3:0.0.0.0:34761, s4:0.0.0.0:42956, s0:0.0.0.0:35561, s1:0.0.0.0:38095, s2:0.0.0.0:39611], old=null RUNNING
  s0:  RUNNING CANDIDATE s0@group-A1B89BB4020A:t3, leader=null, voted=s0, raftlog=s0@group-A1B89BB4020A-SegmentedRaftLog:OPENED:c-1,f-1,i0, conf=-1: [s3:0.0.0.0:34761, s4:0.0.0.0:42956, s0:0.0.0.0:35561, s1:0.0.0.0:38095, s2:0.0.0.0:39611], old=null RUNNING
  s1:  RUNNING CANDIDATE s1@group-A1B89BB4020A:t3, leader=null, voted=s1, raftlog=s1@group-A1B89BB4020A-SegmentedRaftLog:OPENED:c-1,f-1,i0, conf=-1: [s3:0.0.0.0:34761, s4:0.0.0.0:42956, s0:0.0.0.0:35561, s1:0.0.0.0:38095, s2:0.0.0.0:39611], old=null RUNNING
  s2:  RUNNING CANDIDATE s2@group-A1B89BB4020A:t3, leader=null, voted=s2, raftlog=s2@group-A1B89BB4020A-SegmentedRaftLog:OPENED:c-1,f-1,i0, conf=-1: [s3:0.0.0.0:34761, s4:0.0.0.0:42956, s0:0.0.0.0:35561, s1:0.0.0.0:38095, s2:0.0.0.0:39611], old=null RUNNING, sleep 450ms and then retry.
java.lang.IllegalStateException: No leader yet : printing ALL groups
  s3:  RUNNING CANDIDATE s3@group-A1B89BB4020A:t3, leader=null, voted=s3, raftlog=s3@group-A1B89BB4020A-SegmentedRaftLog:OPENED:c-1,f-1,i0, conf=-1: [s3:0.0.0.0:34761, s4:0.0.0.0:42956, s0:0.0.0.0:35561, s1:0.0.0.0:38095, s2:0.0.0.0:39611], old=null RUNNING
  s4:  RUNNING CANDIDATE s4@group-A1B89BB4020A:t3, leader=null, voted=s4, raftlog=s4@group-A1B89BB4020A-SegmentedRaftLog:OPENED:c-1,f-1,i0, conf=-1: [s3:0.0.0.0:34761, s4:0.0.0.0:42956, s0:0.0.0.0:35561, s1:0.0.0.0:38095, s2:0.0.0.0:39611], old=null RUNNING
  s0:  RUNNING CANDIDATE s0@group-A1B89BB4020A:t3, leader=null, voted=s0, raftlog=s0@group-A1B89BB4020A-SegmentedRaftLog:OPENED:c-1,f-1,i0, conf=-1: [s3:0.0.0.0:34761, s4:0.0.0.0:42956, s0:0.0.0.0:35561, s1:0.0.0.0:38095, s2:0.0.0.0:39611], old=null RUNNING
  s1:  RUNNING CANDIDATE s1@group-A1B89BB4020A:t3, leader=null, voted=s1, raftlog=s1@group-A1B89BB4020A-SegmentedRaftLog:OPENED:c-1,f-1,i0, conf=-1: [s3:0.0.0.0:34761, s4:0.0.0.0:42956, s0:0.0.0.0:35561, s1:0.0.0.0:38095, s2:0.0.0.0:39611], old=null RUNNING
  s2:  RUNNING CANDIDATE s2@group-A1B89BB4020A:t3, leader=null, voted=s2, raftlog=s2@group-A1B89BB4020A-SegmentedRaftLog:OPENED:c-1,f-1,i0, conf=-1: [s3:0.0.0.0:34761, s4:0.0.0.0:42956, s0:0.0.0.0:35561, s1:0.0.0.0:38095, s2:0.0.0.0:39611], old=null RUNNING
	at org.apache.ratis.MiniRaftCluster.newIllegalStateExceptionForNoLeaders(MiniRaftCluster.java:506)
	at org.apache.ratis.RaftTestUtil.lambda$waitForLeader$1(RaftTestUtil.java:90)
	at org.apache.ratis.MiniRaftCluster.getLeader(MiniRaftCluster.java:539)
	at org.apache.ratis.MiniRaftCluster.getLeader(MiniRaftCluster.java:532)
	at org.apache.ratis.RaftTestUtil.lambda$waitForLeader$3(RaftTestUtil.java:98)
	at org.apache.ratis.util.JavaUtils.attempt(JavaUtils.java:152)
	at org.apache.ratis.RaftTestUtil.waitForLeader(RaftTestUtil.java:97)
	at org.apache.ratis.RaftTestUtil.waitForLeader(RaftTestUtil.java:77)
	at org.apache.ratis.RaftTestUtil.waitForLeader(RaftTestUtil.java:72)
	at org.apache.ratis.RaftBasicTests.runTestOldLeaderNotCommit(RaftBasicTests.java:218)
	at org.apache.ratis.MiniRaftCluster$Factory$Get.runWithNewCluster(MiniRaftCluster.java:125)
	at org.apache.ratis.MiniRaftCluster$Factory$Get.runWithNewCluster(MiniRaftCluster.java:113)
	at org.apache.ratis.RaftBasicTests.testOldLeaderNotCommit(RaftBasicTests.java:214)
	at sun.reflect.NativeMethodAccessorImpl.invoke0(Native Method)
	at sun.reflect.NativeMethodAccessorImpl.invoke(NativeMethodAccessorImpl.java:62)
	at sun.reflect.DelegatingMethodAccessorImpl.invoke(DelegatingMethodAccessorImpl.java:43)
	at java.lang.reflect.Method.invoke(Method.java:498)
	at org.junit.runners.model.FrameworkMethod$1.runReflectiveCall(FrameworkMethod.java:50)
	at org.junit.internal.runners.model.ReflectiveCallable.run(ReflectiveCallable.java:12)
	at org.junit.runners.model.FrameworkMethod.invokeExplosively(FrameworkMethod.java:47)
	at org.junit.internal.runners.statements.InvokeMethod.evaluate(InvokeMethod.java:17)
	at org.junit.internal.runners.statements.RunAfters.evaluate(RunAfters.java:27)
	at org.junit.internal.runners.statements.FailOnTimeout$CallableStatement.call(FailOnTimeout.java:298)
	at org.junit.internal.runners.statements.FailOnTimeout$CallableStatement.call(FailOnTimeout.java:292)
	at java.util.concurrent.FutureTask.run(FutureTask.java:266)
	at java.lang.Thread.run(Thread.java:748)
2019-09-24 16:44:11,602 WARN  ratis.RaftTestUtil (JavaUtils.java:attempt(158)) - FAILED "waitForLeader-null-(expectLeader? true)", attempt #14/100: java.lang.IllegalStateException: No leader yet : printing ALL groups
  s3:  RUNNING CANDIDATE s3@group-A1B89BB4020A:t3, leader=null, voted=s3, raftlog=s3@group-A1B89BB4020A-SegmentedRaftLog:OPENED:c-1,f-1,i0, conf=-1: [s3:0.0.0.0:34761, s4:0.0.0.0:42956, s0:0.0.0.0:35561, s1:0.0.0.0:38095, s2:0.0.0.0:39611], old=null RUNNING
  s4:  RUNNING CANDIDATE s4@group-A1B89BB4020A:t3, leader=null, voted=s4, raftlog=s4@group-A1B89BB4020A-SegmentedRaftLog:OPENED:c-1,f-1,i0, conf=-1: [s3:0.0.0.0:34761, s4:0.0.0.0:42956, s0:0.0.0.0:35561, s1:0.0.0.0:38095, s2:0.0.0.0:39611], old=null RUNNING
  s0:  RUNNING CANDIDATE s0@group-A1B89BB4020A:t3, leader=null, voted=s0, raftlog=s0@group-A1B89BB4020A-SegmentedRaftLog:OPENED:c-1,f-1,i0, conf=-1: [s3:0.0.0.0:34761, s4:0.0.0.0:42956, s0:0.0.0.0:35561, s1:0.0.0.0:38095, s2:0.0.0.0:39611], old=null RUNNING
  s1:  RUNNING CANDIDATE s1@group-A1B89BB4020A:t3, leader=null, voted=s1, raftlog=s1@group-A1B89BB4020A-SegmentedRaftLog:OPENED:c-1,f-1,i0, conf=-1: [s3:0.0.0.0:34761, s4:0.0.0.0:42956, s0:0.0.0.0:35561, s1:0.0.0.0:38095, s2:0.0.0.0:39611], old=null RUNNING
  s2:  RUNNING CANDIDATE s2@group-A1B89BB4020A:t3, leader=null, voted=s2, raftlog=s2@group-A1B89BB4020A-SegmentedRaftLog:OPENED:c-1,f-1,i0, conf=-1: [s3:0.0.0.0:34761, s4:0.0.0.0:42956, s0:0.0.0.0:35561, s1:0.0.0.0:38095, s2:0.0.0.0:39611], old=null RUNNING, sleep 450ms and then retry.
java.lang.IllegalStateException: No leader yet : printing ALL groups
  s3:  RUNNING CANDIDATE s3@group-A1B89BB4020A:t3, leader=null, voted=s3, raftlog=s3@group-A1B89BB4020A-SegmentedRaftLog:OPENED:c-1,f-1,i0, conf=-1: [s3:0.0.0.0:34761, s4:0.0.0.0:42956, s0:0.0.0.0:35561, s1:0.0.0.0:38095, s2:0.0.0.0:39611], old=null RUNNING
  s4:  RUNNING CANDIDATE s4@group-A1B89BB4020A:t3, leader=null, voted=s4, raftlog=s4@group-A1B89BB4020A-SegmentedRaftLog:OPENED:c-1,f-1,i0, conf=-1: [s3:0.0.0.0:34761, s4:0.0.0.0:42956, s0:0.0.0.0:35561, s1:0.0.0.0:38095, s2:0.0.0.0:39611], old=null RUNNING
  s0:  RUNNING CANDIDATE s0@group-A1B89BB4020A:t3, leader=null, voted=s0, raftlog=s0@group-A1B89BB4020A-SegmentedRaftLog:OPENED:c-1,f-1,i0, conf=-1: [s3:0.0.0.0:34761, s4:0.0.0.0:42956, s0:0.0.0.0:35561, s1:0.0.0.0:38095, s2:0.0.0.0:39611], old=null RUNNING
  s1:  RUNNING CANDIDATE s1@group-A1B89BB4020A:t3, leader=null, voted=s1, raftlog=s1@group-A1B89BB4020A-SegmentedRaftLog:OPENED:c-1,f-1,i0, conf=-1: [s3:0.0.0.0:34761, s4:0.0.0.0:42956, s0:0.0.0.0:35561, s1:0.0.0.0:38095, s2:0.0.0.0:39611], old=null RUNNING
  s2:  RUNNING CANDIDATE s2@group-A1B89BB4020A:t3, leader=null, voted=s2, raftlog=s2@group-A1B89BB4020A-SegmentedRaftLog:OPENED:c-1,f-1,i0, conf=-1: [s3:0.0.0.0:34761, s4:0.0.0.0:42956, s0:0.0.0.0:35561, s1:0.0.0.0:38095, s2:0.0.0.0:39611], old=null RUNNING
	at org.apache.ratis.MiniRaftCluster.newIllegalStateExceptionForNoLeaders(MiniRaftCluster.java:506)
	at org.apache.ratis.RaftTestUtil.lambda$waitForLeader$1(RaftTestUtil.java:90)
	at org.apache.ratis.MiniRaftCluster.getLeader(MiniRaftCluster.java:539)
	at org.apache.ratis.MiniRaftCluster.getLeader(MiniRaftCluster.java:532)
	at org.apache.ratis.RaftTestUtil.lambda$waitForLeader$3(RaftTestUtil.java:98)
	at org.apache.ratis.util.JavaUtils.attempt(JavaUtils.java:152)
	at org.apache.ratis.RaftTestUtil.waitForLeader(RaftTestUtil.java:97)
	at org.apache.ratis.RaftTestUtil.waitForLeader(RaftTestUtil.java:77)
	at org.apache.ratis.RaftTestUtil.waitForLeader(RaftTestUtil.java:72)
	at org.apache.ratis.RaftBasicTests.runTestOldLeaderNotCommit(RaftBasicTests.java:218)
	at org.apache.ratis.MiniRaftCluster$Factory$Get.runWithNewCluster(MiniRaftCluster.java:125)
	at org.apache.ratis.MiniRaftCluster$Factory$Get.runWithNewCluster(MiniRaftCluster.java:113)
	at org.apache.ratis.RaftBasicTests.testOldLeaderNotCommit(RaftBasicTests.java:214)
	at sun.reflect.NativeMethodAccessorImpl.invoke0(Native Method)
	at sun.reflect.NativeMethodAccessorImpl.invoke(NativeMethodAccessorImpl.java:62)
	at sun.reflect.DelegatingMethodAccessorImpl.invoke(DelegatingMethodAccessorImpl.java:43)
	at java.lang.reflect.Method.invoke(Method.java:498)
	at org.junit.runners.model.FrameworkMethod$1.runReflectiveCall(FrameworkMethod.java:50)
	at org.junit.internal.runners.model.ReflectiveCallable.run(ReflectiveCallable.java:12)
	at org.junit.runners.model.FrameworkMethod.invokeExplosively(FrameworkMethod.java:47)
	at org.junit.internal.runners.statements.InvokeMethod.evaluate(InvokeMethod.java:17)
	at org.junit.internal.runners.statements.RunAfters.evaluate(RunAfters.java:27)
	at org.junit.internal.runners.statements.FailOnTimeout$CallableStatement.call(FailOnTimeout.java:298)
	at org.junit.internal.runners.statements.FailOnTimeout$CallableStatement.call(FailOnTimeout.java:292)
	at java.util.concurrent.FutureTask.run(FutureTask.java:266)
	at java.lang.Thread.run(Thread.java:748)
2019-09-24 16:44:12,054 WARN  ratis.RaftTestUtil (JavaUtils.java:attempt(158)) - FAILED "waitForLeader-null-(expectLeader? true)", attempt #15/100: java.lang.IllegalStateException: No leader yet : printing ALL groups
  s3:  RUNNING CANDIDATE s3@group-A1B89BB4020A:t3, leader=null, voted=s3, raftlog=s3@group-A1B89BB4020A-SegmentedRaftLog:OPENED:c-1,f-1,i0, conf=-1: [s3:0.0.0.0:34761, s4:0.0.0.0:42956, s0:0.0.0.0:35561, s1:0.0.0.0:38095, s2:0.0.0.0:39611], old=null RUNNING
  s4:  RUNNING CANDIDATE s4@group-A1B89BB4020A:t3, leader=null, voted=s4, raftlog=s4@group-A1B89BB4020A-SegmentedRaftLog:OPENED:c-1,f-1,i0, conf=-1: [s3:0.0.0.0:34761, s4:0.0.0.0:42956, s0:0.0.0.0:35561, s1:0.0.0.0:38095, s2:0.0.0.0:39611], old=null RUNNING
  s0:  RUNNING CANDIDATE s0@group-A1B89BB4020A:t3, leader=null, voted=s0, raftlog=s0@group-A1B89BB4020A-SegmentedRaftLog:OPENED:c-1,f-1,i0, conf=-1: [s3:0.0.0.0:34761, s4:0.0.0.0:42956, s0:0.0.0.0:35561, s1:0.0.0.0:38095, s2:0.0.0.0:39611], old=null RUNNING
  s1:  RUNNING CANDIDATE s1@group-A1B89BB4020A:t3, leader=null, voted=s1, raftlog=s1@group-A1B89BB4020A-SegmentedRaftLog:OPENED:c-1,f-1,i0, conf=-1: [s3:0.0.0.0:34761, s4:0.0.0.0:42956, s0:0.0.0.0:35561, s1:0.0.0.0:38095, s2:0.0.0.0:39611], old=null RUNNING
  s2:  RUNNING CANDIDATE s2@group-A1B89BB4020A:t3, leader=null, voted=s2, raftlog=s2@group-A1B89BB4020A-SegmentedRaftLog:OPENED:c-1,f-1,i0, conf=-1: [s3:0.0.0.0:34761, s4:0.0.0.0:42956, s0:0.0.0.0:35561, s1:0.0.0.0:38095, s2:0.0.0.0:39611], old=null RUNNING, sleep 450ms and then retry.
java.lang.IllegalStateException: No leader yet : printing ALL groups
  s3:  RUNNING CANDIDATE s3@group-A1B89BB4020A:t3, leader=null, voted=s3, raftlog=s3@group-A1B89BB4020A-SegmentedRaftLog:OPENED:c-1,f-1,i0, conf=-1: [s3:0.0.0.0:34761, s4:0.0.0.0:42956, s0:0.0.0.0:35561, s1:0.0.0.0:38095, s2:0.0.0.0:39611], old=null RUNNING
  s4:  RUNNING CANDIDATE s4@group-A1B89BB4020A:t3, leader=null, voted=s4, raftlog=s4@group-A1B89BB4020A-SegmentedRaftLog:OPENED:c-1,f-1,i0, conf=-1: [s3:0.0.0.0:34761, s4:0.0.0.0:42956, s0:0.0.0.0:35561, s1:0.0.0.0:38095, s2:0.0.0.0:39611], old=null RUNNING
  s0:  RUNNING CANDIDATE s0@group-A1B89BB4020A:t3, leader=null, voted=s0, raftlog=s0@group-A1B89BB4020A-SegmentedRaftLog:OPENED:c-1,f-1,i0, conf=-1: [s3:0.0.0.0:34761, s4:0.0.0.0:42956, s0:0.0.0.0:35561, s1:0.0.0.0:38095, s2:0.0.0.0:39611], old=null RUNNING
  s1:  RUNNING CANDIDATE s1@group-A1B89BB4020A:t3, leader=null, voted=s1, raftlog=s1@group-A1B89BB4020A-SegmentedRaftLog:OPENED:c-1,f-1,i0, conf=-1: [s3:0.0.0.0:34761, s4:0.0.0.0:42956, s0:0.0.0.0:35561, s1:0.0.0.0:38095, s2:0.0.0.0:39611], old=null RUNNING
  s2:  RUNNING CANDIDATE s2@group-A1B89BB4020A:t3, leader=null, voted=s2, raftlog=s2@group-A1B89BB4020A-SegmentedRaftLog:OPENED:c-1,f-1,i0, conf=-1: [s3:0.0.0.0:34761, s4:0.0.0.0:42956, s0:0.0.0.0:35561, s1:0.0.0.0:38095, s2:0.0.0.0:39611], old=null RUNNING
	at org.apache.ratis.MiniRaftCluster.newIllegalStateExceptionForNoLeaders(MiniRaftCluster.java:506)
	at org.apache.ratis.RaftTestUtil.lambda$waitForLeader$1(RaftTestUtil.java:90)
	at org.apache.ratis.MiniRaftCluster.getLeader(MiniRaftCluster.java:539)
	at org.apache.ratis.MiniRaftCluster.getLeader(MiniRaftCluster.java:532)
	at org.apache.ratis.RaftTestUtil.lambda$waitForLeader$3(RaftTestUtil.java:98)
	at org.apache.ratis.util.JavaUtils.attempt(JavaUtils.java:152)
	at org.apache.ratis.RaftTestUtil.waitForLeader(RaftTestUtil.java:97)
	at org.apache.ratis.RaftTestUtil.waitForLeader(RaftTestUtil.java:77)
	at org.apache.ratis.RaftTestUtil.waitForLeader(RaftTestUtil.java:72)
	at org.apache.ratis.RaftBasicTests.runTestOldLeaderNotCommit(RaftBasicTests.java:218)
	at org.apache.ratis.MiniRaftCluster$Factory$Get.runWithNewCluster(MiniRaftCluster.java:125)
	at org.apache.ratis.MiniRaftCluster$Factory$Get.runWithNewCluster(MiniRaftCluster.java:113)
	at org.apache.ratis.RaftBasicTests.testOldLeaderNotCommit(RaftBasicTests.java:214)
	at sun.reflect.NativeMethodAccessorImpl.invoke0(Native Method)
	at sun.reflect.NativeMethodAccessorImpl.invoke(NativeMethodAccessorImpl.java:62)
	at sun.reflect.DelegatingMethodAccessorImpl.invoke(DelegatingMethodAccessorImpl.java:43)
	at java.lang.reflect.Method.invoke(Method.java:498)
	at org.junit.runners.model.FrameworkMethod$1.runReflectiveCall(FrameworkMethod.java:50)
	at org.junit.internal.runners.model.ReflectiveCallable.run(ReflectiveCallable.java:12)
	at org.junit.runners.model.FrameworkMethod.invokeExplosively(FrameworkMethod.java:47)
	at org.junit.internal.runners.statements.InvokeMethod.evaluate(InvokeMethod.java:17)
	at org.junit.internal.runners.statements.RunAfters.evaluate(RunAfters.java:27)
	at org.junit.internal.runners.statements.FailOnTimeout$CallableStatement.call(FailOnTimeout.java:298)
	at org.junit.internal.runners.statements.FailOnTimeout$CallableStatement.call(FailOnTimeout.java:292)
	at java.util.concurrent.FutureTask.run(FutureTask.java:266)
	at java.lang.Thread.run(Thread.java:748)
2019-09-24 16:44:12,505 WARN  ratis.RaftTestUtil (JavaUtils.java:attempt(158)) - FAILED "waitForLeader-null-(expectLeader? true)", attempt #16/100: java.lang.IllegalStateException: No leader yet : printing ALL groups
  s3:  RUNNING CANDIDATE s3@group-A1B89BB4020A:t3, leader=null, voted=s3, raftlog=s3@group-A1B89BB4020A-SegmentedRaftLog:OPENED:c-1,f-1,i0, conf=-1: [s3:0.0.0.0:34761, s4:0.0.0.0:42956, s0:0.0.0.0:35561, s1:0.0.0.0:38095, s2:0.0.0.0:39611], old=null RUNNING
  s4:  RUNNING CANDIDATE s4@group-A1B89BB4020A:t3, leader=null, voted=s4, raftlog=s4@group-A1B89BB4020A-SegmentedRaftLog:OPENED:c-1,f-1,i0, conf=-1: [s3:0.0.0.0:34761, s4:0.0.0.0:42956, s0:0.0.0.0:35561, s1:0.0.0.0:38095, s2:0.0.0.0:39611], old=null RUNNING
  s0:  RUNNING CANDIDATE s0@group-A1B89BB4020A:t3, leader=null, voted=s0, raftlog=s0@group-A1B89BB4020A-SegmentedRaftLog:OPENED:c-1,f-1,i0, conf=-1: [s3:0.0.0.0:34761, s4:0.0.0.0:42956, s0:0.0.0.0:35561, s1:0.0.0.0:38095, s2:0.0.0.0:39611], old=null RUNNING
  s1:  RUNNING CANDIDATE s1@group-A1B89BB4020A:t3, leader=null, voted=s1, raftlog=s1@group-A1B89BB4020A-SegmentedRaftLog:OPENED:c-1,f-1,i0, conf=-1: [s3:0.0.0.0:34761, s4:0.0.0.0:42956, s0:0.0.0.0:35561, s1:0.0.0.0:38095, s2:0.0.0.0:39611], old=null RUNNING
  s2:  RUNNING CANDIDATE s2@group-A1B89BB4020A:t3, leader=null, voted=s2, raftlog=s2@group-A1B89BB4020A-SegmentedRaftLog:OPENED:c-1,f-1,i0, conf=-1: [s3:0.0.0.0:34761, s4:0.0.0.0:42956, s0:0.0.0.0:35561, s1:0.0.0.0:38095, s2:0.0.0.0:39611], old=null RUNNING, sleep 450ms and then retry.
java.lang.IllegalStateException: No leader yet : printing ALL groups
  s3:  RUNNING CANDIDATE s3@group-A1B89BB4020A:t3, leader=null, voted=s3, raftlog=s3@group-A1B89BB4020A-SegmentedRaftLog:OPENED:c-1,f-1,i0, conf=-1: [s3:0.0.0.0:34761, s4:0.0.0.0:42956, s0:0.0.0.0:35561, s1:0.0.0.0:38095, s2:0.0.0.0:39611], old=null RUNNING
  s4:  RUNNING CANDIDATE s4@group-A1B89BB4020A:t3, leader=null, voted=s4, raftlog=s4@group-A1B89BB4020A-SegmentedRaftLog:OPENED:c-1,f-1,i0, conf=-1: [s3:0.0.0.0:34761, s4:0.0.0.0:42956, s0:0.0.0.0:35561, s1:0.0.0.0:38095, s2:0.0.0.0:39611], old=null RUNNING
  s0:  RUNNING CANDIDATE s0@group-A1B89BB4020A:t3, leader=null, voted=s0, raftlog=s0@group-A1B89BB4020A-SegmentedRaftLog:OPENED:c-1,f-1,i0, conf=-1: [s3:0.0.0.0:34761, s4:0.0.0.0:42956, s0:0.0.0.0:35561, s1:0.0.0.0:38095, s2:0.0.0.0:39611], old=null RUNNING
  s1:  RUNNING CANDIDATE s1@group-A1B89BB4020A:t3, leader=null, voted=s1, raftlog=s1@group-A1B89BB4020A-SegmentedRaftLog:OPENED:c-1,f-1,i0, conf=-1: [s3:0.0.0.0:34761, s4:0.0.0.0:42956, s0:0.0.0.0:35561, s1:0.0.0.0:38095, s2:0.0.0.0:39611], old=null RUNNING
  s2:  RUNNING CANDIDATE s2@group-A1B89BB4020A:t3, leader=null, voted=s2, raftlog=s2@group-A1B89BB4020A-SegmentedRaftLog:OPENED:c-1,f-1,i0, conf=-1: [s3:0.0.0.0:34761, s4:0.0.0.0:42956, s0:0.0.0.0:35561, s1:0.0.0.0:38095, s2:0.0.0.0:39611], old=null RUNNING
	at org.apache.ratis.MiniRaftCluster.newIllegalStateExceptionForNoLeaders(MiniRaftCluster.java:506)
	at org.apache.ratis.RaftTestUtil.lambda$waitForLeader$1(RaftTestUtil.java:90)
	at org.apache.ratis.MiniRaftCluster.getLeader(MiniRaftCluster.java:539)
	at org.apache.ratis.MiniRaftCluster.getLeader(MiniRaftCluster.java:532)
	at org.apache.ratis.RaftTestUtil.lambda$waitForLeader$3(RaftTestUtil.java:98)
	at org.apache.ratis.util.JavaUtils.attempt(JavaUtils.java:152)
	at org.apache.ratis.RaftTestUtil.waitForLeader(RaftTestUtil.java:97)
	at org.apache.ratis.RaftTestUtil.waitForLeader(RaftTestUtil.java:77)
	at org.apache.ratis.RaftTestUtil.waitForLeader(RaftTestUtil.java:72)
	at org.apache.ratis.RaftBasicTests.runTestOldLeaderNotCommit(RaftBasicTests.java:218)
	at org.apache.ratis.MiniRaftCluster$Factory$Get.runWithNewCluster(MiniRaftCluster.java:125)
	at org.apache.ratis.MiniRaftCluster$Factory$Get.runWithNewCluster(MiniRaftCluster.java:113)
	at org.apache.ratis.RaftBasicTests.testOldLeaderNotCommit(RaftBasicTests.java:214)
	at sun.reflect.NativeMethodAccessorImpl.invoke0(Native Method)
	at sun.reflect.NativeMethodAccessorImpl.invoke(NativeMethodAccessorImpl.java:62)
	at sun.reflect.DelegatingMethodAccessorImpl.invoke(DelegatingMethodAccessorImpl.java:43)
	at java.lang.reflect.Method.invoke(Method.java:498)
	at org.junit.runners.model.FrameworkMethod$1.runReflectiveCall(FrameworkMethod.java:50)
	at org.junit.internal.runners.model.ReflectiveCallable.run(ReflectiveCallable.java:12)
	at org.junit.runners.model.FrameworkMethod.invokeExplosively(FrameworkMethod.java:47)
	at org.junit.internal.runners.statements.InvokeMethod.evaluate(InvokeMethod.java:17)
	at org.junit.internal.runners.statements.RunAfters.evaluate(RunAfters.java:27)
	at org.junit.internal.runners.statements.FailOnTimeout$CallableStatement.call(FailOnTimeout.java:298)
	at org.junit.internal.runners.statements.FailOnTimeout$CallableStatement.call(FailOnTimeout.java:292)
	at java.util.concurrent.FutureTask.run(FutureTask.java:266)
	at java.lang.Thread.run(Thread.java:748)
2019-09-24 16:44:12,957 WARN  ratis.RaftTestUtil (JavaUtils.java:attempt(158)) - FAILED "waitForLeader-null-(expectLeader? true)", attempt #17/100: java.lang.IllegalStateException: No leader yet : printing ALL groups
  s3:  RUNNING CANDIDATE s3@group-A1B89BB4020A:t3, leader=null, voted=s3, raftlog=s3@group-A1B89BB4020A-SegmentedRaftLog:OPENED:c-1,f-1,i0, conf=-1: [s3:0.0.0.0:34761, s4:0.0.0.0:42956, s0:0.0.0.0:35561, s1:0.0.0.0:38095, s2:0.0.0.0:39611], old=null RUNNING
  s4:  RUNNING CANDIDATE s4@group-A1B89BB4020A:t3, leader=null, voted=s4, raftlog=s4@group-A1B89BB4020A-SegmentedRaftLog:OPENED:c-1,f-1,i0, conf=-1: [s3:0.0.0.0:34761, s4:0.0.0.0:42956, s0:0.0.0.0:35561, s1:0.0.0.0:38095, s2:0.0.0.0:39611], old=null RUNNING
  s0:  RUNNING CANDIDATE s0@group-A1B89BB4020A:t3, leader=null, voted=s0, raftlog=s0@group-A1B89BB4020A-SegmentedRaftLog:OPENED:c-1,f-1,i0, conf=-1: [s3:0.0.0.0:34761, s4:0.0.0.0:42956, s0:0.0.0.0:35561, s1:0.0.0.0:38095, s2:0.0.0.0:39611], old=null RUNNING
  s1:  RUNNING CANDIDATE s1@group-A1B89BB4020A:t3, leader=null, voted=s1, raftlog=s1@group-A1B89BB4020A-SegmentedRaftLog:OPENED:c-1,f-1,i0, conf=-1: [s3:0.0.0.0:34761, s4:0.0.0.0:42956, s0:0.0.0.0:35561, s1:0.0.0.0:38095, s2:0.0.0.0:39611], old=null RUNNING
  s2:  RUNNING CANDIDATE s2@group-A1B89BB4020A:t3, leader=null, voted=s2, raftlog=s2@group-A1B89BB4020A-SegmentedRaftLog:OPENED:c-1,f-1,i0, conf=-1: [s3:0.0.0.0:34761, s4:0.0.0.0:42956, s0:0.0.0.0:35561, s1:0.0.0.0:38095, s2:0.0.0.0:39611], old=null RUNNING, sleep 450ms and then retry.
java.lang.IllegalStateException: No leader yet : printing ALL groups
  s3:  RUNNING CANDIDATE s3@group-A1B89BB4020A:t3, leader=null, voted=s3, raftlog=s3@group-A1B89BB4020A-SegmentedRaftLog:OPENED:c-1,f-1,i0, conf=-1: [s3:0.0.0.0:34761, s4:0.0.0.0:42956, s0:0.0.0.0:35561, s1:0.0.0.0:38095, s2:0.0.0.0:39611], old=null RUNNING
  s4:  RUNNING CANDIDATE s4@group-A1B89BB4020A:t3, leader=null, voted=s4, raftlog=s4@group-A1B89BB4020A-SegmentedRaftLog:OPENED:c-1,f-1,i0, conf=-1: [s3:0.0.0.0:34761, s4:0.0.0.0:42956, s0:0.0.0.0:35561, s1:0.0.0.0:38095, s2:0.0.0.0:39611], old=null RUNNING
  s0:  RUNNING CANDIDATE s0@group-A1B89BB4020A:t3, leader=null, voted=s0, raftlog=s0@group-A1B89BB4020A-SegmentedRaftLog:OPENED:c-1,f-1,i0, conf=-1: [s3:0.0.0.0:34761, s4:0.0.0.0:42956, s0:0.0.0.0:35561, s1:0.0.0.0:38095, s2:0.0.0.0:39611], old=null RUNNING
  s1:  RUNNING CANDIDATE s1@group-A1B89BB4020A:t3, leader=null, voted=s1, raftlog=s1@group-A1B89BB4020A-SegmentedRaftLog:OPENED:c-1,f-1,i0, conf=-1: [s3:0.0.0.0:34761, s4:0.0.0.0:42956, s0:0.0.0.0:35561, s1:0.0.0.0:38095, s2:0.0.0.0:39611], old=null RUNNING
  s2:  RUNNING CANDIDATE s2@group-A1B89BB4020A:t3, leader=null, voted=s2, raftlog=s2@group-A1B89BB4020A-SegmentedRaftLog:OPENED:c-1,f-1,i0, conf=-1: [s3:0.0.0.0:34761, s4:0.0.0.0:42956, s0:0.0.0.0:35561, s1:0.0.0.0:38095, s2:0.0.0.0:39611], old=null RUNNING
	at org.apache.ratis.MiniRaftCluster.newIllegalStateExceptionForNoLeaders(MiniRaftCluster.java:506)
	at org.apache.ratis.RaftTestUtil.lambda$waitForLeader$1(RaftTestUtil.java:90)
	at org.apache.ratis.MiniRaftCluster.getLeader(MiniRaftCluster.java:539)
	at org.apache.ratis.MiniRaftCluster.getLeader(MiniRaftCluster.java:532)
	at org.apache.ratis.RaftTestUtil.lambda$waitForLeader$3(RaftTestUtil.java:98)
	at org.apache.ratis.util.JavaUtils.attempt(JavaUtils.java:152)
	at org.apache.ratis.RaftTestUtil.waitForLeader(RaftTestUtil.java:97)
	at org.apache.ratis.RaftTestUtil.waitForLeader(RaftTestUtil.java:77)
	at org.apache.ratis.RaftTestUtil.waitForLeader(RaftTestUtil.java:72)
	at org.apache.ratis.RaftBasicTests.runTestOldLeaderNotCommit(RaftBasicTests.java:218)
	at org.apache.ratis.MiniRaftCluster$Factory$Get.runWithNewCluster(MiniRaftCluster.java:125)
	at org.apache.ratis.MiniRaftCluster$Factory$Get.runWithNewCluster(MiniRaftCluster.java:113)
	at org.apache.ratis.RaftBasicTests.testOldLeaderNotCommit(RaftBasicTests.java:214)
	at sun.reflect.NativeMethodAccessorImpl.invoke0(Native Method)
	at sun.reflect.NativeMethodAccessorImpl.invoke(NativeMethodAccessorImpl.java:62)
	at sun.reflect.DelegatingMethodAccessorImpl.invoke(DelegatingMethodAccessorImpl.java:43)
	at java.lang.reflect.Method.invoke(Method.java:498)
	at org.junit.runners.model.FrameworkMethod$1.runReflectiveCall(FrameworkMethod.java:50)
	at org.junit.internal.runners.model.ReflectiveCallable.run(ReflectiveCallable.java:12)
	at org.junit.runners.model.FrameworkMethod.invokeExplosively(FrameworkMethod.java:47)
	at org.junit.internal.runners.statements.InvokeMethod.evaluate(InvokeMethod.java:17)
	at org.junit.internal.runners.statements.RunAfters.evaluate(RunAfters.java:27)
	at org.junit.internal.runners.statements.FailOnTimeout$CallableStatement.call(FailOnTimeout.java:298)
	at org.junit.internal.runners.statements.FailOnTimeout$CallableStatement.call(FailOnTimeout.java:292)
	at java.util.concurrent.FutureTask.run(FutureTask.java:266)
	at java.lang.Thread.run(Thread.java:748)
2019-09-24 16:44:13,408 WARN  ratis.RaftTestUtil (JavaUtils.java:attempt(158)) - FAILED "waitForLeader-null-(expectLeader? true)", attempt #18/100: java.lang.IllegalStateException: No leader yet : printing ALL groups
  s3:  RUNNING CANDIDATE s3@group-A1B89BB4020A:t3, leader=null, voted=s3, raftlog=s3@group-A1B89BB4020A-SegmentedRaftLog:OPENED:c-1,f-1,i0, conf=-1: [s3:0.0.0.0:34761, s4:0.0.0.0:42956, s0:0.0.0.0:35561, s1:0.0.0.0:38095, s2:0.0.0.0:39611], old=null RUNNING
  s4:  RUNNING CANDIDATE s4@group-A1B89BB4020A:t3, leader=null, voted=s4, raftlog=s4@group-A1B89BB4020A-SegmentedRaftLog:OPENED:c-1,f-1,i0, conf=-1: [s3:0.0.0.0:34761, s4:0.0.0.0:42956, s0:0.0.0.0:35561, s1:0.0.0.0:38095, s2:0.0.0.0:39611], old=null RUNNING
  s0:  RUNNING CANDIDATE s0@group-A1B89BB4020A:t3, leader=null, voted=s0, raftlog=s0@group-A1B89BB4020A-SegmentedRaftLog:OPENED:c-1,f-1,i0, conf=-1: [s3:0.0.0.0:34761, s4:0.0.0.0:42956, s0:0.0.0.0:35561, s1:0.0.0.0:38095, s2:0.0.0.0:39611], old=null RUNNING
  s1:  RUNNING CANDIDATE s1@group-A1B89BB4020A:t3, leader=null, voted=s1, raftlog=s1@group-A1B89BB4020A-SegmentedRaftLog:OPENED:c-1,f-1,i0, conf=-1: [s3:0.0.0.0:34761, s4:0.0.0.0:42956, s0:0.0.0.0:35561, s1:0.0.0.0:38095, s2:0.0.0.0:39611], old=null RUNNING
  s2:  RUNNING CANDIDATE s2@group-A1B89BB4020A:t3, leader=null, voted=s2, raftlog=s2@group-A1B89BB4020A-SegmentedRaftLog:OPENED:c-1,f-1,i0, conf=-1: [s3:0.0.0.0:34761, s4:0.0.0.0:42956, s0:0.0.0.0:35561, s1:0.0.0.0:38095, s2:0.0.0.0:39611], old=null RUNNING, sleep 450ms and then retry.
java.lang.IllegalStateException: No leader yet : printing ALL groups
  s3:  RUNNING CANDIDATE s3@group-A1B89BB4020A:t3, leader=null, voted=s3, raftlog=s3@group-A1B89BB4020A-SegmentedRaftLog:OPENED:c-1,f-1,i0, conf=-1: [s3:0.0.0.0:34761, s4:0.0.0.0:42956, s0:0.0.0.0:35561, s1:0.0.0.0:38095, s2:0.0.0.0:39611], old=null RUNNING
  s4:  RUNNING CANDIDATE s4@group-A1B89BB4020A:t3, leader=null, voted=s4, raftlog=s4@group-A1B89BB4020A-SegmentedRaftLog:OPENED:c-1,f-1,i0, conf=-1: [s3:0.0.0.0:34761, s4:0.0.0.0:42956, s0:0.0.0.0:35561, s1:0.0.0.0:38095, s2:0.0.0.0:39611], old=null RUNNING
  s0:  RUNNING CANDIDATE s0@group-A1B89BB4020A:t3, leader=null, voted=s0, raftlog=s0@group-A1B89BB4020A-SegmentedRaftLog:OPENED:c-1,f-1,i0, conf=-1: [s3:0.0.0.0:34761, s4:0.0.0.0:42956, s0:0.0.0.0:35561, s1:0.0.0.0:38095, s2:0.0.0.0:39611], old=null RUNNING
  s1:  RUNNING CANDIDATE s1@group-A1B89BB4020A:t3, leader=null, voted=s1, raftlog=s1@group-A1B89BB4020A-SegmentedRaftLog:OPENED:c-1,f-1,i0, conf=-1: [s3:0.0.0.0:34761, s4:0.0.0.0:42956, s0:0.0.0.0:35561, s1:0.0.0.0:38095, s2:0.0.0.0:39611], old=null RUNNING
  s2:  RUNNING CANDIDATE s2@group-A1B89BB4020A:t3, leader=null, voted=s2, raftlog=s2@group-A1B89BB4020A-SegmentedRaftLog:OPENED:c-1,f-1,i0, conf=-1: [s3:0.0.0.0:34761, s4:0.0.0.0:42956, s0:0.0.0.0:35561, s1:0.0.0.0:38095, s2:0.0.0.0:39611], old=null RUNNING
	at org.apache.ratis.MiniRaftCluster.newIllegalStateExceptionForNoLeaders(MiniRaftCluster.java:506)
	at org.apache.ratis.RaftTestUtil.lambda$waitForLeader$1(RaftTestUtil.java:90)
	at org.apache.ratis.MiniRaftCluster.getLeader(MiniRaftCluster.java:539)
	at org.apache.ratis.MiniRaftCluster.getLeader(MiniRaftCluster.java:532)
	at org.apache.ratis.RaftTestUtil.lambda$waitForLeader$3(RaftTestUtil.java:98)
	at org.apache.ratis.util.JavaUtils.attempt(JavaUtils.java:152)
	at org.apache.ratis.RaftTestUtil.waitForLeader(RaftTestUtil.java:97)
	at org.apache.ratis.RaftTestUtil.waitForLeader(RaftTestUtil.java:77)
	at org.apache.ratis.RaftTestUtil.waitForLeader(RaftTestUtil.java:72)
	at org.apache.ratis.RaftBasicTests.runTestOldLeaderNotCommit(RaftBasicTests.java:218)
	at org.apache.ratis.MiniRaftCluster$Factory$Get.runWithNewCluster(MiniRaftCluster.java:125)
	at org.apache.ratis.MiniRaftCluster$Factory$Get.runWithNewCluster(MiniRaftCluster.java:113)
	at org.apache.ratis.RaftBasicTests.testOldLeaderNotCommit(RaftBasicTests.java:214)
	at sun.reflect.NativeMethodAccessorImpl.invoke0(Native Method)
	at sun.reflect.NativeMethodAccessorImpl.invoke(NativeMethodAccessorImpl.java:62)
	at sun.reflect.DelegatingMethodAccessorImpl.invoke(DelegatingMethodAccessorImpl.java:43)
	at java.lang.reflect.Method.invoke(Method.java:498)
	at org.junit.runners.model.FrameworkMethod$1.runReflectiveCall(FrameworkMethod.java:50)
	at org.junit.internal.runners.model.ReflectiveCallable.run(ReflectiveCallable.java:12)
	at org.junit.runners.model.FrameworkMethod.invokeExplosively(FrameworkMethod.java:47)
	at org.junit.internal.runners.statements.InvokeMethod.evaluate(InvokeMethod.java:17)
	at org.junit.internal.runners.statements.RunAfters.evaluate(RunAfters.java:27)
	at org.junit.internal.runners.statements.FailOnTimeout$CallableStatement.call(FailOnTimeout.java:298)
	at org.junit.internal.runners.statements.FailOnTimeout$CallableStatement.call(FailOnTimeout.java:292)
	at java.util.concurrent.FutureTask.run(FutureTask.java:266)
	at java.lang.Thread.run(Thread.java:748)
2019-09-24 16:44:13,860 WARN  ratis.RaftTestUtil (JavaUtils.java:attempt(158)) - FAILED "waitForLeader-null-(expectLeader? true)", attempt #19/100: java.lang.IllegalStateException: No leader yet : printing ALL groups
  s3:  RUNNING CANDIDATE s3@group-A1B89BB4020A:t3, leader=null, voted=s3, raftlog=s3@group-A1B89BB4020A-SegmentedRaftLog:OPENED:c-1,f-1,i0, conf=-1: [s3:0.0.0.0:34761, s4:0.0.0.0:42956, s0:0.0.0.0:35561, s1:0.0.0.0:38095, s2:0.0.0.0:39611], old=null RUNNING
  s4:  RUNNING CANDIDATE s4@group-A1B89BB4020A:t3, leader=null, voted=s4, raftlog=s4@group-A1B89BB4020A-SegmentedRaftLog:OPENED:c-1,f-1,i0, conf=-1: [s3:0.0.0.0:34761, s4:0.0.0.0:42956, s0:0.0.0.0:35561, s1:0.0.0.0:38095, s2:0.0.0.0:39611], old=null RUNNING
  s0:  RUNNING CANDIDATE s0@group-A1B89BB4020A:t3, leader=null, voted=s0, raftlog=s0@group-A1B89BB4020A-SegmentedRaftLog:OPENED:c-1,f-1,i0, conf=-1: [s3:0.0.0.0:34761, s4:0.0.0.0:42956, s0:0.0.0.0:35561, s1:0.0.0.0:38095, s2:0.0.0.0:39611], old=null RUNNING
  s1:  RUNNING CANDIDATE s1@group-A1B89BB4020A:t3, leader=null, voted=s1, raftlog=s1@group-A1B89BB4020A-SegmentedRaftLog:OPENED:c-1,f-1,i0, conf=-1: [s3:0.0.0.0:34761, s4:0.0.0.0:42956, s0:0.0.0.0:35561, s1:0.0.0.0:38095, s2:0.0.0.0:39611], old=null RUNNING
  s2:  RUNNING CANDIDATE s2@group-A1B89BB4020A:t3, leader=null, voted=s2, raftlog=s2@group-A1B89BB4020A-SegmentedRaftLog:OPENED:c-1,f-1,i0, conf=-1: [s3:0.0.0.0:34761, s4:0.0.0.0:42956, s0:0.0.0.0:35561, s1:0.0.0.0:38095, s2:0.0.0.0:39611], old=null RUNNING, sleep 450ms and then retry.
java.lang.IllegalStateException: No leader yet : printing ALL groups
  s3:  RUNNING CANDIDATE s3@group-A1B89BB4020A:t3, leader=null, voted=s3, raftlog=s3@group-A1B89BB4020A-SegmentedRaftLog:OPENED:c-1,f-1,i0, conf=-1: [s3:0.0.0.0:34761, s4:0.0.0.0:42956, s0:0.0.0.0:35561, s1:0.0.0.0:38095, s2:0.0.0.0:39611], old=null RUNNING
  s4:  RUNNING CANDIDATE s4@group-A1B89BB4020A:t3, leader=null, voted=s4, raftlog=s4@group-A1B89BB4020A-SegmentedRaftLog:OPENED:c-1,f-1,i0, conf=-1: [s3:0.0.0.0:34761, s4:0.0.0.0:42956, s0:0.0.0.0:35561, s1:0.0.0.0:38095, s2:0.0.0.0:39611], old=null RUNNING
  s0:  RUNNING CANDIDATE s0@group-A1B89BB4020A:t3, leader=null, voted=s0, raftlog=s0@group-A1B89BB4020A-SegmentedRaftLog:OPENED:c-1,f-1,i0, conf=-1: [s3:0.0.0.0:34761, s4:0.0.0.0:42956, s0:0.0.0.0:35561, s1:0.0.0.0:38095, s2:0.0.0.0:39611], old=null RUNNING
  s1:  RUNNING CANDIDATE s1@group-A1B89BB4020A:t3, leader=null, voted=s1, raftlog=s1@group-A1B89BB4020A-SegmentedRaftLog:OPENED:c-1,f-1,i0, conf=-1: [s3:0.0.0.0:34761, s4:0.0.0.0:42956, s0:0.0.0.0:35561, s1:0.0.0.0:38095, s2:0.0.0.0:39611], old=null RUNNING
  s2:  RUNNING CANDIDATE s2@group-A1B89BB4020A:t3, leader=null, voted=s2, raftlog=s2@group-A1B89BB4020A-SegmentedRaftLog:OPENED:c-1,f-1,i0, conf=-1: [s3:0.0.0.0:34761, s4:0.0.0.0:42956, s0:0.0.0.0:35561, s1:0.0.0.0:38095, s2:0.0.0.0:39611], old=null RUNNING
	at org.apache.ratis.MiniRaftCluster.newIllegalStateExceptionForNoLeaders(MiniRaftCluster.java:506)
	at org.apache.ratis.RaftTestUtil.lambda$waitForLeader$1(RaftTestUtil.java:90)
	at org.apache.ratis.MiniRaftCluster.getLeader(MiniRaftCluster.java:539)
	at org.apache.ratis.MiniRaftCluster.getLeader(MiniRaftCluster.java:532)
	at org.apache.ratis.RaftTestUtil.lambda$waitForLeader$3(RaftTestUtil.java:98)
	at org.apache.ratis.util.JavaUtils.attempt(JavaUtils.java:152)
	at org.apache.ratis.RaftTestUtil.waitForLeader(RaftTestUtil.java:97)
	at org.apache.ratis.RaftTestUtil.waitForLeader(RaftTestUtil.java:77)
	at org.apache.ratis.RaftTestUtil.waitForLeader(RaftTestUtil.java:72)
	at org.apache.ratis.RaftBasicTests.runTestOldLeaderNotCommit(RaftBasicTests.java:218)
	at org.apache.ratis.MiniRaftCluster$Factory$Get.runWithNewCluster(MiniRaftCluster.java:125)
	at org.apache.ratis.MiniRaftCluster$Factory$Get.runWithNewCluster(MiniRaftCluster.java:113)
	at org.apache.ratis.RaftBasicTests.testOldLeaderNotCommit(RaftBasicTests.java:214)
	at sun.reflect.NativeMethodAccessorImpl.invoke0(Native Method)
	at sun.reflect.NativeMethodAccessorImpl.invoke(NativeMethodAccessorImpl.java:62)
	at sun.reflect.DelegatingMethodAccessorImpl.invoke(DelegatingMethodAccessorImpl.java:43)
	at java.lang.reflect.Method.invoke(Method.java:498)
	at org.junit.runners.model.FrameworkMethod$1.runReflectiveCall(FrameworkMethod.java:50)
	at org.junit.internal.runners.model.ReflectiveCallable.run(ReflectiveCallable.java:12)
	at org.junit.runners.model.FrameworkMethod.invokeExplosively(FrameworkMethod.java:47)
	at org.junit.internal.runners.statements.InvokeMethod.evaluate(InvokeMethod.java:17)
	at org.junit.internal.runners.statements.RunAfters.evaluate(RunAfters.java:27)
	at org.junit.internal.runners.statements.FailOnTimeout$CallableStatement.call(FailOnTimeout.java:298)
	at org.junit.internal.runners.statements.FailOnTimeout$CallableStatement.call(FailOnTimeout.java:292)
	at java.util.concurrent.FutureTask.run(FutureTask.java:266)
	at java.lang.Thread.run(Thread.java:748)
2019-09-24 16:44:14,311 WARN  ratis.RaftTestUtil (JavaUtils.java:attempt(158)) - FAILED "waitForLeader-null-(expectLeader? true)", attempt #20/100: java.lang.IllegalStateException: No leader yet : printing ALL groups
  s3:  RUNNING CANDIDATE s3@group-A1B89BB4020A:t3, leader=null, voted=s3, raftlog=s3@group-A1B89BB4020A-SegmentedRaftLog:OPENED:c-1,f-1,i0, conf=-1: [s3:0.0.0.0:34761, s4:0.0.0.0:42956, s0:0.0.0.0:35561, s1:0.0.0.0:38095, s2:0.0.0.0:39611], old=null RUNNING
  s4:  RUNNING CANDIDATE s4@group-A1B89BB4020A:t3, leader=null, voted=s4, raftlog=s4@group-A1B89BB4020A-SegmentedRaftLog:OPENED:c-1,f-1,i0, conf=-1: [s3:0.0.0.0:34761, s4:0.0.0.0:42956, s0:0.0.0.0:35561, s1:0.0.0.0:38095, s2:0.0.0.0:39611], old=null RUNNING
  s0:  RUNNING CANDIDATE s0@group-A1B89BB4020A:t3, leader=null, voted=s0, raftlog=s0@group-A1B89BB4020A-SegmentedRaftLog:OPENED:c-1,f-1,i0, conf=-1: [s3:0.0.0.0:34761, s4:0.0.0.0:42956, s0:0.0.0.0:35561, s1:0.0.0.0:38095, s2:0.0.0.0:39611], old=null RUNNING
  s1:  RUNNING CANDIDATE s1@group-A1B89BB4020A:t3, leader=null, voted=s1, raftlog=s1@group-A1B89BB4020A-SegmentedRaftLog:OPENED:c-1,f-1,i0, conf=-1: [s3:0.0.0.0:34761, s4:0.0.0.0:42956, s0:0.0.0.0:35561, s1:0.0.0.0:38095, s2:0.0.0.0:39611], old=null RUNNING
  s2:  RUNNING CANDIDATE s2@group-A1B89BB4020A:t3, leader=null, voted=s2, raftlog=s2@group-A1B89BB4020A-SegmentedRaftLog:OPENED:c-1,f-1,i0, conf=-1: [s3:0.0.0.0:34761, s4:0.0.0.0:42956, s0:0.0.0.0:35561, s1:0.0.0.0:38095, s2:0.0.0.0:39611], old=null RUNNING, sleep 450ms and then retry.
java.lang.IllegalStateException: No leader yet : printing ALL groups
  s3:  RUNNING CANDIDATE s3@group-A1B89BB4020A:t3, leader=null, voted=s3, raftlog=s3@group-A1B89BB4020A-SegmentedRaftLog:OPENED:c-1,f-1,i0, conf=-1: [s3:0.0.0.0:34761, s4:0.0.0.0:42956, s0:0.0.0.0:35561, s1:0.0.0.0:38095, s2:0.0.0.0:39611], old=null RUNNING
  s4:  RUNNING CANDIDATE s4@group-A1B89BB4020A:t3, leader=null, voted=s4, raftlog=s4@group-A1B89BB4020A-SegmentedRaftLog:OPENED:c-1,f-1,i0, conf=-1: [s3:0.0.0.0:34761, s4:0.0.0.0:42956, s0:0.0.0.0:35561, s1:0.0.0.0:38095, s2:0.0.0.0:39611], old=null RUNNING
  s0:  RUNNING CANDIDATE s0@group-A1B89BB4020A:t3, leader=null, voted=s0, raftlog=s0@group-A1B89BB4020A-SegmentedRaftLog:OPENED:c-1,f-1,i0, conf=-1: [s3:0.0.0.0:34761, s4:0.0.0.0:42956, s0:0.0.0.0:35561, s1:0.0.0.0:38095, s2:0.0.0.0:39611], old=null RUNNING
  s1:  RUNNING CANDIDATE s1@group-A1B89BB4020A:t3, leader=null, voted=s1, raftlog=s1@group-A1B89BB4020A-SegmentedRaftLog:OPENED:c-1,f-1,i0, conf=-1: [s3:0.0.0.0:34761, s4:0.0.0.0:42956, s0:0.0.0.0:35561, s1:0.0.0.0:38095, s2:0.0.0.0:39611], old=null RUNNING
  s2:  RUNNING CANDIDATE s2@group-A1B89BB4020A:t3, leader=null, voted=s2, raftlog=s2@group-A1B89BB4020A-SegmentedRaftLog:OPENED:c-1,f-1,i0, conf=-1: [s3:0.0.0.0:34761, s4:0.0.0.0:42956, s0:0.0.0.0:35561, s1:0.0.0.0:38095, s2:0.0.0.0:39611], old=null RUNNING
	at org.apache.ratis.MiniRaftCluster.newIllegalStateExceptionForNoLeaders(MiniRaftCluster.java:506)
	at org.apache.ratis.RaftTestUtil.lambda$waitForLeader$1(RaftTestUtil.java:90)
	at org.apache.ratis.MiniRaftCluster.getLeader(MiniRaftCluster.java:539)
	at org.apache.ratis.MiniRaftCluster.getLeader(MiniRaftCluster.java:532)
	at org.apache.ratis.RaftTestUtil.lambda$waitForLeader$3(RaftTestUtil.java:98)
	at org.apache.ratis.util.JavaUtils.attempt(JavaUtils.java:152)
	at org.apache.ratis.RaftTestUtil.waitForLeader(RaftTestUtil.java:97)
	at org.apache.ratis.RaftTestUtil.waitForLeader(RaftTestUtil.java:77)
	at org.apache.ratis.RaftTestUtil.waitForLeader(RaftTestUtil.java:72)
	at org.apache.ratis.RaftBasicTests.runTestOldLeaderNotCommit(RaftBasicTests.java:218)
	at org.apache.ratis.MiniRaftCluster$Factory$Get.runWithNewCluster(MiniRaftCluster.java:125)
	at org.apache.ratis.MiniRaftCluster$Factory$Get.runWithNewCluster(MiniRaftCluster.java:113)
	at org.apache.ratis.RaftBasicTests.testOldLeaderNotCommit(RaftBasicTests.java:214)
	at sun.reflect.NativeMethodAccessorImpl.invoke0(Native Method)
	at sun.reflect.NativeMethodAccessorImpl.invoke(NativeMethodAccessorImpl.java:62)
	at sun.reflect.DelegatingMethodAccessorImpl.invoke(DelegatingMethodAccessorImpl.java:43)
	at java.lang.reflect.Method.invoke(Method.java:498)
	at org.junit.runners.model.FrameworkMethod$1.runReflectiveCall(FrameworkMethod.java:50)
	at org.junit.internal.runners.model.ReflectiveCallable.run(ReflectiveCallable.java:12)
	at org.junit.runners.model.FrameworkMethod.invokeExplosively(FrameworkMethod.java:47)
	at org.junit.internal.runners.statements.InvokeMethod.evaluate(InvokeMethod.java:17)
	at org.junit.internal.runners.statements.RunAfters.evaluate(RunAfters.java:27)
	at org.junit.internal.runners.statements.FailOnTimeout$CallableStatement.call(FailOnTimeout.java:298)
	at org.junit.internal.runners.statements.FailOnTimeout$CallableStatement.call(FailOnTimeout.java:292)
	at java.util.concurrent.FutureTask.run(FutureTask.java:266)
	at java.lang.Thread.run(Thread.java:748)
2019-09-24 16:44:14,762 WARN  ratis.RaftTestUtil (JavaUtils.java:attempt(158)) - FAILED "waitForLeader-null-(expectLeader? true)", attempt #21/100: java.lang.IllegalStateException: No leader yet : printing ALL groups
  s3:  RUNNING CANDIDATE s3@group-A1B89BB4020A:t3, leader=null, voted=s3, raftlog=s3@group-A1B89BB4020A-SegmentedRaftLog:OPENED:c-1,f-1,i0, conf=-1: [s3:0.0.0.0:34761, s4:0.0.0.0:42956, s0:0.0.0.0:35561, s1:0.0.0.0:38095, s2:0.0.0.0:39611], old=null RUNNING
  s4:  RUNNING CANDIDATE s4@group-A1B89BB4020A:t3, leader=null, voted=s4, raftlog=s4@group-A1B89BB4020A-SegmentedRaftLog:OPENED:c-1,f-1,i0, conf=-1: [s3:0.0.0.0:34761, s4:0.0.0.0:42956, s0:0.0.0.0:35561, s1:0.0.0.0:38095, s2:0.0.0.0:39611], old=null RUNNING
  s0:  RUNNING CANDIDATE s0@group-A1B89BB4020A:t3, leader=null, voted=s0, raftlog=s0@group-A1B89BB4020A-SegmentedRaftLog:OPENED:c-1,f-1,i0, conf=-1: [s3:0.0.0.0:34761, s4:0.0.0.0:42956, s0:0.0.0.0:35561, s1:0.0.0.0:38095, s2:0.0.0.0:39611], old=null RUNNING
  s1:  RUNNING CANDIDATE s1@group-A1B89BB4020A:t3, leader=null, voted=s1, raftlog=s1@group-A1B89BB4020A-SegmentedRaftLog:OPENED:c-1,f-1,i0, conf=-1: [s3:0.0.0.0:34761, s4:0.0.0.0:42956, s0:0.0.0.0:35561, s1:0.0.0.0:38095, s2:0.0.0.0:39611], old=null RUNNING
  s2:  RUNNING CANDIDATE s2@group-A1B89BB4020A:t3, leader=null, voted=s2, raftlog=s2@group-A1B89BB4020A-SegmentedRaftLog:OPENED:c-1,f-1,i0, conf=-1: [s3:0.0.0.0:34761, s4:0.0.0.0:42956, s0:0.0.0.0:35561, s1:0.0.0.0:38095, s2:0.0.0.0:39611], old=null RUNNING, sleep 450ms and then retry.
java.lang.IllegalStateException: No leader yet : printing ALL groups
  s3:  RUNNING CANDIDATE s3@group-A1B89BB4020A:t3, leader=null, voted=s3, raftlog=s3@group-A1B89BB4020A-SegmentedRaftLog:OPENED:c-1,f-1,i0, conf=-1: [s3:0.0.0.0:34761, s4:0.0.0.0:42956, s0:0.0.0.0:35561, s1:0.0.0.0:38095, s2:0.0.0.0:39611], old=null RUNNING
  s4:  RUNNING CANDIDATE s4@group-A1B89BB4020A:t3, leader=null, voted=s4, raftlog=s4@group-A1B89BB4020A-SegmentedRaftLog:OPENED:c-1,f-1,i0, conf=-1: [s3:0.0.0.0:34761, s4:0.0.0.0:42956, s0:0.0.0.0:35561, s1:0.0.0.0:38095, s2:0.0.0.0:39611], old=null RUNNING
  s0:  RUNNING CANDIDATE s0@group-A1B89BB4020A:t3, leader=null, voted=s0, raftlog=s0@group-A1B89BB4020A-SegmentedRaftLog:OPENED:c-1,f-1,i0, conf=-1: [s3:0.0.0.0:34761, s4:0.0.0.0:42956, s0:0.0.0.0:35561, s1:0.0.0.0:38095, s2:0.0.0.0:39611], old=null RUNNING
  s1:  RUNNING CANDIDATE s1@group-A1B89BB4020A:t3, leader=null, voted=s1, raftlog=s1@group-A1B89BB4020A-SegmentedRaftLog:OPENED:c-1,f-1,i0, conf=-1: [s3:0.0.0.0:34761, s4:0.0.0.0:42956, s0:0.0.0.0:35561, s1:0.0.0.0:38095, s2:0.0.0.0:39611], old=null RUNNING
  s2:  RUNNING CANDIDATE s2@group-A1B89BB4020A:t3, leader=null, voted=s2, raftlog=s2@group-A1B89BB4020A-SegmentedRaftLog:OPENED:c-1,f-1,i0, conf=-1: [s3:0.0.0.0:34761, s4:0.0.0.0:42956, s0:0.0.0.0:35561, s1:0.0.0.0:38095, s2:0.0.0.0:39611], old=null RUNNING
	at org.apache.ratis.MiniRaftCluster.newIllegalStateExceptionForNoLeaders(MiniRaftCluster.java:506)
	at org.apache.ratis.RaftTestUtil.lambda$waitForLeader$1(RaftTestUtil.java:90)
	at org.apache.ratis.MiniRaftCluster.getLeader(MiniRaftCluster.java:539)
	at org.apache.ratis.MiniRaftCluster.getLeader(MiniRaftCluster.java:532)
	at org.apache.ratis.RaftTestUtil.lambda$waitForLeader$3(RaftTestUtil.java:98)
	at org.apache.ratis.util.JavaUtils.attempt(JavaUtils.java:152)
	at org.apache.ratis.RaftTestUtil.waitForLeader(RaftTestUtil.java:97)
	at org.apache.ratis.RaftTestUtil.waitForLeader(RaftTestUtil.java:77)
	at org.apache.ratis.RaftTestUtil.waitForLeader(RaftTestUtil.java:72)
	at org.apache.ratis.RaftBasicTests.runTestOldLeaderNotCommit(RaftBasicTests.java:218)
	at org.apache.ratis.MiniRaftCluster$Factory$Get.runWithNewCluster(MiniRaftCluster.java:125)
	at org.apache.ratis.MiniRaftCluster$Factory$Get.runWithNewCluster(MiniRaftCluster.java:113)
	at org.apache.ratis.RaftBasicTests.testOldLeaderNotCommit(RaftBasicTests.java:214)
	at sun.reflect.NativeMethodAccessorImpl.invoke0(Native Method)
	at sun.reflect.NativeMethodAccessorImpl.invoke(NativeMethodAccessorImpl.java:62)
	at sun.reflect.DelegatingMethodAccessorImpl.invoke(DelegatingMethodAccessorImpl.java:43)
	at java.lang.reflect.Method.invoke(Method.java:498)
	at org.junit.runners.model.FrameworkMethod$1.runReflectiveCall(FrameworkMethod.java:50)
	at org.junit.internal.runners.model.ReflectiveCallable.run(ReflectiveCallable.java:12)
	at org.junit.runners.model.FrameworkMethod.invokeExplosively(FrameworkMethod.java:47)
	at org.junit.internal.runners.statements.InvokeMethod.evaluate(InvokeMethod.java:17)
	at org.junit.internal.runners.statements.RunAfters.evaluate(RunAfters.java:27)
	at org.junit.internal.runners.statements.FailOnTimeout$CallableStatement.call(FailOnTimeout.java:298)
	at org.junit.internal.runners.statements.FailOnTimeout$CallableStatement.call(FailOnTimeout.java:292)
	at java.util.concurrent.FutureTask.run(FutureTask.java:266)
	at java.lang.Thread.run(Thread.java:748)
2019-09-24 16:44:15,090 INFO  impl.LeaderElection (LeaderElection.java:askForVotes(178)) - s1@group-A1B89BB4020A-LeaderElection141: begin an election at term 3 for -1: [s3:0.0.0.0:34761, s4:0.0.0.0:42956, s0:0.0.0.0:35561, s1:0.0.0.0:38095, s2:0.0.0.0:39611], old=null
2019-09-24 16:44:15,090 INFO  impl.LeaderElection (LeaderElection.java:askForVotes(178)) - s3@group-A1B89BB4020A-LeaderElection143: begin an election at term 3 for -1: [s3:0.0.0.0:34761, s4:0.0.0.0:42956, s0:0.0.0.0:35561, s1:0.0.0.0:38095, s2:0.0.0.0:39611], old=null
2019-09-24 16:44:15,090 INFO  impl.LeaderElection (LeaderElection.java:askForVotes(178)) - s2@group-A1B89BB4020A-LeaderElection140: begin an election at term 3 for -1: [s3:0.0.0.0:34761, s4:0.0.0.0:42956, s0:0.0.0.0:35561, s1:0.0.0.0:38095, s2:0.0.0.0:39611], old=null
2019-09-24 16:44:15,090 INFO  impl.LeaderElection (LeaderElection.java:askForVotes(178)) - s0@group-A1B89BB4020A-LeaderElection142: begin an election at term 3 for -1: [s3:0.0.0.0:34761, s4:0.0.0.0:42956, s0:0.0.0.0:35561, s1:0.0.0.0:38095, s2:0.0.0.0:39611], old=null
2019-09-24 16:44:15,090 INFO  impl.LeaderElection (LeaderElection.java:askForVotes(178)) - s4@group-A1B89BB4020A-LeaderElection144: begin an election at term 3 for -1: [s3:0.0.0.0:34761, s4:0.0.0.0:42956, s0:0.0.0.0:35561, s1:0.0.0.0:38095, s2:0.0.0.0:39611], old=null
2019-09-24 16:44:15,092 DEBUG impl.RaftServerImpl (RaftServerImpl.java:requestVote(743)) - s3@group-A1B89BB4020A: receive requestVote(s1, group-A1B89BB4020A, 3, (t:0, i:0))
2019-09-24 16:44:15,092 DEBUG impl.RaftServerImpl (RaftServerImpl.java:requestVote(743)) - s4@group-A1B89BB4020A: receive requestVote(s1, group-A1B89BB4020A, 3, (t:0, i:0))
2019-09-24 16:44:15,092 DEBUG impl.RaftServerImpl (RaftServerImpl.java:requestVote(743)) - s3@group-A1B89BB4020A: receive requestVote(s0, group-A1B89BB4020A, 3, (t:0, i:0))
2019-09-24 16:44:15,092 DEBUG impl.RaftServerImpl (RaftServerImpl.java:requestVote(743)) - s4@group-A1B89BB4020A: receive requestVote(s3, group-A1B89BB4020A, 3, (t:0, i:0))
2019-09-24 16:44:15,093 DEBUG impl.RaftServerImpl (RaftServerImpl.java:requestVote(743)) - s1@group-A1B89BB4020A: receive requestVote(s4, group-A1B89BB4020A, 3, (t:0, i:0))
2019-09-24 16:44:15,093 DEBUG impl.RaftServerImpl (RaftServerImpl.java:requestVote(743)) - s4@group-A1B89BB4020A: receive requestVote(s0, group-A1B89BB4020A, 3, (t:0, i:0))
2019-09-24 16:44:15,093 DEBUG impl.RaftServerImpl (RaftServerImpl.java:requestVote(743)) - s0@group-A1B89BB4020A: receive requestVote(s3, group-A1B89BB4020A, 3, (t:0, i:0))
2019-09-24 16:44:15,093 DEBUG impl.RaftServerImpl (RaftServerImpl.java:requestVote(743)) - s0@group-A1B89BB4020A: receive requestVote(s1, group-A1B89BB4020A, 3, (t:0, i:0))
2019-09-24 16:44:15,093 DEBUG impl.RaftServerImpl (RaftServerImpl.java:requestVote(743)) - s0@group-A1B89BB4020A: receive requestVote(s4, group-A1B89BB4020A, 3, (t:0, i:0))
2019-09-24 16:44:15,093 DEBUG impl.RaftServerImpl (RaftServerImpl.java:requestVote(775)) - s4@group-A1B89BB4020A replies to vote request: s1<-s4#0:FAIL-t3. Peer's state: s4@group-A1B89BB4020A:t3, leader=null, voted=s4, raftlog=s4@group-A1B89BB4020A-SegmentedRaftLog:OPENED:c-1,f-1,i0, conf=-1: [s3:0.0.0.0:34761, s4:0.0.0.0:42956, s0:0.0.0.0:35561, s1:0.0.0.0:38095, s2:0.0.0.0:39611], old=null
2019-09-24 16:44:15,093 DEBUG impl.RaftServerImpl (RaftServerImpl.java:requestVote(743)) - s3@group-A1B89BB4020A: receive requestVote(s2, group-A1B89BB4020A, 3, (t:0, i:0))
2019-09-24 16:44:15,092 DEBUG impl.RaftServerImpl (RaftServerImpl.java:requestVote(743)) - s3@group-A1B89BB4020A: receive requestVote(s4, group-A1B89BB4020A, 3, (t:0, i:0))
2019-09-24 16:44:15,092 DEBUG impl.RaftServerImpl (RaftServerImpl.java:requestVote(775)) - s3@group-A1B89BB4020A replies to vote request: s1<-s3#0:FAIL-t3. Peer's state: s3@group-A1B89BB4020A:t3, leader=null, voted=s3, raftlog=s3@group-A1B89BB4020A-SegmentedRaftLog:OPENED:c-1,f-1,i0, conf=-1: [s3:0.0.0.0:34761, s4:0.0.0.0:42956, s0:0.0.0.0:35561, s1:0.0.0.0:38095, s2:0.0.0.0:39611], old=null
2019-09-24 16:44:15,096 DEBUG impl.RaftServerImpl (RaftServerImpl.java:requestVote(775)) - s4@group-A1B89BB4020A replies to vote request: s0<-s4#0:FAIL-t3. Peer's state: s4@group-A1B89BB4020A:t3, leader=null, voted=s4, raftlog=s4@group-A1B89BB4020A-SegmentedRaftLog:OPENED:c-1,f-1,i0, conf=-1: [s3:0.0.0.0:34761, s4:0.0.0.0:42956, s0:0.0.0.0:35561, s1:0.0.0.0:38095, s2:0.0.0.0:39611], old=null
2019-09-24 16:44:15,095 DEBUG impl.RaftServerImpl (RaftServerImpl.java:requestVote(743)) - s1@group-A1B89BB4020A: receive requestVote(s2, group-A1B89BB4020A, 3, (t:0, i:0))
2019-09-24 16:44:15,095 DEBUG impl.RaftServerImpl (RaftServerImpl.java:requestVote(775)) - s0@group-A1B89BB4020A replies to vote request: s3<-s0#0:FAIL-t3. Peer's state: s0@group-A1B89BB4020A:t3, leader=null, voted=s0, raftlog=s0@group-A1B89BB4020A-SegmentedRaftLog:OPENED:c-1,f-1,i0, conf=-1: [s3:0.0.0.0:34761, s4:0.0.0.0:42956, s0:0.0.0.0:35561, s1:0.0.0.0:38095, s2:0.0.0.0:39611], old=null
2019-09-24 16:44:15,094 DEBUG impl.RaftServerImpl (RaftServerImpl.java:requestVote(743)) - s0@group-A1B89BB4020A: receive requestVote(s2, group-A1B89BB4020A, 3, (t:0, i:0))
2019-09-24 16:44:15,094 DEBUG impl.RaftServerImpl (RaftServerImpl.java:requestVote(743)) - s2@group-A1B89BB4020A: receive requestVote(s0, group-A1B89BB4020A, 3, (t:0, i:0))
2019-09-24 16:44:15,094 DEBUG impl.RaftServerImpl (RaftServerImpl.java:requestVote(743)) - s1@group-A1B89BB4020A: receive requestVote(s0, group-A1B89BB4020A, 3, (t:0, i:0))
2019-09-24 16:44:15,094 DEBUG impl.RaftServerImpl (RaftServerImpl.java:requestVote(775)) - s1@group-A1B89BB4020A replies to vote request: s4<-s1#0:FAIL-t3. Peer's state: s1@group-A1B89BB4020A:t3, leader=null, voted=s1, raftlog=s1@group-A1B89BB4020A-SegmentedRaftLog:OPENED:c-1,f-1,i0, conf=-1: [s3:0.0.0.0:34761, s4:0.0.0.0:42956, s0:0.0.0.0:35561, s1:0.0.0.0:38095, s2:0.0.0.0:39611], old=null
2019-09-24 16:44:15,094 DEBUG impl.RaftServerImpl (RaftServerImpl.java:requestVote(743)) - s4@group-A1B89BB4020A: receive requestVote(s2, group-A1B89BB4020A, 3, (t:0, i:0))
2019-09-24 16:44:15,094 DEBUG impl.RaftServerImpl (RaftServerImpl.java:requestVote(743)) - s2@group-A1B89BB4020A: receive requestVote(s1, group-A1B89BB4020A, 3, (t:0, i:0))
2019-09-24 16:44:15,099 DEBUG impl.RaftServerImpl (RaftServerImpl.java:requestVote(775)) - s1@group-A1B89BB4020A replies to vote request: s0<-s1#0:FAIL-t3. Peer's state: s1@group-A1B89BB4020A:t3, leader=null, voted=s1, raftlog=s1@group-A1B89BB4020A-SegmentedRaftLog:OPENED:c-1,f-1,i0, conf=-1: [s3:0.0.0.0:34761, s4:0.0.0.0:42956, s0:0.0.0.0:35561, s1:0.0.0.0:38095, s2:0.0.0.0:39611], old=null
2019-09-24 16:44:15,098 DEBUG impl.RaftServerImpl (RaftServerImpl.java:requestVote(775)) - s2@group-A1B89BB4020A replies to vote request: s0<-s2#0:FAIL-t3. Peer's state: s2@group-A1B89BB4020A:t3, leader=null, voted=s2, raftlog=s2@group-A1B89BB4020A-SegmentedRaftLog:OPENED:c-1,f-1,i0, conf=-1: [s3:0.0.0.0:34761, s4:0.0.0.0:42956, s0:0.0.0.0:35561, s1:0.0.0.0:38095, s2:0.0.0.0:39611], old=null
2019-09-24 16:44:15,097 DEBUG impl.RaftServerImpl (RaftServerImpl.java:requestVote(775)) - s0@group-A1B89BB4020A replies to vote request: s4<-s0#0:FAIL-t3. Peer's state: s0@group-A1B89BB4020A:t3, leader=null, voted=s0, raftlog=s0@group-A1B89BB4020A-SegmentedRaftLog:OPENED:c-1,f-1,i0, conf=-1: [s3:0.0.0.0:34761, s4:0.0.0.0:42956, s0:0.0.0.0:35561, s1:0.0.0.0:38095, s2:0.0.0.0:39611], old=null
2019-09-24 16:44:15,097 DEBUG impl.RaftServerImpl (RaftServerImpl.java:requestVote(775)) - s4@group-A1B89BB4020A replies to vote request: s3<-s4#0:FAIL-t3. Peer's state: s4@group-A1B89BB4020A:t3, leader=null, voted=s4, raftlog=s4@group-A1B89BB4020A-SegmentedRaftLog:OPENED:c-1,f-1,i0, conf=-1: [s3:0.0.0.0:34761, s4:0.0.0.0:42956, s0:0.0.0.0:35561, s1:0.0.0.0:38095, s2:0.0.0.0:39611], old=null
2019-09-24 16:44:15,096 DEBUG impl.RaftServerImpl (RaftServerImpl.java:requestVote(775)) - s3@group-A1B89BB4020A replies to vote request: s4<-s3#0:FAIL-t3. Peer's state: s3@group-A1B89BB4020A:t3, leader=null, voted=s3, raftlog=s3@group-A1B89BB4020A-SegmentedRaftLog:OPENED:c-1,f-1,i0, conf=-1: [s3:0.0.0.0:34761, s4:0.0.0.0:42956, s0:0.0.0.0:35561, s1:0.0.0.0:38095, s2:0.0.0.0:39611], old=null
2019-09-24 16:44:15,101 DEBUG impl.RaftServerImpl (RaftServerImpl.java:requestVote(775)) - s4@group-A1B89BB4020A replies to vote request: s2<-s4#0:FAIL-t3. Peer's state: s4@group-A1B89BB4020A:t3, leader=null, voted=s4, raftlog=s4@group-A1B89BB4020A-SegmentedRaftLog:OPENED:c-1,f-1,i0, conf=-1: [s3:0.0.0.0:34761, s4:0.0.0.0:42956, s0:0.0.0.0:35561, s1:0.0.0.0:38095, s2:0.0.0.0:39611], old=null
2019-09-24 16:44:15,101 DEBUG impl.RaftServerImpl (RaftServerImpl.java:requestVote(775)) - s0@group-A1B89BB4020A replies to vote request: s1<-s0#0:FAIL-t3. Peer's state: s0@group-A1B89BB4020A:t3, leader=null, voted=s0, raftlog=s0@group-A1B89BB4020A-SegmentedRaftLog:OPENED:c-1,f-1,i0, conf=-1: [s3:0.0.0.0:34761, s4:0.0.0.0:42956, s0:0.0.0.0:35561, s1:0.0.0.0:38095, s2:0.0.0.0:39611], old=null
2019-09-24 16:44:15,100 DEBUG impl.RaftServerImpl (RaftServerImpl.java:requestVote(775)) - s2@group-A1B89BB4020A replies to vote request: s1<-s2#0:FAIL-t3. Peer's state: s2@group-A1B89BB4020A:t3, leader=null, voted=s2, raftlog=s2@group-A1B89BB4020A-SegmentedRaftLog:OPENED:c-1,f-1,i0, conf=-1: [s3:0.0.0.0:34761, s4:0.0.0.0:42956, s0:0.0.0.0:35561, s1:0.0.0.0:38095, s2:0.0.0.0:39611], old=null
2019-09-24 16:44:15,100 DEBUG impl.RaftServerImpl (RaftServerImpl.java:requestVote(775)) - s1@group-A1B89BB4020A replies to vote request: s2<-s1#0:FAIL-t3. Peer's state: s1@group-A1B89BB4020A:t3, leader=null, voted=s1, raftlog=s1@group-A1B89BB4020A-SegmentedRaftLog:OPENED:c-1,f-1,i0, conf=-1: [s3:0.0.0.0:34761, s4:0.0.0.0:42956, s0:0.0.0.0:35561, s1:0.0.0.0:38095, s2:0.0.0.0:39611], old=null
2019-09-24 16:44:15,102 DEBUG impl.RaftServerImpl (RaftServerImpl.java:requestVote(775)) - s0@group-A1B89BB4020A replies to vote request: s2<-s0#0:FAIL-t3. Peer's state: s0@group-A1B89BB4020A:t3, leader=null, voted=s0, raftlog=s0@group-A1B89BB4020A-SegmentedRaftLog:OPENED:c-1,f-1,i0, conf=-1: [s3:0.0.0.0:34761, s4:0.0.0.0:42956, s0:0.0.0.0:35561, s1:0.0.0.0:38095, s2:0.0.0.0:39611], old=null
2019-09-24 16:44:15,102 DEBUG impl.RaftServerImpl (RaftServerImpl.java:requestVote(743)) - s2@group-A1B89BB4020A: receive requestVote(s4, group-A1B89BB4020A, 3, (t:0, i:0))
2019-09-24 16:44:15,101 DEBUG impl.RaftServerImpl (RaftServerImpl.java:requestVote(775)) - s3@group-A1B89BB4020A replies to vote request: s2<-s3#0:FAIL-t3. Peer's state: s3@group-A1B89BB4020A:t3, leader=null, voted=s3, raftlog=s3@group-A1B89BB4020A-SegmentedRaftLog:OPENED:c-1,f-1,i0, conf=-1: [s3:0.0.0.0:34761, s4:0.0.0.0:42956, s0:0.0.0.0:35561, s1:0.0.0.0:38095, s2:0.0.0.0:39611], old=null
2019-09-24 16:44:15,103 DEBUG impl.RaftServerImpl (RaftServerImpl.java:requestVote(775)) - s2@group-A1B89BB4020A replies to vote request: s4<-s2#0:FAIL-t3. Peer's state: s2@group-A1B89BB4020A:t3, leader=null, voted=s2, raftlog=s2@group-A1B89BB4020A-SegmentedRaftLog:OPENED:c-1,f-1,i0, conf=-1: [s3:0.0.0.0:34761, s4:0.0.0.0:42956, s0:0.0.0.0:35561, s1:0.0.0.0:38095, s2:0.0.0.0:39611], old=null
2019-09-24 16:44:15,103 INFO  impl.LeaderElection (LeaderElection.java:logAndReturn(56)) - s1@group-A1B89BB4020A-LeaderElection141: Election REJECTED; received 4 response(s) [s1<-s3#0:FAIL-t3, s1<-s4#0:FAIL-t3, s1<-s0#0:FAIL-t3, s1<-s2#0:FAIL-t3] and 0 exception(s); s1@group-A1B89BB4020A:t3, leader=null, voted=s1, raftlog=s1@group-A1B89BB4020A-SegmentedRaftLog:OPENED:c-1,f-1,i0, conf=-1: [s3:0.0.0.0:34761, s4:0.0.0.0:42956, s0:0.0.0.0:35561, s1:0.0.0.0:38095, s2:0.0.0.0:39611], old=null
2019-09-24 16:44:15,104 INFO  impl.LeaderElection (LeaderElection.java:logAndReturn(56)) - s2@group-A1B89BB4020A-LeaderElection140: Election REJECTED; received 4 response(s) [s2<-s3#0:FAIL-t3, s2<-s4#0:FAIL-t3, s2<-s0#0:FAIL-t3, s2<-s1#0:FAIL-t3] and 0 exception(s); s2@group-A1B89BB4020A:t3, leader=null, voted=s2, raftlog=s2@group-A1B89BB4020A-SegmentedRaftLog:OPENED:c-1,f-1,i0, conf=-1: [s3:0.0.0.0:34761, s4:0.0.0.0:42956, s0:0.0.0.0:35561, s1:0.0.0.0:38095, s2:0.0.0.0:39611], old=null
2019-09-24 16:44:15,104 DEBUG impl.RaftServerImpl (RaftServerImpl.java:requestVote(775)) - s3@group-A1B89BB4020A replies to vote request: s0<-s3#0:FAIL-t3. Peer's state: s3@group-A1B89BB4020A:t3, leader=null, voted=s3, raftlog=s3@group-A1B89BB4020A-SegmentedRaftLog:OPENED:c-1,f-1,i0, conf=-1: [s3:0.0.0.0:34761, s4:0.0.0.0:42956, s0:0.0.0.0:35561, s1:0.0.0.0:38095, s2:0.0.0.0:39611], old=null
2019-09-24 16:44:15,104 INFO  impl.RaftServerImpl (RaftServerImpl.java:setRole(170)) - s2@group-A1B89BB4020A: changes role from CANDIDATE to FOLLOWER at term 3 for DISCOVERED_A_NEW_TERM
2019-09-24 16:44:15,104 INFO  impl.LeaderElection (LeaderElection.java:logAndReturn(56)) - s4@group-A1B89BB4020A-LeaderElection144: Election REJECTED; received 4 response(s) [s4<-s3#0:FAIL-t3, s4<-s0#0:FAIL-t3, s4<-s1#0:FAIL-t3, s4<-s2#0:FAIL-t3] and 0 exception(s); s4@group-A1B89BB4020A:t3, leader=null, voted=s4, raftlog=s4@group-A1B89BB4020A-SegmentedRaftLog:OPENED:c-1,f-1,i0, conf=-1: [s3:0.0.0.0:34761, s4:0.0.0.0:42956, s0:0.0.0.0:35561, s1:0.0.0.0:38095, s2:0.0.0.0:39611], old=null
2019-09-24 16:44:15,104 INFO  impl.RaftServerImpl (RaftServerImpl.java:setRole(170)) - s1@group-A1B89BB4020A: changes role from CANDIDATE to FOLLOWER at term 3 for DISCOVERED_A_NEW_TERM
2019-09-24 16:44:15,105 INFO  impl.LeaderElection (LeaderElection.java:logAndReturn(56)) - s0@group-A1B89BB4020A-LeaderElection142: Election REJECTED; received 4 response(s) [s0<-s3#0:FAIL-t3, s0<-s4#0:FAIL-t3, s0<-s1#0:FAIL-t3, s0<-s2#0:FAIL-t3] and 0 exception(s); s0@group-A1B89BB4020A:t3, leader=null, voted=s0, raftlog=s0@group-A1B89BB4020A-SegmentedRaftLog:OPENED:c-1,f-1,i0, conf=-1: [s3:0.0.0.0:34761, s4:0.0.0.0:42956, s0:0.0.0.0:35561, s1:0.0.0.0:38095, s2:0.0.0.0:39611], old=null
2019-09-24 16:44:15,105 INFO  impl.RoleInfo (RoleInfo.java:shutdownLeaderElection(134)) - s2: shutdown LeaderElection
2019-09-24 16:44:15,106 INFO  impl.RaftServerImpl (RaftServerImpl.java:setRole(170)) - s0@group-A1B89BB4020A: changes role from CANDIDATE to FOLLOWER at term 3 for DISCOVERED_A_NEW_TERM
2019-09-24 16:44:15,106 DEBUG impl.RaftServerImpl (RaftServerImpl.java:requestVote(743)) - s1@group-A1B89BB4020A: receive requestVote(s3, group-A1B89BB4020A, 3, (t:0, i:0))
2019-09-24 16:44:15,105 INFO  impl.RoleInfo (RoleInfo.java:shutdownLeaderElection(134)) - s1: shutdown LeaderElection
2019-09-24 16:44:15,105 INFO  impl.RaftServerImpl (RaftServerImpl.java:setRole(170)) - s4@group-A1B89BB4020A: changes role from CANDIDATE to FOLLOWER at term 3 for DISCOVERED_A_NEW_TERM
2019-09-24 16:44:15,107 INFO  impl.RoleInfo (RoleInfo.java:updateAndGet(143)) - s1: start FollowerState
2019-09-24 16:44:15,106 DEBUG impl.RaftServerImpl (RaftServerImpl.java:requestVote(743)) - s2@group-A1B89BB4020A: receive requestVote(s3, group-A1B89BB4020A, 3, (t:0, i:0))
2019-09-24 16:44:15,106 INFO  impl.RoleInfo (RoleInfo.java:shutdownLeaderElection(134)) - s0: shutdown LeaderElection
2019-09-24 16:44:15,107 INFO  impl.RoleInfo (RoleInfo.java:updateAndGet(143)) - s0: start FollowerState
2019-09-24 16:44:15,106 INFO  impl.RoleInfo (RoleInfo.java:updateAndGet(143)) - s2: start FollowerState
2019-09-24 16:44:15,107 DEBUG impl.RaftServerImpl (RaftServerImpl.java:requestVote(775)) - s1@group-A1B89BB4020A replies to vote request: s3<-s1#0:FAIL-t3. Peer's state: s1@group-A1B89BB4020A:t3, leader=null, voted=s1, raftlog=s1@group-A1B89BB4020A-SegmentedRaftLog:OPENED:c-1,f-1,i0, conf=-1: [s3:0.0.0.0:34761, s4:0.0.0.0:42956, s0:0.0.0.0:35561, s1:0.0.0.0:38095, s2:0.0.0.0:39611], old=null
2019-09-24 16:44:15,108 DEBUG impl.RaftServerImpl (RaftServerImpl.java:requestVote(775)) - s2@group-A1B89BB4020A replies to vote request: s3<-s2#0:FAIL-t3. Peer's state: s2@group-A1B89BB4020A:t3, leader=null, voted=s2, raftlog=s2@group-A1B89BB4020A-SegmentedRaftLog:OPENED:c-1,f-1,i0, conf=-1: [s3:0.0.0.0:34761, s4:0.0.0.0:42956, s0:0.0.0.0:35561, s1:0.0.0.0:38095, s2:0.0.0.0:39611], old=null
2019-09-24 16:44:15,107 INFO  impl.RoleInfo (RoleInfo.java:shutdownLeaderElection(134)) - s4: shutdown LeaderElection
2019-09-24 16:44:15,108 INFO  impl.RoleInfo (RoleInfo.java:updateAndGet(143)) - s4: start FollowerState
2019-09-24 16:44:15,109 INFO  impl.LeaderElection (LeaderElection.java:logAndReturn(56)) - s3@group-A1B89BB4020A-LeaderElection143: Election REJECTED; received 4 response(s) [s3<-s4#0:FAIL-t3, s3<-s0#0:FAIL-t3, s3<-s1#0:FAIL-t3, s3<-s2#0:FAIL-t3] and 0 exception(s); s3@group-A1B89BB4020A:t3, leader=null, voted=s3, raftlog=s3@group-A1B89BB4020A-SegmentedRaftLog:OPENED:c-1,f-1,i0, conf=-1: [s3:0.0.0.0:34761, s4:0.0.0.0:42956, s0:0.0.0.0:35561, s1:0.0.0.0:38095, s2:0.0.0.0:39611], old=null
2019-09-24 16:44:15,109 INFO  impl.RaftServerImpl (RaftServerImpl.java:setRole(170)) - s3@group-A1B89BB4020A: changes role from CANDIDATE to FOLLOWER at term 3 for DISCOVERED_A_NEW_TERM
2019-09-24 16:44:15,109 INFO  impl.RoleInfo (RoleInfo.java:shutdownLeaderElection(134)) - s3: shutdown LeaderElection
2019-09-24 16:44:15,109 INFO  impl.RoleInfo (RoleInfo.java:updateAndGet(143)) - s3: start FollowerState
2019-09-24 16:44:15,214 WARN  ratis.RaftTestUtil (JavaUtils.java:attempt(158)) - FAILED "waitForLeader-null-(expectLeader? true)", attempt #22/100: java.lang.IllegalStateException: No leader yet : printing ALL groups
  s3:  RUNNING  FOLLOWER s3@group-A1B89BB4020A:t3, leader=null, voted=s3, raftlog=s3@group-A1B89BB4020A-SegmentedRaftLog:OPENED:c-1,f-1,i0, conf=-1: [s3:0.0.0.0:34761, s4:0.0.0.0:42956, s0:0.0.0.0:35561, s1:0.0.0.0:38095, s2:0.0.0.0:39611], old=null RUNNING
  s4:  RUNNING  FOLLOWER s4@group-A1B89BB4020A:t3, leader=null, voted=s4, raftlog=s4@group-A1B89BB4020A-SegmentedRaftLog:OPENED:c-1,f-1,i0, conf=-1: [s3:0.0.0.0:34761, s4:0.0.0.0:42956, s0:0.0.0.0:35561, s1:0.0.0.0:38095, s2:0.0.0.0:39611], old=null RUNNING
  s0:  RUNNING  FOLLOWER s0@group-A1B89BB4020A:t3, leader=null, voted=s0, raftlog=s0@group-A1B89BB4020A-SegmentedRaftLog:OPENED:c-1,f-1,i0, conf=-1: [s3:0.0.0.0:34761, s4:0.0.0.0:42956, s0:0.0.0.0:35561, s1:0.0.0.0:38095, s2:0.0.0.0:39611], old=null RUNNING
  s1:  RUNNING  FOLLOWER s1@group-A1B89BB4020A:t3, leader=null, voted=s1, raftlog=s1@group-A1B89BB4020A-SegmentedRaftLog:OPENED:c-1,f-1,i0, conf=-1: [s3:0.0.0.0:34761, s4:0.0.0.0:42956, s0:0.0.0.0:35561, s1:0.0.0.0:38095, s2:0.0.0.0:39611], old=null RUNNING
  s2:  RUNNING  FOLLOWER s2@group-A1B89BB4020A:t3, leader=null, voted=s2, raftlog=s2@group-A1B89BB4020A-SegmentedRaftLog:OPENED:c-1,f-1,i0, conf=-1: [s3:0.0.0.0:34761, s4:0.0.0.0:42956, s0:0.0.0.0:35561, s1:0.0.0.0:38095, s2:0.0.0.0:39611], old=null RUNNING, sleep 450ms and then retry.
java.lang.IllegalStateException: No leader yet : printing ALL groups
  s3:  RUNNING  FOLLOWER s3@group-A1B89BB4020A:t3, leader=null, voted=s3, raftlog=s3@group-A1B89BB4020A-SegmentedRaftLog:OPENED:c-1,f-1,i0, conf=-1: [s3:0.0.0.0:34761, s4:0.0.0.0:42956, s0:0.0.0.0:35561, s1:0.0.0.0:38095, s2:0.0.0.0:39611], old=null RUNNING
  s4:  RUNNING  FOLLOWER s4@group-A1B89BB4020A:t3, leader=null, voted=s4, raftlog=s4@group-A1B89BB4020A-SegmentedRaftLog:OPENED:c-1,f-1,i0, conf=-1: [s3:0.0.0.0:34761, s4:0.0.0.0:42956, s0:0.0.0.0:35561, s1:0.0.0.0:38095, s2:0.0.0.0:39611], old=null RUNNING
  s0:  RUNNING  FOLLOWER s0@group-A1B89BB4020A:t3, leader=null, voted=s0, raftlog=s0@group-A1B89BB4020A-SegmentedRaftLog:OPENED:c-1,f-1,i0, conf=-1: [s3:0.0.0.0:34761, s4:0.0.0.0:42956, s0:0.0.0.0:35561, s1:0.0.0.0:38095, s2:0.0.0.0:39611], old=null RUNNING
  s1:  RUNNING  FOLLOWER s1@group-A1B89BB4020A:t3, leader=null, voted=s1, raftlog=s1@group-A1B89BB4020A-SegmentedRaftLog:OPENED:c-1,f-1,i0, conf=-1: [s3:0.0.0.0:34761, s4:0.0.0.0:42956, s0:0.0.0.0:35561, s1:0.0.0.0:38095, s2:0.0.0.0:39611], old=null RUNNING
  s2:  RUNNING  FOLLOWER s2@group-A1B89BB4020A:t3, leader=null, voted=s2, raftlog=s2@group-A1B89BB4020A-SegmentedRaftLog:OPENED:c-1,f-1,i0, conf=-1: [s3:0.0.0.0:34761, s4:0.0.0.0:42956, s0:0.0.0.0:35561, s1:0.0.0.0:38095, s2:0.0.0.0:39611], old=null RUNNING
	at org.apache.ratis.MiniRaftCluster.newIllegalStateExceptionForNoLeaders(MiniRaftCluster.java:506)
	at org.apache.ratis.RaftTestUtil.lambda$waitForLeader$1(RaftTestUtil.java:90)
	at org.apache.ratis.MiniRaftCluster.getLeader(MiniRaftCluster.java:539)
	at org.apache.ratis.MiniRaftCluster.getLeader(MiniRaftCluster.java:532)
	at org.apache.ratis.RaftTestUtil.lambda$waitForLeader$3(RaftTestUtil.java:98)
	at org.apache.ratis.util.JavaUtils.attempt(JavaUtils.java:152)
	at org.apache.ratis.RaftTestUtil.waitForLeader(RaftTestUtil.java:97)
	at org.apache.ratis.RaftTestUtil.waitForLeader(RaftTestUtil.java:77)
	at org.apache.ratis.RaftTestUtil.waitForLeader(RaftTestUtil.java:72)
	at org.apache.ratis.RaftBasicTests.runTestOldLeaderNotCommit(RaftBasicTests.java:218)
	at org.apache.ratis.MiniRaftCluster$Factory$Get.runWithNewCluster(MiniRaftCluster.java:125)
	at org.apache.ratis.MiniRaftCluster$Factory$Get.runWithNewCluster(MiniRaftCluster.java:113)
	at org.apache.ratis.RaftBasicTests.testOldLeaderNotCommit(RaftBasicTests.java:214)
	at sun.reflect.NativeMethodAccessorImpl.invoke0(Native Method)
	at sun.reflect.NativeMethodAccessorImpl.invoke(NativeMethodAccessorImpl.java:62)
	at sun.reflect.DelegatingMethodAccessorImpl.invoke(DelegatingMethodAccessorImpl.java:43)
	at java.lang.reflect.Method.invoke(Method.java:498)
	at org.junit.runners.model.FrameworkMethod$1.runReflectiveCall(FrameworkMethod.java:50)
	at org.junit.internal.runners.model.ReflectiveCallable.run(ReflectiveCallable.java:12)
	at org.junit.runners.model.FrameworkMethod.invokeExplosively(FrameworkMethod.java:47)
	at org.junit.internal.runners.statements.InvokeMethod.evaluate(InvokeMethod.java:17)
	at org.junit.internal.runners.statements.RunAfters.evaluate(RunAfters.java:27)
	at org.junit.internal.runners.statements.FailOnTimeout$CallableStatement.call(FailOnTimeout.java:298)
	at org.junit.internal.runners.statements.FailOnTimeout$CallableStatement.call(FailOnTimeout.java:292)
	at java.util.concurrent.FutureTask.run(FutureTask.java:266)
	at java.lang.Thread.run(Thread.java:748)
2019-09-24 16:44:15,258 INFO  impl.FollowerState (FollowerState.java:run(108)) - s0@group-A1B89BB4020A-FollowerState: change to CANDIDATE, lastRpcTime:150ms, electionTimeout:150ms
2019-09-24 16:44:15,258 INFO  impl.RoleInfo (RoleInfo.java:shutdownFollowerState(121)) - s0: shutdown FollowerState
2019-09-24 16:44:15,258 INFO  impl.RaftServerImpl (RaftServerImpl.java:setRole(170)) - s0@group-A1B89BB4020A: changes role from  FOLLOWER to CANDIDATE at term 3 for changeToCandidate
2019-09-24 16:44:15,258 INFO  impl.RoleInfo (RoleInfo.java:updateAndGet(143)) - s0: start LeaderElection
2019-09-24 16:44:15,290 INFO  impl.FollowerState (FollowerState.java:run(108)) - s2@group-A1B89BB4020A-FollowerState: change to CANDIDATE, lastRpcTime:184ms, electionTimeout:182ms
2019-09-24 16:44:15,291 INFO  impl.RoleInfo (RoleInfo.java:shutdownFollowerState(121)) - s2: shutdown FollowerState
2019-09-24 16:44:15,291 INFO  impl.RaftServerImpl (RaftServerImpl.java:setRole(170)) - s2@group-A1B89BB4020A: changes role from  FOLLOWER to CANDIDATE at term 3 for changeToCandidate
2019-09-24 16:44:15,291 INFO  impl.RoleInfo (RoleInfo.java:updateAndGet(143)) - s2: start LeaderElection
2019-09-24 16:44:15,320 INFO  impl.FollowerState (FollowerState.java:run(108)) - s4@group-A1B89BB4020A-FollowerState: change to CANDIDATE, lastRpcTime:211ms, electionTimeout:211ms
2019-09-24 16:44:15,321 INFO  impl.RoleInfo (RoleInfo.java:shutdownFollowerState(121)) - s4: shutdown FollowerState
2019-09-24 16:44:15,321 INFO  impl.RaftServerImpl (RaftServerImpl.java:setRole(170)) - s4@group-A1B89BB4020A: changes role from  FOLLOWER to CANDIDATE at term 3 for changeToCandidate
2019-09-24 16:44:15,321 INFO  impl.RoleInfo (RoleInfo.java:updateAndGet(143)) - s4: start LeaderElection
2019-09-24 16:44:15,364 INFO  impl.FollowerState (FollowerState.java:run(108)) - s1@group-A1B89BB4020A-FollowerState: change to CANDIDATE, lastRpcTime:257ms, electionTimeout:257ms
2019-09-24 16:44:15,365 INFO  impl.RoleInfo (RoleInfo.java:shutdownFollowerState(121)) - s1: shutdown FollowerState
2019-09-24 16:44:15,365 INFO  impl.RaftServerImpl (RaftServerImpl.java:setRole(170)) - s1@group-A1B89BB4020A: changes role from  FOLLOWER to CANDIDATE at term 3 for changeToCandidate
2019-09-24 16:44:15,365 INFO  impl.RoleInfo (RoleInfo.java:updateAndGet(143)) - s1: start LeaderElection
2019-09-24 16:44:15,388 INFO  impl.FollowerState (FollowerState.java:run(108)) - s3@group-A1B89BB4020A-FollowerState: change to CANDIDATE, lastRpcTime:278ms, electionTimeout:278ms
2019-09-24 16:44:15,388 INFO  impl.RoleInfo (RoleInfo.java:shutdownFollowerState(121)) - s3: shutdown FollowerState
2019-09-24 16:44:15,388 INFO  impl.RaftServerImpl (RaftServerImpl.java:setRole(170)) - s3@group-A1B89BB4020A: changes role from  FOLLOWER to CANDIDATE at term 3 for changeToCandidate
2019-09-24 16:44:15,389 INFO  impl.RoleInfo (RoleInfo.java:updateAndGet(143)) - s3: start LeaderElection
2019-09-24 16:44:15,665 WARN  ratis.RaftTestUtil (JavaUtils.java:attempt(158)) - FAILED "waitForLeader-null-(expectLeader? true)", attempt #23/100: java.lang.IllegalStateException: No leader yet : printing ALL groups
  s3:  RUNNING CANDIDATE s3@group-A1B89BB4020A:t4, leader=null, voted=s3, raftlog=s3@group-A1B89BB4020A-SegmentedRaftLog:OPENED:c-1,f-1,i0, conf=-1: [s3:0.0.0.0:34761, s4:0.0.0.0:42956, s0:0.0.0.0:35561, s1:0.0.0.0:38095, s2:0.0.0.0:39611], old=null RUNNING
  s4:  RUNNING CANDIDATE s4@group-A1B89BB4020A:t4, leader=null, voted=s4, raftlog=s4@group-A1B89BB4020A-SegmentedRaftLog:OPENED:c-1,f-1,i0, conf=-1: [s3:0.0.0.0:34761, s4:0.0.0.0:42956, s0:0.0.0.0:35561, s1:0.0.0.0:38095, s2:0.0.0.0:39611], old=null RUNNING
  s0:  RUNNING CANDIDATE s0@group-A1B89BB4020A:t4, leader=null, voted=s0, raftlog=s0@group-A1B89BB4020A-SegmentedRaftLog:OPENED:c-1,f-1,i0, conf=-1: [s3:0.0.0.0:34761, s4:0.0.0.0:42956, s0:0.0.0.0:35561, s1:0.0.0.0:38095, s2:0.0.0.0:39611], old=null RUNNING
  s1:  RUNNING CANDIDATE s1@group-A1B89BB4020A:t4, leader=null, voted=s1, raftlog=s1@group-A1B89BB4020A-SegmentedRaftLog:OPENED:c-1,f-1,i0, conf=-1: [s3:0.0.0.0:34761, s4:0.0.0.0:42956, s0:0.0.0.0:35561, s1:0.0.0.0:38095, s2:0.0.0.0:39611], old=null RUNNING
  s2:  RUNNING CANDIDATE s2@group-A1B89BB4020A:t4, leader=null, voted=s2, raftlog=s2@group-A1B89BB4020A-SegmentedRaftLog:OPENED:c-1,f-1,i0, conf=-1: [s3:0.0.0.0:34761, s4:0.0.0.0:42956, s0:0.0.0.0:35561, s1:0.0.0.0:38095, s2:0.0.0.0:39611], old=null RUNNING, sleep 450ms and then retry.
java.lang.IllegalStateException: No leader yet : printing ALL groups
  s3:  RUNNING CANDIDATE s3@group-A1B89BB4020A:t4, leader=null, voted=s3, raftlog=s3@group-A1B89BB4020A-SegmentedRaftLog:OPENED:c-1,f-1,i0, conf=-1: [s3:0.0.0.0:34761, s4:0.0.0.0:42956, s0:0.0.0.0:35561, s1:0.0.0.0:38095, s2:0.0.0.0:39611], old=null RUNNING
  s4:  RUNNING CANDIDATE s4@group-A1B89BB4020A:t4, leader=null, voted=s4, raftlog=s4@group-A1B89BB4020A-SegmentedRaftLog:OPENED:c-1,f-1,i0, conf=-1: [s3:0.0.0.0:34761, s4:0.0.0.0:42956, s0:0.0.0.0:35561, s1:0.0.0.0:38095, s2:0.0.0.0:39611], old=null RUNNING
  s0:  RUNNING CANDIDATE s0@group-A1B89BB4020A:t4, leader=null, voted=s0, raftlog=s0@group-A1B89BB4020A-SegmentedRaftLog:OPENED:c-1,f-1,i0, conf=-1: [s3:0.0.0.0:34761, s4:0.0.0.0:42956, s0:0.0.0.0:35561, s1:0.0.0.0:38095, s2:0.0.0.0:39611], old=null RUNNING
  s1:  RUNNING CANDIDATE s1@group-A1B89BB4020A:t4, leader=null, voted=s1, raftlog=s1@group-A1B89BB4020A-SegmentedRaftLog:OPENED:c-1,f-1,i0, conf=-1: [s3:0.0.0.0:34761, s4:0.0.0.0:42956, s0:0.0.0.0:35561, s1:0.0.0.0:38095, s2:0.0.0.0:39611], old=null RUNNING
  s2:  RUNNING CANDIDATE s2@group-A1B89BB4020A:t4, leader=null, voted=s2, raftlog=s2@group-A1B89BB4020A-SegmentedRaftLog:OPENED:c-1,f-1,i0, conf=-1: [s3:0.0.0.0:34761, s4:0.0.0.0:42956, s0:0.0.0.0:35561, s1:0.0.0.0:38095, s2:0.0.0.0:39611], old=null RUNNING
	at org.apache.ratis.MiniRaftCluster.newIllegalStateExceptionForNoLeaders(MiniRaftCluster.java:506)
	at org.apache.ratis.RaftTestUtil.lambda$waitForLeader$1(RaftTestUtil.java:90)
	at org.apache.ratis.MiniRaftCluster.getLeader(MiniRaftCluster.java:539)
	at org.apache.ratis.MiniRaftCluster.getLeader(MiniRaftCluster.java:532)
	at org.apache.ratis.RaftTestUtil.lambda$waitForLeader$3(RaftTestUtil.java:98)
	at org.apache.ratis.util.JavaUtils.attempt(JavaUtils.java:152)
	at org.apache.ratis.RaftTestUtil.waitForLeader(RaftTestUtil.java:97)
	at org.apache.ratis.RaftTestUtil.waitForLeader(RaftTestUtil.java:77)
	at org.apache.ratis.RaftTestUtil.waitForLeader(RaftTestUtil.java:72)
	at org.apache.ratis.RaftBasicTests.runTestOldLeaderNotCommit(RaftBasicTests.java:218)
	at org.apache.ratis.MiniRaftCluster$Factory$Get.runWithNewCluster(MiniRaftCluster.java:125)
	at org.apache.ratis.MiniRaftCluster$Factory$Get.runWithNewCluster(MiniRaftCluster.java:113)
	at org.apache.ratis.RaftBasicTests.testOldLeaderNotCommit(RaftBasicTests.java:214)
	at sun.reflect.NativeMethodAccessorImpl.invoke0(Native Method)
	at sun.reflect.NativeMethodAccessorImpl.invoke(NativeMethodAccessorImpl.java:62)
	at sun.reflect.DelegatingMethodAccessorImpl.invoke(DelegatingMethodAccessorImpl.java:43)
	at java.lang.reflect.Method.invoke(Method.java:498)
	at org.junit.runners.model.FrameworkMethod$1.runReflectiveCall(FrameworkMethod.java:50)
	at org.junit.internal.runners.model.ReflectiveCallable.run(ReflectiveCallable.java:12)
	at org.junit.runners.model.FrameworkMethod.invokeExplosively(FrameworkMethod.java:47)
	at org.junit.internal.runners.statements.InvokeMethod.evaluate(InvokeMethod.java:17)
	at org.junit.internal.runners.statements.RunAfters.evaluate(RunAfters.java:27)
	at org.junit.internal.runners.statements.FailOnTimeout$CallableStatement.call(FailOnTimeout.java:298)
	at org.junit.internal.runners.statements.FailOnTimeout$CallableStatement.call(FailOnTimeout.java:292)
	at java.util.concurrent.FutureTask.run(FutureTask.java:266)
	at java.lang.Thread.run(Thread.java:748)
2019-09-24 16:44:15,736 INFO  ratis.MiniRaftCluster (MiniRaftCluster.java:lambda$null$5(297)) - TIMED-PRINT: printing ALL groups
  s3:  RUNNING CANDIDATE s3@group-A1B89BB4020A:t4, leader=null, voted=s3, raftlog=s3@group-A1B89BB4020A-SegmentedRaftLog:OPENED:c-1,f-1,i0, conf=-1: [s3:0.0.0.0:34761, s4:0.0.0.0:42956, s0:0.0.0.0:35561, s1:0.0.0.0:38095, s2:0.0.0.0:39611], old=null RUNNING
  s4:  RUNNING CANDIDATE s4@group-A1B89BB4020A:t4, leader=null, voted=s4, raftlog=s4@group-A1B89BB4020A-SegmentedRaftLog:OPENED:c-1,f-1,i0, conf=-1: [s3:0.0.0.0:34761, s4:0.0.0.0:42956, s0:0.0.0.0:35561, s1:0.0.0.0:38095, s2:0.0.0.0:39611], old=null RUNNING
  s0:  RUNNING CANDIDATE s0@group-A1B89BB4020A:t4, leader=null, voted=s0, raftlog=s0@group-A1B89BB4020A-SegmentedRaftLog:OPENED:c-1,f-1,i0, conf=-1: [s3:0.0.0.0:34761, s4:0.0.0.0:42956, s0:0.0.0.0:35561, s1:0.0.0.0:38095, s2:0.0.0.0:39611], old=null RUNNING
  s1:  RUNNING CANDIDATE s1@group-A1B89BB4020A:t4, leader=null, voted=s1, raftlog=s1@group-A1B89BB4020A-SegmentedRaftLog:OPENED:c-1,f-1,i0, conf=-1: [s3:0.0.0.0:34761, s4:0.0.0.0:42956, s0:0.0.0.0:35561, s1:0.0.0.0:38095, s2:0.0.0.0:39611], old=null RUNNING
  s2:  RUNNING CANDIDATE s2@group-A1B89BB4020A:t4, leader=null, voted=s2, raftlog=s2@group-A1B89BB4020A-SegmentedRaftLog:OPENED:c-1,f-1,i0, conf=-1: [s3:0.0.0.0:34761, s4:0.0.0.0:42956, s0:0.0.0.0:35561, s1:0.0.0.0:38095, s2:0.0.0.0:39611], old=null RUNNING
2019-09-24 16:44:16,118 WARN  ratis.RaftTestUtil (JavaUtils.java:attempt(158)) - FAILED "waitForLeader-null-(expectLeader? true)", attempt #24/100: java.lang.IllegalStateException: No leader yet : printing ALL groups
  s3:  RUNNING CANDIDATE s3@group-A1B89BB4020A:t4, leader=null, voted=s3, raftlog=s3@group-A1B89BB4020A-SegmentedRaftLog:OPENED:c-1,f-1,i0, conf=-1: [s3:0.0.0.0:34761, s4:0.0.0.0:42956, s0:0.0.0.0:35561, s1:0.0.0.0:38095, s2:0.0.0.0:39611], old=null RUNNING
  s4:  RUNNING CANDIDATE s4@group-A1B89BB4020A:t4, leader=null, voted=s4, raftlog=s4@group-A1B89BB4020A-SegmentedRaftLog:OPENED:c-1,f-1,i0, conf=-1: [s3:0.0.0.0:34761, s4:0.0.0.0:42956, s0:0.0.0.0:35561, s1:0.0.0.0:38095, s2:0.0.0.0:39611], old=null RUNNING
  s0:  RUNNING CANDIDATE s0@group-A1B89BB4020A:t4, leader=null, voted=s0, raftlog=s0@group-A1B89BB4020A-SegmentedRaftLog:OPENED:c-1,f-1,i0, conf=-1: [s3:0.0.0.0:34761, s4:0.0.0.0:42956, s0:0.0.0.0:35561, s1:0.0.0.0:38095, s2:0.0.0.0:39611], old=null RUNNING
  s1:  RUNNING CANDIDATE s1@group-A1B89BB4020A:t4, leader=null, voted=s1, raftlog=s1@group-A1B89BB4020A-SegmentedRaftLog:OPENED:c-1,f-1,i0, conf=-1: [s3:0.0.0.0:34761, s4:0.0.0.0:42956, s0:0.0.0.0:35561, s1:0.0.0.0:38095, s2:0.0.0.0:39611], old=null RUNNING
  s2:  RUNNING CANDIDATE s2@group-A1B89BB4020A:t4, leader=null, voted=s2, raftlog=s2@group-A1B89BB4020A-SegmentedRaftLog:OPENED:c-1,f-1,i0, conf=-1: [s3:0.0.0.0:34761, s4:0.0.0.0:42956, s0:0.0.0.0:35561, s1:0.0.0.0:38095, s2:0.0.0.0:39611], old=null RUNNING, sleep 450ms and then retry.
java.lang.IllegalStateException: No leader yet : printing ALL groups
  s3:  RUNNING CANDIDATE s3@group-A1B89BB4020A:t4, leader=null, voted=s3, raftlog=s3@group-A1B89BB4020A-SegmentedRaftLog:OPENED:c-1,f-1,i0, conf=-1: [s3:0.0.0.0:34761, s4:0.0.0.0:42956, s0:0.0.0.0:35561, s1:0.0.0.0:38095, s2:0.0.0.0:39611], old=null RUNNING
  s4:  RUNNING CANDIDATE s4@group-A1B89BB4020A:t4, leader=null, voted=s4, raftlog=s4@group-A1B89BB4020A-SegmentedRaftLog:OPENED:c-1,f-1,i0, conf=-1: [s3:0.0.0.0:34761, s4:0.0.0.0:42956, s0:0.0.0.0:35561, s1:0.0.0.0:38095, s2:0.0.0.0:39611], old=null RUNNING
  s0:  RUNNING CANDIDATE s0@group-A1B89BB4020A:t4, leader=null, voted=s0, raftlog=s0@group-A1B89BB4020A-SegmentedRaftLog:OPENED:c-1,f-1,i0, conf=-1: [s3:0.0.0.0:34761, s4:0.0.0.0:42956, s0:0.0.0.0:35561, s1:0.0.0.0:38095, s2:0.0.0.0:39611], old=null RUNNING
  s1:  RUNNING CANDIDATE s1@group-A1B89BB4020A:t4, leader=null, voted=s1, raftlog=s1@group-A1B89BB4020A-SegmentedRaftLog:OPENED:c-1,f-1,i0, conf=-1: [s3:0.0.0.0:34761, s4:0.0.0.0:42956, s0:0.0.0.0:35561, s1:0.0.0.0:38095, s2:0.0.0.0:39611], old=null RUNNING
  s2:  RUNNING CANDIDATE s2@group-A1B89BB4020A:t4, leader=null, voted=s2, raftlog=s2@group-A1B89BB4020A-SegmentedRaftLog:OPENED:c-1,f-1,i0, conf=-1: [s3:0.0.0.0:34761, s4:0.0.0.0:42956, s0:0.0.0.0:35561, s1:0.0.0.0:38095, s2:0.0.0.0:39611], old=null RUNNING
	at org.apache.ratis.MiniRaftCluster.newIllegalStateExceptionForNoLeaders(MiniRaftCluster.java:506)
	at org.apache.ratis.RaftTestUtil.lambda$waitForLeader$1(RaftTestUtil.java:90)
	at org.apache.ratis.MiniRaftCluster.getLeader(MiniRaftCluster.java:539)
	at org.apache.ratis.MiniRaftCluster.getLeader(MiniRaftCluster.java:532)
	at org.apache.ratis.RaftTestUtil.lambda$waitForLeader$3(RaftTestUtil.java:98)
	at org.apache.ratis.util.JavaUtils.attempt(JavaUtils.java:152)
	at org.apache.ratis.RaftTestUtil.waitForLeader(RaftTestUtil.java:97)
	at org.apache.ratis.RaftTestUtil.waitForLeader(RaftTestUtil.java:77)
	at org.apache.ratis.RaftTestUtil.waitForLeader(RaftTestUtil.java:72)
	at org.apache.ratis.RaftBasicTests.runTestOldLeaderNotCommit(RaftBasicTests.java:218)
	at org.apache.ratis.MiniRaftCluster$Factory$Get.runWithNewCluster(MiniRaftCluster.java:125)
	at org.apache.ratis.MiniRaftCluster$Factory$Get.runWithNewCluster(MiniRaftCluster.java:113)
	at org.apache.ratis.RaftBasicTests.testOldLeaderNotCommit(RaftBasicTests.java:214)
	at sun.reflect.NativeMethodAccessorImpl.invoke0(Native Method)
	at sun.reflect.NativeMethodAccessorImpl.invoke(NativeMethodAccessorImpl.java:62)
	at sun.reflect.DelegatingMethodAccessorImpl.invoke(DelegatingMethodAccessorImpl.java:43)
	at java.lang.reflect.Method.invoke(Method.java:498)
	at org.junit.runners.model.FrameworkMethod$1.runReflectiveCall(FrameworkMethod.java:50)
	at org.junit.internal.runners.model.ReflectiveCallable.run(ReflectiveCallable.java:12)
	at org.junit.runners.model.FrameworkMethod.invokeExplosively(FrameworkMethod.java:47)
	at org.junit.internal.runners.statements.InvokeMethod.evaluate(InvokeMethod.java:17)
	at org.junit.internal.runners.statements.RunAfters.evaluate(RunAfters.java:27)
	at org.junit.internal.runners.statements.FailOnTimeout$CallableStatement.call(FailOnTimeout.java:298)
	at org.junit.internal.runners.statements.FailOnTimeout$CallableStatement.call(FailOnTimeout.java:292)
	at java.util.concurrent.FutureTask.run(FutureTask.java:266)
	at java.lang.Thread.run(Thread.java:748)
2019-09-24 16:44:16,570 WARN  ratis.RaftTestUtil (JavaUtils.java:attempt(158)) - FAILED "waitForLeader-null-(expectLeader? true)", attempt #25/100: java.lang.IllegalStateException: No leader yet : printing ALL groups
  s3:  RUNNING CANDIDATE s3@group-A1B89BB4020A:t4, leader=null, voted=s3, raftlog=s3@group-A1B89BB4020A-SegmentedRaftLog:OPENED:c-1,f-1,i0, conf=-1: [s3:0.0.0.0:34761, s4:0.0.0.0:42956, s0:0.0.0.0:35561, s1:0.0.0.0:38095, s2:0.0.0.0:39611], old=null RUNNING
  s4:  RUNNING CANDIDATE s4@group-A1B89BB4020A:t4, leader=null, voted=s4, raftlog=s4@group-A1B89BB4020A-SegmentedRaftLog:OPENED:c-1,f-1,i0, conf=-1: [s3:0.0.0.0:34761, s4:0.0.0.0:42956, s0:0.0.0.0:35561, s1:0.0.0.0:38095, s2:0.0.0.0:39611], old=null RUNNING
  s0:  RUNNING CANDIDATE s0@group-A1B89BB4020A:t4, leader=null, voted=s0, raftlog=s0@group-A1B89BB4020A-SegmentedRaftLog:OPENED:c-1,f-1,i0, conf=-1: [s3:0.0.0.0:34761, s4:0.0.0.0:42956, s0:0.0.0.0:35561, s1:0.0.0.0:38095, s2:0.0.0.0:39611], old=null RUNNING
  s1:  RUNNING CANDIDATE s1@group-A1B89BB4020A:t4, leader=null, voted=s1, raftlog=s1@group-A1B89BB4020A-SegmentedRaftLog:OPENED:c-1,f-1,i0, conf=-1: [s3:0.0.0.0:34761, s4:0.0.0.0:42956, s0:0.0.0.0:35561, s1:0.0.0.0:38095, s2:0.0.0.0:39611], old=null RUNNING
  s2:  RUNNING CANDIDATE s2@group-A1B89BB4020A:t4, leader=null, voted=s2, raftlog=s2@group-A1B89BB4020A-SegmentedRaftLog:OPENED:c-1,f-1,i0, conf=-1: [s3:0.0.0.0:34761, s4:0.0.0.0:42956, s0:0.0.0.0:35561, s1:0.0.0.0:38095, s2:0.0.0.0:39611], old=null RUNNING, sleep 450ms and then retry.
java.lang.IllegalStateException: No leader yet : printing ALL groups
  s3:  RUNNING CANDIDATE s3@group-A1B89BB4020A:t4, leader=null, voted=s3, raftlog=s3@group-A1B89BB4020A-SegmentedRaftLog:OPENED:c-1,f-1,i0, conf=-1: [s3:0.0.0.0:34761, s4:0.0.0.0:42956, s0:0.0.0.0:35561, s1:0.0.0.0:38095, s2:0.0.0.0:39611], old=null RUNNING
  s4:  RUNNING CANDIDATE s4@group-A1B89BB4020A:t4, leader=null, voted=s4, raftlog=s4@group-A1B89BB4020A-SegmentedRaftLog:OPENED:c-1,f-1,i0, conf=-1: [s3:0.0.0.0:34761, s4:0.0.0.0:42956, s0:0.0.0.0:35561, s1:0.0.0.0:38095, s2:0.0.0.0:39611], old=null RUNNING
  s0:  RUNNING CANDIDATE s0@group-A1B89BB4020A:t4, leader=null, voted=s0, raftlog=s0@group-A1B89BB4020A-SegmentedRaftLog:OPENED:c-1,f-1,i0, conf=-1: [s3:0.0.0.0:34761, s4:0.0.0.0:42956, s0:0.0.0.0:35561, s1:0.0.0.0:38095, s2:0.0.0.0:39611], old=null RUNNING
  s1:  RUNNING CANDIDATE s1@group-A1B89BB4020A:t4, leader=null, voted=s1, raftlog=s1@group-A1B89BB4020A-SegmentedRaftLog:OPENED:c-1,f-1,i0, conf=-1: [s3:0.0.0.0:34761, s4:0.0.0.0:42956, s0:0.0.0.0:35561, s1:0.0.0.0:38095, s2:0.0.0.0:39611], old=null RUNNING
  s2:  RUNNING CANDIDATE s2@group-A1B89BB4020A:t4, leader=null, voted=s2, raftlog=s2@group-A1B89BB4020A-SegmentedRaftLog:OPENED:c-1,f-1,i0, conf=-1: [s3:0.0.0.0:34761, s4:0.0.0.0:42956, s0:0.0.0.0:35561, s1:0.0.0.0:38095, s2:0.0.0.0:39611], old=null RUNNING
	at org.apache.ratis.MiniRaftCluster.newIllegalStateExceptionForNoLeaders(MiniRaftCluster.java:506)
	at org.apache.ratis.RaftTestUtil.lambda$waitForLeader$1(RaftTestUtil.java:90)
	at org.apache.ratis.MiniRaftCluster.getLeader(MiniRaftCluster.java:539)
	at org.apache.ratis.MiniRaftCluster.getLeader(MiniRaftCluster.java:532)
	at org.apache.ratis.RaftTestUtil.lambda$waitForLeader$3(RaftTestUtil.java:98)
	at org.apache.ratis.util.JavaUtils.attempt(JavaUtils.java:152)
	at org.apache.ratis.RaftTestUtil.waitForLeader(RaftTestUtil.java:97)
	at org.apache.ratis.RaftTestUtil.waitForLeader(RaftTestUtil.java:77)
	at org.apache.ratis.RaftTestUtil.waitForLeader(RaftTestUtil.java:72)
	at org.apache.ratis.RaftBasicTests.runTestOldLeaderNotCommit(RaftBasicTests.java:218)
	at org.apache.ratis.MiniRaftCluster$Factory$Get.runWithNewCluster(MiniRaftCluster.java:125)
	at org.apache.ratis.MiniRaftCluster$Factory$Get.runWithNewCluster(MiniRaftCluster.java:113)
	at org.apache.ratis.RaftBasicTests.testOldLeaderNotCommit(RaftBasicTests.java:214)
	at sun.reflect.NativeMethodAccessorImpl.invoke0(Native Method)
	at sun.reflect.NativeMethodAccessorImpl.invoke(NativeMethodAccessorImpl.java:62)
	at sun.reflect.DelegatingMethodAccessorImpl.invoke(DelegatingMethodAccessorImpl.java:43)
	at java.lang.reflect.Method.invoke(Method.java:498)
	at org.junit.runners.model.FrameworkMethod$1.runReflectiveCall(FrameworkMethod.java:50)
	at org.junit.internal.runners.model.ReflectiveCallable.run(ReflectiveCallable.java:12)
	at org.junit.runners.model.FrameworkMethod.invokeExplosively(FrameworkMethod.java:47)
	at org.junit.internal.runners.statements.InvokeMethod.evaluate(InvokeMethod.java:17)
	at org.junit.internal.runners.statements.RunAfters.evaluate(RunAfters.java:27)
	at org.junit.internal.runners.statements.FailOnTimeout$CallableStatement.call(FailOnTimeout.java:298)
	at org.junit.internal.runners.statements.FailOnTimeout$CallableStatement.call(FailOnTimeout.java:292)
	at java.util.concurrent.FutureTask.run(FutureTask.java:266)
	at java.lang.Thread.run(Thread.java:748)
2019-09-24 16:44:17,022 WARN  ratis.RaftTestUtil (JavaUtils.java:attempt(158)) - FAILED "waitForLeader-null-(expectLeader? true)", attempt #26/100: java.lang.IllegalStateException: No leader yet : printing ALL groups
  s3:  RUNNING CANDIDATE s3@group-A1B89BB4020A:t4, leader=null, voted=s3, raftlog=s3@group-A1B89BB4020A-SegmentedRaftLog:OPENED:c-1,f-1,i0, conf=-1: [s3:0.0.0.0:34761, s4:0.0.0.0:42956, s0:0.0.0.0:35561, s1:0.0.0.0:38095, s2:0.0.0.0:39611], old=null RUNNING
  s4:  RUNNING CANDIDATE s4@group-A1B89BB4020A:t4, leader=null, voted=s4, raftlog=s4@group-A1B89BB4020A-SegmentedRaftLog:OPENED:c-1,f-1,i0, conf=-1: [s3:0.0.0.0:34761, s4:0.0.0.0:42956, s0:0.0.0.0:35561, s1:0.0.0.0:38095, s2:0.0.0.0:39611], old=null RUNNING
  s0:  RUNNING CANDIDATE s0@group-A1B89BB4020A:t4, leader=null, voted=s0, raftlog=s0@group-A1B89BB4020A-SegmentedRaftLog:OPENED:c-1,f-1,i0, conf=-1: [s3:0.0.0.0:34761, s4:0.0.0.0:42956, s0:0.0.0.0:35561, s1:0.0.0.0:38095, s2:0.0.0.0:39611], old=null RUNNING
  s1:  RUNNING CANDIDATE s1@group-A1B89BB4020A:t4, leader=null, voted=s1, raftlog=s1@group-A1B89BB4020A-SegmentedRaftLog:OPENED:c-1,f-1,i0, conf=-1: [s3:0.0.0.0:34761, s4:0.0.0.0:42956, s0:0.0.0.0:35561, s1:0.0.0.0:38095, s2:0.0.0.0:39611], old=null RUNNING
  s2:  RUNNING CANDIDATE s2@group-A1B89BB4020A:t4, leader=null, voted=s2, raftlog=s2@group-A1B89BB4020A-SegmentedRaftLog:OPENED:c-1,f-1,i0, conf=-1: [s3:0.0.0.0:34761, s4:0.0.0.0:42956, s0:0.0.0.0:35561, s1:0.0.0.0:38095, s2:0.0.0.0:39611], old=null RUNNING, sleep 450ms and then retry.
java.lang.IllegalStateException: No leader yet : printing ALL groups
  s3:  RUNNING CANDIDATE s3@group-A1B89BB4020A:t4, leader=null, voted=s3, raftlog=s3@group-A1B89BB4020A-SegmentedRaftLog:OPENED:c-1,f-1,i0, conf=-1: [s3:0.0.0.0:34761, s4:0.0.0.0:42956, s0:0.0.0.0:35561, s1:0.0.0.0:38095, s2:0.0.0.0:39611], old=null RUNNING
  s4:  RUNNING CANDIDATE s4@group-A1B89BB4020A:t4, leader=null, voted=s4, raftlog=s4@group-A1B89BB4020A-SegmentedRaftLog:OPENED:c-1,f-1,i0, conf=-1: [s3:0.0.0.0:34761, s4:0.0.0.0:42956, s0:0.0.0.0:35561, s1:0.0.0.0:38095, s2:0.0.0.0:39611], old=null RUNNING
  s0:  RUNNING CANDIDATE s0@group-A1B89BB4020A:t4, leader=null, voted=s0, raftlog=s0@group-A1B89BB4020A-SegmentedRaftLog:OPENED:c-1,f-1,i0, conf=-1: [s3:0.0.0.0:34761, s4:0.0.0.0:42956, s0:0.0.0.0:35561, s1:0.0.0.0:38095, s2:0.0.0.0:39611], old=null RUNNING
  s1:  RUNNING CANDIDATE s1@group-A1B89BB4020A:t4, leader=null, voted=s1, raftlog=s1@group-A1B89BB4020A-SegmentedRaftLog:OPENED:c-1,f-1,i0, conf=-1: [s3:0.0.0.0:34761, s4:0.0.0.0:42956, s0:0.0.0.0:35561, s1:0.0.0.0:38095, s2:0.0.0.0:39611], old=null RUNNING
  s2:  RUNNING CANDIDATE s2@group-A1B89BB4020A:t4, leader=null, voted=s2, raftlog=s2@group-A1B89BB4020A-SegmentedRaftLog:OPENED:c-1,f-1,i0, conf=-1: [s3:0.0.0.0:34761, s4:0.0.0.0:42956, s0:0.0.0.0:35561, s1:0.0.0.0:38095, s2:0.0.0.0:39611], old=null RUNNING
	at org.apache.ratis.MiniRaftCluster.newIllegalStateExceptionForNoLeaders(MiniRaftCluster.java:506)
	at org.apache.ratis.RaftTestUtil.lambda$waitForLeader$1(RaftTestUtil.java:90)
	at org.apache.ratis.MiniRaftCluster.getLeader(MiniRaftCluster.java:539)
	at org.apache.ratis.MiniRaftCluster.getLeader(MiniRaftCluster.java:532)
	at org.apache.ratis.RaftTestUtil.lambda$waitForLeader$3(RaftTestUtil.java:98)
	at org.apache.ratis.util.JavaUtils.attempt(JavaUtils.java:152)
	at org.apache.ratis.RaftTestUtil.waitForLeader(RaftTestUtil.java:97)
	at org.apache.ratis.RaftTestUtil.waitForLeader(RaftTestUtil.java:77)
	at org.apache.ratis.RaftTestUtil.waitForLeader(RaftTestUtil.java:72)
	at org.apache.ratis.RaftBasicTests.runTestOldLeaderNotCommit(RaftBasicTests.java:218)
	at org.apache.ratis.MiniRaftCluster$Factory$Get.runWithNewCluster(MiniRaftCluster.java:125)
	at org.apache.ratis.MiniRaftCluster$Factory$Get.runWithNewCluster(MiniRaftCluster.java:113)
	at org.apache.ratis.RaftBasicTests.testOldLeaderNotCommit(RaftBasicTests.java:214)
	at sun.reflect.NativeMethodAccessorImpl.invoke0(Native Method)
	at sun.reflect.NativeMethodAccessorImpl.invoke(NativeMethodAccessorImpl.java:62)
	at sun.reflect.DelegatingMethodAccessorImpl.invoke(DelegatingMethodAccessorImpl.java:43)
	at java.lang.reflect.Method.invoke(Method.java:498)
	at org.junit.runners.model.FrameworkMethod$1.runReflectiveCall(FrameworkMethod.java:50)
	at org.junit.internal.runners.model.ReflectiveCallable.run(ReflectiveCallable.java:12)
	at org.junit.runners.model.FrameworkMethod.invokeExplosively(FrameworkMethod.java:47)
	at org.junit.internal.runners.statements.InvokeMethod.evaluate(InvokeMethod.java:17)
	at org.junit.internal.runners.statements.RunAfters.evaluate(RunAfters.java:27)
	at org.junit.internal.runners.statements.FailOnTimeout$CallableStatement.call(FailOnTimeout.java:298)
	at org.junit.internal.runners.statements.FailOnTimeout$CallableStatement.call(FailOnTimeout.java:292)
	at java.util.concurrent.FutureTask.run(FutureTask.java:266)
	at java.lang.Thread.run(Thread.java:748)
2019-09-24 16:44:17,474 WARN  ratis.RaftTestUtil (JavaUtils.java:attempt(158)) - FAILED "waitForLeader-null-(expectLeader? true)", attempt #27/100: java.lang.IllegalStateException: No leader yet : printing ALL groups
  s3:  RUNNING CANDIDATE s3@group-A1B89BB4020A:t4, leader=null, voted=s3, raftlog=s3@group-A1B89BB4020A-SegmentedRaftLog:OPENED:c-1,f-1,i0, conf=-1: [s3:0.0.0.0:34761, s4:0.0.0.0:42956, s0:0.0.0.0:35561, s1:0.0.0.0:38095, s2:0.0.0.0:39611], old=null RUNNING
  s4:  RUNNING CANDIDATE s4@group-A1B89BB4020A:t4, leader=null, voted=s4, raftlog=s4@group-A1B89BB4020A-SegmentedRaftLog:OPENED:c-1,f-1,i0, conf=-1: [s3:0.0.0.0:34761, s4:0.0.0.0:42956, s0:0.0.0.0:35561, s1:0.0.0.0:38095, s2:0.0.0.0:39611], old=null RUNNING
  s0:  RUNNING CANDIDATE s0@group-A1B89BB4020A:t4, leader=null, voted=s0, raftlog=s0@group-A1B89BB4020A-SegmentedRaftLog:OPENED:c-1,f-1,i0, conf=-1: [s3:0.0.0.0:34761, s4:0.0.0.0:42956, s0:0.0.0.0:35561, s1:0.0.0.0:38095, s2:0.0.0.0:39611], old=null RUNNING
  s1:  RUNNING CANDIDATE s1@group-A1B89BB4020A:t4, leader=null, voted=s1, raftlog=s1@group-A1B89BB4020A-SegmentedRaftLog:OPENED:c-1,f-1,i0, conf=-1: [s3:0.0.0.0:34761, s4:0.0.0.0:42956, s0:0.0.0.0:35561, s1:0.0.0.0:38095, s2:0.0.0.0:39611], old=null RUNNING
  s2:  RUNNING CANDIDATE s2@group-A1B89BB4020A:t4, leader=null, voted=s2, raftlog=s2@group-A1B89BB4020A-SegmentedRaftLog:OPENED:c-1,f-1,i0, conf=-1: [s3:0.0.0.0:34761, s4:0.0.0.0:42956, s0:0.0.0.0:35561, s1:0.0.0.0:38095, s2:0.0.0.0:39611], old=null RUNNING, sleep 450ms and then retry.
java.lang.IllegalStateException: No leader yet : printing ALL groups
  s3:  RUNNING CANDIDATE s3@group-A1B89BB4020A:t4, leader=null, voted=s3, raftlog=s3@group-A1B89BB4020A-SegmentedRaftLog:OPENED:c-1,f-1,i0, conf=-1: [s3:0.0.0.0:34761, s4:0.0.0.0:42956, s0:0.0.0.0:35561, s1:0.0.0.0:38095, s2:0.0.0.0:39611], old=null RUNNING
  s4:  RUNNING CANDIDATE s4@group-A1B89BB4020A:t4, leader=null, voted=s4, raftlog=s4@group-A1B89BB4020A-SegmentedRaftLog:OPENED:c-1,f-1,i0, conf=-1: [s3:0.0.0.0:34761, s4:0.0.0.0:42956, s0:0.0.0.0:35561, s1:0.0.0.0:38095, s2:0.0.0.0:39611], old=null RUNNING
  s0:  RUNNING CANDIDATE s0@group-A1B89BB4020A:t4, leader=null, voted=s0, raftlog=s0@group-A1B89BB4020A-SegmentedRaftLog:OPENED:c-1,f-1,i0, conf=-1: [s3:0.0.0.0:34761, s4:0.0.0.0:42956, s0:0.0.0.0:35561, s1:0.0.0.0:38095, s2:0.0.0.0:39611], old=null RUNNING
  s1:  RUNNING CANDIDATE s1@group-A1B89BB4020A:t4, leader=null, voted=s1, raftlog=s1@group-A1B89BB4020A-SegmentedRaftLog:OPENED:c-1,f-1,i0, conf=-1: [s3:0.0.0.0:34761, s4:0.0.0.0:42956, s0:0.0.0.0:35561, s1:0.0.0.0:38095, s2:0.0.0.0:39611], old=null RUNNING
  s2:  RUNNING CANDIDATE s2@group-A1B89BB4020A:t4, leader=null, voted=s2, raftlog=s2@group-A1B89BB4020A-SegmentedRaftLog:OPENED:c-1,f-1,i0, conf=-1: [s3:0.0.0.0:34761, s4:0.0.0.0:42956, s0:0.0.0.0:35561, s1:0.0.0.0:38095, s2:0.0.0.0:39611], old=null RUNNING
	at org.apache.ratis.MiniRaftCluster.newIllegalStateExceptionForNoLeaders(MiniRaftCluster.java:506)
	at org.apache.ratis.RaftTestUtil.lambda$waitForLeader$1(RaftTestUtil.java:90)
	at org.apache.ratis.MiniRaftCluster.getLeader(MiniRaftCluster.java:539)
	at org.apache.ratis.MiniRaftCluster.getLeader(MiniRaftCluster.java:532)
	at org.apache.ratis.RaftTestUtil.lambda$waitForLeader$3(RaftTestUtil.java:98)
	at org.apache.ratis.util.JavaUtils.attempt(JavaUtils.java:152)
	at org.apache.ratis.RaftTestUtil.waitForLeader(RaftTestUtil.java:97)
	at org.apache.ratis.RaftTestUtil.waitForLeader(RaftTestUtil.java:77)
	at org.apache.ratis.RaftTestUtil.waitForLeader(RaftTestUtil.java:72)
	at org.apache.ratis.RaftBasicTests.runTestOldLeaderNotCommit(RaftBasicTests.java:218)
	at org.apache.ratis.MiniRaftCluster$Factory$Get.runWithNewCluster(MiniRaftCluster.java:125)
	at org.apache.ratis.MiniRaftCluster$Factory$Get.runWithNewCluster(MiniRaftCluster.java:113)
	at org.apache.ratis.RaftBasicTests.testOldLeaderNotCommit(RaftBasicTests.java:214)
	at sun.reflect.NativeMethodAccessorImpl.invoke0(Native Method)
	at sun.reflect.NativeMethodAccessorImpl.invoke(NativeMethodAccessorImpl.java:62)
	at sun.reflect.DelegatingMethodAccessorImpl.invoke(DelegatingMethodAccessorImpl.java:43)
	at java.lang.reflect.Method.invoke(Method.java:498)
	at org.junit.runners.model.FrameworkMethod$1.runReflectiveCall(FrameworkMethod.java:50)
	at org.junit.internal.runners.model.ReflectiveCallable.run(ReflectiveCallable.java:12)
	at org.junit.runners.model.FrameworkMethod.invokeExplosively(FrameworkMethod.java:47)
	at org.junit.internal.runners.statements.InvokeMethod.evaluate(InvokeMethod.java:17)
	at org.junit.internal.runners.statements.RunAfters.evaluate(RunAfters.java:27)
	at org.junit.internal.runners.statements.FailOnTimeout$CallableStatement.call(FailOnTimeout.java:298)
	at org.junit.internal.runners.statements.FailOnTimeout$CallableStatement.call(FailOnTimeout.java:292)
	at java.util.concurrent.FutureTask.run(FutureTask.java:266)
	at java.lang.Thread.run(Thread.java:748)
2019-09-24 16:44:17,925 WARN  ratis.RaftTestUtil (JavaUtils.java:attempt(158)) - FAILED "waitForLeader-null-(expectLeader? true)", attempt #28/100: java.lang.IllegalStateException: No leader yet : printing ALL groups
  s3:  RUNNING CANDIDATE s3@group-A1B89BB4020A:t4, leader=null, voted=s3, raftlog=s3@group-A1B89BB4020A-SegmentedRaftLog:OPENED:c-1,f-1,i0, conf=-1: [s3:0.0.0.0:34761, s4:0.0.0.0:42956, s0:0.0.0.0:35561, s1:0.0.0.0:38095, s2:0.0.0.0:39611], old=null RUNNING
  s4:  RUNNING CANDIDATE s4@group-A1B89BB4020A:t4, leader=null, voted=s4, raftlog=s4@group-A1B89BB4020A-SegmentedRaftLog:OPENED:c-1,f-1,i0, conf=-1: [s3:0.0.0.0:34761, s4:0.0.0.0:42956, s0:0.0.0.0:35561, s1:0.0.0.0:38095, s2:0.0.0.0:39611], old=null RUNNING
  s0:  RUNNING CANDIDATE s0@group-A1B89BB4020A:t4, leader=null, voted=s0, raftlog=s0@group-A1B89BB4020A-SegmentedRaftLog:OPENED:c-1,f-1,i0, conf=-1: [s3:0.0.0.0:34761, s4:0.0.0.0:42956, s0:0.0.0.0:35561, s1:0.0.0.0:38095, s2:0.0.0.0:39611], old=null RUNNING
  s1:  RUNNING CANDIDATE s1@group-A1B89BB4020A:t4, leader=null, voted=s1, raftlog=s1@group-A1B89BB4020A-SegmentedRaftLog:OPENED:c-1,f-1,i0, conf=-1: [s3:0.0.0.0:34761, s4:0.0.0.0:42956, s0:0.0.0.0:35561, s1:0.0.0.0:38095, s2:0.0.0.0:39611], old=null RUNNING
  s2:  RUNNING CANDIDATE s2@group-A1B89BB4020A:t4, leader=null, voted=s2, raftlog=s2@group-A1B89BB4020A-SegmentedRaftLog:OPENED:c-1,f-1,i0, conf=-1: [s3:0.0.0.0:34761, s4:0.0.0.0:42956, s0:0.0.0.0:35561, s1:0.0.0.0:38095, s2:0.0.0.0:39611], old=null RUNNING, sleep 450ms and then retry.
java.lang.IllegalStateException: No leader yet : printing ALL groups
  s3:  RUNNING CANDIDATE s3@group-A1B89BB4020A:t4, leader=null, voted=s3, raftlog=s3@group-A1B89BB4020A-SegmentedRaftLog:OPENED:c-1,f-1,i0, conf=-1: [s3:0.0.0.0:34761, s4:0.0.0.0:42956, s0:0.0.0.0:35561, s1:0.0.0.0:38095, s2:0.0.0.0:39611], old=null RUNNING
  s4:  RUNNING CANDIDATE s4@group-A1B89BB4020A:t4, leader=null, voted=s4, raftlog=s4@group-A1B89BB4020A-SegmentedRaftLog:OPENED:c-1,f-1,i0, conf=-1: [s3:0.0.0.0:34761, s4:0.0.0.0:42956, s0:0.0.0.0:35561, s1:0.0.0.0:38095, s2:0.0.0.0:39611], old=null RUNNING
  s0:  RUNNING CANDIDATE s0@group-A1B89BB4020A:t4, leader=null, voted=s0, raftlog=s0@group-A1B89BB4020A-SegmentedRaftLog:OPENED:c-1,f-1,i0, conf=-1: [s3:0.0.0.0:34761, s4:0.0.0.0:42956, s0:0.0.0.0:35561, s1:0.0.0.0:38095, s2:0.0.0.0:39611], old=null RUNNING
  s1:  RUNNING CANDIDATE s1@group-A1B89BB4020A:t4, leader=null, voted=s1, raftlog=s1@group-A1B89BB4020A-SegmentedRaftLog:OPENED:c-1,f-1,i0, conf=-1: [s3:0.0.0.0:34761, s4:0.0.0.0:42956, s0:0.0.0.0:35561, s1:0.0.0.0:38095, s2:0.0.0.0:39611], old=null RUNNING
  s2:  RUNNING CANDIDATE s2@group-A1B89BB4020A:t4, leader=null, voted=s2, raftlog=s2@group-A1B89BB4020A-SegmentedRaftLog:OPENED:c-1,f-1,i0, conf=-1: [s3:0.0.0.0:34761, s4:0.0.0.0:42956, s0:0.0.0.0:35561, s1:0.0.0.0:38095, s2:0.0.0.0:39611], old=null RUNNING
	at org.apache.ratis.MiniRaftCluster.newIllegalStateExceptionForNoLeaders(MiniRaftCluster.java:506)
	at org.apache.ratis.RaftTestUtil.lambda$waitForLeader$1(RaftTestUtil.java:90)
	at org.apache.ratis.MiniRaftCluster.getLeader(MiniRaftCluster.java:539)
	at org.apache.ratis.MiniRaftCluster.getLeader(MiniRaftCluster.java:532)
	at org.apache.ratis.RaftTestUtil.lambda$waitForLeader$3(RaftTestUtil.java:98)
	at org.apache.ratis.util.JavaUtils.attempt(JavaUtils.java:152)
	at org.apache.ratis.RaftTestUtil.waitForLeader(RaftTestUtil.java:97)
	at org.apache.ratis.RaftTestUtil.waitForLeader(RaftTestUtil.java:77)
	at org.apache.ratis.RaftTestUtil.waitForLeader(RaftTestUtil.java:72)
	at org.apache.ratis.RaftBasicTests.runTestOldLeaderNotCommit(RaftBasicTests.java:218)
	at org.apache.ratis.MiniRaftCluster$Factory$Get.runWithNewCluster(MiniRaftCluster.java:125)
	at org.apache.ratis.MiniRaftCluster$Factory$Get.runWithNewCluster(MiniRaftCluster.java:113)
	at org.apache.ratis.RaftBasicTests.testOldLeaderNotCommit(RaftBasicTests.java:214)
	at sun.reflect.NativeMethodAccessorImpl.invoke0(Native Method)
	at sun.reflect.NativeMethodAccessorImpl.invoke(NativeMethodAccessorImpl.java:62)
	at sun.reflect.DelegatingMethodAccessorImpl.invoke(DelegatingMethodAccessorImpl.java:43)
	at java.lang.reflect.Method.invoke(Method.java:498)
	at org.junit.runners.model.FrameworkMethod$1.runReflectiveCall(FrameworkMethod.java:50)
	at org.junit.internal.runners.model.ReflectiveCallable.run(ReflectiveCallable.java:12)
	at org.junit.runners.model.FrameworkMethod.invokeExplosively(FrameworkMethod.java:47)
	at org.junit.internal.runners.statements.InvokeMethod.evaluate(InvokeMethod.java:17)
	at org.junit.internal.runners.statements.RunAfters.evaluate(RunAfters.java:27)
	at org.junit.internal.runners.statements.FailOnTimeout$CallableStatement.call(FailOnTimeout.java:298)
	at org.junit.internal.runners.statements.FailOnTimeout$CallableStatement.call(FailOnTimeout.java:292)
	at java.util.concurrent.FutureTask.run(FutureTask.java:266)
	at java.lang.Thread.run(Thread.java:748)
2019-09-24 16:44:18,377 WARN  ratis.RaftTestUtil (JavaUtils.java:attempt(158)) - FAILED "waitForLeader-null-(expectLeader? true)", attempt #29/100: java.lang.IllegalStateException: No leader yet : printing ALL groups
  s3:  RUNNING CANDIDATE s3@group-A1B89BB4020A:t4, leader=null, voted=s3, raftlog=s3@group-A1B89BB4020A-SegmentedRaftLog:OPENED:c-1,f-1,i0, conf=-1: [s3:0.0.0.0:34761, s4:0.0.0.0:42956, s0:0.0.0.0:35561, s1:0.0.0.0:38095, s2:0.0.0.0:39611], old=null RUNNING
  s4:  RUNNING CANDIDATE s4@group-A1B89BB4020A:t4, leader=null, voted=s4, raftlog=s4@group-A1B89BB4020A-SegmentedRaftLog:OPENED:c-1,f-1,i0, conf=-1: [s3:0.0.0.0:34761, s4:0.0.0.0:42956, s0:0.0.0.0:35561, s1:0.0.0.0:38095, s2:0.0.0.0:39611], old=null RUNNING
  s0:  RUNNING CANDIDATE s0@group-A1B89BB4020A:t4, leader=null, voted=s0, raftlog=s0@group-A1B89BB4020A-SegmentedRaftLog:OPENED:c-1,f-1,i0, conf=-1: [s3:0.0.0.0:34761, s4:0.0.0.0:42956, s0:0.0.0.0:35561, s1:0.0.0.0:38095, s2:0.0.0.0:39611], old=null RUNNING
  s1:  RUNNING CANDIDATE s1@group-A1B89BB4020A:t4, leader=null, voted=s1, raftlog=s1@group-A1B89BB4020A-SegmentedRaftLog:OPENED:c-1,f-1,i0, conf=-1: [s3:0.0.0.0:34761, s4:0.0.0.0:42956, s0:0.0.0.0:35561, s1:0.0.0.0:38095, s2:0.0.0.0:39611], old=null RUNNING
  s2:  RUNNING CANDIDATE s2@group-A1B89BB4020A:t4, leader=null, voted=s2, raftlog=s2@group-A1B89BB4020A-SegmentedRaftLog:OPENED:c-1,f-1,i0, conf=-1: [s3:0.0.0.0:34761, s4:0.0.0.0:42956, s0:0.0.0.0:35561, s1:0.0.0.0:38095, s2:0.0.0.0:39611], old=null RUNNING, sleep 450ms and then retry.
java.lang.IllegalStateException: No leader yet : printing ALL groups
  s3:  RUNNING CANDIDATE s3@group-A1B89BB4020A:t4, leader=null, voted=s3, raftlog=s3@group-A1B89BB4020A-SegmentedRaftLog:OPENED:c-1,f-1,i0, conf=-1: [s3:0.0.0.0:34761, s4:0.0.0.0:42956, s0:0.0.0.0:35561, s1:0.0.0.0:38095, s2:0.0.0.0:39611], old=null RUNNING
  s4:  RUNNING CANDIDATE s4@group-A1B89BB4020A:t4, leader=null, voted=s4, raftlog=s4@group-A1B89BB4020A-SegmentedRaftLog:OPENED:c-1,f-1,i0, conf=-1: [s3:0.0.0.0:34761, s4:0.0.0.0:42956, s0:0.0.0.0:35561, s1:0.0.0.0:38095, s2:0.0.0.0:39611], old=null RUNNING
  s0:  RUNNING CANDIDATE s0@group-A1B89BB4020A:t4, leader=null, voted=s0, raftlog=s0@group-A1B89BB4020A-SegmentedRaftLog:OPENED:c-1,f-1,i0, conf=-1: [s3:0.0.0.0:34761, s4:0.0.0.0:42956, s0:0.0.0.0:35561, s1:0.0.0.0:38095, s2:0.0.0.0:39611], old=null RUNNING
  s1:  RUNNING CANDIDATE s1@group-A1B89BB4020A:t4, leader=null, voted=s1, raftlog=s1@group-A1B89BB4020A-SegmentedRaftLog:OPENED:c-1,f-1,i0, conf=-1: [s3:0.0.0.0:34761, s4:0.0.0.0:42956, s0:0.0.0.0:35561, s1:0.0.0.0:38095, s2:0.0.0.0:39611], old=null RUNNING
  s2:  RUNNING CANDIDATE s2@group-A1B89BB4020A:t4, leader=null, voted=s2, raftlog=s2@group-A1B89BB4020A-SegmentedRaftLog:OPENED:c-1,f-1,i0, conf=-1: [s3:0.0.0.0:34761, s4:0.0.0.0:42956, s0:0.0.0.0:35561, s1:0.0.0.0:38095, s2:0.0.0.0:39611], old=null RUNNING
	at org.apache.ratis.MiniRaftCluster.newIllegalStateExceptionForNoLeaders(MiniRaftCluster.java:506)
	at org.apache.ratis.RaftTestUtil.lambda$waitForLeader$1(RaftTestUtil.java:90)
	at org.apache.ratis.MiniRaftCluster.getLeader(MiniRaftCluster.java:539)
	at org.apache.ratis.MiniRaftCluster.getLeader(MiniRaftCluster.java:532)
	at org.apache.ratis.RaftTestUtil.lambda$waitForLeader$3(RaftTestUtil.java:98)
	at org.apache.ratis.util.JavaUtils.attempt(JavaUtils.java:152)
	at org.apache.ratis.RaftTestUtil.waitForLeader(RaftTestUtil.java:97)
	at org.apache.ratis.RaftTestUtil.waitForLeader(RaftTestUtil.java:77)
	at org.apache.ratis.RaftTestUtil.waitForLeader(RaftTestUtil.java:72)
	at org.apache.ratis.RaftBasicTests.runTestOldLeaderNotCommit(RaftBasicTests.java:218)
	at org.apache.ratis.MiniRaftCluster$Factory$Get.runWithNewCluster(MiniRaftCluster.java:125)
	at org.apache.ratis.MiniRaftCluster$Factory$Get.runWithNewCluster(MiniRaftCluster.java:113)
	at org.apache.ratis.RaftBasicTests.testOldLeaderNotCommit(RaftBasicTests.java:214)
	at sun.reflect.NativeMethodAccessorImpl.invoke0(Native Method)
	at sun.reflect.NativeMethodAccessorImpl.invoke(NativeMethodAccessorImpl.java:62)
	at sun.reflect.DelegatingMethodAccessorImpl.invoke(DelegatingMethodAccessorImpl.java:43)
	at java.lang.reflect.Method.invoke(Method.java:498)
	at org.junit.runners.model.FrameworkMethod$1.runReflectiveCall(FrameworkMethod.java:50)
	at org.junit.internal.runners.model.ReflectiveCallable.run(ReflectiveCallable.java:12)
	at org.junit.runners.model.FrameworkMethod.invokeExplosively(FrameworkMethod.java:47)
	at org.junit.internal.runners.statements.InvokeMethod.evaluate(InvokeMethod.java:17)
	at org.junit.internal.runners.statements.RunAfters.evaluate(RunAfters.java:27)
	at org.junit.internal.runners.statements.FailOnTimeout$CallableStatement.call(FailOnTimeout.java:298)
	at org.junit.internal.runners.statements.FailOnTimeout$CallableStatement.call(FailOnTimeout.java:292)
	at java.util.concurrent.FutureTask.run(FutureTask.java:266)
	at java.lang.Thread.run(Thread.java:748)
2019-09-24 16:44:18,828 WARN  ratis.RaftTestUtil (JavaUtils.java:attempt(158)) - FAILED "waitForLeader-null-(expectLeader? true)", attempt #30/100: java.lang.IllegalStateException: No leader yet : printing ALL groups
  s3:  RUNNING CANDIDATE s3@group-A1B89BB4020A:t4, leader=null, voted=s3, raftlog=s3@group-A1B89BB4020A-SegmentedRaftLog:OPENED:c-1,f-1,i0, conf=-1: [s3:0.0.0.0:34761, s4:0.0.0.0:42956, s0:0.0.0.0:35561, s1:0.0.0.0:38095, s2:0.0.0.0:39611], old=null RUNNING
  s4:  RUNNING CANDIDATE s4@group-A1B89BB4020A:t4, leader=null, voted=s4, raftlog=s4@group-A1B89BB4020A-SegmentedRaftLog:OPENED:c-1,f-1,i0, conf=-1: [s3:0.0.0.0:34761, s4:0.0.0.0:42956, s0:0.0.0.0:35561, s1:0.0.0.0:38095, s2:0.0.0.0:39611], old=null RUNNING
  s0:  RUNNING CANDIDATE s0@group-A1B89BB4020A:t4, leader=null, voted=s0, raftlog=s0@group-A1B89BB4020A-SegmentedRaftLog:OPENED:c-1,f-1,i0, conf=-1: [s3:0.0.0.0:34761, s4:0.0.0.0:42956, s0:0.0.0.0:35561, s1:0.0.0.0:38095, s2:0.0.0.0:39611], old=null RUNNING
  s1:  RUNNING CANDIDATE s1@group-A1B89BB4020A:t4, leader=null, voted=s1, raftlog=s1@group-A1B89BB4020A-SegmentedRaftLog:OPENED:c-1,f-1,i0, conf=-1: [s3:0.0.0.0:34761, s4:0.0.0.0:42956, s0:0.0.0.0:35561, s1:0.0.0.0:38095, s2:0.0.0.0:39611], old=null RUNNING
  s2:  RUNNING CANDIDATE s2@group-A1B89BB4020A:t4, leader=null, voted=s2, raftlog=s2@group-A1B89BB4020A-SegmentedRaftLog:OPENED:c-1,f-1,i0, conf=-1: [s3:0.0.0.0:34761, s4:0.0.0.0:42956, s0:0.0.0.0:35561, s1:0.0.0.0:38095, s2:0.0.0.0:39611], old=null RUNNING, sleep 450ms and then retry.
java.lang.IllegalStateException: No leader yet : printing ALL groups
  s3:  RUNNING CANDIDATE s3@group-A1B89BB4020A:t4, leader=null, voted=s3, raftlog=s3@group-A1B89BB4020A-SegmentedRaftLog:OPENED:c-1,f-1,i0, conf=-1: [s3:0.0.0.0:34761, s4:0.0.0.0:42956, s0:0.0.0.0:35561, s1:0.0.0.0:38095, s2:0.0.0.0:39611], old=null RUNNING
  s4:  RUNNING CANDIDATE s4@group-A1B89BB4020A:t4, leader=null, voted=s4, raftlog=s4@group-A1B89BB4020A-SegmentedRaftLog:OPENED:c-1,f-1,i0, conf=-1: [s3:0.0.0.0:34761, s4:0.0.0.0:42956, s0:0.0.0.0:35561, s1:0.0.0.0:38095, s2:0.0.0.0:39611], old=null RUNNING
  s0:  RUNNING CANDIDATE s0@group-A1B89BB4020A:t4, leader=null, voted=s0, raftlog=s0@group-A1B89BB4020A-SegmentedRaftLog:OPENED:c-1,f-1,i0, conf=-1: [s3:0.0.0.0:34761, s4:0.0.0.0:42956, s0:0.0.0.0:35561, s1:0.0.0.0:38095, s2:0.0.0.0:39611], old=null RUNNING
  s1:  RUNNING CANDIDATE s1@group-A1B89BB4020A:t4, leader=null, voted=s1, raftlog=s1@group-A1B89BB4020A-SegmentedRaftLog:OPENED:c-1,f-1,i0, conf=-1: [s3:0.0.0.0:34761, s4:0.0.0.0:42956, s0:0.0.0.0:35561, s1:0.0.0.0:38095, s2:0.0.0.0:39611], old=null RUNNING
  s2:  RUNNING CANDIDATE s2@group-A1B89BB4020A:t4, leader=null, voted=s2, raftlog=s2@group-A1B89BB4020A-SegmentedRaftLog:OPENED:c-1,f-1,i0, conf=-1: [s3:0.0.0.0:34761, s4:0.0.0.0:42956, s0:0.0.0.0:35561, s1:0.0.0.0:38095, s2:0.0.0.0:39611], old=null RUNNING
	at org.apache.ratis.MiniRaftCluster.newIllegalStateExceptionForNoLeaders(MiniRaftCluster.java:506)
	at org.apache.ratis.RaftTestUtil.lambda$waitForLeader$1(RaftTestUtil.java:90)
	at org.apache.ratis.MiniRaftCluster.getLeader(MiniRaftCluster.java:539)
	at org.apache.ratis.MiniRaftCluster.getLeader(MiniRaftCluster.java:532)
	at org.apache.ratis.RaftTestUtil.lambda$waitForLeader$3(RaftTestUtil.java:98)
	at org.apache.ratis.util.JavaUtils.attempt(JavaUtils.java:152)
	at org.apache.ratis.RaftTestUtil.waitForLeader(RaftTestUtil.java:97)
	at org.apache.ratis.RaftTestUtil.waitForLeader(RaftTestUtil.java:77)
	at org.apache.ratis.RaftTestUtil.waitForLeader(RaftTestUtil.java:72)
	at org.apache.ratis.RaftBasicTests.runTestOldLeaderNotCommit(RaftBasicTests.java:218)
	at org.apache.ratis.MiniRaftCluster$Factory$Get.runWithNewCluster(MiniRaftCluster.java:125)
	at org.apache.ratis.MiniRaftCluster$Factory$Get.runWithNewCluster(MiniRaftCluster.java:113)
	at org.apache.ratis.RaftBasicTests.testOldLeaderNotCommit(RaftBasicTests.java:214)
	at sun.reflect.NativeMethodAccessorImpl.invoke0(Native Method)
	at sun.reflect.NativeMethodAccessorImpl.invoke(NativeMethodAccessorImpl.java:62)
	at sun.reflect.DelegatingMethodAccessorImpl.invoke(DelegatingMethodAccessorImpl.java:43)
	at java.lang.reflect.Method.invoke(Method.java:498)
	at org.junit.runners.model.FrameworkMethod$1.runReflectiveCall(FrameworkMethod.java:50)
	at org.junit.internal.runners.model.ReflectiveCallable.run(ReflectiveCallable.java:12)
	at org.junit.runners.model.FrameworkMethod.invokeExplosively(FrameworkMethod.java:47)
	at org.junit.internal.runners.statements.InvokeMethod.evaluate(InvokeMethod.java:17)
	at org.junit.internal.runners.statements.RunAfters.evaluate(RunAfters.java:27)
	at org.junit.internal.runners.statements.FailOnTimeout$CallableStatement.call(FailOnTimeout.java:298)
	at org.junit.internal.runners.statements.FailOnTimeout$CallableStatement.call(FailOnTimeout.java:292)
	at java.util.concurrent.FutureTask.run(FutureTask.java:266)
	at java.lang.Thread.run(Thread.java:748)
2019-09-24 16:44:19,280 WARN  ratis.RaftTestUtil (JavaUtils.java:attempt(158)) - FAILED "waitForLeader-null-(expectLeader? true)", attempt #31/100: java.lang.IllegalStateException: No leader yet : printing ALL groups
  s3:  RUNNING CANDIDATE s3@group-A1B89BB4020A:t4, leader=null, voted=s3, raftlog=s3@group-A1B89BB4020A-SegmentedRaftLog:OPENED:c-1,f-1,i0, conf=-1: [s3:0.0.0.0:34761, s4:0.0.0.0:42956, s0:0.0.0.0:35561, s1:0.0.0.0:38095, s2:0.0.0.0:39611], old=null RUNNING
  s4:  RUNNING CANDIDATE s4@group-A1B89BB4020A:t4, leader=null, voted=s4, raftlog=s4@group-A1B89BB4020A-SegmentedRaftLog:OPENED:c-1,f-1,i0, conf=-1: [s3:0.0.0.0:34761, s4:0.0.0.0:42956, s0:0.0.0.0:35561, s1:0.0.0.0:38095, s2:0.0.0.0:39611], old=null RUNNING
  s0:  RUNNING CANDIDATE s0@group-A1B89BB4020A:t4, leader=null, voted=s0, raftlog=s0@group-A1B89BB4020A-SegmentedRaftLog:OPENED:c-1,f-1,i0, conf=-1: [s3:0.0.0.0:34761, s4:0.0.0.0:42956, s0:0.0.0.0:35561, s1:0.0.0.0:38095, s2:0.0.0.0:39611], old=null RUNNING
  s1:  RUNNING CANDIDATE s1@group-A1B89BB4020A:t4, leader=null, voted=s1, raftlog=s1@group-A1B89BB4020A-SegmentedRaftLog:OPENED:c-1,f-1,i0, conf=-1: [s3:0.0.0.0:34761, s4:0.0.0.0:42956, s0:0.0.0.0:35561, s1:0.0.0.0:38095, s2:0.0.0.0:39611], old=null RUNNING
  s2:  RUNNING CANDIDATE s2@group-A1B89BB4020A:t4, leader=null, voted=s2, raftlog=s2@group-A1B89BB4020A-SegmentedRaftLog:OPENED:c-1,f-1,i0, conf=-1: [s3:0.0.0.0:34761, s4:0.0.0.0:42956, s0:0.0.0.0:35561, s1:0.0.0.0:38095, s2:0.0.0.0:39611], old=null RUNNING, sleep 450ms and then retry.
java.lang.IllegalStateException: No leader yet : printing ALL groups
  s3:  RUNNING CANDIDATE s3@group-A1B89BB4020A:t4, leader=null, voted=s3, raftlog=s3@group-A1B89BB4020A-SegmentedRaftLog:OPENED:c-1,f-1,i0, conf=-1: [s3:0.0.0.0:34761, s4:0.0.0.0:42956, s0:0.0.0.0:35561, s1:0.0.0.0:38095, s2:0.0.0.0:39611], old=null RUNNING
  s4:  RUNNING CANDIDATE s4@group-A1B89BB4020A:t4, leader=null, voted=s4, raftlog=s4@group-A1B89BB4020A-SegmentedRaftLog:OPENED:c-1,f-1,i0, conf=-1: [s3:0.0.0.0:34761, s4:0.0.0.0:42956, s0:0.0.0.0:35561, s1:0.0.0.0:38095, s2:0.0.0.0:39611], old=null RUNNING
  s0:  RUNNING CANDIDATE s0@group-A1B89BB4020A:t4, leader=null, voted=s0, raftlog=s0@group-A1B89BB4020A-SegmentedRaftLog:OPENED:c-1,f-1,i0, conf=-1: [s3:0.0.0.0:34761, s4:0.0.0.0:42956, s0:0.0.0.0:35561, s1:0.0.0.0:38095, s2:0.0.0.0:39611], old=null RUNNING
  s1:  RUNNING CANDIDATE s1@group-A1B89BB4020A:t4, leader=null, voted=s1, raftlog=s1@group-A1B89BB4020A-SegmentedRaftLog:OPENED:c-1,f-1,i0, conf=-1: [s3:0.0.0.0:34761, s4:0.0.0.0:42956, s0:0.0.0.0:35561, s1:0.0.0.0:38095, s2:0.0.0.0:39611], old=null RUNNING
  s2:  RUNNING CANDIDATE s2@group-A1B89BB4020A:t4, leader=null, voted=s2, raftlog=s2@group-A1B89BB4020A-SegmentedRaftLog:OPENED:c-1,f-1,i0, conf=-1: [s3:0.0.0.0:34761, s4:0.0.0.0:42956, s0:0.0.0.0:35561, s1:0.0.0.0:38095, s2:0.0.0.0:39611], old=null RUNNING
	at org.apache.ratis.MiniRaftCluster.newIllegalStateExceptionForNoLeaders(MiniRaftCluster.java:506)
	at org.apache.ratis.RaftTestUtil.lambda$waitForLeader$1(RaftTestUtil.java:90)
	at org.apache.ratis.MiniRaftCluster.getLeader(MiniRaftCluster.java:539)
	at org.apache.ratis.MiniRaftCluster.getLeader(MiniRaftCluster.java:532)
	at org.apache.ratis.RaftTestUtil.lambda$waitForLeader$3(RaftTestUtil.java:98)
	at org.apache.ratis.util.JavaUtils.attempt(JavaUtils.java:152)
	at org.apache.ratis.RaftTestUtil.waitForLeader(RaftTestUtil.java:97)
	at org.apache.ratis.RaftTestUtil.waitForLeader(RaftTestUtil.java:77)
	at org.apache.ratis.RaftTestUtil.waitForLeader(RaftTestUtil.java:72)
	at org.apache.ratis.RaftBasicTests.runTestOldLeaderNotCommit(RaftBasicTests.java:218)
	at org.apache.ratis.MiniRaftCluster$Factory$Get.runWithNewCluster(MiniRaftCluster.java:125)
	at org.apache.ratis.MiniRaftCluster$Factory$Get.runWithNewCluster(MiniRaftCluster.java:113)
	at org.apache.ratis.RaftBasicTests.testOldLeaderNotCommit(RaftBasicTests.java:214)
	at sun.reflect.NativeMethodAccessorImpl.invoke0(Native Method)
	at sun.reflect.NativeMethodAccessorImpl.invoke(NativeMethodAccessorImpl.java:62)
	at sun.reflect.DelegatingMethodAccessorImpl.invoke(DelegatingMethodAccessorImpl.java:43)
	at java.lang.reflect.Method.invoke(Method.java:498)
	at org.junit.runners.model.FrameworkMethod$1.runReflectiveCall(FrameworkMethod.java:50)
	at org.junit.internal.runners.model.ReflectiveCallable.run(ReflectiveCallable.java:12)
	at org.junit.runners.model.FrameworkMethod.invokeExplosively(FrameworkMethod.java:47)
	at org.junit.internal.runners.statements.InvokeMethod.evaluate(InvokeMethod.java:17)
	at org.junit.internal.runners.statements.RunAfters.evaluate(RunAfters.java:27)
	at org.junit.internal.runners.statements.FailOnTimeout$CallableStatement.call(FailOnTimeout.java:298)
	at org.junit.internal.runners.statements.FailOnTimeout$CallableStatement.call(FailOnTimeout.java:292)
	at java.util.concurrent.FutureTask.run(FutureTask.java:266)
	at java.lang.Thread.run(Thread.java:748)
2019-09-24 16:44:19,731 WARN  ratis.RaftTestUtil (JavaUtils.java:attempt(158)) - FAILED "waitForLeader-null-(expectLeader? true)", attempt #32/100: java.lang.IllegalStateException: No leader yet : printing ALL groups
  s3:  RUNNING CANDIDATE s3@group-A1B89BB4020A:t4, leader=null, voted=s3, raftlog=s3@group-A1B89BB4020A-SegmentedRaftLog:OPENED:c-1,f-1,i0, conf=-1: [s3:0.0.0.0:34761, s4:0.0.0.0:42956, s0:0.0.0.0:35561, s1:0.0.0.0:38095, s2:0.0.0.0:39611], old=null RUNNING
  s4:  RUNNING CANDIDATE s4@group-A1B89BB4020A:t4, leader=null, voted=s4, raftlog=s4@group-A1B89BB4020A-SegmentedRaftLog:OPENED:c-1,f-1,i0, conf=-1: [s3:0.0.0.0:34761, s4:0.0.0.0:42956, s0:0.0.0.0:35561, s1:0.0.0.0:38095, s2:0.0.0.0:39611], old=null RUNNING
  s0:  RUNNING CANDIDATE s0@group-A1B89BB4020A:t4, leader=null, voted=s0, raftlog=s0@group-A1B89BB4020A-SegmentedRaftLog:OPENED:c-1,f-1,i0, conf=-1: [s3:0.0.0.0:34761, s4:0.0.0.0:42956, s0:0.0.0.0:35561, s1:0.0.0.0:38095, s2:0.0.0.0:39611], old=null RUNNING
  s1:  RUNNING CANDIDATE s1@group-A1B89BB4020A:t4, leader=null, voted=s1, raftlog=s1@group-A1B89BB4020A-SegmentedRaftLog:OPENED:c-1,f-1,i0, conf=-1: [s3:0.0.0.0:34761, s4:0.0.0.0:42956, s0:0.0.0.0:35561, s1:0.0.0.0:38095, s2:0.0.0.0:39611], old=null RUNNING
  s2:  RUNNING CANDIDATE s2@group-A1B89BB4020A:t4, leader=null, voted=s2, raftlog=s2@group-A1B89BB4020A-SegmentedRaftLog:OPENED:c-1,f-1,i0, conf=-1: [s3:0.0.0.0:34761, s4:0.0.0.0:42956, s0:0.0.0.0:35561, s1:0.0.0.0:38095, s2:0.0.0.0:39611], old=null RUNNING, sleep 450ms and then retry.
java.lang.IllegalStateException: No leader yet : printing ALL groups
  s3:  RUNNING CANDIDATE s3@group-A1B89BB4020A:t4, leader=null, voted=s3, raftlog=s3@group-A1B89BB4020A-SegmentedRaftLog:OPENED:c-1,f-1,i0, conf=-1: [s3:0.0.0.0:34761, s4:0.0.0.0:42956, s0:0.0.0.0:35561, s1:0.0.0.0:38095, s2:0.0.0.0:39611], old=null RUNNING
  s4:  RUNNING CANDIDATE s4@group-A1B89BB4020A:t4, leader=null, voted=s4, raftlog=s4@group-A1B89BB4020A-SegmentedRaftLog:OPENED:c-1,f-1,i0, conf=-1: [s3:0.0.0.0:34761, s4:0.0.0.0:42956, s0:0.0.0.0:35561, s1:0.0.0.0:38095, s2:0.0.0.0:39611], old=null RUNNING
  s0:  RUNNING CANDIDATE s0@group-A1B89BB4020A:t4, leader=null, voted=s0, raftlog=s0@group-A1B89BB4020A-SegmentedRaftLog:OPENED:c-1,f-1,i0, conf=-1: [s3:0.0.0.0:34761, s4:0.0.0.0:42956, s0:0.0.0.0:35561, s1:0.0.0.0:38095, s2:0.0.0.0:39611], old=null RUNNING
  s1:  RUNNING CANDIDATE s1@group-A1B89BB4020A:t4, leader=null, voted=s1, raftlog=s1@group-A1B89BB4020A-SegmentedRaftLog:OPENED:c-1,f-1,i0, conf=-1: [s3:0.0.0.0:34761, s4:0.0.0.0:42956, s0:0.0.0.0:35561, s1:0.0.0.0:38095, s2:0.0.0.0:39611], old=null RUNNING
  s2:  RUNNING CANDIDATE s2@group-A1B89BB4020A:t4, leader=null, voted=s2, raftlog=s2@group-A1B89BB4020A-SegmentedRaftLog:OPENED:c-1,f-1,i0, conf=-1: [s3:0.0.0.0:34761, s4:0.0.0.0:42956, s0:0.0.0.0:35561, s1:0.0.0.0:38095, s2:0.0.0.0:39611], old=null RUNNING
	at org.apache.ratis.MiniRaftCluster.newIllegalStateExceptionForNoLeaders(MiniRaftCluster.java:506)
	at org.apache.ratis.RaftTestUtil.lambda$waitForLeader$1(RaftTestUtil.java:90)
	at org.apache.ratis.MiniRaftCluster.getLeader(MiniRaftCluster.java:539)
	at org.apache.ratis.MiniRaftCluster.getLeader(MiniRaftCluster.java:532)
	at org.apache.ratis.RaftTestUtil.lambda$waitForLeader$3(RaftTestUtil.java:98)
	at org.apache.ratis.util.JavaUtils.attempt(JavaUtils.java:152)
	at org.apache.ratis.RaftTestUtil.waitForLeader(RaftTestUtil.java:97)
	at org.apache.ratis.RaftTestUtil.waitForLeader(RaftTestUtil.java:77)
	at org.apache.ratis.RaftTestUtil.waitForLeader(RaftTestUtil.java:72)
	at org.apache.ratis.RaftBasicTests.runTestOldLeaderNotCommit(RaftBasicTests.java:218)
	at org.apache.ratis.MiniRaftCluster$Factory$Get.runWithNewCluster(MiniRaftCluster.java:125)
	at org.apache.ratis.MiniRaftCluster$Factory$Get.runWithNewCluster(MiniRaftCluster.java:113)
	at org.apache.ratis.RaftBasicTests.testOldLeaderNotCommit(RaftBasicTests.java:214)
	at sun.reflect.NativeMethodAccessorImpl.invoke0(Native Method)
	at sun.reflect.NativeMethodAccessorImpl.invoke(NativeMethodAccessorImpl.java:62)
	at sun.reflect.DelegatingMethodAccessorImpl.invoke(DelegatingMethodAccessorImpl.java:43)
	at java.lang.reflect.Method.invoke(Method.java:498)
	at org.junit.runners.model.FrameworkMethod$1.runReflectiveCall(FrameworkMethod.java:50)
	at org.junit.internal.runners.model.ReflectiveCallable.run(ReflectiveCallable.java:12)
	at org.junit.runners.model.FrameworkMethod.invokeExplosively(FrameworkMethod.java:47)
	at org.junit.internal.runners.statements.InvokeMethod.evaluate(InvokeMethod.java:17)
	at org.junit.internal.runners.statements.RunAfters.evaluate(RunAfters.java:27)
	at org.junit.internal.runners.statements.FailOnTimeout$CallableStatement.call(FailOnTimeout.java:298)
	at org.junit.internal.runners.statements.FailOnTimeout$CallableStatement.call(FailOnTimeout.java:292)
	at java.util.concurrent.FutureTask.run(FutureTask.java:266)
	at java.lang.Thread.run(Thread.java:748)
2019-09-24 16:44:20,182 WARN  ratis.RaftTestUtil (JavaUtils.java:attempt(158)) - FAILED "waitForLeader-null-(expectLeader? true)", attempt #33/100: java.lang.IllegalStateException: No leader yet : printing ALL groups
  s3:  RUNNING CANDIDATE s3@group-A1B89BB4020A:t4, leader=null, voted=s3, raftlog=s3@group-A1B89BB4020A-SegmentedRaftLog:OPENED:c-1,f-1,i0, conf=-1: [s3:0.0.0.0:34761, s4:0.0.0.0:42956, s0:0.0.0.0:35561, s1:0.0.0.0:38095, s2:0.0.0.0:39611], old=null RUNNING
  s4:  RUNNING CANDIDATE s4@group-A1B89BB4020A:t4, leader=null, voted=s4, raftlog=s4@group-A1B89BB4020A-SegmentedRaftLog:OPENED:c-1,f-1,i0, conf=-1: [s3:0.0.0.0:34761, s4:0.0.0.0:42956, s0:0.0.0.0:35561, s1:0.0.0.0:38095, s2:0.0.0.0:39611], old=null RUNNING
  s0:  RUNNING CANDIDATE s0@group-A1B89BB4020A:t4, leader=null, voted=s0, raftlog=s0@group-A1B89BB4020A-SegmentedRaftLog:OPENED:c-1,f-1,i0, conf=-1: [s3:0.0.0.0:34761, s4:0.0.0.0:42956, s0:0.0.0.0:35561, s1:0.0.0.0:38095, s2:0.0.0.0:39611], old=null RUNNING
  s1:  RUNNING CANDIDATE s1@group-A1B89BB4020A:t4, leader=null, voted=s1, raftlog=s1@group-A1B89BB4020A-SegmentedRaftLog:OPENED:c-1,f-1,i0, conf=-1: [s3:0.0.0.0:34761, s4:0.0.0.0:42956, s0:0.0.0.0:35561, s1:0.0.0.0:38095, s2:0.0.0.0:39611], old=null RUNNING
  s2:  RUNNING CANDIDATE s2@group-A1B89BB4020A:t4, leader=null, voted=s2, raftlog=s2@group-A1B89BB4020A-SegmentedRaftLog:OPENED:c-1,f-1,i0, conf=-1: [s3:0.0.0.0:34761, s4:0.0.0.0:42956, s0:0.0.0.0:35561, s1:0.0.0.0:38095, s2:0.0.0.0:39611], old=null RUNNING, sleep 450ms and then retry.
java.lang.IllegalStateException: No leader yet : printing ALL groups
  s3:  RUNNING CANDIDATE s3@group-A1B89BB4020A:t4, leader=null, voted=s3, raftlog=s3@group-A1B89BB4020A-SegmentedRaftLog:OPENED:c-1,f-1,i0, conf=-1: [s3:0.0.0.0:34761, s4:0.0.0.0:42956, s0:0.0.0.0:35561, s1:0.0.0.0:38095, s2:0.0.0.0:39611], old=null RUNNING
  s4:  RUNNING CANDIDATE s4@group-A1B89BB4020A:t4, leader=null, voted=s4, raftlog=s4@group-A1B89BB4020A-SegmentedRaftLog:OPENED:c-1,f-1,i0, conf=-1: [s3:0.0.0.0:34761, s4:0.0.0.0:42956, s0:0.0.0.0:35561, s1:0.0.0.0:38095, s2:0.0.0.0:39611], old=null RUNNING
  s0:  RUNNING CANDIDATE s0@group-A1B89BB4020A:t4, leader=null, voted=s0, raftlog=s0@group-A1B89BB4020A-SegmentedRaftLog:OPENED:c-1,f-1,i0, conf=-1: [s3:0.0.0.0:34761, s4:0.0.0.0:42956, s0:0.0.0.0:35561, s1:0.0.0.0:38095, s2:0.0.0.0:39611], old=null RUNNING
  s1:  RUNNING CANDIDATE s1@group-A1B89BB4020A:t4, leader=null, voted=s1, raftlog=s1@group-A1B89BB4020A-SegmentedRaftLog:OPENED:c-1,f-1,i0, conf=-1: [s3:0.0.0.0:34761, s4:0.0.0.0:42956, s0:0.0.0.0:35561, s1:0.0.0.0:38095, s2:0.0.0.0:39611], old=null RUNNING
  s2:  RUNNING CANDIDATE s2@group-A1B89BB4020A:t4, leader=null, voted=s2, raftlog=s2@group-A1B89BB4020A-SegmentedRaftLog:OPENED:c-1,f-1,i0, conf=-1: [s3:0.0.0.0:34761, s4:0.0.0.0:42956, s0:0.0.0.0:35561, s1:0.0.0.0:38095, s2:0.0.0.0:39611], old=null RUNNING
	at org.apache.ratis.MiniRaftCluster.newIllegalStateExceptionForNoLeaders(MiniRaftCluster.java:506)
	at org.apache.ratis.RaftTestUtil.lambda$waitForLeader$1(RaftTestUtil.java:90)
	at org.apache.ratis.MiniRaftCluster.getLeader(MiniRaftCluster.java:539)
	at org.apache.ratis.MiniRaftCluster.getLeader(MiniRaftCluster.java:532)
	at org.apache.ratis.RaftTestUtil.lambda$waitForLeader$3(RaftTestUtil.java:98)
	at org.apache.ratis.util.JavaUtils.attempt(JavaUtils.java:152)
	at org.apache.ratis.RaftTestUtil.waitForLeader(RaftTestUtil.java:97)
	at org.apache.ratis.RaftTestUtil.waitForLeader(RaftTestUtil.java:77)
	at org.apache.ratis.RaftTestUtil.waitForLeader(RaftTestUtil.java:72)
	at org.apache.ratis.RaftBasicTests.runTestOldLeaderNotCommit(RaftBasicTests.java:218)
	at org.apache.ratis.MiniRaftCluster$Factory$Get.runWithNewCluster(MiniRaftCluster.java:125)
	at org.apache.ratis.MiniRaftCluster$Factory$Get.runWithNewCluster(MiniRaftCluster.java:113)
	at org.apache.ratis.RaftBasicTests.testOldLeaderNotCommit(RaftBasicTests.java:214)
	at sun.reflect.NativeMethodAccessorImpl.invoke0(Native Method)
	at sun.reflect.NativeMethodAccessorImpl.invoke(NativeMethodAccessorImpl.java:62)
	at sun.reflect.DelegatingMethodAccessorImpl.invoke(DelegatingMethodAccessorImpl.java:43)
	at java.lang.reflect.Method.invoke(Method.java:498)
	at org.junit.runners.model.FrameworkMethod$1.runReflectiveCall(FrameworkMethod.java:50)
	at org.junit.internal.runners.model.ReflectiveCallable.run(ReflectiveCallable.java:12)
	at org.junit.runners.model.FrameworkMethod.invokeExplosively(FrameworkMethod.java:47)
	at org.junit.internal.runners.statements.InvokeMethod.evaluate(InvokeMethod.java:17)
	at org.junit.internal.runners.statements.RunAfters.evaluate(RunAfters.java:27)
	at org.junit.internal.runners.statements.FailOnTimeout$CallableStatement.call(FailOnTimeout.java:298)
	at org.junit.internal.runners.statements.FailOnTimeout$CallableStatement.call(FailOnTimeout.java:292)
	at java.util.concurrent.FutureTask.run(FutureTask.java:266)
	at java.lang.Thread.run(Thread.java:748)
2019-09-24 16:44:20,472 INFO  impl.LeaderElection (LeaderElection.java:askForVotes(178)) - s1@group-A1B89BB4020A-LeaderElection148: begin an election at term 4 for -1: [s3:0.0.0.0:34761, s4:0.0.0.0:42956, s0:0.0.0.0:35561, s1:0.0.0.0:38095, s2:0.0.0.0:39611], old=null
2019-09-24 16:44:20,472 INFO  impl.LeaderElection (LeaderElection.java:askForVotes(178)) - s4@group-A1B89BB4020A-LeaderElection147: begin an election at term 4 for -1: [s3:0.0.0.0:34761, s4:0.0.0.0:42956, s0:0.0.0.0:35561, s1:0.0.0.0:38095, s2:0.0.0.0:39611], old=null
2019-09-24 16:44:20,472 INFO  impl.LeaderElection (LeaderElection.java:askForVotes(178)) - s2@group-A1B89BB4020A-LeaderElection146: begin an election at term 4 for -1: [s3:0.0.0.0:34761, s4:0.0.0.0:42956, s0:0.0.0.0:35561, s1:0.0.0.0:38095, s2:0.0.0.0:39611], old=null
2019-09-24 16:44:20,472 INFO  impl.LeaderElection (LeaderElection.java:askForVotes(178)) - s3@group-A1B89BB4020A-LeaderElection149: begin an election at term 4 for -1: [s3:0.0.0.0:34761, s4:0.0.0.0:42956, s0:0.0.0.0:35561, s1:0.0.0.0:38095, s2:0.0.0.0:39611], old=null
2019-09-24 16:44:20,472 INFO  impl.LeaderElection (LeaderElection.java:askForVotes(178)) - s0@group-A1B89BB4020A-LeaderElection145: begin an election at term 4 for -1: [s3:0.0.0.0:34761, s4:0.0.0.0:42956, s0:0.0.0.0:35561, s1:0.0.0.0:38095, s2:0.0.0.0:39611], old=null
2019-09-24 16:44:20,474 DEBUG impl.RaftServerImpl (RaftServerImpl.java:requestVote(743)) - s3@group-A1B89BB4020A: receive requestVote(s1, group-A1B89BB4020A, 4, (t:0, i:0))
2019-09-24 16:44:20,474 DEBUG impl.RaftServerImpl (RaftServerImpl.java:requestVote(743)) - s3@group-A1B89BB4020A: receive requestVote(s4, group-A1B89BB4020A, 4, (t:0, i:0))
2019-09-24 16:44:20,474 DEBUG impl.RaftServerImpl (RaftServerImpl.java:requestVote(743)) - s3@group-A1B89BB4020A: receive requestVote(s0, group-A1B89BB4020A, 4, (t:0, i:0))
2019-09-24 16:44:20,474 DEBUG impl.RaftServerImpl (RaftServerImpl.java:requestVote(743)) - s4@group-A1B89BB4020A: receive requestVote(s1, group-A1B89BB4020A, 4, (t:0, i:0))
2019-09-24 16:44:20,474 DEBUG impl.RaftServerImpl (RaftServerImpl.java:requestVote(743)) - s3@group-A1B89BB4020A: receive requestVote(s2, group-A1B89BB4020A, 4, (t:0, i:0))
2019-09-24 16:44:20,475 DEBUG impl.RaftServerImpl (RaftServerImpl.java:requestVote(743)) - s0@group-A1B89BB4020A: receive requestVote(s4, group-A1B89BB4020A, 4, (t:0, i:0))
2019-09-24 16:44:20,476 DEBUG impl.RaftServerImpl (RaftServerImpl.java:requestVote(743)) - s2@group-A1B89BB4020A: receive requestVote(s1, group-A1B89BB4020A, 4, (t:0, i:0))
2019-09-24 16:44:20,475 DEBUG impl.RaftServerImpl (RaftServerImpl.java:requestVote(775)) - s4@group-A1B89BB4020A replies to vote request: s1<-s4#0:FAIL-t4. Peer's state: s4@group-A1B89BB4020A:t4, leader=null, voted=s4, raftlog=s4@group-A1B89BB4020A-SegmentedRaftLog:OPENED:c-1,f-1,i0, conf=-1: [s3:0.0.0.0:34761, s4:0.0.0.0:42956, s0:0.0.0.0:35561, s1:0.0.0.0:38095, s2:0.0.0.0:39611], old=null
2019-09-24 16:44:20,475 DEBUG impl.RaftServerImpl (RaftServerImpl.java:requestVote(743)) - s4@group-A1B89BB4020A: receive requestVote(s0, group-A1B89BB4020A, 4, (t:0, i:0))
2019-09-24 16:44:20,475 DEBUG impl.RaftServerImpl (RaftServerImpl.java:requestVote(743)) - s4@group-A1B89BB4020A: receive requestVote(s2, group-A1B89BB4020A, 4, (t:0, i:0))
2019-09-24 16:44:20,477 DEBUG impl.RaftServerImpl (RaftServerImpl.java:requestVote(743)) - s2@group-A1B89BB4020A: receive requestVote(s4, group-A1B89BB4020A, 4, (t:0, i:0))
2019-09-24 16:44:20,475 DEBUG impl.RaftServerImpl (RaftServerImpl.java:requestVote(743)) - s4@group-A1B89BB4020A: receive requestVote(s3, group-A1B89BB4020A, 4, (t:0, i:0))
2019-09-24 16:44:20,474 DEBUG impl.RaftServerImpl (RaftServerImpl.java:requestVote(743)) - s0@group-A1B89BB4020A: receive requestVote(s1, group-A1B89BB4020A, 4, (t:0, i:0))
2019-09-24 16:44:20,474 DEBUG impl.RaftServerImpl (RaftServerImpl.java:requestVote(775)) - s3@group-A1B89BB4020A replies to vote request: s1<-s3#0:FAIL-t4. Peer's state: s3@group-A1B89BB4020A:t4, leader=null, voted=s3, raftlog=s3@group-A1B89BB4020A-SegmentedRaftLog:OPENED:c-1,f-1,i0, conf=-1: [s3:0.0.0.0:34761, s4:0.0.0.0:42956, s0:0.0.0.0:35561, s1:0.0.0.0:38095, s2:0.0.0.0:39611], old=null
2019-09-24 16:44:20,477 DEBUG impl.RaftServerImpl (RaftServerImpl.java:requestVote(775)) - s4@group-A1B89BB4020A replies to vote request: s0<-s4#0:FAIL-t4. Peer's state: s4@group-A1B89BB4020A:t4, leader=null, voted=s4, raftlog=s4@group-A1B89BB4020A-SegmentedRaftLog:OPENED:c-1,f-1,i0, conf=-1: [s3:0.0.0.0:34761, s4:0.0.0.0:42956, s0:0.0.0.0:35561, s1:0.0.0.0:38095, s2:0.0.0.0:39611], old=null
2019-09-24 16:44:20,476 DEBUG impl.RaftServerImpl (RaftServerImpl.java:requestVote(743)) - s2@group-A1B89BB4020A: receive requestVote(s0, group-A1B89BB4020A, 4, (t:0, i:0))
2019-09-24 16:44:20,476 DEBUG impl.RaftServerImpl (RaftServerImpl.java:requestVote(743)) - s1@group-A1B89BB4020A: receive requestVote(s2, group-A1B89BB4020A, 4, (t:0, i:0))
2019-09-24 16:44:20,476 DEBUG impl.RaftServerImpl (RaftServerImpl.java:requestVote(743)) - s0@group-A1B89BB4020A: receive requestVote(s2, group-A1B89BB4020A, 4, (t:0, i:0))
2019-09-24 16:44:20,476 DEBUG impl.RaftServerImpl (RaftServerImpl.java:requestVote(775)) - s2@group-A1B89BB4020A replies to vote request: s1<-s2#0:FAIL-t4. Peer's state: s2@group-A1B89BB4020A:t4, leader=null, voted=s2, raftlog=s2@group-A1B89BB4020A-SegmentedRaftLog:OPENED:c-1,f-1,i0, conf=-1: [s3:0.0.0.0:34761, s4:0.0.0.0:42956, s0:0.0.0.0:35561, s1:0.0.0.0:38095, s2:0.0.0.0:39611], old=null
2019-09-24 16:44:20,476 DEBUG impl.RaftServerImpl (RaftServerImpl.java:requestVote(743)) - s1@group-A1B89BB4020A: receive requestVote(s0, group-A1B89BB4020A, 4, (t:0, i:0))
2019-09-24 16:44:20,476 DEBUG impl.RaftServerImpl (RaftServerImpl.java:requestVote(775)) - s0@group-A1B89BB4020A replies to vote request: s4<-s0#0:FAIL-t4. Peer's state: s0@group-A1B89BB4020A:t4, leader=null, voted=s0, raftlog=s0@group-A1B89BB4020A-SegmentedRaftLog:OPENED:c-1,f-1,i0, conf=-1: [s3:0.0.0.0:34761, s4:0.0.0.0:42956, s0:0.0.0.0:35561, s1:0.0.0.0:38095, s2:0.0.0.0:39611], old=null
2019-09-24 16:44:20,476 DEBUG impl.RaftServerImpl (RaftServerImpl.java:requestVote(743)) - s1@group-A1B89BB4020A: receive requestVote(s4, group-A1B89BB4020A, 4, (t:0, i:0))
2019-09-24 16:44:20,475 DEBUG impl.RaftServerImpl (RaftServerImpl.java:requestVote(743)) - s0@group-A1B89BB4020A: receive requestVote(s3, group-A1B89BB4020A, 4, (t:0, i:0))
2019-09-24 16:44:20,481 DEBUG impl.RaftServerImpl (RaftServerImpl.java:requestVote(775)) - s0@group-A1B89BB4020A replies to vote request: s2<-s0#0:FAIL-t4. Peer's state: s0@group-A1B89BB4020A:t4, leader=null, voted=s0, raftlog=s0@group-A1B89BB4020A-SegmentedRaftLog:OPENED:c-1,f-1,i0, conf=-1: [s3:0.0.0.0:34761, s4:0.0.0.0:42956, s0:0.0.0.0:35561, s1:0.0.0.0:38095, s2:0.0.0.0:39611], old=null
2019-09-24 16:44:20,480 DEBUG impl.RaftServerImpl (RaftServerImpl.java:requestVote(775)) - s2@group-A1B89BB4020A replies to vote request: s0<-s2#0:FAIL-t4. Peer's state: s2@group-A1B89BB4020A:t4, leader=null, voted=s2, raftlog=s2@group-A1B89BB4020A-SegmentedRaftLog:OPENED:c-1,f-1,i0, conf=-1: [s3:0.0.0.0:34761, s4:0.0.0.0:42956, s0:0.0.0.0:35561, s1:0.0.0.0:38095, s2:0.0.0.0:39611], old=null
2019-09-24 16:44:20,479 DEBUG impl.RaftServerImpl (RaftServerImpl.java:requestVote(775)) - s1@group-A1B89BB4020A replies to vote request: s2<-s1#0:FAIL-t4. Peer's state: s1@group-A1B89BB4020A:t4, leader=null, voted=s1, raftlog=s1@group-A1B89BB4020A-SegmentedRaftLog:OPENED:c-1,f-1,i0, conf=-1: [s3:0.0.0.0:34761, s4:0.0.0.0:42956, s0:0.0.0.0:35561, s1:0.0.0.0:38095, s2:0.0.0.0:39611], old=null
2019-09-24 16:44:20,479 DEBUG impl.RaftServerImpl (RaftServerImpl.java:requestVote(775)) - s4@group-A1B89BB4020A replies to vote request: s3<-s4#0:FAIL-t4. Peer's state: s4@group-A1B89BB4020A:t4, leader=null, voted=s4, raftlog=s4@group-A1B89BB4020A-SegmentedRaftLog:OPENED:c-1,f-1,i0, conf=-1: [s3:0.0.0.0:34761, s4:0.0.0.0:42956, s0:0.0.0.0:35561, s1:0.0.0.0:38095, s2:0.0.0.0:39611], old=null
2019-09-24 16:44:20,478 DEBUG impl.RaftServerImpl (RaftServerImpl.java:requestVote(775)) - s3@group-A1B89BB4020A replies to vote request: s2<-s3#0:FAIL-t4. Peer's state: s3@group-A1B89BB4020A:t4, leader=null, voted=s3, raftlog=s3@group-A1B89BB4020A-SegmentedRaftLog:OPENED:c-1,f-1,i0, conf=-1: [s3:0.0.0.0:34761, s4:0.0.0.0:42956, s0:0.0.0.0:35561, s1:0.0.0.0:38095, s2:0.0.0.0:39611], old=null
2019-09-24 16:44:20,483 DEBUG impl.RaftServerImpl (RaftServerImpl.java:requestVote(775)) - s4@group-A1B89BB4020A replies to vote request: s2<-s4#0:FAIL-t4. Peer's state: s4@group-A1B89BB4020A:t4, leader=null, voted=s4, raftlog=s4@group-A1B89BB4020A-SegmentedRaftLog:OPENED:c-1,f-1,i0, conf=-1: [s3:0.0.0.0:34761, s4:0.0.0.0:42956, s0:0.0.0.0:35561, s1:0.0.0.0:38095, s2:0.0.0.0:39611], old=null
2019-09-24 16:44:20,482 DEBUG impl.RaftServerImpl (RaftServerImpl.java:requestVote(775)) - s1@group-A1B89BB4020A replies to vote request: s4<-s1#0:FAIL-t4. Peer's state: s1@group-A1B89BB4020A:t4, leader=null, voted=s1, raftlog=s1@group-A1B89BB4020A-SegmentedRaftLog:OPENED:c-1,f-1,i0, conf=-1: [s3:0.0.0.0:34761, s4:0.0.0.0:42956, s0:0.0.0.0:35561, s1:0.0.0.0:38095, s2:0.0.0.0:39611], old=null
2019-09-24 16:44:20,482 DEBUG impl.RaftServerImpl (RaftServerImpl.java:requestVote(775)) - s2@group-A1B89BB4020A replies to vote request: s4<-s2#0:FAIL-t4. Peer's state: s2@group-A1B89BB4020A:t4, leader=null, voted=s2, raftlog=s2@group-A1B89BB4020A-SegmentedRaftLog:OPENED:c-1,f-1,i0, conf=-1: [s3:0.0.0.0:34761, s4:0.0.0.0:42956, s0:0.0.0.0:35561, s1:0.0.0.0:38095, s2:0.0.0.0:39611], old=null
2019-09-24 16:44:20,482 DEBUG impl.RaftServerImpl (RaftServerImpl.java:requestVote(775)) - s0@group-A1B89BB4020A replies to vote request: s1<-s0#0:FAIL-t4. Peer's state: s0@group-A1B89BB4020A:t4, leader=null, voted=s0, raftlog=s0@group-A1B89BB4020A-SegmentedRaftLog:OPENED:c-1,f-1,i0, conf=-1: [s3:0.0.0.0:34761, s4:0.0.0.0:42956, s0:0.0.0.0:35561, s1:0.0.0.0:38095, s2:0.0.0.0:39611], old=null
2019-09-24 16:44:20,484 INFO  impl.LeaderElection (LeaderElection.java:logAndReturn(56)) - s2@group-A1B89BB4020A-LeaderElection146: Election REJECTED; received 4 response(s) [s2<-s3#0:FAIL-t4, s2<-s4#0:FAIL-t4, s2<-s0#0:FAIL-t4, s2<-s1#0:FAIL-t4] and 0 exception(s); s2@group-A1B89BB4020A:t4, leader=null, voted=s2, raftlog=s2@group-A1B89BB4020A-SegmentedRaftLog:OPENED:c-1,f-1,i0, conf=-1: [s3:0.0.0.0:34761, s4:0.0.0.0:42956, s0:0.0.0.0:35561, s1:0.0.0.0:38095, s2:0.0.0.0:39611], old=null
2019-09-24 16:44:20,484 DEBUG impl.RaftServerImpl (RaftServerImpl.java:requestVote(775)) - s1@group-A1B89BB4020A replies to vote request: s0<-s1#0:FAIL-t4. Peer's state: s1@group-A1B89BB4020A:t4, leader=null, voted=s1, raftlog=s1@group-A1B89BB4020A-SegmentedRaftLog:OPENED:c-1,f-1,i0, conf=-1: [s3:0.0.0.0:34761, s4:0.0.0.0:42956, s0:0.0.0.0:35561, s1:0.0.0.0:38095, s2:0.0.0.0:39611], old=null
2019-09-24 16:44:20,483 DEBUG impl.RaftServerImpl (RaftServerImpl.java:requestVote(743)) - s1@group-A1B89BB4020A: receive requestVote(s3, group-A1B89BB4020A, 4, (t:0, i:0))
2019-09-24 16:44:20,483 DEBUG impl.RaftServerImpl (RaftServerImpl.java:requestVote(775)) - s3@group-A1B89BB4020A replies to vote request: s0<-s3#0:FAIL-t4. Peer's state: s3@group-A1B89BB4020A:t4, leader=null, voted=s3, raftlog=s3@group-A1B89BB4020A-SegmentedRaftLog:OPENED:c-1,f-1,i0, conf=-1: [s3:0.0.0.0:34761, s4:0.0.0.0:42956, s0:0.0.0.0:35561, s1:0.0.0.0:38095, s2:0.0.0.0:39611], old=null
2019-09-24 16:44:20,485 DEBUG impl.RaftServerImpl (RaftServerImpl.java:requestVote(775)) - s1@group-A1B89BB4020A replies to vote request: s3<-s1#0:FAIL-t4. Peer's state: s1@group-A1B89BB4020A:t4, leader=null, voted=s1, raftlog=s1@group-A1B89BB4020A-SegmentedRaftLog:OPENED:c-1,f-1,i0, conf=-1: [s3:0.0.0.0:34761, s4:0.0.0.0:42956, s0:0.0.0.0:35561, s1:0.0.0.0:38095, s2:0.0.0.0:39611], old=null
2019-09-24 16:44:20,485 INFO  impl.LeaderElection (LeaderElection.java:logAndReturn(56)) - s1@group-A1B89BB4020A-LeaderElection148: Election REJECTED; received 4 response(s) [s1<-s3#0:FAIL-t4, s1<-s4#0:FAIL-t4, s1<-s0#0:FAIL-t4, s1<-s2#0:FAIL-t4] and 0 exception(s); s1@group-A1B89BB4020A:t4, leader=null, voted=s1, raftlog=s1@group-A1B89BB4020A-SegmentedRaftLog:OPENED:c-1,f-1,i0, conf=-1: [s3:0.0.0.0:34761, s4:0.0.0.0:42956, s0:0.0.0.0:35561, s1:0.0.0.0:38095, s2:0.0.0.0:39611], old=null
2019-09-24 16:44:20,484 INFO  impl.RaftServerImpl (RaftServerImpl.java:setRole(170)) - s2@group-A1B89BB4020A: changes role from CANDIDATE to FOLLOWER at term 4 for DISCOVERED_A_NEW_TERM
2019-09-24 16:44:20,484 DEBUG impl.RaftServerImpl (RaftServerImpl.java:requestVote(775)) - s0@group-A1B89BB4020A replies to vote request: s3<-s0#0:FAIL-t4. Peer's state: s0@group-A1B89BB4020A:t4, leader=null, voted=s0, raftlog=s0@group-A1B89BB4020A-SegmentedRaftLog:OPENED:c-1,f-1,i0, conf=-1: [s3:0.0.0.0:34761, s4:0.0.0.0:42956, s0:0.0.0.0:35561, s1:0.0.0.0:38095, s2:0.0.0.0:39611], old=null
2019-09-24 16:44:20,486 INFO  impl.RoleInfo (RoleInfo.java:shutdownLeaderElection(134)) - s2: shutdown LeaderElection
2019-09-24 16:44:20,486 INFO  impl.RaftServerImpl (RaftServerImpl.java:setRole(170)) - s1@group-A1B89BB4020A: changes role from CANDIDATE to FOLLOWER at term 4 for DISCOVERED_A_NEW_TERM
2019-09-24 16:44:20,487 INFO  impl.RoleInfo (RoleInfo.java:shutdownLeaderElection(134)) - s1: shutdown LeaderElection
2019-09-24 16:44:20,486 INFO  impl.LeaderElection (LeaderElection.java:logAndReturn(56)) - s0@group-A1B89BB4020A-LeaderElection145: Election REJECTED; received 4 response(s) [s0<-s3#0:FAIL-t4, s0<-s4#0:FAIL-t4, s0<-s1#0:FAIL-t4, s0<-s2#0:FAIL-t4] and 0 exception(s); s0@group-A1B89BB4020A:t4, leader=null, voted=s0, raftlog=s0@group-A1B89BB4020A-SegmentedRaftLog:OPENED:c-1,f-1,i0, conf=-1: [s3:0.0.0.0:34761, s4:0.0.0.0:42956, s0:0.0.0.0:35561, s1:0.0.0.0:38095, s2:0.0.0.0:39611], old=null
2019-09-24 16:44:20,485 DEBUG impl.RaftServerImpl (RaftServerImpl.java:requestVote(775)) - s3@group-A1B89BB4020A replies to vote request: s4<-s3#0:FAIL-t4. Peer's state: s3@group-A1B89BB4020A:t4, leader=null, voted=s3, raftlog=s3@group-A1B89BB4020A-SegmentedRaftLog:OPENED:c-1,f-1,i0, conf=-1: [s3:0.0.0.0:34761, s4:0.0.0.0:42956, s0:0.0.0.0:35561, s1:0.0.0.0:38095, s2:0.0.0.0:39611], old=null
2019-09-24 16:44:20,487 INFO  impl.RaftServerImpl (RaftServerImpl.java:setRole(170)) - s0@group-A1B89BB4020A: changes role from CANDIDATE to FOLLOWER at term 4 for DISCOVERED_A_NEW_TERM
2019-09-24 16:44:20,487 INFO  impl.RoleInfo (RoleInfo.java:updateAndGet(143)) - s1: start FollowerState
2019-09-24 16:44:20,487 INFO  impl.RoleInfo (RoleInfo.java:updateAndGet(143)) - s2: start FollowerState
2019-09-24 16:44:20,488 INFO  impl.LeaderElection (LeaderElection.java:logAndReturn(56)) - s4@group-A1B89BB4020A-LeaderElection147: Election REJECTED; received 4 response(s) [s4<-s3#0:FAIL-t4, s4<-s0#0:FAIL-t4, s4<-s1#0:FAIL-t4, s4<-s2#0:FAIL-t4] and 0 exception(s); s4@group-A1B89BB4020A:t4, leader=null, voted=s4, raftlog=s4@group-A1B89BB4020A-SegmentedRaftLog:OPENED:c-1,f-1,i0, conf=-1: [s3:0.0.0.0:34761, s4:0.0.0.0:42956, s0:0.0.0.0:35561, s1:0.0.0.0:38095, s2:0.0.0.0:39611], old=null
2019-09-24 16:44:20,488 DEBUG impl.RaftServerImpl (RaftServerImpl.java:requestVote(743)) - s2@group-A1B89BB4020A: receive requestVote(s3, group-A1B89BB4020A, 4, (t:0, i:0))
2019-09-24 16:44:20,487 INFO  impl.RoleInfo (RoleInfo.java:shutdownLeaderElection(134)) - s0: shutdown LeaderElection
2019-09-24 16:44:20,489 DEBUG impl.RaftServerImpl (RaftServerImpl.java:requestVote(775)) - s2@group-A1B89BB4020A replies to vote request: s3<-s2#0:FAIL-t4. Peer's state: s2@group-A1B89BB4020A:t4, leader=null, voted=s2, raftlog=s2@group-A1B89BB4020A-SegmentedRaftLog:OPENED:c-1,f-1,i0, conf=-1: [s3:0.0.0.0:34761, s4:0.0.0.0:42956, s0:0.0.0.0:35561, s1:0.0.0.0:38095, s2:0.0.0.0:39611], old=null
2019-09-24 16:44:20,488 INFO  impl.RaftServerImpl (RaftServerImpl.java:setRole(170)) - s4@group-A1B89BB4020A: changes role from CANDIDATE to FOLLOWER at term 4 for DISCOVERED_A_NEW_TERM
2019-09-24 16:44:20,489 INFO  impl.RoleInfo (RoleInfo.java:updateAndGet(143)) - s0: start FollowerState
2019-09-24 16:44:20,489 INFO  impl.RoleInfo (RoleInfo.java:shutdownLeaderElection(134)) - s4: shutdown LeaderElection
2019-09-24 16:44:20,489 INFO  impl.LeaderElection (LeaderElection.java:logAndReturn(56)) - s3@group-A1B89BB4020A-LeaderElection149: Election REJECTED; received 4 response(s) [s3<-s4#0:FAIL-t4, s3<-s0#0:FAIL-t4, s3<-s1#0:FAIL-t4, s3<-s2#0:FAIL-t4] and 0 exception(s); s3@group-A1B89BB4020A:t4, leader=null, voted=s3, raftlog=s3@group-A1B89BB4020A-SegmentedRaftLog:OPENED:c-1,f-1,i0, conf=-1: [s3:0.0.0.0:34761, s4:0.0.0.0:42956, s0:0.0.0.0:35561, s1:0.0.0.0:38095, s2:0.0.0.0:39611], old=null
2019-09-24 16:44:20,489 INFO  impl.RoleInfo (RoleInfo.java:updateAndGet(143)) - s4: start FollowerState
2019-09-24 16:44:20,490 INFO  impl.RaftServerImpl (RaftServerImpl.java:setRole(170)) - s3@group-A1B89BB4020A: changes role from CANDIDATE to FOLLOWER at term 4 for DISCOVERED_A_NEW_TERM
2019-09-24 16:44:20,490 INFO  impl.RoleInfo (RoleInfo.java:shutdownLeaderElection(134)) - s3: shutdown LeaderElection
2019-09-24 16:44:20,490 INFO  impl.RoleInfo (RoleInfo.java:updateAndGet(143)) - s3: start FollowerState
2019-09-24 16:44:20,633 WARN  ratis.RaftTestUtil (JavaUtils.java:attempt(158)) - FAILED "waitForLeader-null-(expectLeader? true)", attempt #34/100: java.lang.IllegalStateException: No leader yet : printing ALL groups
  s3:  RUNNING  FOLLOWER s3@group-A1B89BB4020A:t4, leader=null, voted=s3, raftlog=s3@group-A1B89BB4020A-SegmentedRaftLog:OPENED:c-1,f-1,i0, conf=-1: [s3:0.0.0.0:34761, s4:0.0.0.0:42956, s0:0.0.0.0:35561, s1:0.0.0.0:38095, s2:0.0.0.0:39611], old=null RUNNING
  s4:  RUNNING  FOLLOWER s4@group-A1B89BB4020A:t4, leader=null, voted=s4, raftlog=s4@group-A1B89BB4020A-SegmentedRaftLog:OPENED:c-1,f-1,i0, conf=-1: [s3:0.0.0.0:34761, s4:0.0.0.0:42956, s0:0.0.0.0:35561, s1:0.0.0.0:38095, s2:0.0.0.0:39611], old=null RUNNING
  s0:  RUNNING  FOLLOWER s0@group-A1B89BB4020A:t4, leader=null, voted=s0, raftlog=s0@group-A1B89BB4020A-SegmentedRaftLog:OPENED:c-1,f-1,i0, conf=-1: [s3:0.0.0.0:34761, s4:0.0.0.0:42956, s0:0.0.0.0:35561, s1:0.0.0.0:38095, s2:0.0.0.0:39611], old=null RUNNING
  s1:  RUNNING  FOLLOWER s1@group-A1B89BB4020A:t4, leader=null, voted=s1, raftlog=s1@group-A1B89BB4020A-SegmentedRaftLog:OPENED:c-1,f-1,i0, conf=-1: [s3:0.0.0.0:34761, s4:0.0.0.0:42956, s0:0.0.0.0:35561, s1:0.0.0.0:38095, s2:0.0.0.0:39611], old=null RUNNING
  s2:  RUNNING  FOLLOWER s2@group-A1B89BB4020A:t4, leader=null, voted=s2, raftlog=s2@group-A1B89BB4020A-SegmentedRaftLog:OPENED:c-1,f-1,i0, conf=-1: [s3:0.0.0.0:34761, s4:0.0.0.0:42956, s0:0.0.0.0:35561, s1:0.0.0.0:38095, s2:0.0.0.0:39611], old=null RUNNING, sleep 450ms and then retry.
java.lang.IllegalStateException: No leader yet : printing ALL groups
  s3:  RUNNING  FOLLOWER s3@group-A1B89BB4020A:t4, leader=null, voted=s3, raftlog=s3@group-A1B89BB4020A-SegmentedRaftLog:OPENED:c-1,f-1,i0, conf=-1: [s3:0.0.0.0:34761, s4:0.0.0.0:42956, s0:0.0.0.0:35561, s1:0.0.0.0:38095, s2:0.0.0.0:39611], old=null RUNNING
  s4:  RUNNING  FOLLOWER s4@group-A1B89BB4020A:t4, leader=null, voted=s4, raftlog=s4@group-A1B89BB4020A-SegmentedRaftLog:OPENED:c-1,f-1,i0, conf=-1: [s3:0.0.0.0:34761, s4:0.0.0.0:42956, s0:0.0.0.0:35561, s1:0.0.0.0:38095, s2:0.0.0.0:39611], old=null RUNNING
  s0:  RUNNING  FOLLOWER s0@group-A1B89BB4020A:t4, leader=null, voted=s0, raftlog=s0@group-A1B89BB4020A-SegmentedRaftLog:OPENED:c-1,f-1,i0, conf=-1: [s3:0.0.0.0:34761, s4:0.0.0.0:42956, s0:0.0.0.0:35561, s1:0.0.0.0:38095, s2:0.0.0.0:39611], old=null RUNNING
  s1:  RUNNING  FOLLOWER s1@group-A1B89BB4020A:t4, leader=null, voted=s1, raftlog=s1@group-A1B89BB4020A-SegmentedRaftLog:OPENED:c-1,f-1,i0, conf=-1: [s3:0.0.0.0:34761, s4:0.0.0.0:42956, s0:0.0.0.0:35561, s1:0.0.0.0:38095, s2:0.0.0.0:39611], old=null RUNNING
  s2:  RUNNING  FOLLOWER s2@group-A1B89BB4020A:t4, leader=null, voted=s2, raftlog=s2@group-A1B89BB4020A-SegmentedRaftLog:OPENED:c-1,f-1,i0, conf=-1: [s3:0.0.0.0:34761, s4:0.0.0.0:42956, s0:0.0.0.0:35561, s1:0.0.0.0:38095, s2:0.0.0.0:39611], old=null RUNNING
	at org.apache.ratis.MiniRaftCluster.newIllegalStateExceptionForNoLeaders(MiniRaftCluster.java:506)
	at org.apache.ratis.RaftTestUtil.lambda$waitForLeader$1(RaftTestUtil.java:90)
	at org.apache.ratis.MiniRaftCluster.getLeader(MiniRaftCluster.java:539)
	at org.apache.ratis.MiniRaftCluster.getLeader(MiniRaftCluster.java:532)
	at org.apache.ratis.RaftTestUtil.lambda$waitForLeader$3(RaftTestUtil.java:98)
	at org.apache.ratis.util.JavaUtils.attempt(JavaUtils.java:152)
	at org.apache.ratis.RaftTestUtil.waitForLeader(RaftTestUtil.java:97)
	at org.apache.ratis.RaftTestUtil.waitForLeader(RaftTestUtil.java:77)
	at org.apache.ratis.RaftTestUtil.waitForLeader(RaftTestUtil.java:72)
	at org.apache.ratis.RaftBasicTests.runTestOldLeaderNotCommit(RaftBasicTests.java:218)
	at org.apache.ratis.MiniRaftCluster$Factory$Get.runWithNewCluster(MiniRaftCluster.java:125)
	at org.apache.ratis.MiniRaftCluster$Factory$Get.runWithNewCluster(MiniRaftCluster.java:113)
	at org.apache.ratis.RaftBasicTests.testOldLeaderNotCommit(RaftBasicTests.java:214)
	at sun.reflect.NativeMethodAccessorImpl.invoke0(Native Method)
	at sun.reflect.NativeMethodAccessorImpl.invoke(NativeMethodAccessorImpl.java:62)
	at sun.reflect.DelegatingMethodAccessorImpl.invoke(DelegatingMethodAccessorImpl.java:43)
	at java.lang.reflect.Method.invoke(Method.java:498)
	at org.junit.runners.model.FrameworkMethod$1.runReflectiveCall(FrameworkMethod.java:50)
	at org.junit.internal.runners.model.ReflectiveCallable.run(ReflectiveCallable.java:12)
	at org.junit.runners.model.FrameworkMethod.invokeExplosively(FrameworkMethod.java:47)
	at org.junit.internal.runners.statements.InvokeMethod.evaluate(InvokeMethod.java:17)
	at org.junit.internal.runners.statements.RunAfters.evaluate(RunAfters.java:27)
	at org.junit.internal.runners.statements.FailOnTimeout$CallableStatement.call(FailOnTimeout.java:298)
	at org.junit.internal.runners.statements.FailOnTimeout$CallableStatement.call(FailOnTimeout.java:292)
	at java.util.concurrent.FutureTask.run(FutureTask.java:266)
	at java.lang.Thread.run(Thread.java:748)
2019-09-24 16:44:20,639 INFO  impl.FollowerState (FollowerState.java:run(108)) - s1@group-A1B89BB4020A-FollowerState: change to CANDIDATE, lastRpcTime:152ms, electionTimeout:151ms
2019-09-24 16:44:20,639 INFO  impl.RoleInfo (RoleInfo.java:shutdownFollowerState(121)) - s1: shutdown FollowerState
2019-09-24 16:44:20,639 INFO  impl.RaftServerImpl (RaftServerImpl.java:setRole(170)) - s1@group-A1B89BB4020A: changes role from  FOLLOWER to CANDIDATE at term 4 for changeToCandidate
2019-09-24 16:44:20,640 INFO  impl.RoleInfo (RoleInfo.java:updateAndGet(143)) - s1: start LeaderElection
2019-09-24 16:44:20,663 INFO  impl.FollowerState (FollowerState.java:run(108)) - s0@group-A1B89BB4020A-FollowerState: change to CANDIDATE, lastRpcTime:173ms, electionTimeout:173ms
2019-09-24 16:44:20,663 INFO  impl.RoleInfo (RoleInfo.java:shutdownFollowerState(121)) - s0: shutdown FollowerState
2019-09-24 16:44:20,663 INFO  impl.RaftServerImpl (RaftServerImpl.java:setRole(170)) - s0@group-A1B89BB4020A: changes role from  FOLLOWER to CANDIDATE at term 4 for changeToCandidate
2019-09-24 16:44:20,663 INFO  impl.RoleInfo (RoleInfo.java:updateAndGet(143)) - s0: start LeaderElection
2019-09-24 16:44:20,696 INFO  impl.FollowerState (FollowerState.java:run(108)) - s3@group-A1B89BB4020A-FollowerState: change to CANDIDATE, lastRpcTime:205ms, electionTimeout:205ms
2019-09-24 16:44:20,696 INFO  impl.RoleInfo (RoleInfo.java:shutdownFollowerState(121)) - s3: shutdown FollowerState
2019-09-24 16:44:20,696 INFO  impl.RaftServerImpl (RaftServerImpl.java:setRole(170)) - s3@group-A1B89BB4020A: changes role from  FOLLOWER to CANDIDATE at term 4 for changeToCandidate
2019-09-24 16:44:20,696 INFO  impl.RoleInfo (RoleInfo.java:updateAndGet(143)) - s3: start LeaderElection
2019-09-24 16:44:20,709 INFO  impl.FollowerState (FollowerState.java:run(108)) - s2@group-A1B89BB4020A-FollowerState: change to CANDIDATE, lastRpcTime:222ms, electionTimeout:220ms
2019-09-24 16:44:20,709 INFO  impl.RoleInfo (RoleInfo.java:shutdownFollowerState(121)) - s2: shutdown FollowerState
2019-09-24 16:44:20,709 INFO  impl.RaftServerImpl (RaftServerImpl.java:setRole(170)) - s2@group-A1B89BB4020A: changes role from  FOLLOWER to CANDIDATE at term 4 for changeToCandidate
2019-09-24 16:44:20,709 INFO  impl.RoleInfo (RoleInfo.java:updateAndGet(143)) - s2: start LeaderElection
2019-09-24 16:44:20,790 INFO  impl.FollowerState (FollowerState.java:run(108)) - s4@group-A1B89BB4020A-FollowerState: change to CANDIDATE, lastRpcTime:300ms, electionTimeout:300ms
2019-09-24 16:44:20,791 INFO  impl.RoleInfo (RoleInfo.java:shutdownFollowerState(121)) - s4: shutdown FollowerState
2019-09-24 16:44:20,791 INFO  impl.RaftServerImpl (RaftServerImpl.java:setRole(170)) - s4@group-A1B89BB4020A: changes role from  FOLLOWER to CANDIDATE at term 4 for changeToCandidate
2019-09-24 16:44:20,791 INFO  impl.RoleInfo (RoleInfo.java:updateAndGet(143)) - s4: start LeaderElection
2019-09-24 16:44:21,085 WARN  ratis.RaftTestUtil (JavaUtils.java:attempt(158)) - FAILED "waitForLeader-null-(expectLeader? true)", attempt #35/100: java.lang.IllegalStateException: No leader yet : printing ALL groups
  s3:  RUNNING CANDIDATE s3@group-A1B89BB4020A:t5, leader=null, voted=s3, raftlog=s3@group-A1B89BB4020A-SegmentedRaftLog:OPENED:c-1,f-1,i0, conf=-1: [s3:0.0.0.0:34761, s4:0.0.0.0:42956, s0:0.0.0.0:35561, s1:0.0.0.0:38095, s2:0.0.0.0:39611], old=null RUNNING
  s4:  RUNNING CANDIDATE s4@group-A1B89BB4020A:t5, leader=null, voted=s4, raftlog=s4@group-A1B89BB4020A-SegmentedRaftLog:OPENED:c-1,f-1,i0, conf=-1: [s3:0.0.0.0:34761, s4:0.0.0.0:42956, s0:0.0.0.0:35561, s1:0.0.0.0:38095, s2:0.0.0.0:39611], old=null RUNNING
  s0:  RUNNING CANDIDATE s0@group-A1B89BB4020A:t5, leader=null, voted=s0, raftlog=s0@group-A1B89BB4020A-SegmentedRaftLog:OPENED:c-1,f-1,i0, conf=-1: [s3:0.0.0.0:34761, s4:0.0.0.0:42956, s0:0.0.0.0:35561, s1:0.0.0.0:38095, s2:0.0.0.0:39611], old=null RUNNING
  s1:  RUNNING CANDIDATE s1@group-A1B89BB4020A:t5, leader=null, voted=s1, raftlog=s1@group-A1B89BB4020A-SegmentedRaftLog:OPENED:c-1,f-1,i0, conf=-1: [s3:0.0.0.0:34761, s4:0.0.0.0:42956, s0:0.0.0.0:35561, s1:0.0.0.0:38095, s2:0.0.0.0:39611], old=null RUNNING
  s2:  RUNNING CANDIDATE s2@group-A1B89BB4020A:t5, leader=null, voted=s2, raftlog=s2@group-A1B89BB4020A-SegmentedRaftLog:OPENED:c-1,f-1,i0, conf=-1: [s3:0.0.0.0:34761, s4:0.0.0.0:42956, s0:0.0.0.0:35561, s1:0.0.0.0:38095, s2:0.0.0.0:39611], old=null RUNNING, sleep 450ms and then retry.
java.lang.IllegalStateException: No leader yet : printing ALL groups
  s3:  RUNNING CANDIDATE s3@group-A1B89BB4020A:t5, leader=null, voted=s3, raftlog=s3@group-A1B89BB4020A-SegmentedRaftLog:OPENED:c-1,f-1,i0, conf=-1: [s3:0.0.0.0:34761, s4:0.0.0.0:42956, s0:0.0.0.0:35561, s1:0.0.0.0:38095, s2:0.0.0.0:39611], old=null RUNNING
  s4:  RUNNING CANDIDATE s4@group-A1B89BB4020A:t5, leader=null, voted=s4, raftlog=s4@group-A1B89BB4020A-SegmentedRaftLog:OPENED:c-1,f-1,i0, conf=-1: [s3:0.0.0.0:34761, s4:0.0.0.0:42956, s0:0.0.0.0:35561, s1:0.0.0.0:38095, s2:0.0.0.0:39611], old=null RUNNING
  s0:  RUNNING CANDIDATE s0@group-A1B89BB4020A:t5, leader=null, voted=s0, raftlog=s0@group-A1B89BB4020A-SegmentedRaftLog:OPENED:c-1,f-1,i0, conf=-1: [s3:0.0.0.0:34761, s4:0.0.0.0:42956, s0:0.0.0.0:35561, s1:0.0.0.0:38095, s2:0.0.0.0:39611], old=null RUNNING
  s1:  RUNNING CANDIDATE s1@group-A1B89BB4020A:t5, leader=null, voted=s1, raftlog=s1@group-A1B89BB4020A-SegmentedRaftLog:OPENED:c-1,f-1,i0, conf=-1: [s3:0.0.0.0:34761, s4:0.0.0.0:42956, s0:0.0.0.0:35561, s1:0.0.0.0:38095, s2:0.0.0.0:39611], old=null RUNNING
  s2:  RUNNING CANDIDATE s2@group-A1B89BB4020A:t5, leader=null, voted=s2, raftlog=s2@group-A1B89BB4020A-SegmentedRaftLog:OPENED:c-1,f-1,i0, conf=-1: [s3:0.0.0.0:34761, s4:0.0.0.0:42956, s0:0.0.0.0:35561, s1:0.0.0.0:38095, s2:0.0.0.0:39611], old=null RUNNING
	at org.apache.ratis.MiniRaftCluster.newIllegalStateExceptionForNoLeaders(MiniRaftCluster.java:506)
	at org.apache.ratis.RaftTestUtil.lambda$waitForLeader$1(RaftTestUtil.java:90)
	at org.apache.ratis.MiniRaftCluster.getLeader(MiniRaftCluster.java:539)
	at org.apache.ratis.MiniRaftCluster.getLeader(MiniRaftCluster.java:532)
	at org.apache.ratis.RaftTestUtil.lambda$waitForLeader$3(RaftTestUtil.java:98)
	at org.apache.ratis.util.JavaUtils.attempt(JavaUtils.java:152)
	at org.apache.ratis.RaftTestUtil.waitForLeader(RaftTestUtil.java:97)
	at org.apache.ratis.RaftTestUtil.waitForLeader(RaftTestUtil.java:77)
	at org.apache.ratis.RaftTestUtil.waitForLeader(RaftTestUtil.java:72)
	at org.apache.ratis.RaftBasicTests.runTestOldLeaderNotCommit(RaftBasicTests.java:218)
	at org.apache.ratis.MiniRaftCluster$Factory$Get.runWithNewCluster(MiniRaftCluster.java:125)
	at org.apache.ratis.MiniRaftCluster$Factory$Get.runWithNewCluster(MiniRaftCluster.java:113)
	at org.apache.ratis.RaftBasicTests.testOldLeaderNotCommit(RaftBasicTests.java:214)
	at sun.reflect.NativeMethodAccessorImpl.invoke0(Native Method)
	at sun.reflect.NativeMethodAccessorImpl.invoke(NativeMethodAccessorImpl.java:62)
	at sun.reflect.DelegatingMethodAccessorImpl.invoke(DelegatingMethodAccessorImpl.java:43)
	at java.lang.reflect.Method.invoke(Method.java:498)
	at org.junit.runners.model.FrameworkMethod$1.runReflectiveCall(FrameworkMethod.java:50)
	at org.junit.internal.runners.model.ReflectiveCallable.run(ReflectiveCallable.java:12)
	at org.junit.runners.model.FrameworkMethod.invokeExplosively(FrameworkMethod.java:47)
	at org.junit.internal.runners.statements.InvokeMethod.evaluate(InvokeMethod.java:17)
	at org.junit.internal.runners.statements.RunAfters.evaluate(RunAfters.java:27)
	at org.junit.internal.runners.statements.FailOnTimeout$CallableStatement.call(FailOnTimeout.java:298)
	at org.junit.internal.runners.statements.FailOnTimeout$CallableStatement.call(FailOnTimeout.java:292)
	at java.util.concurrent.FutureTask.run(FutureTask.java:266)
	at java.lang.Thread.run(Thread.java:748)
2019-09-24 16:44:21,536 WARN  ratis.RaftTestUtil (JavaUtils.java:attempt(158)) - FAILED "waitForLeader-null-(expectLeader? true)", attempt #36/100: java.lang.IllegalStateException: No leader yet : printing ALL groups
  s3:  RUNNING CANDIDATE s3@group-A1B89BB4020A:t5, leader=null, voted=s3, raftlog=s3@group-A1B89BB4020A-SegmentedRaftLog:OPENED:c-1,f-1,i0, conf=-1: [s3:0.0.0.0:34761, s4:0.0.0.0:42956, s0:0.0.0.0:35561, s1:0.0.0.0:38095, s2:0.0.0.0:39611], old=null RUNNING
  s4:  RUNNING CANDIDATE s4@group-A1B89BB4020A:t5, leader=null, voted=s4, raftlog=s4@group-A1B89BB4020A-SegmentedRaftLog:OPENED:c-1,f-1,i0, conf=-1: [s3:0.0.0.0:34761, s4:0.0.0.0:42956, s0:0.0.0.0:35561, s1:0.0.0.0:38095, s2:0.0.0.0:39611], old=null RUNNING
  s0:  RUNNING CANDIDATE s0@group-A1B89BB4020A:t5, leader=null, voted=s0, raftlog=s0@group-A1B89BB4020A-SegmentedRaftLog:OPENED:c-1,f-1,i0, conf=-1: [s3:0.0.0.0:34761, s4:0.0.0.0:42956, s0:0.0.0.0:35561, s1:0.0.0.0:38095, s2:0.0.0.0:39611], old=null RUNNING
  s1:  RUNNING CANDIDATE s1@group-A1B89BB4020A:t5, leader=null, voted=s1, raftlog=s1@group-A1B89BB4020A-SegmentedRaftLog:OPENED:c-1,f-1,i0, conf=-1: [s3:0.0.0.0:34761, s4:0.0.0.0:42956, s0:0.0.0.0:35561, s1:0.0.0.0:38095, s2:0.0.0.0:39611], old=null RUNNING
  s2:  RUNNING CANDIDATE s2@group-A1B89BB4020A:t5, leader=null, voted=s2, raftlog=s2@group-A1B89BB4020A-SegmentedRaftLog:OPENED:c-1,f-1,i0, conf=-1: [s3:0.0.0.0:34761, s4:0.0.0.0:42956, s0:0.0.0.0:35561, s1:0.0.0.0:38095, s2:0.0.0.0:39611], old=null RUNNING, sleep 450ms and then retry.
java.lang.IllegalStateException: No leader yet : printing ALL groups
  s3:  RUNNING CANDIDATE s3@group-A1B89BB4020A:t5, leader=null, voted=s3, raftlog=s3@group-A1B89BB4020A-SegmentedRaftLog:OPENED:c-1,f-1,i0, conf=-1: [s3:0.0.0.0:34761, s4:0.0.0.0:42956, s0:0.0.0.0:35561, s1:0.0.0.0:38095, s2:0.0.0.0:39611], old=null RUNNING
  s4:  RUNNING CANDIDATE s4@group-A1B89BB4020A:t5, leader=null, voted=s4, raftlog=s4@group-A1B89BB4020A-SegmentedRaftLog:OPENED:c-1,f-1,i0, conf=-1: [s3:0.0.0.0:34761, s4:0.0.0.0:42956, s0:0.0.0.0:35561, s1:0.0.0.0:38095, s2:0.0.0.0:39611], old=null RUNNING
  s0:  RUNNING CANDIDATE s0@group-A1B89BB4020A:t5, leader=null, voted=s0, raftlog=s0@group-A1B89BB4020A-SegmentedRaftLog:OPENED:c-1,f-1,i0, conf=-1: [s3:0.0.0.0:34761, s4:0.0.0.0:42956, s0:0.0.0.0:35561, s1:0.0.0.0:38095, s2:0.0.0.0:39611], old=null RUNNING
  s1:  RUNNING CANDIDATE s1@group-A1B89BB4020A:t5, leader=null, voted=s1, raftlog=s1@group-A1B89BB4020A-SegmentedRaftLog:OPENED:c-1,f-1,i0, conf=-1: [s3:0.0.0.0:34761, s4:0.0.0.0:42956, s0:0.0.0.0:35561, s1:0.0.0.0:38095, s2:0.0.0.0:39611], old=null RUNNING
  s2:  RUNNING CANDIDATE s2@group-A1B89BB4020A:t5, leader=null, voted=s2, raftlog=s2@group-A1B89BB4020A-SegmentedRaftLog:OPENED:c-1,f-1,i0, conf=-1: [s3:0.0.0.0:34761, s4:0.0.0.0:42956, s0:0.0.0.0:35561, s1:0.0.0.0:38095, s2:0.0.0.0:39611], old=null RUNNING
	at org.apache.ratis.MiniRaftCluster.newIllegalStateExceptionForNoLeaders(MiniRaftCluster.java:506)
	at org.apache.ratis.RaftTestUtil.lambda$waitForLeader$1(RaftTestUtil.java:90)
	at org.apache.ratis.MiniRaftCluster.getLeader(MiniRaftCluster.java:539)
	at org.apache.ratis.MiniRaftCluster.getLeader(MiniRaftCluster.java:532)
	at org.apache.ratis.RaftTestUtil.lambda$waitForLeader$3(RaftTestUtil.java:98)
	at org.apache.ratis.util.JavaUtils.attempt(JavaUtils.java:152)
	at org.apache.ratis.RaftTestUtil.waitForLeader(RaftTestUtil.java:97)
	at org.apache.ratis.RaftTestUtil.waitForLeader(RaftTestUtil.java:77)
	at org.apache.ratis.RaftTestUtil.waitForLeader(RaftTestUtil.java:72)
	at org.apache.ratis.RaftBasicTests.runTestOldLeaderNotCommit(RaftBasicTests.java:218)
	at org.apache.ratis.MiniRaftCluster$Factory$Get.runWithNewCluster(MiniRaftCluster.java:125)
	at org.apache.ratis.MiniRaftCluster$Factory$Get.runWithNewCluster(MiniRaftCluster.java:113)
	at org.apache.ratis.RaftBasicTests.testOldLeaderNotCommit(RaftBasicTests.java:214)
	at sun.reflect.NativeMethodAccessorImpl.invoke0(Native Method)
	at sun.reflect.NativeMethodAccessorImpl.invoke(NativeMethodAccessorImpl.java:62)
	at sun.reflect.DelegatingMethodAccessorImpl.invoke(DelegatingMethodAccessorImpl.java:43)
	at java.lang.reflect.Method.invoke(Method.java:498)
	at org.junit.runners.model.FrameworkMethod$1.runReflectiveCall(FrameworkMethod.java:50)
	at org.junit.internal.runners.model.ReflectiveCallable.run(ReflectiveCallable.java:12)
	at org.junit.runners.model.FrameworkMethod.invokeExplosively(FrameworkMethod.java:47)
	at org.junit.internal.runners.statements.InvokeMethod.evaluate(InvokeMethod.java:17)
	at org.junit.internal.runners.statements.RunAfters.evaluate(RunAfters.java:27)
	at org.junit.internal.runners.statements.FailOnTimeout$CallableStatement.call(FailOnTimeout.java:298)
	at org.junit.internal.runners.statements.FailOnTimeout$CallableStatement.call(FailOnTimeout.java:292)
	at java.util.concurrent.FutureTask.run(FutureTask.java:266)
	at java.lang.Thread.run(Thread.java:748)
2019-09-24 16:44:21,987 WARN  ratis.RaftTestUtil (JavaUtils.java:attempt(158)) - FAILED "waitForLeader-null-(expectLeader? true)", attempt #37/100: java.lang.IllegalStateException: No leader yet : printing ALL groups
  s3:  RUNNING CANDIDATE s3@group-A1B89BB4020A:t5, leader=null, voted=s3, raftlog=s3@group-A1B89BB4020A-SegmentedRaftLog:OPENED:c-1,f-1,i0, conf=-1: [s3:0.0.0.0:34761, s4:0.0.0.0:42956, s0:0.0.0.0:35561, s1:0.0.0.0:38095, s2:0.0.0.0:39611], old=null RUNNING
  s4:  RUNNING CANDIDATE s4@group-A1B89BB4020A:t5, leader=null, voted=s4, raftlog=s4@group-A1B89BB4020A-SegmentedRaftLog:OPENED:c-1,f-1,i0, conf=-1: [s3:0.0.0.0:34761, s4:0.0.0.0:42956, s0:0.0.0.0:35561, s1:0.0.0.0:38095, s2:0.0.0.0:39611], old=null RUNNING
  s0:  RUNNING CANDIDATE s0@group-A1B89BB4020A:t5, leader=null, voted=s0, raftlog=s0@group-A1B89BB4020A-SegmentedRaftLog:OPENED:c-1,f-1,i0, conf=-1: [s3:0.0.0.0:34761, s4:0.0.0.0:42956, s0:0.0.0.0:35561, s1:0.0.0.0:38095, s2:0.0.0.0:39611], old=null RUNNING
  s1:  RUNNING CANDIDATE s1@group-A1B89BB4020A:t5, leader=null, voted=s1, raftlog=s1@group-A1B89BB4020A-SegmentedRaftLog:OPENED:c-1,f-1,i0, conf=-1: [s3:0.0.0.0:34761, s4:0.0.0.0:42956, s0:0.0.0.0:35561, s1:0.0.0.0:38095, s2:0.0.0.0:39611], old=null RUNNING
  s2:  RUNNING CANDIDATE s2@group-A1B89BB4020A:t5, leader=null, voted=s2, raftlog=s2@group-A1B89BB4020A-SegmentedRaftLog:OPENED:c-1,f-1,i0, conf=-1: [s3:0.0.0.0:34761, s4:0.0.0.0:42956, s0:0.0.0.0:35561, s1:0.0.0.0:38095, s2:0.0.0.0:39611], old=null RUNNING, sleep 450ms and then retry.
java.lang.IllegalStateException: No leader yet : printing ALL groups
  s3:  RUNNING CANDIDATE s3@group-A1B89BB4020A:t5, leader=null, voted=s3, raftlog=s3@group-A1B89BB4020A-SegmentedRaftLog:OPENED:c-1,f-1,i0, conf=-1: [s3:0.0.0.0:34761, s4:0.0.0.0:42956, s0:0.0.0.0:35561, s1:0.0.0.0:38095, s2:0.0.0.0:39611], old=null RUNNING
  s4:  RUNNING CANDIDATE s4@group-A1B89BB4020A:t5, leader=null, voted=s4, raftlog=s4@group-A1B89BB4020A-SegmentedRaftLog:OPENED:c-1,f-1,i0, conf=-1: [s3:0.0.0.0:34761, s4:0.0.0.0:42956, s0:0.0.0.0:35561, s1:0.0.0.0:38095, s2:0.0.0.0:39611], old=null RUNNING
  s0:  RUNNING CANDIDATE s0@group-A1B89BB4020A:t5, leader=null, voted=s0, raftlog=s0@group-A1B89BB4020A-SegmentedRaftLog:OPENED:c-1,f-1,i0, conf=-1: [s3:0.0.0.0:34761, s4:0.0.0.0:42956, s0:0.0.0.0:35561, s1:0.0.0.0:38095, s2:0.0.0.0:39611], old=null RUNNING
  s1:  RUNNING CANDIDATE s1@group-A1B89BB4020A:t5, leader=null, voted=s1, raftlog=s1@group-A1B89BB4020A-SegmentedRaftLog:OPENED:c-1,f-1,i0, conf=-1: [s3:0.0.0.0:34761, s4:0.0.0.0:42956, s0:0.0.0.0:35561, s1:0.0.0.0:38095, s2:0.0.0.0:39611], old=null RUNNING
  s2:  RUNNING CANDIDATE s2@group-A1B89BB4020A:t5, leader=null, voted=s2, raftlog=s2@group-A1B89BB4020A-SegmentedRaftLog:OPENED:c-1,f-1,i0, conf=-1: [s3:0.0.0.0:34761, s4:0.0.0.0:42956, s0:0.0.0.0:35561, s1:0.0.0.0:38095, s2:0.0.0.0:39611], old=null RUNNING
	at org.apache.ratis.MiniRaftCluster.newIllegalStateExceptionForNoLeaders(MiniRaftCluster.java:506)
	at org.apache.ratis.RaftTestUtil.lambda$waitForLeader$1(RaftTestUtil.java:90)
	at org.apache.ratis.MiniRaftCluster.getLeader(MiniRaftCluster.java:539)
	at org.apache.ratis.MiniRaftCluster.getLeader(MiniRaftCluster.java:532)
	at org.apache.ratis.RaftTestUtil.lambda$waitForLeader$3(RaftTestUtil.java:98)
	at org.apache.ratis.util.JavaUtils.attempt(JavaUtils.java:152)
	at org.apache.ratis.RaftTestUtil.waitForLeader(RaftTestUtil.java:97)
	at org.apache.ratis.RaftTestUtil.waitForLeader(RaftTestUtil.java:77)
	at org.apache.ratis.RaftTestUtil.waitForLeader(RaftTestUtil.java:72)
	at org.apache.ratis.RaftBasicTests.runTestOldLeaderNotCommit(RaftBasicTests.java:218)
	at org.apache.ratis.MiniRaftCluster$Factory$Get.runWithNewCluster(MiniRaftCluster.java:125)
	at org.apache.ratis.MiniRaftCluster$Factory$Get.runWithNewCluster(MiniRaftCluster.java:113)
	at org.apache.ratis.RaftBasicTests.testOldLeaderNotCommit(RaftBasicTests.java:214)
	at sun.reflect.NativeMethodAccessorImpl.invoke0(Native Method)
	at sun.reflect.NativeMethodAccessorImpl.invoke(NativeMethodAccessorImpl.java:62)
	at sun.reflect.DelegatingMethodAccessorImpl.invoke(DelegatingMethodAccessorImpl.java:43)
	at java.lang.reflect.Method.invoke(Method.java:498)
	at org.junit.runners.model.FrameworkMethod$1.runReflectiveCall(FrameworkMethod.java:50)
	at org.junit.internal.runners.model.ReflectiveCallable.run(ReflectiveCallable.java:12)
	at org.junit.runners.model.FrameworkMethod.invokeExplosively(FrameworkMethod.java:47)
	at org.junit.internal.runners.statements.InvokeMethod.evaluate(InvokeMethod.java:17)
	at org.junit.internal.runners.statements.RunAfters.evaluate(RunAfters.java:27)
	at org.junit.internal.runners.statements.FailOnTimeout$CallableStatement.call(FailOnTimeout.java:298)
	at org.junit.internal.runners.statements.FailOnTimeout$CallableStatement.call(FailOnTimeout.java:292)
	at java.util.concurrent.FutureTask.run(FutureTask.java:266)
	at java.lang.Thread.run(Thread.java:748)
2019-09-24 16:44:22,439 WARN  ratis.RaftTestUtil (JavaUtils.java:attempt(158)) - FAILED "waitForLeader-null-(expectLeader? true)", attempt #38/100: java.lang.IllegalStateException: No leader yet : printing ALL groups
  s3:  RUNNING CANDIDATE s3@group-A1B89BB4020A:t5, leader=null, voted=s3, raftlog=s3@group-A1B89BB4020A-SegmentedRaftLog:OPENED:c-1,f-1,i0, conf=-1: [s3:0.0.0.0:34761, s4:0.0.0.0:42956, s0:0.0.0.0:35561, s1:0.0.0.0:38095, s2:0.0.0.0:39611], old=null RUNNING
  s4:  RUNNING CANDIDATE s4@group-A1B89BB4020A:t5, leader=null, voted=s4, raftlog=s4@group-A1B89BB4020A-SegmentedRaftLog:OPENED:c-1,f-1,i0, conf=-1: [s3:0.0.0.0:34761, s4:0.0.0.0:42956, s0:0.0.0.0:35561, s1:0.0.0.0:38095, s2:0.0.0.0:39611], old=null RUNNING
  s0:  RUNNING CANDIDATE s0@group-A1B89BB4020A:t5, leader=null, voted=s0, raftlog=s0@group-A1B89BB4020A-SegmentedRaftLog:OPENED:c-1,f-1,i0, conf=-1: [s3:0.0.0.0:34761, s4:0.0.0.0:42956, s0:0.0.0.0:35561, s1:0.0.0.0:38095, s2:0.0.0.0:39611], old=null RUNNING
  s1:  RUNNING CANDIDATE s1@group-A1B89BB4020A:t5, leader=null, voted=s1, raftlog=s1@group-A1B89BB4020A-SegmentedRaftLog:OPENED:c-1,f-1,i0, conf=-1: [s3:0.0.0.0:34761, s4:0.0.0.0:42956, s0:0.0.0.0:35561, s1:0.0.0.0:38095, s2:0.0.0.0:39611], old=null RUNNING
  s2:  RUNNING CANDIDATE s2@group-A1B89BB4020A:t5, leader=null, voted=s2, raftlog=s2@group-A1B89BB4020A-SegmentedRaftLog:OPENED:c-1,f-1,i0, conf=-1: [s3:0.0.0.0:34761, s4:0.0.0.0:42956, s0:0.0.0.0:35561, s1:0.0.0.0:38095, s2:0.0.0.0:39611], old=null RUNNING, sleep 450ms and then retry.
java.lang.IllegalStateException: No leader yet : printing ALL groups
  s3:  RUNNING CANDIDATE s3@group-A1B89BB4020A:t5, leader=null, voted=s3, raftlog=s3@group-A1B89BB4020A-SegmentedRaftLog:OPENED:c-1,f-1,i0, conf=-1: [s3:0.0.0.0:34761, s4:0.0.0.0:42956, s0:0.0.0.0:35561, s1:0.0.0.0:38095, s2:0.0.0.0:39611], old=null RUNNING
  s4:  RUNNING CANDIDATE s4@group-A1B89BB4020A:t5, leader=null, voted=s4, raftlog=s4@group-A1B89BB4020A-SegmentedRaftLog:OPENED:c-1,f-1,i0, conf=-1: [s3:0.0.0.0:34761, s4:0.0.0.0:42956, s0:0.0.0.0:35561, s1:0.0.0.0:38095, s2:0.0.0.0:39611], old=null RUNNING
  s0:  RUNNING CANDIDATE s0@group-A1B89BB4020A:t5, leader=null, voted=s0, raftlog=s0@group-A1B89BB4020A-SegmentedRaftLog:OPENED:c-1,f-1,i0, conf=-1: [s3:0.0.0.0:34761, s4:0.0.0.0:42956, s0:0.0.0.0:35561, s1:0.0.0.0:38095, s2:0.0.0.0:39611], old=null RUNNING
  s1:  RUNNING CANDIDATE s1@group-A1B89BB4020A:t5, leader=null, voted=s1, raftlog=s1@group-A1B89BB4020A-SegmentedRaftLog:OPENED:c-1,f-1,i0, conf=-1: [s3:0.0.0.0:34761, s4:0.0.0.0:42956, s0:0.0.0.0:35561, s1:0.0.0.0:38095, s2:0.0.0.0:39611], old=null RUNNING
  s2:  RUNNING CANDIDATE s2@group-A1B89BB4020A:t5, leader=null, voted=s2, raftlog=s2@group-A1B89BB4020A-SegmentedRaftLog:OPENED:c-1,f-1,i0, conf=-1: [s3:0.0.0.0:34761, s4:0.0.0.0:42956, s0:0.0.0.0:35561, s1:0.0.0.0:38095, s2:0.0.0.0:39611], old=null RUNNING
	at org.apache.ratis.MiniRaftCluster.newIllegalStateExceptionForNoLeaders(MiniRaftCluster.java:506)
	at org.apache.ratis.RaftTestUtil.lambda$waitForLeader$1(RaftTestUtil.java:90)
	at org.apache.ratis.MiniRaftCluster.getLeader(MiniRaftCluster.java:539)
	at org.apache.ratis.MiniRaftCluster.getLeader(MiniRaftCluster.java:532)
	at org.apache.ratis.RaftTestUtil.lambda$waitForLeader$3(RaftTestUtil.java:98)
	at org.apache.ratis.util.JavaUtils.attempt(JavaUtils.java:152)
	at org.apache.ratis.RaftTestUtil.waitForLeader(RaftTestUtil.java:97)
	at org.apache.ratis.RaftTestUtil.waitForLeader(RaftTestUtil.java:77)
	at org.apache.ratis.RaftTestUtil.waitForLeader(RaftTestUtil.java:72)
	at org.apache.ratis.RaftBasicTests.runTestOldLeaderNotCommit(RaftBasicTests.java:218)
	at org.apache.ratis.MiniRaftCluster$Factory$Get.runWithNewCluster(MiniRaftCluster.java:125)
	at org.apache.ratis.MiniRaftCluster$Factory$Get.runWithNewCluster(MiniRaftCluster.java:113)
	at org.apache.ratis.RaftBasicTests.testOldLeaderNotCommit(RaftBasicTests.java:214)
	at sun.reflect.NativeMethodAccessorImpl.invoke0(Native Method)
	at sun.reflect.NativeMethodAccessorImpl.invoke(NativeMethodAccessorImpl.java:62)
	at sun.reflect.DelegatingMethodAccessorImpl.invoke(DelegatingMethodAccessorImpl.java:43)
	at java.lang.reflect.Method.invoke(Method.java:498)
	at org.junit.runners.model.FrameworkMethod$1.runReflectiveCall(FrameworkMethod.java:50)
	at org.junit.internal.runners.model.ReflectiveCallable.run(ReflectiveCallable.java:12)
	at org.junit.runners.model.FrameworkMethod.invokeExplosively(FrameworkMethod.java:47)
	at org.junit.internal.runners.statements.InvokeMethod.evaluate(InvokeMethod.java:17)
	at org.junit.internal.runners.statements.RunAfters.evaluate(RunAfters.java:27)
	at org.junit.internal.runners.statements.FailOnTimeout$CallableStatement.call(FailOnTimeout.java:298)
	at org.junit.internal.runners.statements.FailOnTimeout$CallableStatement.call(FailOnTimeout.java:292)
	at java.util.concurrent.FutureTask.run(FutureTask.java:266)
	at java.lang.Thread.run(Thread.java:748)
2019-09-24 16:44:22,890 WARN  ratis.RaftTestUtil (JavaUtils.java:attempt(158)) - FAILED "waitForLeader-null-(expectLeader? true)", attempt #39/100: java.lang.IllegalStateException: No leader yet : printing ALL groups
  s3:  RUNNING CANDIDATE s3@group-A1B89BB4020A:t5, leader=null, voted=s3, raftlog=s3@group-A1B89BB4020A-SegmentedRaftLog:OPENED:c-1,f-1,i0, conf=-1: [s3:0.0.0.0:34761, s4:0.0.0.0:42956, s0:0.0.0.0:35561, s1:0.0.0.0:38095, s2:0.0.0.0:39611], old=null RUNNING
  s4:  RUNNING CANDIDATE s4@group-A1B89BB4020A:t5, leader=null, voted=s4, raftlog=s4@group-A1B89BB4020A-SegmentedRaftLog:OPENED:c-1,f-1,i0, conf=-1: [s3:0.0.0.0:34761, s4:0.0.0.0:42956, s0:0.0.0.0:35561, s1:0.0.0.0:38095, s2:0.0.0.0:39611], old=null RUNNING
  s0:  RUNNING CANDIDATE s0@group-A1B89BB4020A:t5, leader=null, voted=s0, raftlog=s0@group-A1B89BB4020A-SegmentedRaftLog:OPENED:c-1,f-1,i0, conf=-1: [s3:0.0.0.0:34761, s4:0.0.0.0:42956, s0:0.0.0.0:35561, s1:0.0.0.0:38095, s2:0.0.0.0:39611], old=null RUNNING
  s1:  RUNNING CANDIDATE s1@group-A1B89BB4020A:t5, leader=null, voted=s1, raftlog=s1@group-A1B89BB4020A-SegmentedRaftLog:OPENED:c-1,f-1,i0, conf=-1: [s3:0.0.0.0:34761, s4:0.0.0.0:42956, s0:0.0.0.0:35561, s1:0.0.0.0:38095, s2:0.0.0.0:39611], old=null RUNNING
  s2:  RUNNING CANDIDATE s2@group-A1B89BB4020A:t5, leader=null, voted=s2, raftlog=s2@group-A1B89BB4020A-SegmentedRaftLog:OPENED:c-1,f-1,i0, conf=-1: [s3:0.0.0.0:34761, s4:0.0.0.0:42956, s0:0.0.0.0:35561, s1:0.0.0.0:38095, s2:0.0.0.0:39611], old=null RUNNING, sleep 450ms and then retry.
java.lang.IllegalStateException: No leader yet : printing ALL groups
  s3:  RUNNING CANDIDATE s3@group-A1B89BB4020A:t5, leader=null, voted=s3, raftlog=s3@group-A1B89BB4020A-SegmentedRaftLog:OPENED:c-1,f-1,i0, conf=-1: [s3:0.0.0.0:34761, s4:0.0.0.0:42956, s0:0.0.0.0:35561, s1:0.0.0.0:38095, s2:0.0.0.0:39611], old=null RUNNING
  s4:  RUNNING CANDIDATE s4@group-A1B89BB4020A:t5, leader=null, voted=s4, raftlog=s4@group-A1B89BB4020A-SegmentedRaftLog:OPENED:c-1,f-1,i0, conf=-1: [s3:0.0.0.0:34761, s4:0.0.0.0:42956, s0:0.0.0.0:35561, s1:0.0.0.0:38095, s2:0.0.0.0:39611], old=null RUNNING
  s0:  RUNNING CANDIDATE s0@group-A1B89BB4020A:t5, leader=null, voted=s0, raftlog=s0@group-A1B89BB4020A-SegmentedRaftLog:OPENED:c-1,f-1,i0, conf=-1: [s3:0.0.0.0:34761, s4:0.0.0.0:42956, s0:0.0.0.0:35561, s1:0.0.0.0:38095, s2:0.0.0.0:39611], old=null RUNNING
  s1:  RUNNING CANDIDATE s1@group-A1B89BB4020A:t5, leader=null, voted=s1, raftlog=s1@group-A1B89BB4020A-SegmentedRaftLog:OPENED:c-1,f-1,i0, conf=-1: [s3:0.0.0.0:34761, s4:0.0.0.0:42956, s0:0.0.0.0:35561, s1:0.0.0.0:38095, s2:0.0.0.0:39611], old=null RUNNING
  s2:  RUNNING CANDIDATE s2@group-A1B89BB4020A:t5, leader=null, voted=s2, raftlog=s2@group-A1B89BB4020A-SegmentedRaftLog:OPENED:c-1,f-1,i0, conf=-1: [s3:0.0.0.0:34761, s4:0.0.0.0:42956, s0:0.0.0.0:35561, s1:0.0.0.0:38095, s2:0.0.0.0:39611], old=null RUNNING
	at org.apache.ratis.MiniRaftCluster.newIllegalStateExceptionForNoLeaders(MiniRaftCluster.java:506)
	at org.apache.ratis.RaftTestUtil.lambda$waitForLeader$1(RaftTestUtil.java:90)
	at org.apache.ratis.MiniRaftCluster.getLeader(MiniRaftCluster.java:539)
	at org.apache.ratis.MiniRaftCluster.getLeader(MiniRaftCluster.java:532)
	at org.apache.ratis.RaftTestUtil.lambda$waitForLeader$3(RaftTestUtil.java:98)
	at org.apache.ratis.util.JavaUtils.attempt(JavaUtils.java:152)
	at org.apache.ratis.RaftTestUtil.waitForLeader(RaftTestUtil.java:97)
	at org.apache.ratis.RaftTestUtil.waitForLeader(RaftTestUtil.java:77)
	at org.apache.ratis.RaftTestUtil.waitForLeader(RaftTestUtil.java:72)
	at org.apache.ratis.RaftBasicTests.runTestOldLeaderNotCommit(RaftBasicTests.java:218)
	at org.apache.ratis.MiniRaftCluster$Factory$Get.runWithNewCluster(MiniRaftCluster.java:125)
	at org.apache.ratis.MiniRaftCluster$Factory$Get.runWithNewCluster(MiniRaftCluster.java:113)
	at org.apache.ratis.RaftBasicTests.testOldLeaderNotCommit(RaftBasicTests.java:214)
	at sun.reflect.NativeMethodAccessorImpl.invoke0(Native Method)
	at sun.reflect.NativeMethodAccessorImpl.invoke(NativeMethodAccessorImpl.java:62)
	at sun.reflect.DelegatingMethodAccessorImpl.invoke(DelegatingMethodAccessorImpl.java:43)
	at java.lang.reflect.Method.invoke(Method.java:498)
	at org.junit.runners.model.FrameworkMethod$1.runReflectiveCall(FrameworkMethod.java:50)
	at org.junit.internal.runners.model.ReflectiveCallable.run(ReflectiveCallable.java:12)
	at org.junit.runners.model.FrameworkMethod.invokeExplosively(FrameworkMethod.java:47)
	at org.junit.internal.runners.statements.InvokeMethod.evaluate(InvokeMethod.java:17)
	at org.junit.internal.runners.statements.RunAfters.evaluate(RunAfters.java:27)
	at org.junit.internal.runners.statements.FailOnTimeout$CallableStatement.call(FailOnTimeout.java:298)
	at org.junit.internal.runners.statements.FailOnTimeout$CallableStatement.call(FailOnTimeout.java:292)
	at java.util.concurrent.FutureTask.run(FutureTask.java:266)
	at java.lang.Thread.run(Thread.java:748)
2019-09-24 16:44:23,341 WARN  ratis.RaftTestUtil (JavaUtils.java:attempt(158)) - FAILED "waitForLeader-null-(expectLeader? true)", attempt #40/100: java.lang.IllegalStateException: No leader yet : printing ALL groups
  s3:  RUNNING CANDIDATE s3@group-A1B89BB4020A:t5, leader=null, voted=s3, raftlog=s3@group-A1B89BB4020A-SegmentedRaftLog:OPENED:c-1,f-1,i0, conf=-1: [s3:0.0.0.0:34761, s4:0.0.0.0:42956, s0:0.0.0.0:35561, s1:0.0.0.0:38095, s2:0.0.0.0:39611], old=null RUNNING
  s4:  RUNNING CANDIDATE s4@group-A1B89BB4020A:t5, leader=null, voted=s4, raftlog=s4@group-A1B89BB4020A-SegmentedRaftLog:OPENED:c-1,f-1,i0, conf=-1: [s3:0.0.0.0:34761, s4:0.0.0.0:42956, s0:0.0.0.0:35561, s1:0.0.0.0:38095, s2:0.0.0.0:39611], old=null RUNNING
  s0:  RUNNING CANDIDATE s0@group-A1B89BB4020A:t5, leader=null, voted=s0, raftlog=s0@group-A1B89BB4020A-SegmentedRaftLog:OPENED:c-1,f-1,i0, conf=-1: [s3:0.0.0.0:34761, s4:0.0.0.0:42956, s0:0.0.0.0:35561, s1:0.0.0.0:38095, s2:0.0.0.0:39611], old=null RUNNING
  s1:  RUNNING CANDIDATE s1@group-A1B89BB4020A:t5, leader=null, voted=s1, raftlog=s1@group-A1B89BB4020A-SegmentedRaftLog:OPENED:c-1,f-1,i0, conf=-1: [s3:0.0.0.0:34761, s4:0.0.0.0:42956, s0:0.0.0.0:35561, s1:0.0.0.0:38095, s2:0.0.0.0:39611], old=null RUNNING
  s2:  RUNNING CANDIDATE s2@group-A1B89BB4020A:t5, leader=null, voted=s2, raftlog=s2@group-A1B89BB4020A-SegmentedRaftLog:OPENED:c-1,f-1,i0, conf=-1: [s3:0.0.0.0:34761, s4:0.0.0.0:42956, s0:0.0.0.0:35561, s1:0.0.0.0:38095, s2:0.0.0.0:39611], old=null RUNNING, sleep 450ms and then retry.
java.lang.IllegalStateException: No leader yet : printing ALL groups
  s3:  RUNNING CANDIDATE s3@group-A1B89BB4020A:t5, leader=null, voted=s3, raftlog=s3@group-A1B89BB4020A-SegmentedRaftLog:OPENED:c-1,f-1,i0, conf=-1: [s3:0.0.0.0:34761, s4:0.0.0.0:42956, s0:0.0.0.0:35561, s1:0.0.0.0:38095, s2:0.0.0.0:39611], old=null RUNNING
  s4:  RUNNING CANDIDATE s4@group-A1B89BB4020A:t5, leader=null, voted=s4, raftlog=s4@group-A1B89BB4020A-SegmentedRaftLog:OPENED:c-1,f-1,i0, conf=-1: [s3:0.0.0.0:34761, s4:0.0.0.0:42956, s0:0.0.0.0:35561, s1:0.0.0.0:38095, s2:0.0.0.0:39611], old=null RUNNING
  s0:  RUNNING CANDIDATE s0@group-A1B89BB4020A:t5, leader=null, voted=s0, raftlog=s0@group-A1B89BB4020A-SegmentedRaftLog:OPENED:c-1,f-1,i0, conf=-1: [s3:0.0.0.0:34761, s4:0.0.0.0:42956, s0:0.0.0.0:35561, s1:0.0.0.0:38095, s2:0.0.0.0:39611], old=null RUNNING
  s1:  RUNNING CANDIDATE s1@group-A1B89BB4020A:t5, leader=null, voted=s1, raftlog=s1@group-A1B89BB4020A-SegmentedRaftLog:OPENED:c-1,f-1,i0, conf=-1: [s3:0.0.0.0:34761, s4:0.0.0.0:42956, s0:0.0.0.0:35561, s1:0.0.0.0:38095, s2:0.0.0.0:39611], old=null RUNNING
  s2:  RUNNING CANDIDATE s2@group-A1B89BB4020A:t5, leader=null, voted=s2, raftlog=s2@group-A1B89BB4020A-SegmentedRaftLog:OPENED:c-1,f-1,i0, conf=-1: [s3:0.0.0.0:34761, s4:0.0.0.0:42956, s0:0.0.0.0:35561, s1:0.0.0.0:38095, s2:0.0.0.0:39611], old=null RUNNING
	at org.apache.ratis.MiniRaftCluster.newIllegalStateExceptionForNoLeaders(MiniRaftCluster.java:506)
	at org.apache.ratis.RaftTestUtil.lambda$waitForLeader$1(RaftTestUtil.java:90)
	at org.apache.ratis.MiniRaftCluster.getLeader(MiniRaftCluster.java:539)
	at org.apache.ratis.MiniRaftCluster.getLeader(MiniRaftCluster.java:532)
	at org.apache.ratis.RaftTestUtil.lambda$waitForLeader$3(RaftTestUtil.java:98)
	at org.apache.ratis.util.JavaUtils.attempt(JavaUtils.java:152)
	at org.apache.ratis.RaftTestUtil.waitForLeader(RaftTestUtil.java:97)
	at org.apache.ratis.RaftTestUtil.waitForLeader(RaftTestUtil.java:77)
	at org.apache.ratis.RaftTestUtil.waitForLeader(RaftTestUtil.java:72)
	at org.apache.ratis.RaftBasicTests.runTestOldLeaderNotCommit(RaftBasicTests.java:218)
	at org.apache.ratis.MiniRaftCluster$Factory$Get.runWithNewCluster(MiniRaftCluster.java:125)
	at org.apache.ratis.MiniRaftCluster$Factory$Get.runWithNewCluster(MiniRaftCluster.java:113)
	at org.apache.ratis.RaftBasicTests.testOldLeaderNotCommit(RaftBasicTests.java:214)
	at sun.reflect.NativeMethodAccessorImpl.invoke0(Native Method)
	at sun.reflect.NativeMethodAccessorImpl.invoke(NativeMethodAccessorImpl.java:62)
	at sun.reflect.DelegatingMethodAccessorImpl.invoke(DelegatingMethodAccessorImpl.java:43)
	at java.lang.reflect.Method.invoke(Method.java:498)
	at org.junit.runners.model.FrameworkMethod$1.runReflectiveCall(FrameworkMethod.java:50)
	at org.junit.internal.runners.model.ReflectiveCallable.run(ReflectiveCallable.java:12)
	at org.junit.runners.model.FrameworkMethod.invokeExplosively(FrameworkMethod.java:47)
	at org.junit.internal.runners.statements.InvokeMethod.evaluate(InvokeMethod.java:17)
	at org.junit.internal.runners.statements.RunAfters.evaluate(RunAfters.java:27)
	at org.junit.internal.runners.statements.FailOnTimeout$CallableStatement.call(FailOnTimeout.java:298)
	at org.junit.internal.runners.statements.FailOnTimeout$CallableStatement.call(FailOnTimeout.java:292)
	at java.util.concurrent.FutureTask.run(FutureTask.java:266)
	at java.lang.Thread.run(Thread.java:748)
2019-09-24 16:44:23,793 WARN  ratis.RaftTestUtil (JavaUtils.java:attempt(158)) - FAILED "waitForLeader-null-(expectLeader? true)", attempt #41/100: java.lang.IllegalStateException: No leader yet : printing ALL groups
  s3:  RUNNING CANDIDATE s3@group-A1B89BB4020A:t5, leader=null, voted=s3, raftlog=s3@group-A1B89BB4020A-SegmentedRaftLog:OPENED:c-1,f-1,i0, conf=-1: [s3:0.0.0.0:34761, s4:0.0.0.0:42956, s0:0.0.0.0:35561, s1:0.0.0.0:38095, s2:0.0.0.0:39611], old=null RUNNING
  s4:  RUNNING CANDIDATE s4@group-A1B89BB4020A:t5, leader=null, voted=s4, raftlog=s4@group-A1B89BB4020A-SegmentedRaftLog:OPENED:c-1,f-1,i0, conf=-1: [s3:0.0.0.0:34761, s4:0.0.0.0:42956, s0:0.0.0.0:35561, s1:0.0.0.0:38095, s2:0.0.0.0:39611], old=null RUNNING
  s0:  RUNNING CANDIDATE s0@group-A1B89BB4020A:t5, leader=null, voted=s0, raftlog=s0@group-A1B89BB4020A-SegmentedRaftLog:OPENED:c-1,f-1,i0, conf=-1: [s3:0.0.0.0:34761, s4:0.0.0.0:42956, s0:0.0.0.0:35561, s1:0.0.0.0:38095, s2:0.0.0.0:39611], old=null RUNNING
  s1:  RUNNING CANDIDATE s1@group-A1B89BB4020A:t5, leader=null, voted=s1, raftlog=s1@group-A1B89BB4020A-SegmentedRaftLog:OPENED:c-1,f-1,i0, conf=-1: [s3:0.0.0.0:34761, s4:0.0.0.0:42956, s0:0.0.0.0:35561, s1:0.0.0.0:38095, s2:0.0.0.0:39611], old=null RUNNING
  s2:  RUNNING CANDIDATE s2@group-A1B89BB4020A:t5, leader=null, voted=s2, raftlog=s2@group-A1B89BB4020A-SegmentedRaftLog:OPENED:c-1,f-1,i0, conf=-1: [s3:0.0.0.0:34761, s4:0.0.0.0:42956, s0:0.0.0.0:35561, s1:0.0.0.0:38095, s2:0.0.0.0:39611], old=null RUNNING, sleep 450ms and then retry.
java.lang.IllegalStateException: No leader yet : printing ALL groups
  s3:  RUNNING CANDIDATE s3@group-A1B89BB4020A:t5, leader=null, voted=s3, raftlog=s3@group-A1B89BB4020A-SegmentedRaftLog:OPENED:c-1,f-1,i0, conf=-1: [s3:0.0.0.0:34761, s4:0.0.0.0:42956, s0:0.0.0.0:35561, s1:0.0.0.0:38095, s2:0.0.0.0:39611], old=null RUNNING
  s4:  RUNNING CANDIDATE s4@group-A1B89BB4020A:t5, leader=null, voted=s4, raftlog=s4@group-A1B89BB4020A-SegmentedRaftLog:OPENED:c-1,f-1,i0, conf=-1: [s3:0.0.0.0:34761, s4:0.0.0.0:42956, s0:0.0.0.0:35561, s1:0.0.0.0:38095, s2:0.0.0.0:39611], old=null RUNNING
  s0:  RUNNING CANDIDATE s0@group-A1B89BB4020A:t5, leader=null, voted=s0, raftlog=s0@group-A1B89BB4020A-SegmentedRaftLog:OPENED:c-1,f-1,i0, conf=-1: [s3:0.0.0.0:34761, s4:0.0.0.0:42956, s0:0.0.0.0:35561, s1:0.0.0.0:38095, s2:0.0.0.0:39611], old=null RUNNING
  s1:  RUNNING CANDIDATE s1@group-A1B89BB4020A:t5, leader=null, voted=s1, raftlog=s1@group-A1B89BB4020A-SegmentedRaftLog:OPENED:c-1,f-1,i0, conf=-1: [s3:0.0.0.0:34761, s4:0.0.0.0:42956, s0:0.0.0.0:35561, s1:0.0.0.0:38095, s2:0.0.0.0:39611], old=null RUNNING
  s2:  RUNNING CANDIDATE s2@group-A1B89BB4020A:t5, leader=null, voted=s2, raftlog=s2@group-A1B89BB4020A-SegmentedRaftLog:OPENED:c-1,f-1,i0, conf=-1: [s3:0.0.0.0:34761, s4:0.0.0.0:42956, s0:0.0.0.0:35561, s1:0.0.0.0:38095, s2:0.0.0.0:39611], old=null RUNNING
	at org.apache.ratis.MiniRaftCluster.newIllegalStateExceptionForNoLeaders(MiniRaftCluster.java:506)
	at org.apache.ratis.RaftTestUtil.lambda$waitForLeader$1(RaftTestUtil.java:90)
	at org.apache.ratis.MiniRaftCluster.getLeader(MiniRaftCluster.java:539)
	at org.apache.ratis.MiniRaftCluster.getLeader(MiniRaftCluster.java:532)
	at org.apache.ratis.RaftTestUtil.lambda$waitForLeader$3(RaftTestUtil.java:98)
	at org.apache.ratis.util.JavaUtils.attempt(JavaUtils.java:152)
	at org.apache.ratis.RaftTestUtil.waitForLeader(RaftTestUtil.java:97)
	at org.apache.ratis.RaftTestUtil.waitForLeader(RaftTestUtil.java:77)
	at org.apache.ratis.RaftTestUtil.waitForLeader(RaftTestUtil.java:72)
	at org.apache.ratis.RaftBasicTests.runTestOldLeaderNotCommit(RaftBasicTests.java:218)
	at org.apache.ratis.MiniRaftCluster$Factory$Get.runWithNewCluster(MiniRaftCluster.java:125)
	at org.apache.ratis.MiniRaftCluster$Factory$Get.runWithNewCluster(MiniRaftCluster.java:113)
	at org.apache.ratis.RaftBasicTests.testOldLeaderNotCommit(RaftBasicTests.java:214)
	at sun.reflect.NativeMethodAccessorImpl.invoke0(Native Method)
	at sun.reflect.NativeMethodAccessorImpl.invoke(NativeMethodAccessorImpl.java:62)
	at sun.reflect.DelegatingMethodAccessorImpl.invoke(DelegatingMethodAccessorImpl.java:43)
	at java.lang.reflect.Method.invoke(Method.java:498)
	at org.junit.runners.model.FrameworkMethod$1.runReflectiveCall(FrameworkMethod.java:50)
	at org.junit.internal.runners.model.ReflectiveCallable.run(ReflectiveCallable.java:12)
	at org.junit.runners.model.FrameworkMethod.invokeExplosively(FrameworkMethod.java:47)
	at org.junit.internal.runners.statements.InvokeMethod.evaluate(InvokeMethod.java:17)
	at org.junit.internal.runners.statements.RunAfters.evaluate(RunAfters.java:27)
	at org.junit.internal.runners.statements.FailOnTimeout$CallableStatement.call(FailOnTimeout.java:298)
	at org.junit.internal.runners.statements.FailOnTimeout$CallableStatement.call(FailOnTimeout.java:292)
	at java.util.concurrent.FutureTask.run(FutureTask.java:266)
	at java.lang.Thread.run(Thread.java:748)
2019-09-24 16:44:24,244 WARN  ratis.RaftTestUtil (JavaUtils.java:attempt(158)) - FAILED "waitForLeader-null-(expectLeader? true)", attempt #42/100: java.lang.IllegalStateException: No leader yet : printing ALL groups
  s3:  RUNNING CANDIDATE s3@group-A1B89BB4020A:t5, leader=null, voted=s3, raftlog=s3@group-A1B89BB4020A-SegmentedRaftLog:OPENED:c-1,f-1,i0, conf=-1: [s3:0.0.0.0:34761, s4:0.0.0.0:42956, s0:0.0.0.0:35561, s1:0.0.0.0:38095, s2:0.0.0.0:39611], old=null RUNNING
  s4:  RUNNING CANDIDATE s4@group-A1B89BB4020A:t5, leader=null, voted=s4, raftlog=s4@group-A1B89BB4020A-SegmentedRaftLog:OPENED:c-1,f-1,i0, conf=-1: [s3:0.0.0.0:34761, s4:0.0.0.0:42956, s0:0.0.0.0:35561, s1:0.0.0.0:38095, s2:0.0.0.0:39611], old=null RUNNING
  s0:  RUNNING CANDIDATE s0@group-A1B89BB4020A:t5, leader=null, voted=s0, raftlog=s0@group-A1B89BB4020A-SegmentedRaftLog:OPENED:c-1,f-1,i0, conf=-1: [s3:0.0.0.0:34761, s4:0.0.0.0:42956, s0:0.0.0.0:35561, s1:0.0.0.0:38095, s2:0.0.0.0:39611], old=null RUNNING
  s1:  RUNNING CANDIDATE s1@group-A1B89BB4020A:t5, leader=null, voted=s1, raftlog=s1@group-A1B89BB4020A-SegmentedRaftLog:OPENED:c-1,f-1,i0, conf=-1: [s3:0.0.0.0:34761, s4:0.0.0.0:42956, s0:0.0.0.0:35561, s1:0.0.0.0:38095, s2:0.0.0.0:39611], old=null RUNNING
  s2:  RUNNING CANDIDATE s2@group-A1B89BB4020A:t5, leader=null, voted=s2, raftlog=s2@group-A1B89BB4020A-SegmentedRaftLog:OPENED:c-1,f-1,i0, conf=-1: [s3:0.0.0.0:34761, s4:0.0.0.0:42956, s0:0.0.0.0:35561, s1:0.0.0.0:38095, s2:0.0.0.0:39611], old=null RUNNING, sleep 450ms and then retry.
java.lang.IllegalStateException: No leader yet : printing ALL groups
  s3:  RUNNING CANDIDATE s3@group-A1B89BB4020A:t5, leader=null, voted=s3, raftlog=s3@group-A1B89BB4020A-SegmentedRaftLog:OPENED:c-1,f-1,i0, conf=-1: [s3:0.0.0.0:34761, s4:0.0.0.0:42956, s0:0.0.0.0:35561, s1:0.0.0.0:38095, s2:0.0.0.0:39611], old=null RUNNING
  s4:  RUNNING CANDIDATE s4@group-A1B89BB4020A:t5, leader=null, voted=s4, raftlog=s4@group-A1B89BB4020A-SegmentedRaftLog:OPENED:c-1,f-1,i0, conf=-1: [s3:0.0.0.0:34761, s4:0.0.0.0:42956, s0:0.0.0.0:35561, s1:0.0.0.0:38095, s2:0.0.0.0:39611], old=null RUNNING
  s0:  RUNNING CANDIDATE s0@group-A1B89BB4020A:t5, leader=null, voted=s0, raftlog=s0@group-A1B89BB4020A-SegmentedRaftLog:OPENED:c-1,f-1,i0, conf=-1: [s3:0.0.0.0:34761, s4:0.0.0.0:42956, s0:0.0.0.0:35561, s1:0.0.0.0:38095, s2:0.0.0.0:39611], old=null RUNNING
  s1:  RUNNING CANDIDATE s1@group-A1B89BB4020A:t5, leader=null, voted=s1, raftlog=s1@group-A1B89BB4020A-SegmentedRaftLog:OPENED:c-1,f-1,i0, conf=-1: [s3:0.0.0.0:34761, s4:0.0.0.0:42956, s0:0.0.0.0:35561, s1:0.0.0.0:38095, s2:0.0.0.0:39611], old=null RUNNING
  s2:  RUNNING CANDIDATE s2@group-A1B89BB4020A:t5, leader=null, voted=s2, raftlog=s2@group-A1B89BB4020A-SegmentedRaftLog:OPENED:c-1,f-1,i0, conf=-1: [s3:0.0.0.0:34761, s4:0.0.0.0:42956, s0:0.0.0.0:35561, s1:0.0.0.0:38095, s2:0.0.0.0:39611], old=null RUNNING
	at org.apache.ratis.MiniRaftCluster.newIllegalStateExceptionForNoLeaders(MiniRaftCluster.java:506)
	at org.apache.ratis.RaftTestUtil.lambda$waitForLeader$1(RaftTestUtil.java:90)
	at org.apache.ratis.MiniRaftCluster.getLeader(MiniRaftCluster.java:539)
	at org.apache.ratis.MiniRaftCluster.getLeader(MiniRaftCluster.java:532)
	at org.apache.ratis.RaftTestUtil.lambda$waitForLeader$3(RaftTestUtil.java:98)
	at org.apache.ratis.util.JavaUtils.attempt(JavaUtils.java:152)
	at org.apache.ratis.RaftTestUtil.waitForLeader(RaftTestUtil.java:97)
	at org.apache.ratis.RaftTestUtil.waitForLeader(RaftTestUtil.java:77)
	at org.apache.ratis.RaftTestUtil.waitForLeader(RaftTestUtil.java:72)
	at org.apache.ratis.RaftBasicTests.runTestOldLeaderNotCommit(RaftBasicTests.java:218)
	at org.apache.ratis.MiniRaftCluster$Factory$Get.runWithNewCluster(MiniRaftCluster.java:125)
	at org.apache.ratis.MiniRaftCluster$Factory$Get.runWithNewCluster(MiniRaftCluster.java:113)
	at org.apache.ratis.RaftBasicTests.testOldLeaderNotCommit(RaftBasicTests.java:214)
	at sun.reflect.NativeMethodAccessorImpl.invoke0(Native Method)
	at sun.reflect.NativeMethodAccessorImpl.invoke(NativeMethodAccessorImpl.java:62)
	at sun.reflect.DelegatingMethodAccessorImpl.invoke(DelegatingMethodAccessorImpl.java:43)
	at java.lang.reflect.Method.invoke(Method.java:498)
	at org.junit.runners.model.FrameworkMethod$1.runReflectiveCall(FrameworkMethod.java:50)
	at org.junit.internal.runners.model.ReflectiveCallable.run(ReflectiveCallable.java:12)
	at org.junit.runners.model.FrameworkMethod.invokeExplosively(FrameworkMethod.java:47)
	at org.junit.internal.runners.statements.InvokeMethod.evaluate(InvokeMethod.java:17)
	at org.junit.internal.runners.statements.RunAfters.evaluate(RunAfters.java:27)
	at org.junit.internal.runners.statements.FailOnTimeout$CallableStatement.call(FailOnTimeout.java:298)
	at org.junit.internal.runners.statements.FailOnTimeout$CallableStatement.call(FailOnTimeout.java:292)
	at java.util.concurrent.FutureTask.run(FutureTask.java:266)
	at java.lang.Thread.run(Thread.java:748)
2019-09-24 16:44:24,696 WARN  ratis.RaftTestUtil (JavaUtils.java:attempt(158)) - FAILED "waitForLeader-null-(expectLeader? true)", attempt #43/100: java.lang.IllegalStateException: No leader yet : printing ALL groups
  s3:  RUNNING CANDIDATE s3@group-A1B89BB4020A:t5, leader=null, voted=s3, raftlog=s3@group-A1B89BB4020A-SegmentedRaftLog:OPENED:c-1,f-1,i0, conf=-1: [s3:0.0.0.0:34761, s4:0.0.0.0:42956, s0:0.0.0.0:35561, s1:0.0.0.0:38095, s2:0.0.0.0:39611], old=null RUNNING
  s4:  RUNNING CANDIDATE s4@group-A1B89BB4020A:t5, leader=null, voted=s4, raftlog=s4@group-A1B89BB4020A-SegmentedRaftLog:OPENED:c-1,f-1,i0, conf=-1: [s3:0.0.0.0:34761, s4:0.0.0.0:42956, s0:0.0.0.0:35561, s1:0.0.0.0:38095, s2:0.0.0.0:39611], old=null RUNNING
  s0:  RUNNING CANDIDATE s0@group-A1B89BB4020A:t5, leader=null, voted=s0, raftlog=s0@group-A1B89BB4020A-SegmentedRaftLog:OPENED:c-1,f-1,i0, conf=-1: [s3:0.0.0.0:34761, s4:0.0.0.0:42956, s0:0.0.0.0:35561, s1:0.0.0.0:38095, s2:0.0.0.0:39611], old=null RUNNING
  s1:  RUNNING CANDIDATE s1@group-A1B89BB4020A:t5, leader=null, voted=s1, raftlog=s1@group-A1B89BB4020A-SegmentedRaftLog:OPENED:c-1,f-1,i0, conf=-1: [s3:0.0.0.0:34761, s4:0.0.0.0:42956, s0:0.0.0.0:35561, s1:0.0.0.0:38095, s2:0.0.0.0:39611], old=null RUNNING
  s2:  RUNNING CANDIDATE s2@group-A1B89BB4020A:t5, leader=null, voted=s2, raftlog=s2@group-A1B89BB4020A-SegmentedRaftLog:OPENED:c-1,f-1,i0, conf=-1: [s3:0.0.0.0:34761, s4:0.0.0.0:42956, s0:0.0.0.0:35561, s1:0.0.0.0:38095, s2:0.0.0.0:39611], old=null RUNNING, sleep 450ms and then retry.
java.lang.IllegalStateException: No leader yet : printing ALL groups
  s3:  RUNNING CANDIDATE s3@group-A1B89BB4020A:t5, leader=null, voted=s3, raftlog=s3@group-A1B89BB4020A-SegmentedRaftLog:OPENED:c-1,f-1,i0, conf=-1: [s3:0.0.0.0:34761, s4:0.0.0.0:42956, s0:0.0.0.0:35561, s1:0.0.0.0:38095, s2:0.0.0.0:39611], old=null RUNNING
  s4:  RUNNING CANDIDATE s4@group-A1B89BB4020A:t5, leader=null, voted=s4, raftlog=s4@group-A1B89BB4020A-SegmentedRaftLog:OPENED:c-1,f-1,i0, conf=-1: [s3:0.0.0.0:34761, s4:0.0.0.0:42956, s0:0.0.0.0:35561, s1:0.0.0.0:38095, s2:0.0.0.0:39611], old=null RUNNING
  s0:  RUNNING CANDIDATE s0@group-A1B89BB4020A:t5, leader=null, voted=s0, raftlog=s0@group-A1B89BB4020A-SegmentedRaftLog:OPENED:c-1,f-1,i0, conf=-1: [s3:0.0.0.0:34761, s4:0.0.0.0:42956, s0:0.0.0.0:35561, s1:0.0.0.0:38095, s2:0.0.0.0:39611], old=null RUNNING
  s1:  RUNNING CANDIDATE s1@group-A1B89BB4020A:t5, leader=null, voted=s1, raftlog=s1@group-A1B89BB4020A-SegmentedRaftLog:OPENED:c-1,f-1,i0, conf=-1: [s3:0.0.0.0:34761, s4:0.0.0.0:42956, s0:0.0.0.0:35561, s1:0.0.0.0:38095, s2:0.0.0.0:39611], old=null RUNNING
  s2:  RUNNING CANDIDATE s2@group-A1B89BB4020A:t5, leader=null, voted=s2, raftlog=s2@group-A1B89BB4020A-SegmentedRaftLog:OPENED:c-1,f-1,i0, conf=-1: [s3:0.0.0.0:34761, s4:0.0.0.0:42956, s0:0.0.0.0:35561, s1:0.0.0.0:38095, s2:0.0.0.0:39611], old=null RUNNING
	at org.apache.ratis.MiniRaftCluster.newIllegalStateExceptionForNoLeaders(MiniRaftCluster.java:506)
	at org.apache.ratis.RaftTestUtil.lambda$waitForLeader$1(RaftTestUtil.java:90)
	at org.apache.ratis.MiniRaftCluster.getLeader(MiniRaftCluster.java:539)
	at org.apache.ratis.MiniRaftCluster.getLeader(MiniRaftCluster.java:532)
	at org.apache.ratis.RaftTestUtil.lambda$waitForLeader$3(RaftTestUtil.java:98)
	at org.apache.ratis.util.JavaUtils.attempt(JavaUtils.java:152)
	at org.apache.ratis.RaftTestUtil.waitForLeader(RaftTestUtil.java:97)
	at org.apache.ratis.RaftTestUtil.waitForLeader(RaftTestUtil.java:77)
	at org.apache.ratis.RaftTestUtil.waitForLeader(RaftTestUtil.java:72)
	at org.apache.ratis.RaftBasicTests.runTestOldLeaderNotCommit(RaftBasicTests.java:218)
	at org.apache.ratis.MiniRaftCluster$Factory$Get.runWithNewCluster(MiniRaftCluster.java:125)
	at org.apache.ratis.MiniRaftCluster$Factory$Get.runWithNewCluster(MiniRaftCluster.java:113)
	at org.apache.ratis.RaftBasicTests.testOldLeaderNotCommit(RaftBasicTests.java:214)
	at sun.reflect.NativeMethodAccessorImpl.invoke0(Native Method)
	at sun.reflect.NativeMethodAccessorImpl.invoke(NativeMethodAccessorImpl.java:62)
	at sun.reflect.DelegatingMethodAccessorImpl.invoke(DelegatingMethodAccessorImpl.java:43)
	at java.lang.reflect.Method.invoke(Method.java:498)
	at org.junit.runners.model.FrameworkMethod$1.runReflectiveCall(FrameworkMethod.java:50)
	at org.junit.internal.runners.model.ReflectiveCallable.run(ReflectiveCallable.java:12)
	at org.junit.runners.model.FrameworkMethod.invokeExplosively(FrameworkMethod.java:47)
	at org.junit.internal.runners.statements.InvokeMethod.evaluate(InvokeMethod.java:17)
	at org.junit.internal.runners.statements.RunAfters.evaluate(RunAfters.java:27)
	at org.junit.internal.runners.statements.FailOnTimeout$CallableStatement.call(FailOnTimeout.java:298)
	at org.junit.internal.runners.statements.FailOnTimeout$CallableStatement.call(FailOnTimeout.java:292)
	at java.util.concurrent.FutureTask.run(FutureTask.java:266)
	at java.lang.Thread.run(Thread.java:748)
2019-09-24 16:44:25,147 WARN  ratis.RaftTestUtil (JavaUtils.java:attempt(158)) - FAILED "waitForLeader-null-(expectLeader? true)", attempt #44/100: java.lang.IllegalStateException: No leader yet : printing ALL groups
  s3:  RUNNING CANDIDATE s3@group-A1B89BB4020A:t5, leader=null, voted=s3, raftlog=s3@group-A1B89BB4020A-SegmentedRaftLog:OPENED:c-1,f-1,i0, conf=-1: [s3:0.0.0.0:34761, s4:0.0.0.0:42956, s0:0.0.0.0:35561, s1:0.0.0.0:38095, s2:0.0.0.0:39611], old=null RUNNING
  s4:  RUNNING CANDIDATE s4@group-A1B89BB4020A:t5, leader=null, voted=s4, raftlog=s4@group-A1B89BB4020A-SegmentedRaftLog:OPENED:c-1,f-1,i0, conf=-1: [s3:0.0.0.0:34761, s4:0.0.0.0:42956, s0:0.0.0.0:35561, s1:0.0.0.0:38095, s2:0.0.0.0:39611], old=null RUNNING
  s0:  RUNNING CANDIDATE s0@group-A1B89BB4020A:t5, leader=null, voted=s0, raftlog=s0@group-A1B89BB4020A-SegmentedRaftLog:OPENED:c-1,f-1,i0, conf=-1: [s3:0.0.0.0:34761, s4:0.0.0.0:42956, s0:0.0.0.0:35561, s1:0.0.0.0:38095, s2:0.0.0.0:39611], old=null RUNNING
  s1:  RUNNING CANDIDATE s1@group-A1B89BB4020A:t5, leader=null, voted=s1, raftlog=s1@group-A1B89BB4020A-SegmentedRaftLog:OPENED:c-1,f-1,i0, conf=-1: [s3:0.0.0.0:34761, s4:0.0.0.0:42956, s0:0.0.0.0:35561, s1:0.0.0.0:38095, s2:0.0.0.0:39611], old=null RUNNING
  s2:  RUNNING CANDIDATE s2@group-A1B89BB4020A:t5, leader=null, voted=s2, raftlog=s2@group-A1B89BB4020A-SegmentedRaftLog:OPENED:c-1,f-1,i0, conf=-1: [s3:0.0.0.0:34761, s4:0.0.0.0:42956, s0:0.0.0.0:35561, s1:0.0.0.0:38095, s2:0.0.0.0:39611], old=null RUNNING, sleep 450ms and then retry.
java.lang.IllegalStateException: No leader yet : printing ALL groups
  s3:  RUNNING CANDIDATE s3@group-A1B89BB4020A:t5, leader=null, voted=s3, raftlog=s3@group-A1B89BB4020A-SegmentedRaftLog:OPENED:c-1,f-1,i0, conf=-1: [s3:0.0.0.0:34761, s4:0.0.0.0:42956, s0:0.0.0.0:35561, s1:0.0.0.0:38095, s2:0.0.0.0:39611], old=null RUNNING
  s4:  RUNNING CANDIDATE s4@group-A1B89BB4020A:t5, leader=null, voted=s4, raftlog=s4@group-A1B89BB4020A-SegmentedRaftLog:OPENED:c-1,f-1,i0, conf=-1: [s3:0.0.0.0:34761, s4:0.0.0.0:42956, s0:0.0.0.0:35561, s1:0.0.0.0:38095, s2:0.0.0.0:39611], old=null RUNNING
  s0:  RUNNING CANDIDATE s0@group-A1B89BB4020A:t5, leader=null, voted=s0, raftlog=s0@group-A1B89BB4020A-SegmentedRaftLog:OPENED:c-1,f-1,i0, conf=-1: [s3:0.0.0.0:34761, s4:0.0.0.0:42956, s0:0.0.0.0:35561, s1:0.0.0.0:38095, s2:0.0.0.0:39611], old=null RUNNING
  s1:  RUNNING CANDIDATE s1@group-A1B89BB4020A:t5, leader=null, voted=s1, raftlog=s1@group-A1B89BB4020A-SegmentedRaftLog:OPENED:c-1,f-1,i0, conf=-1: [s3:0.0.0.0:34761, s4:0.0.0.0:42956, s0:0.0.0.0:35561, s1:0.0.0.0:38095, s2:0.0.0.0:39611], old=null RUNNING
  s2:  RUNNING CANDIDATE s2@group-A1B89BB4020A:t5, leader=null, voted=s2, raftlog=s2@group-A1B89BB4020A-SegmentedRaftLog:OPENED:c-1,f-1,i0, conf=-1: [s3:0.0.0.0:34761, s4:0.0.0.0:42956, s0:0.0.0.0:35561, s1:0.0.0.0:38095, s2:0.0.0.0:39611], old=null RUNNING
	at org.apache.ratis.MiniRaftCluster.newIllegalStateExceptionForNoLeaders(MiniRaftCluster.java:506)
	at org.apache.ratis.RaftTestUtil.lambda$waitForLeader$1(RaftTestUtil.java:90)
	at org.apache.ratis.MiniRaftCluster.getLeader(MiniRaftCluster.java:539)
	at org.apache.ratis.MiniRaftCluster.getLeader(MiniRaftCluster.java:532)
	at org.apache.ratis.RaftTestUtil.lambda$waitForLeader$3(RaftTestUtil.java:98)
	at org.apache.ratis.util.JavaUtils.attempt(JavaUtils.java:152)
	at org.apache.ratis.RaftTestUtil.waitForLeader(RaftTestUtil.java:97)
	at org.apache.ratis.RaftTestUtil.waitForLeader(RaftTestUtil.java:77)
	at org.apache.ratis.RaftTestUtil.waitForLeader(RaftTestUtil.java:72)
	at org.apache.ratis.RaftBasicTests.runTestOldLeaderNotCommit(RaftBasicTests.java:218)
	at org.apache.ratis.MiniRaftCluster$Factory$Get.runWithNewCluster(MiniRaftCluster.java:125)
	at org.apache.ratis.MiniRaftCluster$Factory$Get.runWithNewCluster(MiniRaftCluster.java:113)
	at org.apache.ratis.RaftBasicTests.testOldLeaderNotCommit(RaftBasicTests.java:214)
	at sun.reflect.NativeMethodAccessorImpl.invoke0(Native Method)
	at sun.reflect.NativeMethodAccessorImpl.invoke(NativeMethodAccessorImpl.java:62)
	at sun.reflect.DelegatingMethodAccessorImpl.invoke(DelegatingMethodAccessorImpl.java:43)
	at java.lang.reflect.Method.invoke(Method.java:498)
	at org.junit.runners.model.FrameworkMethod$1.runReflectiveCall(FrameworkMethod.java:50)
	at org.junit.internal.runners.model.ReflectiveCallable.run(ReflectiveCallable.java:12)
	at org.junit.runners.model.FrameworkMethod.invokeExplosively(FrameworkMethod.java:47)
	at org.junit.internal.runners.statements.InvokeMethod.evaluate(InvokeMethod.java:17)
	at org.junit.internal.runners.statements.RunAfters.evaluate(RunAfters.java:27)
	at org.junit.internal.runners.statements.FailOnTimeout$CallableStatement.call(FailOnTimeout.java:298)
	at org.junit.internal.runners.statements.FailOnTimeout$CallableStatement.call(FailOnTimeout.java:292)
	at java.util.concurrent.FutureTask.run(FutureTask.java:266)
	at java.lang.Thread.run(Thread.java:748)
2019-09-24 16:44:25,572 INFO  impl.LeaderElection (LeaderElection.java:askForVotes(178)) - s1@group-A1B89BB4020A-LeaderElection150: begin an election at term 5 for -1: [s3:0.0.0.0:34761, s4:0.0.0.0:42956, s0:0.0.0.0:35561, s1:0.0.0.0:38095, s2:0.0.0.0:39611], old=null
2019-09-24 16:44:25,572 INFO  impl.LeaderElection (LeaderElection.java:askForVotes(178)) - s3@group-A1B89BB4020A-LeaderElection152: begin an election at term 5 for -1: [s3:0.0.0.0:34761, s4:0.0.0.0:42956, s0:0.0.0.0:35561, s1:0.0.0.0:38095, s2:0.0.0.0:39611], old=null
2019-09-24 16:44:25,572 INFO  impl.LeaderElection (LeaderElection.java:askForVotes(178)) - s0@group-A1B89BB4020A-LeaderElection151: begin an election at term 5 for -1: [s3:0.0.0.0:34761, s4:0.0.0.0:42956, s0:0.0.0.0:35561, s1:0.0.0.0:38095, s2:0.0.0.0:39611], old=null
2019-09-24 16:44:25,572 INFO  impl.LeaderElection (LeaderElection.java:askForVotes(178)) - s2@group-A1B89BB4020A-LeaderElection153: begin an election at term 5 for -1: [s3:0.0.0.0:34761, s4:0.0.0.0:42956, s0:0.0.0.0:35561, s1:0.0.0.0:38095, s2:0.0.0.0:39611], old=null
2019-09-24 16:44:25,572 INFO  impl.LeaderElection (LeaderElection.java:askForVotes(178)) - s4@group-A1B89BB4020A-LeaderElection154: begin an election at term 5 for -1: [s3:0.0.0.0:34761, s4:0.0.0.0:42956, s0:0.0.0.0:35561, s1:0.0.0.0:38095, s2:0.0.0.0:39611], old=null
2019-09-24 16:44:25,574 DEBUG impl.RaftServerImpl (RaftServerImpl.java:requestVote(743)) - s3@group-A1B89BB4020A: receive requestVote(s1, group-A1B89BB4020A, 5, (t:0, i:0))
2019-09-24 16:44:25,574 DEBUG impl.RaftServerImpl (RaftServerImpl.java:requestVote(743)) - s4@group-A1B89BB4020A: receive requestVote(s2, group-A1B89BB4020A, 5, (t:0, i:0))
2019-09-24 16:44:25,574 DEBUG impl.RaftServerImpl (RaftServerImpl.java:requestVote(743)) - s4@group-A1B89BB4020A: receive requestVote(s3, group-A1B89BB4020A, 5, (t:0, i:0))
2019-09-24 16:44:25,574 DEBUG impl.RaftServerImpl (RaftServerImpl.java:requestVote(743)) - s3@group-A1B89BB4020A: receive requestVote(s0, group-A1B89BB4020A, 5, (t:0, i:0))
2019-09-24 16:44:25,576 DEBUG impl.RaftServerImpl (RaftServerImpl.java:requestVote(743)) - s1@group-A1B89BB4020A: receive requestVote(s0, group-A1B89BB4020A, 5, (t:0, i:0))
2019-09-24 16:44:25,574 DEBUG impl.RaftServerImpl (RaftServerImpl.java:requestVote(743)) - s3@group-A1B89BB4020A: receive requestVote(s2, group-A1B89BB4020A, 5, (t:0, i:0))
2019-09-24 16:44:25,576 DEBUG impl.RaftServerImpl (RaftServerImpl.java:requestVote(743)) - s2@group-A1B89BB4020A: receive requestVote(s0, group-A1B89BB4020A, 5, (t:0, i:0))
2019-09-24 16:44:25,576 DEBUG impl.RaftServerImpl (RaftServerImpl.java:requestVote(743)) - s0@group-A1B89BB4020A: receive requestVote(s3, group-A1B89BB4020A, 5, (t:0, i:0))
2019-09-24 16:44:25,576 DEBUG impl.RaftServerImpl (RaftServerImpl.java:requestVote(775)) - s1@group-A1B89BB4020A replies to vote request: s0<-s1#0:FAIL-t5. Peer's state: s1@group-A1B89BB4020A:t5, leader=null, voted=s1, raftlog=s1@group-A1B89BB4020A-SegmentedRaftLog:OPENED:c-1,f-1,i0, conf=-1: [s3:0.0.0.0:34761, s4:0.0.0.0:42956, s0:0.0.0.0:35561, s1:0.0.0.0:38095, s2:0.0.0.0:39611], old=null
2019-09-24 16:44:25,576 DEBUG impl.RaftServerImpl (RaftServerImpl.java:requestVote(743)) - s0@group-A1B89BB4020A: receive requestVote(s2, group-A1B89BB4020A, 5, (t:0, i:0))
2019-09-24 16:44:25,576 DEBUG impl.RaftServerImpl (RaftServerImpl.java:requestVote(743)) - s0@group-A1B89BB4020A: receive requestVote(s4, group-A1B89BB4020A, 5, (t:0, i:0))
2019-09-24 16:44:25,578 DEBUG impl.RaftServerImpl (RaftServerImpl.java:requestVote(743)) - s2@group-A1B89BB4020A: receive requestVote(s1, group-A1B89BB4020A, 5, (t:0, i:0))
2019-09-24 16:44:25,575 DEBUG impl.RaftServerImpl (RaftServerImpl.java:requestVote(775)) - s4@group-A1B89BB4020A replies to vote request: s2<-s4#0:FAIL-t5. Peer's state: s4@group-A1B89BB4020A:t5, leader=null, voted=s4, raftlog=s4@group-A1B89BB4020A-SegmentedRaftLog:OPENED:c-1,f-1,i0, conf=-1: [s3:0.0.0.0:34761, s4:0.0.0.0:42956, s0:0.0.0.0:35561, s1:0.0.0.0:38095, s2:0.0.0.0:39611], old=null
2019-09-24 16:44:25,575 DEBUG impl.RaftServerImpl (RaftServerImpl.java:requestVote(743)) - s4@group-A1B89BB4020A: receive requestVote(s1, group-A1B89BB4020A, 5, (t:0, i:0))
2019-09-24 16:44:25,575 DEBUG impl.RaftServerImpl (RaftServerImpl.java:requestVote(743)) - s4@group-A1B89BB4020A: receive requestVote(s0, group-A1B89BB4020A, 5, (t:0, i:0))
2019-09-24 16:44:25,575 DEBUG impl.RaftServerImpl (RaftServerImpl.java:requestVote(743)) - s3@group-A1B89BB4020A: receive requestVote(s4, group-A1B89BB4020A, 5, (t:0, i:0))
2019-09-24 16:44:25,575 DEBUG impl.RaftServerImpl (RaftServerImpl.java:requestVote(775)) - s3@group-A1B89BB4020A replies to vote request: s1<-s3#0:FAIL-t5. Peer's state: s3@group-A1B89BB4020A:t5, leader=null, voted=s3, raftlog=s3@group-A1B89BB4020A-SegmentedRaftLog:OPENED:c-1,f-1,i0, conf=-1: [s3:0.0.0.0:34761, s4:0.0.0.0:42956, s0:0.0.0.0:35561, s1:0.0.0.0:38095, s2:0.0.0.0:39611], old=null
2019-09-24 16:44:25,580 DEBUG impl.RaftServerImpl (RaftServerImpl.java:requestVote(743)) - s2@group-A1B89BB4020A: receive requestVote(s4, group-A1B89BB4020A, 5, (t:0, i:0))
2019-09-24 16:44:25,579 DEBUG impl.RaftServerImpl (RaftServerImpl.java:requestVote(775)) - s4@group-A1B89BB4020A replies to vote request: s3<-s4#0:FAIL-t5. Peer's state: s4@group-A1B89BB4020A:t5, leader=null, voted=s4, raftlog=s4@group-A1B89BB4020A-SegmentedRaftLog:OPENED:c-1,f-1,i0, conf=-1: [s3:0.0.0.0:34761, s4:0.0.0.0:42956, s0:0.0.0.0:35561, s1:0.0.0.0:38095, s2:0.0.0.0:39611], old=null
2019-09-24 16:44:25,577 DEBUG impl.RaftServerImpl (RaftServerImpl.java:requestVote(775)) - s0@group-A1B89BB4020A replies to vote request: s3<-s0#0:FAIL-t5. Peer's state: s0@group-A1B89BB4020A:t5, leader=null, voted=s0, raftlog=s0@group-A1B89BB4020A-SegmentedRaftLog:OPENED:c-1,f-1,i0, conf=-1: [s3:0.0.0.0:34761, s4:0.0.0.0:42956, s0:0.0.0.0:35561, s1:0.0.0.0:38095, s2:0.0.0.0:39611], old=null
2019-09-24 16:44:25,577 DEBUG impl.RaftServerImpl (RaftServerImpl.java:requestVote(743)) - s0@group-A1B89BB4020A: receive requestVote(s1, group-A1B89BB4020A, 5, (t:0, i:0))
2019-09-24 16:44:25,577 DEBUG impl.RaftServerImpl (RaftServerImpl.java:requestVote(775)) - s2@group-A1B89BB4020A replies to vote request: s0<-s2#0:FAIL-t5. Peer's state: s2@group-A1B89BB4020A:t5, leader=null, voted=s2, raftlog=s2@group-A1B89BB4020A-SegmentedRaftLog:OPENED:c-1,f-1,i0, conf=-1: [s3:0.0.0.0:34761, s4:0.0.0.0:42956, s0:0.0.0.0:35561, s1:0.0.0.0:38095, s2:0.0.0.0:39611], old=null
2019-09-24 16:44:25,577 DEBUG impl.RaftServerImpl (RaftServerImpl.java:requestVote(743)) - s1@group-A1B89BB4020A: receive requestVote(s2, group-A1B89BB4020A, 5, (t:0, i:0))
2019-09-24 16:44:25,577 DEBUG impl.RaftServerImpl (RaftServerImpl.java:requestVote(743)) - s1@group-A1B89BB4020A: receive requestVote(s4, group-A1B89BB4020A, 5, (t:0, i:0))
2019-09-24 16:44:25,582 DEBUG impl.RaftServerImpl (RaftServerImpl.java:requestVote(775)) - s1@group-A1B89BB4020A replies to vote request: s2<-s1#0:FAIL-t5. Peer's state: s1@group-A1B89BB4020A:t5, leader=null, voted=s1, raftlog=s1@group-A1B89BB4020A-SegmentedRaftLog:OPENED:c-1,f-1,i0, conf=-1: [s3:0.0.0.0:34761, s4:0.0.0.0:42956, s0:0.0.0.0:35561, s1:0.0.0.0:38095, s2:0.0.0.0:39611], old=null
2019-09-24 16:44:25,582 DEBUG impl.RaftServerImpl (RaftServerImpl.java:requestVote(775)) - s2@group-A1B89BB4020A replies to vote request: s4<-s2#0:FAIL-t5. Peer's state: s2@group-A1B89BB4020A:t5, leader=null, voted=s2, raftlog=s2@group-A1B89BB4020A-SegmentedRaftLog:OPENED:c-1,f-1,i0, conf=-1: [s3:0.0.0.0:34761, s4:0.0.0.0:42956, s0:0.0.0.0:35561, s1:0.0.0.0:38095, s2:0.0.0.0:39611], old=null
2019-09-24 16:44:25,581 DEBUG impl.RaftServerImpl (RaftServerImpl.java:requestVote(775)) - s0@group-A1B89BB4020A replies to vote request: s4<-s0#0:FAIL-t5. Peer's state: s0@group-A1B89BB4020A:t5, leader=null, voted=s0, raftlog=s0@group-A1B89BB4020A-SegmentedRaftLog:OPENED:c-1,f-1,i0, conf=-1: [s3:0.0.0.0:34761, s4:0.0.0.0:42956, s0:0.0.0.0:35561, s1:0.0.0.0:38095, s2:0.0.0.0:39611], old=null
2019-09-24 16:44:25,581 DEBUG impl.RaftServerImpl (RaftServerImpl.java:requestVote(775)) - s4@group-A1B89BB4020A replies to vote request: s0<-s4#0:FAIL-t5. Peer's state: s4@group-A1B89BB4020A:t5, leader=null, voted=s4, raftlog=s4@group-A1B89BB4020A-SegmentedRaftLog:OPENED:c-1,f-1,i0, conf=-1: [s3:0.0.0.0:34761, s4:0.0.0.0:42956, s0:0.0.0.0:35561, s1:0.0.0.0:38095, s2:0.0.0.0:39611], old=null
2019-09-24 16:44:25,580 DEBUG impl.RaftServerImpl (RaftServerImpl.java:requestVote(775)) - s3@group-A1B89BB4020A replies to vote request: s4<-s3#0:FAIL-t5. Peer's state: s3@group-A1B89BB4020A:t5, leader=null, voted=s3, raftlog=s3@group-A1B89BB4020A-SegmentedRaftLog:OPENED:c-1,f-1,i0, conf=-1: [s3:0.0.0.0:34761, s4:0.0.0.0:42956, s0:0.0.0.0:35561, s1:0.0.0.0:38095, s2:0.0.0.0:39611], old=null
2019-09-24 16:44:25,584 DEBUG impl.RaftServerImpl (RaftServerImpl.java:requestVote(775)) - s4@group-A1B89BB4020A replies to vote request: s1<-s4#0:FAIL-t5. Peer's state: s4@group-A1B89BB4020A:t5, leader=null, voted=s4, raftlog=s4@group-A1B89BB4020A-SegmentedRaftLog:OPENED:c-1,f-1,i0, conf=-1: [s3:0.0.0.0:34761, s4:0.0.0.0:42956, s0:0.0.0.0:35561, s1:0.0.0.0:38095, s2:0.0.0.0:39611], old=null
2019-09-24 16:44:25,583 DEBUG impl.RaftServerImpl (RaftServerImpl.java:requestVote(775)) - s0@group-A1B89BB4020A replies to vote request: s2<-s0#0:FAIL-t5. Peer's state: s0@group-A1B89BB4020A:t5, leader=null, voted=s0, raftlog=s0@group-A1B89BB4020A-SegmentedRaftLog:OPENED:c-1,f-1,i0, conf=-1: [s3:0.0.0.0:34761, s4:0.0.0.0:42956, s0:0.0.0.0:35561, s1:0.0.0.0:38095, s2:0.0.0.0:39611], old=null
2019-09-24 16:44:25,583 DEBUG impl.RaftServerImpl (RaftServerImpl.java:requestVote(775)) - s2@group-A1B89BB4020A replies to vote request: s1<-s2#0:FAIL-t5. Peer's state: s2@group-A1B89BB4020A:t5, leader=null, voted=s2, raftlog=s2@group-A1B89BB4020A-SegmentedRaftLog:OPENED:c-1,f-1,i0, conf=-1: [s3:0.0.0.0:34761, s4:0.0.0.0:42956, s0:0.0.0.0:35561, s1:0.0.0.0:38095, s2:0.0.0.0:39611], old=null
2019-09-24 16:44:25,583 DEBUG impl.RaftServerImpl (RaftServerImpl.java:requestVote(775)) - s1@group-A1B89BB4020A replies to vote request: s4<-s1#0:FAIL-t5. Peer's state: s1@group-A1B89BB4020A:t5, leader=null, voted=s1, raftlog=s1@group-A1B89BB4020A-SegmentedRaftLog:OPENED:c-1,f-1,i0, conf=-1: [s3:0.0.0.0:34761, s4:0.0.0.0:42956, s0:0.0.0.0:35561, s1:0.0.0.0:38095, s2:0.0.0.0:39611], old=null
2019-09-24 16:44:25,585 DEBUG impl.RaftServerImpl (RaftServerImpl.java:requestVote(775)) - s0@group-A1B89BB4020A replies to vote request: s1<-s0#0:FAIL-t5. Peer's state: s0@group-A1B89BB4020A:t5, leader=null, voted=s0, raftlog=s0@group-A1B89BB4020A-SegmentedRaftLog:OPENED:c-1,f-1,i0, conf=-1: [s3:0.0.0.0:34761, s4:0.0.0.0:42956, s0:0.0.0.0:35561, s1:0.0.0.0:38095, s2:0.0.0.0:39611], old=null
2019-09-24 16:44:25,585 INFO  impl.LeaderElection (LeaderElection.java:logAndReturn(56)) - s4@group-A1B89BB4020A-LeaderElection154: Election REJECTED; received 4 response(s) [s4<-s3#0:FAIL-t5, s4<-s0#0:FAIL-t5, s4<-s1#0:FAIL-t5, s4<-s2#0:FAIL-t5] and 0 exception(s); s4@group-A1B89BB4020A:t5, leader=null, voted=s4, raftlog=s4@group-A1B89BB4020A-SegmentedRaftLog:OPENED:c-1,f-1,i0, conf=-1: [s3:0.0.0.0:34761, s4:0.0.0.0:42956, s0:0.0.0.0:35561, s1:0.0.0.0:38095, s2:0.0.0.0:39611], old=null
2019-09-24 16:44:25,584 DEBUG impl.RaftServerImpl (RaftServerImpl.java:requestVote(775)) - s3@group-A1B89BB4020A replies to vote request: s2<-s3#0:FAIL-t5. Peer's state: s3@group-A1B89BB4020A:t5, leader=null, voted=s3, raftlog=s3@group-A1B89BB4020A-SegmentedRaftLog:OPENED:c-1,f-1,i0, conf=-1: [s3:0.0.0.0:34761, s4:0.0.0.0:42956, s0:0.0.0.0:35561, s1:0.0.0.0:38095, s2:0.0.0.0:39611], old=null
2019-09-24 16:44:25,586 INFO  impl.LeaderElection (LeaderElection.java:logAndReturn(56)) - s1@group-A1B89BB4020A-LeaderElection150: Election REJECTED; received 4 response(s) [s1<-s3#0:FAIL-t5, s1<-s4#0:FAIL-t5, s1<-s0#0:FAIL-t5, s1<-s2#0:FAIL-t5] and 0 exception(s); s1@group-A1B89BB4020A:t5, leader=null, voted=s1, raftlog=s1@group-A1B89BB4020A-SegmentedRaftLog:OPENED:c-1,f-1,i0, conf=-1: [s3:0.0.0.0:34761, s4:0.0.0.0:42956, s0:0.0.0.0:35561, s1:0.0.0.0:38095, s2:0.0.0.0:39611], old=null
2019-09-24 16:44:25,586 INFO  impl.RaftServerImpl (RaftServerImpl.java:setRole(170)) - s4@group-A1B89BB4020A: changes role from CANDIDATE to FOLLOWER at term 5 for DISCOVERED_A_NEW_TERM
2019-09-24 16:44:25,586 INFO  impl.RaftServerImpl (RaftServerImpl.java:setRole(170)) - s1@group-A1B89BB4020A: changes role from CANDIDATE to FOLLOWER at term 5 for DISCOVERED_A_NEW_TERM
2019-09-24 16:44:25,586 DEBUG impl.RaftServerImpl (RaftServerImpl.java:requestVote(775)) - s3@group-A1B89BB4020A replies to vote request: s0<-s3#0:FAIL-t5. Peer's state: s3@group-A1B89BB4020A:t5, leader=null, voted=s3, raftlog=s3@group-A1B89BB4020A-SegmentedRaftLog:OPENED:c-1,f-1,i0, conf=-1: [s3:0.0.0.0:34761, s4:0.0.0.0:42956, s0:0.0.0.0:35561, s1:0.0.0.0:38095, s2:0.0.0.0:39611], old=null
2019-09-24 16:44:25,587 INFO  impl.LeaderElection (LeaderElection.java:logAndReturn(56)) - s2@group-A1B89BB4020A-LeaderElection153: Election REJECTED; received 4 response(s) [s2<-s3#0:FAIL-t5, s2<-s4#0:FAIL-t5, s2<-s0#0:FAIL-t5, s2<-s1#0:FAIL-t5] and 0 exception(s); s2@group-A1B89BB4020A:t5, leader=null, voted=s2, raftlog=s2@group-A1B89BB4020A-SegmentedRaftLog:OPENED:c-1,f-1,i0, conf=-1: [s3:0.0.0.0:34761, s4:0.0.0.0:42956, s0:0.0.0.0:35561, s1:0.0.0.0:38095, s2:0.0.0.0:39611], old=null
2019-09-24 16:44:25,587 INFO  impl.RoleInfo (RoleInfo.java:shutdownLeaderElection(134)) - s1: shutdown LeaderElection
2019-09-24 16:44:25,588 INFO  impl.LeaderElection (LeaderElection.java:logAndReturn(56)) - s0@group-A1B89BB4020A-LeaderElection151: Election REJECTED; received 4 response(s) [s0<-s3#0:FAIL-t5, s0<-s4#0:FAIL-t5, s0<-s1#0:FAIL-t5, s0<-s2#0:FAIL-t5] and 0 exception(s); s0@group-A1B89BB4020A:t5, leader=null, voted=s0, raftlog=s0@group-A1B89BB4020A-SegmentedRaftLog:OPENED:c-1,f-1,i0, conf=-1: [s3:0.0.0.0:34761, s4:0.0.0.0:42956, s0:0.0.0.0:35561, s1:0.0.0.0:38095, s2:0.0.0.0:39611], old=null
2019-09-24 16:44:25,586 INFO  impl.RoleInfo (RoleInfo.java:shutdownLeaderElection(134)) - s4: shutdown LeaderElection
2019-09-24 16:44:25,588 DEBUG impl.RaftServerImpl (RaftServerImpl.java:requestVote(743)) - s1@group-A1B89BB4020A: receive requestVote(s3, group-A1B89BB4020A, 5, (t:0, i:0))
2019-09-24 16:44:25,589 DEBUG impl.RaftServerImpl (RaftServerImpl.java:requestVote(743)) - s2@group-A1B89BB4020A: receive requestVote(s3, group-A1B89BB4020A, 5, (t:0, i:0))
2019-09-24 16:44:25,588 INFO  impl.RaftServerImpl (RaftServerImpl.java:setRole(170)) - s0@group-A1B89BB4020A: changes role from CANDIDATE to FOLLOWER at term 5 for DISCOVERED_A_NEW_TERM
2019-09-24 16:44:25,589 INFO  impl.RoleInfo (RoleInfo.java:shutdownLeaderElection(134)) - s0: shutdown LeaderElection
2019-09-24 16:44:25,588 INFO  impl.RoleInfo (RoleInfo.java:updateAndGet(143)) - s1: start FollowerState
2019-09-24 16:44:25,587 INFO  impl.RaftServerImpl (RaftServerImpl.java:setRole(170)) - s2@group-A1B89BB4020A: changes role from CANDIDATE to FOLLOWER at term 5 for DISCOVERED_A_NEW_TERM
2019-09-24 16:44:25,589 INFO  impl.RoleInfo (RoleInfo.java:shutdownLeaderElection(134)) - s2: shutdown LeaderElection
2019-09-24 16:44:25,589 INFO  impl.RoleInfo (RoleInfo.java:updateAndGet(143)) - s0: start FollowerState
2019-09-24 16:44:25,588 INFO  impl.RoleInfo (RoleInfo.java:updateAndGet(143)) - s4: start FollowerState
2019-09-24 16:44:25,590 INFO  impl.RoleInfo (RoleInfo.java:updateAndGet(143)) - s2: start FollowerState
2019-09-24 16:44:25,590 DEBUG impl.RaftServerImpl (RaftServerImpl.java:requestVote(775)) - s1@group-A1B89BB4020A replies to vote request: s3<-s1#0:FAIL-t5. Peer's state: s1@group-A1B89BB4020A:t5, leader=null, voted=s1, raftlog=s1@group-A1B89BB4020A-SegmentedRaftLog:OPENED:c-1,f-1,i0, conf=-1: [s3:0.0.0.0:34761, s4:0.0.0.0:42956, s0:0.0.0.0:35561, s1:0.0.0.0:38095, s2:0.0.0.0:39611], old=null
2019-09-24 16:44:25,590 DEBUG impl.RaftServerImpl (RaftServerImpl.java:requestVote(775)) - s2@group-A1B89BB4020A replies to vote request: s3<-s2#0:FAIL-t5. Peer's state: s2@group-A1B89BB4020A:t5, leader=null, voted=s2, raftlog=s2@group-A1B89BB4020A-SegmentedRaftLog:OPENED:c-1,f-1,i0, conf=-1: [s3:0.0.0.0:34761, s4:0.0.0.0:42956, s0:0.0.0.0:35561, s1:0.0.0.0:38095, s2:0.0.0.0:39611], old=null
2019-09-24 16:44:25,591 INFO  impl.LeaderElection (LeaderElection.java:logAndReturn(56)) - s3@group-A1B89BB4020A-LeaderElection152: Election REJECTED; received 4 response(s) [s3<-s4#0:FAIL-t5, s3<-s0#0:FAIL-t5, s3<-s1#0:FAIL-t5, s3<-s2#0:FAIL-t5] and 0 exception(s); s3@group-A1B89BB4020A:t5, leader=null, voted=s3, raftlog=s3@group-A1B89BB4020A-SegmentedRaftLog:OPENED:c-1,f-1,i0, conf=-1: [s3:0.0.0.0:34761, s4:0.0.0.0:42956, s0:0.0.0.0:35561, s1:0.0.0.0:38095, s2:0.0.0.0:39611], old=null
2019-09-24 16:44:25,591 INFO  impl.RaftServerImpl (RaftServerImpl.java:setRole(170)) - s3@group-A1B89BB4020A: changes role from CANDIDATE to FOLLOWER at term 5 for DISCOVERED_A_NEW_TERM
2019-09-24 16:44:25,592 INFO  impl.RoleInfo (RoleInfo.java:shutdownLeaderElection(134)) - s3: shutdown LeaderElection
2019-09-24 16:44:25,592 INFO  impl.RoleInfo (RoleInfo.java:updateAndGet(143)) - s3: start FollowerState
2019-09-24 16:44:25,599 WARN  ratis.RaftTestUtil (JavaUtils.java:attempt(158)) - FAILED "waitForLeader-null-(expectLeader? true)", attempt #45/100: java.lang.IllegalStateException: No leader yet : printing ALL groups
  s3:  RUNNING  FOLLOWER s3@group-A1B89BB4020A:t5, leader=null, voted=s3, raftlog=s3@group-A1B89BB4020A-SegmentedRaftLog:OPENED:c-1,f-1,i0, conf=-1: [s3:0.0.0.0:34761, s4:0.0.0.0:42956, s0:0.0.0.0:35561, s1:0.0.0.0:38095, s2:0.0.0.0:39611], old=null RUNNING
  s4:  RUNNING  FOLLOWER s4@group-A1B89BB4020A:t5, leader=null, voted=s4, raftlog=s4@group-A1B89BB4020A-SegmentedRaftLog:OPENED:c-1,f-1,i0, conf=-1: [s3:0.0.0.0:34761, s4:0.0.0.0:42956, s0:0.0.0.0:35561, s1:0.0.0.0:38095, s2:0.0.0.0:39611], old=null RUNNING
  s0:  RUNNING  FOLLOWER s0@group-A1B89BB4020A:t5, leader=null, voted=s0, raftlog=s0@group-A1B89BB4020A-SegmentedRaftLog:OPENED:c-1,f-1,i0, conf=-1: [s3:0.0.0.0:34761, s4:0.0.0.0:42956, s0:0.0.0.0:35561, s1:0.0.0.0:38095, s2:0.0.0.0:39611], old=null RUNNING
  s1:  RUNNING  FOLLOWER s1@group-A1B89BB4020A:t5, leader=null, voted=s1, raftlog=s1@group-A1B89BB4020A-SegmentedRaftLog:OPENED:c-1,f-1,i0, conf=-1: [s3:0.0.0.0:34761, s4:0.0.0.0:42956, s0:0.0.0.0:35561, s1:0.0.0.0:38095, s2:0.0.0.0:39611], old=null RUNNING
  s2:  RUNNING  FOLLOWER s2@group-A1B89BB4020A:t5, leader=null, voted=s2, raftlog=s2@group-A1B89BB4020A-SegmentedRaftLog:OPENED:c-1,f-1,i0, conf=-1: [s3:0.0.0.0:34761, s4:0.0.0.0:42956, s0:0.0.0.0:35561, s1:0.0.0.0:38095, s2:0.0.0.0:39611], old=null RUNNING, sleep 450ms and then retry.
java.lang.IllegalStateException: No leader yet : printing ALL groups
  s3:  RUNNING  FOLLOWER s3@group-A1B89BB4020A:t5, leader=null, voted=s3, raftlog=s3@group-A1B89BB4020A-SegmentedRaftLog:OPENED:c-1,f-1,i0, conf=-1: [s3:0.0.0.0:34761, s4:0.0.0.0:42956, s0:0.0.0.0:35561, s1:0.0.0.0:38095, s2:0.0.0.0:39611], old=null RUNNING
  s4:  RUNNING  FOLLOWER s4@group-A1B89BB4020A:t5, leader=null, voted=s4, raftlog=s4@group-A1B89BB4020A-SegmentedRaftLog:OPENED:c-1,f-1,i0, conf=-1: [s3:0.0.0.0:34761, s4:0.0.0.0:42956, s0:0.0.0.0:35561, s1:0.0.0.0:38095, s2:0.0.0.0:39611], old=null RUNNING
  s0:  RUNNING  FOLLOWER s0@group-A1B89BB4020A:t5, leader=null, voted=s0, raftlog=s0@group-A1B89BB4020A-SegmentedRaftLog:OPENED:c-1,f-1,i0, conf=-1: [s3:0.0.0.0:34761, s4:0.0.0.0:42956, s0:0.0.0.0:35561, s1:0.0.0.0:38095, s2:0.0.0.0:39611], old=null RUNNING
  s1:  RUNNING  FOLLOWER s1@group-A1B89BB4020A:t5, leader=null, voted=s1, raftlog=s1@group-A1B89BB4020A-SegmentedRaftLog:OPENED:c-1,f-1,i0, conf=-1: [s3:0.0.0.0:34761, s4:0.0.0.0:42956, s0:0.0.0.0:35561, s1:0.0.0.0:38095, s2:0.0.0.0:39611], old=null RUNNING
  s2:  RUNNING  FOLLOWER s2@group-A1B89BB4020A:t5, leader=null, voted=s2, raftlog=s2@group-A1B89BB4020A-SegmentedRaftLog:OPENED:c-1,f-1,i0, conf=-1: [s3:0.0.0.0:34761, s4:0.0.0.0:42956, s0:0.0.0.0:35561, s1:0.0.0.0:38095, s2:0.0.0.0:39611], old=null RUNNING
	at org.apache.ratis.MiniRaftCluster.newIllegalStateExceptionForNoLeaders(MiniRaftCluster.java:506)
	at org.apache.ratis.RaftTestUtil.lambda$waitForLeader$1(RaftTestUtil.java:90)
	at org.apache.ratis.MiniRaftCluster.getLeader(MiniRaftCluster.java:539)
	at org.apache.ratis.MiniRaftCluster.getLeader(MiniRaftCluster.java:532)
	at org.apache.ratis.RaftTestUtil.lambda$waitForLeader$3(RaftTestUtil.java:98)
	at org.apache.ratis.util.JavaUtils.attempt(JavaUtils.java:152)
	at org.apache.ratis.RaftTestUtil.waitForLeader(RaftTestUtil.java:97)
	at org.apache.ratis.RaftTestUtil.waitForLeader(RaftTestUtil.java:77)
	at org.apache.ratis.RaftTestUtil.waitForLeader(RaftTestUtil.java:72)
	at org.apache.ratis.RaftBasicTests.runTestOldLeaderNotCommit(RaftBasicTests.java:218)
	at org.apache.ratis.MiniRaftCluster$Factory$Get.runWithNewCluster(MiniRaftCluster.java:125)
	at org.apache.ratis.MiniRaftCluster$Factory$Get.runWithNewCluster(MiniRaftCluster.java:113)
	at org.apache.ratis.RaftBasicTests.testOldLeaderNotCommit(RaftBasicTests.java:214)
	at sun.reflect.NativeMethodAccessorImpl.invoke0(Native Method)
	at sun.reflect.NativeMethodAccessorImpl.invoke(NativeMethodAccessorImpl.java:62)
	at sun.reflect.DelegatingMethodAccessorImpl.invoke(DelegatingMethodAccessorImpl.java:43)
	at java.lang.reflect.Method.invoke(Method.java:498)
	at org.junit.runners.model.FrameworkMethod$1.runReflectiveCall(FrameworkMethod.java:50)
	at org.junit.internal.runners.model.ReflectiveCallable.run(ReflectiveCallable.java:12)
	at org.junit.runners.model.FrameworkMethod.invokeExplosively(FrameworkMethod.java:47)
	at org.junit.internal.runners.statements.InvokeMethod.evaluate(InvokeMethod.java:17)
	at org.junit.internal.runners.statements.RunAfters.evaluate(RunAfters.java:27)
	at org.junit.internal.runners.statements.FailOnTimeout$CallableStatement.call(FailOnTimeout.java:298)
	at org.junit.internal.runners.statements.FailOnTimeout$CallableStatement.call(FailOnTimeout.java:292)
	at java.util.concurrent.FutureTask.run(FutureTask.java:266)
	at java.lang.Thread.run(Thread.java:748)
2019-09-24 16:44:25,731 INFO  ratis.MiniRaftCluster (MiniRaftCluster.java:lambda$null$5(297)) - TIMED-PRINT: printing ALL groups
  s3:  RUNNING  FOLLOWER s3@group-A1B89BB4020A:t5, leader=null, voted=s3, raftlog=s3@group-A1B89BB4020A-SegmentedRaftLog:OPENED:c-1,f-1,i0, conf=-1: [s3:0.0.0.0:34761, s4:0.0.0.0:42956, s0:0.0.0.0:35561, s1:0.0.0.0:38095, s2:0.0.0.0:39611], old=null RUNNING
  s4:  RUNNING  FOLLOWER s4@group-A1B89BB4020A:t5, leader=null, voted=s4, raftlog=s4@group-A1B89BB4020A-SegmentedRaftLog:OPENED:c-1,f-1,i0, conf=-1: [s3:0.0.0.0:34761, s4:0.0.0.0:42956, s0:0.0.0.0:35561, s1:0.0.0.0:38095, s2:0.0.0.0:39611], old=null RUNNING
  s0:  RUNNING  FOLLOWER s0@group-A1B89BB4020A:t5, leader=null, voted=s0, raftlog=s0@group-A1B89BB4020A-SegmentedRaftLog:OPENED:c-1,f-1,i0, conf=-1: [s3:0.0.0.0:34761, s4:0.0.0.0:42956, s0:0.0.0.0:35561, s1:0.0.0.0:38095, s2:0.0.0.0:39611], old=null RUNNING
  s1:  RUNNING  FOLLOWER s1@group-A1B89BB4020A:t5, leader=null, voted=s1, raftlog=s1@group-A1B89BB4020A-SegmentedRaftLog:OPENED:c-1,f-1,i0, conf=-1: [s3:0.0.0.0:34761, s4:0.0.0.0:42956, s0:0.0.0.0:35561, s1:0.0.0.0:38095, s2:0.0.0.0:39611], old=null RUNNING
  s2:  RUNNING  FOLLOWER s2@group-A1B89BB4020A:t5, leader=null, voted=s2, raftlog=s2@group-A1B89BB4020A-SegmentedRaftLog:OPENED:c-1,f-1,i0, conf=-1: [s3:0.0.0.0:34761, s4:0.0.0.0:42956, s0:0.0.0.0:35561, s1:0.0.0.0:38095, s2:0.0.0.0:39611], old=null RUNNING
2019-09-24 16:44:25,744 INFO  impl.FollowerState (FollowerState.java:run(108)) - s4@group-A1B89BB4020A-FollowerState: change to CANDIDATE, lastRpcTime:156ms, electionTimeout:154ms
2019-09-24 16:44:25,745 INFO  impl.RoleInfo (RoleInfo.java:shutdownFollowerState(121)) - s4: shutdown FollowerState
2019-09-24 16:44:25,745 INFO  impl.RaftServerImpl (RaftServerImpl.java:setRole(170)) - s4@group-A1B89BB4020A: changes role from  FOLLOWER to CANDIDATE at term 5 for changeToCandidate
2019-09-24 16:44:25,745 INFO  impl.RoleInfo (RoleInfo.java:updateAndGet(143)) - s4: start LeaderElection
2019-09-24 16:44:25,749 INFO  impl.FollowerState (FollowerState.java:run(108)) - s1@group-A1B89BB4020A-FollowerState: change to CANDIDATE, lastRpcTime:161ms, electionTimeout:159ms
2019-09-24 16:44:25,749 INFO  impl.RoleInfo (RoleInfo.java:shutdownFollowerState(121)) - s1: shutdown FollowerState
2019-09-24 16:44:25,749 INFO  impl.RaftServerImpl (RaftServerImpl.java:setRole(170)) - s1@group-A1B89BB4020A: changes role from  FOLLOWER to CANDIDATE at term 5 for changeToCandidate
2019-09-24 16:44:25,749 INFO  impl.RoleInfo (RoleInfo.java:updateAndGet(143)) - s1: start LeaderElection
2019-09-24 16:44:25,768 INFO  impl.FollowerState (FollowerState.java:run(108)) - s0@group-A1B89BB4020A-FollowerState: change to CANDIDATE, lastRpcTime:179ms, electionTimeout:178ms
2019-09-24 16:44:25,768 INFO  impl.RoleInfo (RoleInfo.java:shutdownFollowerState(121)) - s0: shutdown FollowerState
2019-09-24 16:44:25,768 INFO  impl.RaftServerImpl (RaftServerImpl.java:setRole(170)) - s0@group-A1B89BB4020A: changes role from  FOLLOWER to CANDIDATE at term 5 for changeToCandidate
2019-09-24 16:44:25,769 INFO  impl.RoleInfo (RoleInfo.java:updateAndGet(143)) - s0: start LeaderElection
2019-09-24 16:44:25,806 INFO  impl.FollowerState (FollowerState.java:run(108)) - s2@group-A1B89BB4020A-FollowerState: change to CANDIDATE, lastRpcTime:215ms, electionTimeout:215ms
2019-09-24 16:44:25,806 INFO  impl.RoleInfo (RoleInfo.java:shutdownFollowerState(121)) - s2: shutdown FollowerState
2019-09-24 16:44:25,806 INFO  impl.RaftServerImpl (RaftServerImpl.java:setRole(170)) - s2@group-A1B89BB4020A: changes role from  FOLLOWER to CANDIDATE at term 5 for changeToCandidate
2019-09-24 16:44:25,806 INFO  impl.RoleInfo (RoleInfo.java:updateAndGet(143)) - s2: start LeaderElection
2019-09-24 16:44:25,879 INFO  impl.FollowerState (FollowerState.java:run(108)) - s3@group-A1B89BB4020A-FollowerState: change to CANDIDATE, lastRpcTime:287ms, electionTimeout:287ms
2019-09-24 16:44:25,879 INFO  impl.RoleInfo (RoleInfo.java:shutdownFollowerState(121)) - s3: shutdown FollowerState
2019-09-24 16:44:25,879 INFO  impl.RaftServerImpl (RaftServerImpl.java:setRole(170)) - s3@group-A1B89BB4020A: changes role from  FOLLOWER to CANDIDATE at term 5 for changeToCandidate
2019-09-24 16:44:25,880 INFO  impl.RoleInfo (RoleInfo.java:updateAndGet(143)) - s3: start LeaderElection
2019-09-24 16:44:26,050 WARN  ratis.RaftTestUtil (JavaUtils.java:attempt(158)) - FAILED "waitForLeader-null-(expectLeader? true)", attempt #46/100: java.lang.IllegalStateException: No leader yet : printing ALL groups
  s3:  RUNNING CANDIDATE s3@group-A1B89BB4020A:t6, leader=null, voted=s3, raftlog=s3@group-A1B89BB4020A-SegmentedRaftLog:OPENED:c-1,f-1,i0, conf=-1: [s3:0.0.0.0:34761, s4:0.0.0.0:42956, s0:0.0.0.0:35561, s1:0.0.0.0:38095, s2:0.0.0.0:39611], old=null RUNNING
  s4:  RUNNING CANDIDATE s4@group-A1B89BB4020A:t6, leader=null, voted=s4, raftlog=s4@group-A1B89BB4020A-SegmentedRaftLog:OPENED:c-1,f-1,i0, conf=-1: [s3:0.0.0.0:34761, s4:0.0.0.0:42956, s0:0.0.0.0:35561, s1:0.0.0.0:38095, s2:0.0.0.0:39611], old=null RUNNING
  s0:  RUNNING CANDIDATE s0@group-A1B89BB4020A:t6, leader=null, voted=s0, raftlog=s0@group-A1B89BB4020A-SegmentedRaftLog:OPENED:c-1,f-1,i0, conf=-1: [s3:0.0.0.0:34761, s4:0.0.0.0:42956, s0:0.0.0.0:35561, s1:0.0.0.0:38095, s2:0.0.0.0:39611], old=null RUNNING
  s1:  RUNNING CANDIDATE s1@group-A1B89BB4020A:t6, leader=null, voted=s1, raftlog=s1@group-A1B89BB4020A-SegmentedRaftLog:OPENED:c-1,f-1,i0, conf=-1: [s3:0.0.0.0:34761, s4:0.0.0.0:42956, s0:0.0.0.0:35561, s1:0.0.0.0:38095, s2:0.0.0.0:39611], old=null RUNNING
  s2:  RUNNING CANDIDATE s2@group-A1B89BB4020A:t6, leader=null, voted=s2, raftlog=s2@group-A1B89BB4020A-SegmentedRaftLog:OPENED:c-1,f-1,i0, conf=-1: [s3:0.0.0.0:34761, s4:0.0.0.0:42956, s0:0.0.0.0:35561, s1:0.0.0.0:38095, s2:0.0.0.0:39611], old=null RUNNING, sleep 450ms and then retry.
java.lang.IllegalStateException: No leader yet : printing ALL groups
  s3:  RUNNING CANDIDATE s3@group-A1B89BB4020A:t6, leader=null, voted=s3, raftlog=s3@group-A1B89BB4020A-SegmentedRaftLog:OPENED:c-1,f-1,i0, conf=-1: [s3:0.0.0.0:34761, s4:0.0.0.0:42956, s0:0.0.0.0:35561, s1:0.0.0.0:38095, s2:0.0.0.0:39611], old=null RUNNING
  s4:  RUNNING CANDIDATE s4@group-A1B89BB4020A:t6, leader=null, voted=s4, raftlog=s4@group-A1B89BB4020A-SegmentedRaftLog:OPENED:c-1,f-1,i0, conf=-1: [s3:0.0.0.0:34761, s4:0.0.0.0:42956, s0:0.0.0.0:35561, s1:0.0.0.0:38095, s2:0.0.0.0:39611], old=null RUNNING
  s0:  RUNNING CANDIDATE s0@group-A1B89BB4020A:t6, leader=null, voted=s0, raftlog=s0@group-A1B89BB4020A-SegmentedRaftLog:OPENED:c-1,f-1,i0, conf=-1: [s3:0.0.0.0:34761, s4:0.0.0.0:42956, s0:0.0.0.0:35561, s1:0.0.0.0:38095, s2:0.0.0.0:39611], old=null RUNNING
  s1:  RUNNING CANDIDATE s1@group-A1B89BB4020A:t6, leader=null, voted=s1, raftlog=s1@group-A1B89BB4020A-SegmentedRaftLog:OPENED:c-1,f-1,i0, conf=-1: [s3:0.0.0.0:34761, s4:0.0.0.0:42956, s0:0.0.0.0:35561, s1:0.0.0.0:38095, s2:0.0.0.0:39611], old=null RUNNING
  s2:  RUNNING CANDIDATE s2@group-A1B89BB4020A:t6, leader=null, voted=s2, raftlog=s2@group-A1B89BB4020A-SegmentedRaftLog:OPENED:c-1,f-1,i0, conf=-1: [s3:0.0.0.0:34761, s4:0.0.0.0:42956, s0:0.0.0.0:35561, s1:0.0.0.0:38095, s2:0.0.0.0:39611], old=null RUNNING
	at org.apache.ratis.MiniRaftCluster.newIllegalStateExceptionForNoLeaders(MiniRaftCluster.java:506)
	at org.apache.ratis.RaftTestUtil.lambda$waitForLeader$1(RaftTestUtil.java:90)
	at org.apache.ratis.MiniRaftCluster.getLeader(MiniRaftCluster.java:539)
	at org.apache.ratis.MiniRaftCluster.getLeader(MiniRaftCluster.java:532)
	at org.apache.ratis.RaftTestUtil.lambda$waitForLeader$3(RaftTestUtil.java:98)
	at org.apache.ratis.util.JavaUtils.attempt(JavaUtils.java:152)
	at org.apache.ratis.RaftTestUtil.waitForLeader(RaftTestUtil.java:97)
	at org.apache.ratis.RaftTestUtil.waitForLeader(RaftTestUtil.java:77)
	at org.apache.ratis.RaftTestUtil.waitForLeader(RaftTestUtil.java:72)
	at org.apache.ratis.RaftBasicTests.runTestOldLeaderNotCommit(RaftBasicTests.java:218)
	at org.apache.ratis.MiniRaftCluster$Factory$Get.runWithNewCluster(MiniRaftCluster.java:125)
	at org.apache.ratis.MiniRaftCluster$Factory$Get.runWithNewCluster(MiniRaftCluster.java:113)
	at org.apache.ratis.RaftBasicTests.testOldLeaderNotCommit(RaftBasicTests.java:214)
	at sun.reflect.NativeMethodAccessorImpl.invoke0(Native Method)
	at sun.reflect.NativeMethodAccessorImpl.invoke(NativeMethodAccessorImpl.java:62)
	at sun.reflect.DelegatingMethodAccessorImpl.invoke(DelegatingMethodAccessorImpl.java:43)
	at java.lang.reflect.Method.invoke(Method.java:498)
	at org.junit.runners.model.FrameworkMethod$1.runReflectiveCall(FrameworkMethod.java:50)
	at org.junit.internal.runners.model.ReflectiveCallable.run(ReflectiveCallable.java:12)
	at org.junit.runners.model.FrameworkMethod.invokeExplosively(FrameworkMethod.java:47)
	at org.junit.internal.runners.statements.InvokeMethod.evaluate(InvokeMethod.java:17)
	at org.junit.internal.runners.statements.RunAfters.evaluate(RunAfters.java:27)
	at org.junit.internal.runners.statements.FailOnTimeout$CallableStatement.call(FailOnTimeout.java:298)
	at org.junit.internal.runners.statements.FailOnTimeout$CallableStatement.call(FailOnTimeout.java:292)
	at java.util.concurrent.FutureTask.run(FutureTask.java:266)
	at java.lang.Thread.run(Thread.java:748)
2019-09-24 16:44:26,502 WARN  ratis.RaftTestUtil (JavaUtils.java:attempt(158)) - FAILED "waitForLeader-null-(expectLeader? true)", attempt #47/100: java.lang.IllegalStateException: No leader yet : printing ALL groups
  s3:  RUNNING CANDIDATE s3@group-A1B89BB4020A:t6, leader=null, voted=s3, raftlog=s3@group-A1B89BB4020A-SegmentedRaftLog:OPENED:c-1,f-1,i0, conf=-1: [s3:0.0.0.0:34761, s4:0.0.0.0:42956, s0:0.0.0.0:35561, s1:0.0.0.0:38095, s2:0.0.0.0:39611], old=null RUNNING
  s4:  RUNNING CANDIDATE s4@group-A1B89BB4020A:t6, leader=null, voted=s4, raftlog=s4@group-A1B89BB4020A-SegmentedRaftLog:OPENED:c-1,f-1,i0, conf=-1: [s3:0.0.0.0:34761, s4:0.0.0.0:42956, s0:0.0.0.0:35561, s1:0.0.0.0:38095, s2:0.0.0.0:39611], old=null RUNNING
  s0:  RUNNING CANDIDATE s0@group-A1B89BB4020A:t6, leader=null, voted=s0, raftlog=s0@group-A1B89BB4020A-SegmentedRaftLog:OPENED:c-1,f-1,i0, conf=-1: [s3:0.0.0.0:34761, s4:0.0.0.0:42956, s0:0.0.0.0:35561, s1:0.0.0.0:38095, s2:0.0.0.0:39611], old=null RUNNING
  s1:  RUNNING CANDIDATE s1@group-A1B89BB4020A:t6, leader=null, voted=s1, raftlog=s1@group-A1B89BB4020A-SegmentedRaftLog:OPENED:c-1,f-1,i0, conf=-1: [s3:0.0.0.0:34761, s4:0.0.0.0:42956, s0:0.0.0.0:35561, s1:0.0.0.0:38095, s2:0.0.0.0:39611], old=null RUNNING
  s2:  RUNNING CANDIDATE s2@group-A1B89BB4020A:t6, leader=null, voted=s2, raftlog=s2@group-A1B89BB4020A-SegmentedRaftLog:OPENED:c-1,f-1,i0, conf=-1: [s3:0.0.0.0:34761, s4:0.0.0.0:42956, s0:0.0.0.0:35561, s1:0.0.0.0:38095, s2:0.0.0.0:39611], old=null RUNNING, sleep 450ms and then retry.
java.lang.IllegalStateException: No leader yet : printing ALL groups
  s3:  RUNNING CANDIDATE s3@group-A1B89BB4020A:t6, leader=null, voted=s3, raftlog=s3@group-A1B89BB4020A-SegmentedRaftLog:OPENED:c-1,f-1,i0, conf=-1: [s3:0.0.0.0:34761, s4:0.0.0.0:42956, s0:0.0.0.0:35561, s1:0.0.0.0:38095, s2:0.0.0.0:39611], old=null RUNNING
  s4:  RUNNING CANDIDATE s4@group-A1B89BB4020A:t6, leader=null, voted=s4, raftlog=s4@group-A1B89BB4020A-SegmentedRaftLog:OPENED:c-1,f-1,i0, conf=-1: [s3:0.0.0.0:34761, s4:0.0.0.0:42956, s0:0.0.0.0:35561, s1:0.0.0.0:38095, s2:0.0.0.0:39611], old=null RUNNING
  s0:  RUNNING CANDIDATE s0@group-A1B89BB4020A:t6, leader=null, voted=s0, raftlog=s0@group-A1B89BB4020A-SegmentedRaftLog:OPENED:c-1,f-1,i0, conf=-1: [s3:0.0.0.0:34761, s4:0.0.0.0:42956, s0:0.0.0.0:35561, s1:0.0.0.0:38095, s2:0.0.0.0:39611], old=null RUNNING
  s1:  RUNNING CANDIDATE s1@group-A1B89BB4020A:t6, leader=null, voted=s1, raftlog=s1@group-A1B89BB4020A-SegmentedRaftLog:OPENED:c-1,f-1,i0, conf=-1: [s3:0.0.0.0:34761, s4:0.0.0.0:42956, s0:0.0.0.0:35561, s1:0.0.0.0:38095, s2:0.0.0.0:39611], old=null RUNNING
  s2:  RUNNING CANDIDATE s2@group-A1B89BB4020A:t6, leader=null, voted=s2, raftlog=s2@group-A1B89BB4020A-SegmentedRaftLog:OPENED:c-1,f-1,i0, conf=-1: [s3:0.0.0.0:34761, s4:0.0.0.0:42956, s0:0.0.0.0:35561, s1:0.0.0.0:38095, s2:0.0.0.0:39611], old=null RUNNING
	at org.apache.ratis.MiniRaftCluster.newIllegalStateExceptionForNoLeaders(MiniRaftCluster.java:506)
	at org.apache.ratis.RaftTestUtil.lambda$waitForLeader$1(RaftTestUtil.java:90)
	at org.apache.ratis.MiniRaftCluster.getLeader(MiniRaftCluster.java:539)
	at org.apache.ratis.MiniRaftCluster.getLeader(MiniRaftCluster.java:532)
	at org.apache.ratis.RaftTestUtil.lambda$waitForLeader$3(RaftTestUtil.java:98)
	at org.apache.ratis.util.JavaUtils.attempt(JavaUtils.java:152)
	at org.apache.ratis.RaftTestUtil.waitForLeader(RaftTestUtil.java:97)
	at org.apache.ratis.RaftTestUtil.waitForLeader(RaftTestUtil.java:77)
	at org.apache.ratis.RaftTestUtil.waitForLeader(RaftTestUtil.java:72)
	at org.apache.ratis.RaftBasicTests.runTestOldLeaderNotCommit(RaftBasicTests.java:218)
	at org.apache.ratis.MiniRaftCluster$Factory$Get.runWithNewCluster(MiniRaftCluster.java:125)
	at org.apache.ratis.MiniRaftCluster$Factory$Get.runWithNewCluster(MiniRaftCluster.java:113)
	at org.apache.ratis.RaftBasicTests.testOldLeaderNotCommit(RaftBasicTests.java:214)
	at sun.reflect.NativeMethodAccessorImpl.invoke0(Native Method)
	at sun.reflect.NativeMethodAccessorImpl.invoke(NativeMethodAccessorImpl.java:62)
	at sun.reflect.DelegatingMethodAccessorImpl.invoke(DelegatingMethodAccessorImpl.java:43)
	at java.lang.reflect.Method.invoke(Method.java:498)
	at org.junit.runners.model.FrameworkMethod$1.runReflectiveCall(FrameworkMethod.java:50)
	at org.junit.internal.runners.model.ReflectiveCallable.run(ReflectiveCallable.java:12)
	at org.junit.runners.model.FrameworkMethod.invokeExplosively(FrameworkMethod.java:47)
	at org.junit.internal.runners.statements.InvokeMethod.evaluate(InvokeMethod.java:17)
	at org.junit.internal.runners.statements.RunAfters.evaluate(RunAfters.java:27)
	at org.junit.internal.runners.statements.FailOnTimeout$CallableStatement.call(FailOnTimeout.java:298)
	at org.junit.internal.runners.statements.FailOnTimeout$CallableStatement.call(FailOnTimeout.java:292)
	at java.util.concurrent.FutureTask.run(FutureTask.java:266)
	at java.lang.Thread.run(Thread.java:748)
2019-09-24 16:44:26,953 WARN  ratis.RaftTestUtil (JavaUtils.java:attempt(158)) - FAILED "waitForLeader-null-(expectLeader? true)", attempt #48/100: java.lang.IllegalStateException: No leader yet : printing ALL groups
  s3:  RUNNING CANDIDATE s3@group-A1B89BB4020A:t6, leader=null, voted=s3, raftlog=s3@group-A1B89BB4020A-SegmentedRaftLog:OPENED:c-1,f-1,i0, conf=-1: [s3:0.0.0.0:34761, s4:0.0.0.0:42956, s0:0.0.0.0:35561, s1:0.0.0.0:38095, s2:0.0.0.0:39611], old=null RUNNING
  s4:  RUNNING CANDIDATE s4@group-A1B89BB4020A:t6, leader=null, voted=s4, raftlog=s4@group-A1B89BB4020A-SegmentedRaftLog:OPENED:c-1,f-1,i0, conf=-1: [s3:0.0.0.0:34761, s4:0.0.0.0:42956, s0:0.0.0.0:35561, s1:0.0.0.0:38095, s2:0.0.0.0:39611], old=null RUNNING
  s0:  RUNNING CANDIDATE s0@group-A1B89BB4020A:t6, leader=null, voted=s0, raftlog=s0@group-A1B89BB4020A-SegmentedRaftLog:OPENED:c-1,f-1,i0, conf=-1: [s3:0.0.0.0:34761, s4:0.0.0.0:42956, s0:0.0.0.0:35561, s1:0.0.0.0:38095, s2:0.0.0.0:39611], old=null RUNNING
  s1:  RUNNING CANDIDATE s1@group-A1B89BB4020A:t6, leader=null, voted=s1, raftlog=s1@group-A1B89BB4020A-SegmentedRaftLog:OPENED:c-1,f-1,i0, conf=-1: [s3:0.0.0.0:34761, s4:0.0.0.0:42956, s0:0.0.0.0:35561, s1:0.0.0.0:38095, s2:0.0.0.0:39611], old=null RUNNING
  s2:  RUNNING CANDIDATE s2@group-A1B89BB4020A:t6, leader=null, voted=s2, raftlog=s2@group-A1B89BB4020A-SegmentedRaftLog:OPENED:c-1,f-1,i0, conf=-1: [s3:0.0.0.0:34761, s4:0.0.0.0:42956, s0:0.0.0.0:35561, s1:0.0.0.0:38095, s2:0.0.0.0:39611], old=null RUNNING, sleep 450ms and then retry.
java.lang.IllegalStateException: No leader yet : printing ALL groups
  s3:  RUNNING CANDIDATE s3@group-A1B89BB4020A:t6, leader=null, voted=s3, raftlog=s3@group-A1B89BB4020A-SegmentedRaftLog:OPENED:c-1,f-1,i0, conf=-1: [s3:0.0.0.0:34761, s4:0.0.0.0:42956, s0:0.0.0.0:35561, s1:0.0.0.0:38095, s2:0.0.0.0:39611], old=null RUNNING
  s4:  RUNNING CANDIDATE s4@group-A1B89BB4020A:t6, leader=null, voted=s4, raftlog=s4@group-A1B89BB4020A-SegmentedRaftLog:OPENED:c-1,f-1,i0, conf=-1: [s3:0.0.0.0:34761, s4:0.0.0.0:42956, s0:0.0.0.0:35561, s1:0.0.0.0:38095, s2:0.0.0.0:39611], old=null RUNNING
  s0:  RUNNING CANDIDATE s0@group-A1B89BB4020A:t6, leader=null, voted=s0, raftlog=s0@group-A1B89BB4020A-SegmentedRaftLog:OPENED:c-1,f-1,i0, conf=-1: [s3:0.0.0.0:34761, s4:0.0.0.0:42956, s0:0.0.0.0:35561, s1:0.0.0.0:38095, s2:0.0.0.0:39611], old=null RUNNING
  s1:  RUNNING CANDIDATE s1@group-A1B89BB4020A:t6, leader=null, voted=s1, raftlog=s1@group-A1B89BB4020A-SegmentedRaftLog:OPENED:c-1,f-1,i0, conf=-1: [s3:0.0.0.0:34761, s4:0.0.0.0:42956, s0:0.0.0.0:35561, s1:0.0.0.0:38095, s2:0.0.0.0:39611], old=null RUNNING
  s2:  RUNNING CANDIDATE s2@group-A1B89BB4020A:t6, leader=null, voted=s2, raftlog=s2@group-A1B89BB4020A-SegmentedRaftLog:OPENED:c-1,f-1,i0, conf=-1: [s3:0.0.0.0:34761, s4:0.0.0.0:42956, s0:0.0.0.0:35561, s1:0.0.0.0:38095, s2:0.0.0.0:39611], old=null RUNNING
	at org.apache.ratis.MiniRaftCluster.newIllegalStateExceptionForNoLeaders(MiniRaftCluster.java:506)
	at org.apache.ratis.RaftTestUtil.lambda$waitForLeader$1(RaftTestUtil.java:90)
	at org.apache.ratis.MiniRaftCluster.getLeader(MiniRaftCluster.java:539)
	at org.apache.ratis.MiniRaftCluster.getLeader(MiniRaftCluster.java:532)
	at org.apache.ratis.RaftTestUtil.lambda$waitForLeader$3(RaftTestUtil.java:98)
	at org.apache.ratis.util.JavaUtils.attempt(JavaUtils.java:152)
	at org.apache.ratis.RaftTestUtil.waitForLeader(RaftTestUtil.java:97)
	at org.apache.ratis.RaftTestUtil.waitForLeader(RaftTestUtil.java:77)
	at org.apache.ratis.RaftTestUtil.waitForLeader(RaftTestUtil.java:72)
	at org.apache.ratis.RaftBasicTests.runTestOldLeaderNotCommit(RaftBasicTests.java:218)
	at org.apache.ratis.MiniRaftCluster$Factory$Get.runWithNewCluster(MiniRaftCluster.java:125)
	at org.apache.ratis.MiniRaftCluster$Factory$Get.runWithNewCluster(MiniRaftCluster.java:113)
	at org.apache.ratis.RaftBasicTests.testOldLeaderNotCommit(RaftBasicTests.java:214)
	at sun.reflect.NativeMethodAccessorImpl.invoke0(Native Method)
	at sun.reflect.NativeMethodAccessorImpl.invoke(NativeMethodAccessorImpl.java:62)
	at sun.reflect.DelegatingMethodAccessorImpl.invoke(DelegatingMethodAccessorImpl.java:43)
	at java.lang.reflect.Method.invoke(Method.java:498)
	at org.junit.runners.model.FrameworkMethod$1.runReflectiveCall(FrameworkMethod.java:50)
	at org.junit.internal.runners.model.ReflectiveCallable.run(ReflectiveCallable.java:12)
	at org.junit.runners.model.FrameworkMethod.invokeExplosively(FrameworkMethod.java:47)
	at org.junit.internal.runners.statements.InvokeMethod.evaluate(InvokeMethod.java:17)
	at org.junit.internal.runners.statements.RunAfters.evaluate(RunAfters.java:27)
	at org.junit.internal.runners.statements.FailOnTimeout$CallableStatement.call(FailOnTimeout.java:298)
	at org.junit.internal.runners.statements.FailOnTimeout$CallableStatement.call(FailOnTimeout.java:292)
	at java.util.concurrent.FutureTask.run(FutureTask.java:266)
	at java.lang.Thread.run(Thread.java:748)
2019-09-24 16:44:27,405 WARN  ratis.RaftTestUtil (JavaUtils.java:attempt(158)) - FAILED "waitForLeader-null-(expectLeader? true)", attempt #49/100: java.lang.IllegalStateException: No leader yet : printing ALL groups
  s3:  RUNNING CANDIDATE s3@group-A1B89BB4020A:t6, leader=null, voted=s3, raftlog=s3@group-A1B89BB4020A-SegmentedRaftLog:OPENED:c-1,f-1,i0, conf=-1: [s3:0.0.0.0:34761, s4:0.0.0.0:42956, s0:0.0.0.0:35561, s1:0.0.0.0:38095, s2:0.0.0.0:39611], old=null RUNNING
  s4:  RUNNING CANDIDATE s4@group-A1B89BB4020A:t6, leader=null, voted=s4, raftlog=s4@group-A1B89BB4020A-SegmentedRaftLog:OPENED:c-1,f-1,i0, conf=-1: [s3:0.0.0.0:34761, s4:0.0.0.0:42956, s0:0.0.0.0:35561, s1:0.0.0.0:38095, s2:0.0.0.0:39611], old=null RUNNING
  s0:  RUNNING CANDIDATE s0@group-A1B89BB4020A:t6, leader=null, voted=s0, raftlog=s0@group-A1B89BB4020A-SegmentedRaftLog:OPENED:c-1,f-1,i0, conf=-1: [s3:0.0.0.0:34761, s4:0.0.0.0:42956, s0:0.0.0.0:35561, s1:0.0.0.0:38095, s2:0.0.0.0:39611], old=null RUNNING
  s1:  RUNNING CANDIDATE s1@group-A1B89BB4020A:t6, leader=null, voted=s1, raftlog=s1@group-A1B89BB4020A-SegmentedRaftLog:OPENED:c-1,f-1,i0, conf=-1: [s3:0.0.0.0:34761, s4:0.0.0.0:42956, s0:0.0.0.0:35561, s1:0.0.0.0:38095, s2:0.0.0.0:39611], old=null RUNNING
  s2:  RUNNING CANDIDATE s2@group-A1B89BB4020A:t6, leader=null, voted=s2, raftlog=s2@group-A1B89BB4020A-SegmentedRaftLog:OPENED:c-1,f-1,i0, conf=-1: [s3:0.0.0.0:34761, s4:0.0.0.0:42956, s0:0.0.0.0:35561, s1:0.0.0.0:38095, s2:0.0.0.0:39611], old=null RUNNING, sleep 450ms and then retry.
java.lang.IllegalStateException: No leader yet : printing ALL groups
  s3:  RUNNING CANDIDATE s3@group-A1B89BB4020A:t6, leader=null, voted=s3, raftlog=s3@group-A1B89BB4020A-SegmentedRaftLog:OPENED:c-1,f-1,i0, conf=-1: [s3:0.0.0.0:34761, s4:0.0.0.0:42956, s0:0.0.0.0:35561, s1:0.0.0.0:38095, s2:0.0.0.0:39611], old=null RUNNING
  s4:  RUNNING CANDIDATE s4@group-A1B89BB4020A:t6, leader=null, voted=s4, raftlog=s4@group-A1B89BB4020A-SegmentedRaftLog:OPENED:c-1,f-1,i0, conf=-1: [s3:0.0.0.0:34761, s4:0.0.0.0:42956, s0:0.0.0.0:35561, s1:0.0.0.0:38095, s2:0.0.0.0:39611], old=null RUNNING
  s0:  RUNNING CANDIDATE s0@group-A1B89BB4020A:t6, leader=null, voted=s0, raftlog=s0@group-A1B89BB4020A-SegmentedRaftLog:OPENED:c-1,f-1,i0, conf=-1: [s3:0.0.0.0:34761, s4:0.0.0.0:42956, s0:0.0.0.0:35561, s1:0.0.0.0:38095, s2:0.0.0.0:39611], old=null RUNNING
  s1:  RUNNING CANDIDATE s1@group-A1B89BB4020A:t6, leader=null, voted=s1, raftlog=s1@group-A1B89BB4020A-SegmentedRaftLog:OPENED:c-1,f-1,i0, conf=-1: [s3:0.0.0.0:34761, s4:0.0.0.0:42956, s0:0.0.0.0:35561, s1:0.0.0.0:38095, s2:0.0.0.0:39611], old=null RUNNING
  s2:  RUNNING CANDIDATE s2@group-A1B89BB4020A:t6, leader=null, voted=s2, raftlog=s2@group-A1B89BB4020A-SegmentedRaftLog:OPENED:c-1,f-1,i0, conf=-1: [s3:0.0.0.0:34761, s4:0.0.0.0:42956, s0:0.0.0.0:35561, s1:0.0.0.0:38095, s2:0.0.0.0:39611], old=null RUNNING
	at org.apache.ratis.MiniRaftCluster.newIllegalStateExceptionForNoLeaders(MiniRaftCluster.java:506)
	at org.apache.ratis.RaftTestUtil.lambda$waitForLeader$1(RaftTestUtil.java:90)
	at org.apache.ratis.MiniRaftCluster.getLeader(MiniRaftCluster.java:539)
	at org.apache.ratis.MiniRaftCluster.getLeader(MiniRaftCluster.java:532)
	at org.apache.ratis.RaftTestUtil.lambda$waitForLeader$3(RaftTestUtil.java:98)
	at org.apache.ratis.util.JavaUtils.attempt(JavaUtils.java:152)
	at org.apache.ratis.RaftTestUtil.waitForLeader(RaftTestUtil.java:97)
	at org.apache.ratis.RaftTestUtil.waitForLeader(RaftTestUtil.java:77)
	at org.apache.ratis.RaftTestUtil.waitForLeader(RaftTestUtil.java:72)
	at org.apache.ratis.RaftBasicTests.runTestOldLeaderNotCommit(RaftBasicTests.java:218)
	at org.apache.ratis.MiniRaftCluster$Factory$Get.runWithNewCluster(MiniRaftCluster.java:125)
	at org.apache.ratis.MiniRaftCluster$Factory$Get.runWithNewCluster(MiniRaftCluster.java:113)
	at org.apache.ratis.RaftBasicTests.testOldLeaderNotCommit(RaftBasicTests.java:214)
	at sun.reflect.NativeMethodAccessorImpl.invoke0(Native Method)
	at sun.reflect.NativeMethodAccessorImpl.invoke(NativeMethodAccessorImpl.java:62)
	at sun.reflect.DelegatingMethodAccessorImpl.invoke(DelegatingMethodAccessorImpl.java:43)
	at java.lang.reflect.Method.invoke(Method.java:498)
	at org.junit.runners.model.FrameworkMethod$1.runReflectiveCall(FrameworkMethod.java:50)
	at org.junit.internal.runners.model.ReflectiveCallable.run(ReflectiveCallable.java:12)
	at org.junit.runners.model.FrameworkMethod.invokeExplosively(FrameworkMethod.java:47)
	at org.junit.internal.runners.statements.InvokeMethod.evaluate(InvokeMethod.java:17)
	at org.junit.internal.runners.statements.RunAfters.evaluate(RunAfters.java:27)
	at org.junit.internal.runners.statements.FailOnTimeout$CallableStatement.call(FailOnTimeout.java:298)
	at org.junit.internal.runners.statements.FailOnTimeout$CallableStatement.call(FailOnTimeout.java:292)
	at java.util.concurrent.FutureTask.run(FutureTask.java:266)
	at java.lang.Thread.run(Thread.java:748)
2019-09-24 16:44:27,856 WARN  ratis.RaftTestUtil (JavaUtils.java:attempt(158)) - FAILED "waitForLeader-null-(expectLeader? true)", attempt #50/100: java.lang.IllegalStateException: No leader yet : printing ALL groups
  s3:  RUNNING CANDIDATE s3@group-A1B89BB4020A:t6, leader=null, voted=s3, raftlog=s3@group-A1B89BB4020A-SegmentedRaftLog:OPENED:c-1,f-1,i0, conf=-1: [s3:0.0.0.0:34761, s4:0.0.0.0:42956, s0:0.0.0.0:35561, s1:0.0.0.0:38095, s2:0.0.0.0:39611], old=null RUNNING
  s4:  RUNNING CANDIDATE s4@group-A1B89BB4020A:t6, leader=null, voted=s4, raftlog=s4@group-A1B89BB4020A-SegmentedRaftLog:OPENED:c-1,f-1,i0, conf=-1: [s3:0.0.0.0:34761, s4:0.0.0.0:42956, s0:0.0.0.0:35561, s1:0.0.0.0:38095, s2:0.0.0.0:39611], old=null RUNNING
  s0:  RUNNING CANDIDATE s0@group-A1B89BB4020A:t6, leader=null, voted=s0, raftlog=s0@group-A1B89BB4020A-SegmentedRaftLog:OPENED:c-1,f-1,i0, conf=-1: [s3:0.0.0.0:34761, s4:0.0.0.0:42956, s0:0.0.0.0:35561, s1:0.0.0.0:38095, s2:0.0.0.0:39611], old=null RUNNING
  s1:  RUNNING CANDIDATE s1@group-A1B89BB4020A:t6, leader=null, voted=s1, raftlog=s1@group-A1B89BB4020A-SegmentedRaftLog:OPENED:c-1,f-1,i0, conf=-1: [s3:0.0.0.0:34761, s4:0.0.0.0:42956, s0:0.0.0.0:35561, s1:0.0.0.0:38095, s2:0.0.0.0:39611], old=null RUNNING
  s2:  RUNNING CANDIDATE s2@group-A1B89BB4020A:t6, leader=null, voted=s2, raftlog=s2@group-A1B89BB4020A-SegmentedRaftLog:OPENED:c-1,f-1,i0, conf=-1: [s3:0.0.0.0:34761, s4:0.0.0.0:42956, s0:0.0.0.0:35561, s1:0.0.0.0:38095, s2:0.0.0.0:39611], old=null RUNNING, sleep 450ms and then retry.
java.lang.IllegalStateException: No leader yet : printing ALL groups
  s3:  RUNNING CANDIDATE s3@group-A1B89BB4020A:t6, leader=null, voted=s3, raftlog=s3@group-A1B89BB4020A-SegmentedRaftLog:OPENED:c-1,f-1,i0, conf=-1: [s3:0.0.0.0:34761, s4:0.0.0.0:42956, s0:0.0.0.0:35561, s1:0.0.0.0:38095, s2:0.0.0.0:39611], old=null RUNNING
  s4:  RUNNING CANDIDATE s4@group-A1B89BB4020A:t6, leader=null, voted=s4, raftlog=s4@group-A1B89BB4020A-SegmentedRaftLog:OPENED:c-1,f-1,i0, conf=-1: [s3:0.0.0.0:34761, s4:0.0.0.0:42956, s0:0.0.0.0:35561, s1:0.0.0.0:38095, s2:0.0.0.0:39611], old=null RUNNING
  s0:  RUNNING CANDIDATE s0@group-A1B89BB4020A:t6, leader=null, voted=s0, raftlog=s0@group-A1B89BB4020A-SegmentedRaftLog:OPENED:c-1,f-1,i0, conf=-1: [s3:0.0.0.0:34761, s4:0.0.0.0:42956, s0:0.0.0.0:35561, s1:0.0.0.0:38095, s2:0.0.0.0:39611], old=null RUNNING
  s1:  RUNNING CANDIDATE s1@group-A1B89BB4020A:t6, leader=null, voted=s1, raftlog=s1@group-A1B89BB4020A-SegmentedRaftLog:OPENED:c-1,f-1,i0, conf=-1: [s3:0.0.0.0:34761, s4:0.0.0.0:42956, s0:0.0.0.0:35561, s1:0.0.0.0:38095, s2:0.0.0.0:39611], old=null RUNNING
  s2:  RUNNING CANDIDATE s2@group-A1B89BB4020A:t6, leader=null, voted=s2, raftlog=s2@group-A1B89BB4020A-SegmentedRaftLog:OPENED:c-1,f-1,i0, conf=-1: [s3:0.0.0.0:34761, s4:0.0.0.0:42956, s0:0.0.0.0:35561, s1:0.0.0.0:38095, s2:0.0.0.0:39611], old=null RUNNING
	at org.apache.ratis.MiniRaftCluster.newIllegalStateExceptionForNoLeaders(MiniRaftCluster.java:506)
	at org.apache.ratis.RaftTestUtil.lambda$waitForLeader$1(RaftTestUtil.java:90)
	at org.apache.ratis.MiniRaftCluster.getLeader(MiniRaftCluster.java:539)
	at org.apache.ratis.MiniRaftCluster.getLeader(MiniRaftCluster.java:532)
	at org.apache.ratis.RaftTestUtil.lambda$waitForLeader$3(RaftTestUtil.java:98)
	at org.apache.ratis.util.JavaUtils.attempt(JavaUtils.java:152)
	at org.apache.ratis.RaftTestUtil.waitForLeader(RaftTestUtil.java:97)
	at org.apache.ratis.RaftTestUtil.waitForLeader(RaftTestUtil.java:77)
	at org.apache.ratis.RaftTestUtil.waitForLeader(RaftTestUtil.java:72)
	at org.apache.ratis.RaftBasicTests.runTestOldLeaderNotCommit(RaftBasicTests.java:218)
	at org.apache.ratis.MiniRaftCluster$Factory$Get.runWithNewCluster(MiniRaftCluster.java:125)
	at org.apache.ratis.MiniRaftCluster$Factory$Get.runWithNewCluster(MiniRaftCluster.java:113)
	at org.apache.ratis.RaftBasicTests.testOldLeaderNotCommit(RaftBasicTests.java:214)
	at sun.reflect.NativeMethodAccessorImpl.invoke0(Native Method)
	at sun.reflect.NativeMethodAccessorImpl.invoke(NativeMethodAccessorImpl.java:62)
	at sun.reflect.DelegatingMethodAccessorImpl.invoke(DelegatingMethodAccessorImpl.java:43)
	at java.lang.reflect.Method.invoke(Method.java:498)
	at org.junit.runners.model.FrameworkMethod$1.runReflectiveCall(FrameworkMethod.java:50)
	at org.junit.internal.runners.model.ReflectiveCallable.run(ReflectiveCallable.java:12)
	at org.junit.runners.model.FrameworkMethod.invokeExplosively(FrameworkMethod.java:47)
	at org.junit.internal.runners.statements.InvokeMethod.evaluate(InvokeMethod.java:17)
	at org.junit.internal.runners.statements.RunAfters.evaluate(RunAfters.java:27)
	at org.junit.internal.runners.statements.FailOnTimeout$CallableStatement.call(FailOnTimeout.java:298)
	at org.junit.internal.runners.statements.FailOnTimeout$CallableStatement.call(FailOnTimeout.java:292)
	at java.util.concurrent.FutureTask.run(FutureTask.java:266)
	at java.lang.Thread.run(Thread.java:748)
2019-09-24 16:44:28,308 WARN  ratis.RaftTestUtil (JavaUtils.java:attempt(158)) - FAILED "waitForLeader-null-(expectLeader? true)", attempt #51/100: java.lang.IllegalStateException: No leader yet : printing ALL groups
  s3:  RUNNING CANDIDATE s3@group-A1B89BB4020A:t6, leader=null, voted=s3, raftlog=s3@group-A1B89BB4020A-SegmentedRaftLog:OPENED:c-1,f-1,i0, conf=-1: [s3:0.0.0.0:34761, s4:0.0.0.0:42956, s0:0.0.0.0:35561, s1:0.0.0.0:38095, s2:0.0.0.0:39611], old=null RUNNING
  s4:  RUNNING CANDIDATE s4@group-A1B89BB4020A:t6, leader=null, voted=s4, raftlog=s4@group-A1B89BB4020A-SegmentedRaftLog:OPENED:c-1,f-1,i0, conf=-1: [s3:0.0.0.0:34761, s4:0.0.0.0:42956, s0:0.0.0.0:35561, s1:0.0.0.0:38095, s2:0.0.0.0:39611], old=null RUNNING
  s0:  RUNNING CANDIDATE s0@group-A1B89BB4020A:t6, leader=null, voted=s0, raftlog=s0@group-A1B89BB4020A-SegmentedRaftLog:OPENED:c-1,f-1,i0, conf=-1: [s3:0.0.0.0:34761, s4:0.0.0.0:42956, s0:0.0.0.0:35561, s1:0.0.0.0:38095, s2:0.0.0.0:39611], old=null RUNNING
  s1:  RUNNING CANDIDATE s1@group-A1B89BB4020A:t6, leader=null, voted=s1, raftlog=s1@group-A1B89BB4020A-SegmentedRaftLog:OPENED:c-1,f-1,i0, conf=-1: [s3:0.0.0.0:34761, s4:0.0.0.0:42956, s0:0.0.0.0:35561, s1:0.0.0.0:38095, s2:0.0.0.0:39611], old=null RUNNING
  s2:  RUNNING CANDIDATE s2@group-A1B89BB4020A:t6, leader=null, voted=s2, raftlog=s2@group-A1B89BB4020A-SegmentedRaftLog:OPENED:c-1,f-1,i0, conf=-1: [s3:0.0.0.0:34761, s4:0.0.0.0:42956, s0:0.0.0.0:35561, s1:0.0.0.0:38095, s2:0.0.0.0:39611], old=null RUNNING, sleep 450ms and then retry.
java.lang.IllegalStateException: No leader yet : printing ALL groups
  s3:  RUNNING CANDIDATE s3@group-A1B89BB4020A:t6, leader=null, voted=s3, raftlog=s3@group-A1B89BB4020A-SegmentedRaftLog:OPENED:c-1,f-1,i0, conf=-1: [s3:0.0.0.0:34761, s4:0.0.0.0:42956, s0:0.0.0.0:35561, s1:0.0.0.0:38095, s2:0.0.0.0:39611], old=null RUNNING
  s4:  RUNNING CANDIDATE s4@group-A1B89BB4020A:t6, leader=null, voted=s4, raftlog=s4@group-A1B89BB4020A-SegmentedRaftLog:OPENED:c-1,f-1,i0, conf=-1: [s3:0.0.0.0:34761, s4:0.0.0.0:42956, s0:0.0.0.0:35561, s1:0.0.0.0:38095, s2:0.0.0.0:39611], old=null RUNNING
  s0:  RUNNING CANDIDATE s0@group-A1B89BB4020A:t6, leader=null, voted=s0, raftlog=s0@group-A1B89BB4020A-SegmentedRaftLog:OPENED:c-1,f-1,i0, conf=-1: [s3:0.0.0.0:34761, s4:0.0.0.0:42956, s0:0.0.0.0:35561, s1:0.0.0.0:38095, s2:0.0.0.0:39611], old=null RUNNING
  s1:  RUNNING CANDIDATE s1@group-A1B89BB4020A:t6, leader=null, voted=s1, raftlog=s1@group-A1B89BB4020A-SegmentedRaftLog:OPENED:c-1,f-1,i0, conf=-1: [s3:0.0.0.0:34761, s4:0.0.0.0:42956, s0:0.0.0.0:35561, s1:0.0.0.0:38095, s2:0.0.0.0:39611], old=null RUNNING
  s2:  RUNNING CANDIDATE s2@group-A1B89BB4020A:t6, leader=null, voted=s2, raftlog=s2@group-A1B89BB4020A-SegmentedRaftLog:OPENED:c-1,f-1,i0, conf=-1: [s3:0.0.0.0:34761, s4:0.0.0.0:42956, s0:0.0.0.0:35561, s1:0.0.0.0:38095, s2:0.0.0.0:39611], old=null RUNNING
	at org.apache.ratis.MiniRaftCluster.newIllegalStateExceptionForNoLeaders(MiniRaftCluster.java:506)
	at org.apache.ratis.RaftTestUtil.lambda$waitForLeader$1(RaftTestUtil.java:90)
	at org.apache.ratis.MiniRaftCluster.getLeader(MiniRaftCluster.java:539)
	at org.apache.ratis.MiniRaftCluster.getLeader(MiniRaftCluster.java:532)
	at org.apache.ratis.RaftTestUtil.lambda$waitForLeader$3(RaftTestUtil.java:98)
	at org.apache.ratis.util.JavaUtils.attempt(JavaUtils.java:152)
	at org.apache.ratis.RaftTestUtil.waitForLeader(RaftTestUtil.java:97)
	at org.apache.ratis.RaftTestUtil.waitForLeader(RaftTestUtil.java:77)
	at org.apache.ratis.RaftTestUtil.waitForLeader(RaftTestUtil.java:72)
	at org.apache.ratis.RaftBasicTests.runTestOldLeaderNotCommit(RaftBasicTests.java:218)
	at org.apache.ratis.MiniRaftCluster$Factory$Get.runWithNewCluster(MiniRaftCluster.java:125)
	at org.apache.ratis.MiniRaftCluster$Factory$Get.runWithNewCluster(MiniRaftCluster.java:113)
	at org.apache.ratis.RaftBasicTests.testOldLeaderNotCommit(RaftBasicTests.java:214)
	at sun.reflect.NativeMethodAccessorImpl.invoke0(Native Method)
	at sun.reflect.NativeMethodAccessorImpl.invoke(NativeMethodAccessorImpl.java:62)
	at sun.reflect.DelegatingMethodAccessorImpl.invoke(DelegatingMethodAccessorImpl.java:43)
	at java.lang.reflect.Method.invoke(Method.java:498)
	at org.junit.runners.model.FrameworkMethod$1.runReflectiveCall(FrameworkMethod.java:50)
	at org.junit.internal.runners.model.ReflectiveCallable.run(ReflectiveCallable.java:12)
	at org.junit.runners.model.FrameworkMethod.invokeExplosively(FrameworkMethod.java:47)
	at org.junit.internal.runners.statements.InvokeMethod.evaluate(InvokeMethod.java:17)
	at org.junit.internal.runners.statements.RunAfters.evaluate(RunAfters.java:27)
	at org.junit.internal.runners.statements.FailOnTimeout$CallableStatement.call(FailOnTimeout.java:298)
	at org.junit.internal.runners.statements.FailOnTimeout$CallableStatement.call(FailOnTimeout.java:292)
	at java.util.concurrent.FutureTask.run(FutureTask.java:266)
	at java.lang.Thread.run(Thread.java:748)
2019-09-24 16:44:28,759 WARN  ratis.RaftTestUtil (JavaUtils.java:attempt(158)) - FAILED "waitForLeader-null-(expectLeader? true)", attempt #52/100: java.lang.IllegalStateException: No leader yet : printing ALL groups
  s3:  RUNNING CANDIDATE s3@group-A1B89BB4020A:t6, leader=null, voted=s3, raftlog=s3@group-A1B89BB4020A-SegmentedRaftLog:OPENED:c-1,f-1,i0, conf=-1: [s3:0.0.0.0:34761, s4:0.0.0.0:42956, s0:0.0.0.0:35561, s1:0.0.0.0:38095, s2:0.0.0.0:39611], old=null RUNNING
  s4:  RUNNING CANDIDATE s4@group-A1B89BB4020A:t6, leader=null, voted=s4, raftlog=s4@group-A1B89BB4020A-SegmentedRaftLog:OPENED:c-1,f-1,i0, conf=-1: [s3:0.0.0.0:34761, s4:0.0.0.0:42956, s0:0.0.0.0:35561, s1:0.0.0.0:38095, s2:0.0.0.0:39611], old=null RUNNING
  s0:  RUNNING CANDIDATE s0@group-A1B89BB4020A:t6, leader=null, voted=s0, raftlog=s0@group-A1B89BB4020A-SegmentedRaftLog:OPENED:c-1,f-1,i0, conf=-1: [s3:0.0.0.0:34761, s4:0.0.0.0:42956, s0:0.0.0.0:35561, s1:0.0.0.0:38095, s2:0.0.0.0:39611], old=null RUNNING
  s1:  RUNNING CANDIDATE s1@group-A1B89BB4020A:t6, leader=null, voted=s1, raftlog=s1@group-A1B89BB4020A-SegmentedRaftLog:OPENED:c-1,f-1,i0, conf=-1: [s3:0.0.0.0:34761, s4:0.0.0.0:42956, s0:0.0.0.0:35561, s1:0.0.0.0:38095, s2:0.0.0.0:39611], old=null RUNNING
  s2:  RUNNING CANDIDATE s2@group-A1B89BB4020A:t6, leader=null, voted=s2, raftlog=s2@group-A1B89BB4020A-SegmentedRaftLog:OPENED:c-1,f-1,i0, conf=-1: [s3:0.0.0.0:34761, s4:0.0.0.0:42956, s0:0.0.0.0:35561, s1:0.0.0.0:38095, s2:0.0.0.0:39611], old=null RUNNING, sleep 450ms and then retry.
java.lang.IllegalStateException: No leader yet : printing ALL groups
  s3:  RUNNING CANDIDATE s3@group-A1B89BB4020A:t6, leader=null, voted=s3, raftlog=s3@group-A1B89BB4020A-SegmentedRaftLog:OPENED:c-1,f-1,i0, conf=-1: [s3:0.0.0.0:34761, s4:0.0.0.0:42956, s0:0.0.0.0:35561, s1:0.0.0.0:38095, s2:0.0.0.0:39611], old=null RUNNING
  s4:  RUNNING CANDIDATE s4@group-A1B89BB4020A:t6, leader=null, voted=s4, raftlog=s4@group-A1B89BB4020A-SegmentedRaftLog:OPENED:c-1,f-1,i0, conf=-1: [s3:0.0.0.0:34761, s4:0.0.0.0:42956, s0:0.0.0.0:35561, s1:0.0.0.0:38095, s2:0.0.0.0:39611], old=null RUNNING
  s0:  RUNNING CANDIDATE s0@group-A1B89BB4020A:t6, leader=null, voted=s0, raftlog=s0@group-A1B89BB4020A-SegmentedRaftLog:OPENED:c-1,f-1,i0, conf=-1: [s3:0.0.0.0:34761, s4:0.0.0.0:42956, s0:0.0.0.0:35561, s1:0.0.0.0:38095, s2:0.0.0.0:39611], old=null RUNNING
  s1:  RUNNING CANDIDATE s1@group-A1B89BB4020A:t6, leader=null, voted=s1, raftlog=s1@group-A1B89BB4020A-SegmentedRaftLog:OPENED:c-1,f-1,i0, conf=-1: [s3:0.0.0.0:34761, s4:0.0.0.0:42956, s0:0.0.0.0:35561, s1:0.0.0.0:38095, s2:0.0.0.0:39611], old=null RUNNING
  s2:  RUNNING CANDIDATE s2@group-A1B89BB4020A:t6, leader=null, voted=s2, raftlog=s2@group-A1B89BB4020A-SegmentedRaftLog:OPENED:c-1,f-1,i0, conf=-1: [s3:0.0.0.0:34761, s4:0.0.0.0:42956, s0:0.0.0.0:35561, s1:0.0.0.0:38095, s2:0.0.0.0:39611], old=null RUNNING
	at org.apache.ratis.MiniRaftCluster.newIllegalStateExceptionForNoLeaders(MiniRaftCluster.java:506)
	at org.apache.ratis.RaftTestUtil.lambda$waitForLeader$1(RaftTestUtil.java:90)
	at org.apache.ratis.MiniRaftCluster.getLeader(MiniRaftCluster.java:539)
	at org.apache.ratis.MiniRaftCluster.getLeader(MiniRaftCluster.java:532)
	at org.apache.ratis.RaftTestUtil.lambda$waitForLeader$3(RaftTestUtil.java:98)
	at org.apache.ratis.util.JavaUtils.attempt(JavaUtils.java:152)
	at org.apache.ratis.RaftTestUtil.waitForLeader(RaftTestUtil.java:97)
	at org.apache.ratis.RaftTestUtil.waitForLeader(RaftTestUtil.java:77)
	at org.apache.ratis.RaftTestUtil.waitForLeader(RaftTestUtil.java:72)
	at org.apache.ratis.RaftBasicTests.runTestOldLeaderNotCommit(RaftBasicTests.java:218)
	at org.apache.ratis.MiniRaftCluster$Factory$Get.runWithNewCluster(MiniRaftCluster.java:125)
	at org.apache.ratis.MiniRaftCluster$Factory$Get.runWithNewCluster(MiniRaftCluster.java:113)
	at org.apache.ratis.RaftBasicTests.testOldLeaderNotCommit(RaftBasicTests.java:214)
	at sun.reflect.NativeMethodAccessorImpl.invoke0(Native Method)
	at sun.reflect.NativeMethodAccessorImpl.invoke(NativeMethodAccessorImpl.java:62)
	at sun.reflect.DelegatingMethodAccessorImpl.invoke(DelegatingMethodAccessorImpl.java:43)
	at java.lang.reflect.Method.invoke(Method.java:498)
	at org.junit.runners.model.FrameworkMethod$1.runReflectiveCall(FrameworkMethod.java:50)
	at org.junit.internal.runners.model.ReflectiveCallable.run(ReflectiveCallable.java:12)
	at org.junit.runners.model.FrameworkMethod.invokeExplosively(FrameworkMethod.java:47)
	at org.junit.internal.runners.statements.InvokeMethod.evaluate(InvokeMethod.java:17)
	at org.junit.internal.runners.statements.RunAfters.evaluate(RunAfters.java:27)
	at org.junit.internal.runners.statements.FailOnTimeout$CallableStatement.call(FailOnTimeout.java:298)
	at org.junit.internal.runners.statements.FailOnTimeout$CallableStatement.call(FailOnTimeout.java:292)
	at java.util.concurrent.FutureTask.run(FutureTask.java:266)
	at java.lang.Thread.run(Thread.java:748)
2019-09-24 16:44:29,211 WARN  ratis.RaftTestUtil (JavaUtils.java:attempt(158)) - FAILED "waitForLeader-null-(expectLeader? true)", attempt #53/100: java.lang.IllegalStateException: No leader yet : printing ALL groups
  s3:  RUNNING CANDIDATE s3@group-A1B89BB4020A:t6, leader=null, voted=s3, raftlog=s3@group-A1B89BB4020A-SegmentedRaftLog:OPENED:c-1,f-1,i0, conf=-1: [s3:0.0.0.0:34761, s4:0.0.0.0:42956, s0:0.0.0.0:35561, s1:0.0.0.0:38095, s2:0.0.0.0:39611], old=null RUNNING
  s4:  RUNNING CANDIDATE s4@group-A1B89BB4020A:t6, leader=null, voted=s4, raftlog=s4@group-A1B89BB4020A-SegmentedRaftLog:OPENED:c-1,f-1,i0, conf=-1: [s3:0.0.0.0:34761, s4:0.0.0.0:42956, s0:0.0.0.0:35561, s1:0.0.0.0:38095, s2:0.0.0.0:39611], old=null RUNNING
  s0:  RUNNING CANDIDATE s0@group-A1B89BB4020A:t6, leader=null, voted=s0, raftlog=s0@group-A1B89BB4020A-SegmentedRaftLog:OPENED:c-1,f-1,i0, conf=-1: [s3:0.0.0.0:34761, s4:0.0.0.0:42956, s0:0.0.0.0:35561, s1:0.0.0.0:38095, s2:0.0.0.0:39611], old=null RUNNING
  s1:  RUNNING CANDIDATE s1@group-A1B89BB4020A:t6, leader=null, voted=s1, raftlog=s1@group-A1B89BB4020A-SegmentedRaftLog:OPENED:c-1,f-1,i0, conf=-1: [s3:0.0.0.0:34761, s4:0.0.0.0:42956, s0:0.0.0.0:35561, s1:0.0.0.0:38095, s2:0.0.0.0:39611], old=null RUNNING
  s2:  RUNNING CANDIDATE s2@group-A1B89BB4020A:t6, leader=null, voted=s2, raftlog=s2@group-A1B89BB4020A-SegmentedRaftLog:OPENED:c-1,f-1,i0, conf=-1: [s3:0.0.0.0:34761, s4:0.0.0.0:42956, s0:0.0.0.0:35561, s1:0.0.0.0:38095, s2:0.0.0.0:39611], old=null RUNNING, sleep 450ms and then retry.
java.lang.IllegalStateException: No leader yet : printing ALL groups
  s3:  RUNNING CANDIDATE s3@group-A1B89BB4020A:t6, leader=null, voted=s3, raftlog=s3@group-A1B89BB4020A-SegmentedRaftLog:OPENED:c-1,f-1,i0, conf=-1: [s3:0.0.0.0:34761, s4:0.0.0.0:42956, s0:0.0.0.0:35561, s1:0.0.0.0:38095, s2:0.0.0.0:39611], old=null RUNNING
  s4:  RUNNING CANDIDATE s4@group-A1B89BB4020A:t6, leader=null, voted=s4, raftlog=s4@group-A1B89BB4020A-SegmentedRaftLog:OPENED:c-1,f-1,i0, conf=-1: [s3:0.0.0.0:34761, s4:0.0.0.0:42956, s0:0.0.0.0:35561, s1:0.0.0.0:38095, s2:0.0.0.0:39611], old=null RUNNING
  s0:  RUNNING CANDIDATE s0@group-A1B89BB4020A:t6, leader=null, voted=s0, raftlog=s0@group-A1B89BB4020A-SegmentedRaftLog:OPENED:c-1,f-1,i0, conf=-1: [s3:0.0.0.0:34761, s4:0.0.0.0:42956, s0:0.0.0.0:35561, s1:0.0.0.0:38095, s2:0.0.0.0:39611], old=null RUNNING
  s1:  RUNNING CANDIDATE s1@group-A1B89BB4020A:t6, leader=null, voted=s1, raftlog=s1@group-A1B89BB4020A-SegmentedRaftLog:OPENED:c-1,f-1,i0, conf=-1: [s3:0.0.0.0:34761, s4:0.0.0.0:42956, s0:0.0.0.0:35561, s1:0.0.0.0:38095, s2:0.0.0.0:39611], old=null RUNNING
  s2:  RUNNING CANDIDATE s2@group-A1B89BB4020A:t6, leader=null, voted=s2, raftlog=s2@group-A1B89BB4020A-SegmentedRaftLog:OPENED:c-1,f-1,i0, conf=-1: [s3:0.0.0.0:34761, s4:0.0.0.0:42956, s0:0.0.0.0:35561, s1:0.0.0.0:38095, s2:0.0.0.0:39611], old=null RUNNING
	at org.apache.ratis.MiniRaftCluster.newIllegalStateExceptionForNoLeaders(MiniRaftCluster.java:506)
	at org.apache.ratis.RaftTestUtil.lambda$waitForLeader$1(RaftTestUtil.java:90)
	at org.apache.ratis.MiniRaftCluster.getLeader(MiniRaftCluster.java:539)
	at org.apache.ratis.MiniRaftCluster.getLeader(MiniRaftCluster.java:532)
	at org.apache.ratis.RaftTestUtil.lambda$waitForLeader$3(RaftTestUtil.java:98)
	at org.apache.ratis.util.JavaUtils.attempt(JavaUtils.java:152)
	at org.apache.ratis.RaftTestUtil.waitForLeader(RaftTestUtil.java:97)
	at org.apache.ratis.RaftTestUtil.waitForLeader(RaftTestUtil.java:77)
	at org.apache.ratis.RaftTestUtil.waitForLeader(RaftTestUtil.java:72)
	at org.apache.ratis.RaftBasicTests.runTestOldLeaderNotCommit(RaftBasicTests.java:218)
	at org.apache.ratis.MiniRaftCluster$Factory$Get.runWithNewCluster(MiniRaftCluster.java:125)
	at org.apache.ratis.MiniRaftCluster$Factory$Get.runWithNewCluster(MiniRaftCluster.java:113)
	at org.apache.ratis.RaftBasicTests.testOldLeaderNotCommit(RaftBasicTests.java:214)
	at sun.reflect.NativeMethodAccessorImpl.invoke0(Native Method)
	at sun.reflect.NativeMethodAccessorImpl.invoke(NativeMethodAccessorImpl.java:62)
	at sun.reflect.DelegatingMethodAccessorImpl.invoke(DelegatingMethodAccessorImpl.java:43)
	at java.lang.reflect.Method.invoke(Method.java:498)
	at org.junit.runners.model.FrameworkMethod$1.runReflectiveCall(FrameworkMethod.java:50)
	at org.junit.internal.runners.model.ReflectiveCallable.run(ReflectiveCallable.java:12)
	at org.junit.runners.model.FrameworkMethod.invokeExplosively(FrameworkMethod.java:47)
	at org.junit.internal.runners.statements.InvokeMethod.evaluate(InvokeMethod.java:17)
	at org.junit.internal.runners.statements.RunAfters.evaluate(RunAfters.java:27)
	at org.junit.internal.runners.statements.FailOnTimeout$CallableStatement.call(FailOnTimeout.java:298)
	at org.junit.internal.runners.statements.FailOnTimeout$CallableStatement.call(FailOnTimeout.java:292)
	at java.util.concurrent.FutureTask.run(FutureTask.java:266)
	at java.lang.Thread.run(Thread.java:748)
2019-09-24 16:44:29,663 WARN  ratis.RaftTestUtil (JavaUtils.java:attempt(158)) - FAILED "waitForLeader-null-(expectLeader? true)", attempt #54/100: java.lang.IllegalStateException: No leader yet : printing ALL groups
  s3:  RUNNING CANDIDATE s3@group-A1B89BB4020A:t6, leader=null, voted=s3, raftlog=s3@group-A1B89BB4020A-SegmentedRaftLog:OPENED:c-1,f-1,i0, conf=-1: [s3:0.0.0.0:34761, s4:0.0.0.0:42956, s0:0.0.0.0:35561, s1:0.0.0.0:38095, s2:0.0.0.0:39611], old=null RUNNING
  s4:  RUNNING CANDIDATE s4@group-A1B89BB4020A:t6, leader=null, voted=s4, raftlog=s4@group-A1B89BB4020A-SegmentedRaftLog:OPENED:c-1,f-1,i0, conf=-1: [s3:0.0.0.0:34761, s4:0.0.0.0:42956, s0:0.0.0.0:35561, s1:0.0.0.0:38095, s2:0.0.0.0:39611], old=null RUNNING
  s0:  RUNNING CANDIDATE s0@group-A1B89BB4020A:t6, leader=null, voted=s0, raftlog=s0@group-A1B89BB4020A-SegmentedRaftLog:OPENED:c-1,f-1,i0, conf=-1: [s3:0.0.0.0:34761, s4:0.0.0.0:42956, s0:0.0.0.0:35561, s1:0.0.0.0:38095, s2:0.0.0.0:39611], old=null RUNNING
  s1:  RUNNING CANDIDATE s1@group-A1B89BB4020A:t6, leader=null, voted=s1, raftlog=s1@group-A1B89BB4020A-SegmentedRaftLog:OPENED:c-1,f-1,i0, conf=-1: [s3:0.0.0.0:34761, s4:0.0.0.0:42956, s0:0.0.0.0:35561, s1:0.0.0.0:38095, s2:0.0.0.0:39611], old=null RUNNING
  s2:  RUNNING CANDIDATE s2@group-A1B89BB4020A:t6, leader=null, voted=s2, raftlog=s2@group-A1B89BB4020A-SegmentedRaftLog:OPENED:c-1,f-1,i0, conf=-1: [s3:0.0.0.0:34761, s4:0.0.0.0:42956, s0:0.0.0.0:35561, s1:0.0.0.0:38095, s2:0.0.0.0:39611], old=null RUNNING, sleep 450ms and then retry.
java.lang.IllegalStateException: No leader yet : printing ALL groups
  s3:  RUNNING CANDIDATE s3@group-A1B89BB4020A:t6, leader=null, voted=s3, raftlog=s3@group-A1B89BB4020A-SegmentedRaftLog:OPENED:c-1,f-1,i0, conf=-1: [s3:0.0.0.0:34761, s4:0.0.0.0:42956, s0:0.0.0.0:35561, s1:0.0.0.0:38095, s2:0.0.0.0:39611], old=null RUNNING
  s4:  RUNNING CANDIDATE s4@group-A1B89BB4020A:t6, leader=null, voted=s4, raftlog=s4@group-A1B89BB4020A-SegmentedRaftLog:OPENED:c-1,f-1,i0, conf=-1: [s3:0.0.0.0:34761, s4:0.0.0.0:42956, s0:0.0.0.0:35561, s1:0.0.0.0:38095, s2:0.0.0.0:39611], old=null RUNNING
  s0:  RUNNING CANDIDATE s0@group-A1B89BB4020A:t6, leader=null, voted=s0, raftlog=s0@group-A1B89BB4020A-SegmentedRaftLog:OPENED:c-1,f-1,i0, conf=-1: [s3:0.0.0.0:34761, s4:0.0.0.0:42956, s0:0.0.0.0:35561, s1:0.0.0.0:38095, s2:0.0.0.0:39611], old=null RUNNING
  s1:  RUNNING CANDIDATE s1@group-A1B89BB4020A:t6, leader=null, voted=s1, raftlog=s1@group-A1B89BB4020A-SegmentedRaftLog:OPENED:c-1,f-1,i0, conf=-1: [s3:0.0.0.0:34761, s4:0.0.0.0:42956, s0:0.0.0.0:35561, s1:0.0.0.0:38095, s2:0.0.0.0:39611], old=null RUNNING
  s2:  RUNNING CANDIDATE s2@group-A1B89BB4020A:t6, leader=null, voted=s2, raftlog=s2@group-A1B89BB4020A-SegmentedRaftLog:OPENED:c-1,f-1,i0, conf=-1: [s3:0.0.0.0:34761, s4:0.0.0.0:42956, s0:0.0.0.0:35561, s1:0.0.0.0:38095, s2:0.0.0.0:39611], old=null RUNNING
	at org.apache.ratis.MiniRaftCluster.newIllegalStateExceptionForNoLeaders(MiniRaftCluster.java:506)
	at org.apache.ratis.RaftTestUtil.lambda$waitForLeader$1(RaftTestUtil.java:90)
	at org.apache.ratis.MiniRaftCluster.getLeader(MiniRaftCluster.java:539)
	at org.apache.ratis.MiniRaftCluster.getLeader(MiniRaftCluster.java:532)
	at org.apache.ratis.RaftTestUtil.lambda$waitForLeader$3(RaftTestUtil.java:98)
	at org.apache.ratis.util.JavaUtils.attempt(JavaUtils.java:152)
	at org.apache.ratis.RaftTestUtil.waitForLeader(RaftTestUtil.java:97)
	at org.apache.ratis.RaftTestUtil.waitForLeader(RaftTestUtil.java:77)
	at org.apache.ratis.RaftTestUtil.waitForLeader(RaftTestUtil.java:72)
	at org.apache.ratis.RaftBasicTests.runTestOldLeaderNotCommit(RaftBasicTests.java:218)
	at org.apache.ratis.MiniRaftCluster$Factory$Get.runWithNewCluster(MiniRaftCluster.java:125)
	at org.apache.ratis.MiniRaftCluster$Factory$Get.runWithNewCluster(MiniRaftCluster.java:113)
	at org.apache.ratis.RaftBasicTests.testOldLeaderNotCommit(RaftBasicTests.java:214)
	at sun.reflect.NativeMethodAccessorImpl.invoke0(Native Method)
	at sun.reflect.NativeMethodAccessorImpl.invoke(NativeMethodAccessorImpl.java:62)
	at sun.reflect.DelegatingMethodAccessorImpl.invoke(DelegatingMethodAccessorImpl.java:43)
	at java.lang.reflect.Method.invoke(Method.java:498)
	at org.junit.runners.model.FrameworkMethod$1.runReflectiveCall(FrameworkMethod.java:50)
	at org.junit.internal.runners.model.ReflectiveCallable.run(ReflectiveCallable.java:12)
	at org.junit.runners.model.FrameworkMethod.invokeExplosively(FrameworkMethod.java:47)
	at org.junit.internal.runners.statements.InvokeMethod.evaluate(InvokeMethod.java:17)
	at org.junit.internal.runners.statements.RunAfters.evaluate(RunAfters.java:27)
	at org.junit.internal.runners.statements.FailOnTimeout$CallableStatement.call(FailOnTimeout.java:298)
	at org.junit.internal.runners.statements.FailOnTimeout$CallableStatement.call(FailOnTimeout.java:292)
	at java.util.concurrent.FutureTask.run(FutureTask.java:266)
	at java.lang.Thread.run(Thread.java:748)
2019-09-24 16:44:30,115 WARN  ratis.RaftTestUtil (JavaUtils.java:attempt(158)) - FAILED "waitForLeader-null-(expectLeader? true)", attempt #55/100: java.lang.IllegalStateException: No leader yet : printing ALL groups
  s3:  RUNNING CANDIDATE s3@group-A1B89BB4020A:t6, leader=null, voted=s3, raftlog=s3@group-A1B89BB4020A-SegmentedRaftLog:OPENED:c-1,f-1,i0, conf=-1: [s3:0.0.0.0:34761, s4:0.0.0.0:42956, s0:0.0.0.0:35561, s1:0.0.0.0:38095, s2:0.0.0.0:39611], old=null RUNNING
  s4:  RUNNING CANDIDATE s4@group-A1B89BB4020A:t6, leader=null, voted=s4, raftlog=s4@group-A1B89BB4020A-SegmentedRaftLog:OPENED:c-1,f-1,i0, conf=-1: [s3:0.0.0.0:34761, s4:0.0.0.0:42956, s0:0.0.0.0:35561, s1:0.0.0.0:38095, s2:0.0.0.0:39611], old=null RUNNING
  s0:  RUNNING CANDIDATE s0@group-A1B89BB4020A:t6, leader=null, voted=s0, raftlog=s0@group-A1B89BB4020A-SegmentedRaftLog:OPENED:c-1,f-1,i0, conf=-1: [s3:0.0.0.0:34761, s4:0.0.0.0:42956, s0:0.0.0.0:35561, s1:0.0.0.0:38095, s2:0.0.0.0:39611], old=null RUNNING
  s1:  RUNNING CANDIDATE s1@group-A1B89BB4020A:t6, leader=null, voted=s1, raftlog=s1@group-A1B89BB4020A-SegmentedRaftLog:OPENED:c-1,f-1,i0, conf=-1: [s3:0.0.0.0:34761, s4:0.0.0.0:42956, s0:0.0.0.0:35561, s1:0.0.0.0:38095, s2:0.0.0.0:39611], old=null RUNNING
  s2:  RUNNING CANDIDATE s2@group-A1B89BB4020A:t6, leader=null, voted=s2, raftlog=s2@group-A1B89BB4020A-SegmentedRaftLog:OPENED:c-1,f-1,i0, conf=-1: [s3:0.0.0.0:34761, s4:0.0.0.0:42956, s0:0.0.0.0:35561, s1:0.0.0.0:38095, s2:0.0.0.0:39611], old=null RUNNING, sleep 450ms and then retry.
java.lang.IllegalStateException: No leader yet : printing ALL groups
  s3:  RUNNING CANDIDATE s3@group-A1B89BB4020A:t6, leader=null, voted=s3, raftlog=s3@group-A1B89BB4020A-SegmentedRaftLog:OPENED:c-1,f-1,i0, conf=-1: [s3:0.0.0.0:34761, s4:0.0.0.0:42956, s0:0.0.0.0:35561, s1:0.0.0.0:38095, s2:0.0.0.0:39611], old=null RUNNING
  s4:  RUNNING CANDIDATE s4@group-A1B89BB4020A:t6, leader=null, voted=s4, raftlog=s4@group-A1B89BB4020A-SegmentedRaftLog:OPENED:c-1,f-1,i0, conf=-1: [s3:0.0.0.0:34761, s4:0.0.0.0:42956, s0:0.0.0.0:35561, s1:0.0.0.0:38095, s2:0.0.0.0:39611], old=null RUNNING
  s0:  RUNNING CANDIDATE s0@group-A1B89BB4020A:t6, leader=null, voted=s0, raftlog=s0@group-A1B89BB4020A-SegmentedRaftLog:OPENED:c-1,f-1,i0, conf=-1: [s3:0.0.0.0:34761, s4:0.0.0.0:42956, s0:0.0.0.0:35561, s1:0.0.0.0:38095, s2:0.0.0.0:39611], old=null RUNNING
  s1:  RUNNING CANDIDATE s1@group-A1B89BB4020A:t6, leader=null, voted=s1, raftlog=s1@group-A1B89BB4020A-SegmentedRaftLog:OPENED:c-1,f-1,i0, conf=-1: [s3:0.0.0.0:34761, s4:0.0.0.0:42956, s0:0.0.0.0:35561, s1:0.0.0.0:38095, s2:0.0.0.0:39611], old=null RUNNING
  s2:  RUNNING CANDIDATE s2@group-A1B89BB4020A:t6, leader=null, voted=s2, raftlog=s2@group-A1B89BB4020A-SegmentedRaftLog:OPENED:c-1,f-1,i0, conf=-1: [s3:0.0.0.0:34761, s4:0.0.0.0:42956, s0:0.0.0.0:35561, s1:0.0.0.0:38095, s2:0.0.0.0:39611], old=null RUNNING
	at org.apache.ratis.MiniRaftCluster.newIllegalStateExceptionForNoLeaders(MiniRaftCluster.java:506)
	at org.apache.ratis.RaftTestUtil.lambda$waitForLeader$1(RaftTestUtil.java:90)
	at org.apache.ratis.MiniRaftCluster.getLeader(MiniRaftCluster.java:539)
	at org.apache.ratis.MiniRaftCluster.getLeader(MiniRaftCluster.java:532)
	at org.apache.ratis.RaftTestUtil.lambda$waitForLeader$3(RaftTestUtil.java:98)
	at org.apache.ratis.util.JavaUtils.attempt(JavaUtils.java:152)
	at org.apache.ratis.RaftTestUtil.waitForLeader(RaftTestUtil.java:97)
	at org.apache.ratis.RaftTestUtil.waitForLeader(RaftTestUtil.java:77)
	at org.apache.ratis.RaftTestUtil.waitForLeader(RaftTestUtil.java:72)
	at org.apache.ratis.RaftBasicTests.runTestOldLeaderNotCommit(RaftBasicTests.java:218)
	at org.apache.ratis.MiniRaftCluster$Factory$Get.runWithNewCluster(MiniRaftCluster.java:125)
	at org.apache.ratis.MiniRaftCluster$Factory$Get.runWithNewCluster(MiniRaftCluster.java:113)
	at org.apache.ratis.RaftBasicTests.testOldLeaderNotCommit(RaftBasicTests.java:214)
	at sun.reflect.NativeMethodAccessorImpl.invoke0(Native Method)
	at sun.reflect.NativeMethodAccessorImpl.invoke(NativeMethodAccessorImpl.java:62)
	at sun.reflect.DelegatingMethodAccessorImpl.invoke(DelegatingMethodAccessorImpl.java:43)
	at java.lang.reflect.Method.invoke(Method.java:498)
	at org.junit.runners.model.FrameworkMethod$1.runReflectiveCall(FrameworkMethod.java:50)
	at org.junit.internal.runners.model.ReflectiveCallable.run(ReflectiveCallable.java:12)
	at org.junit.runners.model.FrameworkMethod.invokeExplosively(FrameworkMethod.java:47)
	at org.junit.internal.runners.statements.InvokeMethod.evaluate(InvokeMethod.java:17)
	at org.junit.internal.runners.statements.RunAfters.evaluate(RunAfters.java:27)
	at org.junit.internal.runners.statements.FailOnTimeout$CallableStatement.call(FailOnTimeout.java:298)
	at org.junit.internal.runners.statements.FailOnTimeout$CallableStatement.call(FailOnTimeout.java:292)
	at java.util.concurrent.FutureTask.run(FutureTask.java:266)
	at java.lang.Thread.run(Thread.java:748)
2019-09-24 16:44:30,566 WARN  ratis.RaftTestUtil (JavaUtils.java:attempt(158)) - FAILED "waitForLeader-null-(expectLeader? true)", attempt #56/100: java.lang.IllegalStateException: No leader yet : printing ALL groups
  s3:  RUNNING CANDIDATE s3@group-A1B89BB4020A:t6, leader=null, voted=s3, raftlog=s3@group-A1B89BB4020A-SegmentedRaftLog:OPENED:c-1,f-1,i0, conf=-1: [s3:0.0.0.0:34761, s4:0.0.0.0:42956, s0:0.0.0.0:35561, s1:0.0.0.0:38095, s2:0.0.0.0:39611], old=null RUNNING
  s4:  RUNNING CANDIDATE s4@group-A1B89BB4020A:t6, leader=null, voted=s4, raftlog=s4@group-A1B89BB4020A-SegmentedRaftLog:OPENED:c-1,f-1,i0, conf=-1: [s3:0.0.0.0:34761, s4:0.0.0.0:42956, s0:0.0.0.0:35561, s1:0.0.0.0:38095, s2:0.0.0.0:39611], old=null RUNNING
  s0:  RUNNING CANDIDATE s0@group-A1B89BB4020A:t6, leader=null, voted=s0, raftlog=s0@group-A1B89BB4020A-SegmentedRaftLog:OPENED:c-1,f-1,i0, conf=-1: [s3:0.0.0.0:34761, s4:0.0.0.0:42956, s0:0.0.0.0:35561, s1:0.0.0.0:38095, s2:0.0.0.0:39611], old=null RUNNING
  s1:  RUNNING CANDIDATE s1@group-A1B89BB4020A:t6, leader=null, voted=s1, raftlog=s1@group-A1B89BB4020A-SegmentedRaftLog:OPENED:c-1,f-1,i0, conf=-1: [s3:0.0.0.0:34761, s4:0.0.0.0:42956, s0:0.0.0.0:35561, s1:0.0.0.0:38095, s2:0.0.0.0:39611], old=null RUNNING
  s2:  RUNNING CANDIDATE s2@group-A1B89BB4020A:t6, leader=null, voted=s2, raftlog=s2@group-A1B89BB4020A-SegmentedRaftLog:OPENED:c-1,f-1,i0, conf=-1: [s3:0.0.0.0:34761, s4:0.0.0.0:42956, s0:0.0.0.0:35561, s1:0.0.0.0:38095, s2:0.0.0.0:39611], old=null RUNNING, sleep 450ms and then retry.
java.lang.IllegalStateException: No leader yet : printing ALL groups
  s3:  RUNNING CANDIDATE s3@group-A1B89BB4020A:t6, leader=null, voted=s3, raftlog=s3@group-A1B89BB4020A-SegmentedRaftLog:OPENED:c-1,f-1,i0, conf=-1: [s3:0.0.0.0:34761, s4:0.0.0.0:42956, s0:0.0.0.0:35561, s1:0.0.0.0:38095, s2:0.0.0.0:39611], old=null RUNNING
  s4:  RUNNING CANDIDATE s4@group-A1B89BB4020A:t6, leader=null, voted=s4, raftlog=s4@group-A1B89BB4020A-SegmentedRaftLog:OPENED:c-1,f-1,i0, conf=-1: [s3:0.0.0.0:34761, s4:0.0.0.0:42956, s0:0.0.0.0:35561, s1:0.0.0.0:38095, s2:0.0.0.0:39611], old=null RUNNING
  s0:  RUNNING CANDIDATE s0@group-A1B89BB4020A:t6, leader=null, voted=s0, raftlog=s0@group-A1B89BB4020A-SegmentedRaftLog:OPENED:c-1,f-1,i0, conf=-1: [s3:0.0.0.0:34761, s4:0.0.0.0:42956, s0:0.0.0.0:35561, s1:0.0.0.0:38095, s2:0.0.0.0:39611], old=null RUNNING
  s1:  RUNNING CANDIDATE s1@group-A1B89BB4020A:t6, leader=null, voted=s1, raftlog=s1@group-A1B89BB4020A-SegmentedRaftLog:OPENED:c-1,f-1,i0, conf=-1: [s3:0.0.0.0:34761, s4:0.0.0.0:42956, s0:0.0.0.0:35561, s1:0.0.0.0:38095, s2:0.0.0.0:39611], old=null RUNNING
  s2:  RUNNING CANDIDATE s2@group-A1B89BB4020A:t6, leader=null, voted=s2, raftlog=s2@group-A1B89BB4020A-SegmentedRaftLog:OPENED:c-1,f-1,i0, conf=-1: [s3:0.0.0.0:34761, s4:0.0.0.0:42956, s0:0.0.0.0:35561, s1:0.0.0.0:38095, s2:0.0.0.0:39611], old=null RUNNING
	at org.apache.ratis.MiniRaftCluster.newIllegalStateExceptionForNoLeaders(MiniRaftCluster.java:506)
	at org.apache.ratis.RaftTestUtil.lambda$waitForLeader$1(RaftTestUtil.java:90)
	at org.apache.ratis.MiniRaftCluster.getLeader(MiniRaftCluster.java:539)
	at org.apache.ratis.MiniRaftCluster.getLeader(MiniRaftCluster.java:532)
	at org.apache.ratis.RaftTestUtil.lambda$waitForLeader$3(RaftTestUtil.java:98)
	at org.apache.ratis.util.JavaUtils.attempt(JavaUtils.java:152)
	at org.apache.ratis.RaftTestUtil.waitForLeader(RaftTestUtil.java:97)
	at org.apache.ratis.RaftTestUtil.waitForLeader(RaftTestUtil.java:77)
	at org.apache.ratis.RaftTestUtil.waitForLeader(RaftTestUtil.java:72)
	at org.apache.ratis.RaftBasicTests.runTestOldLeaderNotCommit(RaftBasicTests.java:218)
	at org.apache.ratis.MiniRaftCluster$Factory$Get.runWithNewCluster(MiniRaftCluster.java:125)
	at org.apache.ratis.MiniRaftCluster$Factory$Get.runWithNewCluster(MiniRaftCluster.java:113)
	at org.apache.ratis.RaftBasicTests.testOldLeaderNotCommit(RaftBasicTests.java:214)
	at sun.reflect.NativeMethodAccessorImpl.invoke0(Native Method)
	at sun.reflect.NativeMethodAccessorImpl.invoke(NativeMethodAccessorImpl.java:62)
	at sun.reflect.DelegatingMethodAccessorImpl.invoke(DelegatingMethodAccessorImpl.java:43)
	at java.lang.reflect.Method.invoke(Method.java:498)
	at org.junit.runners.model.FrameworkMethod$1.runReflectiveCall(FrameworkMethod.java:50)
	at org.junit.internal.runners.model.ReflectiveCallable.run(ReflectiveCallable.java:12)
	at org.junit.runners.model.FrameworkMethod.invokeExplosively(FrameworkMethod.java:47)
	at org.junit.internal.runners.statements.InvokeMethod.evaluate(InvokeMethod.java:17)
	at org.junit.internal.runners.statements.RunAfters.evaluate(RunAfters.java:27)
	at org.junit.internal.runners.statements.FailOnTimeout$CallableStatement.call(FailOnTimeout.java:298)
	at org.junit.internal.runners.statements.FailOnTimeout$CallableStatement.call(FailOnTimeout.java:292)
	at java.util.concurrent.FutureTask.run(FutureTask.java:266)
	at java.lang.Thread.run(Thread.java:748)
2019-09-24 16:44:30,934 INFO  impl.LeaderElection (LeaderElection.java:askForVotes(178)) - s3@group-A1B89BB4020A-LeaderElection159: begin an election at term 6 for -1: [s3:0.0.0.0:34761, s4:0.0.0.0:42956, s0:0.0.0.0:35561, s1:0.0.0.0:38095, s2:0.0.0.0:39611], old=null
2019-09-24 16:44:30,934 INFO  impl.LeaderElection (LeaderElection.java:askForVotes(178)) - s4@group-A1B89BB4020A-LeaderElection155: begin an election at term 6 for -1: [s3:0.0.0.0:34761, s4:0.0.0.0:42956, s0:0.0.0.0:35561, s1:0.0.0.0:38095, s2:0.0.0.0:39611], old=null
2019-09-24 16:44:30,934 INFO  impl.LeaderElection (LeaderElection.java:askForVotes(178)) - s0@group-A1B89BB4020A-LeaderElection157: begin an election at term 6 for -1: [s3:0.0.0.0:34761, s4:0.0.0.0:42956, s0:0.0.0.0:35561, s1:0.0.0.0:38095, s2:0.0.0.0:39611], old=null
2019-09-24 16:44:30,934 INFO  impl.LeaderElection (LeaderElection.java:askForVotes(178)) - s2@group-A1B89BB4020A-LeaderElection158: begin an election at term 6 for -1: [s3:0.0.0.0:34761, s4:0.0.0.0:42956, s0:0.0.0.0:35561, s1:0.0.0.0:38095, s2:0.0.0.0:39611], old=null
2019-09-24 16:44:30,934 INFO  impl.LeaderElection (LeaderElection.java:askForVotes(178)) - s1@group-A1B89BB4020A-LeaderElection156: begin an election at term 6 for -1: [s3:0.0.0.0:34761, s4:0.0.0.0:42956, s0:0.0.0.0:35561, s1:0.0.0.0:38095, s2:0.0.0.0:39611], old=null
2019-09-24 16:44:30,935 DEBUG impl.RaftServerImpl (RaftServerImpl.java:requestVote(743)) - s4@group-A1B89BB4020A: receive requestVote(s3, group-A1B89BB4020A, 6, (t:0, i:0))
2019-09-24 16:44:30,936 DEBUG impl.RaftServerImpl (RaftServerImpl.java:requestVote(743)) - s3@group-A1B89BB4020A: receive requestVote(s1, group-A1B89BB4020A, 6, (t:0, i:0))
2019-09-24 16:44:30,936 DEBUG impl.RaftServerImpl (RaftServerImpl.java:requestVote(775)) - s4@group-A1B89BB4020A replies to vote request: s3<-s4#0:FAIL-t6. Peer's state: s4@group-A1B89BB4020A:t6, leader=null, voted=s4, raftlog=s4@group-A1B89BB4020A-SegmentedRaftLog:OPENED:c-1,f-1,i0, conf=-1: [s3:0.0.0.0:34761, s4:0.0.0.0:42956, s0:0.0.0.0:35561, s1:0.0.0.0:38095, s2:0.0.0.0:39611], old=null
2019-09-24 16:44:30,936 DEBUG impl.RaftServerImpl (RaftServerImpl.java:requestVote(743)) - s0@group-A1B89BB4020A: receive requestVote(s3, group-A1B89BB4020A, 6, (t:0, i:0))
2019-09-24 16:44:30,937 DEBUG impl.RaftServerImpl (RaftServerImpl.java:requestVote(743)) - s2@group-A1B89BB4020A: receive requestVote(s0, group-A1B89BB4020A, 6, (t:0, i:0))
2019-09-24 16:44:30,935 DEBUG impl.RaftServerImpl (RaftServerImpl.java:requestVote(743)) - s3@group-A1B89BB4020A: receive requestVote(s2, group-A1B89BB4020A, 6, (t:0, i:0))
2019-09-24 16:44:30,935 DEBUG impl.RaftServerImpl (RaftServerImpl.java:requestVote(743)) - s3@group-A1B89BB4020A: receive requestVote(s4, group-A1B89BB4020A, 6, (t:0, i:0))
2019-09-24 16:44:30,935 DEBUG impl.RaftServerImpl (RaftServerImpl.java:requestVote(743)) - s3@group-A1B89BB4020A: receive requestVote(s0, group-A1B89BB4020A, 6, (t:0, i:0))
2019-09-24 16:44:30,938 DEBUG impl.RaftServerImpl (RaftServerImpl.java:requestVote(743)) - s2@group-A1B89BB4020A: receive requestVote(s1, group-A1B89BB4020A, 6, (t:0, i:0))
2019-09-24 16:44:30,938 DEBUG impl.RaftServerImpl (RaftServerImpl.java:requestVote(743)) - s2@group-A1B89BB4020A: receive requestVote(s4, group-A1B89BB4020A, 6, (t:0, i:0))
2019-09-24 16:44:30,938 DEBUG impl.RaftServerImpl (RaftServerImpl.java:requestVote(743)) - s0@group-A1B89BB4020A: receive requestVote(s1, group-A1B89BB4020A, 6, (t:0, i:0))
2019-09-24 16:44:30,938 DEBUG impl.RaftServerImpl (RaftServerImpl.java:requestVote(743)) - s1@group-A1B89BB4020A: receive requestVote(s4, group-A1B89BB4020A, 6, (t:0, i:0))
2019-09-24 16:44:30,937 DEBUG impl.RaftServerImpl (RaftServerImpl.java:requestVote(743)) - s1@group-A1B89BB4020A: receive requestVote(s2, group-A1B89BB4020A, 6, (t:0, i:0))
2019-09-24 16:44:30,937 DEBUG impl.RaftServerImpl (RaftServerImpl.java:requestVote(743)) - s4@group-A1B89BB4020A: receive requestVote(s1, group-A1B89BB4020A, 6, (t:0, i:0))
2019-09-24 16:44:30,937 DEBUG impl.RaftServerImpl (RaftServerImpl.java:requestVote(743)) - s0@group-A1B89BB4020A: receive requestVote(s2, group-A1B89BB4020A, 6, (t:0, i:0))
2019-09-24 16:44:30,937 DEBUG impl.RaftServerImpl (RaftServerImpl.java:requestVote(775)) - s2@group-A1B89BB4020A replies to vote request: s0<-s2#0:FAIL-t6. Peer's state: s2@group-A1B89BB4020A:t6, leader=null, voted=s2, raftlog=s2@group-A1B89BB4020A-SegmentedRaftLog:OPENED:c-1,f-1,i0, conf=-1: [s3:0.0.0.0:34761, s4:0.0.0.0:42956, s0:0.0.0.0:35561, s1:0.0.0.0:38095, s2:0.0.0.0:39611], old=null
2019-09-24 16:44:30,937 DEBUG impl.RaftServerImpl (RaftServerImpl.java:requestVote(775)) - s0@group-A1B89BB4020A replies to vote request: s3<-s0#0:FAIL-t6. Peer's state: s0@group-A1B89BB4020A:t6, leader=null, voted=s0, raftlog=s0@group-A1B89BB4020A-SegmentedRaftLog:OPENED:c-1,f-1,i0, conf=-1: [s3:0.0.0.0:34761, s4:0.0.0.0:42956, s0:0.0.0.0:35561, s1:0.0.0.0:38095, s2:0.0.0.0:39611], old=null
2019-09-24 16:44:30,937 DEBUG impl.RaftServerImpl (RaftServerImpl.java:requestVote(743)) - s1@group-A1B89BB4020A: receive requestVote(s3, group-A1B89BB4020A, 6, (t:0, i:0))
2019-09-24 16:44:30,937 DEBUG impl.RaftServerImpl (RaftServerImpl.java:requestVote(743)) - s0@group-A1B89BB4020A: receive requestVote(s4, group-A1B89BB4020A, 6, (t:0, i:0))
2019-09-24 16:44:30,936 DEBUG impl.RaftServerImpl (RaftServerImpl.java:requestVote(775)) - s3@group-A1B89BB4020A replies to vote request: s1<-s3#0:FAIL-t6. Peer's state: s3@group-A1B89BB4020A:t6, leader=null, voted=s3, raftlog=s3@group-A1B89BB4020A-SegmentedRaftLog:OPENED:c-1,f-1,i0, conf=-1: [s3:0.0.0.0:34761, s4:0.0.0.0:42956, s0:0.0.0.0:35561, s1:0.0.0.0:38095, s2:0.0.0.0:39611], old=null
2019-09-24 16:44:30,936 DEBUG impl.RaftServerImpl (RaftServerImpl.java:requestVote(743)) - s1@group-A1B89BB4020A: receive requestVote(s0, group-A1B89BB4020A, 6, (t:0, i:0))
2019-09-24 16:44:30,936 DEBUG impl.RaftServerImpl (RaftServerImpl.java:requestVote(743)) - s4@group-A1B89BB4020A: receive requestVote(s0, group-A1B89BB4020A, 6, (t:0, i:0))
2019-09-24 16:44:30,936 DEBUG impl.RaftServerImpl (RaftServerImpl.java:requestVote(743)) - s4@group-A1B89BB4020A: receive requestVote(s2, group-A1B89BB4020A, 6, (t:0, i:0))
2019-09-24 16:44:30,942 DEBUG impl.RaftServerImpl (RaftServerImpl.java:requestVote(775)) - s3@group-A1B89BB4020A replies to vote request: s0<-s3#0:FAIL-t6. Peer's state: s3@group-A1B89BB4020A:t6, leader=null, voted=s3, raftlog=s3@group-A1B89BB4020A-SegmentedRaftLog:OPENED:c-1,f-1,i0, conf=-1: [s3:0.0.0.0:34761, s4:0.0.0.0:42956, s0:0.0.0.0:35561, s1:0.0.0.0:38095, s2:0.0.0.0:39611], old=null
2019-09-24 16:44:30,941 DEBUG impl.RaftServerImpl (RaftServerImpl.java:requestVote(775)) - s0@group-A1B89BB4020A replies to vote request: s2<-s0#0:FAIL-t6. Peer's state: s0@group-A1B89BB4020A:t6, leader=null, voted=s0, raftlog=s0@group-A1B89BB4020A-SegmentedRaftLog:OPENED:c-1,f-1,i0, conf=-1: [s3:0.0.0.0:34761, s4:0.0.0.0:42956, s0:0.0.0.0:35561, s1:0.0.0.0:38095, s2:0.0.0.0:39611], old=null
2019-09-24 16:44:30,940 DEBUG impl.RaftServerImpl (RaftServerImpl.java:requestVote(775)) - s2@group-A1B89BB4020A replies to vote request: s4<-s2#0:FAIL-t6. Peer's state: s2@group-A1B89BB4020A:t6, leader=null, voted=s2, raftlog=s2@group-A1B89BB4020A-SegmentedRaftLog:OPENED:c-1,f-1,i0, conf=-1: [s3:0.0.0.0:34761, s4:0.0.0.0:42956, s0:0.0.0.0:35561, s1:0.0.0.0:38095, s2:0.0.0.0:39611], old=null
2019-09-24 16:44:30,940 DEBUG impl.RaftServerImpl (RaftServerImpl.java:requestVote(775)) - s4@group-A1B89BB4020A replies to vote request: s1<-s4#0:FAIL-t6. Peer's state: s4@group-A1B89BB4020A:t6, leader=null, voted=s4, raftlog=s4@group-A1B89BB4020A-SegmentedRaftLog:OPENED:c-1,f-1,i0, conf=-1: [s3:0.0.0.0:34761, s4:0.0.0.0:42956, s0:0.0.0.0:35561, s1:0.0.0.0:38095, s2:0.0.0.0:39611], old=null
2019-09-24 16:44:30,939 DEBUG impl.RaftServerImpl (RaftServerImpl.java:requestVote(775)) - s1@group-A1B89BB4020A replies to vote request: s4<-s1#0:FAIL-t6. Peer's state: s1@group-A1B89BB4020A:t6, leader=null, voted=s1, raftlog=s1@group-A1B89BB4020A-SegmentedRaftLog:OPENED:c-1,f-1,i0, conf=-1: [s3:0.0.0.0:34761, s4:0.0.0.0:42956, s0:0.0.0.0:35561, s1:0.0.0.0:38095, s2:0.0.0.0:39611], old=null
2019-09-24 16:44:30,943 DEBUG impl.RaftServerImpl (RaftServerImpl.java:requestVote(775)) - s4@group-A1B89BB4020A replies to vote request: s2<-s4#0:FAIL-t6. Peer's state: s4@group-A1B89BB4020A:t6, leader=null, voted=s4, raftlog=s4@group-A1B89BB4020A-SegmentedRaftLog:OPENED:c-1,f-1,i0, conf=-1: [s3:0.0.0.0:34761, s4:0.0.0.0:42956, s0:0.0.0.0:35561, s1:0.0.0.0:38095, s2:0.0.0.0:39611], old=null
2019-09-24 16:44:30,943 DEBUG impl.RaftServerImpl (RaftServerImpl.java:requestVote(775)) - s2@group-A1B89BB4020A replies to vote request: s1<-s2#0:FAIL-t6. Peer's state: s2@group-A1B89BB4020A:t6, leader=null, voted=s2, raftlog=s2@group-A1B89BB4020A-SegmentedRaftLog:OPENED:c-1,f-1,i0, conf=-1: [s3:0.0.0.0:34761, s4:0.0.0.0:42956, s0:0.0.0.0:35561, s1:0.0.0.0:38095, s2:0.0.0.0:39611], old=null
2019-09-24 16:44:30,943 DEBUG impl.RaftServerImpl (RaftServerImpl.java:requestVote(775)) - s0@group-A1B89BB4020A replies to vote request: s1<-s0#0:FAIL-t6. Peer's state: s0@group-A1B89BB4020A:t6, leader=null, voted=s0, raftlog=s0@group-A1B89BB4020A-SegmentedRaftLog:OPENED:c-1,f-1,i0, conf=-1: [s3:0.0.0.0:34761, s4:0.0.0.0:42956, s0:0.0.0.0:35561, s1:0.0.0.0:38095, s2:0.0.0.0:39611], old=null
2019-09-24 16:44:30,943 DEBUG impl.RaftServerImpl (RaftServerImpl.java:requestVote(775)) - s3@group-A1B89BB4020A replies to vote request: s4<-s3#0:FAIL-t6. Peer's state: s3@group-A1B89BB4020A:t6, leader=null, voted=s3, raftlog=s3@group-A1B89BB4020A-SegmentedRaftLog:OPENED:c-1,f-1,i0, conf=-1: [s3:0.0.0.0:34761, s4:0.0.0.0:42956, s0:0.0.0.0:35561, s1:0.0.0.0:38095, s2:0.0.0.0:39611], old=null
2019-09-24 16:44:30,945 DEBUG impl.RaftServerImpl (RaftServerImpl.java:requestVote(775)) - s0@group-A1B89BB4020A replies to vote request: s4<-s0#0:FAIL-t6. Peer's state: s0@group-A1B89BB4020A:t6, leader=null, voted=s0, raftlog=s0@group-A1B89BB4020A-SegmentedRaftLog:OPENED:c-1,f-1,i0, conf=-1: [s3:0.0.0.0:34761, s4:0.0.0.0:42956, s0:0.0.0.0:35561, s1:0.0.0.0:38095, s2:0.0.0.0:39611], old=null
2019-09-24 16:44:30,944 DEBUG impl.RaftServerImpl (RaftServerImpl.java:requestVote(775)) - s4@group-A1B89BB4020A replies to vote request: s0<-s4#0:FAIL-t6. Peer's state: s4@group-A1B89BB4020A:t6, leader=null, voted=s4, raftlog=s4@group-A1B89BB4020A-SegmentedRaftLog:OPENED:c-1,f-1,i0, conf=-1: [s3:0.0.0.0:34761, s4:0.0.0.0:42956, s0:0.0.0.0:35561, s1:0.0.0.0:38095, s2:0.0.0.0:39611], old=null
2019-09-24 16:44:30,944 DEBUG impl.RaftServerImpl (RaftServerImpl.java:requestVote(775)) - s1@group-A1B89BB4020A replies to vote request: s0<-s1#0:FAIL-t6. Peer's state: s1@group-A1B89BB4020A:t6, leader=null, voted=s1, raftlog=s1@group-A1B89BB4020A-SegmentedRaftLog:OPENED:c-1,f-1,i0, conf=-1: [s3:0.0.0.0:34761, s4:0.0.0.0:42956, s0:0.0.0.0:35561, s1:0.0.0.0:38095, s2:0.0.0.0:39611], old=null
2019-09-24 16:44:30,945 INFO  impl.LeaderElection (LeaderElection.java:logAndReturn(56)) - s4@group-A1B89BB4020A-LeaderElection155: Election REJECTED; received 4 response(s) [s4<-s3#0:FAIL-t6, s4<-s0#0:FAIL-t6, s4<-s1#0:FAIL-t6, s4<-s2#0:FAIL-t6] and 0 exception(s); s4@group-A1B89BB4020A:t6, leader=null, voted=s4, raftlog=s4@group-A1B89BB4020A-SegmentedRaftLog:OPENED:c-1,f-1,i0, conf=-1: [s3:0.0.0.0:34761, s4:0.0.0.0:42956, s0:0.0.0.0:35561, s1:0.0.0.0:38095, s2:0.0.0.0:39611], old=null
2019-09-24 16:44:30,945 INFO  impl.LeaderElection (LeaderElection.java:logAndReturn(56)) - s1@group-A1B89BB4020A-LeaderElection156: Election REJECTED; received 4 response(s) [s1<-s3#0:FAIL-t6, s1<-s4#0:FAIL-t6, s1<-s0#0:FAIL-t6, s1<-s2#0:FAIL-t6] and 0 exception(s); s1@group-A1B89BB4020A:t6, leader=null, voted=s1, raftlog=s1@group-A1B89BB4020A-SegmentedRaftLog:OPENED:c-1,f-1,i0, conf=-1: [s3:0.0.0.0:34761, s4:0.0.0.0:42956, s0:0.0.0.0:35561, s1:0.0.0.0:38095, s2:0.0.0.0:39611], old=null
2019-09-24 16:44:30,945 DEBUG impl.RaftServerImpl (RaftServerImpl.java:requestVote(775)) - s3@group-A1B89BB4020A replies to vote request: s2<-s3#0:FAIL-t6. Peer's state: s3@group-A1B89BB4020A:t6, leader=null, voted=s3, raftlog=s3@group-A1B89BB4020A-SegmentedRaftLog:OPENED:c-1,f-1,i0, conf=-1: [s3:0.0.0.0:34761, s4:0.0.0.0:42956, s0:0.0.0.0:35561, s1:0.0.0.0:38095, s2:0.0.0.0:39611], old=null
2019-09-24 16:44:30,946 INFO  impl.RaftServerImpl (RaftServerImpl.java:setRole(170)) - s4@group-A1B89BB4020A: changes role from CANDIDATE to FOLLOWER at term 6 for DISCOVERED_A_NEW_TERM
2019-09-24 16:44:30,946 DEBUG impl.RaftServerImpl (RaftServerImpl.java:requestVote(775)) - s1@group-A1B89BB4020A replies to vote request: s3<-s1#0:FAIL-t6. Peer's state: s1@group-A1B89BB4020A:t6, leader=null, voted=s1, raftlog=s1@group-A1B89BB4020A-SegmentedRaftLog:OPENED:c-1,f-1,i0, conf=-1: [s3:0.0.0.0:34761, s4:0.0.0.0:42956, s0:0.0.0.0:35561, s1:0.0.0.0:38095, s2:0.0.0.0:39611], old=null
2019-09-24 16:44:30,947 INFO  impl.RoleInfo (RoleInfo.java:shutdownLeaderElection(134)) - s4: shutdown LeaderElection
2019-09-24 16:44:30,946 INFO  impl.LeaderElection (LeaderElection.java:logAndReturn(56)) - s0@group-A1B89BB4020A-LeaderElection157: Election REJECTED; received 4 response(s) [s0<-s3#0:FAIL-t6, s0<-s4#0:FAIL-t6, s0<-s1#0:FAIL-t6, s0<-s2#0:FAIL-t6] and 0 exception(s); s0@group-A1B89BB4020A:t6, leader=null, voted=s0, raftlog=s0@group-A1B89BB4020A-SegmentedRaftLog:OPENED:c-1,f-1,i0, conf=-1: [s3:0.0.0.0:34761, s4:0.0.0.0:42956, s0:0.0.0.0:35561, s1:0.0.0.0:38095, s2:0.0.0.0:39611], old=null
2019-09-24 16:44:30,947 DEBUG impl.RaftServerImpl (RaftServerImpl.java:requestVote(743)) - s2@group-A1B89BB4020A: receive requestVote(s3, group-A1B89BB4020A, 6, (t:0, i:0))
2019-09-24 16:44:30,947 INFO  impl.RoleInfo (RoleInfo.java:updateAndGet(143)) - s4: start FollowerState
2019-09-24 16:44:30,947 DEBUG impl.RaftServerImpl (RaftServerImpl.java:requestVote(775)) - s1@group-A1B89BB4020A replies to vote request: s2<-s1#0:FAIL-t6. Peer's state: s1@group-A1B89BB4020A:t6, leader=null, voted=s1, raftlog=s1@group-A1B89BB4020A-SegmentedRaftLog:OPENED:c-1,f-1,i0, conf=-1: [s3:0.0.0.0:34761, s4:0.0.0.0:42956, s0:0.0.0.0:35561, s1:0.0.0.0:38095, s2:0.0.0.0:39611], old=null
2019-09-24 16:44:30,947 DEBUG impl.RaftServerImpl (RaftServerImpl.java:requestVote(775)) - s2@group-A1B89BB4020A replies to vote request: s3<-s2#0:FAIL-t6. Peer's state: s2@group-A1B89BB4020A:t6, leader=null, voted=s2, raftlog=s2@group-A1B89BB4020A-SegmentedRaftLog:OPENED:c-1,f-1,i0, conf=-1: [s3:0.0.0.0:34761, s4:0.0.0.0:42956, s0:0.0.0.0:35561, s1:0.0.0.0:38095, s2:0.0.0.0:39611], old=null
2019-09-24 16:44:30,947 INFO  impl.RaftServerImpl (RaftServerImpl.java:setRole(170)) - s0@group-A1B89BB4020A: changes role from CANDIDATE to FOLLOWER at term 6 for DISCOVERED_A_NEW_TERM
2019-09-24 16:44:30,948 INFO  impl.RoleInfo (RoleInfo.java:shutdownLeaderElection(134)) - s0: shutdown LeaderElection
2019-09-24 16:44:30,948 INFO  impl.RaftServerImpl (RaftServerImpl.java:setRole(170)) - s1@group-A1B89BB4020A: changes role from CANDIDATE to FOLLOWER at term 6 for DISCOVERED_A_NEW_TERM
2019-09-24 16:44:30,948 INFO  impl.LeaderElection (LeaderElection.java:logAndReturn(56)) - s3@group-A1B89BB4020A-LeaderElection159: Election REJECTED; received 4 response(s) [s3<-s4#0:FAIL-t6, s3<-s0#0:FAIL-t6, s3<-s1#0:FAIL-t6, s3<-s2#0:FAIL-t6] and 0 exception(s); s3@group-A1B89BB4020A:t6, leader=null, voted=s3, raftlog=s3@group-A1B89BB4020A-SegmentedRaftLog:OPENED:c-1,f-1,i0, conf=-1: [s3:0.0.0.0:34761, s4:0.0.0.0:42956, s0:0.0.0.0:35561, s1:0.0.0.0:38095, s2:0.0.0.0:39611], old=null
2019-09-24 16:44:30,948 INFO  impl.RoleInfo (RoleInfo.java:updateAndGet(143)) - s0: start FollowerState
2019-09-24 16:44:30,948 INFO  impl.LeaderElection (LeaderElection.java:logAndReturn(56)) - s2@group-A1B89BB4020A-LeaderElection158: Election REJECTED; received 4 response(s) [s2<-s3#0:FAIL-t6, s2<-s4#0:FAIL-t6, s2<-s0#0:FAIL-t6, s2<-s1#0:FAIL-t6] and 0 exception(s); s2@group-A1B89BB4020A:t6, leader=null, voted=s2, raftlog=s2@group-A1B89BB4020A-SegmentedRaftLog:OPENED:c-1,f-1,i0, conf=-1: [s3:0.0.0.0:34761, s4:0.0.0.0:42956, s0:0.0.0.0:35561, s1:0.0.0.0:38095, s2:0.0.0.0:39611], old=null
2019-09-24 16:44:30,949 INFO  impl.RaftServerImpl (RaftServerImpl.java:setRole(170)) - s3@group-A1B89BB4020A: changes role from CANDIDATE to FOLLOWER at term 6 for DISCOVERED_A_NEW_TERM
2019-09-24 16:44:30,948 INFO  impl.RoleInfo (RoleInfo.java:shutdownLeaderElection(134)) - s1: shutdown LeaderElection
2019-09-24 16:44:30,949 INFO  impl.RoleInfo (RoleInfo.java:shutdownLeaderElection(134)) - s3: shutdown LeaderElection
2019-09-24 16:44:30,949 INFO  impl.RaftServerImpl (RaftServerImpl.java:setRole(170)) - s2@group-A1B89BB4020A: changes role from CANDIDATE to FOLLOWER at term 6 for DISCOVERED_A_NEW_TERM
2019-09-24 16:44:30,949 INFO  impl.RoleInfo (RoleInfo.java:updateAndGet(143)) - s3: start FollowerState
2019-09-24 16:44:30,949 INFO  impl.RoleInfo (RoleInfo.java:updateAndGet(143)) - s1: start FollowerState
2019-09-24 16:44:30,950 INFO  impl.RoleInfo (RoleInfo.java:shutdownLeaderElection(134)) - s2: shutdown LeaderElection
2019-09-24 16:44:30,950 INFO  impl.RoleInfo (RoleInfo.java:updateAndGet(143)) - s2: start FollowerState
2019-09-24 16:44:31,018 WARN  ratis.RaftTestUtil (JavaUtils.java:attempt(158)) - FAILED "waitForLeader-null-(expectLeader? true)", attempt #57/100: java.lang.IllegalStateException: No leader yet : printing ALL groups
  s3:  RUNNING  FOLLOWER s3@group-A1B89BB4020A:t6, leader=null, voted=s3, raftlog=s3@group-A1B89BB4020A-SegmentedRaftLog:OPENED:c-1,f-1,i0, conf=-1: [s3:0.0.0.0:34761, s4:0.0.0.0:42956, s0:0.0.0.0:35561, s1:0.0.0.0:38095, s2:0.0.0.0:39611], old=null RUNNING
  s4:  RUNNING  FOLLOWER s4@group-A1B89BB4020A:t6, leader=null, voted=s4, raftlog=s4@group-A1B89BB4020A-SegmentedRaftLog:OPENED:c-1,f-1,i0, conf=-1: [s3:0.0.0.0:34761, s4:0.0.0.0:42956, s0:0.0.0.0:35561, s1:0.0.0.0:38095, s2:0.0.0.0:39611], old=null RUNNING
  s0:  RUNNING  FOLLOWER s0@group-A1B89BB4020A:t6, leader=null, voted=s0, raftlog=s0@group-A1B89BB4020A-SegmentedRaftLog:OPENED:c-1,f-1,i0, conf=-1: [s3:0.0.0.0:34761, s4:0.0.0.0:42956, s0:0.0.0.0:35561, s1:0.0.0.0:38095, s2:0.0.0.0:39611], old=null RUNNING
  s1:  RUNNING  FOLLOWER s1@group-A1B89BB4020A:t6, leader=null, voted=s1, raftlog=s1@group-A1B89BB4020A-SegmentedRaftLog:OPENED:c-1,f-1,i0, conf=-1: [s3:0.0.0.0:34761, s4:0.0.0.0:42956, s0:0.0.0.0:35561, s1:0.0.0.0:38095, s2:0.0.0.0:39611], old=null RUNNING
  s2:  RUNNING  FOLLOWER s2@group-A1B89BB4020A:t6, leader=null, voted=s2, raftlog=s2@group-A1B89BB4020A-SegmentedRaftLog:OPENED:c-1,f-1,i0, conf=-1: [s3:0.0.0.0:34761, s4:0.0.0.0:42956, s0:0.0.0.0:35561, s1:0.0.0.0:38095, s2:0.0.0.0:39611], old=null RUNNING, sleep 450ms and then retry.
java.lang.IllegalStateException: No leader yet : printing ALL groups
  s3:  RUNNING  FOLLOWER s3@group-A1B89BB4020A:t6, leader=null, voted=s3, raftlog=s3@group-A1B89BB4020A-SegmentedRaftLog:OPENED:c-1,f-1,i0, conf=-1: [s3:0.0.0.0:34761, s4:0.0.0.0:42956, s0:0.0.0.0:35561, s1:0.0.0.0:38095, s2:0.0.0.0:39611], old=null RUNNING
  s4:  RUNNING  FOLLOWER s4@group-A1B89BB4020A:t6, leader=null, voted=s4, raftlog=s4@group-A1B89BB4020A-SegmentedRaftLog:OPENED:c-1,f-1,i0, conf=-1: [s3:0.0.0.0:34761, s4:0.0.0.0:42956, s0:0.0.0.0:35561, s1:0.0.0.0:38095, s2:0.0.0.0:39611], old=null RUNNING
  s0:  RUNNING  FOLLOWER s0@group-A1B89BB4020A:t6, leader=null, voted=s0, raftlog=s0@group-A1B89BB4020A-SegmentedRaftLog:OPENED:c-1,f-1,i0, conf=-1: [s3:0.0.0.0:34761, s4:0.0.0.0:42956, s0:0.0.0.0:35561, s1:0.0.0.0:38095, s2:0.0.0.0:39611], old=null RUNNING
  s1:  RUNNING  FOLLOWER s1@group-A1B89BB4020A:t6, leader=null, voted=s1, raftlog=s1@group-A1B89BB4020A-SegmentedRaftLog:OPENED:c-1,f-1,i0, conf=-1: [s3:0.0.0.0:34761, s4:0.0.0.0:42956, s0:0.0.0.0:35561, s1:0.0.0.0:38095, s2:0.0.0.0:39611], old=null RUNNING
  s2:  RUNNING  FOLLOWER s2@group-A1B89BB4020A:t6, leader=null, voted=s2, raftlog=s2@group-A1B89BB4020A-SegmentedRaftLog:OPENED:c-1,f-1,i0, conf=-1: [s3:0.0.0.0:34761, s4:0.0.0.0:42956, s0:0.0.0.0:35561, s1:0.0.0.0:38095, s2:0.0.0.0:39611], old=null RUNNING
	at org.apache.ratis.MiniRaftCluster.newIllegalStateExceptionForNoLeaders(MiniRaftCluster.java:506)
	at org.apache.ratis.RaftTestUtil.lambda$waitForLeader$1(RaftTestUtil.java:90)
	at org.apache.ratis.MiniRaftCluster.getLeader(MiniRaftCluster.java:539)
	at org.apache.ratis.MiniRaftCluster.getLeader(MiniRaftCluster.java:532)
	at org.apache.ratis.RaftTestUtil.lambda$waitForLeader$3(RaftTestUtil.java:98)
	at org.apache.ratis.util.JavaUtils.attempt(JavaUtils.java:152)
	at org.apache.ratis.RaftTestUtil.waitForLeader(RaftTestUtil.java:97)
	at org.apache.ratis.RaftTestUtil.waitForLeader(RaftTestUtil.java:77)
	at org.apache.ratis.RaftTestUtil.waitForLeader(RaftTestUtil.java:72)
	at org.apache.ratis.RaftBasicTests.runTestOldLeaderNotCommit(RaftBasicTests.java:218)
	at org.apache.ratis.MiniRaftCluster$Factory$Get.runWithNewCluster(MiniRaftCluster.java:125)
	at org.apache.ratis.MiniRaftCluster$Factory$Get.runWithNewCluster(MiniRaftCluster.java:113)
	at org.apache.ratis.RaftBasicTests.testOldLeaderNotCommit(RaftBasicTests.java:214)
	at sun.reflect.NativeMethodAccessorImpl.invoke0(Native Method)
	at sun.reflect.NativeMethodAccessorImpl.invoke(NativeMethodAccessorImpl.java:62)
	at sun.reflect.DelegatingMethodAccessorImpl.invoke(DelegatingMethodAccessorImpl.java:43)
	at java.lang.reflect.Method.invoke(Method.java:498)
	at org.junit.runners.model.FrameworkMethod$1.runReflectiveCall(FrameworkMethod.java:50)
	at org.junit.internal.runners.model.ReflectiveCallable.run(ReflectiveCallable.java:12)
	at org.junit.runners.model.FrameworkMethod.invokeExplosively(FrameworkMethod.java:47)
	at org.junit.internal.runners.statements.InvokeMethod.evaluate(InvokeMethod.java:17)
	at org.junit.internal.runners.statements.RunAfters.evaluate(RunAfters.java:27)
	at org.junit.internal.runners.statements.FailOnTimeout$CallableStatement.call(FailOnTimeout.java:298)
	at org.junit.internal.runners.statements.FailOnTimeout$CallableStatement.call(FailOnTimeout.java:292)
	at java.util.concurrent.FutureTask.run(FutureTask.java:266)
	at java.lang.Thread.run(Thread.java:748)
2019-09-24 16:44:31,123 INFO  impl.FollowerState (FollowerState.java:run(108)) - s3@group-A1B89BB4020A-FollowerState: change to CANDIDATE, lastRpcTime:173ms, electionTimeout:173ms
2019-09-24 16:44:31,123 INFO  impl.RoleInfo (RoleInfo.java:shutdownFollowerState(121)) - s3: shutdown FollowerState
2019-09-24 16:44:31,124 INFO  impl.RaftServerImpl (RaftServerImpl.java:setRole(170)) - s3@group-A1B89BB4020A: changes role from  FOLLOWER to CANDIDATE at term 6 for changeToCandidate
2019-09-24 16:44:31,124 INFO  impl.RoleInfo (RoleInfo.java:updateAndGet(143)) - s3: start LeaderElection
2019-09-24 16:44:31,160 INFO  impl.FollowerState (FollowerState.java:run(108)) - s1@group-A1B89BB4020A-FollowerState: change to CANDIDATE, lastRpcTime:211ms, electionTimeout:210ms
2019-09-24 16:44:31,161 INFO  impl.RoleInfo (RoleInfo.java:shutdownFollowerState(121)) - s1: shutdown FollowerState
2019-09-24 16:44:31,161 INFO  impl.RaftServerImpl (RaftServerImpl.java:setRole(170)) - s1@group-A1B89BB4020A: changes role from  FOLLOWER to CANDIDATE at term 6 for changeToCandidate
2019-09-24 16:44:31,161 INFO  impl.RoleInfo (RoleInfo.java:updateAndGet(143)) - s1: start LeaderElection
2019-09-24 16:44:31,167 INFO  impl.FollowerState (FollowerState.java:run(108)) - s2@group-A1B89BB4020A-FollowerState: change to CANDIDATE, lastRpcTime:216ms, electionTimeout:216ms
2019-09-24 16:44:31,167 INFO  impl.RoleInfo (RoleInfo.java:shutdownFollowerState(121)) - s2: shutdown FollowerState
2019-09-24 16:44:31,167 INFO  impl.RaftServerImpl (RaftServerImpl.java:setRole(170)) - s2@group-A1B89BB4020A: changes role from  FOLLOWER to CANDIDATE at term 6 for changeToCandidate
2019-09-24 16:44:31,167 INFO  impl.RoleInfo (RoleInfo.java:updateAndGet(143)) - s2: start LeaderElection
2019-09-24 16:44:31,184 INFO  impl.FollowerState (FollowerState.java:run(108)) - s0@group-A1B89BB4020A-FollowerState: change to CANDIDATE, lastRpcTime:236ms, electionTimeout:235ms
2019-09-24 16:44:31,185 INFO  impl.RoleInfo (RoleInfo.java:shutdownFollowerState(121)) - s0: shutdown FollowerState
2019-09-24 16:44:31,185 INFO  impl.RaftServerImpl (RaftServerImpl.java:setRole(170)) - s0@group-A1B89BB4020A: changes role from  FOLLOWER to CANDIDATE at term 6 for changeToCandidate
2019-09-24 16:44:31,185 INFO  impl.RoleInfo (RoleInfo.java:updateAndGet(143)) - s0: start LeaderElection
2019-09-24 16:44:31,225 INFO  impl.FollowerState (FollowerState.java:run(108)) - s4@group-A1B89BB4020A-FollowerState: change to CANDIDATE, lastRpcTime:277ms, electionTimeout:277ms
2019-09-24 16:44:31,225 INFO  impl.RoleInfo (RoleInfo.java:shutdownFollowerState(121)) - s4: shutdown FollowerState
2019-09-24 16:44:31,225 INFO  impl.RaftServerImpl (RaftServerImpl.java:setRole(170)) - s4@group-A1B89BB4020A: changes role from  FOLLOWER to CANDIDATE at term 6 for changeToCandidate
2019-09-24 16:44:31,225 INFO  impl.RoleInfo (RoleInfo.java:updateAndGet(143)) - s4: start LeaderElection
2019-09-24 16:44:31,469 WARN  ratis.RaftTestUtil (JavaUtils.java:attempt(158)) - FAILED "waitForLeader-null-(expectLeader? true)", attempt #58/100: java.lang.IllegalStateException: No leader yet : printing ALL groups
  s3:  RUNNING CANDIDATE s3@group-A1B89BB4020A:t7, leader=null, voted=s3, raftlog=s3@group-A1B89BB4020A-SegmentedRaftLog:OPENED:c-1,f-1,i0, conf=-1: [s3:0.0.0.0:34761, s4:0.0.0.0:42956, s0:0.0.0.0:35561, s1:0.0.0.0:38095, s2:0.0.0.0:39611], old=null RUNNING
  s4:  RUNNING CANDIDATE s4@group-A1B89BB4020A:t7, leader=null, voted=s4, raftlog=s4@group-A1B89BB4020A-SegmentedRaftLog:OPENED:c-1,f-1,i0, conf=-1: [s3:0.0.0.0:34761, s4:0.0.0.0:42956, s0:0.0.0.0:35561, s1:0.0.0.0:38095, s2:0.0.0.0:39611], old=null RUNNING
  s0:  RUNNING CANDIDATE s0@group-A1B89BB4020A:t7, leader=null, voted=s0, raftlog=s0@group-A1B89BB4020A-SegmentedRaftLog:OPENED:c-1,f-1,i0, conf=-1: [s3:0.0.0.0:34761, s4:0.0.0.0:42956, s0:0.0.0.0:35561, s1:0.0.0.0:38095, s2:0.0.0.0:39611], old=null RUNNING
  s1:  RUNNING CANDIDATE s1@group-A1B89BB4020A:t7, leader=null, voted=s1, raftlog=s1@group-A1B89BB4020A-SegmentedRaftLog:OPENED:c-1,f-1,i0, conf=-1: [s3:0.0.0.0:34761, s4:0.0.0.0:42956, s0:0.0.0.0:35561, s1:0.0.0.0:38095, s2:0.0.0.0:39611], old=null RUNNING
  s2:  RUNNING CANDIDATE s2@group-A1B89BB4020A:t7, leader=null, voted=s2, raftlog=s2@group-A1B89BB4020A-SegmentedRaftLog:OPENED:c-1,f-1,i0, conf=-1: [s3:0.0.0.0:34761, s4:0.0.0.0:42956, s0:0.0.0.0:35561, s1:0.0.0.0:38095, s2:0.0.0.0:39611], old=null RUNNING, sleep 450ms and then retry.
java.lang.IllegalStateException: No leader yet : printing ALL groups
  s3:  RUNNING CANDIDATE s3@group-A1B89BB4020A:t7, leader=null, voted=s3, raftlog=s3@group-A1B89BB4020A-SegmentedRaftLog:OPENED:c-1,f-1,i0, conf=-1: [s3:0.0.0.0:34761, s4:0.0.0.0:42956, s0:0.0.0.0:35561, s1:0.0.0.0:38095, s2:0.0.0.0:39611], old=null RUNNING
  s4:  RUNNING CANDIDATE s4@group-A1B89BB4020A:t7, leader=null, voted=s4, raftlog=s4@group-A1B89BB4020A-SegmentedRaftLog:OPENED:c-1,f-1,i0, conf=-1: [s3:0.0.0.0:34761, s4:0.0.0.0:42956, s0:0.0.0.0:35561, s1:0.0.0.0:38095, s2:0.0.0.0:39611], old=null RUNNING
  s0:  RUNNING CANDIDATE s0@group-A1B89BB4020A:t7, leader=null, voted=s0, raftlog=s0@group-A1B89BB4020A-SegmentedRaftLog:OPENED:c-1,f-1,i0, conf=-1: [s3:0.0.0.0:34761, s4:0.0.0.0:42956, s0:0.0.0.0:35561, s1:0.0.0.0:38095, s2:0.0.0.0:39611], old=null RUNNING
  s1:  RUNNING CANDIDATE s1@group-A1B89BB4020A:t7, leader=null, voted=s1, raftlog=s1@group-A1B89BB4020A-SegmentedRaftLog:OPENED:c-1,f-1,i0, conf=-1: [s3:0.0.0.0:34761, s4:0.0.0.0:42956, s0:0.0.0.0:35561, s1:0.0.0.0:38095, s2:0.0.0.0:39611], old=null RUNNING
  s2:  RUNNING CANDIDATE s2@group-A1B89BB4020A:t7, leader=null, voted=s2, raftlog=s2@group-A1B89BB4020A-SegmentedRaftLog:OPENED:c-1,f-1,i0, conf=-1: [s3:0.0.0.0:34761, s4:0.0.0.0:42956, s0:0.0.0.0:35561, s1:0.0.0.0:38095, s2:0.0.0.0:39611], old=null RUNNING
	at org.apache.ratis.MiniRaftCluster.newIllegalStateExceptionForNoLeaders(MiniRaftCluster.java:506)
	at org.apache.ratis.RaftTestUtil.lambda$waitForLeader$1(RaftTestUtil.java:90)
	at org.apache.ratis.MiniRaftCluster.getLeader(MiniRaftCluster.java:539)
	at org.apache.ratis.MiniRaftCluster.getLeader(MiniRaftCluster.java:532)
	at org.apache.ratis.RaftTestUtil.lambda$waitForLeader$3(RaftTestUtil.java:98)
	at org.apache.ratis.util.JavaUtils.attempt(JavaUtils.java:152)
	at org.apache.ratis.RaftTestUtil.waitForLeader(RaftTestUtil.java:97)
	at org.apache.ratis.RaftTestUtil.waitForLeader(RaftTestUtil.java:77)
	at org.apache.ratis.RaftTestUtil.waitForLeader(RaftTestUtil.java:72)
	at org.apache.ratis.RaftBasicTests.runTestOldLeaderNotCommit(RaftBasicTests.java:218)
	at org.apache.ratis.MiniRaftCluster$Factory$Get.runWithNewCluster(MiniRaftCluster.java:125)
	at org.apache.ratis.MiniRaftCluster$Factory$Get.runWithNewCluster(MiniRaftCluster.java:113)
	at org.apache.ratis.RaftBasicTests.testOldLeaderNotCommit(RaftBasicTests.java:214)
	at sun.reflect.NativeMethodAccessorImpl.invoke0(Native Method)
	at sun.reflect.NativeMethodAccessorImpl.invoke(NativeMethodAccessorImpl.java:62)
	at sun.reflect.DelegatingMethodAccessorImpl.invoke(DelegatingMethodAccessorImpl.java:43)
	at java.lang.reflect.Method.invoke(Method.java:498)
	at org.junit.runners.model.FrameworkMethod$1.runReflectiveCall(FrameworkMethod.java:50)
	at org.junit.internal.runners.model.ReflectiveCallable.run(ReflectiveCallable.java:12)
	at org.junit.runners.model.FrameworkMethod.invokeExplosively(FrameworkMethod.java:47)
	at org.junit.internal.runners.statements.InvokeMethod.evaluate(InvokeMethod.java:17)
	at org.junit.internal.runners.statements.RunAfters.evaluate(RunAfters.java:27)
	at org.junit.internal.runners.statements.FailOnTimeout$CallableStatement.call(FailOnTimeout.java:298)
	at org.junit.internal.runners.statements.FailOnTimeout$CallableStatement.call(FailOnTimeout.java:292)
	at java.util.concurrent.FutureTask.run(FutureTask.java:266)
	at java.lang.Thread.run(Thread.java:748)
2019-09-24 16:44:31,921 WARN  ratis.RaftTestUtil (JavaUtils.java:attempt(158)) - FAILED "waitForLeader-null-(expectLeader? true)", attempt #59/100: java.lang.IllegalStateException: No leader yet : printing ALL groups
  s3:  RUNNING CANDIDATE s3@group-A1B89BB4020A:t7, leader=null, voted=s3, raftlog=s3@group-A1B89BB4020A-SegmentedRaftLog:OPENED:c-1,f-1,i0, conf=-1: [s3:0.0.0.0:34761, s4:0.0.0.0:42956, s0:0.0.0.0:35561, s1:0.0.0.0:38095, s2:0.0.0.0:39611], old=null RUNNING
  s4:  RUNNING CANDIDATE s4@group-A1B89BB4020A:t7, leader=null, voted=s4, raftlog=s4@group-A1B89BB4020A-SegmentedRaftLog:OPENED:c-1,f-1,i0, conf=-1: [s3:0.0.0.0:34761, s4:0.0.0.0:42956, s0:0.0.0.0:35561, s1:0.0.0.0:38095, s2:0.0.0.0:39611], old=null RUNNING
  s0:  RUNNING CANDIDATE s0@group-A1B89BB4020A:t7, leader=null, voted=s0, raftlog=s0@group-A1B89BB4020A-SegmentedRaftLog:OPENED:c-1,f-1,i0, conf=-1: [s3:0.0.0.0:34761, s4:0.0.0.0:42956, s0:0.0.0.0:35561, s1:0.0.0.0:38095, s2:0.0.0.0:39611], old=null RUNNING
  s1:  RUNNING CANDIDATE s1@group-A1B89BB4020A:t7, leader=null, voted=s1, raftlog=s1@group-A1B89BB4020A-SegmentedRaftLog:OPENED:c-1,f-1,i0, conf=-1: [s3:0.0.0.0:34761, s4:0.0.0.0:42956, s0:0.0.0.0:35561, s1:0.0.0.0:38095, s2:0.0.0.0:39611], old=null RUNNING
  s2:  RUNNING CANDIDATE s2@group-A1B89BB4020A:t7, leader=null, voted=s2, raftlog=s2@group-A1B89BB4020A-SegmentedRaftLog:OPENED:c-1,f-1,i0, conf=-1: [s3:0.0.0.0:34761, s4:0.0.0.0:42956, s0:0.0.0.0:35561, s1:0.0.0.0:38095, s2:0.0.0.0:39611], old=null RUNNING, sleep 450ms and then retry.
java.lang.IllegalStateException: No leader yet : printing ALL groups
  s3:  RUNNING CANDIDATE s3@group-A1B89BB4020A:t7, leader=null, voted=s3, raftlog=s3@group-A1B89BB4020A-SegmentedRaftLog:OPENED:c-1,f-1,i0, conf=-1: [s3:0.0.0.0:34761, s4:0.0.0.0:42956, s0:0.0.0.0:35561, s1:0.0.0.0:38095, s2:0.0.0.0:39611], old=null RUNNING
  s4:  RUNNING CANDIDATE s4@group-A1B89BB4020A:t7, leader=null, voted=s4, raftlog=s4@group-A1B89BB4020A-SegmentedRaftLog:OPENED:c-1,f-1,i0, conf=-1: [s3:0.0.0.0:34761, s4:0.0.0.0:42956, s0:0.0.0.0:35561, s1:0.0.0.0:38095, s2:0.0.0.0:39611], old=null RUNNING
  s0:  RUNNING CANDIDATE s0@group-A1B89BB4020A:t7, leader=null, voted=s0, raftlog=s0@group-A1B89BB4020A-SegmentedRaftLog:OPENED:c-1,f-1,i0, conf=-1: [s3:0.0.0.0:34761, s4:0.0.0.0:42956, s0:0.0.0.0:35561, s1:0.0.0.0:38095, s2:0.0.0.0:39611], old=null RUNNING
  s1:  RUNNING CANDIDATE s1@group-A1B89BB4020A:t7, leader=null, voted=s1, raftlog=s1@group-A1B89BB4020A-SegmentedRaftLog:OPENED:c-1,f-1,i0, conf=-1: [s3:0.0.0.0:34761, s4:0.0.0.0:42956, s0:0.0.0.0:35561, s1:0.0.0.0:38095, s2:0.0.0.0:39611], old=null RUNNING
  s2:  RUNNING CANDIDATE s2@group-A1B89BB4020A:t7, leader=null, voted=s2, raftlog=s2@group-A1B89BB4020A-SegmentedRaftLog:OPENED:c-1,f-1,i0, conf=-1: [s3:0.0.0.0:34761, s4:0.0.0.0:42956, s0:0.0.0.0:35561, s1:0.0.0.0:38095, s2:0.0.0.0:39611], old=null RUNNING
	at org.apache.ratis.MiniRaftCluster.newIllegalStateExceptionForNoLeaders(MiniRaftCluster.java:506)
	at org.apache.ratis.RaftTestUtil.lambda$waitForLeader$1(RaftTestUtil.java:90)
	at org.apache.ratis.MiniRaftCluster.getLeader(MiniRaftCluster.java:539)
	at org.apache.ratis.MiniRaftCluster.getLeader(MiniRaftCluster.java:532)
	at org.apache.ratis.RaftTestUtil.lambda$waitForLeader$3(RaftTestUtil.java:98)
	at org.apache.ratis.util.JavaUtils.attempt(JavaUtils.java:152)
	at org.apache.ratis.RaftTestUtil.waitForLeader(RaftTestUtil.java:97)
	at org.apache.ratis.RaftTestUtil.waitForLeader(RaftTestUtil.java:77)
	at org.apache.ratis.RaftTestUtil.waitForLeader(RaftTestUtil.java:72)
	at org.apache.ratis.RaftBasicTests.runTestOldLeaderNotCommit(RaftBasicTests.java:218)
	at org.apache.ratis.MiniRaftCluster$Factory$Get.runWithNewCluster(MiniRaftCluster.java:125)
	at org.apache.ratis.MiniRaftCluster$Factory$Get.runWithNewCluster(MiniRaftCluster.java:113)
	at org.apache.ratis.RaftBasicTests.testOldLeaderNotCommit(RaftBasicTests.java:214)
	at sun.reflect.NativeMethodAccessorImpl.invoke0(Native Method)
	at sun.reflect.NativeMethodAccessorImpl.invoke(NativeMethodAccessorImpl.java:62)
	at sun.reflect.DelegatingMethodAccessorImpl.invoke(DelegatingMethodAccessorImpl.java:43)
	at java.lang.reflect.Method.invoke(Method.java:498)
	at org.junit.runners.model.FrameworkMethod$1.runReflectiveCall(FrameworkMethod.java:50)
	at org.junit.internal.runners.model.ReflectiveCallable.run(ReflectiveCallable.java:12)
	at org.junit.runners.model.FrameworkMethod.invokeExplosively(FrameworkMethod.java:47)
	at org.junit.internal.runners.statements.InvokeMethod.evaluate(InvokeMethod.java:17)
	at org.junit.internal.runners.statements.RunAfters.evaluate(RunAfters.java:27)
	at org.junit.internal.runners.statements.FailOnTimeout$CallableStatement.call(FailOnTimeout.java:298)
	at org.junit.internal.runners.statements.FailOnTimeout$CallableStatement.call(FailOnTimeout.java:292)
	at java.util.concurrent.FutureTask.run(FutureTask.java:266)
	at java.lang.Thread.run(Thread.java:748)
2019-09-24 16:44:32,372 WARN  ratis.RaftTestUtil (JavaUtils.java:attempt(158)) - FAILED "waitForLeader-null-(expectLeader? true)", attempt #60/100: java.lang.IllegalStateException: No leader yet : printing ALL groups
  s3:  RUNNING CANDIDATE s3@group-A1B89BB4020A:t7, leader=null, voted=s3, raftlog=s3@group-A1B89BB4020A-SegmentedRaftLog:OPENED:c-1,f-1,i0, conf=-1: [s3:0.0.0.0:34761, s4:0.0.0.0:42956, s0:0.0.0.0:35561, s1:0.0.0.0:38095, s2:0.0.0.0:39611], old=null RUNNING
  s4:  RUNNING CANDIDATE s4@group-A1B89BB4020A:t7, leader=null, voted=s4, raftlog=s4@group-A1B89BB4020A-SegmentedRaftLog:OPENED:c-1,f-1,i0, conf=-1: [s3:0.0.0.0:34761, s4:0.0.0.0:42956, s0:0.0.0.0:35561, s1:0.0.0.0:38095, s2:0.0.0.0:39611], old=null RUNNING
  s0:  RUNNING CANDIDATE s0@group-A1B89BB4020A:t7, leader=null, voted=s0, raftlog=s0@group-A1B89BB4020A-SegmentedRaftLog:OPENED:c-1,f-1,i0, conf=-1: [s3:0.0.0.0:34761, s4:0.0.0.0:42956, s0:0.0.0.0:35561, s1:0.0.0.0:38095, s2:0.0.0.0:39611], old=null RUNNING
  s1:  RUNNING CANDIDATE s1@group-A1B89BB4020A:t7, leader=null, voted=s1, raftlog=s1@group-A1B89BB4020A-SegmentedRaftLog:OPENED:c-1,f-1,i0, conf=-1: [s3:0.0.0.0:34761, s4:0.0.0.0:42956, s0:0.0.0.0:35561, s1:0.0.0.0:38095, s2:0.0.0.0:39611], old=null RUNNING
  s2:  RUNNING CANDIDATE s2@group-A1B89BB4020A:t7, leader=null, voted=s2, raftlog=s2@group-A1B89BB4020A-SegmentedRaftLog:OPENED:c-1,f-1,i0, conf=-1: [s3:0.0.0.0:34761, s4:0.0.0.0:42956, s0:0.0.0.0:35561, s1:0.0.0.0:38095, s2:0.0.0.0:39611], old=null RUNNING, sleep 450ms and then retry.
java.lang.IllegalStateException: No leader yet : printing ALL groups
  s3:  RUNNING CANDIDATE s3@group-A1B89BB4020A:t7, leader=null, voted=s3, raftlog=s3@group-A1B89BB4020A-SegmentedRaftLog:OPENED:c-1,f-1,i0, conf=-1: [s3:0.0.0.0:34761, s4:0.0.0.0:42956, s0:0.0.0.0:35561, s1:0.0.0.0:38095, s2:0.0.0.0:39611], old=null RUNNING
  s4:  RUNNING CANDIDATE s4@group-A1B89BB4020A:t7, leader=null, voted=s4, raftlog=s4@group-A1B89BB4020A-SegmentedRaftLog:OPENED:c-1,f-1,i0, conf=-1: [s3:0.0.0.0:34761, s4:0.0.0.0:42956, s0:0.0.0.0:35561, s1:0.0.0.0:38095, s2:0.0.0.0:39611], old=null RUNNING
  s0:  RUNNING CANDIDATE s0@group-A1B89BB4020A:t7, leader=null, voted=s0, raftlog=s0@group-A1B89BB4020A-SegmentedRaftLog:OPENED:c-1,f-1,i0, conf=-1: [s3:0.0.0.0:34761, s4:0.0.0.0:42956, s0:0.0.0.0:35561, s1:0.0.0.0:38095, s2:0.0.0.0:39611], old=null RUNNING
  s1:  RUNNING CANDIDATE s1@group-A1B89BB4020A:t7, leader=null, voted=s1, raftlog=s1@group-A1B89BB4020A-SegmentedRaftLog:OPENED:c-1,f-1,i0, conf=-1: [s3:0.0.0.0:34761, s4:0.0.0.0:42956, s0:0.0.0.0:35561, s1:0.0.0.0:38095, s2:0.0.0.0:39611], old=null RUNNING
  s2:  RUNNING CANDIDATE s2@group-A1B89BB4020A:t7, leader=null, voted=s2, raftlog=s2@group-A1B89BB4020A-SegmentedRaftLog:OPENED:c-1,f-1,i0, conf=-1: [s3:0.0.0.0:34761, s4:0.0.0.0:42956, s0:0.0.0.0:35561, s1:0.0.0.0:38095, s2:0.0.0.0:39611], old=null RUNNING
	at org.apache.ratis.MiniRaftCluster.newIllegalStateExceptionForNoLeaders(MiniRaftCluster.java:506)
	at org.apache.ratis.RaftTestUtil.lambda$waitForLeader$1(RaftTestUtil.java:90)
	at org.apache.ratis.MiniRaftCluster.getLeader(MiniRaftCluster.java:539)
	at org.apache.ratis.MiniRaftCluster.getLeader(MiniRaftCluster.java:532)
	at org.apache.ratis.RaftTestUtil.lambda$waitForLeader$3(RaftTestUtil.java:98)
	at org.apache.ratis.util.JavaUtils.attempt(JavaUtils.java:152)
	at org.apache.ratis.RaftTestUtil.waitForLeader(RaftTestUtil.java:97)
	at org.apache.ratis.RaftTestUtil.waitForLeader(RaftTestUtil.java:77)
	at org.apache.ratis.RaftTestUtil.waitForLeader(RaftTestUtil.java:72)
	at org.apache.ratis.RaftBasicTests.runTestOldLeaderNotCommit(RaftBasicTests.java:218)
	at org.apache.ratis.MiniRaftCluster$Factory$Get.runWithNewCluster(MiniRaftCluster.java:125)
	at org.apache.ratis.MiniRaftCluster$Factory$Get.runWithNewCluster(MiniRaftCluster.java:113)
	at org.apache.ratis.RaftBasicTests.testOldLeaderNotCommit(RaftBasicTests.java:214)
	at sun.reflect.NativeMethodAccessorImpl.invoke0(Native Method)
	at sun.reflect.NativeMethodAccessorImpl.invoke(NativeMethodAccessorImpl.java:62)
	at sun.reflect.DelegatingMethodAccessorImpl.invoke(DelegatingMethodAccessorImpl.java:43)
	at java.lang.reflect.Method.invoke(Method.java:498)
	at org.junit.runners.model.FrameworkMethod$1.runReflectiveCall(FrameworkMethod.java:50)
	at org.junit.internal.runners.model.ReflectiveCallable.run(ReflectiveCallable.java:12)
	at org.junit.runners.model.FrameworkMethod.invokeExplosively(FrameworkMethod.java:47)
	at org.junit.internal.runners.statements.InvokeMethod.evaluate(InvokeMethod.java:17)
	at org.junit.internal.runners.statements.RunAfters.evaluate(RunAfters.java:27)
	at org.junit.internal.runners.statements.FailOnTimeout$CallableStatement.call(FailOnTimeout.java:298)
	at org.junit.internal.runners.statements.FailOnTimeout$CallableStatement.call(FailOnTimeout.java:292)
	at java.util.concurrent.FutureTask.run(FutureTask.java:266)
	at java.lang.Thread.run(Thread.java:748)
2019-09-24 16:44:32,824 WARN  ratis.RaftTestUtil (JavaUtils.java:attempt(158)) - FAILED "waitForLeader-null-(expectLeader? true)", attempt #61/100: java.lang.IllegalStateException: No leader yet : printing ALL groups
  s3:  RUNNING CANDIDATE s3@group-A1B89BB4020A:t7, leader=null, voted=s3, raftlog=s3@group-A1B89BB4020A-SegmentedRaftLog:OPENED:c-1,f-1,i0, conf=-1: [s3:0.0.0.0:34761, s4:0.0.0.0:42956, s0:0.0.0.0:35561, s1:0.0.0.0:38095, s2:0.0.0.0:39611], old=null RUNNING
  s4:  RUNNING CANDIDATE s4@group-A1B89BB4020A:t7, leader=null, voted=s4, raftlog=s4@group-A1B89BB4020A-SegmentedRaftLog:OPENED:c-1,f-1,i0, conf=-1: [s3:0.0.0.0:34761, s4:0.0.0.0:42956, s0:0.0.0.0:35561, s1:0.0.0.0:38095, s2:0.0.0.0:39611], old=null RUNNING
  s0:  RUNNING CANDIDATE s0@group-A1B89BB4020A:t7, leader=null, voted=s0, raftlog=s0@group-A1B89BB4020A-SegmentedRaftLog:OPENED:c-1,f-1,i0, conf=-1: [s3:0.0.0.0:34761, s4:0.0.0.0:42956, s0:0.0.0.0:35561, s1:0.0.0.0:38095, s2:0.0.0.0:39611], old=null RUNNING
  s1:  RUNNING CANDIDATE s1@group-A1B89BB4020A:t7, leader=null, voted=s1, raftlog=s1@group-A1B89BB4020A-SegmentedRaftLog:OPENED:c-1,f-1,i0, conf=-1: [s3:0.0.0.0:34761, s4:0.0.0.0:42956, s0:0.0.0.0:35561, s1:0.0.0.0:38095, s2:0.0.0.0:39611], old=null RUNNING
  s2:  RUNNING CANDIDATE s2@group-A1B89BB4020A:t7, leader=null, voted=s2, raftlog=s2@group-A1B89BB4020A-SegmentedRaftLog:OPENED:c-1,f-1,i0, conf=-1: [s3:0.0.0.0:34761, s4:0.0.0.0:42956, s0:0.0.0.0:35561, s1:0.0.0.0:38095, s2:0.0.0.0:39611], old=null RUNNING, sleep 450ms and then retry.
java.lang.IllegalStateException: No leader yet : printing ALL groups
  s3:  RUNNING CANDIDATE s3@group-A1B89BB4020A:t7, leader=null, voted=s3, raftlog=s3@group-A1B89BB4020A-SegmentedRaftLog:OPENED:c-1,f-1,i0, conf=-1: [s3:0.0.0.0:34761, s4:0.0.0.0:42956, s0:0.0.0.0:35561, s1:0.0.0.0:38095, s2:0.0.0.0:39611], old=null RUNNING
  s4:  RUNNING CANDIDATE s4@group-A1B89BB4020A:t7, leader=null, voted=s4, raftlog=s4@group-A1B89BB4020A-SegmentedRaftLog:OPENED:c-1,f-1,i0, conf=-1: [s3:0.0.0.0:34761, s4:0.0.0.0:42956, s0:0.0.0.0:35561, s1:0.0.0.0:38095, s2:0.0.0.0:39611], old=null RUNNING
  s0:  RUNNING CANDIDATE s0@group-A1B89BB4020A:t7, leader=null, voted=s0, raftlog=s0@group-A1B89BB4020A-SegmentedRaftLog:OPENED:c-1,f-1,i0, conf=-1: [s3:0.0.0.0:34761, s4:0.0.0.0:42956, s0:0.0.0.0:35561, s1:0.0.0.0:38095, s2:0.0.0.0:39611], old=null RUNNING
  s1:  RUNNING CANDIDATE s1@group-A1B89BB4020A:t7, leader=null, voted=s1, raftlog=s1@group-A1B89BB4020A-SegmentedRaftLog:OPENED:c-1,f-1,i0, conf=-1: [s3:0.0.0.0:34761, s4:0.0.0.0:42956, s0:0.0.0.0:35561, s1:0.0.0.0:38095, s2:0.0.0.0:39611], old=null RUNNING
  s2:  RUNNING CANDIDATE s2@group-A1B89BB4020A:t7, leader=null, voted=s2, raftlog=s2@group-A1B89BB4020A-SegmentedRaftLog:OPENED:c-1,f-1,i0, conf=-1: [s3:0.0.0.0:34761, s4:0.0.0.0:42956, s0:0.0.0.0:35561, s1:0.0.0.0:38095, s2:0.0.0.0:39611], old=null RUNNING
	at org.apache.ratis.MiniRaftCluster.newIllegalStateExceptionForNoLeaders(MiniRaftCluster.java:506)
	at org.apache.ratis.RaftTestUtil.lambda$waitForLeader$1(RaftTestUtil.java:90)
	at org.apache.ratis.MiniRaftCluster.getLeader(MiniRaftCluster.java:539)
	at org.apache.ratis.MiniRaftCluster.getLeader(MiniRaftCluster.java:532)
	at org.apache.ratis.RaftTestUtil.lambda$waitForLeader$3(RaftTestUtil.java:98)
	at org.apache.ratis.util.JavaUtils.attempt(JavaUtils.java:152)
	at org.apache.ratis.RaftTestUtil.waitForLeader(RaftTestUtil.java:97)
	at org.apache.ratis.RaftTestUtil.waitForLeader(RaftTestUtil.java:77)
	at org.apache.ratis.RaftTestUtil.waitForLeader(RaftTestUtil.java:72)
	at org.apache.ratis.RaftBasicTests.runTestOldLeaderNotCommit(RaftBasicTests.java:218)
	at org.apache.ratis.MiniRaftCluster$Factory$Get.runWithNewCluster(MiniRaftCluster.java:125)
	at org.apache.ratis.MiniRaftCluster$Factory$Get.runWithNewCluster(MiniRaftCluster.java:113)
	at org.apache.ratis.RaftBasicTests.testOldLeaderNotCommit(RaftBasicTests.java:214)
	at sun.reflect.NativeMethodAccessorImpl.invoke0(Native Method)
	at sun.reflect.NativeMethodAccessorImpl.invoke(NativeMethodAccessorImpl.java:62)
	at sun.reflect.DelegatingMethodAccessorImpl.invoke(DelegatingMethodAccessorImpl.java:43)
	at java.lang.reflect.Method.invoke(Method.java:498)
	at org.junit.runners.model.FrameworkMethod$1.runReflectiveCall(FrameworkMethod.java:50)
	at org.junit.internal.runners.model.ReflectiveCallable.run(ReflectiveCallable.java:12)
	at org.junit.runners.model.FrameworkMethod.invokeExplosively(FrameworkMethod.java:47)
	at org.junit.internal.runners.statements.InvokeMethod.evaluate(InvokeMethod.java:17)
	at org.junit.internal.runners.statements.RunAfters.evaluate(RunAfters.java:27)
	at org.junit.internal.runners.statements.FailOnTimeout$CallableStatement.call(FailOnTimeout.java:298)
	at org.junit.internal.runners.statements.FailOnTimeout$CallableStatement.call(FailOnTimeout.java:292)
	at java.util.concurrent.FutureTask.run(FutureTask.java:266)
	at java.lang.Thread.run(Thread.java:748)
2019-09-24 16:44:33,275 WARN  ratis.RaftTestUtil (JavaUtils.java:attempt(158)) - FAILED "waitForLeader-null-(expectLeader? true)", attempt #62/100: java.lang.IllegalStateException: No leader yet : printing ALL groups
  s3:  RUNNING CANDIDATE s3@group-A1B89BB4020A:t7, leader=null, voted=s3, raftlog=s3@group-A1B89BB4020A-SegmentedRaftLog:OPENED:c-1,f-1,i0, conf=-1: [s3:0.0.0.0:34761, s4:0.0.0.0:42956, s0:0.0.0.0:35561, s1:0.0.0.0:38095, s2:0.0.0.0:39611], old=null RUNNING
  s4:  RUNNING CANDIDATE s4@group-A1B89BB4020A:t7, leader=null, voted=s4, raftlog=s4@group-A1B89BB4020A-SegmentedRaftLog:OPENED:c-1,f-1,i0, conf=-1: [s3:0.0.0.0:34761, s4:0.0.0.0:42956, s0:0.0.0.0:35561, s1:0.0.0.0:38095, s2:0.0.0.0:39611], old=null RUNNING
  s0:  RUNNING CANDIDATE s0@group-A1B89BB4020A:t7, leader=null, voted=s0, raftlog=s0@group-A1B89BB4020A-SegmentedRaftLog:OPENED:c-1,f-1,i0, conf=-1: [s3:0.0.0.0:34761, s4:0.0.0.0:42956, s0:0.0.0.0:35561, s1:0.0.0.0:38095, s2:0.0.0.0:39611], old=null RUNNING
  s1:  RUNNING CANDIDATE s1@group-A1B89BB4020A:t7, leader=null, voted=s1, raftlog=s1@group-A1B89BB4020A-SegmentedRaftLog:OPENED:c-1,f-1,i0, conf=-1: [s3:0.0.0.0:34761, s4:0.0.0.0:42956, s0:0.0.0.0:35561, s1:0.0.0.0:38095, s2:0.0.0.0:39611], old=null RUNNING
  s2:  RUNNING CANDIDATE s2@group-A1B89BB4020A:t7, leader=null, voted=s2, raftlog=s2@group-A1B89BB4020A-SegmentedRaftLog:OPENED:c-1,f-1,i0, conf=-1: [s3:0.0.0.0:34761, s4:0.0.0.0:42956, s0:0.0.0.0:35561, s1:0.0.0.0:38095, s2:0.0.0.0:39611], old=null RUNNING, sleep 450ms and then retry.
java.lang.IllegalStateException: No leader yet : printing ALL groups
  s3:  RUNNING CANDIDATE s3@group-A1B89BB4020A:t7, leader=null, voted=s3, raftlog=s3@group-A1B89BB4020A-SegmentedRaftLog:OPENED:c-1,f-1,i0, conf=-1: [s3:0.0.0.0:34761, s4:0.0.0.0:42956, s0:0.0.0.0:35561, s1:0.0.0.0:38095, s2:0.0.0.0:39611], old=null RUNNING
  s4:  RUNNING CANDIDATE s4@group-A1B89BB4020A:t7, leader=null, voted=s4, raftlog=s4@group-A1B89BB4020A-SegmentedRaftLog:OPENED:c-1,f-1,i0, conf=-1: [s3:0.0.0.0:34761, s4:0.0.0.0:42956, s0:0.0.0.0:35561, s1:0.0.0.0:38095, s2:0.0.0.0:39611], old=null RUNNING
  s0:  RUNNING CANDIDATE s0@group-A1B89BB4020A:t7, leader=null, voted=s0, raftlog=s0@group-A1B89BB4020A-SegmentedRaftLog:OPENED:c-1,f-1,i0, conf=-1: [s3:0.0.0.0:34761, s4:0.0.0.0:42956, s0:0.0.0.0:35561, s1:0.0.0.0:38095, s2:0.0.0.0:39611], old=null RUNNING
  s1:  RUNNING CANDIDATE s1@group-A1B89BB4020A:t7, leader=null, voted=s1, raftlog=s1@group-A1B89BB4020A-SegmentedRaftLog:OPENED:c-1,f-1,i0, conf=-1: [s3:0.0.0.0:34761, s4:0.0.0.0:42956, s0:0.0.0.0:35561, s1:0.0.0.0:38095, s2:0.0.0.0:39611], old=null RUNNING
  s2:  RUNNING CANDIDATE s2@group-A1B89BB4020A:t7, leader=null, voted=s2, raftlog=s2@group-A1B89BB4020A-SegmentedRaftLog:OPENED:c-1,f-1,i0, conf=-1: [s3:0.0.0.0:34761, s4:0.0.0.0:42956, s0:0.0.0.0:35561, s1:0.0.0.0:38095, s2:0.0.0.0:39611], old=null RUNNING
	at org.apache.ratis.MiniRaftCluster.newIllegalStateExceptionForNoLeaders(MiniRaftCluster.java:506)
	at org.apache.ratis.RaftTestUtil.lambda$waitForLeader$1(RaftTestUtil.java:90)
	at org.apache.ratis.MiniRaftCluster.getLeader(MiniRaftCluster.java:539)
	at org.apache.ratis.MiniRaftCluster.getLeader(MiniRaftCluster.java:532)
	at org.apache.ratis.RaftTestUtil.lambda$waitForLeader$3(RaftTestUtil.java:98)
	at org.apache.ratis.util.JavaUtils.attempt(JavaUtils.java:152)
	at org.apache.ratis.RaftTestUtil.waitForLeader(RaftTestUtil.java:97)
	at org.apache.ratis.RaftTestUtil.waitForLeader(RaftTestUtil.java:77)
	at org.apache.ratis.RaftTestUtil.waitForLeader(RaftTestUtil.java:72)
	at org.apache.ratis.RaftBasicTests.runTestOldLeaderNotCommit(RaftBasicTests.java:218)
	at org.apache.ratis.MiniRaftCluster$Factory$Get.runWithNewCluster(MiniRaftCluster.java:125)
	at org.apache.ratis.MiniRaftCluster$Factory$Get.runWithNewCluster(MiniRaftCluster.java:113)
	at org.apache.ratis.RaftBasicTests.testOldLeaderNotCommit(RaftBasicTests.java:214)
	at sun.reflect.NativeMethodAccessorImpl.invoke0(Native Method)
	at sun.reflect.NativeMethodAccessorImpl.invoke(NativeMethodAccessorImpl.java:62)
	at sun.reflect.DelegatingMethodAccessorImpl.invoke(DelegatingMethodAccessorImpl.java:43)
	at java.lang.reflect.Method.invoke(Method.java:498)
	at org.junit.runners.model.FrameworkMethod$1.runReflectiveCall(FrameworkMethod.java:50)
	at org.junit.internal.runners.model.ReflectiveCallable.run(ReflectiveCallable.java:12)
	at org.junit.runners.model.FrameworkMethod.invokeExplosively(FrameworkMethod.java:47)
	at org.junit.internal.runners.statements.InvokeMethod.evaluate(InvokeMethod.java:17)
	at org.junit.internal.runners.statements.RunAfters.evaluate(RunAfters.java:27)
	at org.junit.internal.runners.statements.FailOnTimeout$CallableStatement.call(FailOnTimeout.java:298)
	at org.junit.internal.runners.statements.FailOnTimeout$CallableStatement.call(FailOnTimeout.java:292)
	at java.util.concurrent.FutureTask.run(FutureTask.java:266)
	at java.lang.Thread.run(Thread.java:748)
2019-09-24 16:44:33,726 WARN  ratis.RaftTestUtil (JavaUtils.java:attempt(158)) - FAILED "waitForLeader-null-(expectLeader? true)", attempt #63/100: java.lang.IllegalStateException: No leader yet : printing ALL groups
  s3:  RUNNING CANDIDATE s3@group-A1B89BB4020A:t7, leader=null, voted=s3, raftlog=s3@group-A1B89BB4020A-SegmentedRaftLog:OPENED:c-1,f-1,i0, conf=-1: [s3:0.0.0.0:34761, s4:0.0.0.0:42956, s0:0.0.0.0:35561, s1:0.0.0.0:38095, s2:0.0.0.0:39611], old=null RUNNING
  s4:  RUNNING CANDIDATE s4@group-A1B89BB4020A:t7, leader=null, voted=s4, raftlog=s4@group-A1B89BB4020A-SegmentedRaftLog:OPENED:c-1,f-1,i0, conf=-1: [s3:0.0.0.0:34761, s4:0.0.0.0:42956, s0:0.0.0.0:35561, s1:0.0.0.0:38095, s2:0.0.0.0:39611], old=null RUNNING
  s0:  RUNNING CANDIDATE s0@group-A1B89BB4020A:t7, leader=null, voted=s0, raftlog=s0@group-A1B89BB4020A-SegmentedRaftLog:OPENED:c-1,f-1,i0, conf=-1: [s3:0.0.0.0:34761, s4:0.0.0.0:42956, s0:0.0.0.0:35561, s1:0.0.0.0:38095, s2:0.0.0.0:39611], old=null RUNNING
  s1:  RUNNING CANDIDATE s1@group-A1B89BB4020A:t7, leader=null, voted=s1, raftlog=s1@group-A1B89BB4020A-SegmentedRaftLog:OPENED:c-1,f-1,i0, conf=-1: [s3:0.0.0.0:34761, s4:0.0.0.0:42956, s0:0.0.0.0:35561, s1:0.0.0.0:38095, s2:0.0.0.0:39611], old=null RUNNING
  s2:  RUNNING CANDIDATE s2@group-A1B89BB4020A:t7, leader=null, voted=s2, raftlog=s2@group-A1B89BB4020A-SegmentedRaftLog:OPENED:c-1,f-1,i0, conf=-1: [s3:0.0.0.0:34761, s4:0.0.0.0:42956, s0:0.0.0.0:35561, s1:0.0.0.0:38095, s2:0.0.0.0:39611], old=null RUNNING, sleep 450ms and then retry.
java.lang.IllegalStateException: No leader yet : printing ALL groups
  s3:  RUNNING CANDIDATE s3@group-A1B89BB4020A:t7, leader=null, voted=s3, raftlog=s3@group-A1B89BB4020A-SegmentedRaftLog:OPENED:c-1,f-1,i0, conf=-1: [s3:0.0.0.0:34761, s4:0.0.0.0:42956, s0:0.0.0.0:35561, s1:0.0.0.0:38095, s2:0.0.0.0:39611], old=null RUNNING
  s4:  RUNNING CANDIDATE s4@group-A1B89BB4020A:t7, leader=null, voted=s4, raftlog=s4@group-A1B89BB4020A-SegmentedRaftLog:OPENED:c-1,f-1,i0, conf=-1: [s3:0.0.0.0:34761, s4:0.0.0.0:42956, s0:0.0.0.0:35561, s1:0.0.0.0:38095, s2:0.0.0.0:39611], old=null RUNNING
  s0:  RUNNING CANDIDATE s0@group-A1B89BB4020A:t7, leader=null, voted=s0, raftlog=s0@group-A1B89BB4020A-SegmentedRaftLog:OPENED:c-1,f-1,i0, conf=-1: [s3:0.0.0.0:34761, s4:0.0.0.0:42956, s0:0.0.0.0:35561, s1:0.0.0.0:38095, s2:0.0.0.0:39611], old=null RUNNING
  s1:  RUNNING CANDIDATE s1@group-A1B89BB4020A:t7, leader=null, voted=s1, raftlog=s1@group-A1B89BB4020A-SegmentedRaftLog:OPENED:c-1,f-1,i0, conf=-1: [s3:0.0.0.0:34761, s4:0.0.0.0:42956, s0:0.0.0.0:35561, s1:0.0.0.0:38095, s2:0.0.0.0:39611], old=null RUNNING
  s2:  RUNNING CANDIDATE s2@group-A1B89BB4020A:t7, leader=null, voted=s2, raftlog=s2@group-A1B89BB4020A-SegmentedRaftLog:OPENED:c-1,f-1,i0, conf=-1: [s3:0.0.0.0:34761, s4:0.0.0.0:42956, s0:0.0.0.0:35561, s1:0.0.0.0:38095, s2:0.0.0.0:39611], old=null RUNNING
	at org.apache.ratis.MiniRaftCluster.newIllegalStateExceptionForNoLeaders(MiniRaftCluster.java:506)
	at org.apache.ratis.RaftTestUtil.lambda$waitForLeader$1(RaftTestUtil.java:90)
	at org.apache.ratis.MiniRaftCluster.getLeader(MiniRaftCluster.java:539)
	at org.apache.ratis.MiniRaftCluster.getLeader(MiniRaftCluster.java:532)
	at org.apache.ratis.RaftTestUtil.lambda$waitForLeader$3(RaftTestUtil.java:98)
	at org.apache.ratis.util.JavaUtils.attempt(JavaUtils.java:152)
	at org.apache.ratis.RaftTestUtil.waitForLeader(RaftTestUtil.java:97)
	at org.apache.ratis.RaftTestUtil.waitForLeader(RaftTestUtil.java:77)
	at org.apache.ratis.RaftTestUtil.waitForLeader(RaftTestUtil.java:72)
	at org.apache.ratis.RaftBasicTests.runTestOldLeaderNotCommit(RaftBasicTests.java:218)
	at org.apache.ratis.MiniRaftCluster$Factory$Get.runWithNewCluster(MiniRaftCluster.java:125)
	at org.apache.ratis.MiniRaftCluster$Factory$Get.runWithNewCluster(MiniRaftCluster.java:113)
	at org.apache.ratis.RaftBasicTests.testOldLeaderNotCommit(RaftBasicTests.java:214)
	at sun.reflect.NativeMethodAccessorImpl.invoke0(Native Method)
	at sun.reflect.NativeMethodAccessorImpl.invoke(NativeMethodAccessorImpl.java:62)
	at sun.reflect.DelegatingMethodAccessorImpl.invoke(DelegatingMethodAccessorImpl.java:43)
	at java.lang.reflect.Method.invoke(Method.java:498)
	at org.junit.runners.model.FrameworkMethod$1.runReflectiveCall(FrameworkMethod.java:50)
	at org.junit.internal.runners.model.ReflectiveCallable.run(ReflectiveCallable.java:12)
	at org.junit.runners.model.FrameworkMethod.invokeExplosively(FrameworkMethod.java:47)
	at org.junit.internal.runners.statements.InvokeMethod.evaluate(InvokeMethod.java:17)
	at org.junit.internal.runners.statements.RunAfters.evaluate(RunAfters.java:27)
	at org.junit.internal.runners.statements.FailOnTimeout$CallableStatement.call(FailOnTimeout.java:298)
	at org.junit.internal.runners.statements.FailOnTimeout$CallableStatement.call(FailOnTimeout.java:292)
	at java.util.concurrent.FutureTask.run(FutureTask.java:266)
	at java.lang.Thread.run(Thread.java:748)
2019-09-24 16:44:34,178 WARN  ratis.RaftTestUtil (JavaUtils.java:attempt(158)) - FAILED "waitForLeader-null-(expectLeader? true)", attempt #64/100: java.lang.IllegalStateException: No leader yet : printing ALL groups
  s3:  RUNNING CANDIDATE s3@group-A1B89BB4020A:t7, leader=null, voted=s3, raftlog=s3@group-A1B89BB4020A-SegmentedRaftLog:OPENED:c-1,f-1,i0, conf=-1: [s3:0.0.0.0:34761, s4:0.0.0.0:42956, s0:0.0.0.0:35561, s1:0.0.0.0:38095, s2:0.0.0.0:39611], old=null RUNNING
  s4:  RUNNING CANDIDATE s4@group-A1B89BB4020A:t7, leader=null, voted=s4, raftlog=s4@group-A1B89BB4020A-SegmentedRaftLog:OPENED:c-1,f-1,i0, conf=-1: [s3:0.0.0.0:34761, s4:0.0.0.0:42956, s0:0.0.0.0:35561, s1:0.0.0.0:38095, s2:0.0.0.0:39611], old=null RUNNING
  s0:  RUNNING CANDIDATE s0@group-A1B89BB4020A:t7, leader=null, voted=s0, raftlog=s0@group-A1B89BB4020A-SegmentedRaftLog:OPENED:c-1,f-1,i0, conf=-1: [s3:0.0.0.0:34761, s4:0.0.0.0:42956, s0:0.0.0.0:35561, s1:0.0.0.0:38095, s2:0.0.0.0:39611], old=null RUNNING
  s1:  RUNNING CANDIDATE s1@group-A1B89BB4020A:t7, leader=null, voted=s1, raftlog=s1@group-A1B89BB4020A-SegmentedRaftLog:OPENED:c-1,f-1,i0, conf=-1: [s3:0.0.0.0:34761, s4:0.0.0.0:42956, s0:0.0.0.0:35561, s1:0.0.0.0:38095, s2:0.0.0.0:39611], old=null RUNNING
  s2:  RUNNING CANDIDATE s2@group-A1B89BB4020A:t7, leader=null, voted=s2, raftlog=s2@group-A1B89BB4020A-SegmentedRaftLog:OPENED:c-1,f-1,i0, conf=-1: [s3:0.0.0.0:34761, s4:0.0.0.0:42956, s0:0.0.0.0:35561, s1:0.0.0.0:38095, s2:0.0.0.0:39611], old=null RUNNING, sleep 450ms and then retry.
java.lang.IllegalStateException: No leader yet : printing ALL groups
  s3:  RUNNING CANDIDATE s3@group-A1B89BB4020A:t7, leader=null, voted=s3, raftlog=s3@group-A1B89BB4020A-SegmentedRaftLog:OPENED:c-1,f-1,i0, conf=-1: [s3:0.0.0.0:34761, s4:0.0.0.0:42956, s0:0.0.0.0:35561, s1:0.0.0.0:38095, s2:0.0.0.0:39611], old=null RUNNING
  s4:  RUNNING CANDIDATE s4@group-A1B89BB4020A:t7, leader=null, voted=s4, raftlog=s4@group-A1B89BB4020A-SegmentedRaftLog:OPENED:c-1,f-1,i0, conf=-1: [s3:0.0.0.0:34761, s4:0.0.0.0:42956, s0:0.0.0.0:35561, s1:0.0.0.0:38095, s2:0.0.0.0:39611], old=null RUNNING
  s0:  RUNNING CANDIDATE s0@group-A1B89BB4020A:t7, leader=null, voted=s0, raftlog=s0@group-A1B89BB4020A-SegmentedRaftLog:OPENED:c-1,f-1,i0, conf=-1: [s3:0.0.0.0:34761, s4:0.0.0.0:42956, s0:0.0.0.0:35561, s1:0.0.0.0:38095, s2:0.0.0.0:39611], old=null RUNNING
  s1:  RUNNING CANDIDATE s1@group-A1B89BB4020A:t7, leader=null, voted=s1, raftlog=s1@group-A1B89BB4020A-SegmentedRaftLog:OPENED:c-1,f-1,i0, conf=-1: [s3:0.0.0.0:34761, s4:0.0.0.0:42956, s0:0.0.0.0:35561, s1:0.0.0.0:38095, s2:0.0.0.0:39611], old=null RUNNING
  s2:  RUNNING CANDIDATE s2@group-A1B89BB4020A:t7, leader=null, voted=s2, raftlog=s2@group-A1B89BB4020A-SegmentedRaftLog:OPENED:c-1,f-1,i0, conf=-1: [s3:0.0.0.0:34761, s4:0.0.0.0:42956, s0:0.0.0.0:35561, s1:0.0.0.0:38095, s2:0.0.0.0:39611], old=null RUNNING
	at org.apache.ratis.MiniRaftCluster.newIllegalStateExceptionForNoLeaders(MiniRaftCluster.java:506)
	at org.apache.ratis.RaftTestUtil.lambda$waitForLeader$1(RaftTestUtil.java:90)
	at org.apache.ratis.MiniRaftCluster.getLeader(MiniRaftCluster.java:539)
	at org.apache.ratis.MiniRaftCluster.getLeader(MiniRaftCluster.java:532)
	at org.apache.ratis.RaftTestUtil.lambda$waitForLeader$3(RaftTestUtil.java:98)
	at org.apache.ratis.util.JavaUtils.attempt(JavaUtils.java:152)
	at org.apache.ratis.RaftTestUtil.waitForLeader(RaftTestUtil.java:97)
	at org.apache.ratis.RaftTestUtil.waitForLeader(RaftTestUtil.java:77)
	at org.apache.ratis.RaftTestUtil.waitForLeader(RaftTestUtil.java:72)
	at org.apache.ratis.RaftBasicTests.runTestOldLeaderNotCommit(RaftBasicTests.java:218)
	at org.apache.ratis.MiniRaftCluster$Factory$Get.runWithNewCluster(MiniRaftCluster.java:125)
	at org.apache.ratis.MiniRaftCluster$Factory$Get.runWithNewCluster(MiniRaftCluster.java:113)
	at org.apache.ratis.RaftBasicTests.testOldLeaderNotCommit(RaftBasicTests.java:214)
	at sun.reflect.NativeMethodAccessorImpl.invoke0(Native Method)
	at sun.reflect.NativeMethodAccessorImpl.invoke(NativeMethodAccessorImpl.java:62)
	at sun.reflect.DelegatingMethodAccessorImpl.invoke(DelegatingMethodAccessorImpl.java:43)
	at java.lang.reflect.Method.invoke(Method.java:498)
	at org.junit.runners.model.FrameworkMethod$1.runReflectiveCall(FrameworkMethod.java:50)
	at org.junit.internal.runners.model.ReflectiveCallable.run(ReflectiveCallable.java:12)
	at org.junit.runners.model.FrameworkMethod.invokeExplosively(FrameworkMethod.java:47)
	at org.junit.internal.runners.statements.InvokeMethod.evaluate(InvokeMethod.java:17)
	at org.junit.internal.runners.statements.RunAfters.evaluate(RunAfters.java:27)
	at org.junit.internal.runners.statements.FailOnTimeout$CallableStatement.call(FailOnTimeout.java:298)
	at org.junit.internal.runners.statements.FailOnTimeout$CallableStatement.call(FailOnTimeout.java:292)
	at java.util.concurrent.FutureTask.run(FutureTask.java:266)
	at java.lang.Thread.run(Thread.java:748)
2019-09-24 16:44:34,629 WARN  ratis.RaftTestUtil (JavaUtils.java:attempt(158)) - FAILED "waitForLeader-null-(expectLeader? true)", attempt #65/100: java.lang.IllegalStateException: No leader yet : printing ALL groups
  s3:  RUNNING CANDIDATE s3@group-A1B89BB4020A:t7, leader=null, voted=s3, raftlog=s3@group-A1B89BB4020A-SegmentedRaftLog:OPENED:c-1,f-1,i0, conf=-1: [s3:0.0.0.0:34761, s4:0.0.0.0:42956, s0:0.0.0.0:35561, s1:0.0.0.0:38095, s2:0.0.0.0:39611], old=null RUNNING
  s4:  RUNNING CANDIDATE s4@group-A1B89BB4020A:t7, leader=null, voted=s4, raftlog=s4@group-A1B89BB4020A-SegmentedRaftLog:OPENED:c-1,f-1,i0, conf=-1: [s3:0.0.0.0:34761, s4:0.0.0.0:42956, s0:0.0.0.0:35561, s1:0.0.0.0:38095, s2:0.0.0.0:39611], old=null RUNNING
  s0:  RUNNING CANDIDATE s0@group-A1B89BB4020A:t7, leader=null, voted=s0, raftlog=s0@group-A1B89BB4020A-SegmentedRaftLog:OPENED:c-1,f-1,i0, conf=-1: [s3:0.0.0.0:34761, s4:0.0.0.0:42956, s0:0.0.0.0:35561, s1:0.0.0.0:38095, s2:0.0.0.0:39611], old=null RUNNING
  s1:  RUNNING CANDIDATE s1@group-A1B89BB4020A:t7, leader=null, voted=s1, raftlog=s1@group-A1B89BB4020A-SegmentedRaftLog:OPENED:c-1,f-1,i0, conf=-1: [s3:0.0.0.0:34761, s4:0.0.0.0:42956, s0:0.0.0.0:35561, s1:0.0.0.0:38095, s2:0.0.0.0:39611], old=null RUNNING
  s2:  RUNNING CANDIDATE s2@group-A1B89BB4020A:t7, leader=null, voted=s2, raftlog=s2@group-A1B89BB4020A-SegmentedRaftLog:OPENED:c-1,f-1,i0, conf=-1: [s3:0.0.0.0:34761, s4:0.0.0.0:42956, s0:0.0.0.0:35561, s1:0.0.0.0:38095, s2:0.0.0.0:39611], old=null RUNNING, sleep 450ms and then retry.
java.lang.IllegalStateException: No leader yet : printing ALL groups
  s3:  RUNNING CANDIDATE s3@group-A1B89BB4020A:t7, leader=null, voted=s3, raftlog=s3@group-A1B89BB4020A-SegmentedRaftLog:OPENED:c-1,f-1,i0, conf=-1: [s3:0.0.0.0:34761, s4:0.0.0.0:42956, s0:0.0.0.0:35561, s1:0.0.0.0:38095, s2:0.0.0.0:39611], old=null RUNNING
  s4:  RUNNING CANDIDATE s4@group-A1B89BB4020A:t7, leader=null, voted=s4, raftlog=s4@group-A1B89BB4020A-SegmentedRaftLog:OPENED:c-1,f-1,i0, conf=-1: [s3:0.0.0.0:34761, s4:0.0.0.0:42956, s0:0.0.0.0:35561, s1:0.0.0.0:38095, s2:0.0.0.0:39611], old=null RUNNING
  s0:  RUNNING CANDIDATE s0@group-A1B89BB4020A:t7, leader=null, voted=s0, raftlog=s0@group-A1B89BB4020A-SegmentedRaftLog:OPENED:c-1,f-1,i0, conf=-1: [s3:0.0.0.0:34761, s4:0.0.0.0:42956, s0:0.0.0.0:35561, s1:0.0.0.0:38095, s2:0.0.0.0:39611], old=null RUNNING
  s1:  RUNNING CANDIDATE s1@group-A1B89BB4020A:t7, leader=null, voted=s1, raftlog=s1@group-A1B89BB4020A-SegmentedRaftLog:OPENED:c-1,f-1,i0, conf=-1: [s3:0.0.0.0:34761, s4:0.0.0.0:42956, s0:0.0.0.0:35561, s1:0.0.0.0:38095, s2:0.0.0.0:39611], old=null RUNNING
  s2:  RUNNING CANDIDATE s2@group-A1B89BB4020A:t7, leader=null, voted=s2, raftlog=s2@group-A1B89BB4020A-SegmentedRaftLog:OPENED:c-1,f-1,i0, conf=-1: [s3:0.0.0.0:34761, s4:0.0.0.0:42956, s0:0.0.0.0:35561, s1:0.0.0.0:38095, s2:0.0.0.0:39611], old=null RUNNING
	at org.apache.ratis.MiniRaftCluster.newIllegalStateExceptionForNoLeaders(MiniRaftCluster.java:506)
	at org.apache.ratis.RaftTestUtil.lambda$waitForLeader$1(RaftTestUtil.java:90)
	at org.apache.ratis.MiniRaftCluster.getLeader(MiniRaftCluster.java:539)
	at org.apache.ratis.MiniRaftCluster.getLeader(MiniRaftCluster.java:532)
	at org.apache.ratis.RaftTestUtil.lambda$waitForLeader$3(RaftTestUtil.java:98)
	at org.apache.ratis.util.JavaUtils.attempt(JavaUtils.java:152)
	at org.apache.ratis.RaftTestUtil.waitForLeader(RaftTestUtil.java:97)
	at org.apache.ratis.RaftTestUtil.waitForLeader(RaftTestUtil.java:77)
	at org.apache.ratis.RaftTestUtil.waitForLeader(RaftTestUtil.java:72)
	at org.apache.ratis.RaftBasicTests.runTestOldLeaderNotCommit(RaftBasicTests.java:218)
	at org.apache.ratis.MiniRaftCluster$Factory$Get.runWithNewCluster(MiniRaftCluster.java:125)
	at org.apache.ratis.MiniRaftCluster$Factory$Get.runWithNewCluster(MiniRaftCluster.java:113)
	at org.apache.ratis.RaftBasicTests.testOldLeaderNotCommit(RaftBasicTests.java:214)
	at sun.reflect.NativeMethodAccessorImpl.invoke0(Native Method)
	at sun.reflect.NativeMethodAccessorImpl.invoke(NativeMethodAccessorImpl.java:62)
	at sun.reflect.DelegatingMethodAccessorImpl.invoke(DelegatingMethodAccessorImpl.java:43)
	at java.lang.reflect.Method.invoke(Method.java:498)
	at org.junit.runners.model.FrameworkMethod$1.runReflectiveCall(FrameworkMethod.java:50)
	at org.junit.internal.runners.model.ReflectiveCallable.run(ReflectiveCallable.java:12)
	at org.junit.runners.model.FrameworkMethod.invokeExplosively(FrameworkMethod.java:47)
	at org.junit.internal.runners.statements.InvokeMethod.evaluate(InvokeMethod.java:17)
	at org.junit.internal.runners.statements.RunAfters.evaluate(RunAfters.java:27)
	at org.junit.internal.runners.statements.FailOnTimeout$CallableStatement.call(FailOnTimeout.java:298)
	at org.junit.internal.runners.statements.FailOnTimeout$CallableStatement.call(FailOnTimeout.java:292)
	at java.util.concurrent.FutureTask.run(FutureTask.java:266)
	at java.lang.Thread.run(Thread.java:748)
2019-09-24 16:44:35,081 WARN  ratis.RaftTestUtil (JavaUtils.java:attempt(158)) - FAILED "waitForLeader-null-(expectLeader? true)", attempt #66/100: java.lang.IllegalStateException: No leader yet : printing ALL groups
  s3:  RUNNING CANDIDATE s3@group-A1B89BB4020A:t7, leader=null, voted=s3, raftlog=s3@group-A1B89BB4020A-SegmentedRaftLog:OPENED:c-1,f-1,i0, conf=-1: [s3:0.0.0.0:34761, s4:0.0.0.0:42956, s0:0.0.0.0:35561, s1:0.0.0.0:38095, s2:0.0.0.0:39611], old=null RUNNING
  s4:  RUNNING CANDIDATE s4@group-A1B89BB4020A:t7, leader=null, voted=s4, raftlog=s4@group-A1B89BB4020A-SegmentedRaftLog:OPENED:c-1,f-1,i0, conf=-1: [s3:0.0.0.0:34761, s4:0.0.0.0:42956, s0:0.0.0.0:35561, s1:0.0.0.0:38095, s2:0.0.0.0:39611], old=null RUNNING
  s0:  RUNNING CANDIDATE s0@group-A1B89BB4020A:t7, leader=null, voted=s0, raftlog=s0@group-A1B89BB4020A-SegmentedRaftLog:OPENED:c-1,f-1,i0, conf=-1: [s3:0.0.0.0:34761, s4:0.0.0.0:42956, s0:0.0.0.0:35561, s1:0.0.0.0:38095, s2:0.0.0.0:39611], old=null RUNNING
  s1:  RUNNING CANDIDATE s1@group-A1B89BB4020A:t7, leader=null, voted=s1, raftlog=s1@group-A1B89BB4020A-SegmentedRaftLog:OPENED:c-1,f-1,i0, conf=-1: [s3:0.0.0.0:34761, s4:0.0.0.0:42956, s0:0.0.0.0:35561, s1:0.0.0.0:38095, s2:0.0.0.0:39611], old=null RUNNING
  s2:  RUNNING CANDIDATE s2@group-A1B89BB4020A:t7, leader=null, voted=s2, raftlog=s2@group-A1B89BB4020A-SegmentedRaftLog:OPENED:c-1,f-1,i0, conf=-1: [s3:0.0.0.0:34761, s4:0.0.0.0:42956, s0:0.0.0.0:35561, s1:0.0.0.0:38095, s2:0.0.0.0:39611], old=null RUNNING, sleep 450ms and then retry.
java.lang.IllegalStateException: No leader yet : printing ALL groups
  s3:  RUNNING CANDIDATE s3@group-A1B89BB4020A:t7, leader=null, voted=s3, raftlog=s3@group-A1B89BB4020A-SegmentedRaftLog:OPENED:c-1,f-1,i0, conf=-1: [s3:0.0.0.0:34761, s4:0.0.0.0:42956, s0:0.0.0.0:35561, s1:0.0.0.0:38095, s2:0.0.0.0:39611], old=null RUNNING
  s4:  RUNNING CANDIDATE s4@group-A1B89BB4020A:t7, leader=null, voted=s4, raftlog=s4@group-A1B89BB4020A-SegmentedRaftLog:OPENED:c-1,f-1,i0, conf=-1: [s3:0.0.0.0:34761, s4:0.0.0.0:42956, s0:0.0.0.0:35561, s1:0.0.0.0:38095, s2:0.0.0.0:39611], old=null RUNNING
  s0:  RUNNING CANDIDATE s0@group-A1B89BB4020A:t7, leader=null, voted=s0, raftlog=s0@group-A1B89BB4020A-SegmentedRaftLog:OPENED:c-1,f-1,i0, conf=-1: [s3:0.0.0.0:34761, s4:0.0.0.0:42956, s0:0.0.0.0:35561, s1:0.0.0.0:38095, s2:0.0.0.0:39611], old=null RUNNING
  s1:  RUNNING CANDIDATE s1@group-A1B89BB4020A:t7, leader=null, voted=s1, raftlog=s1@group-A1B89BB4020A-SegmentedRaftLog:OPENED:c-1,f-1,i0, conf=-1: [s3:0.0.0.0:34761, s4:0.0.0.0:42956, s0:0.0.0.0:35561, s1:0.0.0.0:38095, s2:0.0.0.0:39611], old=null RUNNING
  s2:  RUNNING CANDIDATE s2@group-A1B89BB4020A:t7, leader=null, voted=s2, raftlog=s2@group-A1B89BB4020A-SegmentedRaftLog:OPENED:c-1,f-1,i0, conf=-1: [s3:0.0.0.0:34761, s4:0.0.0.0:42956, s0:0.0.0.0:35561, s1:0.0.0.0:38095, s2:0.0.0.0:39611], old=null RUNNING
	at org.apache.ratis.MiniRaftCluster.newIllegalStateExceptionForNoLeaders(MiniRaftCluster.java:506)
	at org.apache.ratis.RaftTestUtil.lambda$waitForLeader$1(RaftTestUtil.java:90)
	at org.apache.ratis.MiniRaftCluster.getLeader(MiniRaftCluster.java:539)
	at org.apache.ratis.MiniRaftCluster.getLeader(MiniRaftCluster.java:532)
	at org.apache.ratis.RaftTestUtil.lambda$waitForLeader$3(RaftTestUtil.java:98)
	at org.apache.ratis.util.JavaUtils.attempt(JavaUtils.java:152)
	at org.apache.ratis.RaftTestUtil.waitForLeader(RaftTestUtil.java:97)
	at org.apache.ratis.RaftTestUtil.waitForLeader(RaftTestUtil.java:77)
	at org.apache.ratis.RaftTestUtil.waitForLeader(RaftTestUtil.java:72)
	at org.apache.ratis.RaftBasicTests.runTestOldLeaderNotCommit(RaftBasicTests.java:218)
	at org.apache.ratis.MiniRaftCluster$Factory$Get.runWithNewCluster(MiniRaftCluster.java:125)
	at org.apache.ratis.MiniRaftCluster$Factory$Get.runWithNewCluster(MiniRaftCluster.java:113)
	at org.apache.ratis.RaftBasicTests.testOldLeaderNotCommit(RaftBasicTests.java:214)
	at sun.reflect.NativeMethodAccessorImpl.invoke0(Native Method)
	at sun.reflect.NativeMethodAccessorImpl.invoke(NativeMethodAccessorImpl.java:62)
	at sun.reflect.DelegatingMethodAccessorImpl.invoke(DelegatingMethodAccessorImpl.java:43)
	at java.lang.reflect.Method.invoke(Method.java:498)
	at org.junit.runners.model.FrameworkMethod$1.runReflectiveCall(FrameworkMethod.java:50)
	at org.junit.internal.runners.model.ReflectiveCallable.run(ReflectiveCallable.java:12)
	at org.junit.runners.model.FrameworkMethod.invokeExplosively(FrameworkMethod.java:47)
	at org.junit.internal.runners.statements.InvokeMethod.evaluate(InvokeMethod.java:17)
	at org.junit.internal.runners.statements.RunAfters.evaluate(RunAfters.java:27)
	at org.junit.internal.runners.statements.FailOnTimeout$CallableStatement.call(FailOnTimeout.java:298)
	at org.junit.internal.runners.statements.FailOnTimeout$CallableStatement.call(FailOnTimeout.java:292)
	at java.util.concurrent.FutureTask.run(FutureTask.java:266)
	at java.lang.Thread.run(Thread.java:748)
2019-09-24 16:44:35,532 WARN  ratis.RaftTestUtil (JavaUtils.java:attempt(158)) - FAILED "waitForLeader-null-(expectLeader? true)", attempt #67/100: java.lang.IllegalStateException: No leader yet : printing ALL groups
  s3:  RUNNING CANDIDATE s3@group-A1B89BB4020A:t7, leader=null, voted=s3, raftlog=s3@group-A1B89BB4020A-SegmentedRaftLog:OPENED:c-1,f-1,i0, conf=-1: [s3:0.0.0.0:34761, s4:0.0.0.0:42956, s0:0.0.0.0:35561, s1:0.0.0.0:38095, s2:0.0.0.0:39611], old=null RUNNING
  s4:  RUNNING CANDIDATE s4@group-A1B89BB4020A:t7, leader=null, voted=s4, raftlog=s4@group-A1B89BB4020A-SegmentedRaftLog:OPENED:c-1,f-1,i0, conf=-1: [s3:0.0.0.0:34761, s4:0.0.0.0:42956, s0:0.0.0.0:35561, s1:0.0.0.0:38095, s2:0.0.0.0:39611], old=null RUNNING
  s0:  RUNNING CANDIDATE s0@group-A1B89BB4020A:t7, leader=null, voted=s0, raftlog=s0@group-A1B89BB4020A-SegmentedRaftLog:OPENED:c-1,f-1,i0, conf=-1: [s3:0.0.0.0:34761, s4:0.0.0.0:42956, s0:0.0.0.0:35561, s1:0.0.0.0:38095, s2:0.0.0.0:39611], old=null RUNNING
  s1:  RUNNING CANDIDATE s1@group-A1B89BB4020A:t7, leader=null, voted=s1, raftlog=s1@group-A1B89BB4020A-SegmentedRaftLog:OPENED:c-1,f-1,i0, conf=-1: [s3:0.0.0.0:34761, s4:0.0.0.0:42956, s0:0.0.0.0:35561, s1:0.0.0.0:38095, s2:0.0.0.0:39611], old=null RUNNING
  s2:  RUNNING CANDIDATE s2@group-A1B89BB4020A:t7, leader=null, voted=s2, raftlog=s2@group-A1B89BB4020A-SegmentedRaftLog:OPENED:c-1,f-1,i0, conf=-1: [s3:0.0.0.0:34761, s4:0.0.0.0:42956, s0:0.0.0.0:35561, s1:0.0.0.0:38095, s2:0.0.0.0:39611], old=null RUNNING, sleep 450ms and then retry.
java.lang.IllegalStateException: No leader yet : printing ALL groups
  s3:  RUNNING CANDIDATE s3@group-A1B89BB4020A:t7, leader=null, voted=s3, raftlog=s3@group-A1B89BB4020A-SegmentedRaftLog:OPENED:c-1,f-1,i0, conf=-1: [s3:0.0.0.0:34761, s4:0.0.0.0:42956, s0:0.0.0.0:35561, s1:0.0.0.0:38095, s2:0.0.0.0:39611], old=null RUNNING
  s4:  RUNNING CANDIDATE s4@group-A1B89BB4020A:t7, leader=null, voted=s4, raftlog=s4@group-A1B89BB4020A-SegmentedRaftLog:OPENED:c-1,f-1,i0, conf=-1: [s3:0.0.0.0:34761, s4:0.0.0.0:42956, s0:0.0.0.0:35561, s1:0.0.0.0:38095, s2:0.0.0.0:39611], old=null RUNNING
  s0:  RUNNING CANDIDATE s0@group-A1B89BB4020A:t7, leader=null, voted=s0, raftlog=s0@group-A1B89BB4020A-SegmentedRaftLog:OPENED:c-1,f-1,i0, conf=-1: [s3:0.0.0.0:34761, s4:0.0.0.0:42956, s0:0.0.0.0:35561, s1:0.0.0.0:38095, s2:0.0.0.0:39611], old=null RUNNING
  s1:  RUNNING CANDIDATE s1@group-A1B89BB4020A:t7, leader=null, voted=s1, raftlog=s1@group-A1B89BB4020A-SegmentedRaftLog:OPENED:c-1,f-1,i0, conf=-1: [s3:0.0.0.0:34761, s4:0.0.0.0:42956, s0:0.0.0.0:35561, s1:0.0.0.0:38095, s2:0.0.0.0:39611], old=null RUNNING
  s2:  RUNNING CANDIDATE s2@group-A1B89BB4020A:t7, leader=null, voted=s2, raftlog=s2@group-A1B89BB4020A-SegmentedRaftLog:OPENED:c-1,f-1,i0, conf=-1: [s3:0.0.0.0:34761, s4:0.0.0.0:42956, s0:0.0.0.0:35561, s1:0.0.0.0:38095, s2:0.0.0.0:39611], old=null RUNNING
	at org.apache.ratis.MiniRaftCluster.newIllegalStateExceptionForNoLeaders(MiniRaftCluster.java:506)
	at org.apache.ratis.RaftTestUtil.lambda$waitForLeader$1(RaftTestUtil.java:90)
	at org.apache.ratis.MiniRaftCluster.getLeader(MiniRaftCluster.java:539)
	at org.apache.ratis.MiniRaftCluster.getLeader(MiniRaftCluster.java:532)
	at org.apache.ratis.RaftTestUtil.lambda$waitForLeader$3(RaftTestUtil.java:98)
	at org.apache.ratis.util.JavaUtils.attempt(JavaUtils.java:152)
	at org.apache.ratis.RaftTestUtil.waitForLeader(RaftTestUtil.java:97)
	at org.apache.ratis.RaftTestUtil.waitForLeader(RaftTestUtil.java:77)
	at org.apache.ratis.RaftTestUtil.waitForLeader(RaftTestUtil.java:72)
	at org.apache.ratis.RaftBasicTests.runTestOldLeaderNotCommit(RaftBasicTests.java:218)
	at org.apache.ratis.MiniRaftCluster$Factory$Get.runWithNewCluster(MiniRaftCluster.java:125)
	at org.apache.ratis.MiniRaftCluster$Factory$Get.runWithNewCluster(MiniRaftCluster.java:113)
	at org.apache.ratis.RaftBasicTests.testOldLeaderNotCommit(RaftBasicTests.java:214)
	at sun.reflect.NativeMethodAccessorImpl.invoke0(Native Method)
	at sun.reflect.NativeMethodAccessorImpl.invoke(NativeMethodAccessorImpl.java:62)
	at sun.reflect.DelegatingMethodAccessorImpl.invoke(DelegatingMethodAccessorImpl.java:43)
	at java.lang.reflect.Method.invoke(Method.java:498)
	at org.junit.runners.model.FrameworkMethod$1.runReflectiveCall(FrameworkMethod.java:50)
	at org.junit.internal.runners.model.ReflectiveCallable.run(ReflectiveCallable.java:12)
	at org.junit.runners.model.FrameworkMethod.invokeExplosively(FrameworkMethod.java:47)
	at org.junit.internal.runners.statements.InvokeMethod.evaluate(InvokeMethod.java:17)
	at org.junit.internal.runners.statements.RunAfters.evaluate(RunAfters.java:27)
	at org.junit.internal.runners.statements.FailOnTimeout$CallableStatement.call(FailOnTimeout.java:298)
	at org.junit.internal.runners.statements.FailOnTimeout$CallableStatement.call(FailOnTimeout.java:292)
	at java.util.concurrent.FutureTask.run(FutureTask.java:266)
	at java.lang.Thread.run(Thread.java:748)
2019-09-24 16:44:35,732 INFO  ratis.MiniRaftCluster (MiniRaftCluster.java:lambda$null$5(297)) - TIMED-PRINT: printing ALL groups
  s3:  RUNNING CANDIDATE s3@group-A1B89BB4020A:t7, leader=null, voted=s3, raftlog=s3@group-A1B89BB4020A-SegmentedRaftLog:OPENED:c-1,f-1,i0, conf=-1: [s3:0.0.0.0:34761, s4:0.0.0.0:42956, s0:0.0.0.0:35561, s1:0.0.0.0:38095, s2:0.0.0.0:39611], old=null RUNNING
  s4:  RUNNING CANDIDATE s4@group-A1B89BB4020A:t7, leader=null, voted=s4, raftlog=s4@group-A1B89BB4020A-SegmentedRaftLog:OPENED:c-1,f-1,i0, conf=-1: [s3:0.0.0.0:34761, s4:0.0.0.0:42956, s0:0.0.0.0:35561, s1:0.0.0.0:38095, s2:0.0.0.0:39611], old=null RUNNING
  s0:  RUNNING CANDIDATE s0@group-A1B89BB4020A:t7, leader=null, voted=s0, raftlog=s0@group-A1B89BB4020A-SegmentedRaftLog:OPENED:c-1,f-1,i0, conf=-1: [s3:0.0.0.0:34761, s4:0.0.0.0:42956, s0:0.0.0.0:35561, s1:0.0.0.0:38095, s2:0.0.0.0:39611], old=null RUNNING
  s1:  RUNNING CANDIDATE s1@group-A1B89BB4020A:t7, leader=null, voted=s1, raftlog=s1@group-A1B89BB4020A-SegmentedRaftLog:OPENED:c-1,f-1,i0, conf=-1: [s3:0.0.0.0:34761, s4:0.0.0.0:42956, s0:0.0.0.0:35561, s1:0.0.0.0:38095, s2:0.0.0.0:39611], old=null RUNNING
  s2:  RUNNING CANDIDATE s2@group-A1B89BB4020A:t7, leader=null, voted=s2, raftlog=s2@group-A1B89BB4020A-SegmentedRaftLog:OPENED:c-1,f-1,i0, conf=-1: [s3:0.0.0.0:34761, s4:0.0.0.0:42956, s0:0.0.0.0:35561, s1:0.0.0.0:38095, s2:0.0.0.0:39611], old=null RUNNING
2019-09-24 16:44:35,984 WARN  ratis.RaftTestUtil (JavaUtils.java:attempt(158)) - FAILED "waitForLeader-null-(expectLeader? true)", attempt #68/100: java.lang.IllegalStateException: No leader yet : printing ALL groups
  s3:  RUNNING CANDIDATE s3@group-A1B89BB4020A:t7, leader=null, voted=s3, raftlog=s3@group-A1B89BB4020A-SegmentedRaftLog:OPENED:c-1,f-1,i0, conf=-1: [s3:0.0.0.0:34761, s4:0.0.0.0:42956, s0:0.0.0.0:35561, s1:0.0.0.0:38095, s2:0.0.0.0:39611], old=null RUNNING
  s4:  RUNNING CANDIDATE s4@group-A1B89BB4020A:t7, leader=null, voted=s4, raftlog=s4@group-A1B89BB4020A-SegmentedRaftLog:OPENED:c-1,f-1,i0, conf=-1: [s3:0.0.0.0:34761, s4:0.0.0.0:42956, s0:0.0.0.0:35561, s1:0.0.0.0:38095, s2:0.0.0.0:39611], old=null RUNNING
  s0:  RUNNING CANDIDATE s0@group-A1B89BB4020A:t7, leader=null, voted=s0, raftlog=s0@group-A1B89BB4020A-SegmentedRaftLog:OPENED:c-1,f-1,i0, conf=-1: [s3:0.0.0.0:34761, s4:0.0.0.0:42956, s0:0.0.0.0:35561, s1:0.0.0.0:38095, s2:0.0.0.0:39611], old=null RUNNING
  s1:  RUNNING CANDIDATE s1@group-A1B89BB4020A:t7, leader=null, voted=s1, raftlog=s1@group-A1B89BB4020A-SegmentedRaftLog:OPENED:c-1,f-1,i0, conf=-1: [s3:0.0.0.0:34761, s4:0.0.0.0:42956, s0:0.0.0.0:35561, s1:0.0.0.0:38095, s2:0.0.0.0:39611], old=null RUNNING
  s2:  RUNNING CANDIDATE s2@group-A1B89BB4020A:t7, leader=null, voted=s2, raftlog=s2@group-A1B89BB4020A-SegmentedRaftLog:OPENED:c-1,f-1,i0, conf=-1: [s3:0.0.0.0:34761, s4:0.0.0.0:42956, s0:0.0.0.0:35561, s1:0.0.0.0:38095, s2:0.0.0.0:39611], old=null RUNNING, sleep 450ms and then retry.
java.lang.IllegalStateException: No leader yet : printing ALL groups
  s3:  RUNNING CANDIDATE s3@group-A1B89BB4020A:t7, leader=null, voted=s3, raftlog=s3@group-A1B89BB4020A-SegmentedRaftLog:OPENED:c-1,f-1,i0, conf=-1: [s3:0.0.0.0:34761, s4:0.0.0.0:42956, s0:0.0.0.0:35561, s1:0.0.0.0:38095, s2:0.0.0.0:39611], old=null RUNNING
  s4:  RUNNING CANDIDATE s4@group-A1B89BB4020A:t7, leader=null, voted=s4, raftlog=s4@group-A1B89BB4020A-SegmentedRaftLog:OPENED:c-1,f-1,i0, conf=-1: [s3:0.0.0.0:34761, s4:0.0.0.0:42956, s0:0.0.0.0:35561, s1:0.0.0.0:38095, s2:0.0.0.0:39611], old=null RUNNING
  s0:  RUNNING CANDIDATE s0@group-A1B89BB4020A:t7, leader=null, voted=s0, raftlog=s0@group-A1B89BB4020A-SegmentedRaftLog:OPENED:c-1,f-1,i0, conf=-1: [s3:0.0.0.0:34761, s4:0.0.0.0:42956, s0:0.0.0.0:35561, s1:0.0.0.0:38095, s2:0.0.0.0:39611], old=null RUNNING
  s1:  RUNNING CANDIDATE s1@group-A1B89BB4020A:t7, leader=null, voted=s1, raftlog=s1@group-A1B89BB4020A-SegmentedRaftLog:OPENED:c-1,f-1,i0, conf=-1: [s3:0.0.0.0:34761, s4:0.0.0.0:42956, s0:0.0.0.0:35561, s1:0.0.0.0:38095, s2:0.0.0.0:39611], old=null RUNNING
  s2:  RUNNING CANDIDATE s2@group-A1B89BB4020A:t7, leader=null, voted=s2, raftlog=s2@group-A1B89BB4020A-SegmentedRaftLog:OPENED:c-1,f-1,i0, conf=-1: [s3:0.0.0.0:34761, s4:0.0.0.0:42956, s0:0.0.0.0:35561, s1:0.0.0.0:38095, s2:0.0.0.0:39611], old=null RUNNING
	at org.apache.ratis.MiniRaftCluster.newIllegalStateExceptionForNoLeaders(MiniRaftCluster.java:506)
	at org.apache.ratis.RaftTestUtil.lambda$waitForLeader$1(RaftTestUtil.java:90)
	at org.apache.ratis.MiniRaftCluster.getLeader(MiniRaftCluster.java:539)
	at org.apache.ratis.MiniRaftCluster.getLeader(MiniRaftCluster.java:532)
	at org.apache.ratis.RaftTestUtil.lambda$waitForLeader$3(RaftTestUtil.java:98)
	at org.apache.ratis.util.JavaUtils.attempt(JavaUtils.java:152)
	at org.apache.ratis.RaftTestUtil.waitForLeader(RaftTestUtil.java:97)
	at org.apache.ratis.RaftTestUtil.waitForLeader(RaftTestUtil.java:77)
	at org.apache.ratis.RaftTestUtil.waitForLeader(RaftTestUtil.java:72)
	at org.apache.ratis.RaftBasicTests.runTestOldLeaderNotCommit(RaftBasicTests.java:218)
	at org.apache.ratis.MiniRaftCluster$Factory$Get.runWithNewCluster(MiniRaftCluster.java:125)
	at org.apache.ratis.MiniRaftCluster$Factory$Get.runWithNewCluster(MiniRaftCluster.java:113)
	at org.apache.ratis.RaftBasicTests.testOldLeaderNotCommit(RaftBasicTests.java:214)
	at sun.reflect.NativeMethodAccessorImpl.invoke0(Native Method)
	at sun.reflect.NativeMethodAccessorImpl.invoke(NativeMethodAccessorImpl.java:62)
	at sun.reflect.DelegatingMethodAccessorImpl.invoke(DelegatingMethodAccessorImpl.java:43)
	at java.lang.reflect.Method.invoke(Method.java:498)
	at org.junit.runners.model.FrameworkMethod$1.runReflectiveCall(FrameworkMethod.java:50)
	at org.junit.internal.runners.model.ReflectiveCallable.run(ReflectiveCallable.java:12)
	at org.junit.runners.model.FrameworkMethod.invokeExplosively(FrameworkMethod.java:47)
	at org.junit.internal.runners.statements.InvokeMethod.evaluate(InvokeMethod.java:17)
	at org.junit.internal.runners.statements.RunAfters.evaluate(RunAfters.java:27)
	at org.junit.internal.runners.statements.FailOnTimeout$CallableStatement.call(FailOnTimeout.java:298)
	at org.junit.internal.runners.statements.FailOnTimeout$CallableStatement.call(FailOnTimeout.java:292)
	at java.util.concurrent.FutureTask.run(FutureTask.java:266)
	at java.lang.Thread.run(Thread.java:748)
2019-09-24 16:44:36,337 INFO  impl.LeaderElection (LeaderElection.java:askForVotes(178)) - s3@group-A1B89BB4020A-LeaderElection160: begin an election at term 7 for -1: [s3:0.0.0.0:34761, s4:0.0.0.0:42956, s0:0.0.0.0:35561, s1:0.0.0.0:38095, s2:0.0.0.0:39611], old=null
2019-09-24 16:44:36,337 INFO  impl.LeaderElection (LeaderElection.java:askForVotes(178)) - s4@group-A1B89BB4020A-LeaderElection164: begin an election at term 7 for -1: [s3:0.0.0.0:34761, s4:0.0.0.0:42956, s0:0.0.0.0:35561, s1:0.0.0.0:38095, s2:0.0.0.0:39611], old=null
2019-09-24 16:44:36,337 INFO  impl.LeaderElection (LeaderElection.java:askForVotes(178)) - s2@group-A1B89BB4020A-LeaderElection162: begin an election at term 7 for -1: [s3:0.0.0.0:34761, s4:0.0.0.0:42956, s0:0.0.0.0:35561, s1:0.0.0.0:38095, s2:0.0.0.0:39611], old=null
2019-09-24 16:44:36,337 INFO  impl.LeaderElection (LeaderElection.java:askForVotes(178)) - s0@group-A1B89BB4020A-LeaderElection163: begin an election at term 7 for -1: [s3:0.0.0.0:34761, s4:0.0.0.0:42956, s0:0.0.0.0:35561, s1:0.0.0.0:38095, s2:0.0.0.0:39611], old=null
2019-09-24 16:44:36,338 DEBUG impl.RaftServerImpl (RaftServerImpl.java:requestVote(743)) - s4@group-A1B89BB4020A: receive requestVote(s3, group-A1B89BB4020A, 7, (t:0, i:0))
2019-09-24 16:44:36,338 DEBUG impl.RaftServerImpl (RaftServerImpl.java:requestVote(743)) - s3@group-A1B89BB4020A: receive requestVote(s4, group-A1B89BB4020A, 7, (t:0, i:0))
2019-09-24 16:44:36,338 DEBUG impl.RaftServerImpl (RaftServerImpl.java:requestVote(743)) - s3@group-A1B89BB4020A: receive requestVote(s0, group-A1B89BB4020A, 7, (t:0, i:0))
2019-09-24 16:44:36,339 DEBUG impl.RaftServerImpl (RaftServerImpl.java:requestVote(743)) - s0@group-A1B89BB4020A: receive requestVote(s4, group-A1B89BB4020A, 7, (t:0, i:0))
2019-09-24 16:44:36,339 DEBUG impl.RaftServerImpl (RaftServerImpl.java:requestVote(743)) - s4@group-A1B89BB4020A: receive requestVote(s2, group-A1B89BB4020A, 7, (t:0, i:0))
2019-09-24 16:44:36,339 DEBUG impl.RaftServerImpl (RaftServerImpl.java:requestVote(775)) - s3@group-A1B89BB4020A replies to vote request: s4<-s3#0:FAIL-t7. Peer's state: s3@group-A1B89BB4020A:t7, leader=null, voted=s3, raftlog=s3@group-A1B89BB4020A-SegmentedRaftLog:OPENED:c-1,f-1,i0, conf=-1: [s3:0.0.0.0:34761, s4:0.0.0.0:42956, s0:0.0.0.0:35561, s1:0.0.0.0:38095, s2:0.0.0.0:39611], old=null
2019-09-24 16:44:36,339 DEBUG impl.RaftServerImpl (RaftServerImpl.java:requestVote(743)) - s0@group-A1B89BB4020A: receive requestVote(s3, group-A1B89BB4020A, 7, (t:0, i:0))
2019-09-24 16:44:36,339 DEBUG impl.RaftServerImpl (RaftServerImpl.java:requestVote(775)) - s4@group-A1B89BB4020A replies to vote request: s3<-s4#0:FAIL-t7. Peer's state: s4@group-A1B89BB4020A:t7, leader=null, voted=s4, raftlog=s4@group-A1B89BB4020A-SegmentedRaftLog:OPENED:c-1,f-1,i0, conf=-1: [s3:0.0.0.0:34761, s4:0.0.0.0:42956, s0:0.0.0.0:35561, s1:0.0.0.0:38095, s2:0.0.0.0:39611], old=null
2019-09-24 16:44:36,339 DEBUG impl.RaftServerImpl (RaftServerImpl.java:requestVote(743)) - s3@group-A1B89BB4020A: receive requestVote(s2, group-A1B89BB4020A, 7, (t:0, i:0))
2019-09-24 16:44:36,338 DEBUG impl.RaftServerImpl (RaftServerImpl.java:requestVote(743)) - s4@group-A1B89BB4020A: receive requestVote(s0, group-A1B89BB4020A, 7, (t:0, i:0))
2019-09-24 16:44:36,341 DEBUG impl.RaftServerImpl (RaftServerImpl.java:requestVote(775)) - s4@group-A1B89BB4020A replies to vote request: s2<-s4#0:FAIL-t7. Peer's state: s4@group-A1B89BB4020A:t7, leader=null, voted=s4, raftlog=s4@group-A1B89BB4020A-SegmentedRaftLog:OPENED:c-1,f-1,i0, conf=-1: [s3:0.0.0.0:34761, s4:0.0.0.0:42956, s0:0.0.0.0:35561, s1:0.0.0.0:38095, s2:0.0.0.0:39611], old=null
2019-09-24 16:44:36,340 DEBUG impl.RaftServerImpl (RaftServerImpl.java:requestVote(743)) - s1@group-A1B89BB4020A: receive requestVote(s2, group-A1B89BB4020A, 7, (t:0, i:0))
2019-09-24 16:44:36,340 DEBUG impl.RaftServerImpl (RaftServerImpl.java:requestVote(775)) - s3@group-A1B89BB4020A replies to vote request: s0<-s3#0:FAIL-t7. Peer's state: s3@group-A1B89BB4020A:t7, leader=null, voted=s3, raftlog=s3@group-A1B89BB4020A-SegmentedRaftLog:OPENED:c-1,f-1,i0, conf=-1: [s3:0.0.0.0:34761, s4:0.0.0.0:42956, s0:0.0.0.0:35561, s1:0.0.0.0:38095, s2:0.0.0.0:39611], old=null
2019-09-24 16:44:36,340 DEBUG impl.RaftServerImpl (RaftServerImpl.java:requestVote(743)) - s0@group-A1B89BB4020A: receive requestVote(s2, group-A1B89BB4020A, 7, (t:0, i:0))
2019-09-24 16:44:36,340 DEBUG impl.RaftServerImpl (RaftServerImpl.java:requestVote(743)) - s2@group-A1B89BB4020A: receive requestVote(s0, group-A1B89BB4020A, 7, (t:0, i:0))
2019-09-24 16:44:36,340 DEBUG impl.RaftServerImpl (RaftServerImpl.java:requestVote(775)) - s0@group-A1B89BB4020A replies to vote request: s4<-s0#0:FAIL-t7. Peer's state: s0@group-A1B89BB4020A:t7, leader=null, voted=s0, raftlog=s0@group-A1B89BB4020A-SegmentedRaftLog:OPENED:c-1,f-1,i0, conf=-1: [s3:0.0.0.0:34761, s4:0.0.0.0:42956, s0:0.0.0.0:35561, s1:0.0.0.0:38095, s2:0.0.0.0:39611], old=null
2019-09-24 16:44:36,340 DEBUG impl.RaftServerImpl (RaftServerImpl.java:requestVote(743)) - s2@group-A1B89BB4020A: receive requestVote(s3, group-A1B89BB4020A, 7, (t:0, i:0))
2019-09-24 16:44:36,339 DEBUG impl.RaftServerImpl (RaftServerImpl.java:requestVote(743)) - s1@group-A1B89BB4020A: receive requestVote(s3, group-A1B89BB4020A, 7, (t:0, i:0))
2019-09-24 16:44:36,339 DEBUG impl.RaftServerImpl (RaftServerImpl.java:requestVote(743)) - s1@group-A1B89BB4020A: receive requestVote(s0, group-A1B89BB4020A, 7, (t:0, i:0))
2019-09-24 16:44:36,343 DEBUG impl.RaftServerImpl (RaftServerImpl.java:requestVote(775)) - s0@group-A1B89BB4020A replies to vote request: s2<-s0#0:FAIL-t7. Peer's state: s0@group-A1B89BB4020A:t7, leader=null, voted=s0, raftlog=s0@group-A1B89BB4020A-SegmentedRaftLog:OPENED:c-1,f-1,i0, conf=-1: [s3:0.0.0.0:34761, s4:0.0.0.0:42956, s0:0.0.0.0:35561, s1:0.0.0.0:38095, s2:0.0.0.0:39611], old=null
2019-09-24 16:44:36,343 DEBUG impl.RaftServerImpl (RaftServerImpl.java:requestVote(775)) - s2@group-A1B89BB4020A replies to vote request: s0<-s2#0:FAIL-t7. Peer's state: s2@group-A1B89BB4020A:t7, leader=null, voted=s2, raftlog=s2@group-A1B89BB4020A-SegmentedRaftLog:OPENED:c-1,f-1,i0, conf=-1: [s3:0.0.0.0:34761, s4:0.0.0.0:42956, s0:0.0.0.0:35561, s1:0.0.0.0:38095, s2:0.0.0.0:39611], old=null
2019-09-24 16:44:36,342 DEBUG impl.RaftServerImpl (RaftServerImpl.java:requestVote(743)) - s1@group-A1B89BB4020A: receive requestVote(s4, group-A1B89BB4020A, 7, (t:0, i:0))
2019-09-24 16:44:36,342 DEBUG impl.RaftServerImpl (RaftServerImpl.java:requestVote(775)) - s3@group-A1B89BB4020A replies to vote request: s2<-s3#0:FAIL-t7. Peer's state: s3@group-A1B89BB4020A:t7, leader=null, voted=s3, raftlog=s3@group-A1B89BB4020A-SegmentedRaftLog:OPENED:c-1,f-1,i0, conf=-1: [s3:0.0.0.0:34761, s4:0.0.0.0:42956, s0:0.0.0.0:35561, s1:0.0.0.0:38095, s2:0.0.0.0:39611], old=null
2019-09-24 16:44:36,342 DEBUG impl.RaftServerImpl (RaftServerImpl.java:requestVote(775)) - s4@group-A1B89BB4020A replies to vote request: s0<-s4#0:FAIL-t7. Peer's state: s4@group-A1B89BB4020A:t7, leader=null, voted=s4, raftlog=s4@group-A1B89BB4020A-SegmentedRaftLog:OPENED:c-1,f-1,i0, conf=-1: [s3:0.0.0.0:34761, s4:0.0.0.0:42956, s0:0.0.0.0:35561, s1:0.0.0.0:38095, s2:0.0.0.0:39611], old=null
2019-09-24 16:44:36,345 DEBUG impl.RaftServerImpl (RaftServerImpl.java:requestVote(775)) - s2@group-A1B89BB4020A replies to vote request: s3<-s2#0:FAIL-t7. Peer's state: s2@group-A1B89BB4020A:t7, leader=null, voted=s2, raftlog=s2@group-A1B89BB4020A-SegmentedRaftLog:OPENED:c-1,f-1,i0, conf=-1: [s3:0.0.0.0:34761, s4:0.0.0.0:42956, s0:0.0.0.0:35561, s1:0.0.0.0:38095, s2:0.0.0.0:39611], old=null
2019-09-24 16:44:36,344 DEBUG impl.RaftServerImpl (RaftServerImpl.java:requestVote(775)) - s0@group-A1B89BB4020A replies to vote request: s3<-s0#0:FAIL-t7. Peer's state: s0@group-A1B89BB4020A:t7, leader=null, voted=s0, raftlog=s0@group-A1B89BB4020A-SegmentedRaftLog:OPENED:c-1,f-1,i0, conf=-1: [s3:0.0.0.0:34761, s4:0.0.0.0:42956, s0:0.0.0.0:35561, s1:0.0.0.0:38095, s2:0.0.0.0:39611], old=null
2019-09-24 16:44:36,348 DEBUG impl.RaftServerImpl (RaftServerImpl.java:requestVote(743)) - s2@group-A1B89BB4020A: receive requestVote(s4, group-A1B89BB4020A, 7, (t:0, i:0))
2019-09-24 16:44:36,349 DEBUG impl.RaftServerImpl (RaftServerImpl.java:requestVote(775)) - s2@group-A1B89BB4020A replies to vote request: s4<-s2#0:FAIL-t7. Peer's state: s2@group-A1B89BB4020A:t7, leader=null, voted=s2, raftlog=s2@group-A1B89BB4020A-SegmentedRaftLog:OPENED:c-1,f-1,i0, conf=-1: [s3:0.0.0.0:34761, s4:0.0.0.0:42956, s0:0.0.0.0:35561, s1:0.0.0.0:38095, s2:0.0.0.0:39611], old=null
2019-09-24 16:44:36,435 WARN  ratis.RaftTestUtil (JavaUtils.java:attempt(158)) - FAILED "waitForLeader-null-(expectLeader? true)", attempt #69/100: java.lang.IllegalStateException: No leader yet : printing ALL groups
  s3:  RUNNING CANDIDATE s3@group-A1B89BB4020A:t7, leader=null, voted=s3, raftlog=s3@group-A1B89BB4020A-SegmentedRaftLog:OPENED:c-1,f-1,i0, conf=-1: [s3:0.0.0.0:34761, s4:0.0.0.0:42956, s0:0.0.0.0:35561, s1:0.0.0.0:38095, s2:0.0.0.0:39611], old=null RUNNING
  s4:  RUNNING CANDIDATE s4@group-A1B89BB4020A:t7, leader=null, voted=s4, raftlog=s4@group-A1B89BB4020A-SegmentedRaftLog:OPENED:c-1,f-1,i0, conf=-1: [s3:0.0.0.0:34761, s4:0.0.0.0:42956, s0:0.0.0.0:35561, s1:0.0.0.0:38095, s2:0.0.0.0:39611], old=null RUNNING
  s0:  RUNNING CANDIDATE s0@group-A1B89BB4020A:t7, leader=null, voted=s0, raftlog=s0@group-A1B89BB4020A-SegmentedRaftLog:OPENED:c-1,f-1,i0, conf=-1: [s3:0.0.0.0:34761, s4:0.0.0.0:42956, s0:0.0.0.0:35561, s1:0.0.0.0:38095, s2:0.0.0.0:39611], old=null RUNNING
  s1:  RUNNING CANDIDATE s1@group-A1B89BB4020A:t7, leader=null, voted=s1, raftlog=s1@group-A1B89BB4020A-SegmentedRaftLog:OPENED:c-1,f-1,i0, conf=-1: [s3:0.0.0.0:34761, s4:0.0.0.0:42956, s0:0.0.0.0:35561, s1:0.0.0.0:38095, s2:0.0.0.0:39611], old=null RUNNING
  s2:  RUNNING CANDIDATE s2@group-A1B89BB4020A:t7, leader=null, voted=s2, raftlog=s2@group-A1B89BB4020A-SegmentedRaftLog:OPENED:c-1,f-1,i0, conf=-1: [s3:0.0.0.0:34761, s4:0.0.0.0:42956, s0:0.0.0.0:35561, s1:0.0.0.0:38095, s2:0.0.0.0:39611], old=null RUNNING, sleep 450ms and then retry.
java.lang.IllegalStateException: No leader yet : printing ALL groups
  s3:  RUNNING CANDIDATE s3@group-A1B89BB4020A:t7, leader=null, voted=s3, raftlog=s3@group-A1B89BB4020A-SegmentedRaftLog:OPENED:c-1,f-1,i0, conf=-1: [s3:0.0.0.0:34761, s4:0.0.0.0:42956, s0:0.0.0.0:35561, s1:0.0.0.0:38095, s2:0.0.0.0:39611], old=null RUNNING
  s4:  RUNNING CANDIDATE s4@group-A1B89BB4020A:t7, leader=null, voted=s4, raftlog=s4@group-A1B89BB4020A-SegmentedRaftLog:OPENED:c-1,f-1,i0, conf=-1: [s3:0.0.0.0:34761, s4:0.0.0.0:42956, s0:0.0.0.0:35561, s1:0.0.0.0:38095, s2:0.0.0.0:39611], old=null RUNNING
  s0:  RUNNING CANDIDATE s0@group-A1B89BB4020A:t7, leader=null, voted=s0, raftlog=s0@group-A1B89BB4020A-SegmentedRaftLog:OPENED:c-1,f-1,i0, conf=-1: [s3:0.0.0.0:34761, s4:0.0.0.0:42956, s0:0.0.0.0:35561, s1:0.0.0.0:38095, s2:0.0.0.0:39611], old=null RUNNING
  s1:  RUNNING CANDIDATE s1@group-A1B89BB4020A:t7, leader=null, voted=s1, raftlog=s1@group-A1B89BB4020A-SegmentedRaftLog:OPENED:c-1,f-1,i0, conf=-1: [s3:0.0.0.0:34761, s4:0.0.0.0:42956, s0:0.0.0.0:35561, s1:0.0.0.0:38095, s2:0.0.0.0:39611], old=null RUNNING
  s2:  RUNNING CANDIDATE s2@group-A1B89BB4020A:t7, leader=null, voted=s2, raftlog=s2@group-A1B89BB4020A-SegmentedRaftLog:OPENED:c-1,f-1,i0, conf=-1: [s3:0.0.0.0:34761, s4:0.0.0.0:42956, s0:0.0.0.0:35561, s1:0.0.0.0:38095, s2:0.0.0.0:39611], old=null RUNNING
	at org.apache.ratis.MiniRaftCluster.newIllegalStateExceptionForNoLeaders(MiniRaftCluster.java:506)
	at org.apache.ratis.RaftTestUtil.lambda$waitForLeader$1(RaftTestUtil.java:90)
	at org.apache.ratis.MiniRaftCluster.getLeader(MiniRaftCluster.java:539)
	at org.apache.ratis.MiniRaftCluster.getLeader(MiniRaftCluster.java:532)
	at org.apache.ratis.RaftTestUtil.lambda$waitForLeader$3(RaftTestUtil.java:98)
	at org.apache.ratis.util.JavaUtils.attempt(JavaUtils.java:152)
	at org.apache.ratis.RaftTestUtil.waitForLeader(RaftTestUtil.java:97)
	at org.apache.ratis.RaftTestUtil.waitForLeader(RaftTestUtil.java:77)
	at org.apache.ratis.RaftTestUtil.waitForLeader(RaftTestUtil.java:72)
	at org.apache.ratis.RaftBasicTests.runTestOldLeaderNotCommit(RaftBasicTests.java:218)
	at org.apache.ratis.MiniRaftCluster$Factory$Get.runWithNewCluster(MiniRaftCluster.java:125)
	at org.apache.ratis.MiniRaftCluster$Factory$Get.runWithNewCluster(MiniRaftCluster.java:113)
	at org.apache.ratis.RaftBasicTests.testOldLeaderNotCommit(RaftBasicTests.java:214)
	at sun.reflect.NativeMethodAccessorImpl.invoke0(Native Method)
	at sun.reflect.NativeMethodAccessorImpl.invoke(NativeMethodAccessorImpl.java:62)
	at sun.reflect.DelegatingMethodAccessorImpl.invoke(DelegatingMethodAccessorImpl.java:43)
	at java.lang.reflect.Method.invoke(Method.java:498)
	at org.junit.runners.model.FrameworkMethod$1.runReflectiveCall(FrameworkMethod.java:50)
	at org.junit.internal.runners.model.ReflectiveCallable.run(ReflectiveCallable.java:12)
	at org.junit.runners.model.FrameworkMethod.invokeExplosively(FrameworkMethod.java:47)
	at org.junit.internal.runners.statements.InvokeMethod.evaluate(InvokeMethod.java:17)
	at org.junit.internal.runners.statements.RunAfters.evaluate(RunAfters.java:27)
	at org.junit.internal.runners.statements.FailOnTimeout$CallableStatement.call(FailOnTimeout.java:298)
	at org.junit.internal.runners.statements.FailOnTimeout$CallableStatement.call(FailOnTimeout.java:292)
	at java.util.concurrent.FutureTask.run(FutureTask.java:266)
	at java.lang.Thread.run(Thread.java:748)
2019-09-24 16:44:36,509 INFO  impl.LeaderElection (LeaderElection.java:logAndReturn(56)) - s0@group-A1B89BB4020A-LeaderElection163: Election TIMEOUT; received 3 response(s) [s0<-s3#0:FAIL-t7, s0<-s4#0:FAIL-t7, s0<-s2#0:FAIL-t7] and 0 exception(s); s0@group-A1B89BB4020A:t7, leader=null, voted=s0, raftlog=s0@group-A1B89BB4020A-SegmentedRaftLog:OPENED:c-1,f-1,i0, conf=-1: [s3:0.0.0.0:34761, s4:0.0.0.0:42956, s0:0.0.0.0:35561, s1:0.0.0.0:38095, s2:0.0.0.0:39611], old=null
2019-09-24 16:44:36,514 INFO  impl.LeaderElection (LeaderElection.java:logAndReturn(56)) - s3@group-A1B89BB4020A-LeaderElection160: Election TIMEOUT; received 3 response(s) [s3<-s4#0:FAIL-t7, s3<-s0#0:FAIL-t7, s3<-s2#0:FAIL-t7] and 0 exception(s); s3@group-A1B89BB4020A:t7, leader=null, voted=s3, raftlog=s3@group-A1B89BB4020A-SegmentedRaftLog:OPENED:c-1,f-1,i0, conf=-1: [s3:0.0.0.0:34761, s4:0.0.0.0:42956, s0:0.0.0.0:35561, s1:0.0.0.0:38095, s2:0.0.0.0:39611], old=null
2019-09-24 16:44:36,565 INFO  impl.LeaderElection (LeaderElection.java:logAndReturn(56)) - s2@group-A1B89BB4020A-LeaderElection162: Election TIMEOUT; received 3 response(s) [s2<-s3#0:FAIL-t7, s2<-s4#0:FAIL-t7, s2<-s0#0:FAIL-t7] and 0 exception(s); s2@group-A1B89BB4020A:t7, leader=null, voted=s2, raftlog=s2@group-A1B89BB4020A-SegmentedRaftLog:OPENED:c-1,f-1,i0, conf=-1: [s3:0.0.0.0:34761, s4:0.0.0.0:42956, s0:0.0.0.0:35561, s1:0.0.0.0:38095, s2:0.0.0.0:39611], old=null
2019-09-24 16:44:36,599 INFO  impl.LeaderElection (LeaderElection.java:logAndReturn(56)) - s4@group-A1B89BB4020A-LeaderElection164: Election TIMEOUT; received 3 response(s) [s4<-s3#0:FAIL-t7, s4<-s0#0:FAIL-t7, s4<-s2#0:FAIL-t7] and 0 exception(s); s4@group-A1B89BB4020A:t7, leader=null, voted=s4, raftlog=s4@group-A1B89BB4020A-SegmentedRaftLog:OPENED:c-1,f-1,i0, conf=-1: [s3:0.0.0.0:34761, s4:0.0.0.0:42956, s0:0.0.0.0:35561, s1:0.0.0.0:38095, s2:0.0.0.0:39611], old=null
2019-09-24 16:44:36,886 WARN  ratis.RaftTestUtil (JavaUtils.java:attempt(158)) - FAILED "waitForLeader-null-(expectLeader? true)", attempt #70/100: java.lang.IllegalStateException: No leader yet : printing ALL groups
  s3:  RUNNING CANDIDATE s3@group-A1B89BB4020A:t8, leader=null, voted=s3, raftlog=s3@group-A1B89BB4020A-SegmentedRaftLog:OPENED:c-1,f-1,i0, conf=-1: [s3:0.0.0.0:34761, s4:0.0.0.0:42956, s0:0.0.0.0:35561, s1:0.0.0.0:38095, s2:0.0.0.0:39611], old=null RUNNING
  s4:  RUNNING CANDIDATE s4@group-A1B89BB4020A:t8, leader=null, voted=s4, raftlog=s4@group-A1B89BB4020A-SegmentedRaftLog:OPENED:c-1,f-1,i0, conf=-1: [s3:0.0.0.0:34761, s4:0.0.0.0:42956, s0:0.0.0.0:35561, s1:0.0.0.0:38095, s2:0.0.0.0:39611], old=null RUNNING
  s0:  RUNNING CANDIDATE s0@group-A1B89BB4020A:t8, leader=null, voted=s0, raftlog=s0@group-A1B89BB4020A-SegmentedRaftLog:OPENED:c-1,f-1,i0, conf=-1: [s3:0.0.0.0:34761, s4:0.0.0.0:42956, s0:0.0.0.0:35561, s1:0.0.0.0:38095, s2:0.0.0.0:39611], old=null RUNNING
  s1:  RUNNING CANDIDATE s1@group-A1B89BB4020A:t7, leader=null, voted=s1, raftlog=s1@group-A1B89BB4020A-SegmentedRaftLog:OPENED:c-1,f-1,i0, conf=-1: [s3:0.0.0.0:34761, s4:0.0.0.0:42956, s0:0.0.0.0:35561, s1:0.0.0.0:38095, s2:0.0.0.0:39611], old=null RUNNING
  s2:  RUNNING CANDIDATE s2@group-A1B89BB4020A:t8, leader=null, voted=s2, raftlog=s2@group-A1B89BB4020A-SegmentedRaftLog:OPENED:c-1,f-1,i0, conf=-1: [s3:0.0.0.0:34761, s4:0.0.0.0:42956, s0:0.0.0.0:35561, s1:0.0.0.0:38095, s2:0.0.0.0:39611], old=null RUNNING, sleep 450ms and then retry.
java.lang.IllegalStateException: No leader yet : printing ALL groups
  s3:  RUNNING CANDIDATE s3@group-A1B89BB4020A:t8, leader=null, voted=s3, raftlog=s3@group-A1B89BB4020A-SegmentedRaftLog:OPENED:c-1,f-1,i0, conf=-1: [s3:0.0.0.0:34761, s4:0.0.0.0:42956, s0:0.0.0.0:35561, s1:0.0.0.0:38095, s2:0.0.0.0:39611], old=null RUNNING
  s4:  RUNNING CANDIDATE s4@group-A1B89BB4020A:t8, leader=null, voted=s4, raftlog=s4@group-A1B89BB4020A-SegmentedRaftLog:OPENED:c-1,f-1,i0, conf=-1: [s3:0.0.0.0:34761, s4:0.0.0.0:42956, s0:0.0.0.0:35561, s1:0.0.0.0:38095, s2:0.0.0.0:39611], old=null RUNNING
  s0:  RUNNING CANDIDATE s0@group-A1B89BB4020A:t8, leader=null, voted=s0, raftlog=s0@group-A1B89BB4020A-SegmentedRaftLog:OPENED:c-1,f-1,i0, conf=-1: [s3:0.0.0.0:34761, s4:0.0.0.0:42956, s0:0.0.0.0:35561, s1:0.0.0.0:38095, s2:0.0.0.0:39611], old=null RUNNING
  s1:  RUNNING CANDIDATE s1@group-A1B89BB4020A:t7, leader=null, voted=s1, raftlog=s1@group-A1B89BB4020A-SegmentedRaftLog:OPENED:c-1,f-1,i0, conf=-1: [s3:0.0.0.0:34761, s4:0.0.0.0:42956, s0:0.0.0.0:35561, s1:0.0.0.0:38095, s2:0.0.0.0:39611], old=null RUNNING
  s2:  RUNNING CANDIDATE s2@group-A1B89BB4020A:t8, leader=null, voted=s2, raftlog=s2@group-A1B89BB4020A-SegmentedRaftLog:OPENED:c-1,f-1,i0, conf=-1: [s3:0.0.0.0:34761, s4:0.0.0.0:42956, s0:0.0.0.0:35561, s1:0.0.0.0:38095, s2:0.0.0.0:39611], old=null RUNNING
	at org.apache.ratis.MiniRaftCluster.newIllegalStateExceptionForNoLeaders(MiniRaftCluster.java:506)
	at org.apache.ratis.RaftTestUtil.lambda$waitForLeader$1(RaftTestUtil.java:90)
	at org.apache.ratis.MiniRaftCluster.getLeader(MiniRaftCluster.java:539)
	at org.apache.ratis.MiniRaftCluster.getLeader(MiniRaftCluster.java:532)
	at org.apache.ratis.RaftTestUtil.lambda$waitForLeader$3(RaftTestUtil.java:98)
	at org.apache.ratis.util.JavaUtils.attempt(JavaUtils.java:152)
	at org.apache.ratis.RaftTestUtil.waitForLeader(RaftTestUtil.java:97)
	at org.apache.ratis.RaftTestUtil.waitForLeader(RaftTestUtil.java:77)
	at org.apache.ratis.RaftTestUtil.waitForLeader(RaftTestUtil.java:72)
	at org.apache.ratis.RaftBasicTests.runTestOldLeaderNotCommit(RaftBasicTests.java:218)
	at org.apache.ratis.MiniRaftCluster$Factory$Get.runWithNewCluster(MiniRaftCluster.java:125)
	at org.apache.ratis.MiniRaftCluster$Factory$Get.runWithNewCluster(MiniRaftCluster.java:113)
	at org.apache.ratis.RaftBasicTests.testOldLeaderNotCommit(RaftBasicTests.java:214)
	at sun.reflect.NativeMethodAccessorImpl.invoke0(Native Method)
	at sun.reflect.NativeMethodAccessorImpl.invoke(NativeMethodAccessorImpl.java:62)
	at sun.reflect.DelegatingMethodAccessorImpl.invoke(DelegatingMethodAccessorImpl.java:43)
	at java.lang.reflect.Method.invoke(Method.java:498)
	at org.junit.runners.model.FrameworkMethod$1.runReflectiveCall(FrameworkMethod.java:50)
	at org.junit.internal.runners.model.ReflectiveCallable.run(ReflectiveCallable.java:12)
	at org.junit.runners.model.FrameworkMethod.invokeExplosively(FrameworkMethod.java:47)
	at org.junit.internal.runners.statements.InvokeMethod.evaluate(InvokeMethod.java:17)
	at org.junit.internal.runners.statements.RunAfters.evaluate(RunAfters.java:27)
	at org.junit.internal.runners.statements.FailOnTimeout$CallableStatement.call(FailOnTimeout.java:298)
	at org.junit.internal.runners.statements.FailOnTimeout$CallableStatement.call(FailOnTimeout.java:292)
	at java.util.concurrent.FutureTask.run(FutureTask.java:266)
	at java.lang.Thread.run(Thread.java:748)
2019-09-24 16:44:37,338 WARN  ratis.RaftTestUtil (JavaUtils.java:attempt(158)) - FAILED "waitForLeader-null-(expectLeader? true)", attempt #71/100: java.lang.IllegalStateException: No leader yet : printing ALL groups
  s3:  RUNNING CANDIDATE s3@group-A1B89BB4020A:t8, leader=null, voted=s3, raftlog=s3@group-A1B89BB4020A-SegmentedRaftLog:OPENED:c-1,f-1,i0, conf=-1: [s3:0.0.0.0:34761, s4:0.0.0.0:42956, s0:0.0.0.0:35561, s1:0.0.0.0:38095, s2:0.0.0.0:39611], old=null RUNNING
  s4:  RUNNING CANDIDATE s4@group-A1B89BB4020A:t8, leader=null, voted=s4, raftlog=s4@group-A1B89BB4020A-SegmentedRaftLog:OPENED:c-1,f-1,i0, conf=-1: [s3:0.0.0.0:34761, s4:0.0.0.0:42956, s0:0.0.0.0:35561, s1:0.0.0.0:38095, s2:0.0.0.0:39611], old=null RUNNING
  s0:  RUNNING CANDIDATE s0@group-A1B89BB4020A:t8, leader=null, voted=s0, raftlog=s0@group-A1B89BB4020A-SegmentedRaftLog:OPENED:c-1,f-1,i0, conf=-1: [s3:0.0.0.0:34761, s4:0.0.0.0:42956, s0:0.0.0.0:35561, s1:0.0.0.0:38095, s2:0.0.0.0:39611], old=null RUNNING
  s1:  RUNNING CANDIDATE s1@group-A1B89BB4020A:t7, leader=null, voted=s1, raftlog=s1@group-A1B89BB4020A-SegmentedRaftLog:OPENED:c-1,f-1,i0, conf=-1: [s3:0.0.0.0:34761, s4:0.0.0.0:42956, s0:0.0.0.0:35561, s1:0.0.0.0:38095, s2:0.0.0.0:39611], old=null RUNNING
  s2:  RUNNING CANDIDATE s2@group-A1B89BB4020A:t8, leader=null, voted=s2, raftlog=s2@group-A1B89BB4020A-SegmentedRaftLog:OPENED:c-1,f-1,i0, conf=-1: [s3:0.0.0.0:34761, s4:0.0.0.0:42956, s0:0.0.0.0:35561, s1:0.0.0.0:38095, s2:0.0.0.0:39611], old=null RUNNING, sleep 450ms and then retry.
java.lang.IllegalStateException: No leader yet : printing ALL groups
  s3:  RUNNING CANDIDATE s3@group-A1B89BB4020A:t8, leader=null, voted=s3, raftlog=s3@group-A1B89BB4020A-SegmentedRaftLog:OPENED:c-1,f-1,i0, conf=-1: [s3:0.0.0.0:34761, s4:0.0.0.0:42956, s0:0.0.0.0:35561, s1:0.0.0.0:38095, s2:0.0.0.0:39611], old=null RUNNING
  s4:  RUNNING CANDIDATE s4@group-A1B89BB4020A:t8, leader=null, voted=s4, raftlog=s4@group-A1B89BB4020A-SegmentedRaftLog:OPENED:c-1,f-1,i0, conf=-1: [s3:0.0.0.0:34761, s4:0.0.0.0:42956, s0:0.0.0.0:35561, s1:0.0.0.0:38095, s2:0.0.0.0:39611], old=null RUNNING
  s0:  RUNNING CANDIDATE s0@group-A1B89BB4020A:t8, leader=null, voted=s0, raftlog=s0@group-A1B89BB4020A-SegmentedRaftLog:OPENED:c-1,f-1,i0, conf=-1: [s3:0.0.0.0:34761, s4:0.0.0.0:42956, s0:0.0.0.0:35561, s1:0.0.0.0:38095, s2:0.0.0.0:39611], old=null RUNNING
  s1:  RUNNING CANDIDATE s1@group-A1B89BB4020A:t7, leader=null, voted=s1, raftlog=s1@group-A1B89BB4020A-SegmentedRaftLog:OPENED:c-1,f-1,i0, conf=-1: [s3:0.0.0.0:34761, s4:0.0.0.0:42956, s0:0.0.0.0:35561, s1:0.0.0.0:38095, s2:0.0.0.0:39611], old=null RUNNING
  s2:  RUNNING CANDIDATE s2@group-A1B89BB4020A:t8, leader=null, voted=s2, raftlog=s2@group-A1B89BB4020A-SegmentedRaftLog:OPENED:c-1,f-1,i0, conf=-1: [s3:0.0.0.0:34761, s4:0.0.0.0:42956, s0:0.0.0.0:35561, s1:0.0.0.0:38095, s2:0.0.0.0:39611], old=null RUNNING
	at org.apache.ratis.MiniRaftCluster.newIllegalStateExceptionForNoLeaders(MiniRaftCluster.java:506)
	at org.apache.ratis.RaftTestUtil.lambda$waitForLeader$1(RaftTestUtil.java:90)
	at org.apache.ratis.MiniRaftCluster.getLeader(MiniRaftCluster.java:539)
	at org.apache.ratis.MiniRaftCluster.getLeader(MiniRaftCluster.java:532)
	at org.apache.ratis.RaftTestUtil.lambda$waitForLeader$3(RaftTestUtil.java:98)
	at org.apache.ratis.util.JavaUtils.attempt(JavaUtils.java:152)
	at org.apache.ratis.RaftTestUtil.waitForLeader(RaftTestUtil.java:97)
	at org.apache.ratis.RaftTestUtil.waitForLeader(RaftTestUtil.java:77)
	at org.apache.ratis.RaftTestUtil.waitForLeader(RaftTestUtil.java:72)
	at org.apache.ratis.RaftBasicTests.runTestOldLeaderNotCommit(RaftBasicTests.java:218)
	at org.apache.ratis.MiniRaftCluster$Factory$Get.runWithNewCluster(MiniRaftCluster.java:125)
	at org.apache.ratis.MiniRaftCluster$Factory$Get.runWithNewCluster(MiniRaftCluster.java:113)
	at org.apache.ratis.RaftBasicTests.testOldLeaderNotCommit(RaftBasicTests.java:214)
	at sun.reflect.NativeMethodAccessorImpl.invoke0(Native Method)
	at sun.reflect.NativeMethodAccessorImpl.invoke(NativeMethodAccessorImpl.java:62)
	at sun.reflect.DelegatingMethodAccessorImpl.invoke(DelegatingMethodAccessorImpl.java:43)
	at java.lang.reflect.Method.invoke(Method.java:498)
	at org.junit.runners.model.FrameworkMethod$1.runReflectiveCall(FrameworkMethod.java:50)
	at org.junit.internal.runners.model.ReflectiveCallable.run(ReflectiveCallable.java:12)
	at org.junit.runners.model.FrameworkMethod.invokeExplosively(FrameworkMethod.java:47)
	at org.junit.internal.runners.statements.InvokeMethod.evaluate(InvokeMethod.java:17)
	at org.junit.internal.runners.statements.RunAfters.evaluate(RunAfters.java:27)
	at org.junit.internal.runners.statements.FailOnTimeout$CallableStatement.call(FailOnTimeout.java:298)
	at org.junit.internal.runners.statements.FailOnTimeout$CallableStatement.call(FailOnTimeout.java:292)
	at java.util.concurrent.FutureTask.run(FutureTask.java:266)
	at java.lang.Thread.run(Thread.java:748)
2019-09-24 16:44:37,789 WARN  ratis.RaftTestUtil (JavaUtils.java:attempt(158)) - FAILED "waitForLeader-null-(expectLeader? true)", attempt #72/100: java.lang.IllegalStateException: No leader yet : printing ALL groups
  s3:  RUNNING CANDIDATE s3@group-A1B89BB4020A:t8, leader=null, voted=s3, raftlog=s3@group-A1B89BB4020A-SegmentedRaftLog:OPENED:c-1,f-1,i0, conf=-1: [s3:0.0.0.0:34761, s4:0.0.0.0:42956, s0:0.0.0.0:35561, s1:0.0.0.0:38095, s2:0.0.0.0:39611], old=null RUNNING
  s4:  RUNNING CANDIDATE s4@group-A1B89BB4020A:t8, leader=null, voted=s4, raftlog=s4@group-A1B89BB4020A-SegmentedRaftLog:OPENED:c-1,f-1,i0, conf=-1: [s3:0.0.0.0:34761, s4:0.0.0.0:42956, s0:0.0.0.0:35561, s1:0.0.0.0:38095, s2:0.0.0.0:39611], old=null RUNNING
  s0:  RUNNING CANDIDATE s0@group-A1B89BB4020A:t8, leader=null, voted=s0, raftlog=s0@group-A1B89BB4020A-SegmentedRaftLog:OPENED:c-1,f-1,i0, conf=-1: [s3:0.0.0.0:34761, s4:0.0.0.0:42956, s0:0.0.0.0:35561, s1:0.0.0.0:38095, s2:0.0.0.0:39611], old=null RUNNING
  s1:  RUNNING CANDIDATE s1@group-A1B89BB4020A:t7, leader=null, voted=s1, raftlog=s1@group-A1B89BB4020A-SegmentedRaftLog:OPENED:c-1,f-1,i0, conf=-1: [s3:0.0.0.0:34761, s4:0.0.0.0:42956, s0:0.0.0.0:35561, s1:0.0.0.0:38095, s2:0.0.0.0:39611], old=null RUNNING
  s2:  RUNNING CANDIDATE s2@group-A1B89BB4020A:t8, leader=null, voted=s2, raftlog=s2@group-A1B89BB4020A-SegmentedRaftLog:OPENED:c-1,f-1,i0, conf=-1: [s3:0.0.0.0:34761, s4:0.0.0.0:42956, s0:0.0.0.0:35561, s1:0.0.0.0:38095, s2:0.0.0.0:39611], old=null RUNNING, sleep 450ms and then retry.
java.lang.IllegalStateException: No leader yet : printing ALL groups
  s3:  RUNNING CANDIDATE s3@group-A1B89BB4020A:t8, leader=null, voted=s3, raftlog=s3@group-A1B89BB4020A-SegmentedRaftLog:OPENED:c-1,f-1,i0, conf=-1: [s3:0.0.0.0:34761, s4:0.0.0.0:42956, s0:0.0.0.0:35561, s1:0.0.0.0:38095, s2:0.0.0.0:39611], old=null RUNNING
  s4:  RUNNING CANDIDATE s4@group-A1B89BB4020A:t8, leader=null, voted=s4, raftlog=s4@group-A1B89BB4020A-SegmentedRaftLog:OPENED:c-1,f-1,i0, conf=-1: [s3:0.0.0.0:34761, s4:0.0.0.0:42956, s0:0.0.0.0:35561, s1:0.0.0.0:38095, s2:0.0.0.0:39611], old=null RUNNING
  s0:  RUNNING CANDIDATE s0@group-A1B89BB4020A:t8, leader=null, voted=s0, raftlog=s0@group-A1B89BB4020A-SegmentedRaftLog:OPENED:c-1,f-1,i0, conf=-1: [s3:0.0.0.0:34761, s4:0.0.0.0:42956, s0:0.0.0.0:35561, s1:0.0.0.0:38095, s2:0.0.0.0:39611], old=null RUNNING
  s1:  RUNNING CANDIDATE s1@group-A1B89BB4020A:t7, leader=null, voted=s1, raftlog=s1@group-A1B89BB4020A-SegmentedRaftLog:OPENED:c-1,f-1,i0, conf=-1: [s3:0.0.0.0:34761, s4:0.0.0.0:42956, s0:0.0.0.0:35561, s1:0.0.0.0:38095, s2:0.0.0.0:39611], old=null RUNNING
  s2:  RUNNING CANDIDATE s2@group-A1B89BB4020A:t8, leader=null, voted=s2, raftlog=s2@group-A1B89BB4020A-SegmentedRaftLog:OPENED:c-1,f-1,i0, conf=-1: [s3:0.0.0.0:34761, s4:0.0.0.0:42956, s0:0.0.0.0:35561, s1:0.0.0.0:38095, s2:0.0.0.0:39611], old=null RUNNING
	at org.apache.ratis.MiniRaftCluster.newIllegalStateExceptionForNoLeaders(MiniRaftCluster.java:506)
	at org.apache.ratis.RaftTestUtil.lambda$waitForLeader$1(RaftTestUtil.java:90)
	at org.apache.ratis.MiniRaftCluster.getLeader(MiniRaftCluster.java:539)
	at org.apache.ratis.MiniRaftCluster.getLeader(MiniRaftCluster.java:532)
	at org.apache.ratis.RaftTestUtil.lambda$waitForLeader$3(RaftTestUtil.java:98)
	at org.apache.ratis.util.JavaUtils.attempt(JavaUtils.java:152)
	at org.apache.ratis.RaftTestUtil.waitForLeader(RaftTestUtil.java:97)
	at org.apache.ratis.RaftTestUtil.waitForLeader(RaftTestUtil.java:77)
	at org.apache.ratis.RaftTestUtil.waitForLeader(RaftTestUtil.java:72)
	at org.apache.ratis.RaftBasicTests.runTestOldLeaderNotCommit(RaftBasicTests.java:218)
	at org.apache.ratis.MiniRaftCluster$Factory$Get.runWithNewCluster(MiniRaftCluster.java:125)
	at org.apache.ratis.MiniRaftCluster$Factory$Get.runWithNewCluster(MiniRaftCluster.java:113)
	at org.apache.ratis.RaftBasicTests.testOldLeaderNotCommit(RaftBasicTests.java:214)
	at sun.reflect.NativeMethodAccessorImpl.invoke0(Native Method)
	at sun.reflect.NativeMethodAccessorImpl.invoke(NativeMethodAccessorImpl.java:62)
	at sun.reflect.DelegatingMethodAccessorImpl.invoke(DelegatingMethodAccessorImpl.java:43)
	at java.lang.reflect.Method.invoke(Method.java:498)
	at org.junit.runners.model.FrameworkMethod$1.runReflectiveCall(FrameworkMethod.java:50)
	at org.junit.internal.runners.model.ReflectiveCallable.run(ReflectiveCallable.java:12)
	at org.junit.runners.model.FrameworkMethod.invokeExplosively(FrameworkMethod.java:47)
	at org.junit.internal.runners.statements.InvokeMethod.evaluate(InvokeMethod.java:17)
	at org.junit.internal.runners.statements.RunAfters.evaluate(RunAfters.java:27)
	at org.junit.internal.runners.statements.FailOnTimeout$CallableStatement.call(FailOnTimeout.java:298)
	at org.junit.internal.runners.statements.FailOnTimeout$CallableStatement.call(FailOnTimeout.java:292)
	at java.util.concurrent.FutureTask.run(FutureTask.java:266)
	at java.lang.Thread.run(Thread.java:748)
2019-09-24 16:44:38,240 WARN  ratis.RaftTestUtil (JavaUtils.java:attempt(158)) - FAILED "waitForLeader-null-(expectLeader? true)", attempt #73/100: java.lang.IllegalStateException: No leader yet : printing ALL groups
  s3:  RUNNING CANDIDATE s3@group-A1B89BB4020A:t8, leader=null, voted=s3, raftlog=s3@group-A1B89BB4020A-SegmentedRaftLog:OPENED:c-1,f-1,i0, conf=-1: [s3:0.0.0.0:34761, s4:0.0.0.0:42956, s0:0.0.0.0:35561, s1:0.0.0.0:38095, s2:0.0.0.0:39611], old=null RUNNING
  s4:  RUNNING CANDIDATE s4@group-A1B89BB4020A:t8, leader=null, voted=s4, raftlog=s4@group-A1B89BB4020A-SegmentedRaftLog:OPENED:c-1,f-1,i0, conf=-1: [s3:0.0.0.0:34761, s4:0.0.0.0:42956, s0:0.0.0.0:35561, s1:0.0.0.0:38095, s2:0.0.0.0:39611], old=null RUNNING
  s0:  RUNNING CANDIDATE s0@group-A1B89BB4020A:t8, leader=null, voted=s0, raftlog=s0@group-A1B89BB4020A-SegmentedRaftLog:OPENED:c-1,f-1,i0, conf=-1: [s3:0.0.0.0:34761, s4:0.0.0.0:42956, s0:0.0.0.0:35561, s1:0.0.0.0:38095, s2:0.0.0.0:39611], old=null RUNNING
  s1:  RUNNING CANDIDATE s1@group-A1B89BB4020A:t7, leader=null, voted=s1, raftlog=s1@group-A1B89BB4020A-SegmentedRaftLog:OPENED:c-1,f-1,i0, conf=-1: [s3:0.0.0.0:34761, s4:0.0.0.0:42956, s0:0.0.0.0:35561, s1:0.0.0.0:38095, s2:0.0.0.0:39611], old=null RUNNING
  s2:  RUNNING CANDIDATE s2@group-A1B89BB4020A:t8, leader=null, voted=s2, raftlog=s2@group-A1B89BB4020A-SegmentedRaftLog:OPENED:c-1,f-1,i0, conf=-1: [s3:0.0.0.0:34761, s4:0.0.0.0:42956, s0:0.0.0.0:35561, s1:0.0.0.0:38095, s2:0.0.0.0:39611], old=null RUNNING, sleep 450ms and then retry.
java.lang.IllegalStateException: No leader yet : printing ALL groups
  s3:  RUNNING CANDIDATE s3@group-A1B89BB4020A:t8, leader=null, voted=s3, raftlog=s3@group-A1B89BB4020A-SegmentedRaftLog:OPENED:c-1,f-1,i0, conf=-1: [s3:0.0.0.0:34761, s4:0.0.0.0:42956, s0:0.0.0.0:35561, s1:0.0.0.0:38095, s2:0.0.0.0:39611], old=null RUNNING
  s4:  RUNNING CANDIDATE s4@group-A1B89BB4020A:t8, leader=null, voted=s4, raftlog=s4@group-A1B89BB4020A-SegmentedRaftLog:OPENED:c-1,f-1,i0, conf=-1: [s3:0.0.0.0:34761, s4:0.0.0.0:42956, s0:0.0.0.0:35561, s1:0.0.0.0:38095, s2:0.0.0.0:39611], old=null RUNNING
  s0:  RUNNING CANDIDATE s0@group-A1B89BB4020A:t8, leader=null, voted=s0, raftlog=s0@group-A1B89BB4020A-SegmentedRaftLog:OPENED:c-1,f-1,i0, conf=-1: [s3:0.0.0.0:34761, s4:0.0.0.0:42956, s0:0.0.0.0:35561, s1:0.0.0.0:38095, s2:0.0.0.0:39611], old=null RUNNING
  s1:  RUNNING CANDIDATE s1@group-A1B89BB4020A:t7, leader=null, voted=s1, raftlog=s1@group-A1B89BB4020A-SegmentedRaftLog:OPENED:c-1,f-1,i0, conf=-1: [s3:0.0.0.0:34761, s4:0.0.0.0:42956, s0:0.0.0.0:35561, s1:0.0.0.0:38095, s2:0.0.0.0:39611], old=null RUNNING
  s2:  RUNNING CANDIDATE s2@group-A1B89BB4020A:t8, leader=null, voted=s2, raftlog=s2@group-A1B89BB4020A-SegmentedRaftLog:OPENED:c-1,f-1,i0, conf=-1: [s3:0.0.0.0:34761, s4:0.0.0.0:42956, s0:0.0.0.0:35561, s1:0.0.0.0:38095, s2:0.0.0.0:39611], old=null RUNNING
	at org.apache.ratis.MiniRaftCluster.newIllegalStateExceptionForNoLeaders(MiniRaftCluster.java:506)
	at org.apache.ratis.RaftTestUtil.lambda$waitForLeader$1(RaftTestUtil.java:90)
	at org.apache.ratis.MiniRaftCluster.getLeader(MiniRaftCluster.java:539)
	at org.apache.ratis.MiniRaftCluster.getLeader(MiniRaftCluster.java:532)
	at org.apache.ratis.RaftTestUtil.lambda$waitForLeader$3(RaftTestUtil.java:98)
	at org.apache.ratis.util.JavaUtils.attempt(JavaUtils.java:152)
	at org.apache.ratis.RaftTestUtil.waitForLeader(RaftTestUtil.java:97)
	at org.apache.ratis.RaftTestUtil.waitForLeader(RaftTestUtil.java:77)
	at org.apache.ratis.RaftTestUtil.waitForLeader(RaftTestUtil.java:72)
	at org.apache.ratis.RaftBasicTests.runTestOldLeaderNotCommit(RaftBasicTests.java:218)
	at org.apache.ratis.MiniRaftCluster$Factory$Get.runWithNewCluster(MiniRaftCluster.java:125)
	at org.apache.ratis.MiniRaftCluster$Factory$Get.runWithNewCluster(MiniRaftCluster.java:113)
	at org.apache.ratis.RaftBasicTests.testOldLeaderNotCommit(RaftBasicTests.java:214)
	at sun.reflect.NativeMethodAccessorImpl.invoke0(Native Method)
	at sun.reflect.NativeMethodAccessorImpl.invoke(NativeMethodAccessorImpl.java:62)
	at sun.reflect.DelegatingMethodAccessorImpl.invoke(DelegatingMethodAccessorImpl.java:43)
	at java.lang.reflect.Method.invoke(Method.java:498)
	at org.junit.runners.model.FrameworkMethod$1.runReflectiveCall(FrameworkMethod.java:50)
	at org.junit.internal.runners.model.ReflectiveCallable.run(ReflectiveCallable.java:12)
	at org.junit.runners.model.FrameworkMethod.invokeExplosively(FrameworkMethod.java:47)
	at org.junit.internal.runners.statements.InvokeMethod.evaluate(InvokeMethod.java:17)
	at org.junit.internal.runners.statements.RunAfters.evaluate(RunAfters.java:27)
	at org.junit.internal.runners.statements.FailOnTimeout$CallableStatement.call(FailOnTimeout.java:298)
	at org.junit.internal.runners.statements.FailOnTimeout$CallableStatement.call(FailOnTimeout.java:292)
	at java.util.concurrent.FutureTask.run(FutureTask.java:266)
	at java.lang.Thread.run(Thread.java:748)
2019-09-24 16:44:38,692 WARN  ratis.RaftTestUtil (JavaUtils.java:attempt(158)) - FAILED "waitForLeader-null-(expectLeader? true)", attempt #74/100: java.lang.IllegalStateException: No leader yet : printing ALL groups
  s3:  RUNNING CANDIDATE s3@group-A1B89BB4020A:t8, leader=null, voted=s3, raftlog=s3@group-A1B89BB4020A-SegmentedRaftLog:OPENED:c-1,f-1,i0, conf=-1: [s3:0.0.0.0:34761, s4:0.0.0.0:42956, s0:0.0.0.0:35561, s1:0.0.0.0:38095, s2:0.0.0.0:39611], old=null RUNNING
  s4:  RUNNING CANDIDATE s4@group-A1B89BB4020A:t8, leader=null, voted=s4, raftlog=s4@group-A1B89BB4020A-SegmentedRaftLog:OPENED:c-1,f-1,i0, conf=-1: [s3:0.0.0.0:34761, s4:0.0.0.0:42956, s0:0.0.0.0:35561, s1:0.0.0.0:38095, s2:0.0.0.0:39611], old=null RUNNING
  s0:  RUNNING CANDIDATE s0@group-A1B89BB4020A:t8, leader=null, voted=s0, raftlog=s0@group-A1B89BB4020A-SegmentedRaftLog:OPENED:c-1,f-1,i0, conf=-1: [s3:0.0.0.0:34761, s4:0.0.0.0:42956, s0:0.0.0.0:35561, s1:0.0.0.0:38095, s2:0.0.0.0:39611], old=null RUNNING
  s1:  RUNNING CANDIDATE s1@group-A1B89BB4020A:t7, leader=null, voted=s1, raftlog=s1@group-A1B89BB4020A-SegmentedRaftLog:OPENED:c-1,f-1,i0, conf=-1: [s3:0.0.0.0:34761, s4:0.0.0.0:42956, s0:0.0.0.0:35561, s1:0.0.0.0:38095, s2:0.0.0.0:39611], old=null RUNNING
  s2:  RUNNING CANDIDATE s2@group-A1B89BB4020A:t8, leader=null, voted=s2, raftlog=s2@group-A1B89BB4020A-SegmentedRaftLog:OPENED:c-1,f-1,i0, conf=-1: [s3:0.0.0.0:34761, s4:0.0.0.0:42956, s0:0.0.0.0:35561, s1:0.0.0.0:38095, s2:0.0.0.0:39611], old=null RUNNING, sleep 450ms and then retry.
java.lang.IllegalStateException: No leader yet : printing ALL groups
  s3:  RUNNING CANDIDATE s3@group-A1B89BB4020A:t8, leader=null, voted=s3, raftlog=s3@group-A1B89BB4020A-SegmentedRaftLog:OPENED:c-1,f-1,i0, conf=-1: [s3:0.0.0.0:34761, s4:0.0.0.0:42956, s0:0.0.0.0:35561, s1:0.0.0.0:38095, s2:0.0.0.0:39611], old=null RUNNING
  s4:  RUNNING CANDIDATE s4@group-A1B89BB4020A:t8, leader=null, voted=s4, raftlog=s4@group-A1B89BB4020A-SegmentedRaftLog:OPENED:c-1,f-1,i0, conf=-1: [s3:0.0.0.0:34761, s4:0.0.0.0:42956, s0:0.0.0.0:35561, s1:0.0.0.0:38095, s2:0.0.0.0:39611], old=null RUNNING
  s0:  RUNNING CANDIDATE s0@group-A1B89BB4020A:t8, leader=null, voted=s0, raftlog=s0@group-A1B89BB4020A-SegmentedRaftLog:OPENED:c-1,f-1,i0, conf=-1: [s3:0.0.0.0:34761, s4:0.0.0.0:42956, s0:0.0.0.0:35561, s1:0.0.0.0:38095, s2:0.0.0.0:39611], old=null RUNNING
  s1:  RUNNING CANDIDATE s1@group-A1B89BB4020A:t7, leader=null, voted=s1, raftlog=s1@group-A1B89BB4020A-SegmentedRaftLog:OPENED:c-1,f-1,i0, conf=-1: [s3:0.0.0.0:34761, s4:0.0.0.0:42956, s0:0.0.0.0:35561, s1:0.0.0.0:38095, s2:0.0.0.0:39611], old=null RUNNING
  s2:  RUNNING CANDIDATE s2@group-A1B89BB4020A:t8, leader=null, voted=s2, raftlog=s2@group-A1B89BB4020A-SegmentedRaftLog:OPENED:c-1,f-1,i0, conf=-1: [s3:0.0.0.0:34761, s4:0.0.0.0:42956, s0:0.0.0.0:35561, s1:0.0.0.0:38095, s2:0.0.0.0:39611], old=null RUNNING
	at org.apache.ratis.MiniRaftCluster.newIllegalStateExceptionForNoLeaders(MiniRaftCluster.java:506)
	at org.apache.ratis.RaftTestUtil.lambda$waitForLeader$1(RaftTestUtil.java:90)
	at org.apache.ratis.MiniRaftCluster.getLeader(MiniRaftCluster.java:539)
	at org.apache.ratis.MiniRaftCluster.getLeader(MiniRaftCluster.java:532)
	at org.apache.ratis.RaftTestUtil.lambda$waitForLeader$3(RaftTestUtil.java:98)
	at org.apache.ratis.util.JavaUtils.attempt(JavaUtils.java:152)
	at org.apache.ratis.RaftTestUtil.waitForLeader(RaftTestUtil.java:97)
	at org.apache.ratis.RaftTestUtil.waitForLeader(RaftTestUtil.java:77)
	at org.apache.ratis.RaftTestUtil.waitForLeader(RaftTestUtil.java:72)
	at org.apache.ratis.RaftBasicTests.runTestOldLeaderNotCommit(RaftBasicTests.java:218)
	at org.apache.ratis.MiniRaftCluster$Factory$Get.runWithNewCluster(MiniRaftCluster.java:125)
	at org.apache.ratis.MiniRaftCluster$Factory$Get.runWithNewCluster(MiniRaftCluster.java:113)
	at org.apache.ratis.RaftBasicTests.testOldLeaderNotCommit(RaftBasicTests.java:214)
	at sun.reflect.NativeMethodAccessorImpl.invoke0(Native Method)
	at sun.reflect.NativeMethodAccessorImpl.invoke(NativeMethodAccessorImpl.java:62)
	at sun.reflect.DelegatingMethodAccessorImpl.invoke(DelegatingMethodAccessorImpl.java:43)
	at java.lang.reflect.Method.invoke(Method.java:498)
	at org.junit.runners.model.FrameworkMethod$1.runReflectiveCall(FrameworkMethod.java:50)
	at org.junit.internal.runners.model.ReflectiveCallable.run(ReflectiveCallable.java:12)
	at org.junit.runners.model.FrameworkMethod.invokeExplosively(FrameworkMethod.java:47)
	at org.junit.internal.runners.statements.InvokeMethod.evaluate(InvokeMethod.java:17)
	at org.junit.internal.runners.statements.RunAfters.evaluate(RunAfters.java:27)
	at org.junit.internal.runners.statements.FailOnTimeout$CallableStatement.call(FailOnTimeout.java:298)
	at org.junit.internal.runners.statements.FailOnTimeout$CallableStatement.call(FailOnTimeout.java:292)
	at java.util.concurrent.FutureTask.run(FutureTask.java:266)
	at java.lang.Thread.run(Thread.java:748)
2019-09-24 16:44:39,143 WARN  ratis.RaftTestUtil (JavaUtils.java:attempt(158)) - FAILED "waitForLeader-null-(expectLeader? true)", attempt #75/100: java.lang.IllegalStateException: No leader yet : printing ALL groups
  s3:  RUNNING CANDIDATE s3@group-A1B89BB4020A:t8, leader=null, voted=s3, raftlog=s3@group-A1B89BB4020A-SegmentedRaftLog:OPENED:c-1,f-1,i0, conf=-1: [s3:0.0.0.0:34761, s4:0.0.0.0:42956, s0:0.0.0.0:35561, s1:0.0.0.0:38095, s2:0.0.0.0:39611], old=null RUNNING
  s4:  RUNNING CANDIDATE s4@group-A1B89BB4020A:t8, leader=null, voted=s4, raftlog=s4@group-A1B89BB4020A-SegmentedRaftLog:OPENED:c-1,f-1,i0, conf=-1: [s3:0.0.0.0:34761, s4:0.0.0.0:42956, s0:0.0.0.0:35561, s1:0.0.0.0:38095, s2:0.0.0.0:39611], old=null RUNNING
  s0:  RUNNING CANDIDATE s0@group-A1B89BB4020A:t8, leader=null, voted=s0, raftlog=s0@group-A1B89BB4020A-SegmentedRaftLog:OPENED:c-1,f-1,i0, conf=-1: [s3:0.0.0.0:34761, s4:0.0.0.0:42956, s0:0.0.0.0:35561, s1:0.0.0.0:38095, s2:0.0.0.0:39611], old=null RUNNING
  s1:  RUNNING CANDIDATE s1@group-A1B89BB4020A:t7, leader=null, voted=s1, raftlog=s1@group-A1B89BB4020A-SegmentedRaftLog:OPENED:c-1,f-1,i0, conf=-1: [s3:0.0.0.0:34761, s4:0.0.0.0:42956, s0:0.0.0.0:35561, s1:0.0.0.0:38095, s2:0.0.0.0:39611], old=null RUNNING
  s2:  RUNNING CANDIDATE s2@group-A1B89BB4020A:t8, leader=null, voted=s2, raftlog=s2@group-A1B89BB4020A-SegmentedRaftLog:OPENED:c-1,f-1,i0, conf=-1: [s3:0.0.0.0:34761, s4:0.0.0.0:42956, s0:0.0.0.0:35561, s1:0.0.0.0:38095, s2:0.0.0.0:39611], old=null RUNNING, sleep 450ms and then retry.
java.lang.IllegalStateException: No leader yet : printing ALL groups
  s3:  RUNNING CANDIDATE s3@group-A1B89BB4020A:t8, leader=null, voted=s3, raftlog=s3@group-A1B89BB4020A-SegmentedRaftLog:OPENED:c-1,f-1,i0, conf=-1: [s3:0.0.0.0:34761, s4:0.0.0.0:42956, s0:0.0.0.0:35561, s1:0.0.0.0:38095, s2:0.0.0.0:39611], old=null RUNNING
  s4:  RUNNING CANDIDATE s4@group-A1B89BB4020A:t8, leader=null, voted=s4, raftlog=s4@group-A1B89BB4020A-SegmentedRaftLog:OPENED:c-1,f-1,i0, conf=-1: [s3:0.0.0.0:34761, s4:0.0.0.0:42956, s0:0.0.0.0:35561, s1:0.0.0.0:38095, s2:0.0.0.0:39611], old=null RUNNING
  s0:  RUNNING CANDIDATE s0@group-A1B89BB4020A:t8, leader=null, voted=s0, raftlog=s0@group-A1B89BB4020A-SegmentedRaftLog:OPENED:c-1,f-1,i0, conf=-1: [s3:0.0.0.0:34761, s4:0.0.0.0:42956, s0:0.0.0.0:35561, s1:0.0.0.0:38095, s2:0.0.0.0:39611], old=null RUNNING
  s1:  RUNNING CANDIDATE s1@group-A1B89BB4020A:t7, leader=null, voted=s1, raftlog=s1@group-A1B89BB4020A-SegmentedRaftLog:OPENED:c-1,f-1,i0, conf=-1: [s3:0.0.0.0:34761, s4:0.0.0.0:42956, s0:0.0.0.0:35561, s1:0.0.0.0:38095, s2:0.0.0.0:39611], old=null RUNNING
  s2:  RUNNING CANDIDATE s2@group-A1B89BB4020A:t8, leader=null, voted=s2, raftlog=s2@group-A1B89BB4020A-SegmentedRaftLog:OPENED:c-1,f-1,i0, conf=-1: [s3:0.0.0.0:34761, s4:0.0.0.0:42956, s0:0.0.0.0:35561, s1:0.0.0.0:38095, s2:0.0.0.0:39611], old=null RUNNING
	at org.apache.ratis.MiniRaftCluster.newIllegalStateExceptionForNoLeaders(MiniRaftCluster.java:506)
	at org.apache.ratis.RaftTestUtil.lambda$waitForLeader$1(RaftTestUtil.java:90)
	at org.apache.ratis.MiniRaftCluster.getLeader(MiniRaftCluster.java:539)
	at org.apache.ratis.MiniRaftCluster.getLeader(MiniRaftCluster.java:532)
	at org.apache.ratis.RaftTestUtil.lambda$waitForLeader$3(RaftTestUtil.java:98)
	at org.apache.ratis.util.JavaUtils.attempt(JavaUtils.java:152)
	at org.apache.ratis.RaftTestUtil.waitForLeader(RaftTestUtil.java:97)
	at org.apache.ratis.RaftTestUtil.waitForLeader(RaftTestUtil.java:77)
	at org.apache.ratis.RaftTestUtil.waitForLeader(RaftTestUtil.java:72)
	at org.apache.ratis.RaftBasicTests.runTestOldLeaderNotCommit(RaftBasicTests.java:218)
	at org.apache.ratis.MiniRaftCluster$Factory$Get.runWithNewCluster(MiniRaftCluster.java:125)
	at org.apache.ratis.MiniRaftCluster$Factory$Get.runWithNewCluster(MiniRaftCluster.java:113)
	at org.apache.ratis.RaftBasicTests.testOldLeaderNotCommit(RaftBasicTests.java:214)
	at sun.reflect.NativeMethodAccessorImpl.invoke0(Native Method)
	at sun.reflect.NativeMethodAccessorImpl.invoke(NativeMethodAccessorImpl.java:62)
	at sun.reflect.DelegatingMethodAccessorImpl.invoke(DelegatingMethodAccessorImpl.java:43)
	at java.lang.reflect.Method.invoke(Method.java:498)
	at org.junit.runners.model.FrameworkMethod$1.runReflectiveCall(FrameworkMethod.java:50)
	at org.junit.internal.runners.model.ReflectiveCallable.run(ReflectiveCallable.java:12)
	at org.junit.runners.model.FrameworkMethod.invokeExplosively(FrameworkMethod.java:47)
	at org.junit.internal.runners.statements.InvokeMethod.evaluate(InvokeMethod.java:17)
	at org.junit.internal.runners.statements.RunAfters.evaluate(RunAfters.java:27)
	at org.junit.internal.runners.statements.FailOnTimeout$CallableStatement.call(FailOnTimeout.java:298)
	at org.junit.internal.runners.statements.FailOnTimeout$CallableStatement.call(FailOnTimeout.java:292)
	at java.util.concurrent.FutureTask.run(FutureTask.java:266)
	at java.lang.Thread.run(Thread.java:748)
2019-09-24 16:44:39,595 WARN  ratis.RaftTestUtil (JavaUtils.java:attempt(158)) - FAILED "waitForLeader-null-(expectLeader? true)", attempt #76/100: java.lang.IllegalStateException: No leader yet : printing ALL groups
  s3:  RUNNING CANDIDATE s3@group-A1B89BB4020A:t8, leader=null, voted=s3, raftlog=s3@group-A1B89BB4020A-SegmentedRaftLog:OPENED:c-1,f-1,i0, conf=-1: [s3:0.0.0.0:34761, s4:0.0.0.0:42956, s0:0.0.0.0:35561, s1:0.0.0.0:38095, s2:0.0.0.0:39611], old=null RUNNING
  s4:  RUNNING CANDIDATE s4@group-A1B89BB4020A:t8, leader=null, voted=s4, raftlog=s4@group-A1B89BB4020A-SegmentedRaftLog:OPENED:c-1,f-1,i0, conf=-1: [s3:0.0.0.0:34761, s4:0.0.0.0:42956, s0:0.0.0.0:35561, s1:0.0.0.0:38095, s2:0.0.0.0:39611], old=null RUNNING
  s0:  RUNNING CANDIDATE s0@group-A1B89BB4020A:t8, leader=null, voted=s0, raftlog=s0@group-A1B89BB4020A-SegmentedRaftLog:OPENED:c-1,f-1,i0, conf=-1: [s3:0.0.0.0:34761, s4:0.0.0.0:42956, s0:0.0.0.0:35561, s1:0.0.0.0:38095, s2:0.0.0.0:39611], old=null RUNNING
  s1:  RUNNING CANDIDATE s1@group-A1B89BB4020A:t7, leader=null, voted=s1, raftlog=s1@group-A1B89BB4020A-SegmentedRaftLog:OPENED:c-1,f-1,i0, conf=-1: [s3:0.0.0.0:34761, s4:0.0.0.0:42956, s0:0.0.0.0:35561, s1:0.0.0.0:38095, s2:0.0.0.0:39611], old=null RUNNING
  s2:  RUNNING CANDIDATE s2@group-A1B89BB4020A:t8, leader=null, voted=s2, raftlog=s2@group-A1B89BB4020A-SegmentedRaftLog:OPENED:c-1,f-1,i0, conf=-1: [s3:0.0.0.0:34761, s4:0.0.0.0:42956, s0:0.0.0.0:35561, s1:0.0.0.0:38095, s2:0.0.0.0:39611], old=null RUNNING, sleep 450ms and then retry.
java.lang.IllegalStateException: No leader yet : printing ALL groups
  s3:  RUNNING CANDIDATE s3@group-A1B89BB4020A:t8, leader=null, voted=s3, raftlog=s3@group-A1B89BB4020A-SegmentedRaftLog:OPENED:c-1,f-1,i0, conf=-1: [s3:0.0.0.0:34761, s4:0.0.0.0:42956, s0:0.0.0.0:35561, s1:0.0.0.0:38095, s2:0.0.0.0:39611], old=null RUNNING
  s4:  RUNNING CANDIDATE s4@group-A1B89BB4020A:t8, leader=null, voted=s4, raftlog=s4@group-A1B89BB4020A-SegmentedRaftLog:OPENED:c-1,f-1,i0, conf=-1: [s3:0.0.0.0:34761, s4:0.0.0.0:42956, s0:0.0.0.0:35561, s1:0.0.0.0:38095, s2:0.0.0.0:39611], old=null RUNNING
  s0:  RUNNING CANDIDATE s0@group-A1B89BB4020A:t8, leader=null, voted=s0, raftlog=s0@group-A1B89BB4020A-SegmentedRaftLog:OPENED:c-1,f-1,i0, conf=-1: [s3:0.0.0.0:34761, s4:0.0.0.0:42956, s0:0.0.0.0:35561, s1:0.0.0.0:38095, s2:0.0.0.0:39611], old=null RUNNING
  s1:  RUNNING CANDIDATE s1@group-A1B89BB4020A:t7, leader=null, voted=s1, raftlog=s1@group-A1B89BB4020A-SegmentedRaftLog:OPENED:c-1,f-1,i0, conf=-1: [s3:0.0.0.0:34761, s4:0.0.0.0:42956, s0:0.0.0.0:35561, s1:0.0.0.0:38095, s2:0.0.0.0:39611], old=null RUNNING
  s2:  RUNNING CANDIDATE s2@group-A1B89BB4020A:t8, leader=null, voted=s2, raftlog=s2@group-A1B89BB4020A-SegmentedRaftLog:OPENED:c-1,f-1,i0, conf=-1: [s3:0.0.0.0:34761, s4:0.0.0.0:42956, s0:0.0.0.0:35561, s1:0.0.0.0:38095, s2:0.0.0.0:39611], old=null RUNNING
	at org.apache.ratis.MiniRaftCluster.newIllegalStateExceptionForNoLeaders(MiniRaftCluster.java:506)
	at org.apache.ratis.RaftTestUtil.lambda$waitForLeader$1(RaftTestUtil.java:90)
	at org.apache.ratis.MiniRaftCluster.getLeader(MiniRaftCluster.java:539)
	at org.apache.ratis.MiniRaftCluster.getLeader(MiniRaftCluster.java:532)
	at org.apache.ratis.RaftTestUtil.lambda$waitForLeader$3(RaftTestUtil.java:98)
	at org.apache.ratis.util.JavaUtils.attempt(JavaUtils.java:152)
	at org.apache.ratis.RaftTestUtil.waitForLeader(RaftTestUtil.java:97)
	at org.apache.ratis.RaftTestUtil.waitForLeader(RaftTestUtil.java:77)
	at org.apache.ratis.RaftTestUtil.waitForLeader(RaftTestUtil.java:72)
	at org.apache.ratis.RaftBasicTests.runTestOldLeaderNotCommit(RaftBasicTests.java:218)
	at org.apache.ratis.MiniRaftCluster$Factory$Get.runWithNewCluster(MiniRaftCluster.java:125)
	at org.apache.ratis.MiniRaftCluster$Factory$Get.runWithNewCluster(MiniRaftCluster.java:113)
	at org.apache.ratis.RaftBasicTests.testOldLeaderNotCommit(RaftBasicTests.java:214)
	at sun.reflect.NativeMethodAccessorImpl.invoke0(Native Method)
	at sun.reflect.NativeMethodAccessorImpl.invoke(NativeMethodAccessorImpl.java:62)
	at sun.reflect.DelegatingMethodAccessorImpl.invoke(DelegatingMethodAccessorImpl.java:43)
	at java.lang.reflect.Method.invoke(Method.java:498)
	at org.junit.runners.model.FrameworkMethod$1.runReflectiveCall(FrameworkMethod.java:50)
	at org.junit.internal.runners.model.ReflectiveCallable.run(ReflectiveCallable.java:12)
	at org.junit.runners.model.FrameworkMethod.invokeExplosively(FrameworkMethod.java:47)
	at org.junit.internal.runners.statements.InvokeMethod.evaluate(InvokeMethod.java:17)
	at org.junit.internal.runners.statements.RunAfters.evaluate(RunAfters.java:27)
	at org.junit.internal.runners.statements.FailOnTimeout$CallableStatement.call(FailOnTimeout.java:298)
	at org.junit.internal.runners.statements.FailOnTimeout$CallableStatement.call(FailOnTimeout.java:292)
	at java.util.concurrent.FutureTask.run(FutureTask.java:266)
	at java.lang.Thread.run(Thread.java:748)
2019-09-24 16:44:40,046 WARN  ratis.RaftTestUtil (JavaUtils.java:attempt(158)) - FAILED "waitForLeader-null-(expectLeader? true)", attempt #77/100: java.lang.IllegalStateException: No leader yet : printing ALL groups
  s3:  RUNNING CANDIDATE s3@group-A1B89BB4020A:t8, leader=null, voted=s3, raftlog=s3@group-A1B89BB4020A-SegmentedRaftLog:OPENED:c-1,f-1,i0, conf=-1: [s3:0.0.0.0:34761, s4:0.0.0.0:42956, s0:0.0.0.0:35561, s1:0.0.0.0:38095, s2:0.0.0.0:39611], old=null RUNNING
  s4:  RUNNING CANDIDATE s4@group-A1B89BB4020A:t8, leader=null, voted=s4, raftlog=s4@group-A1B89BB4020A-SegmentedRaftLog:OPENED:c-1,f-1,i0, conf=-1: [s3:0.0.0.0:34761, s4:0.0.0.0:42956, s0:0.0.0.0:35561, s1:0.0.0.0:38095, s2:0.0.0.0:39611], old=null RUNNING
  s0:  RUNNING CANDIDATE s0@group-A1B89BB4020A:t8, leader=null, voted=s0, raftlog=s0@group-A1B89BB4020A-SegmentedRaftLog:OPENED:c-1,f-1,i0, conf=-1: [s3:0.0.0.0:34761, s4:0.0.0.0:42956, s0:0.0.0.0:35561, s1:0.0.0.0:38095, s2:0.0.0.0:39611], old=null RUNNING
  s1:  RUNNING CANDIDATE s1@group-A1B89BB4020A:t7, leader=null, voted=s1, raftlog=s1@group-A1B89BB4020A-SegmentedRaftLog:OPENED:c-1,f-1,i0, conf=-1: [s3:0.0.0.0:34761, s4:0.0.0.0:42956, s0:0.0.0.0:35561, s1:0.0.0.0:38095, s2:0.0.0.0:39611], old=null RUNNING
  s2:  RUNNING CANDIDATE s2@group-A1B89BB4020A:t8, leader=null, voted=s2, raftlog=s2@group-A1B89BB4020A-SegmentedRaftLog:OPENED:c-1,f-1,i0, conf=-1: [s3:0.0.0.0:34761, s4:0.0.0.0:42956, s0:0.0.0.0:35561, s1:0.0.0.0:38095, s2:0.0.0.0:39611], old=null RUNNING, sleep 450ms and then retry.
java.lang.IllegalStateException: No leader yet : printing ALL groups
  s3:  RUNNING CANDIDATE s3@group-A1B89BB4020A:t8, leader=null, voted=s3, raftlog=s3@group-A1B89BB4020A-SegmentedRaftLog:OPENED:c-1,f-1,i0, conf=-1: [s3:0.0.0.0:34761, s4:0.0.0.0:42956, s0:0.0.0.0:35561, s1:0.0.0.0:38095, s2:0.0.0.0:39611], old=null RUNNING
  s4:  RUNNING CANDIDATE s4@group-A1B89BB4020A:t8, leader=null, voted=s4, raftlog=s4@group-A1B89BB4020A-SegmentedRaftLog:OPENED:c-1,f-1,i0, conf=-1: [s3:0.0.0.0:34761, s4:0.0.0.0:42956, s0:0.0.0.0:35561, s1:0.0.0.0:38095, s2:0.0.0.0:39611], old=null RUNNING
  s0:  RUNNING CANDIDATE s0@group-A1B89BB4020A:t8, leader=null, voted=s0, raftlog=s0@group-A1B89BB4020A-SegmentedRaftLog:OPENED:c-1,f-1,i0, conf=-1: [s3:0.0.0.0:34761, s4:0.0.0.0:42956, s0:0.0.0.0:35561, s1:0.0.0.0:38095, s2:0.0.0.0:39611], old=null RUNNING
  s1:  RUNNING CANDIDATE s1@group-A1B89BB4020A:t7, leader=null, voted=s1, raftlog=s1@group-A1B89BB4020A-SegmentedRaftLog:OPENED:c-1,f-1,i0, conf=-1: [s3:0.0.0.0:34761, s4:0.0.0.0:42956, s0:0.0.0.0:35561, s1:0.0.0.0:38095, s2:0.0.0.0:39611], old=null RUNNING
  s2:  RUNNING CANDIDATE s2@group-A1B89BB4020A:t8, leader=null, voted=s2, raftlog=s2@group-A1B89BB4020A-SegmentedRaftLog:OPENED:c-1,f-1,i0, conf=-1: [s3:0.0.0.0:34761, s4:0.0.0.0:42956, s0:0.0.0.0:35561, s1:0.0.0.0:38095, s2:0.0.0.0:39611], old=null RUNNING
	at org.apache.ratis.MiniRaftCluster.newIllegalStateExceptionForNoLeaders(MiniRaftCluster.java:506)
	at org.apache.ratis.RaftTestUtil.lambda$waitForLeader$1(RaftTestUtil.java:90)
	at org.apache.ratis.MiniRaftCluster.getLeader(MiniRaftCluster.java:539)
	at org.apache.ratis.MiniRaftCluster.getLeader(MiniRaftCluster.java:532)
	at org.apache.ratis.RaftTestUtil.lambda$waitForLeader$3(RaftTestUtil.java:98)
	at org.apache.ratis.util.JavaUtils.attempt(JavaUtils.java:152)
	at org.apache.ratis.RaftTestUtil.waitForLeader(RaftTestUtil.java:97)
	at org.apache.ratis.RaftTestUtil.waitForLeader(RaftTestUtil.java:77)
	at org.apache.ratis.RaftTestUtil.waitForLeader(RaftTestUtil.java:72)
	at org.apache.ratis.RaftBasicTests.runTestOldLeaderNotCommit(RaftBasicTests.java:218)
	at org.apache.ratis.MiniRaftCluster$Factory$Get.runWithNewCluster(MiniRaftCluster.java:125)
	at org.apache.ratis.MiniRaftCluster$Factory$Get.runWithNewCluster(MiniRaftCluster.java:113)
	at org.apache.ratis.RaftBasicTests.testOldLeaderNotCommit(RaftBasicTests.java:214)
	at sun.reflect.NativeMethodAccessorImpl.invoke0(Native Method)
	at sun.reflect.NativeMethodAccessorImpl.invoke(NativeMethodAccessorImpl.java:62)
	at sun.reflect.DelegatingMethodAccessorImpl.invoke(DelegatingMethodAccessorImpl.java:43)
	at java.lang.reflect.Method.invoke(Method.java:498)
	at org.junit.runners.model.FrameworkMethod$1.runReflectiveCall(FrameworkMethod.java:50)
	at org.junit.internal.runners.model.ReflectiveCallable.run(ReflectiveCallable.java:12)
	at org.junit.runners.model.FrameworkMethod.invokeExplosively(FrameworkMethod.java:47)
	at org.junit.internal.runners.statements.InvokeMethod.evaluate(InvokeMethod.java:17)
	at org.junit.internal.runners.statements.RunAfters.evaluate(RunAfters.java:27)
	at org.junit.internal.runners.statements.FailOnTimeout$CallableStatement.call(FailOnTimeout.java:298)
	at org.junit.internal.runners.statements.FailOnTimeout$CallableStatement.call(FailOnTimeout.java:292)
	at java.util.concurrent.FutureTask.run(FutureTask.java:266)
	at java.lang.Thread.run(Thread.java:748)
2019-09-24 16:44:40,498 WARN  ratis.RaftTestUtil (JavaUtils.java:attempt(158)) - FAILED "waitForLeader-null-(expectLeader? true)", attempt #78/100: java.lang.IllegalStateException: No leader yet : printing ALL groups
  s3:  RUNNING CANDIDATE s3@group-A1B89BB4020A:t8, leader=null, voted=s3, raftlog=s3@group-A1B89BB4020A-SegmentedRaftLog:OPENED:c-1,f-1,i0, conf=-1: [s3:0.0.0.0:34761, s4:0.0.0.0:42956, s0:0.0.0.0:35561, s1:0.0.0.0:38095, s2:0.0.0.0:39611], old=null RUNNING
  s4:  RUNNING CANDIDATE s4@group-A1B89BB4020A:t8, leader=null, voted=s4, raftlog=s4@group-A1B89BB4020A-SegmentedRaftLog:OPENED:c-1,f-1,i0, conf=-1: [s3:0.0.0.0:34761, s4:0.0.0.0:42956, s0:0.0.0.0:35561, s1:0.0.0.0:38095, s2:0.0.0.0:39611], old=null RUNNING
  s0:  RUNNING CANDIDATE s0@group-A1B89BB4020A:t8, leader=null, voted=s0, raftlog=s0@group-A1B89BB4020A-SegmentedRaftLog:OPENED:c-1,f-1,i0, conf=-1: [s3:0.0.0.0:34761, s4:0.0.0.0:42956, s0:0.0.0.0:35561, s1:0.0.0.0:38095, s2:0.0.0.0:39611], old=null RUNNING
  s1:  RUNNING CANDIDATE s1@group-A1B89BB4020A:t7, leader=null, voted=s1, raftlog=s1@group-A1B89BB4020A-SegmentedRaftLog:OPENED:c-1,f-1,i0, conf=-1: [s3:0.0.0.0:34761, s4:0.0.0.0:42956, s0:0.0.0.0:35561, s1:0.0.0.0:38095, s2:0.0.0.0:39611], old=null RUNNING
  s2:  RUNNING CANDIDATE s2@group-A1B89BB4020A:t8, leader=null, voted=s2, raftlog=s2@group-A1B89BB4020A-SegmentedRaftLog:OPENED:c-1,f-1,i0, conf=-1: [s3:0.0.0.0:34761, s4:0.0.0.0:42956, s0:0.0.0.0:35561, s1:0.0.0.0:38095, s2:0.0.0.0:39611], old=null RUNNING, sleep 450ms and then retry.
java.lang.IllegalStateException: No leader yet : printing ALL groups
  s3:  RUNNING CANDIDATE s3@group-A1B89BB4020A:t8, leader=null, voted=s3, raftlog=s3@group-A1B89BB4020A-SegmentedRaftLog:OPENED:c-1,f-1,i0, conf=-1: [s3:0.0.0.0:34761, s4:0.0.0.0:42956, s0:0.0.0.0:35561, s1:0.0.0.0:38095, s2:0.0.0.0:39611], old=null RUNNING
  s4:  RUNNING CANDIDATE s4@group-A1B89BB4020A:t8, leader=null, voted=s4, raftlog=s4@group-A1B89BB4020A-SegmentedRaftLog:OPENED:c-1,f-1,i0, conf=-1: [s3:0.0.0.0:34761, s4:0.0.0.0:42956, s0:0.0.0.0:35561, s1:0.0.0.0:38095, s2:0.0.0.0:39611], old=null RUNNING
  s0:  RUNNING CANDIDATE s0@group-A1B89BB4020A:t8, leader=null, voted=s0, raftlog=s0@group-A1B89BB4020A-SegmentedRaftLog:OPENED:c-1,f-1,i0, conf=-1: [s3:0.0.0.0:34761, s4:0.0.0.0:42956, s0:0.0.0.0:35561, s1:0.0.0.0:38095, s2:0.0.0.0:39611], old=null RUNNING
  s1:  RUNNING CANDIDATE s1@group-A1B89BB4020A:t7, leader=null, voted=s1, raftlog=s1@group-A1B89BB4020A-SegmentedRaftLog:OPENED:c-1,f-1,i0, conf=-1: [s3:0.0.0.0:34761, s4:0.0.0.0:42956, s0:0.0.0.0:35561, s1:0.0.0.0:38095, s2:0.0.0.0:39611], old=null RUNNING
  s2:  RUNNING CANDIDATE s2@group-A1B89BB4020A:t8, leader=null, voted=s2, raftlog=s2@group-A1B89BB4020A-SegmentedRaftLog:OPENED:c-1,f-1,i0, conf=-1: [s3:0.0.0.0:34761, s4:0.0.0.0:42956, s0:0.0.0.0:35561, s1:0.0.0.0:38095, s2:0.0.0.0:39611], old=null RUNNING
	at org.apache.ratis.MiniRaftCluster.newIllegalStateExceptionForNoLeaders(MiniRaftCluster.java:506)
	at org.apache.ratis.RaftTestUtil.lambda$waitForLeader$1(RaftTestUtil.java:90)
	at org.apache.ratis.MiniRaftCluster.getLeader(MiniRaftCluster.java:539)
	at org.apache.ratis.MiniRaftCluster.getLeader(MiniRaftCluster.java:532)
	at org.apache.ratis.RaftTestUtil.lambda$waitForLeader$3(RaftTestUtil.java:98)
	at org.apache.ratis.util.JavaUtils.attempt(JavaUtils.java:152)
	at org.apache.ratis.RaftTestUtil.waitForLeader(RaftTestUtil.java:97)
	at org.apache.ratis.RaftTestUtil.waitForLeader(RaftTestUtil.java:77)
	at org.apache.ratis.RaftTestUtil.waitForLeader(RaftTestUtil.java:72)
	at org.apache.ratis.RaftBasicTests.runTestOldLeaderNotCommit(RaftBasicTests.java:218)
	at org.apache.ratis.MiniRaftCluster$Factory$Get.runWithNewCluster(MiniRaftCluster.java:125)
	at org.apache.ratis.MiniRaftCluster$Factory$Get.runWithNewCluster(MiniRaftCluster.java:113)
	at org.apache.ratis.RaftBasicTests.testOldLeaderNotCommit(RaftBasicTests.java:214)
	at sun.reflect.NativeMethodAccessorImpl.invoke0(Native Method)
	at sun.reflect.NativeMethodAccessorImpl.invoke(NativeMethodAccessorImpl.java:62)
	at sun.reflect.DelegatingMethodAccessorImpl.invoke(DelegatingMethodAccessorImpl.java:43)
	at java.lang.reflect.Method.invoke(Method.java:498)
	at org.junit.runners.model.FrameworkMethod$1.runReflectiveCall(FrameworkMethod.java:50)
	at org.junit.internal.runners.model.ReflectiveCallable.run(ReflectiveCallable.java:12)
	at org.junit.runners.model.FrameworkMethod.invokeExplosively(FrameworkMethod.java:47)
	at org.junit.internal.runners.statements.InvokeMethod.evaluate(InvokeMethod.java:17)
	at org.junit.internal.runners.statements.RunAfters.evaluate(RunAfters.java:27)
	at org.junit.internal.runners.statements.FailOnTimeout$CallableStatement.call(FailOnTimeout.java:298)
	at org.junit.internal.runners.statements.FailOnTimeout$CallableStatement.call(FailOnTimeout.java:292)
	at java.util.concurrent.FutureTask.run(FutureTask.java:266)
	at java.lang.Thread.run(Thread.java:748)
2019-09-24 16:44:40,949 WARN  ratis.RaftTestUtil (JavaUtils.java:attempt(158)) - FAILED "waitForLeader-null-(expectLeader? true)", attempt #79/100: java.lang.IllegalStateException: No leader yet : printing ALL groups
  s3:  RUNNING CANDIDATE s3@group-A1B89BB4020A:t8, leader=null, voted=s3, raftlog=s3@group-A1B89BB4020A-SegmentedRaftLog:OPENED:c-1,f-1,i0, conf=-1: [s3:0.0.0.0:34761, s4:0.0.0.0:42956, s0:0.0.0.0:35561, s1:0.0.0.0:38095, s2:0.0.0.0:39611], old=null RUNNING
  s4:  RUNNING CANDIDATE s4@group-A1B89BB4020A:t8, leader=null, voted=s4, raftlog=s4@group-A1B89BB4020A-SegmentedRaftLog:OPENED:c-1,f-1,i0, conf=-1: [s3:0.0.0.0:34761, s4:0.0.0.0:42956, s0:0.0.0.0:35561, s1:0.0.0.0:38095, s2:0.0.0.0:39611], old=null RUNNING
  s0:  RUNNING CANDIDATE s0@group-A1B89BB4020A:t8, leader=null, voted=s0, raftlog=s0@group-A1B89BB4020A-SegmentedRaftLog:OPENED:c-1,f-1,i0, conf=-1: [s3:0.0.0.0:34761, s4:0.0.0.0:42956, s0:0.0.0.0:35561, s1:0.0.0.0:38095, s2:0.0.0.0:39611], old=null RUNNING
  s1:  RUNNING CANDIDATE s1@group-A1B89BB4020A:t7, leader=null, voted=s1, raftlog=s1@group-A1B89BB4020A-SegmentedRaftLog:OPENED:c-1,f-1,i0, conf=-1: [s3:0.0.0.0:34761, s4:0.0.0.0:42956, s0:0.0.0.0:35561, s1:0.0.0.0:38095, s2:0.0.0.0:39611], old=null RUNNING
  s2:  RUNNING CANDIDATE s2@group-A1B89BB4020A:t8, leader=null, voted=s2, raftlog=s2@group-A1B89BB4020A-SegmentedRaftLog:OPENED:c-1,f-1,i0, conf=-1: [s3:0.0.0.0:34761, s4:0.0.0.0:42956, s0:0.0.0.0:35561, s1:0.0.0.0:38095, s2:0.0.0.0:39611], old=null RUNNING, sleep 450ms and then retry.
java.lang.IllegalStateException: No leader yet : printing ALL groups
  s3:  RUNNING CANDIDATE s3@group-A1B89BB4020A:t8, leader=null, voted=s3, raftlog=s3@group-A1B89BB4020A-SegmentedRaftLog:OPENED:c-1,f-1,i0, conf=-1: [s3:0.0.0.0:34761, s4:0.0.0.0:42956, s0:0.0.0.0:35561, s1:0.0.0.0:38095, s2:0.0.0.0:39611], old=null RUNNING
  s4:  RUNNING CANDIDATE s4@group-A1B89BB4020A:t8, leader=null, voted=s4, raftlog=s4@group-A1B89BB4020A-SegmentedRaftLog:OPENED:c-1,f-1,i0, conf=-1: [s3:0.0.0.0:34761, s4:0.0.0.0:42956, s0:0.0.0.0:35561, s1:0.0.0.0:38095, s2:0.0.0.0:39611], old=null RUNNING
  s0:  RUNNING CANDIDATE s0@group-A1B89BB4020A:t8, leader=null, voted=s0, raftlog=s0@group-A1B89BB4020A-SegmentedRaftLog:OPENED:c-1,f-1,i0, conf=-1: [s3:0.0.0.0:34761, s4:0.0.0.0:42956, s0:0.0.0.0:35561, s1:0.0.0.0:38095, s2:0.0.0.0:39611], old=null RUNNING
  s1:  RUNNING CANDIDATE s1@group-A1B89BB4020A:t7, leader=null, voted=s1, raftlog=s1@group-A1B89BB4020A-SegmentedRaftLog:OPENED:c-1,f-1,i0, conf=-1: [s3:0.0.0.0:34761, s4:0.0.0.0:42956, s0:0.0.0.0:35561, s1:0.0.0.0:38095, s2:0.0.0.0:39611], old=null RUNNING
  s2:  RUNNING CANDIDATE s2@group-A1B89BB4020A:t8, leader=null, voted=s2, raftlog=s2@group-A1B89BB4020A-SegmentedRaftLog:OPENED:c-1,f-1,i0, conf=-1: [s3:0.0.0.0:34761, s4:0.0.0.0:42956, s0:0.0.0.0:35561, s1:0.0.0.0:38095, s2:0.0.0.0:39611], old=null RUNNING
	at org.apache.ratis.MiniRaftCluster.newIllegalStateExceptionForNoLeaders(MiniRaftCluster.java:506)
	at org.apache.ratis.RaftTestUtil.lambda$waitForLeader$1(RaftTestUtil.java:90)
	at org.apache.ratis.MiniRaftCluster.getLeader(MiniRaftCluster.java:539)
	at org.apache.ratis.MiniRaftCluster.getLeader(MiniRaftCluster.java:532)
	at org.apache.ratis.RaftTestUtil.lambda$waitForLeader$3(RaftTestUtil.java:98)
	at org.apache.ratis.util.JavaUtils.attempt(JavaUtils.java:152)
	at org.apache.ratis.RaftTestUtil.waitForLeader(RaftTestUtil.java:97)
	at org.apache.ratis.RaftTestUtil.waitForLeader(RaftTestUtil.java:77)
	at org.apache.ratis.RaftTestUtil.waitForLeader(RaftTestUtil.java:72)
	at org.apache.ratis.RaftBasicTests.runTestOldLeaderNotCommit(RaftBasicTests.java:218)
	at org.apache.ratis.MiniRaftCluster$Factory$Get.runWithNewCluster(MiniRaftCluster.java:125)
	at org.apache.ratis.MiniRaftCluster$Factory$Get.runWithNewCluster(MiniRaftCluster.java:113)
	at org.apache.ratis.RaftBasicTests.testOldLeaderNotCommit(RaftBasicTests.java:214)
	at sun.reflect.NativeMethodAccessorImpl.invoke0(Native Method)
	at sun.reflect.NativeMethodAccessorImpl.invoke(NativeMethodAccessorImpl.java:62)
	at sun.reflect.DelegatingMethodAccessorImpl.invoke(DelegatingMethodAccessorImpl.java:43)
	at java.lang.reflect.Method.invoke(Method.java:498)
	at org.junit.runners.model.FrameworkMethod$1.runReflectiveCall(FrameworkMethod.java:50)
	at org.junit.internal.runners.model.ReflectiveCallable.run(ReflectiveCallable.java:12)
	at org.junit.runners.model.FrameworkMethod.invokeExplosively(FrameworkMethod.java:47)
	at org.junit.internal.runners.statements.InvokeMethod.evaluate(InvokeMethod.java:17)
	at org.junit.internal.runners.statements.RunAfters.evaluate(RunAfters.java:27)
	at org.junit.internal.runners.statements.FailOnTimeout$CallableStatement.call(FailOnTimeout.java:298)
	at org.junit.internal.runners.statements.FailOnTimeout$CallableStatement.call(FailOnTimeout.java:292)
	at java.util.concurrent.FutureTask.run(FutureTask.java:266)
	at java.lang.Thread.run(Thread.java:748)
2019-09-24 16:44:41,401 WARN  ratis.RaftTestUtil (JavaUtils.java:attempt(158)) - FAILED "waitForLeader-null-(expectLeader? true)", attempt #80/100: java.lang.IllegalStateException: No leader yet : printing ALL groups
  s3:  RUNNING CANDIDATE s3@group-A1B89BB4020A:t8, leader=null, voted=s3, raftlog=s3@group-A1B89BB4020A-SegmentedRaftLog:OPENED:c-1,f-1,i0, conf=-1: [s3:0.0.0.0:34761, s4:0.0.0.0:42956, s0:0.0.0.0:35561, s1:0.0.0.0:38095, s2:0.0.0.0:39611], old=null RUNNING
  s4:  RUNNING CANDIDATE s4@group-A1B89BB4020A:t8, leader=null, voted=s4, raftlog=s4@group-A1B89BB4020A-SegmentedRaftLog:OPENED:c-1,f-1,i0, conf=-1: [s3:0.0.0.0:34761, s4:0.0.0.0:42956, s0:0.0.0.0:35561, s1:0.0.0.0:38095, s2:0.0.0.0:39611], old=null RUNNING
  s0:  RUNNING CANDIDATE s0@group-A1B89BB4020A:t8, leader=null, voted=s0, raftlog=s0@group-A1B89BB4020A-SegmentedRaftLog:OPENED:c-1,f-1,i0, conf=-1: [s3:0.0.0.0:34761, s4:0.0.0.0:42956, s0:0.0.0.0:35561, s1:0.0.0.0:38095, s2:0.0.0.0:39611], old=null RUNNING
  s1:  RUNNING CANDIDATE s1@group-A1B89BB4020A:t7, leader=null, voted=s1, raftlog=s1@group-A1B89BB4020A-SegmentedRaftLog:OPENED:c-1,f-1,i0, conf=-1: [s3:0.0.0.0:34761, s4:0.0.0.0:42956, s0:0.0.0.0:35561, s1:0.0.0.0:38095, s2:0.0.0.0:39611], old=null RUNNING
  s2:  RUNNING CANDIDATE s2@group-A1B89BB4020A:t8, leader=null, voted=s2, raftlog=s2@group-A1B89BB4020A-SegmentedRaftLog:OPENED:c-1,f-1,i0, conf=-1: [s3:0.0.0.0:34761, s4:0.0.0.0:42956, s0:0.0.0.0:35561, s1:0.0.0.0:38095, s2:0.0.0.0:39611], old=null RUNNING, sleep 450ms and then retry.
java.lang.IllegalStateException: No leader yet : printing ALL groups
  s3:  RUNNING CANDIDATE s3@group-A1B89BB4020A:t8, leader=null, voted=s3, raftlog=s3@group-A1B89BB4020A-SegmentedRaftLog:OPENED:c-1,f-1,i0, conf=-1: [s3:0.0.0.0:34761, s4:0.0.0.0:42956, s0:0.0.0.0:35561, s1:0.0.0.0:38095, s2:0.0.0.0:39611], old=null RUNNING
  s4:  RUNNING CANDIDATE s4@group-A1B89BB4020A:t8, leader=null, voted=s4, raftlog=s4@group-A1B89BB4020A-SegmentedRaftLog:OPENED:c-1,f-1,i0, conf=-1: [s3:0.0.0.0:34761, s4:0.0.0.0:42956, s0:0.0.0.0:35561, s1:0.0.0.0:38095, s2:0.0.0.0:39611], old=null RUNNING
  s0:  RUNNING CANDIDATE s0@group-A1B89BB4020A:t8, leader=null, voted=s0, raftlog=s0@group-A1B89BB4020A-SegmentedRaftLog:OPENED:c-1,f-1,i0, conf=-1: [s3:0.0.0.0:34761, s4:0.0.0.0:42956, s0:0.0.0.0:35561, s1:0.0.0.0:38095, s2:0.0.0.0:39611], old=null RUNNING
  s1:  RUNNING CANDIDATE s1@group-A1B89BB4020A:t7, leader=null, voted=s1, raftlog=s1@group-A1B89BB4020A-SegmentedRaftLog:OPENED:c-1,f-1,i0, conf=-1: [s3:0.0.0.0:34761, s4:0.0.0.0:42956, s0:0.0.0.0:35561, s1:0.0.0.0:38095, s2:0.0.0.0:39611], old=null RUNNING
  s2:  RUNNING CANDIDATE s2@group-A1B89BB4020A:t8, leader=null, voted=s2, raftlog=s2@group-A1B89BB4020A-SegmentedRaftLog:OPENED:c-1,f-1,i0, conf=-1: [s3:0.0.0.0:34761, s4:0.0.0.0:42956, s0:0.0.0.0:35561, s1:0.0.0.0:38095, s2:0.0.0.0:39611], old=null RUNNING
	at org.apache.ratis.MiniRaftCluster.newIllegalStateExceptionForNoLeaders(MiniRaftCluster.java:506)
	at org.apache.ratis.RaftTestUtil.lambda$waitForLeader$1(RaftTestUtil.java:90)
	at org.apache.ratis.MiniRaftCluster.getLeader(MiniRaftCluster.java:539)
	at org.apache.ratis.MiniRaftCluster.getLeader(MiniRaftCluster.java:532)
	at org.apache.ratis.RaftTestUtil.lambda$waitForLeader$3(RaftTestUtil.java:98)
	at org.apache.ratis.util.JavaUtils.attempt(JavaUtils.java:152)
	at org.apache.ratis.RaftTestUtil.waitForLeader(RaftTestUtil.java:97)
	at org.apache.ratis.RaftTestUtil.waitForLeader(RaftTestUtil.java:77)
	at org.apache.ratis.RaftTestUtil.waitForLeader(RaftTestUtil.java:72)
	at org.apache.ratis.RaftBasicTests.runTestOldLeaderNotCommit(RaftBasicTests.java:218)
	at org.apache.ratis.MiniRaftCluster$Factory$Get.runWithNewCluster(MiniRaftCluster.java:125)
	at org.apache.ratis.MiniRaftCluster$Factory$Get.runWithNewCluster(MiniRaftCluster.java:113)
	at org.apache.ratis.RaftBasicTests.testOldLeaderNotCommit(RaftBasicTests.java:214)
	at sun.reflect.NativeMethodAccessorImpl.invoke0(Native Method)
	at sun.reflect.NativeMethodAccessorImpl.invoke(NativeMethodAccessorImpl.java:62)
	at sun.reflect.DelegatingMethodAccessorImpl.invoke(DelegatingMethodAccessorImpl.java:43)
	at java.lang.reflect.Method.invoke(Method.java:498)
	at org.junit.runners.model.FrameworkMethod$1.runReflectiveCall(FrameworkMethod.java:50)
	at org.junit.internal.runners.model.ReflectiveCallable.run(ReflectiveCallable.java:12)
	at org.junit.runners.model.FrameworkMethod.invokeExplosively(FrameworkMethod.java:47)
	at org.junit.internal.runners.statements.InvokeMethod.evaluate(InvokeMethod.java:17)
	at org.junit.internal.runners.statements.RunAfters.evaluate(RunAfters.java:27)
	at org.junit.internal.runners.statements.FailOnTimeout$CallableStatement.call(FailOnTimeout.java:298)
	at org.junit.internal.runners.statements.FailOnTimeout$CallableStatement.call(FailOnTimeout.java:292)
	at java.util.concurrent.FutureTask.run(FutureTask.java:266)
	at java.lang.Thread.run(Thread.java:748)
2019-09-24 16:44:41,417 INFO  impl.LeaderElection (LeaderElection.java:askForVotes(178)) - s1@group-A1B89BB4020A-LeaderElection161: begin an election at term 7 for -1: [s3:0.0.0.0:34761, s4:0.0.0.0:42956, s0:0.0.0.0:35561, s1:0.0.0.0:38095, s2:0.0.0.0:39611], old=null
2019-09-24 16:44:41,418 DEBUG impl.RaftServerImpl (RaftServerImpl.java:requestVote(775)) - s1@group-A1B89BB4020A replies to vote request: s4<-s1#0:FAIL-t7. Peer's state: s1@group-A1B89BB4020A:t7, leader=null, voted=s1, raftlog=s1@group-A1B89BB4020A-SegmentedRaftLog:OPENED:c-1,f-1,i0, conf=-1: [s3:0.0.0.0:34761, s4:0.0.0.0:42956, s0:0.0.0.0:35561, s1:0.0.0.0:38095, s2:0.0.0.0:39611], old=null
2019-09-24 16:44:41,418 DEBUG impl.RaftServerImpl (RaftServerImpl.java:requestVote(775)) - s1@group-A1B89BB4020A replies to vote request: s0<-s1#0:FAIL-t7. Peer's state: s1@group-A1B89BB4020A:t7, leader=null, voted=s1, raftlog=s1@group-A1B89BB4020A-SegmentedRaftLog:OPENED:c-1,f-1,i0, conf=-1: [s3:0.0.0.0:34761, s4:0.0.0.0:42956, s0:0.0.0.0:35561, s1:0.0.0.0:38095, s2:0.0.0.0:39611], old=null
2019-09-24 16:44:41,419 DEBUG impl.RaftServerImpl (RaftServerImpl.java:requestVote(775)) - s1@group-A1B89BB4020A replies to vote request: s3<-s1#0:FAIL-t7. Peer's state: s1@group-A1B89BB4020A:t7, leader=null, voted=s1, raftlog=s1@group-A1B89BB4020A-SegmentedRaftLog:OPENED:c-1,f-1,i0, conf=-1: [s3:0.0.0.0:34761, s4:0.0.0.0:42956, s0:0.0.0.0:35561, s1:0.0.0.0:38095, s2:0.0.0.0:39611], old=null
2019-09-24 16:44:41,419 DEBUG impl.RaftServerImpl (RaftServerImpl.java:requestVote(775)) - s1@group-A1B89BB4020A replies to vote request: s2<-s1#0:FAIL-t7. Peer's state: s1@group-A1B89BB4020A:t7, leader=null, voted=s1, raftlog=s1@group-A1B89BB4020A-SegmentedRaftLog:OPENED:c-1,f-1,i0, conf=-1: [s3:0.0.0.0:34761, s4:0.0.0.0:42956, s0:0.0.0.0:35561, s1:0.0.0.0:38095, s2:0.0.0.0:39611], old=null
2019-09-24 16:44:41,421 DEBUG impl.RaftServerImpl (RaftServerImpl.java:requestVote(743)) - s3@group-A1B89BB4020A: receive requestVote(s1, group-A1B89BB4020A, 7, (t:0, i:0))
2019-09-24 16:44:41,421 DEBUG impl.RaftServerImpl (RaftServerImpl.java:requestVote(743)) - s4@group-A1B89BB4020A: receive requestVote(s1, group-A1B89BB4020A, 7, (t:0, i:0))
2019-09-24 16:44:41,421 DEBUG impl.RaftServerImpl (RaftServerImpl.java:requestVote(743)) - s0@group-A1B89BB4020A: receive requestVote(s1, group-A1B89BB4020A, 7, (t:0, i:0))
2019-09-24 16:44:41,422 DEBUG impl.RaftServerImpl (RaftServerImpl.java:requestVote(743)) - s2@group-A1B89BB4020A: receive requestVote(s1, group-A1B89BB4020A, 7, (t:0, i:0))
2019-09-24 16:44:41,644 INFO  impl.LeaderElection (LeaderElection.java:logAndReturn(56)) - s1@group-A1B89BB4020A-LeaderElection161: Election TIMEOUT; received 0 response(s) [] and 0 exception(s); s1@group-A1B89BB4020A:t7, leader=null, voted=s1, raftlog=s1@group-A1B89BB4020A-SegmentedRaftLog:OPENED:c-1,f-1,i0, conf=-1: [s3:0.0.0.0:34761, s4:0.0.0.0:42956, s0:0.0.0.0:35561, s1:0.0.0.0:38095, s2:0.0.0.0:39611], old=null
2019-09-24 16:44:41,852 WARN  ratis.RaftTestUtil (JavaUtils.java:attempt(158)) - FAILED "waitForLeader-null-(expectLeader? true)", attempt #81/100: java.lang.IllegalStateException: No leader yet : printing ALL groups
  s3:  RUNNING CANDIDATE s3@group-A1B89BB4020A:t8, leader=null, voted=s3, raftlog=s3@group-A1B89BB4020A-SegmentedRaftLog:OPENED:c-1,f-1,i0, conf=-1: [s3:0.0.0.0:34761, s4:0.0.0.0:42956, s0:0.0.0.0:35561, s1:0.0.0.0:38095, s2:0.0.0.0:39611], old=null RUNNING
  s4:  RUNNING CANDIDATE s4@group-A1B89BB4020A:t8, leader=null, voted=s4, raftlog=s4@group-A1B89BB4020A-SegmentedRaftLog:OPENED:c-1,f-1,i0, conf=-1: [s3:0.0.0.0:34761, s4:0.0.0.0:42956, s0:0.0.0.0:35561, s1:0.0.0.0:38095, s2:0.0.0.0:39611], old=null RUNNING
  s0:  RUNNING CANDIDATE s0@group-A1B89BB4020A:t8, leader=null, voted=s0, raftlog=s0@group-A1B89BB4020A-SegmentedRaftLog:OPENED:c-1,f-1,i0, conf=-1: [s3:0.0.0.0:34761, s4:0.0.0.0:42956, s0:0.0.0.0:35561, s1:0.0.0.0:38095, s2:0.0.0.0:39611], old=null RUNNING
  s1:  RUNNING CANDIDATE s1@group-A1B89BB4020A:t8, leader=null, voted=s1, raftlog=s1@group-A1B89BB4020A-SegmentedRaftLog:OPENED:c-1,f-1,i0, conf=-1: [s3:0.0.0.0:34761, s4:0.0.0.0:42956, s0:0.0.0.0:35561, s1:0.0.0.0:38095, s2:0.0.0.0:39611], old=null RUNNING
  s2:  RUNNING CANDIDATE s2@group-A1B89BB4020A:t8, leader=null, voted=s2, raftlog=s2@group-A1B89BB4020A-SegmentedRaftLog:OPENED:c-1,f-1,i0, conf=-1: [s3:0.0.0.0:34761, s4:0.0.0.0:42956, s0:0.0.0.0:35561, s1:0.0.0.0:38095, s2:0.0.0.0:39611], old=null RUNNING, sleep 450ms and then retry.
java.lang.IllegalStateException: No leader yet : printing ALL groups
  s3:  RUNNING CANDIDATE s3@group-A1B89BB4020A:t8, leader=null, voted=s3, raftlog=s3@group-A1B89BB4020A-SegmentedRaftLog:OPENED:c-1,f-1,i0, conf=-1: [s3:0.0.0.0:34761, s4:0.0.0.0:42956, s0:0.0.0.0:35561, s1:0.0.0.0:38095, s2:0.0.0.0:39611], old=null RUNNING
  s4:  RUNNING CANDIDATE s4@group-A1B89BB4020A:t8, leader=null, voted=s4, raftlog=s4@group-A1B89BB4020A-SegmentedRaftLog:OPENED:c-1,f-1,i0, conf=-1: [s3:0.0.0.0:34761, s4:0.0.0.0:42956, s0:0.0.0.0:35561, s1:0.0.0.0:38095, s2:0.0.0.0:39611], old=null RUNNING
  s0:  RUNNING CANDIDATE s0@group-A1B89BB4020A:t8, leader=null, voted=s0, raftlog=s0@group-A1B89BB4020A-SegmentedRaftLog:OPENED:c-1,f-1,i0, conf=-1: [s3:0.0.0.0:34761, s4:0.0.0.0:42956, s0:0.0.0.0:35561, s1:0.0.0.0:38095, s2:0.0.0.0:39611], old=null RUNNING
  s1:  RUNNING CANDIDATE s1@group-A1B89BB4020A:t8, leader=null, voted=s1, raftlog=s1@group-A1B89BB4020A-SegmentedRaftLog:OPENED:c-1,f-1,i0, conf=-1: [s3:0.0.0.0:34761, s4:0.0.0.0:42956, s0:0.0.0.0:35561, s1:0.0.0.0:38095, s2:0.0.0.0:39611], old=null RUNNING
  s2:  RUNNING CANDIDATE s2@group-A1B89BB4020A:t8, leader=null, voted=s2, raftlog=s2@group-A1B89BB4020A-SegmentedRaftLog:OPENED:c-1,f-1,i0, conf=-1: [s3:0.0.0.0:34761, s4:0.0.0.0:42956, s0:0.0.0.0:35561, s1:0.0.0.0:38095, s2:0.0.0.0:39611], old=null RUNNING
	at org.apache.ratis.MiniRaftCluster.newIllegalStateExceptionForNoLeaders(MiniRaftCluster.java:506)
	at org.apache.ratis.RaftTestUtil.lambda$waitForLeader$1(RaftTestUtil.java:90)
	at org.apache.ratis.MiniRaftCluster.getLeader(MiniRaftCluster.java:539)
	at org.apache.ratis.MiniRaftCluster.getLeader(MiniRaftCluster.java:532)
	at org.apache.ratis.RaftTestUtil.lambda$waitForLeader$3(RaftTestUtil.java:98)
	at org.apache.ratis.util.JavaUtils.attempt(JavaUtils.java:152)
	at org.apache.ratis.RaftTestUtil.waitForLeader(RaftTestUtil.java:97)
	at org.apache.ratis.RaftTestUtil.waitForLeader(RaftTestUtil.java:77)
	at org.apache.ratis.RaftTestUtil.waitForLeader(RaftTestUtil.java:72)
	at org.apache.ratis.RaftBasicTests.runTestOldLeaderNotCommit(RaftBasicTests.java:218)
	at org.apache.ratis.MiniRaftCluster$Factory$Get.runWithNewCluster(MiniRaftCluster.java:125)
	at org.apache.ratis.MiniRaftCluster$Factory$Get.runWithNewCluster(MiniRaftCluster.java:113)
	at org.apache.ratis.RaftBasicTests.testOldLeaderNotCommit(RaftBasicTests.java:214)
	at sun.reflect.NativeMethodAccessorImpl.invoke0(Native Method)
	at sun.reflect.NativeMethodAccessorImpl.invoke(NativeMethodAccessorImpl.java:62)
	at sun.reflect.DelegatingMethodAccessorImpl.invoke(DelegatingMethodAccessorImpl.java:43)
	at java.lang.reflect.Method.invoke(Method.java:498)
	at org.junit.runners.model.FrameworkMethod$1.runReflectiveCall(FrameworkMethod.java:50)
	at org.junit.internal.runners.model.ReflectiveCallable.run(ReflectiveCallable.java:12)
	at org.junit.runners.model.FrameworkMethod.invokeExplosively(FrameworkMethod.java:47)
	at org.junit.internal.runners.statements.InvokeMethod.evaluate(InvokeMethod.java:17)
	at org.junit.internal.runners.statements.RunAfters.evaluate(RunAfters.java:27)
	at org.junit.internal.runners.statements.FailOnTimeout$CallableStatement.call(FailOnTimeout.java:298)
	at org.junit.internal.runners.statements.FailOnTimeout$CallableStatement.call(FailOnTimeout.java:292)
	at java.util.concurrent.FutureTask.run(FutureTask.java:266)
	at java.lang.Thread.run(Thread.java:748)
2019-09-24 16:44:42,303 WARN  ratis.RaftTestUtil (JavaUtils.java:attempt(158)) - FAILED "waitForLeader-null-(expectLeader? true)", attempt #82/100: java.lang.IllegalStateException: No leader yet : printing ALL groups
  s3:  RUNNING CANDIDATE s3@group-A1B89BB4020A:t8, leader=null, voted=s3, raftlog=s3@group-A1B89BB4020A-SegmentedRaftLog:OPENED:c-1,f-1,i0, conf=-1: [s3:0.0.0.0:34761, s4:0.0.0.0:42956, s0:0.0.0.0:35561, s1:0.0.0.0:38095, s2:0.0.0.0:39611], old=null RUNNING
  s4:  RUNNING CANDIDATE s4@group-A1B89BB4020A:t8, leader=null, voted=s4, raftlog=s4@group-A1B89BB4020A-SegmentedRaftLog:OPENED:c-1,f-1,i0, conf=-1: [s3:0.0.0.0:34761, s4:0.0.0.0:42956, s0:0.0.0.0:35561, s1:0.0.0.0:38095, s2:0.0.0.0:39611], old=null RUNNING
  s0:  RUNNING CANDIDATE s0@group-A1B89BB4020A:t8, leader=null, voted=s0, raftlog=s0@group-A1B89BB4020A-SegmentedRaftLog:OPENED:c-1,f-1,i0, conf=-1: [s3:0.0.0.0:34761, s4:0.0.0.0:42956, s0:0.0.0.0:35561, s1:0.0.0.0:38095, s2:0.0.0.0:39611], old=null RUNNING
  s1:  RUNNING CANDIDATE s1@group-A1B89BB4020A:t8, leader=null, voted=s1, raftlog=s1@group-A1B89BB4020A-SegmentedRaftLog:OPENED:c-1,f-1,i0, conf=-1: [s3:0.0.0.0:34761, s4:0.0.0.0:42956, s0:0.0.0.0:35561, s1:0.0.0.0:38095, s2:0.0.0.0:39611], old=null RUNNING
  s2:  RUNNING CANDIDATE s2@group-A1B89BB4020A:t8, leader=null, voted=s2, raftlog=s2@group-A1B89BB4020A-SegmentedRaftLog:OPENED:c-1,f-1,i0, conf=-1: [s3:0.0.0.0:34761, s4:0.0.0.0:42956, s0:0.0.0.0:35561, s1:0.0.0.0:38095, s2:0.0.0.0:39611], old=null RUNNING, sleep 450ms and then retry.
java.lang.IllegalStateException: No leader yet : printing ALL groups
  s3:  RUNNING CANDIDATE s3@group-A1B89BB4020A:t8, leader=null, voted=s3, raftlog=s3@group-A1B89BB4020A-SegmentedRaftLog:OPENED:c-1,f-1,i0, conf=-1: [s3:0.0.0.0:34761, s4:0.0.0.0:42956, s0:0.0.0.0:35561, s1:0.0.0.0:38095, s2:0.0.0.0:39611], old=null RUNNING
  s4:  RUNNING CANDIDATE s4@group-A1B89BB4020A:t8, leader=null, voted=s4, raftlog=s4@group-A1B89BB4020A-SegmentedRaftLog:OPENED:c-1,f-1,i0, conf=-1: [s3:0.0.0.0:34761, s4:0.0.0.0:42956, s0:0.0.0.0:35561, s1:0.0.0.0:38095, s2:0.0.0.0:39611], old=null RUNNING
  s0:  RUNNING CANDIDATE s0@group-A1B89BB4020A:t8, leader=null, voted=s0, raftlog=s0@group-A1B89BB4020A-SegmentedRaftLog:OPENED:c-1,f-1,i0, conf=-1: [s3:0.0.0.0:34761, s4:0.0.0.0:42956, s0:0.0.0.0:35561, s1:0.0.0.0:38095, s2:0.0.0.0:39611], old=null RUNNING
  s1:  RUNNING CANDIDATE s1@group-A1B89BB4020A:t8, leader=null, voted=s1, raftlog=s1@group-A1B89BB4020A-SegmentedRaftLog:OPENED:c-1,f-1,i0, conf=-1: [s3:0.0.0.0:34761, s4:0.0.0.0:42956, s0:0.0.0.0:35561, s1:0.0.0.0:38095, s2:0.0.0.0:39611], old=null RUNNING
  s2:  RUNNING CANDIDATE s2@group-A1B89BB4020A:t8, leader=null, voted=s2, raftlog=s2@group-A1B89BB4020A-SegmentedRaftLog:OPENED:c-1,f-1,i0, conf=-1: [s3:0.0.0.0:34761, s4:0.0.0.0:42956, s0:0.0.0.0:35561, s1:0.0.0.0:38095, s2:0.0.0.0:39611], old=null RUNNING
	at org.apache.ratis.MiniRaftCluster.newIllegalStateExceptionForNoLeaders(MiniRaftCluster.java:506)
	at org.apache.ratis.RaftTestUtil.lambda$waitForLeader$1(RaftTestUtil.java:90)
	at org.apache.ratis.MiniRaftCluster.getLeader(MiniRaftCluster.java:539)
	at org.apache.ratis.MiniRaftCluster.getLeader(MiniRaftCluster.java:532)
	at org.apache.ratis.RaftTestUtil.lambda$waitForLeader$3(RaftTestUtil.java:98)
	at org.apache.ratis.util.JavaUtils.attempt(JavaUtils.java:152)
	at org.apache.ratis.RaftTestUtil.waitForLeader(RaftTestUtil.java:97)
	at org.apache.ratis.RaftTestUtil.waitForLeader(RaftTestUtil.java:77)
	at org.apache.ratis.RaftTestUtil.waitForLeader(RaftTestUtil.java:72)
	at org.apache.ratis.RaftBasicTests.runTestOldLeaderNotCommit(RaftBasicTests.java:218)
	at org.apache.ratis.MiniRaftCluster$Factory$Get.runWithNewCluster(MiniRaftCluster.java:125)
	at org.apache.ratis.MiniRaftCluster$Factory$Get.runWithNewCluster(MiniRaftCluster.java:113)
	at org.apache.ratis.RaftBasicTests.testOldLeaderNotCommit(RaftBasicTests.java:214)
	at sun.reflect.NativeMethodAccessorImpl.invoke0(Native Method)
	at sun.reflect.NativeMethodAccessorImpl.invoke(NativeMethodAccessorImpl.java:62)
	at sun.reflect.DelegatingMethodAccessorImpl.invoke(DelegatingMethodAccessorImpl.java:43)
	at java.lang.reflect.Method.invoke(Method.java:498)
	at org.junit.runners.model.FrameworkMethod$1.runReflectiveCall(FrameworkMethod.java:50)
	at org.junit.internal.runners.model.ReflectiveCallable.run(ReflectiveCallable.java:12)
	at org.junit.runners.model.FrameworkMethod.invokeExplosively(FrameworkMethod.java:47)
	at org.junit.internal.runners.statements.InvokeMethod.evaluate(InvokeMethod.java:17)
	at org.junit.internal.runners.statements.RunAfters.evaluate(RunAfters.java:27)
	at org.junit.internal.runners.statements.FailOnTimeout$CallableStatement.call(FailOnTimeout.java:298)
	at org.junit.internal.runners.statements.FailOnTimeout$CallableStatement.call(FailOnTimeout.java:292)
	at java.util.concurrent.FutureTask.run(FutureTask.java:266)
	at java.lang.Thread.run(Thread.java:748)
2019-09-24 16:44:42,755 WARN  ratis.RaftTestUtil (JavaUtils.java:attempt(158)) - FAILED "waitForLeader-null-(expectLeader? true)", attempt #83/100: java.lang.IllegalStateException: No leader yet : printing ALL groups
  s3:  RUNNING CANDIDATE s3@group-A1B89BB4020A:t8, leader=null, voted=s3, raftlog=s3@group-A1B89BB4020A-SegmentedRaftLog:OPENED:c-1,f-1,i0, conf=-1: [s3:0.0.0.0:34761, s4:0.0.0.0:42956, s0:0.0.0.0:35561, s1:0.0.0.0:38095, s2:0.0.0.0:39611], old=null RUNNING
  s4:  RUNNING CANDIDATE s4@group-A1B89BB4020A:t8, leader=null, voted=s4, raftlog=s4@group-A1B89BB4020A-SegmentedRaftLog:OPENED:c-1,f-1,i0, conf=-1: [s3:0.0.0.0:34761, s4:0.0.0.0:42956, s0:0.0.0.0:35561, s1:0.0.0.0:38095, s2:0.0.0.0:39611], old=null RUNNING
  s0:  RUNNING CANDIDATE s0@group-A1B89BB4020A:t8, leader=null, voted=s0, raftlog=s0@group-A1B89BB4020A-SegmentedRaftLog:OPENED:c-1,f-1,i0, conf=-1: [s3:0.0.0.0:34761, s4:0.0.0.0:42956, s0:0.0.0.0:35561, s1:0.0.0.0:38095, s2:0.0.0.0:39611], old=null RUNNING
  s1:  RUNNING CANDIDATE s1@group-A1B89BB4020A:t8, leader=null, voted=s1, raftlog=s1@group-A1B89BB4020A-SegmentedRaftLog:OPENED:c-1,f-1,i0, conf=-1: [s3:0.0.0.0:34761, s4:0.0.0.0:42956, s0:0.0.0.0:35561, s1:0.0.0.0:38095, s2:0.0.0.0:39611], old=null RUNNING
  s2:  RUNNING CANDIDATE s2@group-A1B89BB4020A:t8, leader=null, voted=s2, raftlog=s2@group-A1B89BB4020A-SegmentedRaftLog:OPENED:c-1,f-1,i0, conf=-1: [s3:0.0.0.0:34761, s4:0.0.0.0:42956, s0:0.0.0.0:35561, s1:0.0.0.0:38095, s2:0.0.0.0:39611], old=null RUNNING, sleep 450ms and then retry.
java.lang.IllegalStateException: No leader yet : printing ALL groups
  s3:  RUNNING CANDIDATE s3@group-A1B89BB4020A:t8, leader=null, voted=s3, raftlog=s3@group-A1B89BB4020A-SegmentedRaftLog:OPENED:c-1,f-1,i0, conf=-1: [s3:0.0.0.0:34761, s4:0.0.0.0:42956, s0:0.0.0.0:35561, s1:0.0.0.0:38095, s2:0.0.0.0:39611], old=null RUNNING
  s4:  RUNNING CANDIDATE s4@group-A1B89BB4020A:t8, leader=null, voted=s4, raftlog=s4@group-A1B89BB4020A-SegmentedRaftLog:OPENED:c-1,f-1,i0, conf=-1: [s3:0.0.0.0:34761, s4:0.0.0.0:42956, s0:0.0.0.0:35561, s1:0.0.0.0:38095, s2:0.0.0.0:39611], old=null RUNNING
  s0:  RUNNING CANDIDATE s0@group-A1B89BB4020A:t8, leader=null, voted=s0, raftlog=s0@group-A1B89BB4020A-SegmentedRaftLog:OPENED:c-1,f-1,i0, conf=-1: [s3:0.0.0.0:34761, s4:0.0.0.0:42956, s0:0.0.0.0:35561, s1:0.0.0.0:38095, s2:0.0.0.0:39611], old=null RUNNING
  s1:  RUNNING CANDIDATE s1@group-A1B89BB4020A:t8, leader=null, voted=s1, raftlog=s1@group-A1B89BB4020A-SegmentedRaftLog:OPENED:c-1,f-1,i0, conf=-1: [s3:0.0.0.0:34761, s4:0.0.0.0:42956, s0:0.0.0.0:35561, s1:0.0.0.0:38095, s2:0.0.0.0:39611], old=null RUNNING
  s2:  RUNNING CANDIDATE s2@group-A1B89BB4020A:t8, leader=null, voted=s2, raftlog=s2@group-A1B89BB4020A-SegmentedRaftLog:OPENED:c-1,f-1,i0, conf=-1: [s3:0.0.0.0:34761, s4:0.0.0.0:42956, s0:0.0.0.0:35561, s1:0.0.0.0:38095, s2:0.0.0.0:39611], old=null RUNNING
	at org.apache.ratis.MiniRaftCluster.newIllegalStateExceptionForNoLeaders(MiniRaftCluster.java:506)
	at org.apache.ratis.RaftTestUtil.lambda$waitForLeader$1(RaftTestUtil.java:90)
	at org.apache.ratis.MiniRaftCluster.getLeader(MiniRaftCluster.java:539)
	at org.apache.ratis.MiniRaftCluster.getLeader(MiniRaftCluster.java:532)
	at org.apache.ratis.RaftTestUtil.lambda$waitForLeader$3(RaftTestUtil.java:98)
	at org.apache.ratis.util.JavaUtils.attempt(JavaUtils.java:152)
	at org.apache.ratis.RaftTestUtil.waitForLeader(RaftTestUtil.java:97)
	at org.apache.ratis.RaftTestUtil.waitForLeader(RaftTestUtil.java:77)
	at org.apache.ratis.RaftTestUtil.waitForLeader(RaftTestUtil.java:72)
	at org.apache.ratis.RaftBasicTests.runTestOldLeaderNotCommit(RaftBasicTests.java:218)
	at org.apache.ratis.MiniRaftCluster$Factory$Get.runWithNewCluster(MiniRaftCluster.java:125)
	at org.apache.ratis.MiniRaftCluster$Factory$Get.runWithNewCluster(MiniRaftCluster.java:113)
	at org.apache.ratis.RaftBasicTests.testOldLeaderNotCommit(RaftBasicTests.java:214)
	at sun.reflect.NativeMethodAccessorImpl.invoke0(Native Method)
	at sun.reflect.NativeMethodAccessorImpl.invoke(NativeMethodAccessorImpl.java:62)
	at sun.reflect.DelegatingMethodAccessorImpl.invoke(DelegatingMethodAccessorImpl.java:43)
	at java.lang.reflect.Method.invoke(Method.java:498)
	at org.junit.runners.model.FrameworkMethod$1.runReflectiveCall(FrameworkMethod.java:50)
	at org.junit.internal.runners.model.ReflectiveCallable.run(ReflectiveCallable.java:12)
	at org.junit.runners.model.FrameworkMethod.invokeExplosively(FrameworkMethod.java:47)
	at org.junit.internal.runners.statements.InvokeMethod.evaluate(InvokeMethod.java:17)
	at org.junit.internal.runners.statements.RunAfters.evaluate(RunAfters.java:27)
	at org.junit.internal.runners.statements.FailOnTimeout$CallableStatement.call(FailOnTimeout.java:298)
	at org.junit.internal.runners.statements.FailOnTimeout$CallableStatement.call(FailOnTimeout.java:292)
	at java.util.concurrent.FutureTask.run(FutureTask.java:266)
	at java.lang.Thread.run(Thread.java:748)
2019-09-24 16:44:43,206 WARN  ratis.RaftTestUtil (JavaUtils.java:attempt(158)) - FAILED "waitForLeader-null-(expectLeader? true)", attempt #84/100: java.lang.IllegalStateException: No leader yet : printing ALL groups
  s3:  RUNNING CANDIDATE s3@group-A1B89BB4020A:t8, leader=null, voted=s3, raftlog=s3@group-A1B89BB4020A-SegmentedRaftLog:OPENED:c-1,f-1,i0, conf=-1: [s3:0.0.0.0:34761, s4:0.0.0.0:42956, s0:0.0.0.0:35561, s1:0.0.0.0:38095, s2:0.0.0.0:39611], old=null RUNNING
  s4:  RUNNING CANDIDATE s4@group-A1B89BB4020A:t8, leader=null, voted=s4, raftlog=s4@group-A1B89BB4020A-SegmentedRaftLog:OPENED:c-1,f-1,i0, conf=-1: [s3:0.0.0.0:34761, s4:0.0.0.0:42956, s0:0.0.0.0:35561, s1:0.0.0.0:38095, s2:0.0.0.0:39611], old=null RUNNING
  s0:  RUNNING CANDIDATE s0@group-A1B89BB4020A:t8, leader=null, voted=s0, raftlog=s0@group-A1B89BB4020A-SegmentedRaftLog:OPENED:c-1,f-1,i0, conf=-1: [s3:0.0.0.0:34761, s4:0.0.0.0:42956, s0:0.0.0.0:35561, s1:0.0.0.0:38095, s2:0.0.0.0:39611], old=null RUNNING
  s1:  RUNNING CANDIDATE s1@group-A1B89BB4020A:t8, leader=null, voted=s1, raftlog=s1@group-A1B89BB4020A-SegmentedRaftLog:OPENED:c-1,f-1,i0, conf=-1: [s3:0.0.0.0:34761, s4:0.0.0.0:42956, s0:0.0.0.0:35561, s1:0.0.0.0:38095, s2:0.0.0.0:39611], old=null RUNNING
  s2:  RUNNING CANDIDATE s2@group-A1B89BB4020A:t8, leader=null, voted=s2, raftlog=s2@group-A1B89BB4020A-SegmentedRaftLog:OPENED:c-1,f-1,i0, conf=-1: [s3:0.0.0.0:34761, s4:0.0.0.0:42956, s0:0.0.0.0:35561, s1:0.0.0.0:38095, s2:0.0.0.0:39611], old=null RUNNING, sleep 450ms and then retry.
java.lang.IllegalStateException: No leader yet : printing ALL groups
  s3:  RUNNING CANDIDATE s3@group-A1B89BB4020A:t8, leader=null, voted=s3, raftlog=s3@group-A1B89BB4020A-SegmentedRaftLog:OPENED:c-1,f-1,i0, conf=-1: [s3:0.0.0.0:34761, s4:0.0.0.0:42956, s0:0.0.0.0:35561, s1:0.0.0.0:38095, s2:0.0.0.0:39611], old=null RUNNING
  s4:  RUNNING CANDIDATE s4@group-A1B89BB4020A:t8, leader=null, voted=s4, raftlog=s4@group-A1B89BB4020A-SegmentedRaftLog:OPENED:c-1,f-1,i0, conf=-1: [s3:0.0.0.0:34761, s4:0.0.0.0:42956, s0:0.0.0.0:35561, s1:0.0.0.0:38095, s2:0.0.0.0:39611], old=null RUNNING
  s0:  RUNNING CANDIDATE s0@group-A1B89BB4020A:t8, leader=null, voted=s0, raftlog=s0@group-A1B89BB4020A-SegmentedRaftLog:OPENED:c-1,f-1,i0, conf=-1: [s3:0.0.0.0:34761, s4:0.0.0.0:42956, s0:0.0.0.0:35561, s1:0.0.0.0:38095, s2:0.0.0.0:39611], old=null RUNNING
  s1:  RUNNING CANDIDATE s1@group-A1B89BB4020A:t8, leader=null, voted=s1, raftlog=s1@group-A1B89BB4020A-SegmentedRaftLog:OPENED:c-1,f-1,i0, conf=-1: [s3:0.0.0.0:34761, s4:0.0.0.0:42956, s0:0.0.0.0:35561, s1:0.0.0.0:38095, s2:0.0.0.0:39611], old=null RUNNING
  s2:  RUNNING CANDIDATE s2@group-A1B89BB4020A:t8, leader=null, voted=s2, raftlog=s2@group-A1B89BB4020A-SegmentedRaftLog:OPENED:c-1,f-1,i0, conf=-1: [s3:0.0.0.0:34761, s4:0.0.0.0:42956, s0:0.0.0.0:35561, s1:0.0.0.0:38095, s2:0.0.0.0:39611], old=null RUNNING
	at org.apache.ratis.MiniRaftCluster.newIllegalStateExceptionForNoLeaders(MiniRaftCluster.java:506)
	at org.apache.ratis.RaftTestUtil.lambda$waitForLeader$1(RaftTestUtil.java:90)
	at org.apache.ratis.MiniRaftCluster.getLeader(MiniRaftCluster.java:539)
	at org.apache.ratis.MiniRaftCluster.getLeader(MiniRaftCluster.java:532)
	at org.apache.ratis.RaftTestUtil.lambda$waitForLeader$3(RaftTestUtil.java:98)
	at org.apache.ratis.util.JavaUtils.attempt(JavaUtils.java:152)
	at org.apache.ratis.RaftTestUtil.waitForLeader(RaftTestUtil.java:97)
	at org.apache.ratis.RaftTestUtil.waitForLeader(RaftTestUtil.java:77)
	at org.apache.ratis.RaftTestUtil.waitForLeader(RaftTestUtil.java:72)
	at org.apache.ratis.RaftBasicTests.runTestOldLeaderNotCommit(RaftBasicTests.java:218)
	at org.apache.ratis.MiniRaftCluster$Factory$Get.runWithNewCluster(MiniRaftCluster.java:125)
	at org.apache.ratis.MiniRaftCluster$Factory$Get.runWithNewCluster(MiniRaftCluster.java:113)
	at org.apache.ratis.RaftBasicTests.testOldLeaderNotCommit(RaftBasicTests.java:214)
	at sun.reflect.NativeMethodAccessorImpl.invoke0(Native Method)
	at sun.reflect.NativeMethodAccessorImpl.invoke(NativeMethodAccessorImpl.java:62)
	at sun.reflect.DelegatingMethodAccessorImpl.invoke(DelegatingMethodAccessorImpl.java:43)
	at java.lang.reflect.Method.invoke(Method.java:498)
	at org.junit.runners.model.FrameworkMethod$1.runReflectiveCall(FrameworkMethod.java:50)
	at org.junit.internal.runners.model.ReflectiveCallable.run(ReflectiveCallable.java:12)
	at org.junit.runners.model.FrameworkMethod.invokeExplosively(FrameworkMethod.java:47)
	at org.junit.internal.runners.statements.InvokeMethod.evaluate(InvokeMethod.java:17)
	at org.junit.internal.runners.statements.RunAfters.evaluate(RunAfters.java:27)
	at org.junit.internal.runners.statements.FailOnTimeout$CallableStatement.call(FailOnTimeout.java:298)
	at org.junit.internal.runners.statements.FailOnTimeout$CallableStatement.call(FailOnTimeout.java:292)
	at java.util.concurrent.FutureTask.run(FutureTask.java:266)
	at java.lang.Thread.run(Thread.java:748)
2019-09-24 16:44:43,657 WARN  ratis.RaftTestUtil (JavaUtils.java:attempt(158)) - FAILED "waitForLeader-null-(expectLeader? true)", attempt #85/100: java.lang.IllegalStateException: No leader yet : printing ALL groups
  s3:  RUNNING CANDIDATE s3@group-A1B89BB4020A:t8, leader=null, voted=s3, raftlog=s3@group-A1B89BB4020A-SegmentedRaftLog:OPENED:c-1,f-1,i0, conf=-1: [s3:0.0.0.0:34761, s4:0.0.0.0:42956, s0:0.0.0.0:35561, s1:0.0.0.0:38095, s2:0.0.0.0:39611], old=null RUNNING
  s4:  RUNNING CANDIDATE s4@group-A1B89BB4020A:t8, leader=null, voted=s4, raftlog=s4@group-A1B89BB4020A-SegmentedRaftLog:OPENED:c-1,f-1,i0, conf=-1: [s3:0.0.0.0:34761, s4:0.0.0.0:42956, s0:0.0.0.0:35561, s1:0.0.0.0:38095, s2:0.0.0.0:39611], old=null RUNNING
  s0:  RUNNING CANDIDATE s0@group-A1B89BB4020A:t8, leader=null, voted=s0, raftlog=s0@group-A1B89BB4020A-SegmentedRaftLog:OPENED:c-1,f-1,i0, conf=-1: [s3:0.0.0.0:34761, s4:0.0.0.0:42956, s0:0.0.0.0:35561, s1:0.0.0.0:38095, s2:0.0.0.0:39611], old=null RUNNING
  s1:  RUNNING CANDIDATE s1@group-A1B89BB4020A:t8, leader=null, voted=s1, raftlog=s1@group-A1B89BB4020A-SegmentedRaftLog:OPENED:c-1,f-1,i0, conf=-1: [s3:0.0.0.0:34761, s4:0.0.0.0:42956, s0:0.0.0.0:35561, s1:0.0.0.0:38095, s2:0.0.0.0:39611], old=null RUNNING
  s2:  RUNNING CANDIDATE s2@group-A1B89BB4020A:t8, leader=null, voted=s2, raftlog=s2@group-A1B89BB4020A-SegmentedRaftLog:OPENED:c-1,f-1,i0, conf=-1: [s3:0.0.0.0:34761, s4:0.0.0.0:42956, s0:0.0.0.0:35561, s1:0.0.0.0:38095, s2:0.0.0.0:39611], old=null RUNNING, sleep 450ms and then retry.
java.lang.IllegalStateException: No leader yet : printing ALL groups
  s3:  RUNNING CANDIDATE s3@group-A1B89BB4020A:t8, leader=null, voted=s3, raftlog=s3@group-A1B89BB4020A-SegmentedRaftLog:OPENED:c-1,f-1,i0, conf=-1: [s3:0.0.0.0:34761, s4:0.0.0.0:42956, s0:0.0.0.0:35561, s1:0.0.0.0:38095, s2:0.0.0.0:39611], old=null RUNNING
  s4:  RUNNING CANDIDATE s4@group-A1B89BB4020A:t8, leader=null, voted=s4, raftlog=s4@group-A1B89BB4020A-SegmentedRaftLog:OPENED:c-1,f-1,i0, conf=-1: [s3:0.0.0.0:34761, s4:0.0.0.0:42956, s0:0.0.0.0:35561, s1:0.0.0.0:38095, s2:0.0.0.0:39611], old=null RUNNING
  s0:  RUNNING CANDIDATE s0@group-A1B89BB4020A:t8, leader=null, voted=s0, raftlog=s0@group-A1B89BB4020A-SegmentedRaftLog:OPENED:c-1,f-1,i0, conf=-1: [s3:0.0.0.0:34761, s4:0.0.0.0:42956, s0:0.0.0.0:35561, s1:0.0.0.0:38095, s2:0.0.0.0:39611], old=null RUNNING
  s1:  RUNNING CANDIDATE s1@group-A1B89BB4020A:t8, leader=null, voted=s1, raftlog=s1@group-A1B89BB4020A-SegmentedRaftLog:OPENED:c-1,f-1,i0, conf=-1: [s3:0.0.0.0:34761, s4:0.0.0.0:42956, s0:0.0.0.0:35561, s1:0.0.0.0:38095, s2:0.0.0.0:39611], old=null RUNNING
  s2:  RUNNING CANDIDATE s2@group-A1B89BB4020A:t8, leader=null, voted=s2, raftlog=s2@group-A1B89BB4020A-SegmentedRaftLog:OPENED:c-1,f-1,i0, conf=-1: [s3:0.0.0.0:34761, s4:0.0.0.0:42956, s0:0.0.0.0:35561, s1:0.0.0.0:38095, s2:0.0.0.0:39611], old=null RUNNING
	at org.apache.ratis.MiniRaftCluster.newIllegalStateExceptionForNoLeaders(MiniRaftCluster.java:506)
	at org.apache.ratis.RaftTestUtil.lambda$waitForLeader$1(RaftTestUtil.java:90)
	at org.apache.ratis.MiniRaftCluster.getLeader(MiniRaftCluster.java:539)
	at org.apache.ratis.MiniRaftCluster.getLeader(MiniRaftCluster.java:532)
	at org.apache.ratis.RaftTestUtil.lambda$waitForLeader$3(RaftTestUtil.java:98)
	at org.apache.ratis.util.JavaUtils.attempt(JavaUtils.java:152)
	at org.apache.ratis.RaftTestUtil.waitForLeader(RaftTestUtil.java:97)
	at org.apache.ratis.RaftTestUtil.waitForLeader(RaftTestUtil.java:77)
	at org.apache.ratis.RaftTestUtil.waitForLeader(RaftTestUtil.java:72)
	at org.apache.ratis.RaftBasicTests.runTestOldLeaderNotCommit(RaftBasicTests.java:218)
	at org.apache.ratis.MiniRaftCluster$Factory$Get.runWithNewCluster(MiniRaftCluster.java:125)
	at org.apache.ratis.MiniRaftCluster$Factory$Get.runWithNewCluster(MiniRaftCluster.java:113)
	at org.apache.ratis.RaftBasicTests.testOldLeaderNotCommit(RaftBasicTests.java:214)
	at sun.reflect.NativeMethodAccessorImpl.invoke0(Native Method)
	at sun.reflect.NativeMethodAccessorImpl.invoke(NativeMethodAccessorImpl.java:62)
	at sun.reflect.DelegatingMethodAccessorImpl.invoke(DelegatingMethodAccessorImpl.java:43)
	at java.lang.reflect.Method.invoke(Method.java:498)
	at org.junit.runners.model.FrameworkMethod$1.runReflectiveCall(FrameworkMethod.java:50)
	at org.junit.internal.runners.model.ReflectiveCallable.run(ReflectiveCallable.java:12)
	at org.junit.runners.model.FrameworkMethod.invokeExplosively(FrameworkMethod.java:47)
	at org.junit.internal.runners.statements.InvokeMethod.evaluate(InvokeMethod.java:17)
	at org.junit.internal.runners.statements.RunAfters.evaluate(RunAfters.java:27)
	at org.junit.internal.runners.statements.FailOnTimeout$CallableStatement.call(FailOnTimeout.java:298)
	at org.junit.internal.runners.statements.FailOnTimeout$CallableStatement.call(FailOnTimeout.java:292)
	at java.util.concurrent.FutureTask.run(FutureTask.java:266)
	at java.lang.Thread.run(Thread.java:748)
2019-09-24 16:44:44,109 WARN  ratis.RaftTestUtil (JavaUtils.java:attempt(158)) - FAILED "waitForLeader-null-(expectLeader? true)", attempt #86/100: java.lang.IllegalStateException: No leader yet : printing ALL groups
  s3:  RUNNING CANDIDATE s3@group-A1B89BB4020A:t8, leader=null, voted=s3, raftlog=s3@group-A1B89BB4020A-SegmentedRaftLog:OPENED:c-1,f-1,i0, conf=-1: [s3:0.0.0.0:34761, s4:0.0.0.0:42956, s0:0.0.0.0:35561, s1:0.0.0.0:38095, s2:0.0.0.0:39611], old=null RUNNING
  s4:  RUNNING CANDIDATE s4@group-A1B89BB4020A:t8, leader=null, voted=s4, raftlog=s4@group-A1B89BB4020A-SegmentedRaftLog:OPENED:c-1,f-1,i0, conf=-1: [s3:0.0.0.0:34761, s4:0.0.0.0:42956, s0:0.0.0.0:35561, s1:0.0.0.0:38095, s2:0.0.0.0:39611], old=null RUNNING
  s0:  RUNNING CANDIDATE s0@group-A1B89BB4020A:t8, leader=null, voted=s0, raftlog=s0@group-A1B89BB4020A-SegmentedRaftLog:OPENED:c-1,f-1,i0, conf=-1: [s3:0.0.0.0:34761, s4:0.0.0.0:42956, s0:0.0.0.0:35561, s1:0.0.0.0:38095, s2:0.0.0.0:39611], old=null RUNNING
  s1:  RUNNING CANDIDATE s1@group-A1B89BB4020A:t8, leader=null, voted=s1, raftlog=s1@group-A1B89BB4020A-SegmentedRaftLog:OPENED:c-1,f-1,i0, conf=-1: [s3:0.0.0.0:34761, s4:0.0.0.0:42956, s0:0.0.0.0:35561, s1:0.0.0.0:38095, s2:0.0.0.0:39611], old=null RUNNING
  s2:  RUNNING CANDIDATE s2@group-A1B89BB4020A:t8, leader=null, voted=s2, raftlog=s2@group-A1B89BB4020A-SegmentedRaftLog:OPENED:c-1,f-1,i0, conf=-1: [s3:0.0.0.0:34761, s4:0.0.0.0:42956, s0:0.0.0.0:35561, s1:0.0.0.0:38095, s2:0.0.0.0:39611], old=null RUNNING, sleep 450ms and then retry.
java.lang.IllegalStateException: No leader yet : printing ALL groups
  s3:  RUNNING CANDIDATE s3@group-A1B89BB4020A:t8, leader=null, voted=s3, raftlog=s3@group-A1B89BB4020A-SegmentedRaftLog:OPENED:c-1,f-1,i0, conf=-1: [s3:0.0.0.0:34761, s4:0.0.0.0:42956, s0:0.0.0.0:35561, s1:0.0.0.0:38095, s2:0.0.0.0:39611], old=null RUNNING
  s4:  RUNNING CANDIDATE s4@group-A1B89BB4020A:t8, leader=null, voted=s4, raftlog=s4@group-A1B89BB4020A-SegmentedRaftLog:OPENED:c-1,f-1,i0, conf=-1: [s3:0.0.0.0:34761, s4:0.0.0.0:42956, s0:0.0.0.0:35561, s1:0.0.0.0:38095, s2:0.0.0.0:39611], old=null RUNNING
  s0:  RUNNING CANDIDATE s0@group-A1B89BB4020A:t8, leader=null, voted=s0, raftlog=s0@group-A1B89BB4020A-SegmentedRaftLog:OPENED:c-1,f-1,i0, conf=-1: [s3:0.0.0.0:34761, s4:0.0.0.0:42956, s0:0.0.0.0:35561, s1:0.0.0.0:38095, s2:0.0.0.0:39611], old=null RUNNING
  s1:  RUNNING CANDIDATE s1@group-A1B89BB4020A:t8, leader=null, voted=s1, raftlog=s1@group-A1B89BB4020A-SegmentedRaftLog:OPENED:c-1,f-1,i0, conf=-1: [s3:0.0.0.0:34761, s4:0.0.0.0:42956, s0:0.0.0.0:35561, s1:0.0.0.0:38095, s2:0.0.0.0:39611], old=null RUNNING
  s2:  RUNNING CANDIDATE s2@group-A1B89BB4020A:t8, leader=null, voted=s2, raftlog=s2@group-A1B89BB4020A-SegmentedRaftLog:OPENED:c-1,f-1,i0, conf=-1: [s3:0.0.0.0:34761, s4:0.0.0.0:42956, s0:0.0.0.0:35561, s1:0.0.0.0:38095, s2:0.0.0.0:39611], old=null RUNNING
	at org.apache.ratis.MiniRaftCluster.newIllegalStateExceptionForNoLeaders(MiniRaftCluster.java:506)
	at org.apache.ratis.RaftTestUtil.lambda$waitForLeader$1(RaftTestUtil.java:90)
	at org.apache.ratis.MiniRaftCluster.getLeader(MiniRaftCluster.java:539)
	at org.apache.ratis.MiniRaftCluster.getLeader(MiniRaftCluster.java:532)
	at org.apache.ratis.RaftTestUtil.lambda$waitForLeader$3(RaftTestUtil.java:98)
	at org.apache.ratis.util.JavaUtils.attempt(JavaUtils.java:152)
	at org.apache.ratis.RaftTestUtil.waitForLeader(RaftTestUtil.java:97)
	at org.apache.ratis.RaftTestUtil.waitForLeader(RaftTestUtil.java:77)
	at org.apache.ratis.RaftTestUtil.waitForLeader(RaftTestUtil.java:72)
	at org.apache.ratis.RaftBasicTests.runTestOldLeaderNotCommit(RaftBasicTests.java:218)
	at org.apache.ratis.MiniRaftCluster$Factory$Get.runWithNewCluster(MiniRaftCluster.java:125)
	at org.apache.ratis.MiniRaftCluster$Factory$Get.runWithNewCluster(MiniRaftCluster.java:113)
	at org.apache.ratis.RaftBasicTests.testOldLeaderNotCommit(RaftBasicTests.java:214)
	at sun.reflect.NativeMethodAccessorImpl.invoke0(Native Method)
	at sun.reflect.NativeMethodAccessorImpl.invoke(NativeMethodAccessorImpl.java:62)
	at sun.reflect.DelegatingMethodAccessorImpl.invoke(DelegatingMethodAccessorImpl.java:43)
	at java.lang.reflect.Method.invoke(Method.java:498)
	at org.junit.runners.model.FrameworkMethod$1.runReflectiveCall(FrameworkMethod.java:50)
	at org.junit.internal.runners.model.ReflectiveCallable.run(ReflectiveCallable.java:12)
	at org.junit.runners.model.FrameworkMethod.invokeExplosively(FrameworkMethod.java:47)
	at org.junit.internal.runners.statements.InvokeMethod.evaluate(InvokeMethod.java:17)
	at org.junit.internal.runners.statements.RunAfters.evaluate(RunAfters.java:27)
	at org.junit.internal.runners.statements.FailOnTimeout$CallableStatement.call(FailOnTimeout.java:298)
	at org.junit.internal.runners.statements.FailOnTimeout$CallableStatement.call(FailOnTimeout.java:292)
	at java.util.concurrent.FutureTask.run(FutureTask.java:266)
	at java.lang.Thread.run(Thread.java:748)
2019-09-24 16:44:44,560 WARN  ratis.RaftTestUtil (JavaUtils.java:attempt(158)) - FAILED "waitForLeader-null-(expectLeader? true)", attempt #87/100: java.lang.IllegalStateException: No leader yet : printing ALL groups
  s3:  RUNNING CANDIDATE s3@group-A1B89BB4020A:t8, leader=null, voted=s3, raftlog=s3@group-A1B89BB4020A-SegmentedRaftLog:OPENED:c-1,f-1,i0, conf=-1: [s3:0.0.0.0:34761, s4:0.0.0.0:42956, s0:0.0.0.0:35561, s1:0.0.0.0:38095, s2:0.0.0.0:39611], old=null RUNNING
  s4:  RUNNING CANDIDATE s4@group-A1B89BB4020A:t8, leader=null, voted=s4, raftlog=s4@group-A1B89BB4020A-SegmentedRaftLog:OPENED:c-1,f-1,i0, conf=-1: [s3:0.0.0.0:34761, s4:0.0.0.0:42956, s0:0.0.0.0:35561, s1:0.0.0.0:38095, s2:0.0.0.0:39611], old=null RUNNING
  s0:  RUNNING CANDIDATE s0@group-A1B89BB4020A:t8, leader=null, voted=s0, raftlog=s0@group-A1B89BB4020A-SegmentedRaftLog:OPENED:c-1,f-1,i0, conf=-1: [s3:0.0.0.0:34761, s4:0.0.0.0:42956, s0:0.0.0.0:35561, s1:0.0.0.0:38095, s2:0.0.0.0:39611], old=null RUNNING
  s1:  RUNNING CANDIDATE s1@group-A1B89BB4020A:t8, leader=null, voted=s1, raftlog=s1@group-A1B89BB4020A-SegmentedRaftLog:OPENED:c-1,f-1,i0, conf=-1: [s3:0.0.0.0:34761, s4:0.0.0.0:42956, s0:0.0.0.0:35561, s1:0.0.0.0:38095, s2:0.0.0.0:39611], old=null RUNNING
  s2:  RUNNING CANDIDATE s2@group-A1B89BB4020A:t8, leader=null, voted=s2, raftlog=s2@group-A1B89BB4020A-SegmentedRaftLog:OPENED:c-1,f-1,i0, conf=-1: [s3:0.0.0.0:34761, s4:0.0.0.0:42956, s0:0.0.0.0:35561, s1:0.0.0.0:38095, s2:0.0.0.0:39611], old=null RUNNING, sleep 450ms and then retry.
java.lang.IllegalStateException: No leader yet : printing ALL groups
  s3:  RUNNING CANDIDATE s3@group-A1B89BB4020A:t8, leader=null, voted=s3, raftlog=s3@group-A1B89BB4020A-SegmentedRaftLog:OPENED:c-1,f-1,i0, conf=-1: [s3:0.0.0.0:34761, s4:0.0.0.0:42956, s0:0.0.0.0:35561, s1:0.0.0.0:38095, s2:0.0.0.0:39611], old=null RUNNING
  s4:  RUNNING CANDIDATE s4@group-A1B89BB4020A:t8, leader=null, voted=s4, raftlog=s4@group-A1B89BB4020A-SegmentedRaftLog:OPENED:c-1,f-1,i0, conf=-1: [s3:0.0.0.0:34761, s4:0.0.0.0:42956, s0:0.0.0.0:35561, s1:0.0.0.0:38095, s2:0.0.0.0:39611], old=null RUNNING
  s0:  RUNNING CANDIDATE s0@group-A1B89BB4020A:t8, leader=null, voted=s0, raftlog=s0@group-A1B89BB4020A-SegmentedRaftLog:OPENED:c-1,f-1,i0, conf=-1: [s3:0.0.0.0:34761, s4:0.0.0.0:42956, s0:0.0.0.0:35561, s1:0.0.0.0:38095, s2:0.0.0.0:39611], old=null RUNNING
  s1:  RUNNING CANDIDATE s1@group-A1B89BB4020A:t8, leader=null, voted=s1, raftlog=s1@group-A1B89BB4020A-SegmentedRaftLog:OPENED:c-1,f-1,i0, conf=-1: [s3:0.0.0.0:34761, s4:0.0.0.0:42956, s0:0.0.0.0:35561, s1:0.0.0.0:38095, s2:0.0.0.0:39611], old=null RUNNING
  s2:  RUNNING CANDIDATE s2@group-A1B89BB4020A:t8, leader=null, voted=s2, raftlog=s2@group-A1B89BB4020A-SegmentedRaftLog:OPENED:c-1,f-1,i0, conf=-1: [s3:0.0.0.0:34761, s4:0.0.0.0:42956, s0:0.0.0.0:35561, s1:0.0.0.0:38095, s2:0.0.0.0:39611], old=null RUNNING
	at org.apache.ratis.MiniRaftCluster.newIllegalStateExceptionForNoLeaders(MiniRaftCluster.java:506)
	at org.apache.ratis.RaftTestUtil.lambda$waitForLeader$1(RaftTestUtil.java:90)
	at org.apache.ratis.MiniRaftCluster.getLeader(MiniRaftCluster.java:539)
	at org.apache.ratis.MiniRaftCluster.getLeader(MiniRaftCluster.java:532)
	at org.apache.ratis.RaftTestUtil.lambda$waitForLeader$3(RaftTestUtil.java:98)
	at org.apache.ratis.util.JavaUtils.attempt(JavaUtils.java:152)
	at org.apache.ratis.RaftTestUtil.waitForLeader(RaftTestUtil.java:97)
	at org.apache.ratis.RaftTestUtil.waitForLeader(RaftTestUtil.java:77)
	at org.apache.ratis.RaftTestUtil.waitForLeader(RaftTestUtil.java:72)
	at org.apache.ratis.RaftBasicTests.runTestOldLeaderNotCommit(RaftBasicTests.java:218)
	at org.apache.ratis.MiniRaftCluster$Factory$Get.runWithNewCluster(MiniRaftCluster.java:125)
	at org.apache.ratis.MiniRaftCluster$Factory$Get.runWithNewCluster(MiniRaftCluster.java:113)
	at org.apache.ratis.RaftBasicTests.testOldLeaderNotCommit(RaftBasicTests.java:214)
	at sun.reflect.NativeMethodAccessorImpl.invoke0(Native Method)
	at sun.reflect.NativeMethodAccessorImpl.invoke(NativeMethodAccessorImpl.java:62)
	at sun.reflect.DelegatingMethodAccessorImpl.invoke(DelegatingMethodAccessorImpl.java:43)
	at java.lang.reflect.Method.invoke(Method.java:498)
	at org.junit.runners.model.FrameworkMethod$1.runReflectiveCall(FrameworkMethod.java:50)
	at org.junit.internal.runners.model.ReflectiveCallable.run(ReflectiveCallable.java:12)
	at org.junit.runners.model.FrameworkMethod.invokeExplosively(FrameworkMethod.java:47)
	at org.junit.internal.runners.statements.InvokeMethod.evaluate(InvokeMethod.java:17)
	at org.junit.internal.runners.statements.RunAfters.evaluate(RunAfters.java:27)
	at org.junit.internal.runners.statements.FailOnTimeout$CallableStatement.call(FailOnTimeout.java:298)
	at org.junit.internal.runners.statements.FailOnTimeout$CallableStatement.call(FailOnTimeout.java:292)
	at java.util.concurrent.FutureTask.run(FutureTask.java:266)
	at java.lang.Thread.run(Thread.java:748)
2019-09-24 16:44:45,011 WARN  ratis.RaftTestUtil (JavaUtils.java:attempt(158)) - FAILED "waitForLeader-null-(expectLeader? true)", attempt #88/100: java.lang.IllegalStateException: No leader yet : printing ALL groups
  s3:  RUNNING CANDIDATE s3@group-A1B89BB4020A:t8, leader=null, voted=s3, raftlog=s3@group-A1B89BB4020A-SegmentedRaftLog:OPENED:c-1,f-1,i0, conf=-1: [s3:0.0.0.0:34761, s4:0.0.0.0:42956, s0:0.0.0.0:35561, s1:0.0.0.0:38095, s2:0.0.0.0:39611], old=null RUNNING
  s4:  RUNNING CANDIDATE s4@group-A1B89BB4020A:t8, leader=null, voted=s4, raftlog=s4@group-A1B89BB4020A-SegmentedRaftLog:OPENED:c-1,f-1,i0, conf=-1: [s3:0.0.0.0:34761, s4:0.0.0.0:42956, s0:0.0.0.0:35561, s1:0.0.0.0:38095, s2:0.0.0.0:39611], old=null RUNNING
  s0:  RUNNING CANDIDATE s0@group-A1B89BB4020A:t8, leader=null, voted=s0, raftlog=s0@group-A1B89BB4020A-SegmentedRaftLog:OPENED:c-1,f-1,i0, conf=-1: [s3:0.0.0.0:34761, s4:0.0.0.0:42956, s0:0.0.0.0:35561, s1:0.0.0.0:38095, s2:0.0.0.0:39611], old=null RUNNING
  s1:  RUNNING CANDIDATE s1@group-A1B89BB4020A:t8, leader=null, voted=s1, raftlog=s1@group-A1B89BB4020A-SegmentedRaftLog:OPENED:c-1,f-1,i0, conf=-1: [s3:0.0.0.0:34761, s4:0.0.0.0:42956, s0:0.0.0.0:35561, s1:0.0.0.0:38095, s2:0.0.0.0:39611], old=null RUNNING
  s2:  RUNNING CANDIDATE s2@group-A1B89BB4020A:t8, leader=null, voted=s2, raftlog=s2@group-A1B89BB4020A-SegmentedRaftLog:OPENED:c-1,f-1,i0, conf=-1: [s3:0.0.0.0:34761, s4:0.0.0.0:42956, s0:0.0.0.0:35561, s1:0.0.0.0:38095, s2:0.0.0.0:39611], old=null RUNNING, sleep 450ms and then retry.
java.lang.IllegalStateException: No leader yet : printing ALL groups
  s3:  RUNNING CANDIDATE s3@group-A1B89BB4020A:t8, leader=null, voted=s3, raftlog=s3@group-A1B89BB4020A-SegmentedRaftLog:OPENED:c-1,f-1,i0, conf=-1: [s3:0.0.0.0:34761, s4:0.0.0.0:42956, s0:0.0.0.0:35561, s1:0.0.0.0:38095, s2:0.0.0.0:39611], old=null RUNNING
  s4:  RUNNING CANDIDATE s4@group-A1B89BB4020A:t8, leader=null, voted=s4, raftlog=s4@group-A1B89BB4020A-SegmentedRaftLog:OPENED:c-1,f-1,i0, conf=-1: [s3:0.0.0.0:34761, s4:0.0.0.0:42956, s0:0.0.0.0:35561, s1:0.0.0.0:38095, s2:0.0.0.0:39611], old=null RUNNING
  s0:  RUNNING CANDIDATE s0@group-A1B89BB4020A:t8, leader=null, voted=s0, raftlog=s0@group-A1B89BB4020A-SegmentedRaftLog:OPENED:c-1,f-1,i0, conf=-1: [s3:0.0.0.0:34761, s4:0.0.0.0:42956, s0:0.0.0.0:35561, s1:0.0.0.0:38095, s2:0.0.0.0:39611], old=null RUNNING
  s1:  RUNNING CANDIDATE s1@group-A1B89BB4020A:t8, leader=null, voted=s1, raftlog=s1@group-A1B89BB4020A-SegmentedRaftLog:OPENED:c-1,f-1,i0, conf=-1: [s3:0.0.0.0:34761, s4:0.0.0.0:42956, s0:0.0.0.0:35561, s1:0.0.0.0:38095, s2:0.0.0.0:39611], old=null RUNNING
  s2:  RUNNING CANDIDATE s2@group-A1B89BB4020A:t8, leader=null, voted=s2, raftlog=s2@group-A1B89BB4020A-SegmentedRaftLog:OPENED:c-1,f-1,i0, conf=-1: [s3:0.0.0.0:34761, s4:0.0.0.0:42956, s0:0.0.0.0:35561, s1:0.0.0.0:38095, s2:0.0.0.0:39611], old=null RUNNING
	at org.apache.ratis.MiniRaftCluster.newIllegalStateExceptionForNoLeaders(MiniRaftCluster.java:506)
	at org.apache.ratis.RaftTestUtil.lambda$waitForLeader$1(RaftTestUtil.java:90)
	at org.apache.ratis.MiniRaftCluster.getLeader(MiniRaftCluster.java:539)
	at org.apache.ratis.MiniRaftCluster.getLeader(MiniRaftCluster.java:532)
	at org.apache.ratis.RaftTestUtil.lambda$waitForLeader$3(RaftTestUtil.java:98)
	at org.apache.ratis.util.JavaUtils.attempt(JavaUtils.java:152)
	at org.apache.ratis.RaftTestUtil.waitForLeader(RaftTestUtil.java:97)
	at org.apache.ratis.RaftTestUtil.waitForLeader(RaftTestUtil.java:77)
	at org.apache.ratis.RaftTestUtil.waitForLeader(RaftTestUtil.java:72)
	at org.apache.ratis.RaftBasicTests.runTestOldLeaderNotCommit(RaftBasicTests.java:218)
	at org.apache.ratis.MiniRaftCluster$Factory$Get.runWithNewCluster(MiniRaftCluster.java:125)
	at org.apache.ratis.MiniRaftCluster$Factory$Get.runWithNewCluster(MiniRaftCluster.java:113)
	at org.apache.ratis.RaftBasicTests.testOldLeaderNotCommit(RaftBasicTests.java:214)
	at sun.reflect.NativeMethodAccessorImpl.invoke0(Native Method)
	at sun.reflect.NativeMethodAccessorImpl.invoke(NativeMethodAccessorImpl.java:62)
	at sun.reflect.DelegatingMethodAccessorImpl.invoke(DelegatingMethodAccessorImpl.java:43)
	at java.lang.reflect.Method.invoke(Method.java:498)
	at org.junit.runners.model.FrameworkMethod$1.runReflectiveCall(FrameworkMethod.java:50)
	at org.junit.internal.runners.model.ReflectiveCallable.run(ReflectiveCallable.java:12)
	at org.junit.runners.model.FrameworkMethod.invokeExplosively(FrameworkMethod.java:47)
	at org.junit.internal.runners.statements.InvokeMethod.evaluate(InvokeMethod.java:17)
	at org.junit.internal.runners.statements.RunAfters.evaluate(RunAfters.java:27)
	at org.junit.internal.runners.statements.FailOnTimeout$CallableStatement.call(FailOnTimeout.java:298)
	at org.junit.internal.runners.statements.FailOnTimeout$CallableStatement.call(FailOnTimeout.java:292)
	at java.util.concurrent.FutureTask.run(FutureTask.java:266)
	at java.lang.Thread.run(Thread.java:748)
2019-09-24 16:44:45,463 WARN  ratis.RaftTestUtil (JavaUtils.java:attempt(158)) - FAILED "waitForLeader-null-(expectLeader? true)", attempt #89/100: java.lang.IllegalStateException: No leader yet : printing ALL groups
  s3:  RUNNING CANDIDATE s3@group-A1B89BB4020A:t8, leader=null, voted=s3, raftlog=s3@group-A1B89BB4020A-SegmentedRaftLog:OPENED:c-1,f-1,i0, conf=-1: [s3:0.0.0.0:34761, s4:0.0.0.0:42956, s0:0.0.0.0:35561, s1:0.0.0.0:38095, s2:0.0.0.0:39611], old=null RUNNING
  s4:  RUNNING CANDIDATE s4@group-A1B89BB4020A:t8, leader=null, voted=s4, raftlog=s4@group-A1B89BB4020A-SegmentedRaftLog:OPENED:c-1,f-1,i0, conf=-1: [s3:0.0.0.0:34761, s4:0.0.0.0:42956, s0:0.0.0.0:35561, s1:0.0.0.0:38095, s2:0.0.0.0:39611], old=null RUNNING
  s0:  RUNNING CANDIDATE s0@group-A1B89BB4020A:t8, leader=null, voted=s0, raftlog=s0@group-A1B89BB4020A-SegmentedRaftLog:OPENED:c-1,f-1,i0, conf=-1: [s3:0.0.0.0:34761, s4:0.0.0.0:42956, s0:0.0.0.0:35561, s1:0.0.0.0:38095, s2:0.0.0.0:39611], old=null RUNNING
  s1:  RUNNING CANDIDATE s1@group-A1B89BB4020A:t8, leader=null, voted=s1, raftlog=s1@group-A1B89BB4020A-SegmentedRaftLog:OPENED:c-1,f-1,i0, conf=-1: [s3:0.0.0.0:34761, s4:0.0.0.0:42956, s0:0.0.0.0:35561, s1:0.0.0.0:38095, s2:0.0.0.0:39611], old=null RUNNING
  s2:  RUNNING CANDIDATE s2@group-A1B89BB4020A:t8, leader=null, voted=s2, raftlog=s2@group-A1B89BB4020A-SegmentedRaftLog:OPENED:c-1,f-1,i0, conf=-1: [s3:0.0.0.0:34761, s4:0.0.0.0:42956, s0:0.0.0.0:35561, s1:0.0.0.0:38095, s2:0.0.0.0:39611], old=null RUNNING, sleep 450ms and then retry.
java.lang.IllegalStateException: No leader yet : printing ALL groups
  s3:  RUNNING CANDIDATE s3@group-A1B89BB4020A:t8, leader=null, voted=s3, raftlog=s3@group-A1B89BB4020A-SegmentedRaftLog:OPENED:c-1,f-1,i0, conf=-1: [s3:0.0.0.0:34761, s4:0.0.0.0:42956, s0:0.0.0.0:35561, s1:0.0.0.0:38095, s2:0.0.0.0:39611], old=null RUNNING
  s4:  RUNNING CANDIDATE s4@group-A1B89BB4020A:t8, leader=null, voted=s4, raftlog=s4@group-A1B89BB4020A-SegmentedRaftLog:OPENED:c-1,f-1,i0, conf=-1: [s3:0.0.0.0:34761, s4:0.0.0.0:42956, s0:0.0.0.0:35561, s1:0.0.0.0:38095, s2:0.0.0.0:39611], old=null RUNNING
  s0:  RUNNING CANDIDATE s0@group-A1B89BB4020A:t8, leader=null, voted=s0, raftlog=s0@group-A1B89BB4020A-SegmentedRaftLog:OPENED:c-1,f-1,i0, conf=-1: [s3:0.0.0.0:34761, s4:0.0.0.0:42956, s0:0.0.0.0:35561, s1:0.0.0.0:38095, s2:0.0.0.0:39611], old=null RUNNING
  s1:  RUNNING CANDIDATE s1@group-A1B89BB4020A:t8, leader=null, voted=s1, raftlog=s1@group-A1B89BB4020A-SegmentedRaftLog:OPENED:c-1,f-1,i0, conf=-1: [s3:0.0.0.0:34761, s4:0.0.0.0:42956, s0:0.0.0.0:35561, s1:0.0.0.0:38095, s2:0.0.0.0:39611], old=null RUNNING
  s2:  RUNNING CANDIDATE s2@group-A1B89BB4020A:t8, leader=null, voted=s2, raftlog=s2@group-A1B89BB4020A-SegmentedRaftLog:OPENED:c-1,f-1,i0, conf=-1: [s3:0.0.0.0:34761, s4:0.0.0.0:42956, s0:0.0.0.0:35561, s1:0.0.0.0:38095, s2:0.0.0.0:39611], old=null RUNNING
	at org.apache.ratis.MiniRaftCluster.newIllegalStateExceptionForNoLeaders(MiniRaftCluster.java:506)
	at org.apache.ratis.RaftTestUtil.lambda$waitForLeader$1(RaftTestUtil.java:90)
	at org.apache.ratis.MiniRaftCluster.getLeader(MiniRaftCluster.java:539)
	at org.apache.ratis.MiniRaftCluster.getLeader(MiniRaftCluster.java:532)
	at org.apache.ratis.RaftTestUtil.lambda$waitForLeader$3(RaftTestUtil.java:98)
	at org.apache.ratis.util.JavaUtils.attempt(JavaUtils.java:152)
	at org.apache.ratis.RaftTestUtil.waitForLeader(RaftTestUtil.java:97)
	at org.apache.ratis.RaftTestUtil.waitForLeader(RaftTestUtil.java:77)
	at org.apache.ratis.RaftTestUtil.waitForLeader(RaftTestUtil.java:72)
	at org.apache.ratis.RaftBasicTests.runTestOldLeaderNotCommit(RaftBasicTests.java:218)
	at org.apache.ratis.MiniRaftCluster$Factory$Get.runWithNewCluster(MiniRaftCluster.java:125)
	at org.apache.ratis.MiniRaftCluster$Factory$Get.runWithNewCluster(MiniRaftCluster.java:113)
	at org.apache.ratis.RaftBasicTests.testOldLeaderNotCommit(RaftBasicTests.java:214)
	at sun.reflect.NativeMethodAccessorImpl.invoke0(Native Method)
	at sun.reflect.NativeMethodAccessorImpl.invoke(NativeMethodAccessorImpl.java:62)
	at sun.reflect.DelegatingMethodAccessorImpl.invoke(DelegatingMethodAccessorImpl.java:43)
	at java.lang.reflect.Method.invoke(Method.java:498)
	at org.junit.runners.model.FrameworkMethod$1.runReflectiveCall(FrameworkMethod.java:50)
	at org.junit.internal.runners.model.ReflectiveCallable.run(ReflectiveCallable.java:12)
	at org.junit.runners.model.FrameworkMethod.invokeExplosively(FrameworkMethod.java:47)
	at org.junit.internal.runners.statements.InvokeMethod.evaluate(InvokeMethod.java:17)
	at org.junit.internal.runners.statements.RunAfters.evaluate(RunAfters.java:27)
	at org.junit.internal.runners.statements.FailOnTimeout$CallableStatement.call(FailOnTimeout.java:298)
	at org.junit.internal.runners.statements.FailOnTimeout$CallableStatement.call(FailOnTimeout.java:292)
	at java.util.concurrent.FutureTask.run(FutureTask.java:266)
	at java.lang.Thread.run(Thread.java:748)
2019-09-24 16:44:45,731 INFO  ratis.MiniRaftCluster (MiniRaftCluster.java:lambda$null$5(297)) - TIMED-PRINT: printing ALL groups
  s3:  RUNNING CANDIDATE s3@group-A1B89BB4020A:t8, leader=null, voted=s3, raftlog=s3@group-A1B89BB4020A-SegmentedRaftLog:OPENED:c-1,f-1,i0, conf=-1: [s3:0.0.0.0:34761, s4:0.0.0.0:42956, s0:0.0.0.0:35561, s1:0.0.0.0:38095, s2:0.0.0.0:39611], old=null RUNNING
  s4:  RUNNING CANDIDATE s4@group-A1B89BB4020A:t8, leader=null, voted=s4, raftlog=s4@group-A1B89BB4020A-SegmentedRaftLog:OPENED:c-1,f-1,i0, conf=-1: [s3:0.0.0.0:34761, s4:0.0.0.0:42956, s0:0.0.0.0:35561, s1:0.0.0.0:38095, s2:0.0.0.0:39611], old=null RUNNING
  s0:  RUNNING CANDIDATE s0@group-A1B89BB4020A:t8, leader=null, voted=s0, raftlog=s0@group-A1B89BB4020A-SegmentedRaftLog:OPENED:c-1,f-1,i0, conf=-1: [s3:0.0.0.0:34761, s4:0.0.0.0:42956, s0:0.0.0.0:35561, s1:0.0.0.0:38095, s2:0.0.0.0:39611], old=null RUNNING
  s1:  RUNNING CANDIDATE s1@group-A1B89BB4020A:t8, leader=null, voted=s1, raftlog=s1@group-A1B89BB4020A-SegmentedRaftLog:OPENED:c-1,f-1,i0, conf=-1: [s3:0.0.0.0:34761, s4:0.0.0.0:42956, s0:0.0.0.0:35561, s1:0.0.0.0:38095, s2:0.0.0.0:39611], old=null RUNNING
  s2:  RUNNING CANDIDATE s2@group-A1B89BB4020A:t8, leader=null, voted=s2, raftlog=s2@group-A1B89BB4020A-SegmentedRaftLog:OPENED:c-1,f-1,i0, conf=-1: [s3:0.0.0.0:34761, s4:0.0.0.0:42956, s0:0.0.0.0:35561, s1:0.0.0.0:38095, s2:0.0.0.0:39611], old=null RUNNING
2019-09-24 16:44:45,915 WARN  ratis.RaftTestUtil (JavaUtils.java:attempt(158)) - FAILED "waitForLeader-null-(expectLeader? true)", attempt #90/100: java.lang.IllegalStateException: No leader yet : printing ALL groups
  s3:  RUNNING CANDIDATE s3@group-A1B89BB4020A:t8, leader=null, voted=s3, raftlog=s3@group-A1B89BB4020A-SegmentedRaftLog:OPENED:c-1,f-1,i0, conf=-1: [s3:0.0.0.0:34761, s4:0.0.0.0:42956, s0:0.0.0.0:35561, s1:0.0.0.0:38095, s2:0.0.0.0:39611], old=null RUNNING
  s4:  RUNNING CANDIDATE s4@group-A1B89BB4020A:t8, leader=null, voted=s4, raftlog=s4@group-A1B89BB4020A-SegmentedRaftLog:OPENED:c-1,f-1,i0, conf=-1: [s3:0.0.0.0:34761, s4:0.0.0.0:42956, s0:0.0.0.0:35561, s1:0.0.0.0:38095, s2:0.0.0.0:39611], old=null RUNNING
  s0:  RUNNING CANDIDATE s0@group-A1B89BB4020A:t8, leader=null, voted=s0, raftlog=s0@group-A1B89BB4020A-SegmentedRaftLog:OPENED:c-1,f-1,i0, conf=-1: [s3:0.0.0.0:34761, s4:0.0.0.0:42956, s0:0.0.0.0:35561, s1:0.0.0.0:38095, s2:0.0.0.0:39611], old=null RUNNING
  s1:  RUNNING CANDIDATE s1@group-A1B89BB4020A:t8, leader=null, voted=s1, raftlog=s1@group-A1B89BB4020A-SegmentedRaftLog:OPENED:c-1,f-1,i0, conf=-1: [s3:0.0.0.0:34761, s4:0.0.0.0:42956, s0:0.0.0.0:35561, s1:0.0.0.0:38095, s2:0.0.0.0:39611], old=null RUNNING
  s2:  RUNNING CANDIDATE s2@group-A1B89BB4020A:t8, leader=null, voted=s2, raftlog=s2@group-A1B89BB4020A-SegmentedRaftLog:OPENED:c-1,f-1,i0, conf=-1: [s3:0.0.0.0:34761, s4:0.0.0.0:42956, s0:0.0.0.0:35561, s1:0.0.0.0:38095, s2:0.0.0.0:39611], old=null RUNNING, sleep 450ms and then retry.
java.lang.IllegalStateException: No leader yet : printing ALL groups
  s3:  RUNNING CANDIDATE s3@group-A1B89BB4020A:t8, leader=null, voted=s3, raftlog=s3@group-A1B89BB4020A-SegmentedRaftLog:OPENED:c-1,f-1,i0, conf=-1: [s3:0.0.0.0:34761, s4:0.0.0.0:42956, s0:0.0.0.0:35561, s1:0.0.0.0:38095, s2:0.0.0.0:39611], old=null RUNNING
  s4:  RUNNING CANDIDATE s4@group-A1B89BB4020A:t8, leader=null, voted=s4, raftlog=s4@group-A1B89BB4020A-SegmentedRaftLog:OPENED:c-1,f-1,i0, conf=-1: [s3:0.0.0.0:34761, s4:0.0.0.0:42956, s0:0.0.0.0:35561, s1:0.0.0.0:38095, s2:0.0.0.0:39611], old=null RUNNING
  s0:  RUNNING CANDIDATE s0@group-A1B89BB4020A:t8, leader=null, voted=s0, raftlog=s0@group-A1B89BB4020A-SegmentedRaftLog:OPENED:c-1,f-1,i0, conf=-1: [s3:0.0.0.0:34761, s4:0.0.0.0:42956, s0:0.0.0.0:35561, s1:0.0.0.0:38095, s2:0.0.0.0:39611], old=null RUNNING
  s1:  RUNNING CANDIDATE s1@group-A1B89BB4020A:t8, leader=null, voted=s1, raftlog=s1@group-A1B89BB4020A-SegmentedRaftLog:OPENED:c-1,f-1,i0, conf=-1: [s3:0.0.0.0:34761, s4:0.0.0.0:42956, s0:0.0.0.0:35561, s1:0.0.0.0:38095, s2:0.0.0.0:39611], old=null RUNNING
  s2:  RUNNING CANDIDATE s2@group-A1B89BB4020A:t8, leader=null, voted=s2, raftlog=s2@group-A1B89BB4020A-SegmentedRaftLog:OPENED:c-1,f-1,i0, conf=-1: [s3:0.0.0.0:34761, s4:0.0.0.0:42956, s0:0.0.0.0:35561, s1:0.0.0.0:38095, s2:0.0.0.0:39611], old=null RUNNING
	at org.apache.ratis.MiniRaftCluster.newIllegalStateExceptionForNoLeaders(MiniRaftCluster.java:506)
	at org.apache.ratis.RaftTestUtil.lambda$waitForLeader$1(RaftTestUtil.java:90)
	at org.apache.ratis.MiniRaftCluster.getLeader(MiniRaftCluster.java:539)
	at org.apache.ratis.MiniRaftCluster.getLeader(MiniRaftCluster.java:532)
	at org.apache.ratis.RaftTestUtil.lambda$waitForLeader$3(RaftTestUtil.java:98)
	at org.apache.ratis.util.JavaUtils.attempt(JavaUtils.java:152)
	at org.apache.ratis.RaftTestUtil.waitForLeader(RaftTestUtil.java:97)
	at org.apache.ratis.RaftTestUtil.waitForLeader(RaftTestUtil.java:77)
	at org.apache.ratis.RaftTestUtil.waitForLeader(RaftTestUtil.java:72)
	at org.apache.ratis.RaftBasicTests.runTestOldLeaderNotCommit(RaftBasicTests.java:218)
	at org.apache.ratis.MiniRaftCluster$Factory$Get.runWithNewCluster(MiniRaftCluster.java:125)
	at org.apache.ratis.MiniRaftCluster$Factory$Get.runWithNewCluster(MiniRaftCluster.java:113)
	at org.apache.ratis.RaftBasicTests.testOldLeaderNotCommit(RaftBasicTests.java:214)
	at sun.reflect.NativeMethodAccessorImpl.invoke0(Native Method)
	at sun.reflect.NativeMethodAccessorImpl.invoke(NativeMethodAccessorImpl.java:62)
	at sun.reflect.DelegatingMethodAccessorImpl.invoke(DelegatingMethodAccessorImpl.java:43)
	at java.lang.reflect.Method.invoke(Method.java:498)
	at org.junit.runners.model.FrameworkMethod$1.runReflectiveCall(FrameworkMethod.java:50)
	at org.junit.internal.runners.model.ReflectiveCallable.run(ReflectiveCallable.java:12)
	at org.junit.runners.model.FrameworkMethod.invokeExplosively(FrameworkMethod.java:47)
	at org.junit.internal.runners.statements.InvokeMethod.evaluate(InvokeMethod.java:17)
	at org.junit.internal.runners.statements.RunAfters.evaluate(RunAfters.java:27)
	at org.junit.internal.runners.statements.FailOnTimeout$CallableStatement.call(FailOnTimeout.java:298)
	at org.junit.internal.runners.statements.FailOnTimeout$CallableStatement.call(FailOnTimeout.java:292)
	at java.util.concurrent.FutureTask.run(FutureTask.java:266)
	at java.lang.Thread.run(Thread.java:748)
2019-09-24 16:44:46,366 WARN  ratis.RaftTestUtil (JavaUtils.java:attempt(158)) - FAILED "waitForLeader-null-(expectLeader? true)", attempt #91/100: java.lang.IllegalStateException: No leader yet : printing ALL groups
  s3:  RUNNING CANDIDATE s3@group-A1B89BB4020A:t8, leader=null, voted=s3, raftlog=s3@group-A1B89BB4020A-SegmentedRaftLog:OPENED:c-1,f-1,i0, conf=-1: [s3:0.0.0.0:34761, s4:0.0.0.0:42956, s0:0.0.0.0:35561, s1:0.0.0.0:38095, s2:0.0.0.0:39611], old=null RUNNING
  s4:  RUNNING CANDIDATE s4@group-A1B89BB4020A:t8, leader=null, voted=s4, raftlog=s4@group-A1B89BB4020A-SegmentedRaftLog:OPENED:c-1,f-1,i0, conf=-1: [s3:0.0.0.0:34761, s4:0.0.0.0:42956, s0:0.0.0.0:35561, s1:0.0.0.0:38095, s2:0.0.0.0:39611], old=null RUNNING
  s0:  RUNNING CANDIDATE s0@group-A1B89BB4020A:t8, leader=null, voted=s0, raftlog=s0@group-A1B89BB4020A-SegmentedRaftLog:OPENED:c-1,f-1,i0, conf=-1: [s3:0.0.0.0:34761, s4:0.0.0.0:42956, s0:0.0.0.0:35561, s1:0.0.0.0:38095, s2:0.0.0.0:39611], old=null RUNNING
  s1:  RUNNING CANDIDATE s1@group-A1B89BB4020A:t8, leader=null, voted=s1, raftlog=s1@group-A1B89BB4020A-SegmentedRaftLog:OPENED:c-1,f-1,i0, conf=-1: [s3:0.0.0.0:34761, s4:0.0.0.0:42956, s0:0.0.0.0:35561, s1:0.0.0.0:38095, s2:0.0.0.0:39611], old=null RUNNING
  s2:  RUNNING CANDIDATE s2@group-A1B89BB4020A:t8, leader=null, voted=s2, raftlog=s2@group-A1B89BB4020A-SegmentedRaftLog:OPENED:c-1,f-1,i0, conf=-1: [s3:0.0.0.0:34761, s4:0.0.0.0:42956, s0:0.0.0.0:35561, s1:0.0.0.0:38095, s2:0.0.0.0:39611], old=null RUNNING, sleep 450ms and then retry.
java.lang.IllegalStateException: No leader yet : printing ALL groups
  s3:  RUNNING CANDIDATE s3@group-A1B89BB4020A:t8, leader=null, voted=s3, raftlog=s3@group-A1B89BB4020A-SegmentedRaftLog:OPENED:c-1,f-1,i0, conf=-1: [s3:0.0.0.0:34761, s4:0.0.0.0:42956, s0:0.0.0.0:35561, s1:0.0.0.0:38095, s2:0.0.0.0:39611], old=null RUNNING
  s4:  RUNNING CANDIDATE s4@group-A1B89BB4020A:t8, leader=null, voted=s4, raftlog=s4@group-A1B89BB4020A-SegmentedRaftLog:OPENED:c-1,f-1,i0, conf=-1: [s3:0.0.0.0:34761, s4:0.0.0.0:42956, s0:0.0.0.0:35561, s1:0.0.0.0:38095, s2:0.0.0.0:39611], old=null RUNNING
  s0:  RUNNING CANDIDATE s0@group-A1B89BB4020A:t8, leader=null, voted=s0, raftlog=s0@group-A1B89BB4020A-SegmentedRaftLog:OPENED:c-1,f-1,i0, conf=-1: [s3:0.0.0.0:34761, s4:0.0.0.0:42956, s0:0.0.0.0:35561, s1:0.0.0.0:38095, s2:0.0.0.0:39611], old=null RUNNING
  s1:  RUNNING CANDIDATE s1@group-A1B89BB4020A:t8, leader=null, voted=s1, raftlog=s1@group-A1B89BB4020A-SegmentedRaftLog:OPENED:c-1,f-1,i0, conf=-1: [s3:0.0.0.0:34761, s4:0.0.0.0:42956, s0:0.0.0.0:35561, s1:0.0.0.0:38095, s2:0.0.0.0:39611], old=null RUNNING
  s2:  RUNNING CANDIDATE s2@group-A1B89BB4020A:t8, leader=null, voted=s2, raftlog=s2@group-A1B89BB4020A-SegmentedRaftLog:OPENED:c-1,f-1,i0, conf=-1: [s3:0.0.0.0:34761, s4:0.0.0.0:42956, s0:0.0.0.0:35561, s1:0.0.0.0:38095, s2:0.0.0.0:39611], old=null RUNNING
	at org.apache.ratis.MiniRaftCluster.newIllegalStateExceptionForNoLeaders(MiniRaftCluster.java:506)
	at org.apache.ratis.RaftTestUtil.lambda$waitForLeader$1(RaftTestUtil.java:90)
	at org.apache.ratis.MiniRaftCluster.getLeader(MiniRaftCluster.java:539)
	at org.apache.ratis.MiniRaftCluster.getLeader(MiniRaftCluster.java:532)
	at org.apache.ratis.RaftTestUtil.lambda$waitForLeader$3(RaftTestUtil.java:98)
	at org.apache.ratis.util.JavaUtils.attempt(JavaUtils.java:152)
	at org.apache.ratis.RaftTestUtil.waitForLeader(RaftTestUtil.java:97)
	at org.apache.ratis.RaftTestUtil.waitForLeader(RaftTestUtil.java:77)
	at org.apache.ratis.RaftTestUtil.waitForLeader(RaftTestUtil.java:72)
	at org.apache.ratis.RaftBasicTests.runTestOldLeaderNotCommit(RaftBasicTests.java:218)
	at org.apache.ratis.MiniRaftCluster$Factory$Get.runWithNewCluster(MiniRaftCluster.java:125)
	at org.apache.ratis.MiniRaftCluster$Factory$Get.runWithNewCluster(MiniRaftCluster.java:113)
	at org.apache.ratis.RaftBasicTests.testOldLeaderNotCommit(RaftBasicTests.java:214)
	at sun.reflect.NativeMethodAccessorImpl.invoke0(Native Method)
	at sun.reflect.NativeMethodAccessorImpl.invoke(NativeMethodAccessorImpl.java:62)
	at sun.reflect.DelegatingMethodAccessorImpl.invoke(DelegatingMethodAccessorImpl.java:43)
	at java.lang.reflect.Method.invoke(Method.java:498)
	at org.junit.runners.model.FrameworkMethod$1.runReflectiveCall(FrameworkMethod.java:50)
	at org.junit.internal.runners.model.ReflectiveCallable.run(ReflectiveCallable.java:12)
	at org.junit.runners.model.FrameworkMethod.invokeExplosively(FrameworkMethod.java:47)
	at org.junit.internal.runners.statements.InvokeMethod.evaluate(InvokeMethod.java:17)
	at org.junit.internal.runners.statements.RunAfters.evaluate(RunAfters.java:27)
	at org.junit.internal.runners.statements.FailOnTimeout$CallableStatement.call(FailOnTimeout.java:298)
	at org.junit.internal.runners.statements.FailOnTimeout$CallableStatement.call(FailOnTimeout.java:292)
	at java.util.concurrent.FutureTask.run(FutureTask.java:266)
	at java.lang.Thread.run(Thread.java:748)
2019-09-24 16:44:46,472 INFO  impl.LeaderElection (LeaderElection.java:askForVotes(178)) - s3@group-A1B89BB4020A-LeaderElection160: begin an election at term 8 for -1: [s3:0.0.0.0:34761, s4:0.0.0.0:42956, s0:0.0.0.0:35561, s1:0.0.0.0:38095, s2:0.0.0.0:39611], old=null
2019-09-24 16:44:46,472 DEBUG impl.RaftServerImpl (RaftServerImpl.java:requestVote(775)) - s4@group-A1B89BB4020A replies to vote request: s1<-s4#0:FAIL-t8. Peer's state: s4@group-A1B89BB4020A:t8, leader=null, voted=s4, raftlog=s4@group-A1B89BB4020A-SegmentedRaftLog:OPENED:c-1,f-1,i0, conf=-1: [s3:0.0.0.0:34761, s4:0.0.0.0:42956, s0:0.0.0.0:35561, s1:0.0.0.0:38095, s2:0.0.0.0:39611], old=null
2019-09-24 16:44:46,472 DEBUG impl.RaftServerImpl (RaftServerImpl.java:requestVote(775)) - s2@group-A1B89BB4020A replies to vote request: s1<-s2#0:FAIL-t8. Peer's state: s2@group-A1B89BB4020A:t8, leader=null, voted=s2, raftlog=s2@group-A1B89BB4020A-SegmentedRaftLog:OPENED:c-1,f-1,i0, conf=-1: [s3:0.0.0.0:34761, s4:0.0.0.0:42956, s0:0.0.0.0:35561, s1:0.0.0.0:38095, s2:0.0.0.0:39611], old=null
2019-09-24 16:44:46,472 DEBUG impl.RaftServerImpl (RaftServerImpl.java:requestVote(775)) - s0@group-A1B89BB4020A replies to vote request: s1<-s0#0:FAIL-t8. Peer's state: s0@group-A1B89BB4020A:t8, leader=null, voted=s0, raftlog=s0@group-A1B89BB4020A-SegmentedRaftLog:OPENED:c-1,f-1,i0, conf=-1: [s3:0.0.0.0:34761, s4:0.0.0.0:42956, s0:0.0.0.0:35561, s1:0.0.0.0:38095, s2:0.0.0.0:39611], old=null
2019-09-24 16:44:46,472 DEBUG impl.RaftServerImpl (RaftServerImpl.java:requestVote(775)) - s3@group-A1B89BB4020A replies to vote request: s1<-s3#0:FAIL-t8. Peer's state: s3@group-A1B89BB4020A:t8, leader=null, voted=s3, raftlog=s3@group-A1B89BB4020A-SegmentedRaftLog:OPENED:c-1,f-1,i0, conf=-1: [s3:0.0.0.0:34761, s4:0.0.0.0:42956, s0:0.0.0.0:35561, s1:0.0.0.0:38095, s2:0.0.0.0:39611], old=null
2019-09-24 16:44:46,472 INFO  impl.LeaderElection (LeaderElection.java:askForVotes(178)) - s4@group-A1B89BB4020A-LeaderElection164: begin an election at term 8 for -1: [s3:0.0.0.0:34761, s4:0.0.0.0:42956, s0:0.0.0.0:35561, s1:0.0.0.0:38095, s2:0.0.0.0:39611], old=null
2019-09-24 16:44:46,472 INFO  impl.LeaderElection (LeaderElection.java:askForVotes(178)) - s2@group-A1B89BB4020A-LeaderElection162: begin an election at term 8 for -1: [s3:0.0.0.0:34761, s4:0.0.0.0:42956, s0:0.0.0.0:35561, s1:0.0.0.0:38095, s2:0.0.0.0:39611], old=null
2019-09-24 16:44:46,472 INFO  impl.LeaderElection (LeaderElection.java:askForVotes(178)) - s0@group-A1B89BB4020A-LeaderElection163: begin an election at term 8 for -1: [s3:0.0.0.0:34761, s4:0.0.0.0:42956, s0:0.0.0.0:35561, s1:0.0.0.0:38095, s2:0.0.0.0:39611], old=null
2019-09-24 16:44:46,473 INFO  impl.LeaderElection (LeaderElection.java:askForVotes(178)) - s1@group-A1B89BB4020A-LeaderElection161: begin an election at term 8 for -1: [s3:0.0.0.0:34761, s4:0.0.0.0:42956, s0:0.0.0.0:35561, s1:0.0.0.0:38095, s2:0.0.0.0:39611], old=null
2019-09-24 16:44:46,475 DEBUG impl.RaftServerImpl (RaftServerImpl.java:requestVote(743)) - s4@group-A1B89BB4020A: receive requestVote(s3, group-A1B89BB4020A, 8, (t:0, i:0))
2019-09-24 16:44:46,475 DEBUG impl.RaftServerImpl (RaftServerImpl.java:requestVote(743)) - s3@group-A1B89BB4020A: receive requestVote(s2, group-A1B89BB4020A, 8, (t:0, i:0))
2019-09-24 16:44:46,475 DEBUG impl.RaftServerImpl (RaftServerImpl.java:requestVote(743)) - s3@group-A1B89BB4020A: receive requestVote(s4, group-A1B89BB4020A, 8, (t:0, i:0))
2019-09-24 16:44:46,476 DEBUG impl.RaftServerImpl (RaftServerImpl.java:requestVote(775)) - s3@group-A1B89BB4020A replies to vote request: s2<-s3#0:FAIL-t8. Peer's state: s3@group-A1B89BB4020A:t8, leader=null, voted=s3, raftlog=s3@group-A1B89BB4020A-SegmentedRaftLog:OPENED:c-1,f-1,i0, conf=-1: [s3:0.0.0.0:34761, s4:0.0.0.0:42956, s0:0.0.0.0:35561, s1:0.0.0.0:38095, s2:0.0.0.0:39611], old=null
2019-09-24 16:44:46,475 DEBUG impl.RaftServerImpl (RaftServerImpl.java:requestVote(743)) - s0@group-A1B89BB4020A: receive requestVote(s1, group-A1B89BB4020A, 8, (t:0, i:0))
2019-09-24 16:44:46,475 DEBUG impl.RaftServerImpl (RaftServerImpl.java:requestVote(743)) - s4@group-A1B89BB4020A: receive requestVote(s1, group-A1B89BB4020A, 8, (t:0, i:0))
2019-09-24 16:44:46,475 DEBUG impl.RaftServerImpl (RaftServerImpl.java:requestVote(775)) - s4@group-A1B89BB4020A replies to vote request: s3<-s4#0:FAIL-t8. Peer's state: s4@group-A1B89BB4020A:t8, leader=null, voted=s4, raftlog=s4@group-A1B89BB4020A-SegmentedRaftLog:OPENED:c-1,f-1,i0, conf=-1: [s3:0.0.0.0:34761, s4:0.0.0.0:42956, s0:0.0.0.0:35561, s1:0.0.0.0:38095, s2:0.0.0.0:39611], old=null
2019-09-24 16:44:46,475 DEBUG impl.RaftServerImpl (RaftServerImpl.java:requestVote(743)) - s3@group-A1B89BB4020A: receive requestVote(s1, group-A1B89BB4020A, 8, (t:0, i:0))
2019-09-24 16:44:46,478 DEBUG impl.RaftServerImpl (RaftServerImpl.java:requestVote(743)) - s0@group-A1B89BB4020A: receive requestVote(s2, group-A1B89BB4020A, 8, (t:0, i:0))
2019-09-24 16:44:46,478 DEBUG impl.RaftServerImpl (RaftServerImpl.java:requestVote(743)) - s1@group-A1B89BB4020A: receive requestVote(s3, group-A1B89BB4020A, 8, (t:0, i:0))
2019-09-24 16:44:46,478 DEBUG impl.RaftServerImpl (RaftServerImpl.java:requestVote(775)) - s4@group-A1B89BB4020A replies to vote request: s1<-s4#0:FAIL-t8. Peer's state: s4@group-A1B89BB4020A:t8, leader=null, voted=s4, raftlog=s4@group-A1B89BB4020A-SegmentedRaftLog:OPENED:c-1,f-1,i0, conf=-1: [s3:0.0.0.0:34761, s4:0.0.0.0:42956, s0:0.0.0.0:35561, s1:0.0.0.0:38095, s2:0.0.0.0:39611], old=null
2019-09-24 16:44:46,478 DEBUG impl.RaftServerImpl (RaftServerImpl.java:requestVote(743)) - s4@group-A1B89BB4020A: receive requestVote(s0, group-A1B89BB4020A, 8, (t:0, i:0))
2019-09-24 16:44:46,478 DEBUG impl.RaftServerImpl (RaftServerImpl.java:requestVote(743)) - s1@group-A1B89BB4020A: receive requestVote(s0, group-A1B89BB4020A, 8, (t:0, i:0))
2019-09-24 16:44:46,478 DEBUG impl.RaftServerImpl (RaftServerImpl.java:requestVote(743)) - s4@group-A1B89BB4020A: receive requestVote(s2, group-A1B89BB4020A, 8, (t:0, i:0))
2019-09-24 16:44:46,480 DEBUG impl.RaftServerImpl (RaftServerImpl.java:requestVote(743)) - s2@group-A1B89BB4020A: receive requestVote(s4, group-A1B89BB4020A, 8, (t:0, i:0))
2019-09-24 16:44:46,477 DEBUG impl.RaftServerImpl (RaftServerImpl.java:requestVote(775)) - s0@group-A1B89BB4020A replies to vote request: s1<-s0#0:FAIL-t8. Peer's state: s0@group-A1B89BB4020A:t8, leader=null, voted=s0, raftlog=s0@group-A1B89BB4020A-SegmentedRaftLog:OPENED:c-1,f-1,i0, conf=-1: [s3:0.0.0.0:34761, s4:0.0.0.0:42956, s0:0.0.0.0:35561, s1:0.0.0.0:38095, s2:0.0.0.0:39611], old=null
2019-09-24 16:44:46,477 DEBUG impl.RaftServerImpl (RaftServerImpl.java:requestVote(743)) - s3@group-A1B89BB4020A: receive requestVote(s0, group-A1B89BB4020A, 8, (t:0, i:0))
2019-09-24 16:44:46,477 DEBUG impl.RaftServerImpl (RaftServerImpl.java:requestVote(775)) - s3@group-A1B89BB4020A replies to vote request: s4<-s3#0:FAIL-t8. Peer's state: s3@group-A1B89BB4020A:t8, leader=null, voted=s3, raftlog=s3@group-A1B89BB4020A-SegmentedRaftLog:OPENED:c-1,f-1,i0, conf=-1: [s3:0.0.0.0:34761, s4:0.0.0.0:42956, s0:0.0.0.0:35561, s1:0.0.0.0:38095, s2:0.0.0.0:39611], old=null
2019-09-24 16:44:46,477 DEBUG impl.RaftServerImpl (RaftServerImpl.java:requestVote(743)) - s0@group-A1B89BB4020A: receive requestVote(s3, group-A1B89BB4020A, 8, (t:0, i:0))
2019-09-24 16:44:46,476 DEBUG impl.RaftServerImpl (RaftServerImpl.java:requestVote(743)) - s0@group-A1B89BB4020A: receive requestVote(s4, group-A1B89BB4020A, 8, (t:0, i:0))
2019-09-24 16:44:46,476 DEBUG impl.RaftServerImpl (RaftServerImpl.java:requestVote(743)) - s2@group-A1B89BB4020A: receive requestVote(s1, group-A1B89BB4020A, 8, (t:0, i:0))
2019-09-24 16:44:46,482 DEBUG impl.RaftServerImpl (RaftServerImpl.java:requestVote(775)) - s3@group-A1B89BB4020A replies to vote request: s0<-s3#0:FAIL-t8. Peer's state: s3@group-A1B89BB4020A:t8, leader=null, voted=s3, raftlog=s3@group-A1B89BB4020A-SegmentedRaftLog:OPENED:c-1,f-1,i0, conf=-1: [s3:0.0.0.0:34761, s4:0.0.0.0:42956, s0:0.0.0.0:35561, s1:0.0.0.0:38095, s2:0.0.0.0:39611], old=null
2019-09-24 16:44:46,481 DEBUG impl.RaftServerImpl (RaftServerImpl.java:requestVote(775)) - s0@group-A1B89BB4020A replies to vote request: s2<-s0#0:FAIL-t8. Peer's state: s0@group-A1B89BB4020A:t8, leader=null, voted=s0, raftlog=s0@group-A1B89BB4020A-SegmentedRaftLog:OPENED:c-1,f-1,i0, conf=-1: [s3:0.0.0.0:34761, s4:0.0.0.0:42956, s0:0.0.0.0:35561, s1:0.0.0.0:38095, s2:0.0.0.0:39611], old=null
2019-09-24 16:44:46,481 DEBUG impl.RaftServerImpl (RaftServerImpl.java:requestVote(775)) - s2@group-A1B89BB4020A replies to vote request: s4<-s2#0:FAIL-t8. Peer's state: s2@group-A1B89BB4020A:t8, leader=null, voted=s2, raftlog=s2@group-A1B89BB4020A-SegmentedRaftLog:OPENED:c-1,f-1,i0, conf=-1: [s3:0.0.0.0:34761, s4:0.0.0.0:42956, s0:0.0.0.0:35561, s1:0.0.0.0:38095, s2:0.0.0.0:39611], old=null
2019-09-24 16:44:46,480 DEBUG impl.RaftServerImpl (RaftServerImpl.java:requestVote(743)) - s1@group-A1B89BB4020A: receive requestVote(s4, group-A1B89BB4020A, 8, (t:0, i:0))
2019-09-24 16:44:46,484 DEBUG impl.RaftServerImpl (RaftServerImpl.java:requestVote(743)) - s2@group-A1B89BB4020A: receive requestVote(s0, group-A1B89BB4020A, 8, (t:0, i:0))
2019-09-24 16:44:46,480 DEBUG impl.RaftServerImpl (RaftServerImpl.java:requestVote(775)) - s4@group-A1B89BB4020A replies to vote request: s0<-s4#0:FAIL-t8. Peer's state: s4@group-A1B89BB4020A:t8, leader=null, voted=s4, raftlog=s4@group-A1B89BB4020A-SegmentedRaftLog:OPENED:c-1,f-1,i0, conf=-1: [s3:0.0.0.0:34761, s4:0.0.0.0:42956, s0:0.0.0.0:35561, s1:0.0.0.0:38095, s2:0.0.0.0:39611], old=null
2019-09-24 16:44:46,479 DEBUG impl.RaftServerImpl (RaftServerImpl.java:requestVote(775)) - s1@group-A1B89BB4020A replies to vote request: s3<-s1#0:FAIL-t8. Peer's state: s1@group-A1B89BB4020A:t8, leader=null, voted=s1, raftlog=s1@group-A1B89BB4020A-SegmentedRaftLog:OPENED:c-1,f-1,i0, conf=-1: [s3:0.0.0.0:34761, s4:0.0.0.0:42956, s0:0.0.0.0:35561, s1:0.0.0.0:38095, s2:0.0.0.0:39611], old=null
2019-09-24 16:44:46,479 DEBUG impl.RaftServerImpl (RaftServerImpl.java:requestVote(743)) - s1@group-A1B89BB4020A: receive requestVote(s2, group-A1B89BB4020A, 8, (t:0, i:0))
2019-09-24 16:44:46,485 DEBUG impl.RaftServerImpl (RaftServerImpl.java:requestVote(775)) - s1@group-A1B89BB4020A replies to vote request: s4<-s1#0:FAIL-t8. Peer's state: s1@group-A1B89BB4020A:t8, leader=null, voted=s1, raftlog=s1@group-A1B89BB4020A-SegmentedRaftLog:OPENED:c-1,f-1,i0, conf=-1: [s3:0.0.0.0:34761, s4:0.0.0.0:42956, s0:0.0.0.0:35561, s1:0.0.0.0:38095, s2:0.0.0.0:39611], old=null
2019-09-24 16:44:46,485 DEBUG impl.RaftServerImpl (RaftServerImpl.java:requestVote(775)) - s4@group-A1B89BB4020A replies to vote request: s2<-s4#0:FAIL-t8. Peer's state: s4@group-A1B89BB4020A:t8, leader=null, voted=s4, raftlog=s4@group-A1B89BB4020A-SegmentedRaftLog:OPENED:c-1,f-1,i0, conf=-1: [s3:0.0.0.0:34761, s4:0.0.0.0:42956, s0:0.0.0.0:35561, s1:0.0.0.0:38095, s2:0.0.0.0:39611], old=null
2019-09-24 16:44:46,484 DEBUG impl.RaftServerImpl (RaftServerImpl.java:requestVote(775)) - s2@group-A1B89BB4020A replies to vote request: s1<-s2#0:FAIL-t8. Peer's state: s2@group-A1B89BB4020A:t8, leader=null, voted=s2, raftlog=s2@group-A1B89BB4020A-SegmentedRaftLog:OPENED:c-1,f-1,i0, conf=-1: [s3:0.0.0.0:34761, s4:0.0.0.0:42956, s0:0.0.0.0:35561, s1:0.0.0.0:38095, s2:0.0.0.0:39611], old=null
2019-09-24 16:44:46,483 DEBUG impl.RaftServerImpl (RaftServerImpl.java:requestVote(775)) - s0@group-A1B89BB4020A replies to vote request: s4<-s0#0:FAIL-t8. Peer's state: s0@group-A1B89BB4020A:t8, leader=null, voted=s0, raftlog=s0@group-A1B89BB4020A-SegmentedRaftLog:OPENED:c-1,f-1,i0, conf=-1: [s3:0.0.0.0:34761, s4:0.0.0.0:42956, s0:0.0.0.0:35561, s1:0.0.0.0:38095, s2:0.0.0.0:39611], old=null
2019-09-24 16:44:46,483 DEBUG impl.RaftServerImpl (RaftServerImpl.java:requestVote(775)) - s3@group-A1B89BB4020A replies to vote request: s1<-s3#0:FAIL-t8. Peer's state: s3@group-A1B89BB4020A:t8, leader=null, voted=s3, raftlog=s3@group-A1B89BB4020A-SegmentedRaftLog:OPENED:c-1,f-1,i0, conf=-1: [s3:0.0.0.0:34761, s4:0.0.0.0:42956, s0:0.0.0.0:35561, s1:0.0.0.0:38095, s2:0.0.0.0:39611], old=null
2019-09-24 16:44:46,486 DEBUG impl.RaftServerImpl (RaftServerImpl.java:requestVote(775)) - s0@group-A1B89BB4020A replies to vote request: s3<-s0#0:FAIL-t8. Peer's state: s0@group-A1B89BB4020A:t8, leader=null, voted=s0, raftlog=s0@group-A1B89BB4020A-SegmentedRaftLog:OPENED:c-1,f-1,i0, conf=-1: [s3:0.0.0.0:34761, s4:0.0.0.0:42956, s0:0.0.0.0:35561, s1:0.0.0.0:38095, s2:0.0.0.0:39611], old=null
2019-09-24 16:44:46,486 DEBUG impl.RaftServerImpl (RaftServerImpl.java:requestVote(775)) - s2@group-A1B89BB4020A replies to vote request: s0<-s2#0:FAIL-t8. Peer's state: s2@group-A1B89BB4020A:t8, leader=null, voted=s2, raftlog=s2@group-A1B89BB4020A-SegmentedRaftLog:OPENED:c-1,f-1,i0, conf=-1: [s3:0.0.0.0:34761, s4:0.0.0.0:42956, s0:0.0.0.0:35561, s1:0.0.0.0:38095, s2:0.0.0.0:39611], old=null
2019-09-24 16:44:46,485 DEBUG impl.RaftServerImpl (RaftServerImpl.java:requestVote(775)) - s1@group-A1B89BB4020A replies to vote request: s0<-s1#0:FAIL-t8. Peer's state: s1@group-A1B89BB4020A:t8, leader=null, voted=s1, raftlog=s1@group-A1B89BB4020A-SegmentedRaftLog:OPENED:c-1,f-1,i0, conf=-1: [s3:0.0.0.0:34761, s4:0.0.0.0:42956, s0:0.0.0.0:35561, s1:0.0.0.0:38095, s2:0.0.0.0:39611], old=null
2019-09-24 16:44:46,487 DEBUG impl.RaftServerImpl (RaftServerImpl.java:requestVote(743)) - s2@group-A1B89BB4020A: receive requestVote(s3, group-A1B89BB4020A, 8, (t:0, i:0))
2019-09-24 16:44:46,487 INFO  impl.LeaderElection (LeaderElection.java:logAndReturn(56)) - s1@group-A1B89BB4020A-LeaderElection161: Election REJECTED; received 4 response(s) [s1<-s3#0:FAIL-t8, s1<-s4#0:FAIL-t8, s1<-s0#0:FAIL-t8, s1<-s2#0:FAIL-t8] and 0 exception(s); s1@group-A1B89BB4020A:t8, leader=null, voted=s1, raftlog=s1@group-A1B89BB4020A-SegmentedRaftLog:OPENED:c-1,f-1,i0, conf=-1: [s3:0.0.0.0:34761, s4:0.0.0.0:42956, s0:0.0.0.0:35561, s1:0.0.0.0:38095, s2:0.0.0.0:39611], old=null
2019-09-24 16:44:46,487 INFO  impl.LeaderElection (LeaderElection.java:logAndReturn(56)) - s4@group-A1B89BB4020A-LeaderElection164: Election REJECTED; received 4 response(s) [s4<-s3#0:FAIL-t8, s4<-s0#0:FAIL-t8, s4<-s1#0:FAIL-t8, s4<-s2#0:FAIL-t8] and 0 exception(s); s4@group-A1B89BB4020A:t8, leader=null, voted=s4, raftlog=s4@group-A1B89BB4020A-SegmentedRaftLog:OPENED:c-1,f-1,i0, conf=-1: [s3:0.0.0.0:34761, s4:0.0.0.0:42956, s0:0.0.0.0:35561, s1:0.0.0.0:38095, s2:0.0.0.0:39611], old=null
2019-09-24 16:44:46,488 INFO  impl.LeaderElection (LeaderElection.java:logAndReturn(56)) - s0@group-A1B89BB4020A-LeaderElection163: Election REJECTED; received 4 response(s) [s0<-s3#0:FAIL-t8, s0<-s4#0:FAIL-t8, s0<-s1#0:FAIL-t8, s0<-s2#0:FAIL-t8] and 0 exception(s); s0@group-A1B89BB4020A:t8, leader=null, voted=s0, raftlog=s0@group-A1B89BB4020A-SegmentedRaftLog:OPENED:c-1,f-1,i0, conf=-1: [s3:0.0.0.0:34761, s4:0.0.0.0:42956, s0:0.0.0.0:35561, s1:0.0.0.0:38095, s2:0.0.0.0:39611], old=null
2019-09-24 16:44:46,488 DEBUG impl.RaftServerImpl (RaftServerImpl.java:requestVote(775)) - s2@group-A1B89BB4020A replies to vote request: s3<-s2#0:FAIL-t8. Peer's state: s2@group-A1B89BB4020A:t8, leader=null, voted=s2, raftlog=s2@group-A1B89BB4020A-SegmentedRaftLog:OPENED:c-1,f-1,i0, conf=-1: [s3:0.0.0.0:34761, s4:0.0.0.0:42956, s0:0.0.0.0:35561, s1:0.0.0.0:38095, s2:0.0.0.0:39611], old=null
2019-09-24 16:44:46,487 DEBUG impl.RaftServerImpl (RaftServerImpl.java:requestVote(775)) - s1@group-A1B89BB4020A replies to vote request: s2<-s1#0:FAIL-t8. Peer's state: s1@group-A1B89BB4020A:t8, leader=null, voted=s1, raftlog=s1@group-A1B89BB4020A-SegmentedRaftLog:OPENED:c-1,f-1,i0, conf=-1: [s3:0.0.0.0:34761, s4:0.0.0.0:42956, s0:0.0.0.0:35561, s1:0.0.0.0:38095, s2:0.0.0.0:39611], old=null
2019-09-24 16:44:46,488 INFO  impl.RaftServerImpl (RaftServerImpl.java:setRole(170)) - s0@group-A1B89BB4020A: changes role from CANDIDATE to FOLLOWER at term 8 for DISCOVERED_A_NEW_TERM
2019-09-24 16:44:46,488 INFO  impl.RaftServerImpl (RaftServerImpl.java:setRole(170)) - s4@group-A1B89BB4020A: changes role from CANDIDATE to FOLLOWER at term 8 for DISCOVERED_A_NEW_TERM
2019-09-24 16:44:46,489 INFO  impl.RoleInfo (RoleInfo.java:shutdownLeaderElection(134)) - s0: shutdown LeaderElection
2019-09-24 16:44:46,489 INFO  impl.RaftServerImpl (RaftServerImpl.java:setRole(170)) - s1@group-A1B89BB4020A: changes role from CANDIDATE to FOLLOWER at term 8 for DISCOVERED_A_NEW_TERM
2019-09-24 16:44:46,490 INFO  impl.RoleInfo (RoleInfo.java:shutdownLeaderElection(134)) - s1: shutdown LeaderElection
2019-09-24 16:44:46,489 INFO  impl.LeaderElection (LeaderElection.java:logAndReturn(56)) - s3@group-A1B89BB4020A-LeaderElection160: Election REJECTED; received 4 response(s) [s3<-s4#0:FAIL-t8, s3<-s0#0:FAIL-t8, s3<-s1#0:FAIL-t8, s3<-s2#0:FAIL-t8] and 0 exception(s); s3@group-A1B89BB4020A:t8, leader=null, voted=s3, raftlog=s3@group-A1B89BB4020A-SegmentedRaftLog:OPENED:c-1,f-1,i0, conf=-1: [s3:0.0.0.0:34761, s4:0.0.0.0:42956, s0:0.0.0.0:35561, s1:0.0.0.0:38095, s2:0.0.0.0:39611], old=null
2019-09-24 16:44:46,490 INFO  impl.RoleInfo (RoleInfo.java:updateAndGet(143)) - s1: start FollowerState
2019-09-24 16:44:46,490 INFO  impl.RoleInfo (RoleInfo.java:updateAndGet(143)) - s0: start FollowerState
2019-09-24 16:44:46,489 INFO  impl.RoleInfo (RoleInfo.java:shutdownLeaderElection(134)) - s4: shutdown LeaderElection
2019-09-24 16:44:46,489 INFO  impl.LeaderElection (LeaderElection.java:logAndReturn(56)) - s2@group-A1B89BB4020A-LeaderElection162: Election REJECTED; received 4 response(s) [s2<-s3#0:FAIL-t8, s2<-s4#0:FAIL-t8, s2<-s0#0:FAIL-t8, s2<-s1#0:FAIL-t8] and 0 exception(s); s2@group-A1B89BB4020A:t8, leader=null, voted=s2, raftlog=s2@group-A1B89BB4020A-SegmentedRaftLog:OPENED:c-1,f-1,i0, conf=-1: [s3:0.0.0.0:34761, s4:0.0.0.0:42956, s0:0.0.0.0:35561, s1:0.0.0.0:38095, s2:0.0.0.0:39611], old=null
2019-09-24 16:44:46,491 INFO  impl.RoleInfo (RoleInfo.java:updateAndGet(143)) - s4: start FollowerState
2019-09-24 16:44:46,490 INFO  impl.RaftServerImpl (RaftServerImpl.java:setRole(170)) - s3@group-A1B89BB4020A: changes role from CANDIDATE to FOLLOWER at term 8 for DISCOVERED_A_NEW_TERM
2019-09-24 16:44:46,491 INFO  impl.RaftServerImpl (RaftServerImpl.java:setRole(170)) - s2@group-A1B89BB4020A: changes role from CANDIDATE to FOLLOWER at term 8 for DISCOVERED_A_NEW_TERM
2019-09-24 16:44:46,491 INFO  impl.RoleInfo (RoleInfo.java:shutdownLeaderElection(134)) - s3: shutdown LeaderElection
2019-09-24 16:44:46,492 INFO  impl.RoleInfo (RoleInfo.java:shutdownLeaderElection(134)) - s2: shutdown LeaderElection
2019-09-24 16:44:46,492 INFO  impl.RoleInfo (RoleInfo.java:updateAndGet(143)) - s3: start FollowerState
2019-09-24 16:44:46,492 INFO  impl.RoleInfo (RoleInfo.java:updateAndGet(143)) - s2: start FollowerState
2019-09-24 16:44:46,648 INFO  impl.FollowerState (FollowerState.java:run(108)) - s2@group-A1B89BB4020A-FollowerState: change to CANDIDATE, lastRpcTime:155ms, electionTimeout:155ms
2019-09-24 16:44:46,648 INFO  impl.RoleInfo (RoleInfo.java:shutdownFollowerState(121)) - s2: shutdown FollowerState
2019-09-24 16:44:46,648 INFO  impl.RaftServerImpl (RaftServerImpl.java:setRole(170)) - s2@group-A1B89BB4020A: changes role from  FOLLOWER to CANDIDATE at term 8 for changeToCandidate
2019-09-24 16:44:46,649 INFO  impl.RoleInfo (RoleInfo.java:updateAndGet(143)) - s2: start LeaderElection
2019-09-24 16:44:46,652 INFO  impl.FollowerState (FollowerState.java:run(108)) - s1@group-A1B89BB4020A-FollowerState: change to CANDIDATE, lastRpcTime:162ms, electionTimeout:161ms
2019-09-24 16:44:46,652 INFO  impl.RoleInfo (RoleInfo.java:shutdownFollowerState(121)) - s1: shutdown FollowerState
2019-09-24 16:44:46,652 INFO  impl.RaftServerImpl (RaftServerImpl.java:setRole(170)) - s1@group-A1B89BB4020A: changes role from  FOLLOWER to CANDIDATE at term 8 for changeToCandidate
2019-09-24 16:44:46,653 INFO  impl.RoleInfo (RoleInfo.java:updateAndGet(143)) - s1: start LeaderElection
2019-09-24 16:44:46,690 INFO  impl.FollowerState (FollowerState.java:run(108)) - s0@group-A1B89BB4020A-FollowerState: change to CANDIDATE, lastRpcTime:200ms, electionTimeout:199ms
2019-09-24 16:44:46,690 INFO  impl.RoleInfo (RoleInfo.java:shutdownFollowerState(121)) - s0: shutdown FollowerState
2019-09-24 16:44:46,690 INFO  impl.RaftServerImpl (RaftServerImpl.java:setRole(170)) - s0@group-A1B89BB4020A: changes role from  FOLLOWER to CANDIDATE at term 8 for changeToCandidate
2019-09-24 16:44:46,691 INFO  impl.RoleInfo (RoleInfo.java:updateAndGet(143)) - s0: start LeaderElection
2019-09-24 16:44:46,695 INFO  impl.LeaderElection (LeaderElection.java:askForVotes(178)) - s2@group-A1B89BB4020A-LeaderElection165: begin an election at term 9 for -1: [s3:0.0.0.0:34761, s4:0.0.0.0:42956, s0:0.0.0.0:35561, s1:0.0.0.0:38095, s2:0.0.0.0:39611], old=null
2019-09-24 16:44:46,695 INFO  impl.LeaderElection (LeaderElection.java:askForVotes(178)) - s1@group-A1B89BB4020A-LeaderElection166: begin an election at term 9 for -1: [s3:0.0.0.0:34761, s4:0.0.0.0:42956, s0:0.0.0.0:35561, s1:0.0.0.0:38095, s2:0.0.0.0:39611], old=null
2019-09-24 16:44:46,696 DEBUG impl.RaftServerImpl (RaftServerImpl.java:requestVote(743)) - s3@group-A1B89BB4020A: receive requestVote(s2, group-A1B89BB4020A, 9, (t:0, i:0))
2019-09-24 16:44:46,696 DEBUG impl.RaftServerImpl (RaftServerImpl.java:requestVote(743)) - s4@group-A1B89BB4020A: receive requestVote(s2, group-A1B89BB4020A, 9, (t:0, i:0))
2019-09-24 16:44:46,696 DEBUG impl.RaftServerImpl (RaftServerImpl.java:requestVote(743)) - s3@group-A1B89BB4020A: receive requestVote(s1, group-A1B89BB4020A, 9, (t:0, i:0))
2019-09-24 16:44:46,697 DEBUG impl.RaftServerImpl (RaftServerImpl.java:requestVote(743)) - s2@group-A1B89BB4020A: receive requestVote(s1, group-A1B89BB4020A, 9, (t:0, i:0))
2019-09-24 16:44:46,697 DEBUG impl.RaftServerImpl (RaftServerImpl.java:requestVote(743)) - s1@group-A1B89BB4020A: receive requestVote(s2, group-A1B89BB4020A, 9, (t:0, i:0))
2019-09-24 16:44:46,697 INFO  impl.RaftServerImpl (RaftServerImpl.java:setRole(170)) - s4@group-A1B89BB4020A: changes role from  FOLLOWER to FOLLOWER at term 9 for recognizeCandidate:s2
2019-09-24 16:44:46,698 INFO  impl.RoleInfo (RoleInfo.java:shutdownFollowerState(121)) - s4: shutdown FollowerState
2019-09-24 16:44:46,697 DEBUG impl.RaftServerImpl (RaftServerImpl.java:requestVote(743)) - s0@group-A1B89BB4020A: receive requestVote(s1, group-A1B89BB4020A, 9, (t:0, i:0))
2019-09-24 16:44:46,697 DEBUG impl.RaftServerImpl (RaftServerImpl.java:requestVote(743)) - s0@group-A1B89BB4020A: receive requestVote(s2, group-A1B89BB4020A, 9, (t:0, i:0))
2019-09-24 16:44:46,697 INFO  impl.RaftServerImpl (RaftServerImpl.java:setRole(170)) - s3@group-A1B89BB4020A: changes role from  FOLLOWER to FOLLOWER at term 9 for recognizeCandidate:s2
2019-09-24 16:44:46,697 DEBUG impl.RaftServerImpl (RaftServerImpl.java:requestVote(743)) - s4@group-A1B89BB4020A: receive requestVote(s1, group-A1B89BB4020A, 9, (t:0, i:0))
2019-09-24 16:44:46,699 INFO  impl.RoleInfo (RoleInfo.java:shutdownFollowerState(121)) - s3: shutdown FollowerState
2019-09-24 16:44:46,698 INFO  impl.FollowerState (FollowerState.java:run(117)) - s4@group-A1B89BB4020A-FollowerState was interrupted: java.lang.InterruptedException: sleep interrupted
2019-09-24 16:44:46,700 INFO  impl.FollowerState (FollowerState.java:run(117)) - s3@group-A1B89BB4020A-FollowerState was interrupted: java.lang.InterruptedException: sleep interrupted
2019-09-24 16:44:46,698 INFO  impl.RoleInfo (RoleInfo.java:updateAndGet(143)) - s4: start FollowerState
2019-09-24 16:44:46,698 DEBUG impl.RaftServerImpl (RaftServerImpl.java:requestVote(775)) - s1@group-A1B89BB4020A replies to vote request: s2<-s1#0:FAIL-t9. Peer's state: s1@group-A1B89BB4020A:t9, leader=null, voted=s1, raftlog=s1@group-A1B89BB4020A-SegmentedRaftLog:OPENED:c-1,f-1,i0, conf=-1: [s3:0.0.0.0:34761, s4:0.0.0.0:42956, s0:0.0.0.0:35561, s1:0.0.0.0:38095, s2:0.0.0.0:39611], old=null
2019-09-24 16:44:46,698 DEBUG impl.RaftServerImpl (RaftServerImpl.java:requestVote(775)) - s2@group-A1B89BB4020A replies to vote request: s1<-s2#0:FAIL-t9. Peer's state: s2@group-A1B89BB4020A:t9, leader=null, voted=s2, raftlog=s2@group-A1B89BB4020A-SegmentedRaftLog:OPENED:c-1,f-1,i0, conf=-1: [s3:0.0.0.0:34761, s4:0.0.0.0:42956, s0:0.0.0.0:35561, s1:0.0.0.0:38095, s2:0.0.0.0:39611], old=null
2019-09-24 16:44:46,700 INFO  impl.RoleInfo (RoleInfo.java:updateAndGet(143)) - s3: start FollowerState
2019-09-24 16:44:46,818 WARN  ratis.RaftTestUtil (JavaUtils.java:attempt(158)) - FAILED "waitForLeader-null-(expectLeader? true)", attempt #92/100: java.lang.IllegalStateException: No leader yet : printing ALL groups
  s3:  RUNNING  FOLLOWER s3@group-A1B89BB4020A:t9, leader=null, voted=s2, raftlog=s3@group-A1B89BB4020A-SegmentedRaftLog:OPENED:c-1,f-1,i0, conf=-1: [s3:0.0.0.0:34761, s4:0.0.0.0:42956, s0:0.0.0.0:35561, s1:0.0.0.0:38095, s2:0.0.0.0:39611], old=null RUNNING
  s4:  RUNNING  FOLLOWER s4@group-A1B89BB4020A:t9, leader=null, voted=s2, raftlog=s4@group-A1B89BB4020A-SegmentedRaftLog:OPENED:c-1,f-1,i0, conf=-1: [s3:0.0.0.0:34761, s4:0.0.0.0:42956, s0:0.0.0.0:35561, s1:0.0.0.0:38095, s2:0.0.0.0:39611], old=null RUNNING
  s0:  RUNNING CANDIDATE s0@group-A1B89BB4020A:t9, leader=null, voted=s0, raftlog=s0@group-A1B89BB4020A-SegmentedRaftLog:OPENED:c-1,f-1,i0, conf=-1: [s3:0.0.0.0:34761, s4:0.0.0.0:42956, s0:0.0.0.0:35561, s1:0.0.0.0:38095, s2:0.0.0.0:39611], old=null RUNNING
  s1:  RUNNING CANDIDATE s1@group-A1B89BB4020A:t9, leader=null, voted=s1, raftlog=s1@group-A1B89BB4020A-SegmentedRaftLog:OPENED:c-1,f-1,i0, conf=-1: [s3:0.0.0.0:34761, s4:0.0.0.0:42956, s0:0.0.0.0:35561, s1:0.0.0.0:38095, s2:0.0.0.0:39611], old=null RUNNING
  s2:  RUNNING CANDIDATE s2@group-A1B89BB4020A:t9, leader=null, voted=s2, raftlog=s2@group-A1B89BB4020A-SegmentedRaftLog:OPENED:c-1,f-1,i0, conf=-1: [s3:0.0.0.0:34761, s4:0.0.0.0:42956, s0:0.0.0.0:35561, s1:0.0.0.0:38095, s2:0.0.0.0:39611], old=null RUNNING, sleep 450ms and then retry.
java.lang.IllegalStateException: No leader yet : printing ALL groups
  s3:  RUNNING  FOLLOWER s3@group-A1B89BB4020A:t9, leader=null, voted=s2, raftlog=s3@group-A1B89BB4020A-SegmentedRaftLog:OPENED:c-1,f-1,i0, conf=-1: [s3:0.0.0.0:34761, s4:0.0.0.0:42956, s0:0.0.0.0:35561, s1:0.0.0.0:38095, s2:0.0.0.0:39611], old=null RUNNING
  s4:  RUNNING  FOLLOWER s4@group-A1B89BB4020A:t9, leader=null, voted=s2, raftlog=s4@group-A1B89BB4020A-SegmentedRaftLog:OPENED:c-1,f-1,i0, conf=-1: [s3:0.0.0.0:34761, s4:0.0.0.0:42956, s0:0.0.0.0:35561, s1:0.0.0.0:38095, s2:0.0.0.0:39611], old=null RUNNING
  s0:  RUNNING CANDIDATE s0@group-A1B89BB4020A:t9, leader=null, voted=s0, raftlog=s0@group-A1B89BB4020A-SegmentedRaftLog:OPENED:c-1,f-1,i0, conf=-1: [s3:0.0.0.0:34761, s4:0.0.0.0:42956, s0:0.0.0.0:35561, s1:0.0.0.0:38095, s2:0.0.0.0:39611], old=null RUNNING
  s1:  RUNNING CANDIDATE s1@group-A1B89BB4020A:t9, leader=null, voted=s1, raftlog=s1@group-A1B89BB4020A-SegmentedRaftLog:OPENED:c-1,f-1,i0, conf=-1: [s3:0.0.0.0:34761, s4:0.0.0.0:42956, s0:0.0.0.0:35561, s1:0.0.0.0:38095, s2:0.0.0.0:39611], old=null RUNNING
  s2:  RUNNING CANDIDATE s2@group-A1B89BB4020A:t9, leader=null, voted=s2, raftlog=s2@group-A1B89BB4020A-SegmentedRaftLog:OPENED:c-1,f-1,i0, conf=-1: [s3:0.0.0.0:34761, s4:0.0.0.0:42956, s0:0.0.0.0:35561, s1:0.0.0.0:38095, s2:0.0.0.0:39611], old=null RUNNING
	at org.apache.ratis.MiniRaftCluster.newIllegalStateExceptionForNoLeaders(MiniRaftCluster.java:506)
	at org.apache.ratis.RaftTestUtil.lambda$waitForLeader$1(RaftTestUtil.java:90)
	at org.apache.ratis.MiniRaftCluster.getLeader(MiniRaftCluster.java:539)
	at org.apache.ratis.MiniRaftCluster.getLeader(MiniRaftCluster.java:532)
	at org.apache.ratis.RaftTestUtil.lambda$waitForLeader$3(RaftTestUtil.java:98)
	at org.apache.ratis.util.JavaUtils.attempt(JavaUtils.java:152)
	at org.apache.ratis.RaftTestUtil.waitForLeader(RaftTestUtil.java:97)
	at org.apache.ratis.RaftTestUtil.waitForLeader(RaftTestUtil.java:77)
	at org.apache.ratis.RaftTestUtil.waitForLeader(RaftTestUtil.java:72)
	at org.apache.ratis.RaftBasicTests.runTestOldLeaderNotCommit(RaftBasicTests.java:218)
	at org.apache.ratis.MiniRaftCluster$Factory$Get.runWithNewCluster(MiniRaftCluster.java:125)
	at org.apache.ratis.MiniRaftCluster$Factory$Get.runWithNewCluster(MiniRaftCluster.java:113)
	at org.apache.ratis.RaftBasicTests.testOldLeaderNotCommit(RaftBasicTests.java:214)
	at sun.reflect.NativeMethodAccessorImpl.invoke0(Native Method)
	at sun.reflect.NativeMethodAccessorImpl.invoke(NativeMethodAccessorImpl.java:62)
	at sun.reflect.DelegatingMethodAccessorImpl.invoke(DelegatingMethodAccessorImpl.java:43)
	at java.lang.reflect.Method.invoke(Method.java:498)
	at org.junit.runners.model.FrameworkMethod$1.runReflectiveCall(FrameworkMethod.java:50)
	at org.junit.internal.runners.model.ReflectiveCallable.run(ReflectiveCallable.java:12)
	at org.junit.runners.model.FrameworkMethod.invokeExplosively(FrameworkMethod.java:47)
	at org.junit.internal.runners.statements.InvokeMethod.evaluate(InvokeMethod.java:17)
	at org.junit.internal.runners.statements.RunAfters.evaluate(RunAfters.java:27)
	at org.junit.internal.runners.statements.FailOnTimeout$CallableStatement.call(FailOnTimeout.java:298)
	at org.junit.internal.runners.statements.FailOnTimeout$CallableStatement.call(FailOnTimeout.java:292)
	at java.util.concurrent.FutureTask.run(FutureTask.java:266)
	at java.lang.Thread.run(Thread.java:748)
2019-09-24 16:44:46,889 INFO  impl.LeaderElection (LeaderElection.java:askForVotes(178)) - s0@group-A1B89BB4020A-LeaderElection167: begin an election at term 9 for -1: [s3:0.0.0.0:34761, s4:0.0.0.0:42956, s0:0.0.0.0:35561, s1:0.0.0.0:38095, s2:0.0.0.0:39611], old=null
2019-09-24 16:44:46,889 DEBUG impl.RaftServerImpl (RaftServerImpl.java:requestVote(775)) - s0@group-A1B89BB4020A replies to vote request: s2<-s0#0:FAIL-t9. Peer's state: s0@group-A1B89BB4020A:t9, leader=null, voted=s0, raftlog=s0@group-A1B89BB4020A-SegmentedRaftLog:OPENED:c-1,f-1,i0, conf=-1: [s3:0.0.0.0:34761, s4:0.0.0.0:42956, s0:0.0.0.0:35561, s1:0.0.0.0:38095, s2:0.0.0.0:39611], old=null
2019-09-24 16:44:46,889 DEBUG impl.RaftServerImpl (RaftServerImpl.java:requestVote(775)) - s3@group-A1B89BB4020A replies to vote request: s2<-s3#0:OK-t9. Peer's state: s3@group-A1B89BB4020A:t9, leader=null, voted=s2, raftlog=s3@group-A1B89BB4020A-SegmentedRaftLog:OPENED:c-1,f-1,i0, conf=-1: [s3:0.0.0.0:34761, s4:0.0.0.0:42956, s0:0.0.0.0:35561, s1:0.0.0.0:38095, s2:0.0.0.0:39611], old=null
2019-09-24 16:44:46,889 DEBUG impl.RaftServerImpl (RaftServerImpl.java:requestVote(775)) - s4@group-A1B89BB4020A replies to vote request: s2<-s4#0:OK-t9. Peer's state: s4@group-A1B89BB4020A:t9, leader=null, voted=s2, raftlog=s4@group-A1B89BB4020A-SegmentedRaftLog:OPENED:c-1,f-1,i0, conf=-1: [s3:0.0.0.0:34761, s4:0.0.0.0:42956, s0:0.0.0.0:35561, s1:0.0.0.0:38095, s2:0.0.0.0:39611], old=null
2019-09-24 16:44:46,890 INFO  impl.FollowerState (FollowerState.java:run(108)) - s3@group-A1B89BB4020A-FollowerState: change to CANDIDATE, lastRpcTime:190ms, electionTimeout:179ms
2019-09-24 16:44:46,891 INFO  impl.RoleInfo (RoleInfo.java:shutdownFollowerState(121)) - s3: shutdown FollowerState
2019-09-24 16:44:46,890 DEBUG impl.RaftServerImpl (RaftServerImpl.java:requestVote(775)) - s0@group-A1B89BB4020A replies to vote request: s1<-s0#0:FAIL-t9. Peer's state: s0@group-A1B89BB4020A:t9, leader=null, voted=s0, raftlog=s0@group-A1B89BB4020A-SegmentedRaftLog:OPENED:c-1,f-1,i0, conf=-1: [s3:0.0.0.0:34761, s4:0.0.0.0:42956, s0:0.0.0.0:35561, s1:0.0.0.0:38095, s2:0.0.0.0:39611], old=null
2019-09-24 16:44:46,891 INFO  impl.RaftServerImpl (RaftServerImpl.java:setRole(170)) - s3@group-A1B89BB4020A: changes role from  FOLLOWER to CANDIDATE at term 9 for changeToCandidate
2019-09-24 16:44:46,891 DEBUG impl.RaftServerImpl (RaftServerImpl.java:requestVote(775)) - s4@group-A1B89BB4020A replies to vote request: s1<-s4#0:FAIL-t9. Peer's state: s4@group-A1B89BB4020A:t9, leader=null, voted=s2, raftlog=s4@group-A1B89BB4020A-SegmentedRaftLog:OPENED:c-1,f-1,i0, conf=-1: [s3:0.0.0.0:34761, s4:0.0.0.0:42956, s0:0.0.0.0:35561, s1:0.0.0.0:38095, s2:0.0.0.0:39611], old=null
2019-09-24 16:44:46,892 INFO  impl.RoleInfo (RoleInfo.java:updateAndGet(143)) - s3: start LeaderElection
2019-09-24 16:44:46,891 INFO  impl.LeaderElection (LeaderElection.java:logAndReturn(56)) - s2@group-A1B89BB4020A-LeaderElection165: Election PASSED; received 4 response(s) [s2<-s3#0:OK-t9, s2<-s4#0:OK-t9, s2<-s0#0:FAIL-t9, s2<-s1#0:FAIL-t9] and 0 exception(s); s2@group-A1B89BB4020A:t9, leader=null, voted=s2, raftlog=s2@group-A1B89BB4020A-SegmentedRaftLog:OPENED:c-1,f-1,i0, conf=-1: [s3:0.0.0.0:34761, s4:0.0.0.0:42956, s0:0.0.0.0:35561, s1:0.0.0.0:38095, s2:0.0.0.0:39611], old=null
2019-09-24 16:44:46,892 DEBUG impl.RaftServerImpl (RaftServerImpl.java:requestVote(775)) - s3@group-A1B89BB4020A replies to vote request: s1<-s3#0:FAIL-t9. Peer's state: s3@group-A1B89BB4020A:t9, leader=null, voted=s2, raftlog=s3@group-A1B89BB4020A-SegmentedRaftLog:OPENED:c-1,f-1,i0, conf=-1: [s3:0.0.0.0:34761, s4:0.0.0.0:42956, s0:0.0.0.0:35561, s1:0.0.0.0:38095, s2:0.0.0.0:39611], old=null
2019-09-24 16:44:46,892 DEBUG impl.RaftServerImpl (RaftServerImpl.java:requestVote(743)) - s4@group-A1B89BB4020A: receive requestVote(s0, group-A1B89BB4020A, 9, (t:0, i:0))
2019-09-24 16:44:46,892 DEBUG impl.RaftServerImpl (RaftServerImpl.java:requestVote(743)) - s3@group-A1B89BB4020A: receive requestVote(s0, group-A1B89BB4020A, 9, (t:0, i:0))
2019-09-24 16:44:46,893 DEBUG impl.RaftServerImpl (RaftServerImpl.java:requestVote(743)) - s2@group-A1B89BB4020A: receive requestVote(s0, group-A1B89BB4020A, 9, (t:0, i:0))
2019-09-24 16:44:46,892 INFO  impl.RoleInfo (RoleInfo.java:shutdownLeaderElection(134)) - s2: shutdown LeaderElection
2019-09-24 16:44:46,893 DEBUG impl.RaftServerImpl (RaftServerImpl.java:requestVote(775)) - s4@group-A1B89BB4020A replies to vote request: s0<-s4#0:FAIL-t9. Peer's state: s4@group-A1B89BB4020A:t9, leader=null, voted=s2, raftlog=s4@group-A1B89BB4020A-SegmentedRaftLog:OPENED:c-1,f-1,i0, conf=-1: [s3:0.0.0.0:34761, s4:0.0.0.0:42956, s0:0.0.0.0:35561, s1:0.0.0.0:38095, s2:0.0.0.0:39611], old=null
2019-09-24 16:44:46,893 DEBUG impl.RaftServerImpl (RaftServerImpl.java:requestVote(743)) - s1@group-A1B89BB4020A: receive requestVote(s0, group-A1B89BB4020A, 9, (t:0, i:0))
2019-09-24 16:44:46,893 INFO  impl.LeaderElection (LeaderElection.java:logAndReturn(56)) - s1@group-A1B89BB4020A-LeaderElection166: Election REJECTED; received 4 response(s) [s1<-s3#0:FAIL-t9, s1<-s4#0:FAIL-t9, s1<-s0#0:FAIL-t9, s1<-s2#0:FAIL-t9] and 0 exception(s); s1@group-A1B89BB4020A:t9, leader=null, voted=s1, raftlog=s1@group-A1B89BB4020A-SegmentedRaftLog:OPENED:c-1,f-1,i0, conf=-1: [s3:0.0.0.0:34761, s4:0.0.0.0:42956, s0:0.0.0.0:35561, s1:0.0.0.0:38095, s2:0.0.0.0:39611], old=null
2019-09-24 16:44:46,894 DEBUG impl.RaftServerImpl (RaftServerImpl.java:requestVote(775)) - s1@group-A1B89BB4020A replies to vote request: s0<-s1#0:FAIL-t9. Peer's state: s1@group-A1B89BB4020A:t9, leader=null, voted=s1, raftlog=s1@group-A1B89BB4020A-SegmentedRaftLog:OPENED:c-1,f-1,i0, conf=-1: [s3:0.0.0.0:34761, s4:0.0.0.0:42956, s0:0.0.0.0:35561, s1:0.0.0.0:38095, s2:0.0.0.0:39611], old=null
2019-09-24 16:44:46,893 INFO  impl.RaftServerImpl (RaftServerImpl.java:setRole(170)) - s2@group-A1B89BB4020A: changes role from CANDIDATE to LEADER at term 9 for changeToLeader
2019-09-24 16:44:46,894 INFO  impl.RaftServerImpl (RaftServerImpl.java:setRole(170)) - s1@group-A1B89BB4020A: changes role from CANDIDATE to FOLLOWER at term 9 for DISCOVERED_A_NEW_TERM
2019-09-24 16:44:46,895 INFO  impl.RaftServerImpl (ServerState.java:setLeader(254)) - s2@group-A1B89BB4020A: change Leader from null to s2 at term 9 for becomeLeader, leader elected after 41218ms
2019-09-24 16:44:46,895 INFO  impl.RoleInfo (RoleInfo.java:shutdownLeaderElection(134)) - s1: shutdown LeaderElection
2019-09-24 16:44:46,895 INFO  server.RaftServerConfigKeys (ConfUtils.java:logGet(43)) - raft.server.staging.catchup.gap = 1000 (default)
2019-09-24 16:44:46,895 INFO  impl.RoleInfo (RoleInfo.java:updateAndGet(143)) - s1: start FollowerState
2019-09-24 16:44:46,895 INFO  server.RaftServerConfigKeys (ConfUtils.java:logGet(43)) - raft.server.rpc.sleep.time = 25ms (default)
2019-09-24 16:44:46,896 INFO  server.RaftServerConfigKeys (ConfUtils.java:logGet(43)) - raft.server.write.element-limit = 4096 (default)
2019-09-24 16:44:46,896 INFO  server.RaftServerConfigKeys (ConfUtils.java:logGet(43)) - raft.server.watch.timeout = 10s (default)
2019-09-24 16:44:46,896 INFO  server.RaftServerConfigKeys (ConfUtils.java:logGet(43)) - raft.server.watch.timeout.denomination = 1s (default)
2019-09-24 16:44:46,896 INFO  server.RaftServerConfigKeys (ConfUtils.java:logGet(43)) - raft.server.watch.element-limit = 65536 (default)
2019-09-24 16:44:46,900 INFO  server.RaftServerConfigKeys (ConfUtils.java:logGet(43)) - raft.server.log.appender.snapshot.chunk.size.max = 16MB (=16777216) (default)
2019-09-24 16:44:46,900 INFO  server.RaftServerConfigKeys (ConfUtils.java:logGet(43)) - raft.server.log.appender.buffer.byte-limit = 4MB (=4194304) (default)
2019-09-24 16:44:46,900 INFO  server.RaftServerConfigKeys (ConfUtils.java:logGet(43)) - raft.server.log.appender.buffer.element-limit = 0 (default)
2019-09-24 16:44:46,901 INFO  server.RaftServerConfigKeys (ConfUtils.java:logGet(43)) - raft.server.log.appender.snapshot.chunk.size.max = 16MB (=16777216) (default)
2019-09-24 16:44:46,901 INFO  server.RaftServerConfigKeys (ConfUtils.java:logGet(43)) - raft.server.log.appender.buffer.byte-limit = 4MB (=4194304) (default)
2019-09-24 16:44:46,901 INFO  server.RaftServerConfigKeys (ConfUtils.java:logGet(43)) - raft.server.log.appender.buffer.element-limit = 0 (default)
2019-09-24 16:44:46,902 INFO  server.RaftServerConfigKeys (ConfUtils.java:logGet(43)) - raft.server.log.appender.snapshot.chunk.size.max = 16MB (=16777216) (default)
2019-09-24 16:44:46,902 INFO  server.RaftServerConfigKeys (ConfUtils.java:logGet(43)) - raft.server.log.appender.buffer.byte-limit = 4MB (=4194304) (default)
2019-09-24 16:44:46,902 INFO  server.RaftServerConfigKeys (ConfUtils.java:logGet(43)) - raft.server.log.appender.buffer.element-limit = 0 (default)
2019-09-24 16:44:46,902 INFO  server.RaftServerConfigKeys (ConfUtils.java:logGet(43)) - raft.server.log.appender.snapshot.chunk.size.max = 16MB (=16777216) (default)
2019-09-24 16:44:46,902 INFO  server.RaftServerConfigKeys (ConfUtils.java:logGet(43)) - raft.server.log.appender.buffer.byte-limit = 4MB (=4194304) (default)
2019-09-24 16:44:46,903 INFO  server.RaftServerConfigKeys (ConfUtils.java:logGet(43)) - raft.server.log.appender.buffer.element-limit = 0 (default)
2019-09-24 16:44:46,903 INFO  impl.RoleInfo (RoleInfo.java:updateAndGet(143)) - s2: start LeaderState
2019-09-24 16:44:46,903 INFO  segmented.SegmentedRaftLogWorker (SegmentedRaftLogWorker.java:startLogSegment(380)) - s2@group-A1B89BB4020A-SegmentedRaftLogWorker: Starting segment from index:0
2019-09-24 16:44:46,905 INFO  impl.RaftServerImpl (ServerState.java:setRaftConf(355)) - s2@group-A1B89BB4020A: set configuration 0: [s3:0.0.0.0:34761, s4:0.0.0.0:42956, s0:0.0.0.0:35561, s1:0.0.0.0:38095, s2:0.0.0.0:39611], old=null at 0
2019-09-24 16:44:46,906 INFO  impl.RaftServerImpl (RaftServerImpl.java:requestVote(754)) - s2@group-A1B89BB4020A-   LEADER: Withhold vote from candidate s0 with term 9. State: leader=s2, term=9, lastRpcElapsed=null
2019-09-24 16:44:46,906 INFO  impl.RaftServerImpl (RaftServerImpl.java:setRole(170)) - s0@group-A1B89BB4020A: changes role from CANDIDATE to FOLLOWER at term 9 for appendEntries
2019-09-24 16:44:46,906 INFO  impl.RaftServerImpl (ServerState.java:setLeader(254)) - s4@group-A1B89BB4020A: change Leader from null to s2 at term 9 for appendEntries, leader elected after 41230ms
2019-09-24 16:44:46,906 DEBUG impl.RaftServerImpl (RaftServerImpl.java:requestVote(775)) - s2@group-A1B89BB4020A replies to vote request: s0<-s2#0:FAIL-t9. Peer's state: s2@group-A1B89BB4020A:t9, leader=s2, voted=s2, raftlog=s2@group-A1B89BB4020A-SegmentedRaftLog:OPENED:c-1,f-1,i0, conf=0: [s3:0.0.0.0:34761, s4:0.0.0.0:42956, s0:0.0.0.0:35561, s1:0.0.0.0:38095, s2:0.0.0.0:39611], old=null
2019-09-24 16:44:46,906 INFO  impl.RaftServerImpl (ServerState.java:setLeader(254)) - s1@group-A1B89BB4020A: change Leader from null to s2 at term 9 for appendEntries, leader elected after 41230ms
2019-09-24 16:44:46,906 INFO  impl.RoleInfo (RoleInfo.java:shutdownLeaderElection(134)) - s0: shutdown LeaderElection
2019-09-24 16:44:46,907 INFO  impl.LeaderElection (LeaderElection.java:logAndReturn(56)) - s0@group-A1B89BB4020A-LeaderElection167: Election REJECTED; received 3 response(s) [s0<-s4#0:FAIL-t9, s0<-s1#0:FAIL-t9, s0<-s2#0:FAIL-t9] and 0 exception(s); s0@group-A1B89BB4020A:t9, leader=null, voted=s0, raftlog=s0@group-A1B89BB4020A-SegmentedRaftLog:OPENED:c-1,f-1,i0, conf=-1: [s3:0.0.0.0:34761, s4:0.0.0.0:42956, s0:0.0.0.0:35561, s1:0.0.0.0:38095, s2:0.0.0.0:39611], old=null
2019-09-24 16:44:46,907 INFO  impl.RoleInfo (RoleInfo.java:updateAndGet(143)) - s0: start FollowerState
2019-09-24 16:44:46,908 INFO  impl.RaftServerImpl (ServerState.java:setLeader(254)) - s0@group-A1B89BB4020A: change Leader from null to s2 at term 9 for appendEntries, leader elected after 41232ms
2019-09-24 16:44:46,908 DEBUG impl.RaftServerImpl (RaftServerImpl.java:logAppendEntries(850)) - s4@group-A1B89BB4020A: receive appendEntries(s2, 9, null, -1, false, commits[s2:c-1, s3:c-1, s4:c-1, s0:c-1, s1:c-1], entries: (t:9, i:0), CONFIGURATIONENTRY
2019-09-24 16:44:46,908 DEBUG impl.RaftServerImpl (RaftServerImpl.java:logAppendEntries(850)) - s1@group-A1B89BB4020A: receive appendEntries(s2, 9, null, -1, false, commits[s2:c-1, s3:c-1, s4:c-1, s0:c-1, s1:c-1], entries: (t:9, i:0), CONFIGURATIONENTRY
2019-09-24 16:44:46,908 INFO  impl.RaftServerImpl (ServerState.java:setRaftConf(355)) - s4@group-A1B89BB4020A: set configuration 0: [s3:0.0.0.0:34761, s4:0.0.0.0:42956, s0:0.0.0.0:35561, s1:0.0.0.0:38095, s2:0.0.0.0:39611], old=null at 0
2019-09-24 16:44:46,909 INFO  impl.RaftServerImpl (ServerState.java:setRaftConf(355)) - s1@group-A1B89BB4020A: set configuration 0: [s3:0.0.0.0:34761, s4:0.0.0.0:42956, s0:0.0.0.0:35561, s1:0.0.0.0:38095, s2:0.0.0.0:39611], old=null at 0
2019-09-24 16:44:46,909 INFO  segmented.SegmentedRaftLogWorker (SegmentedRaftLogWorker.java:startLogSegment(380)) - s4@group-A1B89BB4020A-SegmentedRaftLogWorker: Starting segment from index:0
2019-09-24 16:44:46,909 DEBUG impl.RaftServerImpl (RaftServerImpl.java:logAppendEntries(850)) - s0@group-A1B89BB4020A: receive appendEntries(s2, 9, null, -1, false, commits[s2:c-1, s3:c-1, s4:c-1, s0:c-1, s1:c-1], entries: (t:9, i:0), CONFIGURATIONENTRY
2019-09-24 16:44:46,909 INFO  segmented.SegmentedRaftLogWorker (SegmentedRaftLogWorker.java:startLogSegment(380)) - s1@group-A1B89BB4020A-SegmentedRaftLogWorker: Starting segment from index:0
2019-09-24 16:44:46,909 INFO  impl.RaftServerImpl (ServerState.java:setRaftConf(355)) - s0@group-A1B89BB4020A: set configuration 0: [s3:0.0.0.0:34761, s4:0.0.0.0:42956, s0:0.0.0.0:35561, s1:0.0.0.0:38095, s2:0.0.0.0:39611], old=null at 0
2019-09-24 16:44:46,910 INFO  segmented.SegmentedRaftLogWorker (SegmentedRaftLogWorker.java:startLogSegment(380)) - s0@group-A1B89BB4020A-SegmentedRaftLogWorker: Starting segment from index:0
2019-09-24 16:44:46,921 INFO  impl.LeaderElection (LeaderElection.java:askForVotes(178)) - s3@group-A1B89BB4020A-LeaderElection168: begin an election at term 10 for -1: [s3:0.0.0.0:34761, s4:0.0.0.0:42956, s0:0.0.0.0:35561, s1:0.0.0.0:38095, s2:0.0.0.0:39611], old=null
2019-09-24 16:44:46,921 DEBUG impl.RaftServerImpl (RaftServerImpl.java:appendEntriesAsync(906)) - s3@group-A1B89BB4020A: Not recognize s2 (term=9) as leader, state: s3@group-A1B89BB4020A:t10, leader=null, voted=s3, raftlog=s3@group-A1B89BB4020A-SegmentedRaftLog:OPENED:c-1,f-1,i0, conf=-1: [s3:0.0.0.0:34761, s4:0.0.0.0:42956, s0:0.0.0.0:35561, s1:0.0.0.0:38095, s2:0.0.0.0:39611], old=null reply: s2<-s3#0:FAIL,NOT_LEADER,nextIndex:1,term:10,followerCommit:-1
2019-09-24 16:44:46,921 DEBUG impl.RaftServerImpl (RaftServerImpl.java:requestVote(775)) - s3@group-A1B89BB4020A replies to vote request: s0<-s3#0:FAIL-t10. Peer's state: s3@group-A1B89BB4020A:t10, leader=null, voted=s3, raftlog=s3@group-A1B89BB4020A-SegmentedRaftLog:OPENED:c-1,f-1,i0, conf=-1: [s3:0.0.0.0:34761, s4:0.0.0.0:42956, s0:0.0.0.0:35561, s1:0.0.0.0:38095, s2:0.0.0.0:39611], old=null
2019-09-24 16:44:46,922 INFO  impl.RaftServerImpl (ServerState.java:setLeader(254)) - s2@group-A1B89BB4020A: change Leader from s2 to null at term 10 for updateCurrentTerm
2019-09-24 16:44:46,922 INFO  impl.RaftServerImpl (RaftServerImpl.java:setRole(170)) - s2@group-A1B89BB4020A: changes role from    LEADER to FOLLOWER at term 10 for stepDown
2019-09-24 16:44:46,923 INFO  impl.RoleInfo (RoleInfo.java:shutdownLeaderState(104)) - s2: shutdown LeaderState
2019-09-24 16:44:46,923 DEBUG impl.RaftServerImpl (RaftServerImpl.java:requestVote(743)) - s4@group-A1B89BB4020A: receive requestVote(s3, group-A1B89BB4020A, 10, (t:0, i:0))
2019-09-24 16:44:46,929 INFO  impl.LogAppender (LogAppender.java:run(78)) - s2@group-A1B89BB4020A->s4-LogAppender-AppenderDaemon was interrupted: java.io.InterruptedIOException: s2->s4#0 sending from s4:0.0.0.0:42956 is interrupted.
2019-09-24 16:44:46,929 INFO  impl.LogAppender (LogAppender.java:run(78)) - s2@group-A1B89BB4020A->s0-LogAppender-AppenderDaemon was interrupted: java.io.InterruptedIOException: s2->s0#0 sending from s0:0.0.0.0:35561 is interrupted.
2019-09-24 16:44:46,929 DEBUG impl.RaftServerImpl (RaftServerImpl.java:requestVote(743)) - s0@group-A1B89BB4020A: receive requestVote(s3, group-A1B89BB4020A, 10, (t:0, i:0))
2019-09-24 16:44:46,931 INFO  impl.LogAppender (LogAppender.java:run(78)) - s2@group-A1B89BB4020A->s3-LogAppender-AppenderDaemon was interrupted: java.io.InterruptedIOException: s2->s3#0 sending from s3:0.0.0.0:34761 is interrupted.
2019-09-24 16:44:46,931 INFO  impl.PendingRequests (PendingRequests.java:sendNotLeaderResponses(202)) - s2@group-A1B89BB4020A-PendingRequests: sendNotLeaderResponses
2019-09-24 16:44:46,930 INFO  impl.LogAppender (LogAppender.java:run(78)) - s2@group-A1B89BB4020A->s1-LogAppender-AppenderDaemon was interrupted: java.io.InterruptedIOException: s2->s1#0 sending from s1:0.0.0.0:38095 is interrupted.
2019-09-24 16:44:46,930 DEBUG impl.RaftServerImpl (RaftServerImpl.java:logAppendEntries(850)) - s3@group-A1B89BB4020A: receive appendEntries(s2, 9, null, -1, false, commits[s2:c-1, s3:c-1, s4:c-1, s0:c-1, s1:c-1], entries: (t:9, i:0), CONFIGURATIONENTRY
2019-09-24 16:44:46,929 INFO  impl.RaftServerImpl (ServerState.java:setLeader(254)) - s4@group-A1B89BB4020A: change Leader from s2 to null at term 10 for updateCurrentTerm
2019-09-24 16:44:46,932 INFO  impl.RaftServerImpl (RaftServerImpl.java:setRole(170)) - s4@group-A1B89BB4020A: changes role from  FOLLOWER to FOLLOWER at term 10 for recognizeCandidate:s3
2019-09-24 16:44:46,929 DEBUG impl.RaftServerImpl (RaftServerImpl.java:requestVote(743)) - s1@group-A1B89BB4020A: receive requestVote(s3, group-A1B89BB4020A, 10, (t:0, i:0))
2019-09-24 16:44:46,932 INFO  impl.RoleInfo (RoleInfo.java:shutdownFollowerState(121)) - s4: shutdown FollowerState
2019-09-24 16:44:46,932 DEBUG impl.RaftServerImpl (RaftServerImpl.java:appendEntriesAsync(906)) - s3@group-A1B89BB4020A: Not recognize s2 (term=9) as leader, state: s3@group-A1B89BB4020A:t10, leader=null, voted=s3, raftlog=s3@group-A1B89BB4020A-SegmentedRaftLog:OPENED:c-1,f-1,i0, conf=-1: [s3:0.0.0.0:34761, s4:0.0.0.0:42956, s0:0.0.0.0:35561, s1:0.0.0.0:38095, s2:0.0.0.0:39611], old=null reply: s2<-s3#0:FAIL,NOT_LEADER,nextIndex:1,term:10,followerCommit:-1
2019-09-24 16:44:46,931 INFO  impl.RoleInfo (RoleInfo.java:updateAndGet(143)) - s2: start FollowerState
2019-09-24 16:44:46,931 DEBUG impl.RaftServerImpl (RaftServerImpl.java:requestVote(743)) - s2@group-A1B89BB4020A: receive requestVote(s3, group-A1B89BB4020A, 10, (t:0, i:0))
2019-09-24 16:44:46,931 INFO  impl.RaftServerImpl (ServerState.java:setLeader(254)) - s0@group-A1B89BB4020A: change Leader from s2 to null at term 10 for updateCurrentTerm
2019-09-24 16:44:46,933 INFO  impl.FollowerState (FollowerState.java:run(117)) - s4@group-A1B89BB4020A-FollowerState was interrupted: java.lang.InterruptedException: sleep interrupted
2019-09-24 16:44:46,933 INFO  impl.RoleInfo (RoleInfo.java:updateAndGet(143)) - s4: start FollowerState
2019-09-24 16:44:46,932 INFO  impl.RaftServerImpl (ServerState.java:setLeader(254)) - s1@group-A1B89BB4020A: change Leader from s2 to null at term 10 for updateCurrentTerm
2019-09-24 16:44:46,934 INFO  impl.RaftServerImpl (RaftServerImpl.java:setRole(170)) - s0@group-A1B89BB4020A: changes role from  FOLLOWER to FOLLOWER at term 10 for recognizeCandidate:s3
2019-09-24 16:44:46,934 INFO  impl.RaftServerImpl (RaftServerImpl.java:setRole(170)) - s1@group-A1B89BB4020A: changes role from  FOLLOWER to FOLLOWER at term 10 for recognizeCandidate:s3
2019-09-24 16:44:46,934 INFO  impl.RoleInfo (RoleInfo.java:shutdownFollowerState(121)) - s0: shutdown FollowerState
2019-09-24 16:44:46,935 INFO  impl.RoleInfo (RoleInfo.java:shutdownFollowerState(121)) - s1: shutdown FollowerState
2019-09-24 16:44:46,935 INFO  impl.FollowerState (FollowerState.java:run(117)) - s0@group-A1B89BB4020A-FollowerState was interrupted: java.lang.InterruptedException: sleep interrupted
2019-09-24 16:44:46,935 INFO  impl.RoleInfo (RoleInfo.java:updateAndGet(143)) - s0: start FollowerState
2019-09-24 16:44:46,935 INFO  impl.FollowerState (FollowerState.java:run(117)) - s1@group-A1B89BB4020A-FollowerState was interrupted: java.lang.InterruptedException: sleep interrupted
2019-09-24 16:44:46,935 INFO  impl.RoleInfo (RoleInfo.java:updateAndGet(143)) - s1: start FollowerState
2019-09-24 16:44:47,166 INFO  impl.LeaderElection (LeaderElection.java:logAndReturn(56)) - s3@group-A1B89BB4020A-LeaderElection168: Election TIMEOUT; received 0 response(s) [] and 0 exception(s); s3@group-A1B89BB4020A:t10, leader=null, voted=s3, raftlog=s3@group-A1B89BB4020A-SegmentedRaftLog:OPENED:c-1,f-1,i0, conf=-1: [s3:0.0.0.0:34761, s4:0.0.0.0:42956, s0:0.0.0.0:35561, s1:0.0.0.0:38095, s2:0.0.0.0:39611], old=null
2019-09-24 16:44:47,204 INFO  segmented.SegmentedRaftLogWorker (SegmentedRaftLogWorker.java:execute(569)) - s4@group-A1B89BB4020A-SegmentedRaftLogWorker: created new log segment /workdir/ratis-test/target/test/data/ddcd30e7/MiniRaftClusterWithNettybd46e168/s4/cf2f9e16-dbc8-4993-973b-a1b89bb4020a/current/log_inprogress_0
2019-09-24 16:44:47,205 DEBUG impl.RaftServerImpl (RaftServerImpl.java:requestVote(775)) - s0@group-A1B89BB4020A replies to vote request: s3<-s0#0:FAIL-t10. Peer's state: s0@group-A1B89BB4020A:t10, leader=null, voted=null, raftlog=s0@group-A1B89BB4020A-SegmentedRaftLog:OPENED:c-1,f-1,i0, conf=0: [s3:0.0.0.0:34761, s4:0.0.0.0:42956, s0:0.0.0.0:35561, s1:0.0.0.0:38095, s2:0.0.0.0:39611], old=null
2019-09-24 16:44:47,204 INFO  segmented.SegmentedRaftLogWorker (SegmentedRaftLogWorker.java:execute(569)) - s2@group-A1B89BB4020A-SegmentedRaftLogWorker: created new log segment /workdir/ratis-test/target/test/data/ddcd30e7/MiniRaftClusterWithNettybd46e168/s2/cf2f9e16-dbc8-4993-973b-a1b89bb4020a/current/log_inprogress_0
2019-09-24 16:44:47,204 INFO  segmented.SegmentedRaftLogWorker (SegmentedRaftLogWorker.java:execute(569)) - s0@group-A1B89BB4020A-SegmentedRaftLogWorker: created new log segment /workdir/ratis-test/target/test/data/ddcd30e7/MiniRaftClusterWithNettybd46e168/s0/cf2f9e16-dbc8-4993-973b-a1b89bb4020a/current/log_inprogress_0
2019-09-24 16:44:47,204 INFO  segmented.SegmentedRaftLogWorker (SegmentedRaftLogWorker.java:execute(569)) - s1@group-A1B89BB4020A-SegmentedRaftLogWorker: created new log segment /workdir/ratis-test/target/test/data/ddcd30e7/MiniRaftClusterWithNettybd46e168/s1/cf2f9e16-dbc8-4993-973b-a1b89bb4020a/current/log_inprogress_0
2019-09-24 16:44:47,206 INFO  impl.FollowerState (FollowerState.java:run(108)) - s0@group-A1B89BB4020A-FollowerState: change to CANDIDATE, lastRpcTime:271ms, electionTimeout:247ms
2019-09-24 16:44:47,206 INFO  impl.FollowerState (FollowerState.java:run(108)) - s2@group-A1B89BB4020A-FollowerState: change to CANDIDATE, lastRpcTime:273ms, electionTimeout:235ms
2019-09-24 16:44:47,205 DEBUG impl.RaftServerImpl (RaftServerImpl.java:requestVote(775)) - s4@group-A1B89BB4020A replies to vote request: s3<-s4#0:FAIL-t10. Peer's state: s4@group-A1B89BB4020A:t10, leader=null, voted=null, raftlog=s4@group-A1B89BB4020A-SegmentedRaftLog:OPENED:c-1,f-1,i0, conf=0: [s3:0.0.0.0:34761, s4:0.0.0.0:42956, s0:0.0.0.0:35561, s1:0.0.0.0:38095, s2:0.0.0.0:39611], old=null
2019-09-24 16:44:47,205 DEBUG impl.RaftServerImpl (RaftServerImpl.java:requestVote(775)) - s1@group-A1B89BB4020A replies to vote request: s3<-s1#0:FAIL-t10. Peer's state: s1@group-A1B89BB4020A:t10, leader=null, voted=null, raftlog=s1@group-A1B89BB4020A-SegmentedRaftLog:OPENED:c-1,f-1,i0, conf=0: [s3:0.0.0.0:34761, s4:0.0.0.0:42956, s0:0.0.0.0:35561, s1:0.0.0.0:38095, s2:0.0.0.0:39611], old=null
2019-09-24 16:44:47,207 INFO  impl.RoleInfo (RoleInfo.java:shutdownFollowerState(121)) - s2: shutdown FollowerState
2019-09-24 16:44:47,207 INFO  impl.RoleInfo (RoleInfo.java:shutdownFollowerState(121)) - s0: shutdown FollowerState
2019-09-24 16:44:47,208 INFO  impl.RaftServerImpl (RaftServerImpl.java:setRole(170)) - s2@group-A1B89BB4020A: changes role from  FOLLOWER to CANDIDATE at term 10 for changeToCandidate
2019-09-24 16:44:47,208 INFO  impl.FollowerState (FollowerState.java:run(108)) - s1@group-A1B89BB4020A-FollowerState: change to CANDIDATE, lastRpcTime:272ms, electionTimeout:165ms
2019-09-24 16:44:47,208 INFO  impl.RaftServerImpl (RaftServerImpl.java:setRole(170)) - s0@group-A1B89BB4020A: changes role from  FOLLOWER to CANDIDATE at term 10 for changeToCandidate
2019-09-24 16:44:47,208 INFO  impl.RoleInfo (RoleInfo.java:updateAndGet(143)) - s2: start LeaderElection
2019-09-24 16:44:47,208 INFO  impl.RoleInfo (RoleInfo.java:shutdownFollowerState(121)) - s1: shutdown FollowerState
2019-09-24 16:44:47,208 INFO  impl.RoleInfo (RoleInfo.java:updateAndGet(143)) - s0: start LeaderElection
2019-09-24 16:44:47,209 INFO  impl.RaftServerImpl (RaftServerImpl.java:setRole(170)) - s2@group-A1B89BB4020A: changes role from CANDIDATE to FOLLOWER at term 10 for recognizeCandidate:s3
2019-09-24 16:44:47,209 INFO  impl.RaftServerImpl (RaftServerImpl.java:setRole(170)) - s1@group-A1B89BB4020A: changes role from  FOLLOWER to CANDIDATE at term 10 for changeToCandidate
2019-09-24 16:44:47,209 INFO  impl.RoleInfo (RoleInfo.java:shutdownLeaderElection(134)) - s2: shutdown LeaderElection
2019-09-24 16:44:47,209 INFO  impl.RoleInfo (RoleInfo.java:updateAndGet(143)) - s1: start LeaderElection
2019-09-24 16:44:47,210 INFO  impl.RoleInfo (RoleInfo.java:updateAndGet(143)) - s2: start FollowerState
2019-09-24 16:44:47,210 DEBUG impl.RaftServerImpl (RaftServerImpl.java:requestVote(775)) - s2@group-A1B89BB4020A replies to vote request: s3<-s2#0:FAIL-t10. Peer's state: s2@group-A1B89BB4020A:t10, leader=null, voted=null, raftlog=s2@group-A1B89BB4020A-SegmentedRaftLog:OPENED:c-1,f-1,i0, conf=0: [s3:0.0.0.0:34761, s4:0.0.0.0:42956, s0:0.0.0.0:35561, s1:0.0.0.0:38095, s2:0.0.0.0:39611], old=null
2019-09-24 16:44:47,214 INFO  impl.FollowerState (FollowerState.java:run(108)) - s4@group-A1B89BB4020A-FollowerState: change to CANDIDATE, lastRpcTime:281ms, electionTimeout:280ms
2019-09-24 16:44:47,214 INFO  impl.RoleInfo (RoleInfo.java:shutdownFollowerState(121)) - s4: shutdown FollowerState
2019-09-24 16:44:47,215 INFO  impl.RaftServerImpl (RaftServerImpl.java:setRole(170)) - s4@group-A1B89BB4020A: changes role from  FOLLOWER to CANDIDATE at term 10 for changeToCandidate
2019-09-24 16:44:47,215 INFO  impl.RoleInfo (RoleInfo.java:updateAndGet(143)) - s4: start LeaderElection
2019-09-24 16:44:47,269 WARN  ratis.RaftTestUtil (JavaUtils.java:attempt(158)) - FAILED "waitForLeader-null-(expectLeader? true)", attempt #93/100: java.lang.IllegalStateException: No leader yet : printing ALL groups
  s3:  RUNNING CANDIDATE s3@group-A1B89BB4020A:t11, leader=null, voted=s3, raftlog=s3@group-A1B89BB4020A-SegmentedRaftLog:OPENED:c-1,f-1,i0, conf=-1: [s3:0.0.0.0:34761, s4:0.0.0.0:42956, s0:0.0.0.0:35561, s1:0.0.0.0:38095, s2:0.0.0.0:39611], old=null RUNNING
  s4:  RUNNING CANDIDATE s4@group-A1B89BB4020A:t11, leader=null, voted=s4, raftlog=s4@group-A1B89BB4020A-SegmentedRaftLog:OPENED:c-1,f-1,i0, conf=0: [s3:0.0.0.0:34761, s4:0.0.0.0:42956, s0:0.0.0.0:35561, s1:0.0.0.0:38095, s2:0.0.0.0:39611], old=null RUNNING
  s0:  RUNNING CANDIDATE s0@group-A1B89BB4020A:t11, leader=null, voted=s0, raftlog=s0@group-A1B89BB4020A-SegmentedRaftLog:OPENED:c-1,f-1,i0, conf=0: [s3:0.0.0.0:34761, s4:0.0.0.0:42956, s0:0.0.0.0:35561, s1:0.0.0.0:38095, s2:0.0.0.0:39611], old=null RUNNING
  s1:  RUNNING CANDIDATE s1@group-A1B89BB4020A:t11, leader=null, voted=s1, raftlog=s1@group-A1B89BB4020A-SegmentedRaftLog:OPENED:c-1,f-1,i0, conf=0: [s3:0.0.0.0:34761, s4:0.0.0.0:42956, s0:0.0.0.0:35561, s1:0.0.0.0:38095, s2:0.0.0.0:39611], old=null RUNNING
  s2:  RUNNING  FOLLOWER s2@group-A1B89BB4020A:t11, leader=null, voted=s2, raftlog=s2@group-A1B89BB4020A-SegmentedRaftLog:OPENED:c-1,f-1,i0, conf=0: [s3:0.0.0.0:34761, s4:0.0.0.0:42956, s0:0.0.0.0:35561, s1:0.0.0.0:38095, s2:0.0.0.0:39611], old=null RUNNING, sleep 450ms and then retry.
java.lang.IllegalStateException: No leader yet : printing ALL groups
  s3:  RUNNING CANDIDATE s3@group-A1B89BB4020A:t11, leader=null, voted=s3, raftlog=s3@group-A1B89BB4020A-SegmentedRaftLog:OPENED:c-1,f-1,i0, conf=-1: [s3:0.0.0.0:34761, s4:0.0.0.0:42956, s0:0.0.0.0:35561, s1:0.0.0.0:38095, s2:0.0.0.0:39611], old=null RUNNING
  s4:  RUNNING CANDIDATE s4@group-A1B89BB4020A:t11, leader=null, voted=s4, raftlog=s4@group-A1B89BB4020A-SegmentedRaftLog:OPENED:c-1,f-1,i0, conf=0: [s3:0.0.0.0:34761, s4:0.0.0.0:42956, s0:0.0.0.0:35561, s1:0.0.0.0:38095, s2:0.0.0.0:39611], old=null RUNNING
  s0:  RUNNING CANDIDATE s0@group-A1B89BB4020A:t11, leader=null, voted=s0, raftlog=s0@group-A1B89BB4020A-SegmentedRaftLog:OPENED:c-1,f-1,i0, conf=0: [s3:0.0.0.0:34761, s4:0.0.0.0:42956, s0:0.0.0.0:35561, s1:0.0.0.0:38095, s2:0.0.0.0:39611], old=null RUNNING
  s1:  RUNNING CANDIDATE s1@group-A1B89BB4020A:t11, leader=null, voted=s1, raftlog=s1@group-A1B89BB4020A-SegmentedRaftLog:OPENED:c-1,f-1,i0, conf=0: [s3:0.0.0.0:34761, s4:0.0.0.0:42956, s0:0.0.0.0:35561, s1:0.0.0.0:38095, s2:0.0.0.0:39611], old=null RUNNING
  s2:  RUNNING  FOLLOWER s2@group-A1B89BB4020A:t11, leader=null, voted=s2, raftlog=s2@group-A1B89BB4020A-SegmentedRaftLog:OPENED:c-1,f-1,i0, conf=0: [s3:0.0.0.0:34761, s4:0.0.0.0:42956, s0:0.0.0.0:35561, s1:0.0.0.0:38095, s2:0.0.0.0:39611], old=null RUNNING
	at org.apache.ratis.MiniRaftCluster.newIllegalStateExceptionForNoLeaders(MiniRaftCluster.java:506)
	at org.apache.ratis.RaftTestUtil.lambda$waitForLeader$1(RaftTestUtil.java:90)
	at org.apache.ratis.MiniRaftCluster.getLeader(MiniRaftCluster.java:539)
	at org.apache.ratis.MiniRaftCluster.getLeader(MiniRaftCluster.java:532)
	at org.apache.ratis.RaftTestUtil.lambda$waitForLeader$3(RaftTestUtil.java:98)
	at org.apache.ratis.util.JavaUtils.attempt(JavaUtils.java:152)
	at org.apache.ratis.RaftTestUtil.waitForLeader(RaftTestUtil.java:97)
	at org.apache.ratis.RaftTestUtil.waitForLeader(RaftTestUtil.java:77)
	at org.apache.ratis.RaftTestUtil.waitForLeader(RaftTestUtil.java:72)
	at org.apache.ratis.RaftBasicTests.runTestOldLeaderNotCommit(RaftBasicTests.java:218)
	at org.apache.ratis.MiniRaftCluster$Factory$Get.runWithNewCluster(MiniRaftCluster.java:125)
	at org.apache.ratis.MiniRaftCluster$Factory$Get.runWithNewCluster(MiniRaftCluster.java:113)
	at org.apache.ratis.RaftBasicTests.testOldLeaderNotCommit(RaftBasicTests.java:214)
	at sun.reflect.NativeMethodAccessorImpl.invoke0(Native Method)
	at sun.reflect.NativeMethodAccessorImpl.invoke(NativeMethodAccessorImpl.java:62)
	at sun.reflect.DelegatingMethodAccessorImpl.invoke(DelegatingMethodAccessorImpl.java:43)
	at java.lang.reflect.Method.invoke(Method.java:498)
	at org.junit.runners.model.FrameworkMethod$1.runReflectiveCall(FrameworkMethod.java:50)
	at org.junit.internal.runners.model.ReflectiveCallable.run(ReflectiveCallable.java:12)
	at org.junit.runners.model.FrameworkMethod.invokeExplosively(FrameworkMethod.java:47)
	at org.junit.internal.runners.statements.InvokeMethod.evaluate(InvokeMethod.java:17)
	at org.junit.internal.runners.statements.RunAfters.evaluate(RunAfters.java:27)
	at org.junit.internal.runners.statements.FailOnTimeout$CallableStatement.call(FailOnTimeout.java:298)
	at org.junit.internal.runners.statements.FailOnTimeout$CallableStatement.call(FailOnTimeout.java:292)
	at java.util.concurrent.FutureTask.run(FutureTask.java:266)
	at java.lang.Thread.run(Thread.java:748)
2019-09-24 16:44:47,677 INFO  impl.FollowerState (FollowerState.java:run(108)) - s2@group-A1B89BB4020A-FollowerState: change to CANDIDATE, lastRpcTime:466ms, electionTimeout:166ms
2019-09-24 16:44:47,677 DEBUG impl.RaftServerImpl (RaftServerImpl.java:logAppendEntries(850)) - s0@group-A1B89BB4020A: succeeded to handle AppendEntries. Reply: s2<-s0#0:OK,SUCCESS,nextIndex:1,term:9,followerCommit:-1
2019-09-24 16:44:47,677 INFO  impl.LeaderElection (LeaderElection.java:askForVotes(178)) - s4@group-A1B89BB4020A-LeaderElection172: begin an election at term 11 for 0: [s3:0.0.0.0:34761, s4:0.0.0.0:42956, s0:0.0.0.0:35561, s1:0.0.0.0:38095, s2:0.0.0.0:39611], old=null
2019-09-24 16:44:47,677 INFO  impl.LeaderElection (LeaderElection.java:askForVotes(178)) - s3@group-A1B89BB4020A-LeaderElection168: begin an election at term 11 for -1: [s3:0.0.0.0:34761, s4:0.0.0.0:42956, s0:0.0.0.0:35561, s1:0.0.0.0:38095, s2:0.0.0.0:39611], old=null
2019-09-24 16:44:47,677 INFO  impl.LeaderElection (LeaderElection.java:askForVotes(178)) - s0@group-A1B89BB4020A-LeaderElection170: begin an election at term 11 for 0: [s3:0.0.0.0:34761, s4:0.0.0.0:42956, s0:0.0.0.0:35561, s1:0.0.0.0:38095, s2:0.0.0.0:39611], old=null
2019-09-24 16:44:47,677 DEBUG impl.RaftServerImpl (RaftServerImpl.java:logAppendEntries(850)) - s4@group-A1B89BB4020A: succeeded to handle AppendEntries. Reply: s2<-s4#0:OK,SUCCESS,nextIndex:1,term:9,followerCommit:-1
2019-09-24 16:44:47,677 DEBUG impl.RaftServerImpl (RaftServerImpl.java:logAppendEntries(850)) - s1@group-A1B89BB4020A: succeeded to handle AppendEntries. Reply: s2<-s1#0:OK,SUCCESS,nextIndex:1,term:9,followerCommit:-1
2019-09-24 16:44:47,677 INFO  impl.LeaderElection (LeaderElection.java:askForVotes(178)) - s2@group-A1B89BB4020A-LeaderElection169: begin an election at term 11 for 0: [s3:0.0.0.0:34761, s4:0.0.0.0:42956, s0:0.0.0.0:35561, s1:0.0.0.0:38095, s2:0.0.0.0:39611], old=null
2019-09-24 16:44:47,677 INFO  impl.LeaderElection (LeaderElection.java:askForVotes(178)) - s1@group-A1B89BB4020A-LeaderElection171: begin an election at term 11 for 0: [s3:0.0.0.0:34761, s4:0.0.0.0:42956, s0:0.0.0.0:35561, s1:0.0.0.0:38095, s2:0.0.0.0:39611], old=null
2019-09-24 16:44:47,679 DEBUG impl.RaftServerImpl (RaftServerImpl.java:requestVote(743)) - s3@group-A1B89BB4020A: receive requestVote(s4, group-A1B89BB4020A, 11, (t:9, i:0))
2019-09-24 16:44:47,677 INFO  impl.RoleInfo (RoleInfo.java:shutdownFollowerState(121)) - s2: shutdown FollowerState
2019-09-24 16:44:47,679 DEBUG impl.RaftServerImpl (RaftServerImpl.java:requestVote(775)) - s3@group-A1B89BB4020A replies to vote request: s4<-s3#0:FAIL-t11. Peer's state: s3@group-A1B89BB4020A:t11, leader=null, voted=s3, raftlog=s3@group-A1B89BB4020A-SegmentedRaftLog:OPENED:c-1,f-1,i0, conf=-1: [s3:0.0.0.0:34761, s4:0.0.0.0:42956, s0:0.0.0.0:35561, s1:0.0.0.0:38095, s2:0.0.0.0:39611], old=null
2019-09-24 16:44:47,679 DEBUG impl.RaftServerImpl (RaftServerImpl.java:requestVote(743)) - s3@group-A1B89BB4020A: receive requestVote(s0, group-A1B89BB4020A, 11, (t:9, i:0))
2019-09-24 16:44:47,679 DEBUG impl.RaftServerImpl (RaftServerImpl.java:requestVote(743)) - s4@group-A1B89BB4020A: receive requestVote(s3, group-A1B89BB4020A, 11, (t:0, i:0))
2019-09-24 16:44:47,680 DEBUG impl.RaftServerImpl (RaftServerImpl.java:requestVote(743)) - s2@group-A1B89BB4020A: receive requestVote(s0, group-A1B89BB4020A, 11, (t:9, i:0))
2019-09-24 16:44:47,679 DEBUG impl.RaftServerImpl (RaftServerImpl.java:requestVote(743)) - s0@group-A1B89BB4020A: receive requestVote(s4, group-A1B89BB4020A, 11, (t:9, i:0))
2019-09-24 16:44:47,681 DEBUG impl.RaftServerImpl (RaftServerImpl.java:requestVote(743)) - s0@group-A1B89BB4020A: receive requestVote(s1, group-A1B89BB4020A, 11, (t:9, i:0))
2019-09-24 16:44:47,681 DEBUG impl.RaftServerImpl (RaftServerImpl.java:requestVote(743)) - s4@group-A1B89BB4020A: receive requestVote(s1, group-A1B89BB4020A, 11, (t:9, i:0))
2019-09-24 16:44:47,681 DEBUG impl.RaftServerImpl (RaftServerImpl.java:requestVote(775)) - s4@group-A1B89BB4020A replies to vote request: s3<-s4#0:FAIL-t11. Peer's state: s4@group-A1B89BB4020A:t11, leader=null, voted=s4, raftlog=s4@group-A1B89BB4020A-SegmentedRaftLog:OPENED:c-1,f0,i0, conf=0: [s3:0.0.0.0:34761, s4:0.0.0.0:42956, s0:0.0.0.0:35561, s1:0.0.0.0:38095, s2:0.0.0.0:39611], old=null
2019-09-24 16:44:47,680 DEBUG impl.RaftServerImpl (RaftServerImpl.java:requestVote(743)) - s1@group-A1B89BB4020A: receive requestVote(s4, group-A1B89BB4020A, 11, (t:9, i:0))
2019-09-24 16:44:47,680 DEBUG impl.RaftServerImpl (RaftServerImpl.java:requestVote(775)) - s3@group-A1B89BB4020A replies to vote request: s0<-s3#0:FAIL-t11. Peer's state: s3@group-A1B89BB4020A:t11, leader=null, voted=s3, raftlog=s3@group-A1B89BB4020A-SegmentedRaftLog:OPENED:c-1,f-1,i0, conf=-1: [s3:0.0.0.0:34761, s4:0.0.0.0:42956, s0:0.0.0.0:35561, s1:0.0.0.0:38095, s2:0.0.0.0:39611], old=null
2019-09-24 16:44:47,680 DEBUG impl.RaftServerImpl (RaftServerImpl.java:requestVote(743)) - s1@group-A1B89BB4020A: receive requestVote(s0, group-A1B89BB4020A, 11, (t:9, i:0))
2019-09-24 16:44:47,680 DEBUG impl.RaftServerImpl (RaftServerImpl.java:requestVote(743)) - s3@group-A1B89BB4020A: receive requestVote(s1, group-A1B89BB4020A, 11, (t:9, i:0))
2019-09-24 16:44:47,680 DEBUG impl.RaftServerImpl (RaftServerImpl.java:requestVote(743)) - s4@group-A1B89BB4020A: receive requestVote(s0, group-A1B89BB4020A, 11, (t:9, i:0))
2019-09-24 16:44:47,680 DEBUG impl.RaftServerImpl (RaftServerImpl.java:requestVote(743)) - s0@group-A1B89BB4020A: receive requestVote(s3, group-A1B89BB4020A, 11, (t:0, i:0))
2019-09-24 16:44:47,679 INFO  impl.RaftServerImpl (RaftServerImpl.java:setRole(170)) - s2@group-A1B89BB4020A: changes role from  FOLLOWER to CANDIDATE at term 11 for changeToCandidate
2019-09-24 16:44:47,683 DEBUG impl.RaftServerImpl (RaftServerImpl.java:requestVote(743)) - s2@group-A1B89BB4020A: receive requestVote(s3, group-A1B89BB4020A, 11, (t:0, i:0))
2019-09-24 16:44:47,683 DEBUG impl.RaftServerImpl (RaftServerImpl.java:requestVote(775)) - s3@group-A1B89BB4020A replies to vote request: s1<-s3#0:FAIL-t11. Peer's state: s3@group-A1B89BB4020A:t11, leader=null, voted=s3, raftlog=s3@group-A1B89BB4020A-SegmentedRaftLog:OPENED:c-1,f-1,i0, conf=-1: [s3:0.0.0.0:34761, s4:0.0.0.0:42956, s0:0.0.0.0:35561, s1:0.0.0.0:38095, s2:0.0.0.0:39611], old=null
2019-09-24 16:44:47,682 DEBUG impl.RaftServerImpl (RaftServerImpl.java:requestVote(775)) - s1@group-A1B89BB4020A replies to vote request: s4<-s1#0:FAIL-t11. Peer's state: s1@group-A1B89BB4020A:t11, leader=null, voted=s1, raftlog=s1@group-A1B89BB4020A-SegmentedRaftLog:OPENED:c-1,f0,i0, conf=0: [s3:0.0.0.0:34761, s4:0.0.0.0:42956, s0:0.0.0.0:35561, s1:0.0.0.0:38095, s2:0.0.0.0:39611], old=null
2019-09-24 16:44:47,682 DEBUG impl.RaftServerImpl (RaftServerImpl.java:requestVote(775)) - s4@group-A1B89BB4020A replies to vote request: s1<-s4#0:FAIL-t11. Peer's state: s4@group-A1B89BB4020A:t11, leader=null, voted=s4, raftlog=s4@group-A1B89BB4020A-SegmentedRaftLog:OPENED:c-1,f0,i0, conf=0: [s3:0.0.0.0:34761, s4:0.0.0.0:42956, s0:0.0.0.0:35561, s1:0.0.0.0:38095, s2:0.0.0.0:39611], old=null
2019-09-24 16:44:47,681 DEBUG impl.RaftServerImpl (RaftServerImpl.java:requestVote(743)) - s2@group-A1B89BB4020A: receive requestVote(s1, group-A1B89BB4020A, 11, (t:9, i:0))
2019-09-24 16:44:47,681 DEBUG impl.RaftServerImpl (RaftServerImpl.java:requestVote(743)) - s2@group-A1B89BB4020A: receive requestVote(s4, group-A1B89BB4020A, 11, (t:9, i:0))
2019-09-24 16:44:47,681 DEBUG impl.RaftServerImpl (RaftServerImpl.java:requestVote(743)) - s1@group-A1B89BB4020A: receive requestVote(s3, group-A1B89BB4020A, 11, (t:0, i:0))
2019-09-24 16:44:47,681 DEBUG impl.RaftServerImpl (RaftServerImpl.java:requestVote(775)) - s0@group-A1B89BB4020A replies to vote request: s4<-s0#0:FAIL-t11. Peer's state: s0@group-A1B89BB4020A:t11, leader=null, voted=s0, raftlog=s0@group-A1B89BB4020A-SegmentedRaftLog:OPENED:c-1,f0,i0, conf=0: [s3:0.0.0.0:34761, s4:0.0.0.0:42956, s0:0.0.0.0:35561, s1:0.0.0.0:38095, s2:0.0.0.0:39611], old=null
2019-09-24 16:44:47,685 DEBUG impl.RaftServerImpl (RaftServerImpl.java:requestVote(775)) - s4@group-A1B89BB4020A replies to vote request: s0<-s4#0:FAIL-t11. Peer's state: s4@group-A1B89BB4020A:t11, leader=null, voted=s4, raftlog=s4@group-A1B89BB4020A-SegmentedRaftLog:OPENED:c-1,f0,i0, conf=0: [s3:0.0.0.0:34761, s4:0.0.0.0:42956, s0:0.0.0.0:35561, s1:0.0.0.0:38095, s2:0.0.0.0:39611], old=null
2019-09-24 16:44:47,685 DEBUG impl.RaftServerImpl (RaftServerImpl.java:requestVote(775)) - s1@group-A1B89BB4020A replies to vote request: s0<-s1#0:FAIL-t11. Peer's state: s1@group-A1B89BB4020A:t11, leader=null, voted=s1, raftlog=s1@group-A1B89BB4020A-SegmentedRaftLog:OPENED:c-1,f0,i0, conf=0: [s3:0.0.0.0:34761, s4:0.0.0.0:42956, s0:0.0.0.0:35561, s1:0.0.0.0:38095, s2:0.0.0.0:39611], old=null
2019-09-24 16:44:47,684 INFO  impl.RoleInfo (RoleInfo.java:updateAndGet(143)) - s2: start LeaderElection
2019-09-24 16:44:47,687 DEBUG impl.RaftServerImpl (RaftServerImpl.java:requestVote(775)) - s1@group-A1B89BB4020A replies to vote request: s3<-s1#0:FAIL-t11. Peer's state: s1@group-A1B89BB4020A:t11, leader=null, voted=s1, raftlog=s1@group-A1B89BB4020A-SegmentedRaftLog:OPENED:c-1,f0,i0, conf=0: [s3:0.0.0.0:34761, s4:0.0.0.0:42956, s0:0.0.0.0:35561, s1:0.0.0.0:38095, s2:0.0.0.0:39611], old=null
2019-09-24 16:44:47,688 DEBUG impl.RaftServerImpl (RaftServerImpl.java:requestVote(775)) - s2@group-A1B89BB4020A replies to vote request: s4<-s2#0:FAIL-t11. Peer's state: s2@group-A1B89BB4020A:t11, leader=null, voted=s2, raftlog=s2@group-A1B89BB4020A-SegmentedRaftLog:OPENED:c-1,f0,i0, conf=0: [s3:0.0.0.0:34761, s4:0.0.0.0:42956, s0:0.0.0.0:35561, s1:0.0.0.0:38095, s2:0.0.0.0:39611], old=null
2019-09-24 16:44:47,686 DEBUG impl.RaftServerImpl (RaftServerImpl.java:requestVote(775)) - s0@group-A1B89BB4020A replies to vote request: s3<-s0#0:FAIL-t11. Peer's state: s0@group-A1B89BB4020A:t11, leader=null, voted=s0, raftlog=s0@group-A1B89BB4020A-SegmentedRaftLog:OPENED:c-1,f0,i0, conf=0: [s3:0.0.0.0:34761, s4:0.0.0.0:42956, s0:0.0.0.0:35561, s1:0.0.0.0:38095, s2:0.0.0.0:39611], old=null
2019-09-24 16:44:47,688 DEBUG impl.RaftServerImpl (RaftServerImpl.java:requestVote(775)) - s2@group-A1B89BB4020A replies to vote request: s1<-s2#0:FAIL-t11. Peer's state: s2@group-A1B89BB4020A:t11, leader=null, voted=s2, raftlog=s2@group-A1B89BB4020A-SegmentedRaftLog:OPENED:c-1,f0,i0, conf=0: [s3:0.0.0.0:34761, s4:0.0.0.0:42956, s0:0.0.0.0:35561, s1:0.0.0.0:38095, s2:0.0.0.0:39611], old=null
2019-09-24 16:44:47,688 DEBUG impl.RaftServerImpl (RaftServerImpl.java:requestVote(775)) - s0@group-A1B89BB4020A replies to vote request: s1<-s0#0:FAIL-t11. Peer's state: s0@group-A1B89BB4020A:t11, leader=null, voted=s0, raftlog=s0@group-A1B89BB4020A-SegmentedRaftLog:OPENED:c-1,f0,i0, conf=0: [s3:0.0.0.0:34761, s4:0.0.0.0:42956, s0:0.0.0.0:35561, s1:0.0.0.0:38095, s2:0.0.0.0:39611], old=null
2019-09-24 16:44:47,688 INFO  impl.LeaderElection (LeaderElection.java:logAndReturn(56)) - s4@group-A1B89BB4020A-LeaderElection172: Election REJECTED; received 4 response(s) [s4<-s3#0:FAIL-t11, s4<-s0#0:FAIL-t11, s4<-s1#0:FAIL-t11, s4<-s2#0:FAIL-t11] and 0 exception(s); s4@group-A1B89BB4020A:t11, leader=null, voted=s4, raftlog=s4@group-A1B89BB4020A-SegmentedRaftLog:OPENED:c-1,f0,i0, conf=0: [s3:0.0.0.0:34761, s4:0.0.0.0:42956, s0:0.0.0.0:35561, s1:0.0.0.0:38095, s2:0.0.0.0:39611], old=null
2019-09-24 16:44:47,689 DEBUG impl.RaftServerImpl (RaftServerImpl.java:requestVote(775)) - s2@group-A1B89BB4020A replies to vote request: s3<-s2#0:FAIL-t11. Peer's state: s2@group-A1B89BB4020A:t11, leader=null, voted=s2, raftlog=s2@group-A1B89BB4020A-SegmentedRaftLog:OPENED:c-1,f0,i0, conf=0: [s3:0.0.0.0:34761, s4:0.0.0.0:42956, s0:0.0.0.0:35561, s1:0.0.0.0:38095, s2:0.0.0.0:39611], old=null
2019-09-24 16:44:47,689 INFO  impl.LeaderElection (LeaderElection.java:logAndReturn(56)) - s1@group-A1B89BB4020A-LeaderElection171: Election REJECTED; received 4 response(s) [s1<-s3#0:FAIL-t11, s1<-s4#0:FAIL-t11, s1<-s0#0:FAIL-t11, s1<-s2#0:FAIL-t11] and 0 exception(s); s1@group-A1B89BB4020A:t11, leader=null, voted=s1, raftlog=s1@group-A1B89BB4020A-SegmentedRaftLog:OPENED:c-1,f0,i0, conf=0: [s3:0.0.0.0:34761, s4:0.0.0.0:42956, s0:0.0.0.0:35561, s1:0.0.0.0:38095, s2:0.0.0.0:39611], old=null
2019-09-24 16:44:47,689 INFO  impl.RaftServerImpl (RaftServerImpl.java:setRole(170)) - s4@group-A1B89BB4020A: changes role from CANDIDATE to FOLLOWER at term 11 for DISCOVERED_A_NEW_TERM
2019-09-24 16:44:47,690 INFO  impl.RaftServerImpl (RaftServerImpl.java:setRole(170)) - s1@group-A1B89BB4020A: changes role from CANDIDATE to FOLLOWER at term 11 for DISCOVERED_A_NEW_TERM
2019-09-24 16:44:47,690 INFO  impl.RoleInfo (RoleInfo.java:shutdownLeaderElection(134)) - s1: shutdown LeaderElection
2019-09-24 16:44:47,690 DEBUG impl.RaftServerImpl (RaftServerImpl.java:requestVote(775)) - s2@group-A1B89BB4020A replies to vote request: s0<-s2#0:FAIL-t11. Peer's state: s2@group-A1B89BB4020A:t11, leader=null, voted=s2, raftlog=s2@group-A1B89BB4020A-SegmentedRaftLog:OPENED:c-1,f0,i0, conf=0: [s3:0.0.0.0:34761, s4:0.0.0.0:42956, s0:0.0.0.0:35561, s1:0.0.0.0:38095, s2:0.0.0.0:39611], old=null
2019-09-24 16:44:47,690 INFO  impl.RoleInfo (RoleInfo.java:updateAndGet(143)) - s1: start FollowerState
2019-09-24 16:44:47,690 INFO  impl.LeaderElection (LeaderElection.java:logAndReturn(56)) - s3@group-A1B89BB4020A-LeaderElection168: Election REJECTED; received 4 response(s) [s3<-s4#0:FAIL-t11, s3<-s0#0:FAIL-t11, s3<-s1#0:FAIL-t11, s3<-s2#0:FAIL-t11] and 0 exception(s); s3@group-A1B89BB4020A:t11, leader=null, voted=s3, raftlog=s3@group-A1B89BB4020A-SegmentedRaftLog:OPENED:c-1,f-1,i0, conf=-1: [s3:0.0.0.0:34761, s4:0.0.0.0:42956, s0:0.0.0.0:35561, s1:0.0.0.0:38095, s2:0.0.0.0:39611], old=null
2019-09-24 16:44:47,690 INFO  impl.RoleInfo (RoleInfo.java:shutdownLeaderElection(134)) - s4: shutdown LeaderElection
2019-09-24 16:44:47,691 INFO  impl.RaftServerImpl (RaftServerImpl.java:setRole(170)) - s3@group-A1B89BB4020A: changes role from CANDIDATE to FOLLOWER at term 11 for DISCOVERED_A_NEW_TERM
2019-09-24 16:44:47,691 INFO  impl.LeaderElection (LeaderElection.java:logAndReturn(56)) - s0@group-A1B89BB4020A-LeaderElection170: Election REJECTED; received 4 response(s) [s0<-s3#0:FAIL-t11, s0<-s4#0:FAIL-t11, s0<-s1#0:FAIL-t11, s0<-s2#0:FAIL-t11] and 0 exception(s); s0@group-A1B89BB4020A:t11, leader=null, voted=s0, raftlog=s0@group-A1B89BB4020A-SegmentedRaftLog:OPENED:c-1,f0,i0, conf=0: [s3:0.0.0.0:34761, s4:0.0.0.0:42956, s0:0.0.0.0:35561, s1:0.0.0.0:38095, s2:0.0.0.0:39611], old=null
2019-09-24 16:44:47,691 DEBUG impl.RaftServerImpl (RaftServerImpl.java:requestVote(743)) - s3@group-A1B89BB4020A: receive requestVote(s2, group-A1B89BB4020A, 11, (t:9, i:0))
2019-09-24 16:44:47,691 INFO  impl.RoleInfo (RoleInfo.java:shutdownLeaderElection(134)) - s3: shutdown LeaderElection
2019-09-24 16:44:47,691 INFO  impl.RoleInfo (RoleInfo.java:updateAndGet(143)) - s4: start FollowerState
2019-09-24 16:44:47,692 INFO  impl.RoleInfo (RoleInfo.java:updateAndGet(143)) - s3: start FollowerState
2019-09-24 16:44:47,692 INFO  impl.RaftServerImpl (RaftServerImpl.java:setRole(170)) - s0@group-A1B89BB4020A: changes role from CANDIDATE to FOLLOWER at term 11 for DISCOVERED_A_NEW_TERM
2019-09-24 16:44:47,693 INFO  impl.RoleInfo (RoleInfo.java:shutdownLeaderElection(134)) - s0: shutdown LeaderElection
2019-09-24 16:44:47,693 DEBUG impl.RaftServerImpl (RaftServerImpl.java:requestVote(775)) - s3@group-A1B89BB4020A replies to vote request: s2<-s3#0:FAIL-t11. Peer's state: s3@group-A1B89BB4020A:t11, leader=null, voted=s3, raftlog=s3@group-A1B89BB4020A-SegmentedRaftLog:OPENED:c-1,f-1,i0, conf=-1: [s3:0.0.0.0:34761, s4:0.0.0.0:42956, s0:0.0.0.0:35561, s1:0.0.0.0:38095, s2:0.0.0.0:39611], old=null
2019-09-24 16:44:47,693 INFO  impl.RoleInfo (RoleInfo.java:updateAndGet(143)) - s0: start FollowerState
2019-09-24 16:44:47,704 INFO  impl.LeaderElection (LeaderElection.java:askForVotes(178)) - s2@group-A1B89BB4020A-LeaderElection173: begin an election at term 12 for 0: [s3:0.0.0.0:34761, s4:0.0.0.0:42956, s0:0.0.0.0:35561, s1:0.0.0.0:38095, s2:0.0.0.0:39611], old=null
2019-09-24 16:44:47,705 DEBUG impl.RaftServerImpl (RaftServerImpl.java:requestVote(743)) - s4@group-A1B89BB4020A: receive requestVote(s2, group-A1B89BB4020A, 11, (t:9, i:0))
2019-09-24 16:44:47,705 DEBUG impl.RaftServerImpl (RaftServerImpl.java:requestVote(743)) - s3@group-A1B89BB4020A: receive requestVote(s2, group-A1B89BB4020A, 12, (t:9, i:0))
2019-09-24 16:44:47,705 DEBUG impl.RaftServerImpl (RaftServerImpl.java:requestVote(775)) - s4@group-A1B89BB4020A replies to vote request: s2<-s4#0:FAIL-t11. Peer's state: s4@group-A1B89BB4020A:t11, leader=null, voted=s4, raftlog=s4@group-A1B89BB4020A-SegmentedRaftLog:OPENED:c-1,f0,i0, conf=0: [s3:0.0.0.0:34761, s4:0.0.0.0:42956, s0:0.0.0.0:35561, s1:0.0.0.0:38095, s2:0.0.0.0:39611], old=null
2019-09-24 16:44:47,705 DEBUG impl.RaftServerImpl (RaftServerImpl.java:requestVote(743)) - s0@group-A1B89BB4020A: receive requestVote(s2, group-A1B89BB4020A, 11, (t:9, i:0))
2019-09-24 16:44:47,706 DEBUG impl.RaftServerImpl (RaftServerImpl.java:requestVote(775)) - s0@group-A1B89BB4020A replies to vote request: s2<-s0#0:FAIL-t11. Peer's state: s0@group-A1B89BB4020A:t11, leader=null, voted=s0, raftlog=s0@group-A1B89BB4020A-SegmentedRaftLog:OPENED:c-1,f0,i0, conf=0: [s3:0.0.0.0:34761, s4:0.0.0.0:42956, s0:0.0.0.0:35561, s1:0.0.0.0:38095, s2:0.0.0.0:39611], old=null
2019-09-24 16:44:47,705 INFO  impl.LeaderElection (LeaderElection.java:logAndReturn(56)) - s2@group-A1B89BB4020A-LeaderElection169: Election REJECTED; received 0 response(s) [] and 0 exception(s); s2@group-A1B89BB4020A:t12, leader=null, voted=s2, raftlog=s2@group-A1B89BB4020A-SegmentedRaftLog:OPENED:c-1,f0,i0, conf=0: [s3:0.0.0.0:34761, s4:0.0.0.0:42956, s0:0.0.0.0:35561, s1:0.0.0.0:38095, s2:0.0.0.0:39611], old=null
2019-09-24 16:44:47,706 DEBUG impl.RaftServerImpl (RaftServerImpl.java:requestVote(743)) - s4@group-A1B89BB4020A: receive requestVote(s2, group-A1B89BB4020A, 12, (t:9, i:0))
2019-09-24 16:44:47,706 DEBUG impl.RaftServerImpl (RaftServerImpl.java:requestVote(743)) - s1@group-A1B89BB4020A: receive requestVote(s2, group-A1B89BB4020A, 11, (t:9, i:0))
2019-09-24 16:44:47,706 INFO  impl.RaftServerImpl (RaftServerImpl.java:setRole(170)) - s3@group-A1B89BB4020A: changes role from  FOLLOWER to FOLLOWER at term 12 for recognizeCandidate:s2
2019-09-24 16:44:47,707 DEBUG impl.RaftServerImpl (RaftServerImpl.java:requestVote(775)) - s1@group-A1B89BB4020A replies to vote request: s2<-s1#0:FAIL-t11. Peer's state: s1@group-A1B89BB4020A:t11, leader=null, voted=s1, raftlog=s1@group-A1B89BB4020A-SegmentedRaftLog:OPENED:c-1,f0,i0, conf=0: [s3:0.0.0.0:34761, s4:0.0.0.0:42956, s0:0.0.0.0:35561, s1:0.0.0.0:38095, s2:0.0.0.0:39611], old=null
2019-09-24 16:44:47,707 INFO  impl.RaftServerImpl (RaftServerImpl.java:setRole(170)) - s4@group-A1B89BB4020A: changes role from  FOLLOWER to FOLLOWER at term 12 for recognizeCandidate:s2
2019-09-24 16:44:47,708 INFO  impl.RoleInfo (RoleInfo.java:shutdownFollowerState(121)) - s4: shutdown FollowerState
2019-09-24 16:44:47,707 DEBUG impl.RaftServerImpl (RaftServerImpl.java:requestVote(743)) - s0@group-A1B89BB4020A: receive requestVote(s2, group-A1B89BB4020A, 12, (t:9, i:0))
2019-09-24 16:44:47,708 INFO  impl.FollowerState (FollowerState.java:run(117)) - s4@group-A1B89BB4020A-FollowerState was interrupted: java.lang.InterruptedException: sleep interrupted
2019-09-24 16:44:47,708 INFO  impl.RoleInfo (RoleInfo.java:updateAndGet(143)) - s4: start FollowerState
2019-09-24 16:44:47,708 DEBUG impl.RaftServerImpl (RaftServerImpl.java:requestVote(743)) - s1@group-A1B89BB4020A: receive requestVote(s2, group-A1B89BB4020A, 12, (t:9, i:0))
2019-09-24 16:44:47,709 INFO  impl.RaftServerImpl (RaftServerImpl.java:setRole(170)) - s1@group-A1B89BB4020A: changes role from  FOLLOWER to FOLLOWER at term 12 for recognizeCandidate:s2
2019-09-24 16:44:47,709 INFO  impl.RoleInfo (RoleInfo.java:shutdownFollowerState(121)) - s1: shutdown FollowerState
2019-09-24 16:44:47,707 INFO  impl.RoleInfo (RoleInfo.java:shutdownFollowerState(121)) - s3: shutdown FollowerState
2019-09-24 16:44:47,710 INFO  impl.FollowerState (FollowerState.java:run(117)) - s1@group-A1B89BB4020A-FollowerState was interrupted: java.lang.InterruptedException: sleep interrupted
2019-09-24 16:44:47,710 INFO  impl.FollowerState (FollowerState.java:run(117)) - s3@group-A1B89BB4020A-FollowerState was interrupted: java.lang.InterruptedException: sleep interrupted
2019-09-24 16:44:47,710 INFO  impl.RoleInfo (RoleInfo.java:updateAndGet(143)) - s1: start FollowerState
2019-09-24 16:44:47,708 INFO  impl.RaftServerImpl (RaftServerImpl.java:setRole(170)) - s0@group-A1B89BB4020A: changes role from  FOLLOWER to FOLLOWER at term 12 for recognizeCandidate:s2
2019-09-24 16:44:47,710 INFO  impl.RoleInfo (RoleInfo.java:updateAndGet(143)) - s3: start FollowerState
2019-09-24 16:44:47,711 INFO  impl.RoleInfo (RoleInfo.java:shutdownFollowerState(121)) - s0: shutdown FollowerState
2019-09-24 16:44:47,712 INFO  impl.RoleInfo (RoleInfo.java:updateAndGet(143)) - s0: start FollowerState
2019-09-24 16:44:47,712 INFO  impl.FollowerState (FollowerState.java:run(117)) - s0@group-A1B89BB4020A-FollowerState was interrupted: java.lang.InterruptedException: sleep interrupted
2019-09-24 16:44:47,720 WARN  ratis.RaftTestUtil (JavaUtils.java:attempt(158)) - FAILED "waitForLeader-null-(expectLeader? true)", attempt #94/100: java.lang.IllegalStateException: No leader yet : printing ALL groups
  s3:  RUNNING  FOLLOWER s3@group-A1B89BB4020A:t12, leader=null, voted=s2, raftlog=s3@group-A1B89BB4020A-SegmentedRaftLog:OPENED:c-1,f-1,i0, conf=-1: [s3:0.0.0.0:34761, s4:0.0.0.0:42956, s0:0.0.0.0:35561, s1:0.0.0.0:38095, s2:0.0.0.0:39611], old=null RUNNING
  s4:  RUNNING  FOLLOWER s4@group-A1B89BB4020A:t12, leader=null, voted=s2, raftlog=s4@group-A1B89BB4020A-SegmentedRaftLog:OPENED:c-1,f0,i0, conf=0: [s3:0.0.0.0:34761, s4:0.0.0.0:42956, s0:0.0.0.0:35561, s1:0.0.0.0:38095, s2:0.0.0.0:39611], old=null RUNNING
  s0:  RUNNING  FOLLOWER s0@group-A1B89BB4020A:t12, leader=null, voted=s2, raftlog=s0@group-A1B89BB4020A-SegmentedRaftLog:OPENED:c-1,f0,i0, conf=0: [s3:0.0.0.0:34761, s4:0.0.0.0:42956, s0:0.0.0.0:35561, s1:0.0.0.0:38095, s2:0.0.0.0:39611], old=null RUNNING
  s1:  RUNNING  FOLLOWER s1@group-A1B89BB4020A:t12, leader=null, voted=s2, raftlog=s1@group-A1B89BB4020A-SegmentedRaftLog:OPENED:c-1,f0,i0, conf=0: [s3:0.0.0.0:34761, s4:0.0.0.0:42956, s0:0.0.0.0:35561, s1:0.0.0.0:38095, s2:0.0.0.0:39611], old=null RUNNING
  s2:  RUNNING CANDIDATE s2@group-A1B89BB4020A:t12, leader=null, voted=s2, raftlog=s2@group-A1B89BB4020A-SegmentedRaftLog:OPENED:c-1,f0,i0, conf=0: [s3:0.0.0.0:34761, s4:0.0.0.0:42956, s0:0.0.0.0:35561, s1:0.0.0.0:38095, s2:0.0.0.0:39611], old=null RUNNING, sleep 450ms and then retry.
java.lang.IllegalStateException: No leader yet : printing ALL groups
  s3:  RUNNING  FOLLOWER s3@group-A1B89BB4020A:t12, leader=null, voted=s2, raftlog=s3@group-A1B89BB4020A-SegmentedRaftLog:OPENED:c-1,f-1,i0, conf=-1: [s3:0.0.0.0:34761, s4:0.0.0.0:42956, s0:0.0.0.0:35561, s1:0.0.0.0:38095, s2:0.0.0.0:39611], old=null RUNNING
  s4:  RUNNING  FOLLOWER s4@group-A1B89BB4020A:t12, leader=null, voted=s2, raftlog=s4@group-A1B89BB4020A-SegmentedRaftLog:OPENED:c-1,f0,i0, conf=0: [s3:0.0.0.0:34761, s4:0.0.0.0:42956, s0:0.0.0.0:35561, s1:0.0.0.0:38095, s2:0.0.0.0:39611], old=null RUNNING
  s0:  RUNNING  FOLLOWER s0@group-A1B89BB4020A:t12, leader=null, voted=s2, raftlog=s0@group-A1B89BB4020A-SegmentedRaftLog:OPENED:c-1,f0,i0, conf=0: [s3:0.0.0.0:34761, s4:0.0.0.0:42956, s0:0.0.0.0:35561, s1:0.0.0.0:38095, s2:0.0.0.0:39611], old=null RUNNING
  s1:  RUNNING  FOLLOWER s1@group-A1B89BB4020A:t12, leader=null, voted=s2, raftlog=s1@group-A1B89BB4020A-SegmentedRaftLog:OPENED:c-1,f0,i0, conf=0: [s3:0.0.0.0:34761, s4:0.0.0.0:42956, s0:0.0.0.0:35561, s1:0.0.0.0:38095, s2:0.0.0.0:39611], old=null RUNNING
  s2:  RUNNING CANDIDATE s2@group-A1B89BB4020A:t12, leader=null, voted=s2, raftlog=s2@group-A1B89BB4020A-SegmentedRaftLog:OPENED:c-1,f0,i0, conf=0: [s3:0.0.0.0:34761, s4:0.0.0.0:42956, s0:0.0.0.0:35561, s1:0.0.0.0:38095, s2:0.0.0.0:39611], old=null RUNNING
	at org.apache.ratis.MiniRaftCluster.newIllegalStateExceptionForNoLeaders(MiniRaftCluster.java:506)
	at org.apache.ratis.RaftTestUtil.lambda$waitForLeader$1(RaftTestUtil.java:90)
	at org.apache.ratis.MiniRaftCluster.getLeader(MiniRaftCluster.java:539)
	at org.apache.ratis.MiniRaftCluster.getLeader(MiniRaftCluster.java:532)
	at org.apache.ratis.RaftTestUtil.lambda$waitForLeader$3(RaftTestUtil.java:98)
	at org.apache.ratis.util.JavaUtils.attempt(JavaUtils.java:152)
	at org.apache.ratis.RaftTestUtil.waitForLeader(RaftTestUtil.java:97)
	at org.apache.ratis.RaftTestUtil.waitForLeader(RaftTestUtil.java:77)
	at org.apache.ratis.RaftTestUtil.waitForLeader(RaftTestUtil.java:72)
	at org.apache.ratis.RaftBasicTests.runTestOldLeaderNotCommit(RaftBasicTests.java:218)
	at org.apache.ratis.MiniRaftCluster$Factory$Get.runWithNewCluster(MiniRaftCluster.java:125)
	at org.apache.ratis.MiniRaftCluster$Factory$Get.runWithNewCluster(MiniRaftCluster.java:113)
	at org.apache.ratis.RaftBasicTests.testOldLeaderNotCommit(RaftBasicTests.java:214)
	at sun.reflect.NativeMethodAccessorImpl.invoke0(Native Method)
	at sun.reflect.NativeMethodAccessorImpl.invoke(NativeMethodAccessorImpl.java:62)
	at sun.reflect.DelegatingMethodAccessorImpl.invoke(DelegatingMethodAccessorImpl.java:43)
	at java.lang.reflect.Method.invoke(Method.java:498)
	at org.junit.runners.model.FrameworkMethod$1.runReflectiveCall(FrameworkMethod.java:50)
	at org.junit.internal.runners.model.ReflectiveCallable.run(ReflectiveCallable.java:12)
	at org.junit.runners.model.FrameworkMethod.invokeExplosively(FrameworkMethod.java:47)
	at org.junit.internal.runners.statements.InvokeMethod.evaluate(InvokeMethod.java:17)
	at org.junit.internal.runners.statements.RunAfters.evaluate(RunAfters.java:27)
	at org.junit.internal.runners.statements.FailOnTimeout$CallableStatement.call(FailOnTimeout.java:298)
	at org.junit.internal.runners.statements.FailOnTimeout$CallableStatement.call(FailOnTimeout.java:292)
	at java.util.concurrent.FutureTask.run(FutureTask.java:266)
	at java.lang.Thread.run(Thread.java:748)
2019-09-24 16:44:47,864 INFO  impl.LeaderElection (LeaderElection.java:logAndReturn(56)) - s2@group-A1B89BB4020A-LeaderElection173: Election TIMEOUT; received 0 response(s) [] and 0 exception(s); s2@group-A1B89BB4020A:t12, leader=null, voted=s2, raftlog=s2@group-A1B89BB4020A-SegmentedRaftLog:OPENED:c-1,f0,i0, conf=0: [s3:0.0.0.0:34761, s4:0.0.0.0:42956, s0:0.0.0.0:35561, s1:0.0.0.0:38095, s2:0.0.0.0:39611], old=null
2019-09-24 16:44:48,171 WARN  ratis.RaftTestUtil (JavaUtils.java:attempt(158)) - FAILED "waitForLeader-null-(expectLeader? true)", attempt #95/100: java.lang.IllegalStateException: No leader yet : printing ALL groups
  s3:  RUNNING  FOLLOWER s3@group-A1B89BB4020A:t12, leader=null, voted=s2, raftlog=s3@group-A1B89BB4020A-SegmentedRaftLog:OPENED:c-1,f-1,i0, conf=-1: [s3:0.0.0.0:34761, s4:0.0.0.0:42956, s0:0.0.0.0:35561, s1:0.0.0.0:38095, s2:0.0.0.0:39611], old=null RUNNING
  s4:  RUNNING  FOLLOWER s4@group-A1B89BB4020A:t12, leader=null, voted=s2, raftlog=s4@group-A1B89BB4020A-SegmentedRaftLog:OPENED:c-1,f0,i0, conf=0: [s3:0.0.0.0:34761, s4:0.0.0.0:42956, s0:0.0.0.0:35561, s1:0.0.0.0:38095, s2:0.0.0.0:39611], old=null RUNNING
  s0:  RUNNING  FOLLOWER s0@group-A1B89BB4020A:t12, leader=null, voted=s2, raftlog=s0@group-A1B89BB4020A-SegmentedRaftLog:OPENED:c-1,f0,i0, conf=0: [s3:0.0.0.0:34761, s4:0.0.0.0:42956, s0:0.0.0.0:35561, s1:0.0.0.0:38095, s2:0.0.0.0:39611], old=null RUNNING
  s1:  RUNNING  FOLLOWER s1@group-A1B89BB4020A:t12, leader=null, voted=s2, raftlog=s1@group-A1B89BB4020A-SegmentedRaftLog:OPENED:c-1,f0,i0, conf=0: [s3:0.0.0.0:34761, s4:0.0.0.0:42956, s0:0.0.0.0:35561, s1:0.0.0.0:38095, s2:0.0.0.0:39611], old=null RUNNING
  s2:  RUNNING CANDIDATE s2@group-A1B89BB4020A:t13, leader=null, voted=s2, raftlog=s2@group-A1B89BB4020A-SegmentedRaftLog:OPENED:c-1,f0,i0, conf=0: [s3:0.0.0.0:34761, s4:0.0.0.0:42956, s0:0.0.0.0:35561, s1:0.0.0.0:38095, s2:0.0.0.0:39611], old=null RUNNING, sleep 450ms and then retry.
java.lang.IllegalStateException: No leader yet : printing ALL groups
  s3:  RUNNING  FOLLOWER s3@group-A1B89BB4020A:t12, leader=null, voted=s2, raftlog=s3@group-A1B89BB4020A-SegmentedRaftLog:OPENED:c-1,f-1,i0, conf=-1: [s3:0.0.0.0:34761, s4:0.0.0.0:42956, s0:0.0.0.0:35561, s1:0.0.0.0:38095, s2:0.0.0.0:39611], old=null RUNNING
  s4:  RUNNING  FOLLOWER s4@group-A1B89BB4020A:t12, leader=null, voted=s2, raftlog=s4@group-A1B89BB4020A-SegmentedRaftLog:OPENED:c-1,f0,i0, conf=0: [s3:0.0.0.0:34761, s4:0.0.0.0:42956, s0:0.0.0.0:35561, s1:0.0.0.0:38095, s2:0.0.0.0:39611], old=null RUNNING
  s0:  RUNNING  FOLLOWER s0@group-A1B89BB4020A:t12, leader=null, voted=s2, raftlog=s0@group-A1B89BB4020A-SegmentedRaftLog:OPENED:c-1,f0,i0, conf=0: [s3:0.0.0.0:34761, s4:0.0.0.0:42956, s0:0.0.0.0:35561, s1:0.0.0.0:38095, s2:0.0.0.0:39611], old=null RUNNING
  s1:  RUNNING  FOLLOWER s1@group-A1B89BB4020A:t12, leader=null, voted=s2, raftlog=s1@group-A1B89BB4020A-SegmentedRaftLog:OPENED:c-1,f0,i0, conf=0: [s3:0.0.0.0:34761, s4:0.0.0.0:42956, s0:0.0.0.0:35561, s1:0.0.0.0:38095, s2:0.0.0.0:39611], old=null RUNNING
  s2:  RUNNING CANDIDATE s2@group-A1B89BB4020A:t13, leader=null, voted=s2, raftlog=s2@group-A1B89BB4020A-SegmentedRaftLog:OPENED:c-1,f0,i0, conf=0: [s3:0.0.0.0:34761, s4:0.0.0.0:42956, s0:0.0.0.0:35561, s1:0.0.0.0:38095, s2:0.0.0.0:39611], old=null RUNNING
	at org.apache.ratis.MiniRaftCluster.newIllegalStateExceptionForNoLeaders(MiniRaftCluster.java:506)
	at org.apache.ratis.RaftTestUtil.lambda$waitForLeader$1(RaftTestUtil.java:90)
	at org.apache.ratis.MiniRaftCluster.getLeader(MiniRaftCluster.java:539)
	at org.apache.ratis.MiniRaftCluster.getLeader(MiniRaftCluster.java:532)
	at org.apache.ratis.RaftTestUtil.lambda$waitForLeader$3(RaftTestUtil.java:98)
	at org.apache.ratis.util.JavaUtils.attempt(JavaUtils.java:152)
	at org.apache.ratis.RaftTestUtil.waitForLeader(RaftTestUtil.java:97)
	at org.apache.ratis.RaftTestUtil.waitForLeader(RaftTestUtil.java:77)
	at org.apache.ratis.RaftTestUtil.waitForLeader(RaftTestUtil.java:72)
	at org.apache.ratis.RaftBasicTests.runTestOldLeaderNotCommit(RaftBasicTests.java:218)
	at org.apache.ratis.MiniRaftCluster$Factory$Get.runWithNewCluster(MiniRaftCluster.java:125)
	at org.apache.ratis.MiniRaftCluster$Factory$Get.runWithNewCluster(MiniRaftCluster.java:113)
	at org.apache.ratis.RaftBasicTests.testOldLeaderNotCommit(RaftBasicTests.java:214)
	at sun.reflect.NativeMethodAccessorImpl.invoke0(Native Method)
	at sun.reflect.NativeMethodAccessorImpl.invoke(NativeMethodAccessorImpl.java:62)
	at sun.reflect.DelegatingMethodAccessorImpl.invoke(DelegatingMethodAccessorImpl.java:43)
	at java.lang.reflect.Method.invoke(Method.java:498)
	at org.junit.runners.model.FrameworkMethod$1.runReflectiveCall(FrameworkMethod.java:50)
	at org.junit.internal.runners.model.ReflectiveCallable.run(ReflectiveCallable.java:12)
	at org.junit.runners.model.FrameworkMethod.invokeExplosively(FrameworkMethod.java:47)
	at org.junit.internal.runners.statements.InvokeMethod.evaluate(InvokeMethod.java:17)
	at org.junit.internal.runners.statements.RunAfters.evaluate(RunAfters.java:27)
	at org.junit.internal.runners.statements.FailOnTimeout$CallableStatement.call(FailOnTimeout.java:298)
	at org.junit.internal.runners.statements.FailOnTimeout$CallableStatement.call(FailOnTimeout.java:292)
	at java.util.concurrent.FutureTask.run(FutureTask.java:266)
	at java.lang.Thread.run(Thread.java:748)
2019-09-24 16:44:48,623 WARN  ratis.RaftTestUtil (JavaUtils.java:attempt(158)) - FAILED "waitForLeader-null-(expectLeader? true)", attempt #96/100: java.lang.IllegalStateException: No leader yet : printing ALL groups
  s3:  RUNNING  FOLLOWER s3@group-A1B89BB4020A:t12, leader=null, voted=s2, raftlog=s3@group-A1B89BB4020A-SegmentedRaftLog:OPENED:c-1,f-1,i0, conf=-1: [s3:0.0.0.0:34761, s4:0.0.0.0:42956, s0:0.0.0.0:35561, s1:0.0.0.0:38095, s2:0.0.0.0:39611], old=null RUNNING
  s4:  RUNNING  FOLLOWER s4@group-A1B89BB4020A:t12, leader=null, voted=s2, raftlog=s4@group-A1B89BB4020A-SegmentedRaftLog:OPENED:c-1,f0,i0, conf=0: [s3:0.0.0.0:34761, s4:0.0.0.0:42956, s0:0.0.0.0:35561, s1:0.0.0.0:38095, s2:0.0.0.0:39611], old=null RUNNING
  s0:  RUNNING  FOLLOWER s0@group-A1B89BB4020A:t12, leader=null, voted=s2, raftlog=s0@group-A1B89BB4020A-SegmentedRaftLog:OPENED:c-1,f0,i0, conf=0: [s3:0.0.0.0:34761, s4:0.0.0.0:42956, s0:0.0.0.0:35561, s1:0.0.0.0:38095, s2:0.0.0.0:39611], old=null RUNNING
  s1:  RUNNING  FOLLOWER s1@group-A1B89BB4020A:t12, leader=null, voted=s2, raftlog=s1@group-A1B89BB4020A-SegmentedRaftLog:OPENED:c-1,f0,i0, conf=0: [s3:0.0.0.0:34761, s4:0.0.0.0:42956, s0:0.0.0.0:35561, s1:0.0.0.0:38095, s2:0.0.0.0:39611], old=null RUNNING
  s2:  RUNNING CANDIDATE s2@group-A1B89BB4020A:t13, leader=null, voted=s2, raftlog=s2@group-A1B89BB4020A-SegmentedRaftLog:OPENED:c-1,f0,i0, conf=0: [s3:0.0.0.0:34761, s4:0.0.0.0:42956, s0:0.0.0.0:35561, s1:0.0.0.0:38095, s2:0.0.0.0:39611], old=null RUNNING, sleep 450ms and then retry.
java.lang.IllegalStateException: No leader yet : printing ALL groups
  s3:  RUNNING  FOLLOWER s3@group-A1B89BB4020A:t12, leader=null, voted=s2, raftlog=s3@group-A1B89BB4020A-SegmentedRaftLog:OPENED:c-1,f-1,i0, conf=-1: [s3:0.0.0.0:34761, s4:0.0.0.0:42956, s0:0.0.0.0:35561, s1:0.0.0.0:38095, s2:0.0.0.0:39611], old=null RUNNING
  s4:  RUNNING  FOLLOWER s4@group-A1B89BB4020A:t12, leader=null, voted=s2, raftlog=s4@group-A1B89BB4020A-SegmentedRaftLog:OPENED:c-1,f0,i0, conf=0: [s3:0.0.0.0:34761, s4:0.0.0.0:42956, s0:0.0.0.0:35561, s1:0.0.0.0:38095, s2:0.0.0.0:39611], old=null RUNNING
  s0:  RUNNING  FOLLOWER s0@group-A1B89BB4020A:t12, leader=null, voted=s2, raftlog=s0@group-A1B89BB4020A-SegmentedRaftLog:OPENED:c-1,f0,i0, conf=0: [s3:0.0.0.0:34761, s4:0.0.0.0:42956, s0:0.0.0.0:35561, s1:0.0.0.0:38095, s2:0.0.0.0:39611], old=null RUNNING
  s1:  RUNNING  FOLLOWER s1@group-A1B89BB4020A:t12, leader=null, voted=s2, raftlog=s1@group-A1B89BB4020A-SegmentedRaftLog:OPENED:c-1,f0,i0, conf=0: [s3:0.0.0.0:34761, s4:0.0.0.0:42956, s0:0.0.0.0:35561, s1:0.0.0.0:38095, s2:0.0.0.0:39611], old=null RUNNING
  s2:  RUNNING CANDIDATE s2@group-A1B89BB4020A:t13, leader=null, voted=s2, raftlog=s2@group-A1B89BB4020A-SegmentedRaftLog:OPENED:c-1,f0,i0, conf=0: [s3:0.0.0.0:34761, s4:0.0.0.0:42956, s0:0.0.0.0:35561, s1:0.0.0.0:38095, s2:0.0.0.0:39611], old=null RUNNING
	at org.apache.ratis.MiniRaftCluster.newIllegalStateExceptionForNoLeaders(MiniRaftCluster.java:506)
	at org.apache.ratis.RaftTestUtil.lambda$waitForLeader$1(RaftTestUtil.java:90)
	at org.apache.ratis.MiniRaftCluster.getLeader(MiniRaftCluster.java:539)
	at org.apache.ratis.MiniRaftCluster.getLeader(MiniRaftCluster.java:532)
	at org.apache.ratis.RaftTestUtil.lambda$waitForLeader$3(RaftTestUtil.java:98)
	at org.apache.ratis.util.JavaUtils.attempt(JavaUtils.java:152)
	at org.apache.ratis.RaftTestUtil.waitForLeader(RaftTestUtil.java:97)
	at org.apache.ratis.RaftTestUtil.waitForLeader(RaftTestUtil.java:77)
	at org.apache.ratis.RaftTestUtil.waitForLeader(RaftTestUtil.java:72)
	at org.apache.ratis.RaftBasicTests.runTestOldLeaderNotCommit(RaftBasicTests.java:218)
	at org.apache.ratis.MiniRaftCluster$Factory$Get.runWithNewCluster(MiniRaftCluster.java:125)
	at org.apache.ratis.MiniRaftCluster$Factory$Get.runWithNewCluster(MiniRaftCluster.java:113)
	at org.apache.ratis.RaftBasicTests.testOldLeaderNotCommit(RaftBasicTests.java:214)
	at sun.reflect.NativeMethodAccessorImpl.invoke0(Native Method)
	at sun.reflect.NativeMethodAccessorImpl.invoke(NativeMethodAccessorImpl.java:62)
	at sun.reflect.DelegatingMethodAccessorImpl.invoke(DelegatingMethodAccessorImpl.java:43)
	at java.lang.reflect.Method.invoke(Method.java:498)
	at org.junit.runners.model.FrameworkMethod$1.runReflectiveCall(FrameworkMethod.java:50)
	at org.junit.internal.runners.model.ReflectiveCallable.run(ReflectiveCallable.java:12)
	at org.junit.runners.model.FrameworkMethod.invokeExplosively(FrameworkMethod.java:47)
	at org.junit.internal.runners.statements.InvokeMethod.evaluate(InvokeMethod.java:17)
	at org.junit.internal.runners.statements.RunAfters.evaluate(RunAfters.java:27)
	at org.junit.internal.runners.statements.FailOnTimeout$CallableStatement.call(FailOnTimeout.java:298)
	at org.junit.internal.runners.statements.FailOnTimeout$CallableStatement.call(FailOnTimeout.java:292)
	at java.util.concurrent.FutureTask.run(FutureTask.java:266)
	at java.lang.Thread.run(Thread.java:748)
2019-09-24 16:44:49,074 WARN  ratis.RaftTestUtil (JavaUtils.java:attempt(158)) - FAILED "waitForLeader-null-(expectLeader? true)", attempt #97/100: java.lang.IllegalStateException: No leader yet : printing ALL groups
  s3:  RUNNING  FOLLOWER s3@group-A1B89BB4020A:t12, leader=null, voted=s2, raftlog=s3@group-A1B89BB4020A-SegmentedRaftLog:OPENED:c-1,f-1,i0, conf=-1: [s3:0.0.0.0:34761, s4:0.0.0.0:42956, s0:0.0.0.0:35561, s1:0.0.0.0:38095, s2:0.0.0.0:39611], old=null RUNNING
  s4:  RUNNING  FOLLOWER s4@group-A1B89BB4020A:t12, leader=null, voted=s2, raftlog=s4@group-A1B89BB4020A-SegmentedRaftLog:OPENED:c-1,f0,i0, conf=0: [s3:0.0.0.0:34761, s4:0.0.0.0:42956, s0:0.0.0.0:35561, s1:0.0.0.0:38095, s2:0.0.0.0:39611], old=null RUNNING
  s0:  RUNNING  FOLLOWER s0@group-A1B89BB4020A:t12, leader=null, voted=s2, raftlog=s0@group-A1B89BB4020A-SegmentedRaftLog:OPENED:c-1,f0,i0, conf=0: [s3:0.0.0.0:34761, s4:0.0.0.0:42956, s0:0.0.0.0:35561, s1:0.0.0.0:38095, s2:0.0.0.0:39611], old=null RUNNING
  s1:  RUNNING  FOLLOWER s1@group-A1B89BB4020A:t12, leader=null, voted=s2, raftlog=s1@group-A1B89BB4020A-SegmentedRaftLog:OPENED:c-1,f0,i0, conf=0: [s3:0.0.0.0:34761, s4:0.0.0.0:42956, s0:0.0.0.0:35561, s1:0.0.0.0:38095, s2:0.0.0.0:39611], old=null RUNNING
  s2:  RUNNING CANDIDATE s2@group-A1B89BB4020A:t13, leader=null, voted=s2, raftlog=s2@group-A1B89BB4020A-SegmentedRaftLog:OPENED:c-1,f0,i0, conf=0: [s3:0.0.0.0:34761, s4:0.0.0.0:42956, s0:0.0.0.0:35561, s1:0.0.0.0:38095, s2:0.0.0.0:39611], old=null RUNNING, sleep 450ms and then retry.
java.lang.IllegalStateException: No leader yet : printing ALL groups
  s3:  RUNNING  FOLLOWER s3@group-A1B89BB4020A:t12, leader=null, voted=s2, raftlog=s3@group-A1B89BB4020A-SegmentedRaftLog:OPENED:c-1,f-1,i0, conf=-1: [s3:0.0.0.0:34761, s4:0.0.0.0:42956, s0:0.0.0.0:35561, s1:0.0.0.0:38095, s2:0.0.0.0:39611], old=null RUNNING
  s4:  RUNNING  FOLLOWER s4@group-A1B89BB4020A:t12, leader=null, voted=s2, raftlog=s4@group-A1B89BB4020A-SegmentedRaftLog:OPENED:c-1,f0,i0, conf=0: [s3:0.0.0.0:34761, s4:0.0.0.0:42956, s0:0.0.0.0:35561, s1:0.0.0.0:38095, s2:0.0.0.0:39611], old=null RUNNING
  s0:  RUNNING  FOLLOWER s0@group-A1B89BB4020A:t12, leader=null, voted=s2, raftlog=s0@group-A1B89BB4020A-SegmentedRaftLog:OPENED:c-1,f0,i0, conf=0: [s3:0.0.0.0:34761, s4:0.0.0.0:42956, s0:0.0.0.0:35561, s1:0.0.0.0:38095, s2:0.0.0.0:39611], old=null RUNNING
  s1:  RUNNING  FOLLOWER s1@group-A1B89BB4020A:t12, leader=null, voted=s2, raftlog=s1@group-A1B89BB4020A-SegmentedRaftLog:OPENED:c-1,f0,i0, conf=0: [s3:0.0.0.0:34761, s4:0.0.0.0:42956, s0:0.0.0.0:35561, s1:0.0.0.0:38095, s2:0.0.0.0:39611], old=null RUNNING
  s2:  RUNNING CANDIDATE s2@group-A1B89BB4020A:t13, leader=null, voted=s2, raftlog=s2@group-A1B89BB4020A-SegmentedRaftLog:OPENED:c-1,f0,i0, conf=0: [s3:0.0.0.0:34761, s4:0.0.0.0:42956, s0:0.0.0.0:35561, s1:0.0.0.0:38095, s2:0.0.0.0:39611], old=null RUNNING
	at org.apache.ratis.MiniRaftCluster.newIllegalStateExceptionForNoLeaders(MiniRaftCluster.java:506)
	at org.apache.ratis.RaftTestUtil.lambda$waitForLeader$1(RaftTestUtil.java:90)
	at org.apache.ratis.MiniRaftCluster.getLeader(MiniRaftCluster.java:539)
	at org.apache.ratis.MiniRaftCluster.getLeader(MiniRaftCluster.java:532)
	at org.apache.ratis.RaftTestUtil.lambda$waitForLeader$3(RaftTestUtil.java:98)
	at org.apache.ratis.util.JavaUtils.attempt(JavaUtils.java:152)
	at org.apache.ratis.RaftTestUtil.waitForLeader(RaftTestUtil.java:97)
	at org.apache.ratis.RaftTestUtil.waitForLeader(RaftTestUtil.java:77)
	at org.apache.ratis.RaftTestUtil.waitForLeader(RaftTestUtil.java:72)
	at org.apache.ratis.RaftBasicTests.runTestOldLeaderNotCommit(RaftBasicTests.java:218)
	at org.apache.ratis.MiniRaftCluster$Factory$Get.runWithNewCluster(MiniRaftCluster.java:125)
	at org.apache.ratis.MiniRaftCluster$Factory$Get.runWithNewCluster(MiniRaftCluster.java:113)
	at org.apache.ratis.RaftBasicTests.testOldLeaderNotCommit(RaftBasicTests.java:214)
	at sun.reflect.NativeMethodAccessorImpl.invoke0(Native Method)
	at sun.reflect.NativeMethodAccessorImpl.invoke(NativeMethodAccessorImpl.java:62)
	at sun.reflect.DelegatingMethodAccessorImpl.invoke(DelegatingMethodAccessorImpl.java:43)
	at java.lang.reflect.Method.invoke(Method.java:498)
	at org.junit.runners.model.FrameworkMethod$1.runReflectiveCall(FrameworkMethod.java:50)
	at org.junit.internal.runners.model.ReflectiveCallable.run(ReflectiveCallable.java:12)
	at org.junit.runners.model.FrameworkMethod.invokeExplosively(FrameworkMethod.java:47)
	at org.junit.internal.runners.statements.InvokeMethod.evaluate(InvokeMethod.java:17)
	at org.junit.internal.runners.statements.RunAfters.evaluate(RunAfters.java:27)
	at org.junit.internal.runners.statements.FailOnTimeout$CallableStatement.call(FailOnTimeout.java:298)
	at org.junit.internal.runners.statements.FailOnTimeout$CallableStatement.call(FailOnTimeout.java:292)
	at java.util.concurrent.FutureTask.run(FutureTask.java:266)
	at java.lang.Thread.run(Thread.java:748)
2019-09-24 16:44:49,526 WARN  ratis.RaftTestUtil (JavaUtils.java:attempt(158)) - FAILED "waitForLeader-null-(expectLeader? true)", attempt #98/100: java.lang.IllegalStateException: No leader yet : printing ALL groups
  s3:  RUNNING  FOLLOWER s3@group-A1B89BB4020A:t12, leader=null, voted=s2, raftlog=s3@group-A1B89BB4020A-SegmentedRaftLog:OPENED:c-1,f-1,i0, conf=-1: [s3:0.0.0.0:34761, s4:0.0.0.0:42956, s0:0.0.0.0:35561, s1:0.0.0.0:38095, s2:0.0.0.0:39611], old=null RUNNING
  s4:  RUNNING  FOLLOWER s4@group-A1B89BB4020A:t12, leader=null, voted=s2, raftlog=s4@group-A1B89BB4020A-SegmentedRaftLog:OPENED:c-1,f0,i0, conf=0: [s3:0.0.0.0:34761, s4:0.0.0.0:42956, s0:0.0.0.0:35561, s1:0.0.0.0:38095, s2:0.0.0.0:39611], old=null RUNNING
  s0:  RUNNING  FOLLOWER s0@group-A1B89BB4020A:t12, leader=null, voted=s2, raftlog=s0@group-A1B89BB4020A-SegmentedRaftLog:OPENED:c-1,f0,i0, conf=0: [s3:0.0.0.0:34761, s4:0.0.0.0:42956, s0:0.0.0.0:35561, s1:0.0.0.0:38095, s2:0.0.0.0:39611], old=null RUNNING
  s1:  RUNNING  FOLLOWER s1@group-A1B89BB4020A:t12, leader=null, voted=s2, raftlog=s1@group-A1B89BB4020A-SegmentedRaftLog:OPENED:c-1,f0,i0, conf=0: [s3:0.0.0.0:34761, s4:0.0.0.0:42956, s0:0.0.0.0:35561, s1:0.0.0.0:38095, s2:0.0.0.0:39611], old=null RUNNING
  s2:  RUNNING CANDIDATE s2@group-A1B89BB4020A:t13, leader=null, voted=s2, raftlog=s2@group-A1B89BB4020A-SegmentedRaftLog:OPENED:c-1,f0,i0, conf=0: [s3:0.0.0.0:34761, s4:0.0.0.0:42956, s0:0.0.0.0:35561, s1:0.0.0.0:38095, s2:0.0.0.0:39611], old=null RUNNING, sleep 450ms and then retry.
java.lang.IllegalStateException: No leader yet : printing ALL groups
  s3:  RUNNING  FOLLOWER s3@group-A1B89BB4020A:t12, leader=null, voted=s2, raftlog=s3@group-A1B89BB4020A-SegmentedRaftLog:OPENED:c-1,f-1,i0, conf=-1: [s3:0.0.0.0:34761, s4:0.0.0.0:42956, s0:0.0.0.0:35561, s1:0.0.0.0:38095, s2:0.0.0.0:39611], old=null RUNNING
  s4:  RUNNING  FOLLOWER s4@group-A1B89BB4020A:t12, leader=null, voted=s2, raftlog=s4@group-A1B89BB4020A-SegmentedRaftLog:OPENED:c-1,f0,i0, conf=0: [s3:0.0.0.0:34761, s4:0.0.0.0:42956, s0:0.0.0.0:35561, s1:0.0.0.0:38095, s2:0.0.0.0:39611], old=null RUNNING
  s0:  RUNNING  FOLLOWER s0@group-A1B89BB4020A:t12, leader=null, voted=s2, raftlog=s0@group-A1B89BB4020A-SegmentedRaftLog:OPENED:c-1,f0,i0, conf=0: [s3:0.0.0.0:34761, s4:0.0.0.0:42956, s0:0.0.0.0:35561, s1:0.0.0.0:38095, s2:0.0.0.0:39611], old=null RUNNING
  s1:  RUNNING  FOLLOWER s1@group-A1B89BB4020A:t12, leader=null, voted=s2, raftlog=s1@group-A1B89BB4020A-SegmentedRaftLog:OPENED:c-1,f0,i0, conf=0: [s3:0.0.0.0:34761, s4:0.0.0.0:42956, s0:0.0.0.0:35561, s1:0.0.0.0:38095, s2:0.0.0.0:39611], old=null RUNNING
  s2:  RUNNING CANDIDATE s2@group-A1B89BB4020A:t13, leader=null, voted=s2, raftlog=s2@group-A1B89BB4020A-SegmentedRaftLog:OPENED:c-1,f0,i0, conf=0: [s3:0.0.0.0:34761, s4:0.0.0.0:42956, s0:0.0.0.0:35561, s1:0.0.0.0:38095, s2:0.0.0.0:39611], old=null RUNNING
	at org.apache.ratis.MiniRaftCluster.newIllegalStateExceptionForNoLeaders(MiniRaftCluster.java:506)
	at org.apache.ratis.RaftTestUtil.lambda$waitForLeader$1(RaftTestUtil.java:90)
	at org.apache.ratis.MiniRaftCluster.getLeader(MiniRaftCluster.java:539)
	at org.apache.ratis.MiniRaftCluster.getLeader(MiniRaftCluster.java:532)
	at org.apache.ratis.RaftTestUtil.lambda$waitForLeader$3(RaftTestUtil.java:98)
	at org.apache.ratis.util.JavaUtils.attempt(JavaUtils.java:152)
	at org.apache.ratis.RaftTestUtil.waitForLeader(RaftTestUtil.java:97)
	at org.apache.ratis.RaftTestUtil.waitForLeader(RaftTestUtil.java:77)
	at org.apache.ratis.RaftTestUtil.waitForLeader(RaftTestUtil.java:72)
	at org.apache.ratis.RaftBasicTests.runTestOldLeaderNotCommit(RaftBasicTests.java:218)
	at org.apache.ratis.MiniRaftCluster$Factory$Get.runWithNewCluster(MiniRaftCluster.java:125)
	at org.apache.ratis.MiniRaftCluster$Factory$Get.runWithNewCluster(MiniRaftCluster.java:113)
	at org.apache.ratis.RaftBasicTests.testOldLeaderNotCommit(RaftBasicTests.java:214)
	at sun.reflect.NativeMethodAccessorImpl.invoke0(Native Method)
	at sun.reflect.NativeMethodAccessorImpl.invoke(NativeMethodAccessorImpl.java:62)
	at sun.reflect.DelegatingMethodAccessorImpl.invoke(DelegatingMethodAccessorImpl.java:43)
	at java.lang.reflect.Method.invoke(Method.java:498)
	at org.junit.runners.model.FrameworkMethod$1.runReflectiveCall(FrameworkMethod.java:50)
	at org.junit.internal.runners.model.ReflectiveCallable.run(ReflectiveCallable.java:12)
	at org.junit.runners.model.FrameworkMethod.invokeExplosively(FrameworkMethod.java:47)
	at org.junit.internal.runners.statements.InvokeMethod.evaluate(InvokeMethod.java:17)
	at org.junit.internal.runners.statements.RunAfters.evaluate(RunAfters.java:27)
	at org.junit.internal.runners.statements.FailOnTimeout$CallableStatement.call(FailOnTimeout.java:298)
	at org.junit.internal.runners.statements.FailOnTimeout$CallableStatement.call(FailOnTimeout.java:292)
	at java.util.concurrent.FutureTask.run(FutureTask.java:266)
	at java.lang.Thread.run(Thread.java:748)
2019-09-24 16:44:49,977 WARN  ratis.RaftTestUtil (JavaUtils.java:attempt(158)) - FAILED "waitForLeader-null-(expectLeader? true)", attempt #99/100: java.lang.IllegalStateException: No leader yet : printing ALL groups
  s3:  RUNNING  FOLLOWER s3@group-A1B89BB4020A:t12, leader=null, voted=s2, raftlog=s3@group-A1B89BB4020A-SegmentedRaftLog:OPENED:c-1,f-1,i0, conf=-1: [s3:0.0.0.0:34761, s4:0.0.0.0:42956, s0:0.0.0.0:35561, s1:0.0.0.0:38095, s2:0.0.0.0:39611], old=null RUNNING
  s4:  RUNNING  FOLLOWER s4@group-A1B89BB4020A:t12, leader=null, voted=s2, raftlog=s4@group-A1B89BB4020A-SegmentedRaftLog:OPENED:c-1,f0,i0, conf=0: [s3:0.0.0.0:34761, s4:0.0.0.0:42956, s0:0.0.0.0:35561, s1:0.0.0.0:38095, s2:0.0.0.0:39611], old=null RUNNING
  s0:  RUNNING  FOLLOWER s0@group-A1B89BB4020A:t12, leader=null, voted=s2, raftlog=s0@group-A1B89BB4020A-SegmentedRaftLog:OPENED:c-1,f0,i0, conf=0: [s3:0.0.0.0:34761, s4:0.0.0.0:42956, s0:0.0.0.0:35561, s1:0.0.0.0:38095, s2:0.0.0.0:39611], old=null RUNNING
  s1:  RUNNING  FOLLOWER s1@group-A1B89BB4020A:t12, leader=null, voted=s2, raftlog=s1@group-A1B89BB4020A-SegmentedRaftLog:OPENED:c-1,f0,i0, conf=0: [s3:0.0.0.0:34761, s4:0.0.0.0:42956, s0:0.0.0.0:35561, s1:0.0.0.0:38095, s2:0.0.0.0:39611], old=null RUNNING
  s2:  RUNNING CANDIDATE s2@group-A1B89BB4020A:t13, leader=null, voted=s2, raftlog=s2@group-A1B89BB4020A-SegmentedRaftLog:OPENED:c-1,f0,i0, conf=0: [s3:0.0.0.0:34761, s4:0.0.0.0:42956, s0:0.0.0.0:35561, s1:0.0.0.0:38095, s2:0.0.0.0:39611], old=null RUNNING, sleep 450ms and then retry.
java.lang.IllegalStateException: No leader yet : printing ALL groups
  s3:  RUNNING  FOLLOWER s3@group-A1B89BB4020A:t12, leader=null, voted=s2, raftlog=s3@group-A1B89BB4020A-SegmentedRaftLog:OPENED:c-1,f-1,i0, conf=-1: [s3:0.0.0.0:34761, s4:0.0.0.0:42956, s0:0.0.0.0:35561, s1:0.0.0.0:38095, s2:0.0.0.0:39611], old=null RUNNING
  s4:  RUNNING  FOLLOWER s4@group-A1B89BB4020A:t12, leader=null, voted=s2, raftlog=s4@group-A1B89BB4020A-SegmentedRaftLog:OPENED:c-1,f0,i0, conf=0: [s3:0.0.0.0:34761, s4:0.0.0.0:42956, s0:0.0.0.0:35561, s1:0.0.0.0:38095, s2:0.0.0.0:39611], old=null RUNNING
  s0:  RUNNING  FOLLOWER s0@group-A1B89BB4020A:t12, leader=null, voted=s2, raftlog=s0@group-A1B89BB4020A-SegmentedRaftLog:OPENED:c-1,f0,i0, conf=0: [s3:0.0.0.0:34761, s4:0.0.0.0:42956, s0:0.0.0.0:35561, s1:0.0.0.0:38095, s2:0.0.0.0:39611], old=null RUNNING
  s1:  RUNNING  FOLLOWER s1@group-A1B89BB4020A:t12, leader=null, voted=s2, raftlog=s1@group-A1B89BB4020A-SegmentedRaftLog:OPENED:c-1,f0,i0, conf=0: [s3:0.0.0.0:34761, s4:0.0.0.0:42956, s0:0.0.0.0:35561, s1:0.0.0.0:38095, s2:0.0.0.0:39611], old=null RUNNING
  s2:  RUNNING CANDIDATE s2@group-A1B89BB4020A:t13, leader=null, voted=s2, raftlog=s2@group-A1B89BB4020A-SegmentedRaftLog:OPENED:c-1,f0,i0, conf=0: [s3:0.0.0.0:34761, s4:0.0.0.0:42956, s0:0.0.0.0:35561, s1:0.0.0.0:38095, s2:0.0.0.0:39611], old=null RUNNING
	at org.apache.ratis.MiniRaftCluster.newIllegalStateExceptionForNoLeaders(MiniRaftCluster.java:506)
	at org.apache.ratis.RaftTestUtil.lambda$waitForLeader$1(RaftTestUtil.java:90)
	at org.apache.ratis.MiniRaftCluster.getLeader(MiniRaftCluster.java:539)
	at org.apache.ratis.MiniRaftCluster.getLeader(MiniRaftCluster.java:532)
	at org.apache.ratis.RaftTestUtil.lambda$waitForLeader$3(RaftTestUtil.java:98)
	at org.apache.ratis.util.JavaUtils.attempt(JavaUtils.java:152)
	at org.apache.ratis.RaftTestUtil.waitForLeader(RaftTestUtil.java:97)
	at org.apache.ratis.RaftTestUtil.waitForLeader(RaftTestUtil.java:77)
	at org.apache.ratis.RaftTestUtil.waitForLeader(RaftTestUtil.java:72)
	at org.apache.ratis.RaftBasicTests.runTestOldLeaderNotCommit(RaftBasicTests.java:218)
	at org.apache.ratis.MiniRaftCluster$Factory$Get.runWithNewCluster(MiniRaftCluster.java:125)
	at org.apache.ratis.MiniRaftCluster$Factory$Get.runWithNewCluster(MiniRaftCluster.java:113)
	at org.apache.ratis.RaftBasicTests.testOldLeaderNotCommit(RaftBasicTests.java:214)
	at sun.reflect.NativeMethodAccessorImpl.invoke0(Native Method)
	at sun.reflect.NativeMethodAccessorImpl.invoke(NativeMethodAccessorImpl.java:62)
	at sun.reflect.DelegatingMethodAccessorImpl.invoke(DelegatingMethodAccessorImpl.java:43)
	at java.lang.reflect.Method.invoke(Method.java:498)
	at org.junit.runners.model.FrameworkMethod$1.runReflectiveCall(FrameworkMethod.java:50)
	at org.junit.internal.runners.model.ReflectiveCallable.run(ReflectiveCallable.java:12)
	at org.junit.runners.model.FrameworkMethod.invokeExplosively(FrameworkMethod.java:47)
	at org.junit.internal.runners.statements.InvokeMethod.evaluate(InvokeMethod.java:17)
	at org.junit.internal.runners.statements.RunAfters.evaluate(RunAfters.java:27)
	at org.junit.internal.runners.statements.FailOnTimeout$CallableStatement.call(FailOnTimeout.java:298)
	at org.junit.internal.runners.statements.FailOnTimeout$CallableStatement.call(FailOnTimeout.java:292)
	at java.util.concurrent.FutureTask.run(FutureTask.java:266)
	at java.lang.Thread.run(Thread.java:748)
2019-09-24 16:44:50,428 INFO  ratis.MiniRaftCluster (MiniRaftCluster.java:runWithNewCluster(127)) - printing ALL groups
  s3:  RUNNING  FOLLOWER s3@group-A1B89BB4020A:t12, leader=null, voted=s2, raftlog=s3@group-A1B89BB4020A-SegmentedRaftLog:OPENED:c-1,f-1,i0, conf=-1: [s3:0.0.0.0:34761, s4:0.0.0.0:42956, s0:0.0.0.0:35561, s1:0.0.0.0:38095, s2:0.0.0.0:39611], old=null RUNNING
  s4:  RUNNING  FOLLOWER s4@group-A1B89BB4020A:t12, leader=null, voted=s2, raftlog=s4@group-A1B89BB4020A-SegmentedRaftLog:OPENED:c-1,f0,i0, conf=0: [s3:0.0.0.0:34761, s4:0.0.0.0:42956, s0:0.0.0.0:35561, s1:0.0.0.0:38095, s2:0.0.0.0:39611], old=null RUNNING
  s0:  RUNNING  FOLLOWER s0@group-A1B89BB4020A:t12, leader=null, voted=s2, raftlog=s0@group-A1B89BB4020A-SegmentedRaftLog:OPENED:c-1,f0,i0, conf=0: [s3:0.0.0.0:34761, s4:0.0.0.0:42956, s0:0.0.0.0:35561, s1:0.0.0.0:38095, s2:0.0.0.0:39611], old=null RUNNING
  s1:  RUNNING  FOLLOWER s1@group-A1B89BB4020A:t12, leader=null, voted=s2, raftlog=s1@group-A1B89BB4020A-SegmentedRaftLog:OPENED:c-1,f0,i0, conf=0: [s3:0.0.0.0:34761, s4:0.0.0.0:42956, s0:0.0.0.0:35561, s1:0.0.0.0:38095, s2:0.0.0.0:39611], old=null RUNNING
  s2:  RUNNING CANDIDATE s2@group-A1B89BB4020A:t13, leader=null, voted=s2, raftlog=s2@group-A1B89BB4020A-SegmentedRaftLog:OPENED:c-1,f0,i0, conf=0: [s3:0.0.0.0:34761, s4:0.0.0.0:42956, s0:0.0.0.0:35561, s1:0.0.0.0:38095, s2:0.0.0.0:39611], old=null RUNNING
2019-09-24 16:44:50,429 ERROR ratis.MiniRaftCluster (MiniRaftCluster.java:runWithNewCluster(128)) - Failed org.apache.ratis.MiniRaftCluster$Factory$Get.runWithNewCluster(MiniRaftCluster.java:113)
java.lang.IllegalStateException: No leader yet : printing ALL groups
  s3:  RUNNING  FOLLOWER s3@group-A1B89BB4020A:t12, leader=null, voted=s2, raftlog=s3@group-A1B89BB4020A-SegmentedRaftLog:OPENED:c-1,f-1,i0, conf=-1: [s3:0.0.0.0:34761, s4:0.0.0.0:42956, s0:0.0.0.0:35561, s1:0.0.0.0:38095, s2:0.0.0.0:39611], old=null RUNNING
  s4:  RUNNING  FOLLOWER s4@group-A1B89BB4020A:t12, leader=null, voted=s2, raftlog=s4@group-A1B89BB4020A-SegmentedRaftLog:OPENED:c-1,f0,i0, conf=0: [s3:0.0.0.0:34761, s4:0.0.0.0:42956, s0:0.0.0.0:35561, s1:0.0.0.0:38095, s2:0.0.0.0:39611], old=null RUNNING
  s0:  RUNNING  FOLLOWER s0@group-A1B89BB4020A:t12, leader=null, voted=s2, raftlog=s0@group-A1B89BB4020A-SegmentedRaftLog:OPENED:c-1,f0,i0, conf=0: [s3:0.0.0.0:34761, s4:0.0.0.0:42956, s0:0.0.0.0:35561, s1:0.0.0.0:38095, s2:0.0.0.0:39611], old=null RUNNING
  s1:  RUNNING  FOLLOWER s1@group-A1B89BB4020A:t12, leader=null, voted=s2, raftlog=s1@group-A1B89BB4020A-SegmentedRaftLog:OPENED:c-1,f0,i0, conf=0: [s3:0.0.0.0:34761, s4:0.0.0.0:42956, s0:0.0.0.0:35561, s1:0.0.0.0:38095, s2:0.0.0.0:39611], old=null RUNNING
  s2:  RUNNING CANDIDATE s2@group-A1B89BB4020A:t13, leader=null, voted=s2, raftlog=s2@group-A1B89BB4020A-SegmentedRaftLog:OPENED:c-1,f0,i0, conf=0: [s3:0.0.0.0:34761, s4:0.0.0.0:42956, s0:0.0.0.0:35561, s1:0.0.0.0:38095, s2:0.0.0.0:39611], old=null RUNNING
	at org.apache.ratis.MiniRaftCluster.newIllegalStateExceptionForNoLeaders(MiniRaftCluster.java:506)
	at org.apache.ratis.RaftTestUtil.lambda$waitForLeader$1(RaftTestUtil.java:90)
	at org.apache.ratis.MiniRaftCluster.getLeader(MiniRaftCluster.java:539)
	at org.apache.ratis.MiniRaftCluster.getLeader(MiniRaftCluster.java:532)
	at org.apache.ratis.RaftTestUtil.lambda$waitForLeader$3(RaftTestUtil.java:98)
	at org.apache.ratis.util.JavaUtils.attempt(JavaUtils.java:152)
	at org.apache.ratis.RaftTestUtil.waitForLeader(RaftTestUtil.java:97)
	at org.apache.ratis.RaftTestUtil.waitForLeader(RaftTestUtil.java:77)
	at org.apache.ratis.RaftTestUtil.waitForLeader(RaftTestUtil.java:72)
	at org.apache.ratis.RaftBasicTests.runTestOldLeaderNotCommit(RaftBasicTests.java:218)
	at org.apache.ratis.MiniRaftCluster$Factory$Get.runWithNewCluster(MiniRaftCluster.java:125)
	at org.apache.ratis.MiniRaftCluster$Factory$Get.runWithNewCluster(MiniRaftCluster.java:113)
	at org.apache.ratis.RaftBasicTests.testOldLeaderNotCommit(RaftBasicTests.java:214)
	at sun.reflect.NativeMethodAccessorImpl.invoke0(Native Method)
	at sun.reflect.NativeMethodAccessorImpl.invoke(NativeMethodAccessorImpl.java:62)
	at sun.reflect.DelegatingMethodAccessorImpl.invoke(DelegatingMethodAccessorImpl.java:43)
	at java.lang.reflect.Method.invoke(Method.java:498)
	at org.junit.runners.model.FrameworkMethod$1.runReflectiveCall(FrameworkMethod.java:50)
	at org.junit.internal.runners.model.ReflectiveCallable.run(ReflectiveCallable.java:12)
	at org.junit.runners.model.FrameworkMethod.invokeExplosively(FrameworkMethod.java:47)
	at org.junit.internal.runners.statements.InvokeMethod.evaluate(InvokeMethod.java:17)
	at org.junit.internal.runners.statements.RunAfters.evaluate(RunAfters.java:27)
	at org.junit.internal.runners.statements.FailOnTimeout$CallableStatement.call(FailOnTimeout.java:298)
	at org.junit.internal.runners.statements.FailOnTimeout$CallableStatement.call(FailOnTimeout.java:292)
	at java.util.concurrent.FutureTask.run(FutureTask.java:266)
	at java.lang.Thread.run(Thread.java:748)
2019-09-24 16:44:50,429 INFO  ratis.MiniRaftCluster (MiniRaftCluster.java:shutdown(700)) - ************************************************************** 
2019-09-24 16:44:50,429 INFO  ratis.MiniRaftCluster (MiniRaftCluster.java:shutdown(701)) - *** 
2019-09-24 16:44:50,430 INFO  ratis.MiniRaftCluster (MiniRaftCluster.java:shutdown(702)) - ***     Stopping MiniRaftClusterWithNetty
2019-09-24 16:44:50,430 INFO  ratis.MiniRaftCluster (MiniRaftCluster.java:shutdown(703)) - *** 
2019-09-24 16:44:50,430 INFO  ratis.MiniRaftCluster (MiniRaftCluster.java:shutdown(704)) - ************************************************************** 
2019-09-24 16:44:50,430 INFO  ratis.MiniRaftCluster (MiniRaftCluster.java:shutdown(705)) - printing ALL groups
  s3:  RUNNING  FOLLOWER s3@group-A1B89BB4020A:t12, leader=null, voted=s2, raftlog=s3@group-A1B89BB4020A-SegmentedRaftLog:OPENED:c-1,f-1,i0, conf=-1: [s3:0.0.0.0:34761, s4:0.0.0.0:42956, s0:0.0.0.0:35561, s1:0.0.0.0:38095, s2:0.0.0.0:39611], old=null RUNNING
  s4:  RUNNING  FOLLOWER s4@group-A1B89BB4020A:t12, leader=null, voted=s2, raftlog=s4@group-A1B89BB4020A-SegmentedRaftLog:OPENED:c-1,f0,i0, conf=0: [s3:0.0.0.0:34761, s4:0.0.0.0:42956, s0:0.0.0.0:35561, s1:0.0.0.0:38095, s2:0.0.0.0:39611], old=null RUNNING
  s0:  RUNNING  FOLLOWER s0@group-A1B89BB4020A:t12, leader=null, voted=s2, raftlog=s0@group-A1B89BB4020A-SegmentedRaftLog:OPENED:c-1,f0,i0, conf=0: [s3:0.0.0.0:34761, s4:0.0.0.0:42956, s0:0.0.0.0:35561, s1:0.0.0.0:38095, s2:0.0.0.0:39611], old=null RUNNING
  s1:  RUNNING  FOLLOWER s1@group-A1B89BB4020A:t12, leader=null, voted=s2, raftlog=s1@group-A1B89BB4020A-SegmentedRaftLog:OPENED:c-1,f0,i0, conf=0: [s3:0.0.0.0:34761, s4:0.0.0.0:42956, s0:0.0.0.0:35561, s1:0.0.0.0:38095, s2:0.0.0.0:39611], old=null RUNNING
  s2:  RUNNING CANDIDATE s2@group-A1B89BB4020A:t13, leader=null, voted=s2, raftlog=s2@group-A1B89BB4020A-SegmentedRaftLog:OPENED:c-1,f0,i0, conf=0: [s3:0.0.0.0:34761, s4:0.0.0.0:42956, s0:0.0.0.0:35561, s1:0.0.0.0:38095, s2:0.0.0.0:39611], old=null RUNNING
2019-09-24 16:44:50,431 INFO  impl.RaftServerProxy (RaftServerProxy.java:lambda$close$4(314)) - s3: close
2019-09-24 16:44:50,432 INFO  impl.RaftServerProxy (RaftServerProxy.java:lambda$close$4(314)) - s4: close
2019-09-24 16:44:50,432 INFO  impl.RaftServerImpl (RaftServerImpl.java:lambda$shutdown$3(247)) - s3@group-A1B89BB4020A: shutdown
2019-09-24 16:44:50,432 INFO  impl.RaftServerImpl (RaftServerImpl.java:lambda$shutdown$3(247)) - s4@group-A1B89BB4020A: shutdown
2019-09-24 16:44:50,432 INFO  impl.RaftServerProxy (RaftServerProxy.java:lambda$close$4(314)) - s2: close
2019-09-24 16:44:50,432 INFO  impl.RaftServerProxy (RaftServerProxy.java:lambda$close$4(314)) - s0: close
2019-09-24 16:44:50,432 INFO  impl.RaftServerProxy (RaftServerProxy.java:lambda$close$4(314)) - s1: close
2019-09-24 16:44:50,433 INFO  impl.RaftServerImpl (RaftServerImpl.java:lambda$shutdown$3(247)) - s0@group-A1B89BB4020A: shutdown
2019-09-24 16:44:50,433 INFO  impl.RaftServerImpl (RaftServerImpl.java:lambda$shutdown$3(247)) - s2@group-A1B89BB4020A: shutdown
2019-09-24 16:44:50,433 INFO  util.JmxRegister (JmxRegister.java:unregister(73)) - Successfully un-registered JMX Bean with object name Ratis:service=RaftServer,group=group-A1B89BB4020A,id=s4
2019-09-24 16:44:50,434 INFO  impl.RoleInfo (RoleInfo.java:shutdownFollowerState(121)) - s4: shutdown FollowerState
2019-09-24 16:44:50,433 INFO  util.JmxRegister (JmxRegister.java:unregister(73)) - Successfully un-registered JMX Bean with object name Ratis:service=RaftServer,group=group-A1B89BB4020A,id=s3
2019-09-24 16:44:50,434 INFO  impl.StateMachineUpdater (StateMachineUpdater.java:stopAndJoin(136)) - s4@group-A1B89BB4020A-StateMachineUpdater: set stopIndex = -1
2019-09-24 16:44:50,435 INFO  impl.RaftServerImpl (ServerState.java:close(386)) - s4@group-A1B89BB4020A: closes. applyIndex: -1
2019-09-24 16:44:50,434 INFO  util.JmxRegister (JmxRegister.java:unregister(73)) - Successfully un-registered JMX Bean with object name Ratis:service=RaftServer,group=group-A1B89BB4020A,id=s2
2019-09-24 16:44:50,433 INFO  util.JmxRegister (JmxRegister.java:unregister(73)) - Successfully un-registered JMX Bean with object name Ratis:service=RaftServer,group=group-A1B89BB4020A,id=s0
2019-09-24 16:44:50,435 INFO  impl.RoleInfo (RoleInfo.java:shutdownFollowerState(121)) - s0: shutdown FollowerState
2019-09-24 16:44:50,433 INFO  impl.RaftServerImpl (RaftServerImpl.java:lambda$shutdown$3(247)) - s1@group-A1B89BB4020A: shutdown
2019-09-24 16:44:50,436 INFO  impl.StateMachineUpdater (StateMachineUpdater.java:stopAndJoin(136)) - s0@group-A1B89BB4020A-StateMachineUpdater: set stopIndex = -1
2019-09-24 16:44:50,436 INFO  impl.RaftServerImpl (ServerState.java:close(386)) - s0@group-A1B89BB4020A: closes. applyIndex: -1
2019-09-24 16:44:50,435 INFO  segmented.SegmentedRaftLogWorker (SegmentedRaftLogWorker.java:run(313)) - s4@group-A1B89BB4020A-SegmentedRaftLogWorker was interrupted, exiting. There are 0 tasks remaining in the queue.
2019-09-24 16:44:50,436 INFO  segmented.SegmentedRaftLogWorker (SegmentedRaftLogWorker.java:run(313)) - s0@group-A1B89BB4020A-SegmentedRaftLogWorker was interrupted, exiting. There are 0 tasks remaining in the queue.
2019-09-24 16:44:50,435 INFO  impl.RoleInfo (RoleInfo.java:shutdownLeaderElection(134)) - s2: shutdown LeaderElection
2019-09-24 16:44:50,434 INFO  impl.RoleInfo (RoleInfo.java:shutdownFollowerState(121)) - s3: shutdown FollowerState
2019-09-24 16:44:50,437 INFO  impl.StateMachineUpdater (StateMachineUpdater.java:stopAndJoin(136)) - s2@group-A1B89BB4020A-StateMachineUpdater: set stopIndex = -1
2019-09-24 16:44:50,437 INFO  impl.RaftServerImpl (ServerState.java:close(386)) - s2@group-A1B89BB4020A: closes. applyIndex: -1
2019-09-24 16:44:50,436 INFO  util.JmxRegister (JmxRegister.java:unregister(73)) - Successfully un-registered JMX Bean with object name Ratis:service=RaftServer,group=group-A1B89BB4020A,id=s1
2019-09-24 16:44:50,438 INFO  segmented.SegmentedRaftLogWorker (SegmentedRaftLogWorker.java:run(313)) - s2@group-A1B89BB4020A-SegmentedRaftLogWorker was interrupted, exiting. There are 0 tasks remaining in the queue.
2019-09-24 16:44:50,437 INFO  impl.StateMachineUpdater (StateMachineUpdater.java:stopAndJoin(136)) - s3@group-A1B89BB4020A-StateMachineUpdater: set stopIndex = -1
2019-09-24 16:44:50,438 INFO  impl.RaftServerImpl (ServerState.java:close(386)) - s3@group-A1B89BB4020A: closes. applyIndex: -1
2019-09-24 16:44:50,438 INFO  impl.RoleInfo (RoleInfo.java:shutdownFollowerState(121)) - s1: shutdown FollowerState
2019-09-24 16:44:50,439 INFO  segmented.SegmentedRaftLogWorker (SegmentedRaftLogWorker.java:run(313)) - s3@group-A1B89BB4020A-SegmentedRaftLogWorker was interrupted, exiting. There are 0 tasks remaining in the queue.
2019-09-24 16:44:50,439 INFO  segmented.SegmentedRaftLogWorker (SegmentedRaftLogWorker.java:close(228)) - s0@group-A1B89BB4020A-SegmentedRaftLogWorker close()
2019-09-24 16:44:50,439 INFO  segmented.SegmentedRaftLogWorker (SegmentedRaftLogWorker.java:close(228)) - s4@group-A1B89BB4020A-SegmentedRaftLogWorker close()
2019-09-24 16:44:50,440 INFO  segmented.SegmentedRaftLogWorker (SegmentedRaftLogWorker.java:close(228)) - s2@group-A1B89BB4020A-SegmentedRaftLogWorker close()
2019-09-24 16:44:50,439 INFO  segmented.SegmentedRaftLogWorker (SegmentedRaftLogWorker.java:close(228)) - s3@group-A1B89BB4020A-SegmentedRaftLogWorker close()
2019-09-24 16:44:50,439 INFO  impl.StateMachineUpdater (StateMachineUpdater.java:stopAndJoin(136)) - s1@group-A1B89BB4020A-StateMachineUpdater: set stopIndex = -1
2019-09-24 16:44:50,443 INFO  logging.LoggingHandler (AbstractInternalLogger.java:log(150)) - [id: 0x981c0467, L:/0.0.0.0:42956] UNREGISTERED
2019-09-24 16:44:50,443 INFO  logging.LoggingHandler (AbstractInternalLogger.java:log(150)) - [id: 0x3c312e86, L:/0.0.0.0:39611] UNREGISTERED
2019-09-24 16:44:50,442 INFO  logging.LoggingHandler (AbstractInternalLogger.java:log(150)) - [id: 0x91fdc2c7, L:/0.0.0.0:35561] UNREGISTERED
2019-09-24 16:44:50,444 INFO  logging.LoggingHandler (AbstractInternalLogger.java:log(150)) - [id: 0x5585b291, L:/0.0.0.0:34761] UNREGISTERED
2019-09-24 16:44:50,443 INFO  impl.RaftServerImpl (ServerState.java:close(386)) - s1@group-A1B89BB4020A: closes. applyIndex: -1
2019-09-24 16:44:50,449 INFO  segmented.SegmentedRaftLogWorker (SegmentedRaftLogWorker.java:run(313)) - s1@group-A1B89BB4020A-SegmentedRaftLogWorker was interrupted, exiting. There are 0 tasks remaining in the queue.
2019-09-24 16:44:50,454 INFO  segmented.SegmentedRaftLogWorker (SegmentedRaftLogWorker.java:close(228)) - s1@group-A1B89BB4020A-SegmentedRaftLogWorker close()
2019-09-24 16:44:50,456 INFO  logging.LoggingHandler (AbstractInternalLogger.java:log(150)) - [id: 0x22e46ccb, L:/0.0.0.0:38095] UNREGISTERED
2019-09-24 16:44:50,459 INFO  ratis.MiniRaftCluster (MiniRaftCluster.java:shutdown(722)) - MiniRaftClusterWithNetty shutdown completed
]]></system-out>
  </testcase>
</testsuite>