<?xml version="1.0" encoding="UTF-8"?>
<testsuite xmlns:xsi="http://www.w3.org/2001/XMLSchema-instance" xsi:noNamespaceSchemaLocation="https://maven.apache.org/surefire/maven-surefire-plugin/xsd/surefire-test-report.xsd" name="org.apache.ratis.server.simulation.TestRaftSnapshotWithSimulatedRpc" time="145.3" tests="2" errors="1" skipped="0" failures="0">
  <properties>
    <property name="awt.toolkit" value="sun.awt.X11.XToolkit"/>
    <property name="file.encoding.pkg" value="sun.io"/>
    <property name="java.specification.version" value="1.8"/>
    <property name="sun.cpu.isalist" value=""/>
    <property name="sun.jnu.encoding" value="UTF-8"/>
    <property name="java.class.path" value="/workdir/ratis-test/target/test-classes:/workdir/ratis-test/target/classes:/workdir/ratis-common/target/classes:/home/user/.m2/repository/org/apache/ratis/ratis-thirdparty-misc/0.2.0/ratis-thirdparty-misc-0.2.0.jar:/workdir/ratis-proto/target/ratis-proto-0.5.0-SNAPSHOT.jar:/home/user/.m2/repository/org/slf4j/slf4j-log4j12/1.7.10/slf4j-log4j12-1.7.10.jar:/home/user/.m2/repository/log4j/log4j/1.2.17/log4j-1.2.17.jar:/workdir/ratis-common/target/test-classes:/workdir/ratis-client/target/classes:/workdir/ratis-server/target/classes:/workdir/ratis-metrics/target/classes:/home/user/.m2/repository/io/dropwizard/metrics/metrics-core/3.2.5/metrics-core-3.2.5.jar:/home/user/.m2/repository/com/github/joshelser/dropwizard-metrics-hadoop-metrics2-reporter/0.1.2/dropwizard-metrics-hadoop-metrics2-reporter-0.1.2.jar:/home/user/.m2/repository/org/apache/hadoop/hadoop-common/2.6.0/hadoop-common-2.6.0.jar:/home/user/.m2/repository/org/apache/hadoop/hadoop-annotations/2.6.0/hadoop-annotations-2.6.0.jar:/usr/lib/jvm/java-1.8-openjdk/jre/../lib/tools.jar:/home/user/.m2/repository/com/google/guava/guava/11.0.2/guava-11.0.2.jar:/home/user/.m2/repository/commons-cli/commons-cli/1.2/commons-cli-1.2.jar:/home/user/.m2/repository/org/apache/commons/commons-math3/3.1.1/commons-math3-3.1.1.jar:/home/user/.m2/repository/xmlenc/xmlenc/0.52/xmlenc-0.52.jar:/home/user/.m2/repository/commons-httpclient/commons-httpclient/3.1/commons-httpclient-3.1.jar:/home/user/.m2/repository/commons-codec/commons-codec/1.4/commons-codec-1.4.jar:/home/user/.m2/repository/commons-io/commons-io/2.4/commons-io-2.4.jar:/home/user/.m2/repository/commons-net/commons-net/3.1/commons-net-3.1.jar:/home/user/.m2/repository/commons-collections/commons-collections/3.2.1/commons-collections-3.2.1.jar:/home/user/.m2/repository/javax/servlet/servlet-api/2.5/servlet-api-2.5.jar:/home/user/.m2/repository/org/mortbay/jetty/jetty/6.1.26/jetty-6.1.26.jar:/home/user/.m2/repository/org/mortbay/jetty/jetty-util/6.1.26/jetty-util-6.1.26.jar:/home/user/.m2/repository/com/sun/jersey/jersey-core/1.9/jersey-core-1.9.jar:/home/user/.m2/repository/com/sun/jersey/jersey-json/1.9/jersey-json-1.9.jar:/home/user/.m2/repository/org/codehaus/jettison/jettison/1.1/jettison-1.1.jar:/home/user/.m2/repository/com/sun/xml/bind/jaxb-impl/2.2.3-1/jaxb-impl-2.2.3-1.jar:/home/user/.m2/repository/javax/xml/bind/jaxb-api/2.2.2/jaxb-api-2.2.2.jar:/home/user/.m2/repository/javax/xml/stream/stax-api/1.0-2/stax-api-1.0-2.jar:/home/user/.m2/repository/javax/activation/activation/1.1/activation-1.1.jar:/home/user/.m2/repository/org/codehaus/jackson/jackson-jaxrs/1.8.3/jackson-jaxrs-1.8.3.jar:/home/user/.m2/repository/org/codehaus/jackson/jackson-xc/1.8.3/jackson-xc-1.8.3.jar:/home/user/.m2/repository/com/sun/jersey/jersey-server/1.9/jersey-server-1.9.jar:/home/user/.m2/repository/asm/asm/3.1/asm-3.1.jar:/home/user/.m2/repository/tomcat/jasper-compiler/5.5.23/jasper-compiler-5.5.23.jar:/home/user/.m2/repository/tomcat/jasper-runtime/5.5.23/jasper-runtime-5.5.23.jar:/home/user/.m2/repository/javax/servlet/jsp/jsp-api/2.1/jsp-api-2.1.jar:/home/user/.m2/repository/commons-el/commons-el/1.0/commons-el-1.0.jar:/home/user/.m2/repository/commons-logging/commons-logging/1.1.3/commons-logging-1.1.3.jar:/home/user/.m2/repository/net/java/dev/jets3t/jets3t/0.9.0/jets3t-0.9.0.jar:/home/user/.m2/repository/org/apache/httpcomponents/httpclient/4.1.2/httpclient-4.1.2.jar:/home/user/.m2/repository/org/apache/httpcomponents/httpcore/4.1.2/httpcore-4.1.2.jar:/home/user/.m2/repository/com/jamesmurty/utils/java-xmlbuilder/0.4/java-xmlbuilder-0.4.jar:/home/user/.m2/repository/commons-lang/commons-lang/2.6/commons-lang-2.6.jar:/home/user/.m2/repository/commons-configuration/commons-configuration/1.6/commons-configuration-1.6.jar:/home/user/.m2/repository/commons-digester/commons-digester/1.8/commons-digester-1.8.jar:/home/user/.m2/repository/commons-beanutils/commons-beanutils/1.7.0/commons-beanutils-1.7.0.jar:/home/user/.m2/repository/commons-beanutils/commons-beanutils-core/1.8.0/commons-beanutils-core-1.8.0.jar:/home/user/.m2/repository/org/codehaus/jackson/jackson-core-asl/1.9.13/jackson-core-asl-1.9.13.jar:/home/user/.m2/repository/org/codehaus/jackson/jackson-mapper-asl/1.9.13/jackson-mapper-asl-1.9.13.jar:/home/user/.m2/repository/org/apache/avro/avro/1.7.4/avro-1.7.4.jar:/home/user/.m2/repository/com/thoughtworks/paranamer/paranamer/2.3/paranamer-2.3.jar:/home/user/.m2/repository/org/xerial/snappy/snappy-java/1.0.4.1/snappy-java-1.0.4.1.jar:/home/user/.m2/repository/com/google/protobuf/protobuf-java/2.5.0/protobuf-java-2.5.0.jar:/home/user/.m2/repository/com/google/code/gson/gson/2.2.4/gson-2.2.4.jar:/home/user/.m2/repository/org/apache/hadoop/hadoop-auth/2.6.0/hadoop-auth-2.6.0.jar:/home/user/.m2/repository/org/apache/directory/server/apacheds-kerberos-codec/2.0.0-M15/apacheds-kerberos-codec-2.0.0-M15.jar:/home/user/.m2/repository/org/apache/directory/server/apacheds-i18n/2.0.0-M15/apacheds-i18n-2.0.0-M15.jar:/home/user/.m2/repository/org/apache/directory/api/api-asn1-api/1.0.0-M20/api-asn1-api-1.0.0-M20.jar:/home/user/.m2/repository/org/apache/directory/api/api-util/1.0.0-M20/api-util-1.0.0-M20.jar:/home/user/.m2/repository/org/apache/curator/curator-framework/2.6.0/curator-framework-2.6.0.jar:/home/user/.m2/repository/com/jcraft/jsch/0.1.42/jsch-0.1.42.jar:/home/user/.m2/repository/org/apache/curator/curator-client/2.6.0/curator-client-2.6.0.jar:/home/user/.m2/repository/org/apache/curator/curator-recipes/2.6.0/curator-recipes-2.6.0.jar:/home/user/.m2/repository/com/google/code/findbugs/jsr305/1.3.9/jsr305-1.3.9.jar:/home/user/.m2/repository/org/htrace/htrace-core/3.0.4/htrace-core-3.0.4.jar:/home/user/.m2/repository/org/apache/zookeeper/zookeeper/3.4.6/zookeeper-3.4.6.jar:/home/user/.m2/repository/io/netty/netty/3.7.0.Final/netty-3.7.0.Final.jar:/home/user/.m2/repository/org/apache/commons/commons-compress/1.4.1/commons-compress-1.4.1.jar:/home/user/.m2/repository/org/tukaani/xz/1.0/xz-1.0.jar:/home/user/.m2/repository/io/dropwizard/metrics/metrics-jvm/3.2.5/metrics-jvm-3.2.5.jar:/home/user/.m2/repository/io/dropwizard/metrics/metrics-ganglia/3.2.5/metrics-ganglia-3.2.5.jar:/home/user/.m2/repository/info/ganglia/gmetric4j/gmetric4j/1.0.7/gmetric4j-1.0.7.jar:/workdir/ratis-server/target/test-classes:/workdir/ratis-netty/target/classes:/workdir/ratis-netty/target/test-classes:/workdir/ratis-grpc/target/classes:/workdir/ratis-grpc/target/test-classes:/home/user/.m2/repository/org/slf4j/slf4j-api/1.7.10/slf4j-api-1.7.10.jar:/home/user/.m2/repository/junit/junit/4.12/junit-4.12.jar:/home/user/.m2/repository/org/hamcrest/hamcrest-core/1.3/hamcrest-core-1.3.jar:/home/user/.m2/repository/org/mockito/mockito-all/1.8.5/mockito-all-1.8.5.jar:"/>
    <property name="java.vm.vendor" value="IcedTea"/>
    <property name="sun.arch.data.model" value="64"/>
    <property name="java.vendor.url" value="https://icedtea.classpath.org"/>
    <property name="user.timezone" value=""/>
    <property name="java.vm.specification.version" value="1.8"/>
    <property name="os.name" value="Linux"/>
    <property name="user.country" value="US"/>
    <property name="sun.java.launcher" value="SUN_STANDARD"/>
    <property name="sun.boot.library.path" value="/usr/lib/jvm/java-1.8-openjdk/jre/lib/amd64"/>
    <property name="sun.java.command" value="/workdir/ratis-test/target/surefire/surefirebooter3358113544241638192.jar /workdir/ratis-test/target/surefire 2019-09-24T16-02-41_483-jvmRun1 surefire7758840328990749257tmp surefire_58602910919404754813tmp"/>
    <property name="surefire.test.class.path" value="/workdir/ratis-test/target/test-classes:/workdir/ratis-test/target/classes:/workdir/ratis-common/target/classes:/home/user/.m2/repository/org/apache/ratis/ratis-thirdparty-misc/0.2.0/ratis-thirdparty-misc-0.2.0.jar:/workdir/ratis-proto/target/ratis-proto-0.5.0-SNAPSHOT.jar:/home/user/.m2/repository/org/slf4j/slf4j-log4j12/1.7.10/slf4j-log4j12-1.7.10.jar:/home/user/.m2/repository/log4j/log4j/1.2.17/log4j-1.2.17.jar:/workdir/ratis-common/target/test-classes:/workdir/ratis-client/target/classes:/workdir/ratis-server/target/classes:/workdir/ratis-metrics/target/classes:/home/user/.m2/repository/io/dropwizard/metrics/metrics-core/3.2.5/metrics-core-3.2.5.jar:/home/user/.m2/repository/com/github/joshelser/dropwizard-metrics-hadoop-metrics2-reporter/0.1.2/dropwizard-metrics-hadoop-metrics2-reporter-0.1.2.jar:/home/user/.m2/repository/org/apache/hadoop/hadoop-common/2.6.0/hadoop-common-2.6.0.jar:/home/user/.m2/repository/org/apache/hadoop/hadoop-annotations/2.6.0/hadoop-annotations-2.6.0.jar:/usr/lib/jvm/java-1.8-openjdk/jre/../lib/tools.jar:/home/user/.m2/repository/com/google/guava/guava/11.0.2/guava-11.0.2.jar:/home/user/.m2/repository/commons-cli/commons-cli/1.2/commons-cli-1.2.jar:/home/user/.m2/repository/org/apache/commons/commons-math3/3.1.1/commons-math3-3.1.1.jar:/home/user/.m2/repository/xmlenc/xmlenc/0.52/xmlenc-0.52.jar:/home/user/.m2/repository/commons-httpclient/commons-httpclient/3.1/commons-httpclient-3.1.jar:/home/user/.m2/repository/commons-codec/commons-codec/1.4/commons-codec-1.4.jar:/home/user/.m2/repository/commons-io/commons-io/2.4/commons-io-2.4.jar:/home/user/.m2/repository/commons-net/commons-net/3.1/commons-net-3.1.jar:/home/user/.m2/repository/commons-collections/commons-collections/3.2.1/commons-collections-3.2.1.jar:/home/user/.m2/repository/javax/servlet/servlet-api/2.5/servlet-api-2.5.jar:/home/user/.m2/repository/org/mortbay/jetty/jetty/6.1.26/jetty-6.1.26.jar:/home/user/.m2/repository/org/mortbay/jetty/jetty-util/6.1.26/jetty-util-6.1.26.jar:/home/user/.m2/repository/com/sun/jersey/jersey-core/1.9/jersey-core-1.9.jar:/home/user/.m2/repository/com/sun/jersey/jersey-json/1.9/jersey-json-1.9.jar:/home/user/.m2/repository/org/codehaus/jettison/jettison/1.1/jettison-1.1.jar:/home/user/.m2/repository/com/sun/xml/bind/jaxb-impl/2.2.3-1/jaxb-impl-2.2.3-1.jar:/home/user/.m2/repository/javax/xml/bind/jaxb-api/2.2.2/jaxb-api-2.2.2.jar:/home/user/.m2/repository/javax/xml/stream/stax-api/1.0-2/stax-api-1.0-2.jar:/home/user/.m2/repository/javax/activation/activation/1.1/activation-1.1.jar:/home/user/.m2/repository/org/codehaus/jackson/jackson-jaxrs/1.8.3/jackson-jaxrs-1.8.3.jar:/home/user/.m2/repository/org/codehaus/jackson/jackson-xc/1.8.3/jackson-xc-1.8.3.jar:/home/user/.m2/repository/com/sun/jersey/jersey-server/1.9/jersey-server-1.9.jar:/home/user/.m2/repository/asm/asm/3.1/asm-3.1.jar:/home/user/.m2/repository/tomcat/jasper-compiler/5.5.23/jasper-compiler-5.5.23.jar:/home/user/.m2/repository/tomcat/jasper-runtime/5.5.23/jasper-runtime-5.5.23.jar:/home/user/.m2/repository/javax/servlet/jsp/jsp-api/2.1/jsp-api-2.1.jar:/home/user/.m2/repository/commons-el/commons-el/1.0/commons-el-1.0.jar:/home/user/.m2/repository/commons-logging/commons-logging/1.1.3/commons-logging-1.1.3.jar:/home/user/.m2/repository/net/java/dev/jets3t/jets3t/0.9.0/jets3t-0.9.0.jar:/home/user/.m2/repository/org/apache/httpcomponents/httpclient/4.1.2/httpclient-4.1.2.jar:/home/user/.m2/repository/org/apache/httpcomponents/httpcore/4.1.2/httpcore-4.1.2.jar:/home/user/.m2/repository/com/jamesmurty/utils/java-xmlbuilder/0.4/java-xmlbuilder-0.4.jar:/home/user/.m2/repository/commons-lang/commons-lang/2.6/commons-lang-2.6.jar:/home/user/.m2/repository/commons-configuration/commons-configuration/1.6/commons-configuration-1.6.jar:/home/user/.m2/repository/commons-digester/commons-digester/1.8/commons-digester-1.8.jar:/home/user/.m2/repository/commons-beanutils/commons-beanutils/1.7.0/commons-beanutils-1.7.0.jar:/home/user/.m2/repository/commons-beanutils/commons-beanutils-core/1.8.0/commons-beanutils-core-1.8.0.jar:/home/user/.m2/repository/org/codehaus/jackson/jackson-core-asl/1.9.13/jackson-core-asl-1.9.13.jar:/home/user/.m2/repository/org/codehaus/jackson/jackson-mapper-asl/1.9.13/jackson-mapper-asl-1.9.13.jar:/home/user/.m2/repository/org/apache/avro/avro/1.7.4/avro-1.7.4.jar:/home/user/.m2/repository/com/thoughtworks/paranamer/paranamer/2.3/paranamer-2.3.jar:/home/user/.m2/repository/org/xerial/snappy/snappy-java/1.0.4.1/snappy-java-1.0.4.1.jar:/home/user/.m2/repository/com/google/protobuf/protobuf-java/2.5.0/protobuf-java-2.5.0.jar:/home/user/.m2/repository/com/google/code/gson/gson/2.2.4/gson-2.2.4.jar:/home/user/.m2/repository/org/apache/hadoop/hadoop-auth/2.6.0/hadoop-auth-2.6.0.jar:/home/user/.m2/repository/org/apache/directory/server/apacheds-kerberos-codec/2.0.0-M15/apacheds-kerberos-codec-2.0.0-M15.jar:/home/user/.m2/repository/org/apache/directory/server/apacheds-i18n/2.0.0-M15/apacheds-i18n-2.0.0-M15.jar:/home/user/.m2/repository/org/apache/directory/api/api-asn1-api/1.0.0-M20/api-asn1-api-1.0.0-M20.jar:/home/user/.m2/repository/org/apache/directory/api/api-util/1.0.0-M20/api-util-1.0.0-M20.jar:/home/user/.m2/repository/org/apache/curator/curator-framework/2.6.0/curator-framework-2.6.0.jar:/home/user/.m2/repository/com/jcraft/jsch/0.1.42/jsch-0.1.42.jar:/home/user/.m2/repository/org/apache/curator/curator-client/2.6.0/curator-client-2.6.0.jar:/home/user/.m2/repository/org/apache/curator/curator-recipes/2.6.0/curator-recipes-2.6.0.jar:/home/user/.m2/repository/com/google/code/findbugs/jsr305/1.3.9/jsr305-1.3.9.jar:/home/user/.m2/repository/org/htrace/htrace-core/3.0.4/htrace-core-3.0.4.jar:/home/user/.m2/repository/org/apache/zookeeper/zookeeper/3.4.6/zookeeper-3.4.6.jar:/home/user/.m2/repository/io/netty/netty/3.7.0.Final/netty-3.7.0.Final.jar:/home/user/.m2/repository/org/apache/commons/commons-compress/1.4.1/commons-compress-1.4.1.jar:/home/user/.m2/repository/org/tukaani/xz/1.0/xz-1.0.jar:/home/user/.m2/repository/io/dropwizard/metrics/metrics-jvm/3.2.5/metrics-jvm-3.2.5.jar:/home/user/.m2/repository/io/dropwizard/metrics/metrics-ganglia/3.2.5/metrics-ganglia-3.2.5.jar:/home/user/.m2/repository/info/ganglia/gmetric4j/gmetric4j/1.0.7/gmetric4j-1.0.7.jar:/workdir/ratis-server/target/test-classes:/workdir/ratis-netty/target/classes:/workdir/ratis-netty/target/test-classes:/workdir/ratis-grpc/target/classes:/workdir/ratis-grpc/target/test-classes:/home/user/.m2/repository/org/slf4j/slf4j-api/1.7.10/slf4j-api-1.7.10.jar:/home/user/.m2/repository/junit/junit/4.12/junit-4.12.jar:/home/user/.m2/repository/org/hamcrest/hamcrest-core/1.3/hamcrest-core-1.3.jar:/home/user/.m2/repository/org/mockito/mockito-all/1.8.5/mockito-all-1.8.5.jar:"/>
    <property name="sun.cpu.endian" value="little"/>
    <property name="user.home" value="/home/user"/>
    <property name="user.language" value="en"/>
    <property name="java.specification.vendor" value="Oracle Corporation"/>
    <property name="java.home" value="/usr/lib/jvm/java-1.8-openjdk/jre"/>
    <property name="basedir" value="/workdir/ratis-test"/>
    <property name="file.separator" value="/"/>
    <property name="line.separator" value="&#10;"/>
    <property name="java.vm.specification.vendor" value="Oracle Corporation"/>
    <property name="java.specification.name" value="Java Platform API Specification"/>
    <property name="java.awt.graphicsenv" value="sun.awt.X11GraphicsEnvironment"/>
    <property name="surefire.real.class.path" value="/workdir/ratis-test/target/surefire/surefirebooter3358113544241638192.jar"/>
    <property name="sun.boot.class.path" value="/usr/lib/jvm/java-1.8-openjdk/jre/lib/resources.jar:/usr/lib/jvm/java-1.8-openjdk/jre/lib/rt.jar:/usr/lib/jvm/java-1.8-openjdk/jre/lib/sunrsasign.jar:/usr/lib/jvm/java-1.8-openjdk/jre/lib/jsse.jar:/usr/lib/jvm/java-1.8-openjdk/jre/lib/jce.jar:/usr/lib/jvm/java-1.8-openjdk/jre/lib/charsets.jar:/usr/lib/jvm/java-1.8-openjdk/jre/lib/jfr.jar:/usr/lib/jvm/java-1.8-openjdk/jre/classes"/>
    <property name="sun.management.compiler" value="HotSpot 64-Bit Tiered Compilers"/>
    <property name="java.runtime.version" value="1.8.0_212-b04"/>
    <property name="java.net.preferIPv4Stack" value="true"/>
    <property name="user.name" value="jenkins1000"/>
    <property name="path.separator" value=":"/>
    <property name="os.version" value="3.10.0-957.12.2.el7.x86_64"/>
    <property name="java.endorsed.dirs" value="/usr/lib/jvm/java-1.8-openjdk/jre/lib/endorsed"/>
    <property name="java.runtime.name" value="OpenJDK Runtime Environment"/>
    <property name="file.encoding" value="UTF-8"/>
    <property name="java.vm.name" value="OpenJDK 64-Bit Server VM"/>
    <property name="localRepository" value="/home/user/.m2/repository"/>
    <property name="java.vendor.url.bug" value="https://icedtea.classpath.org/bugzilla"/>
    <property name="java.io.tmpdir" value="/tmp"/>
    <property name="java.version" value="1.8.0_212"/>
    <property name="user.dir" value="/workdir/ratis-test"/>
    <property name="os.arch" value="amd64"/>
    <property name="ratis.tmp.dir" value="/workdir/ratis-test/target/tmp"/>
    <property name="java.vm.specification.name" value="Java Virtual Machine Specification"/>
    <property name="java.awt.printerjob" value="sun.print.PSPrinterJob"/>
    <property name="ratis.log.dir" value="/workdir/ratis-test/target/log"/>
    <property name="sun.os.patch.level" value="unknown"/>
    <property name="java.library.path" value="/usr/lib/jvm/java-1.8-openjdk/jre/lib/amd64/server:/usr/lib/jvm/java-1.8-openjdk/jre/lib/amd64:/usr/lib/jvm/java-1.8-openjdk/jre/../lib/amd64:/usr/java/packages/lib/amd64:/usr/lib64:/lib64:/lib:/usr/lib"/>
    <property name="java.vm.info" value="mixed mode"/>
    <property name="java.vendor" value="IcedTea"/>
    <property name="java.vm.version" value="25.212-b04"/>
    <property name="java.ext.dirs" value="/usr/lib/jvm/java-1.8-openjdk/jre/lib/ext:/usr/java/packages/lib/ext"/>
    <property name="sun.io.unicode.encoding" value="UnicodeLittle"/>
    <property name="java.class.version" value="52.0"/>
  </properties>
  <testcase name="testRestartPeer" classname="org.apache.ratis.server.simulation.TestRaftSnapshotWithSimulatedRpc" time="100.01">
    <error message="test timed out after 100 seconds" type="org.junit.runners.model.TestTimedOutException">org.junit.runners.model.TestTimedOutException: test timed out after 100 seconds
</error>
    <system-out><![CDATA[2019-09-24 17:05:50,254 INFO  util.LogUtils (LogUtils.java:setLogLevel(41)) - Set org.apache.ratis.conf.ConfUtils log level to WARN
2019-09-24 17:05:50,257 INFO  util.LogUtils (LogUtils.java:setLogLevel(41)) - Set org.apache.ratis.util.FileUtils log level to TRACE
2019-09-24 17:05:50,270 INFO  util.LogUtils (LogUtils.java:setLogLevel(41)) - Set org.apache.ratis.server.impl.RaftServerImpl log level to DEBUG
2019-09-24 17:05:50,272 INFO  util.LogUtils (LogUtils.java:setLogLevel(41)) - Set org.apache.ratis.server.raftlog.RaftLog log level to DEBUG
2019-09-24 17:05:50,273 INFO  util.LogUtils (LogUtils.java:setLogLevel(41)) - Set org.apache.ratis.client.RaftClient log level to DEBUG
2019-09-24 17:05:50,318 INFO  simulation.MiniRaftClusterWithSimulatedRpc (ConfUtils.java:logGet(43)) - org.apache.ratis.server.simulation.SimulatedRequestReply.simulateLatencyMs = 150 (default)
2019-09-24 17:05:50,382 INFO  ratis.MiniRaftCluster (MiniRaftCluster.java:<init>(253)) - new MiniRaftClusterWithSimulatedRpc with group-F46F844F1B04:[s0:0.0.0.0:37788]
2019-09-24 17:05:50,382 INFO  ratis.MiniRaftCluster (MiniRaftCluster.java:start(287)) - .............................................................. 
2019-09-24 17:05:50,382 INFO  ratis.MiniRaftCluster (MiniRaftCluster.java:start(288)) - ... 
2019-09-24 17:05:50,383 INFO  ratis.MiniRaftCluster (MiniRaftCluster.java:start(289)) - ...     Starting MiniRaftClusterWithSimulatedRpc
2019-09-24 17:05:50,383 INFO  ratis.MiniRaftCluster (MiniRaftCluster.java:start(290)) - ... 
2019-09-24 17:05:50,383 INFO  ratis.MiniRaftCluster (MiniRaftCluster.java:start(291)) - .............................................................. 
2019-09-24 17:05:50,383 INFO  ratis.MiniRaftCluster (MiniRaftCluster.java:initServers(265)) - servers = {}
2019-09-24 17:05:50,393 INFO  ratis.MiniRaftCluster (MiniRaftCluster.java:newRaftServer(330)) - newRaftServer: s0, group-F46F844F1B04:[s0:0.0.0.0:37788], format? true
2019-09-24 17:05:50,395 TRACE util.FileUtils (FileUtils.java:deleteFully(88)) - deleteFully target/test/data/ceff7214/MiniRaftClusterWithSimulatedRpcd76262d9/s0
2019-09-24 17:05:50,402 TRACE util.FileUtils (FileUtils.java:deleteFully(104)) - deleteFully: target/test/data/ceff7214/MiniRaftClusterWithSimulatedRpcd76262d9/s0 does not exist.
2019-09-24 17:05:50,404 INFO  ratis.MiniRaftCluster (MiniRaftCluster.java:newRaftServer(335)) - Formatted directory target/test/data/ceff7214/MiniRaftClusterWithSimulatedRpcd76262d9/s0
2019-09-24 17:05:50,417 INFO  impl.RaftServerProxy (ConfUtils.java:logGet(43)) - raft.rpc.type = org.apache.ratis.server.simulation.SimulatedRpc (custom)
2019-09-24 17:05:50,439 INFO  server.RaftServerConfigKeys (ConfUtils.java:logGet(43)) - raft.server.storage.dir = [/workdir/ratis-test/target/test/data/ceff7214/MiniRaftClusterWithSimulatedRpcd76262d9/s0] (custom)
2019-09-24 17:05:50,448 INFO  impl.RaftServerProxy (RaftServerProxy.java:addNew(89)) - s0: addNew group-F46F844F1B04:[s0:0.0.0.0:37788] returns group-F46F844F1B04:java.util.concurrent.CompletableFuture@3b294eff[Not completed]
2019-09-24 17:05:50,455 INFO  server.RaftServerConfigKeys (ConfUtils.java:logGet(43)) - raft.server.log.segment.size.max = 8MB (=8388608) (default)
2019-09-24 17:05:50,459 INFO  server.RaftServerConfigKeys (ConfUtils.java:logGet(43)) - raft.server.log.preallocated.size = 4MB (=4194304) (default)
2019-09-24 17:05:50,460 INFO  server.RaftServerConfigKeys (ConfUtils.java:logGet(43)) - raft.server.log.write.buffer.size = 64KB (=65536) (default)
2019-09-24 17:05:50,466 INFO  impl.RaftServerImpl (RaftServerImpl.java:<init>(95)) - s0: new RaftServerImpl for group-F46F844F1B04:[s0:0.0.0.0:37788] with SimpleStateMachine4Testing:uninitialized
2019-09-24 17:05:50,475 INFO  server.RaftServerConfigKeys (ConfUtils.java:logGet(43)) - raft.server.rpc.timeout.min = 150ms (default)
2019-09-24 17:05:50,476 INFO  server.RaftServerConfigKeys (ConfUtils.java:logGet(43)) - raft.server.rpc.timeout.max = 300ms (default)
2019-09-24 17:05:50,477 INFO  server.RaftServerConfigKeys (ConfUtils.java:logGet(43)) - raft.server.rpcslowness.timeout = 60s (default)
2019-09-24 17:05:50,478 INFO  server.RaftServerConfigKeys (ConfUtils.java:logGet(43)) - raft.server.sleep.deviation.threshold = 300 (default)
2019-09-24 17:05:50,480 INFO  server.RaftServerConfigKeys (ConfUtils.java:logGet(43)) - raft.server.log.appender.install.snapshot.enabled = true (default)
2019-09-24 17:05:50,487 INFO  impl.RaftServerImpl (ServerState.java:<init>(103)) - s0@group-F46F844F1B04: ConfigurationManager, init=-1: [s0:0.0.0.0:37788], old=null, confs=<EMPTY_MAP>
2019-09-24 17:05:50,487 INFO  server.RaftServerConfigKeys (ConfUtils.java:logGet(43)) - raft.server.storage.dir = [/workdir/ratis-test/target/test/data/ceff7214/MiniRaftClusterWithSimulatedRpcd76262d9/s0] (custom)
2019-09-24 17:05:50,498 INFO  server.RaftServerConfigKeys (ConfUtils.java:logGet(43)) - raft.server.log.corruption.policy = EXCEPTION (default)
2019-09-24 17:05:50,500 INFO  storage.RaftStorageDirectory (RaftStorageDirectory.java:analyzeStorage(246)) - The storage directory /workdir/ratis-test/target/test/data/ceff7214/MiniRaftClusterWithSimulatedRpcd76262d9/s0/2ce1962a-878f-447e-8148-f46f844f1b04 does not exist. Creating ...
2019-09-24 17:05:50,503 TRACE util.FileUtils (LogUtils.java:runAndLog(61)) - Successfully ran Files.createDirectories /workdir/ratis-test/target/test/data/ceff7214/MiniRaftClusterWithSimulatedRpcd76262d9/s0/2ce1962a-878f-447e-8148-f46f844f1b04
2019-09-24 17:06:00,263 INFO  storage.RaftStorageDirectory (RaftStorageDirectory.java:tryLock(328)) - Lock on /workdir/ratis-test/target/test/data/ceff7214/MiniRaftClusterWithSimulatedRpcd76262d9/s0/2ce1962a-878f-447e-8148-f46f844f1b04/in_use.lock acquired by nodename 9053@ratis-test-vphbd-3564017154
2019-09-24 17:06:00,265 TRACE util.FileUtils (LogUtils.java:runAndLog(61)) - Successfully ran Files.createDirectories /workdir/ratis-test/target/test/data/ceff7214/MiniRaftClusterWithSimulatedRpcd76262d9/s0/2ce1962a-878f-447e-8148-f46f844f1b04/current
2019-09-24 17:06:00,266 TRACE util.FileUtils (LogUtils.java:runAndLog(61)) - Successfully ran Files.createDirectories /workdir/ratis-test/target/test/data/ceff7214/MiniRaftClusterWithSimulatedRpcd76262d9/s0/2ce1962a-878f-447e-8148-f46f844f1b04/sm
2019-09-24 17:06:00,531 INFO  storage.RaftStorage (RaftStorage.java:format(84)) - Storage directory /workdir/ratis-test/target/test/data/ceff7214/MiniRaftClusterWithSimulatedRpcd76262d9/s0/2ce1962a-878f-447e-8148-f46f844f1b04 has been successfully formatted.
2019-09-24 17:06:00,533 INFO  statemachine.SimpleStateMachine4Testing (SimpleStateMachine4Testing.java:initialize(206)) - Initializing SimpleStateMachine4Testing:uninitialized
2019-09-24 17:06:00,539 INFO  statemachine.SimpleStateMachine4Testing (SimpleStateMachine4Testing.java:loadSnapshot(296)) - The snapshot file null does not exist
2019-09-24 17:06:00,541 INFO  server.RaftServerConfigKeys (ConfUtils.java:logGet(43)) - raft.server.notification.no-leader.timeout = 60s (default)
2019-09-24 17:06:00,545 INFO  server.RaftServerConfigKeys (ConfUtils.java:logGet(43)) - raft.server.log.use.memory = false (default)
2019-09-24 17:06:00,553 INFO  server.RaftServerConfigKeys (ConfUtils.java:logGet(43)) - raft.server.log.purge.gap = 1024 (default)
2019-09-24 17:06:00,554 INFO  server.RaftServerConfigKeys (ConfUtils.java:logGet(43)) - raft.server.log.appender.buffer.byte-limit = 4MB (=4194304) (default)
2019-09-24 17:06:00,556 INFO  server.RaftServerConfigKeys (ConfUtils.java:logGet(43)) - raft.server.log.segment.size.max = 8MB (=8388608) (default)
2019-09-24 17:06:00,564 INFO  server.RaftServerConfigKeys (ConfUtils.java:logGet(43)) - raft.server.log.segment.cache.num.max = 6 (default)
2019-09-24 17:06:00,572 INFO  segmented.SegmentedRaftLogWorker (SegmentedRaftLogWorker.java:<init>(172)) - new s0@group-F46F844F1B04-SegmentedRaftLogWorker for RaftStorage:Storage Directory /workdir/ratis-test/target/test/data/ceff7214/MiniRaftClusterWithSimulatedRpcd76262d9/s0/2ce1962a-878f-447e-8148-f46f844f1b04
2019-09-24 17:06:00,664 WARN  impl.MetricsConfig (MetricsConfig.java:loadFirst(124)) - Cannot locate configuration: tried hadoop-metrics2-ratis.properties,hadoop-metrics2.properties
2019-09-24 17:06:00,765 INFO  impl.MetricsSystemImpl (MetricsSystemImpl.java:startTimer(376)) - Scheduled snapshot period at 10 second(s).
2019-09-24 17:06:00,766 INFO  impl.MetricsSystemImpl (MetricsSystemImpl.java:start(191)) - ratis metrics system started
2019-09-24 17:06:00,772 INFO  metrics.MetricRegistries (MetricRegistriesLoader.java:load(64)) - Loaded MetricRegistries class org.apache.ratis.metrics.impl.MetricRegistriesImpl
2019-09-24 17:06:00,817 INFO  server.RaftServerConfigKeys (ConfUtils.java:logGet(43)) - raft.server.log.queue.byte-limit = 64MB (=67108864) (default)
2019-09-24 17:06:00,818 INFO  server.RaftServerConfigKeys (ConfUtils.java:logGet(43)) - raft.server.log.queue.element-limit = 4096 (default)
2019-09-24 17:06:00,822 INFO  server.RaftServerConfigKeys (ConfUtils.java:logGet(43)) - raft.server.log.segment.size.max = 8MB (=8388608) (default)
2019-09-24 17:06:00,822 INFO  server.RaftServerConfigKeys (ConfUtils.java:logGet(43)) - raft.server.log.preallocated.size = 4MB (=4194304) (default)
2019-09-24 17:06:00,823 INFO  server.RaftServerConfigKeys (ConfUtils.java:logGet(43)) - raft.server.log.write.buffer.size = 64KB (=65536) (default)
2019-09-24 17:06:00,824 INFO  server.RaftServerConfigKeys (ConfUtils.java:logGet(43)) - raft.server.log.force.sync.num = 128 (default)
2019-09-24 17:06:00,825 INFO  server.RaftServerConfigKeys (ConfUtils.java:logGet(43)) - raft.server.log.statemachine.data.sync = true (default)
2019-09-24 17:06:00,826 INFO  server.RaftServerConfigKeys (ConfUtils.java:logGet(43)) - raft.server.log.statemachine.data.sync.timeout = 10s (default)
2019-09-24 17:06:00,827 INFO  server.RaftServerConfigKeys (ConfUtils.java:logGet(43)) - raft.server.log.statemachine.data.sync.timeout.retry = -1 (default)
2019-09-24 17:06:00,843 INFO  server.RaftServerConfigKeys (ConfUtils.java:logGet(43)) - raft.server.log.statemachine.data.caching.enabled = false (default)
2019-09-24 17:06:00,849 INFO  segmented.SegmentedRaftLogWorker (SegmentedRaftLogWorker.java:lambda$new$0(132)) - s0@group-F46F844F1B04-SegmentedRaftLogWorker: flushIndex: setUnconditionally 0 -> -1
2019-09-24 17:06:00,854 INFO  server.RaftServerConfigKeys (ConfUtils.java:logGet(43)) - raft.server.snapshot.auto.trigger.enabled = true (custom)
2019-09-24 17:06:00,855 INFO  server.RaftServerConfigKeys (ConfUtils.java:logGet(43)) - raft.server.snapshot.auto.trigger.threshold = 10 (custom)
2019-09-24 17:06:00,856 INFO  server.RaftServerConfigKeys (ConfUtils.java:logGet(43)) - raft.server.snapshot.retention.file.num = -1 (default)
2019-09-24 17:06:00,857 INFO  server.RaftServerConfigKeys (ConfUtils.java:logGet(43)) - raft.server.retrycache.expirytime = 60s (default)
2019-09-24 17:06:00,888 INFO  impl.RaftServerImpl (RaftServerImpl.java:start(181)) - s0@group-F46F844F1B04: start as a follower, conf=-1: [s0:0.0.0.0:37788], old=null
2019-09-24 17:06:00,891 INFO  impl.RaftServerImpl (RaftServerImpl.java:setRole(170)) - s0@group-F46F844F1B04: changes role from      null to FOLLOWER at term 0 for startAsFollower
2019-09-24 17:06:00,894 INFO  impl.RoleInfo (RoleInfo.java:updateAndGet(143)) - s0: start FollowerState
2019-09-24 17:06:00,899 INFO  util.JmxRegister (JmxRegister.java:tryRegister(44)) - Successfully registered JMX Bean with object name Ratis:service=RaftServer,group=group-F46F844F1B04,id=s0
2019-09-24 17:06:00,918 INFO  impl.RaftServerProxy (RaftServerProxy.java:lambda$start$3(299)) - s0: start RPC server
2019-09-24 17:06:00,924 INFO  server.RaftServerConfigKeys (ConfUtils.java:logGet(43)) - raft.server.rpc.timeout.max = 300ms (default)
2019-09-24 17:06:00,928 INFO  ratis.RaftTestUtil (RaftTestUtil.java:waitForLeader(86)) - printing ALL groups
  s0:  RUNNING  FOLLOWER s0@group-F46F844F1B04:t0, leader=null, voted=null, raftlog=s0@group-F46F844F1B04-SegmentedRaftLog:OPENED:c-1,f-1,i0, conf=-1: [s0:0.0.0.0:37788], old=null RUNNING
2019-09-24 17:06:00,935 WARN  ratis.RaftTestUtil (JavaUtils.java:attempt(158)) - FAILED "waitForLeader-null-(expectLeader? true)", attempt #1/100: java.lang.IllegalStateException: No leader yet : printing ALL groups
  s0:  RUNNING  FOLLOWER s0@group-F46F844F1B04:t0, leader=null, voted=null, raftlog=s0@group-F46F844F1B04-SegmentedRaftLog:OPENED:c-1,f-1,i0, conf=-1: [s0:0.0.0.0:37788], old=null RUNNING, sleep 450ms and then retry.
java.lang.IllegalStateException: No leader yet : printing ALL groups
  s0:  RUNNING  FOLLOWER s0@group-F46F844F1B04:t0, leader=null, voted=null, raftlog=s0@group-F46F844F1B04-SegmentedRaftLog:OPENED:c-1,f-1,i0, conf=-1: [s0:0.0.0.0:37788], old=null RUNNING
	at org.apache.ratis.MiniRaftCluster.newIllegalStateExceptionForNoLeaders(MiniRaftCluster.java:506)
	at org.apache.ratis.RaftTestUtil.lambda$waitForLeader$1(RaftTestUtil.java:90)
	at org.apache.ratis.MiniRaftCluster.getLeader(MiniRaftCluster.java:539)
	at org.apache.ratis.MiniRaftCluster.getLeader(MiniRaftCluster.java:532)
	at org.apache.ratis.RaftTestUtil.lambda$waitForLeader$3(RaftTestUtil.java:98)
	at org.apache.ratis.util.JavaUtils.attempt(JavaUtils.java:152)
	at org.apache.ratis.RaftTestUtil.waitForLeader(RaftTestUtil.java:97)
	at org.apache.ratis.RaftTestUtil.waitForLeader(RaftTestUtil.java:77)
	at org.apache.ratis.RaftTestUtil.waitForLeader(RaftTestUtil.java:72)
	at org.apache.ratis.statemachine.RaftSnapshotBaseTest.testRestartPeer(RaftSnapshotBaseTest.java:125)
	at sun.reflect.NativeMethodAccessorImpl.invoke0(Native Method)
	at sun.reflect.NativeMethodAccessorImpl.invoke(NativeMethodAccessorImpl.java:62)
	at sun.reflect.DelegatingMethodAccessorImpl.invoke(DelegatingMethodAccessorImpl.java:43)
	at java.lang.reflect.Method.invoke(Method.java:498)
	at org.junit.runners.model.FrameworkMethod$1.runReflectiveCall(FrameworkMethod.java:50)
	at org.junit.internal.runners.model.ReflectiveCallable.run(ReflectiveCallable.java:12)
	at org.junit.runners.model.FrameworkMethod.invokeExplosively(FrameworkMethod.java:47)
	at org.junit.internal.runners.statements.InvokeMethod.evaluate(InvokeMethod.java:17)
	at org.junit.internal.runners.statements.RunBefores.evaluate(RunBefores.java:26)
	at org.junit.internal.runners.statements.RunAfters.evaluate(RunAfters.java:27)
	at org.junit.internal.runners.statements.FailOnTimeout$CallableStatement.call(FailOnTimeout.java:298)
	at org.junit.internal.runners.statements.FailOnTimeout$CallableStatement.call(FailOnTimeout.java:292)
	at java.util.concurrent.FutureTask.run(FutureTask.java:266)
	at java.lang.Thread.run(Thread.java:748)
2019-09-24 17:06:01,153 INFO  impl.FollowerState (FollowerState.java:run(108)) - s0@group-F46F844F1B04-FollowerState: change to CANDIDATE, lastRpcTime:260ms, electionTimeout:258ms
2019-09-24 17:06:01,157 INFO  impl.RoleInfo (RoleInfo.java:shutdownFollowerState(121)) - s0: shutdown FollowerState
2019-09-24 17:06:01,158 INFO  impl.RaftServerImpl (RaftServerImpl.java:setRole(170)) - s0@group-F46F844F1B04: changes role from  FOLLOWER to CANDIDATE at term 0 for changeToCandidate
2019-09-24 17:06:01,162 INFO  impl.RoleInfo (RoleInfo.java:updateAndGet(143)) - s0: start LeaderElection
2019-09-24 17:06:01,390 WARN  ratis.RaftTestUtil (JavaUtils.java:attempt(158)) - FAILED "waitForLeader-null-(expectLeader? true)", attempt #2/100: java.lang.IllegalStateException: No leader yet : printing ALL groups
  s0:  RUNNING CANDIDATE s0@group-F46F844F1B04:t1, leader=null, voted=s0, raftlog=s0@group-F46F844F1B04-SegmentedRaftLog:OPENED:c-1,f-1,i0, conf=-1: [s0:0.0.0.0:37788], old=null RUNNING, sleep 450ms and then retry.
java.lang.IllegalStateException: No leader yet : printing ALL groups
  s0:  RUNNING CANDIDATE s0@group-F46F844F1B04:t1, leader=null, voted=s0, raftlog=s0@group-F46F844F1B04-SegmentedRaftLog:OPENED:c-1,f-1,i0, conf=-1: [s0:0.0.0.0:37788], old=null RUNNING
	at org.apache.ratis.MiniRaftCluster.newIllegalStateExceptionForNoLeaders(MiniRaftCluster.java:506)
	at org.apache.ratis.RaftTestUtil.lambda$waitForLeader$1(RaftTestUtil.java:90)
	at org.apache.ratis.MiniRaftCluster.getLeader(MiniRaftCluster.java:539)
	at org.apache.ratis.MiniRaftCluster.getLeader(MiniRaftCluster.java:532)
	at org.apache.ratis.RaftTestUtil.lambda$waitForLeader$3(RaftTestUtil.java:98)
	at org.apache.ratis.util.JavaUtils.attempt(JavaUtils.java:152)
	at org.apache.ratis.RaftTestUtil.waitForLeader(RaftTestUtil.java:97)
	at org.apache.ratis.RaftTestUtil.waitForLeader(RaftTestUtil.java:77)
	at org.apache.ratis.RaftTestUtil.waitForLeader(RaftTestUtil.java:72)
	at org.apache.ratis.statemachine.RaftSnapshotBaseTest.testRestartPeer(RaftSnapshotBaseTest.java:125)
	at sun.reflect.NativeMethodAccessorImpl.invoke0(Native Method)
	at sun.reflect.NativeMethodAccessorImpl.invoke(NativeMethodAccessorImpl.java:62)
	at sun.reflect.DelegatingMethodAccessorImpl.invoke(DelegatingMethodAccessorImpl.java:43)
	at java.lang.reflect.Method.invoke(Method.java:498)
	at org.junit.runners.model.FrameworkMethod$1.runReflectiveCall(FrameworkMethod.java:50)
	at org.junit.internal.runners.model.ReflectiveCallable.run(ReflectiveCallable.java:12)
	at org.junit.runners.model.FrameworkMethod.invokeExplosively(FrameworkMethod.java:47)
	at org.junit.internal.runners.statements.InvokeMethod.evaluate(InvokeMethod.java:17)
	at org.junit.internal.runners.statements.RunBefores.evaluate(RunBefores.java:26)
	at org.junit.internal.runners.statements.RunAfters.evaluate(RunAfters.java:27)
	at org.junit.internal.runners.statements.FailOnTimeout$CallableStatement.call(FailOnTimeout.java:298)
	at org.junit.internal.runners.statements.FailOnTimeout$CallableStatement.call(FailOnTimeout.java:292)
	at java.util.concurrent.FutureTask.run(FutureTask.java:266)
	at java.lang.Thread.run(Thread.java:748)
2019-09-24 17:06:01,842 WARN  ratis.RaftTestUtil (JavaUtils.java:attempt(158)) - FAILED "waitForLeader-null-(expectLeader? true)", attempt #3/100: java.lang.IllegalStateException: No leader yet : printing ALL groups
  s0:  RUNNING CANDIDATE s0@group-F46F844F1B04:t1, leader=null, voted=s0, raftlog=s0@group-F46F844F1B04-SegmentedRaftLog:OPENED:c-1,f-1,i0, conf=-1: [s0:0.0.0.0:37788], old=null RUNNING, sleep 450ms and then retry.
java.lang.IllegalStateException: No leader yet : printing ALL groups
  s0:  RUNNING CANDIDATE s0@group-F46F844F1B04:t1, leader=null, voted=s0, raftlog=s0@group-F46F844F1B04-SegmentedRaftLog:OPENED:c-1,f-1,i0, conf=-1: [s0:0.0.0.0:37788], old=null RUNNING
	at org.apache.ratis.MiniRaftCluster.newIllegalStateExceptionForNoLeaders(MiniRaftCluster.java:506)
	at org.apache.ratis.RaftTestUtil.lambda$waitForLeader$1(RaftTestUtil.java:90)
	at org.apache.ratis.MiniRaftCluster.getLeader(MiniRaftCluster.java:539)
	at org.apache.ratis.MiniRaftCluster.getLeader(MiniRaftCluster.java:532)
	at org.apache.ratis.RaftTestUtil.lambda$waitForLeader$3(RaftTestUtil.java:98)
	at org.apache.ratis.util.JavaUtils.attempt(JavaUtils.java:152)
	at org.apache.ratis.RaftTestUtil.waitForLeader(RaftTestUtil.java:97)
	at org.apache.ratis.RaftTestUtil.waitForLeader(RaftTestUtil.java:77)
	at org.apache.ratis.RaftTestUtil.waitForLeader(RaftTestUtil.java:72)
	at org.apache.ratis.statemachine.RaftSnapshotBaseTest.testRestartPeer(RaftSnapshotBaseTest.java:125)
	at sun.reflect.NativeMethodAccessorImpl.invoke0(Native Method)
	at sun.reflect.NativeMethodAccessorImpl.invoke(NativeMethodAccessorImpl.java:62)
	at sun.reflect.DelegatingMethodAccessorImpl.invoke(DelegatingMethodAccessorImpl.java:43)
	at java.lang.reflect.Method.invoke(Method.java:498)
	at org.junit.runners.model.FrameworkMethod$1.runReflectiveCall(FrameworkMethod.java:50)
	at org.junit.internal.runners.model.ReflectiveCallable.run(ReflectiveCallable.java:12)
	at org.junit.runners.model.FrameworkMethod.invokeExplosively(FrameworkMethod.java:47)
	at org.junit.internal.runners.statements.InvokeMethod.evaluate(InvokeMethod.java:17)
	at org.junit.internal.runners.statements.RunBefores.evaluate(RunBefores.java:26)
	at org.junit.internal.runners.statements.RunAfters.evaluate(RunAfters.java:27)
	at org.junit.internal.runners.statements.FailOnTimeout$CallableStatement.call(FailOnTimeout.java:298)
	at org.junit.internal.runners.statements.FailOnTimeout$CallableStatement.call(FailOnTimeout.java:292)
	at java.util.concurrent.FutureTask.run(FutureTask.java:266)
	at java.lang.Thread.run(Thread.java:748)
2019-09-24 17:06:02,294 WARN  ratis.RaftTestUtil (JavaUtils.java:attempt(158)) - FAILED "waitForLeader-null-(expectLeader? true)", attempt #4/100: java.lang.IllegalStateException: No leader yet : printing ALL groups
  s0:  RUNNING CANDIDATE s0@group-F46F844F1B04:t1, leader=null, voted=s0, raftlog=s0@group-F46F844F1B04-SegmentedRaftLog:OPENED:c-1,f-1,i0, conf=-1: [s0:0.0.0.0:37788], old=null RUNNING, sleep 450ms and then retry.
java.lang.IllegalStateException: No leader yet : printing ALL groups
  s0:  RUNNING CANDIDATE s0@group-F46F844F1B04:t1, leader=null, voted=s0, raftlog=s0@group-F46F844F1B04-SegmentedRaftLog:OPENED:c-1,f-1,i0, conf=-1: [s0:0.0.0.0:37788], old=null RUNNING
	at org.apache.ratis.MiniRaftCluster.newIllegalStateExceptionForNoLeaders(MiniRaftCluster.java:506)
	at org.apache.ratis.RaftTestUtil.lambda$waitForLeader$1(RaftTestUtil.java:90)
	at org.apache.ratis.MiniRaftCluster.getLeader(MiniRaftCluster.java:539)
	at org.apache.ratis.MiniRaftCluster.getLeader(MiniRaftCluster.java:532)
	at org.apache.ratis.RaftTestUtil.lambda$waitForLeader$3(RaftTestUtil.java:98)
	at org.apache.ratis.util.JavaUtils.attempt(JavaUtils.java:152)
	at org.apache.ratis.RaftTestUtil.waitForLeader(RaftTestUtil.java:97)
	at org.apache.ratis.RaftTestUtil.waitForLeader(RaftTestUtil.java:77)
	at org.apache.ratis.RaftTestUtil.waitForLeader(RaftTestUtil.java:72)
	at org.apache.ratis.statemachine.RaftSnapshotBaseTest.testRestartPeer(RaftSnapshotBaseTest.java:125)
	at sun.reflect.NativeMethodAccessorImpl.invoke0(Native Method)
	at sun.reflect.NativeMethodAccessorImpl.invoke(NativeMethodAccessorImpl.java:62)
	at sun.reflect.DelegatingMethodAccessorImpl.invoke(DelegatingMethodAccessorImpl.java:43)
	at java.lang.reflect.Method.invoke(Method.java:498)
	at org.junit.runners.model.FrameworkMethod$1.runReflectiveCall(FrameworkMethod.java:50)
	at org.junit.internal.runners.model.ReflectiveCallable.run(ReflectiveCallable.java:12)
	at org.junit.runners.model.FrameworkMethod.invokeExplosively(FrameworkMethod.java:47)
	at org.junit.internal.runners.statements.InvokeMethod.evaluate(InvokeMethod.java:17)
	at org.junit.internal.runners.statements.RunBefores.evaluate(RunBefores.java:26)
	at org.junit.internal.runners.statements.RunAfters.evaluate(RunAfters.java:27)
	at org.junit.internal.runners.statements.FailOnTimeout$CallableStatement.call(FailOnTimeout.java:298)
	at org.junit.internal.runners.statements.FailOnTimeout$CallableStatement.call(FailOnTimeout.java:292)
	at java.util.concurrent.FutureTask.run(FutureTask.java:266)
	at java.lang.Thread.run(Thread.java:748)
2019-09-24 17:06:02,746 WARN  ratis.RaftTestUtil (JavaUtils.java:attempt(158)) - FAILED "waitForLeader-null-(expectLeader? true)", attempt #5/100: java.lang.IllegalStateException: No leader yet : printing ALL groups
  s0:  RUNNING CANDIDATE s0@group-F46F844F1B04:t1, leader=null, voted=s0, raftlog=s0@group-F46F844F1B04-SegmentedRaftLog:OPENED:c-1,f-1,i0, conf=-1: [s0:0.0.0.0:37788], old=null RUNNING, sleep 450ms and then retry.
java.lang.IllegalStateException: No leader yet : printing ALL groups
  s0:  RUNNING CANDIDATE s0@group-F46F844F1B04:t1, leader=null, voted=s0, raftlog=s0@group-F46F844F1B04-SegmentedRaftLog:OPENED:c-1,f-1,i0, conf=-1: [s0:0.0.0.0:37788], old=null RUNNING
	at org.apache.ratis.MiniRaftCluster.newIllegalStateExceptionForNoLeaders(MiniRaftCluster.java:506)
	at org.apache.ratis.RaftTestUtil.lambda$waitForLeader$1(RaftTestUtil.java:90)
	at org.apache.ratis.MiniRaftCluster.getLeader(MiniRaftCluster.java:539)
	at org.apache.ratis.MiniRaftCluster.getLeader(MiniRaftCluster.java:532)
	at org.apache.ratis.RaftTestUtil.lambda$waitForLeader$3(RaftTestUtil.java:98)
	at org.apache.ratis.util.JavaUtils.attempt(JavaUtils.java:152)
	at org.apache.ratis.RaftTestUtil.waitForLeader(RaftTestUtil.java:97)
	at org.apache.ratis.RaftTestUtil.waitForLeader(RaftTestUtil.java:77)
	at org.apache.ratis.RaftTestUtil.waitForLeader(RaftTestUtil.java:72)
	at org.apache.ratis.statemachine.RaftSnapshotBaseTest.testRestartPeer(RaftSnapshotBaseTest.java:125)
	at sun.reflect.NativeMethodAccessorImpl.invoke0(Native Method)
	at sun.reflect.NativeMethodAccessorImpl.invoke(NativeMethodAccessorImpl.java:62)
	at sun.reflect.DelegatingMethodAccessorImpl.invoke(DelegatingMethodAccessorImpl.java:43)
	at java.lang.reflect.Method.invoke(Method.java:498)
	at org.junit.runners.model.FrameworkMethod$1.runReflectiveCall(FrameworkMethod.java:50)
	at org.junit.internal.runners.model.ReflectiveCallable.run(ReflectiveCallable.java:12)
	at org.junit.runners.model.FrameworkMethod.invokeExplosively(FrameworkMethod.java:47)
	at org.junit.internal.runners.statements.InvokeMethod.evaluate(InvokeMethod.java:17)
	at org.junit.internal.runners.statements.RunBefores.evaluate(RunBefores.java:26)
	at org.junit.internal.runners.statements.RunAfters.evaluate(RunAfters.java:27)
	at org.junit.internal.runners.statements.FailOnTimeout$CallableStatement.call(FailOnTimeout.java:298)
	at org.junit.internal.runners.statements.FailOnTimeout$CallableStatement.call(FailOnTimeout.java:292)
	at java.util.concurrent.FutureTask.run(FutureTask.java:266)
	at java.lang.Thread.run(Thread.java:748)
2019-09-24 17:06:03,198 WARN  ratis.RaftTestUtil (JavaUtils.java:attempt(158)) - FAILED "waitForLeader-null-(expectLeader? true)", attempt #6/100: java.lang.IllegalStateException: No leader yet : printing ALL groups
  s0:  RUNNING CANDIDATE s0@group-F46F844F1B04:t1, leader=null, voted=s0, raftlog=s0@group-F46F844F1B04-SegmentedRaftLog:OPENED:c-1,f-1,i0, conf=-1: [s0:0.0.0.0:37788], old=null RUNNING, sleep 450ms and then retry.
java.lang.IllegalStateException: No leader yet : printing ALL groups
  s0:  RUNNING CANDIDATE s0@group-F46F844F1B04:t1, leader=null, voted=s0, raftlog=s0@group-F46F844F1B04-SegmentedRaftLog:OPENED:c-1,f-1,i0, conf=-1: [s0:0.0.0.0:37788], old=null RUNNING
	at org.apache.ratis.MiniRaftCluster.newIllegalStateExceptionForNoLeaders(MiniRaftCluster.java:506)
	at org.apache.ratis.RaftTestUtil.lambda$waitForLeader$1(RaftTestUtil.java:90)
	at org.apache.ratis.MiniRaftCluster.getLeader(MiniRaftCluster.java:539)
	at org.apache.ratis.MiniRaftCluster.getLeader(MiniRaftCluster.java:532)
	at org.apache.ratis.RaftTestUtil.lambda$waitForLeader$3(RaftTestUtil.java:98)
	at org.apache.ratis.util.JavaUtils.attempt(JavaUtils.java:152)
	at org.apache.ratis.RaftTestUtil.waitForLeader(RaftTestUtil.java:97)
	at org.apache.ratis.RaftTestUtil.waitForLeader(RaftTestUtil.java:77)
	at org.apache.ratis.RaftTestUtil.waitForLeader(RaftTestUtil.java:72)
	at org.apache.ratis.statemachine.RaftSnapshotBaseTest.testRestartPeer(RaftSnapshotBaseTest.java:125)
	at sun.reflect.NativeMethodAccessorImpl.invoke0(Native Method)
	at sun.reflect.NativeMethodAccessorImpl.invoke(NativeMethodAccessorImpl.java:62)
	at sun.reflect.DelegatingMethodAccessorImpl.invoke(DelegatingMethodAccessorImpl.java:43)
	at java.lang.reflect.Method.invoke(Method.java:498)
	at org.junit.runners.model.FrameworkMethod$1.runReflectiveCall(FrameworkMethod.java:50)
	at org.junit.internal.runners.model.ReflectiveCallable.run(ReflectiveCallable.java:12)
	at org.junit.runners.model.FrameworkMethod.invokeExplosively(FrameworkMethod.java:47)
	at org.junit.internal.runners.statements.InvokeMethod.evaluate(InvokeMethod.java:17)
	at org.junit.internal.runners.statements.RunBefores.evaluate(RunBefores.java:26)
	at org.junit.internal.runners.statements.RunAfters.evaluate(RunAfters.java:27)
	at org.junit.internal.runners.statements.FailOnTimeout$CallableStatement.call(FailOnTimeout.java:298)
	at org.junit.internal.runners.statements.FailOnTimeout$CallableStatement.call(FailOnTimeout.java:292)
	at java.util.concurrent.FutureTask.run(FutureTask.java:266)
	at java.lang.Thread.run(Thread.java:748)
2019-09-24 17:06:03,651 WARN  ratis.RaftTestUtil (JavaUtils.java:attempt(158)) - FAILED "waitForLeader-null-(expectLeader? true)", attempt #7/100: java.lang.IllegalStateException: No leader yet : printing ALL groups
  s0:  RUNNING CANDIDATE s0@group-F46F844F1B04:t1, leader=null, voted=s0, raftlog=s0@group-F46F844F1B04-SegmentedRaftLog:OPENED:c-1,f-1,i0, conf=-1: [s0:0.0.0.0:37788], old=null RUNNING, sleep 450ms and then retry.
java.lang.IllegalStateException: No leader yet : printing ALL groups
  s0:  RUNNING CANDIDATE s0@group-F46F844F1B04:t1, leader=null, voted=s0, raftlog=s0@group-F46F844F1B04-SegmentedRaftLog:OPENED:c-1,f-1,i0, conf=-1: [s0:0.0.0.0:37788], old=null RUNNING
	at org.apache.ratis.MiniRaftCluster.newIllegalStateExceptionForNoLeaders(MiniRaftCluster.java:506)
	at org.apache.ratis.RaftTestUtil.lambda$waitForLeader$1(RaftTestUtil.java:90)
	at org.apache.ratis.MiniRaftCluster.getLeader(MiniRaftCluster.java:539)
	at org.apache.ratis.MiniRaftCluster.getLeader(MiniRaftCluster.java:532)
	at org.apache.ratis.RaftTestUtil.lambda$waitForLeader$3(RaftTestUtil.java:98)
	at org.apache.ratis.util.JavaUtils.attempt(JavaUtils.java:152)
	at org.apache.ratis.RaftTestUtil.waitForLeader(RaftTestUtil.java:97)
	at org.apache.ratis.RaftTestUtil.waitForLeader(RaftTestUtil.java:77)
	at org.apache.ratis.RaftTestUtil.waitForLeader(RaftTestUtil.java:72)
	at org.apache.ratis.statemachine.RaftSnapshotBaseTest.testRestartPeer(RaftSnapshotBaseTest.java:125)
	at sun.reflect.NativeMethodAccessorImpl.invoke0(Native Method)
	at sun.reflect.NativeMethodAccessorImpl.invoke(NativeMethodAccessorImpl.java:62)
	at sun.reflect.DelegatingMethodAccessorImpl.invoke(DelegatingMethodAccessorImpl.java:43)
	at java.lang.reflect.Method.invoke(Method.java:498)
	at org.junit.runners.model.FrameworkMethod$1.runReflectiveCall(FrameworkMethod.java:50)
	at org.junit.internal.runners.model.ReflectiveCallable.run(ReflectiveCallable.java:12)
	at org.junit.runners.model.FrameworkMethod.invokeExplosively(FrameworkMethod.java:47)
	at org.junit.internal.runners.statements.InvokeMethod.evaluate(InvokeMethod.java:17)
	at org.junit.internal.runners.statements.RunBefores.evaluate(RunBefores.java:26)
	at org.junit.internal.runners.statements.RunAfters.evaluate(RunAfters.java:27)
	at org.junit.internal.runners.statements.FailOnTimeout$CallableStatement.call(FailOnTimeout.java:298)
	at org.junit.internal.runners.statements.FailOnTimeout$CallableStatement.call(FailOnTimeout.java:292)
	at java.util.concurrent.FutureTask.run(FutureTask.java:266)
	at java.lang.Thread.run(Thread.java:748)
2019-09-24 17:06:04,103 WARN  ratis.RaftTestUtil (JavaUtils.java:attempt(158)) - FAILED "waitForLeader-null-(expectLeader? true)", attempt #8/100: java.lang.IllegalStateException: No leader yet : printing ALL groups
  s0:  RUNNING CANDIDATE s0@group-F46F844F1B04:t1, leader=null, voted=s0, raftlog=s0@group-F46F844F1B04-SegmentedRaftLog:OPENED:c-1,f-1,i0, conf=-1: [s0:0.0.0.0:37788], old=null RUNNING, sleep 450ms and then retry.
java.lang.IllegalStateException: No leader yet : printing ALL groups
  s0:  RUNNING CANDIDATE s0@group-F46F844F1B04:t1, leader=null, voted=s0, raftlog=s0@group-F46F844F1B04-SegmentedRaftLog:OPENED:c-1,f-1,i0, conf=-1: [s0:0.0.0.0:37788], old=null RUNNING
	at org.apache.ratis.MiniRaftCluster.newIllegalStateExceptionForNoLeaders(MiniRaftCluster.java:506)
	at org.apache.ratis.RaftTestUtil.lambda$waitForLeader$1(RaftTestUtil.java:90)
	at org.apache.ratis.MiniRaftCluster.getLeader(MiniRaftCluster.java:539)
	at org.apache.ratis.MiniRaftCluster.getLeader(MiniRaftCluster.java:532)
	at org.apache.ratis.RaftTestUtil.lambda$waitForLeader$3(RaftTestUtil.java:98)
	at org.apache.ratis.util.JavaUtils.attempt(JavaUtils.java:152)
	at org.apache.ratis.RaftTestUtil.waitForLeader(RaftTestUtil.java:97)
	at org.apache.ratis.RaftTestUtil.waitForLeader(RaftTestUtil.java:77)
	at org.apache.ratis.RaftTestUtil.waitForLeader(RaftTestUtil.java:72)
	at org.apache.ratis.statemachine.RaftSnapshotBaseTest.testRestartPeer(RaftSnapshotBaseTest.java:125)
	at sun.reflect.NativeMethodAccessorImpl.invoke0(Native Method)
	at sun.reflect.NativeMethodAccessorImpl.invoke(NativeMethodAccessorImpl.java:62)
	at sun.reflect.DelegatingMethodAccessorImpl.invoke(DelegatingMethodAccessorImpl.java:43)
	at java.lang.reflect.Method.invoke(Method.java:498)
	at org.junit.runners.model.FrameworkMethod$1.runReflectiveCall(FrameworkMethod.java:50)
	at org.junit.internal.runners.model.ReflectiveCallable.run(ReflectiveCallable.java:12)
	at org.junit.runners.model.FrameworkMethod.invokeExplosively(FrameworkMethod.java:47)
	at org.junit.internal.runners.statements.InvokeMethod.evaluate(InvokeMethod.java:17)
	at org.junit.internal.runners.statements.RunBefores.evaluate(RunBefores.java:26)
	at org.junit.internal.runners.statements.RunAfters.evaluate(RunAfters.java:27)
	at org.junit.internal.runners.statements.FailOnTimeout$CallableStatement.call(FailOnTimeout.java:298)
	at org.junit.internal.runners.statements.FailOnTimeout$CallableStatement.call(FailOnTimeout.java:292)
	at java.util.concurrent.FutureTask.run(FutureTask.java:266)
	at java.lang.Thread.run(Thread.java:748)
2019-09-24 17:06:04,127 INFO  impl.LeaderElection (LeaderElection.java:askForVotes(178)) - s0@group-F46F844F1B04-LeaderElection1: begin an election at term 1 for -1: [s0:0.0.0.0:37788], old=null
2019-09-24 17:06:04,130 INFO  impl.RoleInfo (RoleInfo.java:shutdownLeaderElection(134)) - s0: shutdown LeaderElection
2019-09-24 17:06:04,131 INFO  impl.RaftServerImpl (RaftServerImpl.java:setRole(170)) - s0@group-F46F844F1B04: changes role from CANDIDATE to LEADER at term 1 for changeToLeader
2019-09-24 17:06:04,131 INFO  impl.RaftServerImpl (ServerState.java:setLeader(254)) - s0@group-F46F844F1B04: change Leader from null to s0 at term 1 for becomeLeader, leader elected after 3591ms
2019-09-24 17:06:04,139 INFO  server.RaftServerConfigKeys (ConfUtils.java:logGet(43)) - raft.server.staging.catchup.gap = 1000 (default)
2019-09-24 17:06:04,139 INFO  server.RaftServerConfigKeys (ConfUtils.java:logGet(43)) - raft.server.rpc.sleep.time = 25ms (default)
2019-09-24 17:06:04,146 INFO  server.RaftServerConfigKeys (ConfUtils.java:logGet(43)) - raft.server.write.element-limit = 4096 (default)
2019-09-24 17:06:04,153 INFO  server.RaftServerConfigKeys (ConfUtils.java:logGet(43)) - raft.server.watch.timeout = 10s (default)
2019-09-24 17:06:04,154 INFO  server.RaftServerConfigKeys (ConfUtils.java:logGet(43)) - raft.server.watch.timeout.denomination = 1s (default)
2019-09-24 17:06:04,155 INFO  server.RaftServerConfigKeys (ConfUtils.java:logGet(43)) - raft.server.watch.element-limit = 65536 (default)
2019-09-24 17:06:04,178 INFO  impl.RoleInfo (RoleInfo.java:updateAndGet(143)) - s0: start LeaderState
2019-09-24 17:06:04,213 DEBUG raftlog.RaftLog (SegmentedRaftLog.java:appendImpl(425)) - truncateIndex=-1, arrayIndex=0
2019-09-24 17:06:04,217 INFO  segmented.SegmentedRaftLogWorker (SegmentedRaftLogWorker.java:startLogSegment(380)) - s0@group-F46F844F1B04-SegmentedRaftLogWorker: Starting segment from index:0
2019-09-24 17:06:04,237 INFO  impl.RaftServerImpl (ServerState.java:setRaftConf(355)) - s0@group-F46F844F1B04: set configuration 0: [s0:0.0.0.0:37788], old=null at 0
2019-09-24 17:06:04,555 INFO  ratis.RaftTestUtil (RaftTestUtil.java:waitForLeader(101)) - printing ALL groups
  s0:  RUNNING    LEADER s0@group-F46F844F1B04:t1, leader=s0, voted=s0, raftlog=s0@group-F46F844F1B04-SegmentedRaftLog:OPENED:c-1,f-1,i0, conf=0: [s0:0.0.0.0:37788], old=null RUNNING
2019-09-24 17:06:04,562 DEBUG client.RaftClient (ConfUtils.java:logGet(43)) - raft.rpc.type = org.apache.ratis.server.simulation.SimulatedRpc (custom)
2019-09-24 17:06:04,585 DEBUG client.RaftClient (RaftClientImpl.java:sendRequest(275)) - client-CDAE5E67C236: send RaftClientRequest:client-CDAE5E67C236->s0@group-F46F844F1B04, cid=0, seq=0, RW, m0
2019-09-24 17:06:04,590 DEBUG impl.RaftServerImpl (RaftServerImpl.java:submitClientRequestAsync(533)) - s0@group-F46F844F1B04: receive client request(RaftClientRequest:client-CDAE5E67C236->s0@group-F46F844F1B04, cid=0, seq=0, RW, m0)
2019-09-24 17:06:04,625 DEBUG client.RaftClient (RaftClientImpl.java:sendRequest(285)) - client-CDAE5E67C236: receive RaftClientReply:client-CDAE5E67C236->s0@group-F46F844F1B04, cid=0, FAILED org.apache.ratis.protocol.LeaderNotReadyException: s0@group-F46F844F1B04 is in LEADER state but not ready yet., logIndex=0, commits[s0:c-1]
2019-09-24 17:06:04,726 DEBUG client.RaftClient (RaftClientImpl.java:sendRequest(275)) - client-CDAE5E67C236: send RaftClientRequest:client-CDAE5E67C236->s0@group-F46F844F1B04, cid=0, seq=0, RW, m0
2019-09-24 17:06:04,727 DEBUG impl.RaftServerImpl (RaftServerImpl.java:submitClientRequestAsync(533)) - s0@group-F46F844F1B04: receive client request(RaftClientRequest:client-CDAE5E67C236->s0@group-F46F844F1B04, cid=0, seq=0, RW, m0)
2019-09-24 17:06:04,745 DEBUG client.RaftClient (RaftClientImpl.java:sendRequest(285)) - client-CDAE5E67C236: receive RaftClientReply:client-CDAE5E67C236->s0@group-F46F844F1B04, cid=0, FAILED org.apache.ratis.protocol.LeaderNotReadyException: s0@group-F46F844F1B04 is in LEADER state but not ready yet., logIndex=0, commits[s0:c-1]
2019-09-24 17:06:04,845 DEBUG client.RaftClient (RaftClientImpl.java:sendRequest(275)) - client-CDAE5E67C236: send RaftClientRequest:client-CDAE5E67C236->s0@group-F46F844F1B04, cid=0, seq=0, RW, m0
2019-09-24 17:06:04,846 DEBUG impl.RaftServerImpl (RaftServerImpl.java:submitClientRequestAsync(533)) - s0@group-F46F844F1B04: receive client request(RaftClientRequest:client-CDAE5E67C236->s0@group-F46F844F1B04, cid=0, seq=0, RW, m0)
2019-09-24 17:06:04,866 DEBUG client.RaftClient (RaftClientImpl.java:sendRequest(285)) - client-CDAE5E67C236: receive RaftClientReply:client-CDAE5E67C236->s0@group-F46F844F1B04, cid=0, FAILED org.apache.ratis.protocol.LeaderNotReadyException: s0@group-F46F844F1B04 is in LEADER state but not ready yet., logIndex=0, commits[s0:c-1]
2019-09-24 17:06:04,967 DEBUG client.RaftClient (RaftClientImpl.java:sendRequest(275)) - client-CDAE5E67C236: send RaftClientRequest:client-CDAE5E67C236->s0@group-F46F844F1B04, cid=0, seq=0, RW, m0
2019-09-24 17:06:04,967 DEBUG impl.RaftServerImpl (RaftServerImpl.java:submitClientRequestAsync(533)) - s0@group-F46F844F1B04: receive client request(RaftClientRequest:client-CDAE5E67C236->s0@group-F46F844F1B04, cid=0, seq=0, RW, m0)
2019-09-24 17:06:04,978 DEBUG client.RaftClient (RaftClientImpl.java:sendRequest(285)) - client-CDAE5E67C236: receive RaftClientReply:client-CDAE5E67C236->s0@group-F46F844F1B04, cid=0, FAILED org.apache.ratis.protocol.LeaderNotReadyException: s0@group-F46F844F1B04 is in LEADER state but not ready yet., logIndex=0, commits[s0:c-1]
2019-09-24 17:06:05,079 DEBUG client.RaftClient (RaftClientImpl.java:sendRequest(275)) - client-CDAE5E67C236: send RaftClientRequest:client-CDAE5E67C236->s0@group-F46F844F1B04, cid=0, seq=0, RW, m0
2019-09-24 17:06:05,079 DEBUG impl.RaftServerImpl (RaftServerImpl.java:submitClientRequestAsync(533)) - s0@group-F46F844F1B04: receive client request(RaftClientRequest:client-CDAE5E67C236->s0@group-F46F844F1B04, cid=0, seq=0, RW, m0)
2019-09-24 17:06:05,090 DEBUG client.RaftClient (RaftClientImpl.java:sendRequest(285)) - client-CDAE5E67C236: receive RaftClientReply:client-CDAE5E67C236->s0@group-F46F844F1B04, cid=0, FAILED org.apache.ratis.protocol.LeaderNotReadyException: s0@group-F46F844F1B04 is in LEADER state but not ready yet., logIndex=0, commits[s0:c-1]
2019-09-24 17:06:05,191 DEBUG client.RaftClient (RaftClientImpl.java:sendRequest(275)) - client-CDAE5E67C236: send RaftClientRequest:client-CDAE5E67C236->s0@group-F46F844F1B04, cid=0, seq=0, RW, m0
2019-09-24 17:06:05,191 DEBUG impl.RaftServerImpl (RaftServerImpl.java:submitClientRequestAsync(533)) - s0@group-F46F844F1B04: receive client request(RaftClientRequest:client-CDAE5E67C236->s0@group-F46F844F1B04, cid=0, seq=0, RW, m0)
2019-09-24 17:06:05,211 DEBUG client.RaftClient (RaftClientImpl.java:sendRequest(285)) - client-CDAE5E67C236: receive RaftClientReply:client-CDAE5E67C236->s0@group-F46F844F1B04, cid=0, FAILED org.apache.ratis.protocol.LeaderNotReadyException: s0@group-F46F844F1B04 is in LEADER state but not ready yet., logIndex=0, commits[s0:c-1]
2019-09-24 17:06:05,312 DEBUG client.RaftClient (RaftClientImpl.java:sendRequest(275)) - client-CDAE5E67C236: send RaftClientRequest:client-CDAE5E67C236->s0@group-F46F844F1B04, cid=0, seq=0, RW, m0
2019-09-24 17:06:05,312 DEBUG impl.RaftServerImpl (RaftServerImpl.java:submitClientRequestAsync(533)) - s0@group-F46F844F1B04: receive client request(RaftClientRequest:client-CDAE5E67C236->s0@group-F46F844F1B04, cid=0, seq=0, RW, m0)
2019-09-24 17:06:05,330 DEBUG client.RaftClient (RaftClientImpl.java:sendRequest(285)) - client-CDAE5E67C236: receive RaftClientReply:client-CDAE5E67C236->s0@group-F46F844F1B04, cid=0, FAILED org.apache.ratis.protocol.LeaderNotReadyException: s0@group-F46F844F1B04 is in LEADER state but not ready yet., logIndex=0, commits[s0:c-1]
2019-09-24 17:06:05,430 DEBUG client.RaftClient (RaftClientImpl.java:sendRequest(275)) - client-CDAE5E67C236: send RaftClientRequest:client-CDAE5E67C236->s0@group-F46F844F1B04, cid=0, seq=0, RW, m0
2019-09-24 17:06:05,431 DEBUG impl.RaftServerImpl (RaftServerImpl.java:submitClientRequestAsync(533)) - s0@group-F46F844F1B04: receive client request(RaftClientRequest:client-CDAE5E67C236->s0@group-F46F844F1B04, cid=0, seq=0, RW, m0)
2019-09-24 17:06:05,450 DEBUG client.RaftClient (RaftClientImpl.java:sendRequest(285)) - client-CDAE5E67C236: receive RaftClientReply:client-CDAE5E67C236->s0@group-F46F844F1B04, cid=0, FAILED org.apache.ratis.protocol.LeaderNotReadyException: s0@group-F46F844F1B04 is in LEADER state but not ready yet., logIndex=0, commits[s0:c-1]
2019-09-24 17:06:05,550 DEBUG client.RaftClient (RaftClientImpl.java:sendRequest(275)) - client-CDAE5E67C236: send RaftClientRequest:client-CDAE5E67C236->s0@group-F46F844F1B04, cid=0, seq=0, RW, m0
2019-09-24 17:06:05,551 DEBUG impl.RaftServerImpl (RaftServerImpl.java:submitClientRequestAsync(533)) - s0@group-F46F844F1B04: receive client request(RaftClientRequest:client-CDAE5E67C236->s0@group-F46F844F1B04, cid=0, seq=0, RW, m0)
2019-09-24 17:06:05,570 DEBUG client.RaftClient (RaftClientImpl.java:sendRequest(285)) - client-CDAE5E67C236: receive RaftClientReply:client-CDAE5E67C236->s0@group-F46F844F1B04, cid=0, FAILED org.apache.ratis.protocol.LeaderNotReadyException: s0@group-F46F844F1B04 is in LEADER state but not ready yet., logIndex=0, commits[s0:c-1]
2019-09-24 17:06:05,670 DEBUG client.RaftClient (RaftClientImpl.java:sendRequest(275)) - client-CDAE5E67C236: send RaftClientRequest:client-CDAE5E67C236->s0@group-F46F844F1B04, cid=0, seq=0, RW, m0
2019-09-24 17:06:05,671 DEBUG impl.RaftServerImpl (RaftServerImpl.java:submitClientRequestAsync(533)) - s0@group-F46F844F1B04: receive client request(RaftClientRequest:client-CDAE5E67C236->s0@group-F46F844F1B04, cid=0, seq=0, RW, m0)
2019-09-24 17:06:05,683 DEBUG client.RaftClient (RaftClientImpl.java:sendRequest(285)) - client-CDAE5E67C236: receive RaftClientReply:client-CDAE5E67C236->s0@group-F46F844F1B04, cid=0, FAILED org.apache.ratis.protocol.LeaderNotReadyException: s0@group-F46F844F1B04 is in LEADER state but not ready yet., logIndex=0, commits[s0:c-1]
2019-09-24 17:06:05,784 DEBUG client.RaftClient (RaftClientImpl.java:sendRequest(275)) - client-CDAE5E67C236: send RaftClientRequest:client-CDAE5E67C236->s0@group-F46F844F1B04, cid=0, seq=0, RW, m0
2019-09-24 17:06:05,784 DEBUG impl.RaftServerImpl (RaftServerImpl.java:submitClientRequestAsync(533)) - s0@group-F46F844F1B04: receive client request(RaftClientRequest:client-CDAE5E67C236->s0@group-F46F844F1B04, cid=0, seq=0, RW, m0)
2019-09-24 17:06:05,797 DEBUG client.RaftClient (RaftClientImpl.java:sendRequest(285)) - client-CDAE5E67C236: receive RaftClientReply:client-CDAE5E67C236->s0@group-F46F844F1B04, cid=0, FAILED org.apache.ratis.protocol.LeaderNotReadyException: s0@group-F46F844F1B04 is in LEADER state but not ready yet., logIndex=0, commits[s0:c-1]
2019-09-24 17:06:05,898 DEBUG client.RaftClient (RaftClientImpl.java:sendRequest(275)) - client-CDAE5E67C236: send RaftClientRequest:client-CDAE5E67C236->s0@group-F46F844F1B04, cid=0, seq=0, RW, m0
2019-09-24 17:06:05,898 DEBUG impl.RaftServerImpl (RaftServerImpl.java:submitClientRequestAsync(533)) - s0@group-F46F844F1B04: receive client request(RaftClientRequest:client-CDAE5E67C236->s0@group-F46F844F1B04, cid=0, seq=0, RW, m0)
2019-09-24 17:06:05,918 DEBUG client.RaftClient (RaftClientImpl.java:sendRequest(285)) - client-CDAE5E67C236: receive RaftClientReply:client-CDAE5E67C236->s0@group-F46F844F1B04, cid=0, FAILED org.apache.ratis.protocol.LeaderNotReadyException: s0@group-F46F844F1B04 is in LEADER state but not ready yet., logIndex=0, commits[s0:c-1]
2019-09-24 17:06:06,019 DEBUG client.RaftClient (RaftClientImpl.java:sendRequest(275)) - client-CDAE5E67C236: send RaftClientRequest:client-CDAE5E67C236->s0@group-F46F844F1B04, cid=0, seq=0, RW, m0
2019-09-24 17:06:06,019 DEBUG impl.RaftServerImpl (RaftServerImpl.java:submitClientRequestAsync(533)) - s0@group-F46F844F1B04: receive client request(RaftClientRequest:client-CDAE5E67C236->s0@group-F46F844F1B04, cid=0, seq=0, RW, m0)
2019-09-24 17:06:06,034 DEBUG client.RaftClient (RaftClientImpl.java:sendRequest(285)) - client-CDAE5E67C236: receive RaftClientReply:client-CDAE5E67C236->s0@group-F46F844F1B04, cid=0, FAILED org.apache.ratis.protocol.LeaderNotReadyException: s0@group-F46F844F1B04 is in LEADER state but not ready yet., logIndex=0, commits[s0:c-1]
2019-09-24 17:06:06,135 DEBUG client.RaftClient (RaftClientImpl.java:sendRequest(275)) - client-CDAE5E67C236: send RaftClientRequest:client-CDAE5E67C236->s0@group-F46F844F1B04, cid=0, seq=0, RW, m0
2019-09-24 17:06:06,135 DEBUG impl.RaftServerImpl (RaftServerImpl.java:submitClientRequestAsync(533)) - s0@group-F46F844F1B04: receive client request(RaftClientRequest:client-CDAE5E67C236->s0@group-F46F844F1B04, cid=0, seq=0, RW, m0)
2019-09-24 17:06:06,155 DEBUG client.RaftClient (RaftClientImpl.java:sendRequest(285)) - client-CDAE5E67C236: receive RaftClientReply:client-CDAE5E67C236->s0@group-F46F844F1B04, cid=0, FAILED org.apache.ratis.protocol.LeaderNotReadyException: s0@group-F46F844F1B04 is in LEADER state but not ready yet., logIndex=0, commits[s0:c-1]
2019-09-24 17:06:06,255 DEBUG client.RaftClient (RaftClientImpl.java:sendRequest(275)) - client-CDAE5E67C236: send RaftClientRequest:client-CDAE5E67C236->s0@group-F46F844F1B04, cid=0, seq=0, RW, m0
2019-09-24 17:06:06,256 DEBUG impl.RaftServerImpl (RaftServerImpl.java:submitClientRequestAsync(533)) - s0@group-F46F844F1B04: receive client request(RaftClientRequest:client-CDAE5E67C236->s0@group-F46F844F1B04, cid=0, seq=0, RW, m0)
2019-09-24 17:06:06,270 DEBUG client.RaftClient (RaftClientImpl.java:sendRequest(285)) - client-CDAE5E67C236: receive RaftClientReply:client-CDAE5E67C236->s0@group-F46F844F1B04, cid=0, FAILED org.apache.ratis.protocol.LeaderNotReadyException: s0@group-F46F844F1B04 is in LEADER state but not ready yet., logIndex=0, commits[s0:c-1]
2019-09-24 17:06:06,370 DEBUG client.RaftClient (RaftClientImpl.java:sendRequest(275)) - client-CDAE5E67C236: send RaftClientRequest:client-CDAE5E67C236->s0@group-F46F844F1B04, cid=0, seq=0, RW, m0
2019-09-24 17:06:06,371 DEBUG impl.RaftServerImpl (RaftServerImpl.java:submitClientRequestAsync(533)) - s0@group-F46F844F1B04: receive client request(RaftClientRequest:client-CDAE5E67C236->s0@group-F46F844F1B04, cid=0, seq=0, RW, m0)
2019-09-24 17:06:06,389 DEBUG client.RaftClient (RaftClientImpl.java:sendRequest(285)) - client-CDAE5E67C236: receive RaftClientReply:client-CDAE5E67C236->s0@group-F46F844F1B04, cid=0, FAILED org.apache.ratis.protocol.LeaderNotReadyException: s0@group-F46F844F1B04 is in LEADER state but not ready yet., logIndex=0, commits[s0:c-1]
2019-09-24 17:06:06,489 DEBUG client.RaftClient (RaftClientImpl.java:sendRequest(275)) - client-CDAE5E67C236: send RaftClientRequest:client-CDAE5E67C236->s0@group-F46F844F1B04, cid=0, seq=0, RW, m0
2019-09-24 17:06:06,490 DEBUG impl.RaftServerImpl (RaftServerImpl.java:submitClientRequestAsync(533)) - s0@group-F46F844F1B04: receive client request(RaftClientRequest:client-CDAE5E67C236->s0@group-F46F844F1B04, cid=0, seq=0, RW, m0)
2019-09-24 17:06:06,500 DEBUG client.RaftClient (RaftClientImpl.java:sendRequest(285)) - client-CDAE5E67C236: receive RaftClientReply:client-CDAE5E67C236->s0@group-F46F844F1B04, cid=0, FAILED org.apache.ratis.protocol.LeaderNotReadyException: s0@group-F46F844F1B04 is in LEADER state but not ready yet., logIndex=0, commits[s0:c-1]
2019-09-24 17:06:06,601 DEBUG client.RaftClient (RaftClientImpl.java:sendRequest(275)) - client-CDAE5E67C236: send RaftClientRequest:client-CDAE5E67C236->s0@group-F46F844F1B04, cid=0, seq=0, RW, m0
2019-09-24 17:06:06,601 DEBUG impl.RaftServerImpl (RaftServerImpl.java:submitClientRequestAsync(533)) - s0@group-F46F844F1B04: receive client request(RaftClientRequest:client-CDAE5E67C236->s0@group-F46F844F1B04, cid=0, seq=0, RW, m0)
2019-09-24 17:06:06,612 DEBUG client.RaftClient (RaftClientImpl.java:sendRequest(285)) - client-CDAE5E67C236: receive RaftClientReply:client-CDAE5E67C236->s0@group-F46F844F1B04, cid=0, FAILED org.apache.ratis.protocol.LeaderNotReadyException: s0@group-F46F844F1B04 is in LEADER state but not ready yet., logIndex=0, commits[s0:c-1]
2019-09-24 17:06:06,713 DEBUG client.RaftClient (RaftClientImpl.java:sendRequest(275)) - client-CDAE5E67C236: send RaftClientRequest:client-CDAE5E67C236->s0@group-F46F844F1B04, cid=0, seq=0, RW, m0
2019-09-24 17:06:06,713 DEBUG impl.RaftServerImpl (RaftServerImpl.java:submitClientRequestAsync(533)) - s0@group-F46F844F1B04: receive client request(RaftClientRequest:client-CDAE5E67C236->s0@group-F46F844F1B04, cid=0, seq=0, RW, m0)
2019-09-24 17:06:06,725 DEBUG client.RaftClient (RaftClientImpl.java:sendRequest(285)) - client-CDAE5E67C236: receive RaftClientReply:client-CDAE5E67C236->s0@group-F46F844F1B04, cid=0, FAILED org.apache.ratis.protocol.LeaderNotReadyException: s0@group-F46F844F1B04 is in LEADER state but not ready yet., logIndex=0, commits[s0:c-1]
2019-09-24 17:06:06,826 DEBUG client.RaftClient (RaftClientImpl.java:sendRequest(275)) - client-CDAE5E67C236: send RaftClientRequest:client-CDAE5E67C236->s0@group-F46F844F1B04, cid=0, seq=0, RW, m0
2019-09-24 17:06:06,826 DEBUG impl.RaftServerImpl (RaftServerImpl.java:submitClientRequestAsync(533)) - s0@group-F46F844F1B04: receive client request(RaftClientRequest:client-CDAE5E67C236->s0@group-F46F844F1B04, cid=0, seq=0, RW, m0)
2019-09-24 17:06:06,838 DEBUG client.RaftClient (RaftClientImpl.java:sendRequest(285)) - client-CDAE5E67C236: receive RaftClientReply:client-CDAE5E67C236->s0@group-F46F844F1B04, cid=0, FAILED org.apache.ratis.protocol.LeaderNotReadyException: s0@group-F46F844F1B04 is in LEADER state but not ready yet., logIndex=0, commits[s0:c-1]
2019-09-24 17:06:06,938 DEBUG client.RaftClient (RaftClientImpl.java:sendRequest(275)) - client-CDAE5E67C236: send RaftClientRequest:client-CDAE5E67C236->s0@group-F46F844F1B04, cid=0, seq=0, RW, m0
2019-09-24 17:06:06,939 DEBUG impl.RaftServerImpl (RaftServerImpl.java:submitClientRequestAsync(533)) - s0@group-F46F844F1B04: receive client request(RaftClientRequest:client-CDAE5E67C236->s0@group-F46F844F1B04, cid=0, seq=0, RW, m0)
2019-09-24 17:06:06,956 DEBUG client.RaftClient (RaftClientImpl.java:sendRequest(285)) - client-CDAE5E67C236: receive RaftClientReply:client-CDAE5E67C236->s0@group-F46F844F1B04, cid=0, FAILED org.apache.ratis.protocol.LeaderNotReadyException: s0@group-F46F844F1B04 is in LEADER state but not ready yet., logIndex=0, commits[s0:c-1]
2019-09-24 17:06:07,057 DEBUG client.RaftClient (RaftClientImpl.java:sendRequest(275)) - client-CDAE5E67C236: send RaftClientRequest:client-CDAE5E67C236->s0@group-F46F844F1B04, cid=0, seq=0, RW, m0
2019-09-24 17:06:07,058 DEBUG impl.RaftServerImpl (RaftServerImpl.java:submitClientRequestAsync(533)) - s0@group-F46F844F1B04: receive client request(RaftClientRequest:client-CDAE5E67C236->s0@group-F46F844F1B04, cid=0, seq=0, RW, m0)
2019-09-24 17:06:07,071 DEBUG client.RaftClient (RaftClientImpl.java:sendRequest(285)) - client-CDAE5E67C236: receive RaftClientReply:client-CDAE5E67C236->s0@group-F46F844F1B04, cid=0, FAILED org.apache.ratis.protocol.LeaderNotReadyException: s0@group-F46F844F1B04 is in LEADER state but not ready yet., logIndex=0, commits[s0:c-1]
2019-09-24 17:06:07,171 DEBUG client.RaftClient (RaftClientImpl.java:sendRequest(275)) - client-CDAE5E67C236: send RaftClientRequest:client-CDAE5E67C236->s0@group-F46F844F1B04, cid=0, seq=0, RW, m0
2019-09-24 17:06:07,172 DEBUG impl.RaftServerImpl (RaftServerImpl.java:submitClientRequestAsync(533)) - s0@group-F46F844F1B04: receive client request(RaftClientRequest:client-CDAE5E67C236->s0@group-F46F844F1B04, cid=0, seq=0, RW, m0)
2019-09-24 17:06:07,189 DEBUG client.RaftClient (RaftClientImpl.java:sendRequest(285)) - client-CDAE5E67C236: receive RaftClientReply:client-CDAE5E67C236->s0@group-F46F844F1B04, cid=0, FAILED org.apache.ratis.protocol.LeaderNotReadyException: s0@group-F46F844F1B04 is in LEADER state but not ready yet., logIndex=0, commits[s0:c-1]
2019-09-24 17:06:07,289 DEBUG client.RaftClient (RaftClientImpl.java:sendRequest(275)) - client-CDAE5E67C236: send RaftClientRequest:client-CDAE5E67C236->s0@group-F46F844F1B04, cid=0, seq=0, RW, m0
2019-09-24 17:06:07,290 DEBUG impl.RaftServerImpl (RaftServerImpl.java:submitClientRequestAsync(533)) - s0@group-F46F844F1B04: receive client request(RaftClientRequest:client-CDAE5E67C236->s0@group-F46F844F1B04, cid=0, seq=0, RW, m0)
2019-09-24 17:06:07,309 DEBUG client.RaftClient (RaftClientImpl.java:sendRequest(285)) - client-CDAE5E67C236: receive RaftClientReply:client-CDAE5E67C236->s0@group-F46F844F1B04, cid=0, FAILED org.apache.ratis.protocol.LeaderNotReadyException: s0@group-F46F844F1B04 is in LEADER state but not ready yet., logIndex=0, commits[s0:c-1]
2019-09-24 17:06:07,410 DEBUG client.RaftClient (RaftClientImpl.java:sendRequest(275)) - client-CDAE5E67C236: send RaftClientRequest:client-CDAE5E67C236->s0@group-F46F844F1B04, cid=0, seq=0, RW, m0
2019-09-24 17:06:07,410 DEBUG impl.RaftServerImpl (RaftServerImpl.java:submitClientRequestAsync(533)) - s0@group-F46F844F1B04: receive client request(RaftClientRequest:client-CDAE5E67C236->s0@group-F46F844F1B04, cid=0, seq=0, RW, m0)
2019-09-24 17:06:07,422 DEBUG client.RaftClient (RaftClientImpl.java:sendRequest(285)) - client-CDAE5E67C236: receive RaftClientReply:client-CDAE5E67C236->s0@group-F46F844F1B04, cid=0, FAILED org.apache.ratis.protocol.LeaderNotReadyException: s0@group-F46F844F1B04 is in LEADER state but not ready yet., logIndex=0, commits[s0:c-1]
2019-09-24 17:06:07,523 DEBUG client.RaftClient (RaftClientImpl.java:sendRequest(275)) - client-CDAE5E67C236: send RaftClientRequest:client-CDAE5E67C236->s0@group-F46F844F1B04, cid=0, seq=0, RW, m0
2019-09-24 17:06:07,523 DEBUG impl.RaftServerImpl (RaftServerImpl.java:submitClientRequestAsync(533)) - s0@group-F46F844F1B04: receive client request(RaftClientRequest:client-CDAE5E67C236->s0@group-F46F844F1B04, cid=0, seq=0, RW, m0)
2019-09-24 17:06:07,542 DEBUG client.RaftClient (RaftClientImpl.java:sendRequest(285)) - client-CDAE5E67C236: receive RaftClientReply:client-CDAE5E67C236->s0@group-F46F844F1B04, cid=0, FAILED org.apache.ratis.protocol.LeaderNotReadyException: s0@group-F46F844F1B04 is in LEADER state but not ready yet., logIndex=0, commits[s0:c-1]
2019-09-24 17:06:07,642 DEBUG client.RaftClient (RaftClientImpl.java:sendRequest(275)) - client-CDAE5E67C236: send RaftClientRequest:client-CDAE5E67C236->s0@group-F46F844F1B04, cid=0, seq=0, RW, m0
2019-09-24 17:06:07,643 DEBUG impl.RaftServerImpl (RaftServerImpl.java:submitClientRequestAsync(533)) - s0@group-F46F844F1B04: receive client request(RaftClientRequest:client-CDAE5E67C236->s0@group-F46F844F1B04, cid=0, seq=0, RW, m0)
2019-09-24 17:06:07,657 DEBUG client.RaftClient (RaftClientImpl.java:sendRequest(285)) - client-CDAE5E67C236: receive RaftClientReply:client-CDAE5E67C236->s0@group-F46F844F1B04, cid=0, FAILED org.apache.ratis.protocol.LeaderNotReadyException: s0@group-F46F844F1B04 is in LEADER state but not ready yet., logIndex=0, commits[s0:c-1]
2019-09-24 17:06:07,757 DEBUG client.RaftClient (RaftClientImpl.java:sendRequest(275)) - client-CDAE5E67C236: send RaftClientRequest:client-CDAE5E67C236->s0@group-F46F844F1B04, cid=0, seq=0, RW, m0
2019-09-24 17:06:07,758 DEBUG impl.RaftServerImpl (RaftServerImpl.java:submitClientRequestAsync(533)) - s0@group-F46F844F1B04: receive client request(RaftClientRequest:client-CDAE5E67C236->s0@group-F46F844F1B04, cid=0, seq=0, RW, m0)
2019-09-24 17:06:07,775 DEBUG client.RaftClient (RaftClientImpl.java:sendRequest(285)) - client-CDAE5E67C236: receive RaftClientReply:client-CDAE5E67C236->s0@group-F46F844F1B04, cid=0, FAILED org.apache.ratis.protocol.LeaderNotReadyException: s0@group-F46F844F1B04 is in LEADER state but not ready yet., logIndex=0, commits[s0:c-1]
2019-09-24 17:06:07,875 DEBUG client.RaftClient (RaftClientImpl.java:sendRequest(275)) - client-CDAE5E67C236: send RaftClientRequest:client-CDAE5E67C236->s0@group-F46F844F1B04, cid=0, seq=0, RW, m0
2019-09-24 17:06:07,876 DEBUG impl.RaftServerImpl (RaftServerImpl.java:submitClientRequestAsync(533)) - s0@group-F46F844F1B04: receive client request(RaftClientRequest:client-CDAE5E67C236->s0@group-F46F844F1B04, cid=0, seq=0, RW, m0)
2019-09-24 17:06:07,888 DEBUG client.RaftClient (RaftClientImpl.java:sendRequest(285)) - client-CDAE5E67C236: receive RaftClientReply:client-CDAE5E67C236->s0@group-F46F844F1B04, cid=0, FAILED org.apache.ratis.protocol.LeaderNotReadyException: s0@group-F46F844F1B04 is in LEADER state but not ready yet., logIndex=0, commits[s0:c-1]
2019-09-24 17:06:07,989 DEBUG client.RaftClient (RaftClientImpl.java:sendRequest(275)) - client-CDAE5E67C236: send RaftClientRequest:client-CDAE5E67C236->s0@group-F46F844F1B04, cid=0, seq=0, RW, m0
2019-09-24 17:06:07,989 DEBUG impl.RaftServerImpl (RaftServerImpl.java:submitClientRequestAsync(533)) - s0@group-F46F844F1B04: receive client request(RaftClientRequest:client-CDAE5E67C236->s0@group-F46F844F1B04, cid=0, seq=0, RW, m0)
2019-09-24 17:06:08,002 DEBUG client.RaftClient (RaftClientImpl.java:sendRequest(285)) - client-CDAE5E67C236: receive RaftClientReply:client-CDAE5E67C236->s0@group-F46F844F1B04, cid=0, FAILED org.apache.ratis.protocol.LeaderNotReadyException: s0@group-F46F844F1B04 is in LEADER state but not ready yet., logIndex=0, commits[s0:c-1]
2019-09-24 17:06:08,103 DEBUG client.RaftClient (RaftClientImpl.java:sendRequest(275)) - client-CDAE5E67C236: send RaftClientRequest:client-CDAE5E67C236->s0@group-F46F844F1B04, cid=0, seq=0, RW, m0
2019-09-24 17:06:08,103 DEBUG impl.RaftServerImpl (RaftServerImpl.java:submitClientRequestAsync(533)) - s0@group-F46F844F1B04: receive client request(RaftClientRequest:client-CDAE5E67C236->s0@group-F46F844F1B04, cid=0, seq=0, RW, m0)
2019-09-24 17:06:08,120 DEBUG client.RaftClient (RaftClientImpl.java:sendRequest(285)) - client-CDAE5E67C236: receive RaftClientReply:client-CDAE5E67C236->s0@group-F46F844F1B04, cid=0, FAILED org.apache.ratis.protocol.LeaderNotReadyException: s0@group-F46F844F1B04 is in LEADER state but not ready yet., logIndex=0, commits[s0:c-1]
2019-09-24 17:06:08,221 DEBUG client.RaftClient (RaftClientImpl.java:sendRequest(275)) - client-CDAE5E67C236: send RaftClientRequest:client-CDAE5E67C236->s0@group-F46F844F1B04, cid=0, seq=0, RW, m0
2019-09-24 17:06:08,221 DEBUG impl.RaftServerImpl (RaftServerImpl.java:submitClientRequestAsync(533)) - s0@group-F46F844F1B04: receive client request(RaftClientRequest:client-CDAE5E67C236->s0@group-F46F844F1B04, cid=0, seq=0, RW, m0)
2019-09-24 17:06:08,237 DEBUG client.RaftClient (RaftClientImpl.java:sendRequest(285)) - client-CDAE5E67C236: receive RaftClientReply:client-CDAE5E67C236->s0@group-F46F844F1B04, cid=0, FAILED org.apache.ratis.protocol.LeaderNotReadyException: s0@group-F46F844F1B04 is in LEADER state but not ready yet., logIndex=0, commits[s0:c-1]
2019-09-24 17:06:08,338 DEBUG client.RaftClient (RaftClientImpl.java:sendRequest(275)) - client-CDAE5E67C236: send RaftClientRequest:client-CDAE5E67C236->s0@group-F46F844F1B04, cid=0, seq=0, RW, m0
2019-09-24 17:06:08,338 DEBUG impl.RaftServerImpl (RaftServerImpl.java:submitClientRequestAsync(533)) - s0@group-F46F844F1B04: receive client request(RaftClientRequest:client-CDAE5E67C236->s0@group-F46F844F1B04, cid=0, seq=0, RW, m0)
2019-09-24 17:06:08,352 DEBUG client.RaftClient (RaftClientImpl.java:sendRequest(285)) - client-CDAE5E67C236: receive RaftClientReply:client-CDAE5E67C236->s0@group-F46F844F1B04, cid=0, FAILED org.apache.ratis.protocol.LeaderNotReadyException: s0@group-F46F844F1B04 is in LEADER state but not ready yet., logIndex=0, commits[s0:c-1]
2019-09-24 17:06:08,452 DEBUG client.RaftClient (RaftClientImpl.java:sendRequest(275)) - client-CDAE5E67C236: send RaftClientRequest:client-CDAE5E67C236->s0@group-F46F844F1B04, cid=0, seq=0, RW, m0
2019-09-24 17:06:08,453 DEBUG impl.RaftServerImpl (RaftServerImpl.java:submitClientRequestAsync(533)) - s0@group-F46F844F1B04: receive client request(RaftClientRequest:client-CDAE5E67C236->s0@group-F46F844F1B04, cid=0, seq=0, RW, m0)
2019-09-24 17:06:08,470 DEBUG client.RaftClient (RaftClientImpl.java:sendRequest(285)) - client-CDAE5E67C236: receive RaftClientReply:client-CDAE5E67C236->s0@group-F46F844F1B04, cid=0, FAILED org.apache.ratis.protocol.LeaderNotReadyException: s0@group-F46F844F1B04 is in LEADER state but not ready yet., logIndex=0, commits[s0:c-1]
2019-09-24 17:06:08,570 DEBUG client.RaftClient (RaftClientImpl.java:sendRequest(275)) - client-CDAE5E67C236: send RaftClientRequest:client-CDAE5E67C236->s0@group-F46F844F1B04, cid=0, seq=0, RW, m0
2019-09-24 17:06:08,571 DEBUG impl.RaftServerImpl (RaftServerImpl.java:submitClientRequestAsync(533)) - s0@group-F46F844F1B04: receive client request(RaftClientRequest:client-CDAE5E67C236->s0@group-F46F844F1B04, cid=0, seq=0, RW, m0)
2019-09-24 17:06:08,581 DEBUG client.RaftClient (RaftClientImpl.java:sendRequest(285)) - client-CDAE5E67C236: receive RaftClientReply:client-CDAE5E67C236->s0@group-F46F844F1B04, cid=0, FAILED org.apache.ratis.protocol.LeaderNotReadyException: s0@group-F46F844F1B04 is in LEADER state but not ready yet., logIndex=0, commits[s0:c-1]
2019-09-24 17:06:08,682 DEBUG client.RaftClient (RaftClientImpl.java:sendRequest(275)) - client-CDAE5E67C236: send RaftClientRequest:client-CDAE5E67C236->s0@group-F46F844F1B04, cid=0, seq=0, RW, m0
2019-09-24 17:06:08,682 DEBUG impl.RaftServerImpl (RaftServerImpl.java:submitClientRequestAsync(533)) - s0@group-F46F844F1B04: receive client request(RaftClientRequest:client-CDAE5E67C236->s0@group-F46F844F1B04, cid=0, seq=0, RW, m0)
2019-09-24 17:06:08,701 DEBUG client.RaftClient (RaftClientImpl.java:sendRequest(285)) - client-CDAE5E67C236: receive RaftClientReply:client-CDAE5E67C236->s0@group-F46F844F1B04, cid=0, FAILED org.apache.ratis.protocol.LeaderNotReadyException: s0@group-F46F844F1B04 is in LEADER state but not ready yet., logIndex=0, commits[s0:c-1]
2019-09-24 17:06:08,802 DEBUG client.RaftClient (RaftClientImpl.java:sendRequest(275)) - client-CDAE5E67C236: send RaftClientRequest:client-CDAE5E67C236->s0@group-F46F844F1B04, cid=0, seq=0, RW, m0
2019-09-24 17:06:08,803 DEBUG impl.RaftServerImpl (RaftServerImpl.java:submitClientRequestAsync(533)) - s0@group-F46F844F1B04: receive client request(RaftClientRequest:client-CDAE5E67C236->s0@group-F46F844F1B04, cid=0, seq=0, RW, m0)
2019-09-24 17:06:08,815 DEBUG client.RaftClient (RaftClientImpl.java:sendRequest(285)) - client-CDAE5E67C236: receive RaftClientReply:client-CDAE5E67C236->s0@group-F46F844F1B04, cid=0, FAILED org.apache.ratis.protocol.LeaderNotReadyException: s0@group-F46F844F1B04 is in LEADER state but not ready yet., logIndex=0, commits[s0:c-1]
2019-09-24 17:06:08,915 DEBUG client.RaftClient (RaftClientImpl.java:sendRequest(275)) - client-CDAE5E67C236: send RaftClientRequest:client-CDAE5E67C236->s0@group-F46F844F1B04, cid=0, seq=0, RW, m0
2019-09-24 17:06:08,916 DEBUG impl.RaftServerImpl (RaftServerImpl.java:submitClientRequestAsync(533)) - s0@group-F46F844F1B04: receive client request(RaftClientRequest:client-CDAE5E67C236->s0@group-F46F844F1B04, cid=0, seq=0, RW, m0)
2019-09-24 17:06:08,933 DEBUG client.RaftClient (RaftClientImpl.java:sendRequest(285)) - client-CDAE5E67C236: receive RaftClientReply:client-CDAE5E67C236->s0@group-F46F844F1B04, cid=0, FAILED org.apache.ratis.protocol.LeaderNotReadyException: s0@group-F46F844F1B04 is in LEADER state but not ready yet., logIndex=0, commits[s0:c-1]
2019-09-24 17:06:09,033 DEBUG client.RaftClient (RaftClientImpl.java:sendRequest(275)) - client-CDAE5E67C236: send RaftClientRequest:client-CDAE5E67C236->s0@group-F46F844F1B04, cid=0, seq=0, RW, m0
2019-09-24 17:06:09,034 DEBUG impl.RaftServerImpl (RaftServerImpl.java:submitClientRequestAsync(533)) - s0@group-F46F844F1B04: receive client request(RaftClientRequest:client-CDAE5E67C236->s0@group-F46F844F1B04, cid=0, seq=0, RW, m0)
2019-09-24 17:06:09,052 DEBUG client.RaftClient (RaftClientImpl.java:sendRequest(285)) - client-CDAE5E67C236: receive RaftClientReply:client-CDAE5E67C236->s0@group-F46F844F1B04, cid=0, FAILED org.apache.ratis.protocol.LeaderNotReadyException: s0@group-F46F844F1B04 is in LEADER state but not ready yet., logIndex=0, commits[s0:c-1]
2019-09-24 17:06:09,152 DEBUG client.RaftClient (RaftClientImpl.java:sendRequest(275)) - client-CDAE5E67C236: send RaftClientRequest:client-CDAE5E67C236->s0@group-F46F844F1B04, cid=0, seq=0, RW, m0
2019-09-24 17:06:09,153 DEBUG impl.RaftServerImpl (RaftServerImpl.java:submitClientRequestAsync(533)) - s0@group-F46F844F1B04: receive client request(RaftClientRequest:client-CDAE5E67C236->s0@group-F46F844F1B04, cid=0, seq=0, RW, m0)
2019-09-24 17:06:09,169 DEBUG client.RaftClient (RaftClientImpl.java:sendRequest(285)) - client-CDAE5E67C236: receive RaftClientReply:client-CDAE5E67C236->s0@group-F46F844F1B04, cid=0, FAILED org.apache.ratis.protocol.LeaderNotReadyException: s0@group-F46F844F1B04 is in LEADER state but not ready yet., logIndex=0, commits[s0:c-1]
2019-09-24 17:06:09,269 DEBUG client.RaftClient (RaftClientImpl.java:sendRequest(275)) - client-CDAE5E67C236: send RaftClientRequest:client-CDAE5E67C236->s0@group-F46F844F1B04, cid=0, seq=0, RW, m0
2019-09-24 17:06:09,270 DEBUG impl.RaftServerImpl (RaftServerImpl.java:submitClientRequestAsync(533)) - s0@group-F46F844F1B04: receive client request(RaftClientRequest:client-CDAE5E67C236->s0@group-F46F844F1B04, cid=0, seq=0, RW, m0)
2019-09-24 17:06:09,289 DEBUG client.RaftClient (RaftClientImpl.java:sendRequest(285)) - client-CDAE5E67C236: receive RaftClientReply:client-CDAE5E67C236->s0@group-F46F844F1B04, cid=0, FAILED org.apache.ratis.protocol.LeaderNotReadyException: s0@group-F46F844F1B04 is in LEADER state but not ready yet., logIndex=0, commits[s0:c-1]
2019-09-24 17:06:09,389 DEBUG client.RaftClient (RaftClientImpl.java:sendRequest(275)) - client-CDAE5E67C236: send RaftClientRequest:client-CDAE5E67C236->s0@group-F46F844F1B04, cid=0, seq=0, RW, m0
2019-09-24 17:06:09,389 DEBUG impl.RaftServerImpl (RaftServerImpl.java:submitClientRequestAsync(533)) - s0@group-F46F844F1B04: receive client request(RaftClientRequest:client-CDAE5E67C236->s0@group-F46F844F1B04, cid=0, seq=0, RW, m0)
2019-09-24 17:06:09,403 DEBUG client.RaftClient (RaftClientImpl.java:sendRequest(285)) - client-CDAE5E67C236: receive RaftClientReply:client-CDAE5E67C236->s0@group-F46F844F1B04, cid=0, FAILED org.apache.ratis.protocol.LeaderNotReadyException: s0@group-F46F844F1B04 is in LEADER state but not ready yet., logIndex=0, commits[s0:c-1]
2019-09-24 17:06:09,504 DEBUG client.RaftClient (RaftClientImpl.java:sendRequest(275)) - client-CDAE5E67C236: send RaftClientRequest:client-CDAE5E67C236->s0@group-F46F844F1B04, cid=0, seq=0, RW, m0
2019-09-24 17:06:09,504 DEBUG impl.RaftServerImpl (RaftServerImpl.java:submitClientRequestAsync(533)) - s0@group-F46F844F1B04: receive client request(RaftClientRequest:client-CDAE5E67C236->s0@group-F46F844F1B04, cid=0, seq=0, RW, m0)
2019-09-24 17:06:09,522 DEBUG client.RaftClient (RaftClientImpl.java:sendRequest(285)) - client-CDAE5E67C236: receive RaftClientReply:client-CDAE5E67C236->s0@group-F46F844F1B04, cid=0, FAILED org.apache.ratis.protocol.LeaderNotReadyException: s0@group-F46F844F1B04 is in LEADER state but not ready yet., logIndex=0, commits[s0:c-1]
2019-09-24 17:06:09,623 DEBUG client.RaftClient (RaftClientImpl.java:sendRequest(275)) - client-CDAE5E67C236: send RaftClientRequest:client-CDAE5E67C236->s0@group-F46F844F1B04, cid=0, seq=0, RW, m0
2019-09-24 17:06:09,623 DEBUG impl.RaftServerImpl (RaftServerImpl.java:submitClientRequestAsync(533)) - s0@group-F46F844F1B04: receive client request(RaftClientRequest:client-CDAE5E67C236->s0@group-F46F844F1B04, cid=0, seq=0, RW, m0)
2019-09-24 17:06:09,635 DEBUG client.RaftClient (RaftClientImpl.java:sendRequest(285)) - client-CDAE5E67C236: receive RaftClientReply:client-CDAE5E67C236->s0@group-F46F844F1B04, cid=0, FAILED org.apache.ratis.protocol.LeaderNotReadyException: s0@group-F46F844F1B04 is in LEADER state but not ready yet., logIndex=0, commits[s0:c-1]
2019-09-24 17:06:09,735 DEBUG client.RaftClient (RaftClientImpl.java:sendRequest(275)) - client-CDAE5E67C236: send RaftClientRequest:client-CDAE5E67C236->s0@group-F46F844F1B04, cid=0, seq=0, RW, m0
2019-09-24 17:06:09,736 DEBUG impl.RaftServerImpl (RaftServerImpl.java:submitClientRequestAsync(533)) - s0@group-F46F844F1B04: receive client request(RaftClientRequest:client-CDAE5E67C236->s0@group-F46F844F1B04, cid=0, seq=0, RW, m0)
2019-09-24 17:06:09,751 DEBUG client.RaftClient (RaftClientImpl.java:sendRequest(285)) - client-CDAE5E67C236: receive RaftClientReply:client-CDAE5E67C236->s0@group-F46F844F1B04, cid=0, FAILED org.apache.ratis.protocol.LeaderNotReadyException: s0@group-F46F844F1B04 is in LEADER state but not ready yet., logIndex=0, commits[s0:c-1]
2019-09-24 17:06:09,851 DEBUG client.RaftClient (RaftClientImpl.java:sendRequest(275)) - client-CDAE5E67C236: send RaftClientRequest:client-CDAE5E67C236->s0@group-F46F844F1B04, cid=0, seq=0, RW, m0
2019-09-24 17:06:09,851 DEBUG impl.RaftServerImpl (RaftServerImpl.java:submitClientRequestAsync(533)) - s0@group-F46F844F1B04: receive client request(RaftClientRequest:client-CDAE5E67C236->s0@group-F46F844F1B04, cid=0, seq=0, RW, m0)
2019-09-24 17:06:09,866 DEBUG client.RaftClient (RaftClientImpl.java:sendRequest(285)) - client-CDAE5E67C236: receive RaftClientReply:client-CDAE5E67C236->s0@group-F46F844F1B04, cid=0, FAILED org.apache.ratis.protocol.LeaderNotReadyException: s0@group-F46F844F1B04 is in LEADER state but not ready yet., logIndex=0, commits[s0:c-1]
2019-09-24 17:06:09,967 DEBUG client.RaftClient (RaftClientImpl.java:sendRequest(275)) - client-CDAE5E67C236: send RaftClientRequest:client-CDAE5E67C236->s0@group-F46F844F1B04, cid=0, seq=0, RW, m0
2019-09-24 17:06:09,967 DEBUG impl.RaftServerImpl (RaftServerImpl.java:submitClientRequestAsync(533)) - s0@group-F46F844F1B04: receive client request(RaftClientRequest:client-CDAE5E67C236->s0@group-F46F844F1B04, cid=0, seq=0, RW, m0)
2019-09-24 17:06:09,987 DEBUG client.RaftClient (RaftClientImpl.java:sendRequest(285)) - client-CDAE5E67C236: receive RaftClientReply:client-CDAE5E67C236->s0@group-F46F844F1B04, cid=0, FAILED org.apache.ratis.protocol.LeaderNotReadyException: s0@group-F46F844F1B04 is in LEADER state but not ready yet., logIndex=0, commits[s0:c-1]
2019-09-24 17:06:10,087 DEBUG client.RaftClient (RaftClientImpl.java:sendRequest(275)) - client-CDAE5E67C236: send RaftClientRequest:client-CDAE5E67C236->s0@group-F46F844F1B04, cid=0, seq=0, RW, m0
2019-09-24 17:06:10,088 DEBUG impl.RaftServerImpl (RaftServerImpl.java:submitClientRequestAsync(533)) - s0@group-F46F844F1B04: receive client request(RaftClientRequest:client-CDAE5E67C236->s0@group-F46F844F1B04, cid=0, seq=0, RW, m0)
2019-09-24 17:06:10,108 DEBUG client.RaftClient (RaftClientImpl.java:sendRequest(285)) - client-CDAE5E67C236: receive RaftClientReply:client-CDAE5E67C236->s0@group-F46F844F1B04, cid=0, FAILED org.apache.ratis.protocol.LeaderNotReadyException: s0@group-F46F844F1B04 is in LEADER state but not ready yet., logIndex=0, commits[s0:c-1]
2019-09-24 17:06:10,208 DEBUG client.RaftClient (RaftClientImpl.java:sendRequest(275)) - client-CDAE5E67C236: send RaftClientRequest:client-CDAE5E67C236->s0@group-F46F844F1B04, cid=0, seq=0, RW, m0
2019-09-24 17:06:10,209 DEBUG impl.RaftServerImpl (RaftServerImpl.java:submitClientRequestAsync(533)) - s0@group-F46F844F1B04: receive client request(RaftClientRequest:client-CDAE5E67C236->s0@group-F46F844F1B04, cid=0, seq=0, RW, m0)
2019-09-24 17:06:10,223 DEBUG client.RaftClient (RaftClientImpl.java:sendRequest(285)) - client-CDAE5E67C236: receive RaftClientReply:client-CDAE5E67C236->s0@group-F46F844F1B04, cid=0, FAILED org.apache.ratis.protocol.LeaderNotReadyException: s0@group-F46F844F1B04 is in LEADER state but not ready yet., logIndex=0, commits[s0:c-1]
2019-09-24 17:06:10,323 DEBUG client.RaftClient (RaftClientImpl.java:sendRequest(275)) - client-CDAE5E67C236: send RaftClientRequest:client-CDAE5E67C236->s0@group-F46F844F1B04, cid=0, seq=0, RW, m0
2019-09-24 17:06:10,324 DEBUG impl.RaftServerImpl (RaftServerImpl.java:submitClientRequestAsync(533)) - s0@group-F46F844F1B04: receive client request(RaftClientRequest:client-CDAE5E67C236->s0@group-F46F844F1B04, cid=0, seq=0, RW, m0)
2019-09-24 17:06:10,341 DEBUG client.RaftClient (RaftClientImpl.java:sendRequest(285)) - client-CDAE5E67C236: receive RaftClientReply:client-CDAE5E67C236->s0@group-F46F844F1B04, cid=0, FAILED org.apache.ratis.protocol.LeaderNotReadyException: s0@group-F46F844F1B04 is in LEADER state but not ready yet., logIndex=0, commits[s0:c-1]
2019-09-24 17:06:10,441 DEBUG client.RaftClient (RaftClientImpl.java:sendRequest(275)) - client-CDAE5E67C236: send RaftClientRequest:client-CDAE5E67C236->s0@group-F46F844F1B04, cid=0, seq=0, RW, m0
2019-09-24 17:06:10,442 DEBUG impl.RaftServerImpl (RaftServerImpl.java:submitClientRequestAsync(533)) - s0@group-F46F844F1B04: receive client request(RaftClientRequest:client-CDAE5E67C236->s0@group-F46F844F1B04, cid=0, seq=0, RW, m0)
2019-09-24 17:06:10,460 DEBUG client.RaftClient (RaftClientImpl.java:sendRequest(285)) - client-CDAE5E67C236: receive RaftClientReply:client-CDAE5E67C236->s0@group-F46F844F1B04, cid=0, FAILED org.apache.ratis.protocol.LeaderNotReadyException: s0@group-F46F844F1B04 is in LEADER state but not ready yet., logIndex=0, commits[s0:c-1]
2019-09-24 17:06:10,560 DEBUG client.RaftClient (RaftClientImpl.java:sendRequest(275)) - client-CDAE5E67C236: send RaftClientRequest:client-CDAE5E67C236->s0@group-F46F844F1B04, cid=0, seq=0, RW, m0
2019-09-24 17:06:10,561 DEBUG impl.RaftServerImpl (RaftServerImpl.java:submitClientRequestAsync(533)) - s0@group-F46F844F1B04: receive client request(RaftClientRequest:client-CDAE5E67C236->s0@group-F46F844F1B04, cid=0, seq=0, RW, m0)
2019-09-24 17:06:10,580 DEBUG client.RaftClient (RaftClientImpl.java:sendRequest(285)) - client-CDAE5E67C236: receive RaftClientReply:client-CDAE5E67C236->s0@group-F46F844F1B04, cid=0, FAILED org.apache.ratis.protocol.LeaderNotReadyException: s0@group-F46F844F1B04 is in LEADER state but not ready yet., logIndex=0, commits[s0:c-1]
2019-09-24 17:06:10,680 DEBUG client.RaftClient (RaftClientImpl.java:sendRequest(275)) - client-CDAE5E67C236: send RaftClientRequest:client-CDAE5E67C236->s0@group-F46F844F1B04, cid=0, seq=0, RW, m0
2019-09-24 17:06:10,681 DEBUG impl.RaftServerImpl (RaftServerImpl.java:submitClientRequestAsync(533)) - s0@group-F46F844F1B04: receive client request(RaftClientRequest:client-CDAE5E67C236->s0@group-F46F844F1B04, cid=0, seq=0, RW, m0)
2019-09-24 17:06:10,695 DEBUG client.RaftClient (RaftClientImpl.java:sendRequest(285)) - client-CDAE5E67C236: receive RaftClientReply:client-CDAE5E67C236->s0@group-F46F844F1B04, cid=0, FAILED org.apache.ratis.protocol.LeaderNotReadyException: s0@group-F46F844F1B04 is in LEADER state but not ready yet., logIndex=0, commits[s0:c-1]
2019-09-24 17:06:10,741 INFO  segmented.SegmentedRaftLogWorker (SegmentedRaftLogWorker.java:execute(569)) - s0@group-F46F844F1B04-SegmentedRaftLogWorker: created new log segment /workdir/ratis-test/target/test/data/ceff7214/MiniRaftClusterWithSimulatedRpcd76262d9/s0/2ce1962a-878f-447e-8148-f46f844f1b04/current/log_inprogress_0
2019-09-24 17:06:10,796 DEBUG client.RaftClient (RaftClientImpl.java:sendRequest(275)) - client-CDAE5E67C236: send RaftClientRequest:client-CDAE5E67C236->s0@group-F46F844F1B04, cid=0, seq=0, RW, m0
2019-09-24 17:06:10,796 DEBUG impl.RaftServerImpl (RaftServerImpl.java:submitClientRequestAsync(533)) - s0@group-F46F844F1B04: receive client request(RaftClientRequest:client-CDAE5E67C236->s0@group-F46F844F1B04, cid=0, seq=0, RW, m0)
2019-09-24 17:06:10,807 DEBUG client.RaftClient (RaftClientImpl.java:sendRequest(285)) - client-CDAE5E67C236: receive RaftClientReply:client-CDAE5E67C236->s0@group-F46F844F1B04, cid=0, FAILED org.apache.ratis.protocol.LeaderNotReadyException: s0@group-F46F844F1B04 is in LEADER state but not ready yet., logIndex=0, commits[s0:c-1]
2019-09-24 17:06:10,908 DEBUG client.RaftClient (RaftClientImpl.java:sendRequest(275)) - client-CDAE5E67C236: send RaftClientRequest:client-CDAE5E67C236->s0@group-F46F844F1B04, cid=0, seq=0, RW, m0
2019-09-24 17:06:10,908 DEBUG impl.RaftServerImpl (RaftServerImpl.java:submitClientRequestAsync(533)) - s0@group-F46F844F1B04: receive client request(RaftClientRequest:client-CDAE5E67C236->s0@group-F46F844F1B04, cid=0, seq=0, RW, m0)
2019-09-24 17:06:10,921 DEBUG client.RaftClient (RaftClientImpl.java:sendRequest(285)) - client-CDAE5E67C236: receive RaftClientReply:client-CDAE5E67C236->s0@group-F46F844F1B04, cid=0, FAILED org.apache.ratis.protocol.LeaderNotReadyException: s0@group-F46F844F1B04 is in LEADER state but not ready yet., logIndex=0, commits[s0:c-1]
2019-09-24 17:06:10,923 INFO  ratis.MiniRaftCluster (MiniRaftCluster.java:lambda$null$5(297)) - TIMED-PRINT: printing ALL groups
  s0:  RUNNING    LEADER s0@group-F46F844F1B04:t1, leader=s0, voted=s0, raftlog=s0@group-F46F844F1B04-SegmentedRaftLog:OPENED:c-1,f-1,i0, conf=0: [s0:0.0.0.0:37788], old=null RUNNING
2019-09-24 17:06:11,022 DEBUG client.RaftClient (RaftClientImpl.java:sendRequest(275)) - client-CDAE5E67C236: send RaftClientRequest:client-CDAE5E67C236->s0@group-F46F844F1B04, cid=0, seq=0, RW, m0
2019-09-24 17:06:11,022 DEBUG impl.RaftServerImpl (RaftServerImpl.java:submitClientRequestAsync(533)) - s0@group-F46F844F1B04: receive client request(RaftClientRequest:client-CDAE5E67C236->s0@group-F46F844F1B04, cid=0, seq=0, RW, m0)
2019-09-24 17:06:11,038 DEBUG client.RaftClient (RaftClientImpl.java:sendRequest(285)) - client-CDAE5E67C236: receive RaftClientReply:client-CDAE5E67C236->s0@group-F46F844F1B04, cid=0, FAILED org.apache.ratis.protocol.LeaderNotReadyException: s0@group-F46F844F1B04 is in LEADER state but not ready yet., logIndex=0, commits[s0:c-1]
2019-09-24 17:06:11,138 DEBUG client.RaftClient (RaftClientImpl.java:sendRequest(275)) - client-CDAE5E67C236: send RaftClientRequest:client-CDAE5E67C236->s0@group-F46F844F1B04, cid=0, seq=0, RW, m0
2019-09-24 17:06:11,139 DEBUG impl.RaftServerImpl (RaftServerImpl.java:submitClientRequestAsync(533)) - s0@group-F46F844F1B04: receive client request(RaftClientRequest:client-CDAE5E67C236->s0@group-F46F844F1B04, cid=0, seq=0, RW, m0)
2019-09-24 17:06:11,154 DEBUG client.RaftClient (RaftClientImpl.java:sendRequest(285)) - client-CDAE5E67C236: receive RaftClientReply:client-CDAE5E67C236->s0@group-F46F844F1B04, cid=0, FAILED org.apache.ratis.protocol.LeaderNotReadyException: s0@group-F46F844F1B04 is in LEADER state but not ready yet., logIndex=0, commits[s0:c-1]
2019-09-24 17:06:11,255 DEBUG client.RaftClient (RaftClientImpl.java:sendRequest(275)) - client-CDAE5E67C236: send RaftClientRequest:client-CDAE5E67C236->s0@group-F46F844F1B04, cid=0, seq=0, RW, m0
2019-09-24 17:06:11,255 DEBUG impl.RaftServerImpl (RaftServerImpl.java:submitClientRequestAsync(533)) - s0@group-F46F844F1B04: receive client request(RaftClientRequest:client-CDAE5E67C236->s0@group-F46F844F1B04, cid=0, seq=0, RW, m0)
2019-09-24 17:06:11,274 DEBUG client.RaftClient (RaftClientImpl.java:sendRequest(285)) - client-CDAE5E67C236: receive RaftClientReply:client-CDAE5E67C236->s0@group-F46F844F1B04, cid=0, FAILED org.apache.ratis.protocol.LeaderNotReadyException: s0@group-F46F844F1B04 is in LEADER state but not ready yet., logIndex=0, commits[s0:c-1]
2019-09-24 17:06:11,374 DEBUG client.RaftClient (RaftClientImpl.java:sendRequest(275)) - client-CDAE5E67C236: send RaftClientRequest:client-CDAE5E67C236->s0@group-F46F844F1B04, cid=0, seq=0, RW, m0
2019-09-24 17:06:11,375 DEBUG impl.RaftServerImpl (RaftServerImpl.java:submitClientRequestAsync(533)) - s0@group-F46F844F1B04: receive client request(RaftClientRequest:client-CDAE5E67C236->s0@group-F46F844F1B04, cid=0, seq=0, RW, m0)
2019-09-24 17:06:11,390 DEBUG client.RaftClient (RaftClientImpl.java:sendRequest(285)) - client-CDAE5E67C236: receive RaftClientReply:client-CDAE5E67C236->s0@group-F46F844F1B04, cid=0, FAILED org.apache.ratis.protocol.LeaderNotReadyException: s0@group-F46F844F1B04 is in LEADER state but not ready yet., logIndex=0, commits[s0:c-1]
2019-09-24 17:06:11,490 DEBUG client.RaftClient (RaftClientImpl.java:sendRequest(275)) - client-CDAE5E67C236: send RaftClientRequest:client-CDAE5E67C236->s0@group-F46F844F1B04, cid=0, seq=0, RW, m0
2019-09-24 17:06:11,491 DEBUG impl.RaftServerImpl (RaftServerImpl.java:submitClientRequestAsync(533)) - s0@group-F46F844F1B04: receive client request(RaftClientRequest:client-CDAE5E67C236->s0@group-F46F844F1B04, cid=0, seq=0, RW, m0)
2019-09-24 17:06:11,503 DEBUG client.RaftClient (RaftClientImpl.java:sendRequest(285)) - client-CDAE5E67C236: receive RaftClientReply:client-CDAE5E67C236->s0@group-F46F844F1B04, cid=0, FAILED org.apache.ratis.protocol.LeaderNotReadyException: s0@group-F46F844F1B04 is in LEADER state but not ready yet., logIndex=0, commits[s0:c-1]
2019-09-24 17:06:11,604 DEBUG client.RaftClient (RaftClientImpl.java:sendRequest(275)) - client-CDAE5E67C236: send RaftClientRequest:client-CDAE5E67C236->s0@group-F46F844F1B04, cid=0, seq=0, RW, m0
2019-09-24 17:06:11,605 DEBUG impl.RaftServerImpl (RaftServerImpl.java:submitClientRequestAsync(533)) - s0@group-F46F844F1B04: receive client request(RaftClientRequest:client-CDAE5E67C236->s0@group-F46F844F1B04, cid=0, seq=0, RW, m0)
2019-09-24 17:06:11,622 DEBUG client.RaftClient (RaftClientImpl.java:sendRequest(285)) - client-CDAE5E67C236: receive RaftClientReply:client-CDAE5E67C236->s0@group-F46F844F1B04, cid=0, FAILED org.apache.ratis.protocol.LeaderNotReadyException: s0@group-F46F844F1B04 is in LEADER state but not ready yet., logIndex=0, commits[s0:c-1]
2019-09-24 17:06:11,722 DEBUG client.RaftClient (RaftClientImpl.java:sendRequest(275)) - client-CDAE5E67C236: send RaftClientRequest:client-CDAE5E67C236->s0@group-F46F844F1B04, cid=0, seq=0, RW, m0
2019-09-24 17:06:11,723 DEBUG impl.RaftServerImpl (RaftServerImpl.java:submitClientRequestAsync(533)) - s0@group-F46F844F1B04: receive client request(RaftClientRequest:client-CDAE5E67C236->s0@group-F46F844F1B04, cid=0, seq=0, RW, m0)
2019-09-24 17:06:11,738 DEBUG client.RaftClient (RaftClientImpl.java:sendRequest(285)) - client-CDAE5E67C236: receive RaftClientReply:client-CDAE5E67C236->s0@group-F46F844F1B04, cid=0, FAILED org.apache.ratis.protocol.LeaderNotReadyException: s0@group-F46F844F1B04 is in LEADER state but not ready yet., logIndex=0, commits[s0:c-1]
2019-09-24 17:06:11,839 DEBUG client.RaftClient (RaftClientImpl.java:sendRequest(275)) - client-CDAE5E67C236: send RaftClientRequest:client-CDAE5E67C236->s0@group-F46F844F1B04, cid=0, seq=0, RW, m0
2019-09-24 17:06:11,839 DEBUG impl.RaftServerImpl (RaftServerImpl.java:submitClientRequestAsync(533)) - s0@group-F46F844F1B04: receive client request(RaftClientRequest:client-CDAE5E67C236->s0@group-F46F844F1B04, cid=0, seq=0, RW, m0)
2019-09-24 17:06:11,850 DEBUG client.RaftClient (RaftClientImpl.java:sendRequest(285)) - client-CDAE5E67C236: receive RaftClientReply:client-CDAE5E67C236->s0@group-F46F844F1B04, cid=0, FAILED org.apache.ratis.protocol.LeaderNotReadyException: s0@group-F46F844F1B04 is in LEADER state but not ready yet., logIndex=0, commits[s0:c-1]
2019-09-24 17:06:11,951 DEBUG client.RaftClient (RaftClientImpl.java:sendRequest(275)) - client-CDAE5E67C236: send RaftClientRequest:client-CDAE5E67C236->s0@group-F46F844F1B04, cid=0, seq=0, RW, m0
2019-09-24 17:06:11,951 DEBUG impl.RaftServerImpl (RaftServerImpl.java:submitClientRequestAsync(533)) - s0@group-F46F844F1B04: receive client request(RaftClientRequest:client-CDAE5E67C236->s0@group-F46F844F1B04, cid=0, seq=0, RW, m0)
2019-09-24 17:06:11,974 DEBUG client.RaftClient (RaftClientImpl.java:sendRequest(285)) - client-CDAE5E67C236: receive RaftClientReply:client-CDAE5E67C236->s0@group-F46F844F1B04, cid=0, FAILED org.apache.ratis.protocol.LeaderNotReadyException: s0@group-F46F844F1B04 is in LEADER state but not ready yet., logIndex=0, commits[s0:c-1]
2019-09-24 17:06:12,074 DEBUG client.RaftClient (RaftClientImpl.java:sendRequest(275)) - client-CDAE5E67C236: send RaftClientRequest:client-CDAE5E67C236->s0@group-F46F844F1B04, cid=0, seq=0, RW, m0
2019-09-24 17:06:12,075 DEBUG impl.RaftServerImpl (RaftServerImpl.java:submitClientRequestAsync(533)) - s0@group-F46F844F1B04: receive client request(RaftClientRequest:client-CDAE5E67C236->s0@group-F46F844F1B04, cid=0, seq=0, RW, m0)
2019-09-24 17:06:12,089 DEBUG client.RaftClient (RaftClientImpl.java:sendRequest(285)) - client-CDAE5E67C236: receive RaftClientReply:client-CDAE5E67C236->s0@group-F46F844F1B04, cid=0, FAILED org.apache.ratis.protocol.LeaderNotReadyException: s0@group-F46F844F1B04 is in LEADER state but not ready yet., logIndex=0, commits[s0:c-1]
2019-09-24 17:06:12,189 DEBUG client.RaftClient (RaftClientImpl.java:sendRequest(275)) - client-CDAE5E67C236: send RaftClientRequest:client-CDAE5E67C236->s0@group-F46F844F1B04, cid=0, seq=0, RW, m0
2019-09-24 17:06:12,190 DEBUG impl.RaftServerImpl (RaftServerImpl.java:submitClientRequestAsync(533)) - s0@group-F46F844F1B04: receive client request(RaftClientRequest:client-CDAE5E67C236->s0@group-F46F844F1B04, cid=0, seq=0, RW, m0)
2019-09-24 17:06:12,204 DEBUG client.RaftClient (RaftClientImpl.java:sendRequest(285)) - client-CDAE5E67C236: receive RaftClientReply:client-CDAE5E67C236->s0@group-F46F844F1B04, cid=0, FAILED org.apache.ratis.protocol.LeaderNotReadyException: s0@group-F46F844F1B04 is in LEADER state but not ready yet., logIndex=0, commits[s0:c-1]
2019-09-24 17:06:12,304 DEBUG client.RaftClient (RaftClientImpl.java:sendRequest(275)) - client-CDAE5E67C236: send RaftClientRequest:client-CDAE5E67C236->s0@group-F46F844F1B04, cid=0, seq=0, RW, m0
2019-09-24 17:06:12,305 DEBUG impl.RaftServerImpl (RaftServerImpl.java:submitClientRequestAsync(533)) - s0@group-F46F844F1B04: receive client request(RaftClientRequest:client-CDAE5E67C236->s0@group-F46F844F1B04, cid=0, seq=0, RW, m0)
2019-09-24 17:06:12,318 DEBUG client.RaftClient (RaftClientImpl.java:sendRequest(285)) - client-CDAE5E67C236: receive RaftClientReply:client-CDAE5E67C236->s0@group-F46F844F1B04, cid=0, FAILED org.apache.ratis.protocol.LeaderNotReadyException: s0@group-F46F844F1B04 is in LEADER state but not ready yet., logIndex=0, commits[s0:c-1]
2019-09-24 17:06:12,419 DEBUG client.RaftClient (RaftClientImpl.java:sendRequest(275)) - client-CDAE5E67C236: send RaftClientRequest:client-CDAE5E67C236->s0@group-F46F844F1B04, cid=0, seq=0, RW, m0
2019-09-24 17:06:12,419 DEBUG impl.RaftServerImpl (RaftServerImpl.java:submitClientRequestAsync(533)) - s0@group-F46F844F1B04: receive client request(RaftClientRequest:client-CDAE5E67C236->s0@group-F46F844F1B04, cid=0, seq=0, RW, m0)
2019-09-24 17:06:12,438 DEBUG client.RaftClient (RaftClientImpl.java:sendRequest(285)) - client-CDAE5E67C236: receive RaftClientReply:client-CDAE5E67C236->s0@group-F46F844F1B04, cid=0, FAILED org.apache.ratis.protocol.LeaderNotReadyException: s0@group-F46F844F1B04 is in LEADER state but not ready yet., logIndex=0, commits[s0:c-1]
2019-09-24 17:06:12,538 DEBUG client.RaftClient (RaftClientImpl.java:sendRequest(275)) - client-CDAE5E67C236: send RaftClientRequest:client-CDAE5E67C236->s0@group-F46F844F1B04, cid=0, seq=0, RW, m0
2019-09-24 17:06:12,539 DEBUG impl.RaftServerImpl (RaftServerImpl.java:submitClientRequestAsync(533)) - s0@group-F46F844F1B04: receive client request(RaftClientRequest:client-CDAE5E67C236->s0@group-F46F844F1B04, cid=0, seq=0, RW, m0)
2019-09-24 17:06:12,556 DEBUG client.RaftClient (RaftClientImpl.java:sendRequest(285)) - client-CDAE5E67C236: receive RaftClientReply:client-CDAE5E67C236->s0@group-F46F844F1B04, cid=0, FAILED org.apache.ratis.protocol.LeaderNotReadyException: s0@group-F46F844F1B04 is in LEADER state but not ready yet., logIndex=0, commits[s0:c-1]
2019-09-24 17:06:12,656 DEBUG client.RaftClient (RaftClientImpl.java:sendRequest(275)) - client-CDAE5E67C236: send RaftClientRequest:client-CDAE5E67C236->s0@group-F46F844F1B04, cid=0, seq=0, RW, m0
2019-09-24 17:06:12,657 DEBUG impl.RaftServerImpl (RaftServerImpl.java:submitClientRequestAsync(533)) - s0@group-F46F844F1B04: receive client request(RaftClientRequest:client-CDAE5E67C236->s0@group-F46F844F1B04, cid=0, seq=0, RW, m0)
2019-09-24 17:06:12,674 DEBUG client.RaftClient (RaftClientImpl.java:sendRequest(285)) - client-CDAE5E67C236: receive RaftClientReply:client-CDAE5E67C236->s0@group-F46F844F1B04, cid=0, FAILED org.apache.ratis.protocol.LeaderNotReadyException: s0@group-F46F844F1B04 is in LEADER state but not ready yet., logIndex=0, commits[s0:c-1]
2019-09-24 17:06:12,775 DEBUG client.RaftClient (RaftClientImpl.java:sendRequest(275)) - client-CDAE5E67C236: send RaftClientRequest:client-CDAE5E67C236->s0@group-F46F844F1B04, cid=0, seq=0, RW, m0
2019-09-24 17:06:12,775 DEBUG impl.RaftServerImpl (RaftServerImpl.java:submitClientRequestAsync(533)) - s0@group-F46F844F1B04: receive client request(RaftClientRequest:client-CDAE5E67C236->s0@group-F46F844F1B04, cid=0, seq=0, RW, m0)
2019-09-24 17:06:12,795 DEBUG client.RaftClient (RaftClientImpl.java:sendRequest(285)) - client-CDAE5E67C236: receive RaftClientReply:client-CDAE5E67C236->s0@group-F46F844F1B04, cid=0, FAILED org.apache.ratis.protocol.LeaderNotReadyException: s0@group-F46F844F1B04 is in LEADER state but not ready yet., logIndex=0, commits[s0:c-1]
2019-09-24 17:06:12,895 DEBUG client.RaftClient (RaftClientImpl.java:sendRequest(275)) - client-CDAE5E67C236: send RaftClientRequest:client-CDAE5E67C236->s0@group-F46F844F1B04, cid=0, seq=0, RW, m0
2019-09-24 17:06:12,896 DEBUG impl.RaftServerImpl (RaftServerImpl.java:submitClientRequestAsync(533)) - s0@group-F46F844F1B04: receive client request(RaftClientRequest:client-CDAE5E67C236->s0@group-F46F844F1B04, cid=0, seq=0, RW, m0)
2019-09-24 17:06:12,909 DEBUG client.RaftClient (RaftClientImpl.java:sendRequest(285)) - client-CDAE5E67C236: receive RaftClientReply:client-CDAE5E67C236->s0@group-F46F844F1B04, cid=0, FAILED org.apache.ratis.protocol.LeaderNotReadyException: s0@group-F46F844F1B04 is in LEADER state but not ready yet., logIndex=0, commits[s0:c-1]
2019-09-24 17:06:13,009 DEBUG client.RaftClient (RaftClientImpl.java:sendRequest(275)) - client-CDAE5E67C236: send RaftClientRequest:client-CDAE5E67C236->s0@group-F46F844F1B04, cid=0, seq=0, RW, m0
2019-09-24 17:06:13,010 DEBUG impl.RaftServerImpl (RaftServerImpl.java:submitClientRequestAsync(533)) - s0@group-F46F844F1B04: receive client request(RaftClientRequest:client-CDAE5E67C236->s0@group-F46F844F1B04, cid=0, seq=0, RW, m0)
2019-09-24 17:06:13,024 DEBUG client.RaftClient (RaftClientImpl.java:sendRequest(285)) - client-CDAE5E67C236: receive RaftClientReply:client-CDAE5E67C236->s0@group-F46F844F1B04, cid=0, FAILED org.apache.ratis.protocol.LeaderNotReadyException: s0@group-F46F844F1B04 is in LEADER state but not ready yet., logIndex=0, commits[s0:c-1]
2019-09-24 17:06:13,124 DEBUG client.RaftClient (RaftClientImpl.java:sendRequest(275)) - client-CDAE5E67C236: send RaftClientRequest:client-CDAE5E67C236->s0@group-F46F844F1B04, cid=0, seq=0, RW, m0
2019-09-24 17:06:13,125 DEBUG impl.RaftServerImpl (RaftServerImpl.java:submitClientRequestAsync(533)) - s0@group-F46F844F1B04: receive client request(RaftClientRequest:client-CDAE5E67C236->s0@group-F46F844F1B04, cid=0, seq=0, RW, m0)
2019-09-24 17:06:13,142 DEBUG client.RaftClient (RaftClientImpl.java:sendRequest(285)) - client-CDAE5E67C236: receive RaftClientReply:client-CDAE5E67C236->s0@group-F46F844F1B04, cid=0, FAILED org.apache.ratis.protocol.LeaderNotReadyException: s0@group-F46F844F1B04 is in LEADER state but not ready yet., logIndex=0, commits[s0:c-1]
2019-09-24 17:06:13,242 DEBUG client.RaftClient (RaftClientImpl.java:sendRequest(275)) - client-CDAE5E67C236: send RaftClientRequest:client-CDAE5E67C236->s0@group-F46F844F1B04, cid=0, seq=0, RW, m0
2019-09-24 17:06:13,243 DEBUG impl.RaftServerImpl (RaftServerImpl.java:submitClientRequestAsync(533)) - s0@group-F46F844F1B04: receive client request(RaftClientRequest:client-CDAE5E67C236->s0@group-F46F844F1B04, cid=0, seq=0, RW, m0)
2019-09-24 17:06:13,262 DEBUG client.RaftClient (RaftClientImpl.java:sendRequest(285)) - client-CDAE5E67C236: receive RaftClientReply:client-CDAE5E67C236->s0@group-F46F844F1B04, cid=0, FAILED org.apache.ratis.protocol.LeaderNotReadyException: s0@group-F46F844F1B04 is in LEADER state but not ready yet., logIndex=0, commits[s0:c-1]
2019-09-24 17:06:13,362 DEBUG client.RaftClient (RaftClientImpl.java:sendRequest(275)) - client-CDAE5E67C236: send RaftClientRequest:client-CDAE5E67C236->s0@group-F46F844F1B04, cid=0, seq=0, RW, m0
2019-09-24 17:06:13,362 DEBUG impl.RaftServerImpl (RaftServerImpl.java:submitClientRequestAsync(533)) - s0@group-F46F844F1B04: receive client request(RaftClientRequest:client-CDAE5E67C236->s0@group-F46F844F1B04, cid=0, seq=0, RW, m0)
2019-09-24 17:06:13,378 DEBUG client.RaftClient (RaftClientImpl.java:sendRequest(285)) - client-CDAE5E67C236: receive RaftClientReply:client-CDAE5E67C236->s0@group-F46F844F1B04, cid=0, FAILED org.apache.ratis.protocol.LeaderNotReadyException: s0@group-F46F844F1B04 is in LEADER state but not ready yet., logIndex=0, commits[s0:c-1]
2019-09-24 17:06:13,478 DEBUG client.RaftClient (RaftClientImpl.java:sendRequest(275)) - client-CDAE5E67C236: send RaftClientRequest:client-CDAE5E67C236->s0@group-F46F844F1B04, cid=0, seq=0, RW, m0
2019-09-24 17:06:13,479 DEBUG impl.RaftServerImpl (RaftServerImpl.java:submitClientRequestAsync(533)) - s0@group-F46F844F1B04: receive client request(RaftClientRequest:client-CDAE5E67C236->s0@group-F46F844F1B04, cid=0, seq=0, RW, m0)
2019-09-24 17:06:13,491 DEBUG client.RaftClient (RaftClientImpl.java:sendRequest(285)) - client-CDAE5E67C236: receive RaftClientReply:client-CDAE5E67C236->s0@group-F46F844F1B04, cid=0, FAILED org.apache.ratis.protocol.LeaderNotReadyException: s0@group-F46F844F1B04 is in LEADER state but not ready yet., logIndex=0, commits[s0:c-1]
2019-09-24 17:06:13,591 DEBUG client.RaftClient (RaftClientImpl.java:sendRequest(275)) - client-CDAE5E67C236: send RaftClientRequest:client-CDAE5E67C236->s0@group-F46F844F1B04, cid=0, seq=0, RW, m0
2019-09-24 17:06:13,591 DEBUG impl.RaftServerImpl (RaftServerImpl.java:submitClientRequestAsync(533)) - s0@group-F46F844F1B04: receive client request(RaftClientRequest:client-CDAE5E67C236->s0@group-F46F844F1B04, cid=0, seq=0, RW, m0)
2019-09-24 17:06:13,608 DEBUG client.RaftClient (RaftClientImpl.java:sendRequest(285)) - client-CDAE5E67C236: receive RaftClientReply:client-CDAE5E67C236->s0@group-F46F844F1B04, cid=0, FAILED org.apache.ratis.protocol.LeaderNotReadyException: s0@group-F46F844F1B04 is in LEADER state but not ready yet., logIndex=0, commits[s0:c-1]
2019-09-24 17:06:13,709 DEBUG client.RaftClient (RaftClientImpl.java:sendRequest(275)) - client-CDAE5E67C236: send RaftClientRequest:client-CDAE5E67C236->s0@group-F46F844F1B04, cid=0, seq=0, RW, m0
2019-09-24 17:06:13,709 DEBUG impl.RaftServerImpl (RaftServerImpl.java:submitClientRequestAsync(533)) - s0@group-F46F844F1B04: receive client request(RaftClientRequest:client-CDAE5E67C236->s0@group-F46F844F1B04, cid=0, seq=0, RW, m0)
2019-09-24 17:06:13,723 DEBUG client.RaftClient (RaftClientImpl.java:sendRequest(285)) - client-CDAE5E67C236: receive RaftClientReply:client-CDAE5E67C236->s0@group-F46F844F1B04, cid=0, FAILED org.apache.ratis.protocol.LeaderNotReadyException: s0@group-F46F844F1B04 is in LEADER state but not ready yet., logIndex=0, commits[s0:c-1]
2019-09-24 17:06:13,823 DEBUG client.RaftClient (RaftClientImpl.java:sendRequest(275)) - client-CDAE5E67C236: send RaftClientRequest:client-CDAE5E67C236->s0@group-F46F844F1B04, cid=0, seq=0, RW, m0
2019-09-24 17:06:13,824 DEBUG impl.RaftServerImpl (RaftServerImpl.java:submitClientRequestAsync(533)) - s0@group-F46F844F1B04: receive client request(RaftClientRequest:client-CDAE5E67C236->s0@group-F46F844F1B04, cid=0, seq=0, RW, m0)
2019-09-24 17:06:13,842 DEBUG client.RaftClient (RaftClientImpl.java:sendRequest(285)) - client-CDAE5E67C236: receive RaftClientReply:client-CDAE5E67C236->s0@group-F46F844F1B04, cid=0, FAILED org.apache.ratis.protocol.LeaderNotReadyException: s0@group-F46F844F1B04 is in LEADER state but not ready yet., logIndex=0, commits[s0:c-1]
2019-09-24 17:06:13,942 DEBUG client.RaftClient (RaftClientImpl.java:sendRequest(275)) - client-CDAE5E67C236: send RaftClientRequest:client-CDAE5E67C236->s0@group-F46F844F1B04, cid=0, seq=0, RW, m0
2019-09-24 17:06:13,943 DEBUG impl.RaftServerImpl (RaftServerImpl.java:submitClientRequestAsync(533)) - s0@group-F46F844F1B04: receive client request(RaftClientRequest:client-CDAE5E67C236->s0@group-F46F844F1B04, cid=0, seq=0, RW, m0)
2019-09-24 17:06:13,957 DEBUG client.RaftClient (RaftClientImpl.java:sendRequest(285)) - client-CDAE5E67C236: receive RaftClientReply:client-CDAE5E67C236->s0@group-F46F844F1B04, cid=0, FAILED org.apache.ratis.protocol.LeaderNotReadyException: s0@group-F46F844F1B04 is in LEADER state but not ready yet., logIndex=0, commits[s0:c-1]
2019-09-24 17:06:14,057 DEBUG client.RaftClient (RaftClientImpl.java:sendRequest(275)) - client-CDAE5E67C236: send RaftClientRequest:client-CDAE5E67C236->s0@group-F46F844F1B04, cid=0, seq=0, RW, m0
2019-09-24 17:06:14,058 DEBUG impl.RaftServerImpl (RaftServerImpl.java:submitClientRequestAsync(533)) - s0@group-F46F844F1B04: receive client request(RaftClientRequest:client-CDAE5E67C236->s0@group-F46F844F1B04, cid=0, seq=0, RW, m0)
2019-09-24 17:06:14,072 DEBUG client.RaftClient (RaftClientImpl.java:sendRequest(285)) - client-CDAE5E67C236: receive RaftClientReply:client-CDAE5E67C236->s0@group-F46F844F1B04, cid=0, FAILED org.apache.ratis.protocol.LeaderNotReadyException: s0@group-F46F844F1B04 is in LEADER state but not ready yet., logIndex=0, commits[s0:c-1]
2019-09-24 17:06:14,172 DEBUG client.RaftClient (RaftClientImpl.java:sendRequest(275)) - client-CDAE5E67C236: send RaftClientRequest:client-CDAE5E67C236->s0@group-F46F844F1B04, cid=0, seq=0, RW, m0
2019-09-24 17:06:14,173 DEBUG impl.RaftServerImpl (RaftServerImpl.java:submitClientRequestAsync(533)) - s0@group-F46F844F1B04: receive client request(RaftClientRequest:client-CDAE5E67C236->s0@group-F46F844F1B04, cid=0, seq=0, RW, m0)
2019-09-24 17:06:14,186 DEBUG client.RaftClient (RaftClientImpl.java:sendRequest(285)) - client-CDAE5E67C236: receive RaftClientReply:client-CDAE5E67C236->s0@group-F46F844F1B04, cid=0, FAILED org.apache.ratis.protocol.LeaderNotReadyException: s0@group-F46F844F1B04 is in LEADER state but not ready yet., logIndex=0, commits[s0:c-1]
2019-09-24 17:06:14,286 DEBUG client.RaftClient (RaftClientImpl.java:sendRequest(275)) - client-CDAE5E67C236: send RaftClientRequest:client-CDAE5E67C236->s0@group-F46F844F1B04, cid=0, seq=0, RW, m0
2019-09-24 17:06:14,287 DEBUG impl.RaftServerImpl (RaftServerImpl.java:submitClientRequestAsync(533)) - s0@group-F46F844F1B04: receive client request(RaftClientRequest:client-CDAE5E67C236->s0@group-F46F844F1B04, cid=0, seq=0, RW, m0)
2019-09-24 17:06:14,297 DEBUG client.RaftClient (RaftClientImpl.java:sendRequest(285)) - client-CDAE5E67C236: receive RaftClientReply:client-CDAE5E67C236->s0@group-F46F844F1B04, cid=0, FAILED org.apache.ratis.protocol.LeaderNotReadyException: s0@group-F46F844F1B04 is in LEADER state but not ready yet., logIndex=0, commits[s0:c-1]
2019-09-24 17:06:14,398 DEBUG client.RaftClient (RaftClientImpl.java:sendRequest(275)) - client-CDAE5E67C236: send RaftClientRequest:client-CDAE5E67C236->s0@group-F46F844F1B04, cid=0, seq=0, RW, m0
2019-09-24 17:06:14,398 DEBUG impl.RaftServerImpl (RaftServerImpl.java:submitClientRequestAsync(533)) - s0@group-F46F844F1B04: receive client request(RaftClientRequest:client-CDAE5E67C236->s0@group-F46F844F1B04, cid=0, seq=0, RW, m0)
2019-09-24 17:06:14,417 DEBUG client.RaftClient (RaftClientImpl.java:sendRequest(285)) - client-CDAE5E67C236: receive RaftClientReply:client-CDAE5E67C236->s0@group-F46F844F1B04, cid=0, FAILED org.apache.ratis.protocol.LeaderNotReadyException: s0@group-F46F844F1B04 is in LEADER state but not ready yet., logIndex=0, commits[s0:c-1]
2019-09-24 17:06:14,518 DEBUG client.RaftClient (RaftClientImpl.java:sendRequest(275)) - client-CDAE5E67C236: send RaftClientRequest:client-CDAE5E67C236->s0@group-F46F844F1B04, cid=0, seq=0, RW, m0
2019-09-24 17:06:14,518 DEBUG impl.RaftServerImpl (RaftServerImpl.java:submitClientRequestAsync(533)) - s0@group-F46F844F1B04: receive client request(RaftClientRequest:client-CDAE5E67C236->s0@group-F46F844F1B04, cid=0, seq=0, RW, m0)
2019-09-24 17:06:14,533 DEBUG client.RaftClient (RaftClientImpl.java:sendRequest(285)) - client-CDAE5E67C236: receive RaftClientReply:client-CDAE5E67C236->s0@group-F46F844F1B04, cid=0, FAILED org.apache.ratis.protocol.LeaderNotReadyException: s0@group-F46F844F1B04 is in LEADER state but not ready yet., logIndex=0, commits[s0:c-1]
2019-09-24 17:06:14,634 DEBUG client.RaftClient (RaftClientImpl.java:sendRequest(275)) - client-CDAE5E67C236: send RaftClientRequest:client-CDAE5E67C236->s0@group-F46F844F1B04, cid=0, seq=0, RW, m0
2019-09-24 17:06:14,634 DEBUG impl.RaftServerImpl (RaftServerImpl.java:submitClientRequestAsync(533)) - s0@group-F46F844F1B04: receive client request(RaftClientRequest:client-CDAE5E67C236->s0@group-F46F844F1B04, cid=0, seq=0, RW, m0)
2019-09-24 17:06:14,650 DEBUG client.RaftClient (RaftClientImpl.java:sendRequest(285)) - client-CDAE5E67C236: receive RaftClientReply:client-CDAE5E67C236->s0@group-F46F844F1B04, cid=0, FAILED org.apache.ratis.protocol.LeaderNotReadyException: s0@group-F46F844F1B04 is in LEADER state but not ready yet., logIndex=0, commits[s0:c-1]
2019-09-24 17:06:14,750 DEBUG client.RaftClient (RaftClientImpl.java:sendRequest(275)) - client-CDAE5E67C236: send RaftClientRequest:client-CDAE5E67C236->s0@group-F46F844F1B04, cid=0, seq=0, RW, m0
2019-09-24 17:06:14,751 DEBUG impl.RaftServerImpl (RaftServerImpl.java:submitClientRequestAsync(533)) - s0@group-F46F844F1B04: receive client request(RaftClientRequest:client-CDAE5E67C236->s0@group-F46F844F1B04, cid=0, seq=0, RW, m0)
2019-09-24 17:06:14,770 DEBUG client.RaftClient (RaftClientImpl.java:sendRequest(285)) - client-CDAE5E67C236: receive RaftClientReply:client-CDAE5E67C236->s0@group-F46F844F1B04, cid=0, FAILED org.apache.ratis.protocol.LeaderNotReadyException: s0@group-F46F844F1B04 is in LEADER state but not ready yet., logIndex=0, commits[s0:c-1]
2019-09-24 17:06:14,870 DEBUG client.RaftClient (RaftClientImpl.java:sendRequest(275)) - client-CDAE5E67C236: send RaftClientRequest:client-CDAE5E67C236->s0@group-F46F844F1B04, cid=0, seq=0, RW, m0
2019-09-24 17:06:14,871 DEBUG impl.RaftServerImpl (RaftServerImpl.java:submitClientRequestAsync(533)) - s0@group-F46F844F1B04: receive client request(RaftClientRequest:client-CDAE5E67C236->s0@group-F46F844F1B04, cid=0, seq=0, RW, m0)
2019-09-24 17:06:14,888 DEBUG client.RaftClient (RaftClientImpl.java:sendRequest(285)) - client-CDAE5E67C236: receive RaftClientReply:client-CDAE5E67C236->s0@group-F46F844F1B04, cid=0, FAILED org.apache.ratis.protocol.LeaderNotReadyException: s0@group-F46F844F1B04 is in LEADER state but not ready yet., logIndex=0, commits[s0:c-1]
2019-09-24 17:06:14,989 DEBUG client.RaftClient (RaftClientImpl.java:sendRequest(275)) - client-CDAE5E67C236: send RaftClientRequest:client-CDAE5E67C236->s0@group-F46F844F1B04, cid=0, seq=0, RW, m0
2019-09-24 17:06:14,989 DEBUG impl.RaftServerImpl (RaftServerImpl.java:submitClientRequestAsync(533)) - s0@group-F46F844F1B04: receive client request(RaftClientRequest:client-CDAE5E67C236->s0@group-F46F844F1B04, cid=0, seq=0, RW, m0)
2019-09-24 17:06:15,008 DEBUG client.RaftClient (RaftClientImpl.java:sendRequest(285)) - client-CDAE5E67C236: receive RaftClientReply:client-CDAE5E67C236->s0@group-F46F844F1B04, cid=0, FAILED org.apache.ratis.protocol.LeaderNotReadyException: s0@group-F46F844F1B04 is in LEADER state but not ready yet., logIndex=0, commits[s0:c-1]
2019-09-24 17:06:15,109 DEBUG client.RaftClient (RaftClientImpl.java:sendRequest(275)) - client-CDAE5E67C236: send RaftClientRequest:client-CDAE5E67C236->s0@group-F46F844F1B04, cid=0, seq=0, RW, m0
2019-09-24 17:06:15,109 DEBUG impl.RaftServerImpl (RaftServerImpl.java:submitClientRequestAsync(533)) - s0@group-F46F844F1B04: receive client request(RaftClientRequest:client-CDAE5E67C236->s0@group-F46F844F1B04, cid=0, seq=0, RW, m0)
2019-09-24 17:06:15,129 DEBUG client.RaftClient (RaftClientImpl.java:sendRequest(285)) - client-CDAE5E67C236: receive RaftClientReply:client-CDAE5E67C236->s0@group-F46F844F1B04, cid=0, FAILED org.apache.ratis.protocol.LeaderNotReadyException: s0@group-F46F844F1B04 is in LEADER state but not ready yet., logIndex=0, commits[s0:c-1]
2019-09-24 17:06:15,229 DEBUG client.RaftClient (RaftClientImpl.java:sendRequest(275)) - client-CDAE5E67C236: send RaftClientRequest:client-CDAE5E67C236->s0@group-F46F844F1B04, cid=0, seq=0, RW, m0
2019-09-24 17:06:15,230 DEBUG impl.RaftServerImpl (RaftServerImpl.java:submitClientRequestAsync(533)) - s0@group-F46F844F1B04: receive client request(RaftClientRequest:client-CDAE5E67C236->s0@group-F46F844F1B04, cid=0, seq=0, RW, m0)
2019-09-24 17:06:15,247 DEBUG client.RaftClient (RaftClientImpl.java:sendRequest(285)) - client-CDAE5E67C236: receive RaftClientReply:client-CDAE5E67C236->s0@group-F46F844F1B04, cid=0, FAILED org.apache.ratis.protocol.LeaderNotReadyException: s0@group-F46F844F1B04 is in LEADER state but not ready yet., logIndex=0, commits[s0:c-1]
2019-09-24 17:06:15,348 DEBUG client.RaftClient (RaftClientImpl.java:sendRequest(275)) - client-CDAE5E67C236: send RaftClientRequest:client-CDAE5E67C236->s0@group-F46F844F1B04, cid=0, seq=0, RW, m0
2019-09-24 17:06:15,348 DEBUG impl.RaftServerImpl (RaftServerImpl.java:submitClientRequestAsync(533)) - s0@group-F46F844F1B04: receive client request(RaftClientRequest:client-CDAE5E67C236->s0@group-F46F844F1B04, cid=0, seq=0, RW, m0)
2019-09-24 17:06:15,366 DEBUG client.RaftClient (RaftClientImpl.java:sendRequest(285)) - client-CDAE5E67C236: receive RaftClientReply:client-CDAE5E67C236->s0@group-F46F844F1B04, cid=0, FAILED org.apache.ratis.protocol.LeaderNotReadyException: s0@group-F46F844F1B04 is in LEADER state but not ready yet., logIndex=0, commits[s0:c-1]
2019-09-24 17:06:15,466 DEBUG client.RaftClient (RaftClientImpl.java:sendRequest(275)) - client-CDAE5E67C236: send RaftClientRequest:client-CDAE5E67C236->s0@group-F46F844F1B04, cid=0, seq=0, RW, m0
2019-09-24 17:06:15,467 DEBUG impl.RaftServerImpl (RaftServerImpl.java:submitClientRequestAsync(533)) - s0@group-F46F844F1B04: receive client request(RaftClientRequest:client-CDAE5E67C236->s0@group-F46F844F1B04, cid=0, seq=0, RW, m0)
2019-09-24 17:06:15,480 DEBUG client.RaftClient (RaftClientImpl.java:sendRequest(285)) - client-CDAE5E67C236: receive RaftClientReply:client-CDAE5E67C236->s0@group-F46F844F1B04, cid=0, FAILED org.apache.ratis.protocol.LeaderNotReadyException: s0@group-F46F844F1B04 is in LEADER state but not ready yet., logIndex=0, commits[s0:c-1]
2019-09-24 17:06:15,581 DEBUG client.RaftClient (RaftClientImpl.java:sendRequest(275)) - client-CDAE5E67C236: send RaftClientRequest:client-CDAE5E67C236->s0@group-F46F844F1B04, cid=0, seq=0, RW, m0
2019-09-24 17:06:15,582 DEBUG impl.RaftServerImpl (RaftServerImpl.java:submitClientRequestAsync(533)) - s0@group-F46F844F1B04: receive client request(RaftClientRequest:client-CDAE5E67C236->s0@group-F46F844F1B04, cid=0, seq=0, RW, m0)
2019-09-24 17:06:15,598 DEBUG client.RaftClient (RaftClientImpl.java:sendRequest(285)) - client-CDAE5E67C236: receive RaftClientReply:client-CDAE5E67C236->s0@group-F46F844F1B04, cid=0, FAILED org.apache.ratis.protocol.LeaderNotReadyException: s0@group-F46F844F1B04 is in LEADER state but not ready yet., logIndex=0, commits[s0:c-1]
2019-09-24 17:06:15,699 DEBUG client.RaftClient (RaftClientImpl.java:sendRequest(275)) - client-CDAE5E67C236: send RaftClientRequest:client-CDAE5E67C236->s0@group-F46F844F1B04, cid=0, seq=0, RW, m0
2019-09-24 17:06:15,699 DEBUG impl.RaftServerImpl (RaftServerImpl.java:submitClientRequestAsync(533)) - s0@group-F46F844F1B04: receive client request(RaftClientRequest:client-CDAE5E67C236->s0@group-F46F844F1B04, cid=0, seq=0, RW, m0)
2019-09-24 17:06:15,714 DEBUG client.RaftClient (RaftClientImpl.java:sendRequest(285)) - client-CDAE5E67C236: receive RaftClientReply:client-CDAE5E67C236->s0@group-F46F844F1B04, cid=0, FAILED org.apache.ratis.protocol.LeaderNotReadyException: s0@group-F46F844F1B04 is in LEADER state but not ready yet., logIndex=0, commits[s0:c-1]
2019-09-24 17:06:15,814 DEBUG client.RaftClient (RaftClientImpl.java:sendRequest(275)) - client-CDAE5E67C236: send RaftClientRequest:client-CDAE5E67C236->s0@group-F46F844F1B04, cid=0, seq=0, RW, m0
2019-09-24 17:06:15,815 DEBUG impl.RaftServerImpl (RaftServerImpl.java:submitClientRequestAsync(533)) - s0@group-F46F844F1B04: receive client request(RaftClientRequest:client-CDAE5E67C236->s0@group-F46F844F1B04, cid=0, seq=0, RW, m0)
2019-09-24 17:06:15,834 DEBUG client.RaftClient (RaftClientImpl.java:sendRequest(285)) - client-CDAE5E67C236: receive RaftClientReply:client-CDAE5E67C236->s0@group-F46F844F1B04, cid=0, FAILED org.apache.ratis.protocol.LeaderNotReadyException: s0@group-F46F844F1B04 is in LEADER state but not ready yet., logIndex=0, commits[s0:c-1]
2019-09-24 17:06:15,935 DEBUG client.RaftClient (RaftClientImpl.java:sendRequest(275)) - client-CDAE5E67C236: send RaftClientRequest:client-CDAE5E67C236->s0@group-F46F844F1B04, cid=0, seq=0, RW, m0
2019-09-24 17:06:15,935 DEBUG impl.RaftServerImpl (RaftServerImpl.java:submitClientRequestAsync(533)) - s0@group-F46F844F1B04: receive client request(RaftClientRequest:client-CDAE5E67C236->s0@group-F46F844F1B04, cid=0, seq=0, RW, m0)
2019-09-24 17:06:15,978 DEBUG impl.RaftServerImpl (LeaderState.java:addPendingRequest(317)) - s0@group-F46F844F1B04-LeaderState: addPendingRequest at RaftClientRequest:client-CDAE5E67C236->s0@group-F46F844F1B04, cid=0, seq=0, RW, m0, entry=(t:1, i:1), STATEMACHINELOGENTRY, client-CDAE5E67C236, cid=0
2019-09-24 17:06:18,936 DEBUG client.RaftClient (RaftClientImpl.java:handleIOException(343)) - client-CDAE5E67C236: suggested new leader: null. Failed RaftClientRequest:client-CDAE5E67C236->s0@group-F46F844F1B04, cid=0, seq=0, RW, m0 with java.io.IOException: Timeout while waiting for reply of request RaftClientRequest:client-CDAE5E67C236->s0@group-F46F844F1B04, cid=0, seq=0, RW, m0
2019-09-24 17:06:18,938 DEBUG client.RaftClient (RaftClientImpl.java:handleIOException(362)) - client-CDAE5E67C236: oldLeader=s0,  curLeader=s0, newLeader=null
2019-09-24 17:06:19,040 DEBUG client.RaftClient (RaftClientImpl.java:sendRequest(275)) - client-CDAE5E67C236: send RaftClientRequest:client-CDAE5E67C236->s0@group-F46F844F1B04, cid=0, seq=0, RW, m0
2019-09-24 17:06:19,041 DEBUG impl.RaftServerImpl (RaftServerImpl.java:submitClientRequestAsync(533)) - s0@group-F46F844F1B04: receive client request(RaftClientRequest:client-CDAE5E67C236->s0@group-F46F844F1B04, cid=0, seq=0, RW, m0)
2019-09-24 17:06:20,923 INFO  ratis.MiniRaftCluster (MiniRaftCluster.java:lambda$null$5(297)) - TIMED-PRINT: printing ALL groups
  s0:  RUNNING    LEADER s0@group-F46F844F1B04:t1, leader=s0, voted=s0, raftlog=s0@group-F46F844F1B04-SegmentedRaftLog:OPENED:c0,f0,i1, conf=0: [s0:0.0.0.0:37788], old=null RUNNING
2019-09-24 17:06:21,252 INFO  statemachine.SimpleStateMachine4Testing (SimpleStateMachine4Testing.java:put(198)) - s0: put 1, m0 -> (t:1, i:1), STATEMACHINELOGENTRY, client-CDAE5E67C236, cid=0
2019-09-24 17:06:21,276 DEBUG client.RaftClient (RaftClientImpl.java:sendRequest(285)) - client-CDAE5E67C236: receive RaftClientReply:client-CDAE5E67C236->s0@group-F46F844F1B04, cid=0, SUCCESS, logIndex=1, commits[s0:c1]
2019-09-24 17:06:21,277 DEBUG client.RaftClient (RaftClientImpl.java:sendRequest(275)) - client-CDAE5E67C236: send RaftClientRequest:client-CDAE5E67C236->s0@group-F46F844F1B04, cid=1, seq=0, RW, m1
2019-09-24 17:06:21,277 DEBUG impl.RaftServerImpl (RaftServerImpl.java:submitClientRequestAsync(533)) - s0@group-F46F844F1B04: receive client request(RaftClientRequest:client-CDAE5E67C236->s0@group-F46F844F1B04, cid=1, seq=0, RW, m1)
2019-09-24 17:06:21,279 DEBUG impl.RaftServerImpl (LeaderState.java:addPendingRequest(317)) - s0@group-F46F844F1B04-LeaderState: addPendingRequest at RaftClientRequest:client-CDAE5E67C236->s0@group-F46F844F1B04, cid=1, seq=0, RW, m1, entry=(t:1, i:3), STATEMACHINELOGENTRY, client-CDAE5E67C236, cid=1
2019-09-24 17:06:24,277 DEBUG client.RaftClient (RaftClientImpl.java:handleIOException(343)) - client-CDAE5E67C236: suggested new leader: null. Failed RaftClientRequest:client-CDAE5E67C236->s0@group-F46F844F1B04, cid=1, seq=0, RW, m1 with java.io.IOException: Timeout while waiting for reply of request RaftClientRequest:client-CDAE5E67C236->s0@group-F46F844F1B04, cid=1, seq=0, RW, m1
2019-09-24 17:06:24,278 DEBUG client.RaftClient (RaftClientImpl.java:handleIOException(362)) - client-CDAE5E67C236: oldLeader=s0,  curLeader=s0, newLeader=null
2019-09-24 17:06:24,378 DEBUG client.RaftClient (RaftClientImpl.java:sendRequest(275)) - client-CDAE5E67C236: send RaftClientRequest:client-CDAE5E67C236->s0@group-F46F844F1B04, cid=1, seq=0, RW, m1
2019-09-24 17:06:24,379 DEBUG impl.RaftServerImpl (RaftServerImpl.java:submitClientRequestAsync(533)) - s0@group-F46F844F1B04: receive client request(RaftClientRequest:client-CDAE5E67C236->s0@group-F46F844F1B04, cid=1, seq=0, RW, m1)
2019-09-24 17:06:27,379 DEBUG client.RaftClient (RaftClientImpl.java:handleIOException(343)) - client-CDAE5E67C236: suggested new leader: null. Failed RaftClientRequest:client-CDAE5E67C236->s0@group-F46F844F1B04, cid=1, seq=0, RW, m1 with java.io.IOException: Timeout while waiting for reply of request RaftClientRequest:client-CDAE5E67C236->s0@group-F46F844F1B04, cid=1, seq=0, RW, m1
2019-09-24 17:06:27,380 DEBUG client.RaftClient (RaftClientImpl.java:handleIOException(362)) - client-CDAE5E67C236: oldLeader=s0,  curLeader=s0, newLeader=null
2019-09-24 17:06:27,480 DEBUG client.RaftClient (RaftClientImpl.java:sendRequest(275)) - client-CDAE5E67C236: send RaftClientRequest:client-CDAE5E67C236->s0@group-F46F844F1B04, cid=1, seq=0, RW, m1
2019-09-24 17:06:27,481 DEBUG impl.RaftServerImpl (RaftServerImpl.java:submitClientRequestAsync(533)) - s0@group-F46F844F1B04: receive client request(RaftClientRequest:client-CDAE5E67C236->s0@group-F46F844F1B04, cid=1, seq=0, RW, m1)
2019-09-24 17:06:30,481 DEBUG client.RaftClient (RaftClientImpl.java:handleIOException(343)) - client-CDAE5E67C236: suggested new leader: null. Failed RaftClientRequest:client-CDAE5E67C236->s0@group-F46F844F1B04, cid=1, seq=0, RW, m1 with java.io.IOException: Timeout while waiting for reply of request RaftClientRequest:client-CDAE5E67C236->s0@group-F46F844F1B04, cid=1, seq=0, RW, m1
2019-09-24 17:06:30,481 DEBUG client.RaftClient (RaftClientImpl.java:handleIOException(362)) - client-CDAE5E67C236: oldLeader=s0,  curLeader=s0, newLeader=null
2019-09-24 17:06:30,581 DEBUG client.RaftClient (RaftClientImpl.java:sendRequest(275)) - client-CDAE5E67C236: send RaftClientRequest:client-CDAE5E67C236->s0@group-F46F844F1B04, cid=1, seq=0, RW, m1
2019-09-24 17:06:30,582 DEBUG impl.RaftServerImpl (RaftServerImpl.java:submitClientRequestAsync(533)) - s0@group-F46F844F1B04: receive client request(RaftClientRequest:client-CDAE5E67C236->s0@group-F46F844F1B04, cid=1, seq=0, RW, m1)
2019-09-24 17:06:30,923 INFO  ratis.MiniRaftCluster (MiniRaftCluster.java:lambda$null$5(297)) - TIMED-PRINT: printing ALL groups
  s0:  RUNNING    LEADER s0@group-F46F844F1B04:t1, leader=s0, voted=s0, raftlog=s0@group-F46F844F1B04-SegmentedRaftLog:OPENED:c2,f2,i3, conf=0: [s0:0.0.0.0:37788], old=null RUNNING
2019-09-24 17:06:31,449 INFO  statemachine.SimpleStateMachine4Testing (SimpleStateMachine4Testing.java:put(198)) - s0: put 3, m1 -> (t:1, i:3), STATEMACHINELOGENTRY, client-CDAE5E67C236, cid=1
2019-09-24 17:06:31,470 DEBUG client.RaftClient (RaftClientImpl.java:sendRequest(285)) - client-CDAE5E67C236: receive RaftClientReply:client-CDAE5E67C236->s0@group-F46F844F1B04, cid=1, SUCCESS, logIndex=3, commits[s0:c3]
2019-09-24 17:06:31,470 DEBUG client.RaftClient (RaftClientImpl.java:sendRequest(275)) - client-CDAE5E67C236: send RaftClientRequest:client-CDAE5E67C236->s0@group-F46F844F1B04, cid=2, seq=0, RW, m2
2019-09-24 17:06:31,470 DEBUG impl.RaftServerImpl (RaftServerImpl.java:submitClientRequestAsync(533)) - s0@group-F46F844F1B04: receive client request(RaftClientRequest:client-CDAE5E67C236->s0@group-F46F844F1B04, cid=2, seq=0, RW, m2)
2019-09-24 17:06:31,472 DEBUG impl.RaftServerImpl (LeaderState.java:addPendingRequest(317)) - s0@group-F46F844F1B04-LeaderState: addPendingRequest at RaftClientRequest:client-CDAE5E67C236->s0@group-F46F844F1B04, cid=2, seq=0, RW, m2, entry=(t:1, i:5), STATEMACHINELOGENTRY, client-CDAE5E67C236, cid=2
2019-09-24 17:06:34,476 DEBUG client.RaftClient (RaftClientImpl.java:handleIOException(343)) - client-CDAE5E67C236: suggested new leader: null. Failed RaftClientRequest:client-CDAE5E67C236->s0@group-F46F844F1B04, cid=2, seq=0, RW, m2 with java.io.IOException: Timeout while waiting for reply of request RaftClientRequest:client-CDAE5E67C236->s0@group-F46F844F1B04, cid=2, seq=0, RW, m2
2019-09-24 17:06:34,476 DEBUG client.RaftClient (RaftClientImpl.java:handleIOException(362)) - client-CDAE5E67C236: oldLeader=s0,  curLeader=s0, newLeader=null
2019-09-24 17:06:34,577 DEBUG client.RaftClient (RaftClientImpl.java:sendRequest(275)) - client-CDAE5E67C236: send RaftClientRequest:client-CDAE5E67C236->s0@group-F46F844F1B04, cid=2, seq=0, RW, m2
2019-09-24 17:06:34,577 DEBUG impl.RaftServerImpl (RaftServerImpl.java:submitClientRequestAsync(533)) - s0@group-F46F844F1B04: receive client request(RaftClientRequest:client-CDAE5E67C236->s0@group-F46F844F1B04, cid=2, seq=0, RW, m2)
2019-09-24 17:06:37,577 DEBUG client.RaftClient (RaftClientImpl.java:handleIOException(343)) - client-CDAE5E67C236: suggested new leader: null. Failed RaftClientRequest:client-CDAE5E67C236->s0@group-F46F844F1B04, cid=2, seq=0, RW, m2 with java.io.IOException: Timeout while waiting for reply of request RaftClientRequest:client-CDAE5E67C236->s0@group-F46F844F1B04, cid=2, seq=0, RW, m2
2019-09-24 17:06:37,578 DEBUG client.RaftClient (RaftClientImpl.java:handleIOException(362)) - client-CDAE5E67C236: oldLeader=s0,  curLeader=s0, newLeader=null
2019-09-24 17:06:37,678 DEBUG client.RaftClient (RaftClientImpl.java:sendRequest(275)) - client-CDAE5E67C236: send RaftClientRequest:client-CDAE5E67C236->s0@group-F46F844F1B04, cid=2, seq=0, RW, m2
2019-09-24 17:06:37,679 DEBUG impl.RaftServerImpl (RaftServerImpl.java:submitClientRequestAsync(533)) - s0@group-F46F844F1B04: receive client request(RaftClientRequest:client-CDAE5E67C236->s0@group-F46F844F1B04, cid=2, seq=0, RW, m2)
2019-09-24 17:06:40,679 DEBUG client.RaftClient (RaftClientImpl.java:handleIOException(343)) - client-CDAE5E67C236: suggested new leader: null. Failed RaftClientRequest:client-CDAE5E67C236->s0@group-F46F844F1B04, cid=2, seq=0, RW, m2 with java.io.IOException: Timeout while waiting for reply of request RaftClientRequest:client-CDAE5E67C236->s0@group-F46F844F1B04, cid=2, seq=0, RW, m2
2019-09-24 17:06:40,680 DEBUG client.RaftClient (RaftClientImpl.java:handleIOException(362)) - client-CDAE5E67C236: oldLeader=s0,  curLeader=s0, newLeader=null
2019-09-24 17:06:40,780 DEBUG client.RaftClient (RaftClientImpl.java:sendRequest(275)) - client-CDAE5E67C236: send RaftClientRequest:client-CDAE5E67C236->s0@group-F46F844F1B04, cid=2, seq=0, RW, m2
2019-09-24 17:06:40,781 DEBUG impl.RaftServerImpl (RaftServerImpl.java:submitClientRequestAsync(533)) - s0@group-F46F844F1B04: receive client request(RaftClientRequest:client-CDAE5E67C236->s0@group-F46F844F1B04, cid=2, seq=0, RW, m2)
2019-09-24 17:06:40,923 INFO  ratis.MiniRaftCluster (MiniRaftCluster.java:lambda$null$5(297)) - TIMED-PRINT: printing ALL groups
  s0:  RUNNING    LEADER s0@group-F46F844F1B04:t1, leader=s0, voted=s0, raftlog=s0@group-F46F844F1B04-SegmentedRaftLog:OPENED:c4,f4,i5, conf=0: [s0:0.0.0.0:37788], old=null RUNNING
2019-09-24 17:06:43,781 DEBUG client.RaftClient (RaftClientImpl.java:handleIOException(343)) - client-CDAE5E67C236: suggested new leader: null. Failed RaftClientRequest:client-CDAE5E67C236->s0@group-F46F844F1B04, cid=2, seq=0, RW, m2 with java.io.IOException: Timeout while waiting for reply of request RaftClientRequest:client-CDAE5E67C236->s0@group-F46F844F1B04, cid=2, seq=0, RW, m2
2019-09-24 17:06:43,782 DEBUG client.RaftClient (RaftClientImpl.java:handleIOException(362)) - client-CDAE5E67C236: oldLeader=s0,  curLeader=s0, newLeader=null
2019-09-24 17:06:43,882 DEBUG client.RaftClient (RaftClientImpl.java:sendRequest(275)) - client-CDAE5E67C236: send RaftClientRequest:client-CDAE5E67C236->s0@group-F46F844F1B04, cid=2, seq=0, RW, m2
2019-09-24 17:06:43,883 DEBUG impl.RaftServerImpl (RaftServerImpl.java:submitClientRequestAsync(533)) - s0@group-F46F844F1B04: receive client request(RaftClientRequest:client-CDAE5E67C236->s0@group-F46F844F1B04, cid=2, seq=0, RW, m2)
2019-09-24 17:06:46,766 INFO  statemachine.SimpleStateMachine4Testing (SimpleStateMachine4Testing.java:put(198)) - s0: put 5, m2 -> (t:1, i:5), STATEMACHINELOGENTRY, client-CDAE5E67C236, cid=2
2019-09-24 17:06:46,779 DEBUG client.RaftClient (RaftClientImpl.java:sendRequest(285)) - client-CDAE5E67C236: receive RaftClientReply:client-CDAE5E67C236->s0@group-F46F844F1B04, cid=2, SUCCESS, logIndex=5, commits[s0:c5]
2019-09-24 17:06:46,780 DEBUG client.RaftClient (RaftClientImpl.java:sendRequest(275)) - client-CDAE5E67C236: send RaftClientRequest:client-CDAE5E67C236->s0@group-F46F844F1B04, cid=3, seq=0, RW, m3
2019-09-24 17:06:46,780 DEBUG impl.RaftServerImpl (RaftServerImpl.java:submitClientRequestAsync(533)) - s0@group-F46F844F1B04: receive client request(RaftClientRequest:client-CDAE5E67C236->s0@group-F46F844F1B04, cid=3, seq=0, RW, m3)
2019-09-24 17:06:46,781 DEBUG impl.RaftServerImpl (LeaderState.java:addPendingRequest(317)) - s0@group-F46F844F1B04-LeaderState: addPendingRequest at RaftClientRequest:client-CDAE5E67C236->s0@group-F46F844F1B04, cid=3, seq=0, RW, m3, entry=(t:1, i:7), STATEMACHINELOGENTRY, client-CDAE5E67C236, cid=3
2019-09-24 17:06:49,791 DEBUG client.RaftClient (RaftClientImpl.java:handleIOException(343)) - client-CDAE5E67C236: suggested new leader: null. Failed RaftClientRequest:client-CDAE5E67C236->s0@group-F46F844F1B04, cid=3, seq=0, RW, m3 with java.io.IOException: Timeout while waiting for reply of request RaftClientRequest:client-CDAE5E67C236->s0@group-F46F844F1B04, cid=3, seq=0, RW, m3
2019-09-24 17:06:49,791 DEBUG client.RaftClient (RaftClientImpl.java:handleIOException(362)) - client-CDAE5E67C236: oldLeader=s0,  curLeader=s0, newLeader=null
2019-09-24 17:06:49,892 DEBUG client.RaftClient (RaftClientImpl.java:sendRequest(275)) - client-CDAE5E67C236: send RaftClientRequest:client-CDAE5E67C236->s0@group-F46F844F1B04, cid=3, seq=0, RW, m3
2019-09-24 17:06:49,892 DEBUG impl.RaftServerImpl (RaftServerImpl.java:submitClientRequestAsync(533)) - s0@group-F46F844F1B04: receive client request(RaftClientRequest:client-CDAE5E67C236->s0@group-F46F844F1B04, cid=3, seq=0, RW, m3)
2019-09-24 17:06:50,923 INFO  ratis.MiniRaftCluster (MiniRaftCluster.java:lambda$null$5(297)) - TIMED-PRINT: printing ALL groups
  s0:  RUNNING    LEADER s0@group-F46F844F1B04:t1, leader=s0, voted=s0, raftlog=s0@group-F46F844F1B04-SegmentedRaftLog:OPENED:c5,f5,i7, conf=0: [s0:0.0.0.0:37788], old=null RUNNING
2019-09-24 17:06:52,892 DEBUG client.RaftClient (RaftClientImpl.java:handleIOException(343)) - client-CDAE5E67C236: suggested new leader: null. Failed RaftClientRequest:client-CDAE5E67C236->s0@group-F46F844F1B04, cid=3, seq=0, RW, m3 with java.io.IOException: Timeout while waiting for reply of request RaftClientRequest:client-CDAE5E67C236->s0@group-F46F844F1B04, cid=3, seq=0, RW, m3
2019-09-24 17:06:52,893 DEBUG client.RaftClient (RaftClientImpl.java:handleIOException(362)) - client-CDAE5E67C236: oldLeader=s0,  curLeader=s0, newLeader=null
2019-09-24 17:06:52,993 DEBUG client.RaftClient (RaftClientImpl.java:sendRequest(275)) - client-CDAE5E67C236: send RaftClientRequest:client-CDAE5E67C236->s0@group-F46F844F1B04, cid=3, seq=0, RW, m3
2019-09-24 17:06:52,994 DEBUG impl.RaftServerImpl (RaftServerImpl.java:submitClientRequestAsync(533)) - s0@group-F46F844F1B04: receive client request(RaftClientRequest:client-CDAE5E67C236->s0@group-F46F844F1B04, cid=3, seq=0, RW, m3)
2019-09-24 17:06:55,994 DEBUG client.RaftClient (RaftClientImpl.java:handleIOException(343)) - client-CDAE5E67C236: suggested new leader: null. Failed RaftClientRequest:client-CDAE5E67C236->s0@group-F46F844F1B04, cid=3, seq=0, RW, m3 with java.io.IOException: Timeout while waiting for reply of request RaftClientRequest:client-CDAE5E67C236->s0@group-F46F844F1B04, cid=3, seq=0, RW, m3
2019-09-24 17:06:55,995 DEBUG client.RaftClient (RaftClientImpl.java:handleIOException(362)) - client-CDAE5E67C236: oldLeader=s0,  curLeader=s0, newLeader=null
2019-09-24 17:06:56,095 DEBUG client.RaftClient (RaftClientImpl.java:sendRequest(275)) - client-CDAE5E67C236: send RaftClientRequest:client-CDAE5E67C236->s0@group-F46F844F1B04, cid=3, seq=0, RW, m3
2019-09-24 17:06:56,096 DEBUG impl.RaftServerImpl (RaftServerImpl.java:submitClientRequestAsync(533)) - s0@group-F46F844F1B04: receive client request(RaftClientRequest:client-CDAE5E67C236->s0@group-F46F844F1B04, cid=3, seq=0, RW, m3)
2019-09-24 17:06:56,170 INFO  statemachine.SimpleStateMachine4Testing (SimpleStateMachine4Testing.java:put(198)) - s0: put 7, m3 -> (t:1, i:7), STATEMACHINELOGENTRY, client-CDAE5E67C236, cid=3
2019-09-24 17:06:56,189 DEBUG client.RaftClient (RaftClientImpl.java:sendRequest(285)) - client-CDAE5E67C236: receive RaftClientReply:client-CDAE5E67C236->s0@group-F46F844F1B04, cid=3, SUCCESS, logIndex=7, commits[s0:c7]
2019-09-24 17:06:56,189 DEBUG client.RaftClient (RaftClientImpl.java:sendRequest(275)) - client-CDAE5E67C236: send RaftClientRequest:client-CDAE5E67C236->s0@group-F46F844F1B04, cid=4, seq=0, RW, m4
2019-09-24 17:06:56,190 DEBUG impl.RaftServerImpl (RaftServerImpl.java:submitClientRequestAsync(533)) - s0@group-F46F844F1B04: receive client request(RaftClientRequest:client-CDAE5E67C236->s0@group-F46F844F1B04, cid=4, seq=0, RW, m4)
2019-09-24 17:06:56,191 DEBUG impl.RaftServerImpl (LeaderState.java:addPendingRequest(317)) - s0@group-F46F844F1B04-LeaderState: addPendingRequest at RaftClientRequest:client-CDAE5E67C236->s0@group-F46F844F1B04, cid=4, seq=0, RW, m4, entry=(t:1, i:9), STATEMACHINELOGENTRY, client-CDAE5E67C236, cid=4
2019-09-24 17:06:59,200 DEBUG client.RaftClient (RaftClientImpl.java:handleIOException(343)) - client-CDAE5E67C236: suggested new leader: null. Failed RaftClientRequest:client-CDAE5E67C236->s0@group-F46F844F1B04, cid=4, seq=0, RW, m4 with java.io.IOException: Timeout while waiting for reply of request RaftClientRequest:client-CDAE5E67C236->s0@group-F46F844F1B04, cid=4, seq=0, RW, m4
2019-09-24 17:06:59,201 DEBUG client.RaftClient (RaftClientImpl.java:handleIOException(362)) - client-CDAE5E67C236: oldLeader=s0,  curLeader=s0, newLeader=null
2019-09-24 17:06:59,301 DEBUG client.RaftClient (RaftClientImpl.java:sendRequest(275)) - client-CDAE5E67C236: send RaftClientRequest:client-CDAE5E67C236->s0@group-F46F844F1B04, cid=4, seq=0, RW, m4
2019-09-24 17:06:59,302 DEBUG impl.RaftServerImpl (RaftServerImpl.java:submitClientRequestAsync(533)) - s0@group-F46F844F1B04: receive client request(RaftClientRequest:client-CDAE5E67C236->s0@group-F46F844F1B04, cid=4, seq=0, RW, m4)
2019-09-24 17:07:00,923 INFO  ratis.MiniRaftCluster (MiniRaftCluster.java:lambda$null$5(297)) - TIMED-PRINT: printing ALL groups
  s0:  RUNNING    LEADER s0@group-F46F844F1B04:t1, leader=s0, voted=s0, raftlog=s0@group-F46F844F1B04-SegmentedRaftLog:OPENED:c7,f7,i9, conf=0: [s0:0.0.0.0:37788], old=null RUNNING
2019-09-24 17:07:02,302 DEBUG client.RaftClient (RaftClientImpl.java:handleIOException(343)) - client-CDAE5E67C236: suggested new leader: null. Failed RaftClientRequest:client-CDAE5E67C236->s0@group-F46F844F1B04, cid=4, seq=0, RW, m4 with java.io.IOException: Timeout while waiting for reply of request RaftClientRequest:client-CDAE5E67C236->s0@group-F46F844F1B04, cid=4, seq=0, RW, m4
2019-09-24 17:07:02,303 DEBUG client.RaftClient (RaftClientImpl.java:handleIOException(362)) - client-CDAE5E67C236: oldLeader=s0,  curLeader=s0, newLeader=null
2019-09-24 17:07:02,403 DEBUG client.RaftClient (RaftClientImpl.java:sendRequest(275)) - client-CDAE5E67C236: send RaftClientRequest:client-CDAE5E67C236->s0@group-F46F844F1B04, cid=4, seq=0, RW, m4
2019-09-24 17:07:02,404 DEBUG impl.RaftServerImpl (RaftServerImpl.java:submitClientRequestAsync(533)) - s0@group-F46F844F1B04: receive client request(RaftClientRequest:client-CDAE5E67C236->s0@group-F46F844F1B04, cid=4, seq=0, RW, m4)
2019-09-24 17:07:02,668 INFO  statemachine.SimpleStateMachine4Testing (SimpleStateMachine4Testing.java:put(198)) - s0: put 9, m4 -> (t:1, i:9), STATEMACHINELOGENTRY, client-CDAE5E67C236, cid=4
2019-09-24 17:07:02,688 DEBUG client.RaftClient (RaftClientImpl.java:sendRequest(285)) - client-CDAE5E67C236: receive RaftClientReply:client-CDAE5E67C236->s0@group-F46F844F1B04, cid=4, SUCCESS, logIndex=9, commits[s0:c9]
2019-09-24 17:07:02,688 DEBUG client.RaftClient (RaftClientImpl.java:sendRequest(275)) - client-CDAE5E67C236: send RaftClientRequest:client-CDAE5E67C236->s0@group-F46F844F1B04, cid=5, seq=0, RW, m5
2019-09-24 17:07:02,689 DEBUG impl.RaftServerImpl (RaftServerImpl.java:submitClientRequestAsync(533)) - s0@group-F46F844F1B04: receive client request(RaftClientRequest:client-CDAE5E67C236->s0@group-F46F844F1B04, cid=5, seq=0, RW, m5)
2019-09-24 17:07:02,690 DEBUG impl.RaftServerImpl (LeaderState.java:addPendingRequest(317)) - s0@group-F46F844F1B04-LeaderState: addPendingRequest at RaftClientRequest:client-CDAE5E67C236->s0@group-F46F844F1B04, cid=5, seq=0, RW, m5, entry=(t:1, i:11), STATEMACHINELOGENTRY, client-CDAE5E67C236, cid=5
2019-09-24 17:07:02,859 INFO  impl.StateMachineUpdater (StateMachineUpdater.java:takeSnapshot(269)) - s0@group-F46F844F1B04-StateMachineUpdater: Took a snapshot at index 9
2019-09-24 17:07:02,859 INFO  impl.StateMachineUpdater (StateMachineUpdater.java:lambda$new$0(84)) - s0@group-F46F844F1B04-StateMachineUpdater: snapshotIndex: updateIncreasingly -1 -> 9
2019-09-24 17:07:02,869 INFO  statemachine.SimpleStateMachine4Testing (SimpleStateMachine4Testing.java:put(198)) - s0: put 11, m5 -> (t:1, i:11), STATEMACHINELOGENTRY, client-CDAE5E67C236, cid=5
2019-09-24 17:07:02,889 DEBUG client.RaftClient (RaftClientImpl.java:sendRequest(285)) - client-CDAE5E67C236: receive RaftClientReply:client-CDAE5E67C236->s0@group-F46F844F1B04, cid=5, SUCCESS, logIndex=11, commits[s0:c12]
2019-09-24 17:07:02,890 DEBUG client.RaftClient (RaftClientImpl.java:sendRequest(275)) - client-CDAE5E67C236: send RaftClientRequest:client-CDAE5E67C236->s0@group-F46F844F1B04, cid=6, seq=0, RW, m6
2019-09-24 17:07:02,890 DEBUG impl.RaftServerImpl (RaftServerImpl.java:submitClientRequestAsync(533)) - s0@group-F46F844F1B04: receive client request(RaftClientRequest:client-CDAE5E67C236->s0@group-F46F844F1B04, cid=6, seq=0, RW, m6)
2019-09-24 17:07:02,891 DEBUG impl.RaftServerImpl (LeaderState.java:addPendingRequest(317)) - s0@group-F46F844F1B04-LeaderState: addPendingRequest at RaftClientRequest:client-CDAE5E67C236->s0@group-F46F844F1B04, cid=6, seq=0, RW, m6, entry=(t:1, i:13), STATEMACHINELOGENTRY, client-CDAE5E67C236, cid=6
2019-09-24 17:07:02,896 INFO  statemachine.SimpleStateMachine4Testing (SimpleStateMachine4Testing.java:put(198)) - s0: put 13, m6 -> (t:1, i:13), STATEMACHINELOGENTRY, client-CDAE5E67C236, cid=6
2019-09-24 17:07:02,912 DEBUG client.RaftClient (RaftClientImpl.java:sendRequest(285)) - client-CDAE5E67C236: receive RaftClientReply:client-CDAE5E67C236->s0@group-F46F844F1B04, cid=6, SUCCESS, logIndex=13, commits[s0:c13]
2019-09-24 17:07:02,913 DEBUG client.RaftClient (RaftClientImpl.java:sendRequest(275)) - client-CDAE5E67C236: send RaftClientRequest:client-CDAE5E67C236->s0@group-F46F844F1B04, cid=7, seq=0, RW, m7
2019-09-24 17:07:02,913 DEBUG impl.RaftServerImpl (RaftServerImpl.java:submitClientRequestAsync(533)) - s0@group-F46F844F1B04: receive client request(RaftClientRequest:client-CDAE5E67C236->s0@group-F46F844F1B04, cid=7, seq=0, RW, m7)
2019-09-24 17:07:02,914 DEBUG impl.RaftServerImpl (LeaderState.java:addPendingRequest(317)) - s0@group-F46F844F1B04-LeaderState: addPendingRequest at RaftClientRequest:client-CDAE5E67C236->s0@group-F46F844F1B04, cid=7, seq=0, RW, m7, entry=(t:1, i:15), STATEMACHINELOGENTRY, client-CDAE5E67C236, cid=7
2019-09-24 17:07:02,928 INFO  statemachine.SimpleStateMachine4Testing (SimpleStateMachine4Testing.java:put(198)) - s0: put 15, m7 -> (t:1, i:15), STATEMACHINELOGENTRY, client-CDAE5E67C236, cid=7
2019-09-24 17:07:02,941 DEBUG client.RaftClient (RaftClientImpl.java:sendRequest(285)) - client-CDAE5E67C236: receive RaftClientReply:client-CDAE5E67C236->s0@group-F46F844F1B04, cid=7, SUCCESS, logIndex=15, commits[s0:c15]
2019-09-24 17:07:02,942 DEBUG client.RaftClient (RaftClientImpl.java:sendRequest(275)) - client-CDAE5E67C236: send RaftClientRequest:client-CDAE5E67C236->s0@group-F46F844F1B04, cid=8, seq=0, RW, m8
2019-09-24 17:07:02,942 DEBUG impl.RaftServerImpl (RaftServerImpl.java:submitClientRequestAsync(533)) - s0@group-F46F844F1B04: receive client request(RaftClientRequest:client-CDAE5E67C236->s0@group-F46F844F1B04, cid=8, seq=0, RW, m8)
2019-09-24 17:07:02,943 DEBUG impl.RaftServerImpl (LeaderState.java:addPendingRequest(317)) - s0@group-F46F844F1B04-LeaderState: addPendingRequest at RaftClientRequest:client-CDAE5E67C236->s0@group-F46F844F1B04, cid=8, seq=0, RW, m8, entry=(t:1, i:17), STATEMACHINELOGENTRY, client-CDAE5E67C236, cid=8
2019-09-24 17:07:02,956 INFO  statemachine.SimpleStateMachine4Testing (SimpleStateMachine4Testing.java:put(198)) - s0: put 17, m8 -> (t:1, i:17), STATEMACHINELOGENTRY, client-CDAE5E67C236, cid=8
2019-09-24 17:07:02,971 DEBUG client.RaftClient (RaftClientImpl.java:sendRequest(285)) - client-CDAE5E67C236: receive RaftClientReply:client-CDAE5E67C236->s0@group-F46F844F1B04, cid=8, SUCCESS, logIndex=17, commits[s0:c17]
2019-09-24 17:07:02,971 DEBUG client.RaftClient (RaftClientImpl.java:sendRequest(275)) - client-CDAE5E67C236: send RaftClientRequest:client-CDAE5E67C236->s0@group-F46F844F1B04, cid=9, seq=0, RW, m9
2019-09-24 17:07:02,971 DEBUG impl.RaftServerImpl (RaftServerImpl.java:submitClientRequestAsync(533)) - s0@group-F46F844F1B04: receive client request(RaftClientRequest:client-CDAE5E67C236->s0@group-F46F844F1B04, cid=9, seq=0, RW, m9)
2019-09-24 17:07:02,972 DEBUG impl.RaftServerImpl (LeaderState.java:addPendingRequest(317)) - s0@group-F46F844F1B04-LeaderState: addPendingRequest at RaftClientRequest:client-CDAE5E67C236->s0@group-F46F844F1B04, cid=9, seq=0, RW, m9, entry=(t:1, i:19), STATEMACHINELOGENTRY, client-CDAE5E67C236, cid=9
2019-09-24 17:07:02,977 INFO  statemachine.SimpleStateMachine4Testing (SimpleStateMachine4Testing.java:put(198)) - s0: put 19, m9 -> (t:1, i:19), STATEMACHINELOGENTRY, client-CDAE5E67C236, cid=9
2019-09-24 17:07:02,997 DEBUG client.RaftClient (RaftClientImpl.java:sendRequest(285)) - client-CDAE5E67C236: receive RaftClientReply:client-CDAE5E67C236->s0@group-F46F844F1B04, cid=9, SUCCESS, logIndex=19, commits[s0:c19]
2019-09-24 17:07:02,998 DEBUG client.RaftClient (RaftClientImpl.java:sendRequest(275)) - client-CDAE5E67C236: send RaftClientRequest:client-CDAE5E67C236->s0@group-F46F844F1B04, cid=10, seq=0, RW, m10
2019-09-24 17:07:02,998 DEBUG impl.RaftServerImpl (RaftServerImpl.java:submitClientRequestAsync(533)) - s0@group-F46F844F1B04: receive client request(RaftClientRequest:client-CDAE5E67C236->s0@group-F46F844F1B04, cid=10, seq=0, RW, m10)
2019-09-24 17:07:02,998 DEBUG impl.RaftServerImpl (LeaderState.java:addPendingRequest(317)) - s0@group-F46F844F1B04-LeaderState: addPendingRequest at RaftClientRequest:client-CDAE5E67C236->s0@group-F46F844F1B04, cid=10, seq=0, RW, m10, entry=(t:1, i:21), STATEMACHINELOGENTRY, client-CDAE5E67C236, cid=10
2019-09-24 17:07:03,420 INFO  impl.StateMachineUpdater (StateMachineUpdater.java:takeSnapshot(269)) - s0@group-F46F844F1B04-StateMachineUpdater: Took a snapshot at index 19
2019-09-24 17:07:03,420 INFO  impl.StateMachineUpdater (StateMachineUpdater.java:lambda$new$0(84)) - s0@group-F46F844F1B04-StateMachineUpdater: snapshotIndex: updateIncreasingly 9 -> 19
2019-09-24 17:07:03,421 INFO  statemachine.SimpleStateMachine4Testing (SimpleStateMachine4Testing.java:put(198)) - s0: put 21, m10 -> (t:1, i:21), STATEMACHINELOGENTRY, client-CDAE5E67C236, cid=10
2019-09-24 17:07:03,435 DEBUG client.RaftClient (RaftClientImpl.java:sendRequest(285)) - client-CDAE5E67C236: receive RaftClientReply:client-CDAE5E67C236->s0@group-F46F844F1B04, cid=10, SUCCESS, logIndex=21, commits[s0:c22]
2019-09-24 17:07:03,436 DEBUG client.RaftClient (RaftClientImpl.java:sendRequest(275)) - client-CDAE5E67C236: send RaftClientRequest:client-CDAE5E67C236->s0@group-F46F844F1B04, cid=11, seq=0, RW, m11
2019-09-24 17:07:03,436 DEBUG impl.RaftServerImpl (RaftServerImpl.java:submitClientRequestAsync(533)) - s0@group-F46F844F1B04: receive client request(RaftClientRequest:client-CDAE5E67C236->s0@group-F46F844F1B04, cid=11, seq=0, RW, m11)
2019-09-24 17:07:03,437 DEBUG impl.RaftServerImpl (LeaderState.java:addPendingRequest(317)) - s0@group-F46F844F1B04-LeaderState: addPendingRequest at RaftClientRequest:client-CDAE5E67C236->s0@group-F46F844F1B04, cid=11, seq=0, RW, m11, entry=(t:1, i:23), STATEMACHINELOGENTRY, client-CDAE5E67C236, cid=11
2019-09-24 17:07:03,715 INFO  statemachine.SimpleStateMachine4Testing (SimpleStateMachine4Testing.java:put(198)) - s0: put 23, m11 -> (t:1, i:23), STATEMACHINELOGENTRY, client-CDAE5E67C236, cid=11
2019-09-24 17:07:03,727 DEBUG client.RaftClient (RaftClientImpl.java:sendRequest(285)) - client-CDAE5E67C236: receive RaftClientReply:client-CDAE5E67C236->s0@group-F46F844F1B04, cid=11, SUCCESS, logIndex=23, commits[s0:c23]
2019-09-24 17:07:03,728 DEBUG client.RaftClient (RaftClientImpl.java:sendRequest(275)) - client-CDAE5E67C236: send RaftClientRequest:client-CDAE5E67C236->s0@group-F46F844F1B04, cid=12, seq=0, RW, m12
2019-09-24 17:07:03,728 DEBUG impl.RaftServerImpl (RaftServerImpl.java:submitClientRequestAsync(533)) - s0@group-F46F844F1B04: receive client request(RaftClientRequest:client-CDAE5E67C236->s0@group-F46F844F1B04, cid=12, seq=0, RW, m12)
2019-09-24 17:07:03,729 DEBUG impl.RaftServerImpl (LeaderState.java:addPendingRequest(317)) - s0@group-F46F844F1B04-LeaderState: addPendingRequest at RaftClientRequest:client-CDAE5E67C236->s0@group-F46F844F1B04, cid=12, seq=0, RW, m12, entry=(t:1, i:25), STATEMACHINELOGENTRY, client-CDAE5E67C236, cid=12
2019-09-24 17:07:06,728 DEBUG client.RaftClient (RaftClientImpl.java:handleIOException(343)) - client-CDAE5E67C236: suggested new leader: null. Failed RaftClientRequest:client-CDAE5E67C236->s0@group-F46F844F1B04, cid=12, seq=0, RW, m12 with java.io.IOException: Timeout while waiting for reply of request RaftClientRequest:client-CDAE5E67C236->s0@group-F46F844F1B04, cid=12, seq=0, RW, m12
2019-09-24 17:07:06,729 DEBUG client.RaftClient (RaftClientImpl.java:handleIOException(362)) - client-CDAE5E67C236: oldLeader=s0,  curLeader=s0, newLeader=null
2019-09-24 17:07:06,830 DEBUG client.RaftClient (RaftClientImpl.java:sendRequest(275)) - client-CDAE5E67C236: send RaftClientRequest:client-CDAE5E67C236->s0@group-F46F844F1B04, cid=12, seq=0, RW, m12
2019-09-24 17:07:06,830 DEBUG impl.RaftServerImpl (RaftServerImpl.java:submitClientRequestAsync(533)) - s0@group-F46F844F1B04: receive client request(RaftClientRequest:client-CDAE5E67C236->s0@group-F46F844F1B04, cid=12, seq=0, RW, m12)
2019-09-24 17:07:08,859 INFO  statemachine.SimpleStateMachine4Testing (SimpleStateMachine4Testing.java:put(198)) - s0: put 25, m12 -> (t:1, i:25), STATEMACHINELOGENTRY, client-CDAE5E67C236, cid=12
2019-09-24 17:07:08,870 DEBUG client.RaftClient (RaftClientImpl.java:sendRequest(285)) - client-CDAE5E67C236: receive RaftClientReply:client-CDAE5E67C236->s0@group-F46F844F1B04, cid=12, SUCCESS, logIndex=25, commits[s0:c25]
2019-09-24 17:07:08,870 DEBUG client.RaftClient (RaftClientImpl.java:sendRequest(275)) - client-CDAE5E67C236: send RaftClientRequest:client-CDAE5E67C236->s0@group-F46F844F1B04, cid=13, seq=0, RW, m13
2019-09-24 17:07:08,871 DEBUG impl.RaftServerImpl (RaftServerImpl.java:submitClientRequestAsync(533)) - s0@group-F46F844F1B04: receive client request(RaftClientRequest:client-CDAE5E67C236->s0@group-F46F844F1B04, cid=13, seq=0, RW, m13)
2019-09-24 17:07:08,872 DEBUG impl.RaftServerImpl (LeaderState.java:addPendingRequest(317)) - s0@group-F46F844F1B04-LeaderState: addPendingRequest at RaftClientRequest:client-CDAE5E67C236->s0@group-F46F844F1B04, cid=13, seq=0, RW, m13, entry=(t:1, i:27), STATEMACHINELOGENTRY, client-CDAE5E67C236, cid=13
2019-09-24 17:07:10,923 INFO  ratis.MiniRaftCluster (MiniRaftCluster.java:lambda$null$5(297)) - TIMED-PRINT: printing ALL groups
  s0:  RUNNING    LEADER s0@group-F46F844F1B04:t1, leader=s0, voted=s0, raftlog=s0@group-F46F844F1B04-SegmentedRaftLog:OPENED:c25,f25,i27, conf=0: [s0:0.0.0.0:37788], old=null RUNNING
2019-09-24 17:07:11,876 DEBUG client.RaftClient (RaftClientImpl.java:handleIOException(343)) - client-CDAE5E67C236: suggested new leader: null. Failed RaftClientRequest:client-CDAE5E67C236->s0@group-F46F844F1B04, cid=13, seq=0, RW, m13 with java.io.IOException: Timeout while waiting for reply of request RaftClientRequest:client-CDAE5E67C236->s0@group-F46F844F1B04, cid=13, seq=0, RW, m13
2019-09-24 17:07:11,877 DEBUG client.RaftClient (RaftClientImpl.java:handleIOException(362)) - client-CDAE5E67C236: oldLeader=s0,  curLeader=s0, newLeader=null
2019-09-24 17:07:11,978 DEBUG client.RaftClient (RaftClientImpl.java:sendRequest(275)) - client-CDAE5E67C236: send RaftClientRequest:client-CDAE5E67C236->s0@group-F46F844F1B04, cid=13, seq=0, RW, m13
2019-09-24 17:07:11,978 DEBUG impl.RaftServerImpl (RaftServerImpl.java:submitClientRequestAsync(533)) - s0@group-F46F844F1B04: receive client request(RaftClientRequest:client-CDAE5E67C236->s0@group-F46F844F1B04, cid=13, seq=0, RW, m13)
2019-09-24 17:07:13,146 INFO  statemachine.SimpleStateMachine4Testing (SimpleStateMachine4Testing.java:put(198)) - s0: put 27, m13 -> (t:1, i:27), STATEMACHINELOGENTRY, client-CDAE5E67C236, cid=13
2019-09-24 17:07:13,158 DEBUG client.RaftClient (RaftClientImpl.java:sendRequest(285)) - client-CDAE5E67C236: receive RaftClientReply:client-CDAE5E67C236->s0@group-F46F844F1B04, cid=13, SUCCESS, logIndex=27, commits[s0:c27]
2019-09-24 17:07:13,159 DEBUG client.RaftClient (RaftClientImpl.java:sendRequest(275)) - client-CDAE5E67C236: send RaftClientRequest:client-CDAE5E67C236->s0@group-F46F844F1B04, cid=14, seq=0, RW, m14
2019-09-24 17:07:13,159 DEBUG impl.RaftServerImpl (RaftServerImpl.java:submitClientRequestAsync(533)) - s0@group-F46F844F1B04: receive client request(RaftClientRequest:client-CDAE5E67C236->s0@group-F46F844F1B04, cid=14, seq=0, RW, m14)
2019-09-24 17:07:13,160 DEBUG impl.RaftServerImpl (LeaderState.java:addPendingRequest(317)) - s0@group-F46F844F1B04-LeaderState: addPendingRequest at RaftClientRequest:client-CDAE5E67C236->s0@group-F46F844F1B04, cid=14, seq=0, RW, m14, entry=(t:1, i:29), STATEMACHINELOGENTRY, client-CDAE5E67C236, cid=14
2019-09-24 17:07:13,168 INFO  statemachine.SimpleStateMachine4Testing (SimpleStateMachine4Testing.java:put(198)) - s0: put 29, m14 -> (t:1, i:29), STATEMACHINELOGENTRY, client-CDAE5E67C236, cid=14
2019-09-24 17:07:13,186 DEBUG client.RaftClient (RaftClientImpl.java:sendRequest(285)) - client-CDAE5E67C236: receive RaftClientReply:client-CDAE5E67C236->s0@group-F46F844F1B04, cid=14, SUCCESS, logIndex=29, commits[s0:c29]
2019-09-24 17:07:13,186 DEBUG client.RaftClient (RaftClientImpl.java:sendRequest(275)) - client-CDAE5E67C236: send RaftClientRequest:client-CDAE5E67C236->s0@group-F46F844F1B04, cid=15, seq=0, RW, m15
2019-09-24 17:07:13,187 DEBUG impl.RaftServerImpl (RaftServerImpl.java:submitClientRequestAsync(533)) - s0@group-F46F844F1B04: receive client request(RaftClientRequest:client-CDAE5E67C236->s0@group-F46F844F1B04, cid=15, seq=0, RW, m15)
2019-09-24 17:07:13,187 DEBUG impl.RaftServerImpl (LeaderState.java:addPendingRequest(317)) - s0@group-F46F844F1B04-LeaderState: addPendingRequest at RaftClientRequest:client-CDAE5E67C236->s0@group-F46F844F1B04, cid=15, seq=0, RW, m15, entry=(t:1, i:31), STATEMACHINELOGENTRY, client-CDAE5E67C236, cid=15
2019-09-24 17:07:13,300 INFO  impl.StateMachineUpdater (StateMachineUpdater.java:takeSnapshot(269)) - s0@group-F46F844F1B04-StateMachineUpdater: Took a snapshot at index 29
2019-09-24 17:07:13,300 INFO  impl.StateMachineUpdater (StateMachineUpdater.java:lambda$new$0(84)) - s0@group-F46F844F1B04-StateMachineUpdater: snapshotIndex: updateIncreasingly 19 -> 29
2019-09-24 17:07:13,301 INFO  statemachine.SimpleStateMachine4Testing (SimpleStateMachine4Testing.java:put(198)) - s0: put 31, m15 -> (t:1, i:31), STATEMACHINELOGENTRY, client-CDAE5E67C236, cid=15
2019-09-24 17:07:13,312 DEBUG client.RaftClient (RaftClientImpl.java:sendRequest(285)) - client-CDAE5E67C236: receive RaftClientReply:client-CDAE5E67C236->s0@group-F46F844F1B04, cid=15, SUCCESS, logIndex=31, commits[s0:c32]
2019-09-24 17:07:13,312 DEBUG client.RaftClient (RaftClientImpl.java:sendRequest(275)) - client-CDAE5E67C236: send RaftClientRequest:client-CDAE5E67C236->s0@group-F46F844F1B04, cid=16, seq=0, RW, m16
2019-09-24 17:07:13,312 DEBUG impl.RaftServerImpl (RaftServerImpl.java:submitClientRequestAsync(533)) - s0@group-F46F844F1B04: receive client request(RaftClientRequest:client-CDAE5E67C236->s0@group-F46F844F1B04, cid=16, seq=0, RW, m16)
2019-09-24 17:07:13,313 DEBUG impl.RaftServerImpl (LeaderState.java:addPendingRequest(317)) - s0@group-F46F844F1B04-LeaderState: addPendingRequest at RaftClientRequest:client-CDAE5E67C236->s0@group-F46F844F1B04, cid=16, seq=0, RW, m16, entry=(t:1, i:33), STATEMACHINELOGENTRY, client-CDAE5E67C236, cid=16
2019-09-24 17:07:13,334 INFO  statemachine.SimpleStateMachine4Testing (SimpleStateMachine4Testing.java:put(198)) - s0: put 33, m16 -> (t:1, i:33), STATEMACHINELOGENTRY, client-CDAE5E67C236, cid=16
2019-09-24 17:07:13,347 DEBUG client.RaftClient (RaftClientImpl.java:sendRequest(285)) - client-CDAE5E67C236: receive RaftClientReply:client-CDAE5E67C236->s0@group-F46F844F1B04, cid=16, SUCCESS, logIndex=33, commits[s0:c33]
2019-09-24 17:07:13,348 DEBUG client.RaftClient (RaftClientImpl.java:sendRequest(275)) - client-CDAE5E67C236: send RaftClientRequest:client-CDAE5E67C236->s0@group-F46F844F1B04, cid=17, seq=0, RW, m17
2019-09-24 17:07:13,348 DEBUG impl.RaftServerImpl (RaftServerImpl.java:submitClientRequestAsync(533)) - s0@group-F46F844F1B04: receive client request(RaftClientRequest:client-CDAE5E67C236->s0@group-F46F844F1B04, cid=17, seq=0, RW, m17)
2019-09-24 17:07:13,349 DEBUG impl.RaftServerImpl (LeaderState.java:addPendingRequest(317)) - s0@group-F46F844F1B04-LeaderState: addPendingRequest at RaftClientRequest:client-CDAE5E67C236->s0@group-F46F844F1B04, cid=17, seq=0, RW, m17, entry=(t:1, i:35), STATEMACHINELOGENTRY, client-CDAE5E67C236, cid=17
2019-09-24 17:07:13,586 INFO  statemachine.SimpleStateMachine4Testing (SimpleStateMachine4Testing.java:put(198)) - s0: put 35, m17 -> (t:1, i:35), STATEMACHINELOGENTRY, client-CDAE5E67C236, cid=17
2019-09-24 17:07:13,599 DEBUG client.RaftClient (RaftClientImpl.java:sendRequest(285)) - client-CDAE5E67C236: receive RaftClientReply:client-CDAE5E67C236->s0@group-F46F844F1B04, cid=17, SUCCESS, logIndex=35, commits[s0:c35]
2019-09-24 17:07:13,600 DEBUG client.RaftClient (RaftClientImpl.java:sendRequest(275)) - client-CDAE5E67C236: send RaftClientRequest:client-CDAE5E67C236->s0@group-F46F844F1B04, cid=18, seq=0, RW, m18
2019-09-24 17:07:13,600 DEBUG impl.RaftServerImpl (RaftServerImpl.java:submitClientRequestAsync(533)) - s0@group-F46F844F1B04: receive client request(RaftClientRequest:client-CDAE5E67C236->s0@group-F46F844F1B04, cid=18, seq=0, RW, m18)
2019-09-24 17:07:13,601 DEBUG impl.RaftServerImpl (LeaderState.java:addPendingRequest(317)) - s0@group-F46F844F1B04-LeaderState: addPendingRequest at RaftClientRequest:client-CDAE5E67C236->s0@group-F46F844F1B04, cid=18, seq=0, RW, m18, entry=(t:1, i:37), STATEMACHINELOGENTRY, client-CDAE5E67C236, cid=18
2019-09-24 17:07:16,600 DEBUG client.RaftClient (RaftClientImpl.java:handleIOException(343)) - client-CDAE5E67C236: suggested new leader: null. Failed RaftClientRequest:client-CDAE5E67C236->s0@group-F46F844F1B04, cid=18, seq=0, RW, m18 with java.io.IOException: Timeout while waiting for reply of request RaftClientRequest:client-CDAE5E67C236->s0@group-F46F844F1B04, cid=18, seq=0, RW, m18
2019-09-24 17:07:16,601 DEBUG client.RaftClient (RaftClientImpl.java:handleIOException(362)) - client-CDAE5E67C236: oldLeader=s0,  curLeader=s0, newLeader=null
2019-09-24 17:07:16,701 DEBUG client.RaftClient (RaftClientImpl.java:sendRequest(275)) - client-CDAE5E67C236: send RaftClientRequest:client-CDAE5E67C236->s0@group-F46F844F1B04, cid=18, seq=0, RW, m18
2019-09-24 17:07:16,702 DEBUG impl.RaftServerImpl (RaftServerImpl.java:submitClientRequestAsync(533)) - s0@group-F46F844F1B04: receive client request(RaftClientRequest:client-CDAE5E67C236->s0@group-F46F844F1B04, cid=18, seq=0, RW, m18)
2019-09-24 17:07:18,731 INFO  statemachine.SimpleStateMachine4Testing (SimpleStateMachine4Testing.java:put(198)) - s0: put 37, m18 -> (t:1, i:37), STATEMACHINELOGENTRY, client-CDAE5E67C236, cid=18
2019-09-24 17:07:18,751 DEBUG client.RaftClient (RaftClientImpl.java:sendRequest(285)) - client-CDAE5E67C236: receive RaftClientReply:client-CDAE5E67C236->s0@group-F46F844F1B04, cid=18, SUCCESS, logIndex=37, commits[s0:c37]
2019-09-24 17:07:18,752 INFO  statemachine.RaftSnapshotBaseTest (RaftSnapshotBaseTest.java:testRestartPeer(136)) - nextIndex = 39
2019-09-24 17:07:18,759 INFO  statemachine.RaftSnapshotBaseTest (RaftSnapshotBaseTest.java:exists(154)) - File exists: /workdir/ratis-test/target/test/data/ceff7214/MiniRaftClusterWithSimulatedRpcd76262d9/s0/2ce1962a-878f-447e-8148-f46f844f1b04/sm/snapshot.1_29
2019-09-24 17:07:18,759 INFO  ratis.MiniRaftCluster (MiniRaftCluster.java:shutdown(700)) - ************************************************************** 
2019-09-24 17:07:18,759 INFO  ratis.MiniRaftCluster (MiniRaftCluster.java:shutdown(701)) - *** 
2019-09-24 17:07:18,760 INFO  ratis.MiniRaftCluster (MiniRaftCluster.java:shutdown(702)) - ***     Stopping MiniRaftClusterWithSimulatedRpc
2019-09-24 17:07:18,760 INFO  ratis.MiniRaftCluster (MiniRaftCluster.java:shutdown(703)) - *** 
2019-09-24 17:07:18,760 INFO  ratis.MiniRaftCluster (MiniRaftCluster.java:shutdown(704)) - ************************************************************** 
2019-09-24 17:07:18,760 INFO  ratis.MiniRaftCluster (MiniRaftCluster.java:shutdown(705)) - printing ALL groups
  s0:  RUNNING    LEADER s0@group-F46F844F1B04:t1, leader=s0, voted=s0, raftlog=s0@group-F46F844F1B04-SegmentedRaftLog:OPENED:c37,f37,i38, conf=0: [s0:0.0.0.0:37788], old=null RUNNING
2019-09-24 17:07:18,764 INFO  impl.RaftServerProxy (RaftServerProxy.java:lambda$close$4(314)) - s0: close
2019-09-24 17:07:18,767 INFO  impl.RaftServerImpl (RaftServerImpl.java:lambda$shutdown$3(247)) - s0@group-F46F844F1B04: shutdown
2019-09-24 17:07:18,767 INFO  util.JmxRegister (JmxRegister.java:unregister(73)) - Successfully un-registered JMX Bean with object name Ratis:service=RaftServer,group=group-F46F844F1B04,id=s0
2019-09-24 17:07:18,768 INFO  impl.RoleInfo (RoleInfo.java:shutdownLeaderState(104)) - s0: shutdown LeaderState
2019-09-24 17:07:18,769 INFO  impl.PendingRequests (PendingRequests.java:sendNotLeaderResponses(202)) - s0@group-F46F844F1B04-PendingRequests: sendNotLeaderResponses
2019-09-24 17:07:18,772 INFO  impl.StateMachineUpdater (StateMachineUpdater.java:stopAndJoin(136)) - s0@group-F46F844F1B04-StateMachineUpdater: set stopIndex = 37
2019-09-24 17:07:22,674 INFO  impl.StateMachineUpdater (StateMachineUpdater.java:takeSnapshot(269)) - s0@group-F46F844F1B04-StateMachineUpdater: Took a snapshot at index 37
2019-09-24 17:07:22,674 INFO  impl.StateMachineUpdater (StateMachineUpdater.java:lambda$new$0(84)) - s0@group-F46F844F1B04-StateMachineUpdater: snapshotIndex: updateIncreasingly 29 -> 37
2019-09-24 17:07:22,676 INFO  impl.RaftServerImpl (ServerState.java:close(386)) - s0@group-F46F844F1B04: closes. applyIndex: 37
2019-09-24 17:07:22,682 INFO  segmented.SegmentedRaftLogWorker (SegmentedRaftLogWorker.java:run(313)) - s0@group-F46F844F1B04-SegmentedRaftLogWorker was interrupted, exiting. There are 0 tasks remaining in the queue.
2019-09-24 17:07:22,684 INFO  segmented.SegmentedRaftLogWorker (SegmentedRaftLogWorker.java:close(228)) - s0@group-F46F844F1B04-SegmentedRaftLogWorker close()
2019-09-24 17:07:22,685 INFO  ratis.MiniRaftCluster (MiniRaftCluster.java:lambda$null$5(297)) - TIMED-PRINT: printing ALL groups
  s0:  CLOSING    LEADER s0@group-F46F844F1B04:t1, leader=s0, voted=s0, raftlog=s0@group-F46F844F1B04-SegmentedRaftLog:CLOSED:c37, conf=0: [s0:0.0.0.0:37788], old=null CLOSED
2019-09-24 17:07:22,685 INFO  simulation.RequestHandler (RequestHandler.java:run(126)) - s0.clientHandler1 is interrupted by java.io.InterruptedIOException: 
2019-09-24 17:07:22,685 INFO  simulation.RequestHandler (RequestHandler.java:run(126)) - s0.clientHandler2 is interrupted by java.io.InterruptedIOException: 
2019-09-24 17:07:22,685 INFO  simulation.RequestHandler (RequestHandler.java:run(126)) - s0.clientHandler0 is interrupted by java.io.InterruptedIOException: 
2019-09-24 17:07:22,686 INFO  simulation.RequestHandler (RequestHandler.java:run(126)) - s0.serverHandler1 is interrupted by java.io.InterruptedIOException: 
2019-09-24 17:07:22,686 INFO  simulation.RequestHandler (RequestHandler.java:run(126)) - s0.serverHandler0 is interrupted by java.io.InterruptedIOException: 
2019-09-24 17:07:22,686 INFO  simulation.RequestHandler (RequestHandler.java:run(126)) - s0.serverHandler2 is interrupted by java.io.InterruptedIOException: 
2019-09-24 17:07:22,689 INFO  ratis.MiniRaftCluster (MiniRaftCluster.java:shutdown(722)) - MiniRaftClusterWithSimulatedRpc shutdown completed
2019-09-24 17:07:22,689 INFO  ratis.MiniRaftCluster (MiniRaftCluster.java:newRaftServer(330)) - newRaftServer: s0, group-F46F844F1B04:[s0:0.0.0.0:37788], format? false
2019-09-24 17:07:22,690 INFO  impl.RaftServerProxy (ConfUtils.java:logGet(43)) - raft.rpc.type = org.apache.ratis.server.simulation.SimulatedRpc (custom)
2019-09-24 17:07:22,691 INFO  server.RaftServerConfigKeys (ConfUtils.java:logGet(43)) - raft.server.storage.dir = [/workdir/ratis-test/target/test/data/ceff7214/MiniRaftClusterWithSimulatedRpcd76262d9/s0] (custom)
2019-09-24 17:07:22,691 INFO  impl.RaftServerProxy (RaftServerProxy.java:lambda$null$0(191)) - s0: found a subdirectory /workdir/ratis-test/target/test/data/ceff7214/MiniRaftClusterWithSimulatedRpcd76262d9/s0/2ce1962a-878f-447e-8148-f46f844f1b04
2019-09-24 17:07:22,693 INFO  impl.RaftServerProxy (RaftServerProxy.java:addNew(89)) - s0: addNew group-F46F844F1B04:[s0:0.0.0.0:37788] returns group-F46F844F1B04:java.util.concurrent.CompletableFuture@565452c2[Not completed]
2019-09-24 17:07:22,693 INFO  ratis.MiniRaftCluster (MiniRaftCluster.java:start(287)) - .............................................................. 
2019-09-24 17:07:22,693 INFO  server.RaftServerConfigKeys (ConfUtils.java:logGet(43)) - raft.server.log.segment.size.max = 8MB (=8388608) (default)
2019-09-24 17:07:22,694 INFO  ratis.MiniRaftCluster (MiniRaftCluster.java:start(288)) - ... 
2019-09-24 17:07:22,694 INFO  server.RaftServerConfigKeys (ConfUtils.java:logGet(43)) - raft.server.log.preallocated.size = 4MB (=4194304) (default)
2019-09-24 17:07:22,694 INFO  ratis.MiniRaftCluster (MiniRaftCluster.java:start(289)) - ...     Starting MiniRaftClusterWithSimulatedRpc
2019-09-24 17:07:22,694 INFO  ratis.MiniRaftCluster (MiniRaftCluster.java:start(290)) - ... 
2019-09-24 17:07:22,695 INFO  ratis.MiniRaftCluster (MiniRaftCluster.java:start(291)) - .............................................................. 
2019-09-24 17:07:22,694 INFO  server.RaftServerConfigKeys (ConfUtils.java:logGet(43)) - raft.server.log.write.buffer.size = 64KB (=65536) (default)
2019-09-24 17:07:22,695 INFO  ratis.MiniRaftCluster (MiniRaftCluster.java:initServers(265)) - servers = {s0=s0:      NEW group-F46F844F1B04:java.util.concurrent.CompletableFuture@565452c2[Not completed]}
2019-09-24 17:07:22,695 INFO  impl.RaftServerImpl (RaftServerImpl.java:<init>(95)) - s0: new RaftServerImpl for group-F46F844F1B04:[s0:0.0.0.0:37788] with SimpleStateMachine4Testing:uninitialized
2019-09-24 17:07:22,696 INFO  server.RaftServerConfigKeys (ConfUtils.java:logGet(43)) - raft.server.rpc.timeout.min = 150ms (default)
2019-09-24 17:07:22,696 INFO  server.RaftServerConfigKeys (ConfUtils.java:logGet(43)) - raft.server.rpc.timeout.max = 300ms (default)
2019-09-24 17:07:22,696 INFO  server.RaftServerConfigKeys (ConfUtils.java:logGet(43)) - raft.server.rpcslowness.timeout = 60s (default)
2019-09-24 17:07:22,697 INFO  server.RaftServerConfigKeys (ConfUtils.java:logGet(43)) - raft.server.sleep.deviation.threshold = 300 (default)
2019-09-24 17:07:22,697 INFO  server.RaftServerConfigKeys (ConfUtils.java:logGet(43)) - raft.server.log.appender.install.snapshot.enabled = true (default)
2019-09-24 17:07:22,697 INFO  impl.RaftServerImpl (ServerState.java:<init>(103)) - s0@group-F46F844F1B04: ConfigurationManager, init=-1: [s0:0.0.0.0:37788], old=null, confs=<EMPTY_MAP>
2019-09-24 17:07:22,698 INFO  server.RaftServerConfigKeys (ConfUtils.java:logGet(43)) - raft.server.storage.dir = [/workdir/ratis-test/target/test/data/ceff7214/MiniRaftClusterWithSimulatedRpcd76262d9/s0] (custom)
2019-09-24 17:07:22,698 INFO  server.RaftServerConfigKeys (ConfUtils.java:logGet(43)) - raft.server.log.corruption.policy = EXCEPTION (default)
2019-09-24 17:07:22,847 INFO  storage.RaftStorageDirectory (RaftStorageDirectory.java:tryLock(328)) - Lock on /workdir/ratis-test/target/test/data/ceff7214/MiniRaftClusterWithSimulatedRpcd76262d9/s0/2ce1962a-878f-447e-8148-f46f844f1b04/in_use.lock acquired by nodename 9053@ratis-test-vphbd-3564017154
2019-09-24 17:07:22,849 INFO  statemachine.SimpleStateMachine4Testing (SimpleStateMachine4Testing.java:initialize(206)) - Initializing SimpleStateMachine4Testing:uninitialized
2019-09-24 17:07:22,852 INFO  statemachine.SimpleStateMachine4Testing (SimpleStateMachine4Testing.java:loadSnapshot(300)) - Loading snapshot (t:1, i:37):[/workdir/ratis-test/target/test/data/ceff7214/MiniRaftClusterWithSimulatedRpcd76262d9/s0/2ce1962a-878f-447e-8148-f46f844f1b04/sm/snapshot.1_37]
2019-09-24 17:07:22,858 INFO  statemachine.SimpleStateMachine4Testing (SimpleStateMachine4Testing.java:put(198)) - s0: put 1, m0 -> (t:1, i:1), STATEMACHINELOGENTRY, client-CDAE5E67C236, cid=0
2019-09-24 17:07:22,858 INFO  statemachine.SimpleStateMachine4Testing (SimpleStateMachine4Testing.java:put(198)) - s0: put 3, m1 -> (t:1, i:3), STATEMACHINELOGENTRY, client-CDAE5E67C236, cid=1
2019-09-24 17:07:22,859 INFO  statemachine.SimpleStateMachine4Testing (SimpleStateMachine4Testing.java:put(198)) - s0: put 5, m2 -> (t:1, i:5), STATEMACHINELOGENTRY, client-CDAE5E67C236, cid=2
2019-09-24 17:07:22,860 INFO  statemachine.SimpleStateMachine4Testing (SimpleStateMachine4Testing.java:put(198)) - s0: put 7, m3 -> (t:1, i:7), STATEMACHINELOGENTRY, client-CDAE5E67C236, cid=3
2019-09-24 17:07:22,860 INFO  statemachine.SimpleStateMachine4Testing (SimpleStateMachine4Testing.java:put(198)) - s0: put 9, m4 -> (t:1, i:9), STATEMACHINELOGENTRY, client-CDAE5E67C236, cid=4
2019-09-24 17:07:22,861 INFO  statemachine.SimpleStateMachine4Testing (SimpleStateMachine4Testing.java:put(198)) - s0: put 11, m5 -> (t:1, i:11), STATEMACHINELOGENTRY, client-CDAE5E67C236, cid=5
2019-09-24 17:07:22,861 INFO  statemachine.SimpleStateMachine4Testing (SimpleStateMachine4Testing.java:put(198)) - s0: put 13, m6 -> (t:1, i:13), STATEMACHINELOGENTRY, client-CDAE5E67C236, cid=6
2019-09-24 17:07:22,862 INFO  statemachine.SimpleStateMachine4Testing (SimpleStateMachine4Testing.java:put(198)) - s0: put 15, m7 -> (t:1, i:15), STATEMACHINELOGENTRY, client-CDAE5E67C236, cid=7
2019-09-24 17:07:22,862 INFO  statemachine.SimpleStateMachine4Testing (SimpleStateMachine4Testing.java:put(198)) - s0: put 17, m8 -> (t:1, i:17), STATEMACHINELOGENTRY, client-CDAE5E67C236, cid=8
2019-09-24 17:07:22,863 INFO  statemachine.SimpleStateMachine4Testing (SimpleStateMachine4Testing.java:put(198)) - s0: put 19, m9 -> (t:1, i:19), STATEMACHINELOGENTRY, client-CDAE5E67C236, cid=9
2019-09-24 17:07:22,863 INFO  statemachine.SimpleStateMachine4Testing (SimpleStateMachine4Testing.java:put(198)) - s0: put 21, m10 -> (t:1, i:21), STATEMACHINELOGENTRY, client-CDAE5E67C236, cid=10
2019-09-24 17:07:22,864 INFO  statemachine.SimpleStateMachine4Testing (SimpleStateMachine4Testing.java:put(198)) - s0: put 23, m11 -> (t:1, i:23), STATEMACHINELOGENTRY, client-CDAE5E67C236, cid=11
2019-09-24 17:07:22,864 INFO  statemachine.SimpleStateMachine4Testing (SimpleStateMachine4Testing.java:put(198)) - s0: put 25, m12 -> (t:1, i:25), STATEMACHINELOGENTRY, client-CDAE5E67C236, cid=12
2019-09-24 17:07:22,865 INFO  statemachine.SimpleStateMachine4Testing (SimpleStateMachine4Testing.java:put(198)) - s0: put 27, m13 -> (t:1, i:27), STATEMACHINELOGENTRY, client-CDAE5E67C236, cid=13
2019-09-24 17:07:22,866 INFO  statemachine.SimpleStateMachine4Testing (SimpleStateMachine4Testing.java:put(198)) - s0: put 29, m14 -> (t:1, i:29), STATEMACHINELOGENTRY, client-CDAE5E67C236, cid=14
2019-09-24 17:07:22,866 INFO  statemachine.SimpleStateMachine4Testing (SimpleStateMachine4Testing.java:put(198)) - s0: put 31, m15 -> (t:1, i:31), STATEMACHINELOGENTRY, client-CDAE5E67C236, cid=15
2019-09-24 17:07:22,867 INFO  statemachine.SimpleStateMachine4Testing (SimpleStateMachine4Testing.java:put(198)) - s0: put 33, m16 -> (t:1, i:33), STATEMACHINELOGENTRY, client-CDAE5E67C236, cid=16
2019-09-24 17:07:22,867 INFO  statemachine.SimpleStateMachine4Testing (SimpleStateMachine4Testing.java:put(198)) - s0: put 35, m17 -> (t:1, i:35), STATEMACHINELOGENTRY, client-CDAE5E67C236, cid=17
2019-09-24 17:07:22,868 INFO  statemachine.SimpleStateMachine4Testing (SimpleStateMachine4Testing.java:put(198)) - s0: put 37, m18 -> (t:1, i:37), STATEMACHINELOGENTRY, client-CDAE5E67C236, cid=18
2019-09-24 17:07:22,875 INFO  impl.RaftServerImpl (ServerState.java:setRaftConf(355)) - s0@group-F46F844F1B04: set configuration 0: [s0:0.0.0.0:37788], old=null at 0
2019-09-24 17:07:22,875 INFO  server.RaftServerConfigKeys (ConfUtils.java:logGet(43)) - raft.server.notification.no-leader.timeout = 60s (default)
2019-09-24 17:07:22,876 INFO  server.RaftServerConfigKeys (ConfUtils.java:logGet(43)) - raft.server.log.use.memory = false (default)
2019-09-24 17:07:22,876 INFO  server.RaftServerConfigKeys (ConfUtils.java:logGet(43)) - raft.server.log.purge.gap = 1024 (default)
2019-09-24 17:07:22,876 INFO  server.RaftServerConfigKeys (ConfUtils.java:logGet(43)) - raft.server.log.appender.buffer.byte-limit = 4MB (=4194304) (default)
2019-09-24 17:07:22,876 INFO  server.RaftServerConfigKeys (ConfUtils.java:logGet(43)) - raft.server.log.segment.size.max = 8MB (=8388608) (default)
2019-09-24 17:07:22,877 INFO  server.RaftServerConfigKeys (ConfUtils.java:logGet(43)) - raft.server.log.segment.cache.num.max = 6 (default)
2019-09-24 17:07:22,877 INFO  segmented.SegmentedRaftLogWorker (SegmentedRaftLogWorker.java:<init>(172)) - new s0@group-F46F844F1B04-SegmentedRaftLogWorker for RaftStorage:Storage Directory /workdir/ratis-test/target/test/data/ceff7214/MiniRaftClusterWithSimulatedRpcd76262d9/s0/2ce1962a-878f-447e-8148-f46f844f1b04
2019-09-24 17:07:22,877 INFO  server.RaftServerConfigKeys (ConfUtils.java:logGet(43)) - raft.server.log.queue.byte-limit = 64MB (=67108864) (default)
2019-09-24 17:07:22,877 INFO  server.RaftServerConfigKeys (ConfUtils.java:logGet(43)) - raft.server.log.queue.element-limit = 4096 (default)
2019-09-24 17:07:22,878 INFO  server.RaftServerConfigKeys (ConfUtils.java:logGet(43)) - raft.server.log.segment.size.max = 8MB (=8388608) (default)
2019-09-24 17:07:22,878 INFO  server.RaftServerConfigKeys (ConfUtils.java:logGet(43)) - raft.server.log.preallocated.size = 4MB (=4194304) (default)
2019-09-24 17:07:22,878 INFO  server.RaftServerConfigKeys (ConfUtils.java:logGet(43)) - raft.server.log.write.buffer.size = 64KB (=65536) (default)
2019-09-24 17:07:22,878 INFO  server.RaftServerConfigKeys (ConfUtils.java:logGet(43)) - raft.server.log.force.sync.num = 128 (default)
2019-09-24 17:07:22,878 INFO  server.RaftServerConfigKeys (ConfUtils.java:logGet(43)) - raft.server.log.statemachine.data.sync = true (default)
2019-09-24 17:07:22,879 INFO  server.RaftServerConfigKeys (ConfUtils.java:logGet(43)) - raft.server.log.statemachine.data.sync.timeout = 10s (default)
2019-09-24 17:07:22,879 INFO  server.RaftServerConfigKeys (ConfUtils.java:logGet(43)) - raft.server.log.statemachine.data.sync.timeout.retry = -1 (default)
2019-09-24 17:07:22,879 INFO  server.RaftServerConfigKeys (ConfUtils.java:logGet(43)) - raft.server.log.statemachine.data.caching.enabled = false (default)
2019-09-24 17:07:22,884 INFO  impl.RaftServerImpl (ServerState.java:setRaftConf(355)) - s0@group-F46F844F1B04: set configuration 0: [s0:0.0.0.0:37788], old=null at 0
2019-09-24 17:07:22,887 INFO  segmented.LogSegment (LogSegment.java:loadSegment(136)) - Successfully read 39 entries from segment file /workdir/ratis-test/target/test/data/ceff7214/MiniRaftClusterWithSimulatedRpcd76262d9/s0/2ce1962a-878f-447e-8148-f46f844f1b04/current/log_inprogress_0
2019-09-24 17:07:22,887 INFO  segmented.SegmentedRaftLogWorker (SegmentedRaftLogWorker.java:lambda$new$0(132)) - s0@group-F46F844F1B04-SegmentedRaftLogWorker: flushIndex: setUnconditionally 0 -> 38
2019-09-24 17:07:22,890 INFO  raftlog.RaftLog (RaftLog.java:lambda$new$0(61)) - s0@group-F46F844F1B04-SegmentedRaftLog: commitIndex: updateToMax old=37, new=37, updated? false
2019-09-24 17:07:22,891 INFO  server.RaftServerConfigKeys (ConfUtils.java:logGet(43)) - raft.server.snapshot.auto.trigger.enabled = true (custom)
2019-09-24 17:07:22,891 INFO  server.RaftServerConfigKeys (ConfUtils.java:logGet(43)) - raft.server.snapshot.auto.trigger.threshold = 10 (custom)
2019-09-24 17:07:22,891 INFO  server.RaftServerConfigKeys (ConfUtils.java:logGet(43)) - raft.server.snapshot.retention.file.num = -1 (default)
2019-09-24 17:07:22,891 INFO  server.RaftServerConfigKeys (ConfUtils.java:logGet(43)) - raft.server.retrycache.expirytime = 60s (default)
2019-09-24 17:07:22,892 INFO  impl.RaftServerImpl (RaftServerImpl.java:start(181)) - s0@group-F46F844F1B04: start as a follower, conf=0: [s0:0.0.0.0:37788], old=null
2019-09-24 17:07:22,892 INFO  impl.RaftServerImpl (RaftServerImpl.java:setRole(170)) - s0@group-F46F844F1B04: changes role from      null to FOLLOWER at term 1 for startAsFollower
2019-09-24 17:07:22,893 INFO  impl.RoleInfo (RoleInfo.java:updateAndGet(143)) - s0: start FollowerState
2019-09-24 17:07:22,894 INFO  util.JmxRegister (JmxRegister.java:tryRegister(44)) - Successfully registered JMX Bean with object name Ratis:service=RaftServer,group=group-F46F844F1B04,id=s0
2019-09-24 17:07:22,894 INFO  impl.RaftServerProxy (RaftServerProxy.java:lambda$start$3(299)) - s0: start RPC server
2019-09-24 17:07:22,895 INFO  server.RaftServerConfigKeys (ConfUtils.java:logGet(43)) - raft.server.rpc.timeout.max = 300ms (default)
2019-09-24 17:07:22,895 INFO  ratis.RaftTestUtil (RaftTestUtil.java:waitForLeader(86)) - printing ALL groups
  s0:  RUNNING  FOLLOWER s0@group-F46F844F1B04:t1, leader=null, voted=s0, raftlog=s0@group-F46F844F1B04-SegmentedRaftLog:OPENED:c37,f38,i38, conf=0: [s0:0.0.0.0:37788], old=null RUNNING
2019-09-24 17:07:22,896 WARN  ratis.RaftTestUtil (JavaUtils.java:attempt(158)) - FAILED "waitForLeader-null-(expectLeader? true)", attempt #1/100: java.lang.IllegalStateException: No leader yet : printing ALL groups
  s0:  RUNNING  FOLLOWER s0@group-F46F844F1B04:t1, leader=null, voted=s0, raftlog=s0@group-F46F844F1B04-SegmentedRaftLog:OPENED:c37,f38,i38, conf=0: [s0:0.0.0.0:37788], old=null RUNNING, sleep 450ms and then retry.
java.lang.IllegalStateException: No leader yet : printing ALL groups
  s0:  RUNNING  FOLLOWER s0@group-F46F844F1B04:t1, leader=null, voted=s0, raftlog=s0@group-F46F844F1B04-SegmentedRaftLog:OPENED:c37,f38,i38, conf=0: [s0:0.0.0.0:37788], old=null RUNNING
	at org.apache.ratis.MiniRaftCluster.newIllegalStateExceptionForNoLeaders(MiniRaftCluster.java:506)
	at org.apache.ratis.RaftTestUtil.lambda$waitForLeader$1(RaftTestUtil.java:90)
	at org.apache.ratis.MiniRaftCluster.getLeader(MiniRaftCluster.java:539)
	at org.apache.ratis.MiniRaftCluster.getLeader(MiniRaftCluster.java:532)
	at org.apache.ratis.RaftTestUtil.lambda$waitForLeader$3(RaftTestUtil.java:98)
	at org.apache.ratis.util.JavaUtils.attempt(JavaUtils.java:152)
	at org.apache.ratis.RaftTestUtil.waitForLeader(RaftTestUtil.java:97)
	at org.apache.ratis.RaftTestUtil.waitForLeader(RaftTestUtil.java:77)
	at org.apache.ratis.RaftTestUtil.waitForLeader(RaftTestUtil.java:72)
	at org.apache.ratis.statemachine.RaftSnapshotBaseTest.assertLeaderContent(RaftSnapshotBaseTest.java:74)
	at org.apache.ratis.statemachine.RaftSnapshotBaseTest.testRestartPeer(RaftSnapshotBaseTest.java:146)
	at sun.reflect.NativeMethodAccessorImpl.invoke0(Native Method)
	at sun.reflect.NativeMethodAccessorImpl.invoke(NativeMethodAccessorImpl.java:62)
	at sun.reflect.DelegatingMethodAccessorImpl.invoke(DelegatingMethodAccessorImpl.java:43)
	at java.lang.reflect.Method.invoke(Method.java:498)
	at org.junit.runners.model.FrameworkMethod$1.runReflectiveCall(FrameworkMethod.java:50)
	at org.junit.internal.runners.model.ReflectiveCallable.run(ReflectiveCallable.java:12)
	at org.junit.runners.model.FrameworkMethod.invokeExplosively(FrameworkMethod.java:47)
	at org.junit.internal.runners.statements.InvokeMethod.evaluate(InvokeMethod.java:17)
	at org.junit.internal.runners.statements.RunBefores.evaluate(RunBefores.java:26)
	at org.junit.internal.runners.statements.RunAfters.evaluate(RunAfters.java:27)
	at org.junit.internal.runners.statements.FailOnTimeout$CallableStatement.call(FailOnTimeout.java:298)
	at org.junit.internal.runners.statements.FailOnTimeout$CallableStatement.call(FailOnTimeout.java:292)
	at java.util.concurrent.FutureTask.run(FutureTask.java:266)
	at java.lang.Thread.run(Thread.java:748)
2019-09-24 17:07:23,112 INFO  impl.FollowerState (FollowerState.java:run(108)) - s0@group-F46F844F1B04-FollowerState: change to CANDIDATE, lastRpcTime:219ms, electionTimeout:218ms
2019-09-24 17:07:23,113 INFO  impl.RoleInfo (RoleInfo.java:shutdownFollowerState(121)) - s0: shutdown FollowerState
2019-09-24 17:07:23,113 INFO  impl.RaftServerImpl (RaftServerImpl.java:setRole(170)) - s0@group-F46F844F1B04: changes role from  FOLLOWER to CANDIDATE at term 1 for changeToCandidate
2019-09-24 17:07:23,113 INFO  impl.RoleInfo (RoleInfo.java:updateAndGet(143)) - s0: start LeaderElection
2019-09-24 17:07:23,347 WARN  ratis.RaftTestUtil (JavaUtils.java:attempt(158)) - FAILED "waitForLeader-null-(expectLeader? true)", attempt #2/100: java.lang.IllegalStateException: No leader yet : printing ALL groups
  s0:  RUNNING CANDIDATE s0@group-F46F844F1B04:t2, leader=null, voted=s0, raftlog=s0@group-F46F844F1B04-SegmentedRaftLog:OPENED:c37,f38,i38, conf=0: [s0:0.0.0.0:37788], old=null RUNNING, sleep 450ms and then retry.
java.lang.IllegalStateException: No leader yet : printing ALL groups
  s0:  RUNNING CANDIDATE s0@group-F46F844F1B04:t2, leader=null, voted=s0, raftlog=s0@group-F46F844F1B04-SegmentedRaftLog:OPENED:c37,f38,i38, conf=0: [s0:0.0.0.0:37788], old=null RUNNING
	at org.apache.ratis.MiniRaftCluster.newIllegalStateExceptionForNoLeaders(MiniRaftCluster.java:506)
	at org.apache.ratis.RaftTestUtil.lambda$waitForLeader$1(RaftTestUtil.java:90)
	at org.apache.ratis.MiniRaftCluster.getLeader(MiniRaftCluster.java:539)
	at org.apache.ratis.MiniRaftCluster.getLeader(MiniRaftCluster.java:532)
	at org.apache.ratis.RaftTestUtil.lambda$waitForLeader$3(RaftTestUtil.java:98)
	at org.apache.ratis.util.JavaUtils.attempt(JavaUtils.java:152)
	at org.apache.ratis.RaftTestUtil.waitForLeader(RaftTestUtil.java:97)
	at org.apache.ratis.RaftTestUtil.waitForLeader(RaftTestUtil.java:77)
	at org.apache.ratis.RaftTestUtil.waitForLeader(RaftTestUtil.java:72)
	at org.apache.ratis.statemachine.RaftSnapshotBaseTest.assertLeaderContent(RaftSnapshotBaseTest.java:74)
	at org.apache.ratis.statemachine.RaftSnapshotBaseTest.testRestartPeer(RaftSnapshotBaseTest.java:146)
	at sun.reflect.NativeMethodAccessorImpl.invoke0(Native Method)
	at sun.reflect.NativeMethodAccessorImpl.invoke(NativeMethodAccessorImpl.java:62)
	at sun.reflect.DelegatingMethodAccessorImpl.invoke(DelegatingMethodAccessorImpl.java:43)
	at java.lang.reflect.Method.invoke(Method.java:498)
	at org.junit.runners.model.FrameworkMethod$1.runReflectiveCall(FrameworkMethod.java:50)
	at org.junit.internal.runners.model.ReflectiveCallable.run(ReflectiveCallable.java:12)
	at org.junit.runners.model.FrameworkMethod.invokeExplosively(FrameworkMethod.java:47)
	at org.junit.internal.runners.statements.InvokeMethod.evaluate(InvokeMethod.java:17)
	at org.junit.internal.runners.statements.RunBefores.evaluate(RunBefores.java:26)
	at org.junit.internal.runners.statements.RunAfters.evaluate(RunAfters.java:27)
	at org.junit.internal.runners.statements.FailOnTimeout$CallableStatement.call(FailOnTimeout.java:298)
	at org.junit.internal.runners.statements.FailOnTimeout$CallableStatement.call(FailOnTimeout.java:292)
	at java.util.concurrent.FutureTask.run(FutureTask.java:266)
	at java.lang.Thread.run(Thread.java:748)
2019-09-24 17:07:23,799 WARN  ratis.RaftTestUtil (JavaUtils.java:attempt(158)) - FAILED "waitForLeader-null-(expectLeader? true)", attempt #3/100: java.lang.IllegalStateException: No leader yet : printing ALL groups
  s0:  RUNNING CANDIDATE s0@group-F46F844F1B04:t2, leader=null, voted=s0, raftlog=s0@group-F46F844F1B04-SegmentedRaftLog:OPENED:c37,f38,i38, conf=0: [s0:0.0.0.0:37788], old=null RUNNING, sleep 450ms and then retry.
java.lang.IllegalStateException: No leader yet : printing ALL groups
  s0:  RUNNING CANDIDATE s0@group-F46F844F1B04:t2, leader=null, voted=s0, raftlog=s0@group-F46F844F1B04-SegmentedRaftLog:OPENED:c37,f38,i38, conf=0: [s0:0.0.0.0:37788], old=null RUNNING
	at org.apache.ratis.MiniRaftCluster.newIllegalStateExceptionForNoLeaders(MiniRaftCluster.java:506)
	at org.apache.ratis.RaftTestUtil.lambda$waitForLeader$1(RaftTestUtil.java:90)
	at org.apache.ratis.MiniRaftCluster.getLeader(MiniRaftCluster.java:539)
	at org.apache.ratis.MiniRaftCluster.getLeader(MiniRaftCluster.java:532)
	at org.apache.ratis.RaftTestUtil.lambda$waitForLeader$3(RaftTestUtil.java:98)
	at org.apache.ratis.util.JavaUtils.attempt(JavaUtils.java:152)
	at org.apache.ratis.RaftTestUtil.waitForLeader(RaftTestUtil.java:97)
	at org.apache.ratis.RaftTestUtil.waitForLeader(RaftTestUtil.java:77)
	at org.apache.ratis.RaftTestUtil.waitForLeader(RaftTestUtil.java:72)
	at org.apache.ratis.statemachine.RaftSnapshotBaseTest.assertLeaderContent(RaftSnapshotBaseTest.java:74)
	at org.apache.ratis.statemachine.RaftSnapshotBaseTest.testRestartPeer(RaftSnapshotBaseTest.java:146)
	at sun.reflect.NativeMethodAccessorImpl.invoke0(Native Method)
	at sun.reflect.NativeMethodAccessorImpl.invoke(NativeMethodAccessorImpl.java:62)
	at sun.reflect.DelegatingMethodAccessorImpl.invoke(DelegatingMethodAccessorImpl.java:43)
	at java.lang.reflect.Method.invoke(Method.java:498)
	at org.junit.runners.model.FrameworkMethod$1.runReflectiveCall(FrameworkMethod.java:50)
	at org.junit.internal.runners.model.ReflectiveCallable.run(ReflectiveCallable.java:12)
	at org.junit.runners.model.FrameworkMethod.invokeExplosively(FrameworkMethod.java:47)
	at org.junit.internal.runners.statements.InvokeMethod.evaluate(InvokeMethod.java:17)
	at org.junit.internal.runners.statements.RunBefores.evaluate(RunBefores.java:26)
	at org.junit.internal.runners.statements.RunAfters.evaluate(RunAfters.java:27)
	at org.junit.internal.runners.statements.FailOnTimeout$CallableStatement.call(FailOnTimeout.java:298)
	at org.junit.internal.runners.statements.FailOnTimeout$CallableStatement.call(FailOnTimeout.java:292)
	at java.util.concurrent.FutureTask.run(FutureTask.java:266)
	at java.lang.Thread.run(Thread.java:748)
2019-09-24 17:07:24,251 WARN  ratis.RaftTestUtil (JavaUtils.java:attempt(158)) - FAILED "waitForLeader-null-(expectLeader? true)", attempt #4/100: java.lang.IllegalStateException: No leader yet : printing ALL groups
  s0:  RUNNING CANDIDATE s0@group-F46F844F1B04:t2, leader=null, voted=s0, raftlog=s0@group-F46F844F1B04-SegmentedRaftLog:OPENED:c37,f38,i38, conf=0: [s0:0.0.0.0:37788], old=null RUNNING, sleep 450ms and then retry.
java.lang.IllegalStateException: No leader yet : printing ALL groups
  s0:  RUNNING CANDIDATE s0@group-F46F844F1B04:t2, leader=null, voted=s0, raftlog=s0@group-F46F844F1B04-SegmentedRaftLog:OPENED:c37,f38,i38, conf=0: [s0:0.0.0.0:37788], old=null RUNNING
	at org.apache.ratis.MiniRaftCluster.newIllegalStateExceptionForNoLeaders(MiniRaftCluster.java:506)
	at org.apache.ratis.RaftTestUtil.lambda$waitForLeader$1(RaftTestUtil.java:90)
	at org.apache.ratis.MiniRaftCluster.getLeader(MiniRaftCluster.java:539)
	at org.apache.ratis.MiniRaftCluster.getLeader(MiniRaftCluster.java:532)
	at org.apache.ratis.RaftTestUtil.lambda$waitForLeader$3(RaftTestUtil.java:98)
	at org.apache.ratis.util.JavaUtils.attempt(JavaUtils.java:152)
	at org.apache.ratis.RaftTestUtil.waitForLeader(RaftTestUtil.java:97)
	at org.apache.ratis.RaftTestUtil.waitForLeader(RaftTestUtil.java:77)
	at org.apache.ratis.RaftTestUtil.waitForLeader(RaftTestUtil.java:72)
	at org.apache.ratis.statemachine.RaftSnapshotBaseTest.assertLeaderContent(RaftSnapshotBaseTest.java:74)
	at org.apache.ratis.statemachine.RaftSnapshotBaseTest.testRestartPeer(RaftSnapshotBaseTest.java:146)
	at sun.reflect.NativeMethodAccessorImpl.invoke0(Native Method)
	at sun.reflect.NativeMethodAccessorImpl.invoke(NativeMethodAccessorImpl.java:62)
	at sun.reflect.DelegatingMethodAccessorImpl.invoke(DelegatingMethodAccessorImpl.java:43)
	at java.lang.reflect.Method.invoke(Method.java:498)
	at org.junit.runners.model.FrameworkMethod$1.runReflectiveCall(FrameworkMethod.java:50)
	at org.junit.internal.runners.model.ReflectiveCallable.run(ReflectiveCallable.java:12)
	at org.junit.runners.model.FrameworkMethod.invokeExplosively(FrameworkMethod.java:47)
	at org.junit.internal.runners.statements.InvokeMethod.evaluate(InvokeMethod.java:17)
	at org.junit.internal.runners.statements.RunBefores.evaluate(RunBefores.java:26)
	at org.junit.internal.runners.statements.RunAfters.evaluate(RunAfters.java:27)
	at org.junit.internal.runners.statements.FailOnTimeout$CallableStatement.call(FailOnTimeout.java:298)
	at org.junit.internal.runners.statements.FailOnTimeout$CallableStatement.call(FailOnTimeout.java:292)
	at java.util.concurrent.FutureTask.run(FutureTask.java:266)
	at java.lang.Thread.run(Thread.java:748)
2019-09-24 17:07:24,702 WARN  ratis.RaftTestUtil (JavaUtils.java:attempt(158)) - FAILED "waitForLeader-null-(expectLeader? true)", attempt #5/100: java.lang.IllegalStateException: No leader yet : printing ALL groups
  s0:  RUNNING CANDIDATE s0@group-F46F844F1B04:t2, leader=null, voted=s0, raftlog=s0@group-F46F844F1B04-SegmentedRaftLog:OPENED:c37,f38,i38, conf=0: [s0:0.0.0.0:37788], old=null RUNNING, sleep 450ms and then retry.
java.lang.IllegalStateException: No leader yet : printing ALL groups
  s0:  RUNNING CANDIDATE s0@group-F46F844F1B04:t2, leader=null, voted=s0, raftlog=s0@group-F46F844F1B04-SegmentedRaftLog:OPENED:c37,f38,i38, conf=0: [s0:0.0.0.0:37788], old=null RUNNING
	at org.apache.ratis.MiniRaftCluster.newIllegalStateExceptionForNoLeaders(MiniRaftCluster.java:506)
	at org.apache.ratis.RaftTestUtil.lambda$waitForLeader$1(RaftTestUtil.java:90)
	at org.apache.ratis.MiniRaftCluster.getLeader(MiniRaftCluster.java:539)
	at org.apache.ratis.MiniRaftCluster.getLeader(MiniRaftCluster.java:532)
	at org.apache.ratis.RaftTestUtil.lambda$waitForLeader$3(RaftTestUtil.java:98)
	at org.apache.ratis.util.JavaUtils.attempt(JavaUtils.java:152)
	at org.apache.ratis.RaftTestUtil.waitForLeader(RaftTestUtil.java:97)
	at org.apache.ratis.RaftTestUtil.waitForLeader(RaftTestUtil.java:77)
	at org.apache.ratis.RaftTestUtil.waitForLeader(RaftTestUtil.java:72)
	at org.apache.ratis.statemachine.RaftSnapshotBaseTest.assertLeaderContent(RaftSnapshotBaseTest.java:74)
	at org.apache.ratis.statemachine.RaftSnapshotBaseTest.testRestartPeer(RaftSnapshotBaseTest.java:146)
	at sun.reflect.NativeMethodAccessorImpl.invoke0(Native Method)
	at sun.reflect.NativeMethodAccessorImpl.invoke(NativeMethodAccessorImpl.java:62)
	at sun.reflect.DelegatingMethodAccessorImpl.invoke(DelegatingMethodAccessorImpl.java:43)
	at java.lang.reflect.Method.invoke(Method.java:498)
	at org.junit.runners.model.FrameworkMethod$1.runReflectiveCall(FrameworkMethod.java:50)
	at org.junit.internal.runners.model.ReflectiveCallable.run(ReflectiveCallable.java:12)
	at org.junit.runners.model.FrameworkMethod.invokeExplosively(FrameworkMethod.java:47)
	at org.junit.internal.runners.statements.InvokeMethod.evaluate(InvokeMethod.java:17)
	at org.junit.internal.runners.statements.RunBefores.evaluate(RunBefores.java:26)
	at org.junit.internal.runners.statements.RunAfters.evaluate(RunAfters.java:27)
	at org.junit.internal.runners.statements.FailOnTimeout$CallableStatement.call(FailOnTimeout.java:298)
	at org.junit.internal.runners.statements.FailOnTimeout$CallableStatement.call(FailOnTimeout.java:292)
	at java.util.concurrent.FutureTask.run(FutureTask.java:266)
	at java.lang.Thread.run(Thread.java:748)
2019-09-24 17:07:25,154 WARN  ratis.RaftTestUtil (JavaUtils.java:attempt(158)) - FAILED "waitForLeader-null-(expectLeader? true)", attempt #6/100: java.lang.IllegalStateException: No leader yet : printing ALL groups
  s0:  RUNNING CANDIDATE s0@group-F46F844F1B04:t2, leader=null, voted=s0, raftlog=s0@group-F46F844F1B04-SegmentedRaftLog:OPENED:c37,f38,i38, conf=0: [s0:0.0.0.0:37788], old=null RUNNING, sleep 450ms and then retry.
java.lang.IllegalStateException: No leader yet : printing ALL groups
  s0:  RUNNING CANDIDATE s0@group-F46F844F1B04:t2, leader=null, voted=s0, raftlog=s0@group-F46F844F1B04-SegmentedRaftLog:OPENED:c37,f38,i38, conf=0: [s0:0.0.0.0:37788], old=null RUNNING
	at org.apache.ratis.MiniRaftCluster.newIllegalStateExceptionForNoLeaders(MiniRaftCluster.java:506)
	at org.apache.ratis.RaftTestUtil.lambda$waitForLeader$1(RaftTestUtil.java:90)
	at org.apache.ratis.MiniRaftCluster.getLeader(MiniRaftCluster.java:539)
	at org.apache.ratis.MiniRaftCluster.getLeader(MiniRaftCluster.java:532)
	at org.apache.ratis.RaftTestUtil.lambda$waitForLeader$3(RaftTestUtil.java:98)
	at org.apache.ratis.util.JavaUtils.attempt(JavaUtils.java:152)
	at org.apache.ratis.RaftTestUtil.waitForLeader(RaftTestUtil.java:97)
	at org.apache.ratis.RaftTestUtil.waitForLeader(RaftTestUtil.java:77)
	at org.apache.ratis.RaftTestUtil.waitForLeader(RaftTestUtil.java:72)
	at org.apache.ratis.statemachine.RaftSnapshotBaseTest.assertLeaderContent(RaftSnapshotBaseTest.java:74)
	at org.apache.ratis.statemachine.RaftSnapshotBaseTest.testRestartPeer(RaftSnapshotBaseTest.java:146)
	at sun.reflect.NativeMethodAccessorImpl.invoke0(Native Method)
	at sun.reflect.NativeMethodAccessorImpl.invoke(NativeMethodAccessorImpl.java:62)
	at sun.reflect.DelegatingMethodAccessorImpl.invoke(DelegatingMethodAccessorImpl.java:43)
	at java.lang.reflect.Method.invoke(Method.java:498)
	at org.junit.runners.model.FrameworkMethod$1.runReflectiveCall(FrameworkMethod.java:50)
	at org.junit.internal.runners.model.ReflectiveCallable.run(ReflectiveCallable.java:12)
	at org.junit.runners.model.FrameworkMethod.invokeExplosively(FrameworkMethod.java:47)
	at org.junit.internal.runners.statements.InvokeMethod.evaluate(InvokeMethod.java:17)
	at org.junit.internal.runners.statements.RunBefores.evaluate(RunBefores.java:26)
	at org.junit.internal.runners.statements.RunAfters.evaluate(RunAfters.java:27)
	at org.junit.internal.runners.statements.FailOnTimeout$CallableStatement.call(FailOnTimeout.java:298)
	at org.junit.internal.runners.statements.FailOnTimeout$CallableStatement.call(FailOnTimeout.java:292)
	at java.util.concurrent.FutureTask.run(FutureTask.java:266)
	at java.lang.Thread.run(Thread.java:748)
2019-09-24 17:07:25,606 WARN  ratis.RaftTestUtil (JavaUtils.java:attempt(158)) - FAILED "waitForLeader-null-(expectLeader? true)", attempt #7/100: java.lang.IllegalStateException: No leader yet : printing ALL groups
  s0:  RUNNING CANDIDATE s0@group-F46F844F1B04:t2, leader=null, voted=s0, raftlog=s0@group-F46F844F1B04-SegmentedRaftLog:OPENED:c37,f38,i38, conf=0: [s0:0.0.0.0:37788], old=null RUNNING, sleep 450ms and then retry.
java.lang.IllegalStateException: No leader yet : printing ALL groups
  s0:  RUNNING CANDIDATE s0@group-F46F844F1B04:t2, leader=null, voted=s0, raftlog=s0@group-F46F844F1B04-SegmentedRaftLog:OPENED:c37,f38,i38, conf=0: [s0:0.0.0.0:37788], old=null RUNNING
	at org.apache.ratis.MiniRaftCluster.newIllegalStateExceptionForNoLeaders(MiniRaftCluster.java:506)
	at org.apache.ratis.RaftTestUtil.lambda$waitForLeader$1(RaftTestUtil.java:90)
	at org.apache.ratis.MiniRaftCluster.getLeader(MiniRaftCluster.java:539)
	at org.apache.ratis.MiniRaftCluster.getLeader(MiniRaftCluster.java:532)
	at org.apache.ratis.RaftTestUtil.lambda$waitForLeader$3(RaftTestUtil.java:98)
	at org.apache.ratis.util.JavaUtils.attempt(JavaUtils.java:152)
	at org.apache.ratis.RaftTestUtil.waitForLeader(RaftTestUtil.java:97)
	at org.apache.ratis.RaftTestUtil.waitForLeader(RaftTestUtil.java:77)
	at org.apache.ratis.RaftTestUtil.waitForLeader(RaftTestUtil.java:72)
	at org.apache.ratis.statemachine.RaftSnapshotBaseTest.assertLeaderContent(RaftSnapshotBaseTest.java:74)
	at org.apache.ratis.statemachine.RaftSnapshotBaseTest.testRestartPeer(RaftSnapshotBaseTest.java:146)
	at sun.reflect.NativeMethodAccessorImpl.invoke0(Native Method)
	at sun.reflect.NativeMethodAccessorImpl.invoke(NativeMethodAccessorImpl.java:62)
	at sun.reflect.DelegatingMethodAccessorImpl.invoke(DelegatingMethodAccessorImpl.java:43)
	at java.lang.reflect.Method.invoke(Method.java:498)
	at org.junit.runners.model.FrameworkMethod$1.runReflectiveCall(FrameworkMethod.java:50)
	at org.junit.internal.runners.model.ReflectiveCallable.run(ReflectiveCallable.java:12)
	at org.junit.runners.model.FrameworkMethod.invokeExplosively(FrameworkMethod.java:47)
	at org.junit.internal.runners.statements.InvokeMethod.evaluate(InvokeMethod.java:17)
	at org.junit.internal.runners.statements.RunBefores.evaluate(RunBefores.java:26)
	at org.junit.internal.runners.statements.RunAfters.evaluate(RunAfters.java:27)
	at org.junit.internal.runners.statements.FailOnTimeout$CallableStatement.call(FailOnTimeout.java:298)
	at org.junit.internal.runners.statements.FailOnTimeout$CallableStatement.call(FailOnTimeout.java:292)
	at java.util.concurrent.FutureTask.run(FutureTask.java:266)
	at java.lang.Thread.run(Thread.java:748)
2019-09-24 17:07:26,058 WARN  ratis.RaftTestUtil (JavaUtils.java:attempt(158)) - FAILED "waitForLeader-null-(expectLeader? true)", attempt #8/100: java.lang.IllegalStateException: No leader yet : printing ALL groups
  s0:  RUNNING CANDIDATE s0@group-F46F844F1B04:t2, leader=null, voted=s0, raftlog=s0@group-F46F844F1B04-SegmentedRaftLog:OPENED:c37,f38,i38, conf=0: [s0:0.0.0.0:37788], old=null RUNNING, sleep 450ms and then retry.
java.lang.IllegalStateException: No leader yet : printing ALL groups
  s0:  RUNNING CANDIDATE s0@group-F46F844F1B04:t2, leader=null, voted=s0, raftlog=s0@group-F46F844F1B04-SegmentedRaftLog:OPENED:c37,f38,i38, conf=0: [s0:0.0.0.0:37788], old=null RUNNING
	at org.apache.ratis.MiniRaftCluster.newIllegalStateExceptionForNoLeaders(MiniRaftCluster.java:506)
	at org.apache.ratis.RaftTestUtil.lambda$waitForLeader$1(RaftTestUtil.java:90)
	at org.apache.ratis.MiniRaftCluster.getLeader(MiniRaftCluster.java:539)
	at org.apache.ratis.MiniRaftCluster.getLeader(MiniRaftCluster.java:532)
	at org.apache.ratis.RaftTestUtil.lambda$waitForLeader$3(RaftTestUtil.java:98)
	at org.apache.ratis.util.JavaUtils.attempt(JavaUtils.java:152)
	at org.apache.ratis.RaftTestUtil.waitForLeader(RaftTestUtil.java:97)
	at org.apache.ratis.RaftTestUtil.waitForLeader(RaftTestUtil.java:77)
	at org.apache.ratis.RaftTestUtil.waitForLeader(RaftTestUtil.java:72)
	at org.apache.ratis.statemachine.RaftSnapshotBaseTest.assertLeaderContent(RaftSnapshotBaseTest.java:74)
	at org.apache.ratis.statemachine.RaftSnapshotBaseTest.testRestartPeer(RaftSnapshotBaseTest.java:146)
	at sun.reflect.NativeMethodAccessorImpl.invoke0(Native Method)
	at sun.reflect.NativeMethodAccessorImpl.invoke(NativeMethodAccessorImpl.java:62)
	at sun.reflect.DelegatingMethodAccessorImpl.invoke(DelegatingMethodAccessorImpl.java:43)
	at java.lang.reflect.Method.invoke(Method.java:498)
	at org.junit.runners.model.FrameworkMethod$1.runReflectiveCall(FrameworkMethod.java:50)
	at org.junit.internal.runners.model.ReflectiveCallable.run(ReflectiveCallable.java:12)
	at org.junit.runners.model.FrameworkMethod.invokeExplosively(FrameworkMethod.java:47)
	at org.junit.internal.runners.statements.InvokeMethod.evaluate(InvokeMethod.java:17)
	at org.junit.internal.runners.statements.RunBefores.evaluate(RunBefores.java:26)
	at org.junit.internal.runners.statements.RunAfters.evaluate(RunAfters.java:27)
	at org.junit.internal.runners.statements.FailOnTimeout$CallableStatement.call(FailOnTimeout.java:298)
	at org.junit.internal.runners.statements.FailOnTimeout$CallableStatement.call(FailOnTimeout.java:292)
	at java.util.concurrent.FutureTask.run(FutureTask.java:266)
	at java.lang.Thread.run(Thread.java:748)
2019-09-24 17:07:26,509 WARN  ratis.RaftTestUtil (JavaUtils.java:attempt(158)) - FAILED "waitForLeader-null-(expectLeader? true)", attempt #9/100: java.lang.IllegalStateException: No leader yet : printing ALL groups
  s0:  RUNNING CANDIDATE s0@group-F46F844F1B04:t2, leader=null, voted=s0, raftlog=s0@group-F46F844F1B04-SegmentedRaftLog:OPENED:c37,f38,i38, conf=0: [s0:0.0.0.0:37788], old=null RUNNING, sleep 450ms and then retry.
java.lang.IllegalStateException: No leader yet : printing ALL groups
  s0:  RUNNING CANDIDATE s0@group-F46F844F1B04:t2, leader=null, voted=s0, raftlog=s0@group-F46F844F1B04-SegmentedRaftLog:OPENED:c37,f38,i38, conf=0: [s0:0.0.0.0:37788], old=null RUNNING
	at org.apache.ratis.MiniRaftCluster.newIllegalStateExceptionForNoLeaders(MiniRaftCluster.java:506)
	at org.apache.ratis.RaftTestUtil.lambda$waitForLeader$1(RaftTestUtil.java:90)
	at org.apache.ratis.MiniRaftCluster.getLeader(MiniRaftCluster.java:539)
	at org.apache.ratis.MiniRaftCluster.getLeader(MiniRaftCluster.java:532)
	at org.apache.ratis.RaftTestUtil.lambda$waitForLeader$3(RaftTestUtil.java:98)
	at org.apache.ratis.util.JavaUtils.attempt(JavaUtils.java:152)
	at org.apache.ratis.RaftTestUtil.waitForLeader(RaftTestUtil.java:97)
	at org.apache.ratis.RaftTestUtil.waitForLeader(RaftTestUtil.java:77)
	at org.apache.ratis.RaftTestUtil.waitForLeader(RaftTestUtil.java:72)
	at org.apache.ratis.statemachine.RaftSnapshotBaseTest.assertLeaderContent(RaftSnapshotBaseTest.java:74)
	at org.apache.ratis.statemachine.RaftSnapshotBaseTest.testRestartPeer(RaftSnapshotBaseTest.java:146)
	at sun.reflect.NativeMethodAccessorImpl.invoke0(Native Method)
	at sun.reflect.NativeMethodAccessorImpl.invoke(NativeMethodAccessorImpl.java:62)
	at sun.reflect.DelegatingMethodAccessorImpl.invoke(DelegatingMethodAccessorImpl.java:43)
	at java.lang.reflect.Method.invoke(Method.java:498)
	at org.junit.runners.model.FrameworkMethod$1.runReflectiveCall(FrameworkMethod.java:50)
	at org.junit.internal.runners.model.ReflectiveCallable.run(ReflectiveCallable.java:12)
	at org.junit.runners.model.FrameworkMethod.invokeExplosively(FrameworkMethod.java:47)
	at org.junit.internal.runners.statements.InvokeMethod.evaluate(InvokeMethod.java:17)
	at org.junit.internal.runners.statements.RunBefores.evaluate(RunBefores.java:26)
	at org.junit.internal.runners.statements.RunAfters.evaluate(RunAfters.java:27)
	at org.junit.internal.runners.statements.FailOnTimeout$CallableStatement.call(FailOnTimeout.java:298)
	at org.junit.internal.runners.statements.FailOnTimeout$CallableStatement.call(FailOnTimeout.java:292)
	at java.util.concurrent.FutureTask.run(FutureTask.java:266)
	at java.lang.Thread.run(Thread.java:748)
2019-09-24 17:07:26,961 WARN  ratis.RaftTestUtil (JavaUtils.java:attempt(158)) - FAILED "waitForLeader-null-(expectLeader? true)", attempt #10/100: java.lang.IllegalStateException: No leader yet : printing ALL groups
  s0:  RUNNING CANDIDATE s0@group-F46F844F1B04:t2, leader=null, voted=s0, raftlog=s0@group-F46F844F1B04-SegmentedRaftLog:OPENED:c37,f38,i38, conf=0: [s0:0.0.0.0:37788], old=null RUNNING, sleep 450ms and then retry.
java.lang.IllegalStateException: No leader yet : printing ALL groups
  s0:  RUNNING CANDIDATE s0@group-F46F844F1B04:t2, leader=null, voted=s0, raftlog=s0@group-F46F844F1B04-SegmentedRaftLog:OPENED:c37,f38,i38, conf=0: [s0:0.0.0.0:37788], old=null RUNNING
	at org.apache.ratis.MiniRaftCluster.newIllegalStateExceptionForNoLeaders(MiniRaftCluster.java:506)
	at org.apache.ratis.RaftTestUtil.lambda$waitForLeader$1(RaftTestUtil.java:90)
	at org.apache.ratis.MiniRaftCluster.getLeader(MiniRaftCluster.java:539)
	at org.apache.ratis.MiniRaftCluster.getLeader(MiniRaftCluster.java:532)
	at org.apache.ratis.RaftTestUtil.lambda$waitForLeader$3(RaftTestUtil.java:98)
	at org.apache.ratis.util.JavaUtils.attempt(JavaUtils.java:152)
	at org.apache.ratis.RaftTestUtil.waitForLeader(RaftTestUtil.java:97)
	at org.apache.ratis.RaftTestUtil.waitForLeader(RaftTestUtil.java:77)
	at org.apache.ratis.RaftTestUtil.waitForLeader(RaftTestUtil.java:72)
	at org.apache.ratis.statemachine.RaftSnapshotBaseTest.assertLeaderContent(RaftSnapshotBaseTest.java:74)
	at org.apache.ratis.statemachine.RaftSnapshotBaseTest.testRestartPeer(RaftSnapshotBaseTest.java:146)
	at sun.reflect.NativeMethodAccessorImpl.invoke0(Native Method)
	at sun.reflect.NativeMethodAccessorImpl.invoke(NativeMethodAccessorImpl.java:62)
	at sun.reflect.DelegatingMethodAccessorImpl.invoke(DelegatingMethodAccessorImpl.java:43)
	at java.lang.reflect.Method.invoke(Method.java:498)
	at org.junit.runners.model.FrameworkMethod$1.runReflectiveCall(FrameworkMethod.java:50)
	at org.junit.internal.runners.model.ReflectiveCallable.run(ReflectiveCallable.java:12)
	at org.junit.runners.model.FrameworkMethod.invokeExplosively(FrameworkMethod.java:47)
	at org.junit.internal.runners.statements.InvokeMethod.evaluate(InvokeMethod.java:17)
	at org.junit.internal.runners.statements.RunBefores.evaluate(RunBefores.java:26)
	at org.junit.internal.runners.statements.RunAfters.evaluate(RunAfters.java:27)
	at org.junit.internal.runners.statements.FailOnTimeout$CallableStatement.call(FailOnTimeout.java:298)
	at org.junit.internal.runners.statements.FailOnTimeout$CallableStatement.call(FailOnTimeout.java:292)
	at java.util.concurrent.FutureTask.run(FutureTask.java:266)
	at java.lang.Thread.run(Thread.java:748)
2019-09-24 17:07:27,413 WARN  ratis.RaftTestUtil (JavaUtils.java:attempt(158)) - FAILED "waitForLeader-null-(expectLeader? true)", attempt #11/100: java.lang.IllegalStateException: No leader yet : printing ALL groups
  s0:  RUNNING CANDIDATE s0@group-F46F844F1B04:t2, leader=null, voted=s0, raftlog=s0@group-F46F844F1B04-SegmentedRaftLog:OPENED:c37,f38,i38, conf=0: [s0:0.0.0.0:37788], old=null RUNNING, sleep 450ms and then retry.
java.lang.IllegalStateException: No leader yet : printing ALL groups
  s0:  RUNNING CANDIDATE s0@group-F46F844F1B04:t2, leader=null, voted=s0, raftlog=s0@group-F46F844F1B04-SegmentedRaftLog:OPENED:c37,f38,i38, conf=0: [s0:0.0.0.0:37788], old=null RUNNING
	at org.apache.ratis.MiniRaftCluster.newIllegalStateExceptionForNoLeaders(MiniRaftCluster.java:506)
	at org.apache.ratis.RaftTestUtil.lambda$waitForLeader$1(RaftTestUtil.java:90)
	at org.apache.ratis.MiniRaftCluster.getLeader(MiniRaftCluster.java:539)
	at org.apache.ratis.MiniRaftCluster.getLeader(MiniRaftCluster.java:532)
	at org.apache.ratis.RaftTestUtil.lambda$waitForLeader$3(RaftTestUtil.java:98)
	at org.apache.ratis.util.JavaUtils.attempt(JavaUtils.java:152)
	at org.apache.ratis.RaftTestUtil.waitForLeader(RaftTestUtil.java:97)
	at org.apache.ratis.RaftTestUtil.waitForLeader(RaftTestUtil.java:77)
	at org.apache.ratis.RaftTestUtil.waitForLeader(RaftTestUtil.java:72)
	at org.apache.ratis.statemachine.RaftSnapshotBaseTest.assertLeaderContent(RaftSnapshotBaseTest.java:74)
	at org.apache.ratis.statemachine.RaftSnapshotBaseTest.testRestartPeer(RaftSnapshotBaseTest.java:146)
	at sun.reflect.NativeMethodAccessorImpl.invoke0(Native Method)
	at sun.reflect.NativeMethodAccessorImpl.invoke(NativeMethodAccessorImpl.java:62)
	at sun.reflect.DelegatingMethodAccessorImpl.invoke(DelegatingMethodAccessorImpl.java:43)
	at java.lang.reflect.Method.invoke(Method.java:498)
	at org.junit.runners.model.FrameworkMethod$1.runReflectiveCall(FrameworkMethod.java:50)
	at org.junit.internal.runners.model.ReflectiveCallable.run(ReflectiveCallable.java:12)
	at org.junit.runners.model.FrameworkMethod.invokeExplosively(FrameworkMethod.java:47)
	at org.junit.internal.runners.statements.InvokeMethod.evaluate(InvokeMethod.java:17)
	at org.junit.internal.runners.statements.RunBefores.evaluate(RunBefores.java:26)
	at org.junit.internal.runners.statements.RunAfters.evaluate(RunAfters.java:27)
	at org.junit.internal.runners.statements.FailOnTimeout$CallableStatement.call(FailOnTimeout.java:298)
	at org.junit.internal.runners.statements.FailOnTimeout$CallableStatement.call(FailOnTimeout.java:292)
	at java.util.concurrent.FutureTask.run(FutureTask.java:266)
	at java.lang.Thread.run(Thread.java:748)
2019-09-24 17:07:27,865 WARN  ratis.RaftTestUtil (JavaUtils.java:attempt(158)) - FAILED "waitForLeader-null-(expectLeader? true)", attempt #12/100: java.lang.IllegalStateException: No leader yet : printing ALL groups
  s0:  RUNNING CANDIDATE s0@group-F46F844F1B04:t2, leader=null, voted=s0, raftlog=s0@group-F46F844F1B04-SegmentedRaftLog:OPENED:c37,f38,i38, conf=0: [s0:0.0.0.0:37788], old=null RUNNING, sleep 450ms and then retry.
java.lang.IllegalStateException: No leader yet : printing ALL groups
  s0:  RUNNING CANDIDATE s0@group-F46F844F1B04:t2, leader=null, voted=s0, raftlog=s0@group-F46F844F1B04-SegmentedRaftLog:OPENED:c37,f38,i38, conf=0: [s0:0.0.0.0:37788], old=null RUNNING
	at org.apache.ratis.MiniRaftCluster.newIllegalStateExceptionForNoLeaders(MiniRaftCluster.java:506)
	at org.apache.ratis.RaftTestUtil.lambda$waitForLeader$1(RaftTestUtil.java:90)
	at org.apache.ratis.MiniRaftCluster.getLeader(MiniRaftCluster.java:539)
	at org.apache.ratis.MiniRaftCluster.getLeader(MiniRaftCluster.java:532)
	at org.apache.ratis.RaftTestUtil.lambda$waitForLeader$3(RaftTestUtil.java:98)
	at org.apache.ratis.util.JavaUtils.attempt(JavaUtils.java:152)
	at org.apache.ratis.RaftTestUtil.waitForLeader(RaftTestUtil.java:97)
	at org.apache.ratis.RaftTestUtil.waitForLeader(RaftTestUtil.java:77)
	at org.apache.ratis.RaftTestUtil.waitForLeader(RaftTestUtil.java:72)
	at org.apache.ratis.statemachine.RaftSnapshotBaseTest.assertLeaderContent(RaftSnapshotBaseTest.java:74)
	at org.apache.ratis.statemachine.RaftSnapshotBaseTest.testRestartPeer(RaftSnapshotBaseTest.java:146)
	at sun.reflect.NativeMethodAccessorImpl.invoke0(Native Method)
	at sun.reflect.NativeMethodAccessorImpl.invoke(NativeMethodAccessorImpl.java:62)
	at sun.reflect.DelegatingMethodAccessorImpl.invoke(DelegatingMethodAccessorImpl.java:43)
	at java.lang.reflect.Method.invoke(Method.java:498)
	at org.junit.runners.model.FrameworkMethod$1.runReflectiveCall(FrameworkMethod.java:50)
	at org.junit.internal.runners.model.ReflectiveCallable.run(ReflectiveCallable.java:12)
	at org.junit.runners.model.FrameworkMethod.invokeExplosively(FrameworkMethod.java:47)
	at org.junit.internal.runners.statements.InvokeMethod.evaluate(InvokeMethod.java:17)
	at org.junit.internal.runners.statements.RunBefores.evaluate(RunBefores.java:26)
	at org.junit.internal.runners.statements.RunAfters.evaluate(RunAfters.java:27)
	at org.junit.internal.runners.statements.FailOnTimeout$CallableStatement.call(FailOnTimeout.java:298)
	at org.junit.internal.runners.statements.FailOnTimeout$CallableStatement.call(FailOnTimeout.java:292)
	at java.util.concurrent.FutureTask.run(FutureTask.java:266)
	at java.lang.Thread.run(Thread.java:748)
2019-09-24 17:07:28,087 INFO  impl.LeaderElection (LeaderElection.java:askForVotes(178)) - s0@group-F46F844F1B04-LeaderElection2: begin an election at term 2 for 0: [s0:0.0.0.0:37788], old=null
2019-09-24 17:07:28,087 INFO  impl.RoleInfo (RoleInfo.java:shutdownLeaderElection(134)) - s0: shutdown LeaderElection
2019-09-24 17:07:28,088 INFO  impl.RaftServerImpl (RaftServerImpl.java:setRole(170)) - s0@group-F46F844F1B04: changes role from CANDIDATE to LEADER at term 2 for changeToLeader
2019-09-24 17:07:28,088 INFO  impl.RaftServerImpl (ServerState.java:setLeader(254)) - s0@group-F46F844F1B04: change Leader from null to s0 at term 2 for becomeLeader, leader elected after 5212ms
2019-09-24 17:07:28,088 INFO  server.RaftServerConfigKeys (ConfUtils.java:logGet(43)) - raft.server.staging.catchup.gap = 1000 (default)
2019-09-24 17:07:28,088 INFO  server.RaftServerConfigKeys (ConfUtils.java:logGet(43)) - raft.server.rpc.sleep.time = 25ms (default)
2019-09-24 17:07:28,089 INFO  server.RaftServerConfigKeys (ConfUtils.java:logGet(43)) - raft.server.write.element-limit = 4096 (default)
2019-09-24 17:07:28,089 INFO  server.RaftServerConfigKeys (ConfUtils.java:logGet(43)) - raft.server.watch.timeout = 10s (default)
2019-09-24 17:07:28,090 INFO  server.RaftServerConfigKeys (ConfUtils.java:logGet(43)) - raft.server.watch.timeout.denomination = 1s (default)
2019-09-24 17:07:28,090 INFO  server.RaftServerConfigKeys (ConfUtils.java:logGet(43)) - raft.server.watch.element-limit = 65536 (default)
2019-09-24 17:07:28,090 INFO  impl.RoleInfo (RoleInfo.java:updateAndGet(143)) - s0: start LeaderState
2019-09-24 17:07:28,091 DEBUG raftlog.RaftLog (SegmentedRaftLog.java:appendImpl(425)) - truncateIndex=-1, arrayIndex=0
2019-09-24 17:07:28,091 INFO  segmented.SegmentedRaftLogWorker (SegmentedRaftLogWorker.java:rollLogSegment(385)) - s0@group-F46F844F1B04-SegmentedRaftLogWorker: Rolling segment log-0_38 to index:38
2019-09-24 17:07:28,096 INFO  impl.RaftServerImpl (ServerState.java:setRaftConf(355)) - s0@group-F46F844F1B04: set configuration 39: [s0:0.0.0.0:37788], old=null at 39
2019-09-24 17:07:28,097 TRACE util.FileUtils (LogUtils.java:runAndLog(61)) - Successfully ran Files.move /workdir/ratis-test/target/test/data/ceff7214/MiniRaftClusterWithSimulatedRpcd76262d9/s0/2ce1962a-878f-447e-8148-f46f844f1b04/current/log_inprogress_0 to /workdir/ratis-test/target/test/data/ceff7214/MiniRaftClusterWithSimulatedRpcd76262d9/s0/2ce1962a-878f-447e-8148-f46f844f1b04/current/log_0-38
2019-09-24 17:07:28,097 INFO  segmented.SegmentedRaftLogWorker (SegmentedRaftLogWorker.java:execute(526)) - s0@group-F46F844F1B04-SegmentedRaftLogWorker: Rolled log segment from /workdir/ratis-test/target/test/data/ceff7214/MiniRaftClusterWithSimulatedRpcd76262d9/s0/2ce1962a-878f-447e-8148-f46f844f1b04/current/log_inprogress_0 to /workdir/ratis-test/target/test/data/ceff7214/MiniRaftClusterWithSimulatedRpcd76262d9/s0/2ce1962a-878f-447e-8148-f46f844f1b04/current/log_0-38
2019-09-24 17:07:28,170 INFO  segmented.SegmentedRaftLogWorker (SegmentedRaftLogWorker.java:execute(569)) - s0@group-F46F844F1B04-SegmentedRaftLogWorker: created new log segment /workdir/ratis-test/target/test/data/ceff7214/MiniRaftClusterWithSimulatedRpcd76262d9/s0/2ce1962a-878f-447e-8148-f46f844f1b04/current/log_inprogress_39
2019-09-24 17:07:28,317 INFO  ratis.RaftTestUtil (RaftTestUtil.java:waitForLeader(101)) - printing ALL groups
  s0:  RUNNING    LEADER s0@group-F46F844F1B04:t2, leader=s0, voted=s0, raftlog=s0@group-F46F844F1B04-SegmentedRaftLog:OPENED:c40,f40,i40, conf=39: [s0:0.0.0.0:37788], old=null RUNNING
2019-09-24 17:07:28,420 INFO  statemachine.RaftSnapshotBaseTest (RaftSnapshotBaseTest.java:assertLeaderContent(86)) - 0) 0 term: 1
index: 1
stateMachineLogEntry {
  logData: "m0"
  stateMachineEntry {
    stateMachineData: "StateMachine Data"
  }
  clientId: "\246c\372\216M<O\316\200\250\315\256^g\3026"
}

2019-09-24 17:07:28,422 INFO  statemachine.RaftSnapshotBaseTest (RaftSnapshotBaseTest.java:assertLeaderContent(86)) - 1) 1 term: 1
index: 3
stateMachineLogEntry {
  logData: "m1"
  stateMachineEntry {
    stateMachineData: "StateMachine Data"
  }
  clientId: "\246c\372\216M<O\316\200\250\315\256^g\3026"
  callId: 1
}

2019-09-24 17:07:28,422 INFO  statemachine.RaftSnapshotBaseTest (RaftSnapshotBaseTest.java:assertLeaderContent(86)) - 2) 2 term: 1
index: 5
stateMachineLogEntry {
  logData: "m2"
  stateMachineEntry {
    stateMachineData: "StateMachine Data"
  }
  clientId: "\246c\372\216M<O\316\200\250\315\256^g\3026"
  callId: 2
}

2019-09-24 17:07:28,423 INFO  statemachine.RaftSnapshotBaseTest (RaftSnapshotBaseTest.java:assertLeaderContent(86)) - 3) 3 term: 1
index: 7
stateMachineLogEntry {
  logData: "m3"
  stateMachineEntry {
    stateMachineData: "StateMachine Data"
  }
  clientId: "\246c\372\216M<O\316\200\250\315\256^g\3026"
  callId: 3
}

2019-09-24 17:07:28,423 INFO  statemachine.RaftSnapshotBaseTest (RaftSnapshotBaseTest.java:assertLeaderContent(86)) - 4) 4 term: 1
index: 9
stateMachineLogEntry {
  logData: "m4"
  stateMachineEntry {
    stateMachineData: "StateMachine Data"
  }
  clientId: "\246c\372\216M<O\316\200\250\315\256^g\3026"
  callId: 4
}

2019-09-24 17:07:28,424 INFO  statemachine.RaftSnapshotBaseTest (RaftSnapshotBaseTest.java:assertLeaderContent(86)) - 5) 5 term: 1
index: 11
stateMachineLogEntry {
  logData: "m5"
  stateMachineEntry {
    stateMachineData: "StateMachine Data"
  }
  clientId: "\246c\372\216M<O\316\200\250\315\256^g\3026"
  callId: 5
}

2019-09-24 17:07:28,424 INFO  statemachine.RaftSnapshotBaseTest (RaftSnapshotBaseTest.java:assertLeaderContent(86)) - 6) 6 term: 1
index: 13
stateMachineLogEntry {
  logData: "m6"
  stateMachineEntry {
    stateMachineData: "StateMachine Data"
  }
  clientId: "\246c\372\216M<O\316\200\250\315\256^g\3026"
  callId: 6
}

2019-09-24 17:07:28,426 INFO  statemachine.RaftSnapshotBaseTest (RaftSnapshotBaseTest.java:assertLeaderContent(86)) - 7) 7 term: 1
index: 15
stateMachineLogEntry {
  logData: "m7"
  stateMachineEntry {
    stateMachineData: "StateMachine Data"
  }
  clientId: "\246c\372\216M<O\316\200\250\315\256^g\3026"
  callId: 7
}

2019-09-24 17:07:28,427 INFO  statemachine.RaftSnapshotBaseTest (RaftSnapshotBaseTest.java:assertLeaderContent(86)) - 8) 8 term: 1
index: 17
stateMachineLogEntry {
  logData: "m8"
  stateMachineEntry {
    stateMachineData: "StateMachine Data"
  }
  clientId: "\246c\372\216M<O\316\200\250\315\256^g\3026"
  callId: 8
}

2019-09-24 17:07:28,427 INFO  statemachine.RaftSnapshotBaseTest (RaftSnapshotBaseTest.java:assertLeaderContent(86)) - 9) 9 term: 1
index: 19
stateMachineLogEntry {
  logData: "m9"
  stateMachineEntry {
    stateMachineData: "StateMachine Data"
  }
  clientId: "\246c\372\216M<O\316\200\250\315\256^g\3026"
  callId: 9
}

2019-09-24 17:07:28,427 INFO  statemachine.RaftSnapshotBaseTest (RaftSnapshotBaseTest.java:assertLeaderContent(86)) - 10) 10 term: 1
index: 21
stateMachineLogEntry {
  logData: "m10"
  stateMachineEntry {
    stateMachineData: "StateMachine Data"
  }
  clientId: "\246c\372\216M<O\316\200\250\315\256^g\3026"
  callId: 10
}

2019-09-24 17:07:28,428 INFO  statemachine.RaftSnapshotBaseTest (RaftSnapshotBaseTest.java:assertLeaderContent(86)) - 11) 11 term: 1
index: 23
stateMachineLogEntry {
  logData: "m11"
  stateMachineEntry {
    stateMachineData: "StateMachine Data"
  }
  clientId: "\246c\372\216M<O\316\200\250\315\256^g\3026"
  callId: 11
}

2019-09-24 17:07:28,428 INFO  statemachine.RaftSnapshotBaseTest (RaftSnapshotBaseTest.java:assertLeaderContent(86)) - 12) 12 term: 1
index: 25
stateMachineLogEntry {
  logData: "m12"
  stateMachineEntry {
    stateMachineData: "StateMachine Data"
  }
  clientId: "\246c\372\216M<O\316\200\250\315\256^g\3026"
  callId: 12
}

2019-09-24 17:07:28,428 INFO  statemachine.RaftSnapshotBaseTest (RaftSnapshotBaseTest.java:assertLeaderContent(86)) - 13) 13 term: 1
index: 27
stateMachineLogEntry {
  logData: "m13"
  stateMachineEntry {
    stateMachineData: "StateMachine Data"
  }
  clientId: "\246c\372\216M<O\316\200\250\315\256^g\3026"
  callId: 13
}

2019-09-24 17:07:28,429 INFO  statemachine.RaftSnapshotBaseTest (RaftSnapshotBaseTest.java:assertLeaderContent(86)) - 14) 14 term: 1
index: 29
stateMachineLogEntry {
  logData: "m14"
  stateMachineEntry {
    stateMachineData: "StateMachine Data"
  }
  clientId: "\246c\372\216M<O\316\200\250\315\256^g\3026"
  callId: 14
}

2019-09-24 17:07:28,430 INFO  statemachine.RaftSnapshotBaseTest (RaftSnapshotBaseTest.java:assertLeaderContent(86)) - 15) 15 term: 1
index: 31
stateMachineLogEntry {
  logData: "m15"
  stateMachineEntry {
    stateMachineData: "StateMachine Data"
  }
  clientId: "\246c\372\216M<O\316\200\250\315\256^g\3026"
  callId: 15
}

2019-09-24 17:07:28,430 INFO  statemachine.RaftSnapshotBaseTest (RaftSnapshotBaseTest.java:assertLeaderContent(86)) - 16) 16 term: 1
index: 33
stateMachineLogEntry {
  logData: "m16"
  stateMachineEntry {
    stateMachineData: "StateMachine Data"
  }
  clientId: "\246c\372\216M<O\316\200\250\315\256^g\3026"
  callId: 16
}

2019-09-24 17:07:28,431 INFO  statemachine.RaftSnapshotBaseTest (RaftSnapshotBaseTest.java:assertLeaderContent(86)) - 17) 17 term: 1
index: 35
stateMachineLogEntry {
  logData: "m17"
  stateMachineEntry {
    stateMachineData: "StateMachine Data"
  }
  clientId: "\246c\372\216M<O\316\200\250\315\256^g\3026"
  callId: 17
}

2019-09-24 17:07:28,431 INFO  statemachine.RaftSnapshotBaseTest (RaftSnapshotBaseTest.java:assertLeaderContent(86)) - 18) 18 term: 1
index: 37
stateMachineLogEntry {
  logData: "m18"
  stateMachineEntry {
    stateMachineData: "StateMachine Data"
  }
  clientId: "\246c\372\216M<O\316\200\250\315\256^g\3026"
  callId: 18
}

2019-09-24 17:07:28,431 INFO  ratis.MiniRaftCluster (MiniRaftCluster.java:shutdown(700)) - ************************************************************** 
2019-09-24 17:07:28,431 INFO  ratis.MiniRaftCluster (MiniRaftCluster.java:shutdown(701)) - *** 
2019-09-24 17:07:28,431 INFO  ratis.MiniRaftCluster (MiniRaftCluster.java:shutdown(702)) - ***     Stopping MiniRaftClusterWithSimulatedRpc
2019-09-24 17:07:28,431 INFO  ratis.MiniRaftCluster (MiniRaftCluster.java:shutdown(703)) - *** 
2019-09-24 17:07:28,431 INFO  ratis.MiniRaftCluster (MiniRaftCluster.java:shutdown(704)) - ************************************************************** 
2019-09-24 17:07:28,432 INFO  ratis.MiniRaftCluster (MiniRaftCluster.java:shutdown(705)) - printing ALL groups
  s0:  RUNNING    LEADER s0@group-F46F844F1B04:t2, leader=s0, voted=s0, raftlog=s0@group-F46F844F1B04-SegmentedRaftLog:OPENED:c40,f40,i40, conf=39: [s0:0.0.0.0:37788], old=null RUNNING
2019-09-24 17:07:28,433 INFO  impl.RaftServerProxy (RaftServerProxy.java:lambda$close$4(314)) - s0: close
2019-09-24 17:07:28,433 INFO  impl.RaftServerImpl (RaftServerImpl.java:lambda$shutdown$3(247)) - s0@group-F46F844F1B04: shutdown
2019-09-24 17:07:28,434 INFO  util.JmxRegister (JmxRegister.java:unregister(73)) - Successfully un-registered JMX Bean with object name Ratis:service=RaftServer,group=group-F46F844F1B04,id=s0
2019-09-24 17:07:28,434 INFO  impl.RoleInfo (RoleInfo.java:shutdownLeaderState(104)) - s0: shutdown LeaderState
2019-09-24 17:07:28,434 INFO  impl.PendingRequests (PendingRequests.java:sendNotLeaderResponses(202)) - s0@group-F46F844F1B04-PendingRequests: sendNotLeaderResponses
2019-09-24 17:07:28,436 INFO  impl.StateMachineUpdater (StateMachineUpdater.java:stopAndJoin(136)) - s0@group-F46F844F1B04-StateMachineUpdater: set stopIndex = 40
2019-09-24 17:07:30,278 WARN  ratis.MiniRaftCluster (MiniRaftCluster.java:shutdown(717)) - shutdown interrupted
java.lang.InterruptedException
	at java.util.concurrent.locks.AbstractQueuedSynchronizer$ConditionObject.reportInterruptAfterWait(AbstractQueuedSynchronizer.java:2014)
	at java.util.concurrent.locks.AbstractQueuedSynchronizer$ConditionObject.awaitNanos(AbstractQueuedSynchronizer.java:2088)
	at java.util.concurrent.ThreadPoolExecutor.awaitTermination(ThreadPoolExecutor.java:1475)
	at org.apache.ratis.MiniRaftCluster.shutdown(MiniRaftCluster.java:715)
	at org.apache.ratis.statemachine.RaftSnapshotBaseTest.testRestartPeer(RaftSnapshotBaseTest.java:148)
	at sun.reflect.NativeMethodAccessorImpl.invoke0(Native Method)
	at sun.reflect.NativeMethodAccessorImpl.invoke(NativeMethodAccessorImpl.java:62)
	at sun.reflect.DelegatingMethodAccessorImpl.invoke(DelegatingMethodAccessorImpl.java:43)
	at java.lang.reflect.Method.invoke(Method.java:498)
	at org.junit.runners.model.FrameworkMethod$1.runReflectiveCall(FrameworkMethod.java:50)
	at org.junit.internal.runners.model.ReflectiveCallable.run(ReflectiveCallable.java:12)
	at org.junit.runners.model.FrameworkMethod.invokeExplosively(FrameworkMethod.java:47)
	at org.junit.internal.runners.statements.InvokeMethod.evaluate(InvokeMethod.java:17)
	at org.junit.internal.runners.statements.RunBefores.evaluate(RunBefores.java:26)
	at org.junit.internal.runners.statements.RunAfters.evaluate(RunAfters.java:27)
	at org.junit.internal.runners.statements.FailOnTimeout$CallableStatement.call(FailOnTimeout.java:298)
	at org.junit.internal.runners.statements.FailOnTimeout$CallableStatement.call(FailOnTimeout.java:292)
	at java.util.concurrent.FutureTask.run(FutureTask.java:266)
	at java.lang.Thread.run(Thread.java:748)
2019-09-24 17:07:30,279 INFO  ratis.MiniRaftCluster (MiniRaftCluster.java:shutdown(722)) - MiniRaftClusterWithSimulatedRpc shutdown completed
2019-09-24 17:07:30,279 INFO  ratis.MiniRaftCluster (MiniRaftCluster.java:shutdown(700)) - ************************************************************** 
2019-09-24 17:07:30,279 INFO  ratis.MiniRaftCluster (MiniRaftCluster.java:shutdown(701)) - *** 
2019-09-24 17:07:30,280 INFO  ratis.MiniRaftCluster (MiniRaftCluster.java:shutdown(702)) - ***     Stopping MiniRaftClusterWithSimulatedRpc
2019-09-24 17:07:30,280 INFO  ratis.MiniRaftCluster (MiniRaftCluster.java:shutdown(703)) - *** 
2019-09-24 17:07:30,280 INFO  ratis.MiniRaftCluster (MiniRaftCluster.java:shutdown(704)) - ************************************************************** 
]]></system-out>
  </testcase>
  <testcase name="testBasicInstallSnapshot" classname="org.apache.ratis.server.simulation.TestRaftSnapshotWithSimulatedRpc" time="45.014"/>
</testsuite>