<?xml version="1.0" encoding="UTF-8"?>
<testsuite xmlns:xsi="http://www.w3.org/2001/XMLSchema-instance" xsi:noNamespaceSchemaLocation="https://maven.apache.org/surefire/maven-surefire-plugin/xsd/surefire-test-report.xsd" name="org.apache.ratis.netty.TestRaftReconfigurationWithNetty" time="250.927" tests="12" errors="0" skipped="0" failures="1">
  <properties>
    <property name="awt.toolkit" value="sun.awt.X11.XToolkit"/>
    <property name="file.encoding.pkg" value="sun.io"/>
    <property name="java.specification.version" value="1.8"/>
    <property name="sun.cpu.isalist" value=""/>
    <property name="sun.jnu.encoding" value="UTF-8"/>
    <property name="java.class.path" value="/workdir/ratis-test/target/test-classes:/workdir/ratis-test/target/classes:/workdir/ratis-common/target/classes:/home/user/.m2/repository/org/apache/ratis/ratis-thirdparty-misc/0.2.0/ratis-thirdparty-misc-0.2.0.jar:/workdir/ratis-proto/target/ratis-proto-0.5.0-SNAPSHOT.jar:/home/user/.m2/repository/org/slf4j/slf4j-log4j12/1.7.10/slf4j-log4j12-1.7.10.jar:/home/user/.m2/repository/log4j/log4j/1.2.17/log4j-1.2.17.jar:/workdir/ratis-common/target/test-classes:/workdir/ratis-client/target/classes:/workdir/ratis-server/target/classes:/workdir/ratis-metrics/target/classes:/home/user/.m2/repository/io/dropwizard/metrics/metrics-core/3.2.5/metrics-core-3.2.5.jar:/home/user/.m2/repository/com/github/joshelser/dropwizard-metrics-hadoop-metrics2-reporter/0.1.2/dropwizard-metrics-hadoop-metrics2-reporter-0.1.2.jar:/home/user/.m2/repository/org/apache/hadoop/hadoop-common/2.6.0/hadoop-common-2.6.0.jar:/home/user/.m2/repository/org/apache/hadoop/hadoop-annotations/2.6.0/hadoop-annotations-2.6.0.jar:/usr/lib/jvm/java-1.8-openjdk/jre/../lib/tools.jar:/home/user/.m2/repository/com/google/guava/guava/11.0.2/guava-11.0.2.jar:/home/user/.m2/repository/commons-cli/commons-cli/1.2/commons-cli-1.2.jar:/home/user/.m2/repository/org/apache/commons/commons-math3/3.1.1/commons-math3-3.1.1.jar:/home/user/.m2/repository/xmlenc/xmlenc/0.52/xmlenc-0.52.jar:/home/user/.m2/repository/commons-httpclient/commons-httpclient/3.1/commons-httpclient-3.1.jar:/home/user/.m2/repository/commons-codec/commons-codec/1.4/commons-codec-1.4.jar:/home/user/.m2/repository/commons-io/commons-io/2.4/commons-io-2.4.jar:/home/user/.m2/repository/commons-net/commons-net/3.1/commons-net-3.1.jar:/home/user/.m2/repository/commons-collections/commons-collections/3.2.1/commons-collections-3.2.1.jar:/home/user/.m2/repository/javax/servlet/servlet-api/2.5/servlet-api-2.5.jar:/home/user/.m2/repository/org/mortbay/jetty/jetty/6.1.26/jetty-6.1.26.jar:/home/user/.m2/repository/org/mortbay/jetty/jetty-util/6.1.26/jetty-util-6.1.26.jar:/home/user/.m2/repository/com/sun/jersey/jersey-core/1.9/jersey-core-1.9.jar:/home/user/.m2/repository/com/sun/jersey/jersey-json/1.9/jersey-json-1.9.jar:/home/user/.m2/repository/org/codehaus/jettison/jettison/1.1/jettison-1.1.jar:/home/user/.m2/repository/com/sun/xml/bind/jaxb-impl/2.2.3-1/jaxb-impl-2.2.3-1.jar:/home/user/.m2/repository/javax/xml/bind/jaxb-api/2.2.2/jaxb-api-2.2.2.jar:/home/user/.m2/repository/javax/xml/stream/stax-api/1.0-2/stax-api-1.0-2.jar:/home/user/.m2/repository/javax/activation/activation/1.1/activation-1.1.jar:/home/user/.m2/repository/org/codehaus/jackson/jackson-jaxrs/1.8.3/jackson-jaxrs-1.8.3.jar:/home/user/.m2/repository/org/codehaus/jackson/jackson-xc/1.8.3/jackson-xc-1.8.3.jar:/home/user/.m2/repository/com/sun/jersey/jersey-server/1.9/jersey-server-1.9.jar:/home/user/.m2/repository/asm/asm/3.1/asm-3.1.jar:/home/user/.m2/repository/tomcat/jasper-compiler/5.5.23/jasper-compiler-5.5.23.jar:/home/user/.m2/repository/tomcat/jasper-runtime/5.5.23/jasper-runtime-5.5.23.jar:/home/user/.m2/repository/javax/servlet/jsp/jsp-api/2.1/jsp-api-2.1.jar:/home/user/.m2/repository/commons-el/commons-el/1.0/commons-el-1.0.jar:/home/user/.m2/repository/commons-logging/commons-logging/1.1.3/commons-logging-1.1.3.jar:/home/user/.m2/repository/net/java/dev/jets3t/jets3t/0.9.0/jets3t-0.9.0.jar:/home/user/.m2/repository/org/apache/httpcomponents/httpclient/4.1.2/httpclient-4.1.2.jar:/home/user/.m2/repository/org/apache/httpcomponents/httpcore/4.1.2/httpcore-4.1.2.jar:/home/user/.m2/repository/com/jamesmurty/utils/java-xmlbuilder/0.4/java-xmlbuilder-0.4.jar:/home/user/.m2/repository/commons-lang/commons-lang/2.6/commons-lang-2.6.jar:/home/user/.m2/repository/commons-configuration/commons-configuration/1.6/commons-configuration-1.6.jar:/home/user/.m2/repository/commons-digester/commons-digester/1.8/commons-digester-1.8.jar:/home/user/.m2/repository/commons-beanutils/commons-beanutils/1.7.0/commons-beanutils-1.7.0.jar:/home/user/.m2/repository/commons-beanutils/commons-beanutils-core/1.8.0/commons-beanutils-core-1.8.0.jar:/home/user/.m2/repository/org/codehaus/jackson/jackson-core-asl/1.9.13/jackson-core-asl-1.9.13.jar:/home/user/.m2/repository/org/codehaus/jackson/jackson-mapper-asl/1.9.13/jackson-mapper-asl-1.9.13.jar:/home/user/.m2/repository/org/apache/avro/avro/1.7.4/avro-1.7.4.jar:/home/user/.m2/repository/com/thoughtworks/paranamer/paranamer/2.3/paranamer-2.3.jar:/home/user/.m2/repository/org/xerial/snappy/snappy-java/1.0.4.1/snappy-java-1.0.4.1.jar:/home/user/.m2/repository/com/google/protobuf/protobuf-java/2.5.0/protobuf-java-2.5.0.jar:/home/user/.m2/repository/com/google/code/gson/gson/2.2.4/gson-2.2.4.jar:/home/user/.m2/repository/org/apache/hadoop/hadoop-auth/2.6.0/hadoop-auth-2.6.0.jar:/home/user/.m2/repository/org/apache/directory/server/apacheds-kerberos-codec/2.0.0-M15/apacheds-kerberos-codec-2.0.0-M15.jar:/home/user/.m2/repository/org/apache/directory/server/apacheds-i18n/2.0.0-M15/apacheds-i18n-2.0.0-M15.jar:/home/user/.m2/repository/org/apache/directory/api/api-asn1-api/1.0.0-M20/api-asn1-api-1.0.0-M20.jar:/home/user/.m2/repository/org/apache/directory/api/api-util/1.0.0-M20/api-util-1.0.0-M20.jar:/home/user/.m2/repository/org/apache/curator/curator-framework/2.6.0/curator-framework-2.6.0.jar:/home/user/.m2/repository/com/jcraft/jsch/0.1.42/jsch-0.1.42.jar:/home/user/.m2/repository/org/apache/curator/curator-client/2.6.0/curator-client-2.6.0.jar:/home/user/.m2/repository/org/apache/curator/curator-recipes/2.6.0/curator-recipes-2.6.0.jar:/home/user/.m2/repository/com/google/code/findbugs/jsr305/1.3.9/jsr305-1.3.9.jar:/home/user/.m2/repository/org/htrace/htrace-core/3.0.4/htrace-core-3.0.4.jar:/home/user/.m2/repository/org/apache/zookeeper/zookeeper/3.4.6/zookeeper-3.4.6.jar:/home/user/.m2/repository/io/netty/netty/3.7.0.Final/netty-3.7.0.Final.jar:/home/user/.m2/repository/org/apache/commons/commons-compress/1.4.1/commons-compress-1.4.1.jar:/home/user/.m2/repository/org/tukaani/xz/1.0/xz-1.0.jar:/home/user/.m2/repository/io/dropwizard/metrics/metrics-jvm/3.2.5/metrics-jvm-3.2.5.jar:/home/user/.m2/repository/io/dropwizard/metrics/metrics-ganglia/3.2.5/metrics-ganglia-3.2.5.jar:/home/user/.m2/repository/info/ganglia/gmetric4j/gmetric4j/1.0.7/gmetric4j-1.0.7.jar:/workdir/ratis-server/target/test-classes:/workdir/ratis-netty/target/classes:/workdir/ratis-netty/target/test-classes:/workdir/ratis-grpc/target/classes:/workdir/ratis-grpc/target/test-classes:/home/user/.m2/repository/org/slf4j/slf4j-api/1.7.10/slf4j-api-1.7.10.jar:/home/user/.m2/repository/junit/junit/4.12/junit-4.12.jar:/home/user/.m2/repository/org/hamcrest/hamcrest-core/1.3/hamcrest-core-1.3.jar:/home/user/.m2/repository/org/mockito/mockito-all/1.8.5/mockito-all-1.8.5.jar:"/>
    <property name="java.vm.vendor" value="IcedTea"/>
    <property name="sun.arch.data.model" value="64"/>
    <property name="java.vendor.url" value="https://icedtea.classpath.org"/>
    <property name="user.timezone" value=""/>
    <property name="java.vm.specification.version" value="1.8"/>
    <property name="os.name" value="Linux"/>
    <property name="user.country" value="US"/>
    <property name="sun.java.launcher" value="SUN_STANDARD"/>
    <property name="sun.boot.library.path" value="/usr/lib/jvm/java-1.8-openjdk/jre/lib/amd64"/>
    <property name="sun.java.command" value="/workdir/ratis-test/target/surefire/surefirebooter7045381057070763662.jar /workdir/ratis-test/target/surefire 2019-09-24T16-02-41_483-jvmRun1 surefire6697558985921065339tmp surefire_295142052013133781054tmp"/>
    <property name="surefire.test.class.path" value="/workdir/ratis-test/target/test-classes:/workdir/ratis-test/target/classes:/workdir/ratis-common/target/classes:/home/user/.m2/repository/org/apache/ratis/ratis-thirdparty-misc/0.2.0/ratis-thirdparty-misc-0.2.0.jar:/workdir/ratis-proto/target/ratis-proto-0.5.0-SNAPSHOT.jar:/home/user/.m2/repository/org/slf4j/slf4j-log4j12/1.7.10/slf4j-log4j12-1.7.10.jar:/home/user/.m2/repository/log4j/log4j/1.2.17/log4j-1.2.17.jar:/workdir/ratis-common/target/test-classes:/workdir/ratis-client/target/classes:/workdir/ratis-server/target/classes:/workdir/ratis-metrics/target/classes:/home/user/.m2/repository/io/dropwizard/metrics/metrics-core/3.2.5/metrics-core-3.2.5.jar:/home/user/.m2/repository/com/github/joshelser/dropwizard-metrics-hadoop-metrics2-reporter/0.1.2/dropwizard-metrics-hadoop-metrics2-reporter-0.1.2.jar:/home/user/.m2/repository/org/apache/hadoop/hadoop-common/2.6.0/hadoop-common-2.6.0.jar:/home/user/.m2/repository/org/apache/hadoop/hadoop-annotations/2.6.0/hadoop-annotations-2.6.0.jar:/usr/lib/jvm/java-1.8-openjdk/jre/../lib/tools.jar:/home/user/.m2/repository/com/google/guava/guava/11.0.2/guava-11.0.2.jar:/home/user/.m2/repository/commons-cli/commons-cli/1.2/commons-cli-1.2.jar:/home/user/.m2/repository/org/apache/commons/commons-math3/3.1.1/commons-math3-3.1.1.jar:/home/user/.m2/repository/xmlenc/xmlenc/0.52/xmlenc-0.52.jar:/home/user/.m2/repository/commons-httpclient/commons-httpclient/3.1/commons-httpclient-3.1.jar:/home/user/.m2/repository/commons-codec/commons-codec/1.4/commons-codec-1.4.jar:/home/user/.m2/repository/commons-io/commons-io/2.4/commons-io-2.4.jar:/home/user/.m2/repository/commons-net/commons-net/3.1/commons-net-3.1.jar:/home/user/.m2/repository/commons-collections/commons-collections/3.2.1/commons-collections-3.2.1.jar:/home/user/.m2/repository/javax/servlet/servlet-api/2.5/servlet-api-2.5.jar:/home/user/.m2/repository/org/mortbay/jetty/jetty/6.1.26/jetty-6.1.26.jar:/home/user/.m2/repository/org/mortbay/jetty/jetty-util/6.1.26/jetty-util-6.1.26.jar:/home/user/.m2/repository/com/sun/jersey/jersey-core/1.9/jersey-core-1.9.jar:/home/user/.m2/repository/com/sun/jersey/jersey-json/1.9/jersey-json-1.9.jar:/home/user/.m2/repository/org/codehaus/jettison/jettison/1.1/jettison-1.1.jar:/home/user/.m2/repository/com/sun/xml/bind/jaxb-impl/2.2.3-1/jaxb-impl-2.2.3-1.jar:/home/user/.m2/repository/javax/xml/bind/jaxb-api/2.2.2/jaxb-api-2.2.2.jar:/home/user/.m2/repository/javax/xml/stream/stax-api/1.0-2/stax-api-1.0-2.jar:/home/user/.m2/repository/javax/activation/activation/1.1/activation-1.1.jar:/home/user/.m2/repository/org/codehaus/jackson/jackson-jaxrs/1.8.3/jackson-jaxrs-1.8.3.jar:/home/user/.m2/repository/org/codehaus/jackson/jackson-xc/1.8.3/jackson-xc-1.8.3.jar:/home/user/.m2/repository/com/sun/jersey/jersey-server/1.9/jersey-server-1.9.jar:/home/user/.m2/repository/asm/asm/3.1/asm-3.1.jar:/home/user/.m2/repository/tomcat/jasper-compiler/5.5.23/jasper-compiler-5.5.23.jar:/home/user/.m2/repository/tomcat/jasper-runtime/5.5.23/jasper-runtime-5.5.23.jar:/home/user/.m2/repository/javax/servlet/jsp/jsp-api/2.1/jsp-api-2.1.jar:/home/user/.m2/repository/commons-el/commons-el/1.0/commons-el-1.0.jar:/home/user/.m2/repository/commons-logging/commons-logging/1.1.3/commons-logging-1.1.3.jar:/home/user/.m2/repository/net/java/dev/jets3t/jets3t/0.9.0/jets3t-0.9.0.jar:/home/user/.m2/repository/org/apache/httpcomponents/httpclient/4.1.2/httpclient-4.1.2.jar:/home/user/.m2/repository/org/apache/httpcomponents/httpcore/4.1.2/httpcore-4.1.2.jar:/home/user/.m2/repository/com/jamesmurty/utils/java-xmlbuilder/0.4/java-xmlbuilder-0.4.jar:/home/user/.m2/repository/commons-lang/commons-lang/2.6/commons-lang-2.6.jar:/home/user/.m2/repository/commons-configuration/commons-configuration/1.6/commons-configuration-1.6.jar:/home/user/.m2/repository/commons-digester/commons-digester/1.8/commons-digester-1.8.jar:/home/user/.m2/repository/commons-beanutils/commons-beanutils/1.7.0/commons-beanutils-1.7.0.jar:/home/user/.m2/repository/commons-beanutils/commons-beanutils-core/1.8.0/commons-beanutils-core-1.8.0.jar:/home/user/.m2/repository/org/codehaus/jackson/jackson-core-asl/1.9.13/jackson-core-asl-1.9.13.jar:/home/user/.m2/repository/org/codehaus/jackson/jackson-mapper-asl/1.9.13/jackson-mapper-asl-1.9.13.jar:/home/user/.m2/repository/org/apache/avro/avro/1.7.4/avro-1.7.4.jar:/home/user/.m2/repository/com/thoughtworks/paranamer/paranamer/2.3/paranamer-2.3.jar:/home/user/.m2/repository/org/xerial/snappy/snappy-java/1.0.4.1/snappy-java-1.0.4.1.jar:/home/user/.m2/repository/com/google/protobuf/protobuf-java/2.5.0/protobuf-java-2.5.0.jar:/home/user/.m2/repository/com/google/code/gson/gson/2.2.4/gson-2.2.4.jar:/home/user/.m2/repository/org/apache/hadoop/hadoop-auth/2.6.0/hadoop-auth-2.6.0.jar:/home/user/.m2/repository/org/apache/directory/server/apacheds-kerberos-codec/2.0.0-M15/apacheds-kerberos-codec-2.0.0-M15.jar:/home/user/.m2/repository/org/apache/directory/server/apacheds-i18n/2.0.0-M15/apacheds-i18n-2.0.0-M15.jar:/home/user/.m2/repository/org/apache/directory/api/api-asn1-api/1.0.0-M20/api-asn1-api-1.0.0-M20.jar:/home/user/.m2/repository/org/apache/directory/api/api-util/1.0.0-M20/api-util-1.0.0-M20.jar:/home/user/.m2/repository/org/apache/curator/curator-framework/2.6.0/curator-framework-2.6.0.jar:/home/user/.m2/repository/com/jcraft/jsch/0.1.42/jsch-0.1.42.jar:/home/user/.m2/repository/org/apache/curator/curator-client/2.6.0/curator-client-2.6.0.jar:/home/user/.m2/repository/org/apache/curator/curator-recipes/2.6.0/curator-recipes-2.6.0.jar:/home/user/.m2/repository/com/google/code/findbugs/jsr305/1.3.9/jsr305-1.3.9.jar:/home/user/.m2/repository/org/htrace/htrace-core/3.0.4/htrace-core-3.0.4.jar:/home/user/.m2/repository/org/apache/zookeeper/zookeeper/3.4.6/zookeeper-3.4.6.jar:/home/user/.m2/repository/io/netty/netty/3.7.0.Final/netty-3.7.0.Final.jar:/home/user/.m2/repository/org/apache/commons/commons-compress/1.4.1/commons-compress-1.4.1.jar:/home/user/.m2/repository/org/tukaani/xz/1.0/xz-1.0.jar:/home/user/.m2/repository/io/dropwizard/metrics/metrics-jvm/3.2.5/metrics-jvm-3.2.5.jar:/home/user/.m2/repository/io/dropwizard/metrics/metrics-ganglia/3.2.5/metrics-ganglia-3.2.5.jar:/home/user/.m2/repository/info/ganglia/gmetric4j/gmetric4j/1.0.7/gmetric4j-1.0.7.jar:/workdir/ratis-server/target/test-classes:/workdir/ratis-netty/target/classes:/workdir/ratis-netty/target/test-classes:/workdir/ratis-grpc/target/classes:/workdir/ratis-grpc/target/test-classes:/home/user/.m2/repository/org/slf4j/slf4j-api/1.7.10/slf4j-api-1.7.10.jar:/home/user/.m2/repository/junit/junit/4.12/junit-4.12.jar:/home/user/.m2/repository/org/hamcrest/hamcrest-core/1.3/hamcrest-core-1.3.jar:/home/user/.m2/repository/org/mockito/mockito-all/1.8.5/mockito-all-1.8.5.jar:"/>
    <property name="sun.cpu.endian" value="little"/>
    <property name="user.home" value="/home/user"/>
    <property name="user.language" value="en"/>
    <property name="java.specification.vendor" value="Oracle Corporation"/>
    <property name="java.home" value="/usr/lib/jvm/java-1.8-openjdk/jre"/>
    <property name="basedir" value="/workdir/ratis-test"/>
    <property name="file.separator" value="/"/>
    <property name="line.separator" value="&#10;"/>
    <property name="java.vm.specification.vendor" value="Oracle Corporation"/>
    <property name="java.specification.name" value="Java Platform API Specification"/>
    <property name="java.awt.graphicsenv" value="sun.awt.X11GraphicsEnvironment"/>
    <property name="surefire.real.class.path" value="/workdir/ratis-test/target/surefire/surefirebooter7045381057070763662.jar"/>
    <property name="sun.boot.class.path" value="/usr/lib/jvm/java-1.8-openjdk/jre/lib/resources.jar:/usr/lib/jvm/java-1.8-openjdk/jre/lib/rt.jar:/usr/lib/jvm/java-1.8-openjdk/jre/lib/sunrsasign.jar:/usr/lib/jvm/java-1.8-openjdk/jre/lib/jsse.jar:/usr/lib/jvm/java-1.8-openjdk/jre/lib/jce.jar:/usr/lib/jvm/java-1.8-openjdk/jre/lib/charsets.jar:/usr/lib/jvm/java-1.8-openjdk/jre/lib/jfr.jar:/usr/lib/jvm/java-1.8-openjdk/jre/classes"/>
    <property name="sun.management.compiler" value="HotSpot 64-Bit Tiered Compilers"/>
    <property name="java.runtime.version" value="1.8.0_212-b04"/>
    <property name="java.net.preferIPv4Stack" value="true"/>
    <property name="user.name" value="jenkins1000"/>
    <property name="path.separator" value=":"/>
    <property name="os.version" value="3.10.0-957.12.2.el7.x86_64"/>
    <property name="java.endorsed.dirs" value="/usr/lib/jvm/java-1.8-openjdk/jre/lib/endorsed"/>
    <property name="java.runtime.name" value="OpenJDK Runtime Environment"/>
    <property name="file.encoding" value="UTF-8"/>
    <property name="java.vm.name" value="OpenJDK 64-Bit Server VM"/>
    <property name="localRepository" value="/home/user/.m2/repository"/>
    <property name="java.vendor.url.bug" value="https://icedtea.classpath.org/bugzilla"/>
    <property name="java.io.tmpdir" value="/tmp"/>
    <property name="java.version" value="1.8.0_212"/>
    <property name="user.dir" value="/workdir/ratis-test"/>
    <property name="os.arch" value="amd64"/>
    <property name="ratis.tmp.dir" value="/workdir/ratis-test/target/tmp"/>
    <property name="java.vm.specification.name" value="Java Virtual Machine Specification"/>
    <property name="java.awt.printerjob" value="sun.print.PSPrinterJob"/>
    <property name="ratis.log.dir" value="/workdir/ratis-test/target/log"/>
    <property name="sun.os.patch.level" value="unknown"/>
    <property name="java.library.path" value="/usr/lib/jvm/java-1.8-openjdk/jre/lib/amd64/server:/usr/lib/jvm/java-1.8-openjdk/jre/lib/amd64:/usr/lib/jvm/java-1.8-openjdk/jre/../lib/amd64:/usr/java/packages/lib/amd64:/usr/lib64:/lib64:/lib:/usr/lib"/>
    <property name="java.vm.info" value="mixed mode"/>
    <property name="java.vendor" value="IcedTea"/>
    <property name="java.vm.version" value="25.212-b04"/>
    <property name="java.ext.dirs" value="/usr/lib/jvm/java-1.8-openjdk/jre/lib/ext:/usr/java/packages/lib/ext"/>
    <property name="sun.io.unicode.encoding" value="UnicodeLittle"/>
    <property name="java.class.version" value="52.0"/>
  </properties>
  <testcase name="testNoChangeRequest" classname="org.apache.ratis.netty.TestRaftReconfigurationWithNetty" time="48.369"/>
  <testcase name="testRemovePeers" classname="org.apache.ratis.netty.TestRaftReconfigurationWithNetty" time="2.16"/>
  <testcase name="testAddRemovePeers" classname="org.apache.ratis.netty.TestRaftReconfigurationWithNetty" time="2.242"/>
  <testcase name="testRevertConfigurationChange" classname="org.apache.ratis.netty.TestRaftReconfigurationWithNetty" time="3.243"/>
  <testcase name="testBootstrapReconf" classname="org.apache.ratis.netty.TestRaftReconfigurationWithNetty" time="6.376"/>
  <testcase name="testAddPeers" classname="org.apache.ratis.netty.TestRaftReconfigurationWithNetty" time="43.978"/>
  <testcase name="testLeaderStepDown" classname="org.apache.ratis.netty.TestRaftReconfigurationWithNetty" time="55.682">
    <failure type="java.lang.AssertionError">java.lang.AssertionError
</failure>
    <system-out><![CDATA[2019-09-24 16:33:16,461 INFO  util.LogUtils (LogUtils.java:setLogLevel(41)) - Set org.apache.ratis.conf.ConfUtils log level to WARN
2019-09-24 16:33:16,461 INFO  util.LogUtils (LogUtils.java:setLogLevel(41)) - Set org.apache.ratis.util.FileUtils log level to TRACE
2019-09-24 16:33:16,464 INFO  ratis.MiniRaftCluster (MiniRaftCluster.java:runWithNewCluster(119)) - Running runWithNewCluster
2019-09-24 16:33:16,465 INFO  ratis.MiniRaftCluster (MiniRaftCluster.java:<init>(253)) - new MiniRaftClusterWithNetty with group-A4401D2D6DDD:[s3:0.0.0.0:36312, s4:0.0.0.0:37443, s0:0.0.0.0:41765, s1:0.0.0.0:36446, s2:0.0.0.0:41779]
2019-09-24 16:33:16,466 INFO  ratis.MiniRaftCluster (MiniRaftCluster.java:start(287)) - .............................................................. 
2019-09-24 16:33:16,466 INFO  ratis.MiniRaftCluster (MiniRaftCluster.java:start(288)) - ... 
2019-09-24 16:33:16,466 INFO  ratis.MiniRaftCluster (MiniRaftCluster.java:start(289)) - ...     Starting MiniRaftClusterWithNetty
2019-09-24 16:33:16,466 INFO  ratis.MiniRaftCluster (MiniRaftCluster.java:start(290)) - ... 
2019-09-24 16:33:16,466 INFO  ratis.MiniRaftCluster (MiniRaftCluster.java:start(291)) - .............................................................. 
2019-09-24 16:33:16,466 INFO  ratis.MiniRaftCluster (MiniRaftCluster.java:initServers(265)) - servers = {}
2019-09-24 16:33:16,467 INFO  ratis.MiniRaftCluster (MiniRaftCluster.java:newRaftServer(330)) - newRaftServer: s3, group-A4401D2D6DDD:[s3:0.0.0.0:36312, s4:0.0.0.0:37443, s0:0.0.0.0:41765, s1:0.0.0.0:36446, s2:0.0.0.0:41779], format? true
2019-09-24 16:33:16,467 TRACE util.FileUtils (FileUtils.java:deleteFully(88)) - deleteFully target/test/data/b23bc953/MiniRaftClusterWithNetty1aa84620/s3
2019-09-24 16:33:16,468 TRACE util.FileUtils (FileUtils.java:deleteFully(104)) - deleteFully: target/test/data/b23bc953/MiniRaftClusterWithNetty1aa84620/s3 does not exist.
2019-09-24 16:33:16,468 INFO  ratis.MiniRaftCluster (MiniRaftCluster.java:newRaftServer(335)) - Formatted directory target/test/data/b23bc953/MiniRaftClusterWithNetty1aa84620/s3
2019-09-24 16:33:16,468 INFO  impl.RaftServerProxy (ConfUtils.java:logGet(43)) - raft.rpc.type = NETTY (custom)
2019-09-24 16:33:16,471 INFO  netty.NettyConfigKeys$Server (ConfUtils.java:logGet(43)) - raft.netty.server.port = 36312 (custom)
2019-09-24 16:33:16,473 INFO  server.RaftServerConfigKeys (ConfUtils.java:logGet(43)) - raft.server.storage.dir = [/workdir/ratis-test/target/test/data/b23bc953/MiniRaftClusterWithNetty1aa84620/s3] (custom)
2019-09-24 16:33:16,473 INFO  logging.LoggingHandler (AbstractInternalLogger.java:log(150)) - [id: 0x46371257] REGISTERED
2019-09-24 16:33:16,473 INFO  logging.LoggingHandler (AbstractInternalLogger.java:log(150)) - [id: 0x46371257] BIND: 0.0.0.0/0.0.0.0:36312
2019-09-24 16:33:16,473 INFO  impl.RaftServerProxy (RaftServerProxy.java:addNew(89)) - s3: addNew group-A4401D2D6DDD:[s3:0.0.0.0:36312, s4:0.0.0.0:37443, s0:0.0.0.0:41765, s1:0.0.0.0:36446, s2:0.0.0.0:41779] returns group-A4401D2D6DDD:java.util.concurrent.CompletableFuture@1ecb5e40[Not completed]
2019-09-24 16:33:16,474 INFO  logging.LoggingHandler (AbstractInternalLogger.java:log(150)) - [id: 0x46371257, L:/0.0.0.0:36312] ACTIVE
2019-09-24 16:33:16,475 INFO  impl.RaftServerImpl (RaftServerImpl.java:<init>(95)) - s3: new RaftServerImpl for group-A4401D2D6DDD:[s3:0.0.0.0:36312, s4:0.0.0.0:37443, s0:0.0.0.0:41765, s1:0.0.0.0:36446, s2:0.0.0.0:41779] with BaseStateMachine:uninitialized
2019-09-24 16:33:16,476 INFO  ratis.MiniRaftCluster (MiniRaftCluster.java:newRaftServer(330)) - newRaftServer: s4, group-A4401D2D6DDD:[s3:0.0.0.0:36312, s4:0.0.0.0:37443, s0:0.0.0.0:41765, s1:0.0.0.0:36446, s2:0.0.0.0:41779], format? true
2019-09-24 16:33:16,476 INFO  server.RaftServerConfigKeys (ConfUtils.java:logGet(43)) - raft.server.rpc.timeout.min = 150ms (default)
2019-09-24 16:33:16,476 TRACE util.FileUtils (FileUtils.java:deleteFully(88)) - deleteFully target/test/data/b23bc953/MiniRaftClusterWithNetty1aa84620/s4
2019-09-24 16:33:16,476 INFO  server.RaftServerConfigKeys (ConfUtils.java:logGet(43)) - raft.server.rpc.timeout.max = 300ms (default)
2019-09-24 16:33:16,476 TRACE util.FileUtils (FileUtils.java:deleteFully(104)) - deleteFully: target/test/data/b23bc953/MiniRaftClusterWithNetty1aa84620/s4 does not exist.
2019-09-24 16:33:16,477 INFO  server.RaftServerConfigKeys (ConfUtils.java:logGet(43)) - raft.server.rpcslowness.timeout = 60s (default)
2019-09-24 16:33:16,477 INFO  ratis.MiniRaftCluster (MiniRaftCluster.java:newRaftServer(335)) - Formatted directory target/test/data/b23bc953/MiniRaftClusterWithNetty1aa84620/s4
2019-09-24 16:33:16,477 INFO  server.RaftServerConfigKeys (ConfUtils.java:logGet(43)) - raft.server.sleep.deviation.threshold = 300 (default)
2019-09-24 16:33:16,477 INFO  server.RaftServerConfigKeys (ConfUtils.java:logGet(43)) - raft.server.log.appender.install.snapshot.enabled = true (default)
2019-09-24 16:33:16,477 INFO  impl.RaftServerProxy (ConfUtils.java:logGet(43)) - raft.rpc.type = NETTY (custom)
2019-09-24 16:33:16,478 INFO  impl.RaftServerImpl (ServerState.java:<init>(103)) - s3@group-A4401D2D6DDD: ConfigurationManager, init=-1: [s3:0.0.0.0:36312, s4:0.0.0.0:37443, s0:0.0.0.0:41765, s1:0.0.0.0:36446, s2:0.0.0.0:41779], old=null, confs=<EMPTY_MAP>
2019-09-24 16:33:16,478 INFO  server.RaftServerConfigKeys (ConfUtils.java:logGet(43)) - raft.server.storage.dir = [/workdir/ratis-test/target/test/data/b23bc953/MiniRaftClusterWithNetty1aa84620/s3] (custom)
2019-09-24 16:33:16,479 INFO  server.RaftServerConfigKeys (ConfUtils.java:logGet(43)) - raft.server.log.corruption.policy = EXCEPTION (default)
2019-09-24 16:33:16,479 INFO  storage.RaftStorageDirectory (RaftStorageDirectory.java:analyzeStorage(246)) - The storage directory /workdir/ratis-test/target/test/data/b23bc953/MiniRaftClusterWithNetty1aa84620/s3/51b52485-7820-40b7-a373-a4401d2d6ddd does not exist. Creating ...
2019-09-24 16:33:16,479 INFO  netty.NettyConfigKeys$Server (ConfUtils.java:logGet(43)) - raft.netty.server.port = 37443 (custom)
2019-09-24 16:33:16,480 INFO  server.RaftServerConfigKeys (ConfUtils.java:logGet(43)) - raft.server.storage.dir = [/workdir/ratis-test/target/test/data/b23bc953/MiniRaftClusterWithNetty1aa84620/s4] (custom)
2019-09-24 16:33:16,481 INFO  logging.LoggingHandler (AbstractInternalLogger.java:log(150)) - [id: 0x26491fce] REGISTERED
2019-09-24 16:33:16,481 INFO  impl.RaftServerProxy (RaftServerProxy.java:addNew(89)) - s4: addNew group-A4401D2D6DDD:[s3:0.0.0.0:36312, s4:0.0.0.0:37443, s0:0.0.0.0:41765, s1:0.0.0.0:36446, s2:0.0.0.0:41779] returns group-A4401D2D6DDD:java.util.concurrent.CompletableFuture@49323769[Not completed]
2019-09-24 16:33:16,481 INFO  logging.LoggingHandler (AbstractInternalLogger.java:log(150)) - [id: 0x26491fce] BIND: 0.0.0.0/0.0.0.0:37443
2019-09-24 16:33:16,482 INFO  logging.LoggingHandler (AbstractInternalLogger.java:log(150)) - [id: 0x26491fce, L:/0.0.0.0:37443] ACTIVE
2019-09-24 16:33:16,482 INFO  impl.RaftServerImpl (RaftServerImpl.java:<init>(95)) - s4: new RaftServerImpl for group-A4401D2D6DDD:[s3:0.0.0.0:36312, s4:0.0.0.0:37443, s0:0.0.0.0:41765, s1:0.0.0.0:36446, s2:0.0.0.0:41779] with BaseStateMachine:uninitialized
2019-09-24 16:33:16,482 INFO  ratis.MiniRaftCluster (MiniRaftCluster.java:newRaftServer(330)) - newRaftServer: s0, group-A4401D2D6DDD:[s3:0.0.0.0:36312, s4:0.0.0.0:37443, s0:0.0.0.0:41765, s1:0.0.0.0:36446, s2:0.0.0.0:41779], format? true
2019-09-24 16:33:16,483 INFO  server.RaftServerConfigKeys (ConfUtils.java:logGet(43)) - raft.server.rpc.timeout.min = 150ms (default)
2019-09-24 16:33:16,483 TRACE util.FileUtils (FileUtils.java:deleteFully(88)) - deleteFully target/test/data/b23bc953/MiniRaftClusterWithNetty1aa84620/s0
2019-09-24 16:33:16,483 INFO  server.RaftServerConfigKeys (ConfUtils.java:logGet(43)) - raft.server.rpc.timeout.max = 300ms (default)
2019-09-24 16:33:16,484 TRACE util.FileUtils (FileUtils.java:deleteFully(104)) - deleteFully: target/test/data/b23bc953/MiniRaftClusterWithNetty1aa84620/s0 does not exist.
2019-09-24 16:33:16,484 INFO  ratis.MiniRaftCluster (MiniRaftCluster.java:newRaftServer(335)) - Formatted directory target/test/data/b23bc953/MiniRaftClusterWithNetty1aa84620/s0
2019-09-24 16:33:16,484 INFO  server.RaftServerConfigKeys (ConfUtils.java:logGet(43)) - raft.server.rpcslowness.timeout = 60s (default)
2019-09-24 16:33:16,484 INFO  server.RaftServerConfigKeys (ConfUtils.java:logGet(43)) - raft.server.sleep.deviation.threshold = 300 (default)
2019-09-24 16:33:16,484 INFO  impl.RaftServerProxy (ConfUtils.java:logGet(43)) - raft.rpc.type = NETTY (custom)
2019-09-24 16:33:16,484 INFO  server.RaftServerConfigKeys (ConfUtils.java:logGet(43)) - raft.server.log.appender.install.snapshot.enabled = true (default)
2019-09-24 16:33:16,485 INFO  impl.RaftServerImpl (ServerState.java:<init>(103)) - s4@group-A4401D2D6DDD: ConfigurationManager, init=-1: [s3:0.0.0.0:36312, s4:0.0.0.0:37443, s0:0.0.0.0:41765, s1:0.0.0.0:36446, s2:0.0.0.0:41779], old=null, confs=<EMPTY_MAP>
2019-09-24 16:33:16,485 INFO  server.RaftServerConfigKeys (ConfUtils.java:logGet(43)) - raft.server.storage.dir = [/workdir/ratis-test/target/test/data/b23bc953/MiniRaftClusterWithNetty1aa84620/s4] (custom)
2019-09-24 16:33:16,486 INFO  server.RaftServerConfigKeys (ConfUtils.java:logGet(43)) - raft.server.log.corruption.policy = EXCEPTION (default)
2019-09-24 16:33:16,486 INFO  storage.RaftStorageDirectory (RaftStorageDirectory.java:analyzeStorage(246)) - The storage directory /workdir/ratis-test/target/test/data/b23bc953/MiniRaftClusterWithNetty1aa84620/s4/51b52485-7820-40b7-a373-a4401d2d6ddd does not exist. Creating ...
2019-09-24 16:33:16,486 INFO  netty.NettyConfigKeys$Server (ConfUtils.java:logGet(43)) - raft.netty.server.port = 41765 (custom)
2019-09-24 16:33:16,487 INFO  server.RaftServerConfigKeys (ConfUtils.java:logGet(43)) - raft.server.storage.dir = [/workdir/ratis-test/target/test/data/b23bc953/MiniRaftClusterWithNetty1aa84620/s0] (custom)
2019-09-24 16:33:16,487 INFO  logging.LoggingHandler (AbstractInternalLogger.java:log(150)) - [id: 0xcd11cf86] REGISTERED
2019-09-24 16:33:16,488 INFO  logging.LoggingHandler (AbstractInternalLogger.java:log(150)) - [id: 0xcd11cf86] BIND: 0.0.0.0/0.0.0.0:41765
2019-09-24 16:33:16,488 INFO  impl.RaftServerProxy (RaftServerProxy.java:addNew(89)) - s0: addNew group-A4401D2D6DDD:[s3:0.0.0.0:36312, s4:0.0.0.0:37443, s0:0.0.0.0:41765, s1:0.0.0.0:36446, s2:0.0.0.0:41779] returns group-A4401D2D6DDD:java.util.concurrent.CompletableFuture@74f9f162[Not completed]
2019-09-24 16:33:16,488 INFO  logging.LoggingHandler (AbstractInternalLogger.java:log(150)) - [id: 0xcd11cf86, L:/0.0.0.0:41765] ACTIVE
2019-09-24 16:33:16,489 INFO  impl.RaftServerImpl (RaftServerImpl.java:<init>(95)) - s0: new RaftServerImpl for group-A4401D2D6DDD:[s3:0.0.0.0:36312, s4:0.0.0.0:37443, s0:0.0.0.0:41765, s1:0.0.0.0:36446, s2:0.0.0.0:41779] with BaseStateMachine:uninitialized
2019-09-24 16:33:16,489 INFO  ratis.MiniRaftCluster (MiniRaftCluster.java:newRaftServer(330)) - newRaftServer: s1, group-A4401D2D6DDD:[s3:0.0.0.0:36312, s4:0.0.0.0:37443, s0:0.0.0.0:41765, s1:0.0.0.0:36446, s2:0.0.0.0:41779], format? true
2019-09-24 16:33:16,490 INFO  server.RaftServerConfigKeys (ConfUtils.java:logGet(43)) - raft.server.rpc.timeout.min = 150ms (default)
2019-09-24 16:33:16,490 TRACE util.FileUtils (FileUtils.java:deleteFully(88)) - deleteFully target/test/data/b23bc953/MiniRaftClusterWithNetty1aa84620/s1
2019-09-24 16:33:16,490 INFO  server.RaftServerConfigKeys (ConfUtils.java:logGet(43)) - raft.server.rpc.timeout.max = 300ms (default)
2019-09-24 16:33:16,490 TRACE util.FileUtils (FileUtils.java:deleteFully(104)) - deleteFully: target/test/data/b23bc953/MiniRaftClusterWithNetty1aa84620/s1 does not exist.
2019-09-24 16:33:16,491 INFO  ratis.MiniRaftCluster (MiniRaftCluster.java:newRaftServer(335)) - Formatted directory target/test/data/b23bc953/MiniRaftClusterWithNetty1aa84620/s1
2019-09-24 16:33:16,490 INFO  server.RaftServerConfigKeys (ConfUtils.java:logGet(43)) - raft.server.rpcslowness.timeout = 60s (default)
2019-09-24 16:33:16,491 INFO  server.RaftServerConfigKeys (ConfUtils.java:logGet(43)) - raft.server.sleep.deviation.threshold = 300 (default)
2019-09-24 16:33:16,491 INFO  impl.RaftServerProxy (ConfUtils.java:logGet(43)) - raft.rpc.type = NETTY (custom)
2019-09-24 16:33:16,491 INFO  server.RaftServerConfigKeys (ConfUtils.java:logGet(43)) - raft.server.log.appender.install.snapshot.enabled = true (default)
2019-09-24 16:33:16,492 INFO  impl.RaftServerImpl (ServerState.java:<init>(103)) - s0@group-A4401D2D6DDD: ConfigurationManager, init=-1: [s3:0.0.0.0:36312, s4:0.0.0.0:37443, s0:0.0.0.0:41765, s1:0.0.0.0:36446, s2:0.0.0.0:41779], old=null, confs=<EMPTY_MAP>
2019-09-24 16:33:16,492 INFO  server.RaftServerConfigKeys (ConfUtils.java:logGet(43)) - raft.server.storage.dir = [/workdir/ratis-test/target/test/data/b23bc953/MiniRaftClusterWithNetty1aa84620/s0] (custom)
2019-09-24 16:33:16,492 INFO  server.RaftServerConfigKeys (ConfUtils.java:logGet(43)) - raft.server.log.corruption.policy = EXCEPTION (default)
2019-09-24 16:33:16,492 INFO  storage.RaftStorageDirectory (RaftStorageDirectory.java:analyzeStorage(246)) - The storage directory /workdir/ratis-test/target/test/data/b23bc953/MiniRaftClusterWithNetty1aa84620/s0/51b52485-7820-40b7-a373-a4401d2d6ddd does not exist. Creating ...
2019-09-24 16:33:16,493 INFO  netty.NettyConfigKeys$Server (ConfUtils.java:logGet(43)) - raft.netty.server.port = 36446 (custom)
2019-09-24 16:33:16,494 INFO  server.RaftServerConfigKeys (ConfUtils.java:logGet(43)) - raft.server.storage.dir = [/workdir/ratis-test/target/test/data/b23bc953/MiniRaftClusterWithNetty1aa84620/s1] (custom)
2019-09-24 16:33:16,494 INFO  logging.LoggingHandler (AbstractInternalLogger.java:log(150)) - [id: 0x9b511a0f] REGISTERED
2019-09-24 16:33:16,494 INFO  logging.LoggingHandler (AbstractInternalLogger.java:log(150)) - [id: 0x9b511a0f] BIND: 0.0.0.0/0.0.0.0:36446
2019-09-24 16:33:16,494 INFO  impl.RaftServerProxy (RaftServerProxy.java:addNew(89)) - s1: addNew group-A4401D2D6DDD:[s3:0.0.0.0:36312, s4:0.0.0.0:37443, s0:0.0.0.0:41765, s1:0.0.0.0:36446, s2:0.0.0.0:41779] returns group-A4401D2D6DDD:java.util.concurrent.CompletableFuture@51246114[Not completed]
2019-09-24 16:33:16,495 INFO  logging.LoggingHandler (AbstractInternalLogger.java:log(150)) - [id: 0x9b511a0f, L:/0.0.0.0:36446] ACTIVE
2019-09-24 16:33:16,495 INFO  ratis.MiniRaftCluster (MiniRaftCluster.java:newRaftServer(330)) - newRaftServer: s2, group-A4401D2D6DDD:[s3:0.0.0.0:36312, s4:0.0.0.0:37443, s0:0.0.0.0:41765, s1:0.0.0.0:36446, s2:0.0.0.0:41779], format? true
2019-09-24 16:33:16,495 INFO  impl.RaftServerImpl (RaftServerImpl.java:<init>(95)) - s1: new RaftServerImpl for group-A4401D2D6DDD:[s3:0.0.0.0:36312, s4:0.0.0.0:37443, s0:0.0.0.0:41765, s1:0.0.0.0:36446, s2:0.0.0.0:41779] with BaseStateMachine:uninitialized
2019-09-24 16:33:16,496 TRACE util.FileUtils (FileUtils.java:deleteFully(88)) - deleteFully target/test/data/b23bc953/MiniRaftClusterWithNetty1aa84620/s2
2019-09-24 16:33:16,496 INFO  server.RaftServerConfigKeys (ConfUtils.java:logGet(43)) - raft.server.rpc.timeout.min = 150ms (default)
2019-09-24 16:33:16,497 TRACE util.FileUtils (FileUtils.java:deleteFully(104)) - deleteFully: target/test/data/b23bc953/MiniRaftClusterWithNetty1aa84620/s2 does not exist.
2019-09-24 16:33:16,497 INFO  server.RaftServerConfigKeys (ConfUtils.java:logGet(43)) - raft.server.rpc.timeout.max = 300ms (default)
2019-09-24 16:33:16,497 INFO  ratis.MiniRaftCluster (MiniRaftCluster.java:newRaftServer(335)) - Formatted directory target/test/data/b23bc953/MiniRaftClusterWithNetty1aa84620/s2
2019-09-24 16:33:16,497 INFO  server.RaftServerConfigKeys (ConfUtils.java:logGet(43)) - raft.server.rpcslowness.timeout = 60s (default)
2019-09-24 16:33:16,497 INFO  server.RaftServerConfigKeys (ConfUtils.java:logGet(43)) - raft.server.sleep.deviation.threshold = 300 (default)
2019-09-24 16:33:16,497 INFO  impl.RaftServerProxy (ConfUtils.java:logGet(43)) - raft.rpc.type = NETTY (custom)
2019-09-24 16:33:16,498 INFO  server.RaftServerConfigKeys (ConfUtils.java:logGet(43)) - raft.server.log.appender.install.snapshot.enabled = true (default)
2019-09-24 16:33:16,498 INFO  impl.RaftServerImpl (ServerState.java:<init>(103)) - s1@group-A4401D2D6DDD: ConfigurationManager, init=-1: [s3:0.0.0.0:36312, s4:0.0.0.0:37443, s0:0.0.0.0:41765, s1:0.0.0.0:36446, s2:0.0.0.0:41779], old=null, confs=<EMPTY_MAP>
2019-09-24 16:33:16,498 INFO  server.RaftServerConfigKeys (ConfUtils.java:logGet(43)) - raft.server.storage.dir = [/workdir/ratis-test/target/test/data/b23bc953/MiniRaftClusterWithNetty1aa84620/s1] (custom)
2019-09-24 16:33:16,499 INFO  server.RaftServerConfigKeys (ConfUtils.java:logGet(43)) - raft.server.log.corruption.policy = EXCEPTION (default)
2019-09-24 16:33:16,499 INFO  storage.RaftStorageDirectory (RaftStorageDirectory.java:analyzeStorage(246)) - The storage directory /workdir/ratis-test/target/test/data/b23bc953/MiniRaftClusterWithNetty1aa84620/s1/51b52485-7820-40b7-a373-a4401d2d6ddd does not exist. Creating ...
2019-09-24 16:33:16,499 INFO  netty.NettyConfigKeys$Server (ConfUtils.java:logGet(43)) - raft.netty.server.port = 41779 (custom)
2019-09-24 16:33:16,500 INFO  server.RaftServerConfigKeys (ConfUtils.java:logGet(43)) - raft.server.storage.dir = [/workdir/ratis-test/target/test/data/b23bc953/MiniRaftClusterWithNetty1aa84620/s2] (custom)
2019-09-24 16:33:16,500 INFO  logging.LoggingHandler (AbstractInternalLogger.java:log(150)) - [id: 0x53d6449d] REGISTERED
2019-09-24 16:33:16,501 INFO  impl.RaftServerProxy (RaftServerProxy.java:addNew(89)) - s2: addNew group-A4401D2D6DDD:[s3:0.0.0.0:36312, s4:0.0.0.0:37443, s0:0.0.0.0:41765, s1:0.0.0.0:36446, s2:0.0.0.0:41779] returns group-A4401D2D6DDD:java.util.concurrent.CompletableFuture@2a462940[Not completed]
2019-09-24 16:33:16,501 INFO  logging.LoggingHandler (AbstractInternalLogger.java:log(150)) - [id: 0x53d6449d] BIND: 0.0.0.0/0.0.0.0:41779
2019-09-24 16:33:16,501 INFO  logging.LoggingHandler (AbstractInternalLogger.java:log(150)) - [id: 0x53d6449d, L:/0.0.0.0:41779] ACTIVE
2019-09-24 16:33:16,502 INFO  impl.RaftServerImpl (RaftServerImpl.java:<init>(95)) - s2: new RaftServerImpl for group-A4401D2D6DDD:[s3:0.0.0.0:36312, s4:0.0.0.0:37443, s0:0.0.0.0:41765, s1:0.0.0.0:36446, s2:0.0.0.0:41779] with BaseStateMachine:uninitialized
2019-09-24 16:33:16,502 INFO  server.RaftServerConfigKeys (ConfUtils.java:logGet(43)) - raft.server.rpc.timeout.min = 150ms (default)
2019-09-24 16:33:16,503 INFO  server.RaftServerConfigKeys (ConfUtils.java:logGet(43)) - raft.server.rpc.timeout.max = 300ms (default)
2019-09-24 16:33:16,503 INFO  server.RaftServerConfigKeys (ConfUtils.java:logGet(43)) - raft.server.rpcslowness.timeout = 60s (default)
2019-09-24 16:33:16,503 INFO  server.RaftServerConfigKeys (ConfUtils.java:logGet(43)) - raft.server.sleep.deviation.threshold = 300 (default)
2019-09-24 16:33:16,503 INFO  server.RaftServerConfigKeys (ConfUtils.java:logGet(43)) - raft.server.log.appender.install.snapshot.enabled = true (default)
2019-09-24 16:33:16,503 INFO  impl.RaftServerImpl (ServerState.java:<init>(103)) - s2@group-A4401D2D6DDD: ConfigurationManager, init=-1: [s3:0.0.0.0:36312, s4:0.0.0.0:37443, s0:0.0.0.0:41765, s1:0.0.0.0:36446, s2:0.0.0.0:41779], old=null, confs=<EMPTY_MAP>
2019-09-24 16:33:16,503 INFO  server.RaftServerConfigKeys (ConfUtils.java:logGet(43)) - raft.server.storage.dir = [/workdir/ratis-test/target/test/data/b23bc953/MiniRaftClusterWithNetty1aa84620/s2] (custom)
2019-09-24 16:33:16,504 INFO  server.RaftServerConfigKeys (ConfUtils.java:logGet(43)) - raft.server.log.corruption.policy = EXCEPTION (default)
2019-09-24 16:33:16,504 INFO  storage.RaftStorageDirectory (RaftStorageDirectory.java:analyzeStorage(246)) - The storage directory /workdir/ratis-test/target/test/data/b23bc953/MiniRaftClusterWithNetty1aa84620/s2/51b52485-7820-40b7-a373-a4401d2d6ddd does not exist. Creating ...
2019-09-24 16:33:16,952 TRACE util.FileUtils (LogUtils.java:runAndLog(61)) - Successfully ran Files.createDirectories /workdir/ratis-test/target/test/data/b23bc953/MiniRaftClusterWithNetty1aa84620/s3/51b52485-7820-40b7-a373-a4401d2d6ddd
2019-09-24 16:33:16,952 TRACE util.FileUtils (LogUtils.java:runAndLog(61)) - Successfully ran Files.createDirectories /workdir/ratis-test/target/test/data/b23bc953/MiniRaftClusterWithNetty1aa84620/s4/51b52485-7820-40b7-a373-a4401d2d6ddd
2019-09-24 16:33:16,952 TRACE util.FileUtils (LogUtils.java:runAndLog(61)) - Successfully ran Files.createDirectories /workdir/ratis-test/target/test/data/b23bc953/MiniRaftClusterWithNetty1aa84620/s1/51b52485-7820-40b7-a373-a4401d2d6ddd
2019-09-24 16:33:16,952 TRACE util.FileUtils (LogUtils.java:runAndLog(61)) - Successfully ran Files.createDirectories /workdir/ratis-test/target/test/data/b23bc953/MiniRaftClusterWithNetty1aa84620/s0/51b52485-7820-40b7-a373-a4401d2d6ddd
2019-09-24 16:33:16,952 TRACE util.FileUtils (LogUtils.java:runAndLog(61)) - Successfully ran Files.createDirectories /workdir/ratis-test/target/test/data/b23bc953/MiniRaftClusterWithNetty1aa84620/s2/51b52485-7820-40b7-a373-a4401d2d6ddd
2019-09-24 16:33:22,103 INFO  storage.RaftStorageDirectory (RaftStorageDirectory.java:tryLock(328)) - Lock on /workdir/ratis-test/target/test/data/b23bc953/MiniRaftClusterWithNetty1aa84620/s3/51b52485-7820-40b7-a373-a4401d2d6ddd/in_use.lock acquired by nodename 5947@ratis-test-vphbd-3564017154
2019-09-24 16:33:22,103 INFO  storage.RaftStorageDirectory (RaftStorageDirectory.java:tryLock(328)) - Lock on /workdir/ratis-test/target/test/data/b23bc953/MiniRaftClusterWithNetty1aa84620/s1/51b52485-7820-40b7-a373-a4401d2d6ddd/in_use.lock acquired by nodename 5947@ratis-test-vphbd-3564017154
2019-09-24 16:33:22,103 INFO  storage.RaftStorageDirectory (RaftStorageDirectory.java:tryLock(328)) - Lock on /workdir/ratis-test/target/test/data/b23bc953/MiniRaftClusterWithNetty1aa84620/s0/51b52485-7820-40b7-a373-a4401d2d6ddd/in_use.lock acquired by nodename 5947@ratis-test-vphbd-3564017154
2019-09-24 16:33:22,104 TRACE util.FileUtils (LogUtils.java:runAndLog(61)) - Successfully ran Files.createDirectories /workdir/ratis-test/target/test/data/b23bc953/MiniRaftClusterWithNetty1aa84620/s3/51b52485-7820-40b7-a373-a4401d2d6ddd/current
2019-09-24 16:33:22,103 INFO  storage.RaftStorageDirectory (RaftStorageDirectory.java:tryLock(328)) - Lock on /workdir/ratis-test/target/test/data/b23bc953/MiniRaftClusterWithNetty1aa84620/s2/51b52485-7820-40b7-a373-a4401d2d6ddd/in_use.lock acquired by nodename 5947@ratis-test-vphbd-3564017154
2019-09-24 16:33:22,104 TRACE util.FileUtils (LogUtils.java:runAndLog(61)) - Successfully ran Files.createDirectories /workdir/ratis-test/target/test/data/b23bc953/MiniRaftClusterWithNetty1aa84620/s3/51b52485-7820-40b7-a373-a4401d2d6ddd/sm
2019-09-24 16:33:22,103 INFO  storage.RaftStorageDirectory (RaftStorageDirectory.java:tryLock(328)) - Lock on /workdir/ratis-test/target/test/data/b23bc953/MiniRaftClusterWithNetty1aa84620/s4/51b52485-7820-40b7-a373-a4401d2d6ddd/in_use.lock acquired by nodename 5947@ratis-test-vphbd-3564017154
2019-09-24 16:33:22,105 TRACE util.FileUtils (LogUtils.java:runAndLog(61)) - Successfully ran Files.createDirectories /workdir/ratis-test/target/test/data/b23bc953/MiniRaftClusterWithNetty1aa84620/s2/51b52485-7820-40b7-a373-a4401d2d6ddd/current
2019-09-24 16:33:22,104 TRACE util.FileUtils (LogUtils.java:runAndLog(61)) - Successfully ran Files.createDirectories /workdir/ratis-test/target/test/data/b23bc953/MiniRaftClusterWithNetty1aa84620/s0/51b52485-7820-40b7-a373-a4401d2d6ddd/current
2019-09-24 16:33:22,104 TRACE util.FileUtils (LogUtils.java:runAndLog(61)) - Successfully ran Files.createDirectories /workdir/ratis-test/target/test/data/b23bc953/MiniRaftClusterWithNetty1aa84620/s1/51b52485-7820-40b7-a373-a4401d2d6ddd/current
2019-09-24 16:33:22,105 TRACE util.FileUtils (LogUtils.java:runAndLog(61)) - Successfully ran Files.createDirectories /workdir/ratis-test/target/test/data/b23bc953/MiniRaftClusterWithNetty1aa84620/s0/51b52485-7820-40b7-a373-a4401d2d6ddd/sm
2019-09-24 16:33:22,105 TRACE util.FileUtils (LogUtils.java:runAndLog(61)) - Successfully ran Files.createDirectories /workdir/ratis-test/target/test/data/b23bc953/MiniRaftClusterWithNetty1aa84620/s2/51b52485-7820-40b7-a373-a4401d2d6ddd/sm
2019-09-24 16:33:22,105 TRACE util.FileUtils (LogUtils.java:runAndLog(61)) - Successfully ran Files.createDirectories /workdir/ratis-test/target/test/data/b23bc953/MiniRaftClusterWithNetty1aa84620/s4/51b52485-7820-40b7-a373-a4401d2d6ddd/current
2019-09-24 16:33:22,105 TRACE util.FileUtils (LogUtils.java:runAndLog(61)) - Successfully ran Files.createDirectories /workdir/ratis-test/target/test/data/b23bc953/MiniRaftClusterWithNetty1aa84620/s1/51b52485-7820-40b7-a373-a4401d2d6ddd/sm
2019-09-24 16:33:22,106 TRACE util.FileUtils (LogUtils.java:runAndLog(61)) - Successfully ran Files.createDirectories /workdir/ratis-test/target/test/data/b23bc953/MiniRaftClusterWithNetty1aa84620/s4/51b52485-7820-40b7-a373-a4401d2d6ddd/sm
2019-09-24 16:33:22,118 INFO  storage.RaftStorage (RaftStorage.java:format(84)) - Storage directory /workdir/ratis-test/target/test/data/b23bc953/MiniRaftClusterWithNetty1aa84620/s2/51b52485-7820-40b7-a373-a4401d2d6ddd has been successfully formatted.
2019-09-24 16:33:22,119 INFO  storage.RaftStorage (RaftStorage.java:format(84)) - Storage directory /workdir/ratis-test/target/test/data/b23bc953/MiniRaftClusterWithNetty1aa84620/s0/51b52485-7820-40b7-a373-a4401d2d6ddd has been successfully formatted.
2019-09-24 16:33:22,119 INFO  storage.RaftStorage (RaftStorage.java:format(84)) - Storage directory /workdir/ratis-test/target/test/data/b23bc953/MiniRaftClusterWithNetty1aa84620/s1/51b52485-7820-40b7-a373-a4401d2d6ddd has been successfully formatted.
2019-09-24 16:33:22,118 INFO  storage.RaftStorage (RaftStorage.java:format(84)) - Storage directory /workdir/ratis-test/target/test/data/b23bc953/MiniRaftClusterWithNetty1aa84620/s4/51b52485-7820-40b7-a373-a4401d2d6ddd has been successfully formatted.
2019-09-24 16:33:22,118 INFO  storage.RaftStorage (RaftStorage.java:format(84)) - Storage directory /workdir/ratis-test/target/test/data/b23bc953/MiniRaftClusterWithNetty1aa84620/s3/51b52485-7820-40b7-a373-a4401d2d6ddd has been successfully formatted.
2019-09-24 16:33:22,119 INFO  server.RaftServerConfigKeys (ConfUtils.java:logGet(43)) - raft.server.notification.no-leader.timeout = 60s (default)
2019-09-24 16:33:22,119 INFO  server.RaftServerConfigKeys (ConfUtils.java:logGet(43)) - raft.server.notification.no-leader.timeout = 60s (default)
2019-09-24 16:33:22,119 INFO  server.RaftServerConfigKeys (ConfUtils.java:logGet(43)) - raft.server.notification.no-leader.timeout = 60s (default)
2019-09-24 16:33:22,119 INFO  server.RaftServerConfigKeys (ConfUtils.java:logGet(43)) - raft.server.notification.no-leader.timeout = 60s (default)
2019-09-24 16:33:22,120 INFO  server.RaftServerConfigKeys (ConfUtils.java:logGet(43)) - raft.server.log.use.memory = false (default)
2019-09-24 16:33:22,120 INFO  server.RaftServerConfigKeys (ConfUtils.java:logGet(43)) - raft.server.log.use.memory = false (default)
2019-09-24 16:33:22,120 INFO  server.RaftServerConfigKeys (ConfUtils.java:logGet(43)) - raft.server.log.use.memory = false (default)
2019-09-24 16:33:22,119 INFO  server.RaftServerConfigKeys (ConfUtils.java:logGet(43)) - raft.server.notification.no-leader.timeout = 60s (default)
2019-09-24 16:33:22,121 INFO  server.RaftServerConfigKeys (ConfUtils.java:logGet(43)) - raft.server.log.purge.gap = 1024 (default)
2019-09-24 16:33:22,121 INFO  server.RaftServerConfigKeys (ConfUtils.java:logGet(43)) - raft.server.log.appender.buffer.byte-limit = 4MB (=4194304) (default)
2019-09-24 16:33:22,120 INFO  server.RaftServerConfigKeys (ConfUtils.java:logGet(43)) - raft.server.log.purge.gap = 1024 (default)
2019-09-24 16:33:22,120 INFO  server.RaftServerConfigKeys (ConfUtils.java:logGet(43)) - raft.server.log.purge.gap = 1024 (default)
2019-09-24 16:33:22,122 INFO  server.RaftServerConfigKeys (ConfUtils.java:logGet(43)) - raft.server.log.appender.buffer.byte-limit = 4MB (=4194304) (default)
2019-09-24 16:33:22,120 INFO  server.RaftServerConfigKeys (ConfUtils.java:logGet(43)) - raft.server.log.use.memory = false (default)
2019-09-24 16:33:22,122 INFO  server.RaftServerConfigKeys (ConfUtils.java:logGet(43)) - raft.server.log.segment.size.max = 8MB (=8388608) (default)
2019-09-24 16:33:22,121 INFO  server.RaftServerConfigKeys (ConfUtils.java:logGet(43)) - raft.server.log.appender.buffer.byte-limit = 4MB (=4194304) (default)
2019-09-24 16:33:22,121 INFO  server.RaftServerConfigKeys (ConfUtils.java:logGet(43)) - raft.server.log.segment.size.max = 8MB (=8388608) (default)
2019-09-24 16:33:22,121 INFO  server.RaftServerConfigKeys (ConfUtils.java:logGet(43)) - raft.server.log.use.memory = false (default)
2019-09-24 16:33:22,123 INFO  server.RaftServerConfigKeys (ConfUtils.java:logGet(43)) - raft.server.log.segment.cache.num.max = 6 (default)
2019-09-24 16:33:22,122 INFO  server.RaftServerConfigKeys (ConfUtils.java:logGet(43)) - raft.server.log.segment.size.max = 8MB (=8388608) (default)
2019-09-24 16:33:22,122 INFO  server.RaftServerConfigKeys (ConfUtils.java:logGet(43)) - raft.server.log.segment.cache.num.max = 6 (default)
2019-09-24 16:33:22,122 INFO  server.RaftServerConfigKeys (ConfUtils.java:logGet(43)) - raft.server.log.purge.gap = 1024 (default)
2019-09-24 16:33:22,123 INFO  segmented.SegmentedRaftLogWorker (SegmentedRaftLogWorker.java:<init>(172)) - new s0@group-A4401D2D6DDD-SegmentedRaftLogWorker for RaftStorage:Storage Directory /workdir/ratis-test/target/test/data/b23bc953/MiniRaftClusterWithNetty1aa84620/s0/51b52485-7820-40b7-a373-a4401d2d6ddd
2019-09-24 16:33:22,123 INFO  server.RaftServerConfigKeys (ConfUtils.java:logGet(43)) - raft.server.log.segment.cache.num.max = 6 (default)
2019-09-24 16:33:22,123 INFO  segmented.SegmentedRaftLogWorker (SegmentedRaftLogWorker.java:<init>(172)) - new s4@group-A4401D2D6DDD-SegmentedRaftLogWorker for RaftStorage:Storage Directory /workdir/ratis-test/target/test/data/b23bc953/MiniRaftClusterWithNetty1aa84620/s4/51b52485-7820-40b7-a373-a4401d2d6ddd
2019-09-24 16:33:22,123 INFO  server.RaftServerConfigKeys (ConfUtils.java:logGet(43)) - raft.server.log.purge.gap = 1024 (default)
2019-09-24 16:33:22,124 INFO  server.RaftServerConfigKeys (ConfUtils.java:logGet(43)) - raft.server.log.queue.byte-limit = 64MB (=67108864) (default)
2019-09-24 16:33:22,124 INFO  segmented.SegmentedRaftLogWorker (SegmentedRaftLogWorker.java:<init>(172)) - new s1@group-A4401D2D6DDD-SegmentedRaftLogWorker for RaftStorage:Storage Directory /workdir/ratis-test/target/test/data/b23bc953/MiniRaftClusterWithNetty1aa84620/s1/51b52485-7820-40b7-a373-a4401d2d6ddd
2019-09-24 16:33:22,124 INFO  server.RaftServerConfigKeys (ConfUtils.java:logGet(43)) - raft.server.log.queue.byte-limit = 64MB (=67108864) (default)
2019-09-24 16:33:22,124 INFO  server.RaftServerConfigKeys (ConfUtils.java:logGet(43)) - raft.server.log.appender.buffer.byte-limit = 4MB (=4194304) (default)
2019-09-24 16:33:22,125 INFO  server.RaftServerConfigKeys (ConfUtils.java:logGet(43)) - raft.server.log.queue.element-limit = 4096 (default)
2019-09-24 16:33:22,125 INFO  server.RaftServerConfigKeys (ConfUtils.java:logGet(43)) - raft.server.log.queue.byte-limit = 64MB (=67108864) (default)
2019-09-24 16:33:22,124 INFO  server.RaftServerConfigKeys (ConfUtils.java:logGet(43)) - raft.server.log.queue.element-limit = 4096 (default)
2019-09-24 16:33:22,124 INFO  server.RaftServerConfigKeys (ConfUtils.java:logGet(43)) - raft.server.log.appender.buffer.byte-limit = 4MB (=4194304) (default)
2019-09-24 16:33:22,126 INFO  server.RaftServerConfigKeys (ConfUtils.java:logGet(43)) - raft.server.log.segment.size.max = 8MB (=8388608) (default)
2019-09-24 16:33:22,125 INFO  server.RaftServerConfigKeys (ConfUtils.java:logGet(43)) - raft.server.log.queue.element-limit = 4096 (default)
2019-09-24 16:33:22,125 INFO  server.RaftServerConfigKeys (ConfUtils.java:logGet(43)) - raft.server.log.segment.size.max = 8MB (=8388608) (default)
2019-09-24 16:33:22,126 INFO  server.RaftServerConfigKeys (ConfUtils.java:logGet(43)) - raft.server.log.preallocated.size = 4MB (=4194304) (default)
2019-09-24 16:33:22,125 INFO  server.RaftServerConfigKeys (ConfUtils.java:logGet(43)) - raft.server.log.segment.size.max = 8MB (=8388608) (default)
2019-09-24 16:33:22,127 INFO  server.RaftServerConfigKeys (ConfUtils.java:logGet(43)) - raft.server.log.write.buffer.size = 64KB (=65536) (default)
2019-09-24 16:33:22,126 INFO  server.RaftServerConfigKeys (ConfUtils.java:logGet(43)) - raft.server.log.segment.size.max = 8MB (=8388608) (default)
2019-09-24 16:33:22,126 INFO  server.RaftServerConfigKeys (ConfUtils.java:logGet(43)) - raft.server.log.preallocated.size = 4MB (=4194304) (default)
2019-09-24 16:33:22,126 INFO  server.RaftServerConfigKeys (ConfUtils.java:logGet(43)) - raft.server.log.segment.size.max = 8MB (=8388608) (default)
2019-09-24 16:33:22,127 INFO  server.RaftServerConfigKeys (ConfUtils.java:logGet(43)) - raft.server.log.write.buffer.size = 64KB (=65536) (default)
2019-09-24 16:33:22,127 INFO  server.RaftServerConfigKeys (ConfUtils.java:logGet(43)) - raft.server.log.preallocated.size = 4MB (=4194304) (default)
2019-09-24 16:33:22,127 INFO  server.RaftServerConfigKeys (ConfUtils.java:logGet(43)) - raft.server.log.force.sync.num = 128 (default)
2019-09-24 16:33:22,127 INFO  server.RaftServerConfigKeys (ConfUtils.java:logGet(43)) - raft.server.log.segment.cache.num.max = 6 (default)
2019-09-24 16:33:22,128 INFO  server.RaftServerConfigKeys (ConfUtils.java:logGet(43)) - raft.server.log.statemachine.data.sync = true (default)
2019-09-24 16:33:22,128 INFO  server.RaftServerConfigKeys (ConfUtils.java:logGet(43)) - raft.server.log.write.buffer.size = 64KB (=65536) (default)
2019-09-24 16:33:22,128 INFO  server.RaftServerConfigKeys (ConfUtils.java:logGet(43)) - raft.server.log.force.sync.num = 128 (default)
2019-09-24 16:33:22,127 INFO  server.RaftServerConfigKeys (ConfUtils.java:logGet(43)) - raft.server.log.segment.cache.num.max = 6 (default)
2019-09-24 16:33:22,129 INFO  server.RaftServerConfigKeys (ConfUtils.java:logGet(43)) - raft.server.log.statemachine.data.sync = true (default)
2019-09-24 16:33:22,128 INFO  server.RaftServerConfigKeys (ConfUtils.java:logGet(43)) - raft.server.log.force.sync.num = 128 (default)
2019-09-24 16:33:22,128 INFO  server.RaftServerConfigKeys (ConfUtils.java:logGet(43)) - raft.server.log.statemachine.data.sync.timeout = 10s (default)
2019-09-24 16:33:22,129 INFO  server.RaftServerConfigKeys (ConfUtils.java:logGet(43)) - raft.server.log.statemachine.data.sync.timeout.retry = -1 (default)
2019-09-24 16:33:22,128 INFO  segmented.SegmentedRaftLogWorker (SegmentedRaftLogWorker.java:<init>(172)) - new s2@group-A4401D2D6DDD-SegmentedRaftLogWorker for RaftStorage:Storage Directory /workdir/ratis-test/target/test/data/b23bc953/MiniRaftClusterWithNetty1aa84620/s2/51b52485-7820-40b7-a373-a4401d2d6ddd
2019-09-24 16:33:22,129 INFO  server.RaftServerConfigKeys (ConfUtils.java:logGet(43)) - raft.server.log.statemachine.data.caching.enabled = false (default)
2019-09-24 16:33:22,130 INFO  server.RaftServerConfigKeys (ConfUtils.java:logGet(43)) - raft.server.log.queue.byte-limit = 64MB (=67108864) (default)
2019-09-24 16:33:22,129 INFO  server.RaftServerConfigKeys (ConfUtils.java:logGet(43)) - raft.server.log.statemachine.data.sync = true (default)
2019-09-24 16:33:22,129 INFO  server.RaftServerConfigKeys (ConfUtils.java:logGet(43)) - raft.server.log.statemachine.data.sync.timeout = 10s (default)
2019-09-24 16:33:22,130 INFO  server.RaftServerConfigKeys (ConfUtils.java:logGet(43)) - raft.server.log.statemachine.data.sync.timeout.retry = -1 (default)
2019-09-24 16:33:22,129 INFO  segmented.SegmentedRaftLogWorker (SegmentedRaftLogWorker.java:<init>(172)) - new s3@group-A4401D2D6DDD-SegmentedRaftLogWorker for RaftStorage:Storage Directory /workdir/ratis-test/target/test/data/b23bc953/MiniRaftClusterWithNetty1aa84620/s3/51b52485-7820-40b7-a373-a4401d2d6ddd
2019-09-24 16:33:22,130 INFO  server.RaftServerConfigKeys (ConfUtils.java:logGet(43)) - raft.server.log.statemachine.data.caching.enabled = false (default)
2019-09-24 16:33:22,130 INFO  server.RaftServerConfigKeys (ConfUtils.java:logGet(43)) - raft.server.log.statemachine.data.sync.timeout = 10s (default)
2019-09-24 16:33:22,130 INFO  segmented.SegmentedRaftLogWorker (SegmentedRaftLogWorker.java:lambda$new$0(132)) - s0@group-A4401D2D6DDD-SegmentedRaftLogWorker: flushIndex: setUnconditionally 0 -> -1
2019-09-24 16:33:22,130 INFO  server.RaftServerConfigKeys (ConfUtils.java:logGet(43)) - raft.server.log.queue.element-limit = 4096 (default)
2019-09-24 16:33:22,131 INFO  server.RaftServerConfigKeys (ConfUtils.java:logGet(43)) - raft.server.log.statemachine.data.sync.timeout.retry = -1 (default)
2019-09-24 16:33:22,131 INFO  segmented.SegmentedRaftLogWorker (SegmentedRaftLogWorker.java:lambda$new$0(132)) - s4@group-A4401D2D6DDD-SegmentedRaftLogWorker: flushIndex: setUnconditionally 0 -> -1
2019-09-24 16:33:22,131 INFO  server.RaftServerConfigKeys (ConfUtils.java:logGet(43)) - raft.server.log.queue.byte-limit = 64MB (=67108864) (default)
2019-09-24 16:33:22,132 INFO  server.RaftServerConfigKeys (ConfUtils.java:logGet(43)) - raft.server.snapshot.auto.trigger.enabled = false (default)
2019-09-24 16:33:22,132 INFO  server.RaftServerConfigKeys (ConfUtils.java:logGet(43)) - raft.server.log.statemachine.data.caching.enabled = false (default)
2019-09-24 16:33:22,131 INFO  server.RaftServerConfigKeys (ConfUtils.java:logGet(43)) - raft.server.log.segment.size.max = 8MB (=8388608) (default)
2019-09-24 16:33:22,132 INFO  segmented.SegmentedRaftLogWorker (SegmentedRaftLogWorker.java:lambda$new$0(132)) - s1@group-A4401D2D6DDD-SegmentedRaftLogWorker: flushIndex: setUnconditionally 0 -> -1
2019-09-24 16:33:22,131 INFO  server.RaftServerConfigKeys (ConfUtils.java:logGet(43)) - raft.server.snapshot.auto.trigger.enabled = false (default)
2019-09-24 16:33:22,132 INFO  server.RaftServerConfigKeys (ConfUtils.java:logGet(43)) - raft.server.log.preallocated.size = 4MB (=4194304) (default)
2019-09-24 16:33:22,132 INFO  server.RaftServerConfigKeys (ConfUtils.java:logGet(43)) - raft.server.snapshot.retention.file.num = -1 (default)
2019-09-24 16:33:22,132 INFO  server.RaftServerConfigKeys (ConfUtils.java:logGet(43)) - raft.server.log.queue.element-limit = 4096 (default)
2019-09-24 16:33:22,133 INFO  server.RaftServerConfigKeys (ConfUtils.java:logGet(43)) - raft.server.retrycache.expirytime = 60s (default)
2019-09-24 16:33:22,133 INFO  server.RaftServerConfigKeys (ConfUtils.java:logGet(43)) - raft.server.log.write.buffer.size = 64KB (=65536) (default)
2019-09-24 16:33:22,133 INFO  server.RaftServerConfigKeys (ConfUtils.java:logGet(43)) - raft.server.snapshot.auto.trigger.enabled = false (default)
2019-09-24 16:33:22,133 INFO  server.RaftServerConfigKeys (ConfUtils.java:logGet(43)) - raft.server.snapshot.retention.file.num = -1 (default)
2019-09-24 16:33:22,134 INFO  server.RaftServerConfigKeys (ConfUtils.java:logGet(43)) - raft.server.snapshot.retention.file.num = -1 (default)
2019-09-24 16:33:22,134 INFO  server.RaftServerConfigKeys (ConfUtils.java:logGet(43)) - raft.server.log.force.sync.num = 128 (default)
2019-09-24 16:33:22,133 INFO  server.RaftServerConfigKeys (ConfUtils.java:logGet(43)) - raft.server.log.segment.size.max = 8MB (=8388608) (default)
2019-09-24 16:33:22,134 INFO  server.RaftServerConfigKeys (ConfUtils.java:logGet(43)) - raft.server.log.statemachine.data.sync = true (default)
2019-09-24 16:33:22,134 INFO  server.RaftServerConfigKeys (ConfUtils.java:logGet(43)) - raft.server.retrycache.expirytime = 60s (default)
2019-09-24 16:33:22,134 INFO  server.RaftServerConfigKeys (ConfUtils.java:logGet(43)) - raft.server.retrycache.expirytime = 60s (default)
2019-09-24 16:33:22,135 INFO  server.RaftServerConfigKeys (ConfUtils.java:logGet(43)) - raft.server.log.statemachine.data.sync.timeout = 10s (default)
2019-09-24 16:33:22,135 INFO  server.RaftServerConfigKeys (ConfUtils.java:logGet(43)) - raft.server.log.preallocated.size = 4MB (=4194304) (default)
2019-09-24 16:33:22,135 INFO  server.RaftServerConfigKeys (ConfUtils.java:logGet(43)) - raft.server.log.statemachine.data.sync.timeout.retry = -1 (default)
2019-09-24 16:33:22,135 INFO  server.RaftServerConfigKeys (ConfUtils.java:logGet(43)) - raft.server.log.write.buffer.size = 64KB (=65536) (default)
2019-09-24 16:33:22,136 INFO  server.RaftServerConfigKeys (ConfUtils.java:logGet(43)) - raft.server.log.statemachine.data.caching.enabled = false (default)
2019-09-24 16:33:22,136 INFO  server.RaftServerConfigKeys (ConfUtils.java:logGet(43)) - raft.server.log.force.sync.num = 128 (default)
2019-09-24 16:33:22,136 INFO  segmented.SegmentedRaftLogWorker (SegmentedRaftLogWorker.java:lambda$new$0(132)) - s2@group-A4401D2D6DDD-SegmentedRaftLogWorker: flushIndex: setUnconditionally 0 -> -1
2019-09-24 16:33:22,136 INFO  server.RaftServerConfigKeys (ConfUtils.java:logGet(43)) - raft.server.log.statemachine.data.sync = true (default)
2019-09-24 16:33:22,136 INFO  server.RaftServerConfigKeys (ConfUtils.java:logGet(43)) - raft.server.log.statemachine.data.sync.timeout = 10s (default)
2019-09-24 16:33:22,137 INFO  server.RaftServerConfigKeys (ConfUtils.java:logGet(43)) - raft.server.log.statemachine.data.sync.timeout.retry = -1 (default)
2019-09-24 16:33:22,137 INFO  server.RaftServerConfigKeys (ConfUtils.java:logGet(43)) - raft.server.snapshot.auto.trigger.enabled = false (default)
2019-09-24 16:33:22,137 INFO  server.RaftServerConfigKeys (ConfUtils.java:logGet(43)) - raft.server.log.statemachine.data.caching.enabled = false (default)
2019-09-24 16:33:22,137 INFO  server.RaftServerConfigKeys (ConfUtils.java:logGet(43)) - raft.server.snapshot.retention.file.num = -1 (default)
2019-09-24 16:33:22,137 INFO  server.RaftServerConfigKeys (ConfUtils.java:logGet(43)) - raft.server.retrycache.expirytime = 60s (default)
2019-09-24 16:33:22,137 INFO  segmented.SegmentedRaftLogWorker (SegmentedRaftLogWorker.java:lambda$new$0(132)) - s3@group-A4401D2D6DDD-SegmentedRaftLogWorker: flushIndex: setUnconditionally 0 -> -1
2019-09-24 16:33:22,138 INFO  server.RaftServerConfigKeys (ConfUtils.java:logGet(43)) - raft.server.snapshot.auto.trigger.enabled = false (default)
2019-09-24 16:33:22,138 INFO  server.RaftServerConfigKeys (ConfUtils.java:logGet(43)) - raft.server.snapshot.retention.file.num = -1 (default)
2019-09-24 16:33:22,138 INFO  server.RaftServerConfigKeys (ConfUtils.java:logGet(43)) - raft.server.retrycache.expirytime = 60s (default)
2019-09-24 16:33:22,145 INFO  impl.RaftServerImpl (RaftServerImpl.java:start(181)) - s3@group-A4401D2D6DDD: start as a follower, conf=-1: [s3:0.0.0.0:36312, s4:0.0.0.0:37443, s0:0.0.0.0:41765, s1:0.0.0.0:36446, s2:0.0.0.0:41779], old=null
2019-09-24 16:33:22,145 INFO  impl.RaftServerImpl (RaftServerImpl.java:setRole(170)) - s3@group-A4401D2D6DDD: changes role from      null to FOLLOWER at term 0 for startAsFollower
2019-09-24 16:33:22,145 INFO  impl.RoleInfo (RoleInfo.java:updateAndGet(143)) - s3: start FollowerState
2019-09-24 16:33:22,146 INFO  util.JmxRegister (JmxRegister.java:tryRegister(44)) - Successfully registered JMX Bean with object name Ratis:service=RaftServer,group=group-A4401D2D6DDD,id=s3
2019-09-24 16:33:22,149 INFO  impl.RaftServerProxy (RaftServerProxy.java:lambda$start$3(299)) - s3: start RPC server
2019-09-24 16:33:22,150 INFO  impl.RaftServerImpl (RaftServerImpl.java:start(181)) - s4@group-A4401D2D6DDD: start as a follower, conf=-1: [s3:0.0.0.0:36312, s4:0.0.0.0:37443, s0:0.0.0.0:41765, s1:0.0.0.0:36446, s2:0.0.0.0:41779], old=null
2019-09-24 16:33:22,150 INFO  impl.RaftServerImpl (RaftServerImpl.java:setRole(170)) - s4@group-A4401D2D6DDD: changes role from      null to FOLLOWER at term 0 for startAsFollower
2019-09-24 16:33:22,150 INFO  impl.RoleInfo (RoleInfo.java:updateAndGet(143)) - s4: start FollowerState
2019-09-24 16:33:22,151 INFO  util.JmxRegister (JmxRegister.java:tryRegister(44)) - Successfully registered JMX Bean with object name Ratis:service=RaftServer,group=group-A4401D2D6DDD,id=s4
2019-09-24 16:33:22,153 INFO  impl.RaftServerProxy (RaftServerProxy.java:lambda$start$3(299)) - s4: start RPC server
2019-09-24 16:33:22,154 INFO  impl.RaftServerImpl (RaftServerImpl.java:start(181)) - s0@group-A4401D2D6DDD: start as a follower, conf=-1: [s3:0.0.0.0:36312, s4:0.0.0.0:37443, s0:0.0.0.0:41765, s1:0.0.0.0:36446, s2:0.0.0.0:41779], old=null
2019-09-24 16:33:22,154 INFO  impl.RaftServerImpl (RaftServerImpl.java:setRole(170)) - s0@group-A4401D2D6DDD: changes role from      null to FOLLOWER at term 0 for startAsFollower
2019-09-24 16:33:22,154 INFO  impl.RoleInfo (RoleInfo.java:updateAndGet(143)) - s0: start FollowerState
2019-09-24 16:33:22,155 INFO  util.JmxRegister (JmxRegister.java:tryRegister(44)) - Successfully registered JMX Bean with object name Ratis:service=RaftServer,group=group-A4401D2D6DDD,id=s0
2019-09-24 16:33:22,158 INFO  impl.RaftServerProxy (RaftServerProxy.java:lambda$start$3(299)) - s0: start RPC server
2019-09-24 16:33:22,158 INFO  impl.RaftServerImpl (RaftServerImpl.java:start(181)) - s1@group-A4401D2D6DDD: start as a follower, conf=-1: [s3:0.0.0.0:36312, s4:0.0.0.0:37443, s0:0.0.0.0:41765, s1:0.0.0.0:36446, s2:0.0.0.0:41779], old=null
2019-09-24 16:33:22,159 INFO  impl.RaftServerImpl (RaftServerImpl.java:setRole(170)) - s1@group-A4401D2D6DDD: changes role from      null to FOLLOWER at term 0 for startAsFollower
2019-09-24 16:33:22,159 INFO  impl.RoleInfo (RoleInfo.java:updateAndGet(143)) - s1: start FollowerState
2019-09-24 16:33:22,159 INFO  util.JmxRegister (JmxRegister.java:tryRegister(44)) - Successfully registered JMX Bean with object name Ratis:service=RaftServer,group=group-A4401D2D6DDD,id=s1
2019-09-24 16:33:22,162 INFO  impl.RaftServerProxy (RaftServerProxy.java:lambda$start$3(299)) - s1: start RPC server
2019-09-24 16:33:22,163 INFO  impl.RaftServerImpl (RaftServerImpl.java:start(181)) - s2@group-A4401D2D6DDD: start as a follower, conf=-1: [s3:0.0.0.0:36312, s4:0.0.0.0:37443, s0:0.0.0.0:41765, s1:0.0.0.0:36446, s2:0.0.0.0:41779], old=null
2019-09-24 16:33:22,163 INFO  impl.RaftServerImpl (RaftServerImpl.java:setRole(170)) - s2@group-A4401D2D6DDD: changes role from      null to FOLLOWER at term 0 for startAsFollower
2019-09-24 16:33:22,163 INFO  impl.RoleInfo (RoleInfo.java:updateAndGet(143)) - s2: start FollowerState
2019-09-24 16:33:22,164 INFO  util.JmxRegister (JmxRegister.java:tryRegister(44)) - Successfully registered JMX Bean with object name Ratis:service=RaftServer,group=group-A4401D2D6DDD,id=s2
2019-09-24 16:33:22,166 INFO  impl.RaftServerProxy (RaftServerProxy.java:lambda$start$3(299)) - s2: start RPC server
2019-09-24 16:33:22,167 INFO  server.RaftServerConfigKeys (ConfUtils.java:logGet(43)) - raft.server.rpc.timeout.max = 300ms (default)
2019-09-24 16:33:22,167 INFO  ratis.RaftTestUtil (RaftTestUtil.java:waitForLeader(86)) - printing ALL groups
  s3:  RUNNING  FOLLOWER s3@group-A4401D2D6DDD:t0, leader=null, voted=null, raftlog=s3@group-A4401D2D6DDD-SegmentedRaftLog:OPENED:c-1,f-1,i0, conf=-1: [s3:0.0.0.0:36312, s4:0.0.0.0:37443, s0:0.0.0.0:41765, s1:0.0.0.0:36446, s2:0.0.0.0:41779], old=null RUNNING
  s4:  RUNNING  FOLLOWER s4@group-A4401D2D6DDD:t0, leader=null, voted=null, raftlog=s4@group-A4401D2D6DDD-SegmentedRaftLog:OPENED:c-1,f-1,i0, conf=-1: [s3:0.0.0.0:36312, s4:0.0.0.0:37443, s0:0.0.0.0:41765, s1:0.0.0.0:36446, s2:0.0.0.0:41779], old=null RUNNING
  s0:  RUNNING  FOLLOWER s0@group-A4401D2D6DDD:t0, leader=null, voted=null, raftlog=s0@group-A4401D2D6DDD-SegmentedRaftLog:OPENED:c-1,f-1,i0, conf=-1: [s3:0.0.0.0:36312, s4:0.0.0.0:37443, s0:0.0.0.0:41765, s1:0.0.0.0:36446, s2:0.0.0.0:41779], old=null RUNNING
  s1:  RUNNING  FOLLOWER s1@group-A4401D2D6DDD:t0, leader=null, voted=null, raftlog=s1@group-A4401D2D6DDD-SegmentedRaftLog:OPENED:c-1,f-1,i0, conf=-1: [s3:0.0.0.0:36312, s4:0.0.0.0:37443, s0:0.0.0.0:41765, s1:0.0.0.0:36446, s2:0.0.0.0:41779], old=null RUNNING
  s2:  RUNNING  FOLLOWER s2@group-A4401D2D6DDD:t0, leader=null, voted=null, raftlog=s2@group-A4401D2D6DDD-SegmentedRaftLog:OPENED:c-1,f-1,i0, conf=-1: [s3:0.0.0.0:36312, s4:0.0.0.0:37443, s0:0.0.0.0:41765, s1:0.0.0.0:36446, s2:0.0.0.0:41779], old=null RUNNING
2019-09-24 16:33:22,168 WARN  ratis.RaftTestUtil (JavaUtils.java:attempt(158)) - FAILED "waitForLeader-null-(expectLeader? true)", attempt #1/100: java.lang.IllegalStateException: No leader yet : printing ALL groups
  s3:  RUNNING  FOLLOWER s3@group-A4401D2D6DDD:t0, leader=null, voted=null, raftlog=s3@group-A4401D2D6DDD-SegmentedRaftLog:OPENED:c-1,f-1,i0, conf=-1: [s3:0.0.0.0:36312, s4:0.0.0.0:37443, s0:0.0.0.0:41765, s1:0.0.0.0:36446, s2:0.0.0.0:41779], old=null RUNNING
  s4:  RUNNING  FOLLOWER s4@group-A4401D2D6DDD:t0, leader=null, voted=null, raftlog=s4@group-A4401D2D6DDD-SegmentedRaftLog:OPENED:c-1,f-1,i0, conf=-1: [s3:0.0.0.0:36312, s4:0.0.0.0:37443, s0:0.0.0.0:41765, s1:0.0.0.0:36446, s2:0.0.0.0:41779], old=null RUNNING
  s0:  RUNNING  FOLLOWER s0@group-A4401D2D6DDD:t0, leader=null, voted=null, raftlog=s0@group-A4401D2D6DDD-SegmentedRaftLog:OPENED:c-1,f-1,i0, conf=-1: [s3:0.0.0.0:36312, s4:0.0.0.0:37443, s0:0.0.0.0:41765, s1:0.0.0.0:36446, s2:0.0.0.0:41779], old=null RUNNING
  s1:  RUNNING  FOLLOWER s1@group-A4401D2D6DDD:t0, leader=null, voted=null, raftlog=s1@group-A4401D2D6DDD-SegmentedRaftLog:OPENED:c-1,f-1,i0, conf=-1: [s3:0.0.0.0:36312, s4:0.0.0.0:37443, s0:0.0.0.0:41765, s1:0.0.0.0:36446, s2:0.0.0.0:41779], old=null RUNNING
  s2:  RUNNING  FOLLOWER s2@group-A4401D2D6DDD:t0, leader=null, voted=null, raftlog=s2@group-A4401D2D6DDD-SegmentedRaftLog:OPENED:c-1,f-1,i0, conf=-1: [s3:0.0.0.0:36312, s4:0.0.0.0:37443, s0:0.0.0.0:41765, s1:0.0.0.0:36446, s2:0.0.0.0:41779], old=null RUNNING, sleep 450ms and then retry.
java.lang.IllegalStateException: No leader yet : printing ALL groups
  s3:  RUNNING  FOLLOWER s3@group-A4401D2D6DDD:t0, leader=null, voted=null, raftlog=s3@group-A4401D2D6DDD-SegmentedRaftLog:OPENED:c-1,f-1,i0, conf=-1: [s3:0.0.0.0:36312, s4:0.0.0.0:37443, s0:0.0.0.0:41765, s1:0.0.0.0:36446, s2:0.0.0.0:41779], old=null RUNNING
  s4:  RUNNING  FOLLOWER s4@group-A4401D2D6DDD:t0, leader=null, voted=null, raftlog=s4@group-A4401D2D6DDD-SegmentedRaftLog:OPENED:c-1,f-1,i0, conf=-1: [s3:0.0.0.0:36312, s4:0.0.0.0:37443, s0:0.0.0.0:41765, s1:0.0.0.0:36446, s2:0.0.0.0:41779], old=null RUNNING
  s0:  RUNNING  FOLLOWER s0@group-A4401D2D6DDD:t0, leader=null, voted=null, raftlog=s0@group-A4401D2D6DDD-SegmentedRaftLog:OPENED:c-1,f-1,i0, conf=-1: [s3:0.0.0.0:36312, s4:0.0.0.0:37443, s0:0.0.0.0:41765, s1:0.0.0.0:36446, s2:0.0.0.0:41779], old=null RUNNING
  s1:  RUNNING  FOLLOWER s1@group-A4401D2D6DDD:t0, leader=null, voted=null, raftlog=s1@group-A4401D2D6DDD-SegmentedRaftLog:OPENED:c-1,f-1,i0, conf=-1: [s3:0.0.0.0:36312, s4:0.0.0.0:37443, s0:0.0.0.0:41765, s1:0.0.0.0:36446, s2:0.0.0.0:41779], old=null RUNNING
  s2:  RUNNING  FOLLOWER s2@group-A4401D2D6DDD:t0, leader=null, voted=null, raftlog=s2@group-A4401D2D6DDD-SegmentedRaftLog:OPENED:c-1,f-1,i0, conf=-1: [s3:0.0.0.0:36312, s4:0.0.0.0:37443, s0:0.0.0.0:41765, s1:0.0.0.0:36446, s2:0.0.0.0:41779], old=null RUNNING
	at org.apache.ratis.MiniRaftCluster.newIllegalStateExceptionForNoLeaders(MiniRaftCluster.java:506)
	at org.apache.ratis.RaftTestUtil.lambda$waitForLeader$1(RaftTestUtil.java:90)
	at org.apache.ratis.MiniRaftCluster.getLeader(MiniRaftCluster.java:539)
	at org.apache.ratis.MiniRaftCluster.getLeader(MiniRaftCluster.java:532)
	at org.apache.ratis.RaftTestUtil.lambda$waitForLeader$3(RaftTestUtil.java:98)
	at org.apache.ratis.util.JavaUtils.attempt(JavaUtils.java:152)
	at org.apache.ratis.RaftTestUtil.waitForLeader(RaftTestUtil.java:97)
	at org.apache.ratis.RaftTestUtil.waitForLeader(RaftTestUtil.java:77)
	at org.apache.ratis.RaftTestUtil.waitForLeader(RaftTestUtil.java:72)
	at org.apache.ratis.server.impl.RaftReconfigurationBaseTest.runTestAddRemovePeers(RaftReconfigurationBaseTest.java:125)
	at org.apache.ratis.server.impl.RaftReconfigurationBaseTest.lambda$testLeaderStepDown$3(RaftReconfigurationBaseTest.java:121)
	at org.apache.ratis.MiniRaftCluster$Factory$Get.runWithNewCluster(MiniRaftCluster.java:125)
	at org.apache.ratis.MiniRaftCluster$Factory$Get.runWithNewCluster(MiniRaftCluster.java:113)
	at org.apache.ratis.server.impl.RaftReconfigurationBaseTest.testLeaderStepDown(RaftReconfigurationBaseTest.java:121)
	at sun.reflect.NativeMethodAccessorImpl.invoke0(Native Method)
	at sun.reflect.NativeMethodAccessorImpl.invoke(NativeMethodAccessorImpl.java:62)
	at sun.reflect.DelegatingMethodAccessorImpl.invoke(DelegatingMethodAccessorImpl.java:43)
	at java.lang.reflect.Method.invoke(Method.java:498)
	at org.junit.runners.model.FrameworkMethod$1.runReflectiveCall(FrameworkMethod.java:50)
	at org.junit.internal.runners.model.ReflectiveCallable.run(ReflectiveCallable.java:12)
	at org.junit.runners.model.FrameworkMethod.invokeExplosively(FrameworkMethod.java:47)
	at org.junit.internal.runners.statements.InvokeMethod.evaluate(InvokeMethod.java:17)
	at org.junit.internal.runners.statements.RunAfters.evaluate(RunAfters.java:27)
	at org.junit.internal.runners.statements.FailOnTimeout$CallableStatement.call(FailOnTimeout.java:298)
	at org.junit.internal.runners.statements.FailOnTimeout$CallableStatement.call(FailOnTimeout.java:292)
	at java.util.concurrent.FutureTask.run(FutureTask.java:266)
	at java.lang.Thread.run(Thread.java:748)
2019-09-24 16:33:22,392 INFO  impl.FollowerState (FollowerState.java:run(108)) - s3@group-A4401D2D6DDD-FollowerState: change to CANDIDATE, lastRpcTime:246ms, electionTimeout:246ms
2019-09-24 16:33:22,393 INFO  impl.RoleInfo (RoleInfo.java:shutdownFollowerState(121)) - s3: shutdown FollowerState
2019-09-24 16:33:22,393 INFO  impl.RaftServerImpl (RaftServerImpl.java:setRole(170)) - s3@group-A4401D2D6DDD: changes role from  FOLLOWER to CANDIDATE at term 0 for changeToCandidate
2019-09-24 16:33:22,393 INFO  impl.RoleInfo (RoleInfo.java:updateAndGet(143)) - s3: start LeaderElection
2019-09-24 16:33:22,393 INFO  impl.FollowerState (FollowerState.java:run(108)) - s1@group-A4401D2D6DDD-FollowerState: change to CANDIDATE, lastRpcTime:234ms, electionTimeout:234ms
2019-09-24 16:33:22,394 INFO  impl.RoleInfo (RoleInfo.java:shutdownFollowerState(121)) - s1: shutdown FollowerState
2019-09-24 16:33:22,394 INFO  impl.RaftServerImpl (RaftServerImpl.java:setRole(170)) - s1@group-A4401D2D6DDD: changes role from  FOLLOWER to CANDIDATE at term 0 for changeToCandidate
2019-09-24 16:33:22,395 INFO  impl.RoleInfo (RoleInfo.java:updateAndGet(143)) - s1: start LeaderElection
2019-09-24 16:33:22,413 INFO  impl.FollowerState (FollowerState.java:run(108)) - s4@group-A4401D2D6DDD-FollowerState: change to CANDIDATE, lastRpcTime:262ms, electionTimeout:262ms
2019-09-24 16:33:22,413 INFO  impl.RoleInfo (RoleInfo.java:shutdownFollowerState(121)) - s4: shutdown FollowerState
2019-09-24 16:33:22,413 INFO  impl.RaftServerImpl (RaftServerImpl.java:setRole(170)) - s4@group-A4401D2D6DDD: changes role from  FOLLOWER to CANDIDATE at term 0 for changeToCandidate
2019-09-24 16:33:22,413 INFO  impl.RoleInfo (RoleInfo.java:updateAndGet(143)) - s4: start LeaderElection
2019-09-24 16:33:22,435 INFO  impl.FollowerState (FollowerState.java:run(108)) - s0@group-A4401D2D6DDD-FollowerState: change to CANDIDATE, lastRpcTime:280ms, electionTimeout:280ms
2019-09-24 16:33:22,435 INFO  impl.RoleInfo (RoleInfo.java:shutdownFollowerState(121)) - s0: shutdown FollowerState
2019-09-24 16:33:22,435 INFO  impl.RaftServerImpl (RaftServerImpl.java:setRole(170)) - s0@group-A4401D2D6DDD: changes role from  FOLLOWER to CANDIDATE at term 0 for changeToCandidate
2019-09-24 16:33:22,436 INFO  impl.RoleInfo (RoleInfo.java:updateAndGet(143)) - s0: start LeaderElection
2019-09-24 16:33:22,451 INFO  impl.FollowerState (FollowerState.java:run(108)) - s2@group-A4401D2D6DDD-FollowerState: change to CANDIDATE, lastRpcTime:287ms, electionTimeout:287ms
2019-09-24 16:33:22,451 INFO  impl.RoleInfo (RoleInfo.java:shutdownFollowerState(121)) - s2: shutdown FollowerState
2019-09-24 16:33:22,451 INFO  impl.RaftServerImpl (RaftServerImpl.java:setRole(170)) - s2@group-A4401D2D6DDD: changes role from  FOLLOWER to CANDIDATE at term 0 for changeToCandidate
2019-09-24 16:33:22,451 INFO  impl.RoleInfo (RoleInfo.java:updateAndGet(143)) - s2: start LeaderElection
2019-09-24 16:33:22,619 WARN  ratis.RaftTestUtil (JavaUtils.java:attempt(158)) - FAILED "waitForLeader-null-(expectLeader? true)", attempt #2/100: java.lang.IllegalStateException: No leader yet : printing ALL groups
  s3:  RUNNING CANDIDATE s3@group-A4401D2D6DDD:t1, leader=null, voted=s3, raftlog=s3@group-A4401D2D6DDD-SegmentedRaftLog:OPENED:c-1,f-1,i0, conf=-1: [s3:0.0.0.0:36312, s4:0.0.0.0:37443, s0:0.0.0.0:41765, s1:0.0.0.0:36446, s2:0.0.0.0:41779], old=null RUNNING
  s4:  RUNNING CANDIDATE s4@group-A4401D2D6DDD:t1, leader=null, voted=s4, raftlog=s4@group-A4401D2D6DDD-SegmentedRaftLog:OPENED:c-1,f-1,i0, conf=-1: [s3:0.0.0.0:36312, s4:0.0.0.0:37443, s0:0.0.0.0:41765, s1:0.0.0.0:36446, s2:0.0.0.0:41779], old=null RUNNING
  s0:  RUNNING CANDIDATE s0@group-A4401D2D6DDD:t1, leader=null, voted=s0, raftlog=s0@group-A4401D2D6DDD-SegmentedRaftLog:OPENED:c-1,f-1,i0, conf=-1: [s3:0.0.0.0:36312, s4:0.0.0.0:37443, s0:0.0.0.0:41765, s1:0.0.0.0:36446, s2:0.0.0.0:41779], old=null RUNNING
  s1:  RUNNING CANDIDATE s1@group-A4401D2D6DDD:t1, leader=null, voted=s1, raftlog=s1@group-A4401D2D6DDD-SegmentedRaftLog:OPENED:c-1,f-1,i0, conf=-1: [s3:0.0.0.0:36312, s4:0.0.0.0:37443, s0:0.0.0.0:41765, s1:0.0.0.0:36446, s2:0.0.0.0:41779], old=null RUNNING
  s2:  RUNNING CANDIDATE s2@group-A4401D2D6DDD:t1, leader=null, voted=s2, raftlog=s2@group-A4401D2D6DDD-SegmentedRaftLog:OPENED:c-1,f-1,i0, conf=-1: [s3:0.0.0.0:36312, s4:0.0.0.0:37443, s0:0.0.0.0:41765, s1:0.0.0.0:36446, s2:0.0.0.0:41779], old=null RUNNING, sleep 450ms and then retry.
java.lang.IllegalStateException: No leader yet : printing ALL groups
  s3:  RUNNING CANDIDATE s3@group-A4401D2D6DDD:t1, leader=null, voted=s3, raftlog=s3@group-A4401D2D6DDD-SegmentedRaftLog:OPENED:c-1,f-1,i0, conf=-1: [s3:0.0.0.0:36312, s4:0.0.0.0:37443, s0:0.0.0.0:41765, s1:0.0.0.0:36446, s2:0.0.0.0:41779], old=null RUNNING
  s4:  RUNNING CANDIDATE s4@group-A4401D2D6DDD:t1, leader=null, voted=s4, raftlog=s4@group-A4401D2D6DDD-SegmentedRaftLog:OPENED:c-1,f-1,i0, conf=-1: [s3:0.0.0.0:36312, s4:0.0.0.0:37443, s0:0.0.0.0:41765, s1:0.0.0.0:36446, s2:0.0.0.0:41779], old=null RUNNING
  s0:  RUNNING CANDIDATE s0@group-A4401D2D6DDD:t1, leader=null, voted=s0, raftlog=s0@group-A4401D2D6DDD-SegmentedRaftLog:OPENED:c-1,f-1,i0, conf=-1: [s3:0.0.0.0:36312, s4:0.0.0.0:37443, s0:0.0.0.0:41765, s1:0.0.0.0:36446, s2:0.0.0.0:41779], old=null RUNNING
  s1:  RUNNING CANDIDATE s1@group-A4401D2D6DDD:t1, leader=null, voted=s1, raftlog=s1@group-A4401D2D6DDD-SegmentedRaftLog:OPENED:c-1,f-1,i0, conf=-1: [s3:0.0.0.0:36312, s4:0.0.0.0:37443, s0:0.0.0.0:41765, s1:0.0.0.0:36446, s2:0.0.0.0:41779], old=null RUNNING
  s2:  RUNNING CANDIDATE s2@group-A4401D2D6DDD:t1, leader=null, voted=s2, raftlog=s2@group-A4401D2D6DDD-SegmentedRaftLog:OPENED:c-1,f-1,i0, conf=-1: [s3:0.0.0.0:36312, s4:0.0.0.0:37443, s0:0.0.0.0:41765, s1:0.0.0.0:36446, s2:0.0.0.0:41779], old=null RUNNING
	at org.apache.ratis.MiniRaftCluster.newIllegalStateExceptionForNoLeaders(MiniRaftCluster.java:506)
	at org.apache.ratis.RaftTestUtil.lambda$waitForLeader$1(RaftTestUtil.java:90)
	at org.apache.ratis.MiniRaftCluster.getLeader(MiniRaftCluster.java:539)
	at org.apache.ratis.MiniRaftCluster.getLeader(MiniRaftCluster.java:532)
	at org.apache.ratis.RaftTestUtil.lambda$waitForLeader$3(RaftTestUtil.java:98)
	at org.apache.ratis.util.JavaUtils.attempt(JavaUtils.java:152)
	at org.apache.ratis.RaftTestUtil.waitForLeader(RaftTestUtil.java:97)
	at org.apache.ratis.RaftTestUtil.waitForLeader(RaftTestUtil.java:77)
	at org.apache.ratis.RaftTestUtil.waitForLeader(RaftTestUtil.java:72)
	at org.apache.ratis.server.impl.RaftReconfigurationBaseTest.runTestAddRemovePeers(RaftReconfigurationBaseTest.java:125)
	at org.apache.ratis.server.impl.RaftReconfigurationBaseTest.lambda$testLeaderStepDown$3(RaftReconfigurationBaseTest.java:121)
	at org.apache.ratis.MiniRaftCluster$Factory$Get.runWithNewCluster(MiniRaftCluster.java:125)
	at org.apache.ratis.MiniRaftCluster$Factory$Get.runWithNewCluster(MiniRaftCluster.java:113)
	at org.apache.ratis.server.impl.RaftReconfigurationBaseTest.testLeaderStepDown(RaftReconfigurationBaseTest.java:121)
	at sun.reflect.NativeMethodAccessorImpl.invoke0(Native Method)
	at sun.reflect.NativeMethodAccessorImpl.invoke(NativeMethodAccessorImpl.java:62)
	at sun.reflect.DelegatingMethodAccessorImpl.invoke(DelegatingMethodAccessorImpl.java:43)
	at java.lang.reflect.Method.invoke(Method.java:498)
	at org.junit.runners.model.FrameworkMethod$1.runReflectiveCall(FrameworkMethod.java:50)
	at org.junit.internal.runners.model.ReflectiveCallable.run(ReflectiveCallable.java:12)
	at org.junit.runners.model.FrameworkMethod.invokeExplosively(FrameworkMethod.java:47)
	at org.junit.internal.runners.statements.InvokeMethod.evaluate(InvokeMethod.java:17)
	at org.junit.internal.runners.statements.RunAfters.evaluate(RunAfters.java:27)
	at org.junit.internal.runners.statements.FailOnTimeout$CallableStatement.call(FailOnTimeout.java:298)
	at org.junit.internal.runners.statements.FailOnTimeout$CallableStatement.call(FailOnTimeout.java:292)
	at java.util.concurrent.FutureTask.run(FutureTask.java:266)
	at java.lang.Thread.run(Thread.java:748)
2019-09-24 16:33:23,070 WARN  ratis.RaftTestUtil (JavaUtils.java:attempt(158)) - FAILED "waitForLeader-null-(expectLeader? true)", attempt #3/100: java.lang.IllegalStateException: No leader yet : printing ALL groups
  s3:  RUNNING CANDIDATE s3@group-A4401D2D6DDD:t1, leader=null, voted=s3, raftlog=s3@group-A4401D2D6DDD-SegmentedRaftLog:OPENED:c-1,f-1,i0, conf=-1: [s3:0.0.0.0:36312, s4:0.0.0.0:37443, s0:0.0.0.0:41765, s1:0.0.0.0:36446, s2:0.0.0.0:41779], old=null RUNNING
  s4:  RUNNING CANDIDATE s4@group-A4401D2D6DDD:t1, leader=null, voted=s4, raftlog=s4@group-A4401D2D6DDD-SegmentedRaftLog:OPENED:c-1,f-1,i0, conf=-1: [s3:0.0.0.0:36312, s4:0.0.0.0:37443, s0:0.0.0.0:41765, s1:0.0.0.0:36446, s2:0.0.0.0:41779], old=null RUNNING
  s0:  RUNNING CANDIDATE s0@group-A4401D2D6DDD:t1, leader=null, voted=s0, raftlog=s0@group-A4401D2D6DDD-SegmentedRaftLog:OPENED:c-1,f-1,i0, conf=-1: [s3:0.0.0.0:36312, s4:0.0.0.0:37443, s0:0.0.0.0:41765, s1:0.0.0.0:36446, s2:0.0.0.0:41779], old=null RUNNING
  s1:  RUNNING CANDIDATE s1@group-A4401D2D6DDD:t1, leader=null, voted=s1, raftlog=s1@group-A4401D2D6DDD-SegmentedRaftLog:OPENED:c-1,f-1,i0, conf=-1: [s3:0.0.0.0:36312, s4:0.0.0.0:37443, s0:0.0.0.0:41765, s1:0.0.0.0:36446, s2:0.0.0.0:41779], old=null RUNNING
  s2:  RUNNING CANDIDATE s2@group-A4401D2D6DDD:t1, leader=null, voted=s2, raftlog=s2@group-A4401D2D6DDD-SegmentedRaftLog:OPENED:c-1,f-1,i0, conf=-1: [s3:0.0.0.0:36312, s4:0.0.0.0:37443, s0:0.0.0.0:41765, s1:0.0.0.0:36446, s2:0.0.0.0:41779], old=null RUNNING, sleep 450ms and then retry.
java.lang.IllegalStateException: No leader yet : printing ALL groups
  s3:  RUNNING CANDIDATE s3@group-A4401D2D6DDD:t1, leader=null, voted=s3, raftlog=s3@group-A4401D2D6DDD-SegmentedRaftLog:OPENED:c-1,f-1,i0, conf=-1: [s3:0.0.0.0:36312, s4:0.0.0.0:37443, s0:0.0.0.0:41765, s1:0.0.0.0:36446, s2:0.0.0.0:41779], old=null RUNNING
  s4:  RUNNING CANDIDATE s4@group-A4401D2D6DDD:t1, leader=null, voted=s4, raftlog=s4@group-A4401D2D6DDD-SegmentedRaftLog:OPENED:c-1,f-1,i0, conf=-1: [s3:0.0.0.0:36312, s4:0.0.0.0:37443, s0:0.0.0.0:41765, s1:0.0.0.0:36446, s2:0.0.0.0:41779], old=null RUNNING
  s0:  RUNNING CANDIDATE s0@group-A4401D2D6DDD:t1, leader=null, voted=s0, raftlog=s0@group-A4401D2D6DDD-SegmentedRaftLog:OPENED:c-1,f-1,i0, conf=-1: [s3:0.0.0.0:36312, s4:0.0.0.0:37443, s0:0.0.0.0:41765, s1:0.0.0.0:36446, s2:0.0.0.0:41779], old=null RUNNING
  s1:  RUNNING CANDIDATE s1@group-A4401D2D6DDD:t1, leader=null, voted=s1, raftlog=s1@group-A4401D2D6DDD-SegmentedRaftLog:OPENED:c-1,f-1,i0, conf=-1: [s3:0.0.0.0:36312, s4:0.0.0.0:37443, s0:0.0.0.0:41765, s1:0.0.0.0:36446, s2:0.0.0.0:41779], old=null RUNNING
  s2:  RUNNING CANDIDATE s2@group-A4401D2D6DDD:t1, leader=null, voted=s2, raftlog=s2@group-A4401D2D6DDD-SegmentedRaftLog:OPENED:c-1,f-1,i0, conf=-1: [s3:0.0.0.0:36312, s4:0.0.0.0:37443, s0:0.0.0.0:41765, s1:0.0.0.0:36446, s2:0.0.0.0:41779], old=null RUNNING
	at org.apache.ratis.MiniRaftCluster.newIllegalStateExceptionForNoLeaders(MiniRaftCluster.java:506)
	at org.apache.ratis.RaftTestUtil.lambda$waitForLeader$1(RaftTestUtil.java:90)
	at org.apache.ratis.MiniRaftCluster.getLeader(MiniRaftCluster.java:539)
	at org.apache.ratis.MiniRaftCluster.getLeader(MiniRaftCluster.java:532)
	at org.apache.ratis.RaftTestUtil.lambda$waitForLeader$3(RaftTestUtil.java:98)
	at org.apache.ratis.util.JavaUtils.attempt(JavaUtils.java:152)
	at org.apache.ratis.RaftTestUtil.waitForLeader(RaftTestUtil.java:97)
	at org.apache.ratis.RaftTestUtil.waitForLeader(RaftTestUtil.java:77)
	at org.apache.ratis.RaftTestUtil.waitForLeader(RaftTestUtil.java:72)
	at org.apache.ratis.server.impl.RaftReconfigurationBaseTest.runTestAddRemovePeers(RaftReconfigurationBaseTest.java:125)
	at org.apache.ratis.server.impl.RaftReconfigurationBaseTest.lambda$testLeaderStepDown$3(RaftReconfigurationBaseTest.java:121)
	at org.apache.ratis.MiniRaftCluster$Factory$Get.runWithNewCluster(MiniRaftCluster.java:125)
	at org.apache.ratis.MiniRaftCluster$Factory$Get.runWithNewCluster(MiniRaftCluster.java:113)
	at org.apache.ratis.server.impl.RaftReconfigurationBaseTest.testLeaderStepDown(RaftReconfigurationBaseTest.java:121)
	at sun.reflect.NativeMethodAccessorImpl.invoke0(Native Method)
	at sun.reflect.NativeMethodAccessorImpl.invoke(NativeMethodAccessorImpl.java:62)
	at sun.reflect.DelegatingMethodAccessorImpl.invoke(DelegatingMethodAccessorImpl.java:43)
	at java.lang.reflect.Method.invoke(Method.java:498)
	at org.junit.runners.model.FrameworkMethod$1.runReflectiveCall(FrameworkMethod.java:50)
	at org.junit.internal.runners.model.ReflectiveCallable.run(ReflectiveCallable.java:12)
	at org.junit.runners.model.FrameworkMethod.invokeExplosively(FrameworkMethod.java:47)
	at org.junit.internal.runners.statements.InvokeMethod.evaluate(InvokeMethod.java:17)
	at org.junit.internal.runners.statements.RunAfters.evaluate(RunAfters.java:27)
	at org.junit.internal.runners.statements.FailOnTimeout$CallableStatement.call(FailOnTimeout.java:298)
	at org.junit.internal.runners.statements.FailOnTimeout$CallableStatement.call(FailOnTimeout.java:292)
	at java.util.concurrent.FutureTask.run(FutureTask.java:266)
	at java.lang.Thread.run(Thread.java:748)
2019-09-24 16:33:23,522 WARN  ratis.RaftTestUtil (JavaUtils.java:attempt(158)) - FAILED "waitForLeader-null-(expectLeader? true)", attempt #4/100: java.lang.IllegalStateException: No leader yet : printing ALL groups
  s3:  RUNNING CANDIDATE s3@group-A4401D2D6DDD:t1, leader=null, voted=s3, raftlog=s3@group-A4401D2D6DDD-SegmentedRaftLog:OPENED:c-1,f-1,i0, conf=-1: [s3:0.0.0.0:36312, s4:0.0.0.0:37443, s0:0.0.0.0:41765, s1:0.0.0.0:36446, s2:0.0.0.0:41779], old=null RUNNING
  s4:  RUNNING CANDIDATE s4@group-A4401D2D6DDD:t1, leader=null, voted=s4, raftlog=s4@group-A4401D2D6DDD-SegmentedRaftLog:OPENED:c-1,f-1,i0, conf=-1: [s3:0.0.0.0:36312, s4:0.0.0.0:37443, s0:0.0.0.0:41765, s1:0.0.0.0:36446, s2:0.0.0.0:41779], old=null RUNNING
  s0:  RUNNING CANDIDATE s0@group-A4401D2D6DDD:t1, leader=null, voted=s0, raftlog=s0@group-A4401D2D6DDD-SegmentedRaftLog:OPENED:c-1,f-1,i0, conf=-1: [s3:0.0.0.0:36312, s4:0.0.0.0:37443, s0:0.0.0.0:41765, s1:0.0.0.0:36446, s2:0.0.0.0:41779], old=null RUNNING
  s1:  RUNNING CANDIDATE s1@group-A4401D2D6DDD:t1, leader=null, voted=s1, raftlog=s1@group-A4401D2D6DDD-SegmentedRaftLog:OPENED:c-1,f-1,i0, conf=-1: [s3:0.0.0.0:36312, s4:0.0.0.0:37443, s0:0.0.0.0:41765, s1:0.0.0.0:36446, s2:0.0.0.0:41779], old=null RUNNING
  s2:  RUNNING CANDIDATE s2@group-A4401D2D6DDD:t1, leader=null, voted=s2, raftlog=s2@group-A4401D2D6DDD-SegmentedRaftLog:OPENED:c-1,f-1,i0, conf=-1: [s3:0.0.0.0:36312, s4:0.0.0.0:37443, s0:0.0.0.0:41765, s1:0.0.0.0:36446, s2:0.0.0.0:41779], old=null RUNNING, sleep 450ms and then retry.
java.lang.IllegalStateException: No leader yet : printing ALL groups
  s3:  RUNNING CANDIDATE s3@group-A4401D2D6DDD:t1, leader=null, voted=s3, raftlog=s3@group-A4401D2D6DDD-SegmentedRaftLog:OPENED:c-1,f-1,i0, conf=-1: [s3:0.0.0.0:36312, s4:0.0.0.0:37443, s0:0.0.0.0:41765, s1:0.0.0.0:36446, s2:0.0.0.0:41779], old=null RUNNING
  s4:  RUNNING CANDIDATE s4@group-A4401D2D6DDD:t1, leader=null, voted=s4, raftlog=s4@group-A4401D2D6DDD-SegmentedRaftLog:OPENED:c-1,f-1,i0, conf=-1: [s3:0.0.0.0:36312, s4:0.0.0.0:37443, s0:0.0.0.0:41765, s1:0.0.0.0:36446, s2:0.0.0.0:41779], old=null RUNNING
  s0:  RUNNING CANDIDATE s0@group-A4401D2D6DDD:t1, leader=null, voted=s0, raftlog=s0@group-A4401D2D6DDD-SegmentedRaftLog:OPENED:c-1,f-1,i0, conf=-1: [s3:0.0.0.0:36312, s4:0.0.0.0:37443, s0:0.0.0.0:41765, s1:0.0.0.0:36446, s2:0.0.0.0:41779], old=null RUNNING
  s1:  RUNNING CANDIDATE s1@group-A4401D2D6DDD:t1, leader=null, voted=s1, raftlog=s1@group-A4401D2D6DDD-SegmentedRaftLog:OPENED:c-1,f-1,i0, conf=-1: [s3:0.0.0.0:36312, s4:0.0.0.0:37443, s0:0.0.0.0:41765, s1:0.0.0.0:36446, s2:0.0.0.0:41779], old=null RUNNING
  s2:  RUNNING CANDIDATE s2@group-A4401D2D6DDD:t1, leader=null, voted=s2, raftlog=s2@group-A4401D2D6DDD-SegmentedRaftLog:OPENED:c-1,f-1,i0, conf=-1: [s3:0.0.0.0:36312, s4:0.0.0.0:37443, s0:0.0.0.0:41765, s1:0.0.0.0:36446, s2:0.0.0.0:41779], old=null RUNNING
	at org.apache.ratis.MiniRaftCluster.newIllegalStateExceptionForNoLeaders(MiniRaftCluster.java:506)
	at org.apache.ratis.RaftTestUtil.lambda$waitForLeader$1(RaftTestUtil.java:90)
	at org.apache.ratis.MiniRaftCluster.getLeader(MiniRaftCluster.java:539)
	at org.apache.ratis.MiniRaftCluster.getLeader(MiniRaftCluster.java:532)
	at org.apache.ratis.RaftTestUtil.lambda$waitForLeader$3(RaftTestUtil.java:98)
	at org.apache.ratis.util.JavaUtils.attempt(JavaUtils.java:152)
	at org.apache.ratis.RaftTestUtil.waitForLeader(RaftTestUtil.java:97)
	at org.apache.ratis.RaftTestUtil.waitForLeader(RaftTestUtil.java:77)
	at org.apache.ratis.RaftTestUtil.waitForLeader(RaftTestUtil.java:72)
	at org.apache.ratis.server.impl.RaftReconfigurationBaseTest.runTestAddRemovePeers(RaftReconfigurationBaseTest.java:125)
	at org.apache.ratis.server.impl.RaftReconfigurationBaseTest.lambda$testLeaderStepDown$3(RaftReconfigurationBaseTest.java:121)
	at org.apache.ratis.MiniRaftCluster$Factory$Get.runWithNewCluster(MiniRaftCluster.java:125)
	at org.apache.ratis.MiniRaftCluster$Factory$Get.runWithNewCluster(MiniRaftCluster.java:113)
	at org.apache.ratis.server.impl.RaftReconfigurationBaseTest.testLeaderStepDown(RaftReconfigurationBaseTest.java:121)
	at sun.reflect.NativeMethodAccessorImpl.invoke0(Native Method)
	at sun.reflect.NativeMethodAccessorImpl.invoke(NativeMethodAccessorImpl.java:62)
	at sun.reflect.DelegatingMethodAccessorImpl.invoke(DelegatingMethodAccessorImpl.java:43)
	at java.lang.reflect.Method.invoke(Method.java:498)
	at org.junit.runners.model.FrameworkMethod$1.runReflectiveCall(FrameworkMethod.java:50)
	at org.junit.internal.runners.model.ReflectiveCallable.run(ReflectiveCallable.java:12)
	at org.junit.runners.model.FrameworkMethod.invokeExplosively(FrameworkMethod.java:47)
	at org.junit.internal.runners.statements.InvokeMethod.evaluate(InvokeMethod.java:17)
	at org.junit.internal.runners.statements.RunAfters.evaluate(RunAfters.java:27)
	at org.junit.internal.runners.statements.FailOnTimeout$CallableStatement.call(FailOnTimeout.java:298)
	at org.junit.internal.runners.statements.FailOnTimeout$CallableStatement.call(FailOnTimeout.java:292)
	at java.util.concurrent.FutureTask.run(FutureTask.java:266)
	at java.lang.Thread.run(Thread.java:748)
2019-09-24 16:33:23,973 WARN  ratis.RaftTestUtil (JavaUtils.java:attempt(158)) - FAILED "waitForLeader-null-(expectLeader? true)", attempt #5/100: java.lang.IllegalStateException: No leader yet : printing ALL groups
  s3:  RUNNING CANDIDATE s3@group-A4401D2D6DDD:t1, leader=null, voted=s3, raftlog=s3@group-A4401D2D6DDD-SegmentedRaftLog:OPENED:c-1,f-1,i0, conf=-1: [s3:0.0.0.0:36312, s4:0.0.0.0:37443, s0:0.0.0.0:41765, s1:0.0.0.0:36446, s2:0.0.0.0:41779], old=null RUNNING
  s4:  RUNNING CANDIDATE s4@group-A4401D2D6DDD:t1, leader=null, voted=s4, raftlog=s4@group-A4401D2D6DDD-SegmentedRaftLog:OPENED:c-1,f-1,i0, conf=-1: [s3:0.0.0.0:36312, s4:0.0.0.0:37443, s0:0.0.0.0:41765, s1:0.0.0.0:36446, s2:0.0.0.0:41779], old=null RUNNING
  s0:  RUNNING CANDIDATE s0@group-A4401D2D6DDD:t1, leader=null, voted=s0, raftlog=s0@group-A4401D2D6DDD-SegmentedRaftLog:OPENED:c-1,f-1,i0, conf=-1: [s3:0.0.0.0:36312, s4:0.0.0.0:37443, s0:0.0.0.0:41765, s1:0.0.0.0:36446, s2:0.0.0.0:41779], old=null RUNNING
  s1:  RUNNING CANDIDATE s1@group-A4401D2D6DDD:t1, leader=null, voted=s1, raftlog=s1@group-A4401D2D6DDD-SegmentedRaftLog:OPENED:c-1,f-1,i0, conf=-1: [s3:0.0.0.0:36312, s4:0.0.0.0:37443, s0:0.0.0.0:41765, s1:0.0.0.0:36446, s2:0.0.0.0:41779], old=null RUNNING
  s2:  RUNNING CANDIDATE s2@group-A4401D2D6DDD:t1, leader=null, voted=s2, raftlog=s2@group-A4401D2D6DDD-SegmentedRaftLog:OPENED:c-1,f-1,i0, conf=-1: [s3:0.0.0.0:36312, s4:0.0.0.0:37443, s0:0.0.0.0:41765, s1:0.0.0.0:36446, s2:0.0.0.0:41779], old=null RUNNING, sleep 450ms and then retry.
java.lang.IllegalStateException: No leader yet : printing ALL groups
  s3:  RUNNING CANDIDATE s3@group-A4401D2D6DDD:t1, leader=null, voted=s3, raftlog=s3@group-A4401D2D6DDD-SegmentedRaftLog:OPENED:c-1,f-1,i0, conf=-1: [s3:0.0.0.0:36312, s4:0.0.0.0:37443, s0:0.0.0.0:41765, s1:0.0.0.0:36446, s2:0.0.0.0:41779], old=null RUNNING
  s4:  RUNNING CANDIDATE s4@group-A4401D2D6DDD:t1, leader=null, voted=s4, raftlog=s4@group-A4401D2D6DDD-SegmentedRaftLog:OPENED:c-1,f-1,i0, conf=-1: [s3:0.0.0.0:36312, s4:0.0.0.0:37443, s0:0.0.0.0:41765, s1:0.0.0.0:36446, s2:0.0.0.0:41779], old=null RUNNING
  s0:  RUNNING CANDIDATE s0@group-A4401D2D6DDD:t1, leader=null, voted=s0, raftlog=s0@group-A4401D2D6DDD-SegmentedRaftLog:OPENED:c-1,f-1,i0, conf=-1: [s3:0.0.0.0:36312, s4:0.0.0.0:37443, s0:0.0.0.0:41765, s1:0.0.0.0:36446, s2:0.0.0.0:41779], old=null RUNNING
  s1:  RUNNING CANDIDATE s1@group-A4401D2D6DDD:t1, leader=null, voted=s1, raftlog=s1@group-A4401D2D6DDD-SegmentedRaftLog:OPENED:c-1,f-1,i0, conf=-1: [s3:0.0.0.0:36312, s4:0.0.0.0:37443, s0:0.0.0.0:41765, s1:0.0.0.0:36446, s2:0.0.0.0:41779], old=null RUNNING
  s2:  RUNNING CANDIDATE s2@group-A4401D2D6DDD:t1, leader=null, voted=s2, raftlog=s2@group-A4401D2D6DDD-SegmentedRaftLog:OPENED:c-1,f-1,i0, conf=-1: [s3:0.0.0.0:36312, s4:0.0.0.0:37443, s0:0.0.0.0:41765, s1:0.0.0.0:36446, s2:0.0.0.0:41779], old=null RUNNING
	at org.apache.ratis.MiniRaftCluster.newIllegalStateExceptionForNoLeaders(MiniRaftCluster.java:506)
	at org.apache.ratis.RaftTestUtil.lambda$waitForLeader$1(RaftTestUtil.java:90)
	at org.apache.ratis.MiniRaftCluster.getLeader(MiniRaftCluster.java:539)
	at org.apache.ratis.MiniRaftCluster.getLeader(MiniRaftCluster.java:532)
	at org.apache.ratis.RaftTestUtil.lambda$waitForLeader$3(RaftTestUtil.java:98)
	at org.apache.ratis.util.JavaUtils.attempt(JavaUtils.java:152)
	at org.apache.ratis.RaftTestUtil.waitForLeader(RaftTestUtil.java:97)
	at org.apache.ratis.RaftTestUtil.waitForLeader(RaftTestUtil.java:77)
	at org.apache.ratis.RaftTestUtil.waitForLeader(RaftTestUtil.java:72)
	at org.apache.ratis.server.impl.RaftReconfigurationBaseTest.runTestAddRemovePeers(RaftReconfigurationBaseTest.java:125)
	at org.apache.ratis.server.impl.RaftReconfigurationBaseTest.lambda$testLeaderStepDown$3(RaftReconfigurationBaseTest.java:121)
	at org.apache.ratis.MiniRaftCluster$Factory$Get.runWithNewCluster(MiniRaftCluster.java:125)
	at org.apache.ratis.MiniRaftCluster$Factory$Get.runWithNewCluster(MiniRaftCluster.java:113)
	at org.apache.ratis.server.impl.RaftReconfigurationBaseTest.testLeaderStepDown(RaftReconfigurationBaseTest.java:121)
	at sun.reflect.NativeMethodAccessorImpl.invoke0(Native Method)
	at sun.reflect.NativeMethodAccessorImpl.invoke(NativeMethodAccessorImpl.java:62)
	at sun.reflect.DelegatingMethodAccessorImpl.invoke(DelegatingMethodAccessorImpl.java:43)
	at java.lang.reflect.Method.invoke(Method.java:498)
	at org.junit.runners.model.FrameworkMethod$1.runReflectiveCall(FrameworkMethod.java:50)
	at org.junit.internal.runners.model.ReflectiveCallable.run(ReflectiveCallable.java:12)
	at org.junit.runners.model.FrameworkMethod.invokeExplosively(FrameworkMethod.java:47)
	at org.junit.internal.runners.statements.InvokeMethod.evaluate(InvokeMethod.java:17)
	at org.junit.internal.runners.statements.RunAfters.evaluate(RunAfters.java:27)
	at org.junit.internal.runners.statements.FailOnTimeout$CallableStatement.call(FailOnTimeout.java:298)
	at org.junit.internal.runners.statements.FailOnTimeout$CallableStatement.call(FailOnTimeout.java:292)
	at java.util.concurrent.FutureTask.run(FutureTask.java:266)
	at java.lang.Thread.run(Thread.java:748)
2019-09-24 16:33:24,425 WARN  ratis.RaftTestUtil (JavaUtils.java:attempt(158)) - FAILED "waitForLeader-null-(expectLeader? true)", attempt #6/100: java.lang.IllegalStateException: No leader yet : printing ALL groups
  s3:  RUNNING CANDIDATE s3@group-A4401D2D6DDD:t1, leader=null, voted=s3, raftlog=s3@group-A4401D2D6DDD-SegmentedRaftLog:OPENED:c-1,f-1,i0, conf=-1: [s3:0.0.0.0:36312, s4:0.0.0.0:37443, s0:0.0.0.0:41765, s1:0.0.0.0:36446, s2:0.0.0.0:41779], old=null RUNNING
  s4:  RUNNING CANDIDATE s4@group-A4401D2D6DDD:t1, leader=null, voted=s4, raftlog=s4@group-A4401D2D6DDD-SegmentedRaftLog:OPENED:c-1,f-1,i0, conf=-1: [s3:0.0.0.0:36312, s4:0.0.0.0:37443, s0:0.0.0.0:41765, s1:0.0.0.0:36446, s2:0.0.0.0:41779], old=null RUNNING
  s0:  RUNNING CANDIDATE s0@group-A4401D2D6DDD:t1, leader=null, voted=s0, raftlog=s0@group-A4401D2D6DDD-SegmentedRaftLog:OPENED:c-1,f-1,i0, conf=-1: [s3:0.0.0.0:36312, s4:0.0.0.0:37443, s0:0.0.0.0:41765, s1:0.0.0.0:36446, s2:0.0.0.0:41779], old=null RUNNING
  s1:  RUNNING CANDIDATE s1@group-A4401D2D6DDD:t1, leader=null, voted=s1, raftlog=s1@group-A4401D2D6DDD-SegmentedRaftLog:OPENED:c-1,f-1,i0, conf=-1: [s3:0.0.0.0:36312, s4:0.0.0.0:37443, s0:0.0.0.0:41765, s1:0.0.0.0:36446, s2:0.0.0.0:41779], old=null RUNNING
  s2:  RUNNING CANDIDATE s2@group-A4401D2D6DDD:t1, leader=null, voted=s2, raftlog=s2@group-A4401D2D6DDD-SegmentedRaftLog:OPENED:c-1,f-1,i0, conf=-1: [s3:0.0.0.0:36312, s4:0.0.0.0:37443, s0:0.0.0.0:41765, s1:0.0.0.0:36446, s2:0.0.0.0:41779], old=null RUNNING, sleep 450ms and then retry.
java.lang.IllegalStateException: No leader yet : printing ALL groups
  s3:  RUNNING CANDIDATE s3@group-A4401D2D6DDD:t1, leader=null, voted=s3, raftlog=s3@group-A4401D2D6DDD-SegmentedRaftLog:OPENED:c-1,f-1,i0, conf=-1: [s3:0.0.0.0:36312, s4:0.0.0.0:37443, s0:0.0.0.0:41765, s1:0.0.0.0:36446, s2:0.0.0.0:41779], old=null RUNNING
  s4:  RUNNING CANDIDATE s4@group-A4401D2D6DDD:t1, leader=null, voted=s4, raftlog=s4@group-A4401D2D6DDD-SegmentedRaftLog:OPENED:c-1,f-1,i0, conf=-1: [s3:0.0.0.0:36312, s4:0.0.0.0:37443, s0:0.0.0.0:41765, s1:0.0.0.0:36446, s2:0.0.0.0:41779], old=null RUNNING
  s0:  RUNNING CANDIDATE s0@group-A4401D2D6DDD:t1, leader=null, voted=s0, raftlog=s0@group-A4401D2D6DDD-SegmentedRaftLog:OPENED:c-1,f-1,i0, conf=-1: [s3:0.0.0.0:36312, s4:0.0.0.0:37443, s0:0.0.0.0:41765, s1:0.0.0.0:36446, s2:0.0.0.0:41779], old=null RUNNING
  s1:  RUNNING CANDIDATE s1@group-A4401D2D6DDD:t1, leader=null, voted=s1, raftlog=s1@group-A4401D2D6DDD-SegmentedRaftLog:OPENED:c-1,f-1,i0, conf=-1: [s3:0.0.0.0:36312, s4:0.0.0.0:37443, s0:0.0.0.0:41765, s1:0.0.0.0:36446, s2:0.0.0.0:41779], old=null RUNNING
  s2:  RUNNING CANDIDATE s2@group-A4401D2D6DDD:t1, leader=null, voted=s2, raftlog=s2@group-A4401D2D6DDD-SegmentedRaftLog:OPENED:c-1,f-1,i0, conf=-1: [s3:0.0.0.0:36312, s4:0.0.0.0:37443, s0:0.0.0.0:41765, s1:0.0.0.0:36446, s2:0.0.0.0:41779], old=null RUNNING
	at org.apache.ratis.MiniRaftCluster.newIllegalStateExceptionForNoLeaders(MiniRaftCluster.java:506)
	at org.apache.ratis.RaftTestUtil.lambda$waitForLeader$1(RaftTestUtil.java:90)
	at org.apache.ratis.MiniRaftCluster.getLeader(MiniRaftCluster.java:539)
	at org.apache.ratis.MiniRaftCluster.getLeader(MiniRaftCluster.java:532)
	at org.apache.ratis.RaftTestUtil.lambda$waitForLeader$3(RaftTestUtil.java:98)
	at org.apache.ratis.util.JavaUtils.attempt(JavaUtils.java:152)
	at org.apache.ratis.RaftTestUtil.waitForLeader(RaftTestUtil.java:97)
	at org.apache.ratis.RaftTestUtil.waitForLeader(RaftTestUtil.java:77)
	at org.apache.ratis.RaftTestUtil.waitForLeader(RaftTestUtil.java:72)
	at org.apache.ratis.server.impl.RaftReconfigurationBaseTest.runTestAddRemovePeers(RaftReconfigurationBaseTest.java:125)
	at org.apache.ratis.server.impl.RaftReconfigurationBaseTest.lambda$testLeaderStepDown$3(RaftReconfigurationBaseTest.java:121)
	at org.apache.ratis.MiniRaftCluster$Factory$Get.runWithNewCluster(MiniRaftCluster.java:125)
	at org.apache.ratis.MiniRaftCluster$Factory$Get.runWithNewCluster(MiniRaftCluster.java:113)
	at org.apache.ratis.server.impl.RaftReconfigurationBaseTest.testLeaderStepDown(RaftReconfigurationBaseTest.java:121)
	at sun.reflect.NativeMethodAccessorImpl.invoke0(Native Method)
	at sun.reflect.NativeMethodAccessorImpl.invoke(NativeMethodAccessorImpl.java:62)
	at sun.reflect.DelegatingMethodAccessorImpl.invoke(DelegatingMethodAccessorImpl.java:43)
	at java.lang.reflect.Method.invoke(Method.java:498)
	at org.junit.runners.model.FrameworkMethod$1.runReflectiveCall(FrameworkMethod.java:50)
	at org.junit.internal.runners.model.ReflectiveCallable.run(ReflectiveCallable.java:12)
	at org.junit.runners.model.FrameworkMethod.invokeExplosively(FrameworkMethod.java:47)
	at org.junit.internal.runners.statements.InvokeMethod.evaluate(InvokeMethod.java:17)
	at org.junit.internal.runners.statements.RunAfters.evaluate(RunAfters.java:27)
	at org.junit.internal.runners.statements.FailOnTimeout$CallableStatement.call(FailOnTimeout.java:298)
	at org.junit.internal.runners.statements.FailOnTimeout$CallableStatement.call(FailOnTimeout.java:292)
	at java.util.concurrent.FutureTask.run(FutureTask.java:266)
	at java.lang.Thread.run(Thread.java:748)
2019-09-24 16:33:24,877 WARN  ratis.RaftTestUtil (JavaUtils.java:attempt(158)) - FAILED "waitForLeader-null-(expectLeader? true)", attempt #7/100: java.lang.IllegalStateException: No leader yet : printing ALL groups
  s3:  RUNNING CANDIDATE s3@group-A4401D2D6DDD:t1, leader=null, voted=s3, raftlog=s3@group-A4401D2D6DDD-SegmentedRaftLog:OPENED:c-1,f-1,i0, conf=-1: [s3:0.0.0.0:36312, s4:0.0.0.0:37443, s0:0.0.0.0:41765, s1:0.0.0.0:36446, s2:0.0.0.0:41779], old=null RUNNING
  s4:  RUNNING CANDIDATE s4@group-A4401D2D6DDD:t1, leader=null, voted=s4, raftlog=s4@group-A4401D2D6DDD-SegmentedRaftLog:OPENED:c-1,f-1,i0, conf=-1: [s3:0.0.0.0:36312, s4:0.0.0.0:37443, s0:0.0.0.0:41765, s1:0.0.0.0:36446, s2:0.0.0.0:41779], old=null RUNNING
  s0:  RUNNING CANDIDATE s0@group-A4401D2D6DDD:t1, leader=null, voted=s0, raftlog=s0@group-A4401D2D6DDD-SegmentedRaftLog:OPENED:c-1,f-1,i0, conf=-1: [s3:0.0.0.0:36312, s4:0.0.0.0:37443, s0:0.0.0.0:41765, s1:0.0.0.0:36446, s2:0.0.0.0:41779], old=null RUNNING
  s1:  RUNNING CANDIDATE s1@group-A4401D2D6DDD:t1, leader=null, voted=s1, raftlog=s1@group-A4401D2D6DDD-SegmentedRaftLog:OPENED:c-1,f-1,i0, conf=-1: [s3:0.0.0.0:36312, s4:0.0.0.0:37443, s0:0.0.0.0:41765, s1:0.0.0.0:36446, s2:0.0.0.0:41779], old=null RUNNING
  s2:  RUNNING CANDIDATE s2@group-A4401D2D6DDD:t1, leader=null, voted=s2, raftlog=s2@group-A4401D2D6DDD-SegmentedRaftLog:OPENED:c-1,f-1,i0, conf=-1: [s3:0.0.0.0:36312, s4:0.0.0.0:37443, s0:0.0.0.0:41765, s1:0.0.0.0:36446, s2:0.0.0.0:41779], old=null RUNNING, sleep 450ms and then retry.
java.lang.IllegalStateException: No leader yet : printing ALL groups
  s3:  RUNNING CANDIDATE s3@group-A4401D2D6DDD:t1, leader=null, voted=s3, raftlog=s3@group-A4401D2D6DDD-SegmentedRaftLog:OPENED:c-1,f-1,i0, conf=-1: [s3:0.0.0.0:36312, s4:0.0.0.0:37443, s0:0.0.0.0:41765, s1:0.0.0.0:36446, s2:0.0.0.0:41779], old=null RUNNING
  s4:  RUNNING CANDIDATE s4@group-A4401D2D6DDD:t1, leader=null, voted=s4, raftlog=s4@group-A4401D2D6DDD-SegmentedRaftLog:OPENED:c-1,f-1,i0, conf=-1: [s3:0.0.0.0:36312, s4:0.0.0.0:37443, s0:0.0.0.0:41765, s1:0.0.0.0:36446, s2:0.0.0.0:41779], old=null RUNNING
  s0:  RUNNING CANDIDATE s0@group-A4401D2D6DDD:t1, leader=null, voted=s0, raftlog=s0@group-A4401D2D6DDD-SegmentedRaftLog:OPENED:c-1,f-1,i0, conf=-1: [s3:0.0.0.0:36312, s4:0.0.0.0:37443, s0:0.0.0.0:41765, s1:0.0.0.0:36446, s2:0.0.0.0:41779], old=null RUNNING
  s1:  RUNNING CANDIDATE s1@group-A4401D2D6DDD:t1, leader=null, voted=s1, raftlog=s1@group-A4401D2D6DDD-SegmentedRaftLog:OPENED:c-1,f-1,i0, conf=-1: [s3:0.0.0.0:36312, s4:0.0.0.0:37443, s0:0.0.0.0:41765, s1:0.0.0.0:36446, s2:0.0.0.0:41779], old=null RUNNING
  s2:  RUNNING CANDIDATE s2@group-A4401D2D6DDD:t1, leader=null, voted=s2, raftlog=s2@group-A4401D2D6DDD-SegmentedRaftLog:OPENED:c-1,f-1,i0, conf=-1: [s3:0.0.0.0:36312, s4:0.0.0.0:37443, s0:0.0.0.0:41765, s1:0.0.0.0:36446, s2:0.0.0.0:41779], old=null RUNNING
	at org.apache.ratis.MiniRaftCluster.newIllegalStateExceptionForNoLeaders(MiniRaftCluster.java:506)
	at org.apache.ratis.RaftTestUtil.lambda$waitForLeader$1(RaftTestUtil.java:90)
	at org.apache.ratis.MiniRaftCluster.getLeader(MiniRaftCluster.java:539)
	at org.apache.ratis.MiniRaftCluster.getLeader(MiniRaftCluster.java:532)
	at org.apache.ratis.RaftTestUtil.lambda$waitForLeader$3(RaftTestUtil.java:98)
	at org.apache.ratis.util.JavaUtils.attempt(JavaUtils.java:152)
	at org.apache.ratis.RaftTestUtil.waitForLeader(RaftTestUtil.java:97)
	at org.apache.ratis.RaftTestUtil.waitForLeader(RaftTestUtil.java:77)
	at org.apache.ratis.RaftTestUtil.waitForLeader(RaftTestUtil.java:72)
	at org.apache.ratis.server.impl.RaftReconfigurationBaseTest.runTestAddRemovePeers(RaftReconfigurationBaseTest.java:125)
	at org.apache.ratis.server.impl.RaftReconfigurationBaseTest.lambda$testLeaderStepDown$3(RaftReconfigurationBaseTest.java:121)
	at org.apache.ratis.MiniRaftCluster$Factory$Get.runWithNewCluster(MiniRaftCluster.java:125)
	at org.apache.ratis.MiniRaftCluster$Factory$Get.runWithNewCluster(MiniRaftCluster.java:113)
	at org.apache.ratis.server.impl.RaftReconfigurationBaseTest.testLeaderStepDown(RaftReconfigurationBaseTest.java:121)
	at sun.reflect.NativeMethodAccessorImpl.invoke0(Native Method)
	at sun.reflect.NativeMethodAccessorImpl.invoke(NativeMethodAccessorImpl.java:62)
	at sun.reflect.DelegatingMethodAccessorImpl.invoke(DelegatingMethodAccessorImpl.java:43)
	at java.lang.reflect.Method.invoke(Method.java:498)
	at org.junit.runners.model.FrameworkMethod$1.runReflectiveCall(FrameworkMethod.java:50)
	at org.junit.internal.runners.model.ReflectiveCallable.run(ReflectiveCallable.java:12)
	at org.junit.runners.model.FrameworkMethod.invokeExplosively(FrameworkMethod.java:47)
	at org.junit.internal.runners.statements.InvokeMethod.evaluate(InvokeMethod.java:17)
	at org.junit.internal.runners.statements.RunAfters.evaluate(RunAfters.java:27)
	at org.junit.internal.runners.statements.FailOnTimeout$CallableStatement.call(FailOnTimeout.java:298)
	at org.junit.internal.runners.statements.FailOnTimeout$CallableStatement.call(FailOnTimeout.java:292)
	at java.util.concurrent.FutureTask.run(FutureTask.java:266)
	at java.lang.Thread.run(Thread.java:748)
2019-09-24 16:33:25,328 WARN  ratis.RaftTestUtil (JavaUtils.java:attempt(158)) - FAILED "waitForLeader-null-(expectLeader? true)", attempt #8/100: java.lang.IllegalStateException: No leader yet : printing ALL groups
  s3:  RUNNING CANDIDATE s3@group-A4401D2D6DDD:t1, leader=null, voted=s3, raftlog=s3@group-A4401D2D6DDD-SegmentedRaftLog:OPENED:c-1,f-1,i0, conf=-1: [s3:0.0.0.0:36312, s4:0.0.0.0:37443, s0:0.0.0.0:41765, s1:0.0.0.0:36446, s2:0.0.0.0:41779], old=null RUNNING
  s4:  RUNNING CANDIDATE s4@group-A4401D2D6DDD:t1, leader=null, voted=s4, raftlog=s4@group-A4401D2D6DDD-SegmentedRaftLog:OPENED:c-1,f-1,i0, conf=-1: [s3:0.0.0.0:36312, s4:0.0.0.0:37443, s0:0.0.0.0:41765, s1:0.0.0.0:36446, s2:0.0.0.0:41779], old=null RUNNING
  s0:  RUNNING CANDIDATE s0@group-A4401D2D6DDD:t1, leader=null, voted=s0, raftlog=s0@group-A4401D2D6DDD-SegmentedRaftLog:OPENED:c-1,f-1,i0, conf=-1: [s3:0.0.0.0:36312, s4:0.0.0.0:37443, s0:0.0.0.0:41765, s1:0.0.0.0:36446, s2:0.0.0.0:41779], old=null RUNNING
  s1:  RUNNING CANDIDATE s1@group-A4401D2D6DDD:t1, leader=null, voted=s1, raftlog=s1@group-A4401D2D6DDD-SegmentedRaftLog:OPENED:c-1,f-1,i0, conf=-1: [s3:0.0.0.0:36312, s4:0.0.0.0:37443, s0:0.0.0.0:41765, s1:0.0.0.0:36446, s2:0.0.0.0:41779], old=null RUNNING
  s2:  RUNNING CANDIDATE s2@group-A4401D2D6DDD:t1, leader=null, voted=s2, raftlog=s2@group-A4401D2D6DDD-SegmentedRaftLog:OPENED:c-1,f-1,i0, conf=-1: [s3:0.0.0.0:36312, s4:0.0.0.0:37443, s0:0.0.0.0:41765, s1:0.0.0.0:36446, s2:0.0.0.0:41779], old=null RUNNING, sleep 450ms and then retry.
java.lang.IllegalStateException: No leader yet : printing ALL groups
  s3:  RUNNING CANDIDATE s3@group-A4401D2D6DDD:t1, leader=null, voted=s3, raftlog=s3@group-A4401D2D6DDD-SegmentedRaftLog:OPENED:c-1,f-1,i0, conf=-1: [s3:0.0.0.0:36312, s4:0.0.0.0:37443, s0:0.0.0.0:41765, s1:0.0.0.0:36446, s2:0.0.0.0:41779], old=null RUNNING
  s4:  RUNNING CANDIDATE s4@group-A4401D2D6DDD:t1, leader=null, voted=s4, raftlog=s4@group-A4401D2D6DDD-SegmentedRaftLog:OPENED:c-1,f-1,i0, conf=-1: [s3:0.0.0.0:36312, s4:0.0.0.0:37443, s0:0.0.0.0:41765, s1:0.0.0.0:36446, s2:0.0.0.0:41779], old=null RUNNING
  s0:  RUNNING CANDIDATE s0@group-A4401D2D6DDD:t1, leader=null, voted=s0, raftlog=s0@group-A4401D2D6DDD-SegmentedRaftLog:OPENED:c-1,f-1,i0, conf=-1: [s3:0.0.0.0:36312, s4:0.0.0.0:37443, s0:0.0.0.0:41765, s1:0.0.0.0:36446, s2:0.0.0.0:41779], old=null RUNNING
  s1:  RUNNING CANDIDATE s1@group-A4401D2D6DDD:t1, leader=null, voted=s1, raftlog=s1@group-A4401D2D6DDD-SegmentedRaftLog:OPENED:c-1,f-1,i0, conf=-1: [s3:0.0.0.0:36312, s4:0.0.0.0:37443, s0:0.0.0.0:41765, s1:0.0.0.0:36446, s2:0.0.0.0:41779], old=null RUNNING
  s2:  RUNNING CANDIDATE s2@group-A4401D2D6DDD:t1, leader=null, voted=s2, raftlog=s2@group-A4401D2D6DDD-SegmentedRaftLog:OPENED:c-1,f-1,i0, conf=-1: [s3:0.0.0.0:36312, s4:0.0.0.0:37443, s0:0.0.0.0:41765, s1:0.0.0.0:36446, s2:0.0.0.0:41779], old=null RUNNING
	at org.apache.ratis.MiniRaftCluster.newIllegalStateExceptionForNoLeaders(MiniRaftCluster.java:506)
	at org.apache.ratis.RaftTestUtil.lambda$waitForLeader$1(RaftTestUtil.java:90)
	at org.apache.ratis.MiniRaftCluster.getLeader(MiniRaftCluster.java:539)
	at org.apache.ratis.MiniRaftCluster.getLeader(MiniRaftCluster.java:532)
	at org.apache.ratis.RaftTestUtil.lambda$waitForLeader$3(RaftTestUtil.java:98)
	at org.apache.ratis.util.JavaUtils.attempt(JavaUtils.java:152)
	at org.apache.ratis.RaftTestUtil.waitForLeader(RaftTestUtil.java:97)
	at org.apache.ratis.RaftTestUtil.waitForLeader(RaftTestUtil.java:77)
	at org.apache.ratis.RaftTestUtil.waitForLeader(RaftTestUtil.java:72)
	at org.apache.ratis.server.impl.RaftReconfigurationBaseTest.runTestAddRemovePeers(RaftReconfigurationBaseTest.java:125)
	at org.apache.ratis.server.impl.RaftReconfigurationBaseTest.lambda$testLeaderStepDown$3(RaftReconfigurationBaseTest.java:121)
	at org.apache.ratis.MiniRaftCluster$Factory$Get.runWithNewCluster(MiniRaftCluster.java:125)
	at org.apache.ratis.MiniRaftCluster$Factory$Get.runWithNewCluster(MiniRaftCluster.java:113)
	at org.apache.ratis.server.impl.RaftReconfigurationBaseTest.testLeaderStepDown(RaftReconfigurationBaseTest.java:121)
	at sun.reflect.NativeMethodAccessorImpl.invoke0(Native Method)
	at sun.reflect.NativeMethodAccessorImpl.invoke(NativeMethodAccessorImpl.java:62)
	at sun.reflect.DelegatingMethodAccessorImpl.invoke(DelegatingMethodAccessorImpl.java:43)
	at java.lang.reflect.Method.invoke(Method.java:498)
	at org.junit.runners.model.FrameworkMethod$1.runReflectiveCall(FrameworkMethod.java:50)
	at org.junit.internal.runners.model.ReflectiveCallable.run(ReflectiveCallable.java:12)
	at org.junit.runners.model.FrameworkMethod.invokeExplosively(FrameworkMethod.java:47)
	at org.junit.internal.runners.statements.InvokeMethod.evaluate(InvokeMethod.java:17)
	at org.junit.internal.runners.statements.RunAfters.evaluate(RunAfters.java:27)
	at org.junit.internal.runners.statements.FailOnTimeout$CallableStatement.call(FailOnTimeout.java:298)
	at org.junit.internal.runners.statements.FailOnTimeout$CallableStatement.call(FailOnTimeout.java:292)
	at java.util.concurrent.FutureTask.run(FutureTask.java:266)
	at java.lang.Thread.run(Thread.java:748)
2019-09-24 16:33:25,780 WARN  ratis.RaftTestUtil (JavaUtils.java:attempt(158)) - FAILED "waitForLeader-null-(expectLeader? true)", attempt #9/100: java.lang.IllegalStateException: No leader yet : printing ALL groups
  s3:  RUNNING CANDIDATE s3@group-A4401D2D6DDD:t1, leader=null, voted=s3, raftlog=s3@group-A4401D2D6DDD-SegmentedRaftLog:OPENED:c-1,f-1,i0, conf=-1: [s3:0.0.0.0:36312, s4:0.0.0.0:37443, s0:0.0.0.0:41765, s1:0.0.0.0:36446, s2:0.0.0.0:41779], old=null RUNNING
  s4:  RUNNING CANDIDATE s4@group-A4401D2D6DDD:t1, leader=null, voted=s4, raftlog=s4@group-A4401D2D6DDD-SegmentedRaftLog:OPENED:c-1,f-1,i0, conf=-1: [s3:0.0.0.0:36312, s4:0.0.0.0:37443, s0:0.0.0.0:41765, s1:0.0.0.0:36446, s2:0.0.0.0:41779], old=null RUNNING
  s0:  RUNNING CANDIDATE s0@group-A4401D2D6DDD:t1, leader=null, voted=s0, raftlog=s0@group-A4401D2D6DDD-SegmentedRaftLog:OPENED:c-1,f-1,i0, conf=-1: [s3:0.0.0.0:36312, s4:0.0.0.0:37443, s0:0.0.0.0:41765, s1:0.0.0.0:36446, s2:0.0.0.0:41779], old=null RUNNING
  s1:  RUNNING CANDIDATE s1@group-A4401D2D6DDD:t1, leader=null, voted=s1, raftlog=s1@group-A4401D2D6DDD-SegmentedRaftLog:OPENED:c-1,f-1,i0, conf=-1: [s3:0.0.0.0:36312, s4:0.0.0.0:37443, s0:0.0.0.0:41765, s1:0.0.0.0:36446, s2:0.0.0.0:41779], old=null RUNNING
  s2:  RUNNING CANDIDATE s2@group-A4401D2D6DDD:t1, leader=null, voted=s2, raftlog=s2@group-A4401D2D6DDD-SegmentedRaftLog:OPENED:c-1,f-1,i0, conf=-1: [s3:0.0.0.0:36312, s4:0.0.0.0:37443, s0:0.0.0.0:41765, s1:0.0.0.0:36446, s2:0.0.0.0:41779], old=null RUNNING, sleep 450ms and then retry.
java.lang.IllegalStateException: No leader yet : printing ALL groups
  s3:  RUNNING CANDIDATE s3@group-A4401D2D6DDD:t1, leader=null, voted=s3, raftlog=s3@group-A4401D2D6DDD-SegmentedRaftLog:OPENED:c-1,f-1,i0, conf=-1: [s3:0.0.0.0:36312, s4:0.0.0.0:37443, s0:0.0.0.0:41765, s1:0.0.0.0:36446, s2:0.0.0.0:41779], old=null RUNNING
  s4:  RUNNING CANDIDATE s4@group-A4401D2D6DDD:t1, leader=null, voted=s4, raftlog=s4@group-A4401D2D6DDD-SegmentedRaftLog:OPENED:c-1,f-1,i0, conf=-1: [s3:0.0.0.0:36312, s4:0.0.0.0:37443, s0:0.0.0.0:41765, s1:0.0.0.0:36446, s2:0.0.0.0:41779], old=null RUNNING
  s0:  RUNNING CANDIDATE s0@group-A4401D2D6DDD:t1, leader=null, voted=s0, raftlog=s0@group-A4401D2D6DDD-SegmentedRaftLog:OPENED:c-1,f-1,i0, conf=-1: [s3:0.0.0.0:36312, s4:0.0.0.0:37443, s0:0.0.0.0:41765, s1:0.0.0.0:36446, s2:0.0.0.0:41779], old=null RUNNING
  s1:  RUNNING CANDIDATE s1@group-A4401D2D6DDD:t1, leader=null, voted=s1, raftlog=s1@group-A4401D2D6DDD-SegmentedRaftLog:OPENED:c-1,f-1,i0, conf=-1: [s3:0.0.0.0:36312, s4:0.0.0.0:37443, s0:0.0.0.0:41765, s1:0.0.0.0:36446, s2:0.0.0.0:41779], old=null RUNNING
  s2:  RUNNING CANDIDATE s2@group-A4401D2D6DDD:t1, leader=null, voted=s2, raftlog=s2@group-A4401D2D6DDD-SegmentedRaftLog:OPENED:c-1,f-1,i0, conf=-1: [s3:0.0.0.0:36312, s4:0.0.0.0:37443, s0:0.0.0.0:41765, s1:0.0.0.0:36446, s2:0.0.0.0:41779], old=null RUNNING
	at org.apache.ratis.MiniRaftCluster.newIllegalStateExceptionForNoLeaders(MiniRaftCluster.java:506)
	at org.apache.ratis.RaftTestUtil.lambda$waitForLeader$1(RaftTestUtil.java:90)
	at org.apache.ratis.MiniRaftCluster.getLeader(MiniRaftCluster.java:539)
	at org.apache.ratis.MiniRaftCluster.getLeader(MiniRaftCluster.java:532)
	at org.apache.ratis.RaftTestUtil.lambda$waitForLeader$3(RaftTestUtil.java:98)
	at org.apache.ratis.util.JavaUtils.attempt(JavaUtils.java:152)
	at org.apache.ratis.RaftTestUtil.waitForLeader(RaftTestUtil.java:97)
	at org.apache.ratis.RaftTestUtil.waitForLeader(RaftTestUtil.java:77)
	at org.apache.ratis.RaftTestUtil.waitForLeader(RaftTestUtil.java:72)
	at org.apache.ratis.server.impl.RaftReconfigurationBaseTest.runTestAddRemovePeers(RaftReconfigurationBaseTest.java:125)
	at org.apache.ratis.server.impl.RaftReconfigurationBaseTest.lambda$testLeaderStepDown$3(RaftReconfigurationBaseTest.java:121)
	at org.apache.ratis.MiniRaftCluster$Factory$Get.runWithNewCluster(MiniRaftCluster.java:125)
	at org.apache.ratis.MiniRaftCluster$Factory$Get.runWithNewCluster(MiniRaftCluster.java:113)
	at org.apache.ratis.server.impl.RaftReconfigurationBaseTest.testLeaderStepDown(RaftReconfigurationBaseTest.java:121)
	at sun.reflect.NativeMethodAccessorImpl.invoke0(Native Method)
	at sun.reflect.NativeMethodAccessorImpl.invoke(NativeMethodAccessorImpl.java:62)
	at sun.reflect.DelegatingMethodAccessorImpl.invoke(DelegatingMethodAccessorImpl.java:43)
	at java.lang.reflect.Method.invoke(Method.java:498)
	at org.junit.runners.model.FrameworkMethod$1.runReflectiveCall(FrameworkMethod.java:50)
	at org.junit.internal.runners.model.ReflectiveCallable.run(ReflectiveCallable.java:12)
	at org.junit.runners.model.FrameworkMethod.invokeExplosively(FrameworkMethod.java:47)
	at org.junit.internal.runners.statements.InvokeMethod.evaluate(InvokeMethod.java:17)
	at org.junit.internal.runners.statements.RunAfters.evaluate(RunAfters.java:27)
	at org.junit.internal.runners.statements.FailOnTimeout$CallableStatement.call(FailOnTimeout.java:298)
	at org.junit.internal.runners.statements.FailOnTimeout$CallableStatement.call(FailOnTimeout.java:292)
	at java.util.concurrent.FutureTask.run(FutureTask.java:266)
	at java.lang.Thread.run(Thread.java:748)
2019-09-24 16:33:26,232 WARN  ratis.RaftTestUtil (JavaUtils.java:attempt(158)) - FAILED "waitForLeader-null-(expectLeader? true)", attempt #10/100: java.lang.IllegalStateException: No leader yet : printing ALL groups
  s3:  RUNNING CANDIDATE s3@group-A4401D2D6DDD:t1, leader=null, voted=s3, raftlog=s3@group-A4401D2D6DDD-SegmentedRaftLog:OPENED:c-1,f-1,i0, conf=-1: [s3:0.0.0.0:36312, s4:0.0.0.0:37443, s0:0.0.0.0:41765, s1:0.0.0.0:36446, s2:0.0.0.0:41779], old=null RUNNING
  s4:  RUNNING CANDIDATE s4@group-A4401D2D6DDD:t1, leader=null, voted=s4, raftlog=s4@group-A4401D2D6DDD-SegmentedRaftLog:OPENED:c-1,f-1,i0, conf=-1: [s3:0.0.0.0:36312, s4:0.0.0.0:37443, s0:0.0.0.0:41765, s1:0.0.0.0:36446, s2:0.0.0.0:41779], old=null RUNNING
  s0:  RUNNING CANDIDATE s0@group-A4401D2D6DDD:t1, leader=null, voted=s0, raftlog=s0@group-A4401D2D6DDD-SegmentedRaftLog:OPENED:c-1,f-1,i0, conf=-1: [s3:0.0.0.0:36312, s4:0.0.0.0:37443, s0:0.0.0.0:41765, s1:0.0.0.0:36446, s2:0.0.0.0:41779], old=null RUNNING
  s1:  RUNNING CANDIDATE s1@group-A4401D2D6DDD:t1, leader=null, voted=s1, raftlog=s1@group-A4401D2D6DDD-SegmentedRaftLog:OPENED:c-1,f-1,i0, conf=-1: [s3:0.0.0.0:36312, s4:0.0.0.0:37443, s0:0.0.0.0:41765, s1:0.0.0.0:36446, s2:0.0.0.0:41779], old=null RUNNING
  s2:  RUNNING CANDIDATE s2@group-A4401D2D6DDD:t1, leader=null, voted=s2, raftlog=s2@group-A4401D2D6DDD-SegmentedRaftLog:OPENED:c-1,f-1,i0, conf=-1: [s3:0.0.0.0:36312, s4:0.0.0.0:37443, s0:0.0.0.0:41765, s1:0.0.0.0:36446, s2:0.0.0.0:41779], old=null RUNNING, sleep 450ms and then retry.
java.lang.IllegalStateException: No leader yet : printing ALL groups
  s3:  RUNNING CANDIDATE s3@group-A4401D2D6DDD:t1, leader=null, voted=s3, raftlog=s3@group-A4401D2D6DDD-SegmentedRaftLog:OPENED:c-1,f-1,i0, conf=-1: [s3:0.0.0.0:36312, s4:0.0.0.0:37443, s0:0.0.0.0:41765, s1:0.0.0.0:36446, s2:0.0.0.0:41779], old=null RUNNING
  s4:  RUNNING CANDIDATE s4@group-A4401D2D6DDD:t1, leader=null, voted=s4, raftlog=s4@group-A4401D2D6DDD-SegmentedRaftLog:OPENED:c-1,f-1,i0, conf=-1: [s3:0.0.0.0:36312, s4:0.0.0.0:37443, s0:0.0.0.0:41765, s1:0.0.0.0:36446, s2:0.0.0.0:41779], old=null RUNNING
  s0:  RUNNING CANDIDATE s0@group-A4401D2D6DDD:t1, leader=null, voted=s0, raftlog=s0@group-A4401D2D6DDD-SegmentedRaftLog:OPENED:c-1,f-1,i0, conf=-1: [s3:0.0.0.0:36312, s4:0.0.0.0:37443, s0:0.0.0.0:41765, s1:0.0.0.0:36446, s2:0.0.0.0:41779], old=null RUNNING
  s1:  RUNNING CANDIDATE s1@group-A4401D2D6DDD:t1, leader=null, voted=s1, raftlog=s1@group-A4401D2D6DDD-SegmentedRaftLog:OPENED:c-1,f-1,i0, conf=-1: [s3:0.0.0.0:36312, s4:0.0.0.0:37443, s0:0.0.0.0:41765, s1:0.0.0.0:36446, s2:0.0.0.0:41779], old=null RUNNING
  s2:  RUNNING CANDIDATE s2@group-A4401D2D6DDD:t1, leader=null, voted=s2, raftlog=s2@group-A4401D2D6DDD-SegmentedRaftLog:OPENED:c-1,f-1,i0, conf=-1: [s3:0.0.0.0:36312, s4:0.0.0.0:37443, s0:0.0.0.0:41765, s1:0.0.0.0:36446, s2:0.0.0.0:41779], old=null RUNNING
	at org.apache.ratis.MiniRaftCluster.newIllegalStateExceptionForNoLeaders(MiniRaftCluster.java:506)
	at org.apache.ratis.RaftTestUtil.lambda$waitForLeader$1(RaftTestUtil.java:90)
	at org.apache.ratis.MiniRaftCluster.getLeader(MiniRaftCluster.java:539)
	at org.apache.ratis.MiniRaftCluster.getLeader(MiniRaftCluster.java:532)
	at org.apache.ratis.RaftTestUtil.lambda$waitForLeader$3(RaftTestUtil.java:98)
	at org.apache.ratis.util.JavaUtils.attempt(JavaUtils.java:152)
	at org.apache.ratis.RaftTestUtil.waitForLeader(RaftTestUtil.java:97)
	at org.apache.ratis.RaftTestUtil.waitForLeader(RaftTestUtil.java:77)
	at org.apache.ratis.RaftTestUtil.waitForLeader(RaftTestUtil.java:72)
	at org.apache.ratis.server.impl.RaftReconfigurationBaseTest.runTestAddRemovePeers(RaftReconfigurationBaseTest.java:125)
	at org.apache.ratis.server.impl.RaftReconfigurationBaseTest.lambda$testLeaderStepDown$3(RaftReconfigurationBaseTest.java:121)
	at org.apache.ratis.MiniRaftCluster$Factory$Get.runWithNewCluster(MiniRaftCluster.java:125)
	at org.apache.ratis.MiniRaftCluster$Factory$Get.runWithNewCluster(MiniRaftCluster.java:113)
	at org.apache.ratis.server.impl.RaftReconfigurationBaseTest.testLeaderStepDown(RaftReconfigurationBaseTest.java:121)
	at sun.reflect.NativeMethodAccessorImpl.invoke0(Native Method)
	at sun.reflect.NativeMethodAccessorImpl.invoke(NativeMethodAccessorImpl.java:62)
	at sun.reflect.DelegatingMethodAccessorImpl.invoke(DelegatingMethodAccessorImpl.java:43)
	at java.lang.reflect.Method.invoke(Method.java:498)
	at org.junit.runners.model.FrameworkMethod$1.runReflectiveCall(FrameworkMethod.java:50)
	at org.junit.internal.runners.model.ReflectiveCallable.run(ReflectiveCallable.java:12)
	at org.junit.runners.model.FrameworkMethod.invokeExplosively(FrameworkMethod.java:47)
	at org.junit.internal.runners.statements.InvokeMethod.evaluate(InvokeMethod.java:17)
	at org.junit.internal.runners.statements.RunAfters.evaluate(RunAfters.java:27)
	at org.junit.internal.runners.statements.FailOnTimeout$CallableStatement.call(FailOnTimeout.java:298)
	at org.junit.internal.runners.statements.FailOnTimeout$CallableStatement.call(FailOnTimeout.java:292)
	at java.util.concurrent.FutureTask.run(FutureTask.java:266)
	at java.lang.Thread.run(Thread.java:748)
2019-09-24 16:33:26,684 WARN  ratis.RaftTestUtil (JavaUtils.java:attempt(158)) - FAILED "waitForLeader-null-(expectLeader? true)", attempt #11/100: java.lang.IllegalStateException: No leader yet : printing ALL groups
  s3:  RUNNING CANDIDATE s3@group-A4401D2D6DDD:t1, leader=null, voted=s3, raftlog=s3@group-A4401D2D6DDD-SegmentedRaftLog:OPENED:c-1,f-1,i0, conf=-1: [s3:0.0.0.0:36312, s4:0.0.0.0:37443, s0:0.0.0.0:41765, s1:0.0.0.0:36446, s2:0.0.0.0:41779], old=null RUNNING
  s4:  RUNNING CANDIDATE s4@group-A4401D2D6DDD:t1, leader=null, voted=s4, raftlog=s4@group-A4401D2D6DDD-SegmentedRaftLog:OPENED:c-1,f-1,i0, conf=-1: [s3:0.0.0.0:36312, s4:0.0.0.0:37443, s0:0.0.0.0:41765, s1:0.0.0.0:36446, s2:0.0.0.0:41779], old=null RUNNING
  s0:  RUNNING CANDIDATE s0@group-A4401D2D6DDD:t1, leader=null, voted=s0, raftlog=s0@group-A4401D2D6DDD-SegmentedRaftLog:OPENED:c-1,f-1,i0, conf=-1: [s3:0.0.0.0:36312, s4:0.0.0.0:37443, s0:0.0.0.0:41765, s1:0.0.0.0:36446, s2:0.0.0.0:41779], old=null RUNNING
  s1:  RUNNING CANDIDATE s1@group-A4401D2D6DDD:t1, leader=null, voted=s1, raftlog=s1@group-A4401D2D6DDD-SegmentedRaftLog:OPENED:c-1,f-1,i0, conf=-1: [s3:0.0.0.0:36312, s4:0.0.0.0:37443, s0:0.0.0.0:41765, s1:0.0.0.0:36446, s2:0.0.0.0:41779], old=null RUNNING
  s2:  RUNNING CANDIDATE s2@group-A4401D2D6DDD:t1, leader=null, voted=s2, raftlog=s2@group-A4401D2D6DDD-SegmentedRaftLog:OPENED:c-1,f-1,i0, conf=-1: [s3:0.0.0.0:36312, s4:0.0.0.0:37443, s0:0.0.0.0:41765, s1:0.0.0.0:36446, s2:0.0.0.0:41779], old=null RUNNING, sleep 450ms and then retry.
java.lang.IllegalStateException: No leader yet : printing ALL groups
  s3:  RUNNING CANDIDATE s3@group-A4401D2D6DDD:t1, leader=null, voted=s3, raftlog=s3@group-A4401D2D6DDD-SegmentedRaftLog:OPENED:c-1,f-1,i0, conf=-1: [s3:0.0.0.0:36312, s4:0.0.0.0:37443, s0:0.0.0.0:41765, s1:0.0.0.0:36446, s2:0.0.0.0:41779], old=null RUNNING
  s4:  RUNNING CANDIDATE s4@group-A4401D2D6DDD:t1, leader=null, voted=s4, raftlog=s4@group-A4401D2D6DDD-SegmentedRaftLog:OPENED:c-1,f-1,i0, conf=-1: [s3:0.0.0.0:36312, s4:0.0.0.0:37443, s0:0.0.0.0:41765, s1:0.0.0.0:36446, s2:0.0.0.0:41779], old=null RUNNING
  s0:  RUNNING CANDIDATE s0@group-A4401D2D6DDD:t1, leader=null, voted=s0, raftlog=s0@group-A4401D2D6DDD-SegmentedRaftLog:OPENED:c-1,f-1,i0, conf=-1: [s3:0.0.0.0:36312, s4:0.0.0.0:37443, s0:0.0.0.0:41765, s1:0.0.0.0:36446, s2:0.0.0.0:41779], old=null RUNNING
  s1:  RUNNING CANDIDATE s1@group-A4401D2D6DDD:t1, leader=null, voted=s1, raftlog=s1@group-A4401D2D6DDD-SegmentedRaftLog:OPENED:c-1,f-1,i0, conf=-1: [s3:0.0.0.0:36312, s4:0.0.0.0:37443, s0:0.0.0.0:41765, s1:0.0.0.0:36446, s2:0.0.0.0:41779], old=null RUNNING
  s2:  RUNNING CANDIDATE s2@group-A4401D2D6DDD:t1, leader=null, voted=s2, raftlog=s2@group-A4401D2D6DDD-SegmentedRaftLog:OPENED:c-1,f-1,i0, conf=-1: [s3:0.0.0.0:36312, s4:0.0.0.0:37443, s0:0.0.0.0:41765, s1:0.0.0.0:36446, s2:0.0.0.0:41779], old=null RUNNING
	at org.apache.ratis.MiniRaftCluster.newIllegalStateExceptionForNoLeaders(MiniRaftCluster.java:506)
	at org.apache.ratis.RaftTestUtil.lambda$waitForLeader$1(RaftTestUtil.java:90)
	at org.apache.ratis.MiniRaftCluster.getLeader(MiniRaftCluster.java:539)
	at org.apache.ratis.MiniRaftCluster.getLeader(MiniRaftCluster.java:532)
	at org.apache.ratis.RaftTestUtil.lambda$waitForLeader$3(RaftTestUtil.java:98)
	at org.apache.ratis.util.JavaUtils.attempt(JavaUtils.java:152)
	at org.apache.ratis.RaftTestUtil.waitForLeader(RaftTestUtil.java:97)
	at org.apache.ratis.RaftTestUtil.waitForLeader(RaftTestUtil.java:77)
	at org.apache.ratis.RaftTestUtil.waitForLeader(RaftTestUtil.java:72)
	at org.apache.ratis.server.impl.RaftReconfigurationBaseTest.runTestAddRemovePeers(RaftReconfigurationBaseTest.java:125)
	at org.apache.ratis.server.impl.RaftReconfigurationBaseTest.lambda$testLeaderStepDown$3(RaftReconfigurationBaseTest.java:121)
	at org.apache.ratis.MiniRaftCluster$Factory$Get.runWithNewCluster(MiniRaftCluster.java:125)
	at org.apache.ratis.MiniRaftCluster$Factory$Get.runWithNewCluster(MiniRaftCluster.java:113)
	at org.apache.ratis.server.impl.RaftReconfigurationBaseTest.testLeaderStepDown(RaftReconfigurationBaseTest.java:121)
	at sun.reflect.NativeMethodAccessorImpl.invoke0(Native Method)
	at sun.reflect.NativeMethodAccessorImpl.invoke(NativeMethodAccessorImpl.java:62)
	at sun.reflect.DelegatingMethodAccessorImpl.invoke(DelegatingMethodAccessorImpl.java:43)
	at java.lang.reflect.Method.invoke(Method.java:498)
	at org.junit.runners.model.FrameworkMethod$1.runReflectiveCall(FrameworkMethod.java:50)
	at org.junit.internal.runners.model.ReflectiveCallable.run(ReflectiveCallable.java:12)
	at org.junit.runners.model.FrameworkMethod.invokeExplosively(FrameworkMethod.java:47)
	at org.junit.internal.runners.statements.InvokeMethod.evaluate(InvokeMethod.java:17)
	at org.junit.internal.runners.statements.RunAfters.evaluate(RunAfters.java:27)
	at org.junit.internal.runners.statements.FailOnTimeout$CallableStatement.call(FailOnTimeout.java:298)
	at org.junit.internal.runners.statements.FailOnTimeout$CallableStatement.call(FailOnTimeout.java:292)
	at java.util.concurrent.FutureTask.run(FutureTask.java:266)
	at java.lang.Thread.run(Thread.java:748)
2019-09-24 16:33:27,135 WARN  ratis.RaftTestUtil (JavaUtils.java:attempt(158)) - FAILED "waitForLeader-null-(expectLeader? true)", attempt #12/100: java.lang.IllegalStateException: No leader yet : printing ALL groups
  s3:  RUNNING CANDIDATE s3@group-A4401D2D6DDD:t1, leader=null, voted=s3, raftlog=s3@group-A4401D2D6DDD-SegmentedRaftLog:OPENED:c-1,f-1,i0, conf=-1: [s3:0.0.0.0:36312, s4:0.0.0.0:37443, s0:0.0.0.0:41765, s1:0.0.0.0:36446, s2:0.0.0.0:41779], old=null RUNNING
  s4:  RUNNING CANDIDATE s4@group-A4401D2D6DDD:t1, leader=null, voted=s4, raftlog=s4@group-A4401D2D6DDD-SegmentedRaftLog:OPENED:c-1,f-1,i0, conf=-1: [s3:0.0.0.0:36312, s4:0.0.0.0:37443, s0:0.0.0.0:41765, s1:0.0.0.0:36446, s2:0.0.0.0:41779], old=null RUNNING
  s0:  RUNNING CANDIDATE s0@group-A4401D2D6DDD:t1, leader=null, voted=s0, raftlog=s0@group-A4401D2D6DDD-SegmentedRaftLog:OPENED:c-1,f-1,i0, conf=-1: [s3:0.0.0.0:36312, s4:0.0.0.0:37443, s0:0.0.0.0:41765, s1:0.0.0.0:36446, s2:0.0.0.0:41779], old=null RUNNING
  s1:  RUNNING CANDIDATE s1@group-A4401D2D6DDD:t1, leader=null, voted=s1, raftlog=s1@group-A4401D2D6DDD-SegmentedRaftLog:OPENED:c-1,f-1,i0, conf=-1: [s3:0.0.0.0:36312, s4:0.0.0.0:37443, s0:0.0.0.0:41765, s1:0.0.0.0:36446, s2:0.0.0.0:41779], old=null RUNNING
  s2:  RUNNING CANDIDATE s2@group-A4401D2D6DDD:t1, leader=null, voted=s2, raftlog=s2@group-A4401D2D6DDD-SegmentedRaftLog:OPENED:c-1,f-1,i0, conf=-1: [s3:0.0.0.0:36312, s4:0.0.0.0:37443, s0:0.0.0.0:41765, s1:0.0.0.0:36446, s2:0.0.0.0:41779], old=null RUNNING, sleep 450ms and then retry.
java.lang.IllegalStateException: No leader yet : printing ALL groups
  s3:  RUNNING CANDIDATE s3@group-A4401D2D6DDD:t1, leader=null, voted=s3, raftlog=s3@group-A4401D2D6DDD-SegmentedRaftLog:OPENED:c-1,f-1,i0, conf=-1: [s3:0.0.0.0:36312, s4:0.0.0.0:37443, s0:0.0.0.0:41765, s1:0.0.0.0:36446, s2:0.0.0.0:41779], old=null RUNNING
  s4:  RUNNING CANDIDATE s4@group-A4401D2D6DDD:t1, leader=null, voted=s4, raftlog=s4@group-A4401D2D6DDD-SegmentedRaftLog:OPENED:c-1,f-1,i0, conf=-1: [s3:0.0.0.0:36312, s4:0.0.0.0:37443, s0:0.0.0.0:41765, s1:0.0.0.0:36446, s2:0.0.0.0:41779], old=null RUNNING
  s0:  RUNNING CANDIDATE s0@group-A4401D2D6DDD:t1, leader=null, voted=s0, raftlog=s0@group-A4401D2D6DDD-SegmentedRaftLog:OPENED:c-1,f-1,i0, conf=-1: [s3:0.0.0.0:36312, s4:0.0.0.0:37443, s0:0.0.0.0:41765, s1:0.0.0.0:36446, s2:0.0.0.0:41779], old=null RUNNING
  s1:  RUNNING CANDIDATE s1@group-A4401D2D6DDD:t1, leader=null, voted=s1, raftlog=s1@group-A4401D2D6DDD-SegmentedRaftLog:OPENED:c-1,f-1,i0, conf=-1: [s3:0.0.0.0:36312, s4:0.0.0.0:37443, s0:0.0.0.0:41765, s1:0.0.0.0:36446, s2:0.0.0.0:41779], old=null RUNNING
  s2:  RUNNING CANDIDATE s2@group-A4401D2D6DDD:t1, leader=null, voted=s2, raftlog=s2@group-A4401D2D6DDD-SegmentedRaftLog:OPENED:c-1,f-1,i0, conf=-1: [s3:0.0.0.0:36312, s4:0.0.0.0:37443, s0:0.0.0.0:41765, s1:0.0.0.0:36446, s2:0.0.0.0:41779], old=null RUNNING
	at org.apache.ratis.MiniRaftCluster.newIllegalStateExceptionForNoLeaders(MiniRaftCluster.java:506)
	at org.apache.ratis.RaftTestUtil.lambda$waitForLeader$1(RaftTestUtil.java:90)
	at org.apache.ratis.MiniRaftCluster.getLeader(MiniRaftCluster.java:539)
	at org.apache.ratis.MiniRaftCluster.getLeader(MiniRaftCluster.java:532)
	at org.apache.ratis.RaftTestUtil.lambda$waitForLeader$3(RaftTestUtil.java:98)
	at org.apache.ratis.util.JavaUtils.attempt(JavaUtils.java:152)
	at org.apache.ratis.RaftTestUtil.waitForLeader(RaftTestUtil.java:97)
	at org.apache.ratis.RaftTestUtil.waitForLeader(RaftTestUtil.java:77)
	at org.apache.ratis.RaftTestUtil.waitForLeader(RaftTestUtil.java:72)
	at org.apache.ratis.server.impl.RaftReconfigurationBaseTest.runTestAddRemovePeers(RaftReconfigurationBaseTest.java:125)
	at org.apache.ratis.server.impl.RaftReconfigurationBaseTest.lambda$testLeaderStepDown$3(RaftReconfigurationBaseTest.java:121)
	at org.apache.ratis.MiniRaftCluster$Factory$Get.runWithNewCluster(MiniRaftCluster.java:125)
	at org.apache.ratis.MiniRaftCluster$Factory$Get.runWithNewCluster(MiniRaftCluster.java:113)
	at org.apache.ratis.server.impl.RaftReconfigurationBaseTest.testLeaderStepDown(RaftReconfigurationBaseTest.java:121)
	at sun.reflect.NativeMethodAccessorImpl.invoke0(Native Method)
	at sun.reflect.NativeMethodAccessorImpl.invoke(NativeMethodAccessorImpl.java:62)
	at sun.reflect.DelegatingMethodAccessorImpl.invoke(DelegatingMethodAccessorImpl.java:43)
	at java.lang.reflect.Method.invoke(Method.java:498)
	at org.junit.runners.model.FrameworkMethod$1.runReflectiveCall(FrameworkMethod.java:50)
	at org.junit.internal.runners.model.ReflectiveCallable.run(ReflectiveCallable.java:12)
	at org.junit.runners.model.FrameworkMethod.invokeExplosively(FrameworkMethod.java:47)
	at org.junit.internal.runners.statements.InvokeMethod.evaluate(InvokeMethod.java:17)
	at org.junit.internal.runners.statements.RunAfters.evaluate(RunAfters.java:27)
	at org.junit.internal.runners.statements.FailOnTimeout$CallableStatement.call(FailOnTimeout.java:298)
	at org.junit.internal.runners.statements.FailOnTimeout$CallableStatement.call(FailOnTimeout.java:292)
	at java.util.concurrent.FutureTask.run(FutureTask.java:266)
	at java.lang.Thread.run(Thread.java:748)
2019-09-24 16:33:27,523 INFO  impl.LeaderElection (LeaderElection.java:askForVotes(178)) - s1@group-A4401D2D6DDD-LeaderElection37: begin an election at term 1 for -1: [s3:0.0.0.0:36312, s4:0.0.0.0:37443, s0:0.0.0.0:41765, s1:0.0.0.0:36446, s2:0.0.0.0:41779], old=null
2019-09-24 16:33:27,523 INFO  impl.LeaderElection (LeaderElection.java:askForVotes(178)) - s3@group-A4401D2D6DDD-LeaderElection36: begin an election at term 1 for -1: [s3:0.0.0.0:36312, s4:0.0.0.0:37443, s0:0.0.0.0:41765, s1:0.0.0.0:36446, s2:0.0.0.0:41779], old=null
2019-09-24 16:33:27,531 INFO  logging.LoggingHandler (AbstractInternalLogger.java:log(150)) - [id: 0x26491fce, L:/0.0.0.0:37443] READ: [id: 0xdf77b145, L:/192.168.5.142:37443 - R:/192.168.5.142:47800]
2019-09-24 16:33:27,531 INFO  logging.LoggingHandler (AbstractInternalLogger.java:log(150)) - [id: 0xcd11cf86, L:/0.0.0.0:41765] READ: [id: 0x217140ed, L:/192.168.5.142:41765 - R:/192.168.5.142:45506]
2019-09-24 16:33:27,532 INFO  logging.LoggingHandler (AbstractInternalLogger.java:log(150)) - [id: 0x9b511a0f, L:/0.0.0.0:36446] READ: [id: 0xe43fe297, L:/192.168.5.142:36446 - R:/192.168.5.142:54130]
2019-09-24 16:33:27,531 INFO  logging.LoggingHandler (AbstractInternalLogger.java:log(150)) - [id: 0x46371257, L:/0.0.0.0:36312] READ: [id: 0x8b025c00, L:/192.168.5.142:36312 - R:/192.168.5.142:40834]
2019-09-24 16:33:27,532 INFO  logging.LoggingHandler (AbstractInternalLogger.java:log(150)) - [id: 0x9b511a0f, L:/0.0.0.0:36446] READ COMPLETE
2019-09-24 16:33:27,533 INFO  logging.LoggingHandler (AbstractInternalLogger.java:log(150)) - [id: 0x46371257, L:/0.0.0.0:36312] READ COMPLETE
2019-09-24 16:33:27,532 INFO  logging.LoggingHandler (AbstractInternalLogger.java:log(150)) - [id: 0xcd11cf86, L:/0.0.0.0:41765] READ COMPLETE
2019-09-24 16:33:27,532 INFO  logging.LoggingHandler (AbstractInternalLogger.java:log(150)) - [id: 0x26491fce, L:/0.0.0.0:37443] READ COMPLETE
2019-09-24 16:33:27,533 INFO  logging.LoggingHandler (AbstractInternalLogger.java:log(150)) - [id: 0xcd11cf86, L:/0.0.0.0:41765] READ: [id: 0xa2e14846, L:/192.168.5.142:41765 - R:/192.168.5.142:45514]
2019-09-24 16:33:27,532 INFO  logging.LoggingHandler (AbstractInternalLogger.java:log(150)) - [id: 0x53d6449d, L:/0.0.0.0:41779] READ: [id: 0x0f011fda, L:/192.168.5.142:41779 - R:/192.168.5.142:33212]
2019-09-24 16:33:27,534 INFO  logging.LoggingHandler (AbstractInternalLogger.java:log(150)) - [id: 0xcd11cf86, L:/0.0.0.0:41765] READ COMPLETE
2019-09-24 16:33:27,534 INFO  logging.LoggingHandler (AbstractInternalLogger.java:log(150)) - [id: 0x26491fce, L:/0.0.0.0:37443] READ: [id: 0x8a734b95, L:/192.168.5.142:37443 - R:/192.168.5.142:47802]
2019-09-24 16:33:27,534 INFO  logging.LoggingHandler (AbstractInternalLogger.java:log(150)) - [id: 0x53d6449d, L:/0.0.0.0:41779] READ COMPLETE
2019-09-24 16:33:27,535 INFO  logging.LoggingHandler (AbstractInternalLogger.java:log(150)) - [id: 0x26491fce, L:/0.0.0.0:37443] READ COMPLETE
2019-09-24 16:33:27,535 INFO  logging.LoggingHandler (AbstractInternalLogger.java:log(150)) - [id: 0x53d6449d, L:/0.0.0.0:41779] READ: [id: 0x3e18e1bc, L:/192.168.5.142:41779 - R:/192.168.5.142:33208]
2019-09-24 16:33:27,535 INFO  logging.LoggingHandler (AbstractInternalLogger.java:log(150)) - [id: 0x53d6449d, L:/0.0.0.0:41779] READ COMPLETE
2019-09-24 16:33:27,537 DEBUG impl.RaftServerImpl (RaftServerImpl.java:requestVote(743)) - s2@group-A4401D2D6DDD: receive requestVote(s3, group-A4401D2D6DDD, 1, (t:0, i:0))
2019-09-24 16:33:27,537 DEBUG impl.RaftServerImpl (RaftServerImpl.java:requestVote(743)) - s0@group-A4401D2D6DDD: receive requestVote(s1, group-A4401D2D6DDD, 1, (t:0, i:0))
2019-09-24 16:33:27,537 DEBUG impl.RaftServerImpl (RaftServerImpl.java:requestVote(743)) - s4@group-A4401D2D6DDD: receive requestVote(s1, group-A4401D2D6DDD, 1, (t:0, i:0))
2019-09-24 16:33:27,537 DEBUG impl.RaftServerImpl (RaftServerImpl.java:requestVote(743)) - s4@group-A4401D2D6DDD: receive requestVote(s3, group-A4401D2D6DDD, 1, (t:0, i:0))
2019-09-24 16:33:27,538 DEBUG impl.RaftServerImpl (RaftServerImpl.java:requestVote(743)) - s1@group-A4401D2D6DDD: receive requestVote(s3, group-A4401D2D6DDD, 1, (t:0, i:0))
2019-09-24 16:33:27,537 DEBUG impl.RaftServerImpl (RaftServerImpl.java:requestVote(743)) - s0@group-A4401D2D6DDD: receive requestVote(s3, group-A4401D2D6DDD, 1, (t:0, i:0))
2019-09-24 16:33:27,539 DEBUG impl.RaftServerImpl (RaftServerImpl.java:requestVote(775)) - s1@group-A4401D2D6DDD replies to vote request: s3<-s1#0:FAIL-t1. Peer's state: s1@group-A4401D2D6DDD:t1, leader=null, voted=s1, raftlog=s1@group-A4401D2D6DDD-SegmentedRaftLog:OPENED:c-1,f-1,i0, conf=-1: [s3:0.0.0.0:36312, s4:0.0.0.0:37443, s0:0.0.0.0:41765, s1:0.0.0.0:36446, s2:0.0.0.0:41779], old=null
2019-09-24 16:33:27,539 DEBUG impl.RaftServerImpl (RaftServerImpl.java:requestVote(743)) - s3@group-A4401D2D6DDD: receive requestVote(s1, group-A4401D2D6DDD, 1, (t:0, i:0))
2019-09-24 16:33:27,538 DEBUG impl.RaftServerImpl (RaftServerImpl.java:requestVote(743)) - s2@group-A4401D2D6DDD: receive requestVote(s1, group-A4401D2D6DDD, 1, (t:0, i:0))
2019-09-24 16:33:27,539 DEBUG impl.RaftServerImpl (RaftServerImpl.java:requestVote(775)) - s3@group-A4401D2D6DDD replies to vote request: s1<-s3#0:FAIL-t1. Peer's state: s3@group-A4401D2D6DDD:t1, leader=null, voted=s3, raftlog=s3@group-A4401D2D6DDD-SegmentedRaftLog:OPENED:c-1,f-1,i0, conf=-1: [s3:0.0.0.0:36312, s4:0.0.0.0:37443, s0:0.0.0.0:41765, s1:0.0.0.0:36446, s2:0.0.0.0:41779], old=null
2019-09-24 16:33:27,587 WARN  ratis.RaftTestUtil (JavaUtils.java:attempt(158)) - FAILED "waitForLeader-null-(expectLeader? true)", attempt #13/100: java.lang.IllegalStateException: No leader yet : printing ALL groups
  s3:  RUNNING CANDIDATE s3@group-A4401D2D6DDD:t1, leader=null, voted=s3, raftlog=s3@group-A4401D2D6DDD-SegmentedRaftLog:OPENED:c-1,f-1,i0, conf=-1: [s3:0.0.0.0:36312, s4:0.0.0.0:37443, s0:0.0.0.0:41765, s1:0.0.0.0:36446, s2:0.0.0.0:41779], old=null RUNNING
  s4:  RUNNING CANDIDATE s4@group-A4401D2D6DDD:t1, leader=null, voted=s4, raftlog=s4@group-A4401D2D6DDD-SegmentedRaftLog:OPENED:c-1,f-1,i0, conf=-1: [s3:0.0.0.0:36312, s4:0.0.0.0:37443, s0:0.0.0.0:41765, s1:0.0.0.0:36446, s2:0.0.0.0:41779], old=null RUNNING
  s0:  RUNNING CANDIDATE s0@group-A4401D2D6DDD:t1, leader=null, voted=s0, raftlog=s0@group-A4401D2D6DDD-SegmentedRaftLog:OPENED:c-1,f-1,i0, conf=-1: [s3:0.0.0.0:36312, s4:0.0.0.0:37443, s0:0.0.0.0:41765, s1:0.0.0.0:36446, s2:0.0.0.0:41779], old=null RUNNING
  s1:  RUNNING CANDIDATE s1@group-A4401D2D6DDD:t1, leader=null, voted=s1, raftlog=s1@group-A4401D2D6DDD-SegmentedRaftLog:OPENED:c-1,f-1,i0, conf=-1: [s3:0.0.0.0:36312, s4:0.0.0.0:37443, s0:0.0.0.0:41765, s1:0.0.0.0:36446, s2:0.0.0.0:41779], old=null RUNNING
  s2:  RUNNING CANDIDATE s2@group-A4401D2D6DDD:t1, leader=null, voted=s2, raftlog=s2@group-A4401D2D6DDD-SegmentedRaftLog:OPENED:c-1,f-1,i0, conf=-1: [s3:0.0.0.0:36312, s4:0.0.0.0:37443, s0:0.0.0.0:41765, s1:0.0.0.0:36446, s2:0.0.0.0:41779], old=null RUNNING, sleep 450ms and then retry.
java.lang.IllegalStateException: No leader yet : printing ALL groups
  s3:  RUNNING CANDIDATE s3@group-A4401D2D6DDD:t1, leader=null, voted=s3, raftlog=s3@group-A4401D2D6DDD-SegmentedRaftLog:OPENED:c-1,f-1,i0, conf=-1: [s3:0.0.0.0:36312, s4:0.0.0.0:37443, s0:0.0.0.0:41765, s1:0.0.0.0:36446, s2:0.0.0.0:41779], old=null RUNNING
  s4:  RUNNING CANDIDATE s4@group-A4401D2D6DDD:t1, leader=null, voted=s4, raftlog=s4@group-A4401D2D6DDD-SegmentedRaftLog:OPENED:c-1,f-1,i0, conf=-1: [s3:0.0.0.0:36312, s4:0.0.0.0:37443, s0:0.0.0.0:41765, s1:0.0.0.0:36446, s2:0.0.0.0:41779], old=null RUNNING
  s0:  RUNNING CANDIDATE s0@group-A4401D2D6DDD:t1, leader=null, voted=s0, raftlog=s0@group-A4401D2D6DDD-SegmentedRaftLog:OPENED:c-1,f-1,i0, conf=-1: [s3:0.0.0.0:36312, s4:0.0.0.0:37443, s0:0.0.0.0:41765, s1:0.0.0.0:36446, s2:0.0.0.0:41779], old=null RUNNING
  s1:  RUNNING CANDIDATE s1@group-A4401D2D6DDD:t1, leader=null, voted=s1, raftlog=s1@group-A4401D2D6DDD-SegmentedRaftLog:OPENED:c-1,f-1,i0, conf=-1: [s3:0.0.0.0:36312, s4:0.0.0.0:37443, s0:0.0.0.0:41765, s1:0.0.0.0:36446, s2:0.0.0.0:41779], old=null RUNNING
  s2:  RUNNING CANDIDATE s2@group-A4401D2D6DDD:t1, leader=null, voted=s2, raftlog=s2@group-A4401D2D6DDD-SegmentedRaftLog:OPENED:c-1,f-1,i0, conf=-1: [s3:0.0.0.0:36312, s4:0.0.0.0:37443, s0:0.0.0.0:41765, s1:0.0.0.0:36446, s2:0.0.0.0:41779], old=null RUNNING
	at org.apache.ratis.MiniRaftCluster.newIllegalStateExceptionForNoLeaders(MiniRaftCluster.java:506)
	at org.apache.ratis.RaftTestUtil.lambda$waitForLeader$1(RaftTestUtil.java:90)
	at org.apache.ratis.MiniRaftCluster.getLeader(MiniRaftCluster.java:539)
	at org.apache.ratis.MiniRaftCluster.getLeader(MiniRaftCluster.java:532)
	at org.apache.ratis.RaftTestUtil.lambda$waitForLeader$3(RaftTestUtil.java:98)
	at org.apache.ratis.util.JavaUtils.attempt(JavaUtils.java:152)
	at org.apache.ratis.RaftTestUtil.waitForLeader(RaftTestUtil.java:97)
	at org.apache.ratis.RaftTestUtil.waitForLeader(RaftTestUtil.java:77)
	at org.apache.ratis.RaftTestUtil.waitForLeader(RaftTestUtil.java:72)
	at org.apache.ratis.server.impl.RaftReconfigurationBaseTest.runTestAddRemovePeers(RaftReconfigurationBaseTest.java:125)
	at org.apache.ratis.server.impl.RaftReconfigurationBaseTest.lambda$testLeaderStepDown$3(RaftReconfigurationBaseTest.java:121)
	at org.apache.ratis.MiniRaftCluster$Factory$Get.runWithNewCluster(MiniRaftCluster.java:125)
	at org.apache.ratis.MiniRaftCluster$Factory$Get.runWithNewCluster(MiniRaftCluster.java:113)
	at org.apache.ratis.server.impl.RaftReconfigurationBaseTest.testLeaderStepDown(RaftReconfigurationBaseTest.java:121)
	at sun.reflect.NativeMethodAccessorImpl.invoke0(Native Method)
	at sun.reflect.NativeMethodAccessorImpl.invoke(NativeMethodAccessorImpl.java:62)
	at sun.reflect.DelegatingMethodAccessorImpl.invoke(DelegatingMethodAccessorImpl.java:43)
	at java.lang.reflect.Method.invoke(Method.java:498)
	at org.junit.runners.model.FrameworkMethod$1.runReflectiveCall(FrameworkMethod.java:50)
	at org.junit.internal.runners.model.ReflectiveCallable.run(ReflectiveCallable.java:12)
	at org.junit.runners.model.FrameworkMethod.invokeExplosively(FrameworkMethod.java:47)
	at org.junit.internal.runners.statements.InvokeMethod.evaluate(InvokeMethod.java:17)
	at org.junit.internal.runners.statements.RunAfters.evaluate(RunAfters.java:27)
	at org.junit.internal.runners.statements.FailOnTimeout$CallableStatement.call(FailOnTimeout.java:298)
	at org.junit.internal.runners.statements.FailOnTimeout$CallableStatement.call(FailOnTimeout.java:292)
	at java.util.concurrent.FutureTask.run(FutureTask.java:266)
	at java.lang.Thread.run(Thread.java:748)
2019-09-24 16:33:27,693 INFO  impl.LeaderElection (LeaderElection.java:logAndReturn(56)) - s3@group-A4401D2D6DDD-LeaderElection36: Election TIMEOUT; received 1 response(s) [s3<-s1#0:FAIL-t1] and 0 exception(s); s3@group-A4401D2D6DDD:t1, leader=null, voted=s3, raftlog=s3@group-A4401D2D6DDD-SegmentedRaftLog:OPENED:c-1,f-1,i0, conf=-1: [s3:0.0.0.0:36312, s4:0.0.0.0:37443, s0:0.0.0.0:41765, s1:0.0.0.0:36446, s2:0.0.0.0:41779], old=null
2019-09-24 16:33:27,715 INFO  impl.LeaderElection (LeaderElection.java:logAndReturn(56)) - s1@group-A4401D2D6DDD-LeaderElection37: Election TIMEOUT; received 1 response(s) [s1<-s3#0:FAIL-t1] and 0 exception(s); s1@group-A4401D2D6DDD:t1, leader=null, voted=s1, raftlog=s1@group-A4401D2D6DDD-SegmentedRaftLog:OPENED:c-1,f-1,i0, conf=-1: [s3:0.0.0.0:36312, s4:0.0.0.0:37443, s0:0.0.0.0:41765, s1:0.0.0.0:36446, s2:0.0.0.0:41779], old=null
2019-09-24 16:33:28,039 WARN  ratis.RaftTestUtil (JavaUtils.java:attempt(158)) - FAILED "waitForLeader-null-(expectLeader? true)", attempt #14/100: java.lang.IllegalStateException: No leader yet : printing ALL groups
  s3:  RUNNING CANDIDATE s3@group-A4401D2D6DDD:t2, leader=null, voted=s3, raftlog=s3@group-A4401D2D6DDD-SegmentedRaftLog:OPENED:c-1,f-1,i0, conf=-1: [s3:0.0.0.0:36312, s4:0.0.0.0:37443, s0:0.0.0.0:41765, s1:0.0.0.0:36446, s2:0.0.0.0:41779], old=null RUNNING
  s4:  RUNNING CANDIDATE s4@group-A4401D2D6DDD:t1, leader=null, voted=s4, raftlog=s4@group-A4401D2D6DDD-SegmentedRaftLog:OPENED:c-1,f-1,i0, conf=-1: [s3:0.0.0.0:36312, s4:0.0.0.0:37443, s0:0.0.0.0:41765, s1:0.0.0.0:36446, s2:0.0.0.0:41779], old=null RUNNING
  s0:  RUNNING CANDIDATE s0@group-A4401D2D6DDD:t1, leader=null, voted=s0, raftlog=s0@group-A4401D2D6DDD-SegmentedRaftLog:OPENED:c-1,f-1,i0, conf=-1: [s3:0.0.0.0:36312, s4:0.0.0.0:37443, s0:0.0.0.0:41765, s1:0.0.0.0:36446, s2:0.0.0.0:41779], old=null RUNNING
  s1:  RUNNING CANDIDATE s1@group-A4401D2D6DDD:t2, leader=null, voted=s1, raftlog=s1@group-A4401D2D6DDD-SegmentedRaftLog:OPENED:c-1,f-1,i0, conf=-1: [s3:0.0.0.0:36312, s4:0.0.0.0:37443, s0:0.0.0.0:41765, s1:0.0.0.0:36446, s2:0.0.0.0:41779], old=null RUNNING
  s2:  RUNNING CANDIDATE s2@group-A4401D2D6DDD:t1, leader=null, voted=s2, raftlog=s2@group-A4401D2D6DDD-SegmentedRaftLog:OPENED:c-1,f-1,i0, conf=-1: [s3:0.0.0.0:36312, s4:0.0.0.0:37443, s0:0.0.0.0:41765, s1:0.0.0.0:36446, s2:0.0.0.0:41779], old=null RUNNING, sleep 450ms and then retry.
java.lang.IllegalStateException: No leader yet : printing ALL groups
  s3:  RUNNING CANDIDATE s3@group-A4401D2D6DDD:t2, leader=null, voted=s3, raftlog=s3@group-A4401D2D6DDD-SegmentedRaftLog:OPENED:c-1,f-1,i0, conf=-1: [s3:0.0.0.0:36312, s4:0.0.0.0:37443, s0:0.0.0.0:41765, s1:0.0.0.0:36446, s2:0.0.0.0:41779], old=null RUNNING
  s4:  RUNNING CANDIDATE s4@group-A4401D2D6DDD:t1, leader=null, voted=s4, raftlog=s4@group-A4401D2D6DDD-SegmentedRaftLog:OPENED:c-1,f-1,i0, conf=-1: [s3:0.0.0.0:36312, s4:0.0.0.0:37443, s0:0.0.0.0:41765, s1:0.0.0.0:36446, s2:0.0.0.0:41779], old=null RUNNING
  s0:  RUNNING CANDIDATE s0@group-A4401D2D6DDD:t1, leader=null, voted=s0, raftlog=s0@group-A4401D2D6DDD-SegmentedRaftLog:OPENED:c-1,f-1,i0, conf=-1: [s3:0.0.0.0:36312, s4:0.0.0.0:37443, s0:0.0.0.0:41765, s1:0.0.0.0:36446, s2:0.0.0.0:41779], old=null RUNNING
  s1:  RUNNING CANDIDATE s1@group-A4401D2D6DDD:t2, leader=null, voted=s1, raftlog=s1@group-A4401D2D6DDD-SegmentedRaftLog:OPENED:c-1,f-1,i0, conf=-1: [s3:0.0.0.0:36312, s4:0.0.0.0:37443, s0:0.0.0.0:41765, s1:0.0.0.0:36446, s2:0.0.0.0:41779], old=null RUNNING
  s2:  RUNNING CANDIDATE s2@group-A4401D2D6DDD:t1, leader=null, voted=s2, raftlog=s2@group-A4401D2D6DDD-SegmentedRaftLog:OPENED:c-1,f-1,i0, conf=-1: [s3:0.0.0.0:36312, s4:0.0.0.0:37443, s0:0.0.0.0:41765, s1:0.0.0.0:36446, s2:0.0.0.0:41779], old=null RUNNING
	at org.apache.ratis.MiniRaftCluster.newIllegalStateExceptionForNoLeaders(MiniRaftCluster.java:506)
	at org.apache.ratis.RaftTestUtil.lambda$waitForLeader$1(RaftTestUtil.java:90)
	at org.apache.ratis.MiniRaftCluster.getLeader(MiniRaftCluster.java:539)
	at org.apache.ratis.MiniRaftCluster.getLeader(MiniRaftCluster.java:532)
	at org.apache.ratis.RaftTestUtil.lambda$waitForLeader$3(RaftTestUtil.java:98)
	at org.apache.ratis.util.JavaUtils.attempt(JavaUtils.java:152)
	at org.apache.ratis.RaftTestUtil.waitForLeader(RaftTestUtil.java:97)
	at org.apache.ratis.RaftTestUtil.waitForLeader(RaftTestUtil.java:77)
	at org.apache.ratis.RaftTestUtil.waitForLeader(RaftTestUtil.java:72)
	at org.apache.ratis.server.impl.RaftReconfigurationBaseTest.runTestAddRemovePeers(RaftReconfigurationBaseTest.java:125)
	at org.apache.ratis.server.impl.RaftReconfigurationBaseTest.lambda$testLeaderStepDown$3(RaftReconfigurationBaseTest.java:121)
	at org.apache.ratis.MiniRaftCluster$Factory$Get.runWithNewCluster(MiniRaftCluster.java:125)
	at org.apache.ratis.MiniRaftCluster$Factory$Get.runWithNewCluster(MiniRaftCluster.java:113)
	at org.apache.ratis.server.impl.RaftReconfigurationBaseTest.testLeaderStepDown(RaftReconfigurationBaseTest.java:121)
	at sun.reflect.NativeMethodAccessorImpl.invoke0(Native Method)
	at sun.reflect.NativeMethodAccessorImpl.invoke(NativeMethodAccessorImpl.java:62)
	at sun.reflect.DelegatingMethodAccessorImpl.invoke(DelegatingMethodAccessorImpl.java:43)
	at java.lang.reflect.Method.invoke(Method.java:498)
	at org.junit.runners.model.FrameworkMethod$1.runReflectiveCall(FrameworkMethod.java:50)
	at org.junit.internal.runners.model.ReflectiveCallable.run(ReflectiveCallable.java:12)
	at org.junit.runners.model.FrameworkMethod.invokeExplosively(FrameworkMethod.java:47)
	at org.junit.internal.runners.statements.InvokeMethod.evaluate(InvokeMethod.java:17)
	at org.junit.internal.runners.statements.RunAfters.evaluate(RunAfters.java:27)
	at org.junit.internal.runners.statements.FailOnTimeout$CallableStatement.call(FailOnTimeout.java:298)
	at org.junit.internal.runners.statements.FailOnTimeout$CallableStatement.call(FailOnTimeout.java:292)
	at java.util.concurrent.FutureTask.run(FutureTask.java:266)
	at java.lang.Thread.run(Thread.java:748)
2019-09-24 16:33:28,491 WARN  ratis.RaftTestUtil (JavaUtils.java:attempt(158)) - FAILED "waitForLeader-null-(expectLeader? true)", attempt #15/100: java.lang.IllegalStateException: No leader yet : printing ALL groups
  s3:  RUNNING CANDIDATE s3@group-A4401D2D6DDD:t2, leader=null, voted=s3, raftlog=s3@group-A4401D2D6DDD-SegmentedRaftLog:OPENED:c-1,f-1,i0, conf=-1: [s3:0.0.0.0:36312, s4:0.0.0.0:37443, s0:0.0.0.0:41765, s1:0.0.0.0:36446, s2:0.0.0.0:41779], old=null RUNNING
  s4:  RUNNING CANDIDATE s4@group-A4401D2D6DDD:t1, leader=null, voted=s4, raftlog=s4@group-A4401D2D6DDD-SegmentedRaftLog:OPENED:c-1,f-1,i0, conf=-1: [s3:0.0.0.0:36312, s4:0.0.0.0:37443, s0:0.0.0.0:41765, s1:0.0.0.0:36446, s2:0.0.0.0:41779], old=null RUNNING
  s0:  RUNNING CANDIDATE s0@group-A4401D2D6DDD:t1, leader=null, voted=s0, raftlog=s0@group-A4401D2D6DDD-SegmentedRaftLog:OPENED:c-1,f-1,i0, conf=-1: [s3:0.0.0.0:36312, s4:0.0.0.0:37443, s0:0.0.0.0:41765, s1:0.0.0.0:36446, s2:0.0.0.0:41779], old=null RUNNING
  s1:  RUNNING CANDIDATE s1@group-A4401D2D6DDD:t2, leader=null, voted=s1, raftlog=s1@group-A4401D2D6DDD-SegmentedRaftLog:OPENED:c-1,f-1,i0, conf=-1: [s3:0.0.0.0:36312, s4:0.0.0.0:37443, s0:0.0.0.0:41765, s1:0.0.0.0:36446, s2:0.0.0.0:41779], old=null RUNNING
  s2:  RUNNING CANDIDATE s2@group-A4401D2D6DDD:t1, leader=null, voted=s2, raftlog=s2@group-A4401D2D6DDD-SegmentedRaftLog:OPENED:c-1,f-1,i0, conf=-1: [s3:0.0.0.0:36312, s4:0.0.0.0:37443, s0:0.0.0.0:41765, s1:0.0.0.0:36446, s2:0.0.0.0:41779], old=null RUNNING, sleep 450ms and then retry.
java.lang.IllegalStateException: No leader yet : printing ALL groups
  s3:  RUNNING CANDIDATE s3@group-A4401D2D6DDD:t2, leader=null, voted=s3, raftlog=s3@group-A4401D2D6DDD-SegmentedRaftLog:OPENED:c-1,f-1,i0, conf=-1: [s3:0.0.0.0:36312, s4:0.0.0.0:37443, s0:0.0.0.0:41765, s1:0.0.0.0:36446, s2:0.0.0.0:41779], old=null RUNNING
  s4:  RUNNING CANDIDATE s4@group-A4401D2D6DDD:t1, leader=null, voted=s4, raftlog=s4@group-A4401D2D6DDD-SegmentedRaftLog:OPENED:c-1,f-1,i0, conf=-1: [s3:0.0.0.0:36312, s4:0.0.0.0:37443, s0:0.0.0.0:41765, s1:0.0.0.0:36446, s2:0.0.0.0:41779], old=null RUNNING
  s0:  RUNNING CANDIDATE s0@group-A4401D2D6DDD:t1, leader=null, voted=s0, raftlog=s0@group-A4401D2D6DDD-SegmentedRaftLog:OPENED:c-1,f-1,i0, conf=-1: [s3:0.0.0.0:36312, s4:0.0.0.0:37443, s0:0.0.0.0:41765, s1:0.0.0.0:36446, s2:0.0.0.0:41779], old=null RUNNING
  s1:  RUNNING CANDIDATE s1@group-A4401D2D6DDD:t2, leader=null, voted=s1, raftlog=s1@group-A4401D2D6DDD-SegmentedRaftLog:OPENED:c-1,f-1,i0, conf=-1: [s3:0.0.0.0:36312, s4:0.0.0.0:37443, s0:0.0.0.0:41765, s1:0.0.0.0:36446, s2:0.0.0.0:41779], old=null RUNNING
  s2:  RUNNING CANDIDATE s2@group-A4401D2D6DDD:t1, leader=null, voted=s2, raftlog=s2@group-A4401D2D6DDD-SegmentedRaftLog:OPENED:c-1,f-1,i0, conf=-1: [s3:0.0.0.0:36312, s4:0.0.0.0:37443, s0:0.0.0.0:41765, s1:0.0.0.0:36446, s2:0.0.0.0:41779], old=null RUNNING
	at org.apache.ratis.MiniRaftCluster.newIllegalStateExceptionForNoLeaders(MiniRaftCluster.java:506)
	at org.apache.ratis.RaftTestUtil.lambda$waitForLeader$1(RaftTestUtil.java:90)
	at org.apache.ratis.MiniRaftCluster.getLeader(MiniRaftCluster.java:539)
	at org.apache.ratis.MiniRaftCluster.getLeader(MiniRaftCluster.java:532)
	at org.apache.ratis.RaftTestUtil.lambda$waitForLeader$3(RaftTestUtil.java:98)
	at org.apache.ratis.util.JavaUtils.attempt(JavaUtils.java:152)
	at org.apache.ratis.RaftTestUtil.waitForLeader(RaftTestUtil.java:97)
	at org.apache.ratis.RaftTestUtil.waitForLeader(RaftTestUtil.java:77)
	at org.apache.ratis.RaftTestUtil.waitForLeader(RaftTestUtil.java:72)
	at org.apache.ratis.server.impl.RaftReconfigurationBaseTest.runTestAddRemovePeers(RaftReconfigurationBaseTest.java:125)
	at org.apache.ratis.server.impl.RaftReconfigurationBaseTest.lambda$testLeaderStepDown$3(RaftReconfigurationBaseTest.java:121)
	at org.apache.ratis.MiniRaftCluster$Factory$Get.runWithNewCluster(MiniRaftCluster.java:125)
	at org.apache.ratis.MiniRaftCluster$Factory$Get.runWithNewCluster(MiniRaftCluster.java:113)
	at org.apache.ratis.server.impl.RaftReconfigurationBaseTest.testLeaderStepDown(RaftReconfigurationBaseTest.java:121)
	at sun.reflect.NativeMethodAccessorImpl.invoke0(Native Method)
	at sun.reflect.NativeMethodAccessorImpl.invoke(NativeMethodAccessorImpl.java:62)
	at sun.reflect.DelegatingMethodAccessorImpl.invoke(DelegatingMethodAccessorImpl.java:43)
	at java.lang.reflect.Method.invoke(Method.java:498)
	at org.junit.runners.model.FrameworkMethod$1.runReflectiveCall(FrameworkMethod.java:50)
	at org.junit.internal.runners.model.ReflectiveCallable.run(ReflectiveCallable.java:12)
	at org.junit.runners.model.FrameworkMethod.invokeExplosively(FrameworkMethod.java:47)
	at org.junit.internal.runners.statements.InvokeMethod.evaluate(InvokeMethod.java:17)
	at org.junit.internal.runners.statements.RunAfters.evaluate(RunAfters.java:27)
	at org.junit.internal.runners.statements.FailOnTimeout$CallableStatement.call(FailOnTimeout.java:298)
	at org.junit.internal.runners.statements.FailOnTimeout$CallableStatement.call(FailOnTimeout.java:292)
	at java.util.concurrent.FutureTask.run(FutureTask.java:266)
	at java.lang.Thread.run(Thread.java:748)
2019-09-24 16:33:28,943 WARN  ratis.RaftTestUtil (JavaUtils.java:attempt(158)) - FAILED "waitForLeader-null-(expectLeader? true)", attempt #16/100: java.lang.IllegalStateException: No leader yet : printing ALL groups
  s3:  RUNNING CANDIDATE s3@group-A4401D2D6DDD:t2, leader=null, voted=s3, raftlog=s3@group-A4401D2D6DDD-SegmentedRaftLog:OPENED:c-1,f-1,i0, conf=-1: [s3:0.0.0.0:36312, s4:0.0.0.0:37443, s0:0.0.0.0:41765, s1:0.0.0.0:36446, s2:0.0.0.0:41779], old=null RUNNING
  s4:  RUNNING CANDIDATE s4@group-A4401D2D6DDD:t1, leader=null, voted=s4, raftlog=s4@group-A4401D2D6DDD-SegmentedRaftLog:OPENED:c-1,f-1,i0, conf=-1: [s3:0.0.0.0:36312, s4:0.0.0.0:37443, s0:0.0.0.0:41765, s1:0.0.0.0:36446, s2:0.0.0.0:41779], old=null RUNNING
  s0:  RUNNING CANDIDATE s0@group-A4401D2D6DDD:t1, leader=null, voted=s0, raftlog=s0@group-A4401D2D6DDD-SegmentedRaftLog:OPENED:c-1,f-1,i0, conf=-1: [s3:0.0.0.0:36312, s4:0.0.0.0:37443, s0:0.0.0.0:41765, s1:0.0.0.0:36446, s2:0.0.0.0:41779], old=null RUNNING
  s1:  RUNNING CANDIDATE s1@group-A4401D2D6DDD:t2, leader=null, voted=s1, raftlog=s1@group-A4401D2D6DDD-SegmentedRaftLog:OPENED:c-1,f-1,i0, conf=-1: [s3:0.0.0.0:36312, s4:0.0.0.0:37443, s0:0.0.0.0:41765, s1:0.0.0.0:36446, s2:0.0.0.0:41779], old=null RUNNING
  s2:  RUNNING CANDIDATE s2@group-A4401D2D6DDD:t1, leader=null, voted=s2, raftlog=s2@group-A4401D2D6DDD-SegmentedRaftLog:OPENED:c-1,f-1,i0, conf=-1: [s3:0.0.0.0:36312, s4:0.0.0.0:37443, s0:0.0.0.0:41765, s1:0.0.0.0:36446, s2:0.0.0.0:41779], old=null RUNNING, sleep 450ms and then retry.
java.lang.IllegalStateException: No leader yet : printing ALL groups
  s3:  RUNNING CANDIDATE s3@group-A4401D2D6DDD:t2, leader=null, voted=s3, raftlog=s3@group-A4401D2D6DDD-SegmentedRaftLog:OPENED:c-1,f-1,i0, conf=-1: [s3:0.0.0.0:36312, s4:0.0.0.0:37443, s0:0.0.0.0:41765, s1:0.0.0.0:36446, s2:0.0.0.0:41779], old=null RUNNING
  s4:  RUNNING CANDIDATE s4@group-A4401D2D6DDD:t1, leader=null, voted=s4, raftlog=s4@group-A4401D2D6DDD-SegmentedRaftLog:OPENED:c-1,f-1,i0, conf=-1: [s3:0.0.0.0:36312, s4:0.0.0.0:37443, s0:0.0.0.0:41765, s1:0.0.0.0:36446, s2:0.0.0.0:41779], old=null RUNNING
  s0:  RUNNING CANDIDATE s0@group-A4401D2D6DDD:t1, leader=null, voted=s0, raftlog=s0@group-A4401D2D6DDD-SegmentedRaftLog:OPENED:c-1,f-1,i0, conf=-1: [s3:0.0.0.0:36312, s4:0.0.0.0:37443, s0:0.0.0.0:41765, s1:0.0.0.0:36446, s2:0.0.0.0:41779], old=null RUNNING
  s1:  RUNNING CANDIDATE s1@group-A4401D2D6DDD:t2, leader=null, voted=s1, raftlog=s1@group-A4401D2D6DDD-SegmentedRaftLog:OPENED:c-1,f-1,i0, conf=-1: [s3:0.0.0.0:36312, s4:0.0.0.0:37443, s0:0.0.0.0:41765, s1:0.0.0.0:36446, s2:0.0.0.0:41779], old=null RUNNING
  s2:  RUNNING CANDIDATE s2@group-A4401D2D6DDD:t1, leader=null, voted=s2, raftlog=s2@group-A4401D2D6DDD-SegmentedRaftLog:OPENED:c-1,f-1,i0, conf=-1: [s3:0.0.0.0:36312, s4:0.0.0.0:37443, s0:0.0.0.0:41765, s1:0.0.0.0:36446, s2:0.0.0.0:41779], old=null RUNNING
	at org.apache.ratis.MiniRaftCluster.newIllegalStateExceptionForNoLeaders(MiniRaftCluster.java:506)
	at org.apache.ratis.RaftTestUtil.lambda$waitForLeader$1(RaftTestUtil.java:90)
	at org.apache.ratis.MiniRaftCluster.getLeader(MiniRaftCluster.java:539)
	at org.apache.ratis.MiniRaftCluster.getLeader(MiniRaftCluster.java:532)
	at org.apache.ratis.RaftTestUtil.lambda$waitForLeader$3(RaftTestUtil.java:98)
	at org.apache.ratis.util.JavaUtils.attempt(JavaUtils.java:152)
	at org.apache.ratis.RaftTestUtil.waitForLeader(RaftTestUtil.java:97)
	at org.apache.ratis.RaftTestUtil.waitForLeader(RaftTestUtil.java:77)
	at org.apache.ratis.RaftTestUtil.waitForLeader(RaftTestUtil.java:72)
	at org.apache.ratis.server.impl.RaftReconfigurationBaseTest.runTestAddRemovePeers(RaftReconfigurationBaseTest.java:125)
	at org.apache.ratis.server.impl.RaftReconfigurationBaseTest.lambda$testLeaderStepDown$3(RaftReconfigurationBaseTest.java:121)
	at org.apache.ratis.MiniRaftCluster$Factory$Get.runWithNewCluster(MiniRaftCluster.java:125)
	at org.apache.ratis.MiniRaftCluster$Factory$Get.runWithNewCluster(MiniRaftCluster.java:113)
	at org.apache.ratis.server.impl.RaftReconfigurationBaseTest.testLeaderStepDown(RaftReconfigurationBaseTest.java:121)
	at sun.reflect.NativeMethodAccessorImpl.invoke0(Native Method)
	at sun.reflect.NativeMethodAccessorImpl.invoke(NativeMethodAccessorImpl.java:62)
	at sun.reflect.DelegatingMethodAccessorImpl.invoke(DelegatingMethodAccessorImpl.java:43)
	at java.lang.reflect.Method.invoke(Method.java:498)
	at org.junit.runners.model.FrameworkMethod$1.runReflectiveCall(FrameworkMethod.java:50)
	at org.junit.internal.runners.model.ReflectiveCallable.run(ReflectiveCallable.java:12)
	at org.junit.runners.model.FrameworkMethod.invokeExplosively(FrameworkMethod.java:47)
	at org.junit.internal.runners.statements.InvokeMethod.evaluate(InvokeMethod.java:17)
	at org.junit.internal.runners.statements.RunAfters.evaluate(RunAfters.java:27)
	at org.junit.internal.runners.statements.FailOnTimeout$CallableStatement.call(FailOnTimeout.java:298)
	at org.junit.internal.runners.statements.FailOnTimeout$CallableStatement.call(FailOnTimeout.java:292)
	at java.util.concurrent.FutureTask.run(FutureTask.java:266)
	at java.lang.Thread.run(Thread.java:748)
2019-09-24 16:33:29,394 WARN  ratis.RaftTestUtil (JavaUtils.java:attempt(158)) - FAILED "waitForLeader-null-(expectLeader? true)", attempt #17/100: java.lang.IllegalStateException: No leader yet : printing ALL groups
  s3:  RUNNING CANDIDATE s3@group-A4401D2D6DDD:t2, leader=null, voted=s3, raftlog=s3@group-A4401D2D6DDD-SegmentedRaftLog:OPENED:c-1,f-1,i0, conf=-1: [s3:0.0.0.0:36312, s4:0.0.0.0:37443, s0:0.0.0.0:41765, s1:0.0.0.0:36446, s2:0.0.0.0:41779], old=null RUNNING
  s4:  RUNNING CANDIDATE s4@group-A4401D2D6DDD:t1, leader=null, voted=s4, raftlog=s4@group-A4401D2D6DDD-SegmentedRaftLog:OPENED:c-1,f-1,i0, conf=-1: [s3:0.0.0.0:36312, s4:0.0.0.0:37443, s0:0.0.0.0:41765, s1:0.0.0.0:36446, s2:0.0.0.0:41779], old=null RUNNING
  s0:  RUNNING CANDIDATE s0@group-A4401D2D6DDD:t1, leader=null, voted=s0, raftlog=s0@group-A4401D2D6DDD-SegmentedRaftLog:OPENED:c-1,f-1,i0, conf=-1: [s3:0.0.0.0:36312, s4:0.0.0.0:37443, s0:0.0.0.0:41765, s1:0.0.0.0:36446, s2:0.0.0.0:41779], old=null RUNNING
  s1:  RUNNING CANDIDATE s1@group-A4401D2D6DDD:t2, leader=null, voted=s1, raftlog=s1@group-A4401D2D6DDD-SegmentedRaftLog:OPENED:c-1,f-1,i0, conf=-1: [s3:0.0.0.0:36312, s4:0.0.0.0:37443, s0:0.0.0.0:41765, s1:0.0.0.0:36446, s2:0.0.0.0:41779], old=null RUNNING
  s2:  RUNNING CANDIDATE s2@group-A4401D2D6DDD:t1, leader=null, voted=s2, raftlog=s2@group-A4401D2D6DDD-SegmentedRaftLog:OPENED:c-1,f-1,i0, conf=-1: [s3:0.0.0.0:36312, s4:0.0.0.0:37443, s0:0.0.0.0:41765, s1:0.0.0.0:36446, s2:0.0.0.0:41779], old=null RUNNING, sleep 450ms and then retry.
java.lang.IllegalStateException: No leader yet : printing ALL groups
  s3:  RUNNING CANDIDATE s3@group-A4401D2D6DDD:t2, leader=null, voted=s3, raftlog=s3@group-A4401D2D6DDD-SegmentedRaftLog:OPENED:c-1,f-1,i0, conf=-1: [s3:0.0.0.0:36312, s4:0.0.0.0:37443, s0:0.0.0.0:41765, s1:0.0.0.0:36446, s2:0.0.0.0:41779], old=null RUNNING
  s4:  RUNNING CANDIDATE s4@group-A4401D2D6DDD:t1, leader=null, voted=s4, raftlog=s4@group-A4401D2D6DDD-SegmentedRaftLog:OPENED:c-1,f-1,i0, conf=-1: [s3:0.0.0.0:36312, s4:0.0.0.0:37443, s0:0.0.0.0:41765, s1:0.0.0.0:36446, s2:0.0.0.0:41779], old=null RUNNING
  s0:  RUNNING CANDIDATE s0@group-A4401D2D6DDD:t1, leader=null, voted=s0, raftlog=s0@group-A4401D2D6DDD-SegmentedRaftLog:OPENED:c-1,f-1,i0, conf=-1: [s3:0.0.0.0:36312, s4:0.0.0.0:37443, s0:0.0.0.0:41765, s1:0.0.0.0:36446, s2:0.0.0.0:41779], old=null RUNNING
  s1:  RUNNING CANDIDATE s1@group-A4401D2D6DDD:t2, leader=null, voted=s1, raftlog=s1@group-A4401D2D6DDD-SegmentedRaftLog:OPENED:c-1,f-1,i0, conf=-1: [s3:0.0.0.0:36312, s4:0.0.0.0:37443, s0:0.0.0.0:41765, s1:0.0.0.0:36446, s2:0.0.0.0:41779], old=null RUNNING
  s2:  RUNNING CANDIDATE s2@group-A4401D2D6DDD:t1, leader=null, voted=s2, raftlog=s2@group-A4401D2D6DDD-SegmentedRaftLog:OPENED:c-1,f-1,i0, conf=-1: [s3:0.0.0.0:36312, s4:0.0.0.0:37443, s0:0.0.0.0:41765, s1:0.0.0.0:36446, s2:0.0.0.0:41779], old=null RUNNING
	at org.apache.ratis.MiniRaftCluster.newIllegalStateExceptionForNoLeaders(MiniRaftCluster.java:506)
	at org.apache.ratis.RaftTestUtil.lambda$waitForLeader$1(RaftTestUtil.java:90)
	at org.apache.ratis.MiniRaftCluster.getLeader(MiniRaftCluster.java:539)
	at org.apache.ratis.MiniRaftCluster.getLeader(MiniRaftCluster.java:532)
	at org.apache.ratis.RaftTestUtil.lambda$waitForLeader$3(RaftTestUtil.java:98)
	at org.apache.ratis.util.JavaUtils.attempt(JavaUtils.java:152)
	at org.apache.ratis.RaftTestUtil.waitForLeader(RaftTestUtil.java:97)
	at org.apache.ratis.RaftTestUtil.waitForLeader(RaftTestUtil.java:77)
	at org.apache.ratis.RaftTestUtil.waitForLeader(RaftTestUtil.java:72)
	at org.apache.ratis.server.impl.RaftReconfigurationBaseTest.runTestAddRemovePeers(RaftReconfigurationBaseTest.java:125)
	at org.apache.ratis.server.impl.RaftReconfigurationBaseTest.lambda$testLeaderStepDown$3(RaftReconfigurationBaseTest.java:121)
	at org.apache.ratis.MiniRaftCluster$Factory$Get.runWithNewCluster(MiniRaftCluster.java:125)
	at org.apache.ratis.MiniRaftCluster$Factory$Get.runWithNewCluster(MiniRaftCluster.java:113)
	at org.apache.ratis.server.impl.RaftReconfigurationBaseTest.testLeaderStepDown(RaftReconfigurationBaseTest.java:121)
	at sun.reflect.NativeMethodAccessorImpl.invoke0(Native Method)
	at sun.reflect.NativeMethodAccessorImpl.invoke(NativeMethodAccessorImpl.java:62)
	at sun.reflect.DelegatingMethodAccessorImpl.invoke(DelegatingMethodAccessorImpl.java:43)
	at java.lang.reflect.Method.invoke(Method.java:498)
	at org.junit.runners.model.FrameworkMethod$1.runReflectiveCall(FrameworkMethod.java:50)
	at org.junit.internal.runners.model.ReflectiveCallable.run(ReflectiveCallable.java:12)
	at org.junit.runners.model.FrameworkMethod.invokeExplosively(FrameworkMethod.java:47)
	at org.junit.internal.runners.statements.InvokeMethod.evaluate(InvokeMethod.java:17)
	at org.junit.internal.runners.statements.RunAfters.evaluate(RunAfters.java:27)
	at org.junit.internal.runners.statements.FailOnTimeout$CallableStatement.call(FailOnTimeout.java:298)
	at org.junit.internal.runners.statements.FailOnTimeout$CallableStatement.call(FailOnTimeout.java:292)
	at java.util.concurrent.FutureTask.run(FutureTask.java:266)
	at java.lang.Thread.run(Thread.java:748)
2019-09-24 16:33:29,846 WARN  ratis.RaftTestUtil (JavaUtils.java:attempt(158)) - FAILED "waitForLeader-null-(expectLeader? true)", attempt #18/100: java.lang.IllegalStateException: No leader yet : printing ALL groups
  s3:  RUNNING CANDIDATE s3@group-A4401D2D6DDD:t2, leader=null, voted=s3, raftlog=s3@group-A4401D2D6DDD-SegmentedRaftLog:OPENED:c-1,f-1,i0, conf=-1: [s3:0.0.0.0:36312, s4:0.0.0.0:37443, s0:0.0.0.0:41765, s1:0.0.0.0:36446, s2:0.0.0.0:41779], old=null RUNNING
  s4:  RUNNING CANDIDATE s4@group-A4401D2D6DDD:t1, leader=null, voted=s4, raftlog=s4@group-A4401D2D6DDD-SegmentedRaftLog:OPENED:c-1,f-1,i0, conf=-1: [s3:0.0.0.0:36312, s4:0.0.0.0:37443, s0:0.0.0.0:41765, s1:0.0.0.0:36446, s2:0.0.0.0:41779], old=null RUNNING
  s0:  RUNNING CANDIDATE s0@group-A4401D2D6DDD:t1, leader=null, voted=s0, raftlog=s0@group-A4401D2D6DDD-SegmentedRaftLog:OPENED:c-1,f-1,i0, conf=-1: [s3:0.0.0.0:36312, s4:0.0.0.0:37443, s0:0.0.0.0:41765, s1:0.0.0.0:36446, s2:0.0.0.0:41779], old=null RUNNING
  s1:  RUNNING CANDIDATE s1@group-A4401D2D6DDD:t2, leader=null, voted=s1, raftlog=s1@group-A4401D2D6DDD-SegmentedRaftLog:OPENED:c-1,f-1,i0, conf=-1: [s3:0.0.0.0:36312, s4:0.0.0.0:37443, s0:0.0.0.0:41765, s1:0.0.0.0:36446, s2:0.0.0.0:41779], old=null RUNNING
  s2:  RUNNING CANDIDATE s2@group-A4401D2D6DDD:t1, leader=null, voted=s2, raftlog=s2@group-A4401D2D6DDD-SegmentedRaftLog:OPENED:c-1,f-1,i0, conf=-1: [s3:0.0.0.0:36312, s4:0.0.0.0:37443, s0:0.0.0.0:41765, s1:0.0.0.0:36446, s2:0.0.0.0:41779], old=null RUNNING, sleep 450ms and then retry.
java.lang.IllegalStateException: No leader yet : printing ALL groups
  s3:  RUNNING CANDIDATE s3@group-A4401D2D6DDD:t2, leader=null, voted=s3, raftlog=s3@group-A4401D2D6DDD-SegmentedRaftLog:OPENED:c-1,f-1,i0, conf=-1: [s3:0.0.0.0:36312, s4:0.0.0.0:37443, s0:0.0.0.0:41765, s1:0.0.0.0:36446, s2:0.0.0.0:41779], old=null RUNNING
  s4:  RUNNING CANDIDATE s4@group-A4401D2D6DDD:t1, leader=null, voted=s4, raftlog=s4@group-A4401D2D6DDD-SegmentedRaftLog:OPENED:c-1,f-1,i0, conf=-1: [s3:0.0.0.0:36312, s4:0.0.0.0:37443, s0:0.0.0.0:41765, s1:0.0.0.0:36446, s2:0.0.0.0:41779], old=null RUNNING
  s0:  RUNNING CANDIDATE s0@group-A4401D2D6DDD:t1, leader=null, voted=s0, raftlog=s0@group-A4401D2D6DDD-SegmentedRaftLog:OPENED:c-1,f-1,i0, conf=-1: [s3:0.0.0.0:36312, s4:0.0.0.0:37443, s0:0.0.0.0:41765, s1:0.0.0.0:36446, s2:0.0.0.0:41779], old=null RUNNING
  s1:  RUNNING CANDIDATE s1@group-A4401D2D6DDD:t2, leader=null, voted=s1, raftlog=s1@group-A4401D2D6DDD-SegmentedRaftLog:OPENED:c-1,f-1,i0, conf=-1: [s3:0.0.0.0:36312, s4:0.0.0.0:37443, s0:0.0.0.0:41765, s1:0.0.0.0:36446, s2:0.0.0.0:41779], old=null RUNNING
  s2:  RUNNING CANDIDATE s2@group-A4401D2D6DDD:t1, leader=null, voted=s2, raftlog=s2@group-A4401D2D6DDD-SegmentedRaftLog:OPENED:c-1,f-1,i0, conf=-1: [s3:0.0.0.0:36312, s4:0.0.0.0:37443, s0:0.0.0.0:41765, s1:0.0.0.0:36446, s2:0.0.0.0:41779], old=null RUNNING
	at org.apache.ratis.MiniRaftCluster.newIllegalStateExceptionForNoLeaders(MiniRaftCluster.java:506)
	at org.apache.ratis.RaftTestUtil.lambda$waitForLeader$1(RaftTestUtil.java:90)
	at org.apache.ratis.MiniRaftCluster.getLeader(MiniRaftCluster.java:539)
	at org.apache.ratis.MiniRaftCluster.getLeader(MiniRaftCluster.java:532)
	at org.apache.ratis.RaftTestUtil.lambda$waitForLeader$3(RaftTestUtil.java:98)
	at org.apache.ratis.util.JavaUtils.attempt(JavaUtils.java:152)
	at org.apache.ratis.RaftTestUtil.waitForLeader(RaftTestUtil.java:97)
	at org.apache.ratis.RaftTestUtil.waitForLeader(RaftTestUtil.java:77)
	at org.apache.ratis.RaftTestUtil.waitForLeader(RaftTestUtil.java:72)
	at org.apache.ratis.server.impl.RaftReconfigurationBaseTest.runTestAddRemovePeers(RaftReconfigurationBaseTest.java:125)
	at org.apache.ratis.server.impl.RaftReconfigurationBaseTest.lambda$testLeaderStepDown$3(RaftReconfigurationBaseTest.java:121)
	at org.apache.ratis.MiniRaftCluster$Factory$Get.runWithNewCluster(MiniRaftCluster.java:125)
	at org.apache.ratis.MiniRaftCluster$Factory$Get.runWithNewCluster(MiniRaftCluster.java:113)
	at org.apache.ratis.server.impl.RaftReconfigurationBaseTest.testLeaderStepDown(RaftReconfigurationBaseTest.java:121)
	at sun.reflect.NativeMethodAccessorImpl.invoke0(Native Method)
	at sun.reflect.NativeMethodAccessorImpl.invoke(NativeMethodAccessorImpl.java:62)
	at sun.reflect.DelegatingMethodAccessorImpl.invoke(DelegatingMethodAccessorImpl.java:43)
	at java.lang.reflect.Method.invoke(Method.java:498)
	at org.junit.runners.model.FrameworkMethod$1.runReflectiveCall(FrameworkMethod.java:50)
	at org.junit.internal.runners.model.ReflectiveCallable.run(ReflectiveCallable.java:12)
	at org.junit.runners.model.FrameworkMethod.invokeExplosively(FrameworkMethod.java:47)
	at org.junit.internal.runners.statements.InvokeMethod.evaluate(InvokeMethod.java:17)
	at org.junit.internal.runners.statements.RunAfters.evaluate(RunAfters.java:27)
	at org.junit.internal.runners.statements.FailOnTimeout$CallableStatement.call(FailOnTimeout.java:298)
	at org.junit.internal.runners.statements.FailOnTimeout$CallableStatement.call(FailOnTimeout.java:292)
	at java.util.concurrent.FutureTask.run(FutureTask.java:266)
	at java.lang.Thread.run(Thread.java:748)
2019-09-24 16:33:30,089 INFO  impl.LeaderElection (LeaderElection.java:askForVotes(178)) - s0@group-A4401D2D6DDD-LeaderElection39: begin an election at term 1 for -1: [s3:0.0.0.0:36312, s4:0.0.0.0:37443, s0:0.0.0.0:41765, s1:0.0.0.0:36446, s2:0.0.0.0:41779], old=null
2019-09-24 16:33:30,089 INFO  impl.LeaderElection (LeaderElection.java:askForVotes(178)) - s4@group-A4401D2D6DDD-LeaderElection38: begin an election at term 1 for -1: [s3:0.0.0.0:36312, s4:0.0.0.0:37443, s0:0.0.0.0:41765, s1:0.0.0.0:36446, s2:0.0.0.0:41779], old=null
2019-09-24 16:33:30,089 INFO  impl.LeaderElection (LeaderElection.java:askForVotes(178)) - s2@group-A4401D2D6DDD-LeaderElection40: begin an election at term 1 for -1: [s3:0.0.0.0:36312, s4:0.0.0.0:37443, s0:0.0.0.0:41765, s1:0.0.0.0:36446, s2:0.0.0.0:41779], old=null
2019-09-24 16:33:30,090 INFO  impl.LeaderElection (LeaderElection.java:askForVotes(178)) - s3@group-A4401D2D6DDD-LeaderElection36: begin an election at term 2 for -1: [s3:0.0.0.0:36312, s4:0.0.0.0:37443, s0:0.0.0.0:41765, s1:0.0.0.0:36446, s2:0.0.0.0:41779], old=null
2019-09-24 16:33:30,090 INFO  impl.LeaderElection (LeaderElection.java:askForVotes(178)) - s1@group-A4401D2D6DDD-LeaderElection37: begin an election at term 2 for -1: [s3:0.0.0.0:36312, s4:0.0.0.0:37443, s0:0.0.0.0:41765, s1:0.0.0.0:36446, s2:0.0.0.0:41779], old=null
2019-09-24 16:33:30,089 DEBUG impl.RaftServerImpl (RaftServerImpl.java:requestVote(775)) - s4@group-A4401D2D6DDD replies to vote request: s3<-s4#0:FAIL-t1. Peer's state: s4@group-A4401D2D6DDD:t1, leader=null, voted=s4, raftlog=s4@group-A4401D2D6DDD-SegmentedRaftLog:OPENED:c-1,f-1,i0, conf=-1: [s3:0.0.0.0:36312, s4:0.0.0.0:37443, s0:0.0.0.0:41765, s1:0.0.0.0:36446, s2:0.0.0.0:41779], old=null
2019-09-24 16:33:30,089 DEBUG impl.RaftServerImpl (RaftServerImpl.java:requestVote(775)) - s0@group-A4401D2D6DDD replies to vote request: s3<-s0#0:FAIL-t1. Peer's state: s0@group-A4401D2D6DDD:t1, leader=null, voted=s0, raftlog=s0@group-A4401D2D6DDD-SegmentedRaftLog:OPENED:c-1,f-1,i0, conf=-1: [s3:0.0.0.0:36312, s4:0.0.0.0:37443, s0:0.0.0.0:41765, s1:0.0.0.0:36446, s2:0.0.0.0:41779], old=null
2019-09-24 16:33:30,089 DEBUG impl.RaftServerImpl (RaftServerImpl.java:requestVote(775)) - s2@group-A4401D2D6DDD replies to vote request: s1<-s2#0:FAIL-t1. Peer's state: s2@group-A4401D2D6DDD:t1, leader=null, voted=s2, raftlog=s2@group-A4401D2D6DDD-SegmentedRaftLog:OPENED:c-1,f-1,i0, conf=-1: [s3:0.0.0.0:36312, s4:0.0.0.0:37443, s0:0.0.0.0:41765, s1:0.0.0.0:36446, s2:0.0.0.0:41779], old=null
2019-09-24 16:33:30,091 DEBUG impl.RaftServerImpl (RaftServerImpl.java:requestVote(775)) - s0@group-A4401D2D6DDD replies to vote request: s1<-s0#0:FAIL-t1. Peer's state: s0@group-A4401D2D6DDD:t1, leader=null, voted=s0, raftlog=s0@group-A4401D2D6DDD-SegmentedRaftLog:OPENED:c-1,f-1,i0, conf=-1: [s3:0.0.0.0:36312, s4:0.0.0.0:37443, s0:0.0.0.0:41765, s1:0.0.0.0:36446, s2:0.0.0.0:41779], old=null
2019-09-24 16:33:30,091 DEBUG impl.RaftServerImpl (RaftServerImpl.java:requestVote(775)) - s4@group-A4401D2D6DDD replies to vote request: s1<-s4#0:FAIL-t1. Peer's state: s4@group-A4401D2D6DDD:t1, leader=null, voted=s4, raftlog=s4@group-A4401D2D6DDD-SegmentedRaftLog:OPENED:c-1,f-1,i0, conf=-1: [s3:0.0.0.0:36312, s4:0.0.0.0:37443, s0:0.0.0.0:41765, s1:0.0.0.0:36446, s2:0.0.0.0:41779], old=null
2019-09-24 16:33:30,092 DEBUG impl.RaftServerImpl (RaftServerImpl.java:requestVote(775)) - s2@group-A4401D2D6DDD replies to vote request: s3<-s2#0:FAIL-t1. Peer's state: s2@group-A4401D2D6DDD:t1, leader=null, voted=s2, raftlog=s2@group-A4401D2D6DDD-SegmentedRaftLog:OPENED:c-1,f-1,i0, conf=-1: [s3:0.0.0.0:36312, s4:0.0.0.0:37443, s0:0.0.0.0:41765, s1:0.0.0.0:36446, s2:0.0.0.0:41779], old=null
2019-09-24 16:33:30,093 DEBUG impl.RaftServerImpl (RaftServerImpl.java:requestVote(743)) - s4@group-A4401D2D6DDD: receive requestVote(s3, group-A4401D2D6DDD, 2, (t:0, i:0))
2019-09-24 16:33:30,093 DEBUG impl.RaftServerImpl (RaftServerImpl.java:requestVote(743)) - s2@group-A4401D2D6DDD: receive requestVote(s3, group-A4401D2D6DDD, 2, (t:0, i:0))
2019-09-24 16:33:30,093 DEBUG impl.RaftServerImpl (RaftServerImpl.java:requestVote(743)) - s0@group-A4401D2D6DDD: receive requestVote(s1, group-A4401D2D6DDD, 2, (t:0, i:0))
2019-09-24 16:33:30,093 DEBUG impl.RaftServerImpl (RaftServerImpl.java:requestVote(743)) - s0@group-A4401D2D6DDD: receive requestVote(s3, group-A4401D2D6DDD, 2, (t:0, i:0))
2019-09-24 16:33:30,093 DEBUG impl.RaftServerImpl (RaftServerImpl.java:requestVote(743)) - s1@group-A4401D2D6DDD: receive requestVote(s3, group-A4401D2D6DDD, 2, (t:0, i:0))
2019-09-24 16:33:30,093 DEBUG impl.RaftServerImpl (RaftServerImpl.java:requestVote(743)) - s4@group-A4401D2D6DDD: receive requestVote(s1, group-A4401D2D6DDD, 2, (t:0, i:0))
2019-09-24 16:33:30,093 DEBUG impl.RaftServerImpl (RaftServerImpl.java:requestVote(743)) - s3@group-A4401D2D6DDD: receive requestVote(s1, group-A4401D2D6DDD, 2, (t:0, i:0))
2019-09-24 16:33:30,095 DEBUG impl.RaftServerImpl (RaftServerImpl.java:requestVote(775)) - s1@group-A4401D2D6DDD replies to vote request: s3<-s1#0:FAIL-t2. Peer's state: s1@group-A4401D2D6DDD:t2, leader=null, voted=s1, raftlog=s1@group-A4401D2D6DDD-SegmentedRaftLog:OPENED:c-1,f-1,i0, conf=-1: [s3:0.0.0.0:36312, s4:0.0.0.0:37443, s0:0.0.0.0:41765, s1:0.0.0.0:36446, s2:0.0.0.0:41779], old=null
2019-09-24 16:33:30,095 INFO  impl.RaftServerImpl (RaftServerImpl.java:setRole(170)) - s0@group-A4401D2D6DDD: changes role from CANDIDATE to FOLLOWER at term 2 for recognizeCandidate:s1
2019-09-24 16:33:30,094 DEBUG impl.RaftServerImpl (RaftServerImpl.java:requestVote(743)) - s2@group-A4401D2D6DDD: receive requestVote(s1, group-A4401D2D6DDD, 2, (t:0, i:0))
2019-09-24 16:33:30,094 INFO  impl.RaftServerImpl (RaftServerImpl.java:setRole(170)) - s2@group-A4401D2D6DDD: changes role from CANDIDATE to FOLLOWER at term 2 for recognizeCandidate:s3
2019-09-24 16:33:30,094 INFO  impl.RaftServerImpl (RaftServerImpl.java:setRole(170)) - s4@group-A4401D2D6DDD: changes role from CANDIDATE to FOLLOWER at term 2 for recognizeCandidate:s3
2019-09-24 16:33:30,098 INFO  impl.RoleInfo (RoleInfo.java:shutdownLeaderElection(134)) - s4: shutdown LeaderElection
2019-09-24 16:33:30,097 INFO  impl.RoleInfo (RoleInfo.java:shutdownLeaderElection(134)) - s2: shutdown LeaderElection
2019-09-24 16:33:30,097 INFO  impl.RoleInfo (RoleInfo.java:shutdownLeaderElection(134)) - s0: shutdown LeaderElection
2019-09-24 16:33:30,096 DEBUG impl.RaftServerImpl (RaftServerImpl.java:requestVote(775)) - s3@group-A4401D2D6DDD replies to vote request: s1<-s3#0:FAIL-t2. Peer's state: s3@group-A4401D2D6DDD:t2, leader=null, voted=s3, raftlog=s3@group-A4401D2D6DDD-SegmentedRaftLog:OPENED:c-1,f-1,i0, conf=-1: [s3:0.0.0.0:36312, s4:0.0.0.0:37443, s0:0.0.0.0:41765, s1:0.0.0.0:36446, s2:0.0.0.0:41779], old=null
2019-09-24 16:33:30,099 INFO  impl.RoleInfo (RoleInfo.java:updateAndGet(143)) - s0: start FollowerState
2019-09-24 16:33:30,098 INFO  impl.RoleInfo (RoleInfo.java:updateAndGet(143)) - s2: start FollowerState
2019-09-24 16:33:30,098 INFO  impl.RoleInfo (RoleInfo.java:updateAndGet(143)) - s4: start FollowerState
2019-09-24 16:33:30,098 INFO  logging.LoggingHandler (AbstractInternalLogger.java:log(150)) - [id: 0x46371257, L:/0.0.0.0:36312] READ: [id: 0xd9613aa9, L:/192.168.5.142:36312 - R:/192.168.5.142:40854]
2019-09-24 16:33:30,098 INFO  logging.LoggingHandler (AbstractInternalLogger.java:log(150)) - [id: 0x26491fce, L:/0.0.0.0:37443] READ: [id: 0x49a672bd, L:/192.168.5.142:37443 - R:/192.168.5.142:47826]
2019-09-24 16:33:30,098 INFO  logging.LoggingHandler (AbstractInternalLogger.java:log(150)) - [id: 0x9b511a0f, L:/0.0.0.0:36446] READ: [id: 0x4b04d3e2, L:/192.168.5.142:36446 - R:/192.168.5.142:54156]
2019-09-24 16:33:30,101 INFO  logging.LoggingHandler (AbstractInternalLogger.java:log(150)) - [id: 0x26491fce, L:/0.0.0.0:37443] READ COMPLETE
2019-09-24 16:33:30,101 INFO  logging.LoggingHandler (AbstractInternalLogger.java:log(150)) - [id: 0x46371257, L:/0.0.0.0:36312] READ COMPLETE
2019-09-24 16:33:30,101 INFO  logging.LoggingHandler (AbstractInternalLogger.java:log(150)) - [id: 0x26491fce, L:/0.0.0.0:37443] READ: [id: 0x445802f2, L:/192.168.5.142:37443 - R:/192.168.5.142:47834]
2019-09-24 16:33:30,101 INFO  logging.LoggingHandler (AbstractInternalLogger.java:log(150)) - [id: 0x9b511a0f, L:/0.0.0.0:36446] READ COMPLETE
2019-09-24 16:33:30,102 INFO  logging.LoggingHandler (AbstractInternalLogger.java:log(150)) - [id: 0x26491fce, L:/0.0.0.0:37443] READ COMPLETE
2019-09-24 16:33:30,102 INFO  logging.LoggingHandler (AbstractInternalLogger.java:log(150)) - [id: 0x46371257, L:/0.0.0.0:36312] READ: [id: 0xf40865b3, L:/192.168.5.142:36312 - R:/192.168.5.142:40856]
2019-09-24 16:33:30,102 DEBUG impl.RaftServerImpl (RaftServerImpl.java:requestVote(743)) - s3@group-A4401D2D6DDD: receive requestVote(s0, group-A4401D2D6DDD, 1, (t:0, i:0))
2019-09-24 16:33:30,103 INFO  logging.LoggingHandler (AbstractInternalLogger.java:log(150)) - [id: 0x46371257, L:/0.0.0.0:36312] READ COMPLETE
2019-09-24 16:33:30,103 DEBUG impl.RaftServerImpl (RaftServerImpl.java:requestVote(775)) - s3@group-A4401D2D6DDD replies to vote request: s0<-s3#0:FAIL-t2. Peer's state: s3@group-A4401D2D6DDD:t2, leader=null, voted=s3, raftlog=s3@group-A4401D2D6DDD-SegmentedRaftLog:OPENED:c-1,f-1,i0, conf=-1: [s3:0.0.0.0:36312, s4:0.0.0.0:37443, s0:0.0.0.0:41765, s1:0.0.0.0:36446, s2:0.0.0.0:41779], old=null
2019-09-24 16:33:30,103 DEBUG impl.RaftServerImpl (RaftServerImpl.java:requestVote(743)) - s1@group-A4401D2D6DDD: receive requestVote(s0, group-A4401D2D6DDD, 1, (t:0, i:0))
2019-09-24 16:33:30,104 DEBUG impl.RaftServerImpl (RaftServerImpl.java:requestVote(743)) - s3@group-A4401D2D6DDD: receive requestVote(s4, group-A4401D2D6DDD, 1, (t:0, i:0))
2019-09-24 16:33:30,104 DEBUG impl.RaftServerImpl (RaftServerImpl.java:requestVote(743)) - s4@group-A4401D2D6DDD: receive requestVote(s2, group-A4401D2D6DDD, 1, (t:0, i:0))
2019-09-24 16:33:30,103 INFO  logging.LoggingHandler (AbstractInternalLogger.java:log(150)) - [id: 0x46371257, L:/0.0.0.0:36312] READ: [id: 0xf7224e1e, L:/192.168.5.142:36312 - R:/192.168.5.142:40860]
2019-09-24 16:33:30,104 DEBUG impl.RaftServerImpl (RaftServerImpl.java:requestVote(775)) - s3@group-A4401D2D6DDD replies to vote request: s4<-s3#0:FAIL-t2. Peer's state: s3@group-A4401D2D6DDD:t2, leader=null, voted=s3, raftlog=s3@group-A4401D2D6DDD-SegmentedRaftLog:OPENED:c-1,f-1,i0, conf=-1: [s3:0.0.0.0:36312, s4:0.0.0.0:37443, s0:0.0.0.0:41765, s1:0.0.0.0:36446, s2:0.0.0.0:41779], old=null
2019-09-24 16:33:30,104 DEBUG impl.RaftServerImpl (RaftServerImpl.java:requestVote(743)) - s4@group-A4401D2D6DDD: receive requestVote(s0, group-A4401D2D6DDD, 1, (t:0, i:0))
2019-09-24 16:33:30,104 DEBUG impl.RaftServerImpl (RaftServerImpl.java:requestVote(775)) - s1@group-A4401D2D6DDD replies to vote request: s0<-s1#0:FAIL-t2. Peer's state: s1@group-A4401D2D6DDD:t2, leader=null, voted=s1, raftlog=s1@group-A4401D2D6DDD-SegmentedRaftLog:OPENED:c-1,f-1,i0, conf=-1: [s3:0.0.0.0:36312, s4:0.0.0.0:37443, s0:0.0.0.0:41765, s1:0.0.0.0:36446, s2:0.0.0.0:41779], old=null
2019-09-24 16:33:30,105 INFO  logging.LoggingHandler (AbstractInternalLogger.java:log(150)) - [id: 0x46371257, L:/0.0.0.0:36312] READ COMPLETE
2019-09-24 16:33:30,106 DEBUG impl.RaftServerImpl (RaftServerImpl.java:requestVote(743)) - s3@group-A4401D2D6DDD: receive requestVote(s2, group-A4401D2D6DDD, 1, (t:0, i:0))
2019-09-24 16:33:30,107 DEBUG impl.RaftServerImpl (RaftServerImpl.java:requestVote(775)) - s3@group-A4401D2D6DDD replies to vote request: s2<-s3#0:FAIL-t2. Peer's state: s3@group-A4401D2D6DDD:t2, leader=null, voted=s3, raftlog=s3@group-A4401D2D6DDD-SegmentedRaftLog:OPENED:c-1,f-1,i0, conf=-1: [s3:0.0.0.0:36312, s4:0.0.0.0:37443, s0:0.0.0.0:41765, s1:0.0.0.0:36446, s2:0.0.0.0:41779], old=null
2019-09-24 16:33:30,297 WARN  ratis.RaftTestUtil (JavaUtils.java:attempt(158)) - FAILED "waitForLeader-null-(expectLeader? true)", attempt #19/100: java.lang.IllegalStateException: No leader yet : printing ALL groups
  s3:  RUNNING CANDIDATE s3@group-A4401D2D6DDD:t2, leader=null, voted=s3, raftlog=s3@group-A4401D2D6DDD-SegmentedRaftLog:OPENED:c-1,f-1,i0, conf=-1: [s3:0.0.0.0:36312, s4:0.0.0.0:37443, s0:0.0.0.0:41765, s1:0.0.0.0:36446, s2:0.0.0.0:41779], old=null RUNNING
  s4:  RUNNING  FOLLOWER s4@group-A4401D2D6DDD:t2, leader=null, voted=null, raftlog=s4@group-A4401D2D6DDD-SegmentedRaftLog:OPENED:c-1,f-1,i0, conf=-1: [s3:0.0.0.0:36312, s4:0.0.0.0:37443, s0:0.0.0.0:41765, s1:0.0.0.0:36446, s2:0.0.0.0:41779], old=null RUNNING
  s0:  RUNNING  FOLLOWER s0@group-A4401D2D6DDD:t2, leader=null, voted=null, raftlog=s0@group-A4401D2D6DDD-SegmentedRaftLog:OPENED:c-1,f-1,i0, conf=-1: [s3:0.0.0.0:36312, s4:0.0.0.0:37443, s0:0.0.0.0:41765, s1:0.0.0.0:36446, s2:0.0.0.0:41779], old=null RUNNING
  s1:  RUNNING CANDIDATE s1@group-A4401D2D6DDD:t2, leader=null, voted=s1, raftlog=s1@group-A4401D2D6DDD-SegmentedRaftLog:OPENED:c-1,f-1,i0, conf=-1: [s3:0.0.0.0:36312, s4:0.0.0.0:37443, s0:0.0.0.0:41765, s1:0.0.0.0:36446, s2:0.0.0.0:41779], old=null RUNNING
  s2:  RUNNING  FOLLOWER s2@group-A4401D2D6DDD:t2, leader=null, voted=null, raftlog=s2@group-A4401D2D6DDD-SegmentedRaftLog:OPENED:c-1,f-1,i0, conf=-1: [s3:0.0.0.0:36312, s4:0.0.0.0:37443, s0:0.0.0.0:41765, s1:0.0.0.0:36446, s2:0.0.0.0:41779], old=null RUNNING, sleep 450ms and then retry.
java.lang.IllegalStateException: No leader yet : printing ALL groups
  s3:  RUNNING CANDIDATE s3@group-A4401D2D6DDD:t2, leader=null, voted=s3, raftlog=s3@group-A4401D2D6DDD-SegmentedRaftLog:OPENED:c-1,f-1,i0, conf=-1: [s3:0.0.0.0:36312, s4:0.0.0.0:37443, s0:0.0.0.0:41765, s1:0.0.0.0:36446, s2:0.0.0.0:41779], old=null RUNNING
  s4:  RUNNING  FOLLOWER s4@group-A4401D2D6DDD:t2, leader=null, voted=null, raftlog=s4@group-A4401D2D6DDD-SegmentedRaftLog:OPENED:c-1,f-1,i0, conf=-1: [s3:0.0.0.0:36312, s4:0.0.0.0:37443, s0:0.0.0.0:41765, s1:0.0.0.0:36446, s2:0.0.0.0:41779], old=null RUNNING
  s0:  RUNNING  FOLLOWER s0@group-A4401D2D6DDD:t2, leader=null, voted=null, raftlog=s0@group-A4401D2D6DDD-SegmentedRaftLog:OPENED:c-1,f-1,i0, conf=-1: [s3:0.0.0.0:36312, s4:0.0.0.0:37443, s0:0.0.0.0:41765, s1:0.0.0.0:36446, s2:0.0.0.0:41779], old=null RUNNING
  s1:  RUNNING CANDIDATE s1@group-A4401D2D6DDD:t2, leader=null, voted=s1, raftlog=s1@group-A4401D2D6DDD-SegmentedRaftLog:OPENED:c-1,f-1,i0, conf=-1: [s3:0.0.0.0:36312, s4:0.0.0.0:37443, s0:0.0.0.0:41765, s1:0.0.0.0:36446, s2:0.0.0.0:41779], old=null RUNNING
  s2:  RUNNING  FOLLOWER s2@group-A4401D2D6DDD:t2, leader=null, voted=null, raftlog=s2@group-A4401D2D6DDD-SegmentedRaftLog:OPENED:c-1,f-1,i0, conf=-1: [s3:0.0.0.0:36312, s4:0.0.0.0:37443, s0:0.0.0.0:41765, s1:0.0.0.0:36446, s2:0.0.0.0:41779], old=null RUNNING
	at org.apache.ratis.MiniRaftCluster.newIllegalStateExceptionForNoLeaders(MiniRaftCluster.java:506)
	at org.apache.ratis.RaftTestUtil.lambda$waitForLeader$1(RaftTestUtil.java:90)
	at org.apache.ratis.MiniRaftCluster.getLeader(MiniRaftCluster.java:539)
	at org.apache.ratis.MiniRaftCluster.getLeader(MiniRaftCluster.java:532)
	at org.apache.ratis.RaftTestUtil.lambda$waitForLeader$3(RaftTestUtil.java:98)
	at org.apache.ratis.util.JavaUtils.attempt(JavaUtils.java:152)
	at org.apache.ratis.RaftTestUtil.waitForLeader(RaftTestUtil.java:97)
	at org.apache.ratis.RaftTestUtil.waitForLeader(RaftTestUtil.java:77)
	at org.apache.ratis.RaftTestUtil.waitForLeader(RaftTestUtil.java:72)
	at org.apache.ratis.server.impl.RaftReconfigurationBaseTest.runTestAddRemovePeers(RaftReconfigurationBaseTest.java:125)
	at org.apache.ratis.server.impl.RaftReconfigurationBaseTest.lambda$testLeaderStepDown$3(RaftReconfigurationBaseTest.java:121)
	at org.apache.ratis.MiniRaftCluster$Factory$Get.runWithNewCluster(MiniRaftCluster.java:125)
	at org.apache.ratis.MiniRaftCluster$Factory$Get.runWithNewCluster(MiniRaftCluster.java:113)
	at org.apache.ratis.server.impl.RaftReconfigurationBaseTest.testLeaderStepDown(RaftReconfigurationBaseTest.java:121)
	at sun.reflect.NativeMethodAccessorImpl.invoke0(Native Method)
	at sun.reflect.NativeMethodAccessorImpl.invoke(NativeMethodAccessorImpl.java:62)
	at sun.reflect.DelegatingMethodAccessorImpl.invoke(DelegatingMethodAccessorImpl.java:43)
	at java.lang.reflect.Method.invoke(Method.java:498)
	at org.junit.runners.model.FrameworkMethod$1.runReflectiveCall(FrameworkMethod.java:50)
	at org.junit.internal.runners.model.ReflectiveCallable.run(ReflectiveCallable.java:12)
	at org.junit.runners.model.FrameworkMethod.invokeExplosively(FrameworkMethod.java:47)
	at org.junit.internal.runners.statements.InvokeMethod.evaluate(InvokeMethod.java:17)
	at org.junit.internal.runners.statements.RunAfters.evaluate(RunAfters.java:27)
	at org.junit.internal.runners.statements.FailOnTimeout$CallableStatement.call(FailOnTimeout.java:298)
	at org.junit.internal.runners.statements.FailOnTimeout$CallableStatement.call(FailOnTimeout.java:292)
	at java.util.concurrent.FutureTask.run(FutureTask.java:266)
	at java.lang.Thread.run(Thread.java:748)
2019-09-24 16:33:30,303 INFO  impl.LeaderElection (LeaderElection.java:logAndReturn(56)) - s3@group-A4401D2D6DDD-LeaderElection36: Election TIMEOUT; received 1 response(s) [s3<-s1#0:FAIL-t2] and 0 exception(s); s3@group-A4401D2D6DDD:t2, leader=null, voted=s3, raftlog=s3@group-A4401D2D6DDD-SegmentedRaftLog:OPENED:c-1,f-1,i0, conf=-1: [s3:0.0.0.0:36312, s4:0.0.0.0:37443, s0:0.0.0.0:41765, s1:0.0.0.0:36446, s2:0.0.0.0:41779], old=null
2019-09-24 16:33:30,331 INFO  impl.LeaderElection (LeaderElection.java:logAndReturn(56)) - s1@group-A4401D2D6DDD-LeaderElection37: Election TIMEOUT; received 1 response(s) [s1<-s3#0:FAIL-t2] and 0 exception(s); s1@group-A4401D2D6DDD:t2, leader=null, voted=s1, raftlog=s1@group-A4401D2D6DDD-SegmentedRaftLog:OPENED:c-1,f-1,i0, conf=-1: [s3:0.0.0.0:36312, s4:0.0.0.0:37443, s0:0.0.0.0:41765, s1:0.0.0.0:36446, s2:0.0.0.0:41779], old=null
2019-09-24 16:33:30,361 DEBUG impl.RaftServerImpl (RaftServerImpl.java:requestVote(775)) - s2@group-A4401D2D6DDD replies to vote request: s3<-s2#0:FAIL-t2. Peer's state: s2@group-A4401D2D6DDD:t2, leader=null, voted=null, raftlog=s2@group-A4401D2D6DDD-SegmentedRaftLog:OPENED:c-1,f-1,i0, conf=-1: [s3:0.0.0.0:36312, s4:0.0.0.0:37443, s0:0.0.0.0:41765, s1:0.0.0.0:36446, s2:0.0.0.0:41779], old=null
2019-09-24 16:33:30,361 DEBUG impl.RaftServerImpl (RaftServerImpl.java:requestVote(775)) - s4@group-A4401D2D6DDD replies to vote request: s3<-s4#0:FAIL-t2. Peer's state: s4@group-A4401D2D6DDD:t2, leader=null, voted=null, raftlog=s4@group-A4401D2D6DDD-SegmentedRaftLog:OPENED:c-1,f-1,i0, conf=-1: [s3:0.0.0.0:36312, s4:0.0.0.0:37443, s0:0.0.0.0:41765, s1:0.0.0.0:36446, s2:0.0.0.0:41779], old=null
2019-09-24 16:33:30,361 DEBUG impl.RaftServerImpl (RaftServerImpl.java:requestVote(775)) - s0@group-A4401D2D6DDD replies to vote request: s1<-s0#0:FAIL-t2. Peer's state: s0@group-A4401D2D6DDD:t2, leader=null, voted=null, raftlog=s0@group-A4401D2D6DDD-SegmentedRaftLog:OPENED:c-1,f-1,i0, conf=-1: [s3:0.0.0.0:36312, s4:0.0.0.0:37443, s0:0.0.0.0:41765, s1:0.0.0.0:36446, s2:0.0.0.0:41779], old=null
2019-09-24 16:33:30,362 INFO  impl.FollowerState (FollowerState.java:run(108)) - s4@group-A4401D2D6DDD-FollowerState: change to CANDIDATE, lastRpcTime:263ms, electionTimeout:252ms
2019-09-24 16:33:30,362 INFO  impl.LeaderElection (LeaderElection.java:askForVotes(178)) - s1@group-A4401D2D6DDD-LeaderElection37: begin an election at term 3 for -1: [s3:0.0.0.0:36312, s4:0.0.0.0:37443, s0:0.0.0.0:41765, s1:0.0.0.0:36446, s2:0.0.0.0:41779], old=null
2019-09-24 16:33:30,362 INFO  impl.LeaderElection (LeaderElection.java:askForVotes(178)) - s3@group-A4401D2D6DDD-LeaderElection36: begin an election at term 3 for -1: [s3:0.0.0.0:36312, s4:0.0.0.0:37443, s0:0.0.0.0:41765, s1:0.0.0.0:36446, s2:0.0.0.0:41779], old=null
2019-09-24 16:33:30,361 INFO  impl.FollowerState (FollowerState.java:run(108)) - s2@group-A4401D2D6DDD-FollowerState: change to CANDIDATE, lastRpcTime:262ms, electionTimeout:254ms
2019-09-24 16:33:30,362 INFO  impl.RoleInfo (RoleInfo.java:shutdownFollowerState(121)) - s4: shutdown FollowerState
2019-09-24 16:33:30,363 INFO  impl.RaftServerImpl (RaftServerImpl.java:setRole(170)) - s4@group-A4401D2D6DDD: changes role from  FOLLOWER to CANDIDATE at term 2 for changeToCandidate
2019-09-24 16:33:30,362 INFO  impl.FollowerState (FollowerState.java:run(108)) - s0@group-A4401D2D6DDD-FollowerState: change to CANDIDATE, lastRpcTime:263ms, electionTimeout:243ms
2019-09-24 16:33:30,363 INFO  impl.RoleInfo (RoleInfo.java:shutdownFollowerState(121)) - s2: shutdown FollowerState
2019-09-24 16:33:30,363 INFO  impl.RoleInfo (RoleInfo.java:shutdownFollowerState(121)) - s0: shutdown FollowerState
2019-09-24 16:33:30,363 INFO  impl.RoleInfo (RoleInfo.java:updateAndGet(143)) - s4: start LeaderElection
2019-09-24 16:33:30,364 DEBUG impl.RaftServerImpl (RaftServerImpl.java:requestVote(743)) - s3@group-A4401D2D6DDD: receive requestVote(s1, group-A4401D2D6DDD, 3, (t:0, i:0))
2019-09-24 16:33:30,364 INFO  impl.RaftServerImpl (RaftServerImpl.java:setRole(170)) - s0@group-A4401D2D6DDD: changes role from  FOLLOWER to CANDIDATE at term 2 for changeToCandidate
2019-09-24 16:33:30,364 DEBUG impl.RaftServerImpl (RaftServerImpl.java:requestVote(743)) - s4@group-A4401D2D6DDD: receive requestVote(s3, group-A4401D2D6DDD, 3, (t:0, i:0))
2019-09-24 16:33:30,364 INFO  impl.RaftServerImpl (RaftServerImpl.java:setRole(170)) - s2@group-A4401D2D6DDD: changes role from  FOLLOWER to CANDIDATE at term 2 for changeToCandidate
2019-09-24 16:33:30,365 DEBUG impl.RaftServerImpl (RaftServerImpl.java:requestVote(743)) - s1@group-A4401D2D6DDD: receive requestVote(s3, group-A4401D2D6DDD, 3, (t:0, i:0))
2019-09-24 16:33:30,364 DEBUG impl.RaftServerImpl (RaftServerImpl.java:requestVote(743)) - s0@group-A4401D2D6DDD: receive requestVote(s1, group-A4401D2D6DDD, 3, (t:0, i:0))
2019-09-24 16:33:30,364 INFO  impl.RoleInfo (RoleInfo.java:updateAndGet(143)) - s0: start LeaderElection
2019-09-24 16:33:30,364 DEBUG impl.RaftServerImpl (RaftServerImpl.java:requestVote(775)) - s3@group-A4401D2D6DDD replies to vote request: s1<-s3#0:FAIL-t3. Peer's state: s3@group-A4401D2D6DDD:t3, leader=null, voted=s3, raftlog=s3@group-A4401D2D6DDD-SegmentedRaftLog:OPENED:c-1,f-1,i0, conf=-1: [s3:0.0.0.0:36312, s4:0.0.0.0:37443, s0:0.0.0.0:41765, s1:0.0.0.0:36446, s2:0.0.0.0:41779], old=null
2019-09-24 16:33:30,364 DEBUG impl.RaftServerImpl (RaftServerImpl.java:requestVote(775)) - s4@group-A4401D2D6DDD replies to vote request: s0<-s4#0:FAIL-t2. Peer's state: s4@group-A4401D2D6DDD:t2, leader=null, voted=null, raftlog=s4@group-A4401D2D6DDD-SegmentedRaftLog:OPENED:c-1,f-1,i0, conf=-1: [s3:0.0.0.0:36312, s4:0.0.0.0:37443, s0:0.0.0.0:41765, s1:0.0.0.0:36446, s2:0.0.0.0:41779], old=null
2019-09-24 16:33:30,366 INFO  impl.RaftServerImpl (RaftServerImpl.java:setRole(170)) - s0@group-A4401D2D6DDD: changes role from CANDIDATE to FOLLOWER at term 2 for recognizeCandidate:s3
2019-09-24 16:33:30,365 DEBUG impl.RaftServerImpl (RaftServerImpl.java:requestVote(775)) - s1@group-A4401D2D6DDD replies to vote request: s3<-s1#0:FAIL-t3. Peer's state: s1@group-A4401D2D6DDD:t3, leader=null, voted=s1, raftlog=s1@group-A4401D2D6DDD-SegmentedRaftLog:OPENED:c-1,f-1,i0, conf=-1: [s3:0.0.0.0:36312, s4:0.0.0.0:37443, s0:0.0.0.0:41765, s1:0.0.0.0:36446, s2:0.0.0.0:41779], old=null
2019-09-24 16:33:30,365 DEBUG impl.RaftServerImpl (RaftServerImpl.java:requestVote(743)) - s2@group-A4401D2D6DDD: receive requestVote(s3, group-A4401D2D6DDD, 3, (t:0, i:0))
2019-09-24 16:33:30,365 INFO  impl.RoleInfo (RoleInfo.java:updateAndGet(143)) - s2: start LeaderElection
2019-09-24 16:33:30,367 INFO  impl.RoleInfo (RoleInfo.java:shutdownLeaderElection(134)) - s0: shutdown LeaderElection
2019-09-24 16:33:30,367 DEBUG impl.RaftServerImpl (RaftServerImpl.java:requestVote(775)) - s4@group-A4401D2D6DDD replies to vote request: s2<-s4#0:FAIL-t2. Peer's state: s4@group-A4401D2D6DDD:t2, leader=null, voted=null, raftlog=s4@group-A4401D2D6DDD-SegmentedRaftLog:OPENED:c-1,f-1,i0, conf=-1: [s3:0.0.0.0:36312, s4:0.0.0.0:37443, s0:0.0.0.0:41765, s1:0.0.0.0:36446, s2:0.0.0.0:41779], old=null
2019-09-24 16:33:30,368 INFO  impl.RoleInfo (RoleInfo.java:updateAndGet(143)) - s0: start FollowerState
2019-09-24 16:33:30,368 INFO  impl.RaftServerImpl (RaftServerImpl.java:setRole(170)) - s2@group-A4401D2D6DDD: changes role from CANDIDATE to FOLLOWER at term 2 for recognizeCandidate:s1
2019-09-24 16:33:30,369 DEBUG impl.RaftServerImpl (RaftServerImpl.java:requestVote(775)) - s0@group-A4401D2D6DDD replies to vote request: s3<-s0#0:FAIL-t2. Peer's state: s0@group-A4401D2D6DDD:t2, leader=null, voted=null, raftlog=s0@group-A4401D2D6DDD-SegmentedRaftLog:OPENED:c-1,f-1,i0, conf=-1: [s3:0.0.0.0:36312, s4:0.0.0.0:37443, s0:0.0.0.0:41765, s1:0.0.0.0:36446, s2:0.0.0.0:41779], old=null
2019-09-24 16:33:30,368 INFO  impl.RaftServerImpl (RaftServerImpl.java:setRole(170)) - s4@group-A4401D2D6DDD: changes role from CANDIDATE to FOLLOWER at term 2 for recognizeCandidate:s1
2019-09-24 16:33:30,370 DEBUG impl.RaftServerImpl (RaftServerImpl.java:requestVote(743)) - s0@group-A4401D2D6DDD: receive requestVote(s3, group-A4401D2D6DDD, 3, (t:0, i:0))
2019-09-24 16:33:30,370 INFO  impl.LeaderElection (LeaderElection.java:logAndReturn(56)) - s0@group-A4401D2D6DDD-LeaderElection39: Election REJECTED; received 0 response(s) [] and 0 exception(s); s0@group-A4401D2D6DDD:t3, leader=null, voted=s0, raftlog=s0@group-A4401D2D6DDD-SegmentedRaftLog:OPENED:c-1,f-1,i0, conf=-1: [s3:0.0.0.0:36312, s4:0.0.0.0:37443, s0:0.0.0.0:41765, s1:0.0.0.0:36446, s2:0.0.0.0:41779], old=null
2019-09-24 16:33:30,369 INFO  impl.RoleInfo (RoleInfo.java:shutdownLeaderElection(134)) - s2: shutdown LeaderElection
2019-09-24 16:33:30,370 INFO  impl.RoleInfo (RoleInfo.java:shutdownLeaderElection(134)) - s4: shutdown LeaderElection
2019-09-24 16:33:30,371 INFO  impl.RoleInfo (RoleInfo.java:updateAndGet(143)) - s2: start FollowerState
2019-09-24 16:33:30,371 INFO  impl.RoleInfo (RoleInfo.java:updateAndGet(143)) - s4: start FollowerState
2019-09-24 16:33:30,372 DEBUG impl.RaftServerImpl (RaftServerImpl.java:requestVote(775)) - s2@group-A4401D2D6DDD replies to vote request: s1<-s2#0:FAIL-t2. Peer's state: s2@group-A4401D2D6DDD:t2, leader=null, voted=null, raftlog=s2@group-A4401D2D6DDD-SegmentedRaftLog:OPENED:c-1,f-1,i0, conf=-1: [s3:0.0.0.0:36312, s4:0.0.0.0:37443, s0:0.0.0.0:41765, s1:0.0.0.0:36446, s2:0.0.0.0:41779], old=null
2019-09-24 16:33:30,372 DEBUG impl.RaftServerImpl (RaftServerImpl.java:requestVote(775)) - s4@group-A4401D2D6DDD replies to vote request: s1<-s4#0:FAIL-t2. Peer's state: s4@group-A4401D2D6DDD:t2, leader=null, voted=null, raftlog=s4@group-A4401D2D6DDD-SegmentedRaftLog:OPENED:c-1,f-1,i0, conf=-1: [s3:0.0.0.0:36312, s4:0.0.0.0:37443, s0:0.0.0.0:41765, s1:0.0.0.0:36446, s2:0.0.0.0:41779], old=null
2019-09-24 16:33:30,372 INFO  logging.LoggingHandler (AbstractInternalLogger.java:log(150)) - [id: 0x53d6449d, L:/0.0.0.0:41779] READ: [id: 0xa47e6bf7, L:/192.168.5.142:41779 - R:/192.168.5.142:33244]
2019-09-24 16:33:30,373 INFO  impl.RaftServerImpl (RaftServerImpl.java:setRole(170)) - s4@group-A4401D2D6DDD: changes role from  FOLLOWER to FOLLOWER at term 3 for recognizeCandidate:s3
2019-09-24 16:33:30,374 INFO  impl.RoleInfo (RoleInfo.java:shutdownFollowerState(121)) - s4: shutdown FollowerState
2019-09-24 16:33:30,373 DEBUG impl.RaftServerImpl (RaftServerImpl.java:requestVote(743)) - s2@group-A4401D2D6DDD: receive requestVote(s1, group-A4401D2D6DDD, 3, (t:0, i:0))
2019-09-24 16:33:30,374 INFO  impl.FollowerState (FollowerState.java:run(117)) - s4@group-A4401D2D6DDD-FollowerState was interrupted: java.lang.InterruptedException: sleep interrupted
2019-09-24 16:33:30,374 INFO  impl.RoleInfo (RoleInfo.java:updateAndGet(143)) - s4: start FollowerState
2019-09-24 16:33:30,373 INFO  logging.LoggingHandler (AbstractInternalLogger.java:log(150)) - [id: 0x53d6449d, L:/0.0.0.0:41779] READ COMPLETE
2019-09-24 16:33:30,373 DEBUG impl.RaftServerImpl (RaftServerImpl.java:requestVote(743)) - s4@group-A4401D2D6DDD: receive requestVote(s1, group-A4401D2D6DDD, 3, (t:0, i:0))
2019-09-24 16:33:30,375 DEBUG impl.RaftServerImpl (RaftServerImpl.java:requestVote(743)) - s2@group-A4401D2D6DDD: receive requestVote(s0, group-A4401D2D6DDD, 1, (t:0, i:0))
2019-09-24 16:33:30,375 INFO  logging.LoggingHandler (AbstractInternalLogger.java:log(150)) - [id: 0xcd11cf86, L:/0.0.0.0:41765] READ: [id: 0xe585f3f1, L:/192.168.5.142:41765 - R:/192.168.5.142:45546]
2019-09-24 16:33:30,377 INFO  logging.LoggingHandler (AbstractInternalLogger.java:log(150)) - [id: 0xcd11cf86, L:/0.0.0.0:41765] READ COMPLETE
2019-09-24 16:33:30,377 INFO  logging.LoggingHandler (AbstractInternalLogger.java:log(150)) - [id: 0xcd11cf86, L:/0.0.0.0:41765] READ: [id: 0xeacfde47, L:/192.168.5.142:41765 - R:/192.168.5.142:45548]
2019-09-24 16:33:30,378 INFO  logging.LoggingHandler (AbstractInternalLogger.java:log(150)) - [id: 0xcd11cf86, L:/0.0.0.0:41765] READ COMPLETE
2019-09-24 16:33:30,378 DEBUG impl.RaftServerImpl (RaftServerImpl.java:requestVote(743)) - s0@group-A4401D2D6DDD: receive requestVote(s2, group-A4401D2D6DDD, 1, (t:0, i:0))
2019-09-24 16:33:30,379 DEBUG impl.RaftServerImpl (RaftServerImpl.java:requestVote(743)) - s0@group-A4401D2D6DDD: receive requestVote(s4, group-A4401D2D6DDD, 1, (t:0, i:0))
2019-09-24 16:33:30,606 INFO  impl.LeaderElection (LeaderElection.java:logAndReturn(56)) - s3@group-A4401D2D6DDD-LeaderElection36: Election TIMEOUT; received 1 response(s) [s3<-s1#0:FAIL-t3] and 0 exception(s); s3@group-A4401D2D6DDD:t3, leader=null, voted=s3, raftlog=s3@group-A4401D2D6DDD-SegmentedRaftLog:OPENED:c-1,f-1,i0, conf=-1: [s3:0.0.0.0:36312, s4:0.0.0.0:37443, s0:0.0.0.0:41765, s1:0.0.0.0:36446, s2:0.0.0.0:41779], old=null
2019-09-24 16:33:30,616 INFO  impl.LeaderElection (LeaderElection.java:logAndReturn(56)) - s1@group-A4401D2D6DDD-LeaderElection37: Election TIMEOUT; received 1 response(s) [s1<-s3#0:FAIL-t3] and 0 exception(s); s1@group-A4401D2D6DDD:t3, leader=null, voted=s1, raftlog=s1@group-A4401D2D6DDD-SegmentedRaftLog:OPENED:c-1,f-1,i0, conf=-1: [s3:0.0.0.0:36312, s4:0.0.0.0:37443, s0:0.0.0.0:41765, s1:0.0.0.0:36446, s2:0.0.0.0:41779], old=null
2019-09-24 16:33:30,748 WARN  ratis.RaftTestUtil (JavaUtils.java:attempt(158)) - FAILED "waitForLeader-null-(expectLeader? true)", attempt #20/100: java.lang.IllegalStateException: No leader yet : printing ALL groups
  s3:  RUNNING CANDIDATE s3@group-A4401D2D6DDD:t4, leader=null, voted=s3, raftlog=s3@group-A4401D2D6DDD-SegmentedRaftLog:OPENED:c-1,f-1,i0, conf=-1: [s3:0.0.0.0:36312, s4:0.0.0.0:37443, s0:0.0.0.0:41765, s1:0.0.0.0:36446, s2:0.0.0.0:41779], old=null RUNNING
  s4:  RUNNING  FOLLOWER s4@group-A4401D2D6DDD:t3, leader=null, voted=s3, raftlog=s4@group-A4401D2D6DDD-SegmentedRaftLog:OPENED:c-1,f-1,i0, conf=-1: [s3:0.0.0.0:36312, s4:0.0.0.0:37443, s0:0.0.0.0:41765, s1:0.0.0.0:36446, s2:0.0.0.0:41779], old=null RUNNING
  s0:  RUNNING  FOLLOWER s0@group-A4401D2D6DDD:t3, leader=null, voted=s0, raftlog=s0@group-A4401D2D6DDD-SegmentedRaftLog:OPENED:c-1,f-1,i0, conf=-1: [s3:0.0.0.0:36312, s4:0.0.0.0:37443, s0:0.0.0.0:41765, s1:0.0.0.0:36446, s2:0.0.0.0:41779], old=null RUNNING
  s1:  RUNNING CANDIDATE s1@group-A4401D2D6DDD:t4, leader=null, voted=s1, raftlog=s1@group-A4401D2D6DDD-SegmentedRaftLog:OPENED:c-1,f-1,i0, conf=-1: [s3:0.0.0.0:36312, s4:0.0.0.0:37443, s0:0.0.0.0:41765, s1:0.0.0.0:36446, s2:0.0.0.0:41779], old=null RUNNING
  s2:  RUNNING  FOLLOWER s2@group-A4401D2D6DDD:t3, leader=null, voted=s2, raftlog=s2@group-A4401D2D6DDD-SegmentedRaftLog:OPENED:c-1,f-1,i0, conf=-1: [s3:0.0.0.0:36312, s4:0.0.0.0:37443, s0:0.0.0.0:41765, s1:0.0.0.0:36446, s2:0.0.0.0:41779], old=null RUNNING, sleep 450ms and then retry.
java.lang.IllegalStateException: No leader yet : printing ALL groups
  s3:  RUNNING CANDIDATE s3@group-A4401D2D6DDD:t4, leader=null, voted=s3, raftlog=s3@group-A4401D2D6DDD-SegmentedRaftLog:OPENED:c-1,f-1,i0, conf=-1: [s3:0.0.0.0:36312, s4:0.0.0.0:37443, s0:0.0.0.0:41765, s1:0.0.0.0:36446, s2:0.0.0.0:41779], old=null RUNNING
  s4:  RUNNING  FOLLOWER s4@group-A4401D2D6DDD:t3, leader=null, voted=s3, raftlog=s4@group-A4401D2D6DDD-SegmentedRaftLog:OPENED:c-1,f-1,i0, conf=-1: [s3:0.0.0.0:36312, s4:0.0.0.0:37443, s0:0.0.0.0:41765, s1:0.0.0.0:36446, s2:0.0.0.0:41779], old=null RUNNING
  s0:  RUNNING  FOLLOWER s0@group-A4401D2D6DDD:t3, leader=null, voted=s0, raftlog=s0@group-A4401D2D6DDD-SegmentedRaftLog:OPENED:c-1,f-1,i0, conf=-1: [s3:0.0.0.0:36312, s4:0.0.0.0:37443, s0:0.0.0.0:41765, s1:0.0.0.0:36446, s2:0.0.0.0:41779], old=null RUNNING
  s1:  RUNNING CANDIDATE s1@group-A4401D2D6DDD:t4, leader=null, voted=s1, raftlog=s1@group-A4401D2D6DDD-SegmentedRaftLog:OPENED:c-1,f-1,i0, conf=-1: [s3:0.0.0.0:36312, s4:0.0.0.0:37443, s0:0.0.0.0:41765, s1:0.0.0.0:36446, s2:0.0.0.0:41779], old=null RUNNING
  s2:  RUNNING  FOLLOWER s2@group-A4401D2D6DDD:t3, leader=null, voted=s2, raftlog=s2@group-A4401D2D6DDD-SegmentedRaftLog:OPENED:c-1,f-1,i0, conf=-1: [s3:0.0.0.0:36312, s4:0.0.0.0:37443, s0:0.0.0.0:41765, s1:0.0.0.0:36446, s2:0.0.0.0:41779], old=null RUNNING
	at org.apache.ratis.MiniRaftCluster.newIllegalStateExceptionForNoLeaders(MiniRaftCluster.java:506)
	at org.apache.ratis.RaftTestUtil.lambda$waitForLeader$1(RaftTestUtil.java:90)
	at org.apache.ratis.MiniRaftCluster.getLeader(MiniRaftCluster.java:539)
	at org.apache.ratis.MiniRaftCluster.getLeader(MiniRaftCluster.java:532)
	at org.apache.ratis.RaftTestUtil.lambda$waitForLeader$3(RaftTestUtil.java:98)
	at org.apache.ratis.util.JavaUtils.attempt(JavaUtils.java:152)
	at org.apache.ratis.RaftTestUtil.waitForLeader(RaftTestUtil.java:97)
	at org.apache.ratis.RaftTestUtil.waitForLeader(RaftTestUtil.java:77)
	at org.apache.ratis.RaftTestUtil.waitForLeader(RaftTestUtil.java:72)
	at org.apache.ratis.server.impl.RaftReconfigurationBaseTest.runTestAddRemovePeers(RaftReconfigurationBaseTest.java:125)
	at org.apache.ratis.server.impl.RaftReconfigurationBaseTest.lambda$testLeaderStepDown$3(RaftReconfigurationBaseTest.java:121)
	at org.apache.ratis.MiniRaftCluster$Factory$Get.runWithNewCluster(MiniRaftCluster.java:125)
	at org.apache.ratis.MiniRaftCluster$Factory$Get.runWithNewCluster(MiniRaftCluster.java:113)
	at org.apache.ratis.server.impl.RaftReconfigurationBaseTest.testLeaderStepDown(RaftReconfigurationBaseTest.java:121)
	at sun.reflect.NativeMethodAccessorImpl.invoke0(Native Method)
	at sun.reflect.NativeMethodAccessorImpl.invoke(NativeMethodAccessorImpl.java:62)
	at sun.reflect.DelegatingMethodAccessorImpl.invoke(DelegatingMethodAccessorImpl.java:43)
	at java.lang.reflect.Method.invoke(Method.java:498)
	at org.junit.runners.model.FrameworkMethod$1.runReflectiveCall(FrameworkMethod.java:50)
	at org.junit.internal.runners.model.ReflectiveCallable.run(ReflectiveCallable.java:12)
	at org.junit.runners.model.FrameworkMethod.invokeExplosively(FrameworkMethod.java:47)
	at org.junit.internal.runners.statements.InvokeMethod.evaluate(InvokeMethod.java:17)
	at org.junit.internal.runners.statements.RunAfters.evaluate(RunAfters.java:27)
	at org.junit.internal.runners.statements.FailOnTimeout$CallableStatement.call(FailOnTimeout.java:298)
	at org.junit.internal.runners.statements.FailOnTimeout$CallableStatement.call(FailOnTimeout.java:292)
	at java.util.concurrent.FutureTask.run(FutureTask.java:266)
	at java.lang.Thread.run(Thread.java:748)
2019-09-24 16:33:31,200 WARN  ratis.RaftTestUtil (JavaUtils.java:attempt(158)) - FAILED "waitForLeader-null-(expectLeader? true)", attempt #21/100: java.lang.IllegalStateException: No leader yet : printing ALL groups
  s3:  RUNNING CANDIDATE s3@group-A4401D2D6DDD:t4, leader=null, voted=s3, raftlog=s3@group-A4401D2D6DDD-SegmentedRaftLog:OPENED:c-1,f-1,i0, conf=-1: [s3:0.0.0.0:36312, s4:0.0.0.0:37443, s0:0.0.0.0:41765, s1:0.0.0.0:36446, s2:0.0.0.0:41779], old=null RUNNING
  s4:  RUNNING  FOLLOWER s4@group-A4401D2D6DDD:t3, leader=null, voted=s3, raftlog=s4@group-A4401D2D6DDD-SegmentedRaftLog:OPENED:c-1,f-1,i0, conf=-1: [s3:0.0.0.0:36312, s4:0.0.0.0:37443, s0:0.0.0.0:41765, s1:0.0.0.0:36446, s2:0.0.0.0:41779], old=null RUNNING
  s0:  RUNNING  FOLLOWER s0@group-A4401D2D6DDD:t3, leader=null, voted=s0, raftlog=s0@group-A4401D2D6DDD-SegmentedRaftLog:OPENED:c-1,f-1,i0, conf=-1: [s3:0.0.0.0:36312, s4:0.0.0.0:37443, s0:0.0.0.0:41765, s1:0.0.0.0:36446, s2:0.0.0.0:41779], old=null RUNNING
  s1:  RUNNING CANDIDATE s1@group-A4401D2D6DDD:t4, leader=null, voted=s1, raftlog=s1@group-A4401D2D6DDD-SegmentedRaftLog:OPENED:c-1,f-1,i0, conf=-1: [s3:0.0.0.0:36312, s4:0.0.0.0:37443, s0:0.0.0.0:41765, s1:0.0.0.0:36446, s2:0.0.0.0:41779], old=null RUNNING
  s2:  RUNNING  FOLLOWER s2@group-A4401D2D6DDD:t3, leader=null, voted=s2, raftlog=s2@group-A4401D2D6DDD-SegmentedRaftLog:OPENED:c-1,f-1,i0, conf=-1: [s3:0.0.0.0:36312, s4:0.0.0.0:37443, s0:0.0.0.0:41765, s1:0.0.0.0:36446, s2:0.0.0.0:41779], old=null RUNNING, sleep 450ms and then retry.
java.lang.IllegalStateException: No leader yet : printing ALL groups
  s3:  RUNNING CANDIDATE s3@group-A4401D2D6DDD:t4, leader=null, voted=s3, raftlog=s3@group-A4401D2D6DDD-SegmentedRaftLog:OPENED:c-1,f-1,i0, conf=-1: [s3:0.0.0.0:36312, s4:0.0.0.0:37443, s0:0.0.0.0:41765, s1:0.0.0.0:36446, s2:0.0.0.0:41779], old=null RUNNING
  s4:  RUNNING  FOLLOWER s4@group-A4401D2D6DDD:t3, leader=null, voted=s3, raftlog=s4@group-A4401D2D6DDD-SegmentedRaftLog:OPENED:c-1,f-1,i0, conf=-1: [s3:0.0.0.0:36312, s4:0.0.0.0:37443, s0:0.0.0.0:41765, s1:0.0.0.0:36446, s2:0.0.0.0:41779], old=null RUNNING
  s0:  RUNNING  FOLLOWER s0@group-A4401D2D6DDD:t3, leader=null, voted=s0, raftlog=s0@group-A4401D2D6DDD-SegmentedRaftLog:OPENED:c-1,f-1,i0, conf=-1: [s3:0.0.0.0:36312, s4:0.0.0.0:37443, s0:0.0.0.0:41765, s1:0.0.0.0:36446, s2:0.0.0.0:41779], old=null RUNNING
  s1:  RUNNING CANDIDATE s1@group-A4401D2D6DDD:t4, leader=null, voted=s1, raftlog=s1@group-A4401D2D6DDD-SegmentedRaftLog:OPENED:c-1,f-1,i0, conf=-1: [s3:0.0.0.0:36312, s4:0.0.0.0:37443, s0:0.0.0.0:41765, s1:0.0.0.0:36446, s2:0.0.0.0:41779], old=null RUNNING
  s2:  RUNNING  FOLLOWER s2@group-A4401D2D6DDD:t3, leader=null, voted=s2, raftlog=s2@group-A4401D2D6DDD-SegmentedRaftLog:OPENED:c-1,f-1,i0, conf=-1: [s3:0.0.0.0:36312, s4:0.0.0.0:37443, s0:0.0.0.0:41765, s1:0.0.0.0:36446, s2:0.0.0.0:41779], old=null RUNNING
	at org.apache.ratis.MiniRaftCluster.newIllegalStateExceptionForNoLeaders(MiniRaftCluster.java:506)
	at org.apache.ratis.RaftTestUtil.lambda$waitForLeader$1(RaftTestUtil.java:90)
	at org.apache.ratis.MiniRaftCluster.getLeader(MiniRaftCluster.java:539)
	at org.apache.ratis.MiniRaftCluster.getLeader(MiniRaftCluster.java:532)
	at org.apache.ratis.RaftTestUtil.lambda$waitForLeader$3(RaftTestUtil.java:98)
	at org.apache.ratis.util.JavaUtils.attempt(JavaUtils.java:152)
	at org.apache.ratis.RaftTestUtil.waitForLeader(RaftTestUtil.java:97)
	at org.apache.ratis.RaftTestUtil.waitForLeader(RaftTestUtil.java:77)
	at org.apache.ratis.RaftTestUtil.waitForLeader(RaftTestUtil.java:72)
	at org.apache.ratis.server.impl.RaftReconfigurationBaseTest.runTestAddRemovePeers(RaftReconfigurationBaseTest.java:125)
	at org.apache.ratis.server.impl.RaftReconfigurationBaseTest.lambda$testLeaderStepDown$3(RaftReconfigurationBaseTest.java:121)
	at org.apache.ratis.MiniRaftCluster$Factory$Get.runWithNewCluster(MiniRaftCluster.java:125)
	at org.apache.ratis.MiniRaftCluster$Factory$Get.runWithNewCluster(MiniRaftCluster.java:113)
	at org.apache.ratis.server.impl.RaftReconfigurationBaseTest.testLeaderStepDown(RaftReconfigurationBaseTest.java:121)
	at sun.reflect.NativeMethodAccessorImpl.invoke0(Native Method)
	at sun.reflect.NativeMethodAccessorImpl.invoke(NativeMethodAccessorImpl.java:62)
	at sun.reflect.DelegatingMethodAccessorImpl.invoke(DelegatingMethodAccessorImpl.java:43)
	at java.lang.reflect.Method.invoke(Method.java:498)
	at org.junit.runners.model.FrameworkMethod$1.runReflectiveCall(FrameworkMethod.java:50)
	at org.junit.internal.runners.model.ReflectiveCallable.run(ReflectiveCallable.java:12)
	at org.junit.runners.model.FrameworkMethod.invokeExplosively(FrameworkMethod.java:47)
	at org.junit.internal.runners.statements.InvokeMethod.evaluate(InvokeMethod.java:17)
	at org.junit.internal.runners.statements.RunAfters.evaluate(RunAfters.java:27)
	at org.junit.internal.runners.statements.FailOnTimeout$CallableStatement.call(FailOnTimeout.java:298)
	at org.junit.internal.runners.statements.FailOnTimeout$CallableStatement.call(FailOnTimeout.java:292)
	at java.util.concurrent.FutureTask.run(FutureTask.java:266)
	at java.lang.Thread.run(Thread.java:748)
2019-09-24 16:33:31,651 WARN  ratis.RaftTestUtil (JavaUtils.java:attempt(158)) - FAILED "waitForLeader-null-(expectLeader? true)", attempt #22/100: java.lang.IllegalStateException: No leader yet : printing ALL groups
  s3:  RUNNING CANDIDATE s3@group-A4401D2D6DDD:t4, leader=null, voted=s3, raftlog=s3@group-A4401D2D6DDD-SegmentedRaftLog:OPENED:c-1,f-1,i0, conf=-1: [s3:0.0.0.0:36312, s4:0.0.0.0:37443, s0:0.0.0.0:41765, s1:0.0.0.0:36446, s2:0.0.0.0:41779], old=null RUNNING
  s4:  RUNNING  FOLLOWER s4@group-A4401D2D6DDD:t3, leader=null, voted=s3, raftlog=s4@group-A4401D2D6DDD-SegmentedRaftLog:OPENED:c-1,f-1,i0, conf=-1: [s3:0.0.0.0:36312, s4:0.0.0.0:37443, s0:0.0.0.0:41765, s1:0.0.0.0:36446, s2:0.0.0.0:41779], old=null RUNNING
  s0:  RUNNING  FOLLOWER s0@group-A4401D2D6DDD:t3, leader=null, voted=s0, raftlog=s0@group-A4401D2D6DDD-SegmentedRaftLog:OPENED:c-1,f-1,i0, conf=-1: [s3:0.0.0.0:36312, s4:0.0.0.0:37443, s0:0.0.0.0:41765, s1:0.0.0.0:36446, s2:0.0.0.0:41779], old=null RUNNING
  s1:  RUNNING CANDIDATE s1@group-A4401D2D6DDD:t4, leader=null, voted=s1, raftlog=s1@group-A4401D2D6DDD-SegmentedRaftLog:OPENED:c-1,f-1,i0, conf=-1: [s3:0.0.0.0:36312, s4:0.0.0.0:37443, s0:0.0.0.0:41765, s1:0.0.0.0:36446, s2:0.0.0.0:41779], old=null RUNNING
  s2:  RUNNING  FOLLOWER s2@group-A4401D2D6DDD:t3, leader=null, voted=s2, raftlog=s2@group-A4401D2D6DDD-SegmentedRaftLog:OPENED:c-1,f-1,i0, conf=-1: [s3:0.0.0.0:36312, s4:0.0.0.0:37443, s0:0.0.0.0:41765, s1:0.0.0.0:36446, s2:0.0.0.0:41779], old=null RUNNING, sleep 450ms and then retry.
java.lang.IllegalStateException: No leader yet : printing ALL groups
  s3:  RUNNING CANDIDATE s3@group-A4401D2D6DDD:t4, leader=null, voted=s3, raftlog=s3@group-A4401D2D6DDD-SegmentedRaftLog:OPENED:c-1,f-1,i0, conf=-1: [s3:0.0.0.0:36312, s4:0.0.0.0:37443, s0:0.0.0.0:41765, s1:0.0.0.0:36446, s2:0.0.0.0:41779], old=null RUNNING
  s4:  RUNNING  FOLLOWER s4@group-A4401D2D6DDD:t3, leader=null, voted=s3, raftlog=s4@group-A4401D2D6DDD-SegmentedRaftLog:OPENED:c-1,f-1,i0, conf=-1: [s3:0.0.0.0:36312, s4:0.0.0.0:37443, s0:0.0.0.0:41765, s1:0.0.0.0:36446, s2:0.0.0.0:41779], old=null RUNNING
  s0:  RUNNING  FOLLOWER s0@group-A4401D2D6DDD:t3, leader=null, voted=s0, raftlog=s0@group-A4401D2D6DDD-SegmentedRaftLog:OPENED:c-1,f-1,i0, conf=-1: [s3:0.0.0.0:36312, s4:0.0.0.0:37443, s0:0.0.0.0:41765, s1:0.0.0.0:36446, s2:0.0.0.0:41779], old=null RUNNING
  s1:  RUNNING CANDIDATE s1@group-A4401D2D6DDD:t4, leader=null, voted=s1, raftlog=s1@group-A4401D2D6DDD-SegmentedRaftLog:OPENED:c-1,f-1,i0, conf=-1: [s3:0.0.0.0:36312, s4:0.0.0.0:37443, s0:0.0.0.0:41765, s1:0.0.0.0:36446, s2:0.0.0.0:41779], old=null RUNNING
  s2:  RUNNING  FOLLOWER s2@group-A4401D2D6DDD:t3, leader=null, voted=s2, raftlog=s2@group-A4401D2D6DDD-SegmentedRaftLog:OPENED:c-1,f-1,i0, conf=-1: [s3:0.0.0.0:36312, s4:0.0.0.0:37443, s0:0.0.0.0:41765, s1:0.0.0.0:36446, s2:0.0.0.0:41779], old=null RUNNING
	at org.apache.ratis.MiniRaftCluster.newIllegalStateExceptionForNoLeaders(MiniRaftCluster.java:506)
	at org.apache.ratis.RaftTestUtil.lambda$waitForLeader$1(RaftTestUtil.java:90)
	at org.apache.ratis.MiniRaftCluster.getLeader(MiniRaftCluster.java:539)
	at org.apache.ratis.MiniRaftCluster.getLeader(MiniRaftCluster.java:532)
	at org.apache.ratis.RaftTestUtil.lambda$waitForLeader$3(RaftTestUtil.java:98)
	at org.apache.ratis.util.JavaUtils.attempt(JavaUtils.java:152)
	at org.apache.ratis.RaftTestUtil.waitForLeader(RaftTestUtil.java:97)
	at org.apache.ratis.RaftTestUtil.waitForLeader(RaftTestUtil.java:77)
	at org.apache.ratis.RaftTestUtil.waitForLeader(RaftTestUtil.java:72)
	at org.apache.ratis.server.impl.RaftReconfigurationBaseTest.runTestAddRemovePeers(RaftReconfigurationBaseTest.java:125)
	at org.apache.ratis.server.impl.RaftReconfigurationBaseTest.lambda$testLeaderStepDown$3(RaftReconfigurationBaseTest.java:121)
	at org.apache.ratis.MiniRaftCluster$Factory$Get.runWithNewCluster(MiniRaftCluster.java:125)
	at org.apache.ratis.MiniRaftCluster$Factory$Get.runWithNewCluster(MiniRaftCluster.java:113)
	at org.apache.ratis.server.impl.RaftReconfigurationBaseTest.testLeaderStepDown(RaftReconfigurationBaseTest.java:121)
	at sun.reflect.NativeMethodAccessorImpl.invoke0(Native Method)
	at sun.reflect.NativeMethodAccessorImpl.invoke(NativeMethodAccessorImpl.java:62)
	at sun.reflect.DelegatingMethodAccessorImpl.invoke(DelegatingMethodAccessorImpl.java:43)
	at java.lang.reflect.Method.invoke(Method.java:498)
	at org.junit.runners.model.FrameworkMethod$1.runReflectiveCall(FrameworkMethod.java:50)
	at org.junit.internal.runners.model.ReflectiveCallable.run(ReflectiveCallable.java:12)
	at org.junit.runners.model.FrameworkMethod.invokeExplosively(FrameworkMethod.java:47)
	at org.junit.internal.runners.statements.InvokeMethod.evaluate(InvokeMethod.java:17)
	at org.junit.internal.runners.statements.RunAfters.evaluate(RunAfters.java:27)
	at org.junit.internal.runners.statements.FailOnTimeout$CallableStatement.call(FailOnTimeout.java:298)
	at org.junit.internal.runners.statements.FailOnTimeout$CallableStatement.call(FailOnTimeout.java:292)
	at java.util.concurrent.FutureTask.run(FutureTask.java:266)
	at java.lang.Thread.run(Thread.java:748)
2019-09-24 16:33:32,103 WARN  ratis.RaftTestUtil (JavaUtils.java:attempt(158)) - FAILED "waitForLeader-null-(expectLeader? true)", attempt #23/100: java.lang.IllegalStateException: No leader yet : printing ALL groups
  s3:  RUNNING CANDIDATE s3@group-A4401D2D6DDD:t4, leader=null, voted=s3, raftlog=s3@group-A4401D2D6DDD-SegmentedRaftLog:OPENED:c-1,f-1,i0, conf=-1: [s3:0.0.0.0:36312, s4:0.0.0.0:37443, s0:0.0.0.0:41765, s1:0.0.0.0:36446, s2:0.0.0.0:41779], old=null RUNNING
  s4:  RUNNING  FOLLOWER s4@group-A4401D2D6DDD:t3, leader=null, voted=s3, raftlog=s4@group-A4401D2D6DDD-SegmentedRaftLog:OPENED:c-1,f-1,i0, conf=-1: [s3:0.0.0.0:36312, s4:0.0.0.0:37443, s0:0.0.0.0:41765, s1:0.0.0.0:36446, s2:0.0.0.0:41779], old=null RUNNING
  s0:  RUNNING  FOLLOWER s0@group-A4401D2D6DDD:t3, leader=null, voted=s0, raftlog=s0@group-A4401D2D6DDD-SegmentedRaftLog:OPENED:c-1,f-1,i0, conf=-1: [s3:0.0.0.0:36312, s4:0.0.0.0:37443, s0:0.0.0.0:41765, s1:0.0.0.0:36446, s2:0.0.0.0:41779], old=null RUNNING
  s1:  RUNNING CANDIDATE s1@group-A4401D2D6DDD:t4, leader=null, voted=s1, raftlog=s1@group-A4401D2D6DDD-SegmentedRaftLog:OPENED:c-1,f-1,i0, conf=-1: [s3:0.0.0.0:36312, s4:0.0.0.0:37443, s0:0.0.0.0:41765, s1:0.0.0.0:36446, s2:0.0.0.0:41779], old=null RUNNING
  s2:  RUNNING  FOLLOWER s2@group-A4401D2D6DDD:t3, leader=null, voted=s2, raftlog=s2@group-A4401D2D6DDD-SegmentedRaftLog:OPENED:c-1,f-1,i0, conf=-1: [s3:0.0.0.0:36312, s4:0.0.0.0:37443, s0:0.0.0.0:41765, s1:0.0.0.0:36446, s2:0.0.0.0:41779], old=null RUNNING, sleep 450ms and then retry.
java.lang.IllegalStateException: No leader yet : printing ALL groups
  s3:  RUNNING CANDIDATE s3@group-A4401D2D6DDD:t4, leader=null, voted=s3, raftlog=s3@group-A4401D2D6DDD-SegmentedRaftLog:OPENED:c-1,f-1,i0, conf=-1: [s3:0.0.0.0:36312, s4:0.0.0.0:37443, s0:0.0.0.0:41765, s1:0.0.0.0:36446, s2:0.0.0.0:41779], old=null RUNNING
  s4:  RUNNING  FOLLOWER s4@group-A4401D2D6DDD:t3, leader=null, voted=s3, raftlog=s4@group-A4401D2D6DDD-SegmentedRaftLog:OPENED:c-1,f-1,i0, conf=-1: [s3:0.0.0.0:36312, s4:0.0.0.0:37443, s0:0.0.0.0:41765, s1:0.0.0.0:36446, s2:0.0.0.0:41779], old=null RUNNING
  s0:  RUNNING  FOLLOWER s0@group-A4401D2D6DDD:t3, leader=null, voted=s0, raftlog=s0@group-A4401D2D6DDD-SegmentedRaftLog:OPENED:c-1,f-1,i0, conf=-1: [s3:0.0.0.0:36312, s4:0.0.0.0:37443, s0:0.0.0.0:41765, s1:0.0.0.0:36446, s2:0.0.0.0:41779], old=null RUNNING
  s1:  RUNNING CANDIDATE s1@group-A4401D2D6DDD:t4, leader=null, voted=s1, raftlog=s1@group-A4401D2D6DDD-SegmentedRaftLog:OPENED:c-1,f-1,i0, conf=-1: [s3:0.0.0.0:36312, s4:0.0.0.0:37443, s0:0.0.0.0:41765, s1:0.0.0.0:36446, s2:0.0.0.0:41779], old=null RUNNING
  s2:  RUNNING  FOLLOWER s2@group-A4401D2D6DDD:t3, leader=null, voted=s2, raftlog=s2@group-A4401D2D6DDD-SegmentedRaftLog:OPENED:c-1,f-1,i0, conf=-1: [s3:0.0.0.0:36312, s4:0.0.0.0:37443, s0:0.0.0.0:41765, s1:0.0.0.0:36446, s2:0.0.0.0:41779], old=null RUNNING
	at org.apache.ratis.MiniRaftCluster.newIllegalStateExceptionForNoLeaders(MiniRaftCluster.java:506)
	at org.apache.ratis.RaftTestUtil.lambda$waitForLeader$1(RaftTestUtil.java:90)
	at org.apache.ratis.MiniRaftCluster.getLeader(MiniRaftCluster.java:539)
	at org.apache.ratis.MiniRaftCluster.getLeader(MiniRaftCluster.java:532)
	at org.apache.ratis.RaftTestUtil.lambda$waitForLeader$3(RaftTestUtil.java:98)
	at org.apache.ratis.util.JavaUtils.attempt(JavaUtils.java:152)
	at org.apache.ratis.RaftTestUtil.waitForLeader(RaftTestUtil.java:97)
	at org.apache.ratis.RaftTestUtil.waitForLeader(RaftTestUtil.java:77)
	at org.apache.ratis.RaftTestUtil.waitForLeader(RaftTestUtil.java:72)
	at org.apache.ratis.server.impl.RaftReconfigurationBaseTest.runTestAddRemovePeers(RaftReconfigurationBaseTest.java:125)
	at org.apache.ratis.server.impl.RaftReconfigurationBaseTest.lambda$testLeaderStepDown$3(RaftReconfigurationBaseTest.java:121)
	at org.apache.ratis.MiniRaftCluster$Factory$Get.runWithNewCluster(MiniRaftCluster.java:125)
	at org.apache.ratis.MiniRaftCluster$Factory$Get.runWithNewCluster(MiniRaftCluster.java:113)
	at org.apache.ratis.server.impl.RaftReconfigurationBaseTest.testLeaderStepDown(RaftReconfigurationBaseTest.java:121)
	at sun.reflect.NativeMethodAccessorImpl.invoke0(Native Method)
	at sun.reflect.NativeMethodAccessorImpl.invoke(NativeMethodAccessorImpl.java:62)
	at sun.reflect.DelegatingMethodAccessorImpl.invoke(DelegatingMethodAccessorImpl.java:43)
	at java.lang.reflect.Method.invoke(Method.java:498)
	at org.junit.runners.model.FrameworkMethod$1.runReflectiveCall(FrameworkMethod.java:50)
	at org.junit.internal.runners.model.ReflectiveCallable.run(ReflectiveCallable.java:12)
	at org.junit.runners.model.FrameworkMethod.invokeExplosively(FrameworkMethod.java:47)
	at org.junit.internal.runners.statements.InvokeMethod.evaluate(InvokeMethod.java:17)
	at org.junit.internal.runners.statements.RunAfters.evaluate(RunAfters.java:27)
	at org.junit.internal.runners.statements.FailOnTimeout$CallableStatement.call(FailOnTimeout.java:298)
	at org.junit.internal.runners.statements.FailOnTimeout$CallableStatement.call(FailOnTimeout.java:292)
	at java.util.concurrent.FutureTask.run(FutureTask.java:266)
	at java.lang.Thread.run(Thread.java:748)
2019-09-24 16:33:32,171 INFO  ratis.MiniRaftCluster (MiniRaftCluster.java:lambda$null$5(297)) - TIMED-PRINT: printing ALL groups
  s3:  RUNNING CANDIDATE s3@group-A4401D2D6DDD:t4, leader=null, voted=s3, raftlog=s3@group-A4401D2D6DDD-SegmentedRaftLog:OPENED:c-1,f-1,i0, conf=-1: [s3:0.0.0.0:36312, s4:0.0.0.0:37443, s0:0.0.0.0:41765, s1:0.0.0.0:36446, s2:0.0.0.0:41779], old=null RUNNING
  s4:  RUNNING  FOLLOWER s4@group-A4401D2D6DDD:t3, leader=null, voted=s3, raftlog=s4@group-A4401D2D6DDD-SegmentedRaftLog:OPENED:c-1,f-1,i0, conf=-1: [s3:0.0.0.0:36312, s4:0.0.0.0:37443, s0:0.0.0.0:41765, s1:0.0.0.0:36446, s2:0.0.0.0:41779], old=null RUNNING
  s0:  RUNNING  FOLLOWER s0@group-A4401D2D6DDD:t3, leader=null, voted=s0, raftlog=s0@group-A4401D2D6DDD-SegmentedRaftLog:OPENED:c-1,f-1,i0, conf=-1: [s3:0.0.0.0:36312, s4:0.0.0.0:37443, s0:0.0.0.0:41765, s1:0.0.0.0:36446, s2:0.0.0.0:41779], old=null RUNNING
  s1:  RUNNING CANDIDATE s1@group-A4401D2D6DDD:t4, leader=null, voted=s1, raftlog=s1@group-A4401D2D6DDD-SegmentedRaftLog:OPENED:c-1,f-1,i0, conf=-1: [s3:0.0.0.0:36312, s4:0.0.0.0:37443, s0:0.0.0.0:41765, s1:0.0.0.0:36446, s2:0.0.0.0:41779], old=null RUNNING
  s2:  RUNNING  FOLLOWER s2@group-A4401D2D6DDD:t3, leader=null, voted=s2, raftlog=s2@group-A4401D2D6DDD-SegmentedRaftLog:OPENED:c-1,f-1,i0, conf=-1: [s3:0.0.0.0:36312, s4:0.0.0.0:37443, s0:0.0.0.0:41765, s1:0.0.0.0:36446, s2:0.0.0.0:41779], old=null RUNNING
2019-09-24 16:33:32,554 WARN  ratis.RaftTestUtil (JavaUtils.java:attempt(158)) - FAILED "waitForLeader-null-(expectLeader? true)", attempt #24/100: java.lang.IllegalStateException: No leader yet : printing ALL groups
  s3:  RUNNING CANDIDATE s3@group-A4401D2D6DDD:t4, leader=null, voted=s3, raftlog=s3@group-A4401D2D6DDD-SegmentedRaftLog:OPENED:c-1,f-1,i0, conf=-1: [s3:0.0.0.0:36312, s4:0.0.0.0:37443, s0:0.0.0.0:41765, s1:0.0.0.0:36446, s2:0.0.0.0:41779], old=null RUNNING
  s4:  RUNNING  FOLLOWER s4@group-A4401D2D6DDD:t3, leader=null, voted=s3, raftlog=s4@group-A4401D2D6DDD-SegmentedRaftLog:OPENED:c-1,f-1,i0, conf=-1: [s3:0.0.0.0:36312, s4:0.0.0.0:37443, s0:0.0.0.0:41765, s1:0.0.0.0:36446, s2:0.0.0.0:41779], old=null RUNNING
  s0:  RUNNING  FOLLOWER s0@group-A4401D2D6DDD:t3, leader=null, voted=s0, raftlog=s0@group-A4401D2D6DDD-SegmentedRaftLog:OPENED:c-1,f-1,i0, conf=-1: [s3:0.0.0.0:36312, s4:0.0.0.0:37443, s0:0.0.0.0:41765, s1:0.0.0.0:36446, s2:0.0.0.0:41779], old=null RUNNING
  s1:  RUNNING CANDIDATE s1@group-A4401D2D6DDD:t4, leader=null, voted=s1, raftlog=s1@group-A4401D2D6DDD-SegmentedRaftLog:OPENED:c-1,f-1,i0, conf=-1: [s3:0.0.0.0:36312, s4:0.0.0.0:37443, s0:0.0.0.0:41765, s1:0.0.0.0:36446, s2:0.0.0.0:41779], old=null RUNNING
  s2:  RUNNING  FOLLOWER s2@group-A4401D2D6DDD:t3, leader=null, voted=s2, raftlog=s2@group-A4401D2D6DDD-SegmentedRaftLog:OPENED:c-1,f-1,i0, conf=-1: [s3:0.0.0.0:36312, s4:0.0.0.0:37443, s0:0.0.0.0:41765, s1:0.0.0.0:36446, s2:0.0.0.0:41779], old=null RUNNING, sleep 450ms and then retry.
java.lang.IllegalStateException: No leader yet : printing ALL groups
  s3:  RUNNING CANDIDATE s3@group-A4401D2D6DDD:t4, leader=null, voted=s3, raftlog=s3@group-A4401D2D6DDD-SegmentedRaftLog:OPENED:c-1,f-1,i0, conf=-1: [s3:0.0.0.0:36312, s4:0.0.0.0:37443, s0:0.0.0.0:41765, s1:0.0.0.0:36446, s2:0.0.0.0:41779], old=null RUNNING
  s4:  RUNNING  FOLLOWER s4@group-A4401D2D6DDD:t3, leader=null, voted=s3, raftlog=s4@group-A4401D2D6DDD-SegmentedRaftLog:OPENED:c-1,f-1,i0, conf=-1: [s3:0.0.0.0:36312, s4:0.0.0.0:37443, s0:0.0.0.0:41765, s1:0.0.0.0:36446, s2:0.0.0.0:41779], old=null RUNNING
  s0:  RUNNING  FOLLOWER s0@group-A4401D2D6DDD:t3, leader=null, voted=s0, raftlog=s0@group-A4401D2D6DDD-SegmentedRaftLog:OPENED:c-1,f-1,i0, conf=-1: [s3:0.0.0.0:36312, s4:0.0.0.0:37443, s0:0.0.0.0:41765, s1:0.0.0.0:36446, s2:0.0.0.0:41779], old=null RUNNING
  s1:  RUNNING CANDIDATE s1@group-A4401D2D6DDD:t4, leader=null, voted=s1, raftlog=s1@group-A4401D2D6DDD-SegmentedRaftLog:OPENED:c-1,f-1,i0, conf=-1: [s3:0.0.0.0:36312, s4:0.0.0.0:37443, s0:0.0.0.0:41765, s1:0.0.0.0:36446, s2:0.0.0.0:41779], old=null RUNNING
  s2:  RUNNING  FOLLOWER s2@group-A4401D2D6DDD:t3, leader=null, voted=s2, raftlog=s2@group-A4401D2D6DDD-SegmentedRaftLog:OPENED:c-1,f-1,i0, conf=-1: [s3:0.0.0.0:36312, s4:0.0.0.0:37443, s0:0.0.0.0:41765, s1:0.0.0.0:36446, s2:0.0.0.0:41779], old=null RUNNING
	at org.apache.ratis.MiniRaftCluster.newIllegalStateExceptionForNoLeaders(MiniRaftCluster.java:506)
	at org.apache.ratis.RaftTestUtil.lambda$waitForLeader$1(RaftTestUtil.java:90)
	at org.apache.ratis.MiniRaftCluster.getLeader(MiniRaftCluster.java:539)
	at org.apache.ratis.MiniRaftCluster.getLeader(MiniRaftCluster.java:532)
	at org.apache.ratis.RaftTestUtil.lambda$waitForLeader$3(RaftTestUtil.java:98)
	at org.apache.ratis.util.JavaUtils.attempt(JavaUtils.java:152)
	at org.apache.ratis.RaftTestUtil.waitForLeader(RaftTestUtil.java:97)
	at org.apache.ratis.RaftTestUtil.waitForLeader(RaftTestUtil.java:77)
	at org.apache.ratis.RaftTestUtil.waitForLeader(RaftTestUtil.java:72)
	at org.apache.ratis.server.impl.RaftReconfigurationBaseTest.runTestAddRemovePeers(RaftReconfigurationBaseTest.java:125)
	at org.apache.ratis.server.impl.RaftReconfigurationBaseTest.lambda$testLeaderStepDown$3(RaftReconfigurationBaseTest.java:121)
	at org.apache.ratis.MiniRaftCluster$Factory$Get.runWithNewCluster(MiniRaftCluster.java:125)
	at org.apache.ratis.MiniRaftCluster$Factory$Get.runWithNewCluster(MiniRaftCluster.java:113)
	at org.apache.ratis.server.impl.RaftReconfigurationBaseTest.testLeaderStepDown(RaftReconfigurationBaseTest.java:121)
	at sun.reflect.NativeMethodAccessorImpl.invoke0(Native Method)
	at sun.reflect.NativeMethodAccessorImpl.invoke(NativeMethodAccessorImpl.java:62)
	at sun.reflect.DelegatingMethodAccessorImpl.invoke(DelegatingMethodAccessorImpl.java:43)
	at java.lang.reflect.Method.invoke(Method.java:498)
	at org.junit.runners.model.FrameworkMethod$1.runReflectiveCall(FrameworkMethod.java:50)
	at org.junit.internal.runners.model.ReflectiveCallable.run(ReflectiveCallable.java:12)
	at org.junit.runners.model.FrameworkMethod.invokeExplosively(FrameworkMethod.java:47)
	at org.junit.internal.runners.statements.InvokeMethod.evaluate(InvokeMethod.java:17)
	at org.junit.internal.runners.statements.RunAfters.evaluate(RunAfters.java:27)
	at org.junit.internal.runners.statements.FailOnTimeout$CallableStatement.call(FailOnTimeout.java:298)
	at org.junit.internal.runners.statements.FailOnTimeout$CallableStatement.call(FailOnTimeout.java:292)
	at java.util.concurrent.FutureTask.run(FutureTask.java:266)
	at java.lang.Thread.run(Thread.java:748)
2019-09-24 16:33:33,006 WARN  ratis.RaftTestUtil (JavaUtils.java:attempt(158)) - FAILED "waitForLeader-null-(expectLeader? true)", attempt #25/100: java.lang.IllegalStateException: No leader yet : printing ALL groups
  s3:  RUNNING CANDIDATE s3@group-A4401D2D6DDD:t4, leader=null, voted=s3, raftlog=s3@group-A4401D2D6DDD-SegmentedRaftLog:OPENED:c-1,f-1,i0, conf=-1: [s3:0.0.0.0:36312, s4:0.0.0.0:37443, s0:0.0.0.0:41765, s1:0.0.0.0:36446, s2:0.0.0.0:41779], old=null RUNNING
  s4:  RUNNING  FOLLOWER s4@group-A4401D2D6DDD:t3, leader=null, voted=s3, raftlog=s4@group-A4401D2D6DDD-SegmentedRaftLog:OPENED:c-1,f-1,i0, conf=-1: [s3:0.0.0.0:36312, s4:0.0.0.0:37443, s0:0.0.0.0:41765, s1:0.0.0.0:36446, s2:0.0.0.0:41779], old=null RUNNING
  s0:  RUNNING  FOLLOWER s0@group-A4401D2D6DDD:t3, leader=null, voted=s0, raftlog=s0@group-A4401D2D6DDD-SegmentedRaftLog:OPENED:c-1,f-1,i0, conf=-1: [s3:0.0.0.0:36312, s4:0.0.0.0:37443, s0:0.0.0.0:41765, s1:0.0.0.0:36446, s2:0.0.0.0:41779], old=null RUNNING
  s1:  RUNNING CANDIDATE s1@group-A4401D2D6DDD:t4, leader=null, voted=s1, raftlog=s1@group-A4401D2D6DDD-SegmentedRaftLog:OPENED:c-1,f-1,i0, conf=-1: [s3:0.0.0.0:36312, s4:0.0.0.0:37443, s0:0.0.0.0:41765, s1:0.0.0.0:36446, s2:0.0.0.0:41779], old=null RUNNING
  s2:  RUNNING  FOLLOWER s2@group-A4401D2D6DDD:t3, leader=null, voted=s2, raftlog=s2@group-A4401D2D6DDD-SegmentedRaftLog:OPENED:c-1,f-1,i0, conf=-1: [s3:0.0.0.0:36312, s4:0.0.0.0:37443, s0:0.0.0.0:41765, s1:0.0.0.0:36446, s2:0.0.0.0:41779], old=null RUNNING, sleep 450ms and then retry.
java.lang.IllegalStateException: No leader yet : printing ALL groups
  s3:  RUNNING CANDIDATE s3@group-A4401D2D6DDD:t4, leader=null, voted=s3, raftlog=s3@group-A4401D2D6DDD-SegmentedRaftLog:OPENED:c-1,f-1,i0, conf=-1: [s3:0.0.0.0:36312, s4:0.0.0.0:37443, s0:0.0.0.0:41765, s1:0.0.0.0:36446, s2:0.0.0.0:41779], old=null RUNNING
  s4:  RUNNING  FOLLOWER s4@group-A4401D2D6DDD:t3, leader=null, voted=s3, raftlog=s4@group-A4401D2D6DDD-SegmentedRaftLog:OPENED:c-1,f-1,i0, conf=-1: [s3:0.0.0.0:36312, s4:0.0.0.0:37443, s0:0.0.0.0:41765, s1:0.0.0.0:36446, s2:0.0.0.0:41779], old=null RUNNING
  s0:  RUNNING  FOLLOWER s0@group-A4401D2D6DDD:t3, leader=null, voted=s0, raftlog=s0@group-A4401D2D6DDD-SegmentedRaftLog:OPENED:c-1,f-1,i0, conf=-1: [s3:0.0.0.0:36312, s4:0.0.0.0:37443, s0:0.0.0.0:41765, s1:0.0.0.0:36446, s2:0.0.0.0:41779], old=null RUNNING
  s1:  RUNNING CANDIDATE s1@group-A4401D2D6DDD:t4, leader=null, voted=s1, raftlog=s1@group-A4401D2D6DDD-SegmentedRaftLog:OPENED:c-1,f-1,i0, conf=-1: [s3:0.0.0.0:36312, s4:0.0.0.0:37443, s0:0.0.0.0:41765, s1:0.0.0.0:36446, s2:0.0.0.0:41779], old=null RUNNING
  s2:  RUNNING  FOLLOWER s2@group-A4401D2D6DDD:t3, leader=null, voted=s2, raftlog=s2@group-A4401D2D6DDD-SegmentedRaftLog:OPENED:c-1,f-1,i0, conf=-1: [s3:0.0.0.0:36312, s4:0.0.0.0:37443, s0:0.0.0.0:41765, s1:0.0.0.0:36446, s2:0.0.0.0:41779], old=null RUNNING
	at org.apache.ratis.MiniRaftCluster.newIllegalStateExceptionForNoLeaders(MiniRaftCluster.java:506)
	at org.apache.ratis.RaftTestUtil.lambda$waitForLeader$1(RaftTestUtil.java:90)
	at org.apache.ratis.MiniRaftCluster.getLeader(MiniRaftCluster.java:539)
	at org.apache.ratis.MiniRaftCluster.getLeader(MiniRaftCluster.java:532)
	at org.apache.ratis.RaftTestUtil.lambda$waitForLeader$3(RaftTestUtil.java:98)
	at org.apache.ratis.util.JavaUtils.attempt(JavaUtils.java:152)
	at org.apache.ratis.RaftTestUtil.waitForLeader(RaftTestUtil.java:97)
	at org.apache.ratis.RaftTestUtil.waitForLeader(RaftTestUtil.java:77)
	at org.apache.ratis.RaftTestUtil.waitForLeader(RaftTestUtil.java:72)
	at org.apache.ratis.server.impl.RaftReconfigurationBaseTest.runTestAddRemovePeers(RaftReconfigurationBaseTest.java:125)
	at org.apache.ratis.server.impl.RaftReconfigurationBaseTest.lambda$testLeaderStepDown$3(RaftReconfigurationBaseTest.java:121)
	at org.apache.ratis.MiniRaftCluster$Factory$Get.runWithNewCluster(MiniRaftCluster.java:125)
	at org.apache.ratis.MiniRaftCluster$Factory$Get.runWithNewCluster(MiniRaftCluster.java:113)
	at org.apache.ratis.server.impl.RaftReconfigurationBaseTest.testLeaderStepDown(RaftReconfigurationBaseTest.java:121)
	at sun.reflect.NativeMethodAccessorImpl.invoke0(Native Method)
	at sun.reflect.NativeMethodAccessorImpl.invoke(NativeMethodAccessorImpl.java:62)
	at sun.reflect.DelegatingMethodAccessorImpl.invoke(DelegatingMethodAccessorImpl.java:43)
	at java.lang.reflect.Method.invoke(Method.java:498)
	at org.junit.runners.model.FrameworkMethod$1.runReflectiveCall(FrameworkMethod.java:50)
	at org.junit.internal.runners.model.ReflectiveCallable.run(ReflectiveCallable.java:12)
	at org.junit.runners.model.FrameworkMethod.invokeExplosively(FrameworkMethod.java:47)
	at org.junit.internal.runners.statements.InvokeMethod.evaluate(InvokeMethod.java:17)
	at org.junit.internal.runners.statements.RunAfters.evaluate(RunAfters.java:27)
	at org.junit.internal.runners.statements.FailOnTimeout$CallableStatement.call(FailOnTimeout.java:298)
	at org.junit.internal.runners.statements.FailOnTimeout$CallableStatement.call(FailOnTimeout.java:292)
	at java.util.concurrent.FutureTask.run(FutureTask.java:266)
	at java.lang.Thread.run(Thread.java:748)
2019-09-24 16:33:33,457 WARN  ratis.RaftTestUtil (JavaUtils.java:attempt(158)) - FAILED "waitForLeader-null-(expectLeader? true)", attempt #26/100: java.lang.IllegalStateException: No leader yet : printing ALL groups
  s3:  RUNNING CANDIDATE s3@group-A4401D2D6DDD:t4, leader=null, voted=s3, raftlog=s3@group-A4401D2D6DDD-SegmentedRaftLog:OPENED:c-1,f-1,i0, conf=-1: [s3:0.0.0.0:36312, s4:0.0.0.0:37443, s0:0.0.0.0:41765, s1:0.0.0.0:36446, s2:0.0.0.0:41779], old=null RUNNING
  s4:  RUNNING  FOLLOWER s4@group-A4401D2D6DDD:t3, leader=null, voted=s3, raftlog=s4@group-A4401D2D6DDD-SegmentedRaftLog:OPENED:c-1,f-1,i0, conf=-1: [s3:0.0.0.0:36312, s4:0.0.0.0:37443, s0:0.0.0.0:41765, s1:0.0.0.0:36446, s2:0.0.0.0:41779], old=null RUNNING
  s0:  RUNNING  FOLLOWER s0@group-A4401D2D6DDD:t3, leader=null, voted=s0, raftlog=s0@group-A4401D2D6DDD-SegmentedRaftLog:OPENED:c-1,f-1,i0, conf=-1: [s3:0.0.0.0:36312, s4:0.0.0.0:37443, s0:0.0.0.0:41765, s1:0.0.0.0:36446, s2:0.0.0.0:41779], old=null RUNNING
  s1:  RUNNING CANDIDATE s1@group-A4401D2D6DDD:t4, leader=null, voted=s1, raftlog=s1@group-A4401D2D6DDD-SegmentedRaftLog:OPENED:c-1,f-1,i0, conf=-1: [s3:0.0.0.0:36312, s4:0.0.0.0:37443, s0:0.0.0.0:41765, s1:0.0.0.0:36446, s2:0.0.0.0:41779], old=null RUNNING
  s2:  RUNNING  FOLLOWER s2@group-A4401D2D6DDD:t3, leader=null, voted=s2, raftlog=s2@group-A4401D2D6DDD-SegmentedRaftLog:OPENED:c-1,f-1,i0, conf=-1: [s3:0.0.0.0:36312, s4:0.0.0.0:37443, s0:0.0.0.0:41765, s1:0.0.0.0:36446, s2:0.0.0.0:41779], old=null RUNNING, sleep 450ms and then retry.
java.lang.IllegalStateException: No leader yet : printing ALL groups
  s3:  RUNNING CANDIDATE s3@group-A4401D2D6DDD:t4, leader=null, voted=s3, raftlog=s3@group-A4401D2D6DDD-SegmentedRaftLog:OPENED:c-1,f-1,i0, conf=-1: [s3:0.0.0.0:36312, s4:0.0.0.0:37443, s0:0.0.0.0:41765, s1:0.0.0.0:36446, s2:0.0.0.0:41779], old=null RUNNING
  s4:  RUNNING  FOLLOWER s4@group-A4401D2D6DDD:t3, leader=null, voted=s3, raftlog=s4@group-A4401D2D6DDD-SegmentedRaftLog:OPENED:c-1,f-1,i0, conf=-1: [s3:0.0.0.0:36312, s4:0.0.0.0:37443, s0:0.0.0.0:41765, s1:0.0.0.0:36446, s2:0.0.0.0:41779], old=null RUNNING
  s0:  RUNNING  FOLLOWER s0@group-A4401D2D6DDD:t3, leader=null, voted=s0, raftlog=s0@group-A4401D2D6DDD-SegmentedRaftLog:OPENED:c-1,f-1,i0, conf=-1: [s3:0.0.0.0:36312, s4:0.0.0.0:37443, s0:0.0.0.0:41765, s1:0.0.0.0:36446, s2:0.0.0.0:41779], old=null RUNNING
  s1:  RUNNING CANDIDATE s1@group-A4401D2D6DDD:t4, leader=null, voted=s1, raftlog=s1@group-A4401D2D6DDD-SegmentedRaftLog:OPENED:c-1,f-1,i0, conf=-1: [s3:0.0.0.0:36312, s4:0.0.0.0:37443, s0:0.0.0.0:41765, s1:0.0.0.0:36446, s2:0.0.0.0:41779], old=null RUNNING
  s2:  RUNNING  FOLLOWER s2@group-A4401D2D6DDD:t3, leader=null, voted=s2, raftlog=s2@group-A4401D2D6DDD-SegmentedRaftLog:OPENED:c-1,f-1,i0, conf=-1: [s3:0.0.0.0:36312, s4:0.0.0.0:37443, s0:0.0.0.0:41765, s1:0.0.0.0:36446, s2:0.0.0.0:41779], old=null RUNNING
	at org.apache.ratis.MiniRaftCluster.newIllegalStateExceptionForNoLeaders(MiniRaftCluster.java:506)
	at org.apache.ratis.RaftTestUtil.lambda$waitForLeader$1(RaftTestUtil.java:90)
	at org.apache.ratis.MiniRaftCluster.getLeader(MiniRaftCluster.java:539)
	at org.apache.ratis.MiniRaftCluster.getLeader(MiniRaftCluster.java:532)
	at org.apache.ratis.RaftTestUtil.lambda$waitForLeader$3(RaftTestUtil.java:98)
	at org.apache.ratis.util.JavaUtils.attempt(JavaUtils.java:152)
	at org.apache.ratis.RaftTestUtil.waitForLeader(RaftTestUtil.java:97)
	at org.apache.ratis.RaftTestUtil.waitForLeader(RaftTestUtil.java:77)
	at org.apache.ratis.RaftTestUtil.waitForLeader(RaftTestUtil.java:72)
	at org.apache.ratis.server.impl.RaftReconfigurationBaseTest.runTestAddRemovePeers(RaftReconfigurationBaseTest.java:125)
	at org.apache.ratis.server.impl.RaftReconfigurationBaseTest.lambda$testLeaderStepDown$3(RaftReconfigurationBaseTest.java:121)
	at org.apache.ratis.MiniRaftCluster$Factory$Get.runWithNewCluster(MiniRaftCluster.java:125)
	at org.apache.ratis.MiniRaftCluster$Factory$Get.runWithNewCluster(MiniRaftCluster.java:113)
	at org.apache.ratis.server.impl.RaftReconfigurationBaseTest.testLeaderStepDown(RaftReconfigurationBaseTest.java:121)
	at sun.reflect.NativeMethodAccessorImpl.invoke0(Native Method)
	at sun.reflect.NativeMethodAccessorImpl.invoke(NativeMethodAccessorImpl.java:62)
	at sun.reflect.DelegatingMethodAccessorImpl.invoke(DelegatingMethodAccessorImpl.java:43)
	at java.lang.reflect.Method.invoke(Method.java:498)
	at org.junit.runners.model.FrameworkMethod$1.runReflectiveCall(FrameworkMethod.java:50)
	at org.junit.internal.runners.model.ReflectiveCallable.run(ReflectiveCallable.java:12)
	at org.junit.runners.model.FrameworkMethod.invokeExplosively(FrameworkMethod.java:47)
	at org.junit.internal.runners.statements.InvokeMethod.evaluate(InvokeMethod.java:17)
	at org.junit.internal.runners.statements.RunAfters.evaluate(RunAfters.java:27)
	at org.junit.internal.runners.statements.FailOnTimeout$CallableStatement.call(FailOnTimeout.java:298)
	at org.junit.internal.runners.statements.FailOnTimeout$CallableStatement.call(FailOnTimeout.java:292)
	at java.util.concurrent.FutureTask.run(FutureTask.java:266)
	at java.lang.Thread.run(Thread.java:748)
2019-09-24 16:33:33,909 WARN  ratis.RaftTestUtil (JavaUtils.java:attempt(158)) - FAILED "waitForLeader-null-(expectLeader? true)", attempt #27/100: java.lang.IllegalStateException: No leader yet : printing ALL groups
  s3:  RUNNING CANDIDATE s3@group-A4401D2D6DDD:t4, leader=null, voted=s3, raftlog=s3@group-A4401D2D6DDD-SegmentedRaftLog:OPENED:c-1,f-1,i0, conf=-1: [s3:0.0.0.0:36312, s4:0.0.0.0:37443, s0:0.0.0.0:41765, s1:0.0.0.0:36446, s2:0.0.0.0:41779], old=null RUNNING
  s4:  RUNNING  FOLLOWER s4@group-A4401D2D6DDD:t3, leader=null, voted=s3, raftlog=s4@group-A4401D2D6DDD-SegmentedRaftLog:OPENED:c-1,f-1,i0, conf=-1: [s3:0.0.0.0:36312, s4:0.0.0.0:37443, s0:0.0.0.0:41765, s1:0.0.0.0:36446, s2:0.0.0.0:41779], old=null RUNNING
  s0:  RUNNING  FOLLOWER s0@group-A4401D2D6DDD:t3, leader=null, voted=s0, raftlog=s0@group-A4401D2D6DDD-SegmentedRaftLog:OPENED:c-1,f-1,i0, conf=-1: [s3:0.0.0.0:36312, s4:0.0.0.0:37443, s0:0.0.0.0:41765, s1:0.0.0.0:36446, s2:0.0.0.0:41779], old=null RUNNING
  s1:  RUNNING CANDIDATE s1@group-A4401D2D6DDD:t4, leader=null, voted=s1, raftlog=s1@group-A4401D2D6DDD-SegmentedRaftLog:OPENED:c-1,f-1,i0, conf=-1: [s3:0.0.0.0:36312, s4:0.0.0.0:37443, s0:0.0.0.0:41765, s1:0.0.0.0:36446, s2:0.0.0.0:41779], old=null RUNNING
  s2:  RUNNING  FOLLOWER s2@group-A4401D2D6DDD:t3, leader=null, voted=s2, raftlog=s2@group-A4401D2D6DDD-SegmentedRaftLog:OPENED:c-1,f-1,i0, conf=-1: [s3:0.0.0.0:36312, s4:0.0.0.0:37443, s0:0.0.0.0:41765, s1:0.0.0.0:36446, s2:0.0.0.0:41779], old=null RUNNING, sleep 450ms and then retry.
java.lang.IllegalStateException: No leader yet : printing ALL groups
  s3:  RUNNING CANDIDATE s3@group-A4401D2D6DDD:t4, leader=null, voted=s3, raftlog=s3@group-A4401D2D6DDD-SegmentedRaftLog:OPENED:c-1,f-1,i0, conf=-1: [s3:0.0.0.0:36312, s4:0.0.0.0:37443, s0:0.0.0.0:41765, s1:0.0.0.0:36446, s2:0.0.0.0:41779], old=null RUNNING
  s4:  RUNNING  FOLLOWER s4@group-A4401D2D6DDD:t3, leader=null, voted=s3, raftlog=s4@group-A4401D2D6DDD-SegmentedRaftLog:OPENED:c-1,f-1,i0, conf=-1: [s3:0.0.0.0:36312, s4:0.0.0.0:37443, s0:0.0.0.0:41765, s1:0.0.0.0:36446, s2:0.0.0.0:41779], old=null RUNNING
  s0:  RUNNING  FOLLOWER s0@group-A4401D2D6DDD:t3, leader=null, voted=s0, raftlog=s0@group-A4401D2D6DDD-SegmentedRaftLog:OPENED:c-1,f-1,i0, conf=-1: [s3:0.0.0.0:36312, s4:0.0.0.0:37443, s0:0.0.0.0:41765, s1:0.0.0.0:36446, s2:0.0.0.0:41779], old=null RUNNING
  s1:  RUNNING CANDIDATE s1@group-A4401D2D6DDD:t4, leader=null, voted=s1, raftlog=s1@group-A4401D2D6DDD-SegmentedRaftLog:OPENED:c-1,f-1,i0, conf=-1: [s3:0.0.0.0:36312, s4:0.0.0.0:37443, s0:0.0.0.0:41765, s1:0.0.0.0:36446, s2:0.0.0.0:41779], old=null RUNNING
  s2:  RUNNING  FOLLOWER s2@group-A4401D2D6DDD:t3, leader=null, voted=s2, raftlog=s2@group-A4401D2D6DDD-SegmentedRaftLog:OPENED:c-1,f-1,i0, conf=-1: [s3:0.0.0.0:36312, s4:0.0.0.0:37443, s0:0.0.0.0:41765, s1:0.0.0.0:36446, s2:0.0.0.0:41779], old=null RUNNING
	at org.apache.ratis.MiniRaftCluster.newIllegalStateExceptionForNoLeaders(MiniRaftCluster.java:506)
	at org.apache.ratis.RaftTestUtil.lambda$waitForLeader$1(RaftTestUtil.java:90)
	at org.apache.ratis.MiniRaftCluster.getLeader(MiniRaftCluster.java:539)
	at org.apache.ratis.MiniRaftCluster.getLeader(MiniRaftCluster.java:532)
	at org.apache.ratis.RaftTestUtil.lambda$waitForLeader$3(RaftTestUtil.java:98)
	at org.apache.ratis.util.JavaUtils.attempt(JavaUtils.java:152)
	at org.apache.ratis.RaftTestUtil.waitForLeader(RaftTestUtil.java:97)
	at org.apache.ratis.RaftTestUtil.waitForLeader(RaftTestUtil.java:77)
	at org.apache.ratis.RaftTestUtil.waitForLeader(RaftTestUtil.java:72)
	at org.apache.ratis.server.impl.RaftReconfigurationBaseTest.runTestAddRemovePeers(RaftReconfigurationBaseTest.java:125)
	at org.apache.ratis.server.impl.RaftReconfigurationBaseTest.lambda$testLeaderStepDown$3(RaftReconfigurationBaseTest.java:121)
	at org.apache.ratis.MiniRaftCluster$Factory$Get.runWithNewCluster(MiniRaftCluster.java:125)
	at org.apache.ratis.MiniRaftCluster$Factory$Get.runWithNewCluster(MiniRaftCluster.java:113)
	at org.apache.ratis.server.impl.RaftReconfigurationBaseTest.testLeaderStepDown(RaftReconfigurationBaseTest.java:121)
	at sun.reflect.NativeMethodAccessorImpl.invoke0(Native Method)
	at sun.reflect.NativeMethodAccessorImpl.invoke(NativeMethodAccessorImpl.java:62)
	at sun.reflect.DelegatingMethodAccessorImpl.invoke(DelegatingMethodAccessorImpl.java:43)
	at java.lang.reflect.Method.invoke(Method.java:498)
	at org.junit.runners.model.FrameworkMethod$1.runReflectiveCall(FrameworkMethod.java:50)
	at org.junit.internal.runners.model.ReflectiveCallable.run(ReflectiveCallable.java:12)
	at org.junit.runners.model.FrameworkMethod.invokeExplosively(FrameworkMethod.java:47)
	at org.junit.internal.runners.statements.InvokeMethod.evaluate(InvokeMethod.java:17)
	at org.junit.internal.runners.statements.RunAfters.evaluate(RunAfters.java:27)
	at org.junit.internal.runners.statements.FailOnTimeout$CallableStatement.call(FailOnTimeout.java:298)
	at org.junit.internal.runners.statements.FailOnTimeout$CallableStatement.call(FailOnTimeout.java:292)
	at java.util.concurrent.FutureTask.run(FutureTask.java:266)
	at java.lang.Thread.run(Thread.java:748)
2019-09-24 16:33:34,360 WARN  ratis.RaftTestUtil (JavaUtils.java:attempt(158)) - FAILED "waitForLeader-null-(expectLeader? true)", attempt #28/100: java.lang.IllegalStateException: No leader yet : printing ALL groups
  s3:  RUNNING CANDIDATE s3@group-A4401D2D6DDD:t4, leader=null, voted=s3, raftlog=s3@group-A4401D2D6DDD-SegmentedRaftLog:OPENED:c-1,f-1,i0, conf=-1: [s3:0.0.0.0:36312, s4:0.0.0.0:37443, s0:0.0.0.0:41765, s1:0.0.0.0:36446, s2:0.0.0.0:41779], old=null RUNNING
  s4:  RUNNING  FOLLOWER s4@group-A4401D2D6DDD:t3, leader=null, voted=s3, raftlog=s4@group-A4401D2D6DDD-SegmentedRaftLog:OPENED:c-1,f-1,i0, conf=-1: [s3:0.0.0.0:36312, s4:0.0.0.0:37443, s0:0.0.0.0:41765, s1:0.0.0.0:36446, s2:0.0.0.0:41779], old=null RUNNING
  s0:  RUNNING  FOLLOWER s0@group-A4401D2D6DDD:t3, leader=null, voted=s0, raftlog=s0@group-A4401D2D6DDD-SegmentedRaftLog:OPENED:c-1,f-1,i0, conf=-1: [s3:0.0.0.0:36312, s4:0.0.0.0:37443, s0:0.0.0.0:41765, s1:0.0.0.0:36446, s2:0.0.0.0:41779], old=null RUNNING
  s1:  RUNNING CANDIDATE s1@group-A4401D2D6DDD:t4, leader=null, voted=s1, raftlog=s1@group-A4401D2D6DDD-SegmentedRaftLog:OPENED:c-1,f-1,i0, conf=-1: [s3:0.0.0.0:36312, s4:0.0.0.0:37443, s0:0.0.0.0:41765, s1:0.0.0.0:36446, s2:0.0.0.0:41779], old=null RUNNING
  s2:  RUNNING  FOLLOWER s2@group-A4401D2D6DDD:t3, leader=null, voted=s2, raftlog=s2@group-A4401D2D6DDD-SegmentedRaftLog:OPENED:c-1,f-1,i0, conf=-1: [s3:0.0.0.0:36312, s4:0.0.0.0:37443, s0:0.0.0.0:41765, s1:0.0.0.0:36446, s2:0.0.0.0:41779], old=null RUNNING, sleep 450ms and then retry.
java.lang.IllegalStateException: No leader yet : printing ALL groups
  s3:  RUNNING CANDIDATE s3@group-A4401D2D6DDD:t4, leader=null, voted=s3, raftlog=s3@group-A4401D2D6DDD-SegmentedRaftLog:OPENED:c-1,f-1,i0, conf=-1: [s3:0.0.0.0:36312, s4:0.0.0.0:37443, s0:0.0.0.0:41765, s1:0.0.0.0:36446, s2:0.0.0.0:41779], old=null RUNNING
  s4:  RUNNING  FOLLOWER s4@group-A4401D2D6DDD:t3, leader=null, voted=s3, raftlog=s4@group-A4401D2D6DDD-SegmentedRaftLog:OPENED:c-1,f-1,i0, conf=-1: [s3:0.0.0.0:36312, s4:0.0.0.0:37443, s0:0.0.0.0:41765, s1:0.0.0.0:36446, s2:0.0.0.0:41779], old=null RUNNING
  s0:  RUNNING  FOLLOWER s0@group-A4401D2D6DDD:t3, leader=null, voted=s0, raftlog=s0@group-A4401D2D6DDD-SegmentedRaftLog:OPENED:c-1,f-1,i0, conf=-1: [s3:0.0.0.0:36312, s4:0.0.0.0:37443, s0:0.0.0.0:41765, s1:0.0.0.0:36446, s2:0.0.0.0:41779], old=null RUNNING
  s1:  RUNNING CANDIDATE s1@group-A4401D2D6DDD:t4, leader=null, voted=s1, raftlog=s1@group-A4401D2D6DDD-SegmentedRaftLog:OPENED:c-1,f-1,i0, conf=-1: [s3:0.0.0.0:36312, s4:0.0.0.0:37443, s0:0.0.0.0:41765, s1:0.0.0.0:36446, s2:0.0.0.0:41779], old=null RUNNING
  s2:  RUNNING  FOLLOWER s2@group-A4401D2D6DDD:t3, leader=null, voted=s2, raftlog=s2@group-A4401D2D6DDD-SegmentedRaftLog:OPENED:c-1,f-1,i0, conf=-1: [s3:0.0.0.0:36312, s4:0.0.0.0:37443, s0:0.0.0.0:41765, s1:0.0.0.0:36446, s2:0.0.0.0:41779], old=null RUNNING
	at org.apache.ratis.MiniRaftCluster.newIllegalStateExceptionForNoLeaders(MiniRaftCluster.java:506)
	at org.apache.ratis.RaftTestUtil.lambda$waitForLeader$1(RaftTestUtil.java:90)
	at org.apache.ratis.MiniRaftCluster.getLeader(MiniRaftCluster.java:539)
	at org.apache.ratis.MiniRaftCluster.getLeader(MiniRaftCluster.java:532)
	at org.apache.ratis.RaftTestUtil.lambda$waitForLeader$3(RaftTestUtil.java:98)
	at org.apache.ratis.util.JavaUtils.attempt(JavaUtils.java:152)
	at org.apache.ratis.RaftTestUtil.waitForLeader(RaftTestUtil.java:97)
	at org.apache.ratis.RaftTestUtil.waitForLeader(RaftTestUtil.java:77)
	at org.apache.ratis.RaftTestUtil.waitForLeader(RaftTestUtil.java:72)
	at org.apache.ratis.server.impl.RaftReconfigurationBaseTest.runTestAddRemovePeers(RaftReconfigurationBaseTest.java:125)
	at org.apache.ratis.server.impl.RaftReconfigurationBaseTest.lambda$testLeaderStepDown$3(RaftReconfigurationBaseTest.java:121)
	at org.apache.ratis.MiniRaftCluster$Factory$Get.runWithNewCluster(MiniRaftCluster.java:125)
	at org.apache.ratis.MiniRaftCluster$Factory$Get.runWithNewCluster(MiniRaftCluster.java:113)
	at org.apache.ratis.server.impl.RaftReconfigurationBaseTest.testLeaderStepDown(RaftReconfigurationBaseTest.java:121)
	at sun.reflect.NativeMethodAccessorImpl.invoke0(Native Method)
	at sun.reflect.NativeMethodAccessorImpl.invoke(NativeMethodAccessorImpl.java:62)
	at sun.reflect.DelegatingMethodAccessorImpl.invoke(DelegatingMethodAccessorImpl.java:43)
	at java.lang.reflect.Method.invoke(Method.java:498)
	at org.junit.runners.model.FrameworkMethod$1.runReflectiveCall(FrameworkMethod.java:50)
	at org.junit.internal.runners.model.ReflectiveCallable.run(ReflectiveCallable.java:12)
	at org.junit.runners.model.FrameworkMethod.invokeExplosively(FrameworkMethod.java:47)
	at org.junit.internal.runners.statements.InvokeMethod.evaluate(InvokeMethod.java:17)
	at org.junit.internal.runners.statements.RunAfters.evaluate(RunAfters.java:27)
	at org.junit.internal.runners.statements.FailOnTimeout$CallableStatement.call(FailOnTimeout.java:298)
	at org.junit.internal.runners.statements.FailOnTimeout$CallableStatement.call(FailOnTimeout.java:292)
	at java.util.concurrent.FutureTask.run(FutureTask.java:266)
	at java.lang.Thread.run(Thread.java:748)
2019-09-24 16:33:34,812 WARN  ratis.RaftTestUtil (JavaUtils.java:attempt(158)) - FAILED "waitForLeader-null-(expectLeader? true)", attempt #29/100: java.lang.IllegalStateException: No leader yet : printing ALL groups
  s3:  RUNNING CANDIDATE s3@group-A4401D2D6DDD:t4, leader=null, voted=s3, raftlog=s3@group-A4401D2D6DDD-SegmentedRaftLog:OPENED:c-1,f-1,i0, conf=-1: [s3:0.0.0.0:36312, s4:0.0.0.0:37443, s0:0.0.0.0:41765, s1:0.0.0.0:36446, s2:0.0.0.0:41779], old=null RUNNING
  s4:  RUNNING  FOLLOWER s4@group-A4401D2D6DDD:t3, leader=null, voted=s3, raftlog=s4@group-A4401D2D6DDD-SegmentedRaftLog:OPENED:c-1,f-1,i0, conf=-1: [s3:0.0.0.0:36312, s4:0.0.0.0:37443, s0:0.0.0.0:41765, s1:0.0.0.0:36446, s2:0.0.0.0:41779], old=null RUNNING
  s0:  RUNNING  FOLLOWER s0@group-A4401D2D6DDD:t3, leader=null, voted=s0, raftlog=s0@group-A4401D2D6DDD-SegmentedRaftLog:OPENED:c-1,f-1,i0, conf=-1: [s3:0.0.0.0:36312, s4:0.0.0.0:37443, s0:0.0.0.0:41765, s1:0.0.0.0:36446, s2:0.0.0.0:41779], old=null RUNNING
  s1:  RUNNING CANDIDATE s1@group-A4401D2D6DDD:t4, leader=null, voted=s1, raftlog=s1@group-A4401D2D6DDD-SegmentedRaftLog:OPENED:c-1,f-1,i0, conf=-1: [s3:0.0.0.0:36312, s4:0.0.0.0:37443, s0:0.0.0.0:41765, s1:0.0.0.0:36446, s2:0.0.0.0:41779], old=null RUNNING
  s2:  RUNNING  FOLLOWER s2@group-A4401D2D6DDD:t3, leader=null, voted=s2, raftlog=s2@group-A4401D2D6DDD-SegmentedRaftLog:OPENED:c-1,f-1,i0, conf=-1: [s3:0.0.0.0:36312, s4:0.0.0.0:37443, s0:0.0.0.0:41765, s1:0.0.0.0:36446, s2:0.0.0.0:41779], old=null RUNNING, sleep 450ms and then retry.
java.lang.IllegalStateException: No leader yet : printing ALL groups
  s3:  RUNNING CANDIDATE s3@group-A4401D2D6DDD:t4, leader=null, voted=s3, raftlog=s3@group-A4401D2D6DDD-SegmentedRaftLog:OPENED:c-1,f-1,i0, conf=-1: [s3:0.0.0.0:36312, s4:0.0.0.0:37443, s0:0.0.0.0:41765, s1:0.0.0.0:36446, s2:0.0.0.0:41779], old=null RUNNING
  s4:  RUNNING  FOLLOWER s4@group-A4401D2D6DDD:t3, leader=null, voted=s3, raftlog=s4@group-A4401D2D6DDD-SegmentedRaftLog:OPENED:c-1,f-1,i0, conf=-1: [s3:0.0.0.0:36312, s4:0.0.0.0:37443, s0:0.0.0.0:41765, s1:0.0.0.0:36446, s2:0.0.0.0:41779], old=null RUNNING
  s0:  RUNNING  FOLLOWER s0@group-A4401D2D6DDD:t3, leader=null, voted=s0, raftlog=s0@group-A4401D2D6DDD-SegmentedRaftLog:OPENED:c-1,f-1,i0, conf=-1: [s3:0.0.0.0:36312, s4:0.0.0.0:37443, s0:0.0.0.0:41765, s1:0.0.0.0:36446, s2:0.0.0.0:41779], old=null RUNNING
  s1:  RUNNING CANDIDATE s1@group-A4401D2D6DDD:t4, leader=null, voted=s1, raftlog=s1@group-A4401D2D6DDD-SegmentedRaftLog:OPENED:c-1,f-1,i0, conf=-1: [s3:0.0.0.0:36312, s4:0.0.0.0:37443, s0:0.0.0.0:41765, s1:0.0.0.0:36446, s2:0.0.0.0:41779], old=null RUNNING
  s2:  RUNNING  FOLLOWER s2@group-A4401D2D6DDD:t3, leader=null, voted=s2, raftlog=s2@group-A4401D2D6DDD-SegmentedRaftLog:OPENED:c-1,f-1,i0, conf=-1: [s3:0.0.0.0:36312, s4:0.0.0.0:37443, s0:0.0.0.0:41765, s1:0.0.0.0:36446, s2:0.0.0.0:41779], old=null RUNNING
	at org.apache.ratis.MiniRaftCluster.newIllegalStateExceptionForNoLeaders(MiniRaftCluster.java:506)
	at org.apache.ratis.RaftTestUtil.lambda$waitForLeader$1(RaftTestUtil.java:90)
	at org.apache.ratis.MiniRaftCluster.getLeader(MiniRaftCluster.java:539)
	at org.apache.ratis.MiniRaftCluster.getLeader(MiniRaftCluster.java:532)
	at org.apache.ratis.RaftTestUtil.lambda$waitForLeader$3(RaftTestUtil.java:98)
	at org.apache.ratis.util.JavaUtils.attempt(JavaUtils.java:152)
	at org.apache.ratis.RaftTestUtil.waitForLeader(RaftTestUtil.java:97)
	at org.apache.ratis.RaftTestUtil.waitForLeader(RaftTestUtil.java:77)
	at org.apache.ratis.RaftTestUtil.waitForLeader(RaftTestUtil.java:72)
	at org.apache.ratis.server.impl.RaftReconfigurationBaseTest.runTestAddRemovePeers(RaftReconfigurationBaseTest.java:125)
	at org.apache.ratis.server.impl.RaftReconfigurationBaseTest.lambda$testLeaderStepDown$3(RaftReconfigurationBaseTest.java:121)
	at org.apache.ratis.MiniRaftCluster$Factory$Get.runWithNewCluster(MiniRaftCluster.java:125)
	at org.apache.ratis.MiniRaftCluster$Factory$Get.runWithNewCluster(MiniRaftCluster.java:113)
	at org.apache.ratis.server.impl.RaftReconfigurationBaseTest.testLeaderStepDown(RaftReconfigurationBaseTest.java:121)
	at sun.reflect.NativeMethodAccessorImpl.invoke0(Native Method)
	at sun.reflect.NativeMethodAccessorImpl.invoke(NativeMethodAccessorImpl.java:62)
	at sun.reflect.DelegatingMethodAccessorImpl.invoke(DelegatingMethodAccessorImpl.java:43)
	at java.lang.reflect.Method.invoke(Method.java:498)
	at org.junit.runners.model.FrameworkMethod$1.runReflectiveCall(FrameworkMethod.java:50)
	at org.junit.internal.runners.model.ReflectiveCallable.run(ReflectiveCallable.java:12)
	at org.junit.runners.model.FrameworkMethod.invokeExplosively(FrameworkMethod.java:47)
	at org.junit.internal.runners.statements.InvokeMethod.evaluate(InvokeMethod.java:17)
	at org.junit.internal.runners.statements.RunAfters.evaluate(RunAfters.java:27)
	at org.junit.internal.runners.statements.FailOnTimeout$CallableStatement.call(FailOnTimeout.java:298)
	at org.junit.internal.runners.statements.FailOnTimeout$CallableStatement.call(FailOnTimeout.java:292)
	at java.util.concurrent.FutureTask.run(FutureTask.java:266)
	at java.lang.Thread.run(Thread.java:748)
2019-09-24 16:33:35,263 WARN  ratis.RaftTestUtil (JavaUtils.java:attempt(158)) - FAILED "waitForLeader-null-(expectLeader? true)", attempt #30/100: java.lang.IllegalStateException: No leader yet : printing ALL groups
  s3:  RUNNING CANDIDATE s3@group-A4401D2D6DDD:t4, leader=null, voted=s3, raftlog=s3@group-A4401D2D6DDD-SegmentedRaftLog:OPENED:c-1,f-1,i0, conf=-1: [s3:0.0.0.0:36312, s4:0.0.0.0:37443, s0:0.0.0.0:41765, s1:0.0.0.0:36446, s2:0.0.0.0:41779], old=null RUNNING
  s4:  RUNNING  FOLLOWER s4@group-A4401D2D6DDD:t3, leader=null, voted=s3, raftlog=s4@group-A4401D2D6DDD-SegmentedRaftLog:OPENED:c-1,f-1,i0, conf=-1: [s3:0.0.0.0:36312, s4:0.0.0.0:37443, s0:0.0.0.0:41765, s1:0.0.0.0:36446, s2:0.0.0.0:41779], old=null RUNNING
  s0:  RUNNING  FOLLOWER s0@group-A4401D2D6DDD:t3, leader=null, voted=s0, raftlog=s0@group-A4401D2D6DDD-SegmentedRaftLog:OPENED:c-1,f-1,i0, conf=-1: [s3:0.0.0.0:36312, s4:0.0.0.0:37443, s0:0.0.0.0:41765, s1:0.0.0.0:36446, s2:0.0.0.0:41779], old=null RUNNING
  s1:  RUNNING CANDIDATE s1@group-A4401D2D6DDD:t4, leader=null, voted=s1, raftlog=s1@group-A4401D2D6DDD-SegmentedRaftLog:OPENED:c-1,f-1,i0, conf=-1: [s3:0.0.0.0:36312, s4:0.0.0.0:37443, s0:0.0.0.0:41765, s1:0.0.0.0:36446, s2:0.0.0.0:41779], old=null RUNNING
  s2:  RUNNING  FOLLOWER s2@group-A4401D2D6DDD:t3, leader=null, voted=s2, raftlog=s2@group-A4401D2D6DDD-SegmentedRaftLog:OPENED:c-1,f-1,i0, conf=-1: [s3:0.0.0.0:36312, s4:0.0.0.0:37443, s0:0.0.0.0:41765, s1:0.0.0.0:36446, s2:0.0.0.0:41779], old=null RUNNING, sleep 450ms and then retry.
java.lang.IllegalStateException: No leader yet : printing ALL groups
  s3:  RUNNING CANDIDATE s3@group-A4401D2D6DDD:t4, leader=null, voted=s3, raftlog=s3@group-A4401D2D6DDD-SegmentedRaftLog:OPENED:c-1,f-1,i0, conf=-1: [s3:0.0.0.0:36312, s4:0.0.0.0:37443, s0:0.0.0.0:41765, s1:0.0.0.0:36446, s2:0.0.0.0:41779], old=null RUNNING
  s4:  RUNNING  FOLLOWER s4@group-A4401D2D6DDD:t3, leader=null, voted=s3, raftlog=s4@group-A4401D2D6DDD-SegmentedRaftLog:OPENED:c-1,f-1,i0, conf=-1: [s3:0.0.0.0:36312, s4:0.0.0.0:37443, s0:0.0.0.0:41765, s1:0.0.0.0:36446, s2:0.0.0.0:41779], old=null RUNNING
  s0:  RUNNING  FOLLOWER s0@group-A4401D2D6DDD:t3, leader=null, voted=s0, raftlog=s0@group-A4401D2D6DDD-SegmentedRaftLog:OPENED:c-1,f-1,i0, conf=-1: [s3:0.0.0.0:36312, s4:0.0.0.0:37443, s0:0.0.0.0:41765, s1:0.0.0.0:36446, s2:0.0.0.0:41779], old=null RUNNING
  s1:  RUNNING CANDIDATE s1@group-A4401D2D6DDD:t4, leader=null, voted=s1, raftlog=s1@group-A4401D2D6DDD-SegmentedRaftLog:OPENED:c-1,f-1,i0, conf=-1: [s3:0.0.0.0:36312, s4:0.0.0.0:37443, s0:0.0.0.0:41765, s1:0.0.0.0:36446, s2:0.0.0.0:41779], old=null RUNNING
  s2:  RUNNING  FOLLOWER s2@group-A4401D2D6DDD:t3, leader=null, voted=s2, raftlog=s2@group-A4401D2D6DDD-SegmentedRaftLog:OPENED:c-1,f-1,i0, conf=-1: [s3:0.0.0.0:36312, s4:0.0.0.0:37443, s0:0.0.0.0:41765, s1:0.0.0.0:36446, s2:0.0.0.0:41779], old=null RUNNING
	at org.apache.ratis.MiniRaftCluster.newIllegalStateExceptionForNoLeaders(MiniRaftCluster.java:506)
	at org.apache.ratis.RaftTestUtil.lambda$waitForLeader$1(RaftTestUtil.java:90)
	at org.apache.ratis.MiniRaftCluster.getLeader(MiniRaftCluster.java:539)
	at org.apache.ratis.MiniRaftCluster.getLeader(MiniRaftCluster.java:532)
	at org.apache.ratis.RaftTestUtil.lambda$waitForLeader$3(RaftTestUtil.java:98)
	at org.apache.ratis.util.JavaUtils.attempt(JavaUtils.java:152)
	at org.apache.ratis.RaftTestUtil.waitForLeader(RaftTestUtil.java:97)
	at org.apache.ratis.RaftTestUtil.waitForLeader(RaftTestUtil.java:77)
	at org.apache.ratis.RaftTestUtil.waitForLeader(RaftTestUtil.java:72)
	at org.apache.ratis.server.impl.RaftReconfigurationBaseTest.runTestAddRemovePeers(RaftReconfigurationBaseTest.java:125)
	at org.apache.ratis.server.impl.RaftReconfigurationBaseTest.lambda$testLeaderStepDown$3(RaftReconfigurationBaseTest.java:121)
	at org.apache.ratis.MiniRaftCluster$Factory$Get.runWithNewCluster(MiniRaftCluster.java:125)
	at org.apache.ratis.MiniRaftCluster$Factory$Get.runWithNewCluster(MiniRaftCluster.java:113)
	at org.apache.ratis.server.impl.RaftReconfigurationBaseTest.testLeaderStepDown(RaftReconfigurationBaseTest.java:121)
	at sun.reflect.NativeMethodAccessorImpl.invoke0(Native Method)
	at sun.reflect.NativeMethodAccessorImpl.invoke(NativeMethodAccessorImpl.java:62)
	at sun.reflect.DelegatingMethodAccessorImpl.invoke(DelegatingMethodAccessorImpl.java:43)
	at java.lang.reflect.Method.invoke(Method.java:498)
	at org.junit.runners.model.FrameworkMethod$1.runReflectiveCall(FrameworkMethod.java:50)
	at org.junit.internal.runners.model.ReflectiveCallable.run(ReflectiveCallable.java:12)
	at org.junit.runners.model.FrameworkMethod.invokeExplosively(FrameworkMethod.java:47)
	at org.junit.internal.runners.statements.InvokeMethod.evaluate(InvokeMethod.java:17)
	at org.junit.internal.runners.statements.RunAfters.evaluate(RunAfters.java:27)
	at org.junit.internal.runners.statements.FailOnTimeout$CallableStatement.call(FailOnTimeout.java:298)
	at org.junit.internal.runners.statements.FailOnTimeout$CallableStatement.call(FailOnTimeout.java:292)
	at java.util.concurrent.FutureTask.run(FutureTask.java:266)
	at java.lang.Thread.run(Thread.java:748)
2019-09-24 16:33:35,715 WARN  ratis.RaftTestUtil (JavaUtils.java:attempt(158)) - FAILED "waitForLeader-null-(expectLeader? true)", attempt #31/100: java.lang.IllegalStateException: No leader yet : printing ALL groups
  s3:  RUNNING CANDIDATE s3@group-A4401D2D6DDD:t4, leader=null, voted=s3, raftlog=s3@group-A4401D2D6DDD-SegmentedRaftLog:OPENED:c-1,f-1,i0, conf=-1: [s3:0.0.0.0:36312, s4:0.0.0.0:37443, s0:0.0.0.0:41765, s1:0.0.0.0:36446, s2:0.0.0.0:41779], old=null RUNNING
  s4:  RUNNING  FOLLOWER s4@group-A4401D2D6DDD:t3, leader=null, voted=s3, raftlog=s4@group-A4401D2D6DDD-SegmentedRaftLog:OPENED:c-1,f-1,i0, conf=-1: [s3:0.0.0.0:36312, s4:0.0.0.0:37443, s0:0.0.0.0:41765, s1:0.0.0.0:36446, s2:0.0.0.0:41779], old=null RUNNING
  s0:  RUNNING  FOLLOWER s0@group-A4401D2D6DDD:t3, leader=null, voted=s0, raftlog=s0@group-A4401D2D6DDD-SegmentedRaftLog:OPENED:c-1,f-1,i0, conf=-1: [s3:0.0.0.0:36312, s4:0.0.0.0:37443, s0:0.0.0.0:41765, s1:0.0.0.0:36446, s2:0.0.0.0:41779], old=null RUNNING
  s1:  RUNNING CANDIDATE s1@group-A4401D2D6DDD:t4, leader=null, voted=s1, raftlog=s1@group-A4401D2D6DDD-SegmentedRaftLog:OPENED:c-1,f-1,i0, conf=-1: [s3:0.0.0.0:36312, s4:0.0.0.0:37443, s0:0.0.0.0:41765, s1:0.0.0.0:36446, s2:0.0.0.0:41779], old=null RUNNING
  s2:  RUNNING  FOLLOWER s2@group-A4401D2D6DDD:t3, leader=null, voted=s2, raftlog=s2@group-A4401D2D6DDD-SegmentedRaftLog:OPENED:c-1,f-1,i0, conf=-1: [s3:0.0.0.0:36312, s4:0.0.0.0:37443, s0:0.0.0.0:41765, s1:0.0.0.0:36446, s2:0.0.0.0:41779], old=null RUNNING, sleep 450ms and then retry.
java.lang.IllegalStateException: No leader yet : printing ALL groups
  s3:  RUNNING CANDIDATE s3@group-A4401D2D6DDD:t4, leader=null, voted=s3, raftlog=s3@group-A4401D2D6DDD-SegmentedRaftLog:OPENED:c-1,f-1,i0, conf=-1: [s3:0.0.0.0:36312, s4:0.0.0.0:37443, s0:0.0.0.0:41765, s1:0.0.0.0:36446, s2:0.0.0.0:41779], old=null RUNNING
  s4:  RUNNING  FOLLOWER s4@group-A4401D2D6DDD:t3, leader=null, voted=s3, raftlog=s4@group-A4401D2D6DDD-SegmentedRaftLog:OPENED:c-1,f-1,i0, conf=-1: [s3:0.0.0.0:36312, s4:0.0.0.0:37443, s0:0.0.0.0:41765, s1:0.0.0.0:36446, s2:0.0.0.0:41779], old=null RUNNING
  s0:  RUNNING  FOLLOWER s0@group-A4401D2D6DDD:t3, leader=null, voted=s0, raftlog=s0@group-A4401D2D6DDD-SegmentedRaftLog:OPENED:c-1,f-1,i0, conf=-1: [s3:0.0.0.0:36312, s4:0.0.0.0:37443, s0:0.0.0.0:41765, s1:0.0.0.0:36446, s2:0.0.0.0:41779], old=null RUNNING
  s1:  RUNNING CANDIDATE s1@group-A4401D2D6DDD:t4, leader=null, voted=s1, raftlog=s1@group-A4401D2D6DDD-SegmentedRaftLog:OPENED:c-1,f-1,i0, conf=-1: [s3:0.0.0.0:36312, s4:0.0.0.0:37443, s0:0.0.0.0:41765, s1:0.0.0.0:36446, s2:0.0.0.0:41779], old=null RUNNING
  s2:  RUNNING  FOLLOWER s2@group-A4401D2D6DDD:t3, leader=null, voted=s2, raftlog=s2@group-A4401D2D6DDD-SegmentedRaftLog:OPENED:c-1,f-1,i0, conf=-1: [s3:0.0.0.0:36312, s4:0.0.0.0:37443, s0:0.0.0.0:41765, s1:0.0.0.0:36446, s2:0.0.0.0:41779], old=null RUNNING
	at org.apache.ratis.MiniRaftCluster.newIllegalStateExceptionForNoLeaders(MiniRaftCluster.java:506)
	at org.apache.ratis.RaftTestUtil.lambda$waitForLeader$1(RaftTestUtil.java:90)
	at org.apache.ratis.MiniRaftCluster.getLeader(MiniRaftCluster.java:539)
	at org.apache.ratis.MiniRaftCluster.getLeader(MiniRaftCluster.java:532)
	at org.apache.ratis.RaftTestUtil.lambda$waitForLeader$3(RaftTestUtil.java:98)
	at org.apache.ratis.util.JavaUtils.attempt(JavaUtils.java:152)
	at org.apache.ratis.RaftTestUtil.waitForLeader(RaftTestUtil.java:97)
	at org.apache.ratis.RaftTestUtil.waitForLeader(RaftTestUtil.java:77)
	at org.apache.ratis.RaftTestUtil.waitForLeader(RaftTestUtil.java:72)
	at org.apache.ratis.server.impl.RaftReconfigurationBaseTest.runTestAddRemovePeers(RaftReconfigurationBaseTest.java:125)
	at org.apache.ratis.server.impl.RaftReconfigurationBaseTest.lambda$testLeaderStepDown$3(RaftReconfigurationBaseTest.java:121)
	at org.apache.ratis.MiniRaftCluster$Factory$Get.runWithNewCluster(MiniRaftCluster.java:125)
	at org.apache.ratis.MiniRaftCluster$Factory$Get.runWithNewCluster(MiniRaftCluster.java:113)
	at org.apache.ratis.server.impl.RaftReconfigurationBaseTest.testLeaderStepDown(RaftReconfigurationBaseTest.java:121)
	at sun.reflect.NativeMethodAccessorImpl.invoke0(Native Method)
	at sun.reflect.NativeMethodAccessorImpl.invoke(NativeMethodAccessorImpl.java:62)
	at sun.reflect.DelegatingMethodAccessorImpl.invoke(DelegatingMethodAccessorImpl.java:43)
	at java.lang.reflect.Method.invoke(Method.java:498)
	at org.junit.runners.model.FrameworkMethod$1.runReflectiveCall(FrameworkMethod.java:50)
	at org.junit.internal.runners.model.ReflectiveCallable.run(ReflectiveCallable.java:12)
	at org.junit.runners.model.FrameworkMethod.invokeExplosively(FrameworkMethod.java:47)
	at org.junit.internal.runners.statements.InvokeMethod.evaluate(InvokeMethod.java:17)
	at org.junit.internal.runners.statements.RunAfters.evaluate(RunAfters.java:27)
	at org.junit.internal.runners.statements.FailOnTimeout$CallableStatement.call(FailOnTimeout.java:298)
	at org.junit.internal.runners.statements.FailOnTimeout$CallableStatement.call(FailOnTimeout.java:292)
	at java.util.concurrent.FutureTask.run(FutureTask.java:266)
	at java.lang.Thread.run(Thread.java:748)
2019-09-24 16:33:35,744 INFO  impl.LeaderElection (LeaderElection.java:askForVotes(178)) - s3@group-A4401D2D6DDD-LeaderElection36: begin an election at term 4 for -1: [s3:0.0.0.0:36312, s4:0.0.0.0:37443, s0:0.0.0.0:41765, s1:0.0.0.0:36446, s2:0.0.0.0:41779], old=null
2019-09-24 16:33:35,744 DEBUG impl.RaftServerImpl (RaftServerImpl.java:requestVote(775)) - s0@group-A4401D2D6DDD replies to vote request: s1<-s0#0:FAIL-t3. Peer's state: s0@group-A4401D2D6DDD:t3, leader=null, voted=s0, raftlog=s0@group-A4401D2D6DDD-SegmentedRaftLog:OPENED:c-1,f-1,i0, conf=-1: [s3:0.0.0.0:36312, s4:0.0.0.0:37443, s0:0.0.0.0:41765, s1:0.0.0.0:36446, s2:0.0.0.0:41779], old=null
2019-09-24 16:33:35,744 DEBUG impl.RaftServerImpl (RaftServerImpl.java:requestVote(775)) - s4@group-A4401D2D6DDD replies to vote request: s3<-s4#0:OK-t3. Peer's state: s4@group-A4401D2D6DDD:t3, leader=null, voted=s3, raftlog=s4@group-A4401D2D6DDD-SegmentedRaftLog:OPENED:c-1,f-1,i0, conf=-1: [s3:0.0.0.0:36312, s4:0.0.0.0:37443, s0:0.0.0.0:41765, s1:0.0.0.0:36446, s2:0.0.0.0:41779], old=null
2019-09-24 16:33:35,744 DEBUG impl.RaftServerImpl (RaftServerImpl.java:requestVote(775)) - s2@group-A4401D2D6DDD replies to vote request: s3<-s2#0:FAIL-t3. Peer's state: s2@group-A4401D2D6DDD:t3, leader=null, voted=s2, raftlog=s2@group-A4401D2D6DDD-SegmentedRaftLog:OPENED:c-1,f-1,i0, conf=-1: [s3:0.0.0.0:36312, s4:0.0.0.0:37443, s0:0.0.0.0:41765, s1:0.0.0.0:36446, s2:0.0.0.0:41779], old=null
2019-09-24 16:33:35,744 INFO  impl.LeaderElection (LeaderElection.java:askForVotes(178)) - s2@group-A4401D2D6DDD-LeaderElection43: begin an election at term 3 for -1: [s3:0.0.0.0:36312, s4:0.0.0.0:37443, s0:0.0.0.0:41765, s1:0.0.0.0:36446, s2:0.0.0.0:41779], old=null
2019-09-24 16:33:35,744 INFO  impl.LeaderElection (LeaderElection.java:askForVotes(178)) - s0@group-A4401D2D6DDD-LeaderElection42: begin an election at term 3 for -1: [s3:0.0.0.0:36312, s4:0.0.0.0:37443, s0:0.0.0.0:41765, s1:0.0.0.0:36446, s2:0.0.0.0:41779], old=null
2019-09-24 16:33:35,744 INFO  impl.LeaderElection (LeaderElection.java:askForVotes(178)) - s1@group-A4401D2D6DDD-LeaderElection37: begin an election at term 4 for -1: [s3:0.0.0.0:36312, s4:0.0.0.0:37443, s0:0.0.0.0:41765, s1:0.0.0.0:36446, s2:0.0.0.0:41779], old=null
2019-09-24 16:33:35,746 DEBUG impl.RaftServerImpl (RaftServerImpl.java:requestVote(743)) - s4@group-A4401D2D6DDD: receive requestVote(s3, group-A4401D2D6DDD, 4, (t:0, i:0))
2019-09-24 16:33:35,745 INFO  impl.FollowerState (FollowerState.java:run(108)) - s2@group-A4401D2D6DDD-FollowerState: change to CANDIDATE, lastRpcTime:5374ms, electionTimeout:168ms
2019-09-24 16:33:35,744 INFO  impl.FollowerState (FollowerState.java:run(108)) - s0@group-A4401D2D6DDD-FollowerState: change to CANDIDATE, lastRpcTime:5376ms, electionTimeout:212ms
2019-09-24 16:33:35,746 INFO  impl.RoleInfo (RoleInfo.java:shutdownFollowerState(121)) - s2: shutdown FollowerState
2019-09-24 16:33:35,746 DEBUG impl.RaftServerImpl (RaftServerImpl.java:requestVote(743)) - s2@group-A4401D2D6DDD: receive requestVote(s3, group-A4401D2D6DDD, 4, (t:0, i:0))
2019-09-24 16:33:35,746 DEBUG impl.RaftServerImpl (RaftServerImpl.java:requestVote(743)) - s1@group-A4401D2D6DDD: receive requestVote(s3, group-A4401D2D6DDD, 4, (t:0, i:0))
2019-09-24 16:33:35,747 DEBUG impl.RaftServerImpl (RaftServerImpl.java:requestVote(743)) - s0@group-A4401D2D6DDD: receive requestVote(s1, group-A4401D2D6DDD, 4, (t:0, i:0))
2019-09-24 16:33:35,747 DEBUG impl.RaftServerImpl (RaftServerImpl.java:requestVote(743)) - s3@group-A4401D2D6DDD: receive requestVote(s1, group-A4401D2D6DDD, 4, (t:0, i:0))
2019-09-24 16:33:35,747 INFO  impl.RaftServerImpl (RaftServerImpl.java:setRole(170)) - s2@group-A4401D2D6DDD: changes role from  FOLLOWER to CANDIDATE at term 3 for changeToCandidate
2019-09-24 16:33:35,747 INFO  impl.RoleInfo (RoleInfo.java:shutdownFollowerState(121)) - s0: shutdown FollowerState
2019-09-24 16:33:35,748 INFO  impl.RoleInfo (RoleInfo.java:updateAndGet(143)) - s2: start LeaderElection
2019-09-24 16:33:35,748 DEBUG impl.RaftServerImpl (RaftServerImpl.java:requestVote(775)) - s3@group-A4401D2D6DDD replies to vote request: s1<-s3#0:FAIL-t4. Peer's state: s3@group-A4401D2D6DDD:t4, leader=null, voted=s3, raftlog=s3@group-A4401D2D6DDD-SegmentedRaftLog:OPENED:c-1,f-1,i0, conf=-1: [s3:0.0.0.0:36312, s4:0.0.0.0:37443, s0:0.0.0.0:41765, s1:0.0.0.0:36446, s2:0.0.0.0:41779], old=null
2019-09-24 16:33:35,748 DEBUG impl.RaftServerImpl (RaftServerImpl.java:requestVote(775)) - s1@group-A4401D2D6DDD replies to vote request: s3<-s1#0:FAIL-t4. Peer's state: s1@group-A4401D2D6DDD:t4, leader=null, voted=s1, raftlog=s1@group-A4401D2D6DDD-SegmentedRaftLog:OPENED:c-1,f-1,i0, conf=-1: [s3:0.0.0.0:36312, s4:0.0.0.0:37443, s0:0.0.0.0:41765, s1:0.0.0.0:36446, s2:0.0.0.0:41779], old=null
2019-09-24 16:33:35,749 DEBUG impl.RaftServerImpl (RaftServerImpl.java:requestVote(775)) - s2@group-A4401D2D6DDD replies to vote request: s0<-s2#0:FAIL-t3. Peer's state: s2@group-A4401D2D6DDD:t3, leader=null, voted=s2, raftlog=s2@group-A4401D2D6DDD-SegmentedRaftLog:OPENED:c-1,f-1,i0, conf=-1: [s3:0.0.0.0:36312, s4:0.0.0.0:37443, s0:0.0.0.0:41765, s1:0.0.0.0:36446, s2:0.0.0.0:41779], old=null
2019-09-24 16:33:35,749 INFO  impl.RaftServerImpl (RaftServerImpl.java:setRole(170)) - s0@group-A4401D2D6DDD: changes role from  FOLLOWER to CANDIDATE at term 3 for changeToCandidate
2019-09-24 16:33:35,750 DEBUG impl.RaftServerImpl (RaftServerImpl.java:requestVote(775)) - s2@group-A4401D2D6DDD replies to vote request: s1<-s2#0:FAIL-t3. Peer's state: s2@group-A4401D2D6DDD:t3, leader=null, voted=s2, raftlog=s2@group-A4401D2D6DDD-SegmentedRaftLog:OPENED:c-1,f-1,i0, conf=-1: [s3:0.0.0.0:36312, s4:0.0.0.0:37443, s0:0.0.0.0:41765, s1:0.0.0.0:36446, s2:0.0.0.0:41779], old=null
2019-09-24 16:33:35,750 INFO  impl.RoleInfo (RoleInfo.java:updateAndGet(143)) - s0: start LeaderElection
2019-09-24 16:33:35,751 DEBUG impl.RaftServerImpl (RaftServerImpl.java:requestVote(743)) - s2@group-A4401D2D6DDD: receive requestVote(s1, group-A4401D2D6DDD, 4, (t:0, i:0))
2019-09-24 16:33:35,751 DEBUG impl.RaftServerImpl (RaftServerImpl.java:requestVote(775)) - s0@group-A4401D2D6DDD replies to vote request: s4<-s0#0:FAIL-t3. Peer's state: s0@group-A4401D2D6DDD:t3, leader=null, voted=s0, raftlog=s0@group-A4401D2D6DDD-SegmentedRaftLog:OPENED:c-1,f-1,i0, conf=-1: [s3:0.0.0.0:36312, s4:0.0.0.0:37443, s0:0.0.0.0:41765, s1:0.0.0.0:36446, s2:0.0.0.0:41779], old=null
2019-09-24 16:33:35,751 INFO  impl.LeaderElection (LeaderElection.java:logAndReturn(56)) - s2@group-A4401D2D6DDD-LeaderElection40: Election REJECTED; received 0 response(s) [] and 0 exception(s); s2@group-A4401D2D6DDD:t4, leader=null, voted=s2, raftlog=s2@group-A4401D2D6DDD-SegmentedRaftLog:OPENED:c-1,f-1,i0, conf=-1: [s3:0.0.0.0:36312, s4:0.0.0.0:37443, s0:0.0.0.0:41765, s1:0.0.0.0:36446, s2:0.0.0.0:41779], old=null
2019-09-24 16:33:35,751 DEBUG impl.RaftServerImpl (RaftServerImpl.java:requestVote(775)) - s0@group-A4401D2D6DDD replies to vote request: s2<-s0#0:FAIL-t3. Peer's state: s0@group-A4401D2D6DDD:t3, leader=null, voted=s0, raftlog=s0@group-A4401D2D6DDD-SegmentedRaftLog:OPENED:c-1,f-1,i0, conf=-1: [s3:0.0.0.0:36312, s4:0.0.0.0:37443, s0:0.0.0.0:41765, s1:0.0.0.0:36446, s2:0.0.0.0:41779], old=null
2019-09-24 16:33:35,752 DEBUG impl.RaftServerImpl (RaftServerImpl.java:requestVote(775)) - s0@group-A4401D2D6DDD replies to vote request: s3<-s0#0:FAIL-t3. Peer's state: s0@group-A4401D2D6DDD:t3, leader=null, voted=s0, raftlog=s0@group-A4401D2D6DDD-SegmentedRaftLog:OPENED:c-1,f-1,i0, conf=-1: [s3:0.0.0.0:36312, s4:0.0.0.0:37443, s0:0.0.0.0:41765, s1:0.0.0.0:36446, s2:0.0.0.0:41779], old=null
2019-09-24 16:33:35,753 DEBUG impl.RaftServerImpl (RaftServerImpl.java:requestVote(743)) - s0@group-A4401D2D6DDD: receive requestVote(s3, group-A4401D2D6DDD, 4, (t:0, i:0))
2019-09-24 16:33:35,754 INFO  logging.LoggingHandler (AbstractInternalLogger.java:log(150)) - [id: 0x9b511a0f, L:/0.0.0.0:36446] READ: [id: 0x7b8b85a7, L:/192.168.5.142:36446 - R:/192.168.5.142:54192]
2019-09-24 16:33:35,754 INFO  logging.LoggingHandler (AbstractInternalLogger.java:log(150)) - [id: 0x9b511a0f, L:/0.0.0.0:36446] READ COMPLETE
2019-09-24 16:33:35,756 DEBUG impl.RaftServerImpl (RaftServerImpl.java:requestVote(743)) - s1@group-A4401D2D6DDD: receive requestVote(s2, group-A4401D2D6DDD, 1, (t:0, i:0))
2019-09-24 16:33:35,756 DEBUG impl.RaftServerImpl (RaftServerImpl.java:requestVote(775)) - s1@group-A4401D2D6DDD replies to vote request: s2<-s1#0:FAIL-t4. Peer's state: s1@group-A4401D2D6DDD:t4, leader=null, voted=s1, raftlog=s1@group-A4401D2D6DDD-SegmentedRaftLog:OPENED:c-1,f-1,i0, conf=-1: [s3:0.0.0.0:36312, s4:0.0.0.0:37443, s0:0.0.0.0:41765, s1:0.0.0.0:36446, s2:0.0.0.0:41779], old=null
2019-09-24 16:33:35,898 INFO  impl.LeaderElection (LeaderElection.java:logAndReturn(56)) - s3@group-A4401D2D6DDD-LeaderElection36: Election TIMEOUT; received 1 response(s) [s3<-s1#0:FAIL-t4] and 0 exception(s); s3@group-A4401D2D6DDD:t4, leader=null, voted=s3, raftlog=s3@group-A4401D2D6DDD-SegmentedRaftLog:OPENED:c-1,f-1,i0, conf=-1: [s3:0.0.0.0:36312, s4:0.0.0.0:37443, s0:0.0.0.0:41765, s1:0.0.0.0:36446, s2:0.0.0.0:41779], old=null
2019-09-24 16:33:35,965 INFO  impl.LeaderElection (LeaderElection.java:logAndReturn(56)) - s1@group-A4401D2D6DDD-LeaderElection37: Election TIMEOUT; received 1 response(s) [s1<-s3#0:FAIL-t4] and 0 exception(s); s1@group-A4401D2D6DDD:t4, leader=null, voted=s1, raftlog=s1@group-A4401D2D6DDD-SegmentedRaftLog:OPENED:c-1,f-1,i0, conf=-1: [s3:0.0.0.0:36312, s4:0.0.0.0:37443, s0:0.0.0.0:41765, s1:0.0.0.0:36446, s2:0.0.0.0:41779], old=null
2019-09-24 16:33:36,166 WARN  ratis.RaftTestUtil (JavaUtils.java:attempt(158)) - FAILED "waitForLeader-null-(expectLeader? true)", attempt #32/100: java.lang.IllegalStateException: No leader yet : printing ALL groups
  s3:  RUNNING CANDIDATE s3@group-A4401D2D6DDD:t5, leader=null, voted=s3, raftlog=s3@group-A4401D2D6DDD-SegmentedRaftLog:OPENED:c-1,f-1,i0, conf=-1: [s3:0.0.0.0:36312, s4:0.0.0.0:37443, s0:0.0.0.0:41765, s1:0.0.0.0:36446, s2:0.0.0.0:41779], old=null RUNNING
  s4:  RUNNING  FOLLOWER s4@group-A4401D2D6DDD:t4, leader=null, voted=s4, raftlog=s4@group-A4401D2D6DDD-SegmentedRaftLog:OPENED:c-1,f-1,i0, conf=-1: [s3:0.0.0.0:36312, s4:0.0.0.0:37443, s0:0.0.0.0:41765, s1:0.0.0.0:36446, s2:0.0.0.0:41779], old=null RUNNING
  s0:  RUNNING CANDIDATE s0@group-A4401D2D6DDD:t4, leader=null, voted=s0, raftlog=s0@group-A4401D2D6DDD-SegmentedRaftLog:OPENED:c-1,f-1,i0, conf=-1: [s3:0.0.0.0:36312, s4:0.0.0.0:37443, s0:0.0.0.0:41765, s1:0.0.0.0:36446, s2:0.0.0.0:41779], old=null RUNNING
  s1:  RUNNING CANDIDATE s1@group-A4401D2D6DDD:t5, leader=null, voted=s1, raftlog=s1@group-A4401D2D6DDD-SegmentedRaftLog:OPENED:c-1,f-1,i0, conf=-1: [s3:0.0.0.0:36312, s4:0.0.0.0:37443, s0:0.0.0.0:41765, s1:0.0.0.0:36446, s2:0.0.0.0:41779], old=null RUNNING
  s2:  RUNNING CANDIDATE s2@group-A4401D2D6DDD:t4, leader=null, voted=s2, raftlog=s2@group-A4401D2D6DDD-SegmentedRaftLog:OPENED:c-1,f-1,i0, conf=-1: [s3:0.0.0.0:36312, s4:0.0.0.0:37443, s0:0.0.0.0:41765, s1:0.0.0.0:36446, s2:0.0.0.0:41779], old=null RUNNING, sleep 450ms and then retry.
java.lang.IllegalStateException: No leader yet : printing ALL groups
  s3:  RUNNING CANDIDATE s3@group-A4401D2D6DDD:t5, leader=null, voted=s3, raftlog=s3@group-A4401D2D6DDD-SegmentedRaftLog:OPENED:c-1,f-1,i0, conf=-1: [s3:0.0.0.0:36312, s4:0.0.0.0:37443, s0:0.0.0.0:41765, s1:0.0.0.0:36446, s2:0.0.0.0:41779], old=null RUNNING
  s4:  RUNNING  FOLLOWER s4@group-A4401D2D6DDD:t4, leader=null, voted=s4, raftlog=s4@group-A4401D2D6DDD-SegmentedRaftLog:OPENED:c-1,f-1,i0, conf=-1: [s3:0.0.0.0:36312, s4:0.0.0.0:37443, s0:0.0.0.0:41765, s1:0.0.0.0:36446, s2:0.0.0.0:41779], old=null RUNNING
  s0:  RUNNING CANDIDATE s0@group-A4401D2D6DDD:t4, leader=null, voted=s0, raftlog=s0@group-A4401D2D6DDD-SegmentedRaftLog:OPENED:c-1,f-1,i0, conf=-1: [s3:0.0.0.0:36312, s4:0.0.0.0:37443, s0:0.0.0.0:41765, s1:0.0.0.0:36446, s2:0.0.0.0:41779], old=null RUNNING
  s1:  RUNNING CANDIDATE s1@group-A4401D2D6DDD:t5, leader=null, voted=s1, raftlog=s1@group-A4401D2D6DDD-SegmentedRaftLog:OPENED:c-1,f-1,i0, conf=-1: [s3:0.0.0.0:36312, s4:0.0.0.0:37443, s0:0.0.0.0:41765, s1:0.0.0.0:36446, s2:0.0.0.0:41779], old=null RUNNING
  s2:  RUNNING CANDIDATE s2@group-A4401D2D6DDD:t4, leader=null, voted=s2, raftlog=s2@group-A4401D2D6DDD-SegmentedRaftLog:OPENED:c-1,f-1,i0, conf=-1: [s3:0.0.0.0:36312, s4:0.0.0.0:37443, s0:0.0.0.0:41765, s1:0.0.0.0:36446, s2:0.0.0.0:41779], old=null RUNNING
	at org.apache.ratis.MiniRaftCluster.newIllegalStateExceptionForNoLeaders(MiniRaftCluster.java:506)
	at org.apache.ratis.RaftTestUtil.lambda$waitForLeader$1(RaftTestUtil.java:90)
	at org.apache.ratis.MiniRaftCluster.getLeader(MiniRaftCluster.java:539)
	at org.apache.ratis.MiniRaftCluster.getLeader(MiniRaftCluster.java:532)
	at org.apache.ratis.RaftTestUtil.lambda$waitForLeader$3(RaftTestUtil.java:98)
	at org.apache.ratis.util.JavaUtils.attempt(JavaUtils.java:152)
	at org.apache.ratis.RaftTestUtil.waitForLeader(RaftTestUtil.java:97)
	at org.apache.ratis.RaftTestUtil.waitForLeader(RaftTestUtil.java:77)
	at org.apache.ratis.RaftTestUtil.waitForLeader(RaftTestUtil.java:72)
	at org.apache.ratis.server.impl.RaftReconfigurationBaseTest.runTestAddRemovePeers(RaftReconfigurationBaseTest.java:125)
	at org.apache.ratis.server.impl.RaftReconfigurationBaseTest.lambda$testLeaderStepDown$3(RaftReconfigurationBaseTest.java:121)
	at org.apache.ratis.MiniRaftCluster$Factory$Get.runWithNewCluster(MiniRaftCluster.java:125)
	at org.apache.ratis.MiniRaftCluster$Factory$Get.runWithNewCluster(MiniRaftCluster.java:113)
	at org.apache.ratis.server.impl.RaftReconfigurationBaseTest.testLeaderStepDown(RaftReconfigurationBaseTest.java:121)
	at sun.reflect.NativeMethodAccessorImpl.invoke0(Native Method)
	at sun.reflect.NativeMethodAccessorImpl.invoke(NativeMethodAccessorImpl.java:62)
	at sun.reflect.DelegatingMethodAccessorImpl.invoke(DelegatingMethodAccessorImpl.java:43)
	at java.lang.reflect.Method.invoke(Method.java:498)
	at org.junit.runners.model.FrameworkMethod$1.runReflectiveCall(FrameworkMethod.java:50)
	at org.junit.internal.runners.model.ReflectiveCallable.run(ReflectiveCallable.java:12)
	at org.junit.runners.model.FrameworkMethod.invokeExplosively(FrameworkMethod.java:47)
	at org.junit.internal.runners.statements.InvokeMethod.evaluate(InvokeMethod.java:17)
	at org.junit.internal.runners.statements.RunAfters.evaluate(RunAfters.java:27)
	at org.junit.internal.runners.statements.FailOnTimeout$CallableStatement.call(FailOnTimeout.java:298)
	at org.junit.internal.runners.statements.FailOnTimeout$CallableStatement.call(FailOnTimeout.java:292)
	at java.util.concurrent.FutureTask.run(FutureTask.java:266)
	at java.lang.Thread.run(Thread.java:748)
2019-09-24 16:33:36,618 WARN  ratis.RaftTestUtil (JavaUtils.java:attempt(158)) - FAILED "waitForLeader-null-(expectLeader? true)", attempt #33/100: java.lang.IllegalStateException: No leader yet : printing ALL groups
  s3:  RUNNING CANDIDATE s3@group-A4401D2D6DDD:t5, leader=null, voted=s3, raftlog=s3@group-A4401D2D6DDD-SegmentedRaftLog:OPENED:c-1,f-1,i0, conf=-1: [s3:0.0.0.0:36312, s4:0.0.0.0:37443, s0:0.0.0.0:41765, s1:0.0.0.0:36446, s2:0.0.0.0:41779], old=null RUNNING
  s4:  RUNNING  FOLLOWER s4@group-A4401D2D6DDD:t4, leader=null, voted=s4, raftlog=s4@group-A4401D2D6DDD-SegmentedRaftLog:OPENED:c-1,f-1,i0, conf=-1: [s3:0.0.0.0:36312, s4:0.0.0.0:37443, s0:0.0.0.0:41765, s1:0.0.0.0:36446, s2:0.0.0.0:41779], old=null RUNNING
  s0:  RUNNING CANDIDATE s0@group-A4401D2D6DDD:t4, leader=null, voted=s0, raftlog=s0@group-A4401D2D6DDD-SegmentedRaftLog:OPENED:c-1,f-1,i0, conf=-1: [s3:0.0.0.0:36312, s4:0.0.0.0:37443, s0:0.0.0.0:41765, s1:0.0.0.0:36446, s2:0.0.0.0:41779], old=null RUNNING
  s1:  RUNNING CANDIDATE s1@group-A4401D2D6DDD:t5, leader=null, voted=s1, raftlog=s1@group-A4401D2D6DDD-SegmentedRaftLog:OPENED:c-1,f-1,i0, conf=-1: [s3:0.0.0.0:36312, s4:0.0.0.0:37443, s0:0.0.0.0:41765, s1:0.0.0.0:36446, s2:0.0.0.0:41779], old=null RUNNING
  s2:  RUNNING CANDIDATE s2@group-A4401D2D6DDD:t4, leader=null, voted=s2, raftlog=s2@group-A4401D2D6DDD-SegmentedRaftLog:OPENED:c-1,f-1,i0, conf=-1: [s3:0.0.0.0:36312, s4:0.0.0.0:37443, s0:0.0.0.0:41765, s1:0.0.0.0:36446, s2:0.0.0.0:41779], old=null RUNNING, sleep 450ms and then retry.
java.lang.IllegalStateException: No leader yet : printing ALL groups
  s3:  RUNNING CANDIDATE s3@group-A4401D2D6DDD:t5, leader=null, voted=s3, raftlog=s3@group-A4401D2D6DDD-SegmentedRaftLog:OPENED:c-1,f-1,i0, conf=-1: [s3:0.0.0.0:36312, s4:0.0.0.0:37443, s0:0.0.0.0:41765, s1:0.0.0.0:36446, s2:0.0.0.0:41779], old=null RUNNING
  s4:  RUNNING  FOLLOWER s4@group-A4401D2D6DDD:t4, leader=null, voted=s4, raftlog=s4@group-A4401D2D6DDD-SegmentedRaftLog:OPENED:c-1,f-1,i0, conf=-1: [s3:0.0.0.0:36312, s4:0.0.0.0:37443, s0:0.0.0.0:41765, s1:0.0.0.0:36446, s2:0.0.0.0:41779], old=null RUNNING
  s0:  RUNNING CANDIDATE s0@group-A4401D2D6DDD:t4, leader=null, voted=s0, raftlog=s0@group-A4401D2D6DDD-SegmentedRaftLog:OPENED:c-1,f-1,i0, conf=-1: [s3:0.0.0.0:36312, s4:0.0.0.0:37443, s0:0.0.0.0:41765, s1:0.0.0.0:36446, s2:0.0.0.0:41779], old=null RUNNING
  s1:  RUNNING CANDIDATE s1@group-A4401D2D6DDD:t5, leader=null, voted=s1, raftlog=s1@group-A4401D2D6DDD-SegmentedRaftLog:OPENED:c-1,f-1,i0, conf=-1: [s3:0.0.0.0:36312, s4:0.0.0.0:37443, s0:0.0.0.0:41765, s1:0.0.0.0:36446, s2:0.0.0.0:41779], old=null RUNNING
  s2:  RUNNING CANDIDATE s2@group-A4401D2D6DDD:t4, leader=null, voted=s2, raftlog=s2@group-A4401D2D6DDD-SegmentedRaftLog:OPENED:c-1,f-1,i0, conf=-1: [s3:0.0.0.0:36312, s4:0.0.0.0:37443, s0:0.0.0.0:41765, s1:0.0.0.0:36446, s2:0.0.0.0:41779], old=null RUNNING
	at org.apache.ratis.MiniRaftCluster.newIllegalStateExceptionForNoLeaders(MiniRaftCluster.java:506)
	at org.apache.ratis.RaftTestUtil.lambda$waitForLeader$1(RaftTestUtil.java:90)
	at org.apache.ratis.MiniRaftCluster.getLeader(MiniRaftCluster.java:539)
	at org.apache.ratis.MiniRaftCluster.getLeader(MiniRaftCluster.java:532)
	at org.apache.ratis.RaftTestUtil.lambda$waitForLeader$3(RaftTestUtil.java:98)
	at org.apache.ratis.util.JavaUtils.attempt(JavaUtils.java:152)
	at org.apache.ratis.RaftTestUtil.waitForLeader(RaftTestUtil.java:97)
	at org.apache.ratis.RaftTestUtil.waitForLeader(RaftTestUtil.java:77)
	at org.apache.ratis.RaftTestUtil.waitForLeader(RaftTestUtil.java:72)
	at org.apache.ratis.server.impl.RaftReconfigurationBaseTest.runTestAddRemovePeers(RaftReconfigurationBaseTest.java:125)
	at org.apache.ratis.server.impl.RaftReconfigurationBaseTest.lambda$testLeaderStepDown$3(RaftReconfigurationBaseTest.java:121)
	at org.apache.ratis.MiniRaftCluster$Factory$Get.runWithNewCluster(MiniRaftCluster.java:125)
	at org.apache.ratis.MiniRaftCluster$Factory$Get.runWithNewCluster(MiniRaftCluster.java:113)
	at org.apache.ratis.server.impl.RaftReconfigurationBaseTest.testLeaderStepDown(RaftReconfigurationBaseTest.java:121)
	at sun.reflect.NativeMethodAccessorImpl.invoke0(Native Method)
	at sun.reflect.NativeMethodAccessorImpl.invoke(NativeMethodAccessorImpl.java:62)
	at sun.reflect.DelegatingMethodAccessorImpl.invoke(DelegatingMethodAccessorImpl.java:43)
	at java.lang.reflect.Method.invoke(Method.java:498)
	at org.junit.runners.model.FrameworkMethod$1.runReflectiveCall(FrameworkMethod.java:50)
	at org.junit.internal.runners.model.ReflectiveCallable.run(ReflectiveCallable.java:12)
	at org.junit.runners.model.FrameworkMethod.invokeExplosively(FrameworkMethod.java:47)
	at org.junit.internal.runners.statements.InvokeMethod.evaluate(InvokeMethod.java:17)
	at org.junit.internal.runners.statements.RunAfters.evaluate(RunAfters.java:27)
	at org.junit.internal.runners.statements.FailOnTimeout$CallableStatement.call(FailOnTimeout.java:298)
	at org.junit.internal.runners.statements.FailOnTimeout$CallableStatement.call(FailOnTimeout.java:292)
	at java.util.concurrent.FutureTask.run(FutureTask.java:266)
	at java.lang.Thread.run(Thread.java:748)
2019-09-24 16:33:37,069 WARN  ratis.RaftTestUtil (JavaUtils.java:attempt(158)) - FAILED "waitForLeader-null-(expectLeader? true)", attempt #34/100: java.lang.IllegalStateException: No leader yet : printing ALL groups
  s3:  RUNNING CANDIDATE s3@group-A4401D2D6DDD:t5, leader=null, voted=s3, raftlog=s3@group-A4401D2D6DDD-SegmentedRaftLog:OPENED:c-1,f-1,i0, conf=-1: [s3:0.0.0.0:36312, s4:0.0.0.0:37443, s0:0.0.0.0:41765, s1:0.0.0.0:36446, s2:0.0.0.0:41779], old=null RUNNING
  s4:  RUNNING  FOLLOWER s4@group-A4401D2D6DDD:t4, leader=null, voted=s4, raftlog=s4@group-A4401D2D6DDD-SegmentedRaftLog:OPENED:c-1,f-1,i0, conf=-1: [s3:0.0.0.0:36312, s4:0.0.0.0:37443, s0:0.0.0.0:41765, s1:0.0.0.0:36446, s2:0.0.0.0:41779], old=null RUNNING
  s0:  RUNNING CANDIDATE s0@group-A4401D2D6DDD:t4, leader=null, voted=s0, raftlog=s0@group-A4401D2D6DDD-SegmentedRaftLog:OPENED:c-1,f-1,i0, conf=-1: [s3:0.0.0.0:36312, s4:0.0.0.0:37443, s0:0.0.0.0:41765, s1:0.0.0.0:36446, s2:0.0.0.0:41779], old=null RUNNING
  s1:  RUNNING CANDIDATE s1@group-A4401D2D6DDD:t5, leader=null, voted=s1, raftlog=s1@group-A4401D2D6DDD-SegmentedRaftLog:OPENED:c-1,f-1,i0, conf=-1: [s3:0.0.0.0:36312, s4:0.0.0.0:37443, s0:0.0.0.0:41765, s1:0.0.0.0:36446, s2:0.0.0.0:41779], old=null RUNNING
  s2:  RUNNING CANDIDATE s2@group-A4401D2D6DDD:t4, leader=null, voted=s2, raftlog=s2@group-A4401D2D6DDD-SegmentedRaftLog:OPENED:c-1,f-1,i0, conf=-1: [s3:0.0.0.0:36312, s4:0.0.0.0:37443, s0:0.0.0.0:41765, s1:0.0.0.0:36446, s2:0.0.0.0:41779], old=null RUNNING, sleep 450ms and then retry.
java.lang.IllegalStateException: No leader yet : printing ALL groups
  s3:  RUNNING CANDIDATE s3@group-A4401D2D6DDD:t5, leader=null, voted=s3, raftlog=s3@group-A4401D2D6DDD-SegmentedRaftLog:OPENED:c-1,f-1,i0, conf=-1: [s3:0.0.0.0:36312, s4:0.0.0.0:37443, s0:0.0.0.0:41765, s1:0.0.0.0:36446, s2:0.0.0.0:41779], old=null RUNNING
  s4:  RUNNING  FOLLOWER s4@group-A4401D2D6DDD:t4, leader=null, voted=s4, raftlog=s4@group-A4401D2D6DDD-SegmentedRaftLog:OPENED:c-1,f-1,i0, conf=-1: [s3:0.0.0.0:36312, s4:0.0.0.0:37443, s0:0.0.0.0:41765, s1:0.0.0.0:36446, s2:0.0.0.0:41779], old=null RUNNING
  s0:  RUNNING CANDIDATE s0@group-A4401D2D6DDD:t4, leader=null, voted=s0, raftlog=s0@group-A4401D2D6DDD-SegmentedRaftLog:OPENED:c-1,f-1,i0, conf=-1: [s3:0.0.0.0:36312, s4:0.0.0.0:37443, s0:0.0.0.0:41765, s1:0.0.0.0:36446, s2:0.0.0.0:41779], old=null RUNNING
  s1:  RUNNING CANDIDATE s1@group-A4401D2D6DDD:t5, leader=null, voted=s1, raftlog=s1@group-A4401D2D6DDD-SegmentedRaftLog:OPENED:c-1,f-1,i0, conf=-1: [s3:0.0.0.0:36312, s4:0.0.0.0:37443, s0:0.0.0.0:41765, s1:0.0.0.0:36446, s2:0.0.0.0:41779], old=null RUNNING
  s2:  RUNNING CANDIDATE s2@group-A4401D2D6DDD:t4, leader=null, voted=s2, raftlog=s2@group-A4401D2D6DDD-SegmentedRaftLog:OPENED:c-1,f-1,i0, conf=-1: [s3:0.0.0.0:36312, s4:0.0.0.0:37443, s0:0.0.0.0:41765, s1:0.0.0.0:36446, s2:0.0.0.0:41779], old=null RUNNING
	at org.apache.ratis.MiniRaftCluster.newIllegalStateExceptionForNoLeaders(MiniRaftCluster.java:506)
	at org.apache.ratis.RaftTestUtil.lambda$waitForLeader$1(RaftTestUtil.java:90)
	at org.apache.ratis.MiniRaftCluster.getLeader(MiniRaftCluster.java:539)
	at org.apache.ratis.MiniRaftCluster.getLeader(MiniRaftCluster.java:532)
	at org.apache.ratis.RaftTestUtil.lambda$waitForLeader$3(RaftTestUtil.java:98)
	at org.apache.ratis.util.JavaUtils.attempt(JavaUtils.java:152)
	at org.apache.ratis.RaftTestUtil.waitForLeader(RaftTestUtil.java:97)
	at org.apache.ratis.RaftTestUtil.waitForLeader(RaftTestUtil.java:77)
	at org.apache.ratis.RaftTestUtil.waitForLeader(RaftTestUtil.java:72)
	at org.apache.ratis.server.impl.RaftReconfigurationBaseTest.runTestAddRemovePeers(RaftReconfigurationBaseTest.java:125)
	at org.apache.ratis.server.impl.RaftReconfigurationBaseTest.lambda$testLeaderStepDown$3(RaftReconfigurationBaseTest.java:121)
	at org.apache.ratis.MiniRaftCluster$Factory$Get.runWithNewCluster(MiniRaftCluster.java:125)
	at org.apache.ratis.MiniRaftCluster$Factory$Get.runWithNewCluster(MiniRaftCluster.java:113)
	at org.apache.ratis.server.impl.RaftReconfigurationBaseTest.testLeaderStepDown(RaftReconfigurationBaseTest.java:121)
	at sun.reflect.NativeMethodAccessorImpl.invoke0(Native Method)
	at sun.reflect.NativeMethodAccessorImpl.invoke(NativeMethodAccessorImpl.java:62)
	at sun.reflect.DelegatingMethodAccessorImpl.invoke(DelegatingMethodAccessorImpl.java:43)
	at java.lang.reflect.Method.invoke(Method.java:498)
	at org.junit.runners.model.FrameworkMethod$1.runReflectiveCall(FrameworkMethod.java:50)
	at org.junit.internal.runners.model.ReflectiveCallable.run(ReflectiveCallable.java:12)
	at org.junit.runners.model.FrameworkMethod.invokeExplosively(FrameworkMethod.java:47)
	at org.junit.internal.runners.statements.InvokeMethod.evaluate(InvokeMethod.java:17)
	at org.junit.internal.runners.statements.RunAfters.evaluate(RunAfters.java:27)
	at org.junit.internal.runners.statements.FailOnTimeout$CallableStatement.call(FailOnTimeout.java:298)
	at org.junit.internal.runners.statements.FailOnTimeout$CallableStatement.call(FailOnTimeout.java:292)
	at java.util.concurrent.FutureTask.run(FutureTask.java:266)
	at java.lang.Thread.run(Thread.java:748)
2019-09-24 16:33:37,521 WARN  ratis.RaftTestUtil (JavaUtils.java:attempt(158)) - FAILED "waitForLeader-null-(expectLeader? true)", attempt #35/100: java.lang.IllegalStateException: No leader yet : printing ALL groups
  s3:  RUNNING CANDIDATE s3@group-A4401D2D6DDD:t5, leader=null, voted=s3, raftlog=s3@group-A4401D2D6DDD-SegmentedRaftLog:OPENED:c-1,f-1,i0, conf=-1: [s3:0.0.0.0:36312, s4:0.0.0.0:37443, s0:0.0.0.0:41765, s1:0.0.0.0:36446, s2:0.0.0.0:41779], old=null RUNNING
  s4:  RUNNING  FOLLOWER s4@group-A4401D2D6DDD:t4, leader=null, voted=s4, raftlog=s4@group-A4401D2D6DDD-SegmentedRaftLog:OPENED:c-1,f-1,i0, conf=-1: [s3:0.0.0.0:36312, s4:0.0.0.0:37443, s0:0.0.0.0:41765, s1:0.0.0.0:36446, s2:0.0.0.0:41779], old=null RUNNING
  s0:  RUNNING CANDIDATE s0@group-A4401D2D6DDD:t4, leader=null, voted=s0, raftlog=s0@group-A4401D2D6DDD-SegmentedRaftLog:OPENED:c-1,f-1,i0, conf=-1: [s3:0.0.0.0:36312, s4:0.0.0.0:37443, s0:0.0.0.0:41765, s1:0.0.0.0:36446, s2:0.0.0.0:41779], old=null RUNNING
  s1:  RUNNING CANDIDATE s1@group-A4401D2D6DDD:t5, leader=null, voted=s1, raftlog=s1@group-A4401D2D6DDD-SegmentedRaftLog:OPENED:c-1,f-1,i0, conf=-1: [s3:0.0.0.0:36312, s4:0.0.0.0:37443, s0:0.0.0.0:41765, s1:0.0.0.0:36446, s2:0.0.0.0:41779], old=null RUNNING
  s2:  RUNNING CANDIDATE s2@group-A4401D2D6DDD:t4, leader=null, voted=s2, raftlog=s2@group-A4401D2D6DDD-SegmentedRaftLog:OPENED:c-1,f-1,i0, conf=-1: [s3:0.0.0.0:36312, s4:0.0.0.0:37443, s0:0.0.0.0:41765, s1:0.0.0.0:36446, s2:0.0.0.0:41779], old=null RUNNING, sleep 450ms and then retry.
java.lang.IllegalStateException: No leader yet : printing ALL groups
  s3:  RUNNING CANDIDATE s3@group-A4401D2D6DDD:t5, leader=null, voted=s3, raftlog=s3@group-A4401D2D6DDD-SegmentedRaftLog:OPENED:c-1,f-1,i0, conf=-1: [s3:0.0.0.0:36312, s4:0.0.0.0:37443, s0:0.0.0.0:41765, s1:0.0.0.0:36446, s2:0.0.0.0:41779], old=null RUNNING
  s4:  RUNNING  FOLLOWER s4@group-A4401D2D6DDD:t4, leader=null, voted=s4, raftlog=s4@group-A4401D2D6DDD-SegmentedRaftLog:OPENED:c-1,f-1,i0, conf=-1: [s3:0.0.0.0:36312, s4:0.0.0.0:37443, s0:0.0.0.0:41765, s1:0.0.0.0:36446, s2:0.0.0.0:41779], old=null RUNNING
  s0:  RUNNING CANDIDATE s0@group-A4401D2D6DDD:t4, leader=null, voted=s0, raftlog=s0@group-A4401D2D6DDD-SegmentedRaftLog:OPENED:c-1,f-1,i0, conf=-1: [s3:0.0.0.0:36312, s4:0.0.0.0:37443, s0:0.0.0.0:41765, s1:0.0.0.0:36446, s2:0.0.0.0:41779], old=null RUNNING
  s1:  RUNNING CANDIDATE s1@group-A4401D2D6DDD:t5, leader=null, voted=s1, raftlog=s1@group-A4401D2D6DDD-SegmentedRaftLog:OPENED:c-1,f-1,i0, conf=-1: [s3:0.0.0.0:36312, s4:0.0.0.0:37443, s0:0.0.0.0:41765, s1:0.0.0.0:36446, s2:0.0.0.0:41779], old=null RUNNING
  s2:  RUNNING CANDIDATE s2@group-A4401D2D6DDD:t4, leader=null, voted=s2, raftlog=s2@group-A4401D2D6DDD-SegmentedRaftLog:OPENED:c-1,f-1,i0, conf=-1: [s3:0.0.0.0:36312, s4:0.0.0.0:37443, s0:0.0.0.0:41765, s1:0.0.0.0:36446, s2:0.0.0.0:41779], old=null RUNNING
	at org.apache.ratis.MiniRaftCluster.newIllegalStateExceptionForNoLeaders(MiniRaftCluster.java:506)
	at org.apache.ratis.RaftTestUtil.lambda$waitForLeader$1(RaftTestUtil.java:90)
	at org.apache.ratis.MiniRaftCluster.getLeader(MiniRaftCluster.java:539)
	at org.apache.ratis.MiniRaftCluster.getLeader(MiniRaftCluster.java:532)
	at org.apache.ratis.RaftTestUtil.lambda$waitForLeader$3(RaftTestUtil.java:98)
	at org.apache.ratis.util.JavaUtils.attempt(JavaUtils.java:152)
	at org.apache.ratis.RaftTestUtil.waitForLeader(RaftTestUtil.java:97)
	at org.apache.ratis.RaftTestUtil.waitForLeader(RaftTestUtil.java:77)
	at org.apache.ratis.RaftTestUtil.waitForLeader(RaftTestUtil.java:72)
	at org.apache.ratis.server.impl.RaftReconfigurationBaseTest.runTestAddRemovePeers(RaftReconfigurationBaseTest.java:125)
	at org.apache.ratis.server.impl.RaftReconfigurationBaseTest.lambda$testLeaderStepDown$3(RaftReconfigurationBaseTest.java:121)
	at org.apache.ratis.MiniRaftCluster$Factory$Get.runWithNewCluster(MiniRaftCluster.java:125)
	at org.apache.ratis.MiniRaftCluster$Factory$Get.runWithNewCluster(MiniRaftCluster.java:113)
	at org.apache.ratis.server.impl.RaftReconfigurationBaseTest.testLeaderStepDown(RaftReconfigurationBaseTest.java:121)
	at sun.reflect.NativeMethodAccessorImpl.invoke0(Native Method)
	at sun.reflect.NativeMethodAccessorImpl.invoke(NativeMethodAccessorImpl.java:62)
	at sun.reflect.DelegatingMethodAccessorImpl.invoke(DelegatingMethodAccessorImpl.java:43)
	at java.lang.reflect.Method.invoke(Method.java:498)
	at org.junit.runners.model.FrameworkMethod$1.runReflectiveCall(FrameworkMethod.java:50)
	at org.junit.internal.runners.model.ReflectiveCallable.run(ReflectiveCallable.java:12)
	at org.junit.runners.model.FrameworkMethod.invokeExplosively(FrameworkMethod.java:47)
	at org.junit.internal.runners.statements.InvokeMethod.evaluate(InvokeMethod.java:17)
	at org.junit.internal.runners.statements.RunAfters.evaluate(RunAfters.java:27)
	at org.junit.internal.runners.statements.FailOnTimeout$CallableStatement.call(FailOnTimeout.java:298)
	at org.junit.internal.runners.statements.FailOnTimeout$CallableStatement.call(FailOnTimeout.java:292)
	at java.util.concurrent.FutureTask.run(FutureTask.java:266)
	at java.lang.Thread.run(Thread.java:748)
2019-09-24 16:33:37,972 WARN  ratis.RaftTestUtil (JavaUtils.java:attempt(158)) - FAILED "waitForLeader-null-(expectLeader? true)", attempt #36/100: java.lang.IllegalStateException: No leader yet : printing ALL groups
  s3:  RUNNING CANDIDATE s3@group-A4401D2D6DDD:t5, leader=null, voted=s3, raftlog=s3@group-A4401D2D6DDD-SegmentedRaftLog:OPENED:c-1,f-1,i0, conf=-1: [s3:0.0.0.0:36312, s4:0.0.0.0:37443, s0:0.0.0.0:41765, s1:0.0.0.0:36446, s2:0.0.0.0:41779], old=null RUNNING
  s4:  RUNNING  FOLLOWER s4@group-A4401D2D6DDD:t4, leader=null, voted=s4, raftlog=s4@group-A4401D2D6DDD-SegmentedRaftLog:OPENED:c-1,f-1,i0, conf=-1: [s3:0.0.0.0:36312, s4:0.0.0.0:37443, s0:0.0.0.0:41765, s1:0.0.0.0:36446, s2:0.0.0.0:41779], old=null RUNNING
  s0:  RUNNING CANDIDATE s0@group-A4401D2D6DDD:t4, leader=null, voted=s0, raftlog=s0@group-A4401D2D6DDD-SegmentedRaftLog:OPENED:c-1,f-1,i0, conf=-1: [s3:0.0.0.0:36312, s4:0.0.0.0:37443, s0:0.0.0.0:41765, s1:0.0.0.0:36446, s2:0.0.0.0:41779], old=null RUNNING
  s1:  RUNNING CANDIDATE s1@group-A4401D2D6DDD:t5, leader=null, voted=s1, raftlog=s1@group-A4401D2D6DDD-SegmentedRaftLog:OPENED:c-1,f-1,i0, conf=-1: [s3:0.0.0.0:36312, s4:0.0.0.0:37443, s0:0.0.0.0:41765, s1:0.0.0.0:36446, s2:0.0.0.0:41779], old=null RUNNING
  s2:  RUNNING CANDIDATE s2@group-A4401D2D6DDD:t4, leader=null, voted=s2, raftlog=s2@group-A4401D2D6DDD-SegmentedRaftLog:OPENED:c-1,f-1,i0, conf=-1: [s3:0.0.0.0:36312, s4:0.0.0.0:37443, s0:0.0.0.0:41765, s1:0.0.0.0:36446, s2:0.0.0.0:41779], old=null RUNNING, sleep 450ms and then retry.
java.lang.IllegalStateException: No leader yet : printing ALL groups
  s3:  RUNNING CANDIDATE s3@group-A4401D2D6DDD:t5, leader=null, voted=s3, raftlog=s3@group-A4401D2D6DDD-SegmentedRaftLog:OPENED:c-1,f-1,i0, conf=-1: [s3:0.0.0.0:36312, s4:0.0.0.0:37443, s0:0.0.0.0:41765, s1:0.0.0.0:36446, s2:0.0.0.0:41779], old=null RUNNING
  s4:  RUNNING  FOLLOWER s4@group-A4401D2D6DDD:t4, leader=null, voted=s4, raftlog=s4@group-A4401D2D6DDD-SegmentedRaftLog:OPENED:c-1,f-1,i0, conf=-1: [s3:0.0.0.0:36312, s4:0.0.0.0:37443, s0:0.0.0.0:41765, s1:0.0.0.0:36446, s2:0.0.0.0:41779], old=null RUNNING
  s0:  RUNNING CANDIDATE s0@group-A4401D2D6DDD:t4, leader=null, voted=s0, raftlog=s0@group-A4401D2D6DDD-SegmentedRaftLog:OPENED:c-1,f-1,i0, conf=-1: [s3:0.0.0.0:36312, s4:0.0.0.0:37443, s0:0.0.0.0:41765, s1:0.0.0.0:36446, s2:0.0.0.0:41779], old=null RUNNING
  s1:  RUNNING CANDIDATE s1@group-A4401D2D6DDD:t5, leader=null, voted=s1, raftlog=s1@group-A4401D2D6DDD-SegmentedRaftLog:OPENED:c-1,f-1,i0, conf=-1: [s3:0.0.0.0:36312, s4:0.0.0.0:37443, s0:0.0.0.0:41765, s1:0.0.0.0:36446, s2:0.0.0.0:41779], old=null RUNNING
  s2:  RUNNING CANDIDATE s2@group-A4401D2D6DDD:t4, leader=null, voted=s2, raftlog=s2@group-A4401D2D6DDD-SegmentedRaftLog:OPENED:c-1,f-1,i0, conf=-1: [s3:0.0.0.0:36312, s4:0.0.0.0:37443, s0:0.0.0.0:41765, s1:0.0.0.0:36446, s2:0.0.0.0:41779], old=null RUNNING
	at org.apache.ratis.MiniRaftCluster.newIllegalStateExceptionForNoLeaders(MiniRaftCluster.java:506)
	at org.apache.ratis.RaftTestUtil.lambda$waitForLeader$1(RaftTestUtil.java:90)
	at org.apache.ratis.MiniRaftCluster.getLeader(MiniRaftCluster.java:539)
	at org.apache.ratis.MiniRaftCluster.getLeader(MiniRaftCluster.java:532)
	at org.apache.ratis.RaftTestUtil.lambda$waitForLeader$3(RaftTestUtil.java:98)
	at org.apache.ratis.util.JavaUtils.attempt(JavaUtils.java:152)
	at org.apache.ratis.RaftTestUtil.waitForLeader(RaftTestUtil.java:97)
	at org.apache.ratis.RaftTestUtil.waitForLeader(RaftTestUtil.java:77)
	at org.apache.ratis.RaftTestUtil.waitForLeader(RaftTestUtil.java:72)
	at org.apache.ratis.server.impl.RaftReconfigurationBaseTest.runTestAddRemovePeers(RaftReconfigurationBaseTest.java:125)
	at org.apache.ratis.server.impl.RaftReconfigurationBaseTest.lambda$testLeaderStepDown$3(RaftReconfigurationBaseTest.java:121)
	at org.apache.ratis.MiniRaftCluster$Factory$Get.runWithNewCluster(MiniRaftCluster.java:125)
	at org.apache.ratis.MiniRaftCluster$Factory$Get.runWithNewCluster(MiniRaftCluster.java:113)
	at org.apache.ratis.server.impl.RaftReconfigurationBaseTest.testLeaderStepDown(RaftReconfigurationBaseTest.java:121)
	at sun.reflect.NativeMethodAccessorImpl.invoke0(Native Method)
	at sun.reflect.NativeMethodAccessorImpl.invoke(NativeMethodAccessorImpl.java:62)
	at sun.reflect.DelegatingMethodAccessorImpl.invoke(DelegatingMethodAccessorImpl.java:43)
	at java.lang.reflect.Method.invoke(Method.java:498)
	at org.junit.runners.model.FrameworkMethod$1.runReflectiveCall(FrameworkMethod.java:50)
	at org.junit.internal.runners.model.ReflectiveCallable.run(ReflectiveCallable.java:12)
	at org.junit.runners.model.FrameworkMethod.invokeExplosively(FrameworkMethod.java:47)
	at org.junit.internal.runners.statements.InvokeMethod.evaluate(InvokeMethod.java:17)
	at org.junit.internal.runners.statements.RunAfters.evaluate(RunAfters.java:27)
	at org.junit.internal.runners.statements.FailOnTimeout$CallableStatement.call(FailOnTimeout.java:298)
	at org.junit.internal.runners.statements.FailOnTimeout$CallableStatement.call(FailOnTimeout.java:292)
	at java.util.concurrent.FutureTask.run(FutureTask.java:266)
	at java.lang.Thread.run(Thread.java:748)
2019-09-24 16:33:38,423 WARN  ratis.RaftTestUtil (JavaUtils.java:attempt(158)) - FAILED "waitForLeader-null-(expectLeader? true)", attempt #37/100: java.lang.IllegalStateException: No leader yet : printing ALL groups
  s3:  RUNNING CANDIDATE s3@group-A4401D2D6DDD:t5, leader=null, voted=s3, raftlog=s3@group-A4401D2D6DDD-SegmentedRaftLog:OPENED:c-1,f-1,i0, conf=-1: [s3:0.0.0.0:36312, s4:0.0.0.0:37443, s0:0.0.0.0:41765, s1:0.0.0.0:36446, s2:0.0.0.0:41779], old=null RUNNING
  s4:  RUNNING  FOLLOWER s4@group-A4401D2D6DDD:t4, leader=null, voted=s4, raftlog=s4@group-A4401D2D6DDD-SegmentedRaftLog:OPENED:c-1,f-1,i0, conf=-1: [s3:0.0.0.0:36312, s4:0.0.0.0:37443, s0:0.0.0.0:41765, s1:0.0.0.0:36446, s2:0.0.0.0:41779], old=null RUNNING
  s0:  RUNNING CANDIDATE s0@group-A4401D2D6DDD:t4, leader=null, voted=s0, raftlog=s0@group-A4401D2D6DDD-SegmentedRaftLog:OPENED:c-1,f-1,i0, conf=-1: [s3:0.0.0.0:36312, s4:0.0.0.0:37443, s0:0.0.0.0:41765, s1:0.0.0.0:36446, s2:0.0.0.0:41779], old=null RUNNING
  s1:  RUNNING CANDIDATE s1@group-A4401D2D6DDD:t5, leader=null, voted=s1, raftlog=s1@group-A4401D2D6DDD-SegmentedRaftLog:OPENED:c-1,f-1,i0, conf=-1: [s3:0.0.0.0:36312, s4:0.0.0.0:37443, s0:0.0.0.0:41765, s1:0.0.0.0:36446, s2:0.0.0.0:41779], old=null RUNNING
  s2:  RUNNING CANDIDATE s2@group-A4401D2D6DDD:t4, leader=null, voted=s2, raftlog=s2@group-A4401D2D6DDD-SegmentedRaftLog:OPENED:c-1,f-1,i0, conf=-1: [s3:0.0.0.0:36312, s4:0.0.0.0:37443, s0:0.0.0.0:41765, s1:0.0.0.0:36446, s2:0.0.0.0:41779], old=null RUNNING, sleep 450ms and then retry.
java.lang.IllegalStateException: No leader yet : printing ALL groups
  s3:  RUNNING CANDIDATE s3@group-A4401D2D6DDD:t5, leader=null, voted=s3, raftlog=s3@group-A4401D2D6DDD-SegmentedRaftLog:OPENED:c-1,f-1,i0, conf=-1: [s3:0.0.0.0:36312, s4:0.0.0.0:37443, s0:0.0.0.0:41765, s1:0.0.0.0:36446, s2:0.0.0.0:41779], old=null RUNNING
  s4:  RUNNING  FOLLOWER s4@group-A4401D2D6DDD:t4, leader=null, voted=s4, raftlog=s4@group-A4401D2D6DDD-SegmentedRaftLog:OPENED:c-1,f-1,i0, conf=-1: [s3:0.0.0.0:36312, s4:0.0.0.0:37443, s0:0.0.0.0:41765, s1:0.0.0.0:36446, s2:0.0.0.0:41779], old=null RUNNING
  s0:  RUNNING CANDIDATE s0@group-A4401D2D6DDD:t4, leader=null, voted=s0, raftlog=s0@group-A4401D2D6DDD-SegmentedRaftLog:OPENED:c-1,f-1,i0, conf=-1: [s3:0.0.0.0:36312, s4:0.0.0.0:37443, s0:0.0.0.0:41765, s1:0.0.0.0:36446, s2:0.0.0.0:41779], old=null RUNNING
  s1:  RUNNING CANDIDATE s1@group-A4401D2D6DDD:t5, leader=null, voted=s1, raftlog=s1@group-A4401D2D6DDD-SegmentedRaftLog:OPENED:c-1,f-1,i0, conf=-1: [s3:0.0.0.0:36312, s4:0.0.0.0:37443, s0:0.0.0.0:41765, s1:0.0.0.0:36446, s2:0.0.0.0:41779], old=null RUNNING
  s2:  RUNNING CANDIDATE s2@group-A4401D2D6DDD:t4, leader=null, voted=s2, raftlog=s2@group-A4401D2D6DDD-SegmentedRaftLog:OPENED:c-1,f-1,i0, conf=-1: [s3:0.0.0.0:36312, s4:0.0.0.0:37443, s0:0.0.0.0:41765, s1:0.0.0.0:36446, s2:0.0.0.0:41779], old=null RUNNING
	at org.apache.ratis.MiniRaftCluster.newIllegalStateExceptionForNoLeaders(MiniRaftCluster.java:506)
	at org.apache.ratis.RaftTestUtil.lambda$waitForLeader$1(RaftTestUtil.java:90)
	at org.apache.ratis.MiniRaftCluster.getLeader(MiniRaftCluster.java:539)
	at org.apache.ratis.MiniRaftCluster.getLeader(MiniRaftCluster.java:532)
	at org.apache.ratis.RaftTestUtil.lambda$waitForLeader$3(RaftTestUtil.java:98)
	at org.apache.ratis.util.JavaUtils.attempt(JavaUtils.java:152)
	at org.apache.ratis.RaftTestUtil.waitForLeader(RaftTestUtil.java:97)
	at org.apache.ratis.RaftTestUtil.waitForLeader(RaftTestUtil.java:77)
	at org.apache.ratis.RaftTestUtil.waitForLeader(RaftTestUtil.java:72)
	at org.apache.ratis.server.impl.RaftReconfigurationBaseTest.runTestAddRemovePeers(RaftReconfigurationBaseTest.java:125)
	at org.apache.ratis.server.impl.RaftReconfigurationBaseTest.lambda$testLeaderStepDown$3(RaftReconfigurationBaseTest.java:121)
	at org.apache.ratis.MiniRaftCluster$Factory$Get.runWithNewCluster(MiniRaftCluster.java:125)
	at org.apache.ratis.MiniRaftCluster$Factory$Get.runWithNewCluster(MiniRaftCluster.java:113)
	at org.apache.ratis.server.impl.RaftReconfigurationBaseTest.testLeaderStepDown(RaftReconfigurationBaseTest.java:121)
	at sun.reflect.NativeMethodAccessorImpl.invoke0(Native Method)
	at sun.reflect.NativeMethodAccessorImpl.invoke(NativeMethodAccessorImpl.java:62)
	at sun.reflect.DelegatingMethodAccessorImpl.invoke(DelegatingMethodAccessorImpl.java:43)
	at java.lang.reflect.Method.invoke(Method.java:498)
	at org.junit.runners.model.FrameworkMethod$1.runReflectiveCall(FrameworkMethod.java:50)
	at org.junit.internal.runners.model.ReflectiveCallable.run(ReflectiveCallable.java:12)
	at org.junit.runners.model.FrameworkMethod.invokeExplosively(FrameworkMethod.java:47)
	at org.junit.internal.runners.statements.InvokeMethod.evaluate(InvokeMethod.java:17)
	at org.junit.internal.runners.statements.RunAfters.evaluate(RunAfters.java:27)
	at org.junit.internal.runners.statements.FailOnTimeout$CallableStatement.call(FailOnTimeout.java:298)
	at org.junit.internal.runners.statements.FailOnTimeout$CallableStatement.call(FailOnTimeout.java:292)
	at java.util.concurrent.FutureTask.run(FutureTask.java:266)
	at java.lang.Thread.run(Thread.java:748)
2019-09-24 16:33:38,875 WARN  ratis.RaftTestUtil (JavaUtils.java:attempt(158)) - FAILED "waitForLeader-null-(expectLeader? true)", attempt #38/100: java.lang.IllegalStateException: No leader yet : printing ALL groups
  s3:  RUNNING CANDIDATE s3@group-A4401D2D6DDD:t5, leader=null, voted=s3, raftlog=s3@group-A4401D2D6DDD-SegmentedRaftLog:OPENED:c-1,f-1,i0, conf=-1: [s3:0.0.0.0:36312, s4:0.0.0.0:37443, s0:0.0.0.0:41765, s1:0.0.0.0:36446, s2:0.0.0.0:41779], old=null RUNNING
  s4:  RUNNING  FOLLOWER s4@group-A4401D2D6DDD:t4, leader=null, voted=s4, raftlog=s4@group-A4401D2D6DDD-SegmentedRaftLog:OPENED:c-1,f-1,i0, conf=-1: [s3:0.0.0.0:36312, s4:0.0.0.0:37443, s0:0.0.0.0:41765, s1:0.0.0.0:36446, s2:0.0.0.0:41779], old=null RUNNING
  s0:  RUNNING CANDIDATE s0@group-A4401D2D6DDD:t4, leader=null, voted=s0, raftlog=s0@group-A4401D2D6DDD-SegmentedRaftLog:OPENED:c-1,f-1,i0, conf=-1: [s3:0.0.0.0:36312, s4:0.0.0.0:37443, s0:0.0.0.0:41765, s1:0.0.0.0:36446, s2:0.0.0.0:41779], old=null RUNNING
  s1:  RUNNING CANDIDATE s1@group-A4401D2D6DDD:t5, leader=null, voted=s1, raftlog=s1@group-A4401D2D6DDD-SegmentedRaftLog:OPENED:c-1,f-1,i0, conf=-1: [s3:0.0.0.0:36312, s4:0.0.0.0:37443, s0:0.0.0.0:41765, s1:0.0.0.0:36446, s2:0.0.0.0:41779], old=null RUNNING
  s2:  RUNNING CANDIDATE s2@group-A4401D2D6DDD:t4, leader=null, voted=s2, raftlog=s2@group-A4401D2D6DDD-SegmentedRaftLog:OPENED:c-1,f-1,i0, conf=-1: [s3:0.0.0.0:36312, s4:0.0.0.0:37443, s0:0.0.0.0:41765, s1:0.0.0.0:36446, s2:0.0.0.0:41779], old=null RUNNING, sleep 450ms and then retry.
java.lang.IllegalStateException: No leader yet : printing ALL groups
  s3:  RUNNING CANDIDATE s3@group-A4401D2D6DDD:t5, leader=null, voted=s3, raftlog=s3@group-A4401D2D6DDD-SegmentedRaftLog:OPENED:c-1,f-1,i0, conf=-1: [s3:0.0.0.0:36312, s4:0.0.0.0:37443, s0:0.0.0.0:41765, s1:0.0.0.0:36446, s2:0.0.0.0:41779], old=null RUNNING
  s4:  RUNNING  FOLLOWER s4@group-A4401D2D6DDD:t4, leader=null, voted=s4, raftlog=s4@group-A4401D2D6DDD-SegmentedRaftLog:OPENED:c-1,f-1,i0, conf=-1: [s3:0.0.0.0:36312, s4:0.0.0.0:37443, s0:0.0.0.0:41765, s1:0.0.0.0:36446, s2:0.0.0.0:41779], old=null RUNNING
  s0:  RUNNING CANDIDATE s0@group-A4401D2D6DDD:t4, leader=null, voted=s0, raftlog=s0@group-A4401D2D6DDD-SegmentedRaftLog:OPENED:c-1,f-1,i0, conf=-1: [s3:0.0.0.0:36312, s4:0.0.0.0:37443, s0:0.0.0.0:41765, s1:0.0.0.0:36446, s2:0.0.0.0:41779], old=null RUNNING
  s1:  RUNNING CANDIDATE s1@group-A4401D2D6DDD:t5, leader=null, voted=s1, raftlog=s1@group-A4401D2D6DDD-SegmentedRaftLog:OPENED:c-1,f-1,i0, conf=-1: [s3:0.0.0.0:36312, s4:0.0.0.0:37443, s0:0.0.0.0:41765, s1:0.0.0.0:36446, s2:0.0.0.0:41779], old=null RUNNING
  s2:  RUNNING CANDIDATE s2@group-A4401D2D6DDD:t4, leader=null, voted=s2, raftlog=s2@group-A4401D2D6DDD-SegmentedRaftLog:OPENED:c-1,f-1,i0, conf=-1: [s3:0.0.0.0:36312, s4:0.0.0.0:37443, s0:0.0.0.0:41765, s1:0.0.0.0:36446, s2:0.0.0.0:41779], old=null RUNNING
	at org.apache.ratis.MiniRaftCluster.newIllegalStateExceptionForNoLeaders(MiniRaftCluster.java:506)
	at org.apache.ratis.RaftTestUtil.lambda$waitForLeader$1(RaftTestUtil.java:90)
	at org.apache.ratis.MiniRaftCluster.getLeader(MiniRaftCluster.java:539)
	at org.apache.ratis.MiniRaftCluster.getLeader(MiniRaftCluster.java:532)
	at org.apache.ratis.RaftTestUtil.lambda$waitForLeader$3(RaftTestUtil.java:98)
	at org.apache.ratis.util.JavaUtils.attempt(JavaUtils.java:152)
	at org.apache.ratis.RaftTestUtil.waitForLeader(RaftTestUtil.java:97)
	at org.apache.ratis.RaftTestUtil.waitForLeader(RaftTestUtil.java:77)
	at org.apache.ratis.RaftTestUtil.waitForLeader(RaftTestUtil.java:72)
	at org.apache.ratis.server.impl.RaftReconfigurationBaseTest.runTestAddRemovePeers(RaftReconfigurationBaseTest.java:125)
	at org.apache.ratis.server.impl.RaftReconfigurationBaseTest.lambda$testLeaderStepDown$3(RaftReconfigurationBaseTest.java:121)
	at org.apache.ratis.MiniRaftCluster$Factory$Get.runWithNewCluster(MiniRaftCluster.java:125)
	at org.apache.ratis.MiniRaftCluster$Factory$Get.runWithNewCluster(MiniRaftCluster.java:113)
	at org.apache.ratis.server.impl.RaftReconfigurationBaseTest.testLeaderStepDown(RaftReconfigurationBaseTest.java:121)
	at sun.reflect.NativeMethodAccessorImpl.invoke0(Native Method)
	at sun.reflect.NativeMethodAccessorImpl.invoke(NativeMethodAccessorImpl.java:62)
	at sun.reflect.DelegatingMethodAccessorImpl.invoke(DelegatingMethodAccessorImpl.java:43)
	at java.lang.reflect.Method.invoke(Method.java:498)
	at org.junit.runners.model.FrameworkMethod$1.runReflectiveCall(FrameworkMethod.java:50)
	at org.junit.internal.runners.model.ReflectiveCallable.run(ReflectiveCallable.java:12)
	at org.junit.runners.model.FrameworkMethod.invokeExplosively(FrameworkMethod.java:47)
	at org.junit.internal.runners.statements.InvokeMethod.evaluate(InvokeMethod.java:17)
	at org.junit.internal.runners.statements.RunAfters.evaluate(RunAfters.java:27)
	at org.junit.internal.runners.statements.FailOnTimeout$CallableStatement.call(FailOnTimeout.java:298)
	at org.junit.internal.runners.statements.FailOnTimeout$CallableStatement.call(FailOnTimeout.java:292)
	at java.util.concurrent.FutureTask.run(FutureTask.java:266)
	at java.lang.Thread.run(Thread.java:748)
2019-09-24 16:33:39,327 WARN  ratis.RaftTestUtil (JavaUtils.java:attempt(158)) - FAILED "waitForLeader-null-(expectLeader? true)", attempt #39/100: java.lang.IllegalStateException: No leader yet : printing ALL groups
  s3:  RUNNING CANDIDATE s3@group-A4401D2D6DDD:t5, leader=null, voted=s3, raftlog=s3@group-A4401D2D6DDD-SegmentedRaftLog:OPENED:c-1,f-1,i0, conf=-1: [s3:0.0.0.0:36312, s4:0.0.0.0:37443, s0:0.0.0.0:41765, s1:0.0.0.0:36446, s2:0.0.0.0:41779], old=null RUNNING
  s4:  RUNNING  FOLLOWER s4@group-A4401D2D6DDD:t4, leader=null, voted=s4, raftlog=s4@group-A4401D2D6DDD-SegmentedRaftLog:OPENED:c-1,f-1,i0, conf=-1: [s3:0.0.0.0:36312, s4:0.0.0.0:37443, s0:0.0.0.0:41765, s1:0.0.0.0:36446, s2:0.0.0.0:41779], old=null RUNNING
  s0:  RUNNING CANDIDATE s0@group-A4401D2D6DDD:t4, leader=null, voted=s0, raftlog=s0@group-A4401D2D6DDD-SegmentedRaftLog:OPENED:c-1,f-1,i0, conf=-1: [s3:0.0.0.0:36312, s4:0.0.0.0:37443, s0:0.0.0.0:41765, s1:0.0.0.0:36446, s2:0.0.0.0:41779], old=null RUNNING
  s1:  RUNNING CANDIDATE s1@group-A4401D2D6DDD:t5, leader=null, voted=s1, raftlog=s1@group-A4401D2D6DDD-SegmentedRaftLog:OPENED:c-1,f-1,i0, conf=-1: [s3:0.0.0.0:36312, s4:0.0.0.0:37443, s0:0.0.0.0:41765, s1:0.0.0.0:36446, s2:0.0.0.0:41779], old=null RUNNING
  s2:  RUNNING CANDIDATE s2@group-A4401D2D6DDD:t4, leader=null, voted=s2, raftlog=s2@group-A4401D2D6DDD-SegmentedRaftLog:OPENED:c-1,f-1,i0, conf=-1: [s3:0.0.0.0:36312, s4:0.0.0.0:37443, s0:0.0.0.0:41765, s1:0.0.0.0:36446, s2:0.0.0.0:41779], old=null RUNNING, sleep 450ms and then retry.
java.lang.IllegalStateException: No leader yet : printing ALL groups
  s3:  RUNNING CANDIDATE s3@group-A4401D2D6DDD:t5, leader=null, voted=s3, raftlog=s3@group-A4401D2D6DDD-SegmentedRaftLog:OPENED:c-1,f-1,i0, conf=-1: [s3:0.0.0.0:36312, s4:0.0.0.0:37443, s0:0.0.0.0:41765, s1:0.0.0.0:36446, s2:0.0.0.0:41779], old=null RUNNING
  s4:  RUNNING  FOLLOWER s4@group-A4401D2D6DDD:t4, leader=null, voted=s4, raftlog=s4@group-A4401D2D6DDD-SegmentedRaftLog:OPENED:c-1,f-1,i0, conf=-1: [s3:0.0.0.0:36312, s4:0.0.0.0:37443, s0:0.0.0.0:41765, s1:0.0.0.0:36446, s2:0.0.0.0:41779], old=null RUNNING
  s0:  RUNNING CANDIDATE s0@group-A4401D2D6DDD:t4, leader=null, voted=s0, raftlog=s0@group-A4401D2D6DDD-SegmentedRaftLog:OPENED:c-1,f-1,i0, conf=-1: [s3:0.0.0.0:36312, s4:0.0.0.0:37443, s0:0.0.0.0:41765, s1:0.0.0.0:36446, s2:0.0.0.0:41779], old=null RUNNING
  s1:  RUNNING CANDIDATE s1@group-A4401D2D6DDD:t5, leader=null, voted=s1, raftlog=s1@group-A4401D2D6DDD-SegmentedRaftLog:OPENED:c-1,f-1,i0, conf=-1: [s3:0.0.0.0:36312, s4:0.0.0.0:37443, s0:0.0.0.0:41765, s1:0.0.0.0:36446, s2:0.0.0.0:41779], old=null RUNNING
  s2:  RUNNING CANDIDATE s2@group-A4401D2D6DDD:t4, leader=null, voted=s2, raftlog=s2@group-A4401D2D6DDD-SegmentedRaftLog:OPENED:c-1,f-1,i0, conf=-1: [s3:0.0.0.0:36312, s4:0.0.0.0:37443, s0:0.0.0.0:41765, s1:0.0.0.0:36446, s2:0.0.0.0:41779], old=null RUNNING
	at org.apache.ratis.MiniRaftCluster.newIllegalStateExceptionForNoLeaders(MiniRaftCluster.java:506)
	at org.apache.ratis.RaftTestUtil.lambda$waitForLeader$1(RaftTestUtil.java:90)
	at org.apache.ratis.MiniRaftCluster.getLeader(MiniRaftCluster.java:539)
	at org.apache.ratis.MiniRaftCluster.getLeader(MiniRaftCluster.java:532)
	at org.apache.ratis.RaftTestUtil.lambda$waitForLeader$3(RaftTestUtil.java:98)
	at org.apache.ratis.util.JavaUtils.attempt(JavaUtils.java:152)
	at org.apache.ratis.RaftTestUtil.waitForLeader(RaftTestUtil.java:97)
	at org.apache.ratis.RaftTestUtil.waitForLeader(RaftTestUtil.java:77)
	at org.apache.ratis.RaftTestUtil.waitForLeader(RaftTestUtil.java:72)
	at org.apache.ratis.server.impl.RaftReconfigurationBaseTest.runTestAddRemovePeers(RaftReconfigurationBaseTest.java:125)
	at org.apache.ratis.server.impl.RaftReconfigurationBaseTest.lambda$testLeaderStepDown$3(RaftReconfigurationBaseTest.java:121)
	at org.apache.ratis.MiniRaftCluster$Factory$Get.runWithNewCluster(MiniRaftCluster.java:125)
	at org.apache.ratis.MiniRaftCluster$Factory$Get.runWithNewCluster(MiniRaftCluster.java:113)
	at org.apache.ratis.server.impl.RaftReconfigurationBaseTest.testLeaderStepDown(RaftReconfigurationBaseTest.java:121)
	at sun.reflect.NativeMethodAccessorImpl.invoke0(Native Method)
	at sun.reflect.NativeMethodAccessorImpl.invoke(NativeMethodAccessorImpl.java:62)
	at sun.reflect.DelegatingMethodAccessorImpl.invoke(DelegatingMethodAccessorImpl.java:43)
	at java.lang.reflect.Method.invoke(Method.java:498)
	at org.junit.runners.model.FrameworkMethod$1.runReflectiveCall(FrameworkMethod.java:50)
	at org.junit.internal.runners.model.ReflectiveCallable.run(ReflectiveCallable.java:12)
	at org.junit.runners.model.FrameworkMethod.invokeExplosively(FrameworkMethod.java:47)
	at org.junit.internal.runners.statements.InvokeMethod.evaluate(InvokeMethod.java:17)
	at org.junit.internal.runners.statements.RunAfters.evaluate(RunAfters.java:27)
	at org.junit.internal.runners.statements.FailOnTimeout$CallableStatement.call(FailOnTimeout.java:298)
	at org.junit.internal.runners.statements.FailOnTimeout$CallableStatement.call(FailOnTimeout.java:292)
	at java.util.concurrent.FutureTask.run(FutureTask.java:266)
	at java.lang.Thread.run(Thread.java:748)
2019-09-24 16:33:39,779 WARN  ratis.RaftTestUtil (JavaUtils.java:attempt(158)) - FAILED "waitForLeader-null-(expectLeader? true)", attempt #40/100: java.lang.IllegalStateException: No leader yet : printing ALL groups
  s3:  RUNNING CANDIDATE s3@group-A4401D2D6DDD:t5, leader=null, voted=s3, raftlog=s3@group-A4401D2D6DDD-SegmentedRaftLog:OPENED:c-1,f-1,i0, conf=-1: [s3:0.0.0.0:36312, s4:0.0.0.0:37443, s0:0.0.0.0:41765, s1:0.0.0.0:36446, s2:0.0.0.0:41779], old=null RUNNING
  s4:  RUNNING  FOLLOWER s4@group-A4401D2D6DDD:t4, leader=null, voted=s4, raftlog=s4@group-A4401D2D6DDD-SegmentedRaftLog:OPENED:c-1,f-1,i0, conf=-1: [s3:0.0.0.0:36312, s4:0.0.0.0:37443, s0:0.0.0.0:41765, s1:0.0.0.0:36446, s2:0.0.0.0:41779], old=null RUNNING
  s0:  RUNNING CANDIDATE s0@group-A4401D2D6DDD:t4, leader=null, voted=s0, raftlog=s0@group-A4401D2D6DDD-SegmentedRaftLog:OPENED:c-1,f-1,i0, conf=-1: [s3:0.0.0.0:36312, s4:0.0.0.0:37443, s0:0.0.0.0:41765, s1:0.0.0.0:36446, s2:0.0.0.0:41779], old=null RUNNING
  s1:  RUNNING CANDIDATE s1@group-A4401D2D6DDD:t5, leader=null, voted=s1, raftlog=s1@group-A4401D2D6DDD-SegmentedRaftLog:OPENED:c-1,f-1,i0, conf=-1: [s3:0.0.0.0:36312, s4:0.0.0.0:37443, s0:0.0.0.0:41765, s1:0.0.0.0:36446, s2:0.0.0.0:41779], old=null RUNNING
  s2:  RUNNING CANDIDATE s2@group-A4401D2D6DDD:t4, leader=null, voted=s2, raftlog=s2@group-A4401D2D6DDD-SegmentedRaftLog:OPENED:c-1,f-1,i0, conf=-1: [s3:0.0.0.0:36312, s4:0.0.0.0:37443, s0:0.0.0.0:41765, s1:0.0.0.0:36446, s2:0.0.0.0:41779], old=null RUNNING, sleep 450ms and then retry.
java.lang.IllegalStateException: No leader yet : printing ALL groups
  s3:  RUNNING CANDIDATE s3@group-A4401D2D6DDD:t5, leader=null, voted=s3, raftlog=s3@group-A4401D2D6DDD-SegmentedRaftLog:OPENED:c-1,f-1,i0, conf=-1: [s3:0.0.0.0:36312, s4:0.0.0.0:37443, s0:0.0.0.0:41765, s1:0.0.0.0:36446, s2:0.0.0.0:41779], old=null RUNNING
  s4:  RUNNING  FOLLOWER s4@group-A4401D2D6DDD:t4, leader=null, voted=s4, raftlog=s4@group-A4401D2D6DDD-SegmentedRaftLog:OPENED:c-1,f-1,i0, conf=-1: [s3:0.0.0.0:36312, s4:0.0.0.0:37443, s0:0.0.0.0:41765, s1:0.0.0.0:36446, s2:0.0.0.0:41779], old=null RUNNING
  s0:  RUNNING CANDIDATE s0@group-A4401D2D6DDD:t4, leader=null, voted=s0, raftlog=s0@group-A4401D2D6DDD-SegmentedRaftLog:OPENED:c-1,f-1,i0, conf=-1: [s3:0.0.0.0:36312, s4:0.0.0.0:37443, s0:0.0.0.0:41765, s1:0.0.0.0:36446, s2:0.0.0.0:41779], old=null RUNNING
  s1:  RUNNING CANDIDATE s1@group-A4401D2D6DDD:t5, leader=null, voted=s1, raftlog=s1@group-A4401D2D6DDD-SegmentedRaftLog:OPENED:c-1,f-1,i0, conf=-1: [s3:0.0.0.0:36312, s4:0.0.0.0:37443, s0:0.0.0.0:41765, s1:0.0.0.0:36446, s2:0.0.0.0:41779], old=null RUNNING
  s2:  RUNNING CANDIDATE s2@group-A4401D2D6DDD:t4, leader=null, voted=s2, raftlog=s2@group-A4401D2D6DDD-SegmentedRaftLog:OPENED:c-1,f-1,i0, conf=-1: [s3:0.0.0.0:36312, s4:0.0.0.0:37443, s0:0.0.0.0:41765, s1:0.0.0.0:36446, s2:0.0.0.0:41779], old=null RUNNING
	at org.apache.ratis.MiniRaftCluster.newIllegalStateExceptionForNoLeaders(MiniRaftCluster.java:506)
	at org.apache.ratis.RaftTestUtil.lambda$waitForLeader$1(RaftTestUtil.java:90)
	at org.apache.ratis.MiniRaftCluster.getLeader(MiniRaftCluster.java:539)
	at org.apache.ratis.MiniRaftCluster.getLeader(MiniRaftCluster.java:532)
	at org.apache.ratis.RaftTestUtil.lambda$waitForLeader$3(RaftTestUtil.java:98)
	at org.apache.ratis.util.JavaUtils.attempt(JavaUtils.java:152)
	at org.apache.ratis.RaftTestUtil.waitForLeader(RaftTestUtil.java:97)
	at org.apache.ratis.RaftTestUtil.waitForLeader(RaftTestUtil.java:77)
	at org.apache.ratis.RaftTestUtil.waitForLeader(RaftTestUtil.java:72)
	at org.apache.ratis.server.impl.RaftReconfigurationBaseTest.runTestAddRemovePeers(RaftReconfigurationBaseTest.java:125)
	at org.apache.ratis.server.impl.RaftReconfigurationBaseTest.lambda$testLeaderStepDown$3(RaftReconfigurationBaseTest.java:121)
	at org.apache.ratis.MiniRaftCluster$Factory$Get.runWithNewCluster(MiniRaftCluster.java:125)
	at org.apache.ratis.MiniRaftCluster$Factory$Get.runWithNewCluster(MiniRaftCluster.java:113)
	at org.apache.ratis.server.impl.RaftReconfigurationBaseTest.testLeaderStepDown(RaftReconfigurationBaseTest.java:121)
	at sun.reflect.NativeMethodAccessorImpl.invoke0(Native Method)
	at sun.reflect.NativeMethodAccessorImpl.invoke(NativeMethodAccessorImpl.java:62)
	at sun.reflect.DelegatingMethodAccessorImpl.invoke(DelegatingMethodAccessorImpl.java:43)
	at java.lang.reflect.Method.invoke(Method.java:498)
	at org.junit.runners.model.FrameworkMethod$1.runReflectiveCall(FrameworkMethod.java:50)
	at org.junit.internal.runners.model.ReflectiveCallable.run(ReflectiveCallable.java:12)
	at org.junit.runners.model.FrameworkMethod.invokeExplosively(FrameworkMethod.java:47)
	at org.junit.internal.runners.statements.InvokeMethod.evaluate(InvokeMethod.java:17)
	at org.junit.internal.runners.statements.RunAfters.evaluate(RunAfters.java:27)
	at org.junit.internal.runners.statements.FailOnTimeout$CallableStatement.call(FailOnTimeout.java:298)
	at org.junit.internal.runners.statements.FailOnTimeout$CallableStatement.call(FailOnTimeout.java:292)
	at java.util.concurrent.FutureTask.run(FutureTask.java:266)
	at java.lang.Thread.run(Thread.java:748)
2019-09-24 16:33:40,230 WARN  ratis.RaftTestUtil (JavaUtils.java:attempt(158)) - FAILED "waitForLeader-null-(expectLeader? true)", attempt #41/100: java.lang.IllegalStateException: No leader yet : printing ALL groups
  s3:  RUNNING CANDIDATE s3@group-A4401D2D6DDD:t5, leader=null, voted=s3, raftlog=s3@group-A4401D2D6DDD-SegmentedRaftLog:OPENED:c-1,f-1,i0, conf=-1: [s3:0.0.0.0:36312, s4:0.0.0.0:37443, s0:0.0.0.0:41765, s1:0.0.0.0:36446, s2:0.0.0.0:41779], old=null RUNNING
  s4:  RUNNING  FOLLOWER s4@group-A4401D2D6DDD:t4, leader=null, voted=s4, raftlog=s4@group-A4401D2D6DDD-SegmentedRaftLog:OPENED:c-1,f-1,i0, conf=-1: [s3:0.0.0.0:36312, s4:0.0.0.0:37443, s0:0.0.0.0:41765, s1:0.0.0.0:36446, s2:0.0.0.0:41779], old=null RUNNING
  s0:  RUNNING CANDIDATE s0@group-A4401D2D6DDD:t4, leader=null, voted=s0, raftlog=s0@group-A4401D2D6DDD-SegmentedRaftLog:OPENED:c-1,f-1,i0, conf=-1: [s3:0.0.0.0:36312, s4:0.0.0.0:37443, s0:0.0.0.0:41765, s1:0.0.0.0:36446, s2:0.0.0.0:41779], old=null RUNNING
  s1:  RUNNING CANDIDATE s1@group-A4401D2D6DDD:t5, leader=null, voted=s1, raftlog=s1@group-A4401D2D6DDD-SegmentedRaftLog:OPENED:c-1,f-1,i0, conf=-1: [s3:0.0.0.0:36312, s4:0.0.0.0:37443, s0:0.0.0.0:41765, s1:0.0.0.0:36446, s2:0.0.0.0:41779], old=null RUNNING
  s2:  RUNNING CANDIDATE s2@group-A4401D2D6DDD:t4, leader=null, voted=s2, raftlog=s2@group-A4401D2D6DDD-SegmentedRaftLog:OPENED:c-1,f-1,i0, conf=-1: [s3:0.0.0.0:36312, s4:0.0.0.0:37443, s0:0.0.0.0:41765, s1:0.0.0.0:36446, s2:0.0.0.0:41779], old=null RUNNING, sleep 450ms and then retry.
java.lang.IllegalStateException: No leader yet : printing ALL groups
  s3:  RUNNING CANDIDATE s3@group-A4401D2D6DDD:t5, leader=null, voted=s3, raftlog=s3@group-A4401D2D6DDD-SegmentedRaftLog:OPENED:c-1,f-1,i0, conf=-1: [s3:0.0.0.0:36312, s4:0.0.0.0:37443, s0:0.0.0.0:41765, s1:0.0.0.0:36446, s2:0.0.0.0:41779], old=null RUNNING
  s4:  RUNNING  FOLLOWER s4@group-A4401D2D6DDD:t4, leader=null, voted=s4, raftlog=s4@group-A4401D2D6DDD-SegmentedRaftLog:OPENED:c-1,f-1,i0, conf=-1: [s3:0.0.0.0:36312, s4:0.0.0.0:37443, s0:0.0.0.0:41765, s1:0.0.0.0:36446, s2:0.0.0.0:41779], old=null RUNNING
  s0:  RUNNING CANDIDATE s0@group-A4401D2D6DDD:t4, leader=null, voted=s0, raftlog=s0@group-A4401D2D6DDD-SegmentedRaftLog:OPENED:c-1,f-1,i0, conf=-1: [s3:0.0.0.0:36312, s4:0.0.0.0:37443, s0:0.0.0.0:41765, s1:0.0.0.0:36446, s2:0.0.0.0:41779], old=null RUNNING
  s1:  RUNNING CANDIDATE s1@group-A4401D2D6DDD:t5, leader=null, voted=s1, raftlog=s1@group-A4401D2D6DDD-SegmentedRaftLog:OPENED:c-1,f-1,i0, conf=-1: [s3:0.0.0.0:36312, s4:0.0.0.0:37443, s0:0.0.0.0:41765, s1:0.0.0.0:36446, s2:0.0.0.0:41779], old=null RUNNING
  s2:  RUNNING CANDIDATE s2@group-A4401D2D6DDD:t4, leader=null, voted=s2, raftlog=s2@group-A4401D2D6DDD-SegmentedRaftLog:OPENED:c-1,f-1,i0, conf=-1: [s3:0.0.0.0:36312, s4:0.0.0.0:37443, s0:0.0.0.0:41765, s1:0.0.0.0:36446, s2:0.0.0.0:41779], old=null RUNNING
	at org.apache.ratis.MiniRaftCluster.newIllegalStateExceptionForNoLeaders(MiniRaftCluster.java:506)
	at org.apache.ratis.RaftTestUtil.lambda$waitForLeader$1(RaftTestUtil.java:90)
	at org.apache.ratis.MiniRaftCluster.getLeader(MiniRaftCluster.java:539)
	at org.apache.ratis.MiniRaftCluster.getLeader(MiniRaftCluster.java:532)
	at org.apache.ratis.RaftTestUtil.lambda$waitForLeader$3(RaftTestUtil.java:98)
	at org.apache.ratis.util.JavaUtils.attempt(JavaUtils.java:152)
	at org.apache.ratis.RaftTestUtil.waitForLeader(RaftTestUtil.java:97)
	at org.apache.ratis.RaftTestUtil.waitForLeader(RaftTestUtil.java:77)
	at org.apache.ratis.RaftTestUtil.waitForLeader(RaftTestUtil.java:72)
	at org.apache.ratis.server.impl.RaftReconfigurationBaseTest.runTestAddRemovePeers(RaftReconfigurationBaseTest.java:125)
	at org.apache.ratis.server.impl.RaftReconfigurationBaseTest.lambda$testLeaderStepDown$3(RaftReconfigurationBaseTest.java:121)
	at org.apache.ratis.MiniRaftCluster$Factory$Get.runWithNewCluster(MiniRaftCluster.java:125)
	at org.apache.ratis.MiniRaftCluster$Factory$Get.runWithNewCluster(MiniRaftCluster.java:113)
	at org.apache.ratis.server.impl.RaftReconfigurationBaseTest.testLeaderStepDown(RaftReconfigurationBaseTest.java:121)
	at sun.reflect.NativeMethodAccessorImpl.invoke0(Native Method)
	at sun.reflect.NativeMethodAccessorImpl.invoke(NativeMethodAccessorImpl.java:62)
	at sun.reflect.DelegatingMethodAccessorImpl.invoke(DelegatingMethodAccessorImpl.java:43)
	at java.lang.reflect.Method.invoke(Method.java:498)
	at org.junit.runners.model.FrameworkMethod$1.runReflectiveCall(FrameworkMethod.java:50)
	at org.junit.internal.runners.model.ReflectiveCallable.run(ReflectiveCallable.java:12)
	at org.junit.runners.model.FrameworkMethod.invokeExplosively(FrameworkMethod.java:47)
	at org.junit.internal.runners.statements.InvokeMethod.evaluate(InvokeMethod.java:17)
	at org.junit.internal.runners.statements.RunAfters.evaluate(RunAfters.java:27)
	at org.junit.internal.runners.statements.FailOnTimeout$CallableStatement.call(FailOnTimeout.java:298)
	at org.junit.internal.runners.statements.FailOnTimeout$CallableStatement.call(FailOnTimeout.java:292)
	at java.util.concurrent.FutureTask.run(FutureTask.java:266)
	at java.lang.Thread.run(Thread.java:748)
2019-09-24 16:33:40,682 WARN  ratis.RaftTestUtil (JavaUtils.java:attempt(158)) - FAILED "waitForLeader-null-(expectLeader? true)", attempt #42/100: java.lang.IllegalStateException: No leader yet : printing ALL groups
  s3:  RUNNING CANDIDATE s3@group-A4401D2D6DDD:t5, leader=null, voted=s3, raftlog=s3@group-A4401D2D6DDD-SegmentedRaftLog:OPENED:c-1,f-1,i0, conf=-1: [s3:0.0.0.0:36312, s4:0.0.0.0:37443, s0:0.0.0.0:41765, s1:0.0.0.0:36446, s2:0.0.0.0:41779], old=null RUNNING
  s4:  RUNNING  FOLLOWER s4@group-A4401D2D6DDD:t4, leader=null, voted=s4, raftlog=s4@group-A4401D2D6DDD-SegmentedRaftLog:OPENED:c-1,f-1,i0, conf=-1: [s3:0.0.0.0:36312, s4:0.0.0.0:37443, s0:0.0.0.0:41765, s1:0.0.0.0:36446, s2:0.0.0.0:41779], old=null RUNNING
  s0:  RUNNING CANDIDATE s0@group-A4401D2D6DDD:t4, leader=null, voted=s0, raftlog=s0@group-A4401D2D6DDD-SegmentedRaftLog:OPENED:c-1,f-1,i0, conf=-1: [s3:0.0.0.0:36312, s4:0.0.0.0:37443, s0:0.0.0.0:41765, s1:0.0.0.0:36446, s2:0.0.0.0:41779], old=null RUNNING
  s1:  RUNNING CANDIDATE s1@group-A4401D2D6DDD:t5, leader=null, voted=s1, raftlog=s1@group-A4401D2D6DDD-SegmentedRaftLog:OPENED:c-1,f-1,i0, conf=-1: [s3:0.0.0.0:36312, s4:0.0.0.0:37443, s0:0.0.0.0:41765, s1:0.0.0.0:36446, s2:0.0.0.0:41779], old=null RUNNING
  s2:  RUNNING CANDIDATE s2@group-A4401D2D6DDD:t4, leader=null, voted=s2, raftlog=s2@group-A4401D2D6DDD-SegmentedRaftLog:OPENED:c-1,f-1,i0, conf=-1: [s3:0.0.0.0:36312, s4:0.0.0.0:37443, s0:0.0.0.0:41765, s1:0.0.0.0:36446, s2:0.0.0.0:41779], old=null RUNNING, sleep 450ms and then retry.
java.lang.IllegalStateException: No leader yet : printing ALL groups
  s3:  RUNNING CANDIDATE s3@group-A4401D2D6DDD:t5, leader=null, voted=s3, raftlog=s3@group-A4401D2D6DDD-SegmentedRaftLog:OPENED:c-1,f-1,i0, conf=-1: [s3:0.0.0.0:36312, s4:0.0.0.0:37443, s0:0.0.0.0:41765, s1:0.0.0.0:36446, s2:0.0.0.0:41779], old=null RUNNING
  s4:  RUNNING  FOLLOWER s4@group-A4401D2D6DDD:t4, leader=null, voted=s4, raftlog=s4@group-A4401D2D6DDD-SegmentedRaftLog:OPENED:c-1,f-1,i0, conf=-1: [s3:0.0.0.0:36312, s4:0.0.0.0:37443, s0:0.0.0.0:41765, s1:0.0.0.0:36446, s2:0.0.0.0:41779], old=null RUNNING
  s0:  RUNNING CANDIDATE s0@group-A4401D2D6DDD:t4, leader=null, voted=s0, raftlog=s0@group-A4401D2D6DDD-SegmentedRaftLog:OPENED:c-1,f-1,i0, conf=-1: [s3:0.0.0.0:36312, s4:0.0.0.0:37443, s0:0.0.0.0:41765, s1:0.0.0.0:36446, s2:0.0.0.0:41779], old=null RUNNING
  s1:  RUNNING CANDIDATE s1@group-A4401D2D6DDD:t5, leader=null, voted=s1, raftlog=s1@group-A4401D2D6DDD-SegmentedRaftLog:OPENED:c-1,f-1,i0, conf=-1: [s3:0.0.0.0:36312, s4:0.0.0.0:37443, s0:0.0.0.0:41765, s1:0.0.0.0:36446, s2:0.0.0.0:41779], old=null RUNNING
  s2:  RUNNING CANDIDATE s2@group-A4401D2D6DDD:t4, leader=null, voted=s2, raftlog=s2@group-A4401D2D6DDD-SegmentedRaftLog:OPENED:c-1,f-1,i0, conf=-1: [s3:0.0.0.0:36312, s4:0.0.0.0:37443, s0:0.0.0.0:41765, s1:0.0.0.0:36446, s2:0.0.0.0:41779], old=null RUNNING
	at org.apache.ratis.MiniRaftCluster.newIllegalStateExceptionForNoLeaders(MiniRaftCluster.java:506)
	at org.apache.ratis.RaftTestUtil.lambda$waitForLeader$1(RaftTestUtil.java:90)
	at org.apache.ratis.MiniRaftCluster.getLeader(MiniRaftCluster.java:539)
	at org.apache.ratis.MiniRaftCluster.getLeader(MiniRaftCluster.java:532)
	at org.apache.ratis.RaftTestUtil.lambda$waitForLeader$3(RaftTestUtil.java:98)
	at org.apache.ratis.util.JavaUtils.attempt(JavaUtils.java:152)
	at org.apache.ratis.RaftTestUtil.waitForLeader(RaftTestUtil.java:97)
	at org.apache.ratis.RaftTestUtil.waitForLeader(RaftTestUtil.java:77)
	at org.apache.ratis.RaftTestUtil.waitForLeader(RaftTestUtil.java:72)
	at org.apache.ratis.server.impl.RaftReconfigurationBaseTest.runTestAddRemovePeers(RaftReconfigurationBaseTest.java:125)
	at org.apache.ratis.server.impl.RaftReconfigurationBaseTest.lambda$testLeaderStepDown$3(RaftReconfigurationBaseTest.java:121)
	at org.apache.ratis.MiniRaftCluster$Factory$Get.runWithNewCluster(MiniRaftCluster.java:125)
	at org.apache.ratis.MiniRaftCluster$Factory$Get.runWithNewCluster(MiniRaftCluster.java:113)
	at org.apache.ratis.server.impl.RaftReconfigurationBaseTest.testLeaderStepDown(RaftReconfigurationBaseTest.java:121)
	at sun.reflect.NativeMethodAccessorImpl.invoke0(Native Method)
	at sun.reflect.NativeMethodAccessorImpl.invoke(NativeMethodAccessorImpl.java:62)
	at sun.reflect.DelegatingMethodAccessorImpl.invoke(DelegatingMethodAccessorImpl.java:43)
	at java.lang.reflect.Method.invoke(Method.java:498)
	at org.junit.runners.model.FrameworkMethod$1.runReflectiveCall(FrameworkMethod.java:50)
	at org.junit.internal.runners.model.ReflectiveCallable.run(ReflectiveCallable.java:12)
	at org.junit.runners.model.FrameworkMethod.invokeExplosively(FrameworkMethod.java:47)
	at org.junit.internal.runners.statements.InvokeMethod.evaluate(InvokeMethod.java:17)
	at org.junit.internal.runners.statements.RunAfters.evaluate(RunAfters.java:27)
	at org.junit.internal.runners.statements.FailOnTimeout$CallableStatement.call(FailOnTimeout.java:298)
	at org.junit.internal.runners.statements.FailOnTimeout$CallableStatement.call(FailOnTimeout.java:292)
	at java.util.concurrent.FutureTask.run(FutureTask.java:266)
	at java.lang.Thread.run(Thread.java:748)
2019-09-24 16:33:40,878 INFO  impl.LeaderElection (LeaderElection.java:askForVotes(178)) - s4@group-A4401D2D6DDD-LeaderElection41: begin an election at term 4 for -1: [s3:0.0.0.0:36312, s4:0.0.0.0:37443, s0:0.0.0.0:41765, s1:0.0.0.0:36446, s2:0.0.0.0:41779], old=null
2019-09-24 16:33:40,878 DEBUG impl.RaftServerImpl (RaftServerImpl.java:requestVote(775)) - s4@group-A4401D2D6DDD replies to vote request: s3<-s4#0:FAIL-t4. Peer's state: s4@group-A4401D2D6DDD:t4, leader=null, voted=s4, raftlog=s4@group-A4401D2D6DDD-SegmentedRaftLog:OPENED:c-1,f-1,i0, conf=-1: [s3:0.0.0.0:36312, s4:0.0.0.0:37443, s0:0.0.0.0:41765, s1:0.0.0.0:36446, s2:0.0.0.0:41779], old=null
2019-09-24 16:33:40,878 DEBUG impl.RaftServerImpl (RaftServerImpl.java:requestVote(775)) - s0@group-A4401D2D6DDD replies to vote request: s1<-s0#0:FAIL-t4. Peer's state: s0@group-A4401D2D6DDD:t4, leader=null, voted=s0, raftlog=s0@group-A4401D2D6DDD-SegmentedRaftLog:OPENED:c-1,f-1,i0, conf=-1: [s3:0.0.0.0:36312, s4:0.0.0.0:37443, s0:0.0.0.0:41765, s1:0.0.0.0:36446, s2:0.0.0.0:41779], old=null
2019-09-24 16:33:40,878 INFO  impl.LeaderElection (LeaderElection.java:askForVotes(178)) - s0@group-A4401D2D6DDD-LeaderElection45: begin an election at term 4 for -1: [s3:0.0.0.0:36312, s4:0.0.0.0:37443, s0:0.0.0.0:41765, s1:0.0.0.0:36446, s2:0.0.0.0:41779], old=null
2019-09-24 16:33:40,879 INFO  impl.FollowerState (FollowerState.java:run(108)) - s4@group-A4401D2D6DDD-FollowerState: change to CANDIDATE, lastRpcTime:10505ms, electionTimeout:256ms
2019-09-24 16:33:40,879 DEBUG impl.RaftServerImpl (RaftServerImpl.java:requestVote(775)) - s0@group-A4401D2D6DDD replies to vote request: s3<-s0#0:FAIL-t4. Peer's state: s0@group-A4401D2D6DDD:t4, leader=null, voted=s0, raftlog=s0@group-A4401D2D6DDD-SegmentedRaftLog:OPENED:c-1,f-1,i0, conf=-1: [s3:0.0.0.0:36312, s4:0.0.0.0:37443, s0:0.0.0.0:41765, s1:0.0.0.0:36446, s2:0.0.0.0:41779], old=null
2019-09-24 16:33:40,880 INFO  impl.RoleInfo (RoleInfo.java:shutdownFollowerState(121)) - s4: shutdown FollowerState
2019-09-24 16:33:40,880 INFO  impl.RaftServerImpl (RaftServerImpl.java:setRole(170)) - s4@group-A4401D2D6DDD: changes role from  FOLLOWER to CANDIDATE at term 4 for changeToCandidate
2019-09-24 16:33:40,880 INFO  impl.RoleInfo (RoleInfo.java:updateAndGet(143)) - s4: start LeaderElection
2019-09-24 16:33:40,880 DEBUG impl.RaftServerImpl (RaftServerImpl.java:requestVote(743)) - s3@group-A4401D2D6DDD: receive requestVote(s0, group-A4401D2D6DDD, 3, (t:0, i:0))
2019-09-24 16:33:40,881 DEBUG impl.RaftServerImpl (RaftServerImpl.java:requestVote(775)) - s4@group-A4401D2D6DDD replies to vote request: s1<-s4#0:FAIL-t4. Peer's state: s4@group-A4401D2D6DDD:t4, leader=null, voted=s4, raftlog=s4@group-A4401D2D6DDD-SegmentedRaftLog:OPENED:c-1,f-1,i0, conf=-1: [s3:0.0.0.0:36312, s4:0.0.0.0:37443, s0:0.0.0.0:41765, s1:0.0.0.0:36446, s2:0.0.0.0:41779], old=null
2019-09-24 16:33:40,882 DEBUG impl.RaftServerImpl (RaftServerImpl.java:requestVote(743)) - s4@group-A4401D2D6DDD: receive requestVote(s0, group-A4401D2D6DDD, 3, (t:0, i:0))
2019-09-24 16:33:40,882 DEBUG impl.RaftServerImpl (RaftServerImpl.java:requestVote(743)) - s4@group-A4401D2D6DDD: receive requestVote(s1, group-A4401D2D6DDD, 4, (t:0, i:0))
2019-09-24 16:33:40,882 INFO  impl.LeaderElection (LeaderElection.java:logAndReturn(56)) - s0@group-A4401D2D6DDD-LeaderElection42: Election REJECTED; received 0 response(s) [] and 0 exception(s); s0@group-A4401D2D6DDD:t4, leader=null, voted=s0, raftlog=s0@group-A4401D2D6DDD-SegmentedRaftLog:OPENED:c-1,f-1,i0, conf=-1: [s3:0.0.0.0:36312, s4:0.0.0.0:37443, s0:0.0.0.0:41765, s1:0.0.0.0:36446, s2:0.0.0.0:41779], old=null
2019-09-24 16:33:40,882 DEBUG impl.RaftServerImpl (RaftServerImpl.java:requestVote(743)) - s1@group-A4401D2D6DDD: receive requestVote(s0, group-A4401D2D6DDD, 3, (t:0, i:0))
2019-09-24 16:33:40,883 DEBUG impl.RaftServerImpl (RaftServerImpl.java:requestVote(743)) - s2@group-A4401D2D6DDD: receive requestVote(s0, group-A4401D2D6DDD, 3, (t:0, i:0))
2019-09-24 16:33:40,884 INFO  logging.LoggingHandler (AbstractInternalLogger.java:log(150)) - [id: 0x9b511a0f, L:/0.0.0.0:36446] READ: [id: 0xb132c0fd, L:/192.168.5.142:36446 - R:/192.168.5.142:54224]
2019-09-24 16:33:40,884 INFO  logging.LoggingHandler (AbstractInternalLogger.java:log(150)) - [id: 0x9b511a0f, L:/0.0.0.0:36446] READ COMPLETE
2019-09-24 16:33:40,886 DEBUG impl.RaftServerImpl (RaftServerImpl.java:requestVote(743)) - s1@group-A4401D2D6DDD: receive requestVote(s4, group-A4401D2D6DDD, 1, (t:0, i:0))
2019-09-24 16:33:40,973 INFO  impl.LeaderElection (LeaderElection.java:askForVotes(178)) - s2@group-A4401D2D6DDD-LeaderElection44: begin an election at term 4 for -1: [s3:0.0.0.0:36312, s4:0.0.0.0:37443, s0:0.0.0.0:41765, s1:0.0.0.0:36446, s2:0.0.0.0:41779], old=null
2019-09-24 16:33:40,974 DEBUG impl.RaftServerImpl (RaftServerImpl.java:requestVote(775)) - s2@group-A4401D2D6DDD replies to vote request: s3<-s2#0:FAIL-t4. Peer's state: s2@group-A4401D2D6DDD:t4, leader=null, voted=s2, raftlog=s2@group-A4401D2D6DDD-SegmentedRaftLog:OPENED:c-1,f-1,i0, conf=-1: [s3:0.0.0.0:36312, s4:0.0.0.0:37443, s0:0.0.0.0:41765, s1:0.0.0.0:36446, s2:0.0.0.0:41779], old=null
2019-09-24 16:33:40,974 DEBUG impl.RaftServerImpl (RaftServerImpl.java:requestVote(775)) - s2@group-A4401D2D6DDD replies to vote request: s0<-s2#0:FAIL-t4. Peer's state: s2@group-A4401D2D6DDD:t4, leader=null, voted=s2, raftlog=s2@group-A4401D2D6DDD-SegmentedRaftLog:OPENED:c-1,f-1,i0, conf=-1: [s3:0.0.0.0:36312, s4:0.0.0.0:37443, s0:0.0.0.0:41765, s1:0.0.0.0:36446, s2:0.0.0.0:41779], old=null
2019-09-24 16:33:40,975 DEBUG impl.RaftServerImpl (RaftServerImpl.java:requestVote(775)) - s2@group-A4401D2D6DDD replies to vote request: s1<-s2#0:FAIL-t4. Peer's state: s2@group-A4401D2D6DDD:t4, leader=null, voted=s2, raftlog=s2@group-A4401D2D6DDD-SegmentedRaftLog:OPENED:c-1,f-1,i0, conf=-1: [s3:0.0.0.0:36312, s4:0.0.0.0:37443, s0:0.0.0.0:41765, s1:0.0.0.0:36446, s2:0.0.0.0:41779], old=null
2019-09-24 16:33:40,975 DEBUG impl.RaftServerImpl (RaftServerImpl.java:requestVote(743)) - s2@group-A4401D2D6DDD: receive requestVote(s0, group-A4401D2D6DDD, 4, (t:0, i:0))
2019-09-24 16:33:40,975 DEBUG impl.RaftServerImpl (RaftServerImpl.java:requestVote(743)) - s3@group-A4401D2D6DDD: receive requestVote(s2, group-A4401D2D6DDD, 3, (t:0, i:0))
2019-09-24 16:33:40,976 DEBUG impl.RaftServerImpl (RaftServerImpl.java:requestVote(775)) - s2@group-A4401D2D6DDD replies to vote request: s0<-s2#0:FAIL-t4. Peer's state: s2@group-A4401D2D6DDD:t4, leader=null, voted=s2, raftlog=s2@group-A4401D2D6DDD-SegmentedRaftLog:OPENED:c-1,f-1,i0, conf=-1: [s3:0.0.0.0:36312, s4:0.0.0.0:37443, s0:0.0.0.0:41765, s1:0.0.0.0:36446, s2:0.0.0.0:41779], old=null
2019-09-24 16:33:40,976 DEBUG impl.RaftServerImpl (RaftServerImpl.java:requestVote(743)) - s4@group-A4401D2D6DDD: receive requestVote(s2, group-A4401D2D6DDD, 4, (t:0, i:0))
2019-09-24 16:33:40,977 DEBUG impl.RaftServerImpl (RaftServerImpl.java:requestVote(743)) - s0@group-A4401D2D6DDD: receive requestVote(s2, group-A4401D2D6DDD, 4, (t:0, i:0))
2019-09-24 16:33:40,977 DEBUG impl.RaftServerImpl (RaftServerImpl.java:requestVote(743)) - s1@group-A4401D2D6DDD: receive requestVote(s2, group-A4401D2D6DDD, 4, (t:0, i:0))
2019-09-24 16:33:40,977 INFO  impl.LeaderElection (LeaderElection.java:logAndReturn(56)) - s2@group-A4401D2D6DDD-LeaderElection43: Election REJECTED; received 0 response(s) [] and 0 exception(s); s2@group-A4401D2D6DDD:t4, leader=null, voted=s2, raftlog=s2@group-A4401D2D6DDD-SegmentedRaftLog:OPENED:c-1,f-1,i0, conf=-1: [s3:0.0.0.0:36312, s4:0.0.0.0:37443, s0:0.0.0.0:41765, s1:0.0.0.0:36446, s2:0.0.0.0:41779], old=null
2019-09-24 16:33:40,977 DEBUG impl.RaftServerImpl (RaftServerImpl.java:requestVote(775)) - s0@group-A4401D2D6DDD replies to vote request: s2<-s0#0:FAIL-t4. Peer's state: s0@group-A4401D2D6DDD:t4, leader=null, voted=s0, raftlog=s0@group-A4401D2D6DDD-SegmentedRaftLog:OPENED:c-1,f-1,i0, conf=-1: [s3:0.0.0.0:36312, s4:0.0.0.0:37443, s0:0.0.0.0:41765, s1:0.0.0.0:36446, s2:0.0.0.0:41779], old=null
2019-09-24 16:33:40,978 DEBUG impl.RaftServerImpl (RaftServerImpl.java:requestVote(743)) - s0@group-A4401D2D6DDD: receive requestVote(s2, group-A4401D2D6DDD, 3, (t:0, i:0))
2019-09-24 16:33:40,978 DEBUG impl.RaftServerImpl (RaftServerImpl.java:requestVote(775)) - s0@group-A4401D2D6DDD replies to vote request: s2<-s0#0:FAIL-t4. Peer's state: s0@group-A4401D2D6DDD:t4, leader=null, voted=s0, raftlog=s0@group-A4401D2D6DDD-SegmentedRaftLog:OPENED:c-1,f-1,i0, conf=-1: [s3:0.0.0.0:36312, s4:0.0.0.0:37443, s0:0.0.0.0:41765, s1:0.0.0.0:36446, s2:0.0.0.0:41779], old=null
2019-09-24 16:33:41,085 INFO  impl.LeaderElection (LeaderElection.java:logAndReturn(56)) - s0@group-A4401D2D6DDD-LeaderElection45: Election TIMEOUT; received 1 response(s) [s0<-s2#0:FAIL-t4] and 0 exception(s); s0@group-A4401D2D6DDD:t4, leader=null, voted=s0, raftlog=s0@group-A4401D2D6DDD-SegmentedRaftLog:OPENED:c-1,f-1,i0, conf=-1: [s3:0.0.0.0:36312, s4:0.0.0.0:37443, s0:0.0.0.0:41765, s1:0.0.0.0:36446, s2:0.0.0.0:41779], old=null
2019-09-24 16:33:41,133 WARN  ratis.RaftTestUtil (JavaUtils.java:attempt(158)) - FAILED "waitForLeader-null-(expectLeader? true)", attempt #43/100: java.lang.IllegalStateException: No leader yet : printing ALL groups
  s3:  RUNNING CANDIDATE s3@group-A4401D2D6DDD:t5, leader=null, voted=s3, raftlog=s3@group-A4401D2D6DDD-SegmentedRaftLog:OPENED:c-1,f-1,i0, conf=-1: [s3:0.0.0.0:36312, s4:0.0.0.0:37443, s0:0.0.0.0:41765, s1:0.0.0.0:36446, s2:0.0.0.0:41779], old=null RUNNING
  s4:  RUNNING CANDIDATE s4@group-A4401D2D6DDD:t5, leader=null, voted=s4, raftlog=s4@group-A4401D2D6DDD-SegmentedRaftLog:OPENED:c-1,f-1,i0, conf=-1: [s3:0.0.0.0:36312, s4:0.0.0.0:37443, s0:0.0.0.0:41765, s1:0.0.0.0:36446, s2:0.0.0.0:41779], old=null RUNNING
  s0:  RUNNING CANDIDATE s0@group-A4401D2D6DDD:t5, leader=null, voted=s0, raftlog=s0@group-A4401D2D6DDD-SegmentedRaftLog:OPENED:c-1,f-1,i0, conf=-1: [s3:0.0.0.0:36312, s4:0.0.0.0:37443, s0:0.0.0.0:41765, s1:0.0.0.0:36446, s2:0.0.0.0:41779], old=null RUNNING
  s1:  RUNNING CANDIDATE s1@group-A4401D2D6DDD:t5, leader=null, voted=s1, raftlog=s1@group-A4401D2D6DDD-SegmentedRaftLog:OPENED:c-1,f-1,i0, conf=-1: [s3:0.0.0.0:36312, s4:0.0.0.0:37443, s0:0.0.0.0:41765, s1:0.0.0.0:36446, s2:0.0.0.0:41779], old=null RUNNING
  s2:  RUNNING CANDIDATE s2@group-A4401D2D6DDD:t4, leader=null, voted=s2, raftlog=s2@group-A4401D2D6DDD-SegmentedRaftLog:OPENED:c-1,f-1,i0, conf=-1: [s3:0.0.0.0:36312, s4:0.0.0.0:37443, s0:0.0.0.0:41765, s1:0.0.0.0:36446, s2:0.0.0.0:41779], old=null RUNNING, sleep 450ms and then retry.
java.lang.IllegalStateException: No leader yet : printing ALL groups
  s3:  RUNNING CANDIDATE s3@group-A4401D2D6DDD:t5, leader=null, voted=s3, raftlog=s3@group-A4401D2D6DDD-SegmentedRaftLog:OPENED:c-1,f-1,i0, conf=-1: [s3:0.0.0.0:36312, s4:0.0.0.0:37443, s0:0.0.0.0:41765, s1:0.0.0.0:36446, s2:0.0.0.0:41779], old=null RUNNING
  s4:  RUNNING CANDIDATE s4@group-A4401D2D6DDD:t5, leader=null, voted=s4, raftlog=s4@group-A4401D2D6DDD-SegmentedRaftLog:OPENED:c-1,f-1,i0, conf=-1: [s3:0.0.0.0:36312, s4:0.0.0.0:37443, s0:0.0.0.0:41765, s1:0.0.0.0:36446, s2:0.0.0.0:41779], old=null RUNNING
  s0:  RUNNING CANDIDATE s0@group-A4401D2D6DDD:t5, leader=null, voted=s0, raftlog=s0@group-A4401D2D6DDD-SegmentedRaftLog:OPENED:c-1,f-1,i0, conf=-1: [s3:0.0.0.0:36312, s4:0.0.0.0:37443, s0:0.0.0.0:41765, s1:0.0.0.0:36446, s2:0.0.0.0:41779], old=null RUNNING
  s1:  RUNNING CANDIDATE s1@group-A4401D2D6DDD:t5, leader=null, voted=s1, raftlog=s1@group-A4401D2D6DDD-SegmentedRaftLog:OPENED:c-1,f-1,i0, conf=-1: [s3:0.0.0.0:36312, s4:0.0.0.0:37443, s0:0.0.0.0:41765, s1:0.0.0.0:36446, s2:0.0.0.0:41779], old=null RUNNING
  s2:  RUNNING CANDIDATE s2@group-A4401D2D6DDD:t4, leader=null, voted=s2, raftlog=s2@group-A4401D2D6DDD-SegmentedRaftLog:OPENED:c-1,f-1,i0, conf=-1: [s3:0.0.0.0:36312, s4:0.0.0.0:37443, s0:0.0.0.0:41765, s1:0.0.0.0:36446, s2:0.0.0.0:41779], old=null RUNNING
	at org.apache.ratis.MiniRaftCluster.newIllegalStateExceptionForNoLeaders(MiniRaftCluster.java:506)
	at org.apache.ratis.RaftTestUtil.lambda$waitForLeader$1(RaftTestUtil.java:90)
	at org.apache.ratis.MiniRaftCluster.getLeader(MiniRaftCluster.java:539)
	at org.apache.ratis.MiniRaftCluster.getLeader(MiniRaftCluster.java:532)
	at org.apache.ratis.RaftTestUtil.lambda$waitForLeader$3(RaftTestUtil.java:98)
	at org.apache.ratis.util.JavaUtils.attempt(JavaUtils.java:152)
	at org.apache.ratis.RaftTestUtil.waitForLeader(RaftTestUtil.java:97)
	at org.apache.ratis.RaftTestUtil.waitForLeader(RaftTestUtil.java:77)
	at org.apache.ratis.RaftTestUtil.waitForLeader(RaftTestUtil.java:72)
	at org.apache.ratis.server.impl.RaftReconfigurationBaseTest.runTestAddRemovePeers(RaftReconfigurationBaseTest.java:125)
	at org.apache.ratis.server.impl.RaftReconfigurationBaseTest.lambda$testLeaderStepDown$3(RaftReconfigurationBaseTest.java:121)
	at org.apache.ratis.MiniRaftCluster$Factory$Get.runWithNewCluster(MiniRaftCluster.java:125)
	at org.apache.ratis.MiniRaftCluster$Factory$Get.runWithNewCluster(MiniRaftCluster.java:113)
	at org.apache.ratis.server.impl.RaftReconfigurationBaseTest.testLeaderStepDown(RaftReconfigurationBaseTest.java:121)
	at sun.reflect.NativeMethodAccessorImpl.invoke0(Native Method)
	at sun.reflect.NativeMethodAccessorImpl.invoke(NativeMethodAccessorImpl.java:62)
	at sun.reflect.DelegatingMethodAccessorImpl.invoke(DelegatingMethodAccessorImpl.java:43)
	at java.lang.reflect.Method.invoke(Method.java:498)
	at org.junit.runners.model.FrameworkMethod$1.runReflectiveCall(FrameworkMethod.java:50)
	at org.junit.internal.runners.model.ReflectiveCallable.run(ReflectiveCallable.java:12)
	at org.junit.runners.model.FrameworkMethod.invokeExplosively(FrameworkMethod.java:47)
	at org.junit.internal.runners.statements.InvokeMethod.evaluate(InvokeMethod.java:17)
	at org.junit.internal.runners.statements.RunAfters.evaluate(RunAfters.java:27)
	at org.junit.internal.runners.statements.FailOnTimeout$CallableStatement.call(FailOnTimeout.java:298)
	at org.junit.internal.runners.statements.FailOnTimeout$CallableStatement.call(FailOnTimeout.java:292)
	at java.util.concurrent.FutureTask.run(FutureTask.java:266)
	at java.lang.Thread.run(Thread.java:748)
2019-09-24 16:33:41,152 INFO  impl.LeaderElection (LeaderElection.java:logAndReturn(56)) - s2@group-A4401D2D6DDD-LeaderElection44: Election TIMEOUT; received 1 response(s) [s2<-s0#0:FAIL-t4] and 0 exception(s); s2@group-A4401D2D6DDD:t4, leader=null, voted=s2, raftlog=s2@group-A4401D2D6DDD-SegmentedRaftLog:OPENED:c-1,f-1,i0, conf=-1: [s3:0.0.0.0:36312, s4:0.0.0.0:37443, s0:0.0.0.0:41765, s1:0.0.0.0:36446, s2:0.0.0.0:41779], old=null
2019-09-24 16:33:41,585 WARN  ratis.RaftTestUtil (JavaUtils.java:attempt(158)) - FAILED "waitForLeader-null-(expectLeader? true)", attempt #44/100: java.lang.IllegalStateException: No leader yet : printing ALL groups
  s3:  RUNNING CANDIDATE s3@group-A4401D2D6DDD:t5, leader=null, voted=s3, raftlog=s3@group-A4401D2D6DDD-SegmentedRaftLog:OPENED:c-1,f-1,i0, conf=-1: [s3:0.0.0.0:36312, s4:0.0.0.0:37443, s0:0.0.0.0:41765, s1:0.0.0.0:36446, s2:0.0.0.0:41779], old=null RUNNING
  s4:  RUNNING CANDIDATE s4@group-A4401D2D6DDD:t5, leader=null, voted=s4, raftlog=s4@group-A4401D2D6DDD-SegmentedRaftLog:OPENED:c-1,f-1,i0, conf=-1: [s3:0.0.0.0:36312, s4:0.0.0.0:37443, s0:0.0.0.0:41765, s1:0.0.0.0:36446, s2:0.0.0.0:41779], old=null RUNNING
  s0:  RUNNING CANDIDATE s0@group-A4401D2D6DDD:t5, leader=null, voted=s0, raftlog=s0@group-A4401D2D6DDD-SegmentedRaftLog:OPENED:c-1,f-1,i0, conf=-1: [s3:0.0.0.0:36312, s4:0.0.0.0:37443, s0:0.0.0.0:41765, s1:0.0.0.0:36446, s2:0.0.0.0:41779], old=null RUNNING
  s1:  RUNNING CANDIDATE s1@group-A4401D2D6DDD:t5, leader=null, voted=s1, raftlog=s1@group-A4401D2D6DDD-SegmentedRaftLog:OPENED:c-1,f-1,i0, conf=-1: [s3:0.0.0.0:36312, s4:0.0.0.0:37443, s0:0.0.0.0:41765, s1:0.0.0.0:36446, s2:0.0.0.0:41779], old=null RUNNING
  s2:  RUNNING CANDIDATE s2@group-A4401D2D6DDD:t5, leader=null, voted=s2, raftlog=s2@group-A4401D2D6DDD-SegmentedRaftLog:OPENED:c-1,f-1,i0, conf=-1: [s3:0.0.0.0:36312, s4:0.0.0.0:37443, s0:0.0.0.0:41765, s1:0.0.0.0:36446, s2:0.0.0.0:41779], old=null RUNNING, sleep 450ms and then retry.
java.lang.IllegalStateException: No leader yet : printing ALL groups
  s3:  RUNNING CANDIDATE s3@group-A4401D2D6DDD:t5, leader=null, voted=s3, raftlog=s3@group-A4401D2D6DDD-SegmentedRaftLog:OPENED:c-1,f-1,i0, conf=-1: [s3:0.0.0.0:36312, s4:0.0.0.0:37443, s0:0.0.0.0:41765, s1:0.0.0.0:36446, s2:0.0.0.0:41779], old=null RUNNING
  s4:  RUNNING CANDIDATE s4@group-A4401D2D6DDD:t5, leader=null, voted=s4, raftlog=s4@group-A4401D2D6DDD-SegmentedRaftLog:OPENED:c-1,f-1,i0, conf=-1: [s3:0.0.0.0:36312, s4:0.0.0.0:37443, s0:0.0.0.0:41765, s1:0.0.0.0:36446, s2:0.0.0.0:41779], old=null RUNNING
  s0:  RUNNING CANDIDATE s0@group-A4401D2D6DDD:t5, leader=null, voted=s0, raftlog=s0@group-A4401D2D6DDD-SegmentedRaftLog:OPENED:c-1,f-1,i0, conf=-1: [s3:0.0.0.0:36312, s4:0.0.0.0:37443, s0:0.0.0.0:41765, s1:0.0.0.0:36446, s2:0.0.0.0:41779], old=null RUNNING
  s1:  RUNNING CANDIDATE s1@group-A4401D2D6DDD:t5, leader=null, voted=s1, raftlog=s1@group-A4401D2D6DDD-SegmentedRaftLog:OPENED:c-1,f-1,i0, conf=-1: [s3:0.0.0.0:36312, s4:0.0.0.0:37443, s0:0.0.0.0:41765, s1:0.0.0.0:36446, s2:0.0.0.0:41779], old=null RUNNING
  s2:  RUNNING CANDIDATE s2@group-A4401D2D6DDD:t5, leader=null, voted=s2, raftlog=s2@group-A4401D2D6DDD-SegmentedRaftLog:OPENED:c-1,f-1,i0, conf=-1: [s3:0.0.0.0:36312, s4:0.0.0.0:37443, s0:0.0.0.0:41765, s1:0.0.0.0:36446, s2:0.0.0.0:41779], old=null RUNNING
	at org.apache.ratis.MiniRaftCluster.newIllegalStateExceptionForNoLeaders(MiniRaftCluster.java:506)
	at org.apache.ratis.RaftTestUtil.lambda$waitForLeader$1(RaftTestUtil.java:90)
	at org.apache.ratis.MiniRaftCluster.getLeader(MiniRaftCluster.java:539)
	at org.apache.ratis.MiniRaftCluster.getLeader(MiniRaftCluster.java:532)
	at org.apache.ratis.RaftTestUtil.lambda$waitForLeader$3(RaftTestUtil.java:98)
	at org.apache.ratis.util.JavaUtils.attempt(JavaUtils.java:152)
	at org.apache.ratis.RaftTestUtil.waitForLeader(RaftTestUtil.java:97)
	at org.apache.ratis.RaftTestUtil.waitForLeader(RaftTestUtil.java:77)
	at org.apache.ratis.RaftTestUtil.waitForLeader(RaftTestUtil.java:72)
	at org.apache.ratis.server.impl.RaftReconfigurationBaseTest.runTestAddRemovePeers(RaftReconfigurationBaseTest.java:125)
	at org.apache.ratis.server.impl.RaftReconfigurationBaseTest.lambda$testLeaderStepDown$3(RaftReconfigurationBaseTest.java:121)
	at org.apache.ratis.MiniRaftCluster$Factory$Get.runWithNewCluster(MiniRaftCluster.java:125)
	at org.apache.ratis.MiniRaftCluster$Factory$Get.runWithNewCluster(MiniRaftCluster.java:113)
	at org.apache.ratis.server.impl.RaftReconfigurationBaseTest.testLeaderStepDown(RaftReconfigurationBaseTest.java:121)
	at sun.reflect.NativeMethodAccessorImpl.invoke0(Native Method)
	at sun.reflect.NativeMethodAccessorImpl.invoke(NativeMethodAccessorImpl.java:62)
	at sun.reflect.DelegatingMethodAccessorImpl.invoke(DelegatingMethodAccessorImpl.java:43)
	at java.lang.reflect.Method.invoke(Method.java:498)
	at org.junit.runners.model.FrameworkMethod$1.runReflectiveCall(FrameworkMethod.java:50)
	at org.junit.internal.runners.model.ReflectiveCallable.run(ReflectiveCallable.java:12)
	at org.junit.runners.model.FrameworkMethod.invokeExplosively(FrameworkMethod.java:47)
	at org.junit.internal.runners.statements.InvokeMethod.evaluate(InvokeMethod.java:17)
	at org.junit.internal.runners.statements.RunAfters.evaluate(RunAfters.java:27)
	at org.junit.internal.runners.statements.FailOnTimeout$CallableStatement.call(FailOnTimeout.java:298)
	at org.junit.internal.runners.statements.FailOnTimeout$CallableStatement.call(FailOnTimeout.java:292)
	at java.util.concurrent.FutureTask.run(FutureTask.java:266)
	at java.lang.Thread.run(Thread.java:748)
2019-09-24 16:33:42,036 WARN  ratis.RaftTestUtil (JavaUtils.java:attempt(158)) - FAILED "waitForLeader-null-(expectLeader? true)", attempt #45/100: java.lang.IllegalStateException: No leader yet : printing ALL groups
  s3:  RUNNING CANDIDATE s3@group-A4401D2D6DDD:t5, leader=null, voted=s3, raftlog=s3@group-A4401D2D6DDD-SegmentedRaftLog:OPENED:c-1,f-1,i0, conf=-1: [s3:0.0.0.0:36312, s4:0.0.0.0:37443, s0:0.0.0.0:41765, s1:0.0.0.0:36446, s2:0.0.0.0:41779], old=null RUNNING
  s4:  RUNNING CANDIDATE s4@group-A4401D2D6DDD:t5, leader=null, voted=s4, raftlog=s4@group-A4401D2D6DDD-SegmentedRaftLog:OPENED:c-1,f-1,i0, conf=-1: [s3:0.0.0.0:36312, s4:0.0.0.0:37443, s0:0.0.0.0:41765, s1:0.0.0.0:36446, s2:0.0.0.0:41779], old=null RUNNING
  s0:  RUNNING CANDIDATE s0@group-A4401D2D6DDD:t5, leader=null, voted=s0, raftlog=s0@group-A4401D2D6DDD-SegmentedRaftLog:OPENED:c-1,f-1,i0, conf=-1: [s3:0.0.0.0:36312, s4:0.0.0.0:37443, s0:0.0.0.0:41765, s1:0.0.0.0:36446, s2:0.0.0.0:41779], old=null RUNNING
  s1:  RUNNING CANDIDATE s1@group-A4401D2D6DDD:t5, leader=null, voted=s1, raftlog=s1@group-A4401D2D6DDD-SegmentedRaftLog:OPENED:c-1,f-1,i0, conf=-1: [s3:0.0.0.0:36312, s4:0.0.0.0:37443, s0:0.0.0.0:41765, s1:0.0.0.0:36446, s2:0.0.0.0:41779], old=null RUNNING
  s2:  RUNNING CANDIDATE s2@group-A4401D2D6DDD:t5, leader=null, voted=s2, raftlog=s2@group-A4401D2D6DDD-SegmentedRaftLog:OPENED:c-1,f-1,i0, conf=-1: [s3:0.0.0.0:36312, s4:0.0.0.0:37443, s0:0.0.0.0:41765, s1:0.0.0.0:36446, s2:0.0.0.0:41779], old=null RUNNING, sleep 450ms and then retry.
java.lang.IllegalStateException: No leader yet : printing ALL groups
  s3:  RUNNING CANDIDATE s3@group-A4401D2D6DDD:t5, leader=null, voted=s3, raftlog=s3@group-A4401D2D6DDD-SegmentedRaftLog:OPENED:c-1,f-1,i0, conf=-1: [s3:0.0.0.0:36312, s4:0.0.0.0:37443, s0:0.0.0.0:41765, s1:0.0.0.0:36446, s2:0.0.0.0:41779], old=null RUNNING
  s4:  RUNNING CANDIDATE s4@group-A4401D2D6DDD:t5, leader=null, voted=s4, raftlog=s4@group-A4401D2D6DDD-SegmentedRaftLog:OPENED:c-1,f-1,i0, conf=-1: [s3:0.0.0.0:36312, s4:0.0.0.0:37443, s0:0.0.0.0:41765, s1:0.0.0.0:36446, s2:0.0.0.0:41779], old=null RUNNING
  s0:  RUNNING CANDIDATE s0@group-A4401D2D6DDD:t5, leader=null, voted=s0, raftlog=s0@group-A4401D2D6DDD-SegmentedRaftLog:OPENED:c-1,f-1,i0, conf=-1: [s3:0.0.0.0:36312, s4:0.0.0.0:37443, s0:0.0.0.0:41765, s1:0.0.0.0:36446, s2:0.0.0.0:41779], old=null RUNNING
  s1:  RUNNING CANDIDATE s1@group-A4401D2D6DDD:t5, leader=null, voted=s1, raftlog=s1@group-A4401D2D6DDD-SegmentedRaftLog:OPENED:c-1,f-1,i0, conf=-1: [s3:0.0.0.0:36312, s4:0.0.0.0:37443, s0:0.0.0.0:41765, s1:0.0.0.0:36446, s2:0.0.0.0:41779], old=null RUNNING
  s2:  RUNNING CANDIDATE s2@group-A4401D2D6DDD:t5, leader=null, voted=s2, raftlog=s2@group-A4401D2D6DDD-SegmentedRaftLog:OPENED:c-1,f-1,i0, conf=-1: [s3:0.0.0.0:36312, s4:0.0.0.0:37443, s0:0.0.0.0:41765, s1:0.0.0.0:36446, s2:0.0.0.0:41779], old=null RUNNING
	at org.apache.ratis.MiniRaftCluster.newIllegalStateExceptionForNoLeaders(MiniRaftCluster.java:506)
	at org.apache.ratis.RaftTestUtil.lambda$waitForLeader$1(RaftTestUtil.java:90)
	at org.apache.ratis.MiniRaftCluster.getLeader(MiniRaftCluster.java:539)
	at org.apache.ratis.MiniRaftCluster.getLeader(MiniRaftCluster.java:532)
	at org.apache.ratis.RaftTestUtil.lambda$waitForLeader$3(RaftTestUtil.java:98)
	at org.apache.ratis.util.JavaUtils.attempt(JavaUtils.java:152)
	at org.apache.ratis.RaftTestUtil.waitForLeader(RaftTestUtil.java:97)
	at org.apache.ratis.RaftTestUtil.waitForLeader(RaftTestUtil.java:77)
	at org.apache.ratis.RaftTestUtil.waitForLeader(RaftTestUtil.java:72)
	at org.apache.ratis.server.impl.RaftReconfigurationBaseTest.runTestAddRemovePeers(RaftReconfigurationBaseTest.java:125)
	at org.apache.ratis.server.impl.RaftReconfigurationBaseTest.lambda$testLeaderStepDown$3(RaftReconfigurationBaseTest.java:121)
	at org.apache.ratis.MiniRaftCluster$Factory$Get.runWithNewCluster(MiniRaftCluster.java:125)
	at org.apache.ratis.MiniRaftCluster$Factory$Get.runWithNewCluster(MiniRaftCluster.java:113)
	at org.apache.ratis.server.impl.RaftReconfigurationBaseTest.testLeaderStepDown(RaftReconfigurationBaseTest.java:121)
	at sun.reflect.NativeMethodAccessorImpl.invoke0(Native Method)
	at sun.reflect.NativeMethodAccessorImpl.invoke(NativeMethodAccessorImpl.java:62)
	at sun.reflect.DelegatingMethodAccessorImpl.invoke(DelegatingMethodAccessorImpl.java:43)
	at java.lang.reflect.Method.invoke(Method.java:498)
	at org.junit.runners.model.FrameworkMethod$1.runReflectiveCall(FrameworkMethod.java:50)
	at org.junit.internal.runners.model.ReflectiveCallable.run(ReflectiveCallable.java:12)
	at org.junit.runners.model.FrameworkMethod.invokeExplosively(FrameworkMethod.java:47)
	at org.junit.internal.runners.statements.InvokeMethod.evaluate(InvokeMethod.java:17)
	at org.junit.internal.runners.statements.RunAfters.evaluate(RunAfters.java:27)
	at org.junit.internal.runners.statements.FailOnTimeout$CallableStatement.call(FailOnTimeout.java:298)
	at org.junit.internal.runners.statements.FailOnTimeout$CallableStatement.call(FailOnTimeout.java:292)
	at java.util.concurrent.FutureTask.run(FutureTask.java:266)
	at java.lang.Thread.run(Thread.java:748)
2019-09-24 16:33:42,168 INFO  ratis.MiniRaftCluster (MiniRaftCluster.java:lambda$null$5(297)) - TIMED-PRINT: printing ALL groups
  s3:  RUNNING CANDIDATE s3@group-A4401D2D6DDD:t5, leader=null, voted=s3, raftlog=s3@group-A4401D2D6DDD-SegmentedRaftLog:OPENED:c-1,f-1,i0, conf=-1: [s3:0.0.0.0:36312, s4:0.0.0.0:37443, s0:0.0.0.0:41765, s1:0.0.0.0:36446, s2:0.0.0.0:41779], old=null RUNNING
  s4:  RUNNING CANDIDATE s4@group-A4401D2D6DDD:t5, leader=null, voted=s4, raftlog=s4@group-A4401D2D6DDD-SegmentedRaftLog:OPENED:c-1,f-1,i0, conf=-1: [s3:0.0.0.0:36312, s4:0.0.0.0:37443, s0:0.0.0.0:41765, s1:0.0.0.0:36446, s2:0.0.0.0:41779], old=null RUNNING
  s0:  RUNNING CANDIDATE s0@group-A4401D2D6DDD:t5, leader=null, voted=s0, raftlog=s0@group-A4401D2D6DDD-SegmentedRaftLog:OPENED:c-1,f-1,i0, conf=-1: [s3:0.0.0.0:36312, s4:0.0.0.0:37443, s0:0.0.0.0:41765, s1:0.0.0.0:36446, s2:0.0.0.0:41779], old=null RUNNING
  s1:  RUNNING CANDIDATE s1@group-A4401D2D6DDD:t5, leader=null, voted=s1, raftlog=s1@group-A4401D2D6DDD-SegmentedRaftLog:OPENED:c-1,f-1,i0, conf=-1: [s3:0.0.0.0:36312, s4:0.0.0.0:37443, s0:0.0.0.0:41765, s1:0.0.0.0:36446, s2:0.0.0.0:41779], old=null RUNNING
  s2:  RUNNING CANDIDATE s2@group-A4401D2D6DDD:t5, leader=null, voted=s2, raftlog=s2@group-A4401D2D6DDD-SegmentedRaftLog:OPENED:c-1,f-1,i0, conf=-1: [s3:0.0.0.0:36312, s4:0.0.0.0:37443, s0:0.0.0.0:41765, s1:0.0.0.0:36446, s2:0.0.0.0:41779], old=null RUNNING
2019-09-24 16:33:42,487 WARN  ratis.RaftTestUtil (JavaUtils.java:attempt(158)) - FAILED "waitForLeader-null-(expectLeader? true)", attempt #46/100: java.lang.IllegalStateException: No leader yet : printing ALL groups
  s3:  RUNNING CANDIDATE s3@group-A4401D2D6DDD:t5, leader=null, voted=s3, raftlog=s3@group-A4401D2D6DDD-SegmentedRaftLog:OPENED:c-1,f-1,i0, conf=-1: [s3:0.0.0.0:36312, s4:0.0.0.0:37443, s0:0.0.0.0:41765, s1:0.0.0.0:36446, s2:0.0.0.0:41779], old=null RUNNING
  s4:  RUNNING CANDIDATE s4@group-A4401D2D6DDD:t5, leader=null, voted=s4, raftlog=s4@group-A4401D2D6DDD-SegmentedRaftLog:OPENED:c-1,f-1,i0, conf=-1: [s3:0.0.0.0:36312, s4:0.0.0.0:37443, s0:0.0.0.0:41765, s1:0.0.0.0:36446, s2:0.0.0.0:41779], old=null RUNNING
  s0:  RUNNING CANDIDATE s0@group-A4401D2D6DDD:t5, leader=null, voted=s0, raftlog=s0@group-A4401D2D6DDD-SegmentedRaftLog:OPENED:c-1,f-1,i0, conf=-1: [s3:0.0.0.0:36312, s4:0.0.0.0:37443, s0:0.0.0.0:41765, s1:0.0.0.0:36446, s2:0.0.0.0:41779], old=null RUNNING
  s1:  RUNNING CANDIDATE s1@group-A4401D2D6DDD:t5, leader=null, voted=s1, raftlog=s1@group-A4401D2D6DDD-SegmentedRaftLog:OPENED:c-1,f-1,i0, conf=-1: [s3:0.0.0.0:36312, s4:0.0.0.0:37443, s0:0.0.0.0:41765, s1:0.0.0.0:36446, s2:0.0.0.0:41779], old=null RUNNING
  s2:  RUNNING CANDIDATE s2@group-A4401D2D6DDD:t5, leader=null, voted=s2, raftlog=s2@group-A4401D2D6DDD-SegmentedRaftLog:OPENED:c-1,f-1,i0, conf=-1: [s3:0.0.0.0:36312, s4:0.0.0.0:37443, s0:0.0.0.0:41765, s1:0.0.0.0:36446, s2:0.0.0.0:41779], old=null RUNNING, sleep 450ms and then retry.
java.lang.IllegalStateException: No leader yet : printing ALL groups
  s3:  RUNNING CANDIDATE s3@group-A4401D2D6DDD:t5, leader=null, voted=s3, raftlog=s3@group-A4401D2D6DDD-SegmentedRaftLog:OPENED:c-1,f-1,i0, conf=-1: [s3:0.0.0.0:36312, s4:0.0.0.0:37443, s0:0.0.0.0:41765, s1:0.0.0.0:36446, s2:0.0.0.0:41779], old=null RUNNING
  s4:  RUNNING CANDIDATE s4@group-A4401D2D6DDD:t5, leader=null, voted=s4, raftlog=s4@group-A4401D2D6DDD-SegmentedRaftLog:OPENED:c-1,f-1,i0, conf=-1: [s3:0.0.0.0:36312, s4:0.0.0.0:37443, s0:0.0.0.0:41765, s1:0.0.0.0:36446, s2:0.0.0.0:41779], old=null RUNNING
  s0:  RUNNING CANDIDATE s0@group-A4401D2D6DDD:t5, leader=null, voted=s0, raftlog=s0@group-A4401D2D6DDD-SegmentedRaftLog:OPENED:c-1,f-1,i0, conf=-1: [s3:0.0.0.0:36312, s4:0.0.0.0:37443, s0:0.0.0.0:41765, s1:0.0.0.0:36446, s2:0.0.0.0:41779], old=null RUNNING
  s1:  RUNNING CANDIDATE s1@group-A4401D2D6DDD:t5, leader=null, voted=s1, raftlog=s1@group-A4401D2D6DDD-SegmentedRaftLog:OPENED:c-1,f-1,i0, conf=-1: [s3:0.0.0.0:36312, s4:0.0.0.0:37443, s0:0.0.0.0:41765, s1:0.0.0.0:36446, s2:0.0.0.0:41779], old=null RUNNING
  s2:  RUNNING CANDIDATE s2@group-A4401D2D6DDD:t5, leader=null, voted=s2, raftlog=s2@group-A4401D2D6DDD-SegmentedRaftLog:OPENED:c-1,f-1,i0, conf=-1: [s3:0.0.0.0:36312, s4:0.0.0.0:37443, s0:0.0.0.0:41765, s1:0.0.0.0:36446, s2:0.0.0.0:41779], old=null RUNNING
	at org.apache.ratis.MiniRaftCluster.newIllegalStateExceptionForNoLeaders(MiniRaftCluster.java:506)
	at org.apache.ratis.RaftTestUtil.lambda$waitForLeader$1(RaftTestUtil.java:90)
	at org.apache.ratis.MiniRaftCluster.getLeader(MiniRaftCluster.java:539)
	at org.apache.ratis.MiniRaftCluster.getLeader(MiniRaftCluster.java:532)
	at org.apache.ratis.RaftTestUtil.lambda$waitForLeader$3(RaftTestUtil.java:98)
	at org.apache.ratis.util.JavaUtils.attempt(JavaUtils.java:152)
	at org.apache.ratis.RaftTestUtil.waitForLeader(RaftTestUtil.java:97)
	at org.apache.ratis.RaftTestUtil.waitForLeader(RaftTestUtil.java:77)
	at org.apache.ratis.RaftTestUtil.waitForLeader(RaftTestUtil.java:72)
	at org.apache.ratis.server.impl.RaftReconfigurationBaseTest.runTestAddRemovePeers(RaftReconfigurationBaseTest.java:125)
	at org.apache.ratis.server.impl.RaftReconfigurationBaseTest.lambda$testLeaderStepDown$3(RaftReconfigurationBaseTest.java:121)
	at org.apache.ratis.MiniRaftCluster$Factory$Get.runWithNewCluster(MiniRaftCluster.java:125)
	at org.apache.ratis.MiniRaftCluster$Factory$Get.runWithNewCluster(MiniRaftCluster.java:113)
	at org.apache.ratis.server.impl.RaftReconfigurationBaseTest.testLeaderStepDown(RaftReconfigurationBaseTest.java:121)
	at sun.reflect.NativeMethodAccessorImpl.invoke0(Native Method)
	at sun.reflect.NativeMethodAccessorImpl.invoke(NativeMethodAccessorImpl.java:62)
	at sun.reflect.DelegatingMethodAccessorImpl.invoke(DelegatingMethodAccessorImpl.java:43)
	at java.lang.reflect.Method.invoke(Method.java:498)
	at org.junit.runners.model.FrameworkMethod$1.runReflectiveCall(FrameworkMethod.java:50)
	at org.junit.internal.runners.model.ReflectiveCallable.run(ReflectiveCallable.java:12)
	at org.junit.runners.model.FrameworkMethod.invokeExplosively(FrameworkMethod.java:47)
	at org.junit.internal.runners.statements.InvokeMethod.evaluate(InvokeMethod.java:17)
	at org.junit.internal.runners.statements.RunAfters.evaluate(RunAfters.java:27)
	at org.junit.internal.runners.statements.FailOnTimeout$CallableStatement.call(FailOnTimeout.java:298)
	at org.junit.internal.runners.statements.FailOnTimeout$CallableStatement.call(FailOnTimeout.java:292)
	at java.util.concurrent.FutureTask.run(FutureTask.java:266)
	at java.lang.Thread.run(Thread.java:748)
2019-09-24 16:33:42,939 WARN  ratis.RaftTestUtil (JavaUtils.java:attempt(158)) - FAILED "waitForLeader-null-(expectLeader? true)", attempt #47/100: java.lang.IllegalStateException: No leader yet : printing ALL groups
  s3:  RUNNING CANDIDATE s3@group-A4401D2D6DDD:t5, leader=null, voted=s3, raftlog=s3@group-A4401D2D6DDD-SegmentedRaftLog:OPENED:c-1,f-1,i0, conf=-1: [s3:0.0.0.0:36312, s4:0.0.0.0:37443, s0:0.0.0.0:41765, s1:0.0.0.0:36446, s2:0.0.0.0:41779], old=null RUNNING
  s4:  RUNNING CANDIDATE s4@group-A4401D2D6DDD:t5, leader=null, voted=s4, raftlog=s4@group-A4401D2D6DDD-SegmentedRaftLog:OPENED:c-1,f-1,i0, conf=-1: [s3:0.0.0.0:36312, s4:0.0.0.0:37443, s0:0.0.0.0:41765, s1:0.0.0.0:36446, s2:0.0.0.0:41779], old=null RUNNING
  s0:  RUNNING CANDIDATE s0@group-A4401D2D6DDD:t5, leader=null, voted=s0, raftlog=s0@group-A4401D2D6DDD-SegmentedRaftLog:OPENED:c-1,f-1,i0, conf=-1: [s3:0.0.0.0:36312, s4:0.0.0.0:37443, s0:0.0.0.0:41765, s1:0.0.0.0:36446, s2:0.0.0.0:41779], old=null RUNNING
  s1:  RUNNING CANDIDATE s1@group-A4401D2D6DDD:t5, leader=null, voted=s1, raftlog=s1@group-A4401D2D6DDD-SegmentedRaftLog:OPENED:c-1,f-1,i0, conf=-1: [s3:0.0.0.0:36312, s4:0.0.0.0:37443, s0:0.0.0.0:41765, s1:0.0.0.0:36446, s2:0.0.0.0:41779], old=null RUNNING
  s2:  RUNNING CANDIDATE s2@group-A4401D2D6DDD:t5, leader=null, voted=s2, raftlog=s2@group-A4401D2D6DDD-SegmentedRaftLog:OPENED:c-1,f-1,i0, conf=-1: [s3:0.0.0.0:36312, s4:0.0.0.0:37443, s0:0.0.0.0:41765, s1:0.0.0.0:36446, s2:0.0.0.0:41779], old=null RUNNING, sleep 450ms and then retry.
java.lang.IllegalStateException: No leader yet : printing ALL groups
  s3:  RUNNING CANDIDATE s3@group-A4401D2D6DDD:t5, leader=null, voted=s3, raftlog=s3@group-A4401D2D6DDD-SegmentedRaftLog:OPENED:c-1,f-1,i0, conf=-1: [s3:0.0.0.0:36312, s4:0.0.0.0:37443, s0:0.0.0.0:41765, s1:0.0.0.0:36446, s2:0.0.0.0:41779], old=null RUNNING
  s4:  RUNNING CANDIDATE s4@group-A4401D2D6DDD:t5, leader=null, voted=s4, raftlog=s4@group-A4401D2D6DDD-SegmentedRaftLog:OPENED:c-1,f-1,i0, conf=-1: [s3:0.0.0.0:36312, s4:0.0.0.0:37443, s0:0.0.0.0:41765, s1:0.0.0.0:36446, s2:0.0.0.0:41779], old=null RUNNING
  s0:  RUNNING CANDIDATE s0@group-A4401D2D6DDD:t5, leader=null, voted=s0, raftlog=s0@group-A4401D2D6DDD-SegmentedRaftLog:OPENED:c-1,f-1,i0, conf=-1: [s3:0.0.0.0:36312, s4:0.0.0.0:37443, s0:0.0.0.0:41765, s1:0.0.0.0:36446, s2:0.0.0.0:41779], old=null RUNNING
  s1:  RUNNING CANDIDATE s1@group-A4401D2D6DDD:t5, leader=null, voted=s1, raftlog=s1@group-A4401D2D6DDD-SegmentedRaftLog:OPENED:c-1,f-1,i0, conf=-1: [s3:0.0.0.0:36312, s4:0.0.0.0:37443, s0:0.0.0.0:41765, s1:0.0.0.0:36446, s2:0.0.0.0:41779], old=null RUNNING
  s2:  RUNNING CANDIDATE s2@group-A4401D2D6DDD:t5, leader=null, voted=s2, raftlog=s2@group-A4401D2D6DDD-SegmentedRaftLog:OPENED:c-1,f-1,i0, conf=-1: [s3:0.0.0.0:36312, s4:0.0.0.0:37443, s0:0.0.0.0:41765, s1:0.0.0.0:36446, s2:0.0.0.0:41779], old=null RUNNING
	at org.apache.ratis.MiniRaftCluster.newIllegalStateExceptionForNoLeaders(MiniRaftCluster.java:506)
	at org.apache.ratis.RaftTestUtil.lambda$waitForLeader$1(RaftTestUtil.java:90)
	at org.apache.ratis.MiniRaftCluster.getLeader(MiniRaftCluster.java:539)
	at org.apache.ratis.MiniRaftCluster.getLeader(MiniRaftCluster.java:532)
	at org.apache.ratis.RaftTestUtil.lambda$waitForLeader$3(RaftTestUtil.java:98)
	at org.apache.ratis.util.JavaUtils.attempt(JavaUtils.java:152)
	at org.apache.ratis.RaftTestUtil.waitForLeader(RaftTestUtil.java:97)
	at org.apache.ratis.RaftTestUtil.waitForLeader(RaftTestUtil.java:77)
	at org.apache.ratis.RaftTestUtil.waitForLeader(RaftTestUtil.java:72)
	at org.apache.ratis.server.impl.RaftReconfigurationBaseTest.runTestAddRemovePeers(RaftReconfigurationBaseTest.java:125)
	at org.apache.ratis.server.impl.RaftReconfigurationBaseTest.lambda$testLeaderStepDown$3(RaftReconfigurationBaseTest.java:121)
	at org.apache.ratis.MiniRaftCluster$Factory$Get.runWithNewCluster(MiniRaftCluster.java:125)
	at org.apache.ratis.MiniRaftCluster$Factory$Get.runWithNewCluster(MiniRaftCluster.java:113)
	at org.apache.ratis.server.impl.RaftReconfigurationBaseTest.testLeaderStepDown(RaftReconfigurationBaseTest.java:121)
	at sun.reflect.NativeMethodAccessorImpl.invoke0(Native Method)
	at sun.reflect.NativeMethodAccessorImpl.invoke(NativeMethodAccessorImpl.java:62)
	at sun.reflect.DelegatingMethodAccessorImpl.invoke(DelegatingMethodAccessorImpl.java:43)
	at java.lang.reflect.Method.invoke(Method.java:498)
	at org.junit.runners.model.FrameworkMethod$1.runReflectiveCall(FrameworkMethod.java:50)
	at org.junit.internal.runners.model.ReflectiveCallable.run(ReflectiveCallable.java:12)
	at org.junit.runners.model.FrameworkMethod.invokeExplosively(FrameworkMethod.java:47)
	at org.junit.internal.runners.statements.InvokeMethod.evaluate(InvokeMethod.java:17)
	at org.junit.internal.runners.statements.RunAfters.evaluate(RunAfters.java:27)
	at org.junit.internal.runners.statements.FailOnTimeout$CallableStatement.call(FailOnTimeout.java:298)
	at org.junit.internal.runners.statements.FailOnTimeout$CallableStatement.call(FailOnTimeout.java:292)
	at java.util.concurrent.FutureTask.run(FutureTask.java:266)
	at java.lang.Thread.run(Thread.java:748)
2019-09-24 16:33:43,391 WARN  ratis.RaftTestUtil (JavaUtils.java:attempt(158)) - FAILED "waitForLeader-null-(expectLeader? true)", attempt #48/100: java.lang.IllegalStateException: No leader yet : printing ALL groups
  s3:  RUNNING CANDIDATE s3@group-A4401D2D6DDD:t5, leader=null, voted=s3, raftlog=s3@group-A4401D2D6DDD-SegmentedRaftLog:OPENED:c-1,f-1,i0, conf=-1: [s3:0.0.0.0:36312, s4:0.0.0.0:37443, s0:0.0.0.0:41765, s1:0.0.0.0:36446, s2:0.0.0.0:41779], old=null RUNNING
  s4:  RUNNING CANDIDATE s4@group-A4401D2D6DDD:t5, leader=null, voted=s4, raftlog=s4@group-A4401D2D6DDD-SegmentedRaftLog:OPENED:c-1,f-1,i0, conf=-1: [s3:0.0.0.0:36312, s4:0.0.0.0:37443, s0:0.0.0.0:41765, s1:0.0.0.0:36446, s2:0.0.0.0:41779], old=null RUNNING
  s0:  RUNNING CANDIDATE s0@group-A4401D2D6DDD:t5, leader=null, voted=s0, raftlog=s0@group-A4401D2D6DDD-SegmentedRaftLog:OPENED:c-1,f-1,i0, conf=-1: [s3:0.0.0.0:36312, s4:0.0.0.0:37443, s0:0.0.0.0:41765, s1:0.0.0.0:36446, s2:0.0.0.0:41779], old=null RUNNING
  s1:  RUNNING CANDIDATE s1@group-A4401D2D6DDD:t5, leader=null, voted=s1, raftlog=s1@group-A4401D2D6DDD-SegmentedRaftLog:OPENED:c-1,f-1,i0, conf=-1: [s3:0.0.0.0:36312, s4:0.0.0.0:37443, s0:0.0.0.0:41765, s1:0.0.0.0:36446, s2:0.0.0.0:41779], old=null RUNNING
  s2:  RUNNING CANDIDATE s2@group-A4401D2D6DDD:t5, leader=null, voted=s2, raftlog=s2@group-A4401D2D6DDD-SegmentedRaftLog:OPENED:c-1,f-1,i0, conf=-1: [s3:0.0.0.0:36312, s4:0.0.0.0:37443, s0:0.0.0.0:41765, s1:0.0.0.0:36446, s2:0.0.0.0:41779], old=null RUNNING, sleep 450ms and then retry.
java.lang.IllegalStateException: No leader yet : printing ALL groups
  s3:  RUNNING CANDIDATE s3@group-A4401D2D6DDD:t5, leader=null, voted=s3, raftlog=s3@group-A4401D2D6DDD-SegmentedRaftLog:OPENED:c-1,f-1,i0, conf=-1: [s3:0.0.0.0:36312, s4:0.0.0.0:37443, s0:0.0.0.0:41765, s1:0.0.0.0:36446, s2:0.0.0.0:41779], old=null RUNNING
  s4:  RUNNING CANDIDATE s4@group-A4401D2D6DDD:t5, leader=null, voted=s4, raftlog=s4@group-A4401D2D6DDD-SegmentedRaftLog:OPENED:c-1,f-1,i0, conf=-1: [s3:0.0.0.0:36312, s4:0.0.0.0:37443, s0:0.0.0.0:41765, s1:0.0.0.0:36446, s2:0.0.0.0:41779], old=null RUNNING
  s0:  RUNNING CANDIDATE s0@group-A4401D2D6DDD:t5, leader=null, voted=s0, raftlog=s0@group-A4401D2D6DDD-SegmentedRaftLog:OPENED:c-1,f-1,i0, conf=-1: [s3:0.0.0.0:36312, s4:0.0.0.0:37443, s0:0.0.0.0:41765, s1:0.0.0.0:36446, s2:0.0.0.0:41779], old=null RUNNING
  s1:  RUNNING CANDIDATE s1@group-A4401D2D6DDD:t5, leader=null, voted=s1, raftlog=s1@group-A4401D2D6DDD-SegmentedRaftLog:OPENED:c-1,f-1,i0, conf=-1: [s3:0.0.0.0:36312, s4:0.0.0.0:37443, s0:0.0.0.0:41765, s1:0.0.0.0:36446, s2:0.0.0.0:41779], old=null RUNNING
  s2:  RUNNING CANDIDATE s2@group-A4401D2D6DDD:t5, leader=null, voted=s2, raftlog=s2@group-A4401D2D6DDD-SegmentedRaftLog:OPENED:c-1,f-1,i0, conf=-1: [s3:0.0.0.0:36312, s4:0.0.0.0:37443, s0:0.0.0.0:41765, s1:0.0.0.0:36446, s2:0.0.0.0:41779], old=null RUNNING
	at org.apache.ratis.MiniRaftCluster.newIllegalStateExceptionForNoLeaders(MiniRaftCluster.java:506)
	at org.apache.ratis.RaftTestUtil.lambda$waitForLeader$1(RaftTestUtil.java:90)
	at org.apache.ratis.MiniRaftCluster.getLeader(MiniRaftCluster.java:539)
	at org.apache.ratis.MiniRaftCluster.getLeader(MiniRaftCluster.java:532)
	at org.apache.ratis.RaftTestUtil.lambda$waitForLeader$3(RaftTestUtil.java:98)
	at org.apache.ratis.util.JavaUtils.attempt(JavaUtils.java:152)
	at org.apache.ratis.RaftTestUtil.waitForLeader(RaftTestUtil.java:97)
	at org.apache.ratis.RaftTestUtil.waitForLeader(RaftTestUtil.java:77)
	at org.apache.ratis.RaftTestUtil.waitForLeader(RaftTestUtil.java:72)
	at org.apache.ratis.server.impl.RaftReconfigurationBaseTest.runTestAddRemovePeers(RaftReconfigurationBaseTest.java:125)
	at org.apache.ratis.server.impl.RaftReconfigurationBaseTest.lambda$testLeaderStepDown$3(RaftReconfigurationBaseTest.java:121)
	at org.apache.ratis.MiniRaftCluster$Factory$Get.runWithNewCluster(MiniRaftCluster.java:125)
	at org.apache.ratis.MiniRaftCluster$Factory$Get.runWithNewCluster(MiniRaftCluster.java:113)
	at org.apache.ratis.server.impl.RaftReconfigurationBaseTest.testLeaderStepDown(RaftReconfigurationBaseTest.java:121)
	at sun.reflect.NativeMethodAccessorImpl.invoke0(Native Method)
	at sun.reflect.NativeMethodAccessorImpl.invoke(NativeMethodAccessorImpl.java:62)
	at sun.reflect.DelegatingMethodAccessorImpl.invoke(DelegatingMethodAccessorImpl.java:43)
	at java.lang.reflect.Method.invoke(Method.java:498)
	at org.junit.runners.model.FrameworkMethod$1.runReflectiveCall(FrameworkMethod.java:50)
	at org.junit.internal.runners.model.ReflectiveCallable.run(ReflectiveCallable.java:12)
	at org.junit.runners.model.FrameworkMethod.invokeExplosively(FrameworkMethod.java:47)
	at org.junit.internal.runners.statements.InvokeMethod.evaluate(InvokeMethod.java:17)
	at org.junit.internal.runners.statements.RunAfters.evaluate(RunAfters.java:27)
	at org.junit.internal.runners.statements.FailOnTimeout$CallableStatement.call(FailOnTimeout.java:298)
	at org.junit.internal.runners.statements.FailOnTimeout$CallableStatement.call(FailOnTimeout.java:292)
	at java.util.concurrent.FutureTask.run(FutureTask.java:266)
	at java.lang.Thread.run(Thread.java:748)
2019-09-24 16:33:43,842 WARN  ratis.RaftTestUtil (JavaUtils.java:attempt(158)) - FAILED "waitForLeader-null-(expectLeader? true)", attempt #49/100: java.lang.IllegalStateException: No leader yet : printing ALL groups
  s3:  RUNNING CANDIDATE s3@group-A4401D2D6DDD:t5, leader=null, voted=s3, raftlog=s3@group-A4401D2D6DDD-SegmentedRaftLog:OPENED:c-1,f-1,i0, conf=-1: [s3:0.0.0.0:36312, s4:0.0.0.0:37443, s0:0.0.0.0:41765, s1:0.0.0.0:36446, s2:0.0.0.0:41779], old=null RUNNING
  s4:  RUNNING CANDIDATE s4@group-A4401D2D6DDD:t5, leader=null, voted=s4, raftlog=s4@group-A4401D2D6DDD-SegmentedRaftLog:OPENED:c-1,f-1,i0, conf=-1: [s3:0.0.0.0:36312, s4:0.0.0.0:37443, s0:0.0.0.0:41765, s1:0.0.0.0:36446, s2:0.0.0.0:41779], old=null RUNNING
  s0:  RUNNING CANDIDATE s0@group-A4401D2D6DDD:t5, leader=null, voted=s0, raftlog=s0@group-A4401D2D6DDD-SegmentedRaftLog:OPENED:c-1,f-1,i0, conf=-1: [s3:0.0.0.0:36312, s4:0.0.0.0:37443, s0:0.0.0.0:41765, s1:0.0.0.0:36446, s2:0.0.0.0:41779], old=null RUNNING
  s1:  RUNNING CANDIDATE s1@group-A4401D2D6DDD:t5, leader=null, voted=s1, raftlog=s1@group-A4401D2D6DDD-SegmentedRaftLog:OPENED:c-1,f-1,i0, conf=-1: [s3:0.0.0.0:36312, s4:0.0.0.0:37443, s0:0.0.0.0:41765, s1:0.0.0.0:36446, s2:0.0.0.0:41779], old=null RUNNING
  s2:  RUNNING CANDIDATE s2@group-A4401D2D6DDD:t5, leader=null, voted=s2, raftlog=s2@group-A4401D2D6DDD-SegmentedRaftLog:OPENED:c-1,f-1,i0, conf=-1: [s3:0.0.0.0:36312, s4:0.0.0.0:37443, s0:0.0.0.0:41765, s1:0.0.0.0:36446, s2:0.0.0.0:41779], old=null RUNNING, sleep 450ms and then retry.
java.lang.IllegalStateException: No leader yet : printing ALL groups
  s3:  RUNNING CANDIDATE s3@group-A4401D2D6DDD:t5, leader=null, voted=s3, raftlog=s3@group-A4401D2D6DDD-SegmentedRaftLog:OPENED:c-1,f-1,i0, conf=-1: [s3:0.0.0.0:36312, s4:0.0.0.0:37443, s0:0.0.0.0:41765, s1:0.0.0.0:36446, s2:0.0.0.0:41779], old=null RUNNING
  s4:  RUNNING CANDIDATE s4@group-A4401D2D6DDD:t5, leader=null, voted=s4, raftlog=s4@group-A4401D2D6DDD-SegmentedRaftLog:OPENED:c-1,f-1,i0, conf=-1: [s3:0.0.0.0:36312, s4:0.0.0.0:37443, s0:0.0.0.0:41765, s1:0.0.0.0:36446, s2:0.0.0.0:41779], old=null RUNNING
  s0:  RUNNING CANDIDATE s0@group-A4401D2D6DDD:t5, leader=null, voted=s0, raftlog=s0@group-A4401D2D6DDD-SegmentedRaftLog:OPENED:c-1,f-1,i0, conf=-1: [s3:0.0.0.0:36312, s4:0.0.0.0:37443, s0:0.0.0.0:41765, s1:0.0.0.0:36446, s2:0.0.0.0:41779], old=null RUNNING
  s1:  RUNNING CANDIDATE s1@group-A4401D2D6DDD:t5, leader=null, voted=s1, raftlog=s1@group-A4401D2D6DDD-SegmentedRaftLog:OPENED:c-1,f-1,i0, conf=-1: [s3:0.0.0.0:36312, s4:0.0.0.0:37443, s0:0.0.0.0:41765, s1:0.0.0.0:36446, s2:0.0.0.0:41779], old=null RUNNING
  s2:  RUNNING CANDIDATE s2@group-A4401D2D6DDD:t5, leader=null, voted=s2, raftlog=s2@group-A4401D2D6DDD-SegmentedRaftLog:OPENED:c-1,f-1,i0, conf=-1: [s3:0.0.0.0:36312, s4:0.0.0.0:37443, s0:0.0.0.0:41765, s1:0.0.0.0:36446, s2:0.0.0.0:41779], old=null RUNNING
	at org.apache.ratis.MiniRaftCluster.newIllegalStateExceptionForNoLeaders(MiniRaftCluster.java:506)
	at org.apache.ratis.RaftTestUtil.lambda$waitForLeader$1(RaftTestUtil.java:90)
	at org.apache.ratis.MiniRaftCluster.getLeader(MiniRaftCluster.java:539)
	at org.apache.ratis.MiniRaftCluster.getLeader(MiniRaftCluster.java:532)
	at org.apache.ratis.RaftTestUtil.lambda$waitForLeader$3(RaftTestUtil.java:98)
	at org.apache.ratis.util.JavaUtils.attempt(JavaUtils.java:152)
	at org.apache.ratis.RaftTestUtil.waitForLeader(RaftTestUtil.java:97)
	at org.apache.ratis.RaftTestUtil.waitForLeader(RaftTestUtil.java:77)
	at org.apache.ratis.RaftTestUtil.waitForLeader(RaftTestUtil.java:72)
	at org.apache.ratis.server.impl.RaftReconfigurationBaseTest.runTestAddRemovePeers(RaftReconfigurationBaseTest.java:125)
	at org.apache.ratis.server.impl.RaftReconfigurationBaseTest.lambda$testLeaderStepDown$3(RaftReconfigurationBaseTest.java:121)
	at org.apache.ratis.MiniRaftCluster$Factory$Get.runWithNewCluster(MiniRaftCluster.java:125)
	at org.apache.ratis.MiniRaftCluster$Factory$Get.runWithNewCluster(MiniRaftCluster.java:113)
	at org.apache.ratis.server.impl.RaftReconfigurationBaseTest.testLeaderStepDown(RaftReconfigurationBaseTest.java:121)
	at sun.reflect.NativeMethodAccessorImpl.invoke0(Native Method)
	at sun.reflect.NativeMethodAccessorImpl.invoke(NativeMethodAccessorImpl.java:62)
	at sun.reflect.DelegatingMethodAccessorImpl.invoke(DelegatingMethodAccessorImpl.java:43)
	at java.lang.reflect.Method.invoke(Method.java:498)
	at org.junit.runners.model.FrameworkMethod$1.runReflectiveCall(FrameworkMethod.java:50)
	at org.junit.internal.runners.model.ReflectiveCallable.run(ReflectiveCallable.java:12)
	at org.junit.runners.model.FrameworkMethod.invokeExplosively(FrameworkMethod.java:47)
	at org.junit.internal.runners.statements.InvokeMethod.evaluate(InvokeMethod.java:17)
	at org.junit.internal.runners.statements.RunAfters.evaluate(RunAfters.java:27)
	at org.junit.internal.runners.statements.FailOnTimeout$CallableStatement.call(FailOnTimeout.java:298)
	at org.junit.internal.runners.statements.FailOnTimeout$CallableStatement.call(FailOnTimeout.java:292)
	at java.util.concurrent.FutureTask.run(FutureTask.java:266)
	at java.lang.Thread.run(Thread.java:748)
2019-09-24 16:33:44,294 WARN  ratis.RaftTestUtil (JavaUtils.java:attempt(158)) - FAILED "waitForLeader-null-(expectLeader? true)", attempt #50/100: java.lang.IllegalStateException: No leader yet : printing ALL groups
  s3:  RUNNING CANDIDATE s3@group-A4401D2D6DDD:t5, leader=null, voted=s3, raftlog=s3@group-A4401D2D6DDD-SegmentedRaftLog:OPENED:c-1,f-1,i0, conf=-1: [s3:0.0.0.0:36312, s4:0.0.0.0:37443, s0:0.0.0.0:41765, s1:0.0.0.0:36446, s2:0.0.0.0:41779], old=null RUNNING
  s4:  RUNNING CANDIDATE s4@group-A4401D2D6DDD:t5, leader=null, voted=s4, raftlog=s4@group-A4401D2D6DDD-SegmentedRaftLog:OPENED:c-1,f-1,i0, conf=-1: [s3:0.0.0.0:36312, s4:0.0.0.0:37443, s0:0.0.0.0:41765, s1:0.0.0.0:36446, s2:0.0.0.0:41779], old=null RUNNING
  s0:  RUNNING CANDIDATE s0@group-A4401D2D6DDD:t5, leader=null, voted=s0, raftlog=s0@group-A4401D2D6DDD-SegmentedRaftLog:OPENED:c-1,f-1,i0, conf=-1: [s3:0.0.0.0:36312, s4:0.0.0.0:37443, s0:0.0.0.0:41765, s1:0.0.0.0:36446, s2:0.0.0.0:41779], old=null RUNNING
  s1:  RUNNING CANDIDATE s1@group-A4401D2D6DDD:t5, leader=null, voted=s1, raftlog=s1@group-A4401D2D6DDD-SegmentedRaftLog:OPENED:c-1,f-1,i0, conf=-1: [s3:0.0.0.0:36312, s4:0.0.0.0:37443, s0:0.0.0.0:41765, s1:0.0.0.0:36446, s2:0.0.0.0:41779], old=null RUNNING
  s2:  RUNNING CANDIDATE s2@group-A4401D2D6DDD:t5, leader=null, voted=s2, raftlog=s2@group-A4401D2D6DDD-SegmentedRaftLog:OPENED:c-1,f-1,i0, conf=-1: [s3:0.0.0.0:36312, s4:0.0.0.0:37443, s0:0.0.0.0:41765, s1:0.0.0.0:36446, s2:0.0.0.0:41779], old=null RUNNING, sleep 450ms and then retry.
java.lang.IllegalStateException: No leader yet : printing ALL groups
  s3:  RUNNING CANDIDATE s3@group-A4401D2D6DDD:t5, leader=null, voted=s3, raftlog=s3@group-A4401D2D6DDD-SegmentedRaftLog:OPENED:c-1,f-1,i0, conf=-1: [s3:0.0.0.0:36312, s4:0.0.0.0:37443, s0:0.0.0.0:41765, s1:0.0.0.0:36446, s2:0.0.0.0:41779], old=null RUNNING
  s4:  RUNNING CANDIDATE s4@group-A4401D2D6DDD:t5, leader=null, voted=s4, raftlog=s4@group-A4401D2D6DDD-SegmentedRaftLog:OPENED:c-1,f-1,i0, conf=-1: [s3:0.0.0.0:36312, s4:0.0.0.0:37443, s0:0.0.0.0:41765, s1:0.0.0.0:36446, s2:0.0.0.0:41779], old=null RUNNING
  s0:  RUNNING CANDIDATE s0@group-A4401D2D6DDD:t5, leader=null, voted=s0, raftlog=s0@group-A4401D2D6DDD-SegmentedRaftLog:OPENED:c-1,f-1,i0, conf=-1: [s3:0.0.0.0:36312, s4:0.0.0.0:37443, s0:0.0.0.0:41765, s1:0.0.0.0:36446, s2:0.0.0.0:41779], old=null RUNNING
  s1:  RUNNING CANDIDATE s1@group-A4401D2D6DDD:t5, leader=null, voted=s1, raftlog=s1@group-A4401D2D6DDD-SegmentedRaftLog:OPENED:c-1,f-1,i0, conf=-1: [s3:0.0.0.0:36312, s4:0.0.0.0:37443, s0:0.0.0.0:41765, s1:0.0.0.0:36446, s2:0.0.0.0:41779], old=null RUNNING
  s2:  RUNNING CANDIDATE s2@group-A4401D2D6DDD:t5, leader=null, voted=s2, raftlog=s2@group-A4401D2D6DDD-SegmentedRaftLog:OPENED:c-1,f-1,i0, conf=-1: [s3:0.0.0.0:36312, s4:0.0.0.0:37443, s0:0.0.0.0:41765, s1:0.0.0.0:36446, s2:0.0.0.0:41779], old=null RUNNING
	at org.apache.ratis.MiniRaftCluster.newIllegalStateExceptionForNoLeaders(MiniRaftCluster.java:506)
	at org.apache.ratis.RaftTestUtil.lambda$waitForLeader$1(RaftTestUtil.java:90)
	at org.apache.ratis.MiniRaftCluster.getLeader(MiniRaftCluster.java:539)
	at org.apache.ratis.MiniRaftCluster.getLeader(MiniRaftCluster.java:532)
	at org.apache.ratis.RaftTestUtil.lambda$waitForLeader$3(RaftTestUtil.java:98)
	at org.apache.ratis.util.JavaUtils.attempt(JavaUtils.java:152)
	at org.apache.ratis.RaftTestUtil.waitForLeader(RaftTestUtil.java:97)
	at org.apache.ratis.RaftTestUtil.waitForLeader(RaftTestUtil.java:77)
	at org.apache.ratis.RaftTestUtil.waitForLeader(RaftTestUtil.java:72)
	at org.apache.ratis.server.impl.RaftReconfigurationBaseTest.runTestAddRemovePeers(RaftReconfigurationBaseTest.java:125)
	at org.apache.ratis.server.impl.RaftReconfigurationBaseTest.lambda$testLeaderStepDown$3(RaftReconfigurationBaseTest.java:121)
	at org.apache.ratis.MiniRaftCluster$Factory$Get.runWithNewCluster(MiniRaftCluster.java:125)
	at org.apache.ratis.MiniRaftCluster$Factory$Get.runWithNewCluster(MiniRaftCluster.java:113)
	at org.apache.ratis.server.impl.RaftReconfigurationBaseTest.testLeaderStepDown(RaftReconfigurationBaseTest.java:121)
	at sun.reflect.NativeMethodAccessorImpl.invoke0(Native Method)
	at sun.reflect.NativeMethodAccessorImpl.invoke(NativeMethodAccessorImpl.java:62)
	at sun.reflect.DelegatingMethodAccessorImpl.invoke(DelegatingMethodAccessorImpl.java:43)
	at java.lang.reflect.Method.invoke(Method.java:498)
	at org.junit.runners.model.FrameworkMethod$1.runReflectiveCall(FrameworkMethod.java:50)
	at org.junit.internal.runners.model.ReflectiveCallable.run(ReflectiveCallable.java:12)
	at org.junit.runners.model.FrameworkMethod.invokeExplosively(FrameworkMethod.java:47)
	at org.junit.internal.runners.statements.InvokeMethod.evaluate(InvokeMethod.java:17)
	at org.junit.internal.runners.statements.RunAfters.evaluate(RunAfters.java:27)
	at org.junit.internal.runners.statements.FailOnTimeout$CallableStatement.call(FailOnTimeout.java:298)
	at org.junit.internal.runners.statements.FailOnTimeout$CallableStatement.call(FailOnTimeout.java:292)
	at java.util.concurrent.FutureTask.run(FutureTask.java:266)
	at java.lang.Thread.run(Thread.java:748)
2019-09-24 16:33:44,746 WARN  ratis.RaftTestUtil (JavaUtils.java:attempt(158)) - FAILED "waitForLeader-null-(expectLeader? true)", attempt #51/100: java.lang.IllegalStateException: No leader yet : printing ALL groups
  s3:  RUNNING CANDIDATE s3@group-A4401D2D6DDD:t5, leader=null, voted=s3, raftlog=s3@group-A4401D2D6DDD-SegmentedRaftLog:OPENED:c-1,f-1,i0, conf=-1: [s3:0.0.0.0:36312, s4:0.0.0.0:37443, s0:0.0.0.0:41765, s1:0.0.0.0:36446, s2:0.0.0.0:41779], old=null RUNNING
  s4:  RUNNING CANDIDATE s4@group-A4401D2D6DDD:t5, leader=null, voted=s4, raftlog=s4@group-A4401D2D6DDD-SegmentedRaftLog:OPENED:c-1,f-1,i0, conf=-1: [s3:0.0.0.0:36312, s4:0.0.0.0:37443, s0:0.0.0.0:41765, s1:0.0.0.0:36446, s2:0.0.0.0:41779], old=null RUNNING
  s0:  RUNNING CANDIDATE s0@group-A4401D2D6DDD:t5, leader=null, voted=s0, raftlog=s0@group-A4401D2D6DDD-SegmentedRaftLog:OPENED:c-1,f-1,i0, conf=-1: [s3:0.0.0.0:36312, s4:0.0.0.0:37443, s0:0.0.0.0:41765, s1:0.0.0.0:36446, s2:0.0.0.0:41779], old=null RUNNING
  s1:  RUNNING CANDIDATE s1@group-A4401D2D6DDD:t5, leader=null, voted=s1, raftlog=s1@group-A4401D2D6DDD-SegmentedRaftLog:OPENED:c-1,f-1,i0, conf=-1: [s3:0.0.0.0:36312, s4:0.0.0.0:37443, s0:0.0.0.0:41765, s1:0.0.0.0:36446, s2:0.0.0.0:41779], old=null RUNNING
  s2:  RUNNING CANDIDATE s2@group-A4401D2D6DDD:t5, leader=null, voted=s2, raftlog=s2@group-A4401D2D6DDD-SegmentedRaftLog:OPENED:c-1,f-1,i0, conf=-1: [s3:0.0.0.0:36312, s4:0.0.0.0:37443, s0:0.0.0.0:41765, s1:0.0.0.0:36446, s2:0.0.0.0:41779], old=null RUNNING, sleep 450ms and then retry.
java.lang.IllegalStateException: No leader yet : printing ALL groups
  s3:  RUNNING CANDIDATE s3@group-A4401D2D6DDD:t5, leader=null, voted=s3, raftlog=s3@group-A4401D2D6DDD-SegmentedRaftLog:OPENED:c-1,f-1,i0, conf=-1: [s3:0.0.0.0:36312, s4:0.0.0.0:37443, s0:0.0.0.0:41765, s1:0.0.0.0:36446, s2:0.0.0.0:41779], old=null RUNNING
  s4:  RUNNING CANDIDATE s4@group-A4401D2D6DDD:t5, leader=null, voted=s4, raftlog=s4@group-A4401D2D6DDD-SegmentedRaftLog:OPENED:c-1,f-1,i0, conf=-1: [s3:0.0.0.0:36312, s4:0.0.0.0:37443, s0:0.0.0.0:41765, s1:0.0.0.0:36446, s2:0.0.0.0:41779], old=null RUNNING
  s0:  RUNNING CANDIDATE s0@group-A4401D2D6DDD:t5, leader=null, voted=s0, raftlog=s0@group-A4401D2D6DDD-SegmentedRaftLog:OPENED:c-1,f-1,i0, conf=-1: [s3:0.0.0.0:36312, s4:0.0.0.0:37443, s0:0.0.0.0:41765, s1:0.0.0.0:36446, s2:0.0.0.0:41779], old=null RUNNING
  s1:  RUNNING CANDIDATE s1@group-A4401D2D6DDD:t5, leader=null, voted=s1, raftlog=s1@group-A4401D2D6DDD-SegmentedRaftLog:OPENED:c-1,f-1,i0, conf=-1: [s3:0.0.0.0:36312, s4:0.0.0.0:37443, s0:0.0.0.0:41765, s1:0.0.0.0:36446, s2:0.0.0.0:41779], old=null RUNNING
  s2:  RUNNING CANDIDATE s2@group-A4401D2D6DDD:t5, leader=null, voted=s2, raftlog=s2@group-A4401D2D6DDD-SegmentedRaftLog:OPENED:c-1,f-1,i0, conf=-1: [s3:0.0.0.0:36312, s4:0.0.0.0:37443, s0:0.0.0.0:41765, s1:0.0.0.0:36446, s2:0.0.0.0:41779], old=null RUNNING
	at org.apache.ratis.MiniRaftCluster.newIllegalStateExceptionForNoLeaders(MiniRaftCluster.java:506)
	at org.apache.ratis.RaftTestUtil.lambda$waitForLeader$1(RaftTestUtil.java:90)
	at org.apache.ratis.MiniRaftCluster.getLeader(MiniRaftCluster.java:539)
	at org.apache.ratis.MiniRaftCluster.getLeader(MiniRaftCluster.java:532)
	at org.apache.ratis.RaftTestUtil.lambda$waitForLeader$3(RaftTestUtil.java:98)
	at org.apache.ratis.util.JavaUtils.attempt(JavaUtils.java:152)
	at org.apache.ratis.RaftTestUtil.waitForLeader(RaftTestUtil.java:97)
	at org.apache.ratis.RaftTestUtil.waitForLeader(RaftTestUtil.java:77)
	at org.apache.ratis.RaftTestUtil.waitForLeader(RaftTestUtil.java:72)
	at org.apache.ratis.server.impl.RaftReconfigurationBaseTest.runTestAddRemovePeers(RaftReconfigurationBaseTest.java:125)
	at org.apache.ratis.server.impl.RaftReconfigurationBaseTest.lambda$testLeaderStepDown$3(RaftReconfigurationBaseTest.java:121)
	at org.apache.ratis.MiniRaftCluster$Factory$Get.runWithNewCluster(MiniRaftCluster.java:125)
	at org.apache.ratis.MiniRaftCluster$Factory$Get.runWithNewCluster(MiniRaftCluster.java:113)
	at org.apache.ratis.server.impl.RaftReconfigurationBaseTest.testLeaderStepDown(RaftReconfigurationBaseTest.java:121)
	at sun.reflect.NativeMethodAccessorImpl.invoke0(Native Method)
	at sun.reflect.NativeMethodAccessorImpl.invoke(NativeMethodAccessorImpl.java:62)
	at sun.reflect.DelegatingMethodAccessorImpl.invoke(DelegatingMethodAccessorImpl.java:43)
	at java.lang.reflect.Method.invoke(Method.java:498)
	at org.junit.runners.model.FrameworkMethod$1.runReflectiveCall(FrameworkMethod.java:50)
	at org.junit.internal.runners.model.ReflectiveCallable.run(ReflectiveCallable.java:12)
	at org.junit.runners.model.FrameworkMethod.invokeExplosively(FrameworkMethod.java:47)
	at org.junit.internal.runners.statements.InvokeMethod.evaluate(InvokeMethod.java:17)
	at org.junit.internal.runners.statements.RunAfters.evaluate(RunAfters.java:27)
	at org.junit.internal.runners.statements.FailOnTimeout$CallableStatement.call(FailOnTimeout.java:298)
	at org.junit.internal.runners.statements.FailOnTimeout$CallableStatement.call(FailOnTimeout.java:292)
	at java.util.concurrent.FutureTask.run(FutureTask.java:266)
	at java.lang.Thread.run(Thread.java:748)
2019-09-24 16:33:45,197 WARN  ratis.RaftTestUtil (JavaUtils.java:attempt(158)) - FAILED "waitForLeader-null-(expectLeader? true)", attempt #52/100: java.lang.IllegalStateException: No leader yet : printing ALL groups
  s3:  RUNNING CANDIDATE s3@group-A4401D2D6DDD:t5, leader=null, voted=s3, raftlog=s3@group-A4401D2D6DDD-SegmentedRaftLog:OPENED:c-1,f-1,i0, conf=-1: [s3:0.0.0.0:36312, s4:0.0.0.0:37443, s0:0.0.0.0:41765, s1:0.0.0.0:36446, s2:0.0.0.0:41779], old=null RUNNING
  s4:  RUNNING CANDIDATE s4@group-A4401D2D6DDD:t5, leader=null, voted=s4, raftlog=s4@group-A4401D2D6DDD-SegmentedRaftLog:OPENED:c-1,f-1,i0, conf=-1: [s3:0.0.0.0:36312, s4:0.0.0.0:37443, s0:0.0.0.0:41765, s1:0.0.0.0:36446, s2:0.0.0.0:41779], old=null RUNNING
  s0:  RUNNING CANDIDATE s0@group-A4401D2D6DDD:t5, leader=null, voted=s0, raftlog=s0@group-A4401D2D6DDD-SegmentedRaftLog:OPENED:c-1,f-1,i0, conf=-1: [s3:0.0.0.0:36312, s4:0.0.0.0:37443, s0:0.0.0.0:41765, s1:0.0.0.0:36446, s2:0.0.0.0:41779], old=null RUNNING
  s1:  RUNNING CANDIDATE s1@group-A4401D2D6DDD:t5, leader=null, voted=s1, raftlog=s1@group-A4401D2D6DDD-SegmentedRaftLog:OPENED:c-1,f-1,i0, conf=-1: [s3:0.0.0.0:36312, s4:0.0.0.0:37443, s0:0.0.0.0:41765, s1:0.0.0.0:36446, s2:0.0.0.0:41779], old=null RUNNING
  s2:  RUNNING CANDIDATE s2@group-A4401D2D6DDD:t5, leader=null, voted=s2, raftlog=s2@group-A4401D2D6DDD-SegmentedRaftLog:OPENED:c-1,f-1,i0, conf=-1: [s3:0.0.0.0:36312, s4:0.0.0.0:37443, s0:0.0.0.0:41765, s1:0.0.0.0:36446, s2:0.0.0.0:41779], old=null RUNNING, sleep 450ms and then retry.
java.lang.IllegalStateException: No leader yet : printing ALL groups
  s3:  RUNNING CANDIDATE s3@group-A4401D2D6DDD:t5, leader=null, voted=s3, raftlog=s3@group-A4401D2D6DDD-SegmentedRaftLog:OPENED:c-1,f-1,i0, conf=-1: [s3:0.0.0.0:36312, s4:0.0.0.0:37443, s0:0.0.0.0:41765, s1:0.0.0.0:36446, s2:0.0.0.0:41779], old=null RUNNING
  s4:  RUNNING CANDIDATE s4@group-A4401D2D6DDD:t5, leader=null, voted=s4, raftlog=s4@group-A4401D2D6DDD-SegmentedRaftLog:OPENED:c-1,f-1,i0, conf=-1: [s3:0.0.0.0:36312, s4:0.0.0.0:37443, s0:0.0.0.0:41765, s1:0.0.0.0:36446, s2:0.0.0.0:41779], old=null RUNNING
  s0:  RUNNING CANDIDATE s0@group-A4401D2D6DDD:t5, leader=null, voted=s0, raftlog=s0@group-A4401D2D6DDD-SegmentedRaftLog:OPENED:c-1,f-1,i0, conf=-1: [s3:0.0.0.0:36312, s4:0.0.0.0:37443, s0:0.0.0.0:41765, s1:0.0.0.0:36446, s2:0.0.0.0:41779], old=null RUNNING
  s1:  RUNNING CANDIDATE s1@group-A4401D2D6DDD:t5, leader=null, voted=s1, raftlog=s1@group-A4401D2D6DDD-SegmentedRaftLog:OPENED:c-1,f-1,i0, conf=-1: [s3:0.0.0.0:36312, s4:0.0.0.0:37443, s0:0.0.0.0:41765, s1:0.0.0.0:36446, s2:0.0.0.0:41779], old=null RUNNING
  s2:  RUNNING CANDIDATE s2@group-A4401D2D6DDD:t5, leader=null, voted=s2, raftlog=s2@group-A4401D2D6DDD-SegmentedRaftLog:OPENED:c-1,f-1,i0, conf=-1: [s3:0.0.0.0:36312, s4:0.0.0.0:37443, s0:0.0.0.0:41765, s1:0.0.0.0:36446, s2:0.0.0.0:41779], old=null RUNNING
	at org.apache.ratis.MiniRaftCluster.newIllegalStateExceptionForNoLeaders(MiniRaftCluster.java:506)
	at org.apache.ratis.RaftTestUtil.lambda$waitForLeader$1(RaftTestUtil.java:90)
	at org.apache.ratis.MiniRaftCluster.getLeader(MiniRaftCluster.java:539)
	at org.apache.ratis.MiniRaftCluster.getLeader(MiniRaftCluster.java:532)
	at org.apache.ratis.RaftTestUtil.lambda$waitForLeader$3(RaftTestUtil.java:98)
	at org.apache.ratis.util.JavaUtils.attempt(JavaUtils.java:152)
	at org.apache.ratis.RaftTestUtil.waitForLeader(RaftTestUtil.java:97)
	at org.apache.ratis.RaftTestUtil.waitForLeader(RaftTestUtil.java:77)
	at org.apache.ratis.RaftTestUtil.waitForLeader(RaftTestUtil.java:72)
	at org.apache.ratis.server.impl.RaftReconfigurationBaseTest.runTestAddRemovePeers(RaftReconfigurationBaseTest.java:125)
	at org.apache.ratis.server.impl.RaftReconfigurationBaseTest.lambda$testLeaderStepDown$3(RaftReconfigurationBaseTest.java:121)
	at org.apache.ratis.MiniRaftCluster$Factory$Get.runWithNewCluster(MiniRaftCluster.java:125)
	at org.apache.ratis.MiniRaftCluster$Factory$Get.runWithNewCluster(MiniRaftCluster.java:113)
	at org.apache.ratis.server.impl.RaftReconfigurationBaseTest.testLeaderStepDown(RaftReconfigurationBaseTest.java:121)
	at sun.reflect.NativeMethodAccessorImpl.invoke0(Native Method)
	at sun.reflect.NativeMethodAccessorImpl.invoke(NativeMethodAccessorImpl.java:62)
	at sun.reflect.DelegatingMethodAccessorImpl.invoke(DelegatingMethodAccessorImpl.java:43)
	at java.lang.reflect.Method.invoke(Method.java:498)
	at org.junit.runners.model.FrameworkMethod$1.runReflectiveCall(FrameworkMethod.java:50)
	at org.junit.internal.runners.model.ReflectiveCallable.run(ReflectiveCallable.java:12)
	at org.junit.runners.model.FrameworkMethod.invokeExplosively(FrameworkMethod.java:47)
	at org.junit.internal.runners.statements.InvokeMethod.evaluate(InvokeMethod.java:17)
	at org.junit.internal.runners.statements.RunAfters.evaluate(RunAfters.java:27)
	at org.junit.internal.runners.statements.FailOnTimeout$CallableStatement.call(FailOnTimeout.java:298)
	at org.junit.internal.runners.statements.FailOnTimeout$CallableStatement.call(FailOnTimeout.java:292)
	at java.util.concurrent.FutureTask.run(FutureTask.java:266)
	at java.lang.Thread.run(Thread.java:748)
2019-09-24 16:33:45,648 WARN  ratis.RaftTestUtil (JavaUtils.java:attempt(158)) - FAILED "waitForLeader-null-(expectLeader? true)", attempt #53/100: java.lang.IllegalStateException: No leader yet : printing ALL groups
  s3:  RUNNING CANDIDATE s3@group-A4401D2D6DDD:t5, leader=null, voted=s3, raftlog=s3@group-A4401D2D6DDD-SegmentedRaftLog:OPENED:c-1,f-1,i0, conf=-1: [s3:0.0.0.0:36312, s4:0.0.0.0:37443, s0:0.0.0.0:41765, s1:0.0.0.0:36446, s2:0.0.0.0:41779], old=null RUNNING
  s4:  RUNNING CANDIDATE s4@group-A4401D2D6DDD:t5, leader=null, voted=s4, raftlog=s4@group-A4401D2D6DDD-SegmentedRaftLog:OPENED:c-1,f-1,i0, conf=-1: [s3:0.0.0.0:36312, s4:0.0.0.0:37443, s0:0.0.0.0:41765, s1:0.0.0.0:36446, s2:0.0.0.0:41779], old=null RUNNING
  s0:  RUNNING CANDIDATE s0@group-A4401D2D6DDD:t5, leader=null, voted=s0, raftlog=s0@group-A4401D2D6DDD-SegmentedRaftLog:OPENED:c-1,f-1,i0, conf=-1: [s3:0.0.0.0:36312, s4:0.0.0.0:37443, s0:0.0.0.0:41765, s1:0.0.0.0:36446, s2:0.0.0.0:41779], old=null RUNNING
  s1:  RUNNING CANDIDATE s1@group-A4401D2D6DDD:t5, leader=null, voted=s1, raftlog=s1@group-A4401D2D6DDD-SegmentedRaftLog:OPENED:c-1,f-1,i0, conf=-1: [s3:0.0.0.0:36312, s4:0.0.0.0:37443, s0:0.0.0.0:41765, s1:0.0.0.0:36446, s2:0.0.0.0:41779], old=null RUNNING
  s2:  RUNNING CANDIDATE s2@group-A4401D2D6DDD:t5, leader=null, voted=s2, raftlog=s2@group-A4401D2D6DDD-SegmentedRaftLog:OPENED:c-1,f-1,i0, conf=-1: [s3:0.0.0.0:36312, s4:0.0.0.0:37443, s0:0.0.0.0:41765, s1:0.0.0.0:36446, s2:0.0.0.0:41779], old=null RUNNING, sleep 450ms and then retry.
java.lang.IllegalStateException: No leader yet : printing ALL groups
  s3:  RUNNING CANDIDATE s3@group-A4401D2D6DDD:t5, leader=null, voted=s3, raftlog=s3@group-A4401D2D6DDD-SegmentedRaftLog:OPENED:c-1,f-1,i0, conf=-1: [s3:0.0.0.0:36312, s4:0.0.0.0:37443, s0:0.0.0.0:41765, s1:0.0.0.0:36446, s2:0.0.0.0:41779], old=null RUNNING
  s4:  RUNNING CANDIDATE s4@group-A4401D2D6DDD:t5, leader=null, voted=s4, raftlog=s4@group-A4401D2D6DDD-SegmentedRaftLog:OPENED:c-1,f-1,i0, conf=-1: [s3:0.0.0.0:36312, s4:0.0.0.0:37443, s0:0.0.0.0:41765, s1:0.0.0.0:36446, s2:0.0.0.0:41779], old=null RUNNING
  s0:  RUNNING CANDIDATE s0@group-A4401D2D6DDD:t5, leader=null, voted=s0, raftlog=s0@group-A4401D2D6DDD-SegmentedRaftLog:OPENED:c-1,f-1,i0, conf=-1: [s3:0.0.0.0:36312, s4:0.0.0.0:37443, s0:0.0.0.0:41765, s1:0.0.0.0:36446, s2:0.0.0.0:41779], old=null RUNNING
  s1:  RUNNING CANDIDATE s1@group-A4401D2D6DDD:t5, leader=null, voted=s1, raftlog=s1@group-A4401D2D6DDD-SegmentedRaftLog:OPENED:c-1,f-1,i0, conf=-1: [s3:0.0.0.0:36312, s4:0.0.0.0:37443, s0:0.0.0.0:41765, s1:0.0.0.0:36446, s2:0.0.0.0:41779], old=null RUNNING
  s2:  RUNNING CANDIDATE s2@group-A4401D2D6DDD:t5, leader=null, voted=s2, raftlog=s2@group-A4401D2D6DDD-SegmentedRaftLog:OPENED:c-1,f-1,i0, conf=-1: [s3:0.0.0.0:36312, s4:0.0.0.0:37443, s0:0.0.0.0:41765, s1:0.0.0.0:36446, s2:0.0.0.0:41779], old=null RUNNING
	at org.apache.ratis.MiniRaftCluster.newIllegalStateExceptionForNoLeaders(MiniRaftCluster.java:506)
	at org.apache.ratis.RaftTestUtil.lambda$waitForLeader$1(RaftTestUtil.java:90)
	at org.apache.ratis.MiniRaftCluster.getLeader(MiniRaftCluster.java:539)
	at org.apache.ratis.MiniRaftCluster.getLeader(MiniRaftCluster.java:532)
	at org.apache.ratis.RaftTestUtil.lambda$waitForLeader$3(RaftTestUtil.java:98)
	at org.apache.ratis.util.JavaUtils.attempt(JavaUtils.java:152)
	at org.apache.ratis.RaftTestUtil.waitForLeader(RaftTestUtil.java:97)
	at org.apache.ratis.RaftTestUtil.waitForLeader(RaftTestUtil.java:77)
	at org.apache.ratis.RaftTestUtil.waitForLeader(RaftTestUtil.java:72)
	at org.apache.ratis.server.impl.RaftReconfigurationBaseTest.runTestAddRemovePeers(RaftReconfigurationBaseTest.java:125)
	at org.apache.ratis.server.impl.RaftReconfigurationBaseTest.lambda$testLeaderStepDown$3(RaftReconfigurationBaseTest.java:121)
	at org.apache.ratis.MiniRaftCluster$Factory$Get.runWithNewCluster(MiniRaftCluster.java:125)
	at org.apache.ratis.MiniRaftCluster$Factory$Get.runWithNewCluster(MiniRaftCluster.java:113)
	at org.apache.ratis.server.impl.RaftReconfigurationBaseTest.testLeaderStepDown(RaftReconfigurationBaseTest.java:121)
	at sun.reflect.NativeMethodAccessorImpl.invoke0(Native Method)
	at sun.reflect.NativeMethodAccessorImpl.invoke(NativeMethodAccessorImpl.java:62)
	at sun.reflect.DelegatingMethodAccessorImpl.invoke(DelegatingMethodAccessorImpl.java:43)
	at java.lang.reflect.Method.invoke(Method.java:498)
	at org.junit.runners.model.FrameworkMethod$1.runReflectiveCall(FrameworkMethod.java:50)
	at org.junit.internal.runners.model.ReflectiveCallable.run(ReflectiveCallable.java:12)
	at org.junit.runners.model.FrameworkMethod.invokeExplosively(FrameworkMethod.java:47)
	at org.junit.internal.runners.statements.InvokeMethod.evaluate(InvokeMethod.java:17)
	at org.junit.internal.runners.statements.RunAfters.evaluate(RunAfters.java:27)
	at org.junit.internal.runners.statements.FailOnTimeout$CallableStatement.call(FailOnTimeout.java:298)
	at org.junit.internal.runners.statements.FailOnTimeout$CallableStatement.call(FailOnTimeout.java:292)
	at java.util.concurrent.FutureTask.run(FutureTask.java:266)
	at java.lang.Thread.run(Thread.java:748)
2019-09-24 16:33:46,100 WARN  ratis.RaftTestUtil (JavaUtils.java:attempt(158)) - FAILED "waitForLeader-null-(expectLeader? true)", attempt #54/100: java.lang.IllegalStateException: No leader yet : printing ALL groups
  s3:  RUNNING CANDIDATE s3@group-A4401D2D6DDD:t5, leader=null, voted=s3, raftlog=s3@group-A4401D2D6DDD-SegmentedRaftLog:OPENED:c-1,f-1,i0, conf=-1: [s3:0.0.0.0:36312, s4:0.0.0.0:37443, s0:0.0.0.0:41765, s1:0.0.0.0:36446, s2:0.0.0.0:41779], old=null RUNNING
  s4:  RUNNING CANDIDATE s4@group-A4401D2D6DDD:t5, leader=null, voted=s4, raftlog=s4@group-A4401D2D6DDD-SegmentedRaftLog:OPENED:c-1,f-1,i0, conf=-1: [s3:0.0.0.0:36312, s4:0.0.0.0:37443, s0:0.0.0.0:41765, s1:0.0.0.0:36446, s2:0.0.0.0:41779], old=null RUNNING
  s0:  RUNNING CANDIDATE s0@group-A4401D2D6DDD:t5, leader=null, voted=s0, raftlog=s0@group-A4401D2D6DDD-SegmentedRaftLog:OPENED:c-1,f-1,i0, conf=-1: [s3:0.0.0.0:36312, s4:0.0.0.0:37443, s0:0.0.0.0:41765, s1:0.0.0.0:36446, s2:0.0.0.0:41779], old=null RUNNING
  s1:  RUNNING CANDIDATE s1@group-A4401D2D6DDD:t5, leader=null, voted=s1, raftlog=s1@group-A4401D2D6DDD-SegmentedRaftLog:OPENED:c-1,f-1,i0, conf=-1: [s3:0.0.0.0:36312, s4:0.0.0.0:37443, s0:0.0.0.0:41765, s1:0.0.0.0:36446, s2:0.0.0.0:41779], old=null RUNNING
  s2:  RUNNING CANDIDATE s2@group-A4401D2D6DDD:t5, leader=null, voted=s2, raftlog=s2@group-A4401D2D6DDD-SegmentedRaftLog:OPENED:c-1,f-1,i0, conf=-1: [s3:0.0.0.0:36312, s4:0.0.0.0:37443, s0:0.0.0.0:41765, s1:0.0.0.0:36446, s2:0.0.0.0:41779], old=null RUNNING, sleep 450ms and then retry.
java.lang.IllegalStateException: No leader yet : printing ALL groups
  s3:  RUNNING CANDIDATE s3@group-A4401D2D6DDD:t5, leader=null, voted=s3, raftlog=s3@group-A4401D2D6DDD-SegmentedRaftLog:OPENED:c-1,f-1,i0, conf=-1: [s3:0.0.0.0:36312, s4:0.0.0.0:37443, s0:0.0.0.0:41765, s1:0.0.0.0:36446, s2:0.0.0.0:41779], old=null RUNNING
  s4:  RUNNING CANDIDATE s4@group-A4401D2D6DDD:t5, leader=null, voted=s4, raftlog=s4@group-A4401D2D6DDD-SegmentedRaftLog:OPENED:c-1,f-1,i0, conf=-1: [s3:0.0.0.0:36312, s4:0.0.0.0:37443, s0:0.0.0.0:41765, s1:0.0.0.0:36446, s2:0.0.0.0:41779], old=null RUNNING
  s0:  RUNNING CANDIDATE s0@group-A4401D2D6DDD:t5, leader=null, voted=s0, raftlog=s0@group-A4401D2D6DDD-SegmentedRaftLog:OPENED:c-1,f-1,i0, conf=-1: [s3:0.0.0.0:36312, s4:0.0.0.0:37443, s0:0.0.0.0:41765, s1:0.0.0.0:36446, s2:0.0.0.0:41779], old=null RUNNING
  s1:  RUNNING CANDIDATE s1@group-A4401D2D6DDD:t5, leader=null, voted=s1, raftlog=s1@group-A4401D2D6DDD-SegmentedRaftLog:OPENED:c-1,f-1,i0, conf=-1: [s3:0.0.0.0:36312, s4:0.0.0.0:37443, s0:0.0.0.0:41765, s1:0.0.0.0:36446, s2:0.0.0.0:41779], old=null RUNNING
  s2:  RUNNING CANDIDATE s2@group-A4401D2D6DDD:t5, leader=null, voted=s2, raftlog=s2@group-A4401D2D6DDD-SegmentedRaftLog:OPENED:c-1,f-1,i0, conf=-1: [s3:0.0.0.0:36312, s4:0.0.0.0:37443, s0:0.0.0.0:41765, s1:0.0.0.0:36446, s2:0.0.0.0:41779], old=null RUNNING
	at org.apache.ratis.MiniRaftCluster.newIllegalStateExceptionForNoLeaders(MiniRaftCluster.java:506)
	at org.apache.ratis.RaftTestUtil.lambda$waitForLeader$1(RaftTestUtil.java:90)
	at org.apache.ratis.MiniRaftCluster.getLeader(MiniRaftCluster.java:539)
	at org.apache.ratis.MiniRaftCluster.getLeader(MiniRaftCluster.java:532)
	at org.apache.ratis.RaftTestUtil.lambda$waitForLeader$3(RaftTestUtil.java:98)
	at org.apache.ratis.util.JavaUtils.attempt(JavaUtils.java:152)
	at org.apache.ratis.RaftTestUtil.waitForLeader(RaftTestUtil.java:97)
	at org.apache.ratis.RaftTestUtil.waitForLeader(RaftTestUtil.java:77)
	at org.apache.ratis.RaftTestUtil.waitForLeader(RaftTestUtil.java:72)
	at org.apache.ratis.server.impl.RaftReconfigurationBaseTest.runTestAddRemovePeers(RaftReconfigurationBaseTest.java:125)
	at org.apache.ratis.server.impl.RaftReconfigurationBaseTest.lambda$testLeaderStepDown$3(RaftReconfigurationBaseTest.java:121)
	at org.apache.ratis.MiniRaftCluster$Factory$Get.runWithNewCluster(MiniRaftCluster.java:125)
	at org.apache.ratis.MiniRaftCluster$Factory$Get.runWithNewCluster(MiniRaftCluster.java:113)
	at org.apache.ratis.server.impl.RaftReconfigurationBaseTest.testLeaderStepDown(RaftReconfigurationBaseTest.java:121)
	at sun.reflect.NativeMethodAccessorImpl.invoke0(Native Method)
	at sun.reflect.NativeMethodAccessorImpl.invoke(NativeMethodAccessorImpl.java:62)
	at sun.reflect.DelegatingMethodAccessorImpl.invoke(DelegatingMethodAccessorImpl.java:43)
	at java.lang.reflect.Method.invoke(Method.java:498)
	at org.junit.runners.model.FrameworkMethod$1.runReflectiveCall(FrameworkMethod.java:50)
	at org.junit.internal.runners.model.ReflectiveCallable.run(ReflectiveCallable.java:12)
	at org.junit.runners.model.FrameworkMethod.invokeExplosively(FrameworkMethod.java:47)
	at org.junit.internal.runners.statements.InvokeMethod.evaluate(InvokeMethod.java:17)
	at org.junit.internal.runners.statements.RunAfters.evaluate(RunAfters.java:27)
	at org.junit.internal.runners.statements.FailOnTimeout$CallableStatement.call(FailOnTimeout.java:298)
	at org.junit.internal.runners.statements.FailOnTimeout$CallableStatement.call(FailOnTimeout.java:292)
	at java.util.concurrent.FutureTask.run(FutureTask.java:266)
	at java.lang.Thread.run(Thread.java:748)
2019-09-24 16:33:46,198 INFO  impl.LeaderElection (LeaderElection.java:askForVotes(178)) - s1@group-A4401D2D6DDD-LeaderElection37: begin an election at term 5 for -1: [s3:0.0.0.0:36312, s4:0.0.0.0:37443, s0:0.0.0.0:41765, s1:0.0.0.0:36446, s2:0.0.0.0:41779], old=null
2019-09-24 16:33:46,198 DEBUG impl.RaftServerImpl (RaftServerImpl.java:requestVote(775)) - s3@group-A4401D2D6DDD replies to vote request: s2<-s3#0:FAIL-t5. Peer's state: s3@group-A4401D2D6DDD:t5, leader=null, voted=s3, raftlog=s3@group-A4401D2D6DDD-SegmentedRaftLog:OPENED:c-1,f-1,i0, conf=-1: [s3:0.0.0.0:36312, s4:0.0.0.0:37443, s0:0.0.0.0:41765, s1:0.0.0.0:36446, s2:0.0.0.0:41779], old=null
2019-09-24 16:33:46,198 DEBUG impl.RaftServerImpl (RaftServerImpl.java:requestVote(775)) - s1@group-A4401D2D6DDD replies to vote request: s2<-s1#0:FAIL-t5. Peer's state: s1@group-A4401D2D6DDD:t5, leader=null, voted=s1, raftlog=s1@group-A4401D2D6DDD-SegmentedRaftLog:OPENED:c-1,f-1,i0, conf=-1: [s3:0.0.0.0:36312, s4:0.0.0.0:37443, s0:0.0.0.0:41765, s1:0.0.0.0:36446, s2:0.0.0.0:41779], old=null
2019-09-24 16:33:46,198 INFO  impl.LeaderElection (LeaderElection.java:askForVotes(178)) - s3@group-A4401D2D6DDD-LeaderElection36: begin an election at term 5 for -1: [s3:0.0.0.0:36312, s4:0.0.0.0:37443, s0:0.0.0.0:41765, s1:0.0.0.0:36446, s2:0.0.0.0:41779], old=null
2019-09-24 16:33:46,199 DEBUG impl.RaftServerImpl (RaftServerImpl.java:requestVote(743)) - s3@group-A4401D2D6DDD: receive requestVote(s2, group-A4401D2D6DDD, 4, (t:0, i:0))
2019-09-24 16:33:46,200 DEBUG impl.RaftServerImpl (RaftServerImpl.java:requestVote(743)) - s1@group-A4401D2D6DDD: receive requestVote(s2, group-A4401D2D6DDD, 3, (t:0, i:0))
2019-09-24 16:33:46,199 DEBUG impl.RaftServerImpl (RaftServerImpl.java:requestVote(775)) - s1@group-A4401D2D6DDD replies to vote request: s4<-s1#0:FAIL-t5. Peer's state: s1@group-A4401D2D6DDD:t5, leader=null, voted=s1, raftlog=s1@group-A4401D2D6DDD-SegmentedRaftLog:OPENED:c-1,f-1,i0, conf=-1: [s3:0.0.0.0:36312, s4:0.0.0.0:37443, s0:0.0.0.0:41765, s1:0.0.0.0:36446, s2:0.0.0.0:41779], old=null
2019-09-24 16:33:46,199 DEBUG impl.RaftServerImpl (RaftServerImpl.java:requestVote(775)) - s3@group-A4401D2D6DDD replies to vote request: s0<-s3#0:FAIL-t5. Peer's state: s3@group-A4401D2D6DDD:t5, leader=null, voted=s3, raftlog=s3@group-A4401D2D6DDD-SegmentedRaftLog:OPENED:c-1,f-1,i0, conf=-1: [s3:0.0.0.0:36312, s4:0.0.0.0:37443, s0:0.0.0.0:41765, s1:0.0.0.0:36446, s2:0.0.0.0:41779], old=null
2019-09-24 16:33:46,201 DEBUG impl.RaftServerImpl (RaftServerImpl.java:requestVote(775)) - s1@group-A4401D2D6DDD replies to vote request: s0<-s1#0:FAIL-t5. Peer's state: s1@group-A4401D2D6DDD:t5, leader=null, voted=s1, raftlog=s1@group-A4401D2D6DDD-SegmentedRaftLog:OPENED:c-1,f-1,i0, conf=-1: [s3:0.0.0.0:36312, s4:0.0.0.0:37443, s0:0.0.0.0:41765, s1:0.0.0.0:36446, s2:0.0.0.0:41779], old=null
2019-09-24 16:33:46,201 DEBUG impl.RaftServerImpl (RaftServerImpl.java:requestVote(743)) - s3@group-A4401D2D6DDD: receive requestVote(s0, group-A4401D2D6DDD, 4, (t:0, i:0))
2019-09-24 16:33:46,201 DEBUG impl.RaftServerImpl (RaftServerImpl.java:requestVote(775)) - s3@group-A4401D2D6DDD replies to vote request: s2<-s3#0:FAIL-t5. Peer's state: s3@group-A4401D2D6DDD:t5, leader=null, voted=s3, raftlog=s3@group-A4401D2D6DDD-SegmentedRaftLog:OPENED:c-1,f-1,i0, conf=-1: [s3:0.0.0.0:36312, s4:0.0.0.0:37443, s0:0.0.0.0:41765, s1:0.0.0.0:36446, s2:0.0.0.0:41779], old=null
2019-09-24 16:33:46,201 DEBUG impl.RaftServerImpl (RaftServerImpl.java:requestVote(743)) - s1@group-A4401D2D6DDD: receive requestVote(s0, group-A4401D2D6DDD, 4, (t:0, i:0))
2019-09-24 16:33:46,201 DEBUG impl.RaftServerImpl (RaftServerImpl.java:requestVote(775)) - s1@group-A4401D2D6DDD replies to vote request: s2<-s1#0:FAIL-t5. Peer's state: s1@group-A4401D2D6DDD:t5, leader=null, voted=s1, raftlog=s1@group-A4401D2D6DDD-SegmentedRaftLog:OPENED:c-1,f-1,i0, conf=-1: [s3:0.0.0.0:36312, s4:0.0.0.0:37443, s0:0.0.0.0:41765, s1:0.0.0.0:36446, s2:0.0.0.0:41779], old=null
2019-09-24 16:33:46,202 DEBUG impl.RaftServerImpl (RaftServerImpl.java:requestVote(775)) - s3@group-A4401D2D6DDD replies to vote request: s0<-s3#0:FAIL-t5. Peer's state: s3@group-A4401D2D6DDD:t5, leader=null, voted=s3, raftlog=s3@group-A4401D2D6DDD-SegmentedRaftLog:OPENED:c-1,f-1,i0, conf=-1: [s3:0.0.0.0:36312, s4:0.0.0.0:37443, s0:0.0.0.0:41765, s1:0.0.0.0:36446, s2:0.0.0.0:41779], old=null
2019-09-24 16:33:46,203 DEBUG impl.RaftServerImpl (RaftServerImpl.java:requestVote(775)) - s1@group-A4401D2D6DDD replies to vote request: s0<-s1#0:FAIL-t5. Peer's state: s1@group-A4401D2D6DDD:t5, leader=null, voted=s1, raftlog=s1@group-A4401D2D6DDD-SegmentedRaftLog:OPENED:c-1,f-1,i0, conf=-1: [s3:0.0.0.0:36312, s4:0.0.0.0:37443, s0:0.0.0.0:41765, s1:0.0.0.0:36446, s2:0.0.0.0:41779], old=null
2019-09-24 16:33:46,203 DEBUG impl.RaftServerImpl (RaftServerImpl.java:requestVote(743)) - s4@group-A4401D2D6DDD: receive requestVote(s3, group-A4401D2D6DDD, 5, (t:0, i:0))
2019-09-24 16:33:46,204 DEBUG impl.RaftServerImpl (RaftServerImpl.java:requestVote(743)) - s3@group-A4401D2D6DDD: receive requestVote(s1, group-A4401D2D6DDD, 5, (t:0, i:0))
2019-09-24 16:33:46,204 DEBUG impl.RaftServerImpl (RaftServerImpl.java:requestVote(743)) - s0@group-A4401D2D6DDD: receive requestVote(s3, group-A4401D2D6DDD, 5, (t:0, i:0))
2019-09-24 16:33:46,205 DEBUG impl.RaftServerImpl (RaftServerImpl.java:requestVote(743)) - s1@group-A4401D2D6DDD: receive requestVote(s3, group-A4401D2D6DDD, 5, (t:0, i:0))
2019-09-24 16:33:46,205 DEBUG impl.RaftServerImpl (RaftServerImpl.java:requestVote(743)) - s2@group-A4401D2D6DDD: receive requestVote(s3, group-A4401D2D6DDD, 5, (t:0, i:0))
2019-09-24 16:33:46,204 DEBUG impl.RaftServerImpl (RaftServerImpl.java:requestVote(775)) - s3@group-A4401D2D6DDD replies to vote request: s1<-s3#0:FAIL-t5. Peer's state: s3@group-A4401D2D6DDD:t5, leader=null, voted=s3, raftlog=s3@group-A4401D2D6DDD-SegmentedRaftLog:OPENED:c-1,f-1,i0, conf=-1: [s3:0.0.0.0:36312, s4:0.0.0.0:37443, s0:0.0.0.0:41765, s1:0.0.0.0:36446, s2:0.0.0.0:41779], old=null
2019-09-24 16:33:46,205 DEBUG impl.RaftServerImpl (RaftServerImpl.java:requestVote(743)) - s0@group-A4401D2D6DDD: receive requestVote(s1, group-A4401D2D6DDD, 5, (t:0, i:0))
2019-09-24 16:33:46,205 DEBUG impl.RaftServerImpl (RaftServerImpl.java:requestVote(743)) - s2@group-A4401D2D6DDD: receive requestVote(s1, group-A4401D2D6DDD, 5, (t:0, i:0))
2019-09-24 16:33:46,205 DEBUG impl.RaftServerImpl (RaftServerImpl.java:requestVote(775)) - s1@group-A4401D2D6DDD replies to vote request: s3<-s1#0:FAIL-t5. Peer's state: s1@group-A4401D2D6DDD:t5, leader=null, voted=s1, raftlog=s1@group-A4401D2D6DDD-SegmentedRaftLog:OPENED:c-1,f-1,i0, conf=-1: [s3:0.0.0.0:36312, s4:0.0.0.0:37443, s0:0.0.0.0:41765, s1:0.0.0.0:36446, s2:0.0.0.0:41779], old=null
2019-09-24 16:33:46,430 INFO  impl.LeaderElection (LeaderElection.java:logAndReturn(56)) - s3@group-A4401D2D6DDD-LeaderElection36: Election TIMEOUT; received 1 response(s) [s3<-s1#0:FAIL-t5] and 0 exception(s); s3@group-A4401D2D6DDD:t5, leader=null, voted=s3, raftlog=s3@group-A4401D2D6DDD-SegmentedRaftLog:OPENED:c-1,f-1,i0, conf=-1: [s3:0.0.0.0:36312, s4:0.0.0.0:37443, s0:0.0.0.0:41765, s1:0.0.0.0:36446, s2:0.0.0.0:41779], old=null
2019-09-24 16:33:46,499 INFO  impl.LeaderElection (LeaderElection.java:logAndReturn(56)) - s1@group-A4401D2D6DDD-LeaderElection37: Election TIMEOUT; received 1 response(s) [s1<-s3#0:FAIL-t5] and 0 exception(s); s1@group-A4401D2D6DDD:t5, leader=null, voted=s1, raftlog=s1@group-A4401D2D6DDD-SegmentedRaftLog:OPENED:c-1,f-1,i0, conf=-1: [s3:0.0.0.0:36312, s4:0.0.0.0:37443, s0:0.0.0.0:41765, s1:0.0.0.0:36446, s2:0.0.0.0:41779], old=null
2019-09-24 16:33:46,552 WARN  ratis.RaftTestUtil (JavaUtils.java:attempt(158)) - FAILED "waitForLeader-null-(expectLeader? true)", attempt #55/100: java.lang.IllegalStateException: No leader yet : printing ALL groups
  s3:  RUNNING CANDIDATE s3@group-A4401D2D6DDD:t6, leader=null, voted=s3, raftlog=s3@group-A4401D2D6DDD-SegmentedRaftLog:OPENED:c-1,f-1,i0, conf=-1: [s3:0.0.0.0:36312, s4:0.0.0.0:37443, s0:0.0.0.0:41765, s1:0.0.0.0:36446, s2:0.0.0.0:41779], old=null RUNNING
  s4:  RUNNING CANDIDATE s4@group-A4401D2D6DDD:t5, leader=null, voted=s4, raftlog=s4@group-A4401D2D6DDD-SegmentedRaftLog:OPENED:c-1,f-1,i0, conf=-1: [s3:0.0.0.0:36312, s4:0.0.0.0:37443, s0:0.0.0.0:41765, s1:0.0.0.0:36446, s2:0.0.0.0:41779], old=null RUNNING
  s0:  RUNNING CANDIDATE s0@group-A4401D2D6DDD:t5, leader=null, voted=s0, raftlog=s0@group-A4401D2D6DDD-SegmentedRaftLog:OPENED:c-1,f-1,i0, conf=-1: [s3:0.0.0.0:36312, s4:0.0.0.0:37443, s0:0.0.0.0:41765, s1:0.0.0.0:36446, s2:0.0.0.0:41779], old=null RUNNING
  s1:  RUNNING CANDIDATE s1@group-A4401D2D6DDD:t6, leader=null, voted=s1, raftlog=s1@group-A4401D2D6DDD-SegmentedRaftLog:OPENED:c-1,f-1,i0, conf=-1: [s3:0.0.0.0:36312, s4:0.0.0.0:37443, s0:0.0.0.0:41765, s1:0.0.0.0:36446, s2:0.0.0.0:41779], old=null RUNNING
  s2:  RUNNING CANDIDATE s2@group-A4401D2D6DDD:t5, leader=null, voted=s2, raftlog=s2@group-A4401D2D6DDD-SegmentedRaftLog:OPENED:c-1,f-1,i0, conf=-1: [s3:0.0.0.0:36312, s4:0.0.0.0:37443, s0:0.0.0.0:41765, s1:0.0.0.0:36446, s2:0.0.0.0:41779], old=null RUNNING, sleep 450ms and then retry.
java.lang.IllegalStateException: No leader yet : printing ALL groups
  s3:  RUNNING CANDIDATE s3@group-A4401D2D6DDD:t6, leader=null, voted=s3, raftlog=s3@group-A4401D2D6DDD-SegmentedRaftLog:OPENED:c-1,f-1,i0, conf=-1: [s3:0.0.0.0:36312, s4:0.0.0.0:37443, s0:0.0.0.0:41765, s1:0.0.0.0:36446, s2:0.0.0.0:41779], old=null RUNNING
  s4:  RUNNING CANDIDATE s4@group-A4401D2D6DDD:t5, leader=null, voted=s4, raftlog=s4@group-A4401D2D6DDD-SegmentedRaftLog:OPENED:c-1,f-1,i0, conf=-1: [s3:0.0.0.0:36312, s4:0.0.0.0:37443, s0:0.0.0.0:41765, s1:0.0.0.0:36446, s2:0.0.0.0:41779], old=null RUNNING
  s0:  RUNNING CANDIDATE s0@group-A4401D2D6DDD:t5, leader=null, voted=s0, raftlog=s0@group-A4401D2D6DDD-SegmentedRaftLog:OPENED:c-1,f-1,i0, conf=-1: [s3:0.0.0.0:36312, s4:0.0.0.0:37443, s0:0.0.0.0:41765, s1:0.0.0.0:36446, s2:0.0.0.0:41779], old=null RUNNING
  s1:  RUNNING CANDIDATE s1@group-A4401D2D6DDD:t6, leader=null, voted=s1, raftlog=s1@group-A4401D2D6DDD-SegmentedRaftLog:OPENED:c-1,f-1,i0, conf=-1: [s3:0.0.0.0:36312, s4:0.0.0.0:37443, s0:0.0.0.0:41765, s1:0.0.0.0:36446, s2:0.0.0.0:41779], old=null RUNNING
  s2:  RUNNING CANDIDATE s2@group-A4401D2D6DDD:t5, leader=null, voted=s2, raftlog=s2@group-A4401D2D6DDD-SegmentedRaftLog:OPENED:c-1,f-1,i0, conf=-1: [s3:0.0.0.0:36312, s4:0.0.0.0:37443, s0:0.0.0.0:41765, s1:0.0.0.0:36446, s2:0.0.0.0:41779], old=null RUNNING
	at org.apache.ratis.MiniRaftCluster.newIllegalStateExceptionForNoLeaders(MiniRaftCluster.java:506)
	at org.apache.ratis.RaftTestUtil.lambda$waitForLeader$1(RaftTestUtil.java:90)
	at org.apache.ratis.MiniRaftCluster.getLeader(MiniRaftCluster.java:539)
	at org.apache.ratis.MiniRaftCluster.getLeader(MiniRaftCluster.java:532)
	at org.apache.ratis.RaftTestUtil.lambda$waitForLeader$3(RaftTestUtil.java:98)
	at org.apache.ratis.util.JavaUtils.attempt(JavaUtils.java:152)
	at org.apache.ratis.RaftTestUtil.waitForLeader(RaftTestUtil.java:97)
	at org.apache.ratis.RaftTestUtil.waitForLeader(RaftTestUtil.java:77)
	at org.apache.ratis.RaftTestUtil.waitForLeader(RaftTestUtil.java:72)
	at org.apache.ratis.server.impl.RaftReconfigurationBaseTest.runTestAddRemovePeers(RaftReconfigurationBaseTest.java:125)
	at org.apache.ratis.server.impl.RaftReconfigurationBaseTest.lambda$testLeaderStepDown$3(RaftReconfigurationBaseTest.java:121)
	at org.apache.ratis.MiniRaftCluster$Factory$Get.runWithNewCluster(MiniRaftCluster.java:125)
	at org.apache.ratis.MiniRaftCluster$Factory$Get.runWithNewCluster(MiniRaftCluster.java:113)
	at org.apache.ratis.server.impl.RaftReconfigurationBaseTest.testLeaderStepDown(RaftReconfigurationBaseTest.java:121)
	at sun.reflect.NativeMethodAccessorImpl.invoke0(Native Method)
	at sun.reflect.NativeMethodAccessorImpl.invoke(NativeMethodAccessorImpl.java:62)
	at sun.reflect.DelegatingMethodAccessorImpl.invoke(DelegatingMethodAccessorImpl.java:43)
	at java.lang.reflect.Method.invoke(Method.java:498)
	at org.junit.runners.model.FrameworkMethod$1.runReflectiveCall(FrameworkMethod.java:50)
	at org.junit.internal.runners.model.ReflectiveCallable.run(ReflectiveCallable.java:12)
	at org.junit.runners.model.FrameworkMethod.invokeExplosively(FrameworkMethod.java:47)
	at org.junit.internal.runners.statements.InvokeMethod.evaluate(InvokeMethod.java:17)
	at org.junit.internal.runners.statements.RunAfters.evaluate(RunAfters.java:27)
	at org.junit.internal.runners.statements.FailOnTimeout$CallableStatement.call(FailOnTimeout.java:298)
	at org.junit.internal.runners.statements.FailOnTimeout$CallableStatement.call(FailOnTimeout.java:292)
	at java.util.concurrent.FutureTask.run(FutureTask.java:266)
	at java.lang.Thread.run(Thread.java:748)
2019-09-24 16:33:47,003 WARN  ratis.RaftTestUtil (JavaUtils.java:attempt(158)) - FAILED "waitForLeader-null-(expectLeader? true)", attempt #56/100: java.lang.IllegalStateException: No leader yet : printing ALL groups
  s3:  RUNNING CANDIDATE s3@group-A4401D2D6DDD:t6, leader=null, voted=s3, raftlog=s3@group-A4401D2D6DDD-SegmentedRaftLog:OPENED:c-1,f-1,i0, conf=-1: [s3:0.0.0.0:36312, s4:0.0.0.0:37443, s0:0.0.0.0:41765, s1:0.0.0.0:36446, s2:0.0.0.0:41779], old=null RUNNING
  s4:  RUNNING CANDIDATE s4@group-A4401D2D6DDD:t5, leader=null, voted=s4, raftlog=s4@group-A4401D2D6DDD-SegmentedRaftLog:OPENED:c-1,f-1,i0, conf=-1: [s3:0.0.0.0:36312, s4:0.0.0.0:37443, s0:0.0.0.0:41765, s1:0.0.0.0:36446, s2:0.0.0.0:41779], old=null RUNNING
  s0:  RUNNING CANDIDATE s0@group-A4401D2D6DDD:t5, leader=null, voted=s0, raftlog=s0@group-A4401D2D6DDD-SegmentedRaftLog:OPENED:c-1,f-1,i0, conf=-1: [s3:0.0.0.0:36312, s4:0.0.0.0:37443, s0:0.0.0.0:41765, s1:0.0.0.0:36446, s2:0.0.0.0:41779], old=null RUNNING
  s1:  RUNNING CANDIDATE s1@group-A4401D2D6DDD:t6, leader=null, voted=s1, raftlog=s1@group-A4401D2D6DDD-SegmentedRaftLog:OPENED:c-1,f-1,i0, conf=-1: [s3:0.0.0.0:36312, s4:0.0.0.0:37443, s0:0.0.0.0:41765, s1:0.0.0.0:36446, s2:0.0.0.0:41779], old=null RUNNING
  s2:  RUNNING CANDIDATE s2@group-A4401D2D6DDD:t5, leader=null, voted=s2, raftlog=s2@group-A4401D2D6DDD-SegmentedRaftLog:OPENED:c-1,f-1,i0, conf=-1: [s3:0.0.0.0:36312, s4:0.0.0.0:37443, s0:0.0.0.0:41765, s1:0.0.0.0:36446, s2:0.0.0.0:41779], old=null RUNNING, sleep 450ms and then retry.
java.lang.IllegalStateException: No leader yet : printing ALL groups
  s3:  RUNNING CANDIDATE s3@group-A4401D2D6DDD:t6, leader=null, voted=s3, raftlog=s3@group-A4401D2D6DDD-SegmentedRaftLog:OPENED:c-1,f-1,i0, conf=-1: [s3:0.0.0.0:36312, s4:0.0.0.0:37443, s0:0.0.0.0:41765, s1:0.0.0.0:36446, s2:0.0.0.0:41779], old=null RUNNING
  s4:  RUNNING CANDIDATE s4@group-A4401D2D6DDD:t5, leader=null, voted=s4, raftlog=s4@group-A4401D2D6DDD-SegmentedRaftLog:OPENED:c-1,f-1,i0, conf=-1: [s3:0.0.0.0:36312, s4:0.0.0.0:37443, s0:0.0.0.0:41765, s1:0.0.0.0:36446, s2:0.0.0.0:41779], old=null RUNNING
  s0:  RUNNING CANDIDATE s0@group-A4401D2D6DDD:t5, leader=null, voted=s0, raftlog=s0@group-A4401D2D6DDD-SegmentedRaftLog:OPENED:c-1,f-1,i0, conf=-1: [s3:0.0.0.0:36312, s4:0.0.0.0:37443, s0:0.0.0.0:41765, s1:0.0.0.0:36446, s2:0.0.0.0:41779], old=null RUNNING
  s1:  RUNNING CANDIDATE s1@group-A4401D2D6DDD:t6, leader=null, voted=s1, raftlog=s1@group-A4401D2D6DDD-SegmentedRaftLog:OPENED:c-1,f-1,i0, conf=-1: [s3:0.0.0.0:36312, s4:0.0.0.0:37443, s0:0.0.0.0:41765, s1:0.0.0.0:36446, s2:0.0.0.0:41779], old=null RUNNING
  s2:  RUNNING CANDIDATE s2@group-A4401D2D6DDD:t5, leader=null, voted=s2, raftlog=s2@group-A4401D2D6DDD-SegmentedRaftLog:OPENED:c-1,f-1,i0, conf=-1: [s3:0.0.0.0:36312, s4:0.0.0.0:37443, s0:0.0.0.0:41765, s1:0.0.0.0:36446, s2:0.0.0.0:41779], old=null RUNNING
	at org.apache.ratis.MiniRaftCluster.newIllegalStateExceptionForNoLeaders(MiniRaftCluster.java:506)
	at org.apache.ratis.RaftTestUtil.lambda$waitForLeader$1(RaftTestUtil.java:90)
	at org.apache.ratis.MiniRaftCluster.getLeader(MiniRaftCluster.java:539)
	at org.apache.ratis.MiniRaftCluster.getLeader(MiniRaftCluster.java:532)
	at org.apache.ratis.RaftTestUtil.lambda$waitForLeader$3(RaftTestUtil.java:98)
	at org.apache.ratis.util.JavaUtils.attempt(JavaUtils.java:152)
	at org.apache.ratis.RaftTestUtil.waitForLeader(RaftTestUtil.java:97)
	at org.apache.ratis.RaftTestUtil.waitForLeader(RaftTestUtil.java:77)
	at org.apache.ratis.RaftTestUtil.waitForLeader(RaftTestUtil.java:72)
	at org.apache.ratis.server.impl.RaftReconfigurationBaseTest.runTestAddRemovePeers(RaftReconfigurationBaseTest.java:125)
	at org.apache.ratis.server.impl.RaftReconfigurationBaseTest.lambda$testLeaderStepDown$3(RaftReconfigurationBaseTest.java:121)
	at org.apache.ratis.MiniRaftCluster$Factory$Get.runWithNewCluster(MiniRaftCluster.java:125)
	at org.apache.ratis.MiniRaftCluster$Factory$Get.runWithNewCluster(MiniRaftCluster.java:113)
	at org.apache.ratis.server.impl.RaftReconfigurationBaseTest.testLeaderStepDown(RaftReconfigurationBaseTest.java:121)
	at sun.reflect.NativeMethodAccessorImpl.invoke0(Native Method)
	at sun.reflect.NativeMethodAccessorImpl.invoke(NativeMethodAccessorImpl.java:62)
	at sun.reflect.DelegatingMethodAccessorImpl.invoke(DelegatingMethodAccessorImpl.java:43)
	at java.lang.reflect.Method.invoke(Method.java:498)
	at org.junit.runners.model.FrameworkMethod$1.runReflectiveCall(FrameworkMethod.java:50)
	at org.junit.internal.runners.model.ReflectiveCallable.run(ReflectiveCallable.java:12)
	at org.junit.runners.model.FrameworkMethod.invokeExplosively(FrameworkMethod.java:47)
	at org.junit.internal.runners.statements.InvokeMethod.evaluate(InvokeMethod.java:17)
	at org.junit.internal.runners.statements.RunAfters.evaluate(RunAfters.java:27)
	at org.junit.internal.runners.statements.FailOnTimeout$CallableStatement.call(FailOnTimeout.java:298)
	at org.junit.internal.runners.statements.FailOnTimeout$CallableStatement.call(FailOnTimeout.java:292)
	at java.util.concurrent.FutureTask.run(FutureTask.java:266)
	at java.lang.Thread.run(Thread.java:748)
2019-09-24 16:33:47,455 WARN  ratis.RaftTestUtil (JavaUtils.java:attempt(158)) - FAILED "waitForLeader-null-(expectLeader? true)", attempt #57/100: java.lang.IllegalStateException: No leader yet : printing ALL groups
  s3:  RUNNING CANDIDATE s3@group-A4401D2D6DDD:t6, leader=null, voted=s3, raftlog=s3@group-A4401D2D6DDD-SegmentedRaftLog:OPENED:c-1,f-1,i0, conf=-1: [s3:0.0.0.0:36312, s4:0.0.0.0:37443, s0:0.0.0.0:41765, s1:0.0.0.0:36446, s2:0.0.0.0:41779], old=null RUNNING
  s4:  RUNNING CANDIDATE s4@group-A4401D2D6DDD:t5, leader=null, voted=s4, raftlog=s4@group-A4401D2D6DDD-SegmentedRaftLog:OPENED:c-1,f-1,i0, conf=-1: [s3:0.0.0.0:36312, s4:0.0.0.0:37443, s0:0.0.0.0:41765, s1:0.0.0.0:36446, s2:0.0.0.0:41779], old=null RUNNING
  s0:  RUNNING CANDIDATE s0@group-A4401D2D6DDD:t5, leader=null, voted=s0, raftlog=s0@group-A4401D2D6DDD-SegmentedRaftLog:OPENED:c-1,f-1,i0, conf=-1: [s3:0.0.0.0:36312, s4:0.0.0.0:37443, s0:0.0.0.0:41765, s1:0.0.0.0:36446, s2:0.0.0.0:41779], old=null RUNNING
  s1:  RUNNING CANDIDATE s1@group-A4401D2D6DDD:t6, leader=null, voted=s1, raftlog=s1@group-A4401D2D6DDD-SegmentedRaftLog:OPENED:c-1,f-1,i0, conf=-1: [s3:0.0.0.0:36312, s4:0.0.0.0:37443, s0:0.0.0.0:41765, s1:0.0.0.0:36446, s2:0.0.0.0:41779], old=null RUNNING
  s2:  RUNNING CANDIDATE s2@group-A4401D2D6DDD:t5, leader=null, voted=s2, raftlog=s2@group-A4401D2D6DDD-SegmentedRaftLog:OPENED:c-1,f-1,i0, conf=-1: [s3:0.0.0.0:36312, s4:0.0.0.0:37443, s0:0.0.0.0:41765, s1:0.0.0.0:36446, s2:0.0.0.0:41779], old=null RUNNING, sleep 450ms and then retry.
java.lang.IllegalStateException: No leader yet : printing ALL groups
  s3:  RUNNING CANDIDATE s3@group-A4401D2D6DDD:t6, leader=null, voted=s3, raftlog=s3@group-A4401D2D6DDD-SegmentedRaftLog:OPENED:c-1,f-1,i0, conf=-1: [s3:0.0.0.0:36312, s4:0.0.0.0:37443, s0:0.0.0.0:41765, s1:0.0.0.0:36446, s2:0.0.0.0:41779], old=null RUNNING
  s4:  RUNNING CANDIDATE s4@group-A4401D2D6DDD:t5, leader=null, voted=s4, raftlog=s4@group-A4401D2D6DDD-SegmentedRaftLog:OPENED:c-1,f-1,i0, conf=-1: [s3:0.0.0.0:36312, s4:0.0.0.0:37443, s0:0.0.0.0:41765, s1:0.0.0.0:36446, s2:0.0.0.0:41779], old=null RUNNING
  s0:  RUNNING CANDIDATE s0@group-A4401D2D6DDD:t5, leader=null, voted=s0, raftlog=s0@group-A4401D2D6DDD-SegmentedRaftLog:OPENED:c-1,f-1,i0, conf=-1: [s3:0.0.0.0:36312, s4:0.0.0.0:37443, s0:0.0.0.0:41765, s1:0.0.0.0:36446, s2:0.0.0.0:41779], old=null RUNNING
  s1:  RUNNING CANDIDATE s1@group-A4401D2D6DDD:t6, leader=null, voted=s1, raftlog=s1@group-A4401D2D6DDD-SegmentedRaftLog:OPENED:c-1,f-1,i0, conf=-1: [s3:0.0.0.0:36312, s4:0.0.0.0:37443, s0:0.0.0.0:41765, s1:0.0.0.0:36446, s2:0.0.0.0:41779], old=null RUNNING
  s2:  RUNNING CANDIDATE s2@group-A4401D2D6DDD:t5, leader=null, voted=s2, raftlog=s2@group-A4401D2D6DDD-SegmentedRaftLog:OPENED:c-1,f-1,i0, conf=-1: [s3:0.0.0.0:36312, s4:0.0.0.0:37443, s0:0.0.0.0:41765, s1:0.0.0.0:36446, s2:0.0.0.0:41779], old=null RUNNING
	at org.apache.ratis.MiniRaftCluster.newIllegalStateExceptionForNoLeaders(MiniRaftCluster.java:506)
	at org.apache.ratis.RaftTestUtil.lambda$waitForLeader$1(RaftTestUtil.java:90)
	at org.apache.ratis.MiniRaftCluster.getLeader(MiniRaftCluster.java:539)
	at org.apache.ratis.MiniRaftCluster.getLeader(MiniRaftCluster.java:532)
	at org.apache.ratis.RaftTestUtil.lambda$waitForLeader$3(RaftTestUtil.java:98)
	at org.apache.ratis.util.JavaUtils.attempt(JavaUtils.java:152)
	at org.apache.ratis.RaftTestUtil.waitForLeader(RaftTestUtil.java:97)
	at org.apache.ratis.RaftTestUtil.waitForLeader(RaftTestUtil.java:77)
	at org.apache.ratis.RaftTestUtil.waitForLeader(RaftTestUtil.java:72)
	at org.apache.ratis.server.impl.RaftReconfigurationBaseTest.runTestAddRemovePeers(RaftReconfigurationBaseTest.java:125)
	at org.apache.ratis.server.impl.RaftReconfigurationBaseTest.lambda$testLeaderStepDown$3(RaftReconfigurationBaseTest.java:121)
	at org.apache.ratis.MiniRaftCluster$Factory$Get.runWithNewCluster(MiniRaftCluster.java:125)
	at org.apache.ratis.MiniRaftCluster$Factory$Get.runWithNewCluster(MiniRaftCluster.java:113)
	at org.apache.ratis.server.impl.RaftReconfigurationBaseTest.testLeaderStepDown(RaftReconfigurationBaseTest.java:121)
	at sun.reflect.NativeMethodAccessorImpl.invoke0(Native Method)
	at sun.reflect.NativeMethodAccessorImpl.invoke(NativeMethodAccessorImpl.java:62)
	at sun.reflect.DelegatingMethodAccessorImpl.invoke(DelegatingMethodAccessorImpl.java:43)
	at java.lang.reflect.Method.invoke(Method.java:498)
	at org.junit.runners.model.FrameworkMethod$1.runReflectiveCall(FrameworkMethod.java:50)
	at org.junit.internal.runners.model.ReflectiveCallable.run(ReflectiveCallable.java:12)
	at org.junit.runners.model.FrameworkMethod.invokeExplosively(FrameworkMethod.java:47)
	at org.junit.internal.runners.statements.InvokeMethod.evaluate(InvokeMethod.java:17)
	at org.junit.internal.runners.statements.RunAfters.evaluate(RunAfters.java:27)
	at org.junit.internal.runners.statements.FailOnTimeout$CallableStatement.call(FailOnTimeout.java:298)
	at org.junit.internal.runners.statements.FailOnTimeout$CallableStatement.call(FailOnTimeout.java:292)
	at java.util.concurrent.FutureTask.run(FutureTask.java:266)
	at java.lang.Thread.run(Thread.java:748)
2019-09-24 16:33:47,906 WARN  ratis.RaftTestUtil (JavaUtils.java:attempt(158)) - FAILED "waitForLeader-null-(expectLeader? true)", attempt #58/100: java.lang.IllegalStateException: No leader yet : printing ALL groups
  s3:  RUNNING CANDIDATE s3@group-A4401D2D6DDD:t6, leader=null, voted=s3, raftlog=s3@group-A4401D2D6DDD-SegmentedRaftLog:OPENED:c-1,f-1,i0, conf=-1: [s3:0.0.0.0:36312, s4:0.0.0.0:37443, s0:0.0.0.0:41765, s1:0.0.0.0:36446, s2:0.0.0.0:41779], old=null RUNNING
  s4:  RUNNING CANDIDATE s4@group-A4401D2D6DDD:t5, leader=null, voted=s4, raftlog=s4@group-A4401D2D6DDD-SegmentedRaftLog:OPENED:c-1,f-1,i0, conf=-1: [s3:0.0.0.0:36312, s4:0.0.0.0:37443, s0:0.0.0.0:41765, s1:0.0.0.0:36446, s2:0.0.0.0:41779], old=null RUNNING
  s0:  RUNNING CANDIDATE s0@group-A4401D2D6DDD:t5, leader=null, voted=s0, raftlog=s0@group-A4401D2D6DDD-SegmentedRaftLog:OPENED:c-1,f-1,i0, conf=-1: [s3:0.0.0.0:36312, s4:0.0.0.0:37443, s0:0.0.0.0:41765, s1:0.0.0.0:36446, s2:0.0.0.0:41779], old=null RUNNING
  s1:  RUNNING CANDIDATE s1@group-A4401D2D6DDD:t6, leader=null, voted=s1, raftlog=s1@group-A4401D2D6DDD-SegmentedRaftLog:OPENED:c-1,f-1,i0, conf=-1: [s3:0.0.0.0:36312, s4:0.0.0.0:37443, s0:0.0.0.0:41765, s1:0.0.0.0:36446, s2:0.0.0.0:41779], old=null RUNNING
  s2:  RUNNING CANDIDATE s2@group-A4401D2D6DDD:t5, leader=null, voted=s2, raftlog=s2@group-A4401D2D6DDD-SegmentedRaftLog:OPENED:c-1,f-1,i0, conf=-1: [s3:0.0.0.0:36312, s4:0.0.0.0:37443, s0:0.0.0.0:41765, s1:0.0.0.0:36446, s2:0.0.0.0:41779], old=null RUNNING, sleep 450ms and then retry.
java.lang.IllegalStateException: No leader yet : printing ALL groups
  s3:  RUNNING CANDIDATE s3@group-A4401D2D6DDD:t6, leader=null, voted=s3, raftlog=s3@group-A4401D2D6DDD-SegmentedRaftLog:OPENED:c-1,f-1,i0, conf=-1: [s3:0.0.0.0:36312, s4:0.0.0.0:37443, s0:0.0.0.0:41765, s1:0.0.0.0:36446, s2:0.0.0.0:41779], old=null RUNNING
  s4:  RUNNING CANDIDATE s4@group-A4401D2D6DDD:t5, leader=null, voted=s4, raftlog=s4@group-A4401D2D6DDD-SegmentedRaftLog:OPENED:c-1,f-1,i0, conf=-1: [s3:0.0.0.0:36312, s4:0.0.0.0:37443, s0:0.0.0.0:41765, s1:0.0.0.0:36446, s2:0.0.0.0:41779], old=null RUNNING
  s0:  RUNNING CANDIDATE s0@group-A4401D2D6DDD:t5, leader=null, voted=s0, raftlog=s0@group-A4401D2D6DDD-SegmentedRaftLog:OPENED:c-1,f-1,i0, conf=-1: [s3:0.0.0.0:36312, s4:0.0.0.0:37443, s0:0.0.0.0:41765, s1:0.0.0.0:36446, s2:0.0.0.0:41779], old=null RUNNING
  s1:  RUNNING CANDIDATE s1@group-A4401D2D6DDD:t6, leader=null, voted=s1, raftlog=s1@group-A4401D2D6DDD-SegmentedRaftLog:OPENED:c-1,f-1,i0, conf=-1: [s3:0.0.0.0:36312, s4:0.0.0.0:37443, s0:0.0.0.0:41765, s1:0.0.0.0:36446, s2:0.0.0.0:41779], old=null RUNNING
  s2:  RUNNING CANDIDATE s2@group-A4401D2D6DDD:t5, leader=null, voted=s2, raftlog=s2@group-A4401D2D6DDD-SegmentedRaftLog:OPENED:c-1,f-1,i0, conf=-1: [s3:0.0.0.0:36312, s4:0.0.0.0:37443, s0:0.0.0.0:41765, s1:0.0.0.0:36446, s2:0.0.0.0:41779], old=null RUNNING
	at org.apache.ratis.MiniRaftCluster.newIllegalStateExceptionForNoLeaders(MiniRaftCluster.java:506)
	at org.apache.ratis.RaftTestUtil.lambda$waitForLeader$1(RaftTestUtil.java:90)
	at org.apache.ratis.MiniRaftCluster.getLeader(MiniRaftCluster.java:539)
	at org.apache.ratis.MiniRaftCluster.getLeader(MiniRaftCluster.java:532)
	at org.apache.ratis.RaftTestUtil.lambda$waitForLeader$3(RaftTestUtil.java:98)
	at org.apache.ratis.util.JavaUtils.attempt(JavaUtils.java:152)
	at org.apache.ratis.RaftTestUtil.waitForLeader(RaftTestUtil.java:97)
	at org.apache.ratis.RaftTestUtil.waitForLeader(RaftTestUtil.java:77)
	at org.apache.ratis.RaftTestUtil.waitForLeader(RaftTestUtil.java:72)
	at org.apache.ratis.server.impl.RaftReconfigurationBaseTest.runTestAddRemovePeers(RaftReconfigurationBaseTest.java:125)
	at org.apache.ratis.server.impl.RaftReconfigurationBaseTest.lambda$testLeaderStepDown$3(RaftReconfigurationBaseTest.java:121)
	at org.apache.ratis.MiniRaftCluster$Factory$Get.runWithNewCluster(MiniRaftCluster.java:125)
	at org.apache.ratis.MiniRaftCluster$Factory$Get.runWithNewCluster(MiniRaftCluster.java:113)
	at org.apache.ratis.server.impl.RaftReconfigurationBaseTest.testLeaderStepDown(RaftReconfigurationBaseTest.java:121)
	at sun.reflect.NativeMethodAccessorImpl.invoke0(Native Method)
	at sun.reflect.NativeMethodAccessorImpl.invoke(NativeMethodAccessorImpl.java:62)
	at sun.reflect.DelegatingMethodAccessorImpl.invoke(DelegatingMethodAccessorImpl.java:43)
	at java.lang.reflect.Method.invoke(Method.java:498)
	at org.junit.runners.model.FrameworkMethod$1.runReflectiveCall(FrameworkMethod.java:50)
	at org.junit.internal.runners.model.ReflectiveCallable.run(ReflectiveCallable.java:12)
	at org.junit.runners.model.FrameworkMethod.invokeExplosively(FrameworkMethod.java:47)
	at org.junit.internal.runners.statements.InvokeMethod.evaluate(InvokeMethod.java:17)
	at org.junit.internal.runners.statements.RunAfters.evaluate(RunAfters.java:27)
	at org.junit.internal.runners.statements.FailOnTimeout$CallableStatement.call(FailOnTimeout.java:298)
	at org.junit.internal.runners.statements.FailOnTimeout$CallableStatement.call(FailOnTimeout.java:292)
	at java.util.concurrent.FutureTask.run(FutureTask.java:266)
	at java.lang.Thread.run(Thread.java:748)
2019-09-24 16:33:48,357 WARN  ratis.RaftTestUtil (JavaUtils.java:attempt(158)) - FAILED "waitForLeader-null-(expectLeader? true)", attempt #59/100: java.lang.IllegalStateException: No leader yet : printing ALL groups
  s3:  RUNNING CANDIDATE s3@group-A4401D2D6DDD:t6, leader=null, voted=s3, raftlog=s3@group-A4401D2D6DDD-SegmentedRaftLog:OPENED:c-1,f-1,i0, conf=-1: [s3:0.0.0.0:36312, s4:0.0.0.0:37443, s0:0.0.0.0:41765, s1:0.0.0.0:36446, s2:0.0.0.0:41779], old=null RUNNING
  s4:  RUNNING CANDIDATE s4@group-A4401D2D6DDD:t5, leader=null, voted=s4, raftlog=s4@group-A4401D2D6DDD-SegmentedRaftLog:OPENED:c-1,f-1,i0, conf=-1: [s3:0.0.0.0:36312, s4:0.0.0.0:37443, s0:0.0.0.0:41765, s1:0.0.0.0:36446, s2:0.0.0.0:41779], old=null RUNNING
  s0:  RUNNING CANDIDATE s0@group-A4401D2D6DDD:t5, leader=null, voted=s0, raftlog=s0@group-A4401D2D6DDD-SegmentedRaftLog:OPENED:c-1,f-1,i0, conf=-1: [s3:0.0.0.0:36312, s4:0.0.0.0:37443, s0:0.0.0.0:41765, s1:0.0.0.0:36446, s2:0.0.0.0:41779], old=null RUNNING
  s1:  RUNNING CANDIDATE s1@group-A4401D2D6DDD:t6, leader=null, voted=s1, raftlog=s1@group-A4401D2D6DDD-SegmentedRaftLog:OPENED:c-1,f-1,i0, conf=-1: [s3:0.0.0.0:36312, s4:0.0.0.0:37443, s0:0.0.0.0:41765, s1:0.0.0.0:36446, s2:0.0.0.0:41779], old=null RUNNING
  s2:  RUNNING CANDIDATE s2@group-A4401D2D6DDD:t5, leader=null, voted=s2, raftlog=s2@group-A4401D2D6DDD-SegmentedRaftLog:OPENED:c-1,f-1,i0, conf=-1: [s3:0.0.0.0:36312, s4:0.0.0.0:37443, s0:0.0.0.0:41765, s1:0.0.0.0:36446, s2:0.0.0.0:41779], old=null RUNNING, sleep 450ms and then retry.
java.lang.IllegalStateException: No leader yet : printing ALL groups
  s3:  RUNNING CANDIDATE s3@group-A4401D2D6DDD:t6, leader=null, voted=s3, raftlog=s3@group-A4401D2D6DDD-SegmentedRaftLog:OPENED:c-1,f-1,i0, conf=-1: [s3:0.0.0.0:36312, s4:0.0.0.0:37443, s0:0.0.0.0:41765, s1:0.0.0.0:36446, s2:0.0.0.0:41779], old=null RUNNING
  s4:  RUNNING CANDIDATE s4@group-A4401D2D6DDD:t5, leader=null, voted=s4, raftlog=s4@group-A4401D2D6DDD-SegmentedRaftLog:OPENED:c-1,f-1,i0, conf=-1: [s3:0.0.0.0:36312, s4:0.0.0.0:37443, s0:0.0.0.0:41765, s1:0.0.0.0:36446, s2:0.0.0.0:41779], old=null RUNNING
  s0:  RUNNING CANDIDATE s0@group-A4401D2D6DDD:t5, leader=null, voted=s0, raftlog=s0@group-A4401D2D6DDD-SegmentedRaftLog:OPENED:c-1,f-1,i0, conf=-1: [s3:0.0.0.0:36312, s4:0.0.0.0:37443, s0:0.0.0.0:41765, s1:0.0.0.0:36446, s2:0.0.0.0:41779], old=null RUNNING
  s1:  RUNNING CANDIDATE s1@group-A4401D2D6DDD:t6, leader=null, voted=s1, raftlog=s1@group-A4401D2D6DDD-SegmentedRaftLog:OPENED:c-1,f-1,i0, conf=-1: [s3:0.0.0.0:36312, s4:0.0.0.0:37443, s0:0.0.0.0:41765, s1:0.0.0.0:36446, s2:0.0.0.0:41779], old=null RUNNING
  s2:  RUNNING CANDIDATE s2@group-A4401D2D6DDD:t5, leader=null, voted=s2, raftlog=s2@group-A4401D2D6DDD-SegmentedRaftLog:OPENED:c-1,f-1,i0, conf=-1: [s3:0.0.0.0:36312, s4:0.0.0.0:37443, s0:0.0.0.0:41765, s1:0.0.0.0:36446, s2:0.0.0.0:41779], old=null RUNNING
	at org.apache.ratis.MiniRaftCluster.newIllegalStateExceptionForNoLeaders(MiniRaftCluster.java:506)
	at org.apache.ratis.RaftTestUtil.lambda$waitForLeader$1(RaftTestUtil.java:90)
	at org.apache.ratis.MiniRaftCluster.getLeader(MiniRaftCluster.java:539)
	at org.apache.ratis.MiniRaftCluster.getLeader(MiniRaftCluster.java:532)
	at org.apache.ratis.RaftTestUtil.lambda$waitForLeader$3(RaftTestUtil.java:98)
	at org.apache.ratis.util.JavaUtils.attempt(JavaUtils.java:152)
	at org.apache.ratis.RaftTestUtil.waitForLeader(RaftTestUtil.java:97)
	at org.apache.ratis.RaftTestUtil.waitForLeader(RaftTestUtil.java:77)
	at org.apache.ratis.RaftTestUtil.waitForLeader(RaftTestUtil.java:72)
	at org.apache.ratis.server.impl.RaftReconfigurationBaseTest.runTestAddRemovePeers(RaftReconfigurationBaseTest.java:125)
	at org.apache.ratis.server.impl.RaftReconfigurationBaseTest.lambda$testLeaderStepDown$3(RaftReconfigurationBaseTest.java:121)
	at org.apache.ratis.MiniRaftCluster$Factory$Get.runWithNewCluster(MiniRaftCluster.java:125)
	at org.apache.ratis.MiniRaftCluster$Factory$Get.runWithNewCluster(MiniRaftCluster.java:113)
	at org.apache.ratis.server.impl.RaftReconfigurationBaseTest.testLeaderStepDown(RaftReconfigurationBaseTest.java:121)
	at sun.reflect.NativeMethodAccessorImpl.invoke0(Native Method)
	at sun.reflect.NativeMethodAccessorImpl.invoke(NativeMethodAccessorImpl.java:62)
	at sun.reflect.DelegatingMethodAccessorImpl.invoke(DelegatingMethodAccessorImpl.java:43)
	at java.lang.reflect.Method.invoke(Method.java:498)
	at org.junit.runners.model.FrameworkMethod$1.runReflectiveCall(FrameworkMethod.java:50)
	at org.junit.internal.runners.model.ReflectiveCallable.run(ReflectiveCallable.java:12)
	at org.junit.runners.model.FrameworkMethod.invokeExplosively(FrameworkMethod.java:47)
	at org.junit.internal.runners.statements.InvokeMethod.evaluate(InvokeMethod.java:17)
	at org.junit.internal.runners.statements.RunAfters.evaluate(RunAfters.java:27)
	at org.junit.internal.runners.statements.FailOnTimeout$CallableStatement.call(FailOnTimeout.java:298)
	at org.junit.internal.runners.statements.FailOnTimeout$CallableStatement.call(FailOnTimeout.java:292)
	at java.util.concurrent.FutureTask.run(FutureTask.java:266)
	at java.lang.Thread.run(Thread.java:748)
2019-09-24 16:33:48,808 WARN  ratis.RaftTestUtil (JavaUtils.java:attempt(158)) - FAILED "waitForLeader-null-(expectLeader? true)", attempt #60/100: java.lang.IllegalStateException: No leader yet : printing ALL groups
  s3:  RUNNING CANDIDATE s3@group-A4401D2D6DDD:t6, leader=null, voted=s3, raftlog=s3@group-A4401D2D6DDD-SegmentedRaftLog:OPENED:c-1,f-1,i0, conf=-1: [s3:0.0.0.0:36312, s4:0.0.0.0:37443, s0:0.0.0.0:41765, s1:0.0.0.0:36446, s2:0.0.0.0:41779], old=null RUNNING
  s4:  RUNNING CANDIDATE s4@group-A4401D2D6DDD:t5, leader=null, voted=s4, raftlog=s4@group-A4401D2D6DDD-SegmentedRaftLog:OPENED:c-1,f-1,i0, conf=-1: [s3:0.0.0.0:36312, s4:0.0.0.0:37443, s0:0.0.0.0:41765, s1:0.0.0.0:36446, s2:0.0.0.0:41779], old=null RUNNING
  s0:  RUNNING CANDIDATE s0@group-A4401D2D6DDD:t5, leader=null, voted=s0, raftlog=s0@group-A4401D2D6DDD-SegmentedRaftLog:OPENED:c-1,f-1,i0, conf=-1: [s3:0.0.0.0:36312, s4:0.0.0.0:37443, s0:0.0.0.0:41765, s1:0.0.0.0:36446, s2:0.0.0.0:41779], old=null RUNNING
  s1:  RUNNING CANDIDATE s1@group-A4401D2D6DDD:t6, leader=null, voted=s1, raftlog=s1@group-A4401D2D6DDD-SegmentedRaftLog:OPENED:c-1,f-1,i0, conf=-1: [s3:0.0.0.0:36312, s4:0.0.0.0:37443, s0:0.0.0.0:41765, s1:0.0.0.0:36446, s2:0.0.0.0:41779], old=null RUNNING
  s2:  RUNNING CANDIDATE s2@group-A4401D2D6DDD:t5, leader=null, voted=s2, raftlog=s2@group-A4401D2D6DDD-SegmentedRaftLog:OPENED:c-1,f-1,i0, conf=-1: [s3:0.0.0.0:36312, s4:0.0.0.0:37443, s0:0.0.0.0:41765, s1:0.0.0.0:36446, s2:0.0.0.0:41779], old=null RUNNING, sleep 450ms and then retry.
java.lang.IllegalStateException: No leader yet : printing ALL groups
  s3:  RUNNING CANDIDATE s3@group-A4401D2D6DDD:t6, leader=null, voted=s3, raftlog=s3@group-A4401D2D6DDD-SegmentedRaftLog:OPENED:c-1,f-1,i0, conf=-1: [s3:0.0.0.0:36312, s4:0.0.0.0:37443, s0:0.0.0.0:41765, s1:0.0.0.0:36446, s2:0.0.0.0:41779], old=null RUNNING
  s4:  RUNNING CANDIDATE s4@group-A4401D2D6DDD:t5, leader=null, voted=s4, raftlog=s4@group-A4401D2D6DDD-SegmentedRaftLog:OPENED:c-1,f-1,i0, conf=-1: [s3:0.0.0.0:36312, s4:0.0.0.0:37443, s0:0.0.0.0:41765, s1:0.0.0.0:36446, s2:0.0.0.0:41779], old=null RUNNING
  s0:  RUNNING CANDIDATE s0@group-A4401D2D6DDD:t5, leader=null, voted=s0, raftlog=s0@group-A4401D2D6DDD-SegmentedRaftLog:OPENED:c-1,f-1,i0, conf=-1: [s3:0.0.0.0:36312, s4:0.0.0.0:37443, s0:0.0.0.0:41765, s1:0.0.0.0:36446, s2:0.0.0.0:41779], old=null RUNNING
  s1:  RUNNING CANDIDATE s1@group-A4401D2D6DDD:t6, leader=null, voted=s1, raftlog=s1@group-A4401D2D6DDD-SegmentedRaftLog:OPENED:c-1,f-1,i0, conf=-1: [s3:0.0.0.0:36312, s4:0.0.0.0:37443, s0:0.0.0.0:41765, s1:0.0.0.0:36446, s2:0.0.0.0:41779], old=null RUNNING
  s2:  RUNNING CANDIDATE s2@group-A4401D2D6DDD:t5, leader=null, voted=s2, raftlog=s2@group-A4401D2D6DDD-SegmentedRaftLog:OPENED:c-1,f-1,i0, conf=-1: [s3:0.0.0.0:36312, s4:0.0.0.0:37443, s0:0.0.0.0:41765, s1:0.0.0.0:36446, s2:0.0.0.0:41779], old=null RUNNING
	at org.apache.ratis.MiniRaftCluster.newIllegalStateExceptionForNoLeaders(MiniRaftCluster.java:506)
	at org.apache.ratis.RaftTestUtil.lambda$waitForLeader$1(RaftTestUtil.java:90)
	at org.apache.ratis.MiniRaftCluster.getLeader(MiniRaftCluster.java:539)
	at org.apache.ratis.MiniRaftCluster.getLeader(MiniRaftCluster.java:532)
	at org.apache.ratis.RaftTestUtil.lambda$waitForLeader$3(RaftTestUtil.java:98)
	at org.apache.ratis.util.JavaUtils.attempt(JavaUtils.java:152)
	at org.apache.ratis.RaftTestUtil.waitForLeader(RaftTestUtil.java:97)
	at org.apache.ratis.RaftTestUtil.waitForLeader(RaftTestUtil.java:77)
	at org.apache.ratis.RaftTestUtil.waitForLeader(RaftTestUtil.java:72)
	at org.apache.ratis.server.impl.RaftReconfigurationBaseTest.runTestAddRemovePeers(RaftReconfigurationBaseTest.java:125)
	at org.apache.ratis.server.impl.RaftReconfigurationBaseTest.lambda$testLeaderStepDown$3(RaftReconfigurationBaseTest.java:121)
	at org.apache.ratis.MiniRaftCluster$Factory$Get.runWithNewCluster(MiniRaftCluster.java:125)
	at org.apache.ratis.MiniRaftCluster$Factory$Get.runWithNewCluster(MiniRaftCluster.java:113)
	at org.apache.ratis.server.impl.RaftReconfigurationBaseTest.testLeaderStepDown(RaftReconfigurationBaseTest.java:121)
	at sun.reflect.NativeMethodAccessorImpl.invoke0(Native Method)
	at sun.reflect.NativeMethodAccessorImpl.invoke(NativeMethodAccessorImpl.java:62)
	at sun.reflect.DelegatingMethodAccessorImpl.invoke(DelegatingMethodAccessorImpl.java:43)
	at java.lang.reflect.Method.invoke(Method.java:498)
	at org.junit.runners.model.FrameworkMethod$1.runReflectiveCall(FrameworkMethod.java:50)
	at org.junit.internal.runners.model.ReflectiveCallable.run(ReflectiveCallable.java:12)
	at org.junit.runners.model.FrameworkMethod.invokeExplosively(FrameworkMethod.java:47)
	at org.junit.internal.runners.statements.InvokeMethod.evaluate(InvokeMethod.java:17)
	at org.junit.internal.runners.statements.RunAfters.evaluate(RunAfters.java:27)
	at org.junit.internal.runners.statements.FailOnTimeout$CallableStatement.call(FailOnTimeout.java:298)
	at org.junit.internal.runners.statements.FailOnTimeout$CallableStatement.call(FailOnTimeout.java:292)
	at java.util.concurrent.FutureTask.run(FutureTask.java:266)
	at java.lang.Thread.run(Thread.java:748)
2019-09-24 16:33:49,260 WARN  ratis.RaftTestUtil (JavaUtils.java:attempt(158)) - FAILED "waitForLeader-null-(expectLeader? true)", attempt #61/100: java.lang.IllegalStateException: No leader yet : printing ALL groups
  s3:  RUNNING CANDIDATE s3@group-A4401D2D6DDD:t6, leader=null, voted=s3, raftlog=s3@group-A4401D2D6DDD-SegmentedRaftLog:OPENED:c-1,f-1,i0, conf=-1: [s3:0.0.0.0:36312, s4:0.0.0.0:37443, s0:0.0.0.0:41765, s1:0.0.0.0:36446, s2:0.0.0.0:41779], old=null RUNNING
  s4:  RUNNING CANDIDATE s4@group-A4401D2D6DDD:t5, leader=null, voted=s4, raftlog=s4@group-A4401D2D6DDD-SegmentedRaftLog:OPENED:c-1,f-1,i0, conf=-1: [s3:0.0.0.0:36312, s4:0.0.0.0:37443, s0:0.0.0.0:41765, s1:0.0.0.0:36446, s2:0.0.0.0:41779], old=null RUNNING
  s0:  RUNNING CANDIDATE s0@group-A4401D2D6DDD:t5, leader=null, voted=s0, raftlog=s0@group-A4401D2D6DDD-SegmentedRaftLog:OPENED:c-1,f-1,i0, conf=-1: [s3:0.0.0.0:36312, s4:0.0.0.0:37443, s0:0.0.0.0:41765, s1:0.0.0.0:36446, s2:0.0.0.0:41779], old=null RUNNING
  s1:  RUNNING CANDIDATE s1@group-A4401D2D6DDD:t6, leader=null, voted=s1, raftlog=s1@group-A4401D2D6DDD-SegmentedRaftLog:OPENED:c-1,f-1,i0, conf=-1: [s3:0.0.0.0:36312, s4:0.0.0.0:37443, s0:0.0.0.0:41765, s1:0.0.0.0:36446, s2:0.0.0.0:41779], old=null RUNNING
  s2:  RUNNING CANDIDATE s2@group-A4401D2D6DDD:t5, leader=null, voted=s2, raftlog=s2@group-A4401D2D6DDD-SegmentedRaftLog:OPENED:c-1,f-1,i0, conf=-1: [s3:0.0.0.0:36312, s4:0.0.0.0:37443, s0:0.0.0.0:41765, s1:0.0.0.0:36446, s2:0.0.0.0:41779], old=null RUNNING, sleep 450ms and then retry.
java.lang.IllegalStateException: No leader yet : printing ALL groups
  s3:  RUNNING CANDIDATE s3@group-A4401D2D6DDD:t6, leader=null, voted=s3, raftlog=s3@group-A4401D2D6DDD-SegmentedRaftLog:OPENED:c-1,f-1,i0, conf=-1: [s3:0.0.0.0:36312, s4:0.0.0.0:37443, s0:0.0.0.0:41765, s1:0.0.0.0:36446, s2:0.0.0.0:41779], old=null RUNNING
  s4:  RUNNING CANDIDATE s4@group-A4401D2D6DDD:t5, leader=null, voted=s4, raftlog=s4@group-A4401D2D6DDD-SegmentedRaftLog:OPENED:c-1,f-1,i0, conf=-1: [s3:0.0.0.0:36312, s4:0.0.0.0:37443, s0:0.0.0.0:41765, s1:0.0.0.0:36446, s2:0.0.0.0:41779], old=null RUNNING
  s0:  RUNNING CANDIDATE s0@group-A4401D2D6DDD:t5, leader=null, voted=s0, raftlog=s0@group-A4401D2D6DDD-SegmentedRaftLog:OPENED:c-1,f-1,i0, conf=-1: [s3:0.0.0.0:36312, s4:0.0.0.0:37443, s0:0.0.0.0:41765, s1:0.0.0.0:36446, s2:0.0.0.0:41779], old=null RUNNING
  s1:  RUNNING CANDIDATE s1@group-A4401D2D6DDD:t6, leader=null, voted=s1, raftlog=s1@group-A4401D2D6DDD-SegmentedRaftLog:OPENED:c-1,f-1,i0, conf=-1: [s3:0.0.0.0:36312, s4:0.0.0.0:37443, s0:0.0.0.0:41765, s1:0.0.0.0:36446, s2:0.0.0.0:41779], old=null RUNNING
  s2:  RUNNING CANDIDATE s2@group-A4401D2D6DDD:t5, leader=null, voted=s2, raftlog=s2@group-A4401D2D6DDD-SegmentedRaftLog:OPENED:c-1,f-1,i0, conf=-1: [s3:0.0.0.0:36312, s4:0.0.0.0:37443, s0:0.0.0.0:41765, s1:0.0.0.0:36446, s2:0.0.0.0:41779], old=null RUNNING
	at org.apache.ratis.MiniRaftCluster.newIllegalStateExceptionForNoLeaders(MiniRaftCluster.java:506)
	at org.apache.ratis.RaftTestUtil.lambda$waitForLeader$1(RaftTestUtil.java:90)
	at org.apache.ratis.MiniRaftCluster.getLeader(MiniRaftCluster.java:539)
	at org.apache.ratis.MiniRaftCluster.getLeader(MiniRaftCluster.java:532)
	at org.apache.ratis.RaftTestUtil.lambda$waitForLeader$3(RaftTestUtil.java:98)
	at org.apache.ratis.util.JavaUtils.attempt(JavaUtils.java:152)
	at org.apache.ratis.RaftTestUtil.waitForLeader(RaftTestUtil.java:97)
	at org.apache.ratis.RaftTestUtil.waitForLeader(RaftTestUtil.java:77)
	at org.apache.ratis.RaftTestUtil.waitForLeader(RaftTestUtil.java:72)
	at org.apache.ratis.server.impl.RaftReconfigurationBaseTest.runTestAddRemovePeers(RaftReconfigurationBaseTest.java:125)
	at org.apache.ratis.server.impl.RaftReconfigurationBaseTest.lambda$testLeaderStepDown$3(RaftReconfigurationBaseTest.java:121)
	at org.apache.ratis.MiniRaftCluster$Factory$Get.runWithNewCluster(MiniRaftCluster.java:125)
	at org.apache.ratis.MiniRaftCluster$Factory$Get.runWithNewCluster(MiniRaftCluster.java:113)
	at org.apache.ratis.server.impl.RaftReconfigurationBaseTest.testLeaderStepDown(RaftReconfigurationBaseTest.java:121)
	at sun.reflect.NativeMethodAccessorImpl.invoke0(Native Method)
	at sun.reflect.NativeMethodAccessorImpl.invoke(NativeMethodAccessorImpl.java:62)
	at sun.reflect.DelegatingMethodAccessorImpl.invoke(DelegatingMethodAccessorImpl.java:43)
	at java.lang.reflect.Method.invoke(Method.java:498)
	at org.junit.runners.model.FrameworkMethod$1.runReflectiveCall(FrameworkMethod.java:50)
	at org.junit.internal.runners.model.ReflectiveCallable.run(ReflectiveCallable.java:12)
	at org.junit.runners.model.FrameworkMethod.invokeExplosively(FrameworkMethod.java:47)
	at org.junit.internal.runners.statements.InvokeMethod.evaluate(InvokeMethod.java:17)
	at org.junit.internal.runners.statements.RunAfters.evaluate(RunAfters.java:27)
	at org.junit.internal.runners.statements.FailOnTimeout$CallableStatement.call(FailOnTimeout.java:298)
	at org.junit.internal.runners.statements.FailOnTimeout$CallableStatement.call(FailOnTimeout.java:292)
	at java.util.concurrent.FutureTask.run(FutureTask.java:266)
	at java.lang.Thread.run(Thread.java:748)
2019-09-24 16:33:49,712 WARN  ratis.RaftTestUtil (JavaUtils.java:attempt(158)) - FAILED "waitForLeader-null-(expectLeader? true)", attempt #62/100: java.lang.IllegalStateException: No leader yet : printing ALL groups
  s3:  RUNNING CANDIDATE s3@group-A4401D2D6DDD:t6, leader=null, voted=s3, raftlog=s3@group-A4401D2D6DDD-SegmentedRaftLog:OPENED:c-1,f-1,i0, conf=-1: [s3:0.0.0.0:36312, s4:0.0.0.0:37443, s0:0.0.0.0:41765, s1:0.0.0.0:36446, s2:0.0.0.0:41779], old=null RUNNING
  s4:  RUNNING CANDIDATE s4@group-A4401D2D6DDD:t5, leader=null, voted=s4, raftlog=s4@group-A4401D2D6DDD-SegmentedRaftLog:OPENED:c-1,f-1,i0, conf=-1: [s3:0.0.0.0:36312, s4:0.0.0.0:37443, s0:0.0.0.0:41765, s1:0.0.0.0:36446, s2:0.0.0.0:41779], old=null RUNNING
  s0:  RUNNING CANDIDATE s0@group-A4401D2D6DDD:t5, leader=null, voted=s0, raftlog=s0@group-A4401D2D6DDD-SegmentedRaftLog:OPENED:c-1,f-1,i0, conf=-1: [s3:0.0.0.0:36312, s4:0.0.0.0:37443, s0:0.0.0.0:41765, s1:0.0.0.0:36446, s2:0.0.0.0:41779], old=null RUNNING
  s1:  RUNNING CANDIDATE s1@group-A4401D2D6DDD:t6, leader=null, voted=s1, raftlog=s1@group-A4401D2D6DDD-SegmentedRaftLog:OPENED:c-1,f-1,i0, conf=-1: [s3:0.0.0.0:36312, s4:0.0.0.0:37443, s0:0.0.0.0:41765, s1:0.0.0.0:36446, s2:0.0.0.0:41779], old=null RUNNING
  s2:  RUNNING CANDIDATE s2@group-A4401D2D6DDD:t5, leader=null, voted=s2, raftlog=s2@group-A4401D2D6DDD-SegmentedRaftLog:OPENED:c-1,f-1,i0, conf=-1: [s3:0.0.0.0:36312, s4:0.0.0.0:37443, s0:0.0.0.0:41765, s1:0.0.0.0:36446, s2:0.0.0.0:41779], old=null RUNNING, sleep 450ms and then retry.
java.lang.IllegalStateException: No leader yet : printing ALL groups
  s3:  RUNNING CANDIDATE s3@group-A4401D2D6DDD:t6, leader=null, voted=s3, raftlog=s3@group-A4401D2D6DDD-SegmentedRaftLog:OPENED:c-1,f-1,i0, conf=-1: [s3:0.0.0.0:36312, s4:0.0.0.0:37443, s0:0.0.0.0:41765, s1:0.0.0.0:36446, s2:0.0.0.0:41779], old=null RUNNING
  s4:  RUNNING CANDIDATE s4@group-A4401D2D6DDD:t5, leader=null, voted=s4, raftlog=s4@group-A4401D2D6DDD-SegmentedRaftLog:OPENED:c-1,f-1,i0, conf=-1: [s3:0.0.0.0:36312, s4:0.0.0.0:37443, s0:0.0.0.0:41765, s1:0.0.0.0:36446, s2:0.0.0.0:41779], old=null RUNNING
  s0:  RUNNING CANDIDATE s0@group-A4401D2D6DDD:t5, leader=null, voted=s0, raftlog=s0@group-A4401D2D6DDD-SegmentedRaftLog:OPENED:c-1,f-1,i0, conf=-1: [s3:0.0.0.0:36312, s4:0.0.0.0:37443, s0:0.0.0.0:41765, s1:0.0.0.0:36446, s2:0.0.0.0:41779], old=null RUNNING
  s1:  RUNNING CANDIDATE s1@group-A4401D2D6DDD:t6, leader=null, voted=s1, raftlog=s1@group-A4401D2D6DDD-SegmentedRaftLog:OPENED:c-1,f-1,i0, conf=-1: [s3:0.0.0.0:36312, s4:0.0.0.0:37443, s0:0.0.0.0:41765, s1:0.0.0.0:36446, s2:0.0.0.0:41779], old=null RUNNING
  s2:  RUNNING CANDIDATE s2@group-A4401D2D6DDD:t5, leader=null, voted=s2, raftlog=s2@group-A4401D2D6DDD-SegmentedRaftLog:OPENED:c-1,f-1,i0, conf=-1: [s3:0.0.0.0:36312, s4:0.0.0.0:37443, s0:0.0.0.0:41765, s1:0.0.0.0:36446, s2:0.0.0.0:41779], old=null RUNNING
	at org.apache.ratis.MiniRaftCluster.newIllegalStateExceptionForNoLeaders(MiniRaftCluster.java:506)
	at org.apache.ratis.RaftTestUtil.lambda$waitForLeader$1(RaftTestUtil.java:90)
	at org.apache.ratis.MiniRaftCluster.getLeader(MiniRaftCluster.java:539)
	at org.apache.ratis.MiniRaftCluster.getLeader(MiniRaftCluster.java:532)
	at org.apache.ratis.RaftTestUtil.lambda$waitForLeader$3(RaftTestUtil.java:98)
	at org.apache.ratis.util.JavaUtils.attempt(JavaUtils.java:152)
	at org.apache.ratis.RaftTestUtil.waitForLeader(RaftTestUtil.java:97)
	at org.apache.ratis.RaftTestUtil.waitForLeader(RaftTestUtil.java:77)
	at org.apache.ratis.RaftTestUtil.waitForLeader(RaftTestUtil.java:72)
	at org.apache.ratis.server.impl.RaftReconfigurationBaseTest.runTestAddRemovePeers(RaftReconfigurationBaseTest.java:125)
	at org.apache.ratis.server.impl.RaftReconfigurationBaseTest.lambda$testLeaderStepDown$3(RaftReconfigurationBaseTest.java:121)
	at org.apache.ratis.MiniRaftCluster$Factory$Get.runWithNewCluster(MiniRaftCluster.java:125)
	at org.apache.ratis.MiniRaftCluster$Factory$Get.runWithNewCluster(MiniRaftCluster.java:113)
	at org.apache.ratis.server.impl.RaftReconfigurationBaseTest.testLeaderStepDown(RaftReconfigurationBaseTest.java:121)
	at sun.reflect.NativeMethodAccessorImpl.invoke0(Native Method)
	at sun.reflect.NativeMethodAccessorImpl.invoke(NativeMethodAccessorImpl.java:62)
	at sun.reflect.DelegatingMethodAccessorImpl.invoke(DelegatingMethodAccessorImpl.java:43)
	at java.lang.reflect.Method.invoke(Method.java:498)
	at org.junit.runners.model.FrameworkMethod$1.runReflectiveCall(FrameworkMethod.java:50)
	at org.junit.internal.runners.model.ReflectiveCallable.run(ReflectiveCallable.java:12)
	at org.junit.runners.model.FrameworkMethod.invokeExplosively(FrameworkMethod.java:47)
	at org.junit.internal.runners.statements.InvokeMethod.evaluate(InvokeMethod.java:17)
	at org.junit.internal.runners.statements.RunAfters.evaluate(RunAfters.java:27)
	at org.junit.internal.runners.statements.FailOnTimeout$CallableStatement.call(FailOnTimeout.java:298)
	at org.junit.internal.runners.statements.FailOnTimeout$CallableStatement.call(FailOnTimeout.java:292)
	at java.util.concurrent.FutureTask.run(FutureTask.java:266)
	at java.lang.Thread.run(Thread.java:748)
2019-09-24 16:33:50,164 WARN  ratis.RaftTestUtil (JavaUtils.java:attempt(158)) - FAILED "waitForLeader-null-(expectLeader? true)", attempt #63/100: java.lang.IllegalStateException: No leader yet : printing ALL groups
  s3:  RUNNING CANDIDATE s3@group-A4401D2D6DDD:t6, leader=null, voted=s3, raftlog=s3@group-A4401D2D6DDD-SegmentedRaftLog:OPENED:c-1,f-1,i0, conf=-1: [s3:0.0.0.0:36312, s4:0.0.0.0:37443, s0:0.0.0.0:41765, s1:0.0.0.0:36446, s2:0.0.0.0:41779], old=null RUNNING
  s4:  RUNNING CANDIDATE s4@group-A4401D2D6DDD:t5, leader=null, voted=s4, raftlog=s4@group-A4401D2D6DDD-SegmentedRaftLog:OPENED:c-1,f-1,i0, conf=-1: [s3:0.0.0.0:36312, s4:0.0.0.0:37443, s0:0.0.0.0:41765, s1:0.0.0.0:36446, s2:0.0.0.0:41779], old=null RUNNING
  s0:  RUNNING CANDIDATE s0@group-A4401D2D6DDD:t5, leader=null, voted=s0, raftlog=s0@group-A4401D2D6DDD-SegmentedRaftLog:OPENED:c-1,f-1,i0, conf=-1: [s3:0.0.0.0:36312, s4:0.0.0.0:37443, s0:0.0.0.0:41765, s1:0.0.0.0:36446, s2:0.0.0.0:41779], old=null RUNNING
  s1:  RUNNING CANDIDATE s1@group-A4401D2D6DDD:t6, leader=null, voted=s1, raftlog=s1@group-A4401D2D6DDD-SegmentedRaftLog:OPENED:c-1,f-1,i0, conf=-1: [s3:0.0.0.0:36312, s4:0.0.0.0:37443, s0:0.0.0.0:41765, s1:0.0.0.0:36446, s2:0.0.0.0:41779], old=null RUNNING
  s2:  RUNNING CANDIDATE s2@group-A4401D2D6DDD:t5, leader=null, voted=s2, raftlog=s2@group-A4401D2D6DDD-SegmentedRaftLog:OPENED:c-1,f-1,i0, conf=-1: [s3:0.0.0.0:36312, s4:0.0.0.0:37443, s0:0.0.0.0:41765, s1:0.0.0.0:36446, s2:0.0.0.0:41779], old=null RUNNING, sleep 450ms and then retry.
java.lang.IllegalStateException: No leader yet : printing ALL groups
  s3:  RUNNING CANDIDATE s3@group-A4401D2D6DDD:t6, leader=null, voted=s3, raftlog=s3@group-A4401D2D6DDD-SegmentedRaftLog:OPENED:c-1,f-1,i0, conf=-1: [s3:0.0.0.0:36312, s4:0.0.0.0:37443, s0:0.0.0.0:41765, s1:0.0.0.0:36446, s2:0.0.0.0:41779], old=null RUNNING
  s4:  RUNNING CANDIDATE s4@group-A4401D2D6DDD:t5, leader=null, voted=s4, raftlog=s4@group-A4401D2D6DDD-SegmentedRaftLog:OPENED:c-1,f-1,i0, conf=-1: [s3:0.0.0.0:36312, s4:0.0.0.0:37443, s0:0.0.0.0:41765, s1:0.0.0.0:36446, s2:0.0.0.0:41779], old=null RUNNING
  s0:  RUNNING CANDIDATE s0@group-A4401D2D6DDD:t5, leader=null, voted=s0, raftlog=s0@group-A4401D2D6DDD-SegmentedRaftLog:OPENED:c-1,f-1,i0, conf=-1: [s3:0.0.0.0:36312, s4:0.0.0.0:37443, s0:0.0.0.0:41765, s1:0.0.0.0:36446, s2:0.0.0.0:41779], old=null RUNNING
  s1:  RUNNING CANDIDATE s1@group-A4401D2D6DDD:t6, leader=null, voted=s1, raftlog=s1@group-A4401D2D6DDD-SegmentedRaftLog:OPENED:c-1,f-1,i0, conf=-1: [s3:0.0.0.0:36312, s4:0.0.0.0:37443, s0:0.0.0.0:41765, s1:0.0.0.0:36446, s2:0.0.0.0:41779], old=null RUNNING
  s2:  RUNNING CANDIDATE s2@group-A4401D2D6DDD:t5, leader=null, voted=s2, raftlog=s2@group-A4401D2D6DDD-SegmentedRaftLog:OPENED:c-1,f-1,i0, conf=-1: [s3:0.0.0.0:36312, s4:0.0.0.0:37443, s0:0.0.0.0:41765, s1:0.0.0.0:36446, s2:0.0.0.0:41779], old=null RUNNING
	at org.apache.ratis.MiniRaftCluster.newIllegalStateExceptionForNoLeaders(MiniRaftCluster.java:506)
	at org.apache.ratis.RaftTestUtil.lambda$waitForLeader$1(RaftTestUtil.java:90)
	at org.apache.ratis.MiniRaftCluster.getLeader(MiniRaftCluster.java:539)
	at org.apache.ratis.MiniRaftCluster.getLeader(MiniRaftCluster.java:532)
	at org.apache.ratis.RaftTestUtil.lambda$waitForLeader$3(RaftTestUtil.java:98)
	at org.apache.ratis.util.JavaUtils.attempt(JavaUtils.java:152)
	at org.apache.ratis.RaftTestUtil.waitForLeader(RaftTestUtil.java:97)
	at org.apache.ratis.RaftTestUtil.waitForLeader(RaftTestUtil.java:77)
	at org.apache.ratis.RaftTestUtil.waitForLeader(RaftTestUtil.java:72)
	at org.apache.ratis.server.impl.RaftReconfigurationBaseTest.runTestAddRemovePeers(RaftReconfigurationBaseTest.java:125)
	at org.apache.ratis.server.impl.RaftReconfigurationBaseTest.lambda$testLeaderStepDown$3(RaftReconfigurationBaseTest.java:121)
	at org.apache.ratis.MiniRaftCluster$Factory$Get.runWithNewCluster(MiniRaftCluster.java:125)
	at org.apache.ratis.MiniRaftCluster$Factory$Get.runWithNewCluster(MiniRaftCluster.java:113)
	at org.apache.ratis.server.impl.RaftReconfigurationBaseTest.testLeaderStepDown(RaftReconfigurationBaseTest.java:121)
	at sun.reflect.NativeMethodAccessorImpl.invoke0(Native Method)
	at sun.reflect.NativeMethodAccessorImpl.invoke(NativeMethodAccessorImpl.java:62)
	at sun.reflect.DelegatingMethodAccessorImpl.invoke(DelegatingMethodAccessorImpl.java:43)
	at java.lang.reflect.Method.invoke(Method.java:498)
	at org.junit.runners.model.FrameworkMethod$1.runReflectiveCall(FrameworkMethod.java:50)
	at org.junit.internal.runners.model.ReflectiveCallable.run(ReflectiveCallable.java:12)
	at org.junit.runners.model.FrameworkMethod.invokeExplosively(FrameworkMethod.java:47)
	at org.junit.internal.runners.statements.InvokeMethod.evaluate(InvokeMethod.java:17)
	at org.junit.internal.runners.statements.RunAfters.evaluate(RunAfters.java:27)
	at org.junit.internal.runners.statements.FailOnTimeout$CallableStatement.call(FailOnTimeout.java:298)
	at org.junit.internal.runners.statements.FailOnTimeout$CallableStatement.call(FailOnTimeout.java:292)
	at java.util.concurrent.FutureTask.run(FutureTask.java:266)
	at java.lang.Thread.run(Thread.java:748)
2019-09-24 16:33:50,616 WARN  ratis.RaftTestUtil (JavaUtils.java:attempt(158)) - FAILED "waitForLeader-null-(expectLeader? true)", attempt #64/100: java.lang.IllegalStateException: No leader yet : printing ALL groups
  s3:  RUNNING CANDIDATE s3@group-A4401D2D6DDD:t6, leader=null, voted=s3, raftlog=s3@group-A4401D2D6DDD-SegmentedRaftLog:OPENED:c-1,f-1,i0, conf=-1: [s3:0.0.0.0:36312, s4:0.0.0.0:37443, s0:0.0.0.0:41765, s1:0.0.0.0:36446, s2:0.0.0.0:41779], old=null RUNNING
  s4:  RUNNING CANDIDATE s4@group-A4401D2D6DDD:t5, leader=null, voted=s4, raftlog=s4@group-A4401D2D6DDD-SegmentedRaftLog:OPENED:c-1,f-1,i0, conf=-1: [s3:0.0.0.0:36312, s4:0.0.0.0:37443, s0:0.0.0.0:41765, s1:0.0.0.0:36446, s2:0.0.0.0:41779], old=null RUNNING
  s0:  RUNNING CANDIDATE s0@group-A4401D2D6DDD:t5, leader=null, voted=s0, raftlog=s0@group-A4401D2D6DDD-SegmentedRaftLog:OPENED:c-1,f-1,i0, conf=-1: [s3:0.0.0.0:36312, s4:0.0.0.0:37443, s0:0.0.0.0:41765, s1:0.0.0.0:36446, s2:0.0.0.0:41779], old=null RUNNING
  s1:  RUNNING CANDIDATE s1@group-A4401D2D6DDD:t6, leader=null, voted=s1, raftlog=s1@group-A4401D2D6DDD-SegmentedRaftLog:OPENED:c-1,f-1,i0, conf=-1: [s3:0.0.0.0:36312, s4:0.0.0.0:37443, s0:0.0.0.0:41765, s1:0.0.0.0:36446, s2:0.0.0.0:41779], old=null RUNNING
  s2:  RUNNING CANDIDATE s2@group-A4401D2D6DDD:t5, leader=null, voted=s2, raftlog=s2@group-A4401D2D6DDD-SegmentedRaftLog:OPENED:c-1,f-1,i0, conf=-1: [s3:0.0.0.0:36312, s4:0.0.0.0:37443, s0:0.0.0.0:41765, s1:0.0.0.0:36446, s2:0.0.0.0:41779], old=null RUNNING, sleep 450ms and then retry.
java.lang.IllegalStateException: No leader yet : printing ALL groups
  s3:  RUNNING CANDIDATE s3@group-A4401D2D6DDD:t6, leader=null, voted=s3, raftlog=s3@group-A4401D2D6DDD-SegmentedRaftLog:OPENED:c-1,f-1,i0, conf=-1: [s3:0.0.0.0:36312, s4:0.0.0.0:37443, s0:0.0.0.0:41765, s1:0.0.0.0:36446, s2:0.0.0.0:41779], old=null RUNNING
  s4:  RUNNING CANDIDATE s4@group-A4401D2D6DDD:t5, leader=null, voted=s4, raftlog=s4@group-A4401D2D6DDD-SegmentedRaftLog:OPENED:c-1,f-1,i0, conf=-1: [s3:0.0.0.0:36312, s4:0.0.0.0:37443, s0:0.0.0.0:41765, s1:0.0.0.0:36446, s2:0.0.0.0:41779], old=null RUNNING
  s0:  RUNNING CANDIDATE s0@group-A4401D2D6DDD:t5, leader=null, voted=s0, raftlog=s0@group-A4401D2D6DDD-SegmentedRaftLog:OPENED:c-1,f-1,i0, conf=-1: [s3:0.0.0.0:36312, s4:0.0.0.0:37443, s0:0.0.0.0:41765, s1:0.0.0.0:36446, s2:0.0.0.0:41779], old=null RUNNING
  s1:  RUNNING CANDIDATE s1@group-A4401D2D6DDD:t6, leader=null, voted=s1, raftlog=s1@group-A4401D2D6DDD-SegmentedRaftLog:OPENED:c-1,f-1,i0, conf=-1: [s3:0.0.0.0:36312, s4:0.0.0.0:37443, s0:0.0.0.0:41765, s1:0.0.0.0:36446, s2:0.0.0.0:41779], old=null RUNNING
  s2:  RUNNING CANDIDATE s2@group-A4401D2D6DDD:t5, leader=null, voted=s2, raftlog=s2@group-A4401D2D6DDD-SegmentedRaftLog:OPENED:c-1,f-1,i0, conf=-1: [s3:0.0.0.0:36312, s4:0.0.0.0:37443, s0:0.0.0.0:41765, s1:0.0.0.0:36446, s2:0.0.0.0:41779], old=null RUNNING
	at org.apache.ratis.MiniRaftCluster.newIllegalStateExceptionForNoLeaders(MiniRaftCluster.java:506)
	at org.apache.ratis.RaftTestUtil.lambda$waitForLeader$1(RaftTestUtil.java:90)
	at org.apache.ratis.MiniRaftCluster.getLeader(MiniRaftCluster.java:539)
	at org.apache.ratis.MiniRaftCluster.getLeader(MiniRaftCluster.java:532)
	at org.apache.ratis.RaftTestUtil.lambda$waitForLeader$3(RaftTestUtil.java:98)
	at org.apache.ratis.util.JavaUtils.attempt(JavaUtils.java:152)
	at org.apache.ratis.RaftTestUtil.waitForLeader(RaftTestUtil.java:97)
	at org.apache.ratis.RaftTestUtil.waitForLeader(RaftTestUtil.java:77)
	at org.apache.ratis.RaftTestUtil.waitForLeader(RaftTestUtil.java:72)
	at org.apache.ratis.server.impl.RaftReconfigurationBaseTest.runTestAddRemovePeers(RaftReconfigurationBaseTest.java:125)
	at org.apache.ratis.server.impl.RaftReconfigurationBaseTest.lambda$testLeaderStepDown$3(RaftReconfigurationBaseTest.java:121)
	at org.apache.ratis.MiniRaftCluster$Factory$Get.runWithNewCluster(MiniRaftCluster.java:125)
	at org.apache.ratis.MiniRaftCluster$Factory$Get.runWithNewCluster(MiniRaftCluster.java:113)
	at org.apache.ratis.server.impl.RaftReconfigurationBaseTest.testLeaderStepDown(RaftReconfigurationBaseTest.java:121)
	at sun.reflect.NativeMethodAccessorImpl.invoke0(Native Method)
	at sun.reflect.NativeMethodAccessorImpl.invoke(NativeMethodAccessorImpl.java:62)
	at sun.reflect.DelegatingMethodAccessorImpl.invoke(DelegatingMethodAccessorImpl.java:43)
	at java.lang.reflect.Method.invoke(Method.java:498)
	at org.junit.runners.model.FrameworkMethod$1.runReflectiveCall(FrameworkMethod.java:50)
	at org.junit.internal.runners.model.ReflectiveCallable.run(ReflectiveCallable.java:12)
	at org.junit.runners.model.FrameworkMethod.invokeExplosively(FrameworkMethod.java:47)
	at org.junit.internal.runners.statements.InvokeMethod.evaluate(InvokeMethod.java:17)
	at org.junit.internal.runners.statements.RunAfters.evaluate(RunAfters.java:27)
	at org.junit.internal.runners.statements.FailOnTimeout$CallableStatement.call(FailOnTimeout.java:298)
	at org.junit.internal.runners.statements.FailOnTimeout$CallableStatement.call(FailOnTimeout.java:292)
	at java.util.concurrent.FutureTask.run(FutureTask.java:266)
	at java.lang.Thread.run(Thread.java:748)
2019-09-24 16:33:50,620 INFO  impl.LeaderElection (LeaderElection.java:askForVotes(178)) - s0@group-A4401D2D6DDD-LeaderElection45: begin an election at term 5 for -1: [s3:0.0.0.0:36312, s4:0.0.0.0:37443, s0:0.0.0.0:41765, s1:0.0.0.0:36446, s2:0.0.0.0:41779], old=null
2019-09-24 16:33:50,620 DEBUG impl.RaftServerImpl (RaftServerImpl.java:requestVote(775)) - s0@group-A4401D2D6DDD replies to vote request: s1<-s0#0:FAIL-t5. Peer's state: s0@group-A4401D2D6DDD:t5, leader=null, voted=s0, raftlog=s0@group-A4401D2D6DDD-SegmentedRaftLog:OPENED:c-1,f-1,i0, conf=-1: [s3:0.0.0.0:36312, s4:0.0.0.0:37443, s0:0.0.0.0:41765, s1:0.0.0.0:36446, s2:0.0.0.0:41779], old=null
2019-09-24 16:33:50,620 DEBUG impl.RaftServerImpl (RaftServerImpl.java:requestVote(775)) - s4@group-A4401D2D6DDD replies to vote request: s3<-s4#0:FAIL-t5. Peer's state: s4@group-A4401D2D6DDD:t5, leader=null, voted=s4, raftlog=s4@group-A4401D2D6DDD-SegmentedRaftLog:OPENED:c-1,f-1,i0, conf=-1: [s3:0.0.0.0:36312, s4:0.0.0.0:37443, s0:0.0.0.0:41765, s1:0.0.0.0:36446, s2:0.0.0.0:41779], old=null
2019-09-24 16:33:50,620 DEBUG impl.RaftServerImpl (RaftServerImpl.java:requestVote(775)) - s2@group-A4401D2D6DDD replies to vote request: s1<-s2#0:FAIL-t5. Peer's state: s2@group-A4401D2D6DDD:t5, leader=null, voted=s2, raftlog=s2@group-A4401D2D6DDD-SegmentedRaftLog:OPENED:c-1,f-1,i0, conf=-1: [s3:0.0.0.0:36312, s4:0.0.0.0:37443, s0:0.0.0.0:41765, s1:0.0.0.0:36446, s2:0.0.0.0:41779], old=null
2019-09-24 16:33:50,620 INFO  impl.LeaderElection (LeaderElection.java:askForVotes(178)) - s4@group-A4401D2D6DDD-LeaderElection46: begin an election at term 5 for -1: [s3:0.0.0.0:36312, s4:0.0.0.0:37443, s0:0.0.0.0:41765, s1:0.0.0.0:36446, s2:0.0.0.0:41779], old=null
2019-09-24 16:33:50,620 INFO  impl.LeaderElection (LeaderElection.java:askForVotes(178)) - s2@group-A4401D2D6DDD-LeaderElection44: begin an election at term 5 for -1: [s3:0.0.0.0:36312, s4:0.0.0.0:37443, s0:0.0.0.0:41765, s1:0.0.0.0:36446, s2:0.0.0.0:41779], old=null
2019-09-24 16:33:50,621 DEBUG impl.RaftServerImpl (RaftServerImpl.java:requestVote(775)) - s2@group-A4401D2D6DDD replies to vote request: s3<-s2#0:FAIL-t5. Peer's state: s2@group-A4401D2D6DDD:t5, leader=null, voted=s2, raftlog=s2@group-A4401D2D6DDD-SegmentedRaftLog:OPENED:c-1,f-1,i0, conf=-1: [s3:0.0.0.0:36312, s4:0.0.0.0:37443, s0:0.0.0.0:41765, s1:0.0.0.0:36446, s2:0.0.0.0:41779], old=null
2019-09-24 16:33:50,621 DEBUG impl.RaftServerImpl (RaftServerImpl.java:requestVote(775)) - s4@group-A4401D2D6DDD replies to vote request: s2<-s4#0:FAIL-t5. Peer's state: s4@group-A4401D2D6DDD:t5, leader=null, voted=s4, raftlog=s4@group-A4401D2D6DDD-SegmentedRaftLog:OPENED:c-1,f-1,i0, conf=-1: [s3:0.0.0.0:36312, s4:0.0.0.0:37443, s0:0.0.0.0:41765, s1:0.0.0.0:36446, s2:0.0.0.0:41779], old=null
2019-09-24 16:33:50,621 DEBUG impl.RaftServerImpl (RaftServerImpl.java:requestVote(743)) - s3@group-A4401D2D6DDD: receive requestVote(s4, group-A4401D2D6DDD, 4, (t:0, i:0))
2019-09-24 16:33:50,620 DEBUG impl.RaftServerImpl (RaftServerImpl.java:requestVote(775)) - s0@group-A4401D2D6DDD replies to vote request: s3<-s0#0:FAIL-t5. Peer's state: s0@group-A4401D2D6DDD:t5, leader=null, voted=s0, raftlog=s0@group-A4401D2D6DDD-SegmentedRaftLog:OPENED:c-1,f-1,i0, conf=-1: [s3:0.0.0.0:36312, s4:0.0.0.0:37443, s0:0.0.0.0:41765, s1:0.0.0.0:36446, s2:0.0.0.0:41779], old=null
2019-09-24 16:33:50,623 DEBUG impl.RaftServerImpl (RaftServerImpl.java:requestVote(743)) - s3@group-A4401D2D6DDD: receive requestVote(s2, group-A4401D2D6DDD, 5, (t:0, i:0))
2019-09-24 16:33:50,623 DEBUG impl.RaftServerImpl (RaftServerImpl.java:requestVote(743)) - s4@group-A4401D2D6DDD: receive requestVote(s2, group-A4401D2D6DDD, 3, (t:0, i:0))
2019-09-24 16:33:50,622 DEBUG impl.RaftServerImpl (RaftServerImpl.java:requestVote(775)) - s4@group-A4401D2D6DDD replies to vote request: s1<-s4#0:FAIL-t5. Peer's state: s4@group-A4401D2D6DDD:t5, leader=null, voted=s4, raftlog=s4@group-A4401D2D6DDD-SegmentedRaftLog:OPENED:c-1,f-1,i0, conf=-1: [s3:0.0.0.0:36312, s4:0.0.0.0:37443, s0:0.0.0.0:41765, s1:0.0.0.0:36446, s2:0.0.0.0:41779], old=null
2019-09-24 16:33:50,624 DEBUG impl.RaftServerImpl (RaftServerImpl.java:requestVote(743)) - s3@group-A4401D2D6DDD: receive requestVote(s0, group-A4401D2D6DDD, 5, (t:0, i:0))
2019-09-24 16:33:50,624 DEBUG impl.RaftServerImpl (RaftServerImpl.java:requestVote(743)) - s1@group-A4401D2D6DDD: receive requestVote(s2, group-A4401D2D6DDD, 5, (t:0, i:0))
2019-09-24 16:33:50,624 DEBUG impl.RaftServerImpl (RaftServerImpl.java:requestVote(743)) - s0@group-A4401D2D6DDD: receive requestVote(s2, group-A4401D2D6DDD, 5, (t:0, i:0))
2019-09-24 16:33:50,625 DEBUG impl.RaftServerImpl (RaftServerImpl.java:requestVote(743)) - s2@group-A4401D2D6DDD: receive requestVote(s0, group-A4401D2D6DDD, 5, (t:0, i:0))
2019-09-24 16:33:50,625 DEBUG impl.RaftServerImpl (RaftServerImpl.java:requestVote(743)) - s4@group-A4401D2D6DDD: receive requestVote(s1, group-A4401D2D6DDD, 5, (t:0, i:0))
2019-09-24 16:33:50,625 DEBUG impl.RaftServerImpl (RaftServerImpl.java:requestVote(743)) - s1@group-A4401D2D6DDD: receive requestVote(s0, group-A4401D2D6DDD, 5, (t:0, i:0))
2019-09-24 16:33:50,624 DEBUG impl.RaftServerImpl (RaftServerImpl.java:requestVote(775)) - s4@group-A4401D2D6DDD replies to vote request: s0<-s4#0:FAIL-t5. Peer's state: s4@group-A4401D2D6DDD:t5, leader=null, voted=s4, raftlog=s4@group-A4401D2D6DDD-SegmentedRaftLog:OPENED:c-1,f-1,i0, conf=-1: [s3:0.0.0.0:36312, s4:0.0.0.0:37443, s0:0.0.0.0:41765, s1:0.0.0.0:36446, s2:0.0.0.0:41779], old=null
2019-09-24 16:33:50,626 DEBUG impl.RaftServerImpl (RaftServerImpl.java:requestVote(775)) - s2@group-A4401D2D6DDD replies to vote request: s0<-s2#0:FAIL-t5. Peer's state: s2@group-A4401D2D6DDD:t5, leader=null, voted=s2, raftlog=s2@group-A4401D2D6DDD-SegmentedRaftLog:OPENED:c-1,f-1,i0, conf=-1: [s3:0.0.0.0:36312, s4:0.0.0.0:37443, s0:0.0.0.0:41765, s1:0.0.0.0:36446, s2:0.0.0.0:41779], old=null
2019-09-24 16:33:50,625 DEBUG impl.RaftServerImpl (RaftServerImpl.java:requestVote(775)) - s0@group-A4401D2D6DDD replies to vote request: s2<-s0#0:FAIL-t5. Peer's state: s0@group-A4401D2D6DDD:t5, leader=null, voted=s0, raftlog=s0@group-A4401D2D6DDD-SegmentedRaftLog:OPENED:c-1,f-1,i0, conf=-1: [s3:0.0.0.0:36312, s4:0.0.0.0:37443, s0:0.0.0.0:41765, s1:0.0.0.0:36446, s2:0.0.0.0:41779], old=null
2019-09-24 16:33:50,627 INFO  impl.LeaderElection (LeaderElection.java:logAndReturn(56)) - s4@group-A4401D2D6DDD-LeaderElection38: Election REJECTED; received 0 response(s) [] and 0 exception(s); s4@group-A4401D2D6DDD:t5, leader=null, voted=s4, raftlog=s4@group-A4401D2D6DDD-SegmentedRaftLog:OPENED:c-1,f-1,i0, conf=-1: [s3:0.0.0.0:36312, s4:0.0.0.0:37443, s0:0.0.0.0:41765, s1:0.0.0.0:36446, s2:0.0.0.0:41779], old=null
2019-09-24 16:33:50,627 DEBUG impl.RaftServerImpl (RaftServerImpl.java:requestVote(743)) - s4@group-A4401D2D6DDD: receive requestVote(s0, group-A4401D2D6DDD, 4, (t:0, i:0))
2019-09-24 16:33:50,627 DEBUG impl.RaftServerImpl (RaftServerImpl.java:requestVote(775)) - s4@group-A4401D2D6DDD replies to vote request: s1<-s4#0:FAIL-t5. Peer's state: s4@group-A4401D2D6DDD:t5, leader=null, voted=s4, raftlog=s4@group-A4401D2D6DDD-SegmentedRaftLog:OPENED:c-1,f-1,i0, conf=-1: [s3:0.0.0.0:36312, s4:0.0.0.0:37443, s0:0.0.0.0:41765, s1:0.0.0.0:36446, s2:0.0.0.0:41779], old=null
2019-09-24 16:33:50,628 DEBUG impl.RaftServerImpl (RaftServerImpl.java:requestVote(775)) - s4@group-A4401D2D6DDD replies to vote request: s2<-s4#0:FAIL-t5. Peer's state: s4@group-A4401D2D6DDD:t5, leader=null, voted=s4, raftlog=s4@group-A4401D2D6DDD-SegmentedRaftLog:OPENED:c-1,f-1,i0, conf=-1: [s3:0.0.0.0:36312, s4:0.0.0.0:37443, s0:0.0.0.0:41765, s1:0.0.0.0:36446, s2:0.0.0.0:41779], old=null
2019-09-24 16:33:50,629 DEBUG impl.RaftServerImpl (RaftServerImpl.java:requestVote(775)) - s4@group-A4401D2D6DDD replies to vote request: s0<-s4#0:FAIL-t5. Peer's state: s4@group-A4401D2D6DDD:t5, leader=null, voted=s4, raftlog=s4@group-A4401D2D6DDD-SegmentedRaftLog:OPENED:c-1,f-1,i0, conf=-1: [s3:0.0.0.0:36312, s4:0.0.0.0:37443, s0:0.0.0.0:41765, s1:0.0.0.0:36446, s2:0.0.0.0:41779], old=null
2019-09-24 16:33:50,629 DEBUG impl.RaftServerImpl (RaftServerImpl.java:requestVote(743)) - s4@group-A4401D2D6DDD: receive requestVote(s2, group-A4401D2D6DDD, 5, (t:0, i:0))
2019-09-24 16:33:50,630 DEBUG impl.RaftServerImpl (RaftServerImpl.java:requestVote(743)) - s4@group-A4401D2D6DDD: receive requestVote(s0, group-A4401D2D6DDD, 5, (t:0, i:0))
2019-09-24 16:33:50,630 DEBUG impl.RaftServerImpl (RaftServerImpl.java:requestVote(775)) - s4@group-A4401D2D6DDD replies to vote request: s2<-s4#0:FAIL-t5. Peer's state: s4@group-A4401D2D6DDD:t5, leader=null, voted=s4, raftlog=s4@group-A4401D2D6DDD-SegmentedRaftLog:OPENED:c-1,f-1,i0, conf=-1: [s3:0.0.0.0:36312, s4:0.0.0.0:37443, s0:0.0.0.0:41765, s1:0.0.0.0:36446, s2:0.0.0.0:41779], old=null
2019-09-24 16:33:50,630 INFO  logging.LoggingHandler (AbstractInternalLogger.java:log(150)) - [id: 0x53d6449d, L:/0.0.0.0:41779] READ: [id: 0x708b3bd7, L:/192.168.5.142:41779 - R:/192.168.5.142:33348]
2019-09-24 16:33:50,631 DEBUG impl.RaftServerImpl (RaftServerImpl.java:requestVote(743)) - s1@group-A4401D2D6DDD: receive requestVote(s4, group-A4401D2D6DDD, 4, (t:0, i:0))
2019-09-24 16:33:50,631 INFO  logging.LoggingHandler (AbstractInternalLogger.java:log(150)) - [id: 0x53d6449d, L:/0.0.0.0:41779] READ COMPLETE
2019-09-24 16:33:50,631 DEBUG impl.RaftServerImpl (RaftServerImpl.java:requestVote(775)) - s4@group-A4401D2D6DDD replies to vote request: s0<-s4#0:FAIL-t5. Peer's state: s4@group-A4401D2D6DDD:t5, leader=null, voted=s4, raftlog=s4@group-A4401D2D6DDD-SegmentedRaftLog:OPENED:c-1,f-1,i0, conf=-1: [s3:0.0.0.0:36312, s4:0.0.0.0:37443, s0:0.0.0.0:41765, s1:0.0.0.0:36446, s2:0.0.0.0:41779], old=null
2019-09-24 16:33:50,630 INFO  impl.LeaderElection (LeaderElection.java:logAndReturn(56)) - s4@group-A4401D2D6DDD-LeaderElection41: Election REJECTED; received 0 response(s) [] and 0 exception(s); s4@group-A4401D2D6DDD:t5, leader=null, voted=s4, raftlog=s4@group-A4401D2D6DDD-SegmentedRaftLog:OPENED:c-1,f-1,i0, conf=-1: [s3:0.0.0.0:36312, s4:0.0.0.0:37443, s0:0.0.0.0:41765, s1:0.0.0.0:36446, s2:0.0.0.0:41779], old=null
2019-09-24 16:33:50,630 DEBUG impl.RaftServerImpl (RaftServerImpl.java:requestVote(743)) - s0@group-A4401D2D6DDD: receive requestVote(s4, group-A4401D2D6DDD, 4, (t:0, i:0))
2019-09-24 16:33:50,632 DEBUG impl.RaftServerImpl (RaftServerImpl.java:requestVote(775)) - s0@group-A4401D2D6DDD replies to vote request: s4<-s0#0:FAIL-t5. Peer's state: s0@group-A4401D2D6DDD:t5, leader=null, voted=s0, raftlog=s0@group-A4401D2D6DDD-SegmentedRaftLog:OPENED:c-1,f-1,i0, conf=-1: [s3:0.0.0.0:36312, s4:0.0.0.0:37443, s0:0.0.0.0:41765, s1:0.0.0.0:36446, s2:0.0.0.0:41779], old=null
2019-09-24 16:33:50,633 DEBUG impl.RaftServerImpl (RaftServerImpl.java:requestVote(743)) - s2@group-A4401D2D6DDD: receive requestVote(s4, group-A4401D2D6DDD, 1, (t:0, i:0))
2019-09-24 16:33:50,633 DEBUG impl.RaftServerImpl (RaftServerImpl.java:requestVote(743)) - s0@group-A4401D2D6DDD: receive requestVote(s4, group-A4401D2D6DDD, 5, (t:0, i:0))
2019-09-24 16:33:50,633 DEBUG impl.RaftServerImpl (RaftServerImpl.java:requestVote(775)) - s2@group-A4401D2D6DDD replies to vote request: s4<-s2#0:FAIL-t5. Peer's state: s2@group-A4401D2D6DDD:t5, leader=null, voted=s2, raftlog=s2@group-A4401D2D6DDD-SegmentedRaftLog:OPENED:c-1,f-1,i0, conf=-1: [s3:0.0.0.0:36312, s4:0.0.0.0:37443, s0:0.0.0.0:41765, s1:0.0.0.0:36446, s2:0.0.0.0:41779], old=null
2019-09-24 16:33:50,633 DEBUG impl.RaftServerImpl (RaftServerImpl.java:requestVote(775)) - s0@group-A4401D2D6DDD replies to vote request: s4<-s0#0:FAIL-t5. Peer's state: s0@group-A4401D2D6DDD:t5, leader=null, voted=s0, raftlog=s0@group-A4401D2D6DDD-SegmentedRaftLog:OPENED:c-1,f-1,i0, conf=-1: [s3:0.0.0.0:36312, s4:0.0.0.0:37443, s0:0.0.0.0:41765, s1:0.0.0.0:36446, s2:0.0.0.0:41779], old=null
2019-09-24 16:33:50,634 DEBUG impl.RaftServerImpl (RaftServerImpl.java:requestVote(743)) - s2@group-A4401D2D6DDD: receive requestVote(s4, group-A4401D2D6DDD, 4, (t:0, i:0))
2019-09-24 16:33:50,634 DEBUG impl.RaftServerImpl (RaftServerImpl.java:requestVote(775)) - s2@group-A4401D2D6DDD replies to vote request: s4<-s2#0:FAIL-t5. Peer's state: s2@group-A4401D2D6DDD:t5, leader=null, voted=s2, raftlog=s2@group-A4401D2D6DDD-SegmentedRaftLog:OPENED:c-1,f-1,i0, conf=-1: [s3:0.0.0.0:36312, s4:0.0.0.0:37443, s0:0.0.0.0:41765, s1:0.0.0.0:36446, s2:0.0.0.0:41779], old=null
2019-09-24 16:33:50,635 DEBUG impl.RaftServerImpl (RaftServerImpl.java:requestVote(743)) - s2@group-A4401D2D6DDD: receive requestVote(s4, group-A4401D2D6DDD, 5, (t:0, i:0))
2019-09-24 16:33:50,635 DEBUG impl.RaftServerImpl (RaftServerImpl.java:requestVote(775)) - s2@group-A4401D2D6DDD replies to vote request: s4<-s2#0:FAIL-t5. Peer's state: s2@group-A4401D2D6DDD:t5, leader=null, voted=s2, raftlog=s2@group-A4401D2D6DDD-SegmentedRaftLog:OPENED:c-1,f-1,i0, conf=-1: [s3:0.0.0.0:36312, s4:0.0.0.0:37443, s0:0.0.0.0:41765, s1:0.0.0.0:36446, s2:0.0.0.0:41779], old=null
2019-09-24 16:33:50,646 INFO  impl.LeaderElection (LeaderElection.java:askForVotes(178)) - s3@group-A4401D2D6DDD-LeaderElection36: begin an election at term 6 for -1: [s3:0.0.0.0:36312, s4:0.0.0.0:37443, s0:0.0.0.0:41765, s1:0.0.0.0:36446, s2:0.0.0.0:41779], old=null
2019-09-24 16:33:50,646 DEBUG impl.RaftServerImpl (RaftServerImpl.java:requestVote(775)) - s1@group-A4401D2D6DDD replies to vote request: s4<-s1#0:FAIL-t6. Peer's state: s1@group-A4401D2D6DDD:t6, leader=null, voted=s1, raftlog=s1@group-A4401D2D6DDD-SegmentedRaftLog:OPENED:c-1,f-1,i0, conf=-1: [s3:0.0.0.0:36312, s4:0.0.0.0:37443, s0:0.0.0.0:41765, s1:0.0.0.0:36446, s2:0.0.0.0:41779], old=null
2019-09-24 16:33:50,646 DEBUG impl.RaftServerImpl (RaftServerImpl.java:requestVote(775)) - s3@group-A4401D2D6DDD replies to vote request: s0<-s3#0:FAIL-t6. Peer's state: s3@group-A4401D2D6DDD:t6, leader=null, voted=s3, raftlog=s3@group-A4401D2D6DDD-SegmentedRaftLog:OPENED:c-1,f-1,i0, conf=-1: [s3:0.0.0.0:36312, s4:0.0.0.0:37443, s0:0.0.0.0:41765, s1:0.0.0.0:36446, s2:0.0.0.0:41779], old=null
2019-09-24 16:33:50,646 INFO  impl.LeaderElection (LeaderElection.java:askForVotes(178)) - s1@group-A4401D2D6DDD-LeaderElection37: begin an election at term 6 for -1: [s3:0.0.0.0:36312, s4:0.0.0.0:37443, s0:0.0.0.0:41765, s1:0.0.0.0:36446, s2:0.0.0.0:41779], old=null
2019-09-24 16:33:50,647 DEBUG impl.RaftServerImpl (RaftServerImpl.java:requestVote(775)) - s3@group-A4401D2D6DDD replies to vote request: s2<-s3#0:FAIL-t6. Peer's state: s3@group-A4401D2D6DDD:t6, leader=null, voted=s3, raftlog=s3@group-A4401D2D6DDD-SegmentedRaftLog:OPENED:c-1,f-1,i0, conf=-1: [s3:0.0.0.0:36312, s4:0.0.0.0:37443, s0:0.0.0.0:41765, s1:0.0.0.0:36446, s2:0.0.0.0:41779], old=null
2019-09-24 16:33:50,647 INFO  impl.LeaderElection (LeaderElection.java:logAndReturn(56)) - s0@group-A4401D2D6DDD-LeaderElection45: Election DISCOVERED_A_NEW_TERM; received 3 response(s) [s0<-s3#0:FAIL-t6, s0<-s4#0:FAIL-t5, s0<-s2#0:FAIL-t5] and 0 exception(s); s0@group-A4401D2D6DDD:t5, leader=null, voted=s0, raftlog=s0@group-A4401D2D6DDD-SegmentedRaftLog:OPENED:c-1,f-1,i0, conf=-1: [s3:0.0.0.0:36312, s4:0.0.0.0:37443, s0:0.0.0.0:41765, s1:0.0.0.0:36446, s2:0.0.0.0:41779], old=null
2019-09-24 16:33:50,647 DEBUG impl.RaftServerImpl (RaftServerImpl.java:requestVote(743)) - s1@group-A4401D2D6DDD: receive requestVote(s4, group-A4401D2D6DDD, 5, (t:0, i:0))
2019-09-24 16:33:50,647 DEBUG impl.RaftServerImpl (RaftServerImpl.java:requestVote(775)) - s1@group-A4401D2D6DDD replies to vote request: s0<-s1#0:FAIL-t6. Peer's state: s1@group-A4401D2D6DDD:t6, leader=null, voted=s1, raftlog=s1@group-A4401D2D6DDD-SegmentedRaftLog:OPENED:c-1,f-1,i0, conf=-1: [s3:0.0.0.0:36312, s4:0.0.0.0:37443, s0:0.0.0.0:41765, s1:0.0.0.0:36446, s2:0.0.0.0:41779], old=null
2019-09-24 16:33:50,648 INFO  impl.LeaderElection (LeaderElection.java:logAndReturn(56)) - s2@group-A4401D2D6DDD-LeaderElection44: Election DISCOVERED_A_NEW_TERM; received 3 response(s) [s2<-s3#0:FAIL-t6, s2<-s4#0:FAIL-t5, s2<-s0#0:FAIL-t5] and 0 exception(s); s2@group-A4401D2D6DDD:t5, leader=null, voted=s2, raftlog=s2@group-A4401D2D6DDD-SegmentedRaftLog:OPENED:c-1,f-1,i0, conf=-1: [s3:0.0.0.0:36312, s4:0.0.0.0:37443, s0:0.0.0.0:41765, s1:0.0.0.0:36446, s2:0.0.0.0:41779], old=null
2019-09-24 16:33:50,647 INFO  impl.RaftServerImpl (RaftServerImpl.java:setRole(170)) - s0@group-A4401D2D6DDD: changes role from CANDIDATE to FOLLOWER at term 6 for DISCOVERED_A_NEW_TERM
2019-09-24 16:33:50,649 INFO  impl.RoleInfo (RoleInfo.java:shutdownLeaderElection(134)) - s0: shutdown LeaderElection
2019-09-24 16:33:50,647 DEBUG impl.RaftServerImpl (RaftServerImpl.java:requestVote(775)) - s3@group-A4401D2D6DDD replies to vote request: s4<-s3#0:FAIL-t6. Peer's state: s3@group-A4401D2D6DDD:t6, leader=null, voted=s3, raftlog=s3@group-A4401D2D6DDD-SegmentedRaftLog:OPENED:c-1,f-1,i0, conf=-1: [s3:0.0.0.0:36312, s4:0.0.0.0:37443, s0:0.0.0.0:41765, s1:0.0.0.0:36446, s2:0.0.0.0:41779], old=null
2019-09-24 16:33:50,649 INFO  impl.RoleInfo (RoleInfo.java:updateAndGet(143)) - s0: start FollowerState
2019-09-24 16:33:50,648 INFO  impl.RaftServerImpl (RaftServerImpl.java:setRole(170)) - s2@group-A4401D2D6DDD: changes role from CANDIDATE to FOLLOWER at term 6 for DISCOVERED_A_NEW_TERM
2019-09-24 16:33:50,648 DEBUG impl.RaftServerImpl (RaftServerImpl.java:requestVote(775)) - s1@group-A4401D2D6DDD replies to vote request: s2<-s1#0:FAIL-t6. Peer's state: s1@group-A4401D2D6DDD:t6, leader=null, voted=s1, raftlog=s1@group-A4401D2D6DDD-SegmentedRaftLog:OPENED:c-1,f-1,i0, conf=-1: [s3:0.0.0.0:36312, s4:0.0.0.0:37443, s0:0.0.0.0:41765, s1:0.0.0.0:36446, s2:0.0.0.0:41779], old=null
2019-09-24 16:33:50,649 INFO  impl.RoleInfo (RoleInfo.java:shutdownLeaderElection(134)) - s2: shutdown LeaderElection
2019-09-24 16:33:50,649 DEBUG impl.RaftServerImpl (RaftServerImpl.java:requestVote(743)) - s3@group-A4401D2D6DDD: receive requestVote(s4, group-A4401D2D6DDD, 5, (t:0, i:0))
2019-09-24 16:33:50,650 INFO  impl.RoleInfo (RoleInfo.java:updateAndGet(143)) - s2: start FollowerState
2019-09-24 16:33:50,650 DEBUG impl.RaftServerImpl (RaftServerImpl.java:requestVote(743)) - s4@group-A4401D2D6DDD: receive requestVote(s3, group-A4401D2D6DDD, 6, (t:0, i:0))
2019-09-24 16:33:50,650 DEBUG impl.RaftServerImpl (RaftServerImpl.java:requestVote(775)) - s1@group-A4401D2D6DDD replies to vote request: s4<-s1#0:FAIL-t6. Peer's state: s1@group-A4401D2D6DDD:t6, leader=null, voted=s1, raftlog=s1@group-A4401D2D6DDD-SegmentedRaftLog:OPENED:c-1,f-1,i0, conf=-1: [s3:0.0.0.0:36312, s4:0.0.0.0:37443, s0:0.0.0.0:41765, s1:0.0.0.0:36446, s2:0.0.0.0:41779], old=null
2019-09-24 16:33:50,651 DEBUG impl.RaftServerImpl (RaftServerImpl.java:requestVote(743)) - s2@group-A4401D2D6DDD: receive requestVote(s3, group-A4401D2D6DDD, 6, (t:0, i:0))
2019-09-24 16:33:50,651 INFO  impl.RaftServerImpl (RaftServerImpl.java:setRole(170)) - s4@group-A4401D2D6DDD: changes role from CANDIDATE to FOLLOWER at term 6 for recognizeCandidate:s3
2019-09-24 16:33:50,652 INFO  impl.RoleInfo (RoleInfo.java:shutdownLeaderElection(134)) - s4: shutdown LeaderElection
2019-09-24 16:33:50,650 DEBUG impl.RaftServerImpl (RaftServerImpl.java:requestVote(743)) - s1@group-A4401D2D6DDD: receive requestVote(s3, group-A4401D2D6DDD, 6, (t:0, i:0))
2019-09-24 16:33:50,650 DEBUG impl.RaftServerImpl (RaftServerImpl.java:requestVote(775)) - s3@group-A4401D2D6DDD replies to vote request: s4<-s3#0:FAIL-t6. Peer's state: s3@group-A4401D2D6DDD:t6, leader=null, voted=s3, raftlog=s3@group-A4401D2D6DDD-SegmentedRaftLog:OPENED:c-1,f-1,i0, conf=-1: [s3:0.0.0.0:36312, s4:0.0.0.0:37443, s0:0.0.0.0:41765, s1:0.0.0.0:36446, s2:0.0.0.0:41779], old=null
2019-09-24 16:33:50,650 DEBUG impl.RaftServerImpl (RaftServerImpl.java:requestVote(743)) - s0@group-A4401D2D6DDD: receive requestVote(s3, group-A4401D2D6DDD, 6, (t:0, i:0))
2019-09-24 16:33:50,652 DEBUG impl.RaftServerImpl (RaftServerImpl.java:requestVote(775)) - s1@group-A4401D2D6DDD replies to vote request: s3<-s1#0:FAIL-t6. Peer's state: s1@group-A4401D2D6DDD:t6, leader=null, voted=s1, raftlog=s1@group-A4401D2D6DDD-SegmentedRaftLog:OPENED:c-1,f-1,i0, conf=-1: [s3:0.0.0.0:36312, s4:0.0.0.0:37443, s0:0.0.0.0:41765, s1:0.0.0.0:36446, s2:0.0.0.0:41779], old=null
2019-09-24 16:33:50,652 DEBUG impl.RaftServerImpl (RaftServerImpl.java:requestVote(743)) - s2@group-A4401D2D6DDD: receive requestVote(s1, group-A4401D2D6DDD, 6, (t:0, i:0))
2019-09-24 16:33:50,652 DEBUG impl.RaftServerImpl (RaftServerImpl.java:requestVote(743)) - s0@group-A4401D2D6DDD: receive requestVote(s1, group-A4401D2D6DDD, 6, (t:0, i:0))
2019-09-24 16:33:50,652 INFO  impl.RoleInfo (RoleInfo.java:updateAndGet(143)) - s4: start FollowerState
2019-09-24 16:33:50,652 DEBUG impl.RaftServerImpl (RaftServerImpl.java:requestVote(743)) - s4@group-A4401D2D6DDD: receive requestVote(s1, group-A4401D2D6DDD, 6, (t:0, i:0))
2019-09-24 16:33:50,652 DEBUG impl.RaftServerImpl (RaftServerImpl.java:requestVote(743)) - s3@group-A4401D2D6DDD: receive requestVote(s1, group-A4401D2D6DDD, 6, (t:0, i:0))
2019-09-24 16:33:50,651 INFO  impl.LeaderElection (LeaderElection.java:logAndReturn(56)) - s4@group-A4401D2D6DDD-LeaderElection46: Election DISCOVERED_A_NEW_TERM; received 3 response(s) [s4<-s0#0:FAIL-t5, s4<-s1#0:FAIL-t6, s4<-s2#0:FAIL-t5] and 0 exception(s); s4@group-A4401D2D6DDD:t6, leader=null, voted=null, raftlog=s4@group-A4401D2D6DDD-SegmentedRaftLog:OPENED:c-1,f-1,i0, conf=-1: [s3:0.0.0.0:36312, s4:0.0.0.0:37443, s0:0.0.0.0:41765, s1:0.0.0.0:36446, s2:0.0.0.0:41779], old=null
2019-09-24 16:33:50,655 DEBUG impl.RaftServerImpl (RaftServerImpl.java:requestVote(775)) - s3@group-A4401D2D6DDD replies to vote request: s1<-s3#0:FAIL-t6. Peer's state: s3@group-A4401D2D6DDD:t6, leader=null, voted=s3, raftlog=s3@group-A4401D2D6DDD-SegmentedRaftLog:OPENED:c-1,f-1,i0, conf=-1: [s3:0.0.0.0:36312, s4:0.0.0.0:37443, s0:0.0.0.0:41765, s1:0.0.0.0:36446, s2:0.0.0.0:41779], old=null
2019-09-24 16:33:50,664 INFO  impl.RaftServerImpl (RaftServerImpl.java:setRole(170)) - s0@group-A4401D2D6DDD: changes role from  FOLLOWER to FOLLOWER at term 6 for recognizeCandidate:s1
2019-09-24 16:33:50,664 INFO  impl.RaftServerImpl (RaftServerImpl.java:setRole(170)) - s2@group-A4401D2D6DDD: changes role from  FOLLOWER to FOLLOWER at term 6 for recognizeCandidate:s1
2019-09-24 16:33:50,664 DEBUG impl.RaftServerImpl (RaftServerImpl.java:requestVote(775)) - s4@group-A4401D2D6DDD replies to vote request: s3<-s4#0:FAIL-t6. Peer's state: s4@group-A4401D2D6DDD:t6, leader=null, voted=null, raftlog=s4@group-A4401D2D6DDD-SegmentedRaftLog:OPENED:c-1,f-1,i0, conf=-1: [s3:0.0.0.0:36312, s4:0.0.0.0:37443, s0:0.0.0.0:41765, s1:0.0.0.0:36446, s2:0.0.0.0:41779], old=null
2019-09-24 16:33:50,665 INFO  impl.RoleInfo (RoleInfo.java:shutdownFollowerState(121)) - s2: shutdown FollowerState
2019-09-24 16:33:50,664 INFO  impl.RoleInfo (RoleInfo.java:shutdownFollowerState(121)) - s0: shutdown FollowerState
2019-09-24 16:33:50,665 INFO  impl.FollowerState (FollowerState.java:run(117)) - s2@group-A4401D2D6DDD-FollowerState was interrupted: java.lang.InterruptedException: sleep interrupted
2019-09-24 16:33:50,665 INFO  impl.RoleInfo (RoleInfo.java:updateAndGet(143)) - s2: start FollowerState
2019-09-24 16:33:50,665 INFO  impl.RaftServerImpl (RaftServerImpl.java:setRole(170)) - s4@group-A4401D2D6DDD: changes role from  FOLLOWER to FOLLOWER at term 6 for recognizeCandidate:s1
2019-09-24 16:33:50,666 INFO  impl.RoleInfo (RoleInfo.java:shutdownFollowerState(121)) - s4: shutdown FollowerState
2019-09-24 16:33:50,666 INFO  impl.FollowerState (FollowerState.java:run(117)) - s0@group-A4401D2D6DDD-FollowerState was interrupted: java.lang.InterruptedException: sleep interrupted
2019-09-24 16:33:50,665 INFO  impl.RoleInfo (RoleInfo.java:updateAndGet(143)) - s0: start FollowerState
2019-09-24 16:33:50,666 INFO  impl.FollowerState (FollowerState.java:run(117)) - s4@group-A4401D2D6DDD-FollowerState was interrupted: java.lang.InterruptedException: sleep interrupted
2019-09-24 16:33:50,666 INFO  impl.RoleInfo (RoleInfo.java:updateAndGet(143)) - s4: start FollowerState
2019-09-24 16:33:50,679 DEBUG impl.RaftServerImpl (RaftServerImpl.java:requestVote(775)) - s4@group-A4401D2D6DDD replies to vote request: s1<-s4#0:OK-t6. Peer's state: s4@group-A4401D2D6DDD:t6, leader=null, voted=s1, raftlog=s4@group-A4401D2D6DDD-SegmentedRaftLog:OPENED:c-1,f-1,i0, conf=-1: [s3:0.0.0.0:36312, s4:0.0.0.0:37443, s0:0.0.0.0:41765, s1:0.0.0.0:36446, s2:0.0.0.0:41779], old=null
2019-09-24 16:33:50,679 DEBUG impl.RaftServerImpl (RaftServerImpl.java:requestVote(775)) - s2@group-A4401D2D6DDD replies to vote request: s1<-s2#0:OK-t6. Peer's state: s2@group-A4401D2D6DDD:t6, leader=null, voted=s1, raftlog=s2@group-A4401D2D6DDD-SegmentedRaftLog:OPENED:c-1,f-1,i0, conf=-1: [s3:0.0.0.0:36312, s4:0.0.0.0:37443, s0:0.0.0.0:41765, s1:0.0.0.0:36446, s2:0.0.0.0:41779], old=null
2019-09-24 16:33:50,679 DEBUG impl.RaftServerImpl (RaftServerImpl.java:requestVote(775)) - s0@group-A4401D2D6DDD replies to vote request: s1<-s0#0:OK-t6. Peer's state: s0@group-A4401D2D6DDD:t6, leader=null, voted=s1, raftlog=s0@group-A4401D2D6DDD-SegmentedRaftLog:OPENED:c-1,f-1,i0, conf=-1: [s3:0.0.0.0:36312, s4:0.0.0.0:37443, s0:0.0.0.0:41765, s1:0.0.0.0:36446, s2:0.0.0.0:41779], old=null
2019-09-24 16:33:50,680 DEBUG impl.RaftServerImpl (RaftServerImpl.java:requestVote(775)) - s2@group-A4401D2D6DDD replies to vote request: s3<-s2#0:FAIL-t6. Peer's state: s2@group-A4401D2D6DDD:t6, leader=null, voted=s1, raftlog=s2@group-A4401D2D6DDD-SegmentedRaftLog:OPENED:c-1,f-1,i0, conf=-1: [s3:0.0.0.0:36312, s4:0.0.0.0:37443, s0:0.0.0.0:41765, s1:0.0.0.0:36446, s2:0.0.0.0:41779], old=null
2019-09-24 16:33:50,680 DEBUG impl.RaftServerImpl (RaftServerImpl.java:requestVote(775)) - s0@group-A4401D2D6DDD replies to vote request: s3<-s0#0:FAIL-t6. Peer's state: s0@group-A4401D2D6DDD:t6, leader=null, voted=s1, raftlog=s0@group-A4401D2D6DDD-SegmentedRaftLog:OPENED:c-1,f-1,i0, conf=-1: [s3:0.0.0.0:36312, s4:0.0.0.0:37443, s0:0.0.0.0:41765, s1:0.0.0.0:36446, s2:0.0.0.0:41779], old=null
2019-09-24 16:33:50,680 INFO  impl.LeaderElection (LeaderElection.java:logAndReturn(56)) - s1@group-A4401D2D6DDD-LeaderElection37: Election PASSED; received 3 response(s) [s1<-s3#0:FAIL-t6, s1<-s4#0:OK-t6, s1<-s2#0:OK-t6] and 0 exception(s); s1@group-A4401D2D6DDD:t6, leader=null, voted=s1, raftlog=s1@group-A4401D2D6DDD-SegmentedRaftLog:OPENED:c-1,f-1,i0, conf=-1: [s3:0.0.0.0:36312, s4:0.0.0.0:37443, s0:0.0.0.0:41765, s1:0.0.0.0:36446, s2:0.0.0.0:41779], old=null
2019-09-24 16:33:50,681 INFO  impl.RoleInfo (RoleInfo.java:shutdownLeaderElection(134)) - s1: shutdown LeaderElection
2019-09-24 16:33:50,681 INFO  impl.RaftServerImpl (RaftServerImpl.java:setRole(170)) - s1@group-A4401D2D6DDD: changes role from CANDIDATE to LEADER at term 6 for changeToLeader
2019-09-24 16:33:50,681 INFO  impl.LeaderElection (LeaderElection.java:logAndReturn(56)) - s3@group-A4401D2D6DDD-LeaderElection36: Election REJECTED; received 4 response(s) [s3<-s4#0:FAIL-t6, s3<-s0#0:FAIL-t6, s3<-s1#0:FAIL-t6, s3<-s2#0:FAIL-t6] and 0 exception(s); s3@group-A4401D2D6DDD:t6, leader=null, voted=s3, raftlog=s3@group-A4401D2D6DDD-SegmentedRaftLog:OPENED:c-1,f-1,i0, conf=-1: [s3:0.0.0.0:36312, s4:0.0.0.0:37443, s0:0.0.0.0:41765, s1:0.0.0.0:36446, s2:0.0.0.0:41779], old=null
2019-09-24 16:33:50,681 INFO  impl.RaftServerImpl (ServerState.java:setLeader(254)) - s1@group-A4401D2D6DDD: change Leader from null to s1 at term 6 for becomeLeader, leader elected after 28562ms
2019-09-24 16:33:50,681 INFO  impl.RaftServerImpl (RaftServerImpl.java:setRole(170)) - s3@group-A4401D2D6DDD: changes role from CANDIDATE to FOLLOWER at term 6 for DISCOVERED_A_NEW_TERM
2019-09-24 16:33:50,682 INFO  impl.RoleInfo (RoleInfo.java:shutdownLeaderElection(134)) - s3: shutdown LeaderElection
2019-09-24 16:33:50,682 INFO  impl.RoleInfo (RoleInfo.java:updateAndGet(143)) - s3: start FollowerState
2019-09-24 16:33:50,682 INFO  server.RaftServerConfigKeys (ConfUtils.java:logGet(43)) - raft.server.staging.catchup.gap = 10 (custom)
2019-09-24 16:33:50,682 INFO  server.RaftServerConfigKeys (ConfUtils.java:logGet(43)) - raft.server.rpc.sleep.time = 25ms (default)
2019-09-24 16:33:50,682 INFO  server.RaftServerConfigKeys (ConfUtils.java:logGet(43)) - raft.server.write.element-limit = 4096 (default)
2019-09-24 16:33:50,683 INFO  server.RaftServerConfigKeys (ConfUtils.java:logGet(43)) - raft.server.watch.timeout = 10s (default)
2019-09-24 16:33:50,683 INFO  server.RaftServerConfigKeys (ConfUtils.java:logGet(43)) - raft.server.watch.timeout.denomination = 1s (default)
2019-09-24 16:33:50,683 INFO  server.RaftServerConfigKeys (ConfUtils.java:logGet(43)) - raft.server.watch.element-limit = 65536 (default)
2019-09-24 16:33:50,686 INFO  server.RaftServerConfigKeys (ConfUtils.java:logGet(43)) - raft.server.log.appender.snapshot.chunk.size.max = 16MB (=16777216) (default)
2019-09-24 16:33:50,687 INFO  server.RaftServerConfigKeys (ConfUtils.java:logGet(43)) - raft.server.log.appender.buffer.byte-limit = 4MB (=4194304) (default)
2019-09-24 16:33:50,687 INFO  server.RaftServerConfigKeys (ConfUtils.java:logGet(43)) - raft.server.log.appender.buffer.element-limit = 0 (default)
2019-09-24 16:33:50,687 INFO  server.RaftServerConfigKeys (ConfUtils.java:logGet(43)) - raft.server.log.appender.snapshot.chunk.size.max = 16MB (=16777216) (default)
2019-09-24 16:33:50,687 INFO  server.RaftServerConfigKeys (ConfUtils.java:logGet(43)) - raft.server.log.appender.buffer.byte-limit = 4MB (=4194304) (default)
2019-09-24 16:33:50,687 INFO  server.RaftServerConfigKeys (ConfUtils.java:logGet(43)) - raft.server.log.appender.buffer.element-limit = 0 (default)
2019-09-24 16:33:50,688 INFO  server.RaftServerConfigKeys (ConfUtils.java:logGet(43)) - raft.server.log.appender.snapshot.chunk.size.max = 16MB (=16777216) (default)
2019-09-24 16:33:50,688 INFO  server.RaftServerConfigKeys (ConfUtils.java:logGet(43)) - raft.server.log.appender.buffer.byte-limit = 4MB (=4194304) (default)
2019-09-24 16:33:50,688 INFO  server.RaftServerConfigKeys (ConfUtils.java:logGet(43)) - raft.server.log.appender.buffer.element-limit = 0 (default)
2019-09-24 16:33:50,688 INFO  server.RaftServerConfigKeys (ConfUtils.java:logGet(43)) - raft.server.log.appender.snapshot.chunk.size.max = 16MB (=16777216) (default)
2019-09-24 16:33:50,688 INFO  server.RaftServerConfigKeys (ConfUtils.java:logGet(43)) - raft.server.log.appender.buffer.byte-limit = 4MB (=4194304) (default)
2019-09-24 16:33:50,688 INFO  server.RaftServerConfigKeys (ConfUtils.java:logGet(43)) - raft.server.log.appender.buffer.element-limit = 0 (default)
2019-09-24 16:33:50,689 INFO  impl.RoleInfo (RoleInfo.java:updateAndGet(143)) - s1: start LeaderState
2019-09-24 16:33:50,689 INFO  segmented.SegmentedRaftLogWorker (SegmentedRaftLogWorker.java:startLogSegment(380)) - s1@group-A4401D2D6DDD-SegmentedRaftLogWorker: Starting segment from index:0
2019-09-24 16:33:50,691 INFO  impl.RaftServerImpl (ServerState.java:setRaftConf(355)) - s1@group-A4401D2D6DDD: set configuration 0: [s3:0.0.0.0:36312, s4:0.0.0.0:37443, s0:0.0.0.0:41765, s1:0.0.0.0:36446, s2:0.0.0.0:41779], old=null at 0
2019-09-24 16:33:50,693 INFO  impl.RaftServerImpl (ServerState.java:setLeader(254)) - s4@group-A4401D2D6DDD: change Leader from null to s1 at term 6 for appendEntries, leader elected after 28573ms
2019-09-24 16:33:50,693 INFO  impl.RaftServerImpl (ServerState.java:setLeader(254)) - s3@group-A4401D2D6DDD: change Leader from null to s1 at term 6 for appendEntries, leader elected after 28573ms
2019-09-24 16:33:50,693 INFO  impl.RaftServerImpl (ServerState.java:setLeader(254)) - s2@group-A4401D2D6DDD: change Leader from null to s1 at term 6 for appendEntries, leader elected after 28574ms
2019-09-24 16:33:50,693 INFO  impl.RaftServerImpl (ServerState.java:setLeader(254)) - s0@group-A4401D2D6DDD: change Leader from null to s1 at term 6 for appendEntries, leader elected after 28573ms
2019-09-24 16:33:50,695 DEBUG impl.RaftServerImpl (RaftServerImpl.java:logAppendEntries(850)) - s4@group-A4401D2D6DDD: receive appendEntries(s1, 6, null, -1, false, commits[s1:c-1, s3:c-1, s4:c-1, s0:c-1, s2:c-1], entries: (t:6, i:0), CONFIGURATIONENTRY
2019-09-24 16:33:50,695 DEBUG impl.RaftServerImpl (RaftServerImpl.java:logAppendEntries(850)) - s3@group-A4401D2D6DDD: receive appendEntries(s1, 6, null, -1, false, commits[s1:c-1, s3:c-1, s4:c-1, s0:c-1, s2:c-1], entries: (t:6, i:0), CONFIGURATIONENTRY
2019-09-24 16:33:50,695 DEBUG impl.RaftServerImpl (RaftServerImpl.java:logAppendEntries(850)) - s0@group-A4401D2D6DDD: receive appendEntries(s1, 6, null, -1, false, commits[s1:c-1, s3:c-1, s4:c-1, s0:c-1, s2:c-1], entries: (t:6, i:0), CONFIGURATIONENTRY
2019-09-24 16:33:50,695 DEBUG impl.RaftServerImpl (RaftServerImpl.java:logAppendEntries(850)) - s2@group-A4401D2D6DDD: receive appendEntries(s1, 6, null, -1, false, commits[s1:c-1, s3:c-1, s4:c-1, s0:c-1, s2:c-1], entries: (t:6, i:0), CONFIGURATIONENTRY
2019-09-24 16:33:50,696 INFO  impl.RaftServerImpl (ServerState.java:setRaftConf(355)) - s0@group-A4401D2D6DDD: set configuration 0: [s3:0.0.0.0:36312, s4:0.0.0.0:37443, s0:0.0.0.0:41765, s1:0.0.0.0:36446, s2:0.0.0.0:41779], old=null at 0
2019-09-24 16:33:50,696 INFO  impl.RaftServerImpl (ServerState.java:setRaftConf(355)) - s3@group-A4401D2D6DDD: set configuration 0: [s3:0.0.0.0:36312, s4:0.0.0.0:37443, s0:0.0.0.0:41765, s1:0.0.0.0:36446, s2:0.0.0.0:41779], old=null at 0
2019-09-24 16:33:50,696 INFO  impl.RaftServerImpl (ServerState.java:setRaftConf(355)) - s4@group-A4401D2D6DDD: set configuration 0: [s3:0.0.0.0:36312, s4:0.0.0.0:37443, s0:0.0.0.0:41765, s1:0.0.0.0:36446, s2:0.0.0.0:41779], old=null at 0
2019-09-24 16:33:50,697 INFO  segmented.SegmentedRaftLogWorker (SegmentedRaftLogWorker.java:startLogSegment(380)) - s3@group-A4401D2D6DDD-SegmentedRaftLogWorker: Starting segment from index:0
2019-09-24 16:33:50,696 INFO  segmented.SegmentedRaftLogWorker (SegmentedRaftLogWorker.java:startLogSegment(380)) - s0@group-A4401D2D6DDD-SegmentedRaftLogWorker: Starting segment from index:0
2019-09-24 16:33:50,696 INFO  impl.RaftServerImpl (ServerState.java:setRaftConf(355)) - s2@group-A4401D2D6DDD: set configuration 0: [s3:0.0.0.0:36312, s4:0.0.0.0:37443, s0:0.0.0.0:41765, s1:0.0.0.0:36446, s2:0.0.0.0:41779], old=null at 0
2019-09-24 16:33:50,697 INFO  segmented.SegmentedRaftLogWorker (SegmentedRaftLogWorker.java:startLogSegment(380)) - s4@group-A4401D2D6DDD-SegmentedRaftLogWorker: Starting segment from index:0
2019-09-24 16:33:50,698 INFO  segmented.SegmentedRaftLogWorker (SegmentedRaftLogWorker.java:startLogSegment(380)) - s2@group-A4401D2D6DDD-SegmentedRaftLogWorker: Starting segment from index:0
2019-09-24 16:33:50,945 INFO  segmented.SegmentedRaftLogWorker (SegmentedRaftLogWorker.java:execute(569)) - s1@group-A4401D2D6DDD-SegmentedRaftLogWorker: created new log segment /workdir/ratis-test/target/test/data/b23bc953/MiniRaftClusterWithNetty1aa84620/s1/51b52485-7820-40b7-a373-a4401d2d6ddd/current/log_inprogress_0
2019-09-24 16:33:50,945 INFO  segmented.SegmentedRaftLogWorker (SegmentedRaftLogWorker.java:execute(569)) - s4@group-A4401D2D6DDD-SegmentedRaftLogWorker: created new log segment /workdir/ratis-test/target/test/data/b23bc953/MiniRaftClusterWithNetty1aa84620/s4/51b52485-7820-40b7-a373-a4401d2d6ddd/current/log_inprogress_0
2019-09-24 16:33:50,945 INFO  segmented.SegmentedRaftLogWorker (SegmentedRaftLogWorker.java:execute(569)) - s0@group-A4401D2D6DDD-SegmentedRaftLogWorker: created new log segment /workdir/ratis-test/target/test/data/b23bc953/MiniRaftClusterWithNetty1aa84620/s0/51b52485-7820-40b7-a373-a4401d2d6ddd/current/log_inprogress_0
2019-09-24 16:33:50,945 INFO  segmented.SegmentedRaftLogWorker (SegmentedRaftLogWorker.java:execute(569)) - s3@group-A4401D2D6DDD-SegmentedRaftLogWorker: created new log segment /workdir/ratis-test/target/test/data/b23bc953/MiniRaftClusterWithNetty1aa84620/s3/51b52485-7820-40b7-a373-a4401d2d6ddd/current/log_inprogress_0
2019-09-24 16:33:50,945 INFO  segmented.SegmentedRaftLogWorker (SegmentedRaftLogWorker.java:execute(569)) - s2@group-A4401D2D6DDD-SegmentedRaftLogWorker: created new log segment /workdir/ratis-test/target/test/data/b23bc953/MiniRaftClusterWithNetty1aa84620/s2/51b52485-7820-40b7-a373-a4401d2d6ddd/current/log_inprogress_0
2019-09-24 16:33:51,067 INFO  ratis.RaftTestUtil (RaftTestUtil.java:waitForLeader(101)) - printing ALL groups
  s3:  RUNNING  FOLLOWER s3@group-A4401D2D6DDD:t6, leader=s1, voted=s3, raftlog=s3@group-A4401D2D6DDD-SegmentedRaftLog:OPENED:c-1,f-1,i0, conf=0: [s3:0.0.0.0:36312, s4:0.0.0.0:37443, s0:0.0.0.0:41765, s1:0.0.0.0:36446, s2:0.0.0.0:41779], old=null RUNNING
  s4:  RUNNING  FOLLOWER s4@group-A4401D2D6DDD:t6, leader=s1, voted=s1, raftlog=s4@group-A4401D2D6DDD-SegmentedRaftLog:OPENED:c-1,f-1,i0, conf=0: [s3:0.0.0.0:36312, s4:0.0.0.0:37443, s0:0.0.0.0:41765, s1:0.0.0.0:36446, s2:0.0.0.0:41779], old=null RUNNING
  s0:  RUNNING  FOLLOWER s0@group-A4401D2D6DDD:t6, leader=s1, voted=s1, raftlog=s0@group-A4401D2D6DDD-SegmentedRaftLog:OPENED:c-1,f-1,i0, conf=0: [s3:0.0.0.0:36312, s4:0.0.0.0:37443, s0:0.0.0.0:41765, s1:0.0.0.0:36446, s2:0.0.0.0:41779], old=null RUNNING
  s1:  RUNNING    LEADER s1@group-A4401D2D6DDD:t6, leader=s1, voted=s1, raftlog=s1@group-A4401D2D6DDD-SegmentedRaftLog:OPENED:c-1,f-1,i0, conf=0: [s3:0.0.0.0:36312, s4:0.0.0.0:37443, s0:0.0.0.0:41765, s1:0.0.0.0:36446, s2:0.0.0.0:41779], old=null RUNNING
  s2:  RUNNING  FOLLOWER s2@group-A4401D2D6DDD:t6, leader=s1, voted=s1, raftlog=s2@group-A4401D2D6DDD-SegmentedRaftLog:OPENED:c-1,f-1,i0, conf=0: [s3:0.0.0.0:36312, s4:0.0.0.0:37443, s0:0.0.0.0:41765, s1:0.0.0.0:36446, s2:0.0.0.0:41779], old=null RUNNING
2019-09-24 16:33:51,068 INFO  ratis.MiniRaftCluster (MiniRaftCluster.java:addNewPeers(403)) - Add new peers [s5, s6]
2019-09-24 16:33:51,068 INFO  ratis.MiniRaftCluster (MiniRaftCluster.java:newRaftServer(330)) - newRaftServer: s5, group-A4401D2D6DDD:[s3:0.0.0.0:36312, s4:0.0.0.0:37443, s0:0.0.0.0:41765, s1:0.0.0.0:36446, s2:0.0.0.0:41779], format? true
2019-09-24 16:33:51,069 TRACE util.FileUtils (FileUtils.java:deleteFully(88)) - deleteFully target/test/data/b23bc953/MiniRaftClusterWithNetty1aa84620/s5
2019-09-24 16:33:51,069 TRACE util.FileUtils (FileUtils.java:deleteFully(104)) - deleteFully: target/test/data/b23bc953/MiniRaftClusterWithNetty1aa84620/s5 does not exist.
2019-09-24 16:33:51,069 INFO  ratis.MiniRaftCluster (MiniRaftCluster.java:newRaftServer(335)) - Formatted directory target/test/data/b23bc953/MiniRaftClusterWithNetty1aa84620/s5
2019-09-24 16:33:51,071 INFO  impl.RaftServerProxy (ConfUtils.java:logGet(43)) - raft.rpc.type = NETTY (custom)
2019-09-24 16:33:51,073 INFO  netty.NettyConfigKeys$Server (ConfUtils.java:logGet(43)) - raft.netty.server.port = 40714 (custom)
2019-09-24 16:33:51,075 INFO  server.RaftServerConfigKeys (ConfUtils.java:logGet(43)) - raft.server.storage.dir = [/workdir/ratis-test/target/test/data/b23bc953/MiniRaftClusterWithNetty1aa84620/s5] (custom)
2019-09-24 16:33:51,075 INFO  logging.LoggingHandler (AbstractInternalLogger.java:log(150)) - [id: 0xea1484ac] REGISTERED
2019-09-24 16:33:51,076 INFO  impl.RaftServerProxy (RaftServerProxy.java:addNew(89)) - s5: addNew group-A4401D2D6DDD:[s3:0.0.0.0:36312, s4:0.0.0.0:37443, s0:0.0.0.0:41765, s1:0.0.0.0:36446, s2:0.0.0.0:41779] returns group-A4401D2D6DDD:java.util.concurrent.CompletableFuture@97bacba[Not completed]
2019-09-24 16:33:51,076 INFO  logging.LoggingHandler (AbstractInternalLogger.java:log(150)) - [id: 0xea1484ac] BIND: 0.0.0.0/0.0.0.0:40714
2019-09-24 16:33:51,077 INFO  logging.LoggingHandler (AbstractInternalLogger.java:log(150)) - [id: 0xea1484ac, L:/0.0.0.0:40714] ACTIVE
2019-09-24 16:33:51,078 INFO  impl.RaftServerImpl (RaftServerImpl.java:<init>(95)) - s5: new RaftServerImpl for group-A4401D2D6DDD:[s3:0.0.0.0:36312, s4:0.0.0.0:37443, s0:0.0.0.0:41765, s1:0.0.0.0:36446, s2:0.0.0.0:41779] with BaseStateMachine:uninitialized
2019-09-24 16:33:51,079 INFO  server.RaftServerConfigKeys (ConfUtils.java:logGet(43)) - raft.server.rpc.timeout.min = 150ms (default)
2019-09-24 16:33:51,080 INFO  server.RaftServerConfigKeys (ConfUtils.java:logGet(43)) - raft.server.rpc.timeout.max = 300ms (default)
2019-09-24 16:33:51,080 INFO  ratis.MiniRaftCluster (MiniRaftCluster.java:newRaftServer(330)) - newRaftServer: s6, group-A4401D2D6DDD:[s3:0.0.0.0:36312, s4:0.0.0.0:37443, s0:0.0.0.0:41765, s1:0.0.0.0:36446, s2:0.0.0.0:41779], format? true
2019-09-24 16:33:51,080 INFO  server.RaftServerConfigKeys (ConfUtils.java:logGet(43)) - raft.server.rpcslowness.timeout = 60s (default)
2019-09-24 16:33:51,080 TRACE util.FileUtils (FileUtils.java:deleteFully(88)) - deleteFully target/test/data/b23bc953/MiniRaftClusterWithNetty1aa84620/s6
2019-09-24 16:33:51,080 INFO  server.RaftServerConfigKeys (ConfUtils.java:logGet(43)) - raft.server.sleep.deviation.threshold = 300 (default)
2019-09-24 16:33:51,081 TRACE util.FileUtils (FileUtils.java:deleteFully(104)) - deleteFully: target/test/data/b23bc953/MiniRaftClusterWithNetty1aa84620/s6 does not exist.
2019-09-24 16:33:51,081 INFO  ratis.MiniRaftCluster (MiniRaftCluster.java:newRaftServer(335)) - Formatted directory target/test/data/b23bc953/MiniRaftClusterWithNetty1aa84620/s6
2019-09-24 16:33:51,081 INFO  server.RaftServerConfigKeys (ConfUtils.java:logGet(43)) - raft.server.log.appender.install.snapshot.enabled = true (default)
2019-09-24 16:33:51,082 INFO  impl.RaftServerImpl (ServerState.java:<init>(103)) - s5@group-A4401D2D6DDD: ConfigurationManager, init=-1: [s3:0.0.0.0:36312, s4:0.0.0.0:37443, s0:0.0.0.0:41765, s1:0.0.0.0:36446, s2:0.0.0.0:41779], old=null, confs=<EMPTY_MAP>
2019-09-24 16:33:51,082 INFO  impl.RaftServerProxy (ConfUtils.java:logGet(43)) - raft.rpc.type = NETTY (custom)
2019-09-24 16:33:51,082 INFO  server.RaftServerConfigKeys (ConfUtils.java:logGet(43)) - raft.server.storage.dir = [/workdir/ratis-test/target/test/data/b23bc953/MiniRaftClusterWithNetty1aa84620/s5] (custom)
2019-09-24 16:33:51,083 INFO  server.RaftServerConfigKeys (ConfUtils.java:logGet(43)) - raft.server.log.corruption.policy = EXCEPTION (default)
2019-09-24 16:33:51,084 INFO  storage.RaftStorageDirectory (RaftStorageDirectory.java:analyzeStorage(246)) - The storage directory /workdir/ratis-test/target/test/data/b23bc953/MiniRaftClusterWithNetty1aa84620/s5/51b52485-7820-40b7-a373-a4401d2d6ddd does not exist. Creating ...
2019-09-24 16:33:51,085 INFO  netty.NettyConfigKeys$Server (ConfUtils.java:logGet(43)) - raft.netty.server.port = 45831 (custom)
2019-09-24 16:33:51,085 TRACE util.FileUtils (LogUtils.java:runAndLog(61)) - Successfully ran Files.createDirectories /workdir/ratis-test/target/test/data/b23bc953/MiniRaftClusterWithNetty1aa84620/s5/51b52485-7820-40b7-a373-a4401d2d6ddd
2019-09-24 16:33:51,086 INFO  server.RaftServerConfigKeys (ConfUtils.java:logGet(43)) - raft.server.storage.dir = [/workdir/ratis-test/target/test/data/b23bc953/MiniRaftClusterWithNetty1aa84620/s6] (custom)
2019-09-24 16:33:51,086 INFO  logging.LoggingHandler (AbstractInternalLogger.java:log(150)) - [id: 0xe5a7167a] REGISTERED
2019-09-24 16:33:51,087 INFO  impl.RaftServerProxy (RaftServerProxy.java:addNew(89)) - s6: addNew group-A4401D2D6DDD:[s3:0.0.0.0:36312, s4:0.0.0.0:37443, s0:0.0.0.0:41765, s1:0.0.0.0:36446, s2:0.0.0.0:41779] returns group-A4401D2D6DDD:java.util.concurrent.CompletableFuture@600f37d1[Not completed]
2019-09-24 16:33:51,087 INFO  logging.LoggingHandler (AbstractInternalLogger.java:log(150)) - [id: 0xe5a7167a] BIND: 0.0.0.0/0.0.0.0:45831
2019-09-24 16:33:51,088 INFO  logging.LoggingHandler (AbstractInternalLogger.java:log(150)) - [id: 0xe5a7167a, L:/0.0.0.0:45831] ACTIVE
2019-09-24 16:33:51,088 INFO  impl.RaftServerImpl (RaftServerImpl.java:<init>(95)) - s6: new RaftServerImpl for group-A4401D2D6DDD:[s3:0.0.0.0:36312, s4:0.0.0.0:37443, s0:0.0.0.0:41765, s1:0.0.0.0:36446, s2:0.0.0.0:41779] with BaseStateMachine:uninitialized
2019-09-24 16:33:51,090 INFO  server.RaftServerConfigKeys (ConfUtils.java:logGet(43)) - raft.server.rpc.timeout.min = 150ms (default)
2019-09-24 16:33:51,090 INFO  server.RaftServerConfigKeys (ConfUtils.java:logGet(43)) - raft.server.rpc.timeout.max = 300ms (default)
2019-09-24 16:33:51,090 INFO  server.RaftServerConfigKeys (ConfUtils.java:logGet(43)) - raft.server.rpcslowness.timeout = 60s (default)
2019-09-24 16:33:51,090 INFO  server.RaftServerConfigKeys (ConfUtils.java:logGet(43)) - raft.server.sleep.deviation.threshold = 300 (default)
2019-09-24 16:33:51,091 INFO  server.RaftServerConfigKeys (ConfUtils.java:logGet(43)) - raft.server.log.appender.install.snapshot.enabled = true (default)
2019-09-24 16:33:51,091 INFO  impl.RaftServerImpl (ServerState.java:<init>(103)) - s6@group-A4401D2D6DDD: ConfigurationManager, init=-1: [s3:0.0.0.0:36312, s4:0.0.0.0:37443, s0:0.0.0.0:41765, s1:0.0.0.0:36446, s2:0.0.0.0:41779], old=null, confs=<EMPTY_MAP>
2019-09-24 16:33:51,091 INFO  server.RaftServerConfigKeys (ConfUtils.java:logGet(43)) - raft.server.storage.dir = [/workdir/ratis-test/target/test/data/b23bc953/MiniRaftClusterWithNetty1aa84620/s6] (custom)
2019-09-24 16:33:51,092 INFO  server.RaftServerConfigKeys (ConfUtils.java:logGet(43)) - raft.server.log.corruption.policy = EXCEPTION (default)
2019-09-24 16:33:51,092 INFO  storage.RaftStorageDirectory (RaftStorageDirectory.java:analyzeStorage(246)) - The storage directory /workdir/ratis-test/target/test/data/b23bc953/MiniRaftClusterWithNetty1aa84620/s6/51b52485-7820-40b7-a373-a4401d2d6ddd does not exist. Creating ...
2019-09-24 16:33:51,093 TRACE util.FileUtils (LogUtils.java:runAndLog(61)) - Successfully ran Files.createDirectories /workdir/ratis-test/target/test/data/b23bc953/MiniRaftClusterWithNetty1aa84620/s6/51b52485-7820-40b7-a373-a4401d2d6ddd
2019-09-24 16:33:51,099 INFO  storage.RaftStorageDirectory (RaftStorageDirectory.java:tryLock(328)) - Lock on /workdir/ratis-test/target/test/data/b23bc953/MiniRaftClusterWithNetty1aa84620/s5/51b52485-7820-40b7-a373-a4401d2d6ddd/in_use.lock acquired by nodename 5947@ratis-test-vphbd-3564017154
2019-09-24 16:33:51,100 TRACE util.FileUtils (LogUtils.java:runAndLog(61)) - Successfully ran Files.createDirectories /workdir/ratis-test/target/test/data/b23bc953/MiniRaftClusterWithNetty1aa84620/s5/51b52485-7820-40b7-a373-a4401d2d6ddd/current
2019-09-24 16:33:51,100 TRACE util.FileUtils (LogUtils.java:runAndLog(61)) - Successfully ran Files.createDirectories /workdir/ratis-test/target/test/data/b23bc953/MiniRaftClusterWithNetty1aa84620/s5/51b52485-7820-40b7-a373-a4401d2d6ddd/sm
2019-09-24 16:33:51,101 INFO  storage.RaftStorageDirectory (RaftStorageDirectory.java:tryLock(328)) - Lock on /workdir/ratis-test/target/test/data/b23bc953/MiniRaftClusterWithNetty1aa84620/s6/51b52485-7820-40b7-a373-a4401d2d6ddd/in_use.lock acquired by nodename 5947@ratis-test-vphbd-3564017154
2019-09-24 16:33:51,102 TRACE util.FileUtils (LogUtils.java:runAndLog(61)) - Successfully ran Files.createDirectories /workdir/ratis-test/target/test/data/b23bc953/MiniRaftClusterWithNetty1aa84620/s6/51b52485-7820-40b7-a373-a4401d2d6ddd/current
2019-09-24 16:33:51,102 TRACE util.FileUtils (LogUtils.java:runAndLog(61)) - Successfully ran Files.createDirectories /workdir/ratis-test/target/test/data/b23bc953/MiniRaftClusterWithNetty1aa84620/s6/51b52485-7820-40b7-a373-a4401d2d6ddd/sm
2019-09-24 16:33:51,114 INFO  storage.RaftStorage (RaftStorage.java:format(84)) - Storage directory /workdir/ratis-test/target/test/data/b23bc953/MiniRaftClusterWithNetty1aa84620/s5/51b52485-7820-40b7-a373-a4401d2d6ddd has been successfully formatted.
2019-09-24 16:33:51,114 INFO  storage.RaftStorage (RaftStorage.java:format(84)) - Storage directory /workdir/ratis-test/target/test/data/b23bc953/MiniRaftClusterWithNetty1aa84620/s6/51b52485-7820-40b7-a373-a4401d2d6ddd has been successfully formatted.
2019-09-24 16:33:51,115 INFO  server.RaftServerConfigKeys (ConfUtils.java:logGet(43)) - raft.server.notification.no-leader.timeout = 60s (default)
2019-09-24 16:33:51,115 INFO  server.RaftServerConfigKeys (ConfUtils.java:logGet(43)) - raft.server.notification.no-leader.timeout = 60s (default)
2019-09-24 16:33:51,115 INFO  server.RaftServerConfigKeys (ConfUtils.java:logGet(43)) - raft.server.log.use.memory = false (default)
2019-09-24 16:33:51,115 INFO  server.RaftServerConfigKeys (ConfUtils.java:logGet(43)) - raft.server.log.use.memory = false (default)
2019-09-24 16:33:51,115 INFO  server.RaftServerConfigKeys (ConfUtils.java:logGet(43)) - raft.server.log.purge.gap = 1024 (default)
2019-09-24 16:33:51,115 INFO  server.RaftServerConfigKeys (ConfUtils.java:logGet(43)) - raft.server.log.purge.gap = 1024 (default)
2019-09-24 16:33:51,116 INFO  server.RaftServerConfigKeys (ConfUtils.java:logGet(43)) - raft.server.log.appender.buffer.byte-limit = 4MB (=4194304) (default)
2019-09-24 16:33:51,116 INFO  server.RaftServerConfigKeys (ConfUtils.java:logGet(43)) - raft.server.log.appender.buffer.byte-limit = 4MB (=4194304) (default)
2019-09-24 16:33:51,116 INFO  server.RaftServerConfigKeys (ConfUtils.java:logGet(43)) - raft.server.log.segment.size.max = 8MB (=8388608) (default)
2019-09-24 16:33:51,116 INFO  server.RaftServerConfigKeys (ConfUtils.java:logGet(43)) - raft.server.log.segment.size.max = 8MB (=8388608) (default)
2019-09-24 16:33:51,116 INFO  server.RaftServerConfigKeys (ConfUtils.java:logGet(43)) - raft.server.log.segment.cache.num.max = 6 (default)
2019-09-24 16:33:51,116 INFO  server.RaftServerConfigKeys (ConfUtils.java:logGet(43)) - raft.server.log.segment.cache.num.max = 6 (default)
2019-09-24 16:33:51,116 INFO  segmented.SegmentedRaftLogWorker (SegmentedRaftLogWorker.java:<init>(172)) - new s5@group-A4401D2D6DDD-SegmentedRaftLogWorker for RaftStorage:Storage Directory /workdir/ratis-test/target/test/data/b23bc953/MiniRaftClusterWithNetty1aa84620/s5/51b52485-7820-40b7-a373-a4401d2d6ddd
2019-09-24 16:33:51,117 INFO  segmented.SegmentedRaftLogWorker (SegmentedRaftLogWorker.java:<init>(172)) - new s6@group-A4401D2D6DDD-SegmentedRaftLogWorker for RaftStorage:Storage Directory /workdir/ratis-test/target/test/data/b23bc953/MiniRaftClusterWithNetty1aa84620/s6/51b52485-7820-40b7-a373-a4401d2d6ddd
2019-09-24 16:33:51,117 INFO  server.RaftServerConfigKeys (ConfUtils.java:logGet(43)) - raft.server.log.queue.byte-limit = 64MB (=67108864) (default)
2019-09-24 16:33:51,117 INFO  server.RaftServerConfigKeys (ConfUtils.java:logGet(43)) - raft.server.log.queue.byte-limit = 64MB (=67108864) (default)
2019-09-24 16:33:51,117 INFO  server.RaftServerConfigKeys (ConfUtils.java:logGet(43)) - raft.server.log.queue.element-limit = 4096 (default)
2019-09-24 16:33:51,117 INFO  server.RaftServerConfigKeys (ConfUtils.java:logGet(43)) - raft.server.log.queue.element-limit = 4096 (default)
2019-09-24 16:33:51,117 INFO  server.RaftServerConfigKeys (ConfUtils.java:logGet(43)) - raft.server.log.segment.size.max = 8MB (=8388608) (default)
2019-09-24 16:33:51,118 INFO  server.RaftServerConfigKeys (ConfUtils.java:logGet(43)) - raft.server.log.segment.size.max = 8MB (=8388608) (default)
2019-09-24 16:33:51,118 INFO  server.RaftServerConfigKeys (ConfUtils.java:logGet(43)) - raft.server.log.preallocated.size = 4MB (=4194304) (default)
2019-09-24 16:33:51,118 INFO  server.RaftServerConfigKeys (ConfUtils.java:logGet(43)) - raft.server.log.preallocated.size = 4MB (=4194304) (default)
2019-09-24 16:33:51,118 INFO  server.RaftServerConfigKeys (ConfUtils.java:logGet(43)) - raft.server.log.write.buffer.size = 64KB (=65536) (default)
2019-09-24 16:33:51,118 INFO  server.RaftServerConfigKeys (ConfUtils.java:logGet(43)) - raft.server.log.write.buffer.size = 64KB (=65536) (default)
2019-09-24 16:33:51,118 INFO  server.RaftServerConfigKeys (ConfUtils.java:logGet(43)) - raft.server.log.force.sync.num = 128 (default)
2019-09-24 16:33:51,118 INFO  server.RaftServerConfigKeys (ConfUtils.java:logGet(43)) - raft.server.log.force.sync.num = 128 (default)
2019-09-24 16:33:51,119 INFO  server.RaftServerConfigKeys (ConfUtils.java:logGet(43)) - raft.server.log.statemachine.data.sync = true (default)
2019-09-24 16:33:51,119 INFO  server.RaftServerConfigKeys (ConfUtils.java:logGet(43)) - raft.server.log.statemachine.data.sync = true (default)
2019-09-24 16:33:51,119 INFO  server.RaftServerConfigKeys (ConfUtils.java:logGet(43)) - raft.server.log.statemachine.data.sync.timeout = 10s (default)
2019-09-24 16:33:51,119 INFO  server.RaftServerConfigKeys (ConfUtils.java:logGet(43)) - raft.server.log.statemachine.data.sync.timeout = 10s (default)
2019-09-24 16:33:51,119 INFO  server.RaftServerConfigKeys (ConfUtils.java:logGet(43)) - raft.server.log.statemachine.data.sync.timeout.retry = -1 (default)
2019-09-24 16:33:51,119 INFO  server.RaftServerConfigKeys (ConfUtils.java:logGet(43)) - raft.server.log.statemachine.data.sync.timeout.retry = -1 (default)
2019-09-24 16:33:51,120 INFO  server.RaftServerConfigKeys (ConfUtils.java:logGet(43)) - raft.server.log.statemachine.data.caching.enabled = false (default)
2019-09-24 16:33:51,120 INFO  server.RaftServerConfigKeys (ConfUtils.java:logGet(43)) - raft.server.log.statemachine.data.caching.enabled = false (default)
2019-09-24 16:33:51,120 INFO  segmented.SegmentedRaftLogWorker (SegmentedRaftLogWorker.java:lambda$new$0(132)) - s5@group-A4401D2D6DDD-SegmentedRaftLogWorker: flushIndex: setUnconditionally 0 -> -1
2019-09-24 16:33:51,120 INFO  segmented.SegmentedRaftLogWorker (SegmentedRaftLogWorker.java:lambda$new$0(132)) - s6@group-A4401D2D6DDD-SegmentedRaftLogWorker: flushIndex: setUnconditionally 0 -> -1
2019-09-24 16:33:51,121 INFO  server.RaftServerConfigKeys (ConfUtils.java:logGet(43)) - raft.server.snapshot.auto.trigger.enabled = false (default)
2019-09-24 16:33:51,121 INFO  server.RaftServerConfigKeys (ConfUtils.java:logGet(43)) - raft.server.snapshot.auto.trigger.enabled = false (default)
2019-09-24 16:33:51,121 INFO  server.RaftServerConfigKeys (ConfUtils.java:logGet(43)) - raft.server.snapshot.retention.file.num = -1 (default)
2019-09-24 16:33:51,121 INFO  server.RaftServerConfigKeys (ConfUtils.java:logGet(43)) - raft.server.snapshot.retention.file.num = -1 (default)
2019-09-24 16:33:51,121 DEBUG impl.RaftServerImpl (RaftServerImpl.java:logAppendEntries(850)) - s2@group-A4401D2D6DDD: succeeded to handle AppendEntries. Reply: s1<-s2#0:OK,SUCCESS,nextIndex:1,term:6,followerCommit:-1
2019-09-24 16:33:51,121 INFO  server.RaftServerConfigKeys (ConfUtils.java:logGet(43)) - raft.server.retrycache.expirytime = 60s (default)
2019-09-24 16:33:51,121 INFO  server.RaftServerConfigKeys (ConfUtils.java:logGet(43)) - raft.server.retrycache.expirytime = 60s (default)
2019-09-24 16:33:51,122 DEBUG impl.RaftServerImpl (RaftServerImpl.java:logAppendEntries(850)) - s3@group-A4401D2D6DDD: succeeded to handle AppendEntries. Reply: s1<-s3#0:OK,SUCCESS,nextIndex:1,term:6,followerCommit:-1
2019-09-24 16:33:51,122 DEBUG impl.RaftServerImpl (RaftServerImpl.java:logAppendEntries(850)) - s0@group-A4401D2D6DDD: succeeded to handle AppendEntries. Reply: s1<-s0#0:OK,SUCCESS,nextIndex:1,term:6,followerCommit:-1
2019-09-24 16:33:51,121 DEBUG impl.RaftServerImpl (RaftServerImpl.java:logAppendEntries(850)) - s4@group-A4401D2D6DDD: succeeded to handle AppendEntries. Reply: s1<-s4#0:OK,SUCCESS,nextIndex:1,term:6,followerCommit:-1
2019-09-24 16:33:51,126 INFO  impl.RaftServerImpl (RaftServerImpl.java:start(184)) - s5@group-A4401D2D6DDD: start with initializing state, conf=-1: [s3:0.0.0.0:36312, s4:0.0.0.0:37443, s0:0.0.0.0:41765, s1:0.0.0.0:36446, s2:0.0.0.0:41779], old=null
2019-09-24 16:33:51,127 INFO  impl.RaftServerImpl (RaftServerImpl.java:setRole(170)) - s5@group-A4401D2D6DDD: changes role from      null to FOLLOWER at term 0 for startInitializing
2019-09-24 16:33:51,128 INFO  util.JmxRegister (JmxRegister.java:tryRegister(44)) - Successfully registered JMX Bean with object name Ratis:service=RaftServer,group=group-A4401D2D6DDD,id=s5
2019-09-24 16:33:51,131 INFO  impl.RaftServerProxy (RaftServerProxy.java:lambda$start$3(299)) - s5: start RPC server
2019-09-24 16:33:51,132 INFO  impl.RaftServerImpl (RaftServerImpl.java:start(184)) - s6@group-A4401D2D6DDD: start with initializing state, conf=-1: [s3:0.0.0.0:36312, s4:0.0.0.0:37443, s0:0.0.0.0:41765, s1:0.0.0.0:36446, s2:0.0.0.0:41779], old=null
2019-09-24 16:33:51,133 INFO  impl.RaftServerImpl (RaftServerImpl.java:setRole(170)) - s6@group-A4401D2D6DDD: changes role from      null to FOLLOWER at term 0 for startInitializing
2019-09-24 16:33:51,133 INFO  util.JmxRegister (JmxRegister.java:tryRegister(44)) - Successfully registered JMX Bean with object name Ratis:service=RaftServer,group=group-A4401D2D6DDD,id=s6
2019-09-24 16:33:51,136 INFO  impl.RaftServerProxy (RaftServerProxy.java:lambda$start$3(299)) - s6: start RPC server
2019-09-24 16:33:51,136 INFO  server.RaftServerConfigKeys (ConfUtils.java:logGet(43)) - raft.server.rpc.timeout.max = 300ms (default)
2019-09-24 16:33:51,137 INFO  ratis.RaftTestUtil (RaftTestUtil.java:waitForLeader(86)) - printing ALL groups
  s3:  RUNNING  FOLLOWER s3@group-A4401D2D6DDD:t6, leader=s1, voted=s3, raftlog=s3@group-A4401D2D6DDD-SegmentedRaftLog:OPENED:c-1,f0,i0, conf=0: [s3:0.0.0.0:36312, s4:0.0.0.0:37443, s0:0.0.0.0:41765, s1:0.0.0.0:36446, s2:0.0.0.0:41779], old=null RUNNING
  s4:  RUNNING  FOLLOWER s4@group-A4401D2D6DDD:t6, leader=s1, voted=s1, raftlog=s4@group-A4401D2D6DDD-SegmentedRaftLog:OPENED:c-1,f0,i0, conf=0: [s3:0.0.0.0:36312, s4:0.0.0.0:37443, s0:0.0.0.0:41765, s1:0.0.0.0:36446, s2:0.0.0.0:41779], old=null RUNNING
  s5:  RUNNING  FOLLOWER s5@group-A4401D2D6DDD:t0, leader=null, voted=null, raftlog=s5@group-A4401D2D6DDD-SegmentedRaftLog:OPENED:c-1,f-1,i0, conf=-1: [s3:0.0.0.0:36312, s4:0.0.0.0:37443, s0:0.0.0.0:41765, s1:0.0.0.0:36446, s2:0.0.0.0:41779], old=null STARTING
  s6:  RUNNING  FOLLOWER s6@group-A4401D2D6DDD:t0, leader=null, voted=null, raftlog=s6@group-A4401D2D6DDD-SegmentedRaftLog:OPENED:c-1,f-1,i0, conf=-1: [s3:0.0.0.0:36312, s4:0.0.0.0:37443, s0:0.0.0.0:41765, s1:0.0.0.0:36446, s2:0.0.0.0:41779], old=null STARTING
  s0:  RUNNING  FOLLOWER s0@group-A4401D2D6DDD:t6, leader=s1, voted=s1, raftlog=s0@group-A4401D2D6DDD-SegmentedRaftLog:OPENED:c-1,f0,i0, conf=0: [s3:0.0.0.0:36312, s4:0.0.0.0:37443, s0:0.0.0.0:41765, s1:0.0.0.0:36446, s2:0.0.0.0:41779], old=null RUNNING
  s1:  RUNNING    LEADER s1@group-A4401D2D6DDD:t6, leader=s1, voted=s1, raftlog=s1@group-A4401D2D6DDD-SegmentedRaftLog:OPENED:c0,f0,i0, conf=0: [s3:0.0.0.0:36312, s4:0.0.0.0:37443, s0:0.0.0.0:41765, s1:0.0.0.0:36446, s2:0.0.0.0:41779], old=null RUNNING
  s2:  RUNNING  FOLLOWER s2@group-A4401D2D6DDD:t6, leader=s1, voted=s1, raftlog=s2@group-A4401D2D6DDD-SegmentedRaftLog:OPENED:c-1,f0,i0, conf=0: [s3:0.0.0.0:36312, s4:0.0.0.0:37443, s0:0.0.0.0:41765, s1:0.0.0.0:36446, s2:0.0.0.0:41779], old=null RUNNING
2019-09-24 16:33:51,137 INFO  ratis.RaftTestUtil (RaftTestUtil.java:waitForLeader(101)) - printing ALL groups
  s3:  RUNNING  FOLLOWER s3@group-A4401D2D6DDD:t6, leader=s1, voted=s3, raftlog=s3@group-A4401D2D6DDD-SegmentedRaftLog:OPENED:c-1,f0,i0, conf=0: [s3:0.0.0.0:36312, s4:0.0.0.0:37443, s0:0.0.0.0:41765, s1:0.0.0.0:36446, s2:0.0.0.0:41779], old=null RUNNING
  s4:  RUNNING  FOLLOWER s4@group-A4401D2D6DDD:t6, leader=s1, voted=s1, raftlog=s4@group-A4401D2D6DDD-SegmentedRaftLog:OPENED:c-1,f0,i0, conf=0: [s3:0.0.0.0:36312, s4:0.0.0.0:37443, s0:0.0.0.0:41765, s1:0.0.0.0:36446, s2:0.0.0.0:41779], old=null RUNNING
  s5:  RUNNING  FOLLOWER s5@group-A4401D2D6DDD:t0, leader=null, voted=null, raftlog=s5@group-A4401D2D6DDD-SegmentedRaftLog:OPENED:c-1,f-1,i0, conf=-1: [s3:0.0.0.0:36312, s4:0.0.0.0:37443, s0:0.0.0.0:41765, s1:0.0.0.0:36446, s2:0.0.0.0:41779], old=null STARTING
  s6:  RUNNING  FOLLOWER s6@group-A4401D2D6DDD:t0, leader=null, voted=null, raftlog=s6@group-A4401D2D6DDD-SegmentedRaftLog:OPENED:c-1,f-1,i0, conf=-1: [s3:0.0.0.0:36312, s4:0.0.0.0:37443, s0:0.0.0.0:41765, s1:0.0.0.0:36446, s2:0.0.0.0:41779], old=null STARTING
  s0:  RUNNING  FOLLOWER s0@group-A4401D2D6DDD:t6, leader=s1, voted=s1, raftlog=s0@group-A4401D2D6DDD-SegmentedRaftLog:OPENED:c-1,f0,i0, conf=0: [s3:0.0.0.0:36312, s4:0.0.0.0:37443, s0:0.0.0.0:41765, s1:0.0.0.0:36446, s2:0.0.0.0:41779], old=null RUNNING
  s1:  RUNNING    LEADER s1@group-A4401D2D6DDD:t6, leader=s1, voted=s1, raftlog=s1@group-A4401D2D6DDD-SegmentedRaftLog:OPENED:c0,f0,i0, conf=0: [s3:0.0.0.0:36312, s4:0.0.0.0:37443, s0:0.0.0.0:41765, s1:0.0.0.0:36446, s2:0.0.0.0:41779], old=null RUNNING
  s2:  RUNNING  FOLLOWER s2@group-A4401D2D6DDD:t6, leader=s1, voted=s1, raftlog=s2@group-A4401D2D6DDD-SegmentedRaftLog:OPENED:c-1,f0,i0, conf=0: [s3:0.0.0.0:36312, s4:0.0.0.0:37443, s0:0.0.0.0:41765, s1:0.0.0.0:36446, s2:0.0.0.0:41779], old=null RUNNING
2019-09-24 16:33:51,139 INFO  ratis.MiniRaftCluster (MiniRaftCluster.java:setConfiguration(688)) - Start changing the configuration: [s4:0.0.0.0:37443, s5:0.0.0.0:40714, s6:0.0.0.0:45831, s0:0.0.0.0:41765, s2:0.0.0.0:41779]
2019-09-24 16:33:51,141 INFO  logging.LoggingHandler (AbstractInternalLogger.java:log(150)) - [id: 0x26491fce, L:/0.0.0.0:37443] READ: [id: 0xf4ed8ae6, L:/192.168.5.142:37443 - R:/192.168.5.142:47946]
2019-09-24 16:33:51,141 INFO  logging.LoggingHandler (AbstractInternalLogger.java:log(150)) - [id: 0x26491fce, L:/0.0.0.0:37443] READ COMPLETE
2019-09-24 16:33:51,142 INFO  impl.RaftServerImpl (RaftServerImpl.java:setConfigurationAsync(658)) - s4@group-A4401D2D6DDD: receive setConfiguration SetConfigurationRequest:client-41BEB11BFE21->s4@group-A4401D2D6DDD, cid=26, seq=0, RW, null, peers:[s4:0.0.0.0:37443, s5:0.0.0.0:40714, s6:0.0.0.0:45831, s0:0.0.0.0:41765, s2:0.0.0.0:41779]
2019-09-24 16:33:51,245 INFO  logging.LoggingHandler (AbstractInternalLogger.java:log(150)) - [id: 0x9b511a0f, L:/0.0.0.0:36446] READ: [id: 0xe6e6dc21, L:/192.168.5.142:36446 - R:/192.168.5.142:54276]
2019-09-24 16:33:51,246 INFO  logging.LoggingHandler (AbstractInternalLogger.java:log(150)) - [id: 0x9b511a0f, L:/0.0.0.0:36446] READ COMPLETE
2019-09-24 16:33:51,246 INFO  impl.RaftServerImpl (RaftServerImpl.java:setConfigurationAsync(658)) - s1@group-A4401D2D6DDD: receive setConfiguration SetConfigurationRequest:client-41BEB11BFE21->s1@group-A4401D2D6DDD, cid=26, seq=0, RW, null, peers:[s4:0.0.0.0:37443, s5:0.0.0.0:40714, s6:0.0.0.0:45831, s0:0.0.0.0:41765, s2:0.0.0.0:41779]
2019-09-24 16:33:51,247 INFO  impl.RaftServerImpl (LeaderState.java:startSetConfiguration(287)) - s1@group-A4401D2D6DDD-LeaderState: startSetConfiguration SetConfigurationRequest:client-41BEB11BFE21->s1@group-A4401D2D6DDD, cid=26, seq=0, RW, null, peers:[s4:0.0.0.0:37443, s5:0.0.0.0:40714, s6:0.0.0.0:45831, s0:0.0.0.0:41765, s2:0.0.0.0:41779]
2019-09-24 16:33:51,247 INFO  server.RaftServerConfigKeys (ConfUtils.java:logGet(43)) - raft.server.log.appender.snapshot.chunk.size.max = 16MB (=16777216) (default)
2019-09-24 16:33:51,248 INFO  server.RaftServerConfigKeys (ConfUtils.java:logGet(43)) - raft.server.log.appender.buffer.byte-limit = 4MB (=4194304) (default)
2019-09-24 16:33:51,248 INFO  server.RaftServerConfigKeys (ConfUtils.java:logGet(43)) - raft.server.log.appender.buffer.element-limit = 0 (default)
2019-09-24 16:33:51,248 INFO  server.RaftServerConfigKeys (ConfUtils.java:logGet(43)) - raft.server.log.appender.snapshot.chunk.size.max = 16MB (=16777216) (default)
2019-09-24 16:33:51,249 INFO  server.RaftServerConfigKeys (ConfUtils.java:logGet(43)) - raft.server.log.appender.buffer.byte-limit = 4MB (=4194304) (default)
2019-09-24 16:33:51,249 INFO  server.RaftServerConfigKeys (ConfUtils.java:logGet(43)) - raft.server.log.appender.buffer.element-limit = 0 (default)
2019-09-24 16:33:51,253 INFO  logging.LoggingHandler (AbstractInternalLogger.java:log(150)) - [id: 0xe5a7167a, L:/0.0.0.0:45831] READ: [id: 0xb30dda8f, L:/192.168.5.142:45831 - R:/192.168.5.142:39346]
2019-09-24 16:33:51,253 INFO  logging.LoggingHandler (AbstractInternalLogger.java:log(150)) - [id: 0xea1484ac, L:/0.0.0.0:40714] READ: [id: 0x64fd7183, L:/192.168.5.142:40714 - R:/192.168.5.142:47510]
2019-09-24 16:33:51,253 INFO  logging.LoggingHandler (AbstractInternalLogger.java:log(150)) - [id: 0xe5a7167a, L:/0.0.0.0:45831] READ COMPLETE
2019-09-24 16:33:51,253 INFO  logging.LoggingHandler (AbstractInternalLogger.java:log(150)) - [id: 0xea1484ac, L:/0.0.0.0:40714] READ COMPLETE
2019-09-24 16:33:51,300 INFO  impl.RaftServerImpl (ServerState.java:setLeader(254)) - s5@group-A4401D2D6DDD: change Leader from null to s1 at term 6 for appendEntries, leader elected after 185ms
2019-09-24 16:33:51,300 INFO  impl.RaftServerImpl (ServerState.java:setLeader(254)) - s6@group-A4401D2D6DDD: change Leader from null to s1 at term 6 for appendEntries, leader elected after 185ms
2019-09-24 16:33:51,301 INFO  impl.RaftServerImpl (RaftServerImpl.java:checkInconsistentAppendEntries(999)) - s5@group-A4401D2D6DDD: Failed appendEntries as previous log entry ((t:6, i:0)) is not found
2019-09-24 16:33:51,301 INFO  impl.RaftServerImpl (RaftServerImpl.java:checkInconsistentAppendEntries(999)) - s6@group-A4401D2D6DDD: Failed appendEntries as previous log entry ((t:6, i:0)) is not found
2019-09-24 16:33:51,301 INFO  impl.RaftServerImpl (RaftServerImpl.java:checkInconsistentAppendEntries(972)) - s5@group-A4401D2D6DDD: inconsistency entries. Reply:s1<-s5#0:FAIL,INCONSISTENCY,nextIndex:0,term:0,followerCommit:-1
2019-09-24 16:33:51,301 INFO  impl.RaftServerImpl (RaftServerImpl.java:checkInconsistentAppendEntries(972)) - s6@group-A4401D2D6DDD: inconsistency entries. Reply:s1<-s6#0:FAIL,INCONSISTENCY,nextIndex:0,term:0,followerCommit:-1
2019-09-24 16:33:51,302 INFO  impl.FollowerInfo (FollowerInfo.java:lambda$new$0(51)) - s1@group-A4401D2D6DDD->s5: nextIndex: updateUnconditionally 1 -> 0
2019-09-24 16:33:51,302 INFO  impl.FollowerInfo (FollowerInfo.java:lambda$new$0(51)) - s1@group-A4401D2D6DDD->s6: nextIndex: updateUnconditionally 1 -> 0
2019-09-24 16:33:51,303 DEBUG impl.RaftServerImpl (RaftServerImpl.java:logAppendEntries(850)) - s5@group-A4401D2D6DDD: receive appendEntries(s1, 6, null, 0, true, commits[s1:c0, s3:c0, s4:c0, s0:c0, s2:c0, s5:c-1, s6:c-1], entries: (t:6, i:0), CONFIGURATIONENTRY
2019-09-24 16:33:51,303 DEBUG impl.RaftServerImpl (RaftServerImpl.java:logAppendEntries(850)) - s6@group-A4401D2D6DDD: receive appendEntries(s1, 6, null, 0, true, commits[s1:c0, s3:c0, s4:c0, s0:c0, s2:c0, s5:c-1, s6:c-1], entries: (t:6, i:0), CONFIGURATIONENTRY
2019-09-24 16:33:51,303 INFO  impl.RaftServerImpl (ServerState.java:setRaftConf(355)) - s5@group-A4401D2D6DDD: set configuration 0: [s3:0.0.0.0:36312, s4:0.0.0.0:37443, s0:0.0.0.0:41765, s1:0.0.0.0:36446, s2:0.0.0.0:41779], old=null at 0
2019-09-24 16:33:51,304 INFO  impl.RaftServerImpl (ServerState.java:setRaftConf(355)) - s6@group-A4401D2D6DDD: set configuration 0: [s3:0.0.0.0:36312, s4:0.0.0.0:37443, s0:0.0.0.0:41765, s1:0.0.0.0:36446, s2:0.0.0.0:41779], old=null at 0
2019-09-24 16:33:51,304 INFO  segmented.SegmentedRaftLogWorker (SegmentedRaftLogWorker.java:startLogSegment(380)) - s5@group-A4401D2D6DDD-SegmentedRaftLogWorker: Starting segment from index:0
2019-09-24 16:33:51,304 INFO  segmented.SegmentedRaftLogWorker (SegmentedRaftLogWorker.java:startLogSegment(380)) - s6@group-A4401D2D6DDD-SegmentedRaftLogWorker: Starting segment from index:0
2019-09-24 16:33:51,420 INFO  segmented.SegmentedRaftLogWorker (SegmentedRaftLogWorker.java:execute(569)) - s6@group-A4401D2D6DDD-SegmentedRaftLogWorker: created new log segment /workdir/ratis-test/target/test/data/b23bc953/MiniRaftClusterWithNetty1aa84620/s6/51b52485-7820-40b7-a373-a4401d2d6ddd/current/log_inprogress_0
2019-09-24 16:33:51,420 INFO  segmented.SegmentedRaftLogWorker (SegmentedRaftLogWorker.java:execute(569)) - s5@group-A4401D2D6DDD-SegmentedRaftLogWorker: created new log segment /workdir/ratis-test/target/test/data/b23bc953/MiniRaftClusterWithNetty1aa84620/s5/51b52485-7820-40b7-a373-a4401d2d6ddd/current/log_inprogress_0
2019-09-24 16:33:51,423 INFO  impl.RaftServerImpl (ServerState.java:setRaftConf(355)) - s1@group-A4401D2D6DDD: set configuration 1: [s4:0.0.0.0:37443, s5:0.0.0.0:40714, s6:0.0.0.0:45831, s0:0.0.0.0:41765, s2:0.0.0.0:41779], old=[s3:0.0.0.0:36312, s4:0.0.0.0:37443, s0:0.0.0.0:41765, s1:0.0.0.0:36446, s2:0.0.0.0:41779] at 1
2019-09-24 16:33:51,424 DEBUG impl.RaftServerImpl (RaftServerImpl.java:logAppendEntries(850)) - s4@group-A4401D2D6DDD: receive appendEntries(s1, 6, (t:6, i:0), 0, false, commits[s1:c0, s3:c0, s4:c0, s0:c0, s2:c0, s5:c-1, s6:c-1], entries: (t:6, i:1), CONFIGURATIONENTRY
2019-09-24 16:33:51,424 DEBUG impl.RaftServerImpl (RaftServerImpl.java:logAppendEntries(850)) - s3@group-A4401D2D6DDD: receive appendEntries(s1, 6, (t:6, i:0), 0, false, commits[s1:c0, s3:c0, s4:c0, s0:c0, s2:c0, s5:c-1, s6:c-1], entries: (t:6, i:1), CONFIGURATIONENTRY
2019-09-24 16:33:51,424 DEBUG impl.RaftServerImpl (RaftServerImpl.java:logAppendEntries(850)) - s0@group-A4401D2D6DDD: receive appendEntries(s1, 6, (t:6, i:0), 0, false, commits[s1:c0, s3:c0, s4:c0, s0:c0, s2:c0, s5:c-1, s6:c-1], entries: (t:6, i:1), CONFIGURATIONENTRY
2019-09-24 16:33:51,424 DEBUG impl.RaftServerImpl (RaftServerImpl.java:logAppendEntries(850)) - s2@group-A4401D2D6DDD: receive appendEntries(s1, 6, (t:6, i:0), 0, false, commits[s1:c0, s3:c0, s4:c0, s0:c0, s2:c0, s5:c-1, s6:c-1], entries: (t:6, i:1), CONFIGURATIONENTRY
2019-09-24 16:33:51,425 INFO  impl.RaftServerImpl (ServerState.java:setRaftConf(355)) - s0@group-A4401D2D6DDD: set configuration 1: [s4:0.0.0.0:37443, s5:0.0.0.0:40714, s6:0.0.0.0:45831, s0:0.0.0.0:41765, s2:0.0.0.0:41779], old=[s3:0.0.0.0:36312, s4:0.0.0.0:37443, s0:0.0.0.0:41765, s1:0.0.0.0:36446, s2:0.0.0.0:41779] at 1
2019-09-24 16:33:51,425 INFO  impl.RaftServerImpl (ServerState.java:setRaftConf(355)) - s3@group-A4401D2D6DDD: set configuration 1: [s4:0.0.0.0:37443, s5:0.0.0.0:40714, s6:0.0.0.0:45831, s0:0.0.0.0:41765, s2:0.0.0.0:41779], old=[s3:0.0.0.0:36312, s4:0.0.0.0:37443, s0:0.0.0.0:41765, s1:0.0.0.0:36446, s2:0.0.0.0:41779] at 1
2019-09-24 16:33:51,425 INFO  impl.RaftServerImpl (ServerState.java:setRaftConf(355)) - s4@group-A4401D2D6DDD: set configuration 1: [s4:0.0.0.0:37443, s5:0.0.0.0:40714, s6:0.0.0.0:45831, s0:0.0.0.0:41765, s2:0.0.0.0:41779], old=[s3:0.0.0.0:36312, s4:0.0.0.0:37443, s0:0.0.0.0:41765, s1:0.0.0.0:36446, s2:0.0.0.0:41779] at 1
2019-09-24 16:33:51,426 INFO  impl.RaftServerImpl (ServerState.java:setRaftConf(355)) - s2@group-A4401D2D6DDD: set configuration 1: [s4:0.0.0.0:37443, s5:0.0.0.0:40714, s6:0.0.0.0:45831, s0:0.0.0.0:41765, s2:0.0.0.0:41779], old=[s3:0.0.0.0:36312, s4:0.0.0.0:37443, s0:0.0.0.0:41765, s1:0.0.0.0:36446, s2:0.0.0.0:41779] at 1
2019-09-24 16:33:52,154 DEBUG impl.RaftServerImpl (RaftServerImpl.java:logAppendEntries(850)) - s4@group-A4401D2D6DDD: succeeded to handle AppendEntries. Reply: s1<-s4#0:OK,SUCCESS,nextIndex:2,term:6,followerCommit:0
2019-09-24 16:33:52,155 DEBUG impl.RaftServerImpl (RaftServerImpl.java:logAppendEntries(850)) - s2@group-A4401D2D6DDD: succeeded to handle AppendEntries. Reply: s1<-s2#0:OK,SUCCESS,nextIndex:2,term:6,followerCommit:0
2019-09-24 16:33:52,156 DEBUG impl.RaftServerImpl (RaftServerImpl.java:logAppendEntries(850)) - s0@group-A4401D2D6DDD: succeeded to handle AppendEntries. Reply: s1<-s0#0:OK,SUCCESS,nextIndex:2,term:6,followerCommit:0
2019-09-24 16:33:52,157 DEBUG impl.RaftServerImpl (RaftServerImpl.java:logAppendEntries(850)) - s3@group-A4401D2D6DDD: succeeded to handle AppendEntries. Reply: s1<-s3#0:OK,SUCCESS,nextIndex:2,term:6,followerCommit:0
2019-09-24 16:33:52,156 DEBUG impl.RaftServerImpl (RaftServerImpl.java:logAppendEntries(850)) - s5@group-A4401D2D6DDD: succeeded to handle AppendEntries. Reply: s1<-s5#0:OK,SUCCESS,nextIndex:1,term:6,followerCommit:0
2019-09-24 16:33:52,156 DEBUG impl.RaftServerImpl (RaftServerImpl.java:logAppendEntries(850)) - s6@group-A4401D2D6DDD: succeeded to handle AppendEntries. Reply: s1<-s6#0:OK,SUCCESS,nextIndex:1,term:6,followerCommit:0
2019-09-24 16:33:52,158 DEBUG impl.RaftServerImpl (RaftServerImpl.java:logAppendEntries(850)) - s0@group-A4401D2D6DDD: receive appendEntries(s1, 6, (t:6, i:1), 0, false, commits[s1:c0, s3:c0, s4:c0, s0:c0, s2:c0, s5:c0, s6:c0], entries: (t:6, i:2), METADATAENTRY(c1)
2019-09-24 16:33:52,159 DEBUG impl.RaftServerImpl (RaftServerImpl.java:logAppendEntries(850)) - s5@group-A4401D2D6DDD: receive appendEntries(s1, 6, (t:6, i:0), 0, false, commits[s1:c0, s3:c0, s4:c0, s0:c0, s2:c0, s5:c0, s6:c0], entries: [(t:6, i:1), CONFIGURATIONENTRY, (t:6, i:2), METADATAENTRY(c1)]
2019-09-24 16:33:52,158 DEBUG impl.RaftServerImpl (RaftServerImpl.java:logAppendEntries(850)) - s4@group-A4401D2D6DDD: receive appendEntries(s1, 6, (t:6, i:1), 0, false, commits[s1:c0, s3:c0, s4:c0, s0:c0, s2:c0, s5:c0, s6:c0], entries: (t:6, i:2), METADATAENTRY(c1)
2019-09-24 16:33:52,158 DEBUG impl.RaftServerImpl (RaftServerImpl.java:logAppendEntries(850)) - s6@group-A4401D2D6DDD: receive appendEntries(s1, 6, (t:6, i:0), 0, false, commits[s1:c0, s3:c0, s4:c0, s0:c0, s2:c0, s5:c0, s6:c0], entries: [(t:6, i:1), CONFIGURATIONENTRY, (t:6, i:2), METADATAENTRY(c1)]
2019-09-24 16:33:52,158 DEBUG impl.RaftServerImpl (RaftServerImpl.java:logAppendEntries(850)) - s3@group-A4401D2D6DDD: receive appendEntries(s1, 6, (t:6, i:1), 0, false, commits[s1:c0, s3:c0, s4:c0, s0:c0, s2:c0, s5:c0, s6:c0], entries: (t:6, i:2), METADATAENTRY(c1)
2019-09-24 16:33:52,158 DEBUG impl.RaftServerImpl (RaftServerImpl.java:logAppendEntries(850)) - s2@group-A4401D2D6DDD: receive appendEntries(s1, 6, (t:6, i:1), 0, false, commits[s1:c0, s3:c0, s4:c0, s0:c0, s2:c0, s5:c0, s6:c0], entries: (t:6, i:2), METADATAENTRY(c1)
2019-09-24 16:33:52,160 INFO  impl.RoleInfo (RoleInfo.java:updateAndGet(143)) - s6: start FollowerState
2019-09-24 16:33:52,159 INFO  impl.RoleInfo (RoleInfo.java:updateAndGet(143)) - s5: start FollowerState
2019-09-24 16:33:52,161 INFO  impl.RaftServerImpl (ServerState.java:setRaftConf(355)) - s6@group-A4401D2D6DDD: set configuration 1: [s4:0.0.0.0:37443, s5:0.0.0.0:40714, s6:0.0.0.0:45831, s0:0.0.0.0:41765, s2:0.0.0.0:41779], old=[s3:0.0.0.0:36312, s4:0.0.0.0:37443, s0:0.0.0.0:41765, s1:0.0.0.0:36446, s2:0.0.0.0:41779] at 1
2019-09-24 16:33:52,162 INFO  impl.RaftServerImpl (ServerState.java:setRaftConf(355)) - s5@group-A4401D2D6DDD: set configuration 1: [s4:0.0.0.0:37443, s5:0.0.0.0:40714, s6:0.0.0.0:45831, s0:0.0.0.0:41765, s2:0.0.0.0:41779], old=[s3:0.0.0.0:36312, s4:0.0.0.0:37443, s0:0.0.0.0:41765, s1:0.0.0.0:36446, s2:0.0.0.0:41779] at 1
2019-09-24 16:33:52,169 INFO  ratis.MiniRaftCluster (MiniRaftCluster.java:lambda$null$5(297)) - TIMED-PRINT: printing ALL groups
  s3:  RUNNING  FOLLOWER s3@group-A4401D2D6DDD:t6, leader=s1, voted=s3, raftlog=s3@group-A4401D2D6DDD-SegmentedRaftLog:OPENED:c0,f1,i2, conf=1: [s4:0.0.0.0:37443, s5:0.0.0.0:40714, s6:0.0.0.0:45831, s0:0.0.0.0:41765, s2:0.0.0.0:41779], old=[s3:0.0.0.0:36312, s4:0.0.0.0:37443, s0:0.0.0.0:41765, s1:0.0.0.0:36446, s2:0.0.0.0:41779] RUNNING
  s4:  RUNNING  FOLLOWER s4@group-A4401D2D6DDD:t6, leader=s1, voted=s1, raftlog=s4@group-A4401D2D6DDD-SegmentedRaftLog:OPENED:c0,f1,i2, conf=1: [s4:0.0.0.0:37443, s5:0.0.0.0:40714, s6:0.0.0.0:45831, s0:0.0.0.0:41765, s2:0.0.0.0:41779], old=[s3:0.0.0.0:36312, s4:0.0.0.0:37443, s0:0.0.0.0:41765, s1:0.0.0.0:36446, s2:0.0.0.0:41779] RUNNING
  s5:  RUNNING  FOLLOWER s5@group-A4401D2D6DDD:t6, leader=s1, voted=null, raftlog=s5@group-A4401D2D6DDD-SegmentedRaftLog:OPENED:c0,f0,i2, conf=1: [s4:0.0.0.0:37443, s5:0.0.0.0:40714, s6:0.0.0.0:45831, s0:0.0.0.0:41765, s2:0.0.0.0:41779], old=[s3:0.0.0.0:36312, s4:0.0.0.0:37443, s0:0.0.0.0:41765, s1:0.0.0.0:36446, s2:0.0.0.0:41779] RUNNING
  s6:  RUNNING  FOLLOWER s6@group-A4401D2D6DDD:t6, leader=s1, voted=null, raftlog=s6@group-A4401D2D6DDD-SegmentedRaftLog:OPENED:c0,f0,i2, conf=1: [s4:0.0.0.0:37443, s5:0.0.0.0:40714, s6:0.0.0.0:45831, s0:0.0.0.0:41765, s2:0.0.0.0:41779], old=[s3:0.0.0.0:36312, s4:0.0.0.0:37443, s0:0.0.0.0:41765, s1:0.0.0.0:36446, s2:0.0.0.0:41779] RUNNING
  s0:  RUNNING  FOLLOWER s0@group-A4401D2D6DDD:t6, leader=s1, voted=s1, raftlog=s0@group-A4401D2D6DDD-SegmentedRaftLog:OPENED:c0,f1,i2, conf=1: [s4:0.0.0.0:37443, s5:0.0.0.0:40714, s6:0.0.0.0:45831, s0:0.0.0.0:41765, s2:0.0.0.0:41779], old=[s3:0.0.0.0:36312, s4:0.0.0.0:37443, s0:0.0.0.0:41765, s1:0.0.0.0:36446, s2:0.0.0.0:41779] RUNNING
  s1:  RUNNING    LEADER s1@group-A4401D2D6DDD:t6, leader=s1, voted=s1, raftlog=s1@group-A4401D2D6DDD-SegmentedRaftLog:OPENED:c0,f0,i2, conf=1: [s4:0.0.0.0:37443, s5:0.0.0.0:40714, s6:0.0.0.0:45831, s0:0.0.0.0:41765, s2:0.0.0.0:41779], old=[s3:0.0.0.0:36312, s4:0.0.0.0:37443, s0:0.0.0.0:41765, s1:0.0.0.0:36446, s2:0.0.0.0:41779] RUNNING
  s2:  RUNNING  FOLLOWER s2@group-A4401D2D6DDD:t6, leader=s1, voted=s1, raftlog=s2@group-A4401D2D6DDD-SegmentedRaftLog:OPENED:c0,f1,i2, conf=1: [s4:0.0.0.0:37443, s5:0.0.0.0:40714, s6:0.0.0.0:45831, s0:0.0.0.0:41765, s2:0.0.0.0:41779], old=[s3:0.0.0.0:36312, s4:0.0.0.0:37443, s0:0.0.0.0:41765, s1:0.0.0.0:36446, s2:0.0.0.0:41779] RUNNING
2019-09-24 16:33:52,210 INFO  impl.LogAppender (LogAppender.java:run(78)) - s1@group-A4401D2D6DDD->s3-LogAppender-AppenderDaemon was interrupted: java.io.InterruptedIOException: s1->s3#0 sending from s3:0.0.0.0:36312 is interrupted.
2019-09-24 16:33:52,211 INFO  impl.RaftServerImpl (ServerState.java:setRaftConf(355)) - s1@group-A4401D2D6DDD: set configuration 3: [s4:0.0.0.0:37443, s5:0.0.0.0:40714, s6:0.0.0.0:45831, s0:0.0.0.0:41765, s2:0.0.0.0:41779], old=null at 3
2019-09-24 16:33:57,352 DEBUG impl.RaftServerImpl (RaftServerImpl.java:logAppendEntries(850)) - s0@group-A4401D2D6DDD: succeeded to handle AppendEntries. Reply: s1<-s0#0:OK,SUCCESS,nextIndex:3,term:6,followerCommit:0
2019-09-24 16:33:57,354 DEBUG impl.RaftServerImpl (RaftServerImpl.java:logAppendEntries(850)) - s0@group-A4401D2D6DDD: receive appendEntries(s1, 6, (t:6, i:2), 1, false, commits[s1:c1, s4:c0, s0:c0, s2:c0, s5:c0, s6:c0], entries: (t:6, i:3), CONFIGURATIONENTRY
2019-09-24 16:33:57,355 INFO  impl.RaftServerImpl (ServerState.java:setRaftConf(355)) - s0@group-A4401D2D6DDD: set configuration 3: [s4:0.0.0.0:37443, s5:0.0.0.0:40714, s6:0.0.0.0:45831, s0:0.0.0.0:41765, s2:0.0.0.0:41779], old=null at 3
2019-09-24 16:33:57,373 DEBUG impl.RaftServerImpl (RaftServerImpl.java:logAppendEntries(850)) - s4@group-A4401D2D6DDD: succeeded to handle AppendEntries. Reply: s1<-s4#0:OK,SUCCESS,nextIndex:3,term:6,followerCommit:0
2019-09-24 16:33:57,374 DEBUG impl.RaftServerImpl (RaftServerImpl.java:logAppendEntries(850)) - s3@group-A4401D2D6DDD: succeeded to handle AppendEntries. Reply: s1<-s3#0:OK,SUCCESS,nextIndex:3,term:6,followerCommit:0
2019-09-24 16:33:57,374 DEBUG impl.RaftServerImpl (RaftServerImpl.java:logAppendEntries(850)) - s4@group-A4401D2D6DDD: receive appendEntries(s1, 6, (t:6, i:2), 1, false, commits[s1:c1, s4:c0, s0:c0, s2:c0, s5:c0, s6:c0], entries: (t:6, i:3), CONFIGURATIONENTRY
2019-09-24 16:33:57,374 DEBUG impl.RaftServerImpl (RaftServerImpl.java:logAppendEntries(850)) - s6@group-A4401D2D6DDD: succeeded to handle AppendEntries. Reply: s1<-s6#0:OK,SUCCESS,nextIndex:3,term:6,followerCommit:0
2019-09-24 16:33:57,375 DEBUG impl.RaftServerImpl (RaftServerImpl.java:logAppendEntries(850)) - s2@group-A4401D2D6DDD: succeeded to handle AppendEntries. Reply: s1<-s2#0:OK,SUCCESS,nextIndex:3,term:6,followerCommit:0
2019-09-24 16:33:57,375 DEBUG impl.RaftServerImpl (RaftServerImpl.java:logAppendEntries(850)) - s5@group-A4401D2D6DDD: succeeded to handle AppendEntries. Reply: s1<-s5#0:OK,SUCCESS,nextIndex:3,term:6,followerCommit:0
2019-09-24 16:33:57,375 INFO  impl.RaftServerImpl (ServerState.java:setRaftConf(355)) - s4@group-A4401D2D6DDD: set configuration 3: [s4:0.0.0.0:37443, s5:0.0.0.0:40714, s6:0.0.0.0:45831, s0:0.0.0.0:41765, s2:0.0.0.0:41779], old=null at 3
2019-09-24 16:33:57,376 DEBUG impl.RaftServerImpl (RaftServerImpl.java:logAppendEntries(850)) - s6@group-A4401D2D6DDD: receive appendEntries(s1, 6, (t:6, i:2), 1, false, commits[s1:c1, s4:c0, s0:c0, s2:c0, s5:c0, s6:c0], entries: (t:6, i:3), CONFIGURATIONENTRY
2019-09-24 16:33:57,376 DEBUG impl.RaftServerImpl (RaftServerImpl.java:logAppendEntries(850)) - s2@group-A4401D2D6DDD: receive appendEntries(s1, 6, (t:6, i:2), 2, false, commits[s1:c2, s4:c0, s0:c0, s2:c0, s5:c0, s6:c0], entries: (t:6, i:3), CONFIGURATIONENTRY
2019-09-24 16:33:57,376 DEBUG impl.RaftServerImpl (RaftServerImpl.java:logAppendEntries(850)) - s5@group-A4401D2D6DDD: receive appendEntries(s1, 6, (t:6, i:2), 2, false, commits[s1:c2, s4:c0, s0:c0, s2:c0, s5:c0, s6:c0], entries: (t:6, i:3), CONFIGURATIONENTRY
2019-09-24 16:33:57,377 INFO  impl.RaftServerImpl (ServerState.java:setRaftConf(355)) - s2@group-A4401D2D6DDD: set configuration 3: [s4:0.0.0.0:37443, s5:0.0.0.0:40714, s6:0.0.0.0:45831, s0:0.0.0.0:41765, s2:0.0.0.0:41779], old=null at 3
2019-09-24 16:33:57,377 INFO  impl.RaftServerImpl (ServerState.java:setRaftConf(355)) - s6@group-A4401D2D6DDD: set configuration 3: [s4:0.0.0.0:37443, s5:0.0.0.0:40714, s6:0.0.0.0:45831, s0:0.0.0.0:41765, s2:0.0.0.0:41779], old=null at 3
2019-09-24 16:33:57,377 INFO  impl.RaftServerImpl (ServerState.java:setRaftConf(355)) - s5@group-A4401D2D6DDD: set configuration 3: [s4:0.0.0.0:37443, s5:0.0.0.0:40714, s6:0.0.0.0:45831, s0:0.0.0.0:41765, s2:0.0.0.0:41779], old=null at 3
2019-09-24 16:33:57,561 INFO  impl.FollowerState (FollowerState.java:run(108)) - s3@group-A4401D2D6DDD-FollowerState: change to CANDIDATE, lastRpcTime:186ms, electionTimeout:163ms
2019-09-24 16:33:57,561 INFO  impl.RoleInfo (RoleInfo.java:shutdownFollowerState(121)) - s3: shutdown FollowerState
2019-09-24 16:33:57,561 INFO  impl.RaftServerImpl (RaftServerImpl.java:setRole(170)) - s3@group-A4401D2D6DDD: changes role from  FOLLOWER to CANDIDATE at term 6 for changeToCandidate
2019-09-24 16:33:57,561 INFO  impl.RoleInfo (RoleInfo.java:updateAndGet(143)) - s3: start LeaderElection
2019-09-24 16:33:57,562 INFO  impl.RaftServerImpl (ServerState.java:setLeader(254)) - s3@group-A4401D2D6DDD: change Leader from s1 to null at term 6 for initElection
2019-09-24 16:34:01,263 DEBUG impl.RaftServerImpl (RaftServerImpl.java:logAppendEntries(850)) - s5@group-A4401D2D6DDD: succeeded to handle AppendEntries. Reply: s1<-s5#0:OK,SUCCESS,nextIndex:4,term:6,followerCommit:2
2019-09-24 16:34:01,264 DEBUG impl.RaftServerImpl (RaftServerImpl.java:logAppendEntries(850)) - s6@group-A4401D2D6DDD: succeeded to handle AppendEntries. Reply: s1<-s6#0:OK,SUCCESS,nextIndex:4,term:6,followerCommit:1
2019-09-24 16:34:01,264 DEBUG impl.RaftServerImpl (RaftServerImpl.java:logAppendEntries(850)) - s2@group-A4401D2D6DDD: succeeded to handle AppendEntries. Reply: s1<-s2#0:OK,SUCCESS,nextIndex:4,term:6,followerCommit:2
2019-09-24 16:34:01,265 INFO  impl.RaftServerImpl (LeaderState.java:checkAndUpdateConfiguration(652)) - s1@group-A4401D2D6DDD-LeaderState is not included in the new configuration 3: [s4:0.0.0.0:37443, s5:0.0.0.0:40714, s6:0.0.0.0:45831, s0:0.0.0.0:41765, s2:0.0.0.0:41779], old=null. Will shutdown server...
2019-09-24 16:34:01,266 DEBUG impl.RaftServerImpl (RaftServerImpl.java:logAppendEntries(850)) - s2@group-A4401D2D6DDD: receive appendEntries(s1, 6, (t:6, i:3), 3, false, commits[s1:c3, s4:c0, s0:c0, s2:c2, s5:c2, s6:c1], entries: (t:6, i:4), METADATAENTRY(c3)
2019-09-24 16:34:01,266 DEBUG impl.RaftServerImpl (RaftServerImpl.java:logAppendEntries(850)) - s5@group-A4401D2D6DDD: receive appendEntries(s1, 6, (t:6, i:3), 3, false, commits[s1:c3, s4:c0, s0:c0, s2:c2, s5:c2, s6:c1], entries: (t:6, i:4), METADATAENTRY(c3)
2019-09-24 16:34:01,266 DEBUG impl.RaftServerImpl (RaftServerImpl.java:logAppendEntries(850)) - s6@group-A4401D2D6DDD: receive appendEntries(s1, 6, (t:6, i:3), 3, false, commits[s1:c3, s4:c0, s0:c0, s2:c2, s5:c2, s6:c1], entries: (t:6, i:4), METADATAENTRY(c3)
2019-09-24 16:34:01,267 INFO  server.RaftServerConfigKeys (ConfUtils.java:logGet(43)) - raft.server.rpc.timeout.max = 300ms (default)
2019-09-24 16:34:01,268 INFO  impl.RaftServerTestUtil (RaftServerTestUtil.java:waitAndCheckNewConf(58)) - waitAndCheckNewConf: peers=[s4:0.0.0.0:37443, s5:0.0.0.0:40714, s6:0.0.0.0:45831, s0:0.0.0.0:41765, s2:0.0.0.0:41779], deadPeers=null, printing ALL groups
  s3:  RUNNING CANDIDATE s3@group-A4401D2D6DDD:t7, leader=null, voted=s3, raftlog=s3@group-A4401D2D6DDD-SegmentedRaftLog:OPENED:c0,f2,i2, conf=1: [s4:0.0.0.0:37443, s5:0.0.0.0:40714, s6:0.0.0.0:45831, s0:0.0.0.0:41765, s2:0.0.0.0:41779], old=[s3:0.0.0.0:36312, s4:0.0.0.0:37443, s0:0.0.0.0:41765, s1:0.0.0.0:36446, s2:0.0.0.0:41779] RUNNING
  s4:  RUNNING  FOLLOWER s4@group-A4401D2D6DDD:t6, leader=s1, voted=s1, raftlog=s4@group-A4401D2D6DDD-SegmentedRaftLog:OPENED:c0,f2,i3, conf=3: [s4:0.0.0.0:37443, s5:0.0.0.0:40714, s6:0.0.0.0:45831, s0:0.0.0.0:41765, s2:0.0.0.0:41779], old=null RUNNING
  s5:  RUNNING  FOLLOWER s5@group-A4401D2D6DDD:t6, leader=s1, voted=null, raftlog=s5@group-A4401D2D6DDD-SegmentedRaftLog:OPENED:c2,f3,i4, conf=3: [s4:0.0.0.0:37443, s5:0.0.0.0:40714, s6:0.0.0.0:45831, s0:0.0.0.0:41765, s2:0.0.0.0:41779], old=null RUNNING
  s6:  RUNNING  FOLLOWER s6@group-A4401D2D6DDD:t6, leader=s1, voted=null, raftlog=s6@group-A4401D2D6DDD-SegmentedRaftLog:OPENED:c1,f3,i4, conf=3: [s4:0.0.0.0:37443, s5:0.0.0.0:40714, s6:0.0.0.0:45831, s0:0.0.0.0:41765, s2:0.0.0.0:41779], old=null RUNNING
  s0:  RUNNING  FOLLOWER s0@group-A4401D2D6DDD:t6, leader=s1, voted=s1, raftlog=s0@group-A4401D2D6DDD-SegmentedRaftLog:OPENED:c0,f2,i3, conf=3: [s4:0.0.0.0:37443, s5:0.0.0.0:40714, s6:0.0.0.0:45831, s0:0.0.0.0:41765, s2:0.0.0.0:41779], old=null RUNNING
  s1:  RUNNING    LEADER s1@group-A4401D2D6DDD:t6, leader=s1, voted=s1, raftlog=s1@group-A4401D2D6DDD-SegmentedRaftLog:OPENED:c3,f3,i4, conf=3: [s4:0.0.0.0:37443, s5:0.0.0.0:40714, s6:0.0.0.0:45831, s0:0.0.0.0:41765, s2:0.0.0.0:41779], old=null RUNNING
  s2:  RUNNING  FOLLOWER s2@group-A4401D2D6DDD:t6, leader=s1, voted=s1, raftlog=s2@group-A4401D2D6DDD-SegmentedRaftLog:OPENED:c2,f3,i4, conf=3: [s4:0.0.0.0:37443, s5:0.0.0.0:40714, s6:0.0.0.0:45831, s0:0.0.0.0:41765, s2:0.0.0.0:41779], old=null RUNNING
2019-09-24 16:34:01,268 INFO  impl.RaftServerTestUtil (RaftServerTestUtil.java:waitAndCheckNewConf(66)) - checking CANDIDATE s3@group-A4401D2D6DDD:t7, leader=null, voted=s3, raftlog=s3@group-A4401D2D6DDD-SegmentedRaftLog:OPENED:c0,f2,i2, conf=1: [s4:0.0.0.0:37443, s5:0.0.0.0:40714, s6:0.0.0.0:45831, s0:0.0.0.0:41765, s2:0.0.0.0:41779], old=[s3:0.0.0.0:36312, s4:0.0.0.0:37443, s0:0.0.0.0:41765, s1:0.0.0.0:36446, s2:0.0.0.0:41779] RUNNING
2019-09-24 16:34:01,268 WARN  impl.RaftServerTestUtil (JavaUtils.java:attempt(158)) - FAILED "waitAndCheckNewConf", attempt #1/10: java.lang.AssertionError, sleep 1200ms and then retry.
java.lang.AssertionError
	at org.junit.Assert.fail(Assert.java:86)
	at org.junit.Assert.assertTrue(Assert.java:41)
	at org.junit.Assert.assertTrue(Assert.java:52)
	at org.apache.ratis.server.impl.RaftServerTestUtil.waitAndCheckNewConf(RaftServerTestUtil.java:80)
	at org.apache.ratis.server.impl.RaftServerTestUtil.lambda$waitAndCheckNewConf$1(RaftServerTestUtil.java:53)
	at org.apache.ratis.util.function.CheckedRunnable.lambda$asCheckedSupplier$0(CheckedRunnable.java:32)
	at org.apache.ratis.util.JavaUtils.attempt(JavaUtils.java:152)
	at org.apache.ratis.util.JavaUtils.attempt(JavaUtils.java:172)
	at org.apache.ratis.server.impl.RaftServerTestUtil.waitAndCheckNewConf(RaftServerTestUtil.java:53)
	at org.apache.ratis.server.impl.RaftReconfigurationBaseTest.runTestAddRemovePeers(RaftReconfigurationBaseTest.java:135)
	at org.apache.ratis.server.impl.RaftReconfigurationBaseTest.lambda$testLeaderStepDown$3(RaftReconfigurationBaseTest.java:121)
	at org.apache.ratis.MiniRaftCluster$Factory$Get.runWithNewCluster(MiniRaftCluster.java:125)
	at org.apache.ratis.MiniRaftCluster$Factory$Get.runWithNewCluster(MiniRaftCluster.java:113)
	at org.apache.ratis.server.impl.RaftReconfigurationBaseTest.testLeaderStepDown(RaftReconfigurationBaseTest.java:121)
	at sun.reflect.NativeMethodAccessorImpl.invoke0(Native Method)
	at sun.reflect.NativeMethodAccessorImpl.invoke(NativeMethodAccessorImpl.java:62)
	at sun.reflect.DelegatingMethodAccessorImpl.invoke(DelegatingMethodAccessorImpl.java:43)
	at java.lang.reflect.Method.invoke(Method.java:498)
	at org.junit.runners.model.FrameworkMethod$1.runReflectiveCall(FrameworkMethod.java:50)
	at org.junit.internal.runners.model.ReflectiveCallable.run(ReflectiveCallable.java:12)
	at org.junit.runners.model.FrameworkMethod.invokeExplosively(FrameworkMethod.java:47)
	at org.junit.internal.runners.statements.InvokeMethod.evaluate(InvokeMethod.java:17)
	at org.junit.internal.runners.statements.RunAfters.evaluate(RunAfters.java:27)
	at org.junit.internal.runners.statements.FailOnTimeout$CallableStatement.call(FailOnTimeout.java:298)
	at org.junit.internal.runners.statements.FailOnTimeout$CallableStatement.call(FailOnTimeout.java:292)
	at java.util.concurrent.FutureTask.run(FutureTask.java:266)
	at java.lang.Thread.run(Thread.java:748)
2019-09-24 16:34:01,275 INFO  impl.LeaderElection (LeaderElection.java:askForVotes(178)) - s3@group-A4401D2D6DDD-LeaderElection47: begin an election at term 7 for 1: [s4:0.0.0.0:37443, s5:0.0.0.0:40714, s6:0.0.0.0:45831, s0:0.0.0.0:41765, s2:0.0.0.0:41779], old=[s3:0.0.0.0:36312, s4:0.0.0.0:37443, s0:0.0.0.0:41765, s1:0.0.0.0:36446, s2:0.0.0.0:41779]
2019-09-24 16:34:01,276 DEBUG impl.RaftServerImpl (RaftServerImpl.java:requestVote(743)) - s4@group-A4401D2D6DDD: receive requestVote(s3, group-A4401D2D6DDD, 7, (t:6, i:2))
2019-09-24 16:34:01,276 DEBUG impl.RaftServerImpl (RaftServerImpl.java:requestVote(743)) - s0@group-A4401D2D6DDD: receive requestVote(s3, group-A4401D2D6DDD, 7, (t:6, i:2))
2019-09-24 16:34:01,276 DEBUG impl.RaftServerImpl (RaftServerImpl.java:requestVote(775)) - s4@group-A4401D2D6DDD replies to vote request: s3<-s4#0:FAIL-t6. Peer's state: s4@group-A4401D2D6DDD:t6, leader=s1, voted=s1, raftlog=s4@group-A4401D2D6DDD-SegmentedRaftLog:OPENED:c0,f2,i3, conf=3: [s4:0.0.0.0:37443, s5:0.0.0.0:40714, s6:0.0.0.0:45831, s0:0.0.0.0:41765, s2:0.0.0.0:41779], old=null
2019-09-24 16:34:01,277 INFO  logging.LoggingHandler (AbstractInternalLogger.java:log(150)) - [id: 0xea1484ac, L:/0.0.0.0:40714] READ: [id: 0x2653691a, L:/192.168.5.142:40714 - R:/192.168.5.142:47564]
2019-09-24 16:34:01,277 DEBUG impl.RaftServerImpl (RaftServerImpl.java:requestVote(743)) - s1@group-A4401D2D6DDD: receive requestVote(s3, group-A4401D2D6DDD, 7, (t:6, i:2))
2019-09-24 16:34:01,277 DEBUG impl.RaftServerImpl (RaftServerImpl.java:requestVote(775)) - s0@group-A4401D2D6DDD replies to vote request: s3<-s0#0:FAIL-t6. Peer's state: s0@group-A4401D2D6DDD:t6, leader=s1, voted=s1, raftlog=s0@group-A4401D2D6DDD-SegmentedRaftLog:OPENED:c0,f2,i3, conf=3: [s4:0.0.0.0:37443, s5:0.0.0.0:40714, s6:0.0.0.0:45831, s0:0.0.0.0:41765, s2:0.0.0.0:41779], old=null
2019-09-24 16:34:01,277 DEBUG impl.RaftServerImpl (RaftServerImpl.java:requestVote(743)) - s2@group-A4401D2D6DDD: receive requestVote(s3, group-A4401D2D6DDD, 7, (t:6, i:2))
2019-09-24 16:34:01,277 INFO  logging.LoggingHandler (AbstractInternalLogger.java:log(150)) - [id: 0xea1484ac, L:/0.0.0.0:40714] READ COMPLETE
2019-09-24 16:34:01,277 INFO  logging.LoggingHandler (AbstractInternalLogger.java:log(150)) - [id: 0xe5a7167a, L:/0.0.0.0:45831] READ: [id: 0x1780083e, L:/192.168.5.142:45831 - R:/192.168.5.142:39404]
2019-09-24 16:34:01,279 DEBUG impl.RaftServerImpl (RaftServerImpl.java:requestVote(743)) - s5@group-A4401D2D6DDD: receive requestVote(s3, group-A4401D2D6DDD, 7, (t:6, i:2))
2019-09-24 16:34:01,278 DEBUG impl.RaftServerImpl (RaftServerImpl.java:requestVote(775)) - s2@group-A4401D2D6DDD replies to vote request: s3<-s2#0:FAIL-t6. Peer's state: s2@group-A4401D2D6DDD:t6, leader=s1, voted=s1, raftlog=s2@group-A4401D2D6DDD-SegmentedRaftLog:OPENED:c2,f3,i4, conf=3: [s4:0.0.0.0:37443, s5:0.0.0.0:40714, s6:0.0.0.0:45831, s0:0.0.0.0:41765, s2:0.0.0.0:41779], old=null
2019-09-24 16:34:01,279 DEBUG impl.RaftServerImpl (RaftServerImpl.java:requestVote(775)) - s5@group-A4401D2D6DDD replies to vote request: s3<-s5#0:FAIL-t6. Peer's state: s5@group-A4401D2D6DDD:t6, leader=s1, voted=null, raftlog=s5@group-A4401D2D6DDD-SegmentedRaftLog:OPENED:c2,f3,i4, conf=3: [s4:0.0.0.0:37443, s5:0.0.0.0:40714, s6:0.0.0.0:45831, s0:0.0.0.0:41765, s2:0.0.0.0:41779], old=null
2019-09-24 16:34:01,279 INFO  logging.LoggingHandler (AbstractInternalLogger.java:log(150)) - [id: 0xe5a7167a, L:/0.0.0.0:45831] READ COMPLETE
2019-09-24 16:34:01,280 DEBUG impl.RaftServerImpl (RaftServerImpl.java:requestVote(743)) - s6@group-A4401D2D6DDD: receive requestVote(s3, group-A4401D2D6DDD, 7, (t:6, i:2))
2019-09-24 16:34:01,280 DEBUG impl.RaftServerImpl (RaftServerImpl.java:requestVote(775)) - s6@group-A4401D2D6DDD replies to vote request: s3<-s6#0:FAIL-t6. Peer's state: s6@group-A4401D2D6DDD:t6, leader=s1, voted=null, raftlog=s6@group-A4401D2D6DDD-SegmentedRaftLog:OPENED:c1,f3,i4, conf=3: [s4:0.0.0.0:37443, s5:0.0.0.0:40714, s6:0.0.0.0:45831, s0:0.0.0.0:41765, s2:0.0.0.0:41779], old=null
2019-09-24 16:34:01,337 DEBUG impl.RaftServerImpl (RaftServerImpl.java:logAppendEntries(850)) - s0@group-A4401D2D6DDD: succeeded to handle AppendEntries. Reply: s1<-s0#0:OK,SUCCESS,nextIndex:4,term:6,followerCommit:1
2019-09-24 16:34:01,337 DEBUG impl.RaftServerImpl (RaftServerImpl.java:logAppendEntries(850)) - s4@group-A4401D2D6DDD: succeeded to handle AppendEntries. Reply: s1<-s4#0:OK,SUCCESS,nextIndex:4,term:6,followerCommit:1
2019-09-24 16:34:01,338 DEBUG impl.RaftServerImpl (RaftServerImpl.java:logAppendEntries(850)) - s6@group-A4401D2D6DDD: succeeded to handle AppendEntries. Reply: s1<-s6#0:OK,SUCCESS,nextIndex:5,term:6,followerCommit:3
2019-09-24 16:34:01,338 DEBUG impl.RaftServerImpl (RaftServerImpl.java:logAppendEntries(850)) - s5@group-A4401D2D6DDD: succeeded to handle AppendEntries. Reply: s1<-s5#0:OK,SUCCESS,nextIndex:5,term:6,followerCommit:3
2019-09-24 16:34:01,340 DEBUG impl.RaftServerImpl (RaftServerImpl.java:logAppendEntries(850)) - s2@group-A4401D2D6DDD: succeeded to handle AppendEntries. Reply: s1<-s2#0:OK,SUCCESS,nextIndex:5,term:6,followerCommit:3
2019-09-24 16:34:01,340 DEBUG impl.RaftServerImpl (RaftServerImpl.java:logAppendEntries(850)) - s0@group-A4401D2D6DDD: receive appendEntries(s1, 6, (t:6, i:3), 3, false, commits[s1:c3, s4:c0, s0:c1, s2:c2, s5:c2, s6:c1], entries: (t:6, i:4), METADATAENTRY(c3)
2019-09-24 16:34:01,340 DEBUG impl.RaftServerImpl (RaftServerImpl.java:logAppendEntries(850)) - s4@group-A4401D2D6DDD: receive appendEntries(s1, 6, (t:6, i:3), 3, false, commits[s1:c3, s4:c1, s0:c1, s2:c2, s5:c2, s6:c3], entries: (t:6, i:4), METADATAENTRY(c3)
2019-09-24 16:34:01,416 INFO  impl.RaftServerImpl (RaftServerImpl.java:lambda$shutdown$3(247)) - s1@group-A4401D2D6DDD: shutdown
2019-09-24 16:34:01,416 INFO  util.JmxRegister (JmxRegister.java:unregister(73)) - Successfully un-registered JMX Bean with object name Ratis:service=RaftServer,group=group-A4401D2D6DDD,id=s1
2019-09-24 16:34:01,416 INFO  impl.RoleInfo (RoleInfo.java:shutdownLeaderState(104)) - s1: shutdown LeaderState
2019-09-24 16:34:01,420 INFO  impl.LogAppender (LogAppender.java:run(78)) - s1@group-A4401D2D6DDD->s0-LogAppender-AppenderDaemon was interrupted: java.io.InterruptedIOException: s1->s0#0 sending from s0:0.0.0.0:41765 is interrupted.
2019-09-24 16:34:01,420 INFO  impl.LogAppender (LogAppender.java:run(78)) - s1@group-A4401D2D6DDD->s5-LogAppender-AppenderDaemon was interrupted: java.lang.InterruptedException
2019-09-24 16:34:01,420 INFO  impl.LogAppender (LogAppender.java:run(78)) - s1@group-A4401D2D6DDD->s4-LogAppender-AppenderDaemon was interrupted: java.io.InterruptedIOException: s1->s4#0 sending from s4:0.0.0.0:37443 is interrupted.
2019-09-24 16:34:01,420 INFO  impl.LogAppender (LogAppender.java:run(78)) - s1@group-A4401D2D6DDD->s2-LogAppender-AppenderDaemon was interrupted: java.io.InterruptedIOException: s1->s2#0 sending from s2:0.0.0.0:41779 is interrupted.
2019-09-24 16:34:01,420 INFO  impl.PendingRequests (PendingRequests.java:sendNotLeaderResponses(202)) - s1@group-A4401D2D6DDD-PendingRequests: sendNotLeaderResponses
2019-09-24 16:34:01,420 INFO  impl.LogAppender (LogAppender.java:run(78)) - s1@group-A4401D2D6DDD->s6-LogAppender-AppenderDaemon was interrupted: java.lang.InterruptedException
2019-09-24 16:34:01,421 INFO  impl.StateMachineUpdater (StateMachineUpdater.java:stopAndJoin(136)) - s1@group-A4401D2D6DDD-StateMachineUpdater: set stopIndex = 3
2019-09-24 16:34:01,421 INFO  impl.RaftServerImpl (ServerState.java:close(386)) - s1@group-A4401D2D6DDD: closes. applyIndex: 3
2019-09-24 16:34:01,422 INFO  segmented.SegmentedRaftLogWorker (SegmentedRaftLogWorker.java:run(313)) - s1@group-A4401D2D6DDD-SegmentedRaftLogWorker was interrupted, exiting. There are 0 tasks remaining in the queue.
2019-09-24 16:34:01,424 INFO  segmented.SegmentedRaftLogWorker (SegmentedRaftLogWorker.java:close(228)) - s1@group-A4401D2D6DDD-SegmentedRaftLogWorker close()
2019-09-24 16:34:01,425 DEBUG impl.RaftServerImpl (RaftServerImpl.java:requestVote(775)) - s1@group-A4401D2D6DDD replies to vote request: s3<-s1#0:FAIL-t6. Peer's state: s1@group-A4401D2D6DDD:t6, leader=s1, voted=s1, raftlog=s1@group-A4401D2D6DDD-SegmentedRaftLog:CLOSED:c3, conf=3: [s4:0.0.0.0:37443, s5:0.0.0.0:40714, s6:0.0.0.0:45831, s0:0.0.0.0:41765, s2:0.0.0.0:41779], old=null
2019-09-24 16:34:01,426 INFO  impl.LeaderElection (LeaderElection.java:logAndReturn(56)) - s3@group-A4401D2D6DDD-LeaderElection47: Election REJECTED; received 6 response(s) [s3<-s4#0:FAIL-t6, s3<-s5#0:FAIL-t6, s3<-s6#0:FAIL-t6, s3<-s0#0:FAIL-t6, s3<-s1#0:FAIL-t6, s3<-s2#0:FAIL-t6] and 0 exception(s); s3@group-A4401D2D6DDD:t7, leader=null, voted=s3, raftlog=s3@group-A4401D2D6DDD-SegmentedRaftLog:OPENED:c0,f2,i2, conf=1: [s4:0.0.0.0:37443, s5:0.0.0.0:40714, s6:0.0.0.0:45831, s0:0.0.0.0:41765, s2:0.0.0.0:41779], old=[s3:0.0.0.0:36312, s4:0.0.0.0:37443, s0:0.0.0.0:41765, s1:0.0.0.0:36446, s2:0.0.0.0:41779]
2019-09-24 16:34:01,426 INFO  impl.RaftServerImpl (RaftServerImpl.java:setRole(170)) - s3@group-A4401D2D6DDD: changes role from CANDIDATE to FOLLOWER at term 7 for DISCOVERED_A_NEW_TERM
2019-09-24 16:34:01,426 INFO  impl.RoleInfo (RoleInfo.java:shutdownLeaderElection(134)) - s3: shutdown LeaderElection
2019-09-24 16:34:01,427 INFO  impl.RoleInfo (RoleInfo.java:updateAndGet(143)) - s3: start FollowerState
2019-09-24 16:34:01,427 DEBUG impl.RaftServerImpl (RaftServerImpl.java:logAppendEntries(850)) - s0@group-A4401D2D6DDD: succeeded to handle AppendEntries. Reply: s1<-s0#0:OK,SUCCESS,nextIndex:5,term:6,followerCommit:3
2019-09-24 16:34:01,427 DEBUG impl.RaftServerImpl (RaftServerImpl.java:logAppendEntries(850)) - s4@group-A4401D2D6DDD: succeeded to handle AppendEntries. Reply: s1<-s4#0:OK,SUCCESS,nextIndex:5,term:6,followerCommit:3
2019-09-24 16:34:01,637 INFO  impl.FollowerState (FollowerState.java:run(108)) - s3@group-A4401D2D6DDD-FollowerState: change to CANDIDATE, lastRpcTime:209ms, electionTimeout:209ms
2019-09-24 16:34:01,637 INFO  impl.RoleInfo (RoleInfo.java:shutdownFollowerState(121)) - s3: shutdown FollowerState
2019-09-24 16:34:01,637 INFO  impl.RaftServerImpl (RaftServerImpl.java:setRole(170)) - s3@group-A4401D2D6DDD: changes role from  FOLLOWER to CANDIDATE at term 7 for changeToCandidate
2019-09-24 16:34:01,638 INFO  impl.RoleInfo (RoleInfo.java:updateAndGet(143)) - s3: start LeaderElection
2019-09-24 16:34:01,709 INFO  impl.FollowerState (FollowerState.java:run(108)) - s2@group-A4401D2D6DDD-FollowerState: change to CANDIDATE, lastRpcTime:291ms, electionTimeout:150ms
2019-09-24 16:34:01,709 INFO  impl.RoleInfo (RoleInfo.java:shutdownFollowerState(121)) - s2: shutdown FollowerState
2019-09-24 16:34:01,709 INFO  impl.RaftServerImpl (RaftServerImpl.java:setRole(170)) - s2@group-A4401D2D6DDD: changes role from  FOLLOWER to CANDIDATE at term 6 for changeToCandidate
2019-09-24 16:34:01,709 INFO  impl.RoleInfo (RoleInfo.java:updateAndGet(143)) - s2: start LeaderElection
2019-09-24 16:34:01,710 INFO  impl.RaftServerImpl (ServerState.java:setLeader(254)) - s2@group-A4401D2D6DDD: change Leader from s1 to null at term 6 for initElection
2019-09-24 16:34:01,732 INFO  impl.FollowerState (FollowerState.java:run(108)) - s4@group-A4401D2D6DDD-FollowerState: change to CANDIDATE, lastRpcTime:305ms, electionTimeout:243ms
2019-09-24 16:34:01,732 INFO  impl.RoleInfo (RoleInfo.java:shutdownFollowerState(121)) - s4: shutdown FollowerState
2019-09-24 16:34:01,732 INFO  impl.RaftServerImpl (RaftServerImpl.java:setRole(170)) - s4@group-A4401D2D6DDD: changes role from  FOLLOWER to CANDIDATE at term 6 for changeToCandidate
2019-09-24 16:34:01,733 INFO  impl.RoleInfo (RoleInfo.java:updateAndGet(143)) - s4: start LeaderElection
2019-09-24 16:34:01,733 INFO  impl.RaftServerImpl (ServerState.java:setLeader(254)) - s4@group-A4401D2D6DDD: change Leader from s1 to null at term 6 for initElection
2019-09-24 16:34:01,736 INFO  impl.FollowerState (FollowerState.java:run(108)) - s6@group-A4401D2D6DDD-FollowerState: change to CANDIDATE, lastRpcTime:321ms, electionTimeout:287ms
2019-09-24 16:34:01,736 INFO  impl.RoleInfo (RoleInfo.java:shutdownFollowerState(121)) - s6: shutdown FollowerState
2019-09-24 16:34:01,737 INFO  impl.RaftServerImpl (RaftServerImpl.java:setRole(170)) - s6@group-A4401D2D6DDD: changes role from  FOLLOWER to CANDIDATE at term 6 for changeToCandidate
2019-09-24 16:34:01,737 INFO  impl.RoleInfo (RoleInfo.java:updateAndGet(143)) - s6: start LeaderElection
2019-09-24 16:34:01,737 INFO  impl.RaftServerImpl (ServerState.java:setLeader(254)) - s6@group-A4401D2D6DDD: change Leader from s1 to null at term 6 for initElection
2019-09-24 16:34:01,739 INFO  impl.FollowerState (FollowerState.java:run(108)) - s5@group-A4401D2D6DDD-FollowerState: change to CANDIDATE, lastRpcTime:322ms, electionTimeout:153ms
2019-09-24 16:34:01,739 INFO  impl.RoleInfo (RoleInfo.java:shutdownFollowerState(121)) - s5: shutdown FollowerState
2019-09-24 16:34:01,739 INFO  impl.RaftServerImpl (RaftServerImpl.java:setRole(170)) - s5@group-A4401D2D6DDD: changes role from  FOLLOWER to CANDIDATE at term 6 for changeToCandidate
2019-09-24 16:34:01,739 INFO  impl.RoleInfo (RoleInfo.java:updateAndGet(143)) - s5: start LeaderElection
2019-09-24 16:34:01,740 INFO  impl.RaftServerImpl (ServerState.java:setLeader(254)) - s5@group-A4401D2D6DDD: change Leader from s1 to null at term 6 for initElection
2019-09-24 16:34:01,767 INFO  impl.FollowerState (FollowerState.java:run(108)) - s0@group-A4401D2D6DDD-FollowerState: change to CANDIDATE, lastRpcTime:339ms, electionTimeout:240ms
2019-09-24 16:34:01,767 INFO  impl.RoleInfo (RoleInfo.java:shutdownFollowerState(121)) - s0: shutdown FollowerState
2019-09-24 16:34:01,767 INFO  impl.RaftServerImpl (RaftServerImpl.java:setRole(170)) - s0@group-A4401D2D6DDD: changes role from  FOLLOWER to CANDIDATE at term 6 for changeToCandidate
2019-09-24 16:34:01,767 INFO  impl.RoleInfo (RoleInfo.java:updateAndGet(143)) - s0: start LeaderElection
2019-09-24 16:34:01,768 INFO  impl.RaftServerImpl (ServerState.java:setLeader(254)) - s0@group-A4401D2D6DDD: change Leader from s1 to null at term 6 for initElection
2019-09-24 16:34:02,168 INFO  ratis.MiniRaftCluster (MiniRaftCluster.java:lambda$null$5(297)) - TIMED-PRINT: printing ALL groups
  s3:  RUNNING CANDIDATE s3@group-A4401D2D6DDD:t8, leader=null, voted=s3, raftlog=s3@group-A4401D2D6DDD-SegmentedRaftLog:OPENED:c0,f2,i2, conf=1: [s4:0.0.0.0:37443, s5:0.0.0.0:40714, s6:0.0.0.0:45831, s0:0.0.0.0:41765, s2:0.0.0.0:41779], old=[s3:0.0.0.0:36312, s4:0.0.0.0:37443, s0:0.0.0.0:41765, s1:0.0.0.0:36446, s2:0.0.0.0:41779] RUNNING
  s4:  RUNNING CANDIDATE s4@group-A4401D2D6DDD:t7, leader=null, voted=s4, raftlog=s4@group-A4401D2D6DDD-SegmentedRaftLog:OPENED:c3,f4,i4, conf=3: [s4:0.0.0.0:37443, s5:0.0.0.0:40714, s6:0.0.0.0:45831, s0:0.0.0.0:41765, s2:0.0.0.0:41779], old=null RUNNING
  s5:  RUNNING CANDIDATE s5@group-A4401D2D6DDD:t7, leader=null, voted=s5, raftlog=s5@group-A4401D2D6DDD-SegmentedRaftLog:OPENED:c3,f4,i4, conf=3: [s4:0.0.0.0:37443, s5:0.0.0.0:40714, s6:0.0.0.0:45831, s0:0.0.0.0:41765, s2:0.0.0.0:41779], old=null RUNNING
  s6:  RUNNING CANDIDATE s6@group-A4401D2D6DDD:t7, leader=null, voted=s6, raftlog=s6@group-A4401D2D6DDD-SegmentedRaftLog:OPENED:c3,f4,i4, conf=3: [s4:0.0.0.0:37443, s5:0.0.0.0:40714, s6:0.0.0.0:45831, s0:0.0.0.0:41765, s2:0.0.0.0:41779], old=null RUNNING
  s0:  RUNNING CANDIDATE s0@group-A4401D2D6DDD:t7, leader=null, voted=s0, raftlog=s0@group-A4401D2D6DDD-SegmentedRaftLog:OPENED:c3,f4,i4, conf=3: [s4:0.0.0.0:37443, s5:0.0.0.0:40714, s6:0.0.0.0:45831, s0:0.0.0.0:41765, s2:0.0.0.0:41779], old=null RUNNING
  s1:  RUNNING    LEADER s1@group-A4401D2D6DDD:t6, leader=s1, voted=s1, raftlog=s1@group-A4401D2D6DDD-SegmentedRaftLog:CLOSED:c3, conf=3: [s4:0.0.0.0:37443, s5:0.0.0.0:40714, s6:0.0.0.0:45831, s0:0.0.0.0:41765, s2:0.0.0.0:41779], old=null CLOSED
  s2:  RUNNING CANDIDATE s2@group-A4401D2D6DDD:t7, leader=null, voted=s2, raftlog=s2@group-A4401D2D6DDD-SegmentedRaftLog:OPENED:c3,f4,i4, conf=3: [s4:0.0.0.0:37443, s5:0.0.0.0:40714, s6:0.0.0.0:45831, s0:0.0.0.0:41765, s2:0.0.0.0:41779], old=null RUNNING
2019-09-24 16:34:02,470 INFO  impl.RaftServerTestUtil (RaftServerTestUtil.java:waitAndCheckNewConf(58)) - waitAndCheckNewConf: peers=[s4:0.0.0.0:37443, s5:0.0.0.0:40714, s6:0.0.0.0:45831, s0:0.0.0.0:41765, s2:0.0.0.0:41779], deadPeers=null, printing ALL groups
  s3:  RUNNING CANDIDATE s3@group-A4401D2D6DDD:t8, leader=null, voted=s3, raftlog=s3@group-A4401D2D6DDD-SegmentedRaftLog:OPENED:c0,f2,i2, conf=1: [s4:0.0.0.0:37443, s5:0.0.0.0:40714, s6:0.0.0.0:45831, s0:0.0.0.0:41765, s2:0.0.0.0:41779], old=[s3:0.0.0.0:36312, s4:0.0.0.0:37443, s0:0.0.0.0:41765, s1:0.0.0.0:36446, s2:0.0.0.0:41779] RUNNING
  s4:  RUNNING CANDIDATE s4@group-A4401D2D6DDD:t7, leader=null, voted=s4, raftlog=s4@group-A4401D2D6DDD-SegmentedRaftLog:OPENED:c3,f4,i4, conf=3: [s4:0.0.0.0:37443, s5:0.0.0.0:40714, s6:0.0.0.0:45831, s0:0.0.0.0:41765, s2:0.0.0.0:41779], old=null RUNNING
  s5:  RUNNING CANDIDATE s5@group-A4401D2D6DDD:t7, leader=null, voted=s5, raftlog=s5@group-A4401D2D6DDD-SegmentedRaftLog:OPENED:c3,f4,i4, conf=3: [s4:0.0.0.0:37443, s5:0.0.0.0:40714, s6:0.0.0.0:45831, s0:0.0.0.0:41765, s2:0.0.0.0:41779], old=null RUNNING
  s6:  RUNNING CANDIDATE s6@group-A4401D2D6DDD:t7, leader=null, voted=s6, raftlog=s6@group-A4401D2D6DDD-SegmentedRaftLog:OPENED:c3,f4,i4, conf=3: [s4:0.0.0.0:37443, s5:0.0.0.0:40714, s6:0.0.0.0:45831, s0:0.0.0.0:41765, s2:0.0.0.0:41779], old=null RUNNING
  s0:  RUNNING CANDIDATE s0@group-A4401D2D6DDD:t7, leader=null, voted=s0, raftlog=s0@group-A4401D2D6DDD-SegmentedRaftLog:OPENED:c3,f4,i4, conf=3: [s4:0.0.0.0:37443, s5:0.0.0.0:40714, s6:0.0.0.0:45831, s0:0.0.0.0:41765, s2:0.0.0.0:41779], old=null RUNNING
  s1:  RUNNING    LEADER s1@group-A4401D2D6DDD:t6, leader=s1, voted=s1, raftlog=s1@group-A4401D2D6DDD-SegmentedRaftLog:CLOSED:c3, conf=3: [s4:0.0.0.0:37443, s5:0.0.0.0:40714, s6:0.0.0.0:45831, s0:0.0.0.0:41765, s2:0.0.0.0:41779], old=null CLOSED
  s2:  RUNNING CANDIDATE s2@group-A4401D2D6DDD:t7, leader=null, voted=s2, raftlog=s2@group-A4401D2D6DDD-SegmentedRaftLog:OPENED:c3,f4,i4, conf=3: [s4:0.0.0.0:37443, s5:0.0.0.0:40714, s6:0.0.0.0:45831, s0:0.0.0.0:41765, s2:0.0.0.0:41779], old=null RUNNING
2019-09-24 16:34:02,470 WARN  impl.RaftServerTestUtil (JavaUtils.java:attempt(158)) - FAILED "waitAndCheckNewConf", attempt #2/10: java.lang.AssertionError, sleep 1200ms and then retry.
java.lang.AssertionError
	at org.junit.Assert.fail(Assert.java:86)
	at org.junit.Assert.assertTrue(Assert.java:41)
	at org.junit.Assert.assertNotNull(Assert.java:712)
	at org.junit.Assert.assertNotNull(Assert.java:722)
	at org.apache.ratis.server.impl.RaftServerTestUtil.waitAndCheckNewConf(RaftServerTestUtil.java:59)
	at org.apache.ratis.server.impl.RaftServerTestUtil.lambda$waitAndCheckNewConf$1(RaftServerTestUtil.java:53)
	at org.apache.ratis.util.function.CheckedRunnable.lambda$asCheckedSupplier$0(CheckedRunnable.java:32)
	at org.apache.ratis.util.JavaUtils.attempt(JavaUtils.java:152)
	at org.apache.ratis.util.JavaUtils.attempt(JavaUtils.java:172)
	at org.apache.ratis.server.impl.RaftServerTestUtil.waitAndCheckNewConf(RaftServerTestUtil.java:53)
	at org.apache.ratis.server.impl.RaftReconfigurationBaseTest.runTestAddRemovePeers(RaftReconfigurationBaseTest.java:135)
	at org.apache.ratis.server.impl.RaftReconfigurationBaseTest.lambda$testLeaderStepDown$3(RaftReconfigurationBaseTest.java:121)
	at org.apache.ratis.MiniRaftCluster$Factory$Get.runWithNewCluster(MiniRaftCluster.java:125)
	at org.apache.ratis.MiniRaftCluster$Factory$Get.runWithNewCluster(MiniRaftCluster.java:113)
	at org.apache.ratis.server.impl.RaftReconfigurationBaseTest.testLeaderStepDown(RaftReconfigurationBaseTest.java:121)
	at sun.reflect.NativeMethodAccessorImpl.invoke0(Native Method)
	at sun.reflect.NativeMethodAccessorImpl.invoke(NativeMethodAccessorImpl.java:62)
	at sun.reflect.DelegatingMethodAccessorImpl.invoke(DelegatingMethodAccessorImpl.java:43)
	at java.lang.reflect.Method.invoke(Method.java:498)
	at org.junit.runners.model.FrameworkMethod$1.runReflectiveCall(FrameworkMethod.java:50)
	at org.junit.internal.runners.model.ReflectiveCallable.run(ReflectiveCallable.java:12)
	at org.junit.runners.model.FrameworkMethod.invokeExplosively(FrameworkMethod.java:47)
	at org.junit.internal.runners.statements.InvokeMethod.evaluate(InvokeMethod.java:17)
	at org.junit.internal.runners.statements.RunAfters.evaluate(RunAfters.java:27)
	at org.junit.internal.runners.statements.FailOnTimeout$CallableStatement.call(FailOnTimeout.java:298)
	at org.junit.internal.runners.statements.FailOnTimeout$CallableStatement.call(FailOnTimeout.java:292)
	at java.util.concurrent.FutureTask.run(FutureTask.java:266)
	at java.lang.Thread.run(Thread.java:748)
2019-09-24 16:34:02,512 INFO  impl.LeaderElection (LeaderElection.java:askForVotes(178)) - s3@group-A4401D2D6DDD-LeaderElection48: begin an election at term 8 for 1: [s4:0.0.0.0:37443, s5:0.0.0.0:40714, s6:0.0.0.0:45831, s0:0.0.0.0:41765, s2:0.0.0.0:41779], old=[s3:0.0.0.0:36312, s4:0.0.0.0:37443, s0:0.0.0.0:41765, s1:0.0.0.0:36446, s2:0.0.0.0:41779]
2019-09-24 16:34:02,512 INFO  impl.LeaderElection (LeaderElection.java:askForVotes(178)) - s2@group-A4401D2D6DDD-LeaderElection49: begin an election at term 7 for 3: [s4:0.0.0.0:37443, s5:0.0.0.0:40714, s6:0.0.0.0:45831, s0:0.0.0.0:41765, s2:0.0.0.0:41779], old=null
2019-09-24 16:34:02,512 INFO  impl.LeaderElection (LeaderElection.java:askForVotes(178)) - s4@group-A4401D2D6DDD-LeaderElection50: begin an election at term 7 for 3: [s4:0.0.0.0:37443, s5:0.0.0.0:40714, s6:0.0.0.0:45831, s0:0.0.0.0:41765, s2:0.0.0.0:41779], old=null
2019-09-24 16:34:02,512 INFO  impl.LeaderElection (LeaderElection.java:askForVotes(178)) - s5@group-A4401D2D6DDD-LeaderElection52: begin an election at term 7 for 3: [s4:0.0.0.0:37443, s5:0.0.0.0:40714, s6:0.0.0.0:45831, s0:0.0.0.0:41765, s2:0.0.0.0:41779], old=null
2019-09-24 16:34:02,513 INFO  impl.LeaderElection (LeaderElection.java:askForVotes(178)) - s0@group-A4401D2D6DDD-LeaderElection53: begin an election at term 7 for 3: [s4:0.0.0.0:37443, s5:0.0.0.0:40714, s6:0.0.0.0:45831, s0:0.0.0.0:41765, s2:0.0.0.0:41779], old=null
2019-09-24 16:34:02,512 INFO  impl.LeaderElection (LeaderElection.java:askForVotes(178)) - s6@group-A4401D2D6DDD-LeaderElection51: begin an election at term 7 for 3: [s4:0.0.0.0:37443, s5:0.0.0.0:40714, s6:0.0.0.0:45831, s0:0.0.0.0:41765, s2:0.0.0.0:41779], old=null
2019-09-24 16:34:02,515 DEBUG impl.RaftServerImpl (RaftServerImpl.java:requestVote(743)) - s4@group-A4401D2D6DDD: receive requestVote(s3, group-A4401D2D6DDD, 8, (t:6, i:2))
2019-09-24 16:34:02,515 DEBUG impl.RaftServerImpl (RaftServerImpl.java:requestVote(743)) - s5@group-A4401D2D6DDD: receive requestVote(s3, group-A4401D2D6DDD, 8, (t:6, i:2))
2019-09-24 16:34:02,515 DEBUG impl.RaftServerImpl (RaftServerImpl.java:requestVote(743)) - s4@group-A4401D2D6DDD: receive requestVote(s2, group-A4401D2D6DDD, 7, (t:6, i:4))
2019-09-24 16:34:02,516 DEBUG impl.RaftServerImpl (RaftServerImpl.java:requestVote(775)) - s5@group-A4401D2D6DDD replies to vote request: s3<-s5#0:FAIL-t7. Peer's state: s5@group-A4401D2D6DDD:t7, leader=null, voted=s5, raftlog=s5@group-A4401D2D6DDD-SegmentedRaftLog:OPENED:c3,f4,i4, conf=3: [s4:0.0.0.0:37443, s5:0.0.0.0:40714, s6:0.0.0.0:45831, s0:0.0.0.0:41765, s2:0.0.0.0:41779], old=null
2019-09-24 16:34:02,516 DEBUG impl.RaftServerImpl (RaftServerImpl.java:requestVote(743)) - s4@group-A4401D2D6DDD: receive requestVote(s0, group-A4401D2D6DDD, 7, (t:6, i:4))
2019-09-24 16:34:02,515 DEBUG impl.RaftServerImpl (RaftServerImpl.java:requestVote(775)) - s4@group-A4401D2D6DDD replies to vote request: s3<-s4#0:FAIL-t7. Peer's state: s4@group-A4401D2D6DDD:t7, leader=null, voted=s4, raftlog=s4@group-A4401D2D6DDD-SegmentedRaftLog:OPENED:c3,f4,i4, conf=3: [s4:0.0.0.0:37443, s5:0.0.0.0:40714, s6:0.0.0.0:45831, s0:0.0.0.0:41765, s2:0.0.0.0:41779], old=null
2019-09-24 16:34:02,517 DEBUG impl.RaftServerImpl (RaftServerImpl.java:requestVote(743)) - s6@group-A4401D2D6DDD: receive requestVote(s3, group-A4401D2D6DDD, 8, (t:6, i:2))
2019-09-24 16:34:02,516 INFO  logging.LoggingHandler (AbstractInternalLogger.java:log(150)) - [id: 0xe5a7167a, L:/0.0.0.0:45831] READ: [id: 0xb703d634, L:/192.168.5.142:45831 - R:/192.168.5.142:39412]
2019-09-24 16:34:02,516 INFO  logging.LoggingHandler (AbstractInternalLogger.java:log(150)) - [id: 0xea1484ac, L:/0.0.0.0:40714] READ: [id: 0xbc252fc1, L:/192.168.5.142:40714 - R:/192.168.5.142:47570]
2019-09-24 16:34:02,516 DEBUG impl.RaftServerImpl (RaftServerImpl.java:requestVote(743)) - s0@group-A4401D2D6DDD: receive requestVote(s2, group-A4401D2D6DDD, 7, (t:6, i:4))
2019-09-24 16:34:02,518 INFO  logging.LoggingHandler (AbstractInternalLogger.java:log(150)) - [id: 0xcd11cf86, L:/0.0.0.0:41765] READ: [id: 0x4a147660, L:/192.168.5.142:41765 - R:/192.168.5.142:45732]
2019-09-24 16:34:02,518 DEBUG impl.RaftServerImpl (RaftServerImpl.java:requestVote(775)) - s6@group-A4401D2D6DDD replies to vote request: s3<-s6#0:FAIL-t7. Peer's state: s6@group-A4401D2D6DDD:t7, leader=null, voted=s6, raftlog=s6@group-A4401D2D6DDD-SegmentedRaftLog:OPENED:c3,f4,i4, conf=3: [s4:0.0.0.0:37443, s5:0.0.0.0:40714, s6:0.0.0.0:45831, s0:0.0.0.0:41765, s2:0.0.0.0:41779], old=null
2019-09-24 16:34:02,517 INFO  logging.LoggingHandler (AbstractInternalLogger.java:log(150)) - [id: 0x26491fce, L:/0.0.0.0:37443] READ: [id: 0xc3b0b41f, L:/192.168.5.142:37443 - R:/192.168.5.142:48020]
2019-09-24 16:34:02,517 DEBUG impl.RaftServerImpl (RaftServerImpl.java:requestVote(775)) - s4@group-A4401D2D6DDD replies to vote request: s0<-s4#0:FAIL-t7. Peer's state: s4@group-A4401D2D6DDD:t7, leader=null, voted=s4, raftlog=s4@group-A4401D2D6DDD-SegmentedRaftLog:OPENED:c3,f4,i4, conf=3: [s4:0.0.0.0:37443, s5:0.0.0.0:40714, s6:0.0.0.0:45831, s0:0.0.0.0:41765, s2:0.0.0.0:41779], old=null
2019-09-24 16:34:02,520 INFO  logging.LoggingHandler (AbstractInternalLogger.java:log(150)) - [id: 0x26491fce, L:/0.0.0.0:37443] READ COMPLETE
2019-09-24 16:34:02,519 DEBUG impl.RaftServerImpl (RaftServerImpl.java:requestVote(743)) - s0@group-A4401D2D6DDD: receive requestVote(s3, group-A4401D2D6DDD, 8, (t:6, i:2))
2019-09-24 16:34:02,519 INFO  logging.LoggingHandler (AbstractInternalLogger.java:log(150)) - [id: 0xcd11cf86, L:/0.0.0.0:41765] READ COMPLETE
2019-09-24 16:34:02,519 INFO  logging.LoggingHandler (AbstractInternalLogger.java:log(150)) - [id: 0xe5a7167a, L:/0.0.0.0:45831] READ COMPLETE
2019-09-24 16:34:02,519 DEBUG impl.RaftServerImpl (RaftServerImpl.java:requestVote(775)) - s0@group-A4401D2D6DDD replies to vote request: s2<-s0#0:FAIL-t7. Peer's state: s0@group-A4401D2D6DDD:t7, leader=null, voted=s0, raftlog=s0@group-A4401D2D6DDD-SegmentedRaftLog:OPENED:c3,f4,i4, conf=3: [s4:0.0.0.0:37443, s5:0.0.0.0:40714, s6:0.0.0.0:45831, s0:0.0.0.0:41765, s2:0.0.0.0:41779], old=null
2019-09-24 16:34:02,521 INFO  logging.LoggingHandler (AbstractInternalLogger.java:log(150)) - [id: 0xe5a7167a, L:/0.0.0.0:45831] READ: [id: 0xf8b84d9f, L:/192.168.5.142:45831 - R:/192.168.5.142:39414]
2019-09-24 16:34:02,521 DEBUG impl.RaftServerImpl (RaftServerImpl.java:requestVote(743)) - s5@group-A4401D2D6DDD: receive requestVote(s2, group-A4401D2D6DDD, 7, (t:6, i:4))
2019-09-24 16:34:02,521 DEBUG impl.RaftServerImpl (RaftServerImpl.java:requestVote(743)) - s1@group-A4401D2D6DDD: receive requestVote(s3, group-A4401D2D6DDD, 8, (t:6, i:2))
2019-09-24 16:34:02,521 DEBUG impl.RaftServerImpl (RaftServerImpl.java:requestVote(743)) - s6@group-A4401D2D6DDD: receive requestVote(s2, group-A4401D2D6DDD, 7, (t:6, i:4))
2019-09-24 16:34:02,521 INFO  logging.LoggingHandler (AbstractInternalLogger.java:log(150)) - [id: 0xcd11cf86, L:/0.0.0.0:41765] READ: [id: 0xc983850e, L:/192.168.5.142:41765 - R:/192.168.5.142:45740]
2019-09-24 16:34:02,521 DEBUG impl.RaftServerImpl (RaftServerImpl.java:requestVote(743)) - s2@group-A4401D2D6DDD: receive requestVote(s3, group-A4401D2D6DDD, 8, (t:6, i:2))
2019-09-24 16:34:02,521 INFO  logging.LoggingHandler (AbstractInternalLogger.java:log(150)) - [id: 0x26491fce, L:/0.0.0.0:37443] READ: [id: 0x20fb88f0, L:/192.168.5.142:37443 - R:/192.168.5.142:48022]
2019-09-24 16:34:02,520 DEBUG impl.RaftServerImpl (RaftServerImpl.java:requestVote(743)) - s2@group-A4401D2D6DDD: receive requestVote(s0, group-A4401D2D6DDD, 7, (t:6, i:4))
2019-09-24 16:34:02,520 INFO  logging.LoggingHandler (AbstractInternalLogger.java:log(150)) - [id: 0xea1484ac, L:/0.0.0.0:40714] READ COMPLETE
2019-09-24 16:34:02,520 DEBUG impl.RaftServerImpl (RaftServerImpl.java:requestVote(775)) - s4@group-A4401D2D6DDD replies to vote request: s2<-s4#0:FAIL-t7. Peer's state: s4@group-A4401D2D6DDD:t7, leader=null, voted=s4, raftlog=s4@group-A4401D2D6DDD-SegmentedRaftLog:OPENED:c3,f4,i4, conf=3: [s4:0.0.0.0:37443, s5:0.0.0.0:40714, s6:0.0.0.0:45831, s0:0.0.0.0:41765, s2:0.0.0.0:41779], old=null
2019-09-24 16:34:02,520 DEBUG impl.RaftServerImpl (RaftServerImpl.java:requestVote(743)) - s4@group-A4401D2D6DDD: receive requestVote(s6, group-A4401D2D6DDD, 7, (t:6, i:4))
2019-09-24 16:34:02,524 INFO  logging.LoggingHandler (AbstractInternalLogger.java:log(150)) - [id: 0xea1484ac, L:/0.0.0.0:40714] READ: [id: 0x5b74563c, L:/192.168.5.142:40714 - R:/192.168.5.142:47572]
2019-09-24 16:34:02,524 INFO  logging.LoggingHandler (AbstractInternalLogger.java:log(150)) - [id: 0x26491fce, L:/0.0.0.0:37443] READ COMPLETE
2019-09-24 16:34:02,523 DEBUG impl.RaftServerImpl (RaftServerImpl.java:requestVote(743)) - s0@group-A4401D2D6DDD: receive requestVote(s5, group-A4401D2D6DDD, 7, (t:6, i:4))
2019-09-24 16:34:02,523 DEBUG impl.RaftServerImpl (RaftServerImpl.java:requestVote(775)) - s2@group-A4401D2D6DDD replies to vote request: s3<-s2#0:FAIL-t7. Peer's state: s2@group-A4401D2D6DDD:t7, leader=null, voted=s2, raftlog=s2@group-A4401D2D6DDD-SegmentedRaftLog:OPENED:c3,f4,i4, conf=3: [s4:0.0.0.0:37443, s5:0.0.0.0:40714, s6:0.0.0.0:45831, s0:0.0.0.0:41765, s2:0.0.0.0:41779], old=null
2019-09-24 16:34:02,523 INFO  logging.LoggingHandler (AbstractInternalLogger.java:log(150)) - [id: 0xcd11cf86, L:/0.0.0.0:41765] READ COMPLETE
2019-09-24 16:34:02,523 DEBUG impl.RaftServerImpl (RaftServerImpl.java:requestVote(743)) - s6@group-A4401D2D6DDD: receive requestVote(s4, group-A4401D2D6DDD, 7, (t:6, i:4))
2019-09-24 16:34:02,523 DEBUG impl.RaftServerImpl (RaftServerImpl.java:requestVote(775)) - s6@group-A4401D2D6DDD replies to vote request: s2<-s6#0:FAIL-t7. Peer's state: s6@group-A4401D2D6DDD:t7, leader=null, voted=s6, raftlog=s6@group-A4401D2D6DDD-SegmentedRaftLog:OPENED:c3,f4,i4, conf=3: [s4:0.0.0.0:37443, s5:0.0.0.0:40714, s6:0.0.0.0:45831, s0:0.0.0.0:41765, s2:0.0.0.0:41779], old=null
2019-09-24 16:34:02,522 DEBUG impl.RaftServerImpl (RaftServerImpl.java:requestVote(775)) - s5@group-A4401D2D6DDD replies to vote request: s2<-s5#0:FAIL-t7. Peer's state: s5@group-A4401D2D6DDD:t7, leader=null, voted=s5, raftlog=s5@group-A4401D2D6DDD-SegmentedRaftLog:OPENED:c3,f4,i4, conf=3: [s4:0.0.0.0:37443, s5:0.0.0.0:40714, s6:0.0.0.0:45831, s0:0.0.0.0:41765, s2:0.0.0.0:41779], old=null
2019-09-24 16:34:02,522 INFO  logging.LoggingHandler (AbstractInternalLogger.java:log(150)) - [id: 0xe5a7167a, L:/0.0.0.0:45831] READ COMPLETE
2019-09-24 16:34:02,522 INFO  logging.LoggingHandler (AbstractInternalLogger.java:log(150)) - [id: 0x53d6449d, L:/0.0.0.0:41779] READ: [id: 0x2c46afd2, L:/192.168.5.142:41779 - R:/192.168.5.142:33442]
2019-09-24 16:34:02,522 DEBUG impl.RaftServerImpl (RaftServerImpl.java:requestVote(775)) - s0@group-A4401D2D6DDD replies to vote request: s3<-s0#0:FAIL-t7. Peer's state: s0@group-A4401D2D6DDD:t7, leader=null, voted=s0, raftlog=s0@group-A4401D2D6DDD-SegmentedRaftLog:OPENED:c3,f4,i4, conf=3: [s4:0.0.0.0:37443, s5:0.0.0.0:40714, s6:0.0.0.0:45831, s0:0.0.0.0:41765, s2:0.0.0.0:41779], old=null
2019-09-24 16:34:02,528 INFO  logging.LoggingHandler (AbstractInternalLogger.java:log(150)) - [id: 0x53d6449d, L:/0.0.0.0:41779] READ COMPLETE
2019-09-24 16:34:02,528 INFO  logging.LoggingHandler (AbstractInternalLogger.java:log(150)) - [id: 0xe5a7167a, L:/0.0.0.0:45831] READ: [id: 0x9d172c62, L:/192.168.5.142:45831 - R:/192.168.5.142:39424]
2019-09-24 16:34:02,528 INFO  impl.LeaderElection (LeaderElection.java:logAndReturn(56)) - s2@group-A4401D2D6DDD-LeaderElection49: Election REJECTED; received 4 response(s) [s2<-s4#0:FAIL-t7, s2<-s5#0:FAIL-t7, s2<-s6#0:FAIL-t7, s2<-s0#0:FAIL-t7] and 0 exception(s); s2@group-A4401D2D6DDD:t7, leader=null, voted=s2, raftlog=s2@group-A4401D2D6DDD-SegmentedRaftLog:OPENED:c3,f4,i4, conf=3: [s4:0.0.0.0:37443, s5:0.0.0.0:40714, s6:0.0.0.0:45831, s0:0.0.0.0:41765, s2:0.0.0.0:41779], old=null
2019-09-24 16:34:02,527 DEBUG impl.RaftServerImpl (RaftServerImpl.java:requestVote(775)) - s6@group-A4401D2D6DDD replies to vote request: s4<-s6#0:FAIL-t7. Peer's state: s6@group-A4401D2D6DDD:t7, leader=null, voted=s6, raftlog=s6@group-A4401D2D6DDD-SegmentedRaftLog:OPENED:c3,f4,i4, conf=3: [s4:0.0.0.0:37443, s5:0.0.0.0:40714, s6:0.0.0.0:45831, s0:0.0.0.0:41765, s2:0.0.0.0:41779], old=null
2019-09-24 16:34:02,526 DEBUG impl.RaftServerImpl (RaftServerImpl.java:requestVote(743)) - s5@group-A4401D2D6DDD: receive requestVote(s4, group-A4401D2D6DDD, 7, (t:6, i:4))
2019-09-24 16:34:02,526 DEBUG impl.RaftServerImpl (RaftServerImpl.java:requestVote(775)) - s2@group-A4401D2D6DDD replies to vote request: s0<-s2#0:FAIL-t7. Peer's state: s2@group-A4401D2D6DDD:t7, leader=null, voted=s2, raftlog=s2@group-A4401D2D6DDD-SegmentedRaftLog:OPENED:c3,f4,i4, conf=3: [s4:0.0.0.0:37443, s5:0.0.0.0:40714, s6:0.0.0.0:45831, s0:0.0.0.0:41765, s2:0.0.0.0:41779], old=null
2019-09-24 16:34:02,526 DEBUG impl.RaftServerImpl (RaftServerImpl.java:requestVote(743)) - s2@group-A4401D2D6DDD: receive requestVote(s4, group-A4401D2D6DDD, 7, (t:6, i:4))
2019-09-24 16:34:02,525 INFO  logging.LoggingHandler (AbstractInternalLogger.java:log(150)) - [id: 0xea1484ac, L:/0.0.0.0:40714] READ COMPLETE
2019-09-24 16:34:02,525 DEBUG impl.RaftServerImpl (RaftServerImpl.java:requestVote(743)) - s0@group-A4401D2D6DDD: receive requestVote(s4, group-A4401D2D6DDD, 7, (t:6, i:4))
2019-09-24 16:34:02,525 DEBUG impl.RaftServerImpl (RaftServerImpl.java:requestVote(743)) - s4@group-A4401D2D6DDD: receive requestVote(s5, group-A4401D2D6DDD, 7, (t:6, i:4))
2019-09-24 16:34:02,525 DEBUG impl.RaftServerImpl (RaftServerImpl.java:requestVote(775)) - s4@group-A4401D2D6DDD replies to vote request: s6<-s4#0:FAIL-t7. Peer's state: s4@group-A4401D2D6DDD:t7, leader=null, voted=s4, raftlog=s4@group-A4401D2D6DDD-SegmentedRaftLog:OPENED:c3,f4,i4, conf=3: [s4:0.0.0.0:37443, s5:0.0.0.0:40714, s6:0.0.0.0:45831, s0:0.0.0.0:41765, s2:0.0.0.0:41779], old=null
2019-09-24 16:34:02,530 INFO  logging.LoggingHandler (AbstractInternalLogger.java:log(150)) - [id: 0xea1484ac, L:/0.0.0.0:40714] READ: [id: 0x3304734f, L:/192.168.5.142:40714 - R:/192.168.5.142:47582]
2019-09-24 16:34:02,530 INFO  impl.RaftServerImpl (RaftServerImpl.java:setRole(170)) - s2@group-A4401D2D6DDD: changes role from CANDIDATE to FOLLOWER at term 7 for DISCOVERED_A_NEW_TERM
2019-09-24 16:34:02,532 INFO  impl.RoleInfo (RoleInfo.java:shutdownLeaderElection(134)) - s2: shutdown LeaderElection
2019-09-24 16:34:02,529 DEBUG impl.RaftServerImpl (RaftServerImpl.java:requestVote(775)) - s5@group-A4401D2D6DDD replies to vote request: s4<-s5#0:FAIL-t7. Peer's state: s5@group-A4401D2D6DDD:t7, leader=null, voted=s5, raftlog=s5@group-A4401D2D6DDD-SegmentedRaftLog:OPENED:c3,f4,i4, conf=3: [s4:0.0.0.0:37443, s5:0.0.0.0:40714, s6:0.0.0.0:45831, s0:0.0.0.0:41765, s2:0.0.0.0:41779], old=null
2019-09-24 16:34:02,529 INFO  impl.LeaderElection (LogUtils.java:infoOrTrace(149)) - s3@group-A4401D2D6DDD-LeaderElection48 got exception when requesting votes: java.util.concurrent.ExecutionException: org.apache.ratis.protocol.ServerNotReadyException: s1@group-A4401D2D6DDD is not in [RUNNING]: current state is CLOSED
2019-09-24 16:34:02,529 DEBUG impl.RaftServerImpl (RaftServerImpl.java:requestVote(743)) - s6@group-A4401D2D6DDD: receive requestVote(s5, group-A4401D2D6DDD, 7, (t:6, i:4))
2019-09-24 16:34:02,529 INFO  logging.LoggingHandler (AbstractInternalLogger.java:log(150)) - [id: 0xe5a7167a, L:/0.0.0.0:45831] READ COMPLETE
2019-09-24 16:34:02,528 INFO  logging.LoggingHandler (AbstractInternalLogger.java:log(150)) - [id: 0x53d6449d, L:/0.0.0.0:41779] READ: [id: 0x718e8bfc, L:/192.168.5.142:41779 - R:/192.168.5.142:33444]
2019-09-24 16:34:02,533 INFO  logging.LoggingHandler (AbstractInternalLogger.java:log(150)) - [id: 0xe5a7167a, L:/0.0.0.0:45831] READ: [id: 0x52b193b3, L:/192.168.5.142:45831 - R:/192.168.5.142:39426]
2019-09-24 16:34:02,528 DEBUG impl.RaftServerImpl (RaftServerImpl.java:requestVote(743)) - s0@group-A4401D2D6DDD: receive requestVote(s6, group-A4401D2D6DDD, 7, (t:6, i:4))
2019-09-24 16:34:02,528 DEBUG impl.RaftServerImpl (RaftServerImpl.java:requestVote(775)) - s0@group-A4401D2D6DDD replies to vote request: s5<-s0#0:FAIL-t7. Peer's state: s0@group-A4401D2D6DDD:t7, leader=null, voted=s0, raftlog=s0@group-A4401D2D6DDD-SegmentedRaftLog:OPENED:c3,f4,i4, conf=3: [s4:0.0.0.0:37443, s5:0.0.0.0:40714, s6:0.0.0.0:45831, s0:0.0.0.0:41765, s2:0.0.0.0:41779], old=null
2019-09-24 16:34:02,528 DEBUG impl.RaftServerImpl (RaftServerImpl.java:requestVote(743)) - s2@group-A4401D2D6DDD: receive requestVote(s6, group-A4401D2D6DDD, 7, (t:6, i:4))
2019-09-24 16:34:02,534 DEBUG impl.RaftServerImpl (RaftServerImpl.java:requestVote(775)) - s0@group-A4401D2D6DDD replies to vote request: s6<-s0#0:FAIL-t7. Peer's state: s0@group-A4401D2D6DDD:t7, leader=null, voted=s0, raftlog=s0@group-A4401D2D6DDD-SegmentedRaftLog:OPENED:c3,f4,i4, conf=3: [s4:0.0.0.0:37443, s5:0.0.0.0:40714, s6:0.0.0.0:45831, s0:0.0.0.0:41765, s2:0.0.0.0:41779], old=null
2019-09-24 16:34:02,534 DEBUG impl.RaftServerImpl (RaftServerImpl.java:requestVote(743)) - s6@group-A4401D2D6DDD: receive requestVote(s0, group-A4401D2D6DDD, 7, (t:6, i:4))
2019-09-24 16:34:02,533 DEBUG impl.RaftServerImpl (RaftServerImpl.java:requestVote(743)) - s2@group-A4401D2D6DDD: receive requestVote(s5, group-A4401D2D6DDD, 7, (t:6, i:4))
2019-09-24 16:34:02,533 INFO  logging.LoggingHandler (AbstractInternalLogger.java:log(150)) - [id: 0xe5a7167a, L:/0.0.0.0:45831] READ COMPLETE
2019-09-24 16:34:02,533 INFO  logging.LoggingHandler (AbstractInternalLogger.java:log(150)) - [id: 0x53d6449d, L:/0.0.0.0:41779] READ COMPLETE
2019-09-24 16:34:02,533 DEBUG impl.RaftServerImpl (RaftServerImpl.java:requestVote(775)) - s6@group-A4401D2D6DDD replies to vote request: s5<-s6#0:FAIL-t7. Peer's state: s6@group-A4401D2D6DDD:t7, leader=null, voted=s6, raftlog=s6@group-A4401D2D6DDD-SegmentedRaftLog:OPENED:c3,f4,i4, conf=3: [s4:0.0.0.0:37443, s5:0.0.0.0:40714, s6:0.0.0.0:45831, s0:0.0.0.0:41765, s2:0.0.0.0:41779], old=null
2019-09-24 16:34:02,532 INFO  impl.LeaderElection (LeaderElection.java:logAndReturn(56)) - s3@group-A4401D2D6DDD-LeaderElection48: Election REJECTED; received 5 response(s) [s3<-s4#0:FAIL-t7, s3<-s5#0:FAIL-t7, s3<-s6#0:FAIL-t7, s3<-s0#0:FAIL-t7, s3<-s2#0:FAIL-t7] and 1 exception(s); s3@group-A4401D2D6DDD:t8, leader=null, voted=s3, raftlog=s3@group-A4401D2D6DDD-SegmentedRaftLog:OPENED:c0,f2,i2, conf=1: [s4:0.0.0.0:37443, s5:0.0.0.0:40714, s6:0.0.0.0:45831, s0:0.0.0.0:41765, s2:0.0.0.0:41779], old=[s3:0.0.0.0:36312, s4:0.0.0.0:37443, s0:0.0.0.0:41765, s1:0.0.0.0:36446, s2:0.0.0.0:41779]
2019-09-24 16:34:02,532 INFO  impl.RoleInfo (RoleInfo.java:updateAndGet(143)) - s2: start FollowerState
2019-09-24 16:34:02,532 DEBUG impl.RaftServerImpl (RaftServerImpl.java:requestVote(743)) - s5@group-A4401D2D6DDD: receive requestVote(s0, group-A4401D2D6DDD, 7, (t:6, i:4))
2019-09-24 16:34:02,536 DEBUG impl.RaftServerImpl (RaftServerImpl.java:requestVote(775)) - s2@group-A4401D2D6DDD replies to vote request: s5<-s2#0:FAIL-t7. Peer's state: s2@group-A4401D2D6DDD:t7, leader=null, voted=s2, raftlog=s2@group-A4401D2D6DDD-SegmentedRaftLog:OPENED:c3,f4,i4, conf=3: [s4:0.0.0.0:37443, s5:0.0.0.0:40714, s6:0.0.0.0:45831, s0:0.0.0.0:41765, s2:0.0.0.0:41779], old=null
2019-09-24 16:34:02,531 INFO  logging.LoggingHandler (AbstractInternalLogger.java:log(150)) - [id: 0xea1484ac, L:/0.0.0.0:40714] READ COMPLETE
2019-09-24 16:34:02,531 DEBUG impl.RaftServerImpl (RaftServerImpl.java:requestVote(775)) - s4@group-A4401D2D6DDD replies to vote request: s5<-s4#0:FAIL-t7. Peer's state: s4@group-A4401D2D6DDD:t7, leader=null, voted=s4, raftlog=s4@group-A4401D2D6DDD-SegmentedRaftLog:OPENED:c3,f4,i4, conf=3: [s4:0.0.0.0:37443, s5:0.0.0.0:40714, s6:0.0.0.0:45831, s0:0.0.0.0:41765, s2:0.0.0.0:41779], old=null
2019-09-24 16:34:02,537 INFO  logging.LoggingHandler (AbstractInternalLogger.java:log(150)) - [id: 0xea1484ac, L:/0.0.0.0:40714] READ: [id: 0x09b61a9b, L:/192.168.5.142:40714 - R:/192.168.5.142:47590]
2019-09-24 16:34:02,537 DEBUG impl.RaftServerImpl (RaftServerImpl.java:requestVote(775)) - s2@group-A4401D2D6DDD replies to vote request: s6<-s2#0:FAIL-t7. Peer's state: s2@group-A4401D2D6DDD:t7, leader=null, voted=s2, raftlog=s2@group-A4401D2D6DDD-SegmentedRaftLog:OPENED:c3,f4,i4, conf=3: [s4:0.0.0.0:37443, s5:0.0.0.0:40714, s6:0.0.0.0:45831, s0:0.0.0.0:41765, s2:0.0.0.0:41779], old=null
2019-09-24 16:34:02,538 DEBUG impl.RaftServerImpl (RaftServerImpl.java:requestVote(743)) - s5@group-A4401D2D6DDD: receive requestVote(s6, group-A4401D2D6DDD, 7, (t:6, i:4))
2019-09-24 16:34:02,536 DEBUG impl.RaftServerImpl (RaftServerImpl.java:requestVote(775)) - s5@group-A4401D2D6DDD replies to vote request: s0<-s5#0:FAIL-t7. Peer's state: s5@group-A4401D2D6DDD:t7, leader=null, voted=s5, raftlog=s5@group-A4401D2D6DDD-SegmentedRaftLog:OPENED:c3,f4,i4, conf=3: [s4:0.0.0.0:37443, s5:0.0.0.0:40714, s6:0.0.0.0:45831, s0:0.0.0.0:41765, s2:0.0.0.0:41779], old=null
2019-09-24 16:34:02,536 INFO  impl.LeaderElection (LogUtils.java:infoOrTrace(149)) -   Exception 0: java.util.concurrent.ExecutionException: org.apache.ratis.protocol.ServerNotReadyException: s1@group-A4401D2D6DDD is not in [RUNNING]: current state is CLOSED
2019-09-24 16:34:02,536 DEBUG impl.RaftServerImpl (RaftServerImpl.java:requestVote(775)) - s6@group-A4401D2D6DDD replies to vote request: s0<-s6#0:FAIL-t7. Peer's state: s6@group-A4401D2D6DDD:t7, leader=null, voted=s6, raftlog=s6@group-A4401D2D6DDD-SegmentedRaftLog:OPENED:c3,f4,i4, conf=3: [s4:0.0.0.0:37443, s5:0.0.0.0:40714, s6:0.0.0.0:45831, s0:0.0.0.0:41765, s2:0.0.0.0:41779], old=null
2019-09-24 16:34:02,535 DEBUG impl.RaftServerImpl (RaftServerImpl.java:requestVote(775)) - s0@group-A4401D2D6DDD replies to vote request: s4<-s0#0:FAIL-t7. Peer's state: s0@group-A4401D2D6DDD:t7, leader=null, voted=s0, raftlog=s0@group-A4401D2D6DDD-SegmentedRaftLog:OPENED:c3,f4,i4, conf=3: [s4:0.0.0.0:37443, s5:0.0.0.0:40714, s6:0.0.0.0:45831, s0:0.0.0.0:41765, s2:0.0.0.0:41779], old=null
2019-09-24 16:34:02,539 INFO  impl.RaftServerImpl (RaftServerImpl.java:setRole(170)) - s3@group-A4401D2D6DDD: changes role from CANDIDATE to FOLLOWER at term 8 for DISCOVERED_A_NEW_TERM
2019-09-24 16:34:02,539 INFO  impl.RoleInfo (RoleInfo.java:shutdownLeaderElection(134)) - s3: shutdown LeaderElection
2019-09-24 16:34:02,538 DEBUG impl.RaftServerImpl (RaftServerImpl.java:requestVote(775)) - s5@group-A4401D2D6DDD replies to vote request: s6<-s5#0:FAIL-t7. Peer's state: s5@group-A4401D2D6DDD:t7, leader=null, voted=s5, raftlog=s5@group-A4401D2D6DDD-SegmentedRaftLog:OPENED:c3,f4,i4, conf=3: [s4:0.0.0.0:37443, s5:0.0.0.0:40714, s6:0.0.0.0:45831, s0:0.0.0.0:41765, s2:0.0.0.0:41779], old=null
2019-09-24 16:34:02,538 DEBUG impl.RaftServerImpl (RaftServerImpl.java:requestVote(775)) - s2@group-A4401D2D6DDD replies to vote request: s4<-s2#0:FAIL-t7. Peer's state: s2@group-A4401D2D6DDD:t7, leader=null, voted=s2, raftlog=s2@group-A4401D2D6DDD-SegmentedRaftLog:OPENED:c3,f4,i4, conf=3: [s4:0.0.0.0:37443, s5:0.0.0.0:40714, s6:0.0.0.0:45831, s0:0.0.0.0:41765, s2:0.0.0.0:41779], old=null
2019-09-24 16:34:02,538 INFO  impl.LeaderElection (LeaderElection.java:logAndReturn(56)) - s5@group-A4401D2D6DDD-LeaderElection52: Election REJECTED; received 4 response(s) [s5<-s4#0:FAIL-t7, s5<-s6#0:FAIL-t7, s5<-s0#0:FAIL-t7, s5<-s2#0:FAIL-t7] and 0 exception(s); s5@group-A4401D2D6DDD:t7, leader=null, voted=s5, raftlog=s5@group-A4401D2D6DDD-SegmentedRaftLog:OPENED:c3,f4,i4, conf=3: [s4:0.0.0.0:37443, s5:0.0.0.0:40714, s6:0.0.0.0:45831, s0:0.0.0.0:41765, s2:0.0.0.0:41779], old=null
2019-09-24 16:34:02,537 INFO  logging.LoggingHandler (AbstractInternalLogger.java:log(150)) - [id: 0xea1484ac, L:/0.0.0.0:40714] READ COMPLETE
2019-09-24 16:34:02,540 INFO  impl.RaftServerImpl (RaftServerImpl.java:setRole(170)) - s5@group-A4401D2D6DDD: changes role from CANDIDATE to FOLLOWER at term 7 for DISCOVERED_A_NEW_TERM
2019-09-24 16:34:02,540 INFO  impl.LeaderElection (LeaderElection.java:logAndReturn(56)) - s6@group-A4401D2D6DDD-LeaderElection51: Election REJECTED; received 4 response(s) [s6<-s4#0:FAIL-t7, s6<-s5#0:FAIL-t7, s6<-s0#0:FAIL-t7, s6<-s2#0:FAIL-t7] and 0 exception(s); s6@group-A4401D2D6DDD:t7, leader=null, voted=s6, raftlog=s6@group-A4401D2D6DDD-SegmentedRaftLog:OPENED:c3,f4,i4, conf=3: [s4:0.0.0.0:37443, s5:0.0.0.0:40714, s6:0.0.0.0:45831, s0:0.0.0.0:41765, s2:0.0.0.0:41779], old=null
2019-09-24 16:34:02,540 INFO  impl.RoleInfo (RoleInfo.java:updateAndGet(143)) - s3: start FollowerState
2019-09-24 16:34:02,539 INFO  impl.LeaderElection (LeaderElection.java:logAndReturn(56)) - s0@group-A4401D2D6DDD-LeaderElection53: Election REJECTED; received 4 response(s) [s0<-s4#0:FAIL-t7, s0<-s5#0:FAIL-t7, s0<-s6#0:FAIL-t7, s0<-s2#0:FAIL-t7] and 0 exception(s); s0@group-A4401D2D6DDD:t7, leader=null, voted=s0, raftlog=s0@group-A4401D2D6DDD-SegmentedRaftLog:OPENED:c3,f4,i4, conf=3: [s4:0.0.0.0:37443, s5:0.0.0.0:40714, s6:0.0.0.0:45831, s0:0.0.0.0:41765, s2:0.0.0.0:41779], old=null
2019-09-24 16:34:02,541 INFO  impl.RaftServerImpl (RaftServerImpl.java:setRole(170)) - s6@group-A4401D2D6DDD: changes role from CANDIDATE to FOLLOWER at term 7 for DISCOVERED_A_NEW_TERM
2019-09-24 16:34:02,541 INFO  impl.LeaderElection (LeaderElection.java:logAndReturn(56)) - s4@group-A4401D2D6DDD-LeaderElection50: Election REJECTED; received 4 response(s) [s4<-s5#0:FAIL-t7, s4<-s6#0:FAIL-t7, s4<-s0#0:FAIL-t7, s4<-s2#0:FAIL-t7] and 0 exception(s); s4@group-A4401D2D6DDD:t7, leader=null, voted=s4, raftlog=s4@group-A4401D2D6DDD-SegmentedRaftLog:OPENED:c3,f4,i4, conf=3: [s4:0.0.0.0:37443, s5:0.0.0.0:40714, s6:0.0.0.0:45831, s0:0.0.0.0:41765, s2:0.0.0.0:41779], old=null
2019-09-24 16:34:02,541 INFO  impl.RoleInfo (RoleInfo.java:shutdownLeaderElection(134)) - s5: shutdown LeaderElection
2019-09-24 16:34:02,542 INFO  impl.RaftServerImpl (RaftServerImpl.java:setRole(170)) - s4@group-A4401D2D6DDD: changes role from CANDIDATE to FOLLOWER at term 7 for DISCOVERED_A_NEW_TERM
2019-09-24 16:34:02,542 INFO  impl.RoleInfo (RoleInfo.java:shutdownLeaderElection(134)) - s4: shutdown LeaderElection
2019-09-24 16:34:02,542 INFO  impl.RoleInfo (RoleInfo.java:shutdownLeaderElection(134)) - s6: shutdown LeaderElection
2019-09-24 16:34:02,541 INFO  impl.RaftServerImpl (RaftServerImpl.java:setRole(170)) - s0@group-A4401D2D6DDD: changes role from CANDIDATE to FOLLOWER at term 7 for DISCOVERED_A_NEW_TERM
2019-09-24 16:34:02,543 INFO  impl.RoleInfo (RoleInfo.java:updateAndGet(143)) - s6: start FollowerState
2019-09-24 16:34:02,543 INFO  impl.RoleInfo (RoleInfo.java:updateAndGet(143)) - s4: start FollowerState
2019-09-24 16:34:02,542 INFO  impl.RoleInfo (RoleInfo.java:updateAndGet(143)) - s5: start FollowerState
2019-09-24 16:34:02,543 INFO  impl.RoleInfo (RoleInfo.java:shutdownLeaderElection(134)) - s0: shutdown LeaderElection
2019-09-24 16:34:02,544 INFO  impl.RoleInfo (RoleInfo.java:updateAndGet(143)) - s0: start FollowerState
2019-09-24 16:34:02,725 INFO  impl.FollowerState (FollowerState.java:run(108)) - s5@group-A4401D2D6DDD-FollowerState: change to CANDIDATE, lastRpcTime:182ms, electionTimeout:181ms
2019-09-24 16:34:02,725 INFO  impl.RoleInfo (RoleInfo.java:shutdownFollowerState(121)) - s5: shutdown FollowerState
2019-09-24 16:34:02,725 INFO  impl.RaftServerImpl (RaftServerImpl.java:setRole(170)) - s5@group-A4401D2D6DDD: changes role from  FOLLOWER to CANDIDATE at term 7 for changeToCandidate
2019-09-24 16:34:02,726 INFO  impl.RoleInfo (RoleInfo.java:updateAndGet(143)) - s5: start LeaderElection
2019-09-24 16:34:02,731 INFO  impl.FollowerState (FollowerState.java:run(108)) - s6@group-A4401D2D6DDD-FollowerState: change to CANDIDATE, lastRpcTime:188ms, electionTimeout:188ms
2019-09-24 16:34:02,732 INFO  impl.RoleInfo (RoleInfo.java:shutdownFollowerState(121)) - s6: shutdown FollowerState
2019-09-24 16:34:02,732 INFO  impl.RaftServerImpl (RaftServerImpl.java:setRole(170)) - s6@group-A4401D2D6DDD: changes role from  FOLLOWER to CANDIDATE at term 7 for changeToCandidate
2019-09-24 16:34:02,732 INFO  impl.RoleInfo (RoleInfo.java:updateAndGet(143)) - s6: start LeaderElection
2019-09-24 16:34:02,817 INFO  impl.FollowerState (FollowerState.java:run(108)) - s2@group-A4401D2D6DDD-FollowerState: change to CANDIDATE, lastRpcTime:284ms, electionTimeout:280ms
2019-09-24 16:34:02,817 INFO  impl.RoleInfo (RoleInfo.java:shutdownFollowerState(121)) - s2: shutdown FollowerState
2019-09-24 16:34:02,817 INFO  impl.RaftServerImpl (RaftServerImpl.java:setRole(170)) - s2@group-A4401D2D6DDD: changes role from  FOLLOWER to CANDIDATE at term 7 for changeToCandidate
2019-09-24 16:34:02,817 INFO  impl.RoleInfo (RoleInfo.java:updateAndGet(143)) - s2: start LeaderElection
2019-09-24 16:34:02,824 INFO  impl.FollowerState (FollowerState.java:run(108)) - s4@group-A4401D2D6DDD-FollowerState: change to CANDIDATE, lastRpcTime:280ms, electionTimeout:280ms
2019-09-24 16:34:02,824 INFO  impl.RoleInfo (RoleInfo.java:shutdownFollowerState(121)) - s4: shutdown FollowerState
2019-09-24 16:34:02,824 INFO  impl.RaftServerImpl (RaftServerImpl.java:setRole(170)) - s4@group-A4401D2D6DDD: changes role from  FOLLOWER to CANDIDATE at term 7 for changeToCandidate
2019-09-24 16:34:02,824 INFO  impl.RoleInfo (RoleInfo.java:updateAndGet(143)) - s4: start LeaderElection
2019-09-24 16:34:02,831 INFO  impl.FollowerState (FollowerState.java:run(108)) - s3@group-A4401D2D6DDD-FollowerState: change to CANDIDATE, lastRpcTime:291ms, electionTimeout:289ms
2019-09-24 16:34:02,831 INFO  impl.RoleInfo (RoleInfo.java:shutdownFollowerState(121)) - s3: shutdown FollowerState
2019-09-24 16:34:02,831 INFO  impl.RaftServerImpl (RaftServerImpl.java:setRole(170)) - s3@group-A4401D2D6DDD: changes role from  FOLLOWER to CANDIDATE at term 8 for changeToCandidate
2019-09-24 16:34:02,831 INFO  impl.RoleInfo (RoleInfo.java:updateAndGet(143)) - s3: start LeaderElection
2019-09-24 16:34:02,839 INFO  impl.FollowerState (FollowerState.java:run(108)) - s0@group-A4401D2D6DDD-FollowerState: change to CANDIDATE, lastRpcTime:295ms, electionTimeout:295ms
2019-09-24 16:34:02,839 INFO  impl.RoleInfo (RoleInfo.java:shutdownFollowerState(121)) - s0: shutdown FollowerState
2019-09-24 16:34:02,839 INFO  impl.RaftServerImpl (RaftServerImpl.java:setRole(170)) - s0@group-A4401D2D6DDD: changes role from  FOLLOWER to CANDIDATE at term 7 for changeToCandidate
2019-09-24 16:34:02,840 INFO  impl.RoleInfo (RoleInfo.java:updateAndGet(143)) - s0: start LeaderElection
2019-09-24 16:34:03,672 INFO  impl.RaftServerTestUtil (RaftServerTestUtil.java:waitAndCheckNewConf(58)) - waitAndCheckNewConf: peers=[s4:0.0.0.0:37443, s5:0.0.0.0:40714, s6:0.0.0.0:45831, s0:0.0.0.0:41765, s2:0.0.0.0:41779], deadPeers=null, printing ALL groups
  s3:  RUNNING CANDIDATE s3@group-A4401D2D6DDD:t9, leader=null, voted=s3, raftlog=s3@group-A4401D2D6DDD-SegmentedRaftLog:OPENED:c0,f2,i2, conf=1: [s4:0.0.0.0:37443, s5:0.0.0.0:40714, s6:0.0.0.0:45831, s0:0.0.0.0:41765, s2:0.0.0.0:41779], old=[s3:0.0.0.0:36312, s4:0.0.0.0:37443, s0:0.0.0.0:41765, s1:0.0.0.0:36446, s2:0.0.0.0:41779] RUNNING
  s4:  RUNNING CANDIDATE s4@group-A4401D2D6DDD:t8, leader=null, voted=s4, raftlog=s4@group-A4401D2D6DDD-SegmentedRaftLog:OPENED:c3,f4,i4, conf=3: [s4:0.0.0.0:37443, s5:0.0.0.0:40714, s6:0.0.0.0:45831, s0:0.0.0.0:41765, s2:0.0.0.0:41779], old=null RUNNING
  s5:  RUNNING CANDIDATE s5@group-A4401D2D6DDD:t8, leader=null, voted=s5, raftlog=s5@group-A4401D2D6DDD-SegmentedRaftLog:OPENED:c3,f4,i4, conf=3: [s4:0.0.0.0:37443, s5:0.0.0.0:40714, s6:0.0.0.0:45831, s0:0.0.0.0:41765, s2:0.0.0.0:41779], old=null RUNNING
  s6:  RUNNING CANDIDATE s6@group-A4401D2D6DDD:t8, leader=null, voted=s6, raftlog=s6@group-A4401D2D6DDD-SegmentedRaftLog:OPENED:c3,f4,i4, conf=3: [s4:0.0.0.0:37443, s5:0.0.0.0:40714, s6:0.0.0.0:45831, s0:0.0.0.0:41765, s2:0.0.0.0:41779], old=null RUNNING
  s0:  RUNNING CANDIDATE s0@group-A4401D2D6DDD:t8, leader=null, voted=s0, raftlog=s0@group-A4401D2D6DDD-SegmentedRaftLog:OPENED:c3,f4,i4, conf=3: [s4:0.0.0.0:37443, s5:0.0.0.0:40714, s6:0.0.0.0:45831, s0:0.0.0.0:41765, s2:0.0.0.0:41779], old=null RUNNING
  s1:  RUNNING    LEADER s1@group-A4401D2D6DDD:t6, leader=s1, voted=s1, raftlog=s1@group-A4401D2D6DDD-SegmentedRaftLog:CLOSED:c3, conf=3: [s4:0.0.0.0:37443, s5:0.0.0.0:40714, s6:0.0.0.0:45831, s0:0.0.0.0:41765, s2:0.0.0.0:41779], old=null CLOSED
  s2:  RUNNING CANDIDATE s2@group-A4401D2D6DDD:t8, leader=null, voted=s2, raftlog=s2@group-A4401D2D6DDD-SegmentedRaftLog:OPENED:c3,f4,i4, conf=3: [s4:0.0.0.0:37443, s5:0.0.0.0:40714, s6:0.0.0.0:45831, s0:0.0.0.0:41765, s2:0.0.0.0:41779], old=null RUNNING
2019-09-24 16:34:03,672 WARN  impl.RaftServerTestUtil (JavaUtils.java:attempt(158)) - FAILED "waitAndCheckNewConf", attempt #3/10: java.lang.AssertionError, sleep 1200ms and then retry.
java.lang.AssertionError
	at org.junit.Assert.fail(Assert.java:86)
	at org.junit.Assert.assertTrue(Assert.java:41)
	at org.junit.Assert.assertNotNull(Assert.java:712)
	at org.junit.Assert.assertNotNull(Assert.java:722)
	at org.apache.ratis.server.impl.RaftServerTestUtil.waitAndCheckNewConf(RaftServerTestUtil.java:59)
	at org.apache.ratis.server.impl.RaftServerTestUtil.lambda$waitAndCheckNewConf$1(RaftServerTestUtil.java:53)
	at org.apache.ratis.util.function.CheckedRunnable.lambda$asCheckedSupplier$0(CheckedRunnable.java:32)
	at org.apache.ratis.util.JavaUtils.attempt(JavaUtils.java:152)
	at org.apache.ratis.util.JavaUtils.attempt(JavaUtils.java:172)
	at org.apache.ratis.server.impl.RaftServerTestUtil.waitAndCheckNewConf(RaftServerTestUtil.java:53)
	at org.apache.ratis.server.impl.RaftReconfigurationBaseTest.runTestAddRemovePeers(RaftReconfigurationBaseTest.java:135)
	at org.apache.ratis.server.impl.RaftReconfigurationBaseTest.lambda$testLeaderStepDown$3(RaftReconfigurationBaseTest.java:121)
	at org.apache.ratis.MiniRaftCluster$Factory$Get.runWithNewCluster(MiniRaftCluster.java:125)
	at org.apache.ratis.MiniRaftCluster$Factory$Get.runWithNewCluster(MiniRaftCluster.java:113)
	at org.apache.ratis.server.impl.RaftReconfigurationBaseTest.testLeaderStepDown(RaftReconfigurationBaseTest.java:121)
	at sun.reflect.NativeMethodAccessorImpl.invoke0(Native Method)
	at sun.reflect.NativeMethodAccessorImpl.invoke(NativeMethodAccessorImpl.java:62)
	at sun.reflect.DelegatingMethodAccessorImpl.invoke(DelegatingMethodAccessorImpl.java:43)
	at java.lang.reflect.Method.invoke(Method.java:498)
	at org.junit.runners.model.FrameworkMethod$1.runReflectiveCall(FrameworkMethod.java:50)
	at org.junit.internal.runners.model.ReflectiveCallable.run(ReflectiveCallable.java:12)
	at org.junit.runners.model.FrameworkMethod.invokeExplosively(FrameworkMethod.java:47)
	at org.junit.internal.runners.statements.InvokeMethod.evaluate(InvokeMethod.java:17)
	at org.junit.internal.runners.statements.RunAfters.evaluate(RunAfters.java:27)
	at org.junit.internal.runners.statements.FailOnTimeout$CallableStatement.call(FailOnTimeout.java:298)
	at org.junit.internal.runners.statements.FailOnTimeout$CallableStatement.call(FailOnTimeout.java:292)
	at java.util.concurrent.FutureTask.run(FutureTask.java:266)
	at java.lang.Thread.run(Thread.java:748)
2019-09-24 16:34:04,874 INFO  impl.RaftServerTestUtil (RaftServerTestUtil.java:waitAndCheckNewConf(58)) - waitAndCheckNewConf: peers=[s4:0.0.0.0:37443, s5:0.0.0.0:40714, s6:0.0.0.0:45831, s0:0.0.0.0:41765, s2:0.0.0.0:41779], deadPeers=null, printing ALL groups
  s3:  RUNNING CANDIDATE s3@group-A4401D2D6DDD:t9, leader=null, voted=s3, raftlog=s3@group-A4401D2D6DDD-SegmentedRaftLog:OPENED:c0,f2,i2, conf=1: [s4:0.0.0.0:37443, s5:0.0.0.0:40714, s6:0.0.0.0:45831, s0:0.0.0.0:41765, s2:0.0.0.0:41779], old=[s3:0.0.0.0:36312, s4:0.0.0.0:37443, s0:0.0.0.0:41765, s1:0.0.0.0:36446, s2:0.0.0.0:41779] RUNNING
  s4:  RUNNING CANDIDATE s4@group-A4401D2D6DDD:t8, leader=null, voted=s4, raftlog=s4@group-A4401D2D6DDD-SegmentedRaftLog:OPENED:c3,f4,i4, conf=3: [s4:0.0.0.0:37443, s5:0.0.0.0:40714, s6:0.0.0.0:45831, s0:0.0.0.0:41765, s2:0.0.0.0:41779], old=null RUNNING
  s5:  RUNNING CANDIDATE s5@group-A4401D2D6DDD:t8, leader=null, voted=s5, raftlog=s5@group-A4401D2D6DDD-SegmentedRaftLog:OPENED:c3,f4,i4, conf=3: [s4:0.0.0.0:37443, s5:0.0.0.0:40714, s6:0.0.0.0:45831, s0:0.0.0.0:41765, s2:0.0.0.0:41779], old=null RUNNING
  s6:  RUNNING CANDIDATE s6@group-A4401D2D6DDD:t8, leader=null, voted=s6, raftlog=s6@group-A4401D2D6DDD-SegmentedRaftLog:OPENED:c3,f4,i4, conf=3: [s4:0.0.0.0:37443, s5:0.0.0.0:40714, s6:0.0.0.0:45831, s0:0.0.0.0:41765, s2:0.0.0.0:41779], old=null RUNNING
  s0:  RUNNING CANDIDATE s0@group-A4401D2D6DDD:t8, leader=null, voted=s0, raftlog=s0@group-A4401D2D6DDD-SegmentedRaftLog:OPENED:c3,f4,i4, conf=3: [s4:0.0.0.0:37443, s5:0.0.0.0:40714, s6:0.0.0.0:45831, s0:0.0.0.0:41765, s2:0.0.0.0:41779], old=null RUNNING
  s1:  RUNNING    LEADER s1@group-A4401D2D6DDD:t6, leader=s1, voted=s1, raftlog=s1@group-A4401D2D6DDD-SegmentedRaftLog:CLOSED:c3, conf=3: [s4:0.0.0.0:37443, s5:0.0.0.0:40714, s6:0.0.0.0:45831, s0:0.0.0.0:41765, s2:0.0.0.0:41779], old=null CLOSED
  s2:  RUNNING CANDIDATE s2@group-A4401D2D6DDD:t8, leader=null, voted=s2, raftlog=s2@group-A4401D2D6DDD-SegmentedRaftLog:OPENED:c3,f4,i4, conf=3: [s4:0.0.0.0:37443, s5:0.0.0.0:40714, s6:0.0.0.0:45831, s0:0.0.0.0:41765, s2:0.0.0.0:41779], old=null RUNNING
2019-09-24 16:34:04,874 WARN  impl.RaftServerTestUtil (JavaUtils.java:attempt(158)) - FAILED "waitAndCheckNewConf", attempt #4/10: java.lang.AssertionError, sleep 1200ms and then retry.
java.lang.AssertionError
	at org.junit.Assert.fail(Assert.java:86)
	at org.junit.Assert.assertTrue(Assert.java:41)
	at org.junit.Assert.assertNotNull(Assert.java:712)
	at org.junit.Assert.assertNotNull(Assert.java:722)
	at org.apache.ratis.server.impl.RaftServerTestUtil.waitAndCheckNewConf(RaftServerTestUtil.java:59)
	at org.apache.ratis.server.impl.RaftServerTestUtil.lambda$waitAndCheckNewConf$1(RaftServerTestUtil.java:53)
	at org.apache.ratis.util.function.CheckedRunnable.lambda$asCheckedSupplier$0(CheckedRunnable.java:32)
	at org.apache.ratis.util.JavaUtils.attempt(JavaUtils.java:152)
	at org.apache.ratis.util.JavaUtils.attempt(JavaUtils.java:172)
	at org.apache.ratis.server.impl.RaftServerTestUtil.waitAndCheckNewConf(RaftServerTestUtil.java:53)
	at org.apache.ratis.server.impl.RaftReconfigurationBaseTest.runTestAddRemovePeers(RaftReconfigurationBaseTest.java:135)
	at org.apache.ratis.server.impl.RaftReconfigurationBaseTest.lambda$testLeaderStepDown$3(RaftReconfigurationBaseTest.java:121)
	at org.apache.ratis.MiniRaftCluster$Factory$Get.runWithNewCluster(MiniRaftCluster.java:125)
	at org.apache.ratis.MiniRaftCluster$Factory$Get.runWithNewCluster(MiniRaftCluster.java:113)
	at org.apache.ratis.server.impl.RaftReconfigurationBaseTest.testLeaderStepDown(RaftReconfigurationBaseTest.java:121)
	at sun.reflect.NativeMethodAccessorImpl.invoke0(Native Method)
	at sun.reflect.NativeMethodAccessorImpl.invoke(NativeMethodAccessorImpl.java:62)
	at sun.reflect.DelegatingMethodAccessorImpl.invoke(DelegatingMethodAccessorImpl.java:43)
	at java.lang.reflect.Method.invoke(Method.java:498)
	at org.junit.runners.model.FrameworkMethod$1.runReflectiveCall(FrameworkMethod.java:50)
	at org.junit.internal.runners.model.ReflectiveCallable.run(ReflectiveCallable.java:12)
	at org.junit.runners.model.FrameworkMethod.invokeExplosively(FrameworkMethod.java:47)
	at org.junit.internal.runners.statements.InvokeMethod.evaluate(InvokeMethod.java:17)
	at org.junit.internal.runners.statements.RunAfters.evaluate(RunAfters.java:27)
	at org.junit.internal.runners.statements.FailOnTimeout$CallableStatement.call(FailOnTimeout.java:298)
	at org.junit.internal.runners.statements.FailOnTimeout$CallableStatement.call(FailOnTimeout.java:292)
	at java.util.concurrent.FutureTask.run(FutureTask.java:266)
	at java.lang.Thread.run(Thread.java:748)
2019-09-24 16:34:06,076 INFO  impl.RaftServerTestUtil (RaftServerTestUtil.java:waitAndCheckNewConf(58)) - waitAndCheckNewConf: peers=[s4:0.0.0.0:37443, s5:0.0.0.0:40714, s6:0.0.0.0:45831, s0:0.0.0.0:41765, s2:0.0.0.0:41779], deadPeers=null, printing ALL groups
  s3:  RUNNING CANDIDATE s3@group-A4401D2D6DDD:t9, leader=null, voted=s3, raftlog=s3@group-A4401D2D6DDD-SegmentedRaftLog:OPENED:c0,f2,i2, conf=1: [s4:0.0.0.0:37443, s5:0.0.0.0:40714, s6:0.0.0.0:45831, s0:0.0.0.0:41765, s2:0.0.0.0:41779], old=[s3:0.0.0.0:36312, s4:0.0.0.0:37443, s0:0.0.0.0:41765, s1:0.0.0.0:36446, s2:0.0.0.0:41779] RUNNING
  s4:  RUNNING CANDIDATE s4@group-A4401D2D6DDD:t8, leader=null, voted=s4, raftlog=s4@group-A4401D2D6DDD-SegmentedRaftLog:OPENED:c3,f4,i4, conf=3: [s4:0.0.0.0:37443, s5:0.0.0.0:40714, s6:0.0.0.0:45831, s0:0.0.0.0:41765, s2:0.0.0.0:41779], old=null RUNNING
  s5:  RUNNING CANDIDATE s5@group-A4401D2D6DDD:t8, leader=null, voted=s5, raftlog=s5@group-A4401D2D6DDD-SegmentedRaftLog:OPENED:c3,f4,i4, conf=3: [s4:0.0.0.0:37443, s5:0.0.0.0:40714, s6:0.0.0.0:45831, s0:0.0.0.0:41765, s2:0.0.0.0:41779], old=null RUNNING
  s6:  RUNNING CANDIDATE s6@group-A4401D2D6DDD:t8, leader=null, voted=s6, raftlog=s6@group-A4401D2D6DDD-SegmentedRaftLog:OPENED:c3,f4,i4, conf=3: [s4:0.0.0.0:37443, s5:0.0.0.0:40714, s6:0.0.0.0:45831, s0:0.0.0.0:41765, s2:0.0.0.0:41779], old=null RUNNING
  s0:  RUNNING CANDIDATE s0@group-A4401D2D6DDD:t8, leader=null, voted=s0, raftlog=s0@group-A4401D2D6DDD-SegmentedRaftLog:OPENED:c3,f4,i4, conf=3: [s4:0.0.0.0:37443, s5:0.0.0.0:40714, s6:0.0.0.0:45831, s0:0.0.0.0:41765, s2:0.0.0.0:41779], old=null RUNNING
  s1:  RUNNING    LEADER s1@group-A4401D2D6DDD:t6, leader=s1, voted=s1, raftlog=s1@group-A4401D2D6DDD-SegmentedRaftLog:CLOSED:c3, conf=3: [s4:0.0.0.0:37443, s5:0.0.0.0:40714, s6:0.0.0.0:45831, s0:0.0.0.0:41765, s2:0.0.0.0:41779], old=null CLOSED
  s2:  RUNNING CANDIDATE s2@group-A4401D2D6DDD:t8, leader=null, voted=s2, raftlog=s2@group-A4401D2D6DDD-SegmentedRaftLog:OPENED:c3,f4,i4, conf=3: [s4:0.0.0.0:37443, s5:0.0.0.0:40714, s6:0.0.0.0:45831, s0:0.0.0.0:41765, s2:0.0.0.0:41779], old=null RUNNING
2019-09-24 16:34:06,077 WARN  impl.RaftServerTestUtil (JavaUtils.java:attempt(158)) - FAILED "waitAndCheckNewConf", attempt #5/10: java.lang.AssertionError, sleep 1200ms and then retry.
java.lang.AssertionError
	at org.junit.Assert.fail(Assert.java:86)
	at org.junit.Assert.assertTrue(Assert.java:41)
	at org.junit.Assert.assertNotNull(Assert.java:712)
	at org.junit.Assert.assertNotNull(Assert.java:722)
	at org.apache.ratis.server.impl.RaftServerTestUtil.waitAndCheckNewConf(RaftServerTestUtil.java:59)
	at org.apache.ratis.server.impl.RaftServerTestUtil.lambda$waitAndCheckNewConf$1(RaftServerTestUtil.java:53)
	at org.apache.ratis.util.function.CheckedRunnable.lambda$asCheckedSupplier$0(CheckedRunnable.java:32)
	at org.apache.ratis.util.JavaUtils.attempt(JavaUtils.java:152)
	at org.apache.ratis.util.JavaUtils.attempt(JavaUtils.java:172)
	at org.apache.ratis.server.impl.RaftServerTestUtil.waitAndCheckNewConf(RaftServerTestUtil.java:53)
	at org.apache.ratis.server.impl.RaftReconfigurationBaseTest.runTestAddRemovePeers(RaftReconfigurationBaseTest.java:135)
	at org.apache.ratis.server.impl.RaftReconfigurationBaseTest.lambda$testLeaderStepDown$3(RaftReconfigurationBaseTest.java:121)
	at org.apache.ratis.MiniRaftCluster$Factory$Get.runWithNewCluster(MiniRaftCluster.java:125)
	at org.apache.ratis.MiniRaftCluster$Factory$Get.runWithNewCluster(MiniRaftCluster.java:113)
	at org.apache.ratis.server.impl.RaftReconfigurationBaseTest.testLeaderStepDown(RaftReconfigurationBaseTest.java:121)
	at sun.reflect.NativeMethodAccessorImpl.invoke0(Native Method)
	at sun.reflect.NativeMethodAccessorImpl.invoke(NativeMethodAccessorImpl.java:62)
	at sun.reflect.DelegatingMethodAccessorImpl.invoke(DelegatingMethodAccessorImpl.java:43)
	at java.lang.reflect.Method.invoke(Method.java:498)
	at org.junit.runners.model.FrameworkMethod$1.runReflectiveCall(FrameworkMethod.java:50)
	at org.junit.internal.runners.model.ReflectiveCallable.run(ReflectiveCallable.java:12)
	at org.junit.runners.model.FrameworkMethod.invokeExplosively(FrameworkMethod.java:47)
	at org.junit.internal.runners.statements.InvokeMethod.evaluate(InvokeMethod.java:17)
	at org.junit.internal.runners.statements.RunAfters.evaluate(RunAfters.java:27)
	at org.junit.internal.runners.statements.FailOnTimeout$CallableStatement.call(FailOnTimeout.java:298)
	at org.junit.internal.runners.statements.FailOnTimeout$CallableStatement.call(FailOnTimeout.java:292)
	at java.util.concurrent.FutureTask.run(FutureTask.java:266)
	at java.lang.Thread.run(Thread.java:748)
2019-09-24 16:34:07,278 INFO  impl.RaftServerTestUtil (RaftServerTestUtil.java:waitAndCheckNewConf(58)) - waitAndCheckNewConf: peers=[s4:0.0.0.0:37443, s5:0.0.0.0:40714, s6:0.0.0.0:45831, s0:0.0.0.0:41765, s2:0.0.0.0:41779], deadPeers=null, printing ALL groups
  s3:  RUNNING CANDIDATE s3@group-A4401D2D6DDD:t9, leader=null, voted=s3, raftlog=s3@group-A4401D2D6DDD-SegmentedRaftLog:OPENED:c0,f2,i2, conf=1: [s4:0.0.0.0:37443, s5:0.0.0.0:40714, s6:0.0.0.0:45831, s0:0.0.0.0:41765, s2:0.0.0.0:41779], old=[s3:0.0.0.0:36312, s4:0.0.0.0:37443, s0:0.0.0.0:41765, s1:0.0.0.0:36446, s2:0.0.0.0:41779] RUNNING
  s4:  RUNNING CANDIDATE s4@group-A4401D2D6DDD:t8, leader=null, voted=s4, raftlog=s4@group-A4401D2D6DDD-SegmentedRaftLog:OPENED:c3,f4,i4, conf=3: [s4:0.0.0.0:37443, s5:0.0.0.0:40714, s6:0.0.0.0:45831, s0:0.0.0.0:41765, s2:0.0.0.0:41779], old=null RUNNING
  s5:  RUNNING CANDIDATE s5@group-A4401D2D6DDD:t8, leader=null, voted=s5, raftlog=s5@group-A4401D2D6DDD-SegmentedRaftLog:OPENED:c3,f4,i4, conf=3: [s4:0.0.0.0:37443, s5:0.0.0.0:40714, s6:0.0.0.0:45831, s0:0.0.0.0:41765, s2:0.0.0.0:41779], old=null RUNNING
  s6:  RUNNING CANDIDATE s6@group-A4401D2D6DDD:t8, leader=null, voted=s6, raftlog=s6@group-A4401D2D6DDD-SegmentedRaftLog:OPENED:c3,f4,i4, conf=3: [s4:0.0.0.0:37443, s5:0.0.0.0:40714, s6:0.0.0.0:45831, s0:0.0.0.0:41765, s2:0.0.0.0:41779], old=null RUNNING
  s0:  RUNNING CANDIDATE s0@group-A4401D2D6DDD:t8, leader=null, voted=s0, raftlog=s0@group-A4401D2D6DDD-SegmentedRaftLog:OPENED:c3,f4,i4, conf=3: [s4:0.0.0.0:37443, s5:0.0.0.0:40714, s6:0.0.0.0:45831, s0:0.0.0.0:41765, s2:0.0.0.0:41779], old=null RUNNING
  s1:  RUNNING    LEADER s1@group-A4401D2D6DDD:t6, leader=s1, voted=s1, raftlog=s1@group-A4401D2D6DDD-SegmentedRaftLog:CLOSED:c3, conf=3: [s4:0.0.0.0:37443, s5:0.0.0.0:40714, s6:0.0.0.0:45831, s0:0.0.0.0:41765, s2:0.0.0.0:41779], old=null CLOSED
  s2:  RUNNING CANDIDATE s2@group-A4401D2D6DDD:t8, leader=null, voted=s2, raftlog=s2@group-A4401D2D6DDD-SegmentedRaftLog:OPENED:c3,f4,i4, conf=3: [s4:0.0.0.0:37443, s5:0.0.0.0:40714, s6:0.0.0.0:45831, s0:0.0.0.0:41765, s2:0.0.0.0:41779], old=null RUNNING
2019-09-24 16:34:07,279 WARN  impl.RaftServerTestUtil (JavaUtils.java:attempt(158)) - FAILED "waitAndCheckNewConf", attempt #6/10: java.lang.AssertionError, sleep 1200ms and then retry.
java.lang.AssertionError
	at org.junit.Assert.fail(Assert.java:86)
	at org.junit.Assert.assertTrue(Assert.java:41)
	at org.junit.Assert.assertNotNull(Assert.java:712)
	at org.junit.Assert.assertNotNull(Assert.java:722)
	at org.apache.ratis.server.impl.RaftServerTestUtil.waitAndCheckNewConf(RaftServerTestUtil.java:59)
	at org.apache.ratis.server.impl.RaftServerTestUtil.lambda$waitAndCheckNewConf$1(RaftServerTestUtil.java:53)
	at org.apache.ratis.util.function.CheckedRunnable.lambda$asCheckedSupplier$0(CheckedRunnable.java:32)
	at org.apache.ratis.util.JavaUtils.attempt(JavaUtils.java:152)
	at org.apache.ratis.util.JavaUtils.attempt(JavaUtils.java:172)
	at org.apache.ratis.server.impl.RaftServerTestUtil.waitAndCheckNewConf(RaftServerTestUtil.java:53)
	at org.apache.ratis.server.impl.RaftReconfigurationBaseTest.runTestAddRemovePeers(RaftReconfigurationBaseTest.java:135)
	at org.apache.ratis.server.impl.RaftReconfigurationBaseTest.lambda$testLeaderStepDown$3(RaftReconfigurationBaseTest.java:121)
	at org.apache.ratis.MiniRaftCluster$Factory$Get.runWithNewCluster(MiniRaftCluster.java:125)
	at org.apache.ratis.MiniRaftCluster$Factory$Get.runWithNewCluster(MiniRaftCluster.java:113)
	at org.apache.ratis.server.impl.RaftReconfigurationBaseTest.testLeaderStepDown(RaftReconfigurationBaseTest.java:121)
	at sun.reflect.NativeMethodAccessorImpl.invoke0(Native Method)
	at sun.reflect.NativeMethodAccessorImpl.invoke(NativeMethodAccessorImpl.java:62)
	at sun.reflect.DelegatingMethodAccessorImpl.invoke(DelegatingMethodAccessorImpl.java:43)
	at java.lang.reflect.Method.invoke(Method.java:498)
	at org.junit.runners.model.FrameworkMethod$1.runReflectiveCall(FrameworkMethod.java:50)
	at org.junit.internal.runners.model.ReflectiveCallable.run(ReflectiveCallable.java:12)
	at org.junit.runners.model.FrameworkMethod.invokeExplosively(FrameworkMethod.java:47)
	at org.junit.internal.runners.statements.InvokeMethod.evaluate(InvokeMethod.java:17)
	at org.junit.internal.runners.statements.RunAfters.evaluate(RunAfters.java:27)
	at org.junit.internal.runners.statements.FailOnTimeout$CallableStatement.call(FailOnTimeout.java:298)
	at org.junit.internal.runners.statements.FailOnTimeout$CallableStatement.call(FailOnTimeout.java:292)
	at java.util.concurrent.FutureTask.run(FutureTask.java:266)
	at java.lang.Thread.run(Thread.java:748)
2019-09-24 16:34:07,865 INFO  impl.LeaderElection (LeaderElection.java:askForVotes(178)) - s6@group-A4401D2D6DDD-LeaderElection55: begin an election at term 8 for 3: [s4:0.0.0.0:37443, s5:0.0.0.0:40714, s6:0.0.0.0:45831, s0:0.0.0.0:41765, s2:0.0.0.0:41779], old=null
2019-09-24 16:34:07,865 INFO  impl.LeaderElection (LeaderElection.java:askForVotes(178)) - s5@group-A4401D2D6DDD-LeaderElection54: begin an election at term 8 for 3: [s4:0.0.0.0:37443, s5:0.0.0.0:40714, s6:0.0.0.0:45831, s0:0.0.0.0:41765, s2:0.0.0.0:41779], old=null
2019-09-24 16:34:07,867 DEBUG impl.RaftServerImpl (RaftServerImpl.java:requestVote(743)) - s4@group-A4401D2D6DDD: receive requestVote(s6, group-A4401D2D6DDD, 8, (t:6, i:4))
2019-09-24 16:34:07,868 DEBUG impl.RaftServerImpl (RaftServerImpl.java:requestVote(743)) - s5@group-A4401D2D6DDD: receive requestVote(s6, group-A4401D2D6DDD, 8, (t:6, i:4))
2019-09-24 16:34:07,868 DEBUG impl.RaftServerImpl (RaftServerImpl.java:requestVote(743)) - s2@group-A4401D2D6DDD: receive requestVote(s6, group-A4401D2D6DDD, 8, (t:6, i:4))
2019-09-24 16:34:07,867 DEBUG impl.RaftServerImpl (RaftServerImpl.java:requestVote(743)) - s4@group-A4401D2D6DDD: receive requestVote(s5, group-A4401D2D6DDD, 8, (t:6, i:4))
2019-09-24 16:34:07,867 DEBUG impl.RaftServerImpl (RaftServerImpl.java:requestVote(743)) - s6@group-A4401D2D6DDD: receive requestVote(s5, group-A4401D2D6DDD, 8, (t:6, i:4))
2019-09-24 16:34:07,868 DEBUG impl.RaftServerImpl (RaftServerImpl.java:requestVote(775)) - s5@group-A4401D2D6DDD replies to vote request: s6<-s5#0:FAIL-t8. Peer's state: s5@group-A4401D2D6DDD:t8, leader=null, voted=s5, raftlog=s5@group-A4401D2D6DDD-SegmentedRaftLog:OPENED:c3,f4,i4, conf=3: [s4:0.0.0.0:37443, s5:0.0.0.0:40714, s6:0.0.0.0:45831, s0:0.0.0.0:41765, s2:0.0.0.0:41779], old=null
2019-09-24 16:34:07,868 DEBUG impl.RaftServerImpl (RaftServerImpl.java:requestVote(743)) - s2@group-A4401D2D6DDD: receive requestVote(s5, group-A4401D2D6DDD, 8, (t:6, i:4))
2019-09-24 16:34:07,868 DEBUG impl.RaftServerImpl (RaftServerImpl.java:requestVote(743)) - s0@group-A4401D2D6DDD: receive requestVote(s6, group-A4401D2D6DDD, 8, (t:6, i:4))
2019-09-24 16:34:07,868 DEBUG impl.RaftServerImpl (RaftServerImpl.java:requestVote(743)) - s0@group-A4401D2D6DDD: receive requestVote(s5, group-A4401D2D6DDD, 8, (t:6, i:4))
2019-09-24 16:34:07,869 DEBUG impl.RaftServerImpl (RaftServerImpl.java:requestVote(775)) - s6@group-A4401D2D6DDD replies to vote request: s5<-s6#0:FAIL-t8. Peer's state: s6@group-A4401D2D6DDD:t8, leader=null, voted=s6, raftlog=s6@group-A4401D2D6DDD-SegmentedRaftLog:OPENED:c3,f4,i4, conf=3: [s4:0.0.0.0:37443, s5:0.0.0.0:40714, s6:0.0.0.0:45831, s0:0.0.0.0:41765, s2:0.0.0.0:41779], old=null
2019-09-24 16:34:08,018 INFO  impl.LeaderElection (LeaderElection.java:logAndReturn(56)) - s5@group-A4401D2D6DDD-LeaderElection54: Election TIMEOUT; received 1 response(s) [s5<-s6#0:FAIL-t8] and 0 exception(s); s5@group-A4401D2D6DDD:t8, leader=null, voted=s5, raftlog=s5@group-A4401D2D6DDD-SegmentedRaftLog:OPENED:c3,f4,i4, conf=3: [s4:0.0.0.0:37443, s5:0.0.0.0:40714, s6:0.0.0.0:45831, s0:0.0.0.0:41765, s2:0.0.0.0:41779], old=null
2019-09-24 16:34:08,131 INFO  impl.LeaderElection (LeaderElection.java:logAndReturn(56)) - s6@group-A4401D2D6DDD-LeaderElection55: Election TIMEOUT; received 1 response(s) [s6<-s5#0:FAIL-t8] and 0 exception(s); s6@group-A4401D2D6DDD:t8, leader=null, voted=s6, raftlog=s6@group-A4401D2D6DDD-SegmentedRaftLog:OPENED:c3,f4,i4, conf=3: [s4:0.0.0.0:37443, s5:0.0.0.0:40714, s6:0.0.0.0:45831, s0:0.0.0.0:41765, s2:0.0.0.0:41779], old=null
2019-09-24 16:34:08,480 INFO  impl.RaftServerTestUtil (RaftServerTestUtil.java:waitAndCheckNewConf(58)) - waitAndCheckNewConf: peers=[s4:0.0.0.0:37443, s5:0.0.0.0:40714, s6:0.0.0.0:45831, s0:0.0.0.0:41765, s2:0.0.0.0:41779], deadPeers=null, printing ALL groups
  s3:  RUNNING CANDIDATE s3@group-A4401D2D6DDD:t9, leader=null, voted=s3, raftlog=s3@group-A4401D2D6DDD-SegmentedRaftLog:OPENED:c0,f2,i2, conf=1: [s4:0.0.0.0:37443, s5:0.0.0.0:40714, s6:0.0.0.0:45831, s0:0.0.0.0:41765, s2:0.0.0.0:41779], old=[s3:0.0.0.0:36312, s4:0.0.0.0:37443, s0:0.0.0.0:41765, s1:0.0.0.0:36446, s2:0.0.0.0:41779] RUNNING
  s4:  RUNNING CANDIDATE s4@group-A4401D2D6DDD:t8, leader=null, voted=s4, raftlog=s4@group-A4401D2D6DDD-SegmentedRaftLog:OPENED:c3,f4,i4, conf=3: [s4:0.0.0.0:37443, s5:0.0.0.0:40714, s6:0.0.0.0:45831, s0:0.0.0.0:41765, s2:0.0.0.0:41779], old=null RUNNING
  s5:  RUNNING CANDIDATE s5@group-A4401D2D6DDD:t9, leader=null, voted=s5, raftlog=s5@group-A4401D2D6DDD-SegmentedRaftLog:OPENED:c3,f4,i4, conf=3: [s4:0.0.0.0:37443, s5:0.0.0.0:40714, s6:0.0.0.0:45831, s0:0.0.0.0:41765, s2:0.0.0.0:41779], old=null RUNNING
  s6:  RUNNING CANDIDATE s6@group-A4401D2D6DDD:t9, leader=null, voted=s6, raftlog=s6@group-A4401D2D6DDD-SegmentedRaftLog:OPENED:c3,f4,i4, conf=3: [s4:0.0.0.0:37443, s5:0.0.0.0:40714, s6:0.0.0.0:45831, s0:0.0.0.0:41765, s2:0.0.0.0:41779], old=null RUNNING
  s0:  RUNNING CANDIDATE s0@group-A4401D2D6DDD:t8, leader=null, voted=s0, raftlog=s0@group-A4401D2D6DDD-SegmentedRaftLog:OPENED:c3,f4,i4, conf=3: [s4:0.0.0.0:37443, s5:0.0.0.0:40714, s6:0.0.0.0:45831, s0:0.0.0.0:41765, s2:0.0.0.0:41779], old=null RUNNING
  s1:  RUNNING    LEADER s1@group-A4401D2D6DDD:t6, leader=s1, voted=s1, raftlog=s1@group-A4401D2D6DDD-SegmentedRaftLog:CLOSED:c3, conf=3: [s4:0.0.0.0:37443, s5:0.0.0.0:40714, s6:0.0.0.0:45831, s0:0.0.0.0:41765, s2:0.0.0.0:41779], old=null CLOSED
  s2:  RUNNING CANDIDATE s2@group-A4401D2D6DDD:t8, leader=null, voted=s2, raftlog=s2@group-A4401D2D6DDD-SegmentedRaftLog:OPENED:c3,f4,i4, conf=3: [s4:0.0.0.0:37443, s5:0.0.0.0:40714, s6:0.0.0.0:45831, s0:0.0.0.0:41765, s2:0.0.0.0:41779], old=null RUNNING
2019-09-24 16:34:08,481 WARN  impl.RaftServerTestUtil (JavaUtils.java:attempt(158)) - FAILED "waitAndCheckNewConf", attempt #7/10: java.lang.AssertionError, sleep 1200ms and then retry.
java.lang.AssertionError
	at org.junit.Assert.fail(Assert.java:86)
	at org.junit.Assert.assertTrue(Assert.java:41)
	at org.junit.Assert.assertNotNull(Assert.java:712)
	at org.junit.Assert.assertNotNull(Assert.java:722)
	at org.apache.ratis.server.impl.RaftServerTestUtil.waitAndCheckNewConf(RaftServerTestUtil.java:59)
	at org.apache.ratis.server.impl.RaftServerTestUtil.lambda$waitAndCheckNewConf$1(RaftServerTestUtil.java:53)
	at org.apache.ratis.util.function.CheckedRunnable.lambda$asCheckedSupplier$0(CheckedRunnable.java:32)
	at org.apache.ratis.util.JavaUtils.attempt(JavaUtils.java:152)
	at org.apache.ratis.util.JavaUtils.attempt(JavaUtils.java:172)
	at org.apache.ratis.server.impl.RaftServerTestUtil.waitAndCheckNewConf(RaftServerTestUtil.java:53)
	at org.apache.ratis.server.impl.RaftReconfigurationBaseTest.runTestAddRemovePeers(RaftReconfigurationBaseTest.java:135)
	at org.apache.ratis.server.impl.RaftReconfigurationBaseTest.lambda$testLeaderStepDown$3(RaftReconfigurationBaseTest.java:121)
	at org.apache.ratis.MiniRaftCluster$Factory$Get.runWithNewCluster(MiniRaftCluster.java:125)
	at org.apache.ratis.MiniRaftCluster$Factory$Get.runWithNewCluster(MiniRaftCluster.java:113)
	at org.apache.ratis.server.impl.RaftReconfigurationBaseTest.testLeaderStepDown(RaftReconfigurationBaseTest.java:121)
	at sun.reflect.NativeMethodAccessorImpl.invoke0(Native Method)
	at sun.reflect.NativeMethodAccessorImpl.invoke(NativeMethodAccessorImpl.java:62)
	at sun.reflect.DelegatingMethodAccessorImpl.invoke(DelegatingMethodAccessorImpl.java:43)
	at java.lang.reflect.Method.invoke(Method.java:498)
	at org.junit.runners.model.FrameworkMethod$1.runReflectiveCall(FrameworkMethod.java:50)
	at org.junit.internal.runners.model.ReflectiveCallable.run(ReflectiveCallable.java:12)
	at org.junit.runners.model.FrameworkMethod.invokeExplosively(FrameworkMethod.java:47)
	at org.junit.internal.runners.statements.InvokeMethod.evaluate(InvokeMethod.java:17)
	at org.junit.internal.runners.statements.RunAfters.evaluate(RunAfters.java:27)
	at org.junit.internal.runners.statements.FailOnTimeout$CallableStatement.call(FailOnTimeout.java:298)
	at org.junit.internal.runners.statements.FailOnTimeout$CallableStatement.call(FailOnTimeout.java:292)
	at java.util.concurrent.FutureTask.run(FutureTask.java:266)
	at java.lang.Thread.run(Thread.java:748)
2019-09-24 16:34:09,682 INFO  impl.RaftServerTestUtil (RaftServerTestUtil.java:waitAndCheckNewConf(58)) - waitAndCheckNewConf: peers=[s4:0.0.0.0:37443, s5:0.0.0.0:40714, s6:0.0.0.0:45831, s0:0.0.0.0:41765, s2:0.0.0.0:41779], deadPeers=null, printing ALL groups
  s3:  RUNNING CANDIDATE s3@group-A4401D2D6DDD:t9, leader=null, voted=s3, raftlog=s3@group-A4401D2D6DDD-SegmentedRaftLog:OPENED:c0,f2,i2, conf=1: [s4:0.0.0.0:37443, s5:0.0.0.0:40714, s6:0.0.0.0:45831, s0:0.0.0.0:41765, s2:0.0.0.0:41779], old=[s3:0.0.0.0:36312, s4:0.0.0.0:37443, s0:0.0.0.0:41765, s1:0.0.0.0:36446, s2:0.0.0.0:41779] RUNNING
  s4:  RUNNING CANDIDATE s4@group-A4401D2D6DDD:t8, leader=null, voted=s4, raftlog=s4@group-A4401D2D6DDD-SegmentedRaftLog:OPENED:c3,f4,i4, conf=3: [s4:0.0.0.0:37443, s5:0.0.0.0:40714, s6:0.0.0.0:45831, s0:0.0.0.0:41765, s2:0.0.0.0:41779], old=null RUNNING
  s5:  RUNNING CANDIDATE s5@group-A4401D2D6DDD:t9, leader=null, voted=s5, raftlog=s5@group-A4401D2D6DDD-SegmentedRaftLog:OPENED:c3,f4,i4, conf=3: [s4:0.0.0.0:37443, s5:0.0.0.0:40714, s6:0.0.0.0:45831, s0:0.0.0.0:41765, s2:0.0.0.0:41779], old=null RUNNING
  s6:  RUNNING CANDIDATE s6@group-A4401D2D6DDD:t9, leader=null, voted=s6, raftlog=s6@group-A4401D2D6DDD-SegmentedRaftLog:OPENED:c3,f4,i4, conf=3: [s4:0.0.0.0:37443, s5:0.0.0.0:40714, s6:0.0.0.0:45831, s0:0.0.0.0:41765, s2:0.0.0.0:41779], old=null RUNNING
  s0:  RUNNING CANDIDATE s0@group-A4401D2D6DDD:t8, leader=null, voted=s0, raftlog=s0@group-A4401D2D6DDD-SegmentedRaftLog:OPENED:c3,f4,i4, conf=3: [s4:0.0.0.0:37443, s5:0.0.0.0:40714, s6:0.0.0.0:45831, s0:0.0.0.0:41765, s2:0.0.0.0:41779], old=null RUNNING
  s1:  RUNNING    LEADER s1@group-A4401D2D6DDD:t6, leader=s1, voted=s1, raftlog=s1@group-A4401D2D6DDD-SegmentedRaftLog:CLOSED:c3, conf=3: [s4:0.0.0.0:37443, s5:0.0.0.0:40714, s6:0.0.0.0:45831, s0:0.0.0.0:41765, s2:0.0.0.0:41779], old=null CLOSED
  s2:  RUNNING CANDIDATE s2@group-A4401D2D6DDD:t8, leader=null, voted=s2, raftlog=s2@group-A4401D2D6DDD-SegmentedRaftLog:OPENED:c3,f4,i4, conf=3: [s4:0.0.0.0:37443, s5:0.0.0.0:40714, s6:0.0.0.0:45831, s0:0.0.0.0:41765, s2:0.0.0.0:41779], old=null RUNNING
2019-09-24 16:34:09,683 WARN  impl.RaftServerTestUtil (JavaUtils.java:attempt(158)) - FAILED "waitAndCheckNewConf", attempt #8/10: java.lang.AssertionError, sleep 1200ms and then retry.
java.lang.AssertionError
	at org.junit.Assert.fail(Assert.java:86)
	at org.junit.Assert.assertTrue(Assert.java:41)
	at org.junit.Assert.assertNotNull(Assert.java:712)
	at org.junit.Assert.assertNotNull(Assert.java:722)
	at org.apache.ratis.server.impl.RaftServerTestUtil.waitAndCheckNewConf(RaftServerTestUtil.java:59)
	at org.apache.ratis.server.impl.RaftServerTestUtil.lambda$waitAndCheckNewConf$1(RaftServerTestUtil.java:53)
	at org.apache.ratis.util.function.CheckedRunnable.lambda$asCheckedSupplier$0(CheckedRunnable.java:32)
	at org.apache.ratis.util.JavaUtils.attempt(JavaUtils.java:152)
	at org.apache.ratis.util.JavaUtils.attempt(JavaUtils.java:172)
	at org.apache.ratis.server.impl.RaftServerTestUtil.waitAndCheckNewConf(RaftServerTestUtil.java:53)
	at org.apache.ratis.server.impl.RaftReconfigurationBaseTest.runTestAddRemovePeers(RaftReconfigurationBaseTest.java:135)
	at org.apache.ratis.server.impl.RaftReconfigurationBaseTest.lambda$testLeaderStepDown$3(RaftReconfigurationBaseTest.java:121)
	at org.apache.ratis.MiniRaftCluster$Factory$Get.runWithNewCluster(MiniRaftCluster.java:125)
	at org.apache.ratis.MiniRaftCluster$Factory$Get.runWithNewCluster(MiniRaftCluster.java:113)
	at org.apache.ratis.server.impl.RaftReconfigurationBaseTest.testLeaderStepDown(RaftReconfigurationBaseTest.java:121)
	at sun.reflect.NativeMethodAccessorImpl.invoke0(Native Method)
	at sun.reflect.NativeMethodAccessorImpl.invoke(NativeMethodAccessorImpl.java:62)
	at sun.reflect.DelegatingMethodAccessorImpl.invoke(DelegatingMethodAccessorImpl.java:43)
	at java.lang.reflect.Method.invoke(Method.java:498)
	at org.junit.runners.model.FrameworkMethod$1.runReflectiveCall(FrameworkMethod.java:50)
	at org.junit.internal.runners.model.ReflectiveCallable.run(ReflectiveCallable.java:12)
	at org.junit.runners.model.FrameworkMethod.invokeExplosively(FrameworkMethod.java:47)
	at org.junit.internal.runners.statements.InvokeMethod.evaluate(InvokeMethod.java:17)
	at org.junit.internal.runners.statements.RunAfters.evaluate(RunAfters.java:27)
	at org.junit.internal.runners.statements.FailOnTimeout$CallableStatement.call(FailOnTimeout.java:298)
	at org.junit.internal.runners.statements.FailOnTimeout$CallableStatement.call(FailOnTimeout.java:292)
	at java.util.concurrent.FutureTask.run(FutureTask.java:266)
	at java.lang.Thread.run(Thread.java:748)
2019-09-24 16:34:10,884 INFO  impl.RaftServerTestUtil (RaftServerTestUtil.java:waitAndCheckNewConf(58)) - waitAndCheckNewConf: peers=[s4:0.0.0.0:37443, s5:0.0.0.0:40714, s6:0.0.0.0:45831, s0:0.0.0.0:41765, s2:0.0.0.0:41779], deadPeers=null, printing ALL groups
  s3:  RUNNING CANDIDATE s3@group-A4401D2D6DDD:t9, leader=null, voted=s3, raftlog=s3@group-A4401D2D6DDD-SegmentedRaftLog:OPENED:c0,f2,i2, conf=1: [s4:0.0.0.0:37443, s5:0.0.0.0:40714, s6:0.0.0.0:45831, s0:0.0.0.0:41765, s2:0.0.0.0:41779], old=[s3:0.0.0.0:36312, s4:0.0.0.0:37443, s0:0.0.0.0:41765, s1:0.0.0.0:36446, s2:0.0.0.0:41779] RUNNING
  s4:  RUNNING CANDIDATE s4@group-A4401D2D6DDD:t8, leader=null, voted=s4, raftlog=s4@group-A4401D2D6DDD-SegmentedRaftLog:OPENED:c3,f4,i4, conf=3: [s4:0.0.0.0:37443, s5:0.0.0.0:40714, s6:0.0.0.0:45831, s0:0.0.0.0:41765, s2:0.0.0.0:41779], old=null RUNNING
  s5:  RUNNING CANDIDATE s5@group-A4401D2D6DDD:t9, leader=null, voted=s5, raftlog=s5@group-A4401D2D6DDD-SegmentedRaftLog:OPENED:c3,f4,i4, conf=3: [s4:0.0.0.0:37443, s5:0.0.0.0:40714, s6:0.0.0.0:45831, s0:0.0.0.0:41765, s2:0.0.0.0:41779], old=null RUNNING
  s6:  RUNNING CANDIDATE s6@group-A4401D2D6DDD:t9, leader=null, voted=s6, raftlog=s6@group-A4401D2D6DDD-SegmentedRaftLog:OPENED:c3,f4,i4, conf=3: [s4:0.0.0.0:37443, s5:0.0.0.0:40714, s6:0.0.0.0:45831, s0:0.0.0.0:41765, s2:0.0.0.0:41779], old=null RUNNING
  s0:  RUNNING CANDIDATE s0@group-A4401D2D6DDD:t8, leader=null, voted=s0, raftlog=s0@group-A4401D2D6DDD-SegmentedRaftLog:OPENED:c3,f4,i4, conf=3: [s4:0.0.0.0:37443, s5:0.0.0.0:40714, s6:0.0.0.0:45831, s0:0.0.0.0:41765, s2:0.0.0.0:41779], old=null RUNNING
  s1:  RUNNING    LEADER s1@group-A4401D2D6DDD:t6, leader=s1, voted=s1, raftlog=s1@group-A4401D2D6DDD-SegmentedRaftLog:CLOSED:c3, conf=3: [s4:0.0.0.0:37443, s5:0.0.0.0:40714, s6:0.0.0.0:45831, s0:0.0.0.0:41765, s2:0.0.0.0:41779], old=null CLOSED
  s2:  RUNNING CANDIDATE s2@group-A4401D2D6DDD:t8, leader=null, voted=s2, raftlog=s2@group-A4401D2D6DDD-SegmentedRaftLog:OPENED:c3,f4,i4, conf=3: [s4:0.0.0.0:37443, s5:0.0.0.0:40714, s6:0.0.0.0:45831, s0:0.0.0.0:41765, s2:0.0.0.0:41779], old=null RUNNING
2019-09-24 16:34:10,885 WARN  impl.RaftServerTestUtil (JavaUtils.java:attempt(158)) - FAILED "waitAndCheckNewConf", attempt #9/10: java.lang.AssertionError, sleep 1200ms and then retry.
java.lang.AssertionError
	at org.junit.Assert.fail(Assert.java:86)
	at org.junit.Assert.assertTrue(Assert.java:41)
	at org.junit.Assert.assertNotNull(Assert.java:712)
	at org.junit.Assert.assertNotNull(Assert.java:722)
	at org.apache.ratis.server.impl.RaftServerTestUtil.waitAndCheckNewConf(RaftServerTestUtil.java:59)
	at org.apache.ratis.server.impl.RaftServerTestUtil.lambda$waitAndCheckNewConf$1(RaftServerTestUtil.java:53)
	at org.apache.ratis.util.function.CheckedRunnable.lambda$asCheckedSupplier$0(CheckedRunnable.java:32)
	at org.apache.ratis.util.JavaUtils.attempt(JavaUtils.java:152)
	at org.apache.ratis.util.JavaUtils.attempt(JavaUtils.java:172)
	at org.apache.ratis.server.impl.RaftServerTestUtil.waitAndCheckNewConf(RaftServerTestUtil.java:53)
	at org.apache.ratis.server.impl.RaftReconfigurationBaseTest.runTestAddRemovePeers(RaftReconfigurationBaseTest.java:135)
	at org.apache.ratis.server.impl.RaftReconfigurationBaseTest.lambda$testLeaderStepDown$3(RaftReconfigurationBaseTest.java:121)
	at org.apache.ratis.MiniRaftCluster$Factory$Get.runWithNewCluster(MiniRaftCluster.java:125)
	at org.apache.ratis.MiniRaftCluster$Factory$Get.runWithNewCluster(MiniRaftCluster.java:113)
	at org.apache.ratis.server.impl.RaftReconfigurationBaseTest.testLeaderStepDown(RaftReconfigurationBaseTest.java:121)
	at sun.reflect.NativeMethodAccessorImpl.invoke0(Native Method)
	at sun.reflect.NativeMethodAccessorImpl.invoke(NativeMethodAccessorImpl.java:62)
	at sun.reflect.DelegatingMethodAccessorImpl.invoke(DelegatingMethodAccessorImpl.java:43)
	at java.lang.reflect.Method.invoke(Method.java:498)
	at org.junit.runners.model.FrameworkMethod$1.runReflectiveCall(FrameworkMethod.java:50)
	at org.junit.internal.runners.model.ReflectiveCallable.run(ReflectiveCallable.java:12)
	at org.junit.runners.model.FrameworkMethod.invokeExplosively(FrameworkMethod.java:47)
	at org.junit.internal.runners.statements.InvokeMethod.evaluate(InvokeMethod.java:17)
	at org.junit.internal.runners.statements.RunAfters.evaluate(RunAfters.java:27)
	at org.junit.internal.runners.statements.FailOnTimeout$CallableStatement.call(FailOnTimeout.java:298)
	at org.junit.internal.runners.statements.FailOnTimeout$CallableStatement.call(FailOnTimeout.java:292)
	at java.util.concurrent.FutureTask.run(FutureTask.java:266)
	at java.lang.Thread.run(Thread.java:748)
2019-09-24 16:34:12,086 INFO  impl.RaftServerTestUtil (RaftServerTestUtil.java:waitAndCheckNewConf(58)) - waitAndCheckNewConf: peers=[s4:0.0.0.0:37443, s5:0.0.0.0:40714, s6:0.0.0.0:45831, s0:0.0.0.0:41765, s2:0.0.0.0:41779], deadPeers=null, printing ALL groups
  s3:  RUNNING CANDIDATE s3@group-A4401D2D6DDD:t9, leader=null, voted=s3, raftlog=s3@group-A4401D2D6DDD-SegmentedRaftLog:OPENED:c0,f2,i2, conf=1: [s4:0.0.0.0:37443, s5:0.0.0.0:40714, s6:0.0.0.0:45831, s0:0.0.0.0:41765, s2:0.0.0.0:41779], old=[s3:0.0.0.0:36312, s4:0.0.0.0:37443, s0:0.0.0.0:41765, s1:0.0.0.0:36446, s2:0.0.0.0:41779] RUNNING
  s4:  RUNNING CANDIDATE s4@group-A4401D2D6DDD:t8, leader=null, voted=s4, raftlog=s4@group-A4401D2D6DDD-SegmentedRaftLog:OPENED:c3,f4,i4, conf=3: [s4:0.0.0.0:37443, s5:0.0.0.0:40714, s6:0.0.0.0:45831, s0:0.0.0.0:41765, s2:0.0.0.0:41779], old=null RUNNING
  s5:  RUNNING CANDIDATE s5@group-A4401D2D6DDD:t9, leader=null, voted=s5, raftlog=s5@group-A4401D2D6DDD-SegmentedRaftLog:OPENED:c3,f4,i4, conf=3: [s4:0.0.0.0:37443, s5:0.0.0.0:40714, s6:0.0.0.0:45831, s0:0.0.0.0:41765, s2:0.0.0.0:41779], old=null RUNNING
  s6:  RUNNING CANDIDATE s6@group-A4401D2D6DDD:t9, leader=null, voted=s6, raftlog=s6@group-A4401D2D6DDD-SegmentedRaftLog:OPENED:c3,f4,i4, conf=3: [s4:0.0.0.0:37443, s5:0.0.0.0:40714, s6:0.0.0.0:45831, s0:0.0.0.0:41765, s2:0.0.0.0:41779], old=null RUNNING
  s0:  RUNNING CANDIDATE s0@group-A4401D2D6DDD:t8, leader=null, voted=s0, raftlog=s0@group-A4401D2D6DDD-SegmentedRaftLog:OPENED:c3,f4,i4, conf=3: [s4:0.0.0.0:37443, s5:0.0.0.0:40714, s6:0.0.0.0:45831, s0:0.0.0.0:41765, s2:0.0.0.0:41779], old=null RUNNING
  s1:  RUNNING    LEADER s1@group-A4401D2D6DDD:t6, leader=s1, voted=s1, raftlog=s1@group-A4401D2D6DDD-SegmentedRaftLog:CLOSED:c3, conf=3: [s4:0.0.0.0:37443, s5:0.0.0.0:40714, s6:0.0.0.0:45831, s0:0.0.0.0:41765, s2:0.0.0.0:41779], old=null CLOSED
  s2:  RUNNING CANDIDATE s2@group-A4401D2D6DDD:t8, leader=null, voted=s2, raftlog=s2@group-A4401D2D6DDD-SegmentedRaftLog:OPENED:c3,f4,i4, conf=3: [s4:0.0.0.0:37443, s5:0.0.0.0:40714, s6:0.0.0.0:45831, s0:0.0.0.0:41765, s2:0.0.0.0:41779], old=null RUNNING
2019-09-24 16:34:12,087 INFO  ratis.MiniRaftCluster (MiniRaftCluster.java:runWithNewCluster(127)) - printing ALL groups
  s3:  RUNNING CANDIDATE s3@group-A4401D2D6DDD:t9, leader=null, voted=s3, raftlog=s3@group-A4401D2D6DDD-SegmentedRaftLog:OPENED:c0,f2,i2, conf=1: [s4:0.0.0.0:37443, s5:0.0.0.0:40714, s6:0.0.0.0:45831, s0:0.0.0.0:41765, s2:0.0.0.0:41779], old=[s3:0.0.0.0:36312, s4:0.0.0.0:37443, s0:0.0.0.0:41765, s1:0.0.0.0:36446, s2:0.0.0.0:41779] RUNNING
  s4:  RUNNING CANDIDATE s4@group-A4401D2D6DDD:t8, leader=null, voted=s4, raftlog=s4@group-A4401D2D6DDD-SegmentedRaftLog:OPENED:c3,f4,i4, conf=3: [s4:0.0.0.0:37443, s5:0.0.0.0:40714, s6:0.0.0.0:45831, s0:0.0.0.0:41765, s2:0.0.0.0:41779], old=null RUNNING
  s5:  RUNNING CANDIDATE s5@group-A4401D2D6DDD:t9, leader=null, voted=s5, raftlog=s5@group-A4401D2D6DDD-SegmentedRaftLog:OPENED:c3,f4,i4, conf=3: [s4:0.0.0.0:37443, s5:0.0.0.0:40714, s6:0.0.0.0:45831, s0:0.0.0.0:41765, s2:0.0.0.0:41779], old=null RUNNING
  s6:  RUNNING CANDIDATE s6@group-A4401D2D6DDD:t9, leader=null, voted=s6, raftlog=s6@group-A4401D2D6DDD-SegmentedRaftLog:OPENED:c3,f4,i4, conf=3: [s4:0.0.0.0:37443, s5:0.0.0.0:40714, s6:0.0.0.0:45831, s0:0.0.0.0:41765, s2:0.0.0.0:41779], old=null RUNNING
  s0:  RUNNING CANDIDATE s0@group-A4401D2D6DDD:t8, leader=null, voted=s0, raftlog=s0@group-A4401D2D6DDD-SegmentedRaftLog:OPENED:c3,f4,i4, conf=3: [s4:0.0.0.0:37443, s5:0.0.0.0:40714, s6:0.0.0.0:45831, s0:0.0.0.0:41765, s2:0.0.0.0:41779], old=null RUNNING
  s1:  RUNNING    LEADER s1@group-A4401D2D6DDD:t6, leader=s1, voted=s1, raftlog=s1@group-A4401D2D6DDD-SegmentedRaftLog:CLOSED:c3, conf=3: [s4:0.0.0.0:37443, s5:0.0.0.0:40714, s6:0.0.0.0:45831, s0:0.0.0.0:41765, s2:0.0.0.0:41779], old=null CLOSED
  s2:  RUNNING CANDIDATE s2@group-A4401D2D6DDD:t8, leader=null, voted=s2, raftlog=s2@group-A4401D2D6DDD-SegmentedRaftLog:OPENED:c3,f4,i4, conf=3: [s4:0.0.0.0:37443, s5:0.0.0.0:40714, s6:0.0.0.0:45831, s0:0.0.0.0:41765, s2:0.0.0.0:41779], old=null RUNNING
2019-09-24 16:34:12,087 ERROR ratis.MiniRaftCluster (MiniRaftCluster.java:runWithNewCluster(128)) - Failed org.apache.ratis.MiniRaftCluster$Factory$Get.runWithNewCluster(MiniRaftCluster.java:113)
java.lang.AssertionError
	at org.junit.Assert.fail(Assert.java:86)
	at org.junit.Assert.assertTrue(Assert.java:41)
	at org.junit.Assert.assertNotNull(Assert.java:712)
	at org.junit.Assert.assertNotNull(Assert.java:722)
	at org.apache.ratis.server.impl.RaftServerTestUtil.waitAndCheckNewConf(RaftServerTestUtil.java:59)
	at org.apache.ratis.server.impl.RaftServerTestUtil.lambda$waitAndCheckNewConf$1(RaftServerTestUtil.java:53)
	at org.apache.ratis.util.function.CheckedRunnable.lambda$asCheckedSupplier$0(CheckedRunnable.java:32)
	at org.apache.ratis.util.JavaUtils.attempt(JavaUtils.java:152)
	at org.apache.ratis.util.JavaUtils.attempt(JavaUtils.java:172)
	at org.apache.ratis.server.impl.RaftServerTestUtil.waitAndCheckNewConf(RaftServerTestUtil.java:53)
	at org.apache.ratis.server.impl.RaftReconfigurationBaseTest.runTestAddRemovePeers(RaftReconfigurationBaseTest.java:135)
	at org.apache.ratis.server.impl.RaftReconfigurationBaseTest.lambda$testLeaderStepDown$3(RaftReconfigurationBaseTest.java:121)
	at org.apache.ratis.MiniRaftCluster$Factory$Get.runWithNewCluster(MiniRaftCluster.java:125)
	at org.apache.ratis.MiniRaftCluster$Factory$Get.runWithNewCluster(MiniRaftCluster.java:113)
	at org.apache.ratis.server.impl.RaftReconfigurationBaseTest.testLeaderStepDown(RaftReconfigurationBaseTest.java:121)
	at sun.reflect.NativeMethodAccessorImpl.invoke0(Native Method)
	at sun.reflect.NativeMethodAccessorImpl.invoke(NativeMethodAccessorImpl.java:62)
	at sun.reflect.DelegatingMethodAccessorImpl.invoke(DelegatingMethodAccessorImpl.java:43)
	at java.lang.reflect.Method.invoke(Method.java:498)
	at org.junit.runners.model.FrameworkMethod$1.runReflectiveCall(FrameworkMethod.java:50)
	at org.junit.internal.runners.model.ReflectiveCallable.run(ReflectiveCallable.java:12)
	at org.junit.runners.model.FrameworkMethod.invokeExplosively(FrameworkMethod.java:47)
	at org.junit.internal.runners.statements.InvokeMethod.evaluate(InvokeMethod.java:17)
	at org.junit.internal.runners.statements.RunAfters.evaluate(RunAfters.java:27)
	at org.junit.internal.runners.statements.FailOnTimeout$CallableStatement.call(FailOnTimeout.java:298)
	at org.junit.internal.runners.statements.FailOnTimeout$CallableStatement.call(FailOnTimeout.java:292)
	at java.util.concurrent.FutureTask.run(FutureTask.java:266)
	at java.lang.Thread.run(Thread.java:748)
2019-09-24 16:34:12,088 INFO  ratis.MiniRaftCluster (MiniRaftCluster.java:shutdown(700)) - ************************************************************** 
2019-09-24 16:34:12,088 INFO  ratis.MiniRaftCluster (MiniRaftCluster.java:shutdown(701)) - *** 
2019-09-24 16:34:12,088 INFO  ratis.MiniRaftCluster (MiniRaftCluster.java:shutdown(702)) - ***     Stopping MiniRaftClusterWithNetty
2019-09-24 16:34:12,088 INFO  ratis.MiniRaftCluster (MiniRaftCluster.java:shutdown(703)) - *** 
2019-09-24 16:34:12,089 INFO  ratis.MiniRaftCluster (MiniRaftCluster.java:shutdown(704)) - ************************************************************** 
2019-09-24 16:34:12,089 INFO  ratis.MiniRaftCluster (MiniRaftCluster.java:shutdown(705)) - printing ALL groups
  s3:  RUNNING CANDIDATE s3@group-A4401D2D6DDD:t9, leader=null, voted=s3, raftlog=s3@group-A4401D2D6DDD-SegmentedRaftLog:OPENED:c0,f2,i2, conf=1: [s4:0.0.0.0:37443, s5:0.0.0.0:40714, s6:0.0.0.0:45831, s0:0.0.0.0:41765, s2:0.0.0.0:41779], old=[s3:0.0.0.0:36312, s4:0.0.0.0:37443, s0:0.0.0.0:41765, s1:0.0.0.0:36446, s2:0.0.0.0:41779] RUNNING
  s4:  RUNNING CANDIDATE s4@group-A4401D2D6DDD:t8, leader=null, voted=s4, raftlog=s4@group-A4401D2D6DDD-SegmentedRaftLog:OPENED:c3,f4,i4, conf=3: [s4:0.0.0.0:37443, s5:0.0.0.0:40714, s6:0.0.0.0:45831, s0:0.0.0.0:41765, s2:0.0.0.0:41779], old=null RUNNING
  s5:  RUNNING CANDIDATE s5@group-A4401D2D6DDD:t9, leader=null, voted=s5, raftlog=s5@group-A4401D2D6DDD-SegmentedRaftLog:OPENED:c3,f4,i4, conf=3: [s4:0.0.0.0:37443, s5:0.0.0.0:40714, s6:0.0.0.0:45831, s0:0.0.0.0:41765, s2:0.0.0.0:41779], old=null RUNNING
  s6:  RUNNING CANDIDATE s6@group-A4401D2D6DDD:t9, leader=null, voted=s6, raftlog=s6@group-A4401D2D6DDD-SegmentedRaftLog:OPENED:c3,f4,i4, conf=3: [s4:0.0.0.0:37443, s5:0.0.0.0:40714, s6:0.0.0.0:45831, s0:0.0.0.0:41765, s2:0.0.0.0:41779], old=null RUNNING
  s0:  RUNNING CANDIDATE s0@group-A4401D2D6DDD:t8, leader=null, voted=s0, raftlog=s0@group-A4401D2D6DDD-SegmentedRaftLog:OPENED:c3,f4,i4, conf=3: [s4:0.0.0.0:37443, s5:0.0.0.0:40714, s6:0.0.0.0:45831, s0:0.0.0.0:41765, s2:0.0.0.0:41779], old=null RUNNING
  s1:  RUNNING    LEADER s1@group-A4401D2D6DDD:t6, leader=s1, voted=s1, raftlog=s1@group-A4401D2D6DDD-SegmentedRaftLog:CLOSED:c3, conf=3: [s4:0.0.0.0:37443, s5:0.0.0.0:40714, s6:0.0.0.0:45831, s0:0.0.0.0:41765, s2:0.0.0.0:41779], old=null CLOSED
  s2:  RUNNING CANDIDATE s2@group-A4401D2D6DDD:t8, leader=null, voted=s2, raftlog=s2@group-A4401D2D6DDD-SegmentedRaftLog:OPENED:c3,f4,i4, conf=3: [s4:0.0.0.0:37443, s5:0.0.0.0:40714, s6:0.0.0.0:45831, s0:0.0.0.0:41765, s2:0.0.0.0:41779], old=null RUNNING
2019-09-24 16:34:12,090 INFO  impl.RaftServerProxy (RaftServerProxy.java:lambda$close$4(314)) - s3: close
2019-09-24 16:34:12,091 INFO  impl.RaftServerImpl (RaftServerImpl.java:lambda$shutdown$3(247)) - s3@group-A4401D2D6DDD: shutdown
2019-09-24 16:34:12,091 INFO  impl.RaftServerProxy (RaftServerProxy.java:lambda$close$4(314)) - s5: close
2019-09-24 16:34:12,091 INFO  impl.RaftServerProxy (RaftServerProxy.java:lambda$close$4(314)) - s6: close
2019-09-24 16:34:12,091 INFO  impl.RaftServerProxy (RaftServerProxy.java:lambda$close$4(314)) - s4: close
2019-09-24 16:34:12,092 INFO  impl.RaftServerImpl (RaftServerImpl.java:lambda$shutdown$3(247)) - s6@group-A4401D2D6DDD: shutdown
2019-09-24 16:34:12,092 INFO  impl.RaftServerProxy (RaftServerProxy.java:lambda$close$4(314)) - s0: close
2019-09-24 16:34:12,092 INFO  impl.RaftServerProxy (RaftServerProxy.java:lambda$close$4(314)) - s1: close
2019-09-24 16:34:12,092 INFO  util.JmxRegister (JmxRegister.java:unregister(73)) - Successfully un-registered JMX Bean with object name Ratis:service=RaftServer,group=group-A4401D2D6DDD,id=s3
2019-09-24 16:34:12,092 INFO  impl.RaftServerImpl (RaftServerImpl.java:lambda$shutdown$3(247)) - s5@group-A4401D2D6DDD: shutdown
2019-09-24 16:34:12,093 INFO  logging.LoggingHandler (AbstractInternalLogger.java:log(150)) - [id: 0x9b511a0f, L:/0.0.0.0:36446] UNREGISTERED
2019-09-24 16:34:12,093 INFO  impl.RoleInfo (RoleInfo.java:shutdownLeaderElection(134)) - s3: shutdown LeaderElection
2019-09-24 16:34:12,093 INFO  impl.RaftServerImpl (RaftServerImpl.java:lambda$shutdown$3(247)) - s0@group-A4401D2D6DDD: shutdown
2019-09-24 16:34:12,093 INFO  util.JmxRegister (JmxRegister.java:unregister(73)) - Successfully un-registered JMX Bean with object name Ratis:service=RaftServer,group=group-A4401D2D6DDD,id=s6
2019-09-24 16:34:12,092 INFO  impl.RaftServerProxy (RaftServerProxy.java:lambda$close$4(314)) - s2: close
2019-09-24 16:34:12,092 INFO  impl.RaftServerImpl (RaftServerImpl.java:lambda$shutdown$3(247)) - s4@group-A4401D2D6DDD: shutdown
2019-09-24 16:34:12,101 INFO  impl.RaftServerImpl (RaftServerImpl.java:lambda$shutdown$3(247)) - s2@group-A4401D2D6DDD: shutdown
2019-09-24 16:34:12,101 INFO  impl.RoleInfo (RoleInfo.java:shutdownLeaderElection(134)) - s6: shutdown LeaderElection
2019-09-24 16:34:12,100 INFO  util.JmxRegister (JmxRegister.java:unregister(73)) - Successfully un-registered JMX Bean with object name Ratis:service=RaftServer,group=group-A4401D2D6DDD,id=s0
2019-09-24 16:34:12,098 INFO  impl.StateMachineUpdater (StateMachineUpdater.java:stopAndJoin(136)) - s3@group-A4401D2D6DDD-StateMachineUpdater: set stopIndex = 0
2019-09-24 16:34:12,093 INFO  util.JmxRegister (JmxRegister.java:unregister(73)) - Successfully un-registered JMX Bean with object name Ratis:service=RaftServer,group=group-A4401D2D6DDD,id=s5
2019-09-24 16:34:12,102 INFO  impl.RaftServerImpl (ServerState.java:close(386)) - s3@group-A4401D2D6DDD: closes. applyIndex: 0
2019-09-24 16:34:12,102 INFO  impl.RoleInfo (RoleInfo.java:shutdownLeaderElection(134)) - s0: shutdown LeaderElection
2019-09-24 16:34:12,103 INFO  segmented.SegmentedRaftLogWorker (SegmentedRaftLogWorker.java:run(313)) - s3@group-A4401D2D6DDD-SegmentedRaftLogWorker was interrupted, exiting. There are 0 tasks remaining in the queue.
2019-09-24 16:34:12,102 INFO  impl.StateMachineUpdater (StateMachineUpdater.java:stopAndJoin(136)) - s6@group-A4401D2D6DDD-StateMachineUpdater: set stopIndex = 3
2019-09-24 16:34:12,103 INFO  impl.RaftServerImpl (ServerState.java:close(386)) - s6@group-A4401D2D6DDD: closes. applyIndex: 3
2019-09-24 16:34:12,101 INFO  util.JmxRegister (JmxRegister.java:unregister(73)) - Successfully un-registered JMX Bean with object name Ratis:service=RaftServer,group=group-A4401D2D6DDD,id=s2
2019-09-24 16:34:12,101 INFO  util.JmxRegister (JmxRegister.java:unregister(73)) - Successfully un-registered JMX Bean with object name Ratis:service=RaftServer,group=group-A4401D2D6DDD,id=s4
2019-09-24 16:34:12,104 INFO  impl.RoleInfo (RoleInfo.java:shutdownLeaderElection(134)) - s2: shutdown LeaderElection
2019-09-24 16:34:12,104 INFO  segmented.SegmentedRaftLogWorker (SegmentedRaftLogWorker.java:run(313)) - s6@group-A4401D2D6DDD-SegmentedRaftLogWorker was interrupted, exiting. There are 0 tasks remaining in the queue.
2019-09-24 16:34:12,103 INFO  impl.StateMachineUpdater (StateMachineUpdater.java:stopAndJoin(136)) - s0@group-A4401D2D6DDD-StateMachineUpdater: set stopIndex = 3
2019-09-24 16:34:12,102 INFO  impl.RoleInfo (RoleInfo.java:shutdownLeaderElection(134)) - s5: shutdown LeaderElection
2019-09-24 16:34:12,105 INFO  impl.RaftServerImpl (ServerState.java:close(386)) - s0@group-A4401D2D6DDD: closes. applyIndex: 3
2019-09-24 16:34:12,104 INFO  impl.StateMachineUpdater (StateMachineUpdater.java:stopAndJoin(136)) - s2@group-A4401D2D6DDD-StateMachineUpdater: set stopIndex = 3
2019-09-24 16:34:12,104 INFO  impl.RoleInfo (RoleInfo.java:shutdownLeaderElection(134)) - s4: shutdown LeaderElection
2019-09-24 16:34:12,106 INFO  impl.RaftServerImpl (ServerState.java:close(386)) - s2@group-A4401D2D6DDD: closes. applyIndex: 3
2019-09-24 16:34:12,105 INFO  segmented.SegmentedRaftLogWorker (SegmentedRaftLogWorker.java:run(313)) - s0@group-A4401D2D6DDD-SegmentedRaftLogWorker was interrupted, exiting. There are 0 tasks remaining in the queue.
2019-09-24 16:34:12,105 INFO  segmented.SegmentedRaftLogWorker (SegmentedRaftLogWorker.java:close(228)) - s3@group-A4401D2D6DDD-SegmentedRaftLogWorker close()
2019-09-24 16:34:12,105 INFO  impl.StateMachineUpdater (StateMachineUpdater.java:stopAndJoin(136)) - s5@group-A4401D2D6DDD-StateMachineUpdater: set stopIndex = 3
2019-09-24 16:34:12,108 INFO  impl.RaftServerImpl (ServerState.java:close(386)) - s5@group-A4401D2D6DDD: closes. applyIndex: 3
2019-09-24 16:34:12,106 INFO  segmented.SegmentedRaftLogWorker (SegmentedRaftLogWorker.java:close(228)) - s6@group-A4401D2D6DDD-SegmentedRaftLogWorker close()
2019-09-24 16:34:12,106 INFO  segmented.SegmentedRaftLogWorker (SegmentedRaftLogWorker.java:run(313)) - s2@group-A4401D2D6DDD-SegmentedRaftLogWorker was interrupted, exiting. There are 0 tasks remaining in the queue.
2019-09-24 16:34:12,106 INFO  impl.StateMachineUpdater (StateMachineUpdater.java:stopAndJoin(136)) - s4@group-A4401D2D6DDD-StateMachineUpdater: set stopIndex = 3
2019-09-24 16:34:12,112 INFO  segmented.SegmentedRaftLogWorker (SegmentedRaftLogWorker.java:close(228)) - s2@group-A4401D2D6DDD-SegmentedRaftLogWorker close()
2019-09-24 16:34:12,110 INFO  logging.LoggingHandler (AbstractInternalLogger.java:log(150)) - [id: 0xe5a7167a, L:/0.0.0.0:45831] UNREGISTERED
2019-09-24 16:34:12,108 INFO  segmented.SegmentedRaftLogWorker (SegmentedRaftLogWorker.java:run(313)) - s5@group-A4401D2D6DDD-SegmentedRaftLogWorker was interrupted, exiting. There are 0 tasks remaining in the queue.
2019-09-24 16:34:12,108 INFO  segmented.SegmentedRaftLogWorker (SegmentedRaftLogWorker.java:close(228)) - s0@group-A4401D2D6DDD-SegmentedRaftLogWorker close()
2019-09-24 16:34:12,108 INFO  logging.LoggingHandler (AbstractInternalLogger.java:log(150)) - [id: 0x46371257, L:/0.0.0.0:36312] UNREGISTERED
2019-09-24 16:34:12,120 INFO  segmented.SegmentedRaftLogWorker (SegmentedRaftLogWorker.java:close(228)) - s5@group-A4401D2D6DDD-SegmentedRaftLogWorker close()
2019-09-24 16:34:12,114 INFO  logging.LoggingHandler (AbstractInternalLogger.java:log(150)) - [id: 0x53d6449d, L:/0.0.0.0:41779] UNREGISTERED
2019-09-24 16:34:12,112 INFO  impl.RaftServerImpl (ServerState.java:close(386)) - s4@group-A4401D2D6DDD: closes. applyIndex: 3
2019-09-24 16:34:12,122 INFO  logging.LoggingHandler (AbstractInternalLogger.java:log(150)) - [id: 0xea1484ac, L:/0.0.0.0:40714] UNREGISTERED
2019-09-24 16:34:12,121 INFO  logging.LoggingHandler (AbstractInternalLogger.java:log(150)) - [id: 0xcd11cf86, L:/0.0.0.0:41765] UNREGISTERED
2019-09-24 16:34:12,124 INFO  segmented.SegmentedRaftLogWorker (SegmentedRaftLogWorker.java:run(313)) - s4@group-A4401D2D6DDD-SegmentedRaftLogWorker was interrupted, exiting. There are 0 tasks remaining in the queue.
2019-09-24 16:34:12,126 INFO  segmented.SegmentedRaftLogWorker (SegmentedRaftLogWorker.java:close(228)) - s4@group-A4401D2D6DDD-SegmentedRaftLogWorker close()
2019-09-24 16:34:12,127 INFO  logging.LoggingHandler (AbstractInternalLogger.java:log(150)) - [id: 0x26491fce, L:/0.0.0.0:37443] UNREGISTERED
2019-09-24 16:34:12,128 INFO  ratis.MiniRaftCluster (MiniRaftCluster.java:shutdown(722)) - MiniRaftClusterWithNetty shutdown completed
]]></system-out>
  </testcase>
  <testcase name="testKillLeaderDuringReconf" classname="org.apache.ratis.netty.TestRaftReconfigurationWithNetty" time="43.919"/>
  <testcase name="testLeaderNotReadyException" classname="org.apache.ratis.netty.TestRaftReconfigurationWithNetty" time="2.564"/>
  <testcase name="testOverlappedSetConfRequests" classname="org.apache.ratis.netty.TestRaftReconfigurationWithNetty" time="4.79"/>
  <testcase name="testReconfTwice" classname="org.apache.ratis.netty.TestRaftReconfigurationWithNetty" time="2.965"/>
  <testcase name="testReconfTimeout" classname="org.apache.ratis.netty.TestRaftReconfigurationWithNetty" time="34.452"/>
</testsuite>