<?xml version="1.0" encoding="UTF-8"?>
<testsuite xmlns:xsi="http://www.w3.org/2001/XMLSchema-instance" xsi:noNamespaceSchemaLocation="https://maven.apache.org/surefire/maven-surefire-plugin/xsd/surefire-test-report.xsd" name="org.apache.ratis.netty.TestLogAppenderWithNetty" time="204.331" tests="3" errors="1" skipped="0" failures="0">
  <properties>
    <property name="awt.toolkit" value="sun.awt.X11.XToolkit"/>
    <property name="file.encoding.pkg" value="sun.io"/>
    <property name="java.specification.version" value="1.8"/>
    <property name="sun.cpu.isalist" value=""/>
    <property name="sun.jnu.encoding" value="UTF-8"/>
    <property name="java.class.path" value="/workdir/ratis-test/target/test-classes:/workdir/ratis-test/target/classes:/workdir/ratis-common/target/classes:/home/user/.m2/repository/org/apache/ratis/ratis-thirdparty-misc/0.2.0/ratis-thirdparty-misc-0.2.0.jar:/workdir/ratis-proto/target/ratis-proto-0.5.0-SNAPSHOT.jar:/home/user/.m2/repository/org/slf4j/slf4j-log4j12/1.7.10/slf4j-log4j12-1.7.10.jar:/home/user/.m2/repository/log4j/log4j/1.2.17/log4j-1.2.17.jar:/workdir/ratis-common/target/test-classes:/workdir/ratis-client/target/classes:/workdir/ratis-server/target/classes:/workdir/ratis-metrics/target/classes:/home/user/.m2/repository/io/dropwizard/metrics/metrics-core/3.2.5/metrics-core-3.2.5.jar:/home/user/.m2/repository/com/github/joshelser/dropwizard-metrics-hadoop-metrics2-reporter/0.1.2/dropwizard-metrics-hadoop-metrics2-reporter-0.1.2.jar:/home/user/.m2/repository/org/apache/hadoop/hadoop-common/2.6.0/hadoop-common-2.6.0.jar:/home/user/.m2/repository/org/apache/hadoop/hadoop-annotations/2.6.0/hadoop-annotations-2.6.0.jar:/usr/lib/jvm/java-1.8-openjdk/jre/../lib/tools.jar:/home/user/.m2/repository/com/google/guava/guava/11.0.2/guava-11.0.2.jar:/home/user/.m2/repository/commons-cli/commons-cli/1.2/commons-cli-1.2.jar:/home/user/.m2/repository/org/apache/commons/commons-math3/3.1.1/commons-math3-3.1.1.jar:/home/user/.m2/repository/xmlenc/xmlenc/0.52/xmlenc-0.52.jar:/home/user/.m2/repository/commons-httpclient/commons-httpclient/3.1/commons-httpclient-3.1.jar:/home/user/.m2/repository/commons-codec/commons-codec/1.4/commons-codec-1.4.jar:/home/user/.m2/repository/commons-io/commons-io/2.4/commons-io-2.4.jar:/home/user/.m2/repository/commons-net/commons-net/3.1/commons-net-3.1.jar:/home/user/.m2/repository/commons-collections/commons-collections/3.2.1/commons-collections-3.2.1.jar:/home/user/.m2/repository/javax/servlet/servlet-api/2.5/servlet-api-2.5.jar:/home/user/.m2/repository/org/mortbay/jetty/jetty/6.1.26/jetty-6.1.26.jar:/home/user/.m2/repository/org/mortbay/jetty/jetty-util/6.1.26/jetty-util-6.1.26.jar:/home/user/.m2/repository/com/sun/jersey/jersey-core/1.9/jersey-core-1.9.jar:/home/user/.m2/repository/com/sun/jersey/jersey-json/1.9/jersey-json-1.9.jar:/home/user/.m2/repository/org/codehaus/jettison/jettison/1.1/jettison-1.1.jar:/home/user/.m2/repository/com/sun/xml/bind/jaxb-impl/2.2.3-1/jaxb-impl-2.2.3-1.jar:/home/user/.m2/repository/javax/xml/bind/jaxb-api/2.2.2/jaxb-api-2.2.2.jar:/home/user/.m2/repository/javax/xml/stream/stax-api/1.0-2/stax-api-1.0-2.jar:/home/user/.m2/repository/javax/activation/activation/1.1/activation-1.1.jar:/home/user/.m2/repository/org/codehaus/jackson/jackson-jaxrs/1.8.3/jackson-jaxrs-1.8.3.jar:/home/user/.m2/repository/org/codehaus/jackson/jackson-xc/1.8.3/jackson-xc-1.8.3.jar:/home/user/.m2/repository/com/sun/jersey/jersey-server/1.9/jersey-server-1.9.jar:/home/user/.m2/repository/asm/asm/3.1/asm-3.1.jar:/home/user/.m2/repository/tomcat/jasper-compiler/5.5.23/jasper-compiler-5.5.23.jar:/home/user/.m2/repository/tomcat/jasper-runtime/5.5.23/jasper-runtime-5.5.23.jar:/home/user/.m2/repository/javax/servlet/jsp/jsp-api/2.1/jsp-api-2.1.jar:/home/user/.m2/repository/commons-el/commons-el/1.0/commons-el-1.0.jar:/home/user/.m2/repository/commons-logging/commons-logging/1.1.3/commons-logging-1.1.3.jar:/home/user/.m2/repository/net/java/dev/jets3t/jets3t/0.9.0/jets3t-0.9.0.jar:/home/user/.m2/repository/org/apache/httpcomponents/httpclient/4.1.2/httpclient-4.1.2.jar:/home/user/.m2/repository/org/apache/httpcomponents/httpcore/4.1.2/httpcore-4.1.2.jar:/home/user/.m2/repository/com/jamesmurty/utils/java-xmlbuilder/0.4/java-xmlbuilder-0.4.jar:/home/user/.m2/repository/commons-lang/commons-lang/2.6/commons-lang-2.6.jar:/home/user/.m2/repository/commons-configuration/commons-configuration/1.6/commons-configuration-1.6.jar:/home/user/.m2/repository/commons-digester/commons-digester/1.8/commons-digester-1.8.jar:/home/user/.m2/repository/commons-beanutils/commons-beanutils/1.7.0/commons-beanutils-1.7.0.jar:/home/user/.m2/repository/commons-beanutils/commons-beanutils-core/1.8.0/commons-beanutils-core-1.8.0.jar:/home/user/.m2/repository/org/codehaus/jackson/jackson-core-asl/1.9.13/jackson-core-asl-1.9.13.jar:/home/user/.m2/repository/org/codehaus/jackson/jackson-mapper-asl/1.9.13/jackson-mapper-asl-1.9.13.jar:/home/user/.m2/repository/org/apache/avro/avro/1.7.4/avro-1.7.4.jar:/home/user/.m2/repository/com/thoughtworks/paranamer/paranamer/2.3/paranamer-2.3.jar:/home/user/.m2/repository/org/xerial/snappy/snappy-java/1.0.4.1/snappy-java-1.0.4.1.jar:/home/user/.m2/repository/com/google/protobuf/protobuf-java/2.5.0/protobuf-java-2.5.0.jar:/home/user/.m2/repository/com/google/code/gson/gson/2.2.4/gson-2.2.4.jar:/home/user/.m2/repository/org/apache/hadoop/hadoop-auth/2.6.0/hadoop-auth-2.6.0.jar:/home/user/.m2/repository/org/apache/directory/server/apacheds-kerberos-codec/2.0.0-M15/apacheds-kerberos-codec-2.0.0-M15.jar:/home/user/.m2/repository/org/apache/directory/server/apacheds-i18n/2.0.0-M15/apacheds-i18n-2.0.0-M15.jar:/home/user/.m2/repository/org/apache/directory/api/api-asn1-api/1.0.0-M20/api-asn1-api-1.0.0-M20.jar:/home/user/.m2/repository/org/apache/directory/api/api-util/1.0.0-M20/api-util-1.0.0-M20.jar:/home/user/.m2/repository/org/apache/curator/curator-framework/2.6.0/curator-framework-2.6.0.jar:/home/user/.m2/repository/com/jcraft/jsch/0.1.42/jsch-0.1.42.jar:/home/user/.m2/repository/org/apache/curator/curator-client/2.6.0/curator-client-2.6.0.jar:/home/user/.m2/repository/org/apache/curator/curator-recipes/2.6.0/curator-recipes-2.6.0.jar:/home/user/.m2/repository/com/google/code/findbugs/jsr305/1.3.9/jsr305-1.3.9.jar:/home/user/.m2/repository/org/htrace/htrace-core/3.0.4/htrace-core-3.0.4.jar:/home/user/.m2/repository/org/apache/zookeeper/zookeeper/3.4.6/zookeeper-3.4.6.jar:/home/user/.m2/repository/io/netty/netty/3.7.0.Final/netty-3.7.0.Final.jar:/home/user/.m2/repository/org/apache/commons/commons-compress/1.4.1/commons-compress-1.4.1.jar:/home/user/.m2/repository/org/tukaani/xz/1.0/xz-1.0.jar:/home/user/.m2/repository/io/dropwizard/metrics/metrics-jvm/3.2.5/metrics-jvm-3.2.5.jar:/home/user/.m2/repository/io/dropwizard/metrics/metrics-ganglia/3.2.5/metrics-ganglia-3.2.5.jar:/home/user/.m2/repository/info/ganglia/gmetric4j/gmetric4j/1.0.7/gmetric4j-1.0.7.jar:/workdir/ratis-server/target/test-classes:/workdir/ratis-netty/target/classes:/workdir/ratis-netty/target/test-classes:/workdir/ratis-grpc/target/classes:/workdir/ratis-grpc/target/test-classes:/home/user/.m2/repository/org/slf4j/slf4j-api/1.7.10/slf4j-api-1.7.10.jar:/home/user/.m2/repository/junit/junit/4.12/junit-4.12.jar:/home/user/.m2/repository/org/hamcrest/hamcrest-core/1.3/hamcrest-core-1.3.jar:/home/user/.m2/repository/org/mockito/mockito-all/1.8.5/mockito-all-1.8.5.jar:"/>
    <property name="java.vm.vendor" value="IcedTea"/>
    <property name="sun.arch.data.model" value="64"/>
    <property name="java.vendor.url" value="https://icedtea.classpath.org"/>
    <property name="user.timezone" value=""/>
    <property name="java.vm.specification.version" value="1.8"/>
    <property name="os.name" value="Linux"/>
    <property name="user.country" value="US"/>
    <property name="sun.java.launcher" value="SUN_STANDARD"/>
    <property name="sun.boot.library.path" value="/usr/lib/jvm/java-1.8-openjdk/jre/lib/amd64"/>
    <property name="sun.java.command" value="/workdir/ratis-test/target/surefire/surefirebooter6316460454032654997.jar /workdir/ratis-test/target/surefire 2019-09-24T16-02-41_483-jvmRun1 surefire2863227199814577734tmp surefire_327475654618125908800tmp"/>
    <property name="surefire.test.class.path" value="/workdir/ratis-test/target/test-classes:/workdir/ratis-test/target/classes:/workdir/ratis-common/target/classes:/home/user/.m2/repository/org/apache/ratis/ratis-thirdparty-misc/0.2.0/ratis-thirdparty-misc-0.2.0.jar:/workdir/ratis-proto/target/ratis-proto-0.5.0-SNAPSHOT.jar:/home/user/.m2/repository/org/slf4j/slf4j-log4j12/1.7.10/slf4j-log4j12-1.7.10.jar:/home/user/.m2/repository/log4j/log4j/1.2.17/log4j-1.2.17.jar:/workdir/ratis-common/target/test-classes:/workdir/ratis-client/target/classes:/workdir/ratis-server/target/classes:/workdir/ratis-metrics/target/classes:/home/user/.m2/repository/io/dropwizard/metrics/metrics-core/3.2.5/metrics-core-3.2.5.jar:/home/user/.m2/repository/com/github/joshelser/dropwizard-metrics-hadoop-metrics2-reporter/0.1.2/dropwizard-metrics-hadoop-metrics2-reporter-0.1.2.jar:/home/user/.m2/repository/org/apache/hadoop/hadoop-common/2.6.0/hadoop-common-2.6.0.jar:/home/user/.m2/repository/org/apache/hadoop/hadoop-annotations/2.6.0/hadoop-annotations-2.6.0.jar:/usr/lib/jvm/java-1.8-openjdk/jre/../lib/tools.jar:/home/user/.m2/repository/com/google/guava/guava/11.0.2/guava-11.0.2.jar:/home/user/.m2/repository/commons-cli/commons-cli/1.2/commons-cli-1.2.jar:/home/user/.m2/repository/org/apache/commons/commons-math3/3.1.1/commons-math3-3.1.1.jar:/home/user/.m2/repository/xmlenc/xmlenc/0.52/xmlenc-0.52.jar:/home/user/.m2/repository/commons-httpclient/commons-httpclient/3.1/commons-httpclient-3.1.jar:/home/user/.m2/repository/commons-codec/commons-codec/1.4/commons-codec-1.4.jar:/home/user/.m2/repository/commons-io/commons-io/2.4/commons-io-2.4.jar:/home/user/.m2/repository/commons-net/commons-net/3.1/commons-net-3.1.jar:/home/user/.m2/repository/commons-collections/commons-collections/3.2.1/commons-collections-3.2.1.jar:/home/user/.m2/repository/javax/servlet/servlet-api/2.5/servlet-api-2.5.jar:/home/user/.m2/repository/org/mortbay/jetty/jetty/6.1.26/jetty-6.1.26.jar:/home/user/.m2/repository/org/mortbay/jetty/jetty-util/6.1.26/jetty-util-6.1.26.jar:/home/user/.m2/repository/com/sun/jersey/jersey-core/1.9/jersey-core-1.9.jar:/home/user/.m2/repository/com/sun/jersey/jersey-json/1.9/jersey-json-1.9.jar:/home/user/.m2/repository/org/codehaus/jettison/jettison/1.1/jettison-1.1.jar:/home/user/.m2/repository/com/sun/xml/bind/jaxb-impl/2.2.3-1/jaxb-impl-2.2.3-1.jar:/home/user/.m2/repository/javax/xml/bind/jaxb-api/2.2.2/jaxb-api-2.2.2.jar:/home/user/.m2/repository/javax/xml/stream/stax-api/1.0-2/stax-api-1.0-2.jar:/home/user/.m2/repository/javax/activation/activation/1.1/activation-1.1.jar:/home/user/.m2/repository/org/codehaus/jackson/jackson-jaxrs/1.8.3/jackson-jaxrs-1.8.3.jar:/home/user/.m2/repository/org/codehaus/jackson/jackson-xc/1.8.3/jackson-xc-1.8.3.jar:/home/user/.m2/repository/com/sun/jersey/jersey-server/1.9/jersey-server-1.9.jar:/home/user/.m2/repository/asm/asm/3.1/asm-3.1.jar:/home/user/.m2/repository/tomcat/jasper-compiler/5.5.23/jasper-compiler-5.5.23.jar:/home/user/.m2/repository/tomcat/jasper-runtime/5.5.23/jasper-runtime-5.5.23.jar:/home/user/.m2/repository/javax/servlet/jsp/jsp-api/2.1/jsp-api-2.1.jar:/home/user/.m2/repository/commons-el/commons-el/1.0/commons-el-1.0.jar:/home/user/.m2/repository/commons-logging/commons-logging/1.1.3/commons-logging-1.1.3.jar:/home/user/.m2/repository/net/java/dev/jets3t/jets3t/0.9.0/jets3t-0.9.0.jar:/home/user/.m2/repository/org/apache/httpcomponents/httpclient/4.1.2/httpclient-4.1.2.jar:/home/user/.m2/repository/org/apache/httpcomponents/httpcore/4.1.2/httpcore-4.1.2.jar:/home/user/.m2/repository/com/jamesmurty/utils/java-xmlbuilder/0.4/java-xmlbuilder-0.4.jar:/home/user/.m2/repository/commons-lang/commons-lang/2.6/commons-lang-2.6.jar:/home/user/.m2/repository/commons-configuration/commons-configuration/1.6/commons-configuration-1.6.jar:/home/user/.m2/repository/commons-digester/commons-digester/1.8/commons-digester-1.8.jar:/home/user/.m2/repository/commons-beanutils/commons-beanutils/1.7.0/commons-beanutils-1.7.0.jar:/home/user/.m2/repository/commons-beanutils/commons-beanutils-core/1.8.0/commons-beanutils-core-1.8.0.jar:/home/user/.m2/repository/org/codehaus/jackson/jackson-core-asl/1.9.13/jackson-core-asl-1.9.13.jar:/home/user/.m2/repository/org/codehaus/jackson/jackson-mapper-asl/1.9.13/jackson-mapper-asl-1.9.13.jar:/home/user/.m2/repository/org/apache/avro/avro/1.7.4/avro-1.7.4.jar:/home/user/.m2/repository/com/thoughtworks/paranamer/paranamer/2.3/paranamer-2.3.jar:/home/user/.m2/repository/org/xerial/snappy/snappy-java/1.0.4.1/snappy-java-1.0.4.1.jar:/home/user/.m2/repository/com/google/protobuf/protobuf-java/2.5.0/protobuf-java-2.5.0.jar:/home/user/.m2/repository/com/google/code/gson/gson/2.2.4/gson-2.2.4.jar:/home/user/.m2/repository/org/apache/hadoop/hadoop-auth/2.6.0/hadoop-auth-2.6.0.jar:/home/user/.m2/repository/org/apache/directory/server/apacheds-kerberos-codec/2.0.0-M15/apacheds-kerberos-codec-2.0.0-M15.jar:/home/user/.m2/repository/org/apache/directory/server/apacheds-i18n/2.0.0-M15/apacheds-i18n-2.0.0-M15.jar:/home/user/.m2/repository/org/apache/directory/api/api-asn1-api/1.0.0-M20/api-asn1-api-1.0.0-M20.jar:/home/user/.m2/repository/org/apache/directory/api/api-util/1.0.0-M20/api-util-1.0.0-M20.jar:/home/user/.m2/repository/org/apache/curator/curator-framework/2.6.0/curator-framework-2.6.0.jar:/home/user/.m2/repository/com/jcraft/jsch/0.1.42/jsch-0.1.42.jar:/home/user/.m2/repository/org/apache/curator/curator-client/2.6.0/curator-client-2.6.0.jar:/home/user/.m2/repository/org/apache/curator/curator-recipes/2.6.0/curator-recipes-2.6.0.jar:/home/user/.m2/repository/com/google/code/findbugs/jsr305/1.3.9/jsr305-1.3.9.jar:/home/user/.m2/repository/org/htrace/htrace-core/3.0.4/htrace-core-3.0.4.jar:/home/user/.m2/repository/org/apache/zookeeper/zookeeper/3.4.6/zookeeper-3.4.6.jar:/home/user/.m2/repository/io/netty/netty/3.7.0.Final/netty-3.7.0.Final.jar:/home/user/.m2/repository/org/apache/commons/commons-compress/1.4.1/commons-compress-1.4.1.jar:/home/user/.m2/repository/org/tukaani/xz/1.0/xz-1.0.jar:/home/user/.m2/repository/io/dropwizard/metrics/metrics-jvm/3.2.5/metrics-jvm-3.2.5.jar:/home/user/.m2/repository/io/dropwizard/metrics/metrics-ganglia/3.2.5/metrics-ganglia-3.2.5.jar:/home/user/.m2/repository/info/ganglia/gmetric4j/gmetric4j/1.0.7/gmetric4j-1.0.7.jar:/workdir/ratis-server/target/test-classes:/workdir/ratis-netty/target/classes:/workdir/ratis-netty/target/test-classes:/workdir/ratis-grpc/target/classes:/workdir/ratis-grpc/target/test-classes:/home/user/.m2/repository/org/slf4j/slf4j-api/1.7.10/slf4j-api-1.7.10.jar:/home/user/.m2/repository/junit/junit/4.12/junit-4.12.jar:/home/user/.m2/repository/org/hamcrest/hamcrest-core/1.3/hamcrest-core-1.3.jar:/home/user/.m2/repository/org/mockito/mockito-all/1.8.5/mockito-all-1.8.5.jar:"/>
    <property name="sun.cpu.endian" value="little"/>
    <property name="user.home" value="/home/user"/>
    <property name="user.language" value="en"/>
    <property name="java.specification.vendor" value="Oracle Corporation"/>
    <property name="java.home" value="/usr/lib/jvm/java-1.8-openjdk/jre"/>
    <property name="basedir" value="/workdir/ratis-test"/>
    <property name="file.separator" value="/"/>
    <property name="line.separator" value="&#10;"/>
    <property name="java.vm.specification.vendor" value="Oracle Corporation"/>
    <property name="java.specification.name" value="Java Platform API Specification"/>
    <property name="java.awt.graphicsenv" value="sun.awt.X11GraphicsEnvironment"/>
    <property name="surefire.real.class.path" value="/workdir/ratis-test/target/surefire/surefirebooter6316460454032654997.jar"/>
    <property name="sun.boot.class.path" value="/usr/lib/jvm/java-1.8-openjdk/jre/lib/resources.jar:/usr/lib/jvm/java-1.8-openjdk/jre/lib/rt.jar:/usr/lib/jvm/java-1.8-openjdk/jre/lib/sunrsasign.jar:/usr/lib/jvm/java-1.8-openjdk/jre/lib/jsse.jar:/usr/lib/jvm/java-1.8-openjdk/jre/lib/jce.jar:/usr/lib/jvm/java-1.8-openjdk/jre/lib/charsets.jar:/usr/lib/jvm/java-1.8-openjdk/jre/lib/jfr.jar:/usr/lib/jvm/java-1.8-openjdk/jre/classes"/>
    <property name="sun.management.compiler" value="HotSpot 64-Bit Tiered Compilers"/>
    <property name="java.runtime.version" value="1.8.0_212-b04"/>
    <property name="java.net.preferIPv4Stack" value="true"/>
    <property name="user.name" value="jenkins1000"/>
    <property name="path.separator" value=":"/>
    <property name="os.version" value="3.10.0-957.12.2.el7.x86_64"/>
    <property name="java.endorsed.dirs" value="/usr/lib/jvm/java-1.8-openjdk/jre/lib/endorsed"/>
    <property name="java.runtime.name" value="OpenJDK Runtime Environment"/>
    <property name="file.encoding" value="UTF-8"/>
    <property name="java.vm.name" value="OpenJDK 64-Bit Server VM"/>
    <property name="localRepository" value="/home/user/.m2/repository"/>
    <property name="java.vendor.url.bug" value="https://icedtea.classpath.org/bugzilla"/>
    <property name="java.io.tmpdir" value="/tmp"/>
    <property name="java.version" value="1.8.0_212"/>
    <property name="user.dir" value="/workdir/ratis-test"/>
    <property name="os.arch" value="amd64"/>
    <property name="ratis.tmp.dir" value="/workdir/ratis-test/target/tmp"/>
    <property name="java.vm.specification.name" value="Java Virtual Machine Specification"/>
    <property name="java.awt.printerjob" value="sun.print.PSPrinterJob"/>
    <property name="ratis.log.dir" value="/workdir/ratis-test/target/log"/>
    <property name="sun.os.patch.level" value="unknown"/>
    <property name="java.library.path" value="/usr/lib/jvm/java-1.8-openjdk/jre/lib/amd64/server:/usr/lib/jvm/java-1.8-openjdk/jre/lib/amd64:/usr/lib/jvm/java-1.8-openjdk/jre/../lib/amd64:/usr/java/packages/lib/amd64:/usr/lib64:/lib64:/lib:/usr/lib"/>
    <property name="java.vm.info" value="mixed mode"/>
    <property name="java.vendor" value="IcedTea"/>
    <property name="java.vm.version" value="25.212-b04"/>
    <property name="java.ext.dirs" value="/usr/lib/jvm/java-1.8-openjdk/jre/lib/ext:/usr/java/packages/lib/ext"/>
    <property name="sun.io.unicode.encoding" value="UnicodeLittle"/>
    <property name="java.class.version" value="52.0"/>
  </properties>
  <testcase name="testSingleElementBuffer" classname="org.apache.ratis.netty.TestLogAppenderWithNetty" time="100.025">
    <error message="test timed out after 100 seconds" type="org.junit.runners.model.TestTimedOutException">org.junit.runners.model.TestTimedOutException: test timed out after 100 seconds
</error>
    <system-out><![CDATA[2019-09-24 16:37:39,827 INFO  util.LogUtils (LogUtils.java:setLogLevel(41)) - Set org.apache.ratis.conf.ConfUtils log level to WARN
2019-09-24 16:37:39,831 INFO  util.LogUtils (LogUtils.java:setLogLevel(41)) - Set org.apache.ratis.util.FileUtils log level to TRACE
2019-09-24 16:37:39,838 INFO  util.LogUtils (LogUtils.java:setLogLevel(41)) - Set org.apache.ratis.server.impl.LogAppender log level to DEBUG
2019-09-24 16:37:39,857 INFO  ratis.MiniRaftCluster (MiniRaftCluster.java:runWithNewCluster(119)) - Running runWithNewCluster
2019-09-24 16:37:39,932 INFO  ratis.MiniRaftCluster (MiniRaftCluster.java:<init>(253)) - new MiniRaftClusterWithNetty with group-A1961C08437E:[s0:0.0.0.0:42189, s1:0.0.0.0:39138, s2:0.0.0.0:44435]
2019-09-24 16:37:39,933 INFO  ratis.MiniRaftCluster (MiniRaftCluster.java:start(287)) - .............................................................. 
2019-09-24 16:37:39,933 INFO  ratis.MiniRaftCluster (MiniRaftCluster.java:start(288)) - ... 
2019-09-24 16:37:39,933 INFO  ratis.MiniRaftCluster (MiniRaftCluster.java:start(289)) - ...     Starting MiniRaftClusterWithNetty
2019-09-24 16:37:39,933 INFO  ratis.MiniRaftCluster (MiniRaftCluster.java:start(290)) - ... 
2019-09-24 16:37:39,934 INFO  ratis.MiniRaftCluster (MiniRaftCluster.java:start(291)) - .............................................................. 
2019-09-24 16:37:39,934 INFO  ratis.MiniRaftCluster (MiniRaftCluster.java:initServers(265)) - servers = {}
2019-09-24 16:37:39,946 INFO  ratis.MiniRaftCluster (MiniRaftCluster.java:newRaftServer(330)) - newRaftServer: s0, group-A1961C08437E:[s0:0.0.0.0:42189, s1:0.0.0.0:39138, s2:0.0.0.0:44435], format? true
2019-09-24 16:37:39,949 TRACE util.FileUtils (FileUtils.java:deleteFully(88)) - deleteFully target/test/data/b2c0a8be/MiniRaftClusterWithNetty1f9c6c63/s0
2019-09-24 16:37:39,956 TRACE util.FileUtils (FileUtils.java:deleteFully(104)) - deleteFully: target/test/data/b2c0a8be/MiniRaftClusterWithNetty1f9c6c63/s0 does not exist.
2019-09-24 16:37:39,957 INFO  ratis.MiniRaftCluster (MiniRaftCluster.java:newRaftServer(335)) - Formatted directory target/test/data/b2c0a8be/MiniRaftClusterWithNetty1f9c6c63/s0
2019-09-24 16:37:39,974 INFO  impl.RaftServerProxy (ConfUtils.java:logGet(43)) - raft.rpc.type = NETTY (custom)
2019-09-24 16:37:40,064 INFO  netty.NettyConfigKeys$Server (ConfUtils.java:logGet(43)) - raft.netty.server.port = 42189 (custom)
2019-09-24 16:37:40,152 INFO  server.RaftServerConfigKeys (ConfUtils.java:logGet(43)) - raft.server.storage.dir = [/workdir/ratis-test/target/test/data/b2c0a8be/MiniRaftClusterWithNetty1f9c6c63/s0] (custom)
2019-09-24 16:37:40,160 INFO  impl.RaftServerProxy (RaftServerProxy.java:addNew(89)) - s0: addNew group-A1961C08437E:[s0:0.0.0.0:42189, s1:0.0.0.0:39138, s2:0.0.0.0:44435] returns group-A1961C08437E:java.util.concurrent.CompletableFuture@4b4f05f9[Not completed]
2019-09-24 16:37:40,169 INFO  logging.LoggingHandler (AbstractInternalLogger.java:log(150)) - [id: 0x114ac16d] REGISTERED
2019-09-24 16:37:40,171 INFO  logging.LoggingHandler (AbstractInternalLogger.java:log(150)) - [id: 0x114ac16d] BIND: 0.0.0.0/0.0.0.0:42189
2019-09-24 16:37:40,176 INFO  logging.LoggingHandler (AbstractInternalLogger.java:log(150)) - [id: 0x114ac16d, L:/0.0.0.0:42189] ACTIVE
2019-09-24 16:37:40,177 INFO  server.RaftServerConfigKeys (ConfUtils.java:logGet(43)) - raft.server.log.segment.size.max = 8MB (=8388608) (default)
2019-09-24 16:37:40,177 INFO  ratis.MiniRaftCluster (MiniRaftCluster.java:newRaftServer(330)) - newRaftServer: s1, group-A1961C08437E:[s0:0.0.0.0:42189, s1:0.0.0.0:39138, s2:0.0.0.0:44435], format? true
2019-09-24 16:37:40,178 TRACE util.FileUtils (FileUtils.java:deleteFully(88)) - deleteFully target/test/data/b2c0a8be/MiniRaftClusterWithNetty1f9c6c63/s1
2019-09-24 16:37:40,178 TRACE util.FileUtils (FileUtils.java:deleteFully(104)) - deleteFully: target/test/data/b2c0a8be/MiniRaftClusterWithNetty1f9c6c63/s1 does not exist.
2019-09-24 16:37:40,179 INFO  ratis.MiniRaftCluster (MiniRaftCluster.java:newRaftServer(335)) - Formatted directory target/test/data/b2c0a8be/MiniRaftClusterWithNetty1f9c6c63/s1
2019-09-24 16:37:40,180 INFO  impl.RaftServerProxy (ConfUtils.java:logGet(43)) - raft.rpc.type = NETTY (custom)
2019-09-24 16:37:40,180 INFO  server.RaftServerConfigKeys (ConfUtils.java:logGet(43)) - raft.server.log.preallocated.size = 4MB (=4194304) (default)
2019-09-24 16:37:40,181 INFO  server.RaftServerConfigKeys (ConfUtils.java:logGet(43)) - raft.server.log.write.buffer.size = 64KB (=65536) (default)
2019-09-24 16:37:40,182 INFO  netty.NettyConfigKeys$Server (ConfUtils.java:logGet(43)) - raft.netty.server.port = 39138 (custom)
2019-09-24 16:37:40,184 INFO  server.RaftServerConfigKeys (ConfUtils.java:logGet(43)) - raft.server.storage.dir = [/workdir/ratis-test/target/test/data/b2c0a8be/MiniRaftClusterWithNetty1f9c6c63/s1] (custom)
2019-09-24 16:37:40,184 INFO  logging.LoggingHandler (AbstractInternalLogger.java:log(150)) - [id: 0x9d1dd9b0] REGISTERED
2019-09-24 16:37:40,184 INFO  logging.LoggingHandler (AbstractInternalLogger.java:log(150)) - [id: 0x9d1dd9b0] BIND: 0.0.0.0/0.0.0.0:39138
2019-09-24 16:37:40,184 INFO  impl.RaftServerProxy (RaftServerProxy.java:addNew(89)) - s1: addNew group-A1961C08437E:[s0:0.0.0.0:42189, s1:0.0.0.0:39138, s2:0.0.0.0:44435] returns group-A1961C08437E:java.util.concurrent.CompletableFuture@42613682[Not completed]
2019-09-24 16:37:40,185 INFO  logging.LoggingHandler (AbstractInternalLogger.java:log(150)) - [id: 0x9d1dd9b0, L:/0.0.0.0:39138] ACTIVE
2019-09-24 16:37:40,186 INFO  server.RaftServerConfigKeys (ConfUtils.java:logGet(43)) - raft.server.log.segment.size.max = 8MB (=8388608) (default)
2019-09-24 16:37:40,186 INFO  server.RaftServerConfigKeys (ConfUtils.java:logGet(43)) - raft.server.log.preallocated.size = 4MB (=4194304) (default)
2019-09-24 16:37:40,186 INFO  impl.RaftServerImpl (RaftServerImpl.java:<init>(95)) - s0: new RaftServerImpl for group-A1961C08437E:[s0:0.0.0.0:42189, s1:0.0.0.0:39138, s2:0.0.0.0:44435] with SimpleStateMachine4Testing:uninitialized
2019-09-24 16:37:40,187 INFO  server.RaftServerConfigKeys (ConfUtils.java:logGet(43)) - raft.server.log.write.buffer.size = 64KB (=65536) (default)
2019-09-24 16:37:40,187 INFO  impl.RaftServerImpl (RaftServerImpl.java:<init>(95)) - s1: new RaftServerImpl for group-A1961C08437E:[s0:0.0.0.0:42189, s1:0.0.0.0:39138, s2:0.0.0.0:44435] with SimpleStateMachine4Testing:uninitialized
2019-09-24 16:37:40,187 INFO  ratis.MiniRaftCluster (MiniRaftCluster.java:newRaftServer(330)) - newRaftServer: s2, group-A1961C08437E:[s0:0.0.0.0:42189, s1:0.0.0.0:39138, s2:0.0.0.0:44435], format? true
2019-09-24 16:37:40,188 TRACE util.FileUtils (FileUtils.java:deleteFully(88)) - deleteFully target/test/data/b2c0a8be/MiniRaftClusterWithNetty1f9c6c63/s2
2019-09-24 16:37:40,188 TRACE util.FileUtils (FileUtils.java:deleteFully(104)) - deleteFully: target/test/data/b2c0a8be/MiniRaftClusterWithNetty1f9c6c63/s2 does not exist.
2019-09-24 16:37:40,188 INFO  ratis.MiniRaftCluster (MiniRaftCluster.java:newRaftServer(335)) - Formatted directory target/test/data/b2c0a8be/MiniRaftClusterWithNetty1f9c6c63/s2
2019-09-24 16:37:40,189 INFO  impl.RaftServerProxy (ConfUtils.java:logGet(43)) - raft.rpc.type = NETTY (custom)
2019-09-24 16:37:40,192 INFO  netty.NettyConfigKeys$Server (ConfUtils.java:logGet(43)) - raft.netty.server.port = 44435 (custom)
2019-09-24 16:37:40,193 INFO  logging.LoggingHandler (AbstractInternalLogger.java:log(150)) - [id: 0x86edeaae] REGISTERED
2019-09-24 16:37:40,193 INFO  server.RaftServerConfigKeys (ConfUtils.java:logGet(43)) - raft.server.storage.dir = [/workdir/ratis-test/target/test/data/b2c0a8be/MiniRaftClusterWithNetty1f9c6c63/s2] (custom)
2019-09-24 16:37:40,193 INFO  logging.LoggingHandler (AbstractInternalLogger.java:log(150)) - [id: 0x86edeaae] BIND: 0.0.0.0/0.0.0.0:44435
2019-09-24 16:37:40,194 INFO  impl.RaftServerProxy (RaftServerProxy.java:addNew(89)) - s2: addNew group-A1961C08437E:[s0:0.0.0.0:42189, s1:0.0.0.0:39138, s2:0.0.0.0:44435] returns group-A1961C08437E:java.util.concurrent.CompletableFuture@3df6d33a[Not completed]
2019-09-24 16:37:40,194 INFO  logging.LoggingHandler (AbstractInternalLogger.java:log(150)) - [id: 0x86edeaae, L:/0.0.0.0:44435] ACTIVE
2019-09-24 16:37:40,195 INFO  server.RaftServerConfigKeys (ConfUtils.java:logGet(43)) - raft.server.log.segment.size.max = 8MB (=8388608) (default)
2019-09-24 16:37:40,195 INFO  server.RaftServerConfigKeys (ConfUtils.java:logGet(43)) - raft.server.rpc.timeout.min = 150ms (default)
2019-09-24 16:37:40,195 INFO  server.RaftServerConfigKeys (ConfUtils.java:logGet(43)) - raft.server.rpc.timeout.min = 150ms (default)
2019-09-24 16:37:40,196 INFO  server.RaftServerConfigKeys (ConfUtils.java:logGet(43)) - raft.server.log.preallocated.size = 4MB (=4194304) (default)
2019-09-24 16:37:40,196 INFO  server.RaftServerConfigKeys (ConfUtils.java:logGet(43)) - raft.server.log.write.buffer.size = 64KB (=65536) (default)
2019-09-24 16:37:40,196 INFO  server.RaftServerConfigKeys (ConfUtils.java:logGet(43)) - raft.server.rpc.timeout.max = 300ms (default)
2019-09-24 16:37:40,196 INFO  server.RaftServerConfigKeys (ConfUtils.java:logGet(43)) - raft.server.rpc.timeout.max = 300ms (default)
2019-09-24 16:37:40,197 INFO  server.RaftServerConfigKeys (ConfUtils.java:logGet(43)) - raft.server.rpcslowness.timeout = 60s (default)
2019-09-24 16:37:40,197 INFO  impl.RaftServerImpl (RaftServerImpl.java:<init>(95)) - s2: new RaftServerImpl for group-A1961C08437E:[s0:0.0.0.0:42189, s1:0.0.0.0:39138, s2:0.0.0.0:44435] with SimpleStateMachine4Testing:uninitialized
2019-09-24 16:37:40,197 INFO  server.RaftServerConfigKeys (ConfUtils.java:logGet(43)) - raft.server.rpcslowness.timeout = 60s (default)
2019-09-24 16:37:40,197 INFO  server.RaftServerConfigKeys (ConfUtils.java:logGet(43)) - raft.server.rpc.timeout.min = 150ms (default)
2019-09-24 16:37:40,198 INFO  server.RaftServerConfigKeys (ConfUtils.java:logGet(43)) - raft.server.rpc.timeout.max = 300ms (default)
2019-09-24 16:37:40,198 INFO  server.RaftServerConfigKeys (ConfUtils.java:logGet(43)) - raft.server.sleep.deviation.threshold = 300 (default)
2019-09-24 16:37:40,198 INFO  server.RaftServerConfigKeys (ConfUtils.java:logGet(43)) - raft.server.rpcslowness.timeout = 60s (default)
2019-09-24 16:37:40,198 INFO  server.RaftServerConfigKeys (ConfUtils.java:logGet(43)) - raft.server.sleep.deviation.threshold = 300 (default)
2019-09-24 16:37:40,199 INFO  server.RaftServerConfigKeys (ConfUtils.java:logGet(43)) - raft.server.sleep.deviation.threshold = 300 (default)
2019-09-24 16:37:40,199 INFO  server.RaftServerConfigKeys (ConfUtils.java:logGet(43)) - raft.server.log.appender.install.snapshot.enabled = true (default)
2019-09-24 16:37:40,199 INFO  server.RaftServerConfigKeys (ConfUtils.java:logGet(43)) - raft.server.log.appender.install.snapshot.enabled = true (default)
2019-09-24 16:37:40,199 INFO  server.RaftServerConfigKeys (ConfUtils.java:logGet(43)) - raft.server.log.appender.install.snapshot.enabled = true (default)
2019-09-24 16:37:40,207 INFO  impl.RaftServerImpl (ServerState.java:<init>(103)) - s0@group-A1961C08437E: ConfigurationManager, init=-1: [s0:0.0.0.0:42189, s1:0.0.0.0:39138, s2:0.0.0.0:44435], old=null, confs=<EMPTY_MAP>
2019-09-24 16:37:40,207 INFO  impl.RaftServerImpl (ServerState.java:<init>(103)) - s2@group-A1961C08437E: ConfigurationManager, init=-1: [s0:0.0.0.0:42189, s1:0.0.0.0:39138, s2:0.0.0.0:44435], old=null, confs=<EMPTY_MAP>
2019-09-24 16:37:40,207 INFO  impl.RaftServerImpl (ServerState.java:<init>(103)) - s1@group-A1961C08437E: ConfigurationManager, init=-1: [s0:0.0.0.0:42189, s1:0.0.0.0:39138, s2:0.0.0.0:44435], old=null, confs=<EMPTY_MAP>
2019-09-24 16:37:40,208 INFO  server.RaftServerConfigKeys (ConfUtils.java:logGet(43)) - raft.server.storage.dir = [/workdir/ratis-test/target/test/data/b2c0a8be/MiniRaftClusterWithNetty1f9c6c63/s0] (custom)
2019-09-24 16:37:40,208 INFO  server.RaftServerConfigKeys (ConfUtils.java:logGet(43)) - raft.server.storage.dir = [/workdir/ratis-test/target/test/data/b2c0a8be/MiniRaftClusterWithNetty1f9c6c63/s2] (custom)
2019-09-24 16:37:40,208 INFO  server.RaftServerConfigKeys (ConfUtils.java:logGet(43)) - raft.server.storage.dir = [/workdir/ratis-test/target/test/data/b2c0a8be/MiniRaftClusterWithNetty1f9c6c63/s1] (custom)
2019-09-24 16:37:40,219 INFO  server.RaftServerConfigKeys (ConfUtils.java:logGet(43)) - raft.server.log.corruption.policy = EXCEPTION (default)
2019-09-24 16:37:40,219 INFO  server.RaftServerConfigKeys (ConfUtils.java:logGet(43)) - raft.server.log.corruption.policy = EXCEPTION (default)
2019-09-24 16:37:40,219 INFO  server.RaftServerConfigKeys (ConfUtils.java:logGet(43)) - raft.server.log.corruption.policy = EXCEPTION (default)
2019-09-24 16:37:40,221 INFO  storage.RaftStorageDirectory (RaftStorageDirectory.java:analyzeStorage(246)) - The storage directory /workdir/ratis-test/target/test/data/b2c0a8be/MiniRaftClusterWithNetty1f9c6c63/s1/7b03d609-5326-4b0a-b2d2-a1961c08437e does not exist. Creating ...
2019-09-24 16:37:40,221 INFO  storage.RaftStorageDirectory (RaftStorageDirectory.java:analyzeStorage(246)) - The storage directory /workdir/ratis-test/target/test/data/b2c0a8be/MiniRaftClusterWithNetty1f9c6c63/s2/7b03d609-5326-4b0a-b2d2-a1961c08437e does not exist. Creating ...
2019-09-24 16:37:40,221 INFO  storage.RaftStorageDirectory (RaftStorageDirectory.java:analyzeStorage(246)) - The storage directory /workdir/ratis-test/target/test/data/b2c0a8be/MiniRaftClusterWithNetty1f9c6c63/s0/7b03d609-5326-4b0a-b2d2-a1961c08437e does not exist. Creating ...
2019-09-24 16:37:40,224 TRACE util.FileUtils (LogUtils.java:runAndLog(61)) - Successfully ran Files.createDirectories /workdir/ratis-test/target/test/data/b2c0a8be/MiniRaftClusterWithNetty1f9c6c63/s1/7b03d609-5326-4b0a-b2d2-a1961c08437e
2019-09-24 16:37:40,225 TRACE util.FileUtils (LogUtils.java:runAndLog(61)) - Successfully ran Files.createDirectories /workdir/ratis-test/target/test/data/b2c0a8be/MiniRaftClusterWithNetty1f9c6c63/s2/7b03d609-5326-4b0a-b2d2-a1961c08437e
2019-09-24 16:37:40,225 TRACE util.FileUtils (LogUtils.java:runAndLog(61)) - Successfully ran Files.createDirectories /workdir/ratis-test/target/test/data/b2c0a8be/MiniRaftClusterWithNetty1f9c6c63/s0/7b03d609-5326-4b0a-b2d2-a1961c08437e
2019-09-24 16:37:40,283 INFO  storage.RaftStorageDirectory (RaftStorageDirectory.java:tryLock(328)) - Lock on /workdir/ratis-test/target/test/data/b2c0a8be/MiniRaftClusterWithNetty1f9c6c63/s0/7b03d609-5326-4b0a-b2d2-a1961c08437e/in_use.lock acquired by nodename 10645@ratis-test-vphbd-3564017154
2019-09-24 16:37:40,283 INFO  storage.RaftStorageDirectory (RaftStorageDirectory.java:tryLock(328)) - Lock on /workdir/ratis-test/target/test/data/b2c0a8be/MiniRaftClusterWithNetty1f9c6c63/s2/7b03d609-5326-4b0a-b2d2-a1961c08437e/in_use.lock acquired by nodename 10645@ratis-test-vphbd-3564017154
2019-09-24 16:37:40,283 INFO  storage.RaftStorageDirectory (RaftStorageDirectory.java:tryLock(328)) - Lock on /workdir/ratis-test/target/test/data/b2c0a8be/MiniRaftClusterWithNetty1f9c6c63/s1/7b03d609-5326-4b0a-b2d2-a1961c08437e/in_use.lock acquired by nodename 10645@ratis-test-vphbd-3564017154
2019-09-24 16:37:40,284 TRACE util.FileUtils (LogUtils.java:runAndLog(61)) - Successfully ran Files.createDirectories /workdir/ratis-test/target/test/data/b2c0a8be/MiniRaftClusterWithNetty1f9c6c63/s0/7b03d609-5326-4b0a-b2d2-a1961c08437e/current
2019-09-24 16:37:40,284 TRACE util.FileUtils (LogUtils.java:runAndLog(61)) - Successfully ran Files.createDirectories /workdir/ratis-test/target/test/data/b2c0a8be/MiniRaftClusterWithNetty1f9c6c63/s1/7b03d609-5326-4b0a-b2d2-a1961c08437e/current
2019-09-24 16:37:40,284 TRACE util.FileUtils (LogUtils.java:runAndLog(61)) - Successfully ran Files.createDirectories /workdir/ratis-test/target/test/data/b2c0a8be/MiniRaftClusterWithNetty1f9c6c63/s2/7b03d609-5326-4b0a-b2d2-a1961c08437e/current
2019-09-24 16:37:40,285 TRACE util.FileUtils (LogUtils.java:runAndLog(61)) - Successfully ran Files.createDirectories /workdir/ratis-test/target/test/data/b2c0a8be/MiniRaftClusterWithNetty1f9c6c63/s1/7b03d609-5326-4b0a-b2d2-a1961c08437e/sm
2019-09-24 16:37:40,285 TRACE util.FileUtils (LogUtils.java:runAndLog(61)) - Successfully ran Files.createDirectories /workdir/ratis-test/target/test/data/b2c0a8be/MiniRaftClusterWithNetty1f9c6c63/s0/7b03d609-5326-4b0a-b2d2-a1961c08437e/sm
2019-09-24 16:37:40,285 TRACE util.FileUtils (LogUtils.java:runAndLog(61)) - Successfully ran Files.createDirectories /workdir/ratis-test/target/test/data/b2c0a8be/MiniRaftClusterWithNetty1f9c6c63/s2/7b03d609-5326-4b0a-b2d2-a1961c08437e/sm
2019-09-24 16:37:40,312 INFO  storage.RaftStorage (RaftStorage.java:format(84)) - Storage directory /workdir/ratis-test/target/test/data/b2c0a8be/MiniRaftClusterWithNetty1f9c6c63/s0/7b03d609-5326-4b0a-b2d2-a1961c08437e has been successfully formatted.
2019-09-24 16:37:40,312 INFO  storage.RaftStorage (RaftStorage.java:format(84)) - Storage directory /workdir/ratis-test/target/test/data/b2c0a8be/MiniRaftClusterWithNetty1f9c6c63/s2/7b03d609-5326-4b0a-b2d2-a1961c08437e has been successfully formatted.
2019-09-24 16:37:40,312 INFO  storage.RaftStorage (RaftStorage.java:format(84)) - Storage directory /workdir/ratis-test/target/test/data/b2c0a8be/MiniRaftClusterWithNetty1f9c6c63/s1/7b03d609-5326-4b0a-b2d2-a1961c08437e has been successfully formatted.
2019-09-24 16:37:40,314 INFO  statemachine.SimpleStateMachine4Testing (SimpleStateMachine4Testing.java:initialize(206)) - Initializing SimpleStateMachine4Testing:uninitialized
2019-09-24 16:37:40,314 INFO  statemachine.SimpleStateMachine4Testing (SimpleStateMachine4Testing.java:initialize(206)) - Initializing SimpleStateMachine4Testing:uninitialized
2019-09-24 16:37:40,314 INFO  statemachine.SimpleStateMachine4Testing (SimpleStateMachine4Testing.java:initialize(206)) - Initializing SimpleStateMachine4Testing:uninitialized
2019-09-24 16:37:40,320 INFO  statemachine.SimpleStateMachine4Testing (SimpleStateMachine4Testing.java:loadSnapshot(296)) - The snapshot file null does not exist
2019-09-24 16:37:40,320 INFO  statemachine.SimpleStateMachine4Testing (SimpleStateMachine4Testing.java:loadSnapshot(296)) - The snapshot file null does not exist
2019-09-24 16:37:40,320 INFO  statemachine.SimpleStateMachine4Testing (SimpleStateMachine4Testing.java:loadSnapshot(296)) - The snapshot file null does not exist
2019-09-24 16:37:40,321 INFO  server.RaftServerConfigKeys (ConfUtils.java:logGet(43)) - raft.server.notification.no-leader.timeout = 60s (default)
2019-09-24 16:37:40,321 INFO  server.RaftServerConfigKeys (ConfUtils.java:logGet(43)) - raft.server.notification.no-leader.timeout = 60s (default)
2019-09-24 16:37:40,321 INFO  server.RaftServerConfigKeys (ConfUtils.java:logGet(43)) - raft.server.notification.no-leader.timeout = 60s (default)
2019-09-24 16:37:40,326 INFO  server.RaftServerConfigKeys (ConfUtils.java:logGet(43)) - raft.server.log.use.memory = false (default)
2019-09-24 16:37:40,326 INFO  server.RaftServerConfigKeys (ConfUtils.java:logGet(43)) - raft.server.log.use.memory = false (default)
2019-09-24 16:37:40,326 INFO  server.RaftServerConfigKeys (ConfUtils.java:logGet(43)) - raft.server.log.use.memory = false (default)
2019-09-24 16:37:40,334 INFO  server.RaftServerConfigKeys (ConfUtils.java:logGet(43)) - raft.server.log.purge.gap = 1024 (default)
2019-09-24 16:37:40,334 INFO  server.RaftServerConfigKeys (ConfUtils.java:logGet(43)) - raft.server.log.purge.gap = 1024 (default)
2019-09-24 16:37:40,334 INFO  server.RaftServerConfigKeys (ConfUtils.java:logGet(43)) - raft.server.log.purge.gap = 1024 (default)
2019-09-24 16:37:40,335 INFO  server.RaftServerConfigKeys (ConfUtils.java:logGet(43)) - raft.server.log.appender.buffer.byte-limit = 8KB (=8192) (custom)
2019-09-24 16:37:40,335 INFO  server.RaftServerConfigKeys (ConfUtils.java:logGet(43)) - raft.server.log.appender.buffer.byte-limit = 8KB (=8192) (custom)
2019-09-24 16:37:40,335 INFO  server.RaftServerConfigKeys (ConfUtils.java:logGet(43)) - raft.server.log.appender.buffer.byte-limit = 8KB (=8192) (custom)
2019-09-24 16:37:40,337 INFO  server.RaftServerConfigKeys (ConfUtils.java:logGet(43)) - raft.server.log.segment.size.max = 8KB (=8192) (custom)
2019-09-24 16:37:40,337 INFO  server.RaftServerConfigKeys (ConfUtils.java:logGet(43)) - raft.server.log.segment.size.max = 8KB (=8192) (custom)
2019-09-24 16:37:40,337 INFO  server.RaftServerConfigKeys (ConfUtils.java:logGet(43)) - raft.server.log.segment.size.max = 8KB (=8192) (custom)
2019-09-24 16:37:40,343 INFO  server.RaftServerConfigKeys (ConfUtils.java:logGet(43)) - raft.server.log.segment.cache.num.max = 6 (default)
2019-09-24 16:37:40,343 INFO  server.RaftServerConfigKeys (ConfUtils.java:logGet(43)) - raft.server.log.segment.cache.num.max = 6 (default)
2019-09-24 16:37:40,343 INFO  server.RaftServerConfigKeys (ConfUtils.java:logGet(43)) - raft.server.log.segment.cache.num.max = 6 (default)
2019-09-24 16:37:40,350 INFO  segmented.SegmentedRaftLogWorker (SegmentedRaftLogWorker.java:<init>(172)) - new s1@group-A1961C08437E-SegmentedRaftLogWorker for RaftStorage:Storage Directory /workdir/ratis-test/target/test/data/b2c0a8be/MiniRaftClusterWithNetty1f9c6c63/s1/7b03d609-5326-4b0a-b2d2-a1961c08437e
2019-09-24 16:37:40,350 INFO  segmented.SegmentedRaftLogWorker (SegmentedRaftLogWorker.java:<init>(172)) - new s2@group-A1961C08437E-SegmentedRaftLogWorker for RaftStorage:Storage Directory /workdir/ratis-test/target/test/data/b2c0a8be/MiniRaftClusterWithNetty1f9c6c63/s2/7b03d609-5326-4b0a-b2d2-a1961c08437e
2019-09-24 16:37:40,350 INFO  segmented.SegmentedRaftLogWorker (SegmentedRaftLogWorker.java:<init>(172)) - new s0@group-A1961C08437E-SegmentedRaftLogWorker for RaftStorage:Storage Directory /workdir/ratis-test/target/test/data/b2c0a8be/MiniRaftClusterWithNetty1f9c6c63/s0/7b03d609-5326-4b0a-b2d2-a1961c08437e
2019-09-24 16:37:40,443 WARN  impl.MetricsConfig (MetricsConfig.java:loadFirst(124)) - Cannot locate configuration: tried hadoop-metrics2-ratis.properties,hadoop-metrics2.properties
2019-09-24 16:37:40,541 INFO  impl.MetricsSystemImpl (MetricsSystemImpl.java:startTimer(376)) - Scheduled snapshot period at 10 second(s).
2019-09-24 16:37:40,541 INFO  impl.MetricsSystemImpl (MetricsSystemImpl.java:start(191)) - ratis metrics system started
2019-09-24 16:37:40,547 INFO  metrics.MetricRegistries (MetricRegistriesLoader.java:load(64)) - Loaded MetricRegistries class org.apache.ratis.metrics.impl.MetricRegistriesImpl
2019-09-24 16:37:40,584 INFO  server.RaftServerConfigKeys (ConfUtils.java:logGet(43)) - raft.server.log.queue.byte-limit = 64MB (=67108864) (default)
2019-09-24 16:37:40,585 INFO  server.RaftServerConfigKeys (ConfUtils.java:logGet(43)) - raft.server.log.queue.element-limit = 4096 (default)
2019-09-24 16:37:40,586 INFO  server.RaftServerConfigKeys (ConfUtils.java:logGet(43)) - raft.server.log.queue.byte-limit = 64MB (=67108864) (default)
2019-09-24 16:37:40,586 INFO  server.RaftServerConfigKeys (ConfUtils.java:logGet(43)) - raft.server.log.queue.byte-limit = 64MB (=67108864) (default)
2019-09-24 16:37:40,586 INFO  server.RaftServerConfigKeys (ConfUtils.java:logGet(43)) - raft.server.log.queue.element-limit = 4096 (default)
2019-09-24 16:37:40,586 INFO  server.RaftServerConfigKeys (ConfUtils.java:logGet(43)) - raft.server.log.queue.element-limit = 4096 (default)
2019-09-24 16:37:40,588 INFO  server.RaftServerConfigKeys (ConfUtils.java:logGet(43)) - raft.server.log.segment.size.max = 8KB (=8192) (custom)
2019-09-24 16:37:40,588 INFO  server.RaftServerConfigKeys (ConfUtils.java:logGet(43)) - raft.server.log.segment.size.max = 8KB (=8192) (custom)
2019-09-24 16:37:40,588 INFO  server.RaftServerConfigKeys (ConfUtils.java:logGet(43)) - raft.server.log.segment.size.max = 8KB (=8192) (custom)
2019-09-24 16:37:40,588 INFO  server.RaftServerConfigKeys (ConfUtils.java:logGet(43)) - raft.server.log.preallocated.size = 4MB (=4194304) (default)
2019-09-24 16:37:40,588 INFO  server.RaftServerConfigKeys (ConfUtils.java:logGet(43)) - raft.server.log.preallocated.size = 4MB (=4194304) (default)
2019-09-24 16:37:40,588 INFO  server.RaftServerConfigKeys (ConfUtils.java:logGet(43)) - raft.server.log.write.buffer.size = 64KB (=65536) (default)
2019-09-24 16:37:40,588 INFO  server.RaftServerConfigKeys (ConfUtils.java:logGet(43)) - raft.server.log.preallocated.size = 4MB (=4194304) (default)
2019-09-24 16:37:40,589 INFO  server.RaftServerConfigKeys (ConfUtils.java:logGet(43)) - raft.server.log.write.buffer.size = 64KB (=65536) (default)
2019-09-24 16:37:40,589 INFO  server.RaftServerConfigKeys (ConfUtils.java:logGet(43)) - raft.server.log.write.buffer.size = 64KB (=65536) (default)
2019-09-24 16:37:40,589 INFO  server.RaftServerConfigKeys (ConfUtils.java:logGet(43)) - raft.server.log.force.sync.num = 128 (default)
2019-09-24 16:37:40,589 INFO  server.RaftServerConfigKeys (ConfUtils.java:logGet(43)) - raft.server.log.force.sync.num = 128 (default)
2019-09-24 16:37:40,590 INFO  server.RaftServerConfigKeys (ConfUtils.java:logGet(43)) - raft.server.log.force.sync.num = 128 (default)
2019-09-24 16:37:40,591 INFO  server.RaftServerConfigKeys (ConfUtils.java:logGet(43)) - raft.server.log.statemachine.data.sync = true (default)
2019-09-24 16:37:40,591 INFO  server.RaftServerConfigKeys (ConfUtils.java:logGet(43)) - raft.server.log.statemachine.data.sync = true (default)
2019-09-24 16:37:40,591 INFO  server.RaftServerConfigKeys (ConfUtils.java:logGet(43)) - raft.server.log.statemachine.data.sync.timeout = 10s (default)
2019-09-24 16:37:40,591 INFO  server.RaftServerConfigKeys (ConfUtils.java:logGet(43)) - raft.server.log.statemachine.data.sync = true (default)
2019-09-24 16:37:40,591 INFO  server.RaftServerConfigKeys (ConfUtils.java:logGet(43)) - raft.server.log.statemachine.data.sync.timeout = 10s (default)
2019-09-24 16:37:40,592 INFO  server.RaftServerConfigKeys (ConfUtils.java:logGet(43)) - raft.server.log.statemachine.data.sync.timeout = 10s (default)
2019-09-24 16:37:40,592 INFO  server.RaftServerConfigKeys (ConfUtils.java:logGet(43)) - raft.server.log.statemachine.data.sync.timeout.retry = -1 (default)
2019-09-24 16:37:40,592 INFO  server.RaftServerConfigKeys (ConfUtils.java:logGet(43)) - raft.server.log.statemachine.data.sync.timeout.retry = -1 (default)
2019-09-24 16:37:40,592 INFO  server.RaftServerConfigKeys (ConfUtils.java:logGet(43)) - raft.server.log.statemachine.data.sync.timeout.retry = -1 (default)
2019-09-24 16:37:40,607 INFO  server.RaftServerConfigKeys (ConfUtils.java:logGet(43)) - raft.server.log.statemachine.data.caching.enabled = false (default)
2019-09-24 16:37:40,607 INFO  server.RaftServerConfigKeys (ConfUtils.java:logGet(43)) - raft.server.log.statemachine.data.caching.enabled = false (default)
2019-09-24 16:37:40,607 INFO  server.RaftServerConfigKeys (ConfUtils.java:logGet(43)) - raft.server.log.statemachine.data.caching.enabled = false (default)
2019-09-24 16:37:40,612 INFO  segmented.SegmentedRaftLogWorker (SegmentedRaftLogWorker.java:lambda$new$0(132)) - s0@group-A1961C08437E-SegmentedRaftLogWorker: flushIndex: setUnconditionally 0 -> -1
2019-09-24 16:37:40,612 INFO  segmented.SegmentedRaftLogWorker (SegmentedRaftLogWorker.java:lambda$new$0(132)) - s2@group-A1961C08437E-SegmentedRaftLogWorker: flushIndex: setUnconditionally 0 -> -1
2019-09-24 16:37:40,612 INFO  segmented.SegmentedRaftLogWorker (SegmentedRaftLogWorker.java:lambda$new$0(132)) - s1@group-A1961C08437E-SegmentedRaftLogWorker: flushIndex: setUnconditionally 0 -> -1
2019-09-24 16:37:40,618 INFO  server.RaftServerConfigKeys (ConfUtils.java:logGet(43)) - raft.server.snapshot.auto.trigger.enabled = false (default)
2019-09-24 16:37:40,618 INFO  server.RaftServerConfigKeys (ConfUtils.java:logGet(43)) - raft.server.snapshot.auto.trigger.enabled = false (default)
2019-09-24 16:37:40,618 INFO  server.RaftServerConfigKeys (ConfUtils.java:logGet(43)) - raft.server.snapshot.auto.trigger.enabled = false (default)
2019-09-24 16:37:40,619 INFO  server.RaftServerConfigKeys (ConfUtils.java:logGet(43)) - raft.server.snapshot.retention.file.num = -1 (default)
2019-09-24 16:37:40,619 INFO  server.RaftServerConfigKeys (ConfUtils.java:logGet(43)) - raft.server.snapshot.retention.file.num = -1 (default)
2019-09-24 16:37:40,619 INFO  server.RaftServerConfigKeys (ConfUtils.java:logGet(43)) - raft.server.snapshot.retention.file.num = -1 (default)
2019-09-24 16:37:40,620 INFO  server.RaftServerConfigKeys (ConfUtils.java:logGet(43)) - raft.server.retrycache.expirytime = 60s (default)
2019-09-24 16:37:40,620 INFO  server.RaftServerConfigKeys (ConfUtils.java:logGet(43)) - raft.server.retrycache.expirytime = 60s (default)
2019-09-24 16:37:40,620 INFO  server.RaftServerConfigKeys (ConfUtils.java:logGet(43)) - raft.server.retrycache.expirytime = 60s (default)
2019-09-24 16:37:40,650 INFO  impl.RaftServerImpl (RaftServerImpl.java:start(181)) - s0@group-A1961C08437E: start as a follower, conf=-1: [s0:0.0.0.0:42189, s1:0.0.0.0:39138, s2:0.0.0.0:44435], old=null
2019-09-24 16:37:40,652 INFO  impl.RaftServerImpl (RaftServerImpl.java:setRole(170)) - s0@group-A1961C08437E: changes role from      null to FOLLOWER at term 0 for startAsFollower
2019-09-24 16:37:40,654 INFO  impl.RoleInfo (RoleInfo.java:updateAndGet(143)) - s0: start FollowerState
2019-09-24 16:37:40,657 INFO  util.JmxRegister (JmxRegister.java:tryRegister(44)) - Successfully registered JMX Bean with object name Ratis:service=RaftServer,group=group-A1961C08437E,id=s0
2019-09-24 16:37:40,668 INFO  impl.RaftServerProxy (RaftServerProxy.java:lambda$start$3(299)) - s0: start RPC server
2019-09-24 16:37:40,669 INFO  impl.RaftServerImpl (RaftServerImpl.java:start(181)) - s1@group-A1961C08437E: start as a follower, conf=-1: [s0:0.0.0.0:42189, s1:0.0.0.0:39138, s2:0.0.0.0:44435], old=null
2019-09-24 16:37:40,669 INFO  impl.RaftServerImpl (RaftServerImpl.java:setRole(170)) - s1@group-A1961C08437E: changes role from      null to FOLLOWER at term 0 for startAsFollower
2019-09-24 16:37:40,670 INFO  impl.RoleInfo (RoleInfo.java:updateAndGet(143)) - s1: start FollowerState
2019-09-24 16:37:40,670 INFO  util.JmxRegister (JmxRegister.java:tryRegister(44)) - Successfully registered JMX Bean with object name Ratis:service=RaftServer,group=group-A1961C08437E,id=s1
2019-09-24 16:37:40,677 INFO  impl.RaftServerProxy (RaftServerProxy.java:lambda$start$3(299)) - s1: start RPC server
2019-09-24 16:37:40,677 INFO  impl.RaftServerImpl (RaftServerImpl.java:start(181)) - s2@group-A1961C08437E: start as a follower, conf=-1: [s0:0.0.0.0:42189, s1:0.0.0.0:39138, s2:0.0.0.0:44435], old=null
2019-09-24 16:37:40,678 INFO  impl.RaftServerImpl (RaftServerImpl.java:setRole(170)) - s2@group-A1961C08437E: changes role from      null to FOLLOWER at term 0 for startAsFollower
2019-09-24 16:37:40,678 INFO  impl.RoleInfo (RoleInfo.java:updateAndGet(143)) - s2: start FollowerState
2019-09-24 16:37:40,679 INFO  util.JmxRegister (JmxRegister.java:tryRegister(44)) - Successfully registered JMX Bean with object name Ratis:service=RaftServer,group=group-A1961C08437E,id=s2
2019-09-24 16:37:40,684 INFO  impl.RaftServerProxy (RaftServerProxy.java:lambda$start$3(299)) - s2: start RPC server
2019-09-24 16:37:40,688 INFO  server.RaftServerConfigKeys (ConfUtils.java:logGet(43)) - raft.server.rpc.timeout.max = 300ms (default)
2019-09-24 16:37:40,692 INFO  ratis.RaftTestUtil (RaftTestUtil.java:waitForLeader(86)) - printing ALL groups
  s0:  RUNNING  FOLLOWER s0@group-A1961C08437E:t0, leader=null, voted=null, raftlog=s0@group-A1961C08437E-SegmentedRaftLog:OPENED:c-1,f-1,i0, conf=-1: [s0:0.0.0.0:42189, s1:0.0.0.0:39138, s2:0.0.0.0:44435], old=null RUNNING
  s1:  RUNNING  FOLLOWER s1@group-A1961C08437E:t0, leader=null, voted=null, raftlog=s1@group-A1961C08437E-SegmentedRaftLog:OPENED:c-1,f-1,i0, conf=-1: [s0:0.0.0.0:42189, s1:0.0.0.0:39138, s2:0.0.0.0:44435], old=null RUNNING
  s2:  RUNNING  FOLLOWER s2@group-A1961C08437E:t0, leader=null, voted=null, raftlog=s2@group-A1961C08437E-SegmentedRaftLog:OPENED:c-1,f-1,i0, conf=-1: [s0:0.0.0.0:42189, s1:0.0.0.0:39138, s2:0.0.0.0:44435], old=null RUNNING
2019-09-24 16:37:40,698 WARN  ratis.RaftTestUtil (JavaUtils.java:attempt(158)) - FAILED "waitForLeader-null-(expectLeader? true)", attempt #1/100: java.lang.IllegalStateException: No leader yet : printing ALL groups
  s0:  RUNNING  FOLLOWER s0@group-A1961C08437E:t0, leader=null, voted=null, raftlog=s0@group-A1961C08437E-SegmentedRaftLog:OPENED:c-1,f-1,i0, conf=-1: [s0:0.0.0.0:42189, s1:0.0.0.0:39138, s2:0.0.0.0:44435], old=null RUNNING
  s1:  RUNNING  FOLLOWER s1@group-A1961C08437E:t0, leader=null, voted=null, raftlog=s1@group-A1961C08437E-SegmentedRaftLog:OPENED:c-1,f-1,i0, conf=-1: [s0:0.0.0.0:42189, s1:0.0.0.0:39138, s2:0.0.0.0:44435], old=null RUNNING
  s2:  RUNNING  FOLLOWER s2@group-A1961C08437E:t0, leader=null, voted=null, raftlog=s2@group-A1961C08437E-SegmentedRaftLog:OPENED:c-1,f-1,i0, conf=-1: [s0:0.0.0.0:42189, s1:0.0.0.0:39138, s2:0.0.0.0:44435], old=null RUNNING, sleep 450ms and then retry.
java.lang.IllegalStateException: No leader yet : printing ALL groups
  s0:  RUNNING  FOLLOWER s0@group-A1961C08437E:t0, leader=null, voted=null, raftlog=s0@group-A1961C08437E-SegmentedRaftLog:OPENED:c-1,f-1,i0, conf=-1: [s0:0.0.0.0:42189, s1:0.0.0.0:39138, s2:0.0.0.0:44435], old=null RUNNING
  s1:  RUNNING  FOLLOWER s1@group-A1961C08437E:t0, leader=null, voted=null, raftlog=s1@group-A1961C08437E-SegmentedRaftLog:OPENED:c-1,f-1,i0, conf=-1: [s0:0.0.0.0:42189, s1:0.0.0.0:39138, s2:0.0.0.0:44435], old=null RUNNING
  s2:  RUNNING  FOLLOWER s2@group-A1961C08437E:t0, leader=null, voted=null, raftlog=s2@group-A1961C08437E-SegmentedRaftLog:OPENED:c-1,f-1,i0, conf=-1: [s0:0.0.0.0:42189, s1:0.0.0.0:39138, s2:0.0.0.0:44435], old=null RUNNING
	at org.apache.ratis.MiniRaftCluster.newIllegalStateExceptionForNoLeaders(MiniRaftCluster.java:506)
	at org.apache.ratis.RaftTestUtil.lambda$waitForLeader$1(RaftTestUtil.java:90)
	at org.apache.ratis.MiniRaftCluster.getLeader(MiniRaftCluster.java:539)
	at org.apache.ratis.MiniRaftCluster.getLeader(MiniRaftCluster.java:532)
	at org.apache.ratis.RaftTestUtil.lambda$waitForLeader$3(RaftTestUtil.java:98)
	at org.apache.ratis.util.JavaUtils.attempt(JavaUtils.java:152)
	at org.apache.ratis.RaftTestUtil.waitForLeader(RaftTestUtil.java:97)
	at org.apache.ratis.RaftTestUtil.waitForLeader(RaftTestUtil.java:77)
	at org.apache.ratis.RaftTestUtil.waitForLeader(RaftTestUtil.java:72)
	at org.apache.ratis.LogAppenderTests.runTest(LogAppenderTests.java:171)
	at org.apache.ratis.MiniRaftCluster$Factory$Get.runWithNewCluster(MiniRaftCluster.java:125)
	at org.apache.ratis.MiniRaftCluster$Factory$Get.runWithNewCluster(MiniRaftCluster.java:113)
	at org.apache.ratis.LogAppenderTests.testSingleElementBuffer(LogAppenderTests.java:118)
	at sun.reflect.NativeMethodAccessorImpl.invoke0(Native Method)
	at sun.reflect.NativeMethodAccessorImpl.invoke(NativeMethodAccessorImpl.java:62)
	at sun.reflect.DelegatingMethodAccessorImpl.invoke(DelegatingMethodAccessorImpl.java:43)
	at java.lang.reflect.Method.invoke(Method.java:498)
	at org.junit.runners.model.FrameworkMethod$1.runReflectiveCall(FrameworkMethod.java:50)
	at org.junit.internal.runners.model.ReflectiveCallable.run(ReflectiveCallable.java:12)
	at org.junit.runners.model.FrameworkMethod.invokeExplosively(FrameworkMethod.java:47)
	at org.junit.internal.runners.statements.InvokeMethod.evaluate(InvokeMethod.java:17)
	at org.junit.internal.runners.statements.RunAfters.evaluate(RunAfters.java:27)
	at org.junit.internal.runners.statements.FailOnTimeout$CallableStatement.call(FailOnTimeout.java:298)
	at org.junit.internal.runners.statements.FailOnTimeout$CallableStatement.call(FailOnTimeout.java:292)
	at java.util.concurrent.FutureTask.run(FutureTask.java:266)
	at java.lang.Thread.run(Thread.java:748)
2019-09-24 16:37:40,836 INFO  impl.FollowerState (FollowerState.java:run(108)) - s0@group-A1961C08437E-FollowerState: change to CANDIDATE, lastRpcTime:182ms, electionTimeout:181ms
2019-09-24 16:37:40,839 INFO  impl.RoleInfo (RoleInfo.java:shutdownFollowerState(121)) - s0: shutdown FollowerState
2019-09-24 16:37:40,839 INFO  impl.RaftServerImpl (RaftServerImpl.java:setRole(170)) - s0@group-A1961C08437E: changes role from  FOLLOWER to CANDIDATE at term 0 for changeToCandidate
2019-09-24 16:37:40,842 INFO  impl.RoleInfo (RoleInfo.java:updateAndGet(143)) - s0: start LeaderElection
2019-09-24 16:37:40,851 INFO  impl.FollowerState (FollowerState.java:run(108)) - s1@group-A1961C08437E-FollowerState: change to CANDIDATE, lastRpcTime:181ms, electionTimeout:181ms
2019-09-24 16:37:40,852 INFO  impl.RoleInfo (RoleInfo.java:shutdownFollowerState(121)) - s1: shutdown FollowerState
2019-09-24 16:37:40,852 INFO  impl.RaftServerImpl (RaftServerImpl.java:setRole(170)) - s1@group-A1961C08437E: changes role from  FOLLOWER to CANDIDATE at term 0 for changeToCandidate
2019-09-24 16:37:40,852 INFO  impl.RoleInfo (RoleInfo.java:updateAndGet(143)) - s1: start LeaderElection
2019-09-24 16:37:40,871 INFO  impl.LeaderElection (LeaderElection.java:askForVotes(178)) - s1@group-A1961C08437E-LeaderElection2: begin an election at term 1 for -1: [s0:0.0.0.0:42189, s1:0.0.0.0:39138, s2:0.0.0.0:44435], old=null
2019-09-24 16:37:40,871 INFO  impl.LeaderElection (LeaderElection.java:askForVotes(178)) - s0@group-A1961C08437E-LeaderElection1: begin an election at term 1 for -1: [s0:0.0.0.0:42189, s1:0.0.0.0:39138, s2:0.0.0.0:44435], old=null
2019-09-24 16:37:40,902 INFO  impl.FollowerState (FollowerState.java:run(108)) - s2@group-A1961C08437E-FollowerState: change to CANDIDATE, lastRpcTime:223ms, electionTimeout:223ms
2019-09-24 16:37:40,902 INFO  impl.RoleInfo (RoleInfo.java:shutdownFollowerState(121)) - s2: shutdown FollowerState
2019-09-24 16:37:40,902 INFO  impl.RaftServerImpl (RaftServerImpl.java:setRole(170)) - s2@group-A1961C08437E: changes role from  FOLLOWER to CANDIDATE at term 0 for changeToCandidate
2019-09-24 16:37:40,903 INFO  impl.RoleInfo (RoleInfo.java:updateAndGet(143)) - s2: start LeaderElection
2019-09-24 16:37:40,931 INFO  impl.LeaderElection (LeaderElection.java:askForVotes(178)) - s2@group-A1961C08437E-LeaderElection3: begin an election at term 1 for -1: [s0:0.0.0.0:42189, s1:0.0.0.0:39138, s2:0.0.0.0:44435], old=null
2019-09-24 16:37:40,971 INFO  logging.LoggingHandler (AbstractInternalLogger.java:log(150)) - [id: 0x9d1dd9b0, L:/0.0.0.0:39138] READ: [id: 0xce81a930, L:/192.168.5.142:39138 - R:/192.168.5.142:56478]
2019-09-24 16:37:40,971 INFO  logging.LoggingHandler (AbstractInternalLogger.java:log(150)) - [id: 0x114ac16d, L:/0.0.0.0:42189] READ: [id: 0xd8a1f68a, L:/192.168.5.142:42189 - R:/192.168.5.142:45106]
2019-09-24 16:37:40,971 INFO  logging.LoggingHandler (AbstractInternalLogger.java:log(150)) - [id: 0x86edeaae, L:/0.0.0.0:44435] READ: [id: 0x6bf48b8c, L:/192.168.5.142:44435 - R:/192.168.5.142:33122]
2019-09-24 16:37:40,973 INFO  logging.LoggingHandler (AbstractInternalLogger.java:log(150)) - [id: 0x9d1dd9b0, L:/0.0.0.0:39138] READ COMPLETE
2019-09-24 16:37:40,973 INFO  logging.LoggingHandler (AbstractInternalLogger.java:log(150)) - [id: 0x86edeaae, L:/0.0.0.0:44435] READ COMPLETE
2019-09-24 16:37:40,973 INFO  logging.LoggingHandler (AbstractInternalLogger.java:log(150)) - [id: 0x114ac16d, L:/0.0.0.0:42189] READ COMPLETE
2019-09-24 16:37:40,973 INFO  logging.LoggingHandler (AbstractInternalLogger.java:log(150)) - [id: 0x86edeaae, L:/0.0.0.0:44435] READ: [id: 0x23d1cfcb, L:/192.168.5.142:44435 - R:/192.168.5.142:33123]
2019-09-24 16:37:40,973 INFO  logging.LoggingHandler (AbstractInternalLogger.java:log(150)) - [id: 0x9d1dd9b0, L:/0.0.0.0:39138] READ: [id: 0x067cf00c, L:/192.168.5.142:39138 - R:/192.168.5.142:56480]
2019-09-24 16:37:40,974 INFO  logging.LoggingHandler (AbstractInternalLogger.java:log(150)) - [id: 0x114ac16d, L:/0.0.0.0:42189] READ: [id: 0x52614332, L:/192.168.5.142:42189 - R:/192.168.5.142:45104]
2019-09-24 16:37:40,974 INFO  logging.LoggingHandler (AbstractInternalLogger.java:log(150)) - [id: 0x9d1dd9b0, L:/0.0.0.0:39138] READ COMPLETE
2019-09-24 16:37:40,974 INFO  logging.LoggingHandler (AbstractInternalLogger.java:log(150)) - [id: 0x86edeaae, L:/0.0.0.0:44435] READ COMPLETE
2019-09-24 16:37:40,974 INFO  logging.LoggingHandler (AbstractInternalLogger.java:log(150)) - [id: 0x114ac16d, L:/0.0.0.0:42189] READ COMPLETE
2019-09-24 16:37:41,141 INFO  impl.LeaderElection (LeaderElection.java:logAndReturn(56)) - s1@group-A1961C08437E-LeaderElection2: Election TIMEOUT; received 0 response(s) [] and 0 exception(s); s1@group-A1961C08437E:t1, leader=null, voted=s1, raftlog=s1@group-A1961C08437E-SegmentedRaftLog:OPENED:c-1,f-1,i0, conf=-1: [s0:0.0.0.0:42189, s1:0.0.0.0:39138, s2:0.0.0.0:44435], old=null
2019-09-24 16:37:41,151 WARN  ratis.RaftTestUtil (JavaUtils.java:attempt(158)) - FAILED "waitForLeader-null-(expectLeader? true)", attempt #2/100: java.lang.IllegalStateException: No leader yet : printing ALL groups
  s0:  RUNNING CANDIDATE s0@group-A1961C08437E:t1, leader=null, voted=s0, raftlog=s0@group-A1961C08437E-SegmentedRaftLog:OPENED:c-1,f-1,i0, conf=-1: [s0:0.0.0.0:42189, s1:0.0.0.0:39138, s2:0.0.0.0:44435], old=null RUNNING
  s1:  RUNNING CANDIDATE s1@group-A1961C08437E:t2, leader=null, voted=s1, raftlog=s1@group-A1961C08437E-SegmentedRaftLog:OPENED:c-1,f-1,i0, conf=-1: [s0:0.0.0.0:42189, s1:0.0.0.0:39138, s2:0.0.0.0:44435], old=null RUNNING
  s2:  RUNNING CANDIDATE s2@group-A1961C08437E:t1, leader=null, voted=s2, raftlog=s2@group-A1961C08437E-SegmentedRaftLog:OPENED:c-1,f-1,i0, conf=-1: [s0:0.0.0.0:42189, s1:0.0.0.0:39138, s2:0.0.0.0:44435], old=null RUNNING, sleep 450ms and then retry.
java.lang.IllegalStateException: No leader yet : printing ALL groups
  s0:  RUNNING CANDIDATE s0@group-A1961C08437E:t1, leader=null, voted=s0, raftlog=s0@group-A1961C08437E-SegmentedRaftLog:OPENED:c-1,f-1,i0, conf=-1: [s0:0.0.0.0:42189, s1:0.0.0.0:39138, s2:0.0.0.0:44435], old=null RUNNING
  s1:  RUNNING CANDIDATE s1@group-A1961C08437E:t2, leader=null, voted=s1, raftlog=s1@group-A1961C08437E-SegmentedRaftLog:OPENED:c-1,f-1,i0, conf=-1: [s0:0.0.0.0:42189, s1:0.0.0.0:39138, s2:0.0.0.0:44435], old=null RUNNING
  s2:  RUNNING CANDIDATE s2@group-A1961C08437E:t1, leader=null, voted=s2, raftlog=s2@group-A1961C08437E-SegmentedRaftLog:OPENED:c-1,f-1,i0, conf=-1: [s0:0.0.0.0:42189, s1:0.0.0.0:39138, s2:0.0.0.0:44435], old=null RUNNING
	at org.apache.ratis.MiniRaftCluster.newIllegalStateExceptionForNoLeaders(MiniRaftCluster.java:506)
	at org.apache.ratis.RaftTestUtil.lambda$waitForLeader$1(RaftTestUtil.java:90)
	at org.apache.ratis.MiniRaftCluster.getLeader(MiniRaftCluster.java:539)
	at org.apache.ratis.MiniRaftCluster.getLeader(MiniRaftCluster.java:532)
	at org.apache.ratis.RaftTestUtil.lambda$waitForLeader$3(RaftTestUtil.java:98)
	at org.apache.ratis.util.JavaUtils.attempt(JavaUtils.java:152)
	at org.apache.ratis.RaftTestUtil.waitForLeader(RaftTestUtil.java:97)
	at org.apache.ratis.RaftTestUtil.waitForLeader(RaftTestUtil.java:77)
	at org.apache.ratis.RaftTestUtil.waitForLeader(RaftTestUtil.java:72)
	at org.apache.ratis.LogAppenderTests.runTest(LogAppenderTests.java:171)
	at org.apache.ratis.MiniRaftCluster$Factory$Get.runWithNewCluster(MiniRaftCluster.java:125)
	at org.apache.ratis.MiniRaftCluster$Factory$Get.runWithNewCluster(MiniRaftCluster.java:113)
	at org.apache.ratis.LogAppenderTests.testSingleElementBuffer(LogAppenderTests.java:118)
	at sun.reflect.NativeMethodAccessorImpl.invoke0(Native Method)
	at sun.reflect.NativeMethodAccessorImpl.invoke(NativeMethodAccessorImpl.java:62)
	at sun.reflect.DelegatingMethodAccessorImpl.invoke(DelegatingMethodAccessorImpl.java:43)
	at java.lang.reflect.Method.invoke(Method.java:498)
	at org.junit.runners.model.FrameworkMethod$1.runReflectiveCall(FrameworkMethod.java:50)
	at org.junit.internal.runners.model.ReflectiveCallable.run(ReflectiveCallable.java:12)
	at org.junit.runners.model.FrameworkMethod.invokeExplosively(FrameworkMethod.java:47)
	at org.junit.internal.runners.statements.InvokeMethod.evaluate(InvokeMethod.java:17)
	at org.junit.internal.runners.statements.RunAfters.evaluate(RunAfters.java:27)
	at org.junit.internal.runners.statements.FailOnTimeout$CallableStatement.call(FailOnTimeout.java:298)
	at org.junit.internal.runners.statements.FailOnTimeout$CallableStatement.call(FailOnTimeout.java:292)
	at java.util.concurrent.FutureTask.run(FutureTask.java:266)
	at java.lang.Thread.run(Thread.java:748)
2019-09-24 16:37:41,156 INFO  impl.LeaderElection (LeaderElection.java:logAndReturn(56)) - s2@group-A1961C08437E-LeaderElection3: Election TIMEOUT; received 0 response(s) [] and 0 exception(s); s2@group-A1961C08437E:t1, leader=null, voted=s2, raftlog=s2@group-A1961C08437E-SegmentedRaftLog:OPENED:c-1,f-1,i0, conf=-1: [s0:0.0.0.0:42189, s1:0.0.0.0:39138, s2:0.0.0.0:44435], old=null
2019-09-24 16:37:41,156 INFO  impl.LeaderElection (LeaderElection.java:askForVotes(178)) - s1@group-A1961C08437E-LeaderElection2: begin an election at term 2 for -1: [s0:0.0.0.0:42189, s1:0.0.0.0:39138, s2:0.0.0.0:44435], old=null
2019-09-24 16:37:41,160 INFO  impl.LeaderElection (LeaderElection.java:logAndReturn(56)) - s0@group-A1961C08437E-LeaderElection1: Election DISCOVERED_A_NEW_TERM; received 2 response(s) [s0<-s1#0:FAIL-t2, s0<-s2#0:FAIL-t1] and 0 exception(s); s0@group-A1961C08437E:t1, leader=null, voted=s0, raftlog=s0@group-A1961C08437E-SegmentedRaftLog:OPENED:c-1,f-1,i0, conf=-1: [s0:0.0.0.0:42189, s1:0.0.0.0:39138, s2:0.0.0.0:44435], old=null
2019-09-24 16:37:41,161 INFO  impl.RaftServerImpl (RaftServerImpl.java:setRole(170)) - s0@group-A1961C08437E: changes role from CANDIDATE to FOLLOWER at term 2 for recognizeCandidate:s1
2019-09-24 16:37:41,161 INFO  impl.RoleInfo (RoleInfo.java:shutdownLeaderElection(134)) - s0: shutdown LeaderElection
2019-09-24 16:37:41,162 INFO  impl.RoleInfo (RoleInfo.java:updateAndGet(143)) - s0: start FollowerState
2019-09-24 16:37:41,185 INFO  impl.LeaderElection (LeaderElection.java:askForVotes(178)) - s2@group-A1961C08437E-LeaderElection3: begin an election at term 2 for -1: [s0:0.0.0.0:42189, s1:0.0.0.0:39138, s2:0.0.0.0:44435], old=null
2019-09-24 16:37:41,186 INFO  impl.LeaderElection (LeaderElection.java:logAndReturn(56)) - s1@group-A1961C08437E-LeaderElection2: Election REJECTED; received 2 response(s) [s1<-s0#0:FAIL-t2, s1<-s2#0:FAIL-t2] and 0 exception(s); s1@group-A1961C08437E:t2, leader=null, voted=s1, raftlog=s1@group-A1961C08437E-SegmentedRaftLog:OPENED:c-1,f-1,i0, conf=-1: [s0:0.0.0.0:42189, s1:0.0.0.0:39138, s2:0.0.0.0:44435], old=null
2019-09-24 16:37:41,187 INFO  impl.RaftServerImpl (RaftServerImpl.java:setRole(170)) - s1@group-A1961C08437E: changes role from CANDIDATE to FOLLOWER at term 2 for DISCOVERED_A_NEW_TERM
2019-09-24 16:37:41,187 INFO  impl.RaftServerImpl (RaftServerImpl.java:setRole(170)) - s0@group-A1961C08437E: changes role from  FOLLOWER to FOLLOWER at term 2 for recognizeCandidate:s2
2019-09-24 16:37:41,187 INFO  impl.RoleInfo (RoleInfo.java:shutdownLeaderElection(134)) - s1: shutdown LeaderElection
2019-09-24 16:37:41,187 INFO  impl.RoleInfo (RoleInfo.java:shutdownFollowerState(121)) - s0: shutdown FollowerState
2019-09-24 16:37:41,187 INFO  impl.RoleInfo (RoleInfo.java:updateAndGet(143)) - s1: start FollowerState
2019-09-24 16:37:41,188 INFO  impl.FollowerState (FollowerState.java:run(117)) - s0@group-A1961C08437E-FollowerState was interrupted: java.lang.InterruptedException: sleep interrupted
2019-09-24 16:37:41,188 INFO  impl.RoleInfo (RoleInfo.java:updateAndGet(143)) - s0: start FollowerState
2019-09-24 16:37:41,205 INFO  impl.LeaderElection (LeaderElection.java:logAndReturn(56)) - s2@group-A1961C08437E-LeaderElection3: Election PASSED; received 2 response(s) [s2<-s0#0:OK-t2, s2<-s1#0:FAIL-t2] and 0 exception(s); s2@group-A1961C08437E:t2, leader=null, voted=s2, raftlog=s2@group-A1961C08437E-SegmentedRaftLog:OPENED:c-1,f-1,i0, conf=-1: [s0:0.0.0.0:42189, s1:0.0.0.0:39138, s2:0.0.0.0:44435], old=null
2019-09-24 16:37:41,206 INFO  impl.RoleInfo (RoleInfo.java:shutdownLeaderElection(134)) - s2: shutdown LeaderElection
2019-09-24 16:37:41,206 INFO  impl.RaftServerImpl (RaftServerImpl.java:setRole(170)) - s2@group-A1961C08437E: changes role from CANDIDATE to LEADER at term 2 for changeToLeader
2019-09-24 16:37:41,206 INFO  impl.RaftServerImpl (ServerState.java:setLeader(254)) - s2@group-A1961C08437E: change Leader from null to s2 at term 2 for becomeLeader, leader elected after 885ms
2019-09-24 16:37:41,214 INFO  server.RaftServerConfigKeys (ConfUtils.java:logGet(43)) - raft.server.staging.catchup.gap = 1000 (default)
2019-09-24 16:37:41,214 INFO  server.RaftServerConfigKeys (ConfUtils.java:logGet(43)) - raft.server.rpc.sleep.time = 25ms (default)
2019-09-24 16:37:41,220 INFO  server.RaftServerConfigKeys (ConfUtils.java:logGet(43)) - raft.server.write.element-limit = 4096 (default)
2019-09-24 16:37:41,227 INFO  server.RaftServerConfigKeys (ConfUtils.java:logGet(43)) - raft.server.watch.timeout = 10s (default)
2019-09-24 16:37:41,227 INFO  server.RaftServerConfigKeys (ConfUtils.java:logGet(43)) - raft.server.watch.timeout.denomination = 1s (default)
2019-09-24 16:37:41,228 INFO  server.RaftServerConfigKeys (ConfUtils.java:logGet(43)) - raft.server.watch.element-limit = 65536 (default)
2019-09-24 16:37:41,243 INFO  server.RaftServerConfigKeys (ConfUtils.java:logGet(43)) - raft.server.log.appender.snapshot.chunk.size.max = 16MB (=16777216) (default)
2019-09-24 16:37:41,243 INFO  server.RaftServerConfigKeys (ConfUtils.java:logGet(43)) - raft.server.log.appender.buffer.byte-limit = 8KB (=8192) (custom)
2019-09-24 16:37:41,244 INFO  server.RaftServerConfigKeys (ConfUtils.java:logGet(43)) - raft.server.log.appender.buffer.element-limit = 1 (custom)
2019-09-24 16:37:41,248 INFO  server.RaftServerConfigKeys (ConfUtils.java:logGet(43)) - raft.server.log.appender.snapshot.chunk.size.max = 16MB (=16777216) (default)
2019-09-24 16:37:41,248 INFO  server.RaftServerConfigKeys (ConfUtils.java:logGet(43)) - raft.server.log.appender.buffer.byte-limit = 8KB (=8192) (custom)
2019-09-24 16:37:41,248 INFO  server.RaftServerConfigKeys (ConfUtils.java:logGet(43)) - raft.server.log.appender.buffer.element-limit = 1 (custom)
2019-09-24 16:37:41,251 INFO  impl.RoleInfo (RoleInfo.java:updateAndGet(143)) - s2: start LeaderState
2019-09-24 16:37:41,272 INFO  segmented.SegmentedRaftLogWorker (SegmentedRaftLogWorker.java:startLogSegment(380)) - s2@group-A1961C08437E-SegmentedRaftLogWorker: Starting segment from index:0
2019-09-24 16:37:41,282 INFO  impl.RaftServerImpl (ServerState.java:setRaftConf(355)) - s2@group-A1961C08437E: set configuration 0: [s0:0.0.0.0:42189, s1:0.0.0.0:39138, s2:0.0.0.0:44435], old=null at 0
2019-09-24 16:37:41,307 INFO  impl.RaftServerImpl (ServerState.java:setLeader(254)) - s0@group-A1961C08437E: change Leader from null to s2 at term 2 for appendEntries, leader elected after 985ms
2019-09-24 16:37:41,307 INFO  impl.RaftServerImpl (ServerState.java:setLeader(254)) - s1@group-A1961C08437E: change Leader from null to s2 at term 2 for appendEntries, leader elected after 986ms
2019-09-24 16:37:41,329 INFO  impl.RaftServerImpl (ServerState.java:setRaftConf(355)) - s0@group-A1961C08437E: set configuration 0: [s0:0.0.0.0:42189, s1:0.0.0.0:39138, s2:0.0.0.0:44435], old=null at 0
2019-09-24 16:37:41,329 INFO  impl.RaftServerImpl (ServerState.java:setRaftConf(355)) - s1@group-A1961C08437E: set configuration 0: [s0:0.0.0.0:42189, s1:0.0.0.0:39138, s2:0.0.0.0:44435], old=null at 0
2019-09-24 16:37:41,329 INFO  segmented.SegmentedRaftLogWorker (SegmentedRaftLogWorker.java:startLogSegment(380)) - s0@group-A1961C08437E-SegmentedRaftLogWorker: Starting segment from index:0
2019-09-24 16:37:41,330 INFO  segmented.SegmentedRaftLogWorker (SegmentedRaftLogWorker.java:startLogSegment(380)) - s1@group-A1961C08437E-SegmentedRaftLogWorker: Starting segment from index:0
2019-09-24 16:37:41,442 INFO  segmented.SegmentedRaftLogWorker (SegmentedRaftLogWorker.java:execute(569)) - s2@group-A1961C08437E-SegmentedRaftLogWorker: created new log segment /workdir/ratis-test/target/test/data/b2c0a8be/MiniRaftClusterWithNetty1f9c6c63/s2/7b03d609-5326-4b0a-b2d2-a1961c08437e/current/log_inprogress_0
2019-09-24 16:37:41,442 INFO  segmented.SegmentedRaftLogWorker (SegmentedRaftLogWorker.java:execute(569)) - s0@group-A1961C08437E-SegmentedRaftLogWorker: created new log segment /workdir/ratis-test/target/test/data/b2c0a8be/MiniRaftClusterWithNetty1f9c6c63/s0/7b03d609-5326-4b0a-b2d2-a1961c08437e/current/log_inprogress_0
2019-09-24 16:37:41,442 INFO  segmented.SegmentedRaftLogWorker (SegmentedRaftLogWorker.java:execute(569)) - s1@group-A1961C08437E-SegmentedRaftLogWorker: created new log segment /workdir/ratis-test/target/test/data/b2c0a8be/MiniRaftClusterWithNetty1f9c6c63/s1/7b03d609-5326-4b0a-b2d2-a1961c08437e/current/log_inprogress_0
2019-09-24 16:37:41,603 INFO  ratis.RaftTestUtil (RaftTestUtil.java:waitForLeader(101)) - printing ALL groups
  s0:  RUNNING  FOLLOWER s0@group-A1961C08437E:t2, leader=s2, voted=s2, raftlog=s0@group-A1961C08437E-SegmentedRaftLog:OPENED:c0,f0,i0, conf=0: [s0:0.0.0.0:42189, s1:0.0.0.0:39138, s2:0.0.0.0:44435], old=null RUNNING
  s1:  RUNNING  FOLLOWER s1@group-A1961C08437E:t2, leader=s2, voted=s1, raftlog=s1@group-A1961C08437E-SegmentedRaftLog:OPENED:c0,f0,i0, conf=0: [s0:0.0.0.0:42189, s1:0.0.0.0:39138, s2:0.0.0.0:44435], old=null RUNNING
  s2:  RUNNING    LEADER s2@group-A1961C08437E:t2, leader=s2, voted=s2, raftlog=s2@group-A1961C08437E-SegmentedRaftLog:OPENED:c0,f0,i0, conf=0: [s0:0.0.0.0:42189, s1:0.0.0.0:39138, s2:0.0.0.0:44435], old=null RUNNING
2019-09-24 16:37:41,672 INFO  logging.LoggingHandler (AbstractInternalLogger.java:log(150)) - [id: 0x86edeaae, L:/0.0.0.0:44435] READ: [id: 0x2ec3d5f6, L:/192.168.5.142:44435 - R:/192.168.5.142:33130]
2019-09-24 16:37:41,673 INFO  logging.LoggingHandler (AbstractInternalLogger.java:log(150)) - [id: 0x86edeaae, L:/0.0.0.0:44435] READ COMPLETE
2019-09-24 16:37:41,673 INFO  logging.LoggingHandler (AbstractInternalLogger.java:log(150)) - [id: 0x86edeaae, L:/0.0.0.0:44435] READ: [id: 0x2f935256, L:/192.168.5.142:44435 - R:/192.168.5.142:33132]
2019-09-24 16:37:41,674 INFO  logging.LoggingHandler (AbstractInternalLogger.java:log(150)) - [id: 0x86edeaae, L:/0.0.0.0:44435] READ COMPLETE
2019-09-24 16:37:41,675 INFO  logging.LoggingHandler (AbstractInternalLogger.java:log(150)) - [id: 0x86edeaae, L:/0.0.0.0:44435] READ: [id: 0x155d3703, L:/192.168.5.142:44435 - R:/192.168.5.142:33134]
2019-09-24 16:37:41,675 INFO  logging.LoggingHandler (AbstractInternalLogger.java:log(150)) - [id: 0x86edeaae, L:/0.0.0.0:44435] READ COMPLETE
2019-09-24 16:37:41,676 INFO  logging.LoggingHandler (AbstractInternalLogger.java:log(150)) - [id: 0x86edeaae, L:/0.0.0.0:44435] READ: [id: 0x6dc933b5, L:/192.168.5.142:44435 - R:/192.168.5.142:33136]
2019-09-24 16:37:41,676 INFO  logging.LoggingHandler (AbstractInternalLogger.java:log(150)) - [id: 0x86edeaae, L:/0.0.0.0:44435] READ COMPLETE
2019-09-24 16:37:41,677 INFO  logging.LoggingHandler (AbstractInternalLogger.java:log(150)) - [id: 0x86edeaae, L:/0.0.0.0:44435] READ: [id: 0x4d97fd0a, L:/192.168.5.142:44435 - R:/192.168.5.142:33138]
2019-09-24 16:37:41,677 INFO  logging.LoggingHandler (AbstractInternalLogger.java:log(150)) - [id: 0x86edeaae, L:/0.0.0.0:44435] READ COMPLETE
2019-09-24 16:37:41,748 INFO  statemachine.SimpleStateMachine4Testing (SimpleStateMachine4Testing.java:put(198)) - s2: put 1, 0000000000... -> (t:2, i:1), STATEMACHINELOGENTRY, client-6F4DA14A560B, cid=4
2019-09-24 16:37:41,757 INFO  statemachine.SimpleStateMachine4Testing (SimpleStateMachine4Testing.java:put(198)) - s1: put 1, 0000000000... -> (t:2, i:1), STATEMACHINELOGENTRY, client-6F4DA14A560B, cid=4
2019-09-24 16:37:41,758 INFO  statemachine.SimpleStateMachine4Testing (SimpleStateMachine4Testing.java:put(198)) - s2: put 2, 0000000000... -> (t:2, i:2), STATEMACHINELOGENTRY, client-DA36977FC49F, cid=3
2019-09-24 16:37:41,763 INFO  statemachine.SimpleStateMachine4Testing (SimpleStateMachine4Testing.java:put(198)) - s1: put 2, 0000000000... -> (t:2, i:2), STATEMACHINELOGENTRY, client-DA36977FC49F, cid=3
2019-09-24 16:37:41,764 INFO  statemachine.SimpleStateMachine4Testing (SimpleStateMachine4Testing.java:put(198)) - s2: put 3, 0000000000... -> (t:2, i:3), STATEMACHINELOGENTRY, client-69912ADB290A, cid=1
2019-09-24 16:37:41,766 INFO  statemachine.SimpleStateMachine4Testing (SimpleStateMachine4Testing.java:put(198)) - s0: put 1, 0000000000... -> (t:2, i:1), STATEMACHINELOGENTRY, client-6F4DA14A560B, cid=4
2019-09-24 16:37:41,770 INFO  statemachine.SimpleStateMachine4Testing (SimpleStateMachine4Testing.java:put(198)) - s1: put 3, 0000000000... -> (t:2, i:3), STATEMACHINELOGENTRY, client-69912ADB290A, cid=1
2019-09-24 16:37:41,771 INFO  segmented.SegmentedRaftLogWorker (SegmentedRaftLogWorker.java:rollLogSegment(385)) - s2@group-A1961C08437E-SegmentedRaftLogWorker: Rolling segment log-0_8 to index:8
2019-09-24 16:37:41,778 INFO  statemachine.SimpleStateMachine4Testing (SimpleStateMachine4Testing.java:put(198)) - s2: put 4, 0000000000... -> (t:2, i:4), STATEMACHINELOGENTRY, client-781B3BD2DEB4, cid=2
2019-09-24 16:37:41,780 INFO  statemachine.SimpleStateMachine4Testing (SimpleStateMachine4Testing.java:put(198)) - s0: put 2, 0000000000... -> (t:2, i:2), STATEMACHINELOGENTRY, client-DA36977FC49F, cid=3
2019-09-24 16:37:41,781 INFO  statemachine.SimpleStateMachine4Testing (SimpleStateMachine4Testing.java:put(198)) - s0: put 3, 0000000000... -> (t:2, i:3), STATEMACHINELOGENTRY, client-69912ADB290A, cid=1
2019-09-24 16:37:41,782 TRACE util.FileUtils (LogUtils.java:runAndLog(61)) - Successfully ran Files.move /workdir/ratis-test/target/test/data/b2c0a8be/MiniRaftClusterWithNetty1f9c6c63/s2/7b03d609-5326-4b0a-b2d2-a1961c08437e/current/log_inprogress_0 to /workdir/ratis-test/target/test/data/b2c0a8be/MiniRaftClusterWithNetty1f9c6c63/s2/7b03d609-5326-4b0a-b2d2-a1961c08437e/current/log_0-8
2019-09-24 16:37:41,782 INFO  segmented.SegmentedRaftLogWorker (SegmentedRaftLogWorker.java:execute(526)) - s2@group-A1961C08437E-SegmentedRaftLogWorker: Rolled log segment from /workdir/ratis-test/target/test/data/b2c0a8be/MiniRaftClusterWithNetty1f9c6c63/s2/7b03d609-5326-4b0a-b2d2-a1961c08437e/current/log_inprogress_0 to /workdir/ratis-test/target/test/data/b2c0a8be/MiniRaftClusterWithNetty1f9c6c63/s2/7b03d609-5326-4b0a-b2d2-a1961c08437e/current/log_0-8
2019-09-24 16:37:41,783 INFO  statemachine.SimpleStateMachine4Testing (SimpleStateMachine4Testing.java:put(198)) - s1: put 4, 0000000000... -> (t:2, i:4), STATEMACHINELOGENTRY, client-781B3BD2DEB4, cid=2
2019-09-24 16:37:41,793 INFO  statemachine.SimpleStateMachine4Testing (SimpleStateMachine4Testing.java:put(198)) - s0: put 4, 0000000000... -> (t:2, i:4), STATEMACHINELOGENTRY, client-781B3BD2DEB4, cid=2
2019-09-24 16:37:41,807 INFO  segmented.SegmentedRaftLogWorker (SegmentedRaftLogWorker.java:execute(569)) - s2@group-A1961C08437E-SegmentedRaftLogWorker: created new log segment /workdir/ratis-test/target/test/data/b2c0a8be/MiniRaftClusterWithNetty1f9c6c63/s2/7b03d609-5326-4b0a-b2d2-a1961c08437e/current/log_inprogress_9
2019-09-24 16:37:41,813 INFO  statemachine.SimpleStateMachine4Testing (SimpleStateMachine4Testing.java:put(198)) - s2: put 8, 1111111111... -> (t:2, i:8), STATEMACHINELOGENTRY, client-DA36977FC49F, cid=5
2019-09-24 16:37:41,814 INFO  segmented.SegmentedRaftLogWorker (SegmentedRaftLogWorker.java:rollLogSegment(385)) - s1@group-A1961C08437E-SegmentedRaftLogWorker: Rolling segment log-0_8 to index:8
2019-09-24 16:37:41,815 TRACE util.FileUtils (LogUtils.java:runAndLog(61)) - Successfully ran Files.move /workdir/ratis-test/target/test/data/b2c0a8be/MiniRaftClusterWithNetty1f9c6c63/s1/7b03d609-5326-4b0a-b2d2-a1961c08437e/current/log_inprogress_0 to /workdir/ratis-test/target/test/data/b2c0a8be/MiniRaftClusterWithNetty1f9c6c63/s1/7b03d609-5326-4b0a-b2d2-a1961c08437e/current/log_0-8
2019-09-24 16:37:41,815 INFO  segmented.SegmentedRaftLogWorker (SegmentedRaftLogWorker.java:execute(526)) - s1@group-A1961C08437E-SegmentedRaftLogWorker: Rolled log segment from /workdir/ratis-test/target/test/data/b2c0a8be/MiniRaftClusterWithNetty1f9c6c63/s1/7b03d609-5326-4b0a-b2d2-a1961c08437e/current/log_inprogress_0 to /workdir/ratis-test/target/test/data/b2c0a8be/MiniRaftClusterWithNetty1f9c6c63/s1/7b03d609-5326-4b0a-b2d2-a1961c08437e/current/log_0-8
2019-09-24 16:37:41,815 INFO  segmented.SegmentedRaftLogWorker (SegmentedRaftLogWorker.java:rollLogSegment(385)) - s2@group-A1961C08437E-SegmentedRaftLogWorker: Rolling segment log-9_13 to index:13
2019-09-24 16:37:41,820 TRACE util.FileUtils (LogUtils.java:runAndLog(61)) - Successfully ran Files.move /workdir/ratis-test/target/test/data/b2c0a8be/MiniRaftClusterWithNetty1f9c6c63/s2/7b03d609-5326-4b0a-b2d2-a1961c08437e/current/log_inprogress_9 to /workdir/ratis-test/target/test/data/b2c0a8be/MiniRaftClusterWithNetty1f9c6c63/s2/7b03d609-5326-4b0a-b2d2-a1961c08437e/current/log_9-13
2019-09-24 16:37:41,820 INFO  segmented.SegmentedRaftLogWorker (SegmentedRaftLogWorker.java:execute(526)) - s2@group-A1961C08437E-SegmentedRaftLogWorker: Rolled log segment from /workdir/ratis-test/target/test/data/b2c0a8be/MiniRaftClusterWithNetty1f9c6c63/s2/7b03d609-5326-4b0a-b2d2-a1961c08437e/current/log_inprogress_9 to /workdir/ratis-test/target/test/data/b2c0a8be/MiniRaftClusterWithNetty1f9c6c63/s2/7b03d609-5326-4b0a-b2d2-a1961c08437e/current/log_9-13
2019-09-24 16:37:41,846 INFO  segmented.SegmentedRaftLogWorker (SegmentedRaftLogWorker.java:execute(569)) - s2@group-A1961C08437E-SegmentedRaftLogWorker: created new log segment /workdir/ratis-test/target/test/data/b2c0a8be/MiniRaftClusterWithNetty1f9c6c63/s2/7b03d609-5326-4b0a-b2d2-a1961c08437e/current/log_inprogress_14
2019-09-24 16:37:41,846 INFO  segmented.SegmentedRaftLogWorker (SegmentedRaftLogWorker.java:execute(569)) - s1@group-A1961C08437E-SegmentedRaftLogWorker: created new log segment /workdir/ratis-test/target/test/data/b2c0a8be/MiniRaftClusterWithNetty1f9c6c63/s1/7b03d609-5326-4b0a-b2d2-a1961c08437e/current/log_inprogress_9
2019-09-24 16:37:41,846 INFO  statemachine.SimpleStateMachine4Testing (SimpleStateMachine4Testing.java:put(198)) - s0: put 8, 1111111111... -> (t:2, i:8), STATEMACHINELOGENTRY, client-DA36977FC49F, cid=5
2019-09-24 16:37:41,849 INFO  segmented.SegmentedRaftLogWorker (SegmentedRaftLogWorker.java:rollLogSegment(385)) - s0@group-A1961C08437E-SegmentedRaftLogWorker: Rolling segment log-0_8 to index:8
2019-09-24 16:37:41,849 TRACE util.FileUtils (LogUtils.java:runAndLog(61)) - Successfully ran Files.move /workdir/ratis-test/target/test/data/b2c0a8be/MiniRaftClusterWithNetty1f9c6c63/s0/7b03d609-5326-4b0a-b2d2-a1961c08437e/current/log_inprogress_0 to /workdir/ratis-test/target/test/data/b2c0a8be/MiniRaftClusterWithNetty1f9c6c63/s0/7b03d609-5326-4b0a-b2d2-a1961c08437e/current/log_0-8
2019-09-24 16:37:41,850 INFO  segmented.SegmentedRaftLogWorker (SegmentedRaftLogWorker.java:execute(526)) - s0@group-A1961C08437E-SegmentedRaftLogWorker: Rolled log segment from /workdir/ratis-test/target/test/data/b2c0a8be/MiniRaftClusterWithNetty1f9c6c63/s0/7b03d609-5326-4b0a-b2d2-a1961c08437e/current/log_inprogress_0 to /workdir/ratis-test/target/test/data/b2c0a8be/MiniRaftClusterWithNetty1f9c6c63/s0/7b03d609-5326-4b0a-b2d2-a1961c08437e/current/log_0-8
2019-09-24 16:37:41,851 INFO  statemachine.SimpleStateMachine4Testing (SimpleStateMachine4Testing.java:put(198)) - s1: put 8, 1111111111... -> (t:2, i:8), STATEMACHINELOGENTRY, client-DA36977FC49F, cid=5
2019-09-24 16:37:41,852 INFO  statemachine.SimpleStateMachine4Testing (SimpleStateMachine4Testing.java:put(198)) - s2: put 9, 1111111111... -> (t:2, i:9), STATEMACHINELOGENTRY, client-6F4DA14A560B, cid=7
2019-09-24 16:37:41,860 INFO  segmented.SegmentedRaftLogWorker (SegmentedRaftLogWorker.java:execute(569)) - s0@group-A1961C08437E-SegmentedRaftLogWorker: created new log segment /workdir/ratis-test/target/test/data/b2c0a8be/MiniRaftClusterWithNetty1f9c6c63/s0/7b03d609-5326-4b0a-b2d2-a1961c08437e/current/log_inprogress_9
2019-09-24 16:37:41,860 INFO  statemachine.SimpleStateMachine4Testing (SimpleStateMachine4Testing.java:put(198)) - s1: put 9, 1111111111... -> (t:2, i:9), STATEMACHINELOGENTRY, client-6F4DA14A560B, cid=7
2019-09-24 16:37:41,869 INFO  statemachine.SimpleStateMachine4Testing (SimpleStateMachine4Testing.java:put(198)) - s2: put 11, 1111111111... -> (t:2, i:11), STATEMACHINELOGENTRY, client-69912ADB290A, cid=6
2019-09-24 16:37:41,871 INFO  segmented.SegmentedRaftLogWorker (SegmentedRaftLogWorker.java:rollLogSegment(385)) - s2@group-A1961C08437E-SegmentedRaftLogWorker: Rolling segment log-14_17 to index:17
2019-09-24 16:37:41,872 TRACE util.FileUtils (LogUtils.java:runAndLog(61)) - Successfully ran Files.move /workdir/ratis-test/target/test/data/b2c0a8be/MiniRaftClusterWithNetty1f9c6c63/s2/7b03d609-5326-4b0a-b2d2-a1961c08437e/current/log_inprogress_14 to /workdir/ratis-test/target/test/data/b2c0a8be/MiniRaftClusterWithNetty1f9c6c63/s2/7b03d609-5326-4b0a-b2d2-a1961c08437e/current/log_14-17
2019-09-24 16:37:41,872 INFO  segmented.SegmentedRaftLogWorker (SegmentedRaftLogWorker.java:execute(526)) - s2@group-A1961C08437E-SegmentedRaftLogWorker: Rolled log segment from /workdir/ratis-test/target/test/data/b2c0a8be/MiniRaftClusterWithNetty1f9c6c63/s2/7b03d609-5326-4b0a-b2d2-a1961c08437e/current/log_inprogress_14 to /workdir/ratis-test/target/test/data/b2c0a8be/MiniRaftClusterWithNetty1f9c6c63/s2/7b03d609-5326-4b0a-b2d2-a1961c08437e/current/log_14-17
2019-09-24 16:37:41,877 INFO  statemachine.SimpleStateMachine4Testing (SimpleStateMachine4Testing.java:put(198)) - s1: put 11, 1111111111... -> (t:2, i:11), STATEMACHINELOGENTRY, client-69912ADB290A, cid=6
2019-09-24 16:37:41,878 INFO  statemachine.SimpleStateMachine4Testing (SimpleStateMachine4Testing.java:put(198)) - s2: put 12, 0000000000... -> (t:2, i:12), STATEMACHINELOGENTRY, client-D98953169D47, cid=0
2019-09-24 16:37:41,884 INFO  segmented.SegmentedRaftLogWorker (SegmentedRaftLogWorker.java:execute(569)) - s2@group-A1961C08437E-SegmentedRaftLogWorker: created new log segment /workdir/ratis-test/target/test/data/b2c0a8be/MiniRaftClusterWithNetty1f9c6c63/s2/7b03d609-5326-4b0a-b2d2-a1961c08437e/current/log_inprogress_18
2019-09-24 16:37:41,886 INFO  statemachine.SimpleStateMachine4Testing (SimpleStateMachine4Testing.java:put(198)) - s1: put 12, 0000000000... -> (t:2, i:12), STATEMACHINELOGENTRY, client-D98953169D47, cid=0
2019-09-24 16:37:41,888 INFO  segmented.SegmentedRaftLogWorker (SegmentedRaftLogWorker.java:rollLogSegment(385)) - s1@group-A1961C08437E-SegmentedRaftLogWorker: Rolling segment log-9_13 to index:13
2019-09-24 16:37:41,888 TRACE util.FileUtils (LogUtils.java:runAndLog(61)) - Successfully ran Files.move /workdir/ratis-test/target/test/data/b2c0a8be/MiniRaftClusterWithNetty1f9c6c63/s1/7b03d609-5326-4b0a-b2d2-a1961c08437e/current/log_inprogress_9 to /workdir/ratis-test/target/test/data/b2c0a8be/MiniRaftClusterWithNetty1f9c6c63/s1/7b03d609-5326-4b0a-b2d2-a1961c08437e/current/log_9-13
2019-09-24 16:37:41,889 INFO  segmented.SegmentedRaftLogWorker (SegmentedRaftLogWorker.java:execute(526)) - s1@group-A1961C08437E-SegmentedRaftLogWorker: Rolled log segment from /workdir/ratis-test/target/test/data/b2c0a8be/MiniRaftClusterWithNetty1f9c6c63/s1/7b03d609-5326-4b0a-b2d2-a1961c08437e/current/log_inprogress_9 to /workdir/ratis-test/target/test/data/b2c0a8be/MiniRaftClusterWithNetty1f9c6c63/s1/7b03d609-5326-4b0a-b2d2-a1961c08437e/current/log_9-13
2019-09-24 16:37:41,893 INFO  statemachine.SimpleStateMachine4Testing (SimpleStateMachine4Testing.java:put(198)) - s0: put 9, 1111111111... -> (t:2, i:9), STATEMACHINELOGENTRY, client-6F4DA14A560B, cid=7
2019-09-24 16:37:41,893 INFO  statemachine.SimpleStateMachine4Testing (SimpleStateMachine4Testing.java:put(198)) - s0: put 11, 1111111111... -> (t:2, i:11), STATEMACHINELOGENTRY, client-69912ADB290A, cid=6
2019-09-24 16:37:41,894 INFO  statemachine.SimpleStateMachine4Testing (SimpleStateMachine4Testing.java:put(198)) - s0: put 12, 0000000000... -> (t:2, i:12), STATEMACHINELOGENTRY, client-D98953169D47, cid=0
2019-09-24 16:37:41,894 INFO  segmented.SegmentedRaftLogWorker (SegmentedRaftLogWorker.java:rollLogSegment(385)) - s0@group-A1961C08437E-SegmentedRaftLogWorker: Rolling segment log-9_13 to index:13
2019-09-24 16:37:41,904 TRACE util.FileUtils (LogUtils.java:runAndLog(61)) - Successfully ran Files.move /workdir/ratis-test/target/test/data/b2c0a8be/MiniRaftClusterWithNetty1f9c6c63/s0/7b03d609-5326-4b0a-b2d2-a1961c08437e/current/log_inprogress_9 to /workdir/ratis-test/target/test/data/b2c0a8be/MiniRaftClusterWithNetty1f9c6c63/s0/7b03d609-5326-4b0a-b2d2-a1961c08437e/current/log_9-13
2019-09-24 16:37:41,904 INFO  segmented.SegmentedRaftLogWorker (SegmentedRaftLogWorker.java:execute(526)) - s0@group-A1961C08437E-SegmentedRaftLogWorker: Rolled log segment from /workdir/ratis-test/target/test/data/b2c0a8be/MiniRaftClusterWithNetty1f9c6c63/s0/7b03d609-5326-4b0a-b2d2-a1961c08437e/current/log_inprogress_9 to /workdir/ratis-test/target/test/data/b2c0a8be/MiniRaftClusterWithNetty1f9c6c63/s0/7b03d609-5326-4b0a-b2d2-a1961c08437e/current/log_9-13
2019-09-24 16:37:41,904 INFO  segmented.SegmentedRaftLogWorker (SegmentedRaftLogWorker.java:execute(569)) - s1@group-A1961C08437E-SegmentedRaftLogWorker: created new log segment /workdir/ratis-test/target/test/data/b2c0a8be/MiniRaftClusterWithNetty1f9c6c63/s1/7b03d609-5326-4b0a-b2d2-a1961c08437e/current/log_inprogress_14
2019-09-24 16:37:41,909 INFO  statemachine.SimpleStateMachine4Testing (SimpleStateMachine4Testing.java:put(198)) - s2: put 14, 2222222222... -> (t:2, i:14), STATEMACHINELOGENTRY, client-DA36977FC49F, cid=9
2019-09-24 16:37:41,910 INFO  segmented.SegmentedRaftLogWorker (SegmentedRaftLogWorker.java:execute(569)) - s0@group-A1961C08437E-SegmentedRaftLogWorker: created new log segment /workdir/ratis-test/target/test/data/b2c0a8be/MiniRaftClusterWithNetty1f9c6c63/s0/7b03d609-5326-4b0a-b2d2-a1961c08437e/current/log_inprogress_14
2019-09-24 16:37:41,911 INFO  segmented.SegmentedRaftLogWorker (SegmentedRaftLogWorker.java:rollLogSegment(385)) - s2@group-A1961C08437E-SegmentedRaftLogWorker: Rolling segment log-18_21 to index:21
2019-09-24 16:37:41,912 TRACE util.FileUtils (LogUtils.java:runAndLog(61)) - Successfully ran Files.move /workdir/ratis-test/target/test/data/b2c0a8be/MiniRaftClusterWithNetty1f9c6c63/s2/7b03d609-5326-4b0a-b2d2-a1961c08437e/current/log_inprogress_18 to /workdir/ratis-test/target/test/data/b2c0a8be/MiniRaftClusterWithNetty1f9c6c63/s2/7b03d609-5326-4b0a-b2d2-a1961c08437e/current/log_18-21
2019-09-24 16:37:41,912 INFO  segmented.SegmentedRaftLogWorker (SegmentedRaftLogWorker.java:execute(526)) - s2@group-A1961C08437E-SegmentedRaftLogWorker: Rolled log segment from /workdir/ratis-test/target/test/data/b2c0a8be/MiniRaftClusterWithNetty1f9c6c63/s2/7b03d609-5326-4b0a-b2d2-a1961c08437e/current/log_inprogress_18 to /workdir/ratis-test/target/test/data/b2c0a8be/MiniRaftClusterWithNetty1f9c6c63/s2/7b03d609-5326-4b0a-b2d2-a1961c08437e/current/log_18-21
2019-09-24 16:37:41,914 INFO  statemachine.SimpleStateMachine4Testing (SimpleStateMachine4Testing.java:put(198)) - s1: put 14, 2222222222... -> (t:2, i:14), STATEMACHINELOGENTRY, client-DA36977FC49F, cid=9
2019-09-24 16:37:41,918 INFO  segmented.SegmentedRaftLogWorker (SegmentedRaftLogWorker.java:execute(569)) - s2@group-A1961C08437E-SegmentedRaftLogWorker: created new log segment /workdir/ratis-test/target/test/data/b2c0a8be/MiniRaftClusterWithNetty1f9c6c63/s2/7b03d609-5326-4b0a-b2d2-a1961c08437e/current/log_inprogress_22
2019-09-24 16:37:41,921 INFO  statemachine.SimpleStateMachine4Testing (SimpleStateMachine4Testing.java:put(198)) - s0: put 14, 2222222222... -> (t:2, i:14), STATEMACHINELOGENTRY, client-DA36977FC49F, cid=9
2019-09-24 16:37:41,921 INFO  statemachine.SimpleStateMachine4Testing (SimpleStateMachine4Testing.java:put(198)) - s2: put 16, 2222222222... -> (t:2, i:16), STATEMACHINELOGENTRY, client-6F4DA14A560B, cid=10
2019-09-24 16:37:41,923 INFO  segmented.SegmentedRaftLogWorker (SegmentedRaftLogWorker.java:rollLogSegment(385)) - s2@group-A1961C08437E-SegmentedRaftLogWorker: Rolling segment log-22_23 to index:23
2019-09-24 16:37:41,924 TRACE util.FileUtils (LogUtils.java:runAndLog(61)) - Successfully ran Files.move /workdir/ratis-test/target/test/data/b2c0a8be/MiniRaftClusterWithNetty1f9c6c63/s2/7b03d609-5326-4b0a-b2d2-a1961c08437e/current/log_inprogress_22 to /workdir/ratis-test/target/test/data/b2c0a8be/MiniRaftClusterWithNetty1f9c6c63/s2/7b03d609-5326-4b0a-b2d2-a1961c08437e/current/log_22-23
2019-09-24 16:37:41,924 INFO  segmented.SegmentedRaftLogWorker (SegmentedRaftLogWorker.java:execute(526)) - s2@group-A1961C08437E-SegmentedRaftLogWorker: Rolled log segment from /workdir/ratis-test/target/test/data/b2c0a8be/MiniRaftClusterWithNetty1f9c6c63/s2/7b03d609-5326-4b0a-b2d2-a1961c08437e/current/log_inprogress_22 to /workdir/ratis-test/target/test/data/b2c0a8be/MiniRaftClusterWithNetty1f9c6c63/s2/7b03d609-5326-4b0a-b2d2-a1961c08437e/current/log_22-23
2019-09-24 16:37:41,928 INFO  segmented.SegmentedRaftLogWorker (SegmentedRaftLogWorker.java:execute(569)) - s2@group-A1961C08437E-SegmentedRaftLogWorker: created new log segment /workdir/ratis-test/target/test/data/b2c0a8be/MiniRaftClusterWithNetty1f9c6c63/s2/7b03d609-5326-4b0a-b2d2-a1961c08437e/current/log_inprogress_24
2019-09-24 16:37:41,930 INFO  statemachine.SimpleStateMachine4Testing (SimpleStateMachine4Testing.java:put(198)) - s1: put 16, 2222222222... -> (t:2, i:16), STATEMACHINELOGENTRY, client-6F4DA14A560B, cid=10
2019-09-24 16:37:41,931 INFO  statemachine.SimpleStateMachine4Testing (SimpleStateMachine4Testing.java:put(198)) - s0: put 16, 2222222222... -> (t:2, i:16), STATEMACHINELOGENTRY, client-6F4DA14A560B, cid=10
2019-09-24 16:37:41,932 INFO  segmented.SegmentedRaftLogWorker (SegmentedRaftLogWorker.java:rollLogSegment(385)) - s1@group-A1961C08437E-SegmentedRaftLogWorker: Rolling segment log-14_17 to index:17
2019-09-24 16:37:41,933 TRACE util.FileUtils (LogUtils.java:runAndLog(61)) - Successfully ran Files.move /workdir/ratis-test/target/test/data/b2c0a8be/MiniRaftClusterWithNetty1f9c6c63/s1/7b03d609-5326-4b0a-b2d2-a1961c08437e/current/log_inprogress_14 to /workdir/ratis-test/target/test/data/b2c0a8be/MiniRaftClusterWithNetty1f9c6c63/s1/7b03d609-5326-4b0a-b2d2-a1961c08437e/current/log_14-17
2019-09-24 16:37:41,933 INFO  segmented.SegmentedRaftLogWorker (SegmentedRaftLogWorker.java:execute(526)) - s1@group-A1961C08437E-SegmentedRaftLogWorker: Rolled log segment from /workdir/ratis-test/target/test/data/b2c0a8be/MiniRaftClusterWithNetty1f9c6c63/s1/7b03d609-5326-4b0a-b2d2-a1961c08437e/current/log_inprogress_14 to /workdir/ratis-test/target/test/data/b2c0a8be/MiniRaftClusterWithNetty1f9c6c63/s1/7b03d609-5326-4b0a-b2d2-a1961c08437e/current/log_14-17
2019-09-24 16:37:41,937 INFO  segmented.SegmentedRaftLogWorker (SegmentedRaftLogWorker.java:rollLogSegment(385)) - s0@group-A1961C08437E-SegmentedRaftLogWorker: Rolling segment log-14_17 to index:17
2019-09-24 16:37:41,938 TRACE util.FileUtils (LogUtils.java:runAndLog(61)) - Successfully ran Files.move /workdir/ratis-test/target/test/data/b2c0a8be/MiniRaftClusterWithNetty1f9c6c63/s0/7b03d609-5326-4b0a-b2d2-a1961c08437e/current/log_inprogress_14 to /workdir/ratis-test/target/test/data/b2c0a8be/MiniRaftClusterWithNetty1f9c6c63/s0/7b03d609-5326-4b0a-b2d2-a1961c08437e/current/log_14-17
2019-09-24 16:37:41,938 INFO  segmented.SegmentedRaftLogWorker (SegmentedRaftLogWorker.java:execute(526)) - s0@group-A1961C08437E-SegmentedRaftLogWorker: Rolled log segment from /workdir/ratis-test/target/test/data/b2c0a8be/MiniRaftClusterWithNetty1f9c6c63/s0/7b03d609-5326-4b0a-b2d2-a1961c08437e/current/log_inprogress_14 to /workdir/ratis-test/target/test/data/b2c0a8be/MiniRaftClusterWithNetty1f9c6c63/s0/7b03d609-5326-4b0a-b2d2-a1961c08437e/current/log_14-17
2019-09-24 16:37:41,942 INFO  segmented.SegmentedRaftLogWorker (SegmentedRaftLogWorker.java:execute(569)) - s1@group-A1961C08437E-SegmentedRaftLogWorker: created new log segment /workdir/ratis-test/target/test/data/b2c0a8be/MiniRaftClusterWithNetty1f9c6c63/s1/7b03d609-5326-4b0a-b2d2-a1961c08437e/current/log_inprogress_18
2019-09-24 16:37:41,955 INFO  statemachine.SimpleStateMachine4Testing (SimpleStateMachine4Testing.java:put(198)) - s2: put 18, 2222222222... -> (t:2, i:18), STATEMACHINELOGENTRY, client-69912ADB290A, cid=11
2019-09-24 16:37:41,957 INFO  segmented.SegmentedRaftLogWorker (SegmentedRaftLogWorker.java:rollLogSegment(385)) - s2@group-A1961C08437E-SegmentedRaftLogWorker: Rolling segment log-24_25 to index:25
2019-09-24 16:37:41,962 INFO  statemachine.SimpleStateMachine4Testing (SimpleStateMachine4Testing.java:put(198)) - s1: put 18, 2222222222... -> (t:2, i:18), STATEMACHINELOGENTRY, client-69912ADB290A, cid=11
2019-09-24 16:37:41,962 INFO  segmented.SegmentedRaftLogWorker (SegmentedRaftLogWorker.java:execute(569)) - s0@group-A1961C08437E-SegmentedRaftLogWorker: created new log segment /workdir/ratis-test/target/test/data/b2c0a8be/MiniRaftClusterWithNetty1f9c6c63/s0/7b03d609-5326-4b0a-b2d2-a1961c08437e/current/log_inprogress_18
2019-09-24 16:37:41,963 TRACE util.FileUtils (LogUtils.java:runAndLog(61)) - Successfully ran Files.move /workdir/ratis-test/target/test/data/b2c0a8be/MiniRaftClusterWithNetty1f9c6c63/s2/7b03d609-5326-4b0a-b2d2-a1961c08437e/current/log_inprogress_24 to /workdir/ratis-test/target/test/data/b2c0a8be/MiniRaftClusterWithNetty1f9c6c63/s2/7b03d609-5326-4b0a-b2d2-a1961c08437e/current/log_24-25
2019-09-24 16:37:41,964 INFO  segmented.SegmentedRaftLogWorker (SegmentedRaftLogWorker.java:execute(526)) - s2@group-A1961C08437E-SegmentedRaftLogWorker: Rolled log segment from /workdir/ratis-test/target/test/data/b2c0a8be/MiniRaftClusterWithNetty1f9c6c63/s2/7b03d609-5326-4b0a-b2d2-a1961c08437e/current/log_inprogress_24 to /workdir/ratis-test/target/test/data/b2c0a8be/MiniRaftClusterWithNetty1f9c6c63/s2/7b03d609-5326-4b0a-b2d2-a1961c08437e/current/log_24-25
2019-09-24 16:37:41,970 INFO  statemachine.SimpleStateMachine4Testing (SimpleStateMachine4Testing.java:put(198)) - s2: put 20, 1111111111... -> (t:2, i:20), STATEMACHINELOGENTRY, client-781B3BD2DEB4, cid=8
2019-09-24 16:37:41,978 INFO  statemachine.SimpleStateMachine4Testing (SimpleStateMachine4Testing.java:put(198)) - s0: put 18, 2222222222... -> (t:2, i:18), STATEMACHINELOGENTRY, client-69912ADB290A, cid=11
2019-09-24 16:37:41,979 INFO  statemachine.SimpleStateMachine4Testing (SimpleStateMachine4Testing.java:put(198)) - s1: put 20, 1111111111... -> (t:2, i:20), STATEMACHINELOGENTRY, client-781B3BD2DEB4, cid=8
2019-09-24 16:37:41,980 INFO  segmented.SegmentedRaftLogWorker (SegmentedRaftLogWorker.java:rollLogSegment(385)) - s1@group-A1961C08437E-SegmentedRaftLogWorker: Rolling segment log-18_21 to index:21
2019-09-24 16:37:41,982 TRACE util.FileUtils (LogUtils.java:runAndLog(61)) - Successfully ran Files.move /workdir/ratis-test/target/test/data/b2c0a8be/MiniRaftClusterWithNetty1f9c6c63/s1/7b03d609-5326-4b0a-b2d2-a1961c08437e/current/log_inprogress_18 to /workdir/ratis-test/target/test/data/b2c0a8be/MiniRaftClusterWithNetty1f9c6c63/s1/7b03d609-5326-4b0a-b2d2-a1961c08437e/current/log_18-21
2019-09-24 16:37:41,982 INFO  segmented.SegmentedRaftLogWorker (SegmentedRaftLogWorker.java:execute(526)) - s1@group-A1961C08437E-SegmentedRaftLogWorker: Rolled log segment from /workdir/ratis-test/target/test/data/b2c0a8be/MiniRaftClusterWithNetty1f9c6c63/s1/7b03d609-5326-4b0a-b2d2-a1961c08437e/current/log_inprogress_18 to /workdir/ratis-test/target/test/data/b2c0a8be/MiniRaftClusterWithNetty1f9c6c63/s1/7b03d609-5326-4b0a-b2d2-a1961c08437e/current/log_18-21
2019-09-24 16:37:41,984 INFO  segmented.SegmentedRaftLogWorker (SegmentedRaftLogWorker.java:execute(569)) - s2@group-A1961C08437E-SegmentedRaftLogWorker: created new log segment /workdir/ratis-test/target/test/data/b2c0a8be/MiniRaftClusterWithNetty1f9c6c63/s2/7b03d609-5326-4b0a-b2d2-a1961c08437e/current/log_inprogress_26
2019-09-24 16:37:41,990 INFO  statemachine.SimpleStateMachine4Testing (SimpleStateMachine4Testing.java:put(198)) - s0: put 20, 1111111111... -> (t:2, i:20), STATEMACHINELOGENTRY, client-781B3BD2DEB4, cid=8
2019-09-24 16:37:42,002 INFO  segmented.SegmentedRaftLogWorker (SegmentedRaftLogWorker.java:rollLogSegment(385)) - s0@group-A1961C08437E-SegmentedRaftLogWorker: Rolling segment log-18_21 to index:21
2019-09-24 16:37:42,003 TRACE util.FileUtils (LogUtils.java:runAndLog(61)) - Successfully ran Files.move /workdir/ratis-test/target/test/data/b2c0a8be/MiniRaftClusterWithNetty1f9c6c63/s0/7b03d609-5326-4b0a-b2d2-a1961c08437e/current/log_inprogress_18 to /workdir/ratis-test/target/test/data/b2c0a8be/MiniRaftClusterWithNetty1f9c6c63/s0/7b03d609-5326-4b0a-b2d2-a1961c08437e/current/log_18-21
2019-09-24 16:37:42,003 INFO  segmented.SegmentedRaftLogWorker (SegmentedRaftLogWorker.java:execute(526)) - s0@group-A1961C08437E-SegmentedRaftLogWorker: Rolled log segment from /workdir/ratis-test/target/test/data/b2c0a8be/MiniRaftClusterWithNetty1f9c6c63/s0/7b03d609-5326-4b0a-b2d2-a1961c08437e/current/log_inprogress_18 to /workdir/ratis-test/target/test/data/b2c0a8be/MiniRaftClusterWithNetty1f9c6c63/s0/7b03d609-5326-4b0a-b2d2-a1961c08437e/current/log_18-21
2019-09-24 16:37:42,010 INFO  segmented.SegmentedRaftLogWorker (SegmentedRaftLogWorker.java:execute(569)) - s1@group-A1961C08437E-SegmentedRaftLogWorker: created new log segment /workdir/ratis-test/target/test/data/b2c0a8be/MiniRaftClusterWithNetty1f9c6c63/s1/7b03d609-5326-4b0a-b2d2-a1961c08437e/current/log_inprogress_22
2019-09-24 16:37:42,023 INFO  statemachine.SimpleStateMachine4Testing (SimpleStateMachine4Testing.java:put(198)) - s2: put 22, 3333333333... -> (t:2, i:22), STATEMACHINELOGENTRY, client-DA36977FC49F, cid=13
2019-09-24 16:37:42,025 INFO  segmented.SegmentedRaftLogWorker (SegmentedRaftLogWorker.java:rollLogSegment(385)) - s2@group-A1961C08437E-SegmentedRaftLogWorker: Rolling segment log-26_29 to index:29
2019-09-24 16:37:42,030 INFO  statemachine.SimpleStateMachine4Testing (SimpleStateMachine4Testing.java:put(198)) - s1: put 22, 3333333333... -> (t:2, i:22), STATEMACHINELOGENTRY, client-DA36977FC49F, cid=13
2019-09-24 16:37:42,031 INFO  segmented.SegmentedRaftLogWorker (SegmentedRaftLogWorker.java:execute(569)) - s0@group-A1961C08437E-SegmentedRaftLogWorker: created new log segment /workdir/ratis-test/target/test/data/b2c0a8be/MiniRaftClusterWithNetty1f9c6c63/s0/7b03d609-5326-4b0a-b2d2-a1961c08437e/current/log_inprogress_22
2019-09-24 16:37:42,032 TRACE util.FileUtils (LogUtils.java:runAndLog(61)) - Successfully ran Files.move /workdir/ratis-test/target/test/data/b2c0a8be/MiniRaftClusterWithNetty1f9c6c63/s2/7b03d609-5326-4b0a-b2d2-a1961c08437e/current/log_inprogress_26 to /workdir/ratis-test/target/test/data/b2c0a8be/MiniRaftClusterWithNetty1f9c6c63/s2/7b03d609-5326-4b0a-b2d2-a1961c08437e/current/log_26-29
2019-09-24 16:37:42,033 INFO  segmented.SegmentedRaftLogWorker (SegmentedRaftLogWorker.java:execute(526)) - s2@group-A1961C08437E-SegmentedRaftLogWorker: Rolled log segment from /workdir/ratis-test/target/test/data/b2c0a8be/MiniRaftClusterWithNetty1f9c6c63/s2/7b03d609-5326-4b0a-b2d2-a1961c08437e/current/log_inprogress_26 to /workdir/ratis-test/target/test/data/b2c0a8be/MiniRaftClusterWithNetty1f9c6c63/s2/7b03d609-5326-4b0a-b2d2-a1961c08437e/current/log_26-29
2019-09-24 16:37:42,033 INFO  segmented.SegmentedRaftLogWorker (SegmentedRaftLogWorker.java:rollLogSegment(385)) - s1@group-A1961C08437E-SegmentedRaftLogWorker: Rolling segment log-22_23 to index:23
2019-09-24 16:37:42,033 TRACE util.FileUtils (LogUtils.java:runAndLog(61)) - Successfully ran Files.move /workdir/ratis-test/target/test/data/b2c0a8be/MiniRaftClusterWithNetty1f9c6c63/s1/7b03d609-5326-4b0a-b2d2-a1961c08437e/current/log_inprogress_22 to /workdir/ratis-test/target/test/data/b2c0a8be/MiniRaftClusterWithNetty1f9c6c63/s1/7b03d609-5326-4b0a-b2d2-a1961c08437e/current/log_22-23
2019-09-24 16:37:42,034 INFO  segmented.SegmentedRaftLogWorker (SegmentedRaftLogWorker.java:execute(526)) - s1@group-A1961C08437E-SegmentedRaftLogWorker: Rolled log segment from /workdir/ratis-test/target/test/data/b2c0a8be/MiniRaftClusterWithNetty1f9c6c63/s1/7b03d609-5326-4b0a-b2d2-a1961c08437e/current/log_inprogress_22 to /workdir/ratis-test/target/test/data/b2c0a8be/MiniRaftClusterWithNetty1f9c6c63/s1/7b03d609-5326-4b0a-b2d2-a1961c08437e/current/log_22-23
2019-09-24 16:37:42,046 INFO  statemachine.SimpleStateMachine4Testing (SimpleStateMachine4Testing.java:put(198)) - s0: put 22, 3333333333... -> (t:2, i:22), STATEMACHINELOGENTRY, client-DA36977FC49F, cid=13
2019-09-24 16:37:42,048 INFO  segmented.SegmentedRaftLogWorker (SegmentedRaftLogWorker.java:rollLogSegment(385)) - s0@group-A1961C08437E-SegmentedRaftLogWorker: Rolling segment log-22_23 to index:23
2019-09-24 16:37:42,049 TRACE util.FileUtils (LogUtils.java:runAndLog(61)) - Successfully ran Files.move /workdir/ratis-test/target/test/data/b2c0a8be/MiniRaftClusterWithNetty1f9c6c63/s0/7b03d609-5326-4b0a-b2d2-a1961c08437e/current/log_inprogress_22 to /workdir/ratis-test/target/test/data/b2c0a8be/MiniRaftClusterWithNetty1f9c6c63/s0/7b03d609-5326-4b0a-b2d2-a1961c08437e/current/log_22-23
2019-09-24 16:37:42,049 INFO  segmented.SegmentedRaftLogWorker (SegmentedRaftLogWorker.java:execute(526)) - s0@group-A1961C08437E-SegmentedRaftLogWorker: Rolled log segment from /workdir/ratis-test/target/test/data/b2c0a8be/MiniRaftClusterWithNetty1f9c6c63/s0/7b03d609-5326-4b0a-b2d2-a1961c08437e/current/log_inprogress_22 to /workdir/ratis-test/target/test/data/b2c0a8be/MiniRaftClusterWithNetty1f9c6c63/s0/7b03d609-5326-4b0a-b2d2-a1961c08437e/current/log_22-23
2019-09-24 16:37:42,056 INFO  segmented.SegmentedRaftLogWorker (SegmentedRaftLogWorker.java:execute(569)) - s1@group-A1961C08437E-SegmentedRaftLogWorker: created new log segment /workdir/ratis-test/target/test/data/b2c0a8be/MiniRaftClusterWithNetty1f9c6c63/s1/7b03d609-5326-4b0a-b2d2-a1961c08437e/current/log_inprogress_24
2019-09-24 16:37:42,056 INFO  segmented.SegmentedRaftLogWorker (SegmentedRaftLogWorker.java:execute(569)) - s2@group-A1961C08437E-SegmentedRaftLogWorker: created new log segment /workdir/ratis-test/target/test/data/b2c0a8be/MiniRaftClusterWithNetty1f9c6c63/s2/7b03d609-5326-4b0a-b2d2-a1961c08437e/current/log_inprogress_30
2019-09-24 16:37:42,065 INFO  statemachine.SimpleStateMachine4Testing (SimpleStateMachine4Testing.java:put(198)) - s2: put 24, 3333333333... -> (t:2, i:24), STATEMACHINELOGENTRY, client-6F4DA14A560B, cid=14
2019-09-24 16:37:42,067 INFO  segmented.SegmentedRaftLogWorker (SegmentedRaftLogWorker.java:rollLogSegment(385)) - s2@group-A1961C08437E-SegmentedRaftLogWorker: Rolling segment log-30_31 to index:31
2019-09-24 16:37:42,073 INFO  segmented.SegmentedRaftLogWorker (SegmentedRaftLogWorker.java:execute(569)) - s0@group-A1961C08437E-SegmentedRaftLogWorker: created new log segment /workdir/ratis-test/target/test/data/b2c0a8be/MiniRaftClusterWithNetty1f9c6c63/s0/7b03d609-5326-4b0a-b2d2-a1961c08437e/current/log_inprogress_24
2019-09-24 16:37:42,074 INFO  statemachine.SimpleStateMachine4Testing (SimpleStateMachine4Testing.java:put(198)) - s1: put 24, 3333333333... -> (t:2, i:24), STATEMACHINELOGENTRY, client-6F4DA14A560B, cid=14
2019-09-24 16:37:42,074 TRACE util.FileUtils (LogUtils.java:runAndLog(61)) - Successfully ran Files.move /workdir/ratis-test/target/test/data/b2c0a8be/MiniRaftClusterWithNetty1f9c6c63/s2/7b03d609-5326-4b0a-b2d2-a1961c08437e/current/log_inprogress_30 to /workdir/ratis-test/target/test/data/b2c0a8be/MiniRaftClusterWithNetty1f9c6c63/s2/7b03d609-5326-4b0a-b2d2-a1961c08437e/current/log_30-31
2019-09-24 16:37:42,074 INFO  segmented.SegmentedRaftLogWorker (SegmentedRaftLogWorker.java:execute(526)) - s2@group-A1961C08437E-SegmentedRaftLogWorker: Rolled log segment from /workdir/ratis-test/target/test/data/b2c0a8be/MiniRaftClusterWithNetty1f9c6c63/s2/7b03d609-5326-4b0a-b2d2-a1961c08437e/current/log_inprogress_30 to /workdir/ratis-test/target/test/data/b2c0a8be/MiniRaftClusterWithNetty1f9c6c63/s2/7b03d609-5326-4b0a-b2d2-a1961c08437e/current/log_30-31
2019-09-24 16:37:42,075 INFO  segmented.SegmentedRaftLogWorker (SegmentedRaftLogWorker.java:rollLogSegment(385)) - s1@group-A1961C08437E-SegmentedRaftLogWorker: Rolling segment log-24_25 to index:25
2019-09-24 16:37:42,076 TRACE util.FileUtils (LogUtils.java:runAndLog(61)) - Successfully ran Files.move /workdir/ratis-test/target/test/data/b2c0a8be/MiniRaftClusterWithNetty1f9c6c63/s1/7b03d609-5326-4b0a-b2d2-a1961c08437e/current/log_inprogress_24 to /workdir/ratis-test/target/test/data/b2c0a8be/MiniRaftClusterWithNetty1f9c6c63/s1/7b03d609-5326-4b0a-b2d2-a1961c08437e/current/log_24-25
2019-09-24 16:37:42,076 INFO  segmented.SegmentedRaftLogWorker (SegmentedRaftLogWorker.java:execute(526)) - s1@group-A1961C08437E-SegmentedRaftLogWorker: Rolled log segment from /workdir/ratis-test/target/test/data/b2c0a8be/MiniRaftClusterWithNetty1f9c6c63/s1/7b03d609-5326-4b0a-b2d2-a1961c08437e/current/log_inprogress_24 to /workdir/ratis-test/target/test/data/b2c0a8be/MiniRaftClusterWithNetty1f9c6c63/s1/7b03d609-5326-4b0a-b2d2-a1961c08437e/current/log_24-25
2019-09-24 16:37:42,092 INFO  segmented.SegmentedRaftLogWorker (SegmentedRaftLogWorker.java:execute(569)) - s2@group-A1961C08437E-SegmentedRaftLogWorker: created new log segment /workdir/ratis-test/target/test/data/b2c0a8be/MiniRaftClusterWithNetty1f9c6c63/s2/7b03d609-5326-4b0a-b2d2-a1961c08437e/current/log_inprogress_32
2019-09-24 16:37:42,092 INFO  segmented.SegmentedRaftLogWorker (SegmentedRaftLogWorker.java:execute(569)) - s1@group-A1961C08437E-SegmentedRaftLogWorker: created new log segment /workdir/ratis-test/target/test/data/b2c0a8be/MiniRaftClusterWithNetty1f9c6c63/s1/7b03d609-5326-4b0a-b2d2-a1961c08437e/current/log_inprogress_26
2019-09-24 16:37:42,118 INFO  statemachine.SimpleStateMachine4Testing (SimpleStateMachine4Testing.java:put(198)) - s0: put 24, 3333333333... -> (t:2, i:24), STATEMACHINELOGENTRY, client-6F4DA14A560B, cid=14
2019-09-24 16:37:42,120 INFO  statemachine.SimpleStateMachine4Testing (SimpleStateMachine4Testing.java:put(198)) - s2: put 26, 3333333333... -> (t:2, i:26), STATEMACHINELOGENTRY, client-69912ADB290A, cid=15
2019-09-24 16:37:42,120 INFO  segmented.SegmentedRaftLogWorker (SegmentedRaftLogWorker.java:rollLogSegment(385)) - s0@group-A1961C08437E-SegmentedRaftLogWorker: Rolling segment log-24_25 to index:25
2019-09-24 16:37:42,121 TRACE util.FileUtils (LogUtils.java:runAndLog(61)) - Successfully ran Files.move /workdir/ratis-test/target/test/data/b2c0a8be/MiniRaftClusterWithNetty1f9c6c63/s0/7b03d609-5326-4b0a-b2d2-a1961c08437e/current/log_inprogress_24 to /workdir/ratis-test/target/test/data/b2c0a8be/MiniRaftClusterWithNetty1f9c6c63/s0/7b03d609-5326-4b0a-b2d2-a1961c08437e/current/log_24-25
2019-09-24 16:37:42,121 INFO  segmented.SegmentedRaftLogWorker (SegmentedRaftLogWorker.java:execute(526)) - s0@group-A1961C08437E-SegmentedRaftLogWorker: Rolled log segment from /workdir/ratis-test/target/test/data/b2c0a8be/MiniRaftClusterWithNetty1f9c6c63/s0/7b03d609-5326-4b0a-b2d2-a1961c08437e/current/log_inprogress_24 to /workdir/ratis-test/target/test/data/b2c0a8be/MiniRaftClusterWithNetty1f9c6c63/s0/7b03d609-5326-4b0a-b2d2-a1961c08437e/current/log_24-25
2019-09-24 16:37:42,122 INFO  segmented.SegmentedRaftLogWorker (SegmentedRaftLogWorker.java:rollLogSegment(385)) - s2@group-A1961C08437E-SegmentedRaftLogWorker: Rolling segment log-32_33 to index:33
2019-09-24 16:37:42,127 TRACE util.FileUtils (LogUtils.java:runAndLog(61)) - Successfully ran Files.move /workdir/ratis-test/target/test/data/b2c0a8be/MiniRaftClusterWithNetty1f9c6c63/s2/7b03d609-5326-4b0a-b2d2-a1961c08437e/current/log_inprogress_32 to /workdir/ratis-test/target/test/data/b2c0a8be/MiniRaftClusterWithNetty1f9c6c63/s2/7b03d609-5326-4b0a-b2d2-a1961c08437e/current/log_32-33
2019-09-24 16:37:42,128 INFO  segmented.SegmentedRaftLogWorker (SegmentedRaftLogWorker.java:execute(526)) - s2@group-A1961C08437E-SegmentedRaftLogWorker: Rolled log segment from /workdir/ratis-test/target/test/data/b2c0a8be/MiniRaftClusterWithNetty1f9c6c63/s2/7b03d609-5326-4b0a-b2d2-a1961c08437e/current/log_inprogress_32 to /workdir/ratis-test/target/test/data/b2c0a8be/MiniRaftClusterWithNetty1f9c6c63/s2/7b03d609-5326-4b0a-b2d2-a1961c08437e/current/log_32-33
2019-09-24 16:37:42,139 INFO  segmented.SegmentedRaftLogWorker (SegmentedRaftLogWorker.java:execute(569)) - s0@group-A1961C08437E-SegmentedRaftLogWorker: created new log segment /workdir/ratis-test/target/test/data/b2c0a8be/MiniRaftClusterWithNetty1f9c6c63/s0/7b03d609-5326-4b0a-b2d2-a1961c08437e/current/log_inprogress_26
2019-09-24 16:37:42,144 INFO  statemachine.SimpleStateMachine4Testing (SimpleStateMachine4Testing.java:put(198)) - s1: put 26, 3333333333... -> (t:2, i:26), STATEMACHINELOGENTRY, client-69912ADB290A, cid=15
2019-09-24 16:37:42,145 INFO  statemachine.SimpleStateMachine4Testing (SimpleStateMachine4Testing.java:put(198)) - s2: put 28, 1111111111... -> (t:2, i:28), STATEMACHINELOGENTRY, client-D98953169D47, cid=12
2019-09-24 16:37:42,146 INFO  segmented.SegmentedRaftLogWorker (SegmentedRaftLogWorker.java:rollLogSegment(385)) - s2@group-A1961C08437E-SegmentedRaftLogWorker: Rolling segment log-34_35 to index:35
2019-09-24 16:37:42,155 INFO  segmented.SegmentedRaftLogWorker (SegmentedRaftLogWorker.java:execute(569)) - s2@group-A1961C08437E-SegmentedRaftLogWorker: created new log segment /workdir/ratis-test/target/test/data/b2c0a8be/MiniRaftClusterWithNetty1f9c6c63/s2/7b03d609-5326-4b0a-b2d2-a1961c08437e/current/log_inprogress_34
2019-09-24 16:37:42,185 TRACE util.FileUtils (LogUtils.java:runAndLog(61)) - Successfully ran Files.move /workdir/ratis-test/target/test/data/b2c0a8be/MiniRaftClusterWithNetty1f9c6c63/s2/7b03d609-5326-4b0a-b2d2-a1961c08437e/current/log_inprogress_34 to /workdir/ratis-test/target/test/data/b2c0a8be/MiniRaftClusterWithNetty1f9c6c63/s2/7b03d609-5326-4b0a-b2d2-a1961c08437e/current/log_34-35
2019-09-24 16:37:42,185 INFO  segmented.SegmentedRaftLogWorker (SegmentedRaftLogWorker.java:execute(526)) - s2@group-A1961C08437E-SegmentedRaftLogWorker: Rolled log segment from /workdir/ratis-test/target/test/data/b2c0a8be/MiniRaftClusterWithNetty1f9c6c63/s2/7b03d609-5326-4b0a-b2d2-a1961c08437e/current/log_inprogress_34 to /workdir/ratis-test/target/test/data/b2c0a8be/MiniRaftClusterWithNetty1f9c6c63/s2/7b03d609-5326-4b0a-b2d2-a1961c08437e/current/log_34-35
2019-09-24 16:37:42,186 INFO  statemachine.SimpleStateMachine4Testing (SimpleStateMachine4Testing.java:put(198)) - s1: put 28, 1111111111... -> (t:2, i:28), STATEMACHINELOGENTRY, client-D98953169D47, cid=12
2019-09-24 16:37:42,187 INFO  segmented.SegmentedRaftLogWorker (SegmentedRaftLogWorker.java:rollLogSegment(385)) - s1@group-A1961C08437E-SegmentedRaftLogWorker: Rolling segment log-26_29 to index:29
2019-09-24 16:37:42,188 TRACE util.FileUtils (LogUtils.java:runAndLog(61)) - Successfully ran Files.move /workdir/ratis-test/target/test/data/b2c0a8be/MiniRaftClusterWithNetty1f9c6c63/s1/7b03d609-5326-4b0a-b2d2-a1961c08437e/current/log_inprogress_26 to /workdir/ratis-test/target/test/data/b2c0a8be/MiniRaftClusterWithNetty1f9c6c63/s1/7b03d609-5326-4b0a-b2d2-a1961c08437e/current/log_26-29
2019-09-24 16:37:42,189 INFO  segmented.SegmentedRaftLogWorker (SegmentedRaftLogWorker.java:execute(526)) - s1@group-A1961C08437E-SegmentedRaftLogWorker: Rolled log segment from /workdir/ratis-test/target/test/data/b2c0a8be/MiniRaftClusterWithNetty1f9c6c63/s1/7b03d609-5326-4b0a-b2d2-a1961c08437e/current/log_inprogress_26 to /workdir/ratis-test/target/test/data/b2c0a8be/MiniRaftClusterWithNetty1f9c6c63/s1/7b03d609-5326-4b0a-b2d2-a1961c08437e/current/log_26-29
2019-09-24 16:37:42,193 INFO  statemachine.SimpleStateMachine4Testing (SimpleStateMachine4Testing.java:put(198)) - s0: put 26, 3333333333... -> (t:2, i:26), STATEMACHINELOGENTRY, client-69912ADB290A, cid=15
2019-09-24 16:37:42,194 INFO  statemachine.SimpleStateMachine4Testing (SimpleStateMachine4Testing.java:put(198)) - s0: put 28, 1111111111... -> (t:2, i:28), STATEMACHINELOGENTRY, client-D98953169D47, cid=12
2019-09-24 16:37:42,204 INFO  segmented.SegmentedRaftLogWorker (SegmentedRaftLogWorker.java:execute(569)) - s1@group-A1961C08437E-SegmentedRaftLogWorker: created new log segment /workdir/ratis-test/target/test/data/b2c0a8be/MiniRaftClusterWithNetty1f9c6c63/s1/7b03d609-5326-4b0a-b2d2-a1961c08437e/current/log_inprogress_30
2019-09-24 16:37:42,204 INFO  segmented.SegmentedRaftLogWorker (SegmentedRaftLogWorker.java:execute(569)) - s2@group-A1961C08437E-SegmentedRaftLogWorker: created new log segment /workdir/ratis-test/target/test/data/b2c0a8be/MiniRaftClusterWithNetty1f9c6c63/s2/7b03d609-5326-4b0a-b2d2-a1961c08437e/current/log_inprogress_36
2019-09-24 16:37:42,215 INFO  statemachine.SimpleStateMachine4Testing (SimpleStateMachine4Testing.java:put(198)) - s2: put 30, 4444444444... -> (t:2, i:30), STATEMACHINELOGENTRY, client-DA36977FC49F, cid=17
2019-09-24 16:37:42,215 INFO  segmented.SegmentedRaftLogWorker (SegmentedRaftLogWorker.java:rollLogSegment(385)) - s0@group-A1961C08437E-SegmentedRaftLogWorker: Rolling segment log-26_29 to index:29
2019-09-24 16:37:42,216 TRACE util.FileUtils (LogUtils.java:runAndLog(61)) - Successfully ran Files.move /workdir/ratis-test/target/test/data/b2c0a8be/MiniRaftClusterWithNetty1f9c6c63/s0/7b03d609-5326-4b0a-b2d2-a1961c08437e/current/log_inprogress_26 to /workdir/ratis-test/target/test/data/b2c0a8be/MiniRaftClusterWithNetty1f9c6c63/s0/7b03d609-5326-4b0a-b2d2-a1961c08437e/current/log_26-29
2019-09-24 16:37:42,216 INFO  segmented.SegmentedRaftLogWorker (SegmentedRaftLogWorker.java:execute(526)) - s0@group-A1961C08437E-SegmentedRaftLogWorker: Rolled log segment from /workdir/ratis-test/target/test/data/b2c0a8be/MiniRaftClusterWithNetty1f9c6c63/s0/7b03d609-5326-4b0a-b2d2-a1961c08437e/current/log_inprogress_26 to /workdir/ratis-test/target/test/data/b2c0a8be/MiniRaftClusterWithNetty1f9c6c63/s0/7b03d609-5326-4b0a-b2d2-a1961c08437e/current/log_26-29
2019-09-24 16:37:42,217 INFO  segmented.SegmentedRaftLogWorker (SegmentedRaftLogWorker.java:rollLogSegment(385)) - s2@group-A1961C08437E-SegmentedRaftLogWorker: Rolling segment log-36_37 to index:37
2019-09-24 16:37:42,226 TRACE util.FileUtils (LogUtils.java:runAndLog(61)) - Successfully ran Files.move /workdir/ratis-test/target/test/data/b2c0a8be/MiniRaftClusterWithNetty1f9c6c63/s2/7b03d609-5326-4b0a-b2d2-a1961c08437e/current/log_inprogress_36 to /workdir/ratis-test/target/test/data/b2c0a8be/MiniRaftClusterWithNetty1f9c6c63/s2/7b03d609-5326-4b0a-b2d2-a1961c08437e/current/log_36-37
2019-09-24 16:37:42,226 INFO  segmented.SegmentedRaftLogWorker (SegmentedRaftLogWorker.java:execute(526)) - s2@group-A1961C08437E-SegmentedRaftLogWorker: Rolled log segment from /workdir/ratis-test/target/test/data/b2c0a8be/MiniRaftClusterWithNetty1f9c6c63/s2/7b03d609-5326-4b0a-b2d2-a1961c08437e/current/log_inprogress_36 to /workdir/ratis-test/target/test/data/b2c0a8be/MiniRaftClusterWithNetty1f9c6c63/s2/7b03d609-5326-4b0a-b2d2-a1961c08437e/current/log_36-37
2019-09-24 16:37:42,226 INFO  statemachine.SimpleStateMachine4Testing (SimpleStateMachine4Testing.java:put(198)) - s1: put 30, 4444444444... -> (t:2, i:30), STATEMACHINELOGENTRY, client-DA36977FC49F, cid=17
2019-09-24 16:37:42,228 INFO  segmented.SegmentedRaftLogWorker (SegmentedRaftLogWorker.java:rollLogSegment(385)) - s1@group-A1961C08437E-SegmentedRaftLogWorker: Rolling segment log-30_31 to index:31
2019-09-24 16:37:42,235 TRACE util.FileUtils (LogUtils.java:runAndLog(61)) - Successfully ran Files.move /workdir/ratis-test/target/test/data/b2c0a8be/MiniRaftClusterWithNetty1f9c6c63/s1/7b03d609-5326-4b0a-b2d2-a1961c08437e/current/log_inprogress_30 to /workdir/ratis-test/target/test/data/b2c0a8be/MiniRaftClusterWithNetty1f9c6c63/s1/7b03d609-5326-4b0a-b2d2-a1961c08437e/current/log_30-31
2019-09-24 16:37:42,236 INFO  segmented.SegmentedRaftLogWorker (SegmentedRaftLogWorker.java:execute(526)) - s1@group-A1961C08437E-SegmentedRaftLogWorker: Rolled log segment from /workdir/ratis-test/target/test/data/b2c0a8be/MiniRaftClusterWithNetty1f9c6c63/s1/7b03d609-5326-4b0a-b2d2-a1961c08437e/current/log_inprogress_30 to /workdir/ratis-test/target/test/data/b2c0a8be/MiniRaftClusterWithNetty1f9c6c63/s1/7b03d609-5326-4b0a-b2d2-a1961c08437e/current/log_30-31
2019-09-24 16:37:42,236 INFO  segmented.SegmentedRaftLogWorker (SegmentedRaftLogWorker.java:execute(569)) - s0@group-A1961C08437E-SegmentedRaftLogWorker: created new log segment /workdir/ratis-test/target/test/data/b2c0a8be/MiniRaftClusterWithNetty1f9c6c63/s0/7b03d609-5326-4b0a-b2d2-a1961c08437e/current/log_inprogress_30
2019-09-24 16:37:42,258 INFO  segmented.SegmentedRaftLogWorker (SegmentedRaftLogWorker.java:execute(569)) - s1@group-A1961C08437E-SegmentedRaftLogWorker: created new log segment /workdir/ratis-test/target/test/data/b2c0a8be/MiniRaftClusterWithNetty1f9c6c63/s1/7b03d609-5326-4b0a-b2d2-a1961c08437e/current/log_inprogress_32
2019-09-24 16:37:42,258 INFO  segmented.SegmentedRaftLogWorker (SegmentedRaftLogWorker.java:execute(569)) - s2@group-A1961C08437E-SegmentedRaftLogWorker: created new log segment /workdir/ratis-test/target/test/data/b2c0a8be/MiniRaftClusterWithNetty1f9c6c63/s2/7b03d609-5326-4b0a-b2d2-a1961c08437e/current/log_inprogress_38
2019-09-24 16:37:42,273 INFO  statemachine.SimpleStateMachine4Testing (SimpleStateMachine4Testing.java:put(198)) - s0: put 30, 4444444444... -> (t:2, i:30), STATEMACHINELOGENTRY, client-DA36977FC49F, cid=17
2019-09-24 16:37:42,275 INFO  statemachine.SimpleStateMachine4Testing (SimpleStateMachine4Testing.java:put(198)) - s2: put 32, 4444444444... -> (t:2, i:32), STATEMACHINELOGENTRY, client-6F4DA14A560B, cid=18
2019-09-24 16:37:42,275 INFO  segmented.SegmentedRaftLogWorker (SegmentedRaftLogWorker.java:rollLogSegment(385)) - s0@group-A1961C08437E-SegmentedRaftLogWorker: Rolling segment log-30_31 to index:31
2019-09-24 16:37:42,276 TRACE util.FileUtils (LogUtils.java:runAndLog(61)) - Successfully ran Files.move /workdir/ratis-test/target/test/data/b2c0a8be/MiniRaftClusterWithNetty1f9c6c63/s0/7b03d609-5326-4b0a-b2d2-a1961c08437e/current/log_inprogress_30 to /workdir/ratis-test/target/test/data/b2c0a8be/MiniRaftClusterWithNetty1f9c6c63/s0/7b03d609-5326-4b0a-b2d2-a1961c08437e/current/log_30-31
2019-09-24 16:37:42,276 INFO  segmented.SegmentedRaftLogWorker (SegmentedRaftLogWorker.java:execute(526)) - s0@group-A1961C08437E-SegmentedRaftLogWorker: Rolled log segment from /workdir/ratis-test/target/test/data/b2c0a8be/MiniRaftClusterWithNetty1f9c6c63/s0/7b03d609-5326-4b0a-b2d2-a1961c08437e/current/log_inprogress_30 to /workdir/ratis-test/target/test/data/b2c0a8be/MiniRaftClusterWithNetty1f9c6c63/s0/7b03d609-5326-4b0a-b2d2-a1961c08437e/current/log_30-31
2019-09-24 16:37:42,277 INFO  segmented.SegmentedRaftLogWorker (SegmentedRaftLogWorker.java:rollLogSegment(385)) - s2@group-A1961C08437E-SegmentedRaftLogWorker: Rolling segment log-38_39 to index:39
2019-09-24 16:37:42,289 TRACE util.FileUtils (LogUtils.java:runAndLog(61)) - Successfully ran Files.move /workdir/ratis-test/target/test/data/b2c0a8be/MiniRaftClusterWithNetty1f9c6c63/s2/7b03d609-5326-4b0a-b2d2-a1961c08437e/current/log_inprogress_38 to /workdir/ratis-test/target/test/data/b2c0a8be/MiniRaftClusterWithNetty1f9c6c63/s2/7b03d609-5326-4b0a-b2d2-a1961c08437e/current/log_38-39
2019-09-24 16:37:42,289 INFO  segmented.SegmentedRaftLogWorker (SegmentedRaftLogWorker.java:execute(526)) - s2@group-A1961C08437E-SegmentedRaftLogWorker: Rolled log segment from /workdir/ratis-test/target/test/data/b2c0a8be/MiniRaftClusterWithNetty1f9c6c63/s2/7b03d609-5326-4b0a-b2d2-a1961c08437e/current/log_inprogress_38 to /workdir/ratis-test/target/test/data/b2c0a8be/MiniRaftClusterWithNetty1f9c6c63/s2/7b03d609-5326-4b0a-b2d2-a1961c08437e/current/log_38-39
2019-09-24 16:37:42,290 INFO  statemachine.SimpleStateMachine4Testing (SimpleStateMachine4Testing.java:put(198)) - s1: put 32, 4444444444... -> (t:2, i:32), STATEMACHINELOGENTRY, client-6F4DA14A560B, cid=18
2019-09-24 16:37:42,292 INFO  segmented.SegmentedRaftLogWorker (SegmentedRaftLogWorker.java:rollLogSegment(385)) - s1@group-A1961C08437E-SegmentedRaftLogWorker: Rolling segment log-32_33 to index:33
2019-09-24 16:37:42,301 TRACE util.FileUtils (LogUtils.java:runAndLog(61)) - Successfully ran Files.move /workdir/ratis-test/target/test/data/b2c0a8be/MiniRaftClusterWithNetty1f9c6c63/s1/7b03d609-5326-4b0a-b2d2-a1961c08437e/current/log_inprogress_32 to /workdir/ratis-test/target/test/data/b2c0a8be/MiniRaftClusterWithNetty1f9c6c63/s1/7b03d609-5326-4b0a-b2d2-a1961c08437e/current/log_32-33
2019-09-24 16:37:42,301 INFO  segmented.SegmentedRaftLogWorker (SegmentedRaftLogWorker.java:execute(526)) - s1@group-A1961C08437E-SegmentedRaftLogWorker: Rolled log segment from /workdir/ratis-test/target/test/data/b2c0a8be/MiniRaftClusterWithNetty1f9c6c63/s1/7b03d609-5326-4b0a-b2d2-a1961c08437e/current/log_inprogress_32 to /workdir/ratis-test/target/test/data/b2c0a8be/MiniRaftClusterWithNetty1f9c6c63/s1/7b03d609-5326-4b0a-b2d2-a1961c08437e/current/log_32-33
2019-09-24 16:37:42,319 INFO  segmented.SegmentedRaftLogWorker (SegmentedRaftLogWorker.java:execute(569)) - s0@group-A1961C08437E-SegmentedRaftLogWorker: created new log segment /workdir/ratis-test/target/test/data/b2c0a8be/MiniRaftClusterWithNetty1f9c6c63/s0/7b03d609-5326-4b0a-b2d2-a1961c08437e/current/log_inprogress_32
2019-09-24 16:37:42,355 INFO  statemachine.SimpleStateMachine4Testing (SimpleStateMachine4Testing.java:put(198)) - s0: put 32, 4444444444... -> (t:2, i:32), STATEMACHINELOGENTRY, client-6F4DA14A560B, cid=18
2019-09-24 16:37:42,357 INFO  segmented.SegmentedRaftLogWorker (SegmentedRaftLogWorker.java:rollLogSegment(385)) - s0@group-A1961C08437E-SegmentedRaftLogWorker: Rolling segment log-32_33 to index:33
2019-09-24 16:37:42,358 TRACE util.FileUtils (LogUtils.java:runAndLog(61)) - Successfully ran Files.move /workdir/ratis-test/target/test/data/b2c0a8be/MiniRaftClusterWithNetty1f9c6c63/s0/7b03d609-5326-4b0a-b2d2-a1961c08437e/current/log_inprogress_32 to /workdir/ratis-test/target/test/data/b2c0a8be/MiniRaftClusterWithNetty1f9c6c63/s0/7b03d609-5326-4b0a-b2d2-a1961c08437e/current/log_32-33
2019-09-24 16:37:42,358 INFO  segmented.SegmentedRaftLogWorker (SegmentedRaftLogWorker.java:execute(526)) - s0@group-A1961C08437E-SegmentedRaftLogWorker: Rolled log segment from /workdir/ratis-test/target/test/data/b2c0a8be/MiniRaftClusterWithNetty1f9c6c63/s0/7b03d609-5326-4b0a-b2d2-a1961c08437e/current/log_inprogress_32 to /workdir/ratis-test/target/test/data/b2c0a8be/MiniRaftClusterWithNetty1f9c6c63/s0/7b03d609-5326-4b0a-b2d2-a1961c08437e/current/log_32-33
2019-09-24 16:37:42,359 INFO  segmented.SegmentedRaftLogWorker (SegmentedRaftLogWorker.java:execute(569)) - s2@group-A1961C08437E-SegmentedRaftLogWorker: created new log segment /workdir/ratis-test/target/test/data/b2c0a8be/MiniRaftClusterWithNetty1f9c6c63/s2/7b03d609-5326-4b0a-b2d2-a1961c08437e/current/log_inprogress_40
2019-09-24 16:37:42,359 INFO  segmented.SegmentedRaftLogWorker (SegmentedRaftLogWorker.java:execute(569)) - s1@group-A1961C08437E-SegmentedRaftLogWorker: created new log segment /workdir/ratis-test/target/test/data/b2c0a8be/MiniRaftClusterWithNetty1f9c6c63/s1/7b03d609-5326-4b0a-b2d2-a1961c08437e/current/log_inprogress_34
2019-09-24 16:37:42,368 INFO  statemachine.SimpleStateMachine4Testing (SimpleStateMachine4Testing.java:put(198)) - s2: put 34, 4444444444... -> (t:2, i:34), STATEMACHINELOGENTRY, client-69912ADB290A, cid=19
2019-09-24 16:37:42,370 INFO  segmented.SegmentedRaftLogWorker (SegmentedRaftLogWorker.java:rollLogSegment(385)) - s2@group-A1961C08437E-SegmentedRaftLogWorker: Rolling segment log-40_41 to index:41
2019-09-24 16:37:42,376 INFO  segmented.SegmentedRaftLogWorker (SegmentedRaftLogWorker.java:execute(569)) - s0@group-A1961C08437E-SegmentedRaftLogWorker: created new log segment /workdir/ratis-test/target/test/data/b2c0a8be/MiniRaftClusterWithNetty1f9c6c63/s0/7b03d609-5326-4b0a-b2d2-a1961c08437e/current/log_inprogress_34
2019-09-24 16:37:42,382 TRACE util.FileUtils (LogUtils.java:runAndLog(61)) - Successfully ran Files.move /workdir/ratis-test/target/test/data/b2c0a8be/MiniRaftClusterWithNetty1f9c6c63/s2/7b03d609-5326-4b0a-b2d2-a1961c08437e/current/log_inprogress_40 to /workdir/ratis-test/target/test/data/b2c0a8be/MiniRaftClusterWithNetty1f9c6c63/s2/7b03d609-5326-4b0a-b2d2-a1961c08437e/current/log_40-41
2019-09-24 16:37:42,382 INFO  segmented.SegmentedRaftLogWorker (SegmentedRaftLogWorker.java:execute(526)) - s2@group-A1961C08437E-SegmentedRaftLogWorker: Rolled log segment from /workdir/ratis-test/target/test/data/b2c0a8be/MiniRaftClusterWithNetty1f9c6c63/s2/7b03d609-5326-4b0a-b2d2-a1961c08437e/current/log_inprogress_40 to /workdir/ratis-test/target/test/data/b2c0a8be/MiniRaftClusterWithNetty1f9c6c63/s2/7b03d609-5326-4b0a-b2d2-a1961c08437e/current/log_40-41
2019-09-24 16:37:42,382 INFO  statemachine.SimpleStateMachine4Testing (SimpleStateMachine4Testing.java:put(198)) - s1: put 34, 4444444444... -> (t:2, i:34), STATEMACHINELOGENTRY, client-69912ADB290A, cid=19
2019-09-24 16:37:42,384 INFO  segmented.SegmentedRaftLogWorker (SegmentedRaftLogWorker.java:rollLogSegment(385)) - s1@group-A1961C08437E-SegmentedRaftLogWorker: Rolling segment log-34_35 to index:35
2019-09-24 16:37:42,385 TRACE util.FileUtils (LogUtils.java:runAndLog(61)) - Successfully ran Files.move /workdir/ratis-test/target/test/data/b2c0a8be/MiniRaftClusterWithNetty1f9c6c63/s1/7b03d609-5326-4b0a-b2d2-a1961c08437e/current/log_inprogress_34 to /workdir/ratis-test/target/test/data/b2c0a8be/MiniRaftClusterWithNetty1f9c6c63/s1/7b03d609-5326-4b0a-b2d2-a1961c08437e/current/log_34-35
2019-09-24 16:37:42,385 INFO  segmented.SegmentedRaftLogWorker (SegmentedRaftLogWorker.java:execute(526)) - s1@group-A1961C08437E-SegmentedRaftLogWorker: Rolled log segment from /workdir/ratis-test/target/test/data/b2c0a8be/MiniRaftClusterWithNetty1f9c6c63/s1/7b03d609-5326-4b0a-b2d2-a1961c08437e/current/log_inprogress_34 to /workdir/ratis-test/target/test/data/b2c0a8be/MiniRaftClusterWithNetty1f9c6c63/s1/7b03d609-5326-4b0a-b2d2-a1961c08437e/current/log_34-35
2019-09-24 16:37:42,394 INFO  statemachine.SimpleStateMachine4Testing (SimpleStateMachine4Testing.java:put(198)) - s0: put 34, 4444444444... -> (t:2, i:34), STATEMACHINELOGENTRY, client-69912ADB290A, cid=19
2019-09-24 16:37:42,396 INFO  segmented.SegmentedRaftLogWorker (SegmentedRaftLogWorker.java:rollLogSegment(385)) - s0@group-A1961C08437E-SegmentedRaftLogWorker: Rolling segment log-34_35 to index:35
2019-09-24 16:37:42,402 TRACE util.FileUtils (LogUtils.java:runAndLog(61)) - Successfully ran Files.move /workdir/ratis-test/target/test/data/b2c0a8be/MiniRaftClusterWithNetty1f9c6c63/s0/7b03d609-5326-4b0a-b2d2-a1961c08437e/current/log_inprogress_34 to /workdir/ratis-test/target/test/data/b2c0a8be/MiniRaftClusterWithNetty1f9c6c63/s0/7b03d609-5326-4b0a-b2d2-a1961c08437e/current/log_34-35
2019-09-24 16:37:42,402 INFO  segmented.SegmentedRaftLogWorker (SegmentedRaftLogWorker.java:execute(526)) - s0@group-A1961C08437E-SegmentedRaftLogWorker: Rolled log segment from /workdir/ratis-test/target/test/data/b2c0a8be/MiniRaftClusterWithNetty1f9c6c63/s0/7b03d609-5326-4b0a-b2d2-a1961c08437e/current/log_inprogress_34 to /workdir/ratis-test/target/test/data/b2c0a8be/MiniRaftClusterWithNetty1f9c6c63/s0/7b03d609-5326-4b0a-b2d2-a1961c08437e/current/log_34-35
2019-09-24 16:37:42,410 INFO  segmented.SegmentedRaftLogWorker (SegmentedRaftLogWorker.java:execute(569)) - s1@group-A1961C08437E-SegmentedRaftLogWorker: created new log segment /workdir/ratis-test/target/test/data/b2c0a8be/MiniRaftClusterWithNetty1f9c6c63/s1/7b03d609-5326-4b0a-b2d2-a1961c08437e/current/log_inprogress_36
2019-09-24 16:37:42,410 INFO  segmented.SegmentedRaftLogWorker (SegmentedRaftLogWorker.java:execute(569)) - s2@group-A1961C08437E-SegmentedRaftLogWorker: created new log segment /workdir/ratis-test/target/test/data/b2c0a8be/MiniRaftClusterWithNetty1f9c6c63/s2/7b03d609-5326-4b0a-b2d2-a1961c08437e/current/log_inprogress_42
2019-09-24 16:37:42,427 INFO  segmented.SegmentedRaftLogWorker (SegmentedRaftLogWorker.java:execute(569)) - s0@group-A1961C08437E-SegmentedRaftLogWorker: created new log segment /workdir/ratis-test/target/test/data/b2c0a8be/MiniRaftClusterWithNetty1f9c6c63/s0/7b03d609-5326-4b0a-b2d2-a1961c08437e/current/log_inprogress_36
2019-09-24 16:37:42,435 INFO  statemachine.SimpleStateMachine4Testing (SimpleStateMachine4Testing.java:put(198)) - s2: put 36, 2222222222... -> (t:2, i:36), STATEMACHINELOGENTRY, client-781B3BD2DEB4, cid=16
2019-09-24 16:37:42,437 INFO  segmented.SegmentedRaftLogWorker (SegmentedRaftLogWorker.java:rollLogSegment(385)) - s2@group-A1961C08437E-SegmentedRaftLogWorker: Rolling segment log-42_43 to index:43
2019-09-24 16:37:42,454 TRACE util.FileUtils (LogUtils.java:runAndLog(61)) - Successfully ran Files.move /workdir/ratis-test/target/test/data/b2c0a8be/MiniRaftClusterWithNetty1f9c6c63/s2/7b03d609-5326-4b0a-b2d2-a1961c08437e/current/log_inprogress_42 to /workdir/ratis-test/target/test/data/b2c0a8be/MiniRaftClusterWithNetty1f9c6c63/s2/7b03d609-5326-4b0a-b2d2-a1961c08437e/current/log_42-43
2019-09-24 16:37:42,454 INFO  segmented.SegmentedRaftLogWorker (SegmentedRaftLogWorker.java:execute(526)) - s2@group-A1961C08437E-SegmentedRaftLogWorker: Rolled log segment from /workdir/ratis-test/target/test/data/b2c0a8be/MiniRaftClusterWithNetty1f9c6c63/s2/7b03d609-5326-4b0a-b2d2-a1961c08437e/current/log_inprogress_42 to /workdir/ratis-test/target/test/data/b2c0a8be/MiniRaftClusterWithNetty1f9c6c63/s2/7b03d609-5326-4b0a-b2d2-a1961c08437e/current/log_42-43
2019-09-24 16:37:42,455 INFO  statemachine.SimpleStateMachine4Testing (SimpleStateMachine4Testing.java:put(198)) - s0: put 36, 2222222222... -> (t:2, i:36), STATEMACHINELOGENTRY, client-781B3BD2DEB4, cid=16
2019-09-24 16:37:42,455 INFO  statemachine.SimpleStateMachine4Testing (SimpleStateMachine4Testing.java:put(198)) - s1: put 36, 2222222222... -> (t:2, i:36), STATEMACHINELOGENTRY, client-781B3BD2DEB4, cid=16
2019-09-24 16:37:42,457 INFO  segmented.SegmentedRaftLogWorker (SegmentedRaftLogWorker.java:rollLogSegment(385)) - s0@group-A1961C08437E-SegmentedRaftLogWorker: Rolling segment log-36_37 to index:37
2019-09-24 16:37:42,457 INFO  segmented.SegmentedRaftLogWorker (SegmentedRaftLogWorker.java:rollLogSegment(385)) - s1@group-A1961C08437E-SegmentedRaftLogWorker: Rolling segment log-36_37 to index:37
2019-09-24 16:37:42,458 TRACE util.FileUtils (LogUtils.java:runAndLog(61)) - Successfully ran Files.move /workdir/ratis-test/target/test/data/b2c0a8be/MiniRaftClusterWithNetty1f9c6c63/s0/7b03d609-5326-4b0a-b2d2-a1961c08437e/current/log_inprogress_36 to /workdir/ratis-test/target/test/data/b2c0a8be/MiniRaftClusterWithNetty1f9c6c63/s0/7b03d609-5326-4b0a-b2d2-a1961c08437e/current/log_36-37
2019-09-24 16:37:42,458 INFO  segmented.SegmentedRaftLogWorker (SegmentedRaftLogWorker.java:execute(526)) - s0@group-A1961C08437E-SegmentedRaftLogWorker: Rolled log segment from /workdir/ratis-test/target/test/data/b2c0a8be/MiniRaftClusterWithNetty1f9c6c63/s0/7b03d609-5326-4b0a-b2d2-a1961c08437e/current/log_inprogress_36 to /workdir/ratis-test/target/test/data/b2c0a8be/MiniRaftClusterWithNetty1f9c6c63/s0/7b03d609-5326-4b0a-b2d2-a1961c08437e/current/log_36-37
2019-09-24 16:37:42,458 TRACE util.FileUtils (LogUtils.java:runAndLog(61)) - Successfully ran Files.move /workdir/ratis-test/target/test/data/b2c0a8be/MiniRaftClusterWithNetty1f9c6c63/s1/7b03d609-5326-4b0a-b2d2-a1961c08437e/current/log_inprogress_36 to /workdir/ratis-test/target/test/data/b2c0a8be/MiniRaftClusterWithNetty1f9c6c63/s1/7b03d609-5326-4b0a-b2d2-a1961c08437e/current/log_36-37
2019-09-24 16:37:42,458 INFO  segmented.SegmentedRaftLogWorker (SegmentedRaftLogWorker.java:execute(526)) - s1@group-A1961C08437E-SegmentedRaftLogWorker: Rolled log segment from /workdir/ratis-test/target/test/data/b2c0a8be/MiniRaftClusterWithNetty1f9c6c63/s1/7b03d609-5326-4b0a-b2d2-a1961c08437e/current/log_inprogress_36 to /workdir/ratis-test/target/test/data/b2c0a8be/MiniRaftClusterWithNetty1f9c6c63/s1/7b03d609-5326-4b0a-b2d2-a1961c08437e/current/log_36-37
2019-09-24 16:37:42,503 INFO  segmented.SegmentedRaftLogWorker (SegmentedRaftLogWorker.java:execute(569)) - s2@group-A1961C08437E-SegmentedRaftLogWorker: created new log segment /workdir/ratis-test/target/test/data/b2c0a8be/MiniRaftClusterWithNetty1f9c6c63/s2/7b03d609-5326-4b0a-b2d2-a1961c08437e/current/log_inprogress_44
2019-09-24 16:37:42,503 INFO  segmented.SegmentedRaftLogWorker (SegmentedRaftLogWorker.java:execute(569)) - s0@group-A1961C08437E-SegmentedRaftLogWorker: created new log segment /workdir/ratis-test/target/test/data/b2c0a8be/MiniRaftClusterWithNetty1f9c6c63/s0/7b03d609-5326-4b0a-b2d2-a1961c08437e/current/log_inprogress_38
2019-09-24 16:37:42,503 INFO  segmented.SegmentedRaftLogWorker (SegmentedRaftLogWorker.java:execute(569)) - s1@group-A1961C08437E-SegmentedRaftLogWorker: created new log segment /workdir/ratis-test/target/test/data/b2c0a8be/MiniRaftClusterWithNetty1f9c6c63/s1/7b03d609-5326-4b0a-b2d2-a1961c08437e/current/log_inprogress_38
2019-09-24 16:37:42,536 INFO  statemachine.SimpleStateMachine4Testing (SimpleStateMachine4Testing.java:put(198)) - s2: put 38, 5555555555... -> (t:2, i:38), STATEMACHINELOGENTRY, client-DA36977FC49F, cid=21
2019-09-24 16:37:42,552 INFO  statemachine.SimpleStateMachine4Testing (SimpleStateMachine4Testing.java:put(198)) - s0: put 38, 5555555555... -> (t:2, i:38), STATEMACHINELOGENTRY, client-DA36977FC49F, cid=21
2019-09-24 16:37:42,552 INFO  statemachine.SimpleStateMachine4Testing (SimpleStateMachine4Testing.java:put(198)) - s1: put 38, 5555555555... -> (t:2, i:38), STATEMACHINELOGENTRY, client-DA36977FC49F, cid=21
2019-09-24 16:37:42,554 INFO  segmented.SegmentedRaftLogWorker (SegmentedRaftLogWorker.java:rollLogSegment(385)) - s0@group-A1961C08437E-SegmentedRaftLogWorker: Rolling segment log-38_39 to index:39
2019-09-24 16:37:42,554 INFO  segmented.SegmentedRaftLogWorker (SegmentedRaftLogWorker.java:rollLogSegment(385)) - s1@group-A1961C08437E-SegmentedRaftLogWorker: Rolling segment log-38_39 to index:39
2019-09-24 16:37:42,555 TRACE util.FileUtils (LogUtils.java:runAndLog(61)) - Successfully ran Files.move /workdir/ratis-test/target/test/data/b2c0a8be/MiniRaftClusterWithNetty1f9c6c63/s0/7b03d609-5326-4b0a-b2d2-a1961c08437e/current/log_inprogress_38 to /workdir/ratis-test/target/test/data/b2c0a8be/MiniRaftClusterWithNetty1f9c6c63/s0/7b03d609-5326-4b0a-b2d2-a1961c08437e/current/log_38-39
2019-09-24 16:37:42,555 INFO  segmented.SegmentedRaftLogWorker (SegmentedRaftLogWorker.java:execute(526)) - s0@group-A1961C08437E-SegmentedRaftLogWorker: Rolled log segment from /workdir/ratis-test/target/test/data/b2c0a8be/MiniRaftClusterWithNetty1f9c6c63/s0/7b03d609-5326-4b0a-b2d2-a1961c08437e/current/log_inprogress_38 to /workdir/ratis-test/target/test/data/b2c0a8be/MiniRaftClusterWithNetty1f9c6c63/s0/7b03d609-5326-4b0a-b2d2-a1961c08437e/current/log_38-39
2019-09-24 16:37:42,555 TRACE util.FileUtils (LogUtils.java:runAndLog(61)) - Successfully ran Files.move /workdir/ratis-test/target/test/data/b2c0a8be/MiniRaftClusterWithNetty1f9c6c63/s1/7b03d609-5326-4b0a-b2d2-a1961c08437e/current/log_inprogress_38 to /workdir/ratis-test/target/test/data/b2c0a8be/MiniRaftClusterWithNetty1f9c6c63/s1/7b03d609-5326-4b0a-b2d2-a1961c08437e/current/log_38-39
2019-09-24 16:37:42,555 INFO  segmented.SegmentedRaftLogWorker (SegmentedRaftLogWorker.java:execute(526)) - s1@group-A1961C08437E-SegmentedRaftLogWorker: Rolled log segment from /workdir/ratis-test/target/test/data/b2c0a8be/MiniRaftClusterWithNetty1f9c6c63/s1/7b03d609-5326-4b0a-b2d2-a1961c08437e/current/log_inprogress_38 to /workdir/ratis-test/target/test/data/b2c0a8be/MiniRaftClusterWithNetty1f9c6c63/s1/7b03d609-5326-4b0a-b2d2-a1961c08437e/current/log_38-39
2019-09-24 16:37:42,587 INFO  segmented.SegmentedRaftLogWorker (SegmentedRaftLogWorker.java:execute(569)) - s1@group-A1961C08437E-SegmentedRaftLogWorker: created new log segment /workdir/ratis-test/target/test/data/b2c0a8be/MiniRaftClusterWithNetty1f9c6c63/s1/7b03d609-5326-4b0a-b2d2-a1961c08437e/current/log_inprogress_40
2019-09-24 16:37:42,587 INFO  segmented.SegmentedRaftLogWorker (SegmentedRaftLogWorker.java:execute(569)) - s0@group-A1961C08437E-SegmentedRaftLogWorker: created new log segment /workdir/ratis-test/target/test/data/b2c0a8be/MiniRaftClusterWithNetty1f9c6c63/s0/7b03d609-5326-4b0a-b2d2-a1961c08437e/current/log_inprogress_40
2019-09-24 16:37:42,600 INFO  statemachine.SimpleStateMachine4Testing (SimpleStateMachine4Testing.java:put(198)) - s2: put 40, 5555555555... -> (t:2, i:40), STATEMACHINELOGENTRY, client-6F4DA14A560B, cid=22
2019-09-24 16:37:42,612 INFO  statemachine.SimpleStateMachine4Testing (SimpleStateMachine4Testing.java:put(198)) - s1: put 40, 5555555555... -> (t:2, i:40), STATEMACHINELOGENTRY, client-6F4DA14A560B, cid=22
2019-09-24 16:37:42,615 INFO  segmented.SegmentedRaftLogWorker (SegmentedRaftLogWorker.java:rollLogSegment(385)) - s1@group-A1961C08437E-SegmentedRaftLogWorker: Rolling segment log-40_41 to index:41
2019-09-24 16:37:42,616 TRACE util.FileUtils (LogUtils.java:runAndLog(61)) - Successfully ran Files.move /workdir/ratis-test/target/test/data/b2c0a8be/MiniRaftClusterWithNetty1f9c6c63/s1/7b03d609-5326-4b0a-b2d2-a1961c08437e/current/log_inprogress_40 to /workdir/ratis-test/target/test/data/b2c0a8be/MiniRaftClusterWithNetty1f9c6c63/s1/7b03d609-5326-4b0a-b2d2-a1961c08437e/current/log_40-41
2019-09-24 16:37:42,616 INFO  segmented.SegmentedRaftLogWorker (SegmentedRaftLogWorker.java:execute(526)) - s1@group-A1961C08437E-SegmentedRaftLogWorker: Rolled log segment from /workdir/ratis-test/target/test/data/b2c0a8be/MiniRaftClusterWithNetty1f9c6c63/s1/7b03d609-5326-4b0a-b2d2-a1961c08437e/current/log_inprogress_40 to /workdir/ratis-test/target/test/data/b2c0a8be/MiniRaftClusterWithNetty1f9c6c63/s1/7b03d609-5326-4b0a-b2d2-a1961c08437e/current/log_40-41
2019-09-24 16:37:42,629 INFO  segmented.SegmentedRaftLogWorker (SegmentedRaftLogWorker.java:execute(569)) - s1@group-A1961C08437E-SegmentedRaftLogWorker: created new log segment /workdir/ratis-test/target/test/data/b2c0a8be/MiniRaftClusterWithNetty1f9c6c63/s1/7b03d609-5326-4b0a-b2d2-a1961c08437e/current/log_inprogress_42
2019-09-24 16:37:42,642 INFO  statemachine.SimpleStateMachine4Testing (SimpleStateMachine4Testing.java:put(198)) - s2: put 42, 5555555555... -> (t:2, i:42), STATEMACHINELOGENTRY, client-69912ADB290A, cid=23
2019-09-24 16:37:42,657 INFO  segmented.SegmentedRaftLogWorker (SegmentedRaftLogWorker.java:rollLogSegment(385)) - s1@group-A1961C08437E-SegmentedRaftLogWorker: Rolling segment log-42_43 to index:43
2019-09-24 16:37:42,658 TRACE util.FileUtils (LogUtils.java:runAndLog(61)) - Successfully ran Files.move /workdir/ratis-test/target/test/data/b2c0a8be/MiniRaftClusterWithNetty1f9c6c63/s1/7b03d609-5326-4b0a-b2d2-a1961c08437e/current/log_inprogress_42 to /workdir/ratis-test/target/test/data/b2c0a8be/MiniRaftClusterWithNetty1f9c6c63/s1/7b03d609-5326-4b0a-b2d2-a1961c08437e/current/log_42-43
2019-09-24 16:37:42,658 INFO  segmented.SegmentedRaftLogWorker (SegmentedRaftLogWorker.java:execute(526)) - s1@group-A1961C08437E-SegmentedRaftLogWorker: Rolled log segment from /workdir/ratis-test/target/test/data/b2c0a8be/MiniRaftClusterWithNetty1f9c6c63/s1/7b03d609-5326-4b0a-b2d2-a1961c08437e/current/log_inprogress_42 to /workdir/ratis-test/target/test/data/b2c0a8be/MiniRaftClusterWithNetty1f9c6c63/s1/7b03d609-5326-4b0a-b2d2-a1961c08437e/current/log_42-43
2019-09-24 16:37:42,727 INFO  segmented.SegmentedRaftLogWorker (SegmentedRaftLogWorker.java:execute(569)) - s1@group-A1961C08437E-SegmentedRaftLogWorker: created new log segment /workdir/ratis-test/target/test/data/b2c0a8be/MiniRaftClusterWithNetty1f9c6c63/s1/7b03d609-5326-4b0a-b2d2-a1961c08437e/current/log_inprogress_44
2019-09-24 16:37:42,743 INFO  statemachine.SimpleStateMachine4Testing (SimpleStateMachine4Testing.java:put(198)) - s1: put 42, 5555555555... -> (t:2, i:42), STATEMACHINELOGENTRY, client-69912ADB290A, cid=23
2019-09-24 16:37:42,743 INFO  statemachine.SimpleStateMachine4Testing (SimpleStateMachine4Testing.java:put(198)) - s2: put 44, 2222222222... -> (t:2, i:44), STATEMACHINELOGENTRY, client-D98953169D47, cid=20
2019-09-24 16:37:42,744 INFO  segmented.SegmentedRaftLogWorker (SegmentedRaftLogWorker.java:rollLogSegment(385)) - s0@group-A1961C08437E-SegmentedRaftLogWorker: Rolling segment log-40_41 to index:41
2019-09-24 16:37:42,745 INFO  segmented.SegmentedRaftLogWorker (SegmentedRaftLogWorker.java:rollLogSegment(385)) - s2@group-A1961C08437E-SegmentedRaftLogWorker: Rolling segment log-44_51 to index:51
2019-09-24 16:37:42,745 TRACE util.FileUtils (LogUtils.java:runAndLog(61)) - Successfully ran Files.move /workdir/ratis-test/target/test/data/b2c0a8be/MiniRaftClusterWithNetty1f9c6c63/s0/7b03d609-5326-4b0a-b2d2-a1961c08437e/current/log_inprogress_40 to /workdir/ratis-test/target/test/data/b2c0a8be/MiniRaftClusterWithNetty1f9c6c63/s0/7b03d609-5326-4b0a-b2d2-a1961c08437e/current/log_40-41
2019-09-24 16:37:42,745 INFO  segmented.SegmentedRaftLogWorker (SegmentedRaftLogWorker.java:execute(526)) - s0@group-A1961C08437E-SegmentedRaftLogWorker: Rolled log segment from /workdir/ratis-test/target/test/data/b2c0a8be/MiniRaftClusterWithNetty1f9c6c63/s0/7b03d609-5326-4b0a-b2d2-a1961c08437e/current/log_inprogress_40 to /workdir/ratis-test/target/test/data/b2c0a8be/MiniRaftClusterWithNetty1f9c6c63/s0/7b03d609-5326-4b0a-b2d2-a1961c08437e/current/log_40-41
2019-09-24 16:37:42,763 INFO  statemachine.SimpleStateMachine4Testing (SimpleStateMachine4Testing.java:put(198)) - s1: put 44, 2222222222... -> (t:2, i:44), STATEMACHINELOGENTRY, client-D98953169D47, cid=20
2019-09-24 16:37:42,773 TRACE util.FileUtils (LogUtils.java:runAndLog(61)) - Successfully ran Files.move /workdir/ratis-test/target/test/data/b2c0a8be/MiniRaftClusterWithNetty1f9c6c63/s2/7b03d609-5326-4b0a-b2d2-a1961c08437e/current/log_inprogress_44 to /workdir/ratis-test/target/test/data/b2c0a8be/MiniRaftClusterWithNetty1f9c6c63/s2/7b03d609-5326-4b0a-b2d2-a1961c08437e/current/log_44-51
2019-09-24 16:37:42,773 INFO  segmented.SegmentedRaftLogWorker (SegmentedRaftLogWorker.java:execute(526)) - s2@group-A1961C08437E-SegmentedRaftLogWorker: Rolled log segment from /workdir/ratis-test/target/test/data/b2c0a8be/MiniRaftClusterWithNetty1f9c6c63/s2/7b03d609-5326-4b0a-b2d2-a1961c08437e/current/log_inprogress_44 to /workdir/ratis-test/target/test/data/b2c0a8be/MiniRaftClusterWithNetty1f9c6c63/s2/7b03d609-5326-4b0a-b2d2-a1961c08437e/current/log_44-51
2019-09-24 16:37:42,781 INFO  statemachine.SimpleStateMachine4Testing (SimpleStateMachine4Testing.java:put(198)) - s2: put 46, 0000000000... -> (t:2, i:46), STATEMACHINELOGENTRY, client-DA36977FC49F, cid=25
2019-09-24 16:37:42,790 INFO  segmented.SegmentedRaftLogWorker (SegmentedRaftLogWorker.java:execute(569)) - s0@group-A1961C08437E-SegmentedRaftLogWorker: created new log segment /workdir/ratis-test/target/test/data/b2c0a8be/MiniRaftClusterWithNetty1f9c6c63/s0/7b03d609-5326-4b0a-b2d2-a1961c08437e/current/log_inprogress_42
2019-09-24 16:37:42,792 INFO  segmented.SegmentedRaftLogWorker (SegmentedRaftLogWorker.java:execute(569)) - s2@group-A1961C08437E-SegmentedRaftLogWorker: created new log segment /workdir/ratis-test/target/test/data/b2c0a8be/MiniRaftClusterWithNetty1f9c6c63/s2/7b03d609-5326-4b0a-b2d2-a1961c08437e/current/log_inprogress_52
2019-09-24 16:37:42,821 INFO  statemachine.SimpleStateMachine4Testing (SimpleStateMachine4Testing.java:put(198)) - s1: put 46, 0000000000... -> (t:2, i:46), STATEMACHINELOGENTRY, client-DA36977FC49F, cid=25
2019-09-24 16:37:42,821 INFO  statemachine.SimpleStateMachine4Testing (SimpleStateMachine4Testing.java:put(198)) - s2: put 48, 0000000000... -> (t:2, i:48), STATEMACHINELOGENTRY, client-6F4DA14A560B, cid=26
2019-09-24 16:37:42,822 INFO  segmented.SegmentedRaftLogWorker (SegmentedRaftLogWorker.java:rollLogSegment(385)) - s0@group-A1961C08437E-SegmentedRaftLogWorker: Rolling segment log-42_43 to index:43
2019-09-24 16:37:42,823 TRACE util.FileUtils (LogUtils.java:runAndLog(61)) - Successfully ran Files.move /workdir/ratis-test/target/test/data/b2c0a8be/MiniRaftClusterWithNetty1f9c6c63/s0/7b03d609-5326-4b0a-b2d2-a1961c08437e/current/log_inprogress_42 to /workdir/ratis-test/target/test/data/b2c0a8be/MiniRaftClusterWithNetty1f9c6c63/s0/7b03d609-5326-4b0a-b2d2-a1961c08437e/current/log_42-43
2019-09-24 16:37:42,824 INFO  segmented.SegmentedRaftLogWorker (SegmentedRaftLogWorker.java:execute(526)) - s0@group-A1961C08437E-SegmentedRaftLogWorker: Rolled log segment from /workdir/ratis-test/target/test/data/b2c0a8be/MiniRaftClusterWithNetty1f9c6c63/s0/7b03d609-5326-4b0a-b2d2-a1961c08437e/current/log_inprogress_42 to /workdir/ratis-test/target/test/data/b2c0a8be/MiniRaftClusterWithNetty1f9c6c63/s0/7b03d609-5326-4b0a-b2d2-a1961c08437e/current/log_42-43
2019-09-24 16:37:42,824 INFO  segmented.SegmentedRaftLogWorker (SegmentedRaftLogWorker.java:rollLogSegment(385)) - s2@group-A1961C08437E-SegmentedRaftLogWorker: Rolling segment log-52_55 to index:55
2019-09-24 16:37:42,855 TRACE util.FileUtils (LogUtils.java:runAndLog(61)) - Successfully ran Files.move /workdir/ratis-test/target/test/data/b2c0a8be/MiniRaftClusterWithNetty1f9c6c63/s2/7b03d609-5326-4b0a-b2d2-a1961c08437e/current/log_inprogress_52 to /workdir/ratis-test/target/test/data/b2c0a8be/MiniRaftClusterWithNetty1f9c6c63/s2/7b03d609-5326-4b0a-b2d2-a1961c08437e/current/log_52-55
2019-09-24 16:37:42,855 INFO  segmented.SegmentedRaftLogWorker (SegmentedRaftLogWorker.java:execute(526)) - s2@group-A1961C08437E-SegmentedRaftLogWorker: Rolled log segment from /workdir/ratis-test/target/test/data/b2c0a8be/MiniRaftClusterWithNetty1f9c6c63/s2/7b03d609-5326-4b0a-b2d2-a1961c08437e/current/log_inprogress_52 to /workdir/ratis-test/target/test/data/b2c0a8be/MiniRaftClusterWithNetty1f9c6c63/s2/7b03d609-5326-4b0a-b2d2-a1961c08437e/current/log_52-55
2019-09-24 16:37:42,867 INFO  statemachine.SimpleStateMachine4Testing (SimpleStateMachine4Testing.java:put(198)) - s1: put 48, 0000000000... -> (t:2, i:48), STATEMACHINELOGENTRY, client-6F4DA14A560B, cid=26
2019-09-24 16:37:42,868 INFO  statemachine.SimpleStateMachine4Testing (SimpleStateMachine4Testing.java:put(198)) - s2: put 50, 0000000000... -> (t:2, i:50), STATEMACHINELOGENTRY, client-69912ADB290A, cid=27
2019-09-24 16:37:42,875 INFO  segmented.SegmentedRaftLogWorker (SegmentedRaftLogWorker.java:execute(569)) - s0@group-A1961C08437E-SegmentedRaftLogWorker: created new log segment /workdir/ratis-test/target/test/data/b2c0a8be/MiniRaftClusterWithNetty1f9c6c63/s0/7b03d609-5326-4b0a-b2d2-a1961c08437e/current/log_inprogress_44
2019-09-24 16:37:42,877 INFO  segmented.SegmentedRaftLogWorker (SegmentedRaftLogWorker.java:execute(569)) - s2@group-A1961C08437E-SegmentedRaftLogWorker: created new log segment /workdir/ratis-test/target/test/data/b2c0a8be/MiniRaftClusterWithNetty1f9c6c63/s2/7b03d609-5326-4b0a-b2d2-a1961c08437e/current/log_inprogress_56
2019-09-24 16:37:42,889 INFO  statemachine.SimpleStateMachine4Testing (SimpleStateMachine4Testing.java:put(198)) - s1: put 50, 0000000000... -> (t:2, i:50), STATEMACHINELOGENTRY, client-69912ADB290A, cid=27
2019-09-24 16:37:42,890 INFO  segmented.SegmentedRaftLogWorker (SegmentedRaftLogWorker.java:rollLogSegment(385)) - s1@group-A1961C08437E-SegmentedRaftLogWorker: Rolling segment log-44_51 to index:51
2019-09-24 16:37:42,891 TRACE util.FileUtils (LogUtils.java:runAndLog(61)) - Successfully ran Files.move /workdir/ratis-test/target/test/data/b2c0a8be/MiniRaftClusterWithNetty1f9c6c63/s1/7b03d609-5326-4b0a-b2d2-a1961c08437e/current/log_inprogress_44 to /workdir/ratis-test/target/test/data/b2c0a8be/MiniRaftClusterWithNetty1f9c6c63/s1/7b03d609-5326-4b0a-b2d2-a1961c08437e/current/log_44-51
2019-09-24 16:37:42,891 INFO  segmented.SegmentedRaftLogWorker (SegmentedRaftLogWorker.java:execute(526)) - s1@group-A1961C08437E-SegmentedRaftLogWorker: Rolled log segment from /workdir/ratis-test/target/test/data/b2c0a8be/MiniRaftClusterWithNetty1f9c6c63/s1/7b03d609-5326-4b0a-b2d2-a1961c08437e/current/log_inprogress_44 to /workdir/ratis-test/target/test/data/b2c0a8be/MiniRaftClusterWithNetty1f9c6c63/s1/7b03d609-5326-4b0a-b2d2-a1961c08437e/current/log_44-51
2019-09-24 16:37:42,919 INFO  segmented.SegmentedRaftLogWorker (SegmentedRaftLogWorker.java:execute(569)) - s1@group-A1961C08437E-SegmentedRaftLogWorker: created new log segment /workdir/ratis-test/target/test/data/b2c0a8be/MiniRaftClusterWithNetty1f9c6c63/s1/7b03d609-5326-4b0a-b2d2-a1961c08437e/current/log_inprogress_52
2019-09-24 16:37:42,932 INFO  statemachine.SimpleStateMachine4Testing (SimpleStateMachine4Testing.java:put(198)) - s2: put 52, 3333333333... -> (t:2, i:52), STATEMACHINELOGENTRY, client-781B3BD2DEB4, cid=24
2019-09-24 16:37:42,933 INFO  segmented.SegmentedRaftLogWorker (SegmentedRaftLogWorker.java:rollLogSegment(385)) - s2@group-A1961C08437E-SegmentedRaftLogWorker: Rolling segment log-56_59 to index:59
2019-09-24 16:37:42,943 TRACE util.FileUtils (LogUtils.java:runAndLog(61)) - Successfully ran Files.move /workdir/ratis-test/target/test/data/b2c0a8be/MiniRaftClusterWithNetty1f9c6c63/s2/7b03d609-5326-4b0a-b2d2-a1961c08437e/current/log_inprogress_56 to /workdir/ratis-test/target/test/data/b2c0a8be/MiniRaftClusterWithNetty1f9c6c63/s2/7b03d609-5326-4b0a-b2d2-a1961c08437e/current/log_56-59
2019-09-24 16:37:42,943 INFO  segmented.SegmentedRaftLogWorker (SegmentedRaftLogWorker.java:execute(526)) - s2@group-A1961C08437E-SegmentedRaftLogWorker: Rolled log segment from /workdir/ratis-test/target/test/data/b2c0a8be/MiniRaftClusterWithNetty1f9c6c63/s2/7b03d609-5326-4b0a-b2d2-a1961c08437e/current/log_inprogress_56 to /workdir/ratis-test/target/test/data/b2c0a8be/MiniRaftClusterWithNetty1f9c6c63/s2/7b03d609-5326-4b0a-b2d2-a1961c08437e/current/log_56-59
2019-09-24 16:37:42,944 INFO  statemachine.SimpleStateMachine4Testing (SimpleStateMachine4Testing.java:put(198)) - s1: put 52, 3333333333... -> (t:2, i:52), STATEMACHINELOGENTRY, client-781B3BD2DEB4, cid=24
2019-09-24 16:37:42,956 INFO  statemachine.SimpleStateMachine4Testing (SimpleStateMachine4Testing.java:put(198)) - s2: put 54, 1111111111... -> (t:2, i:54), STATEMACHINELOGENTRY, client-DA36977FC49F, cid=29
2019-09-24 16:37:42,956 INFO  segmented.SegmentedRaftLogWorker (SegmentedRaftLogWorker.java:execute(569)) - s2@group-A1961C08437E-SegmentedRaftLogWorker: created new log segment /workdir/ratis-test/target/test/data/b2c0a8be/MiniRaftClusterWithNetty1f9c6c63/s2/7b03d609-5326-4b0a-b2d2-a1961c08437e/current/log_inprogress_60
2019-09-24 16:37:42,960 INFO  segmented.SegmentedRaftLogWorker (SegmentedRaftLogWorker.java:rollLogSegment(385)) - s1@group-A1961C08437E-SegmentedRaftLogWorker: Rolling segment log-52_55 to index:55
2019-09-24 16:37:42,961 TRACE util.FileUtils (LogUtils.java:runAndLog(61)) - Successfully ran Files.move /workdir/ratis-test/target/test/data/b2c0a8be/MiniRaftClusterWithNetty1f9c6c63/s1/7b03d609-5326-4b0a-b2d2-a1961c08437e/current/log_inprogress_52 to /workdir/ratis-test/target/test/data/b2c0a8be/MiniRaftClusterWithNetty1f9c6c63/s1/7b03d609-5326-4b0a-b2d2-a1961c08437e/current/log_52-55
2019-09-24 16:37:42,961 INFO  segmented.SegmentedRaftLogWorker (SegmentedRaftLogWorker.java:execute(526)) - s1@group-A1961C08437E-SegmentedRaftLogWorker: Rolled log segment from /workdir/ratis-test/target/test/data/b2c0a8be/MiniRaftClusterWithNetty1f9c6c63/s1/7b03d609-5326-4b0a-b2d2-a1961c08437e/current/log_inprogress_52 to /workdir/ratis-test/target/test/data/b2c0a8be/MiniRaftClusterWithNetty1f9c6c63/s1/7b03d609-5326-4b0a-b2d2-a1961c08437e/current/log_52-55
2019-09-24 16:37:42,975 INFO  segmented.SegmentedRaftLogWorker (SegmentedRaftLogWorker.java:execute(569)) - s1@group-A1961C08437E-SegmentedRaftLogWorker: created new log segment /workdir/ratis-test/target/test/data/b2c0a8be/MiniRaftClusterWithNetty1f9c6c63/s1/7b03d609-5326-4b0a-b2d2-a1961c08437e/current/log_inprogress_56
2019-09-24 16:37:42,987 INFO  statemachine.SimpleStateMachine4Testing (SimpleStateMachine4Testing.java:put(198)) - s1: put 54, 1111111111... -> (t:2, i:54), STATEMACHINELOGENTRY, client-DA36977FC49F, cid=29
2019-09-24 16:37:42,988 INFO  statemachine.SimpleStateMachine4Testing (SimpleStateMachine4Testing.java:put(198)) - s2: put 56, 1111111111... -> (t:2, i:56), STATEMACHINELOGENTRY, client-6F4DA14A560B, cid=30
2019-09-24 16:37:42,991 INFO  segmented.SegmentedRaftLogWorker (SegmentedRaftLogWorker.java:rollLogSegment(385)) - s2@group-A1961C08437E-SegmentedRaftLogWorker: Rolling segment log-60_63 to index:63
2019-09-24 16:37:42,999 TRACE util.FileUtils (LogUtils.java:runAndLog(61)) - Successfully ran Files.move /workdir/ratis-test/target/test/data/b2c0a8be/MiniRaftClusterWithNetty1f9c6c63/s2/7b03d609-5326-4b0a-b2d2-a1961c08437e/current/log_inprogress_60 to /workdir/ratis-test/target/test/data/b2c0a8be/MiniRaftClusterWithNetty1f9c6c63/s2/7b03d609-5326-4b0a-b2d2-a1961c08437e/current/log_60-63
2019-09-24 16:37:43,000 INFO  segmented.SegmentedRaftLogWorker (SegmentedRaftLogWorker.java:execute(526)) - s2@group-A1961C08437E-SegmentedRaftLogWorker: Rolled log segment from /workdir/ratis-test/target/test/data/b2c0a8be/MiniRaftClusterWithNetty1f9c6c63/s2/7b03d609-5326-4b0a-b2d2-a1961c08437e/current/log_inprogress_60 to /workdir/ratis-test/target/test/data/b2c0a8be/MiniRaftClusterWithNetty1f9c6c63/s2/7b03d609-5326-4b0a-b2d2-a1961c08437e/current/log_60-63
2019-09-24 16:37:43,000 INFO  statemachine.SimpleStateMachine4Testing (SimpleStateMachine4Testing.java:put(198)) - s1: put 56, 1111111111... -> (t:2, i:56), STATEMACHINELOGENTRY, client-6F4DA14A560B, cid=30
2019-09-24 16:37:43,013 INFO  statemachine.SimpleStateMachine4Testing (SimpleStateMachine4Testing.java:put(198)) - s2: put 58, 1111111111... -> (t:2, i:58), STATEMACHINELOGENTRY, client-69912ADB290A, cid=31
2019-09-24 16:37:43,014 INFO  segmented.SegmentedRaftLogWorker (SegmentedRaftLogWorker.java:execute(569)) - s2@group-A1961C08437E-SegmentedRaftLogWorker: created new log segment /workdir/ratis-test/target/test/data/b2c0a8be/MiniRaftClusterWithNetty1f9c6c63/s2/7b03d609-5326-4b0a-b2d2-a1961c08437e/current/log_inprogress_64
2019-09-24 16:37:43,015 INFO  statemachine.SimpleStateMachine4Testing (SimpleStateMachine4Testing.java:put(198)) - s1: put 58, 1111111111... -> (t:2, i:58), STATEMACHINELOGENTRY, client-69912ADB290A, cid=31
2019-09-24 16:37:43,016 INFO  segmented.SegmentedRaftLogWorker (SegmentedRaftLogWorker.java:rollLogSegment(385)) - s1@group-A1961C08437E-SegmentedRaftLogWorker: Rolling segment log-56_59 to index:59
2019-09-24 16:37:43,017 TRACE util.FileUtils (LogUtils.java:runAndLog(61)) - Successfully ran Files.move /workdir/ratis-test/target/test/data/b2c0a8be/MiniRaftClusterWithNetty1f9c6c63/s1/7b03d609-5326-4b0a-b2d2-a1961c08437e/current/log_inprogress_56 to /workdir/ratis-test/target/test/data/b2c0a8be/MiniRaftClusterWithNetty1f9c6c63/s1/7b03d609-5326-4b0a-b2d2-a1961c08437e/current/log_56-59
2019-09-24 16:37:43,017 INFO  segmented.SegmentedRaftLogWorker (SegmentedRaftLogWorker.java:execute(526)) - s1@group-A1961C08437E-SegmentedRaftLogWorker: Rolled log segment from /workdir/ratis-test/target/test/data/b2c0a8be/MiniRaftClusterWithNetty1f9c6c63/s1/7b03d609-5326-4b0a-b2d2-a1961c08437e/current/log_inprogress_56 to /workdir/ratis-test/target/test/data/b2c0a8be/MiniRaftClusterWithNetty1f9c6c63/s1/7b03d609-5326-4b0a-b2d2-a1961c08437e/current/log_56-59
2019-09-24 16:37:43,027 INFO  segmented.SegmentedRaftLogWorker (SegmentedRaftLogWorker.java:rollLogSegment(385)) - s0@group-A1961C08437E-SegmentedRaftLogWorker: Rolling segment log-44_51 to index:51
2019-09-24 16:37:43,037 TRACE util.FileUtils (LogUtils.java:runAndLog(61)) - Successfully ran Files.move /workdir/ratis-test/target/test/data/b2c0a8be/MiniRaftClusterWithNetty1f9c6c63/s0/7b03d609-5326-4b0a-b2d2-a1961c08437e/current/log_inprogress_44 to /workdir/ratis-test/target/test/data/b2c0a8be/MiniRaftClusterWithNetty1f9c6c63/s0/7b03d609-5326-4b0a-b2d2-a1961c08437e/current/log_44-51
2019-09-24 16:37:43,037 INFO  segmented.SegmentedRaftLogWorker (SegmentedRaftLogWorker.java:execute(569)) - s1@group-A1961C08437E-SegmentedRaftLogWorker: created new log segment /workdir/ratis-test/target/test/data/b2c0a8be/MiniRaftClusterWithNetty1f9c6c63/s1/7b03d609-5326-4b0a-b2d2-a1961c08437e/current/log_inprogress_60
2019-09-24 16:37:43,037 INFO  segmented.SegmentedRaftLogWorker (SegmentedRaftLogWorker.java:execute(526)) - s0@group-A1961C08437E-SegmentedRaftLogWorker: Rolled log segment from /workdir/ratis-test/target/test/data/b2c0a8be/MiniRaftClusterWithNetty1f9c6c63/s0/7b03d609-5326-4b0a-b2d2-a1961c08437e/current/log_inprogress_44 to /workdir/ratis-test/target/test/data/b2c0a8be/MiniRaftClusterWithNetty1f9c6c63/s0/7b03d609-5326-4b0a-b2d2-a1961c08437e/current/log_44-51
2019-09-24 16:37:43,059 INFO  statemachine.SimpleStateMachine4Testing (SimpleStateMachine4Testing.java:put(198)) - s2: put 60, 3333333333... -> (t:2, i:60), STATEMACHINELOGENTRY, client-D98953169D47, cid=28
2019-09-24 16:37:43,060 INFO  segmented.SegmentedRaftLogWorker (SegmentedRaftLogWorker.java:rollLogSegment(385)) - s2@group-A1961C08437E-SegmentedRaftLogWorker: Rolling segment log-64_67 to index:67
2019-09-24 16:37:43,068 INFO  segmented.SegmentedRaftLogWorker (SegmentedRaftLogWorker.java:execute(569)) - s0@group-A1961C08437E-SegmentedRaftLogWorker: created new log segment /workdir/ratis-test/target/test/data/b2c0a8be/MiniRaftClusterWithNetty1f9c6c63/s0/7b03d609-5326-4b0a-b2d2-a1961c08437e/current/log_inprogress_52
2019-09-24 16:37:43,069 TRACE util.FileUtils (LogUtils.java:runAndLog(61)) - Successfully ran Files.move /workdir/ratis-test/target/test/data/b2c0a8be/MiniRaftClusterWithNetty1f9c6c63/s2/7b03d609-5326-4b0a-b2d2-a1961c08437e/current/log_inprogress_64 to /workdir/ratis-test/target/test/data/b2c0a8be/MiniRaftClusterWithNetty1f9c6c63/s2/7b03d609-5326-4b0a-b2d2-a1961c08437e/current/log_64-67
2019-09-24 16:37:43,069 INFO  segmented.SegmentedRaftLogWorker (SegmentedRaftLogWorker.java:execute(526)) - s2@group-A1961C08437E-SegmentedRaftLogWorker: Rolled log segment from /workdir/ratis-test/target/test/data/b2c0a8be/MiniRaftClusterWithNetty1f9c6c63/s2/7b03d609-5326-4b0a-b2d2-a1961c08437e/current/log_inprogress_64 to /workdir/ratis-test/target/test/data/b2c0a8be/MiniRaftClusterWithNetty1f9c6c63/s2/7b03d609-5326-4b0a-b2d2-a1961c08437e/current/log_64-67
2019-09-24 16:37:43,074 INFO  statemachine.SimpleStateMachine4Testing (SimpleStateMachine4Testing.java:put(198)) - s1: put 60, 3333333333... -> (t:2, i:60), STATEMACHINELOGENTRY, client-D98953169D47, cid=28
2019-09-24 16:37:43,080 INFO  segmented.SegmentedRaftLogWorker (SegmentedRaftLogWorker.java:execute(569)) - s2@group-A1961C08437E-SegmentedRaftLogWorker: created new log segment /workdir/ratis-test/target/test/data/b2c0a8be/MiniRaftClusterWithNetty1f9c6c63/s2/7b03d609-5326-4b0a-b2d2-a1961c08437e/current/log_inprogress_68
2019-09-24 16:37:43,092 INFO  statemachine.SimpleStateMachine4Testing (SimpleStateMachine4Testing.java:put(198)) - s2: put 62, 2222222222... -> (t:2, i:62), STATEMACHINELOGENTRY, client-DA36977FC49F, cid=33
2019-09-24 16:37:43,094 INFO  segmented.SegmentedRaftLogWorker (SegmentedRaftLogWorker.java:rollLogSegment(385)) - s2@group-A1961C08437E-SegmentedRaftLogWorker: Rolling segment log-68_69 to index:69
2019-09-24 16:37:43,101 TRACE util.FileUtils (LogUtils.java:runAndLog(61)) - Successfully ran Files.move /workdir/ratis-test/target/test/data/b2c0a8be/MiniRaftClusterWithNetty1f9c6c63/s2/7b03d609-5326-4b0a-b2d2-a1961c08437e/current/log_inprogress_68 to /workdir/ratis-test/target/test/data/b2c0a8be/MiniRaftClusterWithNetty1f9c6c63/s2/7b03d609-5326-4b0a-b2d2-a1961c08437e/current/log_68-69
2019-09-24 16:37:43,102 INFO  segmented.SegmentedRaftLogWorker (SegmentedRaftLogWorker.java:execute(526)) - s2@group-A1961C08437E-SegmentedRaftLogWorker: Rolled log segment from /workdir/ratis-test/target/test/data/b2c0a8be/MiniRaftClusterWithNetty1f9c6c63/s2/7b03d609-5326-4b0a-b2d2-a1961c08437e/current/log_inprogress_68 to /workdir/ratis-test/target/test/data/b2c0a8be/MiniRaftClusterWithNetty1f9c6c63/s2/7b03d609-5326-4b0a-b2d2-a1961c08437e/current/log_68-69
2019-09-24 16:37:43,106 INFO  segmented.SegmentedRaftLogWorker (SegmentedRaftLogWorker.java:execute(569)) - s2@group-A1961C08437E-SegmentedRaftLogWorker: created new log segment /workdir/ratis-test/target/test/data/b2c0a8be/MiniRaftClusterWithNetty1f9c6c63/s2/7b03d609-5326-4b0a-b2d2-a1961c08437e/current/log_inprogress_70
2019-09-24 16:37:43,107 INFO  statemachine.SimpleStateMachine4Testing (SimpleStateMachine4Testing.java:put(198)) - s1: put 62, 2222222222... -> (t:2, i:62), STATEMACHINELOGENTRY, client-DA36977FC49F, cid=33
2019-09-24 16:37:43,109 INFO  segmented.SegmentedRaftLogWorker (SegmentedRaftLogWorker.java:rollLogSegment(385)) - s1@group-A1961C08437E-SegmentedRaftLogWorker: Rolling segment log-60_63 to index:63
2019-09-24 16:37:43,110 TRACE util.FileUtils (LogUtils.java:runAndLog(61)) - Successfully ran Files.move /workdir/ratis-test/target/test/data/b2c0a8be/MiniRaftClusterWithNetty1f9c6c63/s1/7b03d609-5326-4b0a-b2d2-a1961c08437e/current/log_inprogress_60 to /workdir/ratis-test/target/test/data/b2c0a8be/MiniRaftClusterWithNetty1f9c6c63/s1/7b03d609-5326-4b0a-b2d2-a1961c08437e/current/log_60-63
2019-09-24 16:37:43,110 INFO  segmented.SegmentedRaftLogWorker (SegmentedRaftLogWorker.java:execute(526)) - s1@group-A1961C08437E-SegmentedRaftLogWorker: Rolled log segment from /workdir/ratis-test/target/test/data/b2c0a8be/MiniRaftClusterWithNetty1f9c6c63/s1/7b03d609-5326-4b0a-b2d2-a1961c08437e/current/log_inprogress_60 to /workdir/ratis-test/target/test/data/b2c0a8be/MiniRaftClusterWithNetty1f9c6c63/s1/7b03d609-5326-4b0a-b2d2-a1961c08437e/current/log_60-63
2019-09-24 16:37:43,131 INFO  segmented.SegmentedRaftLogWorker (SegmentedRaftLogWorker.java:rollLogSegment(385)) - s0@group-A1961C08437E-SegmentedRaftLogWorker: Rolling segment log-52_55 to index:55
2019-09-24 16:37:43,139 TRACE util.FileUtils (LogUtils.java:runAndLog(61)) - Successfully ran Files.move /workdir/ratis-test/target/test/data/b2c0a8be/MiniRaftClusterWithNetty1f9c6c63/s0/7b03d609-5326-4b0a-b2d2-a1961c08437e/current/log_inprogress_52 to /workdir/ratis-test/target/test/data/b2c0a8be/MiniRaftClusterWithNetty1f9c6c63/s0/7b03d609-5326-4b0a-b2d2-a1961c08437e/current/log_52-55
2019-09-24 16:37:43,139 INFO  segmented.SegmentedRaftLogWorker (SegmentedRaftLogWorker.java:execute(526)) - s0@group-A1961C08437E-SegmentedRaftLogWorker: Rolled log segment from /workdir/ratis-test/target/test/data/b2c0a8be/MiniRaftClusterWithNetty1f9c6c63/s0/7b03d609-5326-4b0a-b2d2-a1961c08437e/current/log_inprogress_52 to /workdir/ratis-test/target/test/data/b2c0a8be/MiniRaftClusterWithNetty1f9c6c63/s0/7b03d609-5326-4b0a-b2d2-a1961c08437e/current/log_52-55
2019-09-24 16:37:43,157 INFO  segmented.SegmentedRaftLogWorker (SegmentedRaftLogWorker.java:execute(569)) - s1@group-A1961C08437E-SegmentedRaftLogWorker: created new log segment /workdir/ratis-test/target/test/data/b2c0a8be/MiniRaftClusterWithNetty1f9c6c63/s1/7b03d609-5326-4b0a-b2d2-a1961c08437e/current/log_inprogress_64
2019-09-24 16:37:43,172 INFO  statemachine.SimpleStateMachine4Testing (SimpleStateMachine4Testing.java:put(198)) - s2: put 64, 2222222222... -> (t:2, i:64), STATEMACHINELOGENTRY, client-6F4DA14A560B, cid=34
2019-09-24 16:37:43,174 INFO  segmented.SegmentedRaftLogWorker (SegmentedRaftLogWorker.java:rollLogSegment(385)) - s2@group-A1961C08437E-SegmentedRaftLogWorker: Rolling segment log-70_71 to index:71
2019-09-24 16:37:43,179 INFO  segmented.SegmentedRaftLogWorker (SegmentedRaftLogWorker.java:execute(569)) - s0@group-A1961C08437E-SegmentedRaftLogWorker: created new log segment /workdir/ratis-test/target/test/data/b2c0a8be/MiniRaftClusterWithNetty1f9c6c63/s0/7b03d609-5326-4b0a-b2d2-a1961c08437e/current/log_inprogress_56
2019-09-24 16:37:43,180 TRACE util.FileUtils (LogUtils.java:runAndLog(61)) - Successfully ran Files.move /workdir/ratis-test/target/test/data/b2c0a8be/MiniRaftClusterWithNetty1f9c6c63/s2/7b03d609-5326-4b0a-b2d2-a1961c08437e/current/log_inprogress_70 to /workdir/ratis-test/target/test/data/b2c0a8be/MiniRaftClusterWithNetty1f9c6c63/s2/7b03d609-5326-4b0a-b2d2-a1961c08437e/current/log_70-71
2019-09-24 16:37:43,181 INFO  segmented.SegmentedRaftLogWorker (SegmentedRaftLogWorker.java:execute(526)) - s2@group-A1961C08437E-SegmentedRaftLogWorker: Rolled log segment from /workdir/ratis-test/target/test/data/b2c0a8be/MiniRaftClusterWithNetty1f9c6c63/s2/7b03d609-5326-4b0a-b2d2-a1961c08437e/current/log_inprogress_70 to /workdir/ratis-test/target/test/data/b2c0a8be/MiniRaftClusterWithNetty1f9c6c63/s2/7b03d609-5326-4b0a-b2d2-a1961c08437e/current/log_70-71
2019-09-24 16:37:43,194 INFO  segmented.SegmentedRaftLogWorker (SegmentedRaftLogWorker.java:execute(569)) - s2@group-A1961C08437E-SegmentedRaftLogWorker: created new log segment /workdir/ratis-test/target/test/data/b2c0a8be/MiniRaftClusterWithNetty1f9c6c63/s2/7b03d609-5326-4b0a-b2d2-a1961c08437e/current/log_inprogress_72
2019-09-24 16:37:43,207 INFO  statemachine.SimpleStateMachine4Testing (SimpleStateMachine4Testing.java:put(198)) - s1: put 64, 2222222222... -> (t:2, i:64), STATEMACHINELOGENTRY, client-6F4DA14A560B, cid=34
2019-09-24 16:37:43,208 INFO  statemachine.SimpleStateMachine4Testing (SimpleStateMachine4Testing.java:put(198)) - s2: put 66, 2222222222... -> (t:2, i:66), STATEMACHINELOGENTRY, client-69912ADB290A, cid=35
2019-09-24 16:37:43,210 INFO  segmented.SegmentedRaftLogWorker (SegmentedRaftLogWorker.java:rollLogSegment(385)) - s2@group-A1961C08437E-SegmentedRaftLogWorker: Rolling segment log-72_73 to index:73
2019-09-24 16:37:43,219 TRACE util.FileUtils (LogUtils.java:runAndLog(61)) - Successfully ran Files.move /workdir/ratis-test/target/test/data/b2c0a8be/MiniRaftClusterWithNetty1f9c6c63/s2/7b03d609-5326-4b0a-b2d2-a1961c08437e/current/log_inprogress_72 to /workdir/ratis-test/target/test/data/b2c0a8be/MiniRaftClusterWithNetty1f9c6c63/s2/7b03d609-5326-4b0a-b2d2-a1961c08437e/current/log_72-73
2019-09-24 16:37:43,219 INFO  segmented.SegmentedRaftLogWorker (SegmentedRaftLogWorker.java:execute(526)) - s2@group-A1961C08437E-SegmentedRaftLogWorker: Rolled log segment from /workdir/ratis-test/target/test/data/b2c0a8be/MiniRaftClusterWithNetty1f9c6c63/s2/7b03d609-5326-4b0a-b2d2-a1961c08437e/current/log_inprogress_72 to /workdir/ratis-test/target/test/data/b2c0a8be/MiniRaftClusterWithNetty1f9c6c63/s2/7b03d609-5326-4b0a-b2d2-a1961c08437e/current/log_72-73
2019-09-24 16:37:43,225 INFO  statemachine.SimpleStateMachine4Testing (SimpleStateMachine4Testing.java:put(198)) - s1: put 66, 2222222222... -> (t:2, i:66), STATEMACHINELOGENTRY, client-69912ADB290A, cid=35
2019-09-24 16:37:43,227 INFO  segmented.SegmentedRaftLogWorker (SegmentedRaftLogWorker.java:rollLogSegment(385)) - s1@group-A1961C08437E-SegmentedRaftLogWorker: Rolling segment log-64_67 to index:67
2019-09-24 16:37:43,228 TRACE util.FileUtils (LogUtils.java:runAndLog(61)) - Successfully ran Files.move /workdir/ratis-test/target/test/data/b2c0a8be/MiniRaftClusterWithNetty1f9c6c63/s1/7b03d609-5326-4b0a-b2d2-a1961c08437e/current/log_inprogress_64 to /workdir/ratis-test/target/test/data/b2c0a8be/MiniRaftClusterWithNetty1f9c6c63/s1/7b03d609-5326-4b0a-b2d2-a1961c08437e/current/log_64-67
2019-09-24 16:37:43,228 INFO  segmented.SegmentedRaftLogWorker (SegmentedRaftLogWorker.java:execute(526)) - s1@group-A1961C08437E-SegmentedRaftLogWorker: Rolled log segment from /workdir/ratis-test/target/test/data/b2c0a8be/MiniRaftClusterWithNetty1f9c6c63/s1/7b03d609-5326-4b0a-b2d2-a1961c08437e/current/log_inprogress_64 to /workdir/ratis-test/target/test/data/b2c0a8be/MiniRaftClusterWithNetty1f9c6c63/s1/7b03d609-5326-4b0a-b2d2-a1961c08437e/current/log_64-67
2019-09-24 16:37:43,250 INFO  segmented.SegmentedRaftLogWorker (SegmentedRaftLogWorker.java:rollLogSegment(385)) - s0@group-A1961C08437E-SegmentedRaftLogWorker: Rolling segment log-56_59 to index:59
2019-09-24 16:37:43,250 TRACE util.FileUtils (LogUtils.java:runAndLog(61)) - Successfully ran Files.move /workdir/ratis-test/target/test/data/b2c0a8be/MiniRaftClusterWithNetty1f9c6c63/s0/7b03d609-5326-4b0a-b2d2-a1961c08437e/current/log_inprogress_56 to /workdir/ratis-test/target/test/data/b2c0a8be/MiniRaftClusterWithNetty1f9c6c63/s0/7b03d609-5326-4b0a-b2d2-a1961c08437e/current/log_56-59
2019-09-24 16:37:43,251 INFO  segmented.SegmentedRaftLogWorker (SegmentedRaftLogWorker.java:execute(526)) - s0@group-A1961C08437E-SegmentedRaftLogWorker: Rolled log segment from /workdir/ratis-test/target/test/data/b2c0a8be/MiniRaftClusterWithNetty1f9c6c63/s0/7b03d609-5326-4b0a-b2d2-a1961c08437e/current/log_inprogress_56 to /workdir/ratis-test/target/test/data/b2c0a8be/MiniRaftClusterWithNetty1f9c6c63/s0/7b03d609-5326-4b0a-b2d2-a1961c08437e/current/log_56-59
2019-09-24 16:37:43,259 INFO  segmented.SegmentedRaftLogWorker (SegmentedRaftLogWorker.java:execute(569)) - s1@group-A1961C08437E-SegmentedRaftLogWorker: created new log segment /workdir/ratis-test/target/test/data/b2c0a8be/MiniRaftClusterWithNetty1f9c6c63/s1/7b03d609-5326-4b0a-b2d2-a1961c08437e/current/log_inprogress_68
2019-09-24 16:37:43,259 INFO  segmented.SegmentedRaftLogWorker (SegmentedRaftLogWorker.java:execute(569)) - s2@group-A1961C08437E-SegmentedRaftLogWorker: created new log segment /workdir/ratis-test/target/test/data/b2c0a8be/MiniRaftClusterWithNetty1f9c6c63/s2/7b03d609-5326-4b0a-b2d2-a1961c08437e/current/log_inprogress_74
2019-09-24 16:37:43,271 INFO  statemachine.SimpleStateMachine4Testing (SimpleStateMachine4Testing.java:put(198)) - s2: put 68, 4444444444... -> (t:2, i:68), STATEMACHINELOGENTRY, client-781B3BD2DEB4, cid=32
2019-09-24 16:37:43,271 INFO  segmented.SegmentedRaftLogWorker (SegmentedRaftLogWorker.java:execute(569)) - s0@group-A1961C08437E-SegmentedRaftLogWorker: created new log segment /workdir/ratis-test/target/test/data/b2c0a8be/MiniRaftClusterWithNetty1f9c6c63/s0/7b03d609-5326-4b0a-b2d2-a1961c08437e/current/log_inprogress_60
2019-09-24 16:37:43,272 INFO  segmented.SegmentedRaftLogWorker (SegmentedRaftLogWorker.java:rollLogSegment(385)) - s2@group-A1961C08437E-SegmentedRaftLogWorker: Rolling segment log-74_75 to index:75
2019-09-24 16:37:43,273 TRACE util.FileUtils (LogUtils.java:runAndLog(61)) - Successfully ran Files.move /workdir/ratis-test/target/test/data/b2c0a8be/MiniRaftClusterWithNetty1f9c6c63/s2/7b03d609-5326-4b0a-b2d2-a1961c08437e/current/log_inprogress_74 to /workdir/ratis-test/target/test/data/b2c0a8be/MiniRaftClusterWithNetty1f9c6c63/s2/7b03d609-5326-4b0a-b2d2-a1961c08437e/current/log_74-75
2019-09-24 16:37:43,273 INFO  segmented.SegmentedRaftLogWorker (SegmentedRaftLogWorker.java:execute(526)) - s2@group-A1961C08437E-SegmentedRaftLogWorker: Rolled log segment from /workdir/ratis-test/target/test/data/b2c0a8be/MiniRaftClusterWithNetty1f9c6c63/s2/7b03d609-5326-4b0a-b2d2-a1961c08437e/current/log_inprogress_74 to /workdir/ratis-test/target/test/data/b2c0a8be/MiniRaftClusterWithNetty1f9c6c63/s2/7b03d609-5326-4b0a-b2d2-a1961c08437e/current/log_74-75
2019-09-24 16:37:43,287 INFO  statemachine.SimpleStateMachine4Testing (SimpleStateMachine4Testing.java:put(198)) - s1: put 68, 4444444444... -> (t:2, i:68), STATEMACHINELOGENTRY, client-781B3BD2DEB4, cid=32
2019-09-24 16:37:43,288 INFO  segmented.SegmentedRaftLogWorker (SegmentedRaftLogWorker.java:execute(569)) - s2@group-A1961C08437E-SegmentedRaftLogWorker: created new log segment /workdir/ratis-test/target/test/data/b2c0a8be/MiniRaftClusterWithNetty1f9c6c63/s2/7b03d609-5326-4b0a-b2d2-a1961c08437e/current/log_inprogress_76
2019-09-24 16:37:43,289 INFO  segmented.SegmentedRaftLogWorker (SegmentedRaftLogWorker.java:rollLogSegment(385)) - s1@group-A1961C08437E-SegmentedRaftLogWorker: Rolling segment log-68_69 to index:69
2019-09-24 16:37:43,289 TRACE util.FileUtils (LogUtils.java:runAndLog(61)) - Successfully ran Files.move /workdir/ratis-test/target/test/data/b2c0a8be/MiniRaftClusterWithNetty1f9c6c63/s1/7b03d609-5326-4b0a-b2d2-a1961c08437e/current/log_inprogress_68 to /workdir/ratis-test/target/test/data/b2c0a8be/MiniRaftClusterWithNetty1f9c6c63/s1/7b03d609-5326-4b0a-b2d2-a1961c08437e/current/log_68-69
2019-09-24 16:37:43,290 INFO  segmented.SegmentedRaftLogWorker (SegmentedRaftLogWorker.java:execute(526)) - s1@group-A1961C08437E-SegmentedRaftLogWorker: Rolled log segment from /workdir/ratis-test/target/test/data/b2c0a8be/MiniRaftClusterWithNetty1f9c6c63/s1/7b03d609-5326-4b0a-b2d2-a1961c08437e/current/log_inprogress_68 to /workdir/ratis-test/target/test/data/b2c0a8be/MiniRaftClusterWithNetty1f9c6c63/s1/7b03d609-5326-4b0a-b2d2-a1961c08437e/current/log_68-69
2019-09-24 16:37:43,332 INFO  segmented.SegmentedRaftLogWorker (SegmentedRaftLogWorker.java:execute(569)) - s1@group-A1961C08437E-SegmentedRaftLogWorker: created new log segment /workdir/ratis-test/target/test/data/b2c0a8be/MiniRaftClusterWithNetty1f9c6c63/s1/7b03d609-5326-4b0a-b2d2-a1961c08437e/current/log_inprogress_70
2019-09-24 16:37:43,353 INFO  statemachine.SimpleStateMachine4Testing (SimpleStateMachine4Testing.java:put(198)) - s2: put 70, 3333333333... -> (t:2, i:70), STATEMACHINELOGENTRY, client-DA36977FC49F, cid=37
2019-09-24 16:37:43,354 INFO  segmented.SegmentedRaftLogWorker (SegmentedRaftLogWorker.java:rollLogSegment(385)) - s0@group-A1961C08437E-SegmentedRaftLogWorker: Rolling segment log-60_63 to index:63
2019-09-24 16:37:43,355 INFO  segmented.SegmentedRaftLogWorker (SegmentedRaftLogWorker.java:rollLogSegment(385)) - s2@group-A1961C08437E-SegmentedRaftLogWorker: Rolling segment log-76_77 to index:77
2019-09-24 16:37:43,355 TRACE util.FileUtils (LogUtils.java:runAndLog(61)) - Successfully ran Files.move /workdir/ratis-test/target/test/data/b2c0a8be/MiniRaftClusterWithNetty1f9c6c63/s0/7b03d609-5326-4b0a-b2d2-a1961c08437e/current/log_inprogress_60 to /workdir/ratis-test/target/test/data/b2c0a8be/MiniRaftClusterWithNetty1f9c6c63/s0/7b03d609-5326-4b0a-b2d2-a1961c08437e/current/log_60-63
2019-09-24 16:37:43,355 INFO  segmented.SegmentedRaftLogWorker (SegmentedRaftLogWorker.java:execute(526)) - s0@group-A1961C08437E-SegmentedRaftLogWorker: Rolled log segment from /workdir/ratis-test/target/test/data/b2c0a8be/MiniRaftClusterWithNetty1f9c6c63/s0/7b03d609-5326-4b0a-b2d2-a1961c08437e/current/log_inprogress_60 to /workdir/ratis-test/target/test/data/b2c0a8be/MiniRaftClusterWithNetty1f9c6c63/s0/7b03d609-5326-4b0a-b2d2-a1961c08437e/current/log_60-63
2019-09-24 16:37:43,356 TRACE util.FileUtils (LogUtils.java:runAndLog(61)) - Successfully ran Files.move /workdir/ratis-test/target/test/data/b2c0a8be/MiniRaftClusterWithNetty1f9c6c63/s2/7b03d609-5326-4b0a-b2d2-a1961c08437e/current/log_inprogress_76 to /workdir/ratis-test/target/test/data/b2c0a8be/MiniRaftClusterWithNetty1f9c6c63/s2/7b03d609-5326-4b0a-b2d2-a1961c08437e/current/log_76-77
2019-09-24 16:37:43,356 INFO  segmented.SegmentedRaftLogWorker (SegmentedRaftLogWorker.java:execute(526)) - s2@group-A1961C08437E-SegmentedRaftLogWorker: Rolled log segment from /workdir/ratis-test/target/test/data/b2c0a8be/MiniRaftClusterWithNetty1f9c6c63/s2/7b03d609-5326-4b0a-b2d2-a1961c08437e/current/log_inprogress_76 to /workdir/ratis-test/target/test/data/b2c0a8be/MiniRaftClusterWithNetty1f9c6c63/s2/7b03d609-5326-4b0a-b2d2-a1961c08437e/current/log_76-77
2019-09-24 16:37:43,372 INFO  segmented.SegmentedRaftLogWorker (SegmentedRaftLogWorker.java:rollLogSegment(385)) - s1@group-A1961C08437E-SegmentedRaftLogWorker: Rolling segment log-70_71 to index:71
2019-09-24 16:37:43,372 TRACE util.FileUtils (LogUtils.java:runAndLog(61)) - Successfully ran Files.move /workdir/ratis-test/target/test/data/b2c0a8be/MiniRaftClusterWithNetty1f9c6c63/s1/7b03d609-5326-4b0a-b2d2-a1961c08437e/current/log_inprogress_70 to /workdir/ratis-test/target/test/data/b2c0a8be/MiniRaftClusterWithNetty1f9c6c63/s1/7b03d609-5326-4b0a-b2d2-a1961c08437e/current/log_70-71
2019-09-24 16:37:43,373 INFO  segmented.SegmentedRaftLogWorker (SegmentedRaftLogWorker.java:execute(526)) - s1@group-A1961C08437E-SegmentedRaftLogWorker: Rolled log segment from /workdir/ratis-test/target/test/data/b2c0a8be/MiniRaftClusterWithNetty1f9c6c63/s1/7b03d609-5326-4b0a-b2d2-a1961c08437e/current/log_inprogress_70 to /workdir/ratis-test/target/test/data/b2c0a8be/MiniRaftClusterWithNetty1f9c6c63/s1/7b03d609-5326-4b0a-b2d2-a1961c08437e/current/log_70-71
2019-09-24 16:37:43,380 INFO  segmented.SegmentedRaftLogWorker (SegmentedRaftLogWorker.java:execute(569)) - s2@group-A1961C08437E-SegmentedRaftLogWorker: created new log segment /workdir/ratis-test/target/test/data/b2c0a8be/MiniRaftClusterWithNetty1f9c6c63/s2/7b03d609-5326-4b0a-b2d2-a1961c08437e/current/log_inprogress_78
2019-09-24 16:37:43,380 INFO  segmented.SegmentedRaftLogWorker (SegmentedRaftLogWorker.java:execute(569)) - s0@group-A1961C08437E-SegmentedRaftLogWorker: created new log segment /workdir/ratis-test/target/test/data/b2c0a8be/MiniRaftClusterWithNetty1f9c6c63/s0/7b03d609-5326-4b0a-b2d2-a1961c08437e/current/log_inprogress_64
2019-09-24 16:37:43,403 INFO  segmented.SegmentedRaftLogWorker (SegmentedRaftLogWorker.java:execute(569)) - s1@group-A1961C08437E-SegmentedRaftLogWorker: created new log segment /workdir/ratis-test/target/test/data/b2c0a8be/MiniRaftClusterWithNetty1f9c6c63/s1/7b03d609-5326-4b0a-b2d2-a1961c08437e/current/log_inprogress_72
2019-09-24 16:37:43,416 INFO  statemachine.SimpleStateMachine4Testing (SimpleStateMachine4Testing.java:put(198)) - s1: put 70, 3333333333... -> (t:2, i:70), STATEMACHINELOGENTRY, client-DA36977FC49F, cid=37
2019-09-24 16:37:43,417 INFO  statemachine.SimpleStateMachine4Testing (SimpleStateMachine4Testing.java:put(198)) - s2: put 72, 3333333333... -> (t:2, i:72), STATEMACHINELOGENTRY, client-6F4DA14A560B, cid=38
2019-09-24 16:37:43,419 INFO  segmented.SegmentedRaftLogWorker (SegmentedRaftLogWorker.java:rollLogSegment(385)) - s2@group-A1961C08437E-SegmentedRaftLogWorker: Rolling segment log-78_79 to index:79
2019-09-24 16:37:43,426 INFO  statemachine.SimpleStateMachine4Testing (SimpleStateMachine4Testing.java:put(198)) - s1: put 72, 3333333333... -> (t:2, i:72), STATEMACHINELOGENTRY, client-6F4DA14A560B, cid=38
2019-09-24 16:37:43,427 INFO  segmented.SegmentedRaftLogWorker (SegmentedRaftLogWorker.java:rollLogSegment(385)) - s1@group-A1961C08437E-SegmentedRaftLogWorker: Rolling segment log-72_73 to index:73
2019-09-24 16:37:43,428 TRACE util.FileUtils (LogUtils.java:runAndLog(61)) - Successfully ran Files.move /workdir/ratis-test/target/test/data/b2c0a8be/MiniRaftClusterWithNetty1f9c6c63/s1/7b03d609-5326-4b0a-b2d2-a1961c08437e/current/log_inprogress_72 to /workdir/ratis-test/target/test/data/b2c0a8be/MiniRaftClusterWithNetty1f9c6c63/s1/7b03d609-5326-4b0a-b2d2-a1961c08437e/current/log_72-73
2019-09-24 16:37:43,428 INFO  segmented.SegmentedRaftLogWorker (SegmentedRaftLogWorker.java:execute(526)) - s1@group-A1961C08437E-SegmentedRaftLogWorker: Rolled log segment from /workdir/ratis-test/target/test/data/b2c0a8be/MiniRaftClusterWithNetty1f9c6c63/s1/7b03d609-5326-4b0a-b2d2-a1961c08437e/current/log_inprogress_72 to /workdir/ratis-test/target/test/data/b2c0a8be/MiniRaftClusterWithNetty1f9c6c63/s1/7b03d609-5326-4b0a-b2d2-a1961c08437e/current/log_72-73
2019-09-24 16:37:43,431 TRACE util.FileUtils (LogUtils.java:runAndLog(61)) - Successfully ran Files.move /workdir/ratis-test/target/test/data/b2c0a8be/MiniRaftClusterWithNetty1f9c6c63/s2/7b03d609-5326-4b0a-b2d2-a1961c08437e/current/log_inprogress_78 to /workdir/ratis-test/target/test/data/b2c0a8be/MiniRaftClusterWithNetty1f9c6c63/s2/7b03d609-5326-4b0a-b2d2-a1961c08437e/current/log_78-79
2019-09-24 16:37:43,432 INFO  segmented.SegmentedRaftLogWorker (SegmentedRaftLogWorker.java:execute(526)) - s2@group-A1961C08437E-SegmentedRaftLogWorker: Rolled log segment from /workdir/ratis-test/target/test/data/b2c0a8be/MiniRaftClusterWithNetty1f9c6c63/s2/7b03d609-5326-4b0a-b2d2-a1961c08437e/current/log_inprogress_78 to /workdir/ratis-test/target/test/data/b2c0a8be/MiniRaftClusterWithNetty1f9c6c63/s2/7b03d609-5326-4b0a-b2d2-a1961c08437e/current/log_78-79
2019-09-24 16:37:43,438 INFO  segmented.SegmentedRaftLogWorker (SegmentedRaftLogWorker.java:rollLogSegment(385)) - s0@group-A1961C08437E-SegmentedRaftLogWorker: Rolling segment log-64_67 to index:67
2019-09-24 16:37:43,445 TRACE util.FileUtils (LogUtils.java:runAndLog(61)) - Successfully ran Files.move /workdir/ratis-test/target/test/data/b2c0a8be/MiniRaftClusterWithNetty1f9c6c63/s0/7b03d609-5326-4b0a-b2d2-a1961c08437e/current/log_inprogress_64 to /workdir/ratis-test/target/test/data/b2c0a8be/MiniRaftClusterWithNetty1f9c6c63/s0/7b03d609-5326-4b0a-b2d2-a1961c08437e/current/log_64-67
2019-09-24 16:37:43,445 INFO  segmented.SegmentedRaftLogWorker (SegmentedRaftLogWorker.java:execute(526)) - s0@group-A1961C08437E-SegmentedRaftLogWorker: Rolled log segment from /workdir/ratis-test/target/test/data/b2c0a8be/MiniRaftClusterWithNetty1f9c6c63/s0/7b03d609-5326-4b0a-b2d2-a1961c08437e/current/log_inprogress_64 to /workdir/ratis-test/target/test/data/b2c0a8be/MiniRaftClusterWithNetty1f9c6c63/s0/7b03d609-5326-4b0a-b2d2-a1961c08437e/current/log_64-67
2019-09-24 16:37:43,445 INFO  segmented.SegmentedRaftLogWorker (SegmentedRaftLogWorker.java:execute(569)) - s2@group-A1961C08437E-SegmentedRaftLogWorker: created new log segment /workdir/ratis-test/target/test/data/b2c0a8be/MiniRaftClusterWithNetty1f9c6c63/s2/7b03d609-5326-4b0a-b2d2-a1961c08437e/current/log_inprogress_80
2019-09-24 16:37:43,445 INFO  segmented.SegmentedRaftLogWorker (SegmentedRaftLogWorker.java:execute(569)) - s1@group-A1961C08437E-SegmentedRaftLogWorker: created new log segment /workdir/ratis-test/target/test/data/b2c0a8be/MiniRaftClusterWithNetty1f9c6c63/s1/7b03d609-5326-4b0a-b2d2-a1961c08437e/current/log_inprogress_74
2019-09-24 16:37:43,466 INFO  statemachine.SimpleStateMachine4Testing (SimpleStateMachine4Testing.java:put(198)) - s2: put 74, 3333333333... -> (t:2, i:74), STATEMACHINELOGENTRY, client-69912ADB290A, cid=39
2019-09-24 16:37:43,468 INFO  segmented.SegmentedRaftLogWorker (SegmentedRaftLogWorker.java:rollLogSegment(385)) - s2@group-A1961C08437E-SegmentedRaftLogWorker: Rolling segment log-80_81 to index:81
2019-09-24 16:37:43,476 INFO  segmented.SegmentedRaftLogWorker (SegmentedRaftLogWorker.java:execute(569)) - s0@group-A1961C08437E-SegmentedRaftLogWorker: created new log segment /workdir/ratis-test/target/test/data/b2c0a8be/MiniRaftClusterWithNetty1f9c6c63/s0/7b03d609-5326-4b0a-b2d2-a1961c08437e/current/log_inprogress_68
2019-09-24 16:37:43,476 TRACE util.FileUtils (LogUtils.java:runAndLog(61)) - Successfully ran Files.move /workdir/ratis-test/target/test/data/b2c0a8be/MiniRaftClusterWithNetty1f9c6c63/s2/7b03d609-5326-4b0a-b2d2-a1961c08437e/current/log_inprogress_80 to /workdir/ratis-test/target/test/data/b2c0a8be/MiniRaftClusterWithNetty1f9c6c63/s2/7b03d609-5326-4b0a-b2d2-a1961c08437e/current/log_80-81
2019-09-24 16:37:43,476 INFO  segmented.SegmentedRaftLogWorker (SegmentedRaftLogWorker.java:execute(526)) - s2@group-A1961C08437E-SegmentedRaftLogWorker: Rolled log segment from /workdir/ratis-test/target/test/data/b2c0a8be/MiniRaftClusterWithNetty1f9c6c63/s2/7b03d609-5326-4b0a-b2d2-a1961c08437e/current/log_inprogress_80 to /workdir/ratis-test/target/test/data/b2c0a8be/MiniRaftClusterWithNetty1f9c6c63/s2/7b03d609-5326-4b0a-b2d2-a1961c08437e/current/log_80-81
2019-09-24 16:37:43,488 INFO  segmented.SegmentedRaftLogWorker (SegmentedRaftLogWorker.java:execute(569)) - s2@group-A1961C08437E-SegmentedRaftLogWorker: created new log segment /workdir/ratis-test/target/test/data/b2c0a8be/MiniRaftClusterWithNetty1f9c6c63/s2/7b03d609-5326-4b0a-b2d2-a1961c08437e/current/log_inprogress_82
2019-09-24 16:37:43,497 INFO  statemachine.SimpleStateMachine4Testing (SimpleStateMachine4Testing.java:put(198)) - s1: put 74, 3333333333... -> (t:2, i:74), STATEMACHINELOGENTRY, client-69912ADB290A, cid=39
2019-09-24 16:37:43,499 INFO  segmented.SegmentedRaftLogWorker (SegmentedRaftLogWorker.java:rollLogSegment(385)) - s1@group-A1961C08437E-SegmentedRaftLogWorker: Rolling segment log-74_75 to index:75
2019-09-24 16:37:43,499 TRACE util.FileUtils (LogUtils.java:runAndLog(61)) - Successfully ran Files.move /workdir/ratis-test/target/test/data/b2c0a8be/MiniRaftClusterWithNetty1f9c6c63/s1/7b03d609-5326-4b0a-b2d2-a1961c08437e/current/log_inprogress_74 to /workdir/ratis-test/target/test/data/b2c0a8be/MiniRaftClusterWithNetty1f9c6c63/s1/7b03d609-5326-4b0a-b2d2-a1961c08437e/current/log_74-75
2019-09-24 16:37:43,500 INFO  segmented.SegmentedRaftLogWorker (SegmentedRaftLogWorker.java:execute(526)) - s1@group-A1961C08437E-SegmentedRaftLogWorker: Rolled log segment from /workdir/ratis-test/target/test/data/b2c0a8be/MiniRaftClusterWithNetty1f9c6c63/s1/7b03d609-5326-4b0a-b2d2-a1961c08437e/current/log_inprogress_74 to /workdir/ratis-test/target/test/data/b2c0a8be/MiniRaftClusterWithNetty1f9c6c63/s1/7b03d609-5326-4b0a-b2d2-a1961c08437e/current/log_74-75
2019-09-24 16:37:43,518 INFO  segmented.SegmentedRaftLogWorker (SegmentedRaftLogWorker.java:rollLogSegment(385)) - s0@group-A1961C08437E-SegmentedRaftLogWorker: Rolling segment log-68_69 to index:69
2019-09-24 16:37:43,528 TRACE util.FileUtils (LogUtils.java:runAndLog(61)) - Successfully ran Files.move /workdir/ratis-test/target/test/data/b2c0a8be/MiniRaftClusterWithNetty1f9c6c63/s0/7b03d609-5326-4b0a-b2d2-a1961c08437e/current/log_inprogress_68 to /workdir/ratis-test/target/test/data/b2c0a8be/MiniRaftClusterWithNetty1f9c6c63/s0/7b03d609-5326-4b0a-b2d2-a1961c08437e/current/log_68-69
2019-09-24 16:37:43,528 INFO  segmented.SegmentedRaftLogWorker (SegmentedRaftLogWorker.java:execute(526)) - s0@group-A1961C08437E-SegmentedRaftLogWorker: Rolled log segment from /workdir/ratis-test/target/test/data/b2c0a8be/MiniRaftClusterWithNetty1f9c6c63/s0/7b03d609-5326-4b0a-b2d2-a1961c08437e/current/log_inprogress_68 to /workdir/ratis-test/target/test/data/b2c0a8be/MiniRaftClusterWithNetty1f9c6c63/s0/7b03d609-5326-4b0a-b2d2-a1961c08437e/current/log_68-69
2019-09-24 16:37:43,547 INFO  segmented.SegmentedRaftLogWorker (SegmentedRaftLogWorker.java:execute(569)) - s1@group-A1961C08437E-SegmentedRaftLogWorker: created new log segment /workdir/ratis-test/target/test/data/b2c0a8be/MiniRaftClusterWithNetty1f9c6c63/s1/7b03d609-5326-4b0a-b2d2-a1961c08437e/current/log_inprogress_76
2019-09-24 16:37:43,563 INFO  statemachine.SimpleStateMachine4Testing (SimpleStateMachine4Testing.java:put(198)) - s2: put 76, 4444444444... -> (t:2, i:76), STATEMACHINELOGENTRY, client-D98953169D47, cid=36
2019-09-24 16:37:43,564 INFO  segmented.SegmentedRaftLogWorker (SegmentedRaftLogWorker.java:rollLogSegment(385)) - s2@group-A1961C08437E-SegmentedRaftLogWorker: Rolling segment log-82_83 to index:83
2019-09-24 16:37:43,571 INFO  segmented.SegmentedRaftLogWorker (SegmentedRaftLogWorker.java:execute(569)) - s0@group-A1961C08437E-SegmentedRaftLogWorker: created new log segment /workdir/ratis-test/target/test/data/b2c0a8be/MiniRaftClusterWithNetty1f9c6c63/s0/7b03d609-5326-4b0a-b2d2-a1961c08437e/current/log_inprogress_70
2019-09-24 16:37:43,572 TRACE util.FileUtils (LogUtils.java:runAndLog(61)) - Successfully ran Files.move /workdir/ratis-test/target/test/data/b2c0a8be/MiniRaftClusterWithNetty1f9c6c63/s2/7b03d609-5326-4b0a-b2d2-a1961c08437e/current/log_inprogress_82 to /workdir/ratis-test/target/test/data/b2c0a8be/MiniRaftClusterWithNetty1f9c6c63/s2/7b03d609-5326-4b0a-b2d2-a1961c08437e/current/log_82-83
2019-09-24 16:37:43,572 INFO  segmented.SegmentedRaftLogWorker (SegmentedRaftLogWorker.java:execute(526)) - s2@group-A1961C08437E-SegmentedRaftLogWorker: Rolled log segment from /workdir/ratis-test/target/test/data/b2c0a8be/MiniRaftClusterWithNetty1f9c6c63/s2/7b03d609-5326-4b0a-b2d2-a1961c08437e/current/log_inprogress_82 to /workdir/ratis-test/target/test/data/b2c0a8be/MiniRaftClusterWithNetty1f9c6c63/s2/7b03d609-5326-4b0a-b2d2-a1961c08437e/current/log_82-83
2019-09-24 16:37:43,578 INFO  statemachine.SimpleStateMachine4Testing (SimpleStateMachine4Testing.java:put(198)) - s1: put 76, 4444444444... -> (t:2, i:76), STATEMACHINELOGENTRY, client-D98953169D47, cid=36
2019-09-24 16:37:43,579 INFO  segmented.SegmentedRaftLogWorker (SegmentedRaftLogWorker.java:rollLogSegment(385)) - s1@group-A1961C08437E-SegmentedRaftLogWorker: Rolling segment log-76_77 to index:77
2019-09-24 16:37:43,580 TRACE util.FileUtils (LogUtils.java:runAndLog(61)) - Successfully ran Files.move /workdir/ratis-test/target/test/data/b2c0a8be/MiniRaftClusterWithNetty1f9c6c63/s1/7b03d609-5326-4b0a-b2d2-a1961c08437e/current/log_inprogress_76 to /workdir/ratis-test/target/test/data/b2c0a8be/MiniRaftClusterWithNetty1f9c6c63/s1/7b03d609-5326-4b0a-b2d2-a1961c08437e/current/log_76-77
2019-09-24 16:37:43,580 INFO  segmented.SegmentedRaftLogWorker (SegmentedRaftLogWorker.java:execute(526)) - s1@group-A1961C08437E-SegmentedRaftLogWorker: Rolled log segment from /workdir/ratis-test/target/test/data/b2c0a8be/MiniRaftClusterWithNetty1f9c6c63/s1/7b03d609-5326-4b0a-b2d2-a1961c08437e/current/log_inprogress_76 to /workdir/ratis-test/target/test/data/b2c0a8be/MiniRaftClusterWithNetty1f9c6c63/s1/7b03d609-5326-4b0a-b2d2-a1961c08437e/current/log_76-77
2019-09-24 16:37:43,616 INFO  segmented.SegmentedRaftLogWorker (SegmentedRaftLogWorker.java:execute(569)) - s1@group-A1961C08437E-SegmentedRaftLogWorker: created new log segment /workdir/ratis-test/target/test/data/b2c0a8be/MiniRaftClusterWithNetty1f9c6c63/s1/7b03d609-5326-4b0a-b2d2-a1961c08437e/current/log_inprogress_78
2019-09-24 16:37:43,616 INFO  segmented.SegmentedRaftLogWorker (SegmentedRaftLogWorker.java:execute(569)) - s2@group-A1961C08437E-SegmentedRaftLogWorker: created new log segment /workdir/ratis-test/target/test/data/b2c0a8be/MiniRaftClusterWithNetty1f9c6c63/s2/7b03d609-5326-4b0a-b2d2-a1961c08437e/current/log_inprogress_84
2019-09-24 16:37:43,626 INFO  segmented.SegmentedRaftLogWorker (SegmentedRaftLogWorker.java:rollLogSegment(385)) - s0@group-A1961C08437E-SegmentedRaftLogWorker: Rolling segment log-70_71 to index:71
2019-09-24 16:37:43,626 INFO  statemachine.SimpleStateMachine4Testing (SimpleStateMachine4Testing.java:put(198)) - s2: put 78, 4444444444... -> (t:2, i:78), STATEMACHINELOGENTRY, client-DA36977FC49F, cid=41
2019-09-24 16:37:43,626 TRACE util.FileUtils (LogUtils.java:runAndLog(61)) - Successfully ran Files.move /workdir/ratis-test/target/test/data/b2c0a8be/MiniRaftClusterWithNetty1f9c6c63/s0/7b03d609-5326-4b0a-b2d2-a1961c08437e/current/log_inprogress_70 to /workdir/ratis-test/target/test/data/b2c0a8be/MiniRaftClusterWithNetty1f9c6c63/s0/7b03d609-5326-4b0a-b2d2-a1961c08437e/current/log_70-71
2019-09-24 16:37:43,627 INFO  segmented.SegmentedRaftLogWorker (SegmentedRaftLogWorker.java:execute(526)) - s0@group-A1961C08437E-SegmentedRaftLogWorker: Rolled log segment from /workdir/ratis-test/target/test/data/b2c0a8be/MiniRaftClusterWithNetty1f9c6c63/s0/7b03d609-5326-4b0a-b2d2-a1961c08437e/current/log_inprogress_70 to /workdir/ratis-test/target/test/data/b2c0a8be/MiniRaftClusterWithNetty1f9c6c63/s0/7b03d609-5326-4b0a-b2d2-a1961c08437e/current/log_70-71
2019-09-24 16:37:43,628 INFO  segmented.SegmentedRaftLogWorker (SegmentedRaftLogWorker.java:rollLogSegment(385)) - s2@group-A1961C08437E-SegmentedRaftLogWorker: Rolling segment log-84_85 to index:85
2019-09-24 16:37:43,628 TRACE util.FileUtils (LogUtils.java:runAndLog(61)) - Successfully ran Files.move /workdir/ratis-test/target/test/data/b2c0a8be/MiniRaftClusterWithNetty1f9c6c63/s2/7b03d609-5326-4b0a-b2d2-a1961c08437e/current/log_inprogress_84 to /workdir/ratis-test/target/test/data/b2c0a8be/MiniRaftClusterWithNetty1f9c6c63/s2/7b03d609-5326-4b0a-b2d2-a1961c08437e/current/log_84-85
2019-09-24 16:37:43,629 INFO  segmented.SegmentedRaftLogWorker (SegmentedRaftLogWorker.java:execute(526)) - s2@group-A1961C08437E-SegmentedRaftLogWorker: Rolled log segment from /workdir/ratis-test/target/test/data/b2c0a8be/MiniRaftClusterWithNetty1f9c6c63/s2/7b03d609-5326-4b0a-b2d2-a1961c08437e/current/log_inprogress_84 to /workdir/ratis-test/target/test/data/b2c0a8be/MiniRaftClusterWithNetty1f9c6c63/s2/7b03d609-5326-4b0a-b2d2-a1961c08437e/current/log_84-85
2019-09-24 16:37:43,645 INFO  statemachine.SimpleStateMachine4Testing (SimpleStateMachine4Testing.java:put(198)) - s1: put 78, 4444444444... -> (t:2, i:78), STATEMACHINELOGENTRY, client-DA36977FC49F, cid=41
2019-09-24 16:37:43,645 INFO  segmented.SegmentedRaftLogWorker (SegmentedRaftLogWorker.java:execute(569)) - s2@group-A1961C08437E-SegmentedRaftLogWorker: created new log segment /workdir/ratis-test/target/test/data/b2c0a8be/MiniRaftClusterWithNetty1f9c6c63/s2/7b03d609-5326-4b0a-b2d2-a1961c08437e/current/log_inprogress_86
2019-09-24 16:37:43,645 INFO  segmented.SegmentedRaftLogWorker (SegmentedRaftLogWorker.java:execute(569)) - s0@group-A1961C08437E-SegmentedRaftLogWorker: created new log segment /workdir/ratis-test/target/test/data/b2c0a8be/MiniRaftClusterWithNetty1f9c6c63/s0/7b03d609-5326-4b0a-b2d2-a1961c08437e/current/log_inprogress_72
2019-09-24 16:37:43,646 INFO  segmented.SegmentedRaftLogWorker (SegmentedRaftLogWorker.java:rollLogSegment(385)) - s1@group-A1961C08437E-SegmentedRaftLogWorker: Rolling segment log-78_79 to index:79
2019-09-24 16:37:43,647 TRACE util.FileUtils (LogUtils.java:runAndLog(61)) - Successfully ran Files.move /workdir/ratis-test/target/test/data/b2c0a8be/MiniRaftClusterWithNetty1f9c6c63/s1/7b03d609-5326-4b0a-b2d2-a1961c08437e/current/log_inprogress_78 to /workdir/ratis-test/target/test/data/b2c0a8be/MiniRaftClusterWithNetty1f9c6c63/s1/7b03d609-5326-4b0a-b2d2-a1961c08437e/current/log_78-79
2019-09-24 16:37:43,647 INFO  segmented.SegmentedRaftLogWorker (SegmentedRaftLogWorker.java:execute(526)) - s1@group-A1961C08437E-SegmentedRaftLogWorker: Rolled log segment from /workdir/ratis-test/target/test/data/b2c0a8be/MiniRaftClusterWithNetty1f9c6c63/s1/7b03d609-5326-4b0a-b2d2-a1961c08437e/current/log_inprogress_78 to /workdir/ratis-test/target/test/data/b2c0a8be/MiniRaftClusterWithNetty1f9c6c63/s1/7b03d609-5326-4b0a-b2d2-a1961c08437e/current/log_78-79
2019-09-24 16:37:43,685 INFO  segmented.SegmentedRaftLogWorker (SegmentedRaftLogWorker.java:execute(569)) - s1@group-A1961C08437E-SegmentedRaftLogWorker: created new log segment /workdir/ratis-test/target/test/data/b2c0a8be/MiniRaftClusterWithNetty1f9c6c63/s1/7b03d609-5326-4b0a-b2d2-a1961c08437e/current/log_inprogress_80
2019-09-24 16:37:43,685 INFO  segmented.SegmentedRaftLogWorker (SegmentedRaftLogWorker.java:rollLogSegment(385)) - s0@group-A1961C08437E-SegmentedRaftLogWorker: Rolling segment log-72_73 to index:73
2019-09-24 16:37:43,686 TRACE util.FileUtils (LogUtils.java:runAndLog(61)) - Successfully ran Files.move /workdir/ratis-test/target/test/data/b2c0a8be/MiniRaftClusterWithNetty1f9c6c63/s0/7b03d609-5326-4b0a-b2d2-a1961c08437e/current/log_inprogress_72 to /workdir/ratis-test/target/test/data/b2c0a8be/MiniRaftClusterWithNetty1f9c6c63/s0/7b03d609-5326-4b0a-b2d2-a1961c08437e/current/log_72-73
2019-09-24 16:37:43,686 INFO  segmented.SegmentedRaftLogWorker (SegmentedRaftLogWorker.java:execute(526)) - s0@group-A1961C08437E-SegmentedRaftLogWorker: Rolled log segment from /workdir/ratis-test/target/test/data/b2c0a8be/MiniRaftClusterWithNetty1f9c6c63/s0/7b03d609-5326-4b0a-b2d2-a1961c08437e/current/log_inprogress_72 to /workdir/ratis-test/target/test/data/b2c0a8be/MiniRaftClusterWithNetty1f9c6c63/s0/7b03d609-5326-4b0a-b2d2-a1961c08437e/current/log_72-73
2019-09-24 16:37:43,707 INFO  statemachine.SimpleStateMachine4Testing (SimpleStateMachine4Testing.java:put(198)) - s2: put 80, 4444444444... -> (t:2, i:80), STATEMACHINELOGENTRY, client-6F4DA14A560B, cid=42
2019-09-24 16:37:43,709 INFO  segmented.SegmentedRaftLogWorker (SegmentedRaftLogWorker.java:rollLogSegment(385)) - s2@group-A1961C08437E-SegmentedRaftLogWorker: Rolling segment log-86_87 to index:87
2019-09-24 16:37:43,719 TRACE util.FileUtils (LogUtils.java:runAndLog(61)) - Successfully ran Files.move /workdir/ratis-test/target/test/data/b2c0a8be/MiniRaftClusterWithNetty1f9c6c63/s2/7b03d609-5326-4b0a-b2d2-a1961c08437e/current/log_inprogress_86 to /workdir/ratis-test/target/test/data/b2c0a8be/MiniRaftClusterWithNetty1f9c6c63/s2/7b03d609-5326-4b0a-b2d2-a1961c08437e/current/log_86-87
2019-09-24 16:37:43,719 INFO  segmented.SegmentedRaftLogWorker (SegmentedRaftLogWorker.java:execute(526)) - s2@group-A1961C08437E-SegmentedRaftLogWorker: Rolled log segment from /workdir/ratis-test/target/test/data/b2c0a8be/MiniRaftClusterWithNetty1f9c6c63/s2/7b03d609-5326-4b0a-b2d2-a1961c08437e/current/log_inprogress_86 to /workdir/ratis-test/target/test/data/b2c0a8be/MiniRaftClusterWithNetty1f9c6c63/s2/7b03d609-5326-4b0a-b2d2-a1961c08437e/current/log_86-87
2019-09-24 16:37:43,730 INFO  segmented.SegmentedRaftLogWorker (SegmentedRaftLogWorker.java:rollLogSegment(385)) - s1@group-A1961C08437E-SegmentedRaftLogWorker: Rolling segment log-80_81 to index:81
2019-09-24 16:37:43,731 TRACE util.FileUtils (LogUtils.java:runAndLog(61)) - Successfully ran Files.move /workdir/ratis-test/target/test/data/b2c0a8be/MiniRaftClusterWithNetty1f9c6c63/s1/7b03d609-5326-4b0a-b2d2-a1961c08437e/current/log_inprogress_80 to /workdir/ratis-test/target/test/data/b2c0a8be/MiniRaftClusterWithNetty1f9c6c63/s1/7b03d609-5326-4b0a-b2d2-a1961c08437e/current/log_80-81
2019-09-24 16:37:43,731 INFO  segmented.SegmentedRaftLogWorker (SegmentedRaftLogWorker.java:execute(569)) - s0@group-A1961C08437E-SegmentedRaftLogWorker: created new log segment /workdir/ratis-test/target/test/data/b2c0a8be/MiniRaftClusterWithNetty1f9c6c63/s0/7b03d609-5326-4b0a-b2d2-a1961c08437e/current/log_inprogress_74
2019-09-24 16:37:43,732 INFO  segmented.SegmentedRaftLogWorker (SegmentedRaftLogWorker.java:execute(526)) - s1@group-A1961C08437E-SegmentedRaftLogWorker: Rolled log segment from /workdir/ratis-test/target/test/data/b2c0a8be/MiniRaftClusterWithNetty1f9c6c63/s1/7b03d609-5326-4b0a-b2d2-a1961c08437e/current/log_inprogress_80 to /workdir/ratis-test/target/test/data/b2c0a8be/MiniRaftClusterWithNetty1f9c6c63/s1/7b03d609-5326-4b0a-b2d2-a1961c08437e/current/log_80-81
2019-09-24 16:37:43,760 INFO  segmented.SegmentedRaftLogWorker (SegmentedRaftLogWorker.java:execute(569)) - s2@group-A1961C08437E-SegmentedRaftLogWorker: created new log segment /workdir/ratis-test/target/test/data/b2c0a8be/MiniRaftClusterWithNetty1f9c6c63/s2/7b03d609-5326-4b0a-b2d2-a1961c08437e/current/log_inprogress_88
2019-09-24 16:37:43,761 INFO  segmented.SegmentedRaftLogWorker (SegmentedRaftLogWorker.java:execute(569)) - s1@group-A1961C08437E-SegmentedRaftLogWorker: created new log segment /workdir/ratis-test/target/test/data/b2c0a8be/MiniRaftClusterWithNetty1f9c6c63/s1/7b03d609-5326-4b0a-b2d2-a1961c08437e/current/log_inprogress_82
2019-09-24 16:37:43,772 INFO  statemachine.SimpleStateMachine4Testing (SimpleStateMachine4Testing.java:put(198)) - s1: put 80, 4444444444... -> (t:2, i:80), STATEMACHINELOGENTRY, client-6F4DA14A560B, cid=42
2019-09-24 16:37:43,772 INFO  segmented.SegmentedRaftLogWorker (SegmentedRaftLogWorker.java:rollLogSegment(385)) - s0@group-A1961C08437E-SegmentedRaftLogWorker: Rolling segment log-74_75 to index:75
2019-09-24 16:37:43,773 INFO  statemachine.SimpleStateMachine4Testing (SimpleStateMachine4Testing.java:put(198)) - s2: put 82, 4444444444... -> (t:2, i:82), STATEMACHINELOGENTRY, client-69912ADB290A, cid=43
2019-09-24 16:37:43,773 TRACE util.FileUtils (LogUtils.java:runAndLog(61)) - Successfully ran Files.move /workdir/ratis-test/target/test/data/b2c0a8be/MiniRaftClusterWithNetty1f9c6c63/s0/7b03d609-5326-4b0a-b2d2-a1961c08437e/current/log_inprogress_74 to /workdir/ratis-test/target/test/data/b2c0a8be/MiniRaftClusterWithNetty1f9c6c63/s0/7b03d609-5326-4b0a-b2d2-a1961c08437e/current/log_74-75
2019-09-24 16:37:43,773 INFO  segmented.SegmentedRaftLogWorker (SegmentedRaftLogWorker.java:execute(526)) - s0@group-A1961C08437E-SegmentedRaftLogWorker: Rolled log segment from /workdir/ratis-test/target/test/data/b2c0a8be/MiniRaftClusterWithNetty1f9c6c63/s0/7b03d609-5326-4b0a-b2d2-a1961c08437e/current/log_inprogress_74 to /workdir/ratis-test/target/test/data/b2c0a8be/MiniRaftClusterWithNetty1f9c6c63/s0/7b03d609-5326-4b0a-b2d2-a1961c08437e/current/log_74-75
2019-09-24 16:37:43,776 INFO  segmented.SegmentedRaftLogWorker (SegmentedRaftLogWorker.java:rollLogSegment(385)) - s2@group-A1961C08437E-SegmentedRaftLogWorker: Rolling segment log-88_89 to index:89
2019-09-24 16:37:43,784 TRACE util.FileUtils (LogUtils.java:runAndLog(61)) - Successfully ran Files.move /workdir/ratis-test/target/test/data/b2c0a8be/MiniRaftClusterWithNetty1f9c6c63/s2/7b03d609-5326-4b0a-b2d2-a1961c08437e/current/log_inprogress_88 to /workdir/ratis-test/target/test/data/b2c0a8be/MiniRaftClusterWithNetty1f9c6c63/s2/7b03d609-5326-4b0a-b2d2-a1961c08437e/current/log_88-89
2019-09-24 16:37:43,784 INFO  segmented.SegmentedRaftLogWorker (SegmentedRaftLogWorker.java:execute(526)) - s2@group-A1961C08437E-SegmentedRaftLogWorker: Rolled log segment from /workdir/ratis-test/target/test/data/b2c0a8be/MiniRaftClusterWithNetty1f9c6c63/s2/7b03d609-5326-4b0a-b2d2-a1961c08437e/current/log_inprogress_88 to /workdir/ratis-test/target/test/data/b2c0a8be/MiniRaftClusterWithNetty1f9c6c63/s2/7b03d609-5326-4b0a-b2d2-a1961c08437e/current/log_88-89
2019-09-24 16:37:43,793 INFO  statemachine.SimpleStateMachine4Testing (SimpleStateMachine4Testing.java:put(198)) - s1: put 82, 4444444444... -> (t:2, i:82), STATEMACHINELOGENTRY, client-69912ADB290A, cid=43
2019-09-24 16:37:43,794 INFO  segmented.SegmentedRaftLogWorker (SegmentedRaftLogWorker.java:rollLogSegment(385)) - s1@group-A1961C08437E-SegmentedRaftLogWorker: Rolling segment log-82_83 to index:83
2019-09-24 16:37:43,804 TRACE util.FileUtils (LogUtils.java:runAndLog(61)) - Successfully ran Files.move /workdir/ratis-test/target/test/data/b2c0a8be/MiniRaftClusterWithNetty1f9c6c63/s1/7b03d609-5326-4b0a-b2d2-a1961c08437e/current/log_inprogress_82 to /workdir/ratis-test/target/test/data/b2c0a8be/MiniRaftClusterWithNetty1f9c6c63/s1/7b03d609-5326-4b0a-b2d2-a1961c08437e/current/log_82-83
2019-09-24 16:37:43,804 INFO  segmented.SegmentedRaftLogWorker (SegmentedRaftLogWorker.java:execute(526)) - s1@group-A1961C08437E-SegmentedRaftLogWorker: Rolled log segment from /workdir/ratis-test/target/test/data/b2c0a8be/MiniRaftClusterWithNetty1f9c6c63/s1/7b03d609-5326-4b0a-b2d2-a1961c08437e/current/log_inprogress_82 to /workdir/ratis-test/target/test/data/b2c0a8be/MiniRaftClusterWithNetty1f9c6c63/s1/7b03d609-5326-4b0a-b2d2-a1961c08437e/current/log_82-83
2019-09-24 16:37:43,825 INFO  segmented.SegmentedRaftLogWorker (SegmentedRaftLogWorker.java:execute(569)) - s0@group-A1961C08437E-SegmentedRaftLogWorker: created new log segment /workdir/ratis-test/target/test/data/b2c0a8be/MiniRaftClusterWithNetty1f9c6c63/s0/7b03d609-5326-4b0a-b2d2-a1961c08437e/current/log_inprogress_76
2019-09-24 16:37:43,825 INFO  segmented.SegmentedRaftLogWorker (SegmentedRaftLogWorker.java:execute(569)) - s2@group-A1961C08437E-SegmentedRaftLogWorker: created new log segment /workdir/ratis-test/target/test/data/b2c0a8be/MiniRaftClusterWithNetty1f9c6c63/s2/7b03d609-5326-4b0a-b2d2-a1961c08437e/current/log_inprogress_90
2019-09-24 16:37:43,849 INFO  segmented.SegmentedRaftLogWorker (SegmentedRaftLogWorker.java:execute(569)) - s1@group-A1961C08437E-SegmentedRaftLogWorker: created new log segment /workdir/ratis-test/target/test/data/b2c0a8be/MiniRaftClusterWithNetty1f9c6c63/s1/7b03d609-5326-4b0a-b2d2-a1961c08437e/current/log_inprogress_84
2019-09-24 16:37:43,859 INFO  segmented.SegmentedRaftLogWorker (SegmentedRaftLogWorker.java:rollLogSegment(385)) - s0@group-A1961C08437E-SegmentedRaftLogWorker: Rolling segment log-76_77 to index:77
2019-09-24 16:37:43,859 INFO  statemachine.SimpleStateMachine4Testing (SimpleStateMachine4Testing.java:put(198)) - s2: put 84, 5555555555... -> (t:2, i:84), STATEMACHINELOGENTRY, client-781B3BD2DEB4, cid=40
2019-09-24 16:37:43,860 TRACE util.FileUtils (LogUtils.java:runAndLog(61)) - Successfully ran Files.move /workdir/ratis-test/target/test/data/b2c0a8be/MiniRaftClusterWithNetty1f9c6c63/s0/7b03d609-5326-4b0a-b2d2-a1961c08437e/current/log_inprogress_76 to /workdir/ratis-test/target/test/data/b2c0a8be/MiniRaftClusterWithNetty1f9c6c63/s0/7b03d609-5326-4b0a-b2d2-a1961c08437e/current/log_76-77
2019-09-24 16:37:43,860 INFO  segmented.SegmentedRaftLogWorker (SegmentedRaftLogWorker.java:execute(526)) - s0@group-A1961C08437E-SegmentedRaftLogWorker: Rolled log segment from /workdir/ratis-test/target/test/data/b2c0a8be/MiniRaftClusterWithNetty1f9c6c63/s0/7b03d609-5326-4b0a-b2d2-a1961c08437e/current/log_inprogress_76 to /workdir/ratis-test/target/test/data/b2c0a8be/MiniRaftClusterWithNetty1f9c6c63/s0/7b03d609-5326-4b0a-b2d2-a1961c08437e/current/log_76-77
2019-09-24 16:37:43,861 INFO  segmented.SegmentedRaftLogWorker (SegmentedRaftLogWorker.java:rollLogSegment(385)) - s2@group-A1961C08437E-SegmentedRaftLogWorker: Rolling segment log-90_91 to index:91
2019-09-24 16:37:43,880 TRACE util.FileUtils (LogUtils.java:runAndLog(61)) - Successfully ran Files.move /workdir/ratis-test/target/test/data/b2c0a8be/MiniRaftClusterWithNetty1f9c6c63/s2/7b03d609-5326-4b0a-b2d2-a1961c08437e/current/log_inprogress_90 to /workdir/ratis-test/target/test/data/b2c0a8be/MiniRaftClusterWithNetty1f9c6c63/s2/7b03d609-5326-4b0a-b2d2-a1961c08437e/current/log_90-91
2019-09-24 16:37:43,880 INFO  segmented.SegmentedRaftLogWorker (SegmentedRaftLogWorker.java:execute(526)) - s2@group-A1961C08437E-SegmentedRaftLogWorker: Rolled log segment from /workdir/ratis-test/target/test/data/b2c0a8be/MiniRaftClusterWithNetty1f9c6c63/s2/7b03d609-5326-4b0a-b2d2-a1961c08437e/current/log_inprogress_90 to /workdir/ratis-test/target/test/data/b2c0a8be/MiniRaftClusterWithNetty1f9c6c63/s2/7b03d609-5326-4b0a-b2d2-a1961c08437e/current/log_90-91
2019-09-24 16:37:43,883 INFO  segmented.SegmentedRaftLogWorker (SegmentedRaftLogWorker.java:rollLogSegment(385)) - s1@group-A1961C08437E-SegmentedRaftLogWorker: Rolling segment log-84_85 to index:85
2019-09-24 16:37:43,892 TRACE util.FileUtils (LogUtils.java:runAndLog(61)) - Successfully ran Files.move /workdir/ratis-test/target/test/data/b2c0a8be/MiniRaftClusterWithNetty1f9c6c63/s1/7b03d609-5326-4b0a-b2d2-a1961c08437e/current/log_inprogress_84 to /workdir/ratis-test/target/test/data/b2c0a8be/MiniRaftClusterWithNetty1f9c6c63/s1/7b03d609-5326-4b0a-b2d2-a1961c08437e/current/log_84-85
2019-09-24 16:37:43,892 INFO  segmented.SegmentedRaftLogWorker (SegmentedRaftLogWorker.java:execute(526)) - s1@group-A1961C08437E-SegmentedRaftLogWorker: Rolled log segment from /workdir/ratis-test/target/test/data/b2c0a8be/MiniRaftClusterWithNetty1f9c6c63/s1/7b03d609-5326-4b0a-b2d2-a1961c08437e/current/log_inprogress_84 to /workdir/ratis-test/target/test/data/b2c0a8be/MiniRaftClusterWithNetty1f9c6c63/s1/7b03d609-5326-4b0a-b2d2-a1961c08437e/current/log_84-85
2019-09-24 16:37:43,910 INFO  segmented.SegmentedRaftLogWorker (SegmentedRaftLogWorker.java:execute(569)) - s0@group-A1961C08437E-SegmentedRaftLogWorker: created new log segment /workdir/ratis-test/target/test/data/b2c0a8be/MiniRaftClusterWithNetty1f9c6c63/s0/7b03d609-5326-4b0a-b2d2-a1961c08437e/current/log_inprogress_78
2019-09-24 16:37:43,931 INFO  segmented.SegmentedRaftLogWorker (SegmentedRaftLogWorker.java:execute(569)) - s1@group-A1961C08437E-SegmentedRaftLogWorker: created new log segment /workdir/ratis-test/target/test/data/b2c0a8be/MiniRaftClusterWithNetty1f9c6c63/s1/7b03d609-5326-4b0a-b2d2-a1961c08437e/current/log_inprogress_86
2019-09-24 16:37:43,931 INFO  segmented.SegmentedRaftLogWorker (SegmentedRaftLogWorker.java:execute(569)) - s2@group-A1961C08437E-SegmentedRaftLogWorker: created new log segment /workdir/ratis-test/target/test/data/b2c0a8be/MiniRaftClusterWithNetty1f9c6c63/s2/7b03d609-5326-4b0a-b2d2-a1961c08437e/current/log_inprogress_92
2019-09-24 16:37:43,945 INFO  statemachine.SimpleStateMachine4Testing (SimpleStateMachine4Testing.java:put(198)) - s1: put 84, 5555555555... -> (t:2, i:84), STATEMACHINELOGENTRY, client-781B3BD2DEB4, cid=40
2019-09-24 16:37:43,946 INFO  statemachine.SimpleStateMachine4Testing (SimpleStateMachine4Testing.java:put(198)) - s2: put 86, 5555555555... -> (t:2, i:86), STATEMACHINELOGENTRY, client-DA36977FC49F, cid=45
2019-09-24 16:37:43,946 INFO  segmented.SegmentedRaftLogWorker (SegmentedRaftLogWorker.java:rollLogSegment(385)) - s0@group-A1961C08437E-SegmentedRaftLogWorker: Rolling segment log-78_79 to index:79
2019-09-24 16:37:43,947 TRACE util.FileUtils (LogUtils.java:runAndLog(61)) - Successfully ran Files.move /workdir/ratis-test/target/test/data/b2c0a8be/MiniRaftClusterWithNetty1f9c6c63/s0/7b03d609-5326-4b0a-b2d2-a1961c08437e/current/log_inprogress_78 to /workdir/ratis-test/target/test/data/b2c0a8be/MiniRaftClusterWithNetty1f9c6c63/s0/7b03d609-5326-4b0a-b2d2-a1961c08437e/current/log_78-79
2019-09-24 16:37:43,947 INFO  segmented.SegmentedRaftLogWorker (SegmentedRaftLogWorker.java:execute(526)) - s0@group-A1961C08437E-SegmentedRaftLogWorker: Rolled log segment from /workdir/ratis-test/target/test/data/b2c0a8be/MiniRaftClusterWithNetty1f9c6c63/s0/7b03d609-5326-4b0a-b2d2-a1961c08437e/current/log_inprogress_78 to /workdir/ratis-test/target/test/data/b2c0a8be/MiniRaftClusterWithNetty1f9c6c63/s0/7b03d609-5326-4b0a-b2d2-a1961c08437e/current/log_78-79
2019-09-24 16:37:43,964 INFO  statemachine.SimpleStateMachine4Testing (SimpleStateMachine4Testing.java:put(198)) - s1: put 86, 5555555555... -> (t:2, i:86), STATEMACHINELOGENTRY, client-DA36977FC49F, cid=45
2019-09-24 16:37:43,965 INFO  segmented.SegmentedRaftLogWorker (SegmentedRaftLogWorker.java:rollLogSegment(385)) - s1@group-A1961C08437E-SegmentedRaftLogWorker: Rolling segment log-86_87 to index:87
2019-09-24 16:37:43,972 TRACE util.FileUtils (LogUtils.java:runAndLog(61)) - Successfully ran Files.move /workdir/ratis-test/target/test/data/b2c0a8be/MiniRaftClusterWithNetty1f9c6c63/s1/7b03d609-5326-4b0a-b2d2-a1961c08437e/current/log_inprogress_86 to /workdir/ratis-test/target/test/data/b2c0a8be/MiniRaftClusterWithNetty1f9c6c63/s1/7b03d609-5326-4b0a-b2d2-a1961c08437e/current/log_86-87
2019-09-24 16:37:43,973 INFO  segmented.SegmentedRaftLogWorker (SegmentedRaftLogWorker.java:execute(526)) - s1@group-A1961C08437E-SegmentedRaftLogWorker: Rolled log segment from /workdir/ratis-test/target/test/data/b2c0a8be/MiniRaftClusterWithNetty1f9c6c63/s1/7b03d609-5326-4b0a-b2d2-a1961c08437e/current/log_inprogress_86 to /workdir/ratis-test/target/test/data/b2c0a8be/MiniRaftClusterWithNetty1f9c6c63/s1/7b03d609-5326-4b0a-b2d2-a1961c08437e/current/log_86-87
2019-09-24 16:37:43,973 INFO  segmented.SegmentedRaftLogWorker (SegmentedRaftLogWorker.java:execute(569)) - s0@group-A1961C08437E-SegmentedRaftLogWorker: created new log segment /workdir/ratis-test/target/test/data/b2c0a8be/MiniRaftClusterWithNetty1f9c6c63/s0/7b03d609-5326-4b0a-b2d2-a1961c08437e/current/log_inprogress_80
2019-09-24 16:37:43,990 INFO  segmented.SegmentedRaftLogWorker (SegmentedRaftLogWorker.java:execute(569)) - s1@group-A1961C08437E-SegmentedRaftLogWorker: created new log segment /workdir/ratis-test/target/test/data/b2c0a8be/MiniRaftClusterWithNetty1f9c6c63/s1/7b03d609-5326-4b0a-b2d2-a1961c08437e/current/log_inprogress_88
2019-09-24 16:37:44,010 INFO  segmented.SegmentedRaftLogWorker (SegmentedRaftLogWorker.java:rollLogSegment(385)) - s0@group-A1961C08437E-SegmentedRaftLogWorker: Rolling segment log-80_81 to index:81
2019-09-24 16:37:44,010 INFO  statemachine.SimpleStateMachine4Testing (SimpleStateMachine4Testing.java:put(198)) - s2: put 88, 5555555555... -> (t:2, i:88), STATEMACHINELOGENTRY, client-6F4DA14A560B, cid=46
2019-09-24 16:37:44,011 TRACE util.FileUtils (LogUtils.java:runAndLog(61)) - Successfully ran Files.move /workdir/ratis-test/target/test/data/b2c0a8be/MiniRaftClusterWithNetty1f9c6c63/s0/7b03d609-5326-4b0a-b2d2-a1961c08437e/current/log_inprogress_80 to /workdir/ratis-test/target/test/data/b2c0a8be/MiniRaftClusterWithNetty1f9c6c63/s0/7b03d609-5326-4b0a-b2d2-a1961c08437e/current/log_80-81
2019-09-24 16:37:44,011 INFO  segmented.SegmentedRaftLogWorker (SegmentedRaftLogWorker.java:execute(526)) - s0@group-A1961C08437E-SegmentedRaftLogWorker: Rolled log segment from /workdir/ratis-test/target/test/data/b2c0a8be/MiniRaftClusterWithNetty1f9c6c63/s0/7b03d609-5326-4b0a-b2d2-a1961c08437e/current/log_inprogress_80 to /workdir/ratis-test/target/test/data/b2c0a8be/MiniRaftClusterWithNetty1f9c6c63/s0/7b03d609-5326-4b0a-b2d2-a1961c08437e/current/log_80-81
2019-09-24 16:37:44,012 INFO  segmented.SegmentedRaftLogWorker (SegmentedRaftLogWorker.java:rollLogSegment(385)) - s2@group-A1961C08437E-SegmentedRaftLogWorker: Rolling segment log-92_95 to index:95
2019-09-24 16:37:44,024 TRACE util.FileUtils (LogUtils.java:runAndLog(61)) - Successfully ran Files.move /workdir/ratis-test/target/test/data/b2c0a8be/MiniRaftClusterWithNetty1f9c6c63/s2/7b03d609-5326-4b0a-b2d2-a1961c08437e/current/log_inprogress_92 to /workdir/ratis-test/target/test/data/b2c0a8be/MiniRaftClusterWithNetty1f9c6c63/s2/7b03d609-5326-4b0a-b2d2-a1961c08437e/current/log_92-95
2019-09-24 16:37:44,025 INFO  segmented.SegmentedRaftLogWorker (SegmentedRaftLogWorker.java:execute(526)) - s2@group-A1961C08437E-SegmentedRaftLogWorker: Rolled log segment from /workdir/ratis-test/target/test/data/b2c0a8be/MiniRaftClusterWithNetty1f9c6c63/s2/7b03d609-5326-4b0a-b2d2-a1961c08437e/current/log_inprogress_92 to /workdir/ratis-test/target/test/data/b2c0a8be/MiniRaftClusterWithNetty1f9c6c63/s2/7b03d609-5326-4b0a-b2d2-a1961c08437e/current/log_92-95
2019-09-24 16:37:44,026 INFO  segmented.SegmentedRaftLogWorker (SegmentedRaftLogWorker.java:rollLogSegment(385)) - s1@group-A1961C08437E-SegmentedRaftLogWorker: Rolling segment log-88_89 to index:89
2019-09-24 16:37:44,036 TRACE util.FileUtils (LogUtils.java:runAndLog(61)) - Successfully ran Files.move /workdir/ratis-test/target/test/data/b2c0a8be/MiniRaftClusterWithNetty1f9c6c63/s1/7b03d609-5326-4b0a-b2d2-a1961c08437e/current/log_inprogress_88 to /workdir/ratis-test/target/test/data/b2c0a8be/MiniRaftClusterWithNetty1f9c6c63/s1/7b03d609-5326-4b0a-b2d2-a1961c08437e/current/log_88-89
2019-09-24 16:37:44,036 INFO  segmented.SegmentedRaftLogWorker (SegmentedRaftLogWorker.java:execute(526)) - s1@group-A1961C08437E-SegmentedRaftLogWorker: Rolled log segment from /workdir/ratis-test/target/test/data/b2c0a8be/MiniRaftClusterWithNetty1f9c6c63/s1/7b03d609-5326-4b0a-b2d2-a1961c08437e/current/log_inprogress_88 to /workdir/ratis-test/target/test/data/b2c0a8be/MiniRaftClusterWithNetty1f9c6c63/s1/7b03d609-5326-4b0a-b2d2-a1961c08437e/current/log_88-89
2019-09-24 16:37:44,059 INFO  segmented.SegmentedRaftLogWorker (SegmentedRaftLogWorker.java:execute(569)) - s0@group-A1961C08437E-SegmentedRaftLogWorker: created new log segment /workdir/ratis-test/target/test/data/b2c0a8be/MiniRaftClusterWithNetty1f9c6c63/s0/7b03d609-5326-4b0a-b2d2-a1961c08437e/current/log_inprogress_82
2019-09-24 16:37:44,077 INFO  segmented.SegmentedRaftLogWorker (SegmentedRaftLogWorker.java:execute(569)) - s1@group-A1961C08437E-SegmentedRaftLogWorker: created new log segment /workdir/ratis-test/target/test/data/b2c0a8be/MiniRaftClusterWithNetty1f9c6c63/s1/7b03d609-5326-4b0a-b2d2-a1961c08437e/current/log_inprogress_90
2019-09-24 16:37:44,077 INFO  segmented.SegmentedRaftLogWorker (SegmentedRaftLogWorker.java:execute(569)) - s2@group-A1961C08437E-SegmentedRaftLogWorker: created new log segment /workdir/ratis-test/target/test/data/b2c0a8be/MiniRaftClusterWithNetty1f9c6c63/s2/7b03d609-5326-4b0a-b2d2-a1961c08437e/current/log_inprogress_96
2019-09-24 16:37:44,082 INFO  segmented.SegmentedRaftLogWorker (SegmentedRaftLogWorker.java:rollLogSegment(385)) - s0@group-A1961C08437E-SegmentedRaftLogWorker: Rolling segment log-82_83 to index:83
2019-09-24 16:37:44,082 TRACE util.FileUtils (LogUtils.java:runAndLog(61)) - Successfully ran Files.move /workdir/ratis-test/target/test/data/b2c0a8be/MiniRaftClusterWithNetty1f9c6c63/s0/7b03d609-5326-4b0a-b2d2-a1961c08437e/current/log_inprogress_82 to /workdir/ratis-test/target/test/data/b2c0a8be/MiniRaftClusterWithNetty1f9c6c63/s0/7b03d609-5326-4b0a-b2d2-a1961c08437e/current/log_82-83
2019-09-24 16:37:44,083 INFO  segmented.SegmentedRaftLogWorker (SegmentedRaftLogWorker.java:execute(526)) - s0@group-A1961C08437E-SegmentedRaftLogWorker: Rolled log segment from /workdir/ratis-test/target/test/data/b2c0a8be/MiniRaftClusterWithNetty1f9c6c63/s0/7b03d609-5326-4b0a-b2d2-a1961c08437e/current/log_inprogress_82 to /workdir/ratis-test/target/test/data/b2c0a8be/MiniRaftClusterWithNetty1f9c6c63/s0/7b03d609-5326-4b0a-b2d2-a1961c08437e/current/log_82-83
2019-09-24 16:37:44,104 INFO  statemachine.SimpleStateMachine4Testing (SimpleStateMachine4Testing.java:put(198)) - s1: put 88, 5555555555... -> (t:2, i:88), STATEMACHINELOGENTRY, client-6F4DA14A560B, cid=46
2019-09-24 16:37:44,105 INFO  statemachine.SimpleStateMachine4Testing (SimpleStateMachine4Testing.java:put(198)) - s2: put 90, 5555555555... -> (t:2, i:90), STATEMACHINELOGENTRY, client-69912ADB290A, cid=47
2019-09-24 16:37:44,125 INFO  statemachine.SimpleStateMachine4Testing (SimpleStateMachine4Testing.java:put(198)) - s1: put 90, 5555555555... -> (t:2, i:90), STATEMACHINELOGENTRY, client-69912ADB290A, cid=47
2019-09-24 16:37:44,126 INFO  segmented.SegmentedRaftLogWorker (SegmentedRaftLogWorker.java:rollLogSegment(385)) - s1@group-A1961C08437E-SegmentedRaftLogWorker: Rolling segment log-90_91 to index:91
2019-09-24 16:37:44,126 TRACE util.FileUtils (LogUtils.java:runAndLog(61)) - Successfully ran Files.move /workdir/ratis-test/target/test/data/b2c0a8be/MiniRaftClusterWithNetty1f9c6c63/s1/7b03d609-5326-4b0a-b2d2-a1961c08437e/current/log_inprogress_90 to /workdir/ratis-test/target/test/data/b2c0a8be/MiniRaftClusterWithNetty1f9c6c63/s1/7b03d609-5326-4b0a-b2d2-a1961c08437e/current/log_90-91
2019-09-24 16:37:44,127 INFO  segmented.SegmentedRaftLogWorker (SegmentedRaftLogWorker.java:execute(526)) - s1@group-A1961C08437E-SegmentedRaftLogWorker: Rolled log segment from /workdir/ratis-test/target/test/data/b2c0a8be/MiniRaftClusterWithNetty1f9c6c63/s1/7b03d609-5326-4b0a-b2d2-a1961c08437e/current/log_inprogress_90 to /workdir/ratis-test/target/test/data/b2c0a8be/MiniRaftClusterWithNetty1f9c6c63/s1/7b03d609-5326-4b0a-b2d2-a1961c08437e/current/log_90-91
2019-09-24 16:37:44,128 INFO  segmented.SegmentedRaftLogWorker (SegmentedRaftLogWorker.java:execute(569)) - s0@group-A1961C08437E-SegmentedRaftLogWorker: created new log segment /workdir/ratis-test/target/test/data/b2c0a8be/MiniRaftClusterWithNetty1f9c6c63/s0/7b03d609-5326-4b0a-b2d2-a1961c08437e/current/log_inprogress_84
2019-09-24 16:37:44,161 INFO  segmented.SegmentedRaftLogWorker (SegmentedRaftLogWorker.java:rollLogSegment(385)) - s0@group-A1961C08437E-SegmentedRaftLogWorker: Rolling segment log-84_85 to index:85
2019-09-24 16:37:44,161 INFO  segmented.SegmentedRaftLogWorker (SegmentedRaftLogWorker.java:execute(569)) - s1@group-A1961C08437E-SegmentedRaftLogWorker: created new log segment /workdir/ratis-test/target/test/data/b2c0a8be/MiniRaftClusterWithNetty1f9c6c63/s1/7b03d609-5326-4b0a-b2d2-a1961c08437e/current/log_inprogress_92
2019-09-24 16:37:44,162 TRACE util.FileUtils (LogUtils.java:runAndLog(61)) - Successfully ran Files.move /workdir/ratis-test/target/test/data/b2c0a8be/MiniRaftClusterWithNetty1f9c6c63/s0/7b03d609-5326-4b0a-b2d2-a1961c08437e/current/log_inprogress_84 to /workdir/ratis-test/target/test/data/b2c0a8be/MiniRaftClusterWithNetty1f9c6c63/s0/7b03d609-5326-4b0a-b2d2-a1961c08437e/current/log_84-85
2019-09-24 16:37:44,162 INFO  segmented.SegmentedRaftLogWorker (SegmentedRaftLogWorker.java:execute(526)) - s0@group-A1961C08437E-SegmentedRaftLogWorker: Rolled log segment from /workdir/ratis-test/target/test/data/b2c0a8be/MiniRaftClusterWithNetty1f9c6c63/s0/7b03d609-5326-4b0a-b2d2-a1961c08437e/current/log_inprogress_84 to /workdir/ratis-test/target/test/data/b2c0a8be/MiniRaftClusterWithNetty1f9c6c63/s0/7b03d609-5326-4b0a-b2d2-a1961c08437e/current/log_84-85
2019-09-24 16:37:44,177 INFO  statemachine.SimpleStateMachine4Testing (SimpleStateMachine4Testing.java:put(198)) - s2: put 92, 5555555555... -> (t:2, i:92), STATEMACHINELOGENTRY, client-D98953169D47, cid=44
2019-09-24 16:37:44,196 INFO  statemachine.SimpleStateMachine4Testing (SimpleStateMachine4Testing.java:put(198)) - s1: put 92, 5555555555... -> (t:2, i:92), STATEMACHINELOGENTRY, client-D98953169D47, cid=44
2019-09-24 16:37:44,203 INFO  segmented.SegmentedRaftLogWorker (SegmentedRaftLogWorker.java:execute(569)) - s0@group-A1961C08437E-SegmentedRaftLogWorker: created new log segment /workdir/ratis-test/target/test/data/b2c0a8be/MiniRaftClusterWithNetty1f9c6c63/s0/7b03d609-5326-4b0a-b2d2-a1961c08437e/current/log_inprogress_86
2019-09-24 16:37:44,221 INFO  statemachine.SimpleStateMachine4Testing (SimpleStateMachine4Testing.java:put(198)) - s2: put 94, 0000000000... -> (t:2, i:94), STATEMACHINELOGENTRY, client-DA36977FC49F, cid=49
2019-09-24 16:37:44,245 INFO  statemachine.SimpleStateMachine4Testing (SimpleStateMachine4Testing.java:put(198)) - s1: put 94, 0000000000... -> (t:2, i:94), STATEMACHINELOGENTRY, client-DA36977FC49F, cid=49
2019-09-24 16:37:44,246 INFO  segmented.SegmentedRaftLogWorker (SegmentedRaftLogWorker.java:rollLogSegment(385)) - s0@group-A1961C08437E-SegmentedRaftLogWorker: Rolling segment log-86_87 to index:87
2019-09-24 16:37:44,246 INFO  segmented.SegmentedRaftLogWorker (SegmentedRaftLogWorker.java:rollLogSegment(385)) - s1@group-A1961C08437E-SegmentedRaftLogWorker: Rolling segment log-92_95 to index:95
2019-09-24 16:37:44,247 TRACE util.FileUtils (LogUtils.java:runAndLog(61)) - Successfully ran Files.move /workdir/ratis-test/target/test/data/b2c0a8be/MiniRaftClusterWithNetty1f9c6c63/s0/7b03d609-5326-4b0a-b2d2-a1961c08437e/current/log_inprogress_86 to /workdir/ratis-test/target/test/data/b2c0a8be/MiniRaftClusterWithNetty1f9c6c63/s0/7b03d609-5326-4b0a-b2d2-a1961c08437e/current/log_86-87
2019-09-24 16:37:44,247 INFO  segmented.SegmentedRaftLogWorker (SegmentedRaftLogWorker.java:execute(526)) - s0@group-A1961C08437E-SegmentedRaftLogWorker: Rolled log segment from /workdir/ratis-test/target/test/data/b2c0a8be/MiniRaftClusterWithNetty1f9c6c63/s0/7b03d609-5326-4b0a-b2d2-a1961c08437e/current/log_inprogress_86 to /workdir/ratis-test/target/test/data/b2c0a8be/MiniRaftClusterWithNetty1f9c6c63/s0/7b03d609-5326-4b0a-b2d2-a1961c08437e/current/log_86-87
2019-09-24 16:37:44,247 TRACE util.FileUtils (LogUtils.java:runAndLog(61)) - Successfully ran Files.move /workdir/ratis-test/target/test/data/b2c0a8be/MiniRaftClusterWithNetty1f9c6c63/s1/7b03d609-5326-4b0a-b2d2-a1961c08437e/current/log_inprogress_92 to /workdir/ratis-test/target/test/data/b2c0a8be/MiniRaftClusterWithNetty1f9c6c63/s1/7b03d609-5326-4b0a-b2d2-a1961c08437e/current/log_92-95
2019-09-24 16:37:44,247 INFO  segmented.SegmentedRaftLogWorker (SegmentedRaftLogWorker.java:execute(526)) - s1@group-A1961C08437E-SegmentedRaftLogWorker: Rolled log segment from /workdir/ratis-test/target/test/data/b2c0a8be/MiniRaftClusterWithNetty1f9c6c63/s1/7b03d609-5326-4b0a-b2d2-a1961c08437e/current/log_inprogress_92 to /workdir/ratis-test/target/test/data/b2c0a8be/MiniRaftClusterWithNetty1f9c6c63/s1/7b03d609-5326-4b0a-b2d2-a1961c08437e/current/log_92-95
2019-09-24 16:37:44,304 INFO  segmented.SegmentedRaftLogWorker (SegmentedRaftLogWorker.java:execute(569)) - s1@group-A1961C08437E-SegmentedRaftLogWorker: created new log segment /workdir/ratis-test/target/test/data/b2c0a8be/MiniRaftClusterWithNetty1f9c6c63/s1/7b03d609-5326-4b0a-b2d2-a1961c08437e/current/log_inprogress_96
2019-09-24 16:37:44,304 INFO  segmented.SegmentedRaftLogWorker (SegmentedRaftLogWorker.java:execute(569)) - s0@group-A1961C08437E-SegmentedRaftLogWorker: created new log segment /workdir/ratis-test/target/test/data/b2c0a8be/MiniRaftClusterWithNetty1f9c6c63/s0/7b03d609-5326-4b0a-b2d2-a1961c08437e/current/log_inprogress_88
2019-09-24 16:37:44,318 INFO  statemachine.SimpleStateMachine4Testing (SimpleStateMachine4Testing.java:put(198)) - s2: put 96, 0000000000... -> (t:2, i:96), STATEMACHINELOGENTRY, client-6F4DA14A560B, cid=50
2019-09-24 16:37:44,340 INFO  segmented.SegmentedRaftLogWorker (SegmentedRaftLogWorker.java:rollLogSegment(385)) - s0@group-A1961C08437E-SegmentedRaftLogWorker: Rolling segment log-88_89 to index:89
2019-09-24 16:37:44,341 TRACE util.FileUtils (LogUtils.java:runAndLog(61)) - Successfully ran Files.move /workdir/ratis-test/target/test/data/b2c0a8be/MiniRaftClusterWithNetty1f9c6c63/s0/7b03d609-5326-4b0a-b2d2-a1961c08437e/current/log_inprogress_88 to /workdir/ratis-test/target/test/data/b2c0a8be/MiniRaftClusterWithNetty1f9c6c63/s0/7b03d609-5326-4b0a-b2d2-a1961c08437e/current/log_88-89
2019-09-24 16:37:44,341 INFO  segmented.SegmentedRaftLogWorker (SegmentedRaftLogWorker.java:execute(526)) - s0@group-A1961C08437E-SegmentedRaftLogWorker: Rolled log segment from /workdir/ratis-test/target/test/data/b2c0a8be/MiniRaftClusterWithNetty1f9c6c63/s0/7b03d609-5326-4b0a-b2d2-a1961c08437e/current/log_inprogress_88 to /workdir/ratis-test/target/test/data/b2c0a8be/MiniRaftClusterWithNetty1f9c6c63/s0/7b03d609-5326-4b0a-b2d2-a1961c08437e/current/log_88-89
2019-09-24 16:37:44,363 INFO  statemachine.SimpleStateMachine4Testing (SimpleStateMachine4Testing.java:put(198)) - s1: put 96, 0000000000... -> (t:2, i:96), STATEMACHINELOGENTRY, client-6F4DA14A560B, cid=50
2019-09-24 16:37:44,363 INFO  statemachine.SimpleStateMachine4Testing (SimpleStateMachine4Testing.java:put(198)) - s2: put 98, 0000000000... -> (t:2, i:98), STATEMACHINELOGENTRY, client-69912ADB290A, cid=51
2019-09-24 16:37:44,366 INFO  segmented.SegmentedRaftLogWorker (SegmentedRaftLogWorker.java:rollLogSegment(385)) - s2@group-A1961C08437E-SegmentedRaftLogWorker: Rolling segment log-96_105 to index:105
2019-09-24 16:37:44,382 TRACE util.FileUtils (LogUtils.java:runAndLog(61)) - Successfully ran Files.move /workdir/ratis-test/target/test/data/b2c0a8be/MiniRaftClusterWithNetty1f9c6c63/s2/7b03d609-5326-4b0a-b2d2-a1961c08437e/current/log_inprogress_96 to /workdir/ratis-test/target/test/data/b2c0a8be/MiniRaftClusterWithNetty1f9c6c63/s2/7b03d609-5326-4b0a-b2d2-a1961c08437e/current/log_96-105
2019-09-24 16:37:44,382 INFO  segmented.SegmentedRaftLogWorker (SegmentedRaftLogWorker.java:execute(526)) - s2@group-A1961C08437E-SegmentedRaftLogWorker: Rolled log segment from /workdir/ratis-test/target/test/data/b2c0a8be/MiniRaftClusterWithNetty1f9c6c63/s2/7b03d609-5326-4b0a-b2d2-a1961c08437e/current/log_inprogress_96 to /workdir/ratis-test/target/test/data/b2c0a8be/MiniRaftClusterWithNetty1f9c6c63/s2/7b03d609-5326-4b0a-b2d2-a1961c08437e/current/log_96-105
2019-09-24 16:37:44,382 INFO  statemachine.SimpleStateMachine4Testing (SimpleStateMachine4Testing.java:put(198)) - s1: put 98, 0000000000... -> (t:2, i:98), STATEMACHINELOGENTRY, client-69912ADB290A, cid=51
2019-09-24 16:37:44,387 INFO  segmented.SegmentedRaftLogWorker (SegmentedRaftLogWorker.java:execute(569)) - s0@group-A1961C08437E-SegmentedRaftLogWorker: created new log segment /workdir/ratis-test/target/test/data/b2c0a8be/MiniRaftClusterWithNetty1f9c6c63/s0/7b03d609-5326-4b0a-b2d2-a1961c08437e/current/log_inprogress_90
2019-09-24 16:37:44,402 INFO  statemachine.SimpleStateMachine4Testing (SimpleStateMachine4Testing.java:put(198)) - s2: put 100, 0000000000... -> (t:2, i:100), STATEMACHINELOGENTRY, client-781B3BD2DEB4, cid=48
2019-09-24 16:37:44,413 INFO  segmented.SegmentedRaftLogWorker (SegmentedRaftLogWorker.java:execute(569)) - s2@group-A1961C08437E-SegmentedRaftLogWorker: created new log segment /workdir/ratis-test/target/test/data/b2c0a8be/MiniRaftClusterWithNetty1f9c6c63/s2/7b03d609-5326-4b0a-b2d2-a1961c08437e/current/log_inprogress_106
2019-09-24 16:37:44,422 INFO  statemachine.SimpleStateMachine4Testing (SimpleStateMachine4Testing.java:put(198)) - s1: put 100, 0000000000... -> (t:2, i:100), STATEMACHINELOGENTRY, client-781B3BD2DEB4, cid=48
2019-09-24 16:37:44,423 INFO  segmented.SegmentedRaftLogWorker (SegmentedRaftLogWorker.java:rollLogSegment(385)) - s0@group-A1961C08437E-SegmentedRaftLogWorker: Rolling segment log-90_91 to index:91
2019-09-24 16:37:44,423 TRACE util.FileUtils (LogUtils.java:runAndLog(61)) - Successfully ran Files.move /workdir/ratis-test/target/test/data/b2c0a8be/MiniRaftClusterWithNetty1f9c6c63/s0/7b03d609-5326-4b0a-b2d2-a1961c08437e/current/log_inprogress_90 to /workdir/ratis-test/target/test/data/b2c0a8be/MiniRaftClusterWithNetty1f9c6c63/s0/7b03d609-5326-4b0a-b2d2-a1961c08437e/current/log_90-91
2019-09-24 16:37:44,423 INFO  segmented.SegmentedRaftLogWorker (SegmentedRaftLogWorker.java:execute(526)) - s0@group-A1961C08437E-SegmentedRaftLogWorker: Rolled log segment from /workdir/ratis-test/target/test/data/b2c0a8be/MiniRaftClusterWithNetty1f9c6c63/s0/7b03d609-5326-4b0a-b2d2-a1961c08437e/current/log_inprogress_90 to /workdir/ratis-test/target/test/data/b2c0a8be/MiniRaftClusterWithNetty1f9c6c63/s0/7b03d609-5326-4b0a-b2d2-a1961c08437e/current/log_90-91
2019-09-24 16:37:44,441 INFO  statemachine.SimpleStateMachine4Testing (SimpleStateMachine4Testing.java:put(198)) - s2: put 102, 1111111111... -> (t:2, i:102), STATEMACHINELOGENTRY, client-DA36977FC49F, cid=53
2019-09-24 16:37:44,455 INFO  segmented.SegmentedRaftLogWorker (SegmentedRaftLogWorker.java:execute(569)) - s0@group-A1961C08437E-SegmentedRaftLogWorker: created new log segment /workdir/ratis-test/target/test/data/b2c0a8be/MiniRaftClusterWithNetty1f9c6c63/s0/7b03d609-5326-4b0a-b2d2-a1961c08437e/current/log_inprogress_92
2019-09-24 16:37:44,462 INFO  statemachine.SimpleStateMachine4Testing (SimpleStateMachine4Testing.java:put(198)) - s1: put 102, 1111111111... -> (t:2, i:102), STATEMACHINELOGENTRY, client-DA36977FC49F, cid=53
2019-09-24 16:37:44,481 INFO  statemachine.SimpleStateMachine4Testing (SimpleStateMachine4Testing.java:put(198)) - s2: put 104, 1111111111... -> (t:2, i:104), STATEMACHINELOGENTRY, client-6F4DA14A560B, cid=54
2019-09-24 16:37:44,483 INFO  segmented.SegmentedRaftLogWorker (SegmentedRaftLogWorker.java:rollLogSegment(385)) - s2@group-A1961C08437E-SegmentedRaftLogWorker: Rolling segment log-106_111 to index:111
2019-09-24 16:37:44,503 TRACE util.FileUtils (LogUtils.java:runAndLog(61)) - Successfully ran Files.move /workdir/ratis-test/target/test/data/b2c0a8be/MiniRaftClusterWithNetty1f9c6c63/s2/7b03d609-5326-4b0a-b2d2-a1961c08437e/current/log_inprogress_106 to /workdir/ratis-test/target/test/data/b2c0a8be/MiniRaftClusterWithNetty1f9c6c63/s2/7b03d609-5326-4b0a-b2d2-a1961c08437e/current/log_106-111
2019-09-24 16:37:44,504 INFO  segmented.SegmentedRaftLogWorker (SegmentedRaftLogWorker.java:execute(526)) - s2@group-A1961C08437E-SegmentedRaftLogWorker: Rolled log segment from /workdir/ratis-test/target/test/data/b2c0a8be/MiniRaftClusterWithNetty1f9c6c63/s2/7b03d609-5326-4b0a-b2d2-a1961c08437e/current/log_inprogress_106 to /workdir/ratis-test/target/test/data/b2c0a8be/MiniRaftClusterWithNetty1f9c6c63/s2/7b03d609-5326-4b0a-b2d2-a1961c08437e/current/log_106-111
2019-09-24 16:37:44,504 INFO  statemachine.SimpleStateMachine4Testing (SimpleStateMachine4Testing.java:put(198)) - s1: put 104, 1111111111... -> (t:2, i:104), STATEMACHINELOGENTRY, client-6F4DA14A560B, cid=54
2019-09-24 16:37:44,506 INFO  segmented.SegmentedRaftLogWorker (SegmentedRaftLogWorker.java:rollLogSegment(385)) - s1@group-A1961C08437E-SegmentedRaftLogWorker: Rolling segment log-96_105 to index:105
2019-09-24 16:37:44,506 TRACE util.FileUtils (LogUtils.java:runAndLog(61)) - Successfully ran Files.move /workdir/ratis-test/target/test/data/b2c0a8be/MiniRaftClusterWithNetty1f9c6c63/s1/7b03d609-5326-4b0a-b2d2-a1961c08437e/current/log_inprogress_96 to /workdir/ratis-test/target/test/data/b2c0a8be/MiniRaftClusterWithNetty1f9c6c63/s1/7b03d609-5326-4b0a-b2d2-a1961c08437e/current/log_96-105
2019-09-24 16:37:44,507 INFO  segmented.SegmentedRaftLogWorker (SegmentedRaftLogWorker.java:execute(526)) - s1@group-A1961C08437E-SegmentedRaftLogWorker: Rolled log segment from /workdir/ratis-test/target/test/data/b2c0a8be/MiniRaftClusterWithNetty1f9c6c63/s1/7b03d609-5326-4b0a-b2d2-a1961c08437e/current/log_inprogress_96 to /workdir/ratis-test/target/test/data/b2c0a8be/MiniRaftClusterWithNetty1f9c6c63/s1/7b03d609-5326-4b0a-b2d2-a1961c08437e/current/log_96-105
2019-09-24 16:37:44,526 INFO  segmented.SegmentedRaftLogWorker (SegmentedRaftLogWorker.java:rollLogSegment(385)) - s0@group-A1961C08437E-SegmentedRaftLogWorker: Rolling segment log-92_95 to index:95
2019-09-24 16:37:44,530 TRACE util.FileUtils (LogUtils.java:runAndLog(61)) - Successfully ran Files.move /workdir/ratis-test/target/test/data/b2c0a8be/MiniRaftClusterWithNetty1f9c6c63/s0/7b03d609-5326-4b0a-b2d2-a1961c08437e/current/log_inprogress_92 to /workdir/ratis-test/target/test/data/b2c0a8be/MiniRaftClusterWithNetty1f9c6c63/s0/7b03d609-5326-4b0a-b2d2-a1961c08437e/current/log_92-95
2019-09-24 16:37:44,531 INFO  segmented.SegmentedRaftLogWorker (SegmentedRaftLogWorker.java:execute(526)) - s0@group-A1961C08437E-SegmentedRaftLogWorker: Rolled log segment from /workdir/ratis-test/target/test/data/b2c0a8be/MiniRaftClusterWithNetty1f9c6c63/s0/7b03d609-5326-4b0a-b2d2-a1961c08437e/current/log_inprogress_92 to /workdir/ratis-test/target/test/data/b2c0a8be/MiniRaftClusterWithNetty1f9c6c63/s0/7b03d609-5326-4b0a-b2d2-a1961c08437e/current/log_92-95
2019-09-24 16:37:44,538 INFO  segmented.SegmentedRaftLogWorker (SegmentedRaftLogWorker.java:execute(569)) - s1@group-A1961C08437E-SegmentedRaftLogWorker: created new log segment /workdir/ratis-test/target/test/data/b2c0a8be/MiniRaftClusterWithNetty1f9c6c63/s1/7b03d609-5326-4b0a-b2d2-a1961c08437e/current/log_inprogress_106
2019-09-24 16:37:44,538 INFO  segmented.SegmentedRaftLogWorker (SegmentedRaftLogWorker.java:execute(569)) - s2@group-A1961C08437E-SegmentedRaftLogWorker: created new log segment /workdir/ratis-test/target/test/data/b2c0a8be/MiniRaftClusterWithNetty1f9c6c63/s2/7b03d609-5326-4b0a-b2d2-a1961c08437e/current/log_inprogress_112
2019-09-24 16:37:44,547 INFO  statemachine.SimpleStateMachine4Testing (SimpleStateMachine4Testing.java:put(198)) - s2: put 106, 1111111111... -> (t:2, i:106), STATEMACHINELOGENTRY, client-69912ADB290A, cid=55
2019-09-24 16:37:44,555 INFO  segmented.SegmentedRaftLogWorker (SegmentedRaftLogWorker.java:execute(569)) - s0@group-A1961C08437E-SegmentedRaftLogWorker: created new log segment /workdir/ratis-test/target/test/data/b2c0a8be/MiniRaftClusterWithNetty1f9c6c63/s0/7b03d609-5326-4b0a-b2d2-a1961c08437e/current/log_inprogress_96
2019-09-24 16:37:44,566 INFO  statemachine.SimpleStateMachine4Testing (SimpleStateMachine4Testing.java:put(198)) - s1: put 106, 1111111111... -> (t:2, i:106), STATEMACHINELOGENTRY, client-69912ADB290A, cid=55
2019-09-24 16:37:44,589 INFO  statemachine.SimpleStateMachine4Testing (SimpleStateMachine4Testing.java:put(198)) - s2: put 108, 0000000000... -> (t:2, i:108), STATEMACHINELOGENTRY, client-D98953169D47, cid=52
2019-09-24 16:37:44,590 INFO  segmented.SegmentedRaftLogWorker (SegmentedRaftLogWorker.java:rollLogSegment(385)) - s2@group-A1961C08437E-SegmentedRaftLogWorker: Rolling segment log-112_115 to index:115
2019-09-24 16:37:44,610 TRACE util.FileUtils (LogUtils.java:runAndLog(61)) - Successfully ran Files.move /workdir/ratis-test/target/test/data/b2c0a8be/MiniRaftClusterWithNetty1f9c6c63/s2/7b03d609-5326-4b0a-b2d2-a1961c08437e/current/log_inprogress_112 to /workdir/ratis-test/target/test/data/b2c0a8be/MiniRaftClusterWithNetty1f9c6c63/s2/7b03d609-5326-4b0a-b2d2-a1961c08437e/current/log_112-115
2019-09-24 16:37:44,610 INFO  segmented.SegmentedRaftLogWorker (SegmentedRaftLogWorker.java:execute(526)) - s2@group-A1961C08437E-SegmentedRaftLogWorker: Rolled log segment from /workdir/ratis-test/target/test/data/b2c0a8be/MiniRaftClusterWithNetty1f9c6c63/s2/7b03d609-5326-4b0a-b2d2-a1961c08437e/current/log_inprogress_112 to /workdir/ratis-test/target/test/data/b2c0a8be/MiniRaftClusterWithNetty1f9c6c63/s2/7b03d609-5326-4b0a-b2d2-a1961c08437e/current/log_112-115
2019-09-24 16:37:44,611 INFO  statemachine.SimpleStateMachine4Testing (SimpleStateMachine4Testing.java:put(198)) - s1: put 108, 0000000000... -> (t:2, i:108), STATEMACHINELOGENTRY, client-D98953169D47, cid=52
2019-09-24 16:37:44,634 INFO  statemachine.SimpleStateMachine4Testing (SimpleStateMachine4Testing.java:put(198)) - s2: put 110, 2222222222... -> (t:2, i:110), STATEMACHINELOGENTRY, client-DA36977FC49F, cid=57
2019-09-24 16:37:44,647 INFO  segmented.SegmentedRaftLogWorker (SegmentedRaftLogWorker.java:execute(569)) - s2@group-A1961C08437E-SegmentedRaftLogWorker: created new log segment /workdir/ratis-test/target/test/data/b2c0a8be/MiniRaftClusterWithNetty1f9c6c63/s2/7b03d609-5326-4b0a-b2d2-a1961c08437e/current/log_inprogress_116
2019-09-24 16:37:44,652 INFO  statemachine.SimpleStateMachine4Testing (SimpleStateMachine4Testing.java:put(198)) - s1: put 110, 2222222222... -> (t:2, i:110), STATEMACHINELOGENTRY, client-DA36977FC49F, cid=57
2019-09-24 16:37:44,653 INFO  segmented.SegmentedRaftLogWorker (SegmentedRaftLogWorker.java:rollLogSegment(385)) - s1@group-A1961C08437E-SegmentedRaftLogWorker: Rolling segment log-106_111 to index:111
2019-09-24 16:37:44,654 TRACE util.FileUtils (LogUtils.java:runAndLog(61)) - Successfully ran Files.move /workdir/ratis-test/target/test/data/b2c0a8be/MiniRaftClusterWithNetty1f9c6c63/s1/7b03d609-5326-4b0a-b2d2-a1961c08437e/current/log_inprogress_106 to /workdir/ratis-test/target/test/data/b2c0a8be/MiniRaftClusterWithNetty1f9c6c63/s1/7b03d609-5326-4b0a-b2d2-a1961c08437e/current/log_106-111
2019-09-24 16:37:44,654 INFO  segmented.SegmentedRaftLogWorker (SegmentedRaftLogWorker.java:execute(526)) - s1@group-A1961C08437E-SegmentedRaftLogWorker: Rolled log segment from /workdir/ratis-test/target/test/data/b2c0a8be/MiniRaftClusterWithNetty1f9c6c63/s1/7b03d609-5326-4b0a-b2d2-a1961c08437e/current/log_inprogress_106 to /workdir/ratis-test/target/test/data/b2c0a8be/MiniRaftClusterWithNetty1f9c6c63/s1/7b03d609-5326-4b0a-b2d2-a1961c08437e/current/log_106-111
2019-09-24 16:37:44,706 INFO  segmented.SegmentedRaftLogWorker (SegmentedRaftLogWorker.java:execute(569)) - s1@group-A1961C08437E-SegmentedRaftLogWorker: created new log segment /workdir/ratis-test/target/test/data/b2c0a8be/MiniRaftClusterWithNetty1f9c6c63/s1/7b03d609-5326-4b0a-b2d2-a1961c08437e/current/log_inprogress_112
2019-09-24 16:37:44,724 INFO  statemachine.SimpleStateMachine4Testing (SimpleStateMachine4Testing.java:put(198)) - s2: put 112, 2222222222... -> (t:2, i:112), STATEMACHINELOGENTRY, client-6F4DA14A560B, cid=58
2019-09-24 16:37:44,725 INFO  segmented.SegmentedRaftLogWorker (SegmentedRaftLogWorker.java:rollLogSegment(385)) - s2@group-A1961C08437E-SegmentedRaftLogWorker: Rolling segment log-116_119 to index:119
2019-09-24 16:37:44,746 TRACE util.FileUtils (LogUtils.java:runAndLog(61)) - Successfully ran Files.move /workdir/ratis-test/target/test/data/b2c0a8be/MiniRaftClusterWithNetty1f9c6c63/s2/7b03d609-5326-4b0a-b2d2-a1961c08437e/current/log_inprogress_116 to /workdir/ratis-test/target/test/data/b2c0a8be/MiniRaftClusterWithNetty1f9c6c63/s2/7b03d609-5326-4b0a-b2d2-a1961c08437e/current/log_116-119
2019-09-24 16:37:44,746 INFO  segmented.SegmentedRaftLogWorker (SegmentedRaftLogWorker.java:execute(526)) - s2@group-A1961C08437E-SegmentedRaftLogWorker: Rolled log segment from /workdir/ratis-test/target/test/data/b2c0a8be/MiniRaftClusterWithNetty1f9c6c63/s2/7b03d609-5326-4b0a-b2d2-a1961c08437e/current/log_inprogress_116 to /workdir/ratis-test/target/test/data/b2c0a8be/MiniRaftClusterWithNetty1f9c6c63/s2/7b03d609-5326-4b0a-b2d2-a1961c08437e/current/log_116-119
2019-09-24 16:37:44,747 INFO  statemachine.SimpleStateMachine4Testing (SimpleStateMachine4Testing.java:put(198)) - s1: put 112, 2222222222... -> (t:2, i:112), STATEMACHINELOGENTRY, client-6F4DA14A560B, cid=58
2019-09-24 16:37:44,764 INFO  statemachine.SimpleStateMachine4Testing (SimpleStateMachine4Testing.java:put(198)) - s2: put 114, 2222222222... -> (t:2, i:114), STATEMACHINELOGENTRY, client-69912ADB290A, cid=59
2019-09-24 16:37:44,765 INFO  segmented.SegmentedRaftLogWorker (SegmentedRaftLogWorker.java:rollLogSegment(385)) - s0@group-A1961C08437E-SegmentedRaftLogWorker: Rolling segment log-96_105 to index:105
2019-09-24 16:37:44,766 TRACE util.FileUtils (LogUtils.java:runAndLog(61)) - Successfully ran Files.move /workdir/ratis-test/target/test/data/b2c0a8be/MiniRaftClusterWithNetty1f9c6c63/s0/7b03d609-5326-4b0a-b2d2-a1961c08437e/current/log_inprogress_96 to /workdir/ratis-test/target/test/data/b2c0a8be/MiniRaftClusterWithNetty1f9c6c63/s0/7b03d609-5326-4b0a-b2d2-a1961c08437e/current/log_96-105
2019-09-24 16:37:44,766 INFO  segmented.SegmentedRaftLogWorker (SegmentedRaftLogWorker.java:execute(526)) - s0@group-A1961C08437E-SegmentedRaftLogWorker: Rolled log segment from /workdir/ratis-test/target/test/data/b2c0a8be/MiniRaftClusterWithNetty1f9c6c63/s0/7b03d609-5326-4b0a-b2d2-a1961c08437e/current/log_inprogress_96 to /workdir/ratis-test/target/test/data/b2c0a8be/MiniRaftClusterWithNetty1f9c6c63/s0/7b03d609-5326-4b0a-b2d2-a1961c08437e/current/log_96-105
2019-09-24 16:37:44,767 INFO  segmented.SegmentedRaftLogWorker (SegmentedRaftLogWorker.java:rollLogSegment(385)) - s2@group-A1961C08437E-SegmentedRaftLogWorker: Rolling segment log-120_121 to index:121
2019-09-24 16:37:44,773 INFO  segmented.SegmentedRaftLogWorker (SegmentedRaftLogWorker.java:execute(569)) - s2@group-A1961C08437E-SegmentedRaftLogWorker: created new log segment /workdir/ratis-test/target/test/data/b2c0a8be/MiniRaftClusterWithNetty1f9c6c63/s2/7b03d609-5326-4b0a-b2d2-a1961c08437e/current/log_inprogress_120
2019-09-24 16:37:44,788 INFO  statemachine.SimpleStateMachine4Testing (SimpleStateMachine4Testing.java:put(198)) - s1: put 114, 2222222222... -> (t:2, i:114), STATEMACHINELOGENTRY, client-69912ADB290A, cid=59
2019-09-24 16:37:44,790 TRACE util.FileUtils (LogUtils.java:runAndLog(61)) - Successfully ran Files.move /workdir/ratis-test/target/test/data/b2c0a8be/MiniRaftClusterWithNetty1f9c6c63/s2/7b03d609-5326-4b0a-b2d2-a1961c08437e/current/log_inprogress_120 to /workdir/ratis-test/target/test/data/b2c0a8be/MiniRaftClusterWithNetty1f9c6c63/s2/7b03d609-5326-4b0a-b2d2-a1961c08437e/current/log_120-121
2019-09-24 16:37:44,790 INFO  segmented.SegmentedRaftLogWorker (SegmentedRaftLogWorker.java:execute(526)) - s2@group-A1961C08437E-SegmentedRaftLogWorker: Rolled log segment from /workdir/ratis-test/target/test/data/b2c0a8be/MiniRaftClusterWithNetty1f9c6c63/s2/7b03d609-5326-4b0a-b2d2-a1961c08437e/current/log_inprogress_120 to /workdir/ratis-test/target/test/data/b2c0a8be/MiniRaftClusterWithNetty1f9c6c63/s2/7b03d609-5326-4b0a-b2d2-a1961c08437e/current/log_120-121
2019-09-24 16:37:44,791 INFO  segmented.SegmentedRaftLogWorker (SegmentedRaftLogWorker.java:rollLogSegment(385)) - s1@group-A1961C08437E-SegmentedRaftLogWorker: Rolling segment log-112_115 to index:115
2019-09-24 16:37:44,792 TRACE util.FileUtils (LogUtils.java:runAndLog(61)) - Successfully ran Files.move /workdir/ratis-test/target/test/data/b2c0a8be/MiniRaftClusterWithNetty1f9c6c63/s1/7b03d609-5326-4b0a-b2d2-a1961c08437e/current/log_inprogress_112 to /workdir/ratis-test/target/test/data/b2c0a8be/MiniRaftClusterWithNetty1f9c6c63/s1/7b03d609-5326-4b0a-b2d2-a1961c08437e/current/log_112-115
2019-09-24 16:37:44,792 INFO  segmented.SegmentedRaftLogWorker (SegmentedRaftLogWorker.java:execute(526)) - s1@group-A1961C08437E-SegmentedRaftLogWorker: Rolled log segment from /workdir/ratis-test/target/test/data/b2c0a8be/MiniRaftClusterWithNetty1f9c6c63/s1/7b03d609-5326-4b0a-b2d2-a1961c08437e/current/log_inprogress_112 to /workdir/ratis-test/target/test/data/b2c0a8be/MiniRaftClusterWithNetty1f9c6c63/s1/7b03d609-5326-4b0a-b2d2-a1961c08437e/current/log_112-115
2019-09-24 16:37:44,815 INFO  segmented.SegmentedRaftLogWorker (SegmentedRaftLogWorker.java:execute(569)) - s0@group-A1961C08437E-SegmentedRaftLogWorker: created new log segment /workdir/ratis-test/target/test/data/b2c0a8be/MiniRaftClusterWithNetty1f9c6c63/s0/7b03d609-5326-4b0a-b2d2-a1961c08437e/current/log_inprogress_106
2019-09-24 16:37:44,840 INFO  segmented.SegmentedRaftLogWorker (SegmentedRaftLogWorker.java:execute(569)) - s2@group-A1961C08437E-SegmentedRaftLogWorker: created new log segment /workdir/ratis-test/target/test/data/b2c0a8be/MiniRaftClusterWithNetty1f9c6c63/s2/7b03d609-5326-4b0a-b2d2-a1961c08437e/current/log_inprogress_122
2019-09-24 16:37:44,840 INFO  segmented.SegmentedRaftLogWorker (SegmentedRaftLogWorker.java:execute(569)) - s1@group-A1961C08437E-SegmentedRaftLogWorker: created new log segment /workdir/ratis-test/target/test/data/b2c0a8be/MiniRaftClusterWithNetty1f9c6c63/s1/7b03d609-5326-4b0a-b2d2-a1961c08437e/current/log_inprogress_116
2019-09-24 16:37:44,859 INFO  statemachine.SimpleStateMachine4Testing (SimpleStateMachine4Testing.java:put(198)) - s2: put 116, 1111111111... -> (t:2, i:116), STATEMACHINELOGENTRY, client-781B3BD2DEB4, cid=56
2019-09-24 16:37:44,881 INFO  statemachine.SimpleStateMachine4Testing (SimpleStateMachine4Testing.java:put(198)) - s1: put 116, 1111111111... -> (t:2, i:116), STATEMACHINELOGENTRY, client-781B3BD2DEB4, cid=56
2019-09-24 16:37:44,903 INFO  statemachine.SimpleStateMachine4Testing (SimpleStateMachine4Testing.java:put(198)) - s2: put 118, 3333333333... -> (t:2, i:118), STATEMACHINELOGENTRY, client-DA36977FC49F, cid=61
2019-09-24 16:37:44,904 INFO  segmented.SegmentedRaftLogWorker (SegmentedRaftLogWorker.java:rollLogSegment(385)) - s2@group-A1961C08437E-SegmentedRaftLogWorker: Rolling segment log-122_125 to index:125
2019-09-24 16:37:44,923 TRACE util.FileUtils (LogUtils.java:runAndLog(61)) - Successfully ran Files.move /workdir/ratis-test/target/test/data/b2c0a8be/MiniRaftClusterWithNetty1f9c6c63/s2/7b03d609-5326-4b0a-b2d2-a1961c08437e/current/log_inprogress_122 to /workdir/ratis-test/target/test/data/b2c0a8be/MiniRaftClusterWithNetty1f9c6c63/s2/7b03d609-5326-4b0a-b2d2-a1961c08437e/current/log_122-125
2019-09-24 16:37:44,923 INFO  segmented.SegmentedRaftLogWorker (SegmentedRaftLogWorker.java:execute(526)) - s2@group-A1961C08437E-SegmentedRaftLogWorker: Rolled log segment from /workdir/ratis-test/target/test/data/b2c0a8be/MiniRaftClusterWithNetty1f9c6c63/s2/7b03d609-5326-4b0a-b2d2-a1961c08437e/current/log_inprogress_122 to /workdir/ratis-test/target/test/data/b2c0a8be/MiniRaftClusterWithNetty1f9c6c63/s2/7b03d609-5326-4b0a-b2d2-a1961c08437e/current/log_122-125
2019-09-24 16:37:44,924 INFO  statemachine.SimpleStateMachine4Testing (SimpleStateMachine4Testing.java:put(198)) - s1: put 118, 3333333333... -> (t:2, i:118), STATEMACHINELOGENTRY, client-DA36977FC49F, cid=61
2019-09-24 16:37:44,925 INFO  segmented.SegmentedRaftLogWorker (SegmentedRaftLogWorker.java:rollLogSegment(385)) - s1@group-A1961C08437E-SegmentedRaftLogWorker: Rolling segment log-116_119 to index:119
2019-09-24 16:37:44,926 TRACE util.FileUtils (LogUtils.java:runAndLog(61)) - Successfully ran Files.move /workdir/ratis-test/target/test/data/b2c0a8be/MiniRaftClusterWithNetty1f9c6c63/s1/7b03d609-5326-4b0a-b2d2-a1961c08437e/current/log_inprogress_116 to /workdir/ratis-test/target/test/data/b2c0a8be/MiniRaftClusterWithNetty1f9c6c63/s1/7b03d609-5326-4b0a-b2d2-a1961c08437e/current/log_116-119
2019-09-24 16:37:44,926 INFO  segmented.SegmentedRaftLogWorker (SegmentedRaftLogWorker.java:execute(526)) - s1@group-A1961C08437E-SegmentedRaftLogWorker: Rolled log segment from /workdir/ratis-test/target/test/data/b2c0a8be/MiniRaftClusterWithNetty1f9c6c63/s1/7b03d609-5326-4b0a-b2d2-a1961c08437e/current/log_inprogress_116 to /workdir/ratis-test/target/test/data/b2c0a8be/MiniRaftClusterWithNetty1f9c6c63/s1/7b03d609-5326-4b0a-b2d2-a1961c08437e/current/log_116-119
2019-09-24 16:37:44,950 INFO  segmented.SegmentedRaftLogWorker (SegmentedRaftLogWorker.java:rollLogSegment(385)) - s0@group-A1961C08437E-SegmentedRaftLogWorker: Rolling segment log-106_111 to index:111
2019-09-24 16:37:44,950 TRACE util.FileUtils (LogUtils.java:runAndLog(61)) - Successfully ran Files.move /workdir/ratis-test/target/test/data/b2c0a8be/MiniRaftClusterWithNetty1f9c6c63/s0/7b03d609-5326-4b0a-b2d2-a1961c08437e/current/log_inprogress_106 to /workdir/ratis-test/target/test/data/b2c0a8be/MiniRaftClusterWithNetty1f9c6c63/s0/7b03d609-5326-4b0a-b2d2-a1961c08437e/current/log_106-111
2019-09-24 16:37:44,951 INFO  segmented.SegmentedRaftLogWorker (SegmentedRaftLogWorker.java:execute(526)) - s0@group-A1961C08437E-SegmentedRaftLogWorker: Rolled log segment from /workdir/ratis-test/target/test/data/b2c0a8be/MiniRaftClusterWithNetty1f9c6c63/s0/7b03d609-5326-4b0a-b2d2-a1961c08437e/current/log_inprogress_106 to /workdir/ratis-test/target/test/data/b2c0a8be/MiniRaftClusterWithNetty1f9c6c63/s0/7b03d609-5326-4b0a-b2d2-a1961c08437e/current/log_106-111
2019-09-24 16:37:44,959 INFO  segmented.SegmentedRaftLogWorker (SegmentedRaftLogWorker.java:execute(569)) - s2@group-A1961C08437E-SegmentedRaftLogWorker: created new log segment /workdir/ratis-test/target/test/data/b2c0a8be/MiniRaftClusterWithNetty1f9c6c63/s2/7b03d609-5326-4b0a-b2d2-a1961c08437e/current/log_inprogress_126
2019-09-24 16:37:44,959 INFO  segmented.SegmentedRaftLogWorker (SegmentedRaftLogWorker.java:execute(569)) - s1@group-A1961C08437E-SegmentedRaftLogWorker: created new log segment /workdir/ratis-test/target/test/data/b2c0a8be/MiniRaftClusterWithNetty1f9c6c63/s1/7b03d609-5326-4b0a-b2d2-a1961c08437e/current/log_inprogress_120
2019-09-24 16:37:44,962 INFO  statemachine.SimpleStateMachine4Testing (SimpleStateMachine4Testing.java:put(198)) - s2: put 120, 3333333333... -> (t:2, i:120), STATEMACHINELOGENTRY, client-6F4DA14A560B, cid=62
2019-09-24 16:37:44,963 INFO  segmented.SegmentedRaftLogWorker (SegmentedRaftLogWorker.java:rollLogSegment(385)) - s2@group-A1961C08437E-SegmentedRaftLogWorker: Rolling segment log-126_127 to index:127
2019-09-24 16:37:44,973 INFO  statemachine.SimpleStateMachine4Testing (SimpleStateMachine4Testing.java:put(198)) - s1: put 120, 3333333333... -> (t:2, i:120), STATEMACHINELOGENTRY, client-6F4DA14A560B, cid=62
2019-09-24 16:37:44,974 INFO  segmented.SegmentedRaftLogWorker (SegmentedRaftLogWorker.java:execute(569)) - s0@group-A1961C08437E-SegmentedRaftLogWorker: created new log segment /workdir/ratis-test/target/test/data/b2c0a8be/MiniRaftClusterWithNetty1f9c6c63/s0/7b03d609-5326-4b0a-b2d2-a1961c08437e/current/log_inprogress_112
2019-09-24 16:37:44,975 INFO  segmented.SegmentedRaftLogWorker (SegmentedRaftLogWorker.java:rollLogSegment(385)) - s1@group-A1961C08437E-SegmentedRaftLogWorker: Rolling segment log-120_121 to index:121
2019-09-24 16:37:44,975 TRACE util.FileUtils (LogUtils.java:runAndLog(61)) - Successfully ran Files.move /workdir/ratis-test/target/test/data/b2c0a8be/MiniRaftClusterWithNetty1f9c6c63/s1/7b03d609-5326-4b0a-b2d2-a1961c08437e/current/log_inprogress_120 to /workdir/ratis-test/target/test/data/b2c0a8be/MiniRaftClusterWithNetty1f9c6c63/s1/7b03d609-5326-4b0a-b2d2-a1961c08437e/current/log_120-121
2019-09-24 16:37:44,975 INFO  segmented.SegmentedRaftLogWorker (SegmentedRaftLogWorker.java:execute(526)) - s1@group-A1961C08437E-SegmentedRaftLogWorker: Rolled log segment from /workdir/ratis-test/target/test/data/b2c0a8be/MiniRaftClusterWithNetty1f9c6c63/s1/7b03d609-5326-4b0a-b2d2-a1961c08437e/current/log_inprogress_120 to /workdir/ratis-test/target/test/data/b2c0a8be/MiniRaftClusterWithNetty1f9c6c63/s1/7b03d609-5326-4b0a-b2d2-a1961c08437e/current/log_120-121
2019-09-24 16:37:44,988 INFO  segmented.SegmentedRaftLogWorker (SegmentedRaftLogWorker.java:execute(569)) - s1@group-A1961C08437E-SegmentedRaftLogWorker: created new log segment /workdir/ratis-test/target/test/data/b2c0a8be/MiniRaftClusterWithNetty1f9c6c63/s1/7b03d609-5326-4b0a-b2d2-a1961c08437e/current/log_inprogress_122
2019-09-24 16:37:44,990 TRACE util.FileUtils (LogUtils.java:runAndLog(61)) - Successfully ran Files.move /workdir/ratis-test/target/test/data/b2c0a8be/MiniRaftClusterWithNetty1f9c6c63/s2/7b03d609-5326-4b0a-b2d2-a1961c08437e/current/log_inprogress_126 to /workdir/ratis-test/target/test/data/b2c0a8be/MiniRaftClusterWithNetty1f9c6c63/s2/7b03d609-5326-4b0a-b2d2-a1961c08437e/current/log_126-127
2019-09-24 16:37:44,990 INFO  segmented.SegmentedRaftLogWorker (SegmentedRaftLogWorker.java:execute(526)) - s2@group-A1961C08437E-SegmentedRaftLogWorker: Rolled log segment from /workdir/ratis-test/target/test/data/b2c0a8be/MiniRaftClusterWithNetty1f9c6c63/s2/7b03d609-5326-4b0a-b2d2-a1961c08437e/current/log_inprogress_126 to /workdir/ratis-test/target/test/data/b2c0a8be/MiniRaftClusterWithNetty1f9c6c63/s2/7b03d609-5326-4b0a-b2d2-a1961c08437e/current/log_126-127
2019-09-24 16:37:44,990 INFO  statemachine.SimpleStateMachine4Testing (SimpleStateMachine4Testing.java:put(198)) - s2: put 122, 3333333333... -> (t:2, i:122), STATEMACHINELOGENTRY, client-69912ADB290A, cid=63
2019-09-24 16:37:44,992 INFO  segmented.SegmentedRaftLogWorker (SegmentedRaftLogWorker.java:rollLogSegment(385)) - s2@group-A1961C08437E-SegmentedRaftLogWorker: Rolling segment log-128_129 to index:129
2019-09-24 16:37:45,002 INFO  statemachine.SimpleStateMachine4Testing (SimpleStateMachine4Testing.java:put(198)) - s1: put 122, 3333333333... -> (t:2, i:122), STATEMACHINELOGENTRY, client-69912ADB290A, cid=63
2019-09-24 16:37:45,016 INFO  statemachine.SimpleStateMachine4Testing (SimpleStateMachine4Testing.java:put(198)) - s2: put 124, 1111111111... -> (t:2, i:124), STATEMACHINELOGENTRY, client-D98953169D47, cid=60
2019-09-24 16:37:45,017 INFO  segmented.SegmentedRaftLogWorker (SegmentedRaftLogWorker.java:rollLogSegment(385)) - s2@group-A1961C08437E-SegmentedRaftLogWorker: Rolling segment log-130_131 to index:131
2019-09-24 16:37:45,028 INFO  statemachine.SimpleStateMachine4Testing (SimpleStateMachine4Testing.java:put(198)) - s1: put 124, 1111111111... -> (t:2, i:124), STATEMACHINELOGENTRY, client-D98953169D47, cid=60
2019-09-24 16:37:45,029 INFO  segmented.SegmentedRaftLogWorker (SegmentedRaftLogWorker.java:rollLogSegment(385)) - s1@group-A1961C08437E-SegmentedRaftLogWorker: Rolling segment log-122_125 to index:125
2019-09-24 16:37:45,030 TRACE util.FileUtils (LogUtils.java:runAndLog(61)) - Successfully ran Files.move /workdir/ratis-test/target/test/data/b2c0a8be/MiniRaftClusterWithNetty1f9c6c63/s1/7b03d609-5326-4b0a-b2d2-a1961c08437e/current/log_inprogress_122 to /workdir/ratis-test/target/test/data/b2c0a8be/MiniRaftClusterWithNetty1f9c6c63/s1/7b03d609-5326-4b0a-b2d2-a1961c08437e/current/log_122-125
2019-09-24 16:37:45,030 INFO  segmented.SegmentedRaftLogWorker (SegmentedRaftLogWorker.java:execute(526)) - s1@group-A1961C08437E-SegmentedRaftLogWorker: Rolled log segment from /workdir/ratis-test/target/test/data/b2c0a8be/MiniRaftClusterWithNetty1f9c6c63/s1/7b03d609-5326-4b0a-b2d2-a1961c08437e/current/log_inprogress_122 to /workdir/ratis-test/target/test/data/b2c0a8be/MiniRaftClusterWithNetty1f9c6c63/s1/7b03d609-5326-4b0a-b2d2-a1961c08437e/current/log_122-125
2019-09-24 16:37:45,043 INFO  segmented.SegmentedRaftLogWorker (SegmentedRaftLogWorker.java:execute(569)) - s2@group-A1961C08437E-SegmentedRaftLogWorker: created new log segment /workdir/ratis-test/target/test/data/b2c0a8be/MiniRaftClusterWithNetty1f9c6c63/s2/7b03d609-5326-4b0a-b2d2-a1961c08437e/current/log_inprogress_128
2019-09-24 16:37:45,045 INFO  segmented.SegmentedRaftLogWorker (SegmentedRaftLogWorker.java:execute(569)) - s1@group-A1961C08437E-SegmentedRaftLogWorker: created new log segment /workdir/ratis-test/target/test/data/b2c0a8be/MiniRaftClusterWithNetty1f9c6c63/s1/7b03d609-5326-4b0a-b2d2-a1961c08437e/current/log_inprogress_126
2019-09-24 16:37:45,045 TRACE util.FileUtils (LogUtils.java:runAndLog(61)) - Successfully ran Files.move /workdir/ratis-test/target/test/data/b2c0a8be/MiniRaftClusterWithNetty1f9c6c63/s2/7b03d609-5326-4b0a-b2d2-a1961c08437e/current/log_inprogress_128 to /workdir/ratis-test/target/test/data/b2c0a8be/MiniRaftClusterWithNetty1f9c6c63/s2/7b03d609-5326-4b0a-b2d2-a1961c08437e/current/log_128-129
2019-09-24 16:37:45,045 INFO  segmented.SegmentedRaftLogWorker (SegmentedRaftLogWorker.java:execute(526)) - s2@group-A1961C08437E-SegmentedRaftLogWorker: Rolled log segment from /workdir/ratis-test/target/test/data/b2c0a8be/MiniRaftClusterWithNetty1f9c6c63/s2/7b03d609-5326-4b0a-b2d2-a1961c08437e/current/log_inprogress_128 to /workdir/ratis-test/target/test/data/b2c0a8be/MiniRaftClusterWithNetty1f9c6c63/s2/7b03d609-5326-4b0a-b2d2-a1961c08437e/current/log_128-129
2019-09-24 16:37:45,047 INFO  statemachine.SimpleStateMachine4Testing (SimpleStateMachine4Testing.java:put(198)) - s2: put 126, 4444444444... -> (t:2, i:126), STATEMACHINELOGENTRY, client-DA36977FC49F, cid=65
2019-09-24 16:37:45,049 INFO  segmented.SegmentedRaftLogWorker (SegmentedRaftLogWorker.java:execute(569)) - s2@group-A1961C08437E-SegmentedRaftLogWorker: created new log segment /workdir/ratis-test/target/test/data/b2c0a8be/MiniRaftClusterWithNetty1f9c6c63/s2/7b03d609-5326-4b0a-b2d2-a1961c08437e/current/log_inprogress_130
2019-09-24 16:37:45,049 INFO  segmented.SegmentedRaftLogWorker (SegmentedRaftLogWorker.java:rollLogSegment(385)) - s2@group-A1961C08437E-SegmentedRaftLogWorker: Rolling segment log-132_133 to index:133
2019-09-24 16:37:45,050 TRACE util.FileUtils (LogUtils.java:runAndLog(61)) - Successfully ran Files.move /workdir/ratis-test/target/test/data/b2c0a8be/MiniRaftClusterWithNetty1f9c6c63/s2/7b03d609-5326-4b0a-b2d2-a1961c08437e/current/log_inprogress_130 to /workdir/ratis-test/target/test/data/b2c0a8be/MiniRaftClusterWithNetty1f9c6c63/s2/7b03d609-5326-4b0a-b2d2-a1961c08437e/current/log_130-131
2019-09-24 16:37:45,050 INFO  segmented.SegmentedRaftLogWorker (SegmentedRaftLogWorker.java:execute(526)) - s2@group-A1961C08437E-SegmentedRaftLogWorker: Rolled log segment from /workdir/ratis-test/target/test/data/b2c0a8be/MiniRaftClusterWithNetty1f9c6c63/s2/7b03d609-5326-4b0a-b2d2-a1961c08437e/current/log_inprogress_130 to /workdir/ratis-test/target/test/data/b2c0a8be/MiniRaftClusterWithNetty1f9c6c63/s2/7b03d609-5326-4b0a-b2d2-a1961c08437e/current/log_130-131
2019-09-24 16:37:45,051 INFO  segmented.SegmentedRaftLogWorker (SegmentedRaftLogWorker.java:rollLogSegment(385)) - s1@group-A1961C08437E-SegmentedRaftLogWorker: Rolling segment log-126_127 to index:127
2019-09-24 16:37:45,051 TRACE util.FileUtils (LogUtils.java:runAndLog(61)) - Successfully ran Files.move /workdir/ratis-test/target/test/data/b2c0a8be/MiniRaftClusterWithNetty1f9c6c63/s1/7b03d609-5326-4b0a-b2d2-a1961c08437e/current/log_inprogress_126 to /workdir/ratis-test/target/test/data/b2c0a8be/MiniRaftClusterWithNetty1f9c6c63/s1/7b03d609-5326-4b0a-b2d2-a1961c08437e/current/log_126-127
2019-09-24 16:37:45,052 INFO  segmented.SegmentedRaftLogWorker (SegmentedRaftLogWorker.java:execute(526)) - s1@group-A1961C08437E-SegmentedRaftLogWorker: Rolled log segment from /workdir/ratis-test/target/test/data/b2c0a8be/MiniRaftClusterWithNetty1f9c6c63/s1/7b03d609-5326-4b0a-b2d2-a1961c08437e/current/log_inprogress_126 to /workdir/ratis-test/target/test/data/b2c0a8be/MiniRaftClusterWithNetty1f9c6c63/s1/7b03d609-5326-4b0a-b2d2-a1961c08437e/current/log_126-127
2019-09-24 16:37:45,054 INFO  segmented.SegmentedRaftLogWorker (SegmentedRaftLogWorker.java:rollLogSegment(385)) - s0@group-A1961C08437E-SegmentedRaftLogWorker: Rolling segment log-112_115 to index:115
2019-09-24 16:37:45,054 TRACE util.FileUtils (LogUtils.java:runAndLog(61)) - Successfully ran Files.move /workdir/ratis-test/target/test/data/b2c0a8be/MiniRaftClusterWithNetty1f9c6c63/s0/7b03d609-5326-4b0a-b2d2-a1961c08437e/current/log_inprogress_112 to /workdir/ratis-test/target/test/data/b2c0a8be/MiniRaftClusterWithNetty1f9c6c63/s0/7b03d609-5326-4b0a-b2d2-a1961c08437e/current/log_112-115
2019-09-24 16:37:45,054 INFO  segmented.SegmentedRaftLogWorker (SegmentedRaftLogWorker.java:execute(526)) - s0@group-A1961C08437E-SegmentedRaftLogWorker: Rolled log segment from /workdir/ratis-test/target/test/data/b2c0a8be/MiniRaftClusterWithNetty1f9c6c63/s0/7b03d609-5326-4b0a-b2d2-a1961c08437e/current/log_inprogress_112 to /workdir/ratis-test/target/test/data/b2c0a8be/MiniRaftClusterWithNetty1f9c6c63/s0/7b03d609-5326-4b0a-b2d2-a1961c08437e/current/log_112-115
2019-09-24 16:37:45,084 INFO  segmented.SegmentedRaftLogWorker (SegmentedRaftLogWorker.java:execute(569)) - s0@group-A1961C08437E-SegmentedRaftLogWorker: created new log segment /workdir/ratis-test/target/test/data/b2c0a8be/MiniRaftClusterWithNetty1f9c6c63/s0/7b03d609-5326-4b0a-b2d2-a1961c08437e/current/log_inprogress_116
2019-09-24 16:37:45,084 INFO  segmented.SegmentedRaftLogWorker (SegmentedRaftLogWorker.java:execute(569)) - s2@group-A1961C08437E-SegmentedRaftLogWorker: created new log segment /workdir/ratis-test/target/test/data/b2c0a8be/MiniRaftClusterWithNetty1f9c6c63/s2/7b03d609-5326-4b0a-b2d2-a1961c08437e/current/log_inprogress_132
2019-09-24 16:37:45,084 INFO  segmented.SegmentedRaftLogWorker (SegmentedRaftLogWorker.java:execute(569)) - s1@group-A1961C08437E-SegmentedRaftLogWorker: created new log segment /workdir/ratis-test/target/test/data/b2c0a8be/MiniRaftClusterWithNetty1f9c6c63/s1/7b03d609-5326-4b0a-b2d2-a1961c08437e/current/log_inprogress_128
2019-09-24 16:37:45,086 TRACE util.FileUtils (LogUtils.java:runAndLog(61)) - Successfully ran Files.move /workdir/ratis-test/target/test/data/b2c0a8be/MiniRaftClusterWithNetty1f9c6c63/s2/7b03d609-5326-4b0a-b2d2-a1961c08437e/current/log_inprogress_132 to /workdir/ratis-test/target/test/data/b2c0a8be/MiniRaftClusterWithNetty1f9c6c63/s2/7b03d609-5326-4b0a-b2d2-a1961c08437e/current/log_132-133
2019-09-24 16:37:45,086 INFO  segmented.SegmentedRaftLogWorker (SegmentedRaftLogWorker.java:execute(526)) - s2@group-A1961C08437E-SegmentedRaftLogWorker: Rolled log segment from /workdir/ratis-test/target/test/data/b2c0a8be/MiniRaftClusterWithNetty1f9c6c63/s2/7b03d609-5326-4b0a-b2d2-a1961c08437e/current/log_inprogress_132 to /workdir/ratis-test/target/test/data/b2c0a8be/MiniRaftClusterWithNetty1f9c6c63/s2/7b03d609-5326-4b0a-b2d2-a1961c08437e/current/log_132-133
2019-09-24 16:37:45,089 INFO  segmented.SegmentedRaftLogWorker (SegmentedRaftLogWorker.java:execute(569)) - s2@group-A1961C08437E-SegmentedRaftLogWorker: created new log segment /workdir/ratis-test/target/test/data/b2c0a8be/MiniRaftClusterWithNetty1f9c6c63/s2/7b03d609-5326-4b0a-b2d2-a1961c08437e/current/log_inprogress_134
2019-09-24 16:37:45,093 INFO  statemachine.SimpleStateMachine4Testing (SimpleStateMachine4Testing.java:put(198)) - s1: put 126, 4444444444... -> (t:2, i:126), STATEMACHINELOGENTRY, client-DA36977FC49F, cid=65
2019-09-24 16:37:45,094 INFO  statemachine.SimpleStateMachine4Testing (SimpleStateMachine4Testing.java:put(198)) - s2: put 128, 4444444444... -> (t:2, i:128), STATEMACHINELOGENTRY, client-6F4DA14A560B, cid=66
2019-09-24 16:37:45,096 INFO  segmented.SegmentedRaftLogWorker (SegmentedRaftLogWorker.java:rollLogSegment(385)) - s2@group-A1961C08437E-SegmentedRaftLogWorker: Rolling segment log-134_135 to index:135
2019-09-24 16:37:45,103 TRACE util.FileUtils (LogUtils.java:runAndLog(61)) - Successfully ran Files.move /workdir/ratis-test/target/test/data/b2c0a8be/MiniRaftClusterWithNetty1f9c6c63/s2/7b03d609-5326-4b0a-b2d2-a1961c08437e/current/log_inprogress_134 to /workdir/ratis-test/target/test/data/b2c0a8be/MiniRaftClusterWithNetty1f9c6c63/s2/7b03d609-5326-4b0a-b2d2-a1961c08437e/current/log_134-135
2019-09-24 16:37:45,104 INFO  segmented.SegmentedRaftLogWorker (SegmentedRaftLogWorker.java:execute(526)) - s2@group-A1961C08437E-SegmentedRaftLogWorker: Rolled log segment from /workdir/ratis-test/target/test/data/b2c0a8be/MiniRaftClusterWithNetty1f9c6c63/s2/7b03d609-5326-4b0a-b2d2-a1961c08437e/current/log_inprogress_134 to /workdir/ratis-test/target/test/data/b2c0a8be/MiniRaftClusterWithNetty1f9c6c63/s2/7b03d609-5326-4b0a-b2d2-a1961c08437e/current/log_134-135
2019-09-24 16:37:45,107 INFO  segmented.SegmentedRaftLogWorker (SegmentedRaftLogWorker.java:execute(569)) - s2@group-A1961C08437E-SegmentedRaftLogWorker: created new log segment /workdir/ratis-test/target/test/data/b2c0a8be/MiniRaftClusterWithNetty1f9c6c63/s2/7b03d609-5326-4b0a-b2d2-a1961c08437e/current/log_inprogress_136
2019-09-24 16:37:45,113 INFO  segmented.SegmentedRaftLogWorker (SegmentedRaftLogWorker.java:rollLogSegment(385)) - s1@group-A1961C08437E-SegmentedRaftLogWorker: Rolling segment log-128_129 to index:129
2019-09-24 16:37:45,114 TRACE util.FileUtils (LogUtils.java:runAndLog(61)) - Successfully ran Files.move /workdir/ratis-test/target/test/data/b2c0a8be/MiniRaftClusterWithNetty1f9c6c63/s1/7b03d609-5326-4b0a-b2d2-a1961c08437e/current/log_inprogress_128 to /workdir/ratis-test/target/test/data/b2c0a8be/MiniRaftClusterWithNetty1f9c6c63/s1/7b03d609-5326-4b0a-b2d2-a1961c08437e/current/log_128-129
2019-09-24 16:37:45,114 INFO  segmented.SegmentedRaftLogWorker (SegmentedRaftLogWorker.java:execute(526)) - s1@group-A1961C08437E-SegmentedRaftLogWorker: Rolled log segment from /workdir/ratis-test/target/test/data/b2c0a8be/MiniRaftClusterWithNetty1f9c6c63/s1/7b03d609-5326-4b0a-b2d2-a1961c08437e/current/log_inprogress_128 to /workdir/ratis-test/target/test/data/b2c0a8be/MiniRaftClusterWithNetty1f9c6c63/s1/7b03d609-5326-4b0a-b2d2-a1961c08437e/current/log_128-129
2019-09-24 16:37:45,158 INFO  segmented.SegmentedRaftLogWorker (SegmentedRaftLogWorker.java:execute(569)) - s1@group-A1961C08437E-SegmentedRaftLogWorker: created new log segment /workdir/ratis-test/target/test/data/b2c0a8be/MiniRaftClusterWithNetty1f9c6c63/s1/7b03d609-5326-4b0a-b2d2-a1961c08437e/current/log_inprogress_130
2019-09-24 16:37:45,160 INFO  segmented.SegmentedRaftLogWorker (SegmentedRaftLogWorker.java:rollLogSegment(385)) - s0@group-A1961C08437E-SegmentedRaftLogWorker: Rolling segment log-116_119 to index:119
2019-09-24 16:37:45,160 TRACE util.FileUtils (LogUtils.java:runAndLog(61)) - Successfully ran Files.move /workdir/ratis-test/target/test/data/b2c0a8be/MiniRaftClusterWithNetty1f9c6c63/s0/7b03d609-5326-4b0a-b2d2-a1961c08437e/current/log_inprogress_116 to /workdir/ratis-test/target/test/data/b2c0a8be/MiniRaftClusterWithNetty1f9c6c63/s0/7b03d609-5326-4b0a-b2d2-a1961c08437e/current/log_116-119
2019-09-24 16:37:45,160 INFO  segmented.SegmentedRaftLogWorker (SegmentedRaftLogWorker.java:execute(526)) - s0@group-A1961C08437E-SegmentedRaftLogWorker: Rolled log segment from /workdir/ratis-test/target/test/data/b2c0a8be/MiniRaftClusterWithNetty1f9c6c63/s0/7b03d609-5326-4b0a-b2d2-a1961c08437e/current/log_inprogress_116 to /workdir/ratis-test/target/test/data/b2c0a8be/MiniRaftClusterWithNetty1f9c6c63/s0/7b03d609-5326-4b0a-b2d2-a1961c08437e/current/log_116-119
2019-09-24 16:37:45,180 INFO  statemachine.SimpleStateMachine4Testing (SimpleStateMachine4Testing.java:put(198)) - s1: put 128, 4444444444... -> (t:2, i:128), STATEMACHINELOGENTRY, client-6F4DA14A560B, cid=66
2019-09-24 16:37:45,180 INFO  statemachine.SimpleStateMachine4Testing (SimpleStateMachine4Testing.java:put(198)) - s2: put 130, 4444444444... -> (t:2, i:130), STATEMACHINELOGENTRY, client-69912ADB290A, cid=67
2019-09-24 16:37:45,182 INFO  segmented.SegmentedRaftLogWorker (SegmentedRaftLogWorker.java:rollLogSegment(385)) - s2@group-A1961C08437E-SegmentedRaftLogWorker: Rolling segment log-136_137 to index:137
2019-09-24 16:37:45,183 TRACE util.FileUtils (LogUtils.java:runAndLog(61)) - Successfully ran Files.move /workdir/ratis-test/target/test/data/b2c0a8be/MiniRaftClusterWithNetty1f9c6c63/s2/7b03d609-5326-4b0a-b2d2-a1961c08437e/current/log_inprogress_136 to /workdir/ratis-test/target/test/data/b2c0a8be/MiniRaftClusterWithNetty1f9c6c63/s2/7b03d609-5326-4b0a-b2d2-a1961c08437e/current/log_136-137
2019-09-24 16:37:45,183 INFO  segmented.SegmentedRaftLogWorker (SegmentedRaftLogWorker.java:execute(526)) - s2@group-A1961C08437E-SegmentedRaftLogWorker: Rolled log segment from /workdir/ratis-test/target/test/data/b2c0a8be/MiniRaftClusterWithNetty1f9c6c63/s2/7b03d609-5326-4b0a-b2d2-a1961c08437e/current/log_inprogress_136 to /workdir/ratis-test/target/test/data/b2c0a8be/MiniRaftClusterWithNetty1f9c6c63/s2/7b03d609-5326-4b0a-b2d2-a1961c08437e/current/log_136-137
2019-09-24 16:37:45,200 INFO  statemachine.SimpleStateMachine4Testing (SimpleStateMachine4Testing.java:put(198)) - s1: put 130, 4444444444... -> (t:2, i:130), STATEMACHINELOGENTRY, client-69912ADB290A, cid=67
2019-09-24 16:37:45,201 INFO  segmented.SegmentedRaftLogWorker (SegmentedRaftLogWorker.java:rollLogSegment(385)) - s1@group-A1961C08437E-SegmentedRaftLogWorker: Rolling segment log-130_131 to index:131
2019-09-24 16:37:45,202 TRACE util.FileUtils (LogUtils.java:runAndLog(61)) - Successfully ran Files.move /workdir/ratis-test/target/test/data/b2c0a8be/MiniRaftClusterWithNetty1f9c6c63/s1/7b03d609-5326-4b0a-b2d2-a1961c08437e/current/log_inprogress_130 to /workdir/ratis-test/target/test/data/b2c0a8be/MiniRaftClusterWithNetty1f9c6c63/s1/7b03d609-5326-4b0a-b2d2-a1961c08437e/current/log_130-131
2019-09-24 16:37:45,202 INFO  segmented.SegmentedRaftLogWorker (SegmentedRaftLogWorker.java:execute(526)) - s1@group-A1961C08437E-SegmentedRaftLogWorker: Rolled log segment from /workdir/ratis-test/target/test/data/b2c0a8be/MiniRaftClusterWithNetty1f9c6c63/s1/7b03d609-5326-4b0a-b2d2-a1961c08437e/current/log_inprogress_130 to /workdir/ratis-test/target/test/data/b2c0a8be/MiniRaftClusterWithNetty1f9c6c63/s1/7b03d609-5326-4b0a-b2d2-a1961c08437e/current/log_130-131
2019-09-24 16:37:45,208 INFO  segmented.SegmentedRaftLogWorker (SegmentedRaftLogWorker.java:execute(569)) - s0@group-A1961C08437E-SegmentedRaftLogWorker: created new log segment /workdir/ratis-test/target/test/data/b2c0a8be/MiniRaftClusterWithNetty1f9c6c63/s0/7b03d609-5326-4b0a-b2d2-a1961c08437e/current/log_inprogress_120
2019-09-24 16:37:45,229 INFO  segmented.SegmentedRaftLogWorker (SegmentedRaftLogWorker.java:execute(569)) - s1@group-A1961C08437E-SegmentedRaftLogWorker: created new log segment /workdir/ratis-test/target/test/data/b2c0a8be/MiniRaftClusterWithNetty1f9c6c63/s1/7b03d609-5326-4b0a-b2d2-a1961c08437e/current/log_inprogress_132
2019-09-24 16:37:45,229 INFO  segmented.SegmentedRaftLogWorker (SegmentedRaftLogWorker.java:execute(569)) - s2@group-A1961C08437E-SegmentedRaftLogWorker: created new log segment /workdir/ratis-test/target/test/data/b2c0a8be/MiniRaftClusterWithNetty1f9c6c63/s2/7b03d609-5326-4b0a-b2d2-a1961c08437e/current/log_inprogress_138
2019-09-24 16:37:45,246 INFO  statemachine.SimpleStateMachine4Testing (SimpleStateMachine4Testing.java:put(198)) - s2: put 132, 2222222222... -> (t:2, i:132), STATEMACHINELOGENTRY, client-781B3BD2DEB4, cid=64
2019-09-24 16:37:45,246 INFO  segmented.SegmentedRaftLogWorker (SegmentedRaftLogWorker.java:rollLogSegment(385)) - s0@group-A1961C08437E-SegmentedRaftLogWorker: Rolling segment log-120_121 to index:121
2019-09-24 16:37:45,247 TRACE util.FileUtils (LogUtils.java:runAndLog(61)) - Successfully ran Files.move /workdir/ratis-test/target/test/data/b2c0a8be/MiniRaftClusterWithNetty1f9c6c63/s0/7b03d609-5326-4b0a-b2d2-a1961c08437e/current/log_inprogress_120 to /workdir/ratis-test/target/test/data/b2c0a8be/MiniRaftClusterWithNetty1f9c6c63/s0/7b03d609-5326-4b0a-b2d2-a1961c08437e/current/log_120-121
2019-09-24 16:37:45,247 INFO  segmented.SegmentedRaftLogWorker (SegmentedRaftLogWorker.java:rollLogSegment(385)) - s2@group-A1961C08437E-SegmentedRaftLogWorker: Rolling segment log-138_139 to index:139
2019-09-24 16:37:45,247 INFO  segmented.SegmentedRaftLogWorker (SegmentedRaftLogWorker.java:execute(526)) - s0@group-A1961C08437E-SegmentedRaftLogWorker: Rolled log segment from /workdir/ratis-test/target/test/data/b2c0a8be/MiniRaftClusterWithNetty1f9c6c63/s0/7b03d609-5326-4b0a-b2d2-a1961c08437e/current/log_inprogress_120 to /workdir/ratis-test/target/test/data/b2c0a8be/MiniRaftClusterWithNetty1f9c6c63/s0/7b03d609-5326-4b0a-b2d2-a1961c08437e/current/log_120-121
2019-09-24 16:37:45,270 INFO  statemachine.SimpleStateMachine4Testing (SimpleStateMachine4Testing.java:put(198)) - s1: put 132, 2222222222... -> (t:2, i:132), STATEMACHINELOGENTRY, client-781B3BD2DEB4, cid=64
2019-09-24 16:37:45,271 INFO  segmented.SegmentedRaftLogWorker (SegmentedRaftLogWorker.java:rollLogSegment(385)) - s1@group-A1961C08437E-SegmentedRaftLogWorker: Rolling segment log-132_133 to index:133
2019-09-24 16:37:45,280 TRACE util.FileUtils (LogUtils.java:runAndLog(61)) - Successfully ran Files.move /workdir/ratis-test/target/test/data/b2c0a8be/MiniRaftClusterWithNetty1f9c6c63/s2/7b03d609-5326-4b0a-b2d2-a1961c08437e/current/log_inprogress_138 to /workdir/ratis-test/target/test/data/b2c0a8be/MiniRaftClusterWithNetty1f9c6c63/s2/7b03d609-5326-4b0a-b2d2-a1961c08437e/current/log_138-139
2019-09-24 16:37:45,280 TRACE util.FileUtils (LogUtils.java:runAndLog(61)) - Successfully ran Files.move /workdir/ratis-test/target/test/data/b2c0a8be/MiniRaftClusterWithNetty1f9c6c63/s1/7b03d609-5326-4b0a-b2d2-a1961c08437e/current/log_inprogress_132 to /workdir/ratis-test/target/test/data/b2c0a8be/MiniRaftClusterWithNetty1f9c6c63/s1/7b03d609-5326-4b0a-b2d2-a1961c08437e/current/log_132-133
2019-09-24 16:37:45,280 INFO  segmented.SegmentedRaftLogWorker (SegmentedRaftLogWorker.java:execute(526)) - s1@group-A1961C08437E-SegmentedRaftLogWorker: Rolled log segment from /workdir/ratis-test/target/test/data/b2c0a8be/MiniRaftClusterWithNetty1f9c6c63/s1/7b03d609-5326-4b0a-b2d2-a1961c08437e/current/log_inprogress_132 to /workdir/ratis-test/target/test/data/b2c0a8be/MiniRaftClusterWithNetty1f9c6c63/s1/7b03d609-5326-4b0a-b2d2-a1961c08437e/current/log_132-133
2019-09-24 16:37:45,280 INFO  segmented.SegmentedRaftLogWorker (SegmentedRaftLogWorker.java:execute(526)) - s2@group-A1961C08437E-SegmentedRaftLogWorker: Rolled log segment from /workdir/ratis-test/target/test/data/b2c0a8be/MiniRaftClusterWithNetty1f9c6c63/s2/7b03d609-5326-4b0a-b2d2-a1961c08437e/current/log_inprogress_138 to /workdir/ratis-test/target/test/data/b2c0a8be/MiniRaftClusterWithNetty1f9c6c63/s2/7b03d609-5326-4b0a-b2d2-a1961c08437e/current/log_138-139
2019-09-24 16:37:45,280 INFO  segmented.SegmentedRaftLogWorker (SegmentedRaftLogWorker.java:execute(569)) - s0@group-A1961C08437E-SegmentedRaftLogWorker: created new log segment /workdir/ratis-test/target/test/data/b2c0a8be/MiniRaftClusterWithNetty1f9c6c63/s0/7b03d609-5326-4b0a-b2d2-a1961c08437e/current/log_inprogress_122
2019-09-24 16:37:45,304 INFO  segmented.SegmentedRaftLogWorker (SegmentedRaftLogWorker.java:execute(569)) - s2@group-A1961C08437E-SegmentedRaftLogWorker: created new log segment /workdir/ratis-test/target/test/data/b2c0a8be/MiniRaftClusterWithNetty1f9c6c63/s2/7b03d609-5326-4b0a-b2d2-a1961c08437e/current/log_inprogress_140
2019-09-24 16:37:45,304 INFO  segmented.SegmentedRaftLogWorker (SegmentedRaftLogWorker.java:execute(569)) - s1@group-A1961C08437E-SegmentedRaftLogWorker: created new log segment /workdir/ratis-test/target/test/data/b2c0a8be/MiniRaftClusterWithNetty1f9c6c63/s1/7b03d609-5326-4b0a-b2d2-a1961c08437e/current/log_inprogress_134
2019-09-24 16:37:45,317 INFO  statemachine.SimpleStateMachine4Testing (SimpleStateMachine4Testing.java:put(198)) - s2: put 134, 5555555555... -> (t:2, i:134), STATEMACHINELOGENTRY, client-DA36977FC49F, cid=69
2019-09-24 16:37:45,336 INFO  statemachine.SimpleStateMachine4Testing (SimpleStateMachine4Testing.java:put(198)) - s1: put 134, 5555555555... -> (t:2, i:134), STATEMACHINELOGENTRY, client-DA36977FC49F, cid=69
2019-09-24 16:37:45,337 INFO  segmented.SegmentedRaftLogWorker (SegmentedRaftLogWorker.java:rollLogSegment(385)) - s1@group-A1961C08437E-SegmentedRaftLogWorker: Rolling segment log-134_135 to index:135
2019-09-24 16:37:45,338 TRACE util.FileUtils (LogUtils.java:runAndLog(61)) - Successfully ran Files.move /workdir/ratis-test/target/test/data/b2c0a8be/MiniRaftClusterWithNetty1f9c6c63/s1/7b03d609-5326-4b0a-b2d2-a1961c08437e/current/log_inprogress_134 to /workdir/ratis-test/target/test/data/b2c0a8be/MiniRaftClusterWithNetty1f9c6c63/s1/7b03d609-5326-4b0a-b2d2-a1961c08437e/current/log_134-135
2019-09-24 16:37:45,338 INFO  segmented.SegmentedRaftLogWorker (SegmentedRaftLogWorker.java:execute(526)) - s1@group-A1961C08437E-SegmentedRaftLogWorker: Rolled log segment from /workdir/ratis-test/target/test/data/b2c0a8be/MiniRaftClusterWithNetty1f9c6c63/s1/7b03d609-5326-4b0a-b2d2-a1961c08437e/current/log_inprogress_134 to /workdir/ratis-test/target/test/data/b2c0a8be/MiniRaftClusterWithNetty1f9c6c63/s1/7b03d609-5326-4b0a-b2d2-a1961c08437e/current/log_134-135
2019-09-24 16:37:45,361 INFO  segmented.SegmentedRaftLogWorker (SegmentedRaftLogWorker.java:rollLogSegment(385)) - s0@group-A1961C08437E-SegmentedRaftLogWorker: Rolling segment log-122_125 to index:125
2019-09-24 16:37:45,372 TRACE util.FileUtils (LogUtils.java:runAndLog(61)) - Successfully ran Files.move /workdir/ratis-test/target/test/data/b2c0a8be/MiniRaftClusterWithNetty1f9c6c63/s0/7b03d609-5326-4b0a-b2d2-a1961c08437e/current/log_inprogress_122 to /workdir/ratis-test/target/test/data/b2c0a8be/MiniRaftClusterWithNetty1f9c6c63/s0/7b03d609-5326-4b0a-b2d2-a1961c08437e/current/log_122-125
2019-09-24 16:37:45,372 INFO  segmented.SegmentedRaftLogWorker (SegmentedRaftLogWorker.java:execute(526)) - s0@group-A1961C08437E-SegmentedRaftLogWorker: Rolled log segment from /workdir/ratis-test/target/test/data/b2c0a8be/MiniRaftClusterWithNetty1f9c6c63/s0/7b03d609-5326-4b0a-b2d2-a1961c08437e/current/log_inprogress_122 to /workdir/ratis-test/target/test/data/b2c0a8be/MiniRaftClusterWithNetty1f9c6c63/s0/7b03d609-5326-4b0a-b2d2-a1961c08437e/current/log_122-125
2019-09-24 16:37:45,387 INFO  segmented.SegmentedRaftLogWorker (SegmentedRaftLogWorker.java:execute(569)) - s1@group-A1961C08437E-SegmentedRaftLogWorker: created new log segment /workdir/ratis-test/target/test/data/b2c0a8be/MiniRaftClusterWithNetty1f9c6c63/s1/7b03d609-5326-4b0a-b2d2-a1961c08437e/current/log_inprogress_136
2019-09-24 16:37:45,409 INFO  statemachine.SimpleStateMachine4Testing (SimpleStateMachine4Testing.java:put(198)) - s2: put 136, 5555555555... -> (t:2, i:136), STATEMACHINELOGENTRY, client-6F4DA14A560B, cid=70
2019-09-24 16:37:45,418 INFO  segmented.SegmentedRaftLogWorker (SegmentedRaftLogWorker.java:execute(569)) - s0@group-A1961C08437E-SegmentedRaftLogWorker: created new log segment /workdir/ratis-test/target/test/data/b2c0a8be/MiniRaftClusterWithNetty1f9c6c63/s0/7b03d609-5326-4b0a-b2d2-a1961c08437e/current/log_inprogress_126
2019-09-24 16:37:45,432 INFO  segmented.SegmentedRaftLogWorker (SegmentedRaftLogWorker.java:rollLogSegment(385)) - s1@group-A1961C08437E-SegmentedRaftLogWorker: Rolling segment log-136_137 to index:137
2019-09-24 16:37:45,433 TRACE util.FileUtils (LogUtils.java:runAndLog(61)) - Successfully ran Files.move /workdir/ratis-test/target/test/data/b2c0a8be/MiniRaftClusterWithNetty1f9c6c63/s1/7b03d609-5326-4b0a-b2d2-a1961c08437e/current/log_inprogress_136 to /workdir/ratis-test/target/test/data/b2c0a8be/MiniRaftClusterWithNetty1f9c6c63/s1/7b03d609-5326-4b0a-b2d2-a1961c08437e/current/log_136-137
2019-09-24 16:37:45,433 INFO  segmented.SegmentedRaftLogWorker (SegmentedRaftLogWorker.java:execute(526)) - s1@group-A1961C08437E-SegmentedRaftLogWorker: Rolled log segment from /workdir/ratis-test/target/test/data/b2c0a8be/MiniRaftClusterWithNetty1f9c6c63/s1/7b03d609-5326-4b0a-b2d2-a1961c08437e/current/log_inprogress_136 to /workdir/ratis-test/target/test/data/b2c0a8be/MiniRaftClusterWithNetty1f9c6c63/s1/7b03d609-5326-4b0a-b2d2-a1961c08437e/current/log_136-137
2019-09-24 16:37:45,455 INFO  segmented.SegmentedRaftLogWorker (SegmentedRaftLogWorker.java:rollLogSegment(385)) - s0@group-A1961C08437E-SegmentedRaftLogWorker: Rolling segment log-126_127 to index:127
2019-09-24 16:37:45,465 TRACE util.FileUtils (LogUtils.java:runAndLog(61)) - Successfully ran Files.move /workdir/ratis-test/target/test/data/b2c0a8be/MiniRaftClusterWithNetty1f9c6c63/s0/7b03d609-5326-4b0a-b2d2-a1961c08437e/current/log_inprogress_126 to /workdir/ratis-test/target/test/data/b2c0a8be/MiniRaftClusterWithNetty1f9c6c63/s0/7b03d609-5326-4b0a-b2d2-a1961c08437e/current/log_126-127
2019-09-24 16:37:45,465 INFO  segmented.SegmentedRaftLogWorker (SegmentedRaftLogWorker.java:execute(526)) - s0@group-A1961C08437E-SegmentedRaftLogWorker: Rolled log segment from /workdir/ratis-test/target/test/data/b2c0a8be/MiniRaftClusterWithNetty1f9c6c63/s0/7b03d609-5326-4b0a-b2d2-a1961c08437e/current/log_inprogress_126 to /workdir/ratis-test/target/test/data/b2c0a8be/MiniRaftClusterWithNetty1f9c6c63/s0/7b03d609-5326-4b0a-b2d2-a1961c08437e/current/log_126-127
2019-09-24 16:37:45,500 INFO  segmented.SegmentedRaftLogWorker (SegmentedRaftLogWorker.java:execute(569)) - s1@group-A1961C08437E-SegmentedRaftLogWorker: created new log segment /workdir/ratis-test/target/test/data/b2c0a8be/MiniRaftClusterWithNetty1f9c6c63/s1/7b03d609-5326-4b0a-b2d2-a1961c08437e/current/log_inprogress_138
2019-09-24 16:37:45,526 INFO  statemachine.SimpleStateMachine4Testing (SimpleStateMachine4Testing.java:put(198)) - s1: put 136, 5555555555... -> (t:2, i:136), STATEMACHINELOGENTRY, client-6F4DA14A560B, cid=70
2019-09-24 16:37:45,526 INFO  statemachine.SimpleStateMachine4Testing (SimpleStateMachine4Testing.java:put(198)) - s2: put 138, 5555555555... -> (t:2, i:138), STATEMACHINELOGENTRY, client-69912ADB290A, cid=71
2019-09-24 16:37:45,535 INFO  segmented.SegmentedRaftLogWorker (SegmentedRaftLogWorker.java:execute(569)) - s0@group-A1961C08437E-SegmentedRaftLogWorker: created new log segment /workdir/ratis-test/target/test/data/b2c0a8be/MiniRaftClusterWithNetty1f9c6c63/s0/7b03d609-5326-4b0a-b2d2-a1961c08437e/current/log_inprogress_128
2019-09-24 16:37:45,552 INFO  statemachine.SimpleStateMachine4Testing (SimpleStateMachine4Testing.java:put(198)) - s1: put 138, 5555555555... -> (t:2, i:138), STATEMACHINELOGENTRY, client-69912ADB290A, cid=71
2019-09-24 16:37:45,554 INFO  segmented.SegmentedRaftLogWorker (SegmentedRaftLogWorker.java:rollLogSegment(385)) - s1@group-A1961C08437E-SegmentedRaftLogWorker: Rolling segment log-138_139 to index:139
2019-09-24 16:37:45,554 TRACE util.FileUtils (LogUtils.java:runAndLog(61)) - Successfully ran Files.move /workdir/ratis-test/target/test/data/b2c0a8be/MiniRaftClusterWithNetty1f9c6c63/s1/7b03d609-5326-4b0a-b2d2-a1961c08437e/current/log_inprogress_138 to /workdir/ratis-test/target/test/data/b2c0a8be/MiniRaftClusterWithNetty1f9c6c63/s1/7b03d609-5326-4b0a-b2d2-a1961c08437e/current/log_138-139
2019-09-24 16:37:45,555 INFO  segmented.SegmentedRaftLogWorker (SegmentedRaftLogWorker.java:execute(526)) - s1@group-A1961C08437E-SegmentedRaftLogWorker: Rolled log segment from /workdir/ratis-test/target/test/data/b2c0a8be/MiniRaftClusterWithNetty1f9c6c63/s1/7b03d609-5326-4b0a-b2d2-a1961c08437e/current/log_inprogress_138 to /workdir/ratis-test/target/test/data/b2c0a8be/MiniRaftClusterWithNetty1f9c6c63/s1/7b03d609-5326-4b0a-b2d2-a1961c08437e/current/log_138-139
2019-09-24 16:37:45,579 INFO  segmented.SegmentedRaftLogWorker (SegmentedRaftLogWorker.java:rollLogSegment(385)) - s0@group-A1961C08437E-SegmentedRaftLogWorker: Rolling segment log-128_129 to index:129
2019-09-24 16:37:45,590 TRACE util.FileUtils (LogUtils.java:runAndLog(61)) - Successfully ran Files.move /workdir/ratis-test/target/test/data/b2c0a8be/MiniRaftClusterWithNetty1f9c6c63/s0/7b03d609-5326-4b0a-b2d2-a1961c08437e/current/log_inprogress_128 to /workdir/ratis-test/target/test/data/b2c0a8be/MiniRaftClusterWithNetty1f9c6c63/s0/7b03d609-5326-4b0a-b2d2-a1961c08437e/current/log_128-129
2019-09-24 16:37:45,590 INFO  segmented.SegmentedRaftLogWorker (SegmentedRaftLogWorker.java:execute(526)) - s0@group-A1961C08437E-SegmentedRaftLogWorker: Rolled log segment from /workdir/ratis-test/target/test/data/b2c0a8be/MiniRaftClusterWithNetty1f9c6c63/s0/7b03d609-5326-4b0a-b2d2-a1961c08437e/current/log_inprogress_128 to /workdir/ratis-test/target/test/data/b2c0a8be/MiniRaftClusterWithNetty1f9c6c63/s0/7b03d609-5326-4b0a-b2d2-a1961c08437e/current/log_128-129
2019-09-24 16:37:45,606 INFO  segmented.SegmentedRaftLogWorker (SegmentedRaftLogWorker.java:execute(569)) - s1@group-A1961C08437E-SegmentedRaftLogWorker: created new log segment /workdir/ratis-test/target/test/data/b2c0a8be/MiniRaftClusterWithNetty1f9c6c63/s1/7b03d609-5326-4b0a-b2d2-a1961c08437e/current/log_inprogress_140
2019-09-24 16:37:45,630 INFO  statemachine.SimpleStateMachine4Testing (SimpleStateMachine4Testing.java:put(198)) - s2: put 140, 2222222222... -> (t:2, i:140), STATEMACHINELOGENTRY, client-D98953169D47, cid=68
2019-09-24 16:37:45,631 INFO  segmented.SegmentedRaftLogWorker (SegmentedRaftLogWorker.java:rollLogSegment(385)) - s2@group-A1961C08437E-SegmentedRaftLogWorker: Rolling segment log-140_147 to index:147
2019-09-24 16:37:45,631 INFO  segmented.SegmentedRaftLogWorker (SegmentedRaftLogWorker.java:execute(569)) - s0@group-A1961C08437E-SegmentedRaftLogWorker: created new log segment /workdir/ratis-test/target/test/data/b2c0a8be/MiniRaftClusterWithNetty1f9c6c63/s0/7b03d609-5326-4b0a-b2d2-a1961c08437e/current/log_inprogress_130
2019-09-24 16:37:45,651 TRACE util.FileUtils (LogUtils.java:runAndLog(61)) - Successfully ran Files.move /workdir/ratis-test/target/test/data/b2c0a8be/MiniRaftClusterWithNetty1f9c6c63/s2/7b03d609-5326-4b0a-b2d2-a1961c08437e/current/log_inprogress_140 to /workdir/ratis-test/target/test/data/b2c0a8be/MiniRaftClusterWithNetty1f9c6c63/s2/7b03d609-5326-4b0a-b2d2-a1961c08437e/current/log_140-147
2019-09-24 16:37:45,651 INFO  segmented.SegmentedRaftLogWorker (SegmentedRaftLogWorker.java:execute(526)) - s2@group-A1961C08437E-SegmentedRaftLogWorker: Rolled log segment from /workdir/ratis-test/target/test/data/b2c0a8be/MiniRaftClusterWithNetty1f9c6c63/s2/7b03d609-5326-4b0a-b2d2-a1961c08437e/current/log_inprogress_140 to /workdir/ratis-test/target/test/data/b2c0a8be/MiniRaftClusterWithNetty1f9c6c63/s2/7b03d609-5326-4b0a-b2d2-a1961c08437e/current/log_140-147
2019-09-24 16:37:45,652 INFO  statemachine.SimpleStateMachine4Testing (SimpleStateMachine4Testing.java:put(198)) - s1: put 140, 2222222222... -> (t:2, i:140), STATEMACHINELOGENTRY, client-D98953169D47, cid=68
2019-09-24 16:37:45,677 INFO  statemachine.SimpleStateMachine4Testing (SimpleStateMachine4Testing.java:put(198)) - s2: put 142, 0000000000... -> (t:2, i:142), STATEMACHINELOGENTRY, client-DA36977FC49F, cid=73
2019-09-24 16:37:45,678 INFO  segmented.SegmentedRaftLogWorker (SegmentedRaftLogWorker.java:rollLogSegment(385)) - s0@group-A1961C08437E-SegmentedRaftLogWorker: Rolling segment log-130_131 to index:131
2019-09-24 16:37:45,682 TRACE util.FileUtils (LogUtils.java:runAndLog(61)) - Successfully ran Files.move /workdir/ratis-test/target/test/data/b2c0a8be/MiniRaftClusterWithNetty1f9c6c63/s0/7b03d609-5326-4b0a-b2d2-a1961c08437e/current/log_inprogress_130 to /workdir/ratis-test/target/test/data/b2c0a8be/MiniRaftClusterWithNetty1f9c6c63/s0/7b03d609-5326-4b0a-b2d2-a1961c08437e/current/log_130-131
2019-09-24 16:37:45,682 INFO  segmented.SegmentedRaftLogWorker (SegmentedRaftLogWorker.java:execute(526)) - s0@group-A1961C08437E-SegmentedRaftLogWorker: Rolled log segment from /workdir/ratis-test/target/test/data/b2c0a8be/MiniRaftClusterWithNetty1f9c6c63/s0/7b03d609-5326-4b0a-b2d2-a1961c08437e/current/log_inprogress_130 to /workdir/ratis-test/target/test/data/b2c0a8be/MiniRaftClusterWithNetty1f9c6c63/s0/7b03d609-5326-4b0a-b2d2-a1961c08437e/current/log_130-131
2019-09-24 16:37:45,690 INFO  segmented.SegmentedRaftLogWorker (SegmentedRaftLogWorker.java:execute(569)) - s2@group-A1961C08437E-SegmentedRaftLogWorker: created new log segment /workdir/ratis-test/target/test/data/b2c0a8be/MiniRaftClusterWithNetty1f9c6c63/s2/7b03d609-5326-4b0a-b2d2-a1961c08437e/current/log_inprogress_148
2019-09-24 16:37:45,722 INFO  statemachine.SimpleStateMachine4Testing (SimpleStateMachine4Testing.java:put(198)) - s1: put 142, 0000000000... -> (t:2, i:142), STATEMACHINELOGENTRY, client-DA36977FC49F, cid=73
2019-09-24 16:37:45,723 INFO  statemachine.SimpleStateMachine4Testing (SimpleStateMachine4Testing.java:put(198)) - s2: put 144, 0000000000... -> (t:2, i:144), STATEMACHINELOGENTRY, client-6F4DA14A560B, cid=74
2019-09-24 16:37:45,724 INFO  segmented.SegmentedRaftLogWorker (SegmentedRaftLogWorker.java:execute(569)) - s0@group-A1961C08437E-SegmentedRaftLogWorker: created new log segment /workdir/ratis-test/target/test/data/b2c0a8be/MiniRaftClusterWithNetty1f9c6c63/s0/7b03d609-5326-4b0a-b2d2-a1961c08437e/current/log_inprogress_132
2019-09-24 16:37:45,724 INFO  segmented.SegmentedRaftLogWorker (SegmentedRaftLogWorker.java:rollLogSegment(385)) - s2@group-A1961C08437E-SegmentedRaftLogWorker: Rolling segment log-148_151 to index:151
2019-09-24 16:37:45,742 TRACE util.FileUtils (LogUtils.java:runAndLog(61)) - Successfully ran Files.move /workdir/ratis-test/target/test/data/b2c0a8be/MiniRaftClusterWithNetty1f9c6c63/s2/7b03d609-5326-4b0a-b2d2-a1961c08437e/current/log_inprogress_148 to /workdir/ratis-test/target/test/data/b2c0a8be/MiniRaftClusterWithNetty1f9c6c63/s2/7b03d609-5326-4b0a-b2d2-a1961c08437e/current/log_148-151
2019-09-24 16:37:45,742 INFO  segmented.SegmentedRaftLogWorker (SegmentedRaftLogWorker.java:execute(526)) - s2@group-A1961C08437E-SegmentedRaftLogWorker: Rolled log segment from /workdir/ratis-test/target/test/data/b2c0a8be/MiniRaftClusterWithNetty1f9c6c63/s2/7b03d609-5326-4b0a-b2d2-a1961c08437e/current/log_inprogress_148 to /workdir/ratis-test/target/test/data/b2c0a8be/MiniRaftClusterWithNetty1f9c6c63/s2/7b03d609-5326-4b0a-b2d2-a1961c08437e/current/log_148-151
2019-09-24 16:37:45,743 INFO  statemachine.SimpleStateMachine4Testing (SimpleStateMachine4Testing.java:put(198)) - s1: put 144, 0000000000... -> (t:2, i:144), STATEMACHINELOGENTRY, client-6F4DA14A560B, cid=74
2019-09-24 16:37:45,763 INFO  statemachine.SimpleStateMachine4Testing (SimpleStateMachine4Testing.java:put(198)) - s2: put 146, 0000000000... -> (t:2, i:146), STATEMACHINELOGENTRY, client-69912ADB290A, cid=75
2019-09-24 16:37:45,763 INFO  segmented.SegmentedRaftLogWorker (SegmentedRaftLogWorker.java:rollLogSegment(385)) - s0@group-A1961C08437E-SegmentedRaftLogWorker: Rolling segment log-132_133 to index:133
2019-09-24 16:37:45,766 TRACE util.FileUtils (LogUtils.java:runAndLog(61)) - Successfully ran Files.move /workdir/ratis-test/target/test/data/b2c0a8be/MiniRaftClusterWithNetty1f9c6c63/s0/7b03d609-5326-4b0a-b2d2-a1961c08437e/current/log_inprogress_132 to /workdir/ratis-test/target/test/data/b2c0a8be/MiniRaftClusterWithNetty1f9c6c63/s0/7b03d609-5326-4b0a-b2d2-a1961c08437e/current/log_132-133
2019-09-24 16:37:45,766 INFO  segmented.SegmentedRaftLogWorker (SegmentedRaftLogWorker.java:execute(526)) - s0@group-A1961C08437E-SegmentedRaftLogWorker: Rolled log segment from /workdir/ratis-test/target/test/data/b2c0a8be/MiniRaftClusterWithNetty1f9c6c63/s0/7b03d609-5326-4b0a-b2d2-a1961c08437e/current/log_inprogress_132 to /workdir/ratis-test/target/test/data/b2c0a8be/MiniRaftClusterWithNetty1f9c6c63/s0/7b03d609-5326-4b0a-b2d2-a1961c08437e/current/log_132-133
2019-09-24 16:37:45,774 INFO  segmented.SegmentedRaftLogWorker (SegmentedRaftLogWorker.java:execute(569)) - s2@group-A1961C08437E-SegmentedRaftLogWorker: created new log segment /workdir/ratis-test/target/test/data/b2c0a8be/MiniRaftClusterWithNetty1f9c6c63/s2/7b03d609-5326-4b0a-b2d2-a1961c08437e/current/log_inprogress_152
2019-09-24 16:37:45,785 INFO  statemachine.SimpleStateMachine4Testing (SimpleStateMachine4Testing.java:put(198)) - s1: put 146, 0000000000... -> (t:2, i:146), STATEMACHINELOGENTRY, client-69912ADB290A, cid=75
2019-09-24 16:37:45,786 INFO  segmented.SegmentedRaftLogWorker (SegmentedRaftLogWorker.java:rollLogSegment(385)) - s1@group-A1961C08437E-SegmentedRaftLogWorker: Rolling segment log-140_147 to index:147
2019-09-24 16:37:45,791 TRACE util.FileUtils (LogUtils.java:runAndLog(61)) - Successfully ran Files.move /workdir/ratis-test/target/test/data/b2c0a8be/MiniRaftClusterWithNetty1f9c6c63/s1/7b03d609-5326-4b0a-b2d2-a1961c08437e/current/log_inprogress_140 to /workdir/ratis-test/target/test/data/b2c0a8be/MiniRaftClusterWithNetty1f9c6c63/s1/7b03d609-5326-4b0a-b2d2-a1961c08437e/current/log_140-147
2019-09-24 16:37:45,792 INFO  segmented.SegmentedRaftLogWorker (SegmentedRaftLogWorker.java:execute(526)) - s1@group-A1961C08437E-SegmentedRaftLogWorker: Rolled log segment from /workdir/ratis-test/target/test/data/b2c0a8be/MiniRaftClusterWithNetty1f9c6c63/s1/7b03d609-5326-4b0a-b2d2-a1961c08437e/current/log_inprogress_140 to /workdir/ratis-test/target/test/data/b2c0a8be/MiniRaftClusterWithNetty1f9c6c63/s1/7b03d609-5326-4b0a-b2d2-a1961c08437e/current/log_140-147
2019-09-24 16:37:45,808 INFO  segmented.SegmentedRaftLogWorker (SegmentedRaftLogWorker.java:execute(569)) - s0@group-A1961C08437E-SegmentedRaftLogWorker: created new log segment /workdir/ratis-test/target/test/data/b2c0a8be/MiniRaftClusterWithNetty1f9c6c63/s0/7b03d609-5326-4b0a-b2d2-a1961c08437e/current/log_inprogress_134
2019-09-24 16:37:45,825 INFO  segmented.SegmentedRaftLogWorker (SegmentedRaftLogWorker.java:execute(569)) - s1@group-A1961C08437E-SegmentedRaftLogWorker: created new log segment /workdir/ratis-test/target/test/data/b2c0a8be/MiniRaftClusterWithNetty1f9c6c63/s1/7b03d609-5326-4b0a-b2d2-a1961c08437e/current/log_inprogress_148
2019-09-24 16:37:45,844 INFO  statemachine.SimpleStateMachine4Testing (SimpleStateMachine4Testing.java:put(198)) - s2: put 148, 3333333333... -> (t:2, i:148), STATEMACHINELOGENTRY, client-781B3BD2DEB4, cid=72
2019-09-24 16:37:45,845 INFO  segmented.SegmentedRaftLogWorker (SegmentedRaftLogWorker.java:rollLogSegment(385)) - s2@group-A1961C08437E-SegmentedRaftLogWorker: Rolling segment log-152_155 to index:155
2019-09-24 16:37:45,845 INFO  segmented.SegmentedRaftLogWorker (SegmentedRaftLogWorker.java:rollLogSegment(385)) - s0@group-A1961C08437E-SegmentedRaftLogWorker: Rolling segment log-134_135 to index:135
2019-09-24 16:37:45,846 TRACE util.FileUtils (LogUtils.java:runAndLog(61)) - Successfully ran Files.move /workdir/ratis-test/target/test/data/b2c0a8be/MiniRaftClusterWithNetty1f9c6c63/s0/7b03d609-5326-4b0a-b2d2-a1961c08437e/current/log_inprogress_134 to /workdir/ratis-test/target/test/data/b2c0a8be/MiniRaftClusterWithNetty1f9c6c63/s0/7b03d609-5326-4b0a-b2d2-a1961c08437e/current/log_134-135
2019-09-24 16:37:45,847 INFO  segmented.SegmentedRaftLogWorker (SegmentedRaftLogWorker.java:execute(526)) - s0@group-A1961C08437E-SegmentedRaftLogWorker: Rolled log segment from /workdir/ratis-test/target/test/data/b2c0a8be/MiniRaftClusterWithNetty1f9c6c63/s0/7b03d609-5326-4b0a-b2d2-a1961c08437e/current/log_inprogress_134 to /workdir/ratis-test/target/test/data/b2c0a8be/MiniRaftClusterWithNetty1f9c6c63/s0/7b03d609-5326-4b0a-b2d2-a1961c08437e/current/log_134-135
2019-09-24 16:37:45,865 TRACE util.FileUtils (LogUtils.java:runAndLog(61)) - Successfully ran Files.move /workdir/ratis-test/target/test/data/b2c0a8be/MiniRaftClusterWithNetty1f9c6c63/s2/7b03d609-5326-4b0a-b2d2-a1961c08437e/current/log_inprogress_152 to /workdir/ratis-test/target/test/data/b2c0a8be/MiniRaftClusterWithNetty1f9c6c63/s2/7b03d609-5326-4b0a-b2d2-a1961c08437e/current/log_152-155
2019-09-24 16:37:45,865 INFO  segmented.SegmentedRaftLogWorker (SegmentedRaftLogWorker.java:execute(526)) - s2@group-A1961C08437E-SegmentedRaftLogWorker: Rolled log segment from /workdir/ratis-test/target/test/data/b2c0a8be/MiniRaftClusterWithNetty1f9c6c63/s2/7b03d609-5326-4b0a-b2d2-a1961c08437e/current/log_inprogress_152 to /workdir/ratis-test/target/test/data/b2c0a8be/MiniRaftClusterWithNetty1f9c6c63/s2/7b03d609-5326-4b0a-b2d2-a1961c08437e/current/log_152-155
2019-09-24 16:37:45,890 INFO  statemachine.SimpleStateMachine4Testing (SimpleStateMachine4Testing.java:put(198)) - s1: put 148, 3333333333... -> (t:2, i:148), STATEMACHINELOGENTRY, client-781B3BD2DEB4, cid=72
2019-09-24 16:37:45,890 INFO  statemachine.SimpleStateMachine4Testing (SimpleStateMachine4Testing.java:put(198)) - s2: put 150, 1111111111... -> (t:2, i:150), STATEMACHINELOGENTRY, client-DA36977FC49F, cid=77
2019-09-24 16:37:45,892 INFO  segmented.SegmentedRaftLogWorker (SegmentedRaftLogWorker.java:execute(569)) - s0@group-A1961C08437E-SegmentedRaftLogWorker: created new log segment /workdir/ratis-test/target/test/data/b2c0a8be/MiniRaftClusterWithNetty1f9c6c63/s0/7b03d609-5326-4b0a-b2d2-a1961c08437e/current/log_inprogress_136
2019-09-24 16:37:45,909 INFO  segmented.SegmentedRaftLogWorker (SegmentedRaftLogWorker.java:execute(569)) - s2@group-A1961C08437E-SegmentedRaftLogWorker: created new log segment /workdir/ratis-test/target/test/data/b2c0a8be/MiniRaftClusterWithNetty1f9c6c63/s2/7b03d609-5326-4b0a-b2d2-a1961c08437e/current/log_inprogress_156
2019-09-24 16:37:45,910 INFO  statemachine.SimpleStateMachine4Testing (SimpleStateMachine4Testing.java:put(198)) - s1: put 150, 1111111111... -> (t:2, i:150), STATEMACHINELOGENTRY, client-DA36977FC49F, cid=77
2019-09-24 16:37:45,911 INFO  segmented.SegmentedRaftLogWorker (SegmentedRaftLogWorker.java:rollLogSegment(385)) - s1@group-A1961C08437E-SegmentedRaftLogWorker: Rolling segment log-148_151 to index:151
2019-09-24 16:37:45,912 TRACE util.FileUtils (LogUtils.java:runAndLog(61)) - Successfully ran Files.move /workdir/ratis-test/target/test/data/b2c0a8be/MiniRaftClusterWithNetty1f9c6c63/s1/7b03d609-5326-4b0a-b2d2-a1961c08437e/current/log_inprogress_148 to /workdir/ratis-test/target/test/data/b2c0a8be/MiniRaftClusterWithNetty1f9c6c63/s1/7b03d609-5326-4b0a-b2d2-a1961c08437e/current/log_148-151
2019-09-24 16:37:45,912 INFO  segmented.SegmentedRaftLogWorker (SegmentedRaftLogWorker.java:execute(526)) - s1@group-A1961C08437E-SegmentedRaftLogWorker: Rolled log segment from /workdir/ratis-test/target/test/data/b2c0a8be/MiniRaftClusterWithNetty1f9c6c63/s1/7b03d609-5326-4b0a-b2d2-a1961c08437e/current/log_inprogress_148 to /workdir/ratis-test/target/test/data/b2c0a8be/MiniRaftClusterWithNetty1f9c6c63/s1/7b03d609-5326-4b0a-b2d2-a1961c08437e/current/log_148-151
2019-09-24 16:37:45,930 INFO  segmented.SegmentedRaftLogWorker (SegmentedRaftLogWorker.java:rollLogSegment(385)) - s0@group-A1961C08437E-SegmentedRaftLogWorker: Rolling segment log-136_137 to index:137
2019-09-24 16:37:45,934 TRACE util.FileUtils (LogUtils.java:runAndLog(61)) - Successfully ran Files.move /workdir/ratis-test/target/test/data/b2c0a8be/MiniRaftClusterWithNetty1f9c6c63/s0/7b03d609-5326-4b0a-b2d2-a1961c08437e/current/log_inprogress_136 to /workdir/ratis-test/target/test/data/b2c0a8be/MiniRaftClusterWithNetty1f9c6c63/s0/7b03d609-5326-4b0a-b2d2-a1961c08437e/current/log_136-137
2019-09-24 16:37:45,935 INFO  segmented.SegmentedRaftLogWorker (SegmentedRaftLogWorker.java:execute(526)) - s0@group-A1961C08437E-SegmentedRaftLogWorker: Rolled log segment from /workdir/ratis-test/target/test/data/b2c0a8be/MiniRaftClusterWithNetty1f9c6c63/s0/7b03d609-5326-4b0a-b2d2-a1961c08437e/current/log_inprogress_136 to /workdir/ratis-test/target/test/data/b2c0a8be/MiniRaftClusterWithNetty1f9c6c63/s0/7b03d609-5326-4b0a-b2d2-a1961c08437e/current/log_136-137
2019-09-24 16:37:45,951 INFO  segmented.SegmentedRaftLogWorker (SegmentedRaftLogWorker.java:execute(569)) - s1@group-A1961C08437E-SegmentedRaftLogWorker: created new log segment /workdir/ratis-test/target/test/data/b2c0a8be/MiniRaftClusterWithNetty1f9c6c63/s1/7b03d609-5326-4b0a-b2d2-a1961c08437e/current/log_inprogress_152
2019-09-24 16:37:45,970 INFO  statemachine.SimpleStateMachine4Testing (SimpleStateMachine4Testing.java:put(198)) - s2: put 152, 1111111111... -> (t:2, i:152), STATEMACHINELOGENTRY, client-6F4DA14A560B, cid=78
2019-09-24 16:37:45,972 INFO  segmented.SegmentedRaftLogWorker (SegmentedRaftLogWorker.java:rollLogSegment(385)) - s2@group-A1961C08437E-SegmentedRaftLogWorker: Rolling segment log-156_159 to index:159
2019-09-24 16:37:45,976 INFO  segmented.SegmentedRaftLogWorker (SegmentedRaftLogWorker.java:execute(569)) - s0@group-A1961C08437E-SegmentedRaftLogWorker: created new log segment /workdir/ratis-test/target/test/data/b2c0a8be/MiniRaftClusterWithNetty1f9c6c63/s0/7b03d609-5326-4b0a-b2d2-a1961c08437e/current/log_inprogress_138
2019-09-24 16:37:45,988 TRACE util.FileUtils (LogUtils.java:runAndLog(61)) - Successfully ran Files.move /workdir/ratis-test/target/test/data/b2c0a8be/MiniRaftClusterWithNetty1f9c6c63/s2/7b03d609-5326-4b0a-b2d2-a1961c08437e/current/log_inprogress_156 to /workdir/ratis-test/target/test/data/b2c0a8be/MiniRaftClusterWithNetty1f9c6c63/s2/7b03d609-5326-4b0a-b2d2-a1961c08437e/current/log_156-159
2019-09-24 16:37:45,989 INFO  segmented.SegmentedRaftLogWorker (SegmentedRaftLogWorker.java:execute(526)) - s2@group-A1961C08437E-SegmentedRaftLogWorker: Rolled log segment from /workdir/ratis-test/target/test/data/b2c0a8be/MiniRaftClusterWithNetty1f9c6c63/s2/7b03d609-5326-4b0a-b2d2-a1961c08437e/current/log_inprogress_156 to /workdir/ratis-test/target/test/data/b2c0a8be/MiniRaftClusterWithNetty1f9c6c63/s2/7b03d609-5326-4b0a-b2d2-a1961c08437e/current/log_156-159
2019-09-24 16:37:46,012 INFO  statemachine.SimpleStateMachine4Testing (SimpleStateMachine4Testing.java:put(198)) - s1: put 152, 1111111111... -> (t:2, i:152), STATEMACHINELOGENTRY, client-6F4DA14A560B, cid=78
2019-09-24 16:37:46,013 INFO  statemachine.SimpleStateMachine4Testing (SimpleStateMachine4Testing.java:put(198)) - s2: put 154, 1111111111... -> (t:2, i:154), STATEMACHINELOGENTRY, client-69912ADB290A, cid=79
2019-09-24 16:37:46,013 INFO  segmented.SegmentedRaftLogWorker (SegmentedRaftLogWorker.java:rollLogSegment(385)) - s0@group-A1961C08437E-SegmentedRaftLogWorker: Rolling segment log-138_139 to index:139
2019-09-24 16:37:46,018 TRACE util.FileUtils (LogUtils.java:runAndLog(61)) - Successfully ran Files.move /workdir/ratis-test/target/test/data/b2c0a8be/MiniRaftClusterWithNetty1f9c6c63/s0/7b03d609-5326-4b0a-b2d2-a1961c08437e/current/log_inprogress_138 to /workdir/ratis-test/target/test/data/b2c0a8be/MiniRaftClusterWithNetty1f9c6c63/s0/7b03d609-5326-4b0a-b2d2-a1961c08437e/current/log_138-139
2019-09-24 16:37:46,018 INFO  segmented.SegmentedRaftLogWorker (SegmentedRaftLogWorker.java:execute(526)) - s0@group-A1961C08437E-SegmentedRaftLogWorker: Rolled log segment from /workdir/ratis-test/target/test/data/b2c0a8be/MiniRaftClusterWithNetty1f9c6c63/s0/7b03d609-5326-4b0a-b2d2-a1961c08437e/current/log_inprogress_138 to /workdir/ratis-test/target/test/data/b2c0a8be/MiniRaftClusterWithNetty1f9c6c63/s0/7b03d609-5326-4b0a-b2d2-a1961c08437e/current/log_138-139
2019-09-24 16:37:46,026 INFO  segmented.SegmentedRaftLogWorker (SegmentedRaftLogWorker.java:execute(569)) - s2@group-A1961C08437E-SegmentedRaftLogWorker: created new log segment /workdir/ratis-test/target/test/data/b2c0a8be/MiniRaftClusterWithNetty1f9c6c63/s2/7b03d609-5326-4b0a-b2d2-a1961c08437e/current/log_inprogress_160
2019-09-24 16:37:46,037 INFO  statemachine.SimpleStateMachine4Testing (SimpleStateMachine4Testing.java:put(198)) - s1: put 154, 1111111111... -> (t:2, i:154), STATEMACHINELOGENTRY, client-69912ADB290A, cid=79
2019-09-24 16:37:46,038 INFO  segmented.SegmentedRaftLogWorker (SegmentedRaftLogWorker.java:rollLogSegment(385)) - s1@group-A1961C08437E-SegmentedRaftLogWorker: Rolling segment log-152_155 to index:155
2019-09-24 16:37:46,044 TRACE util.FileUtils (LogUtils.java:runAndLog(61)) - Successfully ran Files.move /workdir/ratis-test/target/test/data/b2c0a8be/MiniRaftClusterWithNetty1f9c6c63/s1/7b03d609-5326-4b0a-b2d2-a1961c08437e/current/log_inprogress_152 to /workdir/ratis-test/target/test/data/b2c0a8be/MiniRaftClusterWithNetty1f9c6c63/s1/7b03d609-5326-4b0a-b2d2-a1961c08437e/current/log_152-155
2019-09-24 16:37:46,044 INFO  segmented.SegmentedRaftLogWorker (SegmentedRaftLogWorker.java:execute(526)) - s1@group-A1961C08437E-SegmentedRaftLogWorker: Rolled log segment from /workdir/ratis-test/target/test/data/b2c0a8be/MiniRaftClusterWithNetty1f9c6c63/s1/7b03d609-5326-4b0a-b2d2-a1961c08437e/current/log_inprogress_152 to /workdir/ratis-test/target/test/data/b2c0a8be/MiniRaftClusterWithNetty1f9c6c63/s1/7b03d609-5326-4b0a-b2d2-a1961c08437e/current/log_152-155
2019-09-24 16:37:46,060 INFO  segmented.SegmentedRaftLogWorker (SegmentedRaftLogWorker.java:execute(569)) - s0@group-A1961C08437E-SegmentedRaftLogWorker: created new log segment /workdir/ratis-test/target/test/data/b2c0a8be/MiniRaftClusterWithNetty1f9c6c63/s0/7b03d609-5326-4b0a-b2d2-a1961c08437e/current/log_inprogress_140
2019-09-24 16:37:46,077 INFO  segmented.SegmentedRaftLogWorker (SegmentedRaftLogWorker.java:execute(569)) - s1@group-A1961C08437E-SegmentedRaftLogWorker: created new log segment /workdir/ratis-test/target/test/data/b2c0a8be/MiniRaftClusterWithNetty1f9c6c63/s1/7b03d609-5326-4b0a-b2d2-a1961c08437e/current/log_inprogress_156
2019-09-24 16:37:46,093 INFO  statemachine.SimpleStateMachine4Testing (SimpleStateMachine4Testing.java:put(198)) - s2: put 156, 3333333333... -> (t:2, i:156), STATEMACHINELOGENTRY, client-D98953169D47, cid=76
2019-09-24 16:37:46,094 INFO  segmented.SegmentedRaftLogWorker (SegmentedRaftLogWorker.java:rollLogSegment(385)) - s2@group-A1961C08437E-SegmentedRaftLogWorker: Rolling segment log-160_163 to index:163
2019-09-24 16:37:46,110 TRACE util.FileUtils (LogUtils.java:runAndLog(61)) - Successfully ran Files.move /workdir/ratis-test/target/test/data/b2c0a8be/MiniRaftClusterWithNetty1f9c6c63/s2/7b03d609-5326-4b0a-b2d2-a1961c08437e/current/log_inprogress_160 to /workdir/ratis-test/target/test/data/b2c0a8be/MiniRaftClusterWithNetty1f9c6c63/s2/7b03d609-5326-4b0a-b2d2-a1961c08437e/current/log_160-163
2019-09-24 16:37:46,111 INFO  segmented.SegmentedRaftLogWorker (SegmentedRaftLogWorker.java:execute(526)) - s2@group-A1961C08437E-SegmentedRaftLogWorker: Rolled log segment from /workdir/ratis-test/target/test/data/b2c0a8be/MiniRaftClusterWithNetty1f9c6c63/s2/7b03d609-5326-4b0a-b2d2-a1961c08437e/current/log_inprogress_160 to /workdir/ratis-test/target/test/data/b2c0a8be/MiniRaftClusterWithNetty1f9c6c63/s2/7b03d609-5326-4b0a-b2d2-a1961c08437e/current/log_160-163
2019-09-24 16:37:46,134 INFO  statemachine.SimpleStateMachine4Testing (SimpleStateMachine4Testing.java:put(198)) - s1: put 156, 3333333333... -> (t:2, i:156), STATEMACHINELOGENTRY, client-D98953169D47, cid=76
2019-09-24 16:37:46,135 INFO  statemachine.SimpleStateMachine4Testing (SimpleStateMachine4Testing.java:put(198)) - s2: put 158, 2222222222... -> (t:2, i:158), STATEMACHINELOGENTRY, client-DA36977FC49F, cid=81
2019-09-24 16:37:46,136 INFO  segmented.SegmentedRaftLogWorker (SegmentedRaftLogWorker.java:rollLogSegment(385)) - s2@group-A1961C08437E-SegmentedRaftLogWorker: Rolling segment log-164_165 to index:165
2019-09-24 16:37:46,144 INFO  segmented.SegmentedRaftLogWorker (SegmentedRaftLogWorker.java:execute(569)) - s2@group-A1961C08437E-SegmentedRaftLogWorker: created new log segment /workdir/ratis-test/target/test/data/b2c0a8be/MiniRaftClusterWithNetty1f9c6c63/s2/7b03d609-5326-4b0a-b2d2-a1961c08437e/current/log_inprogress_164
2019-09-24 16:37:46,158 INFO  statemachine.SimpleStateMachine4Testing (SimpleStateMachine4Testing.java:put(198)) - s1: put 158, 2222222222... -> (t:2, i:158), STATEMACHINELOGENTRY, client-DA36977FC49F, cid=81
2019-09-24 16:37:46,158 TRACE util.FileUtils (LogUtils.java:runAndLog(61)) - Successfully ran Files.move /workdir/ratis-test/target/test/data/b2c0a8be/MiniRaftClusterWithNetty1f9c6c63/s2/7b03d609-5326-4b0a-b2d2-a1961c08437e/current/log_inprogress_164 to /workdir/ratis-test/target/test/data/b2c0a8be/MiniRaftClusterWithNetty1f9c6c63/s2/7b03d609-5326-4b0a-b2d2-a1961c08437e/current/log_164-165
2019-09-24 16:37:46,158 INFO  segmented.SegmentedRaftLogWorker (SegmentedRaftLogWorker.java:execute(526)) - s2@group-A1961C08437E-SegmentedRaftLogWorker: Rolled log segment from /workdir/ratis-test/target/test/data/b2c0a8be/MiniRaftClusterWithNetty1f9c6c63/s2/7b03d609-5326-4b0a-b2d2-a1961c08437e/current/log_inprogress_164 to /workdir/ratis-test/target/test/data/b2c0a8be/MiniRaftClusterWithNetty1f9c6c63/s2/7b03d609-5326-4b0a-b2d2-a1961c08437e/current/log_164-165
2019-09-24 16:37:46,159 INFO  segmented.SegmentedRaftLogWorker (SegmentedRaftLogWorker.java:rollLogSegment(385)) - s1@group-A1961C08437E-SegmentedRaftLogWorker: Rolling segment log-156_159 to index:159
2019-09-24 16:37:46,160 TRACE util.FileUtils (LogUtils.java:runAndLog(61)) - Successfully ran Files.move /workdir/ratis-test/target/test/data/b2c0a8be/MiniRaftClusterWithNetty1f9c6c63/s1/7b03d609-5326-4b0a-b2d2-a1961c08437e/current/log_inprogress_156 to /workdir/ratis-test/target/test/data/b2c0a8be/MiniRaftClusterWithNetty1f9c6c63/s1/7b03d609-5326-4b0a-b2d2-a1961c08437e/current/log_156-159
2019-09-24 16:37:46,160 INFO  segmented.SegmentedRaftLogWorker (SegmentedRaftLogWorker.java:execute(526)) - s1@group-A1961C08437E-SegmentedRaftLogWorker: Rolled log segment from /workdir/ratis-test/target/test/data/b2c0a8be/MiniRaftClusterWithNetty1f9c6c63/s1/7b03d609-5326-4b0a-b2d2-a1961c08437e/current/log_inprogress_156 to /workdir/ratis-test/target/test/data/b2c0a8be/MiniRaftClusterWithNetty1f9c6c63/s1/7b03d609-5326-4b0a-b2d2-a1961c08437e/current/log_156-159
2019-09-24 16:37:46,194 INFO  segmented.SegmentedRaftLogWorker (SegmentedRaftLogWorker.java:execute(569)) - s1@group-A1961C08437E-SegmentedRaftLogWorker: created new log segment /workdir/ratis-test/target/test/data/b2c0a8be/MiniRaftClusterWithNetty1f9c6c63/s1/7b03d609-5326-4b0a-b2d2-a1961c08437e/current/log_inprogress_160
2019-09-24 16:37:46,194 INFO  segmented.SegmentedRaftLogWorker (SegmentedRaftLogWorker.java:execute(569)) - s2@group-A1961C08437E-SegmentedRaftLogWorker: created new log segment /workdir/ratis-test/target/test/data/b2c0a8be/MiniRaftClusterWithNetty1f9c6c63/s2/7b03d609-5326-4b0a-b2d2-a1961c08437e/current/log_inprogress_166
2019-09-24 16:37:46,197 INFO  statemachine.SimpleStateMachine4Testing (SimpleStateMachine4Testing.java:put(198)) - s2: put 160, 2222222222... -> (t:2, i:160), STATEMACHINELOGENTRY, client-6F4DA14A560B, cid=82
2019-09-24 16:37:46,198 INFO  segmented.SegmentedRaftLogWorker (SegmentedRaftLogWorker.java:rollLogSegment(385)) - s2@group-A1961C08437E-SegmentedRaftLogWorker: Rolling segment log-166_167 to index:167
2019-09-24 16:37:46,212 TRACE util.FileUtils (LogUtils.java:runAndLog(61)) - Successfully ran Files.move /workdir/ratis-test/target/test/data/b2c0a8be/MiniRaftClusterWithNetty1f9c6c63/s2/7b03d609-5326-4b0a-b2d2-a1961c08437e/current/log_inprogress_166 to /workdir/ratis-test/target/test/data/b2c0a8be/MiniRaftClusterWithNetty1f9c6c63/s2/7b03d609-5326-4b0a-b2d2-a1961c08437e/current/log_166-167
2019-09-24 16:37:46,212 INFO  statemachine.SimpleStateMachine4Testing (SimpleStateMachine4Testing.java:put(198)) - s1: put 160, 2222222222... -> (t:2, i:160), STATEMACHINELOGENTRY, client-6F4DA14A560B, cid=82
2019-09-24 16:37:46,212 INFO  segmented.SegmentedRaftLogWorker (SegmentedRaftLogWorker.java:execute(526)) - s2@group-A1961C08437E-SegmentedRaftLogWorker: Rolled log segment from /workdir/ratis-test/target/test/data/b2c0a8be/MiniRaftClusterWithNetty1f9c6c63/s2/7b03d609-5326-4b0a-b2d2-a1961c08437e/current/log_inprogress_166 to /workdir/ratis-test/target/test/data/b2c0a8be/MiniRaftClusterWithNetty1f9c6c63/s2/7b03d609-5326-4b0a-b2d2-a1961c08437e/current/log_166-167
2019-09-24 16:37:46,213 INFO  segmented.SegmentedRaftLogWorker (SegmentedRaftLogWorker.java:rollLogSegment(385)) - s0@group-A1961C08437E-SegmentedRaftLogWorker: Rolling segment log-140_147 to index:147
2019-09-24 16:37:46,214 TRACE util.FileUtils (LogUtils.java:runAndLog(61)) - Successfully ran Files.move /workdir/ratis-test/target/test/data/b2c0a8be/MiniRaftClusterWithNetty1f9c6c63/s0/7b03d609-5326-4b0a-b2d2-a1961c08437e/current/log_inprogress_140 to /workdir/ratis-test/target/test/data/b2c0a8be/MiniRaftClusterWithNetty1f9c6c63/s0/7b03d609-5326-4b0a-b2d2-a1961c08437e/current/log_140-147
2019-09-24 16:37:46,214 INFO  segmented.SegmentedRaftLogWorker (SegmentedRaftLogWorker.java:execute(526)) - s0@group-A1961C08437E-SegmentedRaftLogWorker: Rolled log segment from /workdir/ratis-test/target/test/data/b2c0a8be/MiniRaftClusterWithNetty1f9c6c63/s0/7b03d609-5326-4b0a-b2d2-a1961c08437e/current/log_inprogress_140 to /workdir/ratis-test/target/test/data/b2c0a8be/MiniRaftClusterWithNetty1f9c6c63/s0/7b03d609-5326-4b0a-b2d2-a1961c08437e/current/log_140-147
2019-09-24 16:37:46,237 INFO  statemachine.SimpleStateMachine4Testing (SimpleStateMachine4Testing.java:put(198)) - s2: put 162, 2222222222... -> (t:2, i:162), STATEMACHINELOGENTRY, client-69912ADB290A, cid=83
2019-09-24 16:37:46,238 INFO  segmented.SegmentedRaftLogWorker (SegmentedRaftLogWorker.java:rollLogSegment(385)) - s2@group-A1961C08437E-SegmentedRaftLogWorker: Rolling segment log-168_169 to index:169
2019-09-24 16:37:46,253 INFO  segmented.SegmentedRaftLogWorker (SegmentedRaftLogWorker.java:execute(569)) - s0@group-A1961C08437E-SegmentedRaftLogWorker: created new log segment /workdir/ratis-test/target/test/data/b2c0a8be/MiniRaftClusterWithNetty1f9c6c63/s0/7b03d609-5326-4b0a-b2d2-a1961c08437e/current/log_inprogress_148
2019-09-24 16:37:46,253 INFO  segmented.SegmentedRaftLogWorker (SegmentedRaftLogWorker.java:execute(569)) - s2@group-A1961C08437E-SegmentedRaftLogWorker: created new log segment /workdir/ratis-test/target/test/data/b2c0a8be/MiniRaftClusterWithNetty1f9c6c63/s2/7b03d609-5326-4b0a-b2d2-a1961c08437e/current/log_inprogress_168
2019-09-24 16:37:46,263 INFO  statemachine.SimpleStateMachine4Testing (SimpleStateMachine4Testing.java:put(198)) - s1: put 162, 2222222222... -> (t:2, i:162), STATEMACHINELOGENTRY, client-69912ADB290A, cid=83
2019-09-24 16:37:46,264 TRACE util.FileUtils (LogUtils.java:runAndLog(61)) - Successfully ran Files.move /workdir/ratis-test/target/test/data/b2c0a8be/MiniRaftClusterWithNetty1f9c6c63/s2/7b03d609-5326-4b0a-b2d2-a1961c08437e/current/log_inprogress_168 to /workdir/ratis-test/target/test/data/b2c0a8be/MiniRaftClusterWithNetty1f9c6c63/s2/7b03d609-5326-4b0a-b2d2-a1961c08437e/current/log_168-169
2019-09-24 16:37:46,264 INFO  segmented.SegmentedRaftLogWorker (SegmentedRaftLogWorker.java:execute(526)) - s2@group-A1961C08437E-SegmentedRaftLogWorker: Rolled log segment from /workdir/ratis-test/target/test/data/b2c0a8be/MiniRaftClusterWithNetty1f9c6c63/s2/7b03d609-5326-4b0a-b2d2-a1961c08437e/current/log_inprogress_168 to /workdir/ratis-test/target/test/data/b2c0a8be/MiniRaftClusterWithNetty1f9c6c63/s2/7b03d609-5326-4b0a-b2d2-a1961c08437e/current/log_168-169
2019-09-24 16:37:46,264 INFO  segmented.SegmentedRaftLogWorker (SegmentedRaftLogWorker.java:rollLogSegment(385)) - s1@group-A1961C08437E-SegmentedRaftLogWorker: Rolling segment log-160_163 to index:163
2019-09-24 16:37:46,265 TRACE util.FileUtils (LogUtils.java:runAndLog(61)) - Successfully ran Files.move /workdir/ratis-test/target/test/data/b2c0a8be/MiniRaftClusterWithNetty1f9c6c63/s1/7b03d609-5326-4b0a-b2d2-a1961c08437e/current/log_inprogress_160 to /workdir/ratis-test/target/test/data/b2c0a8be/MiniRaftClusterWithNetty1f9c6c63/s1/7b03d609-5326-4b0a-b2d2-a1961c08437e/current/log_160-163
2019-09-24 16:37:46,265 INFO  segmented.SegmentedRaftLogWorker (SegmentedRaftLogWorker.java:execute(526)) - s1@group-A1961C08437E-SegmentedRaftLogWorker: Rolled log segment from /workdir/ratis-test/target/test/data/b2c0a8be/MiniRaftClusterWithNetty1f9c6c63/s1/7b03d609-5326-4b0a-b2d2-a1961c08437e/current/log_inprogress_160 to /workdir/ratis-test/target/test/data/b2c0a8be/MiniRaftClusterWithNetty1f9c6c63/s1/7b03d609-5326-4b0a-b2d2-a1961c08437e/current/log_160-163
2019-09-24 16:37:46,296 INFO  segmented.SegmentedRaftLogWorker (SegmentedRaftLogWorker.java:execute(569)) - s1@group-A1961C08437E-SegmentedRaftLogWorker: created new log segment /workdir/ratis-test/target/test/data/b2c0a8be/MiniRaftClusterWithNetty1f9c6c63/s1/7b03d609-5326-4b0a-b2d2-a1961c08437e/current/log_inprogress_164
2019-09-24 16:37:46,296 INFO  segmented.SegmentedRaftLogWorker (SegmentedRaftLogWorker.java:execute(569)) - s2@group-A1961C08437E-SegmentedRaftLogWorker: created new log segment /workdir/ratis-test/target/test/data/b2c0a8be/MiniRaftClusterWithNetty1f9c6c63/s2/7b03d609-5326-4b0a-b2d2-a1961c08437e/current/log_inprogress_170
2019-09-24 16:37:46,302 INFO  statemachine.SimpleStateMachine4Testing (SimpleStateMachine4Testing.java:put(198)) - s2: put 164, 4444444444... -> (t:2, i:164), STATEMACHINELOGENTRY, client-781B3BD2DEB4, cid=80
2019-09-24 16:37:46,304 INFO  segmented.SegmentedRaftLogWorker (SegmentedRaftLogWorker.java:rollLogSegment(385)) - s2@group-A1961C08437E-SegmentedRaftLogWorker: Rolling segment log-170_171 to index:171
2019-09-24 16:37:46,318 TRACE util.FileUtils (LogUtils.java:runAndLog(61)) - Successfully ran Files.move /workdir/ratis-test/target/test/data/b2c0a8be/MiniRaftClusterWithNetty1f9c6c63/s2/7b03d609-5326-4b0a-b2d2-a1961c08437e/current/log_inprogress_170 to /workdir/ratis-test/target/test/data/b2c0a8be/MiniRaftClusterWithNetty1f9c6c63/s2/7b03d609-5326-4b0a-b2d2-a1961c08437e/current/log_170-171
2019-09-24 16:37:46,318 INFO  segmented.SegmentedRaftLogWorker (SegmentedRaftLogWorker.java:execute(526)) - s2@group-A1961C08437E-SegmentedRaftLogWorker: Rolled log segment from /workdir/ratis-test/target/test/data/b2c0a8be/MiniRaftClusterWithNetty1f9c6c63/s2/7b03d609-5326-4b0a-b2d2-a1961c08437e/current/log_inprogress_170 to /workdir/ratis-test/target/test/data/b2c0a8be/MiniRaftClusterWithNetty1f9c6c63/s2/7b03d609-5326-4b0a-b2d2-a1961c08437e/current/log_170-171
2019-09-24 16:37:46,319 INFO  segmented.SegmentedRaftLogWorker (SegmentedRaftLogWorker.java:rollLogSegment(385)) - s1@group-A1961C08437E-SegmentedRaftLogWorker: Rolling segment log-164_165 to index:165
2019-09-24 16:37:46,319 INFO  segmented.SegmentedRaftLogWorker (SegmentedRaftLogWorker.java:rollLogSegment(385)) - s0@group-A1961C08437E-SegmentedRaftLogWorker: Rolling segment log-148_151 to index:151
2019-09-24 16:37:46,320 TRACE util.FileUtils (LogUtils.java:runAndLog(61)) - Successfully ran Files.move /workdir/ratis-test/target/test/data/b2c0a8be/MiniRaftClusterWithNetty1f9c6c63/s1/7b03d609-5326-4b0a-b2d2-a1961c08437e/current/log_inprogress_164 to /workdir/ratis-test/target/test/data/b2c0a8be/MiniRaftClusterWithNetty1f9c6c63/s1/7b03d609-5326-4b0a-b2d2-a1961c08437e/current/log_164-165
2019-09-24 16:37:46,320 INFO  segmented.SegmentedRaftLogWorker (SegmentedRaftLogWorker.java:execute(526)) - s1@group-A1961C08437E-SegmentedRaftLogWorker: Rolled log segment from /workdir/ratis-test/target/test/data/b2c0a8be/MiniRaftClusterWithNetty1f9c6c63/s1/7b03d609-5326-4b0a-b2d2-a1961c08437e/current/log_inprogress_164 to /workdir/ratis-test/target/test/data/b2c0a8be/MiniRaftClusterWithNetty1f9c6c63/s1/7b03d609-5326-4b0a-b2d2-a1961c08437e/current/log_164-165
2019-09-24 16:37:46,320 TRACE util.FileUtils (LogUtils.java:runAndLog(61)) - Successfully ran Files.move /workdir/ratis-test/target/test/data/b2c0a8be/MiniRaftClusterWithNetty1f9c6c63/s0/7b03d609-5326-4b0a-b2d2-a1961c08437e/current/log_inprogress_148 to /workdir/ratis-test/target/test/data/b2c0a8be/MiniRaftClusterWithNetty1f9c6c63/s0/7b03d609-5326-4b0a-b2d2-a1961c08437e/current/log_148-151
2019-09-24 16:37:46,320 INFO  segmented.SegmentedRaftLogWorker (SegmentedRaftLogWorker.java:execute(526)) - s0@group-A1961C08437E-SegmentedRaftLogWorker: Rolled log segment from /workdir/ratis-test/target/test/data/b2c0a8be/MiniRaftClusterWithNetty1f9c6c63/s0/7b03d609-5326-4b0a-b2d2-a1961c08437e/current/log_inprogress_148 to /workdir/ratis-test/target/test/data/b2c0a8be/MiniRaftClusterWithNetty1f9c6c63/s0/7b03d609-5326-4b0a-b2d2-a1961c08437e/current/log_148-151
2019-09-24 16:37:46,363 INFO  segmented.SegmentedRaftLogWorker (SegmentedRaftLogWorker.java:execute(569)) - s0@group-A1961C08437E-SegmentedRaftLogWorker: created new log segment /workdir/ratis-test/target/test/data/b2c0a8be/MiniRaftClusterWithNetty1f9c6c63/s0/7b03d609-5326-4b0a-b2d2-a1961c08437e/current/log_inprogress_152
2019-09-24 16:37:46,363 INFO  segmented.SegmentedRaftLogWorker (SegmentedRaftLogWorker.java:execute(569)) - s2@group-A1961C08437E-SegmentedRaftLogWorker: created new log segment /workdir/ratis-test/target/test/data/b2c0a8be/MiniRaftClusterWithNetty1f9c6c63/s2/7b03d609-5326-4b0a-b2d2-a1961c08437e/current/log_inprogress_172
2019-09-24 16:37:46,363 INFO  segmented.SegmentedRaftLogWorker (SegmentedRaftLogWorker.java:execute(569)) - s1@group-A1961C08437E-SegmentedRaftLogWorker: created new log segment /workdir/ratis-test/target/test/data/b2c0a8be/MiniRaftClusterWithNetty1f9c6c63/s1/7b03d609-5326-4b0a-b2d2-a1961c08437e/current/log_inprogress_166
2019-09-24 16:37:46,381 INFO  statemachine.SimpleStateMachine4Testing (SimpleStateMachine4Testing.java:put(198)) - s1: put 164, 4444444444... -> (t:2, i:164), STATEMACHINELOGENTRY, client-781B3BD2DEB4, cid=80
2019-09-24 16:37:46,381 INFO  statemachine.SimpleStateMachine4Testing (SimpleStateMachine4Testing.java:put(198)) - s2: put 166, 3333333333... -> (t:2, i:166), STATEMACHINELOGENTRY, client-DA36977FC49F, cid=85
2019-09-24 16:37:46,383 INFO  segmented.SegmentedRaftLogWorker (SegmentedRaftLogWorker.java:rollLogSegment(385)) - s2@group-A1961C08437E-SegmentedRaftLogWorker: Rolling segment log-172_173 to index:173
2019-09-24 16:37:46,402 TRACE util.FileUtils (LogUtils.java:runAndLog(61)) - Successfully ran Files.move /workdir/ratis-test/target/test/data/b2c0a8be/MiniRaftClusterWithNetty1f9c6c63/s2/7b03d609-5326-4b0a-b2d2-a1961c08437e/current/log_inprogress_172 to /workdir/ratis-test/target/test/data/b2c0a8be/MiniRaftClusterWithNetty1f9c6c63/s2/7b03d609-5326-4b0a-b2d2-a1961c08437e/current/log_172-173
2019-09-24 16:37:46,402 INFO  segmented.SegmentedRaftLogWorker (SegmentedRaftLogWorker.java:execute(526)) - s2@group-A1961C08437E-SegmentedRaftLogWorker: Rolled log segment from /workdir/ratis-test/target/test/data/b2c0a8be/MiniRaftClusterWithNetty1f9c6c63/s2/7b03d609-5326-4b0a-b2d2-a1961c08437e/current/log_inprogress_172 to /workdir/ratis-test/target/test/data/b2c0a8be/MiniRaftClusterWithNetty1f9c6c63/s2/7b03d609-5326-4b0a-b2d2-a1961c08437e/current/log_172-173
2019-09-24 16:37:46,402 INFO  statemachine.SimpleStateMachine4Testing (SimpleStateMachine4Testing.java:put(198)) - s1: put 166, 3333333333... -> (t:2, i:166), STATEMACHINELOGENTRY, client-DA36977FC49F, cid=85
2019-09-24 16:37:46,404 INFO  segmented.SegmentedRaftLogWorker (SegmentedRaftLogWorker.java:rollLogSegment(385)) - s1@group-A1961C08437E-SegmentedRaftLogWorker: Rolling segment log-166_167 to index:167
2019-09-24 16:37:46,404 TRACE util.FileUtils (LogUtils.java:runAndLog(61)) - Successfully ran Files.move /workdir/ratis-test/target/test/data/b2c0a8be/MiniRaftClusterWithNetty1f9c6c63/s1/7b03d609-5326-4b0a-b2d2-a1961c08437e/current/log_inprogress_166 to /workdir/ratis-test/target/test/data/b2c0a8be/MiniRaftClusterWithNetty1f9c6c63/s1/7b03d609-5326-4b0a-b2d2-a1961c08437e/current/log_166-167
2019-09-24 16:37:46,404 INFO  segmented.SegmentedRaftLogWorker (SegmentedRaftLogWorker.java:execute(526)) - s1@group-A1961C08437E-SegmentedRaftLogWorker: Rolled log segment from /workdir/ratis-test/target/test/data/b2c0a8be/MiniRaftClusterWithNetty1f9c6c63/s1/7b03d609-5326-4b0a-b2d2-a1961c08437e/current/log_inprogress_166 to /workdir/ratis-test/target/test/data/b2c0a8be/MiniRaftClusterWithNetty1f9c6c63/s1/7b03d609-5326-4b0a-b2d2-a1961c08437e/current/log_166-167
2019-09-24 16:37:46,439 INFO  segmented.SegmentedRaftLogWorker (SegmentedRaftLogWorker.java:execute(569)) - s2@group-A1961C08437E-SegmentedRaftLogWorker: created new log segment /workdir/ratis-test/target/test/data/b2c0a8be/MiniRaftClusterWithNetty1f9c6c63/s2/7b03d609-5326-4b0a-b2d2-a1961c08437e/current/log_inprogress_174
2019-09-24 16:37:46,439 INFO  segmented.SegmentedRaftLogWorker (SegmentedRaftLogWorker.java:execute(569)) - s1@group-A1961C08437E-SegmentedRaftLogWorker: created new log segment /workdir/ratis-test/target/test/data/b2c0a8be/MiniRaftClusterWithNetty1f9c6c63/s1/7b03d609-5326-4b0a-b2d2-a1961c08437e/current/log_inprogress_168
2019-09-24 16:37:46,443 INFO  segmented.SegmentedRaftLogWorker (SegmentedRaftLogWorker.java:rollLogSegment(385)) - s0@group-A1961C08437E-SegmentedRaftLogWorker: Rolling segment log-152_155 to index:155
2019-09-24 16:37:46,444 TRACE util.FileUtils (LogUtils.java:runAndLog(61)) - Successfully ran Files.move /workdir/ratis-test/target/test/data/b2c0a8be/MiniRaftClusterWithNetty1f9c6c63/s0/7b03d609-5326-4b0a-b2d2-a1961c08437e/current/log_inprogress_152 to /workdir/ratis-test/target/test/data/b2c0a8be/MiniRaftClusterWithNetty1f9c6c63/s0/7b03d609-5326-4b0a-b2d2-a1961c08437e/current/log_152-155
2019-09-24 16:37:46,444 INFO  segmented.SegmentedRaftLogWorker (SegmentedRaftLogWorker.java:execute(526)) - s0@group-A1961C08437E-SegmentedRaftLogWorker: Rolled log segment from /workdir/ratis-test/target/test/data/b2c0a8be/MiniRaftClusterWithNetty1f9c6c63/s0/7b03d609-5326-4b0a-b2d2-a1961c08437e/current/log_inprogress_152 to /workdir/ratis-test/target/test/data/b2c0a8be/MiniRaftClusterWithNetty1f9c6c63/s0/7b03d609-5326-4b0a-b2d2-a1961c08437e/current/log_152-155
2019-09-24 16:37:46,460 INFO  statemachine.SimpleStateMachine4Testing (SimpleStateMachine4Testing.java:put(198)) - s2: put 168, 3333333333... -> (t:2, i:168), STATEMACHINELOGENTRY, client-6F4DA14A560B, cid=86
2019-09-24 16:37:46,461 INFO  segmented.SegmentedRaftLogWorker (SegmentedRaftLogWorker.java:rollLogSegment(385)) - s2@group-A1961C08437E-SegmentedRaftLogWorker: Rolling segment log-174_175 to index:175
2019-09-24 16:37:46,479 TRACE util.FileUtils (LogUtils.java:runAndLog(61)) - Successfully ran Files.move /workdir/ratis-test/target/test/data/b2c0a8be/MiniRaftClusterWithNetty1f9c6c63/s2/7b03d609-5326-4b0a-b2d2-a1961c08437e/current/log_inprogress_174 to /workdir/ratis-test/target/test/data/b2c0a8be/MiniRaftClusterWithNetty1f9c6c63/s2/7b03d609-5326-4b0a-b2d2-a1961c08437e/current/log_174-175
2019-09-24 16:37:46,479 INFO  segmented.SegmentedRaftLogWorker (SegmentedRaftLogWorker.java:execute(526)) - s2@group-A1961C08437E-SegmentedRaftLogWorker: Rolled log segment from /workdir/ratis-test/target/test/data/b2c0a8be/MiniRaftClusterWithNetty1f9c6c63/s2/7b03d609-5326-4b0a-b2d2-a1961c08437e/current/log_inprogress_174 to /workdir/ratis-test/target/test/data/b2c0a8be/MiniRaftClusterWithNetty1f9c6c63/s2/7b03d609-5326-4b0a-b2d2-a1961c08437e/current/log_174-175
2019-09-24 16:37:46,479 INFO  statemachine.SimpleStateMachine4Testing (SimpleStateMachine4Testing.java:put(198)) - s1: put 168, 3333333333... -> (t:2, i:168), STATEMACHINELOGENTRY, client-6F4DA14A560B, cid=86
2019-09-24 16:37:46,480 INFO  segmented.SegmentedRaftLogWorker (SegmentedRaftLogWorker.java:rollLogSegment(385)) - s1@group-A1961C08437E-SegmentedRaftLogWorker: Rolling segment log-168_169 to index:169
2019-09-24 16:37:46,481 TRACE util.FileUtils (LogUtils.java:runAndLog(61)) - Successfully ran Files.move /workdir/ratis-test/target/test/data/b2c0a8be/MiniRaftClusterWithNetty1f9c6c63/s1/7b03d609-5326-4b0a-b2d2-a1961c08437e/current/log_inprogress_168 to /workdir/ratis-test/target/test/data/b2c0a8be/MiniRaftClusterWithNetty1f9c6c63/s1/7b03d609-5326-4b0a-b2d2-a1961c08437e/current/log_168-169
2019-09-24 16:37:46,481 INFO  segmented.SegmentedRaftLogWorker (SegmentedRaftLogWorker.java:execute(569)) - s0@group-A1961C08437E-SegmentedRaftLogWorker: created new log segment /workdir/ratis-test/target/test/data/b2c0a8be/MiniRaftClusterWithNetty1f9c6c63/s0/7b03d609-5326-4b0a-b2d2-a1961c08437e/current/log_inprogress_156
2019-09-24 16:37:46,481 INFO  segmented.SegmentedRaftLogWorker (SegmentedRaftLogWorker.java:execute(526)) - s1@group-A1961C08437E-SegmentedRaftLogWorker: Rolled log segment from /workdir/ratis-test/target/test/data/b2c0a8be/MiniRaftClusterWithNetty1f9c6c63/s1/7b03d609-5326-4b0a-b2d2-a1961c08437e/current/log_inprogress_168 to /workdir/ratis-test/target/test/data/b2c0a8be/MiniRaftClusterWithNetty1f9c6c63/s1/7b03d609-5326-4b0a-b2d2-a1961c08437e/current/log_168-169
2019-09-24 16:37:46,514 INFO  segmented.SegmentedRaftLogWorker (SegmentedRaftLogWorker.java:execute(569)) - s1@group-A1961C08437E-SegmentedRaftLogWorker: created new log segment /workdir/ratis-test/target/test/data/b2c0a8be/MiniRaftClusterWithNetty1f9c6c63/s1/7b03d609-5326-4b0a-b2d2-a1961c08437e/current/log_inprogress_170
2019-09-24 16:37:46,514 INFO  segmented.SegmentedRaftLogWorker (SegmentedRaftLogWorker.java:execute(569)) - s2@group-A1961C08437E-SegmentedRaftLogWorker: created new log segment /workdir/ratis-test/target/test/data/b2c0a8be/MiniRaftClusterWithNetty1f9c6c63/s2/7b03d609-5326-4b0a-b2d2-a1961c08437e/current/log_inprogress_176
2019-09-24 16:37:46,529 INFO  statemachine.SimpleStateMachine4Testing (SimpleStateMachine4Testing.java:put(198)) - s2: put 170, 3333333333... -> (t:2, i:170), STATEMACHINELOGENTRY, client-69912ADB290A, cid=87
2019-09-24 16:37:46,531 INFO  segmented.SegmentedRaftLogWorker (SegmentedRaftLogWorker.java:rollLogSegment(385)) - s2@group-A1961C08437E-SegmentedRaftLogWorker: Rolling segment log-176_177 to index:177
2019-09-24 16:37:46,551 TRACE util.FileUtils (LogUtils.java:runAndLog(61)) - Successfully ran Files.move /workdir/ratis-test/target/test/data/b2c0a8be/MiniRaftClusterWithNetty1f9c6c63/s2/7b03d609-5326-4b0a-b2d2-a1961c08437e/current/log_inprogress_176 to /workdir/ratis-test/target/test/data/b2c0a8be/MiniRaftClusterWithNetty1f9c6c63/s2/7b03d609-5326-4b0a-b2d2-a1961c08437e/current/log_176-177
2019-09-24 16:37:46,551 INFO  segmented.SegmentedRaftLogWorker (SegmentedRaftLogWorker.java:execute(526)) - s2@group-A1961C08437E-SegmentedRaftLogWorker: Rolled log segment from /workdir/ratis-test/target/test/data/b2c0a8be/MiniRaftClusterWithNetty1f9c6c63/s2/7b03d609-5326-4b0a-b2d2-a1961c08437e/current/log_inprogress_176 to /workdir/ratis-test/target/test/data/b2c0a8be/MiniRaftClusterWithNetty1f9c6c63/s2/7b03d609-5326-4b0a-b2d2-a1961c08437e/current/log_176-177
2019-09-24 16:37:46,551 INFO  statemachine.SimpleStateMachine4Testing (SimpleStateMachine4Testing.java:put(198)) - s1: put 170, 3333333333... -> (t:2, i:170), STATEMACHINELOGENTRY, client-69912ADB290A, cid=87
2019-09-24 16:37:46,552 INFO  segmented.SegmentedRaftLogWorker (SegmentedRaftLogWorker.java:rollLogSegment(385)) - s1@group-A1961C08437E-SegmentedRaftLogWorker: Rolling segment log-170_171 to index:171
2019-09-24 16:37:46,553 TRACE util.FileUtils (LogUtils.java:runAndLog(61)) - Successfully ran Files.move /workdir/ratis-test/target/test/data/b2c0a8be/MiniRaftClusterWithNetty1f9c6c63/s1/7b03d609-5326-4b0a-b2d2-a1961c08437e/current/log_inprogress_170 to /workdir/ratis-test/target/test/data/b2c0a8be/MiniRaftClusterWithNetty1f9c6c63/s1/7b03d609-5326-4b0a-b2d2-a1961c08437e/current/log_170-171
2019-09-24 16:37:46,553 INFO  segmented.SegmentedRaftLogWorker (SegmentedRaftLogWorker.java:execute(526)) - s1@group-A1961C08437E-SegmentedRaftLogWorker: Rolled log segment from /workdir/ratis-test/target/test/data/b2c0a8be/MiniRaftClusterWithNetty1f9c6c63/s1/7b03d609-5326-4b0a-b2d2-a1961c08437e/current/log_inprogress_170 to /workdir/ratis-test/target/test/data/b2c0a8be/MiniRaftClusterWithNetty1f9c6c63/s1/7b03d609-5326-4b0a-b2d2-a1961c08437e/current/log_170-171
2019-09-24 16:37:46,572 INFO  segmented.SegmentedRaftLogWorker (SegmentedRaftLogWorker.java:rollLogSegment(385)) - s0@group-A1961C08437E-SegmentedRaftLogWorker: Rolling segment log-156_159 to index:159
2019-09-24 16:37:46,573 TRACE util.FileUtils (LogUtils.java:runAndLog(61)) - Successfully ran Files.move /workdir/ratis-test/target/test/data/b2c0a8be/MiniRaftClusterWithNetty1f9c6c63/s0/7b03d609-5326-4b0a-b2d2-a1961c08437e/current/log_inprogress_156 to /workdir/ratis-test/target/test/data/b2c0a8be/MiniRaftClusterWithNetty1f9c6c63/s0/7b03d609-5326-4b0a-b2d2-a1961c08437e/current/log_156-159
2019-09-24 16:37:46,574 INFO  segmented.SegmentedRaftLogWorker (SegmentedRaftLogWorker.java:execute(526)) - s0@group-A1961C08437E-SegmentedRaftLogWorker: Rolled log segment from /workdir/ratis-test/target/test/data/b2c0a8be/MiniRaftClusterWithNetty1f9c6c63/s0/7b03d609-5326-4b0a-b2d2-a1961c08437e/current/log_inprogress_156 to /workdir/ratis-test/target/test/data/b2c0a8be/MiniRaftClusterWithNetty1f9c6c63/s0/7b03d609-5326-4b0a-b2d2-a1961c08437e/current/log_156-159
2019-09-24 16:37:46,582 INFO  segmented.SegmentedRaftLogWorker (SegmentedRaftLogWorker.java:execute(569)) - s1@group-A1961C08437E-SegmentedRaftLogWorker: created new log segment /workdir/ratis-test/target/test/data/b2c0a8be/MiniRaftClusterWithNetty1f9c6c63/s1/7b03d609-5326-4b0a-b2d2-a1961c08437e/current/log_inprogress_172
2019-09-24 16:37:46,582 INFO  segmented.SegmentedRaftLogWorker (SegmentedRaftLogWorker.java:execute(569)) - s2@group-A1961C08437E-SegmentedRaftLogWorker: created new log segment /workdir/ratis-test/target/test/data/b2c0a8be/MiniRaftClusterWithNetty1f9c6c63/s2/7b03d609-5326-4b0a-b2d2-a1961c08437e/current/log_inprogress_178
2019-09-24 16:37:46,600 INFO  statemachine.SimpleStateMachine4Testing (SimpleStateMachine4Testing.java:put(198)) - s2: put 172, 4444444444... -> (t:2, i:172), STATEMACHINELOGENTRY, client-D98953169D47, cid=84
2019-09-24 16:37:46,602 INFO  segmented.SegmentedRaftLogWorker (SegmentedRaftLogWorker.java:rollLogSegment(385)) - s2@group-A1961C08437E-SegmentedRaftLogWorker: Rolling segment log-178_179 to index:179
2019-09-24 16:37:46,607 INFO  segmented.SegmentedRaftLogWorker (SegmentedRaftLogWorker.java:execute(569)) - s0@group-A1961C08437E-SegmentedRaftLogWorker: created new log segment /workdir/ratis-test/target/test/data/b2c0a8be/MiniRaftClusterWithNetty1f9c6c63/s0/7b03d609-5326-4b0a-b2d2-a1961c08437e/current/log_inprogress_160
2019-09-24 16:37:46,616 TRACE util.FileUtils (LogUtils.java:runAndLog(61)) - Successfully ran Files.move /workdir/ratis-test/target/test/data/b2c0a8be/MiniRaftClusterWithNetty1f9c6c63/s2/7b03d609-5326-4b0a-b2d2-a1961c08437e/current/log_inprogress_178 to /workdir/ratis-test/target/test/data/b2c0a8be/MiniRaftClusterWithNetty1f9c6c63/s2/7b03d609-5326-4b0a-b2d2-a1961c08437e/current/log_178-179
2019-09-24 16:37:46,616 INFO  segmented.SegmentedRaftLogWorker (SegmentedRaftLogWorker.java:execute(526)) - s2@group-A1961C08437E-SegmentedRaftLogWorker: Rolled log segment from /workdir/ratis-test/target/test/data/b2c0a8be/MiniRaftClusterWithNetty1f9c6c63/s2/7b03d609-5326-4b0a-b2d2-a1961c08437e/current/log_inprogress_178 to /workdir/ratis-test/target/test/data/b2c0a8be/MiniRaftClusterWithNetty1f9c6c63/s2/7b03d609-5326-4b0a-b2d2-a1961c08437e/current/log_178-179
2019-09-24 16:37:46,618 INFO  segmented.SegmentedRaftLogWorker (SegmentedRaftLogWorker.java:rollLogSegment(385)) - s1@group-A1961C08437E-SegmentedRaftLogWorker: Rolling segment log-172_173 to index:173
2019-09-24 16:37:46,618 TRACE util.FileUtils (LogUtils.java:runAndLog(61)) - Successfully ran Files.move /workdir/ratis-test/target/test/data/b2c0a8be/MiniRaftClusterWithNetty1f9c6c63/s1/7b03d609-5326-4b0a-b2d2-a1961c08437e/current/log_inprogress_172 to /workdir/ratis-test/target/test/data/b2c0a8be/MiniRaftClusterWithNetty1f9c6c63/s1/7b03d609-5326-4b0a-b2d2-a1961c08437e/current/log_172-173
2019-09-24 16:37:46,619 INFO  segmented.SegmentedRaftLogWorker (SegmentedRaftLogWorker.java:execute(526)) - s1@group-A1961C08437E-SegmentedRaftLogWorker: Rolled log segment from /workdir/ratis-test/target/test/data/b2c0a8be/MiniRaftClusterWithNetty1f9c6c63/s1/7b03d609-5326-4b0a-b2d2-a1961c08437e/current/log_inprogress_172 to /workdir/ratis-test/target/test/data/b2c0a8be/MiniRaftClusterWithNetty1f9c6c63/s1/7b03d609-5326-4b0a-b2d2-a1961c08437e/current/log_172-173
2019-09-24 16:37:46,641 INFO  segmented.SegmentedRaftLogWorker (SegmentedRaftLogWorker.java:execute(569)) - s1@group-A1961C08437E-SegmentedRaftLogWorker: created new log segment /workdir/ratis-test/target/test/data/b2c0a8be/MiniRaftClusterWithNetty1f9c6c63/s1/7b03d609-5326-4b0a-b2d2-a1961c08437e/current/log_inprogress_174
2019-09-24 16:37:46,641 INFO  segmented.SegmentedRaftLogWorker (SegmentedRaftLogWorker.java:execute(569)) - s2@group-A1961C08437E-SegmentedRaftLogWorker: created new log segment /workdir/ratis-test/target/test/data/b2c0a8be/MiniRaftClusterWithNetty1f9c6c63/s2/7b03d609-5326-4b0a-b2d2-a1961c08437e/current/log_inprogress_180
2019-09-24 16:37:46,643 INFO  statemachine.SimpleStateMachine4Testing (SimpleStateMachine4Testing.java:put(198)) - s1: put 172, 4444444444... -> (t:2, i:172), STATEMACHINELOGENTRY, client-D98953169D47, cid=84
2019-09-24 16:37:46,643 INFO  statemachine.SimpleStateMachine4Testing (SimpleStateMachine4Testing.java:put(198)) - s2: put 174, 4444444444... -> (t:2, i:174), STATEMACHINELOGENTRY, client-DA36977FC49F, cid=89
2019-09-24 16:37:46,645 INFO  segmented.SegmentedRaftLogWorker (SegmentedRaftLogWorker.java:rollLogSegment(385)) - s2@group-A1961C08437E-SegmentedRaftLogWorker: Rolling segment log-180_181 to index:181
2019-09-24 16:37:46,652 TRACE util.FileUtils (LogUtils.java:runAndLog(61)) - Successfully ran Files.move /workdir/ratis-test/target/test/data/b2c0a8be/MiniRaftClusterWithNetty1f9c6c63/s2/7b03d609-5326-4b0a-b2d2-a1961c08437e/current/log_inprogress_180 to /workdir/ratis-test/target/test/data/b2c0a8be/MiniRaftClusterWithNetty1f9c6c63/s2/7b03d609-5326-4b0a-b2d2-a1961c08437e/current/log_180-181
2019-09-24 16:37:46,652 INFO  segmented.SegmentedRaftLogWorker (SegmentedRaftLogWorker.java:execute(526)) - s2@group-A1961C08437E-SegmentedRaftLogWorker: Rolled log segment from /workdir/ratis-test/target/test/data/b2c0a8be/MiniRaftClusterWithNetty1f9c6c63/s2/7b03d609-5326-4b0a-b2d2-a1961c08437e/current/log_inprogress_180 to /workdir/ratis-test/target/test/data/b2c0a8be/MiniRaftClusterWithNetty1f9c6c63/s2/7b03d609-5326-4b0a-b2d2-a1961c08437e/current/log_180-181
2019-09-24 16:37:46,654 INFO  segmented.SegmentedRaftLogWorker (SegmentedRaftLogWorker.java:rollLogSegment(385)) - s1@group-A1961C08437E-SegmentedRaftLogWorker: Rolling segment log-174_175 to index:175
2019-09-24 16:37:46,654 INFO  segmented.SegmentedRaftLogWorker (SegmentedRaftLogWorker.java:rollLogSegment(385)) - s0@group-A1961C08437E-SegmentedRaftLogWorker: Rolling segment log-160_163 to index:163
2019-09-24 16:37:46,654 TRACE util.FileUtils (LogUtils.java:runAndLog(61)) - Successfully ran Files.move /workdir/ratis-test/target/test/data/b2c0a8be/MiniRaftClusterWithNetty1f9c6c63/s1/7b03d609-5326-4b0a-b2d2-a1961c08437e/current/log_inprogress_174 to /workdir/ratis-test/target/test/data/b2c0a8be/MiniRaftClusterWithNetty1f9c6c63/s1/7b03d609-5326-4b0a-b2d2-a1961c08437e/current/log_174-175
2019-09-24 16:37:46,655 INFO  segmented.SegmentedRaftLogWorker (SegmentedRaftLogWorker.java:execute(526)) - s1@group-A1961C08437E-SegmentedRaftLogWorker: Rolled log segment from /workdir/ratis-test/target/test/data/b2c0a8be/MiniRaftClusterWithNetty1f9c6c63/s1/7b03d609-5326-4b0a-b2d2-a1961c08437e/current/log_inprogress_174 to /workdir/ratis-test/target/test/data/b2c0a8be/MiniRaftClusterWithNetty1f9c6c63/s1/7b03d609-5326-4b0a-b2d2-a1961c08437e/current/log_174-175
2019-09-24 16:37:46,655 TRACE util.FileUtils (LogUtils.java:runAndLog(61)) - Successfully ran Files.move /workdir/ratis-test/target/test/data/b2c0a8be/MiniRaftClusterWithNetty1f9c6c63/s0/7b03d609-5326-4b0a-b2d2-a1961c08437e/current/log_inprogress_160 to /workdir/ratis-test/target/test/data/b2c0a8be/MiniRaftClusterWithNetty1f9c6c63/s0/7b03d609-5326-4b0a-b2d2-a1961c08437e/current/log_160-163
2019-09-24 16:37:46,655 INFO  segmented.SegmentedRaftLogWorker (SegmentedRaftLogWorker.java:execute(526)) - s0@group-A1961C08437E-SegmentedRaftLogWorker: Rolled log segment from /workdir/ratis-test/target/test/data/b2c0a8be/MiniRaftClusterWithNetty1f9c6c63/s0/7b03d609-5326-4b0a-b2d2-a1961c08437e/current/log_inprogress_160 to /workdir/ratis-test/target/test/data/b2c0a8be/MiniRaftClusterWithNetty1f9c6c63/s0/7b03d609-5326-4b0a-b2d2-a1961c08437e/current/log_160-163
2019-09-24 16:37:46,674 INFO  segmented.SegmentedRaftLogWorker (SegmentedRaftLogWorker.java:execute(569)) - s1@group-A1961C08437E-SegmentedRaftLogWorker: created new log segment /workdir/ratis-test/target/test/data/b2c0a8be/MiniRaftClusterWithNetty1f9c6c63/s1/7b03d609-5326-4b0a-b2d2-a1961c08437e/current/log_inprogress_176
2019-09-24 16:37:46,674 INFO  segmented.SegmentedRaftLogWorker (SegmentedRaftLogWorker.java:execute(569)) - s0@group-A1961C08437E-SegmentedRaftLogWorker: created new log segment /workdir/ratis-test/target/test/data/b2c0a8be/MiniRaftClusterWithNetty1f9c6c63/s0/7b03d609-5326-4b0a-b2d2-a1961c08437e/current/log_inprogress_164
2019-09-24 16:37:46,674 INFO  segmented.SegmentedRaftLogWorker (SegmentedRaftLogWorker.java:execute(569)) - s2@group-A1961C08437E-SegmentedRaftLogWorker: created new log segment /workdir/ratis-test/target/test/data/b2c0a8be/MiniRaftClusterWithNetty1f9c6c63/s2/7b03d609-5326-4b0a-b2d2-a1961c08437e/current/log_inprogress_182
2019-09-24 16:37:46,711 INFO  statemachine.SimpleStateMachine4Testing (SimpleStateMachine4Testing.java:put(198)) - s1: put 174, 4444444444... -> (t:2, i:174), STATEMACHINELOGENTRY, client-DA36977FC49F, cid=89
2019-09-24 16:37:46,712 INFO  statemachine.SimpleStateMachine4Testing (SimpleStateMachine4Testing.java:put(198)) - s2: put 176, 4444444444... -> (t:2, i:176), STATEMACHINELOGENTRY, client-6F4DA14A560B, cid=90
2019-09-24 16:37:46,714 INFO  segmented.SegmentedRaftLogWorker (SegmentedRaftLogWorker.java:rollLogSegment(385)) - s2@group-A1961C08437E-SegmentedRaftLogWorker: Rolling segment log-182_183 to index:183
2019-09-24 16:37:46,720 TRACE util.FileUtils (LogUtils.java:runAndLog(61)) - Successfully ran Files.move /workdir/ratis-test/target/test/data/b2c0a8be/MiniRaftClusterWithNetty1f9c6c63/s2/7b03d609-5326-4b0a-b2d2-a1961c08437e/current/log_inprogress_182 to /workdir/ratis-test/target/test/data/b2c0a8be/MiniRaftClusterWithNetty1f9c6c63/s2/7b03d609-5326-4b0a-b2d2-a1961c08437e/current/log_182-183
2019-09-24 16:37:46,720 INFO  segmented.SegmentedRaftLogWorker (SegmentedRaftLogWorker.java:execute(526)) - s2@group-A1961C08437E-SegmentedRaftLogWorker: Rolled log segment from /workdir/ratis-test/target/test/data/b2c0a8be/MiniRaftClusterWithNetty1f9c6c63/s2/7b03d609-5326-4b0a-b2d2-a1961c08437e/current/log_inprogress_182 to /workdir/ratis-test/target/test/data/b2c0a8be/MiniRaftClusterWithNetty1f9c6c63/s2/7b03d609-5326-4b0a-b2d2-a1961c08437e/current/log_182-183
2019-09-24 16:37:46,722 INFO  segmented.SegmentedRaftLogWorker (SegmentedRaftLogWorker.java:rollLogSegment(385)) - s1@group-A1961C08437E-SegmentedRaftLogWorker: Rolling segment log-176_177 to index:177
2019-09-24 16:37:46,722 INFO  segmented.SegmentedRaftLogWorker (SegmentedRaftLogWorker.java:rollLogSegment(385)) - s0@group-A1961C08437E-SegmentedRaftLogWorker: Rolling segment log-164_165 to index:165
2019-09-24 16:37:46,723 TRACE util.FileUtils (LogUtils.java:runAndLog(61)) - Successfully ran Files.move /workdir/ratis-test/target/test/data/b2c0a8be/MiniRaftClusterWithNetty1f9c6c63/s1/7b03d609-5326-4b0a-b2d2-a1961c08437e/current/log_inprogress_176 to /workdir/ratis-test/target/test/data/b2c0a8be/MiniRaftClusterWithNetty1f9c6c63/s1/7b03d609-5326-4b0a-b2d2-a1961c08437e/current/log_176-177
2019-09-24 16:37:46,723 INFO  segmented.SegmentedRaftLogWorker (SegmentedRaftLogWorker.java:execute(526)) - s1@group-A1961C08437E-SegmentedRaftLogWorker: Rolled log segment from /workdir/ratis-test/target/test/data/b2c0a8be/MiniRaftClusterWithNetty1f9c6c63/s1/7b03d609-5326-4b0a-b2d2-a1961c08437e/current/log_inprogress_176 to /workdir/ratis-test/target/test/data/b2c0a8be/MiniRaftClusterWithNetty1f9c6c63/s1/7b03d609-5326-4b0a-b2d2-a1961c08437e/current/log_176-177
2019-09-24 16:37:46,723 TRACE util.FileUtils (LogUtils.java:runAndLog(61)) - Successfully ran Files.move /workdir/ratis-test/target/test/data/b2c0a8be/MiniRaftClusterWithNetty1f9c6c63/s0/7b03d609-5326-4b0a-b2d2-a1961c08437e/current/log_inprogress_164 to /workdir/ratis-test/target/test/data/b2c0a8be/MiniRaftClusterWithNetty1f9c6c63/s0/7b03d609-5326-4b0a-b2d2-a1961c08437e/current/log_164-165
2019-09-24 16:37:46,723 INFO  segmented.SegmentedRaftLogWorker (SegmentedRaftLogWorker.java:execute(526)) - s0@group-A1961C08437E-SegmentedRaftLogWorker: Rolled log segment from /workdir/ratis-test/target/test/data/b2c0a8be/MiniRaftClusterWithNetty1f9c6c63/s0/7b03d609-5326-4b0a-b2d2-a1961c08437e/current/log_inprogress_164 to /workdir/ratis-test/target/test/data/b2c0a8be/MiniRaftClusterWithNetty1f9c6c63/s0/7b03d609-5326-4b0a-b2d2-a1961c08437e/current/log_164-165
2019-09-24 16:37:46,750 INFO  segmented.SegmentedRaftLogWorker (SegmentedRaftLogWorker.java:execute(569)) - s0@group-A1961C08437E-SegmentedRaftLogWorker: created new log segment /workdir/ratis-test/target/test/data/b2c0a8be/MiniRaftClusterWithNetty1f9c6c63/s0/7b03d609-5326-4b0a-b2d2-a1961c08437e/current/log_inprogress_166
2019-09-24 16:37:46,750 INFO  segmented.SegmentedRaftLogWorker (SegmentedRaftLogWorker.java:execute(569)) - s2@group-A1961C08437E-SegmentedRaftLogWorker: created new log segment /workdir/ratis-test/target/test/data/b2c0a8be/MiniRaftClusterWithNetty1f9c6c63/s2/7b03d609-5326-4b0a-b2d2-a1961c08437e/current/log_inprogress_184
2019-09-24 16:37:46,750 INFO  segmented.SegmentedRaftLogWorker (SegmentedRaftLogWorker.java:execute(569)) - s1@group-A1961C08437E-SegmentedRaftLogWorker: created new log segment /workdir/ratis-test/target/test/data/b2c0a8be/MiniRaftClusterWithNetty1f9c6c63/s1/7b03d609-5326-4b0a-b2d2-a1961c08437e/current/log_inprogress_178
2019-09-24 16:37:46,772 INFO  statemachine.SimpleStateMachine4Testing (SimpleStateMachine4Testing.java:put(198)) - s1: put 176, 4444444444... -> (t:2, i:176), STATEMACHINELOGENTRY, client-6F4DA14A560B, cid=90
2019-09-24 16:37:46,772 INFO  statemachine.SimpleStateMachine4Testing (SimpleStateMachine4Testing.java:put(198)) - s2: put 178, 4444444444... -> (t:2, i:178), STATEMACHINELOGENTRY, client-69912ADB290A, cid=91
2019-09-24 16:37:46,774 INFO  segmented.SegmentedRaftLogWorker (SegmentedRaftLogWorker.java:rollLogSegment(385)) - s2@group-A1961C08437E-SegmentedRaftLogWorker: Rolling segment log-184_185 to index:185
2019-09-24 16:37:46,779 TRACE util.FileUtils (LogUtils.java:runAndLog(61)) - Successfully ran Files.move /workdir/ratis-test/target/test/data/b2c0a8be/MiniRaftClusterWithNetty1f9c6c63/s2/7b03d609-5326-4b0a-b2d2-a1961c08437e/current/log_inprogress_184 to /workdir/ratis-test/target/test/data/b2c0a8be/MiniRaftClusterWithNetty1f9c6c63/s2/7b03d609-5326-4b0a-b2d2-a1961c08437e/current/log_184-185
2019-09-24 16:37:46,779 INFO  segmented.SegmentedRaftLogWorker (SegmentedRaftLogWorker.java:execute(526)) - s2@group-A1961C08437E-SegmentedRaftLogWorker: Rolled log segment from /workdir/ratis-test/target/test/data/b2c0a8be/MiniRaftClusterWithNetty1f9c6c63/s2/7b03d609-5326-4b0a-b2d2-a1961c08437e/current/log_inprogress_184 to /workdir/ratis-test/target/test/data/b2c0a8be/MiniRaftClusterWithNetty1f9c6c63/s2/7b03d609-5326-4b0a-b2d2-a1961c08437e/current/log_184-185
2019-09-24 16:37:46,781 INFO  segmented.SegmentedRaftLogWorker (SegmentedRaftLogWorker.java:rollLogSegment(385)) - s1@group-A1961C08437E-SegmentedRaftLogWorker: Rolling segment log-178_179 to index:179
2019-09-24 16:37:46,781 INFO  segmented.SegmentedRaftLogWorker (SegmentedRaftLogWorker.java:rollLogSegment(385)) - s0@group-A1961C08437E-SegmentedRaftLogWorker: Rolling segment log-166_167 to index:167
2019-09-24 16:37:46,781 TRACE util.FileUtils (LogUtils.java:runAndLog(61)) - Successfully ran Files.move /workdir/ratis-test/target/test/data/b2c0a8be/MiniRaftClusterWithNetty1f9c6c63/s1/7b03d609-5326-4b0a-b2d2-a1961c08437e/current/log_inprogress_178 to /workdir/ratis-test/target/test/data/b2c0a8be/MiniRaftClusterWithNetty1f9c6c63/s1/7b03d609-5326-4b0a-b2d2-a1961c08437e/current/log_178-179
2019-09-24 16:37:46,782 INFO  segmented.SegmentedRaftLogWorker (SegmentedRaftLogWorker.java:execute(526)) - s1@group-A1961C08437E-SegmentedRaftLogWorker: Rolled log segment from /workdir/ratis-test/target/test/data/b2c0a8be/MiniRaftClusterWithNetty1f9c6c63/s1/7b03d609-5326-4b0a-b2d2-a1961c08437e/current/log_inprogress_178 to /workdir/ratis-test/target/test/data/b2c0a8be/MiniRaftClusterWithNetty1f9c6c63/s1/7b03d609-5326-4b0a-b2d2-a1961c08437e/current/log_178-179
2019-09-24 16:37:46,782 TRACE util.FileUtils (LogUtils.java:runAndLog(61)) - Successfully ran Files.move /workdir/ratis-test/target/test/data/b2c0a8be/MiniRaftClusterWithNetty1f9c6c63/s0/7b03d609-5326-4b0a-b2d2-a1961c08437e/current/log_inprogress_166 to /workdir/ratis-test/target/test/data/b2c0a8be/MiniRaftClusterWithNetty1f9c6c63/s0/7b03d609-5326-4b0a-b2d2-a1961c08437e/current/log_166-167
2019-09-24 16:37:46,782 INFO  segmented.SegmentedRaftLogWorker (SegmentedRaftLogWorker.java:execute(526)) - s0@group-A1961C08437E-SegmentedRaftLogWorker: Rolled log segment from /workdir/ratis-test/target/test/data/b2c0a8be/MiniRaftClusterWithNetty1f9c6c63/s0/7b03d609-5326-4b0a-b2d2-a1961c08437e/current/log_inprogress_166 to /workdir/ratis-test/target/test/data/b2c0a8be/MiniRaftClusterWithNetty1f9c6c63/s0/7b03d609-5326-4b0a-b2d2-a1961c08437e/current/log_166-167
2019-09-24 16:37:46,800 INFO  segmented.SegmentedRaftLogWorker (SegmentedRaftLogWorker.java:execute(569)) - s1@group-A1961C08437E-SegmentedRaftLogWorker: created new log segment /workdir/ratis-test/target/test/data/b2c0a8be/MiniRaftClusterWithNetty1f9c6c63/s1/7b03d609-5326-4b0a-b2d2-a1961c08437e/current/log_inprogress_180
2019-09-24 16:37:46,800 INFO  segmented.SegmentedRaftLogWorker (SegmentedRaftLogWorker.java:execute(569)) - s0@group-A1961C08437E-SegmentedRaftLogWorker: created new log segment /workdir/ratis-test/target/test/data/b2c0a8be/MiniRaftClusterWithNetty1f9c6c63/s0/7b03d609-5326-4b0a-b2d2-a1961c08437e/current/log_inprogress_168
2019-09-24 16:37:46,800 INFO  segmented.SegmentedRaftLogWorker (SegmentedRaftLogWorker.java:execute(569)) - s2@group-A1961C08437E-SegmentedRaftLogWorker: created new log segment /workdir/ratis-test/target/test/data/b2c0a8be/MiniRaftClusterWithNetty1f9c6c63/s2/7b03d609-5326-4b0a-b2d2-a1961c08437e/current/log_inprogress_186
2019-09-24 16:37:46,820 INFO  statemachine.SimpleStateMachine4Testing (SimpleStateMachine4Testing.java:put(198)) - s1: put 178, 4444444444... -> (t:2, i:178), STATEMACHINELOGENTRY, client-69912ADB290A, cid=91
2019-09-24 16:37:46,821 INFO  statemachine.SimpleStateMachine4Testing (SimpleStateMachine4Testing.java:put(198)) - s2: put 180, 5555555555... -> (t:2, i:180), STATEMACHINELOGENTRY, client-781B3BD2DEB4, cid=88
2019-09-24 16:37:46,822 INFO  segmented.SegmentedRaftLogWorker (SegmentedRaftLogWorker.java:rollLogSegment(385)) - s2@group-A1961C08437E-SegmentedRaftLogWorker: Rolling segment log-186_187 to index:187
2019-09-24 16:37:46,830 TRACE util.FileUtils (LogUtils.java:runAndLog(61)) - Successfully ran Files.move /workdir/ratis-test/target/test/data/b2c0a8be/MiniRaftClusterWithNetty1f9c6c63/s2/7b03d609-5326-4b0a-b2d2-a1961c08437e/current/log_inprogress_186 to /workdir/ratis-test/target/test/data/b2c0a8be/MiniRaftClusterWithNetty1f9c6c63/s2/7b03d609-5326-4b0a-b2d2-a1961c08437e/current/log_186-187
2019-09-24 16:37:46,830 INFO  segmented.SegmentedRaftLogWorker (SegmentedRaftLogWorker.java:execute(526)) - s2@group-A1961C08437E-SegmentedRaftLogWorker: Rolled log segment from /workdir/ratis-test/target/test/data/b2c0a8be/MiniRaftClusterWithNetty1f9c6c63/s2/7b03d609-5326-4b0a-b2d2-a1961c08437e/current/log_inprogress_186 to /workdir/ratis-test/target/test/data/b2c0a8be/MiniRaftClusterWithNetty1f9c6c63/s2/7b03d609-5326-4b0a-b2d2-a1961c08437e/current/log_186-187
2019-09-24 16:37:46,831 INFO  statemachine.SimpleStateMachine4Testing (SimpleStateMachine4Testing.java:put(198)) - s1: put 180, 5555555555... -> (t:2, i:180), STATEMACHINELOGENTRY, client-781B3BD2DEB4, cid=88
2019-09-24 16:37:46,832 INFO  segmented.SegmentedRaftLogWorker (SegmentedRaftLogWorker.java:rollLogSegment(385)) - s1@group-A1961C08437E-SegmentedRaftLogWorker: Rolling segment log-180_181 to index:181
2019-09-24 16:37:46,833 INFO  segmented.SegmentedRaftLogWorker (SegmentedRaftLogWorker.java:rollLogSegment(385)) - s0@group-A1961C08437E-SegmentedRaftLogWorker: Rolling segment log-168_169 to index:169
2019-09-24 16:37:46,833 TRACE util.FileUtils (LogUtils.java:runAndLog(61)) - Successfully ran Files.move /workdir/ratis-test/target/test/data/b2c0a8be/MiniRaftClusterWithNetty1f9c6c63/s1/7b03d609-5326-4b0a-b2d2-a1961c08437e/current/log_inprogress_180 to /workdir/ratis-test/target/test/data/b2c0a8be/MiniRaftClusterWithNetty1f9c6c63/s1/7b03d609-5326-4b0a-b2d2-a1961c08437e/current/log_180-181
2019-09-24 16:37:46,834 INFO  segmented.SegmentedRaftLogWorker (SegmentedRaftLogWorker.java:execute(526)) - s1@group-A1961C08437E-SegmentedRaftLogWorker: Rolled log segment from /workdir/ratis-test/target/test/data/b2c0a8be/MiniRaftClusterWithNetty1f9c6c63/s1/7b03d609-5326-4b0a-b2d2-a1961c08437e/current/log_inprogress_180 to /workdir/ratis-test/target/test/data/b2c0a8be/MiniRaftClusterWithNetty1f9c6c63/s1/7b03d609-5326-4b0a-b2d2-a1961c08437e/current/log_180-181
2019-09-24 16:37:46,834 TRACE util.FileUtils (LogUtils.java:runAndLog(61)) - Successfully ran Files.move /workdir/ratis-test/target/test/data/b2c0a8be/MiniRaftClusterWithNetty1f9c6c63/s0/7b03d609-5326-4b0a-b2d2-a1961c08437e/current/log_inprogress_168 to /workdir/ratis-test/target/test/data/b2c0a8be/MiniRaftClusterWithNetty1f9c6c63/s0/7b03d609-5326-4b0a-b2d2-a1961c08437e/current/log_168-169
2019-09-24 16:37:46,834 INFO  segmented.SegmentedRaftLogWorker (SegmentedRaftLogWorker.java:execute(526)) - s0@group-A1961C08437E-SegmentedRaftLogWorker: Rolled log segment from /workdir/ratis-test/target/test/data/b2c0a8be/MiniRaftClusterWithNetty1f9c6c63/s0/7b03d609-5326-4b0a-b2d2-a1961c08437e/current/log_inprogress_168 to /workdir/ratis-test/target/test/data/b2c0a8be/MiniRaftClusterWithNetty1f9c6c63/s0/7b03d609-5326-4b0a-b2d2-a1961c08437e/current/log_168-169
2019-09-24 16:37:46,851 INFO  segmented.SegmentedRaftLogWorker (SegmentedRaftLogWorker.java:execute(569)) - s0@group-A1961C08437E-SegmentedRaftLogWorker: created new log segment /workdir/ratis-test/target/test/data/b2c0a8be/MiniRaftClusterWithNetty1f9c6c63/s0/7b03d609-5326-4b0a-b2d2-a1961c08437e/current/log_inprogress_170
2019-09-24 16:37:46,851 INFO  segmented.SegmentedRaftLogWorker (SegmentedRaftLogWorker.java:execute(569)) - s2@group-A1961C08437E-SegmentedRaftLogWorker: created new log segment /workdir/ratis-test/target/test/data/b2c0a8be/MiniRaftClusterWithNetty1f9c6c63/s2/7b03d609-5326-4b0a-b2d2-a1961c08437e/current/log_inprogress_188
2019-09-24 16:37:46,851 INFO  segmented.SegmentedRaftLogWorker (SegmentedRaftLogWorker.java:execute(569)) - s1@group-A1961C08437E-SegmentedRaftLogWorker: created new log segment /workdir/ratis-test/target/test/data/b2c0a8be/MiniRaftClusterWithNetty1f9c6c63/s1/7b03d609-5326-4b0a-b2d2-a1961c08437e/current/log_inprogress_182
2019-09-24 16:37:46,881 INFO  statemachine.SimpleStateMachine4Testing (SimpleStateMachine4Testing.java:put(198)) - s2: put 182, 5555555555... -> (t:2, i:182), STATEMACHINELOGENTRY, client-DA36977FC49F, cid=93
2019-09-24 16:37:46,891 INFO  statemachine.SimpleStateMachine4Testing (SimpleStateMachine4Testing.java:put(198)) - s1: put 182, 5555555555... -> (t:2, i:182), STATEMACHINELOGENTRY, client-DA36977FC49F, cid=93
2019-09-24 16:37:46,892 INFO  segmented.SegmentedRaftLogWorker (SegmentedRaftLogWorker.java:rollLogSegment(385)) - s0@group-A1961C08437E-SegmentedRaftLogWorker: Rolling segment log-170_171 to index:171
2019-09-24 16:37:46,892 INFO  segmented.SegmentedRaftLogWorker (SegmentedRaftLogWorker.java:rollLogSegment(385)) - s1@group-A1961C08437E-SegmentedRaftLogWorker: Rolling segment log-182_183 to index:183
2019-09-24 16:37:46,893 TRACE util.FileUtils (LogUtils.java:runAndLog(61)) - Successfully ran Files.move /workdir/ratis-test/target/test/data/b2c0a8be/MiniRaftClusterWithNetty1f9c6c63/s0/7b03d609-5326-4b0a-b2d2-a1961c08437e/current/log_inprogress_170 to /workdir/ratis-test/target/test/data/b2c0a8be/MiniRaftClusterWithNetty1f9c6c63/s0/7b03d609-5326-4b0a-b2d2-a1961c08437e/current/log_170-171
2019-09-24 16:37:46,893 INFO  segmented.SegmentedRaftLogWorker (SegmentedRaftLogWorker.java:execute(526)) - s0@group-A1961C08437E-SegmentedRaftLogWorker: Rolled log segment from /workdir/ratis-test/target/test/data/b2c0a8be/MiniRaftClusterWithNetty1f9c6c63/s0/7b03d609-5326-4b0a-b2d2-a1961c08437e/current/log_inprogress_170 to /workdir/ratis-test/target/test/data/b2c0a8be/MiniRaftClusterWithNetty1f9c6c63/s0/7b03d609-5326-4b0a-b2d2-a1961c08437e/current/log_170-171
2019-09-24 16:37:46,893 TRACE util.FileUtils (LogUtils.java:runAndLog(61)) - Successfully ran Files.move /workdir/ratis-test/target/test/data/b2c0a8be/MiniRaftClusterWithNetty1f9c6c63/s1/7b03d609-5326-4b0a-b2d2-a1961c08437e/current/log_inprogress_182 to /workdir/ratis-test/target/test/data/b2c0a8be/MiniRaftClusterWithNetty1f9c6c63/s1/7b03d609-5326-4b0a-b2d2-a1961c08437e/current/log_182-183
2019-09-24 16:37:46,893 INFO  segmented.SegmentedRaftLogWorker (SegmentedRaftLogWorker.java:execute(526)) - s1@group-A1961C08437E-SegmentedRaftLogWorker: Rolled log segment from /workdir/ratis-test/target/test/data/b2c0a8be/MiniRaftClusterWithNetty1f9c6c63/s1/7b03d609-5326-4b0a-b2d2-a1961c08437e/current/log_inprogress_182 to /workdir/ratis-test/target/test/data/b2c0a8be/MiniRaftClusterWithNetty1f9c6c63/s1/7b03d609-5326-4b0a-b2d2-a1961c08437e/current/log_182-183
2019-09-24 16:37:46,909 INFO  segmented.SegmentedRaftLogWorker (SegmentedRaftLogWorker.java:execute(569)) - s0@group-A1961C08437E-SegmentedRaftLogWorker: created new log segment /workdir/ratis-test/target/test/data/b2c0a8be/MiniRaftClusterWithNetty1f9c6c63/s0/7b03d609-5326-4b0a-b2d2-a1961c08437e/current/log_inprogress_172
2019-09-24 16:37:46,909 INFO  segmented.SegmentedRaftLogWorker (SegmentedRaftLogWorker.java:execute(569)) - s1@group-A1961C08437E-SegmentedRaftLogWorker: created new log segment /workdir/ratis-test/target/test/data/b2c0a8be/MiniRaftClusterWithNetty1f9c6c63/s1/7b03d609-5326-4b0a-b2d2-a1961c08437e/current/log_inprogress_184
2019-09-24 16:37:46,936 INFO  statemachine.SimpleStateMachine4Testing (SimpleStateMachine4Testing.java:put(198)) - s2: put 184, 5555555555... -> (t:2, i:184), STATEMACHINELOGENTRY, client-6F4DA14A560B, cid=94
2019-09-24 16:37:46,938 INFO  segmented.SegmentedRaftLogWorker (SegmentedRaftLogWorker.java:rollLogSegment(385)) - s2@group-A1961C08437E-SegmentedRaftLogWorker: Rolling segment log-188_191 to index:191
2019-09-24 16:37:46,944 TRACE util.FileUtils (LogUtils.java:runAndLog(61)) - Successfully ran Files.move /workdir/ratis-test/target/test/data/b2c0a8be/MiniRaftClusterWithNetty1f9c6c63/s2/7b03d609-5326-4b0a-b2d2-a1961c08437e/current/log_inprogress_188 to /workdir/ratis-test/target/test/data/b2c0a8be/MiniRaftClusterWithNetty1f9c6c63/s2/7b03d609-5326-4b0a-b2d2-a1961c08437e/current/log_188-191
2019-09-24 16:37:46,944 INFO  segmented.SegmentedRaftLogWorker (SegmentedRaftLogWorker.java:execute(526)) - s2@group-A1961C08437E-SegmentedRaftLogWorker: Rolled log segment from /workdir/ratis-test/target/test/data/b2c0a8be/MiniRaftClusterWithNetty1f9c6c63/s2/7b03d609-5326-4b0a-b2d2-a1961c08437e/current/log_inprogress_188 to /workdir/ratis-test/target/test/data/b2c0a8be/MiniRaftClusterWithNetty1f9c6c63/s2/7b03d609-5326-4b0a-b2d2-a1961c08437e/current/log_188-191
2019-09-24 16:37:46,945 INFO  segmented.SegmentedRaftLogWorker (SegmentedRaftLogWorker.java:rollLogSegment(385)) - s1@group-A1961C08437E-SegmentedRaftLogWorker: Rolling segment log-184_185 to index:185
2019-09-24 16:37:46,946 TRACE util.FileUtils (LogUtils.java:runAndLog(61)) - Successfully ran Files.move /workdir/ratis-test/target/test/data/b2c0a8be/MiniRaftClusterWithNetty1f9c6c63/s1/7b03d609-5326-4b0a-b2d2-a1961c08437e/current/log_inprogress_184 to /workdir/ratis-test/target/test/data/b2c0a8be/MiniRaftClusterWithNetty1f9c6c63/s1/7b03d609-5326-4b0a-b2d2-a1961c08437e/current/log_184-185
2019-09-24 16:37:46,946 INFO  segmented.SegmentedRaftLogWorker (SegmentedRaftLogWorker.java:rollLogSegment(385)) - s0@group-A1961C08437E-SegmentedRaftLogWorker: Rolling segment log-172_173 to index:173
2019-09-24 16:37:46,946 INFO  segmented.SegmentedRaftLogWorker (SegmentedRaftLogWorker.java:execute(526)) - s1@group-A1961C08437E-SegmentedRaftLogWorker: Rolled log segment from /workdir/ratis-test/target/test/data/b2c0a8be/MiniRaftClusterWithNetty1f9c6c63/s1/7b03d609-5326-4b0a-b2d2-a1961c08437e/current/log_inprogress_184 to /workdir/ratis-test/target/test/data/b2c0a8be/MiniRaftClusterWithNetty1f9c6c63/s1/7b03d609-5326-4b0a-b2d2-a1961c08437e/current/log_184-185
2019-09-24 16:37:46,947 TRACE util.FileUtils (LogUtils.java:runAndLog(61)) - Successfully ran Files.move /workdir/ratis-test/target/test/data/b2c0a8be/MiniRaftClusterWithNetty1f9c6c63/s0/7b03d609-5326-4b0a-b2d2-a1961c08437e/current/log_inprogress_172 to /workdir/ratis-test/target/test/data/b2c0a8be/MiniRaftClusterWithNetty1f9c6c63/s0/7b03d609-5326-4b0a-b2d2-a1961c08437e/current/log_172-173
2019-09-24 16:37:46,947 INFO  segmented.SegmentedRaftLogWorker (SegmentedRaftLogWorker.java:execute(526)) - s0@group-A1961C08437E-SegmentedRaftLogWorker: Rolled log segment from /workdir/ratis-test/target/test/data/b2c0a8be/MiniRaftClusterWithNetty1f9c6c63/s0/7b03d609-5326-4b0a-b2d2-a1961c08437e/current/log_inprogress_172 to /workdir/ratis-test/target/test/data/b2c0a8be/MiniRaftClusterWithNetty1f9c6c63/s0/7b03d609-5326-4b0a-b2d2-a1961c08437e/current/log_172-173
2019-09-24 16:37:46,968 INFO  segmented.SegmentedRaftLogWorker (SegmentedRaftLogWorker.java:execute(569)) - s1@group-A1961C08437E-SegmentedRaftLogWorker: created new log segment /workdir/ratis-test/target/test/data/b2c0a8be/MiniRaftClusterWithNetty1f9c6c63/s1/7b03d609-5326-4b0a-b2d2-a1961c08437e/current/log_inprogress_186
2019-09-24 16:37:46,968 INFO  segmented.SegmentedRaftLogWorker (SegmentedRaftLogWorker.java:execute(569)) - s2@group-A1961C08437E-SegmentedRaftLogWorker: created new log segment /workdir/ratis-test/target/test/data/b2c0a8be/MiniRaftClusterWithNetty1f9c6c63/s2/7b03d609-5326-4b0a-b2d2-a1961c08437e/current/log_inprogress_192
2019-09-24 16:37:46,968 INFO  segmented.SegmentedRaftLogWorker (SegmentedRaftLogWorker.java:execute(569)) - s0@group-A1961C08437E-SegmentedRaftLogWorker: created new log segment /workdir/ratis-test/target/test/data/b2c0a8be/MiniRaftClusterWithNetty1f9c6c63/s0/7b03d609-5326-4b0a-b2d2-a1961c08437e/current/log_inprogress_174
2019-09-24 16:37:47,032 INFO  statemachine.SimpleStateMachine4Testing (SimpleStateMachine4Testing.java:put(198)) - s1: put 184, 5555555555... -> (t:2, i:184), STATEMACHINELOGENTRY, client-6F4DA14A560B, cid=94
2019-09-24 16:37:47,033 INFO  statemachine.SimpleStateMachine4Testing (SimpleStateMachine4Testing.java:put(198)) - s2: put 186, 5555555555... -> (t:2, i:186), STATEMACHINELOGENTRY, client-69912ADB290A, cid=95
2019-09-24 16:37:47,042 INFO  statemachine.SimpleStateMachine4Testing (SimpleStateMachine4Testing.java:put(198)) - s1: put 186, 5555555555... -> (t:2, i:186), STATEMACHINELOGENTRY, client-69912ADB290A, cid=95
2019-09-24 16:37:47,042 INFO  segmented.SegmentedRaftLogWorker (SegmentedRaftLogWorker.java:rollLogSegment(385)) - s0@group-A1961C08437E-SegmentedRaftLogWorker: Rolling segment log-174_175 to index:175
2019-09-24 16:37:47,043 INFO  segmented.SegmentedRaftLogWorker (SegmentedRaftLogWorker.java:rollLogSegment(385)) - s1@group-A1961C08437E-SegmentedRaftLogWorker: Rolling segment log-186_187 to index:187
2019-09-24 16:37:47,043 TRACE util.FileUtils (LogUtils.java:runAndLog(61)) - Successfully ran Files.move /workdir/ratis-test/target/test/data/b2c0a8be/MiniRaftClusterWithNetty1f9c6c63/s0/7b03d609-5326-4b0a-b2d2-a1961c08437e/current/log_inprogress_174 to /workdir/ratis-test/target/test/data/b2c0a8be/MiniRaftClusterWithNetty1f9c6c63/s0/7b03d609-5326-4b0a-b2d2-a1961c08437e/current/log_174-175
2019-09-24 16:37:47,043 INFO  segmented.SegmentedRaftLogWorker (SegmentedRaftLogWorker.java:execute(526)) - s0@group-A1961C08437E-SegmentedRaftLogWorker: Rolled log segment from /workdir/ratis-test/target/test/data/b2c0a8be/MiniRaftClusterWithNetty1f9c6c63/s0/7b03d609-5326-4b0a-b2d2-a1961c08437e/current/log_inprogress_174 to /workdir/ratis-test/target/test/data/b2c0a8be/MiniRaftClusterWithNetty1f9c6c63/s0/7b03d609-5326-4b0a-b2d2-a1961c08437e/current/log_174-175
2019-09-24 16:37:47,043 TRACE util.FileUtils (LogUtils.java:runAndLog(61)) - Successfully ran Files.move /workdir/ratis-test/target/test/data/b2c0a8be/MiniRaftClusterWithNetty1f9c6c63/s1/7b03d609-5326-4b0a-b2d2-a1961c08437e/current/log_inprogress_186 to /workdir/ratis-test/target/test/data/b2c0a8be/MiniRaftClusterWithNetty1f9c6c63/s1/7b03d609-5326-4b0a-b2d2-a1961c08437e/current/log_186-187
2019-09-24 16:37:47,044 INFO  segmented.SegmentedRaftLogWorker (SegmentedRaftLogWorker.java:execute(526)) - s1@group-A1961C08437E-SegmentedRaftLogWorker: Rolled log segment from /workdir/ratis-test/target/test/data/b2c0a8be/MiniRaftClusterWithNetty1f9c6c63/s1/7b03d609-5326-4b0a-b2d2-a1961c08437e/current/log_inprogress_186 to /workdir/ratis-test/target/test/data/b2c0a8be/MiniRaftClusterWithNetty1f9c6c63/s1/7b03d609-5326-4b0a-b2d2-a1961c08437e/current/log_186-187
2019-09-24 16:37:47,069 INFO  segmented.SegmentedRaftLogWorker (SegmentedRaftLogWorker.java:execute(569)) - s1@group-A1961C08437E-SegmentedRaftLogWorker: created new log segment /workdir/ratis-test/target/test/data/b2c0a8be/MiniRaftClusterWithNetty1f9c6c63/s1/7b03d609-5326-4b0a-b2d2-a1961c08437e/current/log_inprogress_188
2019-09-24 16:37:47,069 INFO  segmented.SegmentedRaftLogWorker (SegmentedRaftLogWorker.java:execute(569)) - s0@group-A1961C08437E-SegmentedRaftLogWorker: created new log segment /workdir/ratis-test/target/test/data/b2c0a8be/MiniRaftClusterWithNetty1f9c6c63/s0/7b03d609-5326-4b0a-b2d2-a1961c08437e/current/log_inprogress_176
2019-09-24 16:37:47,087 INFO  statemachine.SimpleStateMachine4Testing (SimpleStateMachine4Testing.java:put(198)) - s2: put 188, 5555555555... -> (t:2, i:188), STATEMACHINELOGENTRY, client-D98953169D47, cid=92
2019-09-24 16:37:47,092 INFO  statemachine.SimpleStateMachine4Testing (SimpleStateMachine4Testing.java:put(198)) - s1: put 188, 5555555555... -> (t:2, i:188), STATEMACHINELOGENTRY, client-D98953169D47, cid=92
2019-09-24 16:37:47,093 INFO  segmented.SegmentedRaftLogWorker (SegmentedRaftLogWorker.java:rollLogSegment(385)) - s0@group-A1961C08437E-SegmentedRaftLogWorker: Rolling segment log-176_177 to index:177
2019-09-24 16:37:47,094 TRACE util.FileUtils (LogUtils.java:runAndLog(61)) - Successfully ran Files.move /workdir/ratis-test/target/test/data/b2c0a8be/MiniRaftClusterWithNetty1f9c6c63/s0/7b03d609-5326-4b0a-b2d2-a1961c08437e/current/log_inprogress_176 to /workdir/ratis-test/target/test/data/b2c0a8be/MiniRaftClusterWithNetty1f9c6c63/s0/7b03d609-5326-4b0a-b2d2-a1961c08437e/current/log_176-177
2019-09-24 16:37:47,094 INFO  segmented.SegmentedRaftLogWorker (SegmentedRaftLogWorker.java:execute(526)) - s0@group-A1961C08437E-SegmentedRaftLogWorker: Rolled log segment from /workdir/ratis-test/target/test/data/b2c0a8be/MiniRaftClusterWithNetty1f9c6c63/s0/7b03d609-5326-4b0a-b2d2-a1961c08437e/current/log_inprogress_176 to /workdir/ratis-test/target/test/data/b2c0a8be/MiniRaftClusterWithNetty1f9c6c63/s0/7b03d609-5326-4b0a-b2d2-a1961c08437e/current/log_176-177
2019-09-24 16:37:47,097 INFO  statemachine.SimpleStateMachine4Testing (SimpleStateMachine4Testing.java:put(198)) - s2: put 190, 0000000000... -> (t:2, i:190), STATEMACHINELOGENTRY, client-DA36977FC49F, cid=97
2019-09-24 16:37:47,106 INFO  segmented.SegmentedRaftLogWorker (SegmentedRaftLogWorker.java:rollLogSegment(385)) - s1@group-A1961C08437E-SegmentedRaftLogWorker: Rolling segment log-188_191 to index:191
2019-09-24 16:37:47,107 TRACE util.FileUtils (LogUtils.java:runAndLog(61)) - Successfully ran Files.move /workdir/ratis-test/target/test/data/b2c0a8be/MiniRaftClusterWithNetty1f9c6c63/s1/7b03d609-5326-4b0a-b2d2-a1961c08437e/current/log_inprogress_188 to /workdir/ratis-test/target/test/data/b2c0a8be/MiniRaftClusterWithNetty1f9c6c63/s1/7b03d609-5326-4b0a-b2d2-a1961c08437e/current/log_188-191
2019-09-24 16:37:47,107 INFO  segmented.SegmentedRaftLogWorker (SegmentedRaftLogWorker.java:execute(526)) - s1@group-A1961C08437E-SegmentedRaftLogWorker: Rolled log segment from /workdir/ratis-test/target/test/data/b2c0a8be/MiniRaftClusterWithNetty1f9c6c63/s1/7b03d609-5326-4b0a-b2d2-a1961c08437e/current/log_inprogress_188 to /workdir/ratis-test/target/test/data/b2c0a8be/MiniRaftClusterWithNetty1f9c6c63/s1/7b03d609-5326-4b0a-b2d2-a1961c08437e/current/log_188-191
2019-09-24 16:37:47,111 INFO  segmented.SegmentedRaftLogWorker (SegmentedRaftLogWorker.java:execute(569)) - s0@group-A1961C08437E-SegmentedRaftLogWorker: created new log segment /workdir/ratis-test/target/test/data/b2c0a8be/MiniRaftClusterWithNetty1f9c6c63/s0/7b03d609-5326-4b0a-b2d2-a1961c08437e/current/log_inprogress_178
2019-09-24 16:37:47,128 INFO  segmented.SegmentedRaftLogWorker (SegmentedRaftLogWorker.java:execute(569)) - s1@group-A1961C08437E-SegmentedRaftLogWorker: created new log segment /workdir/ratis-test/target/test/data/b2c0a8be/MiniRaftClusterWithNetty1f9c6c63/s1/7b03d609-5326-4b0a-b2d2-a1961c08437e/current/log_inprogress_192
2019-09-24 16:37:47,133 INFO  statemachine.SimpleStateMachine4Testing (SimpleStateMachine4Testing.java:put(198)) - s1: put 190, 0000000000... -> (t:2, i:190), STATEMACHINELOGENTRY, client-DA36977FC49F, cid=97
2019-09-24 16:37:47,133 INFO  segmented.SegmentedRaftLogWorker (SegmentedRaftLogWorker.java:rollLogSegment(385)) - s0@group-A1961C08437E-SegmentedRaftLogWorker: Rolling segment log-178_179 to index:179
2019-09-24 16:37:47,133 INFO  statemachine.SimpleStateMachine4Testing (SimpleStateMachine4Testing.java:put(198)) - s2: put 192, 0000000000... -> (t:2, i:192), STATEMACHINELOGENTRY, client-6F4DA14A560B, cid=98
2019-09-24 16:37:47,134 TRACE util.FileUtils (LogUtils.java:runAndLog(61)) - Successfully ran Files.move /workdir/ratis-test/target/test/data/b2c0a8be/MiniRaftClusterWithNetty1f9c6c63/s0/7b03d609-5326-4b0a-b2d2-a1961c08437e/current/log_inprogress_178 to /workdir/ratis-test/target/test/data/b2c0a8be/MiniRaftClusterWithNetty1f9c6c63/s0/7b03d609-5326-4b0a-b2d2-a1961c08437e/current/log_178-179
2019-09-24 16:37:47,134 INFO  segmented.SegmentedRaftLogWorker (SegmentedRaftLogWorker.java:execute(526)) - s0@group-A1961C08437E-SegmentedRaftLogWorker: Rolled log segment from /workdir/ratis-test/target/test/data/b2c0a8be/MiniRaftClusterWithNetty1f9c6c63/s0/7b03d609-5326-4b0a-b2d2-a1961c08437e/current/log_inprogress_178 to /workdir/ratis-test/target/test/data/b2c0a8be/MiniRaftClusterWithNetty1f9c6c63/s0/7b03d609-5326-4b0a-b2d2-a1961c08437e/current/log_178-179
2019-09-24 16:37:47,144 INFO  statemachine.SimpleStateMachine4Testing (SimpleStateMachine4Testing.java:put(198)) - s1: put 192, 0000000000... -> (t:2, i:192), STATEMACHINELOGENTRY, client-6F4DA14A560B, cid=98
2019-09-24 16:37:47,149 INFO  statemachine.SimpleStateMachine4Testing (SimpleStateMachine4Testing.java:put(198)) - s2: put 194, 0000000000... -> (t:2, i:194), STATEMACHINELOGENTRY, client-69912ADB290A, cid=99
2019-09-24 16:37:47,151 INFO  segmented.SegmentedRaftLogWorker (SegmentedRaftLogWorker.java:rollLogSegment(385)) - s2@group-A1961C08437E-SegmentedRaftLogWorker: Rolling segment log-192_201 to index:201
2019-09-24 16:37:47,153 INFO  segmented.SegmentedRaftLogWorker (SegmentedRaftLogWorker.java:execute(569)) - s0@group-A1961C08437E-SegmentedRaftLogWorker: created new log segment /workdir/ratis-test/target/test/data/b2c0a8be/MiniRaftClusterWithNetty1f9c6c63/s0/7b03d609-5326-4b0a-b2d2-a1961c08437e/current/log_inprogress_180
2019-09-24 16:37:47,160 TRACE util.FileUtils (LogUtils.java:runAndLog(61)) - Successfully ran Files.move /workdir/ratis-test/target/test/data/b2c0a8be/MiniRaftClusterWithNetty1f9c6c63/s2/7b03d609-5326-4b0a-b2d2-a1961c08437e/current/log_inprogress_192 to /workdir/ratis-test/target/test/data/b2c0a8be/MiniRaftClusterWithNetty1f9c6c63/s2/7b03d609-5326-4b0a-b2d2-a1961c08437e/current/log_192-201
2019-09-24 16:37:47,160 INFO  segmented.SegmentedRaftLogWorker (SegmentedRaftLogWorker.java:execute(526)) - s2@group-A1961C08437E-SegmentedRaftLogWorker: Rolled log segment from /workdir/ratis-test/target/test/data/b2c0a8be/MiniRaftClusterWithNetty1f9c6c63/s2/7b03d609-5326-4b0a-b2d2-a1961c08437e/current/log_inprogress_192 to /workdir/ratis-test/target/test/data/b2c0a8be/MiniRaftClusterWithNetty1f9c6c63/s2/7b03d609-5326-4b0a-b2d2-a1961c08437e/current/log_192-201
2019-09-24 16:37:47,161 INFO  statemachine.SimpleStateMachine4Testing (SimpleStateMachine4Testing.java:put(198)) - s1: put 194, 0000000000... -> (t:2, i:194), STATEMACHINELOGENTRY, client-69912ADB290A, cid=99
2019-09-24 16:37:47,171 INFO  statemachine.SimpleStateMachine4Testing (SimpleStateMachine4Testing.java:put(198)) - s2: put 196, 0000000000... -> (t:2, i:196), STATEMACHINELOGENTRY, client-781B3BD2DEB4, cid=96
2019-09-24 16:37:47,171 INFO  segmented.SegmentedRaftLogWorker (SegmentedRaftLogWorker.java:rollLogSegment(385)) - s0@group-A1961C08437E-SegmentedRaftLogWorker: Rolling segment log-180_181 to index:181
2019-09-24 16:37:47,178 TRACE util.FileUtils (LogUtils.java:runAndLog(61)) - Successfully ran Files.move /workdir/ratis-test/target/test/data/b2c0a8be/MiniRaftClusterWithNetty1f9c6c63/s0/7b03d609-5326-4b0a-b2d2-a1961c08437e/current/log_inprogress_180 to /workdir/ratis-test/target/test/data/b2c0a8be/MiniRaftClusterWithNetty1f9c6c63/s0/7b03d609-5326-4b0a-b2d2-a1961c08437e/current/log_180-181
2019-09-24 16:37:47,179 INFO  segmented.SegmentedRaftLogWorker (SegmentedRaftLogWorker.java:execute(526)) - s0@group-A1961C08437E-SegmentedRaftLogWorker: Rolled log segment from /workdir/ratis-test/target/test/data/b2c0a8be/MiniRaftClusterWithNetty1f9c6c63/s0/7b03d609-5326-4b0a-b2d2-a1961c08437e/current/log_inprogress_180 to /workdir/ratis-test/target/test/data/b2c0a8be/MiniRaftClusterWithNetty1f9c6c63/s0/7b03d609-5326-4b0a-b2d2-a1961c08437e/current/log_180-181
2019-09-24 16:37:47,187 INFO  segmented.SegmentedRaftLogWorker (SegmentedRaftLogWorker.java:execute(569)) - s2@group-A1961C08437E-SegmentedRaftLogWorker: created new log segment /workdir/ratis-test/target/test/data/b2c0a8be/MiniRaftClusterWithNetty1f9c6c63/s2/7b03d609-5326-4b0a-b2d2-a1961c08437e/current/log_inprogress_202
2019-09-24 16:37:47,220 INFO  segmented.SegmentedRaftLogWorker (SegmentedRaftLogWorker.java:execute(569)) - s0@group-A1961C08437E-SegmentedRaftLogWorker: created new log segment /workdir/ratis-test/target/test/data/b2c0a8be/MiniRaftClusterWithNetty1f9c6c63/s0/7b03d609-5326-4b0a-b2d2-a1961c08437e/current/log_inprogress_182
2019-09-24 16:37:47,224 INFO  statemachine.SimpleStateMachine4Testing (SimpleStateMachine4Testing.java:put(198)) - s1: put 196, 0000000000... -> (t:2, i:196), STATEMACHINELOGENTRY, client-781B3BD2DEB4, cid=96
2019-09-24 16:37:47,225 INFO  statemachine.SimpleStateMachine4Testing (SimpleStateMachine4Testing.java:put(198)) - s2: put 198, 1111111111... -> (t:2, i:198), STATEMACHINELOGENTRY, client-DA36977FC49F, cid=101
2019-09-24 16:37:47,233 INFO  segmented.SegmentedRaftLogWorker (SegmentedRaftLogWorker.java:rollLogSegment(385)) - s0@group-A1961C08437E-SegmentedRaftLogWorker: Rolling segment log-182_183 to index:183
2019-09-24 16:37:47,233 TRACE util.FileUtils (LogUtils.java:runAndLog(61)) - Successfully ran Files.move /workdir/ratis-test/target/test/data/b2c0a8be/MiniRaftClusterWithNetty1f9c6c63/s0/7b03d609-5326-4b0a-b2d2-a1961c08437e/current/log_inprogress_182 to /workdir/ratis-test/target/test/data/b2c0a8be/MiniRaftClusterWithNetty1f9c6c63/s0/7b03d609-5326-4b0a-b2d2-a1961c08437e/current/log_182-183
2019-09-24 16:37:47,234 INFO  segmented.SegmentedRaftLogWorker (SegmentedRaftLogWorker.java:execute(526)) - s0@group-A1961C08437E-SegmentedRaftLogWorker: Rolled log segment from /workdir/ratis-test/target/test/data/b2c0a8be/MiniRaftClusterWithNetty1f9c6c63/s0/7b03d609-5326-4b0a-b2d2-a1961c08437e/current/log_inprogress_182 to /workdir/ratis-test/target/test/data/b2c0a8be/MiniRaftClusterWithNetty1f9c6c63/s0/7b03d609-5326-4b0a-b2d2-a1961c08437e/current/log_182-183
2019-09-24 16:37:47,243 INFO  statemachine.SimpleStateMachine4Testing (SimpleStateMachine4Testing.java:put(198)) - s1: put 198, 1111111111... -> (t:2, i:198), STATEMACHINELOGENTRY, client-DA36977FC49F, cid=101
2019-09-24 16:37:47,244 INFO  statemachine.SimpleStateMachine4Testing (SimpleStateMachine4Testing.java:put(198)) - s2: put 200, 1111111111... -> (t:2, i:200), STATEMACHINELOGENTRY, client-6F4DA14A560B, cid=102
2019-09-24 16:37:47,246 INFO  segmented.SegmentedRaftLogWorker (SegmentedRaftLogWorker.java:rollLogSegment(385)) - s2@group-A1961C08437E-SegmentedRaftLogWorker: Rolling segment log-202_207 to index:207
2019-09-24 16:37:47,248 TRACE util.FileUtils (LogUtils.java:runAndLog(61)) - Successfully ran Files.move /workdir/ratis-test/target/test/data/b2c0a8be/MiniRaftClusterWithNetty1f9c6c63/s2/7b03d609-5326-4b0a-b2d2-a1961c08437e/current/log_inprogress_202 to /workdir/ratis-test/target/test/data/b2c0a8be/MiniRaftClusterWithNetty1f9c6c63/s2/7b03d609-5326-4b0a-b2d2-a1961c08437e/current/log_202-207
2019-09-24 16:37:47,248 INFO  statemachine.SimpleStateMachine4Testing (SimpleStateMachine4Testing.java:put(198)) - s1: put 200, 1111111111... -> (t:2, i:200), STATEMACHINELOGENTRY, client-6F4DA14A560B, cid=102
2019-09-24 16:37:47,248 INFO  segmented.SegmentedRaftLogWorker (SegmentedRaftLogWorker.java:execute(526)) - s2@group-A1961C08437E-SegmentedRaftLogWorker: Rolled log segment from /workdir/ratis-test/target/test/data/b2c0a8be/MiniRaftClusterWithNetty1f9c6c63/s2/7b03d609-5326-4b0a-b2d2-a1961c08437e/current/log_inprogress_202 to /workdir/ratis-test/target/test/data/b2c0a8be/MiniRaftClusterWithNetty1f9c6c63/s2/7b03d609-5326-4b0a-b2d2-a1961c08437e/current/log_202-207
2019-09-24 16:37:47,249 INFO  segmented.SegmentedRaftLogWorker (SegmentedRaftLogWorker.java:rollLogSegment(385)) - s1@group-A1961C08437E-SegmentedRaftLogWorker: Rolling segment log-192_201 to index:201
2019-09-24 16:37:47,250 TRACE util.FileUtils (LogUtils.java:runAndLog(61)) - Successfully ran Files.move /workdir/ratis-test/target/test/data/b2c0a8be/MiniRaftClusterWithNetty1f9c6c63/s1/7b03d609-5326-4b0a-b2d2-a1961c08437e/current/log_inprogress_192 to /workdir/ratis-test/target/test/data/b2c0a8be/MiniRaftClusterWithNetty1f9c6c63/s1/7b03d609-5326-4b0a-b2d2-a1961c08437e/current/log_192-201
2019-09-24 16:37:47,250 INFO  segmented.SegmentedRaftLogWorker (SegmentedRaftLogWorker.java:execute(526)) - s1@group-A1961C08437E-SegmentedRaftLogWorker: Rolled log segment from /workdir/ratis-test/target/test/data/b2c0a8be/MiniRaftClusterWithNetty1f9c6c63/s1/7b03d609-5326-4b0a-b2d2-a1961c08437e/current/log_inprogress_192 to /workdir/ratis-test/target/test/data/b2c0a8be/MiniRaftClusterWithNetty1f9c6c63/s1/7b03d609-5326-4b0a-b2d2-a1961c08437e/current/log_192-201
2019-09-24 16:37:47,254 INFO  segmented.SegmentedRaftLogWorker (SegmentedRaftLogWorker.java:execute(569)) - s0@group-A1961C08437E-SegmentedRaftLogWorker: created new log segment /workdir/ratis-test/target/test/data/b2c0a8be/MiniRaftClusterWithNetty1f9c6c63/s0/7b03d609-5326-4b0a-b2d2-a1961c08437e/current/log_inprogress_184
2019-09-24 16:37:47,271 INFO  segmented.SegmentedRaftLogWorker (SegmentedRaftLogWorker.java:execute(569)) - s2@group-A1961C08437E-SegmentedRaftLogWorker: created new log segment /workdir/ratis-test/target/test/data/b2c0a8be/MiniRaftClusterWithNetty1f9c6c63/s2/7b03d609-5326-4b0a-b2d2-a1961c08437e/current/log_inprogress_208
2019-09-24 16:37:47,271 INFO  segmented.SegmentedRaftLogWorker (SegmentedRaftLogWorker.java:execute(569)) - s1@group-A1961C08437E-SegmentedRaftLogWorker: created new log segment /workdir/ratis-test/target/test/data/b2c0a8be/MiniRaftClusterWithNetty1f9c6c63/s1/7b03d609-5326-4b0a-b2d2-a1961c08437e/current/log_inprogress_202
2019-09-24 16:37:47,278 INFO  statemachine.SimpleStateMachine4Testing (SimpleStateMachine4Testing.java:put(198)) - s2: put 202, 1111111111... -> (t:2, i:202), STATEMACHINELOGENTRY, client-69912ADB290A, cid=103
2019-09-24 16:37:47,279 INFO  segmented.SegmentedRaftLogWorker (SegmentedRaftLogWorker.java:rollLogSegment(385)) - s0@group-A1961C08437E-SegmentedRaftLogWorker: Rolling segment log-184_185 to index:185
2019-09-24 16:37:47,279 TRACE util.FileUtils (LogUtils.java:runAndLog(61)) - Successfully ran Files.move /workdir/ratis-test/target/test/data/b2c0a8be/MiniRaftClusterWithNetty1f9c6c63/s0/7b03d609-5326-4b0a-b2d2-a1961c08437e/current/log_inprogress_184 to /workdir/ratis-test/target/test/data/b2c0a8be/MiniRaftClusterWithNetty1f9c6c63/s0/7b03d609-5326-4b0a-b2d2-a1961c08437e/current/log_184-185
2019-09-24 16:37:47,280 INFO  segmented.SegmentedRaftLogWorker (SegmentedRaftLogWorker.java:execute(526)) - s0@group-A1961C08437E-SegmentedRaftLogWorker: Rolled log segment from /workdir/ratis-test/target/test/data/b2c0a8be/MiniRaftClusterWithNetty1f9c6c63/s0/7b03d609-5326-4b0a-b2d2-a1961c08437e/current/log_inprogress_184 to /workdir/ratis-test/target/test/data/b2c0a8be/MiniRaftClusterWithNetty1f9c6c63/s0/7b03d609-5326-4b0a-b2d2-a1961c08437e/current/log_184-185
2019-09-24 16:37:47,297 INFO  segmented.SegmentedRaftLogWorker (SegmentedRaftLogWorker.java:execute(569)) - s0@group-A1961C08437E-SegmentedRaftLogWorker: created new log segment /workdir/ratis-test/target/test/data/b2c0a8be/MiniRaftClusterWithNetty1f9c6c63/s0/7b03d609-5326-4b0a-b2d2-a1961c08437e/current/log_inprogress_186
2019-09-24 16:37:47,323 INFO  statemachine.SimpleStateMachine4Testing (SimpleStateMachine4Testing.java:put(198)) - s1: put 202, 1111111111... -> (t:2, i:202), STATEMACHINELOGENTRY, client-69912ADB290A, cid=103
2019-09-24 16:37:47,325 INFO  statemachine.SimpleStateMachine4Testing (SimpleStateMachine4Testing.java:put(198)) - s2: put 204, 0000000000... -> (t:2, i:204), STATEMACHINELOGENTRY, client-D98953169D47, cid=100
2019-09-24 16:37:47,326 INFO  segmented.SegmentedRaftLogWorker (SegmentedRaftLogWorker.java:rollLogSegment(385)) - s2@group-A1961C08437E-SegmentedRaftLogWorker: Rolling segment log-208_211 to index:211
2019-09-24 16:37:47,357 TRACE util.FileUtils (LogUtils.java:runAndLog(61)) - Successfully ran Files.move /workdir/ratis-test/target/test/data/b2c0a8be/MiniRaftClusterWithNetty1f9c6c63/s2/7b03d609-5326-4b0a-b2d2-a1961c08437e/current/log_inprogress_208 to /workdir/ratis-test/target/test/data/b2c0a8be/MiniRaftClusterWithNetty1f9c6c63/s2/7b03d609-5326-4b0a-b2d2-a1961c08437e/current/log_208-211
2019-09-24 16:37:47,357 INFO  segmented.SegmentedRaftLogWorker (SegmentedRaftLogWorker.java:execute(526)) - s2@group-A1961C08437E-SegmentedRaftLogWorker: Rolled log segment from /workdir/ratis-test/target/test/data/b2c0a8be/MiniRaftClusterWithNetty1f9c6c63/s2/7b03d609-5326-4b0a-b2d2-a1961c08437e/current/log_inprogress_208 to /workdir/ratis-test/target/test/data/b2c0a8be/MiniRaftClusterWithNetty1f9c6c63/s2/7b03d609-5326-4b0a-b2d2-a1961c08437e/current/log_208-211
2019-09-24 16:37:47,358 INFO  statemachine.SimpleStateMachine4Testing (SimpleStateMachine4Testing.java:put(198)) - s1: put 204, 0000000000... -> (t:2, i:204), STATEMACHINELOGENTRY, client-D98953169D47, cid=100
2019-09-24 16:37:47,359 INFO  segmented.SegmentedRaftLogWorker (SegmentedRaftLogWorker.java:rollLogSegment(385)) - s0@group-A1961C08437E-SegmentedRaftLogWorker: Rolling segment log-186_187 to index:187
2019-09-24 16:37:47,360 TRACE util.FileUtils (LogUtils.java:runAndLog(61)) - Successfully ran Files.move /workdir/ratis-test/target/test/data/b2c0a8be/MiniRaftClusterWithNetty1f9c6c63/s0/7b03d609-5326-4b0a-b2d2-a1961c08437e/current/log_inprogress_186 to /workdir/ratis-test/target/test/data/b2c0a8be/MiniRaftClusterWithNetty1f9c6c63/s0/7b03d609-5326-4b0a-b2d2-a1961c08437e/current/log_186-187
2019-09-24 16:37:47,360 INFO  segmented.SegmentedRaftLogWorker (SegmentedRaftLogWorker.java:execute(526)) - s0@group-A1961C08437E-SegmentedRaftLogWorker: Rolled log segment from /workdir/ratis-test/target/test/data/b2c0a8be/MiniRaftClusterWithNetty1f9c6c63/s0/7b03d609-5326-4b0a-b2d2-a1961c08437e/current/log_inprogress_186 to /workdir/ratis-test/target/test/data/b2c0a8be/MiniRaftClusterWithNetty1f9c6c63/s0/7b03d609-5326-4b0a-b2d2-a1961c08437e/current/log_186-187
2019-09-24 16:37:47,366 INFO  statemachine.SimpleStateMachine4Testing (SimpleStateMachine4Testing.java:put(198)) - s2: put 206, 2222222222... -> (t:2, i:206), STATEMACHINELOGENTRY, client-DA36977FC49F, cid=105
2019-09-24 16:37:47,378 INFO  segmented.SegmentedRaftLogWorker (SegmentedRaftLogWorker.java:rollLogSegment(385)) - s1@group-A1961C08437E-SegmentedRaftLogWorker: Rolling segment log-202_207 to index:207
2019-09-24 16:37:47,379 TRACE util.FileUtils (LogUtils.java:runAndLog(61)) - Successfully ran Files.move /workdir/ratis-test/target/test/data/b2c0a8be/MiniRaftClusterWithNetty1f9c6c63/s1/7b03d609-5326-4b0a-b2d2-a1961c08437e/current/log_inprogress_202 to /workdir/ratis-test/target/test/data/b2c0a8be/MiniRaftClusterWithNetty1f9c6c63/s1/7b03d609-5326-4b0a-b2d2-a1961c08437e/current/log_202-207
2019-09-24 16:37:47,380 INFO  segmented.SegmentedRaftLogWorker (SegmentedRaftLogWorker.java:execute(526)) - s1@group-A1961C08437E-SegmentedRaftLogWorker: Rolled log segment from /workdir/ratis-test/target/test/data/b2c0a8be/MiniRaftClusterWithNetty1f9c6c63/s1/7b03d609-5326-4b0a-b2d2-a1961c08437e/current/log_inprogress_202 to /workdir/ratis-test/target/test/data/b2c0a8be/MiniRaftClusterWithNetty1f9c6c63/s1/7b03d609-5326-4b0a-b2d2-a1961c08437e/current/log_202-207
2019-09-24 16:37:47,381 INFO  segmented.SegmentedRaftLogWorker (SegmentedRaftLogWorker.java:execute(569)) - s0@group-A1961C08437E-SegmentedRaftLogWorker: created new log segment /workdir/ratis-test/target/test/data/b2c0a8be/MiniRaftClusterWithNetty1f9c6c63/s0/7b03d609-5326-4b0a-b2d2-a1961c08437e/current/log_inprogress_188
2019-09-24 16:37:47,381 INFO  segmented.SegmentedRaftLogWorker (SegmentedRaftLogWorker.java:execute(569)) - s2@group-A1961C08437E-SegmentedRaftLogWorker: created new log segment /workdir/ratis-test/target/test/data/b2c0a8be/MiniRaftClusterWithNetty1f9c6c63/s2/7b03d609-5326-4b0a-b2d2-a1961c08437e/current/log_inprogress_212
2019-09-24 16:37:47,398 INFO  segmented.SegmentedRaftLogWorker (SegmentedRaftLogWorker.java:execute(569)) - s1@group-A1961C08437E-SegmentedRaftLogWorker: created new log segment /workdir/ratis-test/target/test/data/b2c0a8be/MiniRaftClusterWithNetty1f9c6c63/s1/7b03d609-5326-4b0a-b2d2-a1961c08437e/current/log_inprogress_208
2019-09-24 16:37:47,401 INFO  statemachine.SimpleStateMachine4Testing (SimpleStateMachine4Testing.java:put(198)) - s1: put 206, 2222222222... -> (t:2, i:206), STATEMACHINELOGENTRY, client-DA36977FC49F, cid=105
2019-09-24 16:37:47,402 INFO  statemachine.SimpleStateMachine4Testing (SimpleStateMachine4Testing.java:put(198)) - s2: put 208, 2222222222... -> (t:2, i:208), STATEMACHINELOGENTRY, client-6F4DA14A560B, cid=106
2019-09-24 16:37:47,403 INFO  segmented.SegmentedRaftLogWorker (SegmentedRaftLogWorker.java:rollLogSegment(385)) - s2@group-A1961C08437E-SegmentedRaftLogWorker: Rolling segment log-212_215 to index:215
2019-09-24 16:37:47,413 TRACE util.FileUtils (LogUtils.java:runAndLog(61)) - Successfully ran Files.move /workdir/ratis-test/target/test/data/b2c0a8be/MiniRaftClusterWithNetty1f9c6c63/s2/7b03d609-5326-4b0a-b2d2-a1961c08437e/current/log_inprogress_212 to /workdir/ratis-test/target/test/data/b2c0a8be/MiniRaftClusterWithNetty1f9c6c63/s2/7b03d609-5326-4b0a-b2d2-a1961c08437e/current/log_212-215
2019-09-24 16:37:47,413 INFO  segmented.SegmentedRaftLogWorker (SegmentedRaftLogWorker.java:execute(526)) - s2@group-A1961C08437E-SegmentedRaftLogWorker: Rolled log segment from /workdir/ratis-test/target/test/data/b2c0a8be/MiniRaftClusterWithNetty1f9c6c63/s2/7b03d609-5326-4b0a-b2d2-a1961c08437e/current/log_inprogress_212 to /workdir/ratis-test/target/test/data/b2c0a8be/MiniRaftClusterWithNetty1f9c6c63/s2/7b03d609-5326-4b0a-b2d2-a1961c08437e/current/log_212-215
2019-09-24 16:37:47,419 INFO  statemachine.SimpleStateMachine4Testing (SimpleStateMachine4Testing.java:put(198)) - s1: put 208, 2222222222... -> (t:2, i:208), STATEMACHINELOGENTRY, client-6F4DA14A560B, cid=106
2019-09-24 16:37:47,419 INFO  segmented.SegmentedRaftLogWorker (SegmentedRaftLogWorker.java:rollLogSegment(385)) - s0@group-A1961C08437E-SegmentedRaftLogWorker: Rolling segment log-188_191 to index:191
2019-09-24 16:37:47,419 INFO  statemachine.SimpleStateMachine4Testing (SimpleStateMachine4Testing.java:put(198)) - s2: put 210, 2222222222... -> (t:2, i:210), STATEMACHINELOGENTRY, client-69912ADB290A, cid=107
2019-09-24 16:37:47,420 TRACE util.FileUtils (LogUtils.java:runAndLog(61)) - Successfully ran Files.move /workdir/ratis-test/target/test/data/b2c0a8be/MiniRaftClusterWithNetty1f9c6c63/s0/7b03d609-5326-4b0a-b2d2-a1961c08437e/current/log_inprogress_188 to /workdir/ratis-test/target/test/data/b2c0a8be/MiniRaftClusterWithNetty1f9c6c63/s0/7b03d609-5326-4b0a-b2d2-a1961c08437e/current/log_188-191
2019-09-24 16:37:47,420 INFO  segmented.SegmentedRaftLogWorker (SegmentedRaftLogWorker.java:execute(526)) - s0@group-A1961C08437E-SegmentedRaftLogWorker: Rolled log segment from /workdir/ratis-test/target/test/data/b2c0a8be/MiniRaftClusterWithNetty1f9c6c63/s0/7b03d609-5326-4b0a-b2d2-a1961c08437e/current/log_inprogress_188 to /workdir/ratis-test/target/test/data/b2c0a8be/MiniRaftClusterWithNetty1f9c6c63/s0/7b03d609-5326-4b0a-b2d2-a1961c08437e/current/log_188-191
2019-09-24 16:37:47,421 INFO  segmented.SegmentedRaftLogWorker (SegmentedRaftLogWorker.java:rollLogSegment(385)) - s2@group-A1961C08437E-SegmentedRaftLogWorker: Rolling segment log-216_217 to index:217
2019-09-24 16:37:47,428 INFO  segmented.SegmentedRaftLogWorker (SegmentedRaftLogWorker.java:rollLogSegment(385)) - s1@group-A1961C08437E-SegmentedRaftLogWorker: Rolling segment log-208_211 to index:211
2019-09-24 16:37:47,429 TRACE util.FileUtils (LogUtils.java:runAndLog(61)) - Successfully ran Files.move /workdir/ratis-test/target/test/data/b2c0a8be/MiniRaftClusterWithNetty1f9c6c63/s1/7b03d609-5326-4b0a-b2d2-a1961c08437e/current/log_inprogress_208 to /workdir/ratis-test/target/test/data/b2c0a8be/MiniRaftClusterWithNetty1f9c6c63/s1/7b03d609-5326-4b0a-b2d2-a1961c08437e/current/log_208-211
2019-09-24 16:37:47,429 INFO  segmented.SegmentedRaftLogWorker (SegmentedRaftLogWorker.java:execute(526)) - s1@group-A1961C08437E-SegmentedRaftLogWorker: Rolled log segment from /workdir/ratis-test/target/test/data/b2c0a8be/MiniRaftClusterWithNetty1f9c6c63/s1/7b03d609-5326-4b0a-b2d2-a1961c08437e/current/log_inprogress_208 to /workdir/ratis-test/target/test/data/b2c0a8be/MiniRaftClusterWithNetty1f9c6c63/s1/7b03d609-5326-4b0a-b2d2-a1961c08437e/current/log_208-211
2019-09-24 16:37:47,438 INFO  segmented.SegmentedRaftLogWorker (SegmentedRaftLogWorker.java:execute(569)) - s0@group-A1961C08437E-SegmentedRaftLogWorker: created new log segment /workdir/ratis-test/target/test/data/b2c0a8be/MiniRaftClusterWithNetty1f9c6c63/s0/7b03d609-5326-4b0a-b2d2-a1961c08437e/current/log_inprogress_192
2019-09-24 16:37:47,438 INFO  segmented.SegmentedRaftLogWorker (SegmentedRaftLogWorker.java:execute(569)) - s2@group-A1961C08437E-SegmentedRaftLogWorker: created new log segment /workdir/ratis-test/target/test/data/b2c0a8be/MiniRaftClusterWithNetty1f9c6c63/s2/7b03d609-5326-4b0a-b2d2-a1961c08437e/current/log_inprogress_216
2019-09-24 16:37:47,440 TRACE util.FileUtils (LogUtils.java:runAndLog(61)) - Successfully ran Files.move /workdir/ratis-test/target/test/data/b2c0a8be/MiniRaftClusterWithNetty1f9c6c63/s2/7b03d609-5326-4b0a-b2d2-a1961c08437e/current/log_inprogress_216 to /workdir/ratis-test/target/test/data/b2c0a8be/MiniRaftClusterWithNetty1f9c6c63/s2/7b03d609-5326-4b0a-b2d2-a1961c08437e/current/log_216-217
2019-09-24 16:37:47,440 INFO  segmented.SegmentedRaftLogWorker (SegmentedRaftLogWorker.java:execute(526)) - s2@group-A1961C08437E-SegmentedRaftLogWorker: Rolled log segment from /workdir/ratis-test/target/test/data/b2c0a8be/MiniRaftClusterWithNetty1f9c6c63/s2/7b03d609-5326-4b0a-b2d2-a1961c08437e/current/log_inprogress_216 to /workdir/ratis-test/target/test/data/b2c0a8be/MiniRaftClusterWithNetty1f9c6c63/s2/7b03d609-5326-4b0a-b2d2-a1961c08437e/current/log_216-217
2019-09-24 16:37:47,454 INFO  segmented.SegmentedRaftLogWorker (SegmentedRaftLogWorker.java:execute(569)) - s1@group-A1961C08437E-SegmentedRaftLogWorker: created new log segment /workdir/ratis-test/target/test/data/b2c0a8be/MiniRaftClusterWithNetty1f9c6c63/s1/7b03d609-5326-4b0a-b2d2-a1961c08437e/current/log_inprogress_212
2019-09-24 16:37:47,456 INFO  segmented.SegmentedRaftLogWorker (SegmentedRaftLogWorker.java:execute(569)) - s2@group-A1961C08437E-SegmentedRaftLogWorker: created new log segment /workdir/ratis-test/target/test/data/b2c0a8be/MiniRaftClusterWithNetty1f9c6c63/s2/7b03d609-5326-4b0a-b2d2-a1961c08437e/current/log_inprogress_218
2019-09-24 16:37:47,460 INFO  statemachine.SimpleStateMachine4Testing (SimpleStateMachine4Testing.java:put(198)) - s1: put 210, 2222222222... -> (t:2, i:210), STATEMACHINELOGENTRY, client-69912ADB290A, cid=107
2019-09-24 16:37:47,461 INFO  statemachine.SimpleStateMachine4Testing (SimpleStateMachine4Testing.java:put(198)) - s2: put 212, 1111111111... -> (t:2, i:212), STATEMACHINELOGENTRY, client-781B3BD2DEB4, cid=104
2019-09-24 16:37:47,482 INFO  statemachine.SimpleStateMachine4Testing (SimpleStateMachine4Testing.java:put(198)) - s1: put 212, 1111111111... -> (t:2, i:212), STATEMACHINELOGENTRY, client-781B3BD2DEB4, cid=104
2019-09-24 16:37:47,482 INFO  statemachine.SimpleStateMachine4Testing (SimpleStateMachine4Testing.java:put(198)) - s2: put 214, 3333333333... -> (t:2, i:214), STATEMACHINELOGENTRY, client-DA36977FC49F, cid=109
2019-09-24 16:37:47,484 INFO  segmented.SegmentedRaftLogWorker (SegmentedRaftLogWorker.java:rollLogSegment(385)) - s2@group-A1961C08437E-SegmentedRaftLogWorker: Rolling segment log-218_221 to index:221
2019-09-24 16:37:47,493 TRACE util.FileUtils (LogUtils.java:runAndLog(61)) - Successfully ran Files.move /workdir/ratis-test/target/test/data/b2c0a8be/MiniRaftClusterWithNetty1f9c6c63/s2/7b03d609-5326-4b0a-b2d2-a1961c08437e/current/log_inprogress_218 to /workdir/ratis-test/target/test/data/b2c0a8be/MiniRaftClusterWithNetty1f9c6c63/s2/7b03d609-5326-4b0a-b2d2-a1961c08437e/current/log_218-221
2019-09-24 16:37:47,494 INFO  segmented.SegmentedRaftLogWorker (SegmentedRaftLogWorker.java:execute(526)) - s2@group-A1961C08437E-SegmentedRaftLogWorker: Rolled log segment from /workdir/ratis-test/target/test/data/b2c0a8be/MiniRaftClusterWithNetty1f9c6c63/s2/7b03d609-5326-4b0a-b2d2-a1961c08437e/current/log_inprogress_218 to /workdir/ratis-test/target/test/data/b2c0a8be/MiniRaftClusterWithNetty1f9c6c63/s2/7b03d609-5326-4b0a-b2d2-a1961c08437e/current/log_218-221
2019-09-24 16:37:47,496 INFO  segmented.SegmentedRaftLogWorker (SegmentedRaftLogWorker.java:rollLogSegment(385)) - s1@group-A1961C08437E-SegmentedRaftLogWorker: Rolling segment log-212_215 to index:215
2019-09-24 16:37:47,497 TRACE util.FileUtils (LogUtils.java:runAndLog(61)) - Successfully ran Files.move /workdir/ratis-test/target/test/data/b2c0a8be/MiniRaftClusterWithNetty1f9c6c63/s1/7b03d609-5326-4b0a-b2d2-a1961c08437e/current/log_inprogress_212 to /workdir/ratis-test/target/test/data/b2c0a8be/MiniRaftClusterWithNetty1f9c6c63/s1/7b03d609-5326-4b0a-b2d2-a1961c08437e/current/log_212-215
2019-09-24 16:37:47,497 INFO  segmented.SegmentedRaftLogWorker (SegmentedRaftLogWorker.java:execute(526)) - s1@group-A1961C08437E-SegmentedRaftLogWorker: Rolled log segment from /workdir/ratis-test/target/test/data/b2c0a8be/MiniRaftClusterWithNetty1f9c6c63/s1/7b03d609-5326-4b0a-b2d2-a1961c08437e/current/log_inprogress_212 to /workdir/ratis-test/target/test/data/b2c0a8be/MiniRaftClusterWithNetty1f9c6c63/s1/7b03d609-5326-4b0a-b2d2-a1961c08437e/current/log_212-215
2019-09-24 16:37:47,510 INFO  segmented.SegmentedRaftLogWorker (SegmentedRaftLogWorker.java:execute(569)) - s2@group-A1961C08437E-SegmentedRaftLogWorker: created new log segment /workdir/ratis-test/target/test/data/b2c0a8be/MiniRaftClusterWithNetty1f9c6c63/s2/7b03d609-5326-4b0a-b2d2-a1961c08437e/current/log_inprogress_222
2019-09-24 16:37:47,510 INFO  segmented.SegmentedRaftLogWorker (SegmentedRaftLogWorker.java:execute(569)) - s1@group-A1961C08437E-SegmentedRaftLogWorker: created new log segment /workdir/ratis-test/target/test/data/b2c0a8be/MiniRaftClusterWithNetty1f9c6c63/s1/7b03d609-5326-4b0a-b2d2-a1961c08437e/current/log_inprogress_216
2019-09-24 16:37:47,539 INFO  statemachine.SimpleStateMachine4Testing (SimpleStateMachine4Testing.java:put(198)) - s1: put 214, 3333333333... -> (t:2, i:214), STATEMACHINELOGENTRY, client-DA36977FC49F, cid=109
2019-09-24 16:37:47,540 INFO  statemachine.SimpleStateMachine4Testing (SimpleStateMachine4Testing.java:put(198)) - s2: put 216, 3333333333... -> (t:2, i:216), STATEMACHINELOGENTRY, client-6F4DA14A560B, cid=110
2019-09-24 16:37:47,542 INFO  segmented.SegmentedRaftLogWorker (SegmentedRaftLogWorker.java:rollLogSegment(385)) - s2@group-A1961C08437E-SegmentedRaftLogWorker: Rolling segment log-222_223 to index:223
2019-09-24 16:37:47,548 TRACE util.FileUtils (LogUtils.java:runAndLog(61)) - Successfully ran Files.move /workdir/ratis-test/target/test/data/b2c0a8be/MiniRaftClusterWithNetty1f9c6c63/s2/7b03d609-5326-4b0a-b2d2-a1961c08437e/current/log_inprogress_222 to /workdir/ratis-test/target/test/data/b2c0a8be/MiniRaftClusterWithNetty1f9c6c63/s2/7b03d609-5326-4b0a-b2d2-a1961c08437e/current/log_222-223
2019-09-24 16:37:47,549 INFO  segmented.SegmentedRaftLogWorker (SegmentedRaftLogWorker.java:execute(526)) - s2@group-A1961C08437E-SegmentedRaftLogWorker: Rolled log segment from /workdir/ratis-test/target/test/data/b2c0a8be/MiniRaftClusterWithNetty1f9c6c63/s2/7b03d609-5326-4b0a-b2d2-a1961c08437e/current/log_inprogress_222 to /workdir/ratis-test/target/test/data/b2c0a8be/MiniRaftClusterWithNetty1f9c6c63/s2/7b03d609-5326-4b0a-b2d2-a1961c08437e/current/log_222-223
2019-09-24 16:37:47,550 INFO  segmented.SegmentedRaftLogWorker (SegmentedRaftLogWorker.java:rollLogSegment(385)) - s1@group-A1961C08437E-SegmentedRaftLogWorker: Rolling segment log-216_217 to index:217
2019-09-24 16:37:47,550 TRACE util.FileUtils (LogUtils.java:runAndLog(61)) - Successfully ran Files.move /workdir/ratis-test/target/test/data/b2c0a8be/MiniRaftClusterWithNetty1f9c6c63/s1/7b03d609-5326-4b0a-b2d2-a1961c08437e/current/log_inprogress_216 to /workdir/ratis-test/target/test/data/b2c0a8be/MiniRaftClusterWithNetty1f9c6c63/s1/7b03d609-5326-4b0a-b2d2-a1961c08437e/current/log_216-217
2019-09-24 16:37:47,551 INFO  segmented.SegmentedRaftLogWorker (SegmentedRaftLogWorker.java:execute(526)) - s1@group-A1961C08437E-SegmentedRaftLogWorker: Rolled log segment from /workdir/ratis-test/target/test/data/b2c0a8be/MiniRaftClusterWithNetty1f9c6c63/s1/7b03d609-5326-4b0a-b2d2-a1961c08437e/current/log_inprogress_216 to /workdir/ratis-test/target/test/data/b2c0a8be/MiniRaftClusterWithNetty1f9c6c63/s1/7b03d609-5326-4b0a-b2d2-a1961c08437e/current/log_216-217
2019-09-24 16:37:47,559 INFO  segmented.SegmentedRaftLogWorker (SegmentedRaftLogWorker.java:rollLogSegment(385)) - s0@group-A1961C08437E-SegmentedRaftLogWorker: Rolling segment log-192_201 to index:201
2019-09-24 16:37:47,568 TRACE util.FileUtils (LogUtils.java:runAndLog(61)) - Successfully ran Files.move /workdir/ratis-test/target/test/data/b2c0a8be/MiniRaftClusterWithNetty1f9c6c63/s0/7b03d609-5326-4b0a-b2d2-a1961c08437e/current/log_inprogress_192 to /workdir/ratis-test/target/test/data/b2c0a8be/MiniRaftClusterWithNetty1f9c6c63/s0/7b03d609-5326-4b0a-b2d2-a1961c08437e/current/log_192-201
2019-09-24 16:37:47,568 INFO  segmented.SegmentedRaftLogWorker (SegmentedRaftLogWorker.java:execute(526)) - s0@group-A1961C08437E-SegmentedRaftLogWorker: Rolled log segment from /workdir/ratis-test/target/test/data/b2c0a8be/MiniRaftClusterWithNetty1f9c6c63/s0/7b03d609-5326-4b0a-b2d2-a1961c08437e/current/log_inprogress_192 to /workdir/ratis-test/target/test/data/b2c0a8be/MiniRaftClusterWithNetty1f9c6c63/s0/7b03d609-5326-4b0a-b2d2-a1961c08437e/current/log_192-201
2019-09-24 16:37:47,568 INFO  segmented.SegmentedRaftLogWorker (SegmentedRaftLogWorker.java:execute(569)) - s1@group-A1961C08437E-SegmentedRaftLogWorker: created new log segment /workdir/ratis-test/target/test/data/b2c0a8be/MiniRaftClusterWithNetty1f9c6c63/s1/7b03d609-5326-4b0a-b2d2-a1961c08437e/current/log_inprogress_218
2019-09-24 16:37:47,568 INFO  segmented.SegmentedRaftLogWorker (SegmentedRaftLogWorker.java:execute(569)) - s2@group-A1961C08437E-SegmentedRaftLogWorker: created new log segment /workdir/ratis-test/target/test/data/b2c0a8be/MiniRaftClusterWithNetty1f9c6c63/s2/7b03d609-5326-4b0a-b2d2-a1961c08437e/current/log_inprogress_224
2019-09-24 16:37:47,599 INFO  statemachine.SimpleStateMachine4Testing (SimpleStateMachine4Testing.java:put(198)) - s1: put 216, 3333333333... -> (t:2, i:216), STATEMACHINELOGENTRY, client-6F4DA14A560B, cid=110
2019-09-24 16:37:47,599 INFO  statemachine.SimpleStateMachine4Testing (SimpleStateMachine4Testing.java:put(198)) - s2: put 218, 3333333333... -> (t:2, i:218), STATEMACHINELOGENTRY, client-69912ADB290A, cid=111
2019-09-24 16:37:47,601 INFO  segmented.SegmentedRaftLogWorker (SegmentedRaftLogWorker.java:rollLogSegment(385)) - s2@group-A1961C08437E-SegmentedRaftLogWorker: Rolling segment log-224_225 to index:225
2019-09-24 16:37:47,611 INFO  segmented.SegmentedRaftLogWorker (SegmentedRaftLogWorker.java:execute(569)) - s0@group-A1961C08437E-SegmentedRaftLogWorker: created new log segment /workdir/ratis-test/target/test/data/b2c0a8be/MiniRaftClusterWithNetty1f9c6c63/s0/7b03d609-5326-4b0a-b2d2-a1961c08437e/current/log_inprogress_202
2019-09-24 16:37:47,618 INFO  statemachine.SimpleStateMachine4Testing (SimpleStateMachine4Testing.java:put(198)) - s1: put 218, 3333333333... -> (t:2, i:218), STATEMACHINELOGENTRY, client-69912ADB290A, cid=111
2019-09-24 16:37:47,619 TRACE util.FileUtils (LogUtils.java:runAndLog(61)) - Successfully ran Files.move /workdir/ratis-test/target/test/data/b2c0a8be/MiniRaftClusterWithNetty1f9c6c63/s2/7b03d609-5326-4b0a-b2d2-a1961c08437e/current/log_inprogress_224 to /workdir/ratis-test/target/test/data/b2c0a8be/MiniRaftClusterWithNetty1f9c6c63/s2/7b03d609-5326-4b0a-b2d2-a1961c08437e/current/log_224-225
2019-09-24 16:37:47,619 INFO  segmented.SegmentedRaftLogWorker (SegmentedRaftLogWorker.java:execute(526)) - s2@group-A1961C08437E-SegmentedRaftLogWorker: Rolled log segment from /workdir/ratis-test/target/test/data/b2c0a8be/MiniRaftClusterWithNetty1f9c6c63/s2/7b03d609-5326-4b0a-b2d2-a1961c08437e/current/log_inprogress_224 to /workdir/ratis-test/target/test/data/b2c0a8be/MiniRaftClusterWithNetty1f9c6c63/s2/7b03d609-5326-4b0a-b2d2-a1961c08437e/current/log_224-225
2019-09-24 16:37:47,629 INFO  statemachine.SimpleStateMachine4Testing (SimpleStateMachine4Testing.java:put(198)) - s2: put 220, 1111111111... -> (t:2, i:220), STATEMACHINELOGENTRY, client-D98953169D47, cid=108
2019-09-24 16:37:47,630 INFO  segmented.SegmentedRaftLogWorker (SegmentedRaftLogWorker.java:rollLogSegment(385)) - s2@group-A1961C08437E-SegmentedRaftLogWorker: Rolling segment log-226_227 to index:227
2019-09-24 16:37:47,639 INFO  segmented.SegmentedRaftLogWorker (SegmentedRaftLogWorker.java:execute(569)) - s2@group-A1961C08437E-SegmentedRaftLogWorker: created new log segment /workdir/ratis-test/target/test/data/b2c0a8be/MiniRaftClusterWithNetty1f9c6c63/s2/7b03d609-5326-4b0a-b2d2-a1961c08437e/current/log_inprogress_226
2019-09-24 16:37:47,645 INFO  statemachine.SimpleStateMachine4Testing (SimpleStateMachine4Testing.java:put(198)) - s1: put 220, 1111111111... -> (t:2, i:220), STATEMACHINELOGENTRY, client-D98953169D47, cid=108
2019-09-24 16:37:47,684 TRACE util.FileUtils (LogUtils.java:runAndLog(61)) - Successfully ran Files.move /workdir/ratis-test/target/test/data/b2c0a8be/MiniRaftClusterWithNetty1f9c6c63/s2/7b03d609-5326-4b0a-b2d2-a1961c08437e/current/log_inprogress_226 to /workdir/ratis-test/target/test/data/b2c0a8be/MiniRaftClusterWithNetty1f9c6c63/s2/7b03d609-5326-4b0a-b2d2-a1961c08437e/current/log_226-227
2019-09-24 16:37:47,684 INFO  segmented.SegmentedRaftLogWorker (SegmentedRaftLogWorker.java:execute(526)) - s2@group-A1961C08437E-SegmentedRaftLogWorker: Rolled log segment from /workdir/ratis-test/target/test/data/b2c0a8be/MiniRaftClusterWithNetty1f9c6c63/s2/7b03d609-5326-4b0a-b2d2-a1961c08437e/current/log_inprogress_226 to /workdir/ratis-test/target/test/data/b2c0a8be/MiniRaftClusterWithNetty1f9c6c63/s2/7b03d609-5326-4b0a-b2d2-a1961c08437e/current/log_226-227
2019-09-24 16:37:47,684 INFO  segmented.SegmentedRaftLogWorker (SegmentedRaftLogWorker.java:rollLogSegment(385)) - s1@group-A1961C08437E-SegmentedRaftLogWorker: Rolling segment log-218_221 to index:221
2019-09-24 16:37:47,685 TRACE util.FileUtils (LogUtils.java:runAndLog(61)) - Successfully ran Files.move /workdir/ratis-test/target/test/data/b2c0a8be/MiniRaftClusterWithNetty1f9c6c63/s1/7b03d609-5326-4b0a-b2d2-a1961c08437e/current/log_inprogress_218 to /workdir/ratis-test/target/test/data/b2c0a8be/MiniRaftClusterWithNetty1f9c6c63/s1/7b03d609-5326-4b0a-b2d2-a1961c08437e/current/log_218-221
2019-09-24 16:37:47,686 INFO  segmented.SegmentedRaftLogWorker (SegmentedRaftLogWorker.java:execute(526)) - s1@group-A1961C08437E-SegmentedRaftLogWorker: Rolled log segment from /workdir/ratis-test/target/test/data/b2c0a8be/MiniRaftClusterWithNetty1f9c6c63/s1/7b03d609-5326-4b0a-b2d2-a1961c08437e/current/log_inprogress_218 to /workdir/ratis-test/target/test/data/b2c0a8be/MiniRaftClusterWithNetty1f9c6c63/s1/7b03d609-5326-4b0a-b2d2-a1961c08437e/current/log_218-221
2019-09-24 16:37:47,705 INFO  segmented.SegmentedRaftLogWorker (SegmentedRaftLogWorker.java:execute(569)) - s1@group-A1961C08437E-SegmentedRaftLogWorker: created new log segment /workdir/ratis-test/target/test/data/b2c0a8be/MiniRaftClusterWithNetty1f9c6c63/s1/7b03d609-5326-4b0a-b2d2-a1961c08437e/current/log_inprogress_222
2019-09-24 16:37:47,705 INFO  segmented.SegmentedRaftLogWorker (SegmentedRaftLogWorker.java:execute(569)) - s2@group-A1961C08437E-SegmentedRaftLogWorker: created new log segment /workdir/ratis-test/target/test/data/b2c0a8be/MiniRaftClusterWithNetty1f9c6c63/s2/7b03d609-5326-4b0a-b2d2-a1961c08437e/current/log_inprogress_228
2019-09-24 16:37:47,714 INFO  statemachine.SimpleStateMachine4Testing (SimpleStateMachine4Testing.java:put(198)) - s2: put 222, 4444444444... -> (t:2, i:222), STATEMACHINELOGENTRY, client-DA36977FC49F, cid=113
2019-09-24 16:37:47,716 INFO  segmented.SegmentedRaftLogWorker (SegmentedRaftLogWorker.java:rollLogSegment(385)) - s2@group-A1961C08437E-SegmentedRaftLogWorker: Rolling segment log-228_229 to index:229
2019-09-24 16:37:47,725 TRACE util.FileUtils (LogUtils.java:runAndLog(61)) - Successfully ran Files.move /workdir/ratis-test/target/test/data/b2c0a8be/MiniRaftClusterWithNetty1f9c6c63/s2/7b03d609-5326-4b0a-b2d2-a1961c08437e/current/log_inprogress_228 to /workdir/ratis-test/target/test/data/b2c0a8be/MiniRaftClusterWithNetty1f9c6c63/s2/7b03d609-5326-4b0a-b2d2-a1961c08437e/current/log_228-229
2019-09-24 16:37:47,726 INFO  segmented.SegmentedRaftLogWorker (SegmentedRaftLogWorker.java:execute(526)) - s2@group-A1961C08437E-SegmentedRaftLogWorker: Rolled log segment from /workdir/ratis-test/target/test/data/b2c0a8be/MiniRaftClusterWithNetty1f9c6c63/s2/7b03d609-5326-4b0a-b2d2-a1961c08437e/current/log_inprogress_228 to /workdir/ratis-test/target/test/data/b2c0a8be/MiniRaftClusterWithNetty1f9c6c63/s2/7b03d609-5326-4b0a-b2d2-a1961c08437e/current/log_228-229
2019-09-24 16:37:47,727 INFO  statemachine.SimpleStateMachine4Testing (SimpleStateMachine4Testing.java:put(198)) - s1: put 222, 4444444444... -> (t:2, i:222), STATEMACHINELOGENTRY, client-DA36977FC49F, cid=113
2019-09-24 16:37:47,727 INFO  segmented.SegmentedRaftLogWorker (SegmentedRaftLogWorker.java:rollLogSegment(385)) - s1@group-A1961C08437E-SegmentedRaftLogWorker: Rolling segment log-222_223 to index:223
2019-09-24 16:37:47,728 INFO  segmented.SegmentedRaftLogWorker (SegmentedRaftLogWorker.java:rollLogSegment(385)) - s0@group-A1961C08437E-SegmentedRaftLogWorker: Rolling segment log-202_207 to index:207
2019-09-24 16:37:47,728 TRACE util.FileUtils (LogUtils.java:runAndLog(61)) - Successfully ran Files.move /workdir/ratis-test/target/test/data/b2c0a8be/MiniRaftClusterWithNetty1f9c6c63/s1/7b03d609-5326-4b0a-b2d2-a1961c08437e/current/log_inprogress_222 to /workdir/ratis-test/target/test/data/b2c0a8be/MiniRaftClusterWithNetty1f9c6c63/s1/7b03d609-5326-4b0a-b2d2-a1961c08437e/current/log_222-223
2019-09-24 16:37:47,728 INFO  segmented.SegmentedRaftLogWorker (SegmentedRaftLogWorker.java:execute(526)) - s1@group-A1961C08437E-SegmentedRaftLogWorker: Rolled log segment from /workdir/ratis-test/target/test/data/b2c0a8be/MiniRaftClusterWithNetty1f9c6c63/s1/7b03d609-5326-4b0a-b2d2-a1961c08437e/current/log_inprogress_222 to /workdir/ratis-test/target/test/data/b2c0a8be/MiniRaftClusterWithNetty1f9c6c63/s1/7b03d609-5326-4b0a-b2d2-a1961c08437e/current/log_222-223
2019-09-24 16:37:47,729 TRACE util.FileUtils (LogUtils.java:runAndLog(61)) - Successfully ran Files.move /workdir/ratis-test/target/test/data/b2c0a8be/MiniRaftClusterWithNetty1f9c6c63/s0/7b03d609-5326-4b0a-b2d2-a1961c08437e/current/log_inprogress_202 to /workdir/ratis-test/target/test/data/b2c0a8be/MiniRaftClusterWithNetty1f9c6c63/s0/7b03d609-5326-4b0a-b2d2-a1961c08437e/current/log_202-207
2019-09-24 16:37:47,729 INFO  segmented.SegmentedRaftLogWorker (SegmentedRaftLogWorker.java:execute(526)) - s0@group-A1961C08437E-SegmentedRaftLogWorker: Rolled log segment from /workdir/ratis-test/target/test/data/b2c0a8be/MiniRaftClusterWithNetty1f9c6c63/s0/7b03d609-5326-4b0a-b2d2-a1961c08437e/current/log_inprogress_202 to /workdir/ratis-test/target/test/data/b2c0a8be/MiniRaftClusterWithNetty1f9c6c63/s0/7b03d609-5326-4b0a-b2d2-a1961c08437e/current/log_202-207
2019-09-24 16:37:47,756 INFO  segmented.SegmentedRaftLogWorker (SegmentedRaftLogWorker.java:execute(569)) - s2@group-A1961C08437E-SegmentedRaftLogWorker: created new log segment /workdir/ratis-test/target/test/data/b2c0a8be/MiniRaftClusterWithNetty1f9c6c63/s2/7b03d609-5326-4b0a-b2d2-a1961c08437e/current/log_inprogress_230
2019-09-24 16:37:47,757 INFO  segmented.SegmentedRaftLogWorker (SegmentedRaftLogWorker.java:execute(569)) - s0@group-A1961C08437E-SegmentedRaftLogWorker: created new log segment /workdir/ratis-test/target/test/data/b2c0a8be/MiniRaftClusterWithNetty1f9c6c63/s0/7b03d609-5326-4b0a-b2d2-a1961c08437e/current/log_inprogress_208
2019-09-24 16:37:47,756 INFO  segmented.SegmentedRaftLogWorker (SegmentedRaftLogWorker.java:execute(569)) - s1@group-A1961C08437E-SegmentedRaftLogWorker: created new log segment /workdir/ratis-test/target/test/data/b2c0a8be/MiniRaftClusterWithNetty1f9c6c63/s1/7b03d609-5326-4b0a-b2d2-a1961c08437e/current/log_inprogress_224
2019-09-24 16:37:47,788 INFO  statemachine.SimpleStateMachine4Testing (SimpleStateMachine4Testing.java:put(198)) - s2: put 224, 4444444444... -> (t:2, i:224), STATEMACHINELOGENTRY, client-6F4DA14A560B, cid=114
2019-09-24 16:37:47,790 INFO  segmented.SegmentedRaftLogWorker (SegmentedRaftLogWorker.java:rollLogSegment(385)) - s2@group-A1961C08437E-SegmentedRaftLogWorker: Rolling segment log-230_231 to index:231
2019-09-24 16:37:47,794 TRACE util.FileUtils (LogUtils.java:runAndLog(61)) - Successfully ran Files.move /workdir/ratis-test/target/test/data/b2c0a8be/MiniRaftClusterWithNetty1f9c6c63/s2/7b03d609-5326-4b0a-b2d2-a1961c08437e/current/log_inprogress_230 to /workdir/ratis-test/target/test/data/b2c0a8be/MiniRaftClusterWithNetty1f9c6c63/s2/7b03d609-5326-4b0a-b2d2-a1961c08437e/current/log_230-231
2019-09-24 16:37:47,794 INFO  segmented.SegmentedRaftLogWorker (SegmentedRaftLogWorker.java:execute(526)) - s2@group-A1961C08437E-SegmentedRaftLogWorker: Rolled log segment from /workdir/ratis-test/target/test/data/b2c0a8be/MiniRaftClusterWithNetty1f9c6c63/s2/7b03d609-5326-4b0a-b2d2-a1961c08437e/current/log_inprogress_230 to /workdir/ratis-test/target/test/data/b2c0a8be/MiniRaftClusterWithNetty1f9c6c63/s2/7b03d609-5326-4b0a-b2d2-a1961c08437e/current/log_230-231
2019-09-24 16:37:47,796 INFO  statemachine.SimpleStateMachine4Testing (SimpleStateMachine4Testing.java:put(198)) - s1: put 224, 4444444444... -> (t:2, i:224), STATEMACHINELOGENTRY, client-6F4DA14A560B, cid=114
2019-09-24 16:37:47,796 INFO  segmented.SegmentedRaftLogWorker (SegmentedRaftLogWorker.java:rollLogSegment(385)) - s1@group-A1961C08437E-SegmentedRaftLogWorker: Rolling segment log-224_225 to index:225
2019-09-24 16:37:47,810 TRACE util.FileUtils (LogUtils.java:runAndLog(61)) - Successfully ran Files.move /workdir/ratis-test/target/test/data/b2c0a8be/MiniRaftClusterWithNetty1f9c6c63/s1/7b03d609-5326-4b0a-b2d2-a1961c08437e/current/log_inprogress_224 to /workdir/ratis-test/target/test/data/b2c0a8be/MiniRaftClusterWithNetty1f9c6c63/s1/7b03d609-5326-4b0a-b2d2-a1961c08437e/current/log_224-225
2019-09-24 16:37:47,810 INFO  segmented.SegmentedRaftLogWorker (SegmentedRaftLogWorker.java:execute(526)) - s1@group-A1961C08437E-SegmentedRaftLogWorker: Rolled log segment from /workdir/ratis-test/target/test/data/b2c0a8be/MiniRaftClusterWithNetty1f9c6c63/s1/7b03d609-5326-4b0a-b2d2-a1961c08437e/current/log_inprogress_224 to /workdir/ratis-test/target/test/data/b2c0a8be/MiniRaftClusterWithNetty1f9c6c63/s1/7b03d609-5326-4b0a-b2d2-a1961c08437e/current/log_224-225
2019-09-24 16:37:47,818 INFO  segmented.SegmentedRaftLogWorker (SegmentedRaftLogWorker.java:execute(569)) - s2@group-A1961C08437E-SegmentedRaftLogWorker: created new log segment /workdir/ratis-test/target/test/data/b2c0a8be/MiniRaftClusterWithNetty1f9c6c63/s2/7b03d609-5326-4b0a-b2d2-a1961c08437e/current/log_inprogress_232
2019-09-24 16:37:47,852 INFO  segmented.SegmentedRaftLogWorker (SegmentedRaftLogWorker.java:execute(569)) - s1@group-A1961C08437E-SegmentedRaftLogWorker: created new log segment /workdir/ratis-test/target/test/data/b2c0a8be/MiniRaftClusterWithNetty1f9c6c63/s1/7b03d609-5326-4b0a-b2d2-a1961c08437e/current/log_inprogress_226
2019-09-24 16:37:47,852 INFO  segmented.SegmentedRaftLogWorker (SegmentedRaftLogWorker.java:rollLogSegment(385)) - s0@group-A1961C08437E-SegmentedRaftLogWorker: Rolling segment log-208_211 to index:211
2019-09-24 16:37:47,853 TRACE util.FileUtils (LogUtils.java:runAndLog(61)) - Successfully ran Files.move /workdir/ratis-test/target/test/data/b2c0a8be/MiniRaftClusterWithNetty1f9c6c63/s0/7b03d609-5326-4b0a-b2d2-a1961c08437e/current/log_inprogress_208 to /workdir/ratis-test/target/test/data/b2c0a8be/MiniRaftClusterWithNetty1f9c6c63/s0/7b03d609-5326-4b0a-b2d2-a1961c08437e/current/log_208-211
2019-09-24 16:37:47,853 INFO  segmented.SegmentedRaftLogWorker (SegmentedRaftLogWorker.java:execute(526)) - s0@group-A1961C08437E-SegmentedRaftLogWorker: Rolled log segment from /workdir/ratis-test/target/test/data/b2c0a8be/MiniRaftClusterWithNetty1f9c6c63/s0/7b03d609-5326-4b0a-b2d2-a1961c08437e/current/log_inprogress_208 to /workdir/ratis-test/target/test/data/b2c0a8be/MiniRaftClusterWithNetty1f9c6c63/s0/7b03d609-5326-4b0a-b2d2-a1961c08437e/current/log_208-211
2019-09-24 16:37:47,862 INFO  statemachine.SimpleStateMachine4Testing (SimpleStateMachine4Testing.java:put(198)) - s2: put 226, 4444444444... -> (t:2, i:226), STATEMACHINELOGENTRY, client-69912ADB290A, cid=115
2019-09-24 16:37:47,863 INFO  segmented.SegmentedRaftLogWorker (SegmentedRaftLogWorker.java:rollLogSegment(385)) - s2@group-A1961C08437E-SegmentedRaftLogWorker: Rolling segment log-232_233 to index:233
2019-09-24 16:37:47,873 TRACE util.FileUtils (LogUtils.java:runAndLog(61)) - Successfully ran Files.move /workdir/ratis-test/target/test/data/b2c0a8be/MiniRaftClusterWithNetty1f9c6c63/s2/7b03d609-5326-4b0a-b2d2-a1961c08437e/current/log_inprogress_232 to /workdir/ratis-test/target/test/data/b2c0a8be/MiniRaftClusterWithNetty1f9c6c63/s2/7b03d609-5326-4b0a-b2d2-a1961c08437e/current/log_232-233
2019-09-24 16:37:47,873 INFO  segmented.SegmentedRaftLogWorker (SegmentedRaftLogWorker.java:execute(526)) - s2@group-A1961C08437E-SegmentedRaftLogWorker: Rolled log segment from /workdir/ratis-test/target/test/data/b2c0a8be/MiniRaftClusterWithNetty1f9c6c63/s2/7b03d609-5326-4b0a-b2d2-a1961c08437e/current/log_inprogress_232 to /workdir/ratis-test/target/test/data/b2c0a8be/MiniRaftClusterWithNetty1f9c6c63/s2/7b03d609-5326-4b0a-b2d2-a1961c08437e/current/log_232-233
2019-09-24 16:37:47,875 INFO  segmented.SegmentedRaftLogWorker (SegmentedRaftLogWorker.java:rollLogSegment(385)) - s1@group-A1961C08437E-SegmentedRaftLogWorker: Rolling segment log-226_227 to index:227
2019-09-24 16:37:47,875 TRACE util.FileUtils (LogUtils.java:runAndLog(61)) - Successfully ran Files.move /workdir/ratis-test/target/test/data/b2c0a8be/MiniRaftClusterWithNetty1f9c6c63/s1/7b03d609-5326-4b0a-b2d2-a1961c08437e/current/log_inprogress_226 to /workdir/ratis-test/target/test/data/b2c0a8be/MiniRaftClusterWithNetty1f9c6c63/s1/7b03d609-5326-4b0a-b2d2-a1961c08437e/current/log_226-227
2019-09-24 16:37:47,875 INFO  segmented.SegmentedRaftLogWorker (SegmentedRaftLogWorker.java:execute(526)) - s1@group-A1961C08437E-SegmentedRaftLogWorker: Rolled log segment from /workdir/ratis-test/target/test/data/b2c0a8be/MiniRaftClusterWithNetty1f9c6c63/s1/7b03d609-5326-4b0a-b2d2-a1961c08437e/current/log_inprogress_226 to /workdir/ratis-test/target/test/data/b2c0a8be/MiniRaftClusterWithNetty1f9c6c63/s1/7b03d609-5326-4b0a-b2d2-a1961c08437e/current/log_226-227
2019-09-24 16:37:47,877 INFO  segmented.SegmentedRaftLogWorker (SegmentedRaftLogWorker.java:execute(569)) - s0@group-A1961C08437E-SegmentedRaftLogWorker: created new log segment /workdir/ratis-test/target/test/data/b2c0a8be/MiniRaftClusterWithNetty1f9c6c63/s0/7b03d609-5326-4b0a-b2d2-a1961c08437e/current/log_inprogress_212
2019-09-24 16:37:47,894 INFO  segmented.SegmentedRaftLogWorker (SegmentedRaftLogWorker.java:execute(569)) - s2@group-A1961C08437E-SegmentedRaftLogWorker: created new log segment /workdir/ratis-test/target/test/data/b2c0a8be/MiniRaftClusterWithNetty1f9c6c63/s2/7b03d609-5326-4b0a-b2d2-a1961c08437e/current/log_inprogress_234
2019-09-24 16:37:47,894 INFO  segmented.SegmentedRaftLogWorker (SegmentedRaftLogWorker.java:execute(569)) - s1@group-A1961C08437E-SegmentedRaftLogWorker: created new log segment /workdir/ratis-test/target/test/data/b2c0a8be/MiniRaftClusterWithNetty1f9c6c63/s1/7b03d609-5326-4b0a-b2d2-a1961c08437e/current/log_inprogress_228
2019-09-24 16:37:47,902 INFO  statemachine.SimpleStateMachine4Testing (SimpleStateMachine4Testing.java:put(198)) - s1: put 226, 4444444444... -> (t:2, i:226), STATEMACHINELOGENTRY, client-69912ADB290A, cid=115
2019-09-24 16:37:47,902 INFO  statemachine.SimpleStateMachine4Testing (SimpleStateMachine4Testing.java:put(198)) - s2: put 228, 2222222222... -> (t:2, i:228), STATEMACHINELOGENTRY, client-781B3BD2DEB4, cid=112
2019-09-24 16:37:47,903 INFO  segmented.SegmentedRaftLogWorker (SegmentedRaftLogWorker.java:rollLogSegment(385)) - s2@group-A1961C08437E-SegmentedRaftLogWorker: Rolling segment log-234_235 to index:235
2019-09-24 16:37:47,913 TRACE util.FileUtils (LogUtils.java:runAndLog(61)) - Successfully ran Files.move /workdir/ratis-test/target/test/data/b2c0a8be/MiniRaftClusterWithNetty1f9c6c63/s2/7b03d609-5326-4b0a-b2d2-a1961c08437e/current/log_inprogress_234 to /workdir/ratis-test/target/test/data/b2c0a8be/MiniRaftClusterWithNetty1f9c6c63/s2/7b03d609-5326-4b0a-b2d2-a1961c08437e/current/log_234-235
2019-09-24 16:37:47,913 INFO  segmented.SegmentedRaftLogWorker (SegmentedRaftLogWorker.java:execute(526)) - s2@group-A1961C08437E-SegmentedRaftLogWorker: Rolled log segment from /workdir/ratis-test/target/test/data/b2c0a8be/MiniRaftClusterWithNetty1f9c6c63/s2/7b03d609-5326-4b0a-b2d2-a1961c08437e/current/log_inprogress_234 to /workdir/ratis-test/target/test/data/b2c0a8be/MiniRaftClusterWithNetty1f9c6c63/s2/7b03d609-5326-4b0a-b2d2-a1961c08437e/current/log_234-235
2019-09-24 16:37:47,915 INFO  segmented.SegmentedRaftLogWorker (SegmentedRaftLogWorker.java:rollLogSegment(385)) - s1@group-A1961C08437E-SegmentedRaftLogWorker: Rolling segment log-228_229 to index:229
2019-09-24 16:37:47,915 INFO  segmented.SegmentedRaftLogWorker (SegmentedRaftLogWorker.java:rollLogSegment(385)) - s0@group-A1961C08437E-SegmentedRaftLogWorker: Rolling segment log-212_215 to index:215
2019-09-24 16:37:47,916 TRACE util.FileUtils (LogUtils.java:runAndLog(61)) - Successfully ran Files.move /workdir/ratis-test/target/test/data/b2c0a8be/MiniRaftClusterWithNetty1f9c6c63/s1/7b03d609-5326-4b0a-b2d2-a1961c08437e/current/log_inprogress_228 to /workdir/ratis-test/target/test/data/b2c0a8be/MiniRaftClusterWithNetty1f9c6c63/s1/7b03d609-5326-4b0a-b2d2-a1961c08437e/current/log_228-229
2019-09-24 16:37:47,916 INFO  segmented.SegmentedRaftLogWorker (SegmentedRaftLogWorker.java:execute(526)) - s1@group-A1961C08437E-SegmentedRaftLogWorker: Rolled log segment from /workdir/ratis-test/target/test/data/b2c0a8be/MiniRaftClusterWithNetty1f9c6c63/s1/7b03d609-5326-4b0a-b2d2-a1961c08437e/current/log_inprogress_228 to /workdir/ratis-test/target/test/data/b2c0a8be/MiniRaftClusterWithNetty1f9c6c63/s1/7b03d609-5326-4b0a-b2d2-a1961c08437e/current/log_228-229
2019-09-24 16:37:47,916 TRACE util.FileUtils (LogUtils.java:runAndLog(61)) - Successfully ran Files.move /workdir/ratis-test/target/test/data/b2c0a8be/MiniRaftClusterWithNetty1f9c6c63/s0/7b03d609-5326-4b0a-b2d2-a1961c08437e/current/log_inprogress_212 to /workdir/ratis-test/target/test/data/b2c0a8be/MiniRaftClusterWithNetty1f9c6c63/s0/7b03d609-5326-4b0a-b2d2-a1961c08437e/current/log_212-215
2019-09-24 16:37:47,916 INFO  segmented.SegmentedRaftLogWorker (SegmentedRaftLogWorker.java:execute(526)) - s0@group-A1961C08437E-SegmentedRaftLogWorker: Rolled log segment from /workdir/ratis-test/target/test/data/b2c0a8be/MiniRaftClusterWithNetty1f9c6c63/s0/7b03d609-5326-4b0a-b2d2-a1961c08437e/current/log_inprogress_212 to /workdir/ratis-test/target/test/data/b2c0a8be/MiniRaftClusterWithNetty1f9c6c63/s0/7b03d609-5326-4b0a-b2d2-a1961c08437e/current/log_212-215
2019-09-24 16:37:47,936 INFO  segmented.SegmentedRaftLogWorker (SegmentedRaftLogWorker.java:execute(569)) - s2@group-A1961C08437E-SegmentedRaftLogWorker: created new log segment /workdir/ratis-test/target/test/data/b2c0a8be/MiniRaftClusterWithNetty1f9c6c63/s2/7b03d609-5326-4b0a-b2d2-a1961c08437e/current/log_inprogress_236
2019-09-24 16:37:47,936 INFO  segmented.SegmentedRaftLogWorker (SegmentedRaftLogWorker.java:execute(569)) - s0@group-A1961C08437E-SegmentedRaftLogWorker: created new log segment /workdir/ratis-test/target/test/data/b2c0a8be/MiniRaftClusterWithNetty1f9c6c63/s0/7b03d609-5326-4b0a-b2d2-a1961c08437e/current/log_inprogress_216
2019-09-24 16:37:47,936 INFO  segmented.SegmentedRaftLogWorker (SegmentedRaftLogWorker.java:execute(569)) - s1@group-A1961C08437E-SegmentedRaftLogWorker: created new log segment /workdir/ratis-test/target/test/data/b2c0a8be/MiniRaftClusterWithNetty1f9c6c63/s1/7b03d609-5326-4b0a-b2d2-a1961c08437e/current/log_inprogress_230
2019-09-24 16:37:47,957 INFO  statemachine.SimpleStateMachine4Testing (SimpleStateMachine4Testing.java:put(198)) - s1: put 228, 2222222222... -> (t:2, i:228), STATEMACHINELOGENTRY, client-781B3BD2DEB4, cid=112
2019-09-24 16:37:47,957 INFO  statemachine.SimpleStateMachine4Testing (SimpleStateMachine4Testing.java:put(198)) - s2: put 230, 5555555555... -> (t:2, i:230), STATEMACHINELOGENTRY, client-DA36977FC49F, cid=117
2019-09-24 16:37:47,969 INFO  statemachine.SimpleStateMachine4Testing (SimpleStateMachine4Testing.java:put(198)) - s1: put 230, 5555555555... -> (t:2, i:230), STATEMACHINELOGENTRY, client-DA36977FC49F, cid=117
2019-09-24 16:37:47,970 INFO  segmented.SegmentedRaftLogWorker (SegmentedRaftLogWorker.java:rollLogSegment(385)) - s0@group-A1961C08437E-SegmentedRaftLogWorker: Rolling segment log-216_217 to index:217
2019-09-24 16:37:47,970 INFO  segmented.SegmentedRaftLogWorker (SegmentedRaftLogWorker.java:rollLogSegment(385)) - s1@group-A1961C08437E-SegmentedRaftLogWorker: Rolling segment log-230_231 to index:231
2019-09-24 16:37:47,971 TRACE util.FileUtils (LogUtils.java:runAndLog(61)) - Successfully ran Files.move /workdir/ratis-test/target/test/data/b2c0a8be/MiniRaftClusterWithNetty1f9c6c63/s0/7b03d609-5326-4b0a-b2d2-a1961c08437e/current/log_inprogress_216 to /workdir/ratis-test/target/test/data/b2c0a8be/MiniRaftClusterWithNetty1f9c6c63/s0/7b03d609-5326-4b0a-b2d2-a1961c08437e/current/log_216-217
2019-09-24 16:37:47,971 INFO  segmented.SegmentedRaftLogWorker (SegmentedRaftLogWorker.java:execute(526)) - s0@group-A1961C08437E-SegmentedRaftLogWorker: Rolled log segment from /workdir/ratis-test/target/test/data/b2c0a8be/MiniRaftClusterWithNetty1f9c6c63/s0/7b03d609-5326-4b0a-b2d2-a1961c08437e/current/log_inprogress_216 to /workdir/ratis-test/target/test/data/b2c0a8be/MiniRaftClusterWithNetty1f9c6c63/s0/7b03d609-5326-4b0a-b2d2-a1961c08437e/current/log_216-217
2019-09-24 16:37:47,971 TRACE util.FileUtils (LogUtils.java:runAndLog(61)) - Successfully ran Files.move /workdir/ratis-test/target/test/data/b2c0a8be/MiniRaftClusterWithNetty1f9c6c63/s1/7b03d609-5326-4b0a-b2d2-a1961c08437e/current/log_inprogress_230 to /workdir/ratis-test/target/test/data/b2c0a8be/MiniRaftClusterWithNetty1f9c6c63/s1/7b03d609-5326-4b0a-b2d2-a1961c08437e/current/log_230-231
2019-09-24 16:37:47,971 INFO  segmented.SegmentedRaftLogWorker (SegmentedRaftLogWorker.java:execute(526)) - s1@group-A1961C08437E-SegmentedRaftLogWorker: Rolled log segment from /workdir/ratis-test/target/test/data/b2c0a8be/MiniRaftClusterWithNetty1f9c6c63/s1/7b03d609-5326-4b0a-b2d2-a1961c08437e/current/log_inprogress_230 to /workdir/ratis-test/target/test/data/b2c0a8be/MiniRaftClusterWithNetty1f9c6c63/s1/7b03d609-5326-4b0a-b2d2-a1961c08437e/current/log_230-231
2019-09-24 16:37:47,995 INFO  segmented.SegmentedRaftLogWorker (SegmentedRaftLogWorker.java:execute(569)) - s1@group-A1961C08437E-SegmentedRaftLogWorker: created new log segment /workdir/ratis-test/target/test/data/b2c0a8be/MiniRaftClusterWithNetty1f9c6c63/s1/7b03d609-5326-4b0a-b2d2-a1961c08437e/current/log_inprogress_232
2019-09-24 16:37:47,995 INFO  segmented.SegmentedRaftLogWorker (SegmentedRaftLogWorker.java:execute(569)) - s0@group-A1961C08437E-SegmentedRaftLogWorker: created new log segment /workdir/ratis-test/target/test/data/b2c0a8be/MiniRaftClusterWithNetty1f9c6c63/s0/7b03d609-5326-4b0a-b2d2-a1961c08437e/current/log_inprogress_218
2019-09-24 16:37:48,012 INFO  statemachine.SimpleStateMachine4Testing (SimpleStateMachine4Testing.java:put(198)) - s2: put 232, 5555555555... -> (t:2, i:232), STATEMACHINELOGENTRY, client-6F4DA14A560B, cid=118
2019-09-24 16:37:48,024 INFO  statemachine.SimpleStateMachine4Testing (SimpleStateMachine4Testing.java:put(198)) - s1: put 232, 5555555555... -> (t:2, i:232), STATEMACHINELOGENTRY, client-6F4DA14A560B, cid=118
2019-09-24 16:37:48,025 INFO  segmented.SegmentedRaftLogWorker (SegmentedRaftLogWorker.java:rollLogSegment(385)) - s1@group-A1961C08437E-SegmentedRaftLogWorker: Rolling segment log-232_233 to index:233
2019-09-24 16:37:48,026 TRACE util.FileUtils (LogUtils.java:runAndLog(61)) - Successfully ran Files.move /workdir/ratis-test/target/test/data/b2c0a8be/MiniRaftClusterWithNetty1f9c6c63/s1/7b03d609-5326-4b0a-b2d2-a1961c08437e/current/log_inprogress_232 to /workdir/ratis-test/target/test/data/b2c0a8be/MiniRaftClusterWithNetty1f9c6c63/s1/7b03d609-5326-4b0a-b2d2-a1961c08437e/current/log_232-233
2019-09-24 16:37:48,026 INFO  segmented.SegmentedRaftLogWorker (SegmentedRaftLogWorker.java:execute(526)) - s1@group-A1961C08437E-SegmentedRaftLogWorker: Rolled log segment from /workdir/ratis-test/target/test/data/b2c0a8be/MiniRaftClusterWithNetty1f9c6c63/s1/7b03d609-5326-4b0a-b2d2-a1961c08437e/current/log_inprogress_232 to /workdir/ratis-test/target/test/data/b2c0a8be/MiniRaftClusterWithNetty1f9c6c63/s1/7b03d609-5326-4b0a-b2d2-a1961c08437e/current/log_232-233
2019-09-24 16:37:48,042 INFO  segmented.SegmentedRaftLogWorker (SegmentedRaftLogWorker.java:rollLogSegment(385)) - s0@group-A1961C08437E-SegmentedRaftLogWorker: Rolling segment log-218_221 to index:221
2019-09-24 16:37:48,043 TRACE util.FileUtils (LogUtils.java:runAndLog(61)) - Successfully ran Files.move /workdir/ratis-test/target/test/data/b2c0a8be/MiniRaftClusterWithNetty1f9c6c63/s0/7b03d609-5326-4b0a-b2d2-a1961c08437e/current/log_inprogress_218 to /workdir/ratis-test/target/test/data/b2c0a8be/MiniRaftClusterWithNetty1f9c6c63/s0/7b03d609-5326-4b0a-b2d2-a1961c08437e/current/log_218-221
2019-09-24 16:37:48,043 INFO  segmented.SegmentedRaftLogWorker (SegmentedRaftLogWorker.java:execute(526)) - s0@group-A1961C08437E-SegmentedRaftLogWorker: Rolled log segment from /workdir/ratis-test/target/test/data/b2c0a8be/MiniRaftClusterWithNetty1f9c6c63/s0/7b03d609-5326-4b0a-b2d2-a1961c08437e/current/log_inprogress_218 to /workdir/ratis-test/target/test/data/b2c0a8be/MiniRaftClusterWithNetty1f9c6c63/s0/7b03d609-5326-4b0a-b2d2-a1961c08437e/current/log_218-221
2019-09-24 16:37:48,045 INFO  segmented.SegmentedRaftLogWorker (SegmentedRaftLogWorker.java:execute(569)) - s1@group-A1961C08437E-SegmentedRaftLogWorker: created new log segment /workdir/ratis-test/target/test/data/b2c0a8be/MiniRaftClusterWithNetty1f9c6c63/s1/7b03d609-5326-4b0a-b2d2-a1961c08437e/current/log_inprogress_234
2019-09-24 16:37:48,051 INFO  statemachine.SimpleStateMachine4Testing (SimpleStateMachine4Testing.java:put(198)) - s2: put 234, 5555555555... -> (t:2, i:234), STATEMACHINELOGENTRY, client-69912ADB290A, cid=119
2019-09-24 16:37:48,062 INFO  segmented.SegmentedRaftLogWorker (SegmentedRaftLogWorker.java:rollLogSegment(385)) - s1@group-A1961C08437E-SegmentedRaftLogWorker: Rolling segment log-234_235 to index:235
2019-09-24 16:37:48,062 INFO  segmented.SegmentedRaftLogWorker (SegmentedRaftLogWorker.java:execute(569)) - s0@group-A1961C08437E-SegmentedRaftLogWorker: created new log segment /workdir/ratis-test/target/test/data/b2c0a8be/MiniRaftClusterWithNetty1f9c6c63/s0/7b03d609-5326-4b0a-b2d2-a1961c08437e/current/log_inprogress_222
2019-09-24 16:37:48,063 TRACE util.FileUtils (LogUtils.java:runAndLog(61)) - Successfully ran Files.move /workdir/ratis-test/target/test/data/b2c0a8be/MiniRaftClusterWithNetty1f9c6c63/s1/7b03d609-5326-4b0a-b2d2-a1961c08437e/current/log_inprogress_234 to /workdir/ratis-test/target/test/data/b2c0a8be/MiniRaftClusterWithNetty1f9c6c63/s1/7b03d609-5326-4b0a-b2d2-a1961c08437e/current/log_234-235
2019-09-24 16:37:48,063 INFO  segmented.SegmentedRaftLogWorker (SegmentedRaftLogWorker.java:execute(526)) - s1@group-A1961C08437E-SegmentedRaftLogWorker: Rolled log segment from /workdir/ratis-test/target/test/data/b2c0a8be/MiniRaftClusterWithNetty1f9c6c63/s1/7b03d609-5326-4b0a-b2d2-a1961c08437e/current/log_inprogress_234 to /workdir/ratis-test/target/test/data/b2c0a8be/MiniRaftClusterWithNetty1f9c6c63/s1/7b03d609-5326-4b0a-b2d2-a1961c08437e/current/log_234-235
2019-09-24 16:37:48,084 INFO  segmented.SegmentedRaftLogWorker (SegmentedRaftLogWorker.java:rollLogSegment(385)) - s0@group-A1961C08437E-SegmentedRaftLogWorker: Rolling segment log-222_223 to index:223
2019-09-24 16:37:48,085 TRACE util.FileUtils (LogUtils.java:runAndLog(61)) - Successfully ran Files.move /workdir/ratis-test/target/test/data/b2c0a8be/MiniRaftClusterWithNetty1f9c6c63/s0/7b03d609-5326-4b0a-b2d2-a1961c08437e/current/log_inprogress_222 to /workdir/ratis-test/target/test/data/b2c0a8be/MiniRaftClusterWithNetty1f9c6c63/s0/7b03d609-5326-4b0a-b2d2-a1961c08437e/current/log_222-223
2019-09-24 16:37:48,085 INFO  segmented.SegmentedRaftLogWorker (SegmentedRaftLogWorker.java:execute(526)) - s0@group-A1961C08437E-SegmentedRaftLogWorker: Rolled log segment from /workdir/ratis-test/target/test/data/b2c0a8be/MiniRaftClusterWithNetty1f9c6c63/s0/7b03d609-5326-4b0a-b2d2-a1961c08437e/current/log_inprogress_222 to /workdir/ratis-test/target/test/data/b2c0a8be/MiniRaftClusterWithNetty1f9c6c63/s0/7b03d609-5326-4b0a-b2d2-a1961c08437e/current/log_222-223
2019-09-24 16:37:48,088 INFO  segmented.SegmentedRaftLogWorker (SegmentedRaftLogWorker.java:execute(569)) - s1@group-A1961C08437E-SegmentedRaftLogWorker: created new log segment /workdir/ratis-test/target/test/data/b2c0a8be/MiniRaftClusterWithNetty1f9c6c63/s1/7b03d609-5326-4b0a-b2d2-a1961c08437e/current/log_inprogress_236
2019-09-24 16:37:48,090 INFO  statemachine.SimpleStateMachine4Testing (SimpleStateMachine4Testing.java:put(198)) - s1: put 234, 5555555555... -> (t:2, i:234), STATEMACHINELOGENTRY, client-69912ADB290A, cid=119
2019-09-24 16:37:48,090 INFO  statemachine.SimpleStateMachine4Testing (SimpleStateMachine4Testing.java:put(198)) - s2: put 236, 2222222222... -> (t:2, i:236), STATEMACHINELOGENTRY, client-D98953169D47, cid=116
2019-09-24 16:37:48,091 INFO  segmented.SegmentedRaftLogWorker (SegmentedRaftLogWorker.java:rollLogSegment(385)) - s2@group-A1961C08437E-SegmentedRaftLogWorker: Rolling segment log-236_243 to index:243
2019-09-24 16:37:48,105 INFO  segmented.SegmentedRaftLogWorker (SegmentedRaftLogWorker.java:execute(569)) - s0@group-A1961C08437E-SegmentedRaftLogWorker: created new log segment /workdir/ratis-test/target/test/data/b2c0a8be/MiniRaftClusterWithNetty1f9c6c63/s0/7b03d609-5326-4b0a-b2d2-a1961c08437e/current/log_inprogress_224
2019-09-24 16:37:48,122 TRACE util.FileUtils (LogUtils.java:runAndLog(61)) - Successfully ran Files.move /workdir/ratis-test/target/test/data/b2c0a8be/MiniRaftClusterWithNetty1f9c6c63/s2/7b03d609-5326-4b0a-b2d2-a1961c08437e/current/log_inprogress_236 to /workdir/ratis-test/target/test/data/b2c0a8be/MiniRaftClusterWithNetty1f9c6c63/s2/7b03d609-5326-4b0a-b2d2-a1961c08437e/current/log_236-243
2019-09-24 16:37:48,122 INFO  segmented.SegmentedRaftLogWorker (SegmentedRaftLogWorker.java:execute(526)) - s2@group-A1961C08437E-SegmentedRaftLogWorker: Rolled log segment from /workdir/ratis-test/target/test/data/b2c0a8be/MiniRaftClusterWithNetty1f9c6c63/s2/7b03d609-5326-4b0a-b2d2-a1961c08437e/current/log_inprogress_236 to /workdir/ratis-test/target/test/data/b2c0a8be/MiniRaftClusterWithNetty1f9c6c63/s2/7b03d609-5326-4b0a-b2d2-a1961c08437e/current/log_236-243
2019-09-24 16:37:48,132 INFO  statemachine.SimpleStateMachine4Testing (SimpleStateMachine4Testing.java:put(198)) - s1: put 236, 2222222222... -> (t:2, i:236), STATEMACHINELOGENTRY, client-D98953169D47, cid=116
2019-09-24 16:37:48,132 INFO  statemachine.SimpleStateMachine4Testing (SimpleStateMachine4Testing.java:put(198)) - s2: put 238, 0000000000... -> (t:2, i:238), STATEMACHINELOGENTRY, client-DA36977FC49F, cid=121
2019-09-24 16:37:48,133 INFO  segmented.SegmentedRaftLogWorker (SegmentedRaftLogWorker.java:rollLogSegment(385)) - s0@group-A1961C08437E-SegmentedRaftLogWorker: Rolling segment log-224_225 to index:225
2019-09-24 16:37:48,139 TRACE util.FileUtils (LogUtils.java:runAndLog(61)) - Successfully ran Files.move /workdir/ratis-test/target/test/data/b2c0a8be/MiniRaftClusterWithNetty1f9c6c63/s0/7b03d609-5326-4b0a-b2d2-a1961c08437e/current/log_inprogress_224 to /workdir/ratis-test/target/test/data/b2c0a8be/MiniRaftClusterWithNetty1f9c6c63/s0/7b03d609-5326-4b0a-b2d2-a1961c08437e/current/log_224-225
2019-09-24 16:37:48,139 INFO  segmented.SegmentedRaftLogWorker (SegmentedRaftLogWorker.java:execute(526)) - s0@group-A1961C08437E-SegmentedRaftLogWorker: Rolled log segment from /workdir/ratis-test/target/test/data/b2c0a8be/MiniRaftClusterWithNetty1f9c6c63/s0/7b03d609-5326-4b0a-b2d2-a1961c08437e/current/log_inprogress_224 to /workdir/ratis-test/target/test/data/b2c0a8be/MiniRaftClusterWithNetty1f9c6c63/s0/7b03d609-5326-4b0a-b2d2-a1961c08437e/current/log_224-225
2019-09-24 16:37:48,145 INFO  statemachine.SimpleStateMachine4Testing (SimpleStateMachine4Testing.java:put(198)) - s1: put 238, 0000000000... -> (t:2, i:238), STATEMACHINELOGENTRY, client-DA36977FC49F, cid=121
2019-09-24 16:37:48,147 INFO  segmented.SegmentedRaftLogWorker (SegmentedRaftLogWorker.java:execute(569)) - s2@group-A1961C08437E-SegmentedRaftLogWorker: created new log segment /workdir/ratis-test/target/test/data/b2c0a8be/MiniRaftClusterWithNetty1f9c6c63/s2/7b03d609-5326-4b0a-b2d2-a1961c08437e/current/log_inprogress_244
2019-09-24 16:37:48,153 INFO  statemachine.SimpleStateMachine4Testing (SimpleStateMachine4Testing.java:put(198)) - s2: put 240, 0000000000... -> (t:2, i:240), STATEMACHINELOGENTRY, client-6F4DA14A560B, cid=122
2019-09-24 16:37:48,154 INFO  segmented.SegmentedRaftLogWorker (SegmentedRaftLogWorker.java:rollLogSegment(385)) - s2@group-A1961C08437E-SegmentedRaftLogWorker: Rolling segment log-244_247 to index:247
2019-09-24 16:37:48,164 INFO  segmented.SegmentedRaftLogWorker (SegmentedRaftLogWorker.java:execute(569)) - s0@group-A1961C08437E-SegmentedRaftLogWorker: created new log segment /workdir/ratis-test/target/test/data/b2c0a8be/MiniRaftClusterWithNetty1f9c6c63/s0/7b03d609-5326-4b0a-b2d2-a1961c08437e/current/log_inprogress_226
2019-09-24 16:37:48,169 TRACE util.FileUtils (LogUtils.java:runAndLog(61)) - Successfully ran Files.move /workdir/ratis-test/target/test/data/b2c0a8be/MiniRaftClusterWithNetty1f9c6c63/s2/7b03d609-5326-4b0a-b2d2-a1961c08437e/current/log_inprogress_244 to /workdir/ratis-test/target/test/data/b2c0a8be/MiniRaftClusterWithNetty1f9c6c63/s2/7b03d609-5326-4b0a-b2d2-a1961c08437e/current/log_244-247
2019-09-24 16:37:48,169 INFO  segmented.SegmentedRaftLogWorker (SegmentedRaftLogWorker.java:execute(526)) - s2@group-A1961C08437E-SegmentedRaftLogWorker: Rolled log segment from /workdir/ratis-test/target/test/data/b2c0a8be/MiniRaftClusterWithNetty1f9c6c63/s2/7b03d609-5326-4b0a-b2d2-a1961c08437e/current/log_inprogress_244 to /workdir/ratis-test/target/test/data/b2c0a8be/MiniRaftClusterWithNetty1f9c6c63/s2/7b03d609-5326-4b0a-b2d2-a1961c08437e/current/log_244-247
2019-09-24 16:37:48,169 INFO  statemachine.SimpleStateMachine4Testing (SimpleStateMachine4Testing.java:put(198)) - s1: put 240, 0000000000... -> (t:2, i:240), STATEMACHINELOGENTRY, client-6F4DA14A560B, cid=122
2019-09-24 16:37:48,170 INFO  statemachine.SimpleStateMachine4Testing (SimpleStateMachine4Testing.java:put(198)) - s2: put 242, 0000000000... -> (t:2, i:242), STATEMACHINELOGENTRY, client-69912ADB290A, cid=123
2019-09-24 16:37:48,178 INFO  statemachine.SimpleStateMachine4Testing (SimpleStateMachine4Testing.java:put(198)) - s1: put 242, 0000000000... -> (t:2, i:242), STATEMACHINELOGENTRY, client-69912ADB290A, cid=123
2019-09-24 16:37:48,179 INFO  segmented.SegmentedRaftLogWorker (SegmentedRaftLogWorker.java:rollLogSegment(385)) - s1@group-A1961C08437E-SegmentedRaftLogWorker: Rolling segment log-236_243 to index:243
2019-09-24 16:37:48,179 INFO  segmented.SegmentedRaftLogWorker (SegmentedRaftLogWorker.java:rollLogSegment(385)) - s0@group-A1961C08437E-SegmentedRaftLogWorker: Rolling segment log-226_227 to index:227
2019-09-24 16:37:48,182 TRACE util.FileUtils (LogUtils.java:runAndLog(61)) - Successfully ran Files.move /workdir/ratis-test/target/test/data/b2c0a8be/MiniRaftClusterWithNetty1f9c6c63/s0/7b03d609-5326-4b0a-b2d2-a1961c08437e/current/log_inprogress_226 to /workdir/ratis-test/target/test/data/b2c0a8be/MiniRaftClusterWithNetty1f9c6c63/s0/7b03d609-5326-4b0a-b2d2-a1961c08437e/current/log_226-227
2019-09-24 16:37:48,182 TRACE util.FileUtils (LogUtils.java:runAndLog(61)) - Successfully ran Files.move /workdir/ratis-test/target/test/data/b2c0a8be/MiniRaftClusterWithNetty1f9c6c63/s1/7b03d609-5326-4b0a-b2d2-a1961c08437e/current/log_inprogress_236 to /workdir/ratis-test/target/test/data/b2c0a8be/MiniRaftClusterWithNetty1f9c6c63/s1/7b03d609-5326-4b0a-b2d2-a1961c08437e/current/log_236-243
2019-09-24 16:37:48,182 INFO  segmented.SegmentedRaftLogWorker (SegmentedRaftLogWorker.java:execute(526)) - s0@group-A1961C08437E-SegmentedRaftLogWorker: Rolled log segment from /workdir/ratis-test/target/test/data/b2c0a8be/MiniRaftClusterWithNetty1f9c6c63/s0/7b03d609-5326-4b0a-b2d2-a1961c08437e/current/log_inprogress_226 to /workdir/ratis-test/target/test/data/b2c0a8be/MiniRaftClusterWithNetty1f9c6c63/s0/7b03d609-5326-4b0a-b2d2-a1961c08437e/current/log_226-227
2019-09-24 16:37:48,182 INFO  segmented.SegmentedRaftLogWorker (SegmentedRaftLogWorker.java:execute(526)) - s1@group-A1961C08437E-SegmentedRaftLogWorker: Rolled log segment from /workdir/ratis-test/target/test/data/b2c0a8be/MiniRaftClusterWithNetty1f9c6c63/s1/7b03d609-5326-4b0a-b2d2-a1961c08437e/current/log_inprogress_236 to /workdir/ratis-test/target/test/data/b2c0a8be/MiniRaftClusterWithNetty1f9c6c63/s1/7b03d609-5326-4b0a-b2d2-a1961c08437e/current/log_236-243
2019-09-24 16:37:48,190 INFO  segmented.SegmentedRaftLogWorker (SegmentedRaftLogWorker.java:execute(569)) - s2@group-A1961C08437E-SegmentedRaftLogWorker: created new log segment /workdir/ratis-test/target/test/data/b2c0a8be/MiniRaftClusterWithNetty1f9c6c63/s2/7b03d609-5326-4b0a-b2d2-a1961c08437e/current/log_inprogress_248
2019-09-24 16:37:48,207 INFO  segmented.SegmentedRaftLogWorker (SegmentedRaftLogWorker.java:execute(569)) - s0@group-A1961C08437E-SegmentedRaftLogWorker: created new log segment /workdir/ratis-test/target/test/data/b2c0a8be/MiniRaftClusterWithNetty1f9c6c63/s0/7b03d609-5326-4b0a-b2d2-a1961c08437e/current/log_inprogress_228
2019-09-24 16:37:48,207 INFO  segmented.SegmentedRaftLogWorker (SegmentedRaftLogWorker.java:execute(569)) - s1@group-A1961C08437E-SegmentedRaftLogWorker: created new log segment /workdir/ratis-test/target/test/data/b2c0a8be/MiniRaftClusterWithNetty1f9c6c63/s1/7b03d609-5326-4b0a-b2d2-a1961c08437e/current/log_inprogress_244
2019-09-24 16:37:48,213 INFO  statemachine.SimpleStateMachine4Testing (SimpleStateMachine4Testing.java:put(198)) - s2: put 244, 3333333333... -> (t:2, i:244), STATEMACHINELOGENTRY, client-781B3BD2DEB4, cid=120
2019-09-24 16:37:48,214 INFO  segmented.SegmentedRaftLogWorker (SegmentedRaftLogWorker.java:rollLogSegment(385)) - s2@group-A1961C08437E-SegmentedRaftLogWorker: Rolling segment log-248_251 to index:251
2019-09-24 16:37:48,221 TRACE util.FileUtils (LogUtils.java:runAndLog(61)) - Successfully ran Files.move /workdir/ratis-test/target/test/data/b2c0a8be/MiniRaftClusterWithNetty1f9c6c63/s2/7b03d609-5326-4b0a-b2d2-a1961c08437e/current/log_inprogress_248 to /workdir/ratis-test/target/test/data/b2c0a8be/MiniRaftClusterWithNetty1f9c6c63/s2/7b03d609-5326-4b0a-b2d2-a1961c08437e/current/log_248-251
2019-09-24 16:37:48,221 INFO  segmented.SegmentedRaftLogWorker (SegmentedRaftLogWorker.java:execute(526)) - s2@group-A1961C08437E-SegmentedRaftLogWorker: Rolled log segment from /workdir/ratis-test/target/test/data/b2c0a8be/MiniRaftClusterWithNetty1f9c6c63/s2/7b03d609-5326-4b0a-b2d2-a1961c08437e/current/log_inprogress_248 to /workdir/ratis-test/target/test/data/b2c0a8be/MiniRaftClusterWithNetty1f9c6c63/s2/7b03d609-5326-4b0a-b2d2-a1961c08437e/current/log_248-251
2019-09-24 16:37:48,221 INFO  statemachine.SimpleStateMachine4Testing (SimpleStateMachine4Testing.java:put(198)) - s1: put 244, 3333333333... -> (t:2, i:244), STATEMACHINELOGENTRY, client-781B3BD2DEB4, cid=120
2019-09-24 16:37:48,222 INFO  segmented.SegmentedRaftLogWorker (SegmentedRaftLogWorker.java:rollLogSegment(385)) - s0@group-A1961C08437E-SegmentedRaftLogWorker: Rolling segment log-228_229 to index:229
2019-09-24 16:37:48,223 TRACE util.FileUtils (LogUtils.java:runAndLog(61)) - Successfully ran Files.move /workdir/ratis-test/target/test/data/b2c0a8be/MiniRaftClusterWithNetty1f9c6c63/s0/7b03d609-5326-4b0a-b2d2-a1961c08437e/current/log_inprogress_228 to /workdir/ratis-test/target/test/data/b2c0a8be/MiniRaftClusterWithNetty1f9c6c63/s0/7b03d609-5326-4b0a-b2d2-a1961c08437e/current/log_228-229
2019-09-24 16:37:48,223 INFO  segmented.SegmentedRaftLogWorker (SegmentedRaftLogWorker.java:execute(526)) - s0@group-A1961C08437E-SegmentedRaftLogWorker: Rolled log segment from /workdir/ratis-test/target/test/data/b2c0a8be/MiniRaftClusterWithNetty1f9c6c63/s0/7b03d609-5326-4b0a-b2d2-a1961c08437e/current/log_inprogress_228 to /workdir/ratis-test/target/test/data/b2c0a8be/MiniRaftClusterWithNetty1f9c6c63/s0/7b03d609-5326-4b0a-b2d2-a1961c08437e/current/log_228-229
2019-09-24 16:37:48,232 INFO  statemachine.SimpleStateMachine4Testing (SimpleStateMachine4Testing.java:put(198)) - s2: put 246, 1111111111... -> (t:2, i:246), STATEMACHINELOGENTRY, client-DA36977FC49F, cid=125
2019-09-24 16:37:48,241 INFO  segmented.SegmentedRaftLogWorker (SegmentedRaftLogWorker.java:execute(569)) - s0@group-A1961C08437E-SegmentedRaftLogWorker: created new log segment /workdir/ratis-test/target/test/data/b2c0a8be/MiniRaftClusterWithNetty1f9c6c63/s0/7b03d609-5326-4b0a-b2d2-a1961c08437e/current/log_inprogress_230
2019-09-24 16:37:48,241 INFO  segmented.SegmentedRaftLogWorker (SegmentedRaftLogWorker.java:execute(569)) - s2@group-A1961C08437E-SegmentedRaftLogWorker: created new log segment /workdir/ratis-test/target/test/data/b2c0a8be/MiniRaftClusterWithNetty1f9c6c63/s2/7b03d609-5326-4b0a-b2d2-a1961c08437e/current/log_inprogress_252
2019-09-24 16:37:48,247 INFO  statemachine.SimpleStateMachine4Testing (SimpleStateMachine4Testing.java:put(198)) - s1: put 246, 1111111111... -> (t:2, i:246), STATEMACHINELOGENTRY, client-DA36977FC49F, cid=125
2019-09-24 16:37:48,248 INFO  segmented.SegmentedRaftLogWorker (SegmentedRaftLogWorker.java:rollLogSegment(385)) - s1@group-A1961C08437E-SegmentedRaftLogWorker: Rolling segment log-244_247 to index:247
2019-09-24 16:37:48,249 TRACE util.FileUtils (LogUtils.java:runAndLog(61)) - Successfully ran Files.move /workdir/ratis-test/target/test/data/b2c0a8be/MiniRaftClusterWithNetty1f9c6c63/s1/7b03d609-5326-4b0a-b2d2-a1961c08437e/current/log_inprogress_244 to /workdir/ratis-test/target/test/data/b2c0a8be/MiniRaftClusterWithNetty1f9c6c63/s1/7b03d609-5326-4b0a-b2d2-a1961c08437e/current/log_244-247
2019-09-24 16:37:48,249 INFO  segmented.SegmentedRaftLogWorker (SegmentedRaftLogWorker.java:execute(526)) - s1@group-A1961C08437E-SegmentedRaftLogWorker: Rolled log segment from /workdir/ratis-test/target/test/data/b2c0a8be/MiniRaftClusterWithNetty1f9c6c63/s1/7b03d609-5326-4b0a-b2d2-a1961c08437e/current/log_inprogress_244 to /workdir/ratis-test/target/test/data/b2c0a8be/MiniRaftClusterWithNetty1f9c6c63/s1/7b03d609-5326-4b0a-b2d2-a1961c08437e/current/log_244-247
2019-09-24 16:37:48,260 INFO  segmented.SegmentedRaftLogWorker (SegmentedRaftLogWorker.java:rollLogSegment(385)) - s0@group-A1961C08437E-SegmentedRaftLogWorker: Rolling segment log-230_231 to index:231
2019-09-24 16:37:48,266 TRACE util.FileUtils (LogUtils.java:runAndLog(61)) - Successfully ran Files.move /workdir/ratis-test/target/test/data/b2c0a8be/MiniRaftClusterWithNetty1f9c6c63/s0/7b03d609-5326-4b0a-b2d2-a1961c08437e/current/log_inprogress_230 to /workdir/ratis-test/target/test/data/b2c0a8be/MiniRaftClusterWithNetty1f9c6c63/s0/7b03d609-5326-4b0a-b2d2-a1961c08437e/current/log_230-231
2019-09-24 16:37:48,266 INFO  segmented.SegmentedRaftLogWorker (SegmentedRaftLogWorker.java:execute(526)) - s0@group-A1961C08437E-SegmentedRaftLogWorker: Rolled log segment from /workdir/ratis-test/target/test/data/b2c0a8be/MiniRaftClusterWithNetty1f9c6c63/s0/7b03d609-5326-4b0a-b2d2-a1961c08437e/current/log_inprogress_230 to /workdir/ratis-test/target/test/data/b2c0a8be/MiniRaftClusterWithNetty1f9c6c63/s0/7b03d609-5326-4b0a-b2d2-a1961c08437e/current/log_230-231
2019-09-24 16:37:48,274 INFO  segmented.SegmentedRaftLogWorker (SegmentedRaftLogWorker.java:execute(569)) - s1@group-A1961C08437E-SegmentedRaftLogWorker: created new log segment /workdir/ratis-test/target/test/data/b2c0a8be/MiniRaftClusterWithNetty1f9c6c63/s1/7b03d609-5326-4b0a-b2d2-a1961c08437e/current/log_inprogress_248
2019-09-24 16:37:48,287 INFO  statemachine.SimpleStateMachine4Testing (SimpleStateMachine4Testing.java:put(198)) - s2: put 248, 1111111111... -> (t:2, i:248), STATEMACHINELOGENTRY, client-6F4DA14A560B, cid=126
2019-09-24 16:37:48,288 INFO  segmented.SegmentedRaftLogWorker (SegmentedRaftLogWorker.java:rollLogSegment(385)) - s2@group-A1961C08437E-SegmentedRaftLogWorker: Rolling segment log-252_255 to index:255
2019-09-24 16:37:48,291 TRACE util.FileUtils (LogUtils.java:runAndLog(61)) - Successfully ran Files.move /workdir/ratis-test/target/test/data/b2c0a8be/MiniRaftClusterWithNetty1f9c6c63/s2/7b03d609-5326-4b0a-b2d2-a1961c08437e/current/log_inprogress_252 to /workdir/ratis-test/target/test/data/b2c0a8be/MiniRaftClusterWithNetty1f9c6c63/s2/7b03d609-5326-4b0a-b2d2-a1961c08437e/current/log_252-255
2019-09-24 16:37:48,291 INFO  segmented.SegmentedRaftLogWorker (SegmentedRaftLogWorker.java:execute(569)) - s0@group-A1961C08437E-SegmentedRaftLogWorker: created new log segment /workdir/ratis-test/target/test/data/b2c0a8be/MiniRaftClusterWithNetty1f9c6c63/s0/7b03d609-5326-4b0a-b2d2-a1961c08437e/current/log_inprogress_232
2019-09-24 16:37:48,291 INFO  segmented.SegmentedRaftLogWorker (SegmentedRaftLogWorker.java:execute(526)) - s2@group-A1961C08437E-SegmentedRaftLogWorker: Rolled log segment from /workdir/ratis-test/target/test/data/b2c0a8be/MiniRaftClusterWithNetty1f9c6c63/s2/7b03d609-5326-4b0a-b2d2-a1961c08437e/current/log_inprogress_252 to /workdir/ratis-test/target/test/data/b2c0a8be/MiniRaftClusterWithNetty1f9c6c63/s2/7b03d609-5326-4b0a-b2d2-a1961c08437e/current/log_252-255
2019-09-24 16:37:48,299 INFO  statemachine.SimpleStateMachine4Testing (SimpleStateMachine4Testing.java:put(198)) - s1: put 248, 1111111111... -> (t:2, i:248), STATEMACHINELOGENTRY, client-6F4DA14A560B, cid=126
2019-09-24 16:37:48,299 INFO  statemachine.SimpleStateMachine4Testing (SimpleStateMachine4Testing.java:put(198)) - s2: put 250, 1111111111... -> (t:2, i:250), STATEMACHINELOGENTRY, client-69912ADB290A, cid=127
2019-09-24 16:37:48,309 INFO  statemachine.SimpleStateMachine4Testing (SimpleStateMachine4Testing.java:put(198)) - s1: put 250, 1111111111... -> (t:2, i:250), STATEMACHINELOGENTRY, client-69912ADB290A, cid=127
2019-09-24 16:37:48,310 INFO  segmented.SegmentedRaftLogWorker (SegmentedRaftLogWorker.java:rollLogSegment(385)) - s1@group-A1961C08437E-SegmentedRaftLogWorker: Rolling segment log-248_251 to index:251
2019-09-24 16:37:48,310 INFO  segmented.SegmentedRaftLogWorker (SegmentedRaftLogWorker.java:rollLogSegment(385)) - s0@group-A1961C08437E-SegmentedRaftLogWorker: Rolling segment log-232_233 to index:233
2019-09-24 16:37:48,311 TRACE util.FileUtils (LogUtils.java:runAndLog(61)) - Successfully ran Files.move /workdir/ratis-test/target/test/data/b2c0a8be/MiniRaftClusterWithNetty1f9c6c63/s1/7b03d609-5326-4b0a-b2d2-a1961c08437e/current/log_inprogress_248 to /workdir/ratis-test/target/test/data/b2c0a8be/MiniRaftClusterWithNetty1f9c6c63/s1/7b03d609-5326-4b0a-b2d2-a1961c08437e/current/log_248-251
2019-09-24 16:37:48,311 INFO  segmented.SegmentedRaftLogWorker (SegmentedRaftLogWorker.java:execute(526)) - s1@group-A1961C08437E-SegmentedRaftLogWorker: Rolled log segment from /workdir/ratis-test/target/test/data/b2c0a8be/MiniRaftClusterWithNetty1f9c6c63/s1/7b03d609-5326-4b0a-b2d2-a1961c08437e/current/log_inprogress_248 to /workdir/ratis-test/target/test/data/b2c0a8be/MiniRaftClusterWithNetty1f9c6c63/s1/7b03d609-5326-4b0a-b2d2-a1961c08437e/current/log_248-251
2019-09-24 16:37:48,311 TRACE util.FileUtils (LogUtils.java:runAndLog(61)) - Successfully ran Files.move /workdir/ratis-test/target/test/data/b2c0a8be/MiniRaftClusterWithNetty1f9c6c63/s0/7b03d609-5326-4b0a-b2d2-a1961c08437e/current/log_inprogress_232 to /workdir/ratis-test/target/test/data/b2c0a8be/MiniRaftClusterWithNetty1f9c6c63/s0/7b03d609-5326-4b0a-b2d2-a1961c08437e/current/log_232-233
2019-09-24 16:37:48,311 INFO  segmented.SegmentedRaftLogWorker (SegmentedRaftLogWorker.java:execute(526)) - s0@group-A1961C08437E-SegmentedRaftLogWorker: Rolled log segment from /workdir/ratis-test/target/test/data/b2c0a8be/MiniRaftClusterWithNetty1f9c6c63/s0/7b03d609-5326-4b0a-b2d2-a1961c08437e/current/log_inprogress_232 to /workdir/ratis-test/target/test/data/b2c0a8be/MiniRaftClusterWithNetty1f9c6c63/s0/7b03d609-5326-4b0a-b2d2-a1961c08437e/current/log_232-233
2019-09-24 16:37:48,317 INFO  segmented.SegmentedRaftLogWorker (SegmentedRaftLogWorker.java:execute(569)) - s2@group-A1961C08437E-SegmentedRaftLogWorker: created new log segment /workdir/ratis-test/target/test/data/b2c0a8be/MiniRaftClusterWithNetty1f9c6c63/s2/7b03d609-5326-4b0a-b2d2-a1961c08437e/current/log_inprogress_256
2019-09-24 16:37:48,334 INFO  segmented.SegmentedRaftLogWorker (SegmentedRaftLogWorker.java:execute(569)) - s1@group-A1961C08437E-SegmentedRaftLogWorker: created new log segment /workdir/ratis-test/target/test/data/b2c0a8be/MiniRaftClusterWithNetty1f9c6c63/s1/7b03d609-5326-4b0a-b2d2-a1961c08437e/current/log_inprogress_252
2019-09-24 16:37:48,334 INFO  segmented.SegmentedRaftLogWorker (SegmentedRaftLogWorker.java:execute(569)) - s0@group-A1961C08437E-SegmentedRaftLogWorker: created new log segment /workdir/ratis-test/target/test/data/b2c0a8be/MiniRaftClusterWithNetty1f9c6c63/s0/7b03d609-5326-4b0a-b2d2-a1961c08437e/current/log_inprogress_234
2019-09-24 16:37:48,342 INFO  statemachine.SimpleStateMachine4Testing (SimpleStateMachine4Testing.java:put(198)) - s2: put 252, 3333333333... -> (t:2, i:252), STATEMACHINELOGENTRY, client-D98953169D47, cid=124
2019-09-24 16:37:48,343 INFO  segmented.SegmentedRaftLogWorker (SegmentedRaftLogWorker.java:rollLogSegment(385)) - s2@group-A1961C08437E-SegmentedRaftLogWorker: Rolling segment log-256_259 to index:259
2019-09-24 16:37:48,348 TRACE util.FileUtils (LogUtils.java:runAndLog(61)) - Successfully ran Files.move /workdir/ratis-test/target/test/data/b2c0a8be/MiniRaftClusterWithNetty1f9c6c63/s2/7b03d609-5326-4b0a-b2d2-a1961c08437e/current/log_inprogress_256 to /workdir/ratis-test/target/test/data/b2c0a8be/MiniRaftClusterWithNetty1f9c6c63/s2/7b03d609-5326-4b0a-b2d2-a1961c08437e/current/log_256-259
2019-09-24 16:37:48,348 INFO  segmented.SegmentedRaftLogWorker (SegmentedRaftLogWorker.java:execute(526)) - s2@group-A1961C08437E-SegmentedRaftLogWorker: Rolled log segment from /workdir/ratis-test/target/test/data/b2c0a8be/MiniRaftClusterWithNetty1f9c6c63/s2/7b03d609-5326-4b0a-b2d2-a1961c08437e/current/log_inprogress_256 to /workdir/ratis-test/target/test/data/b2c0a8be/MiniRaftClusterWithNetty1f9c6c63/s2/7b03d609-5326-4b0a-b2d2-a1961c08437e/current/log_256-259
2019-09-24 16:37:48,350 INFO  segmented.SegmentedRaftLogWorker (SegmentedRaftLogWorker.java:rollLogSegment(385)) - s0@group-A1961C08437E-SegmentedRaftLogWorker: Rolling segment log-234_235 to index:235
2019-09-24 16:37:48,350 TRACE util.FileUtils (LogUtils.java:runAndLog(61)) - Successfully ran Files.move /workdir/ratis-test/target/test/data/b2c0a8be/MiniRaftClusterWithNetty1f9c6c63/s0/7b03d609-5326-4b0a-b2d2-a1961c08437e/current/log_inprogress_234 to /workdir/ratis-test/target/test/data/b2c0a8be/MiniRaftClusterWithNetty1f9c6c63/s0/7b03d609-5326-4b0a-b2d2-a1961c08437e/current/log_234-235
2019-09-24 16:37:48,350 INFO  segmented.SegmentedRaftLogWorker (SegmentedRaftLogWorker.java:execute(526)) - s0@group-A1961C08437E-SegmentedRaftLogWorker: Rolled log segment from /workdir/ratis-test/target/test/data/b2c0a8be/MiniRaftClusterWithNetty1f9c6c63/s0/7b03d609-5326-4b0a-b2d2-a1961c08437e/current/log_inprogress_234 to /workdir/ratis-test/target/test/data/b2c0a8be/MiniRaftClusterWithNetty1f9c6c63/s0/7b03d609-5326-4b0a-b2d2-a1961c08437e/current/log_234-235
2019-09-24 16:37:48,360 INFO  statemachine.SimpleStateMachine4Testing (SimpleStateMachine4Testing.java:put(198)) - s1: put 252, 3333333333... -> (t:2, i:252), STATEMACHINELOGENTRY, client-D98953169D47, cid=124
2019-09-24 16:37:48,360 INFO  statemachine.SimpleStateMachine4Testing (SimpleStateMachine4Testing.java:put(198)) - s2: put 254, 2222222222... -> (t:2, i:254), STATEMACHINELOGENTRY, client-DA36977FC49F, cid=129
2019-09-24 16:37:48,361 INFO  segmented.SegmentedRaftLogWorker (SegmentedRaftLogWorker.java:rollLogSegment(385)) - s2@group-A1961C08437E-SegmentedRaftLogWorker: Rolling segment log-260_261 to index:261
2019-09-24 16:37:48,376 INFO  segmented.SegmentedRaftLogWorker (SegmentedRaftLogWorker.java:execute(569)) - s0@group-A1961C08437E-SegmentedRaftLogWorker: created new log segment /workdir/ratis-test/target/test/data/b2c0a8be/MiniRaftClusterWithNetty1f9c6c63/s0/7b03d609-5326-4b0a-b2d2-a1961c08437e/current/log_inprogress_236
2019-09-24 16:37:48,376 INFO  segmented.SegmentedRaftLogWorker (SegmentedRaftLogWorker.java:execute(569)) - s2@group-A1961C08437E-SegmentedRaftLogWorker: created new log segment /workdir/ratis-test/target/test/data/b2c0a8be/MiniRaftClusterWithNetty1f9c6c63/s2/7b03d609-5326-4b0a-b2d2-a1961c08437e/current/log_inprogress_260
2019-09-24 16:37:48,402 INFO  statemachine.SimpleStateMachine4Testing (SimpleStateMachine4Testing.java:put(198)) - s1: put 254, 2222222222... -> (t:2, i:254), STATEMACHINELOGENTRY, client-DA36977FC49F, cid=129
2019-09-24 16:37:48,402 TRACE util.FileUtils (LogUtils.java:runAndLog(61)) - Successfully ran Files.move /workdir/ratis-test/target/test/data/b2c0a8be/MiniRaftClusterWithNetty1f9c6c63/s2/7b03d609-5326-4b0a-b2d2-a1961c08437e/current/log_inprogress_260 to /workdir/ratis-test/target/test/data/b2c0a8be/MiniRaftClusterWithNetty1f9c6c63/s2/7b03d609-5326-4b0a-b2d2-a1961c08437e/current/log_260-261
2019-09-24 16:37:48,402 INFO  segmented.SegmentedRaftLogWorker (SegmentedRaftLogWorker.java:execute(526)) - s2@group-A1961C08437E-SegmentedRaftLogWorker: Rolled log segment from /workdir/ratis-test/target/test/data/b2c0a8be/MiniRaftClusterWithNetty1f9c6c63/s2/7b03d609-5326-4b0a-b2d2-a1961c08437e/current/log_inprogress_260 to /workdir/ratis-test/target/test/data/b2c0a8be/MiniRaftClusterWithNetty1f9c6c63/s2/7b03d609-5326-4b0a-b2d2-a1961c08437e/current/log_260-261
2019-09-24 16:37:48,403 INFO  segmented.SegmentedRaftLogWorker (SegmentedRaftLogWorker.java:rollLogSegment(385)) - s1@group-A1961C08437E-SegmentedRaftLogWorker: Rolling segment log-252_255 to index:255
2019-09-24 16:37:48,403 TRACE util.FileUtils (LogUtils.java:runAndLog(61)) - Successfully ran Files.move /workdir/ratis-test/target/test/data/b2c0a8be/MiniRaftClusterWithNetty1f9c6c63/s1/7b03d609-5326-4b0a-b2d2-a1961c08437e/current/log_inprogress_252 to /workdir/ratis-test/target/test/data/b2c0a8be/MiniRaftClusterWithNetty1f9c6c63/s1/7b03d609-5326-4b0a-b2d2-a1961c08437e/current/log_252-255
2019-09-24 16:37:48,404 INFO  segmented.SegmentedRaftLogWorker (SegmentedRaftLogWorker.java:execute(526)) - s1@group-A1961C08437E-SegmentedRaftLogWorker: Rolled log segment from /workdir/ratis-test/target/test/data/b2c0a8be/MiniRaftClusterWithNetty1f9c6c63/s1/7b03d609-5326-4b0a-b2d2-a1961c08437e/current/log_inprogress_252 to /workdir/ratis-test/target/test/data/b2c0a8be/MiniRaftClusterWithNetty1f9c6c63/s1/7b03d609-5326-4b0a-b2d2-a1961c08437e/current/log_252-255
2019-09-24 16:37:48,426 INFO  segmented.SegmentedRaftLogWorker (SegmentedRaftLogWorker.java:execute(569)) - s1@group-A1961C08437E-SegmentedRaftLogWorker: created new log segment /workdir/ratis-test/target/test/data/b2c0a8be/MiniRaftClusterWithNetty1f9c6c63/s1/7b03d609-5326-4b0a-b2d2-a1961c08437e/current/log_inprogress_256
2019-09-24 16:37:48,426 INFO  segmented.SegmentedRaftLogWorker (SegmentedRaftLogWorker.java:execute(569)) - s2@group-A1961C08437E-SegmentedRaftLogWorker: created new log segment /workdir/ratis-test/target/test/data/b2c0a8be/MiniRaftClusterWithNetty1f9c6c63/s2/7b03d609-5326-4b0a-b2d2-a1961c08437e/current/log_inprogress_262
2019-09-24 16:37:48,436 INFO  statemachine.SimpleStateMachine4Testing (SimpleStateMachine4Testing.java:put(198)) - s2: put 256, 2222222222... -> (t:2, i:256), STATEMACHINELOGENTRY, client-6F4DA14A560B, cid=130
2019-09-24 16:37:48,437 INFO  segmented.SegmentedRaftLogWorker (SegmentedRaftLogWorker.java:rollLogSegment(385)) - s2@group-A1961C08437E-SegmentedRaftLogWorker: Rolling segment log-262_263 to index:263
2019-09-24 16:37:48,456 TRACE util.FileUtils (LogUtils.java:runAndLog(61)) - Successfully ran Files.move /workdir/ratis-test/target/test/data/b2c0a8be/MiniRaftClusterWithNetty1f9c6c63/s2/7b03d609-5326-4b0a-b2d2-a1961c08437e/current/log_inprogress_262 to /workdir/ratis-test/target/test/data/b2c0a8be/MiniRaftClusterWithNetty1f9c6c63/s2/7b03d609-5326-4b0a-b2d2-a1961c08437e/current/log_262-263
2019-09-24 16:37:48,457 INFO  segmented.SegmentedRaftLogWorker (SegmentedRaftLogWorker.java:execute(526)) - s2@group-A1961C08437E-SegmentedRaftLogWorker: Rolled log segment from /workdir/ratis-test/target/test/data/b2c0a8be/MiniRaftClusterWithNetty1f9c6c63/s2/7b03d609-5326-4b0a-b2d2-a1961c08437e/current/log_inprogress_262 to /workdir/ratis-test/target/test/data/b2c0a8be/MiniRaftClusterWithNetty1f9c6c63/s2/7b03d609-5326-4b0a-b2d2-a1961c08437e/current/log_262-263
2019-09-24 16:37:48,468 INFO  statemachine.SimpleStateMachine4Testing (SimpleStateMachine4Testing.java:put(198)) - s1: put 256, 2222222222... -> (t:2, i:256), STATEMACHINELOGENTRY, client-6F4DA14A560B, cid=130
2019-09-24 16:37:48,469 INFO  statemachine.SimpleStateMachine4Testing (SimpleStateMachine4Testing.java:put(198)) - s2: put 258, 2222222222... -> (t:2, i:258), STATEMACHINELOGENTRY, client-69912ADB290A, cid=131
2019-09-24 16:37:48,470 INFO  segmented.SegmentedRaftLogWorker (SegmentedRaftLogWorker.java:rollLogSegment(385)) - s2@group-A1961C08437E-SegmentedRaftLogWorker: Rolling segment log-264_265 to index:265
2019-09-24 16:37:48,485 INFO  segmented.SegmentedRaftLogWorker (SegmentedRaftLogWorker.java:execute(569)) - s2@group-A1961C08437E-SegmentedRaftLogWorker: created new log segment /workdir/ratis-test/target/test/data/b2c0a8be/MiniRaftClusterWithNetty1f9c6c63/s2/7b03d609-5326-4b0a-b2d2-a1961c08437e/current/log_inprogress_264
2019-09-24 16:37:48,486 TRACE util.FileUtils (LogUtils.java:runAndLog(61)) - Successfully ran Files.move /workdir/ratis-test/target/test/data/b2c0a8be/MiniRaftClusterWithNetty1f9c6c63/s2/7b03d609-5326-4b0a-b2d2-a1961c08437e/current/log_inprogress_264 to /workdir/ratis-test/target/test/data/b2c0a8be/MiniRaftClusterWithNetty1f9c6c63/s2/7b03d609-5326-4b0a-b2d2-a1961c08437e/current/log_264-265
2019-09-24 16:37:48,487 INFO  segmented.SegmentedRaftLogWorker (SegmentedRaftLogWorker.java:execute(526)) - s2@group-A1961C08437E-SegmentedRaftLogWorker: Rolled log segment from /workdir/ratis-test/target/test/data/b2c0a8be/MiniRaftClusterWithNetty1f9c6c63/s2/7b03d609-5326-4b0a-b2d2-a1961c08437e/current/log_inprogress_264 to /workdir/ratis-test/target/test/data/b2c0a8be/MiniRaftClusterWithNetty1f9c6c63/s2/7b03d609-5326-4b0a-b2d2-a1961c08437e/current/log_264-265
2019-09-24 16:37:48,488 INFO  segmented.SegmentedRaftLogWorker (SegmentedRaftLogWorker.java:rollLogSegment(385)) - s1@group-A1961C08437E-SegmentedRaftLogWorker: Rolling segment log-256_259 to index:259
2019-09-24 16:37:48,488 TRACE util.FileUtils (LogUtils.java:runAndLog(61)) - Successfully ran Files.move /workdir/ratis-test/target/test/data/b2c0a8be/MiniRaftClusterWithNetty1f9c6c63/s1/7b03d609-5326-4b0a-b2d2-a1961c08437e/current/log_inprogress_256 to /workdir/ratis-test/target/test/data/b2c0a8be/MiniRaftClusterWithNetty1f9c6c63/s1/7b03d609-5326-4b0a-b2d2-a1961c08437e/current/log_256-259
2019-09-24 16:37:48,488 INFO  segmented.SegmentedRaftLogWorker (SegmentedRaftLogWorker.java:execute(526)) - s1@group-A1961C08437E-SegmentedRaftLogWorker: Rolled log segment from /workdir/ratis-test/target/test/data/b2c0a8be/MiniRaftClusterWithNetty1f9c6c63/s1/7b03d609-5326-4b0a-b2d2-a1961c08437e/current/log_inprogress_256 to /workdir/ratis-test/target/test/data/b2c0a8be/MiniRaftClusterWithNetty1f9c6c63/s1/7b03d609-5326-4b0a-b2d2-a1961c08437e/current/log_256-259
2019-09-24 16:37:48,507 INFO  segmented.SegmentedRaftLogWorker (SegmentedRaftLogWorker.java:rollLogSegment(385)) - s0@group-A1961C08437E-SegmentedRaftLogWorker: Rolling segment log-236_243 to index:243
2019-09-24 16:37:48,508 TRACE util.FileUtils (LogUtils.java:runAndLog(61)) - Successfully ran Files.move /workdir/ratis-test/target/test/data/b2c0a8be/MiniRaftClusterWithNetty1f9c6c63/s0/7b03d609-5326-4b0a-b2d2-a1961c08437e/current/log_inprogress_236 to /workdir/ratis-test/target/test/data/b2c0a8be/MiniRaftClusterWithNetty1f9c6c63/s0/7b03d609-5326-4b0a-b2d2-a1961c08437e/current/log_236-243
2019-09-24 16:37:48,508 INFO  segmented.SegmentedRaftLogWorker (SegmentedRaftLogWorker.java:execute(526)) - s0@group-A1961C08437E-SegmentedRaftLogWorker: Rolled log segment from /workdir/ratis-test/target/test/data/b2c0a8be/MiniRaftClusterWithNetty1f9c6c63/s0/7b03d609-5326-4b0a-b2d2-a1961c08437e/current/log_inprogress_236 to /workdir/ratis-test/target/test/data/b2c0a8be/MiniRaftClusterWithNetty1f9c6c63/s0/7b03d609-5326-4b0a-b2d2-a1961c08437e/current/log_236-243
2019-09-24 16:37:48,510 INFO  segmented.SegmentedRaftLogWorker (SegmentedRaftLogWorker.java:execute(569)) - s1@group-A1961C08437E-SegmentedRaftLogWorker: created new log segment /workdir/ratis-test/target/test/data/b2c0a8be/MiniRaftClusterWithNetty1f9c6c63/s1/7b03d609-5326-4b0a-b2d2-a1961c08437e/current/log_inprogress_260
2019-09-24 16:37:48,510 INFO  segmented.SegmentedRaftLogWorker (SegmentedRaftLogWorker.java:execute(569)) - s2@group-A1961C08437E-SegmentedRaftLogWorker: created new log segment /workdir/ratis-test/target/test/data/b2c0a8be/MiniRaftClusterWithNetty1f9c6c63/s2/7b03d609-5326-4b0a-b2d2-a1961c08437e/current/log_inprogress_266
2019-09-24 16:37:48,515 INFO  statemachine.SimpleStateMachine4Testing (SimpleStateMachine4Testing.java:put(198)) - s1: put 258, 2222222222... -> (t:2, i:258), STATEMACHINELOGENTRY, client-69912ADB290A, cid=131
2019-09-24 16:37:48,516 INFO  statemachine.SimpleStateMachine4Testing (SimpleStateMachine4Testing.java:put(198)) - s2: put 260, 4444444444... -> (t:2, i:260), STATEMACHINELOGENTRY, client-781B3BD2DEB4, cid=128
2019-09-24 16:37:48,516 INFO  segmented.SegmentedRaftLogWorker (SegmentedRaftLogWorker.java:rollLogSegment(385)) - s2@group-A1961C08437E-SegmentedRaftLogWorker: Rolling segment log-266_267 to index:267
2019-09-24 16:37:48,526 TRACE util.FileUtils (LogUtils.java:runAndLog(61)) - Successfully ran Files.move /workdir/ratis-test/target/test/data/b2c0a8be/MiniRaftClusterWithNetty1f9c6c63/s2/7b03d609-5326-4b0a-b2d2-a1961c08437e/current/log_inprogress_266 to /workdir/ratis-test/target/test/data/b2c0a8be/MiniRaftClusterWithNetty1f9c6c63/s2/7b03d609-5326-4b0a-b2d2-a1961c08437e/current/log_266-267
2019-09-24 16:37:48,526 INFO  segmented.SegmentedRaftLogWorker (SegmentedRaftLogWorker.java:execute(526)) - s2@group-A1961C08437E-SegmentedRaftLogWorker: Rolled log segment from /workdir/ratis-test/target/test/data/b2c0a8be/MiniRaftClusterWithNetty1f9c6c63/s2/7b03d609-5326-4b0a-b2d2-a1961c08437e/current/log_inprogress_266 to /workdir/ratis-test/target/test/data/b2c0a8be/MiniRaftClusterWithNetty1f9c6c63/s2/7b03d609-5326-4b0a-b2d2-a1961c08437e/current/log_266-267
2019-09-24 16:37:48,526 INFO  segmented.SegmentedRaftLogWorker (SegmentedRaftLogWorker.java:rollLogSegment(385)) - s1@group-A1961C08437E-SegmentedRaftLogWorker: Rolling segment log-260_261 to index:261
2019-09-24 16:37:48,527 INFO  segmented.SegmentedRaftLogWorker (SegmentedRaftLogWorker.java:execute(569)) - s0@group-A1961C08437E-SegmentedRaftLogWorker: created new log segment /workdir/ratis-test/target/test/data/b2c0a8be/MiniRaftClusterWithNetty1f9c6c63/s0/7b03d609-5326-4b0a-b2d2-a1961c08437e/current/log_inprogress_244
2019-09-24 16:37:48,527 TRACE util.FileUtils (LogUtils.java:runAndLog(61)) - Successfully ran Files.move /workdir/ratis-test/target/test/data/b2c0a8be/MiniRaftClusterWithNetty1f9c6c63/s1/7b03d609-5326-4b0a-b2d2-a1961c08437e/current/log_inprogress_260 to /workdir/ratis-test/target/test/data/b2c0a8be/MiniRaftClusterWithNetty1f9c6c63/s1/7b03d609-5326-4b0a-b2d2-a1961c08437e/current/log_260-261
2019-09-24 16:37:48,527 INFO  segmented.SegmentedRaftLogWorker (SegmentedRaftLogWorker.java:execute(526)) - s1@group-A1961C08437E-SegmentedRaftLogWorker: Rolled log segment from /workdir/ratis-test/target/test/data/b2c0a8be/MiniRaftClusterWithNetty1f9c6c63/s1/7b03d609-5326-4b0a-b2d2-a1961c08437e/current/log_inprogress_260 to /workdir/ratis-test/target/test/data/b2c0a8be/MiniRaftClusterWithNetty1f9c6c63/s1/7b03d609-5326-4b0a-b2d2-a1961c08437e/current/log_260-261
2019-09-24 16:37:48,544 INFO  segmented.SegmentedRaftLogWorker (SegmentedRaftLogWorker.java:execute(569)) - s1@group-A1961C08437E-SegmentedRaftLogWorker: created new log segment /workdir/ratis-test/target/test/data/b2c0a8be/MiniRaftClusterWithNetty1f9c6c63/s1/7b03d609-5326-4b0a-b2d2-a1961c08437e/current/log_inprogress_262
2019-09-24 16:37:48,544 INFO  segmented.SegmentedRaftLogWorker (SegmentedRaftLogWorker.java:execute(569)) - s2@group-A1961C08437E-SegmentedRaftLogWorker: created new log segment /workdir/ratis-test/target/test/data/b2c0a8be/MiniRaftClusterWithNetty1f9c6c63/s2/7b03d609-5326-4b0a-b2d2-a1961c08437e/current/log_inprogress_268
2019-09-24 16:37:48,565 INFO  statemachine.SimpleStateMachine4Testing (SimpleStateMachine4Testing.java:put(198)) - s1: put 260, 4444444444... -> (t:2, i:260), STATEMACHINELOGENTRY, client-781B3BD2DEB4, cid=128
2019-09-24 16:37:48,566 INFO  statemachine.SimpleStateMachine4Testing (SimpleStateMachine4Testing.java:put(198)) - s2: put 262, 3333333333... -> (t:2, i:262), STATEMACHINELOGENTRY, client-DA36977FC49F, cid=133
2019-09-24 16:37:48,567 INFO  segmented.SegmentedRaftLogWorker (SegmentedRaftLogWorker.java:rollLogSegment(385)) - s2@group-A1961C08437E-SegmentedRaftLogWorker: Rolling segment log-268_269 to index:269
2019-09-24 16:37:48,574 TRACE util.FileUtils (LogUtils.java:runAndLog(61)) - Successfully ran Files.move /workdir/ratis-test/target/test/data/b2c0a8be/MiniRaftClusterWithNetty1f9c6c63/s2/7b03d609-5326-4b0a-b2d2-a1961c08437e/current/log_inprogress_268 to /workdir/ratis-test/target/test/data/b2c0a8be/MiniRaftClusterWithNetty1f9c6c63/s2/7b03d609-5326-4b0a-b2d2-a1961c08437e/current/log_268-269
2019-09-24 16:37:48,574 INFO  statemachine.SimpleStateMachine4Testing (SimpleStateMachine4Testing.java:put(198)) - s1: put 262, 3333333333... -> (t:2, i:262), STATEMACHINELOGENTRY, client-DA36977FC49F, cid=133
2019-09-24 16:37:48,574 INFO  segmented.SegmentedRaftLogWorker (SegmentedRaftLogWorker.java:execute(526)) - s2@group-A1961C08437E-SegmentedRaftLogWorker: Rolled log segment from /workdir/ratis-test/target/test/data/b2c0a8be/MiniRaftClusterWithNetty1f9c6c63/s2/7b03d609-5326-4b0a-b2d2-a1961c08437e/current/log_inprogress_268 to /workdir/ratis-test/target/test/data/b2c0a8be/MiniRaftClusterWithNetty1f9c6c63/s2/7b03d609-5326-4b0a-b2d2-a1961c08437e/current/log_268-269
2019-09-24 16:37:48,575 INFO  segmented.SegmentedRaftLogWorker (SegmentedRaftLogWorker.java:rollLogSegment(385)) - s1@group-A1961C08437E-SegmentedRaftLogWorker: Rolling segment log-262_263 to index:263
2019-09-24 16:37:48,576 TRACE util.FileUtils (LogUtils.java:runAndLog(61)) - Successfully ran Files.move /workdir/ratis-test/target/test/data/b2c0a8be/MiniRaftClusterWithNetty1f9c6c63/s1/7b03d609-5326-4b0a-b2d2-a1961c08437e/current/log_inprogress_262 to /workdir/ratis-test/target/test/data/b2c0a8be/MiniRaftClusterWithNetty1f9c6c63/s1/7b03d609-5326-4b0a-b2d2-a1961c08437e/current/log_262-263
2019-09-24 16:37:48,576 INFO  segmented.SegmentedRaftLogWorker (SegmentedRaftLogWorker.java:execute(526)) - s1@group-A1961C08437E-SegmentedRaftLogWorker: Rolled log segment from /workdir/ratis-test/target/test/data/b2c0a8be/MiniRaftClusterWithNetty1f9c6c63/s1/7b03d609-5326-4b0a-b2d2-a1961c08437e/current/log_inprogress_262 to /workdir/ratis-test/target/test/data/b2c0a8be/MiniRaftClusterWithNetty1f9c6c63/s1/7b03d609-5326-4b0a-b2d2-a1961c08437e/current/log_262-263
2019-09-24 16:37:48,582 INFO  segmented.SegmentedRaftLogWorker (SegmentedRaftLogWorker.java:rollLogSegment(385)) - s0@group-A1961C08437E-SegmentedRaftLogWorker: Rolling segment log-244_247 to index:247
2019-09-24 16:37:48,586 TRACE util.FileUtils (LogUtils.java:runAndLog(61)) - Successfully ran Files.move /workdir/ratis-test/target/test/data/b2c0a8be/MiniRaftClusterWithNetty1f9c6c63/s0/7b03d609-5326-4b0a-b2d2-a1961c08437e/current/log_inprogress_244 to /workdir/ratis-test/target/test/data/b2c0a8be/MiniRaftClusterWithNetty1f9c6c63/s0/7b03d609-5326-4b0a-b2d2-a1961c08437e/current/log_244-247
2019-09-24 16:37:48,587 INFO  segmented.SegmentedRaftLogWorker (SegmentedRaftLogWorker.java:execute(526)) - s0@group-A1961C08437E-SegmentedRaftLogWorker: Rolled log segment from /workdir/ratis-test/target/test/data/b2c0a8be/MiniRaftClusterWithNetty1f9c6c63/s0/7b03d609-5326-4b0a-b2d2-a1961c08437e/current/log_inprogress_244 to /workdir/ratis-test/target/test/data/b2c0a8be/MiniRaftClusterWithNetty1f9c6c63/s0/7b03d609-5326-4b0a-b2d2-a1961c08437e/current/log_244-247
2019-09-24 16:37:48,604 INFO  segmented.SegmentedRaftLogWorker (SegmentedRaftLogWorker.java:execute(569)) - s1@group-A1961C08437E-SegmentedRaftLogWorker: created new log segment /workdir/ratis-test/target/test/data/b2c0a8be/MiniRaftClusterWithNetty1f9c6c63/s1/7b03d609-5326-4b0a-b2d2-a1961c08437e/current/log_inprogress_264
2019-09-24 16:37:48,604 INFO  segmented.SegmentedRaftLogWorker (SegmentedRaftLogWorker.java:execute(569)) - s2@group-A1961C08437E-SegmentedRaftLogWorker: created new log segment /workdir/ratis-test/target/test/data/b2c0a8be/MiniRaftClusterWithNetty1f9c6c63/s2/7b03d609-5326-4b0a-b2d2-a1961c08437e/current/log_inprogress_270
2019-09-24 16:37:48,631 INFO  statemachine.SimpleStateMachine4Testing (SimpleStateMachine4Testing.java:put(198)) - s2: put 264, 3333333333... -> (t:2, i:264), STATEMACHINELOGENTRY, client-6F4DA14A560B, cid=134
2019-09-24 16:37:48,633 INFO  segmented.SegmentedRaftLogWorker (SegmentedRaftLogWorker.java:rollLogSegment(385)) - s2@group-A1961C08437E-SegmentedRaftLogWorker: Rolling segment log-270_271 to index:271
2019-09-24 16:37:48,640 INFO  segmented.SegmentedRaftLogWorker (SegmentedRaftLogWorker.java:execute(569)) - s0@group-A1961C08437E-SegmentedRaftLogWorker: created new log segment /workdir/ratis-test/target/test/data/b2c0a8be/MiniRaftClusterWithNetty1f9c6c63/s0/7b03d609-5326-4b0a-b2d2-a1961c08437e/current/log_inprogress_248
2019-09-24 16:37:48,641 TRACE util.FileUtils (LogUtils.java:runAndLog(61)) - Successfully ran Files.move /workdir/ratis-test/target/test/data/b2c0a8be/MiniRaftClusterWithNetty1f9c6c63/s2/7b03d609-5326-4b0a-b2d2-a1961c08437e/current/log_inprogress_270 to /workdir/ratis-test/target/test/data/b2c0a8be/MiniRaftClusterWithNetty1f9c6c63/s2/7b03d609-5326-4b0a-b2d2-a1961c08437e/current/log_270-271
2019-09-24 16:37:48,641 INFO  segmented.SegmentedRaftLogWorker (SegmentedRaftLogWorker.java:execute(526)) - s2@group-A1961C08437E-SegmentedRaftLogWorker: Rolled log segment from /workdir/ratis-test/target/test/data/b2c0a8be/MiniRaftClusterWithNetty1f9c6c63/s2/7b03d609-5326-4b0a-b2d2-a1961c08437e/current/log_inprogress_270 to /workdir/ratis-test/target/test/data/b2c0a8be/MiniRaftClusterWithNetty1f9c6c63/s2/7b03d609-5326-4b0a-b2d2-a1961c08437e/current/log_270-271
2019-09-24 16:37:48,642 INFO  statemachine.SimpleStateMachine4Testing (SimpleStateMachine4Testing.java:put(198)) - s1: put 264, 3333333333... -> (t:2, i:264), STATEMACHINELOGENTRY, client-6F4DA14A560B, cid=134
2019-09-24 16:37:48,643 INFO  segmented.SegmentedRaftLogWorker (SegmentedRaftLogWorker.java:rollLogSegment(385)) - s1@group-A1961C08437E-SegmentedRaftLogWorker: Rolling segment log-264_265 to index:265
2019-09-24 16:37:48,644 TRACE util.FileUtils (LogUtils.java:runAndLog(61)) - Successfully ran Files.move /workdir/ratis-test/target/test/data/b2c0a8be/MiniRaftClusterWithNetty1f9c6c63/s1/7b03d609-5326-4b0a-b2d2-a1961c08437e/current/log_inprogress_264 to /workdir/ratis-test/target/test/data/b2c0a8be/MiniRaftClusterWithNetty1f9c6c63/s1/7b03d609-5326-4b0a-b2d2-a1961c08437e/current/log_264-265
2019-09-24 16:37:48,644 INFO  segmented.SegmentedRaftLogWorker (SegmentedRaftLogWorker.java:execute(526)) - s1@group-A1961C08437E-SegmentedRaftLogWorker: Rolled log segment from /workdir/ratis-test/target/test/data/b2c0a8be/MiniRaftClusterWithNetty1f9c6c63/s1/7b03d609-5326-4b0a-b2d2-a1961c08437e/current/log_inprogress_264 to /workdir/ratis-test/target/test/data/b2c0a8be/MiniRaftClusterWithNetty1f9c6c63/s1/7b03d609-5326-4b0a-b2d2-a1961c08437e/current/log_264-265
2019-09-24 16:37:48,671 INFO  segmented.SegmentedRaftLogWorker (SegmentedRaftLogWorker.java:execute(569)) - s1@group-A1961C08437E-SegmentedRaftLogWorker: created new log segment /workdir/ratis-test/target/test/data/b2c0a8be/MiniRaftClusterWithNetty1f9c6c63/s1/7b03d609-5326-4b0a-b2d2-a1961c08437e/current/log_inprogress_266
2019-09-24 16:37:48,671 INFO  segmented.SegmentedRaftLogWorker (SegmentedRaftLogWorker.java:execute(569)) - s2@group-A1961C08437E-SegmentedRaftLogWorker: created new log segment /workdir/ratis-test/target/test/data/b2c0a8be/MiniRaftClusterWithNetty1f9c6c63/s2/7b03d609-5326-4b0a-b2d2-a1961c08437e/current/log_inprogress_272
2019-09-24 16:37:48,674 INFO  segmented.SegmentedRaftLogWorker (SegmentedRaftLogWorker.java:rollLogSegment(385)) - s0@group-A1961C08437E-SegmentedRaftLogWorker: Rolling segment log-248_251 to index:251
2019-09-24 16:37:48,675 INFO  statemachine.SimpleStateMachine4Testing (SimpleStateMachine4Testing.java:put(198)) - s2: put 266, 3333333333... -> (t:2, i:266), STATEMACHINELOGENTRY, client-69912ADB290A, cid=135
2019-09-24 16:37:48,675 TRACE util.FileUtils (LogUtils.java:runAndLog(61)) - Successfully ran Files.move /workdir/ratis-test/target/test/data/b2c0a8be/MiniRaftClusterWithNetty1f9c6c63/s0/7b03d609-5326-4b0a-b2d2-a1961c08437e/current/log_inprogress_248 to /workdir/ratis-test/target/test/data/b2c0a8be/MiniRaftClusterWithNetty1f9c6c63/s0/7b03d609-5326-4b0a-b2d2-a1961c08437e/current/log_248-251
2019-09-24 16:37:48,675 INFO  segmented.SegmentedRaftLogWorker (SegmentedRaftLogWorker.java:execute(526)) - s0@group-A1961C08437E-SegmentedRaftLogWorker: Rolled log segment from /workdir/ratis-test/target/test/data/b2c0a8be/MiniRaftClusterWithNetty1f9c6c63/s0/7b03d609-5326-4b0a-b2d2-a1961c08437e/current/log_inprogress_248 to /workdir/ratis-test/target/test/data/b2c0a8be/MiniRaftClusterWithNetty1f9c6c63/s0/7b03d609-5326-4b0a-b2d2-a1961c08437e/current/log_248-251
2019-09-24 16:37:48,676 INFO  segmented.SegmentedRaftLogWorker (SegmentedRaftLogWorker.java:rollLogSegment(385)) - s2@group-A1961C08437E-SegmentedRaftLogWorker: Rolling segment log-272_273 to index:273
2019-09-24 16:37:48,684 INFO  segmented.SegmentedRaftLogWorker (SegmentedRaftLogWorker.java:rollLogSegment(385)) - s1@group-A1961C08437E-SegmentedRaftLogWorker: Rolling segment log-266_267 to index:267
2019-09-24 16:37:48,684 TRACE util.FileUtils (LogUtils.java:runAndLog(61)) - Successfully ran Files.move /workdir/ratis-test/target/test/data/b2c0a8be/MiniRaftClusterWithNetty1f9c6c63/s1/7b03d609-5326-4b0a-b2d2-a1961c08437e/current/log_inprogress_266 to /workdir/ratis-test/target/test/data/b2c0a8be/MiniRaftClusterWithNetty1f9c6c63/s1/7b03d609-5326-4b0a-b2d2-a1961c08437e/current/log_266-267
2019-09-24 16:37:48,685 INFO  segmented.SegmentedRaftLogWorker (SegmentedRaftLogWorker.java:execute(526)) - s1@group-A1961C08437E-SegmentedRaftLogWorker: Rolled log segment from /workdir/ratis-test/target/test/data/b2c0a8be/MiniRaftClusterWithNetty1f9c6c63/s1/7b03d609-5326-4b0a-b2d2-a1961c08437e/current/log_inprogress_266 to /workdir/ratis-test/target/test/data/b2c0a8be/MiniRaftClusterWithNetty1f9c6c63/s1/7b03d609-5326-4b0a-b2d2-a1961c08437e/current/log_266-267
2019-09-24 16:37:48,685 TRACE util.FileUtils (LogUtils.java:runAndLog(61)) - Successfully ran Files.move /workdir/ratis-test/target/test/data/b2c0a8be/MiniRaftClusterWithNetty1f9c6c63/s2/7b03d609-5326-4b0a-b2d2-a1961c08437e/current/log_inprogress_272 to /workdir/ratis-test/target/test/data/b2c0a8be/MiniRaftClusterWithNetty1f9c6c63/s2/7b03d609-5326-4b0a-b2d2-a1961c08437e/current/log_272-273
2019-09-24 16:37:48,685 INFO  segmented.SegmentedRaftLogWorker (SegmentedRaftLogWorker.java:execute(526)) - s2@group-A1961C08437E-SegmentedRaftLogWorker: Rolled log segment from /workdir/ratis-test/target/test/data/b2c0a8be/MiniRaftClusterWithNetty1f9c6c63/s2/7b03d609-5326-4b0a-b2d2-a1961c08437e/current/log_inprogress_272 to /workdir/ratis-test/target/test/data/b2c0a8be/MiniRaftClusterWithNetty1f9c6c63/s2/7b03d609-5326-4b0a-b2d2-a1961c08437e/current/log_272-273
2019-09-24 16:37:48,698 INFO  segmented.SegmentedRaftLogWorker (SegmentedRaftLogWorker.java:execute(569)) - s0@group-A1961C08437E-SegmentedRaftLogWorker: created new log segment /workdir/ratis-test/target/test/data/b2c0a8be/MiniRaftClusterWithNetty1f9c6c63/s0/7b03d609-5326-4b0a-b2d2-a1961c08437e/current/log_inprogress_252
2019-09-24 16:37:48,718 INFO  segmented.SegmentedRaftLogWorker (SegmentedRaftLogWorker.java:execute(569)) - s1@group-A1961C08437E-SegmentedRaftLogWorker: created new log segment /workdir/ratis-test/target/test/data/b2c0a8be/MiniRaftClusterWithNetty1f9c6c63/s1/7b03d609-5326-4b0a-b2d2-a1961c08437e/current/log_inprogress_268
2019-09-24 16:37:48,718 INFO  segmented.SegmentedRaftLogWorker (SegmentedRaftLogWorker.java:execute(569)) - s2@group-A1961C08437E-SegmentedRaftLogWorker: created new log segment /workdir/ratis-test/target/test/data/b2c0a8be/MiniRaftClusterWithNetty1f9c6c63/s2/7b03d609-5326-4b0a-b2d2-a1961c08437e/current/log_inprogress_274
2019-09-24 16:37:48,722 INFO  statemachine.SimpleStateMachine4Testing (SimpleStateMachine4Testing.java:put(198)) - s1: put 266, 3333333333... -> (t:2, i:266), STATEMACHINELOGENTRY, client-69912ADB290A, cid=135
2019-09-24 16:37:48,723 INFO  statemachine.SimpleStateMachine4Testing (SimpleStateMachine4Testing.java:put(198)) - s2: put 268, 4444444444... -> (t:2, i:268), STATEMACHINELOGENTRY, client-D98953169D47, cid=132
2019-09-24 16:37:48,724 INFO  segmented.SegmentedRaftLogWorker (SegmentedRaftLogWorker.java:rollLogSegment(385)) - s2@group-A1961C08437E-SegmentedRaftLogWorker: Rolling segment log-274_275 to index:275
2019-09-24 16:37:48,728 TRACE util.FileUtils (LogUtils.java:runAndLog(61)) - Successfully ran Files.move /workdir/ratis-test/target/test/data/b2c0a8be/MiniRaftClusterWithNetty1f9c6c63/s2/7b03d609-5326-4b0a-b2d2-a1961c08437e/current/log_inprogress_274 to /workdir/ratis-test/target/test/data/b2c0a8be/MiniRaftClusterWithNetty1f9c6c63/s2/7b03d609-5326-4b0a-b2d2-a1961c08437e/current/log_274-275
2019-09-24 16:37:48,728 INFO  segmented.SegmentedRaftLogWorker (SegmentedRaftLogWorker.java:execute(526)) - s2@group-A1961C08437E-SegmentedRaftLogWorker: Rolled log segment from /workdir/ratis-test/target/test/data/b2c0a8be/MiniRaftClusterWithNetty1f9c6c63/s2/7b03d609-5326-4b0a-b2d2-a1961c08437e/current/log_inprogress_274 to /workdir/ratis-test/target/test/data/b2c0a8be/MiniRaftClusterWithNetty1f9c6c63/s2/7b03d609-5326-4b0a-b2d2-a1961c08437e/current/log_274-275
2019-09-24 16:37:48,730 INFO  segmented.SegmentedRaftLogWorker (SegmentedRaftLogWorker.java:rollLogSegment(385)) - s1@group-A1961C08437E-SegmentedRaftLogWorker: Rolling segment log-268_269 to index:269
2019-09-24 16:37:48,730 INFO  segmented.SegmentedRaftLogWorker (SegmentedRaftLogWorker.java:rollLogSegment(385)) - s0@group-A1961C08437E-SegmentedRaftLogWorker: Rolling segment log-252_255 to index:255
2019-09-24 16:37:48,731 TRACE util.FileUtils (LogUtils.java:runAndLog(61)) - Successfully ran Files.move /workdir/ratis-test/target/test/data/b2c0a8be/MiniRaftClusterWithNetty1f9c6c63/s1/7b03d609-5326-4b0a-b2d2-a1961c08437e/current/log_inprogress_268 to /workdir/ratis-test/target/test/data/b2c0a8be/MiniRaftClusterWithNetty1f9c6c63/s1/7b03d609-5326-4b0a-b2d2-a1961c08437e/current/log_268-269
2019-09-24 16:37:48,731 INFO  segmented.SegmentedRaftLogWorker (SegmentedRaftLogWorker.java:execute(526)) - s1@group-A1961C08437E-SegmentedRaftLogWorker: Rolled log segment from /workdir/ratis-test/target/test/data/b2c0a8be/MiniRaftClusterWithNetty1f9c6c63/s1/7b03d609-5326-4b0a-b2d2-a1961c08437e/current/log_inprogress_268 to /workdir/ratis-test/target/test/data/b2c0a8be/MiniRaftClusterWithNetty1f9c6c63/s1/7b03d609-5326-4b0a-b2d2-a1961c08437e/current/log_268-269
2019-09-24 16:37:48,731 TRACE util.FileUtils (LogUtils.java:runAndLog(61)) - Successfully ran Files.move /workdir/ratis-test/target/test/data/b2c0a8be/MiniRaftClusterWithNetty1f9c6c63/s0/7b03d609-5326-4b0a-b2d2-a1961c08437e/current/log_inprogress_252 to /workdir/ratis-test/target/test/data/b2c0a8be/MiniRaftClusterWithNetty1f9c6c63/s0/7b03d609-5326-4b0a-b2d2-a1961c08437e/current/log_252-255
2019-09-24 16:37:48,731 INFO  segmented.SegmentedRaftLogWorker (SegmentedRaftLogWorker.java:execute(526)) - s0@group-A1961C08437E-SegmentedRaftLogWorker: Rolled log segment from /workdir/ratis-test/target/test/data/b2c0a8be/MiniRaftClusterWithNetty1f9c6c63/s0/7b03d609-5326-4b0a-b2d2-a1961c08437e/current/log_inprogress_252 to /workdir/ratis-test/target/test/data/b2c0a8be/MiniRaftClusterWithNetty1f9c6c63/s0/7b03d609-5326-4b0a-b2d2-a1961c08437e/current/log_252-255
2019-09-24 16:37:48,746 INFO  segmented.SegmentedRaftLogWorker (SegmentedRaftLogWorker.java:execute(569)) - s2@group-A1961C08437E-SegmentedRaftLogWorker: created new log segment /workdir/ratis-test/target/test/data/b2c0a8be/MiniRaftClusterWithNetty1f9c6c63/s2/7b03d609-5326-4b0a-b2d2-a1961c08437e/current/log_inprogress_276
2019-09-24 16:37:48,746 INFO  segmented.SegmentedRaftLogWorker (SegmentedRaftLogWorker.java:execute(569)) - s1@group-A1961C08437E-SegmentedRaftLogWorker: created new log segment /workdir/ratis-test/target/test/data/b2c0a8be/MiniRaftClusterWithNetty1f9c6c63/s1/7b03d609-5326-4b0a-b2d2-a1961c08437e/current/log_inprogress_270
2019-09-24 16:37:48,746 INFO  segmented.SegmentedRaftLogWorker (SegmentedRaftLogWorker.java:execute(569)) - s0@group-A1961C08437E-SegmentedRaftLogWorker: created new log segment /workdir/ratis-test/target/test/data/b2c0a8be/MiniRaftClusterWithNetty1f9c6c63/s0/7b03d609-5326-4b0a-b2d2-a1961c08437e/current/log_inprogress_256
2019-09-24 16:37:48,772 INFO  statemachine.SimpleStateMachine4Testing (SimpleStateMachine4Testing.java:put(198)) - s1: put 268, 4444444444... -> (t:2, i:268), STATEMACHINELOGENTRY, client-D98953169D47, cid=132
2019-09-24 16:37:48,773 INFO  statemachine.SimpleStateMachine4Testing (SimpleStateMachine4Testing.java:put(198)) - s2: put 270, 4444444444... -> (t:2, i:270), STATEMACHINELOGENTRY, client-DA36977FC49F, cid=137
2019-09-24 16:37:48,774 INFO  segmented.SegmentedRaftLogWorker (SegmentedRaftLogWorker.java:rollLogSegment(385)) - s2@group-A1961C08437E-SegmentedRaftLogWorker: Rolling segment log-276_277 to index:277
2019-09-24 16:37:48,782 TRACE util.FileUtils (LogUtils.java:runAndLog(61)) - Successfully ran Files.move /workdir/ratis-test/target/test/data/b2c0a8be/MiniRaftClusterWithNetty1f9c6c63/s2/7b03d609-5326-4b0a-b2d2-a1961c08437e/current/log_inprogress_276 to /workdir/ratis-test/target/test/data/b2c0a8be/MiniRaftClusterWithNetty1f9c6c63/s2/7b03d609-5326-4b0a-b2d2-a1961c08437e/current/log_276-277
2019-09-24 16:37:48,782 INFO  segmented.SegmentedRaftLogWorker (SegmentedRaftLogWorker.java:execute(526)) - s2@group-A1961C08437E-SegmentedRaftLogWorker: Rolled log segment from /workdir/ratis-test/target/test/data/b2c0a8be/MiniRaftClusterWithNetty1f9c6c63/s2/7b03d609-5326-4b0a-b2d2-a1961c08437e/current/log_inprogress_276 to /workdir/ratis-test/target/test/data/b2c0a8be/MiniRaftClusterWithNetty1f9c6c63/s2/7b03d609-5326-4b0a-b2d2-a1961c08437e/current/log_276-277
2019-09-24 16:37:48,784 INFO  segmented.SegmentedRaftLogWorker (SegmentedRaftLogWorker.java:rollLogSegment(385)) - s1@group-A1961C08437E-SegmentedRaftLogWorker: Rolling segment log-270_271 to index:271
2019-09-24 16:37:48,785 TRACE util.FileUtils (LogUtils.java:runAndLog(61)) - Successfully ran Files.move /workdir/ratis-test/target/test/data/b2c0a8be/MiniRaftClusterWithNetty1f9c6c63/s1/7b03d609-5326-4b0a-b2d2-a1961c08437e/current/log_inprogress_270 to /workdir/ratis-test/target/test/data/b2c0a8be/MiniRaftClusterWithNetty1f9c6c63/s1/7b03d609-5326-4b0a-b2d2-a1961c08437e/current/log_270-271
2019-09-24 16:37:48,785 INFO  segmented.SegmentedRaftLogWorker (SegmentedRaftLogWorker.java:execute(526)) - s1@group-A1961C08437E-SegmentedRaftLogWorker: Rolled log segment from /workdir/ratis-test/target/test/data/b2c0a8be/MiniRaftClusterWithNetty1f9c6c63/s1/7b03d609-5326-4b0a-b2d2-a1961c08437e/current/log_inprogress_270 to /workdir/ratis-test/target/test/data/b2c0a8be/MiniRaftClusterWithNetty1f9c6c63/s1/7b03d609-5326-4b0a-b2d2-a1961c08437e/current/log_270-271
2019-09-24 16:37:48,801 INFO  segmented.SegmentedRaftLogWorker (SegmentedRaftLogWorker.java:execute(569)) - s1@group-A1961C08437E-SegmentedRaftLogWorker: created new log segment /workdir/ratis-test/target/test/data/b2c0a8be/MiniRaftClusterWithNetty1f9c6c63/s1/7b03d609-5326-4b0a-b2d2-a1961c08437e/current/log_inprogress_272
2019-09-24 16:37:48,801 INFO  segmented.SegmentedRaftLogWorker (SegmentedRaftLogWorker.java:execute(569)) - s2@group-A1961C08437E-SegmentedRaftLogWorker: created new log segment /workdir/ratis-test/target/test/data/b2c0a8be/MiniRaftClusterWithNetty1f9c6c63/s2/7b03d609-5326-4b0a-b2d2-a1961c08437e/current/log_inprogress_278
2019-09-24 16:37:48,819 INFO  statemachine.SimpleStateMachine4Testing (SimpleStateMachine4Testing.java:put(198)) - s1: put 270, 4444444444... -> (t:2, i:270), STATEMACHINELOGENTRY, client-DA36977FC49F, cid=137
2019-09-24 16:37:48,819 INFO  segmented.SegmentedRaftLogWorker (SegmentedRaftLogWorker.java:rollLogSegment(385)) - s0@group-A1961C08437E-SegmentedRaftLogWorker: Rolling segment log-256_259 to index:259
2019-09-24 16:37:48,819 INFO  statemachine.SimpleStateMachine4Testing (SimpleStateMachine4Testing.java:put(198)) - s2: put 272, 4444444444... -> (t:2, i:272), STATEMACHINELOGENTRY, client-6F4DA14A560B, cid=138
2019-09-24 16:37:48,820 TRACE util.FileUtils (LogUtils.java:runAndLog(61)) - Successfully ran Files.move /workdir/ratis-test/target/test/data/b2c0a8be/MiniRaftClusterWithNetty1f9c6c63/s0/7b03d609-5326-4b0a-b2d2-a1961c08437e/current/log_inprogress_256 to /workdir/ratis-test/target/test/data/b2c0a8be/MiniRaftClusterWithNetty1f9c6c63/s0/7b03d609-5326-4b0a-b2d2-a1961c08437e/current/log_256-259
2019-09-24 16:37:48,820 INFO  segmented.SegmentedRaftLogWorker (SegmentedRaftLogWorker.java:execute(526)) - s0@group-A1961C08437E-SegmentedRaftLogWorker: Rolled log segment from /workdir/ratis-test/target/test/data/b2c0a8be/MiniRaftClusterWithNetty1f9c6c63/s0/7b03d609-5326-4b0a-b2d2-a1961c08437e/current/log_inprogress_256 to /workdir/ratis-test/target/test/data/b2c0a8be/MiniRaftClusterWithNetty1f9c6c63/s0/7b03d609-5326-4b0a-b2d2-a1961c08437e/current/log_256-259
2019-09-24 16:37:48,821 INFO  segmented.SegmentedRaftLogWorker (SegmentedRaftLogWorker.java:rollLogSegment(385)) - s2@group-A1961C08437E-SegmentedRaftLogWorker: Rolling segment log-278_279 to index:279
2019-09-24 16:37:48,839 TRACE util.FileUtils (LogUtils.java:runAndLog(61)) - Successfully ran Files.move /workdir/ratis-test/target/test/data/b2c0a8be/MiniRaftClusterWithNetty1f9c6c63/s2/7b03d609-5326-4b0a-b2d2-a1961c08437e/current/log_inprogress_278 to /workdir/ratis-test/target/test/data/b2c0a8be/MiniRaftClusterWithNetty1f9c6c63/s2/7b03d609-5326-4b0a-b2d2-a1961c08437e/current/log_278-279
2019-09-24 16:37:48,839 INFO  segmented.SegmentedRaftLogWorker (SegmentedRaftLogWorker.java:execute(526)) - s2@group-A1961C08437E-SegmentedRaftLogWorker: Rolled log segment from /workdir/ratis-test/target/test/data/b2c0a8be/MiniRaftClusterWithNetty1f9c6c63/s2/7b03d609-5326-4b0a-b2d2-a1961c08437e/current/log_inprogress_278 to /workdir/ratis-test/target/test/data/b2c0a8be/MiniRaftClusterWithNetty1f9c6c63/s2/7b03d609-5326-4b0a-b2d2-a1961c08437e/current/log_278-279
2019-09-24 16:37:48,841 INFO  segmented.SegmentedRaftLogWorker (SegmentedRaftLogWorker.java:rollLogSegment(385)) - s1@group-A1961C08437E-SegmentedRaftLogWorker: Rolling segment log-272_273 to index:273
2019-09-24 16:37:48,842 TRACE util.FileUtils (LogUtils.java:runAndLog(61)) - Successfully ran Files.move /workdir/ratis-test/target/test/data/b2c0a8be/MiniRaftClusterWithNetty1f9c6c63/s1/7b03d609-5326-4b0a-b2d2-a1961c08437e/current/log_inprogress_272 to /workdir/ratis-test/target/test/data/b2c0a8be/MiniRaftClusterWithNetty1f9c6c63/s1/7b03d609-5326-4b0a-b2d2-a1961c08437e/current/log_272-273
2019-09-24 16:37:48,842 INFO  segmented.SegmentedRaftLogWorker (SegmentedRaftLogWorker.java:execute(526)) - s1@group-A1961C08437E-SegmentedRaftLogWorker: Rolled log segment from /workdir/ratis-test/target/test/data/b2c0a8be/MiniRaftClusterWithNetty1f9c6c63/s1/7b03d609-5326-4b0a-b2d2-a1961c08437e/current/log_inprogress_272 to /workdir/ratis-test/target/test/data/b2c0a8be/MiniRaftClusterWithNetty1f9c6c63/s1/7b03d609-5326-4b0a-b2d2-a1961c08437e/current/log_272-273
2019-09-24 16:37:48,848 INFO  segmented.SegmentedRaftLogWorker (SegmentedRaftLogWorker.java:execute(569)) - s0@group-A1961C08437E-SegmentedRaftLogWorker: created new log segment /workdir/ratis-test/target/test/data/b2c0a8be/MiniRaftClusterWithNetty1f9c6c63/s0/7b03d609-5326-4b0a-b2d2-a1961c08437e/current/log_inprogress_260
2019-09-24 16:37:48,859 INFO  segmented.SegmentedRaftLogWorker (SegmentedRaftLogWorker.java:execute(569)) - s2@group-A1961C08437E-SegmentedRaftLogWorker: created new log segment /workdir/ratis-test/target/test/data/b2c0a8be/MiniRaftClusterWithNetty1f9c6c63/s2/7b03d609-5326-4b0a-b2d2-a1961c08437e/current/log_inprogress_280
2019-09-24 16:37:48,859 INFO  segmented.SegmentedRaftLogWorker (SegmentedRaftLogWorker.java:execute(569)) - s1@group-A1961C08437E-SegmentedRaftLogWorker: created new log segment /workdir/ratis-test/target/test/data/b2c0a8be/MiniRaftClusterWithNetty1f9c6c63/s1/7b03d609-5326-4b0a-b2d2-a1961c08437e/current/log_inprogress_274
2019-09-24 16:37:48,871 INFO  statemachine.SimpleStateMachine4Testing (SimpleStateMachine4Testing.java:put(198)) - s1: put 272, 4444444444... -> (t:2, i:272), STATEMACHINELOGENTRY, client-6F4DA14A560B, cid=138
2019-09-24 16:37:48,872 INFO  statemachine.SimpleStateMachine4Testing (SimpleStateMachine4Testing.java:put(198)) - s2: put 274, 4444444444... -> (t:2, i:274), STATEMACHINELOGENTRY, client-69912ADB290A, cid=139
2019-09-24 16:37:48,873 INFO  segmented.SegmentedRaftLogWorker (SegmentedRaftLogWorker.java:rollLogSegment(385)) - s2@group-A1961C08437E-SegmentedRaftLogWorker: Rolling segment log-280_281 to index:281
2019-09-24 16:37:48,877 INFO  segmented.SegmentedRaftLogWorker (SegmentedRaftLogWorker.java:rollLogSegment(385)) - s0@group-A1961C08437E-SegmentedRaftLogWorker: Rolling segment log-260_261 to index:261
2019-09-24 16:37:48,878 TRACE util.FileUtils (LogUtils.java:runAndLog(61)) - Successfully ran Files.move /workdir/ratis-test/target/test/data/b2c0a8be/MiniRaftClusterWithNetty1f9c6c63/s0/7b03d609-5326-4b0a-b2d2-a1961c08437e/current/log_inprogress_260 to /workdir/ratis-test/target/test/data/b2c0a8be/MiniRaftClusterWithNetty1f9c6c63/s0/7b03d609-5326-4b0a-b2d2-a1961c08437e/current/log_260-261
2019-09-24 16:37:48,878 INFO  segmented.SegmentedRaftLogWorker (SegmentedRaftLogWorker.java:execute(526)) - s0@group-A1961C08437E-SegmentedRaftLogWorker: Rolled log segment from /workdir/ratis-test/target/test/data/b2c0a8be/MiniRaftClusterWithNetty1f9c6c63/s0/7b03d609-5326-4b0a-b2d2-a1961c08437e/current/log_inprogress_260 to /workdir/ratis-test/target/test/data/b2c0a8be/MiniRaftClusterWithNetty1f9c6c63/s0/7b03d609-5326-4b0a-b2d2-a1961c08437e/current/log_260-261
2019-09-24 16:37:48,882 TRACE util.FileUtils (LogUtils.java:runAndLog(61)) - Successfully ran Files.move /workdir/ratis-test/target/test/data/b2c0a8be/MiniRaftClusterWithNetty1f9c6c63/s2/7b03d609-5326-4b0a-b2d2-a1961c08437e/current/log_inprogress_280 to /workdir/ratis-test/target/test/data/b2c0a8be/MiniRaftClusterWithNetty1f9c6c63/s2/7b03d609-5326-4b0a-b2d2-a1961c08437e/current/log_280-281
2019-09-24 16:37:48,882 INFO  segmented.SegmentedRaftLogWorker (SegmentedRaftLogWorker.java:execute(526)) - s2@group-A1961C08437E-SegmentedRaftLogWorker: Rolled log segment from /workdir/ratis-test/target/test/data/b2c0a8be/MiniRaftClusterWithNetty1f9c6c63/s2/7b03d609-5326-4b0a-b2d2-a1961c08437e/current/log_inprogress_280 to /workdir/ratis-test/target/test/data/b2c0a8be/MiniRaftClusterWithNetty1f9c6c63/s2/7b03d609-5326-4b0a-b2d2-a1961c08437e/current/log_280-281
2019-09-24 16:37:48,883 INFO  statemachine.SimpleStateMachine4Testing (SimpleStateMachine4Testing.java:put(198)) - s1: put 274, 4444444444... -> (t:2, i:274), STATEMACHINELOGENTRY, client-69912ADB290A, cid=139
2019-09-24 16:37:48,883 INFO  segmented.SegmentedRaftLogWorker (SegmentedRaftLogWorker.java:rollLogSegment(385)) - s1@group-A1961C08437E-SegmentedRaftLogWorker: Rolling segment log-274_275 to index:275
2019-09-24 16:37:48,884 TRACE util.FileUtils (LogUtils.java:runAndLog(61)) - Successfully ran Files.move /workdir/ratis-test/target/test/data/b2c0a8be/MiniRaftClusterWithNetty1f9c6c63/s1/7b03d609-5326-4b0a-b2d2-a1961c08437e/current/log_inprogress_274 to /workdir/ratis-test/target/test/data/b2c0a8be/MiniRaftClusterWithNetty1f9c6c63/s1/7b03d609-5326-4b0a-b2d2-a1961c08437e/current/log_274-275
2019-09-24 16:37:48,884 INFO  segmented.SegmentedRaftLogWorker (SegmentedRaftLogWorker.java:execute(526)) - s1@group-A1961C08437E-SegmentedRaftLogWorker: Rolled log segment from /workdir/ratis-test/target/test/data/b2c0a8be/MiniRaftClusterWithNetty1f9c6c63/s1/7b03d609-5326-4b0a-b2d2-a1961c08437e/current/log_inprogress_274 to /workdir/ratis-test/target/test/data/b2c0a8be/MiniRaftClusterWithNetty1f9c6c63/s1/7b03d609-5326-4b0a-b2d2-a1961c08437e/current/log_274-275
2019-09-24 16:37:48,902 INFO  segmented.SegmentedRaftLogWorker (SegmentedRaftLogWorker.java:execute(569)) - s2@group-A1961C08437E-SegmentedRaftLogWorker: created new log segment /workdir/ratis-test/target/test/data/b2c0a8be/MiniRaftClusterWithNetty1f9c6c63/s2/7b03d609-5326-4b0a-b2d2-a1961c08437e/current/log_inprogress_282
2019-09-24 16:37:48,902 INFO  segmented.SegmentedRaftLogWorker (SegmentedRaftLogWorker.java:execute(569)) - s0@group-A1961C08437E-SegmentedRaftLogWorker: created new log segment /workdir/ratis-test/target/test/data/b2c0a8be/MiniRaftClusterWithNetty1f9c6c63/s0/7b03d609-5326-4b0a-b2d2-a1961c08437e/current/log_inprogress_262
2019-09-24 16:37:48,902 INFO  segmented.SegmentedRaftLogWorker (SegmentedRaftLogWorker.java:execute(569)) - s1@group-A1961C08437E-SegmentedRaftLogWorker: created new log segment /workdir/ratis-test/target/test/data/b2c0a8be/MiniRaftClusterWithNetty1f9c6c63/s1/7b03d609-5326-4b0a-b2d2-a1961c08437e/current/log_inprogress_276
2019-09-24 16:37:48,907 INFO  statemachine.SimpleStateMachine4Testing (SimpleStateMachine4Testing.java:put(198)) - s2: put 276, 5555555555... -> (t:2, i:276), STATEMACHINELOGENTRY, client-781B3BD2DEB4, cid=136
2019-09-24 16:37:48,908 INFO  segmented.SegmentedRaftLogWorker (SegmentedRaftLogWorker.java:rollLogSegment(385)) - s2@group-A1961C08437E-SegmentedRaftLogWorker: Rolling segment log-282_283 to index:283
2019-09-24 16:37:48,913 TRACE util.FileUtils (LogUtils.java:runAndLog(61)) - Successfully ran Files.move /workdir/ratis-test/target/test/data/b2c0a8be/MiniRaftClusterWithNetty1f9c6c63/s2/7b03d609-5326-4b0a-b2d2-a1961c08437e/current/log_inprogress_282 to /workdir/ratis-test/target/test/data/b2c0a8be/MiniRaftClusterWithNetty1f9c6c63/s2/7b03d609-5326-4b0a-b2d2-a1961c08437e/current/log_282-283
2019-09-24 16:37:48,913 INFO  segmented.SegmentedRaftLogWorker (SegmentedRaftLogWorker.java:execute(526)) - s2@group-A1961C08437E-SegmentedRaftLogWorker: Rolled log segment from /workdir/ratis-test/target/test/data/b2c0a8be/MiniRaftClusterWithNetty1f9c6c63/s2/7b03d609-5326-4b0a-b2d2-a1961c08437e/current/log_inprogress_282 to /workdir/ratis-test/target/test/data/b2c0a8be/MiniRaftClusterWithNetty1f9c6c63/s2/7b03d609-5326-4b0a-b2d2-a1961c08437e/current/log_282-283
2019-09-24 16:37:48,914 INFO  statemachine.SimpleStateMachine4Testing (SimpleStateMachine4Testing.java:put(198)) - s1: put 276, 5555555555... -> (t:2, i:276), STATEMACHINELOGENTRY, client-781B3BD2DEB4, cid=136
2019-09-24 16:37:48,914 INFO  segmented.SegmentedRaftLogWorker (SegmentedRaftLogWorker.java:rollLogSegment(385)) - s1@group-A1961C08437E-SegmentedRaftLogWorker: Rolling segment log-276_277 to index:277
2019-09-24 16:37:48,915 TRACE util.FileUtils (LogUtils.java:runAndLog(61)) - Successfully ran Files.move /workdir/ratis-test/target/test/data/b2c0a8be/MiniRaftClusterWithNetty1f9c6c63/s1/7b03d609-5326-4b0a-b2d2-a1961c08437e/current/log_inprogress_276 to /workdir/ratis-test/target/test/data/b2c0a8be/MiniRaftClusterWithNetty1f9c6c63/s1/7b03d609-5326-4b0a-b2d2-a1961c08437e/current/log_276-277
2019-09-24 16:37:48,915 INFO  segmented.SegmentedRaftLogWorker (SegmentedRaftLogWorker.java:execute(526)) - s1@group-A1961C08437E-SegmentedRaftLogWorker: Rolled log segment from /workdir/ratis-test/target/test/data/b2c0a8be/MiniRaftClusterWithNetty1f9c6c63/s1/7b03d609-5326-4b0a-b2d2-a1961c08437e/current/log_inprogress_276 to /workdir/ratis-test/target/test/data/b2c0a8be/MiniRaftClusterWithNetty1f9c6c63/s1/7b03d609-5326-4b0a-b2d2-a1961c08437e/current/log_276-277
2019-09-24 16:37:48,927 INFO  segmented.SegmentedRaftLogWorker (SegmentedRaftLogWorker.java:execute(569)) - s1@group-A1961C08437E-SegmentedRaftLogWorker: created new log segment /workdir/ratis-test/target/test/data/b2c0a8be/MiniRaftClusterWithNetty1f9c6c63/s1/7b03d609-5326-4b0a-b2d2-a1961c08437e/current/log_inprogress_278
2019-09-24 16:37:48,927 INFO  segmented.SegmentedRaftLogWorker (SegmentedRaftLogWorker.java:execute(569)) - s2@group-A1961C08437E-SegmentedRaftLogWorker: created new log segment /workdir/ratis-test/target/test/data/b2c0a8be/MiniRaftClusterWithNetty1f9c6c63/s2/7b03d609-5326-4b0a-b2d2-a1961c08437e/current/log_inprogress_284
2019-09-24 16:37:48,927 INFO  segmented.SegmentedRaftLogWorker (SegmentedRaftLogWorker.java:rollLogSegment(385)) - s0@group-A1961C08437E-SegmentedRaftLogWorker: Rolling segment log-262_263 to index:263
2019-09-24 16:37:48,928 TRACE util.FileUtils (LogUtils.java:runAndLog(61)) - Successfully ran Files.move /workdir/ratis-test/target/test/data/b2c0a8be/MiniRaftClusterWithNetty1f9c6c63/s0/7b03d609-5326-4b0a-b2d2-a1961c08437e/current/log_inprogress_262 to /workdir/ratis-test/target/test/data/b2c0a8be/MiniRaftClusterWithNetty1f9c6c63/s0/7b03d609-5326-4b0a-b2d2-a1961c08437e/current/log_262-263
2019-09-24 16:37:48,929 INFO  segmented.SegmentedRaftLogWorker (SegmentedRaftLogWorker.java:execute(526)) - s0@group-A1961C08437E-SegmentedRaftLogWorker: Rolled log segment from /workdir/ratis-test/target/test/data/b2c0a8be/MiniRaftClusterWithNetty1f9c6c63/s0/7b03d609-5326-4b0a-b2d2-a1961c08437e/current/log_inprogress_262 to /workdir/ratis-test/target/test/data/b2c0a8be/MiniRaftClusterWithNetty1f9c6c63/s0/7b03d609-5326-4b0a-b2d2-a1961c08437e/current/log_262-263
2019-09-24 16:37:48,934 INFO  statemachine.SimpleStateMachine4Testing (SimpleStateMachine4Testing.java:put(198)) - s2: put 278, 5555555555... -> (t:2, i:278), STATEMACHINELOGENTRY, client-DA36977FC49F, cid=141
2019-09-24 16:37:48,942 INFO  segmented.SegmentedRaftLogWorker (SegmentedRaftLogWorker.java:execute(569)) - s0@group-A1961C08437E-SegmentedRaftLogWorker: created new log segment /workdir/ratis-test/target/test/data/b2c0a8be/MiniRaftClusterWithNetty1f9c6c63/s0/7b03d609-5326-4b0a-b2d2-a1961c08437e/current/log_inprogress_264
2019-09-24 16:37:48,945 INFO  segmented.SegmentedRaftLogWorker (SegmentedRaftLogWorker.java:rollLogSegment(385)) - s1@group-A1961C08437E-SegmentedRaftLogWorker: Rolling segment log-278_279 to index:279
2019-09-24 16:37:48,946 INFO  statemachine.SimpleStateMachine4Testing (SimpleStateMachine4Testing.java:put(198)) - s1: put 278, 5555555555... -> (t:2, i:278), STATEMACHINELOGENTRY, client-DA36977FC49F, cid=141
2019-09-24 16:37:48,946 TRACE util.FileUtils (LogUtils.java:runAndLog(61)) - Successfully ran Files.move /workdir/ratis-test/target/test/data/b2c0a8be/MiniRaftClusterWithNetty1f9c6c63/s1/7b03d609-5326-4b0a-b2d2-a1961c08437e/current/log_inprogress_278 to /workdir/ratis-test/target/test/data/b2c0a8be/MiniRaftClusterWithNetty1f9c6c63/s1/7b03d609-5326-4b0a-b2d2-a1961c08437e/current/log_278-279
2019-09-24 16:37:48,946 INFO  segmented.SegmentedRaftLogWorker (SegmentedRaftLogWorker.java:execute(526)) - s1@group-A1961C08437E-SegmentedRaftLogWorker: Rolled log segment from /workdir/ratis-test/target/test/data/b2c0a8be/MiniRaftClusterWithNetty1f9c6c63/s1/7b03d609-5326-4b0a-b2d2-a1961c08437e/current/log_inprogress_278 to /workdir/ratis-test/target/test/data/b2c0a8be/MiniRaftClusterWithNetty1f9c6c63/s1/7b03d609-5326-4b0a-b2d2-a1961c08437e/current/log_278-279
2019-09-24 16:37:48,958 INFO  segmented.SegmentedRaftLogWorker (SegmentedRaftLogWorker.java:rollLogSegment(385)) - s0@group-A1961C08437E-SegmentedRaftLogWorker: Rolling segment log-264_265 to index:265
2019-09-24 16:37:48,959 TRACE util.FileUtils (LogUtils.java:runAndLog(61)) - Successfully ran Files.move /workdir/ratis-test/target/test/data/b2c0a8be/MiniRaftClusterWithNetty1f9c6c63/s0/7b03d609-5326-4b0a-b2d2-a1961c08437e/current/log_inprogress_264 to /workdir/ratis-test/target/test/data/b2c0a8be/MiniRaftClusterWithNetty1f9c6c63/s0/7b03d609-5326-4b0a-b2d2-a1961c08437e/current/log_264-265
2019-09-24 16:37:48,959 INFO  segmented.SegmentedRaftLogWorker (SegmentedRaftLogWorker.java:execute(526)) - s0@group-A1961C08437E-SegmentedRaftLogWorker: Rolled log segment from /workdir/ratis-test/target/test/data/b2c0a8be/MiniRaftClusterWithNetty1f9c6c63/s0/7b03d609-5326-4b0a-b2d2-a1961c08437e/current/log_inprogress_264 to /workdir/ratis-test/target/test/data/b2c0a8be/MiniRaftClusterWithNetty1f9c6c63/s0/7b03d609-5326-4b0a-b2d2-a1961c08437e/current/log_264-265
2019-09-24 16:37:48,977 INFO  segmented.SegmentedRaftLogWorker (SegmentedRaftLogWorker.java:execute(569)) - s1@group-A1961C08437E-SegmentedRaftLogWorker: created new log segment /workdir/ratis-test/target/test/data/b2c0a8be/MiniRaftClusterWithNetty1f9c6c63/s1/7b03d609-5326-4b0a-b2d2-a1961c08437e/current/log_inprogress_280
2019-09-24 16:37:48,978 INFO  segmented.SegmentedRaftLogWorker (SegmentedRaftLogWorker.java:execute(569)) - s0@group-A1961C08437E-SegmentedRaftLogWorker: created new log segment /workdir/ratis-test/target/test/data/b2c0a8be/MiniRaftClusterWithNetty1f9c6c63/s0/7b03d609-5326-4b0a-b2d2-a1961c08437e/current/log_inprogress_266
2019-09-24 16:37:48,982 INFO  statemachine.SimpleStateMachine4Testing (SimpleStateMachine4Testing.java:put(198)) - s2: put 280, 5555555555... -> (t:2, i:280), STATEMACHINELOGENTRY, client-6F4DA14A560B, cid=142
2019-09-24 16:37:48,984 INFO  segmented.SegmentedRaftLogWorker (SegmentedRaftLogWorker.java:rollLogSegment(385)) - s2@group-A1961C08437E-SegmentedRaftLogWorker: Rolling segment log-284_287 to index:287
2019-09-24 16:37:48,991 TRACE util.FileUtils (LogUtils.java:runAndLog(61)) - Successfully ran Files.move /workdir/ratis-test/target/test/data/b2c0a8be/MiniRaftClusterWithNetty1f9c6c63/s2/7b03d609-5326-4b0a-b2d2-a1961c08437e/current/log_inprogress_284 to /workdir/ratis-test/target/test/data/b2c0a8be/MiniRaftClusterWithNetty1f9c6c63/s2/7b03d609-5326-4b0a-b2d2-a1961c08437e/current/log_284-287
2019-09-24 16:37:48,991 INFO  segmented.SegmentedRaftLogWorker (SegmentedRaftLogWorker.java:execute(526)) - s2@group-A1961C08437E-SegmentedRaftLogWorker: Rolled log segment from /workdir/ratis-test/target/test/data/b2c0a8be/MiniRaftClusterWithNetty1f9c6c63/s2/7b03d609-5326-4b0a-b2d2-a1961c08437e/current/log_inprogress_284 to /workdir/ratis-test/target/test/data/b2c0a8be/MiniRaftClusterWithNetty1f9c6c63/s2/7b03d609-5326-4b0a-b2d2-a1961c08437e/current/log_284-287
2019-09-24 16:37:48,991 INFO  statemachine.SimpleStateMachine4Testing (SimpleStateMachine4Testing.java:put(198)) - s1: put 280, 5555555555... -> (t:2, i:280), STATEMACHINELOGENTRY, client-6F4DA14A560B, cid=142
2019-09-24 16:37:48,992 INFO  segmented.SegmentedRaftLogWorker (SegmentedRaftLogWorker.java:rollLogSegment(385)) - s1@group-A1961C08437E-SegmentedRaftLogWorker: Rolling segment log-280_281 to index:281
2019-09-24 16:37:48,992 INFO  segmented.SegmentedRaftLogWorker (SegmentedRaftLogWorker.java:rollLogSegment(385)) - s0@group-A1961C08437E-SegmentedRaftLogWorker: Rolling segment log-266_267 to index:267
2019-09-24 16:37:48,993 TRACE util.FileUtils (LogUtils.java:runAndLog(61)) - Successfully ran Files.move /workdir/ratis-test/target/test/data/b2c0a8be/MiniRaftClusterWithNetty1f9c6c63/s1/7b03d609-5326-4b0a-b2d2-a1961c08437e/current/log_inprogress_280 to /workdir/ratis-test/target/test/data/b2c0a8be/MiniRaftClusterWithNetty1f9c6c63/s1/7b03d609-5326-4b0a-b2d2-a1961c08437e/current/log_280-281
2019-09-24 16:37:48,993 INFO  segmented.SegmentedRaftLogWorker (SegmentedRaftLogWorker.java:execute(526)) - s1@group-A1961C08437E-SegmentedRaftLogWorker: Rolled log segment from /workdir/ratis-test/target/test/data/b2c0a8be/MiniRaftClusterWithNetty1f9c6c63/s1/7b03d609-5326-4b0a-b2d2-a1961c08437e/current/log_inprogress_280 to /workdir/ratis-test/target/test/data/b2c0a8be/MiniRaftClusterWithNetty1f9c6c63/s1/7b03d609-5326-4b0a-b2d2-a1961c08437e/current/log_280-281
2019-09-24 16:37:48,993 TRACE util.FileUtils (LogUtils.java:runAndLog(61)) - Successfully ran Files.move /workdir/ratis-test/target/test/data/b2c0a8be/MiniRaftClusterWithNetty1f9c6c63/s0/7b03d609-5326-4b0a-b2d2-a1961c08437e/current/log_inprogress_266 to /workdir/ratis-test/target/test/data/b2c0a8be/MiniRaftClusterWithNetty1f9c6c63/s0/7b03d609-5326-4b0a-b2d2-a1961c08437e/current/log_266-267
2019-09-24 16:37:48,993 INFO  segmented.SegmentedRaftLogWorker (SegmentedRaftLogWorker.java:execute(526)) - s0@group-A1961C08437E-SegmentedRaftLogWorker: Rolled log segment from /workdir/ratis-test/target/test/data/b2c0a8be/MiniRaftClusterWithNetty1f9c6c63/s0/7b03d609-5326-4b0a-b2d2-a1961c08437e/current/log_inprogress_266 to /workdir/ratis-test/target/test/data/b2c0a8be/MiniRaftClusterWithNetty1f9c6c63/s0/7b03d609-5326-4b0a-b2d2-a1961c08437e/current/log_266-267
2019-09-24 16:37:49,011 INFO  segmented.SegmentedRaftLogWorker (SegmentedRaftLogWorker.java:execute(569)) - s1@group-A1961C08437E-SegmentedRaftLogWorker: created new log segment /workdir/ratis-test/target/test/data/b2c0a8be/MiniRaftClusterWithNetty1f9c6c63/s1/7b03d609-5326-4b0a-b2d2-a1961c08437e/current/log_inprogress_282
2019-09-24 16:37:49,011 INFO  segmented.SegmentedRaftLogWorker (SegmentedRaftLogWorker.java:execute(569)) - s2@group-A1961C08437E-SegmentedRaftLogWorker: created new log segment /workdir/ratis-test/target/test/data/b2c0a8be/MiniRaftClusterWithNetty1f9c6c63/s2/7b03d609-5326-4b0a-b2d2-a1961c08437e/current/log_inprogress_288
2019-09-24 16:37:49,011 INFO  segmented.SegmentedRaftLogWorker (SegmentedRaftLogWorker.java:execute(569)) - s0@group-A1961C08437E-SegmentedRaftLogWorker: created new log segment /workdir/ratis-test/target/test/data/b2c0a8be/MiniRaftClusterWithNetty1f9c6c63/s0/7b03d609-5326-4b0a-b2d2-a1961c08437e/current/log_inprogress_268
2019-09-24 16:37:49,037 INFO  statemachine.SimpleStateMachine4Testing (SimpleStateMachine4Testing.java:put(198)) - s2: put 282, 5555555555... -> (t:2, i:282), STATEMACHINELOGENTRY, client-69912ADB290A, cid=143
2019-09-24 16:37:49,043 INFO  segmented.SegmentedRaftLogWorker (SegmentedRaftLogWorker.java:rollLogSegment(385)) - s1@group-A1961C08437E-SegmentedRaftLogWorker: Rolling segment log-282_283 to index:283
2019-09-24 16:37:49,043 INFO  segmented.SegmentedRaftLogWorker (SegmentedRaftLogWorker.java:rollLogSegment(385)) - s0@group-A1961C08437E-SegmentedRaftLogWorker: Rolling segment log-268_269 to index:269
2019-09-24 16:37:49,043 TRACE util.FileUtils (LogUtils.java:runAndLog(61)) - Successfully ran Files.move /workdir/ratis-test/target/test/data/b2c0a8be/MiniRaftClusterWithNetty1f9c6c63/s1/7b03d609-5326-4b0a-b2d2-a1961c08437e/current/log_inprogress_282 to /workdir/ratis-test/target/test/data/b2c0a8be/MiniRaftClusterWithNetty1f9c6c63/s1/7b03d609-5326-4b0a-b2d2-a1961c08437e/current/log_282-283
2019-09-24 16:37:49,044 INFO  segmented.SegmentedRaftLogWorker (SegmentedRaftLogWorker.java:execute(526)) - s1@group-A1961C08437E-SegmentedRaftLogWorker: Rolled log segment from /workdir/ratis-test/target/test/data/b2c0a8be/MiniRaftClusterWithNetty1f9c6c63/s1/7b03d609-5326-4b0a-b2d2-a1961c08437e/current/log_inprogress_282 to /workdir/ratis-test/target/test/data/b2c0a8be/MiniRaftClusterWithNetty1f9c6c63/s1/7b03d609-5326-4b0a-b2d2-a1961c08437e/current/log_282-283
2019-09-24 16:37:49,044 TRACE util.FileUtils (LogUtils.java:runAndLog(61)) - Successfully ran Files.move /workdir/ratis-test/target/test/data/b2c0a8be/MiniRaftClusterWithNetty1f9c6c63/s0/7b03d609-5326-4b0a-b2d2-a1961c08437e/current/log_inprogress_268 to /workdir/ratis-test/target/test/data/b2c0a8be/MiniRaftClusterWithNetty1f9c6c63/s0/7b03d609-5326-4b0a-b2d2-a1961c08437e/current/log_268-269
2019-09-24 16:37:49,044 INFO  segmented.SegmentedRaftLogWorker (SegmentedRaftLogWorker.java:execute(526)) - s0@group-A1961C08437E-SegmentedRaftLogWorker: Rolled log segment from /workdir/ratis-test/target/test/data/b2c0a8be/MiniRaftClusterWithNetty1f9c6c63/s0/7b03d609-5326-4b0a-b2d2-a1961c08437e/current/log_inprogress_268 to /workdir/ratis-test/target/test/data/b2c0a8be/MiniRaftClusterWithNetty1f9c6c63/s0/7b03d609-5326-4b0a-b2d2-a1961c08437e/current/log_268-269
2019-09-24 16:37:49,073 INFO  segmented.SegmentedRaftLogWorker (SegmentedRaftLogWorker.java:execute(569)) - s1@group-A1961C08437E-SegmentedRaftLogWorker: created new log segment /workdir/ratis-test/target/test/data/b2c0a8be/MiniRaftClusterWithNetty1f9c6c63/s1/7b03d609-5326-4b0a-b2d2-a1961c08437e/current/log_inprogress_284
2019-09-24 16:37:49,073 INFO  segmented.SegmentedRaftLogWorker (SegmentedRaftLogWorker.java:execute(569)) - s0@group-A1961C08437E-SegmentedRaftLogWorker: created new log segment /workdir/ratis-test/target/test/data/b2c0a8be/MiniRaftClusterWithNetty1f9c6c63/s0/7b03d609-5326-4b0a-b2d2-a1961c08437e/current/log_inprogress_270
2019-09-24 16:37:49,088 INFO  segmented.SegmentedRaftLogWorker (SegmentedRaftLogWorker.java:rollLogSegment(385)) - s0@group-A1961C08437E-SegmentedRaftLogWorker: Rolling segment log-270_271 to index:271
2019-09-24 16:37:49,089 TRACE util.FileUtils (LogUtils.java:runAndLog(61)) - Successfully ran Files.move /workdir/ratis-test/target/test/data/b2c0a8be/MiniRaftClusterWithNetty1f9c6c63/s0/7b03d609-5326-4b0a-b2d2-a1961c08437e/current/log_inprogress_270 to /workdir/ratis-test/target/test/data/b2c0a8be/MiniRaftClusterWithNetty1f9c6c63/s0/7b03d609-5326-4b0a-b2d2-a1961c08437e/current/log_270-271
2019-09-24 16:37:49,089 INFO  segmented.SegmentedRaftLogWorker (SegmentedRaftLogWorker.java:execute(526)) - s0@group-A1961C08437E-SegmentedRaftLogWorker: Rolled log segment from /workdir/ratis-test/target/test/data/b2c0a8be/MiniRaftClusterWithNetty1f9c6c63/s0/7b03d609-5326-4b0a-b2d2-a1961c08437e/current/log_inprogress_270 to /workdir/ratis-test/target/test/data/b2c0a8be/MiniRaftClusterWithNetty1f9c6c63/s0/7b03d609-5326-4b0a-b2d2-a1961c08437e/current/log_270-271
2019-09-24 16:37:49,101 INFO  segmented.SegmentedRaftLogWorker (SegmentedRaftLogWorker.java:execute(569)) - s0@group-A1961C08437E-SegmentedRaftLogWorker: created new log segment /workdir/ratis-test/target/test/data/b2c0a8be/MiniRaftClusterWithNetty1f9c6c63/s0/7b03d609-5326-4b0a-b2d2-a1961c08437e/current/log_inprogress_272
2019-09-24 16:37:49,109 INFO  statemachine.SimpleStateMachine4Testing (SimpleStateMachine4Testing.java:put(198)) - s1: put 282, 5555555555... -> (t:2, i:282), STATEMACHINELOGENTRY, client-69912ADB290A, cid=143
2019-09-24 16:37:49,109 INFO  statemachine.SimpleStateMachine4Testing (SimpleStateMachine4Testing.java:put(198)) - s2: put 284, 5555555555... -> (t:2, i:284), STATEMACHINELOGENTRY, client-D98953169D47, cid=140
2019-09-24 16:37:49,122 INFO  segmented.SegmentedRaftLogWorker (SegmentedRaftLogWorker.java:rollLogSegment(385)) - s0@group-A1961C08437E-SegmentedRaftLogWorker: Rolling segment log-272_273 to index:273
2019-09-24 16:37:49,123 TRACE util.FileUtils (LogUtils.java:runAndLog(61)) - Successfully ran Files.move /workdir/ratis-test/target/test/data/b2c0a8be/MiniRaftClusterWithNetty1f9c6c63/s0/7b03d609-5326-4b0a-b2d2-a1961c08437e/current/log_inprogress_272 to /workdir/ratis-test/target/test/data/b2c0a8be/MiniRaftClusterWithNetty1f9c6c63/s0/7b03d609-5326-4b0a-b2d2-a1961c08437e/current/log_272-273
2019-09-24 16:37:49,123 INFO  segmented.SegmentedRaftLogWorker (SegmentedRaftLogWorker.java:execute(526)) - s0@group-A1961C08437E-SegmentedRaftLogWorker: Rolled log segment from /workdir/ratis-test/target/test/data/b2c0a8be/MiniRaftClusterWithNetty1f9c6c63/s0/7b03d609-5326-4b0a-b2d2-a1961c08437e/current/log_inprogress_272 to /workdir/ratis-test/target/test/data/b2c0a8be/MiniRaftClusterWithNetty1f9c6c63/s0/7b03d609-5326-4b0a-b2d2-a1961c08437e/current/log_272-273
2019-09-24 16:37:49,131 INFO  statemachine.SimpleStateMachine4Testing (SimpleStateMachine4Testing.java:put(198)) - s1: put 284, 5555555555... -> (t:2, i:284), STATEMACHINELOGENTRY, client-D98953169D47, cid=140
2019-09-24 16:37:49,131 INFO  statemachine.SimpleStateMachine4Testing (SimpleStateMachine4Testing.java:put(198)) - s2: put 286, 0000000000... -> (t:2, i:286), STATEMACHINELOGENTRY, client-DA36977FC49F, cid=145
2019-09-24 16:37:49,147 INFO  segmented.SegmentedRaftLogWorker (SegmentedRaftLogWorker.java:execute(569)) - s0@group-A1961C08437E-SegmentedRaftLogWorker: created new log segment /workdir/ratis-test/target/test/data/b2c0a8be/MiniRaftClusterWithNetty1f9c6c63/s0/7b03d609-5326-4b0a-b2d2-a1961c08437e/current/log_inprogress_274
2019-09-24 16:37:49,152 INFO  segmented.SegmentedRaftLogWorker (SegmentedRaftLogWorker.java:rollLogSegment(385)) - s1@group-A1961C08437E-SegmentedRaftLogWorker: Rolling segment log-284_287 to index:287
2019-09-24 16:37:49,153 TRACE util.FileUtils (LogUtils.java:runAndLog(61)) - Successfully ran Files.move /workdir/ratis-test/target/test/data/b2c0a8be/MiniRaftClusterWithNetty1f9c6c63/s1/7b03d609-5326-4b0a-b2d2-a1961c08437e/current/log_inprogress_284 to /workdir/ratis-test/target/test/data/b2c0a8be/MiniRaftClusterWithNetty1f9c6c63/s1/7b03d609-5326-4b0a-b2d2-a1961c08437e/current/log_284-287
2019-09-24 16:37:49,153 INFO  segmented.SegmentedRaftLogWorker (SegmentedRaftLogWorker.java:execute(526)) - s1@group-A1961C08437E-SegmentedRaftLogWorker: Rolled log segment from /workdir/ratis-test/target/test/data/b2c0a8be/MiniRaftClusterWithNetty1f9c6c63/s1/7b03d609-5326-4b0a-b2d2-a1961c08437e/current/log_inprogress_284 to /workdir/ratis-test/target/test/data/b2c0a8be/MiniRaftClusterWithNetty1f9c6c63/s1/7b03d609-5326-4b0a-b2d2-a1961c08437e/current/log_284-287
2019-09-24 16:37:49,160 INFO  segmented.SegmentedRaftLogWorker (SegmentedRaftLogWorker.java:rollLogSegment(385)) - s0@group-A1961C08437E-SegmentedRaftLogWorker: Rolling segment log-274_275 to index:275
2019-09-24 16:37:49,170 TRACE util.FileUtils (LogUtils.java:runAndLog(61)) - Successfully ran Files.move /workdir/ratis-test/target/test/data/b2c0a8be/MiniRaftClusterWithNetty1f9c6c63/s0/7b03d609-5326-4b0a-b2d2-a1961c08437e/current/log_inprogress_274 to /workdir/ratis-test/target/test/data/b2c0a8be/MiniRaftClusterWithNetty1f9c6c63/s0/7b03d609-5326-4b0a-b2d2-a1961c08437e/current/log_274-275
2019-09-24 16:37:49,170 INFO  segmented.SegmentedRaftLogWorker (SegmentedRaftLogWorker.java:execute(526)) - s0@group-A1961C08437E-SegmentedRaftLogWorker: Rolled log segment from /workdir/ratis-test/target/test/data/b2c0a8be/MiniRaftClusterWithNetty1f9c6c63/s0/7b03d609-5326-4b0a-b2d2-a1961c08437e/current/log_inprogress_274 to /workdir/ratis-test/target/test/data/b2c0a8be/MiniRaftClusterWithNetty1f9c6c63/s0/7b03d609-5326-4b0a-b2d2-a1961c08437e/current/log_274-275
2019-09-24 16:37:49,171 INFO  segmented.SegmentedRaftLogWorker (SegmentedRaftLogWorker.java:execute(569)) - s1@group-A1961C08437E-SegmentedRaftLogWorker: created new log segment /workdir/ratis-test/target/test/data/b2c0a8be/MiniRaftClusterWithNetty1f9c6c63/s1/7b03d609-5326-4b0a-b2d2-a1961c08437e/current/log_inprogress_288
2019-09-24 16:37:49,178 INFO  statemachine.SimpleStateMachine4Testing (SimpleStateMachine4Testing.java:put(198)) - s1: put 286, 0000000000... -> (t:2, i:286), STATEMACHINELOGENTRY, client-DA36977FC49F, cid=145
2019-09-24 16:37:49,178 INFO  statemachine.SimpleStateMachine4Testing (SimpleStateMachine4Testing.java:put(198)) - s2: put 288, 0000000000... -> (t:2, i:288), STATEMACHINELOGENTRY, client-6F4DA14A560B, cid=146
2019-09-24 16:37:49,188 INFO  segmented.SegmentedRaftLogWorker (SegmentedRaftLogWorker.java:execute(569)) - s0@group-A1961C08437E-SegmentedRaftLogWorker: created new log segment /workdir/ratis-test/target/test/data/b2c0a8be/MiniRaftClusterWithNetty1f9c6c63/s0/7b03d609-5326-4b0a-b2d2-a1961c08437e/current/log_inprogress_276
2019-09-24 16:37:49,204 INFO  statemachine.SimpleStateMachine4Testing (SimpleStateMachine4Testing.java:put(198)) - s1: put 288, 0000000000... -> (t:2, i:288), STATEMACHINELOGENTRY, client-6F4DA14A560B, cid=146
2019-09-24 16:37:49,204 INFO  statemachine.SimpleStateMachine4Testing (SimpleStateMachine4Testing.java:put(198)) - s2: put 290, 0000000000... -> (t:2, i:290), STATEMACHINELOGENTRY, client-69912ADB290A, cid=147
2019-09-24 16:37:49,204 INFO  segmented.SegmentedRaftLogWorker (SegmentedRaftLogWorker.java:rollLogSegment(385)) - s0@group-A1961C08437E-SegmentedRaftLogWorker: Rolling segment log-276_277 to index:277
2019-09-24 16:37:49,205 TRACE util.FileUtils (LogUtils.java:runAndLog(61)) - Successfully ran Files.move /workdir/ratis-test/target/test/data/b2c0a8be/MiniRaftClusterWithNetty1f9c6c63/s0/7b03d609-5326-4b0a-b2d2-a1961c08437e/current/log_inprogress_276 to /workdir/ratis-test/target/test/data/b2c0a8be/MiniRaftClusterWithNetty1f9c6c63/s0/7b03d609-5326-4b0a-b2d2-a1961c08437e/current/log_276-277
2019-09-24 16:37:49,205 INFO  segmented.SegmentedRaftLogWorker (SegmentedRaftLogWorker.java:rollLogSegment(385)) - s2@group-A1961C08437E-SegmentedRaftLogWorker: Rolling segment log-288_297 to index:297
2019-09-24 16:37:49,205 INFO  segmented.SegmentedRaftLogWorker (SegmentedRaftLogWorker.java:execute(526)) - s0@group-A1961C08437E-SegmentedRaftLogWorker: Rolled log segment from /workdir/ratis-test/target/test/data/b2c0a8be/MiniRaftClusterWithNetty1f9c6c63/s0/7b03d609-5326-4b0a-b2d2-a1961c08437e/current/log_inprogress_276 to /workdir/ratis-test/target/test/data/b2c0a8be/MiniRaftClusterWithNetty1f9c6c63/s0/7b03d609-5326-4b0a-b2d2-a1961c08437e/current/log_276-277
2019-09-24 16:37:49,210 TRACE util.FileUtils (LogUtils.java:runAndLog(61)) - Successfully ran Files.move /workdir/ratis-test/target/test/data/b2c0a8be/MiniRaftClusterWithNetty1f9c6c63/s2/7b03d609-5326-4b0a-b2d2-a1961c08437e/current/log_inprogress_288 to /workdir/ratis-test/target/test/data/b2c0a8be/MiniRaftClusterWithNetty1f9c6c63/s2/7b03d609-5326-4b0a-b2d2-a1961c08437e/current/log_288-297
2019-09-24 16:37:49,210 INFO  segmented.SegmentedRaftLogWorker (SegmentedRaftLogWorker.java:execute(526)) - s2@group-A1961C08437E-SegmentedRaftLogWorker: Rolled log segment from /workdir/ratis-test/target/test/data/b2c0a8be/MiniRaftClusterWithNetty1f9c6c63/s2/7b03d609-5326-4b0a-b2d2-a1961c08437e/current/log_inprogress_288 to /workdir/ratis-test/target/test/data/b2c0a8be/MiniRaftClusterWithNetty1f9c6c63/s2/7b03d609-5326-4b0a-b2d2-a1961c08437e/current/log_288-297
2019-09-24 16:37:49,221 INFO  segmented.SegmentedRaftLogWorker (SegmentedRaftLogWorker.java:execute(569)) - s0@group-A1961C08437E-SegmentedRaftLogWorker: created new log segment /workdir/ratis-test/target/test/data/b2c0a8be/MiniRaftClusterWithNetty1f9c6c63/s0/7b03d609-5326-4b0a-b2d2-a1961c08437e/current/log_inprogress_278
2019-09-24 16:37:49,228 INFO  statemachine.SimpleStateMachine4Testing (SimpleStateMachine4Testing.java:put(198)) - s1: put 290, 0000000000... -> (t:2, i:290), STATEMACHINELOGENTRY, client-69912ADB290A, cid=147
2019-09-24 16:37:49,228 INFO  statemachine.SimpleStateMachine4Testing (SimpleStateMachine4Testing.java:put(198)) - s2: put 292, 0000000000... -> (t:2, i:292), STATEMACHINELOGENTRY, client-781B3BD2DEB4, cid=144
2019-09-24 16:37:49,239 INFO  segmented.SegmentedRaftLogWorker (SegmentedRaftLogWorker.java:execute(569)) - s2@group-A1961C08437E-SegmentedRaftLogWorker: created new log segment /workdir/ratis-test/target/test/data/b2c0a8be/MiniRaftClusterWithNetty1f9c6c63/s2/7b03d609-5326-4b0a-b2d2-a1961c08437e/current/log_inprogress_298
2019-09-24 16:37:49,247 INFO  segmented.SegmentedRaftLogWorker (SegmentedRaftLogWorker.java:rollLogSegment(385)) - s0@group-A1961C08437E-SegmentedRaftLogWorker: Rolling segment log-278_279 to index:279
2019-09-24 16:37:49,247 TRACE util.FileUtils (LogUtils.java:runAndLog(61)) - Successfully ran Files.move /workdir/ratis-test/target/test/data/b2c0a8be/MiniRaftClusterWithNetty1f9c6c63/s0/7b03d609-5326-4b0a-b2d2-a1961c08437e/current/log_inprogress_278 to /workdir/ratis-test/target/test/data/b2c0a8be/MiniRaftClusterWithNetty1f9c6c63/s0/7b03d609-5326-4b0a-b2d2-a1961c08437e/current/log_278-279
2019-09-24 16:37:49,247 INFO  segmented.SegmentedRaftLogWorker (SegmentedRaftLogWorker.java:execute(526)) - s0@group-A1961C08437E-SegmentedRaftLogWorker: Rolled log segment from /workdir/ratis-test/target/test/data/b2c0a8be/MiniRaftClusterWithNetty1f9c6c63/s0/7b03d609-5326-4b0a-b2d2-a1961c08437e/current/log_inprogress_278 to /workdir/ratis-test/target/test/data/b2c0a8be/MiniRaftClusterWithNetty1f9c6c63/s0/7b03d609-5326-4b0a-b2d2-a1961c08437e/current/log_278-279
2019-09-24 16:37:49,251 INFO  statemachine.SimpleStateMachine4Testing (SimpleStateMachine4Testing.java:put(198)) - s1: put 292, 0000000000... -> (t:2, i:292), STATEMACHINELOGENTRY, client-781B3BD2DEB4, cid=144
2019-09-24 16:37:49,252 INFO  statemachine.SimpleStateMachine4Testing (SimpleStateMachine4Testing.java:put(198)) - s2: put 294, 1111111111... -> (t:2, i:294), STATEMACHINELOGENTRY, client-DA36977FC49F, cid=149
2019-09-24 16:37:49,263 INFO  segmented.SegmentedRaftLogWorker (SegmentedRaftLogWorker.java:execute(569)) - s0@group-A1961C08437E-SegmentedRaftLogWorker: created new log segment /workdir/ratis-test/target/test/data/b2c0a8be/MiniRaftClusterWithNetty1f9c6c63/s0/7b03d609-5326-4b0a-b2d2-a1961c08437e/current/log_inprogress_280
2019-09-24 16:37:49,277 INFO  statemachine.SimpleStateMachine4Testing (SimpleStateMachine4Testing.java:put(198)) - s1: put 294, 1111111111... -> (t:2, i:294), STATEMACHINELOGENTRY, client-DA36977FC49F, cid=149
2019-09-24 16:37:49,278 INFO  statemachine.SimpleStateMachine4Testing (SimpleStateMachine4Testing.java:put(198)) - s2: put 296, 1111111111... -> (t:2, i:296), STATEMACHINELOGENTRY, client-6F4DA14A560B, cid=150
2019-09-24 16:37:49,278 INFO  segmented.SegmentedRaftLogWorker (SegmentedRaftLogWorker.java:rollLogSegment(385)) - s0@group-A1961C08437E-SegmentedRaftLogWorker: Rolling segment log-280_281 to index:281
2019-09-24 16:37:49,278 TRACE util.FileUtils (LogUtils.java:runAndLog(61)) - Successfully ran Files.move /workdir/ratis-test/target/test/data/b2c0a8be/MiniRaftClusterWithNetty1f9c6c63/s0/7b03d609-5326-4b0a-b2d2-a1961c08437e/current/log_inprogress_280 to /workdir/ratis-test/target/test/data/b2c0a8be/MiniRaftClusterWithNetty1f9c6c63/s0/7b03d609-5326-4b0a-b2d2-a1961c08437e/current/log_280-281
2019-09-24 16:37:49,279 INFO  segmented.SegmentedRaftLogWorker (SegmentedRaftLogWorker.java:execute(526)) - s0@group-A1961C08437E-SegmentedRaftLogWorker: Rolled log segment from /workdir/ratis-test/target/test/data/b2c0a8be/MiniRaftClusterWithNetty1f9c6c63/s0/7b03d609-5326-4b0a-b2d2-a1961c08437e/current/log_inprogress_280 to /workdir/ratis-test/target/test/data/b2c0a8be/MiniRaftClusterWithNetty1f9c6c63/s0/7b03d609-5326-4b0a-b2d2-a1961c08437e/current/log_280-281
2019-09-24 16:37:49,279 INFO  segmented.SegmentedRaftLogWorker (SegmentedRaftLogWorker.java:rollLogSegment(385)) - s2@group-A1961C08437E-SegmentedRaftLogWorker: Rolling segment log-298_303 to index:303
2019-09-24 16:37:49,282 TRACE util.FileUtils (LogUtils.java:runAndLog(61)) - Successfully ran Files.move /workdir/ratis-test/target/test/data/b2c0a8be/MiniRaftClusterWithNetty1f9c6c63/s2/7b03d609-5326-4b0a-b2d2-a1961c08437e/current/log_inprogress_298 to /workdir/ratis-test/target/test/data/b2c0a8be/MiniRaftClusterWithNetty1f9c6c63/s2/7b03d609-5326-4b0a-b2d2-a1961c08437e/current/log_298-303
2019-09-24 16:37:49,282 INFO  segmented.SegmentedRaftLogWorker (SegmentedRaftLogWorker.java:execute(526)) - s2@group-A1961C08437E-SegmentedRaftLogWorker: Rolled log segment from /workdir/ratis-test/target/test/data/b2c0a8be/MiniRaftClusterWithNetty1f9c6c63/s2/7b03d609-5326-4b0a-b2d2-a1961c08437e/current/log_inprogress_298 to /workdir/ratis-test/target/test/data/b2c0a8be/MiniRaftClusterWithNetty1f9c6c63/s2/7b03d609-5326-4b0a-b2d2-a1961c08437e/current/log_298-303
2019-09-24 16:37:49,283 INFO  segmented.SegmentedRaftLogWorker (SegmentedRaftLogWorker.java:rollLogSegment(385)) - s1@group-A1961C08437E-SegmentedRaftLogWorker: Rolling segment log-288_297 to index:297
2019-09-24 16:37:49,294 TRACE util.FileUtils (LogUtils.java:runAndLog(61)) - Successfully ran Files.move /workdir/ratis-test/target/test/data/b2c0a8be/MiniRaftClusterWithNetty1f9c6c63/s1/7b03d609-5326-4b0a-b2d2-a1961c08437e/current/log_inprogress_288 to /workdir/ratis-test/target/test/data/b2c0a8be/MiniRaftClusterWithNetty1f9c6c63/s1/7b03d609-5326-4b0a-b2d2-a1961c08437e/current/log_288-297
2019-09-24 16:37:49,294 INFO  segmented.SegmentedRaftLogWorker (SegmentedRaftLogWorker.java:execute(526)) - s1@group-A1961C08437E-SegmentedRaftLogWorker: Rolled log segment from /workdir/ratis-test/target/test/data/b2c0a8be/MiniRaftClusterWithNetty1f9c6c63/s1/7b03d609-5326-4b0a-b2d2-a1961c08437e/current/log_inprogress_288 to /workdir/ratis-test/target/test/data/b2c0a8be/MiniRaftClusterWithNetty1f9c6c63/s1/7b03d609-5326-4b0a-b2d2-a1961c08437e/current/log_288-297
2019-09-24 16:37:49,294 INFO  segmented.SegmentedRaftLogWorker (SegmentedRaftLogWorker.java:execute(569)) - s0@group-A1961C08437E-SegmentedRaftLogWorker: created new log segment /workdir/ratis-test/target/test/data/b2c0a8be/MiniRaftClusterWithNetty1f9c6c63/s0/7b03d609-5326-4b0a-b2d2-a1961c08437e/current/log_inprogress_282
2019-09-24 16:37:49,329 INFO  segmented.SegmentedRaftLogWorker (SegmentedRaftLogWorker.java:execute(569)) - s1@group-A1961C08437E-SegmentedRaftLogWorker: created new log segment /workdir/ratis-test/target/test/data/b2c0a8be/MiniRaftClusterWithNetty1f9c6c63/s1/7b03d609-5326-4b0a-b2d2-a1961c08437e/current/log_inprogress_298
2019-09-24 16:37:49,329 INFO  segmented.SegmentedRaftLogWorker (SegmentedRaftLogWorker.java:execute(569)) - s2@group-A1961C08437E-SegmentedRaftLogWorker: created new log segment /workdir/ratis-test/target/test/data/b2c0a8be/MiniRaftClusterWithNetty1f9c6c63/s2/7b03d609-5326-4b0a-b2d2-a1961c08437e/current/log_inprogress_304
2019-09-24 16:37:49,341 INFO  statemachine.SimpleStateMachine4Testing (SimpleStateMachine4Testing.java:put(198)) - s1: put 296, 1111111111... -> (t:2, i:296), STATEMACHINELOGENTRY, client-6F4DA14A560B, cid=150
2019-09-24 16:37:49,342 INFO  segmented.SegmentedRaftLogWorker (SegmentedRaftLogWorker.java:rollLogSegment(385)) - s0@group-A1961C08437E-SegmentedRaftLogWorker: Rolling segment log-282_283 to index:283
2019-09-24 16:37:49,342 INFO  statemachine.SimpleStateMachine4Testing (SimpleStateMachine4Testing.java:put(198)) - s2: put 298, 1111111111... -> (t:2, i:298), STATEMACHINELOGENTRY, client-69912ADB290A, cid=151
2019-09-24 16:37:49,342 TRACE util.FileUtils (LogUtils.java:runAndLog(61)) - Successfully ran Files.move /workdir/ratis-test/target/test/data/b2c0a8be/MiniRaftClusterWithNetty1f9c6c63/s0/7b03d609-5326-4b0a-b2d2-a1961c08437e/current/log_inprogress_282 to /workdir/ratis-test/target/test/data/b2c0a8be/MiniRaftClusterWithNetty1f9c6c63/s0/7b03d609-5326-4b0a-b2d2-a1961c08437e/current/log_282-283
2019-09-24 16:37:49,342 INFO  segmented.SegmentedRaftLogWorker (SegmentedRaftLogWorker.java:execute(526)) - s0@group-A1961C08437E-SegmentedRaftLogWorker: Rolled log segment from /workdir/ratis-test/target/test/data/b2c0a8be/MiniRaftClusterWithNetty1f9c6c63/s0/7b03d609-5326-4b0a-b2d2-a1961c08437e/current/log_inprogress_282 to /workdir/ratis-test/target/test/data/b2c0a8be/MiniRaftClusterWithNetty1f9c6c63/s0/7b03d609-5326-4b0a-b2d2-a1961c08437e/current/log_282-283
2019-09-24 16:37:49,363 INFO  segmented.SegmentedRaftLogWorker (SegmentedRaftLogWorker.java:execute(569)) - s0@group-A1961C08437E-SegmentedRaftLogWorker: created new log segment /workdir/ratis-test/target/test/data/b2c0a8be/MiniRaftClusterWithNetty1f9c6c63/s0/7b03d609-5326-4b0a-b2d2-a1961c08437e/current/log_inprogress_284
2019-09-24 16:37:49,364 INFO  statemachine.SimpleStateMachine4Testing (SimpleStateMachine4Testing.java:put(198)) - s1: put 298, 1111111111... -> (t:2, i:298), STATEMACHINELOGENTRY, client-69912ADB290A, cid=151
2019-09-24 16:37:49,364 INFO  statemachine.SimpleStateMachine4Testing (SimpleStateMachine4Testing.java:put(198)) - s2: put 300, 0000000000... -> (t:2, i:300), STATEMACHINELOGENTRY, client-D98953169D47, cid=148
2019-09-24 16:37:49,365 INFO  segmented.SegmentedRaftLogWorker (SegmentedRaftLogWorker.java:rollLogSegment(385)) - s2@group-A1961C08437E-SegmentedRaftLogWorker: Rolling segment log-304_307 to index:307
2019-09-24 16:37:49,369 TRACE util.FileUtils (LogUtils.java:runAndLog(61)) - Successfully ran Files.move /workdir/ratis-test/target/test/data/b2c0a8be/MiniRaftClusterWithNetty1f9c6c63/s2/7b03d609-5326-4b0a-b2d2-a1961c08437e/current/log_inprogress_304 to /workdir/ratis-test/target/test/data/b2c0a8be/MiniRaftClusterWithNetty1f9c6c63/s2/7b03d609-5326-4b0a-b2d2-a1961c08437e/current/log_304-307
2019-09-24 16:37:49,369 INFO  segmented.SegmentedRaftLogWorker (SegmentedRaftLogWorker.java:execute(526)) - s2@group-A1961C08437E-SegmentedRaftLogWorker: Rolled log segment from /workdir/ratis-test/target/test/data/b2c0a8be/MiniRaftClusterWithNetty1f9c6c63/s2/7b03d609-5326-4b0a-b2d2-a1961c08437e/current/log_inprogress_304 to /workdir/ratis-test/target/test/data/b2c0a8be/MiniRaftClusterWithNetty1f9c6c63/s2/7b03d609-5326-4b0a-b2d2-a1961c08437e/current/log_304-307
2019-09-24 16:37:49,374 INFO  statemachine.SimpleStateMachine4Testing (SimpleStateMachine4Testing.java:put(198)) - s1: put 300, 0000000000... -> (t:2, i:300), STATEMACHINELOGENTRY, client-D98953169D47, cid=148
2019-09-24 16:37:49,374 INFO  statemachine.SimpleStateMachine4Testing (SimpleStateMachine4Testing.java:put(198)) - s2: put 302, 2222222222... -> (t:2, i:302), STATEMACHINELOGENTRY, client-DA36977FC49F, cid=153
2019-09-24 16:37:49,376 INFO  segmented.SegmentedRaftLogWorker (SegmentedRaftLogWorker.java:execute(569)) - s2@group-A1961C08437E-SegmentedRaftLogWorker: created new log segment /workdir/ratis-test/target/test/data/b2c0a8be/MiniRaftClusterWithNetty1f9c6c63/s2/7b03d609-5326-4b0a-b2d2-a1961c08437e/current/log_inprogress_308
2019-09-24 16:37:49,381 INFO  segmented.SegmentedRaftLogWorker (SegmentedRaftLogWorker.java:rollLogSegment(385)) - s1@group-A1961C08437E-SegmentedRaftLogWorker: Rolling segment log-298_303 to index:303
2019-09-24 16:37:49,382 TRACE util.FileUtils (LogUtils.java:runAndLog(61)) - Successfully ran Files.move /workdir/ratis-test/target/test/data/b2c0a8be/MiniRaftClusterWithNetty1f9c6c63/s1/7b03d609-5326-4b0a-b2d2-a1961c08437e/current/log_inprogress_298 to /workdir/ratis-test/target/test/data/b2c0a8be/MiniRaftClusterWithNetty1f9c6c63/s1/7b03d609-5326-4b0a-b2d2-a1961c08437e/current/log_298-303
2019-09-24 16:37:49,382 INFO  segmented.SegmentedRaftLogWorker (SegmentedRaftLogWorker.java:execute(526)) - s1@group-A1961C08437E-SegmentedRaftLogWorker: Rolled log segment from /workdir/ratis-test/target/test/data/b2c0a8be/MiniRaftClusterWithNetty1f9c6c63/s1/7b03d609-5326-4b0a-b2d2-a1961c08437e/current/log_inprogress_298 to /workdir/ratis-test/target/test/data/b2c0a8be/MiniRaftClusterWithNetty1f9c6c63/s1/7b03d609-5326-4b0a-b2d2-a1961c08437e/current/log_298-303
2019-09-24 16:37:49,393 INFO  segmented.SegmentedRaftLogWorker (SegmentedRaftLogWorker.java:rollLogSegment(385)) - s0@group-A1961C08437E-SegmentedRaftLogWorker: Rolling segment log-284_287 to index:287
2019-09-24 16:37:49,404 TRACE util.FileUtils (LogUtils.java:runAndLog(61)) - Successfully ran Files.move /workdir/ratis-test/target/test/data/b2c0a8be/MiniRaftClusterWithNetty1f9c6c63/s0/7b03d609-5326-4b0a-b2d2-a1961c08437e/current/log_inprogress_284 to /workdir/ratis-test/target/test/data/b2c0a8be/MiniRaftClusterWithNetty1f9c6c63/s0/7b03d609-5326-4b0a-b2d2-a1961c08437e/current/log_284-287
2019-09-24 16:37:49,404 INFO  segmented.SegmentedRaftLogWorker (SegmentedRaftLogWorker.java:execute(526)) - s0@group-A1961C08437E-SegmentedRaftLogWorker: Rolled log segment from /workdir/ratis-test/target/test/data/b2c0a8be/MiniRaftClusterWithNetty1f9c6c63/s0/7b03d609-5326-4b0a-b2d2-a1961c08437e/current/log_inprogress_284 to /workdir/ratis-test/target/test/data/b2c0a8be/MiniRaftClusterWithNetty1f9c6c63/s0/7b03d609-5326-4b0a-b2d2-a1961c08437e/current/log_284-287
2019-09-24 16:37:49,404 INFO  segmented.SegmentedRaftLogWorker (SegmentedRaftLogWorker.java:execute(569)) - s1@group-A1961C08437E-SegmentedRaftLogWorker: created new log segment /workdir/ratis-test/target/test/data/b2c0a8be/MiniRaftClusterWithNetty1f9c6c63/s1/7b03d609-5326-4b0a-b2d2-a1961c08437e/current/log_inprogress_304
2019-09-24 16:37:49,432 INFO  statemachine.SimpleStateMachine4Testing (SimpleStateMachine4Testing.java:put(198)) - s1: put 302, 2222222222... -> (t:2, i:302), STATEMACHINELOGENTRY, client-DA36977FC49F, cid=153
2019-09-24 16:37:49,432 INFO  statemachine.SimpleStateMachine4Testing (SimpleStateMachine4Testing.java:put(198)) - s2: put 304, 2222222222... -> (t:2, i:304), STATEMACHINELOGENTRY, client-6F4DA14A560B, cid=154
2019-09-24 16:37:49,434 INFO  segmented.SegmentedRaftLogWorker (SegmentedRaftLogWorker.java:rollLogSegment(385)) - s2@group-A1961C08437E-SegmentedRaftLogWorker: Rolling segment log-308_311 to index:311
2019-09-24 16:37:49,443 INFO  segmented.SegmentedRaftLogWorker (SegmentedRaftLogWorker.java:execute(569)) - s0@group-A1961C08437E-SegmentedRaftLogWorker: created new log segment /workdir/ratis-test/target/test/data/b2c0a8be/MiniRaftClusterWithNetty1f9c6c63/s0/7b03d609-5326-4b0a-b2d2-a1961c08437e/current/log_inprogress_288
2019-09-24 16:37:49,444 TRACE util.FileUtils (LogUtils.java:runAndLog(61)) - Successfully ran Files.move /workdir/ratis-test/target/test/data/b2c0a8be/MiniRaftClusterWithNetty1f9c6c63/s2/7b03d609-5326-4b0a-b2d2-a1961c08437e/current/log_inprogress_308 to /workdir/ratis-test/target/test/data/b2c0a8be/MiniRaftClusterWithNetty1f9c6c63/s2/7b03d609-5326-4b0a-b2d2-a1961c08437e/current/log_308-311
2019-09-24 16:37:49,444 INFO  segmented.SegmentedRaftLogWorker (SegmentedRaftLogWorker.java:execute(526)) - s2@group-A1961C08437E-SegmentedRaftLogWorker: Rolled log segment from /workdir/ratis-test/target/test/data/b2c0a8be/MiniRaftClusterWithNetty1f9c6c63/s2/7b03d609-5326-4b0a-b2d2-a1961c08437e/current/log_inprogress_308 to /workdir/ratis-test/target/test/data/b2c0a8be/MiniRaftClusterWithNetty1f9c6c63/s2/7b03d609-5326-4b0a-b2d2-a1961c08437e/current/log_308-311
2019-09-24 16:37:49,450 INFO  statemachine.SimpleStateMachine4Testing (SimpleStateMachine4Testing.java:put(198)) - s1: put 304, 2222222222... -> (t:2, i:304), STATEMACHINELOGENTRY, client-6F4DA14A560B, cid=154
2019-09-24 16:37:49,451 INFO  statemachine.SimpleStateMachine4Testing (SimpleStateMachine4Testing.java:put(198)) - s2: put 306, 2222222222... -> (t:2, i:306), STATEMACHINELOGENTRY, client-69912ADB290A, cid=155
2019-09-24 16:37:49,452 INFO  segmented.SegmentedRaftLogWorker (SegmentedRaftLogWorker.java:rollLogSegment(385)) - s2@group-A1961C08437E-SegmentedRaftLogWorker: Rolling segment log-312_313 to index:313
2019-09-24 16:37:49,457 INFO  segmented.SegmentedRaftLogWorker (SegmentedRaftLogWorker.java:execute(569)) - s2@group-A1961C08437E-SegmentedRaftLogWorker: created new log segment /workdir/ratis-test/target/test/data/b2c0a8be/MiniRaftClusterWithNetty1f9c6c63/s2/7b03d609-5326-4b0a-b2d2-a1961c08437e/current/log_inprogress_312
2019-09-24 16:37:49,458 INFO  segmented.SegmentedRaftLogWorker (SegmentedRaftLogWorker.java:rollLogSegment(385)) - s1@group-A1961C08437E-SegmentedRaftLogWorker: Rolling segment log-304_307 to index:307
2019-09-24 16:37:49,458 TRACE util.FileUtils (LogUtils.java:runAndLog(61)) - Successfully ran Files.move /workdir/ratis-test/target/test/data/b2c0a8be/MiniRaftClusterWithNetty1f9c6c63/s2/7b03d609-5326-4b0a-b2d2-a1961c08437e/current/log_inprogress_312 to /workdir/ratis-test/target/test/data/b2c0a8be/MiniRaftClusterWithNetty1f9c6c63/s2/7b03d609-5326-4b0a-b2d2-a1961c08437e/current/log_312-313
2019-09-24 16:37:49,459 INFO  segmented.SegmentedRaftLogWorker (SegmentedRaftLogWorker.java:execute(526)) - s2@group-A1961C08437E-SegmentedRaftLogWorker: Rolled log segment from /workdir/ratis-test/target/test/data/b2c0a8be/MiniRaftClusterWithNetty1f9c6c63/s2/7b03d609-5326-4b0a-b2d2-a1961c08437e/current/log_inprogress_312 to /workdir/ratis-test/target/test/data/b2c0a8be/MiniRaftClusterWithNetty1f9c6c63/s2/7b03d609-5326-4b0a-b2d2-a1961c08437e/current/log_312-313
2019-09-24 16:37:49,459 TRACE util.FileUtils (LogUtils.java:runAndLog(61)) - Successfully ran Files.move /workdir/ratis-test/target/test/data/b2c0a8be/MiniRaftClusterWithNetty1f9c6c63/s1/7b03d609-5326-4b0a-b2d2-a1961c08437e/current/log_inprogress_304 to /workdir/ratis-test/target/test/data/b2c0a8be/MiniRaftClusterWithNetty1f9c6c63/s1/7b03d609-5326-4b0a-b2d2-a1961c08437e/current/log_304-307
2019-09-24 16:37:49,459 INFO  segmented.SegmentedRaftLogWorker (SegmentedRaftLogWorker.java:execute(526)) - s1@group-A1961C08437E-SegmentedRaftLogWorker: Rolled log segment from /workdir/ratis-test/target/test/data/b2c0a8be/MiniRaftClusterWithNetty1f9c6c63/s1/7b03d609-5326-4b0a-b2d2-a1961c08437e/current/log_inprogress_304 to /workdir/ratis-test/target/test/data/b2c0a8be/MiniRaftClusterWithNetty1f9c6c63/s1/7b03d609-5326-4b0a-b2d2-a1961c08437e/current/log_304-307
2019-09-24 16:37:49,479 INFO  segmented.SegmentedRaftLogWorker (SegmentedRaftLogWorker.java:execute(569)) - s1@group-A1961C08437E-SegmentedRaftLogWorker: created new log segment /workdir/ratis-test/target/test/data/b2c0a8be/MiniRaftClusterWithNetty1f9c6c63/s1/7b03d609-5326-4b0a-b2d2-a1961c08437e/current/log_inprogress_308
2019-09-24 16:37:49,479 INFO  segmented.SegmentedRaftLogWorker (SegmentedRaftLogWorker.java:execute(569)) - s2@group-A1961C08437E-SegmentedRaftLogWorker: created new log segment /workdir/ratis-test/target/test/data/b2c0a8be/MiniRaftClusterWithNetty1f9c6c63/s2/7b03d609-5326-4b0a-b2d2-a1961c08437e/current/log_inprogress_314
2019-09-24 16:37:49,483 INFO  statemachine.SimpleStateMachine4Testing (SimpleStateMachine4Testing.java:put(198)) - s1: put 306, 2222222222... -> (t:2, i:306), STATEMACHINELOGENTRY, client-69912ADB290A, cid=155
2019-09-24 16:37:49,483 INFO  statemachine.SimpleStateMachine4Testing (SimpleStateMachine4Testing.java:put(198)) - s2: put 308, 1111111111... -> (t:2, i:308), STATEMACHINELOGENTRY, client-781B3BD2DEB4, cid=152
2019-09-24 16:37:49,496 INFO  statemachine.SimpleStateMachine4Testing (SimpleStateMachine4Testing.java:put(198)) - s1: put 308, 1111111111... -> (t:2, i:308), STATEMACHINELOGENTRY, client-781B3BD2DEB4, cid=152
2019-09-24 16:37:49,496 INFO  statemachine.SimpleStateMachine4Testing (SimpleStateMachine4Testing.java:put(198)) - s2: put 310, 3333333333... -> (t:2, i:310), STATEMACHINELOGENTRY, client-DA36977FC49F, cid=157
2019-09-24 16:37:49,498 INFO  segmented.SegmentedRaftLogWorker (SegmentedRaftLogWorker.java:rollLogSegment(385)) - s2@group-A1961C08437E-SegmentedRaftLogWorker: Rolling segment log-314_317 to index:317
2019-09-24 16:37:49,506 TRACE util.FileUtils (LogUtils.java:runAndLog(61)) - Successfully ran Files.move /workdir/ratis-test/target/test/data/b2c0a8be/MiniRaftClusterWithNetty1f9c6c63/s2/7b03d609-5326-4b0a-b2d2-a1961c08437e/current/log_inprogress_314 to /workdir/ratis-test/target/test/data/b2c0a8be/MiniRaftClusterWithNetty1f9c6c63/s2/7b03d609-5326-4b0a-b2d2-a1961c08437e/current/log_314-317
2019-09-24 16:37:49,506 INFO  segmented.SegmentedRaftLogWorker (SegmentedRaftLogWorker.java:execute(526)) - s2@group-A1961C08437E-SegmentedRaftLogWorker: Rolled log segment from /workdir/ratis-test/target/test/data/b2c0a8be/MiniRaftClusterWithNetty1f9c6c63/s2/7b03d609-5326-4b0a-b2d2-a1961c08437e/current/log_inprogress_314 to /workdir/ratis-test/target/test/data/b2c0a8be/MiniRaftClusterWithNetty1f9c6c63/s2/7b03d609-5326-4b0a-b2d2-a1961c08437e/current/log_314-317
2019-09-24 16:37:49,507 INFO  statemachine.SimpleStateMachine4Testing (SimpleStateMachine4Testing.java:put(198)) - s1: put 310, 3333333333... -> (t:2, i:310), STATEMACHINELOGENTRY, client-DA36977FC49F, cid=157
2019-09-24 16:37:49,508 INFO  segmented.SegmentedRaftLogWorker (SegmentedRaftLogWorker.java:rollLogSegment(385)) - s1@group-A1961C08437E-SegmentedRaftLogWorker: Rolling segment log-308_311 to index:311
2019-09-24 16:37:49,519 TRACE util.FileUtils (LogUtils.java:runAndLog(61)) - Successfully ran Files.move /workdir/ratis-test/target/test/data/b2c0a8be/MiniRaftClusterWithNetty1f9c6c63/s1/7b03d609-5326-4b0a-b2d2-a1961c08437e/current/log_inprogress_308 to /workdir/ratis-test/target/test/data/b2c0a8be/MiniRaftClusterWithNetty1f9c6c63/s1/7b03d609-5326-4b0a-b2d2-a1961c08437e/current/log_308-311
2019-09-24 16:37:49,519 INFO  segmented.SegmentedRaftLogWorker (SegmentedRaftLogWorker.java:execute(526)) - s1@group-A1961C08437E-SegmentedRaftLogWorker: Rolled log segment from /workdir/ratis-test/target/test/data/b2c0a8be/MiniRaftClusterWithNetty1f9c6c63/s1/7b03d609-5326-4b0a-b2d2-a1961c08437e/current/log_inprogress_308 to /workdir/ratis-test/target/test/data/b2c0a8be/MiniRaftClusterWithNetty1f9c6c63/s1/7b03d609-5326-4b0a-b2d2-a1961c08437e/current/log_308-311
2019-09-24 16:37:49,519 INFO  segmented.SegmentedRaftLogWorker (SegmentedRaftLogWorker.java:execute(569)) - s2@group-A1961C08437E-SegmentedRaftLogWorker: created new log segment /workdir/ratis-test/target/test/data/b2c0a8be/MiniRaftClusterWithNetty1f9c6c63/s2/7b03d609-5326-4b0a-b2d2-a1961c08437e/current/log_inprogress_318
2019-09-24 16:37:49,556 INFO  segmented.SegmentedRaftLogWorker (SegmentedRaftLogWorker.java:execute(569)) - s1@group-A1961C08437E-SegmentedRaftLogWorker: created new log segment /workdir/ratis-test/target/test/data/b2c0a8be/MiniRaftClusterWithNetty1f9c6c63/s1/7b03d609-5326-4b0a-b2d2-a1961c08437e/current/log_inprogress_312
2019-09-24 16:37:49,563 INFO  segmented.SegmentedRaftLogWorker (SegmentedRaftLogWorker.java:rollLogSegment(385)) - s0@group-A1961C08437E-SegmentedRaftLogWorker: Rolling segment log-288_297 to index:297
2019-09-24 16:37:49,564 INFO  statemachine.SimpleStateMachine4Testing (SimpleStateMachine4Testing.java:put(198)) - s2: put 312, 3333333333... -> (t:2, i:312), STATEMACHINELOGENTRY, client-6F4DA14A560B, cid=158
2019-09-24 16:37:49,564 TRACE util.FileUtils (LogUtils.java:runAndLog(61)) - Successfully ran Files.move /workdir/ratis-test/target/test/data/b2c0a8be/MiniRaftClusterWithNetty1f9c6c63/s0/7b03d609-5326-4b0a-b2d2-a1961c08437e/current/log_inprogress_288 to /workdir/ratis-test/target/test/data/b2c0a8be/MiniRaftClusterWithNetty1f9c6c63/s0/7b03d609-5326-4b0a-b2d2-a1961c08437e/current/log_288-297
2019-09-24 16:37:49,564 INFO  segmented.SegmentedRaftLogWorker (SegmentedRaftLogWorker.java:execute(526)) - s0@group-A1961C08437E-SegmentedRaftLogWorker: Rolled log segment from /workdir/ratis-test/target/test/data/b2c0a8be/MiniRaftClusterWithNetty1f9c6c63/s0/7b03d609-5326-4b0a-b2d2-a1961c08437e/current/log_inprogress_288 to /workdir/ratis-test/target/test/data/b2c0a8be/MiniRaftClusterWithNetty1f9c6c63/s0/7b03d609-5326-4b0a-b2d2-a1961c08437e/current/log_288-297
2019-09-24 16:37:49,565 INFO  segmented.SegmentedRaftLogWorker (SegmentedRaftLogWorker.java:rollLogSegment(385)) - s2@group-A1961C08437E-SegmentedRaftLogWorker: Rolling segment log-318_319 to index:319
2019-09-24 16:37:49,571 TRACE util.FileUtils (LogUtils.java:runAndLog(61)) - Successfully ran Files.move /workdir/ratis-test/target/test/data/b2c0a8be/MiniRaftClusterWithNetty1f9c6c63/s2/7b03d609-5326-4b0a-b2d2-a1961c08437e/current/log_inprogress_318 to /workdir/ratis-test/target/test/data/b2c0a8be/MiniRaftClusterWithNetty1f9c6c63/s2/7b03d609-5326-4b0a-b2d2-a1961c08437e/current/log_318-319
2019-09-24 16:37:49,571 INFO  segmented.SegmentedRaftLogWorker (SegmentedRaftLogWorker.java:execute(526)) - s2@group-A1961C08437E-SegmentedRaftLogWorker: Rolled log segment from /workdir/ratis-test/target/test/data/b2c0a8be/MiniRaftClusterWithNetty1f9c6c63/s2/7b03d609-5326-4b0a-b2d2-a1961c08437e/current/log_inprogress_318 to /workdir/ratis-test/target/test/data/b2c0a8be/MiniRaftClusterWithNetty1f9c6c63/s2/7b03d609-5326-4b0a-b2d2-a1961c08437e/current/log_318-319
2019-09-24 16:37:49,572 INFO  segmented.SegmentedRaftLogWorker (SegmentedRaftLogWorker.java:rollLogSegment(385)) - s1@group-A1961C08437E-SegmentedRaftLogWorker: Rolling segment log-312_313 to index:313
2019-09-24 16:37:49,582 TRACE util.FileUtils (LogUtils.java:runAndLog(61)) - Successfully ran Files.move /workdir/ratis-test/target/test/data/b2c0a8be/MiniRaftClusterWithNetty1f9c6c63/s1/7b03d609-5326-4b0a-b2d2-a1961c08437e/current/log_inprogress_312 to /workdir/ratis-test/target/test/data/b2c0a8be/MiniRaftClusterWithNetty1f9c6c63/s1/7b03d609-5326-4b0a-b2d2-a1961c08437e/current/log_312-313
2019-09-24 16:37:49,582 INFO  segmented.SegmentedRaftLogWorker (SegmentedRaftLogWorker.java:execute(526)) - s1@group-A1961C08437E-SegmentedRaftLogWorker: Rolled log segment from /workdir/ratis-test/target/test/data/b2c0a8be/MiniRaftClusterWithNetty1f9c6c63/s1/7b03d609-5326-4b0a-b2d2-a1961c08437e/current/log_inprogress_312 to /workdir/ratis-test/target/test/data/b2c0a8be/MiniRaftClusterWithNetty1f9c6c63/s1/7b03d609-5326-4b0a-b2d2-a1961c08437e/current/log_312-313
2019-09-24 16:37:49,583 INFO  segmented.SegmentedRaftLogWorker (SegmentedRaftLogWorker.java:execute(569)) - s0@group-A1961C08437E-SegmentedRaftLogWorker: created new log segment /workdir/ratis-test/target/test/data/b2c0a8be/MiniRaftClusterWithNetty1f9c6c63/s0/7b03d609-5326-4b0a-b2d2-a1961c08437e/current/log_inprogress_298
2019-09-24 16:37:49,600 INFO  segmented.SegmentedRaftLogWorker (SegmentedRaftLogWorker.java:execute(569)) - s1@group-A1961C08437E-SegmentedRaftLogWorker: created new log segment /workdir/ratis-test/target/test/data/b2c0a8be/MiniRaftClusterWithNetty1f9c6c63/s1/7b03d609-5326-4b0a-b2d2-a1961c08437e/current/log_inprogress_314
2019-09-24 16:37:49,601 INFO  segmented.SegmentedRaftLogWorker (SegmentedRaftLogWorker.java:execute(569)) - s2@group-A1961C08437E-SegmentedRaftLogWorker: created new log segment /workdir/ratis-test/target/test/data/b2c0a8be/MiniRaftClusterWithNetty1f9c6c63/s2/7b03d609-5326-4b0a-b2d2-a1961c08437e/current/log_inprogress_320
2019-09-24 16:37:49,632 INFO  statemachine.SimpleStateMachine4Testing (SimpleStateMachine4Testing.java:put(198)) - s1: put 312, 3333333333... -> (t:2, i:312), STATEMACHINELOGENTRY, client-6F4DA14A560B, cid=158
2019-09-24 16:37:49,632 INFO  statemachine.SimpleStateMachine4Testing (SimpleStateMachine4Testing.java:put(198)) - s2: put 314, 3333333333... -> (t:2, i:314), STATEMACHINELOGENTRY, client-69912ADB290A, cid=159
2019-09-24 16:37:49,634 INFO  segmented.SegmentedRaftLogWorker (SegmentedRaftLogWorker.java:rollLogSegment(385)) - s2@group-A1961C08437E-SegmentedRaftLogWorker: Rolling segment log-320_321 to index:321
2019-09-24 16:37:49,636 TRACE util.FileUtils (LogUtils.java:runAndLog(61)) - Successfully ran Files.move /workdir/ratis-test/target/test/data/b2c0a8be/MiniRaftClusterWithNetty1f9c6c63/s2/7b03d609-5326-4b0a-b2d2-a1961c08437e/current/log_inprogress_320 to /workdir/ratis-test/target/test/data/b2c0a8be/MiniRaftClusterWithNetty1f9c6c63/s2/7b03d609-5326-4b0a-b2d2-a1961c08437e/current/log_320-321
2019-09-24 16:37:49,637 INFO  segmented.SegmentedRaftLogWorker (SegmentedRaftLogWorker.java:execute(526)) - s2@group-A1961C08437E-SegmentedRaftLogWorker: Rolled log segment from /workdir/ratis-test/target/test/data/b2c0a8be/MiniRaftClusterWithNetty1f9c6c63/s2/7b03d609-5326-4b0a-b2d2-a1961c08437e/current/log_inprogress_320 to /workdir/ratis-test/target/test/data/b2c0a8be/MiniRaftClusterWithNetty1f9c6c63/s2/7b03d609-5326-4b0a-b2d2-a1961c08437e/current/log_320-321
2019-09-24 16:37:49,641 INFO  statemachine.SimpleStateMachine4Testing (SimpleStateMachine4Testing.java:put(198)) - s1: put 314, 3333333333... -> (t:2, i:314), STATEMACHINELOGENTRY, client-69912ADB290A, cid=159
2019-09-24 16:37:49,642 INFO  statemachine.SimpleStateMachine4Testing (SimpleStateMachine4Testing.java:put(198)) - s2: put 316, 1111111111... -> (t:2, i:316), STATEMACHINELOGENTRY, client-D98953169D47, cid=156
2019-09-24 16:37:49,643 INFO  segmented.SegmentedRaftLogWorker (SegmentedRaftLogWorker.java:rollLogSegment(385)) - s2@group-A1961C08437E-SegmentedRaftLogWorker: Rolling segment log-322_323 to index:323
2019-09-24 16:37:49,649 INFO  segmented.SegmentedRaftLogWorker (SegmentedRaftLogWorker.java:rollLogSegment(385)) - s1@group-A1961C08437E-SegmentedRaftLogWorker: Rolling segment log-314_317 to index:317
2019-09-24 16:37:49,650 TRACE util.FileUtils (LogUtils.java:runAndLog(61)) - Successfully ran Files.move /workdir/ratis-test/target/test/data/b2c0a8be/MiniRaftClusterWithNetty1f9c6c63/s1/7b03d609-5326-4b0a-b2d2-a1961c08437e/current/log_inprogress_314 to /workdir/ratis-test/target/test/data/b2c0a8be/MiniRaftClusterWithNetty1f9c6c63/s1/7b03d609-5326-4b0a-b2d2-a1961c08437e/current/log_314-317
2019-09-24 16:37:49,650 INFO  segmented.SegmentedRaftLogWorker (SegmentedRaftLogWorker.java:execute(526)) - s1@group-A1961C08437E-SegmentedRaftLogWorker: Rolled log segment from /workdir/ratis-test/target/test/data/b2c0a8be/MiniRaftClusterWithNetty1f9c6c63/s1/7b03d609-5326-4b0a-b2d2-a1961c08437e/current/log_inprogress_314 to /workdir/ratis-test/target/test/data/b2c0a8be/MiniRaftClusterWithNetty1f9c6c63/s1/7b03d609-5326-4b0a-b2d2-a1961c08437e/current/log_314-317
2019-09-24 16:37:49,654 INFO  segmented.SegmentedRaftLogWorker (SegmentedRaftLogWorker.java:rollLogSegment(385)) - s0@group-A1961C08437E-SegmentedRaftLogWorker: Rolling segment log-298_303 to index:303
2019-09-24 16:37:49,655 TRACE util.FileUtils (LogUtils.java:runAndLog(61)) - Successfully ran Files.move /workdir/ratis-test/target/test/data/b2c0a8be/MiniRaftClusterWithNetty1f9c6c63/s0/7b03d609-5326-4b0a-b2d2-a1961c08437e/current/log_inprogress_298 to /workdir/ratis-test/target/test/data/b2c0a8be/MiniRaftClusterWithNetty1f9c6c63/s0/7b03d609-5326-4b0a-b2d2-a1961c08437e/current/log_298-303
2019-09-24 16:37:49,655 INFO  segmented.SegmentedRaftLogWorker (SegmentedRaftLogWorker.java:execute(526)) - s0@group-A1961C08437E-SegmentedRaftLogWorker: Rolled log segment from /workdir/ratis-test/target/test/data/b2c0a8be/MiniRaftClusterWithNetty1f9c6c63/s0/7b03d609-5326-4b0a-b2d2-a1961c08437e/current/log_inprogress_298 to /workdir/ratis-test/target/test/data/b2c0a8be/MiniRaftClusterWithNetty1f9c6c63/s0/7b03d609-5326-4b0a-b2d2-a1961c08437e/current/log_298-303
2019-09-24 16:37:49,664 INFO  segmented.SegmentedRaftLogWorker (SegmentedRaftLogWorker.java:execute(569)) - s1@group-A1961C08437E-SegmentedRaftLogWorker: created new log segment /workdir/ratis-test/target/test/data/b2c0a8be/MiniRaftClusterWithNetty1f9c6c63/s1/7b03d609-5326-4b0a-b2d2-a1961c08437e/current/log_inprogress_318
2019-09-24 16:37:49,664 INFO  segmented.SegmentedRaftLogWorker (SegmentedRaftLogWorker.java:execute(569)) - s2@group-A1961C08437E-SegmentedRaftLogWorker: created new log segment /workdir/ratis-test/target/test/data/b2c0a8be/MiniRaftClusterWithNetty1f9c6c63/s2/7b03d609-5326-4b0a-b2d2-a1961c08437e/current/log_inprogress_322
2019-09-24 16:37:49,666 TRACE util.FileUtils (LogUtils.java:runAndLog(61)) - Successfully ran Files.move /workdir/ratis-test/target/test/data/b2c0a8be/MiniRaftClusterWithNetty1f9c6c63/s2/7b03d609-5326-4b0a-b2d2-a1961c08437e/current/log_inprogress_322 to /workdir/ratis-test/target/test/data/b2c0a8be/MiniRaftClusterWithNetty1f9c6c63/s2/7b03d609-5326-4b0a-b2d2-a1961c08437e/current/log_322-323
2019-09-24 16:37:49,666 INFO  segmented.SegmentedRaftLogWorker (SegmentedRaftLogWorker.java:execute(526)) - s2@group-A1961C08437E-SegmentedRaftLogWorker: Rolled log segment from /workdir/ratis-test/target/test/data/b2c0a8be/MiniRaftClusterWithNetty1f9c6c63/s2/7b03d609-5326-4b0a-b2d2-a1961c08437e/current/log_inprogress_322 to /workdir/ratis-test/target/test/data/b2c0a8be/MiniRaftClusterWithNetty1f9c6c63/s2/7b03d609-5326-4b0a-b2d2-a1961c08437e/current/log_322-323
2019-09-24 16:37:49,673 INFO  statemachine.SimpleStateMachine4Testing (SimpleStateMachine4Testing.java:put(198)) - s1: put 316, 1111111111... -> (t:2, i:316), STATEMACHINELOGENTRY, client-D98953169D47, cid=156
2019-09-24 16:37:49,673 INFO  statemachine.SimpleStateMachine4Testing (SimpleStateMachine4Testing.java:put(198)) - s2: put 318, 4444444444... -> (t:2, i:318), STATEMACHINELOGENTRY, client-DA36977FC49F, cid=161
2019-09-24 16:37:49,675 INFO  segmented.SegmentedRaftLogWorker (SegmentedRaftLogWorker.java:rollLogSegment(385)) - s2@group-A1961C08437E-SegmentedRaftLogWorker: Rolling segment log-324_325 to index:325
2019-09-24 16:37:49,680 INFO  segmented.SegmentedRaftLogWorker (SegmentedRaftLogWorker.java:rollLogSegment(385)) - s1@group-A1961C08437E-SegmentedRaftLogWorker: Rolling segment log-318_319 to index:319
2019-09-24 16:37:49,681 TRACE util.FileUtils (LogUtils.java:runAndLog(61)) - Successfully ran Files.move /workdir/ratis-test/target/test/data/b2c0a8be/MiniRaftClusterWithNetty1f9c6c63/s1/7b03d609-5326-4b0a-b2d2-a1961c08437e/current/log_inprogress_318 to /workdir/ratis-test/target/test/data/b2c0a8be/MiniRaftClusterWithNetty1f9c6c63/s1/7b03d609-5326-4b0a-b2d2-a1961c08437e/current/log_318-319
2019-09-24 16:37:49,681 INFO  segmented.SegmentedRaftLogWorker (SegmentedRaftLogWorker.java:execute(526)) - s1@group-A1961C08437E-SegmentedRaftLogWorker: Rolled log segment from /workdir/ratis-test/target/test/data/b2c0a8be/MiniRaftClusterWithNetty1f9c6c63/s1/7b03d609-5326-4b0a-b2d2-a1961c08437e/current/log_inprogress_318 to /workdir/ratis-test/target/test/data/b2c0a8be/MiniRaftClusterWithNetty1f9c6c63/s1/7b03d609-5326-4b0a-b2d2-a1961c08437e/current/log_318-319
2019-09-24 16:37:49,682 INFO  segmented.SegmentedRaftLogWorker (SegmentedRaftLogWorker.java:execute(569)) - s0@group-A1961C08437E-SegmentedRaftLogWorker: created new log segment /workdir/ratis-test/target/test/data/b2c0a8be/MiniRaftClusterWithNetty1f9c6c63/s0/7b03d609-5326-4b0a-b2d2-a1961c08437e/current/log_inprogress_304
2019-09-24 16:37:49,696 INFO  segmented.SegmentedRaftLogWorker (SegmentedRaftLogWorker.java:execute(569)) - s2@group-A1961C08437E-SegmentedRaftLogWorker: created new log segment /workdir/ratis-test/target/test/data/b2c0a8be/MiniRaftClusterWithNetty1f9c6c63/s2/7b03d609-5326-4b0a-b2d2-a1961c08437e/current/log_inprogress_324
2019-09-24 16:37:49,696 INFO  segmented.SegmentedRaftLogWorker (SegmentedRaftLogWorker.java:execute(569)) - s1@group-A1961C08437E-SegmentedRaftLogWorker: created new log segment /workdir/ratis-test/target/test/data/b2c0a8be/MiniRaftClusterWithNetty1f9c6c63/s1/7b03d609-5326-4b0a-b2d2-a1961c08437e/current/log_inprogress_320
2019-09-24 16:37:49,702 TRACE util.FileUtils (LogUtils.java:runAndLog(61)) - Successfully ran Files.move /workdir/ratis-test/target/test/data/b2c0a8be/MiniRaftClusterWithNetty1f9c6c63/s2/7b03d609-5326-4b0a-b2d2-a1961c08437e/current/log_inprogress_324 to /workdir/ratis-test/target/test/data/b2c0a8be/MiniRaftClusterWithNetty1f9c6c63/s2/7b03d609-5326-4b0a-b2d2-a1961c08437e/current/log_324-325
2019-09-24 16:37:49,702 INFO  segmented.SegmentedRaftLogWorker (SegmentedRaftLogWorker.java:execute(526)) - s2@group-A1961C08437E-SegmentedRaftLogWorker: Rolled log segment from /workdir/ratis-test/target/test/data/b2c0a8be/MiniRaftClusterWithNetty1f9c6c63/s2/7b03d609-5326-4b0a-b2d2-a1961c08437e/current/log_inprogress_324 to /workdir/ratis-test/target/test/data/b2c0a8be/MiniRaftClusterWithNetty1f9c6c63/s2/7b03d609-5326-4b0a-b2d2-a1961c08437e/current/log_324-325
2019-09-24 16:37:49,703 INFO  statemachine.SimpleStateMachine4Testing (SimpleStateMachine4Testing.java:put(198)) - s1: put 318, 4444444444... -> (t:2, i:318), STATEMACHINELOGENTRY, client-DA36977FC49F, cid=161
2019-09-24 16:37:49,703 INFO  statemachine.SimpleStateMachine4Testing (SimpleStateMachine4Testing.java:put(198)) - s2: put 320, 4444444444... -> (t:2, i:320), STATEMACHINELOGENTRY, client-6F4DA14A560B, cid=162
2019-09-24 16:37:49,704 INFO  segmented.SegmentedRaftLogWorker (SegmentedRaftLogWorker.java:rollLogSegment(385)) - s2@group-A1961C08437E-SegmentedRaftLogWorker: Rolling segment log-326_327 to index:327
2019-09-24 16:37:49,715 INFO  statemachine.SimpleStateMachine4Testing (SimpleStateMachine4Testing.java:put(198)) - s1: put 320, 4444444444... -> (t:2, i:320), STATEMACHINELOGENTRY, client-6F4DA14A560B, cid=162
2019-09-24 16:37:49,716 INFO  segmented.SegmentedRaftLogWorker (SegmentedRaftLogWorker.java:rollLogSegment(385)) - s1@group-A1961C08437E-SegmentedRaftLogWorker: Rolling segment log-320_321 to index:321
2019-09-24 16:37:49,716 INFO  segmented.SegmentedRaftLogWorker (SegmentedRaftLogWorker.java:rollLogSegment(385)) - s0@group-A1961C08437E-SegmentedRaftLogWorker: Rolling segment log-304_307 to index:307
2019-09-24 16:37:49,724 TRACE util.FileUtils (LogUtils.java:runAndLog(61)) - Successfully ran Files.move /workdir/ratis-test/target/test/data/b2c0a8be/MiniRaftClusterWithNetty1f9c6c63/s0/7b03d609-5326-4b0a-b2d2-a1961c08437e/current/log_inprogress_304 to /workdir/ratis-test/target/test/data/b2c0a8be/MiniRaftClusterWithNetty1f9c6c63/s0/7b03d609-5326-4b0a-b2d2-a1961c08437e/current/log_304-307
2019-09-24 16:37:49,724 TRACE util.FileUtils (LogUtils.java:runAndLog(61)) - Successfully ran Files.move /workdir/ratis-test/target/test/data/b2c0a8be/MiniRaftClusterWithNetty1f9c6c63/s1/7b03d609-5326-4b0a-b2d2-a1961c08437e/current/log_inprogress_320 to /workdir/ratis-test/target/test/data/b2c0a8be/MiniRaftClusterWithNetty1f9c6c63/s1/7b03d609-5326-4b0a-b2d2-a1961c08437e/current/log_320-321
2019-09-24 16:37:49,725 INFO  segmented.SegmentedRaftLogWorker (SegmentedRaftLogWorker.java:execute(526)) - s0@group-A1961C08437E-SegmentedRaftLogWorker: Rolled log segment from /workdir/ratis-test/target/test/data/b2c0a8be/MiniRaftClusterWithNetty1f9c6c63/s0/7b03d609-5326-4b0a-b2d2-a1961c08437e/current/log_inprogress_304 to /workdir/ratis-test/target/test/data/b2c0a8be/MiniRaftClusterWithNetty1f9c6c63/s0/7b03d609-5326-4b0a-b2d2-a1961c08437e/current/log_304-307
2019-09-24 16:37:49,725 INFO  segmented.SegmentedRaftLogWorker (SegmentedRaftLogWorker.java:execute(569)) - s2@group-A1961C08437E-SegmentedRaftLogWorker: created new log segment /workdir/ratis-test/target/test/data/b2c0a8be/MiniRaftClusterWithNetty1f9c6c63/s2/7b03d609-5326-4b0a-b2d2-a1961c08437e/current/log_inprogress_326
2019-09-24 16:37:49,725 INFO  segmented.SegmentedRaftLogWorker (SegmentedRaftLogWorker.java:execute(526)) - s1@group-A1961C08437E-SegmentedRaftLogWorker: Rolled log segment from /workdir/ratis-test/target/test/data/b2c0a8be/MiniRaftClusterWithNetty1f9c6c63/s1/7b03d609-5326-4b0a-b2d2-a1961c08437e/current/log_inprogress_320 to /workdir/ratis-test/target/test/data/b2c0a8be/MiniRaftClusterWithNetty1f9c6c63/s1/7b03d609-5326-4b0a-b2d2-a1961c08437e/current/log_320-321
2019-09-24 16:37:49,734 TRACE util.FileUtils (LogUtils.java:runAndLog(61)) - Successfully ran Files.move /workdir/ratis-test/target/test/data/b2c0a8be/MiniRaftClusterWithNetty1f9c6c63/s2/7b03d609-5326-4b0a-b2d2-a1961c08437e/current/log_inprogress_326 to /workdir/ratis-test/target/test/data/b2c0a8be/MiniRaftClusterWithNetty1f9c6c63/s2/7b03d609-5326-4b0a-b2d2-a1961c08437e/current/log_326-327
2019-09-24 16:37:49,734 INFO  segmented.SegmentedRaftLogWorker (SegmentedRaftLogWorker.java:execute(526)) - s2@group-A1961C08437E-SegmentedRaftLogWorker: Rolled log segment from /workdir/ratis-test/target/test/data/b2c0a8be/MiniRaftClusterWithNetty1f9c6c63/s2/7b03d609-5326-4b0a-b2d2-a1961c08437e/current/log_inprogress_326 to /workdir/ratis-test/target/test/data/b2c0a8be/MiniRaftClusterWithNetty1f9c6c63/s2/7b03d609-5326-4b0a-b2d2-a1961c08437e/current/log_326-327
2019-09-24 16:37:49,746 INFO  segmented.SegmentedRaftLogWorker (SegmentedRaftLogWorker.java:execute(569)) - s1@group-A1961C08437E-SegmentedRaftLogWorker: created new log segment /workdir/ratis-test/target/test/data/b2c0a8be/MiniRaftClusterWithNetty1f9c6c63/s1/7b03d609-5326-4b0a-b2d2-a1961c08437e/current/log_inprogress_322
2019-09-24 16:37:49,746 INFO  segmented.SegmentedRaftLogWorker (SegmentedRaftLogWorker.java:execute(569)) - s0@group-A1961C08437E-SegmentedRaftLogWorker: created new log segment /workdir/ratis-test/target/test/data/b2c0a8be/MiniRaftClusterWithNetty1f9c6c63/s0/7b03d609-5326-4b0a-b2d2-a1961c08437e/current/log_inprogress_308
2019-09-24 16:37:49,757 INFO  statemachine.SimpleStateMachine4Testing (SimpleStateMachine4Testing.java:put(198)) - s2: put 322, 4444444444... -> (t:2, i:322), STATEMACHINELOGENTRY, client-69912ADB290A, cid=163
2019-09-24 16:37:49,758 INFO  segmented.SegmentedRaftLogWorker (SegmentedRaftLogWorker.java:rollLogSegment(385)) - s2@group-A1961C08437E-SegmentedRaftLogWorker: Rolling segment log-328_329 to index:329
2019-09-24 16:37:49,766 INFO  segmented.SegmentedRaftLogWorker (SegmentedRaftLogWorker.java:execute(569)) - s2@group-A1961C08437E-SegmentedRaftLogWorker: created new log segment /workdir/ratis-test/target/test/data/b2c0a8be/MiniRaftClusterWithNetty1f9c6c63/s2/7b03d609-5326-4b0a-b2d2-a1961c08437e/current/log_inprogress_328
2019-09-24 16:37:49,788 INFO  statemachine.SimpleStateMachine4Testing (SimpleStateMachine4Testing.java:put(198)) - s1: put 322, 4444444444... -> (t:2, i:322), STATEMACHINELOGENTRY, client-69912ADB290A, cid=163
2019-09-24 16:37:49,789 INFO  segmented.SegmentedRaftLogWorker (SegmentedRaftLogWorker.java:rollLogSegment(385)) - s1@group-A1961C08437E-SegmentedRaftLogWorker: Rolling segment log-322_323 to index:323
2019-09-24 16:37:49,790 TRACE util.FileUtils (LogUtils.java:runAndLog(61)) - Successfully ran Files.move /workdir/ratis-test/target/test/data/b2c0a8be/MiniRaftClusterWithNetty1f9c6c63/s2/7b03d609-5326-4b0a-b2d2-a1961c08437e/current/log_inprogress_328 to /workdir/ratis-test/target/test/data/b2c0a8be/MiniRaftClusterWithNetty1f9c6c63/s2/7b03d609-5326-4b0a-b2d2-a1961c08437e/current/log_328-329
2019-09-24 16:37:49,791 TRACE util.FileUtils (LogUtils.java:runAndLog(61)) - Successfully ran Files.move /workdir/ratis-test/target/test/data/b2c0a8be/MiniRaftClusterWithNetty1f9c6c63/s1/7b03d609-5326-4b0a-b2d2-a1961c08437e/current/log_inprogress_322 to /workdir/ratis-test/target/test/data/b2c0a8be/MiniRaftClusterWithNetty1f9c6c63/s1/7b03d609-5326-4b0a-b2d2-a1961c08437e/current/log_322-323
2019-09-24 16:37:49,792 INFO  segmented.SegmentedRaftLogWorker (SegmentedRaftLogWorker.java:execute(526)) - s2@group-A1961C08437E-SegmentedRaftLogWorker: Rolled log segment from /workdir/ratis-test/target/test/data/b2c0a8be/MiniRaftClusterWithNetty1f9c6c63/s2/7b03d609-5326-4b0a-b2d2-a1961c08437e/current/log_inprogress_328 to /workdir/ratis-test/target/test/data/b2c0a8be/MiniRaftClusterWithNetty1f9c6c63/s2/7b03d609-5326-4b0a-b2d2-a1961c08437e/current/log_328-329
2019-09-24 16:37:49,792 INFO  segmented.SegmentedRaftLogWorker (SegmentedRaftLogWorker.java:execute(526)) - s1@group-A1961C08437E-SegmentedRaftLogWorker: Rolled log segment from /workdir/ratis-test/target/test/data/b2c0a8be/MiniRaftClusterWithNetty1f9c6c63/s1/7b03d609-5326-4b0a-b2d2-a1961c08437e/current/log_inprogress_322 to /workdir/ratis-test/target/test/data/b2c0a8be/MiniRaftClusterWithNetty1f9c6c63/s1/7b03d609-5326-4b0a-b2d2-a1961c08437e/current/log_322-323
2019-09-24 16:37:49,806 INFO  segmented.SegmentedRaftLogWorker (SegmentedRaftLogWorker.java:execute(569)) - s1@group-A1961C08437E-SegmentedRaftLogWorker: created new log segment /workdir/ratis-test/target/test/data/b2c0a8be/MiniRaftClusterWithNetty1f9c6c63/s1/7b03d609-5326-4b0a-b2d2-a1961c08437e/current/log_inprogress_324
2019-09-24 16:37:49,806 INFO  segmented.SegmentedRaftLogWorker (SegmentedRaftLogWorker.java:execute(569)) - s2@group-A1961C08437E-SegmentedRaftLogWorker: created new log segment /workdir/ratis-test/target/test/data/b2c0a8be/MiniRaftClusterWithNetty1f9c6c63/s2/7b03d609-5326-4b0a-b2d2-a1961c08437e/current/log_inprogress_330
2019-09-24 16:37:49,833 INFO  segmented.SegmentedRaftLogWorker (SegmentedRaftLogWorker.java:rollLogSegment(385)) - s0@group-A1961C08437E-SegmentedRaftLogWorker: Rolling segment log-308_311 to index:311
2019-09-24 16:37:49,833 INFO  statemachine.SimpleStateMachine4Testing (SimpleStateMachine4Testing.java:put(198)) - s2: put 324, 2222222222... -> (t:2, i:324), STATEMACHINELOGENTRY, client-781B3BD2DEB4, cid=160
2019-09-24 16:37:49,834 TRACE util.FileUtils (LogUtils.java:runAndLog(61)) - Successfully ran Files.move /workdir/ratis-test/target/test/data/b2c0a8be/MiniRaftClusterWithNetty1f9c6c63/s0/7b03d609-5326-4b0a-b2d2-a1961c08437e/current/log_inprogress_308 to /workdir/ratis-test/target/test/data/b2c0a8be/MiniRaftClusterWithNetty1f9c6c63/s0/7b03d609-5326-4b0a-b2d2-a1961c08437e/current/log_308-311
2019-09-24 16:37:49,834 INFO  segmented.SegmentedRaftLogWorker (SegmentedRaftLogWorker.java:execute(526)) - s0@group-A1961C08437E-SegmentedRaftLogWorker: Rolled log segment from /workdir/ratis-test/target/test/data/b2c0a8be/MiniRaftClusterWithNetty1f9c6c63/s0/7b03d609-5326-4b0a-b2d2-a1961c08437e/current/log_inprogress_308 to /workdir/ratis-test/target/test/data/b2c0a8be/MiniRaftClusterWithNetty1f9c6c63/s0/7b03d609-5326-4b0a-b2d2-a1961c08437e/current/log_308-311
2019-09-24 16:37:49,834 INFO  segmented.SegmentedRaftLogWorker (SegmentedRaftLogWorker.java:rollLogSegment(385)) - s2@group-A1961C08437E-SegmentedRaftLogWorker: Rolling segment log-330_331 to index:331
2019-09-24 16:37:49,836 TRACE util.FileUtils (LogUtils.java:runAndLog(61)) - Successfully ran Files.move /workdir/ratis-test/target/test/data/b2c0a8be/MiniRaftClusterWithNetty1f9c6c63/s2/7b03d609-5326-4b0a-b2d2-a1961c08437e/current/log_inprogress_330 to /workdir/ratis-test/target/test/data/b2c0a8be/MiniRaftClusterWithNetty1f9c6c63/s2/7b03d609-5326-4b0a-b2d2-a1961c08437e/current/log_330-331
2019-09-24 16:37:49,836 INFO  segmented.SegmentedRaftLogWorker (SegmentedRaftLogWorker.java:execute(526)) - s2@group-A1961C08437E-SegmentedRaftLogWorker: Rolled log segment from /workdir/ratis-test/target/test/data/b2c0a8be/MiniRaftClusterWithNetty1f9c6c63/s2/7b03d609-5326-4b0a-b2d2-a1961c08437e/current/log_inprogress_330 to /workdir/ratis-test/target/test/data/b2c0a8be/MiniRaftClusterWithNetty1f9c6c63/s2/7b03d609-5326-4b0a-b2d2-a1961c08437e/current/log_330-331
2019-09-24 16:37:49,838 INFO  segmented.SegmentedRaftLogWorker (SegmentedRaftLogWorker.java:rollLogSegment(385)) - s1@group-A1961C08437E-SegmentedRaftLogWorker: Rolling segment log-324_325 to index:325
2019-09-24 16:37:49,848 TRACE util.FileUtils (LogUtils.java:runAndLog(61)) - Successfully ran Files.move /workdir/ratis-test/target/test/data/b2c0a8be/MiniRaftClusterWithNetty1f9c6c63/s1/7b03d609-5326-4b0a-b2d2-a1961c08437e/current/log_inprogress_324 to /workdir/ratis-test/target/test/data/b2c0a8be/MiniRaftClusterWithNetty1f9c6c63/s1/7b03d609-5326-4b0a-b2d2-a1961c08437e/current/log_324-325
2019-09-24 16:37:49,848 INFO  segmented.SegmentedRaftLogWorker (SegmentedRaftLogWorker.java:execute(526)) - s1@group-A1961C08437E-SegmentedRaftLogWorker: Rolled log segment from /workdir/ratis-test/target/test/data/b2c0a8be/MiniRaftClusterWithNetty1f9c6c63/s1/7b03d609-5326-4b0a-b2d2-a1961c08437e/current/log_inprogress_324 to /workdir/ratis-test/target/test/data/b2c0a8be/MiniRaftClusterWithNetty1f9c6c63/s1/7b03d609-5326-4b0a-b2d2-a1961c08437e/current/log_324-325
2019-09-24 16:37:49,848 INFO  segmented.SegmentedRaftLogWorker (SegmentedRaftLogWorker.java:execute(569)) - s0@group-A1961C08437E-SegmentedRaftLogWorker: created new log segment /workdir/ratis-test/target/test/data/b2c0a8be/MiniRaftClusterWithNetty1f9c6c63/s0/7b03d609-5326-4b0a-b2d2-a1961c08437e/current/log_inprogress_312
2019-09-24 16:37:49,867 INFO  segmented.SegmentedRaftLogWorker (SegmentedRaftLogWorker.java:execute(569)) - s1@group-A1961C08437E-SegmentedRaftLogWorker: created new log segment /workdir/ratis-test/target/test/data/b2c0a8be/MiniRaftClusterWithNetty1f9c6c63/s1/7b03d609-5326-4b0a-b2d2-a1961c08437e/current/log_inprogress_326
2019-09-24 16:37:49,867 INFO  segmented.SegmentedRaftLogWorker (SegmentedRaftLogWorker.java:execute(569)) - s2@group-A1961C08437E-SegmentedRaftLogWorker: created new log segment /workdir/ratis-test/target/test/data/b2c0a8be/MiniRaftClusterWithNetty1f9c6c63/s2/7b03d609-5326-4b0a-b2d2-a1961c08437e/current/log_inprogress_332
2019-09-24 16:37:49,871 INFO  statemachine.SimpleStateMachine4Testing (SimpleStateMachine4Testing.java:put(198)) - s1: put 324, 2222222222... -> (t:2, i:324), STATEMACHINELOGENTRY, client-781B3BD2DEB4, cid=160
2019-09-24 16:37:49,872 INFO  statemachine.SimpleStateMachine4Testing (SimpleStateMachine4Testing.java:put(198)) - s2: put 326, 5555555555... -> (t:2, i:326), STATEMACHINELOGENTRY, client-DA36977FC49F, cid=165
2019-09-24 16:37:49,872 INFO  segmented.SegmentedRaftLogWorker (SegmentedRaftLogWorker.java:rollLogSegment(385)) - s0@group-A1961C08437E-SegmentedRaftLogWorker: Rolling segment log-312_313 to index:313
2019-09-24 16:37:49,873 TRACE util.FileUtils (LogUtils.java:runAndLog(61)) - Successfully ran Files.move /workdir/ratis-test/target/test/data/b2c0a8be/MiniRaftClusterWithNetty1f9c6c63/s0/7b03d609-5326-4b0a-b2d2-a1961c08437e/current/log_inprogress_312 to /workdir/ratis-test/target/test/data/b2c0a8be/MiniRaftClusterWithNetty1f9c6c63/s0/7b03d609-5326-4b0a-b2d2-a1961c08437e/current/log_312-313
2019-09-24 16:37:49,873 INFO  segmented.SegmentedRaftLogWorker (SegmentedRaftLogWorker.java:execute(526)) - s0@group-A1961C08437E-SegmentedRaftLogWorker: Rolled log segment from /workdir/ratis-test/target/test/data/b2c0a8be/MiniRaftClusterWithNetty1f9c6c63/s0/7b03d609-5326-4b0a-b2d2-a1961c08437e/current/log_inprogress_312 to /workdir/ratis-test/target/test/data/b2c0a8be/MiniRaftClusterWithNetty1f9c6c63/s0/7b03d609-5326-4b0a-b2d2-a1961c08437e/current/log_312-313
2019-09-24 16:37:49,885 INFO  segmented.SegmentedRaftLogWorker (SegmentedRaftLogWorker.java:rollLogSegment(385)) - s1@group-A1961C08437E-SegmentedRaftLogWorker: Rolling segment log-326_327 to index:327
2019-09-24 16:37:49,904 TRACE util.FileUtils (LogUtils.java:runAndLog(61)) - Successfully ran Files.move /workdir/ratis-test/target/test/data/b2c0a8be/MiniRaftClusterWithNetty1f9c6c63/s1/7b03d609-5326-4b0a-b2d2-a1961c08437e/current/log_inprogress_326 to /workdir/ratis-test/target/test/data/b2c0a8be/MiniRaftClusterWithNetty1f9c6c63/s1/7b03d609-5326-4b0a-b2d2-a1961c08437e/current/log_326-327
2019-09-24 16:37:49,904 INFO  segmented.SegmentedRaftLogWorker (SegmentedRaftLogWorker.java:execute(526)) - s1@group-A1961C08437E-SegmentedRaftLogWorker: Rolled log segment from /workdir/ratis-test/target/test/data/b2c0a8be/MiniRaftClusterWithNetty1f9c6c63/s1/7b03d609-5326-4b0a-b2d2-a1961c08437e/current/log_inprogress_326 to /workdir/ratis-test/target/test/data/b2c0a8be/MiniRaftClusterWithNetty1f9c6c63/s1/7b03d609-5326-4b0a-b2d2-a1961c08437e/current/log_326-327
2019-09-24 16:37:49,912 INFO  segmented.SegmentedRaftLogWorker (SegmentedRaftLogWorker.java:execute(569)) - s0@group-A1961C08437E-SegmentedRaftLogWorker: created new log segment /workdir/ratis-test/target/test/data/b2c0a8be/MiniRaftClusterWithNetty1f9c6c63/s0/7b03d609-5326-4b0a-b2d2-a1961c08437e/current/log_inprogress_314
2019-09-24 16:37:49,938 INFO  segmented.SegmentedRaftLogWorker (SegmentedRaftLogWorker.java:execute(569)) - s1@group-A1961C08437E-SegmentedRaftLogWorker: created new log segment /workdir/ratis-test/target/test/data/b2c0a8be/MiniRaftClusterWithNetty1f9c6c63/s1/7b03d609-5326-4b0a-b2d2-a1961c08437e/current/log_inprogress_328
2019-09-24 16:37:49,947 INFO  statemachine.SimpleStateMachine4Testing (SimpleStateMachine4Testing.java:put(198)) - s1: put 326, 5555555555... -> (t:2, i:326), STATEMACHINELOGENTRY, client-DA36977FC49F, cid=165
2019-09-24 16:37:49,947 INFO  statemachine.SimpleStateMachine4Testing (SimpleStateMachine4Testing.java:put(198)) - s2: put 328, 5555555555... -> (t:2, i:328), STATEMACHINELOGENTRY, client-6F4DA14A560B, cid=166
2019-09-24 16:37:49,954 INFO  segmented.SegmentedRaftLogWorker (SegmentedRaftLogWorker.java:rollLogSegment(385)) - s1@group-A1961C08437E-SegmentedRaftLogWorker: Rolling segment log-328_329 to index:329
2019-09-24 16:37:49,954 INFO  segmented.SegmentedRaftLogWorker (SegmentedRaftLogWorker.java:rollLogSegment(385)) - s0@group-A1961C08437E-SegmentedRaftLogWorker: Rolling segment log-314_317 to index:317
2019-09-24 16:37:49,955 TRACE util.FileUtils (LogUtils.java:runAndLog(61)) - Successfully ran Files.move /workdir/ratis-test/target/test/data/b2c0a8be/MiniRaftClusterWithNetty1f9c6c63/s1/7b03d609-5326-4b0a-b2d2-a1961c08437e/current/log_inprogress_328 to /workdir/ratis-test/target/test/data/b2c0a8be/MiniRaftClusterWithNetty1f9c6c63/s1/7b03d609-5326-4b0a-b2d2-a1961c08437e/current/log_328-329
2019-09-24 16:37:49,955 INFO  segmented.SegmentedRaftLogWorker (SegmentedRaftLogWorker.java:execute(526)) - s1@group-A1961C08437E-SegmentedRaftLogWorker: Rolled log segment from /workdir/ratis-test/target/test/data/b2c0a8be/MiniRaftClusterWithNetty1f9c6c63/s1/7b03d609-5326-4b0a-b2d2-a1961c08437e/current/log_inprogress_328 to /workdir/ratis-test/target/test/data/b2c0a8be/MiniRaftClusterWithNetty1f9c6c63/s1/7b03d609-5326-4b0a-b2d2-a1961c08437e/current/log_328-329
2019-09-24 16:37:49,955 TRACE util.FileUtils (LogUtils.java:runAndLog(61)) - Successfully ran Files.move /workdir/ratis-test/target/test/data/b2c0a8be/MiniRaftClusterWithNetty1f9c6c63/s0/7b03d609-5326-4b0a-b2d2-a1961c08437e/current/log_inprogress_314 to /workdir/ratis-test/target/test/data/b2c0a8be/MiniRaftClusterWithNetty1f9c6c63/s0/7b03d609-5326-4b0a-b2d2-a1961c08437e/current/log_314-317
2019-09-24 16:37:49,955 INFO  segmented.SegmentedRaftLogWorker (SegmentedRaftLogWorker.java:execute(526)) - s0@group-A1961C08437E-SegmentedRaftLogWorker: Rolled log segment from /workdir/ratis-test/target/test/data/b2c0a8be/MiniRaftClusterWithNetty1f9c6c63/s0/7b03d609-5326-4b0a-b2d2-a1961c08437e/current/log_inprogress_314 to /workdir/ratis-test/target/test/data/b2c0a8be/MiniRaftClusterWithNetty1f9c6c63/s0/7b03d609-5326-4b0a-b2d2-a1961c08437e/current/log_314-317
2019-09-24 16:37:49,982 INFO  segmented.SegmentedRaftLogWorker (SegmentedRaftLogWorker.java:execute(569)) - s1@group-A1961C08437E-SegmentedRaftLogWorker: created new log segment /workdir/ratis-test/target/test/data/b2c0a8be/MiniRaftClusterWithNetty1f9c6c63/s1/7b03d609-5326-4b0a-b2d2-a1961c08437e/current/log_inprogress_330
2019-09-24 16:37:49,982 INFO  segmented.SegmentedRaftLogWorker (SegmentedRaftLogWorker.java:execute(569)) - s0@group-A1961C08437E-SegmentedRaftLogWorker: created new log segment /workdir/ratis-test/target/test/data/b2c0a8be/MiniRaftClusterWithNetty1f9c6c63/s0/7b03d609-5326-4b0a-b2d2-a1961c08437e/current/log_inprogress_318
2019-09-24 16:37:49,989 INFO  statemachine.SimpleStateMachine4Testing (SimpleStateMachine4Testing.java:put(198)) - s1: put 328, 5555555555... -> (t:2, i:328), STATEMACHINELOGENTRY, client-6F4DA14A560B, cid=166
2019-09-24 16:37:49,989 INFO  statemachine.SimpleStateMachine4Testing (SimpleStateMachine4Testing.java:put(198)) - s2: put 330, 5555555555... -> (t:2, i:330), STATEMACHINELOGENTRY, client-69912ADB290A, cid=167
2019-09-24 16:37:50,002 INFO  segmented.SegmentedRaftLogWorker (SegmentedRaftLogWorker.java:rollLogSegment(385)) - s1@group-A1961C08437E-SegmentedRaftLogWorker: Rolling segment log-330_331 to index:331
2019-09-24 16:37:50,003 TRACE util.FileUtils (LogUtils.java:runAndLog(61)) - Successfully ran Files.move /workdir/ratis-test/target/test/data/b2c0a8be/MiniRaftClusterWithNetty1f9c6c63/s1/7b03d609-5326-4b0a-b2d2-a1961c08437e/current/log_inprogress_330 to /workdir/ratis-test/target/test/data/b2c0a8be/MiniRaftClusterWithNetty1f9c6c63/s1/7b03d609-5326-4b0a-b2d2-a1961c08437e/current/log_330-331
2019-09-24 16:37:50,003 INFO  segmented.SegmentedRaftLogWorker (SegmentedRaftLogWorker.java:execute(526)) - s1@group-A1961C08437E-SegmentedRaftLogWorker: Rolled log segment from /workdir/ratis-test/target/test/data/b2c0a8be/MiniRaftClusterWithNetty1f9c6c63/s1/7b03d609-5326-4b0a-b2d2-a1961c08437e/current/log_inprogress_330 to /workdir/ratis-test/target/test/data/b2c0a8be/MiniRaftClusterWithNetty1f9c6c63/s1/7b03d609-5326-4b0a-b2d2-a1961c08437e/current/log_330-331
2019-09-24 16:37:50,007 INFO  segmented.SegmentedRaftLogWorker (SegmentedRaftLogWorker.java:rollLogSegment(385)) - s0@group-A1961C08437E-SegmentedRaftLogWorker: Rolling segment log-318_319 to index:319
2019-09-24 16:37:50,007 TRACE util.FileUtils (LogUtils.java:runAndLog(61)) - Successfully ran Files.move /workdir/ratis-test/target/test/data/b2c0a8be/MiniRaftClusterWithNetty1f9c6c63/s0/7b03d609-5326-4b0a-b2d2-a1961c08437e/current/log_inprogress_318 to /workdir/ratis-test/target/test/data/b2c0a8be/MiniRaftClusterWithNetty1f9c6c63/s0/7b03d609-5326-4b0a-b2d2-a1961c08437e/current/log_318-319
2019-09-24 16:37:50,008 INFO  segmented.SegmentedRaftLogWorker (SegmentedRaftLogWorker.java:execute(526)) - s0@group-A1961C08437E-SegmentedRaftLogWorker: Rolled log segment from /workdir/ratis-test/target/test/data/b2c0a8be/MiniRaftClusterWithNetty1f9c6c63/s0/7b03d609-5326-4b0a-b2d2-a1961c08437e/current/log_inprogress_318 to /workdir/ratis-test/target/test/data/b2c0a8be/MiniRaftClusterWithNetty1f9c6c63/s0/7b03d609-5326-4b0a-b2d2-a1961c08437e/current/log_318-319
2019-09-24 16:37:50,034 INFO  segmented.SegmentedRaftLogWorker (SegmentedRaftLogWorker.java:execute(569)) - s1@group-A1961C08437E-SegmentedRaftLogWorker: created new log segment /workdir/ratis-test/target/test/data/b2c0a8be/MiniRaftClusterWithNetty1f9c6c63/s1/7b03d609-5326-4b0a-b2d2-a1961c08437e/current/log_inprogress_332
2019-09-24 16:37:50,034 INFO  segmented.SegmentedRaftLogWorker (SegmentedRaftLogWorker.java:execute(569)) - s0@group-A1961C08437E-SegmentedRaftLogWorker: created new log segment /workdir/ratis-test/target/test/data/b2c0a8be/MiniRaftClusterWithNetty1f9c6c63/s0/7b03d609-5326-4b0a-b2d2-a1961c08437e/current/log_inprogress_320
2019-09-24 16:37:50,058 INFO  segmented.SegmentedRaftLogWorker (SegmentedRaftLogWorker.java:rollLogSegment(385)) - s0@group-A1961C08437E-SegmentedRaftLogWorker: Rolling segment log-320_321 to index:321
2019-09-24 16:37:50,059 TRACE util.FileUtils (LogUtils.java:runAndLog(61)) - Successfully ran Files.move /workdir/ratis-test/target/test/data/b2c0a8be/MiniRaftClusterWithNetty1f9c6c63/s0/7b03d609-5326-4b0a-b2d2-a1961c08437e/current/log_inprogress_320 to /workdir/ratis-test/target/test/data/b2c0a8be/MiniRaftClusterWithNetty1f9c6c63/s0/7b03d609-5326-4b0a-b2d2-a1961c08437e/current/log_320-321
2019-09-24 16:37:50,059 INFO  segmented.SegmentedRaftLogWorker (SegmentedRaftLogWorker.java:execute(526)) - s0@group-A1961C08437E-SegmentedRaftLogWorker: Rolled log segment from /workdir/ratis-test/target/test/data/b2c0a8be/MiniRaftClusterWithNetty1f9c6c63/s0/7b03d609-5326-4b0a-b2d2-a1961c08437e/current/log_inprogress_320 to /workdir/ratis-test/target/test/data/b2c0a8be/MiniRaftClusterWithNetty1f9c6c63/s0/7b03d609-5326-4b0a-b2d2-a1961c08437e/current/log_320-321
2019-09-24 16:37:50,062 INFO  statemachine.SimpleStateMachine4Testing (SimpleStateMachine4Testing.java:put(198)) - s1: put 330, 5555555555... -> (t:2, i:330), STATEMACHINELOGENTRY, client-69912ADB290A, cid=167
2019-09-24 16:37:50,063 INFO  statemachine.SimpleStateMachine4Testing (SimpleStateMachine4Testing.java:put(198)) - s2: put 332, 2222222222... -> (t:2, i:332), STATEMACHINELOGENTRY, client-D98953169D47, cid=164
2019-09-24 16:37:50,064 INFO  segmented.SegmentedRaftLogWorker (SegmentedRaftLogWorker.java:rollLogSegment(385)) - s2@group-A1961C08437E-SegmentedRaftLogWorker: Rolling segment log-332_339 to index:339
2019-09-24 16:37:50,073 TRACE util.FileUtils (LogUtils.java:runAndLog(61)) - Successfully ran Files.move /workdir/ratis-test/target/test/data/b2c0a8be/MiniRaftClusterWithNetty1f9c6c63/s2/7b03d609-5326-4b0a-b2d2-a1961c08437e/current/log_inprogress_332 to /workdir/ratis-test/target/test/data/b2c0a8be/MiniRaftClusterWithNetty1f9c6c63/s2/7b03d609-5326-4b0a-b2d2-a1961c08437e/current/log_332-339
2019-09-24 16:37:50,073 INFO  segmented.SegmentedRaftLogWorker (SegmentedRaftLogWorker.java:execute(526)) - s2@group-A1961C08437E-SegmentedRaftLogWorker: Rolled log segment from /workdir/ratis-test/target/test/data/b2c0a8be/MiniRaftClusterWithNetty1f9c6c63/s2/7b03d609-5326-4b0a-b2d2-a1961c08437e/current/log_inprogress_332 to /workdir/ratis-test/target/test/data/b2c0a8be/MiniRaftClusterWithNetty1f9c6c63/s2/7b03d609-5326-4b0a-b2d2-a1961c08437e/current/log_332-339
2019-09-24 16:37:50,074 INFO  segmented.SegmentedRaftLogWorker (SegmentedRaftLogWorker.java:execute(569)) - s0@group-A1961C08437E-SegmentedRaftLogWorker: created new log segment /workdir/ratis-test/target/test/data/b2c0a8be/MiniRaftClusterWithNetty1f9c6c63/s0/7b03d609-5326-4b0a-b2d2-a1961c08437e/current/log_inprogress_322
2019-09-24 16:37:50,078 INFO  segmented.SegmentedRaftLogWorker (SegmentedRaftLogWorker.java:rollLogSegment(385)) - s0@group-A1961C08437E-SegmentedRaftLogWorker: Rolling segment log-322_323 to index:323
2019-09-24 16:37:50,079 TRACE util.FileUtils (LogUtils.java:runAndLog(61)) - Successfully ran Files.move /workdir/ratis-test/target/test/data/b2c0a8be/MiniRaftClusterWithNetty1f9c6c63/s0/7b03d609-5326-4b0a-b2d2-a1961c08437e/current/log_inprogress_322 to /workdir/ratis-test/target/test/data/b2c0a8be/MiniRaftClusterWithNetty1f9c6c63/s0/7b03d609-5326-4b0a-b2d2-a1961c08437e/current/log_322-323
2019-09-24 16:37:50,079 INFO  segmented.SegmentedRaftLogWorker (SegmentedRaftLogWorker.java:execute(526)) - s0@group-A1961C08437E-SegmentedRaftLogWorker: Rolled log segment from /workdir/ratis-test/target/test/data/b2c0a8be/MiniRaftClusterWithNetty1f9c6c63/s0/7b03d609-5326-4b0a-b2d2-a1961c08437e/current/log_inprogress_322 to /workdir/ratis-test/target/test/data/b2c0a8be/MiniRaftClusterWithNetty1f9c6c63/s0/7b03d609-5326-4b0a-b2d2-a1961c08437e/current/log_322-323
2019-09-24 16:37:50,082 INFO  statemachine.SimpleStateMachine4Testing (SimpleStateMachine4Testing.java:put(198)) - s1: put 332, 2222222222... -> (t:2, i:332), STATEMACHINELOGENTRY, client-D98953169D47, cid=164
2019-09-24 16:37:50,082 INFO  statemachine.SimpleStateMachine4Testing (SimpleStateMachine4Testing.java:put(198)) - s2: put 334, 0000000000... -> (t:2, i:334), STATEMACHINELOGENTRY, client-DA36977FC49F, cid=169
2019-09-24 16:37:50,084 INFO  segmented.SegmentedRaftLogWorker (SegmentedRaftLogWorker.java:execute(569)) - s2@group-A1961C08437E-SegmentedRaftLogWorker: created new log segment /workdir/ratis-test/target/test/data/b2c0a8be/MiniRaftClusterWithNetty1f9c6c63/s2/7b03d609-5326-4b0a-b2d2-a1961c08437e/current/log_inprogress_340
2019-09-24 16:37:50,084 INFO  segmented.SegmentedRaftLogWorker (SegmentedRaftLogWorker.java:execute(569)) - s0@group-A1961C08437E-SegmentedRaftLogWorker: created new log segment /workdir/ratis-test/target/test/data/b2c0a8be/MiniRaftClusterWithNetty1f9c6c63/s0/7b03d609-5326-4b0a-b2d2-a1961c08437e/current/log_inprogress_324
2019-09-24 16:37:50,088 INFO  segmented.SegmentedRaftLogWorker (SegmentedRaftLogWorker.java:rollLogSegment(385)) - s0@group-A1961C08437E-SegmentedRaftLogWorker: Rolling segment log-324_325 to index:325
2019-09-24 16:37:50,089 TRACE util.FileUtils (LogUtils.java:runAndLog(61)) - Successfully ran Files.move /workdir/ratis-test/target/test/data/b2c0a8be/MiniRaftClusterWithNetty1f9c6c63/s0/7b03d609-5326-4b0a-b2d2-a1961c08437e/current/log_inprogress_324 to /workdir/ratis-test/target/test/data/b2c0a8be/MiniRaftClusterWithNetty1f9c6c63/s0/7b03d609-5326-4b0a-b2d2-a1961c08437e/current/log_324-325
2019-09-24 16:37:50,089 INFO  segmented.SegmentedRaftLogWorker (SegmentedRaftLogWorker.java:execute(526)) - s0@group-A1961C08437E-SegmentedRaftLogWorker: Rolled log segment from /workdir/ratis-test/target/test/data/b2c0a8be/MiniRaftClusterWithNetty1f9c6c63/s0/7b03d609-5326-4b0a-b2d2-a1961c08437e/current/log_inprogress_324 to /workdir/ratis-test/target/test/data/b2c0a8be/MiniRaftClusterWithNetty1f9c6c63/s0/7b03d609-5326-4b0a-b2d2-a1961c08437e/current/log_324-325
2019-09-24 16:37:50,093 INFO  segmented.SegmentedRaftLogWorker (SegmentedRaftLogWorker.java:execute(569)) - s0@group-A1961C08437E-SegmentedRaftLogWorker: created new log segment /workdir/ratis-test/target/test/data/b2c0a8be/MiniRaftClusterWithNetty1f9c6c63/s0/7b03d609-5326-4b0a-b2d2-a1961c08437e/current/log_inprogress_326
2019-09-24 16:37:50,097 INFO  segmented.SegmentedRaftLogWorker (SegmentedRaftLogWorker.java:rollLogSegment(385)) - s0@group-A1961C08437E-SegmentedRaftLogWorker: Rolling segment log-326_327 to index:327
2019-09-24 16:37:50,097 TRACE util.FileUtils (LogUtils.java:runAndLog(61)) - Successfully ran Files.move /workdir/ratis-test/target/test/data/b2c0a8be/MiniRaftClusterWithNetty1f9c6c63/s0/7b03d609-5326-4b0a-b2d2-a1961c08437e/current/log_inprogress_326 to /workdir/ratis-test/target/test/data/b2c0a8be/MiniRaftClusterWithNetty1f9c6c63/s0/7b03d609-5326-4b0a-b2d2-a1961c08437e/current/log_326-327
2019-09-24 16:37:50,098 INFO  segmented.SegmentedRaftLogWorker (SegmentedRaftLogWorker.java:execute(526)) - s0@group-A1961C08437E-SegmentedRaftLogWorker: Rolled log segment from /workdir/ratis-test/target/test/data/b2c0a8be/MiniRaftClusterWithNetty1f9c6c63/s0/7b03d609-5326-4b0a-b2d2-a1961c08437e/current/log_inprogress_326 to /workdir/ratis-test/target/test/data/b2c0a8be/MiniRaftClusterWithNetty1f9c6c63/s0/7b03d609-5326-4b0a-b2d2-a1961c08437e/current/log_326-327
2019-09-24 16:37:50,100 INFO  statemachine.SimpleStateMachine4Testing (SimpleStateMachine4Testing.java:put(198)) - s1: put 334, 0000000000... -> (t:2, i:334), STATEMACHINELOGENTRY, client-DA36977FC49F, cid=169
2019-09-24 16:37:50,101 INFO  statemachine.SimpleStateMachine4Testing (SimpleStateMachine4Testing.java:put(198)) - s2: put 336, 0000000000... -> (t:2, i:336), STATEMACHINELOGENTRY, client-6F4DA14A560B, cid=170
2019-09-24 16:37:50,102 INFO  segmented.SegmentedRaftLogWorker (SegmentedRaftLogWorker.java:execute(569)) - s0@group-A1961C08437E-SegmentedRaftLogWorker: created new log segment /workdir/ratis-test/target/test/data/b2c0a8be/MiniRaftClusterWithNetty1f9c6c63/s0/7b03d609-5326-4b0a-b2d2-a1961c08437e/current/log_inprogress_328
2019-09-24 16:37:50,102 INFO  segmented.SegmentedRaftLogWorker (SegmentedRaftLogWorker.java:rollLogSegment(385)) - s2@group-A1961C08437E-SegmentedRaftLogWorker: Rolling segment log-340_343 to index:343
2019-09-24 16:37:50,106 INFO  segmented.SegmentedRaftLogWorker (SegmentedRaftLogWorker.java:rollLogSegment(385)) - s0@group-A1961C08437E-SegmentedRaftLogWorker: Rolling segment log-328_329 to index:329
2019-09-24 16:37:50,106 TRACE util.FileUtils (LogUtils.java:runAndLog(61)) - Successfully ran Files.move /workdir/ratis-test/target/test/data/b2c0a8be/MiniRaftClusterWithNetty1f9c6c63/s2/7b03d609-5326-4b0a-b2d2-a1961c08437e/current/log_inprogress_340 to /workdir/ratis-test/target/test/data/b2c0a8be/MiniRaftClusterWithNetty1f9c6c63/s2/7b03d609-5326-4b0a-b2d2-a1961c08437e/current/log_340-343
2019-09-24 16:37:50,106 INFO  segmented.SegmentedRaftLogWorker (SegmentedRaftLogWorker.java:execute(526)) - s2@group-A1961C08437E-SegmentedRaftLogWorker: Rolled log segment from /workdir/ratis-test/target/test/data/b2c0a8be/MiniRaftClusterWithNetty1f9c6c63/s2/7b03d609-5326-4b0a-b2d2-a1961c08437e/current/log_inprogress_340 to /workdir/ratis-test/target/test/data/b2c0a8be/MiniRaftClusterWithNetty1f9c6c63/s2/7b03d609-5326-4b0a-b2d2-a1961c08437e/current/log_340-343
2019-09-24 16:37:50,106 TRACE util.FileUtils (LogUtils.java:runAndLog(61)) - Successfully ran Files.move /workdir/ratis-test/target/test/data/b2c0a8be/MiniRaftClusterWithNetty1f9c6c63/s0/7b03d609-5326-4b0a-b2d2-a1961c08437e/current/log_inprogress_328 to /workdir/ratis-test/target/test/data/b2c0a8be/MiniRaftClusterWithNetty1f9c6c63/s0/7b03d609-5326-4b0a-b2d2-a1961c08437e/current/log_328-329
2019-09-24 16:37:50,106 INFO  segmented.SegmentedRaftLogWorker (SegmentedRaftLogWorker.java:execute(526)) - s0@group-A1961C08437E-SegmentedRaftLogWorker: Rolled log segment from /workdir/ratis-test/target/test/data/b2c0a8be/MiniRaftClusterWithNetty1f9c6c63/s0/7b03d609-5326-4b0a-b2d2-a1961c08437e/current/log_inprogress_328 to /workdir/ratis-test/target/test/data/b2c0a8be/MiniRaftClusterWithNetty1f9c6c63/s0/7b03d609-5326-4b0a-b2d2-a1961c08437e/current/log_328-329
2019-09-24 16:37:50,114 INFO  statemachine.SimpleStateMachine4Testing (SimpleStateMachine4Testing.java:put(198)) - s1: put 336, 0000000000... -> (t:2, i:336), STATEMACHINELOGENTRY, client-6F4DA14A560B, cid=170
2019-09-24 16:37:50,114 INFO  statemachine.SimpleStateMachine4Testing (SimpleStateMachine4Testing.java:put(198)) - s2: put 338, 0000000000... -> (t:2, i:338), STATEMACHINELOGENTRY, client-69912ADB290A, cid=171
2019-09-24 16:37:50,115 INFO  segmented.SegmentedRaftLogWorker (SegmentedRaftLogWorker.java:execute(569)) - s2@group-A1961C08437E-SegmentedRaftLogWorker: created new log segment /workdir/ratis-test/target/test/data/b2c0a8be/MiniRaftClusterWithNetty1f9c6c63/s2/7b03d609-5326-4b0a-b2d2-a1961c08437e/current/log_inprogress_344
2019-09-24 16:37:50,115 INFO  segmented.SegmentedRaftLogWorker (SegmentedRaftLogWorker.java:execute(569)) - s0@group-A1961C08437E-SegmentedRaftLogWorker: created new log segment /workdir/ratis-test/target/test/data/b2c0a8be/MiniRaftClusterWithNetty1f9c6c63/s0/7b03d609-5326-4b0a-b2d2-a1961c08437e/current/log_inprogress_330
2019-09-24 16:37:50,121 INFO  segmented.SegmentedRaftLogWorker (SegmentedRaftLogWorker.java:rollLogSegment(385)) - s0@group-A1961C08437E-SegmentedRaftLogWorker: Rolling segment log-330_331 to index:331
2019-09-24 16:37:50,121 TRACE util.FileUtils (LogUtils.java:runAndLog(61)) - Successfully ran Files.move /workdir/ratis-test/target/test/data/b2c0a8be/MiniRaftClusterWithNetty1f9c6c63/s0/7b03d609-5326-4b0a-b2d2-a1961c08437e/current/log_inprogress_330 to /workdir/ratis-test/target/test/data/b2c0a8be/MiniRaftClusterWithNetty1f9c6c63/s0/7b03d609-5326-4b0a-b2d2-a1961c08437e/current/log_330-331
2019-09-24 16:37:50,121 INFO  segmented.SegmentedRaftLogWorker (SegmentedRaftLogWorker.java:execute(526)) - s0@group-A1961C08437E-SegmentedRaftLogWorker: Rolled log segment from /workdir/ratis-test/target/test/data/b2c0a8be/MiniRaftClusterWithNetty1f9c6c63/s0/7b03d609-5326-4b0a-b2d2-a1961c08437e/current/log_inprogress_330 to /workdir/ratis-test/target/test/data/b2c0a8be/MiniRaftClusterWithNetty1f9c6c63/s0/7b03d609-5326-4b0a-b2d2-a1961c08437e/current/log_330-331
2019-09-24 16:37:50,124 INFO  segmented.SegmentedRaftLogWorker (SegmentedRaftLogWorker.java:rollLogSegment(385)) - s1@group-A1961C08437E-SegmentedRaftLogWorker: Rolling segment log-332_339 to index:339
2019-09-24 16:37:50,125 TRACE util.FileUtils (LogUtils.java:runAndLog(61)) - Successfully ran Files.move /workdir/ratis-test/target/test/data/b2c0a8be/MiniRaftClusterWithNetty1f9c6c63/s1/7b03d609-5326-4b0a-b2d2-a1961c08437e/current/log_inprogress_332 to /workdir/ratis-test/target/test/data/b2c0a8be/MiniRaftClusterWithNetty1f9c6c63/s1/7b03d609-5326-4b0a-b2d2-a1961c08437e/current/log_332-339
2019-09-24 16:37:50,125 INFO  segmented.SegmentedRaftLogWorker (SegmentedRaftLogWorker.java:execute(526)) - s1@group-A1961C08437E-SegmentedRaftLogWorker: Rolled log segment from /workdir/ratis-test/target/test/data/b2c0a8be/MiniRaftClusterWithNetty1f9c6c63/s1/7b03d609-5326-4b0a-b2d2-a1961c08437e/current/log_inprogress_332 to /workdir/ratis-test/target/test/data/b2c0a8be/MiniRaftClusterWithNetty1f9c6c63/s1/7b03d609-5326-4b0a-b2d2-a1961c08437e/current/log_332-339
2019-09-24 16:37:50,126 INFO  segmented.SegmentedRaftLogWorker (SegmentedRaftLogWorker.java:execute(569)) - s0@group-A1961C08437E-SegmentedRaftLogWorker: created new log segment /workdir/ratis-test/target/test/data/b2c0a8be/MiniRaftClusterWithNetty1f9c6c63/s0/7b03d609-5326-4b0a-b2d2-a1961c08437e/current/log_inprogress_332
2019-09-24 16:37:50,145 INFO  segmented.SegmentedRaftLogWorker (SegmentedRaftLogWorker.java:execute(569)) - s1@group-A1961C08437E-SegmentedRaftLogWorker: created new log segment /workdir/ratis-test/target/test/data/b2c0a8be/MiniRaftClusterWithNetty1f9c6c63/s1/7b03d609-5326-4b0a-b2d2-a1961c08437e/current/log_inprogress_340
2019-09-24 16:37:50,153 INFO  statemachine.SimpleStateMachine4Testing (SimpleStateMachine4Testing.java:put(198)) - s1: put 338, 0000000000... -> (t:2, i:338), STATEMACHINELOGENTRY, client-69912ADB290A, cid=171
2019-09-24 16:37:50,154 INFO  statemachine.SimpleStateMachine4Testing (SimpleStateMachine4Testing.java:put(198)) - s2: put 340, 3333333333... -> (t:2, i:340), STATEMACHINELOGENTRY, client-781B3BD2DEB4, cid=168
2019-09-24 16:37:50,154 INFO  segmented.SegmentedRaftLogWorker (SegmentedRaftLogWorker.java:rollLogSegment(385)) - s2@group-A1961C08437E-SegmentedRaftLogWorker: Rolling segment log-344_347 to index:347
2019-09-24 16:37:50,161 TRACE util.FileUtils (LogUtils.java:runAndLog(61)) - Successfully ran Files.move /workdir/ratis-test/target/test/data/b2c0a8be/MiniRaftClusterWithNetty1f9c6c63/s2/7b03d609-5326-4b0a-b2d2-a1961c08437e/current/log_inprogress_344 to /workdir/ratis-test/target/test/data/b2c0a8be/MiniRaftClusterWithNetty1f9c6c63/s2/7b03d609-5326-4b0a-b2d2-a1961c08437e/current/log_344-347
2019-09-24 16:37:50,161 INFO  segmented.SegmentedRaftLogWorker (SegmentedRaftLogWorker.java:execute(526)) - s2@group-A1961C08437E-SegmentedRaftLogWorker: Rolled log segment from /workdir/ratis-test/target/test/data/b2c0a8be/MiniRaftClusterWithNetty1f9c6c63/s2/7b03d609-5326-4b0a-b2d2-a1961c08437e/current/log_inprogress_344 to /workdir/ratis-test/target/test/data/b2c0a8be/MiniRaftClusterWithNetty1f9c6c63/s2/7b03d609-5326-4b0a-b2d2-a1961c08437e/current/log_344-347
2019-09-24 16:37:50,170 INFO  segmented.SegmentedRaftLogWorker (SegmentedRaftLogWorker.java:rollLogSegment(385)) - s0@group-A1961C08437E-SegmentedRaftLogWorker: Rolling segment log-332_339 to index:339
2019-09-24 16:37:50,171 TRACE util.FileUtils (LogUtils.java:runAndLog(61)) - Successfully ran Files.move /workdir/ratis-test/target/test/data/b2c0a8be/MiniRaftClusterWithNetty1f9c6c63/s0/7b03d609-5326-4b0a-b2d2-a1961c08437e/current/log_inprogress_332 to /workdir/ratis-test/target/test/data/b2c0a8be/MiniRaftClusterWithNetty1f9c6c63/s0/7b03d609-5326-4b0a-b2d2-a1961c08437e/current/log_332-339
2019-09-24 16:37:50,171 INFO  segmented.SegmentedRaftLogWorker (SegmentedRaftLogWorker.java:execute(526)) - s0@group-A1961C08437E-SegmentedRaftLogWorker: Rolled log segment from /workdir/ratis-test/target/test/data/b2c0a8be/MiniRaftClusterWithNetty1f9c6c63/s0/7b03d609-5326-4b0a-b2d2-a1961c08437e/current/log_inprogress_332 to /workdir/ratis-test/target/test/data/b2c0a8be/MiniRaftClusterWithNetty1f9c6c63/s0/7b03d609-5326-4b0a-b2d2-a1961c08437e/current/log_332-339
2019-09-24 16:37:50,173 INFO  statemachine.SimpleStateMachine4Testing (SimpleStateMachine4Testing.java:put(198)) - s1: put 340, 3333333333... -> (t:2, i:340), STATEMACHINELOGENTRY, client-781B3BD2DEB4, cid=168
2019-09-24 16:37:50,174 INFO  statemachine.SimpleStateMachine4Testing (SimpleStateMachine4Testing.java:put(198)) - s2: put 342, 1111111111... -> (t:2, i:342), STATEMACHINELOGENTRY, client-DA36977FC49F, cid=173
2019-09-24 16:37:50,183 INFO  segmented.SegmentedRaftLogWorker (SegmentedRaftLogWorker.java:execute(569)) - s0@group-A1961C08437E-SegmentedRaftLogWorker: created new log segment /workdir/ratis-test/target/test/data/b2c0a8be/MiniRaftClusterWithNetty1f9c6c63/s0/7b03d609-5326-4b0a-b2d2-a1961c08437e/current/log_inprogress_340
2019-09-24 16:37:50,183 INFO  segmented.SegmentedRaftLogWorker (SegmentedRaftLogWorker.java:execute(569)) - s2@group-A1961C08437E-SegmentedRaftLogWorker: created new log segment /workdir/ratis-test/target/test/data/b2c0a8be/MiniRaftClusterWithNetty1f9c6c63/s2/7b03d609-5326-4b0a-b2d2-a1961c08437e/current/log_inprogress_348
2019-09-24 16:37:50,213 INFO  segmented.SegmentedRaftLogWorker (SegmentedRaftLogWorker.java:rollLogSegment(385)) - s1@group-A1961C08437E-SegmentedRaftLogWorker: Rolling segment log-340_343 to index:343
2019-09-24 16:37:50,214 TRACE util.FileUtils (LogUtils.java:runAndLog(61)) - Successfully ran Files.move /workdir/ratis-test/target/test/data/b2c0a8be/MiniRaftClusterWithNetty1f9c6c63/s1/7b03d609-5326-4b0a-b2d2-a1961c08437e/current/log_inprogress_340 to /workdir/ratis-test/target/test/data/b2c0a8be/MiniRaftClusterWithNetty1f9c6c63/s1/7b03d609-5326-4b0a-b2d2-a1961c08437e/current/log_340-343
2019-09-24 16:37:50,214 INFO  segmented.SegmentedRaftLogWorker (SegmentedRaftLogWorker.java:execute(526)) - s1@group-A1961C08437E-SegmentedRaftLogWorker: Rolled log segment from /workdir/ratis-test/target/test/data/b2c0a8be/MiniRaftClusterWithNetty1f9c6c63/s1/7b03d609-5326-4b0a-b2d2-a1961c08437e/current/log_inprogress_340 to /workdir/ratis-test/target/test/data/b2c0a8be/MiniRaftClusterWithNetty1f9c6c63/s1/7b03d609-5326-4b0a-b2d2-a1961c08437e/current/log_340-343
2019-09-24 16:37:50,229 INFO  segmented.SegmentedRaftLogWorker (SegmentedRaftLogWorker.java:execute(569)) - s1@group-A1961C08437E-SegmentedRaftLogWorker: created new log segment /workdir/ratis-test/target/test/data/b2c0a8be/MiniRaftClusterWithNetty1f9c6c63/s1/7b03d609-5326-4b0a-b2d2-a1961c08437e/current/log_inprogress_344
2019-09-24 16:37:50,236 INFO  statemachine.SimpleStateMachine4Testing (SimpleStateMachine4Testing.java:put(198)) - s1: put 342, 1111111111... -> (t:2, i:342), STATEMACHINELOGENTRY, client-DA36977FC49F, cid=173
2019-09-24 16:37:50,236 INFO  statemachine.SimpleStateMachine4Testing (SimpleStateMachine4Testing.java:put(198)) - s2: put 344, 1111111111... -> (t:2, i:344), STATEMACHINELOGENTRY, client-6F4DA14A560B, cid=174
2019-09-24 16:37:50,238 INFO  segmented.SegmentedRaftLogWorker (SegmentedRaftLogWorker.java:rollLogSegment(385)) - s2@group-A1961C08437E-SegmentedRaftLogWorker: Rolling segment log-348_351 to index:351
2019-09-24 16:37:50,247 INFO  statemachine.SimpleStateMachine4Testing (SimpleStateMachine4Testing.java:put(198)) - s0: put 40, 5555555555... -> (t:2, i:40), STATEMACHINELOGENTRY, client-6F4DA14A560B, cid=22
2019-09-24 16:37:50,247 TRACE util.FileUtils (LogUtils.java:runAndLog(61)) - Successfully ran Files.move /workdir/ratis-test/target/test/data/b2c0a8be/MiniRaftClusterWithNetty1f9c6c63/s2/7b03d609-5326-4b0a-b2d2-a1961c08437e/current/log_inprogress_348 to /workdir/ratis-test/target/test/data/b2c0a8be/MiniRaftClusterWithNetty1f9c6c63/s2/7b03d609-5326-4b0a-b2d2-a1961c08437e/current/log_348-351
2019-09-24 16:37:50,247 INFO  segmented.SegmentedRaftLogWorker (SegmentedRaftLogWorker.java:execute(526)) - s2@group-A1961C08437E-SegmentedRaftLogWorker: Rolled log segment from /workdir/ratis-test/target/test/data/b2c0a8be/MiniRaftClusterWithNetty1f9c6c63/s2/7b03d609-5326-4b0a-b2d2-a1961c08437e/current/log_inprogress_348 to /workdir/ratis-test/target/test/data/b2c0a8be/MiniRaftClusterWithNetty1f9c6c63/s2/7b03d609-5326-4b0a-b2d2-a1961c08437e/current/log_348-351
2019-09-24 16:37:50,247 INFO  statemachine.SimpleStateMachine4Testing (SimpleStateMachine4Testing.java:put(198)) - s0: put 42, 5555555555... -> (t:2, i:42), STATEMACHINELOGENTRY, client-69912ADB290A, cid=23
2019-09-24 16:37:50,247 INFO  segmented.SegmentedRaftLogWorker (SegmentedRaftLogWorker.java:rollLogSegment(385)) - s0@group-A1961C08437E-SegmentedRaftLogWorker: Rolling segment log-340_343 to index:343
2019-09-24 16:37:50,248 INFO  statemachine.SimpleStateMachine4Testing (SimpleStateMachine4Testing.java:put(198)) - s0: put 44, 2222222222... -> (t:2, i:44), STATEMACHINELOGENTRY, client-D98953169D47, cid=20
2019-09-24 16:37:50,248 TRACE util.FileUtils (LogUtils.java:runAndLog(61)) - Successfully ran Files.move /workdir/ratis-test/target/test/data/b2c0a8be/MiniRaftClusterWithNetty1f9c6c63/s0/7b03d609-5326-4b0a-b2d2-a1961c08437e/current/log_inprogress_340 to /workdir/ratis-test/target/test/data/b2c0a8be/MiniRaftClusterWithNetty1f9c6c63/s0/7b03d609-5326-4b0a-b2d2-a1961c08437e/current/log_340-343
2019-09-24 16:37:50,248 INFO  segmented.SegmentedRaftLogWorker (SegmentedRaftLogWorker.java:execute(526)) - s0@group-A1961C08437E-SegmentedRaftLogWorker: Rolled log segment from /workdir/ratis-test/target/test/data/b2c0a8be/MiniRaftClusterWithNetty1f9c6c63/s0/7b03d609-5326-4b0a-b2d2-a1961c08437e/current/log_inprogress_340 to /workdir/ratis-test/target/test/data/b2c0a8be/MiniRaftClusterWithNetty1f9c6c63/s0/7b03d609-5326-4b0a-b2d2-a1961c08437e/current/log_340-343
2019-09-24 16:37:50,249 INFO  statemachine.SimpleStateMachine4Testing (SimpleStateMachine4Testing.java:put(198)) - s0: put 46, 0000000000... -> (t:2, i:46), STATEMACHINELOGENTRY, client-DA36977FC49F, cid=25
2019-09-24 16:37:50,249 INFO  statemachine.SimpleStateMachine4Testing (SimpleStateMachine4Testing.java:put(198)) - s0: put 48, 0000000000... -> (t:2, i:48), STATEMACHINELOGENTRY, client-6F4DA14A560B, cid=26
2019-09-24 16:37:50,250 INFO  statemachine.SimpleStateMachine4Testing (SimpleStateMachine4Testing.java:put(198)) - s0: put 50, 0000000000... -> (t:2, i:50), STATEMACHINELOGENTRY, client-69912ADB290A, cid=27
2019-09-24 16:37:50,250 INFO  statemachine.SimpleStateMachine4Testing (SimpleStateMachine4Testing.java:put(198)) - s0: put 52, 3333333333... -> (t:2, i:52), STATEMACHINELOGENTRY, client-781B3BD2DEB4, cid=24
2019-09-24 16:37:50,251 INFO  statemachine.SimpleStateMachine4Testing (SimpleStateMachine4Testing.java:put(198)) - s0: put 54, 1111111111... -> (t:2, i:54), STATEMACHINELOGENTRY, client-DA36977FC49F, cid=29
2019-09-24 16:37:50,251 INFO  statemachine.SimpleStateMachine4Testing (SimpleStateMachine4Testing.java:put(198)) - s0: put 56, 1111111111... -> (t:2, i:56), STATEMACHINELOGENTRY, client-6F4DA14A560B, cid=30
2019-09-24 16:37:50,251 INFO  statemachine.SimpleStateMachine4Testing (SimpleStateMachine4Testing.java:put(198)) - s0: put 58, 1111111111... -> (t:2, i:58), STATEMACHINELOGENTRY, client-69912ADB290A, cid=31
2019-09-24 16:37:50,252 INFO  statemachine.SimpleStateMachine4Testing (SimpleStateMachine4Testing.java:put(198)) - s0: put 60, 3333333333... -> (t:2, i:60), STATEMACHINELOGENTRY, client-D98953169D47, cid=28
2019-09-24 16:37:50,252 INFO  statemachine.SimpleStateMachine4Testing (SimpleStateMachine4Testing.java:put(198)) - s0: put 62, 2222222222... -> (t:2, i:62), STATEMACHINELOGENTRY, client-DA36977FC49F, cid=33
2019-09-24 16:37:50,254 INFO  statemachine.SimpleStateMachine4Testing (SimpleStateMachine4Testing.java:put(198)) - s0: put 64, 2222222222... -> (t:2, i:64), STATEMACHINELOGENTRY, client-6F4DA14A560B, cid=34
2019-09-24 16:37:50,254 INFO  statemachine.SimpleStateMachine4Testing (SimpleStateMachine4Testing.java:put(198)) - s0: put 66, 2222222222... -> (t:2, i:66), STATEMACHINELOGENTRY, client-69912ADB290A, cid=35
2019-09-24 16:37:50,255 INFO  statemachine.SimpleStateMachine4Testing (SimpleStateMachine4Testing.java:put(198)) - s0: put 68, 4444444444... -> (t:2, i:68), STATEMACHINELOGENTRY, client-781B3BD2DEB4, cid=32
2019-09-24 16:37:50,257 INFO  statemachine.SimpleStateMachine4Testing (SimpleStateMachine4Testing.java:put(198)) - s1: put 344, 1111111111... -> (t:2, i:344), STATEMACHINELOGENTRY, client-6F4DA14A560B, cid=174
2019-09-24 16:37:50,258 INFO  statemachine.SimpleStateMachine4Testing (SimpleStateMachine4Testing.java:put(198)) - s2: put 346, 1111111111... -> (t:2, i:346), STATEMACHINELOGENTRY, client-69912ADB290A, cid=175
2019-09-24 16:37:50,261 INFO  statemachine.SimpleStateMachine4Testing (SimpleStateMachine4Testing.java:put(198)) - s0: put 70, 3333333333... -> (t:2, i:70), STATEMACHINELOGENTRY, client-DA36977FC49F, cid=37
2019-09-24 16:37:50,261 INFO  segmented.SegmentedRaftLogWorker (SegmentedRaftLogWorker.java:execute(569)) - s0@group-A1961C08437E-SegmentedRaftLogWorker: created new log segment /workdir/ratis-test/target/test/data/b2c0a8be/MiniRaftClusterWithNetty1f9c6c63/s0/7b03d609-5326-4b0a-b2d2-a1961c08437e/current/log_inprogress_344
2019-09-24 16:37:50,261 INFO  segmented.SegmentedRaftLogWorker (SegmentedRaftLogWorker.java:execute(569)) - s2@group-A1961C08437E-SegmentedRaftLogWorker: created new log segment /workdir/ratis-test/target/test/data/b2c0a8be/MiniRaftClusterWithNetty1f9c6c63/s2/7b03d609-5326-4b0a-b2d2-a1961c08437e/current/log_inprogress_352
2019-09-24 16:37:50,262 INFO  statemachine.SimpleStateMachine4Testing (SimpleStateMachine4Testing.java:put(198)) - s0: put 72, 3333333333... -> (t:2, i:72), STATEMACHINELOGENTRY, client-6F4DA14A560B, cid=38
2019-09-24 16:37:50,263 INFO  statemachine.SimpleStateMachine4Testing (SimpleStateMachine4Testing.java:put(198)) - s0: put 74, 3333333333... -> (t:2, i:74), STATEMACHINELOGENTRY, client-69912ADB290A, cid=39
2019-09-24 16:37:50,264 INFO  statemachine.SimpleStateMachine4Testing (SimpleStateMachine4Testing.java:put(198)) - s0: put 76, 4444444444... -> (t:2, i:76), STATEMACHINELOGENTRY, client-D98953169D47, cid=36
2019-09-24 16:37:50,265 INFO  segmented.SegmentedRaftLogWorker (SegmentedRaftLogWorker.java:rollLogSegment(385)) - s1@group-A1961C08437E-SegmentedRaftLogWorker: Rolling segment log-344_347 to index:347
2019-09-24 16:37:50,265 INFO  statemachine.SimpleStateMachine4Testing (SimpleStateMachine4Testing.java:put(198)) - s0: put 78, 4444444444... -> (t:2, i:78), STATEMACHINELOGENTRY, client-DA36977FC49F, cid=41
2019-09-24 16:37:50,265 TRACE util.FileUtils (LogUtils.java:runAndLog(61)) - Successfully ran Files.move /workdir/ratis-test/target/test/data/b2c0a8be/MiniRaftClusterWithNetty1f9c6c63/s1/7b03d609-5326-4b0a-b2d2-a1961c08437e/current/log_inprogress_344 to /workdir/ratis-test/target/test/data/b2c0a8be/MiniRaftClusterWithNetty1f9c6c63/s1/7b03d609-5326-4b0a-b2d2-a1961c08437e/current/log_344-347
2019-09-24 16:37:50,265 INFO  segmented.SegmentedRaftLogWorker (SegmentedRaftLogWorker.java:execute(526)) - s1@group-A1961C08437E-SegmentedRaftLogWorker: Rolled log segment from /workdir/ratis-test/target/test/data/b2c0a8be/MiniRaftClusterWithNetty1f9c6c63/s1/7b03d609-5326-4b0a-b2d2-a1961c08437e/current/log_inprogress_344 to /workdir/ratis-test/target/test/data/b2c0a8be/MiniRaftClusterWithNetty1f9c6c63/s1/7b03d609-5326-4b0a-b2d2-a1961c08437e/current/log_344-347
2019-09-24 16:37:50,266 INFO  statemachine.SimpleStateMachine4Testing (SimpleStateMachine4Testing.java:put(198)) - s0: put 80, 4444444444... -> (t:2, i:80), STATEMACHINELOGENTRY, client-6F4DA14A560B, cid=42
2019-09-24 16:37:50,267 INFO  statemachine.SimpleStateMachine4Testing (SimpleStateMachine4Testing.java:put(198)) - s0: put 82, 4444444444... -> (t:2, i:82), STATEMACHINELOGENTRY, client-69912ADB290A, cid=43
2019-09-24 16:37:50,268 INFO  statemachine.SimpleStateMachine4Testing (SimpleStateMachine4Testing.java:put(198)) - s0: put 84, 5555555555... -> (t:2, i:84), STATEMACHINELOGENTRY, client-781B3BD2DEB4, cid=40
2019-09-24 16:37:50,269 INFO  statemachine.SimpleStateMachine4Testing (SimpleStateMachine4Testing.java:put(198)) - s0: put 86, 5555555555... -> (t:2, i:86), STATEMACHINELOGENTRY, client-DA36977FC49F, cid=45
2019-09-24 16:37:50,270 INFO  statemachine.SimpleStateMachine4Testing (SimpleStateMachine4Testing.java:put(198)) - s0: put 88, 5555555555... -> (t:2, i:88), STATEMACHINELOGENTRY, client-6F4DA14A560B, cid=46
2019-09-24 16:37:50,271 INFO  statemachine.SimpleStateMachine4Testing (SimpleStateMachine4Testing.java:put(198)) - s0: put 90, 5555555555... -> (t:2, i:90), STATEMACHINELOGENTRY, client-69912ADB290A, cid=47
2019-09-24 16:37:50,283 INFO  statemachine.SimpleStateMachine4Testing (SimpleStateMachine4Testing.java:put(198)) - s0: put 92, 5555555555... -> (t:2, i:92), STATEMACHINELOGENTRY, client-D98953169D47, cid=44
2019-09-24 16:37:50,283 INFO  segmented.SegmentedRaftLogWorker (SegmentedRaftLogWorker.java:execute(569)) - s1@group-A1961C08437E-SegmentedRaftLogWorker: created new log segment /workdir/ratis-test/target/test/data/b2c0a8be/MiniRaftClusterWithNetty1f9c6c63/s1/7b03d609-5326-4b0a-b2d2-a1961c08437e/current/log_inprogress_348
2019-09-24 16:37:50,283 INFO  statemachine.SimpleStateMachine4Testing (SimpleStateMachine4Testing.java:put(198)) - s0: put 94, 0000000000... -> (t:2, i:94), STATEMACHINELOGENTRY, client-DA36977FC49F, cid=49
2019-09-24 16:37:50,284 INFO  statemachine.SimpleStateMachine4Testing (SimpleStateMachine4Testing.java:put(198)) - s0: put 96, 0000000000... -> (t:2, i:96), STATEMACHINELOGENTRY, client-6F4DA14A560B, cid=50
2019-09-24 16:37:50,284 INFO  statemachine.SimpleStateMachine4Testing (SimpleStateMachine4Testing.java:put(198)) - s0: put 98, 0000000000... -> (t:2, i:98), STATEMACHINELOGENTRY, client-69912ADB290A, cid=51
2019-09-24 16:37:50,285 INFO  statemachine.SimpleStateMachine4Testing (SimpleStateMachine4Testing.java:put(198)) - s0: put 100, 0000000000... -> (t:2, i:100), STATEMACHINELOGENTRY, client-781B3BD2DEB4, cid=48
2019-09-24 16:37:50,285 INFO  statemachine.SimpleStateMachine4Testing (SimpleStateMachine4Testing.java:put(198)) - s0: put 102, 1111111111... -> (t:2, i:102), STATEMACHINELOGENTRY, client-DA36977FC49F, cid=53
2019-09-24 16:37:50,285 INFO  statemachine.SimpleStateMachine4Testing (SimpleStateMachine4Testing.java:put(198)) - s0: put 104, 1111111111... -> (t:2, i:104), STATEMACHINELOGENTRY, client-6F4DA14A560B, cid=54
2019-09-24 16:37:50,286 INFO  statemachine.SimpleStateMachine4Testing (SimpleStateMachine4Testing.java:put(198)) - s0: put 106, 1111111111... -> (t:2, i:106), STATEMACHINELOGENTRY, client-69912ADB290A, cid=55
2019-09-24 16:37:50,286 INFO  statemachine.SimpleStateMachine4Testing (SimpleStateMachine4Testing.java:put(198)) - s0: put 108, 0000000000... -> (t:2, i:108), STATEMACHINELOGENTRY, client-D98953169D47, cid=52
2019-09-24 16:37:50,287 INFO  statemachine.SimpleStateMachine4Testing (SimpleStateMachine4Testing.java:put(198)) - s0: put 110, 2222222222... -> (t:2, i:110), STATEMACHINELOGENTRY, client-DA36977FC49F, cid=57
2019-09-24 16:37:50,287 INFO  statemachine.SimpleStateMachine4Testing (SimpleStateMachine4Testing.java:put(198)) - s0: put 112, 2222222222... -> (t:2, i:112), STATEMACHINELOGENTRY, client-6F4DA14A560B, cid=58
2019-09-24 16:37:50,288 INFO  statemachine.SimpleStateMachine4Testing (SimpleStateMachine4Testing.java:put(198)) - s0: put 114, 2222222222... -> (t:2, i:114), STATEMACHINELOGENTRY, client-69912ADB290A, cid=59
2019-09-24 16:37:50,289 INFO  statemachine.SimpleStateMachine4Testing (SimpleStateMachine4Testing.java:put(198)) - s0: put 116, 1111111111... -> (t:2, i:116), STATEMACHINELOGENTRY, client-781B3BD2DEB4, cid=56
2019-09-24 16:37:50,289 INFO  statemachine.SimpleStateMachine4Testing (SimpleStateMachine4Testing.java:put(198)) - s1: put 346, 1111111111... -> (t:2, i:346), STATEMACHINELOGENTRY, client-69912ADB290A, cid=175
2019-09-24 16:37:50,289 INFO  statemachine.SimpleStateMachine4Testing (SimpleStateMachine4Testing.java:put(198)) - s0: put 118, 3333333333... -> (t:2, i:118), STATEMACHINELOGENTRY, client-DA36977FC49F, cid=61
2019-09-24 16:37:50,290 INFO  statemachine.SimpleStateMachine4Testing (SimpleStateMachine4Testing.java:put(198)) - s2: put 348, 3333333333... -> (t:2, i:348), STATEMACHINELOGENTRY, client-D98953169D47, cid=172
2019-09-24 16:37:50,290 INFO  segmented.SegmentedRaftLogWorker (SegmentedRaftLogWorker.java:rollLogSegment(385)) - s2@group-A1961C08437E-SegmentedRaftLogWorker: Rolling segment log-352_355 to index:355
2019-09-24 16:37:50,290 INFO  statemachine.SimpleStateMachine4Testing (SimpleStateMachine4Testing.java:put(198)) - s0: put 120, 3333333333... -> (t:2, i:120), STATEMACHINELOGENTRY, client-6F4DA14A560B, cid=62
2019-09-24 16:37:50,292 INFO  statemachine.SimpleStateMachine4Testing (SimpleStateMachine4Testing.java:put(198)) - s0: put 122, 3333333333... -> (t:2, i:122), STATEMACHINELOGENTRY, client-69912ADB290A, cid=63
2019-09-24 16:37:50,292 INFO  statemachine.SimpleStateMachine4Testing (SimpleStateMachine4Testing.java:put(198)) - s0: put 124, 1111111111... -> (t:2, i:124), STATEMACHINELOGENTRY, client-D98953169D47, cid=60
2019-09-24 16:37:50,293 INFO  statemachine.SimpleStateMachine4Testing (SimpleStateMachine4Testing.java:put(198)) - s0: put 126, 4444444444... -> (t:2, i:126), STATEMACHINELOGENTRY, client-DA36977FC49F, cid=65
2019-09-24 16:37:50,294 INFO  statemachine.SimpleStateMachine4Testing (SimpleStateMachine4Testing.java:put(198)) - s0: put 128, 4444444444... -> (t:2, i:128), STATEMACHINELOGENTRY, client-6F4DA14A560B, cid=66
2019-09-24 16:37:50,295 INFO  statemachine.SimpleStateMachine4Testing (SimpleStateMachine4Testing.java:put(198)) - s0: put 130, 4444444444... -> (t:2, i:130), STATEMACHINELOGENTRY, client-69912ADB290A, cid=67
2019-09-24 16:37:50,296 INFO  statemachine.SimpleStateMachine4Testing (SimpleStateMachine4Testing.java:put(198)) - s0: put 132, 2222222222... -> (t:2, i:132), STATEMACHINELOGENTRY, client-781B3BD2DEB4, cid=64
2019-09-24 16:37:50,297 INFO  statemachine.SimpleStateMachine4Testing (SimpleStateMachine4Testing.java:put(198)) - s0: put 134, 5555555555... -> (t:2, i:134), STATEMACHINELOGENTRY, client-DA36977FC49F, cid=69
2019-09-24 16:37:50,298 INFO  statemachine.SimpleStateMachine4Testing (SimpleStateMachine4Testing.java:put(198)) - s0: put 136, 5555555555... -> (t:2, i:136), STATEMACHINELOGENTRY, client-6F4DA14A560B, cid=70
2019-09-24 16:37:50,298 INFO  statemachine.SimpleStateMachine4Testing (SimpleStateMachine4Testing.java:put(198)) - s0: put 138, 5555555555... -> (t:2, i:138), STATEMACHINELOGENTRY, client-69912ADB290A, cid=71
2019-09-24 16:37:50,299 INFO  statemachine.SimpleStateMachine4Testing (SimpleStateMachine4Testing.java:put(198)) - s0: put 140, 2222222222... -> (t:2, i:140), STATEMACHINELOGENTRY, client-D98953169D47, cid=68
2019-09-24 16:37:50,299 INFO  statemachine.SimpleStateMachine4Testing (SimpleStateMachine4Testing.java:put(198)) - s0: put 142, 0000000000... -> (t:2, i:142), STATEMACHINELOGENTRY, client-DA36977FC49F, cid=73
2019-09-24 16:37:50,300 INFO  statemachine.SimpleStateMachine4Testing (SimpleStateMachine4Testing.java:put(198)) - s0: put 144, 0000000000... -> (t:2, i:144), STATEMACHINELOGENTRY, client-6F4DA14A560B, cid=74
2019-09-24 16:37:50,300 INFO  statemachine.SimpleStateMachine4Testing (SimpleStateMachine4Testing.java:put(198)) - s0: put 146, 0000000000... -> (t:2, i:146), STATEMACHINELOGENTRY, client-69912ADB290A, cid=75
2019-09-24 16:37:50,301 INFO  statemachine.SimpleStateMachine4Testing (SimpleStateMachine4Testing.java:put(198)) - s0: put 148, 3333333333... -> (t:2, i:148), STATEMACHINELOGENTRY, client-781B3BD2DEB4, cid=72
2019-09-24 16:37:50,301 INFO  statemachine.SimpleStateMachine4Testing (SimpleStateMachine4Testing.java:put(198)) - s0: put 150, 1111111111... -> (t:2, i:150), STATEMACHINELOGENTRY, client-DA36977FC49F, cid=77
2019-09-24 16:37:50,301 TRACE util.FileUtils (LogUtils.java:runAndLog(61)) - Successfully ran Files.move /workdir/ratis-test/target/test/data/b2c0a8be/MiniRaftClusterWithNetty1f9c6c63/s2/7b03d609-5326-4b0a-b2d2-a1961c08437e/current/log_inprogress_352 to /workdir/ratis-test/target/test/data/b2c0a8be/MiniRaftClusterWithNetty1f9c6c63/s2/7b03d609-5326-4b0a-b2d2-a1961c08437e/current/log_352-355
2019-09-24 16:37:50,302 INFO  segmented.SegmentedRaftLogWorker (SegmentedRaftLogWorker.java:execute(526)) - s2@group-A1961C08437E-SegmentedRaftLogWorker: Rolled log segment from /workdir/ratis-test/target/test/data/b2c0a8be/MiniRaftClusterWithNetty1f9c6c63/s2/7b03d609-5326-4b0a-b2d2-a1961c08437e/current/log_inprogress_352 to /workdir/ratis-test/target/test/data/b2c0a8be/MiniRaftClusterWithNetty1f9c6c63/s2/7b03d609-5326-4b0a-b2d2-a1961c08437e/current/log_352-355
2019-09-24 16:37:50,302 INFO  statemachine.SimpleStateMachine4Testing (SimpleStateMachine4Testing.java:put(198)) - s0: put 152, 1111111111... -> (t:2, i:152), STATEMACHINELOGENTRY, client-6F4DA14A560B, cid=78
2019-09-24 16:37:50,302 INFO  statemachine.SimpleStateMachine4Testing (SimpleStateMachine4Testing.java:put(198)) - s0: put 154, 1111111111... -> (t:2, i:154), STATEMACHINELOGENTRY, client-69912ADB290A, cid=79
2019-09-24 16:37:50,302 INFO  statemachine.SimpleStateMachine4Testing (SimpleStateMachine4Testing.java:put(198)) - s1: put 348, 3333333333... -> (t:2, i:348), STATEMACHINELOGENTRY, client-D98953169D47, cid=172
2019-09-24 16:37:50,303 INFO  statemachine.SimpleStateMachine4Testing (SimpleStateMachine4Testing.java:put(198)) - s0: put 156, 3333333333... -> (t:2, i:156), STATEMACHINELOGENTRY, client-D98953169D47, cid=76
2019-09-24 16:37:50,303 INFO  segmented.SegmentedRaftLogWorker (SegmentedRaftLogWorker.java:rollLogSegment(385)) - s0@group-A1961C08437E-SegmentedRaftLogWorker: Rolling segment log-344_347 to index:347
2019-09-24 16:37:50,304 INFO  statemachine.SimpleStateMachine4Testing (SimpleStateMachine4Testing.java:put(198)) - s0: put 158, 2222222222... -> (t:2, i:158), STATEMACHINELOGENTRY, client-DA36977FC49F, cid=81
2019-09-24 16:37:50,304 TRACE util.FileUtils (LogUtils.java:runAndLog(61)) - Successfully ran Files.move /workdir/ratis-test/target/test/data/b2c0a8be/MiniRaftClusterWithNetty1f9c6c63/s0/7b03d609-5326-4b0a-b2d2-a1961c08437e/current/log_inprogress_344 to /workdir/ratis-test/target/test/data/b2c0a8be/MiniRaftClusterWithNetty1f9c6c63/s0/7b03d609-5326-4b0a-b2d2-a1961c08437e/current/log_344-347
2019-09-24 16:37:50,305 INFO  segmented.SegmentedRaftLogWorker (SegmentedRaftLogWorker.java:execute(526)) - s0@group-A1961C08437E-SegmentedRaftLogWorker: Rolled log segment from /workdir/ratis-test/target/test/data/b2c0a8be/MiniRaftClusterWithNetty1f9c6c63/s0/7b03d609-5326-4b0a-b2d2-a1961c08437e/current/log_inprogress_344 to /workdir/ratis-test/target/test/data/b2c0a8be/MiniRaftClusterWithNetty1f9c6c63/s0/7b03d609-5326-4b0a-b2d2-a1961c08437e/current/log_344-347
2019-09-24 16:37:50,305 INFO  statemachine.SimpleStateMachine4Testing (SimpleStateMachine4Testing.java:put(198)) - s0: put 160, 2222222222... -> (t:2, i:160), STATEMACHINELOGENTRY, client-6F4DA14A560B, cid=82
2019-09-24 16:37:50,305 INFO  statemachine.SimpleStateMachine4Testing (SimpleStateMachine4Testing.java:put(198)) - s0: put 162, 2222222222... -> (t:2, i:162), STATEMACHINELOGENTRY, client-69912ADB290A, cid=83
2019-09-24 16:37:50,306 INFO  statemachine.SimpleStateMachine4Testing (SimpleStateMachine4Testing.java:put(198)) - s0: put 164, 4444444444... -> (t:2, i:164), STATEMACHINELOGENTRY, client-781B3BD2DEB4, cid=80
2019-09-24 16:37:50,307 INFO  statemachine.SimpleStateMachine4Testing (SimpleStateMachine4Testing.java:put(198)) - s0: put 166, 3333333333... -> (t:2, i:166), STATEMACHINELOGENTRY, client-DA36977FC49F, cid=85
2019-09-24 16:37:50,308 INFO  statemachine.SimpleStateMachine4Testing (SimpleStateMachine4Testing.java:put(198)) - s0: put 168, 3333333333... -> (t:2, i:168), STATEMACHINELOGENTRY, client-6F4DA14A560B, cid=86
2019-09-24 16:37:50,308 INFO  statemachine.SimpleStateMachine4Testing (SimpleStateMachine4Testing.java:put(198)) - s2: put 350, 2222222222... -> (t:2, i:350), STATEMACHINELOGENTRY, client-DA36977FC49F, cid=177
2019-09-24 16:37:50,308 INFO  statemachine.SimpleStateMachine4Testing (SimpleStateMachine4Testing.java:put(198)) - s0: put 170, 3333333333... -> (t:2, i:170), STATEMACHINELOGENTRY, client-69912ADB290A, cid=87
2019-09-24 16:37:50,309 INFO  segmented.SegmentedRaftLogWorker (SegmentedRaftLogWorker.java:rollLogSegment(385)) - s2@group-A1961C08437E-SegmentedRaftLogWorker: Rolling segment log-356_357 to index:357
2019-09-24 16:37:50,309 INFO  statemachine.SimpleStateMachine4Testing (SimpleStateMachine4Testing.java:put(198)) - s0: put 172, 4444444444... -> (t:2, i:172), STATEMACHINELOGENTRY, client-D98953169D47, cid=84
2019-09-24 16:37:50,310 INFO  statemachine.SimpleStateMachine4Testing (SimpleStateMachine4Testing.java:put(198)) - s0: put 174, 4444444444... -> (t:2, i:174), STATEMACHINELOGENTRY, client-DA36977FC49F, cid=89
2019-09-24 16:37:50,311 INFO  statemachine.SimpleStateMachine4Testing (SimpleStateMachine4Testing.java:put(198)) - s0: put 176, 4444444444... -> (t:2, i:176), STATEMACHINELOGENTRY, client-6F4DA14A560B, cid=90
2019-09-24 16:37:50,312 INFO  statemachine.SimpleStateMachine4Testing (SimpleStateMachine4Testing.java:put(198)) - s0: put 178, 4444444444... -> (t:2, i:178), STATEMACHINELOGENTRY, client-69912ADB290A, cid=91
2019-09-24 16:37:50,313 INFO  statemachine.SimpleStateMachine4Testing (SimpleStateMachine4Testing.java:put(198)) - s0: put 180, 5555555555... -> (t:2, i:180), STATEMACHINELOGENTRY, client-781B3BD2DEB4, cid=88
2019-09-24 16:37:50,314 INFO  statemachine.SimpleStateMachine4Testing (SimpleStateMachine4Testing.java:put(198)) - s0: put 182, 5555555555... -> (t:2, i:182), STATEMACHINELOGENTRY, client-DA36977FC49F, cid=93
2019-09-24 16:37:50,314 INFO  statemachine.SimpleStateMachine4Testing (SimpleStateMachine4Testing.java:put(198)) - s0: put 184, 5555555555... -> (t:2, i:184), STATEMACHINELOGENTRY, client-6F4DA14A560B, cid=94
2019-09-24 16:37:50,315 INFO  statemachine.SimpleStateMachine4Testing (SimpleStateMachine4Testing.java:put(198)) - s0: put 186, 5555555555... -> (t:2, i:186), STATEMACHINELOGENTRY, client-69912ADB290A, cid=95
2019-09-24 16:37:50,316 INFO  statemachine.SimpleStateMachine4Testing (SimpleStateMachine4Testing.java:put(198)) - s0: put 188, 5555555555... -> (t:2, i:188), STATEMACHINELOGENTRY, client-D98953169D47, cid=92
2019-09-24 16:37:50,316 INFO  statemachine.SimpleStateMachine4Testing (SimpleStateMachine4Testing.java:put(198)) - s0: put 190, 0000000000... -> (t:2, i:190), STATEMACHINELOGENTRY, client-DA36977FC49F, cid=97
2019-09-24 16:37:50,317 INFO  statemachine.SimpleStateMachine4Testing (SimpleStateMachine4Testing.java:put(198)) - s0: put 192, 0000000000... -> (t:2, i:192), STATEMACHINELOGENTRY, client-6F4DA14A560B, cid=98
2019-09-24 16:37:50,318 INFO  statemachine.SimpleStateMachine4Testing (SimpleStateMachine4Testing.java:put(198)) - s0: put 194, 0000000000... -> (t:2, i:194), STATEMACHINELOGENTRY, client-69912ADB290A, cid=99
2019-09-24 16:37:50,318 INFO  statemachine.SimpleStateMachine4Testing (SimpleStateMachine4Testing.java:put(198)) - s0: put 196, 0000000000... -> (t:2, i:196), STATEMACHINELOGENTRY, client-781B3BD2DEB4, cid=96
2019-09-24 16:37:50,318 INFO  segmented.SegmentedRaftLogWorker (SegmentedRaftLogWorker.java:execute(569)) - s0@group-A1961C08437E-SegmentedRaftLogWorker: created new log segment /workdir/ratis-test/target/test/data/b2c0a8be/MiniRaftClusterWithNetty1f9c6c63/s0/7b03d609-5326-4b0a-b2d2-a1961c08437e/current/log_inprogress_348
2019-09-24 16:37:50,318 INFO  statemachine.SimpleStateMachine4Testing (SimpleStateMachine4Testing.java:put(198)) - s0: put 198, 1111111111... -> (t:2, i:198), STATEMACHINELOGENTRY, client-DA36977FC49F, cid=101
2019-09-24 16:37:50,318 INFO  segmented.SegmentedRaftLogWorker (SegmentedRaftLogWorker.java:execute(569)) - s2@group-A1961C08437E-SegmentedRaftLogWorker: created new log segment /workdir/ratis-test/target/test/data/b2c0a8be/MiniRaftClusterWithNetty1f9c6c63/s2/7b03d609-5326-4b0a-b2d2-a1961c08437e/current/log_inprogress_356
2019-09-24 16:37:50,319 INFO  statemachine.SimpleStateMachine4Testing (SimpleStateMachine4Testing.java:put(198)) - s0: put 200, 1111111111... -> (t:2, i:200), STATEMACHINELOGENTRY, client-6F4DA14A560B, cid=102
2019-09-24 16:37:50,320 INFO  statemachine.SimpleStateMachine4Testing (SimpleStateMachine4Testing.java:put(198)) - s0: put 202, 1111111111... -> (t:2, i:202), STATEMACHINELOGENTRY, client-69912ADB290A, cid=103
2019-09-24 16:37:50,320 INFO  statemachine.SimpleStateMachine4Testing (SimpleStateMachine4Testing.java:put(198)) - s0: put 204, 0000000000... -> (t:2, i:204), STATEMACHINELOGENTRY, client-D98953169D47, cid=100
2019-09-24 16:37:50,321 INFO  statemachine.SimpleStateMachine4Testing (SimpleStateMachine4Testing.java:put(198)) - s0: put 206, 2222222222... -> (t:2, i:206), STATEMACHINELOGENTRY, client-DA36977FC49F, cid=105
2019-09-24 16:37:50,321 INFO  statemachine.SimpleStateMachine4Testing (SimpleStateMachine4Testing.java:put(198)) - s0: put 208, 2222222222... -> (t:2, i:208), STATEMACHINELOGENTRY, client-6F4DA14A560B, cid=106
2019-09-24 16:37:50,322 INFO  statemachine.SimpleStateMachine4Testing (SimpleStateMachine4Testing.java:put(198)) - s0: put 210, 2222222222... -> (t:2, i:210), STATEMACHINELOGENTRY, client-69912ADB290A, cid=107
2019-09-24 16:37:50,323 INFO  statemachine.SimpleStateMachine4Testing (SimpleStateMachine4Testing.java:put(198)) - s0: put 212, 1111111111... -> (t:2, i:212), STATEMACHINELOGENTRY, client-781B3BD2DEB4, cid=104
2019-09-24 16:37:50,323 INFO  statemachine.SimpleStateMachine4Testing (SimpleStateMachine4Testing.java:put(198)) - s0: put 214, 3333333333... -> (t:2, i:214), STATEMACHINELOGENTRY, client-DA36977FC49F, cid=109
2019-09-24 16:37:50,324 INFO  statemachine.SimpleStateMachine4Testing (SimpleStateMachine4Testing.java:put(198)) - s0: put 216, 3333333333... -> (t:2, i:216), STATEMACHINELOGENTRY, client-6F4DA14A560B, cid=110
2019-09-24 16:37:50,324 INFO  statemachine.SimpleStateMachine4Testing (SimpleStateMachine4Testing.java:put(198)) - s0: put 218, 3333333333... -> (t:2, i:218), STATEMACHINELOGENTRY, client-69912ADB290A, cid=111
2019-09-24 16:37:50,325 INFO  statemachine.SimpleStateMachine4Testing (SimpleStateMachine4Testing.java:put(198)) - s0: put 220, 1111111111... -> (t:2, i:220), STATEMACHINELOGENTRY, client-D98953169D47, cid=108
2019-09-24 16:37:50,326 INFO  statemachine.SimpleStateMachine4Testing (SimpleStateMachine4Testing.java:put(198)) - s0: put 222, 4444444444... -> (t:2, i:222), STATEMACHINELOGENTRY, client-DA36977FC49F, cid=113
2019-09-24 16:37:50,326 INFO  statemachine.SimpleStateMachine4Testing (SimpleStateMachine4Testing.java:put(198)) - s0: put 224, 4444444444... -> (t:2, i:224), STATEMACHINELOGENTRY, client-6F4DA14A560B, cid=114
2019-09-24 16:37:50,327 INFO  statemachine.SimpleStateMachine4Testing (SimpleStateMachine4Testing.java:put(198)) - s0: put 226, 4444444444... -> (t:2, i:226), STATEMACHINELOGENTRY, client-69912ADB290A, cid=115
2019-09-24 16:37:50,328 INFO  statemachine.SimpleStateMachine4Testing (SimpleStateMachine4Testing.java:put(198)) - s0: put 228, 2222222222... -> (t:2, i:228), STATEMACHINELOGENTRY, client-781B3BD2DEB4, cid=112
2019-09-24 16:37:50,328 INFO  statemachine.SimpleStateMachine4Testing (SimpleStateMachine4Testing.java:put(198)) - s0: put 230, 5555555555... -> (t:2, i:230), STATEMACHINELOGENTRY, client-DA36977FC49F, cid=117
2019-09-24 16:37:50,329 INFO  statemachine.SimpleStateMachine4Testing (SimpleStateMachine4Testing.java:put(198)) - s0: put 232, 5555555555... -> (t:2, i:232), STATEMACHINELOGENTRY, client-6F4DA14A560B, cid=118
2019-09-24 16:37:50,330 INFO  statemachine.SimpleStateMachine4Testing (SimpleStateMachine4Testing.java:put(198)) - s0: put 234, 5555555555... -> (t:2, i:234), STATEMACHINELOGENTRY, client-69912ADB290A, cid=119
2019-09-24 16:37:50,331 INFO  statemachine.SimpleStateMachine4Testing (SimpleStateMachine4Testing.java:put(198)) - s0: put 236, 2222222222... -> (t:2, i:236), STATEMACHINELOGENTRY, client-D98953169D47, cid=116
2019-09-24 16:37:50,331 INFO  statemachine.SimpleStateMachine4Testing (SimpleStateMachine4Testing.java:put(198)) - s0: put 238, 0000000000... -> (t:2, i:238), STATEMACHINELOGENTRY, client-DA36977FC49F, cid=121
2019-09-24 16:37:50,331 INFO  statemachine.SimpleStateMachine4Testing (SimpleStateMachine4Testing.java:put(198)) - s0: put 240, 0000000000... -> (t:2, i:240), STATEMACHINELOGENTRY, client-6F4DA14A560B, cid=122
2019-09-24 16:37:50,331 INFO  statemachine.SimpleStateMachine4Testing (SimpleStateMachine4Testing.java:put(198)) - s0: put 242, 0000000000... -> (t:2, i:242), STATEMACHINELOGENTRY, client-69912ADB290A, cid=123
2019-09-24 16:37:50,332 INFO  statemachine.SimpleStateMachine4Testing (SimpleStateMachine4Testing.java:put(198)) - s0: put 244, 3333333333... -> (t:2, i:244), STATEMACHINELOGENTRY, client-781B3BD2DEB4, cid=120
2019-09-24 16:37:50,332 INFO  statemachine.SimpleStateMachine4Testing (SimpleStateMachine4Testing.java:put(198)) - s0: put 246, 1111111111... -> (t:2, i:246), STATEMACHINELOGENTRY, client-DA36977FC49F, cid=125
2019-09-24 16:37:50,333 INFO  statemachine.SimpleStateMachine4Testing (SimpleStateMachine4Testing.java:put(198)) - s0: put 248, 1111111111... -> (t:2, i:248), STATEMACHINELOGENTRY, client-6F4DA14A560B, cid=126
2019-09-24 16:37:50,334 INFO  statemachine.SimpleStateMachine4Testing (SimpleStateMachine4Testing.java:put(198)) - s0: put 250, 1111111111... -> (t:2, i:250), STATEMACHINELOGENTRY, client-69912ADB290A, cid=127
2019-09-24 16:37:50,334 INFO  statemachine.SimpleStateMachine4Testing (SimpleStateMachine4Testing.java:put(198)) - s0: put 252, 3333333333... -> (t:2, i:252), STATEMACHINELOGENTRY, client-D98953169D47, cid=124
2019-09-24 16:37:50,334 INFO  statemachine.SimpleStateMachine4Testing (SimpleStateMachine4Testing.java:put(198)) - s0: put 254, 2222222222... -> (t:2, i:254), STATEMACHINELOGENTRY, client-DA36977FC49F, cid=129
2019-09-24 16:37:50,335 INFO  statemachine.SimpleStateMachine4Testing (SimpleStateMachine4Testing.java:put(198)) - s0: put 256, 2222222222... -> (t:2, i:256), STATEMACHINELOGENTRY, client-6F4DA14A560B, cid=130
2019-09-24 16:37:50,335 INFO  statemachine.SimpleStateMachine4Testing (SimpleStateMachine4Testing.java:put(198)) - s0: put 258, 2222222222... -> (t:2, i:258), STATEMACHINELOGENTRY, client-69912ADB290A, cid=131
2019-09-24 16:37:50,336 INFO  statemachine.SimpleStateMachine4Testing (SimpleStateMachine4Testing.java:put(198)) - s0: put 260, 4444444444... -> (t:2, i:260), STATEMACHINELOGENTRY, client-781B3BD2DEB4, cid=128
2019-09-24 16:37:50,337 INFO  statemachine.SimpleStateMachine4Testing (SimpleStateMachine4Testing.java:put(198)) - s0: put 262, 3333333333... -> (t:2, i:262), STATEMACHINELOGENTRY, client-DA36977FC49F, cid=133
2019-09-24 16:37:50,337 INFO  statemachine.SimpleStateMachine4Testing (SimpleStateMachine4Testing.java:put(198)) - s0: put 264, 3333333333... -> (t:2, i:264), STATEMACHINELOGENTRY, client-6F4DA14A560B, cid=134
2019-09-24 16:37:50,338 INFO  statemachine.SimpleStateMachine4Testing (SimpleStateMachine4Testing.java:put(198)) - s0: put 266, 3333333333... -> (t:2, i:266), STATEMACHINELOGENTRY, client-69912ADB290A, cid=135
2019-09-24 16:37:50,338 INFO  statemachine.SimpleStateMachine4Testing (SimpleStateMachine4Testing.java:put(198)) - s0: put 268, 4444444444... -> (t:2, i:268), STATEMACHINELOGENTRY, client-D98953169D47, cid=132
2019-09-24 16:37:50,339 INFO  statemachine.SimpleStateMachine4Testing (SimpleStateMachine4Testing.java:put(198)) - s0: put 270, 4444444444... -> (t:2, i:270), STATEMACHINELOGENTRY, client-DA36977FC49F, cid=137
2019-09-24 16:37:50,339 INFO  statemachine.SimpleStateMachine4Testing (SimpleStateMachine4Testing.java:put(198)) - s0: put 272, 4444444444... -> (t:2, i:272), STATEMACHINELOGENTRY, client-6F4DA14A560B, cid=138
2019-09-24 16:37:50,340 INFO  statemachine.SimpleStateMachine4Testing (SimpleStateMachine4Testing.java:put(198)) - s0: put 274, 4444444444... -> (t:2, i:274), STATEMACHINELOGENTRY, client-69912ADB290A, cid=139
2019-09-24 16:37:50,340 INFO  statemachine.SimpleStateMachine4Testing (SimpleStateMachine4Testing.java:put(198)) - s0: put 276, 5555555555... -> (t:2, i:276), STATEMACHINELOGENTRY, client-781B3BD2DEB4, cid=136
2019-09-24 16:37:50,341 INFO  statemachine.SimpleStateMachine4Testing (SimpleStateMachine4Testing.java:put(198)) - s0: put 278, 5555555555... -> (t:2, i:278), STATEMACHINELOGENTRY, client-DA36977FC49F, cid=141
2019-09-24 16:37:50,342 INFO  statemachine.SimpleStateMachine4Testing (SimpleStateMachine4Testing.java:put(198)) - s0: put 280, 5555555555... -> (t:2, i:280), STATEMACHINELOGENTRY, client-6F4DA14A560B, cid=142
2019-09-24 16:37:50,342 INFO  statemachine.SimpleStateMachine4Testing (SimpleStateMachine4Testing.java:put(198)) - s0: put 282, 5555555555... -> (t:2, i:282), STATEMACHINELOGENTRY, client-69912ADB290A, cid=143
2019-09-24 16:37:50,342 INFO  statemachine.SimpleStateMachine4Testing (SimpleStateMachine4Testing.java:put(198)) - s0: put 284, 5555555555... -> (t:2, i:284), STATEMACHINELOGENTRY, client-D98953169D47, cid=140
2019-09-24 16:37:50,343 INFO  statemachine.SimpleStateMachine4Testing (SimpleStateMachine4Testing.java:put(198)) - s0: put 286, 0000000000... -> (t:2, i:286), STATEMACHINELOGENTRY, client-DA36977FC49F, cid=145
2019-09-24 16:37:50,343 INFO  statemachine.SimpleStateMachine4Testing (SimpleStateMachine4Testing.java:put(198)) - s0: put 288, 0000000000... -> (t:2, i:288), STATEMACHINELOGENTRY, client-6F4DA14A560B, cid=146
2019-09-24 16:37:50,343 INFO  statemachine.SimpleStateMachine4Testing (SimpleStateMachine4Testing.java:put(198)) - s0: put 290, 0000000000... -> (t:2, i:290), STATEMACHINELOGENTRY, client-69912ADB290A, cid=147
2019-09-24 16:37:50,344 INFO  statemachine.SimpleStateMachine4Testing (SimpleStateMachine4Testing.java:put(198)) - s0: put 292, 0000000000... -> (t:2, i:292), STATEMACHINELOGENTRY, client-781B3BD2DEB4, cid=144
2019-09-24 16:37:50,344 INFO  statemachine.SimpleStateMachine4Testing (SimpleStateMachine4Testing.java:put(198)) - s0: put 294, 1111111111... -> (t:2, i:294), STATEMACHINELOGENTRY, client-DA36977FC49F, cid=149
2019-09-24 16:37:50,344 INFO  statemachine.SimpleStateMachine4Testing (SimpleStateMachine4Testing.java:put(198)) - s0: put 296, 1111111111... -> (t:2, i:296), STATEMACHINELOGENTRY, client-6F4DA14A560B, cid=150
2019-09-24 16:37:50,345 INFO  statemachine.SimpleStateMachine4Testing (SimpleStateMachine4Testing.java:put(198)) - s0: put 298, 1111111111... -> (t:2, i:298), STATEMACHINELOGENTRY, client-69912ADB290A, cid=151
2019-09-24 16:37:50,345 TRACE util.FileUtils (LogUtils.java:runAndLog(61)) - Successfully ran Files.move /workdir/ratis-test/target/test/data/b2c0a8be/MiniRaftClusterWithNetty1f9c6c63/s2/7b03d609-5326-4b0a-b2d2-a1961c08437e/current/log_inprogress_356 to /workdir/ratis-test/target/test/data/b2c0a8be/MiniRaftClusterWithNetty1f9c6c63/s2/7b03d609-5326-4b0a-b2d2-a1961c08437e/current/log_356-357
2019-09-24 16:37:50,345 INFO  segmented.SegmentedRaftLogWorker (SegmentedRaftLogWorker.java:execute(526)) - s2@group-A1961C08437E-SegmentedRaftLogWorker: Rolled log segment from /workdir/ratis-test/target/test/data/b2c0a8be/MiniRaftClusterWithNetty1f9c6c63/s2/7b03d609-5326-4b0a-b2d2-a1961c08437e/current/log_inprogress_356 to /workdir/ratis-test/target/test/data/b2c0a8be/MiniRaftClusterWithNetty1f9c6c63/s2/7b03d609-5326-4b0a-b2d2-a1961c08437e/current/log_356-357
2019-09-24 16:37:50,346 INFO  statemachine.SimpleStateMachine4Testing (SimpleStateMachine4Testing.java:put(198)) - s0: put 300, 0000000000... -> (t:2, i:300), STATEMACHINELOGENTRY, client-D98953169D47, cid=148
2019-09-24 16:37:50,346 INFO  segmented.SegmentedRaftLogWorker (SegmentedRaftLogWorker.java:rollLogSegment(385)) - s1@group-A1961C08437E-SegmentedRaftLogWorker: Rolling segment log-348_351 to index:351
2019-09-24 16:37:50,346 INFO  statemachine.SimpleStateMachine4Testing (SimpleStateMachine4Testing.java:put(198)) - s0: put 302, 2222222222... -> (t:2, i:302), STATEMACHINELOGENTRY, client-DA36977FC49F, cid=153
2019-09-24 16:37:50,347 TRACE util.FileUtils (LogUtils.java:runAndLog(61)) - Successfully ran Files.move /workdir/ratis-test/target/test/data/b2c0a8be/MiniRaftClusterWithNetty1f9c6c63/s1/7b03d609-5326-4b0a-b2d2-a1961c08437e/current/log_inprogress_348 to /workdir/ratis-test/target/test/data/b2c0a8be/MiniRaftClusterWithNetty1f9c6c63/s1/7b03d609-5326-4b0a-b2d2-a1961c08437e/current/log_348-351
2019-09-24 16:37:50,347 INFO  segmented.SegmentedRaftLogWorker (SegmentedRaftLogWorker.java:execute(526)) - s1@group-A1961C08437E-SegmentedRaftLogWorker: Rolled log segment from /workdir/ratis-test/target/test/data/b2c0a8be/MiniRaftClusterWithNetty1f9c6c63/s1/7b03d609-5326-4b0a-b2d2-a1961c08437e/current/log_inprogress_348 to /workdir/ratis-test/target/test/data/b2c0a8be/MiniRaftClusterWithNetty1f9c6c63/s1/7b03d609-5326-4b0a-b2d2-a1961c08437e/current/log_348-351
2019-09-24 16:37:50,347 INFO  statemachine.SimpleStateMachine4Testing (SimpleStateMachine4Testing.java:put(198)) - s0: put 304, 2222222222... -> (t:2, i:304), STATEMACHINELOGENTRY, client-6F4DA14A560B, cid=154
2019-09-24 16:37:50,347 INFO  statemachine.SimpleStateMachine4Testing (SimpleStateMachine4Testing.java:put(198)) - s0: put 306, 2222222222... -> (t:2, i:306), STATEMACHINELOGENTRY, client-69912ADB290A, cid=155
2019-09-24 16:37:50,348 INFO  statemachine.SimpleStateMachine4Testing (SimpleStateMachine4Testing.java:put(198)) - s0: put 308, 1111111111... -> (t:2, i:308), STATEMACHINELOGENTRY, client-781B3BD2DEB4, cid=152
2019-09-24 16:37:50,348 INFO  statemachine.SimpleStateMachine4Testing (SimpleStateMachine4Testing.java:put(198)) - s0: put 310, 3333333333... -> (t:2, i:310), STATEMACHINELOGENTRY, client-DA36977FC49F, cid=157
2019-09-24 16:37:50,349 INFO  statemachine.SimpleStateMachine4Testing (SimpleStateMachine4Testing.java:put(198)) - s0: put 312, 3333333333... -> (t:2, i:312), STATEMACHINELOGENTRY, client-6F4DA14A560B, cid=158
2019-09-24 16:37:50,349 INFO  statemachine.SimpleStateMachine4Testing (SimpleStateMachine4Testing.java:put(198)) - s0: put 314, 3333333333... -> (t:2, i:314), STATEMACHINELOGENTRY, client-69912ADB290A, cid=159
2019-09-24 16:37:50,349 INFO  statemachine.SimpleStateMachine4Testing (SimpleStateMachine4Testing.java:put(198)) - s0: put 316, 1111111111... -> (t:2, i:316), STATEMACHINELOGENTRY, client-D98953169D47, cid=156
2019-09-24 16:37:50,350 INFO  statemachine.SimpleStateMachine4Testing (SimpleStateMachine4Testing.java:put(198)) - s0: put 318, 4444444444... -> (t:2, i:318), STATEMACHINELOGENTRY, client-DA36977FC49F, cid=161
2019-09-24 16:37:50,350 INFO  statemachine.SimpleStateMachine4Testing (SimpleStateMachine4Testing.java:put(198)) - s0: put 320, 4444444444... -> (t:2, i:320), STATEMACHINELOGENTRY, client-6F4DA14A560B, cid=162
2019-09-24 16:37:50,351 INFO  statemachine.SimpleStateMachine4Testing (SimpleStateMachine4Testing.java:put(198)) - s0: put 322, 4444444444... -> (t:2, i:322), STATEMACHINELOGENTRY, client-69912ADB290A, cid=163
2019-09-24 16:37:50,351 INFO  statemachine.SimpleStateMachine4Testing (SimpleStateMachine4Testing.java:put(198)) - s0: put 324, 2222222222... -> (t:2, i:324), STATEMACHINELOGENTRY, client-781B3BD2DEB4, cid=160
2019-09-24 16:37:50,352 INFO  statemachine.SimpleStateMachine4Testing (SimpleStateMachine4Testing.java:put(198)) - s0: put 326, 5555555555... -> (t:2, i:326), STATEMACHINELOGENTRY, client-DA36977FC49F, cid=165
2019-09-24 16:37:50,352 INFO  statemachine.SimpleStateMachine4Testing (SimpleStateMachine4Testing.java:put(198)) - s0: put 328, 5555555555... -> (t:2, i:328), STATEMACHINELOGENTRY, client-6F4DA14A560B, cid=166
2019-09-24 16:37:50,352 INFO  statemachine.SimpleStateMachine4Testing (SimpleStateMachine4Testing.java:put(198)) - s0: put 330, 5555555555... -> (t:2, i:330), STATEMACHINELOGENTRY, client-69912ADB290A, cid=167
2019-09-24 16:37:50,353 INFO  statemachine.SimpleStateMachine4Testing (SimpleStateMachine4Testing.java:put(198)) - s0: put 332, 2222222222... -> (t:2, i:332), STATEMACHINELOGENTRY, client-D98953169D47, cid=164
2019-09-24 16:37:50,353 INFO  statemachine.SimpleStateMachine4Testing (SimpleStateMachine4Testing.java:put(198)) - s0: put 334, 0000000000... -> (t:2, i:334), STATEMACHINELOGENTRY, client-DA36977FC49F, cid=169
2019-09-24 16:37:50,353 INFO  statemachine.SimpleStateMachine4Testing (SimpleStateMachine4Testing.java:put(198)) - s0: put 336, 0000000000... -> (t:2, i:336), STATEMACHINELOGENTRY, client-6F4DA14A560B, cid=170
2019-09-24 16:37:50,353 INFO  statemachine.SimpleStateMachine4Testing (SimpleStateMachine4Testing.java:put(198)) - s0: put 338, 0000000000... -> (t:2, i:338), STATEMACHINELOGENTRY, client-69912ADB290A, cid=171
2019-09-24 16:37:50,354 INFO  statemachine.SimpleStateMachine4Testing (SimpleStateMachine4Testing.java:put(198)) - s0: put 340, 3333333333... -> (t:2, i:340), STATEMACHINELOGENTRY, client-781B3BD2DEB4, cid=168
2019-09-24 16:37:50,354 INFO  statemachine.SimpleStateMachine4Testing (SimpleStateMachine4Testing.java:put(198)) - s0: put 342, 1111111111... -> (t:2, i:342), STATEMACHINELOGENTRY, client-DA36977FC49F, cid=173
2019-09-24 16:37:50,354 INFO  statemachine.SimpleStateMachine4Testing (SimpleStateMachine4Testing.java:put(198)) - s0: put 344, 1111111111... -> (t:2, i:344), STATEMACHINELOGENTRY, client-6F4DA14A560B, cid=174
2019-09-24 16:37:50,354 INFO  statemachine.SimpleStateMachine4Testing (SimpleStateMachine4Testing.java:put(198)) - s0: put 346, 1111111111... -> (t:2, i:346), STATEMACHINELOGENTRY, client-69912ADB290A, cid=175
2019-09-24 16:37:50,354 INFO  statemachine.SimpleStateMachine4Testing (SimpleStateMachine4Testing.java:put(198)) - s0: put 348, 3333333333... -> (t:2, i:348), STATEMACHINELOGENTRY, client-D98953169D47, cid=172
2019-09-24 16:37:50,368 INFO  segmented.SegmentedRaftLogWorker (SegmentedRaftLogWorker.java:execute(569)) - s2@group-A1961C08437E-SegmentedRaftLogWorker: created new log segment /workdir/ratis-test/target/test/data/b2c0a8be/MiniRaftClusterWithNetty1f9c6c63/s2/7b03d609-5326-4b0a-b2d2-a1961c08437e/current/log_inprogress_358
2019-09-24 16:37:50,368 INFO  segmented.SegmentedRaftLogWorker (SegmentedRaftLogWorker.java:execute(569)) - s1@group-A1961C08437E-SegmentedRaftLogWorker: created new log segment /workdir/ratis-test/target/test/data/b2c0a8be/MiniRaftClusterWithNetty1f9c6c63/s1/7b03d609-5326-4b0a-b2d2-a1961c08437e/current/log_inprogress_352
2019-09-24 16:37:50,399 INFO  statemachine.SimpleStateMachine4Testing (SimpleStateMachine4Testing.java:put(198)) - s1: put 350, 2222222222... -> (t:2, i:350), STATEMACHINELOGENTRY, client-DA36977FC49F, cid=177
2019-09-24 16:37:50,400 INFO  statemachine.SimpleStateMachine4Testing (SimpleStateMachine4Testing.java:put(198)) - s2: put 352, 2222222222... -> (t:2, i:352), STATEMACHINELOGENTRY, client-6F4DA14A560B, cid=178
2019-09-24 16:37:50,401 INFO  segmented.SegmentedRaftLogWorker (SegmentedRaftLogWorker.java:rollLogSegment(385)) - s2@group-A1961C08437E-SegmentedRaftLogWorker: Rolling segment log-358_359 to index:359
2019-09-24 16:37:50,411 TRACE util.FileUtils (LogUtils.java:runAndLog(61)) - Successfully ran Files.move /workdir/ratis-test/target/test/data/b2c0a8be/MiniRaftClusterWithNetty1f9c6c63/s2/7b03d609-5326-4b0a-b2d2-a1961c08437e/current/log_inprogress_358 to /workdir/ratis-test/target/test/data/b2c0a8be/MiniRaftClusterWithNetty1f9c6c63/s2/7b03d609-5326-4b0a-b2d2-a1961c08437e/current/log_358-359
2019-09-24 16:37:50,411 INFO  segmented.SegmentedRaftLogWorker (SegmentedRaftLogWorker.java:execute(526)) - s2@group-A1961C08437E-SegmentedRaftLogWorker: Rolled log segment from /workdir/ratis-test/target/test/data/b2c0a8be/MiniRaftClusterWithNetty1f9c6c63/s2/7b03d609-5326-4b0a-b2d2-a1961c08437e/current/log_inprogress_358 to /workdir/ratis-test/target/test/data/b2c0a8be/MiniRaftClusterWithNetty1f9c6c63/s2/7b03d609-5326-4b0a-b2d2-a1961c08437e/current/log_358-359
2019-09-24 16:37:50,412 INFO  statemachine.SimpleStateMachine4Testing (SimpleStateMachine4Testing.java:put(198)) - s0: put 350, 2222222222... -> (t:2, i:350), STATEMACHINELOGENTRY, client-DA36977FC49F, cid=177
2019-09-24 16:37:50,413 INFO  segmented.SegmentedRaftLogWorker (SegmentedRaftLogWorker.java:rollLogSegment(385)) - s0@group-A1961C08437E-SegmentedRaftLogWorker: Rolling segment log-348_351 to index:351
2019-09-24 16:37:50,414 TRACE util.FileUtils (LogUtils.java:runAndLog(61)) - Successfully ran Files.move /workdir/ratis-test/target/test/data/b2c0a8be/MiniRaftClusterWithNetty1f9c6c63/s0/7b03d609-5326-4b0a-b2d2-a1961c08437e/current/log_inprogress_348 to /workdir/ratis-test/target/test/data/b2c0a8be/MiniRaftClusterWithNetty1f9c6c63/s0/7b03d609-5326-4b0a-b2d2-a1961c08437e/current/log_348-351
2019-09-24 16:37:50,414 INFO  segmented.SegmentedRaftLogWorker (SegmentedRaftLogWorker.java:execute(526)) - s0@group-A1961C08437E-SegmentedRaftLogWorker: Rolled log segment from /workdir/ratis-test/target/test/data/b2c0a8be/MiniRaftClusterWithNetty1f9c6c63/s0/7b03d609-5326-4b0a-b2d2-a1961c08437e/current/log_inprogress_348 to /workdir/ratis-test/target/test/data/b2c0a8be/MiniRaftClusterWithNetty1f9c6c63/s0/7b03d609-5326-4b0a-b2d2-a1961c08437e/current/log_348-351
2019-09-24 16:37:50,422 INFO  statemachine.SimpleStateMachine4Testing (SimpleStateMachine4Testing.java:put(198)) - s1: put 352, 2222222222... -> (t:2, i:352), STATEMACHINELOGENTRY, client-6F4DA14A560B, cid=178
2019-09-24 16:37:50,423 INFO  statemachine.SimpleStateMachine4Testing (SimpleStateMachine4Testing.java:put(198)) - s2: put 354, 2222222222... -> (t:2, i:354), STATEMACHINELOGENTRY, client-69912ADB290A, cid=179
2019-09-24 16:37:50,424 INFO  segmented.SegmentedRaftLogWorker (SegmentedRaftLogWorker.java:rollLogSegment(385)) - s2@group-A1961C08437E-SegmentedRaftLogWorker: Rolling segment log-360_361 to index:361
2019-09-24 16:37:50,433 INFO  segmented.SegmentedRaftLogWorker (SegmentedRaftLogWorker.java:execute(569)) - s0@group-A1961C08437E-SegmentedRaftLogWorker: created new log segment /workdir/ratis-test/target/test/data/b2c0a8be/MiniRaftClusterWithNetty1f9c6c63/s0/7b03d609-5326-4b0a-b2d2-a1961c08437e/current/log_inprogress_352
2019-09-24 16:37:50,433 INFO  segmented.SegmentedRaftLogWorker (SegmentedRaftLogWorker.java:execute(569)) - s2@group-A1961C08437E-SegmentedRaftLogWorker: created new log segment /workdir/ratis-test/target/test/data/b2c0a8be/MiniRaftClusterWithNetty1f9c6c63/s2/7b03d609-5326-4b0a-b2d2-a1961c08437e/current/log_inprogress_360
2019-09-24 16:37:50,443 TRACE util.FileUtils (LogUtils.java:runAndLog(61)) - Successfully ran Files.move /workdir/ratis-test/target/test/data/b2c0a8be/MiniRaftClusterWithNetty1f9c6c63/s2/7b03d609-5326-4b0a-b2d2-a1961c08437e/current/log_inprogress_360 to /workdir/ratis-test/target/test/data/b2c0a8be/MiniRaftClusterWithNetty1f9c6c63/s2/7b03d609-5326-4b0a-b2d2-a1961c08437e/current/log_360-361
2019-09-24 16:37:50,443 INFO  segmented.SegmentedRaftLogWorker (SegmentedRaftLogWorker.java:execute(526)) - s2@group-A1961C08437E-SegmentedRaftLogWorker: Rolled log segment from /workdir/ratis-test/target/test/data/b2c0a8be/MiniRaftClusterWithNetty1f9c6c63/s2/7b03d609-5326-4b0a-b2d2-a1961c08437e/current/log_inprogress_360 to /workdir/ratis-test/target/test/data/b2c0a8be/MiniRaftClusterWithNetty1f9c6c63/s2/7b03d609-5326-4b0a-b2d2-a1961c08437e/current/log_360-361
2019-09-24 16:37:50,444 INFO  segmented.SegmentedRaftLogWorker (SegmentedRaftLogWorker.java:rollLogSegment(385)) - s1@group-A1961C08437E-SegmentedRaftLogWorker: Rolling segment log-352_355 to index:355
2019-09-24 16:37:50,444 TRACE util.FileUtils (LogUtils.java:runAndLog(61)) - Successfully ran Files.move /workdir/ratis-test/target/test/data/b2c0a8be/MiniRaftClusterWithNetty1f9c6c63/s1/7b03d609-5326-4b0a-b2d2-a1961c08437e/current/log_inprogress_352 to /workdir/ratis-test/target/test/data/b2c0a8be/MiniRaftClusterWithNetty1f9c6c63/s1/7b03d609-5326-4b0a-b2d2-a1961c08437e/current/log_352-355
2019-09-24 16:37:50,445 INFO  segmented.SegmentedRaftLogWorker (SegmentedRaftLogWorker.java:execute(526)) - s1@group-A1961C08437E-SegmentedRaftLogWorker: Rolled log segment from /workdir/ratis-test/target/test/data/b2c0a8be/MiniRaftClusterWithNetty1f9c6c63/s1/7b03d609-5326-4b0a-b2d2-a1961c08437e/current/log_inprogress_352 to /workdir/ratis-test/target/test/data/b2c0a8be/MiniRaftClusterWithNetty1f9c6c63/s1/7b03d609-5326-4b0a-b2d2-a1961c08437e/current/log_352-355
2019-09-24 16:37:50,476 INFO  statemachine.SimpleStateMachine4Testing (SimpleStateMachine4Testing.java:put(198)) - s0: put 352, 2222222222... -> (t:2, i:352), STATEMACHINELOGENTRY, client-6F4DA14A560B, cid=178
2019-09-24 16:37:50,476 INFO  statemachine.SimpleStateMachine4Testing (SimpleStateMachine4Testing.java:put(198)) - s0: put 354, 2222222222... -> (t:2, i:354), STATEMACHINELOGENTRY, client-69912ADB290A, cid=179
2019-09-24 16:37:50,477 INFO  segmented.SegmentedRaftLogWorker (SegmentedRaftLogWorker.java:rollLogSegment(385)) - s0@group-A1961C08437E-SegmentedRaftLogWorker: Rolling segment log-352_355 to index:355
2019-09-24 16:37:50,477 TRACE util.FileUtils (LogUtils.java:runAndLog(61)) - Successfully ran Files.move /workdir/ratis-test/target/test/data/b2c0a8be/MiniRaftClusterWithNetty1f9c6c63/s0/7b03d609-5326-4b0a-b2d2-a1961c08437e/current/log_inprogress_352 to /workdir/ratis-test/target/test/data/b2c0a8be/MiniRaftClusterWithNetty1f9c6c63/s0/7b03d609-5326-4b0a-b2d2-a1961c08437e/current/log_352-355
2019-09-24 16:37:50,477 INFO  segmented.SegmentedRaftLogWorker (SegmentedRaftLogWorker.java:execute(526)) - s0@group-A1961C08437E-SegmentedRaftLogWorker: Rolled log segment from /workdir/ratis-test/target/test/data/b2c0a8be/MiniRaftClusterWithNetty1f9c6c63/s0/7b03d609-5326-4b0a-b2d2-a1961c08437e/current/log_inprogress_352 to /workdir/ratis-test/target/test/data/b2c0a8be/MiniRaftClusterWithNetty1f9c6c63/s0/7b03d609-5326-4b0a-b2d2-a1961c08437e/current/log_352-355
2019-09-24 16:37:50,479 INFO  segmented.SegmentedRaftLogWorker (SegmentedRaftLogWorker.java:execute(569)) - s2@group-A1961C08437E-SegmentedRaftLogWorker: created new log segment /workdir/ratis-test/target/test/data/b2c0a8be/MiniRaftClusterWithNetty1f9c6c63/s2/7b03d609-5326-4b0a-b2d2-a1961c08437e/current/log_inprogress_362
2019-09-24 16:37:50,479 INFO  segmented.SegmentedRaftLogWorker (SegmentedRaftLogWorker.java:execute(569)) - s1@group-A1961C08437E-SegmentedRaftLogWorker: created new log segment /workdir/ratis-test/target/test/data/b2c0a8be/MiniRaftClusterWithNetty1f9c6c63/s1/7b03d609-5326-4b0a-b2d2-a1961c08437e/current/log_inprogress_356
2019-09-24 16:37:50,489 INFO  statemachine.SimpleStateMachine4Testing (SimpleStateMachine4Testing.java:put(198)) - s1: put 354, 2222222222... -> (t:2, i:354), STATEMACHINELOGENTRY, client-69912ADB290A, cid=179
2019-09-24 16:37:50,490 INFO  statemachine.SimpleStateMachine4Testing (SimpleStateMachine4Testing.java:put(198)) - s2: put 356, 4444444444... -> (t:2, i:356), STATEMACHINELOGENTRY, client-781B3BD2DEB4, cid=176
2019-09-24 16:37:50,491 INFO  segmented.SegmentedRaftLogWorker (SegmentedRaftLogWorker.java:rollLogSegment(385)) - s2@group-A1961C08437E-SegmentedRaftLogWorker: Rolling segment log-362_363 to index:363
2019-09-24 16:37:50,521 INFO  segmented.SegmentedRaftLogWorker (SegmentedRaftLogWorker.java:execute(569)) - s0@group-A1961C08437E-SegmentedRaftLogWorker: created new log segment /workdir/ratis-test/target/test/data/b2c0a8be/MiniRaftClusterWithNetty1f9c6c63/s0/7b03d609-5326-4b0a-b2d2-a1961c08437e/current/log_inprogress_356
2019-09-24 16:37:50,535 TRACE util.FileUtils (LogUtils.java:runAndLog(61)) - Successfully ran Files.move /workdir/ratis-test/target/test/data/b2c0a8be/MiniRaftClusterWithNetty1f9c6c63/s2/7b03d609-5326-4b0a-b2d2-a1961c08437e/current/log_inprogress_362 to /workdir/ratis-test/target/test/data/b2c0a8be/MiniRaftClusterWithNetty1f9c6c63/s2/7b03d609-5326-4b0a-b2d2-a1961c08437e/current/log_362-363
2019-09-24 16:37:50,535 INFO  segmented.SegmentedRaftLogWorker (SegmentedRaftLogWorker.java:execute(526)) - s2@group-A1961C08437E-SegmentedRaftLogWorker: Rolled log segment from /workdir/ratis-test/target/test/data/b2c0a8be/MiniRaftClusterWithNetty1f9c6c63/s2/7b03d609-5326-4b0a-b2d2-a1961c08437e/current/log_inprogress_362 to /workdir/ratis-test/target/test/data/b2c0a8be/MiniRaftClusterWithNetty1f9c6c63/s2/7b03d609-5326-4b0a-b2d2-a1961c08437e/current/log_362-363
2019-09-24 16:37:50,535 INFO  segmented.SegmentedRaftLogWorker (SegmentedRaftLogWorker.java:rollLogSegment(385)) - s1@group-A1961C08437E-SegmentedRaftLogWorker: Rolling segment log-356_357 to index:357
2019-09-24 16:37:50,536 TRACE util.FileUtils (LogUtils.java:runAndLog(61)) - Successfully ran Files.move /workdir/ratis-test/target/test/data/b2c0a8be/MiniRaftClusterWithNetty1f9c6c63/s1/7b03d609-5326-4b0a-b2d2-a1961c08437e/current/log_inprogress_356 to /workdir/ratis-test/target/test/data/b2c0a8be/MiniRaftClusterWithNetty1f9c6c63/s1/7b03d609-5326-4b0a-b2d2-a1961c08437e/current/log_356-357
2019-09-24 16:37:50,536 INFO  segmented.SegmentedRaftLogWorker (SegmentedRaftLogWorker.java:execute(526)) - s1@group-A1961C08437E-SegmentedRaftLogWorker: Rolled log segment from /workdir/ratis-test/target/test/data/b2c0a8be/MiniRaftClusterWithNetty1f9c6c63/s1/7b03d609-5326-4b0a-b2d2-a1961c08437e/current/log_inprogress_356 to /workdir/ratis-test/target/test/data/b2c0a8be/MiniRaftClusterWithNetty1f9c6c63/s1/7b03d609-5326-4b0a-b2d2-a1961c08437e/current/log_356-357
2019-09-24 16:37:50,555 INFO  statemachine.SimpleStateMachine4Testing (SimpleStateMachine4Testing.java:put(198)) - s0: put 356, 4444444444... -> (t:2, i:356), STATEMACHINELOGENTRY, client-781B3BD2DEB4, cid=176
2019-09-24 16:37:50,556 INFO  segmented.SegmentedRaftLogWorker (SegmentedRaftLogWorker.java:rollLogSegment(385)) - s0@group-A1961C08437E-SegmentedRaftLogWorker: Rolling segment log-356_357 to index:357
2019-09-24 16:37:50,563 TRACE util.FileUtils (LogUtils.java:runAndLog(61)) - Successfully ran Files.move /workdir/ratis-test/target/test/data/b2c0a8be/MiniRaftClusterWithNetty1f9c6c63/s0/7b03d609-5326-4b0a-b2d2-a1961c08437e/current/log_inprogress_356 to /workdir/ratis-test/target/test/data/b2c0a8be/MiniRaftClusterWithNetty1f9c6c63/s0/7b03d609-5326-4b0a-b2d2-a1961c08437e/current/log_356-357
2019-09-24 16:37:50,563 INFO  segmented.SegmentedRaftLogWorker (SegmentedRaftLogWorker.java:execute(526)) - s0@group-A1961C08437E-SegmentedRaftLogWorker: Rolled log segment from /workdir/ratis-test/target/test/data/b2c0a8be/MiniRaftClusterWithNetty1f9c6c63/s0/7b03d609-5326-4b0a-b2d2-a1961c08437e/current/log_inprogress_356 to /workdir/ratis-test/target/test/data/b2c0a8be/MiniRaftClusterWithNetty1f9c6c63/s0/7b03d609-5326-4b0a-b2d2-a1961c08437e/current/log_356-357
2019-09-24 16:37:50,571 INFO  segmented.SegmentedRaftLogWorker (SegmentedRaftLogWorker.java:execute(569)) - s2@group-A1961C08437E-SegmentedRaftLogWorker: created new log segment /workdir/ratis-test/target/test/data/b2c0a8be/MiniRaftClusterWithNetty1f9c6c63/s2/7b03d609-5326-4b0a-b2d2-a1961c08437e/current/log_inprogress_364
2019-09-24 16:37:50,571 INFO  segmented.SegmentedRaftLogWorker (SegmentedRaftLogWorker.java:execute(569)) - s1@group-A1961C08437E-SegmentedRaftLogWorker: created new log segment /workdir/ratis-test/target/test/data/b2c0a8be/MiniRaftClusterWithNetty1f9c6c63/s1/7b03d609-5326-4b0a-b2d2-a1961c08437e/current/log_inprogress_358
2019-09-24 16:37:50,588 INFO  statemachine.SimpleStateMachine4Testing (SimpleStateMachine4Testing.java:put(198)) - s1: put 356, 4444444444... -> (t:2, i:356), STATEMACHINELOGENTRY, client-781B3BD2DEB4, cid=176
2019-09-24 16:37:50,589 INFO  statemachine.SimpleStateMachine4Testing (SimpleStateMachine4Testing.java:put(198)) - s2: put 358, 3333333333... -> (t:2, i:358), STATEMACHINELOGENTRY, client-DA36977FC49F, cid=181
2019-09-24 16:37:50,590 INFO  segmented.SegmentedRaftLogWorker (SegmentedRaftLogWorker.java:rollLogSegment(385)) - s2@group-A1961C08437E-SegmentedRaftLogWorker: Rolling segment log-364_365 to index:365
2019-09-24 16:37:50,605 INFO  segmented.SegmentedRaftLogWorker (SegmentedRaftLogWorker.java:execute(569)) - s0@group-A1961C08437E-SegmentedRaftLogWorker: created new log segment /workdir/ratis-test/target/test/data/b2c0a8be/MiniRaftClusterWithNetty1f9c6c63/s0/7b03d609-5326-4b0a-b2d2-a1961c08437e/current/log_inprogress_358
2019-09-24 16:37:50,607 TRACE util.FileUtils (LogUtils.java:runAndLog(61)) - Successfully ran Files.move /workdir/ratis-test/target/test/data/b2c0a8be/MiniRaftClusterWithNetty1f9c6c63/s2/7b03d609-5326-4b0a-b2d2-a1961c08437e/current/log_inprogress_364 to /workdir/ratis-test/target/test/data/b2c0a8be/MiniRaftClusterWithNetty1f9c6c63/s2/7b03d609-5326-4b0a-b2d2-a1961c08437e/current/log_364-365
2019-09-24 16:37:50,607 INFO  segmented.SegmentedRaftLogWorker (SegmentedRaftLogWorker.java:execute(526)) - s2@group-A1961C08437E-SegmentedRaftLogWorker: Rolled log segment from /workdir/ratis-test/target/test/data/b2c0a8be/MiniRaftClusterWithNetty1f9c6c63/s2/7b03d609-5326-4b0a-b2d2-a1961c08437e/current/log_inprogress_364 to /workdir/ratis-test/target/test/data/b2c0a8be/MiniRaftClusterWithNetty1f9c6c63/s2/7b03d609-5326-4b0a-b2d2-a1961c08437e/current/log_364-365
2019-09-24 16:37:50,608 INFO  segmented.SegmentedRaftLogWorker (SegmentedRaftLogWorker.java:rollLogSegment(385)) - s1@group-A1961C08437E-SegmentedRaftLogWorker: Rolling segment log-358_359 to index:359
2019-09-24 16:37:50,608 TRACE util.FileUtils (LogUtils.java:runAndLog(61)) - Successfully ran Files.move /workdir/ratis-test/target/test/data/b2c0a8be/MiniRaftClusterWithNetty1f9c6c63/s1/7b03d609-5326-4b0a-b2d2-a1961c08437e/current/log_inprogress_358 to /workdir/ratis-test/target/test/data/b2c0a8be/MiniRaftClusterWithNetty1f9c6c63/s1/7b03d609-5326-4b0a-b2d2-a1961c08437e/current/log_358-359
2019-09-24 16:37:50,608 INFO  segmented.SegmentedRaftLogWorker (SegmentedRaftLogWorker.java:execute(526)) - s1@group-A1961C08437E-SegmentedRaftLogWorker: Rolled log segment from /workdir/ratis-test/target/test/data/b2c0a8be/MiniRaftClusterWithNetty1f9c6c63/s1/7b03d609-5326-4b0a-b2d2-a1961c08437e/current/log_inprogress_358 to /workdir/ratis-test/target/test/data/b2c0a8be/MiniRaftClusterWithNetty1f9c6c63/s1/7b03d609-5326-4b0a-b2d2-a1961c08437e/current/log_358-359
2019-09-24 16:37:50,612 INFO  statemachine.SimpleStateMachine4Testing (SimpleStateMachine4Testing.java:put(198)) - s0: put 358, 3333333333... -> (t:2, i:358), STATEMACHINELOGENTRY, client-DA36977FC49F, cid=181
2019-09-24 16:37:50,613 INFO  segmented.SegmentedRaftLogWorker (SegmentedRaftLogWorker.java:rollLogSegment(385)) - s0@group-A1961C08437E-SegmentedRaftLogWorker: Rolling segment log-358_359 to index:359
2019-09-24 16:37:50,614 TRACE util.FileUtils (LogUtils.java:runAndLog(61)) - Successfully ran Files.move /workdir/ratis-test/target/test/data/b2c0a8be/MiniRaftClusterWithNetty1f9c6c63/s0/7b03d609-5326-4b0a-b2d2-a1961c08437e/current/log_inprogress_358 to /workdir/ratis-test/target/test/data/b2c0a8be/MiniRaftClusterWithNetty1f9c6c63/s0/7b03d609-5326-4b0a-b2d2-a1961c08437e/current/log_358-359
2019-09-24 16:37:50,614 INFO  segmented.SegmentedRaftLogWorker (SegmentedRaftLogWorker.java:execute(526)) - s0@group-A1961C08437E-SegmentedRaftLogWorker: Rolled log segment from /workdir/ratis-test/target/test/data/b2c0a8be/MiniRaftClusterWithNetty1f9c6c63/s0/7b03d609-5326-4b0a-b2d2-a1961c08437e/current/log_inprogress_358 to /workdir/ratis-test/target/test/data/b2c0a8be/MiniRaftClusterWithNetty1f9c6c63/s0/7b03d609-5326-4b0a-b2d2-a1961c08437e/current/log_358-359
2019-09-24 16:37:50,622 INFO  segmented.SegmentedRaftLogWorker (SegmentedRaftLogWorker.java:execute(569)) - s2@group-A1961C08437E-SegmentedRaftLogWorker: created new log segment /workdir/ratis-test/target/test/data/b2c0a8be/MiniRaftClusterWithNetty1f9c6c63/s2/7b03d609-5326-4b0a-b2d2-a1961c08437e/current/log_inprogress_366
2019-09-24 16:37:50,622 INFO  segmented.SegmentedRaftLogWorker (SegmentedRaftLogWorker.java:execute(569)) - s1@group-A1961C08437E-SegmentedRaftLogWorker: created new log segment /workdir/ratis-test/target/test/data/b2c0a8be/MiniRaftClusterWithNetty1f9c6c63/s1/7b03d609-5326-4b0a-b2d2-a1961c08437e/current/log_inprogress_360
2019-09-24 16:37:50,635 INFO  statemachine.SimpleStateMachine4Testing (SimpleStateMachine4Testing.java:put(198)) - s1: put 358, 3333333333... -> (t:2, i:358), STATEMACHINELOGENTRY, client-DA36977FC49F, cid=181
2019-09-24 16:37:50,635 INFO  statemachine.SimpleStateMachine4Testing (SimpleStateMachine4Testing.java:put(198)) - s2: put 360, 3333333333... -> (t:2, i:360), STATEMACHINELOGENTRY, client-6F4DA14A560B, cid=182
2019-09-24 16:37:50,637 INFO  segmented.SegmentedRaftLogWorker (SegmentedRaftLogWorker.java:rollLogSegment(385)) - s2@group-A1961C08437E-SegmentedRaftLogWorker: Rolling segment log-366_367 to index:367
2019-09-24 16:37:50,639 INFO  segmented.SegmentedRaftLogWorker (SegmentedRaftLogWorker.java:execute(569)) - s0@group-A1961C08437E-SegmentedRaftLogWorker: created new log segment /workdir/ratis-test/target/test/data/b2c0a8be/MiniRaftClusterWithNetty1f9c6c63/s0/7b03d609-5326-4b0a-b2d2-a1961c08437e/current/log_inprogress_360
2019-09-24 16:37:50,640 TRACE util.FileUtils (LogUtils.java:runAndLog(61)) - Successfully ran Files.move /workdir/ratis-test/target/test/data/b2c0a8be/MiniRaftClusterWithNetty1f9c6c63/s2/7b03d609-5326-4b0a-b2d2-a1961c08437e/current/log_inprogress_366 to /workdir/ratis-test/target/test/data/b2c0a8be/MiniRaftClusterWithNetty1f9c6c63/s2/7b03d609-5326-4b0a-b2d2-a1961c08437e/current/log_366-367
2019-09-24 16:37:50,640 INFO  segmented.SegmentedRaftLogWorker (SegmentedRaftLogWorker.java:execute(526)) - s2@group-A1961C08437E-SegmentedRaftLogWorker: Rolled log segment from /workdir/ratis-test/target/test/data/b2c0a8be/MiniRaftClusterWithNetty1f9c6c63/s2/7b03d609-5326-4b0a-b2d2-a1961c08437e/current/log_inprogress_366 to /workdir/ratis-test/target/test/data/b2c0a8be/MiniRaftClusterWithNetty1f9c6c63/s2/7b03d609-5326-4b0a-b2d2-a1961c08437e/current/log_366-367
2019-09-24 16:37:50,641 INFO  statemachine.SimpleStateMachine4Testing (SimpleStateMachine4Testing.java:put(198)) - s1: put 360, 3333333333... -> (t:2, i:360), STATEMACHINELOGENTRY, client-6F4DA14A560B, cid=182
2019-09-24 16:37:50,642 INFO  segmented.SegmentedRaftLogWorker (SegmentedRaftLogWorker.java:rollLogSegment(385)) - s1@group-A1961C08437E-SegmentedRaftLogWorker: Rolling segment log-360_361 to index:361
2019-09-24 16:37:50,643 TRACE util.FileUtils (LogUtils.java:runAndLog(61)) - Successfully ran Files.move /workdir/ratis-test/target/test/data/b2c0a8be/MiniRaftClusterWithNetty1f9c6c63/s1/7b03d609-5326-4b0a-b2d2-a1961c08437e/current/log_inprogress_360 to /workdir/ratis-test/target/test/data/b2c0a8be/MiniRaftClusterWithNetty1f9c6c63/s1/7b03d609-5326-4b0a-b2d2-a1961c08437e/current/log_360-361
2019-09-24 16:37:50,643 INFO  segmented.SegmentedRaftLogWorker (SegmentedRaftLogWorker.java:execute(526)) - s1@group-A1961C08437E-SegmentedRaftLogWorker: Rolled log segment from /workdir/ratis-test/target/test/data/b2c0a8be/MiniRaftClusterWithNetty1f9c6c63/s1/7b03d609-5326-4b0a-b2d2-a1961c08437e/current/log_inprogress_360 to /workdir/ratis-test/target/test/data/b2c0a8be/MiniRaftClusterWithNetty1f9c6c63/s1/7b03d609-5326-4b0a-b2d2-a1961c08437e/current/log_360-361
2019-09-24 16:37:50,650 INFO  statemachine.SimpleStateMachine4Testing (SimpleStateMachine4Testing.java:put(198)) - s0: put 360, 3333333333... -> (t:2, i:360), STATEMACHINELOGENTRY, client-6F4DA14A560B, cid=182
2019-09-24 16:37:50,651 INFO  segmented.SegmentedRaftLogWorker (SegmentedRaftLogWorker.java:rollLogSegment(385)) - s0@group-A1961C08437E-SegmentedRaftLogWorker: Rolling segment log-360_361 to index:361
2019-09-24 16:37:50,656 TRACE util.FileUtils (LogUtils.java:runAndLog(61)) - Successfully ran Files.move /workdir/ratis-test/target/test/data/b2c0a8be/MiniRaftClusterWithNetty1f9c6c63/s0/7b03d609-5326-4b0a-b2d2-a1961c08437e/current/log_inprogress_360 to /workdir/ratis-test/target/test/data/b2c0a8be/MiniRaftClusterWithNetty1f9c6c63/s0/7b03d609-5326-4b0a-b2d2-a1961c08437e/current/log_360-361
2019-09-24 16:37:50,657 INFO  segmented.SegmentedRaftLogWorker (SegmentedRaftLogWorker.java:execute(526)) - s0@group-A1961C08437E-SegmentedRaftLogWorker: Rolled log segment from /workdir/ratis-test/target/test/data/b2c0a8be/MiniRaftClusterWithNetty1f9c6c63/s0/7b03d609-5326-4b0a-b2d2-a1961c08437e/current/log_inprogress_360 to /workdir/ratis-test/target/test/data/b2c0a8be/MiniRaftClusterWithNetty1f9c6c63/s0/7b03d609-5326-4b0a-b2d2-a1961c08437e/current/log_360-361
2019-09-24 16:37:50,664 INFO  segmented.SegmentedRaftLogWorker (SegmentedRaftLogWorker.java:execute(569)) - s2@group-A1961C08437E-SegmentedRaftLogWorker: created new log segment /workdir/ratis-test/target/test/data/b2c0a8be/MiniRaftClusterWithNetty1f9c6c63/s2/7b03d609-5326-4b0a-b2d2-a1961c08437e/current/log_inprogress_368
2019-09-24 16:37:50,664 INFO  segmented.SegmentedRaftLogWorker (SegmentedRaftLogWorker.java:execute(569)) - s1@group-A1961C08437E-SegmentedRaftLogWorker: created new log segment /workdir/ratis-test/target/test/data/b2c0a8be/MiniRaftClusterWithNetty1f9c6c63/s1/7b03d609-5326-4b0a-b2d2-a1961c08437e/current/log_inprogress_362
2019-09-24 16:37:50,670 INFO  statemachine.SimpleStateMachine4Testing (SimpleStateMachine4Testing.java:put(198)) - s2: put 362, 3333333333... -> (t:2, i:362), STATEMACHINELOGENTRY, client-69912ADB290A, cid=183
2019-09-24 16:37:50,672 INFO  segmented.SegmentedRaftLogWorker (SegmentedRaftLogWorker.java:rollLogSegment(385)) - s2@group-A1961C08437E-SegmentedRaftLogWorker: Rolling segment log-368_369 to index:369
2019-09-24 16:37:50,677 TRACE util.FileUtils (LogUtils.java:runAndLog(61)) - Successfully ran Files.move /workdir/ratis-test/target/test/data/b2c0a8be/MiniRaftClusterWithNetty1f9c6c63/s2/7b03d609-5326-4b0a-b2d2-a1961c08437e/current/log_inprogress_368 to /workdir/ratis-test/target/test/data/b2c0a8be/MiniRaftClusterWithNetty1f9c6c63/s2/7b03d609-5326-4b0a-b2d2-a1961c08437e/current/log_368-369
2019-09-24 16:37:50,677 INFO  segmented.SegmentedRaftLogWorker (SegmentedRaftLogWorker.java:execute(526)) - s2@group-A1961C08437E-SegmentedRaftLogWorker: Rolled log segment from /workdir/ratis-test/target/test/data/b2c0a8be/MiniRaftClusterWithNetty1f9c6c63/s2/7b03d609-5326-4b0a-b2d2-a1961c08437e/current/log_inprogress_368 to /workdir/ratis-test/target/test/data/b2c0a8be/MiniRaftClusterWithNetty1f9c6c63/s2/7b03d609-5326-4b0a-b2d2-a1961c08437e/current/log_368-369
2019-09-24 16:37:50,678 INFO  segmented.SegmentedRaftLogWorker (SegmentedRaftLogWorker.java:rollLogSegment(385)) - s1@group-A1961C08437E-SegmentedRaftLogWorker: Rolling segment log-362_363 to index:363
2019-09-24 16:37:50,679 TRACE util.FileUtils (LogUtils.java:runAndLog(61)) - Successfully ran Files.move /workdir/ratis-test/target/test/data/b2c0a8be/MiniRaftClusterWithNetty1f9c6c63/s1/7b03d609-5326-4b0a-b2d2-a1961c08437e/current/log_inprogress_362 to /workdir/ratis-test/target/test/data/b2c0a8be/MiniRaftClusterWithNetty1f9c6c63/s1/7b03d609-5326-4b0a-b2d2-a1961c08437e/current/log_362-363
2019-09-24 16:37:50,679 INFO  segmented.SegmentedRaftLogWorker (SegmentedRaftLogWorker.java:execute(526)) - s1@group-A1961C08437E-SegmentedRaftLogWorker: Rolled log segment from /workdir/ratis-test/target/test/data/b2c0a8be/MiniRaftClusterWithNetty1f9c6c63/s1/7b03d609-5326-4b0a-b2d2-a1961c08437e/current/log_inprogress_362 to /workdir/ratis-test/target/test/data/b2c0a8be/MiniRaftClusterWithNetty1f9c6c63/s1/7b03d609-5326-4b0a-b2d2-a1961c08437e/current/log_362-363
2019-09-24 16:37:50,681 INFO  segmented.SegmentedRaftLogWorker (SegmentedRaftLogWorker.java:execute(569)) - s0@group-A1961C08437E-SegmentedRaftLogWorker: created new log segment /workdir/ratis-test/target/test/data/b2c0a8be/MiniRaftClusterWithNetty1f9c6c63/s0/7b03d609-5326-4b0a-b2d2-a1961c08437e/current/log_inprogress_362
2019-09-24 16:37:50,686 INFO  ratis.MiniRaftCluster (MiniRaftCluster.java:lambda$null$5(297)) - TIMED-PRINT: printing ALL groups
  s0:  RUNNING  FOLLOWER s0@group-A1961C08437E:t2, leader=s2, voted=s2, raftlog=s0@group-A1961C08437E-SegmentedRaftLog:OPENED:c360,f362,i362, conf=0: [s0:0.0.0.0:42189, s1:0.0.0.0:39138, s2:0.0.0.0:44435], old=null RUNNING
  s1:  RUNNING  FOLLOWER s1@group-A1961C08437E:t2, leader=s2, voted=s1, raftlog=s1@group-A1961C08437E-SegmentedRaftLog:OPENED:c361,f363,i364, conf=0: [s0:0.0.0.0:42189, s1:0.0.0.0:39138, s2:0.0.0.0:44435], old=null RUNNING
  s2:  RUNNING    LEADER s2@group-A1961C08437E:t2, leader=s2, voted=s2, raftlog=s2@group-A1961C08437E-SegmentedRaftLog:OPENED:c363,f369,i370, conf=0: [s0:0.0.0.0:42189, s1:0.0.0.0:39138, s2:0.0.0.0:44435], old=null RUNNING
2019-09-24 16:37:50,694 INFO  segmented.SegmentedRaftLogWorker (SegmentedRaftLogWorker.java:execute(569)) - s2@group-A1961C08437E-SegmentedRaftLogWorker: created new log segment /workdir/ratis-test/target/test/data/b2c0a8be/MiniRaftClusterWithNetty1f9c6c63/s2/7b03d609-5326-4b0a-b2d2-a1961c08437e/current/log_inprogress_370
2019-09-24 16:37:50,694 INFO  segmented.SegmentedRaftLogWorker (SegmentedRaftLogWorker.java:execute(569)) - s1@group-A1961C08437E-SegmentedRaftLogWorker: created new log segment /workdir/ratis-test/target/test/data/b2c0a8be/MiniRaftClusterWithNetty1f9c6c63/s1/7b03d609-5326-4b0a-b2d2-a1961c08437e/current/log_inprogress_364
2019-09-24 16:37:50,705 INFO  statemachine.SimpleStateMachine4Testing (SimpleStateMachine4Testing.java:put(198)) - s0: put 362, 3333333333... -> (t:2, i:362), STATEMACHINELOGENTRY, client-69912ADB290A, cid=183
2019-09-24 16:37:50,705 INFO  statemachine.SimpleStateMachine4Testing (SimpleStateMachine4Testing.java:put(198)) - s1: put 362, 3333333333... -> (t:2, i:362), STATEMACHINELOGENTRY, client-69912ADB290A, cid=183
2019-09-24 16:37:50,705 INFO  segmented.SegmentedRaftLogWorker (SegmentedRaftLogWorker.java:rollLogSegment(385)) - s0@group-A1961C08437E-SegmentedRaftLogWorker: Rolling segment log-362_363 to index:363
2019-09-24 16:37:50,706 INFO  statemachine.SimpleStateMachine4Testing (SimpleStateMachine4Testing.java:put(198)) - s2: put 364, 4444444444... -> (t:2, i:364), STATEMACHINELOGENTRY, client-D98953169D47, cid=180
2019-09-24 16:37:50,706 TRACE util.FileUtils (LogUtils.java:runAndLog(61)) - Successfully ran Files.move /workdir/ratis-test/target/test/data/b2c0a8be/MiniRaftClusterWithNetty1f9c6c63/s0/7b03d609-5326-4b0a-b2d2-a1961c08437e/current/log_inprogress_362 to /workdir/ratis-test/target/test/data/b2c0a8be/MiniRaftClusterWithNetty1f9c6c63/s0/7b03d609-5326-4b0a-b2d2-a1961c08437e/current/log_362-363
2019-09-24 16:37:50,706 INFO  segmented.SegmentedRaftLogWorker (SegmentedRaftLogWorker.java:execute(526)) - s0@group-A1961C08437E-SegmentedRaftLogWorker: Rolled log segment from /workdir/ratis-test/target/test/data/b2c0a8be/MiniRaftClusterWithNetty1f9c6c63/s0/7b03d609-5326-4b0a-b2d2-a1961c08437e/current/log_inprogress_362 to /workdir/ratis-test/target/test/data/b2c0a8be/MiniRaftClusterWithNetty1f9c6c63/s0/7b03d609-5326-4b0a-b2d2-a1961c08437e/current/log_362-363
2019-09-24 16:37:50,707 INFO  segmented.SegmentedRaftLogWorker (SegmentedRaftLogWorker.java:rollLogSegment(385)) - s2@group-A1961C08437E-SegmentedRaftLogWorker: Rolling segment log-370_371 to index:371
2019-09-24 16:37:50,715 INFO  segmented.SegmentedRaftLogWorker (SegmentedRaftLogWorker.java:rollLogSegment(385)) - s1@group-A1961C08437E-SegmentedRaftLogWorker: Rolling segment log-364_365 to index:365
2019-09-24 16:37:50,717 TRACE util.FileUtils (LogUtils.java:runAndLog(61)) - Successfully ran Files.move /workdir/ratis-test/target/test/data/b2c0a8be/MiniRaftClusterWithNetty1f9c6c63/s1/7b03d609-5326-4b0a-b2d2-a1961c08437e/current/log_inprogress_364 to /workdir/ratis-test/target/test/data/b2c0a8be/MiniRaftClusterWithNetty1f9c6c63/s1/7b03d609-5326-4b0a-b2d2-a1961c08437e/current/log_364-365
2019-09-24 16:37:50,717 TRACE util.FileUtils (LogUtils.java:runAndLog(61)) - Successfully ran Files.move /workdir/ratis-test/target/test/data/b2c0a8be/MiniRaftClusterWithNetty1f9c6c63/s2/7b03d609-5326-4b0a-b2d2-a1961c08437e/current/log_inprogress_370 to /workdir/ratis-test/target/test/data/b2c0a8be/MiniRaftClusterWithNetty1f9c6c63/s2/7b03d609-5326-4b0a-b2d2-a1961c08437e/current/log_370-371
2019-09-24 16:37:50,717 INFO  segmented.SegmentedRaftLogWorker (SegmentedRaftLogWorker.java:execute(526)) - s1@group-A1961C08437E-SegmentedRaftLogWorker: Rolled log segment from /workdir/ratis-test/target/test/data/b2c0a8be/MiniRaftClusterWithNetty1f9c6c63/s1/7b03d609-5326-4b0a-b2d2-a1961c08437e/current/log_inprogress_364 to /workdir/ratis-test/target/test/data/b2c0a8be/MiniRaftClusterWithNetty1f9c6c63/s1/7b03d609-5326-4b0a-b2d2-a1961c08437e/current/log_364-365
2019-09-24 16:37:50,717 INFO  segmented.SegmentedRaftLogWorker (SegmentedRaftLogWorker.java:execute(526)) - s2@group-A1961C08437E-SegmentedRaftLogWorker: Rolled log segment from /workdir/ratis-test/target/test/data/b2c0a8be/MiniRaftClusterWithNetty1f9c6c63/s2/7b03d609-5326-4b0a-b2d2-a1961c08437e/current/log_inprogress_370 to /workdir/ratis-test/target/test/data/b2c0a8be/MiniRaftClusterWithNetty1f9c6c63/s2/7b03d609-5326-4b0a-b2d2-a1961c08437e/current/log_370-371
2019-09-24 16:37:50,729 INFO  segmented.SegmentedRaftLogWorker (SegmentedRaftLogWorker.java:execute(569)) - s0@group-A1961C08437E-SegmentedRaftLogWorker: created new log segment /workdir/ratis-test/target/test/data/b2c0a8be/MiniRaftClusterWithNetty1f9c6c63/s0/7b03d609-5326-4b0a-b2d2-a1961c08437e/current/log_inprogress_364
2019-09-24 16:37:50,743 INFO  statemachine.SimpleStateMachine4Testing (SimpleStateMachine4Testing.java:put(198)) - s0: put 364, 4444444444... -> (t:2, i:364), STATEMACHINELOGENTRY, client-D98953169D47, cid=180
2019-09-24 16:37:50,743 INFO  segmented.SegmentedRaftLogWorker (SegmentedRaftLogWorker.java:rollLogSegment(385)) - s0@group-A1961C08437E-SegmentedRaftLogWorker: Rolling segment log-364_365 to index:365
2019-09-24 16:37:50,744 INFO  segmented.SegmentedRaftLogWorker (SegmentedRaftLogWorker.java:execute(569)) - s1@group-A1961C08437E-SegmentedRaftLogWorker: created new log segment /workdir/ratis-test/target/test/data/b2c0a8be/MiniRaftClusterWithNetty1f9c6c63/s1/7b03d609-5326-4b0a-b2d2-a1961c08437e/current/log_inprogress_366
2019-09-24 16:37:50,744 TRACE util.FileUtils (LogUtils.java:runAndLog(61)) - Successfully ran Files.move /workdir/ratis-test/target/test/data/b2c0a8be/MiniRaftClusterWithNetty1f9c6c63/s0/7b03d609-5326-4b0a-b2d2-a1961c08437e/current/log_inprogress_364 to /workdir/ratis-test/target/test/data/b2c0a8be/MiniRaftClusterWithNetty1f9c6c63/s0/7b03d609-5326-4b0a-b2d2-a1961c08437e/current/log_364-365
2019-09-24 16:37:50,744 INFO  segmented.SegmentedRaftLogWorker (SegmentedRaftLogWorker.java:execute(526)) - s0@group-A1961C08437E-SegmentedRaftLogWorker: Rolled log segment from /workdir/ratis-test/target/test/data/b2c0a8be/MiniRaftClusterWithNetty1f9c6c63/s0/7b03d609-5326-4b0a-b2d2-a1961c08437e/current/log_inprogress_364 to /workdir/ratis-test/target/test/data/b2c0a8be/MiniRaftClusterWithNetty1f9c6c63/s0/7b03d609-5326-4b0a-b2d2-a1961c08437e/current/log_364-365
2019-09-24 16:37:50,744 INFO  segmented.SegmentedRaftLogWorker (SegmentedRaftLogWorker.java:execute(569)) - s2@group-A1961C08437E-SegmentedRaftLogWorker: created new log segment /workdir/ratis-test/target/test/data/b2c0a8be/MiniRaftClusterWithNetty1f9c6c63/s2/7b03d609-5326-4b0a-b2d2-a1961c08437e/current/log_inprogress_372
2019-09-24 16:37:50,753 INFO  statemachine.SimpleStateMachine4Testing (SimpleStateMachine4Testing.java:put(198)) - s1: put 364, 4444444444... -> (t:2, i:364), STATEMACHINELOGENTRY, client-D98953169D47, cid=180
2019-09-24 16:37:50,754 INFO  statemachine.SimpleStateMachine4Testing (SimpleStateMachine4Testing.java:put(198)) - s2: put 366, 4444444444... -> (t:2, i:366), STATEMACHINELOGENTRY, client-DA36977FC49F, cid=185
2019-09-24 16:37:50,755 INFO  segmented.SegmentedRaftLogWorker (SegmentedRaftLogWorker.java:rollLogSegment(385)) - s2@group-A1961C08437E-SegmentedRaftLogWorker: Rolling segment log-372_373 to index:373
2019-09-24 16:37:50,756 TRACE util.FileUtils (LogUtils.java:runAndLog(61)) - Successfully ran Files.move /workdir/ratis-test/target/test/data/b2c0a8be/MiniRaftClusterWithNetty1f9c6c63/s2/7b03d609-5326-4b0a-b2d2-a1961c08437e/current/log_inprogress_372 to /workdir/ratis-test/target/test/data/b2c0a8be/MiniRaftClusterWithNetty1f9c6c63/s2/7b03d609-5326-4b0a-b2d2-a1961c08437e/current/log_372-373
2019-09-24 16:37:50,757 INFO  segmented.SegmentedRaftLogWorker (SegmentedRaftLogWorker.java:execute(526)) - s2@group-A1961C08437E-SegmentedRaftLogWorker: Rolled log segment from /workdir/ratis-test/target/test/data/b2c0a8be/MiniRaftClusterWithNetty1f9c6c63/s2/7b03d609-5326-4b0a-b2d2-a1961c08437e/current/log_inprogress_372 to /workdir/ratis-test/target/test/data/b2c0a8be/MiniRaftClusterWithNetty1f9c6c63/s2/7b03d609-5326-4b0a-b2d2-a1961c08437e/current/log_372-373
2019-09-24 16:37:50,765 INFO  segmented.SegmentedRaftLogWorker (SegmentedRaftLogWorker.java:rollLogSegment(385)) - s1@group-A1961C08437E-SegmentedRaftLogWorker: Rolling segment log-366_367 to index:367
2019-09-24 16:37:50,765 TRACE util.FileUtils (LogUtils.java:runAndLog(61)) - Successfully ran Files.move /workdir/ratis-test/target/test/data/b2c0a8be/MiniRaftClusterWithNetty1f9c6c63/s1/7b03d609-5326-4b0a-b2d2-a1961c08437e/current/log_inprogress_366 to /workdir/ratis-test/target/test/data/b2c0a8be/MiniRaftClusterWithNetty1f9c6c63/s1/7b03d609-5326-4b0a-b2d2-a1961c08437e/current/log_366-367
2019-09-24 16:37:50,765 INFO  segmented.SegmentedRaftLogWorker (SegmentedRaftLogWorker.java:execute(526)) - s1@group-A1961C08437E-SegmentedRaftLogWorker: Rolled log segment from /workdir/ratis-test/target/test/data/b2c0a8be/MiniRaftClusterWithNetty1f9c6c63/s1/7b03d609-5326-4b0a-b2d2-a1961c08437e/current/log_inprogress_366 to /workdir/ratis-test/target/test/data/b2c0a8be/MiniRaftClusterWithNetty1f9c6c63/s1/7b03d609-5326-4b0a-b2d2-a1961c08437e/current/log_366-367
2019-09-24 16:37:50,775 INFO  segmented.SegmentedRaftLogWorker (SegmentedRaftLogWorker.java:execute(569)) - s0@group-A1961C08437E-SegmentedRaftLogWorker: created new log segment /workdir/ratis-test/target/test/data/b2c0a8be/MiniRaftClusterWithNetty1f9c6c63/s0/7b03d609-5326-4b0a-b2d2-a1961c08437e/current/log_inprogress_366
2019-09-24 16:37:50,821 INFO  segmented.SegmentedRaftLogWorker (SegmentedRaftLogWorker.java:execute(569)) - s1@group-A1961C08437E-SegmentedRaftLogWorker: created new log segment /workdir/ratis-test/target/test/data/b2c0a8be/MiniRaftClusterWithNetty1f9c6c63/s1/7b03d609-5326-4b0a-b2d2-a1961c08437e/current/log_inprogress_368
2019-09-24 16:37:50,821 INFO  segmented.SegmentedRaftLogWorker (SegmentedRaftLogWorker.java:execute(569)) - s2@group-A1961C08437E-SegmentedRaftLogWorker: created new log segment /workdir/ratis-test/target/test/data/b2c0a8be/MiniRaftClusterWithNetty1f9c6c63/s2/7b03d609-5326-4b0a-b2d2-a1961c08437e/current/log_inprogress_374
2019-09-24 16:37:50,822 INFO  statemachine.SimpleStateMachine4Testing (SimpleStateMachine4Testing.java:put(198)) - s0: put 366, 4444444444... -> (t:2, i:366), STATEMACHINELOGENTRY, client-DA36977FC49F, cid=185
2019-09-24 16:37:50,823 INFO  statemachine.SimpleStateMachine4Testing (SimpleStateMachine4Testing.java:put(198)) - s1: put 366, 4444444444... -> (t:2, i:366), STATEMACHINELOGENTRY, client-DA36977FC49F, cid=185
2019-09-24 16:37:50,823 INFO  segmented.SegmentedRaftLogWorker (SegmentedRaftLogWorker.java:rollLogSegment(385)) - s0@group-A1961C08437E-SegmentedRaftLogWorker: Rolling segment log-366_367 to index:367
2019-09-24 16:37:50,823 INFO  statemachine.SimpleStateMachine4Testing (SimpleStateMachine4Testing.java:put(198)) - s2: put 368, 4444444444... -> (t:2, i:368), STATEMACHINELOGENTRY, client-6F4DA14A560B, cid=186
2019-09-24 16:37:50,824 TRACE util.FileUtils (LogUtils.java:runAndLog(61)) - Successfully ran Files.move /workdir/ratis-test/target/test/data/b2c0a8be/MiniRaftClusterWithNetty1f9c6c63/s0/7b03d609-5326-4b0a-b2d2-a1961c08437e/current/log_inprogress_366 to /workdir/ratis-test/target/test/data/b2c0a8be/MiniRaftClusterWithNetty1f9c6c63/s0/7b03d609-5326-4b0a-b2d2-a1961c08437e/current/log_366-367
2019-09-24 16:37:50,824 INFO  segmented.SegmentedRaftLogWorker (SegmentedRaftLogWorker.java:execute(526)) - s0@group-A1961C08437E-SegmentedRaftLogWorker: Rolled log segment from /workdir/ratis-test/target/test/data/b2c0a8be/MiniRaftClusterWithNetty1f9c6c63/s0/7b03d609-5326-4b0a-b2d2-a1961c08437e/current/log_inprogress_366 to /workdir/ratis-test/target/test/data/b2c0a8be/MiniRaftClusterWithNetty1f9c6c63/s0/7b03d609-5326-4b0a-b2d2-a1961c08437e/current/log_366-367
2019-09-24 16:37:50,825 INFO  segmented.SegmentedRaftLogWorker (SegmentedRaftLogWorker.java:rollLogSegment(385)) - s2@group-A1961C08437E-SegmentedRaftLogWorker: Rolling segment log-374_375 to index:375
2019-09-24 16:37:50,829 TRACE util.FileUtils (LogUtils.java:runAndLog(61)) - Successfully ran Files.move /workdir/ratis-test/target/test/data/b2c0a8be/MiniRaftClusterWithNetty1f9c6c63/s2/7b03d609-5326-4b0a-b2d2-a1961c08437e/current/log_inprogress_374 to /workdir/ratis-test/target/test/data/b2c0a8be/MiniRaftClusterWithNetty1f9c6c63/s2/7b03d609-5326-4b0a-b2d2-a1961c08437e/current/log_374-375
2019-09-24 16:37:50,829 INFO  segmented.SegmentedRaftLogWorker (SegmentedRaftLogWorker.java:execute(526)) - s2@group-A1961C08437E-SegmentedRaftLogWorker: Rolled log segment from /workdir/ratis-test/target/test/data/b2c0a8be/MiniRaftClusterWithNetty1f9c6c63/s2/7b03d609-5326-4b0a-b2d2-a1961c08437e/current/log_inprogress_374 to /workdir/ratis-test/target/test/data/b2c0a8be/MiniRaftClusterWithNetty1f9c6c63/s2/7b03d609-5326-4b0a-b2d2-a1961c08437e/current/log_374-375
2019-09-24 16:37:50,831 INFO  statemachine.SimpleStateMachine4Testing (SimpleStateMachine4Testing.java:put(198)) - s1: put 368, 4444444444... -> (t:2, i:368), STATEMACHINELOGENTRY, client-6F4DA14A560B, cid=186
2019-09-24 16:37:50,831 INFO  segmented.SegmentedRaftLogWorker (SegmentedRaftLogWorker.java:rollLogSegment(385)) - s1@group-A1961C08437E-SegmentedRaftLogWorker: Rolling segment log-368_369 to index:369
2019-09-24 16:37:50,841 TRACE util.FileUtils (LogUtils.java:runAndLog(61)) - Successfully ran Files.move /workdir/ratis-test/target/test/data/b2c0a8be/MiniRaftClusterWithNetty1f9c6c63/s1/7b03d609-5326-4b0a-b2d2-a1961c08437e/current/log_inprogress_368 to /workdir/ratis-test/target/test/data/b2c0a8be/MiniRaftClusterWithNetty1f9c6c63/s1/7b03d609-5326-4b0a-b2d2-a1961c08437e/current/log_368-369
2019-09-24 16:37:50,841 INFO  segmented.SegmentedRaftLogWorker (SegmentedRaftLogWorker.java:execute(526)) - s1@group-A1961C08437E-SegmentedRaftLogWorker: Rolled log segment from /workdir/ratis-test/target/test/data/b2c0a8be/MiniRaftClusterWithNetty1f9c6c63/s1/7b03d609-5326-4b0a-b2d2-a1961c08437e/current/log_inprogress_368 to /workdir/ratis-test/target/test/data/b2c0a8be/MiniRaftClusterWithNetty1f9c6c63/s1/7b03d609-5326-4b0a-b2d2-a1961c08437e/current/log_368-369
2019-09-24 16:37:50,842 INFO  segmented.SegmentedRaftLogWorker (SegmentedRaftLogWorker.java:execute(569)) - s0@group-A1961C08437E-SegmentedRaftLogWorker: created new log segment /workdir/ratis-test/target/test/data/b2c0a8be/MiniRaftClusterWithNetty1f9c6c63/s0/7b03d609-5326-4b0a-b2d2-a1961c08437e/current/log_inprogress_368
2019-09-24 16:37:50,842 INFO  segmented.SegmentedRaftLogWorker (SegmentedRaftLogWorker.java:execute(569)) - s2@group-A1961C08437E-SegmentedRaftLogWorker: created new log segment /workdir/ratis-test/target/test/data/b2c0a8be/MiniRaftClusterWithNetty1f9c6c63/s2/7b03d609-5326-4b0a-b2d2-a1961c08437e/current/log_inprogress_376
2019-09-24 16:37:50,880 INFO  segmented.SegmentedRaftLogWorker (SegmentedRaftLogWorker.java:execute(569)) - s1@group-A1961C08437E-SegmentedRaftLogWorker: created new log segment /workdir/ratis-test/target/test/data/b2c0a8be/MiniRaftClusterWithNetty1f9c6c63/s1/7b03d609-5326-4b0a-b2d2-a1961c08437e/current/log_inprogress_370
2019-09-24 16:37:50,886 INFO  statemachine.SimpleStateMachine4Testing (SimpleStateMachine4Testing.java:put(198)) - s0: put 368, 4444444444... -> (t:2, i:368), STATEMACHINELOGENTRY, client-6F4DA14A560B, cid=186
2019-09-24 16:37:50,887 INFO  segmented.SegmentedRaftLogWorker (SegmentedRaftLogWorker.java:rollLogSegment(385)) - s0@group-A1961C08437E-SegmentedRaftLogWorker: Rolling segment log-368_369 to index:369
2019-09-24 16:37:50,887 INFO  statemachine.SimpleStateMachine4Testing (SimpleStateMachine4Testing.java:put(198)) - s2: put 370, 4444444444... -> (t:2, i:370), STATEMACHINELOGENTRY, client-69912ADB290A, cid=187
2019-09-24 16:37:50,888 TRACE util.FileUtils (LogUtils.java:runAndLog(61)) - Successfully ran Files.move /workdir/ratis-test/target/test/data/b2c0a8be/MiniRaftClusterWithNetty1f9c6c63/s0/7b03d609-5326-4b0a-b2d2-a1961c08437e/current/log_inprogress_368 to /workdir/ratis-test/target/test/data/b2c0a8be/MiniRaftClusterWithNetty1f9c6c63/s0/7b03d609-5326-4b0a-b2d2-a1961c08437e/current/log_368-369
2019-09-24 16:37:50,888 INFO  segmented.SegmentedRaftLogWorker (SegmentedRaftLogWorker.java:execute(526)) - s0@group-A1961C08437E-SegmentedRaftLogWorker: Rolled log segment from /workdir/ratis-test/target/test/data/b2c0a8be/MiniRaftClusterWithNetty1f9c6c63/s0/7b03d609-5326-4b0a-b2d2-a1961c08437e/current/log_inprogress_368 to /workdir/ratis-test/target/test/data/b2c0a8be/MiniRaftClusterWithNetty1f9c6c63/s0/7b03d609-5326-4b0a-b2d2-a1961c08437e/current/log_368-369
2019-09-24 16:37:50,889 INFO  segmented.SegmentedRaftLogWorker (SegmentedRaftLogWorker.java:rollLogSegment(385)) - s2@group-A1961C08437E-SegmentedRaftLogWorker: Rolling segment log-376_377 to index:377
2019-09-24 16:37:50,897 TRACE util.FileUtils (LogUtils.java:runAndLog(61)) - Successfully ran Files.move /workdir/ratis-test/target/test/data/b2c0a8be/MiniRaftClusterWithNetty1f9c6c63/s2/7b03d609-5326-4b0a-b2d2-a1961c08437e/current/log_inprogress_376 to /workdir/ratis-test/target/test/data/b2c0a8be/MiniRaftClusterWithNetty1f9c6c63/s2/7b03d609-5326-4b0a-b2d2-a1961c08437e/current/log_376-377
2019-09-24 16:37:50,897 INFO  segmented.SegmentedRaftLogWorker (SegmentedRaftLogWorker.java:execute(526)) - s2@group-A1961C08437E-SegmentedRaftLogWorker: Rolled log segment from /workdir/ratis-test/target/test/data/b2c0a8be/MiniRaftClusterWithNetty1f9c6c63/s2/7b03d609-5326-4b0a-b2d2-a1961c08437e/current/log_inprogress_376 to /workdir/ratis-test/target/test/data/b2c0a8be/MiniRaftClusterWithNetty1f9c6c63/s2/7b03d609-5326-4b0a-b2d2-a1961c08437e/current/log_376-377
2019-09-24 16:37:50,899 INFO  segmented.SegmentedRaftLogWorker (SegmentedRaftLogWorker.java:rollLogSegment(385)) - s1@group-A1961C08437E-SegmentedRaftLogWorker: Rolling segment log-370_371 to index:371
2019-09-24 16:37:50,909 TRACE util.FileUtils (LogUtils.java:runAndLog(61)) - Successfully ran Files.move /workdir/ratis-test/target/test/data/b2c0a8be/MiniRaftClusterWithNetty1f9c6c63/s1/7b03d609-5326-4b0a-b2d2-a1961c08437e/current/log_inprogress_370 to /workdir/ratis-test/target/test/data/b2c0a8be/MiniRaftClusterWithNetty1f9c6c63/s1/7b03d609-5326-4b0a-b2d2-a1961c08437e/current/log_370-371
2019-09-24 16:37:50,909 INFO  segmented.SegmentedRaftLogWorker (SegmentedRaftLogWorker.java:execute(526)) - s1@group-A1961C08437E-SegmentedRaftLogWorker: Rolled log segment from /workdir/ratis-test/target/test/data/b2c0a8be/MiniRaftClusterWithNetty1f9c6c63/s1/7b03d609-5326-4b0a-b2d2-a1961c08437e/current/log_inprogress_370 to /workdir/ratis-test/target/test/data/b2c0a8be/MiniRaftClusterWithNetty1f9c6c63/s1/7b03d609-5326-4b0a-b2d2-a1961c08437e/current/log_370-371
2019-09-24 16:37:50,909 INFO  segmented.SegmentedRaftLogWorker (SegmentedRaftLogWorker.java:execute(569)) - s2@group-A1961C08437E-SegmentedRaftLogWorker: created new log segment /workdir/ratis-test/target/test/data/b2c0a8be/MiniRaftClusterWithNetty1f9c6c63/s2/7b03d609-5326-4b0a-b2d2-a1961c08437e/current/log_inprogress_378
2019-09-24 16:37:50,910 INFO  segmented.SegmentedRaftLogWorker (SegmentedRaftLogWorker.java:execute(569)) - s0@group-A1961C08437E-SegmentedRaftLogWorker: created new log segment /workdir/ratis-test/target/test/data/b2c0a8be/MiniRaftClusterWithNetty1f9c6c63/s0/7b03d609-5326-4b0a-b2d2-a1961c08437e/current/log_inprogress_370
2019-09-24 16:37:50,916 INFO  segmented.SegmentedRaftLogWorker (SegmentedRaftLogWorker.java:execute(569)) - s1@group-A1961C08437E-SegmentedRaftLogWorker: created new log segment /workdir/ratis-test/target/test/data/b2c0a8be/MiniRaftClusterWithNetty1f9c6c63/s1/7b03d609-5326-4b0a-b2d2-a1961c08437e/current/log_inprogress_372
2019-09-24 16:37:50,925 INFO  statemachine.SimpleStateMachine4Testing (SimpleStateMachine4Testing.java:put(198)) - s0: put 370, 4444444444... -> (t:2, i:370), STATEMACHINELOGENTRY, client-69912ADB290A, cid=187
2019-09-24 16:37:50,926 INFO  statemachine.SimpleStateMachine4Testing (SimpleStateMachine4Testing.java:put(198)) - s1: put 370, 4444444444... -> (t:2, i:370), STATEMACHINELOGENTRY, client-69912ADB290A, cid=187
2019-09-24 16:37:50,926 INFO  segmented.SegmentedRaftLogWorker (SegmentedRaftLogWorker.java:rollLogSegment(385)) - s0@group-A1961C08437E-SegmentedRaftLogWorker: Rolling segment log-370_371 to index:371
2019-09-24 16:37:50,926 INFO  statemachine.SimpleStateMachine4Testing (SimpleStateMachine4Testing.java:put(198)) - s2: put 372, 5555555555... -> (t:2, i:372), STATEMACHINELOGENTRY, client-781B3BD2DEB4, cid=184
2019-09-24 16:37:50,927 TRACE util.FileUtils (LogUtils.java:runAndLog(61)) - Successfully ran Files.move /workdir/ratis-test/target/test/data/b2c0a8be/MiniRaftClusterWithNetty1f9c6c63/s0/7b03d609-5326-4b0a-b2d2-a1961c08437e/current/log_inprogress_370 to /workdir/ratis-test/target/test/data/b2c0a8be/MiniRaftClusterWithNetty1f9c6c63/s0/7b03d609-5326-4b0a-b2d2-a1961c08437e/current/log_370-371
2019-09-24 16:37:50,927 INFO  segmented.SegmentedRaftLogWorker (SegmentedRaftLogWorker.java:execute(526)) - s0@group-A1961C08437E-SegmentedRaftLogWorker: Rolled log segment from /workdir/ratis-test/target/test/data/b2c0a8be/MiniRaftClusterWithNetty1f9c6c63/s0/7b03d609-5326-4b0a-b2d2-a1961c08437e/current/log_inprogress_370 to /workdir/ratis-test/target/test/data/b2c0a8be/MiniRaftClusterWithNetty1f9c6c63/s0/7b03d609-5326-4b0a-b2d2-a1961c08437e/current/log_370-371
2019-09-24 16:37:50,927 INFO  segmented.SegmentedRaftLogWorker (SegmentedRaftLogWorker.java:rollLogSegment(385)) - s2@group-A1961C08437E-SegmentedRaftLogWorker: Rolling segment log-378_379 to index:379
2019-09-24 16:37:50,934 TRACE util.FileUtils (LogUtils.java:runAndLog(61)) - Successfully ran Files.move /workdir/ratis-test/target/test/data/b2c0a8be/MiniRaftClusterWithNetty1f9c6c63/s2/7b03d609-5326-4b0a-b2d2-a1961c08437e/current/log_inprogress_378 to /workdir/ratis-test/target/test/data/b2c0a8be/MiniRaftClusterWithNetty1f9c6c63/s2/7b03d609-5326-4b0a-b2d2-a1961c08437e/current/log_378-379
2019-09-24 16:37:50,934 INFO  segmented.SegmentedRaftLogWorker (SegmentedRaftLogWorker.java:execute(526)) - s2@group-A1961C08437E-SegmentedRaftLogWorker: Rolled log segment from /workdir/ratis-test/target/test/data/b2c0a8be/MiniRaftClusterWithNetty1f9c6c63/s2/7b03d609-5326-4b0a-b2d2-a1961c08437e/current/log_inprogress_378 to /workdir/ratis-test/target/test/data/b2c0a8be/MiniRaftClusterWithNetty1f9c6c63/s2/7b03d609-5326-4b0a-b2d2-a1961c08437e/current/log_378-379
2019-09-24 16:37:50,935 INFO  segmented.SegmentedRaftLogWorker (SegmentedRaftLogWorker.java:rollLogSegment(385)) - s1@group-A1961C08437E-SegmentedRaftLogWorker: Rolling segment log-372_373 to index:373
2019-09-24 16:37:50,944 TRACE util.FileUtils (LogUtils.java:runAndLog(61)) - Successfully ran Files.move /workdir/ratis-test/target/test/data/b2c0a8be/MiniRaftClusterWithNetty1f9c6c63/s1/7b03d609-5326-4b0a-b2d2-a1961c08437e/current/log_inprogress_372 to /workdir/ratis-test/target/test/data/b2c0a8be/MiniRaftClusterWithNetty1f9c6c63/s1/7b03d609-5326-4b0a-b2d2-a1961c08437e/current/log_372-373
2019-09-24 16:37:50,944 INFO  segmented.SegmentedRaftLogWorker (SegmentedRaftLogWorker.java:execute(526)) - s1@group-A1961C08437E-SegmentedRaftLogWorker: Rolled log segment from /workdir/ratis-test/target/test/data/b2c0a8be/MiniRaftClusterWithNetty1f9c6c63/s1/7b03d609-5326-4b0a-b2d2-a1961c08437e/current/log_inprogress_372 to /workdir/ratis-test/target/test/data/b2c0a8be/MiniRaftClusterWithNetty1f9c6c63/s1/7b03d609-5326-4b0a-b2d2-a1961c08437e/current/log_372-373
2019-09-24 16:37:50,946 INFO  segmented.SegmentedRaftLogWorker (SegmentedRaftLogWorker.java:execute(569)) - s0@group-A1961C08437E-SegmentedRaftLogWorker: created new log segment /workdir/ratis-test/target/test/data/b2c0a8be/MiniRaftClusterWithNetty1f9c6c63/s0/7b03d609-5326-4b0a-b2d2-a1961c08437e/current/log_inprogress_372
2019-09-24 16:37:50,957 INFO  statemachine.SimpleStateMachine4Testing (SimpleStateMachine4Testing.java:put(198)) - s0: put 372, 5555555555... -> (t:2, i:372), STATEMACHINELOGENTRY, client-781B3BD2DEB4, cid=184
2019-09-24 16:37:50,958 INFO  segmented.SegmentedRaftLogWorker (SegmentedRaftLogWorker.java:rollLogSegment(385)) - s0@group-A1961C08437E-SegmentedRaftLogWorker: Rolling segment log-372_373 to index:373
2019-09-24 16:37:50,958 TRACE util.FileUtils (LogUtils.java:runAndLog(61)) - Successfully ran Files.move /workdir/ratis-test/target/test/data/b2c0a8be/MiniRaftClusterWithNetty1f9c6c63/s0/7b03d609-5326-4b0a-b2d2-a1961c08437e/current/log_inprogress_372 to /workdir/ratis-test/target/test/data/b2c0a8be/MiniRaftClusterWithNetty1f9c6c63/s0/7b03d609-5326-4b0a-b2d2-a1961c08437e/current/log_372-373
2019-09-24 16:37:50,958 INFO  segmented.SegmentedRaftLogWorker (SegmentedRaftLogWorker.java:execute(526)) - s0@group-A1961C08437E-SegmentedRaftLogWorker: Rolled log segment from /workdir/ratis-test/target/test/data/b2c0a8be/MiniRaftClusterWithNetty1f9c6c63/s0/7b03d609-5326-4b0a-b2d2-a1961c08437e/current/log_inprogress_372 to /workdir/ratis-test/target/test/data/b2c0a8be/MiniRaftClusterWithNetty1f9c6c63/s0/7b03d609-5326-4b0a-b2d2-a1961c08437e/current/log_372-373
2019-09-24 16:37:50,980 INFO  segmented.SegmentedRaftLogWorker (SegmentedRaftLogWorker.java:execute(569)) - s1@group-A1961C08437E-SegmentedRaftLogWorker: created new log segment /workdir/ratis-test/target/test/data/b2c0a8be/MiniRaftClusterWithNetty1f9c6c63/s1/7b03d609-5326-4b0a-b2d2-a1961c08437e/current/log_inprogress_374
2019-09-24 16:37:50,980 INFO  segmented.SegmentedRaftLogWorker (SegmentedRaftLogWorker.java:execute(569)) - s2@group-A1961C08437E-SegmentedRaftLogWorker: created new log segment /workdir/ratis-test/target/test/data/b2c0a8be/MiniRaftClusterWithNetty1f9c6c63/s2/7b03d609-5326-4b0a-b2d2-a1961c08437e/current/log_inprogress_380
2019-09-24 16:37:50,999 INFO  statemachine.SimpleStateMachine4Testing (SimpleStateMachine4Testing.java:put(198)) - s1: put 372, 5555555555... -> (t:2, i:372), STATEMACHINELOGENTRY, client-781B3BD2DEB4, cid=184
2019-09-24 16:37:51,000 INFO  statemachine.SimpleStateMachine4Testing (SimpleStateMachine4Testing.java:put(198)) - s2: put 374, 5555555555... -> (t:2, i:374), STATEMACHINELOGENTRY, client-DA36977FC49F, cid=189
2019-09-24 16:37:51,003 INFO  segmented.SegmentedRaftLogWorker (SegmentedRaftLogWorker.java:execute(569)) - s0@group-A1961C08437E-SegmentedRaftLogWorker: created new log segment /workdir/ratis-test/target/test/data/b2c0a8be/MiniRaftClusterWithNetty1f9c6c63/s0/7b03d609-5326-4b0a-b2d2-a1961c08437e/current/log_inprogress_374
2019-09-24 16:37:51,009 INFO  segmented.SegmentedRaftLogWorker (SegmentedRaftLogWorker.java:rollLogSegment(385)) - s1@group-A1961C08437E-SegmentedRaftLogWorker: Rolling segment log-374_375 to index:375
2019-09-24 16:37:51,010 TRACE util.FileUtils (LogUtils.java:runAndLog(61)) - Successfully ran Files.move /workdir/ratis-test/target/test/data/b2c0a8be/MiniRaftClusterWithNetty1f9c6c63/s1/7b03d609-5326-4b0a-b2d2-a1961c08437e/current/log_inprogress_374 to /workdir/ratis-test/target/test/data/b2c0a8be/MiniRaftClusterWithNetty1f9c6c63/s1/7b03d609-5326-4b0a-b2d2-a1961c08437e/current/log_374-375
2019-09-24 16:37:51,010 INFO  segmented.SegmentedRaftLogWorker (SegmentedRaftLogWorker.java:execute(526)) - s1@group-A1961C08437E-SegmentedRaftLogWorker: Rolled log segment from /workdir/ratis-test/target/test/data/b2c0a8be/MiniRaftClusterWithNetty1f9c6c63/s1/7b03d609-5326-4b0a-b2d2-a1961c08437e/current/log_inprogress_374 to /workdir/ratis-test/target/test/data/b2c0a8be/MiniRaftClusterWithNetty1f9c6c63/s1/7b03d609-5326-4b0a-b2d2-a1961c08437e/current/log_374-375
2019-09-24 16:37:51,020 INFO  statemachine.SimpleStateMachine4Testing (SimpleStateMachine4Testing.java:put(198)) - s0: put 374, 5555555555... -> (t:2, i:374), STATEMACHINELOGENTRY, client-DA36977FC49F, cid=189
2019-09-24 16:37:51,021 INFO  segmented.SegmentedRaftLogWorker (SegmentedRaftLogWorker.java:rollLogSegment(385)) - s0@group-A1961C08437E-SegmentedRaftLogWorker: Rolling segment log-374_375 to index:375
2019-09-24 16:37:51,029 TRACE util.FileUtils (LogUtils.java:runAndLog(61)) - Successfully ran Files.move /workdir/ratis-test/target/test/data/b2c0a8be/MiniRaftClusterWithNetty1f9c6c63/s0/7b03d609-5326-4b0a-b2d2-a1961c08437e/current/log_inprogress_374 to /workdir/ratis-test/target/test/data/b2c0a8be/MiniRaftClusterWithNetty1f9c6c63/s0/7b03d609-5326-4b0a-b2d2-a1961c08437e/current/log_374-375
2019-09-24 16:37:51,029 INFO  segmented.SegmentedRaftLogWorker (SegmentedRaftLogWorker.java:execute(526)) - s0@group-A1961C08437E-SegmentedRaftLogWorker: Rolled log segment from /workdir/ratis-test/target/test/data/b2c0a8be/MiniRaftClusterWithNetty1f9c6c63/s0/7b03d609-5326-4b0a-b2d2-a1961c08437e/current/log_inprogress_374 to /workdir/ratis-test/target/test/data/b2c0a8be/MiniRaftClusterWithNetty1f9c6c63/s0/7b03d609-5326-4b0a-b2d2-a1961c08437e/current/log_374-375
2019-09-24 16:37:51,037 INFO  segmented.SegmentedRaftLogWorker (SegmentedRaftLogWorker.java:execute(569)) - s1@group-A1961C08437E-SegmentedRaftLogWorker: created new log segment /workdir/ratis-test/target/test/data/b2c0a8be/MiniRaftClusterWithNetty1f9c6c63/s1/7b03d609-5326-4b0a-b2d2-a1961c08437e/current/log_inprogress_376
2019-09-24 16:37:51,041 INFO  statemachine.SimpleStateMachine4Testing (SimpleStateMachine4Testing.java:put(198)) - s1: put 374, 5555555555... -> (t:2, i:374), STATEMACHINELOGENTRY, client-DA36977FC49F, cid=189
2019-09-24 16:37:51,042 INFO  statemachine.SimpleStateMachine4Testing (SimpleStateMachine4Testing.java:put(198)) - s2: put 376, 5555555555... -> (t:2, i:376), STATEMACHINELOGENTRY, client-6F4DA14A560B, cid=190
2019-09-24 16:37:51,043 INFO  segmented.SegmentedRaftLogWorker (SegmentedRaftLogWorker.java:rollLogSegment(385)) - s2@group-A1961C08437E-SegmentedRaftLogWorker: Rolling segment log-380_383 to index:383
2019-09-24 16:37:51,051 TRACE util.FileUtils (LogUtils.java:runAndLog(61)) - Successfully ran Files.move /workdir/ratis-test/target/test/data/b2c0a8be/MiniRaftClusterWithNetty1f9c6c63/s2/7b03d609-5326-4b0a-b2d2-a1961c08437e/current/log_inprogress_380 to /workdir/ratis-test/target/test/data/b2c0a8be/MiniRaftClusterWithNetty1f9c6c63/s2/7b03d609-5326-4b0a-b2d2-a1961c08437e/current/log_380-383
2019-09-24 16:37:51,051 INFO  segmented.SegmentedRaftLogWorker (SegmentedRaftLogWorker.java:execute(526)) - s2@group-A1961C08437E-SegmentedRaftLogWorker: Rolled log segment from /workdir/ratis-test/target/test/data/b2c0a8be/MiniRaftClusterWithNetty1f9c6c63/s2/7b03d609-5326-4b0a-b2d2-a1961c08437e/current/log_inprogress_380 to /workdir/ratis-test/target/test/data/b2c0a8be/MiniRaftClusterWithNetty1f9c6c63/s2/7b03d609-5326-4b0a-b2d2-a1961c08437e/current/log_380-383
2019-09-24 16:37:51,051 INFO  segmented.SegmentedRaftLogWorker (SegmentedRaftLogWorker.java:rollLogSegment(385)) - s1@group-A1961C08437E-SegmentedRaftLogWorker: Rolling segment log-376_377 to index:377
2019-09-24 16:37:51,052 TRACE util.FileUtils (LogUtils.java:runAndLog(61)) - Successfully ran Files.move /workdir/ratis-test/target/test/data/b2c0a8be/MiniRaftClusterWithNetty1f9c6c63/s1/7b03d609-5326-4b0a-b2d2-a1961c08437e/current/log_inprogress_376 to /workdir/ratis-test/target/test/data/b2c0a8be/MiniRaftClusterWithNetty1f9c6c63/s1/7b03d609-5326-4b0a-b2d2-a1961c08437e/current/log_376-377
2019-09-24 16:37:51,052 INFO  segmented.SegmentedRaftLogWorker (SegmentedRaftLogWorker.java:execute(526)) - s1@group-A1961C08437E-SegmentedRaftLogWorker: Rolled log segment from /workdir/ratis-test/target/test/data/b2c0a8be/MiniRaftClusterWithNetty1f9c6c63/s1/7b03d609-5326-4b0a-b2d2-a1961c08437e/current/log_inprogress_376 to /workdir/ratis-test/target/test/data/b2c0a8be/MiniRaftClusterWithNetty1f9c6c63/s1/7b03d609-5326-4b0a-b2d2-a1961c08437e/current/log_376-377
2019-09-24 16:37:51,054 INFO  segmented.SegmentedRaftLogWorker (SegmentedRaftLogWorker.java:execute(569)) - s0@group-A1961C08437E-SegmentedRaftLogWorker: created new log segment /workdir/ratis-test/target/test/data/b2c0a8be/MiniRaftClusterWithNetty1f9c6c63/s0/7b03d609-5326-4b0a-b2d2-a1961c08437e/current/log_inprogress_376
2019-09-24 16:37:51,079 INFO  segmented.SegmentedRaftLogWorker (SegmentedRaftLogWorker.java:execute(569)) - s1@group-A1961C08437E-SegmentedRaftLogWorker: created new log segment /workdir/ratis-test/target/test/data/b2c0a8be/MiniRaftClusterWithNetty1f9c6c63/s1/7b03d609-5326-4b0a-b2d2-a1961c08437e/current/log_inprogress_378
2019-09-24 16:37:51,079 INFO  segmented.SegmentedRaftLogWorker (SegmentedRaftLogWorker.java:execute(569)) - s2@group-A1961C08437E-SegmentedRaftLogWorker: created new log segment /workdir/ratis-test/target/test/data/b2c0a8be/MiniRaftClusterWithNetty1f9c6c63/s2/7b03d609-5326-4b0a-b2d2-a1961c08437e/current/log_inprogress_384
2019-09-24 16:37:51,081 INFO  statemachine.SimpleStateMachine4Testing (SimpleStateMachine4Testing.java:put(198)) - s0: put 376, 5555555555... -> (t:2, i:376), STATEMACHINELOGENTRY, client-6F4DA14A560B, cid=190
2019-09-24 16:37:51,082 INFO  segmented.SegmentedRaftLogWorker (SegmentedRaftLogWorker.java:rollLogSegment(385)) - s0@group-A1961C08437E-SegmentedRaftLogWorker: Rolling segment log-376_377 to index:377
2019-09-24 16:37:51,082 INFO  statemachine.SimpleStateMachine4Testing (SimpleStateMachine4Testing.java:put(198)) - s1: put 376, 5555555555... -> (t:2, i:376), STATEMACHINELOGENTRY, client-6F4DA14A560B, cid=190
2019-09-24 16:37:51,082 INFO  statemachine.SimpleStateMachine4Testing (SimpleStateMachine4Testing.java:put(198)) - s2: put 378, 5555555555... -> (t:2, i:378), STATEMACHINELOGENTRY, client-69912ADB290A, cid=191
2019-09-24 16:37:51,083 TRACE util.FileUtils (LogUtils.java:runAndLog(61)) - Successfully ran Files.move /workdir/ratis-test/target/test/data/b2c0a8be/MiniRaftClusterWithNetty1f9c6c63/s0/7b03d609-5326-4b0a-b2d2-a1961c08437e/current/log_inprogress_376 to /workdir/ratis-test/target/test/data/b2c0a8be/MiniRaftClusterWithNetty1f9c6c63/s0/7b03d609-5326-4b0a-b2d2-a1961c08437e/current/log_376-377
2019-09-24 16:37:51,083 INFO  segmented.SegmentedRaftLogWorker (SegmentedRaftLogWorker.java:execute(526)) - s0@group-A1961C08437E-SegmentedRaftLogWorker: Rolled log segment from /workdir/ratis-test/target/test/data/b2c0a8be/MiniRaftClusterWithNetty1f9c6c63/s0/7b03d609-5326-4b0a-b2d2-a1961c08437e/current/log_inprogress_376 to /workdir/ratis-test/target/test/data/b2c0a8be/MiniRaftClusterWithNetty1f9c6c63/s0/7b03d609-5326-4b0a-b2d2-a1961c08437e/current/log_376-377
2019-09-24 16:37:51,095 INFO  segmented.SegmentedRaftLogWorker (SegmentedRaftLogWorker.java:rollLogSegment(385)) - s1@group-A1961C08437E-SegmentedRaftLogWorker: Rolling segment log-378_379 to index:379
2019-09-24 16:37:51,097 TRACE util.FileUtils (LogUtils.java:runAndLog(61)) - Successfully ran Files.move /workdir/ratis-test/target/test/data/b2c0a8be/MiniRaftClusterWithNetty1f9c6c63/s1/7b03d609-5326-4b0a-b2d2-a1961c08437e/current/log_inprogress_378 to /workdir/ratis-test/target/test/data/b2c0a8be/MiniRaftClusterWithNetty1f9c6c63/s1/7b03d609-5326-4b0a-b2d2-a1961c08437e/current/log_378-379
2019-09-24 16:37:51,097 INFO  segmented.SegmentedRaftLogWorker (SegmentedRaftLogWorker.java:execute(526)) - s1@group-A1961C08437E-SegmentedRaftLogWorker: Rolled log segment from /workdir/ratis-test/target/test/data/b2c0a8be/MiniRaftClusterWithNetty1f9c6c63/s1/7b03d609-5326-4b0a-b2d2-a1961c08437e/current/log_inprogress_378 to /workdir/ratis-test/target/test/data/b2c0a8be/MiniRaftClusterWithNetty1f9c6c63/s1/7b03d609-5326-4b0a-b2d2-a1961c08437e/current/log_378-379
2019-09-24 16:37:51,105 INFO  segmented.SegmentedRaftLogWorker (SegmentedRaftLogWorker.java:execute(569)) - s0@group-A1961C08437E-SegmentedRaftLogWorker: created new log segment /workdir/ratis-test/target/test/data/b2c0a8be/MiniRaftClusterWithNetty1f9c6c63/s0/7b03d609-5326-4b0a-b2d2-a1961c08437e/current/log_inprogress_378
2019-09-24 16:37:51,122 INFO  segmented.SegmentedRaftLogWorker (SegmentedRaftLogWorker.java:execute(569)) - s1@group-A1961C08437E-SegmentedRaftLogWorker: created new log segment /workdir/ratis-test/target/test/data/b2c0a8be/MiniRaftClusterWithNetty1f9c6c63/s1/7b03d609-5326-4b0a-b2d2-a1961c08437e/current/log_inprogress_380
2019-09-24 16:37:51,124 INFO  statemachine.SimpleStateMachine4Testing (SimpleStateMachine4Testing.java:put(198)) - s0: put 378, 5555555555... -> (t:2, i:378), STATEMACHINELOGENTRY, client-69912ADB290A, cid=191
2019-09-24 16:37:51,125 INFO  segmented.SegmentedRaftLogWorker (SegmentedRaftLogWorker.java:rollLogSegment(385)) - s0@group-A1961C08437E-SegmentedRaftLogWorker: Rolling segment log-378_379 to index:379
2019-09-24 16:37:51,125 INFO  statemachine.SimpleStateMachine4Testing (SimpleStateMachine4Testing.java:put(198)) - s1: put 378, 5555555555... -> (t:2, i:378), STATEMACHINELOGENTRY, client-69912ADB290A, cid=191
2019-09-24 16:37:51,125 TRACE util.FileUtils (LogUtils.java:runAndLog(61)) - Successfully ran Files.move /workdir/ratis-test/target/test/data/b2c0a8be/MiniRaftClusterWithNetty1f9c6c63/s0/7b03d609-5326-4b0a-b2d2-a1961c08437e/current/log_inprogress_378 to /workdir/ratis-test/target/test/data/b2c0a8be/MiniRaftClusterWithNetty1f9c6c63/s0/7b03d609-5326-4b0a-b2d2-a1961c08437e/current/log_378-379
2019-09-24 16:37:51,125 INFO  segmented.SegmentedRaftLogWorker (SegmentedRaftLogWorker.java:execute(526)) - s0@group-A1961C08437E-SegmentedRaftLogWorker: Rolled log segment from /workdir/ratis-test/target/test/data/b2c0a8be/MiniRaftClusterWithNetty1f9c6c63/s0/7b03d609-5326-4b0a-b2d2-a1961c08437e/current/log_inprogress_378 to /workdir/ratis-test/target/test/data/b2c0a8be/MiniRaftClusterWithNetty1f9c6c63/s0/7b03d609-5326-4b0a-b2d2-a1961c08437e/current/log_378-379
2019-09-24 16:37:51,125 INFO  statemachine.SimpleStateMachine4Testing (SimpleStateMachine4Testing.java:put(198)) - s2: put 380, 5555555555... -> (t:2, i:380), STATEMACHINELOGENTRY, client-D98953169D47, cid=188
2019-09-24 16:37:51,147 INFO  segmented.SegmentedRaftLogWorker (SegmentedRaftLogWorker.java:execute(569)) - s0@group-A1961C08437E-SegmentedRaftLogWorker: created new log segment /workdir/ratis-test/target/test/data/b2c0a8be/MiniRaftClusterWithNetty1f9c6c63/s0/7b03d609-5326-4b0a-b2d2-a1961c08437e/current/log_inprogress_380
2019-09-24 16:37:51,150 INFO  statemachine.SimpleStateMachine4Testing (SimpleStateMachine4Testing.java:put(198)) - s1: put 380, 5555555555... -> (t:2, i:380), STATEMACHINELOGENTRY, client-D98953169D47, cid=188
2019-09-24 16:37:51,150 INFO  statemachine.SimpleStateMachine4Testing (SimpleStateMachine4Testing.java:put(198)) - s2: put 382, 0000000000... -> (t:2, i:382), STATEMACHINELOGENTRY, client-DA36977FC49F, cid=193
2019-09-24 16:37:51,152 INFO  segmented.SegmentedRaftLogWorker (SegmentedRaftLogWorker.java:rollLogSegment(385)) - s1@group-A1961C08437E-SegmentedRaftLogWorker: Rolling segment log-380_383 to index:383
2019-09-24 16:37:51,153 TRACE util.FileUtils (LogUtils.java:runAndLog(61)) - Successfully ran Files.move /workdir/ratis-test/target/test/data/b2c0a8be/MiniRaftClusterWithNetty1f9c6c63/s1/7b03d609-5326-4b0a-b2d2-a1961c08437e/current/log_inprogress_380 to /workdir/ratis-test/target/test/data/b2c0a8be/MiniRaftClusterWithNetty1f9c6c63/s1/7b03d609-5326-4b0a-b2d2-a1961c08437e/current/log_380-383
2019-09-24 16:37:51,153 INFO  segmented.SegmentedRaftLogWorker (SegmentedRaftLogWorker.java:execute(526)) - s1@group-A1961C08437E-SegmentedRaftLogWorker: Rolled log segment from /workdir/ratis-test/target/test/data/b2c0a8be/MiniRaftClusterWithNetty1f9c6c63/s1/7b03d609-5326-4b0a-b2d2-a1961c08437e/current/log_inprogress_380 to /workdir/ratis-test/target/test/data/b2c0a8be/MiniRaftClusterWithNetty1f9c6c63/s1/7b03d609-5326-4b0a-b2d2-a1961c08437e/current/log_380-383
2019-09-24 16:37:51,153 INFO  statemachine.SimpleStateMachine4Testing (SimpleStateMachine4Testing.java:put(198)) - s0: put 380, 5555555555... -> (t:2, i:380), STATEMACHINELOGENTRY, client-D98953169D47, cid=188
2019-09-24 16:37:51,153 INFO  statemachine.SimpleStateMachine4Testing (SimpleStateMachine4Testing.java:put(198)) - s0: put 382, 0000000000... -> (t:2, i:382), STATEMACHINELOGENTRY, client-DA36977FC49F, cid=193
2019-09-24 16:37:51,165 INFO  segmented.SegmentedRaftLogWorker (SegmentedRaftLogWorker.java:rollLogSegment(385)) - s0@group-A1961C08437E-SegmentedRaftLogWorker: Rolling segment log-380_383 to index:383
2019-09-24 16:37:51,172 TRACE util.FileUtils (LogUtils.java:runAndLog(61)) - Successfully ran Files.move /workdir/ratis-test/target/test/data/b2c0a8be/MiniRaftClusterWithNetty1f9c6c63/s0/7b03d609-5326-4b0a-b2d2-a1961c08437e/current/log_inprogress_380 to /workdir/ratis-test/target/test/data/b2c0a8be/MiniRaftClusterWithNetty1f9c6c63/s0/7b03d609-5326-4b0a-b2d2-a1961c08437e/current/log_380-383
2019-09-24 16:37:51,172 INFO  segmented.SegmentedRaftLogWorker (SegmentedRaftLogWorker.java:execute(526)) - s0@group-A1961C08437E-SegmentedRaftLogWorker: Rolled log segment from /workdir/ratis-test/target/test/data/b2c0a8be/MiniRaftClusterWithNetty1f9c6c63/s0/7b03d609-5326-4b0a-b2d2-a1961c08437e/current/log_inprogress_380 to /workdir/ratis-test/target/test/data/b2c0a8be/MiniRaftClusterWithNetty1f9c6c63/s0/7b03d609-5326-4b0a-b2d2-a1961c08437e/current/log_380-383
2019-09-24 16:37:51,181 INFO  segmented.SegmentedRaftLogWorker (SegmentedRaftLogWorker.java:execute(569)) - s1@group-A1961C08437E-SegmentedRaftLogWorker: created new log segment /workdir/ratis-test/target/test/data/b2c0a8be/MiniRaftClusterWithNetty1f9c6c63/s1/7b03d609-5326-4b0a-b2d2-a1961c08437e/current/log_inprogress_384
2019-09-24 16:37:51,184 INFO  statemachine.SimpleStateMachine4Testing (SimpleStateMachine4Testing.java:put(198)) - s1: put 382, 0000000000... -> (t:2, i:382), STATEMACHINELOGENTRY, client-DA36977FC49F, cid=193
2019-09-24 16:37:51,185 INFO  statemachine.SimpleStateMachine4Testing (SimpleStateMachine4Testing.java:put(198)) - s2: put 384, 0000000000... -> (t:2, i:384), STATEMACHINELOGENTRY, client-6F4DA14A560B, cid=194
2019-09-24 16:37:51,198 INFO  segmented.SegmentedRaftLogWorker (SegmentedRaftLogWorker.java:execute(569)) - s0@group-A1961C08437E-SegmentedRaftLogWorker: created new log segment /workdir/ratis-test/target/test/data/b2c0a8be/MiniRaftClusterWithNetty1f9c6c63/s0/7b03d609-5326-4b0a-b2d2-a1961c08437e/current/log_inprogress_384
2019-09-24 16:37:51,202 INFO  statemachine.SimpleStateMachine4Testing (SimpleStateMachine4Testing.java:put(198)) - s1: put 384, 0000000000... -> (t:2, i:384), STATEMACHINELOGENTRY, client-6F4DA14A560B, cid=194
2019-09-24 16:37:51,202 INFO  statemachine.SimpleStateMachine4Testing (SimpleStateMachine4Testing.java:put(198)) - s2: put 386, 0000000000... -> (t:2, i:386), STATEMACHINELOGENTRY, client-69912ADB290A, cid=195
2019-09-24 16:37:51,203 INFO  statemachine.SimpleStateMachine4Testing (SimpleStateMachine4Testing.java:put(198)) - s0: put 384, 0000000000... -> (t:2, i:384), STATEMACHINELOGENTRY, client-6F4DA14A560B, cid=194
2019-09-24 16:37:51,203 INFO  segmented.SegmentedRaftLogWorker (SegmentedRaftLogWorker.java:rollLogSegment(385)) - s2@group-A1961C08437E-SegmentedRaftLogWorker: Rolling segment log-384_393 to index:393
2019-09-24 16:37:51,204 INFO  statemachine.SimpleStateMachine4Testing (SimpleStateMachine4Testing.java:put(198)) - s1: put 386, 0000000000... -> (t:2, i:386), STATEMACHINELOGENTRY, client-69912ADB290A, cid=195
2019-09-24 16:37:51,204 TRACE util.FileUtils (LogUtils.java:runAndLog(61)) - Successfully ran Files.move /workdir/ratis-test/target/test/data/b2c0a8be/MiniRaftClusterWithNetty1f9c6c63/s2/7b03d609-5326-4b0a-b2d2-a1961c08437e/current/log_inprogress_384 to /workdir/ratis-test/target/test/data/b2c0a8be/MiniRaftClusterWithNetty1f9c6c63/s2/7b03d609-5326-4b0a-b2d2-a1961c08437e/current/log_384-393
2019-09-24 16:37:51,204 INFO  segmented.SegmentedRaftLogWorker (SegmentedRaftLogWorker.java:execute(526)) - s2@group-A1961C08437E-SegmentedRaftLogWorker: Rolled log segment from /workdir/ratis-test/target/test/data/b2c0a8be/MiniRaftClusterWithNetty1f9c6c63/s2/7b03d609-5326-4b0a-b2d2-a1961c08437e/current/log_inprogress_384 to /workdir/ratis-test/target/test/data/b2c0a8be/MiniRaftClusterWithNetty1f9c6c63/s2/7b03d609-5326-4b0a-b2d2-a1961c08437e/current/log_384-393
2019-09-24 16:37:51,205 INFO  statemachine.SimpleStateMachine4Testing (SimpleStateMachine4Testing.java:put(198)) - s0: put 386, 0000000000... -> (t:2, i:386), STATEMACHINELOGENTRY, client-69912ADB290A, cid=195
2019-09-24 16:37:51,207 INFO  statemachine.SimpleStateMachine4Testing (SimpleStateMachine4Testing.java:put(198)) - s2: put 388, 0000000000... -> (t:2, i:388), STATEMACHINELOGENTRY, client-781B3BD2DEB4, cid=192
2019-09-24 16:37:51,223 INFO  segmented.SegmentedRaftLogWorker (SegmentedRaftLogWorker.java:execute(569)) - s2@group-A1961C08437E-SegmentedRaftLogWorker: created new log segment /workdir/ratis-test/target/test/data/b2c0a8be/MiniRaftClusterWithNetty1f9c6c63/s2/7b03d609-5326-4b0a-b2d2-a1961c08437e/current/log_inprogress_394
2019-09-24 16:37:52,637 INFO  statemachine.SimpleStateMachine4Testing (SimpleStateMachine4Testing.java:put(198)) - s1: put 388, 0000000000... -> (t:2, i:388), STATEMACHINELOGENTRY, client-781B3BD2DEB4, cid=192
2019-09-24 16:37:57,776 INFO  statemachine.SimpleStateMachine4Testing (SimpleStateMachine4Testing.java:put(198)) - s2: put 390, 1111111111... -> (t:2, i:390), STATEMACHINELOGENTRY, client-DA36977FC49F, cid=197
2019-09-24 16:37:57,779 INFO  statemachine.SimpleStateMachine4Testing (SimpleStateMachine4Testing.java:put(198)) - s0: put 388, 0000000000... -> (t:2, i:388), STATEMACHINELOGENTRY, client-781B3BD2DEB4, cid=192
2019-09-24 16:38:00,687 INFO  ratis.MiniRaftCluster (MiniRaftCluster.java:lambda$null$5(297)) - TIMED-PRINT: printing ALL groups
  s0:  RUNNING  FOLLOWER s0@group-A1961C08437E:t2, leader=s2, voted=s2, raftlog=s0@group-A1961C08437E-SegmentedRaftLog:OPENED:c388,f389,i390, conf=0: [s0:0.0.0.0:42189, s1:0.0.0.0:39138, s2:0.0.0.0:44435], old=null RUNNING
  s1:  RUNNING  FOLLOWER s1@group-A1961C08437E:t2, leader=s2, voted=s1, raftlog=s1@group-A1961C08437E-SegmentedRaftLog:OPENED:c389,f390,i391, conf=0: [s0:0.0.0.0:42189, s1:0.0.0.0:39138, s2:0.0.0.0:44435], old=null RUNNING
  s2:  RUNNING    LEADER s2@group-A1961C08437E:t2, leader=s2, voted=s2, raftlog=s2@group-A1961C08437E-SegmentedRaftLog:OPENED:c390,f396,i398, conf=0: [s0:0.0.0.0:42189, s1:0.0.0.0:39138, s2:0.0.0.0:44435], old=null RUNNING
2019-09-24 16:38:02,893 INFO  statemachine.SimpleStateMachine4Testing (SimpleStateMachine4Testing.java:put(198)) - s1: put 390, 1111111111... -> (t:2, i:390), STATEMACHINELOGENTRY, client-DA36977FC49F, cid=197
2019-09-24 16:38:02,993 INFO  statemachine.SimpleStateMachine4Testing (SimpleStateMachine4Testing.java:put(198)) - s0: put 390, 1111111111... -> (t:2, i:390), STATEMACHINELOGENTRY, client-DA36977FC49F, cid=197
2019-09-24 16:38:06,632 INFO  statemachine.SimpleStateMachine4Testing (SimpleStateMachine4Testing.java:put(198)) - s2: put 392, 1111111111... -> (t:2, i:392), STATEMACHINELOGENTRY, client-6F4DA14A560B, cid=198
2019-09-24 16:38:06,633 INFO  segmented.SegmentedRaftLogWorker (SegmentedRaftLogWorker.java:rollLogSegment(385)) - s2@group-A1961C08437E-SegmentedRaftLogWorker: Rolling segment log-394_399 to index:399
2019-09-24 16:38:10,687 INFO  ratis.MiniRaftCluster (MiniRaftCluster.java:lambda$null$5(297)) - TIMED-PRINT: printing ALL groups
  s0:  RUNNING  FOLLOWER s0@group-A1961C08437E:t2, leader=s2, voted=s2, raftlog=s0@group-A1961C08437E-SegmentedRaftLog:OPENED:c391,f391,i392, conf=0: [s0:0.0.0.0:42189, s1:0.0.0.0:39138, s2:0.0.0.0:44435], old=null RUNNING
  s1:  RUNNING  FOLLOWER s1@group-A1961C08437E:t2, leader=s2, voted=s1, raftlog=s1@group-A1961C08437E-SegmentedRaftLog:OPENED:c390,f392,i393, conf=0: [s0:0.0.0.0:42189, s1:0.0.0.0:39138, s2:0.0.0.0:44435], old=null RUNNING
  s2:  RUNNING    LEADER s2@group-A1961C08437E:t2, leader=s2, voted=s2, raftlog=s2@group-A1961C08437E-SegmentedRaftLog:OPENED:c392,f398,i400, conf=0: [s0:0.0.0.0:42189, s1:0.0.0.0:39138, s2:0.0.0.0:44435], old=null RUNNING
2019-09-24 16:38:11,770 INFO  segmented.SegmentedRaftLogWorker (SegmentedRaftLogWorker.java:rollLogSegment(385)) - s1@group-A1961C08437E-SegmentedRaftLogWorker: Rolling segment log-384_393 to index:393
2019-09-24 16:38:11,772 INFO  statemachine.SimpleStateMachine4Testing (SimpleStateMachine4Testing.java:put(198)) - s0: put 392, 1111111111... -> (t:2, i:392), STATEMACHINELOGENTRY, client-6F4DA14A560B, cid=198
2019-09-24 16:38:16,794 TRACE util.FileUtils (LogUtils.java:runAndLog(61)) - Successfully ran Files.move /workdir/ratis-test/target/test/data/b2c0a8be/MiniRaftClusterWithNetty1f9c6c63/s2/7b03d609-5326-4b0a-b2d2-a1961c08437e/current/log_inprogress_394 to /workdir/ratis-test/target/test/data/b2c0a8be/MiniRaftClusterWithNetty1f9c6c63/s2/7b03d609-5326-4b0a-b2d2-a1961c08437e/current/log_394-399
2019-09-24 16:38:16,794 TRACE util.FileUtils (LogUtils.java:runAndLog(61)) - Successfully ran Files.move /workdir/ratis-test/target/test/data/b2c0a8be/MiniRaftClusterWithNetty1f9c6c63/s1/7b03d609-5326-4b0a-b2d2-a1961c08437e/current/log_inprogress_384 to /workdir/ratis-test/target/test/data/b2c0a8be/MiniRaftClusterWithNetty1f9c6c63/s1/7b03d609-5326-4b0a-b2d2-a1961c08437e/current/log_384-393
2019-09-24 16:38:16,794 INFO  segmented.SegmentedRaftLogWorker (SegmentedRaftLogWorker.java:execute(526)) - s2@group-A1961C08437E-SegmentedRaftLogWorker: Rolled log segment from /workdir/ratis-test/target/test/data/b2c0a8be/MiniRaftClusterWithNetty1f9c6c63/s2/7b03d609-5326-4b0a-b2d2-a1961c08437e/current/log_inprogress_394 to /workdir/ratis-test/target/test/data/b2c0a8be/MiniRaftClusterWithNetty1f9c6c63/s2/7b03d609-5326-4b0a-b2d2-a1961c08437e/current/log_394-399
2019-09-24 16:38:16,795 INFO  segmented.SegmentedRaftLogWorker (SegmentedRaftLogWorker.java:execute(526)) - s1@group-A1961C08437E-SegmentedRaftLogWorker: Rolled log segment from /workdir/ratis-test/target/test/data/b2c0a8be/MiniRaftClusterWithNetty1f9c6c63/s1/7b03d609-5326-4b0a-b2d2-a1961c08437e/current/log_inprogress_384 to /workdir/ratis-test/target/test/data/b2c0a8be/MiniRaftClusterWithNetty1f9c6c63/s1/7b03d609-5326-4b0a-b2d2-a1961c08437e/current/log_384-393
2019-09-24 16:38:20,687 INFO  ratis.MiniRaftCluster (MiniRaftCluster.java:lambda$null$5(297)) - TIMED-PRINT: printing ALL groups
  s0:  RUNNING  FOLLOWER s0@group-A1961C08437E:t2, leader=s2, voted=s2, raftlog=s0@group-A1961C08437E-SegmentedRaftLog:OPENED:c392,f392,i393, conf=0: [s0:0.0.0.0:42189, s1:0.0.0.0:39138, s2:0.0.0.0:44435], old=null RUNNING
  s1:  RUNNING  FOLLOWER s1@group-A1961C08437E:t2, leader=s2, voted=s1, raftlog=s1@group-A1961C08437E-SegmentedRaftLog:OPENED:c391,f393,i394, conf=0: [s0:0.0.0.0:42189, s1:0.0.0.0:39138, s2:0.0.0.0:44435], old=null RUNNING
  s2:  RUNNING    LEADER s2@group-A1961C08437E:t2, leader=s2, voted=s2, raftlog=s2@group-A1961C08437E-SegmentedRaftLog:OPENED:c393,f399,i400, conf=0: [s0:0.0.0.0:42189, s1:0.0.0.0:39138, s2:0.0.0.0:44435], old=null RUNNING
2019-09-24 16:38:21,836 INFO  segmented.SegmentedRaftLogWorker (SegmentedRaftLogWorker.java:rollLogSegment(385)) - s0@group-A1961C08437E-SegmentedRaftLogWorker: Rolling segment log-384_393 to index:393
2019-09-24 16:38:21,837 TRACE util.FileUtils (LogUtils.java:runAndLog(61)) - Successfully ran Files.move /workdir/ratis-test/target/test/data/b2c0a8be/MiniRaftClusterWithNetty1f9c6c63/s0/7b03d609-5326-4b0a-b2d2-a1961c08437e/current/log_inprogress_384 to /workdir/ratis-test/target/test/data/b2c0a8be/MiniRaftClusterWithNetty1f9c6c63/s0/7b03d609-5326-4b0a-b2d2-a1961c08437e/current/log_384-393
2019-09-24 16:38:21,838 INFO  segmented.SegmentedRaftLogWorker (SegmentedRaftLogWorker.java:execute(526)) - s0@group-A1961C08437E-SegmentedRaftLogWorker: Rolled log segment from /workdir/ratis-test/target/test/data/b2c0a8be/MiniRaftClusterWithNetty1f9c6c63/s0/7b03d609-5326-4b0a-b2d2-a1961c08437e/current/log_inprogress_384 to /workdir/ratis-test/target/test/data/b2c0a8be/MiniRaftClusterWithNetty1f9c6c63/s0/7b03d609-5326-4b0a-b2d2-a1961c08437e/current/log_384-393
2019-09-24 16:38:26,921 INFO  segmented.SegmentedRaftLogWorker (SegmentedRaftLogWorker.java:execute(569)) - s2@group-A1961C08437E-SegmentedRaftLogWorker: created new log segment /workdir/ratis-test/target/test/data/b2c0a8be/MiniRaftClusterWithNetty1f9c6c63/s2/7b03d609-5326-4b0a-b2d2-a1961c08437e/current/log_inprogress_400
2019-09-24 16:38:26,921 INFO  segmented.SegmentedRaftLogWorker (SegmentedRaftLogWorker.java:execute(569)) - s0@group-A1961C08437E-SegmentedRaftLogWorker: created new log segment /workdir/ratis-test/target/test/data/b2c0a8be/MiniRaftClusterWithNetty1f9c6c63/s0/7b03d609-5326-4b0a-b2d2-a1961c08437e/current/log_inprogress_394
2019-09-24 16:38:26,921 INFO  segmented.SegmentedRaftLogWorker (SegmentedRaftLogWorker.java:execute(569)) - s1@group-A1961C08437E-SegmentedRaftLogWorker: created new log segment /workdir/ratis-test/target/test/data/b2c0a8be/MiniRaftClusterWithNetty1f9c6c63/s1/7b03d609-5326-4b0a-b2d2-a1961c08437e/current/log_inprogress_394
2019-09-24 16:38:30,687 INFO  ratis.MiniRaftCluster (MiniRaftCluster.java:lambda$null$5(297)) - TIMED-PRINT: printing ALL groups
  s0:  RUNNING  FOLLOWER s0@group-A1961C08437E:t2, leader=s2, voted=s2, raftlog=s0@group-A1961C08437E-SegmentedRaftLog:OPENED:c393,f393,i394, conf=0: [s0:0.0.0.0:42189, s1:0.0.0.0:39138, s2:0.0.0.0:44435], old=null RUNNING
  s1:  RUNNING  FOLLOWER s1@group-A1961C08437E:t2, leader=s2, voted=s1, raftlog=s1@group-A1961C08437E-SegmentedRaftLog:OPENED:c391,f393,i394, conf=0: [s0:0.0.0.0:42189, s1:0.0.0.0:39138, s2:0.0.0.0:44435], old=null RUNNING
  s2:  RUNNING    LEADER s2@group-A1961C08437E:t2, leader=s2, voted=s2, raftlog=s2@group-A1961C08437E-SegmentedRaftLog:OPENED:c393,f399,i400, conf=0: [s0:0.0.0.0:42189, s1:0.0.0.0:39138, s2:0.0.0.0:44435], old=null RUNNING
2019-09-24 16:38:32,222 INFO  statemachine.SimpleStateMachine4Testing (SimpleStateMachine4Testing.java:put(198)) - s1: put 392, 1111111111... -> (t:2, i:392), STATEMACHINELOGENTRY, client-6F4DA14A560B, cid=198
2019-09-24 16:38:32,223 INFO  statemachine.SimpleStateMachine4Testing (SimpleStateMachine4Testing.java:put(198)) - s2: put 394, 1111111111... -> (t:2, i:394), STATEMACHINELOGENTRY, client-69912ADB290A, cid=199
2019-09-24 16:38:36,950 INFO  statemachine.SimpleStateMachine4Testing (SimpleStateMachine4Testing.java:put(198)) - s1: put 394, 1111111111... -> (t:2, i:394), STATEMACHINELOGENTRY, client-69912ADB290A, cid=199
2019-09-24 16:38:36,963 INFO  statemachine.SimpleStateMachine4Testing (SimpleStateMachine4Testing.java:put(198)) - s0: put 394, 1111111111... -> (t:2, i:394), STATEMACHINELOGENTRY, client-69912ADB290A, cid=199
2019-09-24 16:38:36,964 INFO  statemachine.SimpleStateMachine4Testing (SimpleStateMachine4Testing.java:put(198)) - s2: put 396, 0000000000... -> (t:2, i:396), STATEMACHINELOGENTRY, client-D98953169D47, cid=196
2019-09-24 16:38:36,965 INFO  segmented.SegmentedRaftLogWorker (SegmentedRaftLogWorker.java:rollLogSegment(385)) - s2@group-A1961C08437E-SegmentedRaftLogWorker: Rolling segment log-400_403 to index:403
2019-09-24 16:38:36,976 TRACE util.FileUtils (LogUtils.java:runAndLog(61)) - Successfully ran Files.move /workdir/ratis-test/target/test/data/b2c0a8be/MiniRaftClusterWithNetty1f9c6c63/s2/7b03d609-5326-4b0a-b2d2-a1961c08437e/current/log_inprogress_400 to /workdir/ratis-test/target/test/data/b2c0a8be/MiniRaftClusterWithNetty1f9c6c63/s2/7b03d609-5326-4b0a-b2d2-a1961c08437e/current/log_400-403
2019-09-24 16:38:36,976 INFO  statemachine.SimpleStateMachine4Testing (SimpleStateMachine4Testing.java:put(198)) - s1: put 396, 0000000000... -> (t:2, i:396), STATEMACHINELOGENTRY, client-D98953169D47, cid=196
2019-09-24 16:38:36,976 INFO  segmented.SegmentedRaftLogWorker (SegmentedRaftLogWorker.java:execute(526)) - s2@group-A1961C08437E-SegmentedRaftLogWorker: Rolled log segment from /workdir/ratis-test/target/test/data/b2c0a8be/MiniRaftClusterWithNetty1f9c6c63/s2/7b03d609-5326-4b0a-b2d2-a1961c08437e/current/log_inprogress_400 to /workdir/ratis-test/target/test/data/b2c0a8be/MiniRaftClusterWithNetty1f9c6c63/s2/7b03d609-5326-4b0a-b2d2-a1961c08437e/current/log_400-403
2019-09-24 16:38:36,995 INFO  statemachine.SimpleStateMachine4Testing (SimpleStateMachine4Testing.java:put(198)) - s0: put 396, 0000000000... -> (t:2, i:396), STATEMACHINELOGENTRY, client-D98953169D47, cid=196
2019-09-24 16:38:36,996 INFO  statemachine.SimpleStateMachine4Testing (SimpleStateMachine4Testing.java:put(198)) - s2: put 398, 2222222222... -> (t:2, i:398), STATEMACHINELOGENTRY, client-DA36977FC49F, cid=201
2019-09-24 16:38:37,007 INFO  segmented.SegmentedRaftLogWorker (SegmentedRaftLogWorker.java:execute(569)) - s2@group-A1961C08437E-SegmentedRaftLogWorker: created new log segment /workdir/ratis-test/target/test/data/b2c0a8be/MiniRaftClusterWithNetty1f9c6c63/s2/7b03d609-5326-4b0a-b2d2-a1961c08437e/current/log_inprogress_404
2019-09-24 16:38:37,018 INFO  statemachine.SimpleStateMachine4Testing (SimpleStateMachine4Testing.java:put(198)) - s0: put 398, 2222222222... -> (t:2, i:398), STATEMACHINELOGENTRY, client-DA36977FC49F, cid=201
2019-09-24 16:38:37,019 INFO  statemachine.SimpleStateMachine4Testing (SimpleStateMachine4Testing.java:put(198)) - s1: put 398, 2222222222... -> (t:2, i:398), STATEMACHINELOGENTRY, client-DA36977FC49F, cid=201
2019-09-24 16:38:37,019 INFO  segmented.SegmentedRaftLogWorker (SegmentedRaftLogWorker.java:rollLogSegment(385)) - s0@group-A1961C08437E-SegmentedRaftLogWorker: Rolling segment log-394_399 to index:399
2019-09-24 16:38:37,019 INFO  segmented.SegmentedRaftLogWorker (SegmentedRaftLogWorker.java:rollLogSegment(385)) - s1@group-A1961C08437E-SegmentedRaftLogWorker: Rolling segment log-394_399 to index:399
2019-09-24 16:38:37,020 TRACE util.FileUtils (LogUtils.java:runAndLog(61)) - Successfully ran Files.move /workdir/ratis-test/target/test/data/b2c0a8be/MiniRaftClusterWithNetty1f9c6c63/s0/7b03d609-5326-4b0a-b2d2-a1961c08437e/current/log_inprogress_394 to /workdir/ratis-test/target/test/data/b2c0a8be/MiniRaftClusterWithNetty1f9c6c63/s0/7b03d609-5326-4b0a-b2d2-a1961c08437e/current/log_394-399
2019-09-24 16:38:37,020 INFO  segmented.SegmentedRaftLogWorker (SegmentedRaftLogWorker.java:execute(526)) - s0@group-A1961C08437E-SegmentedRaftLogWorker: Rolled log segment from /workdir/ratis-test/target/test/data/b2c0a8be/MiniRaftClusterWithNetty1f9c6c63/s0/7b03d609-5326-4b0a-b2d2-a1961c08437e/current/log_inprogress_394 to /workdir/ratis-test/target/test/data/b2c0a8be/MiniRaftClusterWithNetty1f9c6c63/s0/7b03d609-5326-4b0a-b2d2-a1961c08437e/current/log_394-399
2019-09-24 16:38:37,020 TRACE util.FileUtils (LogUtils.java:runAndLog(61)) - Successfully ran Files.move /workdir/ratis-test/target/test/data/b2c0a8be/MiniRaftClusterWithNetty1f9c6c63/s1/7b03d609-5326-4b0a-b2d2-a1961c08437e/current/log_inprogress_394 to /workdir/ratis-test/target/test/data/b2c0a8be/MiniRaftClusterWithNetty1f9c6c63/s1/7b03d609-5326-4b0a-b2d2-a1961c08437e/current/log_394-399
2019-09-24 16:38:37,020 INFO  segmented.SegmentedRaftLogWorker (SegmentedRaftLogWorker.java:execute(526)) - s1@group-A1961C08437E-SegmentedRaftLogWorker: Rolled log segment from /workdir/ratis-test/target/test/data/b2c0a8be/MiniRaftClusterWithNetty1f9c6c63/s1/7b03d609-5326-4b0a-b2d2-a1961c08437e/current/log_inprogress_394 to /workdir/ratis-test/target/test/data/b2c0a8be/MiniRaftClusterWithNetty1f9c6c63/s1/7b03d609-5326-4b0a-b2d2-a1961c08437e/current/log_394-399
2019-09-24 16:38:37,033 INFO  segmented.SegmentedRaftLogWorker (SegmentedRaftLogWorker.java:execute(569)) - s1@group-A1961C08437E-SegmentedRaftLogWorker: created new log segment /workdir/ratis-test/target/test/data/b2c0a8be/MiniRaftClusterWithNetty1f9c6c63/s1/7b03d609-5326-4b0a-b2d2-a1961c08437e/current/log_inprogress_400
2019-09-24 16:38:37,033 INFO  segmented.SegmentedRaftLogWorker (SegmentedRaftLogWorker.java:execute(569)) - s0@group-A1961C08437E-SegmentedRaftLogWorker: created new log segment /workdir/ratis-test/target/test/data/b2c0a8be/MiniRaftClusterWithNetty1f9c6c63/s0/7b03d609-5326-4b0a-b2d2-a1961c08437e/current/log_inprogress_400
2019-09-24 16:38:37,035 INFO  statemachine.SimpleStateMachine4Testing (SimpleStateMachine4Testing.java:put(198)) - s2: put 400, 2222222222... -> (t:2, i:400), STATEMACHINELOGENTRY, client-6F4DA14A560B, cid=202
2019-09-24 16:38:37,036 INFO  segmented.SegmentedRaftLogWorker (SegmentedRaftLogWorker.java:rollLogSegment(385)) - s2@group-A1961C08437E-SegmentedRaftLogWorker: Rolling segment log-404_407 to index:407
2019-09-24 16:38:37,047 TRACE util.FileUtils (LogUtils.java:runAndLog(61)) - Successfully ran Files.move /workdir/ratis-test/target/test/data/b2c0a8be/MiniRaftClusterWithNetty1f9c6c63/s2/7b03d609-5326-4b0a-b2d2-a1961c08437e/current/log_inprogress_404 to /workdir/ratis-test/target/test/data/b2c0a8be/MiniRaftClusterWithNetty1f9c6c63/s2/7b03d609-5326-4b0a-b2d2-a1961c08437e/current/log_404-407
2019-09-24 16:38:37,047 INFO  segmented.SegmentedRaftLogWorker (SegmentedRaftLogWorker.java:execute(526)) - s2@group-A1961C08437E-SegmentedRaftLogWorker: Rolled log segment from /workdir/ratis-test/target/test/data/b2c0a8be/MiniRaftClusterWithNetty1f9c6c63/s2/7b03d609-5326-4b0a-b2d2-a1961c08437e/current/log_inprogress_404 to /workdir/ratis-test/target/test/data/b2c0a8be/MiniRaftClusterWithNetty1f9c6c63/s2/7b03d609-5326-4b0a-b2d2-a1961c08437e/current/log_404-407
2019-09-24 16:38:37,058 INFO  statemachine.SimpleStateMachine4Testing (SimpleStateMachine4Testing.java:put(198)) - s0: put 400, 2222222222... -> (t:2, i:400), STATEMACHINELOGENTRY, client-6F4DA14A560B, cid=202
2019-09-24 16:38:37,059 INFO  statemachine.SimpleStateMachine4Testing (SimpleStateMachine4Testing.java:put(198)) - s2: put 402, 2222222222... -> (t:2, i:402), STATEMACHINELOGENTRY, client-69912ADB290A, cid=203
2019-09-24 16:38:37,060 INFO  segmented.SegmentedRaftLogWorker (SegmentedRaftLogWorker.java:rollLogSegment(385)) - s2@group-A1961C08437E-SegmentedRaftLogWorker: Rolling segment log-408_409 to index:409
2019-09-24 16:38:37,064 INFO  statemachine.SimpleStateMachine4Testing (SimpleStateMachine4Testing.java:put(198)) - s1: put 400, 2222222222... -> (t:2, i:400), STATEMACHINELOGENTRY, client-6F4DA14A560B, cid=202
2019-09-24 16:38:37,069 INFO  segmented.SegmentedRaftLogWorker (SegmentedRaftLogWorker.java:rollLogSegment(385)) - s0@group-A1961C08437E-SegmentedRaftLogWorker: Rolling segment log-400_403 to index:403
2019-09-24 16:38:37,070 INFO  segmented.SegmentedRaftLogWorker (SegmentedRaftLogWorker.java:execute(569)) - s2@group-A1961C08437E-SegmentedRaftLogWorker: created new log segment /workdir/ratis-test/target/test/data/b2c0a8be/MiniRaftClusterWithNetty1f9c6c63/s2/7b03d609-5326-4b0a-b2d2-a1961c08437e/current/log_inprogress_408
2019-09-24 16:38:37,070 TRACE util.FileUtils (LogUtils.java:runAndLog(61)) - Successfully ran Files.move /workdir/ratis-test/target/test/data/b2c0a8be/MiniRaftClusterWithNetty1f9c6c63/s0/7b03d609-5326-4b0a-b2d2-a1961c08437e/current/log_inprogress_400 to /workdir/ratis-test/target/test/data/b2c0a8be/MiniRaftClusterWithNetty1f9c6c63/s0/7b03d609-5326-4b0a-b2d2-a1961c08437e/current/log_400-403
2019-09-24 16:38:37,071 INFO  segmented.SegmentedRaftLogWorker (SegmentedRaftLogWorker.java:execute(526)) - s0@group-A1961C08437E-SegmentedRaftLogWorker: Rolled log segment from /workdir/ratis-test/target/test/data/b2c0a8be/MiniRaftClusterWithNetty1f9c6c63/s0/7b03d609-5326-4b0a-b2d2-a1961c08437e/current/log_inprogress_400 to /workdir/ratis-test/target/test/data/b2c0a8be/MiniRaftClusterWithNetty1f9c6c63/s0/7b03d609-5326-4b0a-b2d2-a1961c08437e/current/log_400-403
2019-09-24 16:38:37,085 INFO  statemachine.SimpleStateMachine4Testing (SimpleStateMachine4Testing.java:put(198)) - s1: put 402, 2222222222... -> (t:2, i:402), STATEMACHINELOGENTRY, client-69912ADB290A, cid=203
2019-09-24 16:38:37,095 TRACE util.FileUtils (LogUtils.java:runAndLog(61)) - Successfully ran Files.move /workdir/ratis-test/target/test/data/b2c0a8be/MiniRaftClusterWithNetty1f9c6c63/s2/7b03d609-5326-4b0a-b2d2-a1961c08437e/current/log_inprogress_408 to /workdir/ratis-test/target/test/data/b2c0a8be/MiniRaftClusterWithNetty1f9c6c63/s2/7b03d609-5326-4b0a-b2d2-a1961c08437e/current/log_408-409
2019-09-24 16:38:37,095 INFO  segmented.SegmentedRaftLogWorker (SegmentedRaftLogWorker.java:execute(526)) - s2@group-A1961C08437E-SegmentedRaftLogWorker: Rolled log segment from /workdir/ratis-test/target/test/data/b2c0a8be/MiniRaftClusterWithNetty1f9c6c63/s2/7b03d609-5326-4b0a-b2d2-a1961c08437e/current/log_inprogress_408 to /workdir/ratis-test/target/test/data/b2c0a8be/MiniRaftClusterWithNetty1f9c6c63/s2/7b03d609-5326-4b0a-b2d2-a1961c08437e/current/log_408-409
2019-09-24 16:38:37,096 INFO  segmented.SegmentedRaftLogWorker (SegmentedRaftLogWorker.java:execute(569)) - s0@group-A1961C08437E-SegmentedRaftLogWorker: created new log segment /workdir/ratis-test/target/test/data/b2c0a8be/MiniRaftClusterWithNetty1f9c6c63/s0/7b03d609-5326-4b0a-b2d2-a1961c08437e/current/log_inprogress_404
2019-09-24 16:38:37,110 INFO  statemachine.SimpleStateMachine4Testing (SimpleStateMachine4Testing.java:put(198)) - s0: put 402, 2222222222... -> (t:2, i:402), STATEMACHINELOGENTRY, client-69912ADB290A, cid=203
2019-09-24 16:38:37,110 INFO  segmented.SegmentedRaftLogWorker (SegmentedRaftLogWorker.java:rollLogSegment(385)) - s1@group-A1961C08437E-SegmentedRaftLogWorker: Rolling segment log-400_403 to index:403
2019-09-24 16:38:37,110 INFO  statemachine.SimpleStateMachine4Testing (SimpleStateMachine4Testing.java:put(198)) - s2: put 404, 1111111111... -> (t:2, i:404), STATEMACHINELOGENTRY, client-781B3BD2DEB4, cid=200
2019-09-24 16:38:37,120 TRACE util.FileUtils (LogUtils.java:runAndLog(61)) - Successfully ran Files.move /workdir/ratis-test/target/test/data/b2c0a8be/MiniRaftClusterWithNetty1f9c6c63/s1/7b03d609-5326-4b0a-b2d2-a1961c08437e/current/log_inprogress_400 to /workdir/ratis-test/target/test/data/b2c0a8be/MiniRaftClusterWithNetty1f9c6c63/s1/7b03d609-5326-4b0a-b2d2-a1961c08437e/current/log_400-403
2019-09-24 16:38:37,120 INFO  segmented.SegmentedRaftLogWorker (SegmentedRaftLogWorker.java:execute(526)) - s1@group-A1961C08437E-SegmentedRaftLogWorker: Rolled log segment from /workdir/ratis-test/target/test/data/b2c0a8be/MiniRaftClusterWithNetty1f9c6c63/s1/7b03d609-5326-4b0a-b2d2-a1961c08437e/current/log_inprogress_400 to /workdir/ratis-test/target/test/data/b2c0a8be/MiniRaftClusterWithNetty1f9c6c63/s1/7b03d609-5326-4b0a-b2d2-a1961c08437e/current/log_400-403
2019-09-24 16:38:37,120 INFO  segmented.SegmentedRaftLogWorker (SegmentedRaftLogWorker.java:execute(569)) - s2@group-A1961C08437E-SegmentedRaftLogWorker: created new log segment /workdir/ratis-test/target/test/data/b2c0a8be/MiniRaftClusterWithNetty1f9c6c63/s2/7b03d609-5326-4b0a-b2d2-a1961c08437e/current/log_inprogress_410
2019-09-24 16:38:37,138 INFO  statemachine.SimpleStateMachine4Testing (SimpleStateMachine4Testing.java:put(198)) - s0: put 404, 1111111111... -> (t:2, i:404), STATEMACHINELOGENTRY, client-781B3BD2DEB4, cid=200
2019-09-24 16:38:37,242 INFO  segmented.SegmentedRaftLogWorker (SegmentedRaftLogWorker.java:execute(569)) - s1@group-A1961C08437E-SegmentedRaftLogWorker: created new log segment /workdir/ratis-test/target/test/data/b2c0a8be/MiniRaftClusterWithNetty1f9c6c63/s1/7b03d609-5326-4b0a-b2d2-a1961c08437e/current/log_inprogress_404
2019-09-24 16:38:37,350 INFO  statemachine.SimpleStateMachine4Testing (SimpleStateMachine4Testing.java:put(198)) - s2: put 406, 3333333333... -> (t:2, i:406), STATEMACHINELOGENTRY, client-DA36977FC49F, cid=205
2019-09-24 16:38:37,351 INFO  segmented.SegmentedRaftLogWorker (SegmentedRaftLogWorker.java:rollLogSegment(385)) - s2@group-A1961C08437E-SegmentedRaftLogWorker: Rolling segment log-410_413 to index:413
2019-09-24 16:38:37,359 TRACE util.FileUtils (LogUtils.java:runAndLog(61)) - Successfully ran Files.move /workdir/ratis-test/target/test/data/b2c0a8be/MiniRaftClusterWithNetty1f9c6c63/s2/7b03d609-5326-4b0a-b2d2-a1961c08437e/current/log_inprogress_410 to /workdir/ratis-test/target/test/data/b2c0a8be/MiniRaftClusterWithNetty1f9c6c63/s2/7b03d609-5326-4b0a-b2d2-a1961c08437e/current/log_410-413
2019-09-24 16:38:37,359 INFO  segmented.SegmentedRaftLogWorker (SegmentedRaftLogWorker.java:execute(526)) - s2@group-A1961C08437E-SegmentedRaftLogWorker: Rolled log segment from /workdir/ratis-test/target/test/data/b2c0a8be/MiniRaftClusterWithNetty1f9c6c63/s2/7b03d609-5326-4b0a-b2d2-a1961c08437e/current/log_inprogress_410 to /workdir/ratis-test/target/test/data/b2c0a8be/MiniRaftClusterWithNetty1f9c6c63/s2/7b03d609-5326-4b0a-b2d2-a1961c08437e/current/log_410-413
2019-09-24 16:38:37,362 INFO  statemachine.SimpleStateMachine4Testing (SimpleStateMachine4Testing.java:put(198)) - s0: put 406, 3333333333... -> (t:2, i:406), STATEMACHINELOGENTRY, client-DA36977FC49F, cid=205
2019-09-24 16:38:37,363 INFO  segmented.SegmentedRaftLogWorker (SegmentedRaftLogWorker.java:rollLogSegment(385)) - s0@group-A1961C08437E-SegmentedRaftLogWorker: Rolling segment log-404_407 to index:407
2019-09-24 16:38:37,373 TRACE util.FileUtils (LogUtils.java:runAndLog(61)) - Successfully ran Files.move /workdir/ratis-test/target/test/data/b2c0a8be/MiniRaftClusterWithNetty1f9c6c63/s0/7b03d609-5326-4b0a-b2d2-a1961c08437e/current/log_inprogress_404 to /workdir/ratis-test/target/test/data/b2c0a8be/MiniRaftClusterWithNetty1f9c6c63/s0/7b03d609-5326-4b0a-b2d2-a1961c08437e/current/log_404-407
2019-09-24 16:38:37,373 INFO  segmented.SegmentedRaftLogWorker (SegmentedRaftLogWorker.java:execute(526)) - s0@group-A1961C08437E-SegmentedRaftLogWorker: Rolled log segment from /workdir/ratis-test/target/test/data/b2c0a8be/MiniRaftClusterWithNetty1f9c6c63/s0/7b03d609-5326-4b0a-b2d2-a1961c08437e/current/log_inprogress_404 to /workdir/ratis-test/target/test/data/b2c0a8be/MiniRaftClusterWithNetty1f9c6c63/s0/7b03d609-5326-4b0a-b2d2-a1961c08437e/current/log_404-407
2019-09-24 16:38:37,374 INFO  segmented.SegmentedRaftLogWorker (SegmentedRaftLogWorker.java:execute(569)) - s2@group-A1961C08437E-SegmentedRaftLogWorker: created new log segment /workdir/ratis-test/target/test/data/b2c0a8be/MiniRaftClusterWithNetty1f9c6c63/s2/7b03d609-5326-4b0a-b2d2-a1961c08437e/current/log_inprogress_414
2019-09-24 16:38:37,390 INFO  statemachine.SimpleStateMachine4Testing (SimpleStateMachine4Testing.java:put(198)) - s1: put 404, 1111111111... -> (t:2, i:404), STATEMACHINELOGENTRY, client-781B3BD2DEB4, cid=200
2019-09-24 16:38:37,390 INFO  statemachine.SimpleStateMachine4Testing (SimpleStateMachine4Testing.java:put(198)) - s1: put 406, 3333333333... -> (t:2, i:406), STATEMACHINELOGENTRY, client-DA36977FC49F, cid=205
2019-09-24 16:38:37,402 INFO  segmented.SegmentedRaftLogWorker (SegmentedRaftLogWorker.java:execute(569)) - s0@group-A1961C08437E-SegmentedRaftLogWorker: created new log segment /workdir/ratis-test/target/test/data/b2c0a8be/MiniRaftClusterWithNetty1f9c6c63/s0/7b03d609-5326-4b0a-b2d2-a1961c08437e/current/log_inprogress_408
2019-09-24 16:38:37,426 INFO  segmented.SegmentedRaftLogWorker (SegmentedRaftLogWorker.java:rollLogSegment(385)) - s1@group-A1961C08437E-SegmentedRaftLogWorker: Rolling segment log-404_407 to index:407
2019-09-24 16:38:37,427 INFO  statemachine.SimpleStateMachine4Testing (SimpleStateMachine4Testing.java:put(198)) - s2: put 408, 3333333333... -> (t:2, i:408), STATEMACHINELOGENTRY, client-6F4DA14A560B, cid=206
2019-09-24 16:38:37,427 TRACE util.FileUtils (LogUtils.java:runAndLog(61)) - Successfully ran Files.move /workdir/ratis-test/target/test/data/b2c0a8be/MiniRaftClusterWithNetty1f9c6c63/s1/7b03d609-5326-4b0a-b2d2-a1961c08437e/current/log_inprogress_404 to /workdir/ratis-test/target/test/data/b2c0a8be/MiniRaftClusterWithNetty1f9c6c63/s1/7b03d609-5326-4b0a-b2d2-a1961c08437e/current/log_404-407
2019-09-24 16:38:37,427 INFO  segmented.SegmentedRaftLogWorker (SegmentedRaftLogWorker.java:execute(526)) - s1@group-A1961C08437E-SegmentedRaftLogWorker: Rolled log segment from /workdir/ratis-test/target/test/data/b2c0a8be/MiniRaftClusterWithNetty1f9c6c63/s1/7b03d609-5326-4b0a-b2d2-a1961c08437e/current/log_inprogress_404 to /workdir/ratis-test/target/test/data/b2c0a8be/MiniRaftClusterWithNetty1f9c6c63/s1/7b03d609-5326-4b0a-b2d2-a1961c08437e/current/log_404-407
2019-09-24 16:38:37,428 INFO  segmented.SegmentedRaftLogWorker (SegmentedRaftLogWorker.java:rollLogSegment(385)) - s2@group-A1961C08437E-SegmentedRaftLogWorker: Rolling segment log-414_415 to index:415
2019-09-24 16:38:37,453 TRACE util.FileUtils (LogUtils.java:runAndLog(61)) - Successfully ran Files.move /workdir/ratis-test/target/test/data/b2c0a8be/MiniRaftClusterWithNetty1f9c6c63/s2/7b03d609-5326-4b0a-b2d2-a1961c08437e/current/log_inprogress_414 to /workdir/ratis-test/target/test/data/b2c0a8be/MiniRaftClusterWithNetty1f9c6c63/s2/7b03d609-5326-4b0a-b2d2-a1961c08437e/current/log_414-415
2019-09-24 16:38:37,453 INFO  segmented.SegmentedRaftLogWorker (SegmentedRaftLogWorker.java:execute(526)) - s2@group-A1961C08437E-SegmentedRaftLogWorker: Rolled log segment from /workdir/ratis-test/target/test/data/b2c0a8be/MiniRaftClusterWithNetty1f9c6c63/s2/7b03d609-5326-4b0a-b2d2-a1961c08437e/current/log_inprogress_414 to /workdir/ratis-test/target/test/data/b2c0a8be/MiniRaftClusterWithNetty1f9c6c63/s2/7b03d609-5326-4b0a-b2d2-a1961c08437e/current/log_414-415
2019-09-24 16:38:37,454 INFO  statemachine.SimpleStateMachine4Testing (SimpleStateMachine4Testing.java:put(198)) - s0: put 408, 3333333333... -> (t:2, i:408), STATEMACHINELOGENTRY, client-6F4DA14A560B, cid=206
2019-09-24 16:38:37,455 INFO  segmented.SegmentedRaftLogWorker (SegmentedRaftLogWorker.java:rollLogSegment(385)) - s0@group-A1961C08437E-SegmentedRaftLogWorker: Rolling segment log-408_409 to index:409
2019-09-24 16:38:37,465 TRACE util.FileUtils (LogUtils.java:runAndLog(61)) - Successfully ran Files.move /workdir/ratis-test/target/test/data/b2c0a8be/MiniRaftClusterWithNetty1f9c6c63/s0/7b03d609-5326-4b0a-b2d2-a1961c08437e/current/log_inprogress_408 to /workdir/ratis-test/target/test/data/b2c0a8be/MiniRaftClusterWithNetty1f9c6c63/s0/7b03d609-5326-4b0a-b2d2-a1961c08437e/current/log_408-409
2019-09-24 16:38:37,465 INFO  segmented.SegmentedRaftLogWorker (SegmentedRaftLogWorker.java:execute(526)) - s0@group-A1961C08437E-SegmentedRaftLogWorker: Rolled log segment from /workdir/ratis-test/target/test/data/b2c0a8be/MiniRaftClusterWithNetty1f9c6c63/s0/7b03d609-5326-4b0a-b2d2-a1961c08437e/current/log_inprogress_408 to /workdir/ratis-test/target/test/data/b2c0a8be/MiniRaftClusterWithNetty1f9c6c63/s0/7b03d609-5326-4b0a-b2d2-a1961c08437e/current/log_408-409
2019-09-24 16:38:37,465 INFO  segmented.SegmentedRaftLogWorker (SegmentedRaftLogWorker.java:execute(569)) - s1@group-A1961C08437E-SegmentedRaftLogWorker: created new log segment /workdir/ratis-test/target/test/data/b2c0a8be/MiniRaftClusterWithNetty1f9c6c63/s1/7b03d609-5326-4b0a-b2d2-a1961c08437e/current/log_inprogress_408
2019-09-24 16:38:37,479 INFO  segmented.SegmentedRaftLogWorker (SegmentedRaftLogWorker.java:execute(569)) - s2@group-A1961C08437E-SegmentedRaftLogWorker: created new log segment /workdir/ratis-test/target/test/data/b2c0a8be/MiniRaftClusterWithNetty1f9c6c63/s2/7b03d609-5326-4b0a-b2d2-a1961c08437e/current/log_inprogress_416
2019-09-24 16:38:37,479 INFO  segmented.SegmentedRaftLogWorker (SegmentedRaftLogWorker.java:execute(569)) - s0@group-A1961C08437E-SegmentedRaftLogWorker: created new log segment /workdir/ratis-test/target/test/data/b2c0a8be/MiniRaftClusterWithNetty1f9c6c63/s0/7b03d609-5326-4b0a-b2d2-a1961c08437e/current/log_inprogress_410
2019-09-24 16:38:37,500 INFO  statemachine.SimpleStateMachine4Testing (SimpleStateMachine4Testing.java:put(198)) - s1: put 408, 3333333333... -> (t:2, i:408), STATEMACHINELOGENTRY, client-6F4DA14A560B, cid=206
2019-09-24 16:38:37,501 INFO  segmented.SegmentedRaftLogWorker (SegmentedRaftLogWorker.java:rollLogSegment(385)) - s1@group-A1961C08437E-SegmentedRaftLogWorker: Rolling segment log-408_409 to index:409
2019-09-24 16:38:37,501 INFO  statemachine.SimpleStateMachine4Testing (SimpleStateMachine4Testing.java:put(198)) - s2: put 410, 3333333333... -> (t:2, i:410), STATEMACHINELOGENTRY, client-69912ADB290A, cid=207
2019-09-24 16:38:37,502 TRACE util.FileUtils (LogUtils.java:runAndLog(61)) - Successfully ran Files.move /workdir/ratis-test/target/test/data/b2c0a8be/MiniRaftClusterWithNetty1f9c6c63/s1/7b03d609-5326-4b0a-b2d2-a1961c08437e/current/log_inprogress_408 to /workdir/ratis-test/target/test/data/b2c0a8be/MiniRaftClusterWithNetty1f9c6c63/s1/7b03d609-5326-4b0a-b2d2-a1961c08437e/current/log_408-409
2019-09-24 16:38:37,502 INFO  segmented.SegmentedRaftLogWorker (SegmentedRaftLogWorker.java:execute(526)) - s1@group-A1961C08437E-SegmentedRaftLogWorker: Rolled log segment from /workdir/ratis-test/target/test/data/b2c0a8be/MiniRaftClusterWithNetty1f9c6c63/s1/7b03d609-5326-4b0a-b2d2-a1961c08437e/current/log_inprogress_408 to /workdir/ratis-test/target/test/data/b2c0a8be/MiniRaftClusterWithNetty1f9c6c63/s1/7b03d609-5326-4b0a-b2d2-a1961c08437e/current/log_408-409
2019-09-24 16:38:37,503 INFO  segmented.SegmentedRaftLogWorker (SegmentedRaftLogWorker.java:rollLogSegment(385)) - s2@group-A1961C08437E-SegmentedRaftLogWorker: Rolling segment log-416_417 to index:417
2019-09-24 16:38:37,512 TRACE util.FileUtils (LogUtils.java:runAndLog(61)) - Successfully ran Files.move /workdir/ratis-test/target/test/data/b2c0a8be/MiniRaftClusterWithNetty1f9c6c63/s2/7b03d609-5326-4b0a-b2d2-a1961c08437e/current/log_inprogress_416 to /workdir/ratis-test/target/test/data/b2c0a8be/MiniRaftClusterWithNetty1f9c6c63/s2/7b03d609-5326-4b0a-b2d2-a1961c08437e/current/log_416-417
2019-09-24 16:38:37,513 INFO  segmented.SegmentedRaftLogWorker (SegmentedRaftLogWorker.java:execute(526)) - s2@group-A1961C08437E-SegmentedRaftLogWorker: Rolled log segment from /workdir/ratis-test/target/test/data/b2c0a8be/MiniRaftClusterWithNetty1f9c6c63/s2/7b03d609-5326-4b0a-b2d2-a1961c08437e/current/log_inprogress_416 to /workdir/ratis-test/target/test/data/b2c0a8be/MiniRaftClusterWithNetty1f9c6c63/s2/7b03d609-5326-4b0a-b2d2-a1961c08437e/current/log_416-417
2019-09-24 16:38:37,524 INFO  segmented.SegmentedRaftLogWorker (SegmentedRaftLogWorker.java:execute(569)) - s1@group-A1961C08437E-SegmentedRaftLogWorker: created new log segment /workdir/ratis-test/target/test/data/b2c0a8be/MiniRaftClusterWithNetty1f9c6c63/s1/7b03d609-5326-4b0a-b2d2-a1961c08437e/current/log_inprogress_410
2019-09-24 16:38:37,590 INFO  statemachine.SimpleStateMachine4Testing (SimpleStateMachine4Testing.java:put(198)) - s0: put 410, 3333333333... -> (t:2, i:410), STATEMACHINELOGENTRY, client-69912ADB290A, cid=207
2019-09-24 16:38:37,591 INFO  statemachine.SimpleStateMachine4Testing (SimpleStateMachine4Testing.java:put(198)) - s2: put 412, 1111111111... -> (t:2, i:412), STATEMACHINELOGENTRY, client-D98953169D47, cid=204
2019-09-24 16:38:37,592 INFO  segmented.SegmentedRaftLogWorker (SegmentedRaftLogWorker.java:rollLogSegment(385)) - s2@group-A1961C08437E-SegmentedRaftLogWorker: Rolling segment log-418_419 to index:419
2019-09-24 16:38:37,603 INFO  segmented.SegmentedRaftLogWorker (SegmentedRaftLogWorker.java:execute(569)) - s2@group-A1961C08437E-SegmentedRaftLogWorker: created new log segment /workdir/ratis-test/target/test/data/b2c0a8be/MiniRaftClusterWithNetty1f9c6c63/s2/7b03d609-5326-4b0a-b2d2-a1961c08437e/current/log_inprogress_418
2019-09-24 16:38:37,902 TRACE util.FileUtils (LogUtils.java:runAndLog(61)) - Successfully ran Files.move /workdir/ratis-test/target/test/data/b2c0a8be/MiniRaftClusterWithNetty1f9c6c63/s2/7b03d609-5326-4b0a-b2d2-a1961c08437e/current/log_inprogress_418 to /workdir/ratis-test/target/test/data/b2c0a8be/MiniRaftClusterWithNetty1f9c6c63/s2/7b03d609-5326-4b0a-b2d2-a1961c08437e/current/log_418-419
2019-09-24 16:38:37,903 INFO  segmented.SegmentedRaftLogWorker (SegmentedRaftLogWorker.java:execute(526)) - s2@group-A1961C08437E-SegmentedRaftLogWorker: Rolled log segment from /workdir/ratis-test/target/test/data/b2c0a8be/MiniRaftClusterWithNetty1f9c6c63/s2/7b03d609-5326-4b0a-b2d2-a1961c08437e/current/log_inprogress_418 to /workdir/ratis-test/target/test/data/b2c0a8be/MiniRaftClusterWithNetty1f9c6c63/s2/7b03d609-5326-4b0a-b2d2-a1961c08437e/current/log_418-419
2019-09-24 16:38:37,904 INFO  segmented.SegmentedRaftLogWorker (SegmentedRaftLogWorker.java:rollLogSegment(385)) - s0@group-A1961C08437E-SegmentedRaftLogWorker: Rolling segment log-410_413 to index:413
2019-09-24 16:38:37,905 TRACE util.FileUtils (LogUtils.java:runAndLog(61)) - Successfully ran Files.move /workdir/ratis-test/target/test/data/b2c0a8be/MiniRaftClusterWithNetty1f9c6c63/s0/7b03d609-5326-4b0a-b2d2-a1961c08437e/current/log_inprogress_410 to /workdir/ratis-test/target/test/data/b2c0a8be/MiniRaftClusterWithNetty1f9c6c63/s0/7b03d609-5326-4b0a-b2d2-a1961c08437e/current/log_410-413
2019-09-24 16:38:37,905 INFO  segmented.SegmentedRaftLogWorker (SegmentedRaftLogWorker.java:execute(526)) - s0@group-A1961C08437E-SegmentedRaftLogWorker: Rolled log segment from /workdir/ratis-test/target/test/data/b2c0a8be/MiniRaftClusterWithNetty1f9c6c63/s0/7b03d609-5326-4b0a-b2d2-a1961c08437e/current/log_inprogress_410 to /workdir/ratis-test/target/test/data/b2c0a8be/MiniRaftClusterWithNetty1f9c6c63/s0/7b03d609-5326-4b0a-b2d2-a1961c08437e/current/log_410-413
2019-09-24 16:38:37,923 INFO  segmented.SegmentedRaftLogWorker (SegmentedRaftLogWorker.java:execute(569)) - s0@group-A1961C08437E-SegmentedRaftLogWorker: created new log segment /workdir/ratis-test/target/test/data/b2c0a8be/MiniRaftClusterWithNetty1f9c6c63/s0/7b03d609-5326-4b0a-b2d2-a1961c08437e/current/log_inprogress_414
2019-09-24 16:38:37,923 INFO  segmented.SegmentedRaftLogWorker (SegmentedRaftLogWorker.java:execute(569)) - s2@group-A1961C08437E-SegmentedRaftLogWorker: created new log segment /workdir/ratis-test/target/test/data/b2c0a8be/MiniRaftClusterWithNetty1f9c6c63/s2/7b03d609-5326-4b0a-b2d2-a1961c08437e/current/log_inprogress_420
2019-09-24 16:38:40,687 INFO  ratis.MiniRaftCluster (MiniRaftCluster.java:lambda$null$5(297)) - TIMED-PRINT: printing ALL groups
  s0:  RUNNING  FOLLOWER s0@group-A1961C08437E:t2, leader=s2, voted=s2, raftlog=s0@group-A1961C08437E-SegmentedRaftLog:OPENED:c411,f413,i414, conf=0: [s0:0.0.0.0:42189, s1:0.0.0.0:39138, s2:0.0.0.0:44435], old=null RUNNING
  s1:  RUNNING  FOLLOWER s1@group-A1961C08437E:t2, leader=s2, voted=s1, raftlog=s1@group-A1961C08437E-SegmentedRaftLog:OPENED:c409,f412,i413, conf=0: [s0:0.0.0.0:42189, s1:0.0.0.0:39138, s2:0.0.0.0:44435], old=null RUNNING
  s2:  RUNNING    LEADER s2@group-A1961C08437E:t2, leader=s2, voted=s2, raftlog=s2@group-A1961C08437E-SegmentedRaftLog:OPENED:c413,f419,i420, conf=0: [s0:0.0.0.0:42189, s1:0.0.0.0:39138, s2:0.0.0.0:44435], old=null RUNNING
2019-09-24 16:38:43,181 INFO  statemachine.SimpleStateMachine4Testing (SimpleStateMachine4Testing.java:put(198)) - s1: put 410, 3333333333... -> (t:2, i:410), STATEMACHINELOGENTRY, client-69912ADB290A, cid=207
2019-09-24 16:38:43,181 INFO  statemachine.SimpleStateMachine4Testing (SimpleStateMachine4Testing.java:put(198)) - s0: put 412, 1111111111... -> (t:2, i:412), STATEMACHINELOGENTRY, client-D98953169D47, cid=204
2019-09-24 16:38:43,183 INFO  statemachine.SimpleStateMachine4Testing (SimpleStateMachine4Testing.java:put(198)) - s2: put 414, 4444444444... -> (t:2, i:414), STATEMACHINELOGENTRY, client-DA36977FC49F, cid=209
2019-09-24 16:38:43,183 INFO  segmented.SegmentedRaftLogWorker (SegmentedRaftLogWorker.java:rollLogSegment(385)) - s1@group-A1961C08437E-SegmentedRaftLogWorker: Rolling segment log-410_413 to index:413
2019-09-24 16:38:43,201 INFO  statemachine.SimpleStateMachine4Testing (SimpleStateMachine4Testing.java:put(198)) - s1: put 412, 1111111111... -> (t:2, i:412), STATEMACHINELOGENTRY, client-D98953169D47, cid=204
2019-09-24 16:38:43,201 INFO  segmented.SegmentedRaftLogWorker (SegmentedRaftLogWorker.java:rollLogSegment(385)) - s2@group-A1961C08437E-SegmentedRaftLogWorker: Rolling segment log-420_421 to index:421
2019-09-24 16:38:47,416 TRACE util.FileUtils (LogUtils.java:runAndLog(61)) - Successfully ran Files.move /workdir/ratis-test/target/test/data/b2c0a8be/MiniRaftClusterWithNetty1f9c6c63/s1/7b03d609-5326-4b0a-b2d2-a1961c08437e/current/log_inprogress_410 to /workdir/ratis-test/target/test/data/b2c0a8be/MiniRaftClusterWithNetty1f9c6c63/s1/7b03d609-5326-4b0a-b2d2-a1961c08437e/current/log_410-413
2019-09-24 16:38:47,417 INFO  statemachine.SimpleStateMachine4Testing (SimpleStateMachine4Testing.java:put(198)) - s0: put 414, 4444444444... -> (t:2, i:414), STATEMACHINELOGENTRY, client-DA36977FC49F, cid=209
2019-09-24 16:38:47,417 INFO  segmented.SegmentedRaftLogWorker (SegmentedRaftLogWorker.java:execute(526)) - s1@group-A1961C08437E-SegmentedRaftLogWorker: Rolled log segment from /workdir/ratis-test/target/test/data/b2c0a8be/MiniRaftClusterWithNetty1f9c6c63/s1/7b03d609-5326-4b0a-b2d2-a1961c08437e/current/log_inprogress_410 to /workdir/ratis-test/target/test/data/b2c0a8be/MiniRaftClusterWithNetty1f9c6c63/s1/7b03d609-5326-4b0a-b2d2-a1961c08437e/current/log_410-413
2019-09-24 16:38:47,420 INFO  segmented.SegmentedRaftLogWorker (SegmentedRaftLogWorker.java:rollLogSegment(385)) - s0@group-A1961C08437E-SegmentedRaftLogWorker: Rolling segment log-414_415 to index:415
2019-09-24 16:38:47,421 TRACE util.FileUtils (LogUtils.java:runAndLog(61)) - Successfully ran Files.move /workdir/ratis-test/target/test/data/b2c0a8be/MiniRaftClusterWithNetty1f9c6c63/s0/7b03d609-5326-4b0a-b2d2-a1961c08437e/current/log_inprogress_414 to /workdir/ratis-test/target/test/data/b2c0a8be/MiniRaftClusterWithNetty1f9c6c63/s0/7b03d609-5326-4b0a-b2d2-a1961c08437e/current/log_414-415
2019-09-24 16:38:47,421 INFO  segmented.SegmentedRaftLogWorker (SegmentedRaftLogWorker.java:execute(526)) - s0@group-A1961C08437E-SegmentedRaftLogWorker: Rolled log segment from /workdir/ratis-test/target/test/data/b2c0a8be/MiniRaftClusterWithNetty1f9c6c63/s0/7b03d609-5326-4b0a-b2d2-a1961c08437e/current/log_inprogress_414 to /workdir/ratis-test/target/test/data/b2c0a8be/MiniRaftClusterWithNetty1f9c6c63/s0/7b03d609-5326-4b0a-b2d2-a1961c08437e/current/log_414-415
2019-09-24 16:38:49,217 TRACE util.FileUtils (LogUtils.java:runAndLog(61)) - Successfully ran Files.move /workdir/ratis-test/target/test/data/b2c0a8be/MiniRaftClusterWithNetty1f9c6c63/s2/7b03d609-5326-4b0a-b2d2-a1961c08437e/current/log_inprogress_420 to /workdir/ratis-test/target/test/data/b2c0a8be/MiniRaftClusterWithNetty1f9c6c63/s2/7b03d609-5326-4b0a-b2d2-a1961c08437e/current/log_420-421
2019-09-24 16:38:49,217 INFO  segmented.SegmentedRaftLogWorker (SegmentedRaftLogWorker.java:execute(526)) - s2@group-A1961C08437E-SegmentedRaftLogWorker: Rolled log segment from /workdir/ratis-test/target/test/data/b2c0a8be/MiniRaftClusterWithNetty1f9c6c63/s2/7b03d609-5326-4b0a-b2d2-a1961c08437e/current/log_inprogress_420 to /workdir/ratis-test/target/test/data/b2c0a8be/MiniRaftClusterWithNetty1f9c6c63/s2/7b03d609-5326-4b0a-b2d2-a1961c08437e/current/log_420-421
2019-09-24 16:38:49,244 INFO  segmented.SegmentedRaftLogWorker (SegmentedRaftLogWorker.java:execute(569)) - s2@group-A1961C08437E-SegmentedRaftLogWorker: created new log segment /workdir/ratis-test/target/test/data/b2c0a8be/MiniRaftClusterWithNetty1f9c6c63/s2/7b03d609-5326-4b0a-b2d2-a1961c08437e/current/log_inprogress_422
2019-09-24 16:38:49,244 INFO  segmented.SegmentedRaftLogWorker (SegmentedRaftLogWorker.java:execute(569)) - s1@group-A1961C08437E-SegmentedRaftLogWorker: created new log segment /workdir/ratis-test/target/test/data/b2c0a8be/MiniRaftClusterWithNetty1f9c6c63/s1/7b03d609-5326-4b0a-b2d2-a1961c08437e/current/log_inprogress_414
2019-09-24 16:38:49,244 INFO  segmented.SegmentedRaftLogWorker (SegmentedRaftLogWorker.java:execute(569)) - s0@group-A1961C08437E-SegmentedRaftLogWorker: created new log segment /workdir/ratis-test/target/test/data/b2c0a8be/MiniRaftClusterWithNetty1f9c6c63/s0/7b03d609-5326-4b0a-b2d2-a1961c08437e/current/log_inprogress_416
2019-09-24 16:38:49,250 INFO  statemachine.SimpleStateMachine4Testing (SimpleStateMachine4Testing.java:put(198)) - s1: put 414, 4444444444... -> (t:2, i:414), STATEMACHINELOGENTRY, client-DA36977FC49F, cid=209
2019-09-24 16:38:49,256 INFO  statemachine.SimpleStateMachine4Testing (SimpleStateMachine4Testing.java:put(198)) - s2: put 416, 4444444444... -> (t:2, i:416), STATEMACHINELOGENTRY, client-6F4DA14A560B, cid=210
2019-09-24 16:38:49,259 INFO  segmented.SegmentedRaftLogWorker (SegmentedRaftLogWorker.java:rollLogSegment(385)) - s1@group-A1961C08437E-SegmentedRaftLogWorker: Rolling segment log-414_415 to index:415
2019-09-24 16:38:49,259 INFO  segmented.SegmentedRaftLogWorker (SegmentedRaftLogWorker.java:rollLogSegment(385)) - s2@group-A1961C08437E-SegmentedRaftLogWorker: Rolling segment log-422_423 to index:423
2019-09-24 16:38:49,260 TRACE util.FileUtils (LogUtils.java:runAndLog(61)) - Successfully ran Files.move /workdir/ratis-test/target/test/data/b2c0a8be/MiniRaftClusterWithNetty1f9c6c63/s1/7b03d609-5326-4b0a-b2d2-a1961c08437e/current/log_inprogress_414 to /workdir/ratis-test/target/test/data/b2c0a8be/MiniRaftClusterWithNetty1f9c6c63/s1/7b03d609-5326-4b0a-b2d2-a1961c08437e/current/log_414-415
2019-09-24 16:38:49,260 INFO  segmented.SegmentedRaftLogWorker (SegmentedRaftLogWorker.java:execute(526)) - s1@group-A1961C08437E-SegmentedRaftLogWorker: Rolled log segment from /workdir/ratis-test/target/test/data/b2c0a8be/MiniRaftClusterWithNetty1f9c6c63/s1/7b03d609-5326-4b0a-b2d2-a1961c08437e/current/log_inprogress_414 to /workdir/ratis-test/target/test/data/b2c0a8be/MiniRaftClusterWithNetty1f9c6c63/s1/7b03d609-5326-4b0a-b2d2-a1961c08437e/current/log_414-415
2019-09-24 16:38:49,261 TRACE util.FileUtils (LogUtils.java:runAndLog(61)) - Successfully ran Files.move /workdir/ratis-test/target/test/data/b2c0a8be/MiniRaftClusterWithNetty1f9c6c63/s2/7b03d609-5326-4b0a-b2d2-a1961c08437e/current/log_inprogress_422 to /workdir/ratis-test/target/test/data/b2c0a8be/MiniRaftClusterWithNetty1f9c6c63/s2/7b03d609-5326-4b0a-b2d2-a1961c08437e/current/log_422-423
2019-09-24 16:38:49,261 INFO  segmented.SegmentedRaftLogWorker (SegmentedRaftLogWorker.java:execute(526)) - s2@group-A1961C08437E-SegmentedRaftLogWorker: Rolled log segment from /workdir/ratis-test/target/test/data/b2c0a8be/MiniRaftClusterWithNetty1f9c6c63/s2/7b03d609-5326-4b0a-b2d2-a1961c08437e/current/log_inprogress_422 to /workdir/ratis-test/target/test/data/b2c0a8be/MiniRaftClusterWithNetty1f9c6c63/s2/7b03d609-5326-4b0a-b2d2-a1961c08437e/current/log_422-423
2019-09-24 16:38:49,268 INFO  segmented.SegmentedRaftLogWorker (SegmentedRaftLogWorker.java:rollLogSegment(385)) - s0@group-A1961C08437E-SegmentedRaftLogWorker: Rolling segment log-416_417 to index:417
2019-09-24 16:38:49,269 INFO  segmented.SegmentedRaftLogWorker (SegmentedRaftLogWorker.java:execute(569)) - s2@group-A1961C08437E-SegmentedRaftLogWorker: created new log segment /workdir/ratis-test/target/test/data/b2c0a8be/MiniRaftClusterWithNetty1f9c6c63/s2/7b03d609-5326-4b0a-b2d2-a1961c08437e/current/log_inprogress_424
2019-09-24 16:38:49,269 INFO  segmented.SegmentedRaftLogWorker (SegmentedRaftLogWorker.java:execute(569)) - s1@group-A1961C08437E-SegmentedRaftLogWorker: created new log segment /workdir/ratis-test/target/test/data/b2c0a8be/MiniRaftClusterWithNetty1f9c6c63/s1/7b03d609-5326-4b0a-b2d2-a1961c08437e/current/log_inprogress_416
2019-09-24 16:38:49,269 TRACE util.FileUtils (LogUtils.java:runAndLog(61)) - Successfully ran Files.move /workdir/ratis-test/target/test/data/b2c0a8be/MiniRaftClusterWithNetty1f9c6c63/s0/7b03d609-5326-4b0a-b2d2-a1961c08437e/current/log_inprogress_416 to /workdir/ratis-test/target/test/data/b2c0a8be/MiniRaftClusterWithNetty1f9c6c63/s0/7b03d609-5326-4b0a-b2d2-a1961c08437e/current/log_416-417
2019-09-24 16:38:49,269 INFO  segmented.SegmentedRaftLogWorker (SegmentedRaftLogWorker.java:execute(526)) - s0@group-A1961C08437E-SegmentedRaftLogWorker: Rolled log segment from /workdir/ratis-test/target/test/data/b2c0a8be/MiniRaftClusterWithNetty1f9c6c63/s0/7b03d609-5326-4b0a-b2d2-a1961c08437e/current/log_inprogress_416 to /workdir/ratis-test/target/test/data/b2c0a8be/MiniRaftClusterWithNetty1f9c6c63/s0/7b03d609-5326-4b0a-b2d2-a1961c08437e/current/log_416-417
2019-09-24 16:38:49,280 INFO  statemachine.SimpleStateMachine4Testing (SimpleStateMachine4Testing.java:put(198)) - s1: put 416, 4444444444... -> (t:2, i:416), STATEMACHINELOGENTRY, client-6F4DA14A560B, cid=210
2019-09-24 16:38:49,281 INFO  segmented.SegmentedRaftLogWorker (SegmentedRaftLogWorker.java:execute(569)) - s0@group-A1961C08437E-SegmentedRaftLogWorker: created new log segment /workdir/ratis-test/target/test/data/b2c0a8be/MiniRaftClusterWithNetty1f9c6c63/s0/7b03d609-5326-4b0a-b2d2-a1961c08437e/current/log_inprogress_418
2019-09-24 16:38:49,283 INFO  segmented.SegmentedRaftLogWorker (SegmentedRaftLogWorker.java:rollLogSegment(385)) - s1@group-A1961C08437E-SegmentedRaftLogWorker: Rolling segment log-416_417 to index:417
2019-09-24 16:38:49,283 TRACE util.FileUtils (LogUtils.java:runAndLog(61)) - Successfully ran Files.move /workdir/ratis-test/target/test/data/b2c0a8be/MiniRaftClusterWithNetty1f9c6c63/s1/7b03d609-5326-4b0a-b2d2-a1961c08437e/current/log_inprogress_416 to /workdir/ratis-test/target/test/data/b2c0a8be/MiniRaftClusterWithNetty1f9c6c63/s1/7b03d609-5326-4b0a-b2d2-a1961c08437e/current/log_416-417
2019-09-24 16:38:49,284 INFO  segmented.SegmentedRaftLogWorker (SegmentedRaftLogWorker.java:execute(526)) - s1@group-A1961C08437E-SegmentedRaftLogWorker: Rolled log segment from /workdir/ratis-test/target/test/data/b2c0a8be/MiniRaftClusterWithNetty1f9c6c63/s1/7b03d609-5326-4b0a-b2d2-a1961c08437e/current/log_inprogress_416 to /workdir/ratis-test/target/test/data/b2c0a8be/MiniRaftClusterWithNetty1f9c6c63/s1/7b03d609-5326-4b0a-b2d2-a1961c08437e/current/log_416-417
2019-09-24 16:38:49,287 INFO  statemachine.SimpleStateMachine4Testing (SimpleStateMachine4Testing.java:put(198)) - s0: put 416, 4444444444... -> (t:2, i:416), STATEMACHINELOGENTRY, client-6F4DA14A560B, cid=210
2019-09-24 16:38:49,288 INFO  statemachine.SimpleStateMachine4Testing (SimpleStateMachine4Testing.java:put(198)) - s2: put 418, 4444444444... -> (t:2, i:418), STATEMACHINELOGENTRY, client-69912ADB290A, cid=211
2019-09-24 16:38:49,290 INFO  segmented.SegmentedRaftLogWorker (SegmentedRaftLogWorker.java:rollLogSegment(385)) - s2@group-A1961C08437E-SegmentedRaftLogWorker: Rolling segment log-424_425 to index:425
2019-09-24 16:38:49,300 INFO  segmented.SegmentedRaftLogWorker (SegmentedRaftLogWorker.java:execute(569)) - s1@group-A1961C08437E-SegmentedRaftLogWorker: created new log segment /workdir/ratis-test/target/test/data/b2c0a8be/MiniRaftClusterWithNetty1f9c6c63/s1/7b03d609-5326-4b0a-b2d2-a1961c08437e/current/log_inprogress_418
2019-09-24 16:38:49,304 TRACE util.FileUtils (LogUtils.java:runAndLog(61)) - Successfully ran Files.move /workdir/ratis-test/target/test/data/b2c0a8be/MiniRaftClusterWithNetty1f9c6c63/s2/7b03d609-5326-4b0a-b2d2-a1961c08437e/current/log_inprogress_424 to /workdir/ratis-test/target/test/data/b2c0a8be/MiniRaftClusterWithNetty1f9c6c63/s2/7b03d609-5326-4b0a-b2d2-a1961c08437e/current/log_424-425
2019-09-24 16:38:49,304 INFO  segmented.SegmentedRaftLogWorker (SegmentedRaftLogWorker.java:execute(526)) - s2@group-A1961C08437E-SegmentedRaftLogWorker: Rolled log segment from /workdir/ratis-test/target/test/data/b2c0a8be/MiniRaftClusterWithNetty1f9c6c63/s2/7b03d609-5326-4b0a-b2d2-a1961c08437e/current/log_inprogress_424 to /workdir/ratis-test/target/test/data/b2c0a8be/MiniRaftClusterWithNetty1f9c6c63/s2/7b03d609-5326-4b0a-b2d2-a1961c08437e/current/log_424-425
2019-09-24 16:38:49,304 INFO  segmented.SegmentedRaftLogWorker (SegmentedRaftLogWorker.java:rollLogSegment(385)) - s0@group-A1961C08437E-SegmentedRaftLogWorker: Rolling segment log-418_419 to index:419
2019-09-24 16:38:49,305 TRACE util.FileUtils (LogUtils.java:runAndLog(61)) - Successfully ran Files.move /workdir/ratis-test/target/test/data/b2c0a8be/MiniRaftClusterWithNetty1f9c6c63/s0/7b03d609-5326-4b0a-b2d2-a1961c08437e/current/log_inprogress_418 to /workdir/ratis-test/target/test/data/b2c0a8be/MiniRaftClusterWithNetty1f9c6c63/s0/7b03d609-5326-4b0a-b2d2-a1961c08437e/current/log_418-419
2019-09-24 16:38:49,305 INFO  segmented.SegmentedRaftLogWorker (SegmentedRaftLogWorker.java:execute(526)) - s0@group-A1961C08437E-SegmentedRaftLogWorker: Rolled log segment from /workdir/ratis-test/target/test/data/b2c0a8be/MiniRaftClusterWithNetty1f9c6c63/s0/7b03d609-5326-4b0a-b2d2-a1961c08437e/current/log_inprogress_418 to /workdir/ratis-test/target/test/data/b2c0a8be/MiniRaftClusterWithNetty1f9c6c63/s0/7b03d609-5326-4b0a-b2d2-a1961c08437e/current/log_418-419
2019-09-24 16:38:49,310 INFO  statemachine.SimpleStateMachine4Testing (SimpleStateMachine4Testing.java:put(198)) - s1: put 418, 4444444444... -> (t:2, i:418), STATEMACHINELOGENTRY, client-69912ADB290A, cid=211
2019-09-24 16:38:49,311 INFO  segmented.SegmentedRaftLogWorker (SegmentedRaftLogWorker.java:rollLogSegment(385)) - s1@group-A1961C08437E-SegmentedRaftLogWorker: Rolling segment log-418_419 to index:419
2019-09-24 16:38:49,320 TRACE util.FileUtils (LogUtils.java:runAndLog(61)) - Successfully ran Files.move /workdir/ratis-test/target/test/data/b2c0a8be/MiniRaftClusterWithNetty1f9c6c63/s1/7b03d609-5326-4b0a-b2d2-a1961c08437e/current/log_inprogress_418 to /workdir/ratis-test/target/test/data/b2c0a8be/MiniRaftClusterWithNetty1f9c6c63/s1/7b03d609-5326-4b0a-b2d2-a1961c08437e/current/log_418-419
2019-09-24 16:38:49,320 INFO  segmented.SegmentedRaftLogWorker (SegmentedRaftLogWorker.java:execute(526)) - s1@group-A1961C08437E-SegmentedRaftLogWorker: Rolled log segment from /workdir/ratis-test/target/test/data/b2c0a8be/MiniRaftClusterWithNetty1f9c6c63/s1/7b03d609-5326-4b0a-b2d2-a1961c08437e/current/log_inprogress_418 to /workdir/ratis-test/target/test/data/b2c0a8be/MiniRaftClusterWithNetty1f9c6c63/s1/7b03d609-5326-4b0a-b2d2-a1961c08437e/current/log_418-419
2019-09-24 16:38:49,320 INFO  segmented.SegmentedRaftLogWorker (SegmentedRaftLogWorker.java:execute(569)) - s0@group-A1961C08437E-SegmentedRaftLogWorker: created new log segment /workdir/ratis-test/target/test/data/b2c0a8be/MiniRaftClusterWithNetty1f9c6c63/s0/7b03d609-5326-4b0a-b2d2-a1961c08437e/current/log_inprogress_420
2019-09-24 16:38:49,320 INFO  segmented.SegmentedRaftLogWorker (SegmentedRaftLogWorker.java:execute(569)) - s2@group-A1961C08437E-SegmentedRaftLogWorker: created new log segment /workdir/ratis-test/target/test/data/b2c0a8be/MiniRaftClusterWithNetty1f9c6c63/s2/7b03d609-5326-4b0a-b2d2-a1961c08437e/current/log_inprogress_426
2019-09-24 16:38:49,325 INFO  statemachine.SimpleStateMachine4Testing (SimpleStateMachine4Testing.java:put(198)) - s0: put 418, 4444444444... -> (t:2, i:418), STATEMACHINELOGENTRY, client-69912ADB290A, cid=211
2019-09-24 16:38:49,326 INFO  statemachine.SimpleStateMachine4Testing (SimpleStateMachine4Testing.java:put(198)) - s2: put 420, 2222222222... -> (t:2, i:420), STATEMACHINELOGENTRY, client-781B3BD2DEB4, cid=208
2019-09-24 16:38:49,327 INFO  segmented.SegmentedRaftLogWorker (SegmentedRaftLogWorker.java:rollLogSegment(385)) - s2@group-A1961C08437E-SegmentedRaftLogWorker: Rolling segment log-426_427 to index:427
2019-09-24 16:38:49,336 INFO  segmented.SegmentedRaftLogWorker (SegmentedRaftLogWorker.java:execute(569)) - s1@group-A1961C08437E-SegmentedRaftLogWorker: created new log segment /workdir/ratis-test/target/test/data/b2c0a8be/MiniRaftClusterWithNetty1f9c6c63/s1/7b03d609-5326-4b0a-b2d2-a1961c08437e/current/log_inprogress_420
2019-09-24 16:38:49,344 TRACE util.FileUtils (LogUtils.java:runAndLog(61)) - Successfully ran Files.move /workdir/ratis-test/target/test/data/b2c0a8be/MiniRaftClusterWithNetty1f9c6c63/s2/7b03d609-5326-4b0a-b2d2-a1961c08437e/current/log_inprogress_426 to /workdir/ratis-test/target/test/data/b2c0a8be/MiniRaftClusterWithNetty1f9c6c63/s2/7b03d609-5326-4b0a-b2d2-a1961c08437e/current/log_426-427
2019-09-24 16:38:49,345 INFO  segmented.SegmentedRaftLogWorker (SegmentedRaftLogWorker.java:execute(526)) - s2@group-A1961C08437E-SegmentedRaftLogWorker: Rolled log segment from /workdir/ratis-test/target/test/data/b2c0a8be/MiniRaftClusterWithNetty1f9c6c63/s2/7b03d609-5326-4b0a-b2d2-a1961c08437e/current/log_inprogress_426 to /workdir/ratis-test/target/test/data/b2c0a8be/MiniRaftClusterWithNetty1f9c6c63/s2/7b03d609-5326-4b0a-b2d2-a1961c08437e/current/log_426-427
2019-09-24 16:38:49,345 INFO  segmented.SegmentedRaftLogWorker (SegmentedRaftLogWorker.java:rollLogSegment(385)) - s0@group-A1961C08437E-SegmentedRaftLogWorker: Rolling segment log-420_421 to index:421
2019-09-24 16:38:49,346 TRACE util.FileUtils (LogUtils.java:runAndLog(61)) - Successfully ran Files.move /workdir/ratis-test/target/test/data/b2c0a8be/MiniRaftClusterWithNetty1f9c6c63/s0/7b03d609-5326-4b0a-b2d2-a1961c08437e/current/log_inprogress_420 to /workdir/ratis-test/target/test/data/b2c0a8be/MiniRaftClusterWithNetty1f9c6c63/s0/7b03d609-5326-4b0a-b2d2-a1961c08437e/current/log_420-421
2019-09-24 16:38:49,346 INFO  segmented.SegmentedRaftLogWorker (SegmentedRaftLogWorker.java:execute(526)) - s0@group-A1961C08437E-SegmentedRaftLogWorker: Rolled log segment from /workdir/ratis-test/target/test/data/b2c0a8be/MiniRaftClusterWithNetty1f9c6c63/s0/7b03d609-5326-4b0a-b2d2-a1961c08437e/current/log_inprogress_420 to /workdir/ratis-test/target/test/data/b2c0a8be/MiniRaftClusterWithNetty1f9c6c63/s0/7b03d609-5326-4b0a-b2d2-a1961c08437e/current/log_420-421
2019-09-24 16:38:49,349 INFO  statemachine.SimpleStateMachine4Testing (SimpleStateMachine4Testing.java:put(198)) - s1: put 420, 2222222222... -> (t:2, i:420), STATEMACHINELOGENTRY, client-781B3BD2DEB4, cid=208
2019-09-24 16:38:49,350 INFO  segmented.SegmentedRaftLogWorker (SegmentedRaftLogWorker.java:rollLogSegment(385)) - s1@group-A1961C08437E-SegmentedRaftLogWorker: Rolling segment log-420_421 to index:421
2019-09-24 16:38:49,358 TRACE util.FileUtils (LogUtils.java:runAndLog(61)) - Successfully ran Files.move /workdir/ratis-test/target/test/data/b2c0a8be/MiniRaftClusterWithNetty1f9c6c63/s1/7b03d609-5326-4b0a-b2d2-a1961c08437e/current/log_inprogress_420 to /workdir/ratis-test/target/test/data/b2c0a8be/MiniRaftClusterWithNetty1f9c6c63/s1/7b03d609-5326-4b0a-b2d2-a1961c08437e/current/log_420-421
2019-09-24 16:38:49,358 INFO  segmented.SegmentedRaftLogWorker (SegmentedRaftLogWorker.java:execute(526)) - s1@group-A1961C08437E-SegmentedRaftLogWorker: Rolled log segment from /workdir/ratis-test/target/test/data/b2c0a8be/MiniRaftClusterWithNetty1f9c6c63/s1/7b03d609-5326-4b0a-b2d2-a1961c08437e/current/log_inprogress_420 to /workdir/ratis-test/target/test/data/b2c0a8be/MiniRaftClusterWithNetty1f9c6c63/s1/7b03d609-5326-4b0a-b2d2-a1961c08437e/current/log_420-421
2019-09-24 16:38:49,359 INFO  segmented.SegmentedRaftLogWorker (SegmentedRaftLogWorker.java:execute(569)) - s0@group-A1961C08437E-SegmentedRaftLogWorker: created new log segment /workdir/ratis-test/target/test/data/b2c0a8be/MiniRaftClusterWithNetty1f9c6c63/s0/7b03d609-5326-4b0a-b2d2-a1961c08437e/current/log_inprogress_422
2019-09-24 16:38:49,359 INFO  segmented.SegmentedRaftLogWorker (SegmentedRaftLogWorker.java:execute(569)) - s2@group-A1961C08437E-SegmentedRaftLogWorker: created new log segment /workdir/ratis-test/target/test/data/b2c0a8be/MiniRaftClusterWithNetty1f9c6c63/s2/7b03d609-5326-4b0a-b2d2-a1961c08437e/current/log_inprogress_428
2019-09-24 16:38:49,360 INFO  statemachine.SimpleStateMachine4Testing (SimpleStateMachine4Testing.java:put(198)) - s0: put 420, 2222222222... -> (t:2, i:420), STATEMACHINELOGENTRY, client-781B3BD2DEB4, cid=208
2019-09-24 16:38:49,360 INFO  statemachine.SimpleStateMachine4Testing (SimpleStateMachine4Testing.java:put(198)) - s2: put 422, 5555555555... -> (t:2, i:422), STATEMACHINELOGENTRY, client-DA36977FC49F, cid=213
2019-09-24 16:38:49,372 INFO  segmented.SegmentedRaftLogWorker (SegmentedRaftLogWorker.java:rollLogSegment(385)) - s0@group-A1961C08437E-SegmentedRaftLogWorker: Rolling segment log-422_423 to index:423
2019-09-24 16:38:49,373 INFO  segmented.SegmentedRaftLogWorker (SegmentedRaftLogWorker.java:execute(569)) - s1@group-A1961C08437E-SegmentedRaftLogWorker: created new log segment /workdir/ratis-test/target/test/data/b2c0a8be/MiniRaftClusterWithNetty1f9c6c63/s1/7b03d609-5326-4b0a-b2d2-a1961c08437e/current/log_inprogress_422
2019-09-24 16:38:49,373 TRACE util.FileUtils (LogUtils.java:runAndLog(61)) - Successfully ran Files.move /workdir/ratis-test/target/test/data/b2c0a8be/MiniRaftClusterWithNetty1f9c6c63/s0/7b03d609-5326-4b0a-b2d2-a1961c08437e/current/log_inprogress_422 to /workdir/ratis-test/target/test/data/b2c0a8be/MiniRaftClusterWithNetty1f9c6c63/s0/7b03d609-5326-4b0a-b2d2-a1961c08437e/current/log_422-423
2019-09-24 16:38:49,373 INFO  segmented.SegmentedRaftLogWorker (SegmentedRaftLogWorker.java:execute(526)) - s0@group-A1961C08437E-SegmentedRaftLogWorker: Rolled log segment from /workdir/ratis-test/target/test/data/b2c0a8be/MiniRaftClusterWithNetty1f9c6c63/s0/7b03d609-5326-4b0a-b2d2-a1961c08437e/current/log_inprogress_422 to /workdir/ratis-test/target/test/data/b2c0a8be/MiniRaftClusterWithNetty1f9c6c63/s0/7b03d609-5326-4b0a-b2d2-a1961c08437e/current/log_422-423
2019-09-24 16:38:49,376 INFO  segmented.SegmentedRaftLogWorker (SegmentedRaftLogWorker.java:execute(569)) - s0@group-A1961C08437E-SegmentedRaftLogWorker: created new log segment /workdir/ratis-test/target/test/data/b2c0a8be/MiniRaftClusterWithNetty1f9c6c63/s0/7b03d609-5326-4b0a-b2d2-a1961c08437e/current/log_inprogress_424
2019-09-24 16:38:49,377 INFO  statemachine.SimpleStateMachine4Testing (SimpleStateMachine4Testing.java:put(198)) - s0: put 422, 5555555555... -> (t:2, i:422), STATEMACHINELOGENTRY, client-DA36977FC49F, cid=213
2019-09-24 16:38:49,377 INFO  statemachine.SimpleStateMachine4Testing (SimpleStateMachine4Testing.java:put(198)) - s2: put 424, 5555555555... -> (t:2, i:424), STATEMACHINELOGENTRY, client-6F4DA14A560B, cid=214
2019-09-24 16:38:49,379 INFO  statemachine.SimpleStateMachine4Testing (SimpleStateMachine4Testing.java:put(198)) - s0: put 424, 5555555555... -> (t:2, i:424), STATEMACHINELOGENTRY, client-6F4DA14A560B, cid=214
2019-09-24 16:38:49,379 INFO  segmented.SegmentedRaftLogWorker (SegmentedRaftLogWorker.java:rollLogSegment(385)) - s0@group-A1961C08437E-SegmentedRaftLogWorker: Rolling segment log-424_425 to index:425
2019-09-24 16:38:49,380 TRACE util.FileUtils (LogUtils.java:runAndLog(61)) - Successfully ran Files.move /workdir/ratis-test/target/test/data/b2c0a8be/MiniRaftClusterWithNetty1f9c6c63/s0/7b03d609-5326-4b0a-b2d2-a1961c08437e/current/log_inprogress_424 to /workdir/ratis-test/target/test/data/b2c0a8be/MiniRaftClusterWithNetty1f9c6c63/s0/7b03d609-5326-4b0a-b2d2-a1961c08437e/current/log_424-425
2019-09-24 16:38:49,380 INFO  segmented.SegmentedRaftLogWorker (SegmentedRaftLogWorker.java:execute(526)) - s0@group-A1961C08437E-SegmentedRaftLogWorker: Rolled log segment from /workdir/ratis-test/target/test/data/b2c0a8be/MiniRaftClusterWithNetty1f9c6c63/s0/7b03d609-5326-4b0a-b2d2-a1961c08437e/current/log_inprogress_424 to /workdir/ratis-test/target/test/data/b2c0a8be/MiniRaftClusterWithNetty1f9c6c63/s0/7b03d609-5326-4b0a-b2d2-a1961c08437e/current/log_424-425
2019-09-24 16:38:49,381 INFO  statemachine.SimpleStateMachine4Testing (SimpleStateMachine4Testing.java:put(198)) - s1: put 422, 5555555555... -> (t:2, i:422), STATEMACHINELOGENTRY, client-DA36977FC49F, cid=213
2019-09-24 16:38:49,382 INFO  segmented.SegmentedRaftLogWorker (SegmentedRaftLogWorker.java:rollLogSegment(385)) - s1@group-A1961C08437E-SegmentedRaftLogWorker: Rolling segment log-422_423 to index:423
2019-09-24 16:38:49,382 TRACE util.FileUtils (LogUtils.java:runAndLog(61)) - Successfully ran Files.move /workdir/ratis-test/target/test/data/b2c0a8be/MiniRaftClusterWithNetty1f9c6c63/s1/7b03d609-5326-4b0a-b2d2-a1961c08437e/current/log_inprogress_422 to /workdir/ratis-test/target/test/data/b2c0a8be/MiniRaftClusterWithNetty1f9c6c63/s1/7b03d609-5326-4b0a-b2d2-a1961c08437e/current/log_422-423
2019-09-24 16:38:49,383 INFO  segmented.SegmentedRaftLogWorker (SegmentedRaftLogWorker.java:execute(526)) - s1@group-A1961C08437E-SegmentedRaftLogWorker: Rolled log segment from /workdir/ratis-test/target/test/data/b2c0a8be/MiniRaftClusterWithNetty1f9c6c63/s1/7b03d609-5326-4b0a-b2d2-a1961c08437e/current/log_inprogress_422 to /workdir/ratis-test/target/test/data/b2c0a8be/MiniRaftClusterWithNetty1f9c6c63/s1/7b03d609-5326-4b0a-b2d2-a1961c08437e/current/log_422-423
2019-09-24 16:38:49,391 INFO  segmented.SegmentedRaftLogWorker (SegmentedRaftLogWorker.java:execute(569)) - s1@group-A1961C08437E-SegmentedRaftLogWorker: created new log segment /workdir/ratis-test/target/test/data/b2c0a8be/MiniRaftClusterWithNetty1f9c6c63/s1/7b03d609-5326-4b0a-b2d2-a1961c08437e/current/log_inprogress_424
2019-09-24 16:38:49,391 INFO  segmented.SegmentedRaftLogWorker (SegmentedRaftLogWorker.java:execute(569)) - s0@group-A1961C08437E-SegmentedRaftLogWorker: created new log segment /workdir/ratis-test/target/test/data/b2c0a8be/MiniRaftClusterWithNetty1f9c6c63/s0/7b03d609-5326-4b0a-b2d2-a1961c08437e/current/log_inprogress_426
2019-09-24 16:38:49,393 INFO  statemachine.SimpleStateMachine4Testing (SimpleStateMachine4Testing.java:put(198)) - s2: put 426, 5555555555... -> (t:2, i:426), STATEMACHINELOGENTRY, client-69912ADB290A, cid=215
2019-09-24 16:38:49,394 INFO  statemachine.SimpleStateMachine4Testing (SimpleStateMachine4Testing.java:put(198)) - s0: put 426, 5555555555... -> (t:2, i:426), STATEMACHINELOGENTRY, client-69912ADB290A, cid=215
2019-09-24 16:38:49,395 INFO  segmented.SegmentedRaftLogWorker (SegmentedRaftLogWorker.java:rollLogSegment(385)) - s0@group-A1961C08437E-SegmentedRaftLogWorker: Rolling segment log-426_427 to index:427
2019-09-24 16:38:49,395 TRACE util.FileUtils (LogUtils.java:runAndLog(61)) - Successfully ran Files.move /workdir/ratis-test/target/test/data/b2c0a8be/MiniRaftClusterWithNetty1f9c6c63/s0/7b03d609-5326-4b0a-b2d2-a1961c08437e/current/log_inprogress_426 to /workdir/ratis-test/target/test/data/b2c0a8be/MiniRaftClusterWithNetty1f9c6c63/s0/7b03d609-5326-4b0a-b2d2-a1961c08437e/current/log_426-427
2019-09-24 16:38:49,396 INFO  segmented.SegmentedRaftLogWorker (SegmentedRaftLogWorker.java:execute(526)) - s0@group-A1961C08437E-SegmentedRaftLogWorker: Rolled log segment from /workdir/ratis-test/target/test/data/b2c0a8be/MiniRaftClusterWithNetty1f9c6c63/s0/7b03d609-5326-4b0a-b2d2-a1961c08437e/current/log_inprogress_426 to /workdir/ratis-test/target/test/data/b2c0a8be/MiniRaftClusterWithNetty1f9c6c63/s0/7b03d609-5326-4b0a-b2d2-a1961c08437e/current/log_426-427
2019-09-24 16:38:49,400 INFO  segmented.SegmentedRaftLogWorker (SegmentedRaftLogWorker.java:execute(569)) - s0@group-A1961C08437E-SegmentedRaftLogWorker: created new log segment /workdir/ratis-test/target/test/data/b2c0a8be/MiniRaftClusterWithNetty1f9c6c63/s0/7b03d609-5326-4b0a-b2d2-a1961c08437e/current/log_inprogress_428
2019-09-24 16:38:49,402 INFO  statemachine.SimpleStateMachine4Testing (SimpleStateMachine4Testing.java:put(198)) - s2: put 428, 2222222222... -> (t:2, i:428), STATEMACHINELOGENTRY, client-D98953169D47, cid=212
2019-09-24 16:38:49,403 INFO  segmented.SegmentedRaftLogWorker (SegmentedRaftLogWorker.java:rollLogSegment(385)) - s2@group-A1961C08437E-SegmentedRaftLogWorker: Rolling segment log-428_435 to index:435
2019-09-24 16:38:49,403 TRACE util.FileUtils (LogUtils.java:runAndLog(61)) - Successfully ran Files.move /workdir/ratis-test/target/test/data/b2c0a8be/MiniRaftClusterWithNetty1f9c6c63/s2/7b03d609-5326-4b0a-b2d2-a1961c08437e/current/log_inprogress_428 to /workdir/ratis-test/target/test/data/b2c0a8be/MiniRaftClusterWithNetty1f9c6c63/s2/7b03d609-5326-4b0a-b2d2-a1961c08437e/current/log_428-435
2019-09-24 16:38:49,404 INFO  segmented.SegmentedRaftLogWorker (SegmentedRaftLogWorker.java:execute(526)) - s2@group-A1961C08437E-SegmentedRaftLogWorker: Rolled log segment from /workdir/ratis-test/target/test/data/b2c0a8be/MiniRaftClusterWithNetty1f9c6c63/s2/7b03d609-5326-4b0a-b2d2-a1961c08437e/current/log_inprogress_428 to /workdir/ratis-test/target/test/data/b2c0a8be/MiniRaftClusterWithNetty1f9c6c63/s2/7b03d609-5326-4b0a-b2d2-a1961c08437e/current/log_428-435
2019-09-24 16:38:49,404 INFO  segmented.SegmentedRaftLogWorker (SegmentedRaftLogWorker.java:rollLogSegment(385)) - s1@group-A1961C08437E-SegmentedRaftLogWorker: Rolling segment log-424_425 to index:425
2019-09-24 16:38:49,404 TRACE util.FileUtils (LogUtils.java:runAndLog(61)) - Successfully ran Files.move /workdir/ratis-test/target/test/data/b2c0a8be/MiniRaftClusterWithNetty1f9c6c63/s1/7b03d609-5326-4b0a-b2d2-a1961c08437e/current/log_inprogress_424 to /workdir/ratis-test/target/test/data/b2c0a8be/MiniRaftClusterWithNetty1f9c6c63/s1/7b03d609-5326-4b0a-b2d2-a1961c08437e/current/log_424-425
2019-09-24 16:38:49,404 INFO  segmented.SegmentedRaftLogWorker (SegmentedRaftLogWorker.java:execute(526)) - s1@group-A1961C08437E-SegmentedRaftLogWorker: Rolled log segment from /workdir/ratis-test/target/test/data/b2c0a8be/MiniRaftClusterWithNetty1f9c6c63/s1/7b03d609-5326-4b0a-b2d2-a1961c08437e/current/log_inprogress_424 to /workdir/ratis-test/target/test/data/b2c0a8be/MiniRaftClusterWithNetty1f9c6c63/s1/7b03d609-5326-4b0a-b2d2-a1961c08437e/current/log_424-425
2019-09-24 16:38:49,406 INFO  statemachine.SimpleStateMachine4Testing (SimpleStateMachine4Testing.java:put(198)) - s0: put 428, 2222222222... -> (t:2, i:428), STATEMACHINELOGENTRY, client-D98953169D47, cid=212
2019-09-24 16:38:49,407 INFO  statemachine.SimpleStateMachine4Testing (SimpleStateMachine4Testing.java:put(198)) - s2: put 430, 0000000000... -> (t:2, i:430), STATEMACHINELOGENTRY, client-DA36977FC49F, cid=217
2019-09-24 16:38:49,408 INFO  statemachine.SimpleStateMachine4Testing (SimpleStateMachine4Testing.java:put(198)) - s0: put 430, 0000000000... -> (t:2, i:430), STATEMACHINELOGENTRY, client-DA36977FC49F, cid=217
2019-09-24 16:38:49,410 INFO  segmented.SegmentedRaftLogWorker (SegmentedRaftLogWorker.java:execute(569)) - s2@group-A1961C08437E-SegmentedRaftLogWorker: created new log segment /workdir/ratis-test/target/test/data/b2c0a8be/MiniRaftClusterWithNetty1f9c6c63/s2/7b03d609-5326-4b0a-b2d2-a1961c08437e/current/log_inprogress_436
2019-09-24 16:38:49,410 INFO  statemachine.SimpleStateMachine4Testing (SimpleStateMachine4Testing.java:put(198)) - s2: put 432, 0000000000... -> (t:2, i:432), STATEMACHINELOGENTRY, client-6F4DA14A560B, cid=218
2019-09-24 16:38:49,411 INFO  segmented.SegmentedRaftLogWorker (SegmentedRaftLogWorker.java:rollLogSegment(385)) - s2@group-A1961C08437E-SegmentedRaftLogWorker: Rolling segment log-436_439 to index:439
2019-09-24 16:38:49,411 INFO  segmented.SegmentedRaftLogWorker (SegmentedRaftLogWorker.java:execute(569)) - s1@group-A1961C08437E-SegmentedRaftLogWorker: created new log segment /workdir/ratis-test/target/test/data/b2c0a8be/MiniRaftClusterWithNetty1f9c6c63/s1/7b03d609-5326-4b0a-b2d2-a1961c08437e/current/log_inprogress_426
2019-09-24 16:38:49,412 INFO  statemachine.SimpleStateMachine4Testing (SimpleStateMachine4Testing.java:put(198)) - s0: put 432, 0000000000... -> (t:2, i:432), STATEMACHINELOGENTRY, client-6F4DA14A560B, cid=218
2019-09-24 16:38:49,412 TRACE util.FileUtils (LogUtils.java:runAndLog(61)) - Successfully ran Files.move /workdir/ratis-test/target/test/data/b2c0a8be/MiniRaftClusterWithNetty1f9c6c63/s2/7b03d609-5326-4b0a-b2d2-a1961c08437e/current/log_inprogress_436 to /workdir/ratis-test/target/test/data/b2c0a8be/MiniRaftClusterWithNetty1f9c6c63/s2/7b03d609-5326-4b0a-b2d2-a1961c08437e/current/log_436-439
2019-09-24 16:38:49,412 INFO  segmented.SegmentedRaftLogWorker (SegmentedRaftLogWorker.java:execute(526)) - s2@group-A1961C08437E-SegmentedRaftLogWorker: Rolled log segment from /workdir/ratis-test/target/test/data/b2c0a8be/MiniRaftClusterWithNetty1f9c6c63/s2/7b03d609-5326-4b0a-b2d2-a1961c08437e/current/log_inprogress_436 to /workdir/ratis-test/target/test/data/b2c0a8be/MiniRaftClusterWithNetty1f9c6c63/s2/7b03d609-5326-4b0a-b2d2-a1961c08437e/current/log_436-439
2019-09-24 16:38:49,414 INFO  statemachine.SimpleStateMachine4Testing (SimpleStateMachine4Testing.java:put(198)) - s2: put 434, 0000000000... -> (t:2, i:434), STATEMACHINELOGENTRY, client-69912ADB290A, cid=219
2019-09-24 16:38:49,416 INFO  statemachine.SimpleStateMachine4Testing (SimpleStateMachine4Testing.java:put(198)) - s0: put 434, 0000000000... -> (t:2, i:434), STATEMACHINELOGENTRY, client-69912ADB290A, cid=219
2019-09-24 16:38:49,416 INFO  segmented.SegmentedRaftLogWorker (SegmentedRaftLogWorker.java:rollLogSegment(385)) - s1@group-A1961C08437E-SegmentedRaftLogWorker: Rolling segment log-426_427 to index:427
2019-09-24 16:38:49,416 INFO  segmented.SegmentedRaftLogWorker (SegmentedRaftLogWorker.java:rollLogSegment(385)) - s0@group-A1961C08437E-SegmentedRaftLogWorker: Rolling segment log-428_435 to index:435
2019-09-24 16:38:49,416 TRACE util.FileUtils (LogUtils.java:runAndLog(61)) - Successfully ran Files.move /workdir/ratis-test/target/test/data/b2c0a8be/MiniRaftClusterWithNetty1f9c6c63/s1/7b03d609-5326-4b0a-b2d2-a1961c08437e/current/log_inprogress_426 to /workdir/ratis-test/target/test/data/b2c0a8be/MiniRaftClusterWithNetty1f9c6c63/s1/7b03d609-5326-4b0a-b2d2-a1961c08437e/current/log_426-427
2019-09-24 16:38:49,417 INFO  segmented.SegmentedRaftLogWorker (SegmentedRaftLogWorker.java:execute(526)) - s1@group-A1961C08437E-SegmentedRaftLogWorker: Rolled log segment from /workdir/ratis-test/target/test/data/b2c0a8be/MiniRaftClusterWithNetty1f9c6c63/s1/7b03d609-5326-4b0a-b2d2-a1961c08437e/current/log_inprogress_426 to /workdir/ratis-test/target/test/data/b2c0a8be/MiniRaftClusterWithNetty1f9c6c63/s1/7b03d609-5326-4b0a-b2d2-a1961c08437e/current/log_426-427
2019-09-24 16:38:49,417 TRACE util.FileUtils (LogUtils.java:runAndLog(61)) - Successfully ran Files.move /workdir/ratis-test/target/test/data/b2c0a8be/MiniRaftClusterWithNetty1f9c6c63/s0/7b03d609-5326-4b0a-b2d2-a1961c08437e/current/log_inprogress_428 to /workdir/ratis-test/target/test/data/b2c0a8be/MiniRaftClusterWithNetty1f9c6c63/s0/7b03d609-5326-4b0a-b2d2-a1961c08437e/current/log_428-435
2019-09-24 16:38:49,417 INFO  segmented.SegmentedRaftLogWorker (SegmentedRaftLogWorker.java:execute(526)) - s0@group-A1961C08437E-SegmentedRaftLogWorker: Rolled log segment from /workdir/ratis-test/target/test/data/b2c0a8be/MiniRaftClusterWithNetty1f9c6c63/s0/7b03d609-5326-4b0a-b2d2-a1961c08437e/current/log_inprogress_428 to /workdir/ratis-test/target/test/data/b2c0a8be/MiniRaftClusterWithNetty1f9c6c63/s0/7b03d609-5326-4b0a-b2d2-a1961c08437e/current/log_428-435
2019-09-24 16:38:49,428 INFO  segmented.SegmentedRaftLogWorker (SegmentedRaftLogWorker.java:execute(569)) - s1@group-A1961C08437E-SegmentedRaftLogWorker: created new log segment /workdir/ratis-test/target/test/data/b2c0a8be/MiniRaftClusterWithNetty1f9c6c63/s1/7b03d609-5326-4b0a-b2d2-a1961c08437e/current/log_inprogress_428
2019-09-24 16:38:49,428 INFO  segmented.SegmentedRaftLogWorker (SegmentedRaftLogWorker.java:execute(569)) - s2@group-A1961C08437E-SegmentedRaftLogWorker: created new log segment /workdir/ratis-test/target/test/data/b2c0a8be/MiniRaftClusterWithNetty1f9c6c63/s2/7b03d609-5326-4b0a-b2d2-a1961c08437e/current/log_inprogress_440
2019-09-24 16:38:49,428 INFO  segmented.SegmentedRaftLogWorker (SegmentedRaftLogWorker.java:execute(569)) - s0@group-A1961C08437E-SegmentedRaftLogWorker: created new log segment /workdir/ratis-test/target/test/data/b2c0a8be/MiniRaftClusterWithNetty1f9c6c63/s0/7b03d609-5326-4b0a-b2d2-a1961c08437e/current/log_inprogress_436
2019-09-24 16:38:49,431 INFO  statemachine.SimpleStateMachine4Testing (SimpleStateMachine4Testing.java:put(198)) - s2: put 436, 3333333333... -> (t:2, i:436), STATEMACHINELOGENTRY, client-781B3BD2DEB4, cid=216
2019-09-24 16:38:49,432 INFO  segmented.SegmentedRaftLogWorker (SegmentedRaftLogWorker.java:rollLogSegment(385)) - s2@group-A1961C08437E-SegmentedRaftLogWorker: Rolling segment log-440_443 to index:443
2019-09-24 16:38:49,443 INFO  statemachine.SimpleStateMachine4Testing (SimpleStateMachine4Testing.java:put(198)) - s0: put 436, 3333333333... -> (t:2, i:436), STATEMACHINELOGENTRY, client-781B3BD2DEB4, cid=216
2019-09-24 16:38:49,443 INFO  statemachine.SimpleStateMachine4Testing (SimpleStateMachine4Testing.java:put(198)) - s2: put 438, 1111111111... -> (t:2, i:438), STATEMACHINELOGENTRY, client-DA36977FC49F, cid=221
2019-09-24 16:38:49,446 INFO  statemachine.SimpleStateMachine4Testing (SimpleStateMachine4Testing.java:put(198)) - s0: put 438, 1111111111... -> (t:2, i:438), STATEMACHINELOGENTRY, client-DA36977FC49F, cid=221
2019-09-24 16:38:49,446 INFO  segmented.SegmentedRaftLogWorker (SegmentedRaftLogWorker.java:rollLogSegment(385)) - s0@group-A1961C08437E-SegmentedRaftLogWorker: Rolling segment log-436_439 to index:439
2019-09-24 16:38:49,447 TRACE util.FileUtils (LogUtils.java:runAndLog(61)) - Successfully ran Files.move /workdir/ratis-test/target/test/data/b2c0a8be/MiniRaftClusterWithNetty1f9c6c63/s0/7b03d609-5326-4b0a-b2d2-a1961c08437e/current/log_inprogress_436 to /workdir/ratis-test/target/test/data/b2c0a8be/MiniRaftClusterWithNetty1f9c6c63/s0/7b03d609-5326-4b0a-b2d2-a1961c08437e/current/log_436-439
2019-09-24 16:38:49,447 INFO  segmented.SegmentedRaftLogWorker (SegmentedRaftLogWorker.java:execute(526)) - s0@group-A1961C08437E-SegmentedRaftLogWorker: Rolled log segment from /workdir/ratis-test/target/test/data/b2c0a8be/MiniRaftClusterWithNetty1f9c6c63/s0/7b03d609-5326-4b0a-b2d2-a1961c08437e/current/log_inprogress_436 to /workdir/ratis-test/target/test/data/b2c0a8be/MiniRaftClusterWithNetty1f9c6c63/s0/7b03d609-5326-4b0a-b2d2-a1961c08437e/current/log_436-439
2019-09-24 16:38:49,451 INFO  segmented.SegmentedRaftLogWorker (SegmentedRaftLogWorker.java:execute(569)) - s0@group-A1961C08437E-SegmentedRaftLogWorker: created new log segment /workdir/ratis-test/target/test/data/b2c0a8be/MiniRaftClusterWithNetty1f9c6c63/s0/7b03d609-5326-4b0a-b2d2-a1961c08437e/current/log_inprogress_440
2019-09-24 16:38:49,454 INFO  segmented.SegmentedRaftLogWorker (SegmentedRaftLogWorker.java:rollLogSegment(385)) - s1@group-A1961C08437E-SegmentedRaftLogWorker: Rolling segment log-428_435 to index:435
2019-09-24 16:38:49,455 TRACE util.FileUtils (LogUtils.java:runAndLog(61)) - Successfully ran Files.move /workdir/ratis-test/target/test/data/b2c0a8be/MiniRaftClusterWithNetty1f9c6c63/s1/7b03d609-5326-4b0a-b2d2-a1961c08437e/current/log_inprogress_428 to /workdir/ratis-test/target/test/data/b2c0a8be/MiniRaftClusterWithNetty1f9c6c63/s1/7b03d609-5326-4b0a-b2d2-a1961c08437e/current/log_428-435
2019-09-24 16:38:49,455 INFO  segmented.SegmentedRaftLogWorker (SegmentedRaftLogWorker.java:execute(526)) - s1@group-A1961C08437E-SegmentedRaftLogWorker: Rolled log segment from /workdir/ratis-test/target/test/data/b2c0a8be/MiniRaftClusterWithNetty1f9c6c63/s1/7b03d609-5326-4b0a-b2d2-a1961c08437e/current/log_inprogress_428 to /workdir/ratis-test/target/test/data/b2c0a8be/MiniRaftClusterWithNetty1f9c6c63/s1/7b03d609-5326-4b0a-b2d2-a1961c08437e/current/log_428-435
2019-09-24 16:38:49,467 INFO  segmented.SegmentedRaftLogWorker (SegmentedRaftLogWorker.java:rollLogSegment(385)) - s0@group-A1961C08437E-SegmentedRaftLogWorker: Rolling segment log-440_443 to index:443
2019-09-24 16:38:49,467 TRACE util.FileUtils (LogUtils.java:runAndLog(61)) - Successfully ran Files.move /workdir/ratis-test/target/test/data/b2c0a8be/MiniRaftClusterWithNetty1f9c6c63/s0/7b03d609-5326-4b0a-b2d2-a1961c08437e/current/log_inprogress_440 to /workdir/ratis-test/target/test/data/b2c0a8be/MiniRaftClusterWithNetty1f9c6c63/s0/7b03d609-5326-4b0a-b2d2-a1961c08437e/current/log_440-443
2019-09-24 16:38:49,467 INFO  segmented.SegmentedRaftLogWorker (SegmentedRaftLogWorker.java:execute(526)) - s0@group-A1961C08437E-SegmentedRaftLogWorker: Rolled log segment from /workdir/ratis-test/target/test/data/b2c0a8be/MiniRaftClusterWithNetty1f9c6c63/s0/7b03d609-5326-4b0a-b2d2-a1961c08437e/current/log_inprogress_440 to /workdir/ratis-test/target/test/data/b2c0a8be/MiniRaftClusterWithNetty1f9c6c63/s0/7b03d609-5326-4b0a-b2d2-a1961c08437e/current/log_440-443
2019-09-24 16:38:49,782 INFO  statemachine.SimpleStateMachine4Testing (SimpleStateMachine4Testing.java:put(198)) - s2: put 440, 1111111111... -> (t:2, i:440), STATEMACHINELOGENTRY, client-6F4DA14A560B, cid=222
2019-09-24 16:38:49,783 INFO  statemachine.SimpleStateMachine4Testing (SimpleStateMachine4Testing.java:put(198)) - s2: put 442, 1111111111... -> (t:2, i:442), STATEMACHINELOGENTRY, client-69912ADB290A, cid=223
2019-09-24 16:38:49,783 TRACE util.FileUtils (LogUtils.java:runAndLog(61)) - Successfully ran Files.move /workdir/ratis-test/target/test/data/b2c0a8be/MiniRaftClusterWithNetty1f9c6c63/s2/7b03d609-5326-4b0a-b2d2-a1961c08437e/current/log_inprogress_440 to /workdir/ratis-test/target/test/data/b2c0a8be/MiniRaftClusterWithNetty1f9c6c63/s2/7b03d609-5326-4b0a-b2d2-a1961c08437e/current/log_440-443
2019-09-24 16:38:49,783 INFO  segmented.SegmentedRaftLogWorker (SegmentedRaftLogWorker.java:execute(526)) - s2@group-A1961C08437E-SegmentedRaftLogWorker: Rolled log segment from /workdir/ratis-test/target/test/data/b2c0a8be/MiniRaftClusterWithNetty1f9c6c63/s2/7b03d609-5326-4b0a-b2d2-a1961c08437e/current/log_inprogress_440 to /workdir/ratis-test/target/test/data/b2c0a8be/MiniRaftClusterWithNetty1f9c6c63/s2/7b03d609-5326-4b0a-b2d2-a1961c08437e/current/log_440-443
2019-09-24 16:38:49,784 INFO  segmented.SegmentedRaftLogWorker (SegmentedRaftLogWorker.java:rollLogSegment(385)) - s2@group-A1961C08437E-SegmentedRaftLogWorker: Rolling segment log-444_447 to index:447
2019-09-24 16:38:49,793 INFO  segmented.SegmentedRaftLogWorker (SegmentedRaftLogWorker.java:execute(569)) - s0@group-A1961C08437E-SegmentedRaftLogWorker: created new log segment /workdir/ratis-test/target/test/data/b2c0a8be/MiniRaftClusterWithNetty1f9c6c63/s0/7b03d609-5326-4b0a-b2d2-a1961c08437e/current/log_inprogress_444
2019-09-24 16:38:49,793 INFO  segmented.SegmentedRaftLogWorker (SegmentedRaftLogWorker.java:execute(569)) - s1@group-A1961C08437E-SegmentedRaftLogWorker: created new log segment /workdir/ratis-test/target/test/data/b2c0a8be/MiniRaftClusterWithNetty1f9c6c63/s1/7b03d609-5326-4b0a-b2d2-a1961c08437e/current/log_inprogress_436
2019-09-24 16:38:49,796 INFO  statemachine.SimpleStateMachine4Testing (SimpleStateMachine4Testing.java:put(198)) - s0: put 440, 1111111111... -> (t:2, i:440), STATEMACHINELOGENTRY, client-6F4DA14A560B, cid=222
2019-09-24 16:38:49,796 INFO  statemachine.SimpleStateMachine4Testing (SimpleStateMachine4Testing.java:put(198)) - s0: put 442, 1111111111... -> (t:2, i:442), STATEMACHINELOGENTRY, client-69912ADB290A, cid=223
2019-09-24 16:38:49,811 INFO  segmented.SegmentedRaftLogWorker (SegmentedRaftLogWorker.java:execute(569)) - s2@group-A1961C08437E-SegmentedRaftLogWorker: created new log segment /workdir/ratis-test/target/test/data/b2c0a8be/MiniRaftClusterWithNetty1f9c6c63/s2/7b03d609-5326-4b0a-b2d2-a1961c08437e/current/log_inprogress_444
2019-09-24 16:38:49,812 INFO  segmented.SegmentedRaftLogWorker (SegmentedRaftLogWorker.java:rollLogSegment(385)) - s0@group-A1961C08437E-SegmentedRaftLogWorker: Rolling segment log-444_447 to index:447
2019-09-24 16:38:49,812 TRACE util.FileUtils (LogUtils.java:runAndLog(61)) - Successfully ran Files.move /workdir/ratis-test/target/test/data/b2c0a8be/MiniRaftClusterWithNetty1f9c6c63/s2/7b03d609-5326-4b0a-b2d2-a1961c08437e/current/log_inprogress_444 to /workdir/ratis-test/target/test/data/b2c0a8be/MiniRaftClusterWithNetty1f9c6c63/s2/7b03d609-5326-4b0a-b2d2-a1961c08437e/current/log_444-447
2019-09-24 16:38:49,812 TRACE util.FileUtils (LogUtils.java:runAndLog(61)) - Successfully ran Files.move /workdir/ratis-test/target/test/data/b2c0a8be/MiniRaftClusterWithNetty1f9c6c63/s0/7b03d609-5326-4b0a-b2d2-a1961c08437e/current/log_inprogress_444 to /workdir/ratis-test/target/test/data/b2c0a8be/MiniRaftClusterWithNetty1f9c6c63/s0/7b03d609-5326-4b0a-b2d2-a1961c08437e/current/log_444-447
2019-09-24 16:38:49,813 INFO  segmented.SegmentedRaftLogWorker (SegmentedRaftLogWorker.java:execute(526)) - s2@group-A1961C08437E-SegmentedRaftLogWorker: Rolled log segment from /workdir/ratis-test/target/test/data/b2c0a8be/MiniRaftClusterWithNetty1f9c6c63/s2/7b03d609-5326-4b0a-b2d2-a1961c08437e/current/log_inprogress_444 to /workdir/ratis-test/target/test/data/b2c0a8be/MiniRaftClusterWithNetty1f9c6c63/s2/7b03d609-5326-4b0a-b2d2-a1961c08437e/current/log_444-447
2019-09-24 16:38:49,813 INFO  segmented.SegmentedRaftLogWorker (SegmentedRaftLogWorker.java:execute(526)) - s0@group-A1961C08437E-SegmentedRaftLogWorker: Rolled log segment from /workdir/ratis-test/target/test/data/b2c0a8be/MiniRaftClusterWithNetty1f9c6c63/s0/7b03d609-5326-4b0a-b2d2-a1961c08437e/current/log_inprogress_444 to /workdir/ratis-test/target/test/data/b2c0a8be/MiniRaftClusterWithNetty1f9c6c63/s0/7b03d609-5326-4b0a-b2d2-a1961c08437e/current/log_444-447
2019-09-24 16:38:49,813 INFO  statemachine.SimpleStateMachine4Testing (SimpleStateMachine4Testing.java:put(198)) - s2: put 444, 3333333333... -> (t:2, i:444), STATEMACHINELOGENTRY, client-D98953169D47, cid=220
2019-09-24 16:38:49,813 INFO  statemachine.SimpleStateMachine4Testing (SimpleStateMachine4Testing.java:put(198)) - s2: put 446, 2222222222... -> (t:2, i:446), STATEMACHINELOGENTRY, client-DA36977FC49F, cid=225
2019-09-24 16:38:49,814 INFO  segmented.SegmentedRaftLogWorker (SegmentedRaftLogWorker.java:rollLogSegment(385)) - s2@group-A1961C08437E-SegmentedRaftLogWorker: Rolling segment log-448_449 to index:449
2019-09-24 16:38:49,815 INFO  segmented.SegmentedRaftLogWorker (SegmentedRaftLogWorker.java:rollLogSegment(385)) - s2@group-A1961C08437E-SegmentedRaftLogWorker: Rolling segment log-450_450 to index:450
2019-09-24 16:38:49,826 INFO  segmented.SegmentedRaftLogWorker (SegmentedRaftLogWorker.java:execute(569)) - s0@group-A1961C08437E-SegmentedRaftLogWorker: created new log segment /workdir/ratis-test/target/test/data/b2c0a8be/MiniRaftClusterWithNetty1f9c6c63/s0/7b03d609-5326-4b0a-b2d2-a1961c08437e/current/log_inprogress_448
2019-09-24 16:38:49,826 INFO  segmented.SegmentedRaftLogWorker (SegmentedRaftLogWorker.java:execute(569)) - s2@group-A1961C08437E-SegmentedRaftLogWorker: created new log segment /workdir/ratis-test/target/test/data/b2c0a8be/MiniRaftClusterWithNetty1f9c6c63/s2/7b03d609-5326-4b0a-b2d2-a1961c08437e/current/log_inprogress_448
2019-09-24 16:38:49,828 TRACE util.FileUtils (LogUtils.java:runAndLog(61)) - Successfully ran Files.move /workdir/ratis-test/target/test/data/b2c0a8be/MiniRaftClusterWithNetty1f9c6c63/s2/7b03d609-5326-4b0a-b2d2-a1961c08437e/current/log_inprogress_448 to /workdir/ratis-test/target/test/data/b2c0a8be/MiniRaftClusterWithNetty1f9c6c63/s2/7b03d609-5326-4b0a-b2d2-a1961c08437e/current/log_448-449
2019-09-24 16:38:49,828 INFO  segmented.SegmentedRaftLogWorker (SegmentedRaftLogWorker.java:execute(526)) - s2@group-A1961C08437E-SegmentedRaftLogWorker: Rolled log segment from /workdir/ratis-test/target/test/data/b2c0a8be/MiniRaftClusterWithNetty1f9c6c63/s2/7b03d609-5326-4b0a-b2d2-a1961c08437e/current/log_inprogress_448 to /workdir/ratis-test/target/test/data/b2c0a8be/MiniRaftClusterWithNetty1f9c6c63/s2/7b03d609-5326-4b0a-b2d2-a1961c08437e/current/log_448-449
2019-09-24 16:38:49,829 INFO  statemachine.SimpleStateMachine4Testing (SimpleStateMachine4Testing.java:put(198)) - s2: put 448, 2222222222... -> (t:2, i:448), STATEMACHINELOGENTRY, client-6F4DA14A560B, cid=226
2019-09-24 16:38:49,830 INFO  segmented.SegmentedRaftLogWorker (SegmentedRaftLogWorker.java:rollLogSegment(385)) - s2@group-A1961C08437E-SegmentedRaftLogWorker: Rolling segment log-451_452 to index:452
2019-09-24 16:38:49,840 INFO  statemachine.SimpleStateMachine4Testing (SimpleStateMachine4Testing.java:put(198)) - s0: put 444, 3333333333... -> (t:2, i:444), STATEMACHINELOGENTRY, client-D98953169D47, cid=220
2019-09-24 16:38:49,840 INFO  statemachine.SimpleStateMachine4Testing (SimpleStateMachine4Testing.java:put(198)) - s0: put 446, 2222222222... -> (t:2, i:446), STATEMACHINELOGENTRY, client-DA36977FC49F, cid=225
2019-09-24 16:38:49,840 INFO  statemachine.SimpleStateMachine4Testing (SimpleStateMachine4Testing.java:put(198)) - s2: put 449, 2222222222... -> (t:2, i:449), STATEMACHINELOGENTRY, client-69912ADB290A, cid=227
2019-09-24 16:38:49,841 INFO  segmented.SegmentedRaftLogWorker (SegmentedRaftLogWorker.java:rollLogSegment(385)) - s0@group-A1961C08437E-SegmentedRaftLogWorker: Rolling segment log-448_449 to index:449
2019-09-24 16:38:49,842 INFO  segmented.SegmentedRaftLogWorker (SegmentedRaftLogWorker.java:rollLogSegment(385)) - s2@group-A1961C08437E-SegmentedRaftLogWorker: Rolling segment log-453_454 to index:454
2019-09-24 16:38:49,842 TRACE util.FileUtils (LogUtils.java:runAndLog(61)) - Successfully ran Files.move /workdir/ratis-test/target/test/data/b2c0a8be/MiniRaftClusterWithNetty1f9c6c63/s0/7b03d609-5326-4b0a-b2d2-a1961c08437e/current/log_inprogress_448 to /workdir/ratis-test/target/test/data/b2c0a8be/MiniRaftClusterWithNetty1f9c6c63/s0/7b03d609-5326-4b0a-b2d2-a1961c08437e/current/log_448-449
2019-09-24 16:38:49,842 INFO  segmented.SegmentedRaftLogWorker (SegmentedRaftLogWorker.java:execute(569)) - s2@group-A1961C08437E-SegmentedRaftLogWorker: created new log segment /workdir/ratis-test/target/test/data/b2c0a8be/MiniRaftClusterWithNetty1f9c6c63/s2/7b03d609-5326-4b0a-b2d2-a1961c08437e/current/log_inprogress_450
2019-09-24 16:38:49,842 INFO  segmented.SegmentedRaftLogWorker (SegmentedRaftLogWorker.java:execute(526)) - s0@group-A1961C08437E-SegmentedRaftLogWorker: Rolled log segment from /workdir/ratis-test/target/test/data/b2c0a8be/MiniRaftClusterWithNetty1f9c6c63/s0/7b03d609-5326-4b0a-b2d2-a1961c08437e/current/log_inprogress_448 to /workdir/ratis-test/target/test/data/b2c0a8be/MiniRaftClusterWithNetty1f9c6c63/s0/7b03d609-5326-4b0a-b2d2-a1961c08437e/current/log_448-449
2019-09-24 16:38:49,844 TRACE util.FileUtils (LogUtils.java:runAndLog(61)) - Successfully ran Files.move /workdir/ratis-test/target/test/data/b2c0a8be/MiniRaftClusterWithNetty1f9c6c63/s2/7b03d609-5326-4b0a-b2d2-a1961c08437e/current/log_inprogress_450 to /workdir/ratis-test/target/test/data/b2c0a8be/MiniRaftClusterWithNetty1f9c6c63/s2/7b03d609-5326-4b0a-b2d2-a1961c08437e/current/log_450-450
2019-09-24 16:38:49,844 INFO  segmented.SegmentedRaftLogWorker (SegmentedRaftLogWorker.java:execute(526)) - s2@group-A1961C08437E-SegmentedRaftLogWorker: Rolled log segment from /workdir/ratis-test/target/test/data/b2c0a8be/MiniRaftClusterWithNetty1f9c6c63/s2/7b03d609-5326-4b0a-b2d2-a1961c08437e/current/log_inprogress_450 to /workdir/ratis-test/target/test/data/b2c0a8be/MiniRaftClusterWithNetty1f9c6c63/s2/7b03d609-5326-4b0a-b2d2-a1961c08437e/current/log_450-450
2019-09-24 16:38:50,687 INFO  ratis.MiniRaftCluster (MiniRaftCluster.java:lambda$null$5(297)) - TIMED-PRINT: printing ALL groups
  s0:  RUNNING  FOLLOWER s0@group-A1961C08437E:t2, leader=s2, voted=s2, raftlog=s0@group-A1961C08437E-SegmentedRaftLog:OPENED:c447,f449,i450, conf=0: [s0:0.0.0.0:42189, s1:0.0.0.0:39138, s2:0.0.0.0:44435], old=null RUNNING
  s1:  RUNNING  FOLLOWER s1@group-A1961C08437E:t2, leader=s2, voted=s1, raftlog=s1@group-A1961C08437E-SegmentedRaftLog:OPENED:c423,f436,i437, conf=0: [s0:0.0.0.0:42189, s1:0.0.0.0:39138, s2:0.0.0.0:44435], old=null RUNNING
  s2:  RUNNING    LEADER s2@group-A1961C08437E:t2, leader=s2, voted=s2, raftlog=s2@group-A1961C08437E-SegmentedRaftLog:OPENED:c449,f450,i455, conf=0: [s0:0.0.0.0:42189, s1:0.0.0.0:39138, s2:0.0.0.0:44435], old=null RUNNING
2019-09-24 16:38:55,024 INFO  segmented.SegmentedRaftLogWorker (SegmentedRaftLogWorker.java:execute(569)) - s0@group-A1961C08437E-SegmentedRaftLogWorker: created new log segment /workdir/ratis-test/target/test/data/b2c0a8be/MiniRaftClusterWithNetty1f9c6c63/s0/7b03d609-5326-4b0a-b2d2-a1961c08437e/current/log_inprogress_450
2019-09-24 16:38:55,024 INFO  segmented.SegmentedRaftLogWorker (SegmentedRaftLogWorker.java:execute(569)) - s2@group-A1961C08437E-SegmentedRaftLogWorker: created new log segment /workdir/ratis-test/target/test/data/b2c0a8be/MiniRaftClusterWithNetty1f9c6c63/s2/7b03d609-5326-4b0a-b2d2-a1961c08437e/current/log_inprogress_451
2019-09-24 16:38:55,038 TRACE util.FileUtils (LogUtils.java:runAndLog(61)) - Successfully ran Files.move /workdir/ratis-test/target/test/data/b2c0a8be/MiniRaftClusterWithNetty1f9c6c63/s2/7b03d609-5326-4b0a-b2d2-a1961c08437e/current/log_inprogress_451 to /workdir/ratis-test/target/test/data/b2c0a8be/MiniRaftClusterWithNetty1f9c6c63/s2/7b03d609-5326-4b0a-b2d2-a1961c08437e/current/log_451-452
2019-09-24 16:38:55,039 INFO  segmented.SegmentedRaftLogWorker (SegmentedRaftLogWorker.java:execute(526)) - s2@group-A1961C08437E-SegmentedRaftLogWorker: Rolled log segment from /workdir/ratis-test/target/test/data/b2c0a8be/MiniRaftClusterWithNetty1f9c6c63/s2/7b03d609-5326-4b0a-b2d2-a1961c08437e/current/log_inprogress_451 to /workdir/ratis-test/target/test/data/b2c0a8be/MiniRaftClusterWithNetty1f9c6c63/s2/7b03d609-5326-4b0a-b2d2-a1961c08437e/current/log_451-452
2019-09-24 16:38:56,529 INFO  statemachine.SimpleStateMachine4Testing (SimpleStateMachine4Testing.java:put(198)) - s0: put 448, 2222222222... -> (t:2, i:448), STATEMACHINELOGENTRY, client-6F4DA14A560B, cid=226
2019-09-24 16:38:56,530 INFO  statemachine.SimpleStateMachine4Testing (SimpleStateMachine4Testing.java:put(198)) - s2: put 450, 4444444444... -> (t:2, i:450), STATEMACHINELOGENTRY, client-781B3BD2DEB4, cid=224
2019-09-24 16:38:56,531 INFO  segmented.SegmentedRaftLogWorker (SegmentedRaftLogWorker.java:rollLogSegment(385)) - s0@group-A1961C08437E-SegmentedRaftLogWorker: Rolling segment log-450_450 to index:450
2019-09-24 16:38:56,534 INFO  segmented.SegmentedRaftLogWorker (SegmentedRaftLogWorker.java:rollLogSegment(385)) - s2@group-A1961C08437E-SegmentedRaftLogWorker: Rolling segment log-455_456 to index:456
2019-09-24 16:38:56,539 TRACE util.FileUtils (LogUtils.java:runAndLog(61)) - Successfully ran Files.move /workdir/ratis-test/target/test/data/b2c0a8be/MiniRaftClusterWithNetty1f9c6c63/s0/7b03d609-5326-4b0a-b2d2-a1961c08437e/current/log_inprogress_450 to /workdir/ratis-test/target/test/data/b2c0a8be/MiniRaftClusterWithNetty1f9c6c63/s0/7b03d609-5326-4b0a-b2d2-a1961c08437e/current/log_450-450
2019-09-24 16:38:56,539 INFO  segmented.SegmentedRaftLogWorker (SegmentedRaftLogWorker.java:execute(526)) - s0@group-A1961C08437E-SegmentedRaftLogWorker: Rolled log segment from /workdir/ratis-test/target/test/data/b2c0a8be/MiniRaftClusterWithNetty1f9c6c63/s0/7b03d609-5326-4b0a-b2d2-a1961c08437e/current/log_inprogress_450 to /workdir/ratis-test/target/test/data/b2c0a8be/MiniRaftClusterWithNetty1f9c6c63/s0/7b03d609-5326-4b0a-b2d2-a1961c08437e/current/log_450-450
2019-09-24 16:39:00,464 INFO  segmented.SegmentedRaftLogWorker (SegmentedRaftLogWorker.java:execute(569)) - s2@group-A1961C08437E-SegmentedRaftLogWorker: created new log segment /workdir/ratis-test/target/test/data/b2c0a8be/MiniRaftClusterWithNetty1f9c6c63/s2/7b03d609-5326-4b0a-b2d2-a1961c08437e/current/log_inprogress_453
2019-09-24 16:39:00,486 INFO  segmented.SegmentedRaftLogWorker (SegmentedRaftLogWorker.java:rollLogSegment(385)) - s1@group-A1961C08437E-SegmentedRaftLogWorker: Rolling segment log-436_439 to index:439
2019-09-24 16:39:00,487 TRACE util.FileUtils (LogUtils.java:runAndLog(61)) - Successfully ran Files.move /workdir/ratis-test/target/test/data/b2c0a8be/MiniRaftClusterWithNetty1f9c6c63/s2/7b03d609-5326-4b0a-b2d2-a1961c08437e/current/log_inprogress_453 to /workdir/ratis-test/target/test/data/b2c0a8be/MiniRaftClusterWithNetty1f9c6c63/s2/7b03d609-5326-4b0a-b2d2-a1961c08437e/current/log_453-454
2019-09-24 16:39:00,487 INFO  segmented.SegmentedRaftLogWorker (SegmentedRaftLogWorker.java:execute(526)) - s2@group-A1961C08437E-SegmentedRaftLogWorker: Rolled log segment from /workdir/ratis-test/target/test/data/b2c0a8be/MiniRaftClusterWithNetty1f9c6c63/s2/7b03d609-5326-4b0a-b2d2-a1961c08437e/current/log_inprogress_453 to /workdir/ratis-test/target/test/data/b2c0a8be/MiniRaftClusterWithNetty1f9c6c63/s2/7b03d609-5326-4b0a-b2d2-a1961c08437e/current/log_453-454
2019-09-24 16:39:00,487 TRACE util.FileUtils (LogUtils.java:runAndLog(61)) - Successfully ran Files.move /workdir/ratis-test/target/test/data/b2c0a8be/MiniRaftClusterWithNetty1f9c6c63/s1/7b03d609-5326-4b0a-b2d2-a1961c08437e/current/log_inprogress_436 to /workdir/ratis-test/target/test/data/b2c0a8be/MiniRaftClusterWithNetty1f9c6c63/s1/7b03d609-5326-4b0a-b2d2-a1961c08437e/current/log_436-439
2019-09-24 16:39:00,487 INFO  segmented.SegmentedRaftLogWorker (SegmentedRaftLogWorker.java:execute(526)) - s1@group-A1961C08437E-SegmentedRaftLogWorker: Rolled log segment from /workdir/ratis-test/target/test/data/b2c0a8be/MiniRaftClusterWithNetty1f9c6c63/s1/7b03d609-5326-4b0a-b2d2-a1961c08437e/current/log_inprogress_436 to /workdir/ratis-test/target/test/data/b2c0a8be/MiniRaftClusterWithNetty1f9c6c63/s1/7b03d609-5326-4b0a-b2d2-a1961c08437e/current/log_436-439
2019-09-24 16:39:00,496 INFO  segmented.SegmentedRaftLogWorker (SegmentedRaftLogWorker.java:execute(569)) - s0@group-A1961C08437E-SegmentedRaftLogWorker: created new log segment /workdir/ratis-test/target/test/data/b2c0a8be/MiniRaftClusterWithNetty1f9c6c63/s0/7b03d609-5326-4b0a-b2d2-a1961c08437e/current/log_inprogress_451
2019-09-24 16:39:00,517 INFO  statemachine.SimpleStateMachine4Testing (SimpleStateMachine4Testing.java:put(198)) - s0: put 449, 2222222222... -> (t:2, i:449), STATEMACHINELOGENTRY, client-69912ADB290A, cid=227
2019-09-24 16:39:00,517 INFO  statemachine.SimpleStateMachine4Testing (SimpleStateMachine4Testing.java:put(198)) - s2: put 451, 3333333333... -> (t:2, i:451), STATEMACHINELOGENTRY, client-DA36977FC49F, cid=229
2019-09-24 16:39:00,518 INFO  segmented.SegmentedRaftLogWorker (SegmentedRaftLogWorker.java:execute(569)) - s1@group-A1961C08437E-SegmentedRaftLogWorker: created new log segment /workdir/ratis-test/target/test/data/b2c0a8be/MiniRaftClusterWithNetty1f9c6c63/s1/7b03d609-5326-4b0a-b2d2-a1961c08437e/current/log_inprogress_440
2019-09-24 16:39:00,518 INFO  segmented.SegmentedRaftLogWorker (SegmentedRaftLogWorker.java:execute(569)) - s2@group-A1961C08437E-SegmentedRaftLogWorker: created new log segment /workdir/ratis-test/target/test/data/b2c0a8be/MiniRaftClusterWithNetty1f9c6c63/s2/7b03d609-5326-4b0a-b2d2-a1961c08437e/current/log_inprogress_455
2019-09-24 16:39:00,520 INFO  segmented.SegmentedRaftLogWorker (SegmentedRaftLogWorker.java:rollLogSegment(385)) - s2@group-A1961C08437E-SegmentedRaftLogWorker: Rolling segment log-457_458 to index:458
2019-09-24 16:39:00,527 INFO  statemachine.SimpleStateMachine4Testing (SimpleStateMachine4Testing.java:put(198)) - s0: put 450, 4444444444... -> (t:2, i:450), STATEMACHINELOGENTRY, client-781B3BD2DEB4, cid=224
2019-09-24 16:39:00,527 TRACE util.FileUtils (LogUtils.java:runAndLog(61)) - Successfully ran Files.move /workdir/ratis-test/target/test/data/b2c0a8be/MiniRaftClusterWithNetty1f9c6c63/s2/7b03d609-5326-4b0a-b2d2-a1961c08437e/current/log_inprogress_455 to /workdir/ratis-test/target/test/data/b2c0a8be/MiniRaftClusterWithNetty1f9c6c63/s2/7b03d609-5326-4b0a-b2d2-a1961c08437e/current/log_455-456
2019-09-24 16:39:00,527 INFO  segmented.SegmentedRaftLogWorker (SegmentedRaftLogWorker.java:execute(526)) - s2@group-A1961C08437E-SegmentedRaftLogWorker: Rolled log segment from /workdir/ratis-test/target/test/data/b2c0a8be/MiniRaftClusterWithNetty1f9c6c63/s2/7b03d609-5326-4b0a-b2d2-a1961c08437e/current/log_inprogress_455 to /workdir/ratis-test/target/test/data/b2c0a8be/MiniRaftClusterWithNetty1f9c6c63/s2/7b03d609-5326-4b0a-b2d2-a1961c08437e/current/log_455-456
2019-09-24 16:39:00,527 INFO  segmented.SegmentedRaftLogWorker (SegmentedRaftLogWorker.java:rollLogSegment(385)) - s0@group-A1961C08437E-SegmentedRaftLogWorker: Rolling segment log-451_452 to index:452
2019-09-24 16:39:00,528 TRACE util.FileUtils (LogUtils.java:runAndLog(61)) - Successfully ran Files.move /workdir/ratis-test/target/test/data/b2c0a8be/MiniRaftClusterWithNetty1f9c6c63/s0/7b03d609-5326-4b0a-b2d2-a1961c08437e/current/log_inprogress_451 to /workdir/ratis-test/target/test/data/b2c0a8be/MiniRaftClusterWithNetty1f9c6c63/s0/7b03d609-5326-4b0a-b2d2-a1961c08437e/current/log_451-452
2019-09-24 16:39:00,528 INFO  segmented.SegmentedRaftLogWorker (SegmentedRaftLogWorker.java:execute(526)) - s0@group-A1961C08437E-SegmentedRaftLogWorker: Rolled log segment from /workdir/ratis-test/target/test/data/b2c0a8be/MiniRaftClusterWithNetty1f9c6c63/s0/7b03d609-5326-4b0a-b2d2-a1961c08437e/current/log_inprogress_451 to /workdir/ratis-test/target/test/data/b2c0a8be/MiniRaftClusterWithNetty1f9c6c63/s0/7b03d609-5326-4b0a-b2d2-a1961c08437e/current/log_451-452
2019-09-24 16:39:00,550 INFO  segmented.SegmentedRaftLogWorker (SegmentedRaftLogWorker.java:execute(569)) - s0@group-A1961C08437E-SegmentedRaftLogWorker: created new log segment /workdir/ratis-test/target/test/data/b2c0a8be/MiniRaftClusterWithNetty1f9c6c63/s0/7b03d609-5326-4b0a-b2d2-a1961c08437e/current/log_inprogress_453
2019-09-24 16:39:00,550 INFO  segmented.SegmentedRaftLogWorker (SegmentedRaftLogWorker.java:execute(569)) - s2@group-A1961C08437E-SegmentedRaftLogWorker: created new log segment /workdir/ratis-test/target/test/data/b2c0a8be/MiniRaftClusterWithNetty1f9c6c63/s2/7b03d609-5326-4b0a-b2d2-a1961c08437e/current/log_inprogress_457
2019-09-24 16:39:00,566 TRACE util.FileUtils (LogUtils.java:runAndLog(61)) - Successfully ran Files.move /workdir/ratis-test/target/test/data/b2c0a8be/MiniRaftClusterWithNetty1f9c6c63/s2/7b03d609-5326-4b0a-b2d2-a1961c08437e/current/log_inprogress_457 to /workdir/ratis-test/target/test/data/b2c0a8be/MiniRaftClusterWithNetty1f9c6c63/s2/7b03d609-5326-4b0a-b2d2-a1961c08437e/current/log_457-458
2019-09-24 16:39:00,566 INFO  segmented.SegmentedRaftLogWorker (SegmentedRaftLogWorker.java:execute(526)) - s2@group-A1961C08437E-SegmentedRaftLogWorker: Rolled log segment from /workdir/ratis-test/target/test/data/b2c0a8be/MiniRaftClusterWithNetty1f9c6c63/s2/7b03d609-5326-4b0a-b2d2-a1961c08437e/current/log_inprogress_457 to /workdir/ratis-test/target/test/data/b2c0a8be/MiniRaftClusterWithNetty1f9c6c63/s2/7b03d609-5326-4b0a-b2d2-a1961c08437e/current/log_457-458
2019-09-24 16:39:00,566 INFO  statemachine.SimpleStateMachine4Testing (SimpleStateMachine4Testing.java:put(198)) - s0: put 451, 3333333333... -> (t:2, i:451), STATEMACHINELOGENTRY, client-DA36977FC49F, cid=229
2019-09-24 16:39:00,567 INFO  statemachine.SimpleStateMachine4Testing (SimpleStateMachine4Testing.java:put(198)) - s2: put 453, 3333333333... -> (t:2, i:453), STATEMACHINELOGENTRY, client-6F4DA14A560B, cid=230
2019-09-24 16:39:00,568 INFO  segmented.SegmentedRaftLogWorker (SegmentedRaftLogWorker.java:rollLogSegment(385)) - s2@group-A1961C08437E-SegmentedRaftLogWorker: Rolling segment log-459_460 to index:460
2019-09-24 16:39:00,584 INFO  statemachine.SimpleStateMachine4Testing (SimpleStateMachine4Testing.java:put(198)) - s0: put 453, 3333333333... -> (t:2, i:453), STATEMACHINELOGENTRY, client-6F4DA14A560B, cid=230
2019-09-24 16:39:00,586 INFO  segmented.SegmentedRaftLogWorker (SegmentedRaftLogWorker.java:rollLogSegment(385)) - s1@group-A1961C08437E-SegmentedRaftLogWorker: Rolling segment log-440_443 to index:443
2019-09-24 16:39:00,586 INFO  segmented.SegmentedRaftLogWorker (SegmentedRaftLogWorker.java:rollLogSegment(385)) - s0@group-A1961C08437E-SegmentedRaftLogWorker: Rolling segment log-453_454 to index:454
2019-09-24 16:39:00,593 TRACE util.FileUtils (LogUtils.java:runAndLog(61)) - Successfully ran Files.move /workdir/ratis-test/target/test/data/b2c0a8be/MiniRaftClusterWithNetty1f9c6c63/s1/7b03d609-5326-4b0a-b2d2-a1961c08437e/current/log_inprogress_440 to /workdir/ratis-test/target/test/data/b2c0a8be/MiniRaftClusterWithNetty1f9c6c63/s1/7b03d609-5326-4b0a-b2d2-a1961c08437e/current/log_440-443
2019-09-24 16:39:00,593 INFO  segmented.SegmentedRaftLogWorker (SegmentedRaftLogWorker.java:execute(526)) - s1@group-A1961C08437E-SegmentedRaftLogWorker: Rolled log segment from /workdir/ratis-test/target/test/data/b2c0a8be/MiniRaftClusterWithNetty1f9c6c63/s1/7b03d609-5326-4b0a-b2d2-a1961c08437e/current/log_inprogress_440 to /workdir/ratis-test/target/test/data/b2c0a8be/MiniRaftClusterWithNetty1f9c6c63/s1/7b03d609-5326-4b0a-b2d2-a1961c08437e/current/log_440-443
2019-09-24 16:39:00,593 TRACE util.FileUtils (LogUtils.java:runAndLog(61)) - Successfully ran Files.move /workdir/ratis-test/target/test/data/b2c0a8be/MiniRaftClusterWithNetty1f9c6c63/s0/7b03d609-5326-4b0a-b2d2-a1961c08437e/current/log_inprogress_453 to /workdir/ratis-test/target/test/data/b2c0a8be/MiniRaftClusterWithNetty1f9c6c63/s0/7b03d609-5326-4b0a-b2d2-a1961c08437e/current/log_453-454
2019-09-24 16:39:00,593 INFO  segmented.SegmentedRaftLogWorker (SegmentedRaftLogWorker.java:execute(526)) - s0@group-A1961C08437E-SegmentedRaftLogWorker: Rolled log segment from /workdir/ratis-test/target/test/data/b2c0a8be/MiniRaftClusterWithNetty1f9c6c63/s0/7b03d609-5326-4b0a-b2d2-a1961c08437e/current/log_inprogress_453 to /workdir/ratis-test/target/test/data/b2c0a8be/MiniRaftClusterWithNetty1f9c6c63/s0/7b03d609-5326-4b0a-b2d2-a1961c08437e/current/log_453-454
2019-09-24 16:39:00,593 INFO  segmented.SegmentedRaftLogWorker (SegmentedRaftLogWorker.java:execute(569)) - s2@group-A1961C08437E-SegmentedRaftLogWorker: created new log segment /workdir/ratis-test/target/test/data/b2c0a8be/MiniRaftClusterWithNetty1f9c6c63/s2/7b03d609-5326-4b0a-b2d2-a1961c08437e/current/log_inprogress_459
2019-09-24 16:39:00,614 TRACE util.FileUtils (LogUtils.java:runAndLog(61)) - Successfully ran Files.move /workdir/ratis-test/target/test/data/b2c0a8be/MiniRaftClusterWithNetty1f9c6c63/s2/7b03d609-5326-4b0a-b2d2-a1961c08437e/current/log_inprogress_459 to /workdir/ratis-test/target/test/data/b2c0a8be/MiniRaftClusterWithNetty1f9c6c63/s2/7b03d609-5326-4b0a-b2d2-a1961c08437e/current/log_459-460
2019-09-24 16:39:00,615 INFO  segmented.SegmentedRaftLogWorker (SegmentedRaftLogWorker.java:execute(526)) - s2@group-A1961C08437E-SegmentedRaftLogWorker: Rolled log segment from /workdir/ratis-test/target/test/data/b2c0a8be/MiniRaftClusterWithNetty1f9c6c63/s2/7b03d609-5326-4b0a-b2d2-a1961c08437e/current/log_inprogress_459 to /workdir/ratis-test/target/test/data/b2c0a8be/MiniRaftClusterWithNetty1f9c6c63/s2/7b03d609-5326-4b0a-b2d2-a1961c08437e/current/log_459-460
2019-09-24 16:39:00,615 INFO  segmented.SegmentedRaftLogWorker (SegmentedRaftLogWorker.java:execute(569)) - s1@group-A1961C08437E-SegmentedRaftLogWorker: created new log segment /workdir/ratis-test/target/test/data/b2c0a8be/MiniRaftClusterWithNetty1f9c6c63/s1/7b03d609-5326-4b0a-b2d2-a1961c08437e/current/log_inprogress_444
2019-09-24 16:39:00,615 INFO  segmented.SegmentedRaftLogWorker (SegmentedRaftLogWorker.java:execute(569)) - s0@group-A1961C08437E-SegmentedRaftLogWorker: created new log segment /workdir/ratis-test/target/test/data/b2c0a8be/MiniRaftClusterWithNetty1f9c6c63/s0/7b03d609-5326-4b0a-b2d2-a1961c08437e/current/log_inprogress_455
2019-09-24 16:39:00,628 INFO  statemachine.SimpleStateMachine4Testing (SimpleStateMachine4Testing.java:put(198)) - s2: put 455, 3333333333... -> (t:2, i:455), STATEMACHINELOGENTRY, client-69912ADB290A, cid=231
2019-09-24 16:39:00,629 INFO  segmented.SegmentedRaftLogWorker (SegmentedRaftLogWorker.java:rollLogSegment(385)) - s2@group-A1961C08437E-SegmentedRaftLogWorker: Rolling segment log-461_462 to index:462
2019-09-24 16:39:00,636 INFO  segmented.SegmentedRaftLogWorker (SegmentedRaftLogWorker.java:execute(569)) - s2@group-A1961C08437E-SegmentedRaftLogWorker: created new log segment /workdir/ratis-test/target/test/data/b2c0a8be/MiniRaftClusterWithNetty1f9c6c63/s2/7b03d609-5326-4b0a-b2d2-a1961c08437e/current/log_inprogress_461
2019-09-24 16:39:00,652 TRACE util.FileUtils (LogUtils.java:runAndLog(61)) - Successfully ran Files.move /workdir/ratis-test/target/test/data/b2c0a8be/MiniRaftClusterWithNetty1f9c6c63/s2/7b03d609-5326-4b0a-b2d2-a1961c08437e/current/log_inprogress_461 to /workdir/ratis-test/target/test/data/b2c0a8be/MiniRaftClusterWithNetty1f9c6c63/s2/7b03d609-5326-4b0a-b2d2-a1961c08437e/current/log_461-462
2019-09-24 16:39:00,652 INFO  segmented.SegmentedRaftLogWorker (SegmentedRaftLogWorker.java:execute(526)) - s2@group-A1961C08437E-SegmentedRaftLogWorker: Rolled log segment from /workdir/ratis-test/target/test/data/b2c0a8be/MiniRaftClusterWithNetty1f9c6c63/s2/7b03d609-5326-4b0a-b2d2-a1961c08437e/current/log_inprogress_461 to /workdir/ratis-test/target/test/data/b2c0a8be/MiniRaftClusterWithNetty1f9c6c63/s2/7b03d609-5326-4b0a-b2d2-a1961c08437e/current/log_461-462
2019-09-24 16:39:00,652 INFO  statemachine.SimpleStateMachine4Testing (SimpleStateMachine4Testing.java:put(198)) - s0: put 455, 3333333333... -> (t:2, i:455), STATEMACHINELOGENTRY, client-69912ADB290A, cid=231
2019-09-24 16:39:00,653 INFO  segmented.SegmentedRaftLogWorker (SegmentedRaftLogWorker.java:rollLogSegment(385)) - s0@group-A1961C08437E-SegmentedRaftLogWorker: Rolling segment log-455_456 to index:456
2019-09-24 16:39:00,653 TRACE util.FileUtils (LogUtils.java:runAndLog(61)) - Successfully ran Files.move /workdir/ratis-test/target/test/data/b2c0a8be/MiniRaftClusterWithNetty1f9c6c63/s0/7b03d609-5326-4b0a-b2d2-a1961c08437e/current/log_inprogress_455 to /workdir/ratis-test/target/test/data/b2c0a8be/MiniRaftClusterWithNetty1f9c6c63/s0/7b03d609-5326-4b0a-b2d2-a1961c08437e/current/log_455-456
2019-09-24 16:39:00,653 INFO  segmented.SegmentedRaftLogWorker (SegmentedRaftLogWorker.java:execute(526)) - s0@group-A1961C08437E-SegmentedRaftLogWorker: Rolled log segment from /workdir/ratis-test/target/test/data/b2c0a8be/MiniRaftClusterWithNetty1f9c6c63/s0/7b03d609-5326-4b0a-b2d2-a1961c08437e/current/log_inprogress_455 to /workdir/ratis-test/target/test/data/b2c0a8be/MiniRaftClusterWithNetty1f9c6c63/s0/7b03d609-5326-4b0a-b2d2-a1961c08437e/current/log_455-456
2019-09-24 16:39:00,666 INFO  segmented.SegmentedRaftLogWorker (SegmentedRaftLogWorker.java:execute(569)) - s0@group-A1961C08437E-SegmentedRaftLogWorker: created new log segment /workdir/ratis-test/target/test/data/b2c0a8be/MiniRaftClusterWithNetty1f9c6c63/s0/7b03d609-5326-4b0a-b2d2-a1961c08437e/current/log_inprogress_457
2019-09-24 16:39:00,666 INFO  segmented.SegmentedRaftLogWorker (SegmentedRaftLogWorker.java:execute(569)) - s2@group-A1961C08437E-SegmentedRaftLogWorker: created new log segment /workdir/ratis-test/target/test/data/b2c0a8be/MiniRaftClusterWithNetty1f9c6c63/s2/7b03d609-5326-4b0a-b2d2-a1961c08437e/current/log_inprogress_463
2019-09-24 16:39:00,688 INFO  ratis.MiniRaftCluster (MiniRaftCluster.java:lambda$null$5(297)) - TIMED-PRINT: printing ALL groups
  s0:  RUNNING  FOLLOWER s0@group-A1961C08437E:t2, leader=s2, voted=s2, raftlog=s0@group-A1961C08437E-SegmentedRaftLog:OPENED:c455,f456,i457, conf=0: [s0:0.0.0.0:42189, s1:0.0.0.0:39138, s2:0.0.0.0:44435], old=null RUNNING
  s1:  RUNNING  FOLLOWER s1@group-A1961C08437E:t2, leader=s2, voted=s1, raftlog=s1@group-A1961C08437E-SegmentedRaftLog:OPENED:c423,f446,i447, conf=0: [s0:0.0.0.0:42189, s1:0.0.0.0:39138, s2:0.0.0.0:44435], old=null RUNNING
  s2:  RUNNING    LEADER s2@group-A1961C08437E:t2, leader=s2, voted=s2, raftlog=s2@group-A1961C08437E-SegmentedRaftLog:OPENED:c456,f462,i463, conf=0: [s0:0.0.0.0:42189, s1:0.0.0.0:39138, s2:0.0.0.0:44435], old=null RUNNING
2019-09-24 16:39:00,693 INFO  statemachine.SimpleStateMachine4Testing (SimpleStateMachine4Testing.java:put(198)) - s2: put 457, 4444444444... -> (t:2, i:457), STATEMACHINELOGENTRY, client-D98953169D47, cid=228
2019-09-24 16:39:00,693 INFO  segmented.SegmentedRaftLogWorker (SegmentedRaftLogWorker.java:rollLogSegment(385)) - s1@group-A1961C08437E-SegmentedRaftLogWorker: Rolling segment log-444_447 to index:447
2019-09-24 16:39:00,694 TRACE util.FileUtils (LogUtils.java:runAndLog(61)) - Successfully ran Files.move /workdir/ratis-test/target/test/data/b2c0a8be/MiniRaftClusterWithNetty1f9c6c63/s1/7b03d609-5326-4b0a-b2d2-a1961c08437e/current/log_inprogress_444 to /workdir/ratis-test/target/test/data/b2c0a8be/MiniRaftClusterWithNetty1f9c6c63/s1/7b03d609-5326-4b0a-b2d2-a1961c08437e/current/log_444-447
2019-09-24 16:39:00,694 INFO  segmented.SegmentedRaftLogWorker (SegmentedRaftLogWorker.java:rollLogSegment(385)) - s2@group-A1961C08437E-SegmentedRaftLogWorker: Rolling segment log-463_464 to index:464
2019-09-24 16:39:00,694 INFO  segmented.SegmentedRaftLogWorker (SegmentedRaftLogWorker.java:execute(526)) - s1@group-A1961C08437E-SegmentedRaftLogWorker: Rolled log segment from /workdir/ratis-test/target/test/data/b2c0a8be/MiniRaftClusterWithNetty1f9c6c63/s1/7b03d609-5326-4b0a-b2d2-a1961c08437e/current/log_inprogress_444 to /workdir/ratis-test/target/test/data/b2c0a8be/MiniRaftClusterWithNetty1f9c6c63/s1/7b03d609-5326-4b0a-b2d2-a1961c08437e/current/log_444-447
2019-09-24 16:39:00,716 TRACE util.FileUtils (LogUtils.java:runAndLog(61)) - Successfully ran Files.move /workdir/ratis-test/target/test/data/b2c0a8be/MiniRaftClusterWithNetty1f9c6c63/s2/7b03d609-5326-4b0a-b2d2-a1961c08437e/current/log_inprogress_463 to /workdir/ratis-test/target/test/data/b2c0a8be/MiniRaftClusterWithNetty1f9c6c63/s2/7b03d609-5326-4b0a-b2d2-a1961c08437e/current/log_463-464
2019-09-24 16:39:00,716 INFO  segmented.SegmentedRaftLogWorker (SegmentedRaftLogWorker.java:execute(526)) - s2@group-A1961C08437E-SegmentedRaftLogWorker: Rolled log segment from /workdir/ratis-test/target/test/data/b2c0a8be/MiniRaftClusterWithNetty1f9c6c63/s2/7b03d609-5326-4b0a-b2d2-a1961c08437e/current/log_inprogress_463 to /workdir/ratis-test/target/test/data/b2c0a8be/MiniRaftClusterWithNetty1f9c6c63/s2/7b03d609-5326-4b0a-b2d2-a1961c08437e/current/log_463-464
2019-09-24 16:39:00,716 INFO  statemachine.SimpleStateMachine4Testing (SimpleStateMachine4Testing.java:put(198)) - s0: put 457, 4444444444... -> (t:2, i:457), STATEMACHINELOGENTRY, client-D98953169D47, cid=228
2019-09-24 16:39:00,717 INFO  segmented.SegmentedRaftLogWorker (SegmentedRaftLogWorker.java:rollLogSegment(385)) - s0@group-A1961C08437E-SegmentedRaftLogWorker: Rolling segment log-457_458 to index:458
2019-09-24 16:39:00,734 TRACE util.FileUtils (LogUtils.java:runAndLog(61)) - Successfully ran Files.move /workdir/ratis-test/target/test/data/b2c0a8be/MiniRaftClusterWithNetty1f9c6c63/s0/7b03d609-5326-4b0a-b2d2-a1961c08437e/current/log_inprogress_457 to /workdir/ratis-test/target/test/data/b2c0a8be/MiniRaftClusterWithNetty1f9c6c63/s0/7b03d609-5326-4b0a-b2d2-a1961c08437e/current/log_457-458
2019-09-24 16:39:00,734 INFO  segmented.SegmentedRaftLogWorker (SegmentedRaftLogWorker.java:execute(526)) - s0@group-A1961C08437E-SegmentedRaftLogWorker: Rolled log segment from /workdir/ratis-test/target/test/data/b2c0a8be/MiniRaftClusterWithNetty1f9c6c63/s0/7b03d609-5326-4b0a-b2d2-a1961c08437e/current/log_inprogress_457 to /workdir/ratis-test/target/test/data/b2c0a8be/MiniRaftClusterWithNetty1f9c6c63/s0/7b03d609-5326-4b0a-b2d2-a1961c08437e/current/log_457-458
2019-09-24 16:39:00,742 INFO  segmented.SegmentedRaftLogWorker (SegmentedRaftLogWorker.java:execute(569)) - s1@group-A1961C08437E-SegmentedRaftLogWorker: created new log segment /workdir/ratis-test/target/test/data/b2c0a8be/MiniRaftClusterWithNetty1f9c6c63/s1/7b03d609-5326-4b0a-b2d2-a1961c08437e/current/log_inprogress_448
2019-09-24 16:39:07,228 INFO  segmented.SegmentedRaftLogWorker (SegmentedRaftLogWorker.java:execute(569)) - s0@group-A1961C08437E-SegmentedRaftLogWorker: created new log segment /workdir/ratis-test/target/test/data/b2c0a8be/MiniRaftClusterWithNetty1f9c6c63/s0/7b03d609-5326-4b0a-b2d2-a1961c08437e/current/log_inprogress_459
2019-09-24 16:39:07,228 INFO  segmented.SegmentedRaftLogWorker (SegmentedRaftLogWorker.java:execute(569)) - s2@group-A1961C08437E-SegmentedRaftLogWorker: created new log segment /workdir/ratis-test/target/test/data/b2c0a8be/MiniRaftClusterWithNetty1f9c6c63/s2/7b03d609-5326-4b0a-b2d2-a1961c08437e/current/log_inprogress_465
2019-09-24 16:39:07,269 INFO  segmented.SegmentedRaftLogWorker (SegmentedRaftLogWorker.java:rollLogSegment(385)) - s1@group-A1961C08437E-SegmentedRaftLogWorker: Rolling segment log-448_449 to index:449
2019-09-24 16:39:07,269 TRACE util.FileUtils (LogUtils.java:runAndLog(61)) - Successfully ran Files.move /workdir/ratis-test/target/test/data/b2c0a8be/MiniRaftClusterWithNetty1f9c6c63/s1/7b03d609-5326-4b0a-b2d2-a1961c08437e/current/log_inprogress_448 to /workdir/ratis-test/target/test/data/b2c0a8be/MiniRaftClusterWithNetty1f9c6c63/s1/7b03d609-5326-4b0a-b2d2-a1961c08437e/current/log_448-449
2019-09-24 16:39:07,270 INFO  segmented.SegmentedRaftLogWorker (SegmentedRaftLogWorker.java:execute(526)) - s1@group-A1961C08437E-SegmentedRaftLogWorker: Rolled log segment from /workdir/ratis-test/target/test/data/b2c0a8be/MiniRaftClusterWithNetty1f9c6c63/s1/7b03d609-5326-4b0a-b2d2-a1961c08437e/current/log_inprogress_448 to /workdir/ratis-test/target/test/data/b2c0a8be/MiniRaftClusterWithNetty1f9c6c63/s1/7b03d609-5326-4b0a-b2d2-a1961c08437e/current/log_448-449
2019-09-24 16:39:10,687 INFO  ratis.MiniRaftCluster (MiniRaftCluster.java:lambda$null$5(297)) - TIMED-PRINT: printing ALL groups
  s0:  RUNNING  FOLLOWER s0@group-A1961C08437E:t2, leader=s2, voted=s2, raftlog=s0@group-A1961C08437E-SegmentedRaftLog:OPENED:c457,f458,i459, conf=0: [s0:0.0.0.0:42189, s1:0.0.0.0:39138, s2:0.0.0.0:44435], old=null RUNNING
  s1:  RUNNING  FOLLOWER s1@group-A1961C08437E:t2, leader=s2, voted=s1, raftlog=s1@group-A1961C08437E-SegmentedRaftLog:OPENED:c423,f449,i450, conf=0: [s0:0.0.0.0:42189, s1:0.0.0.0:39138, s2:0.0.0.0:44435], old=null RUNNING
  s2:  RUNNING    LEADER s2@group-A1961C08437E:t2, leader=s2, voted=s2, raftlog=s2@group-A1961C08437E-SegmentedRaftLog:OPENED:c458,f464,i465, conf=0: [s0:0.0.0.0:42189, s1:0.0.0.0:39138, s2:0.0.0.0:44435], old=null RUNNING
2019-09-24 16:39:11,266 INFO  statemachine.SimpleStateMachine4Testing (SimpleStateMachine4Testing.java:put(198)) - s2: put 459, 4444444444... -> (t:2, i:459), STATEMACHINELOGENTRY, client-DA36977FC49F, cid=233
2019-09-24 16:39:11,268 INFO  segmented.SegmentedRaftLogWorker (SegmentedRaftLogWorker.java:rollLogSegment(385)) - s2@group-A1961C08437E-SegmentedRaftLogWorker: Rolling segment log-465_466 to index:466
2019-09-24 16:39:11,277 INFO  segmented.SegmentedRaftLogWorker (SegmentedRaftLogWorker.java:execute(569)) - s1@group-A1961C08437E-SegmentedRaftLogWorker: created new log segment /workdir/ratis-test/target/test/data/b2c0a8be/MiniRaftClusterWithNetty1f9c6c63/s1/7b03d609-5326-4b0a-b2d2-a1961c08437e/current/log_inprogress_450
2019-09-24 16:39:11,342 INFO  statemachine.SimpleStateMachine4Testing (SimpleStateMachine4Testing.java:put(198)) - s0: put 459, 4444444444... -> (t:2, i:459), STATEMACHINELOGENTRY, client-DA36977FC49F, cid=233
2019-09-24 16:39:11,343 INFO  segmented.SegmentedRaftLogWorker (SegmentedRaftLogWorker.java:rollLogSegment(385)) - s0@group-A1961C08437E-SegmentedRaftLogWorker: Rolling segment log-459_460 to index:460
2019-09-24 16:39:11,343 TRACE util.FileUtils (LogUtils.java:runAndLog(61)) - Successfully ran Files.move /workdir/ratis-test/target/test/data/b2c0a8be/MiniRaftClusterWithNetty1f9c6c63/s2/7b03d609-5326-4b0a-b2d2-a1961c08437e/current/log_inprogress_465 to /workdir/ratis-test/target/test/data/b2c0a8be/MiniRaftClusterWithNetty1f9c6c63/s2/7b03d609-5326-4b0a-b2d2-a1961c08437e/current/log_465-466
2019-09-24 16:39:11,343 INFO  segmented.SegmentedRaftLogWorker (SegmentedRaftLogWorker.java:execute(526)) - s2@group-A1961C08437E-SegmentedRaftLogWorker: Rolled log segment from /workdir/ratis-test/target/test/data/b2c0a8be/MiniRaftClusterWithNetty1f9c6c63/s2/7b03d609-5326-4b0a-b2d2-a1961c08437e/current/log_inprogress_465 to /workdir/ratis-test/target/test/data/b2c0a8be/MiniRaftClusterWithNetty1f9c6c63/s2/7b03d609-5326-4b0a-b2d2-a1961c08437e/current/log_465-466
2019-09-24 16:39:11,344 TRACE util.FileUtils (LogUtils.java:runAndLog(61)) - Successfully ran Files.move /workdir/ratis-test/target/test/data/b2c0a8be/MiniRaftClusterWithNetty1f9c6c63/s0/7b03d609-5326-4b0a-b2d2-a1961c08437e/current/log_inprogress_459 to /workdir/ratis-test/target/test/data/b2c0a8be/MiniRaftClusterWithNetty1f9c6c63/s0/7b03d609-5326-4b0a-b2d2-a1961c08437e/current/log_459-460
2019-09-24 16:39:11,344 INFO  segmented.SegmentedRaftLogWorker (SegmentedRaftLogWorker.java:execute(526)) - s0@group-A1961C08437E-SegmentedRaftLogWorker: Rolled log segment from /workdir/ratis-test/target/test/data/b2c0a8be/MiniRaftClusterWithNetty1f9c6c63/s0/7b03d609-5326-4b0a-b2d2-a1961c08437e/current/log_inprogress_459 to /workdir/ratis-test/target/test/data/b2c0a8be/MiniRaftClusterWithNetty1f9c6c63/s0/7b03d609-5326-4b0a-b2d2-a1961c08437e/current/log_459-460
2019-09-24 16:39:11,345 INFO  segmented.SegmentedRaftLogWorker (SegmentedRaftLogWorker.java:rollLogSegment(385)) - s1@group-A1961C08437E-SegmentedRaftLogWorker: Rolling segment log-450_450 to index:450
2019-09-24 16:39:11,345 TRACE util.FileUtils (LogUtils.java:runAndLog(61)) - Successfully ran Files.move /workdir/ratis-test/target/test/data/b2c0a8be/MiniRaftClusterWithNetty1f9c6c63/s1/7b03d609-5326-4b0a-b2d2-a1961c08437e/current/log_inprogress_450 to /workdir/ratis-test/target/test/data/b2c0a8be/MiniRaftClusterWithNetty1f9c6c63/s1/7b03d609-5326-4b0a-b2d2-a1961c08437e/current/log_450-450
2019-09-24 16:39:11,346 INFO  segmented.SegmentedRaftLogWorker (SegmentedRaftLogWorker.java:execute(526)) - s1@group-A1961C08437E-SegmentedRaftLogWorker: Rolled log segment from /workdir/ratis-test/target/test/data/b2c0a8be/MiniRaftClusterWithNetty1f9c6c63/s1/7b03d609-5326-4b0a-b2d2-a1961c08437e/current/log_inprogress_450 to /workdir/ratis-test/target/test/data/b2c0a8be/MiniRaftClusterWithNetty1f9c6c63/s1/7b03d609-5326-4b0a-b2d2-a1961c08437e/current/log_450-450
2019-09-24 16:39:16,668 INFO  segmented.SegmentedRaftLogWorker (SegmentedRaftLogWorker.java:execute(569)) - s2@group-A1961C08437E-SegmentedRaftLogWorker: created new log segment /workdir/ratis-test/target/test/data/b2c0a8be/MiniRaftClusterWithNetty1f9c6c63/s2/7b03d609-5326-4b0a-b2d2-a1961c08437e/current/log_inprogress_467
2019-09-24 16:39:16,668 INFO  segmented.SegmentedRaftLogWorker (SegmentedRaftLogWorker.java:execute(569)) - s1@group-A1961C08437E-SegmentedRaftLogWorker: created new log segment /workdir/ratis-test/target/test/data/b2c0a8be/MiniRaftClusterWithNetty1f9c6c63/s1/7b03d609-5326-4b0a-b2d2-a1961c08437e/current/log_inprogress_451
2019-09-24 16:39:16,668 INFO  segmented.SegmentedRaftLogWorker (SegmentedRaftLogWorker.java:execute(569)) - s0@group-A1961C08437E-SegmentedRaftLogWorker: created new log segment /workdir/ratis-test/target/test/data/b2c0a8be/MiniRaftClusterWithNetty1f9c6c63/s0/7b03d609-5326-4b0a-b2d2-a1961c08437e/current/log_inprogress_461
2019-09-24 16:39:16,693 INFO  segmented.SegmentedRaftLogWorker (SegmentedRaftLogWorker.java:rollLogSegment(385)) - s1@group-A1961C08437E-SegmentedRaftLogWorker: Rolling segment log-451_452 to index:452
2019-09-24 16:39:16,694 TRACE util.FileUtils (LogUtils.java:runAndLog(61)) - Successfully ran Files.move /workdir/ratis-test/target/test/data/b2c0a8be/MiniRaftClusterWithNetty1f9c6c63/s1/7b03d609-5326-4b0a-b2d2-a1961c08437e/current/log_inprogress_451 to /workdir/ratis-test/target/test/data/b2c0a8be/MiniRaftClusterWithNetty1f9c6c63/s1/7b03d609-5326-4b0a-b2d2-a1961c08437e/current/log_451-452
2019-09-24 16:39:16,694 INFO  segmented.SegmentedRaftLogWorker (SegmentedRaftLogWorker.java:execute(526)) - s1@group-A1961C08437E-SegmentedRaftLogWorker: Rolled log segment from /workdir/ratis-test/target/test/data/b2c0a8be/MiniRaftClusterWithNetty1f9c6c63/s1/7b03d609-5326-4b0a-b2d2-a1961c08437e/current/log_inprogress_451 to /workdir/ratis-test/target/test/data/b2c0a8be/MiniRaftClusterWithNetty1f9c6c63/s1/7b03d609-5326-4b0a-b2d2-a1961c08437e/current/log_451-452
2019-09-24 16:39:17,412 INFO  statemachine.SimpleStateMachine4Testing (SimpleStateMachine4Testing.java:put(198)) - s2: put 461, 4444444444... -> (t:2, i:461), STATEMACHINELOGENTRY, client-6F4DA14A560B, cid=234
2019-09-24 16:39:17,413 INFO  segmented.SegmentedRaftLogWorker (SegmentedRaftLogWorker.java:rollLogSegment(385)) - s2@group-A1961C08437E-SegmentedRaftLogWorker: Rolling segment log-467_468 to index:468
2019-09-24 16:39:17,423 INFO  segmented.SegmentedRaftLogWorker (SegmentedRaftLogWorker.java:execute(569)) - s1@group-A1961C08437E-SegmentedRaftLogWorker: created new log segment /workdir/ratis-test/target/test/data/b2c0a8be/MiniRaftClusterWithNetty1f9c6c63/s1/7b03d609-5326-4b0a-b2d2-a1961c08437e/current/log_inprogress_453
2019-09-24 16:39:19,855 INFO  ratis.MiniRaftCluster (MiniRaftCluster.java:runWithNewCluster(127)) - printing ALL groups
  s0:  RUNNING  FOLLOWER s0@group-A1961C08437E:t2, leader=s2, voted=s2, raftlog=s0@group-A1961C08437E-SegmentedRaftLog:OPENED:c459,f461,i462, conf=0: [s0:0.0.0.0:42189, s1:0.0.0.0:39138, s2:0.0.0.0:44435], old=null RUNNING
  s1:  RUNNING  FOLLOWER s1@group-A1961C08437E:t2, leader=s2, voted=s1, raftlog=s1@group-A1961C08437E-SegmentedRaftLog:OPENED:c423,f452,i453, conf=0: [s0:0.0.0.0:42189, s1:0.0.0.0:39138, s2:0.0.0.0:44435], old=null RUNNING
  s2:  RUNNING    LEADER s2@group-A1961C08437E:t2, leader=s2, voted=s2, raftlog=s2@group-A1961C08437E-SegmentedRaftLog:OPENED:c461,f467,i469, conf=0: [s0:0.0.0.0:42189, s1:0.0.0.0:39138, s2:0.0.0.0:44435], old=null RUNNING
2019-09-24 16:39:19,856 ERROR ratis.MiniRaftCluster (MiniRaftCluster.java:runWithNewCluster(128)) - Failed org.apache.ratis.MiniRaftCluster$Factory$Get.runWithNewCluster(MiniRaftCluster.java:113)
java.lang.InterruptedException
	at java.lang.Object.wait(Native Method)
	at java.lang.Thread.join(Thread.java:1252)
	at java.lang.Thread.join(Thread.java:1326)
	at org.apache.ratis.LogAppenderTests.runTest(LogAppenderTests.java:183)
	at org.apache.ratis.MiniRaftCluster$Factory$Get.runWithNewCluster(MiniRaftCluster.java:125)
	at org.apache.ratis.MiniRaftCluster$Factory$Get.runWithNewCluster(MiniRaftCluster.java:113)
	at org.apache.ratis.LogAppenderTests.testSingleElementBuffer(LogAppenderTests.java:118)
	at sun.reflect.NativeMethodAccessorImpl.invoke0(Native Method)
	at sun.reflect.NativeMethodAccessorImpl.invoke(NativeMethodAccessorImpl.java:62)
	at sun.reflect.DelegatingMethodAccessorImpl.invoke(DelegatingMethodAccessorImpl.java:43)
	at java.lang.reflect.Method.invoke(Method.java:498)
	at org.junit.runners.model.FrameworkMethod$1.runReflectiveCall(FrameworkMethod.java:50)
	at org.junit.internal.runners.model.ReflectiveCallable.run(ReflectiveCallable.java:12)
	at org.junit.runners.model.FrameworkMethod.invokeExplosively(FrameworkMethod.java:47)
	at org.junit.internal.runners.statements.InvokeMethod.evaluate(InvokeMethod.java:17)
	at org.junit.internal.runners.statements.RunAfters.evaluate(RunAfters.java:27)
	at org.junit.internal.runners.statements.FailOnTimeout$CallableStatement.call(FailOnTimeout.java:298)
	at org.junit.internal.runners.statements.FailOnTimeout$CallableStatement.call(FailOnTimeout.java:292)
	at java.util.concurrent.FutureTask.run(FutureTask.java:266)
	at java.lang.Thread.run(Thread.java:748)
2019-09-24 16:39:19,857 INFO  ratis.MiniRaftCluster (MiniRaftCluster.java:shutdown(700)) - ************************************************************** 
2019-09-24 16:39:19,857 INFO  ratis.MiniRaftCluster (MiniRaftCluster.java:shutdown(701)) - *** 
2019-09-24 16:39:19,857 INFO  ratis.MiniRaftCluster (MiniRaftCluster.java:shutdown(702)) - ***     Stopping MiniRaftClusterWithNetty
2019-09-24 16:39:19,857 INFO  ratis.MiniRaftCluster (MiniRaftCluster.java:shutdown(703)) - *** 
2019-09-24 16:39:19,857 INFO  ratis.MiniRaftCluster (MiniRaftCluster.java:shutdown(704)) - ************************************************************** 
2019-09-24 16:39:19,858 INFO  ratis.MiniRaftCluster (MiniRaftCluster.java:shutdown(705)) - printing ALL groups
  s0:  RUNNING  FOLLOWER s0@group-A1961C08437E:t2, leader=s2, voted=s2, raftlog=s0@group-A1961C08437E-SegmentedRaftLog:OPENED:c459,f461,i462, conf=0: [s0:0.0.0.0:42189, s1:0.0.0.0:39138, s2:0.0.0.0:44435], old=null RUNNING
  s1:  RUNNING  FOLLOWER s1@group-A1961C08437E:t2, leader=s2, voted=s1, raftlog=s1@group-A1961C08437E-SegmentedRaftLog:OPENED:c423,f452,i453, conf=0: [s0:0.0.0.0:42189, s1:0.0.0.0:39138, s2:0.0.0.0:44435], old=null RUNNING
  s2:  RUNNING    LEADER s2@group-A1961C08437E:t2, leader=s2, voted=s2, raftlog=s2@group-A1961C08437E-SegmentedRaftLog:OPENED:c461,f467,i469, conf=0: [s0:0.0.0.0:42189, s1:0.0.0.0:39138, s2:0.0.0.0:44435], old=null RUNNING
2019-09-24 16:39:19,866 INFO  impl.RaftServerProxy (RaftServerProxy.java:lambda$close$4(314)) - s1: close
2019-09-24 16:39:19,866 INFO  impl.RaftServerProxy (RaftServerProxy.java:lambda$close$4(314)) - s0: close
2019-09-24 16:39:19,866 INFO  impl.RaftServerProxy (RaftServerProxy.java:lambda$close$4(314)) - s2: close
2019-09-24 16:39:19,871 INFO  impl.RaftServerImpl (RaftServerImpl.java:lambda$shutdown$3(247)) - s2@group-A1961C08437E: shutdown
2019-09-24 16:39:19,871 INFO  impl.RaftServerImpl (RaftServerImpl.java:lambda$shutdown$3(247)) - s0@group-A1961C08437E: shutdown
2019-09-24 16:39:19,871 INFO  impl.RaftServerImpl (RaftServerImpl.java:lambda$shutdown$3(247)) - s1@group-A1961C08437E: shutdown
2019-09-24 16:39:19,873 INFO  util.JmxRegister (JmxRegister.java:unregister(73)) - Successfully un-registered JMX Bean with object name Ratis:service=RaftServer,group=group-A1961C08437E,id=s0
2019-09-24 16:39:19,873 INFO  util.JmxRegister (JmxRegister.java:unregister(73)) - Successfully un-registered JMX Bean with object name Ratis:service=RaftServer,group=group-A1961C08437E,id=s2
2019-09-24 16:39:19,873 INFO  util.JmxRegister (JmxRegister.java:unregister(73)) - Successfully un-registered JMX Bean with object name Ratis:service=RaftServer,group=group-A1961C08437E,id=s1
2019-09-24 16:39:19,873 INFO  impl.RoleInfo (RoleInfo.java:shutdownLeaderState(104)) - s2: shutdown LeaderState
2019-09-24 16:39:19,873 INFO  impl.RoleInfo (RoleInfo.java:shutdownFollowerState(121)) - s0: shutdown FollowerState
2019-09-24 16:39:19,874 INFO  impl.RoleInfo (RoleInfo.java:shutdownFollowerState(121)) - s1: shutdown FollowerState
2019-09-24 16:39:19,874 INFO  impl.StateMachineUpdater (StateMachineUpdater.java:stopAndJoin(136)) - s0@group-A1961C08437E-StateMachineUpdater: set stopIndex = 459
2019-09-24 16:39:19,875 INFO  impl.FollowerState (FollowerState.java:run(117)) - s1@group-A1961C08437E-FollowerState was interrupted: java.lang.InterruptedException: sleep interrupted
2019-09-24 16:39:19,875 INFO  impl.FollowerState (FollowerState.java:run(117)) - s0@group-A1961C08437E-FollowerState was interrupted: java.lang.InterruptedException: sleep interrupted
2019-09-24 16:39:19,875 INFO  impl.StateMachineUpdater (StateMachineUpdater.java:stopAndJoin(136)) - s1@group-A1961C08437E-StateMachineUpdater: set stopIndex = 423
2019-09-24 16:39:19,875 INFO  impl.RaftServerImpl (ServerState.java:close(386)) - s0@group-A1961C08437E: closes. applyIndex: 459
2019-09-24 16:39:19,875 INFO  impl.PendingRequests (PendingRequests.java:sendNotLeaderResponses(202)) - s2@group-A1961C08437E-PendingRequests: sendNotLeaderResponses
2019-09-24 16:39:19,877 INFO  impl.LogAppender (LogAppender.java:run(78)) - s2@group-A1961C08437E->s0-LogAppender-AppenderDaemon was interrupted: java.io.InterruptedIOException: s2->s0#0 sending from s0:0.0.0.0:42189 is interrupted.
2019-09-24 16:39:19,877 INFO  impl.LogAppender (LogAppender.java:run(78)) - s2@group-A1961C08437E->s1-LogAppender-AppenderDaemon was interrupted: java.io.InterruptedIOException: s2->s1#0 sending from s1:0.0.0.0:39138 is interrupted.
]]></system-out>
  </testcase>
  <testcase name="testFollowerHeartbeatMetric" classname="org.apache.ratis.netty.TestLogAppenderWithNetty" time="32.212"/>
  <testcase name="testUnlimitedElementBuffer" classname="org.apache.ratis.netty.TestLogAppenderWithNetty" time="71.851"/>
</testsuite>