<?xml version="1.0" encoding="UTF-8"?>
<testsuite xmlns:xsi="http://www.w3.org/2001/XMLSchema-instance" xsi:noNamespaceSchemaLocation="https://maven.apache.org/surefire/maven-surefire-plugin/xsd/surefire-test-report.xsd" name="org.apache.ratis.netty.TestLeaderElectionWithNetty" time="182.564" tests="5" errors="1" skipped="0" failures="0">
  <properties>
    <property name="awt.toolkit" value="sun.awt.X11.XToolkit"/>
    <property name="file.encoding.pkg" value="sun.io"/>
    <property name="java.specification.version" value="1.8"/>
    <property name="sun.cpu.isalist" value=""/>
    <property name="sun.jnu.encoding" value="UTF-8"/>
    <property name="java.class.path" value="/workdir/ratis-test/target/test-classes:/workdir/ratis-test/target/classes:/workdir/ratis-common/target/classes:/home/user/.m2/repository/org/apache/ratis/ratis-thirdparty-misc/0.2.0/ratis-thirdparty-misc-0.2.0.jar:/workdir/ratis-proto/target/ratis-proto-0.5.0-SNAPSHOT.jar:/home/user/.m2/repository/org/slf4j/slf4j-log4j12/1.7.10/slf4j-log4j12-1.7.10.jar:/home/user/.m2/repository/log4j/log4j/1.2.17/log4j-1.2.17.jar:/workdir/ratis-common/target/test-classes:/workdir/ratis-client/target/classes:/workdir/ratis-server/target/classes:/workdir/ratis-metrics/target/classes:/home/user/.m2/repository/io/dropwizard/metrics/metrics-core/3.2.5/metrics-core-3.2.5.jar:/home/user/.m2/repository/com/github/joshelser/dropwizard-metrics-hadoop-metrics2-reporter/0.1.2/dropwizard-metrics-hadoop-metrics2-reporter-0.1.2.jar:/home/user/.m2/repository/org/apache/hadoop/hadoop-common/2.6.0/hadoop-common-2.6.0.jar:/home/user/.m2/repository/org/apache/hadoop/hadoop-annotations/2.6.0/hadoop-annotations-2.6.0.jar:/usr/lib/jvm/java-1.8-openjdk/jre/../lib/tools.jar:/home/user/.m2/repository/com/google/guava/guava/11.0.2/guava-11.0.2.jar:/home/user/.m2/repository/commons-cli/commons-cli/1.2/commons-cli-1.2.jar:/home/user/.m2/repository/org/apache/commons/commons-math3/3.1.1/commons-math3-3.1.1.jar:/home/user/.m2/repository/xmlenc/xmlenc/0.52/xmlenc-0.52.jar:/home/user/.m2/repository/commons-httpclient/commons-httpclient/3.1/commons-httpclient-3.1.jar:/home/user/.m2/repository/commons-codec/commons-codec/1.4/commons-codec-1.4.jar:/home/user/.m2/repository/commons-io/commons-io/2.4/commons-io-2.4.jar:/home/user/.m2/repository/commons-net/commons-net/3.1/commons-net-3.1.jar:/home/user/.m2/repository/commons-collections/commons-collections/3.2.1/commons-collections-3.2.1.jar:/home/user/.m2/repository/javax/servlet/servlet-api/2.5/servlet-api-2.5.jar:/home/user/.m2/repository/org/mortbay/jetty/jetty/6.1.26/jetty-6.1.26.jar:/home/user/.m2/repository/org/mortbay/jetty/jetty-util/6.1.26/jetty-util-6.1.26.jar:/home/user/.m2/repository/com/sun/jersey/jersey-core/1.9/jersey-core-1.9.jar:/home/user/.m2/repository/com/sun/jersey/jersey-json/1.9/jersey-json-1.9.jar:/home/user/.m2/repository/org/codehaus/jettison/jettison/1.1/jettison-1.1.jar:/home/user/.m2/repository/com/sun/xml/bind/jaxb-impl/2.2.3-1/jaxb-impl-2.2.3-1.jar:/home/user/.m2/repository/javax/xml/bind/jaxb-api/2.2.2/jaxb-api-2.2.2.jar:/home/user/.m2/repository/javax/xml/stream/stax-api/1.0-2/stax-api-1.0-2.jar:/home/user/.m2/repository/javax/activation/activation/1.1/activation-1.1.jar:/home/user/.m2/repository/org/codehaus/jackson/jackson-jaxrs/1.8.3/jackson-jaxrs-1.8.3.jar:/home/user/.m2/repository/org/codehaus/jackson/jackson-xc/1.8.3/jackson-xc-1.8.3.jar:/home/user/.m2/repository/com/sun/jersey/jersey-server/1.9/jersey-server-1.9.jar:/home/user/.m2/repository/asm/asm/3.1/asm-3.1.jar:/home/user/.m2/repository/tomcat/jasper-compiler/5.5.23/jasper-compiler-5.5.23.jar:/home/user/.m2/repository/tomcat/jasper-runtime/5.5.23/jasper-runtime-5.5.23.jar:/home/user/.m2/repository/javax/servlet/jsp/jsp-api/2.1/jsp-api-2.1.jar:/home/user/.m2/repository/commons-el/commons-el/1.0/commons-el-1.0.jar:/home/user/.m2/repository/commons-logging/commons-logging/1.1.3/commons-logging-1.1.3.jar:/home/user/.m2/repository/net/java/dev/jets3t/jets3t/0.9.0/jets3t-0.9.0.jar:/home/user/.m2/repository/org/apache/httpcomponents/httpclient/4.1.2/httpclient-4.1.2.jar:/home/user/.m2/repository/org/apache/httpcomponents/httpcore/4.1.2/httpcore-4.1.2.jar:/home/user/.m2/repository/com/jamesmurty/utils/java-xmlbuilder/0.4/java-xmlbuilder-0.4.jar:/home/user/.m2/repository/commons-lang/commons-lang/2.6/commons-lang-2.6.jar:/home/user/.m2/repository/commons-configuration/commons-configuration/1.6/commons-configuration-1.6.jar:/home/user/.m2/repository/commons-digester/commons-digester/1.8/commons-digester-1.8.jar:/home/user/.m2/repository/commons-beanutils/commons-beanutils/1.7.0/commons-beanutils-1.7.0.jar:/home/user/.m2/repository/commons-beanutils/commons-beanutils-core/1.8.0/commons-beanutils-core-1.8.0.jar:/home/user/.m2/repository/org/codehaus/jackson/jackson-core-asl/1.9.13/jackson-core-asl-1.9.13.jar:/home/user/.m2/repository/org/codehaus/jackson/jackson-mapper-asl/1.9.13/jackson-mapper-asl-1.9.13.jar:/home/user/.m2/repository/org/apache/avro/avro/1.7.4/avro-1.7.4.jar:/home/user/.m2/repository/com/thoughtworks/paranamer/paranamer/2.3/paranamer-2.3.jar:/home/user/.m2/repository/org/xerial/snappy/snappy-java/1.0.4.1/snappy-java-1.0.4.1.jar:/home/user/.m2/repository/com/google/protobuf/protobuf-java/2.5.0/protobuf-java-2.5.0.jar:/home/user/.m2/repository/com/google/code/gson/gson/2.2.4/gson-2.2.4.jar:/home/user/.m2/repository/org/apache/hadoop/hadoop-auth/2.6.0/hadoop-auth-2.6.0.jar:/home/user/.m2/repository/org/apache/directory/server/apacheds-kerberos-codec/2.0.0-M15/apacheds-kerberos-codec-2.0.0-M15.jar:/home/user/.m2/repository/org/apache/directory/server/apacheds-i18n/2.0.0-M15/apacheds-i18n-2.0.0-M15.jar:/home/user/.m2/repository/org/apache/directory/api/api-asn1-api/1.0.0-M20/api-asn1-api-1.0.0-M20.jar:/home/user/.m2/repository/org/apache/directory/api/api-util/1.0.0-M20/api-util-1.0.0-M20.jar:/home/user/.m2/repository/org/apache/curator/curator-framework/2.6.0/curator-framework-2.6.0.jar:/home/user/.m2/repository/com/jcraft/jsch/0.1.42/jsch-0.1.42.jar:/home/user/.m2/repository/org/apache/curator/curator-client/2.6.0/curator-client-2.6.0.jar:/home/user/.m2/repository/org/apache/curator/curator-recipes/2.6.0/curator-recipes-2.6.0.jar:/home/user/.m2/repository/com/google/code/findbugs/jsr305/1.3.9/jsr305-1.3.9.jar:/home/user/.m2/repository/org/htrace/htrace-core/3.0.4/htrace-core-3.0.4.jar:/home/user/.m2/repository/org/apache/zookeeper/zookeeper/3.4.6/zookeeper-3.4.6.jar:/home/user/.m2/repository/io/netty/netty/3.7.0.Final/netty-3.7.0.Final.jar:/home/user/.m2/repository/org/apache/commons/commons-compress/1.4.1/commons-compress-1.4.1.jar:/home/user/.m2/repository/org/tukaani/xz/1.0/xz-1.0.jar:/home/user/.m2/repository/io/dropwizard/metrics/metrics-jvm/3.2.5/metrics-jvm-3.2.5.jar:/home/user/.m2/repository/io/dropwizard/metrics/metrics-ganglia/3.2.5/metrics-ganglia-3.2.5.jar:/home/user/.m2/repository/info/ganglia/gmetric4j/gmetric4j/1.0.7/gmetric4j-1.0.7.jar:/workdir/ratis-server/target/test-classes:/workdir/ratis-netty/target/classes:/workdir/ratis-netty/target/test-classes:/workdir/ratis-grpc/target/classes:/workdir/ratis-grpc/target/test-classes:/home/user/.m2/repository/org/slf4j/slf4j-api/1.7.10/slf4j-api-1.7.10.jar:/home/user/.m2/repository/junit/junit/4.12/junit-4.12.jar:/home/user/.m2/repository/org/hamcrest/hamcrest-core/1.3/hamcrest-core-1.3.jar:/home/user/.m2/repository/org/mockito/mockito-all/1.8.5/mockito-all-1.8.5.jar:"/>
    <property name="java.vm.vendor" value="IcedTea"/>
    <property name="sun.arch.data.model" value="64"/>
    <property name="java.vendor.url" value="https://icedtea.classpath.org"/>
    <property name="user.timezone" value=""/>
    <property name="java.vm.specification.version" value="1.8"/>
    <property name="os.name" value="Linux"/>
    <property name="user.country" value="US"/>
    <property name="sun.java.launcher" value="SUN_STANDARD"/>
    <property name="sun.boot.library.path" value="/usr/lib/jvm/java-1.8-openjdk/jre/lib/amd64"/>
    <property name="sun.java.command" value="/workdir/ratis-test/target/surefire/surefirebooter3374733519558969091.jar /workdir/ratis-test/target/surefire 2019-09-24T16-02-41_483-jvmRun1 surefire8062835138892489509tmp surefire_283197115595114848297tmp"/>
    <property name="surefire.test.class.path" value="/workdir/ratis-test/target/test-classes:/workdir/ratis-test/target/classes:/workdir/ratis-common/target/classes:/home/user/.m2/repository/org/apache/ratis/ratis-thirdparty-misc/0.2.0/ratis-thirdparty-misc-0.2.0.jar:/workdir/ratis-proto/target/ratis-proto-0.5.0-SNAPSHOT.jar:/home/user/.m2/repository/org/slf4j/slf4j-log4j12/1.7.10/slf4j-log4j12-1.7.10.jar:/home/user/.m2/repository/log4j/log4j/1.2.17/log4j-1.2.17.jar:/workdir/ratis-common/target/test-classes:/workdir/ratis-client/target/classes:/workdir/ratis-server/target/classes:/workdir/ratis-metrics/target/classes:/home/user/.m2/repository/io/dropwizard/metrics/metrics-core/3.2.5/metrics-core-3.2.5.jar:/home/user/.m2/repository/com/github/joshelser/dropwizard-metrics-hadoop-metrics2-reporter/0.1.2/dropwizard-metrics-hadoop-metrics2-reporter-0.1.2.jar:/home/user/.m2/repository/org/apache/hadoop/hadoop-common/2.6.0/hadoop-common-2.6.0.jar:/home/user/.m2/repository/org/apache/hadoop/hadoop-annotations/2.6.0/hadoop-annotations-2.6.0.jar:/usr/lib/jvm/java-1.8-openjdk/jre/../lib/tools.jar:/home/user/.m2/repository/com/google/guava/guava/11.0.2/guava-11.0.2.jar:/home/user/.m2/repository/commons-cli/commons-cli/1.2/commons-cli-1.2.jar:/home/user/.m2/repository/org/apache/commons/commons-math3/3.1.1/commons-math3-3.1.1.jar:/home/user/.m2/repository/xmlenc/xmlenc/0.52/xmlenc-0.52.jar:/home/user/.m2/repository/commons-httpclient/commons-httpclient/3.1/commons-httpclient-3.1.jar:/home/user/.m2/repository/commons-codec/commons-codec/1.4/commons-codec-1.4.jar:/home/user/.m2/repository/commons-io/commons-io/2.4/commons-io-2.4.jar:/home/user/.m2/repository/commons-net/commons-net/3.1/commons-net-3.1.jar:/home/user/.m2/repository/commons-collections/commons-collections/3.2.1/commons-collections-3.2.1.jar:/home/user/.m2/repository/javax/servlet/servlet-api/2.5/servlet-api-2.5.jar:/home/user/.m2/repository/org/mortbay/jetty/jetty/6.1.26/jetty-6.1.26.jar:/home/user/.m2/repository/org/mortbay/jetty/jetty-util/6.1.26/jetty-util-6.1.26.jar:/home/user/.m2/repository/com/sun/jersey/jersey-core/1.9/jersey-core-1.9.jar:/home/user/.m2/repository/com/sun/jersey/jersey-json/1.9/jersey-json-1.9.jar:/home/user/.m2/repository/org/codehaus/jettison/jettison/1.1/jettison-1.1.jar:/home/user/.m2/repository/com/sun/xml/bind/jaxb-impl/2.2.3-1/jaxb-impl-2.2.3-1.jar:/home/user/.m2/repository/javax/xml/bind/jaxb-api/2.2.2/jaxb-api-2.2.2.jar:/home/user/.m2/repository/javax/xml/stream/stax-api/1.0-2/stax-api-1.0-2.jar:/home/user/.m2/repository/javax/activation/activation/1.1/activation-1.1.jar:/home/user/.m2/repository/org/codehaus/jackson/jackson-jaxrs/1.8.3/jackson-jaxrs-1.8.3.jar:/home/user/.m2/repository/org/codehaus/jackson/jackson-xc/1.8.3/jackson-xc-1.8.3.jar:/home/user/.m2/repository/com/sun/jersey/jersey-server/1.9/jersey-server-1.9.jar:/home/user/.m2/repository/asm/asm/3.1/asm-3.1.jar:/home/user/.m2/repository/tomcat/jasper-compiler/5.5.23/jasper-compiler-5.5.23.jar:/home/user/.m2/repository/tomcat/jasper-runtime/5.5.23/jasper-runtime-5.5.23.jar:/home/user/.m2/repository/javax/servlet/jsp/jsp-api/2.1/jsp-api-2.1.jar:/home/user/.m2/repository/commons-el/commons-el/1.0/commons-el-1.0.jar:/home/user/.m2/repository/commons-logging/commons-logging/1.1.3/commons-logging-1.1.3.jar:/home/user/.m2/repository/net/java/dev/jets3t/jets3t/0.9.0/jets3t-0.9.0.jar:/home/user/.m2/repository/org/apache/httpcomponents/httpclient/4.1.2/httpclient-4.1.2.jar:/home/user/.m2/repository/org/apache/httpcomponents/httpcore/4.1.2/httpcore-4.1.2.jar:/home/user/.m2/repository/com/jamesmurty/utils/java-xmlbuilder/0.4/java-xmlbuilder-0.4.jar:/home/user/.m2/repository/commons-lang/commons-lang/2.6/commons-lang-2.6.jar:/home/user/.m2/repository/commons-configuration/commons-configuration/1.6/commons-configuration-1.6.jar:/home/user/.m2/repository/commons-digester/commons-digester/1.8/commons-digester-1.8.jar:/home/user/.m2/repository/commons-beanutils/commons-beanutils/1.7.0/commons-beanutils-1.7.0.jar:/home/user/.m2/repository/commons-beanutils/commons-beanutils-core/1.8.0/commons-beanutils-core-1.8.0.jar:/home/user/.m2/repository/org/codehaus/jackson/jackson-core-asl/1.9.13/jackson-core-asl-1.9.13.jar:/home/user/.m2/repository/org/codehaus/jackson/jackson-mapper-asl/1.9.13/jackson-mapper-asl-1.9.13.jar:/home/user/.m2/repository/org/apache/avro/avro/1.7.4/avro-1.7.4.jar:/home/user/.m2/repository/com/thoughtworks/paranamer/paranamer/2.3/paranamer-2.3.jar:/home/user/.m2/repository/org/xerial/snappy/snappy-java/1.0.4.1/snappy-java-1.0.4.1.jar:/home/user/.m2/repository/com/google/protobuf/protobuf-java/2.5.0/protobuf-java-2.5.0.jar:/home/user/.m2/repository/com/google/code/gson/gson/2.2.4/gson-2.2.4.jar:/home/user/.m2/repository/org/apache/hadoop/hadoop-auth/2.6.0/hadoop-auth-2.6.0.jar:/home/user/.m2/repository/org/apache/directory/server/apacheds-kerberos-codec/2.0.0-M15/apacheds-kerberos-codec-2.0.0-M15.jar:/home/user/.m2/repository/org/apache/directory/server/apacheds-i18n/2.0.0-M15/apacheds-i18n-2.0.0-M15.jar:/home/user/.m2/repository/org/apache/directory/api/api-asn1-api/1.0.0-M20/api-asn1-api-1.0.0-M20.jar:/home/user/.m2/repository/org/apache/directory/api/api-util/1.0.0-M20/api-util-1.0.0-M20.jar:/home/user/.m2/repository/org/apache/curator/curator-framework/2.6.0/curator-framework-2.6.0.jar:/home/user/.m2/repository/com/jcraft/jsch/0.1.42/jsch-0.1.42.jar:/home/user/.m2/repository/org/apache/curator/curator-client/2.6.0/curator-client-2.6.0.jar:/home/user/.m2/repository/org/apache/curator/curator-recipes/2.6.0/curator-recipes-2.6.0.jar:/home/user/.m2/repository/com/google/code/findbugs/jsr305/1.3.9/jsr305-1.3.9.jar:/home/user/.m2/repository/org/htrace/htrace-core/3.0.4/htrace-core-3.0.4.jar:/home/user/.m2/repository/org/apache/zookeeper/zookeeper/3.4.6/zookeeper-3.4.6.jar:/home/user/.m2/repository/io/netty/netty/3.7.0.Final/netty-3.7.0.Final.jar:/home/user/.m2/repository/org/apache/commons/commons-compress/1.4.1/commons-compress-1.4.1.jar:/home/user/.m2/repository/org/tukaani/xz/1.0/xz-1.0.jar:/home/user/.m2/repository/io/dropwizard/metrics/metrics-jvm/3.2.5/metrics-jvm-3.2.5.jar:/home/user/.m2/repository/io/dropwizard/metrics/metrics-ganglia/3.2.5/metrics-ganglia-3.2.5.jar:/home/user/.m2/repository/info/ganglia/gmetric4j/gmetric4j/1.0.7/gmetric4j-1.0.7.jar:/workdir/ratis-server/target/test-classes:/workdir/ratis-netty/target/classes:/workdir/ratis-netty/target/test-classes:/workdir/ratis-grpc/target/classes:/workdir/ratis-grpc/target/test-classes:/home/user/.m2/repository/org/slf4j/slf4j-api/1.7.10/slf4j-api-1.7.10.jar:/home/user/.m2/repository/junit/junit/4.12/junit-4.12.jar:/home/user/.m2/repository/org/hamcrest/hamcrest-core/1.3/hamcrest-core-1.3.jar:/home/user/.m2/repository/org/mockito/mockito-all/1.8.5/mockito-all-1.8.5.jar:"/>
    <property name="sun.cpu.endian" value="little"/>
    <property name="user.home" value="/home/user"/>
    <property name="user.language" value="en"/>
    <property name="java.specification.vendor" value="Oracle Corporation"/>
    <property name="java.home" value="/usr/lib/jvm/java-1.8-openjdk/jre"/>
    <property name="basedir" value="/workdir/ratis-test"/>
    <property name="file.separator" value="/"/>
    <property name="line.separator" value="&#10;"/>
    <property name="java.vm.specification.vendor" value="Oracle Corporation"/>
    <property name="java.specification.name" value="Java Platform API Specification"/>
    <property name="java.awt.graphicsenv" value="sun.awt.X11GraphicsEnvironment"/>
    <property name="surefire.real.class.path" value="/workdir/ratis-test/target/surefire/surefirebooter3374733519558969091.jar"/>
    <property name="sun.boot.class.path" value="/usr/lib/jvm/java-1.8-openjdk/jre/lib/resources.jar:/usr/lib/jvm/java-1.8-openjdk/jre/lib/rt.jar:/usr/lib/jvm/java-1.8-openjdk/jre/lib/sunrsasign.jar:/usr/lib/jvm/java-1.8-openjdk/jre/lib/jsse.jar:/usr/lib/jvm/java-1.8-openjdk/jre/lib/jce.jar:/usr/lib/jvm/java-1.8-openjdk/jre/lib/charsets.jar:/usr/lib/jvm/java-1.8-openjdk/jre/lib/jfr.jar:/usr/lib/jvm/java-1.8-openjdk/jre/classes"/>
    <property name="sun.management.compiler" value="HotSpot 64-Bit Tiered Compilers"/>
    <property name="java.runtime.version" value="1.8.0_212-b04"/>
    <property name="java.net.preferIPv4Stack" value="true"/>
    <property name="user.name" value="jenkins1000"/>
    <property name="path.separator" value=":"/>
    <property name="os.version" value="3.10.0-957.12.2.el7.x86_64"/>
    <property name="java.endorsed.dirs" value="/usr/lib/jvm/java-1.8-openjdk/jre/lib/endorsed"/>
    <property name="java.runtime.name" value="OpenJDK Runtime Environment"/>
    <property name="file.encoding" value="UTF-8"/>
    <property name="java.vm.name" value="OpenJDK 64-Bit Server VM"/>
    <property name="localRepository" value="/home/user/.m2/repository"/>
    <property name="java.vendor.url.bug" value="https://icedtea.classpath.org/bugzilla"/>
    <property name="java.io.tmpdir" value="/tmp"/>
    <property name="java.version" value="1.8.0_212"/>
    <property name="user.dir" value="/workdir/ratis-test"/>
    <property name="os.arch" value="amd64"/>
    <property name="ratis.tmp.dir" value="/workdir/ratis-test/target/tmp"/>
    <property name="java.vm.specification.name" value="Java Virtual Machine Specification"/>
    <property name="java.awt.printerjob" value="sun.print.PSPrinterJob"/>
    <property name="ratis.log.dir" value="/workdir/ratis-test/target/log"/>
    <property name="sun.os.patch.level" value="unknown"/>
    <property name="java.library.path" value="/usr/lib/jvm/java-1.8-openjdk/jre/lib/amd64/server:/usr/lib/jvm/java-1.8-openjdk/jre/lib/amd64:/usr/lib/jvm/java-1.8-openjdk/jre/../lib/amd64:/usr/java/packages/lib/amd64:/usr/lib64:/lib64:/lib:/usr/lib"/>
    <property name="java.vm.info" value="mixed mode"/>
    <property name="java.vendor" value="IcedTea"/>
    <property name="java.vm.version" value="25.212-b04"/>
    <property name="java.ext.dirs" value="/usr/lib/jvm/java-1.8-openjdk/jre/lib/ext:/usr/java/packages/lib/ext"/>
    <property name="sun.io.unicode.encoding" value="UnicodeLittle"/>
    <property name="java.class.version" value="52.0"/>
  </properties>
  <testcase name="testEnforceLeader" classname="org.apache.ratis.netty.TestLeaderElectionWithNetty" time="62.899"/>
  <testcase name="testLateServerStart" classname="org.apache.ratis.netty.TestLeaderElectionWithNetty" time="5.002"/>
  <testcase name="testBasicLeaderElection" classname="org.apache.ratis.netty.TestLeaderElectionWithNetty" time="16.17"/>
  <testcase name="testChangeLeader" classname="org.apache.ratis.netty.TestLeaderElectionWithNetty" time="87.14">
    <error message="Failed to change leader: newLeader == oldLeader == s2" type="java.lang.IllegalStateException">java.lang.IllegalStateException: Failed to change leader: newLeader == oldLeader == s2
</error>
    <system-out><![CDATA[2019-09-24 16:29:50,848 INFO  util.LogUtils (LogUtils.java:setLogLevel(41)) - Set org.apache.ratis.conf.ConfUtils log level to WARN
2019-09-24 16:29:50,848 INFO  util.LogUtils (LogUtils.java:setLogLevel(41)) - Set org.apache.ratis.util.FileUtils log level to TRACE
2019-09-24 16:29:50,848 INFO  util.LogUtils (LogUtils.java:setLogLevel(41)) - Set org.apache.ratis.server.impl.RaftServerImpl log level to DEBUG
2019-09-24 16:29:50,849 INFO  util.LogUtils (LogUtils.java:setLogLevel(41)) - Set org.apache.ratis.client.RaftClient log level to DEBUG
2019-09-24 16:29:50,851 INFO  util.LogUtils (LogUtils.java:setLogLevel(41)) - Set org.apache.ratis.server.raftlog.segmented.SegmentedRaftLogWorker log level to TRACE
2019-09-24 16:29:50,851 INFO  netty.TestLeaderElectionWithNetty (LeaderElectionTests.java:testChangeLeader(75)) - Running testChangeLeader
2019-09-24 16:29:50,852 INFO  ratis.MiniRaftCluster (MiniRaftCluster.java:<init>(253)) - new MiniRaftClusterWithNetty with group-A7200166065B:[s0:0.0.0.0:33663, s1:0.0.0.0:41738, s2:0.0.0.0:43966]
2019-09-24 16:29:50,853 INFO  ratis.MiniRaftCluster (MiniRaftCluster.java:start(287)) - .............................................................. 
2019-09-24 16:29:50,853 INFO  ratis.MiniRaftCluster (MiniRaftCluster.java:start(288)) - ... 
2019-09-24 16:29:50,853 INFO  ratis.MiniRaftCluster (MiniRaftCluster.java:start(289)) - ...     Starting MiniRaftClusterWithNetty
2019-09-24 16:29:50,853 INFO  ratis.MiniRaftCluster (MiniRaftCluster.java:start(290)) - ... 
2019-09-24 16:29:50,853 INFO  ratis.MiniRaftCluster (MiniRaftCluster.java:start(291)) - .............................................................. 
2019-09-24 16:29:50,853 INFO  ratis.MiniRaftCluster (MiniRaftCluster.java:initServers(265)) - servers = {}
2019-09-24 16:29:50,853 INFO  ratis.MiniRaftCluster (MiniRaftCluster.java:newRaftServer(330)) - newRaftServer: s0, group-A7200166065B:[s0:0.0.0.0:33663, s1:0.0.0.0:41738, s2:0.0.0.0:43966], format? true
2019-09-24 16:29:50,854 TRACE util.FileUtils (FileUtils.java:deleteFully(88)) - deleteFully target/test/data/15450be3/MiniRaftClusterWithNetty3af59600/s0
2019-09-24 16:29:50,854 TRACE util.FileUtils (FileUtils.java:deleteFully(104)) - deleteFully: target/test/data/15450be3/MiniRaftClusterWithNetty3af59600/s0 does not exist.
2019-09-24 16:29:50,854 INFO  ratis.MiniRaftCluster (MiniRaftCluster.java:newRaftServer(335)) - Formatted directory target/test/data/15450be3/MiniRaftClusterWithNetty3af59600/s0
2019-09-24 16:29:50,855 INFO  impl.RaftServerProxy (ConfUtils.java:logGet(43)) - raft.rpc.type = NETTY (custom)
2019-09-24 16:29:50,857 INFO  netty.NettyConfigKeys$Server (ConfUtils.java:logGet(43)) - raft.netty.server.port = 33663 (custom)
2019-09-24 16:29:50,858 INFO  server.RaftServerConfigKeys (ConfUtils.java:logGet(43)) - raft.server.storage.dir = [/workdir/ratis-test/target/test/data/15450be3/MiniRaftClusterWithNetty3af59600/s0] (custom)
2019-09-24 16:29:50,859 INFO  logging.LoggingHandler (AbstractInternalLogger.java:log(150)) - [id: 0xfa591442] REGISTERED
2019-09-24 16:29:50,859 INFO  impl.RaftServerProxy (RaftServerProxy.java:addNew(89)) - s0: addNew group-A7200166065B:[s0:0.0.0.0:33663, s1:0.0.0.0:41738, s2:0.0.0.0:43966] returns group-A7200166065B:java.util.concurrent.CompletableFuture@790f690[Not completed]
2019-09-24 16:29:50,859 INFO  logging.LoggingHandler (AbstractInternalLogger.java:log(150)) - [id: 0xfa591442] BIND: 0.0.0.0/0.0.0.0:33663
2019-09-24 16:29:50,859 INFO  logging.LoggingHandler (AbstractInternalLogger.java:log(150)) - [id: 0xfa591442, L:/0.0.0.0:33663] ACTIVE
2019-09-24 16:29:50,860 INFO  impl.RaftServerImpl (RaftServerImpl.java:<init>(95)) - s0: new RaftServerImpl for group-A7200166065B:[s0:0.0.0.0:33663, s1:0.0.0.0:41738, s2:0.0.0.0:43966] with BaseStateMachine:uninitialized
2019-09-24 16:29:50,861 INFO  server.RaftServerConfigKeys (ConfUtils.java:logGet(43)) - raft.server.rpc.timeout.min = 150ms (default)
2019-09-24 16:29:50,861 INFO  ratis.MiniRaftCluster (MiniRaftCluster.java:newRaftServer(330)) - newRaftServer: s1, group-A7200166065B:[s0:0.0.0.0:33663, s1:0.0.0.0:41738, s2:0.0.0.0:43966], format? true
2019-09-24 16:29:50,861 INFO  server.RaftServerConfigKeys (ConfUtils.java:logGet(43)) - raft.server.rpc.timeout.max = 300ms (default)
2019-09-24 16:29:50,861 TRACE util.FileUtils (FileUtils.java:deleteFully(88)) - deleteFully target/test/data/15450be3/MiniRaftClusterWithNetty3af59600/s1
2019-09-24 16:29:50,861 INFO  server.RaftServerConfigKeys (ConfUtils.java:logGet(43)) - raft.server.rpcslowness.timeout = 60s (default)
2019-09-24 16:29:50,862 INFO  server.RaftServerConfigKeys (ConfUtils.java:logGet(43)) - raft.server.sleep.deviation.threshold = 300 (default)
2019-09-24 16:29:50,862 TRACE util.FileUtils (FileUtils.java:deleteFully(104)) - deleteFully: target/test/data/15450be3/MiniRaftClusterWithNetty3af59600/s1 does not exist.
2019-09-24 16:29:50,862 INFO  ratis.MiniRaftCluster (MiniRaftCluster.java:newRaftServer(335)) - Formatted directory target/test/data/15450be3/MiniRaftClusterWithNetty3af59600/s1
2019-09-24 16:29:50,862 INFO  server.RaftServerConfigKeys (ConfUtils.java:logGet(43)) - raft.server.log.appender.install.snapshot.enabled = true (default)
2019-09-24 16:29:50,862 INFO  impl.RaftServerProxy (ConfUtils.java:logGet(43)) - raft.rpc.type = NETTY (custom)
2019-09-24 16:29:50,862 INFO  impl.RaftServerImpl (ServerState.java:<init>(103)) - s0@group-A7200166065B: ConfigurationManager, init=-1: [s0:0.0.0.0:33663, s1:0.0.0.0:41738, s2:0.0.0.0:43966], old=null, confs=<EMPTY_MAP>
2019-09-24 16:29:50,863 INFO  server.RaftServerConfigKeys (ConfUtils.java:logGet(43)) - raft.server.storage.dir = [/workdir/ratis-test/target/test/data/15450be3/MiniRaftClusterWithNetty3af59600/s0] (custom)
2019-09-24 16:29:50,863 INFO  server.RaftServerConfigKeys (ConfUtils.java:logGet(43)) - raft.server.log.corruption.policy = EXCEPTION (default)
2019-09-24 16:29:50,864 INFO  storage.RaftStorageDirectory (RaftStorageDirectory.java:analyzeStorage(246)) - The storage directory /workdir/ratis-test/target/test/data/15450be3/MiniRaftClusterWithNetty3af59600/s0/27bf8f2f-fbce-4cfa-95b3-a7200166065b does not exist. Creating ...
2019-09-24 16:29:50,864 INFO  netty.NettyConfigKeys$Server (ConfUtils.java:logGet(43)) - raft.netty.server.port = 41738 (custom)
2019-09-24 16:29:50,865 TRACE util.FileUtils (LogUtils.java:runAndLog(61)) - Successfully ran Files.createDirectories /workdir/ratis-test/target/test/data/15450be3/MiniRaftClusterWithNetty3af59600/s0/27bf8f2f-fbce-4cfa-95b3-a7200166065b
2019-09-24 16:29:50,865 INFO  server.RaftServerConfigKeys (ConfUtils.java:logGet(43)) - raft.server.storage.dir = [/workdir/ratis-test/target/test/data/15450be3/MiniRaftClusterWithNetty3af59600/s1] (custom)
2019-09-24 16:29:50,865 INFO  logging.LoggingHandler (AbstractInternalLogger.java:log(150)) - [id: 0x436b5278] REGISTERED
2019-09-24 16:29:50,865 INFO  logging.LoggingHandler (AbstractInternalLogger.java:log(150)) - [id: 0x436b5278] BIND: 0.0.0.0/0.0.0.0:41738
2019-09-24 16:29:50,865 INFO  impl.RaftServerProxy (RaftServerProxy.java:addNew(89)) - s1: addNew group-A7200166065B:[s0:0.0.0.0:33663, s1:0.0.0.0:41738, s2:0.0.0.0:43966] returns group-A7200166065B:java.util.concurrent.CompletableFuture@57e93025[Not completed]
2019-09-24 16:29:50,866 INFO  logging.LoggingHandler (AbstractInternalLogger.java:log(150)) - [id: 0x436b5278, L:/0.0.0.0:41738] ACTIVE
2019-09-24 16:29:50,866 INFO  impl.RaftServerImpl (RaftServerImpl.java:<init>(95)) - s1: new RaftServerImpl for group-A7200166065B:[s0:0.0.0.0:33663, s1:0.0.0.0:41738, s2:0.0.0.0:43966] with BaseStateMachine:uninitialized
2019-09-24 16:29:50,866 INFO  ratis.MiniRaftCluster (MiniRaftCluster.java:newRaftServer(330)) - newRaftServer: s2, group-A7200166065B:[s0:0.0.0.0:33663, s1:0.0.0.0:41738, s2:0.0.0.0:43966], format? true
2019-09-24 16:29:50,867 INFO  server.RaftServerConfigKeys (ConfUtils.java:logGet(43)) - raft.server.rpc.timeout.min = 150ms (default)
2019-09-24 16:29:50,867 TRACE util.FileUtils (FileUtils.java:deleteFully(88)) - deleteFully target/test/data/15450be3/MiniRaftClusterWithNetty3af59600/s2
2019-09-24 16:29:50,868 INFO  server.RaftServerConfigKeys (ConfUtils.java:logGet(43)) - raft.server.rpc.timeout.max = 300ms (default)
2019-09-24 16:29:50,868 INFO  server.RaftServerConfigKeys (ConfUtils.java:logGet(43)) - raft.server.rpcslowness.timeout = 60s (default)
2019-09-24 16:29:50,868 TRACE util.FileUtils (FileUtils.java:deleteFully(104)) - deleteFully: target/test/data/15450be3/MiniRaftClusterWithNetty3af59600/s2 does not exist.
2019-09-24 16:29:50,868 INFO  server.RaftServerConfigKeys (ConfUtils.java:logGet(43)) - raft.server.sleep.deviation.threshold = 300 (default)
2019-09-24 16:29:50,868 INFO  ratis.MiniRaftCluster (MiniRaftCluster.java:newRaftServer(335)) - Formatted directory target/test/data/15450be3/MiniRaftClusterWithNetty3af59600/s2
2019-09-24 16:29:50,868 INFO  server.RaftServerConfigKeys (ConfUtils.java:logGet(43)) - raft.server.log.appender.install.snapshot.enabled = true (default)
2019-09-24 16:29:50,869 INFO  impl.RaftServerImpl (ServerState.java:<init>(103)) - s1@group-A7200166065B: ConfigurationManager, init=-1: [s0:0.0.0.0:33663, s1:0.0.0.0:41738, s2:0.0.0.0:43966], old=null, confs=<EMPTY_MAP>
2019-09-24 16:29:50,869 INFO  impl.RaftServerProxy (ConfUtils.java:logGet(43)) - raft.rpc.type = NETTY (custom)
2019-09-24 16:29:50,869 INFO  server.RaftServerConfigKeys (ConfUtils.java:logGet(43)) - raft.server.storage.dir = [/workdir/ratis-test/target/test/data/15450be3/MiniRaftClusterWithNetty3af59600/s1] (custom)
2019-09-24 16:29:50,869 INFO  server.RaftServerConfigKeys (ConfUtils.java:logGet(43)) - raft.server.log.corruption.policy = EXCEPTION (default)
2019-09-24 16:29:50,870 INFO  storage.RaftStorageDirectory (RaftStorageDirectory.java:analyzeStorage(246)) - The storage directory /workdir/ratis-test/target/test/data/15450be3/MiniRaftClusterWithNetty3af59600/s1/27bf8f2f-fbce-4cfa-95b3-a7200166065b does not exist. Creating ...
2019-09-24 16:29:50,870 TRACE util.FileUtils (LogUtils.java:runAndLog(61)) - Successfully ran Files.createDirectories /workdir/ratis-test/target/test/data/15450be3/MiniRaftClusterWithNetty3af59600/s1/27bf8f2f-fbce-4cfa-95b3-a7200166065b
2019-09-24 16:29:50,871 INFO  netty.NettyConfigKeys$Server (ConfUtils.java:logGet(43)) - raft.netty.server.port = 43966 (custom)
2019-09-24 16:29:50,873 INFO  server.RaftServerConfigKeys (ConfUtils.java:logGet(43)) - raft.server.storage.dir = [/workdir/ratis-test/target/test/data/15450be3/MiniRaftClusterWithNetty3af59600/s2] (custom)
2019-09-24 16:29:50,873 INFO  logging.LoggingHandler (AbstractInternalLogger.java:log(150)) - [id: 0x5538353e] REGISTERED
2019-09-24 16:29:50,873 INFO  logging.LoggingHandler (AbstractInternalLogger.java:log(150)) - [id: 0x5538353e] BIND: 0.0.0.0/0.0.0.0:43966
2019-09-24 16:29:50,873 INFO  impl.RaftServerProxy (RaftServerProxy.java:addNew(89)) - s2: addNew group-A7200166065B:[s0:0.0.0.0:33663, s1:0.0.0.0:41738, s2:0.0.0.0:43966] returns group-A7200166065B:java.util.concurrent.CompletableFuture@7d664a36[Not completed]
2019-09-24 16:29:50,873 INFO  logging.LoggingHandler (AbstractInternalLogger.java:log(150)) - [id: 0x5538353e, L:/0.0.0.0:43966] ACTIVE
2019-09-24 16:29:50,874 INFO  impl.RaftServerImpl (RaftServerImpl.java:<init>(95)) - s2: new RaftServerImpl for group-A7200166065B:[s0:0.0.0.0:33663, s1:0.0.0.0:41738, s2:0.0.0.0:43966] with BaseStateMachine:uninitialized
2019-09-24 16:29:50,875 INFO  server.RaftServerConfigKeys (ConfUtils.java:logGet(43)) - raft.server.rpc.timeout.min = 150ms (default)
2019-09-24 16:29:50,875 INFO  server.RaftServerConfigKeys (ConfUtils.java:logGet(43)) - raft.server.rpc.timeout.max = 300ms (default)
2019-09-24 16:29:50,875 INFO  server.RaftServerConfigKeys (ConfUtils.java:logGet(43)) - raft.server.rpcslowness.timeout = 60s (default)
2019-09-24 16:29:50,875 INFO  server.RaftServerConfigKeys (ConfUtils.java:logGet(43)) - raft.server.sleep.deviation.threshold = 300 (default)
2019-09-24 16:29:50,876 INFO  server.RaftServerConfigKeys (ConfUtils.java:logGet(43)) - raft.server.log.appender.install.snapshot.enabled = true (default)
2019-09-24 16:29:50,876 INFO  impl.RaftServerImpl (ServerState.java:<init>(103)) - s2@group-A7200166065B: ConfigurationManager, init=-1: [s0:0.0.0.0:33663, s1:0.0.0.0:41738, s2:0.0.0.0:43966], old=null, confs=<EMPTY_MAP>
2019-09-24 16:29:50,876 INFO  server.RaftServerConfigKeys (ConfUtils.java:logGet(43)) - raft.server.storage.dir = [/workdir/ratis-test/target/test/data/15450be3/MiniRaftClusterWithNetty3af59600/s2] (custom)
2019-09-24 16:29:50,876 INFO  server.RaftServerConfigKeys (ConfUtils.java:logGet(43)) - raft.server.log.corruption.policy = EXCEPTION (default)
2019-09-24 16:29:50,877 INFO  storage.RaftStorageDirectory (RaftStorageDirectory.java:analyzeStorage(246)) - The storage directory /workdir/ratis-test/target/test/data/15450be3/MiniRaftClusterWithNetty3af59600/s2/27bf8f2f-fbce-4cfa-95b3-a7200166065b does not exist. Creating ...
2019-09-24 16:29:50,877 TRACE util.FileUtils (LogUtils.java:runAndLog(61)) - Successfully ran Files.createDirectories /workdir/ratis-test/target/test/data/15450be3/MiniRaftClusterWithNetty3af59600/s2/27bf8f2f-fbce-4cfa-95b3-a7200166065b
2019-09-24 16:29:51,225 INFO  storage.RaftStorageDirectory (RaftStorageDirectory.java:tryLock(328)) - Lock on /workdir/ratis-test/target/test/data/15450be3/MiniRaftClusterWithNetty3af59600/s1/27bf8f2f-fbce-4cfa-95b3-a7200166065b/in_use.lock acquired by nodename 924@ratis-test-vphbd-3564017154
2019-09-24 16:29:51,225 INFO  storage.RaftStorageDirectory (RaftStorageDirectory.java:tryLock(328)) - Lock on /workdir/ratis-test/target/test/data/15450be3/MiniRaftClusterWithNetty3af59600/s2/27bf8f2f-fbce-4cfa-95b3-a7200166065b/in_use.lock acquired by nodename 924@ratis-test-vphbd-3564017154
2019-09-24 16:29:51,225 INFO  storage.RaftStorageDirectory (RaftStorageDirectory.java:tryLock(328)) - Lock on /workdir/ratis-test/target/test/data/15450be3/MiniRaftClusterWithNetty3af59600/s0/27bf8f2f-fbce-4cfa-95b3-a7200166065b/in_use.lock acquired by nodename 924@ratis-test-vphbd-3564017154
2019-09-24 16:29:51,225 TRACE util.FileUtils (LogUtils.java:runAndLog(61)) - Successfully ran Files.createDirectories /workdir/ratis-test/target/test/data/15450be3/MiniRaftClusterWithNetty3af59600/s1/27bf8f2f-fbce-4cfa-95b3-a7200166065b/current
2019-09-24 16:29:51,225 TRACE util.FileUtils (LogUtils.java:runAndLog(61)) - Successfully ran Files.createDirectories /workdir/ratis-test/target/test/data/15450be3/MiniRaftClusterWithNetty3af59600/s2/27bf8f2f-fbce-4cfa-95b3-a7200166065b/current
2019-09-24 16:29:51,226 TRACE util.FileUtils (LogUtils.java:runAndLog(61)) - Successfully ran Files.createDirectories /workdir/ratis-test/target/test/data/15450be3/MiniRaftClusterWithNetty3af59600/s1/27bf8f2f-fbce-4cfa-95b3-a7200166065b/sm
2019-09-24 16:29:51,226 TRACE util.FileUtils (LogUtils.java:runAndLog(61)) - Successfully ran Files.createDirectories /workdir/ratis-test/target/test/data/15450be3/MiniRaftClusterWithNetty3af59600/s2/27bf8f2f-fbce-4cfa-95b3-a7200166065b/sm
2019-09-24 16:29:51,226 TRACE util.FileUtils (LogUtils.java:runAndLog(61)) - Successfully ran Files.createDirectories /workdir/ratis-test/target/test/data/15450be3/MiniRaftClusterWithNetty3af59600/s0/27bf8f2f-fbce-4cfa-95b3-a7200166065b/current
2019-09-24 16:29:51,226 TRACE util.FileUtils (LogUtils.java:runAndLog(61)) - Successfully ran Files.createDirectories /workdir/ratis-test/target/test/data/15450be3/MiniRaftClusterWithNetty3af59600/s0/27bf8f2f-fbce-4cfa-95b3-a7200166065b/sm
2019-09-24 16:29:51,239 INFO  storage.RaftStorage (RaftStorage.java:format(84)) - Storage directory /workdir/ratis-test/target/test/data/15450be3/MiniRaftClusterWithNetty3af59600/s1/27bf8f2f-fbce-4cfa-95b3-a7200166065b has been successfully formatted.
2019-09-24 16:29:51,239 INFO  storage.RaftStorage (RaftStorage.java:format(84)) - Storage directory /workdir/ratis-test/target/test/data/15450be3/MiniRaftClusterWithNetty3af59600/s2/27bf8f2f-fbce-4cfa-95b3-a7200166065b has been successfully formatted.
2019-09-24 16:29:51,239 INFO  storage.RaftStorage (RaftStorage.java:format(84)) - Storage directory /workdir/ratis-test/target/test/data/15450be3/MiniRaftClusterWithNetty3af59600/s0/27bf8f2f-fbce-4cfa-95b3-a7200166065b has been successfully formatted.
2019-09-24 16:29:51,240 INFO  server.RaftServerConfigKeys (ConfUtils.java:logGet(43)) - raft.server.notification.no-leader.timeout = 60s (default)
2019-09-24 16:29:51,240 INFO  server.RaftServerConfigKeys (ConfUtils.java:logGet(43)) - raft.server.notification.no-leader.timeout = 60s (default)
2019-09-24 16:29:51,240 INFO  server.RaftServerConfigKeys (ConfUtils.java:logGet(43)) - raft.server.log.use.memory = false (default)
2019-09-24 16:29:51,240 INFO  server.RaftServerConfigKeys (ConfUtils.java:logGet(43)) - raft.server.notification.no-leader.timeout = 60s (default)
2019-09-24 16:29:51,241 INFO  server.RaftServerConfigKeys (ConfUtils.java:logGet(43)) - raft.server.log.purge.gap = 1024 (default)
2019-09-24 16:29:51,240 INFO  server.RaftServerConfigKeys (ConfUtils.java:logGet(43)) - raft.server.log.use.memory = false (default)
2019-09-24 16:29:51,241 INFO  server.RaftServerConfigKeys (ConfUtils.java:logGet(43)) - raft.server.log.appender.buffer.byte-limit = 4MB (=4194304) (default)
2019-09-24 16:29:51,241 INFO  server.RaftServerConfigKeys (ConfUtils.java:logGet(43)) - raft.server.log.use.memory = false (default)
2019-09-24 16:29:51,241 INFO  server.RaftServerConfigKeys (ConfUtils.java:logGet(43)) - raft.server.log.segment.size.max = 8MB (=8388608) (default)
2019-09-24 16:29:51,241 INFO  server.RaftServerConfigKeys (ConfUtils.java:logGet(43)) - raft.server.log.purge.gap = 1024 (default)
2019-09-24 16:29:51,241 INFO  server.RaftServerConfigKeys (ConfUtils.java:logGet(43)) - raft.server.log.segment.cache.num.max = 6 (default)
2019-09-24 16:29:51,241 INFO  server.RaftServerConfigKeys (ConfUtils.java:logGet(43)) - raft.server.log.purge.gap = 1024 (default)
2019-09-24 16:29:51,242 INFO  segmented.SegmentedRaftLogWorker (SegmentedRaftLogWorker.java:<init>(172)) - new s2@group-A7200166065B-SegmentedRaftLogWorker for RaftStorage:Storage Directory /workdir/ratis-test/target/test/data/15450be3/MiniRaftClusterWithNetty3af59600/s2/27bf8f2f-fbce-4cfa-95b3-a7200166065b
2019-09-24 16:29:51,242 INFO  server.RaftServerConfigKeys (ConfUtils.java:logGet(43)) - raft.server.log.appender.buffer.byte-limit = 4MB (=4194304) (default)
2019-09-24 16:29:51,242 INFO  server.RaftServerConfigKeys (ConfUtils.java:logGet(43)) - raft.server.log.queue.byte-limit = 64MB (=67108864) (default)
2019-09-24 16:29:51,242 INFO  server.RaftServerConfigKeys (ConfUtils.java:logGet(43)) - raft.server.log.appender.buffer.byte-limit = 4MB (=4194304) (default)
2019-09-24 16:29:51,242 INFO  server.RaftServerConfigKeys (ConfUtils.java:logGet(43)) - raft.server.log.queue.element-limit = 4096 (default)
2019-09-24 16:29:51,242 INFO  server.RaftServerConfigKeys (ConfUtils.java:logGet(43)) - raft.server.log.segment.size.max = 8MB (=8388608) (default)
2019-09-24 16:29:51,243 INFO  server.RaftServerConfigKeys (ConfUtils.java:logGet(43)) - raft.server.log.segment.size.max = 8MB (=8388608) (default)
2019-09-24 16:29:51,243 INFO  server.RaftServerConfigKeys (ConfUtils.java:logGet(43)) - raft.server.log.preallocated.size = 4MB (=4194304) (default)
2019-09-24 16:29:51,243 INFO  server.RaftServerConfigKeys (ConfUtils.java:logGet(43)) - raft.server.log.segment.size.max = 8MB (=8388608) (default)
2019-09-24 16:29:51,243 INFO  server.RaftServerConfigKeys (ConfUtils.java:logGet(43)) - raft.server.log.write.buffer.size = 64KB (=65536) (default)
2019-09-24 16:29:51,243 INFO  server.RaftServerConfigKeys (ConfUtils.java:logGet(43)) - raft.server.log.segment.cache.num.max = 6 (default)
2019-09-24 16:29:51,243 INFO  server.RaftServerConfigKeys (ConfUtils.java:logGet(43)) - raft.server.log.force.sync.num = 128 (default)
2019-09-24 16:29:51,243 INFO  server.RaftServerConfigKeys (ConfUtils.java:logGet(43)) - raft.server.log.segment.cache.num.max = 6 (default)
2019-09-24 16:29:51,244 INFO  server.RaftServerConfigKeys (ConfUtils.java:logGet(43)) - raft.server.log.statemachine.data.sync = true (default)
2019-09-24 16:29:51,244 INFO  segmented.SegmentedRaftLogWorker (SegmentedRaftLogWorker.java:<init>(172)) - new s1@group-A7200166065B-SegmentedRaftLogWorker for RaftStorage:Storage Directory /workdir/ratis-test/target/test/data/15450be3/MiniRaftClusterWithNetty3af59600/s1/27bf8f2f-fbce-4cfa-95b3-a7200166065b
2019-09-24 16:29:51,244 INFO  server.RaftServerConfigKeys (ConfUtils.java:logGet(43)) - raft.server.log.statemachine.data.sync.timeout = 10s (default)
2019-09-24 16:29:51,244 INFO  segmented.SegmentedRaftLogWorker (SegmentedRaftLogWorker.java:<init>(172)) - new s0@group-A7200166065B-SegmentedRaftLogWorker for RaftStorage:Storage Directory /workdir/ratis-test/target/test/data/15450be3/MiniRaftClusterWithNetty3af59600/s0/27bf8f2f-fbce-4cfa-95b3-a7200166065b
2019-09-24 16:29:51,244 INFO  server.RaftServerConfigKeys (ConfUtils.java:logGet(43)) - raft.server.log.statemachine.data.sync.timeout.retry = -1 (default)
2019-09-24 16:29:51,244 INFO  server.RaftServerConfigKeys (ConfUtils.java:logGet(43)) - raft.server.log.queue.byte-limit = 64MB (=67108864) (default)
2019-09-24 16:29:51,245 INFO  server.RaftServerConfigKeys (ConfUtils.java:logGet(43)) - raft.server.log.statemachine.data.caching.enabled = false (default)
2019-09-24 16:29:51,245 INFO  server.RaftServerConfigKeys (ConfUtils.java:logGet(43)) - raft.server.log.queue.byte-limit = 64MB (=67108864) (default)
2019-09-24 16:29:51,245 INFO  server.RaftServerConfigKeys (ConfUtils.java:logGet(43)) - raft.server.log.queue.element-limit = 4096 (default)
2019-09-24 16:29:51,245 TRACE segmented.SegmentedRaftLogWorker (SegmentedRaftLogWorker.java:start(209)) - s2@group-A7200166065B-SegmentedRaftLogWorker start(latestIndex=-1, openSegmentFile=null)
2019-09-24 16:29:51,245 INFO  server.RaftServerConfigKeys (ConfUtils.java:logGet(43)) - raft.server.log.queue.element-limit = 4096 (default)
2019-09-24 16:29:51,246 INFO  segmented.SegmentedRaftLogWorker (SegmentedRaftLogWorker.java:lambda$new$0(132)) - s2@group-A7200166065B-SegmentedRaftLogWorker: flushIndex: setUnconditionally 0 -> -1
2019-09-24 16:29:51,245 INFO  server.RaftServerConfigKeys (ConfUtils.java:logGet(43)) - raft.server.log.segment.size.max = 8MB (=8388608) (default)
2019-09-24 16:29:51,246 INFO  server.RaftServerConfigKeys (ConfUtils.java:logGet(43)) - raft.server.log.segment.size.max = 8MB (=8388608) (default)
2019-09-24 16:29:51,246 INFO  server.RaftServerConfigKeys (ConfUtils.java:logGet(43)) - raft.server.snapshot.auto.trigger.enabled = false (default)
2019-09-24 16:29:51,246 INFO  server.RaftServerConfigKeys (ConfUtils.java:logGet(43)) - raft.server.log.preallocated.size = 4MB (=4194304) (default)
2019-09-24 16:29:51,246 INFO  server.RaftServerConfigKeys (ConfUtils.java:logGet(43)) - raft.server.snapshot.retention.file.num = -1 (default)
2019-09-24 16:29:51,246 INFO  server.RaftServerConfigKeys (ConfUtils.java:logGet(43)) - raft.server.log.preallocated.size = 4MB (=4194304) (default)
2019-09-24 16:29:51,247 INFO  server.RaftServerConfigKeys (ConfUtils.java:logGet(43)) - raft.server.retrycache.expirytime = 60s (default)
2019-09-24 16:29:51,247 INFO  server.RaftServerConfigKeys (ConfUtils.java:logGet(43)) - raft.server.log.write.buffer.size = 64KB (=65536) (default)
2019-09-24 16:29:51,247 INFO  server.RaftServerConfigKeys (ConfUtils.java:logGet(43)) - raft.server.log.write.buffer.size = 64KB (=65536) (default)
2019-09-24 16:29:51,247 INFO  server.RaftServerConfigKeys (ConfUtils.java:logGet(43)) - raft.server.log.force.sync.num = 128 (default)
2019-09-24 16:29:51,247 INFO  server.RaftServerConfigKeys (ConfUtils.java:logGet(43)) - raft.server.log.force.sync.num = 128 (default)
2019-09-24 16:29:51,247 INFO  server.RaftServerConfigKeys (ConfUtils.java:logGet(43)) - raft.server.log.statemachine.data.sync = true (default)
2019-09-24 16:29:51,248 INFO  server.RaftServerConfigKeys (ConfUtils.java:logGet(43)) - raft.server.log.statemachine.data.sync = true (default)
2019-09-24 16:29:51,248 INFO  server.RaftServerConfigKeys (ConfUtils.java:logGet(43)) - raft.server.log.statemachine.data.sync.timeout = 10s (default)
2019-09-24 16:29:51,248 INFO  server.RaftServerConfigKeys (ConfUtils.java:logGet(43)) - raft.server.log.statemachine.data.sync.timeout = 10s (default)
2019-09-24 16:29:51,248 INFO  server.RaftServerConfigKeys (ConfUtils.java:logGet(43)) - raft.server.log.statemachine.data.sync.timeout.retry = -1 (default)
2019-09-24 16:29:51,248 INFO  server.RaftServerConfigKeys (ConfUtils.java:logGet(43)) - raft.server.log.statemachine.data.sync.timeout.retry = -1 (default)
2019-09-24 16:29:51,248 INFO  server.RaftServerConfigKeys (ConfUtils.java:logGet(43)) - raft.server.log.statemachine.data.caching.enabled = false (default)
2019-09-24 16:29:51,249 INFO  server.RaftServerConfigKeys (ConfUtils.java:logGet(43)) - raft.server.log.statemachine.data.caching.enabled = false (default)
2019-09-24 16:29:51,249 TRACE segmented.SegmentedRaftLogWorker (SegmentedRaftLogWorker.java:start(209)) - s1@group-A7200166065B-SegmentedRaftLogWorker start(latestIndex=-1, openSegmentFile=null)
2019-09-24 16:29:51,249 INFO  segmented.SegmentedRaftLogWorker (SegmentedRaftLogWorker.java:lambda$new$0(132)) - s1@group-A7200166065B-SegmentedRaftLogWorker: flushIndex: setUnconditionally 0 -> -1
2019-09-24 16:29:51,249 TRACE segmented.SegmentedRaftLogWorker (SegmentedRaftLogWorker.java:start(209)) - s0@group-A7200166065B-SegmentedRaftLogWorker start(latestIndex=-1, openSegmentFile=null)
2019-09-24 16:29:51,249 INFO  segmented.SegmentedRaftLogWorker (SegmentedRaftLogWorker.java:lambda$new$0(132)) - s0@group-A7200166065B-SegmentedRaftLogWorker: flushIndex: setUnconditionally 0 -> -1
2019-09-24 16:29:51,249 INFO  server.RaftServerConfigKeys (ConfUtils.java:logGet(43)) - raft.server.snapshot.auto.trigger.enabled = false (default)
2019-09-24 16:29:51,250 INFO  server.RaftServerConfigKeys (ConfUtils.java:logGet(43)) - raft.server.snapshot.retention.file.num = -1 (default)
2019-09-24 16:29:51,250 INFO  server.RaftServerConfigKeys (ConfUtils.java:logGet(43)) - raft.server.snapshot.auto.trigger.enabled = false (default)
2019-09-24 16:29:51,250 INFO  server.RaftServerConfigKeys (ConfUtils.java:logGet(43)) - raft.server.retrycache.expirytime = 60s (default)
2019-09-24 16:29:51,250 INFO  server.RaftServerConfigKeys (ConfUtils.java:logGet(43)) - raft.server.snapshot.retention.file.num = -1 (default)
2019-09-24 16:29:51,250 INFO  server.RaftServerConfigKeys (ConfUtils.java:logGet(43)) - raft.server.retrycache.expirytime = 60s (default)
2019-09-24 16:29:51,255 INFO  impl.RaftServerImpl (RaftServerImpl.java:start(181)) - s0@group-A7200166065B: start as a follower, conf=-1: [s0:0.0.0.0:33663, s1:0.0.0.0:41738, s2:0.0.0.0:43966], old=null
2019-09-24 16:29:51,255 INFO  impl.RaftServerImpl (RaftServerImpl.java:setRole(170)) - s0@group-A7200166065B: changes role from      null to FOLLOWER at term 0 for startAsFollower
2019-09-24 16:29:51,255 INFO  impl.RoleInfo (RoleInfo.java:updateAndGet(143)) - s0: start FollowerState
2019-09-24 16:29:51,256 INFO  util.JmxRegister (JmxRegister.java:tryRegister(44)) - Successfully registered JMX Bean with object name Ratis:service=RaftServer,group=group-A7200166065B,id=s0
2019-09-24 16:29:51,260 INFO  impl.RaftServerProxy (RaftServerProxy.java:lambda$start$3(299)) - s0: start RPC server
2019-09-24 16:29:51,261 INFO  impl.RaftServerImpl (RaftServerImpl.java:start(181)) - s1@group-A7200166065B: start as a follower, conf=-1: [s0:0.0.0.0:33663, s1:0.0.0.0:41738, s2:0.0.0.0:43966], old=null
2019-09-24 16:29:51,261 INFO  impl.RaftServerImpl (RaftServerImpl.java:setRole(170)) - s1@group-A7200166065B: changes role from      null to FOLLOWER at term 0 for startAsFollower
2019-09-24 16:29:51,261 INFO  impl.RoleInfo (RoleInfo.java:updateAndGet(143)) - s1: start FollowerState
2019-09-24 16:29:51,262 INFO  util.JmxRegister (JmxRegister.java:tryRegister(44)) - Successfully registered JMX Bean with object name Ratis:service=RaftServer,group=group-A7200166065B,id=s1
2019-09-24 16:29:51,265 INFO  impl.RaftServerProxy (RaftServerProxy.java:lambda$start$3(299)) - s1: start RPC server
2019-09-24 16:29:51,266 INFO  impl.RaftServerImpl (RaftServerImpl.java:start(181)) - s2@group-A7200166065B: start as a follower, conf=-1: [s0:0.0.0.0:33663, s1:0.0.0.0:41738, s2:0.0.0.0:43966], old=null
2019-09-24 16:29:51,266 INFO  impl.RaftServerImpl (RaftServerImpl.java:setRole(170)) - s2@group-A7200166065B: changes role from      null to FOLLOWER at term 0 for startAsFollower
2019-09-24 16:29:51,266 INFO  impl.RoleInfo (RoleInfo.java:updateAndGet(143)) - s2: start FollowerState
2019-09-24 16:29:51,267 INFO  util.JmxRegister (JmxRegister.java:tryRegister(44)) - Successfully registered JMX Bean with object name Ratis:service=RaftServer,group=group-A7200166065B,id=s2
2019-09-24 16:29:51,270 INFO  impl.RaftServerProxy (RaftServerProxy.java:lambda$start$3(299)) - s2: start RPC server
2019-09-24 16:29:51,271 INFO  server.RaftServerConfigKeys (ConfUtils.java:logGet(43)) - raft.server.rpc.timeout.max = 300ms (default)
2019-09-24 16:29:51,271 INFO  ratis.RaftTestUtil (RaftTestUtil.java:waitForLeader(86)) - printing ALL groups
  s0:  RUNNING  FOLLOWER s0@group-A7200166065B:t0, leader=null, voted=null, raftlog=s0@group-A7200166065B-SegmentedRaftLog:OPENED:c-1,f-1,i0, conf=-1: [s0:0.0.0.0:33663, s1:0.0.0.0:41738, s2:0.0.0.0:43966], old=null RUNNING
  s1:  RUNNING  FOLLOWER s1@group-A7200166065B:t0, leader=null, voted=null, raftlog=s1@group-A7200166065B-SegmentedRaftLog:OPENED:c-1,f-1,i0, conf=-1: [s0:0.0.0.0:33663, s1:0.0.0.0:41738, s2:0.0.0.0:43966], old=null RUNNING
  s2:  RUNNING  FOLLOWER s2@group-A7200166065B:t0, leader=null, voted=null, raftlog=s2@group-A7200166065B-SegmentedRaftLog:OPENED:c-1,f-1,i0, conf=-1: [s0:0.0.0.0:33663, s1:0.0.0.0:41738, s2:0.0.0.0:43966], old=null RUNNING
2019-09-24 16:29:51,272 WARN  ratis.RaftTestUtil (JavaUtils.java:attempt(158)) - FAILED "waitForLeader-null-(expectLeader? true)", attempt #1/100: java.lang.IllegalStateException: No leader yet : printing ALL groups
  s0:  RUNNING  FOLLOWER s0@group-A7200166065B:t0, leader=null, voted=null, raftlog=s0@group-A7200166065B-SegmentedRaftLog:OPENED:c-1,f-1,i0, conf=-1: [s0:0.0.0.0:33663, s1:0.0.0.0:41738, s2:0.0.0.0:43966], old=null RUNNING
  s1:  RUNNING  FOLLOWER s1@group-A7200166065B:t0, leader=null, voted=null, raftlog=s1@group-A7200166065B-SegmentedRaftLog:OPENED:c-1,f-1,i0, conf=-1: [s0:0.0.0.0:33663, s1:0.0.0.0:41738, s2:0.0.0.0:43966], old=null RUNNING
  s2:  RUNNING  FOLLOWER s2@group-A7200166065B:t0, leader=null, voted=null, raftlog=s2@group-A7200166065B-SegmentedRaftLog:OPENED:c-1,f-1,i0, conf=-1: [s0:0.0.0.0:33663, s1:0.0.0.0:41738, s2:0.0.0.0:43966], old=null RUNNING, sleep 450ms and then retry.
java.lang.IllegalStateException: No leader yet : printing ALL groups
  s0:  RUNNING  FOLLOWER s0@group-A7200166065B:t0, leader=null, voted=null, raftlog=s0@group-A7200166065B-SegmentedRaftLog:OPENED:c-1,f-1,i0, conf=-1: [s0:0.0.0.0:33663, s1:0.0.0.0:41738, s2:0.0.0.0:43966], old=null RUNNING
  s1:  RUNNING  FOLLOWER s1@group-A7200166065B:t0, leader=null, voted=null, raftlog=s1@group-A7200166065B-SegmentedRaftLog:OPENED:c-1,f-1,i0, conf=-1: [s0:0.0.0.0:33663, s1:0.0.0.0:41738, s2:0.0.0.0:43966], old=null RUNNING
  s2:  RUNNING  FOLLOWER s2@group-A7200166065B:t0, leader=null, voted=null, raftlog=s2@group-A7200166065B-SegmentedRaftLog:OPENED:c-1,f-1,i0, conf=-1: [s0:0.0.0.0:33663, s1:0.0.0.0:41738, s2:0.0.0.0:43966], old=null RUNNING
	at org.apache.ratis.MiniRaftCluster.newIllegalStateExceptionForNoLeaders(MiniRaftCluster.java:506)
	at org.apache.ratis.RaftTestUtil.lambda$waitForLeader$1(RaftTestUtil.java:90)
	at org.apache.ratis.MiniRaftCluster.getLeader(MiniRaftCluster.java:539)
	at org.apache.ratis.MiniRaftCluster.getLeader(MiniRaftCluster.java:532)
	at org.apache.ratis.RaftTestUtil.lambda$waitForLeader$3(RaftTestUtil.java:98)
	at org.apache.ratis.util.JavaUtils.attempt(JavaUtils.java:152)
	at org.apache.ratis.RaftTestUtil.waitForLeader(RaftTestUtil.java:97)
	at org.apache.ratis.RaftTestUtil.waitForLeader(RaftTestUtil.java:77)
	at org.apache.ratis.RaftTestUtil.waitForLeader(RaftTestUtil.java:72)
	at org.apache.ratis.server.impl.LeaderElectionTests.testChangeLeader(LeaderElectionTests.java:79)
	at sun.reflect.NativeMethodAccessorImpl.invoke0(Native Method)
	at sun.reflect.NativeMethodAccessorImpl.invoke(NativeMethodAccessorImpl.java:62)
	at sun.reflect.DelegatingMethodAccessorImpl.invoke(DelegatingMethodAccessorImpl.java:43)
	at java.lang.reflect.Method.invoke(Method.java:498)
	at org.junit.runners.model.FrameworkMethod$1.runReflectiveCall(FrameworkMethod.java:50)
	at org.junit.internal.runners.model.ReflectiveCallable.run(ReflectiveCallable.java:12)
	at org.junit.runners.model.FrameworkMethod.invokeExplosively(FrameworkMethod.java:47)
	at org.junit.internal.runners.statements.InvokeMethod.evaluate(InvokeMethod.java:17)
	at org.junit.internal.runners.statements.RunAfters.evaluate(RunAfters.java:27)
	at org.junit.internal.runners.statements.FailOnTimeout$CallableStatement.call(FailOnTimeout.java:298)
	at org.junit.internal.runners.statements.FailOnTimeout$CallableStatement.call(FailOnTimeout.java:292)
	at java.util.concurrent.FutureTask.run(FutureTask.java:266)
	at java.lang.Thread.run(Thread.java:748)
2019-09-24 16:29:51,423 INFO  impl.FollowerState (FollowerState.java:run(108)) - s1@group-A7200166065B-FollowerState: change to CANDIDATE, lastRpcTime:161ms, electionTimeout:161ms
2019-09-24 16:29:51,423 INFO  impl.RoleInfo (RoleInfo.java:shutdownFollowerState(121)) - s1: shutdown FollowerState
2019-09-24 16:29:51,423 INFO  impl.RaftServerImpl (RaftServerImpl.java:setRole(170)) - s1@group-A7200166065B: changes role from  FOLLOWER to CANDIDATE at term 0 for changeToCandidate
2019-09-24 16:29:51,423 INFO  impl.RoleInfo (RoleInfo.java:updateAndGet(143)) - s1: start LeaderElection
2019-09-24 16:29:51,540 INFO  impl.FollowerState (FollowerState.java:run(108)) - s2@group-A7200166065B-FollowerState: change to CANDIDATE, lastRpcTime:273ms, electionTimeout:273ms
2019-09-24 16:29:51,540 INFO  impl.RoleInfo (RoleInfo.java:shutdownFollowerState(121)) - s2: shutdown FollowerState
2019-09-24 16:29:51,540 INFO  impl.RaftServerImpl (RaftServerImpl.java:setRole(170)) - s2@group-A7200166065B: changes role from  FOLLOWER to CANDIDATE at term 0 for changeToCandidate
2019-09-24 16:29:51,541 INFO  impl.RoleInfo (RoleInfo.java:updateAndGet(143)) - s2: start LeaderElection
2019-09-24 16:29:51,546 INFO  impl.FollowerState (FollowerState.java:run(108)) - s0@group-A7200166065B-FollowerState: change to CANDIDATE, lastRpcTime:290ms, electionTimeout:290ms
2019-09-24 16:29:51,546 INFO  impl.RoleInfo (RoleInfo.java:shutdownFollowerState(121)) - s0: shutdown FollowerState
2019-09-24 16:29:51,546 INFO  impl.RaftServerImpl (RaftServerImpl.java:setRole(170)) - s0@group-A7200166065B: changes role from  FOLLOWER to CANDIDATE at term 0 for changeToCandidate
2019-09-24 16:29:51,546 INFO  impl.RoleInfo (RoleInfo.java:updateAndGet(143)) - s0: start LeaderElection
2019-09-24 16:29:51,723 WARN  ratis.RaftTestUtil (JavaUtils.java:attempt(158)) - FAILED "waitForLeader-null-(expectLeader? true)", attempt #2/100: java.lang.IllegalStateException: No leader yet : printing ALL groups
  s0:  RUNNING CANDIDATE s0@group-A7200166065B:t1, leader=null, voted=s0, raftlog=s0@group-A7200166065B-SegmentedRaftLog:OPENED:c-1,f-1,i0, conf=-1: [s0:0.0.0.0:33663, s1:0.0.0.0:41738, s2:0.0.0.0:43966], old=null RUNNING
  s1:  RUNNING CANDIDATE s1@group-A7200166065B:t1, leader=null, voted=s1, raftlog=s1@group-A7200166065B-SegmentedRaftLog:OPENED:c-1,f-1,i0, conf=-1: [s0:0.0.0.0:33663, s1:0.0.0.0:41738, s2:0.0.0.0:43966], old=null RUNNING
  s2:  RUNNING CANDIDATE s2@group-A7200166065B:t1, leader=null, voted=s2, raftlog=s2@group-A7200166065B-SegmentedRaftLog:OPENED:c-1,f-1,i0, conf=-1: [s0:0.0.0.0:33663, s1:0.0.0.0:41738, s2:0.0.0.0:43966], old=null RUNNING, sleep 450ms and then retry.
java.lang.IllegalStateException: No leader yet : printing ALL groups
  s0:  RUNNING CANDIDATE s0@group-A7200166065B:t1, leader=null, voted=s0, raftlog=s0@group-A7200166065B-SegmentedRaftLog:OPENED:c-1,f-1,i0, conf=-1: [s0:0.0.0.0:33663, s1:0.0.0.0:41738, s2:0.0.0.0:43966], old=null RUNNING
  s1:  RUNNING CANDIDATE s1@group-A7200166065B:t1, leader=null, voted=s1, raftlog=s1@group-A7200166065B-SegmentedRaftLog:OPENED:c-1,f-1,i0, conf=-1: [s0:0.0.0.0:33663, s1:0.0.0.0:41738, s2:0.0.0.0:43966], old=null RUNNING
  s2:  RUNNING CANDIDATE s2@group-A7200166065B:t1, leader=null, voted=s2, raftlog=s2@group-A7200166065B-SegmentedRaftLog:OPENED:c-1,f-1,i0, conf=-1: [s0:0.0.0.0:33663, s1:0.0.0.0:41738, s2:0.0.0.0:43966], old=null RUNNING
	at org.apache.ratis.MiniRaftCluster.newIllegalStateExceptionForNoLeaders(MiniRaftCluster.java:506)
	at org.apache.ratis.RaftTestUtil.lambda$waitForLeader$1(RaftTestUtil.java:90)
	at org.apache.ratis.MiniRaftCluster.getLeader(MiniRaftCluster.java:539)
	at org.apache.ratis.MiniRaftCluster.getLeader(MiniRaftCluster.java:532)
	at org.apache.ratis.RaftTestUtil.lambda$waitForLeader$3(RaftTestUtil.java:98)
	at org.apache.ratis.util.JavaUtils.attempt(JavaUtils.java:152)
	at org.apache.ratis.RaftTestUtil.waitForLeader(RaftTestUtil.java:97)
	at org.apache.ratis.RaftTestUtil.waitForLeader(RaftTestUtil.java:77)
	at org.apache.ratis.RaftTestUtil.waitForLeader(RaftTestUtil.java:72)
	at org.apache.ratis.server.impl.LeaderElectionTests.testChangeLeader(LeaderElectionTests.java:79)
	at sun.reflect.NativeMethodAccessorImpl.invoke0(Native Method)
	at sun.reflect.NativeMethodAccessorImpl.invoke(NativeMethodAccessorImpl.java:62)
	at sun.reflect.DelegatingMethodAccessorImpl.invoke(DelegatingMethodAccessorImpl.java:43)
	at java.lang.reflect.Method.invoke(Method.java:498)
	at org.junit.runners.model.FrameworkMethod$1.runReflectiveCall(FrameworkMethod.java:50)
	at org.junit.internal.runners.model.ReflectiveCallable.run(ReflectiveCallable.java:12)
	at org.junit.runners.model.FrameworkMethod.invokeExplosively(FrameworkMethod.java:47)
	at org.junit.internal.runners.statements.InvokeMethod.evaluate(InvokeMethod.java:17)
	at org.junit.internal.runners.statements.RunAfters.evaluate(RunAfters.java:27)
	at org.junit.internal.runners.statements.FailOnTimeout$CallableStatement.call(FailOnTimeout.java:298)
	at org.junit.internal.runners.statements.FailOnTimeout$CallableStatement.call(FailOnTimeout.java:292)
	at java.util.concurrent.FutureTask.run(FutureTask.java:266)
	at java.lang.Thread.run(Thread.java:748)
2019-09-24 16:29:51,811 INFO  impl.LeaderElection (LeaderElection.java:askForVotes(178)) - s2@group-A7200166065B-LeaderElection115: begin an election at term 1 for -1: [s0:0.0.0.0:33663, s1:0.0.0.0:41738, s2:0.0.0.0:43966], old=null
2019-09-24 16:29:51,811 INFO  impl.LeaderElection (LeaderElection.java:askForVotes(178)) - s1@group-A7200166065B-LeaderElection114: begin an election at term 1 for -1: [s0:0.0.0.0:33663, s1:0.0.0.0:41738, s2:0.0.0.0:43966], old=null
2019-09-24 16:29:51,811 INFO  impl.LeaderElection (LeaderElection.java:askForVotes(178)) - s0@group-A7200166065B-LeaderElection116: begin an election at term 1 for -1: [s0:0.0.0.0:33663, s1:0.0.0.0:41738, s2:0.0.0.0:43966], old=null
2019-09-24 16:29:51,814 INFO  logging.LoggingHandler (AbstractInternalLogger.java:log(150)) - [id: 0xfa591442, L:/0.0.0.0:33663] READ: [id: 0x9d36d060, L:/192.168.5.142:33663 - R:/192.168.5.142:56368]
2019-09-24 16:29:51,815 INFO  logging.LoggingHandler (AbstractInternalLogger.java:log(150)) - [id: 0x436b5278, L:/0.0.0.0:41738] READ: [id: 0xf03054df, L:/192.168.5.142:41738 - R:/192.168.5.142:47382]
2019-09-24 16:29:51,815 INFO  logging.LoggingHandler (AbstractInternalLogger.java:log(150)) - [id: 0x5538353e, L:/0.0.0.0:43966] READ: [id: 0x07012b9d, L:/192.168.5.142:43966 - R:/192.168.5.142:41926]
2019-09-24 16:29:51,815 INFO  logging.LoggingHandler (AbstractInternalLogger.java:log(150)) - [id: 0xfa591442, L:/0.0.0.0:33663] READ COMPLETE
2019-09-24 16:29:51,816 INFO  logging.LoggingHandler (AbstractInternalLogger.java:log(150)) - [id: 0x436b5278, L:/0.0.0.0:41738] READ COMPLETE
2019-09-24 16:29:51,816 INFO  logging.LoggingHandler (AbstractInternalLogger.java:log(150)) - [id: 0x5538353e, L:/0.0.0.0:43966] READ COMPLETE
2019-09-24 16:29:51,816 INFO  logging.LoggingHandler (AbstractInternalLogger.java:log(150)) - [id: 0x436b5278, L:/0.0.0.0:41738] READ: [id: 0x881d41ab, L:/192.168.5.142:41738 - R:/192.168.5.142:47384]
2019-09-24 16:29:51,816 INFO  logging.LoggingHandler (AbstractInternalLogger.java:log(150)) - [id: 0xfa591442, L:/0.0.0.0:33663] READ: [id: 0xb2e9f302, L:/192.168.5.142:33663 - R:/192.168.5.142:56370]
2019-09-24 16:29:51,817 INFO  logging.LoggingHandler (AbstractInternalLogger.java:log(150)) - [id: 0x5538353e, L:/0.0.0.0:43966] READ: [id: 0x7b84d71b, L:/192.168.5.142:43966 - R:/192.168.5.142:41928]
2019-09-24 16:29:51,817 INFO  logging.LoggingHandler (AbstractInternalLogger.java:log(150)) - [id: 0x436b5278, L:/0.0.0.0:41738] READ COMPLETE
2019-09-24 16:29:51,817 INFO  logging.LoggingHandler (AbstractInternalLogger.java:log(150)) - [id: 0x5538353e, L:/0.0.0.0:43966] READ COMPLETE
2019-09-24 16:29:51,817 INFO  logging.LoggingHandler (AbstractInternalLogger.java:log(150)) - [id: 0xfa591442, L:/0.0.0.0:33663] READ COMPLETE
2019-09-24 16:29:51,819 DEBUG impl.RaftServerImpl (RaftServerImpl.java:requestVote(743)) - s2@group-A7200166065B: receive requestVote(s1, group-A7200166065B, 1, (t:0, i:0))
2019-09-24 16:29:51,819 DEBUG impl.RaftServerImpl (RaftServerImpl.java:requestVote(743)) - s1@group-A7200166065B: receive requestVote(s0, group-A7200166065B, 1, (t:0, i:0))
2019-09-24 16:29:51,819 DEBUG impl.RaftServerImpl (RaftServerImpl.java:requestVote(775)) - s2@group-A7200166065B replies to vote request: s1<-s2#0:FAIL-t1. Peer's state: s2@group-A7200166065B:t1, leader=null, voted=s2, raftlog=s2@group-A7200166065B-SegmentedRaftLog:OPENED:c-1,f-1,i0, conf=-1: [s0:0.0.0.0:33663, s1:0.0.0.0:41738, s2:0.0.0.0:43966], old=null
2019-09-24 16:29:51,819 DEBUG impl.RaftServerImpl (RaftServerImpl.java:requestVote(743)) - s0@group-A7200166065B: receive requestVote(s1, group-A7200166065B, 1, (t:0, i:0))
2019-09-24 16:29:51,820 DEBUG impl.RaftServerImpl (RaftServerImpl.java:requestVote(743)) - s2@group-A7200166065B: receive requestVote(s0, group-A7200166065B, 1, (t:0, i:0))
2019-09-24 16:29:51,820 DEBUG impl.RaftServerImpl (RaftServerImpl.java:requestVote(743)) - s0@group-A7200166065B: receive requestVote(s2, group-A7200166065B, 1, (t:0, i:0))
2019-09-24 16:29:51,820 DEBUG impl.RaftServerImpl (RaftServerImpl.java:requestVote(775)) - s1@group-A7200166065B replies to vote request: s0<-s1#0:FAIL-t1. Peer's state: s1@group-A7200166065B:t1, leader=null, voted=s1, raftlog=s1@group-A7200166065B-SegmentedRaftLog:OPENED:c-1,f-1,i0, conf=-1: [s0:0.0.0.0:33663, s1:0.0.0.0:41738, s2:0.0.0.0:43966], old=null
2019-09-24 16:29:51,821 DEBUG impl.RaftServerImpl (RaftServerImpl.java:requestVote(743)) - s1@group-A7200166065B: receive requestVote(s2, group-A7200166065B, 1, (t:0, i:0))
2019-09-24 16:29:51,821 DEBUG impl.RaftServerImpl (RaftServerImpl.java:requestVote(775)) - s2@group-A7200166065B replies to vote request: s0<-s2#0:FAIL-t1. Peer's state: s2@group-A7200166065B:t1, leader=null, voted=s2, raftlog=s2@group-A7200166065B-SegmentedRaftLog:OPENED:c-1,f-1,i0, conf=-1: [s0:0.0.0.0:33663, s1:0.0.0.0:41738, s2:0.0.0.0:43966], old=null
2019-09-24 16:29:51,821 DEBUG impl.RaftServerImpl (RaftServerImpl.java:requestVote(775)) - s0@group-A7200166065B replies to vote request: s1<-s0#0:FAIL-t1. Peer's state: s0@group-A7200166065B:t1, leader=null, voted=s0, raftlog=s0@group-A7200166065B-SegmentedRaftLog:OPENED:c-1,f-1,i0, conf=-1: [s0:0.0.0.0:33663, s1:0.0.0.0:41738, s2:0.0.0.0:43966], old=null
2019-09-24 16:29:51,823 DEBUG impl.RaftServerImpl (RaftServerImpl.java:requestVote(775)) - s1@group-A7200166065B replies to vote request: s2<-s1#0:FAIL-t1. Peer's state: s1@group-A7200166065B:t1, leader=null, voted=s1, raftlog=s1@group-A7200166065B-SegmentedRaftLog:OPENED:c-1,f-1,i0, conf=-1: [s0:0.0.0.0:33663, s1:0.0.0.0:41738, s2:0.0.0.0:43966], old=null
2019-09-24 16:29:51,825 DEBUG impl.RaftServerImpl (RaftServerImpl.java:requestVote(775)) - s0@group-A7200166065B replies to vote request: s2<-s0#0:FAIL-t1. Peer's state: s0@group-A7200166065B:t1, leader=null, voted=s0, raftlog=s0@group-A7200166065B-SegmentedRaftLog:OPENED:c-1,f-1,i0, conf=-1: [s0:0.0.0.0:33663, s1:0.0.0.0:41738, s2:0.0.0.0:43966], old=null
2019-09-24 16:29:51,824 INFO  impl.LeaderElection (LeaderElection.java:logAndReturn(56)) - s0@group-A7200166065B-LeaderElection116: Election REJECTED; received 2 response(s) [s0<-s1#0:FAIL-t1, s0<-s2#0:FAIL-t1] and 0 exception(s); s0@group-A7200166065B:t1, leader=null, voted=s0, raftlog=s0@group-A7200166065B-SegmentedRaftLog:OPENED:c-1,f-1,i0, conf=-1: [s0:0.0.0.0:33663, s1:0.0.0.0:41738, s2:0.0.0.0:43966], old=null
2019-09-24 16:29:51,825 INFO  impl.LeaderElection (LeaderElection.java:logAndReturn(56)) - s1@group-A7200166065B-LeaderElection114: Election REJECTED; received 2 response(s) [s1<-s0#0:FAIL-t1, s1<-s2#0:FAIL-t1] and 0 exception(s); s1@group-A7200166065B:t1, leader=null, voted=s1, raftlog=s1@group-A7200166065B-SegmentedRaftLog:OPENED:c-1,f-1,i0, conf=-1: [s0:0.0.0.0:33663, s1:0.0.0.0:41738, s2:0.0.0.0:43966], old=null
2019-09-24 16:29:51,827 INFO  impl.RaftServerImpl (RaftServerImpl.java:setRole(170)) - s0@group-A7200166065B: changes role from CANDIDATE to FOLLOWER at term 1 for DISCOVERED_A_NEW_TERM
2019-09-24 16:29:51,827 INFO  impl.RaftServerImpl (RaftServerImpl.java:setRole(170)) - s1@group-A7200166065B: changes role from CANDIDATE to FOLLOWER at term 1 for DISCOVERED_A_NEW_TERM
2019-09-24 16:29:51,828 INFO  impl.LeaderElection (LeaderElection.java:logAndReturn(56)) - s2@group-A7200166065B-LeaderElection115: Election REJECTED; received 2 response(s) [s2<-s0#0:FAIL-t1, s2<-s1#0:FAIL-t1] and 0 exception(s); s2@group-A7200166065B:t1, leader=null, voted=s2, raftlog=s2@group-A7200166065B-SegmentedRaftLog:OPENED:c-1,f-1,i0, conf=-1: [s0:0.0.0.0:33663, s1:0.0.0.0:41738, s2:0.0.0.0:43966], old=null
2019-09-24 16:29:51,827 INFO  impl.RoleInfo (RoleInfo.java:shutdownLeaderElection(134)) - s0: shutdown LeaderElection
2019-09-24 16:29:51,828 INFO  impl.RaftServerImpl (RaftServerImpl.java:setRole(170)) - s2@group-A7200166065B: changes role from CANDIDATE to FOLLOWER at term 1 for DISCOVERED_A_NEW_TERM
2019-09-24 16:29:51,828 INFO  impl.RoleInfo (RoleInfo.java:shutdownLeaderElection(134)) - s1: shutdown LeaderElection
2019-09-24 16:29:51,828 INFO  impl.RoleInfo (RoleInfo.java:shutdownLeaderElection(134)) - s2: shutdown LeaderElection
2019-09-24 16:29:51,828 INFO  impl.RoleInfo (RoleInfo.java:updateAndGet(143)) - s0: start FollowerState
2019-09-24 16:29:51,828 INFO  impl.RoleInfo (RoleInfo.java:updateAndGet(143)) - s2: start FollowerState
2019-09-24 16:29:51,828 INFO  impl.RoleInfo (RoleInfo.java:updateAndGet(143)) - s1: start FollowerState
2019-09-24 16:29:51,996 INFO  impl.FollowerState (FollowerState.java:run(108)) - s2@group-A7200166065B-FollowerState: change to CANDIDATE, lastRpcTime:167ms, electionTimeout:166ms
2019-09-24 16:29:51,996 INFO  impl.RoleInfo (RoleInfo.java:shutdownFollowerState(121)) - s2: shutdown FollowerState
2019-09-24 16:29:51,996 INFO  impl.RaftServerImpl (RaftServerImpl.java:setRole(170)) - s2@group-A7200166065B: changes role from  FOLLOWER to CANDIDATE at term 1 for changeToCandidate
2019-09-24 16:29:51,996 INFO  impl.RoleInfo (RoleInfo.java:updateAndGet(143)) - s2: start LeaderElection
2019-09-24 16:29:52,037 INFO  impl.FollowerState (FollowerState.java:run(108)) - s1@group-A7200166065B-FollowerState: change to CANDIDATE, lastRpcTime:208ms, electionTimeout:207ms
2019-09-24 16:29:52,037 INFO  impl.RoleInfo (RoleInfo.java:shutdownFollowerState(121)) - s1: shutdown FollowerState
2019-09-24 16:29:52,037 INFO  impl.RaftServerImpl (RaftServerImpl.java:setRole(170)) - s1@group-A7200166065B: changes role from  FOLLOWER to CANDIDATE at term 1 for changeToCandidate
2019-09-24 16:29:52,037 INFO  impl.RoleInfo (RoleInfo.java:updateAndGet(143)) - s1: start LeaderElection
2019-09-24 16:29:52,090 INFO  impl.FollowerState (FollowerState.java:run(108)) - s0@group-A7200166065B-FollowerState: change to CANDIDATE, lastRpcTime:262ms, electionTimeout:261ms
2019-09-24 16:29:52,090 INFO  impl.RoleInfo (RoleInfo.java:shutdownFollowerState(121)) - s0: shutdown FollowerState
2019-09-24 16:29:52,091 INFO  impl.RaftServerImpl (RaftServerImpl.java:setRole(170)) - s0@group-A7200166065B: changes role from  FOLLOWER to CANDIDATE at term 1 for changeToCandidate
2019-09-24 16:29:52,091 INFO  impl.RoleInfo (RoleInfo.java:updateAndGet(143)) - s0: start LeaderElection
2019-09-24 16:29:52,174 WARN  ratis.RaftTestUtil (JavaUtils.java:attempt(158)) - FAILED "waitForLeader-null-(expectLeader? true)", attempt #3/100: java.lang.IllegalStateException: No leader yet : printing ALL groups
  s0:  RUNNING CANDIDATE s0@group-A7200166065B:t2, leader=null, voted=s0, raftlog=s0@group-A7200166065B-SegmentedRaftLog:OPENED:c-1,f-1,i0, conf=-1: [s0:0.0.0.0:33663, s1:0.0.0.0:41738, s2:0.0.0.0:43966], old=null RUNNING
  s1:  RUNNING CANDIDATE s1@group-A7200166065B:t2, leader=null, voted=s1, raftlog=s1@group-A7200166065B-SegmentedRaftLog:OPENED:c-1,f-1,i0, conf=-1: [s0:0.0.0.0:33663, s1:0.0.0.0:41738, s2:0.0.0.0:43966], old=null RUNNING
  s2:  RUNNING CANDIDATE s2@group-A7200166065B:t2, leader=null, voted=s2, raftlog=s2@group-A7200166065B-SegmentedRaftLog:OPENED:c-1,f-1,i0, conf=-1: [s0:0.0.0.0:33663, s1:0.0.0.0:41738, s2:0.0.0.0:43966], old=null RUNNING, sleep 450ms and then retry.
java.lang.IllegalStateException: No leader yet : printing ALL groups
  s0:  RUNNING CANDIDATE s0@group-A7200166065B:t2, leader=null, voted=s0, raftlog=s0@group-A7200166065B-SegmentedRaftLog:OPENED:c-1,f-1,i0, conf=-1: [s0:0.0.0.0:33663, s1:0.0.0.0:41738, s2:0.0.0.0:43966], old=null RUNNING
  s1:  RUNNING CANDIDATE s1@group-A7200166065B:t2, leader=null, voted=s1, raftlog=s1@group-A7200166065B-SegmentedRaftLog:OPENED:c-1,f-1,i0, conf=-1: [s0:0.0.0.0:33663, s1:0.0.0.0:41738, s2:0.0.0.0:43966], old=null RUNNING
  s2:  RUNNING CANDIDATE s2@group-A7200166065B:t2, leader=null, voted=s2, raftlog=s2@group-A7200166065B-SegmentedRaftLog:OPENED:c-1,f-1,i0, conf=-1: [s0:0.0.0.0:33663, s1:0.0.0.0:41738, s2:0.0.0.0:43966], old=null RUNNING
	at org.apache.ratis.MiniRaftCluster.newIllegalStateExceptionForNoLeaders(MiniRaftCluster.java:506)
	at org.apache.ratis.RaftTestUtil.lambda$waitForLeader$1(RaftTestUtil.java:90)
	at org.apache.ratis.MiniRaftCluster.getLeader(MiniRaftCluster.java:539)
	at org.apache.ratis.MiniRaftCluster.getLeader(MiniRaftCluster.java:532)
	at org.apache.ratis.RaftTestUtil.lambda$waitForLeader$3(RaftTestUtil.java:98)
	at org.apache.ratis.util.JavaUtils.attempt(JavaUtils.java:152)
	at org.apache.ratis.RaftTestUtil.waitForLeader(RaftTestUtil.java:97)
	at org.apache.ratis.RaftTestUtil.waitForLeader(RaftTestUtil.java:77)
	at org.apache.ratis.RaftTestUtil.waitForLeader(RaftTestUtil.java:72)
	at org.apache.ratis.server.impl.LeaderElectionTests.testChangeLeader(LeaderElectionTests.java:79)
	at sun.reflect.NativeMethodAccessorImpl.invoke0(Native Method)
	at sun.reflect.NativeMethodAccessorImpl.invoke(NativeMethodAccessorImpl.java:62)
	at sun.reflect.DelegatingMethodAccessorImpl.invoke(DelegatingMethodAccessorImpl.java:43)
	at java.lang.reflect.Method.invoke(Method.java:498)
	at org.junit.runners.model.FrameworkMethod$1.runReflectiveCall(FrameworkMethod.java:50)
	at org.junit.internal.runners.model.ReflectiveCallable.run(ReflectiveCallable.java:12)
	at org.junit.runners.model.FrameworkMethod.invokeExplosively(FrameworkMethod.java:47)
	at org.junit.internal.runners.statements.InvokeMethod.evaluate(InvokeMethod.java:17)
	at org.junit.internal.runners.statements.RunAfters.evaluate(RunAfters.java:27)
	at org.junit.internal.runners.statements.FailOnTimeout$CallableStatement.call(FailOnTimeout.java:298)
	at org.junit.internal.runners.statements.FailOnTimeout$CallableStatement.call(FailOnTimeout.java:292)
	at java.util.concurrent.FutureTask.run(FutureTask.java:266)
	at java.lang.Thread.run(Thread.java:748)
2019-09-24 16:29:52,333 INFO  impl.LeaderElection (LeaderElection.java:askForVotes(178)) - s2@group-A7200166065B-LeaderElection117: begin an election at term 2 for -1: [s0:0.0.0.0:33663, s1:0.0.0.0:41738, s2:0.0.0.0:43966], old=null
2019-09-24 16:29:52,333 INFO  impl.LeaderElection (LeaderElection.java:askForVotes(178)) - s1@group-A7200166065B-LeaderElection118: begin an election at term 2 for -1: [s0:0.0.0.0:33663, s1:0.0.0.0:41738, s2:0.0.0.0:43966], old=null
2019-09-24 16:29:52,333 INFO  impl.LeaderElection (LeaderElection.java:askForVotes(178)) - s0@group-A7200166065B-LeaderElection119: begin an election at term 2 for -1: [s0:0.0.0.0:33663, s1:0.0.0.0:41738, s2:0.0.0.0:43966], old=null
2019-09-24 16:29:52,334 DEBUG impl.RaftServerImpl (RaftServerImpl.java:requestVote(743)) - s0@group-A7200166065B: receive requestVote(s2, group-A7200166065B, 2, (t:0, i:0))
2019-09-24 16:29:52,335 DEBUG impl.RaftServerImpl (RaftServerImpl.java:requestVote(743)) - s2@group-A7200166065B: receive requestVote(s0, group-A7200166065B, 2, (t:0, i:0))
2019-09-24 16:29:52,335 DEBUG impl.RaftServerImpl (RaftServerImpl.java:requestVote(743)) - s1@group-A7200166065B: receive requestVote(s2, group-A7200166065B, 2, (t:0, i:0))
2019-09-24 16:29:52,334 DEBUG impl.RaftServerImpl (RaftServerImpl.java:requestVote(743)) - s1@group-A7200166065B: receive requestVote(s0, group-A7200166065B, 2, (t:0, i:0))
2019-09-24 16:29:52,334 DEBUG impl.RaftServerImpl (RaftServerImpl.java:requestVote(743)) - s0@group-A7200166065B: receive requestVote(s1, group-A7200166065B, 2, (t:0, i:0))
2019-09-24 16:29:52,336 DEBUG impl.RaftServerImpl (RaftServerImpl.java:requestVote(775)) - s1@group-A7200166065B replies to vote request: s2<-s1#0:FAIL-t2. Peer's state: s1@group-A7200166065B:t2, leader=null, voted=s1, raftlog=s1@group-A7200166065B-SegmentedRaftLog:OPENED:c-1,f-1,i0, conf=-1: [s0:0.0.0.0:33663, s1:0.0.0.0:41738, s2:0.0.0.0:43966], old=null
2019-09-24 16:29:52,335 DEBUG impl.RaftServerImpl (RaftServerImpl.java:requestVote(775)) - s2@group-A7200166065B replies to vote request: s0<-s2#0:FAIL-t2. Peer's state: s2@group-A7200166065B:t2, leader=null, voted=s2, raftlog=s2@group-A7200166065B-SegmentedRaftLog:OPENED:c-1,f-1,i0, conf=-1: [s0:0.0.0.0:33663, s1:0.0.0.0:41738, s2:0.0.0.0:43966], old=null
2019-09-24 16:29:52,335 DEBUG impl.RaftServerImpl (RaftServerImpl.java:requestVote(775)) - s0@group-A7200166065B replies to vote request: s2<-s0#0:FAIL-t2. Peer's state: s0@group-A7200166065B:t2, leader=null, voted=s0, raftlog=s0@group-A7200166065B-SegmentedRaftLog:OPENED:c-1,f-1,i0, conf=-1: [s0:0.0.0.0:33663, s1:0.0.0.0:41738, s2:0.0.0.0:43966], old=null
2019-09-24 16:29:52,335 DEBUG impl.RaftServerImpl (RaftServerImpl.java:requestVote(743)) - s2@group-A7200166065B: receive requestVote(s1, group-A7200166065B, 2, (t:0, i:0))
2019-09-24 16:29:52,337 DEBUG impl.RaftServerImpl (RaftServerImpl.java:requestVote(775)) - s0@group-A7200166065B replies to vote request: s1<-s0#0:FAIL-t2. Peer's state: s0@group-A7200166065B:t2, leader=null, voted=s0, raftlog=s0@group-A7200166065B-SegmentedRaftLog:OPENED:c-1,f-1,i0, conf=-1: [s0:0.0.0.0:33663, s1:0.0.0.0:41738, s2:0.0.0.0:43966], old=null
2019-09-24 16:29:52,337 DEBUG impl.RaftServerImpl (RaftServerImpl.java:requestVote(775)) - s1@group-A7200166065B replies to vote request: s0<-s1#0:FAIL-t2. Peer's state: s1@group-A7200166065B:t2, leader=null, voted=s1, raftlog=s1@group-A7200166065B-SegmentedRaftLog:OPENED:c-1,f-1,i0, conf=-1: [s0:0.0.0.0:33663, s1:0.0.0.0:41738, s2:0.0.0.0:43966], old=null
2019-09-24 16:29:52,338 INFO  impl.LeaderElection (LeaderElection.java:logAndReturn(56)) - s2@group-A7200166065B-LeaderElection117: Election REJECTED; received 2 response(s) [s2<-s0#0:FAIL-t2, s2<-s1#0:FAIL-t2] and 0 exception(s); s2@group-A7200166065B:t2, leader=null, voted=s2, raftlog=s2@group-A7200166065B-SegmentedRaftLog:OPENED:c-1,f-1,i0, conf=-1: [s0:0.0.0.0:33663, s1:0.0.0.0:41738, s2:0.0.0.0:43966], old=null
2019-09-24 16:29:52,338 DEBUG impl.RaftServerImpl (RaftServerImpl.java:requestVote(775)) - s2@group-A7200166065B replies to vote request: s1<-s2#0:FAIL-t2. Peer's state: s2@group-A7200166065B:t2, leader=null, voted=s2, raftlog=s2@group-A7200166065B-SegmentedRaftLog:OPENED:c-1,f-1,i0, conf=-1: [s0:0.0.0.0:33663, s1:0.0.0.0:41738, s2:0.0.0.0:43966], old=null
2019-09-24 16:29:52,339 INFO  impl.LeaderElection (LeaderElection.java:logAndReturn(56)) - s0@group-A7200166065B-LeaderElection119: Election REJECTED; received 2 response(s) [s0<-s1#0:FAIL-t2, s0<-s2#0:FAIL-t2] and 0 exception(s); s0@group-A7200166065B:t2, leader=null, voted=s0, raftlog=s0@group-A7200166065B-SegmentedRaftLog:OPENED:c-1,f-1,i0, conf=-1: [s0:0.0.0.0:33663, s1:0.0.0.0:41738, s2:0.0.0.0:43966], old=null
2019-09-24 16:29:52,339 INFO  impl.RaftServerImpl (RaftServerImpl.java:setRole(170)) - s2@group-A7200166065B: changes role from CANDIDATE to FOLLOWER at term 2 for DISCOVERED_A_NEW_TERM
2019-09-24 16:29:52,339 INFO  impl.RaftServerImpl (RaftServerImpl.java:setRole(170)) - s0@group-A7200166065B: changes role from CANDIDATE to FOLLOWER at term 2 for DISCOVERED_A_NEW_TERM
2019-09-24 16:29:52,339 INFO  impl.LeaderElection (LeaderElection.java:logAndReturn(56)) - s1@group-A7200166065B-LeaderElection118: Election REJECTED; received 2 response(s) [s1<-s0#0:FAIL-t2, s1<-s2#0:FAIL-t2] and 0 exception(s); s1@group-A7200166065B:t2, leader=null, voted=s1, raftlog=s1@group-A7200166065B-SegmentedRaftLog:OPENED:c-1,f-1,i0, conf=-1: [s0:0.0.0.0:33663, s1:0.0.0.0:41738, s2:0.0.0.0:43966], old=null
2019-09-24 16:29:52,339 INFO  impl.RoleInfo (RoleInfo.java:shutdownLeaderElection(134)) - s2: shutdown LeaderElection
2019-09-24 16:29:52,340 INFO  impl.RaftServerImpl (RaftServerImpl.java:setRole(170)) - s1@group-A7200166065B: changes role from CANDIDATE to FOLLOWER at term 2 for DISCOVERED_A_NEW_TERM
2019-09-24 16:29:52,340 INFO  impl.RoleInfo (RoleInfo.java:shutdownLeaderElection(134)) - s1: shutdown LeaderElection
2019-09-24 16:29:52,339 INFO  impl.RoleInfo (RoleInfo.java:shutdownLeaderElection(134)) - s0: shutdown LeaderElection
2019-09-24 16:29:52,340 INFO  impl.RoleInfo (RoleInfo.java:updateAndGet(143)) - s1: start FollowerState
2019-09-24 16:29:52,340 INFO  impl.RoleInfo (RoleInfo.java:updateAndGet(143)) - s2: start FollowerState
2019-09-24 16:29:52,340 INFO  impl.RoleInfo (RoleInfo.java:updateAndGet(143)) - s0: start FollowerState
2019-09-24 16:29:52,557 INFO  impl.FollowerState (FollowerState.java:run(108)) - s0@group-A7200166065B-FollowerState: change to CANDIDATE, lastRpcTime:217ms, electionTimeout:216ms
2019-09-24 16:29:52,557 INFO  impl.RoleInfo (RoleInfo.java:shutdownFollowerState(121)) - s0: shutdown FollowerState
2019-09-24 16:29:52,558 INFO  impl.RaftServerImpl (RaftServerImpl.java:setRole(170)) - s0@group-A7200166065B: changes role from  FOLLOWER to CANDIDATE at term 2 for changeToCandidate
2019-09-24 16:29:52,558 INFO  impl.RoleInfo (RoleInfo.java:updateAndGet(143)) - s0: start LeaderElection
2019-09-24 16:29:52,572 INFO  impl.LeaderElection (LeaderElection.java:askForVotes(178)) - s0@group-A7200166065B-LeaderElection120: begin an election at term 3 for -1: [s0:0.0.0.0:33663, s1:0.0.0.0:41738, s2:0.0.0.0:43966], old=null
2019-09-24 16:29:52,573 DEBUG impl.RaftServerImpl (RaftServerImpl.java:requestVote(743)) - s1@group-A7200166065B: receive requestVote(s0, group-A7200166065B, 3, (t:0, i:0))
2019-09-24 16:29:52,573 DEBUG impl.RaftServerImpl (RaftServerImpl.java:requestVote(743)) - s2@group-A7200166065B: receive requestVote(s0, group-A7200166065B, 3, (t:0, i:0))
2019-09-24 16:29:52,574 INFO  impl.RaftServerImpl (RaftServerImpl.java:setRole(170)) - s1@group-A7200166065B: changes role from  FOLLOWER to FOLLOWER at term 3 for recognizeCandidate:s0
2019-09-24 16:29:52,574 INFO  impl.RaftServerImpl (RaftServerImpl.java:setRole(170)) - s2@group-A7200166065B: changes role from  FOLLOWER to FOLLOWER at term 3 for recognizeCandidate:s0
2019-09-24 16:29:52,575 INFO  impl.RoleInfo (RoleInfo.java:shutdownFollowerState(121)) - s2: shutdown FollowerState
2019-09-24 16:29:52,574 INFO  impl.RoleInfo (RoleInfo.java:shutdownFollowerState(121)) - s1: shutdown FollowerState
2019-09-24 16:29:52,575 INFO  impl.FollowerState (FollowerState.java:run(117)) - s2@group-A7200166065B-FollowerState was interrupted: java.lang.InterruptedException: sleep interrupted
2019-09-24 16:29:52,575 INFO  impl.RoleInfo (RoleInfo.java:updateAndGet(143)) - s2: start FollowerState
2019-09-24 16:29:52,575 INFO  impl.FollowerState (FollowerState.java:run(117)) - s1@group-A7200166065B-FollowerState was interrupted: java.lang.InterruptedException: sleep interrupted
2019-09-24 16:29:52,575 INFO  impl.RoleInfo (RoleInfo.java:updateAndGet(143)) - s1: start FollowerState
2019-09-24 16:29:52,590 DEBUG impl.RaftServerImpl (RaftServerImpl.java:requestVote(775)) - s1@group-A7200166065B replies to vote request: s0<-s1#0:OK-t3. Peer's state: s1@group-A7200166065B:t3, leader=null, voted=s0, raftlog=s1@group-A7200166065B-SegmentedRaftLog:OPENED:c-1,f-1,i0, conf=-1: [s0:0.0.0.0:33663, s1:0.0.0.0:41738, s2:0.0.0.0:43966], old=null
2019-09-24 16:29:52,590 DEBUG impl.RaftServerImpl (RaftServerImpl.java:requestVote(775)) - s2@group-A7200166065B replies to vote request: s0<-s2#0:OK-t3. Peer's state: s2@group-A7200166065B:t3, leader=null, voted=s0, raftlog=s2@group-A7200166065B-SegmentedRaftLog:OPENED:c-1,f-1,i0, conf=-1: [s0:0.0.0.0:33663, s1:0.0.0.0:41738, s2:0.0.0.0:43966], old=null
2019-09-24 16:29:52,590 INFO  impl.LeaderElection (LeaderElection.java:logAndReturn(56)) - s0@group-A7200166065B-LeaderElection120: Election PASSED; received 1 response(s) [s0<-s1#0:OK-t3] and 0 exception(s); s0@group-A7200166065B:t3, leader=null, voted=s0, raftlog=s0@group-A7200166065B-SegmentedRaftLog:OPENED:c-1,f-1,i0, conf=-1: [s0:0.0.0.0:33663, s1:0.0.0.0:41738, s2:0.0.0.0:43966], old=null
2019-09-24 16:29:52,591 INFO  impl.RoleInfo (RoleInfo.java:shutdownLeaderElection(134)) - s0: shutdown LeaderElection
2019-09-24 16:29:52,591 INFO  impl.RaftServerImpl (RaftServerImpl.java:setRole(170)) - s0@group-A7200166065B: changes role from CANDIDATE to LEADER at term 3 for changeToLeader
2019-09-24 16:29:52,591 INFO  impl.RaftServerImpl (ServerState.java:setLeader(254)) - s0@group-A7200166065B: change Leader from null to s0 at term 3 for becomeLeader, leader elected after 1351ms
2019-09-24 16:29:52,591 INFO  server.RaftServerConfigKeys (ConfUtils.java:logGet(43)) - raft.server.staging.catchup.gap = 1000 (default)
2019-09-24 16:29:52,591 INFO  server.RaftServerConfigKeys (ConfUtils.java:logGet(43)) - raft.server.rpc.sleep.time = 25ms (default)
2019-09-24 16:29:52,592 INFO  server.RaftServerConfigKeys (ConfUtils.java:logGet(43)) - raft.server.write.element-limit = 4096 (default)
2019-09-24 16:29:52,592 INFO  server.RaftServerConfigKeys (ConfUtils.java:logGet(43)) - raft.server.watch.timeout = 10s (default)
2019-09-24 16:29:52,592 INFO  server.RaftServerConfigKeys (ConfUtils.java:logGet(43)) - raft.server.watch.timeout.denomination = 1s (default)
2019-09-24 16:29:52,592 INFO  server.RaftServerConfigKeys (ConfUtils.java:logGet(43)) - raft.server.watch.element-limit = 65536 (default)
2019-09-24 16:29:52,596 INFO  server.RaftServerConfigKeys (ConfUtils.java:logGet(43)) - raft.server.log.appender.snapshot.chunk.size.max = 16MB (=16777216) (default)
2019-09-24 16:29:52,596 INFO  server.RaftServerConfigKeys (ConfUtils.java:logGet(43)) - raft.server.log.appender.buffer.byte-limit = 4MB (=4194304) (default)
2019-09-24 16:29:52,596 INFO  server.RaftServerConfigKeys (ConfUtils.java:logGet(43)) - raft.server.log.appender.buffer.element-limit = 0 (default)
2019-09-24 16:29:52,596 INFO  server.RaftServerConfigKeys (ConfUtils.java:logGet(43)) - raft.server.log.appender.snapshot.chunk.size.max = 16MB (=16777216) (default)
2019-09-24 16:29:52,597 INFO  server.RaftServerConfigKeys (ConfUtils.java:logGet(43)) - raft.server.log.appender.buffer.byte-limit = 4MB (=4194304) (default)
2019-09-24 16:29:52,597 INFO  server.RaftServerConfigKeys (ConfUtils.java:logGet(43)) - raft.server.log.appender.buffer.element-limit = 0 (default)
2019-09-24 16:29:52,597 INFO  impl.RoleInfo (RoleInfo.java:updateAndGet(143)) - s0: start LeaderState
2019-09-24 16:29:52,598 INFO  segmented.SegmentedRaftLogWorker (SegmentedRaftLogWorker.java:startLogSegment(380)) - s0@group-A7200166065B-SegmentedRaftLogWorker: Starting segment from index:0
2019-09-24 16:29:52,598 DEBUG segmented.SegmentedRaftLogWorker (SegmentedRaftLogWorker.java:addIOTask(251)) - s0@group-A7200166065B-SegmentedRaftLogWorker adds IO task StartLogSegment:0
2019-09-24 16:29:52,598 DEBUG segmented.SegmentedRaftLogWorker (SegmentedRaftLogWorker.java:addIOTask(251)) - s0@group-A7200166065B-SegmentedRaftLogWorker adds IO task WriteLog:0: (t:3, i:0), CONFIGURATIONENTRY
2019-09-24 16:29:52,599 INFO  impl.RaftServerImpl (ServerState.java:setRaftConf(355)) - s0@group-A7200166065B: set configuration 0: [s0:0.0.0.0:33663, s1:0.0.0.0:41738, s2:0.0.0.0:43966], old=null at 0
2019-09-24 16:29:52,603 INFO  impl.RaftServerImpl (ServerState.java:setLeader(254)) - s2@group-A7200166065B: change Leader from null to s0 at term 3 for appendEntries, leader elected after 1363ms
2019-09-24 16:29:52,603 INFO  impl.RaftServerImpl (ServerState.java:setLeader(254)) - s1@group-A7200166065B: change Leader from null to s0 at term 3 for appendEntries, leader elected after 1363ms
2019-09-24 16:29:52,606 DEBUG impl.RaftServerImpl (RaftServerImpl.java:logAppendEntries(850)) - s2@group-A7200166065B: receive appendEntries(s0, 3, null, -1, false, commits[s0:c-1, s1:c-1, s2:c-1], entries: (t:3, i:0), CONFIGURATIONENTRY
2019-09-24 16:29:52,606 DEBUG impl.RaftServerImpl (RaftServerImpl.java:logAppendEntries(850)) - s1@group-A7200166065B: receive appendEntries(s0, 3, null, -1, false, commits[s0:c-1, s1:c-1, s2:c-1], entries: (t:3, i:0), CONFIGURATIONENTRY
2019-09-24 16:29:52,607 INFO  impl.RaftServerImpl (ServerState.java:setRaftConf(355)) - s2@group-A7200166065B: set configuration 0: [s0:0.0.0.0:33663, s1:0.0.0.0:41738, s2:0.0.0.0:43966], old=null at 0
2019-09-24 16:29:52,607 INFO  impl.RaftServerImpl (ServerState.java:setRaftConf(355)) - s1@group-A7200166065B: set configuration 0: [s0:0.0.0.0:33663, s1:0.0.0.0:41738, s2:0.0.0.0:43966], old=null at 0
2019-09-24 16:29:52,607 INFO  segmented.SegmentedRaftLogWorker (SegmentedRaftLogWorker.java:startLogSegment(380)) - s2@group-A7200166065B-SegmentedRaftLogWorker: Starting segment from index:0
2019-09-24 16:29:52,607 INFO  segmented.SegmentedRaftLogWorker (SegmentedRaftLogWorker.java:startLogSegment(380)) - s1@group-A7200166065B-SegmentedRaftLogWorker: Starting segment from index:0
2019-09-24 16:29:52,608 DEBUG segmented.SegmentedRaftLogWorker (SegmentedRaftLogWorker.java:addIOTask(251)) - s2@group-A7200166065B-SegmentedRaftLogWorker adds IO task StartLogSegment:0
2019-09-24 16:29:52,608 DEBUG segmented.SegmentedRaftLogWorker (SegmentedRaftLogWorker.java:addIOTask(251)) - s1@group-A7200166065B-SegmentedRaftLogWorker adds IO task StartLogSegment:0
2019-09-24 16:29:52,608 DEBUG segmented.SegmentedRaftLogWorker (SegmentedRaftLogWorker.java:addIOTask(251)) - s2@group-A7200166065B-SegmentedRaftLogWorker adds IO task WriteLog:0: (t:3, i:0), CONFIGURATIONENTRY
2019-09-24 16:29:52,609 DEBUG segmented.SegmentedRaftLogWorker (SegmentedRaftLogWorker.java:addIOTask(251)) - s1@group-A7200166065B-SegmentedRaftLogWorker adds IO task WriteLog:0: (t:3, i:0), CONFIGURATIONENTRY
2019-09-24 16:29:52,625 INFO  ratis.RaftTestUtil (RaftTestUtil.java:waitForLeader(101)) - printing ALL groups
  s0:  RUNNING    LEADER s0@group-A7200166065B:t3, leader=s0, voted=s0, raftlog=s0@group-A7200166065B-SegmentedRaftLog:OPENED:c-1,f-1,i0, conf=0: [s0:0.0.0.0:33663, s1:0.0.0.0:41738, s2:0.0.0.0:43966], old=null RUNNING
  s1:  RUNNING  FOLLOWER s1@group-A7200166065B:t3, leader=s0, voted=s0, raftlog=s1@group-A7200166065B-SegmentedRaftLog:OPENED:c-1,f-1,i0, conf=0: [s0:0.0.0.0:33663, s1:0.0.0.0:41738, s2:0.0.0.0:43966], old=null RUNNING
  s2:  RUNNING  FOLLOWER s2@group-A7200166065B:t3, leader=s0, voted=s0, raftlog=s2@group-A7200166065B-SegmentedRaftLog:OPENED:c-1,f-1,i0, conf=0: [s0:0.0.0.0:33663, s1:0.0.0.0:41738, s2:0.0.0.0:43966], old=null RUNNING
2019-09-24 16:29:52,627 INFO  util.CodeInjectionForTesting (BlockRequestHandlingInjection.java:blockRequestor(48)) - Block requestor s0
2019-09-24 16:29:52,628 INFO  server.RaftServerConfigKeys (ConfUtils.java:logGet(43)) - raft.server.rpc.timeout.max = 300ms (default)
2019-09-24 16:29:52,628 INFO  ratis.RaftTestUtil (RaftTestUtil.java:waitForLeader(86)) - printing ALL groups
  s0:  RUNNING    LEADER s0@group-A7200166065B:t3, leader=s0, voted=s0, raftlog=s0@group-A7200166065B-SegmentedRaftLog:OPENED:c-1,f-1,i0, conf=0: [s0:0.0.0.0:33663, s1:0.0.0.0:41738, s2:0.0.0.0:43966], old=null RUNNING
  s1:  RUNNING  FOLLOWER s1@group-A7200166065B:t3, leader=s0, voted=s0, raftlog=s1@group-A7200166065B-SegmentedRaftLog:OPENED:c-1,f-1,i0, conf=0: [s0:0.0.0.0:33663, s1:0.0.0.0:41738, s2:0.0.0.0:43966], old=null RUNNING
  s2:  RUNNING  FOLLOWER s2@group-A7200166065B:t3, leader=s0, voted=s0, raftlog=s2@group-A7200166065B-SegmentedRaftLog:OPENED:c-1,f-1,i0, conf=0: [s0:0.0.0.0:33663, s1:0.0.0.0:41738, s2:0.0.0.0:43966], old=null RUNNING
2019-09-24 16:29:52,629 INFO  ratis.RaftTestUtil (RaftTestUtil.java:waitForLeader(101)) - printing ALL groups
  s0:  RUNNING    LEADER s0@group-A7200166065B:t3, leader=s0, voted=s0, raftlog=s0@group-A7200166065B-SegmentedRaftLog:OPENED:c-1,f-1,i0, conf=0: [s0:0.0.0.0:33663, s1:0.0.0.0:41738, s2:0.0.0.0:43966], old=null RUNNING
  s1:  RUNNING  FOLLOWER s1@group-A7200166065B:t3, leader=s0, voted=s0, raftlog=s1@group-A7200166065B-SegmentedRaftLog:OPENED:c-1,f-1,i0, conf=0: [s0:0.0.0.0:33663, s1:0.0.0.0:41738, s2:0.0.0.0:43966], old=null RUNNING
  s2:  RUNNING  FOLLOWER s2@group-A7200166065B:t3, leader=s0, voted=s0, raftlog=s2@group-A7200166065B-SegmentedRaftLog:OPENED:c-1,f-1,i0, conf=0: [s0:0.0.0.0:33663, s1:0.0.0.0:41738, s2:0.0.0.0:43966], old=null RUNNING
2019-09-24 16:29:52,629 WARN  ratis.RaftTestUtil (JavaUtils.java:attempt(158)) - FAILED "testChangeLeader-changeLeader", attempt #1/20: java.lang.IllegalStateException: Failed to change leader: newLeader == oldLeader == s0, sleep 100ms and then retry.
java.lang.IllegalStateException: Failed to change leader: newLeader == oldLeader == s0
	at org.apache.ratis.RaftTestUtil.lambda$changeLeader$7(RaftTestUtil.java:365)
	at org.apache.ratis.util.JavaUtils.attempt(JavaUtils.java:152)
	at org.apache.ratis.RaftTestUtil.changeLeader(RaftTestUtil.java:362)
	at org.apache.ratis.server.impl.LeaderElectionTests.testChangeLeader(LeaderElectionTests.java:81)
	at sun.reflect.NativeMethodAccessorImpl.invoke0(Native Method)
	at sun.reflect.NativeMethodAccessorImpl.invoke(NativeMethodAccessorImpl.java:62)
	at sun.reflect.DelegatingMethodAccessorImpl.invoke(DelegatingMethodAccessorImpl.java:43)
	at java.lang.reflect.Method.invoke(Method.java:498)
	at org.junit.runners.model.FrameworkMethod$1.runReflectiveCall(FrameworkMethod.java:50)
	at org.junit.internal.runners.model.ReflectiveCallable.run(ReflectiveCallable.java:12)
	at org.junit.runners.model.FrameworkMethod.invokeExplosively(FrameworkMethod.java:47)
	at org.junit.internal.runners.statements.InvokeMethod.evaluate(InvokeMethod.java:17)
	at org.junit.internal.runners.statements.RunAfters.evaluate(RunAfters.java:27)
	at org.junit.internal.runners.statements.FailOnTimeout$CallableStatement.call(FailOnTimeout.java:298)
	at org.junit.internal.runners.statements.FailOnTimeout$CallableStatement.call(FailOnTimeout.java:292)
	at java.util.concurrent.FutureTask.run(FutureTask.java:266)
	at java.lang.Thread.run(Thread.java:748)
2019-09-24 16:29:52,652 INFO  util.CodeInjectionForTesting (BlockRequestHandlingInjection.java:execute(76)) - s1: Block request from s0
2019-09-24 16:29:52,654 INFO  util.CodeInjectionForTesting (BlockRequestHandlingInjection.java:execute(76)) - s2: Block request from s0
2019-09-24 16:29:52,730 INFO  server.RaftServerConfigKeys (ConfUtils.java:logGet(43)) - raft.server.rpc.timeout.max = 300ms (default)
2019-09-24 16:29:52,730 INFO  ratis.RaftTestUtil (RaftTestUtil.java:waitForLeader(86)) - printing ALL groups
  s0:  RUNNING    LEADER s0@group-A7200166065B:t3, leader=s0, voted=s0, raftlog=s0@group-A7200166065B-SegmentedRaftLog:OPENED:c-1,f-1,i0, conf=0: [s0:0.0.0.0:33663, s1:0.0.0.0:41738, s2:0.0.0.0:43966], old=null RUNNING
  s1:  RUNNING  FOLLOWER s1@group-A7200166065B:t3, leader=s0, voted=s0, raftlog=s1@group-A7200166065B-SegmentedRaftLog:OPENED:c-1,f-1,i0, conf=0: [s0:0.0.0.0:33663, s1:0.0.0.0:41738, s2:0.0.0.0:43966], old=null RUNNING
  s2:  RUNNING  FOLLOWER s2@group-A7200166065B:t3, leader=s0, voted=s0, raftlog=s2@group-A7200166065B-SegmentedRaftLog:OPENED:c-1,f-1,i0, conf=0: [s0:0.0.0.0:33663, s1:0.0.0.0:41738, s2:0.0.0.0:43966], old=null RUNNING
2019-09-24 16:29:52,731 INFO  ratis.RaftTestUtil (RaftTestUtil.java:waitForLeader(101)) - printing ALL groups
  s0:  RUNNING    LEADER s0@group-A7200166065B:t3, leader=s0, voted=s0, raftlog=s0@group-A7200166065B-SegmentedRaftLog:OPENED:c-1,f-1,i0, conf=0: [s0:0.0.0.0:33663, s1:0.0.0.0:41738, s2:0.0.0.0:43966], old=null RUNNING
  s1:  RUNNING  FOLLOWER s1@group-A7200166065B:t3, leader=s0, voted=s0, raftlog=s1@group-A7200166065B-SegmentedRaftLog:OPENED:c-1,f-1,i0, conf=0: [s0:0.0.0.0:33663, s1:0.0.0.0:41738, s2:0.0.0.0:43966], old=null RUNNING
  s2:  RUNNING  FOLLOWER s2@group-A7200166065B:t3, leader=s0, voted=s0, raftlog=s2@group-A7200166065B-SegmentedRaftLog:OPENED:c-1,f-1,i0, conf=0: [s0:0.0.0.0:33663, s1:0.0.0.0:41738, s2:0.0.0.0:43966], old=null RUNNING
2019-09-24 16:29:52,731 WARN  ratis.RaftTestUtil (JavaUtils.java:attempt(158)) - FAILED "testChangeLeader-changeLeader", attempt #2/20: java.lang.IllegalStateException: Failed to change leader: newLeader == oldLeader == s0, sleep 100ms and then retry.
java.lang.IllegalStateException: Failed to change leader: newLeader == oldLeader == s0
	at org.apache.ratis.RaftTestUtil.lambda$changeLeader$7(RaftTestUtil.java:365)
	at org.apache.ratis.util.JavaUtils.attempt(JavaUtils.java:152)
	at org.apache.ratis.RaftTestUtil.changeLeader(RaftTestUtil.java:362)
	at org.apache.ratis.server.impl.LeaderElectionTests.testChangeLeader(LeaderElectionTests.java:81)
	at sun.reflect.NativeMethodAccessorImpl.invoke0(Native Method)
	at sun.reflect.NativeMethodAccessorImpl.invoke(NativeMethodAccessorImpl.java:62)
	at sun.reflect.DelegatingMethodAccessorImpl.invoke(DelegatingMethodAccessorImpl.java:43)
	at java.lang.reflect.Method.invoke(Method.java:498)
	at org.junit.runners.model.FrameworkMethod$1.runReflectiveCall(FrameworkMethod.java:50)
	at org.junit.internal.runners.model.ReflectiveCallable.run(ReflectiveCallable.java:12)
	at org.junit.runners.model.FrameworkMethod.invokeExplosively(FrameworkMethod.java:47)
	at org.junit.internal.runners.statements.InvokeMethod.evaluate(InvokeMethod.java:17)
	at org.junit.internal.runners.statements.RunAfters.evaluate(RunAfters.java:27)
	at org.junit.internal.runners.statements.FailOnTimeout$CallableStatement.call(FailOnTimeout.java:298)
	at org.junit.internal.runners.statements.FailOnTimeout$CallableStatement.call(FailOnTimeout.java:292)
	at java.util.concurrent.FutureTask.run(FutureTask.java:266)
	at java.lang.Thread.run(Thread.java:748)
2019-09-24 16:29:52,808 INFO  impl.FollowerState (FollowerState.java:run(108)) - s2@group-7855650A4E0E-FollowerState: change to CANDIDATE, lastRpcTime:229ms, electionTimeout:201ms
2019-09-24 16:29:52,808 INFO  impl.RoleInfo (RoleInfo.java:shutdownFollowerState(121)) - s2: shutdown FollowerState
2019-09-24 16:29:52,808 INFO  impl.RaftServerImpl (RaftServerImpl.java:setRole(170)) - s2@group-7855650A4E0E: changes role from  FOLLOWER to CANDIDATE at term 3 for changeToCandidate
2019-09-24 16:29:52,809 INFO  impl.RoleInfo (RoleInfo.java:updateAndGet(143)) - s2: start LeaderElection
2019-09-24 16:29:52,809 INFO  impl.RaftServerImpl (ServerState.java:setLeader(254)) - s2@group-7855650A4E0E: change Leader from s0 to null at term 3 for initElection
2019-09-24 16:29:52,832 INFO  server.RaftServerConfigKeys (ConfUtils.java:logGet(43)) - raft.server.rpc.timeout.max = 300ms (default)
2019-09-24 16:29:52,832 INFO  ratis.RaftTestUtil (RaftTestUtil.java:waitForLeader(86)) - printing ALL groups
  s0:  RUNNING    LEADER s0@group-A7200166065B:t3, leader=s0, voted=s0, raftlog=s0@group-A7200166065B-SegmentedRaftLog:OPENED:c-1,f-1,i0, conf=0: [s0:0.0.0.0:33663, s1:0.0.0.0:41738, s2:0.0.0.0:43966], old=null RUNNING
  s1:  RUNNING  FOLLOWER s1@group-A7200166065B:t3, leader=s0, voted=s0, raftlog=s1@group-A7200166065B-SegmentedRaftLog:OPENED:c-1,f-1,i0, conf=0: [s0:0.0.0.0:33663, s1:0.0.0.0:41738, s2:0.0.0.0:43966], old=null RUNNING
  s2:  RUNNING  FOLLOWER s2@group-A7200166065B:t3, leader=s0, voted=s0, raftlog=s2@group-A7200166065B-SegmentedRaftLog:OPENED:c-1,f-1,i0, conf=0: [s0:0.0.0.0:33663, s1:0.0.0.0:41738, s2:0.0.0.0:43966], old=null RUNNING
2019-09-24 16:29:52,833 INFO  ratis.RaftTestUtil (RaftTestUtil.java:waitForLeader(101)) - printing ALL groups
  s0:  RUNNING    LEADER s0@group-A7200166065B:t3, leader=s0, voted=s0, raftlog=s0@group-A7200166065B-SegmentedRaftLog:OPENED:c-1,f-1,i0, conf=0: [s0:0.0.0.0:33663, s1:0.0.0.0:41738, s2:0.0.0.0:43966], old=null RUNNING
  s1:  RUNNING  FOLLOWER s1@group-A7200166065B:t3, leader=s0, voted=s0, raftlog=s1@group-A7200166065B-SegmentedRaftLog:OPENED:c-1,f-1,i0, conf=0: [s0:0.0.0.0:33663, s1:0.0.0.0:41738, s2:0.0.0.0:43966], old=null RUNNING
  s2:  RUNNING  FOLLOWER s2@group-A7200166065B:t3, leader=s0, voted=s0, raftlog=s2@group-A7200166065B-SegmentedRaftLog:OPENED:c-1,f-1,i0, conf=0: [s0:0.0.0.0:33663, s1:0.0.0.0:41738, s2:0.0.0.0:43966], old=null RUNNING
2019-09-24 16:29:52,833 WARN  ratis.RaftTestUtil (JavaUtils.java:attempt(158)) - FAILED "testChangeLeader-changeLeader", attempt #3/20: java.lang.IllegalStateException: Failed to change leader: newLeader == oldLeader == s0, sleep 100ms and then retry.
java.lang.IllegalStateException: Failed to change leader: newLeader == oldLeader == s0
	at org.apache.ratis.RaftTestUtil.lambda$changeLeader$7(RaftTestUtil.java:365)
	at org.apache.ratis.util.JavaUtils.attempt(JavaUtils.java:152)
	at org.apache.ratis.RaftTestUtil.changeLeader(RaftTestUtil.java:362)
	at org.apache.ratis.server.impl.LeaderElectionTests.testChangeLeader(LeaderElectionTests.java:81)
	at sun.reflect.NativeMethodAccessorImpl.invoke0(Native Method)
	at sun.reflect.NativeMethodAccessorImpl.invoke(NativeMethodAccessorImpl.java:62)
	at sun.reflect.DelegatingMethodAccessorImpl.invoke(DelegatingMethodAccessorImpl.java:43)
	at java.lang.reflect.Method.invoke(Method.java:498)
	at org.junit.runners.model.FrameworkMethod$1.runReflectiveCall(FrameworkMethod.java:50)
	at org.junit.internal.runners.model.ReflectiveCallable.run(ReflectiveCallable.java:12)
	at org.junit.runners.model.FrameworkMethod.invokeExplosively(FrameworkMethod.java:47)
	at org.junit.internal.runners.statements.InvokeMethod.evaluate(InvokeMethod.java:17)
	at org.junit.internal.runners.statements.RunAfters.evaluate(RunAfters.java:27)
	at org.junit.internal.runners.statements.FailOnTimeout$CallableStatement.call(FailOnTimeout.java:298)
	at org.junit.internal.runners.statements.FailOnTimeout$CallableStatement.call(FailOnTimeout.java:292)
	at java.util.concurrent.FutureTask.run(FutureTask.java:266)
	at java.lang.Thread.run(Thread.java:748)
2019-09-24 16:29:52,934 INFO  server.RaftServerConfigKeys (ConfUtils.java:logGet(43)) - raft.server.rpc.timeout.max = 300ms (default)
2019-09-24 16:29:52,934 INFO  ratis.RaftTestUtil (RaftTestUtil.java:waitForLeader(86)) - printing ALL groups
  s0:  RUNNING    LEADER s0@group-A7200166065B:t3, leader=s0, voted=s0, raftlog=s0@group-A7200166065B-SegmentedRaftLog:OPENED:c-1,f-1,i0, conf=0: [s0:0.0.0.0:33663, s1:0.0.0.0:41738, s2:0.0.0.0:43966], old=null RUNNING
  s1:  RUNNING  FOLLOWER s1@group-A7200166065B:t3, leader=s0, voted=s0, raftlog=s1@group-A7200166065B-SegmentedRaftLog:OPENED:c-1,f-1,i0, conf=0: [s0:0.0.0.0:33663, s1:0.0.0.0:41738, s2:0.0.0.0:43966], old=null RUNNING
  s2:  RUNNING  FOLLOWER s2@group-A7200166065B:t3, leader=s0, voted=s0, raftlog=s2@group-A7200166065B-SegmentedRaftLog:OPENED:c-1,f-1,i0, conf=0: [s0:0.0.0.0:33663, s1:0.0.0.0:41738, s2:0.0.0.0:43966], old=null RUNNING
2019-09-24 16:29:52,935 INFO  ratis.RaftTestUtil (RaftTestUtil.java:waitForLeader(101)) - printing ALL groups
  s0:  RUNNING    LEADER s0@group-A7200166065B:t3, leader=s0, voted=s0, raftlog=s0@group-A7200166065B-SegmentedRaftLog:OPENED:c-1,f-1,i0, conf=0: [s0:0.0.0.0:33663, s1:0.0.0.0:41738, s2:0.0.0.0:43966], old=null RUNNING
  s1:  RUNNING  FOLLOWER s1@group-A7200166065B:t3, leader=s0, voted=s0, raftlog=s1@group-A7200166065B-SegmentedRaftLog:OPENED:c-1,f-1,i0, conf=0: [s0:0.0.0.0:33663, s1:0.0.0.0:41738, s2:0.0.0.0:43966], old=null RUNNING
  s2:  RUNNING  FOLLOWER s2@group-A7200166065B:t3, leader=s0, voted=s0, raftlog=s2@group-A7200166065B-SegmentedRaftLog:OPENED:c-1,f-1,i0, conf=0: [s0:0.0.0.0:33663, s1:0.0.0.0:41738, s2:0.0.0.0:43966], old=null RUNNING
2019-09-24 16:29:52,935 WARN  ratis.RaftTestUtil (JavaUtils.java:attempt(158)) - FAILED "testChangeLeader-changeLeader", attempt #4/20: java.lang.IllegalStateException: Failed to change leader: newLeader == oldLeader == s0, sleep 100ms and then retry.
java.lang.IllegalStateException: Failed to change leader: newLeader == oldLeader == s0
	at org.apache.ratis.RaftTestUtil.lambda$changeLeader$7(RaftTestUtil.java:365)
	at org.apache.ratis.util.JavaUtils.attempt(JavaUtils.java:152)
	at org.apache.ratis.RaftTestUtil.changeLeader(RaftTestUtil.java:362)
	at org.apache.ratis.server.impl.LeaderElectionTests.testChangeLeader(LeaderElectionTests.java:81)
	at sun.reflect.NativeMethodAccessorImpl.invoke0(Native Method)
	at sun.reflect.NativeMethodAccessorImpl.invoke(NativeMethodAccessorImpl.java:62)
	at sun.reflect.DelegatingMethodAccessorImpl.invoke(DelegatingMethodAccessorImpl.java:43)
	at java.lang.reflect.Method.invoke(Method.java:498)
	at org.junit.runners.model.FrameworkMethod$1.runReflectiveCall(FrameworkMethod.java:50)
	at org.junit.internal.runners.model.ReflectiveCallable.run(ReflectiveCallable.java:12)
	at org.junit.runners.model.FrameworkMethod.invokeExplosively(FrameworkMethod.java:47)
	at org.junit.internal.runners.statements.InvokeMethod.evaluate(InvokeMethod.java:17)
	at org.junit.internal.runners.statements.RunAfters.evaluate(RunAfters.java:27)
	at org.junit.internal.runners.statements.FailOnTimeout$CallableStatement.call(FailOnTimeout.java:298)
	at org.junit.internal.runners.statements.FailOnTimeout$CallableStatement.call(FailOnTimeout.java:292)
	at java.util.concurrent.FutureTask.run(FutureTask.java:266)
	at java.lang.Thread.run(Thread.java:748)
2019-09-24 16:29:52,949 INFO  impl.FollowerState (FollowerState.java:run(108)) - s1@group-7855650A4E0E-FollowerState: change to CANDIDATE, lastRpcTime:372ms, electionTimeout:174ms
2019-09-24 16:29:52,949 INFO  impl.RoleInfo (RoleInfo.java:shutdownFollowerState(121)) - s1: shutdown FollowerState
2019-09-24 16:29:52,949 INFO  impl.RaftServerImpl (RaftServerImpl.java:setRole(170)) - s1@group-7855650A4E0E: changes role from  FOLLOWER to CANDIDATE at term 3 for changeToCandidate
2019-09-24 16:29:52,950 INFO  impl.RoleInfo (RoleInfo.java:updateAndGet(143)) - s1: start LeaderElection
2019-09-24 16:29:52,950 INFO  impl.RaftServerImpl (ServerState.java:setLeader(254)) - s1@group-7855650A4E0E: change Leader from s0 to null at term 3 for initElection
2019-09-24 16:29:53,036 INFO  server.RaftServerConfigKeys (ConfUtils.java:logGet(43)) - raft.server.rpc.timeout.max = 300ms (default)
2019-09-24 16:29:53,036 INFO  ratis.RaftTestUtil (RaftTestUtil.java:waitForLeader(86)) - printing ALL groups
  s0:  RUNNING    LEADER s0@group-A7200166065B:t3, leader=s0, voted=s0, raftlog=s0@group-A7200166065B-SegmentedRaftLog:OPENED:c-1,f-1,i0, conf=0: [s0:0.0.0.0:33663, s1:0.0.0.0:41738, s2:0.0.0.0:43966], old=null RUNNING
  s1:  RUNNING  FOLLOWER s1@group-A7200166065B:t3, leader=s0, voted=s0, raftlog=s1@group-A7200166065B-SegmentedRaftLog:OPENED:c-1,f-1,i0, conf=0: [s0:0.0.0.0:33663, s1:0.0.0.0:41738, s2:0.0.0.0:43966], old=null RUNNING
  s2:  RUNNING  FOLLOWER s2@group-A7200166065B:t3, leader=s0, voted=s0, raftlog=s2@group-A7200166065B-SegmentedRaftLog:OPENED:c-1,f-1,i0, conf=0: [s0:0.0.0.0:33663, s1:0.0.0.0:41738, s2:0.0.0.0:43966], old=null RUNNING
2019-09-24 16:29:53,036 INFO  ratis.RaftTestUtil (RaftTestUtil.java:waitForLeader(101)) - printing ALL groups
  s0:  RUNNING    LEADER s0@group-A7200166065B:t3, leader=s0, voted=s0, raftlog=s0@group-A7200166065B-SegmentedRaftLog:OPENED:c-1,f-1,i0, conf=0: [s0:0.0.0.0:33663, s1:0.0.0.0:41738, s2:0.0.0.0:43966], old=null RUNNING
  s1:  RUNNING  FOLLOWER s1@group-A7200166065B:t3, leader=s0, voted=s0, raftlog=s1@group-A7200166065B-SegmentedRaftLog:OPENED:c-1,f-1,i0, conf=0: [s0:0.0.0.0:33663, s1:0.0.0.0:41738, s2:0.0.0.0:43966], old=null RUNNING
  s2:  RUNNING  FOLLOWER s2@group-A7200166065B:t3, leader=s0, voted=s0, raftlog=s2@group-A7200166065B-SegmentedRaftLog:OPENED:c-1,f-1,i0, conf=0: [s0:0.0.0.0:33663, s1:0.0.0.0:41738, s2:0.0.0.0:43966], old=null RUNNING
2019-09-24 16:29:53,037 WARN  ratis.RaftTestUtil (JavaUtils.java:attempt(158)) - FAILED "testChangeLeader-changeLeader", attempt #5/20: java.lang.IllegalStateException: Failed to change leader: newLeader == oldLeader == s0, sleep 100ms and then retry.
java.lang.IllegalStateException: Failed to change leader: newLeader == oldLeader == s0
	at org.apache.ratis.RaftTestUtil.lambda$changeLeader$7(RaftTestUtil.java:365)
	at org.apache.ratis.util.JavaUtils.attempt(JavaUtils.java:152)
	at org.apache.ratis.RaftTestUtil.changeLeader(RaftTestUtil.java:362)
	at org.apache.ratis.server.impl.LeaderElectionTests.testChangeLeader(LeaderElectionTests.java:81)
	at sun.reflect.NativeMethodAccessorImpl.invoke0(Native Method)
	at sun.reflect.NativeMethodAccessorImpl.invoke(NativeMethodAccessorImpl.java:62)
	at sun.reflect.DelegatingMethodAccessorImpl.invoke(DelegatingMethodAccessorImpl.java:43)
	at java.lang.reflect.Method.invoke(Method.java:498)
	at org.junit.runners.model.FrameworkMethod$1.runReflectiveCall(FrameworkMethod.java:50)
	at org.junit.internal.runners.model.ReflectiveCallable.run(ReflectiveCallable.java:12)
	at org.junit.runners.model.FrameworkMethod.invokeExplosively(FrameworkMethod.java:47)
	at org.junit.internal.runners.statements.InvokeMethod.evaluate(InvokeMethod.java:17)
	at org.junit.internal.runners.statements.RunAfters.evaluate(RunAfters.java:27)
	at org.junit.internal.runners.statements.FailOnTimeout$CallableStatement.call(FailOnTimeout.java:298)
	at org.junit.internal.runners.statements.FailOnTimeout$CallableStatement.call(FailOnTimeout.java:292)
	at java.util.concurrent.FutureTask.run(FutureTask.java:266)
	at java.lang.Thread.run(Thread.java:748)
2019-09-24 16:29:53,137 INFO  server.RaftServerConfigKeys (ConfUtils.java:logGet(43)) - raft.server.rpc.timeout.max = 300ms (default)
2019-09-24 16:29:53,138 INFO  ratis.RaftTestUtil (RaftTestUtil.java:waitForLeader(86)) - printing ALL groups
  s0:  RUNNING    LEADER s0@group-A7200166065B:t3, leader=s0, voted=s0, raftlog=s0@group-A7200166065B-SegmentedRaftLog:OPENED:c-1,f-1,i0, conf=0: [s0:0.0.0.0:33663, s1:0.0.0.0:41738, s2:0.0.0.0:43966], old=null RUNNING
  s1:  RUNNING  FOLLOWER s1@group-A7200166065B:t3, leader=s0, voted=s0, raftlog=s1@group-A7200166065B-SegmentedRaftLog:OPENED:c-1,f-1,i0, conf=0: [s0:0.0.0.0:33663, s1:0.0.0.0:41738, s2:0.0.0.0:43966], old=null RUNNING
  s2:  RUNNING  FOLLOWER s2@group-A7200166065B:t3, leader=s0, voted=s0, raftlog=s2@group-A7200166065B-SegmentedRaftLog:OPENED:c-1,f-1,i0, conf=0: [s0:0.0.0.0:33663, s1:0.0.0.0:41738, s2:0.0.0.0:43966], old=null RUNNING
2019-09-24 16:29:53,138 INFO  ratis.RaftTestUtil (RaftTestUtil.java:waitForLeader(101)) - printing ALL groups
  s0:  RUNNING    LEADER s0@group-A7200166065B:t3, leader=s0, voted=s0, raftlog=s0@group-A7200166065B-SegmentedRaftLog:OPENED:c-1,f-1,i0, conf=0: [s0:0.0.0.0:33663, s1:0.0.0.0:41738, s2:0.0.0.0:43966], old=null RUNNING
  s1:  RUNNING  FOLLOWER s1@group-A7200166065B:t3, leader=s0, voted=s0, raftlog=s1@group-A7200166065B-SegmentedRaftLog:OPENED:c-1,f-1,i0, conf=0: [s0:0.0.0.0:33663, s1:0.0.0.0:41738, s2:0.0.0.0:43966], old=null RUNNING
  s2:  RUNNING  FOLLOWER s2@group-A7200166065B:t3, leader=s0, voted=s0, raftlog=s2@group-A7200166065B-SegmentedRaftLog:OPENED:c-1,f-1,i0, conf=0: [s0:0.0.0.0:33663, s1:0.0.0.0:41738, s2:0.0.0.0:43966], old=null RUNNING
2019-09-24 16:29:53,138 WARN  ratis.RaftTestUtil (JavaUtils.java:attempt(158)) - FAILED "testChangeLeader-changeLeader", attempt #6/20: java.lang.IllegalStateException: Failed to change leader: newLeader == oldLeader == s0, sleep 100ms and then retry.
java.lang.IllegalStateException: Failed to change leader: newLeader == oldLeader == s0
	at org.apache.ratis.RaftTestUtil.lambda$changeLeader$7(RaftTestUtil.java:365)
	at org.apache.ratis.util.JavaUtils.attempt(JavaUtils.java:152)
	at org.apache.ratis.RaftTestUtil.changeLeader(RaftTestUtil.java:362)
	at org.apache.ratis.server.impl.LeaderElectionTests.testChangeLeader(LeaderElectionTests.java:81)
	at sun.reflect.NativeMethodAccessorImpl.invoke0(Native Method)
	at sun.reflect.NativeMethodAccessorImpl.invoke(NativeMethodAccessorImpl.java:62)
	at sun.reflect.DelegatingMethodAccessorImpl.invoke(DelegatingMethodAccessorImpl.java:43)
	at java.lang.reflect.Method.invoke(Method.java:498)
	at org.junit.runners.model.FrameworkMethod$1.runReflectiveCall(FrameworkMethod.java:50)
	at org.junit.internal.runners.model.ReflectiveCallable.run(ReflectiveCallable.java:12)
	at org.junit.runners.model.FrameworkMethod.invokeExplosively(FrameworkMethod.java:47)
	at org.junit.internal.runners.statements.InvokeMethod.evaluate(InvokeMethod.java:17)
	at org.junit.internal.runners.statements.RunAfters.evaluate(RunAfters.java:27)
	at org.junit.internal.runners.statements.FailOnTimeout$CallableStatement.call(FailOnTimeout.java:298)
	at org.junit.internal.runners.statements.FailOnTimeout$CallableStatement.call(FailOnTimeout.java:292)
	at java.util.concurrent.FutureTask.run(FutureTask.java:266)
	at java.lang.Thread.run(Thread.java:748)
2019-09-24 16:29:53,239 INFO  server.RaftServerConfigKeys (ConfUtils.java:logGet(43)) - raft.server.rpc.timeout.max = 300ms (default)
2019-09-24 16:29:53,239 INFO  ratis.RaftTestUtil (RaftTestUtil.java:waitForLeader(86)) - printing ALL groups
  s0:  RUNNING    LEADER s0@group-A7200166065B:t3, leader=s0, voted=s0, raftlog=s0@group-A7200166065B-SegmentedRaftLog:OPENED:c-1,f-1,i0, conf=0: [s0:0.0.0.0:33663, s1:0.0.0.0:41738, s2:0.0.0.0:43966], old=null RUNNING
  s1:  RUNNING  FOLLOWER s1@group-A7200166065B:t3, leader=s0, voted=s0, raftlog=s1@group-A7200166065B-SegmentedRaftLog:OPENED:c-1,f-1,i0, conf=0: [s0:0.0.0.0:33663, s1:0.0.0.0:41738, s2:0.0.0.0:43966], old=null RUNNING
  s2:  RUNNING  FOLLOWER s2@group-A7200166065B:t3, leader=s0, voted=s0, raftlog=s2@group-A7200166065B-SegmentedRaftLog:OPENED:c-1,f-1,i0, conf=0: [s0:0.0.0.0:33663, s1:0.0.0.0:41738, s2:0.0.0.0:43966], old=null RUNNING
2019-09-24 16:29:53,240 INFO  ratis.RaftTestUtil (RaftTestUtil.java:waitForLeader(101)) - printing ALL groups
  s0:  RUNNING    LEADER s0@group-A7200166065B:t3, leader=s0, voted=s0, raftlog=s0@group-A7200166065B-SegmentedRaftLog:OPENED:c-1,f-1,i0, conf=0: [s0:0.0.0.0:33663, s1:0.0.0.0:41738, s2:0.0.0.0:43966], old=null RUNNING
  s1:  RUNNING  FOLLOWER s1@group-A7200166065B:t3, leader=s0, voted=s0, raftlog=s1@group-A7200166065B-SegmentedRaftLog:OPENED:c-1,f-1,i0, conf=0: [s0:0.0.0.0:33663, s1:0.0.0.0:41738, s2:0.0.0.0:43966], old=null RUNNING
  s2:  RUNNING  FOLLOWER s2@group-A7200166065B:t3, leader=s0, voted=s0, raftlog=s2@group-A7200166065B-SegmentedRaftLog:OPENED:c-1,f-1,i0, conf=0: [s0:0.0.0.0:33663, s1:0.0.0.0:41738, s2:0.0.0.0:43966], old=null RUNNING
2019-09-24 16:29:53,240 WARN  ratis.RaftTestUtil (JavaUtils.java:attempt(158)) - FAILED "testChangeLeader-changeLeader", attempt #7/20: java.lang.IllegalStateException: Failed to change leader: newLeader == oldLeader == s0, sleep 100ms and then retry.
java.lang.IllegalStateException: Failed to change leader: newLeader == oldLeader == s0
	at org.apache.ratis.RaftTestUtil.lambda$changeLeader$7(RaftTestUtil.java:365)
	at org.apache.ratis.util.JavaUtils.attempt(JavaUtils.java:152)
	at org.apache.ratis.RaftTestUtil.changeLeader(RaftTestUtil.java:362)
	at org.apache.ratis.server.impl.LeaderElectionTests.testChangeLeader(LeaderElectionTests.java:81)
	at sun.reflect.NativeMethodAccessorImpl.invoke0(Native Method)
	at sun.reflect.NativeMethodAccessorImpl.invoke(NativeMethodAccessorImpl.java:62)
	at sun.reflect.DelegatingMethodAccessorImpl.invoke(DelegatingMethodAccessorImpl.java:43)
	at java.lang.reflect.Method.invoke(Method.java:498)
	at org.junit.runners.model.FrameworkMethod$1.runReflectiveCall(FrameworkMethod.java:50)
	at org.junit.internal.runners.model.ReflectiveCallable.run(ReflectiveCallable.java:12)
	at org.junit.runners.model.FrameworkMethod.invokeExplosively(FrameworkMethod.java:47)
	at org.junit.internal.runners.statements.InvokeMethod.evaluate(InvokeMethod.java:17)
	at org.junit.internal.runners.statements.RunAfters.evaluate(RunAfters.java:27)
	at org.junit.internal.runners.statements.FailOnTimeout$CallableStatement.call(FailOnTimeout.java:298)
	at org.junit.internal.runners.statements.FailOnTimeout$CallableStatement.call(FailOnTimeout.java:292)
	at java.util.concurrent.FutureTask.run(FutureTask.java:266)
	at java.lang.Thread.run(Thread.java:748)
2019-09-24 16:29:53,315 INFO  segmented.SegmentedRaftLogWorker (SegmentedRaftLogWorker.java:execute(569)) - s0@group-A7200166065B-SegmentedRaftLogWorker: created new log segment /workdir/ratis-test/target/test/data/15450be3/MiniRaftClusterWithNetty3af59600/s0/27bf8f2f-fbce-4cfa-95b3-a7200166065b/current/log_inprogress_0
2019-09-24 16:29:53,315 INFO  segmented.SegmentedRaftLogWorker (SegmentedRaftLogWorker.java:execute(569)) - s2@group-A7200166065B-SegmentedRaftLogWorker: created new log segment /workdir/ratis-test/target/test/data/15450be3/MiniRaftClusterWithNetty3af59600/s2/27bf8f2f-fbce-4cfa-95b3-a7200166065b/current/log_inprogress_0
2019-09-24 16:29:53,316 DEBUG segmented.SegmentedRaftLogWorker (SegmentedRaftLogWorker.java:flushWrites(340)) - s0@group-A7200166065B-SegmentedRaftLogWorker: flush SegmentedRaftLogOutputStream(/workdir/ratis-test/target/test/data/15450be3/MiniRaftClusterWithNetty3af59600/s0/27bf8f2f-fbce-4cfa-95b3-a7200166065b/current/log_inprogress_0)
2019-09-24 16:29:53,315 INFO  segmented.SegmentedRaftLogWorker (SegmentedRaftLogWorker.java:execute(569)) - s1@group-A7200166065B-SegmentedRaftLogWorker: created new log segment /workdir/ratis-test/target/test/data/15450be3/MiniRaftClusterWithNetty3af59600/s1/27bf8f2f-fbce-4cfa-95b3-a7200166065b/current/log_inprogress_0
2019-09-24 16:29:53,316 DEBUG segmented.SegmentedRaftLogWorker (SegmentedRaftLogWorker.java:flushWrites(340)) - s2@group-A7200166065B-SegmentedRaftLogWorker: flush SegmentedRaftLogOutputStream(/workdir/ratis-test/target/test/data/15450be3/MiniRaftClusterWithNetty3af59600/s2/27bf8f2f-fbce-4cfa-95b3-a7200166065b/current/log_inprogress_0)
2019-09-24 16:29:53,316 DEBUG segmented.SegmentedRaftLogWorker (SegmentedRaftLogWorker.java:flushWrites(340)) - s1@group-A7200166065B-SegmentedRaftLogWorker: flush SegmentedRaftLogOutputStream(/workdir/ratis-test/target/test/data/15450be3/MiniRaftClusterWithNetty3af59600/s1/27bf8f2f-fbce-4cfa-95b3-a7200166065b/current/log_inprogress_0)
2019-09-24 16:29:53,316 INFO  impl.LeaderElection (LeaderElection.java:askForVotes(178)) - s2@group-7855650A4E0E-LeaderElection121: begin an election at term 4 for 0: [s0:0.0.0.0:38700, s1:0.0.0.0:34129, s2:0.0.0.0:38191], old=null
2019-09-24 16:29:53,317 INFO  impl.LeaderElection (LeaderElection.java:askForVotes(178)) - s1@group-7855650A4E0E-LeaderElection122: begin an election at term 4 for 0: [s0:0.0.0.0:38700, s1:0.0.0.0:34129, s2:0.0.0.0:38191], old=null
2019-09-24 16:29:53,319 DEBUG impl.RaftServerImpl (RaftServerImpl.java:requestVote(743)) - s0@group-7855650A4E0E: receive requestVote(s1, group-7855650A4E0E, 4, (t:3, i:0))
2019-09-24 16:29:53,319 DEBUG impl.RaftServerImpl (RaftServerImpl.java:requestVote(743)) - s2@group-7855650A4E0E: receive requestVote(s1, group-7855650A4E0E, 4, (t:3, i:0))
2019-09-24 16:29:53,320 INFO  impl.RaftServerImpl (ServerState.java:setLeader(254)) - s0@group-7855650A4E0E: change Leader from s0 to null at term 4 for updateCurrentTerm
2019-09-24 16:29:53,320 DEBUG impl.RaftServerImpl (RaftServerImpl.java:requestVote(775)) - s2@group-7855650A4E0E replies to vote request: s1<-s2#0:FAIL-t4. Peer's state: s2@group-7855650A4E0E:t4, leader=null, voted=s2, raftlog=s2@group-7855650A4E0E-SegmentedRaftLog:OPENED:c0,f0,i0, conf=0: [s0:0.0.0.0:38700, s1:0.0.0.0:34129, s2:0.0.0.0:38191], old=null
2019-09-24 16:29:53,321 INFO  logging.LoggingHandler (AbstractInternalLogger.java:log(150)) - [id: 0x9415a4d1, L:/0.0.0.0:34129] READ: [id: 0x16bb798f, L:/192.168.5.142:34129 - R:/192.168.5.142:53694]
2019-09-24 16:29:53,321 INFO  logging.LoggingHandler (AbstractInternalLogger.java:log(150)) - [id: 0x61735e8e, L:/0.0.0.0:38700] READ: [id: 0xc876cf73, L:/192.168.5.142:38700 - R:/192.168.5.142:53056]
2019-09-24 16:29:53,320 INFO  impl.RaftServerImpl (RaftServerImpl.java:setRole(170)) - s0@group-7855650A4E0E: changes role from    LEADER to FOLLOWER at term 4 for recognizeCandidate:s1
2019-09-24 16:29:53,322 INFO  logging.LoggingHandler (AbstractInternalLogger.java:log(150)) - [id: 0x61735e8e, L:/0.0.0.0:38700] READ COMPLETE
2019-09-24 16:29:53,321 INFO  logging.LoggingHandler (AbstractInternalLogger.java:log(150)) - [id: 0x9415a4d1, L:/0.0.0.0:34129] READ COMPLETE
2019-09-24 16:29:53,322 INFO  impl.RoleInfo (RoleInfo.java:shutdownLeaderState(104)) - s0: shutdown LeaderState
2019-09-24 16:29:53,322 DEBUG impl.RaftServerImpl (RaftServerImpl.java:requestVote(743)) - s1@group-7855650A4E0E: receive requestVote(s2, group-7855650A4E0E, 4, (t:3, i:0))
2019-09-24 16:29:53,323 INFO  impl.LogAppender (LogAppender.java:run(78)) - s0@group-7855650A4E0E->s2-LogAppender-AppenderDaemon was interrupted: java.io.InterruptedIOException: s0->s2#0 sending from s2:0.0.0.0:38191 is interrupted.
2019-09-24 16:29:53,323 INFO  impl.LogAppender (LogAppender.java:run(78)) - s0@group-7855650A4E0E->s1-LogAppender-AppenderDaemon was interrupted: java.io.InterruptedIOException: s0->s1#0 sending from s1:0.0.0.0:34129 is interrupted.
2019-09-24 16:29:53,323 DEBUG impl.RaftServerImpl (RaftServerImpl.java:requestVote(775)) - s1@group-7855650A4E0E replies to vote request: s2<-s1#0:FAIL-t4. Peer's state: s1@group-7855650A4E0E:t4, leader=null, voted=s1, raftlog=s1@group-7855650A4E0E-SegmentedRaftLog:OPENED:c0,f0,i0, conf=0: [s0:0.0.0.0:38700, s1:0.0.0.0:34129, s2:0.0.0.0:38191], old=null
2019-09-24 16:29:53,323 DEBUG impl.RaftServerImpl (RaftServerImpl.java:requestVote(743)) - s0@group-7855650A4E0E: receive requestVote(s2, group-7855650A4E0E, 4, (t:3, i:0))
2019-09-24 16:29:53,323 INFO  impl.PendingRequests (PendingRequests.java:sendNotLeaderResponses(202)) - s0@group-7855650A4E0E-PendingRequests: sendNotLeaderResponses
2019-09-24 16:29:53,325 INFO  impl.RoleInfo (RoleInfo.java:updateAndGet(143)) - s0: start FollowerState
2019-09-24 16:29:53,339 DEBUG impl.RaftServerImpl (RaftServerImpl.java:requestVote(775)) - s0@group-7855650A4E0E replies to vote request: s1<-s0#0:FAIL-t4. Peer's state: s0@group-7855650A4E0E:t4, leader=null, voted=null, raftlog=s0@group-7855650A4E0E-SegmentedRaftLog:OPENED:c0,f0,i0, conf=0: [s0:0.0.0.0:38700, s1:0.0.0.0:34129, s2:0.0.0.0:38191], old=null
2019-09-24 16:29:53,339 INFO  impl.RaftServerImpl (RaftServerImpl.java:setRole(170)) - s0@group-7855650A4E0E: changes role from  FOLLOWER to FOLLOWER at term 4 for recognizeCandidate:s2
2019-09-24 16:29:53,340 INFO  impl.RoleInfo (RoleInfo.java:shutdownFollowerState(121)) - s0: shutdown FollowerState
2019-09-24 16:29:53,340 INFO  impl.LeaderElection (LeaderElection.java:logAndReturn(56)) - s1@group-7855650A4E0E-LeaderElection122: Election REJECTED; received 2 response(s) [s1<-s0#0:FAIL-t4, s1<-s2#0:FAIL-t4] and 0 exception(s); s1@group-7855650A4E0E:t4, leader=null, voted=s1, raftlog=s1@group-7855650A4E0E-SegmentedRaftLog:OPENED:c0,f0,i0, conf=0: [s0:0.0.0.0:38700, s1:0.0.0.0:34129, s2:0.0.0.0:38191], old=null
2019-09-24 16:29:53,340 INFO  impl.FollowerState (FollowerState.java:run(117)) - s0@group-7855650A4E0E-FollowerState was interrupted: java.lang.InterruptedException: sleep interrupted
2019-09-24 16:29:53,340 INFO  impl.RoleInfo (RoleInfo.java:updateAndGet(143)) - s0: start FollowerState
2019-09-24 16:29:53,340 INFO  server.RaftServerConfigKeys (ConfUtils.java:logGet(43)) - raft.server.rpc.timeout.max = 300ms (default)
2019-09-24 16:29:53,340 INFO  impl.RaftServerImpl (RaftServerImpl.java:setRole(170)) - s1@group-7855650A4E0E: changes role from CANDIDATE to FOLLOWER at term 4 for DISCOVERED_A_NEW_TERM
2019-09-24 16:29:53,341 INFO  ratis.RaftTestUtil (RaftTestUtil.java:waitForLeader(86)) - printing ALL groups
  s0:  RUNNING    LEADER s0@group-A7200166065B:t3, leader=s0, voted=s0, raftlog=s0@group-A7200166065B-SegmentedRaftLog:OPENED:c-1,f-1,i0, conf=0: [s0:0.0.0.0:33663, s1:0.0.0.0:41738, s2:0.0.0.0:43966], old=null RUNNING
  s1:  RUNNING  FOLLOWER s1@group-A7200166065B:t3, leader=s0, voted=s0, raftlog=s1@group-A7200166065B-SegmentedRaftLog:OPENED:c-1,f-1,i0, conf=0: [s0:0.0.0.0:33663, s1:0.0.0.0:41738, s2:0.0.0.0:43966], old=null RUNNING
  s2:  RUNNING  FOLLOWER s2@group-A7200166065B:t3, leader=s0, voted=s0, raftlog=s2@group-A7200166065B-SegmentedRaftLog:OPENED:c-1,f-1,i0, conf=0: [s0:0.0.0.0:33663, s1:0.0.0.0:41738, s2:0.0.0.0:43966], old=null RUNNING
2019-09-24 16:29:53,341 INFO  impl.RoleInfo (RoleInfo.java:shutdownLeaderElection(134)) - s1: shutdown LeaderElection
2019-09-24 16:29:53,341 INFO  impl.RoleInfo (RoleInfo.java:updateAndGet(143)) - s1: start FollowerState
2019-09-24 16:29:53,341 INFO  ratis.RaftTestUtil (RaftTestUtil.java:waitForLeader(101)) - printing ALL groups
  s0:  RUNNING    LEADER s0@group-A7200166065B:t3, leader=s0, voted=s0, raftlog=s0@group-A7200166065B-SegmentedRaftLog:OPENED:c-1,f-1,i0, conf=0: [s0:0.0.0.0:33663, s1:0.0.0.0:41738, s2:0.0.0.0:43966], old=null RUNNING
  s1:  RUNNING  FOLLOWER s1@group-A7200166065B:t3, leader=s0, voted=s0, raftlog=s1@group-A7200166065B-SegmentedRaftLog:OPENED:c-1,f-1,i0, conf=0: [s0:0.0.0.0:33663, s1:0.0.0.0:41738, s2:0.0.0.0:43966], old=null RUNNING
  s2:  RUNNING  FOLLOWER s2@group-A7200166065B:t3, leader=s0, voted=s0, raftlog=s2@group-A7200166065B-SegmentedRaftLog:OPENED:c-1,f-1,i0, conf=0: [s0:0.0.0.0:33663, s1:0.0.0.0:41738, s2:0.0.0.0:43966], old=null RUNNING
2019-09-24 16:29:53,342 WARN  ratis.RaftTestUtil (JavaUtils.java:attempt(158)) - FAILED "testChangeLeader-changeLeader", attempt #8/20: java.lang.IllegalStateException: Failed to change leader: newLeader == oldLeader == s0, sleep 100ms and then retry.
java.lang.IllegalStateException: Failed to change leader: newLeader == oldLeader == s0
	at org.apache.ratis.RaftTestUtil.lambda$changeLeader$7(RaftTestUtil.java:365)
	at org.apache.ratis.util.JavaUtils.attempt(JavaUtils.java:152)
	at org.apache.ratis.RaftTestUtil.changeLeader(RaftTestUtil.java:362)
	at org.apache.ratis.server.impl.LeaderElectionTests.testChangeLeader(LeaderElectionTests.java:81)
	at sun.reflect.NativeMethodAccessorImpl.invoke0(Native Method)
	at sun.reflect.NativeMethodAccessorImpl.invoke(NativeMethodAccessorImpl.java:62)
	at sun.reflect.DelegatingMethodAccessorImpl.invoke(DelegatingMethodAccessorImpl.java:43)
	at java.lang.reflect.Method.invoke(Method.java:498)
	at org.junit.runners.model.FrameworkMethod$1.runReflectiveCall(FrameworkMethod.java:50)
	at org.junit.internal.runners.model.ReflectiveCallable.run(ReflectiveCallable.java:12)
	at org.junit.runners.model.FrameworkMethod.invokeExplosively(FrameworkMethod.java:47)
	at org.junit.internal.runners.statements.InvokeMethod.evaluate(InvokeMethod.java:17)
	at org.junit.internal.runners.statements.RunAfters.evaluate(RunAfters.java:27)
	at org.junit.internal.runners.statements.FailOnTimeout$CallableStatement.call(FailOnTimeout.java:298)
	at org.junit.internal.runners.statements.FailOnTimeout$CallableStatement.call(FailOnTimeout.java:292)
	at java.util.concurrent.FutureTask.run(FutureTask.java:266)
	at java.lang.Thread.run(Thread.java:748)
2019-09-24 16:29:53,354 DEBUG impl.RaftServerImpl (RaftServerImpl.java:requestVote(775)) - s0@group-7855650A4E0E replies to vote request: s2<-s0#0:OK-t4. Peer's state: s0@group-7855650A4E0E:t4, leader=null, voted=s2, raftlog=s0@group-7855650A4E0E-SegmentedRaftLog:OPENED:c0,f0,i0, conf=0: [s0:0.0.0.0:38700, s1:0.0.0.0:34129, s2:0.0.0.0:38191], old=null
2019-09-24 16:29:53,355 INFO  impl.LeaderElection (LeaderElection.java:logAndReturn(56)) - s2@group-7855650A4E0E-LeaderElection121: Election PASSED; received 2 response(s) [s2<-s0#0:OK-t4, s2<-s1#0:FAIL-t4] and 0 exception(s); s2@group-7855650A4E0E:t4, leader=null, voted=s2, raftlog=s2@group-7855650A4E0E-SegmentedRaftLog:OPENED:c0,f0,i0, conf=0: [s0:0.0.0.0:38700, s1:0.0.0.0:34129, s2:0.0.0.0:38191], old=null
2019-09-24 16:29:53,355 INFO  impl.RoleInfo (RoleInfo.java:shutdownLeaderElection(134)) - s2: shutdown LeaderElection
2019-09-24 16:29:53,356 INFO  impl.RaftServerImpl (RaftServerImpl.java:setRole(170)) - s2@group-7855650A4E0E: changes role from CANDIDATE to LEADER at term 4 for changeToLeader
2019-09-24 16:29:53,356 INFO  impl.RaftServerImpl (ServerState.java:setLeader(254)) - s2@group-7855650A4E0E: change Leader from null to s2 at term 4 for becomeLeader, leader elected after 546ms
2019-09-24 16:29:53,356 INFO  server.RaftServerConfigKeys (ConfUtils.java:logGet(43)) - raft.server.staging.catchup.gap = 1000 (default)
2019-09-24 16:29:53,356 INFO  server.RaftServerConfigKeys (ConfUtils.java:logGet(43)) - raft.server.rpc.sleep.time = 25ms (default)
2019-09-24 16:29:53,356 INFO  server.RaftServerConfigKeys (ConfUtils.java:logGet(43)) - raft.server.write.element-limit = 4096 (default)
2019-09-24 16:29:53,356 INFO  server.RaftServerConfigKeys (ConfUtils.java:logGet(43)) - raft.server.watch.timeout = 10s (default)
2019-09-24 16:29:53,357 INFO  server.RaftServerConfigKeys (ConfUtils.java:logGet(43)) - raft.server.watch.timeout.denomination = 1s (default)
2019-09-24 16:29:53,357 INFO  server.RaftServerConfigKeys (ConfUtils.java:logGet(43)) - raft.server.watch.element-limit = 65536 (default)
2019-09-24 16:29:53,360 INFO  server.RaftServerConfigKeys (ConfUtils.java:logGet(43)) - raft.server.log.appender.snapshot.chunk.size.max = 16MB (=16777216) (default)
2019-09-24 16:29:53,361 INFO  server.RaftServerConfigKeys (ConfUtils.java:logGet(43)) - raft.server.log.appender.buffer.byte-limit = 4MB (=4194304) (default)
2019-09-24 16:29:53,361 INFO  server.RaftServerConfigKeys (ConfUtils.java:logGet(43)) - raft.server.log.appender.buffer.element-limit = 0 (default)
2019-09-24 16:29:53,361 INFO  server.RaftServerConfigKeys (ConfUtils.java:logGet(43)) - raft.server.log.appender.snapshot.chunk.size.max = 16MB (=16777216) (default)
2019-09-24 16:29:53,361 INFO  server.RaftServerConfigKeys (ConfUtils.java:logGet(43)) - raft.server.log.appender.buffer.byte-limit = 4MB (=4194304) (default)
2019-09-24 16:29:53,362 INFO  server.RaftServerConfigKeys (ConfUtils.java:logGet(43)) - raft.server.log.appender.buffer.element-limit = 0 (default)
2019-09-24 16:29:53,362 INFO  impl.RoleInfo (RoleInfo.java:updateAndGet(143)) - s2: start LeaderState
2019-09-24 16:29:53,362 INFO  segmented.SegmentedRaftLogWorker (SegmentedRaftLogWorker.java:rollLogSegment(385)) - s2@group-7855650A4E0E-SegmentedRaftLogWorker: Rolling segment log-0_0 to index:0
2019-09-24 16:29:53,363 DEBUG segmented.SegmentedRaftLogWorker (SegmentedRaftLogWorker.java:addIOTask(251)) - s2@group-7855650A4E0E-SegmentedRaftLogWorker adds IO task FinalizeLogSegment:0: startIndex=0 endIndex=0
2019-09-24 16:29:53,363 DEBUG segmented.SegmentedRaftLogWorker (SegmentedRaftLogWorker.java:addIOTask(251)) - s2@group-7855650A4E0E-SegmentedRaftLogWorker adds IO task StartLogSegment:1
2019-09-24 16:29:53,363 DEBUG segmented.SegmentedRaftLogWorker (SegmentedRaftLogWorker.java:addIOTask(251)) - s2@group-7855650A4E0E-SegmentedRaftLogWorker adds IO task WriteLog:1: (t:4, i:1), CONFIGURATIONENTRY
2019-09-24 16:29:53,364 INFO  impl.RaftServerImpl (ServerState.java:setRaftConf(355)) - s2@group-7855650A4E0E: set configuration 1: [s0:0.0.0.0:38700, s1:0.0.0.0:34129, s2:0.0.0.0:38191], old=null at 1
2019-09-24 16:29:53,365 INFO  impl.RaftServerImpl (ServerState.java:setLeader(254)) - s0@group-7855650A4E0E: change Leader from null to s2 at term 4 for appendEntries, leader elected after 44ms
2019-09-24 16:29:53,365 INFO  impl.RaftServerImpl (ServerState.java:setLeader(254)) - s1@group-7855650A4E0E: change Leader from null to s2 at term 4 for appendEntries, leader elected after 414ms
2019-09-24 16:29:53,366 TRACE util.FileUtils (LogUtils.java:runAndLog(61)) - Successfully ran Files.move /workdir/ratis-test/target/test/data/15450be3/MiniRaftClusterWithNettyb8f98288/s2/137f2fb6-3de9-4538-8d9a-7855650a4e0e/current/log_inprogress_0 to /workdir/ratis-test/target/test/data/15450be3/MiniRaftClusterWithNettyb8f98288/s2/137f2fb6-3de9-4538-8d9a-7855650a4e0e/current/log_0-0
2019-09-24 16:29:53,366 INFO  segmented.SegmentedRaftLogWorker (SegmentedRaftLogWorker.java:execute(526)) - s2@group-7855650A4E0E-SegmentedRaftLogWorker: Rolled log segment from /workdir/ratis-test/target/test/data/15450be3/MiniRaftClusterWithNettyb8f98288/s2/137f2fb6-3de9-4538-8d9a-7855650a4e0e/current/log_inprogress_0 to /workdir/ratis-test/target/test/data/15450be3/MiniRaftClusterWithNettyb8f98288/s2/137f2fb6-3de9-4538-8d9a-7855650a4e0e/current/log_0-0
2019-09-24 16:29:53,366 TRACE segmented.SegmentedRaftLogWorker (SegmentedRaftLogWorker.java:lambda$new$1(133)) - s2@group-7855650A4E0E-SegmentedRaftLogWorker: flushIndex: updateIncreasingly 0 -> 0
2019-09-24 16:29:53,367 DEBUG impl.RaftServerImpl (RaftServerImpl.java:logAppendEntries(850)) - s0@group-7855650A4E0E: receive appendEntries(s2, 4, (t:3, i:0), 0, false, commits[s2:c0, s0:c0, s1:c0], entries: (t:4, i:1), CONFIGURATIONENTRY
2019-09-24 16:29:53,367 DEBUG impl.RaftServerImpl (RaftServerImpl.java:logAppendEntries(850)) - s1@group-7855650A4E0E: receive appendEntries(s2, 4, (t:3, i:0), 0, false, commits[s2:c0, s0:c0, s1:c0], entries: (t:4, i:1), CONFIGURATIONENTRY
2019-09-24 16:29:53,367 INFO  impl.RaftServerImpl (ServerState.java:setRaftConf(355)) - s0@group-7855650A4E0E: set configuration 1: [s0:0.0.0.0:38700, s1:0.0.0.0:34129, s2:0.0.0.0:38191], old=null at 1
2019-09-24 16:29:53,367 INFO  impl.RaftServerImpl (ServerState.java:setRaftConf(355)) - s1@group-7855650A4E0E: set configuration 1: [s0:0.0.0.0:38700, s1:0.0.0.0:34129, s2:0.0.0.0:38191], old=null at 1
2019-09-24 16:29:53,368 INFO  segmented.SegmentedRaftLogWorker (SegmentedRaftLogWorker.java:rollLogSegment(385)) - s0@group-7855650A4E0E-SegmentedRaftLogWorker: Rolling segment log-0_0 to index:0
2019-09-24 16:29:53,368 INFO  segmented.SegmentedRaftLogWorker (SegmentedRaftLogWorker.java:rollLogSegment(385)) - s1@group-7855650A4E0E-SegmentedRaftLogWorker: Rolling segment log-0_0 to index:0
2019-09-24 16:29:53,368 DEBUG segmented.SegmentedRaftLogWorker (SegmentedRaftLogWorker.java:addIOTask(251)) - s0@group-7855650A4E0E-SegmentedRaftLogWorker adds IO task FinalizeLogSegment:0: startIndex=0 endIndex=0
2019-09-24 16:29:53,368 DEBUG segmented.SegmentedRaftLogWorker (SegmentedRaftLogWorker.java:addIOTask(251)) - s1@group-7855650A4E0E-SegmentedRaftLogWorker adds IO task FinalizeLogSegment:0: startIndex=0 endIndex=0
2019-09-24 16:29:53,369 DEBUG segmented.SegmentedRaftLogWorker (SegmentedRaftLogWorker.java:addIOTask(251)) - s0@group-7855650A4E0E-SegmentedRaftLogWorker adds IO task StartLogSegment:1
2019-09-24 16:29:53,369 DEBUG segmented.SegmentedRaftLogWorker (SegmentedRaftLogWorker.java:addIOTask(251)) - s1@group-7855650A4E0E-SegmentedRaftLogWorker adds IO task StartLogSegment:1
2019-09-24 16:29:53,369 DEBUG segmented.SegmentedRaftLogWorker (SegmentedRaftLogWorker.java:addIOTask(251)) - s0@group-7855650A4E0E-SegmentedRaftLogWorker adds IO task WriteLog:1: (t:4, i:1), CONFIGURATIONENTRY
2019-09-24 16:29:53,370 DEBUG segmented.SegmentedRaftLogWorker (SegmentedRaftLogWorker.java:addIOTask(251)) - s1@group-7855650A4E0E-SegmentedRaftLogWorker adds IO task WriteLog:1: (t:4, i:1), CONFIGURATIONENTRY
2019-09-24 16:29:53,371 TRACE util.FileUtils (LogUtils.java:runAndLog(61)) - Successfully ran Files.move /workdir/ratis-test/target/test/data/15450be3/MiniRaftClusterWithNettyb8f98288/s0/137f2fb6-3de9-4538-8d9a-7855650a4e0e/current/log_inprogress_0 to /workdir/ratis-test/target/test/data/15450be3/MiniRaftClusterWithNettyb8f98288/s0/137f2fb6-3de9-4538-8d9a-7855650a4e0e/current/log_0-0
2019-09-24 16:29:53,371 INFO  segmented.SegmentedRaftLogWorker (SegmentedRaftLogWorker.java:execute(526)) - s0@group-7855650A4E0E-SegmentedRaftLogWorker: Rolled log segment from /workdir/ratis-test/target/test/data/15450be3/MiniRaftClusterWithNettyb8f98288/s0/137f2fb6-3de9-4538-8d9a-7855650a4e0e/current/log_inprogress_0 to /workdir/ratis-test/target/test/data/15450be3/MiniRaftClusterWithNettyb8f98288/s0/137f2fb6-3de9-4538-8d9a-7855650a4e0e/current/log_0-0
2019-09-24 16:29:53,371 TRACE segmented.SegmentedRaftLogWorker (SegmentedRaftLogWorker.java:lambda$new$1(133)) - s0@group-7855650A4E0E-SegmentedRaftLogWorker: flushIndex: updateIncreasingly 0 -> 0
2019-09-24 16:29:53,372 TRACE util.FileUtils (LogUtils.java:runAndLog(61)) - Successfully ran Files.move /workdir/ratis-test/target/test/data/15450be3/MiniRaftClusterWithNettyb8f98288/s1/137f2fb6-3de9-4538-8d9a-7855650a4e0e/current/log_inprogress_0 to /workdir/ratis-test/target/test/data/15450be3/MiniRaftClusterWithNettyb8f98288/s1/137f2fb6-3de9-4538-8d9a-7855650a4e0e/current/log_0-0
2019-09-24 16:29:53,372 INFO  segmented.SegmentedRaftLogWorker (SegmentedRaftLogWorker.java:execute(526)) - s1@group-7855650A4E0E-SegmentedRaftLogWorker: Rolled log segment from /workdir/ratis-test/target/test/data/15450be3/MiniRaftClusterWithNettyb8f98288/s1/137f2fb6-3de9-4538-8d9a-7855650a4e0e/current/log_inprogress_0 to /workdir/ratis-test/target/test/data/15450be3/MiniRaftClusterWithNettyb8f98288/s1/137f2fb6-3de9-4538-8d9a-7855650a4e0e/current/log_0-0
2019-09-24 16:29:53,372 TRACE segmented.SegmentedRaftLogWorker (SegmentedRaftLogWorker.java:lambda$new$1(133)) - s1@group-7855650A4E0E-SegmentedRaftLogWorker: flushIndex: updateIncreasingly 0 -> 0
2019-09-24 16:29:53,443 INFO  server.RaftServerConfigKeys (ConfUtils.java:logGet(43)) - raft.server.rpc.timeout.max = 300ms (default)
2019-09-24 16:29:53,443 INFO  ratis.RaftTestUtil (RaftTestUtil.java:waitForLeader(86)) - printing ALL groups
  s0:  RUNNING    LEADER s0@group-A7200166065B:t3, leader=s0, voted=s0, raftlog=s0@group-A7200166065B-SegmentedRaftLog:OPENED:c-1,f-1,i0, conf=0: [s0:0.0.0.0:33663, s1:0.0.0.0:41738, s2:0.0.0.0:43966], old=null RUNNING
  s1:  RUNNING  FOLLOWER s1@group-A7200166065B:t3, leader=s0, voted=s0, raftlog=s1@group-A7200166065B-SegmentedRaftLog:OPENED:c-1,f-1,i0, conf=0: [s0:0.0.0.0:33663, s1:0.0.0.0:41738, s2:0.0.0.0:43966], old=null RUNNING
  s2:  RUNNING  FOLLOWER s2@group-A7200166065B:t3, leader=s0, voted=s0, raftlog=s2@group-A7200166065B-SegmentedRaftLog:OPENED:c-1,f-1,i0, conf=0: [s0:0.0.0.0:33663, s1:0.0.0.0:41738, s2:0.0.0.0:43966], old=null RUNNING
2019-09-24 16:29:53,444 INFO  ratis.RaftTestUtil (RaftTestUtil.java:waitForLeader(101)) - printing ALL groups
  s0:  RUNNING    LEADER s0@group-A7200166065B:t3, leader=s0, voted=s0, raftlog=s0@group-A7200166065B-SegmentedRaftLog:OPENED:c-1,f-1,i0, conf=0: [s0:0.0.0.0:33663, s1:0.0.0.0:41738, s2:0.0.0.0:43966], old=null RUNNING
  s1:  RUNNING  FOLLOWER s1@group-A7200166065B:t3, leader=s0, voted=s0, raftlog=s1@group-A7200166065B-SegmentedRaftLog:OPENED:c-1,f-1,i0, conf=0: [s0:0.0.0.0:33663, s1:0.0.0.0:41738, s2:0.0.0.0:43966], old=null RUNNING
  s2:  RUNNING  FOLLOWER s2@group-A7200166065B:t3, leader=s0, voted=s0, raftlog=s2@group-A7200166065B-SegmentedRaftLog:OPENED:c-1,f-1,i0, conf=0: [s0:0.0.0.0:33663, s1:0.0.0.0:41738, s2:0.0.0.0:43966], old=null RUNNING
2019-09-24 16:29:53,444 WARN  ratis.RaftTestUtil (JavaUtils.java:attempt(158)) - FAILED "testChangeLeader-changeLeader", attempt #9/20: java.lang.IllegalStateException: Failed to change leader: newLeader == oldLeader == s0, sleep 100ms and then retry.
java.lang.IllegalStateException: Failed to change leader: newLeader == oldLeader == s0
	at org.apache.ratis.RaftTestUtil.lambda$changeLeader$7(RaftTestUtil.java:365)
	at org.apache.ratis.util.JavaUtils.attempt(JavaUtils.java:152)
	at org.apache.ratis.RaftTestUtil.changeLeader(RaftTestUtil.java:362)
	at org.apache.ratis.server.impl.LeaderElectionTests.testChangeLeader(LeaderElectionTests.java:81)
	at sun.reflect.NativeMethodAccessorImpl.invoke0(Native Method)
	at sun.reflect.NativeMethodAccessorImpl.invoke(NativeMethodAccessorImpl.java:62)
	at sun.reflect.DelegatingMethodAccessorImpl.invoke(DelegatingMethodAccessorImpl.java:43)
	at java.lang.reflect.Method.invoke(Method.java:498)
	at org.junit.runners.model.FrameworkMethod$1.runReflectiveCall(FrameworkMethod.java:50)
	at org.junit.internal.runners.model.ReflectiveCallable.run(ReflectiveCallable.java:12)
	at org.junit.runners.model.FrameworkMethod.invokeExplosively(FrameworkMethod.java:47)
	at org.junit.internal.runners.statements.InvokeMethod.evaluate(InvokeMethod.java:17)
	at org.junit.internal.runners.statements.RunAfters.evaluate(RunAfters.java:27)
	at org.junit.internal.runners.statements.FailOnTimeout$CallableStatement.call(FailOnTimeout.java:298)
	at org.junit.internal.runners.statements.FailOnTimeout$CallableStatement.call(FailOnTimeout.java:292)
	at java.util.concurrent.FutureTask.run(FutureTask.java:266)
	at java.lang.Thread.run(Thread.java:748)
2019-09-24 16:29:53,544 INFO  server.RaftServerConfigKeys (ConfUtils.java:logGet(43)) - raft.server.rpc.timeout.max = 300ms (default)
2019-09-24 16:29:53,545 INFO  ratis.RaftTestUtil (RaftTestUtil.java:waitForLeader(86)) - printing ALL groups
  s0:  RUNNING    LEADER s0@group-A7200166065B:t3, leader=s0, voted=s0, raftlog=s0@group-A7200166065B-SegmentedRaftLog:OPENED:c-1,f-1,i0, conf=0: [s0:0.0.0.0:33663, s1:0.0.0.0:41738, s2:0.0.0.0:43966], old=null RUNNING
  s1:  RUNNING  FOLLOWER s1@group-A7200166065B:t3, leader=s0, voted=s0, raftlog=s1@group-A7200166065B-SegmentedRaftLog:OPENED:c-1,f-1,i0, conf=0: [s0:0.0.0.0:33663, s1:0.0.0.0:41738, s2:0.0.0.0:43966], old=null RUNNING
  s2:  RUNNING  FOLLOWER s2@group-A7200166065B:t3, leader=s0, voted=s0, raftlog=s2@group-A7200166065B-SegmentedRaftLog:OPENED:c-1,f-1,i0, conf=0: [s0:0.0.0.0:33663, s1:0.0.0.0:41738, s2:0.0.0.0:43966], old=null RUNNING
2019-09-24 16:29:53,545 INFO  ratis.RaftTestUtil (RaftTestUtil.java:waitForLeader(101)) - printing ALL groups
  s0:  RUNNING    LEADER s0@group-A7200166065B:t3, leader=s0, voted=s0, raftlog=s0@group-A7200166065B-SegmentedRaftLog:OPENED:c-1,f-1,i0, conf=0: [s0:0.0.0.0:33663, s1:0.0.0.0:41738, s2:0.0.0.0:43966], old=null RUNNING
  s1:  RUNNING  FOLLOWER s1@group-A7200166065B:t3, leader=s0, voted=s0, raftlog=s1@group-A7200166065B-SegmentedRaftLog:OPENED:c-1,f-1,i0, conf=0: [s0:0.0.0.0:33663, s1:0.0.0.0:41738, s2:0.0.0.0:43966], old=null RUNNING
  s2:  RUNNING  FOLLOWER s2@group-A7200166065B:t3, leader=s0, voted=s0, raftlog=s2@group-A7200166065B-SegmentedRaftLog:OPENED:c-1,f-1,i0, conf=0: [s0:0.0.0.0:33663, s1:0.0.0.0:41738, s2:0.0.0.0:43966], old=null RUNNING
2019-09-24 16:29:53,545 WARN  ratis.RaftTestUtil (JavaUtils.java:attempt(158)) - FAILED "testChangeLeader-changeLeader", attempt #10/20: java.lang.IllegalStateException: Failed to change leader: newLeader == oldLeader == s0, sleep 100ms and then retry.
java.lang.IllegalStateException: Failed to change leader: newLeader == oldLeader == s0
	at org.apache.ratis.RaftTestUtil.lambda$changeLeader$7(RaftTestUtil.java:365)
	at org.apache.ratis.util.JavaUtils.attempt(JavaUtils.java:152)
	at org.apache.ratis.RaftTestUtil.changeLeader(RaftTestUtil.java:362)
	at org.apache.ratis.server.impl.LeaderElectionTests.testChangeLeader(LeaderElectionTests.java:81)
	at sun.reflect.NativeMethodAccessorImpl.invoke0(Native Method)
	at sun.reflect.NativeMethodAccessorImpl.invoke(NativeMethodAccessorImpl.java:62)
	at sun.reflect.DelegatingMethodAccessorImpl.invoke(DelegatingMethodAccessorImpl.java:43)
	at java.lang.reflect.Method.invoke(Method.java:498)
	at org.junit.runners.model.FrameworkMethod$1.runReflectiveCall(FrameworkMethod.java:50)
	at org.junit.internal.runners.model.ReflectiveCallable.run(ReflectiveCallable.java:12)
	at org.junit.runners.model.FrameworkMethod.invokeExplosively(FrameworkMethod.java:47)
	at org.junit.internal.runners.statements.InvokeMethod.evaluate(InvokeMethod.java:17)
	at org.junit.internal.runners.statements.RunAfters.evaluate(RunAfters.java:27)
	at org.junit.internal.runners.statements.FailOnTimeout$CallableStatement.call(FailOnTimeout.java:298)
	at org.junit.internal.runners.statements.FailOnTimeout$CallableStatement.call(FailOnTimeout.java:292)
	at java.util.concurrent.FutureTask.run(FutureTask.java:266)
	at java.lang.Thread.run(Thread.java:748)
2019-09-24 16:29:53,564 TRACE segmented.SegmentedRaftLogWorker (SegmentedRaftLogWorker.java:lambda$new$1(133)) - s0@group-A7200166065B-SegmentedRaftLogWorker: flushIndex: updateIncreasingly -1 -> 0
2019-09-24 16:29:53,611 TRACE segmented.SegmentedRaftLogWorker (SegmentedRaftLogWorker.java:lambda$new$1(133)) - s2@group-A7200166065B-SegmentedRaftLogWorker: flushIndex: updateIncreasingly -1 -> 0
2019-09-24 16:29:53,611 DEBUG impl.RaftServerImpl (RaftServerImpl.java:logAppendEntries(850)) - s2@group-A7200166065B: succeeded to handle AppendEntries. Reply: s0<-s2#0:OK,SUCCESS,nextIndex:1,term:3,followerCommit:-1
2019-09-24 16:29:53,646 INFO  server.RaftServerConfigKeys (ConfUtils.java:logGet(43)) - raft.server.rpc.timeout.max = 300ms (default)
2019-09-24 16:29:53,646 INFO  ratis.RaftTestUtil (RaftTestUtil.java:waitForLeader(86)) - printing ALL groups
  s0:  RUNNING    LEADER s0@group-A7200166065B:t3, leader=s0, voted=s0, raftlog=s0@group-A7200166065B-SegmentedRaftLog:OPENED:c0,f0,i0, conf=0: [s0:0.0.0.0:33663, s1:0.0.0.0:41738, s2:0.0.0.0:43966], old=null RUNNING
  s1:  RUNNING  FOLLOWER s1@group-A7200166065B:t3, leader=s0, voted=s0, raftlog=s1@group-A7200166065B-SegmentedRaftLog:OPENED:c-1,f-1,i0, conf=0: [s0:0.0.0.0:33663, s1:0.0.0.0:41738, s2:0.0.0.0:43966], old=null RUNNING
  s2:  RUNNING  FOLLOWER s2@group-A7200166065B:t3, leader=s0, voted=s0, raftlog=s2@group-A7200166065B-SegmentedRaftLog:OPENED:c-1,f0,i0, conf=0: [s0:0.0.0.0:33663, s1:0.0.0.0:41738, s2:0.0.0.0:43966], old=null RUNNING
2019-09-24 16:29:53,647 INFO  ratis.RaftTestUtil (RaftTestUtil.java:waitForLeader(101)) - printing ALL groups
  s0:  RUNNING    LEADER s0@group-A7200166065B:t3, leader=s0, voted=s0, raftlog=s0@group-A7200166065B-SegmentedRaftLog:OPENED:c0,f0,i0, conf=0: [s0:0.0.0.0:33663, s1:0.0.0.0:41738, s2:0.0.0.0:43966], old=null RUNNING
  s1:  RUNNING  FOLLOWER s1@group-A7200166065B:t3, leader=s0, voted=s0, raftlog=s1@group-A7200166065B-SegmentedRaftLog:OPENED:c-1,f-1,i0, conf=0: [s0:0.0.0.0:33663, s1:0.0.0.0:41738, s2:0.0.0.0:43966], old=null RUNNING
  s2:  RUNNING  FOLLOWER s2@group-A7200166065B:t3, leader=s0, voted=s0, raftlog=s2@group-A7200166065B-SegmentedRaftLog:OPENED:c-1,f0,i0, conf=0: [s0:0.0.0.0:33663, s1:0.0.0.0:41738, s2:0.0.0.0:43966], old=null RUNNING
2019-09-24 16:29:53,647 WARN  ratis.RaftTestUtil (JavaUtils.java:attempt(158)) - FAILED "testChangeLeader-changeLeader", attempt #11/20: java.lang.IllegalStateException: Failed to change leader: newLeader == oldLeader == s0, sleep 100ms and then retry.
java.lang.IllegalStateException: Failed to change leader: newLeader == oldLeader == s0
	at org.apache.ratis.RaftTestUtil.lambda$changeLeader$7(RaftTestUtil.java:365)
	at org.apache.ratis.util.JavaUtils.attempt(JavaUtils.java:152)
	at org.apache.ratis.RaftTestUtil.changeLeader(RaftTestUtil.java:362)
	at org.apache.ratis.server.impl.LeaderElectionTests.testChangeLeader(LeaderElectionTests.java:81)
	at sun.reflect.NativeMethodAccessorImpl.invoke0(Native Method)
	at sun.reflect.NativeMethodAccessorImpl.invoke(NativeMethodAccessorImpl.java:62)
	at sun.reflect.DelegatingMethodAccessorImpl.invoke(DelegatingMethodAccessorImpl.java:43)
	at java.lang.reflect.Method.invoke(Method.java:498)
	at org.junit.runners.model.FrameworkMethod$1.runReflectiveCall(FrameworkMethod.java:50)
	at org.junit.internal.runners.model.ReflectiveCallable.run(ReflectiveCallable.java:12)
	at org.junit.runners.model.FrameworkMethod.invokeExplosively(FrameworkMethod.java:47)
	at org.junit.internal.runners.statements.InvokeMethod.evaluate(InvokeMethod.java:17)
	at org.junit.internal.runners.statements.RunAfters.evaluate(RunAfters.java:27)
	at org.junit.internal.runners.statements.FailOnTimeout$CallableStatement.call(FailOnTimeout.java:298)
	at org.junit.internal.runners.statements.FailOnTimeout$CallableStatement.call(FailOnTimeout.java:292)
	at java.util.concurrent.FutureTask.run(FutureTask.java:266)
	at java.lang.Thread.run(Thread.java:748)
2019-09-24 16:29:53,688 INFO  util.CodeInjectionForTesting (BlockRequestHandlingInjection.java:execute(76)) - s2: Block request from s0
2019-09-24 16:29:53,694 TRACE segmented.SegmentedRaftLogWorker (SegmentedRaftLogWorker.java:lambda$new$1(133)) - s1@group-A7200166065B-SegmentedRaftLogWorker: flushIndex: updateIncreasingly -1 -> 0
2019-09-24 16:29:53,695 DEBUG impl.RaftServerImpl (RaftServerImpl.java:logAppendEntries(850)) - s1@group-A7200166065B: succeeded to handle AppendEntries. Reply: s0<-s1#0:OK,SUCCESS,nextIndex:1,term:3,followerCommit:-1
2019-09-24 16:29:53,748 INFO  server.RaftServerConfigKeys (ConfUtils.java:logGet(43)) - raft.server.rpc.timeout.max = 300ms (default)
2019-09-24 16:29:53,748 INFO  ratis.RaftTestUtil (RaftTestUtil.java:waitForLeader(86)) - printing ALL groups
  s0:  RUNNING    LEADER s0@group-A7200166065B:t3, leader=s0, voted=s0, raftlog=s0@group-A7200166065B-SegmentedRaftLog:OPENED:c0,f0,i0, conf=0: [s0:0.0.0.0:33663, s1:0.0.0.0:41738, s2:0.0.0.0:43966], old=null RUNNING
  s1:  RUNNING  FOLLOWER s1@group-A7200166065B:t3, leader=s0, voted=s0, raftlog=s1@group-A7200166065B-SegmentedRaftLog:OPENED:c-1,f0,i0, conf=0: [s0:0.0.0.0:33663, s1:0.0.0.0:41738, s2:0.0.0.0:43966], old=null RUNNING
  s2:  RUNNING  FOLLOWER s2@group-A7200166065B:t3, leader=s0, voted=s0, raftlog=s2@group-A7200166065B-SegmentedRaftLog:OPENED:c-1,f0,i0, conf=0: [s0:0.0.0.0:33663, s1:0.0.0.0:41738, s2:0.0.0.0:43966], old=null RUNNING
2019-09-24 16:29:53,748 INFO  ratis.RaftTestUtil (RaftTestUtil.java:waitForLeader(101)) - printing ALL groups
  s0:  RUNNING    LEADER s0@group-A7200166065B:t3, leader=s0, voted=s0, raftlog=s0@group-A7200166065B-SegmentedRaftLog:OPENED:c0,f0,i0, conf=0: [s0:0.0.0.0:33663, s1:0.0.0.0:41738, s2:0.0.0.0:43966], old=null RUNNING
  s1:  RUNNING  FOLLOWER s1@group-A7200166065B:t3, leader=s0, voted=s0, raftlog=s1@group-A7200166065B-SegmentedRaftLog:OPENED:c-1,f0,i0, conf=0: [s0:0.0.0.0:33663, s1:0.0.0.0:41738, s2:0.0.0.0:43966], old=null RUNNING
  s2:  RUNNING  FOLLOWER s2@group-A7200166065B:t3, leader=s0, voted=s0, raftlog=s2@group-A7200166065B-SegmentedRaftLog:OPENED:c-1,f0,i0, conf=0: [s0:0.0.0.0:33663, s1:0.0.0.0:41738, s2:0.0.0.0:43966], old=null RUNNING
2019-09-24 16:29:53,749 WARN  ratis.RaftTestUtil (JavaUtils.java:attempt(158)) - FAILED "testChangeLeader-changeLeader", attempt #12/20: java.lang.IllegalStateException: Failed to change leader: newLeader == oldLeader == s0, sleep 100ms and then retry.
java.lang.IllegalStateException: Failed to change leader: newLeader == oldLeader == s0
	at org.apache.ratis.RaftTestUtil.lambda$changeLeader$7(RaftTestUtil.java:365)
	at org.apache.ratis.util.JavaUtils.attempt(JavaUtils.java:152)
	at org.apache.ratis.RaftTestUtil.changeLeader(RaftTestUtil.java:362)
	at org.apache.ratis.server.impl.LeaderElectionTests.testChangeLeader(LeaderElectionTests.java:81)
	at sun.reflect.NativeMethodAccessorImpl.invoke0(Native Method)
	at sun.reflect.NativeMethodAccessorImpl.invoke(NativeMethodAccessorImpl.java:62)
	at sun.reflect.DelegatingMethodAccessorImpl.invoke(DelegatingMethodAccessorImpl.java:43)
	at java.lang.reflect.Method.invoke(Method.java:498)
	at org.junit.runners.model.FrameworkMethod$1.runReflectiveCall(FrameworkMethod.java:50)
	at org.junit.internal.runners.model.ReflectiveCallable.run(ReflectiveCallable.java:12)
	at org.junit.runners.model.FrameworkMethod.invokeExplosively(FrameworkMethod.java:47)
	at org.junit.internal.runners.statements.InvokeMethod.evaluate(InvokeMethod.java:17)
	at org.junit.internal.runners.statements.RunAfters.evaluate(RunAfters.java:27)
	at org.junit.internal.runners.statements.FailOnTimeout$CallableStatement.call(FailOnTimeout.java:298)
	at org.junit.internal.runners.statements.FailOnTimeout$CallableStatement.call(FailOnTimeout.java:292)
	at java.util.concurrent.FutureTask.run(FutureTask.java:266)
	at java.lang.Thread.run(Thread.java:748)
2019-09-24 16:29:53,772 INFO  util.CodeInjectionForTesting (BlockRequestHandlingInjection.java:execute(76)) - s1: Block request from s0
2019-09-24 16:29:53,849 INFO  server.RaftServerConfigKeys (ConfUtils.java:logGet(43)) - raft.server.rpc.timeout.max = 300ms (default)
2019-09-24 16:29:53,850 INFO  ratis.RaftTestUtil (RaftTestUtil.java:waitForLeader(86)) - printing ALL groups
  s0:  RUNNING    LEADER s0@group-A7200166065B:t3, leader=s0, voted=s0, raftlog=s0@group-A7200166065B-SegmentedRaftLog:OPENED:c0,f0,i0, conf=0: [s0:0.0.0.0:33663, s1:0.0.0.0:41738, s2:0.0.0.0:43966], old=null RUNNING
  s1:  RUNNING  FOLLOWER s1@group-A7200166065B:t3, leader=s0, voted=s0, raftlog=s1@group-A7200166065B-SegmentedRaftLog:OPENED:c-1,f0,i0, conf=0: [s0:0.0.0.0:33663, s1:0.0.0.0:41738, s2:0.0.0.0:43966], old=null RUNNING
  s2:  RUNNING  FOLLOWER s2@group-A7200166065B:t3, leader=s0, voted=s0, raftlog=s2@group-A7200166065B-SegmentedRaftLog:OPENED:c-1,f0,i0, conf=0: [s0:0.0.0.0:33663, s1:0.0.0.0:41738, s2:0.0.0.0:43966], old=null RUNNING
2019-09-24 16:29:53,850 INFO  ratis.RaftTestUtil (RaftTestUtil.java:waitForLeader(101)) - printing ALL groups
  s0:  RUNNING    LEADER s0@group-A7200166065B:t3, leader=s0, voted=s0, raftlog=s0@group-A7200166065B-SegmentedRaftLog:OPENED:c0,f0,i0, conf=0: [s0:0.0.0.0:33663, s1:0.0.0.0:41738, s2:0.0.0.0:43966], old=null RUNNING
  s1:  RUNNING  FOLLOWER s1@group-A7200166065B:t3, leader=s0, voted=s0, raftlog=s1@group-A7200166065B-SegmentedRaftLog:OPENED:c-1,f0,i0, conf=0: [s0:0.0.0.0:33663, s1:0.0.0.0:41738, s2:0.0.0.0:43966], old=null RUNNING
  s2:  RUNNING  FOLLOWER s2@group-A7200166065B:t3, leader=s0, voted=s0, raftlog=s2@group-A7200166065B-SegmentedRaftLog:OPENED:c-1,f0,i0, conf=0: [s0:0.0.0.0:33663, s1:0.0.0.0:41738, s2:0.0.0.0:43966], old=null RUNNING
2019-09-24 16:29:53,850 WARN  ratis.RaftTestUtil (JavaUtils.java:attempt(158)) - FAILED "testChangeLeader-changeLeader", attempt #13/20: java.lang.IllegalStateException: Failed to change leader: newLeader == oldLeader == s0, sleep 100ms and then retry.
java.lang.IllegalStateException: Failed to change leader: newLeader == oldLeader == s0
	at org.apache.ratis.RaftTestUtil.lambda$changeLeader$7(RaftTestUtil.java:365)
	at org.apache.ratis.util.JavaUtils.attempt(JavaUtils.java:152)
	at org.apache.ratis.RaftTestUtil.changeLeader(RaftTestUtil.java:362)
	at org.apache.ratis.server.impl.LeaderElectionTests.testChangeLeader(LeaderElectionTests.java:81)
	at sun.reflect.NativeMethodAccessorImpl.invoke0(Native Method)
	at sun.reflect.NativeMethodAccessorImpl.invoke(NativeMethodAccessorImpl.java:62)
	at sun.reflect.DelegatingMethodAccessorImpl.invoke(DelegatingMethodAccessorImpl.java:43)
	at java.lang.reflect.Method.invoke(Method.java:498)
	at org.junit.runners.model.FrameworkMethod$1.runReflectiveCall(FrameworkMethod.java:50)
	at org.junit.internal.runners.model.ReflectiveCallable.run(ReflectiveCallable.java:12)
	at org.junit.runners.model.FrameworkMethod.invokeExplosively(FrameworkMethod.java:47)
	at org.junit.internal.runners.statements.InvokeMethod.evaluate(InvokeMethod.java:17)
	at org.junit.internal.runners.statements.RunAfters.evaluate(RunAfters.java:27)
	at org.junit.internal.runners.statements.FailOnTimeout$CallableStatement.call(FailOnTimeout.java:298)
	at org.junit.internal.runners.statements.FailOnTimeout$CallableStatement.call(FailOnTimeout.java:292)
	at java.util.concurrent.FutureTask.run(FutureTask.java:266)
	at java.lang.Thread.run(Thread.java:748)
2019-09-24 16:29:53,951 INFO  server.RaftServerConfigKeys (ConfUtils.java:logGet(43)) - raft.server.rpc.timeout.max = 300ms (default)
2019-09-24 16:29:53,951 INFO  ratis.RaftTestUtil (RaftTestUtil.java:waitForLeader(86)) - printing ALL groups
  s0:  RUNNING    LEADER s0@group-A7200166065B:t3, leader=s0, voted=s0, raftlog=s0@group-A7200166065B-SegmentedRaftLog:OPENED:c0,f0,i0, conf=0: [s0:0.0.0.0:33663, s1:0.0.0.0:41738, s2:0.0.0.0:43966], old=null RUNNING
  s1:  RUNNING  FOLLOWER s1@group-A7200166065B:t3, leader=s0, voted=s0, raftlog=s1@group-A7200166065B-SegmentedRaftLog:OPENED:c-1,f0,i0, conf=0: [s0:0.0.0.0:33663, s1:0.0.0.0:41738, s2:0.0.0.0:43966], old=null RUNNING
  s2:  RUNNING  FOLLOWER s2@group-A7200166065B:t3, leader=s0, voted=s0, raftlog=s2@group-A7200166065B-SegmentedRaftLog:OPENED:c-1,f0,i0, conf=0: [s0:0.0.0.0:33663, s1:0.0.0.0:41738, s2:0.0.0.0:43966], old=null RUNNING
2019-09-24 16:29:53,952 INFO  ratis.RaftTestUtil (RaftTestUtil.java:waitForLeader(101)) - printing ALL groups
  s0:  RUNNING    LEADER s0@group-A7200166065B:t3, leader=s0, voted=s0, raftlog=s0@group-A7200166065B-SegmentedRaftLog:OPENED:c0,f0,i0, conf=0: [s0:0.0.0.0:33663, s1:0.0.0.0:41738, s2:0.0.0.0:43966], old=null RUNNING
  s1:  RUNNING  FOLLOWER s1@group-A7200166065B:t3, leader=s0, voted=s0, raftlog=s1@group-A7200166065B-SegmentedRaftLog:OPENED:c-1,f0,i0, conf=0: [s0:0.0.0.0:33663, s1:0.0.0.0:41738, s2:0.0.0.0:43966], old=null RUNNING
  s2:  RUNNING  FOLLOWER s2@group-A7200166065B:t3, leader=s0, voted=s0, raftlog=s2@group-A7200166065B-SegmentedRaftLog:OPENED:c-1,f0,i0, conf=0: [s0:0.0.0.0:33663, s1:0.0.0.0:41738, s2:0.0.0.0:43966], old=null RUNNING
2019-09-24 16:29:53,952 WARN  ratis.RaftTestUtil (JavaUtils.java:attempt(158)) - FAILED "testChangeLeader-changeLeader", attempt #14/20: java.lang.IllegalStateException: Failed to change leader: newLeader == oldLeader == s0, sleep 100ms and then retry.
java.lang.IllegalStateException: Failed to change leader: newLeader == oldLeader == s0
	at org.apache.ratis.RaftTestUtil.lambda$changeLeader$7(RaftTestUtil.java:365)
	at org.apache.ratis.util.JavaUtils.attempt(JavaUtils.java:152)
	at org.apache.ratis.RaftTestUtil.changeLeader(RaftTestUtil.java:362)
	at org.apache.ratis.server.impl.LeaderElectionTests.testChangeLeader(LeaderElectionTests.java:81)
	at sun.reflect.NativeMethodAccessorImpl.invoke0(Native Method)
	at sun.reflect.NativeMethodAccessorImpl.invoke(NativeMethodAccessorImpl.java:62)
	at sun.reflect.DelegatingMethodAccessorImpl.invoke(DelegatingMethodAccessorImpl.java:43)
	at java.lang.reflect.Method.invoke(Method.java:498)
	at org.junit.runners.model.FrameworkMethod$1.runReflectiveCall(FrameworkMethod.java:50)
	at org.junit.internal.runners.model.ReflectiveCallable.run(ReflectiveCallable.java:12)
	at org.junit.runners.model.FrameworkMethod.invokeExplosively(FrameworkMethod.java:47)
	at org.junit.internal.runners.statements.InvokeMethod.evaluate(InvokeMethod.java:17)
	at org.junit.internal.runners.statements.RunAfters.evaluate(RunAfters.java:27)
	at org.junit.internal.runners.statements.FailOnTimeout$CallableStatement.call(FailOnTimeout.java:298)
	at org.junit.internal.runners.statements.FailOnTimeout$CallableStatement.call(FailOnTimeout.java:292)
	at java.util.concurrent.FutureTask.run(FutureTask.java:266)
	at java.lang.Thread.run(Thread.java:748)
2019-09-24 16:29:53,973 INFO  impl.FollowerState (FollowerState.java:run(108)) - s2@group-A7200166065B-FollowerState: change to CANDIDATE, lastRpcTime:361ms, electionTimeout:299ms
2019-09-24 16:29:53,974 INFO  impl.RoleInfo (RoleInfo.java:shutdownFollowerState(121)) - s2: shutdown FollowerState
2019-09-24 16:29:53,974 INFO  impl.RaftServerImpl (RaftServerImpl.java:setRole(170)) - s2@group-A7200166065B: changes role from  FOLLOWER to CANDIDATE at term 3 for changeToCandidate
2019-09-24 16:29:53,974 INFO  impl.RoleInfo (RoleInfo.java:updateAndGet(143)) - s2: start LeaderElection
2019-09-24 16:29:53,975 INFO  impl.RaftServerImpl (ServerState.java:setLeader(254)) - s2@group-A7200166065B: change Leader from s0 to null at term 3 for initElection
2019-09-24 16:29:53,981 INFO  impl.FollowerState (FollowerState.java:run(108)) - s1@group-A7200166065B-FollowerState: change to CANDIDATE, lastRpcTime:285ms, electionTimeout:230ms
2019-09-24 16:29:53,981 INFO  impl.RoleInfo (RoleInfo.java:shutdownFollowerState(121)) - s1: shutdown FollowerState
2019-09-24 16:29:53,981 INFO  impl.RaftServerImpl (RaftServerImpl.java:setRole(170)) - s1@group-A7200166065B: changes role from  FOLLOWER to CANDIDATE at term 3 for changeToCandidate
2019-09-24 16:29:53,981 INFO  impl.RoleInfo (RoleInfo.java:updateAndGet(143)) - s1: start LeaderElection
2019-09-24 16:29:53,981 INFO  impl.RaftServerImpl (ServerState.java:setLeader(254)) - s1@group-A7200166065B: change Leader from s0 to null at term 3 for initElection
2019-09-24 16:29:54,053 INFO  server.RaftServerConfigKeys (ConfUtils.java:logGet(43)) - raft.server.rpc.timeout.max = 300ms (default)
2019-09-24 16:29:54,053 INFO  ratis.RaftTestUtil (RaftTestUtil.java:waitForLeader(86)) - printing ALL groups
  s0:  RUNNING    LEADER s0@group-A7200166065B:t3, leader=s0, voted=s0, raftlog=s0@group-A7200166065B-SegmentedRaftLog:OPENED:c0,f0,i0, conf=0: [s0:0.0.0.0:33663, s1:0.0.0.0:41738, s2:0.0.0.0:43966], old=null RUNNING
  s1:  RUNNING CANDIDATE s1@group-A7200166065B:t4, leader=null, voted=s1, raftlog=s1@group-A7200166065B-SegmentedRaftLog:OPENED:c-1,f0,i0, conf=0: [s0:0.0.0.0:33663, s1:0.0.0.0:41738, s2:0.0.0.0:43966], old=null RUNNING
  s2:  RUNNING CANDIDATE s2@group-A7200166065B:t4, leader=null, voted=s2, raftlog=s2@group-A7200166065B-SegmentedRaftLog:OPENED:c-1,f0,i0, conf=0: [s0:0.0.0.0:33663, s1:0.0.0.0:41738, s2:0.0.0.0:43966], old=null RUNNING
2019-09-24 16:29:54,054 INFO  ratis.RaftTestUtil (RaftTestUtil.java:waitForLeader(101)) - printing ALL groups
  s0:  RUNNING    LEADER s0@group-A7200166065B:t3, leader=s0, voted=s0, raftlog=s0@group-A7200166065B-SegmentedRaftLog:OPENED:c0,f0,i0, conf=0: [s0:0.0.0.0:33663, s1:0.0.0.0:41738, s2:0.0.0.0:43966], old=null RUNNING
  s1:  RUNNING CANDIDATE s1@group-A7200166065B:t4, leader=null, voted=s1, raftlog=s1@group-A7200166065B-SegmentedRaftLog:OPENED:c-1,f0,i0, conf=0: [s0:0.0.0.0:33663, s1:0.0.0.0:41738, s2:0.0.0.0:43966], old=null RUNNING
  s2:  RUNNING CANDIDATE s2@group-A7200166065B:t4, leader=null, voted=s2, raftlog=s2@group-A7200166065B-SegmentedRaftLog:OPENED:c-1,f0,i0, conf=0: [s0:0.0.0.0:33663, s1:0.0.0.0:41738, s2:0.0.0.0:43966], old=null RUNNING
2019-09-24 16:29:54,054 WARN  ratis.RaftTestUtil (JavaUtils.java:attempt(158)) - FAILED "testChangeLeader-changeLeader", attempt #15/20: java.lang.IllegalStateException: Failed to change leader: newLeader == oldLeader == s0, sleep 100ms and then retry.
java.lang.IllegalStateException: Failed to change leader: newLeader == oldLeader == s0
	at org.apache.ratis.RaftTestUtil.lambda$changeLeader$7(RaftTestUtil.java:365)
	at org.apache.ratis.util.JavaUtils.attempt(JavaUtils.java:152)
	at org.apache.ratis.RaftTestUtil.changeLeader(RaftTestUtil.java:362)
	at org.apache.ratis.server.impl.LeaderElectionTests.testChangeLeader(LeaderElectionTests.java:81)
	at sun.reflect.NativeMethodAccessorImpl.invoke0(Native Method)
	at sun.reflect.NativeMethodAccessorImpl.invoke(NativeMethodAccessorImpl.java:62)
	at sun.reflect.DelegatingMethodAccessorImpl.invoke(DelegatingMethodAccessorImpl.java:43)
	at java.lang.reflect.Method.invoke(Method.java:498)
	at org.junit.runners.model.FrameworkMethod$1.runReflectiveCall(FrameworkMethod.java:50)
	at org.junit.internal.runners.model.ReflectiveCallable.run(ReflectiveCallable.java:12)
	at org.junit.runners.model.FrameworkMethod.invokeExplosively(FrameworkMethod.java:47)
	at org.junit.internal.runners.statements.InvokeMethod.evaluate(InvokeMethod.java:17)
	at org.junit.internal.runners.statements.RunAfters.evaluate(RunAfters.java:27)
	at org.junit.internal.runners.statements.FailOnTimeout$CallableStatement.call(FailOnTimeout.java:298)
	at org.junit.internal.runners.statements.FailOnTimeout$CallableStatement.call(FailOnTimeout.java:292)
	at java.util.concurrent.FutureTask.run(FutureTask.java:266)
	at java.lang.Thread.run(Thread.java:748)
2019-09-24 16:29:54,125 INFO  segmented.SegmentedRaftLogWorker (SegmentedRaftLogWorker.java:execute(569)) - s1@group-7855650A4E0E-SegmentedRaftLogWorker: created new log segment /workdir/ratis-test/target/test/data/15450be3/MiniRaftClusterWithNettyb8f98288/s1/137f2fb6-3de9-4538-8d9a-7855650a4e0e/current/log_inprogress_1
2019-09-24 16:29:54,125 INFO  segmented.SegmentedRaftLogWorker (SegmentedRaftLogWorker.java:execute(569)) - s0@group-7855650A4E0E-SegmentedRaftLogWorker: created new log segment /workdir/ratis-test/target/test/data/15450be3/MiniRaftClusterWithNettyb8f98288/s0/137f2fb6-3de9-4538-8d9a-7855650a4e0e/current/log_inprogress_1
2019-09-24 16:29:54,125 INFO  segmented.SegmentedRaftLogWorker (SegmentedRaftLogWorker.java:execute(569)) - s2@group-7855650A4E0E-SegmentedRaftLogWorker: created new log segment /workdir/ratis-test/target/test/data/15450be3/MiniRaftClusterWithNettyb8f98288/s2/137f2fb6-3de9-4538-8d9a-7855650a4e0e/current/log_inprogress_1
2019-09-24 16:29:54,126 DEBUG segmented.SegmentedRaftLogWorker (SegmentedRaftLogWorker.java:flushWrites(340)) - s0@group-7855650A4E0E-SegmentedRaftLogWorker: flush SegmentedRaftLogOutputStream(/workdir/ratis-test/target/test/data/15450be3/MiniRaftClusterWithNettyb8f98288/s0/137f2fb6-3de9-4538-8d9a-7855650a4e0e/current/log_inprogress_1)
2019-09-24 16:29:54,126 DEBUG segmented.SegmentedRaftLogWorker (SegmentedRaftLogWorker.java:flushWrites(340)) - s1@group-7855650A4E0E-SegmentedRaftLogWorker: flush SegmentedRaftLogOutputStream(/workdir/ratis-test/target/test/data/15450be3/MiniRaftClusterWithNettyb8f98288/s1/137f2fb6-3de9-4538-8d9a-7855650a4e0e/current/log_inprogress_1)
2019-09-24 16:29:54,126 DEBUG segmented.SegmentedRaftLogWorker (SegmentedRaftLogWorker.java:flushWrites(340)) - s2@group-7855650A4E0E-SegmentedRaftLogWorker: flush SegmentedRaftLogOutputStream(/workdir/ratis-test/target/test/data/15450be3/MiniRaftClusterWithNettyb8f98288/s2/137f2fb6-3de9-4538-8d9a-7855650a4e0e/current/log_inprogress_1)
2019-09-24 16:29:54,154 INFO  server.RaftServerConfigKeys (ConfUtils.java:logGet(43)) - raft.server.rpc.timeout.max = 300ms (default)
2019-09-24 16:29:54,155 INFO  ratis.RaftTestUtil (RaftTestUtil.java:waitForLeader(86)) - printing ALL groups
  s0:  RUNNING    LEADER s0@group-A7200166065B:t3, leader=s0, voted=s0, raftlog=s0@group-A7200166065B-SegmentedRaftLog:OPENED:c0,f0,i0, conf=0: [s0:0.0.0.0:33663, s1:0.0.0.0:41738, s2:0.0.0.0:43966], old=null RUNNING
  s1:  RUNNING CANDIDATE s1@group-A7200166065B:t4, leader=null, voted=s1, raftlog=s1@group-A7200166065B-SegmentedRaftLog:OPENED:c-1,f0,i0, conf=0: [s0:0.0.0.0:33663, s1:0.0.0.0:41738, s2:0.0.0.0:43966], old=null RUNNING
  s2:  RUNNING CANDIDATE s2@group-A7200166065B:t4, leader=null, voted=s2, raftlog=s2@group-A7200166065B-SegmentedRaftLog:OPENED:c-1,f0,i0, conf=0: [s0:0.0.0.0:33663, s1:0.0.0.0:41738, s2:0.0.0.0:43966], old=null RUNNING
2019-09-24 16:29:54,155 INFO  ratis.RaftTestUtil (RaftTestUtil.java:waitForLeader(101)) - printing ALL groups
  s0:  RUNNING    LEADER s0@group-A7200166065B:t3, leader=s0, voted=s0, raftlog=s0@group-A7200166065B-SegmentedRaftLog:OPENED:c0,f0,i0, conf=0: [s0:0.0.0.0:33663, s1:0.0.0.0:41738, s2:0.0.0.0:43966], old=null RUNNING
  s1:  RUNNING CANDIDATE s1@group-A7200166065B:t4, leader=null, voted=s1, raftlog=s1@group-A7200166065B-SegmentedRaftLog:OPENED:c-1,f0,i0, conf=0: [s0:0.0.0.0:33663, s1:0.0.0.0:41738, s2:0.0.0.0:43966], old=null RUNNING
  s2:  RUNNING CANDIDATE s2@group-A7200166065B:t4, leader=null, voted=s2, raftlog=s2@group-A7200166065B-SegmentedRaftLog:OPENED:c-1,f0,i0, conf=0: [s0:0.0.0.0:33663, s1:0.0.0.0:41738, s2:0.0.0.0:43966], old=null RUNNING
2019-09-24 16:29:54,155 WARN  ratis.RaftTestUtil (JavaUtils.java:attempt(158)) - FAILED "testChangeLeader-changeLeader", attempt #16/20: java.lang.IllegalStateException: Failed to change leader: newLeader == oldLeader == s0, sleep 100ms and then retry.
java.lang.IllegalStateException: Failed to change leader: newLeader == oldLeader == s0
	at org.apache.ratis.RaftTestUtil.lambda$changeLeader$7(RaftTestUtil.java:365)
	at org.apache.ratis.util.JavaUtils.attempt(JavaUtils.java:152)
	at org.apache.ratis.RaftTestUtil.changeLeader(RaftTestUtil.java:362)
	at org.apache.ratis.server.impl.LeaderElectionTests.testChangeLeader(LeaderElectionTests.java:81)
	at sun.reflect.NativeMethodAccessorImpl.invoke0(Native Method)
	at sun.reflect.NativeMethodAccessorImpl.invoke(NativeMethodAccessorImpl.java:62)
	at sun.reflect.DelegatingMethodAccessorImpl.invoke(DelegatingMethodAccessorImpl.java:43)
	at java.lang.reflect.Method.invoke(Method.java:498)
	at org.junit.runners.model.FrameworkMethod$1.runReflectiveCall(FrameworkMethod.java:50)
	at org.junit.internal.runners.model.ReflectiveCallable.run(ReflectiveCallable.java:12)
	at org.junit.runners.model.FrameworkMethod.invokeExplosively(FrameworkMethod.java:47)
	at org.junit.internal.runners.statements.InvokeMethod.evaluate(InvokeMethod.java:17)
	at org.junit.internal.runners.statements.RunAfters.evaluate(RunAfters.java:27)
	at org.junit.internal.runners.statements.FailOnTimeout$CallableStatement.call(FailOnTimeout.java:298)
	at org.junit.internal.runners.statements.FailOnTimeout$CallableStatement.call(FailOnTimeout.java:292)
	at java.util.concurrent.FutureTask.run(FutureTask.java:266)
	at java.lang.Thread.run(Thread.java:748)
2019-09-24 16:29:54,205 TRACE segmented.SegmentedRaftLogWorker (SegmentedRaftLogWorker.java:lambda$new$1(133)) - s1@group-7855650A4E0E-SegmentedRaftLogWorker: flushIndex: updateIncreasingly 0 -> 1
2019-09-24 16:29:54,205 TRACE segmented.SegmentedRaftLogWorker (SegmentedRaftLogWorker.java:lambda$new$1(133)) - s0@group-7855650A4E0E-SegmentedRaftLogWorker: flushIndex: updateIncreasingly 0 -> 1
2019-09-24 16:29:54,205 TRACE segmented.SegmentedRaftLogWorker (SegmentedRaftLogWorker.java:lambda$new$1(133)) - s2@group-7855650A4E0E-SegmentedRaftLogWorker: flushIndex: updateIncreasingly 0 -> 1
2019-09-24 16:29:54,206 DEBUG impl.RaftServerImpl (RaftServerImpl.java:logAppendEntries(850)) - s1@group-7855650A4E0E: succeeded to handle AppendEntries. Reply: s2<-s1#0:OK,SUCCESS,nextIndex:2,term:4,followerCommit:0
2019-09-24 16:29:54,206 DEBUG impl.RaftServerImpl (RaftServerImpl.java:logAppendEntries(850)) - s0@group-7855650A4E0E: succeeded to handle AppendEntries. Reply: s2<-s0#0:OK,SUCCESS,nextIndex:2,term:4,followerCommit:0
2019-09-24 16:29:54,207 DEBUG segmented.SegmentedRaftLogWorker (SegmentedRaftLogWorker.java:addIOTask(251)) - s2@group-7855650A4E0E-SegmentedRaftLogWorker adds IO task WriteLog:2: (t:4, i:2), METADATAENTRY(c1)
2019-09-24 16:29:54,207 DEBUG segmented.SegmentedRaftLogWorker (SegmentedRaftLogWorker.java:flushWrites(340)) - s2@group-7855650A4E0E-SegmentedRaftLogWorker: flush SegmentedRaftLogOutputStream(/workdir/ratis-test/target/test/data/15450be3/MiniRaftClusterWithNettyb8f98288/s2/137f2fb6-3de9-4538-8d9a-7855650a4e0e/current/log_inprogress_1)
2019-09-24 16:29:54,208 DEBUG impl.RaftServerImpl (RaftServerImpl.java:logAppendEntries(850)) - s1@group-7855650A4E0E: receive appendEntries(s2, 4, (t:4, i:1), 1, false, commits[s2:c1, s0:c0, s1:c0], entries: (t:4, i:2), METADATAENTRY(c1)
2019-09-24 16:29:54,208 DEBUG impl.RaftServerImpl (RaftServerImpl.java:logAppendEntries(850)) - s0@group-7855650A4E0E: receive appendEntries(s2, 4, (t:4, i:1), 1, false, commits[s2:c1, s0:c0, s1:c0], entries: (t:4, i:2), METADATAENTRY(c1)
2019-09-24 16:29:54,208 DEBUG segmented.SegmentedRaftLogWorker (SegmentedRaftLogWorker.java:addIOTask(251)) - s1@group-7855650A4E0E-SegmentedRaftLogWorker adds IO task WriteLog:2: (t:4, i:2), METADATAENTRY(c1)
2019-09-24 16:29:54,209 DEBUG segmented.SegmentedRaftLogWorker (SegmentedRaftLogWorker.java:addIOTask(251)) - s0@group-7855650A4E0E-SegmentedRaftLogWorker adds IO task WriteLog:2: (t:4, i:2), METADATAENTRY(c1)
2019-09-24 16:29:54,209 DEBUG segmented.SegmentedRaftLogWorker (SegmentedRaftLogWorker.java:flushWrites(340)) - s1@group-7855650A4E0E-SegmentedRaftLogWorker: flush SegmentedRaftLogOutputStream(/workdir/ratis-test/target/test/data/15450be3/MiniRaftClusterWithNettyb8f98288/s1/137f2fb6-3de9-4538-8d9a-7855650a4e0e/current/log_inprogress_1)
2019-09-24 16:29:54,209 DEBUG segmented.SegmentedRaftLogWorker (SegmentedRaftLogWorker.java:flushWrites(340)) - s0@group-7855650A4E0E-SegmentedRaftLogWorker: flush SegmentedRaftLogOutputStream(/workdir/ratis-test/target/test/data/15450be3/MiniRaftClusterWithNettyb8f98288/s0/137f2fb6-3de9-4538-8d9a-7855650a4e0e/current/log_inprogress_1)
2019-09-24 16:29:54,217 INFO  impl.LeaderElection (LeaderElection.java:askForVotes(178)) - s1@group-A7200166065B-LeaderElection124: begin an election at term 4 for 0: [s0:0.0.0.0:33663, s1:0.0.0.0:41738, s2:0.0.0.0:43966], old=null
2019-09-24 16:29:54,217 INFO  impl.LeaderElection (LeaderElection.java:askForVotes(178)) - s2@group-A7200166065B-LeaderElection123: begin an election at term 4 for 0: [s0:0.0.0.0:33663, s1:0.0.0.0:41738, s2:0.0.0.0:43966], old=null
2019-09-24 16:29:54,218 DEBUG impl.RaftServerImpl (RaftServerImpl.java:requestVote(743)) - s0@group-A7200166065B: receive requestVote(s1, group-A7200166065B, 4, (t:3, i:0))
2019-09-24 16:29:54,218 DEBUG impl.RaftServerImpl (RaftServerImpl.java:requestVote(743)) - s1@group-A7200166065B: receive requestVote(s2, group-A7200166065B, 4, (t:3, i:0))
2019-09-24 16:29:54,218 DEBUG impl.RaftServerImpl (RaftServerImpl.java:requestVote(743)) - s0@group-A7200166065B: receive requestVote(s2, group-A7200166065B, 4, (t:3, i:0))
2019-09-24 16:29:54,218 DEBUG impl.RaftServerImpl (RaftServerImpl.java:requestVote(743)) - s2@group-A7200166065B: receive requestVote(s1, group-A7200166065B, 4, (t:3, i:0))
2019-09-24 16:29:54,218 DEBUG impl.RaftServerImpl (RaftServerImpl.java:requestVote(775)) - s1@group-A7200166065B replies to vote request: s2<-s1#0:FAIL-t4. Peer's state: s1@group-A7200166065B:t4, leader=null, voted=s1, raftlog=s1@group-A7200166065B-SegmentedRaftLog:OPENED:c-1,f0,i0, conf=0: [s0:0.0.0.0:33663, s1:0.0.0.0:41738, s2:0.0.0.0:43966], old=null
2019-09-24 16:29:54,218 INFO  impl.RaftServerImpl (ServerState.java:setLeader(254)) - s0@group-A7200166065B: change Leader from s0 to null at term 4 for updateCurrentTerm
2019-09-24 16:29:54,219 DEBUG impl.RaftServerImpl (RaftServerImpl.java:requestVote(775)) - s2@group-A7200166065B replies to vote request: s1<-s2#0:FAIL-t4. Peer's state: s2@group-A7200166065B:t4, leader=null, voted=s2, raftlog=s2@group-A7200166065B-SegmentedRaftLog:OPENED:c-1,f0,i0, conf=0: [s0:0.0.0.0:33663, s1:0.0.0.0:41738, s2:0.0.0.0:43966], old=null
2019-09-24 16:29:54,219 INFO  impl.RaftServerImpl (RaftServerImpl.java:setRole(170)) - s0@group-A7200166065B: changes role from    LEADER to FOLLOWER at term 4 for recognizeCandidate:s1
2019-09-24 16:29:54,220 INFO  impl.RoleInfo (RoleInfo.java:shutdownLeaderState(104)) - s0: shutdown LeaderState
2019-09-24 16:29:54,221 INFO  impl.LogAppender (LogAppender.java:run(78)) - s0@group-A7200166065B->s1-LogAppender-AppenderDaemon was interrupted: java.io.InterruptedIOException: s0->s1#0 sending from s1:0.0.0.0:41738 is interrupted.
2019-09-24 16:29:54,221 INFO  impl.PendingRequests (PendingRequests.java:sendNotLeaderResponses(202)) - s0@group-A7200166065B-PendingRequests: sendNotLeaderResponses
2019-09-24 16:29:54,221 INFO  impl.LogAppender (LogAppender.java:run(78)) - s0@group-A7200166065B->s2-LogAppender-AppenderDaemon was interrupted: java.io.InterruptedIOException: s0->s2#0 sending from s2:0.0.0.0:43966 is interrupted.
2019-09-24 16:29:54,222 INFO  impl.RoleInfo (RoleInfo.java:updateAndGet(143)) - s0: start FollowerState
2019-09-24 16:29:54,256 INFO  server.RaftServerConfigKeys (ConfUtils.java:logGet(43)) - raft.server.rpc.timeout.max = 300ms (default)
2019-09-24 16:29:54,256 INFO  ratis.RaftTestUtil (RaftTestUtil.java:waitForLeader(86)) - printing ALL groups
  s0:  RUNNING  FOLLOWER s0@group-A7200166065B:t4, leader=null, voted=null, raftlog=s0@group-A7200166065B-SegmentedRaftLog:OPENED:c0,f0,i0, conf=0: [s0:0.0.0.0:33663, s1:0.0.0.0:41738, s2:0.0.0.0:43966], old=null RUNNING
  s1:  RUNNING CANDIDATE s1@group-A7200166065B:t4, leader=null, voted=s1, raftlog=s1@group-A7200166065B-SegmentedRaftLog:OPENED:c-1,f0,i0, conf=0: [s0:0.0.0.0:33663, s1:0.0.0.0:41738, s2:0.0.0.0:43966], old=null RUNNING
  s2:  RUNNING CANDIDATE s2@group-A7200166065B:t4, leader=null, voted=s2, raftlog=s2@group-A7200166065B-SegmentedRaftLog:OPENED:c-1,f0,i0, conf=0: [s0:0.0.0.0:33663, s1:0.0.0.0:41738, s2:0.0.0.0:43966], old=null RUNNING
2019-09-24 16:29:54,257 WARN  ratis.RaftTestUtil (JavaUtils.java:attempt(158)) - FAILED "waitForLeader-null-(expectLeader? true)", attempt #1/100: java.lang.IllegalStateException: No leader yet : printing ALL groups
  s0:  RUNNING  FOLLOWER s0@group-A7200166065B:t4, leader=null, voted=null, raftlog=s0@group-A7200166065B-SegmentedRaftLog:OPENED:c0,f0,i0, conf=0: [s0:0.0.0.0:33663, s1:0.0.0.0:41738, s2:0.0.0.0:43966], old=null RUNNING
  s1:  RUNNING CANDIDATE s1@group-A7200166065B:t4, leader=null, voted=s1, raftlog=s1@group-A7200166065B-SegmentedRaftLog:OPENED:c-1,f0,i0, conf=0: [s0:0.0.0.0:33663, s1:0.0.0.0:41738, s2:0.0.0.0:43966], old=null RUNNING
  s2:  RUNNING CANDIDATE s2@group-A7200166065B:t4, leader=null, voted=s2, raftlog=s2@group-A7200166065B-SegmentedRaftLog:OPENED:c-1,f0,i0, conf=0: [s0:0.0.0.0:33663, s1:0.0.0.0:41738, s2:0.0.0.0:43966], old=null RUNNING, sleep 450ms and then retry.
java.lang.IllegalStateException: No leader yet : printing ALL groups
  s0:  RUNNING  FOLLOWER s0@group-A7200166065B:t4, leader=null, voted=null, raftlog=s0@group-A7200166065B-SegmentedRaftLog:OPENED:c0,f0,i0, conf=0: [s0:0.0.0.0:33663, s1:0.0.0.0:41738, s2:0.0.0.0:43966], old=null RUNNING
  s1:  RUNNING CANDIDATE s1@group-A7200166065B:t4, leader=null, voted=s1, raftlog=s1@group-A7200166065B-SegmentedRaftLog:OPENED:c-1,f0,i0, conf=0: [s0:0.0.0.0:33663, s1:0.0.0.0:41738, s2:0.0.0.0:43966], old=null RUNNING
  s2:  RUNNING CANDIDATE s2@group-A7200166065B:t4, leader=null, voted=s2, raftlog=s2@group-A7200166065B-SegmentedRaftLog:OPENED:c-1,f0,i0, conf=0: [s0:0.0.0.0:33663, s1:0.0.0.0:41738, s2:0.0.0.0:43966], old=null RUNNING
	at org.apache.ratis.MiniRaftCluster.newIllegalStateExceptionForNoLeaders(MiniRaftCluster.java:506)
	at org.apache.ratis.RaftTestUtil.lambda$waitForLeader$1(RaftTestUtil.java:90)
	at org.apache.ratis.MiniRaftCluster.getLeader(MiniRaftCluster.java:539)
	at org.apache.ratis.MiniRaftCluster.getLeader(MiniRaftCluster.java:532)
	at org.apache.ratis.RaftTestUtil.lambda$waitForLeader$3(RaftTestUtil.java:98)
	at org.apache.ratis.util.JavaUtils.attempt(JavaUtils.java:152)
	at org.apache.ratis.RaftTestUtil.waitForLeader(RaftTestUtil.java:97)
	at org.apache.ratis.RaftTestUtil.waitForLeader(RaftTestUtil.java:77)
	at org.apache.ratis.RaftTestUtil.waitForLeader(RaftTestUtil.java:72)
	at org.apache.ratis.RaftTestUtil.lambda$changeLeader$7(RaftTestUtil.java:363)
	at org.apache.ratis.util.JavaUtils.attempt(JavaUtils.java:152)
	at org.apache.ratis.RaftTestUtil.changeLeader(RaftTestUtil.java:362)
	at org.apache.ratis.server.impl.LeaderElectionTests.testChangeLeader(LeaderElectionTests.java:81)
	at sun.reflect.NativeMethodAccessorImpl.invoke0(Native Method)
	at sun.reflect.NativeMethodAccessorImpl.invoke(NativeMethodAccessorImpl.java:62)
	at sun.reflect.DelegatingMethodAccessorImpl.invoke(DelegatingMethodAccessorImpl.java:43)
	at java.lang.reflect.Method.invoke(Method.java:498)
	at org.junit.runners.model.FrameworkMethod$1.runReflectiveCall(FrameworkMethod.java:50)
	at org.junit.internal.runners.model.ReflectiveCallable.run(ReflectiveCallable.java:12)
	at org.junit.runners.model.FrameworkMethod.invokeExplosively(FrameworkMethod.java:47)
	at org.junit.internal.runners.statements.InvokeMethod.evaluate(InvokeMethod.java:17)
	at org.junit.internal.runners.statements.RunAfters.evaluate(RunAfters.java:27)
	at org.junit.internal.runners.statements.FailOnTimeout$CallableStatement.call(FailOnTimeout.java:298)
	at org.junit.internal.runners.statements.FailOnTimeout$CallableStatement.call(FailOnTimeout.java:292)
	at java.util.concurrent.FutureTask.run(FutureTask.java:266)
	at java.lang.Thread.run(Thread.java:748)
2019-09-24 16:29:54,414 INFO  impl.LeaderElection (LeaderElection.java:logAndReturn(56)) - s2@group-A7200166065B-LeaderElection123: Election TIMEOUT; received 1 response(s) [s2<-s1#0:FAIL-t4] and 0 exception(s); s2@group-A7200166065B:t4, leader=null, voted=s2, raftlog=s2@group-A7200166065B-SegmentedRaftLog:OPENED:c-1,f0,i0, conf=0: [s0:0.0.0.0:33663, s1:0.0.0.0:41738, s2:0.0.0.0:43966], old=null
2019-09-24 16:29:54,510 INFO  impl.LeaderElection (LeaderElection.java:logAndReturn(56)) - s1@group-A7200166065B-LeaderElection124: Election TIMEOUT; received 1 response(s) [s1<-s2#0:FAIL-t4] and 0 exception(s); s1@group-A7200166065B:t4, leader=null, voted=s1, raftlog=s1@group-A7200166065B-SegmentedRaftLog:OPENED:c-1,f0,i0, conf=0: [s0:0.0.0.0:33663, s1:0.0.0.0:41738, s2:0.0.0.0:43966], old=null
2019-09-24 16:29:54,583 INFO  impl.LeaderElection (LeaderElection.java:askForVotes(178)) - s2@group-A7200166065B-LeaderElection123: begin an election at term 5 for 0: [s0:0.0.0.0:33663, s1:0.0.0.0:41738, s2:0.0.0.0:43966], old=null
2019-09-24 16:29:54,583 DEBUG impl.RaftServerImpl (RaftServerImpl.java:requestVote(775)) - s0@group-A7200166065B replies to vote request: s1<-s0#0:FAIL-t4. Peer's state: s0@group-A7200166065B:t4, leader=null, voted=null, raftlog=s0@group-A7200166065B-SegmentedRaftLog:OPENED:c0,f0,i0, conf=0: [s0:0.0.0.0:33663, s1:0.0.0.0:41738, s2:0.0.0.0:43966], old=null
2019-09-24 16:29:54,584 INFO  impl.FollowerState (FollowerState.java:run(108)) - s0@group-A7200166065B-FollowerState: change to CANDIDATE, lastRpcTime:362ms, electionTimeout:213ms
2019-09-24 16:29:54,584 INFO  impl.RoleInfo (RoleInfo.java:shutdownFollowerState(121)) - s0: shutdown FollowerState
2019-09-24 16:29:54,585 INFO  impl.RaftServerImpl (RaftServerImpl.java:setRole(170)) - s0@group-A7200166065B: changes role from  FOLLOWER to CANDIDATE at term 4 for changeToCandidate
2019-09-24 16:29:54,585 DEBUG impl.RaftServerImpl (RaftServerImpl.java:requestVote(743)) - s1@group-A7200166065B: receive requestVote(s2, group-A7200166065B, 5, (t:3, i:0))
2019-09-24 16:29:54,585 INFO  impl.RoleInfo (RoleInfo.java:updateAndGet(143)) - s0: start LeaderElection
2019-09-24 16:29:54,587 INFO  impl.RaftServerImpl (RaftServerImpl.java:setRole(170)) - s0@group-A7200166065B: changes role from CANDIDATE to FOLLOWER at term 4 for recognizeCandidate:s2
2019-09-24 16:29:54,587 INFO  impl.RoleInfo (RoleInfo.java:shutdownLeaderElection(134)) - s0: shutdown LeaderElection
2019-09-24 16:29:54,587 INFO  impl.RoleInfo (RoleInfo.java:updateAndGet(143)) - s0: start FollowerState
2019-09-24 16:29:54,588 DEBUG impl.RaftServerImpl (RaftServerImpl.java:requestVote(775)) - s0@group-A7200166065B replies to vote request: s2<-s0#0:FAIL-t4. Peer's state: s0@group-A7200166065B:t4, leader=null, voted=null, raftlog=s0@group-A7200166065B-SegmentedRaftLog:OPENED:c0,f0,i0, conf=0: [s0:0.0.0.0:33663, s1:0.0.0.0:41738, s2:0.0.0.0:43966], old=null
2019-09-24 16:29:54,588 DEBUG impl.RaftServerImpl (RaftServerImpl.java:requestVote(743)) - s0@group-A7200166065B: receive requestVote(s2, group-A7200166065B, 5, (t:3, i:0))
2019-09-24 16:29:54,678 TRACE segmented.SegmentedRaftLogWorker (SegmentedRaftLogWorker.java:lambda$new$1(133)) - s1@group-7855650A4E0E-SegmentedRaftLogWorker: flushIndex: updateIncreasingly 1 -> 2
2019-09-24 16:29:54,679 DEBUG impl.RaftServerImpl (RaftServerImpl.java:logAppendEntries(850)) - s1@group-7855650A4E0E: succeeded to handle AppendEntries. Reply: s2<-s1#0:OK,SUCCESS,nextIndex:3,term:4,followerCommit:1
2019-09-24 16:29:54,708 WARN  ratis.RaftTestUtil (JavaUtils.java:attempt(158)) - FAILED "waitForLeader-null-(expectLeader? true)", attempt #2/100: java.lang.IllegalStateException: No leader yet : printing ALL groups
  s0:  RUNNING  FOLLOWER s0@group-A7200166065B:t5, leader=null, voted=s0, raftlog=s0@group-A7200166065B-SegmentedRaftLog:OPENED:c0,f0,i0, conf=0: [s0:0.0.0.0:33663, s1:0.0.0.0:41738, s2:0.0.0.0:43966], old=null RUNNING
  s1:  RUNNING CANDIDATE s1@group-A7200166065B:t5, leader=null, voted=s1, raftlog=s1@group-A7200166065B-SegmentedRaftLog:OPENED:c-1,f0,i0, conf=0: [s0:0.0.0.0:33663, s1:0.0.0.0:41738, s2:0.0.0.0:43966], old=null RUNNING
  s2:  RUNNING CANDIDATE s2@group-A7200166065B:t5, leader=null, voted=s2, raftlog=s2@group-A7200166065B-SegmentedRaftLog:OPENED:c-1,f0,i0, conf=0: [s0:0.0.0.0:33663, s1:0.0.0.0:41738, s2:0.0.0.0:43966], old=null RUNNING, sleep 450ms and then retry.
java.lang.IllegalStateException: No leader yet : printing ALL groups
  s0:  RUNNING  FOLLOWER s0@group-A7200166065B:t5, leader=null, voted=s0, raftlog=s0@group-A7200166065B-SegmentedRaftLog:OPENED:c0,f0,i0, conf=0: [s0:0.0.0.0:33663, s1:0.0.0.0:41738, s2:0.0.0.0:43966], old=null RUNNING
  s1:  RUNNING CANDIDATE s1@group-A7200166065B:t5, leader=null, voted=s1, raftlog=s1@group-A7200166065B-SegmentedRaftLog:OPENED:c-1,f0,i0, conf=0: [s0:0.0.0.0:33663, s1:0.0.0.0:41738, s2:0.0.0.0:43966], old=null RUNNING
  s2:  RUNNING CANDIDATE s2@group-A7200166065B:t5, leader=null, voted=s2, raftlog=s2@group-A7200166065B-SegmentedRaftLog:OPENED:c-1,f0,i0, conf=0: [s0:0.0.0.0:33663, s1:0.0.0.0:41738, s2:0.0.0.0:43966], old=null RUNNING
	at org.apache.ratis.MiniRaftCluster.newIllegalStateExceptionForNoLeaders(MiniRaftCluster.java:506)
	at org.apache.ratis.RaftTestUtil.lambda$waitForLeader$1(RaftTestUtil.java:90)
	at org.apache.ratis.MiniRaftCluster.getLeader(MiniRaftCluster.java:539)
	at org.apache.ratis.MiniRaftCluster.getLeader(MiniRaftCluster.java:532)
	at org.apache.ratis.RaftTestUtil.lambda$waitForLeader$3(RaftTestUtil.java:98)
	at org.apache.ratis.util.JavaUtils.attempt(JavaUtils.java:152)
	at org.apache.ratis.RaftTestUtil.waitForLeader(RaftTestUtil.java:97)
	at org.apache.ratis.RaftTestUtil.waitForLeader(RaftTestUtil.java:77)
	at org.apache.ratis.RaftTestUtil.waitForLeader(RaftTestUtil.java:72)
	at org.apache.ratis.RaftTestUtil.lambda$changeLeader$7(RaftTestUtil.java:363)
	at org.apache.ratis.util.JavaUtils.attempt(JavaUtils.java:152)
	at org.apache.ratis.RaftTestUtil.changeLeader(RaftTestUtil.java:362)
	at org.apache.ratis.server.impl.LeaderElectionTests.testChangeLeader(LeaderElectionTests.java:81)
	at sun.reflect.NativeMethodAccessorImpl.invoke0(Native Method)
	at sun.reflect.NativeMethodAccessorImpl.invoke(NativeMethodAccessorImpl.java:62)
	at sun.reflect.DelegatingMethodAccessorImpl.invoke(DelegatingMethodAccessorImpl.java:43)
	at java.lang.reflect.Method.invoke(Method.java:498)
	at org.junit.runners.model.FrameworkMethod$1.runReflectiveCall(FrameworkMethod.java:50)
	at org.junit.internal.runners.model.ReflectiveCallable.run(ReflectiveCallable.java:12)
	at org.junit.runners.model.FrameworkMethod.invokeExplosively(FrameworkMethod.java:47)
	at org.junit.internal.runners.statements.InvokeMethod.evaluate(InvokeMethod.java:17)
	at org.junit.internal.runners.statements.RunAfters.evaluate(RunAfters.java:27)
	at org.junit.internal.runners.statements.FailOnTimeout$CallableStatement.call(FailOnTimeout.java:298)
	at org.junit.internal.runners.statements.FailOnTimeout$CallableStatement.call(FailOnTimeout.java:292)
	at java.util.concurrent.FutureTask.run(FutureTask.java:266)
	at java.lang.Thread.run(Thread.java:748)
2019-09-24 16:29:54,721 TRACE segmented.SegmentedRaftLogWorker (SegmentedRaftLogWorker.java:lambda$new$1(133)) - s2@group-7855650A4E0E-SegmentedRaftLogWorker: flushIndex: updateIncreasingly 1 -> 2
2019-09-24 16:29:54,721 TRACE segmented.SegmentedRaftLogWorker (SegmentedRaftLogWorker.java:lambda$new$1(133)) - s0@group-7855650A4E0E-SegmentedRaftLogWorker: flushIndex: updateIncreasingly 1 -> 2
2019-09-24 16:29:54,722 DEBUG impl.RaftServerImpl (RaftServerImpl.java:logAppendEntries(850)) - s0@group-7855650A4E0E: succeeded to handle AppendEntries. Reply: s2<-s0#0:OK,SUCCESS,nextIndex:3,term:4,followerCommit:1
2019-09-24 16:29:54,778 INFO  impl.LeaderElection (LeaderElection.java:logAndReturn(56)) - s2@group-A7200166065B-LeaderElection123: Election TIMEOUT; received 0 response(s) [] and 0 exception(s); s2@group-A7200166065B:t5, leader=null, voted=s2, raftlog=s2@group-A7200166065B-SegmentedRaftLog:OPENED:c-1,f0,i0, conf=0: [s0:0.0.0.0:33663, s1:0.0.0.0:41738, s2:0.0.0.0:43966], old=null
2019-09-24 16:29:54,945 INFO  impl.LeaderElection (LeaderElection.java:askForVotes(178)) - s1@group-A7200166065B-LeaderElection124: begin an election at term 5 for 0: [s0:0.0.0.0:33663, s1:0.0.0.0:41738, s2:0.0.0.0:43966], old=null
2019-09-24 16:29:54,945 DEBUG impl.RaftServerImpl (RaftServerImpl.java:requestVote(775)) - s1@group-A7200166065B replies to vote request: s2<-s1#0:FAIL-t5. Peer's state: s1@group-A7200166065B:t5, leader=null, voted=s1, raftlog=s1@group-A7200166065B-SegmentedRaftLog:OPENED:c-1,f0,i0, conf=0: [s0:0.0.0.0:33663, s1:0.0.0.0:41738, s2:0.0.0.0:43966], old=null
2019-09-24 16:29:54,946 INFO  impl.LeaderElection (LeaderElection.java:askForVotes(178)) - s2@group-A7200166065B-LeaderElection123: begin an election at term 6 for 0: [s0:0.0.0.0:33663, s1:0.0.0.0:41738, s2:0.0.0.0:43966], old=null
2019-09-24 16:29:54,945 INFO  impl.FollowerState (FollowerState.java:run(108)) - s0@group-A7200166065B-FollowerState: change to CANDIDATE, lastRpcTime:357ms, electionTimeout:150ms
2019-09-24 16:29:54,945 INFO  impl.LeaderElection (LeaderElection.java:askForVotes(178)) - s0@group-A7200166065B-LeaderElection125: begin an election at term 5 for 0: [s0:0.0.0.0:33663, s1:0.0.0.0:41738, s2:0.0.0.0:43966], old=null
2019-09-24 16:29:54,946 INFO  impl.RoleInfo (RoleInfo.java:shutdownFollowerState(121)) - s0: shutdown FollowerState
2019-09-24 16:29:54,947 INFO  impl.RaftServerImpl (RaftServerImpl.java:setRole(170)) - s0@group-A7200166065B: changes role from  FOLLOWER to CANDIDATE at term 5 for changeToCandidate
2019-09-24 16:29:54,947 DEBUG impl.RaftServerImpl (RaftServerImpl.java:requestVote(743)) - s0@group-A7200166065B: receive requestVote(s1, group-A7200166065B, 5, (t:3, i:0))
2019-09-24 16:29:54,947 INFO  impl.RoleInfo (RoleInfo.java:updateAndGet(143)) - s0: start LeaderElection
2019-09-24 16:29:54,947 DEBUG impl.RaftServerImpl (RaftServerImpl.java:requestVote(743)) - s2@group-A7200166065B: receive requestVote(s1, group-A7200166065B, 5, (t:3, i:0))
2019-09-24 16:29:54,947 DEBUG impl.RaftServerImpl (RaftServerImpl.java:requestVote(775)) - s0@group-A7200166065B replies to vote request: s2<-s0#0:FAIL-t5. Peer's state: s0@group-A7200166065B:t5, leader=null, voted=s0, raftlog=s0@group-A7200166065B-SegmentedRaftLog:OPENED:c0,f0,i0, conf=0: [s0:0.0.0.0:33663, s1:0.0.0.0:41738, s2:0.0.0.0:43966], old=null
2019-09-24 16:29:54,948 DEBUG impl.RaftServerImpl (RaftServerImpl.java:requestVote(775)) - s2@group-A7200166065B replies to vote request: s1<-s2#0:FAIL-t6. Peer's state: s2@group-A7200166065B:t6, leader=null, voted=s2, raftlog=s2@group-A7200166065B-SegmentedRaftLog:OPENED:c-1,f0,i0, conf=0: [s0:0.0.0.0:33663, s1:0.0.0.0:41738, s2:0.0.0.0:43966], old=null
2019-09-24 16:29:54,947 DEBUG impl.RaftServerImpl (RaftServerImpl.java:requestVote(743)) - s1@group-A7200166065B: receive requestVote(s2, group-A7200166065B, 6, (t:3, i:0))
2019-09-24 16:29:54,948 DEBUG impl.RaftServerImpl (RaftServerImpl.java:requestVote(743)) - s0@group-A7200166065B: receive requestVote(s2, group-A7200166065B, 6, (t:3, i:0))
2019-09-24 16:29:54,949 INFO  impl.LeaderElection (LeaderElection.java:logAndReturn(56)) - s1@group-A7200166065B-LeaderElection124: Election DISCOVERED_A_NEW_TERM; received 1 response(s) [s1<-s2#0:FAIL-t6] and 0 exception(s); s1@group-A7200166065B:t6, leader=null, voted=null, raftlog=s1@group-A7200166065B-SegmentedRaftLog:OPENED:c-1,f0,i0, conf=0: [s0:0.0.0.0:33663, s1:0.0.0.0:41738, s2:0.0.0.0:43966], old=null
2019-09-24 16:29:54,949 INFO  impl.RaftServerImpl (RaftServerImpl.java:setRole(170)) - s1@group-A7200166065B: changes role from CANDIDATE to FOLLOWER at term 6 for recognizeCandidate:s2
2019-09-24 16:29:54,949 INFO  impl.RoleInfo (RoleInfo.java:shutdownLeaderElection(134)) - s1: shutdown LeaderElection
2019-09-24 16:29:54,950 INFO  impl.RoleInfo (RoleInfo.java:updateAndGet(143)) - s1: start FollowerState
2019-09-24 16:29:55,159 WARN  ratis.RaftTestUtil (JavaUtils.java:attempt(158)) - FAILED "waitForLeader-null-(expectLeader? true)", attempt #3/100: java.lang.IllegalStateException: No leader yet : printing ALL groups
  s0:  RUNNING CANDIDATE s0@group-A7200166065B:t6, leader=null, voted=s0, raftlog=s0@group-A7200166065B-SegmentedRaftLog:OPENED:c0,f0,i0, conf=0: [s0:0.0.0.0:33663, s1:0.0.0.0:41738, s2:0.0.0.0:43966], old=null RUNNING
  s1:  RUNNING  FOLLOWER s1@group-A7200166065B:t6, leader=null, voted=null, raftlog=s1@group-A7200166065B-SegmentedRaftLog:OPENED:c-1,f0,i0, conf=0: [s0:0.0.0.0:33663, s1:0.0.0.0:41738, s2:0.0.0.0:43966], old=null RUNNING
  s2:  RUNNING CANDIDATE s2@group-A7200166065B:t6, leader=null, voted=s2, raftlog=s2@group-A7200166065B-SegmentedRaftLog:OPENED:c-1,f0,i0, conf=0: [s0:0.0.0.0:33663, s1:0.0.0.0:41738, s2:0.0.0.0:43966], old=null RUNNING, sleep 450ms and then retry.
java.lang.IllegalStateException: No leader yet : printing ALL groups
  s0:  RUNNING CANDIDATE s0@group-A7200166065B:t6, leader=null, voted=s0, raftlog=s0@group-A7200166065B-SegmentedRaftLog:OPENED:c0,f0,i0, conf=0: [s0:0.0.0.0:33663, s1:0.0.0.0:41738, s2:0.0.0.0:43966], old=null RUNNING
  s1:  RUNNING  FOLLOWER s1@group-A7200166065B:t6, leader=null, voted=null, raftlog=s1@group-A7200166065B-SegmentedRaftLog:OPENED:c-1,f0,i0, conf=0: [s0:0.0.0.0:33663, s1:0.0.0.0:41738, s2:0.0.0.0:43966], old=null RUNNING
  s2:  RUNNING CANDIDATE s2@group-A7200166065B:t6, leader=null, voted=s2, raftlog=s2@group-A7200166065B-SegmentedRaftLog:OPENED:c-1,f0,i0, conf=0: [s0:0.0.0.0:33663, s1:0.0.0.0:41738, s2:0.0.0.0:43966], old=null RUNNING
	at org.apache.ratis.MiniRaftCluster.newIllegalStateExceptionForNoLeaders(MiniRaftCluster.java:506)
	at org.apache.ratis.RaftTestUtil.lambda$waitForLeader$1(RaftTestUtil.java:90)
	at org.apache.ratis.MiniRaftCluster.getLeader(MiniRaftCluster.java:539)
	at org.apache.ratis.MiniRaftCluster.getLeader(MiniRaftCluster.java:532)
	at org.apache.ratis.RaftTestUtil.lambda$waitForLeader$3(RaftTestUtil.java:98)
	at org.apache.ratis.util.JavaUtils.attempt(JavaUtils.java:152)
	at org.apache.ratis.RaftTestUtil.waitForLeader(RaftTestUtil.java:97)
	at org.apache.ratis.RaftTestUtil.waitForLeader(RaftTestUtil.java:77)
	at org.apache.ratis.RaftTestUtil.waitForLeader(RaftTestUtil.java:72)
	at org.apache.ratis.RaftTestUtil.lambda$changeLeader$7(RaftTestUtil.java:363)
	at org.apache.ratis.util.JavaUtils.attempt(JavaUtils.java:152)
	at org.apache.ratis.RaftTestUtil.changeLeader(RaftTestUtil.java:362)
	at org.apache.ratis.server.impl.LeaderElectionTests.testChangeLeader(LeaderElectionTests.java:81)
	at sun.reflect.NativeMethodAccessorImpl.invoke0(Native Method)
	at sun.reflect.NativeMethodAccessorImpl.invoke(NativeMethodAccessorImpl.java:62)
	at sun.reflect.DelegatingMethodAccessorImpl.invoke(DelegatingMethodAccessorImpl.java:43)
	at java.lang.reflect.Method.invoke(Method.java:498)
	at org.junit.runners.model.FrameworkMethod$1.runReflectiveCall(FrameworkMethod.java:50)
	at org.junit.internal.runners.model.ReflectiveCallable.run(ReflectiveCallable.java:12)
	at org.junit.runners.model.FrameworkMethod.invokeExplosively(FrameworkMethod.java:47)
	at org.junit.internal.runners.statements.InvokeMethod.evaluate(InvokeMethod.java:17)
	at org.junit.internal.runners.statements.RunAfters.evaluate(RunAfters.java:27)
	at org.junit.internal.runners.statements.FailOnTimeout$CallableStatement.call(FailOnTimeout.java:298)
	at org.junit.internal.runners.statements.FailOnTimeout$CallableStatement.call(FailOnTimeout.java:292)
	at java.util.concurrent.FutureTask.run(FutureTask.java:266)
	at java.lang.Thread.run(Thread.java:748)
2019-09-24 16:29:55,201 INFO  impl.LeaderElection (LeaderElection.java:logAndReturn(56)) - s2@group-A7200166065B-LeaderElection123: Election TIMEOUT; received 0 response(s) [] and 0 exception(s); s2@group-A7200166065B:t6, leader=null, voted=s2, raftlog=s2@group-A7200166065B-SegmentedRaftLog:OPENED:c-1,f0,i0, conf=0: [s0:0.0.0.0:33663, s1:0.0.0.0:41738, s2:0.0.0.0:43966], old=null
2019-09-24 16:29:55,296 INFO  impl.LeaderElection (LeaderElection.java:askForVotes(178)) - s0@group-A7200166065B-LeaderElection126: begin an election at term 6 for 0: [s0:0.0.0.0:33663, s1:0.0.0.0:41738, s2:0.0.0.0:43966], old=null
2019-09-24 16:29:55,296 DEBUG impl.RaftServerImpl (RaftServerImpl.java:requestVote(775)) - s0@group-A7200166065B replies to vote request: s1<-s0#0:FAIL-t6. Peer's state: s0@group-A7200166065B:t6, leader=null, voted=s0, raftlog=s0@group-A7200166065B-SegmentedRaftLog:OPENED:c0,f0,i0, conf=0: [s0:0.0.0.0:33663, s1:0.0.0.0:41738, s2:0.0.0.0:43966], old=null
2019-09-24 16:29:55,296 DEBUG impl.RaftServerImpl (RaftServerImpl.java:requestVote(775)) - s1@group-A7200166065B replies to vote request: s2<-s1#0:FAIL-t6. Peer's state: s1@group-A7200166065B:t6, leader=null, voted=null, raftlog=s1@group-A7200166065B-SegmentedRaftLog:OPENED:c-1,f0,i0, conf=0: [s0:0.0.0.0:33663, s1:0.0.0.0:41738, s2:0.0.0.0:43966], old=null
2019-09-24 16:29:55,297 DEBUG impl.RaftServerImpl (RaftServerImpl.java:requestVote(775)) - s0@group-A7200166065B replies to vote request: s2<-s0#0:FAIL-t6. Peer's state: s0@group-A7200166065B:t6, leader=null, voted=s0, raftlog=s0@group-A7200166065B-SegmentedRaftLog:OPENED:c0,f0,i0, conf=0: [s0:0.0.0.0:33663, s1:0.0.0.0:41738, s2:0.0.0.0:43966], old=null
2019-09-24 16:29:55,297 INFO  impl.FollowerState (FollowerState.java:run(108)) - s1@group-A7200166065B-FollowerState: change to CANDIDATE, lastRpcTime:346ms, electionTimeout:272ms
2019-09-24 16:29:55,297 INFO  impl.LeaderElection (LeaderElection.java:askForVotes(178)) - s2@group-A7200166065B-LeaderElection123: begin an election at term 7 for 0: [s0:0.0.0.0:33663, s1:0.0.0.0:41738, s2:0.0.0.0:43966], old=null
2019-09-24 16:29:55,297 INFO  impl.RoleInfo (RoleInfo.java:shutdownFollowerState(121)) - s1: shutdown FollowerState
2019-09-24 16:29:55,298 INFO  impl.LeaderElection (LeaderElection.java:logAndReturn(56)) - s0@group-A7200166065B-LeaderElection125: Election REJECTED; received 0 response(s) [] and 0 exception(s); s0@group-A7200166065B:t6, leader=null, voted=s0, raftlog=s0@group-A7200166065B-SegmentedRaftLog:OPENED:c0,f0,i0, conf=0: [s0:0.0.0.0:33663, s1:0.0.0.0:41738, s2:0.0.0.0:43966], old=null
2019-09-24 16:29:55,298 INFO  impl.RaftServerImpl (RaftServerImpl.java:setRole(170)) - s1@group-A7200166065B: changes role from  FOLLOWER to CANDIDATE at term 6 for changeToCandidate
2019-09-24 16:29:55,298 INFO  impl.RoleInfo (RoleInfo.java:updateAndGet(143)) - s1: start LeaderElection
2019-09-24 16:29:55,299 DEBUG impl.RaftServerImpl (RaftServerImpl.java:requestVote(743)) - s0@group-A7200166065B: receive requestVote(s2, group-A7200166065B, 7, (t:3, i:0))
2019-09-24 16:29:55,299 DEBUG impl.RaftServerImpl (RaftServerImpl.java:requestVote(743)) - s1@group-A7200166065B: receive requestVote(s2, group-A7200166065B, 7, (t:3, i:0))
2019-09-24 16:29:55,299 INFO  impl.RaftServerImpl (RaftServerImpl.java:setRole(170)) - s0@group-A7200166065B: changes role from CANDIDATE to FOLLOWER at term 7 for recognizeCandidate:s2
2019-09-24 16:29:55,300 INFO  impl.RoleInfo (RoleInfo.java:shutdownLeaderElection(134)) - s0: shutdown LeaderElection
2019-09-24 16:29:55,300 INFO  impl.RoleInfo (RoleInfo.java:updateAndGet(143)) - s0: start FollowerState
2019-09-24 16:29:55,313 INFO  impl.LeaderElection (LeaderElection.java:askForVotes(178)) - s1@group-A7200166065B-LeaderElection127: begin an election at term 7 for 0: [s0:0.0.0.0:33663, s1:0.0.0.0:41738, s2:0.0.0.0:43966], old=null
2019-09-24 16:29:55,313 DEBUG impl.RaftServerImpl (RaftServerImpl.java:requestVote(775)) - s1@group-A7200166065B replies to vote request: s2<-s1#0:FAIL-t7. Peer's state: s1@group-A7200166065B:t7, leader=null, voted=s1, raftlog=s1@group-A7200166065B-SegmentedRaftLog:OPENED:c-1,f0,i0, conf=0: [s0:0.0.0.0:33663, s1:0.0.0.0:41738, s2:0.0.0.0:43966], old=null
2019-09-24 16:29:55,313 DEBUG impl.RaftServerImpl (RaftServerImpl.java:requestVote(775)) - s0@group-A7200166065B replies to vote request: s2<-s0#0:FAIL-t7. Peer's state: s0@group-A7200166065B:t7, leader=null, voted=null, raftlog=s0@group-A7200166065B-SegmentedRaftLog:OPENED:c0,f0,i0, conf=0: [s0:0.0.0.0:33663, s1:0.0.0.0:41738, s2:0.0.0.0:43966], old=null
2019-09-24 16:29:55,314 INFO  impl.LeaderElection (LeaderElection.java:logAndReturn(56)) - s2@group-A7200166065B-LeaderElection123: Election REJECTED; received 2 response(s) [s2<-s0#0:FAIL-t7, s2<-s1#0:FAIL-t7] and 0 exception(s); s2@group-A7200166065B:t7, leader=null, voted=s2, raftlog=s2@group-A7200166065B-SegmentedRaftLog:OPENED:c-1,f0,i0, conf=0: [s0:0.0.0.0:33663, s1:0.0.0.0:41738, s2:0.0.0.0:43966], old=null
2019-09-24 16:29:55,314 DEBUG impl.RaftServerImpl (RaftServerImpl.java:requestVote(743)) - s0@group-A7200166065B: receive requestVote(s1, group-A7200166065B, 7, (t:3, i:0))
2019-09-24 16:29:55,315 DEBUG impl.RaftServerImpl (RaftServerImpl.java:requestVote(743)) - s2@group-A7200166065B: receive requestVote(s1, group-A7200166065B, 7, (t:3, i:0))
2019-09-24 16:29:55,315 INFO  impl.RaftServerImpl (RaftServerImpl.java:setRole(170)) - s2@group-A7200166065B: changes role from CANDIDATE to FOLLOWER at term 7 for DISCOVERED_A_NEW_TERM
2019-09-24 16:29:55,315 INFO  impl.RaftServerImpl (RaftServerImpl.java:setRole(170)) - s0@group-A7200166065B: changes role from  FOLLOWER to FOLLOWER at term 7 for recognizeCandidate:s1
2019-09-24 16:29:55,315 INFO  impl.RoleInfo (RoleInfo.java:shutdownLeaderElection(134)) - s2: shutdown LeaderElection
2019-09-24 16:29:55,316 INFO  impl.RoleInfo (RoleInfo.java:shutdownFollowerState(121)) - s0: shutdown FollowerState
2019-09-24 16:29:55,316 INFO  impl.RoleInfo (RoleInfo.java:updateAndGet(143)) - s2: start FollowerState
2019-09-24 16:29:55,316 INFO  impl.FollowerState (FollowerState.java:run(117)) - s0@group-A7200166065B-FollowerState was interrupted: java.lang.InterruptedException: sleep interrupted
2019-09-24 16:29:55,316 INFO  impl.RoleInfo (RoleInfo.java:updateAndGet(143)) - s0: start FollowerState
2019-09-24 16:29:55,317 DEBUG impl.RaftServerImpl (RaftServerImpl.java:requestVote(775)) - s2@group-A7200166065B replies to vote request: s1<-s2#0:FAIL-t7. Peer's state: s2@group-A7200166065B:t7, leader=null, voted=s2, raftlog=s2@group-A7200166065B-SegmentedRaftLog:OPENED:c-1,f0,i0, conf=0: [s0:0.0.0.0:33663, s1:0.0.0.0:41738, s2:0.0.0.0:43966], old=null
2019-09-24 16:29:55,509 INFO  impl.LeaderElection (LeaderElection.java:logAndReturn(56)) - s0@group-A7200166065B-LeaderElection126: Election REJECTED; received 0 response(s) [] and 0 exception(s); s0@group-A7200166065B:t7, leader=null, voted=s1, raftlog=s0@group-A7200166065B-SegmentedRaftLog:OPENED:c0,f0,i0, conf=0: [s0:0.0.0.0:33663, s1:0.0.0.0:41738, s2:0.0.0.0:43966], old=null
2019-09-24 16:29:55,534 INFO  impl.LeaderElection (LeaderElection.java:logAndReturn(56)) - s1@group-A7200166065B-LeaderElection127: Election TIMEOUT; received 1 response(s) [s1<-s2#0:FAIL-t7] and 0 exception(s); s1@group-A7200166065B:t7, leader=null, voted=s1, raftlog=s1@group-A7200166065B-SegmentedRaftLog:OPENED:c-1,f0,i0, conf=0: [s0:0.0.0.0:33663, s1:0.0.0.0:41738, s2:0.0.0.0:43966], old=null
2019-09-24 16:29:55,576 INFO  impl.FollowerState (FollowerState.java:run(108)) - s2@group-A7200166065B-FollowerState: change to CANDIDATE, lastRpcTime:259ms, electionTimeout:259ms
2019-09-24 16:29:55,576 INFO  impl.RoleInfo (RoleInfo.java:shutdownFollowerState(121)) - s2: shutdown FollowerState
2019-09-24 16:29:55,576 INFO  impl.RaftServerImpl (RaftServerImpl.java:setRole(170)) - s2@group-A7200166065B: changes role from  FOLLOWER to CANDIDATE at term 7 for changeToCandidate
2019-09-24 16:29:55,577 INFO  impl.RoleInfo (RoleInfo.java:updateAndGet(143)) - s2: start LeaderElection
2019-09-24 16:29:55,610 WARN  ratis.RaftTestUtil (JavaUtils.java:attempt(158)) - FAILED "waitForLeader-null-(expectLeader? true)", attempt #4/100: java.lang.IllegalStateException: No leader yet : printing ALL groups
  s0:  RUNNING  FOLLOWER s0@group-A7200166065B:t7, leader=null, voted=s1, raftlog=s0@group-A7200166065B-SegmentedRaftLog:OPENED:c0,f0,i0, conf=0: [s0:0.0.0.0:33663, s1:0.0.0.0:41738, s2:0.0.0.0:43966], old=null RUNNING
  s1:  RUNNING CANDIDATE s1@group-A7200166065B:t8, leader=null, voted=s1, raftlog=s1@group-A7200166065B-SegmentedRaftLog:OPENED:c-1,f0,i0, conf=0: [s0:0.0.0.0:33663, s1:0.0.0.0:41738, s2:0.0.0.0:43966], old=null RUNNING
  s2:  RUNNING CANDIDATE s2@group-A7200166065B:t8, leader=null, voted=s2, raftlog=s2@group-A7200166065B-SegmentedRaftLog:OPENED:c-1,f0,i0, conf=0: [s0:0.0.0.0:33663, s1:0.0.0.0:41738, s2:0.0.0.0:43966], old=null RUNNING, sleep 450ms and then retry.
java.lang.IllegalStateException: No leader yet : printing ALL groups
  s0:  RUNNING  FOLLOWER s0@group-A7200166065B:t7, leader=null, voted=s1, raftlog=s0@group-A7200166065B-SegmentedRaftLog:OPENED:c0,f0,i0, conf=0: [s0:0.0.0.0:33663, s1:0.0.0.0:41738, s2:0.0.0.0:43966], old=null RUNNING
  s1:  RUNNING CANDIDATE s1@group-A7200166065B:t8, leader=null, voted=s1, raftlog=s1@group-A7200166065B-SegmentedRaftLog:OPENED:c-1,f0,i0, conf=0: [s0:0.0.0.0:33663, s1:0.0.0.0:41738, s2:0.0.0.0:43966], old=null RUNNING
  s2:  RUNNING CANDIDATE s2@group-A7200166065B:t8, leader=null, voted=s2, raftlog=s2@group-A7200166065B-SegmentedRaftLog:OPENED:c-1,f0,i0, conf=0: [s0:0.0.0.0:33663, s1:0.0.0.0:41738, s2:0.0.0.0:43966], old=null RUNNING
	at org.apache.ratis.MiniRaftCluster.newIllegalStateExceptionForNoLeaders(MiniRaftCluster.java:506)
	at org.apache.ratis.RaftTestUtil.lambda$waitForLeader$1(RaftTestUtil.java:90)
	at org.apache.ratis.MiniRaftCluster.getLeader(MiniRaftCluster.java:539)
	at org.apache.ratis.MiniRaftCluster.getLeader(MiniRaftCluster.java:532)
	at org.apache.ratis.RaftTestUtil.lambda$waitForLeader$3(RaftTestUtil.java:98)
	at org.apache.ratis.util.JavaUtils.attempt(JavaUtils.java:152)
	at org.apache.ratis.RaftTestUtil.waitForLeader(RaftTestUtil.java:97)
	at org.apache.ratis.RaftTestUtil.waitForLeader(RaftTestUtil.java:77)
	at org.apache.ratis.RaftTestUtil.waitForLeader(RaftTestUtil.java:72)
	at org.apache.ratis.RaftTestUtil.lambda$changeLeader$7(RaftTestUtil.java:363)
	at org.apache.ratis.util.JavaUtils.attempt(JavaUtils.java:152)
	at org.apache.ratis.RaftTestUtil.changeLeader(RaftTestUtil.java:362)
	at org.apache.ratis.server.impl.LeaderElectionTests.testChangeLeader(LeaderElectionTests.java:81)
	at sun.reflect.NativeMethodAccessorImpl.invoke0(Native Method)
	at sun.reflect.NativeMethodAccessorImpl.invoke(NativeMethodAccessorImpl.java:62)
	at sun.reflect.DelegatingMethodAccessorImpl.invoke(DelegatingMethodAccessorImpl.java:43)
	at java.lang.reflect.Method.invoke(Method.java:498)
	at org.junit.runners.model.FrameworkMethod$1.runReflectiveCall(FrameworkMethod.java:50)
	at org.junit.internal.runners.model.ReflectiveCallable.run(ReflectiveCallable.java:12)
	at org.junit.runners.model.FrameworkMethod.invokeExplosively(FrameworkMethod.java:47)
	at org.junit.internal.runners.statements.InvokeMethod.evaluate(InvokeMethod.java:17)
	at org.junit.internal.runners.statements.RunAfters.evaluate(RunAfters.java:27)
	at org.junit.internal.runners.statements.FailOnTimeout$CallableStatement.call(FailOnTimeout.java:298)
	at org.junit.internal.runners.statements.FailOnTimeout$CallableStatement.call(FailOnTimeout.java:292)
	at java.util.concurrent.FutureTask.run(FutureTask.java:266)
	at java.lang.Thread.run(Thread.java:748)
2019-09-24 16:29:55,670 INFO  impl.LeaderElection (LeaderElection.java:askForVotes(178)) - s1@group-A7200166065B-LeaderElection127: begin an election at term 8 for 0: [s0:0.0.0.0:33663, s1:0.0.0.0:41738, s2:0.0.0.0:43966], old=null
2019-09-24 16:29:55,670 DEBUG impl.RaftServerImpl (RaftServerImpl.java:requestVote(775)) - s0@group-A7200166065B replies to vote request: s1<-s0#0:OK-t7. Peer's state: s0@group-A7200166065B:t7, leader=null, voted=s1, raftlog=s0@group-A7200166065B-SegmentedRaftLog:OPENED:c0,f0,i0, conf=0: [s0:0.0.0.0:33663, s1:0.0.0.0:41738, s2:0.0.0.0:43966], old=null
2019-09-24 16:29:55,670 INFO  impl.FollowerState (FollowerState.java:run(108)) - s0@group-A7200166065B-FollowerState: change to CANDIDATE, lastRpcTime:353ms, electionTimeout:249ms
2019-09-24 16:29:55,670 INFO  impl.LeaderElection (LeaderElection.java:askForVotes(178)) - s2@group-A7200166065B-LeaderElection128: begin an election at term 8 for 0: [s0:0.0.0.0:33663, s1:0.0.0.0:41738, s2:0.0.0.0:43966], old=null
2019-09-24 16:29:55,670 INFO  impl.RoleInfo (RoleInfo.java:shutdownFollowerState(121)) - s0: shutdown FollowerState
2019-09-24 16:29:55,671 INFO  impl.RaftServerImpl (RaftServerImpl.java:setRole(170)) - s0@group-A7200166065B: changes role from  FOLLOWER to CANDIDATE at term 7 for changeToCandidate
2019-09-24 16:29:55,671 DEBUG impl.RaftServerImpl (RaftServerImpl.java:requestVote(743)) - s2@group-A7200166065B: receive requestVote(s1, group-A7200166065B, 8, (t:3, i:0))
2019-09-24 16:29:55,671 DEBUG impl.RaftServerImpl (RaftServerImpl.java:requestVote(743)) - s0@group-A7200166065B: receive requestVote(s1, group-A7200166065B, 8, (t:3, i:0))
2019-09-24 16:29:55,671 DEBUG impl.RaftServerImpl (RaftServerImpl.java:requestVote(775)) - s2@group-A7200166065B replies to vote request: s1<-s2#0:FAIL-t8. Peer's state: s2@group-A7200166065B:t8, leader=null, voted=s2, raftlog=s2@group-A7200166065B-SegmentedRaftLog:OPENED:c-1,f0,i0, conf=0: [s0:0.0.0.0:33663, s1:0.0.0.0:41738, s2:0.0.0.0:43966], old=null
2019-09-24 16:29:55,671 INFO  impl.RoleInfo (RoleInfo.java:updateAndGet(143)) - s0: start LeaderElection
2019-09-24 16:29:55,672 DEBUG impl.RaftServerImpl (RaftServerImpl.java:requestVote(743)) - s1@group-A7200166065B: receive requestVote(s2, group-A7200166065B, 8, (t:3, i:0))
2019-09-24 16:29:55,671 DEBUG impl.RaftServerImpl (RaftServerImpl.java:requestVote(743)) - s0@group-A7200166065B: receive requestVote(s2, group-A7200166065B, 8, (t:3, i:0))
2019-09-24 16:29:55,672 DEBUG impl.RaftServerImpl (RaftServerImpl.java:requestVote(775)) - s1@group-A7200166065B replies to vote request: s2<-s1#0:FAIL-t8. Peer's state: s1@group-A7200166065B:t8, leader=null, voted=s1, raftlog=s1@group-A7200166065B-SegmentedRaftLog:OPENED:c-1,f0,i0, conf=0: [s0:0.0.0.0:33663, s1:0.0.0.0:41738, s2:0.0.0.0:43966], old=null
2019-09-24 16:29:55,672 INFO  impl.RaftServerImpl (RaftServerImpl.java:setRole(170)) - s0@group-A7200166065B: changes role from CANDIDATE to FOLLOWER at term 8 for recognizeCandidate:s1
2019-09-24 16:29:55,673 INFO  impl.RoleInfo (RoleInfo.java:shutdownLeaderElection(134)) - s0: shutdown LeaderElection
2019-09-24 16:29:55,673 INFO  impl.RoleInfo (RoleInfo.java:updateAndGet(143)) - s0: start FollowerState
2019-09-24 16:29:55,866 INFO  impl.LeaderElection (LeaderElection.java:logAndReturn(56)) - s2@group-A7200166065B-LeaderElection128: Election TIMEOUT; received 1 response(s) [s2<-s1#0:FAIL-t8] and 0 exception(s); s2@group-A7200166065B:t8, leader=null, voted=s2, raftlog=s2@group-A7200166065B-SegmentedRaftLog:OPENED:c-1,f0,i0, conf=0: [s0:0.0.0.0:33663, s1:0.0.0.0:41738, s2:0.0.0.0:43966], old=null
2019-09-24 16:29:55,878 INFO  impl.LeaderElection (LeaderElection.java:logAndReturn(56)) - s1@group-A7200166065B-LeaderElection127: Election TIMEOUT; received 1 response(s) [s1<-s2#0:FAIL-t8] and 0 exception(s); s1@group-A7200166065B:t8, leader=null, voted=s1, raftlog=s1@group-A7200166065B-SegmentedRaftLog:OPENED:c-1,f0,i0, conf=0: [s0:0.0.0.0:33663, s1:0.0.0.0:41738, s2:0.0.0.0:43966], old=null
2019-09-24 16:29:55,925 DEBUG impl.RaftServerImpl (RaftServerImpl.java:requestVote(775)) - s0@group-A7200166065B replies to vote request: s1<-s0#0:FAIL-t8. Peer's state: s0@group-A7200166065B:t8, leader=null, voted=null, raftlog=s0@group-A7200166065B-SegmentedRaftLog:OPENED:c0,f0,i0, conf=0: [s0:0.0.0.0:33663, s1:0.0.0.0:41738, s2:0.0.0.0:43966], old=null
2019-09-24 16:29:55,925 INFO  impl.FollowerState (FollowerState.java:run(108)) - s0@group-A7200166065B-FollowerState: change to CANDIDATE, lastRpcTime:252ms, electionTimeout:188ms
2019-09-24 16:29:55,926 INFO  impl.RoleInfo (RoleInfo.java:shutdownFollowerState(121)) - s0: shutdown FollowerState
2019-09-24 16:29:55,926 INFO  impl.LeaderElection (LeaderElection.java:askForVotes(178)) - s2@group-A7200166065B-LeaderElection128: begin an election at term 9 for 0: [s0:0.0.0.0:33663, s1:0.0.0.0:41738, s2:0.0.0.0:43966], old=null
2019-09-24 16:29:55,926 INFO  impl.RaftServerImpl (RaftServerImpl.java:setRole(170)) - s0@group-A7200166065B: changes role from  FOLLOWER to CANDIDATE at term 8 for changeToCandidate
2019-09-24 16:29:55,926 INFO  impl.RoleInfo (RoleInfo.java:updateAndGet(143)) - s0: start LeaderElection
2019-09-24 16:29:55,926 INFO  impl.LeaderElection (LeaderElection.java:askForVotes(178)) - s1@group-A7200166065B-LeaderElection127: begin an election at term 9 for 0: [s0:0.0.0.0:33663, s1:0.0.0.0:41738, s2:0.0.0.0:43966], old=null
2019-09-24 16:29:55,927 INFO  impl.RaftServerImpl (RaftServerImpl.java:setRole(170)) - s0@group-A7200166065B: changes role from CANDIDATE to FOLLOWER at term 8 for recognizeCandidate:s2
2019-09-24 16:29:55,927 INFO  impl.RoleInfo (RoleInfo.java:shutdownLeaderElection(134)) - s0: shutdown LeaderElection
2019-09-24 16:29:55,927 DEBUG impl.RaftServerImpl (RaftServerImpl.java:requestVote(743)) - s1@group-A7200166065B: receive requestVote(s2, group-A7200166065B, 9, (t:3, i:0))
2019-09-24 16:29:55,928 DEBUG impl.RaftServerImpl (RaftServerImpl.java:requestVote(743)) - s2@group-A7200166065B: receive requestVote(s1, group-A7200166065B, 9, (t:3, i:0))
2019-09-24 16:29:55,928 DEBUG impl.RaftServerImpl (RaftServerImpl.java:requestVote(743)) - s0@group-A7200166065B: receive requestVote(s1, group-A7200166065B, 9, (t:3, i:0))
2019-09-24 16:29:55,928 INFO  impl.RoleInfo (RoleInfo.java:updateAndGet(143)) - s0: start FollowerState
2019-09-24 16:29:55,928 DEBUG impl.RaftServerImpl (RaftServerImpl.java:requestVote(775)) - s2@group-A7200166065B replies to vote request: s1<-s2#0:FAIL-t9. Peer's state: s2@group-A7200166065B:t9, leader=null, voted=s2, raftlog=s2@group-A7200166065B-SegmentedRaftLog:OPENED:c-1,f0,i0, conf=0: [s0:0.0.0.0:33663, s1:0.0.0.0:41738, s2:0.0.0.0:43966], old=null
2019-09-24 16:29:55,928 DEBUG impl.RaftServerImpl (RaftServerImpl.java:requestVote(775)) - s1@group-A7200166065B replies to vote request: s2<-s1#0:FAIL-t9. Peer's state: s1@group-A7200166065B:t9, leader=null, voted=s1, raftlog=s1@group-A7200166065B-SegmentedRaftLog:OPENED:c-1,f0,i0, conf=0: [s0:0.0.0.0:33663, s1:0.0.0.0:41738, s2:0.0.0.0:43966], old=null
2019-09-24 16:29:55,929 DEBUG impl.RaftServerImpl (RaftServerImpl.java:requestVote(775)) - s0@group-A7200166065B replies to vote request: s2<-s0#0:FAIL-t8. Peer's state: s0@group-A7200166065B:t8, leader=null, voted=null, raftlog=s0@group-A7200166065B-SegmentedRaftLog:OPENED:c0,f0,i0, conf=0: [s0:0.0.0.0:33663, s1:0.0.0.0:41738, s2:0.0.0.0:43966], old=null
2019-09-24 16:29:55,930 DEBUG impl.RaftServerImpl (RaftServerImpl.java:requestVote(743)) - s0@group-A7200166065B: receive requestVote(s2, group-A7200166065B, 9, (t:3, i:0))
2019-09-24 16:29:56,061 WARN  ratis.RaftTestUtil (JavaUtils.java:attempt(158)) - FAILED "waitForLeader-null-(expectLeader? true)", attempt #5/100: java.lang.IllegalStateException: No leader yet : printing ALL groups
  s0:  RUNNING  FOLLOWER s0@group-A7200166065B:t9, leader=null, voted=s0, raftlog=s0@group-A7200166065B-SegmentedRaftLog:OPENED:c0,f0,i0, conf=0: [s0:0.0.0.0:33663, s1:0.0.0.0:41738, s2:0.0.0.0:43966], old=null RUNNING
  s1:  RUNNING CANDIDATE s1@group-A7200166065B:t9, leader=null, voted=s1, raftlog=s1@group-A7200166065B-SegmentedRaftLog:OPENED:c-1,f0,i0, conf=0: [s0:0.0.0.0:33663, s1:0.0.0.0:41738, s2:0.0.0.0:43966], old=null RUNNING
  s2:  RUNNING CANDIDATE s2@group-A7200166065B:t9, leader=null, voted=s2, raftlog=s2@group-A7200166065B-SegmentedRaftLog:OPENED:c-1,f0,i0, conf=0: [s0:0.0.0.0:33663, s1:0.0.0.0:41738, s2:0.0.0.0:43966], old=null RUNNING, sleep 450ms and then retry.
java.lang.IllegalStateException: No leader yet : printing ALL groups
  s0:  RUNNING  FOLLOWER s0@group-A7200166065B:t9, leader=null, voted=s0, raftlog=s0@group-A7200166065B-SegmentedRaftLog:OPENED:c0,f0,i0, conf=0: [s0:0.0.0.0:33663, s1:0.0.0.0:41738, s2:0.0.0.0:43966], old=null RUNNING
  s1:  RUNNING CANDIDATE s1@group-A7200166065B:t9, leader=null, voted=s1, raftlog=s1@group-A7200166065B-SegmentedRaftLog:OPENED:c-1,f0,i0, conf=0: [s0:0.0.0.0:33663, s1:0.0.0.0:41738, s2:0.0.0.0:43966], old=null RUNNING
  s2:  RUNNING CANDIDATE s2@group-A7200166065B:t9, leader=null, voted=s2, raftlog=s2@group-A7200166065B-SegmentedRaftLog:OPENED:c-1,f0,i0, conf=0: [s0:0.0.0.0:33663, s1:0.0.0.0:41738, s2:0.0.0.0:43966], old=null RUNNING
	at org.apache.ratis.MiniRaftCluster.newIllegalStateExceptionForNoLeaders(MiniRaftCluster.java:506)
	at org.apache.ratis.RaftTestUtil.lambda$waitForLeader$1(RaftTestUtil.java:90)
	at org.apache.ratis.MiniRaftCluster.getLeader(MiniRaftCluster.java:539)
	at org.apache.ratis.MiniRaftCluster.getLeader(MiniRaftCluster.java:532)
	at org.apache.ratis.RaftTestUtil.lambda$waitForLeader$3(RaftTestUtil.java:98)
	at org.apache.ratis.util.JavaUtils.attempt(JavaUtils.java:152)
	at org.apache.ratis.RaftTestUtil.waitForLeader(RaftTestUtil.java:97)
	at org.apache.ratis.RaftTestUtil.waitForLeader(RaftTestUtil.java:77)
	at org.apache.ratis.RaftTestUtil.waitForLeader(RaftTestUtil.java:72)
	at org.apache.ratis.RaftTestUtil.lambda$changeLeader$7(RaftTestUtil.java:363)
	at org.apache.ratis.util.JavaUtils.attempt(JavaUtils.java:152)
	at org.apache.ratis.RaftTestUtil.changeLeader(RaftTestUtil.java:362)
	at org.apache.ratis.server.impl.LeaderElectionTests.testChangeLeader(LeaderElectionTests.java:81)
	at sun.reflect.NativeMethodAccessorImpl.invoke0(Native Method)
	at sun.reflect.NativeMethodAccessorImpl.invoke(NativeMethodAccessorImpl.java:62)
	at sun.reflect.DelegatingMethodAccessorImpl.invoke(DelegatingMethodAccessorImpl.java:43)
	at java.lang.reflect.Method.invoke(Method.java:498)
	at org.junit.runners.model.FrameworkMethod$1.runReflectiveCall(FrameworkMethod.java:50)
	at org.junit.internal.runners.model.ReflectiveCallable.run(ReflectiveCallable.java:12)
	at org.junit.runners.model.FrameworkMethod.invokeExplosively(FrameworkMethod.java:47)
	at org.junit.internal.runners.statements.InvokeMethod.evaluate(InvokeMethod.java:17)
	at org.junit.internal.runners.statements.RunAfters.evaluate(RunAfters.java:27)
	at org.junit.internal.runners.statements.FailOnTimeout$CallableStatement.call(FailOnTimeout.java:298)
	at org.junit.internal.runners.statements.FailOnTimeout$CallableStatement.call(FailOnTimeout.java:292)
	at java.util.concurrent.FutureTask.run(FutureTask.java:266)
	at java.lang.Thread.run(Thread.java:748)
2019-09-24 16:29:56,077 INFO  impl.LeaderElection (LeaderElection.java:logAndReturn(56)) - s2@group-A7200166065B-LeaderElection128: Election TIMEOUT; received 1 response(s) [s2<-s1#0:FAIL-t9] and 0 exception(s); s2@group-A7200166065B:t9, leader=null, voted=s2, raftlog=s2@group-A7200166065B-SegmentedRaftLog:OPENED:c-1,f0,i0, conf=0: [s0:0.0.0.0:33663, s1:0.0.0.0:41738, s2:0.0.0.0:43966], old=null
2019-09-24 16:29:56,209 INFO  impl.LeaderElection (LeaderElection.java:logAndReturn(56)) - s1@group-A7200166065B-LeaderElection127: Election TIMEOUT; received 1 response(s) [s1<-s2#0:FAIL-t9] and 0 exception(s); s1@group-A7200166065B:t9, leader=null, voted=s1, raftlog=s1@group-A7200166065B-SegmentedRaftLog:OPENED:c-1,f0,i0, conf=0: [s0:0.0.0.0:33663, s1:0.0.0.0:41738, s2:0.0.0.0:43966], old=null
2019-09-24 16:29:56,459 INFO  impl.LeaderElection (LeaderElection.java:askForVotes(178)) - s1@group-A7200166065B-LeaderElection127: begin an election at term 10 for 0: [s0:0.0.0.0:33663, s1:0.0.0.0:41738, s2:0.0.0.0:43966], old=null
2019-09-24 16:29:56,459 INFO  impl.FollowerState (FollowerState.java:run(108)) - s0@group-A7200166065B-FollowerState: change to CANDIDATE, lastRpcTime:531ms, electionTimeout:170ms
2019-09-24 16:29:56,459 INFO  impl.LeaderElection (LeaderElection.java:askForVotes(178)) - s0@group-A7200166065B-LeaderElection129: begin an election at term 9 for 0: [s0:0.0.0.0:33663, s1:0.0.0.0:41738, s2:0.0.0.0:43966], old=null
2019-09-24 16:29:56,459 INFO  impl.LeaderElection (LeaderElection.java:askForVotes(178)) - s2@group-A7200166065B-LeaderElection128: begin an election at term 10 for 0: [s0:0.0.0.0:33663, s1:0.0.0.0:41738, s2:0.0.0.0:43966], old=null
2019-09-24 16:29:56,460 INFO  impl.RoleInfo (RoleInfo.java:shutdownFollowerState(121)) - s0: shutdown FollowerState
2019-09-24 16:29:56,460 INFO  impl.RaftServerImpl (RaftServerImpl.java:setRole(170)) - s0@group-A7200166065B: changes role from  FOLLOWER to CANDIDATE at term 9 for changeToCandidate
2019-09-24 16:29:56,461 DEBUG impl.RaftServerImpl (RaftServerImpl.java:requestVote(743)) - s2@group-A7200166065B: receive requestVote(s1, group-A7200166065B, 10, (t:3, i:0))
2019-09-24 16:29:56,461 INFO  impl.RoleInfo (RoleInfo.java:updateAndGet(143)) - s0: start LeaderElection
2019-09-24 16:29:56,461 DEBUG impl.RaftServerImpl (RaftServerImpl.java:requestVote(775)) - s2@group-A7200166065B replies to vote request: s1<-s2#0:FAIL-t10. Peer's state: s2@group-A7200166065B:t10, leader=null, voted=s2, raftlog=s2@group-A7200166065B-SegmentedRaftLog:OPENED:c-1,f0,i0, conf=0: [s0:0.0.0.0:33663, s1:0.0.0.0:41738, s2:0.0.0.0:43966], old=null
2019-09-24 16:29:56,461 DEBUG impl.RaftServerImpl (RaftServerImpl.java:requestVote(743)) - s1@group-A7200166065B: receive requestVote(s2, group-A7200166065B, 10, (t:3, i:0))
2019-09-24 16:29:56,461 DEBUG impl.RaftServerImpl (RaftServerImpl.java:requestVote(775)) - s0@group-A7200166065B replies to vote request: s2<-s0#0:FAIL-t9. Peer's state: s0@group-A7200166065B:t9, leader=null, voted=s0, raftlog=s0@group-A7200166065B-SegmentedRaftLog:OPENED:c0,f0,i0, conf=0: [s0:0.0.0.0:33663, s1:0.0.0.0:41738, s2:0.0.0.0:43966], old=null
2019-09-24 16:29:56,462 DEBUG impl.RaftServerImpl (RaftServerImpl.java:requestVote(775)) - s1@group-A7200166065B replies to vote request: s2<-s1#0:FAIL-t10. Peer's state: s1@group-A7200166065B:t10, leader=null, voted=s1, raftlog=s1@group-A7200166065B-SegmentedRaftLog:OPENED:c-1,f0,i0, conf=0: [s0:0.0.0.0:33663, s1:0.0.0.0:41738, s2:0.0.0.0:43966], old=null
2019-09-24 16:29:56,462 DEBUG impl.RaftServerImpl (RaftServerImpl.java:requestVote(743)) - s0@group-A7200166065B: receive requestVote(s2, group-A7200166065B, 10, (t:3, i:0))
2019-09-24 16:29:56,462 DEBUG impl.RaftServerImpl (RaftServerImpl.java:requestVote(775)) - s0@group-A7200166065B replies to vote request: s1<-s0#0:FAIL-t9. Peer's state: s0@group-A7200166065B:t9, leader=null, voted=s0, raftlog=s0@group-A7200166065B-SegmentedRaftLog:OPENED:c0,f0,i0, conf=0: [s0:0.0.0.0:33663, s1:0.0.0.0:41738, s2:0.0.0.0:43966], old=null
2019-09-24 16:29:56,463 DEBUG impl.RaftServerImpl (RaftServerImpl.java:requestVote(743)) - s0@group-A7200166065B: receive requestVote(s1, group-A7200166065B, 10, (t:3, i:0))
2019-09-24 16:29:56,476 INFO  impl.LeaderElection (LeaderElection.java:askForVotes(178)) - s0@group-A7200166065B-LeaderElection130: begin an election at term 10 for 0: [s0:0.0.0.0:33663, s1:0.0.0.0:41738, s2:0.0.0.0:43966], old=null
2019-09-24 16:29:56,476 DEBUG impl.RaftServerImpl (RaftServerImpl.java:requestVote(775)) - s0@group-A7200166065B replies to vote request: s1<-s0#0:FAIL-t10. Peer's state: s0@group-A7200166065B:t10, leader=null, voted=s0, raftlog=s0@group-A7200166065B-SegmentedRaftLog:OPENED:c0,f0,i0, conf=0: [s0:0.0.0.0:33663, s1:0.0.0.0:41738, s2:0.0.0.0:43966], old=null
2019-09-24 16:29:56,477 DEBUG impl.RaftServerImpl (RaftServerImpl.java:requestVote(775)) - s0@group-A7200166065B replies to vote request: s2<-s0#0:FAIL-t10. Peer's state: s0@group-A7200166065B:t10, leader=null, voted=s0, raftlog=s0@group-A7200166065B-SegmentedRaftLog:OPENED:c0,f0,i0, conf=0: [s0:0.0.0.0:33663, s1:0.0.0.0:41738, s2:0.0.0.0:43966], old=null
2019-09-24 16:29:56,477 INFO  impl.LeaderElection (LeaderElection.java:logAndReturn(56)) - s1@group-A7200166065B-LeaderElection127: Election REJECTED; received 2 response(s) [s1<-s0#0:FAIL-t10, s1<-s2#0:FAIL-t10] and 0 exception(s); s1@group-A7200166065B:t10, leader=null, voted=s1, raftlog=s1@group-A7200166065B-SegmentedRaftLog:OPENED:c-1,f0,i0, conf=0: [s0:0.0.0.0:33663, s1:0.0.0.0:41738, s2:0.0.0.0:43966], old=null
2019-09-24 16:29:56,477 INFO  impl.RaftServerImpl (RaftServerImpl.java:setRole(170)) - s1@group-A7200166065B: changes role from CANDIDATE to FOLLOWER at term 10 for DISCOVERED_A_NEW_TERM
2019-09-24 16:29:56,478 INFO  impl.LeaderElection (LeaderElection.java:logAndReturn(56)) - s2@group-A7200166065B-LeaderElection128: Election REJECTED; received 2 response(s) [s2<-s0#0:FAIL-t10, s2<-s1#0:FAIL-t10] and 0 exception(s); s2@group-A7200166065B:t10, leader=null, voted=s2, raftlog=s2@group-A7200166065B-SegmentedRaftLog:OPENED:c-1,f0,i0, conf=0: [s0:0.0.0.0:33663, s1:0.0.0.0:41738, s2:0.0.0.0:43966], old=null
2019-09-24 16:29:56,478 INFO  impl.RoleInfo (RoleInfo.java:shutdownLeaderElection(134)) - s1: shutdown LeaderElection
2019-09-24 16:29:56,478 INFO  impl.RaftServerImpl (RaftServerImpl.java:setRole(170)) - s2@group-A7200166065B: changes role from CANDIDATE to FOLLOWER at term 10 for DISCOVERED_A_NEW_TERM
2019-09-24 16:29:56,478 INFO  impl.RoleInfo (RoleInfo.java:updateAndGet(143)) - s1: start FollowerState
2019-09-24 16:29:56,478 INFO  impl.RoleInfo (RoleInfo.java:shutdownLeaderElection(134)) - s2: shutdown LeaderElection
2019-09-24 16:29:56,478 INFO  impl.RoleInfo (RoleInfo.java:updateAndGet(143)) - s2: start FollowerState
2019-09-24 16:29:56,490 INFO  impl.LeaderElection (LeaderElection.java:askForVotes(178)) - s0@group-A7200166065B-LeaderElection131: begin an election at term 11 for 0: [s0:0.0.0.0:33663, s1:0.0.0.0:41738, s2:0.0.0.0:43966], old=null
2019-09-24 16:29:56,491 INFO  impl.LeaderElection (LeaderElection.java:logAndReturn(56)) - s0@group-A7200166065B-LeaderElection129: Election REJECTED; received 0 response(s) [] and 0 exception(s); s0@group-A7200166065B:t11, leader=null, voted=s0, raftlog=s0@group-A7200166065B-SegmentedRaftLog:OPENED:c0,f0,i0, conf=0: [s0:0.0.0.0:33663, s1:0.0.0.0:41738, s2:0.0.0.0:43966], old=null
2019-09-24 16:29:56,492 INFO  impl.LeaderElection (LeaderElection.java:logAndReturn(56)) - s0@group-A7200166065B-LeaderElection130: Election REJECTED; received 0 response(s) [] and 0 exception(s); s0@group-A7200166065B:t11, leader=null, voted=s0, raftlog=s0@group-A7200166065B-SegmentedRaftLog:OPENED:c0,f0,i0, conf=0: [s0:0.0.0.0:33663, s1:0.0.0.0:41738, s2:0.0.0.0:43966], old=null
2019-09-24 16:29:56,512 WARN  ratis.RaftTestUtil (JavaUtils.java:attempt(158)) - FAILED "waitForLeader-null-(expectLeader? true)", attempt #6/100: java.lang.IllegalStateException: No leader yet : printing ALL groups
  s0:  RUNNING CANDIDATE s0@group-A7200166065B:t11, leader=null, voted=s0, raftlog=s0@group-A7200166065B-SegmentedRaftLog:OPENED:c0,f0,i0, conf=0: [s0:0.0.0.0:33663, s1:0.0.0.0:41738, s2:0.0.0.0:43966], old=null RUNNING
  s1:  RUNNING  FOLLOWER s1@group-A7200166065B:t10, leader=null, voted=s1, raftlog=s1@group-A7200166065B-SegmentedRaftLog:OPENED:c-1,f0,i0, conf=0: [s0:0.0.0.0:33663, s1:0.0.0.0:41738, s2:0.0.0.0:43966], old=null RUNNING
  s2:  RUNNING  FOLLOWER s2@group-A7200166065B:t10, leader=null, voted=s2, raftlog=s2@group-A7200166065B-SegmentedRaftLog:OPENED:c-1,f0,i0, conf=0: [s0:0.0.0.0:33663, s1:0.0.0.0:41738, s2:0.0.0.0:43966], old=null RUNNING, sleep 450ms and then retry.
java.lang.IllegalStateException: No leader yet : printing ALL groups
  s0:  RUNNING CANDIDATE s0@group-A7200166065B:t11, leader=null, voted=s0, raftlog=s0@group-A7200166065B-SegmentedRaftLog:OPENED:c0,f0,i0, conf=0: [s0:0.0.0.0:33663, s1:0.0.0.0:41738, s2:0.0.0.0:43966], old=null RUNNING
  s1:  RUNNING  FOLLOWER s1@group-A7200166065B:t10, leader=null, voted=s1, raftlog=s1@group-A7200166065B-SegmentedRaftLog:OPENED:c-1,f0,i0, conf=0: [s0:0.0.0.0:33663, s1:0.0.0.0:41738, s2:0.0.0.0:43966], old=null RUNNING
  s2:  RUNNING  FOLLOWER s2@group-A7200166065B:t10, leader=null, voted=s2, raftlog=s2@group-A7200166065B-SegmentedRaftLog:OPENED:c-1,f0,i0, conf=0: [s0:0.0.0.0:33663, s1:0.0.0.0:41738, s2:0.0.0.0:43966], old=null RUNNING
	at org.apache.ratis.MiniRaftCluster.newIllegalStateExceptionForNoLeaders(MiniRaftCluster.java:506)
	at org.apache.ratis.RaftTestUtil.lambda$waitForLeader$1(RaftTestUtil.java:90)
	at org.apache.ratis.MiniRaftCluster.getLeader(MiniRaftCluster.java:539)
	at org.apache.ratis.MiniRaftCluster.getLeader(MiniRaftCluster.java:532)
	at org.apache.ratis.RaftTestUtil.lambda$waitForLeader$3(RaftTestUtil.java:98)
	at org.apache.ratis.util.JavaUtils.attempt(JavaUtils.java:152)
	at org.apache.ratis.RaftTestUtil.waitForLeader(RaftTestUtil.java:97)
	at org.apache.ratis.RaftTestUtil.waitForLeader(RaftTestUtil.java:77)
	at org.apache.ratis.RaftTestUtil.waitForLeader(RaftTestUtil.java:72)
	at org.apache.ratis.RaftTestUtil.lambda$changeLeader$7(RaftTestUtil.java:363)
	at org.apache.ratis.util.JavaUtils.attempt(JavaUtils.java:152)
	at org.apache.ratis.RaftTestUtil.changeLeader(RaftTestUtil.java:362)
	at org.apache.ratis.server.impl.LeaderElectionTests.testChangeLeader(LeaderElectionTests.java:81)
	at sun.reflect.NativeMethodAccessorImpl.invoke0(Native Method)
	at sun.reflect.NativeMethodAccessorImpl.invoke(NativeMethodAccessorImpl.java:62)
	at sun.reflect.DelegatingMethodAccessorImpl.invoke(DelegatingMethodAccessorImpl.java:43)
	at java.lang.reflect.Method.invoke(Method.java:498)
	at org.junit.runners.model.FrameworkMethod$1.runReflectiveCall(FrameworkMethod.java:50)
	at org.junit.internal.runners.model.ReflectiveCallable.run(ReflectiveCallable.java:12)
	at org.junit.runners.model.FrameworkMethod.invokeExplosively(FrameworkMethod.java:47)
	at org.junit.internal.runners.statements.InvokeMethod.evaluate(InvokeMethod.java:17)
	at org.junit.internal.runners.statements.RunAfters.evaluate(RunAfters.java:27)
	at org.junit.internal.runners.statements.FailOnTimeout$CallableStatement.call(FailOnTimeout.java:298)
	at org.junit.internal.runners.statements.FailOnTimeout$CallableStatement.call(FailOnTimeout.java:292)
	at java.util.concurrent.FutureTask.run(FutureTask.java:266)
	at java.lang.Thread.run(Thread.java:748)
2019-09-24 16:29:56,667 INFO  impl.FollowerState (FollowerState.java:run(108)) - s1@group-A7200166065B-FollowerState: change to CANDIDATE, lastRpcTime:188ms, electionTimeout:188ms
2019-09-24 16:29:56,667 INFO  impl.RoleInfo (RoleInfo.java:shutdownFollowerState(121)) - s1: shutdown FollowerState
2019-09-24 16:29:56,667 INFO  impl.RaftServerImpl (RaftServerImpl.java:setRole(170)) - s1@group-A7200166065B: changes role from  FOLLOWER to CANDIDATE at term 10 for changeToCandidate
2019-09-24 16:29:56,667 INFO  impl.RoleInfo (RoleInfo.java:updateAndGet(143)) - s1: start LeaderElection
2019-09-24 16:29:56,689 INFO  impl.FollowerState (FollowerState.java:run(108)) - s2@group-A7200166065B-FollowerState: change to CANDIDATE, lastRpcTime:210ms, electionTimeout:210ms
2019-09-24 16:29:56,689 INFO  impl.RoleInfo (RoleInfo.java:shutdownFollowerState(121)) - s2: shutdown FollowerState
2019-09-24 16:29:56,689 INFO  impl.RaftServerImpl (RaftServerImpl.java:setRole(170)) - s2@group-A7200166065B: changes role from  FOLLOWER to CANDIDATE at term 10 for changeToCandidate
2019-09-24 16:29:56,690 INFO  impl.RoleInfo (RoleInfo.java:updateAndGet(143)) - s2: start LeaderElection
2019-09-24 16:29:56,754 INFO  impl.LeaderElection (LeaderElection.java:logAndReturn(56)) - s0@group-A7200166065B-LeaderElection131: Election TIMEOUT; received 0 response(s) [] and 0 exception(s); s0@group-A7200166065B:t11, leader=null, voted=s0, raftlog=s0@group-A7200166065B-SegmentedRaftLog:OPENED:c0,f0,i0, conf=0: [s0:0.0.0.0:33663, s1:0.0.0.0:41738, s2:0.0.0.0:43966], old=null
2019-09-24 16:29:56,963 WARN  ratis.RaftTestUtil (JavaUtils.java:attempt(158)) - FAILED "waitForLeader-null-(expectLeader? true)", attempt #7/100: java.lang.IllegalStateException: No leader yet : printing ALL groups
  s0:  RUNNING CANDIDATE s0@group-A7200166065B:t12, leader=null, voted=s0, raftlog=s0@group-A7200166065B-SegmentedRaftLog:OPENED:c0,f0,i0, conf=0: [s0:0.0.0.0:33663, s1:0.0.0.0:41738, s2:0.0.0.0:43966], old=null RUNNING
  s1:  RUNNING CANDIDATE s1@group-A7200166065B:t11, leader=null, voted=s1, raftlog=s1@group-A7200166065B-SegmentedRaftLog:OPENED:c-1,f0,i0, conf=0: [s0:0.0.0.0:33663, s1:0.0.0.0:41738, s2:0.0.0.0:43966], old=null RUNNING
  s2:  RUNNING CANDIDATE s2@group-A7200166065B:t11, leader=null, voted=s2, raftlog=s2@group-A7200166065B-SegmentedRaftLog:OPENED:c-1,f0,i0, conf=0: [s0:0.0.0.0:33663, s1:0.0.0.0:41738, s2:0.0.0.0:43966], old=null RUNNING, sleep 450ms and then retry.
java.lang.IllegalStateException: No leader yet : printing ALL groups
  s0:  RUNNING CANDIDATE s0@group-A7200166065B:t12, leader=null, voted=s0, raftlog=s0@group-A7200166065B-SegmentedRaftLog:OPENED:c0,f0,i0, conf=0: [s0:0.0.0.0:33663, s1:0.0.0.0:41738, s2:0.0.0.0:43966], old=null RUNNING
  s1:  RUNNING CANDIDATE s1@group-A7200166065B:t11, leader=null, voted=s1, raftlog=s1@group-A7200166065B-SegmentedRaftLog:OPENED:c-1,f0,i0, conf=0: [s0:0.0.0.0:33663, s1:0.0.0.0:41738, s2:0.0.0.0:43966], old=null RUNNING
  s2:  RUNNING CANDIDATE s2@group-A7200166065B:t11, leader=null, voted=s2, raftlog=s2@group-A7200166065B-SegmentedRaftLog:OPENED:c-1,f0,i0, conf=0: [s0:0.0.0.0:33663, s1:0.0.0.0:41738, s2:0.0.0.0:43966], old=null RUNNING
	at org.apache.ratis.MiniRaftCluster.newIllegalStateExceptionForNoLeaders(MiniRaftCluster.java:506)
	at org.apache.ratis.RaftTestUtil.lambda$waitForLeader$1(RaftTestUtil.java:90)
	at org.apache.ratis.MiniRaftCluster.getLeader(MiniRaftCluster.java:539)
	at org.apache.ratis.MiniRaftCluster.getLeader(MiniRaftCluster.java:532)
	at org.apache.ratis.RaftTestUtil.lambda$waitForLeader$3(RaftTestUtil.java:98)
	at org.apache.ratis.util.JavaUtils.attempt(JavaUtils.java:152)
	at org.apache.ratis.RaftTestUtil.waitForLeader(RaftTestUtil.java:97)
	at org.apache.ratis.RaftTestUtil.waitForLeader(RaftTestUtil.java:77)
	at org.apache.ratis.RaftTestUtil.waitForLeader(RaftTestUtil.java:72)
	at org.apache.ratis.RaftTestUtil.lambda$changeLeader$7(RaftTestUtil.java:363)
	at org.apache.ratis.util.JavaUtils.attempt(JavaUtils.java:152)
	at org.apache.ratis.RaftTestUtil.changeLeader(RaftTestUtil.java:362)
	at org.apache.ratis.server.impl.LeaderElectionTests.testChangeLeader(LeaderElectionTests.java:81)
	at sun.reflect.NativeMethodAccessorImpl.invoke0(Native Method)
	at sun.reflect.NativeMethodAccessorImpl.invoke(NativeMethodAccessorImpl.java:62)
	at sun.reflect.DelegatingMethodAccessorImpl.invoke(DelegatingMethodAccessorImpl.java:43)
	at java.lang.reflect.Method.invoke(Method.java:498)
	at org.junit.runners.model.FrameworkMethod$1.runReflectiveCall(FrameworkMethod.java:50)
	at org.junit.internal.runners.model.ReflectiveCallable.run(ReflectiveCallable.java:12)
	at org.junit.runners.model.FrameworkMethod.invokeExplosively(FrameworkMethod.java:47)
	at org.junit.internal.runners.statements.InvokeMethod.evaluate(InvokeMethod.java:17)
	at org.junit.internal.runners.statements.RunAfters.evaluate(RunAfters.java:27)
	at org.junit.internal.runners.statements.FailOnTimeout$CallableStatement.call(FailOnTimeout.java:298)
	at org.junit.internal.runners.statements.FailOnTimeout$CallableStatement.call(FailOnTimeout.java:292)
	at java.util.concurrent.FutureTask.run(FutureTask.java:266)
	at java.lang.Thread.run(Thread.java:748)
2019-09-24 16:29:57,072 INFO  impl.LeaderElection (LeaderElection.java:askForVotes(178)) - s0@group-A7200166065B-LeaderElection131: begin an election at term 12 for 0: [s0:0.0.0.0:33663, s1:0.0.0.0:41738, s2:0.0.0.0:43966], old=null
2019-09-24 16:29:57,072 INFO  impl.LeaderElection (LeaderElection.java:askForVotes(178)) - s2@group-A7200166065B-LeaderElection133: begin an election at term 11 for 0: [s0:0.0.0.0:33663, s1:0.0.0.0:41738, s2:0.0.0.0:43966], old=null
2019-09-24 16:29:57,072 INFO  impl.LeaderElection (LeaderElection.java:askForVotes(178)) - s1@group-A7200166065B-LeaderElection132: begin an election at term 11 for 0: [s0:0.0.0.0:33663, s1:0.0.0.0:41738, s2:0.0.0.0:43966], old=null
2019-09-24 16:29:57,073 DEBUG impl.RaftServerImpl (RaftServerImpl.java:requestVote(743)) - s0@group-A7200166065B: receive requestVote(s1, group-A7200166065B, 11, (t:3, i:0))
2019-09-24 16:29:57,074 DEBUG impl.RaftServerImpl (RaftServerImpl.java:requestVote(743)) - s0@group-A7200166065B: receive requestVote(s2, group-A7200166065B, 11, (t:3, i:0))
2019-09-24 16:29:57,073 DEBUG impl.RaftServerImpl (RaftServerImpl.java:requestVote(743)) - s2@group-A7200166065B: receive requestVote(s1, group-A7200166065B, 11, (t:3, i:0))
2019-09-24 16:29:57,074 DEBUG impl.RaftServerImpl (RaftServerImpl.java:requestVote(743)) - s1@group-A7200166065B: receive requestVote(s2, group-A7200166065B, 11, (t:3, i:0))
2019-09-24 16:29:57,074 DEBUG impl.RaftServerImpl (RaftServerImpl.java:requestVote(775)) - s0@group-A7200166065B replies to vote request: s1<-s0#0:FAIL-t12. Peer's state: s0@group-A7200166065B:t12, leader=null, voted=s0, raftlog=s0@group-A7200166065B-SegmentedRaftLog:OPENED:c0,f0,i0, conf=0: [s0:0.0.0.0:33663, s1:0.0.0.0:41738, s2:0.0.0.0:43966], old=null
2019-09-24 16:29:57,075 DEBUG impl.RaftServerImpl (RaftServerImpl.java:requestVote(775)) - s1@group-A7200166065B replies to vote request: s2<-s1#0:FAIL-t11. Peer's state: s1@group-A7200166065B:t11, leader=null, voted=s1, raftlog=s1@group-A7200166065B-SegmentedRaftLog:OPENED:c-1,f0,i0, conf=0: [s0:0.0.0.0:33663, s1:0.0.0.0:41738, s2:0.0.0.0:43966], old=null
2019-09-24 16:29:57,074 DEBUG impl.RaftServerImpl (RaftServerImpl.java:requestVote(775)) - s2@group-A7200166065B replies to vote request: s1<-s2#0:FAIL-t11. Peer's state: s2@group-A7200166065B:t11, leader=null, voted=s2, raftlog=s2@group-A7200166065B-SegmentedRaftLog:OPENED:c-1,f0,i0, conf=0: [s0:0.0.0.0:33663, s1:0.0.0.0:41738, s2:0.0.0.0:43966], old=null
2019-09-24 16:29:57,075 INFO  impl.LeaderElection (LeaderElection.java:logAndReturn(56)) - s1@group-A7200166065B-LeaderElection132: Election DISCOVERED_A_NEW_TERM; received 1 response(s) [s1<-s0#0:FAIL-t12] and 0 exception(s); s1@group-A7200166065B:t11, leader=null, voted=s1, raftlog=s1@group-A7200166065B-SegmentedRaftLog:OPENED:c-1,f0,i0, conf=0: [s0:0.0.0.0:33663, s1:0.0.0.0:41738, s2:0.0.0.0:43966], old=null
2019-09-24 16:29:57,075 DEBUG impl.RaftServerImpl (RaftServerImpl.java:requestVote(775)) - s0@group-A7200166065B replies to vote request: s2<-s0#0:FAIL-t12. Peer's state: s0@group-A7200166065B:t12, leader=null, voted=s0, raftlog=s0@group-A7200166065B-SegmentedRaftLog:OPENED:c0,f0,i0, conf=0: [s0:0.0.0.0:33663, s1:0.0.0.0:41738, s2:0.0.0.0:43966], old=null
2019-09-24 16:29:57,076 INFO  impl.RaftServerImpl (RaftServerImpl.java:setRole(170)) - s1@group-A7200166065B: changes role from CANDIDATE to FOLLOWER at term 12 for DISCOVERED_A_NEW_TERM
2019-09-24 16:29:57,076 INFO  impl.RoleInfo (RoleInfo.java:shutdownLeaderElection(134)) - s1: shutdown LeaderElection
2019-09-24 16:29:57,076 INFO  impl.RoleInfo (RoleInfo.java:updateAndGet(143)) - s1: start FollowerState
2019-09-24 16:29:57,076 INFO  impl.LeaderElection (LeaderElection.java:logAndReturn(56)) - s2@group-A7200166065B-LeaderElection133: Election DISCOVERED_A_NEW_TERM; received 2 response(s) [s2<-s0#0:FAIL-t12, s2<-s1#0:FAIL-t11] and 0 exception(s); s2@group-A7200166065B:t11, leader=null, voted=s2, raftlog=s2@group-A7200166065B-SegmentedRaftLog:OPENED:c-1,f0,i0, conf=0: [s0:0.0.0.0:33663, s1:0.0.0.0:41738, s2:0.0.0.0:43966], old=null
2019-09-24 16:29:57,077 INFO  impl.RaftServerImpl (RaftServerImpl.java:setRole(170)) - s2@group-A7200166065B: changes role from CANDIDATE to FOLLOWER at term 12 for DISCOVERED_A_NEW_TERM
2019-09-24 16:29:57,077 INFO  impl.RoleInfo (RoleInfo.java:shutdownLeaderElection(134)) - s2: shutdown LeaderElection
2019-09-24 16:29:57,077 INFO  impl.RoleInfo (RoleInfo.java:updateAndGet(143)) - s2: start FollowerState
2019-09-24 16:29:57,325 INFO  impl.FollowerState (FollowerState.java:run(108)) - s2@group-A7200166065B-FollowerState: change to CANDIDATE, lastRpcTime:248ms, electionTimeout:205ms
2019-09-24 16:29:57,326 INFO  impl.RoleInfo (RoleInfo.java:shutdownFollowerState(121)) - s2: shutdown FollowerState
2019-09-24 16:29:57,326 INFO  impl.RaftServerImpl (RaftServerImpl.java:setRole(170)) - s2@group-A7200166065B: changes role from  FOLLOWER to CANDIDATE at term 12 for changeToCandidate
2019-09-24 16:29:57,326 INFO  impl.RoleInfo (RoleInfo.java:updateAndGet(143)) - s2: start LeaderElection
2019-09-24 16:29:57,370 INFO  impl.LeaderElection (LeaderElection.java:logAndReturn(56)) - s0@group-A7200166065B-LeaderElection131: Election TIMEOUT; received 0 response(s) [] and 0 exception(s); s0@group-A7200166065B:t12, leader=null, voted=s0, raftlog=s0@group-A7200166065B-SegmentedRaftLog:OPENED:c0,f0,i0, conf=0: [s0:0.0.0.0:33663, s1:0.0.0.0:41738, s2:0.0.0.0:43966], old=null
2019-09-24 16:29:57,373 INFO  impl.FollowerState (FollowerState.java:run(108)) - s1@group-A7200166065B-FollowerState: change to CANDIDATE, lastRpcTime:296ms, electionTimeout:296ms
2019-09-24 16:29:57,373 INFO  impl.RoleInfo (RoleInfo.java:shutdownFollowerState(121)) - s1: shutdown FollowerState
2019-09-24 16:29:57,374 INFO  impl.RaftServerImpl (RaftServerImpl.java:setRole(170)) - s1@group-A7200166065B: changes role from  FOLLOWER to CANDIDATE at term 12 for changeToCandidate
2019-09-24 16:29:57,374 INFO  impl.RoleInfo (RoleInfo.java:updateAndGet(143)) - s1: start LeaderElection
2019-09-24 16:29:57,415 WARN  ratis.RaftTestUtil (JavaUtils.java:attempt(158)) - FAILED "waitForLeader-null-(expectLeader? true)", attempt #8/100: java.lang.IllegalStateException: No leader yet : printing ALL groups
  s0:  RUNNING CANDIDATE s0@group-A7200166065B:t13, leader=null, voted=s0, raftlog=s0@group-A7200166065B-SegmentedRaftLog:OPENED:c0,f0,i0, conf=0: [s0:0.0.0.0:33663, s1:0.0.0.0:41738, s2:0.0.0.0:43966], old=null RUNNING
  s1:  RUNNING CANDIDATE s1@group-A7200166065B:t13, leader=null, voted=s1, raftlog=s1@group-A7200166065B-SegmentedRaftLog:OPENED:c-1,f0,i0, conf=0: [s0:0.0.0.0:33663, s1:0.0.0.0:41738, s2:0.0.0.0:43966], old=null RUNNING
  s2:  RUNNING CANDIDATE s2@group-A7200166065B:t13, leader=null, voted=s2, raftlog=s2@group-A7200166065B-SegmentedRaftLog:OPENED:c-1,f0,i0, conf=0: [s0:0.0.0.0:33663, s1:0.0.0.0:41738, s2:0.0.0.0:43966], old=null RUNNING, sleep 450ms and then retry.
java.lang.IllegalStateException: No leader yet : printing ALL groups
  s0:  RUNNING CANDIDATE s0@group-A7200166065B:t13, leader=null, voted=s0, raftlog=s0@group-A7200166065B-SegmentedRaftLog:OPENED:c0,f0,i0, conf=0: [s0:0.0.0.0:33663, s1:0.0.0.0:41738, s2:0.0.0.0:43966], old=null RUNNING
  s1:  RUNNING CANDIDATE s1@group-A7200166065B:t13, leader=null, voted=s1, raftlog=s1@group-A7200166065B-SegmentedRaftLog:OPENED:c-1,f0,i0, conf=0: [s0:0.0.0.0:33663, s1:0.0.0.0:41738, s2:0.0.0.0:43966], old=null RUNNING
  s2:  RUNNING CANDIDATE s2@group-A7200166065B:t13, leader=null, voted=s2, raftlog=s2@group-A7200166065B-SegmentedRaftLog:OPENED:c-1,f0,i0, conf=0: [s0:0.0.0.0:33663, s1:0.0.0.0:41738, s2:0.0.0.0:43966], old=null RUNNING
	at org.apache.ratis.MiniRaftCluster.newIllegalStateExceptionForNoLeaders(MiniRaftCluster.java:506)
	at org.apache.ratis.RaftTestUtil.lambda$waitForLeader$1(RaftTestUtil.java:90)
	at org.apache.ratis.MiniRaftCluster.getLeader(MiniRaftCluster.java:539)
	at org.apache.ratis.MiniRaftCluster.getLeader(MiniRaftCluster.java:532)
	at org.apache.ratis.RaftTestUtil.lambda$waitForLeader$3(RaftTestUtil.java:98)
	at org.apache.ratis.util.JavaUtils.attempt(JavaUtils.java:152)
	at org.apache.ratis.RaftTestUtil.waitForLeader(RaftTestUtil.java:97)
	at org.apache.ratis.RaftTestUtil.waitForLeader(RaftTestUtil.java:77)
	at org.apache.ratis.RaftTestUtil.waitForLeader(RaftTestUtil.java:72)
	at org.apache.ratis.RaftTestUtil.lambda$changeLeader$7(RaftTestUtil.java:363)
	at org.apache.ratis.util.JavaUtils.attempt(JavaUtils.java:152)
	at org.apache.ratis.RaftTestUtil.changeLeader(RaftTestUtil.java:362)
	at org.apache.ratis.server.impl.LeaderElectionTests.testChangeLeader(LeaderElectionTests.java:81)
	at sun.reflect.NativeMethodAccessorImpl.invoke0(Native Method)
	at sun.reflect.NativeMethodAccessorImpl.invoke(NativeMethodAccessorImpl.java:62)
	at sun.reflect.DelegatingMethodAccessorImpl.invoke(DelegatingMethodAccessorImpl.java:43)
	at java.lang.reflect.Method.invoke(Method.java:498)
	at org.junit.runners.model.FrameworkMethod$1.runReflectiveCall(FrameworkMethod.java:50)
	at org.junit.internal.runners.model.ReflectiveCallable.run(ReflectiveCallable.java:12)
	at org.junit.runners.model.FrameworkMethod.invokeExplosively(FrameworkMethod.java:47)
	at org.junit.internal.runners.statements.InvokeMethod.evaluate(InvokeMethod.java:17)
	at org.junit.internal.runners.statements.RunAfters.evaluate(RunAfters.java:27)
	at org.junit.internal.runners.statements.FailOnTimeout$CallableStatement.call(FailOnTimeout.java:298)
	at org.junit.internal.runners.statements.FailOnTimeout$CallableStatement.call(FailOnTimeout.java:292)
	at java.util.concurrent.FutureTask.run(FutureTask.java:266)
	at java.lang.Thread.run(Thread.java:748)
2019-09-24 16:29:57,557 INFO  impl.LeaderElection (LeaderElection.java:askForVotes(178)) - s2@group-A7200166065B-LeaderElection134: begin an election at term 13 for 0: [s0:0.0.0.0:33663, s1:0.0.0.0:41738, s2:0.0.0.0:43966], old=null
2019-09-24 16:29:57,557 INFO  impl.LeaderElection (LeaderElection.java:askForVotes(178)) - s1@group-A7200166065B-LeaderElection135: begin an election at term 13 for 0: [s0:0.0.0.0:33663, s1:0.0.0.0:41738, s2:0.0.0.0:43966], old=null
2019-09-24 16:29:57,557 INFO  impl.LeaderElection (LeaderElection.java:askForVotes(178)) - s0@group-A7200166065B-LeaderElection131: begin an election at term 13 for 0: [s0:0.0.0.0:33663, s1:0.0.0.0:41738, s2:0.0.0.0:43966], old=null
2019-09-24 16:29:57,558 DEBUG impl.RaftServerImpl (RaftServerImpl.java:requestVote(743)) - s0@group-A7200166065B: receive requestVote(s2, group-A7200166065B, 13, (t:3, i:0))
2019-09-24 16:29:57,559 DEBUG impl.RaftServerImpl (RaftServerImpl.java:requestVote(743)) - s1@group-A7200166065B: receive requestVote(s2, group-A7200166065B, 13, (t:3, i:0))
2019-09-24 16:29:57,558 DEBUG impl.RaftServerImpl (RaftServerImpl.java:requestVote(743)) - s0@group-A7200166065B: receive requestVote(s1, group-A7200166065B, 13, (t:3, i:0))
2019-09-24 16:29:57,559 DEBUG impl.RaftServerImpl (RaftServerImpl.java:requestVote(775)) - s1@group-A7200166065B replies to vote request: s2<-s1#0:FAIL-t13. Peer's state: s1@group-A7200166065B:t13, leader=null, voted=s1, raftlog=s1@group-A7200166065B-SegmentedRaftLog:OPENED:c-1,f0,i0, conf=0: [s0:0.0.0.0:33663, s1:0.0.0.0:41738, s2:0.0.0.0:43966], old=null
2019-09-24 16:29:57,559 DEBUG impl.RaftServerImpl (RaftServerImpl.java:requestVote(775)) - s0@group-A7200166065B replies to vote request: s2<-s0#0:FAIL-t13. Peer's state: s0@group-A7200166065B:t13, leader=null, voted=s0, raftlog=s0@group-A7200166065B-SegmentedRaftLog:OPENED:c0,f0,i0, conf=0: [s0:0.0.0.0:33663, s1:0.0.0.0:41738, s2:0.0.0.0:43966], old=null
2019-09-24 16:29:57,559 DEBUG impl.RaftServerImpl (RaftServerImpl.java:requestVote(743)) - s2@group-A7200166065B: receive requestVote(s1, group-A7200166065B, 13, (t:3, i:0))
2019-09-24 16:29:57,560 DEBUG impl.RaftServerImpl (RaftServerImpl.java:requestVote(775)) - s0@group-A7200166065B replies to vote request: s1<-s0#0:FAIL-t13. Peer's state: s0@group-A7200166065B:t13, leader=null, voted=s0, raftlog=s0@group-A7200166065B-SegmentedRaftLog:OPENED:c0,f0,i0, conf=0: [s0:0.0.0.0:33663, s1:0.0.0.0:41738, s2:0.0.0.0:43966], old=null
2019-09-24 16:29:57,560 INFO  impl.LeaderElection (LeaderElection.java:logAndReturn(56)) - s2@group-A7200166065B-LeaderElection134: Election REJECTED; received 2 response(s) [s2<-s0#0:FAIL-t13, s2<-s1#0:FAIL-t13] and 0 exception(s); s2@group-A7200166065B:t13, leader=null, voted=s2, raftlog=s2@group-A7200166065B-SegmentedRaftLog:OPENED:c-1,f0,i0, conf=0: [s0:0.0.0.0:33663, s1:0.0.0.0:41738, s2:0.0.0.0:43966], old=null
2019-09-24 16:29:57,560 DEBUG impl.RaftServerImpl (RaftServerImpl.java:requestVote(775)) - s2@group-A7200166065B replies to vote request: s1<-s2#0:FAIL-t13. Peer's state: s2@group-A7200166065B:t13, leader=null, voted=s2, raftlog=s2@group-A7200166065B-SegmentedRaftLog:OPENED:c-1,f0,i0, conf=0: [s0:0.0.0.0:33663, s1:0.0.0.0:41738, s2:0.0.0.0:43966], old=null
2019-09-24 16:29:57,561 INFO  impl.RaftServerImpl (RaftServerImpl.java:setRole(170)) - s2@group-A7200166065B: changes role from CANDIDATE to FOLLOWER at term 13 for DISCOVERED_A_NEW_TERM
2019-09-24 16:29:57,561 INFO  impl.RoleInfo (RoleInfo.java:shutdownLeaderElection(134)) - s2: shutdown LeaderElection
2019-09-24 16:29:57,561 INFO  impl.RoleInfo (RoleInfo.java:updateAndGet(143)) - s2: start FollowerState
2019-09-24 16:29:57,561 INFO  impl.LeaderElection (LeaderElection.java:logAndReturn(56)) - s1@group-A7200166065B-LeaderElection135: Election REJECTED; received 2 response(s) [s1<-s0#0:FAIL-t13, s1<-s2#0:FAIL-t13] and 0 exception(s); s1@group-A7200166065B:t13, leader=null, voted=s1, raftlog=s1@group-A7200166065B-SegmentedRaftLog:OPENED:c-1,f0,i0, conf=0: [s0:0.0.0.0:33663, s1:0.0.0.0:41738, s2:0.0.0.0:43966], old=null
2019-09-24 16:29:57,562 INFO  impl.RaftServerImpl (RaftServerImpl.java:setRole(170)) - s1@group-A7200166065B: changes role from CANDIDATE to FOLLOWER at term 13 for DISCOVERED_A_NEW_TERM
2019-09-24 16:29:57,562 INFO  impl.RoleInfo (RoleInfo.java:shutdownLeaderElection(134)) - s1: shutdown LeaderElection
2019-09-24 16:29:57,562 INFO  impl.RoleInfo (RoleInfo.java:updateAndGet(143)) - s1: start FollowerState
2019-09-24 16:29:57,710 INFO  impl.LeaderElection (LeaderElection.java:logAndReturn(56)) - s0@group-A7200166065B-LeaderElection131: Election TIMEOUT; received 0 response(s) [] and 0 exception(s); s0@group-A7200166065B:t13, leader=null, voted=s0, raftlog=s0@group-A7200166065B-SegmentedRaftLog:OPENED:c0,f0,i0, conf=0: [s0:0.0.0.0:33663, s1:0.0.0.0:41738, s2:0.0.0.0:43966], old=null
2019-09-24 16:29:57,754 INFO  impl.FollowerState (FollowerState.java:run(108)) - s2@group-A7200166065B-FollowerState: change to CANDIDATE, lastRpcTime:192ms, electionTimeout:192ms
2019-09-24 16:29:57,754 INFO  impl.RoleInfo (RoleInfo.java:shutdownFollowerState(121)) - s2: shutdown FollowerState
2019-09-24 16:29:57,755 INFO  impl.RaftServerImpl (RaftServerImpl.java:setRole(170)) - s2@group-A7200166065B: changes role from  FOLLOWER to CANDIDATE at term 13 for changeToCandidate
2019-09-24 16:29:57,755 INFO  impl.RoleInfo (RoleInfo.java:updateAndGet(143)) - s2: start LeaderElection
2019-09-24 16:29:57,847 INFO  impl.FollowerState (FollowerState.java:run(108)) - s1@group-A7200166065B-FollowerState: change to CANDIDATE, lastRpcTime:284ms, electionTimeout:284ms
2019-09-24 16:29:57,847 INFO  impl.RoleInfo (RoleInfo.java:shutdownFollowerState(121)) - s1: shutdown FollowerState
2019-09-24 16:29:57,847 INFO  impl.RaftServerImpl (RaftServerImpl.java:setRole(170)) - s1@group-A7200166065B: changes role from  FOLLOWER to CANDIDATE at term 13 for changeToCandidate
2019-09-24 16:29:57,847 INFO  impl.RoleInfo (RoleInfo.java:updateAndGet(143)) - s1: start LeaderElection
2019-09-24 16:29:57,866 WARN  ratis.RaftTestUtil (JavaUtils.java:attempt(158)) - FAILED "waitForLeader-null-(expectLeader? true)", attempt #9/100: java.lang.IllegalStateException: No leader yet : printing ALL groups
  s0:  RUNNING CANDIDATE s0@group-A7200166065B:t14, leader=null, voted=s0, raftlog=s0@group-A7200166065B-SegmentedRaftLog:OPENED:c0,f0,i0, conf=0: [s0:0.0.0.0:33663, s1:0.0.0.0:41738, s2:0.0.0.0:43966], old=null RUNNING
  s1:  RUNNING CANDIDATE s1@group-A7200166065B:t14, leader=null, voted=s1, raftlog=s1@group-A7200166065B-SegmentedRaftLog:OPENED:c-1,f0,i0, conf=0: [s0:0.0.0.0:33663, s1:0.0.0.0:41738, s2:0.0.0.0:43966], old=null RUNNING
  s2:  RUNNING CANDIDATE s2@group-A7200166065B:t14, leader=null, voted=s2, raftlog=s2@group-A7200166065B-SegmentedRaftLog:OPENED:c-1,f0,i0, conf=0: [s0:0.0.0.0:33663, s1:0.0.0.0:41738, s2:0.0.0.0:43966], old=null RUNNING, sleep 450ms and then retry.
java.lang.IllegalStateException: No leader yet : printing ALL groups
  s0:  RUNNING CANDIDATE s0@group-A7200166065B:t14, leader=null, voted=s0, raftlog=s0@group-A7200166065B-SegmentedRaftLog:OPENED:c0,f0,i0, conf=0: [s0:0.0.0.0:33663, s1:0.0.0.0:41738, s2:0.0.0.0:43966], old=null RUNNING
  s1:  RUNNING CANDIDATE s1@group-A7200166065B:t14, leader=null, voted=s1, raftlog=s1@group-A7200166065B-SegmentedRaftLog:OPENED:c-1,f0,i0, conf=0: [s0:0.0.0.0:33663, s1:0.0.0.0:41738, s2:0.0.0.0:43966], old=null RUNNING
  s2:  RUNNING CANDIDATE s2@group-A7200166065B:t14, leader=null, voted=s2, raftlog=s2@group-A7200166065B-SegmentedRaftLog:OPENED:c-1,f0,i0, conf=0: [s0:0.0.0.0:33663, s1:0.0.0.0:41738, s2:0.0.0.0:43966], old=null RUNNING
	at org.apache.ratis.MiniRaftCluster.newIllegalStateExceptionForNoLeaders(MiniRaftCluster.java:506)
	at org.apache.ratis.RaftTestUtil.lambda$waitForLeader$1(RaftTestUtil.java:90)
	at org.apache.ratis.MiniRaftCluster.getLeader(MiniRaftCluster.java:539)
	at org.apache.ratis.MiniRaftCluster.getLeader(MiniRaftCluster.java:532)
	at org.apache.ratis.RaftTestUtil.lambda$waitForLeader$3(RaftTestUtil.java:98)
	at org.apache.ratis.util.JavaUtils.attempt(JavaUtils.java:152)
	at org.apache.ratis.RaftTestUtil.waitForLeader(RaftTestUtil.java:97)
	at org.apache.ratis.RaftTestUtil.waitForLeader(RaftTestUtil.java:77)
	at org.apache.ratis.RaftTestUtil.waitForLeader(RaftTestUtil.java:72)
	at org.apache.ratis.RaftTestUtil.lambda$changeLeader$7(RaftTestUtil.java:363)
	at org.apache.ratis.util.JavaUtils.attempt(JavaUtils.java:152)
	at org.apache.ratis.RaftTestUtil.changeLeader(RaftTestUtil.java:362)
	at org.apache.ratis.server.impl.LeaderElectionTests.testChangeLeader(LeaderElectionTests.java:81)
	at sun.reflect.NativeMethodAccessorImpl.invoke0(Native Method)
	at sun.reflect.NativeMethodAccessorImpl.invoke(NativeMethodAccessorImpl.java:62)
	at sun.reflect.DelegatingMethodAccessorImpl.invoke(DelegatingMethodAccessorImpl.java:43)
	at java.lang.reflect.Method.invoke(Method.java:498)
	at org.junit.runners.model.FrameworkMethod$1.runReflectiveCall(FrameworkMethod.java:50)
	at org.junit.internal.runners.model.ReflectiveCallable.run(ReflectiveCallable.java:12)
	at org.junit.runners.model.FrameworkMethod.invokeExplosively(FrameworkMethod.java:47)
	at org.junit.internal.runners.statements.InvokeMethod.evaluate(InvokeMethod.java:17)
	at org.junit.internal.runners.statements.RunAfters.evaluate(RunAfters.java:27)
	at org.junit.internal.runners.statements.FailOnTimeout$CallableStatement.call(FailOnTimeout.java:298)
	at org.junit.internal.runners.statements.FailOnTimeout$CallableStatement.call(FailOnTimeout.java:292)
	at java.util.concurrent.FutureTask.run(FutureTask.java:266)
	at java.lang.Thread.run(Thread.java:748)
2019-09-24 16:29:58,074 INFO  impl.LeaderElection (LeaderElection.java:askForVotes(178)) - s2@group-A7200166065B-LeaderElection136: begin an election at term 14 for 0: [s0:0.0.0.0:33663, s1:0.0.0.0:41738, s2:0.0.0.0:43966], old=null
2019-09-24 16:29:58,074 INFO  impl.LeaderElection (LeaderElection.java:askForVotes(178)) - s0@group-A7200166065B-LeaderElection131: begin an election at term 14 for 0: [s0:0.0.0.0:33663, s1:0.0.0.0:41738, s2:0.0.0.0:43966], old=null
2019-09-24 16:29:58,075 INFO  impl.LeaderElection (LeaderElection.java:askForVotes(178)) - s1@group-A7200166065B-LeaderElection137: begin an election at term 14 for 0: [s0:0.0.0.0:33663, s1:0.0.0.0:41738, s2:0.0.0.0:43966], old=null
2019-09-24 16:29:58,075 DEBUG impl.RaftServerImpl (RaftServerImpl.java:requestVote(743)) - s0@group-A7200166065B: receive requestVote(s2, group-A7200166065B, 14, (t:3, i:0))
2019-09-24 16:29:58,076 DEBUG impl.RaftServerImpl (RaftServerImpl.java:requestVote(743)) - s1@group-A7200166065B: receive requestVote(s2, group-A7200166065B, 14, (t:3, i:0))
2019-09-24 16:29:58,076 DEBUG impl.RaftServerImpl (RaftServerImpl.java:requestVote(775)) - s0@group-A7200166065B replies to vote request: s2<-s0#0:FAIL-t14. Peer's state: s0@group-A7200166065B:t14, leader=null, voted=s0, raftlog=s0@group-A7200166065B-SegmentedRaftLog:OPENED:c0,f0,i0, conf=0: [s0:0.0.0.0:33663, s1:0.0.0.0:41738, s2:0.0.0.0:43966], old=null
2019-09-24 16:29:58,076 DEBUG impl.RaftServerImpl (RaftServerImpl.java:requestVote(743)) - s2@group-A7200166065B: receive requestVote(s1, group-A7200166065B, 14, (t:3, i:0))
2019-09-24 16:29:58,076 DEBUG impl.RaftServerImpl (RaftServerImpl.java:requestVote(775)) - s1@group-A7200166065B replies to vote request: s2<-s1#0:FAIL-t14. Peer's state: s1@group-A7200166065B:t14, leader=null, voted=s1, raftlog=s1@group-A7200166065B-SegmentedRaftLog:OPENED:c-1,f0,i0, conf=0: [s0:0.0.0.0:33663, s1:0.0.0.0:41738, s2:0.0.0.0:43966], old=null
2019-09-24 16:29:58,076 DEBUG impl.RaftServerImpl (RaftServerImpl.java:requestVote(743)) - s0@group-A7200166065B: receive requestVote(s1, group-A7200166065B, 14, (t:3, i:0))
2019-09-24 16:29:58,077 DEBUG impl.RaftServerImpl (RaftServerImpl.java:requestVote(775)) - s2@group-A7200166065B replies to vote request: s1<-s2#0:FAIL-t14. Peer's state: s2@group-A7200166065B:t14, leader=null, voted=s2, raftlog=s2@group-A7200166065B-SegmentedRaftLog:OPENED:c-1,f0,i0, conf=0: [s0:0.0.0.0:33663, s1:0.0.0.0:41738, s2:0.0.0.0:43966], old=null
2019-09-24 16:29:58,078 INFO  impl.LeaderElection (LeaderElection.java:logAndReturn(56)) - s2@group-A7200166065B-LeaderElection136: Election REJECTED; received 2 response(s) [s2<-s0#0:FAIL-t14, s2<-s1#0:FAIL-t14] and 0 exception(s); s2@group-A7200166065B:t14, leader=null, voted=s2, raftlog=s2@group-A7200166065B-SegmentedRaftLog:OPENED:c-1,f0,i0, conf=0: [s0:0.0.0.0:33663, s1:0.0.0.0:41738, s2:0.0.0.0:43966], old=null
2019-09-24 16:29:58,078 DEBUG impl.RaftServerImpl (RaftServerImpl.java:requestVote(775)) - s0@group-A7200166065B replies to vote request: s1<-s0#0:FAIL-t14. Peer's state: s0@group-A7200166065B:t14, leader=null, voted=s0, raftlog=s0@group-A7200166065B-SegmentedRaftLog:OPENED:c0,f0,i0, conf=0: [s0:0.0.0.0:33663, s1:0.0.0.0:41738, s2:0.0.0.0:43966], old=null
2019-09-24 16:29:58,078 INFO  impl.RaftServerImpl (RaftServerImpl.java:setRole(170)) - s2@group-A7200166065B: changes role from CANDIDATE to FOLLOWER at term 14 for DISCOVERED_A_NEW_TERM
2019-09-24 16:29:58,079 INFO  impl.RoleInfo (RoleInfo.java:shutdownLeaderElection(134)) - s2: shutdown LeaderElection
2019-09-24 16:29:58,079 INFO  impl.RoleInfo (RoleInfo.java:updateAndGet(143)) - s2: start FollowerState
2019-09-24 16:29:58,079 INFO  impl.LeaderElection (LeaderElection.java:logAndReturn(56)) - s1@group-A7200166065B-LeaderElection137: Election REJECTED; received 2 response(s) [s1<-s0#0:FAIL-t14, s1<-s2#0:FAIL-t14] and 0 exception(s); s1@group-A7200166065B:t14, leader=null, voted=s1, raftlog=s1@group-A7200166065B-SegmentedRaftLog:OPENED:c-1,f0,i0, conf=0: [s0:0.0.0.0:33663, s1:0.0.0.0:41738, s2:0.0.0.0:43966], old=null
2019-09-24 16:29:58,079 INFO  impl.RaftServerImpl (RaftServerImpl.java:setRole(170)) - s1@group-A7200166065B: changes role from CANDIDATE to FOLLOWER at term 14 for DISCOVERED_A_NEW_TERM
2019-09-24 16:29:58,079 INFO  impl.RoleInfo (RoleInfo.java:shutdownLeaderElection(134)) - s1: shutdown LeaderElection
2019-09-24 16:29:58,079 INFO  impl.RoleInfo (RoleInfo.java:updateAndGet(143)) - s1: start FollowerState
2019-09-24 16:29:58,253 INFO  impl.LeaderElection (LeaderElection.java:logAndReturn(56)) - s0@group-A7200166065B-LeaderElection131: Election TIMEOUT; received 0 response(s) [] and 0 exception(s); s0@group-A7200166065B:t14, leader=null, voted=s0, raftlog=s0@group-A7200166065B-SegmentedRaftLog:OPENED:c0,f0,i0, conf=0: [s0:0.0.0.0:33663, s1:0.0.0.0:41738, s2:0.0.0.0:43966], old=null
2019-09-24 16:29:58,302 INFO  impl.FollowerState (FollowerState.java:run(108)) - s2@group-A7200166065B-FollowerState: change to CANDIDATE, lastRpcTime:223ms, electionTimeout:223ms
2019-09-24 16:29:58,303 INFO  impl.RoleInfo (RoleInfo.java:shutdownFollowerState(121)) - s2: shutdown FollowerState
2019-09-24 16:29:58,303 INFO  impl.RaftServerImpl (RaftServerImpl.java:setRole(170)) - s2@group-A7200166065B: changes role from  FOLLOWER to CANDIDATE at term 14 for changeToCandidate
2019-09-24 16:29:58,303 INFO  impl.RoleInfo (RoleInfo.java:updateAndGet(143)) - s2: start LeaderElection
2019-09-24 16:29:58,317 WARN  ratis.RaftTestUtil (JavaUtils.java:attempt(158)) - FAILED "waitForLeader-null-(expectLeader? true)", attempt #10/100: java.lang.IllegalStateException: No leader yet : printing ALL groups
  s0:  RUNNING CANDIDATE s0@group-A7200166065B:t15, leader=null, voted=s0, raftlog=s0@group-A7200166065B-SegmentedRaftLog:OPENED:c0,f0,i0, conf=0: [s0:0.0.0.0:33663, s1:0.0.0.0:41738, s2:0.0.0.0:43966], old=null RUNNING
  s1:  RUNNING  FOLLOWER s1@group-A7200166065B:t14, leader=null, voted=s1, raftlog=s1@group-A7200166065B-SegmentedRaftLog:OPENED:c-1,f0,i0, conf=0: [s0:0.0.0.0:33663, s1:0.0.0.0:41738, s2:0.0.0.0:43966], old=null RUNNING
  s2:  RUNNING CANDIDATE s2@group-A7200166065B:t15, leader=null, voted=s2, raftlog=s2@group-A7200166065B-SegmentedRaftLog:OPENED:c-1,f0,i0, conf=0: [s0:0.0.0.0:33663, s1:0.0.0.0:41738, s2:0.0.0.0:43966], old=null RUNNING, sleep 450ms and then retry.
java.lang.IllegalStateException: No leader yet : printing ALL groups
  s0:  RUNNING CANDIDATE s0@group-A7200166065B:t15, leader=null, voted=s0, raftlog=s0@group-A7200166065B-SegmentedRaftLog:OPENED:c0,f0,i0, conf=0: [s0:0.0.0.0:33663, s1:0.0.0.0:41738, s2:0.0.0.0:43966], old=null RUNNING
  s1:  RUNNING  FOLLOWER s1@group-A7200166065B:t14, leader=null, voted=s1, raftlog=s1@group-A7200166065B-SegmentedRaftLog:OPENED:c-1,f0,i0, conf=0: [s0:0.0.0.0:33663, s1:0.0.0.0:41738, s2:0.0.0.0:43966], old=null RUNNING
  s2:  RUNNING CANDIDATE s2@group-A7200166065B:t15, leader=null, voted=s2, raftlog=s2@group-A7200166065B-SegmentedRaftLog:OPENED:c-1,f0,i0, conf=0: [s0:0.0.0.0:33663, s1:0.0.0.0:41738, s2:0.0.0.0:43966], old=null RUNNING
	at org.apache.ratis.MiniRaftCluster.newIllegalStateExceptionForNoLeaders(MiniRaftCluster.java:506)
	at org.apache.ratis.RaftTestUtil.lambda$waitForLeader$1(RaftTestUtil.java:90)
	at org.apache.ratis.MiniRaftCluster.getLeader(MiniRaftCluster.java:539)
	at org.apache.ratis.MiniRaftCluster.getLeader(MiniRaftCluster.java:532)
	at org.apache.ratis.RaftTestUtil.lambda$waitForLeader$3(RaftTestUtil.java:98)
	at org.apache.ratis.util.JavaUtils.attempt(JavaUtils.java:152)
	at org.apache.ratis.RaftTestUtil.waitForLeader(RaftTestUtil.java:97)
	at org.apache.ratis.RaftTestUtil.waitForLeader(RaftTestUtil.java:77)
	at org.apache.ratis.RaftTestUtil.waitForLeader(RaftTestUtil.java:72)
	at org.apache.ratis.RaftTestUtil.lambda$changeLeader$7(RaftTestUtil.java:363)
	at org.apache.ratis.util.JavaUtils.attempt(JavaUtils.java:152)
	at org.apache.ratis.RaftTestUtil.changeLeader(RaftTestUtil.java:362)
	at org.apache.ratis.server.impl.LeaderElectionTests.testChangeLeader(LeaderElectionTests.java:81)
	at sun.reflect.NativeMethodAccessorImpl.invoke0(Native Method)
	at sun.reflect.NativeMethodAccessorImpl.invoke(NativeMethodAccessorImpl.java:62)
	at sun.reflect.DelegatingMethodAccessorImpl.invoke(DelegatingMethodAccessorImpl.java:43)
	at java.lang.reflect.Method.invoke(Method.java:498)
	at org.junit.runners.model.FrameworkMethod$1.runReflectiveCall(FrameworkMethod.java:50)
	at org.junit.internal.runners.model.ReflectiveCallable.run(ReflectiveCallable.java:12)
	at org.junit.runners.model.FrameworkMethod.invokeExplosively(FrameworkMethod.java:47)
	at org.junit.internal.runners.statements.InvokeMethod.evaluate(InvokeMethod.java:17)
	at org.junit.internal.runners.statements.RunAfters.evaluate(RunAfters.java:27)
	at org.junit.internal.runners.statements.FailOnTimeout$CallableStatement.call(FailOnTimeout.java:298)
	at org.junit.internal.runners.statements.FailOnTimeout$CallableStatement.call(FailOnTimeout.java:292)
	at java.util.concurrent.FutureTask.run(FutureTask.java:266)
	at java.lang.Thread.run(Thread.java:748)
2019-09-24 16:29:58,341 INFO  impl.FollowerState (FollowerState.java:run(108)) - s1@group-A7200166065B-FollowerState: change to CANDIDATE, lastRpcTime:261ms, electionTimeout:261ms
2019-09-24 16:29:58,341 INFO  impl.RoleInfo (RoleInfo.java:shutdownFollowerState(121)) - s1: shutdown FollowerState
2019-09-24 16:29:58,341 INFO  impl.RaftServerImpl (RaftServerImpl.java:setRole(170)) - s1@group-A7200166065B: changes role from  FOLLOWER to CANDIDATE at term 14 for changeToCandidate
2019-09-24 16:29:58,342 INFO  impl.RoleInfo (RoleInfo.java:updateAndGet(143)) - s1: start LeaderElection
2019-09-24 16:29:58,768 WARN  ratis.RaftTestUtil (JavaUtils.java:attempt(158)) - FAILED "waitForLeader-null-(expectLeader? true)", attempt #11/100: java.lang.IllegalStateException: No leader yet : printing ALL groups
  s0:  RUNNING CANDIDATE s0@group-A7200166065B:t15, leader=null, voted=s0, raftlog=s0@group-A7200166065B-SegmentedRaftLog:OPENED:c0,f0,i0, conf=0: [s0:0.0.0.0:33663, s1:0.0.0.0:41738, s2:0.0.0.0:43966], old=null RUNNING
  s1:  RUNNING CANDIDATE s1@group-A7200166065B:t15, leader=null, voted=s1, raftlog=s1@group-A7200166065B-SegmentedRaftLog:OPENED:c-1,f0,i0, conf=0: [s0:0.0.0.0:33663, s1:0.0.0.0:41738, s2:0.0.0.0:43966], old=null RUNNING
  s2:  RUNNING CANDIDATE s2@group-A7200166065B:t15, leader=null, voted=s2, raftlog=s2@group-A7200166065B-SegmentedRaftLog:OPENED:c-1,f0,i0, conf=0: [s0:0.0.0.0:33663, s1:0.0.0.0:41738, s2:0.0.0.0:43966], old=null RUNNING, sleep 450ms and then retry.
java.lang.IllegalStateException: No leader yet : printing ALL groups
  s0:  RUNNING CANDIDATE s0@group-A7200166065B:t15, leader=null, voted=s0, raftlog=s0@group-A7200166065B-SegmentedRaftLog:OPENED:c0,f0,i0, conf=0: [s0:0.0.0.0:33663, s1:0.0.0.0:41738, s2:0.0.0.0:43966], old=null RUNNING
  s1:  RUNNING CANDIDATE s1@group-A7200166065B:t15, leader=null, voted=s1, raftlog=s1@group-A7200166065B-SegmentedRaftLog:OPENED:c-1,f0,i0, conf=0: [s0:0.0.0.0:33663, s1:0.0.0.0:41738, s2:0.0.0.0:43966], old=null RUNNING
  s2:  RUNNING CANDIDATE s2@group-A7200166065B:t15, leader=null, voted=s2, raftlog=s2@group-A7200166065B-SegmentedRaftLog:OPENED:c-1,f0,i0, conf=0: [s0:0.0.0.0:33663, s1:0.0.0.0:41738, s2:0.0.0.0:43966], old=null RUNNING
	at org.apache.ratis.MiniRaftCluster.newIllegalStateExceptionForNoLeaders(MiniRaftCluster.java:506)
	at org.apache.ratis.RaftTestUtil.lambda$waitForLeader$1(RaftTestUtil.java:90)
	at org.apache.ratis.MiniRaftCluster.getLeader(MiniRaftCluster.java:539)
	at org.apache.ratis.MiniRaftCluster.getLeader(MiniRaftCluster.java:532)
	at org.apache.ratis.RaftTestUtil.lambda$waitForLeader$3(RaftTestUtil.java:98)
	at org.apache.ratis.util.JavaUtils.attempt(JavaUtils.java:152)
	at org.apache.ratis.RaftTestUtil.waitForLeader(RaftTestUtil.java:97)
	at org.apache.ratis.RaftTestUtil.waitForLeader(RaftTestUtil.java:77)
	at org.apache.ratis.RaftTestUtil.waitForLeader(RaftTestUtil.java:72)
	at org.apache.ratis.RaftTestUtil.lambda$changeLeader$7(RaftTestUtil.java:363)
	at org.apache.ratis.util.JavaUtils.attempt(JavaUtils.java:152)
	at org.apache.ratis.RaftTestUtil.changeLeader(RaftTestUtil.java:362)
	at org.apache.ratis.server.impl.LeaderElectionTests.testChangeLeader(LeaderElectionTests.java:81)
	at sun.reflect.NativeMethodAccessorImpl.invoke0(Native Method)
	at sun.reflect.NativeMethodAccessorImpl.invoke(NativeMethodAccessorImpl.java:62)
	at sun.reflect.DelegatingMethodAccessorImpl.invoke(DelegatingMethodAccessorImpl.java:43)
	at java.lang.reflect.Method.invoke(Method.java:498)
	at org.junit.runners.model.FrameworkMethod$1.runReflectiveCall(FrameworkMethod.java:50)
	at org.junit.internal.runners.model.ReflectiveCallable.run(ReflectiveCallable.java:12)
	at org.junit.runners.model.FrameworkMethod.invokeExplosively(FrameworkMethod.java:47)
	at org.junit.internal.runners.statements.InvokeMethod.evaluate(InvokeMethod.java:17)
	at org.junit.internal.runners.statements.RunAfters.evaluate(RunAfters.java:27)
	at org.junit.internal.runners.statements.FailOnTimeout$CallableStatement.call(FailOnTimeout.java:298)
	at org.junit.internal.runners.statements.FailOnTimeout$CallableStatement.call(FailOnTimeout.java:292)
	at java.util.concurrent.FutureTask.run(FutureTask.java:266)
	at java.lang.Thread.run(Thread.java:748)
2019-09-24 16:29:59,219 WARN  ratis.RaftTestUtil (JavaUtils.java:attempt(158)) - FAILED "waitForLeader-null-(expectLeader? true)", attempt #12/100: java.lang.IllegalStateException: No leader yet : printing ALL groups
  s0:  RUNNING CANDIDATE s0@group-A7200166065B:t15, leader=null, voted=s0, raftlog=s0@group-A7200166065B-SegmentedRaftLog:OPENED:c0,f0,i0, conf=0: [s0:0.0.0.0:33663, s1:0.0.0.0:41738, s2:0.0.0.0:43966], old=null RUNNING
  s1:  RUNNING CANDIDATE s1@group-A7200166065B:t15, leader=null, voted=s1, raftlog=s1@group-A7200166065B-SegmentedRaftLog:OPENED:c-1,f0,i0, conf=0: [s0:0.0.0.0:33663, s1:0.0.0.0:41738, s2:0.0.0.0:43966], old=null RUNNING
  s2:  RUNNING CANDIDATE s2@group-A7200166065B:t15, leader=null, voted=s2, raftlog=s2@group-A7200166065B-SegmentedRaftLog:OPENED:c-1,f0,i0, conf=0: [s0:0.0.0.0:33663, s1:0.0.0.0:41738, s2:0.0.0.0:43966], old=null RUNNING, sleep 450ms and then retry.
java.lang.IllegalStateException: No leader yet : printing ALL groups
  s0:  RUNNING CANDIDATE s0@group-A7200166065B:t15, leader=null, voted=s0, raftlog=s0@group-A7200166065B-SegmentedRaftLog:OPENED:c0,f0,i0, conf=0: [s0:0.0.0.0:33663, s1:0.0.0.0:41738, s2:0.0.0.0:43966], old=null RUNNING
  s1:  RUNNING CANDIDATE s1@group-A7200166065B:t15, leader=null, voted=s1, raftlog=s1@group-A7200166065B-SegmentedRaftLog:OPENED:c-1,f0,i0, conf=0: [s0:0.0.0.0:33663, s1:0.0.0.0:41738, s2:0.0.0.0:43966], old=null RUNNING
  s2:  RUNNING CANDIDATE s2@group-A7200166065B:t15, leader=null, voted=s2, raftlog=s2@group-A7200166065B-SegmentedRaftLog:OPENED:c-1,f0,i0, conf=0: [s0:0.0.0.0:33663, s1:0.0.0.0:41738, s2:0.0.0.0:43966], old=null RUNNING
	at org.apache.ratis.MiniRaftCluster.newIllegalStateExceptionForNoLeaders(MiniRaftCluster.java:506)
	at org.apache.ratis.RaftTestUtil.lambda$waitForLeader$1(RaftTestUtil.java:90)
	at org.apache.ratis.MiniRaftCluster.getLeader(MiniRaftCluster.java:539)
	at org.apache.ratis.MiniRaftCluster.getLeader(MiniRaftCluster.java:532)
	at org.apache.ratis.RaftTestUtil.lambda$waitForLeader$3(RaftTestUtil.java:98)
	at org.apache.ratis.util.JavaUtils.attempt(JavaUtils.java:152)
	at org.apache.ratis.RaftTestUtil.waitForLeader(RaftTestUtil.java:97)
	at org.apache.ratis.RaftTestUtil.waitForLeader(RaftTestUtil.java:77)
	at org.apache.ratis.RaftTestUtil.waitForLeader(RaftTestUtil.java:72)
	at org.apache.ratis.RaftTestUtil.lambda$changeLeader$7(RaftTestUtil.java:363)
	at org.apache.ratis.util.JavaUtils.attempt(JavaUtils.java:152)
	at org.apache.ratis.RaftTestUtil.changeLeader(RaftTestUtil.java:362)
	at org.apache.ratis.server.impl.LeaderElectionTests.testChangeLeader(LeaderElectionTests.java:81)
	at sun.reflect.NativeMethodAccessorImpl.invoke0(Native Method)
	at sun.reflect.NativeMethodAccessorImpl.invoke(NativeMethodAccessorImpl.java:62)
	at sun.reflect.DelegatingMethodAccessorImpl.invoke(DelegatingMethodAccessorImpl.java:43)
	at java.lang.reflect.Method.invoke(Method.java:498)
	at org.junit.runners.model.FrameworkMethod$1.runReflectiveCall(FrameworkMethod.java:50)
	at org.junit.internal.runners.model.ReflectiveCallable.run(ReflectiveCallable.java:12)
	at org.junit.runners.model.FrameworkMethod.invokeExplosively(FrameworkMethod.java:47)
	at org.junit.internal.runners.statements.InvokeMethod.evaluate(InvokeMethod.java:17)
	at org.junit.internal.runners.statements.RunAfters.evaluate(RunAfters.java:27)
	at org.junit.internal.runners.statements.FailOnTimeout$CallableStatement.call(FailOnTimeout.java:298)
	at org.junit.internal.runners.statements.FailOnTimeout$CallableStatement.call(FailOnTimeout.java:292)
	at java.util.concurrent.FutureTask.run(FutureTask.java:266)
	at java.lang.Thread.run(Thread.java:748)
2019-09-24 16:29:59,670 WARN  ratis.RaftTestUtil (JavaUtils.java:attempt(158)) - FAILED "waitForLeader-null-(expectLeader? true)", attempt #13/100: java.lang.IllegalStateException: No leader yet : printing ALL groups
  s0:  RUNNING CANDIDATE s0@group-A7200166065B:t15, leader=null, voted=s0, raftlog=s0@group-A7200166065B-SegmentedRaftLog:OPENED:c0,f0,i0, conf=0: [s0:0.0.0.0:33663, s1:0.0.0.0:41738, s2:0.0.0.0:43966], old=null RUNNING
  s1:  RUNNING CANDIDATE s1@group-A7200166065B:t15, leader=null, voted=s1, raftlog=s1@group-A7200166065B-SegmentedRaftLog:OPENED:c-1,f0,i0, conf=0: [s0:0.0.0.0:33663, s1:0.0.0.0:41738, s2:0.0.0.0:43966], old=null RUNNING
  s2:  RUNNING CANDIDATE s2@group-A7200166065B:t15, leader=null, voted=s2, raftlog=s2@group-A7200166065B-SegmentedRaftLog:OPENED:c-1,f0,i0, conf=0: [s0:0.0.0.0:33663, s1:0.0.0.0:41738, s2:0.0.0.0:43966], old=null RUNNING, sleep 450ms and then retry.
java.lang.IllegalStateException: No leader yet : printing ALL groups
  s0:  RUNNING CANDIDATE s0@group-A7200166065B:t15, leader=null, voted=s0, raftlog=s0@group-A7200166065B-SegmentedRaftLog:OPENED:c0,f0,i0, conf=0: [s0:0.0.0.0:33663, s1:0.0.0.0:41738, s2:0.0.0.0:43966], old=null RUNNING
  s1:  RUNNING CANDIDATE s1@group-A7200166065B:t15, leader=null, voted=s1, raftlog=s1@group-A7200166065B-SegmentedRaftLog:OPENED:c-1,f0,i0, conf=0: [s0:0.0.0.0:33663, s1:0.0.0.0:41738, s2:0.0.0.0:43966], old=null RUNNING
  s2:  RUNNING CANDIDATE s2@group-A7200166065B:t15, leader=null, voted=s2, raftlog=s2@group-A7200166065B-SegmentedRaftLog:OPENED:c-1,f0,i0, conf=0: [s0:0.0.0.0:33663, s1:0.0.0.0:41738, s2:0.0.0.0:43966], old=null RUNNING
	at org.apache.ratis.MiniRaftCluster.newIllegalStateExceptionForNoLeaders(MiniRaftCluster.java:506)
	at org.apache.ratis.RaftTestUtil.lambda$waitForLeader$1(RaftTestUtil.java:90)
	at org.apache.ratis.MiniRaftCluster.getLeader(MiniRaftCluster.java:539)
	at org.apache.ratis.MiniRaftCluster.getLeader(MiniRaftCluster.java:532)
	at org.apache.ratis.RaftTestUtil.lambda$waitForLeader$3(RaftTestUtil.java:98)
	at org.apache.ratis.util.JavaUtils.attempt(JavaUtils.java:152)
	at org.apache.ratis.RaftTestUtil.waitForLeader(RaftTestUtil.java:97)
	at org.apache.ratis.RaftTestUtil.waitForLeader(RaftTestUtil.java:77)
	at org.apache.ratis.RaftTestUtil.waitForLeader(RaftTestUtil.java:72)
	at org.apache.ratis.RaftTestUtil.lambda$changeLeader$7(RaftTestUtil.java:363)
	at org.apache.ratis.util.JavaUtils.attempt(JavaUtils.java:152)
	at org.apache.ratis.RaftTestUtil.changeLeader(RaftTestUtil.java:362)
	at org.apache.ratis.server.impl.LeaderElectionTests.testChangeLeader(LeaderElectionTests.java:81)
	at sun.reflect.NativeMethodAccessorImpl.invoke0(Native Method)
	at sun.reflect.NativeMethodAccessorImpl.invoke(NativeMethodAccessorImpl.java:62)
	at sun.reflect.DelegatingMethodAccessorImpl.invoke(DelegatingMethodAccessorImpl.java:43)
	at java.lang.reflect.Method.invoke(Method.java:498)
	at org.junit.runners.model.FrameworkMethod$1.runReflectiveCall(FrameworkMethod.java:50)
	at org.junit.internal.runners.model.ReflectiveCallable.run(ReflectiveCallable.java:12)
	at org.junit.runners.model.FrameworkMethod.invokeExplosively(FrameworkMethod.java:47)
	at org.junit.internal.runners.statements.InvokeMethod.evaluate(InvokeMethod.java:17)
	at org.junit.internal.runners.statements.RunAfters.evaluate(RunAfters.java:27)
	at org.junit.internal.runners.statements.FailOnTimeout$CallableStatement.call(FailOnTimeout.java:298)
	at org.junit.internal.runners.statements.FailOnTimeout$CallableStatement.call(FailOnTimeout.java:292)
	at java.util.concurrent.FutureTask.run(FutureTask.java:266)
	at java.lang.Thread.run(Thread.java:748)
2019-09-24 16:30:00,122 WARN  ratis.RaftTestUtil (JavaUtils.java:attempt(158)) - FAILED "waitForLeader-null-(expectLeader? true)", attempt #14/100: java.lang.IllegalStateException: No leader yet : printing ALL groups
  s0:  RUNNING CANDIDATE s0@group-A7200166065B:t15, leader=null, voted=s0, raftlog=s0@group-A7200166065B-SegmentedRaftLog:OPENED:c0,f0,i0, conf=0: [s0:0.0.0.0:33663, s1:0.0.0.0:41738, s2:0.0.0.0:43966], old=null RUNNING
  s1:  RUNNING CANDIDATE s1@group-A7200166065B:t15, leader=null, voted=s1, raftlog=s1@group-A7200166065B-SegmentedRaftLog:OPENED:c-1,f0,i0, conf=0: [s0:0.0.0.0:33663, s1:0.0.0.0:41738, s2:0.0.0.0:43966], old=null RUNNING
  s2:  RUNNING CANDIDATE s2@group-A7200166065B:t15, leader=null, voted=s2, raftlog=s2@group-A7200166065B-SegmentedRaftLog:OPENED:c-1,f0,i0, conf=0: [s0:0.0.0.0:33663, s1:0.0.0.0:41738, s2:0.0.0.0:43966], old=null RUNNING, sleep 450ms and then retry.
java.lang.IllegalStateException: No leader yet : printing ALL groups
  s0:  RUNNING CANDIDATE s0@group-A7200166065B:t15, leader=null, voted=s0, raftlog=s0@group-A7200166065B-SegmentedRaftLog:OPENED:c0,f0,i0, conf=0: [s0:0.0.0.0:33663, s1:0.0.0.0:41738, s2:0.0.0.0:43966], old=null RUNNING
  s1:  RUNNING CANDIDATE s1@group-A7200166065B:t15, leader=null, voted=s1, raftlog=s1@group-A7200166065B-SegmentedRaftLog:OPENED:c-1,f0,i0, conf=0: [s0:0.0.0.0:33663, s1:0.0.0.0:41738, s2:0.0.0.0:43966], old=null RUNNING
  s2:  RUNNING CANDIDATE s2@group-A7200166065B:t15, leader=null, voted=s2, raftlog=s2@group-A7200166065B-SegmentedRaftLog:OPENED:c-1,f0,i0, conf=0: [s0:0.0.0.0:33663, s1:0.0.0.0:41738, s2:0.0.0.0:43966], old=null RUNNING
	at org.apache.ratis.MiniRaftCluster.newIllegalStateExceptionForNoLeaders(MiniRaftCluster.java:506)
	at org.apache.ratis.RaftTestUtil.lambda$waitForLeader$1(RaftTestUtil.java:90)
	at org.apache.ratis.MiniRaftCluster.getLeader(MiniRaftCluster.java:539)
	at org.apache.ratis.MiniRaftCluster.getLeader(MiniRaftCluster.java:532)
	at org.apache.ratis.RaftTestUtil.lambda$waitForLeader$3(RaftTestUtil.java:98)
	at org.apache.ratis.util.JavaUtils.attempt(JavaUtils.java:152)
	at org.apache.ratis.RaftTestUtil.waitForLeader(RaftTestUtil.java:97)
	at org.apache.ratis.RaftTestUtil.waitForLeader(RaftTestUtil.java:77)
	at org.apache.ratis.RaftTestUtil.waitForLeader(RaftTestUtil.java:72)
	at org.apache.ratis.RaftTestUtil.lambda$changeLeader$7(RaftTestUtil.java:363)
	at org.apache.ratis.util.JavaUtils.attempt(JavaUtils.java:152)
	at org.apache.ratis.RaftTestUtil.changeLeader(RaftTestUtil.java:362)
	at org.apache.ratis.server.impl.LeaderElectionTests.testChangeLeader(LeaderElectionTests.java:81)
	at sun.reflect.NativeMethodAccessorImpl.invoke0(Native Method)
	at sun.reflect.NativeMethodAccessorImpl.invoke(NativeMethodAccessorImpl.java:62)
	at sun.reflect.DelegatingMethodAccessorImpl.invoke(DelegatingMethodAccessorImpl.java:43)
	at java.lang.reflect.Method.invoke(Method.java:498)
	at org.junit.runners.model.FrameworkMethod$1.runReflectiveCall(FrameworkMethod.java:50)
	at org.junit.internal.runners.model.ReflectiveCallable.run(ReflectiveCallable.java:12)
	at org.junit.runners.model.FrameworkMethod.invokeExplosively(FrameworkMethod.java:47)
	at org.junit.internal.runners.statements.InvokeMethod.evaluate(InvokeMethod.java:17)
	at org.junit.internal.runners.statements.RunAfters.evaluate(RunAfters.java:27)
	at org.junit.internal.runners.statements.FailOnTimeout$CallableStatement.call(FailOnTimeout.java:298)
	at org.junit.internal.runners.statements.FailOnTimeout$CallableStatement.call(FailOnTimeout.java:292)
	at java.util.concurrent.FutureTask.run(FutureTask.java:266)
	at java.lang.Thread.run(Thread.java:748)
2019-09-24 16:30:00,573 WARN  ratis.RaftTestUtil (JavaUtils.java:attempt(158)) - FAILED "waitForLeader-null-(expectLeader? true)", attempt #15/100: java.lang.IllegalStateException: No leader yet : printing ALL groups
  s0:  RUNNING CANDIDATE s0@group-A7200166065B:t15, leader=null, voted=s0, raftlog=s0@group-A7200166065B-SegmentedRaftLog:OPENED:c0,f0,i0, conf=0: [s0:0.0.0.0:33663, s1:0.0.0.0:41738, s2:0.0.0.0:43966], old=null RUNNING
  s1:  RUNNING CANDIDATE s1@group-A7200166065B:t15, leader=null, voted=s1, raftlog=s1@group-A7200166065B-SegmentedRaftLog:OPENED:c-1,f0,i0, conf=0: [s0:0.0.0.0:33663, s1:0.0.0.0:41738, s2:0.0.0.0:43966], old=null RUNNING
  s2:  RUNNING CANDIDATE s2@group-A7200166065B:t15, leader=null, voted=s2, raftlog=s2@group-A7200166065B-SegmentedRaftLog:OPENED:c-1,f0,i0, conf=0: [s0:0.0.0.0:33663, s1:0.0.0.0:41738, s2:0.0.0.0:43966], old=null RUNNING, sleep 450ms and then retry.
java.lang.IllegalStateException: No leader yet : printing ALL groups
  s0:  RUNNING CANDIDATE s0@group-A7200166065B:t15, leader=null, voted=s0, raftlog=s0@group-A7200166065B-SegmentedRaftLog:OPENED:c0,f0,i0, conf=0: [s0:0.0.0.0:33663, s1:0.0.0.0:41738, s2:0.0.0.0:43966], old=null RUNNING
  s1:  RUNNING CANDIDATE s1@group-A7200166065B:t15, leader=null, voted=s1, raftlog=s1@group-A7200166065B-SegmentedRaftLog:OPENED:c-1,f0,i0, conf=0: [s0:0.0.0.0:33663, s1:0.0.0.0:41738, s2:0.0.0.0:43966], old=null RUNNING
  s2:  RUNNING CANDIDATE s2@group-A7200166065B:t15, leader=null, voted=s2, raftlog=s2@group-A7200166065B-SegmentedRaftLog:OPENED:c-1,f0,i0, conf=0: [s0:0.0.0.0:33663, s1:0.0.0.0:41738, s2:0.0.0.0:43966], old=null RUNNING
	at org.apache.ratis.MiniRaftCluster.newIllegalStateExceptionForNoLeaders(MiniRaftCluster.java:506)
	at org.apache.ratis.RaftTestUtil.lambda$waitForLeader$1(RaftTestUtil.java:90)
	at org.apache.ratis.MiniRaftCluster.getLeader(MiniRaftCluster.java:539)
	at org.apache.ratis.MiniRaftCluster.getLeader(MiniRaftCluster.java:532)
	at org.apache.ratis.RaftTestUtil.lambda$waitForLeader$3(RaftTestUtil.java:98)
	at org.apache.ratis.util.JavaUtils.attempt(JavaUtils.java:152)
	at org.apache.ratis.RaftTestUtil.waitForLeader(RaftTestUtil.java:97)
	at org.apache.ratis.RaftTestUtil.waitForLeader(RaftTestUtil.java:77)
	at org.apache.ratis.RaftTestUtil.waitForLeader(RaftTestUtil.java:72)
	at org.apache.ratis.RaftTestUtil.lambda$changeLeader$7(RaftTestUtil.java:363)
	at org.apache.ratis.util.JavaUtils.attempt(JavaUtils.java:152)
	at org.apache.ratis.RaftTestUtil.changeLeader(RaftTestUtil.java:362)
	at org.apache.ratis.server.impl.LeaderElectionTests.testChangeLeader(LeaderElectionTests.java:81)
	at sun.reflect.NativeMethodAccessorImpl.invoke0(Native Method)
	at sun.reflect.NativeMethodAccessorImpl.invoke(NativeMethodAccessorImpl.java:62)
	at sun.reflect.DelegatingMethodAccessorImpl.invoke(DelegatingMethodAccessorImpl.java:43)
	at java.lang.reflect.Method.invoke(Method.java:498)
	at org.junit.runners.model.FrameworkMethod$1.runReflectiveCall(FrameworkMethod.java:50)
	at org.junit.internal.runners.model.ReflectiveCallable.run(ReflectiveCallable.java:12)
	at org.junit.runners.model.FrameworkMethod.invokeExplosively(FrameworkMethod.java:47)
	at org.junit.internal.runners.statements.InvokeMethod.evaluate(InvokeMethod.java:17)
	at org.junit.internal.runners.statements.RunAfters.evaluate(RunAfters.java:27)
	at org.junit.internal.runners.statements.FailOnTimeout$CallableStatement.call(FailOnTimeout.java:298)
	at org.junit.internal.runners.statements.FailOnTimeout$CallableStatement.call(FailOnTimeout.java:292)
	at java.util.concurrent.FutureTask.run(FutureTask.java:266)
	at java.lang.Thread.run(Thread.java:748)
2019-09-24 16:30:01,024 WARN  ratis.RaftTestUtil (JavaUtils.java:attempt(158)) - FAILED "waitForLeader-null-(expectLeader? true)", attempt #16/100: java.lang.IllegalStateException: No leader yet : printing ALL groups
  s0:  RUNNING CANDIDATE s0@group-A7200166065B:t15, leader=null, voted=s0, raftlog=s0@group-A7200166065B-SegmentedRaftLog:OPENED:c0,f0,i0, conf=0: [s0:0.0.0.0:33663, s1:0.0.0.0:41738, s2:0.0.0.0:43966], old=null RUNNING
  s1:  RUNNING CANDIDATE s1@group-A7200166065B:t15, leader=null, voted=s1, raftlog=s1@group-A7200166065B-SegmentedRaftLog:OPENED:c-1,f0,i0, conf=0: [s0:0.0.0.0:33663, s1:0.0.0.0:41738, s2:0.0.0.0:43966], old=null RUNNING
  s2:  RUNNING CANDIDATE s2@group-A7200166065B:t15, leader=null, voted=s2, raftlog=s2@group-A7200166065B-SegmentedRaftLog:OPENED:c-1,f0,i0, conf=0: [s0:0.0.0.0:33663, s1:0.0.0.0:41738, s2:0.0.0.0:43966], old=null RUNNING, sleep 450ms and then retry.
java.lang.IllegalStateException: No leader yet : printing ALL groups
  s0:  RUNNING CANDIDATE s0@group-A7200166065B:t15, leader=null, voted=s0, raftlog=s0@group-A7200166065B-SegmentedRaftLog:OPENED:c0,f0,i0, conf=0: [s0:0.0.0.0:33663, s1:0.0.0.0:41738, s2:0.0.0.0:43966], old=null RUNNING
  s1:  RUNNING CANDIDATE s1@group-A7200166065B:t15, leader=null, voted=s1, raftlog=s1@group-A7200166065B-SegmentedRaftLog:OPENED:c-1,f0,i0, conf=0: [s0:0.0.0.0:33663, s1:0.0.0.0:41738, s2:0.0.0.0:43966], old=null RUNNING
  s2:  RUNNING CANDIDATE s2@group-A7200166065B:t15, leader=null, voted=s2, raftlog=s2@group-A7200166065B-SegmentedRaftLog:OPENED:c-1,f0,i0, conf=0: [s0:0.0.0.0:33663, s1:0.0.0.0:41738, s2:0.0.0.0:43966], old=null RUNNING
	at org.apache.ratis.MiniRaftCluster.newIllegalStateExceptionForNoLeaders(MiniRaftCluster.java:506)
	at org.apache.ratis.RaftTestUtil.lambda$waitForLeader$1(RaftTestUtil.java:90)
	at org.apache.ratis.MiniRaftCluster.getLeader(MiniRaftCluster.java:539)
	at org.apache.ratis.MiniRaftCluster.getLeader(MiniRaftCluster.java:532)
	at org.apache.ratis.RaftTestUtil.lambda$waitForLeader$3(RaftTestUtil.java:98)
	at org.apache.ratis.util.JavaUtils.attempt(JavaUtils.java:152)
	at org.apache.ratis.RaftTestUtil.waitForLeader(RaftTestUtil.java:97)
	at org.apache.ratis.RaftTestUtil.waitForLeader(RaftTestUtil.java:77)
	at org.apache.ratis.RaftTestUtil.waitForLeader(RaftTestUtil.java:72)
	at org.apache.ratis.RaftTestUtil.lambda$changeLeader$7(RaftTestUtil.java:363)
	at org.apache.ratis.util.JavaUtils.attempt(JavaUtils.java:152)
	at org.apache.ratis.RaftTestUtil.changeLeader(RaftTestUtil.java:362)
	at org.apache.ratis.server.impl.LeaderElectionTests.testChangeLeader(LeaderElectionTests.java:81)
	at sun.reflect.NativeMethodAccessorImpl.invoke0(Native Method)
	at sun.reflect.NativeMethodAccessorImpl.invoke(NativeMethodAccessorImpl.java:62)
	at sun.reflect.DelegatingMethodAccessorImpl.invoke(DelegatingMethodAccessorImpl.java:43)
	at java.lang.reflect.Method.invoke(Method.java:498)
	at org.junit.runners.model.FrameworkMethod$1.runReflectiveCall(FrameworkMethod.java:50)
	at org.junit.internal.runners.model.ReflectiveCallable.run(ReflectiveCallable.java:12)
	at org.junit.runners.model.FrameworkMethod.invokeExplosively(FrameworkMethod.java:47)
	at org.junit.internal.runners.statements.InvokeMethod.evaluate(InvokeMethod.java:17)
	at org.junit.internal.runners.statements.RunAfters.evaluate(RunAfters.java:27)
	at org.junit.internal.runners.statements.FailOnTimeout$CallableStatement.call(FailOnTimeout.java:298)
	at org.junit.internal.runners.statements.FailOnTimeout$CallableStatement.call(FailOnTimeout.java:292)
	at java.util.concurrent.FutureTask.run(FutureTask.java:266)
	at java.lang.Thread.run(Thread.java:748)
2019-09-24 16:30:01,273 INFO  ratis.MiniRaftCluster (MiniRaftCluster.java:lambda$null$5(297)) - TIMED-PRINT: printing ALL groups
  s0:  RUNNING CANDIDATE s0@group-A7200166065B:t15, leader=null, voted=s0, raftlog=s0@group-A7200166065B-SegmentedRaftLog:OPENED:c0,f0,i0, conf=0: [s0:0.0.0.0:33663, s1:0.0.0.0:41738, s2:0.0.0.0:43966], old=null RUNNING
  s1:  RUNNING CANDIDATE s1@group-A7200166065B:t15, leader=null, voted=s1, raftlog=s1@group-A7200166065B-SegmentedRaftLog:OPENED:c-1,f0,i0, conf=0: [s0:0.0.0.0:33663, s1:0.0.0.0:41738, s2:0.0.0.0:43966], old=null RUNNING
  s2:  RUNNING CANDIDATE s2@group-A7200166065B:t15, leader=null, voted=s2, raftlog=s2@group-A7200166065B-SegmentedRaftLog:OPENED:c-1,f0,i0, conf=0: [s0:0.0.0.0:33663, s1:0.0.0.0:41738, s2:0.0.0.0:43966], old=null RUNNING
2019-09-24 16:30:01,476 WARN  ratis.RaftTestUtil (JavaUtils.java:attempt(158)) - FAILED "waitForLeader-null-(expectLeader? true)", attempt #17/100: java.lang.IllegalStateException: No leader yet : printing ALL groups
  s0:  RUNNING CANDIDATE s0@group-A7200166065B:t15, leader=null, voted=s0, raftlog=s0@group-A7200166065B-SegmentedRaftLog:OPENED:c0,f0,i0, conf=0: [s0:0.0.0.0:33663, s1:0.0.0.0:41738, s2:0.0.0.0:43966], old=null RUNNING
  s1:  RUNNING CANDIDATE s1@group-A7200166065B:t15, leader=null, voted=s1, raftlog=s1@group-A7200166065B-SegmentedRaftLog:OPENED:c-1,f0,i0, conf=0: [s0:0.0.0.0:33663, s1:0.0.0.0:41738, s2:0.0.0.0:43966], old=null RUNNING
  s2:  RUNNING CANDIDATE s2@group-A7200166065B:t15, leader=null, voted=s2, raftlog=s2@group-A7200166065B-SegmentedRaftLog:OPENED:c-1,f0,i0, conf=0: [s0:0.0.0.0:33663, s1:0.0.0.0:41738, s2:0.0.0.0:43966], old=null RUNNING, sleep 450ms and then retry.
java.lang.IllegalStateException: No leader yet : printing ALL groups
  s0:  RUNNING CANDIDATE s0@group-A7200166065B:t15, leader=null, voted=s0, raftlog=s0@group-A7200166065B-SegmentedRaftLog:OPENED:c0,f0,i0, conf=0: [s0:0.0.0.0:33663, s1:0.0.0.0:41738, s2:0.0.0.0:43966], old=null RUNNING
  s1:  RUNNING CANDIDATE s1@group-A7200166065B:t15, leader=null, voted=s1, raftlog=s1@group-A7200166065B-SegmentedRaftLog:OPENED:c-1,f0,i0, conf=0: [s0:0.0.0.0:33663, s1:0.0.0.0:41738, s2:0.0.0.0:43966], old=null RUNNING
  s2:  RUNNING CANDIDATE s2@group-A7200166065B:t15, leader=null, voted=s2, raftlog=s2@group-A7200166065B-SegmentedRaftLog:OPENED:c-1,f0,i0, conf=0: [s0:0.0.0.0:33663, s1:0.0.0.0:41738, s2:0.0.0.0:43966], old=null RUNNING
	at org.apache.ratis.MiniRaftCluster.newIllegalStateExceptionForNoLeaders(MiniRaftCluster.java:506)
	at org.apache.ratis.RaftTestUtil.lambda$waitForLeader$1(RaftTestUtil.java:90)
	at org.apache.ratis.MiniRaftCluster.getLeader(MiniRaftCluster.java:539)
	at org.apache.ratis.MiniRaftCluster.getLeader(MiniRaftCluster.java:532)
	at org.apache.ratis.RaftTestUtil.lambda$waitForLeader$3(RaftTestUtil.java:98)
	at org.apache.ratis.util.JavaUtils.attempt(JavaUtils.java:152)
	at org.apache.ratis.RaftTestUtil.waitForLeader(RaftTestUtil.java:97)
	at org.apache.ratis.RaftTestUtil.waitForLeader(RaftTestUtil.java:77)
	at org.apache.ratis.RaftTestUtil.waitForLeader(RaftTestUtil.java:72)
	at org.apache.ratis.RaftTestUtil.lambda$changeLeader$7(RaftTestUtil.java:363)
	at org.apache.ratis.util.JavaUtils.attempt(JavaUtils.java:152)
	at org.apache.ratis.RaftTestUtil.changeLeader(RaftTestUtil.java:362)
	at org.apache.ratis.server.impl.LeaderElectionTests.testChangeLeader(LeaderElectionTests.java:81)
	at sun.reflect.NativeMethodAccessorImpl.invoke0(Native Method)
	at sun.reflect.NativeMethodAccessorImpl.invoke(NativeMethodAccessorImpl.java:62)
	at sun.reflect.DelegatingMethodAccessorImpl.invoke(DelegatingMethodAccessorImpl.java:43)
	at java.lang.reflect.Method.invoke(Method.java:498)
	at org.junit.runners.model.FrameworkMethod$1.runReflectiveCall(FrameworkMethod.java:50)
	at org.junit.internal.runners.model.ReflectiveCallable.run(ReflectiveCallable.java:12)
	at org.junit.runners.model.FrameworkMethod.invokeExplosively(FrameworkMethod.java:47)
	at org.junit.internal.runners.statements.InvokeMethod.evaluate(InvokeMethod.java:17)
	at org.junit.internal.runners.statements.RunAfters.evaluate(RunAfters.java:27)
	at org.junit.internal.runners.statements.FailOnTimeout$CallableStatement.call(FailOnTimeout.java:298)
	at org.junit.internal.runners.statements.FailOnTimeout$CallableStatement.call(FailOnTimeout.java:292)
	at java.util.concurrent.FutureTask.run(FutureTask.java:266)
	at java.lang.Thread.run(Thread.java:748)
2019-09-24 16:30:01,927 WARN  ratis.RaftTestUtil (JavaUtils.java:attempt(158)) - FAILED "waitForLeader-null-(expectLeader? true)", attempt #18/100: java.lang.IllegalStateException: No leader yet : printing ALL groups
  s0:  RUNNING CANDIDATE s0@group-A7200166065B:t15, leader=null, voted=s0, raftlog=s0@group-A7200166065B-SegmentedRaftLog:OPENED:c0,f0,i0, conf=0: [s0:0.0.0.0:33663, s1:0.0.0.0:41738, s2:0.0.0.0:43966], old=null RUNNING
  s1:  RUNNING CANDIDATE s1@group-A7200166065B:t15, leader=null, voted=s1, raftlog=s1@group-A7200166065B-SegmentedRaftLog:OPENED:c-1,f0,i0, conf=0: [s0:0.0.0.0:33663, s1:0.0.0.0:41738, s2:0.0.0.0:43966], old=null RUNNING
  s2:  RUNNING CANDIDATE s2@group-A7200166065B:t15, leader=null, voted=s2, raftlog=s2@group-A7200166065B-SegmentedRaftLog:OPENED:c-1,f0,i0, conf=0: [s0:0.0.0.0:33663, s1:0.0.0.0:41738, s2:0.0.0.0:43966], old=null RUNNING, sleep 450ms and then retry.
java.lang.IllegalStateException: No leader yet : printing ALL groups
  s0:  RUNNING CANDIDATE s0@group-A7200166065B:t15, leader=null, voted=s0, raftlog=s0@group-A7200166065B-SegmentedRaftLog:OPENED:c0,f0,i0, conf=0: [s0:0.0.0.0:33663, s1:0.0.0.0:41738, s2:0.0.0.0:43966], old=null RUNNING
  s1:  RUNNING CANDIDATE s1@group-A7200166065B:t15, leader=null, voted=s1, raftlog=s1@group-A7200166065B-SegmentedRaftLog:OPENED:c-1,f0,i0, conf=0: [s0:0.0.0.0:33663, s1:0.0.0.0:41738, s2:0.0.0.0:43966], old=null RUNNING
  s2:  RUNNING CANDIDATE s2@group-A7200166065B:t15, leader=null, voted=s2, raftlog=s2@group-A7200166065B-SegmentedRaftLog:OPENED:c-1,f0,i0, conf=0: [s0:0.0.0.0:33663, s1:0.0.0.0:41738, s2:0.0.0.0:43966], old=null RUNNING
	at org.apache.ratis.MiniRaftCluster.newIllegalStateExceptionForNoLeaders(MiniRaftCluster.java:506)
	at org.apache.ratis.RaftTestUtil.lambda$waitForLeader$1(RaftTestUtil.java:90)
	at org.apache.ratis.MiniRaftCluster.getLeader(MiniRaftCluster.java:539)
	at org.apache.ratis.MiniRaftCluster.getLeader(MiniRaftCluster.java:532)
	at org.apache.ratis.RaftTestUtil.lambda$waitForLeader$3(RaftTestUtil.java:98)
	at org.apache.ratis.util.JavaUtils.attempt(JavaUtils.java:152)
	at org.apache.ratis.RaftTestUtil.waitForLeader(RaftTestUtil.java:97)
	at org.apache.ratis.RaftTestUtil.waitForLeader(RaftTestUtil.java:77)
	at org.apache.ratis.RaftTestUtil.waitForLeader(RaftTestUtil.java:72)
	at org.apache.ratis.RaftTestUtil.lambda$changeLeader$7(RaftTestUtil.java:363)
	at org.apache.ratis.util.JavaUtils.attempt(JavaUtils.java:152)
	at org.apache.ratis.RaftTestUtil.changeLeader(RaftTestUtil.java:362)
	at org.apache.ratis.server.impl.LeaderElectionTests.testChangeLeader(LeaderElectionTests.java:81)
	at sun.reflect.NativeMethodAccessorImpl.invoke0(Native Method)
	at sun.reflect.NativeMethodAccessorImpl.invoke(NativeMethodAccessorImpl.java:62)
	at sun.reflect.DelegatingMethodAccessorImpl.invoke(DelegatingMethodAccessorImpl.java:43)
	at java.lang.reflect.Method.invoke(Method.java:498)
	at org.junit.runners.model.FrameworkMethod$1.runReflectiveCall(FrameworkMethod.java:50)
	at org.junit.internal.runners.model.ReflectiveCallable.run(ReflectiveCallable.java:12)
	at org.junit.runners.model.FrameworkMethod.invokeExplosively(FrameworkMethod.java:47)
	at org.junit.internal.runners.statements.InvokeMethod.evaluate(InvokeMethod.java:17)
	at org.junit.internal.runners.statements.RunAfters.evaluate(RunAfters.java:27)
	at org.junit.internal.runners.statements.FailOnTimeout$CallableStatement.call(FailOnTimeout.java:298)
	at org.junit.internal.runners.statements.FailOnTimeout$CallableStatement.call(FailOnTimeout.java:292)
	at java.util.concurrent.FutureTask.run(FutureTask.java:266)
	at java.lang.Thread.run(Thread.java:748)
2019-09-24 16:30:02,378 WARN  ratis.RaftTestUtil (JavaUtils.java:attempt(158)) - FAILED "waitForLeader-null-(expectLeader? true)", attempt #19/100: java.lang.IllegalStateException: No leader yet : printing ALL groups
  s0:  RUNNING CANDIDATE s0@group-A7200166065B:t15, leader=null, voted=s0, raftlog=s0@group-A7200166065B-SegmentedRaftLog:OPENED:c0,f0,i0, conf=0: [s0:0.0.0.0:33663, s1:0.0.0.0:41738, s2:0.0.0.0:43966], old=null RUNNING
  s1:  RUNNING CANDIDATE s1@group-A7200166065B:t15, leader=null, voted=s1, raftlog=s1@group-A7200166065B-SegmentedRaftLog:OPENED:c-1,f0,i0, conf=0: [s0:0.0.0.0:33663, s1:0.0.0.0:41738, s2:0.0.0.0:43966], old=null RUNNING
  s2:  RUNNING CANDIDATE s2@group-A7200166065B:t15, leader=null, voted=s2, raftlog=s2@group-A7200166065B-SegmentedRaftLog:OPENED:c-1,f0,i0, conf=0: [s0:0.0.0.0:33663, s1:0.0.0.0:41738, s2:0.0.0.0:43966], old=null RUNNING, sleep 450ms and then retry.
java.lang.IllegalStateException: No leader yet : printing ALL groups
  s0:  RUNNING CANDIDATE s0@group-A7200166065B:t15, leader=null, voted=s0, raftlog=s0@group-A7200166065B-SegmentedRaftLog:OPENED:c0,f0,i0, conf=0: [s0:0.0.0.0:33663, s1:0.0.0.0:41738, s2:0.0.0.0:43966], old=null RUNNING
  s1:  RUNNING CANDIDATE s1@group-A7200166065B:t15, leader=null, voted=s1, raftlog=s1@group-A7200166065B-SegmentedRaftLog:OPENED:c-1,f0,i0, conf=0: [s0:0.0.0.0:33663, s1:0.0.0.0:41738, s2:0.0.0.0:43966], old=null RUNNING
  s2:  RUNNING CANDIDATE s2@group-A7200166065B:t15, leader=null, voted=s2, raftlog=s2@group-A7200166065B-SegmentedRaftLog:OPENED:c-1,f0,i0, conf=0: [s0:0.0.0.0:33663, s1:0.0.0.0:41738, s2:0.0.0.0:43966], old=null RUNNING
	at org.apache.ratis.MiniRaftCluster.newIllegalStateExceptionForNoLeaders(MiniRaftCluster.java:506)
	at org.apache.ratis.RaftTestUtil.lambda$waitForLeader$1(RaftTestUtil.java:90)
	at org.apache.ratis.MiniRaftCluster.getLeader(MiniRaftCluster.java:539)
	at org.apache.ratis.MiniRaftCluster.getLeader(MiniRaftCluster.java:532)
	at org.apache.ratis.RaftTestUtil.lambda$waitForLeader$3(RaftTestUtil.java:98)
	at org.apache.ratis.util.JavaUtils.attempt(JavaUtils.java:152)
	at org.apache.ratis.RaftTestUtil.waitForLeader(RaftTestUtil.java:97)
	at org.apache.ratis.RaftTestUtil.waitForLeader(RaftTestUtil.java:77)
	at org.apache.ratis.RaftTestUtil.waitForLeader(RaftTestUtil.java:72)
	at org.apache.ratis.RaftTestUtil.lambda$changeLeader$7(RaftTestUtil.java:363)
	at org.apache.ratis.util.JavaUtils.attempt(JavaUtils.java:152)
	at org.apache.ratis.RaftTestUtil.changeLeader(RaftTestUtil.java:362)
	at org.apache.ratis.server.impl.LeaderElectionTests.testChangeLeader(LeaderElectionTests.java:81)
	at sun.reflect.NativeMethodAccessorImpl.invoke0(Native Method)
	at sun.reflect.NativeMethodAccessorImpl.invoke(NativeMethodAccessorImpl.java:62)
	at sun.reflect.DelegatingMethodAccessorImpl.invoke(DelegatingMethodAccessorImpl.java:43)
	at java.lang.reflect.Method.invoke(Method.java:498)
	at org.junit.runners.model.FrameworkMethod$1.runReflectiveCall(FrameworkMethod.java:50)
	at org.junit.internal.runners.model.ReflectiveCallable.run(ReflectiveCallable.java:12)
	at org.junit.runners.model.FrameworkMethod.invokeExplosively(FrameworkMethod.java:47)
	at org.junit.internal.runners.statements.InvokeMethod.evaluate(InvokeMethod.java:17)
	at org.junit.internal.runners.statements.RunAfters.evaluate(RunAfters.java:27)
	at org.junit.internal.runners.statements.FailOnTimeout$CallableStatement.call(FailOnTimeout.java:298)
	at org.junit.internal.runners.statements.FailOnTimeout$CallableStatement.call(FailOnTimeout.java:292)
	at java.util.concurrent.FutureTask.run(FutureTask.java:266)
	at java.lang.Thread.run(Thread.java:748)
2019-09-24 16:30:02,789 INFO  impl.LeaderElection (LeaderElection.java:askForVotes(178)) - s1@group-A7200166065B-LeaderElection139: begin an election at term 15 for 0: [s0:0.0.0.0:33663, s1:0.0.0.0:41738, s2:0.0.0.0:43966], old=null
2019-09-24 16:30:02,789 INFO  impl.LeaderElection (LeaderElection.java:askForVotes(178)) - s2@group-A7200166065B-LeaderElection138: begin an election at term 15 for 0: [s0:0.0.0.0:33663, s1:0.0.0.0:41738, s2:0.0.0.0:43966], old=null
2019-09-24 16:30:02,789 INFO  impl.LeaderElection (LeaderElection.java:askForVotes(178)) - s0@group-A7200166065B-LeaderElection131: begin an election at term 15 for 0: [s0:0.0.0.0:33663, s1:0.0.0.0:41738, s2:0.0.0.0:43966], old=null
2019-09-24 16:30:02,790 DEBUG impl.RaftServerImpl (RaftServerImpl.java:requestVote(743)) - s0@group-A7200166065B: receive requestVote(s1, group-A7200166065B, 15, (t:3, i:0))
2019-09-24 16:30:02,790 DEBUG impl.RaftServerImpl (RaftServerImpl.java:requestVote(743)) - s0@group-A7200166065B: receive requestVote(s2, group-A7200166065B, 15, (t:3, i:0))
2019-09-24 16:30:02,791 DEBUG impl.RaftServerImpl (RaftServerImpl.java:requestVote(743)) - s1@group-A7200166065B: receive requestVote(s2, group-A7200166065B, 15, (t:3, i:0))
2019-09-24 16:30:02,791 DEBUG impl.RaftServerImpl (RaftServerImpl.java:requestVote(743)) - s2@group-A7200166065B: receive requestVote(s1, group-A7200166065B, 15, (t:3, i:0))
2019-09-24 16:30:02,791 DEBUG impl.RaftServerImpl (RaftServerImpl.java:requestVote(775)) - s0@group-A7200166065B replies to vote request: s1<-s0#0:FAIL-t15. Peer's state: s0@group-A7200166065B:t15, leader=null, voted=s0, raftlog=s0@group-A7200166065B-SegmentedRaftLog:OPENED:c0,f0,i0, conf=0: [s0:0.0.0.0:33663, s1:0.0.0.0:41738, s2:0.0.0.0:43966], old=null
2019-09-24 16:30:02,792 DEBUG impl.RaftServerImpl (RaftServerImpl.java:requestVote(775)) - s2@group-A7200166065B replies to vote request: s1<-s2#0:FAIL-t15. Peer's state: s2@group-A7200166065B:t15, leader=null, voted=s2, raftlog=s2@group-A7200166065B-SegmentedRaftLog:OPENED:c-1,f0,i0, conf=0: [s0:0.0.0.0:33663, s1:0.0.0.0:41738, s2:0.0.0.0:43966], old=null
2019-09-24 16:30:02,791 DEBUG impl.RaftServerImpl (RaftServerImpl.java:requestVote(775)) - s1@group-A7200166065B replies to vote request: s2<-s1#0:FAIL-t15. Peer's state: s1@group-A7200166065B:t15, leader=null, voted=s1, raftlog=s1@group-A7200166065B-SegmentedRaftLog:OPENED:c-1,f0,i0, conf=0: [s0:0.0.0.0:33663, s1:0.0.0.0:41738, s2:0.0.0.0:43966], old=null
2019-09-24 16:30:02,793 INFO  impl.LeaderElection (LeaderElection.java:logAndReturn(56)) - s1@group-A7200166065B-LeaderElection139: Election REJECTED; received 2 response(s) [s1<-s0#0:FAIL-t15, s1<-s2#0:FAIL-t15] and 0 exception(s); s1@group-A7200166065B:t15, leader=null, voted=s1, raftlog=s1@group-A7200166065B-SegmentedRaftLog:OPENED:c-1,f0,i0, conf=0: [s0:0.0.0.0:33663, s1:0.0.0.0:41738, s2:0.0.0.0:43966], old=null
2019-09-24 16:30:02,792 DEBUG impl.RaftServerImpl (RaftServerImpl.java:requestVote(775)) - s0@group-A7200166065B replies to vote request: s2<-s0#0:FAIL-t15. Peer's state: s0@group-A7200166065B:t15, leader=null, voted=s0, raftlog=s0@group-A7200166065B-SegmentedRaftLog:OPENED:c0,f0,i0, conf=0: [s0:0.0.0.0:33663, s1:0.0.0.0:41738, s2:0.0.0.0:43966], old=null
2019-09-24 16:30:02,793 INFO  impl.RaftServerImpl (RaftServerImpl.java:setRole(170)) - s1@group-A7200166065B: changes role from CANDIDATE to FOLLOWER at term 15 for DISCOVERED_A_NEW_TERM
2019-09-24 16:30:02,793 INFO  impl.RoleInfo (RoleInfo.java:shutdownLeaderElection(134)) - s1: shutdown LeaderElection
2019-09-24 16:30:02,793 INFO  impl.RoleInfo (RoleInfo.java:updateAndGet(143)) - s1: start FollowerState
2019-09-24 16:30:02,793 INFO  impl.LeaderElection (LeaderElection.java:logAndReturn(56)) - s2@group-A7200166065B-LeaderElection138: Election REJECTED; received 2 response(s) [s2<-s0#0:FAIL-t15, s2<-s1#0:FAIL-t15] and 0 exception(s); s2@group-A7200166065B:t15, leader=null, voted=s2, raftlog=s2@group-A7200166065B-SegmentedRaftLog:OPENED:c-1,f0,i0, conf=0: [s0:0.0.0.0:33663, s1:0.0.0.0:41738, s2:0.0.0.0:43966], old=null
2019-09-24 16:30:02,794 INFO  impl.RaftServerImpl (RaftServerImpl.java:setRole(170)) - s2@group-A7200166065B: changes role from CANDIDATE to FOLLOWER at term 15 for DISCOVERED_A_NEW_TERM
2019-09-24 16:30:02,794 INFO  impl.RoleInfo (RoleInfo.java:shutdownLeaderElection(134)) - s2: shutdown LeaderElection
2019-09-24 16:30:02,794 INFO  impl.RoleInfo (RoleInfo.java:updateAndGet(143)) - s2: start FollowerState
2019-09-24 16:30:02,829 WARN  ratis.RaftTestUtil (JavaUtils.java:attempt(158)) - FAILED "waitForLeader-null-(expectLeader? true)", attempt #20/100: java.lang.IllegalStateException: No leader yet : printing ALL groups
  s0:  RUNNING CANDIDATE s0@group-A7200166065B:t15, leader=null, voted=s0, raftlog=s0@group-A7200166065B-SegmentedRaftLog:OPENED:c0,f0,i0, conf=0: [s0:0.0.0.0:33663, s1:0.0.0.0:41738, s2:0.0.0.0:43966], old=null RUNNING
  s1:  RUNNING  FOLLOWER s1@group-A7200166065B:t15, leader=null, voted=s1, raftlog=s1@group-A7200166065B-SegmentedRaftLog:OPENED:c-1,f0,i0, conf=0: [s0:0.0.0.0:33663, s1:0.0.0.0:41738, s2:0.0.0.0:43966], old=null RUNNING
  s2:  RUNNING  FOLLOWER s2@group-A7200166065B:t15, leader=null, voted=s2, raftlog=s2@group-A7200166065B-SegmentedRaftLog:OPENED:c-1,f0,i0, conf=0: [s0:0.0.0.0:33663, s1:0.0.0.0:41738, s2:0.0.0.0:43966], old=null RUNNING, sleep 450ms and then retry.
java.lang.IllegalStateException: No leader yet : printing ALL groups
  s0:  RUNNING CANDIDATE s0@group-A7200166065B:t15, leader=null, voted=s0, raftlog=s0@group-A7200166065B-SegmentedRaftLog:OPENED:c0,f0,i0, conf=0: [s0:0.0.0.0:33663, s1:0.0.0.0:41738, s2:0.0.0.0:43966], old=null RUNNING
  s1:  RUNNING  FOLLOWER s1@group-A7200166065B:t15, leader=null, voted=s1, raftlog=s1@group-A7200166065B-SegmentedRaftLog:OPENED:c-1,f0,i0, conf=0: [s0:0.0.0.0:33663, s1:0.0.0.0:41738, s2:0.0.0.0:43966], old=null RUNNING
  s2:  RUNNING  FOLLOWER s2@group-A7200166065B:t15, leader=null, voted=s2, raftlog=s2@group-A7200166065B-SegmentedRaftLog:OPENED:c-1,f0,i0, conf=0: [s0:0.0.0.0:33663, s1:0.0.0.0:41738, s2:0.0.0.0:43966], old=null RUNNING
	at org.apache.ratis.MiniRaftCluster.newIllegalStateExceptionForNoLeaders(MiniRaftCluster.java:506)
	at org.apache.ratis.RaftTestUtil.lambda$waitForLeader$1(RaftTestUtil.java:90)
	at org.apache.ratis.MiniRaftCluster.getLeader(MiniRaftCluster.java:539)
	at org.apache.ratis.MiniRaftCluster.getLeader(MiniRaftCluster.java:532)
	at org.apache.ratis.RaftTestUtil.lambda$waitForLeader$3(RaftTestUtil.java:98)
	at org.apache.ratis.util.JavaUtils.attempt(JavaUtils.java:152)
	at org.apache.ratis.RaftTestUtil.waitForLeader(RaftTestUtil.java:97)
	at org.apache.ratis.RaftTestUtil.waitForLeader(RaftTestUtil.java:77)
	at org.apache.ratis.RaftTestUtil.waitForLeader(RaftTestUtil.java:72)
	at org.apache.ratis.RaftTestUtil.lambda$changeLeader$7(RaftTestUtil.java:363)
	at org.apache.ratis.util.JavaUtils.attempt(JavaUtils.java:152)
	at org.apache.ratis.RaftTestUtil.changeLeader(RaftTestUtil.java:362)
	at org.apache.ratis.server.impl.LeaderElectionTests.testChangeLeader(LeaderElectionTests.java:81)
	at sun.reflect.NativeMethodAccessorImpl.invoke0(Native Method)
	at sun.reflect.NativeMethodAccessorImpl.invoke(NativeMethodAccessorImpl.java:62)
	at sun.reflect.DelegatingMethodAccessorImpl.invoke(DelegatingMethodAccessorImpl.java:43)
	at java.lang.reflect.Method.invoke(Method.java:498)
	at org.junit.runners.model.FrameworkMethod$1.runReflectiveCall(FrameworkMethod.java:50)
	at org.junit.internal.runners.model.ReflectiveCallable.run(ReflectiveCallable.java:12)
	at org.junit.runners.model.FrameworkMethod.invokeExplosively(FrameworkMethod.java:47)
	at org.junit.internal.runners.statements.InvokeMethod.evaluate(InvokeMethod.java:17)
	at org.junit.internal.runners.statements.RunAfters.evaluate(RunAfters.java:27)
	at org.junit.internal.runners.statements.FailOnTimeout$CallableStatement.call(FailOnTimeout.java:298)
	at org.junit.internal.runners.statements.FailOnTimeout$CallableStatement.call(FailOnTimeout.java:292)
	at java.util.concurrent.FutureTask.run(FutureTask.java:266)
	at java.lang.Thread.run(Thread.java:748)
2019-09-24 16:30:02,948 INFO  impl.FollowerState (FollowerState.java:run(108)) - s1@group-A7200166065B-FollowerState: change to CANDIDATE, lastRpcTime:154ms, electionTimeout:154ms
2019-09-24 16:30:02,948 INFO  impl.RoleInfo (RoleInfo.java:shutdownFollowerState(121)) - s1: shutdown FollowerState
2019-09-24 16:30:02,949 INFO  impl.RaftServerImpl (RaftServerImpl.java:setRole(170)) - s1@group-A7200166065B: changes role from  FOLLOWER to CANDIDATE at term 15 for changeToCandidate
2019-09-24 16:30:02,949 INFO  impl.RoleInfo (RoleInfo.java:updateAndGet(143)) - s1: start LeaderElection
2019-09-24 16:30:02,955 INFO  impl.FollowerState (FollowerState.java:run(108)) - s2@group-A7200166065B-FollowerState: change to CANDIDATE, lastRpcTime:160ms, electionTimeout:160ms
2019-09-24 16:30:02,955 INFO  impl.RoleInfo (RoleInfo.java:shutdownFollowerState(121)) - s2: shutdown FollowerState
2019-09-24 16:30:02,955 INFO  impl.RaftServerImpl (RaftServerImpl.java:setRole(170)) - s2@group-A7200166065B: changes role from  FOLLOWER to CANDIDATE at term 15 for changeToCandidate
2019-09-24 16:30:02,955 INFO  impl.RoleInfo (RoleInfo.java:updateAndGet(143)) - s2: start LeaderElection
2019-09-24 16:30:03,068 INFO  impl.LeaderElection (LeaderElection.java:logAndReturn(56)) - s0@group-A7200166065B-LeaderElection131: Election TIMEOUT; received 0 response(s) [] and 0 exception(s); s0@group-A7200166065B:t15, leader=null, voted=s0, raftlog=s0@group-A7200166065B-SegmentedRaftLog:OPENED:c0,f0,i0, conf=0: [s0:0.0.0.0:33663, s1:0.0.0.0:41738, s2:0.0.0.0:43966], old=null
2019-09-24 16:30:03,280 WARN  ratis.RaftTestUtil (JavaUtils.java:attempt(158)) - FAILED "waitForLeader-null-(expectLeader? true)", attempt #21/100: java.lang.IllegalStateException: No leader yet : printing ALL groups
  s0:  RUNNING CANDIDATE s0@group-A7200166065B:t16, leader=null, voted=s0, raftlog=s0@group-A7200166065B-SegmentedRaftLog:OPENED:c0,f0,i0, conf=0: [s0:0.0.0.0:33663, s1:0.0.0.0:41738, s2:0.0.0.0:43966], old=null RUNNING
  s1:  RUNNING CANDIDATE s1@group-A7200166065B:t16, leader=null, voted=s1, raftlog=s1@group-A7200166065B-SegmentedRaftLog:OPENED:c-1,f0,i0, conf=0: [s0:0.0.0.0:33663, s1:0.0.0.0:41738, s2:0.0.0.0:43966], old=null RUNNING
  s2:  RUNNING CANDIDATE s2@group-A7200166065B:t16, leader=null, voted=s2, raftlog=s2@group-A7200166065B-SegmentedRaftLog:OPENED:c-1,f0,i0, conf=0: [s0:0.0.0.0:33663, s1:0.0.0.0:41738, s2:0.0.0.0:43966], old=null RUNNING, sleep 450ms and then retry.
java.lang.IllegalStateException: No leader yet : printing ALL groups
  s0:  RUNNING CANDIDATE s0@group-A7200166065B:t16, leader=null, voted=s0, raftlog=s0@group-A7200166065B-SegmentedRaftLog:OPENED:c0,f0,i0, conf=0: [s0:0.0.0.0:33663, s1:0.0.0.0:41738, s2:0.0.0.0:43966], old=null RUNNING
  s1:  RUNNING CANDIDATE s1@group-A7200166065B:t16, leader=null, voted=s1, raftlog=s1@group-A7200166065B-SegmentedRaftLog:OPENED:c-1,f0,i0, conf=0: [s0:0.0.0.0:33663, s1:0.0.0.0:41738, s2:0.0.0.0:43966], old=null RUNNING
  s2:  RUNNING CANDIDATE s2@group-A7200166065B:t16, leader=null, voted=s2, raftlog=s2@group-A7200166065B-SegmentedRaftLog:OPENED:c-1,f0,i0, conf=0: [s0:0.0.0.0:33663, s1:0.0.0.0:41738, s2:0.0.0.0:43966], old=null RUNNING
	at org.apache.ratis.MiniRaftCluster.newIllegalStateExceptionForNoLeaders(MiniRaftCluster.java:506)
	at org.apache.ratis.RaftTestUtil.lambda$waitForLeader$1(RaftTestUtil.java:90)
	at org.apache.ratis.MiniRaftCluster.getLeader(MiniRaftCluster.java:539)
	at org.apache.ratis.MiniRaftCluster.getLeader(MiniRaftCluster.java:532)
	at org.apache.ratis.RaftTestUtil.lambda$waitForLeader$3(RaftTestUtil.java:98)
	at org.apache.ratis.util.JavaUtils.attempt(JavaUtils.java:152)
	at org.apache.ratis.RaftTestUtil.waitForLeader(RaftTestUtil.java:97)
	at org.apache.ratis.RaftTestUtil.waitForLeader(RaftTestUtil.java:77)
	at org.apache.ratis.RaftTestUtil.waitForLeader(RaftTestUtil.java:72)
	at org.apache.ratis.RaftTestUtil.lambda$changeLeader$7(RaftTestUtil.java:363)
	at org.apache.ratis.util.JavaUtils.attempt(JavaUtils.java:152)
	at org.apache.ratis.RaftTestUtil.changeLeader(RaftTestUtil.java:362)
	at org.apache.ratis.server.impl.LeaderElectionTests.testChangeLeader(LeaderElectionTests.java:81)
	at sun.reflect.NativeMethodAccessorImpl.invoke0(Native Method)
	at sun.reflect.NativeMethodAccessorImpl.invoke(NativeMethodAccessorImpl.java:62)
	at sun.reflect.DelegatingMethodAccessorImpl.invoke(DelegatingMethodAccessorImpl.java:43)
	at java.lang.reflect.Method.invoke(Method.java:498)
	at org.junit.runners.model.FrameworkMethod$1.runReflectiveCall(FrameworkMethod.java:50)
	at org.junit.internal.runners.model.ReflectiveCallable.run(ReflectiveCallable.java:12)
	at org.junit.runners.model.FrameworkMethod.invokeExplosively(FrameworkMethod.java:47)
	at org.junit.internal.runners.statements.InvokeMethod.evaluate(InvokeMethod.java:17)
	at org.junit.internal.runners.statements.RunAfters.evaluate(RunAfters.java:27)
	at org.junit.internal.runners.statements.FailOnTimeout$CallableStatement.call(FailOnTimeout.java:298)
	at org.junit.internal.runners.statements.FailOnTimeout$CallableStatement.call(FailOnTimeout.java:292)
	at java.util.concurrent.FutureTask.run(FutureTask.java:266)
	at java.lang.Thread.run(Thread.java:748)
2019-09-24 16:30:03,731 WARN  ratis.RaftTestUtil (JavaUtils.java:attempt(158)) - FAILED "waitForLeader-null-(expectLeader? true)", attempt #22/100: java.lang.IllegalStateException: No leader yet : printing ALL groups
  s0:  RUNNING CANDIDATE s0@group-A7200166065B:t16, leader=null, voted=s0, raftlog=s0@group-A7200166065B-SegmentedRaftLog:OPENED:c0,f0,i0, conf=0: [s0:0.0.0.0:33663, s1:0.0.0.0:41738, s2:0.0.0.0:43966], old=null RUNNING
  s1:  RUNNING CANDIDATE s1@group-A7200166065B:t16, leader=null, voted=s1, raftlog=s1@group-A7200166065B-SegmentedRaftLog:OPENED:c-1,f0,i0, conf=0: [s0:0.0.0.0:33663, s1:0.0.0.0:41738, s2:0.0.0.0:43966], old=null RUNNING
  s2:  RUNNING CANDIDATE s2@group-A7200166065B:t16, leader=null, voted=s2, raftlog=s2@group-A7200166065B-SegmentedRaftLog:OPENED:c-1,f0,i0, conf=0: [s0:0.0.0.0:33663, s1:0.0.0.0:41738, s2:0.0.0.0:43966], old=null RUNNING, sleep 450ms and then retry.
java.lang.IllegalStateException: No leader yet : printing ALL groups
  s0:  RUNNING CANDIDATE s0@group-A7200166065B:t16, leader=null, voted=s0, raftlog=s0@group-A7200166065B-SegmentedRaftLog:OPENED:c0,f0,i0, conf=0: [s0:0.0.0.0:33663, s1:0.0.0.0:41738, s2:0.0.0.0:43966], old=null RUNNING
  s1:  RUNNING CANDIDATE s1@group-A7200166065B:t16, leader=null, voted=s1, raftlog=s1@group-A7200166065B-SegmentedRaftLog:OPENED:c-1,f0,i0, conf=0: [s0:0.0.0.0:33663, s1:0.0.0.0:41738, s2:0.0.0.0:43966], old=null RUNNING
  s2:  RUNNING CANDIDATE s2@group-A7200166065B:t16, leader=null, voted=s2, raftlog=s2@group-A7200166065B-SegmentedRaftLog:OPENED:c-1,f0,i0, conf=0: [s0:0.0.0.0:33663, s1:0.0.0.0:41738, s2:0.0.0.0:43966], old=null RUNNING
	at org.apache.ratis.MiniRaftCluster.newIllegalStateExceptionForNoLeaders(MiniRaftCluster.java:506)
	at org.apache.ratis.RaftTestUtil.lambda$waitForLeader$1(RaftTestUtil.java:90)
	at org.apache.ratis.MiniRaftCluster.getLeader(MiniRaftCluster.java:539)
	at org.apache.ratis.MiniRaftCluster.getLeader(MiniRaftCluster.java:532)
	at org.apache.ratis.RaftTestUtil.lambda$waitForLeader$3(RaftTestUtil.java:98)
	at org.apache.ratis.util.JavaUtils.attempt(JavaUtils.java:152)
	at org.apache.ratis.RaftTestUtil.waitForLeader(RaftTestUtil.java:97)
	at org.apache.ratis.RaftTestUtil.waitForLeader(RaftTestUtil.java:77)
	at org.apache.ratis.RaftTestUtil.waitForLeader(RaftTestUtil.java:72)
	at org.apache.ratis.RaftTestUtil.lambda$changeLeader$7(RaftTestUtil.java:363)
	at org.apache.ratis.util.JavaUtils.attempt(JavaUtils.java:152)
	at org.apache.ratis.RaftTestUtil.changeLeader(RaftTestUtil.java:362)
	at org.apache.ratis.server.impl.LeaderElectionTests.testChangeLeader(LeaderElectionTests.java:81)
	at sun.reflect.NativeMethodAccessorImpl.invoke0(Native Method)
	at sun.reflect.NativeMethodAccessorImpl.invoke(NativeMethodAccessorImpl.java:62)
	at sun.reflect.DelegatingMethodAccessorImpl.invoke(DelegatingMethodAccessorImpl.java:43)
	at java.lang.reflect.Method.invoke(Method.java:498)
	at org.junit.runners.model.FrameworkMethod$1.runReflectiveCall(FrameworkMethod.java:50)
	at org.junit.internal.runners.model.ReflectiveCallable.run(ReflectiveCallable.java:12)
	at org.junit.runners.model.FrameworkMethod.invokeExplosively(FrameworkMethod.java:47)
	at org.junit.internal.runners.statements.InvokeMethod.evaluate(InvokeMethod.java:17)
	at org.junit.internal.runners.statements.RunAfters.evaluate(RunAfters.java:27)
	at org.junit.internal.runners.statements.FailOnTimeout$CallableStatement.call(FailOnTimeout.java:298)
	at org.junit.internal.runners.statements.FailOnTimeout$CallableStatement.call(FailOnTimeout.java:292)
	at java.util.concurrent.FutureTask.run(FutureTask.java:266)
	at java.lang.Thread.run(Thread.java:748)
2019-09-24 16:30:04,182 WARN  ratis.RaftTestUtil (JavaUtils.java:attempt(158)) - FAILED "waitForLeader-null-(expectLeader? true)", attempt #23/100: java.lang.IllegalStateException: No leader yet : printing ALL groups
  s0:  RUNNING CANDIDATE s0@group-A7200166065B:t16, leader=null, voted=s0, raftlog=s0@group-A7200166065B-SegmentedRaftLog:OPENED:c0,f0,i0, conf=0: [s0:0.0.0.0:33663, s1:0.0.0.0:41738, s2:0.0.0.0:43966], old=null RUNNING
  s1:  RUNNING CANDIDATE s1@group-A7200166065B:t16, leader=null, voted=s1, raftlog=s1@group-A7200166065B-SegmentedRaftLog:OPENED:c-1,f0,i0, conf=0: [s0:0.0.0.0:33663, s1:0.0.0.0:41738, s2:0.0.0.0:43966], old=null RUNNING
  s2:  RUNNING CANDIDATE s2@group-A7200166065B:t16, leader=null, voted=s2, raftlog=s2@group-A7200166065B-SegmentedRaftLog:OPENED:c-1,f0,i0, conf=0: [s0:0.0.0.0:33663, s1:0.0.0.0:41738, s2:0.0.0.0:43966], old=null RUNNING, sleep 450ms and then retry.
java.lang.IllegalStateException: No leader yet : printing ALL groups
  s0:  RUNNING CANDIDATE s0@group-A7200166065B:t16, leader=null, voted=s0, raftlog=s0@group-A7200166065B-SegmentedRaftLog:OPENED:c0,f0,i0, conf=0: [s0:0.0.0.0:33663, s1:0.0.0.0:41738, s2:0.0.0.0:43966], old=null RUNNING
  s1:  RUNNING CANDIDATE s1@group-A7200166065B:t16, leader=null, voted=s1, raftlog=s1@group-A7200166065B-SegmentedRaftLog:OPENED:c-1,f0,i0, conf=0: [s0:0.0.0.0:33663, s1:0.0.0.0:41738, s2:0.0.0.0:43966], old=null RUNNING
  s2:  RUNNING CANDIDATE s2@group-A7200166065B:t16, leader=null, voted=s2, raftlog=s2@group-A7200166065B-SegmentedRaftLog:OPENED:c-1,f0,i0, conf=0: [s0:0.0.0.0:33663, s1:0.0.0.0:41738, s2:0.0.0.0:43966], old=null RUNNING
	at org.apache.ratis.MiniRaftCluster.newIllegalStateExceptionForNoLeaders(MiniRaftCluster.java:506)
	at org.apache.ratis.RaftTestUtil.lambda$waitForLeader$1(RaftTestUtil.java:90)
	at org.apache.ratis.MiniRaftCluster.getLeader(MiniRaftCluster.java:539)
	at org.apache.ratis.MiniRaftCluster.getLeader(MiniRaftCluster.java:532)
	at org.apache.ratis.RaftTestUtil.lambda$waitForLeader$3(RaftTestUtil.java:98)
	at org.apache.ratis.util.JavaUtils.attempt(JavaUtils.java:152)
	at org.apache.ratis.RaftTestUtil.waitForLeader(RaftTestUtil.java:97)
	at org.apache.ratis.RaftTestUtil.waitForLeader(RaftTestUtil.java:77)
	at org.apache.ratis.RaftTestUtil.waitForLeader(RaftTestUtil.java:72)
	at org.apache.ratis.RaftTestUtil.lambda$changeLeader$7(RaftTestUtil.java:363)
	at org.apache.ratis.util.JavaUtils.attempt(JavaUtils.java:152)
	at org.apache.ratis.RaftTestUtil.changeLeader(RaftTestUtil.java:362)
	at org.apache.ratis.server.impl.LeaderElectionTests.testChangeLeader(LeaderElectionTests.java:81)
	at sun.reflect.NativeMethodAccessorImpl.invoke0(Native Method)
	at sun.reflect.NativeMethodAccessorImpl.invoke(NativeMethodAccessorImpl.java:62)
	at sun.reflect.DelegatingMethodAccessorImpl.invoke(DelegatingMethodAccessorImpl.java:43)
	at java.lang.reflect.Method.invoke(Method.java:498)
	at org.junit.runners.model.FrameworkMethod$1.runReflectiveCall(FrameworkMethod.java:50)
	at org.junit.internal.runners.model.ReflectiveCallable.run(ReflectiveCallable.java:12)
	at org.junit.runners.model.FrameworkMethod.invokeExplosively(FrameworkMethod.java:47)
	at org.junit.internal.runners.statements.InvokeMethod.evaluate(InvokeMethod.java:17)
	at org.junit.internal.runners.statements.RunAfters.evaluate(RunAfters.java:27)
	at org.junit.internal.runners.statements.FailOnTimeout$CallableStatement.call(FailOnTimeout.java:298)
	at org.junit.internal.runners.statements.FailOnTimeout$CallableStatement.call(FailOnTimeout.java:292)
	at java.util.concurrent.FutureTask.run(FutureTask.java:266)
	at java.lang.Thread.run(Thread.java:748)
2019-09-24 16:30:04,634 WARN  ratis.RaftTestUtil (JavaUtils.java:attempt(158)) - FAILED "waitForLeader-null-(expectLeader? true)", attempt #24/100: java.lang.IllegalStateException: No leader yet : printing ALL groups
  s0:  RUNNING CANDIDATE s0@group-A7200166065B:t16, leader=null, voted=s0, raftlog=s0@group-A7200166065B-SegmentedRaftLog:OPENED:c0,f0,i0, conf=0: [s0:0.0.0.0:33663, s1:0.0.0.0:41738, s2:0.0.0.0:43966], old=null RUNNING
  s1:  RUNNING CANDIDATE s1@group-A7200166065B:t16, leader=null, voted=s1, raftlog=s1@group-A7200166065B-SegmentedRaftLog:OPENED:c-1,f0,i0, conf=0: [s0:0.0.0.0:33663, s1:0.0.0.0:41738, s2:0.0.0.0:43966], old=null RUNNING
  s2:  RUNNING CANDIDATE s2@group-A7200166065B:t16, leader=null, voted=s2, raftlog=s2@group-A7200166065B-SegmentedRaftLog:OPENED:c-1,f0,i0, conf=0: [s0:0.0.0.0:33663, s1:0.0.0.0:41738, s2:0.0.0.0:43966], old=null RUNNING, sleep 450ms and then retry.
java.lang.IllegalStateException: No leader yet : printing ALL groups
  s0:  RUNNING CANDIDATE s0@group-A7200166065B:t16, leader=null, voted=s0, raftlog=s0@group-A7200166065B-SegmentedRaftLog:OPENED:c0,f0,i0, conf=0: [s0:0.0.0.0:33663, s1:0.0.0.0:41738, s2:0.0.0.0:43966], old=null RUNNING
  s1:  RUNNING CANDIDATE s1@group-A7200166065B:t16, leader=null, voted=s1, raftlog=s1@group-A7200166065B-SegmentedRaftLog:OPENED:c-1,f0,i0, conf=0: [s0:0.0.0.0:33663, s1:0.0.0.0:41738, s2:0.0.0.0:43966], old=null RUNNING
  s2:  RUNNING CANDIDATE s2@group-A7200166065B:t16, leader=null, voted=s2, raftlog=s2@group-A7200166065B-SegmentedRaftLog:OPENED:c-1,f0,i0, conf=0: [s0:0.0.0.0:33663, s1:0.0.0.0:41738, s2:0.0.0.0:43966], old=null RUNNING
	at org.apache.ratis.MiniRaftCluster.newIllegalStateExceptionForNoLeaders(MiniRaftCluster.java:506)
	at org.apache.ratis.RaftTestUtil.lambda$waitForLeader$1(RaftTestUtil.java:90)
	at org.apache.ratis.MiniRaftCluster.getLeader(MiniRaftCluster.java:539)
	at org.apache.ratis.MiniRaftCluster.getLeader(MiniRaftCluster.java:532)
	at org.apache.ratis.RaftTestUtil.lambda$waitForLeader$3(RaftTestUtil.java:98)
	at org.apache.ratis.util.JavaUtils.attempt(JavaUtils.java:152)
	at org.apache.ratis.RaftTestUtil.waitForLeader(RaftTestUtil.java:97)
	at org.apache.ratis.RaftTestUtil.waitForLeader(RaftTestUtil.java:77)
	at org.apache.ratis.RaftTestUtil.waitForLeader(RaftTestUtil.java:72)
	at org.apache.ratis.RaftTestUtil.lambda$changeLeader$7(RaftTestUtil.java:363)
	at org.apache.ratis.util.JavaUtils.attempt(JavaUtils.java:152)
	at org.apache.ratis.RaftTestUtil.changeLeader(RaftTestUtil.java:362)
	at org.apache.ratis.server.impl.LeaderElectionTests.testChangeLeader(LeaderElectionTests.java:81)
	at sun.reflect.NativeMethodAccessorImpl.invoke0(Native Method)
	at sun.reflect.NativeMethodAccessorImpl.invoke(NativeMethodAccessorImpl.java:62)
	at sun.reflect.DelegatingMethodAccessorImpl.invoke(DelegatingMethodAccessorImpl.java:43)
	at java.lang.reflect.Method.invoke(Method.java:498)
	at org.junit.runners.model.FrameworkMethod$1.runReflectiveCall(FrameworkMethod.java:50)
	at org.junit.internal.runners.model.ReflectiveCallable.run(ReflectiveCallable.java:12)
	at org.junit.runners.model.FrameworkMethod.invokeExplosively(FrameworkMethod.java:47)
	at org.junit.internal.runners.statements.InvokeMethod.evaluate(InvokeMethod.java:17)
	at org.junit.internal.runners.statements.RunAfters.evaluate(RunAfters.java:27)
	at org.junit.internal.runners.statements.FailOnTimeout$CallableStatement.call(FailOnTimeout.java:298)
	at org.junit.internal.runners.statements.FailOnTimeout$CallableStatement.call(FailOnTimeout.java:292)
	at java.util.concurrent.FutureTask.run(FutureTask.java:266)
	at java.lang.Thread.run(Thread.java:748)
2019-09-24 16:30:05,085 WARN  ratis.RaftTestUtil (JavaUtils.java:attempt(158)) - FAILED "waitForLeader-null-(expectLeader? true)", attempt #25/100: java.lang.IllegalStateException: No leader yet : printing ALL groups
  s0:  RUNNING CANDIDATE s0@group-A7200166065B:t16, leader=null, voted=s0, raftlog=s0@group-A7200166065B-SegmentedRaftLog:OPENED:c0,f0,i0, conf=0: [s0:0.0.0.0:33663, s1:0.0.0.0:41738, s2:0.0.0.0:43966], old=null RUNNING
  s1:  RUNNING CANDIDATE s1@group-A7200166065B:t16, leader=null, voted=s1, raftlog=s1@group-A7200166065B-SegmentedRaftLog:OPENED:c-1,f0,i0, conf=0: [s0:0.0.0.0:33663, s1:0.0.0.0:41738, s2:0.0.0.0:43966], old=null RUNNING
  s2:  RUNNING CANDIDATE s2@group-A7200166065B:t16, leader=null, voted=s2, raftlog=s2@group-A7200166065B-SegmentedRaftLog:OPENED:c-1,f0,i0, conf=0: [s0:0.0.0.0:33663, s1:0.0.0.0:41738, s2:0.0.0.0:43966], old=null RUNNING, sleep 450ms and then retry.
java.lang.IllegalStateException: No leader yet : printing ALL groups
  s0:  RUNNING CANDIDATE s0@group-A7200166065B:t16, leader=null, voted=s0, raftlog=s0@group-A7200166065B-SegmentedRaftLog:OPENED:c0,f0,i0, conf=0: [s0:0.0.0.0:33663, s1:0.0.0.0:41738, s2:0.0.0.0:43966], old=null RUNNING
  s1:  RUNNING CANDIDATE s1@group-A7200166065B:t16, leader=null, voted=s1, raftlog=s1@group-A7200166065B-SegmentedRaftLog:OPENED:c-1,f0,i0, conf=0: [s0:0.0.0.0:33663, s1:0.0.0.0:41738, s2:0.0.0.0:43966], old=null RUNNING
  s2:  RUNNING CANDIDATE s2@group-A7200166065B:t16, leader=null, voted=s2, raftlog=s2@group-A7200166065B-SegmentedRaftLog:OPENED:c-1,f0,i0, conf=0: [s0:0.0.0.0:33663, s1:0.0.0.0:41738, s2:0.0.0.0:43966], old=null RUNNING
	at org.apache.ratis.MiniRaftCluster.newIllegalStateExceptionForNoLeaders(MiniRaftCluster.java:506)
	at org.apache.ratis.RaftTestUtil.lambda$waitForLeader$1(RaftTestUtil.java:90)
	at org.apache.ratis.MiniRaftCluster.getLeader(MiniRaftCluster.java:539)
	at org.apache.ratis.MiniRaftCluster.getLeader(MiniRaftCluster.java:532)
	at org.apache.ratis.RaftTestUtil.lambda$waitForLeader$3(RaftTestUtil.java:98)
	at org.apache.ratis.util.JavaUtils.attempt(JavaUtils.java:152)
	at org.apache.ratis.RaftTestUtil.waitForLeader(RaftTestUtil.java:97)
	at org.apache.ratis.RaftTestUtil.waitForLeader(RaftTestUtil.java:77)
	at org.apache.ratis.RaftTestUtil.waitForLeader(RaftTestUtil.java:72)
	at org.apache.ratis.RaftTestUtil.lambda$changeLeader$7(RaftTestUtil.java:363)
	at org.apache.ratis.util.JavaUtils.attempt(JavaUtils.java:152)
	at org.apache.ratis.RaftTestUtil.changeLeader(RaftTestUtil.java:362)
	at org.apache.ratis.server.impl.LeaderElectionTests.testChangeLeader(LeaderElectionTests.java:81)
	at sun.reflect.NativeMethodAccessorImpl.invoke0(Native Method)
	at sun.reflect.NativeMethodAccessorImpl.invoke(NativeMethodAccessorImpl.java:62)
	at sun.reflect.DelegatingMethodAccessorImpl.invoke(DelegatingMethodAccessorImpl.java:43)
	at java.lang.reflect.Method.invoke(Method.java:498)
	at org.junit.runners.model.FrameworkMethod$1.runReflectiveCall(FrameworkMethod.java:50)
	at org.junit.internal.runners.model.ReflectiveCallable.run(ReflectiveCallable.java:12)
	at org.junit.runners.model.FrameworkMethod.invokeExplosively(FrameworkMethod.java:47)
	at org.junit.internal.runners.statements.InvokeMethod.evaluate(InvokeMethod.java:17)
	at org.junit.internal.runners.statements.RunAfters.evaluate(RunAfters.java:27)
	at org.junit.internal.runners.statements.FailOnTimeout$CallableStatement.call(FailOnTimeout.java:298)
	at org.junit.internal.runners.statements.FailOnTimeout$CallableStatement.call(FailOnTimeout.java:292)
	at java.util.concurrent.FutureTask.run(FutureTask.java:266)
	at java.lang.Thread.run(Thread.java:748)
2019-09-24 16:30:05,148 INFO  impl.LeaderElection (LeaderElection.java:askForVotes(178)) - s2@group-A7200166065B-LeaderElection141: begin an election at term 16 for 0: [s0:0.0.0.0:33663, s1:0.0.0.0:41738, s2:0.0.0.0:43966], old=null
2019-09-24 16:30:05,148 INFO  impl.LeaderElection (LeaderElection.java:askForVotes(178)) - s1@group-A7200166065B-LeaderElection140: begin an election at term 16 for 0: [s0:0.0.0.0:33663, s1:0.0.0.0:41738, s2:0.0.0.0:43966], old=null
2019-09-24 16:30:05,148 INFO  impl.LeaderElection (LeaderElection.java:askForVotes(178)) - s0@group-A7200166065B-LeaderElection131: begin an election at term 16 for 0: [s0:0.0.0.0:33663, s1:0.0.0.0:41738, s2:0.0.0.0:43966], old=null
2019-09-24 16:30:05,149 DEBUG impl.RaftServerImpl (RaftServerImpl.java:requestVote(743)) - s0@group-A7200166065B: receive requestVote(s2, group-A7200166065B, 16, (t:3, i:0))
2019-09-24 16:30:05,149 DEBUG impl.RaftServerImpl (RaftServerImpl.java:requestVote(743)) - s1@group-A7200166065B: receive requestVote(s2, group-A7200166065B, 16, (t:3, i:0))
2019-09-24 16:30:05,149 DEBUG impl.RaftServerImpl (RaftServerImpl.java:requestVote(743)) - s0@group-A7200166065B: receive requestVote(s1, group-A7200166065B, 16, (t:3, i:0))
2019-09-24 16:30:05,150 DEBUG impl.RaftServerImpl (RaftServerImpl.java:requestVote(775)) - s1@group-A7200166065B replies to vote request: s2<-s1#0:FAIL-t16. Peer's state: s1@group-A7200166065B:t16, leader=null, voted=s1, raftlog=s1@group-A7200166065B-SegmentedRaftLog:OPENED:c-1,f0,i0, conf=0: [s0:0.0.0.0:33663, s1:0.0.0.0:41738, s2:0.0.0.0:43966], old=null
2019-09-24 16:30:05,149 DEBUG impl.RaftServerImpl (RaftServerImpl.java:requestVote(743)) - s2@group-A7200166065B: receive requestVote(s1, group-A7200166065B, 16, (t:3, i:0))
2019-09-24 16:30:05,149 DEBUG impl.RaftServerImpl (RaftServerImpl.java:requestVote(775)) - s0@group-A7200166065B replies to vote request: s2<-s0#0:FAIL-t16. Peer's state: s0@group-A7200166065B:t16, leader=null, voted=s0, raftlog=s0@group-A7200166065B-SegmentedRaftLog:OPENED:c0,f0,i0, conf=0: [s0:0.0.0.0:33663, s1:0.0.0.0:41738, s2:0.0.0.0:43966], old=null
2019-09-24 16:30:05,151 DEBUG impl.RaftServerImpl (RaftServerImpl.java:requestVote(775)) - s2@group-A7200166065B replies to vote request: s1<-s2#0:FAIL-t16. Peer's state: s2@group-A7200166065B:t16, leader=null, voted=s2, raftlog=s2@group-A7200166065B-SegmentedRaftLog:OPENED:c-1,f0,i0, conf=0: [s0:0.0.0.0:33663, s1:0.0.0.0:41738, s2:0.0.0.0:43966], old=null
2019-09-24 16:30:05,151 DEBUG impl.RaftServerImpl (RaftServerImpl.java:requestVote(775)) - s0@group-A7200166065B replies to vote request: s1<-s0#0:FAIL-t16. Peer's state: s0@group-A7200166065B:t16, leader=null, voted=s0, raftlog=s0@group-A7200166065B-SegmentedRaftLog:OPENED:c0,f0,i0, conf=0: [s0:0.0.0.0:33663, s1:0.0.0.0:41738, s2:0.0.0.0:43966], old=null
2019-09-24 16:30:05,151 INFO  impl.LeaderElection (LeaderElection.java:logAndReturn(56)) - s2@group-A7200166065B-LeaderElection141: Election REJECTED; received 2 response(s) [s2<-s0#0:FAIL-t16, s2<-s1#0:FAIL-t16] and 0 exception(s); s2@group-A7200166065B:t16, leader=null, voted=s2, raftlog=s2@group-A7200166065B-SegmentedRaftLog:OPENED:c-1,f0,i0, conf=0: [s0:0.0.0.0:33663, s1:0.0.0.0:41738, s2:0.0.0.0:43966], old=null
2019-09-24 16:30:05,152 INFO  impl.RaftServerImpl (RaftServerImpl.java:setRole(170)) - s2@group-A7200166065B: changes role from CANDIDATE to FOLLOWER at term 16 for DISCOVERED_A_NEW_TERM
2019-09-24 16:30:05,152 INFO  impl.LeaderElection (LeaderElection.java:logAndReturn(56)) - s1@group-A7200166065B-LeaderElection140: Election REJECTED; received 2 response(s) [s1<-s0#0:FAIL-t16, s1<-s2#0:FAIL-t16] and 0 exception(s); s1@group-A7200166065B:t16, leader=null, voted=s1, raftlog=s1@group-A7200166065B-SegmentedRaftLog:OPENED:c-1,f0,i0, conf=0: [s0:0.0.0.0:33663, s1:0.0.0.0:41738, s2:0.0.0.0:43966], old=null
2019-09-24 16:30:05,152 INFO  impl.RoleInfo (RoleInfo.java:shutdownLeaderElection(134)) - s2: shutdown LeaderElection
2019-09-24 16:30:05,152 INFO  impl.RaftServerImpl (RaftServerImpl.java:setRole(170)) - s1@group-A7200166065B: changes role from CANDIDATE to FOLLOWER at term 16 for DISCOVERED_A_NEW_TERM
2019-09-24 16:30:05,152 INFO  impl.RoleInfo (RoleInfo.java:updateAndGet(143)) - s2: start FollowerState
2019-09-24 16:30:05,152 INFO  impl.RoleInfo (RoleInfo.java:shutdownLeaderElection(134)) - s1: shutdown LeaderElection
2019-09-24 16:30:05,153 INFO  impl.RoleInfo (RoleInfo.java:updateAndGet(143)) - s1: start FollowerState
2019-09-24 16:30:05,309 INFO  impl.FollowerState (FollowerState.java:run(108)) - s1@group-A7200166065B-FollowerState: change to CANDIDATE, lastRpcTime:156ms, electionTimeout:156ms
2019-09-24 16:30:05,310 INFO  impl.RoleInfo (RoleInfo.java:shutdownFollowerState(121)) - s1: shutdown FollowerState
2019-09-24 16:30:05,310 INFO  impl.RaftServerImpl (RaftServerImpl.java:setRole(170)) - s1@group-A7200166065B: changes role from  FOLLOWER to CANDIDATE at term 16 for changeToCandidate
2019-09-24 16:30:05,310 INFO  impl.RoleInfo (RoleInfo.java:updateAndGet(143)) - s1: start LeaderElection
2019-09-24 16:30:05,365 INFO  impl.LeaderElection (LeaderElection.java:logAndReturn(56)) - s0@group-A7200166065B-LeaderElection131: Election TIMEOUT; received 0 response(s) [] and 0 exception(s); s0@group-A7200166065B:t16, leader=null, voted=s0, raftlog=s0@group-A7200166065B-SegmentedRaftLog:OPENED:c0,f0,i0, conf=0: [s0:0.0.0.0:33663, s1:0.0.0.0:41738, s2:0.0.0.0:43966], old=null
2019-09-24 16:30:05,398 INFO  impl.FollowerState (FollowerState.java:run(108)) - s2@group-A7200166065B-FollowerState: change to CANDIDATE, lastRpcTime:245ms, electionTimeout:245ms
2019-09-24 16:30:05,398 INFO  impl.RoleInfo (RoleInfo.java:shutdownFollowerState(121)) - s2: shutdown FollowerState
2019-09-24 16:30:05,398 INFO  impl.RaftServerImpl (RaftServerImpl.java:setRole(170)) - s2@group-A7200166065B: changes role from  FOLLOWER to CANDIDATE at term 16 for changeToCandidate
2019-09-24 16:30:05,399 INFO  impl.RoleInfo (RoleInfo.java:updateAndGet(143)) - s2: start LeaderElection
2019-09-24 16:30:05,442 INFO  impl.LeaderElection (LeaderElection.java:askForVotes(178)) - s0@group-A7200166065B-LeaderElection131: begin an election at term 17 for 0: [s0:0.0.0.0:33663, s1:0.0.0.0:41738, s2:0.0.0.0:43966], old=null
2019-09-24 16:30:05,442 INFO  impl.LeaderElection (LeaderElection.java:askForVotes(178)) - s1@group-A7200166065B-LeaderElection142: begin an election at term 17 for 0: [s0:0.0.0.0:33663, s1:0.0.0.0:41738, s2:0.0.0.0:43966], old=null
2019-09-24 16:30:05,443 INFO  impl.LeaderElection (LeaderElection.java:askForVotes(178)) - s2@group-A7200166065B-LeaderElection143: begin an election at term 17 for 0: [s0:0.0.0.0:33663, s1:0.0.0.0:41738, s2:0.0.0.0:43966], old=null
2019-09-24 16:30:05,444 DEBUG impl.RaftServerImpl (RaftServerImpl.java:requestVote(743)) - s0@group-A7200166065B: receive requestVote(s1, group-A7200166065B, 17, (t:3, i:0))
2019-09-24 16:30:05,444 DEBUG impl.RaftServerImpl (RaftServerImpl.java:requestVote(743)) - s2@group-A7200166065B: receive requestVote(s1, group-A7200166065B, 17, (t:3, i:0))
2019-09-24 16:30:05,445 DEBUG impl.RaftServerImpl (RaftServerImpl.java:requestVote(743)) - s1@group-A7200166065B: receive requestVote(s2, group-A7200166065B, 17, (t:3, i:0))
2019-09-24 16:30:05,444 DEBUG impl.RaftServerImpl (RaftServerImpl.java:requestVote(775)) - s0@group-A7200166065B replies to vote request: s1<-s0#0:FAIL-t17. Peer's state: s0@group-A7200166065B:t17, leader=null, voted=s0, raftlog=s0@group-A7200166065B-SegmentedRaftLog:OPENED:c0,f0,i0, conf=0: [s0:0.0.0.0:33663, s1:0.0.0.0:41738, s2:0.0.0.0:43966], old=null
2019-09-24 16:30:05,444 DEBUG impl.RaftServerImpl (RaftServerImpl.java:requestVote(743)) - s0@group-A7200166065B: receive requestVote(s2, group-A7200166065B, 17, (t:3, i:0))
2019-09-24 16:30:05,445 DEBUG impl.RaftServerImpl (RaftServerImpl.java:requestVote(775)) - s1@group-A7200166065B replies to vote request: s2<-s1#0:FAIL-t17. Peer's state: s1@group-A7200166065B:t17, leader=null, voted=s1, raftlog=s1@group-A7200166065B-SegmentedRaftLog:OPENED:c-1,f0,i0, conf=0: [s0:0.0.0.0:33663, s1:0.0.0.0:41738, s2:0.0.0.0:43966], old=null
2019-09-24 16:30:05,445 DEBUG impl.RaftServerImpl (RaftServerImpl.java:requestVote(775)) - s2@group-A7200166065B replies to vote request: s1<-s2#0:FAIL-t17. Peer's state: s2@group-A7200166065B:t17, leader=null, voted=s2, raftlog=s2@group-A7200166065B-SegmentedRaftLog:OPENED:c-1,f0,i0, conf=0: [s0:0.0.0.0:33663, s1:0.0.0.0:41738, s2:0.0.0.0:43966], old=null
2019-09-24 16:30:05,446 DEBUG impl.RaftServerImpl (RaftServerImpl.java:requestVote(775)) - s0@group-A7200166065B replies to vote request: s2<-s0#0:FAIL-t17. Peer's state: s0@group-A7200166065B:t17, leader=null, voted=s0, raftlog=s0@group-A7200166065B-SegmentedRaftLog:OPENED:c0,f0,i0, conf=0: [s0:0.0.0.0:33663, s1:0.0.0.0:41738, s2:0.0.0.0:43966], old=null
2019-09-24 16:30:05,447 INFO  impl.LeaderElection (LeaderElection.java:logAndReturn(56)) - s1@group-A7200166065B-LeaderElection142: Election REJECTED; received 2 response(s) [s1<-s0#0:FAIL-t17, s1<-s2#0:FAIL-t17] and 0 exception(s); s1@group-A7200166065B:t17, leader=null, voted=s1, raftlog=s1@group-A7200166065B-SegmentedRaftLog:OPENED:c-1,f0,i0, conf=0: [s0:0.0.0.0:33663, s1:0.0.0.0:41738, s2:0.0.0.0:43966], old=null
2019-09-24 16:30:05,447 INFO  impl.RaftServerImpl (RaftServerImpl.java:setRole(170)) - s1@group-A7200166065B: changes role from CANDIDATE to FOLLOWER at term 17 for DISCOVERED_A_NEW_TERM
2019-09-24 16:30:05,447 INFO  impl.RoleInfo (RoleInfo.java:shutdownLeaderElection(134)) - s1: shutdown LeaderElection
2019-09-24 16:30:05,447 INFO  impl.LeaderElection (LeaderElection.java:logAndReturn(56)) - s2@group-A7200166065B-LeaderElection143: Election REJECTED; received 2 response(s) [s2<-s0#0:FAIL-t17, s2<-s1#0:FAIL-t17] and 0 exception(s); s2@group-A7200166065B:t17, leader=null, voted=s2, raftlog=s2@group-A7200166065B-SegmentedRaftLog:OPENED:c-1,f0,i0, conf=0: [s0:0.0.0.0:33663, s1:0.0.0.0:41738, s2:0.0.0.0:43966], old=null
2019-09-24 16:30:05,447 INFO  impl.RoleInfo (RoleInfo.java:updateAndGet(143)) - s1: start FollowerState
2019-09-24 16:30:05,447 INFO  impl.RaftServerImpl (RaftServerImpl.java:setRole(170)) - s2@group-A7200166065B: changes role from CANDIDATE to FOLLOWER at term 17 for DISCOVERED_A_NEW_TERM
2019-09-24 16:30:05,448 INFO  impl.RoleInfo (RoleInfo.java:shutdownLeaderElection(134)) - s2: shutdown LeaderElection
2019-09-24 16:30:05,448 INFO  impl.RoleInfo (RoleInfo.java:updateAndGet(143)) - s2: start FollowerState
2019-09-24 16:30:05,537 WARN  ratis.RaftTestUtil (JavaUtils.java:attempt(158)) - FAILED "waitForLeader-null-(expectLeader? true)", attempt #26/100: java.lang.IllegalStateException: No leader yet : printing ALL groups
  s0:  RUNNING CANDIDATE s0@group-A7200166065B:t17, leader=null, voted=s0, raftlog=s0@group-A7200166065B-SegmentedRaftLog:OPENED:c0,f0,i0, conf=0: [s0:0.0.0.0:33663, s1:0.0.0.0:41738, s2:0.0.0.0:43966], old=null RUNNING
  s1:  RUNNING  FOLLOWER s1@group-A7200166065B:t17, leader=null, voted=s1, raftlog=s1@group-A7200166065B-SegmentedRaftLog:OPENED:c-1,f0,i0, conf=0: [s0:0.0.0.0:33663, s1:0.0.0.0:41738, s2:0.0.0.0:43966], old=null RUNNING
  s2:  RUNNING  FOLLOWER s2@group-A7200166065B:t17, leader=null, voted=s2, raftlog=s2@group-A7200166065B-SegmentedRaftLog:OPENED:c-1,f0,i0, conf=0: [s0:0.0.0.0:33663, s1:0.0.0.0:41738, s2:0.0.0.0:43966], old=null RUNNING, sleep 450ms and then retry.
java.lang.IllegalStateException: No leader yet : printing ALL groups
  s0:  RUNNING CANDIDATE s0@group-A7200166065B:t17, leader=null, voted=s0, raftlog=s0@group-A7200166065B-SegmentedRaftLog:OPENED:c0,f0,i0, conf=0: [s0:0.0.0.0:33663, s1:0.0.0.0:41738, s2:0.0.0.0:43966], old=null RUNNING
  s1:  RUNNING  FOLLOWER s1@group-A7200166065B:t17, leader=null, voted=s1, raftlog=s1@group-A7200166065B-SegmentedRaftLog:OPENED:c-1,f0,i0, conf=0: [s0:0.0.0.0:33663, s1:0.0.0.0:41738, s2:0.0.0.0:43966], old=null RUNNING
  s2:  RUNNING  FOLLOWER s2@group-A7200166065B:t17, leader=null, voted=s2, raftlog=s2@group-A7200166065B-SegmentedRaftLog:OPENED:c-1,f0,i0, conf=0: [s0:0.0.0.0:33663, s1:0.0.0.0:41738, s2:0.0.0.0:43966], old=null RUNNING
	at org.apache.ratis.MiniRaftCluster.newIllegalStateExceptionForNoLeaders(MiniRaftCluster.java:506)
	at org.apache.ratis.RaftTestUtil.lambda$waitForLeader$1(RaftTestUtil.java:90)
	at org.apache.ratis.MiniRaftCluster.getLeader(MiniRaftCluster.java:539)
	at org.apache.ratis.MiniRaftCluster.getLeader(MiniRaftCluster.java:532)
	at org.apache.ratis.RaftTestUtil.lambda$waitForLeader$3(RaftTestUtil.java:98)
	at org.apache.ratis.util.JavaUtils.attempt(JavaUtils.java:152)
	at org.apache.ratis.RaftTestUtil.waitForLeader(RaftTestUtil.java:97)
	at org.apache.ratis.RaftTestUtil.waitForLeader(RaftTestUtil.java:77)
	at org.apache.ratis.RaftTestUtil.waitForLeader(RaftTestUtil.java:72)
	at org.apache.ratis.RaftTestUtil.lambda$changeLeader$7(RaftTestUtil.java:363)
	at org.apache.ratis.util.JavaUtils.attempt(JavaUtils.java:152)
	at org.apache.ratis.RaftTestUtil.changeLeader(RaftTestUtil.java:362)
	at org.apache.ratis.server.impl.LeaderElectionTests.testChangeLeader(LeaderElectionTests.java:81)
	at sun.reflect.NativeMethodAccessorImpl.invoke0(Native Method)
	at sun.reflect.NativeMethodAccessorImpl.invoke(NativeMethodAccessorImpl.java:62)
	at sun.reflect.DelegatingMethodAccessorImpl.invoke(DelegatingMethodAccessorImpl.java:43)
	at java.lang.reflect.Method.invoke(Method.java:498)
	at org.junit.runners.model.FrameworkMethod$1.runReflectiveCall(FrameworkMethod.java:50)
	at org.junit.internal.runners.model.ReflectiveCallable.run(ReflectiveCallable.java:12)
	at org.junit.runners.model.FrameworkMethod.invokeExplosively(FrameworkMethod.java:47)
	at org.junit.internal.runners.statements.InvokeMethod.evaluate(InvokeMethod.java:17)
	at org.junit.internal.runners.statements.RunAfters.evaluate(RunAfters.java:27)
	at org.junit.internal.runners.statements.FailOnTimeout$CallableStatement.call(FailOnTimeout.java:298)
	at org.junit.internal.runners.statements.FailOnTimeout$CallableStatement.call(FailOnTimeout.java:292)
	at java.util.concurrent.FutureTask.run(FutureTask.java:266)
	at java.lang.Thread.run(Thread.java:748)
2019-09-24 16:30:05,602 INFO  impl.LeaderElection (LeaderElection.java:logAndReturn(56)) - s0@group-A7200166065B-LeaderElection131: Election TIMEOUT; received 0 response(s) [] and 0 exception(s); s0@group-A7200166065B:t17, leader=null, voted=s0, raftlog=s0@group-A7200166065B-SegmentedRaftLog:OPENED:c0,f0,i0, conf=0: [s0:0.0.0.0:33663, s1:0.0.0.0:41738, s2:0.0.0.0:43966], old=null
2019-09-24 16:30:05,616 INFO  impl.LeaderElection (LeaderElection.java:askForVotes(178)) - s0@group-A7200166065B-LeaderElection131: begin an election at term 18 for 0: [s0:0.0.0.0:33663, s1:0.0.0.0:41738, s2:0.0.0.0:43966], old=null
2019-09-24 16:30:05,685 INFO  impl.FollowerState (FollowerState.java:run(108)) - s1@group-A7200166065B-FollowerState: change to CANDIDATE, lastRpcTime:237ms, electionTimeout:237ms
2019-09-24 16:30:05,685 INFO  impl.RoleInfo (RoleInfo.java:shutdownFollowerState(121)) - s1: shutdown FollowerState
2019-09-24 16:30:05,685 INFO  impl.RaftServerImpl (RaftServerImpl.java:setRole(170)) - s1@group-A7200166065B: changes role from  FOLLOWER to CANDIDATE at term 17 for changeToCandidate
2019-09-24 16:30:05,685 INFO  impl.RoleInfo (RoleInfo.java:updateAndGet(143)) - s1: start LeaderElection
2019-09-24 16:30:05,724 INFO  impl.FollowerState (FollowerState.java:run(108)) - s2@group-A7200166065B-FollowerState: change to CANDIDATE, lastRpcTime:276ms, electionTimeout:276ms
2019-09-24 16:30:05,724 INFO  impl.RoleInfo (RoleInfo.java:shutdownFollowerState(121)) - s2: shutdown FollowerState
2019-09-24 16:30:05,725 INFO  impl.RaftServerImpl (RaftServerImpl.java:setRole(170)) - s2@group-A7200166065B: changes role from  FOLLOWER to CANDIDATE at term 17 for changeToCandidate
2019-09-24 16:30:05,725 INFO  impl.RoleInfo (RoleInfo.java:updateAndGet(143)) - s2: start LeaderElection
2019-09-24 16:30:05,816 INFO  impl.LeaderElection (LeaderElection.java:logAndReturn(56)) - s0@group-A7200166065B-LeaderElection131: Election TIMEOUT; received 0 response(s) [] and 0 exception(s); s0@group-A7200166065B:t18, leader=null, voted=s0, raftlog=s0@group-A7200166065B-SegmentedRaftLog:OPENED:c0,f0,i0, conf=0: [s0:0.0.0.0:33663, s1:0.0.0.0:41738, s2:0.0.0.0:43966], old=null
2019-09-24 16:30:05,988 WARN  ratis.RaftTestUtil (JavaUtils.java:attempt(158)) - FAILED "waitForLeader-null-(expectLeader? true)", attempt #27/100: java.lang.IllegalStateException: No leader yet : printing ALL groups
  s0:  RUNNING CANDIDATE s0@group-A7200166065B:t19, leader=null, voted=s0, raftlog=s0@group-A7200166065B-SegmentedRaftLog:OPENED:c0,f0,i0, conf=0: [s0:0.0.0.0:33663, s1:0.0.0.0:41738, s2:0.0.0.0:43966], old=null RUNNING
  s1:  RUNNING CANDIDATE s1@group-A7200166065B:t18, leader=null, voted=s1, raftlog=s1@group-A7200166065B-SegmentedRaftLog:OPENED:c-1,f0,i0, conf=0: [s0:0.0.0.0:33663, s1:0.0.0.0:41738, s2:0.0.0.0:43966], old=null RUNNING
  s2:  RUNNING CANDIDATE s2@group-A7200166065B:t18, leader=null, voted=s2, raftlog=s2@group-A7200166065B-SegmentedRaftLog:OPENED:c-1,f0,i0, conf=0: [s0:0.0.0.0:33663, s1:0.0.0.0:41738, s2:0.0.0.0:43966], old=null RUNNING, sleep 450ms and then retry.
java.lang.IllegalStateException: No leader yet : printing ALL groups
  s0:  RUNNING CANDIDATE s0@group-A7200166065B:t19, leader=null, voted=s0, raftlog=s0@group-A7200166065B-SegmentedRaftLog:OPENED:c0,f0,i0, conf=0: [s0:0.0.0.0:33663, s1:0.0.0.0:41738, s2:0.0.0.0:43966], old=null RUNNING
  s1:  RUNNING CANDIDATE s1@group-A7200166065B:t18, leader=null, voted=s1, raftlog=s1@group-A7200166065B-SegmentedRaftLog:OPENED:c-1,f0,i0, conf=0: [s0:0.0.0.0:33663, s1:0.0.0.0:41738, s2:0.0.0.0:43966], old=null RUNNING
  s2:  RUNNING CANDIDATE s2@group-A7200166065B:t18, leader=null, voted=s2, raftlog=s2@group-A7200166065B-SegmentedRaftLog:OPENED:c-1,f0,i0, conf=0: [s0:0.0.0.0:33663, s1:0.0.0.0:41738, s2:0.0.0.0:43966], old=null RUNNING
	at org.apache.ratis.MiniRaftCluster.newIllegalStateExceptionForNoLeaders(MiniRaftCluster.java:506)
	at org.apache.ratis.RaftTestUtil.lambda$waitForLeader$1(RaftTestUtil.java:90)
	at org.apache.ratis.MiniRaftCluster.getLeader(MiniRaftCluster.java:539)
	at org.apache.ratis.MiniRaftCluster.getLeader(MiniRaftCluster.java:532)
	at org.apache.ratis.RaftTestUtil.lambda$waitForLeader$3(RaftTestUtil.java:98)
	at org.apache.ratis.util.JavaUtils.attempt(JavaUtils.java:152)
	at org.apache.ratis.RaftTestUtil.waitForLeader(RaftTestUtil.java:97)
	at org.apache.ratis.RaftTestUtil.waitForLeader(RaftTestUtil.java:77)
	at org.apache.ratis.RaftTestUtil.waitForLeader(RaftTestUtil.java:72)
	at org.apache.ratis.RaftTestUtil.lambda$changeLeader$7(RaftTestUtil.java:363)
	at org.apache.ratis.util.JavaUtils.attempt(JavaUtils.java:152)
	at org.apache.ratis.RaftTestUtil.changeLeader(RaftTestUtil.java:362)
	at org.apache.ratis.server.impl.LeaderElectionTests.testChangeLeader(LeaderElectionTests.java:81)
	at sun.reflect.NativeMethodAccessorImpl.invoke0(Native Method)
	at sun.reflect.NativeMethodAccessorImpl.invoke(NativeMethodAccessorImpl.java:62)
	at sun.reflect.DelegatingMethodAccessorImpl.invoke(DelegatingMethodAccessorImpl.java:43)
	at java.lang.reflect.Method.invoke(Method.java:498)
	at org.junit.runners.model.FrameworkMethod$1.runReflectiveCall(FrameworkMethod.java:50)
	at org.junit.internal.runners.model.ReflectiveCallable.run(ReflectiveCallable.java:12)
	at org.junit.runners.model.FrameworkMethod.invokeExplosively(FrameworkMethod.java:47)
	at org.junit.internal.runners.statements.InvokeMethod.evaluate(InvokeMethod.java:17)
	at org.junit.internal.runners.statements.RunAfters.evaluate(RunAfters.java:27)
	at org.junit.internal.runners.statements.FailOnTimeout$CallableStatement.call(FailOnTimeout.java:298)
	at org.junit.internal.runners.statements.FailOnTimeout$CallableStatement.call(FailOnTimeout.java:292)
	at java.util.concurrent.FutureTask.run(FutureTask.java:266)
	at java.lang.Thread.run(Thread.java:748)
2019-09-24 16:30:06,052 INFO  impl.LeaderElection (LeaderElection.java:askForVotes(178)) - s2@group-A7200166065B-LeaderElection145: begin an election at term 18 for 0: [s0:0.0.0.0:33663, s1:0.0.0.0:41738, s2:0.0.0.0:43966], old=null
2019-09-24 16:30:06,052 INFO  impl.LeaderElection (LeaderElection.java:askForVotes(178)) - s1@group-A7200166065B-LeaderElection144: begin an election at term 18 for 0: [s0:0.0.0.0:33663, s1:0.0.0.0:41738, s2:0.0.0.0:43966], old=null
2019-09-24 16:30:06,053 INFO  impl.LeaderElection (LeaderElection.java:askForVotes(178)) - s0@group-A7200166065B-LeaderElection131: begin an election at term 19 for 0: [s0:0.0.0.0:33663, s1:0.0.0.0:41738, s2:0.0.0.0:43966], old=null
2019-09-24 16:30:06,054 DEBUG impl.RaftServerImpl (RaftServerImpl.java:requestVote(743)) - s0@group-A7200166065B: receive requestVote(s2, group-A7200166065B, 18, (t:3, i:0))
2019-09-24 16:30:06,054 DEBUG impl.RaftServerImpl (RaftServerImpl.java:requestVote(743)) - s2@group-A7200166065B: receive requestVote(s1, group-A7200166065B, 18, (t:3, i:0))
2019-09-24 16:30:06,054 DEBUG impl.RaftServerImpl (RaftServerImpl.java:requestVote(743)) - s1@group-A7200166065B: receive requestVote(s2, group-A7200166065B, 18, (t:3, i:0))
2019-09-24 16:30:06,054 DEBUG impl.RaftServerImpl (RaftServerImpl.java:requestVote(743)) - s0@group-A7200166065B: receive requestVote(s1, group-A7200166065B, 18, (t:3, i:0))
2019-09-24 16:30:06,055 DEBUG impl.RaftServerImpl (RaftServerImpl.java:requestVote(775)) - s1@group-A7200166065B replies to vote request: s2<-s1#0:FAIL-t18. Peer's state: s1@group-A7200166065B:t18, leader=null, voted=s1, raftlog=s1@group-A7200166065B-SegmentedRaftLog:OPENED:c-1,f0,i0, conf=0: [s0:0.0.0.0:33663, s1:0.0.0.0:41738, s2:0.0.0.0:43966], old=null
2019-09-24 16:30:06,055 DEBUG impl.RaftServerImpl (RaftServerImpl.java:requestVote(775)) - s2@group-A7200166065B replies to vote request: s1<-s2#0:FAIL-t18. Peer's state: s2@group-A7200166065B:t18, leader=null, voted=s2, raftlog=s2@group-A7200166065B-SegmentedRaftLog:OPENED:c-1,f0,i0, conf=0: [s0:0.0.0.0:33663, s1:0.0.0.0:41738, s2:0.0.0.0:43966], old=null
2019-09-24 16:30:06,054 DEBUG impl.RaftServerImpl (RaftServerImpl.java:requestVote(775)) - s0@group-A7200166065B replies to vote request: s2<-s0#0:FAIL-t19. Peer's state: s0@group-A7200166065B:t19, leader=null, voted=s0, raftlog=s0@group-A7200166065B-SegmentedRaftLog:OPENED:c0,f0,i0, conf=0: [s0:0.0.0.0:33663, s1:0.0.0.0:41738, s2:0.0.0.0:43966], old=null
2019-09-24 16:30:06,056 DEBUG impl.RaftServerImpl (RaftServerImpl.java:requestVote(775)) - s0@group-A7200166065B replies to vote request: s1<-s0#0:FAIL-t19. Peer's state: s0@group-A7200166065B:t19, leader=null, voted=s0, raftlog=s0@group-A7200166065B-SegmentedRaftLog:OPENED:c0,f0,i0, conf=0: [s0:0.0.0.0:33663, s1:0.0.0.0:41738, s2:0.0.0.0:43966], old=null
2019-09-24 16:30:06,057 INFO  impl.LeaderElection (LeaderElection.java:logAndReturn(56)) - s2@group-A7200166065B-LeaderElection145: Election DISCOVERED_A_NEW_TERM; received 2 response(s) [s2<-s0#0:FAIL-t19, s2<-s1#0:FAIL-t18] and 0 exception(s); s2@group-A7200166065B:t18, leader=null, voted=s2, raftlog=s2@group-A7200166065B-SegmentedRaftLog:OPENED:c-1,f0,i0, conf=0: [s0:0.0.0.0:33663, s1:0.0.0.0:41738, s2:0.0.0.0:43966], old=null
2019-09-24 16:30:06,057 INFO  impl.LeaderElection (LeaderElection.java:logAndReturn(56)) - s1@group-A7200166065B-LeaderElection144: Election DISCOVERED_A_NEW_TERM; received 2 response(s) [s1<-s0#0:FAIL-t19, s1<-s2#0:FAIL-t18] and 0 exception(s); s1@group-A7200166065B:t18, leader=null, voted=s1, raftlog=s1@group-A7200166065B-SegmentedRaftLog:OPENED:c-1,f0,i0, conf=0: [s0:0.0.0.0:33663, s1:0.0.0.0:41738, s2:0.0.0.0:43966], old=null
2019-09-24 16:30:06,057 INFO  impl.RaftServerImpl (RaftServerImpl.java:setRole(170)) - s2@group-A7200166065B: changes role from CANDIDATE to FOLLOWER at term 19 for DISCOVERED_A_NEW_TERM
2019-09-24 16:30:06,057 INFO  impl.RaftServerImpl (RaftServerImpl.java:setRole(170)) - s1@group-A7200166065B: changes role from CANDIDATE to FOLLOWER at term 19 for DISCOVERED_A_NEW_TERM
2019-09-24 16:30:06,057 INFO  impl.RoleInfo (RoleInfo.java:shutdownLeaderElection(134)) - s2: shutdown LeaderElection
2019-09-24 16:30:06,058 INFO  impl.RoleInfo (RoleInfo.java:shutdownLeaderElection(134)) - s1: shutdown LeaderElection
2019-09-24 16:30:06,058 INFO  impl.RoleInfo (RoleInfo.java:updateAndGet(143)) - s2: start FollowerState
2019-09-24 16:30:06,058 INFO  impl.RoleInfo (RoleInfo.java:updateAndGet(143)) - s1: start FollowerState
2019-09-24 16:30:06,231 INFO  impl.FollowerState (FollowerState.java:run(108)) - s2@group-A7200166065B-FollowerState: change to CANDIDATE, lastRpcTime:172ms, electionTimeout:172ms
2019-09-24 16:30:06,231 INFO  impl.RoleInfo (RoleInfo.java:shutdownFollowerState(121)) - s2: shutdown FollowerState
2019-09-24 16:30:06,231 INFO  impl.RaftServerImpl (RaftServerImpl.java:setRole(170)) - s2@group-A7200166065B: changes role from  FOLLOWER to CANDIDATE at term 19 for changeToCandidate
2019-09-24 16:30:06,231 INFO  impl.RoleInfo (RoleInfo.java:updateAndGet(143)) - s2: start LeaderElection
2019-09-24 16:30:06,260 INFO  impl.LeaderElection (LeaderElection.java:logAndReturn(56)) - s0@group-A7200166065B-LeaderElection131: Election TIMEOUT; received 0 response(s) [] and 0 exception(s); s0@group-A7200166065B:t19, leader=null, voted=s0, raftlog=s0@group-A7200166065B-SegmentedRaftLog:OPENED:c0,f0,i0, conf=0: [s0:0.0.0.0:33663, s1:0.0.0.0:41738, s2:0.0.0.0:43966], old=null
2019-09-24 16:30:06,328 INFO  impl.FollowerState (FollowerState.java:run(108)) - s1@group-A7200166065B-FollowerState: change to CANDIDATE, lastRpcTime:269ms, electionTimeout:269ms
2019-09-24 16:30:06,328 INFO  impl.RoleInfo (RoleInfo.java:shutdownFollowerState(121)) - s1: shutdown FollowerState
2019-09-24 16:30:06,328 INFO  impl.RaftServerImpl (RaftServerImpl.java:setRole(170)) - s1@group-A7200166065B: changes role from  FOLLOWER to CANDIDATE at term 19 for changeToCandidate
2019-09-24 16:30:06,328 INFO  impl.RoleInfo (RoleInfo.java:updateAndGet(143)) - s1: start LeaderElection
2019-09-24 16:30:06,439 WARN  ratis.RaftTestUtil (JavaUtils.java:attempt(158)) - FAILED "waitForLeader-null-(expectLeader? true)", attempt #28/100: java.lang.IllegalStateException: No leader yet : printing ALL groups
  s0:  RUNNING CANDIDATE s0@group-A7200166065B:t20, leader=null, voted=s0, raftlog=s0@group-A7200166065B-SegmentedRaftLog:OPENED:c0,f0,i0, conf=0: [s0:0.0.0.0:33663, s1:0.0.0.0:41738, s2:0.0.0.0:43966], old=null RUNNING
  s1:  RUNNING CANDIDATE s1@group-A7200166065B:t20, leader=null, voted=s1, raftlog=s1@group-A7200166065B-SegmentedRaftLog:OPENED:c-1,f0,i0, conf=0: [s0:0.0.0.0:33663, s1:0.0.0.0:41738, s2:0.0.0.0:43966], old=null RUNNING
  s2:  RUNNING CANDIDATE s2@group-A7200166065B:t20, leader=null, voted=s2, raftlog=s2@group-A7200166065B-SegmentedRaftLog:OPENED:c-1,f0,i0, conf=0: [s0:0.0.0.0:33663, s1:0.0.0.0:41738, s2:0.0.0.0:43966], old=null RUNNING, sleep 450ms and then retry.
java.lang.IllegalStateException: No leader yet : printing ALL groups
  s0:  RUNNING CANDIDATE s0@group-A7200166065B:t20, leader=null, voted=s0, raftlog=s0@group-A7200166065B-SegmentedRaftLog:OPENED:c0,f0,i0, conf=0: [s0:0.0.0.0:33663, s1:0.0.0.0:41738, s2:0.0.0.0:43966], old=null RUNNING
  s1:  RUNNING CANDIDATE s1@group-A7200166065B:t20, leader=null, voted=s1, raftlog=s1@group-A7200166065B-SegmentedRaftLog:OPENED:c-1,f0,i0, conf=0: [s0:0.0.0.0:33663, s1:0.0.0.0:41738, s2:0.0.0.0:43966], old=null RUNNING
  s2:  RUNNING CANDIDATE s2@group-A7200166065B:t20, leader=null, voted=s2, raftlog=s2@group-A7200166065B-SegmentedRaftLog:OPENED:c-1,f0,i0, conf=0: [s0:0.0.0.0:33663, s1:0.0.0.0:41738, s2:0.0.0.0:43966], old=null RUNNING
	at org.apache.ratis.MiniRaftCluster.newIllegalStateExceptionForNoLeaders(MiniRaftCluster.java:506)
	at org.apache.ratis.RaftTestUtil.lambda$waitForLeader$1(RaftTestUtil.java:90)
	at org.apache.ratis.MiniRaftCluster.getLeader(MiniRaftCluster.java:539)
	at org.apache.ratis.MiniRaftCluster.getLeader(MiniRaftCluster.java:532)
	at org.apache.ratis.RaftTestUtil.lambda$waitForLeader$3(RaftTestUtil.java:98)
	at org.apache.ratis.util.JavaUtils.attempt(JavaUtils.java:152)
	at org.apache.ratis.RaftTestUtil.waitForLeader(RaftTestUtil.java:97)
	at org.apache.ratis.RaftTestUtil.waitForLeader(RaftTestUtil.java:77)
	at org.apache.ratis.RaftTestUtil.waitForLeader(RaftTestUtil.java:72)
	at org.apache.ratis.RaftTestUtil.lambda$changeLeader$7(RaftTestUtil.java:363)
	at org.apache.ratis.util.JavaUtils.attempt(JavaUtils.java:152)
	at org.apache.ratis.RaftTestUtil.changeLeader(RaftTestUtil.java:362)
	at org.apache.ratis.server.impl.LeaderElectionTests.testChangeLeader(LeaderElectionTests.java:81)
	at sun.reflect.NativeMethodAccessorImpl.invoke0(Native Method)
	at sun.reflect.NativeMethodAccessorImpl.invoke(NativeMethodAccessorImpl.java:62)
	at sun.reflect.DelegatingMethodAccessorImpl.invoke(DelegatingMethodAccessorImpl.java:43)
	at java.lang.reflect.Method.invoke(Method.java:498)
	at org.junit.runners.model.FrameworkMethod$1.runReflectiveCall(FrameworkMethod.java:50)
	at org.junit.internal.runners.model.ReflectiveCallable.run(ReflectiveCallable.java:12)
	at org.junit.runners.model.FrameworkMethod.invokeExplosively(FrameworkMethod.java:47)
	at org.junit.internal.runners.statements.InvokeMethod.evaluate(InvokeMethod.java:17)
	at org.junit.internal.runners.statements.RunAfters.evaluate(RunAfters.java:27)
	at org.junit.internal.runners.statements.FailOnTimeout$CallableStatement.call(FailOnTimeout.java:298)
	at org.junit.internal.runners.statements.FailOnTimeout$CallableStatement.call(FailOnTimeout.java:292)
	at java.util.concurrent.FutureTask.run(FutureTask.java:266)
	at java.lang.Thread.run(Thread.java:748)
2019-09-24 16:30:06,891 WARN  ratis.RaftTestUtil (JavaUtils.java:attempt(158)) - FAILED "waitForLeader-null-(expectLeader? true)", attempt #29/100: java.lang.IllegalStateException: No leader yet : printing ALL groups
  s0:  RUNNING CANDIDATE s0@group-A7200166065B:t20, leader=null, voted=s0, raftlog=s0@group-A7200166065B-SegmentedRaftLog:OPENED:c0,f0,i0, conf=0: [s0:0.0.0.0:33663, s1:0.0.0.0:41738, s2:0.0.0.0:43966], old=null RUNNING
  s1:  RUNNING CANDIDATE s1@group-A7200166065B:t20, leader=null, voted=s1, raftlog=s1@group-A7200166065B-SegmentedRaftLog:OPENED:c-1,f0,i0, conf=0: [s0:0.0.0.0:33663, s1:0.0.0.0:41738, s2:0.0.0.0:43966], old=null RUNNING
  s2:  RUNNING CANDIDATE s2@group-A7200166065B:t20, leader=null, voted=s2, raftlog=s2@group-A7200166065B-SegmentedRaftLog:OPENED:c-1,f0,i0, conf=0: [s0:0.0.0.0:33663, s1:0.0.0.0:41738, s2:0.0.0.0:43966], old=null RUNNING, sleep 450ms and then retry.
java.lang.IllegalStateException: No leader yet : printing ALL groups
  s0:  RUNNING CANDIDATE s0@group-A7200166065B:t20, leader=null, voted=s0, raftlog=s0@group-A7200166065B-SegmentedRaftLog:OPENED:c0,f0,i0, conf=0: [s0:0.0.0.0:33663, s1:0.0.0.0:41738, s2:0.0.0.0:43966], old=null RUNNING
  s1:  RUNNING CANDIDATE s1@group-A7200166065B:t20, leader=null, voted=s1, raftlog=s1@group-A7200166065B-SegmentedRaftLog:OPENED:c-1,f0,i0, conf=0: [s0:0.0.0.0:33663, s1:0.0.0.0:41738, s2:0.0.0.0:43966], old=null RUNNING
  s2:  RUNNING CANDIDATE s2@group-A7200166065B:t20, leader=null, voted=s2, raftlog=s2@group-A7200166065B-SegmentedRaftLog:OPENED:c-1,f0,i0, conf=0: [s0:0.0.0.0:33663, s1:0.0.0.0:41738, s2:0.0.0.0:43966], old=null RUNNING
	at org.apache.ratis.MiniRaftCluster.newIllegalStateExceptionForNoLeaders(MiniRaftCluster.java:506)
	at org.apache.ratis.RaftTestUtil.lambda$waitForLeader$1(RaftTestUtil.java:90)
	at org.apache.ratis.MiniRaftCluster.getLeader(MiniRaftCluster.java:539)
	at org.apache.ratis.MiniRaftCluster.getLeader(MiniRaftCluster.java:532)
	at org.apache.ratis.RaftTestUtil.lambda$waitForLeader$3(RaftTestUtil.java:98)
	at org.apache.ratis.util.JavaUtils.attempt(JavaUtils.java:152)
	at org.apache.ratis.RaftTestUtil.waitForLeader(RaftTestUtil.java:97)
	at org.apache.ratis.RaftTestUtil.waitForLeader(RaftTestUtil.java:77)
	at org.apache.ratis.RaftTestUtil.waitForLeader(RaftTestUtil.java:72)
	at org.apache.ratis.RaftTestUtil.lambda$changeLeader$7(RaftTestUtil.java:363)
	at org.apache.ratis.util.JavaUtils.attempt(JavaUtils.java:152)
	at org.apache.ratis.RaftTestUtil.changeLeader(RaftTestUtil.java:362)
	at org.apache.ratis.server.impl.LeaderElectionTests.testChangeLeader(LeaderElectionTests.java:81)
	at sun.reflect.NativeMethodAccessorImpl.invoke0(Native Method)
	at sun.reflect.NativeMethodAccessorImpl.invoke(NativeMethodAccessorImpl.java:62)
	at sun.reflect.DelegatingMethodAccessorImpl.invoke(DelegatingMethodAccessorImpl.java:43)
	at java.lang.reflect.Method.invoke(Method.java:498)
	at org.junit.runners.model.FrameworkMethod$1.runReflectiveCall(FrameworkMethod.java:50)
	at org.junit.internal.runners.model.ReflectiveCallable.run(ReflectiveCallable.java:12)
	at org.junit.runners.model.FrameworkMethod.invokeExplosively(FrameworkMethod.java:47)
	at org.junit.internal.runners.statements.InvokeMethod.evaluate(InvokeMethod.java:17)
	at org.junit.internal.runners.statements.RunAfters.evaluate(RunAfters.java:27)
	at org.junit.internal.runners.statements.FailOnTimeout$CallableStatement.call(FailOnTimeout.java:298)
	at org.junit.internal.runners.statements.FailOnTimeout$CallableStatement.call(FailOnTimeout.java:292)
	at java.util.concurrent.FutureTask.run(FutureTask.java:266)
	at java.lang.Thread.run(Thread.java:748)
2019-09-24 16:30:07,342 WARN  ratis.RaftTestUtil (JavaUtils.java:attempt(158)) - FAILED "waitForLeader-null-(expectLeader? true)", attempt #30/100: java.lang.IllegalStateException: No leader yet : printing ALL groups
  s0:  RUNNING CANDIDATE s0@group-A7200166065B:t20, leader=null, voted=s0, raftlog=s0@group-A7200166065B-SegmentedRaftLog:OPENED:c0,f0,i0, conf=0: [s0:0.0.0.0:33663, s1:0.0.0.0:41738, s2:0.0.0.0:43966], old=null RUNNING
  s1:  RUNNING CANDIDATE s1@group-A7200166065B:t20, leader=null, voted=s1, raftlog=s1@group-A7200166065B-SegmentedRaftLog:OPENED:c-1,f0,i0, conf=0: [s0:0.0.0.0:33663, s1:0.0.0.0:41738, s2:0.0.0.0:43966], old=null RUNNING
  s2:  RUNNING CANDIDATE s2@group-A7200166065B:t20, leader=null, voted=s2, raftlog=s2@group-A7200166065B-SegmentedRaftLog:OPENED:c-1,f0,i0, conf=0: [s0:0.0.0.0:33663, s1:0.0.0.0:41738, s2:0.0.0.0:43966], old=null RUNNING, sleep 450ms and then retry.
java.lang.IllegalStateException: No leader yet : printing ALL groups
  s0:  RUNNING CANDIDATE s0@group-A7200166065B:t20, leader=null, voted=s0, raftlog=s0@group-A7200166065B-SegmentedRaftLog:OPENED:c0,f0,i0, conf=0: [s0:0.0.0.0:33663, s1:0.0.0.0:41738, s2:0.0.0.0:43966], old=null RUNNING
  s1:  RUNNING CANDIDATE s1@group-A7200166065B:t20, leader=null, voted=s1, raftlog=s1@group-A7200166065B-SegmentedRaftLog:OPENED:c-1,f0,i0, conf=0: [s0:0.0.0.0:33663, s1:0.0.0.0:41738, s2:0.0.0.0:43966], old=null RUNNING
  s2:  RUNNING CANDIDATE s2@group-A7200166065B:t20, leader=null, voted=s2, raftlog=s2@group-A7200166065B-SegmentedRaftLog:OPENED:c-1,f0,i0, conf=0: [s0:0.0.0.0:33663, s1:0.0.0.0:41738, s2:0.0.0.0:43966], old=null RUNNING
	at org.apache.ratis.MiniRaftCluster.newIllegalStateExceptionForNoLeaders(MiniRaftCluster.java:506)
	at org.apache.ratis.RaftTestUtil.lambda$waitForLeader$1(RaftTestUtil.java:90)
	at org.apache.ratis.MiniRaftCluster.getLeader(MiniRaftCluster.java:539)
	at org.apache.ratis.MiniRaftCluster.getLeader(MiniRaftCluster.java:532)
	at org.apache.ratis.RaftTestUtil.lambda$waitForLeader$3(RaftTestUtil.java:98)
	at org.apache.ratis.util.JavaUtils.attempt(JavaUtils.java:152)
	at org.apache.ratis.RaftTestUtil.waitForLeader(RaftTestUtil.java:97)
	at org.apache.ratis.RaftTestUtil.waitForLeader(RaftTestUtil.java:77)
	at org.apache.ratis.RaftTestUtil.waitForLeader(RaftTestUtil.java:72)
	at org.apache.ratis.RaftTestUtil.lambda$changeLeader$7(RaftTestUtil.java:363)
	at org.apache.ratis.util.JavaUtils.attempt(JavaUtils.java:152)
	at org.apache.ratis.RaftTestUtil.changeLeader(RaftTestUtil.java:362)
	at org.apache.ratis.server.impl.LeaderElectionTests.testChangeLeader(LeaderElectionTests.java:81)
	at sun.reflect.NativeMethodAccessorImpl.invoke0(Native Method)
	at sun.reflect.NativeMethodAccessorImpl.invoke(NativeMethodAccessorImpl.java:62)
	at sun.reflect.DelegatingMethodAccessorImpl.invoke(DelegatingMethodAccessorImpl.java:43)
	at java.lang.reflect.Method.invoke(Method.java:498)
	at org.junit.runners.model.FrameworkMethod$1.runReflectiveCall(FrameworkMethod.java:50)
	at org.junit.internal.runners.model.ReflectiveCallable.run(ReflectiveCallable.java:12)
	at org.junit.runners.model.FrameworkMethod.invokeExplosively(FrameworkMethod.java:47)
	at org.junit.internal.runners.statements.InvokeMethod.evaluate(InvokeMethod.java:17)
	at org.junit.internal.runners.statements.RunAfters.evaluate(RunAfters.java:27)
	at org.junit.internal.runners.statements.FailOnTimeout$CallableStatement.call(FailOnTimeout.java:298)
	at org.junit.internal.runners.statements.FailOnTimeout$CallableStatement.call(FailOnTimeout.java:292)
	at java.util.concurrent.FutureTask.run(FutureTask.java:266)
	at java.lang.Thread.run(Thread.java:748)
2019-09-24 16:30:07,793 WARN  ratis.RaftTestUtil (JavaUtils.java:attempt(158)) - FAILED "waitForLeader-null-(expectLeader? true)", attempt #31/100: java.lang.IllegalStateException: No leader yet : printing ALL groups
  s0:  RUNNING CANDIDATE s0@group-A7200166065B:t20, leader=null, voted=s0, raftlog=s0@group-A7200166065B-SegmentedRaftLog:OPENED:c0,f0,i0, conf=0: [s0:0.0.0.0:33663, s1:0.0.0.0:41738, s2:0.0.0.0:43966], old=null RUNNING
  s1:  RUNNING CANDIDATE s1@group-A7200166065B:t20, leader=null, voted=s1, raftlog=s1@group-A7200166065B-SegmentedRaftLog:OPENED:c-1,f0,i0, conf=0: [s0:0.0.0.0:33663, s1:0.0.0.0:41738, s2:0.0.0.0:43966], old=null RUNNING
  s2:  RUNNING CANDIDATE s2@group-A7200166065B:t20, leader=null, voted=s2, raftlog=s2@group-A7200166065B-SegmentedRaftLog:OPENED:c-1,f0,i0, conf=0: [s0:0.0.0.0:33663, s1:0.0.0.0:41738, s2:0.0.0.0:43966], old=null RUNNING, sleep 450ms and then retry.
java.lang.IllegalStateException: No leader yet : printing ALL groups
  s0:  RUNNING CANDIDATE s0@group-A7200166065B:t20, leader=null, voted=s0, raftlog=s0@group-A7200166065B-SegmentedRaftLog:OPENED:c0,f0,i0, conf=0: [s0:0.0.0.0:33663, s1:0.0.0.0:41738, s2:0.0.0.0:43966], old=null RUNNING
  s1:  RUNNING CANDIDATE s1@group-A7200166065B:t20, leader=null, voted=s1, raftlog=s1@group-A7200166065B-SegmentedRaftLog:OPENED:c-1,f0,i0, conf=0: [s0:0.0.0.0:33663, s1:0.0.0.0:41738, s2:0.0.0.0:43966], old=null RUNNING
  s2:  RUNNING CANDIDATE s2@group-A7200166065B:t20, leader=null, voted=s2, raftlog=s2@group-A7200166065B-SegmentedRaftLog:OPENED:c-1,f0,i0, conf=0: [s0:0.0.0.0:33663, s1:0.0.0.0:41738, s2:0.0.0.0:43966], old=null RUNNING
	at org.apache.ratis.MiniRaftCluster.newIllegalStateExceptionForNoLeaders(MiniRaftCluster.java:506)
	at org.apache.ratis.RaftTestUtil.lambda$waitForLeader$1(RaftTestUtil.java:90)
	at org.apache.ratis.MiniRaftCluster.getLeader(MiniRaftCluster.java:539)
	at org.apache.ratis.MiniRaftCluster.getLeader(MiniRaftCluster.java:532)
	at org.apache.ratis.RaftTestUtil.lambda$waitForLeader$3(RaftTestUtil.java:98)
	at org.apache.ratis.util.JavaUtils.attempt(JavaUtils.java:152)
	at org.apache.ratis.RaftTestUtil.waitForLeader(RaftTestUtil.java:97)
	at org.apache.ratis.RaftTestUtil.waitForLeader(RaftTestUtil.java:77)
	at org.apache.ratis.RaftTestUtil.waitForLeader(RaftTestUtil.java:72)
	at org.apache.ratis.RaftTestUtil.lambda$changeLeader$7(RaftTestUtil.java:363)
	at org.apache.ratis.util.JavaUtils.attempt(JavaUtils.java:152)
	at org.apache.ratis.RaftTestUtil.changeLeader(RaftTestUtil.java:362)
	at org.apache.ratis.server.impl.LeaderElectionTests.testChangeLeader(LeaderElectionTests.java:81)
	at sun.reflect.NativeMethodAccessorImpl.invoke0(Native Method)
	at sun.reflect.NativeMethodAccessorImpl.invoke(NativeMethodAccessorImpl.java:62)
	at sun.reflect.DelegatingMethodAccessorImpl.invoke(DelegatingMethodAccessorImpl.java:43)
	at java.lang.reflect.Method.invoke(Method.java:498)
	at org.junit.runners.model.FrameworkMethod$1.runReflectiveCall(FrameworkMethod.java:50)
	at org.junit.internal.runners.model.ReflectiveCallable.run(ReflectiveCallable.java:12)
	at org.junit.runners.model.FrameworkMethod.invokeExplosively(FrameworkMethod.java:47)
	at org.junit.internal.runners.statements.InvokeMethod.evaluate(InvokeMethod.java:17)
	at org.junit.internal.runners.statements.RunAfters.evaluate(RunAfters.java:27)
	at org.junit.internal.runners.statements.FailOnTimeout$CallableStatement.call(FailOnTimeout.java:298)
	at org.junit.internal.runners.statements.FailOnTimeout$CallableStatement.call(FailOnTimeout.java:292)
	at java.util.concurrent.FutureTask.run(FutureTask.java:266)
	at java.lang.Thread.run(Thread.java:748)
2019-09-24 16:30:08,244 WARN  ratis.RaftTestUtil (JavaUtils.java:attempt(158)) - FAILED "waitForLeader-null-(expectLeader? true)", attempt #32/100: java.lang.IllegalStateException: No leader yet : printing ALL groups
  s0:  RUNNING CANDIDATE s0@group-A7200166065B:t20, leader=null, voted=s0, raftlog=s0@group-A7200166065B-SegmentedRaftLog:OPENED:c0,f0,i0, conf=0: [s0:0.0.0.0:33663, s1:0.0.0.0:41738, s2:0.0.0.0:43966], old=null RUNNING
  s1:  RUNNING CANDIDATE s1@group-A7200166065B:t20, leader=null, voted=s1, raftlog=s1@group-A7200166065B-SegmentedRaftLog:OPENED:c-1,f0,i0, conf=0: [s0:0.0.0.0:33663, s1:0.0.0.0:41738, s2:0.0.0.0:43966], old=null RUNNING
  s2:  RUNNING CANDIDATE s2@group-A7200166065B:t20, leader=null, voted=s2, raftlog=s2@group-A7200166065B-SegmentedRaftLog:OPENED:c-1,f0,i0, conf=0: [s0:0.0.0.0:33663, s1:0.0.0.0:41738, s2:0.0.0.0:43966], old=null RUNNING, sleep 450ms and then retry.
java.lang.IllegalStateException: No leader yet : printing ALL groups
  s0:  RUNNING CANDIDATE s0@group-A7200166065B:t20, leader=null, voted=s0, raftlog=s0@group-A7200166065B-SegmentedRaftLog:OPENED:c0,f0,i0, conf=0: [s0:0.0.0.0:33663, s1:0.0.0.0:41738, s2:0.0.0.0:43966], old=null RUNNING
  s1:  RUNNING CANDIDATE s1@group-A7200166065B:t20, leader=null, voted=s1, raftlog=s1@group-A7200166065B-SegmentedRaftLog:OPENED:c-1,f0,i0, conf=0: [s0:0.0.0.0:33663, s1:0.0.0.0:41738, s2:0.0.0.0:43966], old=null RUNNING
  s2:  RUNNING CANDIDATE s2@group-A7200166065B:t20, leader=null, voted=s2, raftlog=s2@group-A7200166065B-SegmentedRaftLog:OPENED:c-1,f0,i0, conf=0: [s0:0.0.0.0:33663, s1:0.0.0.0:41738, s2:0.0.0.0:43966], old=null RUNNING
	at org.apache.ratis.MiniRaftCluster.newIllegalStateExceptionForNoLeaders(MiniRaftCluster.java:506)
	at org.apache.ratis.RaftTestUtil.lambda$waitForLeader$1(RaftTestUtil.java:90)
	at org.apache.ratis.MiniRaftCluster.getLeader(MiniRaftCluster.java:539)
	at org.apache.ratis.MiniRaftCluster.getLeader(MiniRaftCluster.java:532)
	at org.apache.ratis.RaftTestUtil.lambda$waitForLeader$3(RaftTestUtil.java:98)
	at org.apache.ratis.util.JavaUtils.attempt(JavaUtils.java:152)
	at org.apache.ratis.RaftTestUtil.waitForLeader(RaftTestUtil.java:97)
	at org.apache.ratis.RaftTestUtil.waitForLeader(RaftTestUtil.java:77)
	at org.apache.ratis.RaftTestUtil.waitForLeader(RaftTestUtil.java:72)
	at org.apache.ratis.RaftTestUtil.lambda$changeLeader$7(RaftTestUtil.java:363)
	at org.apache.ratis.util.JavaUtils.attempt(JavaUtils.java:152)
	at org.apache.ratis.RaftTestUtil.changeLeader(RaftTestUtil.java:362)
	at org.apache.ratis.server.impl.LeaderElectionTests.testChangeLeader(LeaderElectionTests.java:81)
	at sun.reflect.NativeMethodAccessorImpl.invoke0(Native Method)
	at sun.reflect.NativeMethodAccessorImpl.invoke(NativeMethodAccessorImpl.java:62)
	at sun.reflect.DelegatingMethodAccessorImpl.invoke(DelegatingMethodAccessorImpl.java:43)
	at java.lang.reflect.Method.invoke(Method.java:498)
	at org.junit.runners.model.FrameworkMethod$1.runReflectiveCall(FrameworkMethod.java:50)
	at org.junit.internal.runners.model.ReflectiveCallable.run(ReflectiveCallable.java:12)
	at org.junit.runners.model.FrameworkMethod.invokeExplosively(FrameworkMethod.java:47)
	at org.junit.internal.runners.statements.InvokeMethod.evaluate(InvokeMethod.java:17)
	at org.junit.internal.runners.statements.RunAfters.evaluate(RunAfters.java:27)
	at org.junit.internal.runners.statements.FailOnTimeout$CallableStatement.call(FailOnTimeout.java:298)
	at org.junit.internal.runners.statements.FailOnTimeout$CallableStatement.call(FailOnTimeout.java:292)
	at java.util.concurrent.FutureTask.run(FutureTask.java:266)
	at java.lang.Thread.run(Thread.java:748)
2019-09-24 16:30:08,695 WARN  ratis.RaftTestUtil (JavaUtils.java:attempt(158)) - FAILED "waitForLeader-null-(expectLeader? true)", attempt #33/100: java.lang.IllegalStateException: No leader yet : printing ALL groups
  s0:  RUNNING CANDIDATE s0@group-A7200166065B:t20, leader=null, voted=s0, raftlog=s0@group-A7200166065B-SegmentedRaftLog:OPENED:c0,f0,i0, conf=0: [s0:0.0.0.0:33663, s1:0.0.0.0:41738, s2:0.0.0.0:43966], old=null RUNNING
  s1:  RUNNING CANDIDATE s1@group-A7200166065B:t20, leader=null, voted=s1, raftlog=s1@group-A7200166065B-SegmentedRaftLog:OPENED:c-1,f0,i0, conf=0: [s0:0.0.0.0:33663, s1:0.0.0.0:41738, s2:0.0.0.0:43966], old=null RUNNING
  s2:  RUNNING CANDIDATE s2@group-A7200166065B:t20, leader=null, voted=s2, raftlog=s2@group-A7200166065B-SegmentedRaftLog:OPENED:c-1,f0,i0, conf=0: [s0:0.0.0.0:33663, s1:0.0.0.0:41738, s2:0.0.0.0:43966], old=null RUNNING, sleep 450ms and then retry.
java.lang.IllegalStateException: No leader yet : printing ALL groups
  s0:  RUNNING CANDIDATE s0@group-A7200166065B:t20, leader=null, voted=s0, raftlog=s0@group-A7200166065B-SegmentedRaftLog:OPENED:c0,f0,i0, conf=0: [s0:0.0.0.0:33663, s1:0.0.0.0:41738, s2:0.0.0.0:43966], old=null RUNNING
  s1:  RUNNING CANDIDATE s1@group-A7200166065B:t20, leader=null, voted=s1, raftlog=s1@group-A7200166065B-SegmentedRaftLog:OPENED:c-1,f0,i0, conf=0: [s0:0.0.0.0:33663, s1:0.0.0.0:41738, s2:0.0.0.0:43966], old=null RUNNING
  s2:  RUNNING CANDIDATE s2@group-A7200166065B:t20, leader=null, voted=s2, raftlog=s2@group-A7200166065B-SegmentedRaftLog:OPENED:c-1,f0,i0, conf=0: [s0:0.0.0.0:33663, s1:0.0.0.0:41738, s2:0.0.0.0:43966], old=null RUNNING
	at org.apache.ratis.MiniRaftCluster.newIllegalStateExceptionForNoLeaders(MiniRaftCluster.java:506)
	at org.apache.ratis.RaftTestUtil.lambda$waitForLeader$1(RaftTestUtil.java:90)
	at org.apache.ratis.MiniRaftCluster.getLeader(MiniRaftCluster.java:539)
	at org.apache.ratis.MiniRaftCluster.getLeader(MiniRaftCluster.java:532)
	at org.apache.ratis.RaftTestUtil.lambda$waitForLeader$3(RaftTestUtil.java:98)
	at org.apache.ratis.util.JavaUtils.attempt(JavaUtils.java:152)
	at org.apache.ratis.RaftTestUtil.waitForLeader(RaftTestUtil.java:97)
	at org.apache.ratis.RaftTestUtil.waitForLeader(RaftTestUtil.java:77)
	at org.apache.ratis.RaftTestUtil.waitForLeader(RaftTestUtil.java:72)
	at org.apache.ratis.RaftTestUtil.lambda$changeLeader$7(RaftTestUtil.java:363)
	at org.apache.ratis.util.JavaUtils.attempt(JavaUtils.java:152)
	at org.apache.ratis.RaftTestUtil.changeLeader(RaftTestUtil.java:362)
	at org.apache.ratis.server.impl.LeaderElectionTests.testChangeLeader(LeaderElectionTests.java:81)
	at sun.reflect.NativeMethodAccessorImpl.invoke0(Native Method)
	at sun.reflect.NativeMethodAccessorImpl.invoke(NativeMethodAccessorImpl.java:62)
	at sun.reflect.DelegatingMethodAccessorImpl.invoke(DelegatingMethodAccessorImpl.java:43)
	at java.lang.reflect.Method.invoke(Method.java:498)
	at org.junit.runners.model.FrameworkMethod$1.runReflectiveCall(FrameworkMethod.java:50)
	at org.junit.internal.runners.model.ReflectiveCallable.run(ReflectiveCallable.java:12)
	at org.junit.runners.model.FrameworkMethod.invokeExplosively(FrameworkMethod.java:47)
	at org.junit.internal.runners.statements.InvokeMethod.evaluate(InvokeMethod.java:17)
	at org.junit.internal.runners.statements.RunAfters.evaluate(RunAfters.java:27)
	at org.junit.internal.runners.statements.FailOnTimeout$CallableStatement.call(FailOnTimeout.java:298)
	at org.junit.internal.runners.statements.FailOnTimeout$CallableStatement.call(FailOnTimeout.java:292)
	at java.util.concurrent.FutureTask.run(FutureTask.java:266)
	at java.lang.Thread.run(Thread.java:748)
2019-09-24 16:30:09,147 WARN  ratis.RaftTestUtil (JavaUtils.java:attempt(158)) - FAILED "waitForLeader-null-(expectLeader? true)", attempt #34/100: java.lang.IllegalStateException: No leader yet : printing ALL groups
  s0:  RUNNING CANDIDATE s0@group-A7200166065B:t20, leader=null, voted=s0, raftlog=s0@group-A7200166065B-SegmentedRaftLog:OPENED:c0,f0,i0, conf=0: [s0:0.0.0.0:33663, s1:0.0.0.0:41738, s2:0.0.0.0:43966], old=null RUNNING
  s1:  RUNNING CANDIDATE s1@group-A7200166065B:t20, leader=null, voted=s1, raftlog=s1@group-A7200166065B-SegmentedRaftLog:OPENED:c-1,f0,i0, conf=0: [s0:0.0.0.0:33663, s1:0.0.0.0:41738, s2:0.0.0.0:43966], old=null RUNNING
  s2:  RUNNING CANDIDATE s2@group-A7200166065B:t20, leader=null, voted=s2, raftlog=s2@group-A7200166065B-SegmentedRaftLog:OPENED:c-1,f0,i0, conf=0: [s0:0.0.0.0:33663, s1:0.0.0.0:41738, s2:0.0.0.0:43966], old=null RUNNING, sleep 450ms and then retry.
java.lang.IllegalStateException: No leader yet : printing ALL groups
  s0:  RUNNING CANDIDATE s0@group-A7200166065B:t20, leader=null, voted=s0, raftlog=s0@group-A7200166065B-SegmentedRaftLog:OPENED:c0,f0,i0, conf=0: [s0:0.0.0.0:33663, s1:0.0.0.0:41738, s2:0.0.0.0:43966], old=null RUNNING
  s1:  RUNNING CANDIDATE s1@group-A7200166065B:t20, leader=null, voted=s1, raftlog=s1@group-A7200166065B-SegmentedRaftLog:OPENED:c-1,f0,i0, conf=0: [s0:0.0.0.0:33663, s1:0.0.0.0:41738, s2:0.0.0.0:43966], old=null RUNNING
  s2:  RUNNING CANDIDATE s2@group-A7200166065B:t20, leader=null, voted=s2, raftlog=s2@group-A7200166065B-SegmentedRaftLog:OPENED:c-1,f0,i0, conf=0: [s0:0.0.0.0:33663, s1:0.0.0.0:41738, s2:0.0.0.0:43966], old=null RUNNING
	at org.apache.ratis.MiniRaftCluster.newIllegalStateExceptionForNoLeaders(MiniRaftCluster.java:506)
	at org.apache.ratis.RaftTestUtil.lambda$waitForLeader$1(RaftTestUtil.java:90)
	at org.apache.ratis.MiniRaftCluster.getLeader(MiniRaftCluster.java:539)
	at org.apache.ratis.MiniRaftCluster.getLeader(MiniRaftCluster.java:532)
	at org.apache.ratis.RaftTestUtil.lambda$waitForLeader$3(RaftTestUtil.java:98)
	at org.apache.ratis.util.JavaUtils.attempt(JavaUtils.java:152)
	at org.apache.ratis.RaftTestUtil.waitForLeader(RaftTestUtil.java:97)
	at org.apache.ratis.RaftTestUtil.waitForLeader(RaftTestUtil.java:77)
	at org.apache.ratis.RaftTestUtil.waitForLeader(RaftTestUtil.java:72)
	at org.apache.ratis.RaftTestUtil.lambda$changeLeader$7(RaftTestUtil.java:363)
	at org.apache.ratis.util.JavaUtils.attempt(JavaUtils.java:152)
	at org.apache.ratis.RaftTestUtil.changeLeader(RaftTestUtil.java:362)
	at org.apache.ratis.server.impl.LeaderElectionTests.testChangeLeader(LeaderElectionTests.java:81)
	at sun.reflect.NativeMethodAccessorImpl.invoke0(Native Method)
	at sun.reflect.NativeMethodAccessorImpl.invoke(NativeMethodAccessorImpl.java:62)
	at sun.reflect.DelegatingMethodAccessorImpl.invoke(DelegatingMethodAccessorImpl.java:43)
	at java.lang.reflect.Method.invoke(Method.java:498)
	at org.junit.runners.model.FrameworkMethod$1.runReflectiveCall(FrameworkMethod.java:50)
	at org.junit.internal.runners.model.ReflectiveCallable.run(ReflectiveCallable.java:12)
	at org.junit.runners.model.FrameworkMethod.invokeExplosively(FrameworkMethod.java:47)
	at org.junit.internal.runners.statements.InvokeMethod.evaluate(InvokeMethod.java:17)
	at org.junit.internal.runners.statements.RunAfters.evaluate(RunAfters.java:27)
	at org.junit.internal.runners.statements.FailOnTimeout$CallableStatement.call(FailOnTimeout.java:298)
	at org.junit.internal.runners.statements.FailOnTimeout$CallableStatement.call(FailOnTimeout.java:292)
	at java.util.concurrent.FutureTask.run(FutureTask.java:266)
	at java.lang.Thread.run(Thread.java:748)
2019-09-24 16:30:09,598 WARN  ratis.RaftTestUtil (JavaUtils.java:attempt(158)) - FAILED "waitForLeader-null-(expectLeader? true)", attempt #35/100: java.lang.IllegalStateException: No leader yet : printing ALL groups
  s0:  RUNNING CANDIDATE s0@group-A7200166065B:t20, leader=null, voted=s0, raftlog=s0@group-A7200166065B-SegmentedRaftLog:OPENED:c0,f0,i0, conf=0: [s0:0.0.0.0:33663, s1:0.0.0.0:41738, s2:0.0.0.0:43966], old=null RUNNING
  s1:  RUNNING CANDIDATE s1@group-A7200166065B:t20, leader=null, voted=s1, raftlog=s1@group-A7200166065B-SegmentedRaftLog:OPENED:c-1,f0,i0, conf=0: [s0:0.0.0.0:33663, s1:0.0.0.0:41738, s2:0.0.0.0:43966], old=null RUNNING
  s2:  RUNNING CANDIDATE s2@group-A7200166065B:t20, leader=null, voted=s2, raftlog=s2@group-A7200166065B-SegmentedRaftLog:OPENED:c-1,f0,i0, conf=0: [s0:0.0.0.0:33663, s1:0.0.0.0:41738, s2:0.0.0.0:43966], old=null RUNNING, sleep 450ms and then retry.
java.lang.IllegalStateException: No leader yet : printing ALL groups
  s0:  RUNNING CANDIDATE s0@group-A7200166065B:t20, leader=null, voted=s0, raftlog=s0@group-A7200166065B-SegmentedRaftLog:OPENED:c0,f0,i0, conf=0: [s0:0.0.0.0:33663, s1:0.0.0.0:41738, s2:0.0.0.0:43966], old=null RUNNING
  s1:  RUNNING CANDIDATE s1@group-A7200166065B:t20, leader=null, voted=s1, raftlog=s1@group-A7200166065B-SegmentedRaftLog:OPENED:c-1,f0,i0, conf=0: [s0:0.0.0.0:33663, s1:0.0.0.0:41738, s2:0.0.0.0:43966], old=null RUNNING
  s2:  RUNNING CANDIDATE s2@group-A7200166065B:t20, leader=null, voted=s2, raftlog=s2@group-A7200166065B-SegmentedRaftLog:OPENED:c-1,f0,i0, conf=0: [s0:0.0.0.0:33663, s1:0.0.0.0:41738, s2:0.0.0.0:43966], old=null RUNNING
	at org.apache.ratis.MiniRaftCluster.newIllegalStateExceptionForNoLeaders(MiniRaftCluster.java:506)
	at org.apache.ratis.RaftTestUtil.lambda$waitForLeader$1(RaftTestUtil.java:90)
	at org.apache.ratis.MiniRaftCluster.getLeader(MiniRaftCluster.java:539)
	at org.apache.ratis.MiniRaftCluster.getLeader(MiniRaftCluster.java:532)
	at org.apache.ratis.RaftTestUtil.lambda$waitForLeader$3(RaftTestUtil.java:98)
	at org.apache.ratis.util.JavaUtils.attempt(JavaUtils.java:152)
	at org.apache.ratis.RaftTestUtil.waitForLeader(RaftTestUtil.java:97)
	at org.apache.ratis.RaftTestUtil.waitForLeader(RaftTestUtil.java:77)
	at org.apache.ratis.RaftTestUtil.waitForLeader(RaftTestUtil.java:72)
	at org.apache.ratis.RaftTestUtil.lambda$changeLeader$7(RaftTestUtil.java:363)
	at org.apache.ratis.util.JavaUtils.attempt(JavaUtils.java:152)
	at org.apache.ratis.RaftTestUtil.changeLeader(RaftTestUtil.java:362)
	at org.apache.ratis.server.impl.LeaderElectionTests.testChangeLeader(LeaderElectionTests.java:81)
	at sun.reflect.NativeMethodAccessorImpl.invoke0(Native Method)
	at sun.reflect.NativeMethodAccessorImpl.invoke(NativeMethodAccessorImpl.java:62)
	at sun.reflect.DelegatingMethodAccessorImpl.invoke(DelegatingMethodAccessorImpl.java:43)
	at java.lang.reflect.Method.invoke(Method.java:498)
	at org.junit.runners.model.FrameworkMethod$1.runReflectiveCall(FrameworkMethod.java:50)
	at org.junit.internal.runners.model.ReflectiveCallable.run(ReflectiveCallable.java:12)
	at org.junit.runners.model.FrameworkMethod.invokeExplosively(FrameworkMethod.java:47)
	at org.junit.internal.runners.statements.InvokeMethod.evaluate(InvokeMethod.java:17)
	at org.junit.internal.runners.statements.RunAfters.evaluate(RunAfters.java:27)
	at org.junit.internal.runners.statements.FailOnTimeout$CallableStatement.call(FailOnTimeout.java:298)
	at org.junit.internal.runners.statements.FailOnTimeout$CallableStatement.call(FailOnTimeout.java:292)
	at java.util.concurrent.FutureTask.run(FutureTask.java:266)
	at java.lang.Thread.run(Thread.java:748)
2019-09-24 16:30:10,049 WARN  ratis.RaftTestUtil (JavaUtils.java:attempt(158)) - FAILED "waitForLeader-null-(expectLeader? true)", attempt #36/100: java.lang.IllegalStateException: No leader yet : printing ALL groups
  s0:  RUNNING CANDIDATE s0@group-A7200166065B:t20, leader=null, voted=s0, raftlog=s0@group-A7200166065B-SegmentedRaftLog:OPENED:c0,f0,i0, conf=0: [s0:0.0.0.0:33663, s1:0.0.0.0:41738, s2:0.0.0.0:43966], old=null RUNNING
  s1:  RUNNING CANDIDATE s1@group-A7200166065B:t20, leader=null, voted=s1, raftlog=s1@group-A7200166065B-SegmentedRaftLog:OPENED:c-1,f0,i0, conf=0: [s0:0.0.0.0:33663, s1:0.0.0.0:41738, s2:0.0.0.0:43966], old=null RUNNING
  s2:  RUNNING CANDIDATE s2@group-A7200166065B:t20, leader=null, voted=s2, raftlog=s2@group-A7200166065B-SegmentedRaftLog:OPENED:c-1,f0,i0, conf=0: [s0:0.0.0.0:33663, s1:0.0.0.0:41738, s2:0.0.0.0:43966], old=null RUNNING, sleep 450ms and then retry.
java.lang.IllegalStateException: No leader yet : printing ALL groups
  s0:  RUNNING CANDIDATE s0@group-A7200166065B:t20, leader=null, voted=s0, raftlog=s0@group-A7200166065B-SegmentedRaftLog:OPENED:c0,f0,i0, conf=0: [s0:0.0.0.0:33663, s1:0.0.0.0:41738, s2:0.0.0.0:43966], old=null RUNNING
  s1:  RUNNING CANDIDATE s1@group-A7200166065B:t20, leader=null, voted=s1, raftlog=s1@group-A7200166065B-SegmentedRaftLog:OPENED:c-1,f0,i0, conf=0: [s0:0.0.0.0:33663, s1:0.0.0.0:41738, s2:0.0.0.0:43966], old=null RUNNING
  s2:  RUNNING CANDIDATE s2@group-A7200166065B:t20, leader=null, voted=s2, raftlog=s2@group-A7200166065B-SegmentedRaftLog:OPENED:c-1,f0,i0, conf=0: [s0:0.0.0.0:33663, s1:0.0.0.0:41738, s2:0.0.0.0:43966], old=null RUNNING
	at org.apache.ratis.MiniRaftCluster.newIllegalStateExceptionForNoLeaders(MiniRaftCluster.java:506)
	at org.apache.ratis.RaftTestUtil.lambda$waitForLeader$1(RaftTestUtil.java:90)
	at org.apache.ratis.MiniRaftCluster.getLeader(MiniRaftCluster.java:539)
	at org.apache.ratis.MiniRaftCluster.getLeader(MiniRaftCluster.java:532)
	at org.apache.ratis.RaftTestUtil.lambda$waitForLeader$3(RaftTestUtil.java:98)
	at org.apache.ratis.util.JavaUtils.attempt(JavaUtils.java:152)
	at org.apache.ratis.RaftTestUtil.waitForLeader(RaftTestUtil.java:97)
	at org.apache.ratis.RaftTestUtil.waitForLeader(RaftTestUtil.java:77)
	at org.apache.ratis.RaftTestUtil.waitForLeader(RaftTestUtil.java:72)
	at org.apache.ratis.RaftTestUtil.lambda$changeLeader$7(RaftTestUtil.java:363)
	at org.apache.ratis.util.JavaUtils.attempt(JavaUtils.java:152)
	at org.apache.ratis.RaftTestUtil.changeLeader(RaftTestUtil.java:362)
	at org.apache.ratis.server.impl.LeaderElectionTests.testChangeLeader(LeaderElectionTests.java:81)
	at sun.reflect.NativeMethodAccessorImpl.invoke0(Native Method)
	at sun.reflect.NativeMethodAccessorImpl.invoke(NativeMethodAccessorImpl.java:62)
	at sun.reflect.DelegatingMethodAccessorImpl.invoke(DelegatingMethodAccessorImpl.java:43)
	at java.lang.reflect.Method.invoke(Method.java:498)
	at org.junit.runners.model.FrameworkMethod$1.runReflectiveCall(FrameworkMethod.java:50)
	at org.junit.internal.runners.model.ReflectiveCallable.run(ReflectiveCallable.java:12)
	at org.junit.runners.model.FrameworkMethod.invokeExplosively(FrameworkMethod.java:47)
	at org.junit.internal.runners.statements.InvokeMethod.evaluate(InvokeMethod.java:17)
	at org.junit.internal.runners.statements.RunAfters.evaluate(RunAfters.java:27)
	at org.junit.internal.runners.statements.FailOnTimeout$CallableStatement.call(FailOnTimeout.java:298)
	at org.junit.internal.runners.statements.FailOnTimeout$CallableStatement.call(FailOnTimeout.java:292)
	at java.util.concurrent.FutureTask.run(FutureTask.java:266)
	at java.lang.Thread.run(Thread.java:748)
2019-09-24 16:30:10,501 WARN  ratis.RaftTestUtil (JavaUtils.java:attempt(158)) - FAILED "waitForLeader-null-(expectLeader? true)", attempt #37/100: java.lang.IllegalStateException: No leader yet : printing ALL groups
  s0:  RUNNING CANDIDATE s0@group-A7200166065B:t20, leader=null, voted=s0, raftlog=s0@group-A7200166065B-SegmentedRaftLog:OPENED:c0,f0,i0, conf=0: [s0:0.0.0.0:33663, s1:0.0.0.0:41738, s2:0.0.0.0:43966], old=null RUNNING
  s1:  RUNNING CANDIDATE s1@group-A7200166065B:t20, leader=null, voted=s1, raftlog=s1@group-A7200166065B-SegmentedRaftLog:OPENED:c-1,f0,i0, conf=0: [s0:0.0.0.0:33663, s1:0.0.0.0:41738, s2:0.0.0.0:43966], old=null RUNNING
  s2:  RUNNING CANDIDATE s2@group-A7200166065B:t20, leader=null, voted=s2, raftlog=s2@group-A7200166065B-SegmentedRaftLog:OPENED:c-1,f0,i0, conf=0: [s0:0.0.0.0:33663, s1:0.0.0.0:41738, s2:0.0.0.0:43966], old=null RUNNING, sleep 450ms and then retry.
java.lang.IllegalStateException: No leader yet : printing ALL groups
  s0:  RUNNING CANDIDATE s0@group-A7200166065B:t20, leader=null, voted=s0, raftlog=s0@group-A7200166065B-SegmentedRaftLog:OPENED:c0,f0,i0, conf=0: [s0:0.0.0.0:33663, s1:0.0.0.0:41738, s2:0.0.0.0:43966], old=null RUNNING
  s1:  RUNNING CANDIDATE s1@group-A7200166065B:t20, leader=null, voted=s1, raftlog=s1@group-A7200166065B-SegmentedRaftLog:OPENED:c-1,f0,i0, conf=0: [s0:0.0.0.0:33663, s1:0.0.0.0:41738, s2:0.0.0.0:43966], old=null RUNNING
  s2:  RUNNING CANDIDATE s2@group-A7200166065B:t20, leader=null, voted=s2, raftlog=s2@group-A7200166065B-SegmentedRaftLog:OPENED:c-1,f0,i0, conf=0: [s0:0.0.0.0:33663, s1:0.0.0.0:41738, s2:0.0.0.0:43966], old=null RUNNING
	at org.apache.ratis.MiniRaftCluster.newIllegalStateExceptionForNoLeaders(MiniRaftCluster.java:506)
	at org.apache.ratis.RaftTestUtil.lambda$waitForLeader$1(RaftTestUtil.java:90)
	at org.apache.ratis.MiniRaftCluster.getLeader(MiniRaftCluster.java:539)
	at org.apache.ratis.MiniRaftCluster.getLeader(MiniRaftCluster.java:532)
	at org.apache.ratis.RaftTestUtil.lambda$waitForLeader$3(RaftTestUtil.java:98)
	at org.apache.ratis.util.JavaUtils.attempt(JavaUtils.java:152)
	at org.apache.ratis.RaftTestUtil.waitForLeader(RaftTestUtil.java:97)
	at org.apache.ratis.RaftTestUtil.waitForLeader(RaftTestUtil.java:77)
	at org.apache.ratis.RaftTestUtil.waitForLeader(RaftTestUtil.java:72)
	at org.apache.ratis.RaftTestUtil.lambda$changeLeader$7(RaftTestUtil.java:363)
	at org.apache.ratis.util.JavaUtils.attempt(JavaUtils.java:152)
	at org.apache.ratis.RaftTestUtil.changeLeader(RaftTestUtil.java:362)
	at org.apache.ratis.server.impl.LeaderElectionTests.testChangeLeader(LeaderElectionTests.java:81)
	at sun.reflect.NativeMethodAccessorImpl.invoke0(Native Method)
	at sun.reflect.NativeMethodAccessorImpl.invoke(NativeMethodAccessorImpl.java:62)
	at sun.reflect.DelegatingMethodAccessorImpl.invoke(DelegatingMethodAccessorImpl.java:43)
	at java.lang.reflect.Method.invoke(Method.java:498)
	at org.junit.runners.model.FrameworkMethod$1.runReflectiveCall(FrameworkMethod.java:50)
	at org.junit.internal.runners.model.ReflectiveCallable.run(ReflectiveCallable.java:12)
	at org.junit.runners.model.FrameworkMethod.invokeExplosively(FrameworkMethod.java:47)
	at org.junit.internal.runners.statements.InvokeMethod.evaluate(InvokeMethod.java:17)
	at org.junit.internal.runners.statements.RunAfters.evaluate(RunAfters.java:27)
	at org.junit.internal.runners.statements.FailOnTimeout$CallableStatement.call(FailOnTimeout.java:298)
	at org.junit.internal.runners.statements.FailOnTimeout$CallableStatement.call(FailOnTimeout.java:292)
	at java.util.concurrent.FutureTask.run(FutureTask.java:266)
	at java.lang.Thread.run(Thread.java:748)
2019-09-24 16:30:10,952 WARN  ratis.RaftTestUtil (JavaUtils.java:attempt(158)) - FAILED "waitForLeader-null-(expectLeader? true)", attempt #38/100: java.lang.IllegalStateException: No leader yet : printing ALL groups
  s0:  RUNNING CANDIDATE s0@group-A7200166065B:t20, leader=null, voted=s0, raftlog=s0@group-A7200166065B-SegmentedRaftLog:OPENED:c0,f0,i0, conf=0: [s0:0.0.0.0:33663, s1:0.0.0.0:41738, s2:0.0.0.0:43966], old=null RUNNING
  s1:  RUNNING CANDIDATE s1@group-A7200166065B:t20, leader=null, voted=s1, raftlog=s1@group-A7200166065B-SegmentedRaftLog:OPENED:c-1,f0,i0, conf=0: [s0:0.0.0.0:33663, s1:0.0.0.0:41738, s2:0.0.0.0:43966], old=null RUNNING
  s2:  RUNNING CANDIDATE s2@group-A7200166065B:t20, leader=null, voted=s2, raftlog=s2@group-A7200166065B-SegmentedRaftLog:OPENED:c-1,f0,i0, conf=0: [s0:0.0.0.0:33663, s1:0.0.0.0:41738, s2:0.0.0.0:43966], old=null RUNNING, sleep 450ms and then retry.
java.lang.IllegalStateException: No leader yet : printing ALL groups
  s0:  RUNNING CANDIDATE s0@group-A7200166065B:t20, leader=null, voted=s0, raftlog=s0@group-A7200166065B-SegmentedRaftLog:OPENED:c0,f0,i0, conf=0: [s0:0.0.0.0:33663, s1:0.0.0.0:41738, s2:0.0.0.0:43966], old=null RUNNING
  s1:  RUNNING CANDIDATE s1@group-A7200166065B:t20, leader=null, voted=s1, raftlog=s1@group-A7200166065B-SegmentedRaftLog:OPENED:c-1,f0,i0, conf=0: [s0:0.0.0.0:33663, s1:0.0.0.0:41738, s2:0.0.0.0:43966], old=null RUNNING
  s2:  RUNNING CANDIDATE s2@group-A7200166065B:t20, leader=null, voted=s2, raftlog=s2@group-A7200166065B-SegmentedRaftLog:OPENED:c-1,f0,i0, conf=0: [s0:0.0.0.0:33663, s1:0.0.0.0:41738, s2:0.0.0.0:43966], old=null RUNNING
	at org.apache.ratis.MiniRaftCluster.newIllegalStateExceptionForNoLeaders(MiniRaftCluster.java:506)
	at org.apache.ratis.RaftTestUtil.lambda$waitForLeader$1(RaftTestUtil.java:90)
	at org.apache.ratis.MiniRaftCluster.getLeader(MiniRaftCluster.java:539)
	at org.apache.ratis.MiniRaftCluster.getLeader(MiniRaftCluster.java:532)
	at org.apache.ratis.RaftTestUtil.lambda$waitForLeader$3(RaftTestUtil.java:98)
	at org.apache.ratis.util.JavaUtils.attempt(JavaUtils.java:152)
	at org.apache.ratis.RaftTestUtil.waitForLeader(RaftTestUtil.java:97)
	at org.apache.ratis.RaftTestUtil.waitForLeader(RaftTestUtil.java:77)
	at org.apache.ratis.RaftTestUtil.waitForLeader(RaftTestUtil.java:72)
	at org.apache.ratis.RaftTestUtil.lambda$changeLeader$7(RaftTestUtil.java:363)
	at org.apache.ratis.util.JavaUtils.attempt(JavaUtils.java:152)
	at org.apache.ratis.RaftTestUtil.changeLeader(RaftTestUtil.java:362)
	at org.apache.ratis.server.impl.LeaderElectionTests.testChangeLeader(LeaderElectionTests.java:81)
	at sun.reflect.NativeMethodAccessorImpl.invoke0(Native Method)
	at sun.reflect.NativeMethodAccessorImpl.invoke(NativeMethodAccessorImpl.java:62)
	at sun.reflect.DelegatingMethodAccessorImpl.invoke(DelegatingMethodAccessorImpl.java:43)
	at java.lang.reflect.Method.invoke(Method.java:498)
	at org.junit.runners.model.FrameworkMethod$1.runReflectiveCall(FrameworkMethod.java:50)
	at org.junit.internal.runners.model.ReflectiveCallable.run(ReflectiveCallable.java:12)
	at org.junit.runners.model.FrameworkMethod.invokeExplosively(FrameworkMethod.java:47)
	at org.junit.internal.runners.statements.InvokeMethod.evaluate(InvokeMethod.java:17)
	at org.junit.internal.runners.statements.RunAfters.evaluate(RunAfters.java:27)
	at org.junit.internal.runners.statements.FailOnTimeout$CallableStatement.call(FailOnTimeout.java:298)
	at org.junit.internal.runners.statements.FailOnTimeout$CallableStatement.call(FailOnTimeout.java:292)
	at java.util.concurrent.FutureTask.run(FutureTask.java:266)
	at java.lang.Thread.run(Thread.java:748)
2019-09-24 16:30:11,272 INFO  ratis.MiniRaftCluster (MiniRaftCluster.java:lambda$null$5(297)) - TIMED-PRINT: printing ALL groups
  s0:  RUNNING CANDIDATE s0@group-A7200166065B:t20, leader=null, voted=s0, raftlog=s0@group-A7200166065B-SegmentedRaftLog:OPENED:c0,f0,i0, conf=0: [s0:0.0.0.0:33663, s1:0.0.0.0:41738, s2:0.0.0.0:43966], old=null RUNNING
  s1:  RUNNING CANDIDATE s1@group-A7200166065B:t20, leader=null, voted=s1, raftlog=s1@group-A7200166065B-SegmentedRaftLog:OPENED:c-1,f0,i0, conf=0: [s0:0.0.0.0:33663, s1:0.0.0.0:41738, s2:0.0.0.0:43966], old=null RUNNING
  s2:  RUNNING CANDIDATE s2@group-A7200166065B:t20, leader=null, voted=s2, raftlog=s2@group-A7200166065B-SegmentedRaftLog:OPENED:c-1,f0,i0, conf=0: [s0:0.0.0.0:33663, s1:0.0.0.0:41738, s2:0.0.0.0:43966], old=null RUNNING
2019-09-24 16:30:11,403 WARN  ratis.RaftTestUtil (JavaUtils.java:attempt(158)) - FAILED "waitForLeader-null-(expectLeader? true)", attempt #39/100: java.lang.IllegalStateException: No leader yet : printing ALL groups
  s0:  RUNNING CANDIDATE s0@group-A7200166065B:t20, leader=null, voted=s0, raftlog=s0@group-A7200166065B-SegmentedRaftLog:OPENED:c0,f0,i0, conf=0: [s0:0.0.0.0:33663, s1:0.0.0.0:41738, s2:0.0.0.0:43966], old=null RUNNING
  s1:  RUNNING CANDIDATE s1@group-A7200166065B:t20, leader=null, voted=s1, raftlog=s1@group-A7200166065B-SegmentedRaftLog:OPENED:c-1,f0,i0, conf=0: [s0:0.0.0.0:33663, s1:0.0.0.0:41738, s2:0.0.0.0:43966], old=null RUNNING
  s2:  RUNNING CANDIDATE s2@group-A7200166065B:t20, leader=null, voted=s2, raftlog=s2@group-A7200166065B-SegmentedRaftLog:OPENED:c-1,f0,i0, conf=0: [s0:0.0.0.0:33663, s1:0.0.0.0:41738, s2:0.0.0.0:43966], old=null RUNNING, sleep 450ms and then retry.
java.lang.IllegalStateException: No leader yet : printing ALL groups
  s0:  RUNNING CANDIDATE s0@group-A7200166065B:t20, leader=null, voted=s0, raftlog=s0@group-A7200166065B-SegmentedRaftLog:OPENED:c0,f0,i0, conf=0: [s0:0.0.0.0:33663, s1:0.0.0.0:41738, s2:0.0.0.0:43966], old=null RUNNING
  s1:  RUNNING CANDIDATE s1@group-A7200166065B:t20, leader=null, voted=s1, raftlog=s1@group-A7200166065B-SegmentedRaftLog:OPENED:c-1,f0,i0, conf=0: [s0:0.0.0.0:33663, s1:0.0.0.0:41738, s2:0.0.0.0:43966], old=null RUNNING
  s2:  RUNNING CANDIDATE s2@group-A7200166065B:t20, leader=null, voted=s2, raftlog=s2@group-A7200166065B-SegmentedRaftLog:OPENED:c-1,f0,i0, conf=0: [s0:0.0.0.0:33663, s1:0.0.0.0:41738, s2:0.0.0.0:43966], old=null RUNNING
	at org.apache.ratis.MiniRaftCluster.newIllegalStateExceptionForNoLeaders(MiniRaftCluster.java:506)
	at org.apache.ratis.RaftTestUtil.lambda$waitForLeader$1(RaftTestUtil.java:90)
	at org.apache.ratis.MiniRaftCluster.getLeader(MiniRaftCluster.java:539)
	at org.apache.ratis.MiniRaftCluster.getLeader(MiniRaftCluster.java:532)
	at org.apache.ratis.RaftTestUtil.lambda$waitForLeader$3(RaftTestUtil.java:98)
	at org.apache.ratis.util.JavaUtils.attempt(JavaUtils.java:152)
	at org.apache.ratis.RaftTestUtil.waitForLeader(RaftTestUtil.java:97)
	at org.apache.ratis.RaftTestUtil.waitForLeader(RaftTestUtil.java:77)
	at org.apache.ratis.RaftTestUtil.waitForLeader(RaftTestUtil.java:72)
	at org.apache.ratis.RaftTestUtil.lambda$changeLeader$7(RaftTestUtil.java:363)
	at org.apache.ratis.util.JavaUtils.attempt(JavaUtils.java:152)
	at org.apache.ratis.RaftTestUtil.changeLeader(RaftTestUtil.java:362)
	at org.apache.ratis.server.impl.LeaderElectionTests.testChangeLeader(LeaderElectionTests.java:81)
	at sun.reflect.NativeMethodAccessorImpl.invoke0(Native Method)
	at sun.reflect.NativeMethodAccessorImpl.invoke(NativeMethodAccessorImpl.java:62)
	at sun.reflect.DelegatingMethodAccessorImpl.invoke(DelegatingMethodAccessorImpl.java:43)
	at java.lang.reflect.Method.invoke(Method.java:498)
	at org.junit.runners.model.FrameworkMethod$1.runReflectiveCall(FrameworkMethod.java:50)
	at org.junit.internal.runners.model.ReflectiveCallable.run(ReflectiveCallable.java:12)
	at org.junit.runners.model.FrameworkMethod.invokeExplosively(FrameworkMethod.java:47)
	at org.junit.internal.runners.statements.InvokeMethod.evaluate(InvokeMethod.java:17)
	at org.junit.internal.runners.statements.RunAfters.evaluate(RunAfters.java:27)
	at org.junit.internal.runners.statements.FailOnTimeout$CallableStatement.call(FailOnTimeout.java:298)
	at org.junit.internal.runners.statements.FailOnTimeout$CallableStatement.call(FailOnTimeout.java:292)
	at java.util.concurrent.FutureTask.run(FutureTask.java:266)
	at java.lang.Thread.run(Thread.java:748)
2019-09-24 16:30:11,488 INFO  impl.LeaderElection (LeaderElection.java:askForVotes(178)) - s0@group-A7200166065B-LeaderElection131: begin an election at term 20 for 0: [s0:0.0.0.0:33663, s1:0.0.0.0:41738, s2:0.0.0.0:43966], old=null
2019-09-24 16:30:11,725 INFO  impl.LeaderElection (LeaderElection.java:logAndReturn(56)) - s0@group-A7200166065B-LeaderElection131: Election TIMEOUT; received 0 response(s) [] and 0 exception(s); s0@group-A7200166065B:t20, leader=null, voted=s0, raftlog=s0@group-A7200166065B-SegmentedRaftLog:OPENED:c0,f0,i0, conf=0: [s0:0.0.0.0:33663, s1:0.0.0.0:41738, s2:0.0.0.0:43966], old=null
2019-09-24 16:30:11,854 WARN  ratis.RaftTestUtil (JavaUtils.java:attempt(158)) - FAILED "waitForLeader-null-(expectLeader? true)", attempt #40/100: java.lang.IllegalStateException: No leader yet : printing ALL groups
  s0:  RUNNING CANDIDATE s0@group-A7200166065B:t21, leader=null, voted=s0, raftlog=s0@group-A7200166065B-SegmentedRaftLog:OPENED:c0,f0,i0, conf=0: [s0:0.0.0.0:33663, s1:0.0.0.0:41738, s2:0.0.0.0:43966], old=null RUNNING
  s1:  RUNNING CANDIDATE s1@group-A7200166065B:t20, leader=null, voted=s1, raftlog=s1@group-A7200166065B-SegmentedRaftLog:OPENED:c-1,f0,i0, conf=0: [s0:0.0.0.0:33663, s1:0.0.0.0:41738, s2:0.0.0.0:43966], old=null RUNNING
  s2:  RUNNING CANDIDATE s2@group-A7200166065B:t20, leader=null, voted=s2, raftlog=s2@group-A7200166065B-SegmentedRaftLog:OPENED:c-1,f0,i0, conf=0: [s0:0.0.0.0:33663, s1:0.0.0.0:41738, s2:0.0.0.0:43966], old=null RUNNING, sleep 450ms and then retry.
java.lang.IllegalStateException: No leader yet : printing ALL groups
  s0:  RUNNING CANDIDATE s0@group-A7200166065B:t21, leader=null, voted=s0, raftlog=s0@group-A7200166065B-SegmentedRaftLog:OPENED:c0,f0,i0, conf=0: [s0:0.0.0.0:33663, s1:0.0.0.0:41738, s2:0.0.0.0:43966], old=null RUNNING
  s1:  RUNNING CANDIDATE s1@group-A7200166065B:t20, leader=null, voted=s1, raftlog=s1@group-A7200166065B-SegmentedRaftLog:OPENED:c-1,f0,i0, conf=0: [s0:0.0.0.0:33663, s1:0.0.0.0:41738, s2:0.0.0.0:43966], old=null RUNNING
  s2:  RUNNING CANDIDATE s2@group-A7200166065B:t20, leader=null, voted=s2, raftlog=s2@group-A7200166065B-SegmentedRaftLog:OPENED:c-1,f0,i0, conf=0: [s0:0.0.0.0:33663, s1:0.0.0.0:41738, s2:0.0.0.0:43966], old=null RUNNING
	at org.apache.ratis.MiniRaftCluster.newIllegalStateExceptionForNoLeaders(MiniRaftCluster.java:506)
	at org.apache.ratis.RaftTestUtil.lambda$waitForLeader$1(RaftTestUtil.java:90)
	at org.apache.ratis.MiniRaftCluster.getLeader(MiniRaftCluster.java:539)
	at org.apache.ratis.MiniRaftCluster.getLeader(MiniRaftCluster.java:532)
	at org.apache.ratis.RaftTestUtil.lambda$waitForLeader$3(RaftTestUtil.java:98)
	at org.apache.ratis.util.JavaUtils.attempt(JavaUtils.java:152)
	at org.apache.ratis.RaftTestUtil.waitForLeader(RaftTestUtil.java:97)
	at org.apache.ratis.RaftTestUtil.waitForLeader(RaftTestUtil.java:77)
	at org.apache.ratis.RaftTestUtil.waitForLeader(RaftTestUtil.java:72)
	at org.apache.ratis.RaftTestUtil.lambda$changeLeader$7(RaftTestUtil.java:363)
	at org.apache.ratis.util.JavaUtils.attempt(JavaUtils.java:152)
	at org.apache.ratis.RaftTestUtil.changeLeader(RaftTestUtil.java:362)
	at org.apache.ratis.server.impl.LeaderElectionTests.testChangeLeader(LeaderElectionTests.java:81)
	at sun.reflect.NativeMethodAccessorImpl.invoke0(Native Method)
	at sun.reflect.NativeMethodAccessorImpl.invoke(NativeMethodAccessorImpl.java:62)
	at sun.reflect.DelegatingMethodAccessorImpl.invoke(DelegatingMethodAccessorImpl.java:43)
	at java.lang.reflect.Method.invoke(Method.java:498)
	at org.junit.runners.model.FrameworkMethod$1.runReflectiveCall(FrameworkMethod.java:50)
	at org.junit.internal.runners.model.ReflectiveCallable.run(ReflectiveCallable.java:12)
	at org.junit.runners.model.FrameworkMethod.invokeExplosively(FrameworkMethod.java:47)
	at org.junit.internal.runners.statements.InvokeMethod.evaluate(InvokeMethod.java:17)
	at org.junit.internal.runners.statements.RunAfters.evaluate(RunAfters.java:27)
	at org.junit.internal.runners.statements.FailOnTimeout$CallableStatement.call(FailOnTimeout.java:298)
	at org.junit.internal.runners.statements.FailOnTimeout$CallableStatement.call(FailOnTimeout.java:292)
	at java.util.concurrent.FutureTask.run(FutureTask.java:266)
	at java.lang.Thread.run(Thread.java:748)
2019-09-24 16:30:12,305 WARN  ratis.RaftTestUtil (JavaUtils.java:attempt(158)) - FAILED "waitForLeader-null-(expectLeader? true)", attempt #41/100: java.lang.IllegalStateException: No leader yet : printing ALL groups
  s0:  RUNNING CANDIDATE s0@group-A7200166065B:t21, leader=null, voted=s0, raftlog=s0@group-A7200166065B-SegmentedRaftLog:OPENED:c0,f0,i0, conf=0: [s0:0.0.0.0:33663, s1:0.0.0.0:41738, s2:0.0.0.0:43966], old=null RUNNING
  s1:  RUNNING CANDIDATE s1@group-A7200166065B:t20, leader=null, voted=s1, raftlog=s1@group-A7200166065B-SegmentedRaftLog:OPENED:c-1,f0,i0, conf=0: [s0:0.0.0.0:33663, s1:0.0.0.0:41738, s2:0.0.0.0:43966], old=null RUNNING
  s2:  RUNNING CANDIDATE s2@group-A7200166065B:t20, leader=null, voted=s2, raftlog=s2@group-A7200166065B-SegmentedRaftLog:OPENED:c-1,f0,i0, conf=0: [s0:0.0.0.0:33663, s1:0.0.0.0:41738, s2:0.0.0.0:43966], old=null RUNNING, sleep 450ms and then retry.
java.lang.IllegalStateException: No leader yet : printing ALL groups
  s0:  RUNNING CANDIDATE s0@group-A7200166065B:t21, leader=null, voted=s0, raftlog=s0@group-A7200166065B-SegmentedRaftLog:OPENED:c0,f0,i0, conf=0: [s0:0.0.0.0:33663, s1:0.0.0.0:41738, s2:0.0.0.0:43966], old=null RUNNING
  s1:  RUNNING CANDIDATE s1@group-A7200166065B:t20, leader=null, voted=s1, raftlog=s1@group-A7200166065B-SegmentedRaftLog:OPENED:c-1,f0,i0, conf=0: [s0:0.0.0.0:33663, s1:0.0.0.0:41738, s2:0.0.0.0:43966], old=null RUNNING
  s2:  RUNNING CANDIDATE s2@group-A7200166065B:t20, leader=null, voted=s2, raftlog=s2@group-A7200166065B-SegmentedRaftLog:OPENED:c-1,f0,i0, conf=0: [s0:0.0.0.0:33663, s1:0.0.0.0:41738, s2:0.0.0.0:43966], old=null RUNNING
	at org.apache.ratis.MiniRaftCluster.newIllegalStateExceptionForNoLeaders(MiniRaftCluster.java:506)
	at org.apache.ratis.RaftTestUtil.lambda$waitForLeader$1(RaftTestUtil.java:90)
	at org.apache.ratis.MiniRaftCluster.getLeader(MiniRaftCluster.java:539)
	at org.apache.ratis.MiniRaftCluster.getLeader(MiniRaftCluster.java:532)
	at org.apache.ratis.RaftTestUtil.lambda$waitForLeader$3(RaftTestUtil.java:98)
	at org.apache.ratis.util.JavaUtils.attempt(JavaUtils.java:152)
	at org.apache.ratis.RaftTestUtil.waitForLeader(RaftTestUtil.java:97)
	at org.apache.ratis.RaftTestUtil.waitForLeader(RaftTestUtil.java:77)
	at org.apache.ratis.RaftTestUtil.waitForLeader(RaftTestUtil.java:72)
	at org.apache.ratis.RaftTestUtil.lambda$changeLeader$7(RaftTestUtil.java:363)
	at org.apache.ratis.util.JavaUtils.attempt(JavaUtils.java:152)
	at org.apache.ratis.RaftTestUtil.changeLeader(RaftTestUtil.java:362)
	at org.apache.ratis.server.impl.LeaderElectionTests.testChangeLeader(LeaderElectionTests.java:81)
	at sun.reflect.NativeMethodAccessorImpl.invoke0(Native Method)
	at sun.reflect.NativeMethodAccessorImpl.invoke(NativeMethodAccessorImpl.java:62)
	at sun.reflect.DelegatingMethodAccessorImpl.invoke(DelegatingMethodAccessorImpl.java:43)
	at java.lang.reflect.Method.invoke(Method.java:498)
	at org.junit.runners.model.FrameworkMethod$1.runReflectiveCall(FrameworkMethod.java:50)
	at org.junit.internal.runners.model.ReflectiveCallable.run(ReflectiveCallable.java:12)
	at org.junit.runners.model.FrameworkMethod.invokeExplosively(FrameworkMethod.java:47)
	at org.junit.internal.runners.statements.InvokeMethod.evaluate(InvokeMethod.java:17)
	at org.junit.internal.runners.statements.RunAfters.evaluate(RunAfters.java:27)
	at org.junit.internal.runners.statements.FailOnTimeout$CallableStatement.call(FailOnTimeout.java:298)
	at org.junit.internal.runners.statements.FailOnTimeout$CallableStatement.call(FailOnTimeout.java:292)
	at java.util.concurrent.FutureTask.run(FutureTask.java:266)
	at java.lang.Thread.run(Thread.java:748)
2019-09-24 16:30:12,757 WARN  ratis.RaftTestUtil (JavaUtils.java:attempt(158)) - FAILED "waitForLeader-null-(expectLeader? true)", attempt #42/100: java.lang.IllegalStateException: No leader yet : printing ALL groups
  s0:  RUNNING CANDIDATE s0@group-A7200166065B:t21, leader=null, voted=s0, raftlog=s0@group-A7200166065B-SegmentedRaftLog:OPENED:c0,f0,i0, conf=0: [s0:0.0.0.0:33663, s1:0.0.0.0:41738, s2:0.0.0.0:43966], old=null RUNNING
  s1:  RUNNING CANDIDATE s1@group-A7200166065B:t20, leader=null, voted=s1, raftlog=s1@group-A7200166065B-SegmentedRaftLog:OPENED:c-1,f0,i0, conf=0: [s0:0.0.0.0:33663, s1:0.0.0.0:41738, s2:0.0.0.0:43966], old=null RUNNING
  s2:  RUNNING CANDIDATE s2@group-A7200166065B:t20, leader=null, voted=s2, raftlog=s2@group-A7200166065B-SegmentedRaftLog:OPENED:c-1,f0,i0, conf=0: [s0:0.0.0.0:33663, s1:0.0.0.0:41738, s2:0.0.0.0:43966], old=null RUNNING, sleep 450ms and then retry.
java.lang.IllegalStateException: No leader yet : printing ALL groups
  s0:  RUNNING CANDIDATE s0@group-A7200166065B:t21, leader=null, voted=s0, raftlog=s0@group-A7200166065B-SegmentedRaftLog:OPENED:c0,f0,i0, conf=0: [s0:0.0.0.0:33663, s1:0.0.0.0:41738, s2:0.0.0.0:43966], old=null RUNNING
  s1:  RUNNING CANDIDATE s1@group-A7200166065B:t20, leader=null, voted=s1, raftlog=s1@group-A7200166065B-SegmentedRaftLog:OPENED:c-1,f0,i0, conf=0: [s0:0.0.0.0:33663, s1:0.0.0.0:41738, s2:0.0.0.0:43966], old=null RUNNING
  s2:  RUNNING CANDIDATE s2@group-A7200166065B:t20, leader=null, voted=s2, raftlog=s2@group-A7200166065B-SegmentedRaftLog:OPENED:c-1,f0,i0, conf=0: [s0:0.0.0.0:33663, s1:0.0.0.0:41738, s2:0.0.0.0:43966], old=null RUNNING
	at org.apache.ratis.MiniRaftCluster.newIllegalStateExceptionForNoLeaders(MiniRaftCluster.java:506)
	at org.apache.ratis.RaftTestUtil.lambda$waitForLeader$1(RaftTestUtil.java:90)
	at org.apache.ratis.MiniRaftCluster.getLeader(MiniRaftCluster.java:539)
	at org.apache.ratis.MiniRaftCluster.getLeader(MiniRaftCluster.java:532)
	at org.apache.ratis.RaftTestUtil.lambda$waitForLeader$3(RaftTestUtil.java:98)
	at org.apache.ratis.util.JavaUtils.attempt(JavaUtils.java:152)
	at org.apache.ratis.RaftTestUtil.waitForLeader(RaftTestUtil.java:97)
	at org.apache.ratis.RaftTestUtil.waitForLeader(RaftTestUtil.java:77)
	at org.apache.ratis.RaftTestUtil.waitForLeader(RaftTestUtil.java:72)
	at org.apache.ratis.RaftTestUtil.lambda$changeLeader$7(RaftTestUtil.java:363)
	at org.apache.ratis.util.JavaUtils.attempt(JavaUtils.java:152)
	at org.apache.ratis.RaftTestUtil.changeLeader(RaftTestUtil.java:362)
	at org.apache.ratis.server.impl.LeaderElectionTests.testChangeLeader(LeaderElectionTests.java:81)
	at sun.reflect.NativeMethodAccessorImpl.invoke0(Native Method)
	at sun.reflect.NativeMethodAccessorImpl.invoke(NativeMethodAccessorImpl.java:62)
	at sun.reflect.DelegatingMethodAccessorImpl.invoke(DelegatingMethodAccessorImpl.java:43)
	at java.lang.reflect.Method.invoke(Method.java:498)
	at org.junit.runners.model.FrameworkMethod$1.runReflectiveCall(FrameworkMethod.java:50)
	at org.junit.internal.runners.model.ReflectiveCallable.run(ReflectiveCallable.java:12)
	at org.junit.runners.model.FrameworkMethod.invokeExplosively(FrameworkMethod.java:47)
	at org.junit.internal.runners.statements.InvokeMethod.evaluate(InvokeMethod.java:17)
	at org.junit.internal.runners.statements.RunAfters.evaluate(RunAfters.java:27)
	at org.junit.internal.runners.statements.FailOnTimeout$CallableStatement.call(FailOnTimeout.java:298)
	at org.junit.internal.runners.statements.FailOnTimeout$CallableStatement.call(FailOnTimeout.java:292)
	at java.util.concurrent.FutureTask.run(FutureTask.java:266)
	at java.lang.Thread.run(Thread.java:748)
2019-09-24 16:30:13,208 WARN  ratis.RaftTestUtil (JavaUtils.java:attempt(158)) - FAILED "waitForLeader-null-(expectLeader? true)", attempt #43/100: java.lang.IllegalStateException: No leader yet : printing ALL groups
  s0:  RUNNING CANDIDATE s0@group-A7200166065B:t21, leader=null, voted=s0, raftlog=s0@group-A7200166065B-SegmentedRaftLog:OPENED:c0,f0,i0, conf=0: [s0:0.0.0.0:33663, s1:0.0.0.0:41738, s2:0.0.0.0:43966], old=null RUNNING
  s1:  RUNNING CANDIDATE s1@group-A7200166065B:t20, leader=null, voted=s1, raftlog=s1@group-A7200166065B-SegmentedRaftLog:OPENED:c-1,f0,i0, conf=0: [s0:0.0.0.0:33663, s1:0.0.0.0:41738, s2:0.0.0.0:43966], old=null RUNNING
  s2:  RUNNING CANDIDATE s2@group-A7200166065B:t20, leader=null, voted=s2, raftlog=s2@group-A7200166065B-SegmentedRaftLog:OPENED:c-1,f0,i0, conf=0: [s0:0.0.0.0:33663, s1:0.0.0.0:41738, s2:0.0.0.0:43966], old=null RUNNING, sleep 450ms and then retry.
java.lang.IllegalStateException: No leader yet : printing ALL groups
  s0:  RUNNING CANDIDATE s0@group-A7200166065B:t21, leader=null, voted=s0, raftlog=s0@group-A7200166065B-SegmentedRaftLog:OPENED:c0,f0,i0, conf=0: [s0:0.0.0.0:33663, s1:0.0.0.0:41738, s2:0.0.0.0:43966], old=null RUNNING
  s1:  RUNNING CANDIDATE s1@group-A7200166065B:t20, leader=null, voted=s1, raftlog=s1@group-A7200166065B-SegmentedRaftLog:OPENED:c-1,f0,i0, conf=0: [s0:0.0.0.0:33663, s1:0.0.0.0:41738, s2:0.0.0.0:43966], old=null RUNNING
  s2:  RUNNING CANDIDATE s2@group-A7200166065B:t20, leader=null, voted=s2, raftlog=s2@group-A7200166065B-SegmentedRaftLog:OPENED:c-1,f0,i0, conf=0: [s0:0.0.0.0:33663, s1:0.0.0.0:41738, s2:0.0.0.0:43966], old=null RUNNING
	at org.apache.ratis.MiniRaftCluster.newIllegalStateExceptionForNoLeaders(MiniRaftCluster.java:506)
	at org.apache.ratis.RaftTestUtil.lambda$waitForLeader$1(RaftTestUtil.java:90)
	at org.apache.ratis.MiniRaftCluster.getLeader(MiniRaftCluster.java:539)
	at org.apache.ratis.MiniRaftCluster.getLeader(MiniRaftCluster.java:532)
	at org.apache.ratis.RaftTestUtil.lambda$waitForLeader$3(RaftTestUtil.java:98)
	at org.apache.ratis.util.JavaUtils.attempt(JavaUtils.java:152)
	at org.apache.ratis.RaftTestUtil.waitForLeader(RaftTestUtil.java:97)
	at org.apache.ratis.RaftTestUtil.waitForLeader(RaftTestUtil.java:77)
	at org.apache.ratis.RaftTestUtil.waitForLeader(RaftTestUtil.java:72)
	at org.apache.ratis.RaftTestUtil.lambda$changeLeader$7(RaftTestUtil.java:363)
	at org.apache.ratis.util.JavaUtils.attempt(JavaUtils.java:152)
	at org.apache.ratis.RaftTestUtil.changeLeader(RaftTestUtil.java:362)
	at org.apache.ratis.server.impl.LeaderElectionTests.testChangeLeader(LeaderElectionTests.java:81)
	at sun.reflect.NativeMethodAccessorImpl.invoke0(Native Method)
	at sun.reflect.NativeMethodAccessorImpl.invoke(NativeMethodAccessorImpl.java:62)
	at sun.reflect.DelegatingMethodAccessorImpl.invoke(DelegatingMethodAccessorImpl.java:43)
	at java.lang.reflect.Method.invoke(Method.java:498)
	at org.junit.runners.model.FrameworkMethod$1.runReflectiveCall(FrameworkMethod.java:50)
	at org.junit.internal.runners.model.ReflectiveCallable.run(ReflectiveCallable.java:12)
	at org.junit.runners.model.FrameworkMethod.invokeExplosively(FrameworkMethod.java:47)
	at org.junit.internal.runners.statements.InvokeMethod.evaluate(InvokeMethod.java:17)
	at org.junit.internal.runners.statements.RunAfters.evaluate(RunAfters.java:27)
	at org.junit.internal.runners.statements.FailOnTimeout$CallableStatement.call(FailOnTimeout.java:298)
	at org.junit.internal.runners.statements.FailOnTimeout$CallableStatement.call(FailOnTimeout.java:292)
	at java.util.concurrent.FutureTask.run(FutureTask.java:266)
	at java.lang.Thread.run(Thread.java:748)
2019-09-24 16:30:13,659 WARN  ratis.RaftTestUtil (JavaUtils.java:attempt(158)) - FAILED "waitForLeader-null-(expectLeader? true)", attempt #44/100: java.lang.IllegalStateException: No leader yet : printing ALL groups
  s0:  RUNNING CANDIDATE s0@group-A7200166065B:t21, leader=null, voted=s0, raftlog=s0@group-A7200166065B-SegmentedRaftLog:OPENED:c0,f0,i0, conf=0: [s0:0.0.0.0:33663, s1:0.0.0.0:41738, s2:0.0.0.0:43966], old=null RUNNING
  s1:  RUNNING CANDIDATE s1@group-A7200166065B:t20, leader=null, voted=s1, raftlog=s1@group-A7200166065B-SegmentedRaftLog:OPENED:c-1,f0,i0, conf=0: [s0:0.0.0.0:33663, s1:0.0.0.0:41738, s2:0.0.0.0:43966], old=null RUNNING
  s2:  RUNNING CANDIDATE s2@group-A7200166065B:t20, leader=null, voted=s2, raftlog=s2@group-A7200166065B-SegmentedRaftLog:OPENED:c-1,f0,i0, conf=0: [s0:0.0.0.0:33663, s1:0.0.0.0:41738, s2:0.0.0.0:43966], old=null RUNNING, sleep 450ms and then retry.
java.lang.IllegalStateException: No leader yet : printing ALL groups
  s0:  RUNNING CANDIDATE s0@group-A7200166065B:t21, leader=null, voted=s0, raftlog=s0@group-A7200166065B-SegmentedRaftLog:OPENED:c0,f0,i0, conf=0: [s0:0.0.0.0:33663, s1:0.0.0.0:41738, s2:0.0.0.0:43966], old=null RUNNING
  s1:  RUNNING CANDIDATE s1@group-A7200166065B:t20, leader=null, voted=s1, raftlog=s1@group-A7200166065B-SegmentedRaftLog:OPENED:c-1,f0,i0, conf=0: [s0:0.0.0.0:33663, s1:0.0.0.0:41738, s2:0.0.0.0:43966], old=null RUNNING
  s2:  RUNNING CANDIDATE s2@group-A7200166065B:t20, leader=null, voted=s2, raftlog=s2@group-A7200166065B-SegmentedRaftLog:OPENED:c-1,f0,i0, conf=0: [s0:0.0.0.0:33663, s1:0.0.0.0:41738, s2:0.0.0.0:43966], old=null RUNNING
	at org.apache.ratis.MiniRaftCluster.newIllegalStateExceptionForNoLeaders(MiniRaftCluster.java:506)
	at org.apache.ratis.RaftTestUtil.lambda$waitForLeader$1(RaftTestUtil.java:90)
	at org.apache.ratis.MiniRaftCluster.getLeader(MiniRaftCluster.java:539)
	at org.apache.ratis.MiniRaftCluster.getLeader(MiniRaftCluster.java:532)
	at org.apache.ratis.RaftTestUtil.lambda$waitForLeader$3(RaftTestUtil.java:98)
	at org.apache.ratis.util.JavaUtils.attempt(JavaUtils.java:152)
	at org.apache.ratis.RaftTestUtil.waitForLeader(RaftTestUtil.java:97)
	at org.apache.ratis.RaftTestUtil.waitForLeader(RaftTestUtil.java:77)
	at org.apache.ratis.RaftTestUtil.waitForLeader(RaftTestUtil.java:72)
	at org.apache.ratis.RaftTestUtil.lambda$changeLeader$7(RaftTestUtil.java:363)
	at org.apache.ratis.util.JavaUtils.attempt(JavaUtils.java:152)
	at org.apache.ratis.RaftTestUtil.changeLeader(RaftTestUtil.java:362)
	at org.apache.ratis.server.impl.LeaderElectionTests.testChangeLeader(LeaderElectionTests.java:81)
	at sun.reflect.NativeMethodAccessorImpl.invoke0(Native Method)
	at sun.reflect.NativeMethodAccessorImpl.invoke(NativeMethodAccessorImpl.java:62)
	at sun.reflect.DelegatingMethodAccessorImpl.invoke(DelegatingMethodAccessorImpl.java:43)
	at java.lang.reflect.Method.invoke(Method.java:498)
	at org.junit.runners.model.FrameworkMethod$1.runReflectiveCall(FrameworkMethod.java:50)
	at org.junit.internal.runners.model.ReflectiveCallable.run(ReflectiveCallable.java:12)
	at org.junit.runners.model.FrameworkMethod.invokeExplosively(FrameworkMethod.java:47)
	at org.junit.internal.runners.statements.InvokeMethod.evaluate(InvokeMethod.java:17)
	at org.junit.internal.runners.statements.RunAfters.evaluate(RunAfters.java:27)
	at org.junit.internal.runners.statements.FailOnTimeout$CallableStatement.call(FailOnTimeout.java:298)
	at org.junit.internal.runners.statements.FailOnTimeout$CallableStatement.call(FailOnTimeout.java:292)
	at java.util.concurrent.FutureTask.run(FutureTask.java:266)
	at java.lang.Thread.run(Thread.java:748)
2019-09-24 16:30:14,110 WARN  ratis.RaftTestUtil (JavaUtils.java:attempt(158)) - FAILED "waitForLeader-null-(expectLeader? true)", attempt #45/100: java.lang.IllegalStateException: No leader yet : printing ALL groups
  s0:  RUNNING CANDIDATE s0@group-A7200166065B:t21, leader=null, voted=s0, raftlog=s0@group-A7200166065B-SegmentedRaftLog:OPENED:c0,f0,i0, conf=0: [s0:0.0.0.0:33663, s1:0.0.0.0:41738, s2:0.0.0.0:43966], old=null RUNNING
  s1:  RUNNING CANDIDATE s1@group-A7200166065B:t20, leader=null, voted=s1, raftlog=s1@group-A7200166065B-SegmentedRaftLog:OPENED:c-1,f0,i0, conf=0: [s0:0.0.0.0:33663, s1:0.0.0.0:41738, s2:0.0.0.0:43966], old=null RUNNING
  s2:  RUNNING CANDIDATE s2@group-A7200166065B:t20, leader=null, voted=s2, raftlog=s2@group-A7200166065B-SegmentedRaftLog:OPENED:c-1,f0,i0, conf=0: [s0:0.0.0.0:33663, s1:0.0.0.0:41738, s2:0.0.0.0:43966], old=null RUNNING, sleep 450ms and then retry.
java.lang.IllegalStateException: No leader yet : printing ALL groups
  s0:  RUNNING CANDIDATE s0@group-A7200166065B:t21, leader=null, voted=s0, raftlog=s0@group-A7200166065B-SegmentedRaftLog:OPENED:c0,f0,i0, conf=0: [s0:0.0.0.0:33663, s1:0.0.0.0:41738, s2:0.0.0.0:43966], old=null RUNNING
  s1:  RUNNING CANDIDATE s1@group-A7200166065B:t20, leader=null, voted=s1, raftlog=s1@group-A7200166065B-SegmentedRaftLog:OPENED:c-1,f0,i0, conf=0: [s0:0.0.0.0:33663, s1:0.0.0.0:41738, s2:0.0.0.0:43966], old=null RUNNING
  s2:  RUNNING CANDIDATE s2@group-A7200166065B:t20, leader=null, voted=s2, raftlog=s2@group-A7200166065B-SegmentedRaftLog:OPENED:c-1,f0,i0, conf=0: [s0:0.0.0.0:33663, s1:0.0.0.0:41738, s2:0.0.0.0:43966], old=null RUNNING
	at org.apache.ratis.MiniRaftCluster.newIllegalStateExceptionForNoLeaders(MiniRaftCluster.java:506)
	at org.apache.ratis.RaftTestUtil.lambda$waitForLeader$1(RaftTestUtil.java:90)
	at org.apache.ratis.MiniRaftCluster.getLeader(MiniRaftCluster.java:539)
	at org.apache.ratis.MiniRaftCluster.getLeader(MiniRaftCluster.java:532)
	at org.apache.ratis.RaftTestUtil.lambda$waitForLeader$3(RaftTestUtil.java:98)
	at org.apache.ratis.util.JavaUtils.attempt(JavaUtils.java:152)
	at org.apache.ratis.RaftTestUtil.waitForLeader(RaftTestUtil.java:97)
	at org.apache.ratis.RaftTestUtil.waitForLeader(RaftTestUtil.java:77)
	at org.apache.ratis.RaftTestUtil.waitForLeader(RaftTestUtil.java:72)
	at org.apache.ratis.RaftTestUtil.lambda$changeLeader$7(RaftTestUtil.java:363)
	at org.apache.ratis.util.JavaUtils.attempt(JavaUtils.java:152)
	at org.apache.ratis.RaftTestUtil.changeLeader(RaftTestUtil.java:362)
	at org.apache.ratis.server.impl.LeaderElectionTests.testChangeLeader(LeaderElectionTests.java:81)
	at sun.reflect.NativeMethodAccessorImpl.invoke0(Native Method)
	at sun.reflect.NativeMethodAccessorImpl.invoke(NativeMethodAccessorImpl.java:62)
	at sun.reflect.DelegatingMethodAccessorImpl.invoke(DelegatingMethodAccessorImpl.java:43)
	at java.lang.reflect.Method.invoke(Method.java:498)
	at org.junit.runners.model.FrameworkMethod$1.runReflectiveCall(FrameworkMethod.java:50)
	at org.junit.internal.runners.model.ReflectiveCallable.run(ReflectiveCallable.java:12)
	at org.junit.runners.model.FrameworkMethod.invokeExplosively(FrameworkMethod.java:47)
	at org.junit.internal.runners.statements.InvokeMethod.evaluate(InvokeMethod.java:17)
	at org.junit.internal.runners.statements.RunAfters.evaluate(RunAfters.java:27)
	at org.junit.internal.runners.statements.FailOnTimeout$CallableStatement.call(FailOnTimeout.java:298)
	at org.junit.internal.runners.statements.FailOnTimeout$CallableStatement.call(FailOnTimeout.java:292)
	at java.util.concurrent.FutureTask.run(FutureTask.java:266)
	at java.lang.Thread.run(Thread.java:748)
2019-09-24 16:30:14,562 WARN  ratis.RaftTestUtil (JavaUtils.java:attempt(158)) - FAILED "waitForLeader-null-(expectLeader? true)", attempt #46/100: java.lang.IllegalStateException: No leader yet : printing ALL groups
  s0:  RUNNING CANDIDATE s0@group-A7200166065B:t21, leader=null, voted=s0, raftlog=s0@group-A7200166065B-SegmentedRaftLog:OPENED:c0,f0,i0, conf=0: [s0:0.0.0.0:33663, s1:0.0.0.0:41738, s2:0.0.0.0:43966], old=null RUNNING
  s1:  RUNNING CANDIDATE s1@group-A7200166065B:t20, leader=null, voted=s1, raftlog=s1@group-A7200166065B-SegmentedRaftLog:OPENED:c-1,f0,i0, conf=0: [s0:0.0.0.0:33663, s1:0.0.0.0:41738, s2:0.0.0.0:43966], old=null RUNNING
  s2:  RUNNING CANDIDATE s2@group-A7200166065B:t20, leader=null, voted=s2, raftlog=s2@group-A7200166065B-SegmentedRaftLog:OPENED:c-1,f0,i0, conf=0: [s0:0.0.0.0:33663, s1:0.0.0.0:41738, s2:0.0.0.0:43966], old=null RUNNING, sleep 450ms and then retry.
java.lang.IllegalStateException: No leader yet : printing ALL groups
  s0:  RUNNING CANDIDATE s0@group-A7200166065B:t21, leader=null, voted=s0, raftlog=s0@group-A7200166065B-SegmentedRaftLog:OPENED:c0,f0,i0, conf=0: [s0:0.0.0.0:33663, s1:0.0.0.0:41738, s2:0.0.0.0:43966], old=null RUNNING
  s1:  RUNNING CANDIDATE s1@group-A7200166065B:t20, leader=null, voted=s1, raftlog=s1@group-A7200166065B-SegmentedRaftLog:OPENED:c-1,f0,i0, conf=0: [s0:0.0.0.0:33663, s1:0.0.0.0:41738, s2:0.0.0.0:43966], old=null RUNNING
  s2:  RUNNING CANDIDATE s2@group-A7200166065B:t20, leader=null, voted=s2, raftlog=s2@group-A7200166065B-SegmentedRaftLog:OPENED:c-1,f0,i0, conf=0: [s0:0.0.0.0:33663, s1:0.0.0.0:41738, s2:0.0.0.0:43966], old=null RUNNING
	at org.apache.ratis.MiniRaftCluster.newIllegalStateExceptionForNoLeaders(MiniRaftCluster.java:506)
	at org.apache.ratis.RaftTestUtil.lambda$waitForLeader$1(RaftTestUtil.java:90)
	at org.apache.ratis.MiniRaftCluster.getLeader(MiniRaftCluster.java:539)
	at org.apache.ratis.MiniRaftCluster.getLeader(MiniRaftCluster.java:532)
	at org.apache.ratis.RaftTestUtil.lambda$waitForLeader$3(RaftTestUtil.java:98)
	at org.apache.ratis.util.JavaUtils.attempt(JavaUtils.java:152)
	at org.apache.ratis.RaftTestUtil.waitForLeader(RaftTestUtil.java:97)
	at org.apache.ratis.RaftTestUtil.waitForLeader(RaftTestUtil.java:77)
	at org.apache.ratis.RaftTestUtil.waitForLeader(RaftTestUtil.java:72)
	at org.apache.ratis.RaftTestUtil.lambda$changeLeader$7(RaftTestUtil.java:363)
	at org.apache.ratis.util.JavaUtils.attempt(JavaUtils.java:152)
	at org.apache.ratis.RaftTestUtil.changeLeader(RaftTestUtil.java:362)
	at org.apache.ratis.server.impl.LeaderElectionTests.testChangeLeader(LeaderElectionTests.java:81)
	at sun.reflect.NativeMethodAccessorImpl.invoke0(Native Method)
	at sun.reflect.NativeMethodAccessorImpl.invoke(NativeMethodAccessorImpl.java:62)
	at sun.reflect.DelegatingMethodAccessorImpl.invoke(DelegatingMethodAccessorImpl.java:43)
	at java.lang.reflect.Method.invoke(Method.java:498)
	at org.junit.runners.model.FrameworkMethod$1.runReflectiveCall(FrameworkMethod.java:50)
	at org.junit.internal.runners.model.ReflectiveCallable.run(ReflectiveCallable.java:12)
	at org.junit.runners.model.FrameworkMethod.invokeExplosively(FrameworkMethod.java:47)
	at org.junit.internal.runners.statements.InvokeMethod.evaluate(InvokeMethod.java:17)
	at org.junit.internal.runners.statements.RunAfters.evaluate(RunAfters.java:27)
	at org.junit.internal.runners.statements.FailOnTimeout$CallableStatement.call(FailOnTimeout.java:298)
	at org.junit.internal.runners.statements.FailOnTimeout$CallableStatement.call(FailOnTimeout.java:292)
	at java.util.concurrent.FutureTask.run(FutureTask.java:266)
	at java.lang.Thread.run(Thread.java:748)
2019-09-24 16:30:15,013 WARN  ratis.RaftTestUtil (JavaUtils.java:attempt(158)) - FAILED "waitForLeader-null-(expectLeader? true)", attempt #47/100: java.lang.IllegalStateException: No leader yet : printing ALL groups
  s0:  RUNNING CANDIDATE s0@group-A7200166065B:t21, leader=null, voted=s0, raftlog=s0@group-A7200166065B-SegmentedRaftLog:OPENED:c0,f0,i0, conf=0: [s0:0.0.0.0:33663, s1:0.0.0.0:41738, s2:0.0.0.0:43966], old=null RUNNING
  s1:  RUNNING CANDIDATE s1@group-A7200166065B:t20, leader=null, voted=s1, raftlog=s1@group-A7200166065B-SegmentedRaftLog:OPENED:c-1,f0,i0, conf=0: [s0:0.0.0.0:33663, s1:0.0.0.0:41738, s2:0.0.0.0:43966], old=null RUNNING
  s2:  RUNNING CANDIDATE s2@group-A7200166065B:t20, leader=null, voted=s2, raftlog=s2@group-A7200166065B-SegmentedRaftLog:OPENED:c-1,f0,i0, conf=0: [s0:0.0.0.0:33663, s1:0.0.0.0:41738, s2:0.0.0.0:43966], old=null RUNNING, sleep 450ms and then retry.
java.lang.IllegalStateException: No leader yet : printing ALL groups
  s0:  RUNNING CANDIDATE s0@group-A7200166065B:t21, leader=null, voted=s0, raftlog=s0@group-A7200166065B-SegmentedRaftLog:OPENED:c0,f0,i0, conf=0: [s0:0.0.0.0:33663, s1:0.0.0.0:41738, s2:0.0.0.0:43966], old=null RUNNING
  s1:  RUNNING CANDIDATE s1@group-A7200166065B:t20, leader=null, voted=s1, raftlog=s1@group-A7200166065B-SegmentedRaftLog:OPENED:c-1,f0,i0, conf=0: [s0:0.0.0.0:33663, s1:0.0.0.0:41738, s2:0.0.0.0:43966], old=null RUNNING
  s2:  RUNNING CANDIDATE s2@group-A7200166065B:t20, leader=null, voted=s2, raftlog=s2@group-A7200166065B-SegmentedRaftLog:OPENED:c-1,f0,i0, conf=0: [s0:0.0.0.0:33663, s1:0.0.0.0:41738, s2:0.0.0.0:43966], old=null RUNNING
	at org.apache.ratis.MiniRaftCluster.newIllegalStateExceptionForNoLeaders(MiniRaftCluster.java:506)
	at org.apache.ratis.RaftTestUtil.lambda$waitForLeader$1(RaftTestUtil.java:90)
	at org.apache.ratis.MiniRaftCluster.getLeader(MiniRaftCluster.java:539)
	at org.apache.ratis.MiniRaftCluster.getLeader(MiniRaftCluster.java:532)
	at org.apache.ratis.RaftTestUtil.lambda$waitForLeader$3(RaftTestUtil.java:98)
	at org.apache.ratis.util.JavaUtils.attempt(JavaUtils.java:152)
	at org.apache.ratis.RaftTestUtil.waitForLeader(RaftTestUtil.java:97)
	at org.apache.ratis.RaftTestUtil.waitForLeader(RaftTestUtil.java:77)
	at org.apache.ratis.RaftTestUtil.waitForLeader(RaftTestUtil.java:72)
	at org.apache.ratis.RaftTestUtil.lambda$changeLeader$7(RaftTestUtil.java:363)
	at org.apache.ratis.util.JavaUtils.attempt(JavaUtils.java:152)
	at org.apache.ratis.RaftTestUtil.changeLeader(RaftTestUtil.java:362)
	at org.apache.ratis.server.impl.LeaderElectionTests.testChangeLeader(LeaderElectionTests.java:81)
	at sun.reflect.NativeMethodAccessorImpl.invoke0(Native Method)
	at sun.reflect.NativeMethodAccessorImpl.invoke(NativeMethodAccessorImpl.java:62)
	at sun.reflect.DelegatingMethodAccessorImpl.invoke(DelegatingMethodAccessorImpl.java:43)
	at java.lang.reflect.Method.invoke(Method.java:498)
	at org.junit.runners.model.FrameworkMethod$1.runReflectiveCall(FrameworkMethod.java:50)
	at org.junit.internal.runners.model.ReflectiveCallable.run(ReflectiveCallable.java:12)
	at org.junit.runners.model.FrameworkMethod.invokeExplosively(FrameworkMethod.java:47)
	at org.junit.internal.runners.statements.InvokeMethod.evaluate(InvokeMethod.java:17)
	at org.junit.internal.runners.statements.RunAfters.evaluate(RunAfters.java:27)
	at org.junit.internal.runners.statements.FailOnTimeout$CallableStatement.call(FailOnTimeout.java:298)
	at org.junit.internal.runners.statements.FailOnTimeout$CallableStatement.call(FailOnTimeout.java:292)
	at java.util.concurrent.FutureTask.run(FutureTask.java:266)
	at java.lang.Thread.run(Thread.java:748)
2019-09-24 16:30:15,172 INFO  impl.LeaderElection (LeaderElection.java:askForVotes(178)) - s2@group-A7200166065B-LeaderElection146: begin an election at term 20 for 0: [s0:0.0.0.0:33663, s1:0.0.0.0:41738, s2:0.0.0.0:43966], old=null
2019-09-24 16:30:15,173 DEBUG impl.RaftServerImpl (RaftServerImpl.java:requestVote(743)) - s0@group-A7200166065B: receive requestVote(s2, group-A7200166065B, 20, (t:3, i:0))
2019-09-24 16:30:15,173 DEBUG impl.RaftServerImpl (RaftServerImpl.java:requestVote(743)) - s1@group-A7200166065B: receive requestVote(s2, group-A7200166065B, 20, (t:3, i:0))
2019-09-24 16:30:15,241 INFO  impl.LeaderElection (LeaderElection.java:askForVotes(178)) - s1@group-A7200166065B-LeaderElection147: begin an election at term 20 for 0: [s0:0.0.0.0:33663, s1:0.0.0.0:41738, s2:0.0.0.0:43966], old=null
2019-09-24 16:30:15,241 DEBUG impl.RaftServerImpl (RaftServerImpl.java:requestVote(775)) - s1@group-A7200166065B replies to vote request: s2<-s1#0:FAIL-t20. Peer's state: s1@group-A7200166065B:t20, leader=null, voted=s1, raftlog=s1@group-A7200166065B-SegmentedRaftLog:OPENED:c-1,f0,i0, conf=0: [s0:0.0.0.0:33663, s1:0.0.0.0:41738, s2:0.0.0.0:43966], old=null
2019-09-24 16:30:15,242 INFO  impl.LeaderElection (LeaderElection.java:askForVotes(178)) - s0@group-A7200166065B-LeaderElection131: begin an election at term 21 for 0: [s0:0.0.0.0:33663, s1:0.0.0.0:41738, s2:0.0.0.0:43966], old=null
2019-09-24 16:30:15,242 DEBUG impl.RaftServerImpl (RaftServerImpl.java:requestVote(775)) - s0@group-A7200166065B replies to vote request: s2<-s0#0:FAIL-t21. Peer's state: s0@group-A7200166065B:t21, leader=null, voted=s0, raftlog=s0@group-A7200166065B-SegmentedRaftLog:OPENED:c0,f0,i0, conf=0: [s0:0.0.0.0:33663, s1:0.0.0.0:41738, s2:0.0.0.0:43966], old=null
2019-09-24 16:30:15,243 DEBUG impl.RaftServerImpl (RaftServerImpl.java:requestVote(743)) - s2@group-A7200166065B: receive requestVote(s1, group-A7200166065B, 20, (t:3, i:0))
2019-09-24 16:30:15,243 DEBUG impl.RaftServerImpl (RaftServerImpl.java:requestVote(743)) - s0@group-A7200166065B: receive requestVote(s1, group-A7200166065B, 20, (t:3, i:0))
2019-09-24 16:30:15,243 INFO  impl.LeaderElection (LeaderElection.java:logAndReturn(56)) - s2@group-A7200166065B-LeaderElection146: Election DISCOVERED_A_NEW_TERM; received 2 response(s) [s2<-s0#0:FAIL-t21, s2<-s1#0:FAIL-t20] and 0 exception(s); s2@group-A7200166065B:t20, leader=null, voted=s2, raftlog=s2@group-A7200166065B-SegmentedRaftLog:OPENED:c-1,f0,i0, conf=0: [s0:0.0.0.0:33663, s1:0.0.0.0:41738, s2:0.0.0.0:43966], old=null
2019-09-24 16:30:15,243 DEBUG impl.RaftServerImpl (RaftServerImpl.java:requestVote(775)) - s2@group-A7200166065B replies to vote request: s1<-s2#0:FAIL-t20. Peer's state: s2@group-A7200166065B:t20, leader=null, voted=s2, raftlog=s2@group-A7200166065B-SegmentedRaftLog:OPENED:c-1,f0,i0, conf=0: [s0:0.0.0.0:33663, s1:0.0.0.0:41738, s2:0.0.0.0:43966], old=null
2019-09-24 16:30:15,243 DEBUG impl.RaftServerImpl (RaftServerImpl.java:requestVote(775)) - s0@group-A7200166065B replies to vote request: s1<-s0#0:FAIL-t21. Peer's state: s0@group-A7200166065B:t21, leader=null, voted=s0, raftlog=s0@group-A7200166065B-SegmentedRaftLog:OPENED:c0,f0,i0, conf=0: [s0:0.0.0.0:33663, s1:0.0.0.0:41738, s2:0.0.0.0:43966], old=null
2019-09-24 16:30:15,244 INFO  impl.RaftServerImpl (RaftServerImpl.java:setRole(170)) - s2@group-A7200166065B: changes role from CANDIDATE to FOLLOWER at term 21 for DISCOVERED_A_NEW_TERM
2019-09-24 16:30:15,245 INFO  impl.RoleInfo (RoleInfo.java:shutdownLeaderElection(134)) - s2: shutdown LeaderElection
2019-09-24 16:30:15,245 INFO  impl.LeaderElection (LeaderElection.java:logAndReturn(56)) - s1@group-A7200166065B-LeaderElection147: Election DISCOVERED_A_NEW_TERM; received 2 response(s) [s1<-s0#0:FAIL-t21, s1<-s2#0:FAIL-t20] and 0 exception(s); s1@group-A7200166065B:t20, leader=null, voted=s1, raftlog=s1@group-A7200166065B-SegmentedRaftLog:OPENED:c-1,f0,i0, conf=0: [s0:0.0.0.0:33663, s1:0.0.0.0:41738, s2:0.0.0.0:43966], old=null
2019-09-24 16:30:15,245 INFO  impl.RoleInfo (RoleInfo.java:updateAndGet(143)) - s2: start FollowerState
2019-09-24 16:30:15,245 INFO  impl.RaftServerImpl (RaftServerImpl.java:setRole(170)) - s1@group-A7200166065B: changes role from CANDIDATE to FOLLOWER at term 21 for DISCOVERED_A_NEW_TERM
2019-09-24 16:30:15,245 INFO  impl.RoleInfo (RoleInfo.java:shutdownLeaderElection(134)) - s1: shutdown LeaderElection
2019-09-24 16:30:15,245 INFO  impl.RoleInfo (RoleInfo.java:updateAndGet(143)) - s1: start FollowerState
2019-09-24 16:30:15,414 INFO  impl.LeaderElection (LeaderElection.java:logAndReturn(56)) - s0@group-A7200166065B-LeaderElection131: Election TIMEOUT; received 0 response(s) [] and 0 exception(s); s0@group-A7200166065B:t21, leader=null, voted=s0, raftlog=s0@group-A7200166065B-SegmentedRaftLog:OPENED:c0,f0,i0, conf=0: [s0:0.0.0.0:33663, s1:0.0.0.0:41738, s2:0.0.0.0:43966], old=null
2019-09-24 16:30:15,465 WARN  ratis.RaftTestUtil (JavaUtils.java:attempt(158)) - FAILED "waitForLeader-null-(expectLeader? true)", attempt #48/100: java.lang.IllegalStateException: No leader yet : printing ALL groups
  s0:  RUNNING CANDIDATE s0@group-A7200166065B:t22, leader=null, voted=s0, raftlog=s0@group-A7200166065B-SegmentedRaftLog:OPENED:c0,f0,i0, conf=0: [s0:0.0.0.0:33663, s1:0.0.0.0:41738, s2:0.0.0.0:43966], old=null RUNNING
  s1:  RUNNING  FOLLOWER s1@group-A7200166065B:t21, leader=null, voted=null, raftlog=s1@group-A7200166065B-SegmentedRaftLog:OPENED:c-1,f0,i0, conf=0: [s0:0.0.0.0:33663, s1:0.0.0.0:41738, s2:0.0.0.0:43966], old=null RUNNING
  s2:  RUNNING  FOLLOWER s2@group-A7200166065B:t21, leader=null, voted=null, raftlog=s2@group-A7200166065B-SegmentedRaftLog:OPENED:c-1,f0,i0, conf=0: [s0:0.0.0.0:33663, s1:0.0.0.0:41738, s2:0.0.0.0:43966], old=null RUNNING, sleep 450ms and then retry.
java.lang.IllegalStateException: No leader yet : printing ALL groups
  s0:  RUNNING CANDIDATE s0@group-A7200166065B:t22, leader=null, voted=s0, raftlog=s0@group-A7200166065B-SegmentedRaftLog:OPENED:c0,f0,i0, conf=0: [s0:0.0.0.0:33663, s1:0.0.0.0:41738, s2:0.0.0.0:43966], old=null RUNNING
  s1:  RUNNING  FOLLOWER s1@group-A7200166065B:t21, leader=null, voted=null, raftlog=s1@group-A7200166065B-SegmentedRaftLog:OPENED:c-1,f0,i0, conf=0: [s0:0.0.0.0:33663, s1:0.0.0.0:41738, s2:0.0.0.0:43966], old=null RUNNING
  s2:  RUNNING  FOLLOWER s2@group-A7200166065B:t21, leader=null, voted=null, raftlog=s2@group-A7200166065B-SegmentedRaftLog:OPENED:c-1,f0,i0, conf=0: [s0:0.0.0.0:33663, s1:0.0.0.0:41738, s2:0.0.0.0:43966], old=null RUNNING
	at org.apache.ratis.MiniRaftCluster.newIllegalStateExceptionForNoLeaders(MiniRaftCluster.java:506)
	at org.apache.ratis.RaftTestUtil.lambda$waitForLeader$1(RaftTestUtil.java:90)
	at org.apache.ratis.MiniRaftCluster.getLeader(MiniRaftCluster.java:539)
	at org.apache.ratis.MiniRaftCluster.getLeader(MiniRaftCluster.java:532)
	at org.apache.ratis.RaftTestUtil.lambda$waitForLeader$3(RaftTestUtil.java:98)
	at org.apache.ratis.util.JavaUtils.attempt(JavaUtils.java:152)
	at org.apache.ratis.RaftTestUtil.waitForLeader(RaftTestUtil.java:97)
	at org.apache.ratis.RaftTestUtil.waitForLeader(RaftTestUtil.java:77)
	at org.apache.ratis.RaftTestUtil.waitForLeader(RaftTestUtil.java:72)
	at org.apache.ratis.RaftTestUtil.lambda$changeLeader$7(RaftTestUtil.java:363)
	at org.apache.ratis.util.JavaUtils.attempt(JavaUtils.java:152)
	at org.apache.ratis.RaftTestUtil.changeLeader(RaftTestUtil.java:362)
	at org.apache.ratis.server.impl.LeaderElectionTests.testChangeLeader(LeaderElectionTests.java:81)
	at sun.reflect.NativeMethodAccessorImpl.invoke0(Native Method)
	at sun.reflect.NativeMethodAccessorImpl.invoke(NativeMethodAccessorImpl.java:62)
	at sun.reflect.DelegatingMethodAccessorImpl.invoke(DelegatingMethodAccessorImpl.java:43)
	at java.lang.reflect.Method.invoke(Method.java:498)
	at org.junit.runners.model.FrameworkMethod$1.runReflectiveCall(FrameworkMethod.java:50)
	at org.junit.internal.runners.model.ReflectiveCallable.run(ReflectiveCallable.java:12)
	at org.junit.runners.model.FrameworkMethod.invokeExplosively(FrameworkMethod.java:47)
	at org.junit.internal.runners.statements.InvokeMethod.evaluate(InvokeMethod.java:17)
	at org.junit.internal.runners.statements.RunAfters.evaluate(RunAfters.java:27)
	at org.junit.internal.runners.statements.FailOnTimeout$CallableStatement.call(FailOnTimeout.java:298)
	at org.junit.internal.runners.statements.FailOnTimeout$CallableStatement.call(FailOnTimeout.java:292)
	at java.util.concurrent.FutureTask.run(FutureTask.java:266)
	at java.lang.Thread.run(Thread.java:748)
2019-09-24 16:30:15,916 WARN  ratis.RaftTestUtil (JavaUtils.java:attempt(158)) - FAILED "waitForLeader-null-(expectLeader? true)", attempt #49/100: java.lang.IllegalStateException: No leader yet : printing ALL groups
  s0:  RUNNING CANDIDATE s0@group-A7200166065B:t22, leader=null, voted=s0, raftlog=s0@group-A7200166065B-SegmentedRaftLog:OPENED:c0,f0,i0, conf=0: [s0:0.0.0.0:33663, s1:0.0.0.0:41738, s2:0.0.0.0:43966], old=null RUNNING
  s1:  RUNNING  FOLLOWER s1@group-A7200166065B:t21, leader=null, voted=null, raftlog=s1@group-A7200166065B-SegmentedRaftLog:OPENED:c-1,f0,i0, conf=0: [s0:0.0.0.0:33663, s1:0.0.0.0:41738, s2:0.0.0.0:43966], old=null RUNNING
  s2:  RUNNING  FOLLOWER s2@group-A7200166065B:t21, leader=null, voted=null, raftlog=s2@group-A7200166065B-SegmentedRaftLog:OPENED:c-1,f0,i0, conf=0: [s0:0.0.0.0:33663, s1:0.0.0.0:41738, s2:0.0.0.0:43966], old=null RUNNING, sleep 450ms and then retry.
java.lang.IllegalStateException: No leader yet : printing ALL groups
  s0:  RUNNING CANDIDATE s0@group-A7200166065B:t22, leader=null, voted=s0, raftlog=s0@group-A7200166065B-SegmentedRaftLog:OPENED:c0,f0,i0, conf=0: [s0:0.0.0.0:33663, s1:0.0.0.0:41738, s2:0.0.0.0:43966], old=null RUNNING
  s1:  RUNNING  FOLLOWER s1@group-A7200166065B:t21, leader=null, voted=null, raftlog=s1@group-A7200166065B-SegmentedRaftLog:OPENED:c-1,f0,i0, conf=0: [s0:0.0.0.0:33663, s1:0.0.0.0:41738, s2:0.0.0.0:43966], old=null RUNNING
  s2:  RUNNING  FOLLOWER s2@group-A7200166065B:t21, leader=null, voted=null, raftlog=s2@group-A7200166065B-SegmentedRaftLog:OPENED:c-1,f0,i0, conf=0: [s0:0.0.0.0:33663, s1:0.0.0.0:41738, s2:0.0.0.0:43966], old=null RUNNING
	at org.apache.ratis.MiniRaftCluster.newIllegalStateExceptionForNoLeaders(MiniRaftCluster.java:506)
	at org.apache.ratis.RaftTestUtil.lambda$waitForLeader$1(RaftTestUtil.java:90)
	at org.apache.ratis.MiniRaftCluster.getLeader(MiniRaftCluster.java:539)
	at org.apache.ratis.MiniRaftCluster.getLeader(MiniRaftCluster.java:532)
	at org.apache.ratis.RaftTestUtil.lambda$waitForLeader$3(RaftTestUtil.java:98)
	at org.apache.ratis.util.JavaUtils.attempt(JavaUtils.java:152)
	at org.apache.ratis.RaftTestUtil.waitForLeader(RaftTestUtil.java:97)
	at org.apache.ratis.RaftTestUtil.waitForLeader(RaftTestUtil.java:77)
	at org.apache.ratis.RaftTestUtil.waitForLeader(RaftTestUtil.java:72)
	at org.apache.ratis.RaftTestUtil.lambda$changeLeader$7(RaftTestUtil.java:363)
	at org.apache.ratis.util.JavaUtils.attempt(JavaUtils.java:152)
	at org.apache.ratis.RaftTestUtil.changeLeader(RaftTestUtil.java:362)
	at org.apache.ratis.server.impl.LeaderElectionTests.testChangeLeader(LeaderElectionTests.java:81)
	at sun.reflect.NativeMethodAccessorImpl.invoke0(Native Method)
	at sun.reflect.NativeMethodAccessorImpl.invoke(NativeMethodAccessorImpl.java:62)
	at sun.reflect.DelegatingMethodAccessorImpl.invoke(DelegatingMethodAccessorImpl.java:43)
	at java.lang.reflect.Method.invoke(Method.java:498)
	at org.junit.runners.model.FrameworkMethod$1.runReflectiveCall(FrameworkMethod.java:50)
	at org.junit.internal.runners.model.ReflectiveCallable.run(ReflectiveCallable.java:12)
	at org.junit.runners.model.FrameworkMethod.invokeExplosively(FrameworkMethod.java:47)
	at org.junit.internal.runners.statements.InvokeMethod.evaluate(InvokeMethod.java:17)
	at org.junit.internal.runners.statements.RunAfters.evaluate(RunAfters.java:27)
	at org.junit.internal.runners.statements.FailOnTimeout$CallableStatement.call(FailOnTimeout.java:298)
	at org.junit.internal.runners.statements.FailOnTimeout$CallableStatement.call(FailOnTimeout.java:292)
	at java.util.concurrent.FutureTask.run(FutureTask.java:266)
	at java.lang.Thread.run(Thread.java:748)
2019-09-24 16:30:16,115 INFO  impl.LeaderElection (LeaderElection.java:askForVotes(178)) - s0@group-A7200166065B-LeaderElection131: begin an election at term 22 for 0: [s0:0.0.0.0:33663, s1:0.0.0.0:41738, s2:0.0.0.0:43966], old=null
2019-09-24 16:30:16,115 INFO  impl.FollowerState (FollowerState.java:run(108)) - s1@group-A7200166065B-FollowerState: change to CANDIDATE, lastRpcTime:869ms, electionTimeout:215ms
2019-09-24 16:30:16,115 INFO  impl.FollowerState (FollowerState.java:run(108)) - s2@group-A7200166065B-FollowerState: change to CANDIDATE, lastRpcTime:870ms, electionTimeout:232ms
2019-09-24 16:30:16,115 INFO  impl.RoleInfo (RoleInfo.java:shutdownFollowerState(121)) - s2: shutdown FollowerState
2019-09-24 16:30:16,115 INFO  impl.RoleInfo (RoleInfo.java:shutdownFollowerState(121)) - s1: shutdown FollowerState
2019-09-24 16:30:16,116 INFO  impl.RaftServerImpl (RaftServerImpl.java:setRole(170)) - s2@group-A7200166065B: changes role from  FOLLOWER to CANDIDATE at term 21 for changeToCandidate
2019-09-24 16:30:16,116 INFO  impl.RaftServerImpl (RaftServerImpl.java:setRole(170)) - s1@group-A7200166065B: changes role from  FOLLOWER to CANDIDATE at term 21 for changeToCandidate
2019-09-24 16:30:16,116 INFO  impl.RoleInfo (RoleInfo.java:updateAndGet(143)) - s2: start LeaderElection
2019-09-24 16:30:16,116 INFO  impl.RoleInfo (RoleInfo.java:updateAndGet(143)) - s1: start LeaderElection
2019-09-24 16:30:16,130 INFO  impl.LeaderElection (LeaderElection.java:askForVotes(178)) - s2@group-A7200166065B-LeaderElection148: begin an election at term 22 for 0: [s0:0.0.0.0:33663, s1:0.0.0.0:41738, s2:0.0.0.0:43966], old=null
2019-09-24 16:30:16,130 INFO  impl.LeaderElection (LeaderElection.java:askForVotes(178)) - s1@group-A7200166065B-LeaderElection149: begin an election at term 22 for 0: [s0:0.0.0.0:33663, s1:0.0.0.0:41738, s2:0.0.0.0:43966], old=null
2019-09-24 16:30:16,131 DEBUG impl.RaftServerImpl (RaftServerImpl.java:requestVote(743)) - s0@group-A7200166065B: receive requestVote(s2, group-A7200166065B, 22, (t:3, i:0))
2019-09-24 16:30:16,131 DEBUG impl.RaftServerImpl (RaftServerImpl.java:requestVote(743)) - s1@group-A7200166065B: receive requestVote(s2, group-A7200166065B, 22, (t:3, i:0))
2019-09-24 16:30:16,131 DEBUG impl.RaftServerImpl (RaftServerImpl.java:requestVote(743)) - s0@group-A7200166065B: receive requestVote(s1, group-A7200166065B, 22, (t:3, i:0))
2019-09-24 16:30:16,131 DEBUG impl.RaftServerImpl (RaftServerImpl.java:requestVote(775)) - s1@group-A7200166065B replies to vote request: s2<-s1#0:FAIL-t22. Peer's state: s1@group-A7200166065B:t22, leader=null, voted=s1, raftlog=s1@group-A7200166065B-SegmentedRaftLog:OPENED:c-1,f0,i0, conf=0: [s0:0.0.0.0:33663, s1:0.0.0.0:41738, s2:0.0.0.0:43966], old=null
2019-09-24 16:30:16,131 DEBUG impl.RaftServerImpl (RaftServerImpl.java:requestVote(743)) - s2@group-A7200166065B: receive requestVote(s1, group-A7200166065B, 22, (t:3, i:0))
2019-09-24 16:30:16,131 DEBUG impl.RaftServerImpl (RaftServerImpl.java:requestVote(775)) - s0@group-A7200166065B replies to vote request: s2<-s0#0:FAIL-t22. Peer's state: s0@group-A7200166065B:t22, leader=null, voted=s0, raftlog=s0@group-A7200166065B-SegmentedRaftLog:OPENED:c0,f0,i0, conf=0: [s0:0.0.0.0:33663, s1:0.0.0.0:41738, s2:0.0.0.0:43966], old=null
2019-09-24 16:30:16,132 DEBUG impl.RaftServerImpl (RaftServerImpl.java:requestVote(775)) - s2@group-A7200166065B replies to vote request: s1<-s2#0:FAIL-t22. Peer's state: s2@group-A7200166065B:t22, leader=null, voted=s2, raftlog=s2@group-A7200166065B-SegmentedRaftLog:OPENED:c-1,f0,i0, conf=0: [s0:0.0.0.0:33663, s1:0.0.0.0:41738, s2:0.0.0.0:43966], old=null
2019-09-24 16:30:16,133 DEBUG impl.RaftServerImpl (RaftServerImpl.java:requestVote(775)) - s0@group-A7200166065B replies to vote request: s1<-s0#0:FAIL-t22. Peer's state: s0@group-A7200166065B:t22, leader=null, voted=s0, raftlog=s0@group-A7200166065B-SegmentedRaftLog:OPENED:c0,f0,i0, conf=0: [s0:0.0.0.0:33663, s1:0.0.0.0:41738, s2:0.0.0.0:43966], old=null
2019-09-24 16:30:16,133 INFO  impl.LeaderElection (LeaderElection.java:logAndReturn(56)) - s2@group-A7200166065B-LeaderElection148: Election REJECTED; received 2 response(s) [s2<-s0#0:FAIL-t22, s2<-s1#0:FAIL-t22] and 0 exception(s); s2@group-A7200166065B:t22, leader=null, voted=s2, raftlog=s2@group-A7200166065B-SegmentedRaftLog:OPENED:c-1,f0,i0, conf=0: [s0:0.0.0.0:33663, s1:0.0.0.0:41738, s2:0.0.0.0:43966], old=null
2019-09-24 16:30:16,134 INFO  impl.RaftServerImpl (RaftServerImpl.java:setRole(170)) - s2@group-A7200166065B: changes role from CANDIDATE to FOLLOWER at term 22 for DISCOVERED_A_NEW_TERM
2019-09-24 16:30:16,134 INFO  impl.RoleInfo (RoleInfo.java:shutdownLeaderElection(134)) - s2: shutdown LeaderElection
2019-09-24 16:30:16,134 INFO  impl.LeaderElection (LeaderElection.java:logAndReturn(56)) - s1@group-A7200166065B-LeaderElection149: Election REJECTED; received 2 response(s) [s1<-s0#0:FAIL-t22, s1<-s2#0:FAIL-t22] and 0 exception(s); s1@group-A7200166065B:t22, leader=null, voted=s1, raftlog=s1@group-A7200166065B-SegmentedRaftLog:OPENED:c-1,f0,i0, conf=0: [s0:0.0.0.0:33663, s1:0.0.0.0:41738, s2:0.0.0.0:43966], old=null
2019-09-24 16:30:16,134 INFO  impl.RoleInfo (RoleInfo.java:updateAndGet(143)) - s2: start FollowerState
2019-09-24 16:30:16,134 INFO  impl.RaftServerImpl (RaftServerImpl.java:setRole(170)) - s1@group-A7200166065B: changes role from CANDIDATE to FOLLOWER at term 22 for DISCOVERED_A_NEW_TERM
2019-09-24 16:30:16,134 INFO  impl.RoleInfo (RoleInfo.java:shutdownLeaderElection(134)) - s1: shutdown LeaderElection
2019-09-24 16:30:16,134 INFO  impl.RoleInfo (RoleInfo.java:updateAndGet(143)) - s1: start FollowerState
2019-09-24 16:30:16,290 INFO  impl.LeaderElection (LeaderElection.java:logAndReturn(56)) - s0@group-A7200166065B-LeaderElection131: Election TIMEOUT; received 0 response(s) [] and 0 exception(s); s0@group-A7200166065B:t22, leader=null, voted=s0, raftlog=s0@group-A7200166065B-SegmentedRaftLog:OPENED:c0,f0,i0, conf=0: [s0:0.0.0.0:33663, s1:0.0.0.0:41738, s2:0.0.0.0:43966], old=null
2019-09-24 16:30:16,339 INFO  impl.FollowerState (FollowerState.java:run(108)) - s1@group-A7200166065B-FollowerState: change to CANDIDATE, lastRpcTime:204ms, electionTimeout:204ms
2019-09-24 16:30:16,339 INFO  impl.RoleInfo (RoleInfo.java:shutdownFollowerState(121)) - s1: shutdown FollowerState
2019-09-24 16:30:16,339 INFO  impl.RaftServerImpl (RaftServerImpl.java:setRole(170)) - s1@group-A7200166065B: changes role from  FOLLOWER to CANDIDATE at term 22 for changeToCandidate
2019-09-24 16:30:16,340 INFO  impl.RoleInfo (RoleInfo.java:updateAndGet(143)) - s1: start LeaderElection
2019-09-24 16:30:16,354 INFO  impl.FollowerState (FollowerState.java:run(108)) - s2@group-A7200166065B-FollowerState: change to CANDIDATE, lastRpcTime:219ms, electionTimeout:219ms
2019-09-24 16:30:16,354 INFO  impl.RoleInfo (RoleInfo.java:shutdownFollowerState(121)) - s2: shutdown FollowerState
2019-09-24 16:30:16,354 INFO  impl.RaftServerImpl (RaftServerImpl.java:setRole(170)) - s2@group-A7200166065B: changes role from  FOLLOWER to CANDIDATE at term 22 for changeToCandidate
2019-09-24 16:30:16,354 INFO  impl.RoleInfo (RoleInfo.java:updateAndGet(143)) - s2: start LeaderElection
2019-09-24 16:30:16,367 WARN  ratis.RaftTestUtil (JavaUtils.java:attempt(158)) - FAILED "waitForLeader-null-(expectLeader? true)", attempt #50/100: java.lang.IllegalStateException: No leader yet : printing ALL groups
  s0:  RUNNING CANDIDATE s0@group-A7200166065B:t23, leader=null, voted=s0, raftlog=s0@group-A7200166065B-SegmentedRaftLog:OPENED:c0,f0,i0, conf=0: [s0:0.0.0.0:33663, s1:0.0.0.0:41738, s2:0.0.0.0:43966], old=null RUNNING
  s1:  RUNNING CANDIDATE s1@group-A7200166065B:t23, leader=null, voted=s1, raftlog=s1@group-A7200166065B-SegmentedRaftLog:OPENED:c-1,f0,i0, conf=0: [s0:0.0.0.0:33663, s1:0.0.0.0:41738, s2:0.0.0.0:43966], old=null RUNNING
  s2:  RUNNING CANDIDATE s2@group-A7200166065B:t23, leader=null, voted=s2, raftlog=s2@group-A7200166065B-SegmentedRaftLog:OPENED:c-1,f0,i0, conf=0: [s0:0.0.0.0:33663, s1:0.0.0.0:41738, s2:0.0.0.0:43966], old=null RUNNING, sleep 450ms and then retry.
java.lang.IllegalStateException: No leader yet : printing ALL groups
  s0:  RUNNING CANDIDATE s0@group-A7200166065B:t23, leader=null, voted=s0, raftlog=s0@group-A7200166065B-SegmentedRaftLog:OPENED:c0,f0,i0, conf=0: [s0:0.0.0.0:33663, s1:0.0.0.0:41738, s2:0.0.0.0:43966], old=null RUNNING
  s1:  RUNNING CANDIDATE s1@group-A7200166065B:t23, leader=null, voted=s1, raftlog=s1@group-A7200166065B-SegmentedRaftLog:OPENED:c-1,f0,i0, conf=0: [s0:0.0.0.0:33663, s1:0.0.0.0:41738, s2:0.0.0.0:43966], old=null RUNNING
  s2:  RUNNING CANDIDATE s2@group-A7200166065B:t23, leader=null, voted=s2, raftlog=s2@group-A7200166065B-SegmentedRaftLog:OPENED:c-1,f0,i0, conf=0: [s0:0.0.0.0:33663, s1:0.0.0.0:41738, s2:0.0.0.0:43966], old=null RUNNING
	at org.apache.ratis.MiniRaftCluster.newIllegalStateExceptionForNoLeaders(MiniRaftCluster.java:506)
	at org.apache.ratis.RaftTestUtil.lambda$waitForLeader$1(RaftTestUtil.java:90)
	at org.apache.ratis.MiniRaftCluster.getLeader(MiniRaftCluster.java:539)
	at org.apache.ratis.MiniRaftCluster.getLeader(MiniRaftCluster.java:532)
	at org.apache.ratis.RaftTestUtil.lambda$waitForLeader$3(RaftTestUtil.java:98)
	at org.apache.ratis.util.JavaUtils.attempt(JavaUtils.java:152)
	at org.apache.ratis.RaftTestUtil.waitForLeader(RaftTestUtil.java:97)
	at org.apache.ratis.RaftTestUtil.waitForLeader(RaftTestUtil.java:77)
	at org.apache.ratis.RaftTestUtil.waitForLeader(RaftTestUtil.java:72)
	at org.apache.ratis.RaftTestUtil.lambda$changeLeader$7(RaftTestUtil.java:363)
	at org.apache.ratis.util.JavaUtils.attempt(JavaUtils.java:152)
	at org.apache.ratis.RaftTestUtil.changeLeader(RaftTestUtil.java:362)
	at org.apache.ratis.server.impl.LeaderElectionTests.testChangeLeader(LeaderElectionTests.java:81)
	at sun.reflect.NativeMethodAccessorImpl.invoke0(Native Method)
	at sun.reflect.NativeMethodAccessorImpl.invoke(NativeMethodAccessorImpl.java:62)
	at sun.reflect.DelegatingMethodAccessorImpl.invoke(DelegatingMethodAccessorImpl.java:43)
	at java.lang.reflect.Method.invoke(Method.java:498)
	at org.junit.runners.model.FrameworkMethod$1.runReflectiveCall(FrameworkMethod.java:50)
	at org.junit.internal.runners.model.ReflectiveCallable.run(ReflectiveCallable.java:12)
	at org.junit.runners.model.FrameworkMethod.invokeExplosively(FrameworkMethod.java:47)
	at org.junit.internal.runners.statements.InvokeMethod.evaluate(InvokeMethod.java:17)
	at org.junit.internal.runners.statements.RunAfters.evaluate(RunAfters.java:27)
	at org.junit.internal.runners.statements.FailOnTimeout$CallableStatement.call(FailOnTimeout.java:298)
	at org.junit.internal.runners.statements.FailOnTimeout$CallableStatement.call(FailOnTimeout.java:292)
	at java.util.concurrent.FutureTask.run(FutureTask.java:266)
	at java.lang.Thread.run(Thread.java:748)
2019-09-24 16:30:16,818 WARN  ratis.RaftTestUtil (JavaUtils.java:attempt(158)) - FAILED "waitForLeader-null-(expectLeader? true)", attempt #51/100: java.lang.IllegalStateException: No leader yet : printing ALL groups
  s0:  RUNNING CANDIDATE s0@group-A7200166065B:t23, leader=null, voted=s0, raftlog=s0@group-A7200166065B-SegmentedRaftLog:OPENED:c0,f0,i0, conf=0: [s0:0.0.0.0:33663, s1:0.0.0.0:41738, s2:0.0.0.0:43966], old=null RUNNING
  s1:  RUNNING CANDIDATE s1@group-A7200166065B:t23, leader=null, voted=s1, raftlog=s1@group-A7200166065B-SegmentedRaftLog:OPENED:c-1,f0,i0, conf=0: [s0:0.0.0.0:33663, s1:0.0.0.0:41738, s2:0.0.0.0:43966], old=null RUNNING
  s2:  RUNNING CANDIDATE s2@group-A7200166065B:t23, leader=null, voted=s2, raftlog=s2@group-A7200166065B-SegmentedRaftLog:OPENED:c-1,f0,i0, conf=0: [s0:0.0.0.0:33663, s1:0.0.0.0:41738, s2:0.0.0.0:43966], old=null RUNNING, sleep 450ms and then retry.
java.lang.IllegalStateException: No leader yet : printing ALL groups
  s0:  RUNNING CANDIDATE s0@group-A7200166065B:t23, leader=null, voted=s0, raftlog=s0@group-A7200166065B-SegmentedRaftLog:OPENED:c0,f0,i0, conf=0: [s0:0.0.0.0:33663, s1:0.0.0.0:41738, s2:0.0.0.0:43966], old=null RUNNING
  s1:  RUNNING CANDIDATE s1@group-A7200166065B:t23, leader=null, voted=s1, raftlog=s1@group-A7200166065B-SegmentedRaftLog:OPENED:c-1,f0,i0, conf=0: [s0:0.0.0.0:33663, s1:0.0.0.0:41738, s2:0.0.0.0:43966], old=null RUNNING
  s2:  RUNNING CANDIDATE s2@group-A7200166065B:t23, leader=null, voted=s2, raftlog=s2@group-A7200166065B-SegmentedRaftLog:OPENED:c-1,f0,i0, conf=0: [s0:0.0.0.0:33663, s1:0.0.0.0:41738, s2:0.0.0.0:43966], old=null RUNNING
	at org.apache.ratis.MiniRaftCluster.newIllegalStateExceptionForNoLeaders(MiniRaftCluster.java:506)
	at org.apache.ratis.RaftTestUtil.lambda$waitForLeader$1(RaftTestUtil.java:90)
	at org.apache.ratis.MiniRaftCluster.getLeader(MiniRaftCluster.java:539)
	at org.apache.ratis.MiniRaftCluster.getLeader(MiniRaftCluster.java:532)
	at org.apache.ratis.RaftTestUtil.lambda$waitForLeader$3(RaftTestUtil.java:98)
	at org.apache.ratis.util.JavaUtils.attempt(JavaUtils.java:152)
	at org.apache.ratis.RaftTestUtil.waitForLeader(RaftTestUtil.java:97)
	at org.apache.ratis.RaftTestUtil.waitForLeader(RaftTestUtil.java:77)
	at org.apache.ratis.RaftTestUtil.waitForLeader(RaftTestUtil.java:72)
	at org.apache.ratis.RaftTestUtil.lambda$changeLeader$7(RaftTestUtil.java:363)
	at org.apache.ratis.util.JavaUtils.attempt(JavaUtils.java:152)
	at org.apache.ratis.RaftTestUtil.changeLeader(RaftTestUtil.java:362)
	at org.apache.ratis.server.impl.LeaderElectionTests.testChangeLeader(LeaderElectionTests.java:81)
	at sun.reflect.NativeMethodAccessorImpl.invoke0(Native Method)
	at sun.reflect.NativeMethodAccessorImpl.invoke(NativeMethodAccessorImpl.java:62)
	at sun.reflect.DelegatingMethodAccessorImpl.invoke(DelegatingMethodAccessorImpl.java:43)
	at java.lang.reflect.Method.invoke(Method.java:498)
	at org.junit.runners.model.FrameworkMethod$1.runReflectiveCall(FrameworkMethod.java:50)
	at org.junit.internal.runners.model.ReflectiveCallable.run(ReflectiveCallable.java:12)
	at org.junit.runners.model.FrameworkMethod.invokeExplosively(FrameworkMethod.java:47)
	at org.junit.internal.runners.statements.InvokeMethod.evaluate(InvokeMethod.java:17)
	at org.junit.internal.runners.statements.RunAfters.evaluate(RunAfters.java:27)
	at org.junit.internal.runners.statements.FailOnTimeout$CallableStatement.call(FailOnTimeout.java:298)
	at org.junit.internal.runners.statements.FailOnTimeout$CallableStatement.call(FailOnTimeout.java:292)
	at java.util.concurrent.FutureTask.run(FutureTask.java:266)
	at java.lang.Thread.run(Thread.java:748)
2019-09-24 16:30:17,269 WARN  ratis.RaftTestUtil (JavaUtils.java:attempt(158)) - FAILED "waitForLeader-null-(expectLeader? true)", attempt #52/100: java.lang.IllegalStateException: No leader yet : printing ALL groups
  s0:  RUNNING CANDIDATE s0@group-A7200166065B:t23, leader=null, voted=s0, raftlog=s0@group-A7200166065B-SegmentedRaftLog:OPENED:c0,f0,i0, conf=0: [s0:0.0.0.0:33663, s1:0.0.0.0:41738, s2:0.0.0.0:43966], old=null RUNNING
  s1:  RUNNING CANDIDATE s1@group-A7200166065B:t23, leader=null, voted=s1, raftlog=s1@group-A7200166065B-SegmentedRaftLog:OPENED:c-1,f0,i0, conf=0: [s0:0.0.0.0:33663, s1:0.0.0.0:41738, s2:0.0.0.0:43966], old=null RUNNING
  s2:  RUNNING CANDIDATE s2@group-A7200166065B:t23, leader=null, voted=s2, raftlog=s2@group-A7200166065B-SegmentedRaftLog:OPENED:c-1,f0,i0, conf=0: [s0:0.0.0.0:33663, s1:0.0.0.0:41738, s2:0.0.0.0:43966], old=null RUNNING, sleep 450ms and then retry.
java.lang.IllegalStateException: No leader yet : printing ALL groups
  s0:  RUNNING CANDIDATE s0@group-A7200166065B:t23, leader=null, voted=s0, raftlog=s0@group-A7200166065B-SegmentedRaftLog:OPENED:c0,f0,i0, conf=0: [s0:0.0.0.0:33663, s1:0.0.0.0:41738, s2:0.0.0.0:43966], old=null RUNNING
  s1:  RUNNING CANDIDATE s1@group-A7200166065B:t23, leader=null, voted=s1, raftlog=s1@group-A7200166065B-SegmentedRaftLog:OPENED:c-1,f0,i0, conf=0: [s0:0.0.0.0:33663, s1:0.0.0.0:41738, s2:0.0.0.0:43966], old=null RUNNING
  s2:  RUNNING CANDIDATE s2@group-A7200166065B:t23, leader=null, voted=s2, raftlog=s2@group-A7200166065B-SegmentedRaftLog:OPENED:c-1,f0,i0, conf=0: [s0:0.0.0.0:33663, s1:0.0.0.0:41738, s2:0.0.0.0:43966], old=null RUNNING
	at org.apache.ratis.MiniRaftCluster.newIllegalStateExceptionForNoLeaders(MiniRaftCluster.java:506)
	at org.apache.ratis.RaftTestUtil.lambda$waitForLeader$1(RaftTestUtil.java:90)
	at org.apache.ratis.MiniRaftCluster.getLeader(MiniRaftCluster.java:539)
	at org.apache.ratis.MiniRaftCluster.getLeader(MiniRaftCluster.java:532)
	at org.apache.ratis.RaftTestUtil.lambda$waitForLeader$3(RaftTestUtil.java:98)
	at org.apache.ratis.util.JavaUtils.attempt(JavaUtils.java:152)
	at org.apache.ratis.RaftTestUtil.waitForLeader(RaftTestUtil.java:97)
	at org.apache.ratis.RaftTestUtil.waitForLeader(RaftTestUtil.java:77)
	at org.apache.ratis.RaftTestUtil.waitForLeader(RaftTestUtil.java:72)
	at org.apache.ratis.RaftTestUtil.lambda$changeLeader$7(RaftTestUtil.java:363)
	at org.apache.ratis.util.JavaUtils.attempt(JavaUtils.java:152)
	at org.apache.ratis.RaftTestUtil.changeLeader(RaftTestUtil.java:362)
	at org.apache.ratis.server.impl.LeaderElectionTests.testChangeLeader(LeaderElectionTests.java:81)
	at sun.reflect.NativeMethodAccessorImpl.invoke0(Native Method)
	at sun.reflect.NativeMethodAccessorImpl.invoke(NativeMethodAccessorImpl.java:62)
	at sun.reflect.DelegatingMethodAccessorImpl.invoke(DelegatingMethodAccessorImpl.java:43)
	at java.lang.reflect.Method.invoke(Method.java:498)
	at org.junit.runners.model.FrameworkMethod$1.runReflectiveCall(FrameworkMethod.java:50)
	at org.junit.internal.runners.model.ReflectiveCallable.run(ReflectiveCallable.java:12)
	at org.junit.runners.model.FrameworkMethod.invokeExplosively(FrameworkMethod.java:47)
	at org.junit.internal.runners.statements.InvokeMethod.evaluate(InvokeMethod.java:17)
	at org.junit.internal.runners.statements.RunAfters.evaluate(RunAfters.java:27)
	at org.junit.internal.runners.statements.FailOnTimeout$CallableStatement.call(FailOnTimeout.java:298)
	at org.junit.internal.runners.statements.FailOnTimeout$CallableStatement.call(FailOnTimeout.java:292)
	at java.util.concurrent.FutureTask.run(FutureTask.java:266)
	at java.lang.Thread.run(Thread.java:748)
2019-09-24 16:30:17,721 WARN  ratis.RaftTestUtil (JavaUtils.java:attempt(158)) - FAILED "waitForLeader-null-(expectLeader? true)", attempt #53/100: java.lang.IllegalStateException: No leader yet : printing ALL groups
  s0:  RUNNING CANDIDATE s0@group-A7200166065B:t23, leader=null, voted=s0, raftlog=s0@group-A7200166065B-SegmentedRaftLog:OPENED:c0,f0,i0, conf=0: [s0:0.0.0.0:33663, s1:0.0.0.0:41738, s2:0.0.0.0:43966], old=null RUNNING
  s1:  RUNNING CANDIDATE s1@group-A7200166065B:t23, leader=null, voted=s1, raftlog=s1@group-A7200166065B-SegmentedRaftLog:OPENED:c-1,f0,i0, conf=0: [s0:0.0.0.0:33663, s1:0.0.0.0:41738, s2:0.0.0.0:43966], old=null RUNNING
  s2:  RUNNING CANDIDATE s2@group-A7200166065B:t23, leader=null, voted=s2, raftlog=s2@group-A7200166065B-SegmentedRaftLog:OPENED:c-1,f0,i0, conf=0: [s0:0.0.0.0:33663, s1:0.0.0.0:41738, s2:0.0.0.0:43966], old=null RUNNING, sleep 450ms and then retry.
java.lang.IllegalStateException: No leader yet : printing ALL groups
  s0:  RUNNING CANDIDATE s0@group-A7200166065B:t23, leader=null, voted=s0, raftlog=s0@group-A7200166065B-SegmentedRaftLog:OPENED:c0,f0,i0, conf=0: [s0:0.0.0.0:33663, s1:0.0.0.0:41738, s2:0.0.0.0:43966], old=null RUNNING
  s1:  RUNNING CANDIDATE s1@group-A7200166065B:t23, leader=null, voted=s1, raftlog=s1@group-A7200166065B-SegmentedRaftLog:OPENED:c-1,f0,i0, conf=0: [s0:0.0.0.0:33663, s1:0.0.0.0:41738, s2:0.0.0.0:43966], old=null RUNNING
  s2:  RUNNING CANDIDATE s2@group-A7200166065B:t23, leader=null, voted=s2, raftlog=s2@group-A7200166065B-SegmentedRaftLog:OPENED:c-1,f0,i0, conf=0: [s0:0.0.0.0:33663, s1:0.0.0.0:41738, s2:0.0.0.0:43966], old=null RUNNING
	at org.apache.ratis.MiniRaftCluster.newIllegalStateExceptionForNoLeaders(MiniRaftCluster.java:506)
	at org.apache.ratis.RaftTestUtil.lambda$waitForLeader$1(RaftTestUtil.java:90)
	at org.apache.ratis.MiniRaftCluster.getLeader(MiniRaftCluster.java:539)
	at org.apache.ratis.MiniRaftCluster.getLeader(MiniRaftCluster.java:532)
	at org.apache.ratis.RaftTestUtil.lambda$waitForLeader$3(RaftTestUtil.java:98)
	at org.apache.ratis.util.JavaUtils.attempt(JavaUtils.java:152)
	at org.apache.ratis.RaftTestUtil.waitForLeader(RaftTestUtil.java:97)
	at org.apache.ratis.RaftTestUtil.waitForLeader(RaftTestUtil.java:77)
	at org.apache.ratis.RaftTestUtil.waitForLeader(RaftTestUtil.java:72)
	at org.apache.ratis.RaftTestUtil.lambda$changeLeader$7(RaftTestUtil.java:363)
	at org.apache.ratis.util.JavaUtils.attempt(JavaUtils.java:152)
	at org.apache.ratis.RaftTestUtil.changeLeader(RaftTestUtil.java:362)
	at org.apache.ratis.server.impl.LeaderElectionTests.testChangeLeader(LeaderElectionTests.java:81)
	at sun.reflect.NativeMethodAccessorImpl.invoke0(Native Method)
	at sun.reflect.NativeMethodAccessorImpl.invoke(NativeMethodAccessorImpl.java:62)
	at sun.reflect.DelegatingMethodAccessorImpl.invoke(DelegatingMethodAccessorImpl.java:43)
	at java.lang.reflect.Method.invoke(Method.java:498)
	at org.junit.runners.model.FrameworkMethod$1.runReflectiveCall(FrameworkMethod.java:50)
	at org.junit.internal.runners.model.ReflectiveCallable.run(ReflectiveCallable.java:12)
	at org.junit.runners.model.FrameworkMethod.invokeExplosively(FrameworkMethod.java:47)
	at org.junit.internal.runners.statements.InvokeMethod.evaluate(InvokeMethod.java:17)
	at org.junit.internal.runners.statements.RunAfters.evaluate(RunAfters.java:27)
	at org.junit.internal.runners.statements.FailOnTimeout$CallableStatement.call(FailOnTimeout.java:298)
	at org.junit.internal.runners.statements.FailOnTimeout$CallableStatement.call(FailOnTimeout.java:292)
	at java.util.concurrent.FutureTask.run(FutureTask.java:266)
	at java.lang.Thread.run(Thread.java:748)
2019-09-24 16:30:18,172 WARN  ratis.RaftTestUtil (JavaUtils.java:attempt(158)) - FAILED "waitForLeader-null-(expectLeader? true)", attempt #54/100: java.lang.IllegalStateException: No leader yet : printing ALL groups
  s0:  RUNNING CANDIDATE s0@group-A7200166065B:t23, leader=null, voted=s0, raftlog=s0@group-A7200166065B-SegmentedRaftLog:OPENED:c0,f0,i0, conf=0: [s0:0.0.0.0:33663, s1:0.0.0.0:41738, s2:0.0.0.0:43966], old=null RUNNING
  s1:  RUNNING CANDIDATE s1@group-A7200166065B:t23, leader=null, voted=s1, raftlog=s1@group-A7200166065B-SegmentedRaftLog:OPENED:c-1,f0,i0, conf=0: [s0:0.0.0.0:33663, s1:0.0.0.0:41738, s2:0.0.0.0:43966], old=null RUNNING
  s2:  RUNNING CANDIDATE s2@group-A7200166065B:t23, leader=null, voted=s2, raftlog=s2@group-A7200166065B-SegmentedRaftLog:OPENED:c-1,f0,i0, conf=0: [s0:0.0.0.0:33663, s1:0.0.0.0:41738, s2:0.0.0.0:43966], old=null RUNNING, sleep 450ms and then retry.
java.lang.IllegalStateException: No leader yet : printing ALL groups
  s0:  RUNNING CANDIDATE s0@group-A7200166065B:t23, leader=null, voted=s0, raftlog=s0@group-A7200166065B-SegmentedRaftLog:OPENED:c0,f0,i0, conf=0: [s0:0.0.0.0:33663, s1:0.0.0.0:41738, s2:0.0.0.0:43966], old=null RUNNING
  s1:  RUNNING CANDIDATE s1@group-A7200166065B:t23, leader=null, voted=s1, raftlog=s1@group-A7200166065B-SegmentedRaftLog:OPENED:c-1,f0,i0, conf=0: [s0:0.0.0.0:33663, s1:0.0.0.0:41738, s2:0.0.0.0:43966], old=null RUNNING
  s2:  RUNNING CANDIDATE s2@group-A7200166065B:t23, leader=null, voted=s2, raftlog=s2@group-A7200166065B-SegmentedRaftLog:OPENED:c-1,f0,i0, conf=0: [s0:0.0.0.0:33663, s1:0.0.0.0:41738, s2:0.0.0.0:43966], old=null RUNNING
	at org.apache.ratis.MiniRaftCluster.newIllegalStateExceptionForNoLeaders(MiniRaftCluster.java:506)
	at org.apache.ratis.RaftTestUtil.lambda$waitForLeader$1(RaftTestUtil.java:90)
	at org.apache.ratis.MiniRaftCluster.getLeader(MiniRaftCluster.java:539)
	at org.apache.ratis.MiniRaftCluster.getLeader(MiniRaftCluster.java:532)
	at org.apache.ratis.RaftTestUtil.lambda$waitForLeader$3(RaftTestUtil.java:98)
	at org.apache.ratis.util.JavaUtils.attempt(JavaUtils.java:152)
	at org.apache.ratis.RaftTestUtil.waitForLeader(RaftTestUtil.java:97)
	at org.apache.ratis.RaftTestUtil.waitForLeader(RaftTestUtil.java:77)
	at org.apache.ratis.RaftTestUtil.waitForLeader(RaftTestUtil.java:72)
	at org.apache.ratis.RaftTestUtil.lambda$changeLeader$7(RaftTestUtil.java:363)
	at org.apache.ratis.util.JavaUtils.attempt(JavaUtils.java:152)
	at org.apache.ratis.RaftTestUtil.changeLeader(RaftTestUtil.java:362)
	at org.apache.ratis.server.impl.LeaderElectionTests.testChangeLeader(LeaderElectionTests.java:81)
	at sun.reflect.NativeMethodAccessorImpl.invoke0(Native Method)
	at sun.reflect.NativeMethodAccessorImpl.invoke(NativeMethodAccessorImpl.java:62)
	at sun.reflect.DelegatingMethodAccessorImpl.invoke(DelegatingMethodAccessorImpl.java:43)
	at java.lang.reflect.Method.invoke(Method.java:498)
	at org.junit.runners.model.FrameworkMethod$1.runReflectiveCall(FrameworkMethod.java:50)
	at org.junit.internal.runners.model.ReflectiveCallable.run(ReflectiveCallable.java:12)
	at org.junit.runners.model.FrameworkMethod.invokeExplosively(FrameworkMethod.java:47)
	at org.junit.internal.runners.statements.InvokeMethod.evaluate(InvokeMethod.java:17)
	at org.junit.internal.runners.statements.RunAfters.evaluate(RunAfters.java:27)
	at org.junit.internal.runners.statements.FailOnTimeout$CallableStatement.call(FailOnTimeout.java:298)
	at org.junit.internal.runners.statements.FailOnTimeout$CallableStatement.call(FailOnTimeout.java:292)
	at java.util.concurrent.FutureTask.run(FutureTask.java:266)
	at java.lang.Thread.run(Thread.java:748)
2019-09-24 16:30:18,623 WARN  ratis.RaftTestUtil (JavaUtils.java:attempt(158)) - FAILED "waitForLeader-null-(expectLeader? true)", attempt #55/100: java.lang.IllegalStateException: No leader yet : printing ALL groups
  s0:  RUNNING CANDIDATE s0@group-A7200166065B:t23, leader=null, voted=s0, raftlog=s0@group-A7200166065B-SegmentedRaftLog:OPENED:c0,f0,i0, conf=0: [s0:0.0.0.0:33663, s1:0.0.0.0:41738, s2:0.0.0.0:43966], old=null RUNNING
  s1:  RUNNING CANDIDATE s1@group-A7200166065B:t23, leader=null, voted=s1, raftlog=s1@group-A7200166065B-SegmentedRaftLog:OPENED:c-1,f0,i0, conf=0: [s0:0.0.0.0:33663, s1:0.0.0.0:41738, s2:0.0.0.0:43966], old=null RUNNING
  s2:  RUNNING CANDIDATE s2@group-A7200166065B:t23, leader=null, voted=s2, raftlog=s2@group-A7200166065B-SegmentedRaftLog:OPENED:c-1,f0,i0, conf=0: [s0:0.0.0.0:33663, s1:0.0.0.0:41738, s2:0.0.0.0:43966], old=null RUNNING, sleep 450ms and then retry.
java.lang.IllegalStateException: No leader yet : printing ALL groups
  s0:  RUNNING CANDIDATE s0@group-A7200166065B:t23, leader=null, voted=s0, raftlog=s0@group-A7200166065B-SegmentedRaftLog:OPENED:c0,f0,i0, conf=0: [s0:0.0.0.0:33663, s1:0.0.0.0:41738, s2:0.0.0.0:43966], old=null RUNNING
  s1:  RUNNING CANDIDATE s1@group-A7200166065B:t23, leader=null, voted=s1, raftlog=s1@group-A7200166065B-SegmentedRaftLog:OPENED:c-1,f0,i0, conf=0: [s0:0.0.0.0:33663, s1:0.0.0.0:41738, s2:0.0.0.0:43966], old=null RUNNING
  s2:  RUNNING CANDIDATE s2@group-A7200166065B:t23, leader=null, voted=s2, raftlog=s2@group-A7200166065B-SegmentedRaftLog:OPENED:c-1,f0,i0, conf=0: [s0:0.0.0.0:33663, s1:0.0.0.0:41738, s2:0.0.0.0:43966], old=null RUNNING
	at org.apache.ratis.MiniRaftCluster.newIllegalStateExceptionForNoLeaders(MiniRaftCluster.java:506)
	at org.apache.ratis.RaftTestUtil.lambda$waitForLeader$1(RaftTestUtil.java:90)
	at org.apache.ratis.MiniRaftCluster.getLeader(MiniRaftCluster.java:539)
	at org.apache.ratis.MiniRaftCluster.getLeader(MiniRaftCluster.java:532)
	at org.apache.ratis.RaftTestUtil.lambda$waitForLeader$3(RaftTestUtil.java:98)
	at org.apache.ratis.util.JavaUtils.attempt(JavaUtils.java:152)
	at org.apache.ratis.RaftTestUtil.waitForLeader(RaftTestUtil.java:97)
	at org.apache.ratis.RaftTestUtil.waitForLeader(RaftTestUtil.java:77)
	at org.apache.ratis.RaftTestUtil.waitForLeader(RaftTestUtil.java:72)
	at org.apache.ratis.RaftTestUtil.lambda$changeLeader$7(RaftTestUtil.java:363)
	at org.apache.ratis.util.JavaUtils.attempt(JavaUtils.java:152)
	at org.apache.ratis.RaftTestUtil.changeLeader(RaftTestUtil.java:362)
	at org.apache.ratis.server.impl.LeaderElectionTests.testChangeLeader(LeaderElectionTests.java:81)
	at sun.reflect.NativeMethodAccessorImpl.invoke0(Native Method)
	at sun.reflect.NativeMethodAccessorImpl.invoke(NativeMethodAccessorImpl.java:62)
	at sun.reflect.DelegatingMethodAccessorImpl.invoke(DelegatingMethodAccessorImpl.java:43)
	at java.lang.reflect.Method.invoke(Method.java:498)
	at org.junit.runners.model.FrameworkMethod$1.runReflectiveCall(FrameworkMethod.java:50)
	at org.junit.internal.runners.model.ReflectiveCallable.run(ReflectiveCallable.java:12)
	at org.junit.runners.model.FrameworkMethod.invokeExplosively(FrameworkMethod.java:47)
	at org.junit.internal.runners.statements.InvokeMethod.evaluate(InvokeMethod.java:17)
	at org.junit.internal.runners.statements.RunAfters.evaluate(RunAfters.java:27)
	at org.junit.internal.runners.statements.FailOnTimeout$CallableStatement.call(FailOnTimeout.java:298)
	at org.junit.internal.runners.statements.FailOnTimeout$CallableStatement.call(FailOnTimeout.java:292)
	at java.util.concurrent.FutureTask.run(FutureTask.java:266)
	at java.lang.Thread.run(Thread.java:748)
2019-09-24 16:30:19,074 WARN  ratis.RaftTestUtil (JavaUtils.java:attempt(158)) - FAILED "waitForLeader-null-(expectLeader? true)", attempt #56/100: java.lang.IllegalStateException: No leader yet : printing ALL groups
  s0:  RUNNING CANDIDATE s0@group-A7200166065B:t23, leader=null, voted=s0, raftlog=s0@group-A7200166065B-SegmentedRaftLog:OPENED:c0,f0,i0, conf=0: [s0:0.0.0.0:33663, s1:0.0.0.0:41738, s2:0.0.0.0:43966], old=null RUNNING
  s1:  RUNNING CANDIDATE s1@group-A7200166065B:t23, leader=null, voted=s1, raftlog=s1@group-A7200166065B-SegmentedRaftLog:OPENED:c-1,f0,i0, conf=0: [s0:0.0.0.0:33663, s1:0.0.0.0:41738, s2:0.0.0.0:43966], old=null RUNNING
  s2:  RUNNING CANDIDATE s2@group-A7200166065B:t23, leader=null, voted=s2, raftlog=s2@group-A7200166065B-SegmentedRaftLog:OPENED:c-1,f0,i0, conf=0: [s0:0.0.0.0:33663, s1:0.0.0.0:41738, s2:0.0.0.0:43966], old=null RUNNING, sleep 450ms and then retry.
java.lang.IllegalStateException: No leader yet : printing ALL groups
  s0:  RUNNING CANDIDATE s0@group-A7200166065B:t23, leader=null, voted=s0, raftlog=s0@group-A7200166065B-SegmentedRaftLog:OPENED:c0,f0,i0, conf=0: [s0:0.0.0.0:33663, s1:0.0.0.0:41738, s2:0.0.0.0:43966], old=null RUNNING
  s1:  RUNNING CANDIDATE s1@group-A7200166065B:t23, leader=null, voted=s1, raftlog=s1@group-A7200166065B-SegmentedRaftLog:OPENED:c-1,f0,i0, conf=0: [s0:0.0.0.0:33663, s1:0.0.0.0:41738, s2:0.0.0.0:43966], old=null RUNNING
  s2:  RUNNING CANDIDATE s2@group-A7200166065B:t23, leader=null, voted=s2, raftlog=s2@group-A7200166065B-SegmentedRaftLog:OPENED:c-1,f0,i0, conf=0: [s0:0.0.0.0:33663, s1:0.0.0.0:41738, s2:0.0.0.0:43966], old=null RUNNING
	at org.apache.ratis.MiniRaftCluster.newIllegalStateExceptionForNoLeaders(MiniRaftCluster.java:506)
	at org.apache.ratis.RaftTestUtil.lambda$waitForLeader$1(RaftTestUtil.java:90)
	at org.apache.ratis.MiniRaftCluster.getLeader(MiniRaftCluster.java:539)
	at org.apache.ratis.MiniRaftCluster.getLeader(MiniRaftCluster.java:532)
	at org.apache.ratis.RaftTestUtil.lambda$waitForLeader$3(RaftTestUtil.java:98)
	at org.apache.ratis.util.JavaUtils.attempt(JavaUtils.java:152)
	at org.apache.ratis.RaftTestUtil.waitForLeader(RaftTestUtil.java:97)
	at org.apache.ratis.RaftTestUtil.waitForLeader(RaftTestUtil.java:77)
	at org.apache.ratis.RaftTestUtil.waitForLeader(RaftTestUtil.java:72)
	at org.apache.ratis.RaftTestUtil.lambda$changeLeader$7(RaftTestUtil.java:363)
	at org.apache.ratis.util.JavaUtils.attempt(JavaUtils.java:152)
	at org.apache.ratis.RaftTestUtil.changeLeader(RaftTestUtil.java:362)
	at org.apache.ratis.server.impl.LeaderElectionTests.testChangeLeader(LeaderElectionTests.java:81)
	at sun.reflect.NativeMethodAccessorImpl.invoke0(Native Method)
	at sun.reflect.NativeMethodAccessorImpl.invoke(NativeMethodAccessorImpl.java:62)
	at sun.reflect.DelegatingMethodAccessorImpl.invoke(DelegatingMethodAccessorImpl.java:43)
	at java.lang.reflect.Method.invoke(Method.java:498)
	at org.junit.runners.model.FrameworkMethod$1.runReflectiveCall(FrameworkMethod.java:50)
	at org.junit.internal.runners.model.ReflectiveCallable.run(ReflectiveCallable.java:12)
	at org.junit.runners.model.FrameworkMethod.invokeExplosively(FrameworkMethod.java:47)
	at org.junit.internal.runners.statements.InvokeMethod.evaluate(InvokeMethod.java:17)
	at org.junit.internal.runners.statements.RunAfters.evaluate(RunAfters.java:27)
	at org.junit.internal.runners.statements.FailOnTimeout$CallableStatement.call(FailOnTimeout.java:298)
	at org.junit.internal.runners.statements.FailOnTimeout$CallableStatement.call(FailOnTimeout.java:292)
	at java.util.concurrent.FutureTask.run(FutureTask.java:266)
	at java.lang.Thread.run(Thread.java:748)
2019-09-24 16:30:19,525 WARN  ratis.RaftTestUtil (JavaUtils.java:attempt(158)) - FAILED "waitForLeader-null-(expectLeader? true)", attempt #57/100: java.lang.IllegalStateException: No leader yet : printing ALL groups
  s0:  RUNNING CANDIDATE s0@group-A7200166065B:t23, leader=null, voted=s0, raftlog=s0@group-A7200166065B-SegmentedRaftLog:OPENED:c0,f0,i0, conf=0: [s0:0.0.0.0:33663, s1:0.0.0.0:41738, s2:0.0.0.0:43966], old=null RUNNING
  s1:  RUNNING CANDIDATE s1@group-A7200166065B:t23, leader=null, voted=s1, raftlog=s1@group-A7200166065B-SegmentedRaftLog:OPENED:c-1,f0,i0, conf=0: [s0:0.0.0.0:33663, s1:0.0.0.0:41738, s2:0.0.0.0:43966], old=null RUNNING
  s2:  RUNNING CANDIDATE s2@group-A7200166065B:t23, leader=null, voted=s2, raftlog=s2@group-A7200166065B-SegmentedRaftLog:OPENED:c-1,f0,i0, conf=0: [s0:0.0.0.0:33663, s1:0.0.0.0:41738, s2:0.0.0.0:43966], old=null RUNNING, sleep 450ms and then retry.
java.lang.IllegalStateException: No leader yet : printing ALL groups
  s0:  RUNNING CANDIDATE s0@group-A7200166065B:t23, leader=null, voted=s0, raftlog=s0@group-A7200166065B-SegmentedRaftLog:OPENED:c0,f0,i0, conf=0: [s0:0.0.0.0:33663, s1:0.0.0.0:41738, s2:0.0.0.0:43966], old=null RUNNING
  s1:  RUNNING CANDIDATE s1@group-A7200166065B:t23, leader=null, voted=s1, raftlog=s1@group-A7200166065B-SegmentedRaftLog:OPENED:c-1,f0,i0, conf=0: [s0:0.0.0.0:33663, s1:0.0.0.0:41738, s2:0.0.0.0:43966], old=null RUNNING
  s2:  RUNNING CANDIDATE s2@group-A7200166065B:t23, leader=null, voted=s2, raftlog=s2@group-A7200166065B-SegmentedRaftLog:OPENED:c-1,f0,i0, conf=0: [s0:0.0.0.0:33663, s1:0.0.0.0:41738, s2:0.0.0.0:43966], old=null RUNNING
	at org.apache.ratis.MiniRaftCluster.newIllegalStateExceptionForNoLeaders(MiniRaftCluster.java:506)
	at org.apache.ratis.RaftTestUtil.lambda$waitForLeader$1(RaftTestUtil.java:90)
	at org.apache.ratis.MiniRaftCluster.getLeader(MiniRaftCluster.java:539)
	at org.apache.ratis.MiniRaftCluster.getLeader(MiniRaftCluster.java:532)
	at org.apache.ratis.RaftTestUtil.lambda$waitForLeader$3(RaftTestUtil.java:98)
	at org.apache.ratis.util.JavaUtils.attempt(JavaUtils.java:152)
	at org.apache.ratis.RaftTestUtil.waitForLeader(RaftTestUtil.java:97)
	at org.apache.ratis.RaftTestUtil.waitForLeader(RaftTestUtil.java:77)
	at org.apache.ratis.RaftTestUtil.waitForLeader(RaftTestUtil.java:72)
	at org.apache.ratis.RaftTestUtil.lambda$changeLeader$7(RaftTestUtil.java:363)
	at org.apache.ratis.util.JavaUtils.attempt(JavaUtils.java:152)
	at org.apache.ratis.RaftTestUtil.changeLeader(RaftTestUtil.java:362)
	at org.apache.ratis.server.impl.LeaderElectionTests.testChangeLeader(LeaderElectionTests.java:81)
	at sun.reflect.NativeMethodAccessorImpl.invoke0(Native Method)
	at sun.reflect.NativeMethodAccessorImpl.invoke(NativeMethodAccessorImpl.java:62)
	at sun.reflect.DelegatingMethodAccessorImpl.invoke(DelegatingMethodAccessorImpl.java:43)
	at java.lang.reflect.Method.invoke(Method.java:498)
	at org.junit.runners.model.FrameworkMethod$1.runReflectiveCall(FrameworkMethod.java:50)
	at org.junit.internal.runners.model.ReflectiveCallable.run(ReflectiveCallable.java:12)
	at org.junit.runners.model.FrameworkMethod.invokeExplosively(FrameworkMethod.java:47)
	at org.junit.internal.runners.statements.InvokeMethod.evaluate(InvokeMethod.java:17)
	at org.junit.internal.runners.statements.RunAfters.evaluate(RunAfters.java:27)
	at org.junit.internal.runners.statements.FailOnTimeout$CallableStatement.call(FailOnTimeout.java:298)
	at org.junit.internal.runners.statements.FailOnTimeout$CallableStatement.call(FailOnTimeout.java:292)
	at java.util.concurrent.FutureTask.run(FutureTask.java:266)
	at java.lang.Thread.run(Thread.java:748)
2019-09-24 16:30:19,977 WARN  ratis.RaftTestUtil (JavaUtils.java:attempt(158)) - FAILED "waitForLeader-null-(expectLeader? true)", attempt #58/100: java.lang.IllegalStateException: No leader yet : printing ALL groups
  s0:  RUNNING CANDIDATE s0@group-A7200166065B:t23, leader=null, voted=s0, raftlog=s0@group-A7200166065B-SegmentedRaftLog:OPENED:c0,f0,i0, conf=0: [s0:0.0.0.0:33663, s1:0.0.0.0:41738, s2:0.0.0.0:43966], old=null RUNNING
  s1:  RUNNING CANDIDATE s1@group-A7200166065B:t23, leader=null, voted=s1, raftlog=s1@group-A7200166065B-SegmentedRaftLog:OPENED:c-1,f0,i0, conf=0: [s0:0.0.0.0:33663, s1:0.0.0.0:41738, s2:0.0.0.0:43966], old=null RUNNING
  s2:  RUNNING CANDIDATE s2@group-A7200166065B:t23, leader=null, voted=s2, raftlog=s2@group-A7200166065B-SegmentedRaftLog:OPENED:c-1,f0,i0, conf=0: [s0:0.0.0.0:33663, s1:0.0.0.0:41738, s2:0.0.0.0:43966], old=null RUNNING, sleep 450ms and then retry.
java.lang.IllegalStateException: No leader yet : printing ALL groups
  s0:  RUNNING CANDIDATE s0@group-A7200166065B:t23, leader=null, voted=s0, raftlog=s0@group-A7200166065B-SegmentedRaftLog:OPENED:c0,f0,i0, conf=0: [s0:0.0.0.0:33663, s1:0.0.0.0:41738, s2:0.0.0.0:43966], old=null RUNNING
  s1:  RUNNING CANDIDATE s1@group-A7200166065B:t23, leader=null, voted=s1, raftlog=s1@group-A7200166065B-SegmentedRaftLog:OPENED:c-1,f0,i0, conf=0: [s0:0.0.0.0:33663, s1:0.0.0.0:41738, s2:0.0.0.0:43966], old=null RUNNING
  s2:  RUNNING CANDIDATE s2@group-A7200166065B:t23, leader=null, voted=s2, raftlog=s2@group-A7200166065B-SegmentedRaftLog:OPENED:c-1,f0,i0, conf=0: [s0:0.0.0.0:33663, s1:0.0.0.0:41738, s2:0.0.0.0:43966], old=null RUNNING
	at org.apache.ratis.MiniRaftCluster.newIllegalStateExceptionForNoLeaders(MiniRaftCluster.java:506)
	at org.apache.ratis.RaftTestUtil.lambda$waitForLeader$1(RaftTestUtil.java:90)
	at org.apache.ratis.MiniRaftCluster.getLeader(MiniRaftCluster.java:539)
	at org.apache.ratis.MiniRaftCluster.getLeader(MiniRaftCluster.java:532)
	at org.apache.ratis.RaftTestUtil.lambda$waitForLeader$3(RaftTestUtil.java:98)
	at org.apache.ratis.util.JavaUtils.attempt(JavaUtils.java:152)
	at org.apache.ratis.RaftTestUtil.waitForLeader(RaftTestUtil.java:97)
	at org.apache.ratis.RaftTestUtil.waitForLeader(RaftTestUtil.java:77)
	at org.apache.ratis.RaftTestUtil.waitForLeader(RaftTestUtil.java:72)
	at org.apache.ratis.RaftTestUtil.lambda$changeLeader$7(RaftTestUtil.java:363)
	at org.apache.ratis.util.JavaUtils.attempt(JavaUtils.java:152)
	at org.apache.ratis.RaftTestUtil.changeLeader(RaftTestUtil.java:362)
	at org.apache.ratis.server.impl.LeaderElectionTests.testChangeLeader(LeaderElectionTests.java:81)
	at sun.reflect.NativeMethodAccessorImpl.invoke0(Native Method)
	at sun.reflect.NativeMethodAccessorImpl.invoke(NativeMethodAccessorImpl.java:62)
	at sun.reflect.DelegatingMethodAccessorImpl.invoke(DelegatingMethodAccessorImpl.java:43)
	at java.lang.reflect.Method.invoke(Method.java:498)
	at org.junit.runners.model.FrameworkMethod$1.runReflectiveCall(FrameworkMethod.java:50)
	at org.junit.internal.runners.model.ReflectiveCallable.run(ReflectiveCallable.java:12)
	at org.junit.runners.model.FrameworkMethod.invokeExplosively(FrameworkMethod.java:47)
	at org.junit.internal.runners.statements.InvokeMethod.evaluate(InvokeMethod.java:17)
	at org.junit.internal.runners.statements.RunAfters.evaluate(RunAfters.java:27)
	at org.junit.internal.runners.statements.FailOnTimeout$CallableStatement.call(FailOnTimeout.java:298)
	at org.junit.internal.runners.statements.FailOnTimeout$CallableStatement.call(FailOnTimeout.java:292)
	at java.util.concurrent.FutureTask.run(FutureTask.java:266)
	at java.lang.Thread.run(Thread.java:748)
2019-09-24 16:30:20,428 WARN  ratis.RaftTestUtil (JavaUtils.java:attempt(158)) - FAILED "waitForLeader-null-(expectLeader? true)", attempt #59/100: java.lang.IllegalStateException: No leader yet : printing ALL groups
  s0:  RUNNING CANDIDATE s0@group-A7200166065B:t23, leader=null, voted=s0, raftlog=s0@group-A7200166065B-SegmentedRaftLog:OPENED:c0,f0,i0, conf=0: [s0:0.0.0.0:33663, s1:0.0.0.0:41738, s2:0.0.0.0:43966], old=null RUNNING
  s1:  RUNNING CANDIDATE s1@group-A7200166065B:t23, leader=null, voted=s1, raftlog=s1@group-A7200166065B-SegmentedRaftLog:OPENED:c-1,f0,i0, conf=0: [s0:0.0.0.0:33663, s1:0.0.0.0:41738, s2:0.0.0.0:43966], old=null RUNNING
  s2:  RUNNING CANDIDATE s2@group-A7200166065B:t23, leader=null, voted=s2, raftlog=s2@group-A7200166065B-SegmentedRaftLog:OPENED:c-1,f0,i0, conf=0: [s0:0.0.0.0:33663, s1:0.0.0.0:41738, s2:0.0.0.0:43966], old=null RUNNING, sleep 450ms and then retry.
java.lang.IllegalStateException: No leader yet : printing ALL groups
  s0:  RUNNING CANDIDATE s0@group-A7200166065B:t23, leader=null, voted=s0, raftlog=s0@group-A7200166065B-SegmentedRaftLog:OPENED:c0,f0,i0, conf=0: [s0:0.0.0.0:33663, s1:0.0.0.0:41738, s2:0.0.0.0:43966], old=null RUNNING
  s1:  RUNNING CANDIDATE s1@group-A7200166065B:t23, leader=null, voted=s1, raftlog=s1@group-A7200166065B-SegmentedRaftLog:OPENED:c-1,f0,i0, conf=0: [s0:0.0.0.0:33663, s1:0.0.0.0:41738, s2:0.0.0.0:43966], old=null RUNNING
  s2:  RUNNING CANDIDATE s2@group-A7200166065B:t23, leader=null, voted=s2, raftlog=s2@group-A7200166065B-SegmentedRaftLog:OPENED:c-1,f0,i0, conf=0: [s0:0.0.0.0:33663, s1:0.0.0.0:41738, s2:0.0.0.0:43966], old=null RUNNING
	at org.apache.ratis.MiniRaftCluster.newIllegalStateExceptionForNoLeaders(MiniRaftCluster.java:506)
	at org.apache.ratis.RaftTestUtil.lambda$waitForLeader$1(RaftTestUtil.java:90)
	at org.apache.ratis.MiniRaftCluster.getLeader(MiniRaftCluster.java:539)
	at org.apache.ratis.MiniRaftCluster.getLeader(MiniRaftCluster.java:532)
	at org.apache.ratis.RaftTestUtil.lambda$waitForLeader$3(RaftTestUtil.java:98)
	at org.apache.ratis.util.JavaUtils.attempt(JavaUtils.java:152)
	at org.apache.ratis.RaftTestUtil.waitForLeader(RaftTestUtil.java:97)
	at org.apache.ratis.RaftTestUtil.waitForLeader(RaftTestUtil.java:77)
	at org.apache.ratis.RaftTestUtil.waitForLeader(RaftTestUtil.java:72)
	at org.apache.ratis.RaftTestUtil.lambda$changeLeader$7(RaftTestUtil.java:363)
	at org.apache.ratis.util.JavaUtils.attempt(JavaUtils.java:152)
	at org.apache.ratis.RaftTestUtil.changeLeader(RaftTestUtil.java:362)
	at org.apache.ratis.server.impl.LeaderElectionTests.testChangeLeader(LeaderElectionTests.java:81)
	at sun.reflect.NativeMethodAccessorImpl.invoke0(Native Method)
	at sun.reflect.NativeMethodAccessorImpl.invoke(NativeMethodAccessorImpl.java:62)
	at sun.reflect.DelegatingMethodAccessorImpl.invoke(DelegatingMethodAccessorImpl.java:43)
	at java.lang.reflect.Method.invoke(Method.java:498)
	at org.junit.runners.model.FrameworkMethod$1.runReflectiveCall(FrameworkMethod.java:50)
	at org.junit.internal.runners.model.ReflectiveCallable.run(ReflectiveCallable.java:12)
	at org.junit.runners.model.FrameworkMethod.invokeExplosively(FrameworkMethod.java:47)
	at org.junit.internal.runners.statements.InvokeMethod.evaluate(InvokeMethod.java:17)
	at org.junit.internal.runners.statements.RunAfters.evaluate(RunAfters.java:27)
	at org.junit.internal.runners.statements.FailOnTimeout$CallableStatement.call(FailOnTimeout.java:298)
	at org.junit.internal.runners.statements.FailOnTimeout$CallableStatement.call(FailOnTimeout.java:292)
	at java.util.concurrent.FutureTask.run(FutureTask.java:266)
	at java.lang.Thread.run(Thread.java:748)
2019-09-24 16:30:20,879 WARN  ratis.RaftTestUtil (JavaUtils.java:attempt(158)) - FAILED "waitForLeader-null-(expectLeader? true)", attempt #60/100: java.lang.IllegalStateException: No leader yet : printing ALL groups
  s0:  RUNNING CANDIDATE s0@group-A7200166065B:t23, leader=null, voted=s0, raftlog=s0@group-A7200166065B-SegmentedRaftLog:OPENED:c0,f0,i0, conf=0: [s0:0.0.0.0:33663, s1:0.0.0.0:41738, s2:0.0.0.0:43966], old=null RUNNING
  s1:  RUNNING CANDIDATE s1@group-A7200166065B:t23, leader=null, voted=s1, raftlog=s1@group-A7200166065B-SegmentedRaftLog:OPENED:c-1,f0,i0, conf=0: [s0:0.0.0.0:33663, s1:0.0.0.0:41738, s2:0.0.0.0:43966], old=null RUNNING
  s2:  RUNNING CANDIDATE s2@group-A7200166065B:t23, leader=null, voted=s2, raftlog=s2@group-A7200166065B-SegmentedRaftLog:OPENED:c-1,f0,i0, conf=0: [s0:0.0.0.0:33663, s1:0.0.0.0:41738, s2:0.0.0.0:43966], old=null RUNNING, sleep 450ms and then retry.
java.lang.IllegalStateException: No leader yet : printing ALL groups
  s0:  RUNNING CANDIDATE s0@group-A7200166065B:t23, leader=null, voted=s0, raftlog=s0@group-A7200166065B-SegmentedRaftLog:OPENED:c0,f0,i0, conf=0: [s0:0.0.0.0:33663, s1:0.0.0.0:41738, s2:0.0.0.0:43966], old=null RUNNING
  s1:  RUNNING CANDIDATE s1@group-A7200166065B:t23, leader=null, voted=s1, raftlog=s1@group-A7200166065B-SegmentedRaftLog:OPENED:c-1,f0,i0, conf=0: [s0:0.0.0.0:33663, s1:0.0.0.0:41738, s2:0.0.0.0:43966], old=null RUNNING
  s2:  RUNNING CANDIDATE s2@group-A7200166065B:t23, leader=null, voted=s2, raftlog=s2@group-A7200166065B-SegmentedRaftLog:OPENED:c-1,f0,i0, conf=0: [s0:0.0.0.0:33663, s1:0.0.0.0:41738, s2:0.0.0.0:43966], old=null RUNNING
	at org.apache.ratis.MiniRaftCluster.newIllegalStateExceptionForNoLeaders(MiniRaftCluster.java:506)
	at org.apache.ratis.RaftTestUtil.lambda$waitForLeader$1(RaftTestUtil.java:90)
	at org.apache.ratis.MiniRaftCluster.getLeader(MiniRaftCluster.java:539)
	at org.apache.ratis.MiniRaftCluster.getLeader(MiniRaftCluster.java:532)
	at org.apache.ratis.RaftTestUtil.lambda$waitForLeader$3(RaftTestUtil.java:98)
	at org.apache.ratis.util.JavaUtils.attempt(JavaUtils.java:152)
	at org.apache.ratis.RaftTestUtil.waitForLeader(RaftTestUtil.java:97)
	at org.apache.ratis.RaftTestUtil.waitForLeader(RaftTestUtil.java:77)
	at org.apache.ratis.RaftTestUtil.waitForLeader(RaftTestUtil.java:72)
	at org.apache.ratis.RaftTestUtil.lambda$changeLeader$7(RaftTestUtil.java:363)
	at org.apache.ratis.util.JavaUtils.attempt(JavaUtils.java:152)
	at org.apache.ratis.RaftTestUtil.changeLeader(RaftTestUtil.java:362)
	at org.apache.ratis.server.impl.LeaderElectionTests.testChangeLeader(LeaderElectionTests.java:81)
	at sun.reflect.NativeMethodAccessorImpl.invoke0(Native Method)
	at sun.reflect.NativeMethodAccessorImpl.invoke(NativeMethodAccessorImpl.java:62)
	at sun.reflect.DelegatingMethodAccessorImpl.invoke(DelegatingMethodAccessorImpl.java:43)
	at java.lang.reflect.Method.invoke(Method.java:498)
	at org.junit.runners.model.FrameworkMethod$1.runReflectiveCall(FrameworkMethod.java:50)
	at org.junit.internal.runners.model.ReflectiveCallable.run(ReflectiveCallable.java:12)
	at org.junit.runners.model.FrameworkMethod.invokeExplosively(FrameworkMethod.java:47)
	at org.junit.internal.runners.statements.InvokeMethod.evaluate(InvokeMethod.java:17)
	at org.junit.internal.runners.statements.RunAfters.evaluate(RunAfters.java:27)
	at org.junit.internal.runners.statements.FailOnTimeout$CallableStatement.call(FailOnTimeout.java:298)
	at org.junit.internal.runners.statements.FailOnTimeout$CallableStatement.call(FailOnTimeout.java:292)
	at java.util.concurrent.FutureTask.run(FutureTask.java:266)
	at java.lang.Thread.run(Thread.java:748)
2019-09-24 16:30:21,273 INFO  ratis.MiniRaftCluster (MiniRaftCluster.java:lambda$null$5(297)) - TIMED-PRINT: printing ALL groups
  s0:  RUNNING CANDIDATE s0@group-A7200166065B:t23, leader=null, voted=s0, raftlog=s0@group-A7200166065B-SegmentedRaftLog:OPENED:c0,f0,i0, conf=0: [s0:0.0.0.0:33663, s1:0.0.0.0:41738, s2:0.0.0.0:43966], old=null RUNNING
  s1:  RUNNING CANDIDATE s1@group-A7200166065B:t23, leader=null, voted=s1, raftlog=s1@group-A7200166065B-SegmentedRaftLog:OPENED:c-1,f0,i0, conf=0: [s0:0.0.0.0:33663, s1:0.0.0.0:41738, s2:0.0.0.0:43966], old=null RUNNING
  s2:  RUNNING CANDIDATE s2@group-A7200166065B:t23, leader=null, voted=s2, raftlog=s2@group-A7200166065B-SegmentedRaftLog:OPENED:c-1,f0,i0, conf=0: [s0:0.0.0.0:33663, s1:0.0.0.0:41738, s2:0.0.0.0:43966], old=null RUNNING
2019-09-24 16:30:21,330 WARN  ratis.RaftTestUtil (JavaUtils.java:attempt(158)) - FAILED "waitForLeader-null-(expectLeader? true)", attempt #61/100: java.lang.IllegalStateException: No leader yet : printing ALL groups
  s0:  RUNNING CANDIDATE s0@group-A7200166065B:t23, leader=null, voted=s0, raftlog=s0@group-A7200166065B-SegmentedRaftLog:OPENED:c0,f0,i0, conf=0: [s0:0.0.0.0:33663, s1:0.0.0.0:41738, s2:0.0.0.0:43966], old=null RUNNING
  s1:  RUNNING CANDIDATE s1@group-A7200166065B:t23, leader=null, voted=s1, raftlog=s1@group-A7200166065B-SegmentedRaftLog:OPENED:c-1,f0,i0, conf=0: [s0:0.0.0.0:33663, s1:0.0.0.0:41738, s2:0.0.0.0:43966], old=null RUNNING
  s2:  RUNNING CANDIDATE s2@group-A7200166065B:t23, leader=null, voted=s2, raftlog=s2@group-A7200166065B-SegmentedRaftLog:OPENED:c-1,f0,i0, conf=0: [s0:0.0.0.0:33663, s1:0.0.0.0:41738, s2:0.0.0.0:43966], old=null RUNNING, sleep 450ms and then retry.
java.lang.IllegalStateException: No leader yet : printing ALL groups
  s0:  RUNNING CANDIDATE s0@group-A7200166065B:t23, leader=null, voted=s0, raftlog=s0@group-A7200166065B-SegmentedRaftLog:OPENED:c0,f0,i0, conf=0: [s0:0.0.0.0:33663, s1:0.0.0.0:41738, s2:0.0.0.0:43966], old=null RUNNING
  s1:  RUNNING CANDIDATE s1@group-A7200166065B:t23, leader=null, voted=s1, raftlog=s1@group-A7200166065B-SegmentedRaftLog:OPENED:c-1,f0,i0, conf=0: [s0:0.0.0.0:33663, s1:0.0.0.0:41738, s2:0.0.0.0:43966], old=null RUNNING
  s2:  RUNNING CANDIDATE s2@group-A7200166065B:t23, leader=null, voted=s2, raftlog=s2@group-A7200166065B-SegmentedRaftLog:OPENED:c-1,f0,i0, conf=0: [s0:0.0.0.0:33663, s1:0.0.0.0:41738, s2:0.0.0.0:43966], old=null RUNNING
	at org.apache.ratis.MiniRaftCluster.newIllegalStateExceptionForNoLeaders(MiniRaftCluster.java:506)
	at org.apache.ratis.RaftTestUtil.lambda$waitForLeader$1(RaftTestUtil.java:90)
	at org.apache.ratis.MiniRaftCluster.getLeader(MiniRaftCluster.java:539)
	at org.apache.ratis.MiniRaftCluster.getLeader(MiniRaftCluster.java:532)
	at org.apache.ratis.RaftTestUtil.lambda$waitForLeader$3(RaftTestUtil.java:98)
	at org.apache.ratis.util.JavaUtils.attempt(JavaUtils.java:152)
	at org.apache.ratis.RaftTestUtil.waitForLeader(RaftTestUtil.java:97)
	at org.apache.ratis.RaftTestUtil.waitForLeader(RaftTestUtil.java:77)
	at org.apache.ratis.RaftTestUtil.waitForLeader(RaftTestUtil.java:72)
	at org.apache.ratis.RaftTestUtil.lambda$changeLeader$7(RaftTestUtil.java:363)
	at org.apache.ratis.util.JavaUtils.attempt(JavaUtils.java:152)
	at org.apache.ratis.RaftTestUtil.changeLeader(RaftTestUtil.java:362)
	at org.apache.ratis.server.impl.LeaderElectionTests.testChangeLeader(LeaderElectionTests.java:81)
	at sun.reflect.NativeMethodAccessorImpl.invoke0(Native Method)
	at sun.reflect.NativeMethodAccessorImpl.invoke(NativeMethodAccessorImpl.java:62)
	at sun.reflect.DelegatingMethodAccessorImpl.invoke(DelegatingMethodAccessorImpl.java:43)
	at java.lang.reflect.Method.invoke(Method.java:498)
	at org.junit.runners.model.FrameworkMethod$1.runReflectiveCall(FrameworkMethod.java:50)
	at org.junit.internal.runners.model.ReflectiveCallable.run(ReflectiveCallable.java:12)
	at org.junit.runners.model.FrameworkMethod.invokeExplosively(FrameworkMethod.java:47)
	at org.junit.internal.runners.statements.InvokeMethod.evaluate(InvokeMethod.java:17)
	at org.junit.internal.runners.statements.RunAfters.evaluate(RunAfters.java:27)
	at org.junit.internal.runners.statements.FailOnTimeout$CallableStatement.call(FailOnTimeout.java:298)
	at org.junit.internal.runners.statements.FailOnTimeout$CallableStatement.call(FailOnTimeout.java:292)
	at java.util.concurrent.FutureTask.run(FutureTask.java:266)
	at java.lang.Thread.run(Thread.java:748)
2019-09-24 16:30:21,781 WARN  ratis.RaftTestUtil (JavaUtils.java:attempt(158)) - FAILED "waitForLeader-null-(expectLeader? true)", attempt #62/100: java.lang.IllegalStateException: No leader yet : printing ALL groups
  s0:  RUNNING CANDIDATE s0@group-A7200166065B:t23, leader=null, voted=s0, raftlog=s0@group-A7200166065B-SegmentedRaftLog:OPENED:c0,f0,i0, conf=0: [s0:0.0.0.0:33663, s1:0.0.0.0:41738, s2:0.0.0.0:43966], old=null RUNNING
  s1:  RUNNING CANDIDATE s1@group-A7200166065B:t23, leader=null, voted=s1, raftlog=s1@group-A7200166065B-SegmentedRaftLog:OPENED:c-1,f0,i0, conf=0: [s0:0.0.0.0:33663, s1:0.0.0.0:41738, s2:0.0.0.0:43966], old=null RUNNING
  s2:  RUNNING CANDIDATE s2@group-A7200166065B:t23, leader=null, voted=s2, raftlog=s2@group-A7200166065B-SegmentedRaftLog:OPENED:c-1,f0,i0, conf=0: [s0:0.0.0.0:33663, s1:0.0.0.0:41738, s2:0.0.0.0:43966], old=null RUNNING, sleep 450ms and then retry.
java.lang.IllegalStateException: No leader yet : printing ALL groups
  s0:  RUNNING CANDIDATE s0@group-A7200166065B:t23, leader=null, voted=s0, raftlog=s0@group-A7200166065B-SegmentedRaftLog:OPENED:c0,f0,i0, conf=0: [s0:0.0.0.0:33663, s1:0.0.0.0:41738, s2:0.0.0.0:43966], old=null RUNNING
  s1:  RUNNING CANDIDATE s1@group-A7200166065B:t23, leader=null, voted=s1, raftlog=s1@group-A7200166065B-SegmentedRaftLog:OPENED:c-1,f0,i0, conf=0: [s0:0.0.0.0:33663, s1:0.0.0.0:41738, s2:0.0.0.0:43966], old=null RUNNING
  s2:  RUNNING CANDIDATE s2@group-A7200166065B:t23, leader=null, voted=s2, raftlog=s2@group-A7200166065B-SegmentedRaftLog:OPENED:c-1,f0,i0, conf=0: [s0:0.0.0.0:33663, s1:0.0.0.0:41738, s2:0.0.0.0:43966], old=null RUNNING
	at org.apache.ratis.MiniRaftCluster.newIllegalStateExceptionForNoLeaders(MiniRaftCluster.java:506)
	at org.apache.ratis.RaftTestUtil.lambda$waitForLeader$1(RaftTestUtil.java:90)
	at org.apache.ratis.MiniRaftCluster.getLeader(MiniRaftCluster.java:539)
	at org.apache.ratis.MiniRaftCluster.getLeader(MiniRaftCluster.java:532)
	at org.apache.ratis.RaftTestUtil.lambda$waitForLeader$3(RaftTestUtil.java:98)
	at org.apache.ratis.util.JavaUtils.attempt(JavaUtils.java:152)
	at org.apache.ratis.RaftTestUtil.waitForLeader(RaftTestUtil.java:97)
	at org.apache.ratis.RaftTestUtil.waitForLeader(RaftTestUtil.java:77)
	at org.apache.ratis.RaftTestUtil.waitForLeader(RaftTestUtil.java:72)
	at org.apache.ratis.RaftTestUtil.lambda$changeLeader$7(RaftTestUtil.java:363)
	at org.apache.ratis.util.JavaUtils.attempt(JavaUtils.java:152)
	at org.apache.ratis.RaftTestUtil.changeLeader(RaftTestUtil.java:362)
	at org.apache.ratis.server.impl.LeaderElectionTests.testChangeLeader(LeaderElectionTests.java:81)
	at sun.reflect.NativeMethodAccessorImpl.invoke0(Native Method)
	at sun.reflect.NativeMethodAccessorImpl.invoke(NativeMethodAccessorImpl.java:62)
	at sun.reflect.DelegatingMethodAccessorImpl.invoke(DelegatingMethodAccessorImpl.java:43)
	at java.lang.reflect.Method.invoke(Method.java:498)
	at org.junit.runners.model.FrameworkMethod$1.runReflectiveCall(FrameworkMethod.java:50)
	at org.junit.internal.runners.model.ReflectiveCallable.run(ReflectiveCallable.java:12)
	at org.junit.runners.model.FrameworkMethod.invokeExplosively(FrameworkMethod.java:47)
	at org.junit.internal.runners.statements.InvokeMethod.evaluate(InvokeMethod.java:17)
	at org.junit.internal.runners.statements.RunAfters.evaluate(RunAfters.java:27)
	at org.junit.internal.runners.statements.FailOnTimeout$CallableStatement.call(FailOnTimeout.java:298)
	at org.junit.internal.runners.statements.FailOnTimeout$CallableStatement.call(FailOnTimeout.java:292)
	at java.util.concurrent.FutureTask.run(FutureTask.java:266)
	at java.lang.Thread.run(Thread.java:748)
2019-09-24 16:30:21,952 INFO  impl.LeaderElection (LeaderElection.java:askForVotes(178)) - s1@group-A7200166065B-LeaderElection150: begin an election at term 23 for 0: [s0:0.0.0.0:33663, s1:0.0.0.0:41738, s2:0.0.0.0:43966], old=null
2019-09-24 16:30:21,952 INFO  impl.LeaderElection (LeaderElection.java:askForVotes(178)) - s2@group-A7200166065B-LeaderElection151: begin an election at term 23 for 0: [s0:0.0.0.0:33663, s1:0.0.0.0:41738, s2:0.0.0.0:43966], old=null
2019-09-24 16:30:21,952 INFO  impl.LeaderElection (LeaderElection.java:askForVotes(178)) - s0@group-A7200166065B-LeaderElection131: begin an election at term 23 for 0: [s0:0.0.0.0:33663, s1:0.0.0.0:41738, s2:0.0.0.0:43966], old=null
2019-09-24 16:30:21,953 DEBUG impl.RaftServerImpl (RaftServerImpl.java:requestVote(743)) - s0@group-A7200166065B: receive requestVote(s1, group-A7200166065B, 23, (t:3, i:0))
2019-09-24 16:30:21,953 DEBUG impl.RaftServerImpl (RaftServerImpl.java:requestVote(743)) - s0@group-A7200166065B: receive requestVote(s2, group-A7200166065B, 23, (t:3, i:0))
2019-09-24 16:30:21,953 DEBUG impl.RaftServerImpl (RaftServerImpl.java:requestVote(743)) - s2@group-A7200166065B: receive requestVote(s1, group-A7200166065B, 23, (t:3, i:0))
2019-09-24 16:30:21,953 DEBUG impl.RaftServerImpl (RaftServerImpl.java:requestVote(775)) - s0@group-A7200166065B replies to vote request: s1<-s0#0:FAIL-t23. Peer's state: s0@group-A7200166065B:t23, leader=null, voted=s0, raftlog=s0@group-A7200166065B-SegmentedRaftLog:OPENED:c0,f0,i0, conf=0: [s0:0.0.0.0:33663, s1:0.0.0.0:41738, s2:0.0.0.0:43966], old=null
2019-09-24 16:30:21,954 DEBUG impl.RaftServerImpl (RaftServerImpl.java:requestVote(775)) - s2@group-A7200166065B replies to vote request: s1<-s2#0:FAIL-t23. Peer's state: s2@group-A7200166065B:t23, leader=null, voted=s2, raftlog=s2@group-A7200166065B-SegmentedRaftLog:OPENED:c-1,f0,i0, conf=0: [s0:0.0.0.0:33663, s1:0.0.0.0:41738, s2:0.0.0.0:43966], old=null
2019-09-24 16:30:21,953 DEBUG impl.RaftServerImpl (RaftServerImpl.java:requestVote(743)) - s1@group-A7200166065B: receive requestVote(s2, group-A7200166065B, 23, (t:3, i:0))
2019-09-24 16:30:21,955 INFO  impl.LeaderElection (LeaderElection.java:logAndReturn(56)) - s1@group-A7200166065B-LeaderElection150: Election REJECTED; received 2 response(s) [s1<-s0#0:FAIL-t23, s1<-s2#0:FAIL-t23] and 0 exception(s); s1@group-A7200166065B:t23, leader=null, voted=s1, raftlog=s1@group-A7200166065B-SegmentedRaftLog:OPENED:c-1,f0,i0, conf=0: [s0:0.0.0.0:33663, s1:0.0.0.0:41738, s2:0.0.0.0:43966], old=null
2019-09-24 16:30:21,954 DEBUG impl.RaftServerImpl (RaftServerImpl.java:requestVote(775)) - s0@group-A7200166065B replies to vote request: s2<-s0#0:FAIL-t23. Peer's state: s0@group-A7200166065B:t23, leader=null, voted=s0, raftlog=s0@group-A7200166065B-SegmentedRaftLog:OPENED:c0,f0,i0, conf=0: [s0:0.0.0.0:33663, s1:0.0.0.0:41738, s2:0.0.0.0:43966], old=null
2019-09-24 16:30:21,955 DEBUG impl.RaftServerImpl (RaftServerImpl.java:requestVote(775)) - s1@group-A7200166065B replies to vote request: s2<-s1#0:FAIL-t23. Peer's state: s1@group-A7200166065B:t23, leader=null, voted=s1, raftlog=s1@group-A7200166065B-SegmentedRaftLog:OPENED:c-1,f0,i0, conf=0: [s0:0.0.0.0:33663, s1:0.0.0.0:41738, s2:0.0.0.0:43966], old=null
2019-09-24 16:30:21,956 INFO  impl.RaftServerImpl (RaftServerImpl.java:setRole(170)) - s1@group-A7200166065B: changes role from CANDIDATE to FOLLOWER at term 23 for DISCOVERED_A_NEW_TERM
2019-09-24 16:30:21,956 INFO  impl.RoleInfo (RoleInfo.java:shutdownLeaderElection(134)) - s1: shutdown LeaderElection
2019-09-24 16:30:21,956 INFO  impl.LeaderElection (LeaderElection.java:logAndReturn(56)) - s2@group-A7200166065B-LeaderElection151: Election REJECTED; received 2 response(s) [s2<-s0#0:FAIL-t23, s2<-s1#0:FAIL-t23] and 0 exception(s); s2@group-A7200166065B:t23, leader=null, voted=s2, raftlog=s2@group-A7200166065B-SegmentedRaftLog:OPENED:c-1,f0,i0, conf=0: [s0:0.0.0.0:33663, s1:0.0.0.0:41738, s2:0.0.0.0:43966], old=null
2019-09-24 16:30:21,956 INFO  impl.RoleInfo (RoleInfo.java:updateAndGet(143)) - s1: start FollowerState
2019-09-24 16:30:21,956 INFO  impl.RaftServerImpl (RaftServerImpl.java:setRole(170)) - s2@group-A7200166065B: changes role from CANDIDATE to FOLLOWER at term 23 for DISCOVERED_A_NEW_TERM
2019-09-24 16:30:21,956 INFO  impl.RoleInfo (RoleInfo.java:shutdownLeaderElection(134)) - s2: shutdown LeaderElection
2019-09-24 16:30:21,957 INFO  impl.RoleInfo (RoleInfo.java:updateAndGet(143)) - s2: start FollowerState
2019-09-24 16:30:22,113 INFO  impl.LeaderElection (LeaderElection.java:logAndReturn(56)) - s0@group-A7200166065B-LeaderElection131: Election TIMEOUT; received 0 response(s) [] and 0 exception(s); s0@group-A7200166065B:t23, leader=null, voted=s0, raftlog=s0@group-A7200166065B-SegmentedRaftLog:OPENED:c0,f0,i0, conf=0: [s0:0.0.0.0:33663, s1:0.0.0.0:41738, s2:0.0.0.0:43966], old=null
2019-09-24 16:30:22,164 INFO  impl.FollowerState (FollowerState.java:run(108)) - s1@group-A7200166065B-FollowerState: change to CANDIDATE, lastRpcTime:207ms, electionTimeout:207ms
2019-09-24 16:30:22,164 INFO  impl.RoleInfo (RoleInfo.java:shutdownFollowerState(121)) - s1: shutdown FollowerState
2019-09-24 16:30:22,164 INFO  impl.RaftServerImpl (RaftServerImpl.java:setRole(170)) - s1@group-A7200166065B: changes role from  FOLLOWER to CANDIDATE at term 23 for changeToCandidate
2019-09-24 16:30:22,164 INFO  impl.RoleInfo (RoleInfo.java:updateAndGet(143)) - s1: start LeaderElection
2019-09-24 16:30:22,232 WARN  ratis.RaftTestUtil (JavaUtils.java:attempt(158)) - FAILED "waitForLeader-null-(expectLeader? true)", attempt #63/100: java.lang.IllegalStateException: No leader yet : printing ALL groups
  s0:  RUNNING CANDIDATE s0@group-A7200166065B:t24, leader=null, voted=s0, raftlog=s0@group-A7200166065B-SegmentedRaftLog:OPENED:c0,f0,i0, conf=0: [s0:0.0.0.0:33663, s1:0.0.0.0:41738, s2:0.0.0.0:43966], old=null RUNNING
  s1:  RUNNING CANDIDATE s1@group-A7200166065B:t24, leader=null, voted=s1, raftlog=s1@group-A7200166065B-SegmentedRaftLog:OPENED:c-1,f0,i0, conf=0: [s0:0.0.0.0:33663, s1:0.0.0.0:41738, s2:0.0.0.0:43966], old=null RUNNING
  s2:  RUNNING  FOLLOWER s2@group-A7200166065B:t23, leader=null, voted=s2, raftlog=s2@group-A7200166065B-SegmentedRaftLog:OPENED:c-1,f0,i0, conf=0: [s0:0.0.0.0:33663, s1:0.0.0.0:41738, s2:0.0.0.0:43966], old=null RUNNING, sleep 450ms and then retry.
java.lang.IllegalStateException: No leader yet : printing ALL groups
  s0:  RUNNING CANDIDATE s0@group-A7200166065B:t24, leader=null, voted=s0, raftlog=s0@group-A7200166065B-SegmentedRaftLog:OPENED:c0,f0,i0, conf=0: [s0:0.0.0.0:33663, s1:0.0.0.0:41738, s2:0.0.0.0:43966], old=null RUNNING
  s1:  RUNNING CANDIDATE s1@group-A7200166065B:t24, leader=null, voted=s1, raftlog=s1@group-A7200166065B-SegmentedRaftLog:OPENED:c-1,f0,i0, conf=0: [s0:0.0.0.0:33663, s1:0.0.0.0:41738, s2:0.0.0.0:43966], old=null RUNNING
  s2:  RUNNING  FOLLOWER s2@group-A7200166065B:t23, leader=null, voted=s2, raftlog=s2@group-A7200166065B-SegmentedRaftLog:OPENED:c-1,f0,i0, conf=0: [s0:0.0.0.0:33663, s1:0.0.0.0:41738, s2:0.0.0.0:43966], old=null RUNNING
	at org.apache.ratis.MiniRaftCluster.newIllegalStateExceptionForNoLeaders(MiniRaftCluster.java:506)
	at org.apache.ratis.RaftTestUtil.lambda$waitForLeader$1(RaftTestUtil.java:90)
	at org.apache.ratis.MiniRaftCluster.getLeader(MiniRaftCluster.java:539)
	at org.apache.ratis.MiniRaftCluster.getLeader(MiniRaftCluster.java:532)
	at org.apache.ratis.RaftTestUtil.lambda$waitForLeader$3(RaftTestUtil.java:98)
	at org.apache.ratis.util.JavaUtils.attempt(JavaUtils.java:152)
	at org.apache.ratis.RaftTestUtil.waitForLeader(RaftTestUtil.java:97)
	at org.apache.ratis.RaftTestUtil.waitForLeader(RaftTestUtil.java:77)
	at org.apache.ratis.RaftTestUtil.waitForLeader(RaftTestUtil.java:72)
	at org.apache.ratis.RaftTestUtil.lambda$changeLeader$7(RaftTestUtil.java:363)
	at org.apache.ratis.util.JavaUtils.attempt(JavaUtils.java:152)
	at org.apache.ratis.RaftTestUtil.changeLeader(RaftTestUtil.java:362)
	at org.apache.ratis.server.impl.LeaderElectionTests.testChangeLeader(LeaderElectionTests.java:81)
	at sun.reflect.NativeMethodAccessorImpl.invoke0(Native Method)
	at sun.reflect.NativeMethodAccessorImpl.invoke(NativeMethodAccessorImpl.java:62)
	at sun.reflect.DelegatingMethodAccessorImpl.invoke(DelegatingMethodAccessorImpl.java:43)
	at java.lang.reflect.Method.invoke(Method.java:498)
	at org.junit.runners.model.FrameworkMethod$1.runReflectiveCall(FrameworkMethod.java:50)
	at org.junit.internal.runners.model.ReflectiveCallable.run(ReflectiveCallable.java:12)
	at org.junit.runners.model.FrameworkMethod.invokeExplosively(FrameworkMethod.java:47)
	at org.junit.internal.runners.statements.InvokeMethod.evaluate(InvokeMethod.java:17)
	at org.junit.internal.runners.statements.RunAfters.evaluate(RunAfters.java:27)
	at org.junit.internal.runners.statements.FailOnTimeout$CallableStatement.call(FailOnTimeout.java:298)
	at org.junit.internal.runners.statements.FailOnTimeout$CallableStatement.call(FailOnTimeout.java:292)
	at java.util.concurrent.FutureTask.run(FutureTask.java:266)
	at java.lang.Thread.run(Thread.java:748)
2019-09-24 16:30:22,234 INFO  impl.FollowerState (FollowerState.java:run(108)) - s2@group-A7200166065B-FollowerState: change to CANDIDATE, lastRpcTime:277ms, electionTimeout:277ms
2019-09-24 16:30:22,234 INFO  impl.RoleInfo (RoleInfo.java:shutdownFollowerState(121)) - s2: shutdown FollowerState
2019-09-24 16:30:22,235 INFO  impl.RaftServerImpl (RaftServerImpl.java:setRole(170)) - s2@group-A7200166065B: changes role from  FOLLOWER to CANDIDATE at term 23 for changeToCandidate
2019-09-24 16:30:22,235 INFO  impl.RoleInfo (RoleInfo.java:updateAndGet(143)) - s2: start LeaderElection
2019-09-24 16:30:22,683 WARN  ratis.RaftTestUtil (JavaUtils.java:attempt(158)) - FAILED "waitForLeader-null-(expectLeader? true)", attempt #64/100: java.lang.IllegalStateException: No leader yet : printing ALL groups
  s0:  RUNNING CANDIDATE s0@group-A7200166065B:t24, leader=null, voted=s0, raftlog=s0@group-A7200166065B-SegmentedRaftLog:OPENED:c0,f0,i0, conf=0: [s0:0.0.0.0:33663, s1:0.0.0.0:41738, s2:0.0.0.0:43966], old=null RUNNING
  s1:  RUNNING CANDIDATE s1@group-A7200166065B:t24, leader=null, voted=s1, raftlog=s1@group-A7200166065B-SegmentedRaftLog:OPENED:c-1,f0,i0, conf=0: [s0:0.0.0.0:33663, s1:0.0.0.0:41738, s2:0.0.0.0:43966], old=null RUNNING
  s2:  RUNNING CANDIDATE s2@group-A7200166065B:t24, leader=null, voted=s2, raftlog=s2@group-A7200166065B-SegmentedRaftLog:OPENED:c-1,f0,i0, conf=0: [s0:0.0.0.0:33663, s1:0.0.0.0:41738, s2:0.0.0.0:43966], old=null RUNNING, sleep 450ms and then retry.
java.lang.IllegalStateException: No leader yet : printing ALL groups
  s0:  RUNNING CANDIDATE s0@group-A7200166065B:t24, leader=null, voted=s0, raftlog=s0@group-A7200166065B-SegmentedRaftLog:OPENED:c0,f0,i0, conf=0: [s0:0.0.0.0:33663, s1:0.0.0.0:41738, s2:0.0.0.0:43966], old=null RUNNING
  s1:  RUNNING CANDIDATE s1@group-A7200166065B:t24, leader=null, voted=s1, raftlog=s1@group-A7200166065B-SegmentedRaftLog:OPENED:c-1,f0,i0, conf=0: [s0:0.0.0.0:33663, s1:0.0.0.0:41738, s2:0.0.0.0:43966], old=null RUNNING
  s2:  RUNNING CANDIDATE s2@group-A7200166065B:t24, leader=null, voted=s2, raftlog=s2@group-A7200166065B-SegmentedRaftLog:OPENED:c-1,f0,i0, conf=0: [s0:0.0.0.0:33663, s1:0.0.0.0:41738, s2:0.0.0.0:43966], old=null RUNNING
	at org.apache.ratis.MiniRaftCluster.newIllegalStateExceptionForNoLeaders(MiniRaftCluster.java:506)
	at org.apache.ratis.RaftTestUtil.lambda$waitForLeader$1(RaftTestUtil.java:90)
	at org.apache.ratis.MiniRaftCluster.getLeader(MiniRaftCluster.java:539)
	at org.apache.ratis.MiniRaftCluster.getLeader(MiniRaftCluster.java:532)
	at org.apache.ratis.RaftTestUtil.lambda$waitForLeader$3(RaftTestUtil.java:98)
	at org.apache.ratis.util.JavaUtils.attempt(JavaUtils.java:152)
	at org.apache.ratis.RaftTestUtil.waitForLeader(RaftTestUtil.java:97)
	at org.apache.ratis.RaftTestUtil.waitForLeader(RaftTestUtil.java:77)
	at org.apache.ratis.RaftTestUtil.waitForLeader(RaftTestUtil.java:72)
	at org.apache.ratis.RaftTestUtil.lambda$changeLeader$7(RaftTestUtil.java:363)
	at org.apache.ratis.util.JavaUtils.attempt(JavaUtils.java:152)
	at org.apache.ratis.RaftTestUtil.changeLeader(RaftTestUtil.java:362)
	at org.apache.ratis.server.impl.LeaderElectionTests.testChangeLeader(LeaderElectionTests.java:81)
	at sun.reflect.NativeMethodAccessorImpl.invoke0(Native Method)
	at sun.reflect.NativeMethodAccessorImpl.invoke(NativeMethodAccessorImpl.java:62)
	at sun.reflect.DelegatingMethodAccessorImpl.invoke(DelegatingMethodAccessorImpl.java:43)
	at java.lang.reflect.Method.invoke(Method.java:498)
	at org.junit.runners.model.FrameworkMethod$1.runReflectiveCall(FrameworkMethod.java:50)
	at org.junit.internal.runners.model.ReflectiveCallable.run(ReflectiveCallable.java:12)
	at org.junit.runners.model.FrameworkMethod.invokeExplosively(FrameworkMethod.java:47)
	at org.junit.internal.runners.statements.InvokeMethod.evaluate(InvokeMethod.java:17)
	at org.junit.internal.runners.statements.RunAfters.evaluate(RunAfters.java:27)
	at org.junit.internal.runners.statements.FailOnTimeout$CallableStatement.call(FailOnTimeout.java:298)
	at org.junit.internal.runners.statements.FailOnTimeout$CallableStatement.call(FailOnTimeout.java:292)
	at java.util.concurrent.FutureTask.run(FutureTask.java:266)
	at java.lang.Thread.run(Thread.java:748)
2019-09-24 16:30:23,134 WARN  ratis.RaftTestUtil (JavaUtils.java:attempt(158)) - FAILED "waitForLeader-null-(expectLeader? true)", attempt #65/100: java.lang.IllegalStateException: No leader yet : printing ALL groups
  s0:  RUNNING CANDIDATE s0@group-A7200166065B:t24, leader=null, voted=s0, raftlog=s0@group-A7200166065B-SegmentedRaftLog:OPENED:c0,f0,i0, conf=0: [s0:0.0.0.0:33663, s1:0.0.0.0:41738, s2:0.0.0.0:43966], old=null RUNNING
  s1:  RUNNING CANDIDATE s1@group-A7200166065B:t24, leader=null, voted=s1, raftlog=s1@group-A7200166065B-SegmentedRaftLog:OPENED:c-1,f0,i0, conf=0: [s0:0.0.0.0:33663, s1:0.0.0.0:41738, s2:0.0.0.0:43966], old=null RUNNING
  s2:  RUNNING CANDIDATE s2@group-A7200166065B:t24, leader=null, voted=s2, raftlog=s2@group-A7200166065B-SegmentedRaftLog:OPENED:c-1,f0,i0, conf=0: [s0:0.0.0.0:33663, s1:0.0.0.0:41738, s2:0.0.0.0:43966], old=null RUNNING, sleep 450ms and then retry.
java.lang.IllegalStateException: No leader yet : printing ALL groups
  s0:  RUNNING CANDIDATE s0@group-A7200166065B:t24, leader=null, voted=s0, raftlog=s0@group-A7200166065B-SegmentedRaftLog:OPENED:c0,f0,i0, conf=0: [s0:0.0.0.0:33663, s1:0.0.0.0:41738, s2:0.0.0.0:43966], old=null RUNNING
  s1:  RUNNING CANDIDATE s1@group-A7200166065B:t24, leader=null, voted=s1, raftlog=s1@group-A7200166065B-SegmentedRaftLog:OPENED:c-1,f0,i0, conf=0: [s0:0.0.0.0:33663, s1:0.0.0.0:41738, s2:0.0.0.0:43966], old=null RUNNING
  s2:  RUNNING CANDIDATE s2@group-A7200166065B:t24, leader=null, voted=s2, raftlog=s2@group-A7200166065B-SegmentedRaftLog:OPENED:c-1,f0,i0, conf=0: [s0:0.0.0.0:33663, s1:0.0.0.0:41738, s2:0.0.0.0:43966], old=null RUNNING
	at org.apache.ratis.MiniRaftCluster.newIllegalStateExceptionForNoLeaders(MiniRaftCluster.java:506)
	at org.apache.ratis.RaftTestUtil.lambda$waitForLeader$1(RaftTestUtil.java:90)
	at org.apache.ratis.MiniRaftCluster.getLeader(MiniRaftCluster.java:539)
	at org.apache.ratis.MiniRaftCluster.getLeader(MiniRaftCluster.java:532)
	at org.apache.ratis.RaftTestUtil.lambda$waitForLeader$3(RaftTestUtil.java:98)
	at org.apache.ratis.util.JavaUtils.attempt(JavaUtils.java:152)
	at org.apache.ratis.RaftTestUtil.waitForLeader(RaftTestUtil.java:97)
	at org.apache.ratis.RaftTestUtil.waitForLeader(RaftTestUtil.java:77)
	at org.apache.ratis.RaftTestUtil.waitForLeader(RaftTestUtil.java:72)
	at org.apache.ratis.RaftTestUtil.lambda$changeLeader$7(RaftTestUtil.java:363)
	at org.apache.ratis.util.JavaUtils.attempt(JavaUtils.java:152)
	at org.apache.ratis.RaftTestUtil.changeLeader(RaftTestUtil.java:362)
	at org.apache.ratis.server.impl.LeaderElectionTests.testChangeLeader(LeaderElectionTests.java:81)
	at sun.reflect.NativeMethodAccessorImpl.invoke0(Native Method)
	at sun.reflect.NativeMethodAccessorImpl.invoke(NativeMethodAccessorImpl.java:62)
	at sun.reflect.DelegatingMethodAccessorImpl.invoke(DelegatingMethodAccessorImpl.java:43)
	at java.lang.reflect.Method.invoke(Method.java:498)
	at org.junit.runners.model.FrameworkMethod$1.runReflectiveCall(FrameworkMethod.java:50)
	at org.junit.internal.runners.model.ReflectiveCallable.run(ReflectiveCallable.java:12)
	at org.junit.runners.model.FrameworkMethod.invokeExplosively(FrameworkMethod.java:47)
	at org.junit.internal.runners.statements.InvokeMethod.evaluate(InvokeMethod.java:17)
	at org.junit.internal.runners.statements.RunAfters.evaluate(RunAfters.java:27)
	at org.junit.internal.runners.statements.FailOnTimeout$CallableStatement.call(FailOnTimeout.java:298)
	at org.junit.internal.runners.statements.FailOnTimeout$CallableStatement.call(FailOnTimeout.java:292)
	at java.util.concurrent.FutureTask.run(FutureTask.java:266)
	at java.lang.Thread.run(Thread.java:748)
2019-09-24 16:30:23,586 WARN  ratis.RaftTestUtil (JavaUtils.java:attempt(158)) - FAILED "waitForLeader-null-(expectLeader? true)", attempt #66/100: java.lang.IllegalStateException: No leader yet : printing ALL groups
  s0:  RUNNING CANDIDATE s0@group-A7200166065B:t24, leader=null, voted=s0, raftlog=s0@group-A7200166065B-SegmentedRaftLog:OPENED:c0,f0,i0, conf=0: [s0:0.0.0.0:33663, s1:0.0.0.0:41738, s2:0.0.0.0:43966], old=null RUNNING
  s1:  RUNNING CANDIDATE s1@group-A7200166065B:t24, leader=null, voted=s1, raftlog=s1@group-A7200166065B-SegmentedRaftLog:OPENED:c-1,f0,i0, conf=0: [s0:0.0.0.0:33663, s1:0.0.0.0:41738, s2:0.0.0.0:43966], old=null RUNNING
  s2:  RUNNING CANDIDATE s2@group-A7200166065B:t24, leader=null, voted=s2, raftlog=s2@group-A7200166065B-SegmentedRaftLog:OPENED:c-1,f0,i0, conf=0: [s0:0.0.0.0:33663, s1:0.0.0.0:41738, s2:0.0.0.0:43966], old=null RUNNING, sleep 450ms and then retry.
java.lang.IllegalStateException: No leader yet : printing ALL groups
  s0:  RUNNING CANDIDATE s0@group-A7200166065B:t24, leader=null, voted=s0, raftlog=s0@group-A7200166065B-SegmentedRaftLog:OPENED:c0,f0,i0, conf=0: [s0:0.0.0.0:33663, s1:0.0.0.0:41738, s2:0.0.0.0:43966], old=null RUNNING
  s1:  RUNNING CANDIDATE s1@group-A7200166065B:t24, leader=null, voted=s1, raftlog=s1@group-A7200166065B-SegmentedRaftLog:OPENED:c-1,f0,i0, conf=0: [s0:0.0.0.0:33663, s1:0.0.0.0:41738, s2:0.0.0.0:43966], old=null RUNNING
  s2:  RUNNING CANDIDATE s2@group-A7200166065B:t24, leader=null, voted=s2, raftlog=s2@group-A7200166065B-SegmentedRaftLog:OPENED:c-1,f0,i0, conf=0: [s0:0.0.0.0:33663, s1:0.0.0.0:41738, s2:0.0.0.0:43966], old=null RUNNING
	at org.apache.ratis.MiniRaftCluster.newIllegalStateExceptionForNoLeaders(MiniRaftCluster.java:506)
	at org.apache.ratis.RaftTestUtil.lambda$waitForLeader$1(RaftTestUtil.java:90)
	at org.apache.ratis.MiniRaftCluster.getLeader(MiniRaftCluster.java:539)
	at org.apache.ratis.MiniRaftCluster.getLeader(MiniRaftCluster.java:532)
	at org.apache.ratis.RaftTestUtil.lambda$waitForLeader$3(RaftTestUtil.java:98)
	at org.apache.ratis.util.JavaUtils.attempt(JavaUtils.java:152)
	at org.apache.ratis.RaftTestUtil.waitForLeader(RaftTestUtil.java:97)
	at org.apache.ratis.RaftTestUtil.waitForLeader(RaftTestUtil.java:77)
	at org.apache.ratis.RaftTestUtil.waitForLeader(RaftTestUtil.java:72)
	at org.apache.ratis.RaftTestUtil.lambda$changeLeader$7(RaftTestUtil.java:363)
	at org.apache.ratis.util.JavaUtils.attempt(JavaUtils.java:152)
	at org.apache.ratis.RaftTestUtil.changeLeader(RaftTestUtil.java:362)
	at org.apache.ratis.server.impl.LeaderElectionTests.testChangeLeader(LeaderElectionTests.java:81)
	at sun.reflect.NativeMethodAccessorImpl.invoke0(Native Method)
	at sun.reflect.NativeMethodAccessorImpl.invoke(NativeMethodAccessorImpl.java:62)
	at sun.reflect.DelegatingMethodAccessorImpl.invoke(DelegatingMethodAccessorImpl.java:43)
	at java.lang.reflect.Method.invoke(Method.java:498)
	at org.junit.runners.model.FrameworkMethod$1.runReflectiveCall(FrameworkMethod.java:50)
	at org.junit.internal.runners.model.ReflectiveCallable.run(ReflectiveCallable.java:12)
	at org.junit.runners.model.FrameworkMethod.invokeExplosively(FrameworkMethod.java:47)
	at org.junit.internal.runners.statements.InvokeMethod.evaluate(InvokeMethod.java:17)
	at org.junit.internal.runners.statements.RunAfters.evaluate(RunAfters.java:27)
	at org.junit.internal.runners.statements.FailOnTimeout$CallableStatement.call(FailOnTimeout.java:298)
	at org.junit.internal.runners.statements.FailOnTimeout$CallableStatement.call(FailOnTimeout.java:292)
	at java.util.concurrent.FutureTask.run(FutureTask.java:266)
	at java.lang.Thread.run(Thread.java:748)
2019-09-24 16:30:24,037 WARN  ratis.RaftTestUtil (JavaUtils.java:attempt(158)) - FAILED "waitForLeader-null-(expectLeader? true)", attempt #67/100: java.lang.IllegalStateException: No leader yet : printing ALL groups
  s0:  RUNNING CANDIDATE s0@group-A7200166065B:t24, leader=null, voted=s0, raftlog=s0@group-A7200166065B-SegmentedRaftLog:OPENED:c0,f0,i0, conf=0: [s0:0.0.0.0:33663, s1:0.0.0.0:41738, s2:0.0.0.0:43966], old=null RUNNING
  s1:  RUNNING CANDIDATE s1@group-A7200166065B:t24, leader=null, voted=s1, raftlog=s1@group-A7200166065B-SegmentedRaftLog:OPENED:c-1,f0,i0, conf=0: [s0:0.0.0.0:33663, s1:0.0.0.0:41738, s2:0.0.0.0:43966], old=null RUNNING
  s2:  RUNNING CANDIDATE s2@group-A7200166065B:t24, leader=null, voted=s2, raftlog=s2@group-A7200166065B-SegmentedRaftLog:OPENED:c-1,f0,i0, conf=0: [s0:0.0.0.0:33663, s1:0.0.0.0:41738, s2:0.0.0.0:43966], old=null RUNNING, sleep 450ms and then retry.
java.lang.IllegalStateException: No leader yet : printing ALL groups
  s0:  RUNNING CANDIDATE s0@group-A7200166065B:t24, leader=null, voted=s0, raftlog=s0@group-A7200166065B-SegmentedRaftLog:OPENED:c0,f0,i0, conf=0: [s0:0.0.0.0:33663, s1:0.0.0.0:41738, s2:0.0.0.0:43966], old=null RUNNING
  s1:  RUNNING CANDIDATE s1@group-A7200166065B:t24, leader=null, voted=s1, raftlog=s1@group-A7200166065B-SegmentedRaftLog:OPENED:c-1,f0,i0, conf=0: [s0:0.0.0.0:33663, s1:0.0.0.0:41738, s2:0.0.0.0:43966], old=null RUNNING
  s2:  RUNNING CANDIDATE s2@group-A7200166065B:t24, leader=null, voted=s2, raftlog=s2@group-A7200166065B-SegmentedRaftLog:OPENED:c-1,f0,i0, conf=0: [s0:0.0.0.0:33663, s1:0.0.0.0:41738, s2:0.0.0.0:43966], old=null RUNNING
	at org.apache.ratis.MiniRaftCluster.newIllegalStateExceptionForNoLeaders(MiniRaftCluster.java:506)
	at org.apache.ratis.RaftTestUtil.lambda$waitForLeader$1(RaftTestUtil.java:90)
	at org.apache.ratis.MiniRaftCluster.getLeader(MiniRaftCluster.java:539)
	at org.apache.ratis.MiniRaftCluster.getLeader(MiniRaftCluster.java:532)
	at org.apache.ratis.RaftTestUtil.lambda$waitForLeader$3(RaftTestUtil.java:98)
	at org.apache.ratis.util.JavaUtils.attempt(JavaUtils.java:152)
	at org.apache.ratis.RaftTestUtil.waitForLeader(RaftTestUtil.java:97)
	at org.apache.ratis.RaftTestUtil.waitForLeader(RaftTestUtil.java:77)
	at org.apache.ratis.RaftTestUtil.waitForLeader(RaftTestUtil.java:72)
	at org.apache.ratis.RaftTestUtil.lambda$changeLeader$7(RaftTestUtil.java:363)
	at org.apache.ratis.util.JavaUtils.attempt(JavaUtils.java:152)
	at org.apache.ratis.RaftTestUtil.changeLeader(RaftTestUtil.java:362)
	at org.apache.ratis.server.impl.LeaderElectionTests.testChangeLeader(LeaderElectionTests.java:81)
	at sun.reflect.NativeMethodAccessorImpl.invoke0(Native Method)
	at sun.reflect.NativeMethodAccessorImpl.invoke(NativeMethodAccessorImpl.java:62)
	at sun.reflect.DelegatingMethodAccessorImpl.invoke(DelegatingMethodAccessorImpl.java:43)
	at java.lang.reflect.Method.invoke(Method.java:498)
	at org.junit.runners.model.FrameworkMethod$1.runReflectiveCall(FrameworkMethod.java:50)
	at org.junit.internal.runners.model.ReflectiveCallable.run(ReflectiveCallable.java:12)
	at org.junit.runners.model.FrameworkMethod.invokeExplosively(FrameworkMethod.java:47)
	at org.junit.internal.runners.statements.InvokeMethod.evaluate(InvokeMethod.java:17)
	at org.junit.internal.runners.statements.RunAfters.evaluate(RunAfters.java:27)
	at org.junit.internal.runners.statements.FailOnTimeout$CallableStatement.call(FailOnTimeout.java:298)
	at org.junit.internal.runners.statements.FailOnTimeout$CallableStatement.call(FailOnTimeout.java:292)
	at java.util.concurrent.FutureTask.run(FutureTask.java:266)
	at java.lang.Thread.run(Thread.java:748)
2019-09-24 16:30:24,488 WARN  ratis.RaftTestUtil (JavaUtils.java:attempt(158)) - FAILED "waitForLeader-null-(expectLeader? true)", attempt #68/100: java.lang.IllegalStateException: No leader yet : printing ALL groups
  s0:  RUNNING CANDIDATE s0@group-A7200166065B:t24, leader=null, voted=s0, raftlog=s0@group-A7200166065B-SegmentedRaftLog:OPENED:c0,f0,i0, conf=0: [s0:0.0.0.0:33663, s1:0.0.0.0:41738, s2:0.0.0.0:43966], old=null RUNNING
  s1:  RUNNING CANDIDATE s1@group-A7200166065B:t24, leader=null, voted=s1, raftlog=s1@group-A7200166065B-SegmentedRaftLog:OPENED:c-1,f0,i0, conf=0: [s0:0.0.0.0:33663, s1:0.0.0.0:41738, s2:0.0.0.0:43966], old=null RUNNING
  s2:  RUNNING CANDIDATE s2@group-A7200166065B:t24, leader=null, voted=s2, raftlog=s2@group-A7200166065B-SegmentedRaftLog:OPENED:c-1,f0,i0, conf=0: [s0:0.0.0.0:33663, s1:0.0.0.0:41738, s2:0.0.0.0:43966], old=null RUNNING, sleep 450ms and then retry.
java.lang.IllegalStateException: No leader yet : printing ALL groups
  s0:  RUNNING CANDIDATE s0@group-A7200166065B:t24, leader=null, voted=s0, raftlog=s0@group-A7200166065B-SegmentedRaftLog:OPENED:c0,f0,i0, conf=0: [s0:0.0.0.0:33663, s1:0.0.0.0:41738, s2:0.0.0.0:43966], old=null RUNNING
  s1:  RUNNING CANDIDATE s1@group-A7200166065B:t24, leader=null, voted=s1, raftlog=s1@group-A7200166065B-SegmentedRaftLog:OPENED:c-1,f0,i0, conf=0: [s0:0.0.0.0:33663, s1:0.0.0.0:41738, s2:0.0.0.0:43966], old=null RUNNING
  s2:  RUNNING CANDIDATE s2@group-A7200166065B:t24, leader=null, voted=s2, raftlog=s2@group-A7200166065B-SegmentedRaftLog:OPENED:c-1,f0,i0, conf=0: [s0:0.0.0.0:33663, s1:0.0.0.0:41738, s2:0.0.0.0:43966], old=null RUNNING
	at org.apache.ratis.MiniRaftCluster.newIllegalStateExceptionForNoLeaders(MiniRaftCluster.java:506)
	at org.apache.ratis.RaftTestUtil.lambda$waitForLeader$1(RaftTestUtil.java:90)
	at org.apache.ratis.MiniRaftCluster.getLeader(MiniRaftCluster.java:539)
	at org.apache.ratis.MiniRaftCluster.getLeader(MiniRaftCluster.java:532)
	at org.apache.ratis.RaftTestUtil.lambda$waitForLeader$3(RaftTestUtil.java:98)
	at org.apache.ratis.util.JavaUtils.attempt(JavaUtils.java:152)
	at org.apache.ratis.RaftTestUtil.waitForLeader(RaftTestUtil.java:97)
	at org.apache.ratis.RaftTestUtil.waitForLeader(RaftTestUtil.java:77)
	at org.apache.ratis.RaftTestUtil.waitForLeader(RaftTestUtil.java:72)
	at org.apache.ratis.RaftTestUtil.lambda$changeLeader$7(RaftTestUtil.java:363)
	at org.apache.ratis.util.JavaUtils.attempt(JavaUtils.java:152)
	at org.apache.ratis.RaftTestUtil.changeLeader(RaftTestUtil.java:362)
	at org.apache.ratis.server.impl.LeaderElectionTests.testChangeLeader(LeaderElectionTests.java:81)
	at sun.reflect.NativeMethodAccessorImpl.invoke0(Native Method)
	at sun.reflect.NativeMethodAccessorImpl.invoke(NativeMethodAccessorImpl.java:62)
	at sun.reflect.DelegatingMethodAccessorImpl.invoke(DelegatingMethodAccessorImpl.java:43)
	at java.lang.reflect.Method.invoke(Method.java:498)
	at org.junit.runners.model.FrameworkMethod$1.runReflectiveCall(FrameworkMethod.java:50)
	at org.junit.internal.runners.model.ReflectiveCallable.run(ReflectiveCallable.java:12)
	at org.junit.runners.model.FrameworkMethod.invokeExplosively(FrameworkMethod.java:47)
	at org.junit.internal.runners.statements.InvokeMethod.evaluate(InvokeMethod.java:17)
	at org.junit.internal.runners.statements.RunAfters.evaluate(RunAfters.java:27)
	at org.junit.internal.runners.statements.FailOnTimeout$CallableStatement.call(FailOnTimeout.java:298)
	at org.junit.internal.runners.statements.FailOnTimeout$CallableStatement.call(FailOnTimeout.java:292)
	at java.util.concurrent.FutureTask.run(FutureTask.java:266)
	at java.lang.Thread.run(Thread.java:748)
2019-09-24 16:30:24,939 WARN  ratis.RaftTestUtil (JavaUtils.java:attempt(158)) - FAILED "waitForLeader-null-(expectLeader? true)", attempt #69/100: java.lang.IllegalStateException: No leader yet : printing ALL groups
  s0:  RUNNING CANDIDATE s0@group-A7200166065B:t24, leader=null, voted=s0, raftlog=s0@group-A7200166065B-SegmentedRaftLog:OPENED:c0,f0,i0, conf=0: [s0:0.0.0.0:33663, s1:0.0.0.0:41738, s2:0.0.0.0:43966], old=null RUNNING
  s1:  RUNNING CANDIDATE s1@group-A7200166065B:t24, leader=null, voted=s1, raftlog=s1@group-A7200166065B-SegmentedRaftLog:OPENED:c-1,f0,i0, conf=0: [s0:0.0.0.0:33663, s1:0.0.0.0:41738, s2:0.0.0.0:43966], old=null RUNNING
  s2:  RUNNING CANDIDATE s2@group-A7200166065B:t24, leader=null, voted=s2, raftlog=s2@group-A7200166065B-SegmentedRaftLog:OPENED:c-1,f0,i0, conf=0: [s0:0.0.0.0:33663, s1:0.0.0.0:41738, s2:0.0.0.0:43966], old=null RUNNING, sleep 450ms and then retry.
java.lang.IllegalStateException: No leader yet : printing ALL groups
  s0:  RUNNING CANDIDATE s0@group-A7200166065B:t24, leader=null, voted=s0, raftlog=s0@group-A7200166065B-SegmentedRaftLog:OPENED:c0,f0,i0, conf=0: [s0:0.0.0.0:33663, s1:0.0.0.0:41738, s2:0.0.0.0:43966], old=null RUNNING
  s1:  RUNNING CANDIDATE s1@group-A7200166065B:t24, leader=null, voted=s1, raftlog=s1@group-A7200166065B-SegmentedRaftLog:OPENED:c-1,f0,i0, conf=0: [s0:0.0.0.0:33663, s1:0.0.0.0:41738, s2:0.0.0.0:43966], old=null RUNNING
  s2:  RUNNING CANDIDATE s2@group-A7200166065B:t24, leader=null, voted=s2, raftlog=s2@group-A7200166065B-SegmentedRaftLog:OPENED:c-1,f0,i0, conf=0: [s0:0.0.0.0:33663, s1:0.0.0.0:41738, s2:0.0.0.0:43966], old=null RUNNING
	at org.apache.ratis.MiniRaftCluster.newIllegalStateExceptionForNoLeaders(MiniRaftCluster.java:506)
	at org.apache.ratis.RaftTestUtil.lambda$waitForLeader$1(RaftTestUtil.java:90)
	at org.apache.ratis.MiniRaftCluster.getLeader(MiniRaftCluster.java:539)
	at org.apache.ratis.MiniRaftCluster.getLeader(MiniRaftCluster.java:532)
	at org.apache.ratis.RaftTestUtil.lambda$waitForLeader$3(RaftTestUtil.java:98)
	at org.apache.ratis.util.JavaUtils.attempt(JavaUtils.java:152)
	at org.apache.ratis.RaftTestUtil.waitForLeader(RaftTestUtil.java:97)
	at org.apache.ratis.RaftTestUtil.waitForLeader(RaftTestUtil.java:77)
	at org.apache.ratis.RaftTestUtil.waitForLeader(RaftTestUtil.java:72)
	at org.apache.ratis.RaftTestUtil.lambda$changeLeader$7(RaftTestUtil.java:363)
	at org.apache.ratis.util.JavaUtils.attempt(JavaUtils.java:152)
	at org.apache.ratis.RaftTestUtil.changeLeader(RaftTestUtil.java:362)
	at org.apache.ratis.server.impl.LeaderElectionTests.testChangeLeader(LeaderElectionTests.java:81)
	at sun.reflect.NativeMethodAccessorImpl.invoke0(Native Method)
	at sun.reflect.NativeMethodAccessorImpl.invoke(NativeMethodAccessorImpl.java:62)
	at sun.reflect.DelegatingMethodAccessorImpl.invoke(DelegatingMethodAccessorImpl.java:43)
	at java.lang.reflect.Method.invoke(Method.java:498)
	at org.junit.runners.model.FrameworkMethod$1.runReflectiveCall(FrameworkMethod.java:50)
	at org.junit.internal.runners.model.ReflectiveCallable.run(ReflectiveCallable.java:12)
	at org.junit.runners.model.FrameworkMethod.invokeExplosively(FrameworkMethod.java:47)
	at org.junit.internal.runners.statements.InvokeMethod.evaluate(InvokeMethod.java:17)
	at org.junit.internal.runners.statements.RunAfters.evaluate(RunAfters.java:27)
	at org.junit.internal.runners.statements.FailOnTimeout$CallableStatement.call(FailOnTimeout.java:298)
	at org.junit.internal.runners.statements.FailOnTimeout$CallableStatement.call(FailOnTimeout.java:292)
	at java.util.concurrent.FutureTask.run(FutureTask.java:266)
	at java.lang.Thread.run(Thread.java:748)
2019-09-24 16:30:25,390 WARN  ratis.RaftTestUtil (JavaUtils.java:attempt(158)) - FAILED "waitForLeader-null-(expectLeader? true)", attempt #70/100: java.lang.IllegalStateException: No leader yet : printing ALL groups
  s0:  RUNNING CANDIDATE s0@group-A7200166065B:t24, leader=null, voted=s0, raftlog=s0@group-A7200166065B-SegmentedRaftLog:OPENED:c0,f0,i0, conf=0: [s0:0.0.0.0:33663, s1:0.0.0.0:41738, s2:0.0.0.0:43966], old=null RUNNING
  s1:  RUNNING CANDIDATE s1@group-A7200166065B:t24, leader=null, voted=s1, raftlog=s1@group-A7200166065B-SegmentedRaftLog:OPENED:c-1,f0,i0, conf=0: [s0:0.0.0.0:33663, s1:0.0.0.0:41738, s2:0.0.0.0:43966], old=null RUNNING
  s2:  RUNNING CANDIDATE s2@group-A7200166065B:t24, leader=null, voted=s2, raftlog=s2@group-A7200166065B-SegmentedRaftLog:OPENED:c-1,f0,i0, conf=0: [s0:0.0.0.0:33663, s1:0.0.0.0:41738, s2:0.0.0.0:43966], old=null RUNNING, sleep 450ms and then retry.
java.lang.IllegalStateException: No leader yet : printing ALL groups
  s0:  RUNNING CANDIDATE s0@group-A7200166065B:t24, leader=null, voted=s0, raftlog=s0@group-A7200166065B-SegmentedRaftLog:OPENED:c0,f0,i0, conf=0: [s0:0.0.0.0:33663, s1:0.0.0.0:41738, s2:0.0.0.0:43966], old=null RUNNING
  s1:  RUNNING CANDIDATE s1@group-A7200166065B:t24, leader=null, voted=s1, raftlog=s1@group-A7200166065B-SegmentedRaftLog:OPENED:c-1,f0,i0, conf=0: [s0:0.0.0.0:33663, s1:0.0.0.0:41738, s2:0.0.0.0:43966], old=null RUNNING
  s2:  RUNNING CANDIDATE s2@group-A7200166065B:t24, leader=null, voted=s2, raftlog=s2@group-A7200166065B-SegmentedRaftLog:OPENED:c-1,f0,i0, conf=0: [s0:0.0.0.0:33663, s1:0.0.0.0:41738, s2:0.0.0.0:43966], old=null RUNNING
	at org.apache.ratis.MiniRaftCluster.newIllegalStateExceptionForNoLeaders(MiniRaftCluster.java:506)
	at org.apache.ratis.RaftTestUtil.lambda$waitForLeader$1(RaftTestUtil.java:90)
	at org.apache.ratis.MiniRaftCluster.getLeader(MiniRaftCluster.java:539)
	at org.apache.ratis.MiniRaftCluster.getLeader(MiniRaftCluster.java:532)
	at org.apache.ratis.RaftTestUtil.lambda$waitForLeader$3(RaftTestUtil.java:98)
	at org.apache.ratis.util.JavaUtils.attempt(JavaUtils.java:152)
	at org.apache.ratis.RaftTestUtil.waitForLeader(RaftTestUtil.java:97)
	at org.apache.ratis.RaftTestUtil.waitForLeader(RaftTestUtil.java:77)
	at org.apache.ratis.RaftTestUtil.waitForLeader(RaftTestUtil.java:72)
	at org.apache.ratis.RaftTestUtil.lambda$changeLeader$7(RaftTestUtil.java:363)
	at org.apache.ratis.util.JavaUtils.attempt(JavaUtils.java:152)
	at org.apache.ratis.RaftTestUtil.changeLeader(RaftTestUtil.java:362)
	at org.apache.ratis.server.impl.LeaderElectionTests.testChangeLeader(LeaderElectionTests.java:81)
	at sun.reflect.NativeMethodAccessorImpl.invoke0(Native Method)
	at sun.reflect.NativeMethodAccessorImpl.invoke(NativeMethodAccessorImpl.java:62)
	at sun.reflect.DelegatingMethodAccessorImpl.invoke(DelegatingMethodAccessorImpl.java:43)
	at java.lang.reflect.Method.invoke(Method.java:498)
	at org.junit.runners.model.FrameworkMethod$1.runReflectiveCall(FrameworkMethod.java:50)
	at org.junit.internal.runners.model.ReflectiveCallable.run(ReflectiveCallable.java:12)
	at org.junit.runners.model.FrameworkMethod.invokeExplosively(FrameworkMethod.java:47)
	at org.junit.internal.runners.statements.InvokeMethod.evaluate(InvokeMethod.java:17)
	at org.junit.internal.runners.statements.RunAfters.evaluate(RunAfters.java:27)
	at org.junit.internal.runners.statements.FailOnTimeout$CallableStatement.call(FailOnTimeout.java:298)
	at org.junit.internal.runners.statements.FailOnTimeout$CallableStatement.call(FailOnTimeout.java:292)
	at java.util.concurrent.FutureTask.run(FutureTask.java:266)
	at java.lang.Thread.run(Thread.java:748)
2019-09-24 16:30:25,842 WARN  ratis.RaftTestUtil (JavaUtils.java:attempt(158)) - FAILED "waitForLeader-null-(expectLeader? true)", attempt #71/100: java.lang.IllegalStateException: No leader yet : printing ALL groups
  s0:  RUNNING CANDIDATE s0@group-A7200166065B:t24, leader=null, voted=s0, raftlog=s0@group-A7200166065B-SegmentedRaftLog:OPENED:c0,f0,i0, conf=0: [s0:0.0.0.0:33663, s1:0.0.0.0:41738, s2:0.0.0.0:43966], old=null RUNNING
  s1:  RUNNING CANDIDATE s1@group-A7200166065B:t24, leader=null, voted=s1, raftlog=s1@group-A7200166065B-SegmentedRaftLog:OPENED:c-1,f0,i0, conf=0: [s0:0.0.0.0:33663, s1:0.0.0.0:41738, s2:0.0.0.0:43966], old=null RUNNING
  s2:  RUNNING CANDIDATE s2@group-A7200166065B:t24, leader=null, voted=s2, raftlog=s2@group-A7200166065B-SegmentedRaftLog:OPENED:c-1,f0,i0, conf=0: [s0:0.0.0.0:33663, s1:0.0.0.0:41738, s2:0.0.0.0:43966], old=null RUNNING, sleep 450ms and then retry.
java.lang.IllegalStateException: No leader yet : printing ALL groups
  s0:  RUNNING CANDIDATE s0@group-A7200166065B:t24, leader=null, voted=s0, raftlog=s0@group-A7200166065B-SegmentedRaftLog:OPENED:c0,f0,i0, conf=0: [s0:0.0.0.0:33663, s1:0.0.0.0:41738, s2:0.0.0.0:43966], old=null RUNNING
  s1:  RUNNING CANDIDATE s1@group-A7200166065B:t24, leader=null, voted=s1, raftlog=s1@group-A7200166065B-SegmentedRaftLog:OPENED:c-1,f0,i0, conf=0: [s0:0.0.0.0:33663, s1:0.0.0.0:41738, s2:0.0.0.0:43966], old=null RUNNING
  s2:  RUNNING CANDIDATE s2@group-A7200166065B:t24, leader=null, voted=s2, raftlog=s2@group-A7200166065B-SegmentedRaftLog:OPENED:c-1,f0,i0, conf=0: [s0:0.0.0.0:33663, s1:0.0.0.0:41738, s2:0.0.0.0:43966], old=null RUNNING
	at org.apache.ratis.MiniRaftCluster.newIllegalStateExceptionForNoLeaders(MiniRaftCluster.java:506)
	at org.apache.ratis.RaftTestUtil.lambda$waitForLeader$1(RaftTestUtil.java:90)
	at org.apache.ratis.MiniRaftCluster.getLeader(MiniRaftCluster.java:539)
	at org.apache.ratis.MiniRaftCluster.getLeader(MiniRaftCluster.java:532)
	at org.apache.ratis.RaftTestUtil.lambda$waitForLeader$3(RaftTestUtil.java:98)
	at org.apache.ratis.util.JavaUtils.attempt(JavaUtils.java:152)
	at org.apache.ratis.RaftTestUtil.waitForLeader(RaftTestUtil.java:97)
	at org.apache.ratis.RaftTestUtil.waitForLeader(RaftTestUtil.java:77)
	at org.apache.ratis.RaftTestUtil.waitForLeader(RaftTestUtil.java:72)
	at org.apache.ratis.RaftTestUtil.lambda$changeLeader$7(RaftTestUtil.java:363)
	at org.apache.ratis.util.JavaUtils.attempt(JavaUtils.java:152)
	at org.apache.ratis.RaftTestUtil.changeLeader(RaftTestUtil.java:362)
	at org.apache.ratis.server.impl.LeaderElectionTests.testChangeLeader(LeaderElectionTests.java:81)
	at sun.reflect.NativeMethodAccessorImpl.invoke0(Native Method)
	at sun.reflect.NativeMethodAccessorImpl.invoke(NativeMethodAccessorImpl.java:62)
	at sun.reflect.DelegatingMethodAccessorImpl.invoke(DelegatingMethodAccessorImpl.java:43)
	at java.lang.reflect.Method.invoke(Method.java:498)
	at org.junit.runners.model.FrameworkMethod$1.runReflectiveCall(FrameworkMethod.java:50)
	at org.junit.internal.runners.model.ReflectiveCallable.run(ReflectiveCallable.java:12)
	at org.junit.runners.model.FrameworkMethod.invokeExplosively(FrameworkMethod.java:47)
	at org.junit.internal.runners.statements.InvokeMethod.evaluate(InvokeMethod.java:17)
	at org.junit.internal.runners.statements.RunAfters.evaluate(RunAfters.java:27)
	at org.junit.internal.runners.statements.FailOnTimeout$CallableStatement.call(FailOnTimeout.java:298)
	at org.junit.internal.runners.statements.FailOnTimeout$CallableStatement.call(FailOnTimeout.java:292)
	at java.util.concurrent.FutureTask.run(FutureTask.java:266)
	at java.lang.Thread.run(Thread.java:748)
2019-09-24 16:30:26,293 WARN  ratis.RaftTestUtil (JavaUtils.java:attempt(158)) - FAILED "waitForLeader-null-(expectLeader? true)", attempt #72/100: java.lang.IllegalStateException: No leader yet : printing ALL groups
  s0:  RUNNING CANDIDATE s0@group-A7200166065B:t24, leader=null, voted=s0, raftlog=s0@group-A7200166065B-SegmentedRaftLog:OPENED:c0,f0,i0, conf=0: [s0:0.0.0.0:33663, s1:0.0.0.0:41738, s2:0.0.0.0:43966], old=null RUNNING
  s1:  RUNNING CANDIDATE s1@group-A7200166065B:t24, leader=null, voted=s1, raftlog=s1@group-A7200166065B-SegmentedRaftLog:OPENED:c-1,f0,i0, conf=0: [s0:0.0.0.0:33663, s1:0.0.0.0:41738, s2:0.0.0.0:43966], old=null RUNNING
  s2:  RUNNING CANDIDATE s2@group-A7200166065B:t24, leader=null, voted=s2, raftlog=s2@group-A7200166065B-SegmentedRaftLog:OPENED:c-1,f0,i0, conf=0: [s0:0.0.0.0:33663, s1:0.0.0.0:41738, s2:0.0.0.0:43966], old=null RUNNING, sleep 450ms and then retry.
java.lang.IllegalStateException: No leader yet : printing ALL groups
  s0:  RUNNING CANDIDATE s0@group-A7200166065B:t24, leader=null, voted=s0, raftlog=s0@group-A7200166065B-SegmentedRaftLog:OPENED:c0,f0,i0, conf=0: [s0:0.0.0.0:33663, s1:0.0.0.0:41738, s2:0.0.0.0:43966], old=null RUNNING
  s1:  RUNNING CANDIDATE s1@group-A7200166065B:t24, leader=null, voted=s1, raftlog=s1@group-A7200166065B-SegmentedRaftLog:OPENED:c-1,f0,i0, conf=0: [s0:0.0.0.0:33663, s1:0.0.0.0:41738, s2:0.0.0.0:43966], old=null RUNNING
  s2:  RUNNING CANDIDATE s2@group-A7200166065B:t24, leader=null, voted=s2, raftlog=s2@group-A7200166065B-SegmentedRaftLog:OPENED:c-1,f0,i0, conf=0: [s0:0.0.0.0:33663, s1:0.0.0.0:41738, s2:0.0.0.0:43966], old=null RUNNING
	at org.apache.ratis.MiniRaftCluster.newIllegalStateExceptionForNoLeaders(MiniRaftCluster.java:506)
	at org.apache.ratis.RaftTestUtil.lambda$waitForLeader$1(RaftTestUtil.java:90)
	at org.apache.ratis.MiniRaftCluster.getLeader(MiniRaftCluster.java:539)
	at org.apache.ratis.MiniRaftCluster.getLeader(MiniRaftCluster.java:532)
	at org.apache.ratis.RaftTestUtil.lambda$waitForLeader$3(RaftTestUtil.java:98)
	at org.apache.ratis.util.JavaUtils.attempt(JavaUtils.java:152)
	at org.apache.ratis.RaftTestUtil.waitForLeader(RaftTestUtil.java:97)
	at org.apache.ratis.RaftTestUtil.waitForLeader(RaftTestUtil.java:77)
	at org.apache.ratis.RaftTestUtil.waitForLeader(RaftTestUtil.java:72)
	at org.apache.ratis.RaftTestUtil.lambda$changeLeader$7(RaftTestUtil.java:363)
	at org.apache.ratis.util.JavaUtils.attempt(JavaUtils.java:152)
	at org.apache.ratis.RaftTestUtil.changeLeader(RaftTestUtil.java:362)
	at org.apache.ratis.server.impl.LeaderElectionTests.testChangeLeader(LeaderElectionTests.java:81)
	at sun.reflect.NativeMethodAccessorImpl.invoke0(Native Method)
	at sun.reflect.NativeMethodAccessorImpl.invoke(NativeMethodAccessorImpl.java:62)
	at sun.reflect.DelegatingMethodAccessorImpl.invoke(DelegatingMethodAccessorImpl.java:43)
	at java.lang.reflect.Method.invoke(Method.java:498)
	at org.junit.runners.model.FrameworkMethod$1.runReflectiveCall(FrameworkMethod.java:50)
	at org.junit.internal.runners.model.ReflectiveCallable.run(ReflectiveCallable.java:12)
	at org.junit.runners.model.FrameworkMethod.invokeExplosively(FrameworkMethod.java:47)
	at org.junit.internal.runners.statements.InvokeMethod.evaluate(InvokeMethod.java:17)
	at org.junit.internal.runners.statements.RunAfters.evaluate(RunAfters.java:27)
	at org.junit.internal.runners.statements.FailOnTimeout$CallableStatement.call(FailOnTimeout.java:298)
	at org.junit.internal.runners.statements.FailOnTimeout$CallableStatement.call(FailOnTimeout.java:292)
	at java.util.concurrent.FutureTask.run(FutureTask.java:266)
	at java.lang.Thread.run(Thread.java:748)
2019-09-24 16:30:26,382 INFO  impl.LeaderElection (LeaderElection.java:askForVotes(178)) - s1@group-A7200166065B-LeaderElection152: begin an election at term 24 for 0: [s0:0.0.0.0:33663, s1:0.0.0.0:41738, s2:0.0.0.0:43966], old=null
2019-09-24 16:30:26,382 INFO  impl.LeaderElection (LeaderElection.java:askForVotes(178)) - s0@group-A7200166065B-LeaderElection131: begin an election at term 24 for 0: [s0:0.0.0.0:33663, s1:0.0.0.0:41738, s2:0.0.0.0:43966], old=null
2019-09-24 16:30:26,383 DEBUG impl.RaftServerImpl (RaftServerImpl.java:requestVote(743)) - s0@group-A7200166065B: receive requestVote(s1, group-A7200166065B, 24, (t:3, i:0))
2019-09-24 16:30:26,383 DEBUG impl.RaftServerImpl (RaftServerImpl.java:requestVote(743)) - s2@group-A7200166065B: receive requestVote(s1, group-A7200166065B, 24, (t:3, i:0))
2019-09-24 16:30:26,383 DEBUG impl.RaftServerImpl (RaftServerImpl.java:requestVote(775)) - s0@group-A7200166065B replies to vote request: s1<-s0#0:FAIL-t24. Peer's state: s0@group-A7200166065B:t24, leader=null, voted=s0, raftlog=s0@group-A7200166065B-SegmentedRaftLog:OPENED:c0,f0,i0, conf=0: [s0:0.0.0.0:33663, s1:0.0.0.0:41738, s2:0.0.0.0:43966], old=null
2019-09-24 16:30:26,459 INFO  impl.LeaderElection (LeaderElection.java:askForVotes(178)) - s2@group-A7200166065B-LeaderElection153: begin an election at term 24 for 0: [s0:0.0.0.0:33663, s1:0.0.0.0:41738, s2:0.0.0.0:43966], old=null
2019-09-24 16:30:26,459 DEBUG impl.RaftServerImpl (RaftServerImpl.java:requestVote(775)) - s2@group-A7200166065B replies to vote request: s1<-s2#0:FAIL-t24. Peer's state: s2@group-A7200166065B:t24, leader=null, voted=s2, raftlog=s2@group-A7200166065B-SegmentedRaftLog:OPENED:c-1,f0,i0, conf=0: [s0:0.0.0.0:33663, s1:0.0.0.0:41738, s2:0.0.0.0:43966], old=null
2019-09-24 16:30:26,460 INFO  impl.LeaderElection (LeaderElection.java:logAndReturn(56)) - s1@group-A7200166065B-LeaderElection152: Election REJECTED; received 2 response(s) [s1<-s0#0:FAIL-t24, s1<-s2#0:FAIL-t24] and 0 exception(s); s1@group-A7200166065B:t24, leader=null, voted=s1, raftlog=s1@group-A7200166065B-SegmentedRaftLog:OPENED:c-1,f0,i0, conf=0: [s0:0.0.0.0:33663, s1:0.0.0.0:41738, s2:0.0.0.0:43966], old=null
2019-09-24 16:30:26,460 DEBUG impl.RaftServerImpl (RaftServerImpl.java:requestVote(743)) - s0@group-A7200166065B: receive requestVote(s2, group-A7200166065B, 24, (t:3, i:0))
2019-09-24 16:30:26,460 INFO  impl.RaftServerImpl (RaftServerImpl.java:setRole(170)) - s1@group-A7200166065B: changes role from CANDIDATE to FOLLOWER at term 24 for DISCOVERED_A_NEW_TERM
2019-09-24 16:30:26,461 DEBUG impl.RaftServerImpl (RaftServerImpl.java:requestVote(775)) - s0@group-A7200166065B replies to vote request: s2<-s0#0:FAIL-t24. Peer's state: s0@group-A7200166065B:t24, leader=null, voted=s0, raftlog=s0@group-A7200166065B-SegmentedRaftLog:OPENED:c0,f0,i0, conf=0: [s0:0.0.0.0:33663, s1:0.0.0.0:41738, s2:0.0.0.0:43966], old=null
2019-09-24 16:30:26,461 DEBUG impl.RaftServerImpl (RaftServerImpl.java:requestVote(743)) - s1@group-A7200166065B: receive requestVote(s2, group-A7200166065B, 24, (t:3, i:0))
2019-09-24 16:30:26,461 INFO  impl.RoleInfo (RoleInfo.java:shutdownLeaderElection(134)) - s1: shutdown LeaderElection
2019-09-24 16:30:26,462 INFO  impl.RoleInfo (RoleInfo.java:updateAndGet(143)) - s1: start FollowerState
2019-09-24 16:30:26,462 DEBUG impl.RaftServerImpl (RaftServerImpl.java:requestVote(775)) - s1@group-A7200166065B replies to vote request: s2<-s1#0:FAIL-t24. Peer's state: s1@group-A7200166065B:t24, leader=null, voted=s1, raftlog=s1@group-A7200166065B-SegmentedRaftLog:OPENED:c-1,f0,i0, conf=0: [s0:0.0.0.0:33663, s1:0.0.0.0:41738, s2:0.0.0.0:43966], old=null
2019-09-24 16:30:26,463 INFO  impl.LeaderElection (LeaderElection.java:logAndReturn(56)) - s2@group-A7200166065B-LeaderElection153: Election REJECTED; received 2 response(s) [s2<-s0#0:FAIL-t24, s2<-s1#0:FAIL-t24] and 0 exception(s); s2@group-A7200166065B:t24, leader=null, voted=s2, raftlog=s2@group-A7200166065B-SegmentedRaftLog:OPENED:c-1,f0,i0, conf=0: [s0:0.0.0.0:33663, s1:0.0.0.0:41738, s2:0.0.0.0:43966], old=null
2019-09-24 16:30:26,463 INFO  impl.RaftServerImpl (RaftServerImpl.java:setRole(170)) - s2@group-A7200166065B: changes role from CANDIDATE to FOLLOWER at term 24 for DISCOVERED_A_NEW_TERM
2019-09-24 16:30:26,463 INFO  impl.RoleInfo (RoleInfo.java:shutdownLeaderElection(134)) - s2: shutdown LeaderElection
2019-09-24 16:30:26,463 INFO  impl.RoleInfo (RoleInfo.java:updateAndGet(143)) - s2: start FollowerState
2019-09-24 16:30:26,624 INFO  impl.LeaderElection (LeaderElection.java:logAndReturn(56)) - s0@group-A7200166065B-LeaderElection131: Election TIMEOUT; received 0 response(s) [] and 0 exception(s); s0@group-A7200166065B:t24, leader=null, voted=s0, raftlog=s0@group-A7200166065B-SegmentedRaftLog:OPENED:c0,f0,i0, conf=0: [s0:0.0.0.0:33663, s1:0.0.0.0:41738, s2:0.0.0.0:43966], old=null
2019-09-24 16:30:26,664 INFO  impl.LeaderElection (LeaderElection.java:askForVotes(178)) - s0@group-A7200166065B-LeaderElection131: begin an election at term 25 for 0: [s0:0.0.0.0:33663, s1:0.0.0.0:41738, s2:0.0.0.0:43966], old=null
2019-09-24 16:30:26,728 INFO  impl.FollowerState (FollowerState.java:run(108)) - s2@group-A7200166065B-FollowerState: change to CANDIDATE, lastRpcTime:264ms, electionTimeout:264ms
2019-09-24 16:30:26,728 INFO  impl.RoleInfo (RoleInfo.java:shutdownFollowerState(121)) - s2: shutdown FollowerState
2019-09-24 16:30:26,728 INFO  impl.RaftServerImpl (RaftServerImpl.java:setRole(170)) - s2@group-A7200166065B: changes role from  FOLLOWER to CANDIDATE at term 24 for changeToCandidate
2019-09-24 16:30:26,728 INFO  impl.RoleInfo (RoleInfo.java:updateAndGet(143)) - s2: start LeaderElection
2019-09-24 16:30:26,744 WARN  ratis.RaftTestUtil (JavaUtils.java:attempt(158)) - FAILED "waitForLeader-null-(expectLeader? true)", attempt #73/100: java.lang.IllegalStateException: No leader yet : printing ALL groups
  s0:  RUNNING CANDIDATE s0@group-A7200166065B:t25, leader=null, voted=s0, raftlog=s0@group-A7200166065B-SegmentedRaftLog:OPENED:c0,f0,i0, conf=0: [s0:0.0.0.0:33663, s1:0.0.0.0:41738, s2:0.0.0.0:43966], old=null RUNNING
  s1:  RUNNING  FOLLOWER s1@group-A7200166065B:t24, leader=null, voted=s1, raftlog=s1@group-A7200166065B-SegmentedRaftLog:OPENED:c-1,f0,i0, conf=0: [s0:0.0.0.0:33663, s1:0.0.0.0:41738, s2:0.0.0.0:43966], old=null RUNNING
  s2:  RUNNING CANDIDATE s2@group-A7200166065B:t25, leader=null, voted=s2, raftlog=s2@group-A7200166065B-SegmentedRaftLog:OPENED:c-1,f0,i0, conf=0: [s0:0.0.0.0:33663, s1:0.0.0.0:41738, s2:0.0.0.0:43966], old=null RUNNING, sleep 450ms and then retry.
java.lang.IllegalStateException: No leader yet : printing ALL groups
  s0:  RUNNING CANDIDATE s0@group-A7200166065B:t25, leader=null, voted=s0, raftlog=s0@group-A7200166065B-SegmentedRaftLog:OPENED:c0,f0,i0, conf=0: [s0:0.0.0.0:33663, s1:0.0.0.0:41738, s2:0.0.0.0:43966], old=null RUNNING
  s1:  RUNNING  FOLLOWER s1@group-A7200166065B:t24, leader=null, voted=s1, raftlog=s1@group-A7200166065B-SegmentedRaftLog:OPENED:c-1,f0,i0, conf=0: [s0:0.0.0.0:33663, s1:0.0.0.0:41738, s2:0.0.0.0:43966], old=null RUNNING
  s2:  RUNNING CANDIDATE s2@group-A7200166065B:t25, leader=null, voted=s2, raftlog=s2@group-A7200166065B-SegmentedRaftLog:OPENED:c-1,f0,i0, conf=0: [s0:0.0.0.0:33663, s1:0.0.0.0:41738, s2:0.0.0.0:43966], old=null RUNNING
	at org.apache.ratis.MiniRaftCluster.newIllegalStateExceptionForNoLeaders(MiniRaftCluster.java:506)
	at org.apache.ratis.RaftTestUtil.lambda$waitForLeader$1(RaftTestUtil.java:90)
	at org.apache.ratis.MiniRaftCluster.getLeader(MiniRaftCluster.java:539)
	at org.apache.ratis.MiniRaftCluster.getLeader(MiniRaftCluster.java:532)
	at org.apache.ratis.RaftTestUtil.lambda$waitForLeader$3(RaftTestUtil.java:98)
	at org.apache.ratis.util.JavaUtils.attempt(JavaUtils.java:152)
	at org.apache.ratis.RaftTestUtil.waitForLeader(RaftTestUtil.java:97)
	at org.apache.ratis.RaftTestUtil.waitForLeader(RaftTestUtil.java:77)
	at org.apache.ratis.RaftTestUtil.waitForLeader(RaftTestUtil.java:72)
	at org.apache.ratis.RaftTestUtil.lambda$changeLeader$7(RaftTestUtil.java:363)
	at org.apache.ratis.util.JavaUtils.attempt(JavaUtils.java:152)
	at org.apache.ratis.RaftTestUtil.changeLeader(RaftTestUtil.java:362)
	at org.apache.ratis.server.impl.LeaderElectionTests.testChangeLeader(LeaderElectionTests.java:81)
	at sun.reflect.NativeMethodAccessorImpl.invoke0(Native Method)
	at sun.reflect.NativeMethodAccessorImpl.invoke(NativeMethodAccessorImpl.java:62)
	at sun.reflect.DelegatingMethodAccessorImpl.invoke(DelegatingMethodAccessorImpl.java:43)
	at java.lang.reflect.Method.invoke(Method.java:498)
	at org.junit.runners.model.FrameworkMethod$1.runReflectiveCall(FrameworkMethod.java:50)
	at org.junit.internal.runners.model.ReflectiveCallable.run(ReflectiveCallable.java:12)
	at org.junit.runners.model.FrameworkMethod.invokeExplosively(FrameworkMethod.java:47)
	at org.junit.internal.runners.statements.InvokeMethod.evaluate(InvokeMethod.java:17)
	at org.junit.internal.runners.statements.RunAfters.evaluate(RunAfters.java:27)
	at org.junit.internal.runners.statements.FailOnTimeout$CallableStatement.call(FailOnTimeout.java:298)
	at org.junit.internal.runners.statements.FailOnTimeout$CallableStatement.call(FailOnTimeout.java:292)
	at java.util.concurrent.FutureTask.run(FutureTask.java:266)
	at java.lang.Thread.run(Thread.java:748)
2019-09-24 16:30:26,750 INFO  impl.FollowerState (FollowerState.java:run(108)) - s1@group-A7200166065B-FollowerState: change to CANDIDATE, lastRpcTime:288ms, electionTimeout:288ms
2019-09-24 16:30:26,750 INFO  impl.RoleInfo (RoleInfo.java:shutdownFollowerState(121)) - s1: shutdown FollowerState
2019-09-24 16:30:26,751 INFO  impl.RaftServerImpl (RaftServerImpl.java:setRole(170)) - s1@group-A7200166065B: changes role from  FOLLOWER to CANDIDATE at term 24 for changeToCandidate
2019-09-24 16:30:26,751 INFO  impl.RoleInfo (RoleInfo.java:updateAndGet(143)) - s1: start LeaderElection
2019-09-24 16:30:26,838 INFO  impl.LeaderElection (LeaderElection.java:logAndReturn(56)) - s0@group-A7200166065B-LeaderElection131: Election TIMEOUT; received 0 response(s) [] and 0 exception(s); s0@group-A7200166065B:t25, leader=null, voted=s0, raftlog=s0@group-A7200166065B-SegmentedRaftLog:OPENED:c0,f0,i0, conf=0: [s0:0.0.0.0:33663, s1:0.0.0.0:41738, s2:0.0.0.0:43966], old=null
2019-09-24 16:30:27,195 WARN  ratis.RaftTestUtil (JavaUtils.java:attempt(158)) - FAILED "waitForLeader-null-(expectLeader? true)", attempt #74/100: java.lang.IllegalStateException: No leader yet : printing ALL groups
  s0:  RUNNING CANDIDATE s0@group-A7200166065B:t26, leader=null, voted=s0, raftlog=s0@group-A7200166065B-SegmentedRaftLog:OPENED:c0,f0,i0, conf=0: [s0:0.0.0.0:33663, s1:0.0.0.0:41738, s2:0.0.0.0:43966], old=null RUNNING
  s1:  RUNNING CANDIDATE s1@group-A7200166065B:t25, leader=null, voted=s1, raftlog=s1@group-A7200166065B-SegmentedRaftLog:OPENED:c-1,f0,i0, conf=0: [s0:0.0.0.0:33663, s1:0.0.0.0:41738, s2:0.0.0.0:43966], old=null RUNNING
  s2:  RUNNING CANDIDATE s2@group-A7200166065B:t25, leader=null, voted=s2, raftlog=s2@group-A7200166065B-SegmentedRaftLog:OPENED:c-1,f0,i0, conf=0: [s0:0.0.0.0:33663, s1:0.0.0.0:41738, s2:0.0.0.0:43966], old=null RUNNING, sleep 450ms and then retry.
java.lang.IllegalStateException: No leader yet : printing ALL groups
  s0:  RUNNING CANDIDATE s0@group-A7200166065B:t26, leader=null, voted=s0, raftlog=s0@group-A7200166065B-SegmentedRaftLog:OPENED:c0,f0,i0, conf=0: [s0:0.0.0.0:33663, s1:0.0.0.0:41738, s2:0.0.0.0:43966], old=null RUNNING
  s1:  RUNNING CANDIDATE s1@group-A7200166065B:t25, leader=null, voted=s1, raftlog=s1@group-A7200166065B-SegmentedRaftLog:OPENED:c-1,f0,i0, conf=0: [s0:0.0.0.0:33663, s1:0.0.0.0:41738, s2:0.0.0.0:43966], old=null RUNNING
  s2:  RUNNING CANDIDATE s2@group-A7200166065B:t25, leader=null, voted=s2, raftlog=s2@group-A7200166065B-SegmentedRaftLog:OPENED:c-1,f0,i0, conf=0: [s0:0.0.0.0:33663, s1:0.0.0.0:41738, s2:0.0.0.0:43966], old=null RUNNING
	at org.apache.ratis.MiniRaftCluster.newIllegalStateExceptionForNoLeaders(MiniRaftCluster.java:506)
	at org.apache.ratis.RaftTestUtil.lambda$waitForLeader$1(RaftTestUtil.java:90)
	at org.apache.ratis.MiniRaftCluster.getLeader(MiniRaftCluster.java:539)
	at org.apache.ratis.MiniRaftCluster.getLeader(MiniRaftCluster.java:532)
	at org.apache.ratis.RaftTestUtil.lambda$waitForLeader$3(RaftTestUtil.java:98)
	at org.apache.ratis.util.JavaUtils.attempt(JavaUtils.java:152)
	at org.apache.ratis.RaftTestUtil.waitForLeader(RaftTestUtil.java:97)
	at org.apache.ratis.RaftTestUtil.waitForLeader(RaftTestUtil.java:77)
	at org.apache.ratis.RaftTestUtil.waitForLeader(RaftTestUtil.java:72)
	at org.apache.ratis.RaftTestUtil.lambda$changeLeader$7(RaftTestUtil.java:363)
	at org.apache.ratis.util.JavaUtils.attempt(JavaUtils.java:152)
	at org.apache.ratis.RaftTestUtil.changeLeader(RaftTestUtil.java:362)
	at org.apache.ratis.server.impl.LeaderElectionTests.testChangeLeader(LeaderElectionTests.java:81)
	at sun.reflect.NativeMethodAccessorImpl.invoke0(Native Method)
	at sun.reflect.NativeMethodAccessorImpl.invoke(NativeMethodAccessorImpl.java:62)
	at sun.reflect.DelegatingMethodAccessorImpl.invoke(DelegatingMethodAccessorImpl.java:43)
	at java.lang.reflect.Method.invoke(Method.java:498)
	at org.junit.runners.model.FrameworkMethod$1.runReflectiveCall(FrameworkMethod.java:50)
	at org.junit.internal.runners.model.ReflectiveCallable.run(ReflectiveCallable.java:12)
	at org.junit.runners.model.FrameworkMethod.invokeExplosively(FrameworkMethod.java:47)
	at org.junit.internal.runners.statements.InvokeMethod.evaluate(InvokeMethod.java:17)
	at org.junit.internal.runners.statements.RunAfters.evaluate(RunAfters.java:27)
	at org.junit.internal.runners.statements.FailOnTimeout$CallableStatement.call(FailOnTimeout.java:298)
	at org.junit.internal.runners.statements.FailOnTimeout$CallableStatement.call(FailOnTimeout.java:292)
	at java.util.concurrent.FutureTask.run(FutureTask.java:266)
	at java.lang.Thread.run(Thread.java:748)
2019-09-24 16:30:27,646 WARN  ratis.RaftTestUtil (JavaUtils.java:attempt(158)) - FAILED "waitForLeader-null-(expectLeader? true)", attempt #75/100: java.lang.IllegalStateException: No leader yet : printing ALL groups
  s0:  RUNNING CANDIDATE s0@group-A7200166065B:t26, leader=null, voted=s0, raftlog=s0@group-A7200166065B-SegmentedRaftLog:OPENED:c0,f0,i0, conf=0: [s0:0.0.0.0:33663, s1:0.0.0.0:41738, s2:0.0.0.0:43966], old=null RUNNING
  s1:  RUNNING CANDIDATE s1@group-A7200166065B:t25, leader=null, voted=s1, raftlog=s1@group-A7200166065B-SegmentedRaftLog:OPENED:c-1,f0,i0, conf=0: [s0:0.0.0.0:33663, s1:0.0.0.0:41738, s2:0.0.0.0:43966], old=null RUNNING
  s2:  RUNNING CANDIDATE s2@group-A7200166065B:t25, leader=null, voted=s2, raftlog=s2@group-A7200166065B-SegmentedRaftLog:OPENED:c-1,f0,i0, conf=0: [s0:0.0.0.0:33663, s1:0.0.0.0:41738, s2:0.0.0.0:43966], old=null RUNNING, sleep 450ms and then retry.
java.lang.IllegalStateException: No leader yet : printing ALL groups
  s0:  RUNNING CANDIDATE s0@group-A7200166065B:t26, leader=null, voted=s0, raftlog=s0@group-A7200166065B-SegmentedRaftLog:OPENED:c0,f0,i0, conf=0: [s0:0.0.0.0:33663, s1:0.0.0.0:41738, s2:0.0.0.0:43966], old=null RUNNING
  s1:  RUNNING CANDIDATE s1@group-A7200166065B:t25, leader=null, voted=s1, raftlog=s1@group-A7200166065B-SegmentedRaftLog:OPENED:c-1,f0,i0, conf=0: [s0:0.0.0.0:33663, s1:0.0.0.0:41738, s2:0.0.0.0:43966], old=null RUNNING
  s2:  RUNNING CANDIDATE s2@group-A7200166065B:t25, leader=null, voted=s2, raftlog=s2@group-A7200166065B-SegmentedRaftLog:OPENED:c-1,f0,i0, conf=0: [s0:0.0.0.0:33663, s1:0.0.0.0:41738, s2:0.0.0.0:43966], old=null RUNNING
	at org.apache.ratis.MiniRaftCluster.newIllegalStateExceptionForNoLeaders(MiniRaftCluster.java:506)
	at org.apache.ratis.RaftTestUtil.lambda$waitForLeader$1(RaftTestUtil.java:90)
	at org.apache.ratis.MiniRaftCluster.getLeader(MiniRaftCluster.java:539)
	at org.apache.ratis.MiniRaftCluster.getLeader(MiniRaftCluster.java:532)
	at org.apache.ratis.RaftTestUtil.lambda$waitForLeader$3(RaftTestUtil.java:98)
	at org.apache.ratis.util.JavaUtils.attempt(JavaUtils.java:152)
	at org.apache.ratis.RaftTestUtil.waitForLeader(RaftTestUtil.java:97)
	at org.apache.ratis.RaftTestUtil.waitForLeader(RaftTestUtil.java:77)
	at org.apache.ratis.RaftTestUtil.waitForLeader(RaftTestUtil.java:72)
	at org.apache.ratis.RaftTestUtil.lambda$changeLeader$7(RaftTestUtil.java:363)
	at org.apache.ratis.util.JavaUtils.attempt(JavaUtils.java:152)
	at org.apache.ratis.RaftTestUtil.changeLeader(RaftTestUtil.java:362)
	at org.apache.ratis.server.impl.LeaderElectionTests.testChangeLeader(LeaderElectionTests.java:81)
	at sun.reflect.NativeMethodAccessorImpl.invoke0(Native Method)
	at sun.reflect.NativeMethodAccessorImpl.invoke(NativeMethodAccessorImpl.java:62)
	at sun.reflect.DelegatingMethodAccessorImpl.invoke(DelegatingMethodAccessorImpl.java:43)
	at java.lang.reflect.Method.invoke(Method.java:498)
	at org.junit.runners.model.FrameworkMethod$1.runReflectiveCall(FrameworkMethod.java:50)
	at org.junit.internal.runners.model.ReflectiveCallable.run(ReflectiveCallable.java:12)
	at org.junit.runners.model.FrameworkMethod.invokeExplosively(FrameworkMethod.java:47)
	at org.junit.internal.runners.statements.InvokeMethod.evaluate(InvokeMethod.java:17)
	at org.junit.internal.runners.statements.RunAfters.evaluate(RunAfters.java:27)
	at org.junit.internal.runners.statements.FailOnTimeout$CallableStatement.call(FailOnTimeout.java:298)
	at org.junit.internal.runners.statements.FailOnTimeout$CallableStatement.call(FailOnTimeout.java:292)
	at java.util.concurrent.FutureTask.run(FutureTask.java:266)
	at java.lang.Thread.run(Thread.java:748)
2019-09-24 16:30:28,097 WARN  ratis.RaftTestUtil (JavaUtils.java:attempt(158)) - FAILED "waitForLeader-null-(expectLeader? true)", attempt #76/100: java.lang.IllegalStateException: No leader yet : printing ALL groups
  s0:  RUNNING CANDIDATE s0@group-A7200166065B:t26, leader=null, voted=s0, raftlog=s0@group-A7200166065B-SegmentedRaftLog:OPENED:c0,f0,i0, conf=0: [s0:0.0.0.0:33663, s1:0.0.0.0:41738, s2:0.0.0.0:43966], old=null RUNNING
  s1:  RUNNING CANDIDATE s1@group-A7200166065B:t25, leader=null, voted=s1, raftlog=s1@group-A7200166065B-SegmentedRaftLog:OPENED:c-1,f0,i0, conf=0: [s0:0.0.0.0:33663, s1:0.0.0.0:41738, s2:0.0.0.0:43966], old=null RUNNING
  s2:  RUNNING CANDIDATE s2@group-A7200166065B:t25, leader=null, voted=s2, raftlog=s2@group-A7200166065B-SegmentedRaftLog:OPENED:c-1,f0,i0, conf=0: [s0:0.0.0.0:33663, s1:0.0.0.0:41738, s2:0.0.0.0:43966], old=null RUNNING, sleep 450ms and then retry.
java.lang.IllegalStateException: No leader yet : printing ALL groups
  s0:  RUNNING CANDIDATE s0@group-A7200166065B:t26, leader=null, voted=s0, raftlog=s0@group-A7200166065B-SegmentedRaftLog:OPENED:c0,f0,i0, conf=0: [s0:0.0.0.0:33663, s1:0.0.0.0:41738, s2:0.0.0.0:43966], old=null RUNNING
  s1:  RUNNING CANDIDATE s1@group-A7200166065B:t25, leader=null, voted=s1, raftlog=s1@group-A7200166065B-SegmentedRaftLog:OPENED:c-1,f0,i0, conf=0: [s0:0.0.0.0:33663, s1:0.0.0.0:41738, s2:0.0.0.0:43966], old=null RUNNING
  s2:  RUNNING CANDIDATE s2@group-A7200166065B:t25, leader=null, voted=s2, raftlog=s2@group-A7200166065B-SegmentedRaftLog:OPENED:c-1,f0,i0, conf=0: [s0:0.0.0.0:33663, s1:0.0.0.0:41738, s2:0.0.0.0:43966], old=null RUNNING
	at org.apache.ratis.MiniRaftCluster.newIllegalStateExceptionForNoLeaders(MiniRaftCluster.java:506)
	at org.apache.ratis.RaftTestUtil.lambda$waitForLeader$1(RaftTestUtil.java:90)
	at org.apache.ratis.MiniRaftCluster.getLeader(MiniRaftCluster.java:539)
	at org.apache.ratis.MiniRaftCluster.getLeader(MiniRaftCluster.java:532)
	at org.apache.ratis.RaftTestUtil.lambda$waitForLeader$3(RaftTestUtil.java:98)
	at org.apache.ratis.util.JavaUtils.attempt(JavaUtils.java:152)
	at org.apache.ratis.RaftTestUtil.waitForLeader(RaftTestUtil.java:97)
	at org.apache.ratis.RaftTestUtil.waitForLeader(RaftTestUtil.java:77)
	at org.apache.ratis.RaftTestUtil.waitForLeader(RaftTestUtil.java:72)
	at org.apache.ratis.RaftTestUtil.lambda$changeLeader$7(RaftTestUtil.java:363)
	at org.apache.ratis.util.JavaUtils.attempt(JavaUtils.java:152)
	at org.apache.ratis.RaftTestUtil.changeLeader(RaftTestUtil.java:362)
	at org.apache.ratis.server.impl.LeaderElectionTests.testChangeLeader(LeaderElectionTests.java:81)
	at sun.reflect.NativeMethodAccessorImpl.invoke0(Native Method)
	at sun.reflect.NativeMethodAccessorImpl.invoke(NativeMethodAccessorImpl.java:62)
	at sun.reflect.DelegatingMethodAccessorImpl.invoke(DelegatingMethodAccessorImpl.java:43)
	at java.lang.reflect.Method.invoke(Method.java:498)
	at org.junit.runners.model.FrameworkMethod$1.runReflectiveCall(FrameworkMethod.java:50)
	at org.junit.internal.runners.model.ReflectiveCallable.run(ReflectiveCallable.java:12)
	at org.junit.runners.model.FrameworkMethod.invokeExplosively(FrameworkMethod.java:47)
	at org.junit.internal.runners.statements.InvokeMethod.evaluate(InvokeMethod.java:17)
	at org.junit.internal.runners.statements.RunAfters.evaluate(RunAfters.java:27)
	at org.junit.internal.runners.statements.FailOnTimeout$CallableStatement.call(FailOnTimeout.java:298)
	at org.junit.internal.runners.statements.FailOnTimeout$CallableStatement.call(FailOnTimeout.java:292)
	at java.util.concurrent.FutureTask.run(FutureTask.java:266)
	at java.lang.Thread.run(Thread.java:748)
2019-09-24 16:30:28,548 WARN  ratis.RaftTestUtil (JavaUtils.java:attempt(158)) - FAILED "waitForLeader-null-(expectLeader? true)", attempt #77/100: java.lang.IllegalStateException: No leader yet : printing ALL groups
  s0:  RUNNING CANDIDATE s0@group-A7200166065B:t26, leader=null, voted=s0, raftlog=s0@group-A7200166065B-SegmentedRaftLog:OPENED:c0,f0,i0, conf=0: [s0:0.0.0.0:33663, s1:0.0.0.0:41738, s2:0.0.0.0:43966], old=null RUNNING
  s1:  RUNNING CANDIDATE s1@group-A7200166065B:t25, leader=null, voted=s1, raftlog=s1@group-A7200166065B-SegmentedRaftLog:OPENED:c-1,f0,i0, conf=0: [s0:0.0.0.0:33663, s1:0.0.0.0:41738, s2:0.0.0.0:43966], old=null RUNNING
  s2:  RUNNING CANDIDATE s2@group-A7200166065B:t25, leader=null, voted=s2, raftlog=s2@group-A7200166065B-SegmentedRaftLog:OPENED:c-1,f0,i0, conf=0: [s0:0.0.0.0:33663, s1:0.0.0.0:41738, s2:0.0.0.0:43966], old=null RUNNING, sleep 450ms and then retry.
java.lang.IllegalStateException: No leader yet : printing ALL groups
  s0:  RUNNING CANDIDATE s0@group-A7200166065B:t26, leader=null, voted=s0, raftlog=s0@group-A7200166065B-SegmentedRaftLog:OPENED:c0,f0,i0, conf=0: [s0:0.0.0.0:33663, s1:0.0.0.0:41738, s2:0.0.0.0:43966], old=null RUNNING
  s1:  RUNNING CANDIDATE s1@group-A7200166065B:t25, leader=null, voted=s1, raftlog=s1@group-A7200166065B-SegmentedRaftLog:OPENED:c-1,f0,i0, conf=0: [s0:0.0.0.0:33663, s1:0.0.0.0:41738, s2:0.0.0.0:43966], old=null RUNNING
  s2:  RUNNING CANDIDATE s2@group-A7200166065B:t25, leader=null, voted=s2, raftlog=s2@group-A7200166065B-SegmentedRaftLog:OPENED:c-1,f0,i0, conf=0: [s0:0.0.0.0:33663, s1:0.0.0.0:41738, s2:0.0.0.0:43966], old=null RUNNING
	at org.apache.ratis.MiniRaftCluster.newIllegalStateExceptionForNoLeaders(MiniRaftCluster.java:506)
	at org.apache.ratis.RaftTestUtil.lambda$waitForLeader$1(RaftTestUtil.java:90)
	at org.apache.ratis.MiniRaftCluster.getLeader(MiniRaftCluster.java:539)
	at org.apache.ratis.MiniRaftCluster.getLeader(MiniRaftCluster.java:532)
	at org.apache.ratis.RaftTestUtil.lambda$waitForLeader$3(RaftTestUtil.java:98)
	at org.apache.ratis.util.JavaUtils.attempt(JavaUtils.java:152)
	at org.apache.ratis.RaftTestUtil.waitForLeader(RaftTestUtil.java:97)
	at org.apache.ratis.RaftTestUtil.waitForLeader(RaftTestUtil.java:77)
	at org.apache.ratis.RaftTestUtil.waitForLeader(RaftTestUtil.java:72)
	at org.apache.ratis.RaftTestUtil.lambda$changeLeader$7(RaftTestUtil.java:363)
	at org.apache.ratis.util.JavaUtils.attempt(JavaUtils.java:152)
	at org.apache.ratis.RaftTestUtil.changeLeader(RaftTestUtil.java:362)
	at org.apache.ratis.server.impl.LeaderElectionTests.testChangeLeader(LeaderElectionTests.java:81)
	at sun.reflect.NativeMethodAccessorImpl.invoke0(Native Method)
	at sun.reflect.NativeMethodAccessorImpl.invoke(NativeMethodAccessorImpl.java:62)
	at sun.reflect.DelegatingMethodAccessorImpl.invoke(DelegatingMethodAccessorImpl.java:43)
	at java.lang.reflect.Method.invoke(Method.java:498)
	at org.junit.runners.model.FrameworkMethod$1.runReflectiveCall(FrameworkMethod.java:50)
	at org.junit.internal.runners.model.ReflectiveCallable.run(ReflectiveCallable.java:12)
	at org.junit.runners.model.FrameworkMethod.invokeExplosively(FrameworkMethod.java:47)
	at org.junit.internal.runners.statements.InvokeMethod.evaluate(InvokeMethod.java:17)
	at org.junit.internal.runners.statements.RunAfters.evaluate(RunAfters.java:27)
	at org.junit.internal.runners.statements.FailOnTimeout$CallableStatement.call(FailOnTimeout.java:298)
	at org.junit.internal.runners.statements.FailOnTimeout$CallableStatement.call(FailOnTimeout.java:292)
	at java.util.concurrent.FutureTask.run(FutureTask.java:266)
	at java.lang.Thread.run(Thread.java:748)
2019-09-24 16:30:29,000 WARN  ratis.RaftTestUtil (JavaUtils.java:attempt(158)) - FAILED "waitForLeader-null-(expectLeader? true)", attempt #78/100: java.lang.IllegalStateException: No leader yet : printing ALL groups
  s0:  RUNNING CANDIDATE s0@group-A7200166065B:t26, leader=null, voted=s0, raftlog=s0@group-A7200166065B-SegmentedRaftLog:OPENED:c0,f0,i0, conf=0: [s0:0.0.0.0:33663, s1:0.0.0.0:41738, s2:0.0.0.0:43966], old=null RUNNING
  s1:  RUNNING CANDIDATE s1@group-A7200166065B:t25, leader=null, voted=s1, raftlog=s1@group-A7200166065B-SegmentedRaftLog:OPENED:c-1,f0,i0, conf=0: [s0:0.0.0.0:33663, s1:0.0.0.0:41738, s2:0.0.0.0:43966], old=null RUNNING
  s2:  RUNNING CANDIDATE s2@group-A7200166065B:t25, leader=null, voted=s2, raftlog=s2@group-A7200166065B-SegmentedRaftLog:OPENED:c-1,f0,i0, conf=0: [s0:0.0.0.0:33663, s1:0.0.0.0:41738, s2:0.0.0.0:43966], old=null RUNNING, sleep 450ms and then retry.
java.lang.IllegalStateException: No leader yet : printing ALL groups
  s0:  RUNNING CANDIDATE s0@group-A7200166065B:t26, leader=null, voted=s0, raftlog=s0@group-A7200166065B-SegmentedRaftLog:OPENED:c0,f0,i0, conf=0: [s0:0.0.0.0:33663, s1:0.0.0.0:41738, s2:0.0.0.0:43966], old=null RUNNING
  s1:  RUNNING CANDIDATE s1@group-A7200166065B:t25, leader=null, voted=s1, raftlog=s1@group-A7200166065B-SegmentedRaftLog:OPENED:c-1,f0,i0, conf=0: [s0:0.0.0.0:33663, s1:0.0.0.0:41738, s2:0.0.0.0:43966], old=null RUNNING
  s2:  RUNNING CANDIDATE s2@group-A7200166065B:t25, leader=null, voted=s2, raftlog=s2@group-A7200166065B-SegmentedRaftLog:OPENED:c-1,f0,i0, conf=0: [s0:0.0.0.0:33663, s1:0.0.0.0:41738, s2:0.0.0.0:43966], old=null RUNNING
	at org.apache.ratis.MiniRaftCluster.newIllegalStateExceptionForNoLeaders(MiniRaftCluster.java:506)
	at org.apache.ratis.RaftTestUtil.lambda$waitForLeader$1(RaftTestUtil.java:90)
	at org.apache.ratis.MiniRaftCluster.getLeader(MiniRaftCluster.java:539)
	at org.apache.ratis.MiniRaftCluster.getLeader(MiniRaftCluster.java:532)
	at org.apache.ratis.RaftTestUtil.lambda$waitForLeader$3(RaftTestUtil.java:98)
	at org.apache.ratis.util.JavaUtils.attempt(JavaUtils.java:152)
	at org.apache.ratis.RaftTestUtil.waitForLeader(RaftTestUtil.java:97)
	at org.apache.ratis.RaftTestUtil.waitForLeader(RaftTestUtil.java:77)
	at org.apache.ratis.RaftTestUtil.waitForLeader(RaftTestUtil.java:72)
	at org.apache.ratis.RaftTestUtil.lambda$changeLeader$7(RaftTestUtil.java:363)
	at org.apache.ratis.util.JavaUtils.attempt(JavaUtils.java:152)
	at org.apache.ratis.RaftTestUtil.changeLeader(RaftTestUtil.java:362)
	at org.apache.ratis.server.impl.LeaderElectionTests.testChangeLeader(LeaderElectionTests.java:81)
	at sun.reflect.NativeMethodAccessorImpl.invoke0(Native Method)
	at sun.reflect.NativeMethodAccessorImpl.invoke(NativeMethodAccessorImpl.java:62)
	at sun.reflect.DelegatingMethodAccessorImpl.invoke(DelegatingMethodAccessorImpl.java:43)
	at java.lang.reflect.Method.invoke(Method.java:498)
	at org.junit.runners.model.FrameworkMethod$1.runReflectiveCall(FrameworkMethod.java:50)
	at org.junit.internal.runners.model.ReflectiveCallable.run(ReflectiveCallable.java:12)
	at org.junit.runners.model.FrameworkMethod.invokeExplosively(FrameworkMethod.java:47)
	at org.junit.internal.runners.statements.InvokeMethod.evaluate(InvokeMethod.java:17)
	at org.junit.internal.runners.statements.RunAfters.evaluate(RunAfters.java:27)
	at org.junit.internal.runners.statements.FailOnTimeout$CallableStatement.call(FailOnTimeout.java:298)
	at org.junit.internal.runners.statements.FailOnTimeout$CallableStatement.call(FailOnTimeout.java:292)
	at java.util.concurrent.FutureTask.run(FutureTask.java:266)
	at java.lang.Thread.run(Thread.java:748)
2019-09-24 16:30:29,451 WARN  ratis.RaftTestUtil (JavaUtils.java:attempt(158)) - FAILED "waitForLeader-null-(expectLeader? true)", attempt #79/100: java.lang.IllegalStateException: No leader yet : printing ALL groups
  s0:  RUNNING CANDIDATE s0@group-A7200166065B:t26, leader=null, voted=s0, raftlog=s0@group-A7200166065B-SegmentedRaftLog:OPENED:c0,f0,i0, conf=0: [s0:0.0.0.0:33663, s1:0.0.0.0:41738, s2:0.0.0.0:43966], old=null RUNNING
  s1:  RUNNING CANDIDATE s1@group-A7200166065B:t25, leader=null, voted=s1, raftlog=s1@group-A7200166065B-SegmentedRaftLog:OPENED:c-1,f0,i0, conf=0: [s0:0.0.0.0:33663, s1:0.0.0.0:41738, s2:0.0.0.0:43966], old=null RUNNING
  s2:  RUNNING CANDIDATE s2@group-A7200166065B:t25, leader=null, voted=s2, raftlog=s2@group-A7200166065B-SegmentedRaftLog:OPENED:c-1,f0,i0, conf=0: [s0:0.0.0.0:33663, s1:0.0.0.0:41738, s2:0.0.0.0:43966], old=null RUNNING, sleep 450ms and then retry.
java.lang.IllegalStateException: No leader yet : printing ALL groups
  s0:  RUNNING CANDIDATE s0@group-A7200166065B:t26, leader=null, voted=s0, raftlog=s0@group-A7200166065B-SegmentedRaftLog:OPENED:c0,f0,i0, conf=0: [s0:0.0.0.0:33663, s1:0.0.0.0:41738, s2:0.0.0.0:43966], old=null RUNNING
  s1:  RUNNING CANDIDATE s1@group-A7200166065B:t25, leader=null, voted=s1, raftlog=s1@group-A7200166065B-SegmentedRaftLog:OPENED:c-1,f0,i0, conf=0: [s0:0.0.0.0:33663, s1:0.0.0.0:41738, s2:0.0.0.0:43966], old=null RUNNING
  s2:  RUNNING CANDIDATE s2@group-A7200166065B:t25, leader=null, voted=s2, raftlog=s2@group-A7200166065B-SegmentedRaftLog:OPENED:c-1,f0,i0, conf=0: [s0:0.0.0.0:33663, s1:0.0.0.0:41738, s2:0.0.0.0:43966], old=null RUNNING
	at org.apache.ratis.MiniRaftCluster.newIllegalStateExceptionForNoLeaders(MiniRaftCluster.java:506)
	at org.apache.ratis.RaftTestUtil.lambda$waitForLeader$1(RaftTestUtil.java:90)
	at org.apache.ratis.MiniRaftCluster.getLeader(MiniRaftCluster.java:539)
	at org.apache.ratis.MiniRaftCluster.getLeader(MiniRaftCluster.java:532)
	at org.apache.ratis.RaftTestUtil.lambda$waitForLeader$3(RaftTestUtil.java:98)
	at org.apache.ratis.util.JavaUtils.attempt(JavaUtils.java:152)
	at org.apache.ratis.RaftTestUtil.waitForLeader(RaftTestUtil.java:97)
	at org.apache.ratis.RaftTestUtil.waitForLeader(RaftTestUtil.java:77)
	at org.apache.ratis.RaftTestUtil.waitForLeader(RaftTestUtil.java:72)
	at org.apache.ratis.RaftTestUtil.lambda$changeLeader$7(RaftTestUtil.java:363)
	at org.apache.ratis.util.JavaUtils.attempt(JavaUtils.java:152)
	at org.apache.ratis.RaftTestUtil.changeLeader(RaftTestUtil.java:362)
	at org.apache.ratis.server.impl.LeaderElectionTests.testChangeLeader(LeaderElectionTests.java:81)
	at sun.reflect.NativeMethodAccessorImpl.invoke0(Native Method)
	at sun.reflect.NativeMethodAccessorImpl.invoke(NativeMethodAccessorImpl.java:62)
	at sun.reflect.DelegatingMethodAccessorImpl.invoke(DelegatingMethodAccessorImpl.java:43)
	at java.lang.reflect.Method.invoke(Method.java:498)
	at org.junit.runners.model.FrameworkMethod$1.runReflectiveCall(FrameworkMethod.java:50)
	at org.junit.internal.runners.model.ReflectiveCallable.run(ReflectiveCallable.java:12)
	at org.junit.runners.model.FrameworkMethod.invokeExplosively(FrameworkMethod.java:47)
	at org.junit.internal.runners.statements.InvokeMethod.evaluate(InvokeMethod.java:17)
	at org.junit.internal.runners.statements.RunAfters.evaluate(RunAfters.java:27)
	at org.junit.internal.runners.statements.FailOnTimeout$CallableStatement.call(FailOnTimeout.java:298)
	at org.junit.internal.runners.statements.FailOnTimeout$CallableStatement.call(FailOnTimeout.java:292)
	at java.util.concurrent.FutureTask.run(FutureTask.java:266)
	at java.lang.Thread.run(Thread.java:748)
2019-09-24 16:30:29,902 WARN  ratis.RaftTestUtil (JavaUtils.java:attempt(158)) - FAILED "waitForLeader-null-(expectLeader? true)", attempt #80/100: java.lang.IllegalStateException: No leader yet : printing ALL groups
  s0:  RUNNING CANDIDATE s0@group-A7200166065B:t26, leader=null, voted=s0, raftlog=s0@group-A7200166065B-SegmentedRaftLog:OPENED:c0,f0,i0, conf=0: [s0:0.0.0.0:33663, s1:0.0.0.0:41738, s2:0.0.0.0:43966], old=null RUNNING
  s1:  RUNNING CANDIDATE s1@group-A7200166065B:t25, leader=null, voted=s1, raftlog=s1@group-A7200166065B-SegmentedRaftLog:OPENED:c-1,f0,i0, conf=0: [s0:0.0.0.0:33663, s1:0.0.0.0:41738, s2:0.0.0.0:43966], old=null RUNNING
  s2:  RUNNING CANDIDATE s2@group-A7200166065B:t25, leader=null, voted=s2, raftlog=s2@group-A7200166065B-SegmentedRaftLog:OPENED:c-1,f0,i0, conf=0: [s0:0.0.0.0:33663, s1:0.0.0.0:41738, s2:0.0.0.0:43966], old=null RUNNING, sleep 450ms and then retry.
java.lang.IllegalStateException: No leader yet : printing ALL groups
  s0:  RUNNING CANDIDATE s0@group-A7200166065B:t26, leader=null, voted=s0, raftlog=s0@group-A7200166065B-SegmentedRaftLog:OPENED:c0,f0,i0, conf=0: [s0:0.0.0.0:33663, s1:0.0.0.0:41738, s2:0.0.0.0:43966], old=null RUNNING
  s1:  RUNNING CANDIDATE s1@group-A7200166065B:t25, leader=null, voted=s1, raftlog=s1@group-A7200166065B-SegmentedRaftLog:OPENED:c-1,f0,i0, conf=0: [s0:0.0.0.0:33663, s1:0.0.0.0:41738, s2:0.0.0.0:43966], old=null RUNNING
  s2:  RUNNING CANDIDATE s2@group-A7200166065B:t25, leader=null, voted=s2, raftlog=s2@group-A7200166065B-SegmentedRaftLog:OPENED:c-1,f0,i0, conf=0: [s0:0.0.0.0:33663, s1:0.0.0.0:41738, s2:0.0.0.0:43966], old=null RUNNING
	at org.apache.ratis.MiniRaftCluster.newIllegalStateExceptionForNoLeaders(MiniRaftCluster.java:506)
	at org.apache.ratis.RaftTestUtil.lambda$waitForLeader$1(RaftTestUtil.java:90)
	at org.apache.ratis.MiniRaftCluster.getLeader(MiniRaftCluster.java:539)
	at org.apache.ratis.MiniRaftCluster.getLeader(MiniRaftCluster.java:532)
	at org.apache.ratis.RaftTestUtil.lambda$waitForLeader$3(RaftTestUtil.java:98)
	at org.apache.ratis.util.JavaUtils.attempt(JavaUtils.java:152)
	at org.apache.ratis.RaftTestUtil.waitForLeader(RaftTestUtil.java:97)
	at org.apache.ratis.RaftTestUtil.waitForLeader(RaftTestUtil.java:77)
	at org.apache.ratis.RaftTestUtil.waitForLeader(RaftTestUtil.java:72)
	at org.apache.ratis.RaftTestUtil.lambda$changeLeader$7(RaftTestUtil.java:363)
	at org.apache.ratis.util.JavaUtils.attempt(JavaUtils.java:152)
	at org.apache.ratis.RaftTestUtil.changeLeader(RaftTestUtil.java:362)
	at org.apache.ratis.server.impl.LeaderElectionTests.testChangeLeader(LeaderElectionTests.java:81)
	at sun.reflect.NativeMethodAccessorImpl.invoke0(Native Method)
	at sun.reflect.NativeMethodAccessorImpl.invoke(NativeMethodAccessorImpl.java:62)
	at sun.reflect.DelegatingMethodAccessorImpl.invoke(DelegatingMethodAccessorImpl.java:43)
	at java.lang.reflect.Method.invoke(Method.java:498)
	at org.junit.runners.model.FrameworkMethod$1.runReflectiveCall(FrameworkMethod.java:50)
	at org.junit.internal.runners.model.ReflectiveCallable.run(ReflectiveCallable.java:12)
	at org.junit.runners.model.FrameworkMethod.invokeExplosively(FrameworkMethod.java:47)
	at org.junit.internal.runners.statements.InvokeMethod.evaluate(InvokeMethod.java:17)
	at org.junit.internal.runners.statements.RunAfters.evaluate(RunAfters.java:27)
	at org.junit.internal.runners.statements.FailOnTimeout$CallableStatement.call(FailOnTimeout.java:298)
	at org.junit.internal.runners.statements.FailOnTimeout$CallableStatement.call(FailOnTimeout.java:292)
	at java.util.concurrent.FutureTask.run(FutureTask.java:266)
	at java.lang.Thread.run(Thread.java:748)
2019-09-24 16:30:30,353 WARN  ratis.RaftTestUtil (JavaUtils.java:attempt(158)) - FAILED "waitForLeader-null-(expectLeader? true)", attempt #81/100: java.lang.IllegalStateException: No leader yet : printing ALL groups
  s0:  RUNNING CANDIDATE s0@group-A7200166065B:t26, leader=null, voted=s0, raftlog=s0@group-A7200166065B-SegmentedRaftLog:OPENED:c0,f0,i0, conf=0: [s0:0.0.0.0:33663, s1:0.0.0.0:41738, s2:0.0.0.0:43966], old=null RUNNING
  s1:  RUNNING CANDIDATE s1@group-A7200166065B:t25, leader=null, voted=s1, raftlog=s1@group-A7200166065B-SegmentedRaftLog:OPENED:c-1,f0,i0, conf=0: [s0:0.0.0.0:33663, s1:0.0.0.0:41738, s2:0.0.0.0:43966], old=null RUNNING
  s2:  RUNNING CANDIDATE s2@group-A7200166065B:t25, leader=null, voted=s2, raftlog=s2@group-A7200166065B-SegmentedRaftLog:OPENED:c-1,f0,i0, conf=0: [s0:0.0.0.0:33663, s1:0.0.0.0:41738, s2:0.0.0.0:43966], old=null RUNNING, sleep 450ms and then retry.
java.lang.IllegalStateException: No leader yet : printing ALL groups
  s0:  RUNNING CANDIDATE s0@group-A7200166065B:t26, leader=null, voted=s0, raftlog=s0@group-A7200166065B-SegmentedRaftLog:OPENED:c0,f0,i0, conf=0: [s0:0.0.0.0:33663, s1:0.0.0.0:41738, s2:0.0.0.0:43966], old=null RUNNING
  s1:  RUNNING CANDIDATE s1@group-A7200166065B:t25, leader=null, voted=s1, raftlog=s1@group-A7200166065B-SegmentedRaftLog:OPENED:c-1,f0,i0, conf=0: [s0:0.0.0.0:33663, s1:0.0.0.0:41738, s2:0.0.0.0:43966], old=null RUNNING
  s2:  RUNNING CANDIDATE s2@group-A7200166065B:t25, leader=null, voted=s2, raftlog=s2@group-A7200166065B-SegmentedRaftLog:OPENED:c-1,f0,i0, conf=0: [s0:0.0.0.0:33663, s1:0.0.0.0:41738, s2:0.0.0.0:43966], old=null RUNNING
	at org.apache.ratis.MiniRaftCluster.newIllegalStateExceptionForNoLeaders(MiniRaftCluster.java:506)
	at org.apache.ratis.RaftTestUtil.lambda$waitForLeader$1(RaftTestUtil.java:90)
	at org.apache.ratis.MiniRaftCluster.getLeader(MiniRaftCluster.java:539)
	at org.apache.ratis.MiniRaftCluster.getLeader(MiniRaftCluster.java:532)
	at org.apache.ratis.RaftTestUtil.lambda$waitForLeader$3(RaftTestUtil.java:98)
	at org.apache.ratis.util.JavaUtils.attempt(JavaUtils.java:152)
	at org.apache.ratis.RaftTestUtil.waitForLeader(RaftTestUtil.java:97)
	at org.apache.ratis.RaftTestUtil.waitForLeader(RaftTestUtil.java:77)
	at org.apache.ratis.RaftTestUtil.waitForLeader(RaftTestUtil.java:72)
	at org.apache.ratis.RaftTestUtil.lambda$changeLeader$7(RaftTestUtil.java:363)
	at org.apache.ratis.util.JavaUtils.attempt(JavaUtils.java:152)
	at org.apache.ratis.RaftTestUtil.changeLeader(RaftTestUtil.java:362)
	at org.apache.ratis.server.impl.LeaderElectionTests.testChangeLeader(LeaderElectionTests.java:81)
	at sun.reflect.NativeMethodAccessorImpl.invoke0(Native Method)
	at sun.reflect.NativeMethodAccessorImpl.invoke(NativeMethodAccessorImpl.java:62)
	at sun.reflect.DelegatingMethodAccessorImpl.invoke(DelegatingMethodAccessorImpl.java:43)
	at java.lang.reflect.Method.invoke(Method.java:498)
	at org.junit.runners.model.FrameworkMethod$1.runReflectiveCall(FrameworkMethod.java:50)
	at org.junit.internal.runners.model.ReflectiveCallable.run(ReflectiveCallable.java:12)
	at org.junit.runners.model.FrameworkMethod.invokeExplosively(FrameworkMethod.java:47)
	at org.junit.internal.runners.statements.InvokeMethod.evaluate(InvokeMethod.java:17)
	at org.junit.internal.runners.statements.RunAfters.evaluate(RunAfters.java:27)
	at org.junit.internal.runners.statements.FailOnTimeout$CallableStatement.call(FailOnTimeout.java:298)
	at org.junit.internal.runners.statements.FailOnTimeout$CallableStatement.call(FailOnTimeout.java:292)
	at java.util.concurrent.FutureTask.run(FutureTask.java:266)
	at java.lang.Thread.run(Thread.java:748)
2019-09-24 16:30:30,804 WARN  ratis.RaftTestUtil (JavaUtils.java:attempt(158)) - FAILED "waitForLeader-null-(expectLeader? true)", attempt #82/100: java.lang.IllegalStateException: No leader yet : printing ALL groups
  s0:  RUNNING CANDIDATE s0@group-A7200166065B:t26, leader=null, voted=s0, raftlog=s0@group-A7200166065B-SegmentedRaftLog:OPENED:c0,f0,i0, conf=0: [s0:0.0.0.0:33663, s1:0.0.0.0:41738, s2:0.0.0.0:43966], old=null RUNNING
  s1:  RUNNING CANDIDATE s1@group-A7200166065B:t25, leader=null, voted=s1, raftlog=s1@group-A7200166065B-SegmentedRaftLog:OPENED:c-1,f0,i0, conf=0: [s0:0.0.0.0:33663, s1:0.0.0.0:41738, s2:0.0.0.0:43966], old=null RUNNING
  s2:  RUNNING CANDIDATE s2@group-A7200166065B:t25, leader=null, voted=s2, raftlog=s2@group-A7200166065B-SegmentedRaftLog:OPENED:c-1,f0,i0, conf=0: [s0:0.0.0.0:33663, s1:0.0.0.0:41738, s2:0.0.0.0:43966], old=null RUNNING, sleep 450ms and then retry.
java.lang.IllegalStateException: No leader yet : printing ALL groups
  s0:  RUNNING CANDIDATE s0@group-A7200166065B:t26, leader=null, voted=s0, raftlog=s0@group-A7200166065B-SegmentedRaftLog:OPENED:c0,f0,i0, conf=0: [s0:0.0.0.0:33663, s1:0.0.0.0:41738, s2:0.0.0.0:43966], old=null RUNNING
  s1:  RUNNING CANDIDATE s1@group-A7200166065B:t25, leader=null, voted=s1, raftlog=s1@group-A7200166065B-SegmentedRaftLog:OPENED:c-1,f0,i0, conf=0: [s0:0.0.0.0:33663, s1:0.0.0.0:41738, s2:0.0.0.0:43966], old=null RUNNING
  s2:  RUNNING CANDIDATE s2@group-A7200166065B:t25, leader=null, voted=s2, raftlog=s2@group-A7200166065B-SegmentedRaftLog:OPENED:c-1,f0,i0, conf=0: [s0:0.0.0.0:33663, s1:0.0.0.0:41738, s2:0.0.0.0:43966], old=null RUNNING
	at org.apache.ratis.MiniRaftCluster.newIllegalStateExceptionForNoLeaders(MiniRaftCluster.java:506)
	at org.apache.ratis.RaftTestUtil.lambda$waitForLeader$1(RaftTestUtil.java:90)
	at org.apache.ratis.MiniRaftCluster.getLeader(MiniRaftCluster.java:539)
	at org.apache.ratis.MiniRaftCluster.getLeader(MiniRaftCluster.java:532)
	at org.apache.ratis.RaftTestUtil.lambda$waitForLeader$3(RaftTestUtil.java:98)
	at org.apache.ratis.util.JavaUtils.attempt(JavaUtils.java:152)
	at org.apache.ratis.RaftTestUtil.waitForLeader(RaftTestUtil.java:97)
	at org.apache.ratis.RaftTestUtil.waitForLeader(RaftTestUtil.java:77)
	at org.apache.ratis.RaftTestUtil.waitForLeader(RaftTestUtil.java:72)
	at org.apache.ratis.RaftTestUtil.lambda$changeLeader$7(RaftTestUtil.java:363)
	at org.apache.ratis.util.JavaUtils.attempt(JavaUtils.java:152)
	at org.apache.ratis.RaftTestUtil.changeLeader(RaftTestUtil.java:362)
	at org.apache.ratis.server.impl.LeaderElectionTests.testChangeLeader(LeaderElectionTests.java:81)
	at sun.reflect.NativeMethodAccessorImpl.invoke0(Native Method)
	at sun.reflect.NativeMethodAccessorImpl.invoke(NativeMethodAccessorImpl.java:62)
	at sun.reflect.DelegatingMethodAccessorImpl.invoke(DelegatingMethodAccessorImpl.java:43)
	at java.lang.reflect.Method.invoke(Method.java:498)
	at org.junit.runners.model.FrameworkMethod$1.runReflectiveCall(FrameworkMethod.java:50)
	at org.junit.internal.runners.model.ReflectiveCallable.run(ReflectiveCallable.java:12)
	at org.junit.runners.model.FrameworkMethod.invokeExplosively(FrameworkMethod.java:47)
	at org.junit.internal.runners.statements.InvokeMethod.evaluate(InvokeMethod.java:17)
	at org.junit.internal.runners.statements.RunAfters.evaluate(RunAfters.java:27)
	at org.junit.internal.runners.statements.FailOnTimeout$CallableStatement.call(FailOnTimeout.java:298)
	at org.junit.internal.runners.statements.FailOnTimeout$CallableStatement.call(FailOnTimeout.java:292)
	at java.util.concurrent.FutureTask.run(FutureTask.java:266)
	at java.lang.Thread.run(Thread.java:748)
2019-09-24 16:30:31,255 WARN  ratis.RaftTestUtil (JavaUtils.java:attempt(158)) - FAILED "waitForLeader-null-(expectLeader? true)", attempt #83/100: java.lang.IllegalStateException: No leader yet : printing ALL groups
  s0:  RUNNING CANDIDATE s0@group-A7200166065B:t26, leader=null, voted=s0, raftlog=s0@group-A7200166065B-SegmentedRaftLog:OPENED:c0,f0,i0, conf=0: [s0:0.0.0.0:33663, s1:0.0.0.0:41738, s2:0.0.0.0:43966], old=null RUNNING
  s1:  RUNNING CANDIDATE s1@group-A7200166065B:t25, leader=null, voted=s1, raftlog=s1@group-A7200166065B-SegmentedRaftLog:OPENED:c-1,f0,i0, conf=0: [s0:0.0.0.0:33663, s1:0.0.0.0:41738, s2:0.0.0.0:43966], old=null RUNNING
  s2:  RUNNING CANDIDATE s2@group-A7200166065B:t25, leader=null, voted=s2, raftlog=s2@group-A7200166065B-SegmentedRaftLog:OPENED:c-1,f0,i0, conf=0: [s0:0.0.0.0:33663, s1:0.0.0.0:41738, s2:0.0.0.0:43966], old=null RUNNING, sleep 450ms and then retry.
java.lang.IllegalStateException: No leader yet : printing ALL groups
  s0:  RUNNING CANDIDATE s0@group-A7200166065B:t26, leader=null, voted=s0, raftlog=s0@group-A7200166065B-SegmentedRaftLog:OPENED:c0,f0,i0, conf=0: [s0:0.0.0.0:33663, s1:0.0.0.0:41738, s2:0.0.0.0:43966], old=null RUNNING
  s1:  RUNNING CANDIDATE s1@group-A7200166065B:t25, leader=null, voted=s1, raftlog=s1@group-A7200166065B-SegmentedRaftLog:OPENED:c-1,f0,i0, conf=0: [s0:0.0.0.0:33663, s1:0.0.0.0:41738, s2:0.0.0.0:43966], old=null RUNNING
  s2:  RUNNING CANDIDATE s2@group-A7200166065B:t25, leader=null, voted=s2, raftlog=s2@group-A7200166065B-SegmentedRaftLog:OPENED:c-1,f0,i0, conf=0: [s0:0.0.0.0:33663, s1:0.0.0.0:41738, s2:0.0.0.0:43966], old=null RUNNING
	at org.apache.ratis.MiniRaftCluster.newIllegalStateExceptionForNoLeaders(MiniRaftCluster.java:506)
	at org.apache.ratis.RaftTestUtil.lambda$waitForLeader$1(RaftTestUtil.java:90)
	at org.apache.ratis.MiniRaftCluster.getLeader(MiniRaftCluster.java:539)
	at org.apache.ratis.MiniRaftCluster.getLeader(MiniRaftCluster.java:532)
	at org.apache.ratis.RaftTestUtil.lambda$waitForLeader$3(RaftTestUtil.java:98)
	at org.apache.ratis.util.JavaUtils.attempt(JavaUtils.java:152)
	at org.apache.ratis.RaftTestUtil.waitForLeader(RaftTestUtil.java:97)
	at org.apache.ratis.RaftTestUtil.waitForLeader(RaftTestUtil.java:77)
	at org.apache.ratis.RaftTestUtil.waitForLeader(RaftTestUtil.java:72)
	at org.apache.ratis.RaftTestUtil.lambda$changeLeader$7(RaftTestUtil.java:363)
	at org.apache.ratis.util.JavaUtils.attempt(JavaUtils.java:152)
	at org.apache.ratis.RaftTestUtil.changeLeader(RaftTestUtil.java:362)
	at org.apache.ratis.server.impl.LeaderElectionTests.testChangeLeader(LeaderElectionTests.java:81)
	at sun.reflect.NativeMethodAccessorImpl.invoke0(Native Method)
	at sun.reflect.NativeMethodAccessorImpl.invoke(NativeMethodAccessorImpl.java:62)
	at sun.reflect.DelegatingMethodAccessorImpl.invoke(DelegatingMethodAccessorImpl.java:43)
	at java.lang.reflect.Method.invoke(Method.java:498)
	at org.junit.runners.model.FrameworkMethod$1.runReflectiveCall(FrameworkMethod.java:50)
	at org.junit.internal.runners.model.ReflectiveCallable.run(ReflectiveCallable.java:12)
	at org.junit.runners.model.FrameworkMethod.invokeExplosively(FrameworkMethod.java:47)
	at org.junit.internal.runners.statements.InvokeMethod.evaluate(InvokeMethod.java:17)
	at org.junit.internal.runners.statements.RunAfters.evaluate(RunAfters.java:27)
	at org.junit.internal.runners.statements.FailOnTimeout$CallableStatement.call(FailOnTimeout.java:298)
	at org.junit.internal.runners.statements.FailOnTimeout$CallableStatement.call(FailOnTimeout.java:292)
	at java.util.concurrent.FutureTask.run(FutureTask.java:266)
	at java.lang.Thread.run(Thread.java:748)
2019-09-24 16:30:31,272 INFO  ratis.MiniRaftCluster (MiniRaftCluster.java:lambda$null$5(297)) - TIMED-PRINT: printing ALL groups
  s0:  RUNNING CANDIDATE s0@group-A7200166065B:t26, leader=null, voted=s0, raftlog=s0@group-A7200166065B-SegmentedRaftLog:OPENED:c0,f0,i0, conf=0: [s0:0.0.0.0:33663, s1:0.0.0.0:41738, s2:0.0.0.0:43966], old=null RUNNING
  s1:  RUNNING CANDIDATE s1@group-A7200166065B:t25, leader=null, voted=s1, raftlog=s1@group-A7200166065B-SegmentedRaftLog:OPENED:c-1,f0,i0, conf=0: [s0:0.0.0.0:33663, s1:0.0.0.0:41738, s2:0.0.0.0:43966], old=null RUNNING
  s2:  RUNNING CANDIDATE s2@group-A7200166065B:t25, leader=null, voted=s2, raftlog=s2@group-A7200166065B-SegmentedRaftLog:OPENED:c-1,f0,i0, conf=0: [s0:0.0.0.0:33663, s1:0.0.0.0:41738, s2:0.0.0.0:43966], old=null RUNNING
2019-09-24 16:30:31,707 WARN  ratis.RaftTestUtil (JavaUtils.java:attempt(158)) - FAILED "waitForLeader-null-(expectLeader? true)", attempt #84/100: java.lang.IllegalStateException: No leader yet : printing ALL groups
  s0:  RUNNING CANDIDATE s0@group-A7200166065B:t26, leader=null, voted=s0, raftlog=s0@group-A7200166065B-SegmentedRaftLog:OPENED:c0,f0,i0, conf=0: [s0:0.0.0.0:33663, s1:0.0.0.0:41738, s2:0.0.0.0:43966], old=null RUNNING
  s1:  RUNNING CANDIDATE s1@group-A7200166065B:t25, leader=null, voted=s1, raftlog=s1@group-A7200166065B-SegmentedRaftLog:OPENED:c-1,f0,i0, conf=0: [s0:0.0.0.0:33663, s1:0.0.0.0:41738, s2:0.0.0.0:43966], old=null RUNNING
  s2:  RUNNING CANDIDATE s2@group-A7200166065B:t25, leader=null, voted=s2, raftlog=s2@group-A7200166065B-SegmentedRaftLog:OPENED:c-1,f0,i0, conf=0: [s0:0.0.0.0:33663, s1:0.0.0.0:41738, s2:0.0.0.0:43966], old=null RUNNING, sleep 450ms and then retry.
java.lang.IllegalStateException: No leader yet : printing ALL groups
  s0:  RUNNING CANDIDATE s0@group-A7200166065B:t26, leader=null, voted=s0, raftlog=s0@group-A7200166065B-SegmentedRaftLog:OPENED:c0,f0,i0, conf=0: [s0:0.0.0.0:33663, s1:0.0.0.0:41738, s2:0.0.0.0:43966], old=null RUNNING
  s1:  RUNNING CANDIDATE s1@group-A7200166065B:t25, leader=null, voted=s1, raftlog=s1@group-A7200166065B-SegmentedRaftLog:OPENED:c-1,f0,i0, conf=0: [s0:0.0.0.0:33663, s1:0.0.0.0:41738, s2:0.0.0.0:43966], old=null RUNNING
  s2:  RUNNING CANDIDATE s2@group-A7200166065B:t25, leader=null, voted=s2, raftlog=s2@group-A7200166065B-SegmentedRaftLog:OPENED:c-1,f0,i0, conf=0: [s0:0.0.0.0:33663, s1:0.0.0.0:41738, s2:0.0.0.0:43966], old=null RUNNING
	at org.apache.ratis.MiniRaftCluster.newIllegalStateExceptionForNoLeaders(MiniRaftCluster.java:506)
	at org.apache.ratis.RaftTestUtil.lambda$waitForLeader$1(RaftTestUtil.java:90)
	at org.apache.ratis.MiniRaftCluster.getLeader(MiniRaftCluster.java:539)
	at org.apache.ratis.MiniRaftCluster.getLeader(MiniRaftCluster.java:532)
	at org.apache.ratis.RaftTestUtil.lambda$waitForLeader$3(RaftTestUtil.java:98)
	at org.apache.ratis.util.JavaUtils.attempt(JavaUtils.java:152)
	at org.apache.ratis.RaftTestUtil.waitForLeader(RaftTestUtil.java:97)
	at org.apache.ratis.RaftTestUtil.waitForLeader(RaftTestUtil.java:77)
	at org.apache.ratis.RaftTestUtil.waitForLeader(RaftTestUtil.java:72)
	at org.apache.ratis.RaftTestUtil.lambda$changeLeader$7(RaftTestUtil.java:363)
	at org.apache.ratis.util.JavaUtils.attempt(JavaUtils.java:152)
	at org.apache.ratis.RaftTestUtil.changeLeader(RaftTestUtil.java:362)
	at org.apache.ratis.server.impl.LeaderElectionTests.testChangeLeader(LeaderElectionTests.java:81)
	at sun.reflect.NativeMethodAccessorImpl.invoke0(Native Method)
	at sun.reflect.NativeMethodAccessorImpl.invoke(NativeMethodAccessorImpl.java:62)
	at sun.reflect.DelegatingMethodAccessorImpl.invoke(DelegatingMethodAccessorImpl.java:43)
	at java.lang.reflect.Method.invoke(Method.java:498)
	at org.junit.runners.model.FrameworkMethod$1.runReflectiveCall(FrameworkMethod.java:50)
	at org.junit.internal.runners.model.ReflectiveCallable.run(ReflectiveCallable.java:12)
	at org.junit.runners.model.FrameworkMethod.invokeExplosively(FrameworkMethod.java:47)
	at org.junit.internal.runners.statements.InvokeMethod.evaluate(InvokeMethod.java:17)
	at org.junit.internal.runners.statements.RunAfters.evaluate(RunAfters.java:27)
	at org.junit.internal.runners.statements.FailOnTimeout$CallableStatement.call(FailOnTimeout.java:298)
	at org.junit.internal.runners.statements.FailOnTimeout$CallableStatement.call(FailOnTimeout.java:292)
	at java.util.concurrent.FutureTask.run(FutureTask.java:266)
	at java.lang.Thread.run(Thread.java:748)
2019-09-24 16:30:32,158 WARN  ratis.RaftTestUtil (JavaUtils.java:attempt(158)) - FAILED "waitForLeader-null-(expectLeader? true)", attempt #85/100: java.lang.IllegalStateException: No leader yet : printing ALL groups
  s0:  RUNNING CANDIDATE s0@group-A7200166065B:t26, leader=null, voted=s0, raftlog=s0@group-A7200166065B-SegmentedRaftLog:OPENED:c0,f0,i0, conf=0: [s0:0.0.0.0:33663, s1:0.0.0.0:41738, s2:0.0.0.0:43966], old=null RUNNING
  s1:  RUNNING CANDIDATE s1@group-A7200166065B:t25, leader=null, voted=s1, raftlog=s1@group-A7200166065B-SegmentedRaftLog:OPENED:c-1,f0,i0, conf=0: [s0:0.0.0.0:33663, s1:0.0.0.0:41738, s2:0.0.0.0:43966], old=null RUNNING
  s2:  RUNNING CANDIDATE s2@group-A7200166065B:t25, leader=null, voted=s2, raftlog=s2@group-A7200166065B-SegmentedRaftLog:OPENED:c-1,f0,i0, conf=0: [s0:0.0.0.0:33663, s1:0.0.0.0:41738, s2:0.0.0.0:43966], old=null RUNNING, sleep 450ms and then retry.
java.lang.IllegalStateException: No leader yet : printing ALL groups
  s0:  RUNNING CANDIDATE s0@group-A7200166065B:t26, leader=null, voted=s0, raftlog=s0@group-A7200166065B-SegmentedRaftLog:OPENED:c0,f0,i0, conf=0: [s0:0.0.0.0:33663, s1:0.0.0.0:41738, s2:0.0.0.0:43966], old=null RUNNING
  s1:  RUNNING CANDIDATE s1@group-A7200166065B:t25, leader=null, voted=s1, raftlog=s1@group-A7200166065B-SegmentedRaftLog:OPENED:c-1,f0,i0, conf=0: [s0:0.0.0.0:33663, s1:0.0.0.0:41738, s2:0.0.0.0:43966], old=null RUNNING
  s2:  RUNNING CANDIDATE s2@group-A7200166065B:t25, leader=null, voted=s2, raftlog=s2@group-A7200166065B-SegmentedRaftLog:OPENED:c-1,f0,i0, conf=0: [s0:0.0.0.0:33663, s1:0.0.0.0:41738, s2:0.0.0.0:43966], old=null RUNNING
	at org.apache.ratis.MiniRaftCluster.newIllegalStateExceptionForNoLeaders(MiniRaftCluster.java:506)
	at org.apache.ratis.RaftTestUtil.lambda$waitForLeader$1(RaftTestUtil.java:90)
	at org.apache.ratis.MiniRaftCluster.getLeader(MiniRaftCluster.java:539)
	at org.apache.ratis.MiniRaftCluster.getLeader(MiniRaftCluster.java:532)
	at org.apache.ratis.RaftTestUtil.lambda$waitForLeader$3(RaftTestUtil.java:98)
	at org.apache.ratis.util.JavaUtils.attempt(JavaUtils.java:152)
	at org.apache.ratis.RaftTestUtil.waitForLeader(RaftTestUtil.java:97)
	at org.apache.ratis.RaftTestUtil.waitForLeader(RaftTestUtil.java:77)
	at org.apache.ratis.RaftTestUtil.waitForLeader(RaftTestUtil.java:72)
	at org.apache.ratis.RaftTestUtil.lambda$changeLeader$7(RaftTestUtil.java:363)
	at org.apache.ratis.util.JavaUtils.attempt(JavaUtils.java:152)
	at org.apache.ratis.RaftTestUtil.changeLeader(RaftTestUtil.java:362)
	at org.apache.ratis.server.impl.LeaderElectionTests.testChangeLeader(LeaderElectionTests.java:81)
	at sun.reflect.NativeMethodAccessorImpl.invoke0(Native Method)
	at sun.reflect.NativeMethodAccessorImpl.invoke(NativeMethodAccessorImpl.java:62)
	at sun.reflect.DelegatingMethodAccessorImpl.invoke(DelegatingMethodAccessorImpl.java:43)
	at java.lang.reflect.Method.invoke(Method.java:498)
	at org.junit.runners.model.FrameworkMethod$1.runReflectiveCall(FrameworkMethod.java:50)
	at org.junit.internal.runners.model.ReflectiveCallable.run(ReflectiveCallable.java:12)
	at org.junit.runners.model.FrameworkMethod.invokeExplosively(FrameworkMethod.java:47)
	at org.junit.internal.runners.statements.InvokeMethod.evaluate(InvokeMethod.java:17)
	at org.junit.internal.runners.statements.RunAfters.evaluate(RunAfters.java:27)
	at org.junit.internal.runners.statements.FailOnTimeout$CallableStatement.call(FailOnTimeout.java:298)
	at org.junit.internal.runners.statements.FailOnTimeout$CallableStatement.call(FailOnTimeout.java:292)
	at java.util.concurrent.FutureTask.run(FutureTask.java:266)
	at java.lang.Thread.run(Thread.java:748)
2019-09-24 16:30:32,609 WARN  ratis.RaftTestUtil (JavaUtils.java:attempt(158)) - FAILED "waitForLeader-null-(expectLeader? true)", attempt #86/100: java.lang.IllegalStateException: No leader yet : printing ALL groups
  s0:  RUNNING CANDIDATE s0@group-A7200166065B:t26, leader=null, voted=s0, raftlog=s0@group-A7200166065B-SegmentedRaftLog:OPENED:c0,f0,i0, conf=0: [s0:0.0.0.0:33663, s1:0.0.0.0:41738, s2:0.0.0.0:43966], old=null RUNNING
  s1:  RUNNING CANDIDATE s1@group-A7200166065B:t25, leader=null, voted=s1, raftlog=s1@group-A7200166065B-SegmentedRaftLog:OPENED:c-1,f0,i0, conf=0: [s0:0.0.0.0:33663, s1:0.0.0.0:41738, s2:0.0.0.0:43966], old=null RUNNING
  s2:  RUNNING CANDIDATE s2@group-A7200166065B:t25, leader=null, voted=s2, raftlog=s2@group-A7200166065B-SegmentedRaftLog:OPENED:c-1,f0,i0, conf=0: [s0:0.0.0.0:33663, s1:0.0.0.0:41738, s2:0.0.0.0:43966], old=null RUNNING, sleep 450ms and then retry.
java.lang.IllegalStateException: No leader yet : printing ALL groups
  s0:  RUNNING CANDIDATE s0@group-A7200166065B:t26, leader=null, voted=s0, raftlog=s0@group-A7200166065B-SegmentedRaftLog:OPENED:c0,f0,i0, conf=0: [s0:0.0.0.0:33663, s1:0.0.0.0:41738, s2:0.0.0.0:43966], old=null RUNNING
  s1:  RUNNING CANDIDATE s1@group-A7200166065B:t25, leader=null, voted=s1, raftlog=s1@group-A7200166065B-SegmentedRaftLog:OPENED:c-1,f0,i0, conf=0: [s0:0.0.0.0:33663, s1:0.0.0.0:41738, s2:0.0.0.0:43966], old=null RUNNING
  s2:  RUNNING CANDIDATE s2@group-A7200166065B:t25, leader=null, voted=s2, raftlog=s2@group-A7200166065B-SegmentedRaftLog:OPENED:c-1,f0,i0, conf=0: [s0:0.0.0.0:33663, s1:0.0.0.0:41738, s2:0.0.0.0:43966], old=null RUNNING
	at org.apache.ratis.MiniRaftCluster.newIllegalStateExceptionForNoLeaders(MiniRaftCluster.java:506)
	at org.apache.ratis.RaftTestUtil.lambda$waitForLeader$1(RaftTestUtil.java:90)
	at org.apache.ratis.MiniRaftCluster.getLeader(MiniRaftCluster.java:539)
	at org.apache.ratis.MiniRaftCluster.getLeader(MiniRaftCluster.java:532)
	at org.apache.ratis.RaftTestUtil.lambda$waitForLeader$3(RaftTestUtil.java:98)
	at org.apache.ratis.util.JavaUtils.attempt(JavaUtils.java:152)
	at org.apache.ratis.RaftTestUtil.waitForLeader(RaftTestUtil.java:97)
	at org.apache.ratis.RaftTestUtil.waitForLeader(RaftTestUtil.java:77)
	at org.apache.ratis.RaftTestUtil.waitForLeader(RaftTestUtil.java:72)
	at org.apache.ratis.RaftTestUtil.lambda$changeLeader$7(RaftTestUtil.java:363)
	at org.apache.ratis.util.JavaUtils.attempt(JavaUtils.java:152)
	at org.apache.ratis.RaftTestUtil.changeLeader(RaftTestUtil.java:362)
	at org.apache.ratis.server.impl.LeaderElectionTests.testChangeLeader(LeaderElectionTests.java:81)
	at sun.reflect.NativeMethodAccessorImpl.invoke0(Native Method)
	at sun.reflect.NativeMethodAccessorImpl.invoke(NativeMethodAccessorImpl.java:62)
	at sun.reflect.DelegatingMethodAccessorImpl.invoke(DelegatingMethodAccessorImpl.java:43)
	at java.lang.reflect.Method.invoke(Method.java:498)
	at org.junit.runners.model.FrameworkMethod$1.runReflectiveCall(FrameworkMethod.java:50)
	at org.junit.internal.runners.model.ReflectiveCallable.run(ReflectiveCallable.java:12)
	at org.junit.runners.model.FrameworkMethod.invokeExplosively(FrameworkMethod.java:47)
	at org.junit.internal.runners.statements.InvokeMethod.evaluate(InvokeMethod.java:17)
	at org.junit.internal.runners.statements.RunAfters.evaluate(RunAfters.java:27)
	at org.junit.internal.runners.statements.FailOnTimeout$CallableStatement.call(FailOnTimeout.java:298)
	at org.junit.internal.runners.statements.FailOnTimeout$CallableStatement.call(FailOnTimeout.java:292)
	at java.util.concurrent.FutureTask.run(FutureTask.java:266)
	at java.lang.Thread.run(Thread.java:748)
2019-09-24 16:30:32,916 INFO  impl.LeaderElection (LeaderElection.java:askForVotes(178)) - s2@group-A7200166065B-LeaderElection154: begin an election at term 25 for 0: [s0:0.0.0.0:33663, s1:0.0.0.0:41738, s2:0.0.0.0:43966], old=null
2019-09-24 16:30:32,916 INFO  impl.LeaderElection (LeaderElection.java:askForVotes(178)) - s0@group-A7200166065B-LeaderElection131: begin an election at term 26 for 0: [s0:0.0.0.0:33663, s1:0.0.0.0:41738, s2:0.0.0.0:43966], old=null
2019-09-24 16:30:32,916 INFO  impl.LeaderElection (LeaderElection.java:askForVotes(178)) - s1@group-A7200166065B-LeaderElection155: begin an election at term 25 for 0: [s0:0.0.0.0:33663, s1:0.0.0.0:41738, s2:0.0.0.0:43966], old=null
2019-09-24 16:30:32,917 DEBUG impl.RaftServerImpl (RaftServerImpl.java:requestVote(743)) - s1@group-A7200166065B: receive requestVote(s2, group-A7200166065B, 25, (t:3, i:0))
2019-09-24 16:30:32,917 DEBUG impl.RaftServerImpl (RaftServerImpl.java:requestVote(743)) - s0@group-A7200166065B: receive requestVote(s1, group-A7200166065B, 25, (t:3, i:0))
2019-09-24 16:30:32,917 DEBUG impl.RaftServerImpl (RaftServerImpl.java:requestVote(743)) - s0@group-A7200166065B: receive requestVote(s2, group-A7200166065B, 25, (t:3, i:0))
2019-09-24 16:30:32,918 DEBUG impl.RaftServerImpl (RaftServerImpl.java:requestVote(775)) - s0@group-A7200166065B replies to vote request: s1<-s0#0:FAIL-t26. Peer's state: s0@group-A7200166065B:t26, leader=null, voted=s0, raftlog=s0@group-A7200166065B-SegmentedRaftLog:OPENED:c0,f0,i0, conf=0: [s0:0.0.0.0:33663, s1:0.0.0.0:41738, s2:0.0.0.0:43966], old=null
2019-09-24 16:30:32,918 DEBUG impl.RaftServerImpl (RaftServerImpl.java:requestVote(743)) - s2@group-A7200166065B: receive requestVote(s1, group-A7200166065B, 25, (t:3, i:0))
2019-09-24 16:30:32,919 INFO  impl.LeaderElection (LeaderElection.java:logAndReturn(56)) - s1@group-A7200166065B-LeaderElection155: Election DISCOVERED_A_NEW_TERM; received 1 response(s) [s1<-s0#0:FAIL-t26] and 0 exception(s); s1@group-A7200166065B:t25, leader=null, voted=s1, raftlog=s1@group-A7200166065B-SegmentedRaftLog:OPENED:c-1,f0,i0, conf=0: [s0:0.0.0.0:33663, s1:0.0.0.0:41738, s2:0.0.0.0:43966], old=null
2019-09-24 16:30:32,918 DEBUG impl.RaftServerImpl (RaftServerImpl.java:requestVote(775)) - s1@group-A7200166065B replies to vote request: s2<-s1#0:FAIL-t25. Peer's state: s1@group-A7200166065B:t25, leader=null, voted=s1, raftlog=s1@group-A7200166065B-SegmentedRaftLog:OPENED:c-1,f0,i0, conf=0: [s0:0.0.0.0:33663, s1:0.0.0.0:41738, s2:0.0.0.0:43966], old=null
2019-09-24 16:30:32,919 DEBUG impl.RaftServerImpl (RaftServerImpl.java:requestVote(775)) - s2@group-A7200166065B replies to vote request: s1<-s2#0:FAIL-t25. Peer's state: s2@group-A7200166065B:t25, leader=null, voted=s2, raftlog=s2@group-A7200166065B-SegmentedRaftLog:OPENED:c-1,f0,i0, conf=0: [s0:0.0.0.0:33663, s1:0.0.0.0:41738, s2:0.0.0.0:43966], old=null
2019-09-24 16:30:32,919 DEBUG impl.RaftServerImpl (RaftServerImpl.java:requestVote(775)) - s0@group-A7200166065B replies to vote request: s2<-s0#0:FAIL-t26. Peer's state: s0@group-A7200166065B:t26, leader=null, voted=s0, raftlog=s0@group-A7200166065B-SegmentedRaftLog:OPENED:c0,f0,i0, conf=0: [s0:0.0.0.0:33663, s1:0.0.0.0:41738, s2:0.0.0.0:43966], old=null
2019-09-24 16:30:32,919 INFO  impl.RaftServerImpl (RaftServerImpl.java:setRole(170)) - s1@group-A7200166065B: changes role from CANDIDATE to FOLLOWER at term 26 for DISCOVERED_A_NEW_TERM
2019-09-24 16:30:32,920 INFO  impl.RoleInfo (RoleInfo.java:shutdownLeaderElection(134)) - s1: shutdown LeaderElection
2019-09-24 16:30:32,920 INFO  impl.RoleInfo (RoleInfo.java:updateAndGet(143)) - s1: start FollowerState
2019-09-24 16:30:32,920 INFO  impl.LeaderElection (LeaderElection.java:logAndReturn(56)) - s2@group-A7200166065B-LeaderElection154: Election DISCOVERED_A_NEW_TERM; received 2 response(s) [s2<-s0#0:FAIL-t26, s2<-s1#0:FAIL-t25] and 0 exception(s); s2@group-A7200166065B:t25, leader=null, voted=s2, raftlog=s2@group-A7200166065B-SegmentedRaftLog:OPENED:c-1,f0,i0, conf=0: [s0:0.0.0.0:33663, s1:0.0.0.0:41738, s2:0.0.0.0:43966], old=null
2019-09-24 16:30:32,921 INFO  impl.RaftServerImpl (RaftServerImpl.java:setRole(170)) - s2@group-A7200166065B: changes role from CANDIDATE to FOLLOWER at term 26 for DISCOVERED_A_NEW_TERM
2019-09-24 16:30:32,921 INFO  impl.RoleInfo (RoleInfo.java:shutdownLeaderElection(134)) - s2: shutdown LeaderElection
2019-09-24 16:30:32,921 INFO  impl.RoleInfo (RoleInfo.java:updateAndGet(143)) - s2: start FollowerState
2019-09-24 16:30:33,060 WARN  ratis.RaftTestUtil (JavaUtils.java:attempt(158)) - FAILED "waitForLeader-null-(expectLeader? true)", attempt #87/100: java.lang.IllegalStateException: No leader yet : printing ALL groups
  s0:  RUNNING CANDIDATE s0@group-A7200166065B:t26, leader=null, voted=s0, raftlog=s0@group-A7200166065B-SegmentedRaftLog:OPENED:c0,f0,i0, conf=0: [s0:0.0.0.0:33663, s1:0.0.0.0:41738, s2:0.0.0.0:43966], old=null RUNNING
  s1:  RUNNING  FOLLOWER s1@group-A7200166065B:t26, leader=null, voted=null, raftlog=s1@group-A7200166065B-SegmentedRaftLog:OPENED:c-1,f0,i0, conf=0: [s0:0.0.0.0:33663, s1:0.0.0.0:41738, s2:0.0.0.0:43966], old=null RUNNING
  s2:  RUNNING  FOLLOWER s2@group-A7200166065B:t26, leader=null, voted=null, raftlog=s2@group-A7200166065B-SegmentedRaftLog:OPENED:c-1,f0,i0, conf=0: [s0:0.0.0.0:33663, s1:0.0.0.0:41738, s2:0.0.0.0:43966], old=null RUNNING, sleep 450ms and then retry.
java.lang.IllegalStateException: No leader yet : printing ALL groups
  s0:  RUNNING CANDIDATE s0@group-A7200166065B:t26, leader=null, voted=s0, raftlog=s0@group-A7200166065B-SegmentedRaftLog:OPENED:c0,f0,i0, conf=0: [s0:0.0.0.0:33663, s1:0.0.0.0:41738, s2:0.0.0.0:43966], old=null RUNNING
  s1:  RUNNING  FOLLOWER s1@group-A7200166065B:t26, leader=null, voted=null, raftlog=s1@group-A7200166065B-SegmentedRaftLog:OPENED:c-1,f0,i0, conf=0: [s0:0.0.0.0:33663, s1:0.0.0.0:41738, s2:0.0.0.0:43966], old=null RUNNING
  s2:  RUNNING  FOLLOWER s2@group-A7200166065B:t26, leader=null, voted=null, raftlog=s2@group-A7200166065B-SegmentedRaftLog:OPENED:c-1,f0,i0, conf=0: [s0:0.0.0.0:33663, s1:0.0.0.0:41738, s2:0.0.0.0:43966], old=null RUNNING
	at org.apache.ratis.MiniRaftCluster.newIllegalStateExceptionForNoLeaders(MiniRaftCluster.java:506)
	at org.apache.ratis.RaftTestUtil.lambda$waitForLeader$1(RaftTestUtil.java:90)
	at org.apache.ratis.MiniRaftCluster.getLeader(MiniRaftCluster.java:539)
	at org.apache.ratis.MiniRaftCluster.getLeader(MiniRaftCluster.java:532)
	at org.apache.ratis.RaftTestUtil.lambda$waitForLeader$3(RaftTestUtil.java:98)
	at org.apache.ratis.util.JavaUtils.attempt(JavaUtils.java:152)
	at org.apache.ratis.RaftTestUtil.waitForLeader(RaftTestUtil.java:97)
	at org.apache.ratis.RaftTestUtil.waitForLeader(RaftTestUtil.java:77)
	at org.apache.ratis.RaftTestUtil.waitForLeader(RaftTestUtil.java:72)
	at org.apache.ratis.RaftTestUtil.lambda$changeLeader$7(RaftTestUtil.java:363)
	at org.apache.ratis.util.JavaUtils.attempt(JavaUtils.java:152)
	at org.apache.ratis.RaftTestUtil.changeLeader(RaftTestUtil.java:362)
	at org.apache.ratis.server.impl.LeaderElectionTests.testChangeLeader(LeaderElectionTests.java:81)
	at sun.reflect.NativeMethodAccessorImpl.invoke0(Native Method)
	at sun.reflect.NativeMethodAccessorImpl.invoke(NativeMethodAccessorImpl.java:62)
	at sun.reflect.DelegatingMethodAccessorImpl.invoke(DelegatingMethodAccessorImpl.java:43)
	at java.lang.reflect.Method.invoke(Method.java:498)
	at org.junit.runners.model.FrameworkMethod$1.runReflectiveCall(FrameworkMethod.java:50)
	at org.junit.internal.runners.model.ReflectiveCallable.run(ReflectiveCallable.java:12)
	at org.junit.runners.model.FrameworkMethod.invokeExplosively(FrameworkMethod.java:47)
	at org.junit.internal.runners.statements.InvokeMethod.evaluate(InvokeMethod.java:17)
	at org.junit.internal.runners.statements.RunAfters.evaluate(RunAfters.java:27)
	at org.junit.internal.runners.statements.FailOnTimeout$CallableStatement.call(FailOnTimeout.java:298)
	at org.junit.internal.runners.statements.FailOnTimeout$CallableStatement.call(FailOnTimeout.java:292)
	at java.util.concurrent.FutureTask.run(FutureTask.java:266)
	at java.lang.Thread.run(Thread.java:748)
2019-09-24 16:30:33,108 INFO  impl.LeaderElection (LeaderElection.java:logAndReturn(56)) - s0@group-A7200166065B-LeaderElection131: Election TIMEOUT; received 0 response(s) [] and 0 exception(s); s0@group-A7200166065B:t26, leader=null, voted=s0, raftlog=s0@group-A7200166065B-SegmentedRaftLog:OPENED:c0,f0,i0, conf=0: [s0:0.0.0.0:33663, s1:0.0.0.0:41738, s2:0.0.0.0:43966], old=null
2019-09-24 16:30:33,512 WARN  ratis.RaftTestUtil (JavaUtils.java:attempt(158)) - FAILED "waitForLeader-null-(expectLeader? true)", attempt #88/100: java.lang.IllegalStateException: No leader yet : printing ALL groups
  s0:  RUNNING CANDIDATE s0@group-A7200166065B:t27, leader=null, voted=s0, raftlog=s0@group-A7200166065B-SegmentedRaftLog:OPENED:c0,f0,i0, conf=0: [s0:0.0.0.0:33663, s1:0.0.0.0:41738, s2:0.0.0.0:43966], old=null RUNNING
  s1:  RUNNING  FOLLOWER s1@group-A7200166065B:t26, leader=null, voted=null, raftlog=s1@group-A7200166065B-SegmentedRaftLog:OPENED:c-1,f0,i0, conf=0: [s0:0.0.0.0:33663, s1:0.0.0.0:41738, s2:0.0.0.0:43966], old=null RUNNING
  s2:  RUNNING  FOLLOWER s2@group-A7200166065B:t26, leader=null, voted=null, raftlog=s2@group-A7200166065B-SegmentedRaftLog:OPENED:c-1,f0,i0, conf=0: [s0:0.0.0.0:33663, s1:0.0.0.0:41738, s2:0.0.0.0:43966], old=null RUNNING, sleep 450ms and then retry.
java.lang.IllegalStateException: No leader yet : printing ALL groups
  s0:  RUNNING CANDIDATE s0@group-A7200166065B:t27, leader=null, voted=s0, raftlog=s0@group-A7200166065B-SegmentedRaftLog:OPENED:c0,f0,i0, conf=0: [s0:0.0.0.0:33663, s1:0.0.0.0:41738, s2:0.0.0.0:43966], old=null RUNNING
  s1:  RUNNING  FOLLOWER s1@group-A7200166065B:t26, leader=null, voted=null, raftlog=s1@group-A7200166065B-SegmentedRaftLog:OPENED:c-1,f0,i0, conf=0: [s0:0.0.0.0:33663, s1:0.0.0.0:41738, s2:0.0.0.0:43966], old=null RUNNING
  s2:  RUNNING  FOLLOWER s2@group-A7200166065B:t26, leader=null, voted=null, raftlog=s2@group-A7200166065B-SegmentedRaftLog:OPENED:c-1,f0,i0, conf=0: [s0:0.0.0.0:33663, s1:0.0.0.0:41738, s2:0.0.0.0:43966], old=null RUNNING
	at org.apache.ratis.MiniRaftCluster.newIllegalStateExceptionForNoLeaders(MiniRaftCluster.java:506)
	at org.apache.ratis.RaftTestUtil.lambda$waitForLeader$1(RaftTestUtil.java:90)
	at org.apache.ratis.MiniRaftCluster.getLeader(MiniRaftCluster.java:539)
	at org.apache.ratis.MiniRaftCluster.getLeader(MiniRaftCluster.java:532)
	at org.apache.ratis.RaftTestUtil.lambda$waitForLeader$3(RaftTestUtil.java:98)
	at org.apache.ratis.util.JavaUtils.attempt(JavaUtils.java:152)
	at org.apache.ratis.RaftTestUtil.waitForLeader(RaftTestUtil.java:97)
	at org.apache.ratis.RaftTestUtil.waitForLeader(RaftTestUtil.java:77)
	at org.apache.ratis.RaftTestUtil.waitForLeader(RaftTestUtil.java:72)
	at org.apache.ratis.RaftTestUtil.lambda$changeLeader$7(RaftTestUtil.java:363)
	at org.apache.ratis.util.JavaUtils.attempt(JavaUtils.java:152)
	at org.apache.ratis.RaftTestUtil.changeLeader(RaftTestUtil.java:362)
	at org.apache.ratis.server.impl.LeaderElectionTests.testChangeLeader(LeaderElectionTests.java:81)
	at sun.reflect.NativeMethodAccessorImpl.invoke0(Native Method)
	at sun.reflect.NativeMethodAccessorImpl.invoke(NativeMethodAccessorImpl.java:62)
	at sun.reflect.DelegatingMethodAccessorImpl.invoke(DelegatingMethodAccessorImpl.java:43)
	at java.lang.reflect.Method.invoke(Method.java:498)
	at org.junit.runners.model.FrameworkMethod$1.runReflectiveCall(FrameworkMethod.java:50)
	at org.junit.internal.runners.model.ReflectiveCallable.run(ReflectiveCallable.java:12)
	at org.junit.runners.model.FrameworkMethod.invokeExplosively(FrameworkMethod.java:47)
	at org.junit.internal.runners.statements.InvokeMethod.evaluate(InvokeMethod.java:17)
	at org.junit.internal.runners.statements.RunAfters.evaluate(RunAfters.java:27)
	at org.junit.internal.runners.statements.FailOnTimeout$CallableStatement.call(FailOnTimeout.java:298)
	at org.junit.internal.runners.statements.FailOnTimeout$CallableStatement.call(FailOnTimeout.java:292)
	at java.util.concurrent.FutureTask.run(FutureTask.java:266)
	at java.lang.Thread.run(Thread.java:748)
2019-09-24 16:30:33,963 WARN  ratis.RaftTestUtil (JavaUtils.java:attempt(158)) - FAILED "waitForLeader-null-(expectLeader? true)", attempt #89/100: java.lang.IllegalStateException: No leader yet : printing ALL groups
  s0:  RUNNING CANDIDATE s0@group-A7200166065B:t27, leader=null, voted=s0, raftlog=s0@group-A7200166065B-SegmentedRaftLog:OPENED:c0,f0,i0, conf=0: [s0:0.0.0.0:33663, s1:0.0.0.0:41738, s2:0.0.0.0:43966], old=null RUNNING
  s1:  RUNNING  FOLLOWER s1@group-A7200166065B:t26, leader=null, voted=null, raftlog=s1@group-A7200166065B-SegmentedRaftLog:OPENED:c-1,f0,i0, conf=0: [s0:0.0.0.0:33663, s1:0.0.0.0:41738, s2:0.0.0.0:43966], old=null RUNNING
  s2:  RUNNING  FOLLOWER s2@group-A7200166065B:t26, leader=null, voted=null, raftlog=s2@group-A7200166065B-SegmentedRaftLog:OPENED:c-1,f0,i0, conf=0: [s0:0.0.0.0:33663, s1:0.0.0.0:41738, s2:0.0.0.0:43966], old=null RUNNING, sleep 450ms and then retry.
java.lang.IllegalStateException: No leader yet : printing ALL groups
  s0:  RUNNING CANDIDATE s0@group-A7200166065B:t27, leader=null, voted=s0, raftlog=s0@group-A7200166065B-SegmentedRaftLog:OPENED:c0,f0,i0, conf=0: [s0:0.0.0.0:33663, s1:0.0.0.0:41738, s2:0.0.0.0:43966], old=null RUNNING
  s1:  RUNNING  FOLLOWER s1@group-A7200166065B:t26, leader=null, voted=null, raftlog=s1@group-A7200166065B-SegmentedRaftLog:OPENED:c-1,f0,i0, conf=0: [s0:0.0.0.0:33663, s1:0.0.0.0:41738, s2:0.0.0.0:43966], old=null RUNNING
  s2:  RUNNING  FOLLOWER s2@group-A7200166065B:t26, leader=null, voted=null, raftlog=s2@group-A7200166065B-SegmentedRaftLog:OPENED:c-1,f0,i0, conf=0: [s0:0.0.0.0:33663, s1:0.0.0.0:41738, s2:0.0.0.0:43966], old=null RUNNING
	at org.apache.ratis.MiniRaftCluster.newIllegalStateExceptionForNoLeaders(MiniRaftCluster.java:506)
	at org.apache.ratis.RaftTestUtil.lambda$waitForLeader$1(RaftTestUtil.java:90)
	at org.apache.ratis.MiniRaftCluster.getLeader(MiniRaftCluster.java:539)
	at org.apache.ratis.MiniRaftCluster.getLeader(MiniRaftCluster.java:532)
	at org.apache.ratis.RaftTestUtil.lambda$waitForLeader$3(RaftTestUtil.java:98)
	at org.apache.ratis.util.JavaUtils.attempt(JavaUtils.java:152)
	at org.apache.ratis.RaftTestUtil.waitForLeader(RaftTestUtil.java:97)
	at org.apache.ratis.RaftTestUtil.waitForLeader(RaftTestUtil.java:77)
	at org.apache.ratis.RaftTestUtil.waitForLeader(RaftTestUtil.java:72)
	at org.apache.ratis.RaftTestUtil.lambda$changeLeader$7(RaftTestUtil.java:363)
	at org.apache.ratis.util.JavaUtils.attempt(JavaUtils.java:152)
	at org.apache.ratis.RaftTestUtil.changeLeader(RaftTestUtil.java:362)
	at org.apache.ratis.server.impl.LeaderElectionTests.testChangeLeader(LeaderElectionTests.java:81)
	at sun.reflect.NativeMethodAccessorImpl.invoke0(Native Method)
	at sun.reflect.NativeMethodAccessorImpl.invoke(NativeMethodAccessorImpl.java:62)
	at sun.reflect.DelegatingMethodAccessorImpl.invoke(DelegatingMethodAccessorImpl.java:43)
	at java.lang.reflect.Method.invoke(Method.java:498)
	at org.junit.runners.model.FrameworkMethod$1.runReflectiveCall(FrameworkMethod.java:50)
	at org.junit.internal.runners.model.ReflectiveCallable.run(ReflectiveCallable.java:12)
	at org.junit.runners.model.FrameworkMethod.invokeExplosively(FrameworkMethod.java:47)
	at org.junit.internal.runners.statements.InvokeMethod.evaluate(InvokeMethod.java:17)
	at org.junit.internal.runners.statements.RunAfters.evaluate(RunAfters.java:27)
	at org.junit.internal.runners.statements.FailOnTimeout$CallableStatement.call(FailOnTimeout.java:298)
	at org.junit.internal.runners.statements.FailOnTimeout$CallableStatement.call(FailOnTimeout.java:292)
	at java.util.concurrent.FutureTask.run(FutureTask.java:266)
	at java.lang.Thread.run(Thread.java:748)
2019-09-24 16:30:34,414 WARN  ratis.RaftTestUtil (JavaUtils.java:attempt(158)) - FAILED "waitForLeader-null-(expectLeader? true)", attempt #90/100: java.lang.IllegalStateException: No leader yet : printing ALL groups
  s0:  RUNNING CANDIDATE s0@group-A7200166065B:t27, leader=null, voted=s0, raftlog=s0@group-A7200166065B-SegmentedRaftLog:OPENED:c0,f0,i0, conf=0: [s0:0.0.0.0:33663, s1:0.0.0.0:41738, s2:0.0.0.0:43966], old=null RUNNING
  s1:  RUNNING  FOLLOWER s1@group-A7200166065B:t26, leader=null, voted=null, raftlog=s1@group-A7200166065B-SegmentedRaftLog:OPENED:c-1,f0,i0, conf=0: [s0:0.0.0.0:33663, s1:0.0.0.0:41738, s2:0.0.0.0:43966], old=null RUNNING
  s2:  RUNNING  FOLLOWER s2@group-A7200166065B:t26, leader=null, voted=null, raftlog=s2@group-A7200166065B-SegmentedRaftLog:OPENED:c-1,f0,i0, conf=0: [s0:0.0.0.0:33663, s1:0.0.0.0:41738, s2:0.0.0.0:43966], old=null RUNNING, sleep 450ms and then retry.
java.lang.IllegalStateException: No leader yet : printing ALL groups
  s0:  RUNNING CANDIDATE s0@group-A7200166065B:t27, leader=null, voted=s0, raftlog=s0@group-A7200166065B-SegmentedRaftLog:OPENED:c0,f0,i0, conf=0: [s0:0.0.0.0:33663, s1:0.0.0.0:41738, s2:0.0.0.0:43966], old=null RUNNING
  s1:  RUNNING  FOLLOWER s1@group-A7200166065B:t26, leader=null, voted=null, raftlog=s1@group-A7200166065B-SegmentedRaftLog:OPENED:c-1,f0,i0, conf=0: [s0:0.0.0.0:33663, s1:0.0.0.0:41738, s2:0.0.0.0:43966], old=null RUNNING
  s2:  RUNNING  FOLLOWER s2@group-A7200166065B:t26, leader=null, voted=null, raftlog=s2@group-A7200166065B-SegmentedRaftLog:OPENED:c-1,f0,i0, conf=0: [s0:0.0.0.0:33663, s1:0.0.0.0:41738, s2:0.0.0.0:43966], old=null RUNNING
	at org.apache.ratis.MiniRaftCluster.newIllegalStateExceptionForNoLeaders(MiniRaftCluster.java:506)
	at org.apache.ratis.RaftTestUtil.lambda$waitForLeader$1(RaftTestUtil.java:90)
	at org.apache.ratis.MiniRaftCluster.getLeader(MiniRaftCluster.java:539)
	at org.apache.ratis.MiniRaftCluster.getLeader(MiniRaftCluster.java:532)
	at org.apache.ratis.RaftTestUtil.lambda$waitForLeader$3(RaftTestUtil.java:98)
	at org.apache.ratis.util.JavaUtils.attempt(JavaUtils.java:152)
	at org.apache.ratis.RaftTestUtil.waitForLeader(RaftTestUtil.java:97)
	at org.apache.ratis.RaftTestUtil.waitForLeader(RaftTestUtil.java:77)
	at org.apache.ratis.RaftTestUtil.waitForLeader(RaftTestUtil.java:72)
	at org.apache.ratis.RaftTestUtil.lambda$changeLeader$7(RaftTestUtil.java:363)
	at org.apache.ratis.util.JavaUtils.attempt(JavaUtils.java:152)
	at org.apache.ratis.RaftTestUtil.changeLeader(RaftTestUtil.java:362)
	at org.apache.ratis.server.impl.LeaderElectionTests.testChangeLeader(LeaderElectionTests.java:81)
	at sun.reflect.NativeMethodAccessorImpl.invoke0(Native Method)
	at sun.reflect.NativeMethodAccessorImpl.invoke(NativeMethodAccessorImpl.java:62)
	at sun.reflect.DelegatingMethodAccessorImpl.invoke(DelegatingMethodAccessorImpl.java:43)
	at java.lang.reflect.Method.invoke(Method.java:498)
	at org.junit.runners.model.FrameworkMethod$1.runReflectiveCall(FrameworkMethod.java:50)
	at org.junit.internal.runners.model.ReflectiveCallable.run(ReflectiveCallable.java:12)
	at org.junit.runners.model.FrameworkMethod.invokeExplosively(FrameworkMethod.java:47)
	at org.junit.internal.runners.statements.InvokeMethod.evaluate(InvokeMethod.java:17)
	at org.junit.internal.runners.statements.RunAfters.evaluate(RunAfters.java:27)
	at org.junit.internal.runners.statements.FailOnTimeout$CallableStatement.call(FailOnTimeout.java:298)
	at org.junit.internal.runners.statements.FailOnTimeout$CallableStatement.call(FailOnTimeout.java:292)
	at java.util.concurrent.FutureTask.run(FutureTask.java:266)
	at java.lang.Thread.run(Thread.java:748)
2019-09-24 16:30:34,865 WARN  ratis.RaftTestUtil (JavaUtils.java:attempt(158)) - FAILED "waitForLeader-null-(expectLeader? true)", attempt #91/100: java.lang.IllegalStateException: No leader yet : printing ALL groups
  s0:  RUNNING CANDIDATE s0@group-A7200166065B:t27, leader=null, voted=s0, raftlog=s0@group-A7200166065B-SegmentedRaftLog:OPENED:c0,f0,i0, conf=0: [s0:0.0.0.0:33663, s1:0.0.0.0:41738, s2:0.0.0.0:43966], old=null RUNNING
  s1:  RUNNING  FOLLOWER s1@group-A7200166065B:t26, leader=null, voted=null, raftlog=s1@group-A7200166065B-SegmentedRaftLog:OPENED:c-1,f0,i0, conf=0: [s0:0.0.0.0:33663, s1:0.0.0.0:41738, s2:0.0.0.0:43966], old=null RUNNING
  s2:  RUNNING  FOLLOWER s2@group-A7200166065B:t26, leader=null, voted=null, raftlog=s2@group-A7200166065B-SegmentedRaftLog:OPENED:c-1,f0,i0, conf=0: [s0:0.0.0.0:33663, s1:0.0.0.0:41738, s2:0.0.0.0:43966], old=null RUNNING, sleep 450ms and then retry.
java.lang.IllegalStateException: No leader yet : printing ALL groups
  s0:  RUNNING CANDIDATE s0@group-A7200166065B:t27, leader=null, voted=s0, raftlog=s0@group-A7200166065B-SegmentedRaftLog:OPENED:c0,f0,i0, conf=0: [s0:0.0.0.0:33663, s1:0.0.0.0:41738, s2:0.0.0.0:43966], old=null RUNNING
  s1:  RUNNING  FOLLOWER s1@group-A7200166065B:t26, leader=null, voted=null, raftlog=s1@group-A7200166065B-SegmentedRaftLog:OPENED:c-1,f0,i0, conf=0: [s0:0.0.0.0:33663, s1:0.0.0.0:41738, s2:0.0.0.0:43966], old=null RUNNING
  s2:  RUNNING  FOLLOWER s2@group-A7200166065B:t26, leader=null, voted=null, raftlog=s2@group-A7200166065B-SegmentedRaftLog:OPENED:c-1,f0,i0, conf=0: [s0:0.0.0.0:33663, s1:0.0.0.0:41738, s2:0.0.0.0:43966], old=null RUNNING
	at org.apache.ratis.MiniRaftCluster.newIllegalStateExceptionForNoLeaders(MiniRaftCluster.java:506)
	at org.apache.ratis.RaftTestUtil.lambda$waitForLeader$1(RaftTestUtil.java:90)
	at org.apache.ratis.MiniRaftCluster.getLeader(MiniRaftCluster.java:539)
	at org.apache.ratis.MiniRaftCluster.getLeader(MiniRaftCluster.java:532)
	at org.apache.ratis.RaftTestUtil.lambda$waitForLeader$3(RaftTestUtil.java:98)
	at org.apache.ratis.util.JavaUtils.attempt(JavaUtils.java:152)
	at org.apache.ratis.RaftTestUtil.waitForLeader(RaftTestUtil.java:97)
	at org.apache.ratis.RaftTestUtil.waitForLeader(RaftTestUtil.java:77)
	at org.apache.ratis.RaftTestUtil.waitForLeader(RaftTestUtil.java:72)
	at org.apache.ratis.RaftTestUtil.lambda$changeLeader$7(RaftTestUtil.java:363)
	at org.apache.ratis.util.JavaUtils.attempt(JavaUtils.java:152)
	at org.apache.ratis.RaftTestUtil.changeLeader(RaftTestUtil.java:362)
	at org.apache.ratis.server.impl.LeaderElectionTests.testChangeLeader(LeaderElectionTests.java:81)
	at sun.reflect.NativeMethodAccessorImpl.invoke0(Native Method)
	at sun.reflect.NativeMethodAccessorImpl.invoke(NativeMethodAccessorImpl.java:62)
	at sun.reflect.DelegatingMethodAccessorImpl.invoke(DelegatingMethodAccessorImpl.java:43)
	at java.lang.reflect.Method.invoke(Method.java:498)
	at org.junit.runners.model.FrameworkMethod$1.runReflectiveCall(FrameworkMethod.java:50)
	at org.junit.internal.runners.model.ReflectiveCallable.run(ReflectiveCallable.java:12)
	at org.junit.runners.model.FrameworkMethod.invokeExplosively(FrameworkMethod.java:47)
	at org.junit.internal.runners.statements.InvokeMethod.evaluate(InvokeMethod.java:17)
	at org.junit.internal.runners.statements.RunAfters.evaluate(RunAfters.java:27)
	at org.junit.internal.runners.statements.FailOnTimeout$CallableStatement.call(FailOnTimeout.java:298)
	at org.junit.internal.runners.statements.FailOnTimeout$CallableStatement.call(FailOnTimeout.java:292)
	at java.util.concurrent.FutureTask.run(FutureTask.java:266)
	at java.lang.Thread.run(Thread.java:748)
2019-09-24 16:30:35,316 WARN  ratis.RaftTestUtil (JavaUtils.java:attempt(158)) - FAILED "waitForLeader-null-(expectLeader? true)", attempt #92/100: java.lang.IllegalStateException: No leader yet : printing ALL groups
  s0:  RUNNING CANDIDATE s0@group-A7200166065B:t27, leader=null, voted=s0, raftlog=s0@group-A7200166065B-SegmentedRaftLog:OPENED:c0,f0,i0, conf=0: [s0:0.0.0.0:33663, s1:0.0.0.0:41738, s2:0.0.0.0:43966], old=null RUNNING
  s1:  RUNNING  FOLLOWER s1@group-A7200166065B:t26, leader=null, voted=null, raftlog=s1@group-A7200166065B-SegmentedRaftLog:OPENED:c-1,f0,i0, conf=0: [s0:0.0.0.0:33663, s1:0.0.0.0:41738, s2:0.0.0.0:43966], old=null RUNNING
  s2:  RUNNING  FOLLOWER s2@group-A7200166065B:t26, leader=null, voted=null, raftlog=s2@group-A7200166065B-SegmentedRaftLog:OPENED:c-1,f0,i0, conf=0: [s0:0.0.0.0:33663, s1:0.0.0.0:41738, s2:0.0.0.0:43966], old=null RUNNING, sleep 450ms and then retry.
java.lang.IllegalStateException: No leader yet : printing ALL groups
  s0:  RUNNING CANDIDATE s0@group-A7200166065B:t27, leader=null, voted=s0, raftlog=s0@group-A7200166065B-SegmentedRaftLog:OPENED:c0,f0,i0, conf=0: [s0:0.0.0.0:33663, s1:0.0.0.0:41738, s2:0.0.0.0:43966], old=null RUNNING
  s1:  RUNNING  FOLLOWER s1@group-A7200166065B:t26, leader=null, voted=null, raftlog=s1@group-A7200166065B-SegmentedRaftLog:OPENED:c-1,f0,i0, conf=0: [s0:0.0.0.0:33663, s1:0.0.0.0:41738, s2:0.0.0.0:43966], old=null RUNNING
  s2:  RUNNING  FOLLOWER s2@group-A7200166065B:t26, leader=null, voted=null, raftlog=s2@group-A7200166065B-SegmentedRaftLog:OPENED:c-1,f0,i0, conf=0: [s0:0.0.0.0:33663, s1:0.0.0.0:41738, s2:0.0.0.0:43966], old=null RUNNING
	at org.apache.ratis.MiniRaftCluster.newIllegalStateExceptionForNoLeaders(MiniRaftCluster.java:506)
	at org.apache.ratis.RaftTestUtil.lambda$waitForLeader$1(RaftTestUtil.java:90)
	at org.apache.ratis.MiniRaftCluster.getLeader(MiniRaftCluster.java:539)
	at org.apache.ratis.MiniRaftCluster.getLeader(MiniRaftCluster.java:532)
	at org.apache.ratis.RaftTestUtil.lambda$waitForLeader$3(RaftTestUtil.java:98)
	at org.apache.ratis.util.JavaUtils.attempt(JavaUtils.java:152)
	at org.apache.ratis.RaftTestUtil.waitForLeader(RaftTestUtil.java:97)
	at org.apache.ratis.RaftTestUtil.waitForLeader(RaftTestUtil.java:77)
	at org.apache.ratis.RaftTestUtil.waitForLeader(RaftTestUtil.java:72)
	at org.apache.ratis.RaftTestUtil.lambda$changeLeader$7(RaftTestUtil.java:363)
	at org.apache.ratis.util.JavaUtils.attempt(JavaUtils.java:152)
	at org.apache.ratis.RaftTestUtil.changeLeader(RaftTestUtil.java:362)
	at org.apache.ratis.server.impl.LeaderElectionTests.testChangeLeader(LeaderElectionTests.java:81)
	at sun.reflect.NativeMethodAccessorImpl.invoke0(Native Method)
	at sun.reflect.NativeMethodAccessorImpl.invoke(NativeMethodAccessorImpl.java:62)
	at sun.reflect.DelegatingMethodAccessorImpl.invoke(DelegatingMethodAccessorImpl.java:43)
	at java.lang.reflect.Method.invoke(Method.java:498)
	at org.junit.runners.model.FrameworkMethod$1.runReflectiveCall(FrameworkMethod.java:50)
	at org.junit.internal.runners.model.ReflectiveCallable.run(ReflectiveCallable.java:12)
	at org.junit.runners.model.FrameworkMethod.invokeExplosively(FrameworkMethod.java:47)
	at org.junit.internal.runners.statements.InvokeMethod.evaluate(InvokeMethod.java:17)
	at org.junit.internal.runners.statements.RunAfters.evaluate(RunAfters.java:27)
	at org.junit.internal.runners.statements.FailOnTimeout$CallableStatement.call(FailOnTimeout.java:298)
	at org.junit.internal.runners.statements.FailOnTimeout$CallableStatement.call(FailOnTimeout.java:292)
	at java.util.concurrent.FutureTask.run(FutureTask.java:266)
	at java.lang.Thread.run(Thread.java:748)
2019-09-24 16:30:35,768 WARN  ratis.RaftTestUtil (JavaUtils.java:attempt(158)) - FAILED "waitForLeader-null-(expectLeader? true)", attempt #93/100: java.lang.IllegalStateException: No leader yet : printing ALL groups
  s0:  RUNNING CANDIDATE s0@group-A7200166065B:t27, leader=null, voted=s0, raftlog=s0@group-A7200166065B-SegmentedRaftLog:OPENED:c0,f0,i0, conf=0: [s0:0.0.0.0:33663, s1:0.0.0.0:41738, s2:0.0.0.0:43966], old=null RUNNING
  s1:  RUNNING  FOLLOWER s1@group-A7200166065B:t26, leader=null, voted=null, raftlog=s1@group-A7200166065B-SegmentedRaftLog:OPENED:c-1,f0,i0, conf=0: [s0:0.0.0.0:33663, s1:0.0.0.0:41738, s2:0.0.0.0:43966], old=null RUNNING
  s2:  RUNNING  FOLLOWER s2@group-A7200166065B:t26, leader=null, voted=null, raftlog=s2@group-A7200166065B-SegmentedRaftLog:OPENED:c-1,f0,i0, conf=0: [s0:0.0.0.0:33663, s1:0.0.0.0:41738, s2:0.0.0.0:43966], old=null RUNNING, sleep 450ms and then retry.
java.lang.IllegalStateException: No leader yet : printing ALL groups
  s0:  RUNNING CANDIDATE s0@group-A7200166065B:t27, leader=null, voted=s0, raftlog=s0@group-A7200166065B-SegmentedRaftLog:OPENED:c0,f0,i0, conf=0: [s0:0.0.0.0:33663, s1:0.0.0.0:41738, s2:0.0.0.0:43966], old=null RUNNING
  s1:  RUNNING  FOLLOWER s1@group-A7200166065B:t26, leader=null, voted=null, raftlog=s1@group-A7200166065B-SegmentedRaftLog:OPENED:c-1,f0,i0, conf=0: [s0:0.0.0.0:33663, s1:0.0.0.0:41738, s2:0.0.0.0:43966], old=null RUNNING
  s2:  RUNNING  FOLLOWER s2@group-A7200166065B:t26, leader=null, voted=null, raftlog=s2@group-A7200166065B-SegmentedRaftLog:OPENED:c-1,f0,i0, conf=0: [s0:0.0.0.0:33663, s1:0.0.0.0:41738, s2:0.0.0.0:43966], old=null RUNNING
	at org.apache.ratis.MiniRaftCluster.newIllegalStateExceptionForNoLeaders(MiniRaftCluster.java:506)
	at org.apache.ratis.RaftTestUtil.lambda$waitForLeader$1(RaftTestUtil.java:90)
	at org.apache.ratis.MiniRaftCluster.getLeader(MiniRaftCluster.java:539)
	at org.apache.ratis.MiniRaftCluster.getLeader(MiniRaftCluster.java:532)
	at org.apache.ratis.RaftTestUtil.lambda$waitForLeader$3(RaftTestUtil.java:98)
	at org.apache.ratis.util.JavaUtils.attempt(JavaUtils.java:152)
	at org.apache.ratis.RaftTestUtil.waitForLeader(RaftTestUtil.java:97)
	at org.apache.ratis.RaftTestUtil.waitForLeader(RaftTestUtil.java:77)
	at org.apache.ratis.RaftTestUtil.waitForLeader(RaftTestUtil.java:72)
	at org.apache.ratis.RaftTestUtil.lambda$changeLeader$7(RaftTestUtil.java:363)
	at org.apache.ratis.util.JavaUtils.attempt(JavaUtils.java:152)
	at org.apache.ratis.RaftTestUtil.changeLeader(RaftTestUtil.java:362)
	at org.apache.ratis.server.impl.LeaderElectionTests.testChangeLeader(LeaderElectionTests.java:81)
	at sun.reflect.NativeMethodAccessorImpl.invoke0(Native Method)
	at sun.reflect.NativeMethodAccessorImpl.invoke(NativeMethodAccessorImpl.java:62)
	at sun.reflect.DelegatingMethodAccessorImpl.invoke(DelegatingMethodAccessorImpl.java:43)
	at java.lang.reflect.Method.invoke(Method.java:498)
	at org.junit.runners.model.FrameworkMethod$1.runReflectiveCall(FrameworkMethod.java:50)
	at org.junit.internal.runners.model.ReflectiveCallable.run(ReflectiveCallable.java:12)
	at org.junit.runners.model.FrameworkMethod.invokeExplosively(FrameworkMethod.java:47)
	at org.junit.internal.runners.statements.InvokeMethod.evaluate(InvokeMethod.java:17)
	at org.junit.internal.runners.statements.RunAfters.evaluate(RunAfters.java:27)
	at org.junit.internal.runners.statements.FailOnTimeout$CallableStatement.call(FailOnTimeout.java:298)
	at org.junit.internal.runners.statements.FailOnTimeout$CallableStatement.call(FailOnTimeout.java:292)
	at java.util.concurrent.FutureTask.run(FutureTask.java:266)
	at java.lang.Thread.run(Thread.java:748)
2019-09-24 16:30:36,219 WARN  ratis.RaftTestUtil (JavaUtils.java:attempt(158)) - FAILED "waitForLeader-null-(expectLeader? true)", attempt #94/100: java.lang.IllegalStateException: No leader yet : printing ALL groups
  s0:  RUNNING CANDIDATE s0@group-A7200166065B:t27, leader=null, voted=s0, raftlog=s0@group-A7200166065B-SegmentedRaftLog:OPENED:c0,f0,i0, conf=0: [s0:0.0.0.0:33663, s1:0.0.0.0:41738, s2:0.0.0.0:43966], old=null RUNNING
  s1:  RUNNING  FOLLOWER s1@group-A7200166065B:t26, leader=null, voted=null, raftlog=s1@group-A7200166065B-SegmentedRaftLog:OPENED:c-1,f0,i0, conf=0: [s0:0.0.0.0:33663, s1:0.0.0.0:41738, s2:0.0.0.0:43966], old=null RUNNING
  s2:  RUNNING  FOLLOWER s2@group-A7200166065B:t26, leader=null, voted=null, raftlog=s2@group-A7200166065B-SegmentedRaftLog:OPENED:c-1,f0,i0, conf=0: [s0:0.0.0.0:33663, s1:0.0.0.0:41738, s2:0.0.0.0:43966], old=null RUNNING, sleep 450ms and then retry.
java.lang.IllegalStateException: No leader yet : printing ALL groups
  s0:  RUNNING CANDIDATE s0@group-A7200166065B:t27, leader=null, voted=s0, raftlog=s0@group-A7200166065B-SegmentedRaftLog:OPENED:c0,f0,i0, conf=0: [s0:0.0.0.0:33663, s1:0.0.0.0:41738, s2:0.0.0.0:43966], old=null RUNNING
  s1:  RUNNING  FOLLOWER s1@group-A7200166065B:t26, leader=null, voted=null, raftlog=s1@group-A7200166065B-SegmentedRaftLog:OPENED:c-1,f0,i0, conf=0: [s0:0.0.0.0:33663, s1:0.0.0.0:41738, s2:0.0.0.0:43966], old=null RUNNING
  s2:  RUNNING  FOLLOWER s2@group-A7200166065B:t26, leader=null, voted=null, raftlog=s2@group-A7200166065B-SegmentedRaftLog:OPENED:c-1,f0,i0, conf=0: [s0:0.0.0.0:33663, s1:0.0.0.0:41738, s2:0.0.0.0:43966], old=null RUNNING
	at org.apache.ratis.MiniRaftCluster.newIllegalStateExceptionForNoLeaders(MiniRaftCluster.java:506)
	at org.apache.ratis.RaftTestUtil.lambda$waitForLeader$1(RaftTestUtil.java:90)
	at org.apache.ratis.MiniRaftCluster.getLeader(MiniRaftCluster.java:539)
	at org.apache.ratis.MiniRaftCluster.getLeader(MiniRaftCluster.java:532)
	at org.apache.ratis.RaftTestUtil.lambda$waitForLeader$3(RaftTestUtil.java:98)
	at org.apache.ratis.util.JavaUtils.attempt(JavaUtils.java:152)
	at org.apache.ratis.RaftTestUtil.waitForLeader(RaftTestUtil.java:97)
	at org.apache.ratis.RaftTestUtil.waitForLeader(RaftTestUtil.java:77)
	at org.apache.ratis.RaftTestUtil.waitForLeader(RaftTestUtil.java:72)
	at org.apache.ratis.RaftTestUtil.lambda$changeLeader$7(RaftTestUtil.java:363)
	at org.apache.ratis.util.JavaUtils.attempt(JavaUtils.java:152)
	at org.apache.ratis.RaftTestUtil.changeLeader(RaftTestUtil.java:362)
	at org.apache.ratis.server.impl.LeaderElectionTests.testChangeLeader(LeaderElectionTests.java:81)
	at sun.reflect.NativeMethodAccessorImpl.invoke0(Native Method)
	at sun.reflect.NativeMethodAccessorImpl.invoke(NativeMethodAccessorImpl.java:62)
	at sun.reflect.DelegatingMethodAccessorImpl.invoke(DelegatingMethodAccessorImpl.java:43)
	at java.lang.reflect.Method.invoke(Method.java:498)
	at org.junit.runners.model.FrameworkMethod$1.runReflectiveCall(FrameworkMethod.java:50)
	at org.junit.internal.runners.model.ReflectiveCallable.run(ReflectiveCallable.java:12)
	at org.junit.runners.model.FrameworkMethod.invokeExplosively(FrameworkMethod.java:47)
	at org.junit.internal.runners.statements.InvokeMethod.evaluate(InvokeMethod.java:17)
	at org.junit.internal.runners.statements.RunAfters.evaluate(RunAfters.java:27)
	at org.junit.internal.runners.statements.FailOnTimeout$CallableStatement.call(FailOnTimeout.java:298)
	at org.junit.internal.runners.statements.FailOnTimeout$CallableStatement.call(FailOnTimeout.java:292)
	at java.util.concurrent.FutureTask.run(FutureTask.java:266)
	at java.lang.Thread.run(Thread.java:748)
2019-09-24 16:30:36,670 WARN  ratis.RaftTestUtil (JavaUtils.java:attempt(158)) - FAILED "waitForLeader-null-(expectLeader? true)", attempt #95/100: java.lang.IllegalStateException: No leader yet : printing ALL groups
  s0:  RUNNING CANDIDATE s0@group-A7200166065B:t27, leader=null, voted=s0, raftlog=s0@group-A7200166065B-SegmentedRaftLog:OPENED:c0,f0,i0, conf=0: [s0:0.0.0.0:33663, s1:0.0.0.0:41738, s2:0.0.0.0:43966], old=null RUNNING
  s1:  RUNNING  FOLLOWER s1@group-A7200166065B:t26, leader=null, voted=null, raftlog=s1@group-A7200166065B-SegmentedRaftLog:OPENED:c-1,f0,i0, conf=0: [s0:0.0.0.0:33663, s1:0.0.0.0:41738, s2:0.0.0.0:43966], old=null RUNNING
  s2:  RUNNING  FOLLOWER s2@group-A7200166065B:t26, leader=null, voted=null, raftlog=s2@group-A7200166065B-SegmentedRaftLog:OPENED:c-1,f0,i0, conf=0: [s0:0.0.0.0:33663, s1:0.0.0.0:41738, s2:0.0.0.0:43966], old=null RUNNING, sleep 450ms and then retry.
java.lang.IllegalStateException: No leader yet : printing ALL groups
  s0:  RUNNING CANDIDATE s0@group-A7200166065B:t27, leader=null, voted=s0, raftlog=s0@group-A7200166065B-SegmentedRaftLog:OPENED:c0,f0,i0, conf=0: [s0:0.0.0.0:33663, s1:0.0.0.0:41738, s2:0.0.0.0:43966], old=null RUNNING
  s1:  RUNNING  FOLLOWER s1@group-A7200166065B:t26, leader=null, voted=null, raftlog=s1@group-A7200166065B-SegmentedRaftLog:OPENED:c-1,f0,i0, conf=0: [s0:0.0.0.0:33663, s1:0.0.0.0:41738, s2:0.0.0.0:43966], old=null RUNNING
  s2:  RUNNING  FOLLOWER s2@group-A7200166065B:t26, leader=null, voted=null, raftlog=s2@group-A7200166065B-SegmentedRaftLog:OPENED:c-1,f0,i0, conf=0: [s0:0.0.0.0:33663, s1:0.0.0.0:41738, s2:0.0.0.0:43966], old=null RUNNING
	at org.apache.ratis.MiniRaftCluster.newIllegalStateExceptionForNoLeaders(MiniRaftCluster.java:506)
	at org.apache.ratis.RaftTestUtil.lambda$waitForLeader$1(RaftTestUtil.java:90)
	at org.apache.ratis.MiniRaftCluster.getLeader(MiniRaftCluster.java:539)
	at org.apache.ratis.MiniRaftCluster.getLeader(MiniRaftCluster.java:532)
	at org.apache.ratis.RaftTestUtil.lambda$waitForLeader$3(RaftTestUtil.java:98)
	at org.apache.ratis.util.JavaUtils.attempt(JavaUtils.java:152)
	at org.apache.ratis.RaftTestUtil.waitForLeader(RaftTestUtil.java:97)
	at org.apache.ratis.RaftTestUtil.waitForLeader(RaftTestUtil.java:77)
	at org.apache.ratis.RaftTestUtil.waitForLeader(RaftTestUtil.java:72)
	at org.apache.ratis.RaftTestUtil.lambda$changeLeader$7(RaftTestUtil.java:363)
	at org.apache.ratis.util.JavaUtils.attempt(JavaUtils.java:152)
	at org.apache.ratis.RaftTestUtil.changeLeader(RaftTestUtil.java:362)
	at org.apache.ratis.server.impl.LeaderElectionTests.testChangeLeader(LeaderElectionTests.java:81)
	at sun.reflect.NativeMethodAccessorImpl.invoke0(Native Method)
	at sun.reflect.NativeMethodAccessorImpl.invoke(NativeMethodAccessorImpl.java:62)
	at sun.reflect.DelegatingMethodAccessorImpl.invoke(DelegatingMethodAccessorImpl.java:43)
	at java.lang.reflect.Method.invoke(Method.java:498)
	at org.junit.runners.model.FrameworkMethod$1.runReflectiveCall(FrameworkMethod.java:50)
	at org.junit.internal.runners.model.ReflectiveCallable.run(ReflectiveCallable.java:12)
	at org.junit.runners.model.FrameworkMethod.invokeExplosively(FrameworkMethod.java:47)
	at org.junit.internal.runners.statements.InvokeMethod.evaluate(InvokeMethod.java:17)
	at org.junit.internal.runners.statements.RunAfters.evaluate(RunAfters.java:27)
	at org.junit.internal.runners.statements.FailOnTimeout$CallableStatement.call(FailOnTimeout.java:298)
	at org.junit.internal.runners.statements.FailOnTimeout$CallableStatement.call(FailOnTimeout.java:292)
	at java.util.concurrent.FutureTask.run(FutureTask.java:266)
	at java.lang.Thread.run(Thread.java:748)
2019-09-24 16:30:37,121 WARN  ratis.RaftTestUtil (JavaUtils.java:attempt(158)) - FAILED "waitForLeader-null-(expectLeader? true)", attempt #96/100: java.lang.IllegalStateException: No leader yet : printing ALL groups
  s0:  RUNNING CANDIDATE s0@group-A7200166065B:t27, leader=null, voted=s0, raftlog=s0@group-A7200166065B-SegmentedRaftLog:OPENED:c0,f0,i0, conf=0: [s0:0.0.0.0:33663, s1:0.0.0.0:41738, s2:0.0.0.0:43966], old=null RUNNING
  s1:  RUNNING  FOLLOWER s1@group-A7200166065B:t26, leader=null, voted=null, raftlog=s1@group-A7200166065B-SegmentedRaftLog:OPENED:c-1,f0,i0, conf=0: [s0:0.0.0.0:33663, s1:0.0.0.0:41738, s2:0.0.0.0:43966], old=null RUNNING
  s2:  RUNNING  FOLLOWER s2@group-A7200166065B:t26, leader=null, voted=null, raftlog=s2@group-A7200166065B-SegmentedRaftLog:OPENED:c-1,f0,i0, conf=0: [s0:0.0.0.0:33663, s1:0.0.0.0:41738, s2:0.0.0.0:43966], old=null RUNNING, sleep 450ms and then retry.
java.lang.IllegalStateException: No leader yet : printing ALL groups
  s0:  RUNNING CANDIDATE s0@group-A7200166065B:t27, leader=null, voted=s0, raftlog=s0@group-A7200166065B-SegmentedRaftLog:OPENED:c0,f0,i0, conf=0: [s0:0.0.0.0:33663, s1:0.0.0.0:41738, s2:0.0.0.0:43966], old=null RUNNING
  s1:  RUNNING  FOLLOWER s1@group-A7200166065B:t26, leader=null, voted=null, raftlog=s1@group-A7200166065B-SegmentedRaftLog:OPENED:c-1,f0,i0, conf=0: [s0:0.0.0.0:33663, s1:0.0.0.0:41738, s2:0.0.0.0:43966], old=null RUNNING
  s2:  RUNNING  FOLLOWER s2@group-A7200166065B:t26, leader=null, voted=null, raftlog=s2@group-A7200166065B-SegmentedRaftLog:OPENED:c-1,f0,i0, conf=0: [s0:0.0.0.0:33663, s1:0.0.0.0:41738, s2:0.0.0.0:43966], old=null RUNNING
	at org.apache.ratis.MiniRaftCluster.newIllegalStateExceptionForNoLeaders(MiniRaftCluster.java:506)
	at org.apache.ratis.RaftTestUtil.lambda$waitForLeader$1(RaftTestUtil.java:90)
	at org.apache.ratis.MiniRaftCluster.getLeader(MiniRaftCluster.java:539)
	at org.apache.ratis.MiniRaftCluster.getLeader(MiniRaftCluster.java:532)
	at org.apache.ratis.RaftTestUtil.lambda$waitForLeader$3(RaftTestUtil.java:98)
	at org.apache.ratis.util.JavaUtils.attempt(JavaUtils.java:152)
	at org.apache.ratis.RaftTestUtil.waitForLeader(RaftTestUtil.java:97)
	at org.apache.ratis.RaftTestUtil.waitForLeader(RaftTestUtil.java:77)
	at org.apache.ratis.RaftTestUtil.waitForLeader(RaftTestUtil.java:72)
	at org.apache.ratis.RaftTestUtil.lambda$changeLeader$7(RaftTestUtil.java:363)
	at org.apache.ratis.util.JavaUtils.attempt(JavaUtils.java:152)
	at org.apache.ratis.RaftTestUtil.changeLeader(RaftTestUtil.java:362)
	at org.apache.ratis.server.impl.LeaderElectionTests.testChangeLeader(LeaderElectionTests.java:81)
	at sun.reflect.NativeMethodAccessorImpl.invoke0(Native Method)
	at sun.reflect.NativeMethodAccessorImpl.invoke(NativeMethodAccessorImpl.java:62)
	at sun.reflect.DelegatingMethodAccessorImpl.invoke(DelegatingMethodAccessorImpl.java:43)
	at java.lang.reflect.Method.invoke(Method.java:498)
	at org.junit.runners.model.FrameworkMethod$1.runReflectiveCall(FrameworkMethod.java:50)
	at org.junit.internal.runners.model.ReflectiveCallable.run(ReflectiveCallable.java:12)
	at org.junit.runners.model.FrameworkMethod.invokeExplosively(FrameworkMethod.java:47)
	at org.junit.internal.runners.statements.InvokeMethod.evaluate(InvokeMethod.java:17)
	at org.junit.internal.runners.statements.RunAfters.evaluate(RunAfters.java:27)
	at org.junit.internal.runners.statements.FailOnTimeout$CallableStatement.call(FailOnTimeout.java:298)
	at org.junit.internal.runners.statements.FailOnTimeout$CallableStatement.call(FailOnTimeout.java:292)
	at java.util.concurrent.FutureTask.run(FutureTask.java:266)
	at java.lang.Thread.run(Thread.java:748)
2019-09-24 16:30:37,573 WARN  ratis.RaftTestUtil (JavaUtils.java:attempt(158)) - FAILED "waitForLeader-null-(expectLeader? true)", attempt #97/100: java.lang.IllegalStateException: No leader yet : printing ALL groups
  s0:  RUNNING CANDIDATE s0@group-A7200166065B:t27, leader=null, voted=s0, raftlog=s0@group-A7200166065B-SegmentedRaftLog:OPENED:c0,f0,i0, conf=0: [s0:0.0.0.0:33663, s1:0.0.0.0:41738, s2:0.0.0.0:43966], old=null RUNNING
  s1:  RUNNING  FOLLOWER s1@group-A7200166065B:t26, leader=null, voted=null, raftlog=s1@group-A7200166065B-SegmentedRaftLog:OPENED:c-1,f0,i0, conf=0: [s0:0.0.0.0:33663, s1:0.0.0.0:41738, s2:0.0.0.0:43966], old=null RUNNING
  s2:  RUNNING  FOLLOWER s2@group-A7200166065B:t26, leader=null, voted=null, raftlog=s2@group-A7200166065B-SegmentedRaftLog:OPENED:c-1,f0,i0, conf=0: [s0:0.0.0.0:33663, s1:0.0.0.0:41738, s2:0.0.0.0:43966], old=null RUNNING, sleep 450ms and then retry.
java.lang.IllegalStateException: No leader yet : printing ALL groups
  s0:  RUNNING CANDIDATE s0@group-A7200166065B:t27, leader=null, voted=s0, raftlog=s0@group-A7200166065B-SegmentedRaftLog:OPENED:c0,f0,i0, conf=0: [s0:0.0.0.0:33663, s1:0.0.0.0:41738, s2:0.0.0.0:43966], old=null RUNNING
  s1:  RUNNING  FOLLOWER s1@group-A7200166065B:t26, leader=null, voted=null, raftlog=s1@group-A7200166065B-SegmentedRaftLog:OPENED:c-1,f0,i0, conf=0: [s0:0.0.0.0:33663, s1:0.0.0.0:41738, s2:0.0.0.0:43966], old=null RUNNING
  s2:  RUNNING  FOLLOWER s2@group-A7200166065B:t26, leader=null, voted=null, raftlog=s2@group-A7200166065B-SegmentedRaftLog:OPENED:c-1,f0,i0, conf=0: [s0:0.0.0.0:33663, s1:0.0.0.0:41738, s2:0.0.0.0:43966], old=null RUNNING
	at org.apache.ratis.MiniRaftCluster.newIllegalStateExceptionForNoLeaders(MiniRaftCluster.java:506)
	at org.apache.ratis.RaftTestUtil.lambda$waitForLeader$1(RaftTestUtil.java:90)
	at org.apache.ratis.MiniRaftCluster.getLeader(MiniRaftCluster.java:539)
	at org.apache.ratis.MiniRaftCluster.getLeader(MiniRaftCluster.java:532)
	at org.apache.ratis.RaftTestUtil.lambda$waitForLeader$3(RaftTestUtil.java:98)
	at org.apache.ratis.util.JavaUtils.attempt(JavaUtils.java:152)
	at org.apache.ratis.RaftTestUtil.waitForLeader(RaftTestUtil.java:97)
	at org.apache.ratis.RaftTestUtil.waitForLeader(RaftTestUtil.java:77)
	at org.apache.ratis.RaftTestUtil.waitForLeader(RaftTestUtil.java:72)
	at org.apache.ratis.RaftTestUtil.lambda$changeLeader$7(RaftTestUtil.java:363)
	at org.apache.ratis.util.JavaUtils.attempt(JavaUtils.java:152)
	at org.apache.ratis.RaftTestUtil.changeLeader(RaftTestUtil.java:362)
	at org.apache.ratis.server.impl.LeaderElectionTests.testChangeLeader(LeaderElectionTests.java:81)
	at sun.reflect.NativeMethodAccessorImpl.invoke0(Native Method)
	at sun.reflect.NativeMethodAccessorImpl.invoke(NativeMethodAccessorImpl.java:62)
	at sun.reflect.DelegatingMethodAccessorImpl.invoke(DelegatingMethodAccessorImpl.java:43)
	at java.lang.reflect.Method.invoke(Method.java:498)
	at org.junit.runners.model.FrameworkMethod$1.runReflectiveCall(FrameworkMethod.java:50)
	at org.junit.internal.runners.model.ReflectiveCallable.run(ReflectiveCallable.java:12)
	at org.junit.runners.model.FrameworkMethod.invokeExplosively(FrameworkMethod.java:47)
	at org.junit.internal.runners.statements.InvokeMethod.evaluate(InvokeMethod.java:17)
	at org.junit.internal.runners.statements.RunAfters.evaluate(RunAfters.java:27)
	at org.junit.internal.runners.statements.FailOnTimeout$CallableStatement.call(FailOnTimeout.java:298)
	at org.junit.internal.runners.statements.FailOnTimeout$CallableStatement.call(FailOnTimeout.java:292)
	at java.util.concurrent.FutureTask.run(FutureTask.java:266)
	at java.lang.Thread.run(Thread.java:748)
2019-09-24 16:30:38,024 WARN  ratis.RaftTestUtil (JavaUtils.java:attempt(158)) - FAILED "waitForLeader-null-(expectLeader? true)", attempt #98/100: java.lang.IllegalStateException: No leader yet : printing ALL groups
  s0:  RUNNING CANDIDATE s0@group-A7200166065B:t27, leader=null, voted=s0, raftlog=s0@group-A7200166065B-SegmentedRaftLog:OPENED:c0,f0,i0, conf=0: [s0:0.0.0.0:33663, s1:0.0.0.0:41738, s2:0.0.0.0:43966], old=null RUNNING
  s1:  RUNNING  FOLLOWER s1@group-A7200166065B:t26, leader=null, voted=null, raftlog=s1@group-A7200166065B-SegmentedRaftLog:OPENED:c-1,f0,i0, conf=0: [s0:0.0.0.0:33663, s1:0.0.0.0:41738, s2:0.0.0.0:43966], old=null RUNNING
  s2:  RUNNING  FOLLOWER s2@group-A7200166065B:t26, leader=null, voted=null, raftlog=s2@group-A7200166065B-SegmentedRaftLog:OPENED:c-1,f0,i0, conf=0: [s0:0.0.0.0:33663, s1:0.0.0.0:41738, s2:0.0.0.0:43966], old=null RUNNING, sleep 450ms and then retry.
java.lang.IllegalStateException: No leader yet : printing ALL groups
  s0:  RUNNING CANDIDATE s0@group-A7200166065B:t27, leader=null, voted=s0, raftlog=s0@group-A7200166065B-SegmentedRaftLog:OPENED:c0,f0,i0, conf=0: [s0:0.0.0.0:33663, s1:0.0.0.0:41738, s2:0.0.0.0:43966], old=null RUNNING
  s1:  RUNNING  FOLLOWER s1@group-A7200166065B:t26, leader=null, voted=null, raftlog=s1@group-A7200166065B-SegmentedRaftLog:OPENED:c-1,f0,i0, conf=0: [s0:0.0.0.0:33663, s1:0.0.0.0:41738, s2:0.0.0.0:43966], old=null RUNNING
  s2:  RUNNING  FOLLOWER s2@group-A7200166065B:t26, leader=null, voted=null, raftlog=s2@group-A7200166065B-SegmentedRaftLog:OPENED:c-1,f0,i0, conf=0: [s0:0.0.0.0:33663, s1:0.0.0.0:41738, s2:0.0.0.0:43966], old=null RUNNING
	at org.apache.ratis.MiniRaftCluster.newIllegalStateExceptionForNoLeaders(MiniRaftCluster.java:506)
	at org.apache.ratis.RaftTestUtil.lambda$waitForLeader$1(RaftTestUtil.java:90)
	at org.apache.ratis.MiniRaftCluster.getLeader(MiniRaftCluster.java:539)
	at org.apache.ratis.MiniRaftCluster.getLeader(MiniRaftCluster.java:532)
	at org.apache.ratis.RaftTestUtil.lambda$waitForLeader$3(RaftTestUtil.java:98)
	at org.apache.ratis.util.JavaUtils.attempt(JavaUtils.java:152)
	at org.apache.ratis.RaftTestUtil.waitForLeader(RaftTestUtil.java:97)
	at org.apache.ratis.RaftTestUtil.waitForLeader(RaftTestUtil.java:77)
	at org.apache.ratis.RaftTestUtil.waitForLeader(RaftTestUtil.java:72)
	at org.apache.ratis.RaftTestUtil.lambda$changeLeader$7(RaftTestUtil.java:363)
	at org.apache.ratis.util.JavaUtils.attempt(JavaUtils.java:152)
	at org.apache.ratis.RaftTestUtil.changeLeader(RaftTestUtil.java:362)
	at org.apache.ratis.server.impl.LeaderElectionTests.testChangeLeader(LeaderElectionTests.java:81)
	at sun.reflect.NativeMethodAccessorImpl.invoke0(Native Method)
	at sun.reflect.NativeMethodAccessorImpl.invoke(NativeMethodAccessorImpl.java:62)
	at sun.reflect.DelegatingMethodAccessorImpl.invoke(DelegatingMethodAccessorImpl.java:43)
	at java.lang.reflect.Method.invoke(Method.java:498)
	at org.junit.runners.model.FrameworkMethod$1.runReflectiveCall(FrameworkMethod.java:50)
	at org.junit.internal.runners.model.ReflectiveCallable.run(ReflectiveCallable.java:12)
	at org.junit.runners.model.FrameworkMethod.invokeExplosively(FrameworkMethod.java:47)
	at org.junit.internal.runners.statements.InvokeMethod.evaluate(InvokeMethod.java:17)
	at org.junit.internal.runners.statements.RunAfters.evaluate(RunAfters.java:27)
	at org.junit.internal.runners.statements.FailOnTimeout$CallableStatement.call(FailOnTimeout.java:298)
	at org.junit.internal.runners.statements.FailOnTimeout$CallableStatement.call(FailOnTimeout.java:292)
	at java.util.concurrent.FutureTask.run(FutureTask.java:266)
	at java.lang.Thread.run(Thread.java:748)
2019-09-24 16:30:38,058 INFO  impl.FollowerState (FollowerState.java:run(108)) - s2@group-A7200166065B-FollowerState: change to CANDIDATE, lastRpcTime:5136ms, electionTimeout:240ms
2019-09-24 16:30:38,058 INFO  impl.FollowerState (FollowerState.java:run(108)) - s1@group-A7200166065B-FollowerState: change to CANDIDATE, lastRpcTime:5137ms, electionTimeout:258ms
2019-09-24 16:30:38,058 INFO  impl.RoleInfo (RoleInfo.java:shutdownFollowerState(121)) - s2: shutdown FollowerState
2019-09-24 16:30:38,058 INFO  impl.RoleInfo (RoleInfo.java:shutdownFollowerState(121)) - s1: shutdown FollowerState
2019-09-24 16:30:38,058 INFO  impl.RaftServerImpl (RaftServerImpl.java:setRole(170)) - s2@group-A7200166065B: changes role from  FOLLOWER to CANDIDATE at term 26 for changeToCandidate
2019-09-24 16:30:38,059 INFO  impl.RaftServerImpl (RaftServerImpl.java:setRole(170)) - s1@group-A7200166065B: changes role from  FOLLOWER to CANDIDATE at term 26 for changeToCandidate
2019-09-24 16:30:38,059 INFO  impl.RoleInfo (RoleInfo.java:updateAndGet(143)) - s2: start LeaderElection
2019-09-24 16:30:38,059 INFO  impl.RoleInfo (RoleInfo.java:updateAndGet(143)) - s1: start LeaderElection
2019-09-24 16:30:38,475 WARN  ratis.RaftTestUtil (JavaUtils.java:attempt(158)) - FAILED "waitForLeader-null-(expectLeader? true)", attempt #99/100: java.lang.IllegalStateException: No leader yet : printing ALL groups
  s0:  RUNNING CANDIDATE s0@group-A7200166065B:t27, leader=null, voted=s0, raftlog=s0@group-A7200166065B-SegmentedRaftLog:OPENED:c0,f0,i0, conf=0: [s0:0.0.0.0:33663, s1:0.0.0.0:41738, s2:0.0.0.0:43966], old=null RUNNING
  s1:  RUNNING CANDIDATE s1@group-A7200166065B:t27, leader=null, voted=s1, raftlog=s1@group-A7200166065B-SegmentedRaftLog:OPENED:c-1,f0,i0, conf=0: [s0:0.0.0.0:33663, s1:0.0.0.0:41738, s2:0.0.0.0:43966], old=null RUNNING
  s2:  RUNNING CANDIDATE s2@group-A7200166065B:t27, leader=null, voted=s2, raftlog=s2@group-A7200166065B-SegmentedRaftLog:OPENED:c-1,f0,i0, conf=0: [s0:0.0.0.0:33663, s1:0.0.0.0:41738, s2:0.0.0.0:43966], old=null RUNNING, sleep 450ms and then retry.
java.lang.IllegalStateException: No leader yet : printing ALL groups
  s0:  RUNNING CANDIDATE s0@group-A7200166065B:t27, leader=null, voted=s0, raftlog=s0@group-A7200166065B-SegmentedRaftLog:OPENED:c0,f0,i0, conf=0: [s0:0.0.0.0:33663, s1:0.0.0.0:41738, s2:0.0.0.0:43966], old=null RUNNING
  s1:  RUNNING CANDIDATE s1@group-A7200166065B:t27, leader=null, voted=s1, raftlog=s1@group-A7200166065B-SegmentedRaftLog:OPENED:c-1,f0,i0, conf=0: [s0:0.0.0.0:33663, s1:0.0.0.0:41738, s2:0.0.0.0:43966], old=null RUNNING
  s2:  RUNNING CANDIDATE s2@group-A7200166065B:t27, leader=null, voted=s2, raftlog=s2@group-A7200166065B-SegmentedRaftLog:OPENED:c-1,f0,i0, conf=0: [s0:0.0.0.0:33663, s1:0.0.0.0:41738, s2:0.0.0.0:43966], old=null RUNNING
	at org.apache.ratis.MiniRaftCluster.newIllegalStateExceptionForNoLeaders(MiniRaftCluster.java:506)
	at org.apache.ratis.RaftTestUtil.lambda$waitForLeader$1(RaftTestUtil.java:90)
	at org.apache.ratis.MiniRaftCluster.getLeader(MiniRaftCluster.java:539)
	at org.apache.ratis.MiniRaftCluster.getLeader(MiniRaftCluster.java:532)
	at org.apache.ratis.RaftTestUtil.lambda$waitForLeader$3(RaftTestUtil.java:98)
	at org.apache.ratis.util.JavaUtils.attempt(JavaUtils.java:152)
	at org.apache.ratis.RaftTestUtil.waitForLeader(RaftTestUtil.java:97)
	at org.apache.ratis.RaftTestUtil.waitForLeader(RaftTestUtil.java:77)
	at org.apache.ratis.RaftTestUtil.waitForLeader(RaftTestUtil.java:72)
	at org.apache.ratis.RaftTestUtil.lambda$changeLeader$7(RaftTestUtil.java:363)
	at org.apache.ratis.util.JavaUtils.attempt(JavaUtils.java:152)
	at org.apache.ratis.RaftTestUtil.changeLeader(RaftTestUtil.java:362)
	at org.apache.ratis.server.impl.LeaderElectionTests.testChangeLeader(LeaderElectionTests.java:81)
	at sun.reflect.NativeMethodAccessorImpl.invoke0(Native Method)
	at sun.reflect.NativeMethodAccessorImpl.invoke(NativeMethodAccessorImpl.java:62)
	at sun.reflect.DelegatingMethodAccessorImpl.invoke(DelegatingMethodAccessorImpl.java:43)
	at java.lang.reflect.Method.invoke(Method.java:498)
	at org.junit.runners.model.FrameworkMethod$1.runReflectiveCall(FrameworkMethod.java:50)
	at org.junit.internal.runners.model.ReflectiveCallable.run(ReflectiveCallable.java:12)
	at org.junit.runners.model.FrameworkMethod.invokeExplosively(FrameworkMethod.java:47)
	at org.junit.internal.runners.statements.InvokeMethod.evaluate(InvokeMethod.java:17)
	at org.junit.internal.runners.statements.RunAfters.evaluate(RunAfters.java:27)
	at org.junit.internal.runners.statements.FailOnTimeout$CallableStatement.call(FailOnTimeout.java:298)
	at org.junit.internal.runners.statements.FailOnTimeout$CallableStatement.call(FailOnTimeout.java:292)
	at java.util.concurrent.FutureTask.run(FutureTask.java:266)
	at java.lang.Thread.run(Thread.java:748)
2019-09-24 16:30:38,926 WARN  ratis.RaftTestUtil (JavaUtils.java:attempt(158)) - FAILED "testChangeLeader-changeLeader", attempt #17/20: java.lang.IllegalStateException: No leader yet : printing ALL groups
  s0:  RUNNING CANDIDATE s0@group-A7200166065B:t27, leader=null, voted=s0, raftlog=s0@group-A7200166065B-SegmentedRaftLog:OPENED:c0,f0,i0, conf=0: [s0:0.0.0.0:33663, s1:0.0.0.0:41738, s2:0.0.0.0:43966], old=null RUNNING
  s1:  RUNNING CANDIDATE s1@group-A7200166065B:t27, leader=null, voted=s1, raftlog=s1@group-A7200166065B-SegmentedRaftLog:OPENED:c-1,f0,i0, conf=0: [s0:0.0.0.0:33663, s1:0.0.0.0:41738, s2:0.0.0.0:43966], old=null RUNNING
  s2:  RUNNING CANDIDATE s2@group-A7200166065B:t27, leader=null, voted=s2, raftlog=s2@group-A7200166065B-SegmentedRaftLog:OPENED:c-1,f0,i0, conf=0: [s0:0.0.0.0:33663, s1:0.0.0.0:41738, s2:0.0.0.0:43966], old=null RUNNING, sleep 100ms and then retry.
java.lang.IllegalStateException: No leader yet : printing ALL groups
  s0:  RUNNING CANDIDATE s0@group-A7200166065B:t27, leader=null, voted=s0, raftlog=s0@group-A7200166065B-SegmentedRaftLog:OPENED:c0,f0,i0, conf=0: [s0:0.0.0.0:33663, s1:0.0.0.0:41738, s2:0.0.0.0:43966], old=null RUNNING
  s1:  RUNNING CANDIDATE s1@group-A7200166065B:t27, leader=null, voted=s1, raftlog=s1@group-A7200166065B-SegmentedRaftLog:OPENED:c-1,f0,i0, conf=0: [s0:0.0.0.0:33663, s1:0.0.0.0:41738, s2:0.0.0.0:43966], old=null RUNNING
  s2:  RUNNING CANDIDATE s2@group-A7200166065B:t27, leader=null, voted=s2, raftlog=s2@group-A7200166065B-SegmentedRaftLog:OPENED:c-1,f0,i0, conf=0: [s0:0.0.0.0:33663, s1:0.0.0.0:41738, s2:0.0.0.0:43966], old=null RUNNING
	at org.apache.ratis.MiniRaftCluster.newIllegalStateExceptionForNoLeaders(MiniRaftCluster.java:506)
	at org.apache.ratis.RaftTestUtil.lambda$waitForLeader$1(RaftTestUtil.java:90)
	at org.apache.ratis.MiniRaftCluster.getLeader(MiniRaftCluster.java:539)
	at org.apache.ratis.MiniRaftCluster.getLeader(MiniRaftCluster.java:532)
	at org.apache.ratis.RaftTestUtil.lambda$waitForLeader$3(RaftTestUtil.java:98)
	at org.apache.ratis.util.JavaUtils.attempt(JavaUtils.java:152)
	at org.apache.ratis.RaftTestUtil.waitForLeader(RaftTestUtil.java:97)
	at org.apache.ratis.RaftTestUtil.waitForLeader(RaftTestUtil.java:77)
	at org.apache.ratis.RaftTestUtil.waitForLeader(RaftTestUtil.java:72)
	at org.apache.ratis.RaftTestUtil.lambda$changeLeader$7(RaftTestUtil.java:363)
	at org.apache.ratis.util.JavaUtils.attempt(JavaUtils.java:152)
	at org.apache.ratis.RaftTestUtil.changeLeader(RaftTestUtil.java:362)
	at org.apache.ratis.server.impl.LeaderElectionTests.testChangeLeader(LeaderElectionTests.java:81)
	at sun.reflect.NativeMethodAccessorImpl.invoke0(Native Method)
	at sun.reflect.NativeMethodAccessorImpl.invoke(NativeMethodAccessorImpl.java:62)
	at sun.reflect.DelegatingMethodAccessorImpl.invoke(DelegatingMethodAccessorImpl.java:43)
	at java.lang.reflect.Method.invoke(Method.java:498)
	at org.junit.runners.model.FrameworkMethod$1.runReflectiveCall(FrameworkMethod.java:50)
	at org.junit.internal.runners.model.ReflectiveCallable.run(ReflectiveCallable.java:12)
	at org.junit.runners.model.FrameworkMethod.invokeExplosively(FrameworkMethod.java:47)
	at org.junit.internal.runners.statements.InvokeMethod.evaluate(InvokeMethod.java:17)
	at org.junit.internal.runners.statements.RunAfters.evaluate(RunAfters.java:27)
	at org.junit.internal.runners.statements.FailOnTimeout$CallableStatement.call(FailOnTimeout.java:298)
	at org.junit.internal.runners.statements.FailOnTimeout$CallableStatement.call(FailOnTimeout.java:292)
	at java.util.concurrent.FutureTask.run(FutureTask.java:266)
	at java.lang.Thread.run(Thread.java:748)
2019-09-24 16:30:39,027 INFO  server.RaftServerConfigKeys (ConfUtils.java:logGet(43)) - raft.server.rpc.timeout.max = 300ms (default)
2019-09-24 16:30:39,028 INFO  ratis.RaftTestUtil (RaftTestUtil.java:waitForLeader(86)) - printing ALL groups
  s0:  RUNNING CANDIDATE s0@group-A7200166065B:t27, leader=null, voted=s0, raftlog=s0@group-A7200166065B-SegmentedRaftLog:OPENED:c0,f0,i0, conf=0: [s0:0.0.0.0:33663, s1:0.0.0.0:41738, s2:0.0.0.0:43966], old=null RUNNING
  s1:  RUNNING CANDIDATE s1@group-A7200166065B:t27, leader=null, voted=s1, raftlog=s1@group-A7200166065B-SegmentedRaftLog:OPENED:c-1,f0,i0, conf=0: [s0:0.0.0.0:33663, s1:0.0.0.0:41738, s2:0.0.0.0:43966], old=null RUNNING
  s2:  RUNNING CANDIDATE s2@group-A7200166065B:t27, leader=null, voted=s2, raftlog=s2@group-A7200166065B-SegmentedRaftLog:OPENED:c-1,f0,i0, conf=0: [s0:0.0.0.0:33663, s1:0.0.0.0:41738, s2:0.0.0.0:43966], old=null RUNNING
2019-09-24 16:30:39,028 WARN  ratis.RaftTestUtil (JavaUtils.java:attempt(158)) - FAILED "waitForLeader-null-(expectLeader? true)", attempt #1/100: java.lang.IllegalStateException: No leader yet : printing ALL groups
  s0:  RUNNING CANDIDATE s0@group-A7200166065B:t27, leader=null, voted=s0, raftlog=s0@group-A7200166065B-SegmentedRaftLog:OPENED:c0,f0,i0, conf=0: [s0:0.0.0.0:33663, s1:0.0.0.0:41738, s2:0.0.0.0:43966], old=null RUNNING
  s1:  RUNNING CANDIDATE s1@group-A7200166065B:t27, leader=null, voted=s1, raftlog=s1@group-A7200166065B-SegmentedRaftLog:OPENED:c-1,f0,i0, conf=0: [s0:0.0.0.0:33663, s1:0.0.0.0:41738, s2:0.0.0.0:43966], old=null RUNNING
  s2:  RUNNING CANDIDATE s2@group-A7200166065B:t27, leader=null, voted=s2, raftlog=s2@group-A7200166065B-SegmentedRaftLog:OPENED:c-1,f0,i0, conf=0: [s0:0.0.0.0:33663, s1:0.0.0.0:41738, s2:0.0.0.0:43966], old=null RUNNING, sleep 450ms and then retry.
java.lang.IllegalStateException: No leader yet : printing ALL groups
  s0:  RUNNING CANDIDATE s0@group-A7200166065B:t27, leader=null, voted=s0, raftlog=s0@group-A7200166065B-SegmentedRaftLog:OPENED:c0,f0,i0, conf=0: [s0:0.0.0.0:33663, s1:0.0.0.0:41738, s2:0.0.0.0:43966], old=null RUNNING
  s1:  RUNNING CANDIDATE s1@group-A7200166065B:t27, leader=null, voted=s1, raftlog=s1@group-A7200166065B-SegmentedRaftLog:OPENED:c-1,f0,i0, conf=0: [s0:0.0.0.0:33663, s1:0.0.0.0:41738, s2:0.0.0.0:43966], old=null RUNNING
  s2:  RUNNING CANDIDATE s2@group-A7200166065B:t27, leader=null, voted=s2, raftlog=s2@group-A7200166065B-SegmentedRaftLog:OPENED:c-1,f0,i0, conf=0: [s0:0.0.0.0:33663, s1:0.0.0.0:41738, s2:0.0.0.0:43966], old=null RUNNING
	at org.apache.ratis.MiniRaftCluster.newIllegalStateExceptionForNoLeaders(MiniRaftCluster.java:506)
	at org.apache.ratis.RaftTestUtil.lambda$waitForLeader$1(RaftTestUtil.java:90)
	at org.apache.ratis.MiniRaftCluster.getLeader(MiniRaftCluster.java:539)
	at org.apache.ratis.MiniRaftCluster.getLeader(MiniRaftCluster.java:532)
	at org.apache.ratis.RaftTestUtil.lambda$waitForLeader$3(RaftTestUtil.java:98)
	at org.apache.ratis.util.JavaUtils.attempt(JavaUtils.java:152)
	at org.apache.ratis.RaftTestUtil.waitForLeader(RaftTestUtil.java:97)
	at org.apache.ratis.RaftTestUtil.waitForLeader(RaftTestUtil.java:77)
	at org.apache.ratis.RaftTestUtil.waitForLeader(RaftTestUtil.java:72)
	at org.apache.ratis.RaftTestUtil.lambda$changeLeader$7(RaftTestUtil.java:363)
	at org.apache.ratis.util.JavaUtils.attempt(JavaUtils.java:152)
	at org.apache.ratis.RaftTestUtil.changeLeader(RaftTestUtil.java:362)
	at org.apache.ratis.server.impl.LeaderElectionTests.testChangeLeader(LeaderElectionTests.java:81)
	at sun.reflect.NativeMethodAccessorImpl.invoke0(Native Method)
	at sun.reflect.NativeMethodAccessorImpl.invoke(NativeMethodAccessorImpl.java:62)
	at sun.reflect.DelegatingMethodAccessorImpl.invoke(DelegatingMethodAccessorImpl.java:43)
	at java.lang.reflect.Method.invoke(Method.java:498)
	at org.junit.runners.model.FrameworkMethod$1.runReflectiveCall(FrameworkMethod.java:50)
	at org.junit.internal.runners.model.ReflectiveCallable.run(ReflectiveCallable.java:12)
	at org.junit.runners.model.FrameworkMethod.invokeExplosively(FrameworkMethod.java:47)
	at org.junit.internal.runners.statements.InvokeMethod.evaluate(InvokeMethod.java:17)
	at org.junit.internal.runners.statements.RunAfters.evaluate(RunAfters.java:27)
	at org.junit.internal.runners.statements.FailOnTimeout$CallableStatement.call(FailOnTimeout.java:298)
	at org.junit.internal.runners.statements.FailOnTimeout$CallableStatement.call(FailOnTimeout.java:292)
	at java.util.concurrent.FutureTask.run(FutureTask.java:266)
	at java.lang.Thread.run(Thread.java:748)
2019-09-24 16:30:39,479 WARN  ratis.RaftTestUtil (JavaUtils.java:attempt(158)) - FAILED "waitForLeader-null-(expectLeader? true)", attempt #2/100: java.lang.IllegalStateException: No leader yet : printing ALL groups
  s0:  RUNNING CANDIDATE s0@group-A7200166065B:t27, leader=null, voted=s0, raftlog=s0@group-A7200166065B-SegmentedRaftLog:OPENED:c0,f0,i0, conf=0: [s0:0.0.0.0:33663, s1:0.0.0.0:41738, s2:0.0.0.0:43966], old=null RUNNING
  s1:  RUNNING CANDIDATE s1@group-A7200166065B:t27, leader=null, voted=s1, raftlog=s1@group-A7200166065B-SegmentedRaftLog:OPENED:c-1,f0,i0, conf=0: [s0:0.0.0.0:33663, s1:0.0.0.0:41738, s2:0.0.0.0:43966], old=null RUNNING
  s2:  RUNNING CANDIDATE s2@group-A7200166065B:t27, leader=null, voted=s2, raftlog=s2@group-A7200166065B-SegmentedRaftLog:OPENED:c-1,f0,i0, conf=0: [s0:0.0.0.0:33663, s1:0.0.0.0:41738, s2:0.0.0.0:43966], old=null RUNNING, sleep 450ms and then retry.
java.lang.IllegalStateException: No leader yet : printing ALL groups
  s0:  RUNNING CANDIDATE s0@group-A7200166065B:t27, leader=null, voted=s0, raftlog=s0@group-A7200166065B-SegmentedRaftLog:OPENED:c0,f0,i0, conf=0: [s0:0.0.0.0:33663, s1:0.0.0.0:41738, s2:0.0.0.0:43966], old=null RUNNING
  s1:  RUNNING CANDIDATE s1@group-A7200166065B:t27, leader=null, voted=s1, raftlog=s1@group-A7200166065B-SegmentedRaftLog:OPENED:c-1,f0,i0, conf=0: [s0:0.0.0.0:33663, s1:0.0.0.0:41738, s2:0.0.0.0:43966], old=null RUNNING
  s2:  RUNNING CANDIDATE s2@group-A7200166065B:t27, leader=null, voted=s2, raftlog=s2@group-A7200166065B-SegmentedRaftLog:OPENED:c-1,f0,i0, conf=0: [s0:0.0.0.0:33663, s1:0.0.0.0:41738, s2:0.0.0.0:43966], old=null RUNNING
	at org.apache.ratis.MiniRaftCluster.newIllegalStateExceptionForNoLeaders(MiniRaftCluster.java:506)
	at org.apache.ratis.RaftTestUtil.lambda$waitForLeader$1(RaftTestUtil.java:90)
	at org.apache.ratis.MiniRaftCluster.getLeader(MiniRaftCluster.java:539)
	at org.apache.ratis.MiniRaftCluster.getLeader(MiniRaftCluster.java:532)
	at org.apache.ratis.RaftTestUtil.lambda$waitForLeader$3(RaftTestUtil.java:98)
	at org.apache.ratis.util.JavaUtils.attempt(JavaUtils.java:152)
	at org.apache.ratis.RaftTestUtil.waitForLeader(RaftTestUtil.java:97)
	at org.apache.ratis.RaftTestUtil.waitForLeader(RaftTestUtil.java:77)
	at org.apache.ratis.RaftTestUtil.waitForLeader(RaftTestUtil.java:72)
	at org.apache.ratis.RaftTestUtil.lambda$changeLeader$7(RaftTestUtil.java:363)
	at org.apache.ratis.util.JavaUtils.attempt(JavaUtils.java:152)
	at org.apache.ratis.RaftTestUtil.changeLeader(RaftTestUtil.java:362)
	at org.apache.ratis.server.impl.LeaderElectionTests.testChangeLeader(LeaderElectionTests.java:81)
	at sun.reflect.NativeMethodAccessorImpl.invoke0(Native Method)
	at sun.reflect.NativeMethodAccessorImpl.invoke(NativeMethodAccessorImpl.java:62)
	at sun.reflect.DelegatingMethodAccessorImpl.invoke(DelegatingMethodAccessorImpl.java:43)
	at java.lang.reflect.Method.invoke(Method.java:498)
	at org.junit.runners.model.FrameworkMethod$1.runReflectiveCall(FrameworkMethod.java:50)
	at org.junit.internal.runners.model.ReflectiveCallable.run(ReflectiveCallable.java:12)
	at org.junit.runners.model.FrameworkMethod.invokeExplosively(FrameworkMethod.java:47)
	at org.junit.internal.runners.statements.InvokeMethod.evaluate(InvokeMethod.java:17)
	at org.junit.internal.runners.statements.RunAfters.evaluate(RunAfters.java:27)
	at org.junit.internal.runners.statements.FailOnTimeout$CallableStatement.call(FailOnTimeout.java:298)
	at org.junit.internal.runners.statements.FailOnTimeout$CallableStatement.call(FailOnTimeout.java:292)
	at java.util.concurrent.FutureTask.run(FutureTask.java:266)
	at java.lang.Thread.run(Thread.java:748)
2019-09-24 16:30:39,930 WARN  ratis.RaftTestUtil (JavaUtils.java:attempt(158)) - FAILED "waitForLeader-null-(expectLeader? true)", attempt #3/100: java.lang.IllegalStateException: No leader yet : printing ALL groups
  s0:  RUNNING CANDIDATE s0@group-A7200166065B:t27, leader=null, voted=s0, raftlog=s0@group-A7200166065B-SegmentedRaftLog:OPENED:c0,f0,i0, conf=0: [s0:0.0.0.0:33663, s1:0.0.0.0:41738, s2:0.0.0.0:43966], old=null RUNNING
  s1:  RUNNING CANDIDATE s1@group-A7200166065B:t27, leader=null, voted=s1, raftlog=s1@group-A7200166065B-SegmentedRaftLog:OPENED:c-1,f0,i0, conf=0: [s0:0.0.0.0:33663, s1:0.0.0.0:41738, s2:0.0.0.0:43966], old=null RUNNING
  s2:  RUNNING CANDIDATE s2@group-A7200166065B:t27, leader=null, voted=s2, raftlog=s2@group-A7200166065B-SegmentedRaftLog:OPENED:c-1,f0,i0, conf=0: [s0:0.0.0.0:33663, s1:0.0.0.0:41738, s2:0.0.0.0:43966], old=null RUNNING, sleep 450ms and then retry.
java.lang.IllegalStateException: No leader yet : printing ALL groups
  s0:  RUNNING CANDIDATE s0@group-A7200166065B:t27, leader=null, voted=s0, raftlog=s0@group-A7200166065B-SegmentedRaftLog:OPENED:c0,f0,i0, conf=0: [s0:0.0.0.0:33663, s1:0.0.0.0:41738, s2:0.0.0.0:43966], old=null RUNNING
  s1:  RUNNING CANDIDATE s1@group-A7200166065B:t27, leader=null, voted=s1, raftlog=s1@group-A7200166065B-SegmentedRaftLog:OPENED:c-1,f0,i0, conf=0: [s0:0.0.0.0:33663, s1:0.0.0.0:41738, s2:0.0.0.0:43966], old=null RUNNING
  s2:  RUNNING CANDIDATE s2@group-A7200166065B:t27, leader=null, voted=s2, raftlog=s2@group-A7200166065B-SegmentedRaftLog:OPENED:c-1,f0,i0, conf=0: [s0:0.0.0.0:33663, s1:0.0.0.0:41738, s2:0.0.0.0:43966], old=null RUNNING
	at org.apache.ratis.MiniRaftCluster.newIllegalStateExceptionForNoLeaders(MiniRaftCluster.java:506)
	at org.apache.ratis.RaftTestUtil.lambda$waitForLeader$1(RaftTestUtil.java:90)
	at org.apache.ratis.MiniRaftCluster.getLeader(MiniRaftCluster.java:539)
	at org.apache.ratis.MiniRaftCluster.getLeader(MiniRaftCluster.java:532)
	at org.apache.ratis.RaftTestUtil.lambda$waitForLeader$3(RaftTestUtil.java:98)
	at org.apache.ratis.util.JavaUtils.attempt(JavaUtils.java:152)
	at org.apache.ratis.RaftTestUtil.waitForLeader(RaftTestUtil.java:97)
	at org.apache.ratis.RaftTestUtil.waitForLeader(RaftTestUtil.java:77)
	at org.apache.ratis.RaftTestUtil.waitForLeader(RaftTestUtil.java:72)
	at org.apache.ratis.RaftTestUtil.lambda$changeLeader$7(RaftTestUtil.java:363)
	at org.apache.ratis.util.JavaUtils.attempt(JavaUtils.java:152)
	at org.apache.ratis.RaftTestUtil.changeLeader(RaftTestUtil.java:362)
	at org.apache.ratis.server.impl.LeaderElectionTests.testChangeLeader(LeaderElectionTests.java:81)
	at sun.reflect.NativeMethodAccessorImpl.invoke0(Native Method)
	at sun.reflect.NativeMethodAccessorImpl.invoke(NativeMethodAccessorImpl.java:62)
	at sun.reflect.DelegatingMethodAccessorImpl.invoke(DelegatingMethodAccessorImpl.java:43)
	at java.lang.reflect.Method.invoke(Method.java:498)
	at org.junit.runners.model.FrameworkMethod$1.runReflectiveCall(FrameworkMethod.java:50)
	at org.junit.internal.runners.model.ReflectiveCallable.run(ReflectiveCallable.java:12)
	at org.junit.runners.model.FrameworkMethod.invokeExplosively(FrameworkMethod.java:47)
	at org.junit.internal.runners.statements.InvokeMethod.evaluate(InvokeMethod.java:17)
	at org.junit.internal.runners.statements.RunAfters.evaluate(RunAfters.java:27)
	at org.junit.internal.runners.statements.FailOnTimeout$CallableStatement.call(FailOnTimeout.java:298)
	at org.junit.internal.runners.statements.FailOnTimeout$CallableStatement.call(FailOnTimeout.java:292)
	at java.util.concurrent.FutureTask.run(FutureTask.java:266)
	at java.lang.Thread.run(Thread.java:748)
2019-09-24 16:30:40,381 WARN  ratis.RaftTestUtil (JavaUtils.java:attempt(158)) - FAILED "waitForLeader-null-(expectLeader? true)", attempt #4/100: java.lang.IllegalStateException: No leader yet : printing ALL groups
  s0:  RUNNING CANDIDATE s0@group-A7200166065B:t27, leader=null, voted=s0, raftlog=s0@group-A7200166065B-SegmentedRaftLog:OPENED:c0,f0,i0, conf=0: [s0:0.0.0.0:33663, s1:0.0.0.0:41738, s2:0.0.0.0:43966], old=null RUNNING
  s1:  RUNNING CANDIDATE s1@group-A7200166065B:t27, leader=null, voted=s1, raftlog=s1@group-A7200166065B-SegmentedRaftLog:OPENED:c-1,f0,i0, conf=0: [s0:0.0.0.0:33663, s1:0.0.0.0:41738, s2:0.0.0.0:43966], old=null RUNNING
  s2:  RUNNING CANDIDATE s2@group-A7200166065B:t27, leader=null, voted=s2, raftlog=s2@group-A7200166065B-SegmentedRaftLog:OPENED:c-1,f0,i0, conf=0: [s0:0.0.0.0:33663, s1:0.0.0.0:41738, s2:0.0.0.0:43966], old=null RUNNING, sleep 450ms and then retry.
java.lang.IllegalStateException: No leader yet : printing ALL groups
  s0:  RUNNING CANDIDATE s0@group-A7200166065B:t27, leader=null, voted=s0, raftlog=s0@group-A7200166065B-SegmentedRaftLog:OPENED:c0,f0,i0, conf=0: [s0:0.0.0.0:33663, s1:0.0.0.0:41738, s2:0.0.0.0:43966], old=null RUNNING
  s1:  RUNNING CANDIDATE s1@group-A7200166065B:t27, leader=null, voted=s1, raftlog=s1@group-A7200166065B-SegmentedRaftLog:OPENED:c-1,f0,i0, conf=0: [s0:0.0.0.0:33663, s1:0.0.0.0:41738, s2:0.0.0.0:43966], old=null RUNNING
  s2:  RUNNING CANDIDATE s2@group-A7200166065B:t27, leader=null, voted=s2, raftlog=s2@group-A7200166065B-SegmentedRaftLog:OPENED:c-1,f0,i0, conf=0: [s0:0.0.0.0:33663, s1:0.0.0.0:41738, s2:0.0.0.0:43966], old=null RUNNING
	at org.apache.ratis.MiniRaftCluster.newIllegalStateExceptionForNoLeaders(MiniRaftCluster.java:506)
	at org.apache.ratis.RaftTestUtil.lambda$waitForLeader$1(RaftTestUtil.java:90)
	at org.apache.ratis.MiniRaftCluster.getLeader(MiniRaftCluster.java:539)
	at org.apache.ratis.MiniRaftCluster.getLeader(MiniRaftCluster.java:532)
	at org.apache.ratis.RaftTestUtil.lambda$waitForLeader$3(RaftTestUtil.java:98)
	at org.apache.ratis.util.JavaUtils.attempt(JavaUtils.java:152)
	at org.apache.ratis.RaftTestUtil.waitForLeader(RaftTestUtil.java:97)
	at org.apache.ratis.RaftTestUtil.waitForLeader(RaftTestUtil.java:77)
	at org.apache.ratis.RaftTestUtil.waitForLeader(RaftTestUtil.java:72)
	at org.apache.ratis.RaftTestUtil.lambda$changeLeader$7(RaftTestUtil.java:363)
	at org.apache.ratis.util.JavaUtils.attempt(JavaUtils.java:152)
	at org.apache.ratis.RaftTestUtil.changeLeader(RaftTestUtil.java:362)
	at org.apache.ratis.server.impl.LeaderElectionTests.testChangeLeader(LeaderElectionTests.java:81)
	at sun.reflect.NativeMethodAccessorImpl.invoke0(Native Method)
	at sun.reflect.NativeMethodAccessorImpl.invoke(NativeMethodAccessorImpl.java:62)
	at sun.reflect.DelegatingMethodAccessorImpl.invoke(DelegatingMethodAccessorImpl.java:43)
	at java.lang.reflect.Method.invoke(Method.java:498)
	at org.junit.runners.model.FrameworkMethod$1.runReflectiveCall(FrameworkMethod.java:50)
	at org.junit.internal.runners.model.ReflectiveCallable.run(ReflectiveCallable.java:12)
	at org.junit.runners.model.FrameworkMethod.invokeExplosively(FrameworkMethod.java:47)
	at org.junit.internal.runners.statements.InvokeMethod.evaluate(InvokeMethod.java:17)
	at org.junit.internal.runners.statements.RunAfters.evaluate(RunAfters.java:27)
	at org.junit.internal.runners.statements.FailOnTimeout$CallableStatement.call(FailOnTimeout.java:298)
	at org.junit.internal.runners.statements.FailOnTimeout$CallableStatement.call(FailOnTimeout.java:292)
	at java.util.concurrent.FutureTask.run(FutureTask.java:266)
	at java.lang.Thread.run(Thread.java:748)
2019-09-24 16:30:40,832 WARN  ratis.RaftTestUtil (JavaUtils.java:attempt(158)) - FAILED "waitForLeader-null-(expectLeader? true)", attempt #5/100: java.lang.IllegalStateException: No leader yet : printing ALL groups
  s0:  RUNNING CANDIDATE s0@group-A7200166065B:t27, leader=null, voted=s0, raftlog=s0@group-A7200166065B-SegmentedRaftLog:OPENED:c0,f0,i0, conf=0: [s0:0.0.0.0:33663, s1:0.0.0.0:41738, s2:0.0.0.0:43966], old=null RUNNING
  s1:  RUNNING CANDIDATE s1@group-A7200166065B:t27, leader=null, voted=s1, raftlog=s1@group-A7200166065B-SegmentedRaftLog:OPENED:c-1,f0,i0, conf=0: [s0:0.0.0.0:33663, s1:0.0.0.0:41738, s2:0.0.0.0:43966], old=null RUNNING
  s2:  RUNNING CANDIDATE s2@group-A7200166065B:t27, leader=null, voted=s2, raftlog=s2@group-A7200166065B-SegmentedRaftLog:OPENED:c-1,f0,i0, conf=0: [s0:0.0.0.0:33663, s1:0.0.0.0:41738, s2:0.0.0.0:43966], old=null RUNNING, sleep 450ms and then retry.
java.lang.IllegalStateException: No leader yet : printing ALL groups
  s0:  RUNNING CANDIDATE s0@group-A7200166065B:t27, leader=null, voted=s0, raftlog=s0@group-A7200166065B-SegmentedRaftLog:OPENED:c0,f0,i0, conf=0: [s0:0.0.0.0:33663, s1:0.0.0.0:41738, s2:0.0.0.0:43966], old=null RUNNING
  s1:  RUNNING CANDIDATE s1@group-A7200166065B:t27, leader=null, voted=s1, raftlog=s1@group-A7200166065B-SegmentedRaftLog:OPENED:c-1,f0,i0, conf=0: [s0:0.0.0.0:33663, s1:0.0.0.0:41738, s2:0.0.0.0:43966], old=null RUNNING
  s2:  RUNNING CANDIDATE s2@group-A7200166065B:t27, leader=null, voted=s2, raftlog=s2@group-A7200166065B-SegmentedRaftLog:OPENED:c-1,f0,i0, conf=0: [s0:0.0.0.0:33663, s1:0.0.0.0:41738, s2:0.0.0.0:43966], old=null RUNNING
	at org.apache.ratis.MiniRaftCluster.newIllegalStateExceptionForNoLeaders(MiniRaftCluster.java:506)
	at org.apache.ratis.RaftTestUtil.lambda$waitForLeader$1(RaftTestUtil.java:90)
	at org.apache.ratis.MiniRaftCluster.getLeader(MiniRaftCluster.java:539)
	at org.apache.ratis.MiniRaftCluster.getLeader(MiniRaftCluster.java:532)
	at org.apache.ratis.RaftTestUtil.lambda$waitForLeader$3(RaftTestUtil.java:98)
	at org.apache.ratis.util.JavaUtils.attempt(JavaUtils.java:152)
	at org.apache.ratis.RaftTestUtil.waitForLeader(RaftTestUtil.java:97)
	at org.apache.ratis.RaftTestUtil.waitForLeader(RaftTestUtil.java:77)
	at org.apache.ratis.RaftTestUtil.waitForLeader(RaftTestUtil.java:72)
	at org.apache.ratis.RaftTestUtil.lambda$changeLeader$7(RaftTestUtil.java:363)
	at org.apache.ratis.util.JavaUtils.attempt(JavaUtils.java:152)
	at org.apache.ratis.RaftTestUtil.changeLeader(RaftTestUtil.java:362)
	at org.apache.ratis.server.impl.LeaderElectionTests.testChangeLeader(LeaderElectionTests.java:81)
	at sun.reflect.NativeMethodAccessorImpl.invoke0(Native Method)
	at sun.reflect.NativeMethodAccessorImpl.invoke(NativeMethodAccessorImpl.java:62)
	at sun.reflect.DelegatingMethodAccessorImpl.invoke(DelegatingMethodAccessorImpl.java:43)
	at java.lang.reflect.Method.invoke(Method.java:498)
	at org.junit.runners.model.FrameworkMethod$1.runReflectiveCall(FrameworkMethod.java:50)
	at org.junit.internal.runners.model.ReflectiveCallable.run(ReflectiveCallable.java:12)
	at org.junit.runners.model.FrameworkMethod.invokeExplosively(FrameworkMethod.java:47)
	at org.junit.internal.runners.statements.InvokeMethod.evaluate(InvokeMethod.java:17)
	at org.junit.internal.runners.statements.RunAfters.evaluate(RunAfters.java:27)
	at org.junit.internal.runners.statements.FailOnTimeout$CallableStatement.call(FailOnTimeout.java:298)
	at org.junit.internal.runners.statements.FailOnTimeout$CallableStatement.call(FailOnTimeout.java:292)
	at java.util.concurrent.FutureTask.run(FutureTask.java:266)
	at java.lang.Thread.run(Thread.java:748)
2019-09-24 16:30:41,273 INFO  ratis.MiniRaftCluster (MiniRaftCluster.java:lambda$null$5(297)) - TIMED-PRINT: printing ALL groups
  s0:  RUNNING CANDIDATE s0@group-A7200166065B:t27, leader=null, voted=s0, raftlog=s0@group-A7200166065B-SegmentedRaftLog:OPENED:c0,f0,i0, conf=0: [s0:0.0.0.0:33663, s1:0.0.0.0:41738, s2:0.0.0.0:43966], old=null RUNNING
  s1:  RUNNING CANDIDATE s1@group-A7200166065B:t27, leader=null, voted=s1, raftlog=s1@group-A7200166065B-SegmentedRaftLog:OPENED:c-1,f0,i0, conf=0: [s0:0.0.0.0:33663, s1:0.0.0.0:41738, s2:0.0.0.0:43966], old=null RUNNING
  s2:  RUNNING CANDIDATE s2@group-A7200166065B:t27, leader=null, voted=s2, raftlog=s2@group-A7200166065B-SegmentedRaftLog:OPENED:c-1,f0,i0, conf=0: [s0:0.0.0.0:33663, s1:0.0.0.0:41738, s2:0.0.0.0:43966], old=null RUNNING
2019-09-24 16:30:41,283 WARN  ratis.RaftTestUtil (JavaUtils.java:attempt(158)) - FAILED "waitForLeader-null-(expectLeader? true)", attempt #6/100: java.lang.IllegalStateException: No leader yet : printing ALL groups
  s0:  RUNNING CANDIDATE s0@group-A7200166065B:t27, leader=null, voted=s0, raftlog=s0@group-A7200166065B-SegmentedRaftLog:OPENED:c0,f0,i0, conf=0: [s0:0.0.0.0:33663, s1:0.0.0.0:41738, s2:0.0.0.0:43966], old=null RUNNING
  s1:  RUNNING CANDIDATE s1@group-A7200166065B:t27, leader=null, voted=s1, raftlog=s1@group-A7200166065B-SegmentedRaftLog:OPENED:c-1,f0,i0, conf=0: [s0:0.0.0.0:33663, s1:0.0.0.0:41738, s2:0.0.0.0:43966], old=null RUNNING
  s2:  RUNNING CANDIDATE s2@group-A7200166065B:t27, leader=null, voted=s2, raftlog=s2@group-A7200166065B-SegmentedRaftLog:OPENED:c-1,f0,i0, conf=0: [s0:0.0.0.0:33663, s1:0.0.0.0:41738, s2:0.0.0.0:43966], old=null RUNNING, sleep 450ms and then retry.
java.lang.IllegalStateException: No leader yet : printing ALL groups
  s0:  RUNNING CANDIDATE s0@group-A7200166065B:t27, leader=null, voted=s0, raftlog=s0@group-A7200166065B-SegmentedRaftLog:OPENED:c0,f0,i0, conf=0: [s0:0.0.0.0:33663, s1:0.0.0.0:41738, s2:0.0.0.0:43966], old=null RUNNING
  s1:  RUNNING CANDIDATE s1@group-A7200166065B:t27, leader=null, voted=s1, raftlog=s1@group-A7200166065B-SegmentedRaftLog:OPENED:c-1,f0,i0, conf=0: [s0:0.0.0.0:33663, s1:0.0.0.0:41738, s2:0.0.0.0:43966], old=null RUNNING
  s2:  RUNNING CANDIDATE s2@group-A7200166065B:t27, leader=null, voted=s2, raftlog=s2@group-A7200166065B-SegmentedRaftLog:OPENED:c-1,f0,i0, conf=0: [s0:0.0.0.0:33663, s1:0.0.0.0:41738, s2:0.0.0.0:43966], old=null RUNNING
	at org.apache.ratis.MiniRaftCluster.newIllegalStateExceptionForNoLeaders(MiniRaftCluster.java:506)
	at org.apache.ratis.RaftTestUtil.lambda$waitForLeader$1(RaftTestUtil.java:90)
	at org.apache.ratis.MiniRaftCluster.getLeader(MiniRaftCluster.java:539)
	at org.apache.ratis.MiniRaftCluster.getLeader(MiniRaftCluster.java:532)
	at org.apache.ratis.RaftTestUtil.lambda$waitForLeader$3(RaftTestUtil.java:98)
	at org.apache.ratis.util.JavaUtils.attempt(JavaUtils.java:152)
	at org.apache.ratis.RaftTestUtil.waitForLeader(RaftTestUtil.java:97)
	at org.apache.ratis.RaftTestUtil.waitForLeader(RaftTestUtil.java:77)
	at org.apache.ratis.RaftTestUtil.waitForLeader(RaftTestUtil.java:72)
	at org.apache.ratis.RaftTestUtil.lambda$changeLeader$7(RaftTestUtil.java:363)
	at org.apache.ratis.util.JavaUtils.attempt(JavaUtils.java:152)
	at org.apache.ratis.RaftTestUtil.changeLeader(RaftTestUtil.java:362)
	at org.apache.ratis.server.impl.LeaderElectionTests.testChangeLeader(LeaderElectionTests.java:81)
	at sun.reflect.NativeMethodAccessorImpl.invoke0(Native Method)
	at sun.reflect.NativeMethodAccessorImpl.invoke(NativeMethodAccessorImpl.java:62)
	at sun.reflect.DelegatingMethodAccessorImpl.invoke(DelegatingMethodAccessorImpl.java:43)
	at java.lang.reflect.Method.invoke(Method.java:498)
	at org.junit.runners.model.FrameworkMethod$1.runReflectiveCall(FrameworkMethod.java:50)
	at org.junit.internal.runners.model.ReflectiveCallable.run(ReflectiveCallable.java:12)
	at org.junit.runners.model.FrameworkMethod.invokeExplosively(FrameworkMethod.java:47)
	at org.junit.internal.runners.statements.InvokeMethod.evaluate(InvokeMethod.java:17)
	at org.junit.internal.runners.statements.RunAfters.evaluate(RunAfters.java:27)
	at org.junit.internal.runners.statements.FailOnTimeout$CallableStatement.call(FailOnTimeout.java:298)
	at org.junit.internal.runners.statements.FailOnTimeout$CallableStatement.call(FailOnTimeout.java:292)
	at java.util.concurrent.FutureTask.run(FutureTask.java:266)
	at java.lang.Thread.run(Thread.java:748)
2019-09-24 16:30:41,735 WARN  ratis.RaftTestUtil (JavaUtils.java:attempt(158)) - FAILED "waitForLeader-null-(expectLeader? true)", attempt #7/100: java.lang.IllegalStateException: No leader yet : printing ALL groups
  s0:  RUNNING CANDIDATE s0@group-A7200166065B:t27, leader=null, voted=s0, raftlog=s0@group-A7200166065B-SegmentedRaftLog:OPENED:c0,f0,i0, conf=0: [s0:0.0.0.0:33663, s1:0.0.0.0:41738, s2:0.0.0.0:43966], old=null RUNNING
  s1:  RUNNING CANDIDATE s1@group-A7200166065B:t27, leader=null, voted=s1, raftlog=s1@group-A7200166065B-SegmentedRaftLog:OPENED:c-1,f0,i0, conf=0: [s0:0.0.0.0:33663, s1:0.0.0.0:41738, s2:0.0.0.0:43966], old=null RUNNING
  s2:  RUNNING CANDIDATE s2@group-A7200166065B:t27, leader=null, voted=s2, raftlog=s2@group-A7200166065B-SegmentedRaftLog:OPENED:c-1,f0,i0, conf=0: [s0:0.0.0.0:33663, s1:0.0.0.0:41738, s2:0.0.0.0:43966], old=null RUNNING, sleep 450ms and then retry.
java.lang.IllegalStateException: No leader yet : printing ALL groups
  s0:  RUNNING CANDIDATE s0@group-A7200166065B:t27, leader=null, voted=s0, raftlog=s0@group-A7200166065B-SegmentedRaftLog:OPENED:c0,f0,i0, conf=0: [s0:0.0.0.0:33663, s1:0.0.0.0:41738, s2:0.0.0.0:43966], old=null RUNNING
  s1:  RUNNING CANDIDATE s1@group-A7200166065B:t27, leader=null, voted=s1, raftlog=s1@group-A7200166065B-SegmentedRaftLog:OPENED:c-1,f0,i0, conf=0: [s0:0.0.0.0:33663, s1:0.0.0.0:41738, s2:0.0.0.0:43966], old=null RUNNING
  s2:  RUNNING CANDIDATE s2@group-A7200166065B:t27, leader=null, voted=s2, raftlog=s2@group-A7200166065B-SegmentedRaftLog:OPENED:c-1,f0,i0, conf=0: [s0:0.0.0.0:33663, s1:0.0.0.0:41738, s2:0.0.0.0:43966], old=null RUNNING
	at org.apache.ratis.MiniRaftCluster.newIllegalStateExceptionForNoLeaders(MiniRaftCluster.java:506)
	at org.apache.ratis.RaftTestUtil.lambda$waitForLeader$1(RaftTestUtil.java:90)
	at org.apache.ratis.MiniRaftCluster.getLeader(MiniRaftCluster.java:539)
	at org.apache.ratis.MiniRaftCluster.getLeader(MiniRaftCluster.java:532)
	at org.apache.ratis.RaftTestUtil.lambda$waitForLeader$3(RaftTestUtil.java:98)
	at org.apache.ratis.util.JavaUtils.attempt(JavaUtils.java:152)
	at org.apache.ratis.RaftTestUtil.waitForLeader(RaftTestUtil.java:97)
	at org.apache.ratis.RaftTestUtil.waitForLeader(RaftTestUtil.java:77)
	at org.apache.ratis.RaftTestUtil.waitForLeader(RaftTestUtil.java:72)
	at org.apache.ratis.RaftTestUtil.lambda$changeLeader$7(RaftTestUtil.java:363)
	at org.apache.ratis.util.JavaUtils.attempt(JavaUtils.java:152)
	at org.apache.ratis.RaftTestUtil.changeLeader(RaftTestUtil.java:362)
	at org.apache.ratis.server.impl.LeaderElectionTests.testChangeLeader(LeaderElectionTests.java:81)
	at sun.reflect.NativeMethodAccessorImpl.invoke0(Native Method)
	at sun.reflect.NativeMethodAccessorImpl.invoke(NativeMethodAccessorImpl.java:62)
	at sun.reflect.DelegatingMethodAccessorImpl.invoke(DelegatingMethodAccessorImpl.java:43)
	at java.lang.reflect.Method.invoke(Method.java:498)
	at org.junit.runners.model.FrameworkMethod$1.runReflectiveCall(FrameworkMethod.java:50)
	at org.junit.internal.runners.model.ReflectiveCallable.run(ReflectiveCallable.java:12)
	at org.junit.runners.model.FrameworkMethod.invokeExplosively(FrameworkMethod.java:47)
	at org.junit.internal.runners.statements.InvokeMethod.evaluate(InvokeMethod.java:17)
	at org.junit.internal.runners.statements.RunAfters.evaluate(RunAfters.java:27)
	at org.junit.internal.runners.statements.FailOnTimeout$CallableStatement.call(FailOnTimeout.java:298)
	at org.junit.internal.runners.statements.FailOnTimeout$CallableStatement.call(FailOnTimeout.java:292)
	at java.util.concurrent.FutureTask.run(FutureTask.java:266)
	at java.lang.Thread.run(Thread.java:748)
2019-09-24 16:30:42,186 WARN  ratis.RaftTestUtil (JavaUtils.java:attempt(158)) - FAILED "waitForLeader-null-(expectLeader? true)", attempt #8/100: java.lang.IllegalStateException: No leader yet : printing ALL groups
  s0:  RUNNING CANDIDATE s0@group-A7200166065B:t27, leader=null, voted=s0, raftlog=s0@group-A7200166065B-SegmentedRaftLog:OPENED:c0,f0,i0, conf=0: [s0:0.0.0.0:33663, s1:0.0.0.0:41738, s2:0.0.0.0:43966], old=null RUNNING
  s1:  RUNNING CANDIDATE s1@group-A7200166065B:t27, leader=null, voted=s1, raftlog=s1@group-A7200166065B-SegmentedRaftLog:OPENED:c-1,f0,i0, conf=0: [s0:0.0.0.0:33663, s1:0.0.0.0:41738, s2:0.0.0.0:43966], old=null RUNNING
  s2:  RUNNING CANDIDATE s2@group-A7200166065B:t27, leader=null, voted=s2, raftlog=s2@group-A7200166065B-SegmentedRaftLog:OPENED:c-1,f0,i0, conf=0: [s0:0.0.0.0:33663, s1:0.0.0.0:41738, s2:0.0.0.0:43966], old=null RUNNING, sleep 450ms and then retry.
java.lang.IllegalStateException: No leader yet : printing ALL groups
  s0:  RUNNING CANDIDATE s0@group-A7200166065B:t27, leader=null, voted=s0, raftlog=s0@group-A7200166065B-SegmentedRaftLog:OPENED:c0,f0,i0, conf=0: [s0:0.0.0.0:33663, s1:0.0.0.0:41738, s2:0.0.0.0:43966], old=null RUNNING
  s1:  RUNNING CANDIDATE s1@group-A7200166065B:t27, leader=null, voted=s1, raftlog=s1@group-A7200166065B-SegmentedRaftLog:OPENED:c-1,f0,i0, conf=0: [s0:0.0.0.0:33663, s1:0.0.0.0:41738, s2:0.0.0.0:43966], old=null RUNNING
  s2:  RUNNING CANDIDATE s2@group-A7200166065B:t27, leader=null, voted=s2, raftlog=s2@group-A7200166065B-SegmentedRaftLog:OPENED:c-1,f0,i0, conf=0: [s0:0.0.0.0:33663, s1:0.0.0.0:41738, s2:0.0.0.0:43966], old=null RUNNING
	at org.apache.ratis.MiniRaftCluster.newIllegalStateExceptionForNoLeaders(MiniRaftCluster.java:506)
	at org.apache.ratis.RaftTestUtil.lambda$waitForLeader$1(RaftTestUtil.java:90)
	at org.apache.ratis.MiniRaftCluster.getLeader(MiniRaftCluster.java:539)
	at org.apache.ratis.MiniRaftCluster.getLeader(MiniRaftCluster.java:532)
	at org.apache.ratis.RaftTestUtil.lambda$waitForLeader$3(RaftTestUtil.java:98)
	at org.apache.ratis.util.JavaUtils.attempt(JavaUtils.java:152)
	at org.apache.ratis.RaftTestUtil.waitForLeader(RaftTestUtil.java:97)
	at org.apache.ratis.RaftTestUtil.waitForLeader(RaftTestUtil.java:77)
	at org.apache.ratis.RaftTestUtil.waitForLeader(RaftTestUtil.java:72)
	at org.apache.ratis.RaftTestUtil.lambda$changeLeader$7(RaftTestUtil.java:363)
	at org.apache.ratis.util.JavaUtils.attempt(JavaUtils.java:152)
	at org.apache.ratis.RaftTestUtil.changeLeader(RaftTestUtil.java:362)
	at org.apache.ratis.server.impl.LeaderElectionTests.testChangeLeader(LeaderElectionTests.java:81)
	at sun.reflect.NativeMethodAccessorImpl.invoke0(Native Method)
	at sun.reflect.NativeMethodAccessorImpl.invoke(NativeMethodAccessorImpl.java:62)
	at sun.reflect.DelegatingMethodAccessorImpl.invoke(DelegatingMethodAccessorImpl.java:43)
	at java.lang.reflect.Method.invoke(Method.java:498)
	at org.junit.runners.model.FrameworkMethod$1.runReflectiveCall(FrameworkMethod.java:50)
	at org.junit.internal.runners.model.ReflectiveCallable.run(ReflectiveCallable.java:12)
	at org.junit.runners.model.FrameworkMethod.invokeExplosively(FrameworkMethod.java:47)
	at org.junit.internal.runners.statements.InvokeMethod.evaluate(InvokeMethod.java:17)
	at org.junit.internal.runners.statements.RunAfters.evaluate(RunAfters.java:27)
	at org.junit.internal.runners.statements.FailOnTimeout$CallableStatement.call(FailOnTimeout.java:298)
	at org.junit.internal.runners.statements.FailOnTimeout$CallableStatement.call(FailOnTimeout.java:292)
	at java.util.concurrent.FutureTask.run(FutureTask.java:266)
	at java.lang.Thread.run(Thread.java:748)
2019-09-24 16:30:42,636 WARN  ratis.RaftTestUtil (JavaUtils.java:attempt(158)) - FAILED "waitForLeader-null-(expectLeader? true)", attempt #9/100: java.lang.IllegalStateException: No leader yet : printing ALL groups
  s0:  RUNNING CANDIDATE s0@group-A7200166065B:t27, leader=null, voted=s0, raftlog=s0@group-A7200166065B-SegmentedRaftLog:OPENED:c0,f0,i0, conf=0: [s0:0.0.0.0:33663, s1:0.0.0.0:41738, s2:0.0.0.0:43966], old=null RUNNING
  s1:  RUNNING CANDIDATE s1@group-A7200166065B:t27, leader=null, voted=s1, raftlog=s1@group-A7200166065B-SegmentedRaftLog:OPENED:c-1,f0,i0, conf=0: [s0:0.0.0.0:33663, s1:0.0.0.0:41738, s2:0.0.0.0:43966], old=null RUNNING
  s2:  RUNNING CANDIDATE s2@group-A7200166065B:t27, leader=null, voted=s2, raftlog=s2@group-A7200166065B-SegmentedRaftLog:OPENED:c-1,f0,i0, conf=0: [s0:0.0.0.0:33663, s1:0.0.0.0:41738, s2:0.0.0.0:43966], old=null RUNNING, sleep 450ms and then retry.
java.lang.IllegalStateException: No leader yet : printing ALL groups
  s0:  RUNNING CANDIDATE s0@group-A7200166065B:t27, leader=null, voted=s0, raftlog=s0@group-A7200166065B-SegmentedRaftLog:OPENED:c0,f0,i0, conf=0: [s0:0.0.0.0:33663, s1:0.0.0.0:41738, s2:0.0.0.0:43966], old=null RUNNING
  s1:  RUNNING CANDIDATE s1@group-A7200166065B:t27, leader=null, voted=s1, raftlog=s1@group-A7200166065B-SegmentedRaftLog:OPENED:c-1,f0,i0, conf=0: [s0:0.0.0.0:33663, s1:0.0.0.0:41738, s2:0.0.0.0:43966], old=null RUNNING
  s2:  RUNNING CANDIDATE s2@group-A7200166065B:t27, leader=null, voted=s2, raftlog=s2@group-A7200166065B-SegmentedRaftLog:OPENED:c-1,f0,i0, conf=0: [s0:0.0.0.0:33663, s1:0.0.0.0:41738, s2:0.0.0.0:43966], old=null RUNNING
	at org.apache.ratis.MiniRaftCluster.newIllegalStateExceptionForNoLeaders(MiniRaftCluster.java:506)
	at org.apache.ratis.RaftTestUtil.lambda$waitForLeader$1(RaftTestUtil.java:90)
	at org.apache.ratis.MiniRaftCluster.getLeader(MiniRaftCluster.java:539)
	at org.apache.ratis.MiniRaftCluster.getLeader(MiniRaftCluster.java:532)
	at org.apache.ratis.RaftTestUtil.lambda$waitForLeader$3(RaftTestUtil.java:98)
	at org.apache.ratis.util.JavaUtils.attempt(JavaUtils.java:152)
	at org.apache.ratis.RaftTestUtil.waitForLeader(RaftTestUtil.java:97)
	at org.apache.ratis.RaftTestUtil.waitForLeader(RaftTestUtil.java:77)
	at org.apache.ratis.RaftTestUtil.waitForLeader(RaftTestUtil.java:72)
	at org.apache.ratis.RaftTestUtil.lambda$changeLeader$7(RaftTestUtil.java:363)
	at org.apache.ratis.util.JavaUtils.attempt(JavaUtils.java:152)
	at org.apache.ratis.RaftTestUtil.changeLeader(RaftTestUtil.java:362)
	at org.apache.ratis.server.impl.LeaderElectionTests.testChangeLeader(LeaderElectionTests.java:81)
	at sun.reflect.NativeMethodAccessorImpl.invoke0(Native Method)
	at sun.reflect.NativeMethodAccessorImpl.invoke(NativeMethodAccessorImpl.java:62)
	at sun.reflect.DelegatingMethodAccessorImpl.invoke(DelegatingMethodAccessorImpl.java:43)
	at java.lang.reflect.Method.invoke(Method.java:498)
	at org.junit.runners.model.FrameworkMethod$1.runReflectiveCall(FrameworkMethod.java:50)
	at org.junit.internal.runners.model.ReflectiveCallable.run(ReflectiveCallable.java:12)
	at org.junit.runners.model.FrameworkMethod.invokeExplosively(FrameworkMethod.java:47)
	at org.junit.internal.runners.statements.InvokeMethod.evaluate(InvokeMethod.java:17)
	at org.junit.internal.runners.statements.RunAfters.evaluate(RunAfters.java:27)
	at org.junit.internal.runners.statements.FailOnTimeout$CallableStatement.call(FailOnTimeout.java:298)
	at org.junit.internal.runners.statements.FailOnTimeout$CallableStatement.call(FailOnTimeout.java:292)
	at java.util.concurrent.FutureTask.run(FutureTask.java:266)
	at java.lang.Thread.run(Thread.java:748)
2019-09-24 16:30:43,087 WARN  ratis.RaftTestUtil (JavaUtils.java:attempt(158)) - FAILED "waitForLeader-null-(expectLeader? true)", attempt #10/100: java.lang.IllegalStateException: No leader yet : printing ALL groups
  s0:  RUNNING CANDIDATE s0@group-A7200166065B:t27, leader=null, voted=s0, raftlog=s0@group-A7200166065B-SegmentedRaftLog:OPENED:c0,f0,i0, conf=0: [s0:0.0.0.0:33663, s1:0.0.0.0:41738, s2:0.0.0.0:43966], old=null RUNNING
  s1:  RUNNING CANDIDATE s1@group-A7200166065B:t27, leader=null, voted=s1, raftlog=s1@group-A7200166065B-SegmentedRaftLog:OPENED:c-1,f0,i0, conf=0: [s0:0.0.0.0:33663, s1:0.0.0.0:41738, s2:0.0.0.0:43966], old=null RUNNING
  s2:  RUNNING CANDIDATE s2@group-A7200166065B:t27, leader=null, voted=s2, raftlog=s2@group-A7200166065B-SegmentedRaftLog:OPENED:c-1,f0,i0, conf=0: [s0:0.0.0.0:33663, s1:0.0.0.0:41738, s2:0.0.0.0:43966], old=null RUNNING, sleep 450ms and then retry.
java.lang.IllegalStateException: No leader yet : printing ALL groups
  s0:  RUNNING CANDIDATE s0@group-A7200166065B:t27, leader=null, voted=s0, raftlog=s0@group-A7200166065B-SegmentedRaftLog:OPENED:c0,f0,i0, conf=0: [s0:0.0.0.0:33663, s1:0.0.0.0:41738, s2:0.0.0.0:43966], old=null RUNNING
  s1:  RUNNING CANDIDATE s1@group-A7200166065B:t27, leader=null, voted=s1, raftlog=s1@group-A7200166065B-SegmentedRaftLog:OPENED:c-1,f0,i0, conf=0: [s0:0.0.0.0:33663, s1:0.0.0.0:41738, s2:0.0.0.0:43966], old=null RUNNING
  s2:  RUNNING CANDIDATE s2@group-A7200166065B:t27, leader=null, voted=s2, raftlog=s2@group-A7200166065B-SegmentedRaftLog:OPENED:c-1,f0,i0, conf=0: [s0:0.0.0.0:33663, s1:0.0.0.0:41738, s2:0.0.0.0:43966], old=null RUNNING
	at org.apache.ratis.MiniRaftCluster.newIllegalStateExceptionForNoLeaders(MiniRaftCluster.java:506)
	at org.apache.ratis.RaftTestUtil.lambda$waitForLeader$1(RaftTestUtil.java:90)
	at org.apache.ratis.MiniRaftCluster.getLeader(MiniRaftCluster.java:539)
	at org.apache.ratis.MiniRaftCluster.getLeader(MiniRaftCluster.java:532)
	at org.apache.ratis.RaftTestUtil.lambda$waitForLeader$3(RaftTestUtil.java:98)
	at org.apache.ratis.util.JavaUtils.attempt(JavaUtils.java:152)
	at org.apache.ratis.RaftTestUtil.waitForLeader(RaftTestUtil.java:97)
	at org.apache.ratis.RaftTestUtil.waitForLeader(RaftTestUtil.java:77)
	at org.apache.ratis.RaftTestUtil.waitForLeader(RaftTestUtil.java:72)
	at org.apache.ratis.RaftTestUtil.lambda$changeLeader$7(RaftTestUtil.java:363)
	at org.apache.ratis.util.JavaUtils.attempt(JavaUtils.java:152)
	at org.apache.ratis.RaftTestUtil.changeLeader(RaftTestUtil.java:362)
	at org.apache.ratis.server.impl.LeaderElectionTests.testChangeLeader(LeaderElectionTests.java:81)
	at sun.reflect.NativeMethodAccessorImpl.invoke0(Native Method)
	at sun.reflect.NativeMethodAccessorImpl.invoke(NativeMethodAccessorImpl.java:62)
	at sun.reflect.DelegatingMethodAccessorImpl.invoke(DelegatingMethodAccessorImpl.java:43)
	at java.lang.reflect.Method.invoke(Method.java:498)
	at org.junit.runners.model.FrameworkMethod$1.runReflectiveCall(FrameworkMethod.java:50)
	at org.junit.internal.runners.model.ReflectiveCallable.run(ReflectiveCallable.java:12)
	at org.junit.runners.model.FrameworkMethod.invokeExplosively(FrameworkMethod.java:47)
	at org.junit.internal.runners.statements.InvokeMethod.evaluate(InvokeMethod.java:17)
	at org.junit.internal.runners.statements.RunAfters.evaluate(RunAfters.java:27)
	at org.junit.internal.runners.statements.FailOnTimeout$CallableStatement.call(FailOnTimeout.java:298)
	at org.junit.internal.runners.statements.FailOnTimeout$CallableStatement.call(FailOnTimeout.java:292)
	at java.util.concurrent.FutureTask.run(FutureTask.java:266)
	at java.lang.Thread.run(Thread.java:748)
2019-09-24 16:30:43,342 INFO  impl.LeaderElection (LeaderElection.java:askForVotes(178)) - s0@group-A7200166065B-LeaderElection131: begin an election at term 27 for 0: [s0:0.0.0.0:33663, s1:0.0.0.0:41738, s2:0.0.0.0:43966], old=null
2019-09-24 16:30:43,536 INFO  impl.LeaderElection (LeaderElection.java:logAndReturn(56)) - s0@group-A7200166065B-LeaderElection131: Election TIMEOUT; received 0 response(s) [] and 0 exception(s); s0@group-A7200166065B:t27, leader=null, voted=s0, raftlog=s0@group-A7200166065B-SegmentedRaftLog:OPENED:c0,f0,i0, conf=0: [s0:0.0.0.0:33663, s1:0.0.0.0:41738, s2:0.0.0.0:43966], old=null
2019-09-24 16:30:43,539 WARN  ratis.RaftTestUtil (JavaUtils.java:attempt(158)) - FAILED "waitForLeader-null-(expectLeader? true)", attempt #11/100: java.lang.IllegalStateException: No leader yet : printing ALL groups
  s0:  RUNNING CANDIDATE s0@group-A7200166065B:t28, leader=null, voted=s0, raftlog=s0@group-A7200166065B-SegmentedRaftLog:OPENED:c0,f0,i0, conf=0: [s0:0.0.0.0:33663, s1:0.0.0.0:41738, s2:0.0.0.0:43966], old=null RUNNING
  s1:  RUNNING CANDIDATE s1@group-A7200166065B:t27, leader=null, voted=s1, raftlog=s1@group-A7200166065B-SegmentedRaftLog:OPENED:c-1,f0,i0, conf=0: [s0:0.0.0.0:33663, s1:0.0.0.0:41738, s2:0.0.0.0:43966], old=null RUNNING
  s2:  RUNNING CANDIDATE s2@group-A7200166065B:t27, leader=null, voted=s2, raftlog=s2@group-A7200166065B-SegmentedRaftLog:OPENED:c-1,f0,i0, conf=0: [s0:0.0.0.0:33663, s1:0.0.0.0:41738, s2:0.0.0.0:43966], old=null RUNNING, sleep 450ms and then retry.
java.lang.IllegalStateException: No leader yet : printing ALL groups
  s0:  RUNNING CANDIDATE s0@group-A7200166065B:t28, leader=null, voted=s0, raftlog=s0@group-A7200166065B-SegmentedRaftLog:OPENED:c0,f0,i0, conf=0: [s0:0.0.0.0:33663, s1:0.0.0.0:41738, s2:0.0.0.0:43966], old=null RUNNING
  s1:  RUNNING CANDIDATE s1@group-A7200166065B:t27, leader=null, voted=s1, raftlog=s1@group-A7200166065B-SegmentedRaftLog:OPENED:c-1,f0,i0, conf=0: [s0:0.0.0.0:33663, s1:0.0.0.0:41738, s2:0.0.0.0:43966], old=null RUNNING
  s2:  RUNNING CANDIDATE s2@group-A7200166065B:t27, leader=null, voted=s2, raftlog=s2@group-A7200166065B-SegmentedRaftLog:OPENED:c-1,f0,i0, conf=0: [s0:0.0.0.0:33663, s1:0.0.0.0:41738, s2:0.0.0.0:43966], old=null RUNNING
	at org.apache.ratis.MiniRaftCluster.newIllegalStateExceptionForNoLeaders(MiniRaftCluster.java:506)
	at org.apache.ratis.RaftTestUtil.lambda$waitForLeader$1(RaftTestUtil.java:90)
	at org.apache.ratis.MiniRaftCluster.getLeader(MiniRaftCluster.java:539)
	at org.apache.ratis.MiniRaftCluster.getLeader(MiniRaftCluster.java:532)
	at org.apache.ratis.RaftTestUtil.lambda$waitForLeader$3(RaftTestUtil.java:98)
	at org.apache.ratis.util.JavaUtils.attempt(JavaUtils.java:152)
	at org.apache.ratis.RaftTestUtil.waitForLeader(RaftTestUtil.java:97)
	at org.apache.ratis.RaftTestUtil.waitForLeader(RaftTestUtil.java:77)
	at org.apache.ratis.RaftTestUtil.waitForLeader(RaftTestUtil.java:72)
	at org.apache.ratis.RaftTestUtil.lambda$changeLeader$7(RaftTestUtil.java:363)
	at org.apache.ratis.util.JavaUtils.attempt(JavaUtils.java:152)
	at org.apache.ratis.RaftTestUtil.changeLeader(RaftTestUtil.java:362)
	at org.apache.ratis.server.impl.LeaderElectionTests.testChangeLeader(LeaderElectionTests.java:81)
	at sun.reflect.NativeMethodAccessorImpl.invoke0(Native Method)
	at sun.reflect.NativeMethodAccessorImpl.invoke(NativeMethodAccessorImpl.java:62)
	at sun.reflect.DelegatingMethodAccessorImpl.invoke(DelegatingMethodAccessorImpl.java:43)
	at java.lang.reflect.Method.invoke(Method.java:498)
	at org.junit.runners.model.FrameworkMethod$1.runReflectiveCall(FrameworkMethod.java:50)
	at org.junit.internal.runners.model.ReflectiveCallable.run(ReflectiveCallable.java:12)
	at org.junit.runners.model.FrameworkMethod.invokeExplosively(FrameworkMethod.java:47)
	at org.junit.internal.runners.statements.InvokeMethod.evaluate(InvokeMethod.java:17)
	at org.junit.internal.runners.statements.RunAfters.evaluate(RunAfters.java:27)
	at org.junit.internal.runners.statements.FailOnTimeout$CallableStatement.call(FailOnTimeout.java:298)
	at org.junit.internal.runners.statements.FailOnTimeout$CallableStatement.call(FailOnTimeout.java:292)
	at java.util.concurrent.FutureTask.run(FutureTask.java:266)
	at java.lang.Thread.run(Thread.java:748)
2019-09-24 16:30:43,990 WARN  ratis.RaftTestUtil (JavaUtils.java:attempt(158)) - FAILED "waitForLeader-null-(expectLeader? true)", attempt #12/100: java.lang.IllegalStateException: No leader yet : printing ALL groups
  s0:  RUNNING CANDIDATE s0@group-A7200166065B:t28, leader=null, voted=s0, raftlog=s0@group-A7200166065B-SegmentedRaftLog:OPENED:c0,f0,i0, conf=0: [s0:0.0.0.0:33663, s1:0.0.0.0:41738, s2:0.0.0.0:43966], old=null RUNNING
  s1:  RUNNING CANDIDATE s1@group-A7200166065B:t27, leader=null, voted=s1, raftlog=s1@group-A7200166065B-SegmentedRaftLog:OPENED:c-1,f0,i0, conf=0: [s0:0.0.0.0:33663, s1:0.0.0.0:41738, s2:0.0.0.0:43966], old=null RUNNING
  s2:  RUNNING CANDIDATE s2@group-A7200166065B:t27, leader=null, voted=s2, raftlog=s2@group-A7200166065B-SegmentedRaftLog:OPENED:c-1,f0,i0, conf=0: [s0:0.0.0.0:33663, s1:0.0.0.0:41738, s2:0.0.0.0:43966], old=null RUNNING, sleep 450ms and then retry.
java.lang.IllegalStateException: No leader yet : printing ALL groups
  s0:  RUNNING CANDIDATE s0@group-A7200166065B:t28, leader=null, voted=s0, raftlog=s0@group-A7200166065B-SegmentedRaftLog:OPENED:c0,f0,i0, conf=0: [s0:0.0.0.0:33663, s1:0.0.0.0:41738, s2:0.0.0.0:43966], old=null RUNNING
  s1:  RUNNING CANDIDATE s1@group-A7200166065B:t27, leader=null, voted=s1, raftlog=s1@group-A7200166065B-SegmentedRaftLog:OPENED:c-1,f0,i0, conf=0: [s0:0.0.0.0:33663, s1:0.0.0.0:41738, s2:0.0.0.0:43966], old=null RUNNING
  s2:  RUNNING CANDIDATE s2@group-A7200166065B:t27, leader=null, voted=s2, raftlog=s2@group-A7200166065B-SegmentedRaftLog:OPENED:c-1,f0,i0, conf=0: [s0:0.0.0.0:33663, s1:0.0.0.0:41738, s2:0.0.0.0:43966], old=null RUNNING
	at org.apache.ratis.MiniRaftCluster.newIllegalStateExceptionForNoLeaders(MiniRaftCluster.java:506)
	at org.apache.ratis.RaftTestUtil.lambda$waitForLeader$1(RaftTestUtil.java:90)
	at org.apache.ratis.MiniRaftCluster.getLeader(MiniRaftCluster.java:539)
	at org.apache.ratis.MiniRaftCluster.getLeader(MiniRaftCluster.java:532)
	at org.apache.ratis.RaftTestUtil.lambda$waitForLeader$3(RaftTestUtil.java:98)
	at org.apache.ratis.util.JavaUtils.attempt(JavaUtils.java:152)
	at org.apache.ratis.RaftTestUtil.waitForLeader(RaftTestUtil.java:97)
	at org.apache.ratis.RaftTestUtil.waitForLeader(RaftTestUtil.java:77)
	at org.apache.ratis.RaftTestUtil.waitForLeader(RaftTestUtil.java:72)
	at org.apache.ratis.RaftTestUtil.lambda$changeLeader$7(RaftTestUtil.java:363)
	at org.apache.ratis.util.JavaUtils.attempt(JavaUtils.java:152)
	at org.apache.ratis.RaftTestUtil.changeLeader(RaftTestUtil.java:362)
	at org.apache.ratis.server.impl.LeaderElectionTests.testChangeLeader(LeaderElectionTests.java:81)
	at sun.reflect.NativeMethodAccessorImpl.invoke0(Native Method)
	at sun.reflect.NativeMethodAccessorImpl.invoke(NativeMethodAccessorImpl.java:62)
	at sun.reflect.DelegatingMethodAccessorImpl.invoke(DelegatingMethodAccessorImpl.java:43)
	at java.lang.reflect.Method.invoke(Method.java:498)
	at org.junit.runners.model.FrameworkMethod$1.runReflectiveCall(FrameworkMethod.java:50)
	at org.junit.internal.runners.model.ReflectiveCallable.run(ReflectiveCallable.java:12)
	at org.junit.runners.model.FrameworkMethod.invokeExplosively(FrameworkMethod.java:47)
	at org.junit.internal.runners.statements.InvokeMethod.evaluate(InvokeMethod.java:17)
	at org.junit.internal.runners.statements.RunAfters.evaluate(RunAfters.java:27)
	at org.junit.internal.runners.statements.FailOnTimeout$CallableStatement.call(FailOnTimeout.java:298)
	at org.junit.internal.runners.statements.FailOnTimeout$CallableStatement.call(FailOnTimeout.java:292)
	at java.util.concurrent.FutureTask.run(FutureTask.java:266)
	at java.lang.Thread.run(Thread.java:748)
2019-09-24 16:30:44,442 WARN  ratis.RaftTestUtil (JavaUtils.java:attempt(158)) - FAILED "waitForLeader-null-(expectLeader? true)", attempt #13/100: java.lang.IllegalStateException: No leader yet : printing ALL groups
  s0:  RUNNING CANDIDATE s0@group-A7200166065B:t28, leader=null, voted=s0, raftlog=s0@group-A7200166065B-SegmentedRaftLog:OPENED:c0,f0,i0, conf=0: [s0:0.0.0.0:33663, s1:0.0.0.0:41738, s2:0.0.0.0:43966], old=null RUNNING
  s1:  RUNNING CANDIDATE s1@group-A7200166065B:t27, leader=null, voted=s1, raftlog=s1@group-A7200166065B-SegmentedRaftLog:OPENED:c-1,f0,i0, conf=0: [s0:0.0.0.0:33663, s1:0.0.0.0:41738, s2:0.0.0.0:43966], old=null RUNNING
  s2:  RUNNING CANDIDATE s2@group-A7200166065B:t27, leader=null, voted=s2, raftlog=s2@group-A7200166065B-SegmentedRaftLog:OPENED:c-1,f0,i0, conf=0: [s0:0.0.0.0:33663, s1:0.0.0.0:41738, s2:0.0.0.0:43966], old=null RUNNING, sleep 450ms and then retry.
java.lang.IllegalStateException: No leader yet : printing ALL groups
  s0:  RUNNING CANDIDATE s0@group-A7200166065B:t28, leader=null, voted=s0, raftlog=s0@group-A7200166065B-SegmentedRaftLog:OPENED:c0,f0,i0, conf=0: [s0:0.0.0.0:33663, s1:0.0.0.0:41738, s2:0.0.0.0:43966], old=null RUNNING
  s1:  RUNNING CANDIDATE s1@group-A7200166065B:t27, leader=null, voted=s1, raftlog=s1@group-A7200166065B-SegmentedRaftLog:OPENED:c-1,f0,i0, conf=0: [s0:0.0.0.0:33663, s1:0.0.0.0:41738, s2:0.0.0.0:43966], old=null RUNNING
  s2:  RUNNING CANDIDATE s2@group-A7200166065B:t27, leader=null, voted=s2, raftlog=s2@group-A7200166065B-SegmentedRaftLog:OPENED:c-1,f0,i0, conf=0: [s0:0.0.0.0:33663, s1:0.0.0.0:41738, s2:0.0.0.0:43966], old=null RUNNING
	at org.apache.ratis.MiniRaftCluster.newIllegalStateExceptionForNoLeaders(MiniRaftCluster.java:506)
	at org.apache.ratis.RaftTestUtil.lambda$waitForLeader$1(RaftTestUtil.java:90)
	at org.apache.ratis.MiniRaftCluster.getLeader(MiniRaftCluster.java:539)
	at org.apache.ratis.MiniRaftCluster.getLeader(MiniRaftCluster.java:532)
	at org.apache.ratis.RaftTestUtil.lambda$waitForLeader$3(RaftTestUtil.java:98)
	at org.apache.ratis.util.JavaUtils.attempt(JavaUtils.java:152)
	at org.apache.ratis.RaftTestUtil.waitForLeader(RaftTestUtil.java:97)
	at org.apache.ratis.RaftTestUtil.waitForLeader(RaftTestUtil.java:77)
	at org.apache.ratis.RaftTestUtil.waitForLeader(RaftTestUtil.java:72)
	at org.apache.ratis.RaftTestUtil.lambda$changeLeader$7(RaftTestUtil.java:363)
	at org.apache.ratis.util.JavaUtils.attempt(JavaUtils.java:152)
	at org.apache.ratis.RaftTestUtil.changeLeader(RaftTestUtil.java:362)
	at org.apache.ratis.server.impl.LeaderElectionTests.testChangeLeader(LeaderElectionTests.java:81)
	at sun.reflect.NativeMethodAccessorImpl.invoke0(Native Method)
	at sun.reflect.NativeMethodAccessorImpl.invoke(NativeMethodAccessorImpl.java:62)
	at sun.reflect.DelegatingMethodAccessorImpl.invoke(DelegatingMethodAccessorImpl.java:43)
	at java.lang.reflect.Method.invoke(Method.java:498)
	at org.junit.runners.model.FrameworkMethod$1.runReflectiveCall(FrameworkMethod.java:50)
	at org.junit.internal.runners.model.ReflectiveCallable.run(ReflectiveCallable.java:12)
	at org.junit.runners.model.FrameworkMethod.invokeExplosively(FrameworkMethod.java:47)
	at org.junit.internal.runners.statements.InvokeMethod.evaluate(InvokeMethod.java:17)
	at org.junit.internal.runners.statements.RunAfters.evaluate(RunAfters.java:27)
	at org.junit.internal.runners.statements.FailOnTimeout$CallableStatement.call(FailOnTimeout.java:298)
	at org.junit.internal.runners.statements.FailOnTimeout$CallableStatement.call(FailOnTimeout.java:292)
	at java.util.concurrent.FutureTask.run(FutureTask.java:266)
	at java.lang.Thread.run(Thread.java:748)
2019-09-24 16:30:44,893 WARN  ratis.RaftTestUtil (JavaUtils.java:attempt(158)) - FAILED "waitForLeader-null-(expectLeader? true)", attempt #14/100: java.lang.IllegalStateException: No leader yet : printing ALL groups
  s0:  RUNNING CANDIDATE s0@group-A7200166065B:t28, leader=null, voted=s0, raftlog=s0@group-A7200166065B-SegmentedRaftLog:OPENED:c0,f0,i0, conf=0: [s0:0.0.0.0:33663, s1:0.0.0.0:41738, s2:0.0.0.0:43966], old=null RUNNING
  s1:  RUNNING CANDIDATE s1@group-A7200166065B:t27, leader=null, voted=s1, raftlog=s1@group-A7200166065B-SegmentedRaftLog:OPENED:c-1,f0,i0, conf=0: [s0:0.0.0.0:33663, s1:0.0.0.0:41738, s2:0.0.0.0:43966], old=null RUNNING
  s2:  RUNNING CANDIDATE s2@group-A7200166065B:t27, leader=null, voted=s2, raftlog=s2@group-A7200166065B-SegmentedRaftLog:OPENED:c-1,f0,i0, conf=0: [s0:0.0.0.0:33663, s1:0.0.0.0:41738, s2:0.0.0.0:43966], old=null RUNNING, sleep 450ms and then retry.
java.lang.IllegalStateException: No leader yet : printing ALL groups
  s0:  RUNNING CANDIDATE s0@group-A7200166065B:t28, leader=null, voted=s0, raftlog=s0@group-A7200166065B-SegmentedRaftLog:OPENED:c0,f0,i0, conf=0: [s0:0.0.0.0:33663, s1:0.0.0.0:41738, s2:0.0.0.0:43966], old=null RUNNING
  s1:  RUNNING CANDIDATE s1@group-A7200166065B:t27, leader=null, voted=s1, raftlog=s1@group-A7200166065B-SegmentedRaftLog:OPENED:c-1,f0,i0, conf=0: [s0:0.0.0.0:33663, s1:0.0.0.0:41738, s2:0.0.0.0:43966], old=null RUNNING
  s2:  RUNNING CANDIDATE s2@group-A7200166065B:t27, leader=null, voted=s2, raftlog=s2@group-A7200166065B-SegmentedRaftLog:OPENED:c-1,f0,i0, conf=0: [s0:0.0.0.0:33663, s1:0.0.0.0:41738, s2:0.0.0.0:43966], old=null RUNNING
	at org.apache.ratis.MiniRaftCluster.newIllegalStateExceptionForNoLeaders(MiniRaftCluster.java:506)
	at org.apache.ratis.RaftTestUtil.lambda$waitForLeader$1(RaftTestUtil.java:90)
	at org.apache.ratis.MiniRaftCluster.getLeader(MiniRaftCluster.java:539)
	at org.apache.ratis.MiniRaftCluster.getLeader(MiniRaftCluster.java:532)
	at org.apache.ratis.RaftTestUtil.lambda$waitForLeader$3(RaftTestUtil.java:98)
	at org.apache.ratis.util.JavaUtils.attempt(JavaUtils.java:152)
	at org.apache.ratis.RaftTestUtil.waitForLeader(RaftTestUtil.java:97)
	at org.apache.ratis.RaftTestUtil.waitForLeader(RaftTestUtil.java:77)
	at org.apache.ratis.RaftTestUtil.waitForLeader(RaftTestUtil.java:72)
	at org.apache.ratis.RaftTestUtil.lambda$changeLeader$7(RaftTestUtil.java:363)
	at org.apache.ratis.util.JavaUtils.attempt(JavaUtils.java:152)
	at org.apache.ratis.RaftTestUtil.changeLeader(RaftTestUtil.java:362)
	at org.apache.ratis.server.impl.LeaderElectionTests.testChangeLeader(LeaderElectionTests.java:81)
	at sun.reflect.NativeMethodAccessorImpl.invoke0(Native Method)
	at sun.reflect.NativeMethodAccessorImpl.invoke(NativeMethodAccessorImpl.java:62)
	at sun.reflect.DelegatingMethodAccessorImpl.invoke(DelegatingMethodAccessorImpl.java:43)
	at java.lang.reflect.Method.invoke(Method.java:498)
	at org.junit.runners.model.FrameworkMethod$1.runReflectiveCall(FrameworkMethod.java:50)
	at org.junit.internal.runners.model.ReflectiveCallable.run(ReflectiveCallable.java:12)
	at org.junit.runners.model.FrameworkMethod.invokeExplosively(FrameworkMethod.java:47)
	at org.junit.internal.runners.statements.InvokeMethod.evaluate(InvokeMethod.java:17)
	at org.junit.internal.runners.statements.RunAfters.evaluate(RunAfters.java:27)
	at org.junit.internal.runners.statements.FailOnTimeout$CallableStatement.call(FailOnTimeout.java:298)
	at org.junit.internal.runners.statements.FailOnTimeout$CallableStatement.call(FailOnTimeout.java:292)
	at java.util.concurrent.FutureTask.run(FutureTask.java:266)
	at java.lang.Thread.run(Thread.java:748)
2019-09-24 16:30:45,345 WARN  ratis.RaftTestUtil (JavaUtils.java:attempt(158)) - FAILED "waitForLeader-null-(expectLeader? true)", attempt #15/100: java.lang.IllegalStateException: No leader yet : printing ALL groups
  s0:  RUNNING CANDIDATE s0@group-A7200166065B:t28, leader=null, voted=s0, raftlog=s0@group-A7200166065B-SegmentedRaftLog:OPENED:c0,f0,i0, conf=0: [s0:0.0.0.0:33663, s1:0.0.0.0:41738, s2:0.0.0.0:43966], old=null RUNNING
  s1:  RUNNING CANDIDATE s1@group-A7200166065B:t27, leader=null, voted=s1, raftlog=s1@group-A7200166065B-SegmentedRaftLog:OPENED:c-1,f0,i0, conf=0: [s0:0.0.0.0:33663, s1:0.0.0.0:41738, s2:0.0.0.0:43966], old=null RUNNING
  s2:  RUNNING CANDIDATE s2@group-A7200166065B:t27, leader=null, voted=s2, raftlog=s2@group-A7200166065B-SegmentedRaftLog:OPENED:c-1,f0,i0, conf=0: [s0:0.0.0.0:33663, s1:0.0.0.0:41738, s2:0.0.0.0:43966], old=null RUNNING, sleep 450ms and then retry.
java.lang.IllegalStateException: No leader yet : printing ALL groups
  s0:  RUNNING CANDIDATE s0@group-A7200166065B:t28, leader=null, voted=s0, raftlog=s0@group-A7200166065B-SegmentedRaftLog:OPENED:c0,f0,i0, conf=0: [s0:0.0.0.0:33663, s1:0.0.0.0:41738, s2:0.0.0.0:43966], old=null RUNNING
  s1:  RUNNING CANDIDATE s1@group-A7200166065B:t27, leader=null, voted=s1, raftlog=s1@group-A7200166065B-SegmentedRaftLog:OPENED:c-1,f0,i0, conf=0: [s0:0.0.0.0:33663, s1:0.0.0.0:41738, s2:0.0.0.0:43966], old=null RUNNING
  s2:  RUNNING CANDIDATE s2@group-A7200166065B:t27, leader=null, voted=s2, raftlog=s2@group-A7200166065B-SegmentedRaftLog:OPENED:c-1,f0,i0, conf=0: [s0:0.0.0.0:33663, s1:0.0.0.0:41738, s2:0.0.0.0:43966], old=null RUNNING
	at org.apache.ratis.MiniRaftCluster.newIllegalStateExceptionForNoLeaders(MiniRaftCluster.java:506)
	at org.apache.ratis.RaftTestUtil.lambda$waitForLeader$1(RaftTestUtil.java:90)
	at org.apache.ratis.MiniRaftCluster.getLeader(MiniRaftCluster.java:539)
	at org.apache.ratis.MiniRaftCluster.getLeader(MiniRaftCluster.java:532)
	at org.apache.ratis.RaftTestUtil.lambda$waitForLeader$3(RaftTestUtil.java:98)
	at org.apache.ratis.util.JavaUtils.attempt(JavaUtils.java:152)
	at org.apache.ratis.RaftTestUtil.waitForLeader(RaftTestUtil.java:97)
	at org.apache.ratis.RaftTestUtil.waitForLeader(RaftTestUtil.java:77)
	at org.apache.ratis.RaftTestUtil.waitForLeader(RaftTestUtil.java:72)
	at org.apache.ratis.RaftTestUtil.lambda$changeLeader$7(RaftTestUtil.java:363)
	at org.apache.ratis.util.JavaUtils.attempt(JavaUtils.java:152)
	at org.apache.ratis.RaftTestUtil.changeLeader(RaftTestUtil.java:362)
	at org.apache.ratis.server.impl.LeaderElectionTests.testChangeLeader(LeaderElectionTests.java:81)
	at sun.reflect.NativeMethodAccessorImpl.invoke0(Native Method)
	at sun.reflect.NativeMethodAccessorImpl.invoke(NativeMethodAccessorImpl.java:62)
	at sun.reflect.DelegatingMethodAccessorImpl.invoke(DelegatingMethodAccessorImpl.java:43)
	at java.lang.reflect.Method.invoke(Method.java:498)
	at org.junit.runners.model.FrameworkMethod$1.runReflectiveCall(FrameworkMethod.java:50)
	at org.junit.internal.runners.model.ReflectiveCallable.run(ReflectiveCallable.java:12)
	at org.junit.runners.model.FrameworkMethod.invokeExplosively(FrameworkMethod.java:47)
	at org.junit.internal.runners.statements.InvokeMethod.evaluate(InvokeMethod.java:17)
	at org.junit.internal.runners.statements.RunAfters.evaluate(RunAfters.java:27)
	at org.junit.internal.runners.statements.FailOnTimeout$CallableStatement.call(FailOnTimeout.java:298)
	at org.junit.internal.runners.statements.FailOnTimeout$CallableStatement.call(FailOnTimeout.java:292)
	at java.util.concurrent.FutureTask.run(FutureTask.java:266)
	at java.lang.Thread.run(Thread.java:748)
2019-09-24 16:30:45,796 WARN  ratis.RaftTestUtil (JavaUtils.java:attempt(158)) - FAILED "waitForLeader-null-(expectLeader? true)", attempt #16/100: java.lang.IllegalStateException: No leader yet : printing ALL groups
  s0:  RUNNING CANDIDATE s0@group-A7200166065B:t28, leader=null, voted=s0, raftlog=s0@group-A7200166065B-SegmentedRaftLog:OPENED:c0,f0,i0, conf=0: [s0:0.0.0.0:33663, s1:0.0.0.0:41738, s2:0.0.0.0:43966], old=null RUNNING
  s1:  RUNNING CANDIDATE s1@group-A7200166065B:t27, leader=null, voted=s1, raftlog=s1@group-A7200166065B-SegmentedRaftLog:OPENED:c-1,f0,i0, conf=0: [s0:0.0.0.0:33663, s1:0.0.0.0:41738, s2:0.0.0.0:43966], old=null RUNNING
  s2:  RUNNING CANDIDATE s2@group-A7200166065B:t27, leader=null, voted=s2, raftlog=s2@group-A7200166065B-SegmentedRaftLog:OPENED:c-1,f0,i0, conf=0: [s0:0.0.0.0:33663, s1:0.0.0.0:41738, s2:0.0.0.0:43966], old=null RUNNING, sleep 450ms and then retry.
java.lang.IllegalStateException: No leader yet : printing ALL groups
  s0:  RUNNING CANDIDATE s0@group-A7200166065B:t28, leader=null, voted=s0, raftlog=s0@group-A7200166065B-SegmentedRaftLog:OPENED:c0,f0,i0, conf=0: [s0:0.0.0.0:33663, s1:0.0.0.0:41738, s2:0.0.0.0:43966], old=null RUNNING
  s1:  RUNNING CANDIDATE s1@group-A7200166065B:t27, leader=null, voted=s1, raftlog=s1@group-A7200166065B-SegmentedRaftLog:OPENED:c-1,f0,i0, conf=0: [s0:0.0.0.0:33663, s1:0.0.0.0:41738, s2:0.0.0.0:43966], old=null RUNNING
  s2:  RUNNING CANDIDATE s2@group-A7200166065B:t27, leader=null, voted=s2, raftlog=s2@group-A7200166065B-SegmentedRaftLog:OPENED:c-1,f0,i0, conf=0: [s0:0.0.0.0:33663, s1:0.0.0.0:41738, s2:0.0.0.0:43966], old=null RUNNING
	at org.apache.ratis.MiniRaftCluster.newIllegalStateExceptionForNoLeaders(MiniRaftCluster.java:506)
	at org.apache.ratis.RaftTestUtil.lambda$waitForLeader$1(RaftTestUtil.java:90)
	at org.apache.ratis.MiniRaftCluster.getLeader(MiniRaftCluster.java:539)
	at org.apache.ratis.MiniRaftCluster.getLeader(MiniRaftCluster.java:532)
	at org.apache.ratis.RaftTestUtil.lambda$waitForLeader$3(RaftTestUtil.java:98)
	at org.apache.ratis.util.JavaUtils.attempt(JavaUtils.java:152)
	at org.apache.ratis.RaftTestUtil.waitForLeader(RaftTestUtil.java:97)
	at org.apache.ratis.RaftTestUtil.waitForLeader(RaftTestUtil.java:77)
	at org.apache.ratis.RaftTestUtil.waitForLeader(RaftTestUtil.java:72)
	at org.apache.ratis.RaftTestUtil.lambda$changeLeader$7(RaftTestUtil.java:363)
	at org.apache.ratis.util.JavaUtils.attempt(JavaUtils.java:152)
	at org.apache.ratis.RaftTestUtil.changeLeader(RaftTestUtil.java:362)
	at org.apache.ratis.server.impl.LeaderElectionTests.testChangeLeader(LeaderElectionTests.java:81)
	at sun.reflect.NativeMethodAccessorImpl.invoke0(Native Method)
	at sun.reflect.NativeMethodAccessorImpl.invoke(NativeMethodAccessorImpl.java:62)
	at sun.reflect.DelegatingMethodAccessorImpl.invoke(DelegatingMethodAccessorImpl.java:43)
	at java.lang.reflect.Method.invoke(Method.java:498)
	at org.junit.runners.model.FrameworkMethod$1.runReflectiveCall(FrameworkMethod.java:50)
	at org.junit.internal.runners.model.ReflectiveCallable.run(ReflectiveCallable.java:12)
	at org.junit.runners.model.FrameworkMethod.invokeExplosively(FrameworkMethod.java:47)
	at org.junit.internal.runners.statements.InvokeMethod.evaluate(InvokeMethod.java:17)
	at org.junit.internal.runners.statements.RunAfters.evaluate(RunAfters.java:27)
	at org.junit.internal.runners.statements.FailOnTimeout$CallableStatement.call(FailOnTimeout.java:298)
	at org.junit.internal.runners.statements.FailOnTimeout$CallableStatement.call(FailOnTimeout.java:292)
	at java.util.concurrent.FutureTask.run(FutureTask.java:266)
	at java.lang.Thread.run(Thread.java:748)
2019-09-24 16:30:46,248 WARN  ratis.RaftTestUtil (JavaUtils.java:attempt(158)) - FAILED "waitForLeader-null-(expectLeader? true)", attempt #17/100: java.lang.IllegalStateException: No leader yet : printing ALL groups
  s0:  RUNNING CANDIDATE s0@group-A7200166065B:t28, leader=null, voted=s0, raftlog=s0@group-A7200166065B-SegmentedRaftLog:OPENED:c0,f0,i0, conf=0: [s0:0.0.0.0:33663, s1:0.0.0.0:41738, s2:0.0.0.0:43966], old=null RUNNING
  s1:  RUNNING CANDIDATE s1@group-A7200166065B:t27, leader=null, voted=s1, raftlog=s1@group-A7200166065B-SegmentedRaftLog:OPENED:c-1,f0,i0, conf=0: [s0:0.0.0.0:33663, s1:0.0.0.0:41738, s2:0.0.0.0:43966], old=null RUNNING
  s2:  RUNNING CANDIDATE s2@group-A7200166065B:t27, leader=null, voted=s2, raftlog=s2@group-A7200166065B-SegmentedRaftLog:OPENED:c-1,f0,i0, conf=0: [s0:0.0.0.0:33663, s1:0.0.0.0:41738, s2:0.0.0.0:43966], old=null RUNNING, sleep 450ms and then retry.
java.lang.IllegalStateException: No leader yet : printing ALL groups
  s0:  RUNNING CANDIDATE s0@group-A7200166065B:t28, leader=null, voted=s0, raftlog=s0@group-A7200166065B-SegmentedRaftLog:OPENED:c0,f0,i0, conf=0: [s0:0.0.0.0:33663, s1:0.0.0.0:41738, s2:0.0.0.0:43966], old=null RUNNING
  s1:  RUNNING CANDIDATE s1@group-A7200166065B:t27, leader=null, voted=s1, raftlog=s1@group-A7200166065B-SegmentedRaftLog:OPENED:c-1,f0,i0, conf=0: [s0:0.0.0.0:33663, s1:0.0.0.0:41738, s2:0.0.0.0:43966], old=null RUNNING
  s2:  RUNNING CANDIDATE s2@group-A7200166065B:t27, leader=null, voted=s2, raftlog=s2@group-A7200166065B-SegmentedRaftLog:OPENED:c-1,f0,i0, conf=0: [s0:0.0.0.0:33663, s1:0.0.0.0:41738, s2:0.0.0.0:43966], old=null RUNNING
	at org.apache.ratis.MiniRaftCluster.newIllegalStateExceptionForNoLeaders(MiniRaftCluster.java:506)
	at org.apache.ratis.RaftTestUtil.lambda$waitForLeader$1(RaftTestUtil.java:90)
	at org.apache.ratis.MiniRaftCluster.getLeader(MiniRaftCluster.java:539)
	at org.apache.ratis.MiniRaftCluster.getLeader(MiniRaftCluster.java:532)
	at org.apache.ratis.RaftTestUtil.lambda$waitForLeader$3(RaftTestUtil.java:98)
	at org.apache.ratis.util.JavaUtils.attempt(JavaUtils.java:152)
	at org.apache.ratis.RaftTestUtil.waitForLeader(RaftTestUtil.java:97)
	at org.apache.ratis.RaftTestUtil.waitForLeader(RaftTestUtil.java:77)
	at org.apache.ratis.RaftTestUtil.waitForLeader(RaftTestUtil.java:72)
	at org.apache.ratis.RaftTestUtil.lambda$changeLeader$7(RaftTestUtil.java:363)
	at org.apache.ratis.util.JavaUtils.attempt(JavaUtils.java:152)
	at org.apache.ratis.RaftTestUtil.changeLeader(RaftTestUtil.java:362)
	at org.apache.ratis.server.impl.LeaderElectionTests.testChangeLeader(LeaderElectionTests.java:81)
	at sun.reflect.NativeMethodAccessorImpl.invoke0(Native Method)
	at sun.reflect.NativeMethodAccessorImpl.invoke(NativeMethodAccessorImpl.java:62)
	at sun.reflect.DelegatingMethodAccessorImpl.invoke(DelegatingMethodAccessorImpl.java:43)
	at java.lang.reflect.Method.invoke(Method.java:498)
	at org.junit.runners.model.FrameworkMethod$1.runReflectiveCall(FrameworkMethod.java:50)
	at org.junit.internal.runners.model.ReflectiveCallable.run(ReflectiveCallable.java:12)
	at org.junit.runners.model.FrameworkMethod.invokeExplosively(FrameworkMethod.java:47)
	at org.junit.internal.runners.statements.InvokeMethod.evaluate(InvokeMethod.java:17)
	at org.junit.internal.runners.statements.RunAfters.evaluate(RunAfters.java:27)
	at org.junit.internal.runners.statements.FailOnTimeout$CallableStatement.call(FailOnTimeout.java:298)
	at org.junit.internal.runners.statements.FailOnTimeout$CallableStatement.call(FailOnTimeout.java:292)
	at java.util.concurrent.FutureTask.run(FutureTask.java:266)
	at java.lang.Thread.run(Thread.java:748)
2019-09-24 16:30:46,699 WARN  ratis.RaftTestUtil (JavaUtils.java:attempt(158)) - FAILED "waitForLeader-null-(expectLeader? true)", attempt #18/100: java.lang.IllegalStateException: No leader yet : printing ALL groups
  s0:  RUNNING CANDIDATE s0@group-A7200166065B:t28, leader=null, voted=s0, raftlog=s0@group-A7200166065B-SegmentedRaftLog:OPENED:c0,f0,i0, conf=0: [s0:0.0.0.0:33663, s1:0.0.0.0:41738, s2:0.0.0.0:43966], old=null RUNNING
  s1:  RUNNING CANDIDATE s1@group-A7200166065B:t27, leader=null, voted=s1, raftlog=s1@group-A7200166065B-SegmentedRaftLog:OPENED:c-1,f0,i0, conf=0: [s0:0.0.0.0:33663, s1:0.0.0.0:41738, s2:0.0.0.0:43966], old=null RUNNING
  s2:  RUNNING CANDIDATE s2@group-A7200166065B:t27, leader=null, voted=s2, raftlog=s2@group-A7200166065B-SegmentedRaftLog:OPENED:c-1,f0,i0, conf=0: [s0:0.0.0.0:33663, s1:0.0.0.0:41738, s2:0.0.0.0:43966], old=null RUNNING, sleep 450ms and then retry.
java.lang.IllegalStateException: No leader yet : printing ALL groups
  s0:  RUNNING CANDIDATE s0@group-A7200166065B:t28, leader=null, voted=s0, raftlog=s0@group-A7200166065B-SegmentedRaftLog:OPENED:c0,f0,i0, conf=0: [s0:0.0.0.0:33663, s1:0.0.0.0:41738, s2:0.0.0.0:43966], old=null RUNNING
  s1:  RUNNING CANDIDATE s1@group-A7200166065B:t27, leader=null, voted=s1, raftlog=s1@group-A7200166065B-SegmentedRaftLog:OPENED:c-1,f0,i0, conf=0: [s0:0.0.0.0:33663, s1:0.0.0.0:41738, s2:0.0.0.0:43966], old=null RUNNING
  s2:  RUNNING CANDIDATE s2@group-A7200166065B:t27, leader=null, voted=s2, raftlog=s2@group-A7200166065B-SegmentedRaftLog:OPENED:c-1,f0,i0, conf=0: [s0:0.0.0.0:33663, s1:0.0.0.0:41738, s2:0.0.0.0:43966], old=null RUNNING
	at org.apache.ratis.MiniRaftCluster.newIllegalStateExceptionForNoLeaders(MiniRaftCluster.java:506)
	at org.apache.ratis.RaftTestUtil.lambda$waitForLeader$1(RaftTestUtil.java:90)
	at org.apache.ratis.MiniRaftCluster.getLeader(MiniRaftCluster.java:539)
	at org.apache.ratis.MiniRaftCluster.getLeader(MiniRaftCluster.java:532)
	at org.apache.ratis.RaftTestUtil.lambda$waitForLeader$3(RaftTestUtil.java:98)
	at org.apache.ratis.util.JavaUtils.attempt(JavaUtils.java:152)
	at org.apache.ratis.RaftTestUtil.waitForLeader(RaftTestUtil.java:97)
	at org.apache.ratis.RaftTestUtil.waitForLeader(RaftTestUtil.java:77)
	at org.apache.ratis.RaftTestUtil.waitForLeader(RaftTestUtil.java:72)
	at org.apache.ratis.RaftTestUtil.lambda$changeLeader$7(RaftTestUtil.java:363)
	at org.apache.ratis.util.JavaUtils.attempt(JavaUtils.java:152)
	at org.apache.ratis.RaftTestUtil.changeLeader(RaftTestUtil.java:362)
	at org.apache.ratis.server.impl.LeaderElectionTests.testChangeLeader(LeaderElectionTests.java:81)
	at sun.reflect.NativeMethodAccessorImpl.invoke0(Native Method)
	at sun.reflect.NativeMethodAccessorImpl.invoke(NativeMethodAccessorImpl.java:62)
	at sun.reflect.DelegatingMethodAccessorImpl.invoke(DelegatingMethodAccessorImpl.java:43)
	at java.lang.reflect.Method.invoke(Method.java:498)
	at org.junit.runners.model.FrameworkMethod$1.runReflectiveCall(FrameworkMethod.java:50)
	at org.junit.internal.runners.model.ReflectiveCallable.run(ReflectiveCallable.java:12)
	at org.junit.runners.model.FrameworkMethod.invokeExplosively(FrameworkMethod.java:47)
	at org.junit.internal.runners.statements.InvokeMethod.evaluate(InvokeMethod.java:17)
	at org.junit.internal.runners.statements.RunAfters.evaluate(RunAfters.java:27)
	at org.junit.internal.runners.statements.FailOnTimeout$CallableStatement.call(FailOnTimeout.java:298)
	at org.junit.internal.runners.statements.FailOnTimeout$CallableStatement.call(FailOnTimeout.java:292)
	at java.util.concurrent.FutureTask.run(FutureTask.java:266)
	at java.lang.Thread.run(Thread.java:748)
2019-09-24 16:30:47,150 WARN  ratis.RaftTestUtil (JavaUtils.java:attempt(158)) - FAILED "waitForLeader-null-(expectLeader? true)", attempt #19/100: java.lang.IllegalStateException: No leader yet : printing ALL groups
  s0:  RUNNING CANDIDATE s0@group-A7200166065B:t28, leader=null, voted=s0, raftlog=s0@group-A7200166065B-SegmentedRaftLog:OPENED:c0,f0,i0, conf=0: [s0:0.0.0.0:33663, s1:0.0.0.0:41738, s2:0.0.0.0:43966], old=null RUNNING
  s1:  RUNNING CANDIDATE s1@group-A7200166065B:t27, leader=null, voted=s1, raftlog=s1@group-A7200166065B-SegmentedRaftLog:OPENED:c-1,f0,i0, conf=0: [s0:0.0.0.0:33663, s1:0.0.0.0:41738, s2:0.0.0.0:43966], old=null RUNNING
  s2:  RUNNING CANDIDATE s2@group-A7200166065B:t27, leader=null, voted=s2, raftlog=s2@group-A7200166065B-SegmentedRaftLog:OPENED:c-1,f0,i0, conf=0: [s0:0.0.0.0:33663, s1:0.0.0.0:41738, s2:0.0.0.0:43966], old=null RUNNING, sleep 450ms and then retry.
java.lang.IllegalStateException: No leader yet : printing ALL groups
  s0:  RUNNING CANDIDATE s0@group-A7200166065B:t28, leader=null, voted=s0, raftlog=s0@group-A7200166065B-SegmentedRaftLog:OPENED:c0,f0,i0, conf=0: [s0:0.0.0.0:33663, s1:0.0.0.0:41738, s2:0.0.0.0:43966], old=null RUNNING
  s1:  RUNNING CANDIDATE s1@group-A7200166065B:t27, leader=null, voted=s1, raftlog=s1@group-A7200166065B-SegmentedRaftLog:OPENED:c-1,f0,i0, conf=0: [s0:0.0.0.0:33663, s1:0.0.0.0:41738, s2:0.0.0.0:43966], old=null RUNNING
  s2:  RUNNING CANDIDATE s2@group-A7200166065B:t27, leader=null, voted=s2, raftlog=s2@group-A7200166065B-SegmentedRaftLog:OPENED:c-1,f0,i0, conf=0: [s0:0.0.0.0:33663, s1:0.0.0.0:41738, s2:0.0.0.0:43966], old=null RUNNING
	at org.apache.ratis.MiniRaftCluster.newIllegalStateExceptionForNoLeaders(MiniRaftCluster.java:506)
	at org.apache.ratis.RaftTestUtil.lambda$waitForLeader$1(RaftTestUtil.java:90)
	at org.apache.ratis.MiniRaftCluster.getLeader(MiniRaftCluster.java:539)
	at org.apache.ratis.MiniRaftCluster.getLeader(MiniRaftCluster.java:532)
	at org.apache.ratis.RaftTestUtil.lambda$waitForLeader$3(RaftTestUtil.java:98)
	at org.apache.ratis.util.JavaUtils.attempt(JavaUtils.java:152)
	at org.apache.ratis.RaftTestUtil.waitForLeader(RaftTestUtil.java:97)
	at org.apache.ratis.RaftTestUtil.waitForLeader(RaftTestUtil.java:77)
	at org.apache.ratis.RaftTestUtil.waitForLeader(RaftTestUtil.java:72)
	at org.apache.ratis.RaftTestUtil.lambda$changeLeader$7(RaftTestUtil.java:363)
	at org.apache.ratis.util.JavaUtils.attempt(JavaUtils.java:152)
	at org.apache.ratis.RaftTestUtil.changeLeader(RaftTestUtil.java:362)
	at org.apache.ratis.server.impl.LeaderElectionTests.testChangeLeader(LeaderElectionTests.java:81)
	at sun.reflect.NativeMethodAccessorImpl.invoke0(Native Method)
	at sun.reflect.NativeMethodAccessorImpl.invoke(NativeMethodAccessorImpl.java:62)
	at sun.reflect.DelegatingMethodAccessorImpl.invoke(DelegatingMethodAccessorImpl.java:43)
	at java.lang.reflect.Method.invoke(Method.java:498)
	at org.junit.runners.model.FrameworkMethod$1.runReflectiveCall(FrameworkMethod.java:50)
	at org.junit.internal.runners.model.ReflectiveCallable.run(ReflectiveCallable.java:12)
	at org.junit.runners.model.FrameworkMethod.invokeExplosively(FrameworkMethod.java:47)
	at org.junit.internal.runners.statements.InvokeMethod.evaluate(InvokeMethod.java:17)
	at org.junit.internal.runners.statements.RunAfters.evaluate(RunAfters.java:27)
	at org.junit.internal.runners.statements.FailOnTimeout$CallableStatement.call(FailOnTimeout.java:298)
	at org.junit.internal.runners.statements.FailOnTimeout$CallableStatement.call(FailOnTimeout.java:292)
	at java.util.concurrent.FutureTask.run(FutureTask.java:266)
	at java.lang.Thread.run(Thread.java:748)
2019-09-24 16:30:47,601 WARN  ratis.RaftTestUtil (JavaUtils.java:attempt(158)) - FAILED "waitForLeader-null-(expectLeader? true)", attempt #20/100: java.lang.IllegalStateException: No leader yet : printing ALL groups
  s0:  RUNNING CANDIDATE s0@group-A7200166065B:t28, leader=null, voted=s0, raftlog=s0@group-A7200166065B-SegmentedRaftLog:OPENED:c0,f0,i0, conf=0: [s0:0.0.0.0:33663, s1:0.0.0.0:41738, s2:0.0.0.0:43966], old=null RUNNING
  s1:  RUNNING CANDIDATE s1@group-A7200166065B:t27, leader=null, voted=s1, raftlog=s1@group-A7200166065B-SegmentedRaftLog:OPENED:c-1,f0,i0, conf=0: [s0:0.0.0.0:33663, s1:0.0.0.0:41738, s2:0.0.0.0:43966], old=null RUNNING
  s2:  RUNNING CANDIDATE s2@group-A7200166065B:t27, leader=null, voted=s2, raftlog=s2@group-A7200166065B-SegmentedRaftLog:OPENED:c-1,f0,i0, conf=0: [s0:0.0.0.0:33663, s1:0.0.0.0:41738, s2:0.0.0.0:43966], old=null RUNNING, sleep 450ms and then retry.
java.lang.IllegalStateException: No leader yet : printing ALL groups
  s0:  RUNNING CANDIDATE s0@group-A7200166065B:t28, leader=null, voted=s0, raftlog=s0@group-A7200166065B-SegmentedRaftLog:OPENED:c0,f0,i0, conf=0: [s0:0.0.0.0:33663, s1:0.0.0.0:41738, s2:0.0.0.0:43966], old=null RUNNING
  s1:  RUNNING CANDIDATE s1@group-A7200166065B:t27, leader=null, voted=s1, raftlog=s1@group-A7200166065B-SegmentedRaftLog:OPENED:c-1,f0,i0, conf=0: [s0:0.0.0.0:33663, s1:0.0.0.0:41738, s2:0.0.0.0:43966], old=null RUNNING
  s2:  RUNNING CANDIDATE s2@group-A7200166065B:t27, leader=null, voted=s2, raftlog=s2@group-A7200166065B-SegmentedRaftLog:OPENED:c-1,f0,i0, conf=0: [s0:0.0.0.0:33663, s1:0.0.0.0:41738, s2:0.0.0.0:43966], old=null RUNNING
	at org.apache.ratis.MiniRaftCluster.newIllegalStateExceptionForNoLeaders(MiniRaftCluster.java:506)
	at org.apache.ratis.RaftTestUtil.lambda$waitForLeader$1(RaftTestUtil.java:90)
	at org.apache.ratis.MiniRaftCluster.getLeader(MiniRaftCluster.java:539)
	at org.apache.ratis.MiniRaftCluster.getLeader(MiniRaftCluster.java:532)
	at org.apache.ratis.RaftTestUtil.lambda$waitForLeader$3(RaftTestUtil.java:98)
	at org.apache.ratis.util.JavaUtils.attempt(JavaUtils.java:152)
	at org.apache.ratis.RaftTestUtil.waitForLeader(RaftTestUtil.java:97)
	at org.apache.ratis.RaftTestUtil.waitForLeader(RaftTestUtil.java:77)
	at org.apache.ratis.RaftTestUtil.waitForLeader(RaftTestUtil.java:72)
	at org.apache.ratis.RaftTestUtil.lambda$changeLeader$7(RaftTestUtil.java:363)
	at org.apache.ratis.util.JavaUtils.attempt(JavaUtils.java:152)
	at org.apache.ratis.RaftTestUtil.changeLeader(RaftTestUtil.java:362)
	at org.apache.ratis.server.impl.LeaderElectionTests.testChangeLeader(LeaderElectionTests.java:81)
	at sun.reflect.NativeMethodAccessorImpl.invoke0(Native Method)
	at sun.reflect.NativeMethodAccessorImpl.invoke(NativeMethodAccessorImpl.java:62)
	at sun.reflect.DelegatingMethodAccessorImpl.invoke(DelegatingMethodAccessorImpl.java:43)
	at java.lang.reflect.Method.invoke(Method.java:498)
	at org.junit.runners.model.FrameworkMethod$1.runReflectiveCall(FrameworkMethod.java:50)
	at org.junit.internal.runners.model.ReflectiveCallable.run(ReflectiveCallable.java:12)
	at org.junit.runners.model.FrameworkMethod.invokeExplosively(FrameworkMethod.java:47)
	at org.junit.internal.runners.statements.InvokeMethod.evaluate(InvokeMethod.java:17)
	at org.junit.internal.runners.statements.RunAfters.evaluate(RunAfters.java:27)
	at org.junit.internal.runners.statements.FailOnTimeout$CallableStatement.call(FailOnTimeout.java:298)
	at org.junit.internal.runners.statements.FailOnTimeout$CallableStatement.call(FailOnTimeout.java:292)
	at java.util.concurrent.FutureTask.run(FutureTask.java:266)
	at java.lang.Thread.run(Thread.java:748)
2019-09-24 16:30:48,053 WARN  ratis.RaftTestUtil (JavaUtils.java:attempt(158)) - FAILED "waitForLeader-null-(expectLeader? true)", attempt #21/100: java.lang.IllegalStateException: No leader yet : printing ALL groups
  s0:  RUNNING CANDIDATE s0@group-A7200166065B:t28, leader=null, voted=s0, raftlog=s0@group-A7200166065B-SegmentedRaftLog:OPENED:c0,f0,i0, conf=0: [s0:0.0.0.0:33663, s1:0.0.0.0:41738, s2:0.0.0.0:43966], old=null RUNNING
  s1:  RUNNING CANDIDATE s1@group-A7200166065B:t27, leader=null, voted=s1, raftlog=s1@group-A7200166065B-SegmentedRaftLog:OPENED:c-1,f0,i0, conf=0: [s0:0.0.0.0:33663, s1:0.0.0.0:41738, s2:0.0.0.0:43966], old=null RUNNING
  s2:  RUNNING CANDIDATE s2@group-A7200166065B:t27, leader=null, voted=s2, raftlog=s2@group-A7200166065B-SegmentedRaftLog:OPENED:c-1,f0,i0, conf=0: [s0:0.0.0.0:33663, s1:0.0.0.0:41738, s2:0.0.0.0:43966], old=null RUNNING, sleep 450ms and then retry.
java.lang.IllegalStateException: No leader yet : printing ALL groups
  s0:  RUNNING CANDIDATE s0@group-A7200166065B:t28, leader=null, voted=s0, raftlog=s0@group-A7200166065B-SegmentedRaftLog:OPENED:c0,f0,i0, conf=0: [s0:0.0.0.0:33663, s1:0.0.0.0:41738, s2:0.0.0.0:43966], old=null RUNNING
  s1:  RUNNING CANDIDATE s1@group-A7200166065B:t27, leader=null, voted=s1, raftlog=s1@group-A7200166065B-SegmentedRaftLog:OPENED:c-1,f0,i0, conf=0: [s0:0.0.0.0:33663, s1:0.0.0.0:41738, s2:0.0.0.0:43966], old=null RUNNING
  s2:  RUNNING CANDIDATE s2@group-A7200166065B:t27, leader=null, voted=s2, raftlog=s2@group-A7200166065B-SegmentedRaftLog:OPENED:c-1,f0,i0, conf=0: [s0:0.0.0.0:33663, s1:0.0.0.0:41738, s2:0.0.0.0:43966], old=null RUNNING
	at org.apache.ratis.MiniRaftCluster.newIllegalStateExceptionForNoLeaders(MiniRaftCluster.java:506)
	at org.apache.ratis.RaftTestUtil.lambda$waitForLeader$1(RaftTestUtil.java:90)
	at org.apache.ratis.MiniRaftCluster.getLeader(MiniRaftCluster.java:539)
	at org.apache.ratis.MiniRaftCluster.getLeader(MiniRaftCluster.java:532)
	at org.apache.ratis.RaftTestUtil.lambda$waitForLeader$3(RaftTestUtil.java:98)
	at org.apache.ratis.util.JavaUtils.attempt(JavaUtils.java:152)
	at org.apache.ratis.RaftTestUtil.waitForLeader(RaftTestUtil.java:97)
	at org.apache.ratis.RaftTestUtil.waitForLeader(RaftTestUtil.java:77)
	at org.apache.ratis.RaftTestUtil.waitForLeader(RaftTestUtil.java:72)
	at org.apache.ratis.RaftTestUtil.lambda$changeLeader$7(RaftTestUtil.java:363)
	at org.apache.ratis.util.JavaUtils.attempt(JavaUtils.java:152)
	at org.apache.ratis.RaftTestUtil.changeLeader(RaftTestUtil.java:362)
	at org.apache.ratis.server.impl.LeaderElectionTests.testChangeLeader(LeaderElectionTests.java:81)
	at sun.reflect.NativeMethodAccessorImpl.invoke0(Native Method)
	at sun.reflect.NativeMethodAccessorImpl.invoke(NativeMethodAccessorImpl.java:62)
	at sun.reflect.DelegatingMethodAccessorImpl.invoke(DelegatingMethodAccessorImpl.java:43)
	at java.lang.reflect.Method.invoke(Method.java:498)
	at org.junit.runners.model.FrameworkMethod$1.runReflectiveCall(FrameworkMethod.java:50)
	at org.junit.internal.runners.model.ReflectiveCallable.run(ReflectiveCallable.java:12)
	at org.junit.runners.model.FrameworkMethod.invokeExplosively(FrameworkMethod.java:47)
	at org.junit.internal.runners.statements.InvokeMethod.evaluate(InvokeMethod.java:17)
	at org.junit.internal.runners.statements.RunAfters.evaluate(RunAfters.java:27)
	at org.junit.internal.runners.statements.FailOnTimeout$CallableStatement.call(FailOnTimeout.java:298)
	at org.junit.internal.runners.statements.FailOnTimeout$CallableStatement.call(FailOnTimeout.java:292)
	at java.util.concurrent.FutureTask.run(FutureTask.java:266)
	at java.lang.Thread.run(Thread.java:748)
2019-09-24 16:30:48,504 WARN  ratis.RaftTestUtil (JavaUtils.java:attempt(158)) - FAILED "waitForLeader-null-(expectLeader? true)", attempt #22/100: java.lang.IllegalStateException: No leader yet : printing ALL groups
  s0:  RUNNING CANDIDATE s0@group-A7200166065B:t28, leader=null, voted=s0, raftlog=s0@group-A7200166065B-SegmentedRaftLog:OPENED:c0,f0,i0, conf=0: [s0:0.0.0.0:33663, s1:0.0.0.0:41738, s2:0.0.0.0:43966], old=null RUNNING
  s1:  RUNNING CANDIDATE s1@group-A7200166065B:t27, leader=null, voted=s1, raftlog=s1@group-A7200166065B-SegmentedRaftLog:OPENED:c-1,f0,i0, conf=0: [s0:0.0.0.0:33663, s1:0.0.0.0:41738, s2:0.0.0.0:43966], old=null RUNNING
  s2:  RUNNING CANDIDATE s2@group-A7200166065B:t27, leader=null, voted=s2, raftlog=s2@group-A7200166065B-SegmentedRaftLog:OPENED:c-1,f0,i0, conf=0: [s0:0.0.0.0:33663, s1:0.0.0.0:41738, s2:0.0.0.0:43966], old=null RUNNING, sleep 450ms and then retry.
java.lang.IllegalStateException: No leader yet : printing ALL groups
  s0:  RUNNING CANDIDATE s0@group-A7200166065B:t28, leader=null, voted=s0, raftlog=s0@group-A7200166065B-SegmentedRaftLog:OPENED:c0,f0,i0, conf=0: [s0:0.0.0.0:33663, s1:0.0.0.0:41738, s2:0.0.0.0:43966], old=null RUNNING
  s1:  RUNNING CANDIDATE s1@group-A7200166065B:t27, leader=null, voted=s1, raftlog=s1@group-A7200166065B-SegmentedRaftLog:OPENED:c-1,f0,i0, conf=0: [s0:0.0.0.0:33663, s1:0.0.0.0:41738, s2:0.0.0.0:43966], old=null RUNNING
  s2:  RUNNING CANDIDATE s2@group-A7200166065B:t27, leader=null, voted=s2, raftlog=s2@group-A7200166065B-SegmentedRaftLog:OPENED:c-1,f0,i0, conf=0: [s0:0.0.0.0:33663, s1:0.0.0.0:41738, s2:0.0.0.0:43966], old=null RUNNING
	at org.apache.ratis.MiniRaftCluster.newIllegalStateExceptionForNoLeaders(MiniRaftCluster.java:506)
	at org.apache.ratis.RaftTestUtil.lambda$waitForLeader$1(RaftTestUtil.java:90)
	at org.apache.ratis.MiniRaftCluster.getLeader(MiniRaftCluster.java:539)
	at org.apache.ratis.MiniRaftCluster.getLeader(MiniRaftCluster.java:532)
	at org.apache.ratis.RaftTestUtil.lambda$waitForLeader$3(RaftTestUtil.java:98)
	at org.apache.ratis.util.JavaUtils.attempt(JavaUtils.java:152)
	at org.apache.ratis.RaftTestUtil.waitForLeader(RaftTestUtil.java:97)
	at org.apache.ratis.RaftTestUtil.waitForLeader(RaftTestUtil.java:77)
	at org.apache.ratis.RaftTestUtil.waitForLeader(RaftTestUtil.java:72)
	at org.apache.ratis.RaftTestUtil.lambda$changeLeader$7(RaftTestUtil.java:363)
	at org.apache.ratis.util.JavaUtils.attempt(JavaUtils.java:152)
	at org.apache.ratis.RaftTestUtil.changeLeader(RaftTestUtil.java:362)
	at org.apache.ratis.server.impl.LeaderElectionTests.testChangeLeader(LeaderElectionTests.java:81)
	at sun.reflect.NativeMethodAccessorImpl.invoke0(Native Method)
	at sun.reflect.NativeMethodAccessorImpl.invoke(NativeMethodAccessorImpl.java:62)
	at sun.reflect.DelegatingMethodAccessorImpl.invoke(DelegatingMethodAccessorImpl.java:43)
	at java.lang.reflect.Method.invoke(Method.java:498)
	at org.junit.runners.model.FrameworkMethod$1.runReflectiveCall(FrameworkMethod.java:50)
	at org.junit.internal.runners.model.ReflectiveCallable.run(ReflectiveCallable.java:12)
	at org.junit.runners.model.FrameworkMethod.invokeExplosively(FrameworkMethod.java:47)
	at org.junit.internal.runners.statements.InvokeMethod.evaluate(InvokeMethod.java:17)
	at org.junit.internal.runners.statements.RunAfters.evaluate(RunAfters.java:27)
	at org.junit.internal.runners.statements.FailOnTimeout$CallableStatement.call(FailOnTimeout.java:298)
	at org.junit.internal.runners.statements.FailOnTimeout$CallableStatement.call(FailOnTimeout.java:292)
	at java.util.concurrent.FutureTask.run(FutureTask.java:266)
	at java.lang.Thread.run(Thread.java:748)
2019-09-24 16:30:48,542 INFO  impl.LeaderElection (LeaderElection.java:askForVotes(178)) - s2@group-A7200166065B-LeaderElection156: begin an election at term 27 for 0: [s0:0.0.0.0:33663, s1:0.0.0.0:41738, s2:0.0.0.0:43966], old=null
2019-09-24 16:30:48,542 INFO  impl.LeaderElection (LeaderElection.java:askForVotes(178)) - s1@group-A7200166065B-LeaderElection157: begin an election at term 27 for 0: [s0:0.0.0.0:33663, s1:0.0.0.0:41738, s2:0.0.0.0:43966], old=null
2019-09-24 16:30:48,544 DEBUG impl.RaftServerImpl (RaftServerImpl.java:requestVote(743)) - s0@group-A7200166065B: receive requestVote(s1, group-A7200166065B, 27, (t:3, i:0))
2019-09-24 16:30:48,544 DEBUG impl.RaftServerImpl (RaftServerImpl.java:requestVote(743)) - s0@group-A7200166065B: receive requestVote(s2, group-A7200166065B, 27, (t:3, i:0))
2019-09-24 16:30:48,544 DEBUG impl.RaftServerImpl (RaftServerImpl.java:requestVote(743)) - s2@group-A7200166065B: receive requestVote(s1, group-A7200166065B, 27, (t:3, i:0))
2019-09-24 16:30:48,544 DEBUG impl.RaftServerImpl (RaftServerImpl.java:requestVote(743)) - s1@group-A7200166065B: receive requestVote(s2, group-A7200166065B, 27, (t:3, i:0))
2019-09-24 16:30:48,545 DEBUG impl.RaftServerImpl (RaftServerImpl.java:requestVote(775)) - s2@group-A7200166065B replies to vote request: s1<-s2#0:FAIL-t27. Peer's state: s2@group-A7200166065B:t27, leader=null, voted=s2, raftlog=s2@group-A7200166065B-SegmentedRaftLog:OPENED:c-1,f0,i0, conf=0: [s0:0.0.0.0:33663, s1:0.0.0.0:41738, s2:0.0.0.0:43966], old=null
2019-09-24 16:30:48,545 DEBUG impl.RaftServerImpl (RaftServerImpl.java:requestVote(775)) - s1@group-A7200166065B replies to vote request: s2<-s1#0:FAIL-t27. Peer's state: s1@group-A7200166065B:t27, leader=null, voted=s1, raftlog=s1@group-A7200166065B-SegmentedRaftLog:OPENED:c-1,f0,i0, conf=0: [s0:0.0.0.0:33663, s1:0.0.0.0:41738, s2:0.0.0.0:43966], old=null
2019-09-24 16:30:48,724 INFO  impl.LeaderElection (LeaderElection.java:askForVotes(178)) - s0@group-A7200166065B-LeaderElection131: begin an election at term 28 for 0: [s0:0.0.0.0:33663, s1:0.0.0.0:41738, s2:0.0.0.0:43966], old=null
2019-09-24 16:30:48,724 DEBUG impl.RaftServerImpl (RaftServerImpl.java:requestVote(775)) - s0@group-A7200166065B replies to vote request: s2<-s0#0:FAIL-t28. Peer's state: s0@group-A7200166065B:t28, leader=null, voted=s0, raftlog=s0@group-A7200166065B-SegmentedRaftLog:OPENED:c0,f0,i0, conf=0: [s0:0.0.0.0:33663, s1:0.0.0.0:41738, s2:0.0.0.0:43966], old=null
2019-09-24 16:30:48,724 DEBUG impl.RaftServerImpl (RaftServerImpl.java:requestVote(775)) - s0@group-A7200166065B replies to vote request: s1<-s0#0:FAIL-t28. Peer's state: s0@group-A7200166065B:t28, leader=null, voted=s0, raftlog=s0@group-A7200166065B-SegmentedRaftLog:OPENED:c0,f0,i0, conf=0: [s0:0.0.0.0:33663, s1:0.0.0.0:41738, s2:0.0.0.0:43966], old=null
2019-09-24 16:30:48,725 INFO  impl.LeaderElection (LeaderElection.java:logAndReturn(56)) - s2@group-A7200166065B-LeaderElection156: Election DISCOVERED_A_NEW_TERM; received 2 response(s) [s2<-s0#0:FAIL-t28, s2<-s1#0:FAIL-t27] and 0 exception(s); s2@group-A7200166065B:t27, leader=null, voted=s2, raftlog=s2@group-A7200166065B-SegmentedRaftLog:OPENED:c-1,f0,i0, conf=0: [s0:0.0.0.0:33663, s1:0.0.0.0:41738, s2:0.0.0.0:43966], old=null
2019-09-24 16:30:48,725 INFO  impl.LeaderElection (LeaderElection.java:logAndReturn(56)) - s1@group-A7200166065B-LeaderElection157: Election DISCOVERED_A_NEW_TERM; received 2 response(s) [s1<-s0#0:FAIL-t28, s1<-s2#0:FAIL-t27] and 0 exception(s); s1@group-A7200166065B:t27, leader=null, voted=s1, raftlog=s1@group-A7200166065B-SegmentedRaftLog:OPENED:c-1,f0,i0, conf=0: [s0:0.0.0.0:33663, s1:0.0.0.0:41738, s2:0.0.0.0:43966], old=null
2019-09-24 16:30:48,725 INFO  impl.RaftServerImpl (RaftServerImpl.java:setRole(170)) - s2@group-A7200166065B: changes role from CANDIDATE to FOLLOWER at term 28 for DISCOVERED_A_NEW_TERM
2019-09-24 16:30:48,725 INFO  impl.RaftServerImpl (RaftServerImpl.java:setRole(170)) - s1@group-A7200166065B: changes role from CANDIDATE to FOLLOWER at term 28 for DISCOVERED_A_NEW_TERM
2019-09-24 16:30:48,726 INFO  impl.RoleInfo (RoleInfo.java:shutdownLeaderElection(134)) - s2: shutdown LeaderElection
2019-09-24 16:30:48,726 INFO  impl.RoleInfo (RoleInfo.java:shutdownLeaderElection(134)) - s1: shutdown LeaderElection
2019-09-24 16:30:48,726 INFO  impl.RoleInfo (RoleInfo.java:updateAndGet(143)) - s2: start FollowerState
2019-09-24 16:30:48,726 INFO  impl.RoleInfo (RoleInfo.java:updateAndGet(143)) - s1: start FollowerState
2019-09-24 16:30:48,956 WARN  ratis.RaftTestUtil (JavaUtils.java:attempt(158)) - FAILED "waitForLeader-null-(expectLeader? true)", attempt #23/100: java.lang.IllegalStateException: No leader yet : printing ALL groups
  s0:  RUNNING CANDIDATE s0@group-A7200166065B:t28, leader=null, voted=s0, raftlog=s0@group-A7200166065B-SegmentedRaftLog:OPENED:c0,f0,i0, conf=0: [s0:0.0.0.0:33663, s1:0.0.0.0:41738, s2:0.0.0.0:43966], old=null RUNNING
  s1:  RUNNING  FOLLOWER s1@group-A7200166065B:t28, leader=null, voted=null, raftlog=s1@group-A7200166065B-SegmentedRaftLog:OPENED:c-1,f0,i0, conf=0: [s0:0.0.0.0:33663, s1:0.0.0.0:41738, s2:0.0.0.0:43966], old=null RUNNING
  s2:  RUNNING  FOLLOWER s2@group-A7200166065B:t28, leader=null, voted=null, raftlog=s2@group-A7200166065B-SegmentedRaftLog:OPENED:c-1,f0,i0, conf=0: [s0:0.0.0.0:33663, s1:0.0.0.0:41738, s2:0.0.0.0:43966], old=null RUNNING, sleep 450ms and then retry.
java.lang.IllegalStateException: No leader yet : printing ALL groups
  s0:  RUNNING CANDIDATE s0@group-A7200166065B:t28, leader=null, voted=s0, raftlog=s0@group-A7200166065B-SegmentedRaftLog:OPENED:c0,f0,i0, conf=0: [s0:0.0.0.0:33663, s1:0.0.0.0:41738, s2:0.0.0.0:43966], old=null RUNNING
  s1:  RUNNING  FOLLOWER s1@group-A7200166065B:t28, leader=null, voted=null, raftlog=s1@group-A7200166065B-SegmentedRaftLog:OPENED:c-1,f0,i0, conf=0: [s0:0.0.0.0:33663, s1:0.0.0.0:41738, s2:0.0.0.0:43966], old=null RUNNING
  s2:  RUNNING  FOLLOWER s2@group-A7200166065B:t28, leader=null, voted=null, raftlog=s2@group-A7200166065B-SegmentedRaftLog:OPENED:c-1,f0,i0, conf=0: [s0:0.0.0.0:33663, s1:0.0.0.0:41738, s2:0.0.0.0:43966], old=null RUNNING
	at org.apache.ratis.MiniRaftCluster.newIllegalStateExceptionForNoLeaders(MiniRaftCluster.java:506)
	at org.apache.ratis.RaftTestUtil.lambda$waitForLeader$1(RaftTestUtil.java:90)
	at org.apache.ratis.MiniRaftCluster.getLeader(MiniRaftCluster.java:539)
	at org.apache.ratis.MiniRaftCluster.getLeader(MiniRaftCluster.java:532)
	at org.apache.ratis.RaftTestUtil.lambda$waitForLeader$3(RaftTestUtil.java:98)
	at org.apache.ratis.util.JavaUtils.attempt(JavaUtils.java:152)
	at org.apache.ratis.RaftTestUtil.waitForLeader(RaftTestUtil.java:97)
	at org.apache.ratis.RaftTestUtil.waitForLeader(RaftTestUtil.java:77)
	at org.apache.ratis.RaftTestUtil.waitForLeader(RaftTestUtil.java:72)
	at org.apache.ratis.RaftTestUtil.lambda$changeLeader$7(RaftTestUtil.java:363)
	at org.apache.ratis.util.JavaUtils.attempt(JavaUtils.java:152)
	at org.apache.ratis.RaftTestUtil.changeLeader(RaftTestUtil.java:362)
	at org.apache.ratis.server.impl.LeaderElectionTests.testChangeLeader(LeaderElectionTests.java:81)
	at sun.reflect.NativeMethodAccessorImpl.invoke0(Native Method)
	at sun.reflect.NativeMethodAccessorImpl.invoke(NativeMethodAccessorImpl.java:62)
	at sun.reflect.DelegatingMethodAccessorImpl.invoke(DelegatingMethodAccessorImpl.java:43)
	at java.lang.reflect.Method.invoke(Method.java:498)
	at org.junit.runners.model.FrameworkMethod$1.runReflectiveCall(FrameworkMethod.java:50)
	at org.junit.internal.runners.model.ReflectiveCallable.run(ReflectiveCallable.java:12)
	at org.junit.runners.model.FrameworkMethod.invokeExplosively(FrameworkMethod.java:47)
	at org.junit.internal.runners.statements.InvokeMethod.evaluate(InvokeMethod.java:17)
	at org.junit.internal.runners.statements.RunAfters.evaluate(RunAfters.java:27)
	at org.junit.internal.runners.statements.FailOnTimeout$CallableStatement.call(FailOnTimeout.java:298)
	at org.junit.internal.runners.statements.FailOnTimeout$CallableStatement.call(FailOnTimeout.java:292)
	at java.util.concurrent.FutureTask.run(FutureTask.java:266)
	at java.lang.Thread.run(Thread.java:748)
2019-09-24 16:30:48,981 INFO  impl.LeaderElection (LeaderElection.java:logAndReturn(56)) - s0@group-A7200166065B-LeaderElection131: Election TIMEOUT; received 0 response(s) [] and 0 exception(s); s0@group-A7200166065B:t28, leader=null, voted=s0, raftlog=s0@group-A7200166065B-SegmentedRaftLog:OPENED:c0,f0,i0, conf=0: [s0:0.0.0.0:33663, s1:0.0.0.0:41738, s2:0.0.0.0:43966], old=null
2019-09-24 16:30:49,407 WARN  ratis.RaftTestUtil (JavaUtils.java:attempt(158)) - FAILED "waitForLeader-null-(expectLeader? true)", attempt #24/100: java.lang.IllegalStateException: No leader yet : printing ALL groups
  s0:  RUNNING CANDIDATE s0@group-A7200166065B:t29, leader=null, voted=s0, raftlog=s0@group-A7200166065B-SegmentedRaftLog:OPENED:c0,f0,i0, conf=0: [s0:0.0.0.0:33663, s1:0.0.0.0:41738, s2:0.0.0.0:43966], old=null RUNNING
  s1:  RUNNING  FOLLOWER s1@group-A7200166065B:t28, leader=null, voted=null, raftlog=s1@group-A7200166065B-SegmentedRaftLog:OPENED:c-1,f0,i0, conf=0: [s0:0.0.0.0:33663, s1:0.0.0.0:41738, s2:0.0.0.0:43966], old=null RUNNING
  s2:  RUNNING  FOLLOWER s2@group-A7200166065B:t28, leader=null, voted=null, raftlog=s2@group-A7200166065B-SegmentedRaftLog:OPENED:c-1,f0,i0, conf=0: [s0:0.0.0.0:33663, s1:0.0.0.0:41738, s2:0.0.0.0:43966], old=null RUNNING, sleep 450ms and then retry.
java.lang.IllegalStateException: No leader yet : printing ALL groups
  s0:  RUNNING CANDIDATE s0@group-A7200166065B:t29, leader=null, voted=s0, raftlog=s0@group-A7200166065B-SegmentedRaftLog:OPENED:c0,f0,i0, conf=0: [s0:0.0.0.0:33663, s1:0.0.0.0:41738, s2:0.0.0.0:43966], old=null RUNNING
  s1:  RUNNING  FOLLOWER s1@group-A7200166065B:t28, leader=null, voted=null, raftlog=s1@group-A7200166065B-SegmentedRaftLog:OPENED:c-1,f0,i0, conf=0: [s0:0.0.0.0:33663, s1:0.0.0.0:41738, s2:0.0.0.0:43966], old=null RUNNING
  s2:  RUNNING  FOLLOWER s2@group-A7200166065B:t28, leader=null, voted=null, raftlog=s2@group-A7200166065B-SegmentedRaftLog:OPENED:c-1,f0,i0, conf=0: [s0:0.0.0.0:33663, s1:0.0.0.0:41738, s2:0.0.0.0:43966], old=null RUNNING
	at org.apache.ratis.MiniRaftCluster.newIllegalStateExceptionForNoLeaders(MiniRaftCluster.java:506)
	at org.apache.ratis.RaftTestUtil.lambda$waitForLeader$1(RaftTestUtil.java:90)
	at org.apache.ratis.MiniRaftCluster.getLeader(MiniRaftCluster.java:539)
	at org.apache.ratis.MiniRaftCluster.getLeader(MiniRaftCluster.java:532)
	at org.apache.ratis.RaftTestUtil.lambda$waitForLeader$3(RaftTestUtil.java:98)
	at org.apache.ratis.util.JavaUtils.attempt(JavaUtils.java:152)
	at org.apache.ratis.RaftTestUtil.waitForLeader(RaftTestUtil.java:97)
	at org.apache.ratis.RaftTestUtil.waitForLeader(RaftTestUtil.java:77)
	at org.apache.ratis.RaftTestUtil.waitForLeader(RaftTestUtil.java:72)
	at org.apache.ratis.RaftTestUtil.lambda$changeLeader$7(RaftTestUtil.java:363)
	at org.apache.ratis.util.JavaUtils.attempt(JavaUtils.java:152)
	at org.apache.ratis.RaftTestUtil.changeLeader(RaftTestUtil.java:362)
	at org.apache.ratis.server.impl.LeaderElectionTests.testChangeLeader(LeaderElectionTests.java:81)
	at sun.reflect.NativeMethodAccessorImpl.invoke0(Native Method)
	at sun.reflect.NativeMethodAccessorImpl.invoke(NativeMethodAccessorImpl.java:62)
	at sun.reflect.DelegatingMethodAccessorImpl.invoke(DelegatingMethodAccessorImpl.java:43)
	at java.lang.reflect.Method.invoke(Method.java:498)
	at org.junit.runners.model.FrameworkMethod$1.runReflectiveCall(FrameworkMethod.java:50)
	at org.junit.internal.runners.model.ReflectiveCallable.run(ReflectiveCallable.java:12)
	at org.junit.runners.model.FrameworkMethod.invokeExplosively(FrameworkMethod.java:47)
	at org.junit.internal.runners.statements.InvokeMethod.evaluate(InvokeMethod.java:17)
	at org.junit.internal.runners.statements.RunAfters.evaluate(RunAfters.java:27)
	at org.junit.internal.runners.statements.FailOnTimeout$CallableStatement.call(FailOnTimeout.java:298)
	at org.junit.internal.runners.statements.FailOnTimeout$CallableStatement.call(FailOnTimeout.java:292)
	at java.util.concurrent.FutureTask.run(FutureTask.java:266)
	at java.lang.Thread.run(Thread.java:748)
2019-09-24 16:30:49,858 WARN  ratis.RaftTestUtil (JavaUtils.java:attempt(158)) - FAILED "waitForLeader-null-(expectLeader? true)", attempt #25/100: java.lang.IllegalStateException: No leader yet : printing ALL groups
  s0:  RUNNING CANDIDATE s0@group-A7200166065B:t29, leader=null, voted=s0, raftlog=s0@group-A7200166065B-SegmentedRaftLog:OPENED:c0,f0,i0, conf=0: [s0:0.0.0.0:33663, s1:0.0.0.0:41738, s2:0.0.0.0:43966], old=null RUNNING
  s1:  RUNNING  FOLLOWER s1@group-A7200166065B:t28, leader=null, voted=null, raftlog=s1@group-A7200166065B-SegmentedRaftLog:OPENED:c-1,f0,i0, conf=0: [s0:0.0.0.0:33663, s1:0.0.0.0:41738, s2:0.0.0.0:43966], old=null RUNNING
  s2:  RUNNING  FOLLOWER s2@group-A7200166065B:t28, leader=null, voted=null, raftlog=s2@group-A7200166065B-SegmentedRaftLog:OPENED:c-1,f0,i0, conf=0: [s0:0.0.0.0:33663, s1:0.0.0.0:41738, s2:0.0.0.0:43966], old=null RUNNING, sleep 450ms and then retry.
java.lang.IllegalStateException: No leader yet : printing ALL groups
  s0:  RUNNING CANDIDATE s0@group-A7200166065B:t29, leader=null, voted=s0, raftlog=s0@group-A7200166065B-SegmentedRaftLog:OPENED:c0,f0,i0, conf=0: [s0:0.0.0.0:33663, s1:0.0.0.0:41738, s2:0.0.0.0:43966], old=null RUNNING
  s1:  RUNNING  FOLLOWER s1@group-A7200166065B:t28, leader=null, voted=null, raftlog=s1@group-A7200166065B-SegmentedRaftLog:OPENED:c-1,f0,i0, conf=0: [s0:0.0.0.0:33663, s1:0.0.0.0:41738, s2:0.0.0.0:43966], old=null RUNNING
  s2:  RUNNING  FOLLOWER s2@group-A7200166065B:t28, leader=null, voted=null, raftlog=s2@group-A7200166065B-SegmentedRaftLog:OPENED:c-1,f0,i0, conf=0: [s0:0.0.0.0:33663, s1:0.0.0.0:41738, s2:0.0.0.0:43966], old=null RUNNING
	at org.apache.ratis.MiniRaftCluster.newIllegalStateExceptionForNoLeaders(MiniRaftCluster.java:506)
	at org.apache.ratis.RaftTestUtil.lambda$waitForLeader$1(RaftTestUtil.java:90)
	at org.apache.ratis.MiniRaftCluster.getLeader(MiniRaftCluster.java:539)
	at org.apache.ratis.MiniRaftCluster.getLeader(MiniRaftCluster.java:532)
	at org.apache.ratis.RaftTestUtil.lambda$waitForLeader$3(RaftTestUtil.java:98)
	at org.apache.ratis.util.JavaUtils.attempt(JavaUtils.java:152)
	at org.apache.ratis.RaftTestUtil.waitForLeader(RaftTestUtil.java:97)
	at org.apache.ratis.RaftTestUtil.waitForLeader(RaftTestUtil.java:77)
	at org.apache.ratis.RaftTestUtil.waitForLeader(RaftTestUtil.java:72)
	at org.apache.ratis.RaftTestUtil.lambda$changeLeader$7(RaftTestUtil.java:363)
	at org.apache.ratis.util.JavaUtils.attempt(JavaUtils.java:152)
	at org.apache.ratis.RaftTestUtil.changeLeader(RaftTestUtil.java:362)
	at org.apache.ratis.server.impl.LeaderElectionTests.testChangeLeader(LeaderElectionTests.java:81)
	at sun.reflect.NativeMethodAccessorImpl.invoke0(Native Method)
	at sun.reflect.NativeMethodAccessorImpl.invoke(NativeMethodAccessorImpl.java:62)
	at sun.reflect.DelegatingMethodAccessorImpl.invoke(DelegatingMethodAccessorImpl.java:43)
	at java.lang.reflect.Method.invoke(Method.java:498)
	at org.junit.runners.model.FrameworkMethod$1.runReflectiveCall(FrameworkMethod.java:50)
	at org.junit.internal.runners.model.ReflectiveCallable.run(ReflectiveCallable.java:12)
	at org.junit.runners.model.FrameworkMethod.invokeExplosively(FrameworkMethod.java:47)
	at org.junit.internal.runners.statements.InvokeMethod.evaluate(InvokeMethod.java:17)
	at org.junit.internal.runners.statements.RunAfters.evaluate(RunAfters.java:27)
	at org.junit.internal.runners.statements.FailOnTimeout$CallableStatement.call(FailOnTimeout.java:298)
	at org.junit.internal.runners.statements.FailOnTimeout$CallableStatement.call(FailOnTimeout.java:292)
	at java.util.concurrent.FutureTask.run(FutureTask.java:266)
	at java.lang.Thread.run(Thread.java:748)
2019-09-24 16:30:50,309 WARN  ratis.RaftTestUtil (JavaUtils.java:attempt(158)) - FAILED "waitForLeader-null-(expectLeader? true)", attempt #26/100: java.lang.IllegalStateException: No leader yet : printing ALL groups
  s0:  RUNNING CANDIDATE s0@group-A7200166065B:t29, leader=null, voted=s0, raftlog=s0@group-A7200166065B-SegmentedRaftLog:OPENED:c0,f0,i0, conf=0: [s0:0.0.0.0:33663, s1:0.0.0.0:41738, s2:0.0.0.0:43966], old=null RUNNING
  s1:  RUNNING  FOLLOWER s1@group-A7200166065B:t28, leader=null, voted=null, raftlog=s1@group-A7200166065B-SegmentedRaftLog:OPENED:c-1,f0,i0, conf=0: [s0:0.0.0.0:33663, s1:0.0.0.0:41738, s2:0.0.0.0:43966], old=null RUNNING
  s2:  RUNNING  FOLLOWER s2@group-A7200166065B:t28, leader=null, voted=null, raftlog=s2@group-A7200166065B-SegmentedRaftLog:OPENED:c-1,f0,i0, conf=0: [s0:0.0.0.0:33663, s1:0.0.0.0:41738, s2:0.0.0.0:43966], old=null RUNNING, sleep 450ms and then retry.
java.lang.IllegalStateException: No leader yet : printing ALL groups
  s0:  RUNNING CANDIDATE s0@group-A7200166065B:t29, leader=null, voted=s0, raftlog=s0@group-A7200166065B-SegmentedRaftLog:OPENED:c0,f0,i0, conf=0: [s0:0.0.0.0:33663, s1:0.0.0.0:41738, s2:0.0.0.0:43966], old=null RUNNING
  s1:  RUNNING  FOLLOWER s1@group-A7200166065B:t28, leader=null, voted=null, raftlog=s1@group-A7200166065B-SegmentedRaftLog:OPENED:c-1,f0,i0, conf=0: [s0:0.0.0.0:33663, s1:0.0.0.0:41738, s2:0.0.0.0:43966], old=null RUNNING
  s2:  RUNNING  FOLLOWER s2@group-A7200166065B:t28, leader=null, voted=null, raftlog=s2@group-A7200166065B-SegmentedRaftLog:OPENED:c-1,f0,i0, conf=0: [s0:0.0.0.0:33663, s1:0.0.0.0:41738, s2:0.0.0.0:43966], old=null RUNNING
	at org.apache.ratis.MiniRaftCluster.newIllegalStateExceptionForNoLeaders(MiniRaftCluster.java:506)
	at org.apache.ratis.RaftTestUtil.lambda$waitForLeader$1(RaftTestUtil.java:90)
	at org.apache.ratis.MiniRaftCluster.getLeader(MiniRaftCluster.java:539)
	at org.apache.ratis.MiniRaftCluster.getLeader(MiniRaftCluster.java:532)
	at org.apache.ratis.RaftTestUtil.lambda$waitForLeader$3(RaftTestUtil.java:98)
	at org.apache.ratis.util.JavaUtils.attempt(JavaUtils.java:152)
	at org.apache.ratis.RaftTestUtil.waitForLeader(RaftTestUtil.java:97)
	at org.apache.ratis.RaftTestUtil.waitForLeader(RaftTestUtil.java:77)
	at org.apache.ratis.RaftTestUtil.waitForLeader(RaftTestUtil.java:72)
	at org.apache.ratis.RaftTestUtil.lambda$changeLeader$7(RaftTestUtil.java:363)
	at org.apache.ratis.util.JavaUtils.attempt(JavaUtils.java:152)
	at org.apache.ratis.RaftTestUtil.changeLeader(RaftTestUtil.java:362)
	at org.apache.ratis.server.impl.LeaderElectionTests.testChangeLeader(LeaderElectionTests.java:81)
	at sun.reflect.NativeMethodAccessorImpl.invoke0(Native Method)
	at sun.reflect.NativeMethodAccessorImpl.invoke(NativeMethodAccessorImpl.java:62)
	at sun.reflect.DelegatingMethodAccessorImpl.invoke(DelegatingMethodAccessorImpl.java:43)
	at java.lang.reflect.Method.invoke(Method.java:498)
	at org.junit.runners.model.FrameworkMethod$1.runReflectiveCall(FrameworkMethod.java:50)
	at org.junit.internal.runners.model.ReflectiveCallable.run(ReflectiveCallable.java:12)
	at org.junit.runners.model.FrameworkMethod.invokeExplosively(FrameworkMethod.java:47)
	at org.junit.internal.runners.statements.InvokeMethod.evaluate(InvokeMethod.java:17)
	at org.junit.internal.runners.statements.RunAfters.evaluate(RunAfters.java:27)
	at org.junit.internal.runners.statements.FailOnTimeout$CallableStatement.call(FailOnTimeout.java:298)
	at org.junit.internal.runners.statements.FailOnTimeout$CallableStatement.call(FailOnTimeout.java:292)
	at java.util.concurrent.FutureTask.run(FutureTask.java:266)
	at java.lang.Thread.run(Thread.java:748)
2019-09-24 16:30:50,760 WARN  ratis.RaftTestUtil (JavaUtils.java:attempt(158)) - FAILED "waitForLeader-null-(expectLeader? true)", attempt #27/100: java.lang.IllegalStateException: No leader yet : printing ALL groups
  s0:  RUNNING CANDIDATE s0@group-A7200166065B:t29, leader=null, voted=s0, raftlog=s0@group-A7200166065B-SegmentedRaftLog:OPENED:c0,f0,i0, conf=0: [s0:0.0.0.0:33663, s1:0.0.0.0:41738, s2:0.0.0.0:43966], old=null RUNNING
  s1:  RUNNING  FOLLOWER s1@group-A7200166065B:t28, leader=null, voted=null, raftlog=s1@group-A7200166065B-SegmentedRaftLog:OPENED:c-1,f0,i0, conf=0: [s0:0.0.0.0:33663, s1:0.0.0.0:41738, s2:0.0.0.0:43966], old=null RUNNING
  s2:  RUNNING  FOLLOWER s2@group-A7200166065B:t28, leader=null, voted=null, raftlog=s2@group-A7200166065B-SegmentedRaftLog:OPENED:c-1,f0,i0, conf=0: [s0:0.0.0.0:33663, s1:0.0.0.0:41738, s2:0.0.0.0:43966], old=null RUNNING, sleep 450ms and then retry.
java.lang.IllegalStateException: No leader yet : printing ALL groups
  s0:  RUNNING CANDIDATE s0@group-A7200166065B:t29, leader=null, voted=s0, raftlog=s0@group-A7200166065B-SegmentedRaftLog:OPENED:c0,f0,i0, conf=0: [s0:0.0.0.0:33663, s1:0.0.0.0:41738, s2:0.0.0.0:43966], old=null RUNNING
  s1:  RUNNING  FOLLOWER s1@group-A7200166065B:t28, leader=null, voted=null, raftlog=s1@group-A7200166065B-SegmentedRaftLog:OPENED:c-1,f0,i0, conf=0: [s0:0.0.0.0:33663, s1:0.0.0.0:41738, s2:0.0.0.0:43966], old=null RUNNING
  s2:  RUNNING  FOLLOWER s2@group-A7200166065B:t28, leader=null, voted=null, raftlog=s2@group-A7200166065B-SegmentedRaftLog:OPENED:c-1,f0,i0, conf=0: [s0:0.0.0.0:33663, s1:0.0.0.0:41738, s2:0.0.0.0:43966], old=null RUNNING
	at org.apache.ratis.MiniRaftCluster.newIllegalStateExceptionForNoLeaders(MiniRaftCluster.java:506)
	at org.apache.ratis.RaftTestUtil.lambda$waitForLeader$1(RaftTestUtil.java:90)
	at org.apache.ratis.MiniRaftCluster.getLeader(MiniRaftCluster.java:539)
	at org.apache.ratis.MiniRaftCluster.getLeader(MiniRaftCluster.java:532)
	at org.apache.ratis.RaftTestUtil.lambda$waitForLeader$3(RaftTestUtil.java:98)
	at org.apache.ratis.util.JavaUtils.attempt(JavaUtils.java:152)
	at org.apache.ratis.RaftTestUtil.waitForLeader(RaftTestUtil.java:97)
	at org.apache.ratis.RaftTestUtil.waitForLeader(RaftTestUtil.java:77)
	at org.apache.ratis.RaftTestUtil.waitForLeader(RaftTestUtil.java:72)
	at org.apache.ratis.RaftTestUtil.lambda$changeLeader$7(RaftTestUtil.java:363)
	at org.apache.ratis.util.JavaUtils.attempt(JavaUtils.java:152)
	at org.apache.ratis.RaftTestUtil.changeLeader(RaftTestUtil.java:362)
	at org.apache.ratis.server.impl.LeaderElectionTests.testChangeLeader(LeaderElectionTests.java:81)
	at sun.reflect.NativeMethodAccessorImpl.invoke0(Native Method)
	at sun.reflect.NativeMethodAccessorImpl.invoke(NativeMethodAccessorImpl.java:62)
	at sun.reflect.DelegatingMethodAccessorImpl.invoke(DelegatingMethodAccessorImpl.java:43)
	at java.lang.reflect.Method.invoke(Method.java:498)
	at org.junit.runners.model.FrameworkMethod$1.runReflectiveCall(FrameworkMethod.java:50)
	at org.junit.internal.runners.model.ReflectiveCallable.run(ReflectiveCallable.java:12)
	at org.junit.runners.model.FrameworkMethod.invokeExplosively(FrameworkMethod.java:47)
	at org.junit.internal.runners.statements.InvokeMethod.evaluate(InvokeMethod.java:17)
	at org.junit.internal.runners.statements.RunAfters.evaluate(RunAfters.java:27)
	at org.junit.internal.runners.statements.FailOnTimeout$CallableStatement.call(FailOnTimeout.java:298)
	at org.junit.internal.runners.statements.FailOnTimeout$CallableStatement.call(FailOnTimeout.java:292)
	at java.util.concurrent.FutureTask.run(FutureTask.java:266)
	at java.lang.Thread.run(Thread.java:748)
2019-09-24 16:30:51,211 WARN  ratis.RaftTestUtil (JavaUtils.java:attempt(158)) - FAILED "waitForLeader-null-(expectLeader? true)", attempt #28/100: java.lang.IllegalStateException: No leader yet : printing ALL groups
  s0:  RUNNING CANDIDATE s0@group-A7200166065B:t29, leader=null, voted=s0, raftlog=s0@group-A7200166065B-SegmentedRaftLog:OPENED:c0,f0,i0, conf=0: [s0:0.0.0.0:33663, s1:0.0.0.0:41738, s2:0.0.0.0:43966], old=null RUNNING
  s1:  RUNNING  FOLLOWER s1@group-A7200166065B:t28, leader=null, voted=null, raftlog=s1@group-A7200166065B-SegmentedRaftLog:OPENED:c-1,f0,i0, conf=0: [s0:0.0.0.0:33663, s1:0.0.0.0:41738, s2:0.0.0.0:43966], old=null RUNNING
  s2:  RUNNING  FOLLOWER s2@group-A7200166065B:t28, leader=null, voted=null, raftlog=s2@group-A7200166065B-SegmentedRaftLog:OPENED:c-1,f0,i0, conf=0: [s0:0.0.0.0:33663, s1:0.0.0.0:41738, s2:0.0.0.0:43966], old=null RUNNING, sleep 450ms and then retry.
java.lang.IllegalStateException: No leader yet : printing ALL groups
  s0:  RUNNING CANDIDATE s0@group-A7200166065B:t29, leader=null, voted=s0, raftlog=s0@group-A7200166065B-SegmentedRaftLog:OPENED:c0,f0,i0, conf=0: [s0:0.0.0.0:33663, s1:0.0.0.0:41738, s2:0.0.0.0:43966], old=null RUNNING
  s1:  RUNNING  FOLLOWER s1@group-A7200166065B:t28, leader=null, voted=null, raftlog=s1@group-A7200166065B-SegmentedRaftLog:OPENED:c-1,f0,i0, conf=0: [s0:0.0.0.0:33663, s1:0.0.0.0:41738, s2:0.0.0.0:43966], old=null RUNNING
  s2:  RUNNING  FOLLOWER s2@group-A7200166065B:t28, leader=null, voted=null, raftlog=s2@group-A7200166065B-SegmentedRaftLog:OPENED:c-1,f0,i0, conf=0: [s0:0.0.0.0:33663, s1:0.0.0.0:41738, s2:0.0.0.0:43966], old=null RUNNING
	at org.apache.ratis.MiniRaftCluster.newIllegalStateExceptionForNoLeaders(MiniRaftCluster.java:506)
	at org.apache.ratis.RaftTestUtil.lambda$waitForLeader$1(RaftTestUtil.java:90)
	at org.apache.ratis.MiniRaftCluster.getLeader(MiniRaftCluster.java:539)
	at org.apache.ratis.MiniRaftCluster.getLeader(MiniRaftCluster.java:532)
	at org.apache.ratis.RaftTestUtil.lambda$waitForLeader$3(RaftTestUtil.java:98)
	at org.apache.ratis.util.JavaUtils.attempt(JavaUtils.java:152)
	at org.apache.ratis.RaftTestUtil.waitForLeader(RaftTestUtil.java:97)
	at org.apache.ratis.RaftTestUtil.waitForLeader(RaftTestUtil.java:77)
	at org.apache.ratis.RaftTestUtil.waitForLeader(RaftTestUtil.java:72)
	at org.apache.ratis.RaftTestUtil.lambda$changeLeader$7(RaftTestUtil.java:363)
	at org.apache.ratis.util.JavaUtils.attempt(JavaUtils.java:152)
	at org.apache.ratis.RaftTestUtil.changeLeader(RaftTestUtil.java:362)
	at org.apache.ratis.server.impl.LeaderElectionTests.testChangeLeader(LeaderElectionTests.java:81)
	at sun.reflect.NativeMethodAccessorImpl.invoke0(Native Method)
	at sun.reflect.NativeMethodAccessorImpl.invoke(NativeMethodAccessorImpl.java:62)
	at sun.reflect.DelegatingMethodAccessorImpl.invoke(DelegatingMethodAccessorImpl.java:43)
	at java.lang.reflect.Method.invoke(Method.java:498)
	at org.junit.runners.model.FrameworkMethod$1.runReflectiveCall(FrameworkMethod.java:50)
	at org.junit.internal.runners.model.ReflectiveCallable.run(ReflectiveCallable.java:12)
	at org.junit.runners.model.FrameworkMethod.invokeExplosively(FrameworkMethod.java:47)
	at org.junit.internal.runners.statements.InvokeMethod.evaluate(InvokeMethod.java:17)
	at org.junit.internal.runners.statements.RunAfters.evaluate(RunAfters.java:27)
	at org.junit.internal.runners.statements.FailOnTimeout$CallableStatement.call(FailOnTimeout.java:298)
	at org.junit.internal.runners.statements.FailOnTimeout$CallableStatement.call(FailOnTimeout.java:292)
	at java.util.concurrent.FutureTask.run(FutureTask.java:266)
	at java.lang.Thread.run(Thread.java:748)
2019-09-24 16:30:51,274 INFO  ratis.MiniRaftCluster (MiniRaftCluster.java:lambda$null$5(297)) - TIMED-PRINT: printing ALL groups
  s0:  RUNNING CANDIDATE s0@group-A7200166065B:t29, leader=null, voted=s0, raftlog=s0@group-A7200166065B-SegmentedRaftLog:OPENED:c0,f0,i0, conf=0: [s0:0.0.0.0:33663, s1:0.0.0.0:41738, s2:0.0.0.0:43966], old=null RUNNING
  s1:  RUNNING  FOLLOWER s1@group-A7200166065B:t28, leader=null, voted=null, raftlog=s1@group-A7200166065B-SegmentedRaftLog:OPENED:c-1,f0,i0, conf=0: [s0:0.0.0.0:33663, s1:0.0.0.0:41738, s2:0.0.0.0:43966], old=null RUNNING
  s2:  RUNNING  FOLLOWER s2@group-A7200166065B:t28, leader=null, voted=null, raftlog=s2@group-A7200166065B-SegmentedRaftLog:OPENED:c-1,f0,i0, conf=0: [s0:0.0.0.0:33663, s1:0.0.0.0:41738, s2:0.0.0.0:43966], old=null RUNNING
2019-09-24 16:30:51,663 WARN  ratis.RaftTestUtil (JavaUtils.java:attempt(158)) - FAILED "waitForLeader-null-(expectLeader? true)", attempt #29/100: java.lang.IllegalStateException: No leader yet : printing ALL groups
  s0:  RUNNING CANDIDATE s0@group-A7200166065B:t29, leader=null, voted=s0, raftlog=s0@group-A7200166065B-SegmentedRaftLog:OPENED:c0,f0,i0, conf=0: [s0:0.0.0.0:33663, s1:0.0.0.0:41738, s2:0.0.0.0:43966], old=null RUNNING
  s1:  RUNNING  FOLLOWER s1@group-A7200166065B:t28, leader=null, voted=null, raftlog=s1@group-A7200166065B-SegmentedRaftLog:OPENED:c-1,f0,i0, conf=0: [s0:0.0.0.0:33663, s1:0.0.0.0:41738, s2:0.0.0.0:43966], old=null RUNNING
  s2:  RUNNING  FOLLOWER s2@group-A7200166065B:t28, leader=null, voted=null, raftlog=s2@group-A7200166065B-SegmentedRaftLog:OPENED:c-1,f0,i0, conf=0: [s0:0.0.0.0:33663, s1:0.0.0.0:41738, s2:0.0.0.0:43966], old=null RUNNING, sleep 450ms and then retry.
java.lang.IllegalStateException: No leader yet : printing ALL groups
  s0:  RUNNING CANDIDATE s0@group-A7200166065B:t29, leader=null, voted=s0, raftlog=s0@group-A7200166065B-SegmentedRaftLog:OPENED:c0,f0,i0, conf=0: [s0:0.0.0.0:33663, s1:0.0.0.0:41738, s2:0.0.0.0:43966], old=null RUNNING
  s1:  RUNNING  FOLLOWER s1@group-A7200166065B:t28, leader=null, voted=null, raftlog=s1@group-A7200166065B-SegmentedRaftLog:OPENED:c-1,f0,i0, conf=0: [s0:0.0.0.0:33663, s1:0.0.0.0:41738, s2:0.0.0.0:43966], old=null RUNNING
  s2:  RUNNING  FOLLOWER s2@group-A7200166065B:t28, leader=null, voted=null, raftlog=s2@group-A7200166065B-SegmentedRaftLog:OPENED:c-1,f0,i0, conf=0: [s0:0.0.0.0:33663, s1:0.0.0.0:41738, s2:0.0.0.0:43966], old=null RUNNING
	at org.apache.ratis.MiniRaftCluster.newIllegalStateExceptionForNoLeaders(MiniRaftCluster.java:506)
	at org.apache.ratis.RaftTestUtil.lambda$waitForLeader$1(RaftTestUtil.java:90)
	at org.apache.ratis.MiniRaftCluster.getLeader(MiniRaftCluster.java:539)
	at org.apache.ratis.MiniRaftCluster.getLeader(MiniRaftCluster.java:532)
	at org.apache.ratis.RaftTestUtil.lambda$waitForLeader$3(RaftTestUtil.java:98)
	at org.apache.ratis.util.JavaUtils.attempt(JavaUtils.java:152)
	at org.apache.ratis.RaftTestUtil.waitForLeader(RaftTestUtil.java:97)
	at org.apache.ratis.RaftTestUtil.waitForLeader(RaftTestUtil.java:77)
	at org.apache.ratis.RaftTestUtil.waitForLeader(RaftTestUtil.java:72)
	at org.apache.ratis.RaftTestUtil.lambda$changeLeader$7(RaftTestUtil.java:363)
	at org.apache.ratis.util.JavaUtils.attempt(JavaUtils.java:152)
	at org.apache.ratis.RaftTestUtil.changeLeader(RaftTestUtil.java:362)
	at org.apache.ratis.server.impl.LeaderElectionTests.testChangeLeader(LeaderElectionTests.java:81)
	at sun.reflect.NativeMethodAccessorImpl.invoke0(Native Method)
	at sun.reflect.NativeMethodAccessorImpl.invoke(NativeMethodAccessorImpl.java:62)
	at sun.reflect.DelegatingMethodAccessorImpl.invoke(DelegatingMethodAccessorImpl.java:43)
	at java.lang.reflect.Method.invoke(Method.java:498)
	at org.junit.runners.model.FrameworkMethod$1.runReflectiveCall(FrameworkMethod.java:50)
	at org.junit.internal.runners.model.ReflectiveCallable.run(ReflectiveCallable.java:12)
	at org.junit.runners.model.FrameworkMethod.invokeExplosively(FrameworkMethod.java:47)
	at org.junit.internal.runners.statements.InvokeMethod.evaluate(InvokeMethod.java:17)
	at org.junit.internal.runners.statements.RunAfters.evaluate(RunAfters.java:27)
	at org.junit.internal.runners.statements.FailOnTimeout$CallableStatement.call(FailOnTimeout.java:298)
	at org.junit.internal.runners.statements.FailOnTimeout$CallableStatement.call(FailOnTimeout.java:292)
	at java.util.concurrent.FutureTask.run(FutureTask.java:266)
	at java.lang.Thread.run(Thread.java:748)
2019-09-24 16:30:52,114 WARN  ratis.RaftTestUtil (JavaUtils.java:attempt(158)) - FAILED "waitForLeader-null-(expectLeader? true)", attempt #30/100: java.lang.IllegalStateException: No leader yet : printing ALL groups
  s0:  RUNNING CANDIDATE s0@group-A7200166065B:t29, leader=null, voted=s0, raftlog=s0@group-A7200166065B-SegmentedRaftLog:OPENED:c0,f0,i0, conf=0: [s0:0.0.0.0:33663, s1:0.0.0.0:41738, s2:0.0.0.0:43966], old=null RUNNING
  s1:  RUNNING  FOLLOWER s1@group-A7200166065B:t28, leader=null, voted=null, raftlog=s1@group-A7200166065B-SegmentedRaftLog:OPENED:c-1,f0,i0, conf=0: [s0:0.0.0.0:33663, s1:0.0.0.0:41738, s2:0.0.0.0:43966], old=null RUNNING
  s2:  RUNNING  FOLLOWER s2@group-A7200166065B:t28, leader=null, voted=null, raftlog=s2@group-A7200166065B-SegmentedRaftLog:OPENED:c-1,f0,i0, conf=0: [s0:0.0.0.0:33663, s1:0.0.0.0:41738, s2:0.0.0.0:43966], old=null RUNNING, sleep 450ms and then retry.
java.lang.IllegalStateException: No leader yet : printing ALL groups
  s0:  RUNNING CANDIDATE s0@group-A7200166065B:t29, leader=null, voted=s0, raftlog=s0@group-A7200166065B-SegmentedRaftLog:OPENED:c0,f0,i0, conf=0: [s0:0.0.0.0:33663, s1:0.0.0.0:41738, s2:0.0.0.0:43966], old=null RUNNING
  s1:  RUNNING  FOLLOWER s1@group-A7200166065B:t28, leader=null, voted=null, raftlog=s1@group-A7200166065B-SegmentedRaftLog:OPENED:c-1,f0,i0, conf=0: [s0:0.0.0.0:33663, s1:0.0.0.0:41738, s2:0.0.0.0:43966], old=null RUNNING
  s2:  RUNNING  FOLLOWER s2@group-A7200166065B:t28, leader=null, voted=null, raftlog=s2@group-A7200166065B-SegmentedRaftLog:OPENED:c-1,f0,i0, conf=0: [s0:0.0.0.0:33663, s1:0.0.0.0:41738, s2:0.0.0.0:43966], old=null RUNNING
	at org.apache.ratis.MiniRaftCluster.newIllegalStateExceptionForNoLeaders(MiniRaftCluster.java:506)
	at org.apache.ratis.RaftTestUtil.lambda$waitForLeader$1(RaftTestUtil.java:90)
	at org.apache.ratis.MiniRaftCluster.getLeader(MiniRaftCluster.java:539)
	at org.apache.ratis.MiniRaftCluster.getLeader(MiniRaftCluster.java:532)
	at org.apache.ratis.RaftTestUtil.lambda$waitForLeader$3(RaftTestUtil.java:98)
	at org.apache.ratis.util.JavaUtils.attempt(JavaUtils.java:152)
	at org.apache.ratis.RaftTestUtil.waitForLeader(RaftTestUtil.java:97)
	at org.apache.ratis.RaftTestUtil.waitForLeader(RaftTestUtil.java:77)
	at org.apache.ratis.RaftTestUtil.waitForLeader(RaftTestUtil.java:72)
	at org.apache.ratis.RaftTestUtil.lambda$changeLeader$7(RaftTestUtil.java:363)
	at org.apache.ratis.util.JavaUtils.attempt(JavaUtils.java:152)
	at org.apache.ratis.RaftTestUtil.changeLeader(RaftTestUtil.java:362)
	at org.apache.ratis.server.impl.LeaderElectionTests.testChangeLeader(LeaderElectionTests.java:81)
	at sun.reflect.NativeMethodAccessorImpl.invoke0(Native Method)
	at sun.reflect.NativeMethodAccessorImpl.invoke(NativeMethodAccessorImpl.java:62)
	at sun.reflect.DelegatingMethodAccessorImpl.invoke(DelegatingMethodAccessorImpl.java:43)
	at java.lang.reflect.Method.invoke(Method.java:498)
	at org.junit.runners.model.FrameworkMethod$1.runReflectiveCall(FrameworkMethod.java:50)
	at org.junit.internal.runners.model.ReflectiveCallable.run(ReflectiveCallable.java:12)
	at org.junit.runners.model.FrameworkMethod.invokeExplosively(FrameworkMethod.java:47)
	at org.junit.internal.runners.statements.InvokeMethod.evaluate(InvokeMethod.java:17)
	at org.junit.internal.runners.statements.RunAfters.evaluate(RunAfters.java:27)
	at org.junit.internal.runners.statements.FailOnTimeout$CallableStatement.call(FailOnTimeout.java:298)
	at org.junit.internal.runners.statements.FailOnTimeout$CallableStatement.call(FailOnTimeout.java:292)
	at java.util.concurrent.FutureTask.run(FutureTask.java:266)
	at java.lang.Thread.run(Thread.java:748)
2019-09-24 16:30:52,565 WARN  ratis.RaftTestUtil (JavaUtils.java:attempt(158)) - FAILED "waitForLeader-null-(expectLeader? true)", attempt #31/100: java.lang.IllegalStateException: No leader yet : printing ALL groups
  s0:  RUNNING CANDIDATE s0@group-A7200166065B:t29, leader=null, voted=s0, raftlog=s0@group-A7200166065B-SegmentedRaftLog:OPENED:c0,f0,i0, conf=0: [s0:0.0.0.0:33663, s1:0.0.0.0:41738, s2:0.0.0.0:43966], old=null RUNNING
  s1:  RUNNING  FOLLOWER s1@group-A7200166065B:t28, leader=null, voted=null, raftlog=s1@group-A7200166065B-SegmentedRaftLog:OPENED:c-1,f0,i0, conf=0: [s0:0.0.0.0:33663, s1:0.0.0.0:41738, s2:0.0.0.0:43966], old=null RUNNING
  s2:  RUNNING  FOLLOWER s2@group-A7200166065B:t28, leader=null, voted=null, raftlog=s2@group-A7200166065B-SegmentedRaftLog:OPENED:c-1,f0,i0, conf=0: [s0:0.0.0.0:33663, s1:0.0.0.0:41738, s2:0.0.0.0:43966], old=null RUNNING, sleep 450ms and then retry.
java.lang.IllegalStateException: No leader yet : printing ALL groups
  s0:  RUNNING CANDIDATE s0@group-A7200166065B:t29, leader=null, voted=s0, raftlog=s0@group-A7200166065B-SegmentedRaftLog:OPENED:c0,f0,i0, conf=0: [s0:0.0.0.0:33663, s1:0.0.0.0:41738, s2:0.0.0.0:43966], old=null RUNNING
  s1:  RUNNING  FOLLOWER s1@group-A7200166065B:t28, leader=null, voted=null, raftlog=s1@group-A7200166065B-SegmentedRaftLog:OPENED:c-1,f0,i0, conf=0: [s0:0.0.0.0:33663, s1:0.0.0.0:41738, s2:0.0.0.0:43966], old=null RUNNING
  s2:  RUNNING  FOLLOWER s2@group-A7200166065B:t28, leader=null, voted=null, raftlog=s2@group-A7200166065B-SegmentedRaftLog:OPENED:c-1,f0,i0, conf=0: [s0:0.0.0.0:33663, s1:0.0.0.0:41738, s2:0.0.0.0:43966], old=null RUNNING
	at org.apache.ratis.MiniRaftCluster.newIllegalStateExceptionForNoLeaders(MiniRaftCluster.java:506)
	at org.apache.ratis.RaftTestUtil.lambda$waitForLeader$1(RaftTestUtil.java:90)
	at org.apache.ratis.MiniRaftCluster.getLeader(MiniRaftCluster.java:539)
	at org.apache.ratis.MiniRaftCluster.getLeader(MiniRaftCluster.java:532)
	at org.apache.ratis.RaftTestUtil.lambda$waitForLeader$3(RaftTestUtil.java:98)
	at org.apache.ratis.util.JavaUtils.attempt(JavaUtils.java:152)
	at org.apache.ratis.RaftTestUtil.waitForLeader(RaftTestUtil.java:97)
	at org.apache.ratis.RaftTestUtil.waitForLeader(RaftTestUtil.java:77)
	at org.apache.ratis.RaftTestUtil.waitForLeader(RaftTestUtil.java:72)
	at org.apache.ratis.RaftTestUtil.lambda$changeLeader$7(RaftTestUtil.java:363)
	at org.apache.ratis.util.JavaUtils.attempt(JavaUtils.java:152)
	at org.apache.ratis.RaftTestUtil.changeLeader(RaftTestUtil.java:362)
	at org.apache.ratis.server.impl.LeaderElectionTests.testChangeLeader(LeaderElectionTests.java:81)
	at sun.reflect.NativeMethodAccessorImpl.invoke0(Native Method)
	at sun.reflect.NativeMethodAccessorImpl.invoke(NativeMethodAccessorImpl.java:62)
	at sun.reflect.DelegatingMethodAccessorImpl.invoke(DelegatingMethodAccessorImpl.java:43)
	at java.lang.reflect.Method.invoke(Method.java:498)
	at org.junit.runners.model.FrameworkMethod$1.runReflectiveCall(FrameworkMethod.java:50)
	at org.junit.internal.runners.model.ReflectiveCallable.run(ReflectiveCallable.java:12)
	at org.junit.runners.model.FrameworkMethod.invokeExplosively(FrameworkMethod.java:47)
	at org.junit.internal.runners.statements.InvokeMethod.evaluate(InvokeMethod.java:17)
	at org.junit.internal.runners.statements.RunAfters.evaluate(RunAfters.java:27)
	at org.junit.internal.runners.statements.FailOnTimeout$CallableStatement.call(FailOnTimeout.java:298)
	at org.junit.internal.runners.statements.FailOnTimeout$CallableStatement.call(FailOnTimeout.java:292)
	at java.util.concurrent.FutureTask.run(FutureTask.java:266)
	at java.lang.Thread.run(Thread.java:748)
2019-09-24 16:30:53,016 WARN  ratis.RaftTestUtil (JavaUtils.java:attempt(158)) - FAILED "waitForLeader-null-(expectLeader? true)", attempt #32/100: java.lang.IllegalStateException: No leader yet : printing ALL groups
  s0:  RUNNING CANDIDATE s0@group-A7200166065B:t29, leader=null, voted=s0, raftlog=s0@group-A7200166065B-SegmentedRaftLog:OPENED:c0,f0,i0, conf=0: [s0:0.0.0.0:33663, s1:0.0.0.0:41738, s2:0.0.0.0:43966], old=null RUNNING
  s1:  RUNNING  FOLLOWER s1@group-A7200166065B:t28, leader=null, voted=null, raftlog=s1@group-A7200166065B-SegmentedRaftLog:OPENED:c-1,f0,i0, conf=0: [s0:0.0.0.0:33663, s1:0.0.0.0:41738, s2:0.0.0.0:43966], old=null RUNNING
  s2:  RUNNING  FOLLOWER s2@group-A7200166065B:t28, leader=null, voted=null, raftlog=s2@group-A7200166065B-SegmentedRaftLog:OPENED:c-1,f0,i0, conf=0: [s0:0.0.0.0:33663, s1:0.0.0.0:41738, s2:0.0.0.0:43966], old=null RUNNING, sleep 450ms and then retry.
java.lang.IllegalStateException: No leader yet : printing ALL groups
  s0:  RUNNING CANDIDATE s0@group-A7200166065B:t29, leader=null, voted=s0, raftlog=s0@group-A7200166065B-SegmentedRaftLog:OPENED:c0,f0,i0, conf=0: [s0:0.0.0.0:33663, s1:0.0.0.0:41738, s2:0.0.0.0:43966], old=null RUNNING
  s1:  RUNNING  FOLLOWER s1@group-A7200166065B:t28, leader=null, voted=null, raftlog=s1@group-A7200166065B-SegmentedRaftLog:OPENED:c-1,f0,i0, conf=0: [s0:0.0.0.0:33663, s1:0.0.0.0:41738, s2:0.0.0.0:43966], old=null RUNNING
  s2:  RUNNING  FOLLOWER s2@group-A7200166065B:t28, leader=null, voted=null, raftlog=s2@group-A7200166065B-SegmentedRaftLog:OPENED:c-1,f0,i0, conf=0: [s0:0.0.0.0:33663, s1:0.0.0.0:41738, s2:0.0.0.0:43966], old=null RUNNING
	at org.apache.ratis.MiniRaftCluster.newIllegalStateExceptionForNoLeaders(MiniRaftCluster.java:506)
	at org.apache.ratis.RaftTestUtil.lambda$waitForLeader$1(RaftTestUtil.java:90)
	at org.apache.ratis.MiniRaftCluster.getLeader(MiniRaftCluster.java:539)
	at org.apache.ratis.MiniRaftCluster.getLeader(MiniRaftCluster.java:532)
	at org.apache.ratis.RaftTestUtil.lambda$waitForLeader$3(RaftTestUtil.java:98)
	at org.apache.ratis.util.JavaUtils.attempt(JavaUtils.java:152)
	at org.apache.ratis.RaftTestUtil.waitForLeader(RaftTestUtil.java:97)
	at org.apache.ratis.RaftTestUtil.waitForLeader(RaftTestUtil.java:77)
	at org.apache.ratis.RaftTestUtil.waitForLeader(RaftTestUtil.java:72)
	at org.apache.ratis.RaftTestUtil.lambda$changeLeader$7(RaftTestUtil.java:363)
	at org.apache.ratis.util.JavaUtils.attempt(JavaUtils.java:152)
	at org.apache.ratis.RaftTestUtil.changeLeader(RaftTestUtil.java:362)
	at org.apache.ratis.server.impl.LeaderElectionTests.testChangeLeader(LeaderElectionTests.java:81)
	at sun.reflect.NativeMethodAccessorImpl.invoke0(Native Method)
	at sun.reflect.NativeMethodAccessorImpl.invoke(NativeMethodAccessorImpl.java:62)
	at sun.reflect.DelegatingMethodAccessorImpl.invoke(DelegatingMethodAccessorImpl.java:43)
	at java.lang.reflect.Method.invoke(Method.java:498)
	at org.junit.runners.model.FrameworkMethod$1.runReflectiveCall(FrameworkMethod.java:50)
	at org.junit.internal.runners.model.ReflectiveCallable.run(ReflectiveCallable.java:12)
	at org.junit.runners.model.FrameworkMethod.invokeExplosively(FrameworkMethod.java:47)
	at org.junit.internal.runners.statements.InvokeMethod.evaluate(InvokeMethod.java:17)
	at org.junit.internal.runners.statements.RunAfters.evaluate(RunAfters.java:27)
	at org.junit.internal.runners.statements.FailOnTimeout$CallableStatement.call(FailOnTimeout.java:298)
	at org.junit.internal.runners.statements.FailOnTimeout$CallableStatement.call(FailOnTimeout.java:292)
	at java.util.concurrent.FutureTask.run(FutureTask.java:266)
	at java.lang.Thread.run(Thread.java:748)
2019-09-24 16:30:53,468 WARN  ratis.RaftTestUtil (JavaUtils.java:attempt(158)) - FAILED "waitForLeader-null-(expectLeader? true)", attempt #33/100: java.lang.IllegalStateException: No leader yet : printing ALL groups
  s0:  RUNNING CANDIDATE s0@group-A7200166065B:t29, leader=null, voted=s0, raftlog=s0@group-A7200166065B-SegmentedRaftLog:OPENED:c0,f0,i0, conf=0: [s0:0.0.0.0:33663, s1:0.0.0.0:41738, s2:0.0.0.0:43966], old=null RUNNING
  s1:  RUNNING  FOLLOWER s1@group-A7200166065B:t28, leader=null, voted=null, raftlog=s1@group-A7200166065B-SegmentedRaftLog:OPENED:c-1,f0,i0, conf=0: [s0:0.0.0.0:33663, s1:0.0.0.0:41738, s2:0.0.0.0:43966], old=null RUNNING
  s2:  RUNNING  FOLLOWER s2@group-A7200166065B:t28, leader=null, voted=null, raftlog=s2@group-A7200166065B-SegmentedRaftLog:OPENED:c-1,f0,i0, conf=0: [s0:0.0.0.0:33663, s1:0.0.0.0:41738, s2:0.0.0.0:43966], old=null RUNNING, sleep 450ms and then retry.
java.lang.IllegalStateException: No leader yet : printing ALL groups
  s0:  RUNNING CANDIDATE s0@group-A7200166065B:t29, leader=null, voted=s0, raftlog=s0@group-A7200166065B-SegmentedRaftLog:OPENED:c0,f0,i0, conf=0: [s0:0.0.0.0:33663, s1:0.0.0.0:41738, s2:0.0.0.0:43966], old=null RUNNING
  s1:  RUNNING  FOLLOWER s1@group-A7200166065B:t28, leader=null, voted=null, raftlog=s1@group-A7200166065B-SegmentedRaftLog:OPENED:c-1,f0,i0, conf=0: [s0:0.0.0.0:33663, s1:0.0.0.0:41738, s2:0.0.0.0:43966], old=null RUNNING
  s2:  RUNNING  FOLLOWER s2@group-A7200166065B:t28, leader=null, voted=null, raftlog=s2@group-A7200166065B-SegmentedRaftLog:OPENED:c-1,f0,i0, conf=0: [s0:0.0.0.0:33663, s1:0.0.0.0:41738, s2:0.0.0.0:43966], old=null RUNNING
	at org.apache.ratis.MiniRaftCluster.newIllegalStateExceptionForNoLeaders(MiniRaftCluster.java:506)
	at org.apache.ratis.RaftTestUtil.lambda$waitForLeader$1(RaftTestUtil.java:90)
	at org.apache.ratis.MiniRaftCluster.getLeader(MiniRaftCluster.java:539)
	at org.apache.ratis.MiniRaftCluster.getLeader(MiniRaftCluster.java:532)
	at org.apache.ratis.RaftTestUtil.lambda$waitForLeader$3(RaftTestUtil.java:98)
	at org.apache.ratis.util.JavaUtils.attempt(JavaUtils.java:152)
	at org.apache.ratis.RaftTestUtil.waitForLeader(RaftTestUtil.java:97)
	at org.apache.ratis.RaftTestUtil.waitForLeader(RaftTestUtil.java:77)
	at org.apache.ratis.RaftTestUtil.waitForLeader(RaftTestUtil.java:72)
	at org.apache.ratis.RaftTestUtil.lambda$changeLeader$7(RaftTestUtil.java:363)
	at org.apache.ratis.util.JavaUtils.attempt(JavaUtils.java:152)
	at org.apache.ratis.RaftTestUtil.changeLeader(RaftTestUtil.java:362)
	at org.apache.ratis.server.impl.LeaderElectionTests.testChangeLeader(LeaderElectionTests.java:81)
	at sun.reflect.NativeMethodAccessorImpl.invoke0(Native Method)
	at sun.reflect.NativeMethodAccessorImpl.invoke(NativeMethodAccessorImpl.java:62)
	at sun.reflect.DelegatingMethodAccessorImpl.invoke(DelegatingMethodAccessorImpl.java:43)
	at java.lang.reflect.Method.invoke(Method.java:498)
	at org.junit.runners.model.FrameworkMethod$1.runReflectiveCall(FrameworkMethod.java:50)
	at org.junit.internal.runners.model.ReflectiveCallable.run(ReflectiveCallable.java:12)
	at org.junit.runners.model.FrameworkMethod.invokeExplosively(FrameworkMethod.java:47)
	at org.junit.internal.runners.statements.InvokeMethod.evaluate(InvokeMethod.java:17)
	at org.junit.internal.runners.statements.RunAfters.evaluate(RunAfters.java:27)
	at org.junit.internal.runners.statements.FailOnTimeout$CallableStatement.call(FailOnTimeout.java:298)
	at org.junit.internal.runners.statements.FailOnTimeout$CallableStatement.call(FailOnTimeout.java:292)
	at java.util.concurrent.FutureTask.run(FutureTask.java:266)
	at java.lang.Thread.run(Thread.java:748)
2019-09-24 16:30:53,897 INFO  impl.FollowerState (FollowerState.java:run(108)) - s2@group-A7200166065B-FollowerState: change to CANDIDATE, lastRpcTime:5170ms, electionTimeout:162ms
2019-09-24 16:30:53,897 INFO  impl.LeaderElection (LeaderElection.java:askForVotes(178)) - s0@group-A7200166065B-LeaderElection131: begin an election at term 29 for 0: [s0:0.0.0.0:33663, s1:0.0.0.0:41738, s2:0.0.0.0:43966], old=null
2019-09-24 16:30:53,898 INFO  impl.RoleInfo (RoleInfo.java:shutdownFollowerState(121)) - s2: shutdown FollowerState
2019-09-24 16:30:53,897 INFO  impl.FollowerState (FollowerState.java:run(108)) - s1@group-A7200166065B-FollowerState: change to CANDIDATE, lastRpcTime:5170ms, electionTimeout:168ms
2019-09-24 16:30:53,899 INFO  impl.RoleInfo (RoleInfo.java:shutdownFollowerState(121)) - s1: shutdown FollowerState
2019-09-24 16:30:53,899 INFO  impl.RaftServerImpl (RaftServerImpl.java:setRole(170)) - s1@group-A7200166065B: changes role from  FOLLOWER to CANDIDATE at term 28 for changeToCandidate
2019-09-24 16:30:53,899 INFO  impl.RaftServerImpl (RaftServerImpl.java:setRole(170)) - s2@group-A7200166065B: changes role from  FOLLOWER to CANDIDATE at term 28 for changeToCandidate
2019-09-24 16:30:53,900 INFO  impl.RoleInfo (RoleInfo.java:updateAndGet(143)) - s1: start LeaderElection
2019-09-24 16:30:53,900 INFO  impl.RoleInfo (RoleInfo.java:updateAndGet(143)) - s2: start LeaderElection
2019-09-24 16:30:53,915 INFO  impl.LeaderElection (LeaderElection.java:askForVotes(178)) - s2@group-A7200166065B-LeaderElection158: begin an election at term 29 for 0: [s0:0.0.0.0:33663, s1:0.0.0.0:41738, s2:0.0.0.0:43966], old=null
2019-09-24 16:30:53,915 INFO  impl.LeaderElection (LeaderElection.java:askForVotes(178)) - s1@group-A7200166065B-LeaderElection159: begin an election at term 29 for 0: [s0:0.0.0.0:33663, s1:0.0.0.0:41738, s2:0.0.0.0:43966], old=null
2019-09-24 16:30:53,917 DEBUG impl.RaftServerImpl (RaftServerImpl.java:requestVote(743)) - s0@group-A7200166065B: receive requestVote(s1, group-A7200166065B, 29, (t:3, i:0))
2019-09-24 16:30:53,917 DEBUG impl.RaftServerImpl (RaftServerImpl.java:requestVote(743)) - s2@group-A7200166065B: receive requestVote(s1, group-A7200166065B, 29, (t:3, i:0))
2019-09-24 16:30:53,917 DEBUG impl.RaftServerImpl (RaftServerImpl.java:requestVote(743)) - s1@group-A7200166065B: receive requestVote(s2, group-A7200166065B, 29, (t:3, i:0))
2019-09-24 16:30:53,917 DEBUG impl.RaftServerImpl (RaftServerImpl.java:requestVote(743)) - s0@group-A7200166065B: receive requestVote(s2, group-A7200166065B, 29, (t:3, i:0))
2019-09-24 16:30:53,919 DEBUG impl.RaftServerImpl (RaftServerImpl.java:requestVote(775)) - s1@group-A7200166065B replies to vote request: s2<-s1#0:FAIL-t29. Peer's state: s1@group-A7200166065B:t29, leader=null, voted=s1, raftlog=s1@group-A7200166065B-SegmentedRaftLog:OPENED:c-1,f0,i0, conf=0: [s0:0.0.0.0:33663, s1:0.0.0.0:41738, s2:0.0.0.0:43966], old=null
2019-09-24 16:30:53,919 WARN  ratis.RaftTestUtil (JavaUtils.java:attempt(158)) - FAILED "waitForLeader-null-(expectLeader? true)", attempt #34/100: java.lang.IllegalStateException: No leader yet : printing ALL groups
  s0:  RUNNING CANDIDATE s0@group-A7200166065B:t29, leader=null, voted=s0, raftlog=s0@group-A7200166065B-SegmentedRaftLog:OPENED:c0,f0,i0, conf=0: [s0:0.0.0.0:33663, s1:0.0.0.0:41738, s2:0.0.0.0:43966], old=null RUNNING
  s1:  RUNNING CANDIDATE s1@group-A7200166065B:t29, leader=null, voted=s1, raftlog=s1@group-A7200166065B-SegmentedRaftLog:OPENED:c-1,f0,i0, conf=0: [s0:0.0.0.0:33663, s1:0.0.0.0:41738, s2:0.0.0.0:43966], old=null RUNNING
  s2:  RUNNING CANDIDATE s2@group-A7200166065B:t29, leader=null, voted=s2, raftlog=s2@group-A7200166065B-SegmentedRaftLog:OPENED:c-1,f0,i0, conf=0: [s0:0.0.0.0:33663, s1:0.0.0.0:41738, s2:0.0.0.0:43966], old=null RUNNING, sleep 450ms and then retry.
java.lang.IllegalStateException: No leader yet : printing ALL groups
  s0:  RUNNING CANDIDATE s0@group-A7200166065B:t29, leader=null, voted=s0, raftlog=s0@group-A7200166065B-SegmentedRaftLog:OPENED:c0,f0,i0, conf=0: [s0:0.0.0.0:33663, s1:0.0.0.0:41738, s2:0.0.0.0:43966], old=null RUNNING
  s1:  RUNNING CANDIDATE s1@group-A7200166065B:t29, leader=null, voted=s1, raftlog=s1@group-A7200166065B-SegmentedRaftLog:OPENED:c-1,f0,i0, conf=0: [s0:0.0.0.0:33663, s1:0.0.0.0:41738, s2:0.0.0.0:43966], old=null RUNNING
  s2:  RUNNING CANDIDATE s2@group-A7200166065B:t29, leader=null, voted=s2, raftlog=s2@group-A7200166065B-SegmentedRaftLog:OPENED:c-1,f0,i0, conf=0: [s0:0.0.0.0:33663, s1:0.0.0.0:41738, s2:0.0.0.0:43966], old=null RUNNING
	at org.apache.ratis.MiniRaftCluster.newIllegalStateExceptionForNoLeaders(MiniRaftCluster.java:506)
	at org.apache.ratis.RaftTestUtil.lambda$waitForLeader$1(RaftTestUtil.java:90)
	at org.apache.ratis.MiniRaftCluster.getLeader(MiniRaftCluster.java:539)
	at org.apache.ratis.MiniRaftCluster.getLeader(MiniRaftCluster.java:532)
	at org.apache.ratis.RaftTestUtil.lambda$waitForLeader$3(RaftTestUtil.java:98)
	at org.apache.ratis.util.JavaUtils.attempt(JavaUtils.java:152)
	at org.apache.ratis.RaftTestUtil.waitForLeader(RaftTestUtil.java:97)
	at org.apache.ratis.RaftTestUtil.waitForLeader(RaftTestUtil.java:77)
	at org.apache.ratis.RaftTestUtil.waitForLeader(RaftTestUtil.java:72)
	at org.apache.ratis.RaftTestUtil.lambda$changeLeader$7(RaftTestUtil.java:363)
	at org.apache.ratis.util.JavaUtils.attempt(JavaUtils.java:152)
	at org.apache.ratis.RaftTestUtil.changeLeader(RaftTestUtil.java:362)
	at org.apache.ratis.server.impl.LeaderElectionTests.testChangeLeader(LeaderElectionTests.java:81)
	at sun.reflect.NativeMethodAccessorImpl.invoke0(Native Method)
	at sun.reflect.NativeMethodAccessorImpl.invoke(NativeMethodAccessorImpl.java:62)
	at sun.reflect.DelegatingMethodAccessorImpl.invoke(DelegatingMethodAccessorImpl.java:43)
	at java.lang.reflect.Method.invoke(Method.java:498)
	at org.junit.runners.model.FrameworkMethod$1.runReflectiveCall(FrameworkMethod.java:50)
	at org.junit.internal.runners.model.ReflectiveCallable.run(ReflectiveCallable.java:12)
	at org.junit.runners.model.FrameworkMethod.invokeExplosively(FrameworkMethod.java:47)
	at org.junit.internal.runners.statements.InvokeMethod.evaluate(InvokeMethod.java:17)
	at org.junit.internal.runners.statements.RunAfters.evaluate(RunAfters.java:27)
	at org.junit.internal.runners.statements.FailOnTimeout$CallableStatement.call(FailOnTimeout.java:298)
	at org.junit.internal.runners.statements.FailOnTimeout$CallableStatement.call(FailOnTimeout.java:292)
	at java.util.concurrent.FutureTask.run(FutureTask.java:266)
	at java.lang.Thread.run(Thread.java:748)
2019-09-24 16:30:53,918 DEBUG impl.RaftServerImpl (RaftServerImpl.java:requestVote(775)) - s2@group-A7200166065B replies to vote request: s1<-s2#0:FAIL-t29. Peer's state: s2@group-A7200166065B:t29, leader=null, voted=s2, raftlog=s2@group-A7200166065B-SegmentedRaftLog:OPENED:c-1,f0,i0, conf=0: [s0:0.0.0.0:33663, s1:0.0.0.0:41738, s2:0.0.0.0:43966], old=null
2019-09-24 16:30:53,918 DEBUG impl.RaftServerImpl (RaftServerImpl.java:requestVote(775)) - s0@group-A7200166065B replies to vote request: s1<-s0#0:FAIL-t29. Peer's state: s0@group-A7200166065B:t29, leader=null, voted=s0, raftlog=s0@group-A7200166065B-SegmentedRaftLog:OPENED:c0,f0,i0, conf=0: [s0:0.0.0.0:33663, s1:0.0.0.0:41738, s2:0.0.0.0:43966], old=null
2019-09-24 16:30:53,921 DEBUG impl.RaftServerImpl (RaftServerImpl.java:requestVote(775)) - s0@group-A7200166065B replies to vote request: s2<-s0#0:FAIL-t29. Peer's state: s0@group-A7200166065B:t29, leader=null, voted=s0, raftlog=s0@group-A7200166065B-SegmentedRaftLog:OPENED:c0,f0,i0, conf=0: [s0:0.0.0.0:33663, s1:0.0.0.0:41738, s2:0.0.0.0:43966], old=null
2019-09-24 16:30:53,921 INFO  impl.LeaderElection (LeaderElection.java:logAndReturn(56)) - s1@group-A7200166065B-LeaderElection159: Election REJECTED; received 2 response(s) [s1<-s0#0:FAIL-t29, s1<-s2#0:FAIL-t29] and 0 exception(s); s1@group-A7200166065B:t29, leader=null, voted=s1, raftlog=s1@group-A7200166065B-SegmentedRaftLog:OPENED:c-1,f0,i0, conf=0: [s0:0.0.0.0:33663, s1:0.0.0.0:41738, s2:0.0.0.0:43966], old=null
2019-09-24 16:30:53,921 INFO  impl.LeaderElection (LeaderElection.java:logAndReturn(56)) - s2@group-A7200166065B-LeaderElection158: Election REJECTED; received 2 response(s) [s2<-s0#0:FAIL-t29, s2<-s1#0:FAIL-t29] and 0 exception(s); s2@group-A7200166065B:t29, leader=null, voted=s2, raftlog=s2@group-A7200166065B-SegmentedRaftLog:OPENED:c-1,f0,i0, conf=0: [s0:0.0.0.0:33663, s1:0.0.0.0:41738, s2:0.0.0.0:43966], old=null
2019-09-24 16:30:53,921 INFO  impl.RaftServerImpl (RaftServerImpl.java:setRole(170)) - s1@group-A7200166065B: changes role from CANDIDATE to FOLLOWER at term 29 for DISCOVERED_A_NEW_TERM
2019-09-24 16:30:53,922 INFO  impl.RaftServerImpl (RaftServerImpl.java:setRole(170)) - s2@group-A7200166065B: changes role from CANDIDATE to FOLLOWER at term 29 for DISCOVERED_A_NEW_TERM
2019-09-24 16:30:53,922 INFO  impl.RoleInfo (RoleInfo.java:shutdownLeaderElection(134)) - s1: shutdown LeaderElection
2019-09-24 16:30:53,922 INFO  impl.RoleInfo (RoleInfo.java:shutdownLeaderElection(134)) - s2: shutdown LeaderElection
2019-09-24 16:30:53,922 INFO  impl.RoleInfo (RoleInfo.java:updateAndGet(143)) - s1: start FollowerState
2019-09-24 16:30:53,922 INFO  impl.RoleInfo (RoleInfo.java:updateAndGet(143)) - s2: start FollowerState
2019-09-24 16:30:54,098 INFO  impl.LeaderElection (LeaderElection.java:logAndReturn(56)) - s0@group-A7200166065B-LeaderElection131: Election TIMEOUT; received 0 response(s) [] and 0 exception(s); s0@group-A7200166065B:t29, leader=null, voted=s0, raftlog=s0@group-A7200166065B-SegmentedRaftLog:OPENED:c0,f0,i0, conf=0: [s0:0.0.0.0:33663, s1:0.0.0.0:41738, s2:0.0.0.0:43966], old=null
2019-09-24 16:30:54,163 INFO  impl.FollowerState (FollowerState.java:run(108)) - s2@group-A7200166065B-FollowerState: change to CANDIDATE, lastRpcTime:240ms, electionTimeout:240ms
2019-09-24 16:30:54,163 INFO  impl.RoleInfo (RoleInfo.java:shutdownFollowerState(121)) - s2: shutdown FollowerState
2019-09-24 16:30:54,163 INFO  impl.RaftServerImpl (RaftServerImpl.java:setRole(170)) - s2@group-A7200166065B: changes role from  FOLLOWER to CANDIDATE at term 29 for changeToCandidate
2019-09-24 16:30:54,178 INFO  impl.RoleInfo (RoleInfo.java:updateAndGet(143)) - s2: start LeaderElection
2019-09-24 16:30:54,189 INFO  impl.FollowerState (FollowerState.java:run(108)) - s1@group-A7200166065B-FollowerState: change to CANDIDATE, lastRpcTime:266ms, electionTimeout:266ms
2019-09-24 16:30:54,189 INFO  impl.RoleInfo (RoleInfo.java:shutdownFollowerState(121)) - s1: shutdown FollowerState
2019-09-24 16:30:54,189 INFO  impl.RaftServerImpl (RaftServerImpl.java:setRole(170)) - s1@group-A7200166065B: changes role from  FOLLOWER to CANDIDATE at term 29 for changeToCandidate
2019-09-24 16:30:54,189 INFO  impl.RoleInfo (RoleInfo.java:updateAndGet(143)) - s1: start LeaderElection
2019-09-24 16:30:54,371 WARN  ratis.RaftTestUtil (JavaUtils.java:attempt(158)) - FAILED "waitForLeader-null-(expectLeader? true)", attempt #35/100: java.lang.IllegalStateException: No leader yet : printing ALL groups
  s0:  RUNNING CANDIDATE s0@group-A7200166065B:t30, leader=null, voted=s0, raftlog=s0@group-A7200166065B-SegmentedRaftLog:OPENED:c0,f0,i0, conf=0: [s0:0.0.0.0:33663, s1:0.0.0.0:41738, s2:0.0.0.0:43966], old=null RUNNING
  s1:  RUNNING CANDIDATE s1@group-A7200166065B:t30, leader=null, voted=s1, raftlog=s1@group-A7200166065B-SegmentedRaftLog:OPENED:c-1,f0,i0, conf=0: [s0:0.0.0.0:33663, s1:0.0.0.0:41738, s2:0.0.0.0:43966], old=null RUNNING
  s2:  RUNNING CANDIDATE s2@group-A7200166065B:t30, leader=null, voted=s2, raftlog=s2@group-A7200166065B-SegmentedRaftLog:OPENED:c-1,f0,i0, conf=0: [s0:0.0.0.0:33663, s1:0.0.0.0:41738, s2:0.0.0.0:43966], old=null RUNNING, sleep 450ms and then retry.
java.lang.IllegalStateException: No leader yet : printing ALL groups
  s0:  RUNNING CANDIDATE s0@group-A7200166065B:t30, leader=null, voted=s0, raftlog=s0@group-A7200166065B-SegmentedRaftLog:OPENED:c0,f0,i0, conf=0: [s0:0.0.0.0:33663, s1:0.0.0.0:41738, s2:0.0.0.0:43966], old=null RUNNING
  s1:  RUNNING CANDIDATE s1@group-A7200166065B:t30, leader=null, voted=s1, raftlog=s1@group-A7200166065B-SegmentedRaftLog:OPENED:c-1,f0,i0, conf=0: [s0:0.0.0.0:33663, s1:0.0.0.0:41738, s2:0.0.0.0:43966], old=null RUNNING
  s2:  RUNNING CANDIDATE s2@group-A7200166065B:t30, leader=null, voted=s2, raftlog=s2@group-A7200166065B-SegmentedRaftLog:OPENED:c-1,f0,i0, conf=0: [s0:0.0.0.0:33663, s1:0.0.0.0:41738, s2:0.0.0.0:43966], old=null RUNNING
	at org.apache.ratis.MiniRaftCluster.newIllegalStateExceptionForNoLeaders(MiniRaftCluster.java:506)
	at org.apache.ratis.RaftTestUtil.lambda$waitForLeader$1(RaftTestUtil.java:90)
	at org.apache.ratis.MiniRaftCluster.getLeader(MiniRaftCluster.java:539)
	at org.apache.ratis.MiniRaftCluster.getLeader(MiniRaftCluster.java:532)
	at org.apache.ratis.RaftTestUtil.lambda$waitForLeader$3(RaftTestUtil.java:98)
	at org.apache.ratis.util.JavaUtils.attempt(JavaUtils.java:152)
	at org.apache.ratis.RaftTestUtil.waitForLeader(RaftTestUtil.java:97)
	at org.apache.ratis.RaftTestUtil.waitForLeader(RaftTestUtil.java:77)
	at org.apache.ratis.RaftTestUtil.waitForLeader(RaftTestUtil.java:72)
	at org.apache.ratis.RaftTestUtil.lambda$changeLeader$7(RaftTestUtil.java:363)
	at org.apache.ratis.util.JavaUtils.attempt(JavaUtils.java:152)
	at org.apache.ratis.RaftTestUtil.changeLeader(RaftTestUtil.java:362)
	at org.apache.ratis.server.impl.LeaderElectionTests.testChangeLeader(LeaderElectionTests.java:81)
	at sun.reflect.NativeMethodAccessorImpl.invoke0(Native Method)
	at sun.reflect.NativeMethodAccessorImpl.invoke(NativeMethodAccessorImpl.java:62)
	at sun.reflect.DelegatingMethodAccessorImpl.invoke(DelegatingMethodAccessorImpl.java:43)
	at java.lang.reflect.Method.invoke(Method.java:498)
	at org.junit.runners.model.FrameworkMethod$1.runReflectiveCall(FrameworkMethod.java:50)
	at org.junit.internal.runners.model.ReflectiveCallable.run(ReflectiveCallable.java:12)
	at org.junit.runners.model.FrameworkMethod.invokeExplosively(FrameworkMethod.java:47)
	at org.junit.internal.runners.statements.InvokeMethod.evaluate(InvokeMethod.java:17)
	at org.junit.internal.runners.statements.RunAfters.evaluate(RunAfters.java:27)
	at org.junit.internal.runners.statements.FailOnTimeout$CallableStatement.call(FailOnTimeout.java:298)
	at org.junit.internal.runners.statements.FailOnTimeout$CallableStatement.call(FailOnTimeout.java:292)
	at java.util.concurrent.FutureTask.run(FutureTask.java:266)
	at java.lang.Thread.run(Thread.java:748)
2019-09-24 16:30:54,822 WARN  ratis.RaftTestUtil (JavaUtils.java:attempt(158)) - FAILED "waitForLeader-null-(expectLeader? true)", attempt #36/100: java.lang.IllegalStateException: No leader yet : printing ALL groups
  s0:  RUNNING CANDIDATE s0@group-A7200166065B:t30, leader=null, voted=s0, raftlog=s0@group-A7200166065B-SegmentedRaftLog:OPENED:c0,f0,i0, conf=0: [s0:0.0.0.0:33663, s1:0.0.0.0:41738, s2:0.0.0.0:43966], old=null RUNNING
  s1:  RUNNING CANDIDATE s1@group-A7200166065B:t30, leader=null, voted=s1, raftlog=s1@group-A7200166065B-SegmentedRaftLog:OPENED:c-1,f0,i0, conf=0: [s0:0.0.0.0:33663, s1:0.0.0.0:41738, s2:0.0.0.0:43966], old=null RUNNING
  s2:  RUNNING CANDIDATE s2@group-A7200166065B:t30, leader=null, voted=s2, raftlog=s2@group-A7200166065B-SegmentedRaftLog:OPENED:c-1,f0,i0, conf=0: [s0:0.0.0.0:33663, s1:0.0.0.0:41738, s2:0.0.0.0:43966], old=null RUNNING, sleep 450ms and then retry.
java.lang.IllegalStateException: No leader yet : printing ALL groups
  s0:  RUNNING CANDIDATE s0@group-A7200166065B:t30, leader=null, voted=s0, raftlog=s0@group-A7200166065B-SegmentedRaftLog:OPENED:c0,f0,i0, conf=0: [s0:0.0.0.0:33663, s1:0.0.0.0:41738, s2:0.0.0.0:43966], old=null RUNNING
  s1:  RUNNING CANDIDATE s1@group-A7200166065B:t30, leader=null, voted=s1, raftlog=s1@group-A7200166065B-SegmentedRaftLog:OPENED:c-1,f0,i0, conf=0: [s0:0.0.0.0:33663, s1:0.0.0.0:41738, s2:0.0.0.0:43966], old=null RUNNING
  s2:  RUNNING CANDIDATE s2@group-A7200166065B:t30, leader=null, voted=s2, raftlog=s2@group-A7200166065B-SegmentedRaftLog:OPENED:c-1,f0,i0, conf=0: [s0:0.0.0.0:33663, s1:0.0.0.0:41738, s2:0.0.0.0:43966], old=null RUNNING
	at org.apache.ratis.MiniRaftCluster.newIllegalStateExceptionForNoLeaders(MiniRaftCluster.java:506)
	at org.apache.ratis.RaftTestUtil.lambda$waitForLeader$1(RaftTestUtil.java:90)
	at org.apache.ratis.MiniRaftCluster.getLeader(MiniRaftCluster.java:539)
	at org.apache.ratis.MiniRaftCluster.getLeader(MiniRaftCluster.java:532)
	at org.apache.ratis.RaftTestUtil.lambda$waitForLeader$3(RaftTestUtil.java:98)
	at org.apache.ratis.util.JavaUtils.attempt(JavaUtils.java:152)
	at org.apache.ratis.RaftTestUtil.waitForLeader(RaftTestUtil.java:97)
	at org.apache.ratis.RaftTestUtil.waitForLeader(RaftTestUtil.java:77)
	at org.apache.ratis.RaftTestUtil.waitForLeader(RaftTestUtil.java:72)
	at org.apache.ratis.RaftTestUtil.lambda$changeLeader$7(RaftTestUtil.java:363)
	at org.apache.ratis.util.JavaUtils.attempt(JavaUtils.java:152)
	at org.apache.ratis.RaftTestUtil.changeLeader(RaftTestUtil.java:362)
	at org.apache.ratis.server.impl.LeaderElectionTests.testChangeLeader(LeaderElectionTests.java:81)
	at sun.reflect.NativeMethodAccessorImpl.invoke0(Native Method)
	at sun.reflect.NativeMethodAccessorImpl.invoke(NativeMethodAccessorImpl.java:62)
	at sun.reflect.DelegatingMethodAccessorImpl.invoke(DelegatingMethodAccessorImpl.java:43)
	at java.lang.reflect.Method.invoke(Method.java:498)
	at org.junit.runners.model.FrameworkMethod$1.runReflectiveCall(FrameworkMethod.java:50)
	at org.junit.internal.runners.model.ReflectiveCallable.run(ReflectiveCallable.java:12)
	at org.junit.runners.model.FrameworkMethod.invokeExplosively(FrameworkMethod.java:47)
	at org.junit.internal.runners.statements.InvokeMethod.evaluate(InvokeMethod.java:17)
	at org.junit.internal.runners.statements.RunAfters.evaluate(RunAfters.java:27)
	at org.junit.internal.runners.statements.FailOnTimeout$CallableStatement.call(FailOnTimeout.java:298)
	at org.junit.internal.runners.statements.FailOnTimeout$CallableStatement.call(FailOnTimeout.java:292)
	at java.util.concurrent.FutureTask.run(FutureTask.java:266)
	at java.lang.Thread.run(Thread.java:748)
2019-09-24 16:30:55,273 WARN  ratis.RaftTestUtil (JavaUtils.java:attempt(158)) - FAILED "waitForLeader-null-(expectLeader? true)", attempt #37/100: java.lang.IllegalStateException: No leader yet : printing ALL groups
  s0:  RUNNING CANDIDATE s0@group-A7200166065B:t30, leader=null, voted=s0, raftlog=s0@group-A7200166065B-SegmentedRaftLog:OPENED:c0,f0,i0, conf=0: [s0:0.0.0.0:33663, s1:0.0.0.0:41738, s2:0.0.0.0:43966], old=null RUNNING
  s1:  RUNNING CANDIDATE s1@group-A7200166065B:t30, leader=null, voted=s1, raftlog=s1@group-A7200166065B-SegmentedRaftLog:OPENED:c-1,f0,i0, conf=0: [s0:0.0.0.0:33663, s1:0.0.0.0:41738, s2:0.0.0.0:43966], old=null RUNNING
  s2:  RUNNING CANDIDATE s2@group-A7200166065B:t30, leader=null, voted=s2, raftlog=s2@group-A7200166065B-SegmentedRaftLog:OPENED:c-1,f0,i0, conf=0: [s0:0.0.0.0:33663, s1:0.0.0.0:41738, s2:0.0.0.0:43966], old=null RUNNING, sleep 450ms and then retry.
java.lang.IllegalStateException: No leader yet : printing ALL groups
  s0:  RUNNING CANDIDATE s0@group-A7200166065B:t30, leader=null, voted=s0, raftlog=s0@group-A7200166065B-SegmentedRaftLog:OPENED:c0,f0,i0, conf=0: [s0:0.0.0.0:33663, s1:0.0.0.0:41738, s2:0.0.0.0:43966], old=null RUNNING
  s1:  RUNNING CANDIDATE s1@group-A7200166065B:t30, leader=null, voted=s1, raftlog=s1@group-A7200166065B-SegmentedRaftLog:OPENED:c-1,f0,i0, conf=0: [s0:0.0.0.0:33663, s1:0.0.0.0:41738, s2:0.0.0.0:43966], old=null RUNNING
  s2:  RUNNING CANDIDATE s2@group-A7200166065B:t30, leader=null, voted=s2, raftlog=s2@group-A7200166065B-SegmentedRaftLog:OPENED:c-1,f0,i0, conf=0: [s0:0.0.0.0:33663, s1:0.0.0.0:41738, s2:0.0.0.0:43966], old=null RUNNING
	at org.apache.ratis.MiniRaftCluster.newIllegalStateExceptionForNoLeaders(MiniRaftCluster.java:506)
	at org.apache.ratis.RaftTestUtil.lambda$waitForLeader$1(RaftTestUtil.java:90)
	at org.apache.ratis.MiniRaftCluster.getLeader(MiniRaftCluster.java:539)
	at org.apache.ratis.MiniRaftCluster.getLeader(MiniRaftCluster.java:532)
	at org.apache.ratis.RaftTestUtil.lambda$waitForLeader$3(RaftTestUtil.java:98)
	at org.apache.ratis.util.JavaUtils.attempt(JavaUtils.java:152)
	at org.apache.ratis.RaftTestUtil.waitForLeader(RaftTestUtil.java:97)
	at org.apache.ratis.RaftTestUtil.waitForLeader(RaftTestUtil.java:77)
	at org.apache.ratis.RaftTestUtil.waitForLeader(RaftTestUtil.java:72)
	at org.apache.ratis.RaftTestUtil.lambda$changeLeader$7(RaftTestUtil.java:363)
	at org.apache.ratis.util.JavaUtils.attempt(JavaUtils.java:152)
	at org.apache.ratis.RaftTestUtil.changeLeader(RaftTestUtil.java:362)
	at org.apache.ratis.server.impl.LeaderElectionTests.testChangeLeader(LeaderElectionTests.java:81)
	at sun.reflect.NativeMethodAccessorImpl.invoke0(Native Method)
	at sun.reflect.NativeMethodAccessorImpl.invoke(NativeMethodAccessorImpl.java:62)
	at sun.reflect.DelegatingMethodAccessorImpl.invoke(DelegatingMethodAccessorImpl.java:43)
	at java.lang.reflect.Method.invoke(Method.java:498)
	at org.junit.runners.model.FrameworkMethod$1.runReflectiveCall(FrameworkMethod.java:50)
	at org.junit.internal.runners.model.ReflectiveCallable.run(ReflectiveCallable.java:12)
	at org.junit.runners.model.FrameworkMethod.invokeExplosively(FrameworkMethod.java:47)
	at org.junit.internal.runners.statements.InvokeMethod.evaluate(InvokeMethod.java:17)
	at org.junit.internal.runners.statements.RunAfters.evaluate(RunAfters.java:27)
	at org.junit.internal.runners.statements.FailOnTimeout$CallableStatement.call(FailOnTimeout.java:298)
	at org.junit.internal.runners.statements.FailOnTimeout$CallableStatement.call(FailOnTimeout.java:292)
	at java.util.concurrent.FutureTask.run(FutureTask.java:266)
	at java.lang.Thread.run(Thread.java:748)
2019-09-24 16:30:55,725 WARN  ratis.RaftTestUtil (JavaUtils.java:attempt(158)) - FAILED "waitForLeader-null-(expectLeader? true)", attempt #38/100: java.lang.IllegalStateException: No leader yet : printing ALL groups
  s0:  RUNNING CANDIDATE s0@group-A7200166065B:t30, leader=null, voted=s0, raftlog=s0@group-A7200166065B-SegmentedRaftLog:OPENED:c0,f0,i0, conf=0: [s0:0.0.0.0:33663, s1:0.0.0.0:41738, s2:0.0.0.0:43966], old=null RUNNING
  s1:  RUNNING CANDIDATE s1@group-A7200166065B:t30, leader=null, voted=s1, raftlog=s1@group-A7200166065B-SegmentedRaftLog:OPENED:c-1,f0,i0, conf=0: [s0:0.0.0.0:33663, s1:0.0.0.0:41738, s2:0.0.0.0:43966], old=null RUNNING
  s2:  RUNNING CANDIDATE s2@group-A7200166065B:t30, leader=null, voted=s2, raftlog=s2@group-A7200166065B-SegmentedRaftLog:OPENED:c-1,f0,i0, conf=0: [s0:0.0.0.0:33663, s1:0.0.0.0:41738, s2:0.0.0.0:43966], old=null RUNNING, sleep 450ms and then retry.
java.lang.IllegalStateException: No leader yet : printing ALL groups
  s0:  RUNNING CANDIDATE s0@group-A7200166065B:t30, leader=null, voted=s0, raftlog=s0@group-A7200166065B-SegmentedRaftLog:OPENED:c0,f0,i0, conf=0: [s0:0.0.0.0:33663, s1:0.0.0.0:41738, s2:0.0.0.0:43966], old=null RUNNING
  s1:  RUNNING CANDIDATE s1@group-A7200166065B:t30, leader=null, voted=s1, raftlog=s1@group-A7200166065B-SegmentedRaftLog:OPENED:c-1,f0,i0, conf=0: [s0:0.0.0.0:33663, s1:0.0.0.0:41738, s2:0.0.0.0:43966], old=null RUNNING
  s2:  RUNNING CANDIDATE s2@group-A7200166065B:t30, leader=null, voted=s2, raftlog=s2@group-A7200166065B-SegmentedRaftLog:OPENED:c-1,f0,i0, conf=0: [s0:0.0.0.0:33663, s1:0.0.0.0:41738, s2:0.0.0.0:43966], old=null RUNNING
	at org.apache.ratis.MiniRaftCluster.newIllegalStateExceptionForNoLeaders(MiniRaftCluster.java:506)
	at org.apache.ratis.RaftTestUtil.lambda$waitForLeader$1(RaftTestUtil.java:90)
	at org.apache.ratis.MiniRaftCluster.getLeader(MiniRaftCluster.java:539)
	at org.apache.ratis.MiniRaftCluster.getLeader(MiniRaftCluster.java:532)
	at org.apache.ratis.RaftTestUtil.lambda$waitForLeader$3(RaftTestUtil.java:98)
	at org.apache.ratis.util.JavaUtils.attempt(JavaUtils.java:152)
	at org.apache.ratis.RaftTestUtil.waitForLeader(RaftTestUtil.java:97)
	at org.apache.ratis.RaftTestUtil.waitForLeader(RaftTestUtil.java:77)
	at org.apache.ratis.RaftTestUtil.waitForLeader(RaftTestUtil.java:72)
	at org.apache.ratis.RaftTestUtil.lambda$changeLeader$7(RaftTestUtil.java:363)
	at org.apache.ratis.util.JavaUtils.attempt(JavaUtils.java:152)
	at org.apache.ratis.RaftTestUtil.changeLeader(RaftTestUtil.java:362)
	at org.apache.ratis.server.impl.LeaderElectionTests.testChangeLeader(LeaderElectionTests.java:81)
	at sun.reflect.NativeMethodAccessorImpl.invoke0(Native Method)
	at sun.reflect.NativeMethodAccessorImpl.invoke(NativeMethodAccessorImpl.java:62)
	at sun.reflect.DelegatingMethodAccessorImpl.invoke(DelegatingMethodAccessorImpl.java:43)
	at java.lang.reflect.Method.invoke(Method.java:498)
	at org.junit.runners.model.FrameworkMethod$1.runReflectiveCall(FrameworkMethod.java:50)
	at org.junit.internal.runners.model.ReflectiveCallable.run(ReflectiveCallable.java:12)
	at org.junit.runners.model.FrameworkMethod.invokeExplosively(FrameworkMethod.java:47)
	at org.junit.internal.runners.statements.InvokeMethod.evaluate(InvokeMethod.java:17)
	at org.junit.internal.runners.statements.RunAfters.evaluate(RunAfters.java:27)
	at org.junit.internal.runners.statements.FailOnTimeout$CallableStatement.call(FailOnTimeout.java:298)
	at org.junit.internal.runners.statements.FailOnTimeout$CallableStatement.call(FailOnTimeout.java:292)
	at java.util.concurrent.FutureTask.run(FutureTask.java:266)
	at java.lang.Thread.run(Thread.java:748)
2019-09-24 16:30:56,176 WARN  ratis.RaftTestUtil (JavaUtils.java:attempt(158)) - FAILED "waitForLeader-null-(expectLeader? true)", attempt #39/100: java.lang.IllegalStateException: No leader yet : printing ALL groups
  s0:  RUNNING CANDIDATE s0@group-A7200166065B:t30, leader=null, voted=s0, raftlog=s0@group-A7200166065B-SegmentedRaftLog:OPENED:c0,f0,i0, conf=0: [s0:0.0.0.0:33663, s1:0.0.0.0:41738, s2:0.0.0.0:43966], old=null RUNNING
  s1:  RUNNING CANDIDATE s1@group-A7200166065B:t30, leader=null, voted=s1, raftlog=s1@group-A7200166065B-SegmentedRaftLog:OPENED:c-1,f0,i0, conf=0: [s0:0.0.0.0:33663, s1:0.0.0.0:41738, s2:0.0.0.0:43966], old=null RUNNING
  s2:  RUNNING CANDIDATE s2@group-A7200166065B:t30, leader=null, voted=s2, raftlog=s2@group-A7200166065B-SegmentedRaftLog:OPENED:c-1,f0,i0, conf=0: [s0:0.0.0.0:33663, s1:0.0.0.0:41738, s2:0.0.0.0:43966], old=null RUNNING, sleep 450ms and then retry.
java.lang.IllegalStateException: No leader yet : printing ALL groups
  s0:  RUNNING CANDIDATE s0@group-A7200166065B:t30, leader=null, voted=s0, raftlog=s0@group-A7200166065B-SegmentedRaftLog:OPENED:c0,f0,i0, conf=0: [s0:0.0.0.0:33663, s1:0.0.0.0:41738, s2:0.0.0.0:43966], old=null RUNNING
  s1:  RUNNING CANDIDATE s1@group-A7200166065B:t30, leader=null, voted=s1, raftlog=s1@group-A7200166065B-SegmentedRaftLog:OPENED:c-1,f0,i0, conf=0: [s0:0.0.0.0:33663, s1:0.0.0.0:41738, s2:0.0.0.0:43966], old=null RUNNING
  s2:  RUNNING CANDIDATE s2@group-A7200166065B:t30, leader=null, voted=s2, raftlog=s2@group-A7200166065B-SegmentedRaftLog:OPENED:c-1,f0,i0, conf=0: [s0:0.0.0.0:33663, s1:0.0.0.0:41738, s2:0.0.0.0:43966], old=null RUNNING
	at org.apache.ratis.MiniRaftCluster.newIllegalStateExceptionForNoLeaders(MiniRaftCluster.java:506)
	at org.apache.ratis.RaftTestUtil.lambda$waitForLeader$1(RaftTestUtil.java:90)
	at org.apache.ratis.MiniRaftCluster.getLeader(MiniRaftCluster.java:539)
	at org.apache.ratis.MiniRaftCluster.getLeader(MiniRaftCluster.java:532)
	at org.apache.ratis.RaftTestUtil.lambda$waitForLeader$3(RaftTestUtil.java:98)
	at org.apache.ratis.util.JavaUtils.attempt(JavaUtils.java:152)
	at org.apache.ratis.RaftTestUtil.waitForLeader(RaftTestUtil.java:97)
	at org.apache.ratis.RaftTestUtil.waitForLeader(RaftTestUtil.java:77)
	at org.apache.ratis.RaftTestUtil.waitForLeader(RaftTestUtil.java:72)
	at org.apache.ratis.RaftTestUtil.lambda$changeLeader$7(RaftTestUtil.java:363)
	at org.apache.ratis.util.JavaUtils.attempt(JavaUtils.java:152)
	at org.apache.ratis.RaftTestUtil.changeLeader(RaftTestUtil.java:362)
	at org.apache.ratis.server.impl.LeaderElectionTests.testChangeLeader(LeaderElectionTests.java:81)
	at sun.reflect.NativeMethodAccessorImpl.invoke0(Native Method)
	at sun.reflect.NativeMethodAccessorImpl.invoke(NativeMethodAccessorImpl.java:62)
	at sun.reflect.DelegatingMethodAccessorImpl.invoke(DelegatingMethodAccessorImpl.java:43)
	at java.lang.reflect.Method.invoke(Method.java:498)
	at org.junit.runners.model.FrameworkMethod$1.runReflectiveCall(FrameworkMethod.java:50)
	at org.junit.internal.runners.model.ReflectiveCallable.run(ReflectiveCallable.java:12)
	at org.junit.runners.model.FrameworkMethod.invokeExplosively(FrameworkMethod.java:47)
	at org.junit.internal.runners.statements.InvokeMethod.evaluate(InvokeMethod.java:17)
	at org.junit.internal.runners.statements.RunAfters.evaluate(RunAfters.java:27)
	at org.junit.internal.runners.statements.FailOnTimeout$CallableStatement.call(FailOnTimeout.java:298)
	at org.junit.internal.runners.statements.FailOnTimeout$CallableStatement.call(FailOnTimeout.java:292)
	at java.util.concurrent.FutureTask.run(FutureTask.java:266)
	at java.lang.Thread.run(Thread.java:748)
2019-09-24 16:30:56,627 WARN  ratis.RaftTestUtil (JavaUtils.java:attempt(158)) - FAILED "waitForLeader-null-(expectLeader? true)", attempt #40/100: java.lang.IllegalStateException: No leader yet : printing ALL groups
  s0:  RUNNING CANDIDATE s0@group-A7200166065B:t30, leader=null, voted=s0, raftlog=s0@group-A7200166065B-SegmentedRaftLog:OPENED:c0,f0,i0, conf=0: [s0:0.0.0.0:33663, s1:0.0.0.0:41738, s2:0.0.0.0:43966], old=null RUNNING
  s1:  RUNNING CANDIDATE s1@group-A7200166065B:t30, leader=null, voted=s1, raftlog=s1@group-A7200166065B-SegmentedRaftLog:OPENED:c-1,f0,i0, conf=0: [s0:0.0.0.0:33663, s1:0.0.0.0:41738, s2:0.0.0.0:43966], old=null RUNNING
  s2:  RUNNING CANDIDATE s2@group-A7200166065B:t30, leader=null, voted=s2, raftlog=s2@group-A7200166065B-SegmentedRaftLog:OPENED:c-1,f0,i0, conf=0: [s0:0.0.0.0:33663, s1:0.0.0.0:41738, s2:0.0.0.0:43966], old=null RUNNING, sleep 450ms and then retry.
java.lang.IllegalStateException: No leader yet : printing ALL groups
  s0:  RUNNING CANDIDATE s0@group-A7200166065B:t30, leader=null, voted=s0, raftlog=s0@group-A7200166065B-SegmentedRaftLog:OPENED:c0,f0,i0, conf=0: [s0:0.0.0.0:33663, s1:0.0.0.0:41738, s2:0.0.0.0:43966], old=null RUNNING
  s1:  RUNNING CANDIDATE s1@group-A7200166065B:t30, leader=null, voted=s1, raftlog=s1@group-A7200166065B-SegmentedRaftLog:OPENED:c-1,f0,i0, conf=0: [s0:0.0.0.0:33663, s1:0.0.0.0:41738, s2:0.0.0.0:43966], old=null RUNNING
  s2:  RUNNING CANDIDATE s2@group-A7200166065B:t30, leader=null, voted=s2, raftlog=s2@group-A7200166065B-SegmentedRaftLog:OPENED:c-1,f0,i0, conf=0: [s0:0.0.0.0:33663, s1:0.0.0.0:41738, s2:0.0.0.0:43966], old=null RUNNING
	at org.apache.ratis.MiniRaftCluster.newIllegalStateExceptionForNoLeaders(MiniRaftCluster.java:506)
	at org.apache.ratis.RaftTestUtil.lambda$waitForLeader$1(RaftTestUtil.java:90)
	at org.apache.ratis.MiniRaftCluster.getLeader(MiniRaftCluster.java:539)
	at org.apache.ratis.MiniRaftCluster.getLeader(MiniRaftCluster.java:532)
	at org.apache.ratis.RaftTestUtil.lambda$waitForLeader$3(RaftTestUtil.java:98)
	at org.apache.ratis.util.JavaUtils.attempt(JavaUtils.java:152)
	at org.apache.ratis.RaftTestUtil.waitForLeader(RaftTestUtil.java:97)
	at org.apache.ratis.RaftTestUtil.waitForLeader(RaftTestUtil.java:77)
	at org.apache.ratis.RaftTestUtil.waitForLeader(RaftTestUtil.java:72)
	at org.apache.ratis.RaftTestUtil.lambda$changeLeader$7(RaftTestUtil.java:363)
	at org.apache.ratis.util.JavaUtils.attempt(JavaUtils.java:152)
	at org.apache.ratis.RaftTestUtil.changeLeader(RaftTestUtil.java:362)
	at org.apache.ratis.server.impl.LeaderElectionTests.testChangeLeader(LeaderElectionTests.java:81)
	at sun.reflect.NativeMethodAccessorImpl.invoke0(Native Method)
	at sun.reflect.NativeMethodAccessorImpl.invoke(NativeMethodAccessorImpl.java:62)
	at sun.reflect.DelegatingMethodAccessorImpl.invoke(DelegatingMethodAccessorImpl.java:43)
	at java.lang.reflect.Method.invoke(Method.java:498)
	at org.junit.runners.model.FrameworkMethod$1.runReflectiveCall(FrameworkMethod.java:50)
	at org.junit.internal.runners.model.ReflectiveCallable.run(ReflectiveCallable.java:12)
	at org.junit.runners.model.FrameworkMethod.invokeExplosively(FrameworkMethod.java:47)
	at org.junit.internal.runners.statements.InvokeMethod.evaluate(InvokeMethod.java:17)
	at org.junit.internal.runners.statements.RunAfters.evaluate(RunAfters.java:27)
	at org.junit.internal.runners.statements.FailOnTimeout$CallableStatement.call(FailOnTimeout.java:298)
	at org.junit.internal.runners.statements.FailOnTimeout$CallableStatement.call(FailOnTimeout.java:292)
	at java.util.concurrent.FutureTask.run(FutureTask.java:266)
	at java.lang.Thread.run(Thread.java:748)
2019-09-24 16:30:57,079 WARN  ratis.RaftTestUtil (JavaUtils.java:attempt(158)) - FAILED "waitForLeader-null-(expectLeader? true)", attempt #41/100: java.lang.IllegalStateException: No leader yet : printing ALL groups
  s0:  RUNNING CANDIDATE s0@group-A7200166065B:t30, leader=null, voted=s0, raftlog=s0@group-A7200166065B-SegmentedRaftLog:OPENED:c0,f0,i0, conf=0: [s0:0.0.0.0:33663, s1:0.0.0.0:41738, s2:0.0.0.0:43966], old=null RUNNING
  s1:  RUNNING CANDIDATE s1@group-A7200166065B:t30, leader=null, voted=s1, raftlog=s1@group-A7200166065B-SegmentedRaftLog:OPENED:c-1,f0,i0, conf=0: [s0:0.0.0.0:33663, s1:0.0.0.0:41738, s2:0.0.0.0:43966], old=null RUNNING
  s2:  RUNNING CANDIDATE s2@group-A7200166065B:t30, leader=null, voted=s2, raftlog=s2@group-A7200166065B-SegmentedRaftLog:OPENED:c-1,f0,i0, conf=0: [s0:0.0.0.0:33663, s1:0.0.0.0:41738, s2:0.0.0.0:43966], old=null RUNNING, sleep 450ms and then retry.
java.lang.IllegalStateException: No leader yet : printing ALL groups
  s0:  RUNNING CANDIDATE s0@group-A7200166065B:t30, leader=null, voted=s0, raftlog=s0@group-A7200166065B-SegmentedRaftLog:OPENED:c0,f0,i0, conf=0: [s0:0.0.0.0:33663, s1:0.0.0.0:41738, s2:0.0.0.0:43966], old=null RUNNING
  s1:  RUNNING CANDIDATE s1@group-A7200166065B:t30, leader=null, voted=s1, raftlog=s1@group-A7200166065B-SegmentedRaftLog:OPENED:c-1,f0,i0, conf=0: [s0:0.0.0.0:33663, s1:0.0.0.0:41738, s2:0.0.0.0:43966], old=null RUNNING
  s2:  RUNNING CANDIDATE s2@group-A7200166065B:t30, leader=null, voted=s2, raftlog=s2@group-A7200166065B-SegmentedRaftLog:OPENED:c-1,f0,i0, conf=0: [s0:0.0.0.0:33663, s1:0.0.0.0:41738, s2:0.0.0.0:43966], old=null RUNNING
	at org.apache.ratis.MiniRaftCluster.newIllegalStateExceptionForNoLeaders(MiniRaftCluster.java:506)
	at org.apache.ratis.RaftTestUtil.lambda$waitForLeader$1(RaftTestUtil.java:90)
	at org.apache.ratis.MiniRaftCluster.getLeader(MiniRaftCluster.java:539)
	at org.apache.ratis.MiniRaftCluster.getLeader(MiniRaftCluster.java:532)
	at org.apache.ratis.RaftTestUtil.lambda$waitForLeader$3(RaftTestUtil.java:98)
	at org.apache.ratis.util.JavaUtils.attempt(JavaUtils.java:152)
	at org.apache.ratis.RaftTestUtil.waitForLeader(RaftTestUtil.java:97)
	at org.apache.ratis.RaftTestUtil.waitForLeader(RaftTestUtil.java:77)
	at org.apache.ratis.RaftTestUtil.waitForLeader(RaftTestUtil.java:72)
	at org.apache.ratis.RaftTestUtil.lambda$changeLeader$7(RaftTestUtil.java:363)
	at org.apache.ratis.util.JavaUtils.attempt(JavaUtils.java:152)
	at org.apache.ratis.RaftTestUtil.changeLeader(RaftTestUtil.java:362)
	at org.apache.ratis.server.impl.LeaderElectionTests.testChangeLeader(LeaderElectionTests.java:81)
	at sun.reflect.NativeMethodAccessorImpl.invoke0(Native Method)
	at sun.reflect.NativeMethodAccessorImpl.invoke(NativeMethodAccessorImpl.java:62)
	at sun.reflect.DelegatingMethodAccessorImpl.invoke(DelegatingMethodAccessorImpl.java:43)
	at java.lang.reflect.Method.invoke(Method.java:498)
	at org.junit.runners.model.FrameworkMethod$1.runReflectiveCall(FrameworkMethod.java:50)
	at org.junit.internal.runners.model.ReflectiveCallable.run(ReflectiveCallable.java:12)
	at org.junit.runners.model.FrameworkMethod.invokeExplosively(FrameworkMethod.java:47)
	at org.junit.internal.runners.statements.InvokeMethod.evaluate(InvokeMethod.java:17)
	at org.junit.internal.runners.statements.RunAfters.evaluate(RunAfters.java:27)
	at org.junit.internal.runners.statements.FailOnTimeout$CallableStatement.call(FailOnTimeout.java:298)
	at org.junit.internal.runners.statements.FailOnTimeout$CallableStatement.call(FailOnTimeout.java:292)
	at java.util.concurrent.FutureTask.run(FutureTask.java:266)
	at java.lang.Thread.run(Thread.java:748)
2019-09-24 16:30:57,530 WARN  ratis.RaftTestUtil (JavaUtils.java:attempt(158)) - FAILED "waitForLeader-null-(expectLeader? true)", attempt #42/100: java.lang.IllegalStateException: No leader yet : printing ALL groups
  s0:  RUNNING CANDIDATE s0@group-A7200166065B:t30, leader=null, voted=s0, raftlog=s0@group-A7200166065B-SegmentedRaftLog:OPENED:c0,f0,i0, conf=0: [s0:0.0.0.0:33663, s1:0.0.0.0:41738, s2:0.0.0.0:43966], old=null RUNNING
  s1:  RUNNING CANDIDATE s1@group-A7200166065B:t30, leader=null, voted=s1, raftlog=s1@group-A7200166065B-SegmentedRaftLog:OPENED:c-1,f0,i0, conf=0: [s0:0.0.0.0:33663, s1:0.0.0.0:41738, s2:0.0.0.0:43966], old=null RUNNING
  s2:  RUNNING CANDIDATE s2@group-A7200166065B:t30, leader=null, voted=s2, raftlog=s2@group-A7200166065B-SegmentedRaftLog:OPENED:c-1,f0,i0, conf=0: [s0:0.0.0.0:33663, s1:0.0.0.0:41738, s2:0.0.0.0:43966], old=null RUNNING, sleep 450ms and then retry.
java.lang.IllegalStateException: No leader yet : printing ALL groups
  s0:  RUNNING CANDIDATE s0@group-A7200166065B:t30, leader=null, voted=s0, raftlog=s0@group-A7200166065B-SegmentedRaftLog:OPENED:c0,f0,i0, conf=0: [s0:0.0.0.0:33663, s1:0.0.0.0:41738, s2:0.0.0.0:43966], old=null RUNNING
  s1:  RUNNING CANDIDATE s1@group-A7200166065B:t30, leader=null, voted=s1, raftlog=s1@group-A7200166065B-SegmentedRaftLog:OPENED:c-1,f0,i0, conf=0: [s0:0.0.0.0:33663, s1:0.0.0.0:41738, s2:0.0.0.0:43966], old=null RUNNING
  s2:  RUNNING CANDIDATE s2@group-A7200166065B:t30, leader=null, voted=s2, raftlog=s2@group-A7200166065B-SegmentedRaftLog:OPENED:c-1,f0,i0, conf=0: [s0:0.0.0.0:33663, s1:0.0.0.0:41738, s2:0.0.0.0:43966], old=null RUNNING
	at org.apache.ratis.MiniRaftCluster.newIllegalStateExceptionForNoLeaders(MiniRaftCluster.java:506)
	at org.apache.ratis.RaftTestUtil.lambda$waitForLeader$1(RaftTestUtil.java:90)
	at org.apache.ratis.MiniRaftCluster.getLeader(MiniRaftCluster.java:539)
	at org.apache.ratis.MiniRaftCluster.getLeader(MiniRaftCluster.java:532)
	at org.apache.ratis.RaftTestUtil.lambda$waitForLeader$3(RaftTestUtil.java:98)
	at org.apache.ratis.util.JavaUtils.attempt(JavaUtils.java:152)
	at org.apache.ratis.RaftTestUtil.waitForLeader(RaftTestUtil.java:97)
	at org.apache.ratis.RaftTestUtil.waitForLeader(RaftTestUtil.java:77)
	at org.apache.ratis.RaftTestUtil.waitForLeader(RaftTestUtil.java:72)
	at org.apache.ratis.RaftTestUtil.lambda$changeLeader$7(RaftTestUtil.java:363)
	at org.apache.ratis.util.JavaUtils.attempt(JavaUtils.java:152)
	at org.apache.ratis.RaftTestUtil.changeLeader(RaftTestUtil.java:362)
	at org.apache.ratis.server.impl.LeaderElectionTests.testChangeLeader(LeaderElectionTests.java:81)
	at sun.reflect.NativeMethodAccessorImpl.invoke0(Native Method)
	at sun.reflect.NativeMethodAccessorImpl.invoke(NativeMethodAccessorImpl.java:62)
	at sun.reflect.DelegatingMethodAccessorImpl.invoke(DelegatingMethodAccessorImpl.java:43)
	at java.lang.reflect.Method.invoke(Method.java:498)
	at org.junit.runners.model.FrameworkMethod$1.runReflectiveCall(FrameworkMethod.java:50)
	at org.junit.internal.runners.model.ReflectiveCallable.run(ReflectiveCallable.java:12)
	at org.junit.runners.model.FrameworkMethod.invokeExplosively(FrameworkMethod.java:47)
	at org.junit.internal.runners.statements.InvokeMethod.evaluate(InvokeMethod.java:17)
	at org.junit.internal.runners.statements.RunAfters.evaluate(RunAfters.java:27)
	at org.junit.internal.runners.statements.FailOnTimeout$CallableStatement.call(FailOnTimeout.java:298)
	at org.junit.internal.runners.statements.FailOnTimeout$CallableStatement.call(FailOnTimeout.java:292)
	at java.util.concurrent.FutureTask.run(FutureTask.java:266)
	at java.lang.Thread.run(Thread.java:748)
2019-09-24 16:30:57,992 WARN  ratis.RaftTestUtil (JavaUtils.java:attempt(158)) - FAILED "waitForLeader-null-(expectLeader? true)", attempt #43/100: java.lang.IllegalStateException: No leader yet : printing ALL groups
  s0:  RUNNING CANDIDATE s0@group-A7200166065B:t30, leader=null, voted=s0, raftlog=s0@group-A7200166065B-SegmentedRaftLog:OPENED:c0,f0,i0, conf=0: [s0:0.0.0.0:33663, s1:0.0.0.0:41738, s2:0.0.0.0:43966], old=null RUNNING
  s1:  RUNNING CANDIDATE s1@group-A7200166065B:t30, leader=null, voted=s1, raftlog=s1@group-A7200166065B-SegmentedRaftLog:OPENED:c-1,f0,i0, conf=0: [s0:0.0.0.0:33663, s1:0.0.0.0:41738, s2:0.0.0.0:43966], old=null RUNNING
  s2:  RUNNING CANDIDATE s2@group-A7200166065B:t30, leader=null, voted=s2, raftlog=s2@group-A7200166065B-SegmentedRaftLog:OPENED:c-1,f0,i0, conf=0: [s0:0.0.0.0:33663, s1:0.0.0.0:41738, s2:0.0.0.0:43966], old=null RUNNING, sleep 450ms and then retry.
java.lang.IllegalStateException: No leader yet : printing ALL groups
  s0:  RUNNING CANDIDATE s0@group-A7200166065B:t30, leader=null, voted=s0, raftlog=s0@group-A7200166065B-SegmentedRaftLog:OPENED:c0,f0,i0, conf=0: [s0:0.0.0.0:33663, s1:0.0.0.0:41738, s2:0.0.0.0:43966], old=null RUNNING
  s1:  RUNNING CANDIDATE s1@group-A7200166065B:t30, leader=null, voted=s1, raftlog=s1@group-A7200166065B-SegmentedRaftLog:OPENED:c-1,f0,i0, conf=0: [s0:0.0.0.0:33663, s1:0.0.0.0:41738, s2:0.0.0.0:43966], old=null RUNNING
  s2:  RUNNING CANDIDATE s2@group-A7200166065B:t30, leader=null, voted=s2, raftlog=s2@group-A7200166065B-SegmentedRaftLog:OPENED:c-1,f0,i0, conf=0: [s0:0.0.0.0:33663, s1:0.0.0.0:41738, s2:0.0.0.0:43966], old=null RUNNING
	at org.apache.ratis.MiniRaftCluster.newIllegalStateExceptionForNoLeaders(MiniRaftCluster.java:506)
	at org.apache.ratis.RaftTestUtil.lambda$waitForLeader$1(RaftTestUtil.java:90)
	at org.apache.ratis.MiniRaftCluster.getLeader(MiniRaftCluster.java:539)
	at org.apache.ratis.MiniRaftCluster.getLeader(MiniRaftCluster.java:532)
	at org.apache.ratis.RaftTestUtil.lambda$waitForLeader$3(RaftTestUtil.java:98)
	at org.apache.ratis.util.JavaUtils.attempt(JavaUtils.java:152)
	at org.apache.ratis.RaftTestUtil.waitForLeader(RaftTestUtil.java:97)
	at org.apache.ratis.RaftTestUtil.waitForLeader(RaftTestUtil.java:77)
	at org.apache.ratis.RaftTestUtil.waitForLeader(RaftTestUtil.java:72)
	at org.apache.ratis.RaftTestUtil.lambda$changeLeader$7(RaftTestUtil.java:363)
	at org.apache.ratis.util.JavaUtils.attempt(JavaUtils.java:152)
	at org.apache.ratis.RaftTestUtil.changeLeader(RaftTestUtil.java:362)
	at org.apache.ratis.server.impl.LeaderElectionTests.testChangeLeader(LeaderElectionTests.java:81)
	at sun.reflect.NativeMethodAccessorImpl.invoke0(Native Method)
	at sun.reflect.NativeMethodAccessorImpl.invoke(NativeMethodAccessorImpl.java:62)
	at sun.reflect.DelegatingMethodAccessorImpl.invoke(DelegatingMethodAccessorImpl.java:43)
	at java.lang.reflect.Method.invoke(Method.java:498)
	at org.junit.runners.model.FrameworkMethod$1.runReflectiveCall(FrameworkMethod.java:50)
	at org.junit.internal.runners.model.ReflectiveCallable.run(ReflectiveCallable.java:12)
	at org.junit.runners.model.FrameworkMethod.invokeExplosively(FrameworkMethod.java:47)
	at org.junit.internal.runners.statements.InvokeMethod.evaluate(InvokeMethod.java:17)
	at org.junit.internal.runners.statements.RunAfters.evaluate(RunAfters.java:27)
	at org.junit.internal.runners.statements.FailOnTimeout$CallableStatement.call(FailOnTimeout.java:298)
	at org.junit.internal.runners.statements.FailOnTimeout$CallableStatement.call(FailOnTimeout.java:292)
	at java.util.concurrent.FutureTask.run(FutureTask.java:266)
	at java.lang.Thread.run(Thread.java:748)
2019-09-24 16:30:58,443 WARN  ratis.RaftTestUtil (JavaUtils.java:attempt(158)) - FAILED "waitForLeader-null-(expectLeader? true)", attempt #44/100: java.lang.IllegalStateException: No leader yet : printing ALL groups
  s0:  RUNNING CANDIDATE s0@group-A7200166065B:t30, leader=null, voted=s0, raftlog=s0@group-A7200166065B-SegmentedRaftLog:OPENED:c0,f0,i0, conf=0: [s0:0.0.0.0:33663, s1:0.0.0.0:41738, s2:0.0.0.0:43966], old=null RUNNING
  s1:  RUNNING CANDIDATE s1@group-A7200166065B:t30, leader=null, voted=s1, raftlog=s1@group-A7200166065B-SegmentedRaftLog:OPENED:c-1,f0,i0, conf=0: [s0:0.0.0.0:33663, s1:0.0.0.0:41738, s2:0.0.0.0:43966], old=null RUNNING
  s2:  RUNNING CANDIDATE s2@group-A7200166065B:t30, leader=null, voted=s2, raftlog=s2@group-A7200166065B-SegmentedRaftLog:OPENED:c-1,f0,i0, conf=0: [s0:0.0.0.0:33663, s1:0.0.0.0:41738, s2:0.0.0.0:43966], old=null RUNNING, sleep 450ms and then retry.
java.lang.IllegalStateException: No leader yet : printing ALL groups
  s0:  RUNNING CANDIDATE s0@group-A7200166065B:t30, leader=null, voted=s0, raftlog=s0@group-A7200166065B-SegmentedRaftLog:OPENED:c0,f0,i0, conf=0: [s0:0.0.0.0:33663, s1:0.0.0.0:41738, s2:0.0.0.0:43966], old=null RUNNING
  s1:  RUNNING CANDIDATE s1@group-A7200166065B:t30, leader=null, voted=s1, raftlog=s1@group-A7200166065B-SegmentedRaftLog:OPENED:c-1,f0,i0, conf=0: [s0:0.0.0.0:33663, s1:0.0.0.0:41738, s2:0.0.0.0:43966], old=null RUNNING
  s2:  RUNNING CANDIDATE s2@group-A7200166065B:t30, leader=null, voted=s2, raftlog=s2@group-A7200166065B-SegmentedRaftLog:OPENED:c-1,f0,i0, conf=0: [s0:0.0.0.0:33663, s1:0.0.0.0:41738, s2:0.0.0.0:43966], old=null RUNNING
	at org.apache.ratis.MiniRaftCluster.newIllegalStateExceptionForNoLeaders(MiniRaftCluster.java:506)
	at org.apache.ratis.RaftTestUtil.lambda$waitForLeader$1(RaftTestUtil.java:90)
	at org.apache.ratis.MiniRaftCluster.getLeader(MiniRaftCluster.java:539)
	at org.apache.ratis.MiniRaftCluster.getLeader(MiniRaftCluster.java:532)
	at org.apache.ratis.RaftTestUtil.lambda$waitForLeader$3(RaftTestUtil.java:98)
	at org.apache.ratis.util.JavaUtils.attempt(JavaUtils.java:152)
	at org.apache.ratis.RaftTestUtil.waitForLeader(RaftTestUtil.java:97)
	at org.apache.ratis.RaftTestUtil.waitForLeader(RaftTestUtil.java:77)
	at org.apache.ratis.RaftTestUtil.waitForLeader(RaftTestUtil.java:72)
	at org.apache.ratis.RaftTestUtil.lambda$changeLeader$7(RaftTestUtil.java:363)
	at org.apache.ratis.util.JavaUtils.attempt(JavaUtils.java:152)
	at org.apache.ratis.RaftTestUtil.changeLeader(RaftTestUtil.java:362)
	at org.apache.ratis.server.impl.LeaderElectionTests.testChangeLeader(LeaderElectionTests.java:81)
	at sun.reflect.NativeMethodAccessorImpl.invoke0(Native Method)
	at sun.reflect.NativeMethodAccessorImpl.invoke(NativeMethodAccessorImpl.java:62)
	at sun.reflect.DelegatingMethodAccessorImpl.invoke(DelegatingMethodAccessorImpl.java:43)
	at java.lang.reflect.Method.invoke(Method.java:498)
	at org.junit.runners.model.FrameworkMethod$1.runReflectiveCall(FrameworkMethod.java:50)
	at org.junit.internal.runners.model.ReflectiveCallable.run(ReflectiveCallable.java:12)
	at org.junit.runners.model.FrameworkMethod.invokeExplosively(FrameworkMethod.java:47)
	at org.junit.internal.runners.statements.InvokeMethod.evaluate(InvokeMethod.java:17)
	at org.junit.internal.runners.statements.RunAfters.evaluate(RunAfters.java:27)
	at org.junit.internal.runners.statements.FailOnTimeout$CallableStatement.call(FailOnTimeout.java:298)
	at org.junit.internal.runners.statements.FailOnTimeout$CallableStatement.call(FailOnTimeout.java:292)
	at java.util.concurrent.FutureTask.run(FutureTask.java:266)
	at java.lang.Thread.run(Thread.java:748)
2019-09-24 16:30:58,894 WARN  ratis.RaftTestUtil (JavaUtils.java:attempt(158)) - FAILED "waitForLeader-null-(expectLeader? true)", attempt #45/100: java.lang.IllegalStateException: No leader yet : printing ALL groups
  s0:  RUNNING CANDIDATE s0@group-A7200166065B:t30, leader=null, voted=s0, raftlog=s0@group-A7200166065B-SegmentedRaftLog:OPENED:c0,f0,i0, conf=0: [s0:0.0.0.0:33663, s1:0.0.0.0:41738, s2:0.0.0.0:43966], old=null RUNNING
  s1:  RUNNING CANDIDATE s1@group-A7200166065B:t30, leader=null, voted=s1, raftlog=s1@group-A7200166065B-SegmentedRaftLog:OPENED:c-1,f0,i0, conf=0: [s0:0.0.0.0:33663, s1:0.0.0.0:41738, s2:0.0.0.0:43966], old=null RUNNING
  s2:  RUNNING CANDIDATE s2@group-A7200166065B:t30, leader=null, voted=s2, raftlog=s2@group-A7200166065B-SegmentedRaftLog:OPENED:c-1,f0,i0, conf=0: [s0:0.0.0.0:33663, s1:0.0.0.0:41738, s2:0.0.0.0:43966], old=null RUNNING, sleep 450ms and then retry.
java.lang.IllegalStateException: No leader yet : printing ALL groups
  s0:  RUNNING CANDIDATE s0@group-A7200166065B:t30, leader=null, voted=s0, raftlog=s0@group-A7200166065B-SegmentedRaftLog:OPENED:c0,f0,i0, conf=0: [s0:0.0.0.0:33663, s1:0.0.0.0:41738, s2:0.0.0.0:43966], old=null RUNNING
  s1:  RUNNING CANDIDATE s1@group-A7200166065B:t30, leader=null, voted=s1, raftlog=s1@group-A7200166065B-SegmentedRaftLog:OPENED:c-1,f0,i0, conf=0: [s0:0.0.0.0:33663, s1:0.0.0.0:41738, s2:0.0.0.0:43966], old=null RUNNING
  s2:  RUNNING CANDIDATE s2@group-A7200166065B:t30, leader=null, voted=s2, raftlog=s2@group-A7200166065B-SegmentedRaftLog:OPENED:c-1,f0,i0, conf=0: [s0:0.0.0.0:33663, s1:0.0.0.0:41738, s2:0.0.0.0:43966], old=null RUNNING
	at org.apache.ratis.MiniRaftCluster.newIllegalStateExceptionForNoLeaders(MiniRaftCluster.java:506)
	at org.apache.ratis.RaftTestUtil.lambda$waitForLeader$1(RaftTestUtil.java:90)
	at org.apache.ratis.MiniRaftCluster.getLeader(MiniRaftCluster.java:539)
	at org.apache.ratis.MiniRaftCluster.getLeader(MiniRaftCluster.java:532)
	at org.apache.ratis.RaftTestUtil.lambda$waitForLeader$3(RaftTestUtil.java:98)
	at org.apache.ratis.util.JavaUtils.attempt(JavaUtils.java:152)
	at org.apache.ratis.RaftTestUtil.waitForLeader(RaftTestUtil.java:97)
	at org.apache.ratis.RaftTestUtil.waitForLeader(RaftTestUtil.java:77)
	at org.apache.ratis.RaftTestUtil.waitForLeader(RaftTestUtil.java:72)
	at org.apache.ratis.RaftTestUtil.lambda$changeLeader$7(RaftTestUtil.java:363)
	at org.apache.ratis.util.JavaUtils.attempt(JavaUtils.java:152)
	at org.apache.ratis.RaftTestUtil.changeLeader(RaftTestUtil.java:362)
	at org.apache.ratis.server.impl.LeaderElectionTests.testChangeLeader(LeaderElectionTests.java:81)
	at sun.reflect.NativeMethodAccessorImpl.invoke0(Native Method)
	at sun.reflect.NativeMethodAccessorImpl.invoke(NativeMethodAccessorImpl.java:62)
	at sun.reflect.DelegatingMethodAccessorImpl.invoke(DelegatingMethodAccessorImpl.java:43)
	at java.lang.reflect.Method.invoke(Method.java:498)
	at org.junit.runners.model.FrameworkMethod$1.runReflectiveCall(FrameworkMethod.java:50)
	at org.junit.internal.runners.model.ReflectiveCallable.run(ReflectiveCallable.java:12)
	at org.junit.runners.model.FrameworkMethod.invokeExplosively(FrameworkMethod.java:47)
	at org.junit.internal.runners.statements.InvokeMethod.evaluate(InvokeMethod.java:17)
	at org.junit.internal.runners.statements.RunAfters.evaluate(RunAfters.java:27)
	at org.junit.internal.runners.statements.FailOnTimeout$CallableStatement.call(FailOnTimeout.java:298)
	at org.junit.internal.runners.statements.FailOnTimeout$CallableStatement.call(FailOnTimeout.java:292)
	at java.util.concurrent.FutureTask.run(FutureTask.java:266)
	at java.lang.Thread.run(Thread.java:748)
2019-09-24 16:30:59,345 WARN  ratis.RaftTestUtil (JavaUtils.java:attempt(158)) - FAILED "waitForLeader-null-(expectLeader? true)", attempt #46/100: java.lang.IllegalStateException: No leader yet : printing ALL groups
  s0:  RUNNING CANDIDATE s0@group-A7200166065B:t30, leader=null, voted=s0, raftlog=s0@group-A7200166065B-SegmentedRaftLog:OPENED:c0,f0,i0, conf=0: [s0:0.0.0.0:33663, s1:0.0.0.0:41738, s2:0.0.0.0:43966], old=null RUNNING
  s1:  RUNNING CANDIDATE s1@group-A7200166065B:t30, leader=null, voted=s1, raftlog=s1@group-A7200166065B-SegmentedRaftLog:OPENED:c-1,f0,i0, conf=0: [s0:0.0.0.0:33663, s1:0.0.0.0:41738, s2:0.0.0.0:43966], old=null RUNNING
  s2:  RUNNING CANDIDATE s2@group-A7200166065B:t30, leader=null, voted=s2, raftlog=s2@group-A7200166065B-SegmentedRaftLog:OPENED:c-1,f0,i0, conf=0: [s0:0.0.0.0:33663, s1:0.0.0.0:41738, s2:0.0.0.0:43966], old=null RUNNING, sleep 450ms and then retry.
java.lang.IllegalStateException: No leader yet : printing ALL groups
  s0:  RUNNING CANDIDATE s0@group-A7200166065B:t30, leader=null, voted=s0, raftlog=s0@group-A7200166065B-SegmentedRaftLog:OPENED:c0,f0,i0, conf=0: [s0:0.0.0.0:33663, s1:0.0.0.0:41738, s2:0.0.0.0:43966], old=null RUNNING
  s1:  RUNNING CANDIDATE s1@group-A7200166065B:t30, leader=null, voted=s1, raftlog=s1@group-A7200166065B-SegmentedRaftLog:OPENED:c-1,f0,i0, conf=0: [s0:0.0.0.0:33663, s1:0.0.0.0:41738, s2:0.0.0.0:43966], old=null RUNNING
  s2:  RUNNING CANDIDATE s2@group-A7200166065B:t30, leader=null, voted=s2, raftlog=s2@group-A7200166065B-SegmentedRaftLog:OPENED:c-1,f0,i0, conf=0: [s0:0.0.0.0:33663, s1:0.0.0.0:41738, s2:0.0.0.0:43966], old=null RUNNING
	at org.apache.ratis.MiniRaftCluster.newIllegalStateExceptionForNoLeaders(MiniRaftCluster.java:506)
	at org.apache.ratis.RaftTestUtil.lambda$waitForLeader$1(RaftTestUtil.java:90)
	at org.apache.ratis.MiniRaftCluster.getLeader(MiniRaftCluster.java:539)
	at org.apache.ratis.MiniRaftCluster.getLeader(MiniRaftCluster.java:532)
	at org.apache.ratis.RaftTestUtil.lambda$waitForLeader$3(RaftTestUtil.java:98)
	at org.apache.ratis.util.JavaUtils.attempt(JavaUtils.java:152)
	at org.apache.ratis.RaftTestUtil.waitForLeader(RaftTestUtil.java:97)
	at org.apache.ratis.RaftTestUtil.waitForLeader(RaftTestUtil.java:77)
	at org.apache.ratis.RaftTestUtil.waitForLeader(RaftTestUtil.java:72)
	at org.apache.ratis.RaftTestUtil.lambda$changeLeader$7(RaftTestUtil.java:363)
	at org.apache.ratis.util.JavaUtils.attempt(JavaUtils.java:152)
	at org.apache.ratis.RaftTestUtil.changeLeader(RaftTestUtil.java:362)
	at org.apache.ratis.server.impl.LeaderElectionTests.testChangeLeader(LeaderElectionTests.java:81)
	at sun.reflect.NativeMethodAccessorImpl.invoke0(Native Method)
	at sun.reflect.NativeMethodAccessorImpl.invoke(NativeMethodAccessorImpl.java:62)
	at sun.reflect.DelegatingMethodAccessorImpl.invoke(DelegatingMethodAccessorImpl.java:43)
	at java.lang.reflect.Method.invoke(Method.java:498)
	at org.junit.runners.model.FrameworkMethod$1.runReflectiveCall(FrameworkMethod.java:50)
	at org.junit.internal.runners.model.ReflectiveCallable.run(ReflectiveCallable.java:12)
	at org.junit.runners.model.FrameworkMethod.invokeExplosively(FrameworkMethod.java:47)
	at org.junit.internal.runners.statements.InvokeMethod.evaluate(InvokeMethod.java:17)
	at org.junit.internal.runners.statements.RunAfters.evaluate(RunAfters.java:27)
	at org.junit.internal.runners.statements.FailOnTimeout$CallableStatement.call(FailOnTimeout.java:298)
	at org.junit.internal.runners.statements.FailOnTimeout$CallableStatement.call(FailOnTimeout.java:292)
	at java.util.concurrent.FutureTask.run(FutureTask.java:266)
	at java.lang.Thread.run(Thread.java:748)
2019-09-24 16:30:59,796 WARN  ratis.RaftTestUtil (JavaUtils.java:attempt(158)) - FAILED "waitForLeader-null-(expectLeader? true)", attempt #47/100: java.lang.IllegalStateException: No leader yet : printing ALL groups
  s0:  RUNNING CANDIDATE s0@group-A7200166065B:t30, leader=null, voted=s0, raftlog=s0@group-A7200166065B-SegmentedRaftLog:OPENED:c0,f0,i0, conf=0: [s0:0.0.0.0:33663, s1:0.0.0.0:41738, s2:0.0.0.0:43966], old=null RUNNING
  s1:  RUNNING CANDIDATE s1@group-A7200166065B:t30, leader=null, voted=s1, raftlog=s1@group-A7200166065B-SegmentedRaftLog:OPENED:c-1,f0,i0, conf=0: [s0:0.0.0.0:33663, s1:0.0.0.0:41738, s2:0.0.0.0:43966], old=null RUNNING
  s2:  RUNNING CANDIDATE s2@group-A7200166065B:t30, leader=null, voted=s2, raftlog=s2@group-A7200166065B-SegmentedRaftLog:OPENED:c-1,f0,i0, conf=0: [s0:0.0.0.0:33663, s1:0.0.0.0:41738, s2:0.0.0.0:43966], old=null RUNNING, sleep 450ms and then retry.
java.lang.IllegalStateException: No leader yet : printing ALL groups
  s0:  RUNNING CANDIDATE s0@group-A7200166065B:t30, leader=null, voted=s0, raftlog=s0@group-A7200166065B-SegmentedRaftLog:OPENED:c0,f0,i0, conf=0: [s0:0.0.0.0:33663, s1:0.0.0.0:41738, s2:0.0.0.0:43966], old=null RUNNING
  s1:  RUNNING CANDIDATE s1@group-A7200166065B:t30, leader=null, voted=s1, raftlog=s1@group-A7200166065B-SegmentedRaftLog:OPENED:c-1,f0,i0, conf=0: [s0:0.0.0.0:33663, s1:0.0.0.0:41738, s2:0.0.0.0:43966], old=null RUNNING
  s2:  RUNNING CANDIDATE s2@group-A7200166065B:t30, leader=null, voted=s2, raftlog=s2@group-A7200166065B-SegmentedRaftLog:OPENED:c-1,f0,i0, conf=0: [s0:0.0.0.0:33663, s1:0.0.0.0:41738, s2:0.0.0.0:43966], old=null RUNNING
	at org.apache.ratis.MiniRaftCluster.newIllegalStateExceptionForNoLeaders(MiniRaftCluster.java:506)
	at org.apache.ratis.RaftTestUtil.lambda$waitForLeader$1(RaftTestUtil.java:90)
	at org.apache.ratis.MiniRaftCluster.getLeader(MiniRaftCluster.java:539)
	at org.apache.ratis.MiniRaftCluster.getLeader(MiniRaftCluster.java:532)
	at org.apache.ratis.RaftTestUtil.lambda$waitForLeader$3(RaftTestUtil.java:98)
	at org.apache.ratis.util.JavaUtils.attempt(JavaUtils.java:152)
	at org.apache.ratis.RaftTestUtil.waitForLeader(RaftTestUtil.java:97)
	at org.apache.ratis.RaftTestUtil.waitForLeader(RaftTestUtil.java:77)
	at org.apache.ratis.RaftTestUtil.waitForLeader(RaftTestUtil.java:72)
	at org.apache.ratis.RaftTestUtil.lambda$changeLeader$7(RaftTestUtil.java:363)
	at org.apache.ratis.util.JavaUtils.attempt(JavaUtils.java:152)
	at org.apache.ratis.RaftTestUtil.changeLeader(RaftTestUtil.java:362)
	at org.apache.ratis.server.impl.LeaderElectionTests.testChangeLeader(LeaderElectionTests.java:81)
	at sun.reflect.NativeMethodAccessorImpl.invoke0(Native Method)
	at sun.reflect.NativeMethodAccessorImpl.invoke(NativeMethodAccessorImpl.java:62)
	at sun.reflect.DelegatingMethodAccessorImpl.invoke(DelegatingMethodAccessorImpl.java:43)
	at java.lang.reflect.Method.invoke(Method.java:498)
	at org.junit.runners.model.FrameworkMethod$1.runReflectiveCall(FrameworkMethod.java:50)
	at org.junit.internal.runners.model.ReflectiveCallable.run(ReflectiveCallable.java:12)
	at org.junit.runners.model.FrameworkMethod.invokeExplosively(FrameworkMethod.java:47)
	at org.junit.internal.runners.statements.InvokeMethod.evaluate(InvokeMethod.java:17)
	at org.junit.internal.runners.statements.RunAfters.evaluate(RunAfters.java:27)
	at org.junit.internal.runners.statements.FailOnTimeout$CallableStatement.call(FailOnTimeout.java:298)
	at org.junit.internal.runners.statements.FailOnTimeout$CallableStatement.call(FailOnTimeout.java:292)
	at java.util.concurrent.FutureTask.run(FutureTask.java:266)
	at java.lang.Thread.run(Thread.java:748)
2019-09-24 16:31:00,247 WARN  ratis.RaftTestUtil (JavaUtils.java:attempt(158)) - FAILED "waitForLeader-null-(expectLeader? true)", attempt #48/100: java.lang.IllegalStateException: No leader yet : printing ALL groups
  s0:  RUNNING CANDIDATE s0@group-A7200166065B:t30, leader=null, voted=s0, raftlog=s0@group-A7200166065B-SegmentedRaftLog:OPENED:c0,f0,i0, conf=0: [s0:0.0.0.0:33663, s1:0.0.0.0:41738, s2:0.0.0.0:43966], old=null RUNNING
  s1:  RUNNING CANDIDATE s1@group-A7200166065B:t30, leader=null, voted=s1, raftlog=s1@group-A7200166065B-SegmentedRaftLog:OPENED:c-1,f0,i0, conf=0: [s0:0.0.0.0:33663, s1:0.0.0.0:41738, s2:0.0.0.0:43966], old=null RUNNING
  s2:  RUNNING CANDIDATE s2@group-A7200166065B:t30, leader=null, voted=s2, raftlog=s2@group-A7200166065B-SegmentedRaftLog:OPENED:c-1,f0,i0, conf=0: [s0:0.0.0.0:33663, s1:0.0.0.0:41738, s2:0.0.0.0:43966], old=null RUNNING, sleep 450ms and then retry.
java.lang.IllegalStateException: No leader yet : printing ALL groups
  s0:  RUNNING CANDIDATE s0@group-A7200166065B:t30, leader=null, voted=s0, raftlog=s0@group-A7200166065B-SegmentedRaftLog:OPENED:c0,f0,i0, conf=0: [s0:0.0.0.0:33663, s1:0.0.0.0:41738, s2:0.0.0.0:43966], old=null RUNNING
  s1:  RUNNING CANDIDATE s1@group-A7200166065B:t30, leader=null, voted=s1, raftlog=s1@group-A7200166065B-SegmentedRaftLog:OPENED:c-1,f0,i0, conf=0: [s0:0.0.0.0:33663, s1:0.0.0.0:41738, s2:0.0.0.0:43966], old=null RUNNING
  s2:  RUNNING CANDIDATE s2@group-A7200166065B:t30, leader=null, voted=s2, raftlog=s2@group-A7200166065B-SegmentedRaftLog:OPENED:c-1,f0,i0, conf=0: [s0:0.0.0.0:33663, s1:0.0.0.0:41738, s2:0.0.0.0:43966], old=null RUNNING
	at org.apache.ratis.MiniRaftCluster.newIllegalStateExceptionForNoLeaders(MiniRaftCluster.java:506)
	at org.apache.ratis.RaftTestUtil.lambda$waitForLeader$1(RaftTestUtil.java:90)
	at org.apache.ratis.MiniRaftCluster.getLeader(MiniRaftCluster.java:539)
	at org.apache.ratis.MiniRaftCluster.getLeader(MiniRaftCluster.java:532)
	at org.apache.ratis.RaftTestUtil.lambda$waitForLeader$3(RaftTestUtil.java:98)
	at org.apache.ratis.util.JavaUtils.attempt(JavaUtils.java:152)
	at org.apache.ratis.RaftTestUtil.waitForLeader(RaftTestUtil.java:97)
	at org.apache.ratis.RaftTestUtil.waitForLeader(RaftTestUtil.java:77)
	at org.apache.ratis.RaftTestUtil.waitForLeader(RaftTestUtil.java:72)
	at org.apache.ratis.RaftTestUtil.lambda$changeLeader$7(RaftTestUtil.java:363)
	at org.apache.ratis.util.JavaUtils.attempt(JavaUtils.java:152)
	at org.apache.ratis.RaftTestUtil.changeLeader(RaftTestUtil.java:362)
	at org.apache.ratis.server.impl.LeaderElectionTests.testChangeLeader(LeaderElectionTests.java:81)
	at sun.reflect.NativeMethodAccessorImpl.invoke0(Native Method)
	at sun.reflect.NativeMethodAccessorImpl.invoke(NativeMethodAccessorImpl.java:62)
	at sun.reflect.DelegatingMethodAccessorImpl.invoke(DelegatingMethodAccessorImpl.java:43)
	at java.lang.reflect.Method.invoke(Method.java:498)
	at org.junit.runners.model.FrameworkMethod$1.runReflectiveCall(FrameworkMethod.java:50)
	at org.junit.internal.runners.model.ReflectiveCallable.run(ReflectiveCallable.java:12)
	at org.junit.runners.model.FrameworkMethod.invokeExplosively(FrameworkMethod.java:47)
	at org.junit.internal.runners.statements.InvokeMethod.evaluate(InvokeMethod.java:17)
	at org.junit.internal.runners.statements.RunAfters.evaluate(RunAfters.java:27)
	at org.junit.internal.runners.statements.FailOnTimeout$CallableStatement.call(FailOnTimeout.java:298)
	at org.junit.internal.runners.statements.FailOnTimeout$CallableStatement.call(FailOnTimeout.java:292)
	at java.util.concurrent.FutureTask.run(FutureTask.java:266)
	at java.lang.Thread.run(Thread.java:748)
2019-09-24 16:31:00,698 WARN  ratis.RaftTestUtil (JavaUtils.java:attempt(158)) - FAILED "waitForLeader-null-(expectLeader? true)", attempt #49/100: java.lang.IllegalStateException: No leader yet : printing ALL groups
  s0:  RUNNING CANDIDATE s0@group-A7200166065B:t30, leader=null, voted=s0, raftlog=s0@group-A7200166065B-SegmentedRaftLog:OPENED:c0,f0,i0, conf=0: [s0:0.0.0.0:33663, s1:0.0.0.0:41738, s2:0.0.0.0:43966], old=null RUNNING
  s1:  RUNNING CANDIDATE s1@group-A7200166065B:t30, leader=null, voted=s1, raftlog=s1@group-A7200166065B-SegmentedRaftLog:OPENED:c-1,f0,i0, conf=0: [s0:0.0.0.0:33663, s1:0.0.0.0:41738, s2:0.0.0.0:43966], old=null RUNNING
  s2:  RUNNING CANDIDATE s2@group-A7200166065B:t30, leader=null, voted=s2, raftlog=s2@group-A7200166065B-SegmentedRaftLog:OPENED:c-1,f0,i0, conf=0: [s0:0.0.0.0:33663, s1:0.0.0.0:41738, s2:0.0.0.0:43966], old=null RUNNING, sleep 450ms and then retry.
java.lang.IllegalStateException: No leader yet : printing ALL groups
  s0:  RUNNING CANDIDATE s0@group-A7200166065B:t30, leader=null, voted=s0, raftlog=s0@group-A7200166065B-SegmentedRaftLog:OPENED:c0,f0,i0, conf=0: [s0:0.0.0.0:33663, s1:0.0.0.0:41738, s2:0.0.0.0:43966], old=null RUNNING
  s1:  RUNNING CANDIDATE s1@group-A7200166065B:t30, leader=null, voted=s1, raftlog=s1@group-A7200166065B-SegmentedRaftLog:OPENED:c-1,f0,i0, conf=0: [s0:0.0.0.0:33663, s1:0.0.0.0:41738, s2:0.0.0.0:43966], old=null RUNNING
  s2:  RUNNING CANDIDATE s2@group-A7200166065B:t30, leader=null, voted=s2, raftlog=s2@group-A7200166065B-SegmentedRaftLog:OPENED:c-1,f0,i0, conf=0: [s0:0.0.0.0:33663, s1:0.0.0.0:41738, s2:0.0.0.0:43966], old=null RUNNING
	at org.apache.ratis.MiniRaftCluster.newIllegalStateExceptionForNoLeaders(MiniRaftCluster.java:506)
	at org.apache.ratis.RaftTestUtil.lambda$waitForLeader$1(RaftTestUtil.java:90)
	at org.apache.ratis.MiniRaftCluster.getLeader(MiniRaftCluster.java:539)
	at org.apache.ratis.MiniRaftCluster.getLeader(MiniRaftCluster.java:532)
	at org.apache.ratis.RaftTestUtil.lambda$waitForLeader$3(RaftTestUtil.java:98)
	at org.apache.ratis.util.JavaUtils.attempt(JavaUtils.java:152)
	at org.apache.ratis.RaftTestUtil.waitForLeader(RaftTestUtil.java:97)
	at org.apache.ratis.RaftTestUtil.waitForLeader(RaftTestUtil.java:77)
	at org.apache.ratis.RaftTestUtil.waitForLeader(RaftTestUtil.java:72)
	at org.apache.ratis.RaftTestUtil.lambda$changeLeader$7(RaftTestUtil.java:363)
	at org.apache.ratis.util.JavaUtils.attempt(JavaUtils.java:152)
	at org.apache.ratis.RaftTestUtil.changeLeader(RaftTestUtil.java:362)
	at org.apache.ratis.server.impl.LeaderElectionTests.testChangeLeader(LeaderElectionTests.java:81)
	at sun.reflect.NativeMethodAccessorImpl.invoke0(Native Method)
	at sun.reflect.NativeMethodAccessorImpl.invoke(NativeMethodAccessorImpl.java:62)
	at sun.reflect.DelegatingMethodAccessorImpl.invoke(DelegatingMethodAccessorImpl.java:43)
	at java.lang.reflect.Method.invoke(Method.java:498)
	at org.junit.runners.model.FrameworkMethod$1.runReflectiveCall(FrameworkMethod.java:50)
	at org.junit.internal.runners.model.ReflectiveCallable.run(ReflectiveCallable.java:12)
	at org.junit.runners.model.FrameworkMethod.invokeExplosively(FrameworkMethod.java:47)
	at org.junit.internal.runners.statements.InvokeMethod.evaluate(InvokeMethod.java:17)
	at org.junit.internal.runners.statements.RunAfters.evaluate(RunAfters.java:27)
	at org.junit.internal.runners.statements.FailOnTimeout$CallableStatement.call(FailOnTimeout.java:298)
	at org.junit.internal.runners.statements.FailOnTimeout$CallableStatement.call(FailOnTimeout.java:292)
	at java.util.concurrent.FutureTask.run(FutureTask.java:266)
	at java.lang.Thread.run(Thread.java:748)
2019-09-24 16:31:01,149 WARN  ratis.RaftTestUtil (JavaUtils.java:attempt(158)) - FAILED "waitForLeader-null-(expectLeader? true)", attempt #50/100: java.lang.IllegalStateException: No leader yet : printing ALL groups
  s0:  RUNNING CANDIDATE s0@group-A7200166065B:t30, leader=null, voted=s0, raftlog=s0@group-A7200166065B-SegmentedRaftLog:OPENED:c0,f0,i0, conf=0: [s0:0.0.0.0:33663, s1:0.0.0.0:41738, s2:0.0.0.0:43966], old=null RUNNING
  s1:  RUNNING CANDIDATE s1@group-A7200166065B:t30, leader=null, voted=s1, raftlog=s1@group-A7200166065B-SegmentedRaftLog:OPENED:c-1,f0,i0, conf=0: [s0:0.0.0.0:33663, s1:0.0.0.0:41738, s2:0.0.0.0:43966], old=null RUNNING
  s2:  RUNNING CANDIDATE s2@group-A7200166065B:t30, leader=null, voted=s2, raftlog=s2@group-A7200166065B-SegmentedRaftLog:OPENED:c-1,f0,i0, conf=0: [s0:0.0.0.0:33663, s1:0.0.0.0:41738, s2:0.0.0.0:43966], old=null RUNNING, sleep 450ms and then retry.
java.lang.IllegalStateException: No leader yet : printing ALL groups
  s0:  RUNNING CANDIDATE s0@group-A7200166065B:t30, leader=null, voted=s0, raftlog=s0@group-A7200166065B-SegmentedRaftLog:OPENED:c0,f0,i0, conf=0: [s0:0.0.0.0:33663, s1:0.0.0.0:41738, s2:0.0.0.0:43966], old=null RUNNING
  s1:  RUNNING CANDIDATE s1@group-A7200166065B:t30, leader=null, voted=s1, raftlog=s1@group-A7200166065B-SegmentedRaftLog:OPENED:c-1,f0,i0, conf=0: [s0:0.0.0.0:33663, s1:0.0.0.0:41738, s2:0.0.0.0:43966], old=null RUNNING
  s2:  RUNNING CANDIDATE s2@group-A7200166065B:t30, leader=null, voted=s2, raftlog=s2@group-A7200166065B-SegmentedRaftLog:OPENED:c-1,f0,i0, conf=0: [s0:0.0.0.0:33663, s1:0.0.0.0:41738, s2:0.0.0.0:43966], old=null RUNNING
	at org.apache.ratis.MiniRaftCluster.newIllegalStateExceptionForNoLeaders(MiniRaftCluster.java:506)
	at org.apache.ratis.RaftTestUtil.lambda$waitForLeader$1(RaftTestUtil.java:90)
	at org.apache.ratis.MiniRaftCluster.getLeader(MiniRaftCluster.java:539)
	at org.apache.ratis.MiniRaftCluster.getLeader(MiniRaftCluster.java:532)
	at org.apache.ratis.RaftTestUtil.lambda$waitForLeader$3(RaftTestUtil.java:98)
	at org.apache.ratis.util.JavaUtils.attempt(JavaUtils.java:152)
	at org.apache.ratis.RaftTestUtil.waitForLeader(RaftTestUtil.java:97)
	at org.apache.ratis.RaftTestUtil.waitForLeader(RaftTestUtil.java:77)
	at org.apache.ratis.RaftTestUtil.waitForLeader(RaftTestUtil.java:72)
	at org.apache.ratis.RaftTestUtil.lambda$changeLeader$7(RaftTestUtil.java:363)
	at org.apache.ratis.util.JavaUtils.attempt(JavaUtils.java:152)
	at org.apache.ratis.RaftTestUtil.changeLeader(RaftTestUtil.java:362)
	at org.apache.ratis.server.impl.LeaderElectionTests.testChangeLeader(LeaderElectionTests.java:81)
	at sun.reflect.NativeMethodAccessorImpl.invoke0(Native Method)
	at sun.reflect.NativeMethodAccessorImpl.invoke(NativeMethodAccessorImpl.java:62)
	at sun.reflect.DelegatingMethodAccessorImpl.invoke(DelegatingMethodAccessorImpl.java:43)
	at java.lang.reflect.Method.invoke(Method.java:498)
	at org.junit.runners.model.FrameworkMethod$1.runReflectiveCall(FrameworkMethod.java:50)
	at org.junit.internal.runners.model.ReflectiveCallable.run(ReflectiveCallable.java:12)
	at org.junit.runners.model.FrameworkMethod.invokeExplosively(FrameworkMethod.java:47)
	at org.junit.internal.runners.statements.InvokeMethod.evaluate(InvokeMethod.java:17)
	at org.junit.internal.runners.statements.RunAfters.evaluate(RunAfters.java:27)
	at org.junit.internal.runners.statements.FailOnTimeout$CallableStatement.call(FailOnTimeout.java:298)
	at org.junit.internal.runners.statements.FailOnTimeout$CallableStatement.call(FailOnTimeout.java:292)
	at java.util.concurrent.FutureTask.run(FutureTask.java:266)
	at java.lang.Thread.run(Thread.java:748)
2019-09-24 16:31:01,273 INFO  ratis.MiniRaftCluster (MiniRaftCluster.java:lambda$null$5(297)) - TIMED-PRINT: printing ALL groups
  s0:  RUNNING CANDIDATE s0@group-A7200166065B:t30, leader=null, voted=s0, raftlog=s0@group-A7200166065B-SegmentedRaftLog:OPENED:c0,f0,i0, conf=0: [s0:0.0.0.0:33663, s1:0.0.0.0:41738, s2:0.0.0.0:43966], old=null RUNNING
  s1:  RUNNING CANDIDATE s1@group-A7200166065B:t30, leader=null, voted=s1, raftlog=s1@group-A7200166065B-SegmentedRaftLog:OPENED:c-1,f0,i0, conf=0: [s0:0.0.0.0:33663, s1:0.0.0.0:41738, s2:0.0.0.0:43966], old=null RUNNING
  s2:  RUNNING CANDIDATE s2@group-A7200166065B:t30, leader=null, voted=s2, raftlog=s2@group-A7200166065B-SegmentedRaftLog:OPENED:c-1,f0,i0, conf=0: [s0:0.0.0.0:33663, s1:0.0.0.0:41738, s2:0.0.0.0:43966], old=null RUNNING
2019-09-24 16:31:01,601 WARN  ratis.RaftTestUtil (JavaUtils.java:attempt(158)) - FAILED "waitForLeader-null-(expectLeader? true)", attempt #51/100: java.lang.IllegalStateException: No leader yet : printing ALL groups
  s0:  RUNNING CANDIDATE s0@group-A7200166065B:t30, leader=null, voted=s0, raftlog=s0@group-A7200166065B-SegmentedRaftLog:OPENED:c0,f0,i0, conf=0: [s0:0.0.0.0:33663, s1:0.0.0.0:41738, s2:0.0.0.0:43966], old=null RUNNING
  s1:  RUNNING CANDIDATE s1@group-A7200166065B:t30, leader=null, voted=s1, raftlog=s1@group-A7200166065B-SegmentedRaftLog:OPENED:c-1,f0,i0, conf=0: [s0:0.0.0.0:33663, s1:0.0.0.0:41738, s2:0.0.0.0:43966], old=null RUNNING
  s2:  RUNNING CANDIDATE s2@group-A7200166065B:t30, leader=null, voted=s2, raftlog=s2@group-A7200166065B-SegmentedRaftLog:OPENED:c-1,f0,i0, conf=0: [s0:0.0.0.0:33663, s1:0.0.0.0:41738, s2:0.0.0.0:43966], old=null RUNNING, sleep 450ms and then retry.
java.lang.IllegalStateException: No leader yet : printing ALL groups
  s0:  RUNNING CANDIDATE s0@group-A7200166065B:t30, leader=null, voted=s0, raftlog=s0@group-A7200166065B-SegmentedRaftLog:OPENED:c0,f0,i0, conf=0: [s0:0.0.0.0:33663, s1:0.0.0.0:41738, s2:0.0.0.0:43966], old=null RUNNING
  s1:  RUNNING CANDIDATE s1@group-A7200166065B:t30, leader=null, voted=s1, raftlog=s1@group-A7200166065B-SegmentedRaftLog:OPENED:c-1,f0,i0, conf=0: [s0:0.0.0.0:33663, s1:0.0.0.0:41738, s2:0.0.0.0:43966], old=null RUNNING
  s2:  RUNNING CANDIDATE s2@group-A7200166065B:t30, leader=null, voted=s2, raftlog=s2@group-A7200166065B-SegmentedRaftLog:OPENED:c-1,f0,i0, conf=0: [s0:0.0.0.0:33663, s1:0.0.0.0:41738, s2:0.0.0.0:43966], old=null RUNNING
	at org.apache.ratis.MiniRaftCluster.newIllegalStateExceptionForNoLeaders(MiniRaftCluster.java:506)
	at org.apache.ratis.RaftTestUtil.lambda$waitForLeader$1(RaftTestUtil.java:90)
	at org.apache.ratis.MiniRaftCluster.getLeader(MiniRaftCluster.java:539)
	at org.apache.ratis.MiniRaftCluster.getLeader(MiniRaftCluster.java:532)
	at org.apache.ratis.RaftTestUtil.lambda$waitForLeader$3(RaftTestUtil.java:98)
	at org.apache.ratis.util.JavaUtils.attempt(JavaUtils.java:152)
	at org.apache.ratis.RaftTestUtil.waitForLeader(RaftTestUtil.java:97)
	at org.apache.ratis.RaftTestUtil.waitForLeader(RaftTestUtil.java:77)
	at org.apache.ratis.RaftTestUtil.waitForLeader(RaftTestUtil.java:72)
	at org.apache.ratis.RaftTestUtil.lambda$changeLeader$7(RaftTestUtil.java:363)
	at org.apache.ratis.util.JavaUtils.attempt(JavaUtils.java:152)
	at org.apache.ratis.RaftTestUtil.changeLeader(RaftTestUtil.java:362)
	at org.apache.ratis.server.impl.LeaderElectionTests.testChangeLeader(LeaderElectionTests.java:81)
	at sun.reflect.NativeMethodAccessorImpl.invoke0(Native Method)
	at sun.reflect.NativeMethodAccessorImpl.invoke(NativeMethodAccessorImpl.java:62)
	at sun.reflect.DelegatingMethodAccessorImpl.invoke(DelegatingMethodAccessorImpl.java:43)
	at java.lang.reflect.Method.invoke(Method.java:498)
	at org.junit.runners.model.FrameworkMethod$1.runReflectiveCall(FrameworkMethod.java:50)
	at org.junit.internal.runners.model.ReflectiveCallable.run(ReflectiveCallable.java:12)
	at org.junit.runners.model.FrameworkMethod.invokeExplosively(FrameworkMethod.java:47)
	at org.junit.internal.runners.statements.InvokeMethod.evaluate(InvokeMethod.java:17)
	at org.junit.internal.runners.statements.RunAfters.evaluate(RunAfters.java:27)
	at org.junit.internal.runners.statements.FailOnTimeout$CallableStatement.call(FailOnTimeout.java:298)
	at org.junit.internal.runners.statements.FailOnTimeout$CallableStatement.call(FailOnTimeout.java:292)
	at java.util.concurrent.FutureTask.run(FutureTask.java:266)
	at java.lang.Thread.run(Thread.java:748)
2019-09-24 16:31:02,052 WARN  ratis.RaftTestUtil (JavaUtils.java:attempt(158)) - FAILED "waitForLeader-null-(expectLeader? true)", attempt #52/100: java.lang.IllegalStateException: No leader yet : printing ALL groups
  s0:  RUNNING CANDIDATE s0@group-A7200166065B:t30, leader=null, voted=s0, raftlog=s0@group-A7200166065B-SegmentedRaftLog:OPENED:c0,f0,i0, conf=0: [s0:0.0.0.0:33663, s1:0.0.0.0:41738, s2:0.0.0.0:43966], old=null RUNNING
  s1:  RUNNING CANDIDATE s1@group-A7200166065B:t30, leader=null, voted=s1, raftlog=s1@group-A7200166065B-SegmentedRaftLog:OPENED:c-1,f0,i0, conf=0: [s0:0.0.0.0:33663, s1:0.0.0.0:41738, s2:0.0.0.0:43966], old=null RUNNING
  s2:  RUNNING CANDIDATE s2@group-A7200166065B:t30, leader=null, voted=s2, raftlog=s2@group-A7200166065B-SegmentedRaftLog:OPENED:c-1,f0,i0, conf=0: [s0:0.0.0.0:33663, s1:0.0.0.0:41738, s2:0.0.0.0:43966], old=null RUNNING, sleep 450ms and then retry.
java.lang.IllegalStateException: No leader yet : printing ALL groups
  s0:  RUNNING CANDIDATE s0@group-A7200166065B:t30, leader=null, voted=s0, raftlog=s0@group-A7200166065B-SegmentedRaftLog:OPENED:c0,f0,i0, conf=0: [s0:0.0.0.0:33663, s1:0.0.0.0:41738, s2:0.0.0.0:43966], old=null RUNNING
  s1:  RUNNING CANDIDATE s1@group-A7200166065B:t30, leader=null, voted=s1, raftlog=s1@group-A7200166065B-SegmentedRaftLog:OPENED:c-1,f0,i0, conf=0: [s0:0.0.0.0:33663, s1:0.0.0.0:41738, s2:0.0.0.0:43966], old=null RUNNING
  s2:  RUNNING CANDIDATE s2@group-A7200166065B:t30, leader=null, voted=s2, raftlog=s2@group-A7200166065B-SegmentedRaftLog:OPENED:c-1,f0,i0, conf=0: [s0:0.0.0.0:33663, s1:0.0.0.0:41738, s2:0.0.0.0:43966], old=null RUNNING
	at org.apache.ratis.MiniRaftCluster.newIllegalStateExceptionForNoLeaders(MiniRaftCluster.java:506)
	at org.apache.ratis.RaftTestUtil.lambda$waitForLeader$1(RaftTestUtil.java:90)
	at org.apache.ratis.MiniRaftCluster.getLeader(MiniRaftCluster.java:539)
	at org.apache.ratis.MiniRaftCluster.getLeader(MiniRaftCluster.java:532)
	at org.apache.ratis.RaftTestUtil.lambda$waitForLeader$3(RaftTestUtil.java:98)
	at org.apache.ratis.util.JavaUtils.attempt(JavaUtils.java:152)
	at org.apache.ratis.RaftTestUtil.waitForLeader(RaftTestUtil.java:97)
	at org.apache.ratis.RaftTestUtil.waitForLeader(RaftTestUtil.java:77)
	at org.apache.ratis.RaftTestUtil.waitForLeader(RaftTestUtil.java:72)
	at org.apache.ratis.RaftTestUtil.lambda$changeLeader$7(RaftTestUtil.java:363)
	at org.apache.ratis.util.JavaUtils.attempt(JavaUtils.java:152)
	at org.apache.ratis.RaftTestUtil.changeLeader(RaftTestUtil.java:362)
	at org.apache.ratis.server.impl.LeaderElectionTests.testChangeLeader(LeaderElectionTests.java:81)
	at sun.reflect.NativeMethodAccessorImpl.invoke0(Native Method)
	at sun.reflect.NativeMethodAccessorImpl.invoke(NativeMethodAccessorImpl.java:62)
	at sun.reflect.DelegatingMethodAccessorImpl.invoke(DelegatingMethodAccessorImpl.java:43)
	at java.lang.reflect.Method.invoke(Method.java:498)
	at org.junit.runners.model.FrameworkMethod$1.runReflectiveCall(FrameworkMethod.java:50)
	at org.junit.internal.runners.model.ReflectiveCallable.run(ReflectiveCallable.java:12)
	at org.junit.runners.model.FrameworkMethod.invokeExplosively(FrameworkMethod.java:47)
	at org.junit.internal.runners.statements.InvokeMethod.evaluate(InvokeMethod.java:17)
	at org.junit.internal.runners.statements.RunAfters.evaluate(RunAfters.java:27)
	at org.junit.internal.runners.statements.FailOnTimeout$CallableStatement.call(FailOnTimeout.java:298)
	at org.junit.internal.runners.statements.FailOnTimeout$CallableStatement.call(FailOnTimeout.java:292)
	at java.util.concurrent.FutureTask.run(FutureTask.java:266)
	at java.lang.Thread.run(Thread.java:748)
2019-09-24 16:31:02,503 WARN  ratis.RaftTestUtil (JavaUtils.java:attempt(158)) - FAILED "waitForLeader-null-(expectLeader? true)", attempt #53/100: java.lang.IllegalStateException: No leader yet : printing ALL groups
  s0:  RUNNING CANDIDATE s0@group-A7200166065B:t30, leader=null, voted=s0, raftlog=s0@group-A7200166065B-SegmentedRaftLog:OPENED:c0,f0,i0, conf=0: [s0:0.0.0.0:33663, s1:0.0.0.0:41738, s2:0.0.0.0:43966], old=null RUNNING
  s1:  RUNNING CANDIDATE s1@group-A7200166065B:t30, leader=null, voted=s1, raftlog=s1@group-A7200166065B-SegmentedRaftLog:OPENED:c-1,f0,i0, conf=0: [s0:0.0.0.0:33663, s1:0.0.0.0:41738, s2:0.0.0.0:43966], old=null RUNNING
  s2:  RUNNING CANDIDATE s2@group-A7200166065B:t30, leader=null, voted=s2, raftlog=s2@group-A7200166065B-SegmentedRaftLog:OPENED:c-1,f0,i0, conf=0: [s0:0.0.0.0:33663, s1:0.0.0.0:41738, s2:0.0.0.0:43966], old=null RUNNING, sleep 450ms and then retry.
java.lang.IllegalStateException: No leader yet : printing ALL groups
  s0:  RUNNING CANDIDATE s0@group-A7200166065B:t30, leader=null, voted=s0, raftlog=s0@group-A7200166065B-SegmentedRaftLog:OPENED:c0,f0,i0, conf=0: [s0:0.0.0.0:33663, s1:0.0.0.0:41738, s2:0.0.0.0:43966], old=null RUNNING
  s1:  RUNNING CANDIDATE s1@group-A7200166065B:t30, leader=null, voted=s1, raftlog=s1@group-A7200166065B-SegmentedRaftLog:OPENED:c-1,f0,i0, conf=0: [s0:0.0.0.0:33663, s1:0.0.0.0:41738, s2:0.0.0.0:43966], old=null RUNNING
  s2:  RUNNING CANDIDATE s2@group-A7200166065B:t30, leader=null, voted=s2, raftlog=s2@group-A7200166065B-SegmentedRaftLog:OPENED:c-1,f0,i0, conf=0: [s0:0.0.0.0:33663, s1:0.0.0.0:41738, s2:0.0.0.0:43966], old=null RUNNING
	at org.apache.ratis.MiniRaftCluster.newIllegalStateExceptionForNoLeaders(MiniRaftCluster.java:506)
	at org.apache.ratis.RaftTestUtil.lambda$waitForLeader$1(RaftTestUtil.java:90)
	at org.apache.ratis.MiniRaftCluster.getLeader(MiniRaftCluster.java:539)
	at org.apache.ratis.MiniRaftCluster.getLeader(MiniRaftCluster.java:532)
	at org.apache.ratis.RaftTestUtil.lambda$waitForLeader$3(RaftTestUtil.java:98)
	at org.apache.ratis.util.JavaUtils.attempt(JavaUtils.java:152)
	at org.apache.ratis.RaftTestUtil.waitForLeader(RaftTestUtil.java:97)
	at org.apache.ratis.RaftTestUtil.waitForLeader(RaftTestUtil.java:77)
	at org.apache.ratis.RaftTestUtil.waitForLeader(RaftTestUtil.java:72)
	at org.apache.ratis.RaftTestUtil.lambda$changeLeader$7(RaftTestUtil.java:363)
	at org.apache.ratis.util.JavaUtils.attempt(JavaUtils.java:152)
	at org.apache.ratis.RaftTestUtil.changeLeader(RaftTestUtil.java:362)
	at org.apache.ratis.server.impl.LeaderElectionTests.testChangeLeader(LeaderElectionTests.java:81)
	at sun.reflect.NativeMethodAccessorImpl.invoke0(Native Method)
	at sun.reflect.NativeMethodAccessorImpl.invoke(NativeMethodAccessorImpl.java:62)
	at sun.reflect.DelegatingMethodAccessorImpl.invoke(DelegatingMethodAccessorImpl.java:43)
	at java.lang.reflect.Method.invoke(Method.java:498)
	at org.junit.runners.model.FrameworkMethod$1.runReflectiveCall(FrameworkMethod.java:50)
	at org.junit.internal.runners.model.ReflectiveCallable.run(ReflectiveCallable.java:12)
	at org.junit.runners.model.FrameworkMethod.invokeExplosively(FrameworkMethod.java:47)
	at org.junit.internal.runners.statements.InvokeMethod.evaluate(InvokeMethod.java:17)
	at org.junit.internal.runners.statements.RunAfters.evaluate(RunAfters.java:27)
	at org.junit.internal.runners.statements.FailOnTimeout$CallableStatement.call(FailOnTimeout.java:298)
	at org.junit.internal.runners.statements.FailOnTimeout$CallableStatement.call(FailOnTimeout.java:292)
	at java.util.concurrent.FutureTask.run(FutureTask.java:266)
	at java.lang.Thread.run(Thread.java:748)
2019-09-24 16:31:02,954 WARN  ratis.RaftTestUtil (JavaUtils.java:attempt(158)) - FAILED "waitForLeader-null-(expectLeader? true)", attempt #54/100: java.lang.IllegalStateException: No leader yet : printing ALL groups
  s0:  RUNNING CANDIDATE s0@group-A7200166065B:t30, leader=null, voted=s0, raftlog=s0@group-A7200166065B-SegmentedRaftLog:OPENED:c0,f0,i0, conf=0: [s0:0.0.0.0:33663, s1:0.0.0.0:41738, s2:0.0.0.0:43966], old=null RUNNING
  s1:  RUNNING CANDIDATE s1@group-A7200166065B:t30, leader=null, voted=s1, raftlog=s1@group-A7200166065B-SegmentedRaftLog:OPENED:c-1,f0,i0, conf=0: [s0:0.0.0.0:33663, s1:0.0.0.0:41738, s2:0.0.0.0:43966], old=null RUNNING
  s2:  RUNNING CANDIDATE s2@group-A7200166065B:t30, leader=null, voted=s2, raftlog=s2@group-A7200166065B-SegmentedRaftLog:OPENED:c-1,f0,i0, conf=0: [s0:0.0.0.0:33663, s1:0.0.0.0:41738, s2:0.0.0.0:43966], old=null RUNNING, sleep 450ms and then retry.
java.lang.IllegalStateException: No leader yet : printing ALL groups
  s0:  RUNNING CANDIDATE s0@group-A7200166065B:t30, leader=null, voted=s0, raftlog=s0@group-A7200166065B-SegmentedRaftLog:OPENED:c0,f0,i0, conf=0: [s0:0.0.0.0:33663, s1:0.0.0.0:41738, s2:0.0.0.0:43966], old=null RUNNING
  s1:  RUNNING CANDIDATE s1@group-A7200166065B:t30, leader=null, voted=s1, raftlog=s1@group-A7200166065B-SegmentedRaftLog:OPENED:c-1,f0,i0, conf=0: [s0:0.0.0.0:33663, s1:0.0.0.0:41738, s2:0.0.0.0:43966], old=null RUNNING
  s2:  RUNNING CANDIDATE s2@group-A7200166065B:t30, leader=null, voted=s2, raftlog=s2@group-A7200166065B-SegmentedRaftLog:OPENED:c-1,f0,i0, conf=0: [s0:0.0.0.0:33663, s1:0.0.0.0:41738, s2:0.0.0.0:43966], old=null RUNNING
	at org.apache.ratis.MiniRaftCluster.newIllegalStateExceptionForNoLeaders(MiniRaftCluster.java:506)
	at org.apache.ratis.RaftTestUtil.lambda$waitForLeader$1(RaftTestUtil.java:90)
	at org.apache.ratis.MiniRaftCluster.getLeader(MiniRaftCluster.java:539)
	at org.apache.ratis.MiniRaftCluster.getLeader(MiniRaftCluster.java:532)
	at org.apache.ratis.RaftTestUtil.lambda$waitForLeader$3(RaftTestUtil.java:98)
	at org.apache.ratis.util.JavaUtils.attempt(JavaUtils.java:152)
	at org.apache.ratis.RaftTestUtil.waitForLeader(RaftTestUtil.java:97)
	at org.apache.ratis.RaftTestUtil.waitForLeader(RaftTestUtil.java:77)
	at org.apache.ratis.RaftTestUtil.waitForLeader(RaftTestUtil.java:72)
	at org.apache.ratis.RaftTestUtil.lambda$changeLeader$7(RaftTestUtil.java:363)
	at org.apache.ratis.util.JavaUtils.attempt(JavaUtils.java:152)
	at org.apache.ratis.RaftTestUtil.changeLeader(RaftTestUtil.java:362)
	at org.apache.ratis.server.impl.LeaderElectionTests.testChangeLeader(LeaderElectionTests.java:81)
	at sun.reflect.NativeMethodAccessorImpl.invoke0(Native Method)
	at sun.reflect.NativeMethodAccessorImpl.invoke(NativeMethodAccessorImpl.java:62)
	at sun.reflect.DelegatingMethodAccessorImpl.invoke(DelegatingMethodAccessorImpl.java:43)
	at java.lang.reflect.Method.invoke(Method.java:498)
	at org.junit.runners.model.FrameworkMethod$1.runReflectiveCall(FrameworkMethod.java:50)
	at org.junit.internal.runners.model.ReflectiveCallable.run(ReflectiveCallable.java:12)
	at org.junit.runners.model.FrameworkMethod.invokeExplosively(FrameworkMethod.java:47)
	at org.junit.internal.runners.statements.InvokeMethod.evaluate(InvokeMethod.java:17)
	at org.junit.internal.runners.statements.RunAfters.evaluate(RunAfters.java:27)
	at org.junit.internal.runners.statements.FailOnTimeout$CallableStatement.call(FailOnTimeout.java:298)
	at org.junit.internal.runners.statements.FailOnTimeout$CallableStatement.call(FailOnTimeout.java:292)
	at java.util.concurrent.FutureTask.run(FutureTask.java:266)
	at java.lang.Thread.run(Thread.java:748)
2019-09-24 16:31:03,405 WARN  ratis.RaftTestUtil (JavaUtils.java:attempt(158)) - FAILED "waitForLeader-null-(expectLeader? true)", attempt #55/100: java.lang.IllegalStateException: No leader yet : printing ALL groups
  s0:  RUNNING CANDIDATE s0@group-A7200166065B:t30, leader=null, voted=s0, raftlog=s0@group-A7200166065B-SegmentedRaftLog:OPENED:c0,f0,i0, conf=0: [s0:0.0.0.0:33663, s1:0.0.0.0:41738, s2:0.0.0.0:43966], old=null RUNNING
  s1:  RUNNING CANDIDATE s1@group-A7200166065B:t30, leader=null, voted=s1, raftlog=s1@group-A7200166065B-SegmentedRaftLog:OPENED:c-1,f0,i0, conf=0: [s0:0.0.0.0:33663, s1:0.0.0.0:41738, s2:0.0.0.0:43966], old=null RUNNING
  s2:  RUNNING CANDIDATE s2@group-A7200166065B:t30, leader=null, voted=s2, raftlog=s2@group-A7200166065B-SegmentedRaftLog:OPENED:c-1,f0,i0, conf=0: [s0:0.0.0.0:33663, s1:0.0.0.0:41738, s2:0.0.0.0:43966], old=null RUNNING, sleep 450ms and then retry.
java.lang.IllegalStateException: No leader yet : printing ALL groups
  s0:  RUNNING CANDIDATE s0@group-A7200166065B:t30, leader=null, voted=s0, raftlog=s0@group-A7200166065B-SegmentedRaftLog:OPENED:c0,f0,i0, conf=0: [s0:0.0.0.0:33663, s1:0.0.0.0:41738, s2:0.0.0.0:43966], old=null RUNNING
  s1:  RUNNING CANDIDATE s1@group-A7200166065B:t30, leader=null, voted=s1, raftlog=s1@group-A7200166065B-SegmentedRaftLog:OPENED:c-1,f0,i0, conf=0: [s0:0.0.0.0:33663, s1:0.0.0.0:41738, s2:0.0.0.0:43966], old=null RUNNING
  s2:  RUNNING CANDIDATE s2@group-A7200166065B:t30, leader=null, voted=s2, raftlog=s2@group-A7200166065B-SegmentedRaftLog:OPENED:c-1,f0,i0, conf=0: [s0:0.0.0.0:33663, s1:0.0.0.0:41738, s2:0.0.0.0:43966], old=null RUNNING
	at org.apache.ratis.MiniRaftCluster.newIllegalStateExceptionForNoLeaders(MiniRaftCluster.java:506)
	at org.apache.ratis.RaftTestUtil.lambda$waitForLeader$1(RaftTestUtil.java:90)
	at org.apache.ratis.MiniRaftCluster.getLeader(MiniRaftCluster.java:539)
	at org.apache.ratis.MiniRaftCluster.getLeader(MiniRaftCluster.java:532)
	at org.apache.ratis.RaftTestUtil.lambda$waitForLeader$3(RaftTestUtil.java:98)
	at org.apache.ratis.util.JavaUtils.attempt(JavaUtils.java:152)
	at org.apache.ratis.RaftTestUtil.waitForLeader(RaftTestUtil.java:97)
	at org.apache.ratis.RaftTestUtil.waitForLeader(RaftTestUtil.java:77)
	at org.apache.ratis.RaftTestUtil.waitForLeader(RaftTestUtil.java:72)
	at org.apache.ratis.RaftTestUtil.lambda$changeLeader$7(RaftTestUtil.java:363)
	at org.apache.ratis.util.JavaUtils.attempt(JavaUtils.java:152)
	at org.apache.ratis.RaftTestUtil.changeLeader(RaftTestUtil.java:362)
	at org.apache.ratis.server.impl.LeaderElectionTests.testChangeLeader(LeaderElectionTests.java:81)
	at sun.reflect.NativeMethodAccessorImpl.invoke0(Native Method)
	at sun.reflect.NativeMethodAccessorImpl.invoke(NativeMethodAccessorImpl.java:62)
	at sun.reflect.DelegatingMethodAccessorImpl.invoke(DelegatingMethodAccessorImpl.java:43)
	at java.lang.reflect.Method.invoke(Method.java:498)
	at org.junit.runners.model.FrameworkMethod$1.runReflectiveCall(FrameworkMethod.java:50)
	at org.junit.internal.runners.model.ReflectiveCallable.run(ReflectiveCallable.java:12)
	at org.junit.runners.model.FrameworkMethod.invokeExplosively(FrameworkMethod.java:47)
	at org.junit.internal.runners.statements.InvokeMethod.evaluate(InvokeMethod.java:17)
	at org.junit.internal.runners.statements.RunAfters.evaluate(RunAfters.java:27)
	at org.junit.internal.runners.statements.FailOnTimeout$CallableStatement.call(FailOnTimeout.java:298)
	at org.junit.internal.runners.statements.FailOnTimeout$CallableStatement.call(FailOnTimeout.java:292)
	at java.util.concurrent.FutureTask.run(FutureTask.java:266)
	at java.lang.Thread.run(Thread.java:748)
2019-09-24 16:31:03,856 WARN  ratis.RaftTestUtil (JavaUtils.java:attempt(158)) - FAILED "waitForLeader-null-(expectLeader? true)", attempt #56/100: java.lang.IllegalStateException: No leader yet : printing ALL groups
  s0:  RUNNING CANDIDATE s0@group-A7200166065B:t30, leader=null, voted=s0, raftlog=s0@group-A7200166065B-SegmentedRaftLog:OPENED:c0,f0,i0, conf=0: [s0:0.0.0.0:33663, s1:0.0.0.0:41738, s2:0.0.0.0:43966], old=null RUNNING
  s1:  RUNNING CANDIDATE s1@group-A7200166065B:t30, leader=null, voted=s1, raftlog=s1@group-A7200166065B-SegmentedRaftLog:OPENED:c-1,f0,i0, conf=0: [s0:0.0.0.0:33663, s1:0.0.0.0:41738, s2:0.0.0.0:43966], old=null RUNNING
  s2:  RUNNING CANDIDATE s2@group-A7200166065B:t30, leader=null, voted=s2, raftlog=s2@group-A7200166065B-SegmentedRaftLog:OPENED:c-1,f0,i0, conf=0: [s0:0.0.0.0:33663, s1:0.0.0.0:41738, s2:0.0.0.0:43966], old=null RUNNING, sleep 450ms and then retry.
java.lang.IllegalStateException: No leader yet : printing ALL groups
  s0:  RUNNING CANDIDATE s0@group-A7200166065B:t30, leader=null, voted=s0, raftlog=s0@group-A7200166065B-SegmentedRaftLog:OPENED:c0,f0,i0, conf=0: [s0:0.0.0.0:33663, s1:0.0.0.0:41738, s2:0.0.0.0:43966], old=null RUNNING
  s1:  RUNNING CANDIDATE s1@group-A7200166065B:t30, leader=null, voted=s1, raftlog=s1@group-A7200166065B-SegmentedRaftLog:OPENED:c-1,f0,i0, conf=0: [s0:0.0.0.0:33663, s1:0.0.0.0:41738, s2:0.0.0.0:43966], old=null RUNNING
  s2:  RUNNING CANDIDATE s2@group-A7200166065B:t30, leader=null, voted=s2, raftlog=s2@group-A7200166065B-SegmentedRaftLog:OPENED:c-1,f0,i0, conf=0: [s0:0.0.0.0:33663, s1:0.0.0.0:41738, s2:0.0.0.0:43966], old=null RUNNING
	at org.apache.ratis.MiniRaftCluster.newIllegalStateExceptionForNoLeaders(MiniRaftCluster.java:506)
	at org.apache.ratis.RaftTestUtil.lambda$waitForLeader$1(RaftTestUtil.java:90)
	at org.apache.ratis.MiniRaftCluster.getLeader(MiniRaftCluster.java:539)
	at org.apache.ratis.MiniRaftCluster.getLeader(MiniRaftCluster.java:532)
	at org.apache.ratis.RaftTestUtil.lambda$waitForLeader$3(RaftTestUtil.java:98)
	at org.apache.ratis.util.JavaUtils.attempt(JavaUtils.java:152)
	at org.apache.ratis.RaftTestUtil.waitForLeader(RaftTestUtil.java:97)
	at org.apache.ratis.RaftTestUtil.waitForLeader(RaftTestUtil.java:77)
	at org.apache.ratis.RaftTestUtil.waitForLeader(RaftTestUtil.java:72)
	at org.apache.ratis.RaftTestUtil.lambda$changeLeader$7(RaftTestUtil.java:363)
	at org.apache.ratis.util.JavaUtils.attempt(JavaUtils.java:152)
	at org.apache.ratis.RaftTestUtil.changeLeader(RaftTestUtil.java:362)
	at org.apache.ratis.server.impl.LeaderElectionTests.testChangeLeader(LeaderElectionTests.java:81)
	at sun.reflect.NativeMethodAccessorImpl.invoke0(Native Method)
	at sun.reflect.NativeMethodAccessorImpl.invoke(NativeMethodAccessorImpl.java:62)
	at sun.reflect.DelegatingMethodAccessorImpl.invoke(DelegatingMethodAccessorImpl.java:43)
	at java.lang.reflect.Method.invoke(Method.java:498)
	at org.junit.runners.model.FrameworkMethod$1.runReflectiveCall(FrameworkMethod.java:50)
	at org.junit.internal.runners.model.ReflectiveCallable.run(ReflectiveCallable.java:12)
	at org.junit.runners.model.FrameworkMethod.invokeExplosively(FrameworkMethod.java:47)
	at org.junit.internal.runners.statements.InvokeMethod.evaluate(InvokeMethod.java:17)
	at org.junit.internal.runners.statements.RunAfters.evaluate(RunAfters.java:27)
	at org.junit.internal.runners.statements.FailOnTimeout$CallableStatement.call(FailOnTimeout.java:298)
	at org.junit.internal.runners.statements.FailOnTimeout$CallableStatement.call(FailOnTimeout.java:292)
	at java.util.concurrent.FutureTask.run(FutureTask.java:266)
	at java.lang.Thread.run(Thread.java:748)
2019-09-24 16:31:04,307 WARN  ratis.RaftTestUtil (JavaUtils.java:attempt(158)) - FAILED "waitForLeader-null-(expectLeader? true)", attempt #57/100: java.lang.IllegalStateException: No leader yet : printing ALL groups
  s0:  RUNNING CANDIDATE s0@group-A7200166065B:t30, leader=null, voted=s0, raftlog=s0@group-A7200166065B-SegmentedRaftLog:OPENED:c0,f0,i0, conf=0: [s0:0.0.0.0:33663, s1:0.0.0.0:41738, s2:0.0.0.0:43966], old=null RUNNING
  s1:  RUNNING CANDIDATE s1@group-A7200166065B:t30, leader=null, voted=s1, raftlog=s1@group-A7200166065B-SegmentedRaftLog:OPENED:c-1,f0,i0, conf=0: [s0:0.0.0.0:33663, s1:0.0.0.0:41738, s2:0.0.0.0:43966], old=null RUNNING
  s2:  RUNNING CANDIDATE s2@group-A7200166065B:t30, leader=null, voted=s2, raftlog=s2@group-A7200166065B-SegmentedRaftLog:OPENED:c-1,f0,i0, conf=0: [s0:0.0.0.0:33663, s1:0.0.0.0:41738, s2:0.0.0.0:43966], old=null RUNNING, sleep 450ms and then retry.
java.lang.IllegalStateException: No leader yet : printing ALL groups
  s0:  RUNNING CANDIDATE s0@group-A7200166065B:t30, leader=null, voted=s0, raftlog=s0@group-A7200166065B-SegmentedRaftLog:OPENED:c0,f0,i0, conf=0: [s0:0.0.0.0:33663, s1:0.0.0.0:41738, s2:0.0.0.0:43966], old=null RUNNING
  s1:  RUNNING CANDIDATE s1@group-A7200166065B:t30, leader=null, voted=s1, raftlog=s1@group-A7200166065B-SegmentedRaftLog:OPENED:c-1,f0,i0, conf=0: [s0:0.0.0.0:33663, s1:0.0.0.0:41738, s2:0.0.0.0:43966], old=null RUNNING
  s2:  RUNNING CANDIDATE s2@group-A7200166065B:t30, leader=null, voted=s2, raftlog=s2@group-A7200166065B-SegmentedRaftLog:OPENED:c-1,f0,i0, conf=0: [s0:0.0.0.0:33663, s1:0.0.0.0:41738, s2:0.0.0.0:43966], old=null RUNNING
	at org.apache.ratis.MiniRaftCluster.newIllegalStateExceptionForNoLeaders(MiniRaftCluster.java:506)
	at org.apache.ratis.RaftTestUtil.lambda$waitForLeader$1(RaftTestUtil.java:90)
	at org.apache.ratis.MiniRaftCluster.getLeader(MiniRaftCluster.java:539)
	at org.apache.ratis.MiniRaftCluster.getLeader(MiniRaftCluster.java:532)
	at org.apache.ratis.RaftTestUtil.lambda$waitForLeader$3(RaftTestUtil.java:98)
	at org.apache.ratis.util.JavaUtils.attempt(JavaUtils.java:152)
	at org.apache.ratis.RaftTestUtil.waitForLeader(RaftTestUtil.java:97)
	at org.apache.ratis.RaftTestUtil.waitForLeader(RaftTestUtil.java:77)
	at org.apache.ratis.RaftTestUtil.waitForLeader(RaftTestUtil.java:72)
	at org.apache.ratis.RaftTestUtil.lambda$changeLeader$7(RaftTestUtil.java:363)
	at org.apache.ratis.util.JavaUtils.attempt(JavaUtils.java:152)
	at org.apache.ratis.RaftTestUtil.changeLeader(RaftTestUtil.java:362)
	at org.apache.ratis.server.impl.LeaderElectionTests.testChangeLeader(LeaderElectionTests.java:81)
	at sun.reflect.NativeMethodAccessorImpl.invoke0(Native Method)
	at sun.reflect.NativeMethodAccessorImpl.invoke(NativeMethodAccessorImpl.java:62)
	at sun.reflect.DelegatingMethodAccessorImpl.invoke(DelegatingMethodAccessorImpl.java:43)
	at java.lang.reflect.Method.invoke(Method.java:498)
	at org.junit.runners.model.FrameworkMethod$1.runReflectiveCall(FrameworkMethod.java:50)
	at org.junit.internal.runners.model.ReflectiveCallable.run(ReflectiveCallable.java:12)
	at org.junit.runners.model.FrameworkMethod.invokeExplosively(FrameworkMethod.java:47)
	at org.junit.internal.runners.statements.InvokeMethod.evaluate(InvokeMethod.java:17)
	at org.junit.internal.runners.statements.RunAfters.evaluate(RunAfters.java:27)
	at org.junit.internal.runners.statements.FailOnTimeout$CallableStatement.call(FailOnTimeout.java:298)
	at org.junit.internal.runners.statements.FailOnTimeout$CallableStatement.call(FailOnTimeout.java:292)
	at java.util.concurrent.FutureTask.run(FutureTask.java:266)
	at java.lang.Thread.run(Thread.java:748)
2019-09-24 16:31:04,652 INFO  impl.LeaderElection (LeaderElection.java:askForVotes(178)) - s1@group-A7200166065B-LeaderElection161: begin an election at term 30 for 0: [s0:0.0.0.0:33663, s1:0.0.0.0:41738, s2:0.0.0.0:43966], old=null
2019-09-24 16:31:04,652 INFO  impl.LeaderElection (LeaderElection.java:askForVotes(178)) - s2@group-A7200166065B-LeaderElection160: begin an election at term 30 for 0: [s0:0.0.0.0:33663, s1:0.0.0.0:41738, s2:0.0.0.0:43966], old=null
2019-09-24 16:31:04,652 INFO  impl.LeaderElection (LeaderElection.java:askForVotes(178)) - s0@group-A7200166065B-LeaderElection131: begin an election at term 30 for 0: [s0:0.0.0.0:33663, s1:0.0.0.0:41738, s2:0.0.0.0:43966], old=null
2019-09-24 16:31:04,654 DEBUG impl.RaftServerImpl (RaftServerImpl.java:requestVote(743)) - s0@group-A7200166065B: receive requestVote(s1, group-A7200166065B, 30, (t:3, i:0))
2019-09-24 16:31:04,654 DEBUG impl.RaftServerImpl (RaftServerImpl.java:requestVote(743)) - s0@group-A7200166065B: receive requestVote(s2, group-A7200166065B, 30, (t:3, i:0))
2019-09-24 16:31:04,654 DEBUG impl.RaftServerImpl (RaftServerImpl.java:requestVote(743)) - s2@group-A7200166065B: receive requestVote(s1, group-A7200166065B, 30, (t:3, i:0))
2019-09-24 16:31:04,654 DEBUG impl.RaftServerImpl (RaftServerImpl.java:requestVote(775)) - s0@group-A7200166065B replies to vote request: s1<-s0#0:FAIL-t30. Peer's state: s0@group-A7200166065B:t30, leader=null, voted=s0, raftlog=s0@group-A7200166065B-SegmentedRaftLog:OPENED:c0,f0,i0, conf=0: [s0:0.0.0.0:33663, s1:0.0.0.0:41738, s2:0.0.0.0:43966], old=null
2019-09-24 16:31:04,655 DEBUG impl.RaftServerImpl (RaftServerImpl.java:requestVote(775)) - s2@group-A7200166065B replies to vote request: s1<-s2#0:FAIL-t30. Peer's state: s2@group-A7200166065B:t30, leader=null, voted=s2, raftlog=s2@group-A7200166065B-SegmentedRaftLog:OPENED:c-1,f0,i0, conf=0: [s0:0.0.0.0:33663, s1:0.0.0.0:41738, s2:0.0.0.0:43966], old=null
2019-09-24 16:31:04,655 DEBUG impl.RaftServerImpl (RaftServerImpl.java:requestVote(743)) - s1@group-A7200166065B: receive requestVote(s2, group-A7200166065B, 30, (t:3, i:0))
2019-09-24 16:31:04,655 DEBUG impl.RaftServerImpl (RaftServerImpl.java:requestVote(775)) - s0@group-A7200166065B replies to vote request: s2<-s0#0:FAIL-t30. Peer's state: s0@group-A7200166065B:t30, leader=null, voted=s0, raftlog=s0@group-A7200166065B-SegmentedRaftLog:OPENED:c0,f0,i0, conf=0: [s0:0.0.0.0:33663, s1:0.0.0.0:41738, s2:0.0.0.0:43966], old=null
2019-09-24 16:31:04,656 INFO  impl.LeaderElection (LeaderElection.java:logAndReturn(56)) - s1@group-A7200166065B-LeaderElection161: Election REJECTED; received 2 response(s) [s1<-s0#0:FAIL-t30, s1<-s2#0:FAIL-t30] and 0 exception(s); s1@group-A7200166065B:t30, leader=null, voted=s1, raftlog=s1@group-A7200166065B-SegmentedRaftLog:OPENED:c-1,f0,i0, conf=0: [s0:0.0.0.0:33663, s1:0.0.0.0:41738, s2:0.0.0.0:43966], old=null
2019-09-24 16:31:04,656 DEBUG impl.RaftServerImpl (RaftServerImpl.java:requestVote(775)) - s1@group-A7200166065B replies to vote request: s2<-s1#0:FAIL-t30. Peer's state: s1@group-A7200166065B:t30, leader=null, voted=s1, raftlog=s1@group-A7200166065B-SegmentedRaftLog:OPENED:c-1,f0,i0, conf=0: [s0:0.0.0.0:33663, s1:0.0.0.0:41738, s2:0.0.0.0:43966], old=null
2019-09-24 16:31:04,657 INFO  impl.RaftServerImpl (RaftServerImpl.java:setRole(170)) - s1@group-A7200166065B: changes role from CANDIDATE to FOLLOWER at term 30 for DISCOVERED_A_NEW_TERM
2019-09-24 16:31:04,657 INFO  impl.RoleInfo (RoleInfo.java:shutdownLeaderElection(134)) - s1: shutdown LeaderElection
2019-09-24 16:31:04,657 INFO  impl.LeaderElection (LeaderElection.java:logAndReturn(56)) - s2@group-A7200166065B-LeaderElection160: Election REJECTED; received 2 response(s) [s2<-s0#0:FAIL-t30, s2<-s1#0:FAIL-t30] and 0 exception(s); s2@group-A7200166065B:t30, leader=null, voted=s2, raftlog=s2@group-A7200166065B-SegmentedRaftLog:OPENED:c-1,f0,i0, conf=0: [s0:0.0.0.0:33663, s1:0.0.0.0:41738, s2:0.0.0.0:43966], old=null
2019-09-24 16:31:04,657 INFO  impl.RoleInfo (RoleInfo.java:updateAndGet(143)) - s1: start FollowerState
2019-09-24 16:31:04,657 INFO  impl.RaftServerImpl (RaftServerImpl.java:setRole(170)) - s2@group-A7200166065B: changes role from CANDIDATE to FOLLOWER at term 30 for DISCOVERED_A_NEW_TERM
2019-09-24 16:31:04,658 INFO  impl.RoleInfo (RoleInfo.java:shutdownLeaderElection(134)) - s2: shutdown LeaderElection
2019-09-24 16:31:04,658 INFO  impl.RoleInfo (RoleInfo.java:updateAndGet(143)) - s2: start FollowerState
2019-09-24 16:31:04,758 WARN  ratis.RaftTestUtil (JavaUtils.java:attempt(158)) - FAILED "waitForLeader-null-(expectLeader? true)", attempt #58/100: java.lang.IllegalStateException: No leader yet : printing ALL groups
  s0:  RUNNING CANDIDATE s0@group-A7200166065B:t30, leader=null, voted=s0, raftlog=s0@group-A7200166065B-SegmentedRaftLog:OPENED:c0,f0,i0, conf=0: [s0:0.0.0.0:33663, s1:0.0.0.0:41738, s2:0.0.0.0:43966], old=null RUNNING
  s1:  RUNNING  FOLLOWER s1@group-A7200166065B:t30, leader=null, voted=s1, raftlog=s1@group-A7200166065B-SegmentedRaftLog:OPENED:c-1,f0,i0, conf=0: [s0:0.0.0.0:33663, s1:0.0.0.0:41738, s2:0.0.0.0:43966], old=null RUNNING
  s2:  RUNNING  FOLLOWER s2@group-A7200166065B:t30, leader=null, voted=s2, raftlog=s2@group-A7200166065B-SegmentedRaftLog:OPENED:c-1,f0,i0, conf=0: [s0:0.0.0.0:33663, s1:0.0.0.0:41738, s2:0.0.0.0:43966], old=null RUNNING, sleep 450ms and then retry.
java.lang.IllegalStateException: No leader yet : printing ALL groups
  s0:  RUNNING CANDIDATE s0@group-A7200166065B:t30, leader=null, voted=s0, raftlog=s0@group-A7200166065B-SegmentedRaftLog:OPENED:c0,f0,i0, conf=0: [s0:0.0.0.0:33663, s1:0.0.0.0:41738, s2:0.0.0.0:43966], old=null RUNNING
  s1:  RUNNING  FOLLOWER s1@group-A7200166065B:t30, leader=null, voted=s1, raftlog=s1@group-A7200166065B-SegmentedRaftLog:OPENED:c-1,f0,i0, conf=0: [s0:0.0.0.0:33663, s1:0.0.0.0:41738, s2:0.0.0.0:43966], old=null RUNNING
  s2:  RUNNING  FOLLOWER s2@group-A7200166065B:t30, leader=null, voted=s2, raftlog=s2@group-A7200166065B-SegmentedRaftLog:OPENED:c-1,f0,i0, conf=0: [s0:0.0.0.0:33663, s1:0.0.0.0:41738, s2:0.0.0.0:43966], old=null RUNNING
	at org.apache.ratis.MiniRaftCluster.newIllegalStateExceptionForNoLeaders(MiniRaftCluster.java:506)
	at org.apache.ratis.RaftTestUtil.lambda$waitForLeader$1(RaftTestUtil.java:90)
	at org.apache.ratis.MiniRaftCluster.getLeader(MiniRaftCluster.java:539)
	at org.apache.ratis.MiniRaftCluster.getLeader(MiniRaftCluster.java:532)
	at org.apache.ratis.RaftTestUtil.lambda$waitForLeader$3(RaftTestUtil.java:98)
	at org.apache.ratis.util.JavaUtils.attempt(JavaUtils.java:152)
	at org.apache.ratis.RaftTestUtil.waitForLeader(RaftTestUtil.java:97)
	at org.apache.ratis.RaftTestUtil.waitForLeader(RaftTestUtil.java:77)
	at org.apache.ratis.RaftTestUtil.waitForLeader(RaftTestUtil.java:72)
	at org.apache.ratis.RaftTestUtil.lambda$changeLeader$7(RaftTestUtil.java:363)
	at org.apache.ratis.util.JavaUtils.attempt(JavaUtils.java:152)
	at org.apache.ratis.RaftTestUtil.changeLeader(RaftTestUtil.java:362)
	at org.apache.ratis.server.impl.LeaderElectionTests.testChangeLeader(LeaderElectionTests.java:81)
	at sun.reflect.NativeMethodAccessorImpl.invoke0(Native Method)
	at sun.reflect.NativeMethodAccessorImpl.invoke(NativeMethodAccessorImpl.java:62)
	at sun.reflect.DelegatingMethodAccessorImpl.invoke(DelegatingMethodAccessorImpl.java:43)
	at java.lang.reflect.Method.invoke(Method.java:498)
	at org.junit.runners.model.FrameworkMethod$1.runReflectiveCall(FrameworkMethod.java:50)
	at org.junit.internal.runners.model.ReflectiveCallable.run(ReflectiveCallable.java:12)
	at org.junit.runners.model.FrameworkMethod.invokeExplosively(FrameworkMethod.java:47)
	at org.junit.internal.runners.statements.InvokeMethod.evaluate(InvokeMethod.java:17)
	at org.junit.internal.runners.statements.RunAfters.evaluate(RunAfters.java:27)
	at org.junit.internal.runners.statements.FailOnTimeout$CallableStatement.call(FailOnTimeout.java:298)
	at org.junit.internal.runners.statements.FailOnTimeout$CallableStatement.call(FailOnTimeout.java:292)
	at java.util.concurrent.FutureTask.run(FutureTask.java:266)
	at java.lang.Thread.run(Thread.java:748)
2019-09-24 16:31:04,841 INFO  impl.FollowerState (FollowerState.java:run(108)) - s1@group-A7200166065B-FollowerState: change to CANDIDATE, lastRpcTime:183ms, electionTimeout:183ms
2019-09-24 16:31:04,841 INFO  impl.RoleInfo (RoleInfo.java:shutdownFollowerState(121)) - s1: shutdown FollowerState
2019-09-24 16:31:04,841 INFO  impl.RaftServerImpl (RaftServerImpl.java:setRole(170)) - s1@group-A7200166065B: changes role from  FOLLOWER to CANDIDATE at term 30 for changeToCandidate
2019-09-24 16:31:04,842 INFO  impl.RoleInfo (RoleInfo.java:updateAndGet(143)) - s1: start LeaderElection
2019-09-24 16:31:04,865 INFO  impl.FollowerState (FollowerState.java:run(108)) - s2@group-A7200166065B-FollowerState: change to CANDIDATE, lastRpcTime:206ms, electionTimeout:206ms
2019-09-24 16:31:04,865 INFO  impl.RoleInfo (RoleInfo.java:shutdownFollowerState(121)) - s2: shutdown FollowerState
2019-09-24 16:31:04,865 INFO  impl.RaftServerImpl (RaftServerImpl.java:setRole(170)) - s2@group-A7200166065B: changes role from  FOLLOWER to CANDIDATE at term 30 for changeToCandidate
2019-09-24 16:31:04,865 INFO  impl.RoleInfo (RoleInfo.java:updateAndGet(143)) - s2: start LeaderElection
2019-09-24 16:31:04,953 INFO  impl.LeaderElection (LeaderElection.java:logAndReturn(56)) - s0@group-A7200166065B-LeaderElection131: Election TIMEOUT; received 0 response(s) [] and 0 exception(s); s0@group-A7200166065B:t30, leader=null, voted=s0, raftlog=s0@group-A7200166065B-SegmentedRaftLog:OPENED:c0,f0,i0, conf=0: [s0:0.0.0.0:33663, s1:0.0.0.0:41738, s2:0.0.0.0:43966], old=null
2019-09-24 16:31:05,007 INFO  impl.LeaderElection (LeaderElection.java:askForVotes(178)) - s0@group-A7200166065B-LeaderElection131: begin an election at term 31 for 0: [s0:0.0.0.0:33663, s1:0.0.0.0:41738, s2:0.0.0.0:43966], old=null
2019-09-24 16:31:05,007 INFO  impl.LeaderElection (LeaderElection.java:askForVotes(178)) - s1@group-A7200166065B-LeaderElection162: begin an election at term 31 for 0: [s0:0.0.0.0:33663, s1:0.0.0.0:41738, s2:0.0.0.0:43966], old=null
2019-09-24 16:31:05,007 INFO  impl.LeaderElection (LeaderElection.java:askForVotes(178)) - s2@group-A7200166065B-LeaderElection163: begin an election at term 31 for 0: [s0:0.0.0.0:33663, s1:0.0.0.0:41738, s2:0.0.0.0:43966], old=null
2019-09-24 16:31:05,008 DEBUG impl.RaftServerImpl (RaftServerImpl.java:requestVote(743)) - s0@group-A7200166065B: receive requestVote(s1, group-A7200166065B, 31, (t:3, i:0))
2019-09-24 16:31:05,008 DEBUG impl.RaftServerImpl (RaftServerImpl.java:requestVote(743)) - s1@group-A7200166065B: receive requestVote(s2, group-A7200166065B, 31, (t:3, i:0))
2019-09-24 16:31:05,008 DEBUG impl.RaftServerImpl (RaftServerImpl.java:requestVote(743)) - s0@group-A7200166065B: receive requestVote(s2, group-A7200166065B, 31, (t:3, i:0))
2019-09-24 16:31:05,009 DEBUG impl.RaftServerImpl (RaftServerImpl.java:requestVote(775)) - s1@group-A7200166065B replies to vote request: s2<-s1#0:FAIL-t31. Peer's state: s1@group-A7200166065B:t31, leader=null, voted=s1, raftlog=s1@group-A7200166065B-SegmentedRaftLog:OPENED:c-1,f0,i0, conf=0: [s0:0.0.0.0:33663, s1:0.0.0.0:41738, s2:0.0.0.0:43966], old=null
2019-09-24 16:31:05,009 DEBUG impl.RaftServerImpl (RaftServerImpl.java:requestVote(743)) - s2@group-A7200166065B: receive requestVote(s1, group-A7200166065B, 31, (t:3, i:0))
2019-09-24 16:31:05,009 DEBUG impl.RaftServerImpl (RaftServerImpl.java:requestVote(775)) - s0@group-A7200166065B replies to vote request: s1<-s0#0:FAIL-t31. Peer's state: s0@group-A7200166065B:t31, leader=null, voted=s0, raftlog=s0@group-A7200166065B-SegmentedRaftLog:OPENED:c0,f0,i0, conf=0: [s0:0.0.0.0:33663, s1:0.0.0.0:41738, s2:0.0.0.0:43966], old=null
2019-09-24 16:31:05,010 DEBUG impl.RaftServerImpl (RaftServerImpl.java:requestVote(775)) - s2@group-A7200166065B replies to vote request: s1<-s2#0:FAIL-t31. Peer's state: s2@group-A7200166065B:t31, leader=null, voted=s2, raftlog=s2@group-A7200166065B-SegmentedRaftLog:OPENED:c-1,f0,i0, conf=0: [s0:0.0.0.0:33663, s1:0.0.0.0:41738, s2:0.0.0.0:43966], old=null
2019-09-24 16:31:05,010 DEBUG impl.RaftServerImpl (RaftServerImpl.java:requestVote(775)) - s0@group-A7200166065B replies to vote request: s2<-s0#0:FAIL-t31. Peer's state: s0@group-A7200166065B:t31, leader=null, voted=s0, raftlog=s0@group-A7200166065B-SegmentedRaftLog:OPENED:c0,f0,i0, conf=0: [s0:0.0.0.0:33663, s1:0.0.0.0:41738, s2:0.0.0.0:43966], old=null
2019-09-24 16:31:05,011 INFO  impl.LeaderElection (LeaderElection.java:logAndReturn(56)) - s1@group-A7200166065B-LeaderElection162: Election REJECTED; received 2 response(s) [s1<-s0#0:FAIL-t31, s1<-s2#0:FAIL-t31] and 0 exception(s); s1@group-A7200166065B:t31, leader=null, voted=s1, raftlog=s1@group-A7200166065B-SegmentedRaftLog:OPENED:c-1,f0,i0, conf=0: [s0:0.0.0.0:33663, s1:0.0.0.0:41738, s2:0.0.0.0:43966], old=null
2019-09-24 16:31:05,011 INFO  impl.LeaderElection (LeaderElection.java:logAndReturn(56)) - s2@group-A7200166065B-LeaderElection163: Election REJECTED; received 2 response(s) [s2<-s0#0:FAIL-t31, s2<-s1#0:FAIL-t31] and 0 exception(s); s2@group-A7200166065B:t31, leader=null, voted=s2, raftlog=s2@group-A7200166065B-SegmentedRaftLog:OPENED:c-1,f0,i0, conf=0: [s0:0.0.0.0:33663, s1:0.0.0.0:41738, s2:0.0.0.0:43966], old=null
2019-09-24 16:31:05,011 INFO  impl.RaftServerImpl (RaftServerImpl.java:setRole(170)) - s1@group-A7200166065B: changes role from CANDIDATE to FOLLOWER at term 31 for DISCOVERED_A_NEW_TERM
2019-09-24 16:31:05,011 INFO  impl.RaftServerImpl (RaftServerImpl.java:setRole(170)) - s2@group-A7200166065B: changes role from CANDIDATE to FOLLOWER at term 31 for DISCOVERED_A_NEW_TERM
2019-09-24 16:31:05,011 INFO  impl.RoleInfo (RoleInfo.java:shutdownLeaderElection(134)) - s1: shutdown LeaderElection
2019-09-24 16:31:05,011 INFO  impl.RoleInfo (RoleInfo.java:shutdownLeaderElection(134)) - s2: shutdown LeaderElection
2019-09-24 16:31:05,012 INFO  impl.RoleInfo (RoleInfo.java:updateAndGet(143)) - s1: start FollowerState
2019-09-24 16:31:05,012 INFO  impl.RoleInfo (RoleInfo.java:updateAndGet(143)) - s2: start FollowerState
2019-09-24 16:31:05,166 INFO  impl.LeaderElection (LeaderElection.java:logAndReturn(56)) - s0@group-A7200166065B-LeaderElection131: Election TIMEOUT; received 0 response(s) [] and 0 exception(s); s0@group-A7200166065B:t31, leader=null, voted=s0, raftlog=s0@group-A7200166065B-SegmentedRaftLog:OPENED:c0,f0,i0, conf=0: [s0:0.0.0.0:33663, s1:0.0.0.0:41738, s2:0.0.0.0:43966], old=null
2019-09-24 16:31:05,209 WARN  ratis.RaftTestUtil (JavaUtils.java:attempt(158)) - FAILED "waitForLeader-null-(expectLeader? true)", attempt #59/100: java.lang.IllegalStateException: No leader yet : printing ALL groups
  s0:  RUNNING CANDIDATE s0@group-A7200166065B:t32, leader=null, voted=s0, raftlog=s0@group-A7200166065B-SegmentedRaftLog:OPENED:c0,f0,i0, conf=0: [s0:0.0.0.0:33663, s1:0.0.0.0:41738, s2:0.0.0.0:43966], old=null RUNNING
  s1:  RUNNING  FOLLOWER s1@group-A7200166065B:t31, leader=null, voted=s1, raftlog=s1@group-A7200166065B-SegmentedRaftLog:OPENED:c-1,f0,i0, conf=0: [s0:0.0.0.0:33663, s1:0.0.0.0:41738, s2:0.0.0.0:43966], old=null RUNNING
  s2:  RUNNING  FOLLOWER s2@group-A7200166065B:t31, leader=null, voted=s2, raftlog=s2@group-A7200166065B-SegmentedRaftLog:OPENED:c-1,f0,i0, conf=0: [s0:0.0.0.0:33663, s1:0.0.0.0:41738, s2:0.0.0.0:43966], old=null RUNNING, sleep 450ms and then retry.
java.lang.IllegalStateException: No leader yet : printing ALL groups
  s0:  RUNNING CANDIDATE s0@group-A7200166065B:t32, leader=null, voted=s0, raftlog=s0@group-A7200166065B-SegmentedRaftLog:OPENED:c0,f0,i0, conf=0: [s0:0.0.0.0:33663, s1:0.0.0.0:41738, s2:0.0.0.0:43966], old=null RUNNING
  s1:  RUNNING  FOLLOWER s1@group-A7200166065B:t31, leader=null, voted=s1, raftlog=s1@group-A7200166065B-SegmentedRaftLog:OPENED:c-1,f0,i0, conf=0: [s0:0.0.0.0:33663, s1:0.0.0.0:41738, s2:0.0.0.0:43966], old=null RUNNING
  s2:  RUNNING  FOLLOWER s2@group-A7200166065B:t31, leader=null, voted=s2, raftlog=s2@group-A7200166065B-SegmentedRaftLog:OPENED:c-1,f0,i0, conf=0: [s0:0.0.0.0:33663, s1:0.0.0.0:41738, s2:0.0.0.0:43966], old=null RUNNING
	at org.apache.ratis.MiniRaftCluster.newIllegalStateExceptionForNoLeaders(MiniRaftCluster.java:506)
	at org.apache.ratis.RaftTestUtil.lambda$waitForLeader$1(RaftTestUtil.java:90)
	at org.apache.ratis.MiniRaftCluster.getLeader(MiniRaftCluster.java:539)
	at org.apache.ratis.MiniRaftCluster.getLeader(MiniRaftCluster.java:532)
	at org.apache.ratis.RaftTestUtil.lambda$waitForLeader$3(RaftTestUtil.java:98)
	at org.apache.ratis.util.JavaUtils.attempt(JavaUtils.java:152)
	at org.apache.ratis.RaftTestUtil.waitForLeader(RaftTestUtil.java:97)
	at org.apache.ratis.RaftTestUtil.waitForLeader(RaftTestUtil.java:77)
	at org.apache.ratis.RaftTestUtil.waitForLeader(RaftTestUtil.java:72)
	at org.apache.ratis.RaftTestUtil.lambda$changeLeader$7(RaftTestUtil.java:363)
	at org.apache.ratis.util.JavaUtils.attempt(JavaUtils.java:152)
	at org.apache.ratis.RaftTestUtil.changeLeader(RaftTestUtil.java:362)
	at org.apache.ratis.server.impl.LeaderElectionTests.testChangeLeader(LeaderElectionTests.java:81)
	at sun.reflect.NativeMethodAccessorImpl.invoke0(Native Method)
	at sun.reflect.NativeMethodAccessorImpl.invoke(NativeMethodAccessorImpl.java:62)
	at sun.reflect.DelegatingMethodAccessorImpl.invoke(DelegatingMethodAccessorImpl.java:43)
	at java.lang.reflect.Method.invoke(Method.java:498)
	at org.junit.runners.model.FrameworkMethod$1.runReflectiveCall(FrameworkMethod.java:50)
	at org.junit.internal.runners.model.ReflectiveCallable.run(ReflectiveCallable.java:12)
	at org.junit.runners.model.FrameworkMethod.invokeExplosively(FrameworkMethod.java:47)
	at org.junit.internal.runners.statements.InvokeMethod.evaluate(InvokeMethod.java:17)
	at org.junit.internal.runners.statements.RunAfters.evaluate(RunAfters.java:27)
	at org.junit.internal.runners.statements.FailOnTimeout$CallableStatement.call(FailOnTimeout.java:298)
	at org.junit.internal.runners.statements.FailOnTimeout$CallableStatement.call(FailOnTimeout.java:292)
	at java.util.concurrent.FutureTask.run(FutureTask.java:266)
	at java.lang.Thread.run(Thread.java:748)
2019-09-24 16:31:05,217 INFO  impl.LeaderElection (LeaderElection.java:askForVotes(178)) - s0@group-A7200166065B-LeaderElection131: begin an election at term 32 for 0: [s0:0.0.0.0:33663, s1:0.0.0.0:41738, s2:0.0.0.0:43966], old=null
2019-09-24 16:31:05,227 INFO  impl.FollowerState (FollowerState.java:run(108)) - s2@group-A7200166065B-FollowerState: change to CANDIDATE, lastRpcTime:215ms, electionTimeout:215ms
2019-09-24 16:31:05,228 INFO  impl.RoleInfo (RoleInfo.java:shutdownFollowerState(121)) - s2: shutdown FollowerState
2019-09-24 16:31:05,228 INFO  impl.RaftServerImpl (RaftServerImpl.java:setRole(170)) - s2@group-A7200166065B: changes role from  FOLLOWER to CANDIDATE at term 31 for changeToCandidate
2019-09-24 16:31:05,228 INFO  impl.RoleInfo (RoleInfo.java:updateAndGet(143)) - s2: start LeaderElection
2019-09-24 16:31:05,234 INFO  impl.FollowerState (FollowerState.java:run(108)) - s1@group-A7200166065B-FollowerState: change to CANDIDATE, lastRpcTime:222ms, electionTimeout:222ms
2019-09-24 16:31:05,234 INFO  impl.RoleInfo (RoleInfo.java:shutdownFollowerState(121)) - s1: shutdown FollowerState
2019-09-24 16:31:05,235 INFO  impl.RaftServerImpl (RaftServerImpl.java:setRole(170)) - s1@group-A7200166065B: changes role from  FOLLOWER to CANDIDATE at term 31 for changeToCandidate
2019-09-24 16:31:05,235 INFO  impl.RoleInfo (RoleInfo.java:updateAndGet(143)) - s1: start LeaderElection
2019-09-24 16:31:05,382 INFO  impl.LeaderElection (LeaderElection.java:logAndReturn(56)) - s0@group-A7200166065B-LeaderElection131: Election TIMEOUT; received 0 response(s) [] and 0 exception(s); s0@group-A7200166065B:t32, leader=null, voted=s0, raftlog=s0@group-A7200166065B-SegmentedRaftLog:OPENED:c0,f0,i0, conf=0: [s0:0.0.0.0:33663, s1:0.0.0.0:41738, s2:0.0.0.0:43966], old=null
2019-09-24 16:31:05,494 INFO  impl.LeaderElection (LeaderElection.java:askForVotes(178)) - s0@group-A7200166065B-LeaderElection131: begin an election at term 33 for 0: [s0:0.0.0.0:33663, s1:0.0.0.0:41738, s2:0.0.0.0:43966], old=null
2019-09-24 16:31:05,494 INFO  impl.LeaderElection (LeaderElection.java:askForVotes(178)) - s2@group-A7200166065B-LeaderElection164: begin an election at term 32 for 0: [s0:0.0.0.0:33663, s1:0.0.0.0:41738, s2:0.0.0.0:43966], old=null
2019-09-24 16:31:05,494 INFO  impl.LeaderElection (LeaderElection.java:askForVotes(178)) - s1@group-A7200166065B-LeaderElection165: begin an election at term 32 for 0: [s0:0.0.0.0:33663, s1:0.0.0.0:41738, s2:0.0.0.0:43966], old=null
2019-09-24 16:31:05,495 DEBUG impl.RaftServerImpl (RaftServerImpl.java:requestVote(743)) - s0@group-A7200166065B: receive requestVote(s1, group-A7200166065B, 32, (t:3, i:0))
2019-09-24 16:31:05,496 DEBUG impl.RaftServerImpl (RaftServerImpl.java:requestVote(743)) - s0@group-A7200166065B: receive requestVote(s2, group-A7200166065B, 32, (t:3, i:0))
2019-09-24 16:31:05,496 DEBUG impl.RaftServerImpl (RaftServerImpl.java:requestVote(743)) - s1@group-A7200166065B: receive requestVote(s2, group-A7200166065B, 32, (t:3, i:0))
2019-09-24 16:31:05,496 DEBUG impl.RaftServerImpl (RaftServerImpl.java:requestVote(743)) - s2@group-A7200166065B: receive requestVote(s1, group-A7200166065B, 32, (t:3, i:0))
2019-09-24 16:31:05,496 DEBUG impl.RaftServerImpl (RaftServerImpl.java:requestVote(775)) - s0@group-A7200166065B replies to vote request: s1<-s0#0:FAIL-t33. Peer's state: s0@group-A7200166065B:t33, leader=null, voted=s0, raftlog=s0@group-A7200166065B-SegmentedRaftLog:OPENED:c0,f0,i0, conf=0: [s0:0.0.0.0:33663, s1:0.0.0.0:41738, s2:0.0.0.0:43966], old=null
2019-09-24 16:31:05,497 DEBUG impl.RaftServerImpl (RaftServerImpl.java:requestVote(775)) - s2@group-A7200166065B replies to vote request: s1<-s2#0:FAIL-t32. Peer's state: s2@group-A7200166065B:t32, leader=null, voted=s2, raftlog=s2@group-A7200166065B-SegmentedRaftLog:OPENED:c-1,f0,i0, conf=0: [s0:0.0.0.0:33663, s1:0.0.0.0:41738, s2:0.0.0.0:43966], old=null
2019-09-24 16:31:05,496 DEBUG impl.RaftServerImpl (RaftServerImpl.java:requestVote(775)) - s1@group-A7200166065B replies to vote request: s2<-s1#0:FAIL-t32. Peer's state: s1@group-A7200166065B:t32, leader=null, voted=s1, raftlog=s1@group-A7200166065B-SegmentedRaftLog:OPENED:c-1,f0,i0, conf=0: [s0:0.0.0.0:33663, s1:0.0.0.0:41738, s2:0.0.0.0:43966], old=null
2019-09-24 16:31:05,497 INFO  impl.LeaderElection (LeaderElection.java:logAndReturn(56)) - s1@group-A7200166065B-LeaderElection165: Election DISCOVERED_A_NEW_TERM; received 1 response(s) [s1<-s0#0:FAIL-t33] and 0 exception(s); s1@group-A7200166065B:t32, leader=null, voted=s1, raftlog=s1@group-A7200166065B-SegmentedRaftLog:OPENED:c-1,f0,i0, conf=0: [s0:0.0.0.0:33663, s1:0.0.0.0:41738, s2:0.0.0.0:43966], old=null
2019-09-24 16:31:05,497 DEBUG impl.RaftServerImpl (RaftServerImpl.java:requestVote(775)) - s0@group-A7200166065B replies to vote request: s2<-s0#0:FAIL-t33. Peer's state: s0@group-A7200166065B:t33, leader=null, voted=s0, raftlog=s0@group-A7200166065B-SegmentedRaftLog:OPENED:c0,f0,i0, conf=0: [s0:0.0.0.0:33663, s1:0.0.0.0:41738, s2:0.0.0.0:43966], old=null
2019-09-24 16:31:05,498 INFO  impl.RaftServerImpl (RaftServerImpl.java:setRole(170)) - s1@group-A7200166065B: changes role from CANDIDATE to FOLLOWER at term 33 for DISCOVERED_A_NEW_TERM
2019-09-24 16:31:05,498 INFO  impl.RoleInfo (RoleInfo.java:shutdownLeaderElection(134)) - s1: shutdown LeaderElection
2019-09-24 16:31:05,498 INFO  impl.RoleInfo (RoleInfo.java:updateAndGet(143)) - s1: start FollowerState
2019-09-24 16:31:05,498 INFO  impl.LeaderElection (LeaderElection.java:logAndReturn(56)) - s2@group-A7200166065B-LeaderElection164: Election DISCOVERED_A_NEW_TERM; received 2 response(s) [s2<-s0#0:FAIL-t33, s2<-s1#0:FAIL-t32] and 0 exception(s); s2@group-A7200166065B:t32, leader=null, voted=s2, raftlog=s2@group-A7200166065B-SegmentedRaftLog:OPENED:c-1,f0,i0, conf=0: [s0:0.0.0.0:33663, s1:0.0.0.0:41738, s2:0.0.0.0:43966], old=null
2019-09-24 16:31:05,499 INFO  impl.RaftServerImpl (RaftServerImpl.java:setRole(170)) - s2@group-A7200166065B: changes role from CANDIDATE to FOLLOWER at term 33 for DISCOVERED_A_NEW_TERM
2019-09-24 16:31:05,499 INFO  impl.RoleInfo (RoleInfo.java:shutdownLeaderElection(134)) - s2: shutdown LeaderElection
2019-09-24 16:31:05,499 INFO  impl.RoleInfo (RoleInfo.java:updateAndGet(143)) - s2: start FollowerState
2019-09-24 16:31:05,660 WARN  ratis.RaftTestUtil (JavaUtils.java:attempt(158)) - FAILED "waitForLeader-null-(expectLeader? true)", attempt #60/100: java.lang.IllegalStateException: No leader yet : printing ALL groups
  s0:  RUNNING CANDIDATE s0@group-A7200166065B:t33, leader=null, voted=s0, raftlog=s0@group-A7200166065B-SegmentedRaftLog:OPENED:c0,f0,i0, conf=0: [s0:0.0.0.0:33663, s1:0.0.0.0:41738, s2:0.0.0.0:43966], old=null RUNNING
  s1:  RUNNING  FOLLOWER s1@group-A7200166065B:t33, leader=null, voted=null, raftlog=s1@group-A7200166065B-SegmentedRaftLog:OPENED:c-1,f0,i0, conf=0: [s0:0.0.0.0:33663, s1:0.0.0.0:41738, s2:0.0.0.0:43966], old=null RUNNING
  s2:  RUNNING  FOLLOWER s2@group-A7200166065B:t33, leader=null, voted=null, raftlog=s2@group-A7200166065B-SegmentedRaftLog:OPENED:c-1,f0,i0, conf=0: [s0:0.0.0.0:33663, s1:0.0.0.0:41738, s2:0.0.0.0:43966], old=null RUNNING, sleep 450ms and then retry.
java.lang.IllegalStateException: No leader yet : printing ALL groups
  s0:  RUNNING CANDIDATE s0@group-A7200166065B:t33, leader=null, voted=s0, raftlog=s0@group-A7200166065B-SegmentedRaftLog:OPENED:c0,f0,i0, conf=0: [s0:0.0.0.0:33663, s1:0.0.0.0:41738, s2:0.0.0.0:43966], old=null RUNNING
  s1:  RUNNING  FOLLOWER s1@group-A7200166065B:t33, leader=null, voted=null, raftlog=s1@group-A7200166065B-SegmentedRaftLog:OPENED:c-1,f0,i0, conf=0: [s0:0.0.0.0:33663, s1:0.0.0.0:41738, s2:0.0.0.0:43966], old=null RUNNING
  s2:  RUNNING  FOLLOWER s2@group-A7200166065B:t33, leader=null, voted=null, raftlog=s2@group-A7200166065B-SegmentedRaftLog:OPENED:c-1,f0,i0, conf=0: [s0:0.0.0.0:33663, s1:0.0.0.0:41738, s2:0.0.0.0:43966], old=null RUNNING
	at org.apache.ratis.MiniRaftCluster.newIllegalStateExceptionForNoLeaders(MiniRaftCluster.java:506)
	at org.apache.ratis.RaftTestUtil.lambda$waitForLeader$1(RaftTestUtil.java:90)
	at org.apache.ratis.MiniRaftCluster.getLeader(MiniRaftCluster.java:539)
	at org.apache.ratis.MiniRaftCluster.getLeader(MiniRaftCluster.java:532)
	at org.apache.ratis.RaftTestUtil.lambda$waitForLeader$3(RaftTestUtil.java:98)
	at org.apache.ratis.util.JavaUtils.attempt(JavaUtils.java:152)
	at org.apache.ratis.RaftTestUtil.waitForLeader(RaftTestUtil.java:97)
	at org.apache.ratis.RaftTestUtil.waitForLeader(RaftTestUtil.java:77)
	at org.apache.ratis.RaftTestUtil.waitForLeader(RaftTestUtil.java:72)
	at org.apache.ratis.RaftTestUtil.lambda$changeLeader$7(RaftTestUtil.java:363)
	at org.apache.ratis.util.JavaUtils.attempt(JavaUtils.java:152)
	at org.apache.ratis.RaftTestUtil.changeLeader(RaftTestUtil.java:362)
	at org.apache.ratis.server.impl.LeaderElectionTests.testChangeLeader(LeaderElectionTests.java:81)
	at sun.reflect.NativeMethodAccessorImpl.invoke0(Native Method)
	at sun.reflect.NativeMethodAccessorImpl.invoke(NativeMethodAccessorImpl.java:62)
	at sun.reflect.DelegatingMethodAccessorImpl.invoke(DelegatingMethodAccessorImpl.java:43)
	at java.lang.reflect.Method.invoke(Method.java:498)
	at org.junit.runners.model.FrameworkMethod$1.runReflectiveCall(FrameworkMethod.java:50)
	at org.junit.internal.runners.model.ReflectiveCallable.run(ReflectiveCallable.java:12)
	at org.junit.runners.model.FrameworkMethod.invokeExplosively(FrameworkMethod.java:47)
	at org.junit.internal.runners.statements.InvokeMethod.evaluate(InvokeMethod.java:17)
	at org.junit.internal.runners.statements.RunAfters.evaluate(RunAfters.java:27)
	at org.junit.internal.runners.statements.FailOnTimeout$CallableStatement.call(FailOnTimeout.java:298)
	at org.junit.internal.runners.statements.FailOnTimeout$CallableStatement.call(FailOnTimeout.java:292)
	at java.util.concurrent.FutureTask.run(FutureTask.java:266)
	at java.lang.Thread.run(Thread.java:748)
2019-09-24 16:31:05,673 INFO  impl.FollowerState (FollowerState.java:run(108)) - s1@group-A7200166065B-FollowerState: change to CANDIDATE, lastRpcTime:174ms, electionTimeout:174ms
2019-09-24 16:31:05,673 INFO  impl.RoleInfo (RoleInfo.java:shutdownFollowerState(121)) - s1: shutdown FollowerState
2019-09-24 16:31:05,674 INFO  impl.RaftServerImpl (RaftServerImpl.java:setRole(170)) - s1@group-A7200166065B: changes role from  FOLLOWER to CANDIDATE at term 33 for changeToCandidate
2019-09-24 16:31:05,674 INFO  impl.RoleInfo (RoleInfo.java:updateAndGet(143)) - s1: start LeaderElection
2019-09-24 16:31:05,712 INFO  impl.LeaderElection (LeaderElection.java:logAndReturn(56)) - s0@group-A7200166065B-LeaderElection131: Election TIMEOUT; received 0 response(s) [] and 0 exception(s); s0@group-A7200166065B:t33, leader=null, voted=s0, raftlog=s0@group-A7200166065B-SegmentedRaftLog:OPENED:c0,f0,i0, conf=0: [s0:0.0.0.0:33663, s1:0.0.0.0:41738, s2:0.0.0.0:43966], old=null
2019-09-24 16:31:05,715 INFO  impl.FollowerState (FollowerState.java:run(108)) - s2@group-A7200166065B-FollowerState: change to CANDIDATE, lastRpcTime:215ms, electionTimeout:215ms
2019-09-24 16:31:05,715 INFO  impl.RoleInfo (RoleInfo.java:shutdownFollowerState(121)) - s2: shutdown FollowerState
2019-09-24 16:31:05,715 INFO  impl.RaftServerImpl (RaftServerImpl.java:setRole(170)) - s2@group-A7200166065B: changes role from  FOLLOWER to CANDIDATE at term 33 for changeToCandidate
2019-09-24 16:31:05,715 INFO  impl.RoleInfo (RoleInfo.java:updateAndGet(143)) - s2: start LeaderElection
2019-09-24 16:31:05,909 INFO  impl.LeaderElection (LeaderElection.java:askForVotes(178)) - s2@group-A7200166065B-LeaderElection167: begin an election at term 34 for 0: [s0:0.0.0.0:33663, s1:0.0.0.0:41738, s2:0.0.0.0:43966], old=null
2019-09-24 16:31:05,909 INFO  impl.LeaderElection (LeaderElection.java:askForVotes(178)) - s0@group-A7200166065B-LeaderElection131: begin an election at term 34 for 0: [s0:0.0.0.0:33663, s1:0.0.0.0:41738, s2:0.0.0.0:43966], old=null
2019-09-24 16:31:05,909 INFO  impl.LeaderElection (LeaderElection.java:askForVotes(178)) - s1@group-A7200166065B-LeaderElection166: begin an election at term 34 for 0: [s0:0.0.0.0:33663, s1:0.0.0.0:41738, s2:0.0.0.0:43966], old=null
2019-09-24 16:31:05,910 DEBUG impl.RaftServerImpl (RaftServerImpl.java:requestVote(743)) - s0@group-A7200166065B: receive requestVote(s2, group-A7200166065B, 34, (t:3, i:0))
2019-09-24 16:31:05,911 DEBUG impl.RaftServerImpl (RaftServerImpl.java:requestVote(743)) - s1@group-A7200166065B: receive requestVote(s2, group-A7200166065B, 34, (t:3, i:0))
2019-09-24 16:31:05,911 DEBUG impl.RaftServerImpl (RaftServerImpl.java:requestVote(743)) - s2@group-A7200166065B: receive requestVote(s1, group-A7200166065B, 34, (t:3, i:0))
2019-09-24 16:31:05,911 DEBUG impl.RaftServerImpl (RaftServerImpl.java:requestVote(743)) - s0@group-A7200166065B: receive requestVote(s1, group-A7200166065B, 34, (t:3, i:0))
2019-09-24 16:31:05,911 DEBUG impl.RaftServerImpl (RaftServerImpl.java:requestVote(775)) - s0@group-A7200166065B replies to vote request: s2<-s0#0:FAIL-t34. Peer's state: s0@group-A7200166065B:t34, leader=null, voted=s0, raftlog=s0@group-A7200166065B-SegmentedRaftLog:OPENED:c0,f0,i0, conf=0: [s0:0.0.0.0:33663, s1:0.0.0.0:41738, s2:0.0.0.0:43966], old=null
2019-09-24 16:31:05,912 DEBUG impl.RaftServerImpl (RaftServerImpl.java:requestVote(775)) - s2@group-A7200166065B replies to vote request: s1<-s2#0:FAIL-t34. Peer's state: s2@group-A7200166065B:t34, leader=null, voted=s2, raftlog=s2@group-A7200166065B-SegmentedRaftLog:OPENED:c-1,f0,i0, conf=0: [s0:0.0.0.0:33663, s1:0.0.0.0:41738, s2:0.0.0.0:43966], old=null
2019-09-24 16:31:05,911 DEBUG impl.RaftServerImpl (RaftServerImpl.java:requestVote(775)) - s1@group-A7200166065B replies to vote request: s2<-s1#0:FAIL-t34. Peer's state: s1@group-A7200166065B:t34, leader=null, voted=s1, raftlog=s1@group-A7200166065B-SegmentedRaftLog:OPENED:c-1,f0,i0, conf=0: [s0:0.0.0.0:33663, s1:0.0.0.0:41738, s2:0.0.0.0:43966], old=null
2019-09-24 16:31:05,912 DEBUG impl.RaftServerImpl (RaftServerImpl.java:requestVote(775)) - s0@group-A7200166065B replies to vote request: s1<-s0#0:FAIL-t34. Peer's state: s0@group-A7200166065B:t34, leader=null, voted=s0, raftlog=s0@group-A7200166065B-SegmentedRaftLog:OPENED:c0,f0,i0, conf=0: [s0:0.0.0.0:33663, s1:0.0.0.0:41738, s2:0.0.0.0:43966], old=null
2019-09-24 16:31:05,913 INFO  impl.LeaderElection (LeaderElection.java:logAndReturn(56)) - s2@group-A7200166065B-LeaderElection167: Election REJECTED; received 2 response(s) [s2<-s0#0:FAIL-t34, s2<-s1#0:FAIL-t34] and 0 exception(s); s2@group-A7200166065B:t34, leader=null, voted=s2, raftlog=s2@group-A7200166065B-SegmentedRaftLog:OPENED:c-1,f0,i0, conf=0: [s0:0.0.0.0:33663, s1:0.0.0.0:41738, s2:0.0.0.0:43966], old=null
2019-09-24 16:31:05,913 INFO  impl.RaftServerImpl (RaftServerImpl.java:setRole(170)) - s2@group-A7200166065B: changes role from CANDIDATE to FOLLOWER at term 34 for DISCOVERED_A_NEW_TERM
2019-09-24 16:31:05,913 INFO  impl.LeaderElection (LeaderElection.java:logAndReturn(56)) - s1@group-A7200166065B-LeaderElection166: Election REJECTED; received 2 response(s) [s1<-s0#0:FAIL-t34, s1<-s2#0:FAIL-t34] and 0 exception(s); s1@group-A7200166065B:t34, leader=null, voted=s1, raftlog=s1@group-A7200166065B-SegmentedRaftLog:OPENED:c-1,f0,i0, conf=0: [s0:0.0.0.0:33663, s1:0.0.0.0:41738, s2:0.0.0.0:43966], old=null
2019-09-24 16:31:05,914 INFO  impl.RoleInfo (RoleInfo.java:shutdownLeaderElection(134)) - s2: shutdown LeaderElection
2019-09-24 16:31:05,914 INFO  impl.RaftServerImpl (RaftServerImpl.java:setRole(170)) - s1@group-A7200166065B: changes role from CANDIDATE to FOLLOWER at term 34 for DISCOVERED_A_NEW_TERM
2019-09-24 16:31:05,914 INFO  impl.RoleInfo (RoleInfo.java:updateAndGet(143)) - s2: start FollowerState
2019-09-24 16:31:05,914 INFO  impl.RoleInfo (RoleInfo.java:shutdownLeaderElection(134)) - s1: shutdown LeaderElection
2019-09-24 16:31:05,914 INFO  impl.RoleInfo (RoleInfo.java:updateAndGet(143)) - s1: start FollowerState
2019-09-24 16:31:06,072 INFO  impl.FollowerState (FollowerState.java:run(108)) - s2@group-A7200166065B-FollowerState: change to CANDIDATE, lastRpcTime:157ms, electionTimeout:157ms
2019-09-24 16:31:06,072 INFO  impl.RoleInfo (RoleInfo.java:shutdownFollowerState(121)) - s2: shutdown FollowerState
2019-09-24 16:31:06,072 INFO  impl.RaftServerImpl (RaftServerImpl.java:setRole(170)) - s2@group-A7200166065B: changes role from  FOLLOWER to CANDIDATE at term 34 for changeToCandidate
2019-09-24 16:31:06,072 INFO  impl.RoleInfo (RoleInfo.java:updateAndGet(143)) - s2: start LeaderElection
2019-09-24 16:31:06,111 WARN  ratis.RaftTestUtil (JavaUtils.java:attempt(158)) - FAILED "waitForLeader-null-(expectLeader? true)", attempt #61/100: java.lang.IllegalStateException: No leader yet : printing ALL groups
  s0:  RUNNING CANDIDATE s0@group-A7200166065B:t34, leader=null, voted=s0, raftlog=s0@group-A7200166065B-SegmentedRaftLog:OPENED:c0,f0,i0, conf=0: [s0:0.0.0.0:33663, s1:0.0.0.0:41738, s2:0.0.0.0:43966], old=null RUNNING
  s1:  RUNNING  FOLLOWER s1@group-A7200166065B:t34, leader=null, voted=s1, raftlog=s1@group-A7200166065B-SegmentedRaftLog:OPENED:c-1,f0,i0, conf=0: [s0:0.0.0.0:33663, s1:0.0.0.0:41738, s2:0.0.0.0:43966], old=null RUNNING
  s2:  RUNNING CANDIDATE s2@group-A7200166065B:t35, leader=null, voted=s2, raftlog=s2@group-A7200166065B-SegmentedRaftLog:OPENED:c-1,f0,i0, conf=0: [s0:0.0.0.0:33663, s1:0.0.0.0:41738, s2:0.0.0.0:43966], old=null RUNNING, sleep 450ms and then retry.
java.lang.IllegalStateException: No leader yet : printing ALL groups
  s0:  RUNNING CANDIDATE s0@group-A7200166065B:t34, leader=null, voted=s0, raftlog=s0@group-A7200166065B-SegmentedRaftLog:OPENED:c0,f0,i0, conf=0: [s0:0.0.0.0:33663, s1:0.0.0.0:41738, s2:0.0.0.0:43966], old=null RUNNING
  s1:  RUNNING  FOLLOWER s1@group-A7200166065B:t34, leader=null, voted=s1, raftlog=s1@group-A7200166065B-SegmentedRaftLog:OPENED:c-1,f0,i0, conf=0: [s0:0.0.0.0:33663, s1:0.0.0.0:41738, s2:0.0.0.0:43966], old=null RUNNING
  s2:  RUNNING CANDIDATE s2@group-A7200166065B:t35, leader=null, voted=s2, raftlog=s2@group-A7200166065B-SegmentedRaftLog:OPENED:c-1,f0,i0, conf=0: [s0:0.0.0.0:33663, s1:0.0.0.0:41738, s2:0.0.0.0:43966], old=null RUNNING
	at org.apache.ratis.MiniRaftCluster.newIllegalStateExceptionForNoLeaders(MiniRaftCluster.java:506)
	at org.apache.ratis.RaftTestUtil.lambda$waitForLeader$1(RaftTestUtil.java:90)
	at org.apache.ratis.MiniRaftCluster.getLeader(MiniRaftCluster.java:539)
	at org.apache.ratis.MiniRaftCluster.getLeader(MiniRaftCluster.java:532)
	at org.apache.ratis.RaftTestUtil.lambda$waitForLeader$3(RaftTestUtil.java:98)
	at org.apache.ratis.util.JavaUtils.attempt(JavaUtils.java:152)
	at org.apache.ratis.RaftTestUtil.waitForLeader(RaftTestUtil.java:97)
	at org.apache.ratis.RaftTestUtil.waitForLeader(RaftTestUtil.java:77)
	at org.apache.ratis.RaftTestUtil.waitForLeader(RaftTestUtil.java:72)
	at org.apache.ratis.RaftTestUtil.lambda$changeLeader$7(RaftTestUtil.java:363)
	at org.apache.ratis.util.JavaUtils.attempt(JavaUtils.java:152)
	at org.apache.ratis.RaftTestUtil.changeLeader(RaftTestUtil.java:362)
	at org.apache.ratis.server.impl.LeaderElectionTests.testChangeLeader(LeaderElectionTests.java:81)
	at sun.reflect.NativeMethodAccessorImpl.invoke0(Native Method)
	at sun.reflect.NativeMethodAccessorImpl.invoke(NativeMethodAccessorImpl.java:62)
	at sun.reflect.DelegatingMethodAccessorImpl.invoke(DelegatingMethodAccessorImpl.java:43)
	at java.lang.reflect.Method.invoke(Method.java:498)
	at org.junit.runners.model.FrameworkMethod$1.runReflectiveCall(FrameworkMethod.java:50)
	at org.junit.internal.runners.model.ReflectiveCallable.run(ReflectiveCallable.java:12)
	at org.junit.runners.model.FrameworkMethod.invokeExplosively(FrameworkMethod.java:47)
	at org.junit.internal.runners.statements.InvokeMethod.evaluate(InvokeMethod.java:17)
	at org.junit.internal.runners.statements.RunAfters.evaluate(RunAfters.java:27)
	at org.junit.internal.runners.statements.FailOnTimeout$CallableStatement.call(FailOnTimeout.java:298)
	at org.junit.internal.runners.statements.FailOnTimeout$CallableStatement.call(FailOnTimeout.java:292)
	at java.util.concurrent.FutureTask.run(FutureTask.java:266)
	at java.lang.Thread.run(Thread.java:748)
2019-09-24 16:31:06,180 INFO  impl.LeaderElection (LeaderElection.java:logAndReturn(56)) - s0@group-A7200166065B-LeaderElection131: Election TIMEOUT; received 0 response(s) [] and 0 exception(s); s0@group-A7200166065B:t34, leader=null, voted=s0, raftlog=s0@group-A7200166065B-SegmentedRaftLog:OPENED:c0,f0,i0, conf=0: [s0:0.0.0.0:33663, s1:0.0.0.0:41738, s2:0.0.0.0:43966], old=null
2019-09-24 16:31:06,183 INFO  impl.FollowerState (FollowerState.java:run(108)) - s1@group-A7200166065B-FollowerState: change to CANDIDATE, lastRpcTime:268ms, electionTimeout:268ms
2019-09-24 16:31:06,183 INFO  impl.RoleInfo (RoleInfo.java:shutdownFollowerState(121)) - s1: shutdown FollowerState
2019-09-24 16:31:06,183 INFO  impl.RaftServerImpl (RaftServerImpl.java:setRole(170)) - s1@group-A7200166065B: changes role from  FOLLOWER to CANDIDATE at term 34 for changeToCandidate
2019-09-24 16:31:06,184 INFO  impl.RoleInfo (RoleInfo.java:updateAndGet(143)) - s1: start LeaderElection
2019-09-24 16:31:06,562 WARN  ratis.RaftTestUtil (JavaUtils.java:attempt(158)) - FAILED "waitForLeader-null-(expectLeader? true)", attempt #62/100: java.lang.IllegalStateException: No leader yet : printing ALL groups
  s0:  RUNNING CANDIDATE s0@group-A7200166065B:t35, leader=null, voted=s0, raftlog=s0@group-A7200166065B-SegmentedRaftLog:OPENED:c0,f0,i0, conf=0: [s0:0.0.0.0:33663, s1:0.0.0.0:41738, s2:0.0.0.0:43966], old=null RUNNING
  s1:  RUNNING CANDIDATE s1@group-A7200166065B:t35, leader=null, voted=s1, raftlog=s1@group-A7200166065B-SegmentedRaftLog:OPENED:c-1,f0,i0, conf=0: [s0:0.0.0.0:33663, s1:0.0.0.0:41738, s2:0.0.0.0:43966], old=null RUNNING
  s2:  RUNNING CANDIDATE s2@group-A7200166065B:t35, leader=null, voted=s2, raftlog=s2@group-A7200166065B-SegmentedRaftLog:OPENED:c-1,f0,i0, conf=0: [s0:0.0.0.0:33663, s1:0.0.0.0:41738, s2:0.0.0.0:43966], old=null RUNNING, sleep 450ms and then retry.
java.lang.IllegalStateException: No leader yet : printing ALL groups
  s0:  RUNNING CANDIDATE s0@group-A7200166065B:t35, leader=null, voted=s0, raftlog=s0@group-A7200166065B-SegmentedRaftLog:OPENED:c0,f0,i0, conf=0: [s0:0.0.0.0:33663, s1:0.0.0.0:41738, s2:0.0.0.0:43966], old=null RUNNING
  s1:  RUNNING CANDIDATE s1@group-A7200166065B:t35, leader=null, voted=s1, raftlog=s1@group-A7200166065B-SegmentedRaftLog:OPENED:c-1,f0,i0, conf=0: [s0:0.0.0.0:33663, s1:0.0.0.0:41738, s2:0.0.0.0:43966], old=null RUNNING
  s2:  RUNNING CANDIDATE s2@group-A7200166065B:t35, leader=null, voted=s2, raftlog=s2@group-A7200166065B-SegmentedRaftLog:OPENED:c-1,f0,i0, conf=0: [s0:0.0.0.0:33663, s1:0.0.0.0:41738, s2:0.0.0.0:43966], old=null RUNNING
	at org.apache.ratis.MiniRaftCluster.newIllegalStateExceptionForNoLeaders(MiniRaftCluster.java:506)
	at org.apache.ratis.RaftTestUtil.lambda$waitForLeader$1(RaftTestUtil.java:90)
	at org.apache.ratis.MiniRaftCluster.getLeader(MiniRaftCluster.java:539)
	at org.apache.ratis.MiniRaftCluster.getLeader(MiniRaftCluster.java:532)
	at org.apache.ratis.RaftTestUtil.lambda$waitForLeader$3(RaftTestUtil.java:98)
	at org.apache.ratis.util.JavaUtils.attempt(JavaUtils.java:152)
	at org.apache.ratis.RaftTestUtil.waitForLeader(RaftTestUtil.java:97)
	at org.apache.ratis.RaftTestUtil.waitForLeader(RaftTestUtil.java:77)
	at org.apache.ratis.RaftTestUtil.waitForLeader(RaftTestUtil.java:72)
	at org.apache.ratis.RaftTestUtil.lambda$changeLeader$7(RaftTestUtil.java:363)
	at org.apache.ratis.util.JavaUtils.attempt(JavaUtils.java:152)
	at org.apache.ratis.RaftTestUtil.changeLeader(RaftTestUtil.java:362)
	at org.apache.ratis.server.impl.LeaderElectionTests.testChangeLeader(LeaderElectionTests.java:81)
	at sun.reflect.NativeMethodAccessorImpl.invoke0(Native Method)
	at sun.reflect.NativeMethodAccessorImpl.invoke(NativeMethodAccessorImpl.java:62)
	at sun.reflect.DelegatingMethodAccessorImpl.invoke(DelegatingMethodAccessorImpl.java:43)
	at java.lang.reflect.Method.invoke(Method.java:498)
	at org.junit.runners.model.FrameworkMethod$1.runReflectiveCall(FrameworkMethod.java:50)
	at org.junit.internal.runners.model.ReflectiveCallable.run(ReflectiveCallable.java:12)
	at org.junit.runners.model.FrameworkMethod.invokeExplosively(FrameworkMethod.java:47)
	at org.junit.internal.runners.statements.InvokeMethod.evaluate(InvokeMethod.java:17)
	at org.junit.internal.runners.statements.RunAfters.evaluate(RunAfters.java:27)
	at org.junit.internal.runners.statements.FailOnTimeout$CallableStatement.call(FailOnTimeout.java:298)
	at org.junit.internal.runners.statements.FailOnTimeout$CallableStatement.call(FailOnTimeout.java:292)
	at java.util.concurrent.FutureTask.run(FutureTask.java:266)
	at java.lang.Thread.run(Thread.java:748)
2019-09-24 16:31:07,014 WARN  ratis.RaftTestUtil (JavaUtils.java:attempt(158)) - FAILED "waitForLeader-null-(expectLeader? true)", attempt #63/100: java.lang.IllegalStateException: No leader yet : printing ALL groups
  s0:  RUNNING CANDIDATE s0@group-A7200166065B:t35, leader=null, voted=s0, raftlog=s0@group-A7200166065B-SegmentedRaftLog:OPENED:c0,f0,i0, conf=0: [s0:0.0.0.0:33663, s1:0.0.0.0:41738, s2:0.0.0.0:43966], old=null RUNNING
  s1:  RUNNING CANDIDATE s1@group-A7200166065B:t35, leader=null, voted=s1, raftlog=s1@group-A7200166065B-SegmentedRaftLog:OPENED:c-1,f0,i0, conf=0: [s0:0.0.0.0:33663, s1:0.0.0.0:41738, s2:0.0.0.0:43966], old=null RUNNING
  s2:  RUNNING CANDIDATE s2@group-A7200166065B:t35, leader=null, voted=s2, raftlog=s2@group-A7200166065B-SegmentedRaftLog:OPENED:c-1,f0,i0, conf=0: [s0:0.0.0.0:33663, s1:0.0.0.0:41738, s2:0.0.0.0:43966], old=null RUNNING, sleep 450ms and then retry.
java.lang.IllegalStateException: No leader yet : printing ALL groups
  s0:  RUNNING CANDIDATE s0@group-A7200166065B:t35, leader=null, voted=s0, raftlog=s0@group-A7200166065B-SegmentedRaftLog:OPENED:c0,f0,i0, conf=0: [s0:0.0.0.0:33663, s1:0.0.0.0:41738, s2:0.0.0.0:43966], old=null RUNNING
  s1:  RUNNING CANDIDATE s1@group-A7200166065B:t35, leader=null, voted=s1, raftlog=s1@group-A7200166065B-SegmentedRaftLog:OPENED:c-1,f0,i0, conf=0: [s0:0.0.0.0:33663, s1:0.0.0.0:41738, s2:0.0.0.0:43966], old=null RUNNING
  s2:  RUNNING CANDIDATE s2@group-A7200166065B:t35, leader=null, voted=s2, raftlog=s2@group-A7200166065B-SegmentedRaftLog:OPENED:c-1,f0,i0, conf=0: [s0:0.0.0.0:33663, s1:0.0.0.0:41738, s2:0.0.0.0:43966], old=null RUNNING
	at org.apache.ratis.MiniRaftCluster.newIllegalStateExceptionForNoLeaders(MiniRaftCluster.java:506)
	at org.apache.ratis.RaftTestUtil.lambda$waitForLeader$1(RaftTestUtil.java:90)
	at org.apache.ratis.MiniRaftCluster.getLeader(MiniRaftCluster.java:539)
	at org.apache.ratis.MiniRaftCluster.getLeader(MiniRaftCluster.java:532)
	at org.apache.ratis.RaftTestUtil.lambda$waitForLeader$3(RaftTestUtil.java:98)
	at org.apache.ratis.util.JavaUtils.attempt(JavaUtils.java:152)
	at org.apache.ratis.RaftTestUtil.waitForLeader(RaftTestUtil.java:97)
	at org.apache.ratis.RaftTestUtil.waitForLeader(RaftTestUtil.java:77)
	at org.apache.ratis.RaftTestUtil.waitForLeader(RaftTestUtil.java:72)
	at org.apache.ratis.RaftTestUtil.lambda$changeLeader$7(RaftTestUtil.java:363)
	at org.apache.ratis.util.JavaUtils.attempt(JavaUtils.java:152)
	at org.apache.ratis.RaftTestUtil.changeLeader(RaftTestUtil.java:362)
	at org.apache.ratis.server.impl.LeaderElectionTests.testChangeLeader(LeaderElectionTests.java:81)
	at sun.reflect.NativeMethodAccessorImpl.invoke0(Native Method)
	at sun.reflect.NativeMethodAccessorImpl.invoke(NativeMethodAccessorImpl.java:62)
	at sun.reflect.DelegatingMethodAccessorImpl.invoke(DelegatingMethodAccessorImpl.java:43)
	at java.lang.reflect.Method.invoke(Method.java:498)
	at org.junit.runners.model.FrameworkMethod$1.runReflectiveCall(FrameworkMethod.java:50)
	at org.junit.internal.runners.model.ReflectiveCallable.run(ReflectiveCallable.java:12)
	at org.junit.runners.model.FrameworkMethod.invokeExplosively(FrameworkMethod.java:47)
	at org.junit.internal.runners.statements.InvokeMethod.evaluate(InvokeMethod.java:17)
	at org.junit.internal.runners.statements.RunAfters.evaluate(RunAfters.java:27)
	at org.junit.internal.runners.statements.FailOnTimeout$CallableStatement.call(FailOnTimeout.java:298)
	at org.junit.internal.runners.statements.FailOnTimeout$CallableStatement.call(FailOnTimeout.java:292)
	at java.util.concurrent.FutureTask.run(FutureTask.java:266)
	at java.lang.Thread.run(Thread.java:748)
2019-09-24 16:31:07,465 WARN  ratis.RaftTestUtil (JavaUtils.java:attempt(158)) - FAILED "waitForLeader-null-(expectLeader? true)", attempt #64/100: java.lang.IllegalStateException: No leader yet : printing ALL groups
  s0:  RUNNING CANDIDATE s0@group-A7200166065B:t35, leader=null, voted=s0, raftlog=s0@group-A7200166065B-SegmentedRaftLog:OPENED:c0,f0,i0, conf=0: [s0:0.0.0.0:33663, s1:0.0.0.0:41738, s2:0.0.0.0:43966], old=null RUNNING
  s1:  RUNNING CANDIDATE s1@group-A7200166065B:t35, leader=null, voted=s1, raftlog=s1@group-A7200166065B-SegmentedRaftLog:OPENED:c-1,f0,i0, conf=0: [s0:0.0.0.0:33663, s1:0.0.0.0:41738, s2:0.0.0.0:43966], old=null RUNNING
  s2:  RUNNING CANDIDATE s2@group-A7200166065B:t35, leader=null, voted=s2, raftlog=s2@group-A7200166065B-SegmentedRaftLog:OPENED:c-1,f0,i0, conf=0: [s0:0.0.0.0:33663, s1:0.0.0.0:41738, s2:0.0.0.0:43966], old=null RUNNING, sleep 450ms and then retry.
java.lang.IllegalStateException: No leader yet : printing ALL groups
  s0:  RUNNING CANDIDATE s0@group-A7200166065B:t35, leader=null, voted=s0, raftlog=s0@group-A7200166065B-SegmentedRaftLog:OPENED:c0,f0,i0, conf=0: [s0:0.0.0.0:33663, s1:0.0.0.0:41738, s2:0.0.0.0:43966], old=null RUNNING
  s1:  RUNNING CANDIDATE s1@group-A7200166065B:t35, leader=null, voted=s1, raftlog=s1@group-A7200166065B-SegmentedRaftLog:OPENED:c-1,f0,i0, conf=0: [s0:0.0.0.0:33663, s1:0.0.0.0:41738, s2:0.0.0.0:43966], old=null RUNNING
  s2:  RUNNING CANDIDATE s2@group-A7200166065B:t35, leader=null, voted=s2, raftlog=s2@group-A7200166065B-SegmentedRaftLog:OPENED:c-1,f0,i0, conf=0: [s0:0.0.0.0:33663, s1:0.0.0.0:41738, s2:0.0.0.0:43966], old=null RUNNING
	at org.apache.ratis.MiniRaftCluster.newIllegalStateExceptionForNoLeaders(MiniRaftCluster.java:506)
	at org.apache.ratis.RaftTestUtil.lambda$waitForLeader$1(RaftTestUtil.java:90)
	at org.apache.ratis.MiniRaftCluster.getLeader(MiniRaftCluster.java:539)
	at org.apache.ratis.MiniRaftCluster.getLeader(MiniRaftCluster.java:532)
	at org.apache.ratis.RaftTestUtil.lambda$waitForLeader$3(RaftTestUtil.java:98)
	at org.apache.ratis.util.JavaUtils.attempt(JavaUtils.java:152)
	at org.apache.ratis.RaftTestUtil.waitForLeader(RaftTestUtil.java:97)
	at org.apache.ratis.RaftTestUtil.waitForLeader(RaftTestUtil.java:77)
	at org.apache.ratis.RaftTestUtil.waitForLeader(RaftTestUtil.java:72)
	at org.apache.ratis.RaftTestUtil.lambda$changeLeader$7(RaftTestUtil.java:363)
	at org.apache.ratis.util.JavaUtils.attempt(JavaUtils.java:152)
	at org.apache.ratis.RaftTestUtil.changeLeader(RaftTestUtil.java:362)
	at org.apache.ratis.server.impl.LeaderElectionTests.testChangeLeader(LeaderElectionTests.java:81)
	at sun.reflect.NativeMethodAccessorImpl.invoke0(Native Method)
	at sun.reflect.NativeMethodAccessorImpl.invoke(NativeMethodAccessorImpl.java:62)
	at sun.reflect.DelegatingMethodAccessorImpl.invoke(DelegatingMethodAccessorImpl.java:43)
	at java.lang.reflect.Method.invoke(Method.java:498)
	at org.junit.runners.model.FrameworkMethod$1.runReflectiveCall(FrameworkMethod.java:50)
	at org.junit.internal.runners.model.ReflectiveCallable.run(ReflectiveCallable.java:12)
	at org.junit.runners.model.FrameworkMethod.invokeExplosively(FrameworkMethod.java:47)
	at org.junit.internal.runners.statements.InvokeMethod.evaluate(InvokeMethod.java:17)
	at org.junit.internal.runners.statements.RunAfters.evaluate(RunAfters.java:27)
	at org.junit.internal.runners.statements.FailOnTimeout$CallableStatement.call(FailOnTimeout.java:298)
	at org.junit.internal.runners.statements.FailOnTimeout$CallableStatement.call(FailOnTimeout.java:292)
	at java.util.concurrent.FutureTask.run(FutureTask.java:266)
	at java.lang.Thread.run(Thread.java:748)
2019-09-24 16:31:07,916 WARN  ratis.RaftTestUtil (JavaUtils.java:attempt(158)) - FAILED "waitForLeader-null-(expectLeader? true)", attempt #65/100: java.lang.IllegalStateException: No leader yet : printing ALL groups
  s0:  RUNNING CANDIDATE s0@group-A7200166065B:t35, leader=null, voted=s0, raftlog=s0@group-A7200166065B-SegmentedRaftLog:OPENED:c0,f0,i0, conf=0: [s0:0.0.0.0:33663, s1:0.0.0.0:41738, s2:0.0.0.0:43966], old=null RUNNING
  s1:  RUNNING CANDIDATE s1@group-A7200166065B:t35, leader=null, voted=s1, raftlog=s1@group-A7200166065B-SegmentedRaftLog:OPENED:c-1,f0,i0, conf=0: [s0:0.0.0.0:33663, s1:0.0.0.0:41738, s2:0.0.0.0:43966], old=null RUNNING
  s2:  RUNNING CANDIDATE s2@group-A7200166065B:t35, leader=null, voted=s2, raftlog=s2@group-A7200166065B-SegmentedRaftLog:OPENED:c-1,f0,i0, conf=0: [s0:0.0.0.0:33663, s1:0.0.0.0:41738, s2:0.0.0.0:43966], old=null RUNNING, sleep 450ms and then retry.
java.lang.IllegalStateException: No leader yet : printing ALL groups
  s0:  RUNNING CANDIDATE s0@group-A7200166065B:t35, leader=null, voted=s0, raftlog=s0@group-A7200166065B-SegmentedRaftLog:OPENED:c0,f0,i0, conf=0: [s0:0.0.0.0:33663, s1:0.0.0.0:41738, s2:0.0.0.0:43966], old=null RUNNING
  s1:  RUNNING CANDIDATE s1@group-A7200166065B:t35, leader=null, voted=s1, raftlog=s1@group-A7200166065B-SegmentedRaftLog:OPENED:c-1,f0,i0, conf=0: [s0:0.0.0.0:33663, s1:0.0.0.0:41738, s2:0.0.0.0:43966], old=null RUNNING
  s2:  RUNNING CANDIDATE s2@group-A7200166065B:t35, leader=null, voted=s2, raftlog=s2@group-A7200166065B-SegmentedRaftLog:OPENED:c-1,f0,i0, conf=0: [s0:0.0.0.0:33663, s1:0.0.0.0:41738, s2:0.0.0.0:43966], old=null RUNNING
	at org.apache.ratis.MiniRaftCluster.newIllegalStateExceptionForNoLeaders(MiniRaftCluster.java:506)
	at org.apache.ratis.RaftTestUtil.lambda$waitForLeader$1(RaftTestUtil.java:90)
	at org.apache.ratis.MiniRaftCluster.getLeader(MiniRaftCluster.java:539)
	at org.apache.ratis.MiniRaftCluster.getLeader(MiniRaftCluster.java:532)
	at org.apache.ratis.RaftTestUtil.lambda$waitForLeader$3(RaftTestUtil.java:98)
	at org.apache.ratis.util.JavaUtils.attempt(JavaUtils.java:152)
	at org.apache.ratis.RaftTestUtil.waitForLeader(RaftTestUtil.java:97)
	at org.apache.ratis.RaftTestUtil.waitForLeader(RaftTestUtil.java:77)
	at org.apache.ratis.RaftTestUtil.waitForLeader(RaftTestUtil.java:72)
	at org.apache.ratis.RaftTestUtil.lambda$changeLeader$7(RaftTestUtil.java:363)
	at org.apache.ratis.util.JavaUtils.attempt(JavaUtils.java:152)
	at org.apache.ratis.RaftTestUtil.changeLeader(RaftTestUtil.java:362)
	at org.apache.ratis.server.impl.LeaderElectionTests.testChangeLeader(LeaderElectionTests.java:81)
	at sun.reflect.NativeMethodAccessorImpl.invoke0(Native Method)
	at sun.reflect.NativeMethodAccessorImpl.invoke(NativeMethodAccessorImpl.java:62)
	at sun.reflect.DelegatingMethodAccessorImpl.invoke(DelegatingMethodAccessorImpl.java:43)
	at java.lang.reflect.Method.invoke(Method.java:498)
	at org.junit.runners.model.FrameworkMethod$1.runReflectiveCall(FrameworkMethod.java:50)
	at org.junit.internal.runners.model.ReflectiveCallable.run(ReflectiveCallable.java:12)
	at org.junit.runners.model.FrameworkMethod.invokeExplosively(FrameworkMethod.java:47)
	at org.junit.internal.runners.statements.InvokeMethod.evaluate(InvokeMethod.java:17)
	at org.junit.internal.runners.statements.RunAfters.evaluate(RunAfters.java:27)
	at org.junit.internal.runners.statements.FailOnTimeout$CallableStatement.call(FailOnTimeout.java:298)
	at org.junit.internal.runners.statements.FailOnTimeout$CallableStatement.call(FailOnTimeout.java:292)
	at java.util.concurrent.FutureTask.run(FutureTask.java:266)
	at java.lang.Thread.run(Thread.java:748)
2019-09-24 16:31:08,367 WARN  ratis.RaftTestUtil (JavaUtils.java:attempt(158)) - FAILED "waitForLeader-null-(expectLeader? true)", attempt #66/100: java.lang.IllegalStateException: No leader yet : printing ALL groups
  s0:  RUNNING CANDIDATE s0@group-A7200166065B:t35, leader=null, voted=s0, raftlog=s0@group-A7200166065B-SegmentedRaftLog:OPENED:c0,f0,i0, conf=0: [s0:0.0.0.0:33663, s1:0.0.0.0:41738, s2:0.0.0.0:43966], old=null RUNNING
  s1:  RUNNING CANDIDATE s1@group-A7200166065B:t35, leader=null, voted=s1, raftlog=s1@group-A7200166065B-SegmentedRaftLog:OPENED:c-1,f0,i0, conf=0: [s0:0.0.0.0:33663, s1:0.0.0.0:41738, s2:0.0.0.0:43966], old=null RUNNING
  s2:  RUNNING CANDIDATE s2@group-A7200166065B:t35, leader=null, voted=s2, raftlog=s2@group-A7200166065B-SegmentedRaftLog:OPENED:c-1,f0,i0, conf=0: [s0:0.0.0.0:33663, s1:0.0.0.0:41738, s2:0.0.0.0:43966], old=null RUNNING, sleep 450ms and then retry.
java.lang.IllegalStateException: No leader yet : printing ALL groups
  s0:  RUNNING CANDIDATE s0@group-A7200166065B:t35, leader=null, voted=s0, raftlog=s0@group-A7200166065B-SegmentedRaftLog:OPENED:c0,f0,i0, conf=0: [s0:0.0.0.0:33663, s1:0.0.0.0:41738, s2:0.0.0.0:43966], old=null RUNNING
  s1:  RUNNING CANDIDATE s1@group-A7200166065B:t35, leader=null, voted=s1, raftlog=s1@group-A7200166065B-SegmentedRaftLog:OPENED:c-1,f0,i0, conf=0: [s0:0.0.0.0:33663, s1:0.0.0.0:41738, s2:0.0.0.0:43966], old=null RUNNING
  s2:  RUNNING CANDIDATE s2@group-A7200166065B:t35, leader=null, voted=s2, raftlog=s2@group-A7200166065B-SegmentedRaftLog:OPENED:c-1,f0,i0, conf=0: [s0:0.0.0.0:33663, s1:0.0.0.0:41738, s2:0.0.0.0:43966], old=null RUNNING
	at org.apache.ratis.MiniRaftCluster.newIllegalStateExceptionForNoLeaders(MiniRaftCluster.java:506)
	at org.apache.ratis.RaftTestUtil.lambda$waitForLeader$1(RaftTestUtil.java:90)
	at org.apache.ratis.MiniRaftCluster.getLeader(MiniRaftCluster.java:539)
	at org.apache.ratis.MiniRaftCluster.getLeader(MiniRaftCluster.java:532)
	at org.apache.ratis.RaftTestUtil.lambda$waitForLeader$3(RaftTestUtil.java:98)
	at org.apache.ratis.util.JavaUtils.attempt(JavaUtils.java:152)
	at org.apache.ratis.RaftTestUtil.waitForLeader(RaftTestUtil.java:97)
	at org.apache.ratis.RaftTestUtil.waitForLeader(RaftTestUtil.java:77)
	at org.apache.ratis.RaftTestUtil.waitForLeader(RaftTestUtil.java:72)
	at org.apache.ratis.RaftTestUtil.lambda$changeLeader$7(RaftTestUtil.java:363)
	at org.apache.ratis.util.JavaUtils.attempt(JavaUtils.java:152)
	at org.apache.ratis.RaftTestUtil.changeLeader(RaftTestUtil.java:362)
	at org.apache.ratis.server.impl.LeaderElectionTests.testChangeLeader(LeaderElectionTests.java:81)
	at sun.reflect.NativeMethodAccessorImpl.invoke0(Native Method)
	at sun.reflect.NativeMethodAccessorImpl.invoke(NativeMethodAccessorImpl.java:62)
	at sun.reflect.DelegatingMethodAccessorImpl.invoke(DelegatingMethodAccessorImpl.java:43)
	at java.lang.reflect.Method.invoke(Method.java:498)
	at org.junit.runners.model.FrameworkMethod$1.runReflectiveCall(FrameworkMethod.java:50)
	at org.junit.internal.runners.model.ReflectiveCallable.run(ReflectiveCallable.java:12)
	at org.junit.runners.model.FrameworkMethod.invokeExplosively(FrameworkMethod.java:47)
	at org.junit.internal.runners.statements.InvokeMethod.evaluate(InvokeMethod.java:17)
	at org.junit.internal.runners.statements.RunAfters.evaluate(RunAfters.java:27)
	at org.junit.internal.runners.statements.FailOnTimeout$CallableStatement.call(FailOnTimeout.java:298)
	at org.junit.internal.runners.statements.FailOnTimeout$CallableStatement.call(FailOnTimeout.java:292)
	at java.util.concurrent.FutureTask.run(FutureTask.java:266)
	at java.lang.Thread.run(Thread.java:748)
2019-09-24 16:31:08,819 WARN  ratis.RaftTestUtil (JavaUtils.java:attempt(158)) - FAILED "waitForLeader-null-(expectLeader? true)", attempt #67/100: java.lang.IllegalStateException: No leader yet : printing ALL groups
  s0:  RUNNING CANDIDATE s0@group-A7200166065B:t35, leader=null, voted=s0, raftlog=s0@group-A7200166065B-SegmentedRaftLog:OPENED:c0,f0,i0, conf=0: [s0:0.0.0.0:33663, s1:0.0.0.0:41738, s2:0.0.0.0:43966], old=null RUNNING
  s1:  RUNNING CANDIDATE s1@group-A7200166065B:t35, leader=null, voted=s1, raftlog=s1@group-A7200166065B-SegmentedRaftLog:OPENED:c-1,f0,i0, conf=0: [s0:0.0.0.0:33663, s1:0.0.0.0:41738, s2:0.0.0.0:43966], old=null RUNNING
  s2:  RUNNING CANDIDATE s2@group-A7200166065B:t35, leader=null, voted=s2, raftlog=s2@group-A7200166065B-SegmentedRaftLog:OPENED:c-1,f0,i0, conf=0: [s0:0.0.0.0:33663, s1:0.0.0.0:41738, s2:0.0.0.0:43966], old=null RUNNING, sleep 450ms and then retry.
java.lang.IllegalStateException: No leader yet : printing ALL groups
  s0:  RUNNING CANDIDATE s0@group-A7200166065B:t35, leader=null, voted=s0, raftlog=s0@group-A7200166065B-SegmentedRaftLog:OPENED:c0,f0,i0, conf=0: [s0:0.0.0.0:33663, s1:0.0.0.0:41738, s2:0.0.0.0:43966], old=null RUNNING
  s1:  RUNNING CANDIDATE s1@group-A7200166065B:t35, leader=null, voted=s1, raftlog=s1@group-A7200166065B-SegmentedRaftLog:OPENED:c-1,f0,i0, conf=0: [s0:0.0.0.0:33663, s1:0.0.0.0:41738, s2:0.0.0.0:43966], old=null RUNNING
  s2:  RUNNING CANDIDATE s2@group-A7200166065B:t35, leader=null, voted=s2, raftlog=s2@group-A7200166065B-SegmentedRaftLog:OPENED:c-1,f0,i0, conf=0: [s0:0.0.0.0:33663, s1:0.0.0.0:41738, s2:0.0.0.0:43966], old=null RUNNING
	at org.apache.ratis.MiniRaftCluster.newIllegalStateExceptionForNoLeaders(MiniRaftCluster.java:506)
	at org.apache.ratis.RaftTestUtil.lambda$waitForLeader$1(RaftTestUtil.java:90)
	at org.apache.ratis.MiniRaftCluster.getLeader(MiniRaftCluster.java:539)
	at org.apache.ratis.MiniRaftCluster.getLeader(MiniRaftCluster.java:532)
	at org.apache.ratis.RaftTestUtil.lambda$waitForLeader$3(RaftTestUtil.java:98)
	at org.apache.ratis.util.JavaUtils.attempt(JavaUtils.java:152)
	at org.apache.ratis.RaftTestUtil.waitForLeader(RaftTestUtil.java:97)
	at org.apache.ratis.RaftTestUtil.waitForLeader(RaftTestUtil.java:77)
	at org.apache.ratis.RaftTestUtil.waitForLeader(RaftTestUtil.java:72)
	at org.apache.ratis.RaftTestUtil.lambda$changeLeader$7(RaftTestUtil.java:363)
	at org.apache.ratis.util.JavaUtils.attempt(JavaUtils.java:152)
	at org.apache.ratis.RaftTestUtil.changeLeader(RaftTestUtil.java:362)
	at org.apache.ratis.server.impl.LeaderElectionTests.testChangeLeader(LeaderElectionTests.java:81)
	at sun.reflect.NativeMethodAccessorImpl.invoke0(Native Method)
	at sun.reflect.NativeMethodAccessorImpl.invoke(NativeMethodAccessorImpl.java:62)
	at sun.reflect.DelegatingMethodAccessorImpl.invoke(DelegatingMethodAccessorImpl.java:43)
	at java.lang.reflect.Method.invoke(Method.java:498)
	at org.junit.runners.model.FrameworkMethod$1.runReflectiveCall(FrameworkMethod.java:50)
	at org.junit.internal.runners.model.ReflectiveCallable.run(ReflectiveCallable.java:12)
	at org.junit.runners.model.FrameworkMethod.invokeExplosively(FrameworkMethod.java:47)
	at org.junit.internal.runners.statements.InvokeMethod.evaluate(InvokeMethod.java:17)
	at org.junit.internal.runners.statements.RunAfters.evaluate(RunAfters.java:27)
	at org.junit.internal.runners.statements.FailOnTimeout$CallableStatement.call(FailOnTimeout.java:298)
	at org.junit.internal.runners.statements.FailOnTimeout$CallableStatement.call(FailOnTimeout.java:292)
	at java.util.concurrent.FutureTask.run(FutureTask.java:266)
	at java.lang.Thread.run(Thread.java:748)
2019-09-24 16:31:09,270 WARN  ratis.RaftTestUtil (JavaUtils.java:attempt(158)) - FAILED "waitForLeader-null-(expectLeader? true)", attempt #68/100: java.lang.IllegalStateException: No leader yet : printing ALL groups
  s0:  RUNNING CANDIDATE s0@group-A7200166065B:t35, leader=null, voted=s0, raftlog=s0@group-A7200166065B-SegmentedRaftLog:OPENED:c0,f0,i0, conf=0: [s0:0.0.0.0:33663, s1:0.0.0.0:41738, s2:0.0.0.0:43966], old=null RUNNING
  s1:  RUNNING CANDIDATE s1@group-A7200166065B:t35, leader=null, voted=s1, raftlog=s1@group-A7200166065B-SegmentedRaftLog:OPENED:c-1,f0,i0, conf=0: [s0:0.0.0.0:33663, s1:0.0.0.0:41738, s2:0.0.0.0:43966], old=null RUNNING
  s2:  RUNNING CANDIDATE s2@group-A7200166065B:t35, leader=null, voted=s2, raftlog=s2@group-A7200166065B-SegmentedRaftLog:OPENED:c-1,f0,i0, conf=0: [s0:0.0.0.0:33663, s1:0.0.0.0:41738, s2:0.0.0.0:43966], old=null RUNNING, sleep 450ms and then retry.
java.lang.IllegalStateException: No leader yet : printing ALL groups
  s0:  RUNNING CANDIDATE s0@group-A7200166065B:t35, leader=null, voted=s0, raftlog=s0@group-A7200166065B-SegmentedRaftLog:OPENED:c0,f0,i0, conf=0: [s0:0.0.0.0:33663, s1:0.0.0.0:41738, s2:0.0.0.0:43966], old=null RUNNING
  s1:  RUNNING CANDIDATE s1@group-A7200166065B:t35, leader=null, voted=s1, raftlog=s1@group-A7200166065B-SegmentedRaftLog:OPENED:c-1,f0,i0, conf=0: [s0:0.0.0.0:33663, s1:0.0.0.0:41738, s2:0.0.0.0:43966], old=null RUNNING
  s2:  RUNNING CANDIDATE s2@group-A7200166065B:t35, leader=null, voted=s2, raftlog=s2@group-A7200166065B-SegmentedRaftLog:OPENED:c-1,f0,i0, conf=0: [s0:0.0.0.0:33663, s1:0.0.0.0:41738, s2:0.0.0.0:43966], old=null RUNNING
	at org.apache.ratis.MiniRaftCluster.newIllegalStateExceptionForNoLeaders(MiniRaftCluster.java:506)
	at org.apache.ratis.RaftTestUtil.lambda$waitForLeader$1(RaftTestUtil.java:90)
	at org.apache.ratis.MiniRaftCluster.getLeader(MiniRaftCluster.java:539)
	at org.apache.ratis.MiniRaftCluster.getLeader(MiniRaftCluster.java:532)
	at org.apache.ratis.RaftTestUtil.lambda$waitForLeader$3(RaftTestUtil.java:98)
	at org.apache.ratis.util.JavaUtils.attempt(JavaUtils.java:152)
	at org.apache.ratis.RaftTestUtil.waitForLeader(RaftTestUtil.java:97)
	at org.apache.ratis.RaftTestUtil.waitForLeader(RaftTestUtil.java:77)
	at org.apache.ratis.RaftTestUtil.waitForLeader(RaftTestUtil.java:72)
	at org.apache.ratis.RaftTestUtil.lambda$changeLeader$7(RaftTestUtil.java:363)
	at org.apache.ratis.util.JavaUtils.attempt(JavaUtils.java:152)
	at org.apache.ratis.RaftTestUtil.changeLeader(RaftTestUtil.java:362)
	at org.apache.ratis.server.impl.LeaderElectionTests.testChangeLeader(LeaderElectionTests.java:81)
	at sun.reflect.NativeMethodAccessorImpl.invoke0(Native Method)
	at sun.reflect.NativeMethodAccessorImpl.invoke(NativeMethodAccessorImpl.java:62)
	at sun.reflect.DelegatingMethodAccessorImpl.invoke(DelegatingMethodAccessorImpl.java:43)
	at java.lang.reflect.Method.invoke(Method.java:498)
	at org.junit.runners.model.FrameworkMethod$1.runReflectiveCall(FrameworkMethod.java:50)
	at org.junit.internal.runners.model.ReflectiveCallable.run(ReflectiveCallable.java:12)
	at org.junit.runners.model.FrameworkMethod.invokeExplosively(FrameworkMethod.java:47)
	at org.junit.internal.runners.statements.InvokeMethod.evaluate(InvokeMethod.java:17)
	at org.junit.internal.runners.statements.RunAfters.evaluate(RunAfters.java:27)
	at org.junit.internal.runners.statements.FailOnTimeout$CallableStatement.call(FailOnTimeout.java:298)
	at org.junit.internal.runners.statements.FailOnTimeout$CallableStatement.call(FailOnTimeout.java:292)
	at java.util.concurrent.FutureTask.run(FutureTask.java:266)
	at java.lang.Thread.run(Thread.java:748)
2019-09-24 16:31:09,721 WARN  ratis.RaftTestUtil (JavaUtils.java:attempt(158)) - FAILED "waitForLeader-null-(expectLeader? true)", attempt #69/100: java.lang.IllegalStateException: No leader yet : printing ALL groups
  s0:  RUNNING CANDIDATE s0@group-A7200166065B:t35, leader=null, voted=s0, raftlog=s0@group-A7200166065B-SegmentedRaftLog:OPENED:c0,f0,i0, conf=0: [s0:0.0.0.0:33663, s1:0.0.0.0:41738, s2:0.0.0.0:43966], old=null RUNNING
  s1:  RUNNING CANDIDATE s1@group-A7200166065B:t35, leader=null, voted=s1, raftlog=s1@group-A7200166065B-SegmentedRaftLog:OPENED:c-1,f0,i0, conf=0: [s0:0.0.0.0:33663, s1:0.0.0.0:41738, s2:0.0.0.0:43966], old=null RUNNING
  s2:  RUNNING CANDIDATE s2@group-A7200166065B:t35, leader=null, voted=s2, raftlog=s2@group-A7200166065B-SegmentedRaftLog:OPENED:c-1,f0,i0, conf=0: [s0:0.0.0.0:33663, s1:0.0.0.0:41738, s2:0.0.0.0:43966], old=null RUNNING, sleep 450ms and then retry.
java.lang.IllegalStateException: No leader yet : printing ALL groups
  s0:  RUNNING CANDIDATE s0@group-A7200166065B:t35, leader=null, voted=s0, raftlog=s0@group-A7200166065B-SegmentedRaftLog:OPENED:c0,f0,i0, conf=0: [s0:0.0.0.0:33663, s1:0.0.0.0:41738, s2:0.0.0.0:43966], old=null RUNNING
  s1:  RUNNING CANDIDATE s1@group-A7200166065B:t35, leader=null, voted=s1, raftlog=s1@group-A7200166065B-SegmentedRaftLog:OPENED:c-1,f0,i0, conf=0: [s0:0.0.0.0:33663, s1:0.0.0.0:41738, s2:0.0.0.0:43966], old=null RUNNING
  s2:  RUNNING CANDIDATE s2@group-A7200166065B:t35, leader=null, voted=s2, raftlog=s2@group-A7200166065B-SegmentedRaftLog:OPENED:c-1,f0,i0, conf=0: [s0:0.0.0.0:33663, s1:0.0.0.0:41738, s2:0.0.0.0:43966], old=null RUNNING
	at org.apache.ratis.MiniRaftCluster.newIllegalStateExceptionForNoLeaders(MiniRaftCluster.java:506)
	at org.apache.ratis.RaftTestUtil.lambda$waitForLeader$1(RaftTestUtil.java:90)
	at org.apache.ratis.MiniRaftCluster.getLeader(MiniRaftCluster.java:539)
	at org.apache.ratis.MiniRaftCluster.getLeader(MiniRaftCluster.java:532)
	at org.apache.ratis.RaftTestUtil.lambda$waitForLeader$3(RaftTestUtil.java:98)
	at org.apache.ratis.util.JavaUtils.attempt(JavaUtils.java:152)
	at org.apache.ratis.RaftTestUtil.waitForLeader(RaftTestUtil.java:97)
	at org.apache.ratis.RaftTestUtil.waitForLeader(RaftTestUtil.java:77)
	at org.apache.ratis.RaftTestUtil.waitForLeader(RaftTestUtil.java:72)
	at org.apache.ratis.RaftTestUtil.lambda$changeLeader$7(RaftTestUtil.java:363)
	at org.apache.ratis.util.JavaUtils.attempt(JavaUtils.java:152)
	at org.apache.ratis.RaftTestUtil.changeLeader(RaftTestUtil.java:362)
	at org.apache.ratis.server.impl.LeaderElectionTests.testChangeLeader(LeaderElectionTests.java:81)
	at sun.reflect.NativeMethodAccessorImpl.invoke0(Native Method)
	at sun.reflect.NativeMethodAccessorImpl.invoke(NativeMethodAccessorImpl.java:62)
	at sun.reflect.DelegatingMethodAccessorImpl.invoke(DelegatingMethodAccessorImpl.java:43)
	at java.lang.reflect.Method.invoke(Method.java:498)
	at org.junit.runners.model.FrameworkMethod$1.runReflectiveCall(FrameworkMethod.java:50)
	at org.junit.internal.runners.model.ReflectiveCallable.run(ReflectiveCallable.java:12)
	at org.junit.runners.model.FrameworkMethod.invokeExplosively(FrameworkMethod.java:47)
	at org.junit.internal.runners.statements.InvokeMethod.evaluate(InvokeMethod.java:17)
	at org.junit.internal.runners.statements.RunAfters.evaluate(RunAfters.java:27)
	at org.junit.internal.runners.statements.FailOnTimeout$CallableStatement.call(FailOnTimeout.java:298)
	at org.junit.internal.runners.statements.FailOnTimeout$CallableStatement.call(FailOnTimeout.java:292)
	at java.util.concurrent.FutureTask.run(FutureTask.java:266)
	at java.lang.Thread.run(Thread.java:748)
2019-09-24 16:31:10,173 WARN  ratis.RaftTestUtil (JavaUtils.java:attempt(158)) - FAILED "waitForLeader-null-(expectLeader? true)", attempt #70/100: java.lang.IllegalStateException: No leader yet : printing ALL groups
  s0:  RUNNING CANDIDATE s0@group-A7200166065B:t35, leader=null, voted=s0, raftlog=s0@group-A7200166065B-SegmentedRaftLog:OPENED:c0,f0,i0, conf=0: [s0:0.0.0.0:33663, s1:0.0.0.0:41738, s2:0.0.0.0:43966], old=null RUNNING
  s1:  RUNNING CANDIDATE s1@group-A7200166065B:t35, leader=null, voted=s1, raftlog=s1@group-A7200166065B-SegmentedRaftLog:OPENED:c-1,f0,i0, conf=0: [s0:0.0.0.0:33663, s1:0.0.0.0:41738, s2:0.0.0.0:43966], old=null RUNNING
  s2:  RUNNING CANDIDATE s2@group-A7200166065B:t35, leader=null, voted=s2, raftlog=s2@group-A7200166065B-SegmentedRaftLog:OPENED:c-1,f0,i0, conf=0: [s0:0.0.0.0:33663, s1:0.0.0.0:41738, s2:0.0.0.0:43966], old=null RUNNING, sleep 450ms and then retry.
java.lang.IllegalStateException: No leader yet : printing ALL groups
  s0:  RUNNING CANDIDATE s0@group-A7200166065B:t35, leader=null, voted=s0, raftlog=s0@group-A7200166065B-SegmentedRaftLog:OPENED:c0,f0,i0, conf=0: [s0:0.0.0.0:33663, s1:0.0.0.0:41738, s2:0.0.0.0:43966], old=null RUNNING
  s1:  RUNNING CANDIDATE s1@group-A7200166065B:t35, leader=null, voted=s1, raftlog=s1@group-A7200166065B-SegmentedRaftLog:OPENED:c-1,f0,i0, conf=0: [s0:0.0.0.0:33663, s1:0.0.0.0:41738, s2:0.0.0.0:43966], old=null RUNNING
  s2:  RUNNING CANDIDATE s2@group-A7200166065B:t35, leader=null, voted=s2, raftlog=s2@group-A7200166065B-SegmentedRaftLog:OPENED:c-1,f0,i0, conf=0: [s0:0.0.0.0:33663, s1:0.0.0.0:41738, s2:0.0.0.0:43966], old=null RUNNING
	at org.apache.ratis.MiniRaftCluster.newIllegalStateExceptionForNoLeaders(MiniRaftCluster.java:506)
	at org.apache.ratis.RaftTestUtil.lambda$waitForLeader$1(RaftTestUtil.java:90)
	at org.apache.ratis.MiniRaftCluster.getLeader(MiniRaftCluster.java:539)
	at org.apache.ratis.MiniRaftCluster.getLeader(MiniRaftCluster.java:532)
	at org.apache.ratis.RaftTestUtil.lambda$waitForLeader$3(RaftTestUtil.java:98)
	at org.apache.ratis.util.JavaUtils.attempt(JavaUtils.java:152)
	at org.apache.ratis.RaftTestUtil.waitForLeader(RaftTestUtil.java:97)
	at org.apache.ratis.RaftTestUtil.waitForLeader(RaftTestUtil.java:77)
	at org.apache.ratis.RaftTestUtil.waitForLeader(RaftTestUtil.java:72)
	at org.apache.ratis.RaftTestUtil.lambda$changeLeader$7(RaftTestUtil.java:363)
	at org.apache.ratis.util.JavaUtils.attempt(JavaUtils.java:152)
	at org.apache.ratis.RaftTestUtil.changeLeader(RaftTestUtil.java:362)
	at org.apache.ratis.server.impl.LeaderElectionTests.testChangeLeader(LeaderElectionTests.java:81)
	at sun.reflect.NativeMethodAccessorImpl.invoke0(Native Method)
	at sun.reflect.NativeMethodAccessorImpl.invoke(NativeMethodAccessorImpl.java:62)
	at sun.reflect.DelegatingMethodAccessorImpl.invoke(DelegatingMethodAccessorImpl.java:43)
	at java.lang.reflect.Method.invoke(Method.java:498)
	at org.junit.runners.model.FrameworkMethod$1.runReflectiveCall(FrameworkMethod.java:50)
	at org.junit.internal.runners.model.ReflectiveCallable.run(ReflectiveCallable.java:12)
	at org.junit.runners.model.FrameworkMethod.invokeExplosively(FrameworkMethod.java:47)
	at org.junit.internal.runners.statements.InvokeMethod.evaluate(InvokeMethod.java:17)
	at org.junit.internal.runners.statements.RunAfters.evaluate(RunAfters.java:27)
	at org.junit.internal.runners.statements.FailOnTimeout$CallableStatement.call(FailOnTimeout.java:298)
	at org.junit.internal.runners.statements.FailOnTimeout$CallableStatement.call(FailOnTimeout.java:292)
	at java.util.concurrent.FutureTask.run(FutureTask.java:266)
	at java.lang.Thread.run(Thread.java:748)
2019-09-24 16:31:10,624 WARN  ratis.RaftTestUtil (JavaUtils.java:attempt(158)) - FAILED "waitForLeader-null-(expectLeader? true)", attempt #71/100: java.lang.IllegalStateException: No leader yet : printing ALL groups
  s0:  RUNNING CANDIDATE s0@group-A7200166065B:t35, leader=null, voted=s0, raftlog=s0@group-A7200166065B-SegmentedRaftLog:OPENED:c0,f0,i0, conf=0: [s0:0.0.0.0:33663, s1:0.0.0.0:41738, s2:0.0.0.0:43966], old=null RUNNING
  s1:  RUNNING CANDIDATE s1@group-A7200166065B:t35, leader=null, voted=s1, raftlog=s1@group-A7200166065B-SegmentedRaftLog:OPENED:c-1,f0,i0, conf=0: [s0:0.0.0.0:33663, s1:0.0.0.0:41738, s2:0.0.0.0:43966], old=null RUNNING
  s2:  RUNNING CANDIDATE s2@group-A7200166065B:t35, leader=null, voted=s2, raftlog=s2@group-A7200166065B-SegmentedRaftLog:OPENED:c-1,f0,i0, conf=0: [s0:0.0.0.0:33663, s1:0.0.0.0:41738, s2:0.0.0.0:43966], old=null RUNNING, sleep 450ms and then retry.
java.lang.IllegalStateException: No leader yet : printing ALL groups
  s0:  RUNNING CANDIDATE s0@group-A7200166065B:t35, leader=null, voted=s0, raftlog=s0@group-A7200166065B-SegmentedRaftLog:OPENED:c0,f0,i0, conf=0: [s0:0.0.0.0:33663, s1:0.0.0.0:41738, s2:0.0.0.0:43966], old=null RUNNING
  s1:  RUNNING CANDIDATE s1@group-A7200166065B:t35, leader=null, voted=s1, raftlog=s1@group-A7200166065B-SegmentedRaftLog:OPENED:c-1,f0,i0, conf=0: [s0:0.0.0.0:33663, s1:0.0.0.0:41738, s2:0.0.0.0:43966], old=null RUNNING
  s2:  RUNNING CANDIDATE s2@group-A7200166065B:t35, leader=null, voted=s2, raftlog=s2@group-A7200166065B-SegmentedRaftLog:OPENED:c-1,f0,i0, conf=0: [s0:0.0.0.0:33663, s1:0.0.0.0:41738, s2:0.0.0.0:43966], old=null RUNNING
	at org.apache.ratis.MiniRaftCluster.newIllegalStateExceptionForNoLeaders(MiniRaftCluster.java:506)
	at org.apache.ratis.RaftTestUtil.lambda$waitForLeader$1(RaftTestUtil.java:90)
	at org.apache.ratis.MiniRaftCluster.getLeader(MiniRaftCluster.java:539)
	at org.apache.ratis.MiniRaftCluster.getLeader(MiniRaftCluster.java:532)
	at org.apache.ratis.RaftTestUtil.lambda$waitForLeader$3(RaftTestUtil.java:98)
	at org.apache.ratis.util.JavaUtils.attempt(JavaUtils.java:152)
	at org.apache.ratis.RaftTestUtil.waitForLeader(RaftTestUtil.java:97)
	at org.apache.ratis.RaftTestUtil.waitForLeader(RaftTestUtil.java:77)
	at org.apache.ratis.RaftTestUtil.waitForLeader(RaftTestUtil.java:72)
	at org.apache.ratis.RaftTestUtil.lambda$changeLeader$7(RaftTestUtil.java:363)
	at org.apache.ratis.util.JavaUtils.attempt(JavaUtils.java:152)
	at org.apache.ratis.RaftTestUtil.changeLeader(RaftTestUtil.java:362)
	at org.apache.ratis.server.impl.LeaderElectionTests.testChangeLeader(LeaderElectionTests.java:81)
	at sun.reflect.NativeMethodAccessorImpl.invoke0(Native Method)
	at sun.reflect.NativeMethodAccessorImpl.invoke(NativeMethodAccessorImpl.java:62)
	at sun.reflect.DelegatingMethodAccessorImpl.invoke(DelegatingMethodAccessorImpl.java:43)
	at java.lang.reflect.Method.invoke(Method.java:498)
	at org.junit.runners.model.FrameworkMethod$1.runReflectiveCall(FrameworkMethod.java:50)
	at org.junit.internal.runners.model.ReflectiveCallable.run(ReflectiveCallable.java:12)
	at org.junit.runners.model.FrameworkMethod.invokeExplosively(FrameworkMethod.java:47)
	at org.junit.internal.runners.statements.InvokeMethod.evaluate(InvokeMethod.java:17)
	at org.junit.internal.runners.statements.RunAfters.evaluate(RunAfters.java:27)
	at org.junit.internal.runners.statements.FailOnTimeout$CallableStatement.call(FailOnTimeout.java:298)
	at org.junit.internal.runners.statements.FailOnTimeout$CallableStatement.call(FailOnTimeout.java:292)
	at java.util.concurrent.FutureTask.run(FutureTask.java:266)
	at java.lang.Thread.run(Thread.java:748)
2019-09-24 16:31:11,075 WARN  ratis.RaftTestUtil (JavaUtils.java:attempt(158)) - FAILED "waitForLeader-null-(expectLeader? true)", attempt #72/100: java.lang.IllegalStateException: No leader yet : printing ALL groups
  s0:  RUNNING CANDIDATE s0@group-A7200166065B:t35, leader=null, voted=s0, raftlog=s0@group-A7200166065B-SegmentedRaftLog:OPENED:c0,f0,i0, conf=0: [s0:0.0.0.0:33663, s1:0.0.0.0:41738, s2:0.0.0.0:43966], old=null RUNNING
  s1:  RUNNING CANDIDATE s1@group-A7200166065B:t35, leader=null, voted=s1, raftlog=s1@group-A7200166065B-SegmentedRaftLog:OPENED:c-1,f0,i0, conf=0: [s0:0.0.0.0:33663, s1:0.0.0.0:41738, s2:0.0.0.0:43966], old=null RUNNING
  s2:  RUNNING CANDIDATE s2@group-A7200166065B:t35, leader=null, voted=s2, raftlog=s2@group-A7200166065B-SegmentedRaftLog:OPENED:c-1,f0,i0, conf=0: [s0:0.0.0.0:33663, s1:0.0.0.0:41738, s2:0.0.0.0:43966], old=null RUNNING, sleep 450ms and then retry.
java.lang.IllegalStateException: No leader yet : printing ALL groups
  s0:  RUNNING CANDIDATE s0@group-A7200166065B:t35, leader=null, voted=s0, raftlog=s0@group-A7200166065B-SegmentedRaftLog:OPENED:c0,f0,i0, conf=0: [s0:0.0.0.0:33663, s1:0.0.0.0:41738, s2:0.0.0.0:43966], old=null RUNNING
  s1:  RUNNING CANDIDATE s1@group-A7200166065B:t35, leader=null, voted=s1, raftlog=s1@group-A7200166065B-SegmentedRaftLog:OPENED:c-1,f0,i0, conf=0: [s0:0.0.0.0:33663, s1:0.0.0.0:41738, s2:0.0.0.0:43966], old=null RUNNING
  s2:  RUNNING CANDIDATE s2@group-A7200166065B:t35, leader=null, voted=s2, raftlog=s2@group-A7200166065B-SegmentedRaftLog:OPENED:c-1,f0,i0, conf=0: [s0:0.0.0.0:33663, s1:0.0.0.0:41738, s2:0.0.0.0:43966], old=null RUNNING
	at org.apache.ratis.MiniRaftCluster.newIllegalStateExceptionForNoLeaders(MiniRaftCluster.java:506)
	at org.apache.ratis.RaftTestUtil.lambda$waitForLeader$1(RaftTestUtil.java:90)
	at org.apache.ratis.MiniRaftCluster.getLeader(MiniRaftCluster.java:539)
	at org.apache.ratis.MiniRaftCluster.getLeader(MiniRaftCluster.java:532)
	at org.apache.ratis.RaftTestUtil.lambda$waitForLeader$3(RaftTestUtil.java:98)
	at org.apache.ratis.util.JavaUtils.attempt(JavaUtils.java:152)
	at org.apache.ratis.RaftTestUtil.waitForLeader(RaftTestUtil.java:97)
	at org.apache.ratis.RaftTestUtil.waitForLeader(RaftTestUtil.java:77)
	at org.apache.ratis.RaftTestUtil.waitForLeader(RaftTestUtil.java:72)
	at org.apache.ratis.RaftTestUtil.lambda$changeLeader$7(RaftTestUtil.java:363)
	at org.apache.ratis.util.JavaUtils.attempt(JavaUtils.java:152)
	at org.apache.ratis.RaftTestUtil.changeLeader(RaftTestUtil.java:362)
	at org.apache.ratis.server.impl.LeaderElectionTests.testChangeLeader(LeaderElectionTests.java:81)
	at sun.reflect.NativeMethodAccessorImpl.invoke0(Native Method)
	at sun.reflect.NativeMethodAccessorImpl.invoke(NativeMethodAccessorImpl.java:62)
	at sun.reflect.DelegatingMethodAccessorImpl.invoke(DelegatingMethodAccessorImpl.java:43)
	at java.lang.reflect.Method.invoke(Method.java:498)
	at org.junit.runners.model.FrameworkMethod$1.runReflectiveCall(FrameworkMethod.java:50)
	at org.junit.internal.runners.model.ReflectiveCallable.run(ReflectiveCallable.java:12)
	at org.junit.runners.model.FrameworkMethod.invokeExplosively(FrameworkMethod.java:47)
	at org.junit.internal.runners.statements.InvokeMethod.evaluate(InvokeMethod.java:17)
	at org.junit.internal.runners.statements.RunAfters.evaluate(RunAfters.java:27)
	at org.junit.internal.runners.statements.FailOnTimeout$CallableStatement.call(FailOnTimeout.java:298)
	at org.junit.internal.runners.statements.FailOnTimeout$CallableStatement.call(FailOnTimeout.java:292)
	at java.util.concurrent.FutureTask.run(FutureTask.java:266)
	at java.lang.Thread.run(Thread.java:748)
2019-09-24 16:31:11,273 INFO  ratis.MiniRaftCluster (MiniRaftCluster.java:lambda$null$5(297)) - TIMED-PRINT: printing ALL groups
  s0:  RUNNING CANDIDATE s0@group-A7200166065B:t35, leader=null, voted=s0, raftlog=s0@group-A7200166065B-SegmentedRaftLog:OPENED:c0,f0,i0, conf=0: [s0:0.0.0.0:33663, s1:0.0.0.0:41738, s2:0.0.0.0:43966], old=null RUNNING
  s1:  RUNNING CANDIDATE s1@group-A7200166065B:t35, leader=null, voted=s1, raftlog=s1@group-A7200166065B-SegmentedRaftLog:OPENED:c-1,f0,i0, conf=0: [s0:0.0.0.0:33663, s1:0.0.0.0:41738, s2:0.0.0.0:43966], old=null RUNNING
  s2:  RUNNING CANDIDATE s2@group-A7200166065B:t35, leader=null, voted=s2, raftlog=s2@group-A7200166065B-SegmentedRaftLog:OPENED:c-1,f0,i0, conf=0: [s0:0.0.0.0:33663, s1:0.0.0.0:41738, s2:0.0.0.0:43966], old=null RUNNING
2019-09-24 16:31:11,526 WARN  ratis.RaftTestUtil (JavaUtils.java:attempt(158)) - FAILED "waitForLeader-null-(expectLeader? true)", attempt #73/100: java.lang.IllegalStateException: No leader yet : printing ALL groups
  s0:  RUNNING CANDIDATE s0@group-A7200166065B:t35, leader=null, voted=s0, raftlog=s0@group-A7200166065B-SegmentedRaftLog:OPENED:c0,f0,i0, conf=0: [s0:0.0.0.0:33663, s1:0.0.0.0:41738, s2:0.0.0.0:43966], old=null RUNNING
  s1:  RUNNING CANDIDATE s1@group-A7200166065B:t35, leader=null, voted=s1, raftlog=s1@group-A7200166065B-SegmentedRaftLog:OPENED:c-1,f0,i0, conf=0: [s0:0.0.0.0:33663, s1:0.0.0.0:41738, s2:0.0.0.0:43966], old=null RUNNING
  s2:  RUNNING CANDIDATE s2@group-A7200166065B:t35, leader=null, voted=s2, raftlog=s2@group-A7200166065B-SegmentedRaftLog:OPENED:c-1,f0,i0, conf=0: [s0:0.0.0.0:33663, s1:0.0.0.0:41738, s2:0.0.0.0:43966], old=null RUNNING, sleep 450ms and then retry.
java.lang.IllegalStateException: No leader yet : printing ALL groups
  s0:  RUNNING CANDIDATE s0@group-A7200166065B:t35, leader=null, voted=s0, raftlog=s0@group-A7200166065B-SegmentedRaftLog:OPENED:c0,f0,i0, conf=0: [s0:0.0.0.0:33663, s1:0.0.0.0:41738, s2:0.0.0.0:43966], old=null RUNNING
  s1:  RUNNING CANDIDATE s1@group-A7200166065B:t35, leader=null, voted=s1, raftlog=s1@group-A7200166065B-SegmentedRaftLog:OPENED:c-1,f0,i0, conf=0: [s0:0.0.0.0:33663, s1:0.0.0.0:41738, s2:0.0.0.0:43966], old=null RUNNING
  s2:  RUNNING CANDIDATE s2@group-A7200166065B:t35, leader=null, voted=s2, raftlog=s2@group-A7200166065B-SegmentedRaftLog:OPENED:c-1,f0,i0, conf=0: [s0:0.0.0.0:33663, s1:0.0.0.0:41738, s2:0.0.0.0:43966], old=null RUNNING
	at org.apache.ratis.MiniRaftCluster.newIllegalStateExceptionForNoLeaders(MiniRaftCluster.java:506)
	at org.apache.ratis.RaftTestUtil.lambda$waitForLeader$1(RaftTestUtil.java:90)
	at org.apache.ratis.MiniRaftCluster.getLeader(MiniRaftCluster.java:539)
	at org.apache.ratis.MiniRaftCluster.getLeader(MiniRaftCluster.java:532)
	at org.apache.ratis.RaftTestUtil.lambda$waitForLeader$3(RaftTestUtil.java:98)
	at org.apache.ratis.util.JavaUtils.attempt(JavaUtils.java:152)
	at org.apache.ratis.RaftTestUtil.waitForLeader(RaftTestUtil.java:97)
	at org.apache.ratis.RaftTestUtil.waitForLeader(RaftTestUtil.java:77)
	at org.apache.ratis.RaftTestUtil.waitForLeader(RaftTestUtil.java:72)
	at org.apache.ratis.RaftTestUtil.lambda$changeLeader$7(RaftTestUtil.java:363)
	at org.apache.ratis.util.JavaUtils.attempt(JavaUtils.java:152)
	at org.apache.ratis.RaftTestUtil.changeLeader(RaftTestUtil.java:362)
	at org.apache.ratis.server.impl.LeaderElectionTests.testChangeLeader(LeaderElectionTests.java:81)
	at sun.reflect.NativeMethodAccessorImpl.invoke0(Native Method)
	at sun.reflect.NativeMethodAccessorImpl.invoke(NativeMethodAccessorImpl.java:62)
	at sun.reflect.DelegatingMethodAccessorImpl.invoke(DelegatingMethodAccessorImpl.java:43)
	at java.lang.reflect.Method.invoke(Method.java:498)
	at org.junit.runners.model.FrameworkMethod$1.runReflectiveCall(FrameworkMethod.java:50)
	at org.junit.internal.runners.model.ReflectiveCallable.run(ReflectiveCallable.java:12)
	at org.junit.runners.model.FrameworkMethod.invokeExplosively(FrameworkMethod.java:47)
	at org.junit.internal.runners.statements.InvokeMethod.evaluate(InvokeMethod.java:17)
	at org.junit.internal.runners.statements.RunAfters.evaluate(RunAfters.java:27)
	at org.junit.internal.runners.statements.FailOnTimeout$CallableStatement.call(FailOnTimeout.java:298)
	at org.junit.internal.runners.statements.FailOnTimeout$CallableStatement.call(FailOnTimeout.java:292)
	at java.util.concurrent.FutureTask.run(FutureTask.java:266)
	at java.lang.Thread.run(Thread.java:748)
2019-09-24 16:31:11,977 WARN  ratis.RaftTestUtil (JavaUtils.java:attempt(158)) - FAILED "waitForLeader-null-(expectLeader? true)", attempt #74/100: java.lang.IllegalStateException: No leader yet : printing ALL groups
  s0:  RUNNING CANDIDATE s0@group-A7200166065B:t35, leader=null, voted=s0, raftlog=s0@group-A7200166065B-SegmentedRaftLog:OPENED:c0,f0,i0, conf=0: [s0:0.0.0.0:33663, s1:0.0.0.0:41738, s2:0.0.0.0:43966], old=null RUNNING
  s1:  RUNNING CANDIDATE s1@group-A7200166065B:t35, leader=null, voted=s1, raftlog=s1@group-A7200166065B-SegmentedRaftLog:OPENED:c-1,f0,i0, conf=0: [s0:0.0.0.0:33663, s1:0.0.0.0:41738, s2:0.0.0.0:43966], old=null RUNNING
  s2:  RUNNING CANDIDATE s2@group-A7200166065B:t35, leader=null, voted=s2, raftlog=s2@group-A7200166065B-SegmentedRaftLog:OPENED:c-1,f0,i0, conf=0: [s0:0.0.0.0:33663, s1:0.0.0.0:41738, s2:0.0.0.0:43966], old=null RUNNING, sleep 450ms and then retry.
java.lang.IllegalStateException: No leader yet : printing ALL groups
  s0:  RUNNING CANDIDATE s0@group-A7200166065B:t35, leader=null, voted=s0, raftlog=s0@group-A7200166065B-SegmentedRaftLog:OPENED:c0,f0,i0, conf=0: [s0:0.0.0.0:33663, s1:0.0.0.0:41738, s2:0.0.0.0:43966], old=null RUNNING
  s1:  RUNNING CANDIDATE s1@group-A7200166065B:t35, leader=null, voted=s1, raftlog=s1@group-A7200166065B-SegmentedRaftLog:OPENED:c-1,f0,i0, conf=0: [s0:0.0.0.0:33663, s1:0.0.0.0:41738, s2:0.0.0.0:43966], old=null RUNNING
  s2:  RUNNING CANDIDATE s2@group-A7200166065B:t35, leader=null, voted=s2, raftlog=s2@group-A7200166065B-SegmentedRaftLog:OPENED:c-1,f0,i0, conf=0: [s0:0.0.0.0:33663, s1:0.0.0.0:41738, s2:0.0.0.0:43966], old=null RUNNING
	at org.apache.ratis.MiniRaftCluster.newIllegalStateExceptionForNoLeaders(MiniRaftCluster.java:506)
	at org.apache.ratis.RaftTestUtil.lambda$waitForLeader$1(RaftTestUtil.java:90)
	at org.apache.ratis.MiniRaftCluster.getLeader(MiniRaftCluster.java:539)
	at org.apache.ratis.MiniRaftCluster.getLeader(MiniRaftCluster.java:532)
	at org.apache.ratis.RaftTestUtil.lambda$waitForLeader$3(RaftTestUtil.java:98)
	at org.apache.ratis.util.JavaUtils.attempt(JavaUtils.java:152)
	at org.apache.ratis.RaftTestUtil.waitForLeader(RaftTestUtil.java:97)
	at org.apache.ratis.RaftTestUtil.waitForLeader(RaftTestUtil.java:77)
	at org.apache.ratis.RaftTestUtil.waitForLeader(RaftTestUtil.java:72)
	at org.apache.ratis.RaftTestUtil.lambda$changeLeader$7(RaftTestUtil.java:363)
	at org.apache.ratis.util.JavaUtils.attempt(JavaUtils.java:152)
	at org.apache.ratis.RaftTestUtil.changeLeader(RaftTestUtil.java:362)
	at org.apache.ratis.server.impl.LeaderElectionTests.testChangeLeader(LeaderElectionTests.java:81)
	at sun.reflect.NativeMethodAccessorImpl.invoke0(Native Method)
	at sun.reflect.NativeMethodAccessorImpl.invoke(NativeMethodAccessorImpl.java:62)
	at sun.reflect.DelegatingMethodAccessorImpl.invoke(DelegatingMethodAccessorImpl.java:43)
	at java.lang.reflect.Method.invoke(Method.java:498)
	at org.junit.runners.model.FrameworkMethod$1.runReflectiveCall(FrameworkMethod.java:50)
	at org.junit.internal.runners.model.ReflectiveCallable.run(ReflectiveCallable.java:12)
	at org.junit.runners.model.FrameworkMethod.invokeExplosively(FrameworkMethod.java:47)
	at org.junit.internal.runners.statements.InvokeMethod.evaluate(InvokeMethod.java:17)
	at org.junit.internal.runners.statements.RunAfters.evaluate(RunAfters.java:27)
	at org.junit.internal.runners.statements.FailOnTimeout$CallableStatement.call(FailOnTimeout.java:298)
	at org.junit.internal.runners.statements.FailOnTimeout$CallableStatement.call(FailOnTimeout.java:292)
	at java.util.concurrent.FutureTask.run(FutureTask.java:266)
	at java.lang.Thread.run(Thread.java:748)
2019-09-24 16:31:12,428 WARN  ratis.RaftTestUtil (JavaUtils.java:attempt(158)) - FAILED "waitForLeader-null-(expectLeader? true)", attempt #75/100: java.lang.IllegalStateException: No leader yet : printing ALL groups
  s0:  RUNNING CANDIDATE s0@group-A7200166065B:t35, leader=null, voted=s0, raftlog=s0@group-A7200166065B-SegmentedRaftLog:OPENED:c0,f0,i0, conf=0: [s0:0.0.0.0:33663, s1:0.0.0.0:41738, s2:0.0.0.0:43966], old=null RUNNING
  s1:  RUNNING CANDIDATE s1@group-A7200166065B:t35, leader=null, voted=s1, raftlog=s1@group-A7200166065B-SegmentedRaftLog:OPENED:c-1,f0,i0, conf=0: [s0:0.0.0.0:33663, s1:0.0.0.0:41738, s2:0.0.0.0:43966], old=null RUNNING
  s2:  RUNNING CANDIDATE s2@group-A7200166065B:t35, leader=null, voted=s2, raftlog=s2@group-A7200166065B-SegmentedRaftLog:OPENED:c-1,f0,i0, conf=0: [s0:0.0.0.0:33663, s1:0.0.0.0:41738, s2:0.0.0.0:43966], old=null RUNNING, sleep 450ms and then retry.
java.lang.IllegalStateException: No leader yet : printing ALL groups
  s0:  RUNNING CANDIDATE s0@group-A7200166065B:t35, leader=null, voted=s0, raftlog=s0@group-A7200166065B-SegmentedRaftLog:OPENED:c0,f0,i0, conf=0: [s0:0.0.0.0:33663, s1:0.0.0.0:41738, s2:0.0.0.0:43966], old=null RUNNING
  s1:  RUNNING CANDIDATE s1@group-A7200166065B:t35, leader=null, voted=s1, raftlog=s1@group-A7200166065B-SegmentedRaftLog:OPENED:c-1,f0,i0, conf=0: [s0:0.0.0.0:33663, s1:0.0.0.0:41738, s2:0.0.0.0:43966], old=null RUNNING
  s2:  RUNNING CANDIDATE s2@group-A7200166065B:t35, leader=null, voted=s2, raftlog=s2@group-A7200166065B-SegmentedRaftLog:OPENED:c-1,f0,i0, conf=0: [s0:0.0.0.0:33663, s1:0.0.0.0:41738, s2:0.0.0.0:43966], old=null RUNNING
	at org.apache.ratis.MiniRaftCluster.newIllegalStateExceptionForNoLeaders(MiniRaftCluster.java:506)
	at org.apache.ratis.RaftTestUtil.lambda$waitForLeader$1(RaftTestUtil.java:90)
	at org.apache.ratis.MiniRaftCluster.getLeader(MiniRaftCluster.java:539)
	at org.apache.ratis.MiniRaftCluster.getLeader(MiniRaftCluster.java:532)
	at org.apache.ratis.RaftTestUtil.lambda$waitForLeader$3(RaftTestUtil.java:98)
	at org.apache.ratis.util.JavaUtils.attempt(JavaUtils.java:152)
	at org.apache.ratis.RaftTestUtil.waitForLeader(RaftTestUtil.java:97)
	at org.apache.ratis.RaftTestUtil.waitForLeader(RaftTestUtil.java:77)
	at org.apache.ratis.RaftTestUtil.waitForLeader(RaftTestUtil.java:72)
	at org.apache.ratis.RaftTestUtil.lambda$changeLeader$7(RaftTestUtil.java:363)
	at org.apache.ratis.util.JavaUtils.attempt(JavaUtils.java:152)
	at org.apache.ratis.RaftTestUtil.changeLeader(RaftTestUtil.java:362)
	at org.apache.ratis.server.impl.LeaderElectionTests.testChangeLeader(LeaderElectionTests.java:81)
	at sun.reflect.NativeMethodAccessorImpl.invoke0(Native Method)
	at sun.reflect.NativeMethodAccessorImpl.invoke(NativeMethodAccessorImpl.java:62)
	at sun.reflect.DelegatingMethodAccessorImpl.invoke(DelegatingMethodAccessorImpl.java:43)
	at java.lang.reflect.Method.invoke(Method.java:498)
	at org.junit.runners.model.FrameworkMethod$1.runReflectiveCall(FrameworkMethod.java:50)
	at org.junit.internal.runners.model.ReflectiveCallable.run(ReflectiveCallable.java:12)
	at org.junit.runners.model.FrameworkMethod.invokeExplosively(FrameworkMethod.java:47)
	at org.junit.internal.runners.statements.InvokeMethod.evaluate(InvokeMethod.java:17)
	at org.junit.internal.runners.statements.RunAfters.evaluate(RunAfters.java:27)
	at org.junit.internal.runners.statements.FailOnTimeout$CallableStatement.call(FailOnTimeout.java:298)
	at org.junit.internal.runners.statements.FailOnTimeout$CallableStatement.call(FailOnTimeout.java:292)
	at java.util.concurrent.FutureTask.run(FutureTask.java:266)
	at java.lang.Thread.run(Thread.java:748)
2019-09-24 16:31:12,879 WARN  ratis.RaftTestUtil (JavaUtils.java:attempt(158)) - FAILED "waitForLeader-null-(expectLeader? true)", attempt #76/100: java.lang.IllegalStateException: No leader yet : printing ALL groups
  s0:  RUNNING CANDIDATE s0@group-A7200166065B:t35, leader=null, voted=s0, raftlog=s0@group-A7200166065B-SegmentedRaftLog:OPENED:c0,f0,i0, conf=0: [s0:0.0.0.0:33663, s1:0.0.0.0:41738, s2:0.0.0.0:43966], old=null RUNNING
  s1:  RUNNING CANDIDATE s1@group-A7200166065B:t35, leader=null, voted=s1, raftlog=s1@group-A7200166065B-SegmentedRaftLog:OPENED:c-1,f0,i0, conf=0: [s0:0.0.0.0:33663, s1:0.0.0.0:41738, s2:0.0.0.0:43966], old=null RUNNING
  s2:  RUNNING CANDIDATE s2@group-A7200166065B:t35, leader=null, voted=s2, raftlog=s2@group-A7200166065B-SegmentedRaftLog:OPENED:c-1,f0,i0, conf=0: [s0:0.0.0.0:33663, s1:0.0.0.0:41738, s2:0.0.0.0:43966], old=null RUNNING, sleep 450ms and then retry.
java.lang.IllegalStateException: No leader yet : printing ALL groups
  s0:  RUNNING CANDIDATE s0@group-A7200166065B:t35, leader=null, voted=s0, raftlog=s0@group-A7200166065B-SegmentedRaftLog:OPENED:c0,f0,i0, conf=0: [s0:0.0.0.0:33663, s1:0.0.0.0:41738, s2:0.0.0.0:43966], old=null RUNNING
  s1:  RUNNING CANDIDATE s1@group-A7200166065B:t35, leader=null, voted=s1, raftlog=s1@group-A7200166065B-SegmentedRaftLog:OPENED:c-1,f0,i0, conf=0: [s0:0.0.0.0:33663, s1:0.0.0.0:41738, s2:0.0.0.0:43966], old=null RUNNING
  s2:  RUNNING CANDIDATE s2@group-A7200166065B:t35, leader=null, voted=s2, raftlog=s2@group-A7200166065B-SegmentedRaftLog:OPENED:c-1,f0,i0, conf=0: [s0:0.0.0.0:33663, s1:0.0.0.0:41738, s2:0.0.0.0:43966], old=null RUNNING
	at org.apache.ratis.MiniRaftCluster.newIllegalStateExceptionForNoLeaders(MiniRaftCluster.java:506)
	at org.apache.ratis.RaftTestUtil.lambda$waitForLeader$1(RaftTestUtil.java:90)
	at org.apache.ratis.MiniRaftCluster.getLeader(MiniRaftCluster.java:539)
	at org.apache.ratis.MiniRaftCluster.getLeader(MiniRaftCluster.java:532)
	at org.apache.ratis.RaftTestUtil.lambda$waitForLeader$3(RaftTestUtil.java:98)
	at org.apache.ratis.util.JavaUtils.attempt(JavaUtils.java:152)
	at org.apache.ratis.RaftTestUtil.waitForLeader(RaftTestUtil.java:97)
	at org.apache.ratis.RaftTestUtil.waitForLeader(RaftTestUtil.java:77)
	at org.apache.ratis.RaftTestUtil.waitForLeader(RaftTestUtil.java:72)
	at org.apache.ratis.RaftTestUtil.lambda$changeLeader$7(RaftTestUtil.java:363)
	at org.apache.ratis.util.JavaUtils.attempt(JavaUtils.java:152)
	at org.apache.ratis.RaftTestUtil.changeLeader(RaftTestUtil.java:362)
	at org.apache.ratis.server.impl.LeaderElectionTests.testChangeLeader(LeaderElectionTests.java:81)
	at sun.reflect.NativeMethodAccessorImpl.invoke0(Native Method)
	at sun.reflect.NativeMethodAccessorImpl.invoke(NativeMethodAccessorImpl.java:62)
	at sun.reflect.DelegatingMethodAccessorImpl.invoke(DelegatingMethodAccessorImpl.java:43)
	at java.lang.reflect.Method.invoke(Method.java:498)
	at org.junit.runners.model.FrameworkMethod$1.runReflectiveCall(FrameworkMethod.java:50)
	at org.junit.internal.runners.model.ReflectiveCallable.run(ReflectiveCallable.java:12)
	at org.junit.runners.model.FrameworkMethod.invokeExplosively(FrameworkMethod.java:47)
	at org.junit.internal.runners.statements.InvokeMethod.evaluate(InvokeMethod.java:17)
	at org.junit.internal.runners.statements.RunAfters.evaluate(RunAfters.java:27)
	at org.junit.internal.runners.statements.FailOnTimeout$CallableStatement.call(FailOnTimeout.java:298)
	at org.junit.internal.runners.statements.FailOnTimeout$CallableStatement.call(FailOnTimeout.java:292)
	at java.util.concurrent.FutureTask.run(FutureTask.java:266)
	at java.lang.Thread.run(Thread.java:748)
2019-09-24 16:31:13,331 WARN  ratis.RaftTestUtil (JavaUtils.java:attempt(158)) - FAILED "waitForLeader-null-(expectLeader? true)", attempt #77/100: java.lang.IllegalStateException: No leader yet : printing ALL groups
  s0:  RUNNING CANDIDATE s0@group-A7200166065B:t35, leader=null, voted=s0, raftlog=s0@group-A7200166065B-SegmentedRaftLog:OPENED:c0,f0,i0, conf=0: [s0:0.0.0.0:33663, s1:0.0.0.0:41738, s2:0.0.0.0:43966], old=null RUNNING
  s1:  RUNNING CANDIDATE s1@group-A7200166065B:t35, leader=null, voted=s1, raftlog=s1@group-A7200166065B-SegmentedRaftLog:OPENED:c-1,f0,i0, conf=0: [s0:0.0.0.0:33663, s1:0.0.0.0:41738, s2:0.0.0.0:43966], old=null RUNNING
  s2:  RUNNING CANDIDATE s2@group-A7200166065B:t35, leader=null, voted=s2, raftlog=s2@group-A7200166065B-SegmentedRaftLog:OPENED:c-1,f0,i0, conf=0: [s0:0.0.0.0:33663, s1:0.0.0.0:41738, s2:0.0.0.0:43966], old=null RUNNING, sleep 450ms and then retry.
java.lang.IllegalStateException: No leader yet : printing ALL groups
  s0:  RUNNING CANDIDATE s0@group-A7200166065B:t35, leader=null, voted=s0, raftlog=s0@group-A7200166065B-SegmentedRaftLog:OPENED:c0,f0,i0, conf=0: [s0:0.0.0.0:33663, s1:0.0.0.0:41738, s2:0.0.0.0:43966], old=null RUNNING
  s1:  RUNNING CANDIDATE s1@group-A7200166065B:t35, leader=null, voted=s1, raftlog=s1@group-A7200166065B-SegmentedRaftLog:OPENED:c-1,f0,i0, conf=0: [s0:0.0.0.0:33663, s1:0.0.0.0:41738, s2:0.0.0.0:43966], old=null RUNNING
  s2:  RUNNING CANDIDATE s2@group-A7200166065B:t35, leader=null, voted=s2, raftlog=s2@group-A7200166065B-SegmentedRaftLog:OPENED:c-1,f0,i0, conf=0: [s0:0.0.0.0:33663, s1:0.0.0.0:41738, s2:0.0.0.0:43966], old=null RUNNING
	at org.apache.ratis.MiniRaftCluster.newIllegalStateExceptionForNoLeaders(MiniRaftCluster.java:506)
	at org.apache.ratis.RaftTestUtil.lambda$waitForLeader$1(RaftTestUtil.java:90)
	at org.apache.ratis.MiniRaftCluster.getLeader(MiniRaftCluster.java:539)
	at org.apache.ratis.MiniRaftCluster.getLeader(MiniRaftCluster.java:532)
	at org.apache.ratis.RaftTestUtil.lambda$waitForLeader$3(RaftTestUtil.java:98)
	at org.apache.ratis.util.JavaUtils.attempt(JavaUtils.java:152)
	at org.apache.ratis.RaftTestUtil.waitForLeader(RaftTestUtil.java:97)
	at org.apache.ratis.RaftTestUtil.waitForLeader(RaftTestUtil.java:77)
	at org.apache.ratis.RaftTestUtil.waitForLeader(RaftTestUtil.java:72)
	at org.apache.ratis.RaftTestUtil.lambda$changeLeader$7(RaftTestUtil.java:363)
	at org.apache.ratis.util.JavaUtils.attempt(JavaUtils.java:152)
	at org.apache.ratis.RaftTestUtil.changeLeader(RaftTestUtil.java:362)
	at org.apache.ratis.server.impl.LeaderElectionTests.testChangeLeader(LeaderElectionTests.java:81)
	at sun.reflect.NativeMethodAccessorImpl.invoke0(Native Method)
	at sun.reflect.NativeMethodAccessorImpl.invoke(NativeMethodAccessorImpl.java:62)
	at sun.reflect.DelegatingMethodAccessorImpl.invoke(DelegatingMethodAccessorImpl.java:43)
	at java.lang.reflect.Method.invoke(Method.java:498)
	at org.junit.runners.model.FrameworkMethod$1.runReflectiveCall(FrameworkMethod.java:50)
	at org.junit.internal.runners.model.ReflectiveCallable.run(ReflectiveCallable.java:12)
	at org.junit.runners.model.FrameworkMethod.invokeExplosively(FrameworkMethod.java:47)
	at org.junit.internal.runners.statements.InvokeMethod.evaluate(InvokeMethod.java:17)
	at org.junit.internal.runners.statements.RunAfters.evaluate(RunAfters.java:27)
	at org.junit.internal.runners.statements.FailOnTimeout$CallableStatement.call(FailOnTimeout.java:298)
	at org.junit.internal.runners.statements.FailOnTimeout$CallableStatement.call(FailOnTimeout.java:292)
	at java.util.concurrent.FutureTask.run(FutureTask.java:266)
	at java.lang.Thread.run(Thread.java:748)
2019-09-24 16:31:13,782 WARN  ratis.RaftTestUtil (JavaUtils.java:attempt(158)) - FAILED "waitForLeader-null-(expectLeader? true)", attempt #78/100: java.lang.IllegalStateException: No leader yet : printing ALL groups
  s0:  RUNNING CANDIDATE s0@group-A7200166065B:t35, leader=null, voted=s0, raftlog=s0@group-A7200166065B-SegmentedRaftLog:OPENED:c0,f0,i0, conf=0: [s0:0.0.0.0:33663, s1:0.0.0.0:41738, s2:0.0.0.0:43966], old=null RUNNING
  s1:  RUNNING CANDIDATE s1@group-A7200166065B:t35, leader=null, voted=s1, raftlog=s1@group-A7200166065B-SegmentedRaftLog:OPENED:c-1,f0,i0, conf=0: [s0:0.0.0.0:33663, s1:0.0.0.0:41738, s2:0.0.0.0:43966], old=null RUNNING
  s2:  RUNNING CANDIDATE s2@group-A7200166065B:t35, leader=null, voted=s2, raftlog=s2@group-A7200166065B-SegmentedRaftLog:OPENED:c-1,f0,i0, conf=0: [s0:0.0.0.0:33663, s1:0.0.0.0:41738, s2:0.0.0.0:43966], old=null RUNNING, sleep 450ms and then retry.
java.lang.IllegalStateException: No leader yet : printing ALL groups
  s0:  RUNNING CANDIDATE s0@group-A7200166065B:t35, leader=null, voted=s0, raftlog=s0@group-A7200166065B-SegmentedRaftLog:OPENED:c0,f0,i0, conf=0: [s0:0.0.0.0:33663, s1:0.0.0.0:41738, s2:0.0.0.0:43966], old=null RUNNING
  s1:  RUNNING CANDIDATE s1@group-A7200166065B:t35, leader=null, voted=s1, raftlog=s1@group-A7200166065B-SegmentedRaftLog:OPENED:c-1,f0,i0, conf=0: [s0:0.0.0.0:33663, s1:0.0.0.0:41738, s2:0.0.0.0:43966], old=null RUNNING
  s2:  RUNNING CANDIDATE s2@group-A7200166065B:t35, leader=null, voted=s2, raftlog=s2@group-A7200166065B-SegmentedRaftLog:OPENED:c-1,f0,i0, conf=0: [s0:0.0.0.0:33663, s1:0.0.0.0:41738, s2:0.0.0.0:43966], old=null RUNNING
	at org.apache.ratis.MiniRaftCluster.newIllegalStateExceptionForNoLeaders(MiniRaftCluster.java:506)
	at org.apache.ratis.RaftTestUtil.lambda$waitForLeader$1(RaftTestUtil.java:90)
	at org.apache.ratis.MiniRaftCluster.getLeader(MiniRaftCluster.java:539)
	at org.apache.ratis.MiniRaftCluster.getLeader(MiniRaftCluster.java:532)
	at org.apache.ratis.RaftTestUtil.lambda$waitForLeader$3(RaftTestUtil.java:98)
	at org.apache.ratis.util.JavaUtils.attempt(JavaUtils.java:152)
	at org.apache.ratis.RaftTestUtil.waitForLeader(RaftTestUtil.java:97)
	at org.apache.ratis.RaftTestUtil.waitForLeader(RaftTestUtil.java:77)
	at org.apache.ratis.RaftTestUtil.waitForLeader(RaftTestUtil.java:72)
	at org.apache.ratis.RaftTestUtil.lambda$changeLeader$7(RaftTestUtil.java:363)
	at org.apache.ratis.util.JavaUtils.attempt(JavaUtils.java:152)
	at org.apache.ratis.RaftTestUtil.changeLeader(RaftTestUtil.java:362)
	at org.apache.ratis.server.impl.LeaderElectionTests.testChangeLeader(LeaderElectionTests.java:81)
	at sun.reflect.NativeMethodAccessorImpl.invoke0(Native Method)
	at sun.reflect.NativeMethodAccessorImpl.invoke(NativeMethodAccessorImpl.java:62)
	at sun.reflect.DelegatingMethodAccessorImpl.invoke(DelegatingMethodAccessorImpl.java:43)
	at java.lang.reflect.Method.invoke(Method.java:498)
	at org.junit.runners.model.FrameworkMethod$1.runReflectiveCall(FrameworkMethod.java:50)
	at org.junit.internal.runners.model.ReflectiveCallable.run(ReflectiveCallable.java:12)
	at org.junit.runners.model.FrameworkMethod.invokeExplosively(FrameworkMethod.java:47)
	at org.junit.internal.runners.statements.InvokeMethod.evaluate(InvokeMethod.java:17)
	at org.junit.internal.runners.statements.RunAfters.evaluate(RunAfters.java:27)
	at org.junit.internal.runners.statements.FailOnTimeout$CallableStatement.call(FailOnTimeout.java:298)
	at org.junit.internal.runners.statements.FailOnTimeout$CallableStatement.call(FailOnTimeout.java:292)
	at java.util.concurrent.FutureTask.run(FutureTask.java:266)
	at java.lang.Thread.run(Thread.java:748)
2019-09-24 16:31:14,233 WARN  ratis.RaftTestUtil (JavaUtils.java:attempt(158)) - FAILED "waitForLeader-null-(expectLeader? true)", attempt #79/100: java.lang.IllegalStateException: No leader yet : printing ALL groups
  s0:  RUNNING CANDIDATE s0@group-A7200166065B:t35, leader=null, voted=s0, raftlog=s0@group-A7200166065B-SegmentedRaftLog:OPENED:c0,f0,i0, conf=0: [s0:0.0.0.0:33663, s1:0.0.0.0:41738, s2:0.0.0.0:43966], old=null RUNNING
  s1:  RUNNING CANDIDATE s1@group-A7200166065B:t35, leader=null, voted=s1, raftlog=s1@group-A7200166065B-SegmentedRaftLog:OPENED:c-1,f0,i0, conf=0: [s0:0.0.0.0:33663, s1:0.0.0.0:41738, s2:0.0.0.0:43966], old=null RUNNING
  s2:  RUNNING CANDIDATE s2@group-A7200166065B:t35, leader=null, voted=s2, raftlog=s2@group-A7200166065B-SegmentedRaftLog:OPENED:c-1,f0,i0, conf=0: [s0:0.0.0.0:33663, s1:0.0.0.0:41738, s2:0.0.0.0:43966], old=null RUNNING, sleep 450ms and then retry.
java.lang.IllegalStateException: No leader yet : printing ALL groups
  s0:  RUNNING CANDIDATE s0@group-A7200166065B:t35, leader=null, voted=s0, raftlog=s0@group-A7200166065B-SegmentedRaftLog:OPENED:c0,f0,i0, conf=0: [s0:0.0.0.0:33663, s1:0.0.0.0:41738, s2:0.0.0.0:43966], old=null RUNNING
  s1:  RUNNING CANDIDATE s1@group-A7200166065B:t35, leader=null, voted=s1, raftlog=s1@group-A7200166065B-SegmentedRaftLog:OPENED:c-1,f0,i0, conf=0: [s0:0.0.0.0:33663, s1:0.0.0.0:41738, s2:0.0.0.0:43966], old=null RUNNING
  s2:  RUNNING CANDIDATE s2@group-A7200166065B:t35, leader=null, voted=s2, raftlog=s2@group-A7200166065B-SegmentedRaftLog:OPENED:c-1,f0,i0, conf=0: [s0:0.0.0.0:33663, s1:0.0.0.0:41738, s2:0.0.0.0:43966], old=null RUNNING
	at org.apache.ratis.MiniRaftCluster.newIllegalStateExceptionForNoLeaders(MiniRaftCluster.java:506)
	at org.apache.ratis.RaftTestUtil.lambda$waitForLeader$1(RaftTestUtil.java:90)
	at org.apache.ratis.MiniRaftCluster.getLeader(MiniRaftCluster.java:539)
	at org.apache.ratis.MiniRaftCluster.getLeader(MiniRaftCluster.java:532)
	at org.apache.ratis.RaftTestUtil.lambda$waitForLeader$3(RaftTestUtil.java:98)
	at org.apache.ratis.util.JavaUtils.attempt(JavaUtils.java:152)
	at org.apache.ratis.RaftTestUtil.waitForLeader(RaftTestUtil.java:97)
	at org.apache.ratis.RaftTestUtil.waitForLeader(RaftTestUtil.java:77)
	at org.apache.ratis.RaftTestUtil.waitForLeader(RaftTestUtil.java:72)
	at org.apache.ratis.RaftTestUtil.lambda$changeLeader$7(RaftTestUtil.java:363)
	at org.apache.ratis.util.JavaUtils.attempt(JavaUtils.java:152)
	at org.apache.ratis.RaftTestUtil.changeLeader(RaftTestUtil.java:362)
	at org.apache.ratis.server.impl.LeaderElectionTests.testChangeLeader(LeaderElectionTests.java:81)
	at sun.reflect.NativeMethodAccessorImpl.invoke0(Native Method)
	at sun.reflect.NativeMethodAccessorImpl.invoke(NativeMethodAccessorImpl.java:62)
	at sun.reflect.DelegatingMethodAccessorImpl.invoke(DelegatingMethodAccessorImpl.java:43)
	at java.lang.reflect.Method.invoke(Method.java:498)
	at org.junit.runners.model.FrameworkMethod$1.runReflectiveCall(FrameworkMethod.java:50)
	at org.junit.internal.runners.model.ReflectiveCallable.run(ReflectiveCallable.java:12)
	at org.junit.runners.model.FrameworkMethod.invokeExplosively(FrameworkMethod.java:47)
	at org.junit.internal.runners.statements.InvokeMethod.evaluate(InvokeMethod.java:17)
	at org.junit.internal.runners.statements.RunAfters.evaluate(RunAfters.java:27)
	at org.junit.internal.runners.statements.FailOnTimeout$CallableStatement.call(FailOnTimeout.java:298)
	at org.junit.internal.runners.statements.FailOnTimeout$CallableStatement.call(FailOnTimeout.java:292)
	at java.util.concurrent.FutureTask.run(FutureTask.java:266)
	at java.lang.Thread.run(Thread.java:748)
2019-09-24 16:31:14,685 WARN  ratis.RaftTestUtil (JavaUtils.java:attempt(158)) - FAILED "waitForLeader-null-(expectLeader? true)", attempt #80/100: java.lang.IllegalStateException: No leader yet : printing ALL groups
  s0:  RUNNING CANDIDATE s0@group-A7200166065B:t35, leader=null, voted=s0, raftlog=s0@group-A7200166065B-SegmentedRaftLog:OPENED:c0,f0,i0, conf=0: [s0:0.0.0.0:33663, s1:0.0.0.0:41738, s2:0.0.0.0:43966], old=null RUNNING
  s1:  RUNNING CANDIDATE s1@group-A7200166065B:t35, leader=null, voted=s1, raftlog=s1@group-A7200166065B-SegmentedRaftLog:OPENED:c-1,f0,i0, conf=0: [s0:0.0.0.0:33663, s1:0.0.0.0:41738, s2:0.0.0.0:43966], old=null RUNNING
  s2:  RUNNING CANDIDATE s2@group-A7200166065B:t35, leader=null, voted=s2, raftlog=s2@group-A7200166065B-SegmentedRaftLog:OPENED:c-1,f0,i0, conf=0: [s0:0.0.0.0:33663, s1:0.0.0.0:41738, s2:0.0.0.0:43966], old=null RUNNING, sleep 450ms and then retry.
java.lang.IllegalStateException: No leader yet : printing ALL groups
  s0:  RUNNING CANDIDATE s0@group-A7200166065B:t35, leader=null, voted=s0, raftlog=s0@group-A7200166065B-SegmentedRaftLog:OPENED:c0,f0,i0, conf=0: [s0:0.0.0.0:33663, s1:0.0.0.0:41738, s2:0.0.0.0:43966], old=null RUNNING
  s1:  RUNNING CANDIDATE s1@group-A7200166065B:t35, leader=null, voted=s1, raftlog=s1@group-A7200166065B-SegmentedRaftLog:OPENED:c-1,f0,i0, conf=0: [s0:0.0.0.0:33663, s1:0.0.0.0:41738, s2:0.0.0.0:43966], old=null RUNNING
  s2:  RUNNING CANDIDATE s2@group-A7200166065B:t35, leader=null, voted=s2, raftlog=s2@group-A7200166065B-SegmentedRaftLog:OPENED:c-1,f0,i0, conf=0: [s0:0.0.0.0:33663, s1:0.0.0.0:41738, s2:0.0.0.0:43966], old=null RUNNING
	at org.apache.ratis.MiniRaftCluster.newIllegalStateExceptionForNoLeaders(MiniRaftCluster.java:506)
	at org.apache.ratis.RaftTestUtil.lambda$waitForLeader$1(RaftTestUtil.java:90)
	at org.apache.ratis.MiniRaftCluster.getLeader(MiniRaftCluster.java:539)
	at org.apache.ratis.MiniRaftCluster.getLeader(MiniRaftCluster.java:532)
	at org.apache.ratis.RaftTestUtil.lambda$waitForLeader$3(RaftTestUtil.java:98)
	at org.apache.ratis.util.JavaUtils.attempt(JavaUtils.java:152)
	at org.apache.ratis.RaftTestUtil.waitForLeader(RaftTestUtil.java:97)
	at org.apache.ratis.RaftTestUtil.waitForLeader(RaftTestUtil.java:77)
	at org.apache.ratis.RaftTestUtil.waitForLeader(RaftTestUtil.java:72)
	at org.apache.ratis.RaftTestUtil.lambda$changeLeader$7(RaftTestUtil.java:363)
	at org.apache.ratis.util.JavaUtils.attempt(JavaUtils.java:152)
	at org.apache.ratis.RaftTestUtil.changeLeader(RaftTestUtil.java:362)
	at org.apache.ratis.server.impl.LeaderElectionTests.testChangeLeader(LeaderElectionTests.java:81)
	at sun.reflect.NativeMethodAccessorImpl.invoke0(Native Method)
	at sun.reflect.NativeMethodAccessorImpl.invoke(NativeMethodAccessorImpl.java:62)
	at sun.reflect.DelegatingMethodAccessorImpl.invoke(DelegatingMethodAccessorImpl.java:43)
	at java.lang.reflect.Method.invoke(Method.java:498)
	at org.junit.runners.model.FrameworkMethod$1.runReflectiveCall(FrameworkMethod.java:50)
	at org.junit.internal.runners.model.ReflectiveCallable.run(ReflectiveCallable.java:12)
	at org.junit.runners.model.FrameworkMethod.invokeExplosively(FrameworkMethod.java:47)
	at org.junit.internal.runners.statements.InvokeMethod.evaluate(InvokeMethod.java:17)
	at org.junit.internal.runners.statements.RunAfters.evaluate(RunAfters.java:27)
	at org.junit.internal.runners.statements.FailOnTimeout$CallableStatement.call(FailOnTimeout.java:298)
	at org.junit.internal.runners.statements.FailOnTimeout$CallableStatement.call(FailOnTimeout.java:292)
	at java.util.concurrent.FutureTask.run(FutureTask.java:266)
	at java.lang.Thread.run(Thread.java:748)
2019-09-24 16:31:14,803 INFO  impl.LeaderElection (LeaderElection.java:askForVotes(178)) - s0@group-A7200166065B-LeaderElection131: begin an election at term 35 for 0: [s0:0.0.0.0:33663, s1:0.0.0.0:41738, s2:0.0.0.0:43966], old=null
2019-09-24 16:31:14,803 INFO  impl.LeaderElection (LeaderElection.java:askForVotes(178)) - s1@group-A7200166065B-LeaderElection169: begin an election at term 35 for 0: [s0:0.0.0.0:33663, s1:0.0.0.0:41738, s2:0.0.0.0:43966], old=null
2019-09-24 16:31:14,803 INFO  impl.LeaderElection (LeaderElection.java:askForVotes(178)) - s2@group-A7200166065B-LeaderElection168: begin an election at term 35 for 0: [s0:0.0.0.0:33663, s1:0.0.0.0:41738, s2:0.0.0.0:43966], old=null
2019-09-24 16:31:14,804 DEBUG impl.RaftServerImpl (RaftServerImpl.java:requestVote(743)) - s0@group-A7200166065B: receive requestVote(s1, group-A7200166065B, 35, (t:3, i:0))
2019-09-24 16:31:14,805 DEBUG impl.RaftServerImpl (RaftServerImpl.java:requestVote(743)) - s2@group-A7200166065B: receive requestVote(s1, group-A7200166065B, 35, (t:3, i:0))
2019-09-24 16:31:14,804 DEBUG impl.RaftServerImpl (RaftServerImpl.java:requestVote(743)) - s0@group-A7200166065B: receive requestVote(s2, group-A7200166065B, 35, (t:3, i:0))
2019-09-24 16:31:14,804 DEBUG impl.RaftServerImpl (RaftServerImpl.java:requestVote(743)) - s1@group-A7200166065B: receive requestVote(s2, group-A7200166065B, 35, (t:3, i:0))
2019-09-24 16:31:14,805 DEBUG impl.RaftServerImpl (RaftServerImpl.java:requestVote(775)) - s2@group-A7200166065B replies to vote request: s1<-s2#0:FAIL-t35. Peer's state: s2@group-A7200166065B:t35, leader=null, voted=s2, raftlog=s2@group-A7200166065B-SegmentedRaftLog:OPENED:c-1,f0,i0, conf=0: [s0:0.0.0.0:33663, s1:0.0.0.0:41738, s2:0.0.0.0:43966], old=null
2019-09-24 16:31:14,805 DEBUG impl.RaftServerImpl (RaftServerImpl.java:requestVote(775)) - s0@group-A7200166065B replies to vote request: s1<-s0#0:FAIL-t35. Peer's state: s0@group-A7200166065B:t35, leader=null, voted=s0, raftlog=s0@group-A7200166065B-SegmentedRaftLog:OPENED:c0,f0,i0, conf=0: [s0:0.0.0.0:33663, s1:0.0.0.0:41738, s2:0.0.0.0:43966], old=null
2019-09-24 16:31:14,806 DEBUG impl.RaftServerImpl (RaftServerImpl.java:requestVote(775)) - s1@group-A7200166065B replies to vote request: s2<-s1#0:FAIL-t35. Peer's state: s1@group-A7200166065B:t35, leader=null, voted=s1, raftlog=s1@group-A7200166065B-SegmentedRaftLog:OPENED:c-1,f0,i0, conf=0: [s0:0.0.0.0:33663, s1:0.0.0.0:41738, s2:0.0.0.0:43966], old=null
2019-09-24 16:31:14,807 DEBUG impl.RaftServerImpl (RaftServerImpl.java:requestVote(775)) - s0@group-A7200166065B replies to vote request: s2<-s0#0:FAIL-t35. Peer's state: s0@group-A7200166065B:t35, leader=null, voted=s0, raftlog=s0@group-A7200166065B-SegmentedRaftLog:OPENED:c0,f0,i0, conf=0: [s0:0.0.0.0:33663, s1:0.0.0.0:41738, s2:0.0.0.0:43966], old=null
2019-09-24 16:31:14,807 INFO  impl.LeaderElection (LeaderElection.java:logAndReturn(56)) - s1@group-A7200166065B-LeaderElection169: Election REJECTED; received 2 response(s) [s1<-s0#0:FAIL-t35, s1<-s2#0:FAIL-t35] and 0 exception(s); s1@group-A7200166065B:t35, leader=null, voted=s1, raftlog=s1@group-A7200166065B-SegmentedRaftLog:OPENED:c-1,f0,i0, conf=0: [s0:0.0.0.0:33663, s1:0.0.0.0:41738, s2:0.0.0.0:43966], old=null
2019-09-24 16:31:14,807 INFO  impl.RaftServerImpl (RaftServerImpl.java:setRole(170)) - s1@group-A7200166065B: changes role from CANDIDATE to FOLLOWER at term 35 for DISCOVERED_A_NEW_TERM
2019-09-24 16:31:14,808 INFO  impl.LeaderElection (LeaderElection.java:logAndReturn(56)) - s2@group-A7200166065B-LeaderElection168: Election REJECTED; received 2 response(s) [s2<-s0#0:FAIL-t35, s2<-s1#0:FAIL-t35] and 0 exception(s); s2@group-A7200166065B:t35, leader=null, voted=s2, raftlog=s2@group-A7200166065B-SegmentedRaftLog:OPENED:c-1,f0,i0, conf=0: [s0:0.0.0.0:33663, s1:0.0.0.0:41738, s2:0.0.0.0:43966], old=null
2019-09-24 16:31:14,808 INFO  impl.RoleInfo (RoleInfo.java:shutdownLeaderElection(134)) - s1: shutdown LeaderElection
2019-09-24 16:31:14,808 INFO  impl.RaftServerImpl (RaftServerImpl.java:setRole(170)) - s2@group-A7200166065B: changes role from CANDIDATE to FOLLOWER at term 35 for DISCOVERED_A_NEW_TERM
2019-09-24 16:31:14,808 INFO  impl.RoleInfo (RoleInfo.java:updateAndGet(143)) - s1: start FollowerState
2019-09-24 16:31:14,808 INFO  impl.RoleInfo (RoleInfo.java:shutdownLeaderElection(134)) - s2: shutdown LeaderElection
2019-09-24 16:31:14,808 INFO  impl.RoleInfo (RoleInfo.java:updateAndGet(143)) - s2: start FollowerState
2019-09-24 16:31:14,989 INFO  impl.FollowerState (FollowerState.java:run(108)) - s1@group-A7200166065B-FollowerState: change to CANDIDATE, lastRpcTime:180ms, electionTimeout:180ms
2019-09-24 16:31:14,989 INFO  impl.RoleInfo (RoleInfo.java:shutdownFollowerState(121)) - s1: shutdown FollowerState
2019-09-24 16:31:14,989 INFO  impl.RaftServerImpl (RaftServerImpl.java:setRole(170)) - s1@group-A7200166065B: changes role from  FOLLOWER to CANDIDATE at term 35 for changeToCandidate
2019-09-24 16:31:14,989 INFO  impl.RoleInfo (RoleInfo.java:updateAndGet(143)) - s1: start LeaderElection
2019-09-24 16:31:15,009 INFO  impl.FollowerState (FollowerState.java:run(108)) - s2@group-A7200166065B-FollowerState: change to CANDIDATE, lastRpcTime:200ms, electionTimeout:200ms
2019-09-24 16:31:15,009 INFO  impl.RoleInfo (RoleInfo.java:shutdownFollowerState(121)) - s2: shutdown FollowerState
2019-09-24 16:31:15,009 INFO  impl.RaftServerImpl (RaftServerImpl.java:setRole(170)) - s2@group-A7200166065B: changes role from  FOLLOWER to CANDIDATE at term 35 for changeToCandidate
2019-09-24 16:31:15,011 INFO  impl.RoleInfo (RoleInfo.java:updateAndGet(143)) - s2: start LeaderElection
2019-09-24 16:31:15,022 INFO  impl.LeaderElection (LeaderElection.java:logAndReturn(56)) - s0@group-A7200166065B-LeaderElection131: Election TIMEOUT; received 0 response(s) [] and 0 exception(s); s0@group-A7200166065B:t35, leader=null, voted=s0, raftlog=s0@group-A7200166065B-SegmentedRaftLog:OPENED:c0,f0,i0, conf=0: [s0:0.0.0.0:33663, s1:0.0.0.0:41738, s2:0.0.0.0:43966], old=null
2019-09-24 16:31:15,136 WARN  ratis.RaftTestUtil (JavaUtils.java:attempt(158)) - FAILED "waitForLeader-null-(expectLeader? true)", attempt #81/100: java.lang.IllegalStateException: No leader yet : printing ALL groups
  s0:  RUNNING CANDIDATE s0@group-A7200166065B:t36, leader=null, voted=s0, raftlog=s0@group-A7200166065B-SegmentedRaftLog:OPENED:c0,f0,i0, conf=0: [s0:0.0.0.0:33663, s1:0.0.0.0:41738, s2:0.0.0.0:43966], old=null RUNNING
  s1:  RUNNING CANDIDATE s1@group-A7200166065B:t36, leader=null, voted=s1, raftlog=s1@group-A7200166065B-SegmentedRaftLog:OPENED:c-1,f0,i0, conf=0: [s0:0.0.0.0:33663, s1:0.0.0.0:41738, s2:0.0.0.0:43966], old=null RUNNING
  s2:  RUNNING CANDIDATE s2@group-A7200166065B:t36, leader=null, voted=s2, raftlog=s2@group-A7200166065B-SegmentedRaftLog:OPENED:c-1,f0,i0, conf=0: [s0:0.0.0.0:33663, s1:0.0.0.0:41738, s2:0.0.0.0:43966], old=null RUNNING, sleep 450ms and then retry.
java.lang.IllegalStateException: No leader yet : printing ALL groups
  s0:  RUNNING CANDIDATE s0@group-A7200166065B:t36, leader=null, voted=s0, raftlog=s0@group-A7200166065B-SegmentedRaftLog:OPENED:c0,f0,i0, conf=0: [s0:0.0.0.0:33663, s1:0.0.0.0:41738, s2:0.0.0.0:43966], old=null RUNNING
  s1:  RUNNING CANDIDATE s1@group-A7200166065B:t36, leader=null, voted=s1, raftlog=s1@group-A7200166065B-SegmentedRaftLog:OPENED:c-1,f0,i0, conf=0: [s0:0.0.0.0:33663, s1:0.0.0.0:41738, s2:0.0.0.0:43966], old=null RUNNING
  s2:  RUNNING CANDIDATE s2@group-A7200166065B:t36, leader=null, voted=s2, raftlog=s2@group-A7200166065B-SegmentedRaftLog:OPENED:c-1,f0,i0, conf=0: [s0:0.0.0.0:33663, s1:0.0.0.0:41738, s2:0.0.0.0:43966], old=null RUNNING
	at org.apache.ratis.MiniRaftCluster.newIllegalStateExceptionForNoLeaders(MiniRaftCluster.java:506)
	at org.apache.ratis.RaftTestUtil.lambda$waitForLeader$1(RaftTestUtil.java:90)
	at org.apache.ratis.MiniRaftCluster.getLeader(MiniRaftCluster.java:539)
	at org.apache.ratis.MiniRaftCluster.getLeader(MiniRaftCluster.java:532)
	at org.apache.ratis.RaftTestUtil.lambda$waitForLeader$3(RaftTestUtil.java:98)
	at org.apache.ratis.util.JavaUtils.attempt(JavaUtils.java:152)
	at org.apache.ratis.RaftTestUtil.waitForLeader(RaftTestUtil.java:97)
	at org.apache.ratis.RaftTestUtil.waitForLeader(RaftTestUtil.java:77)
	at org.apache.ratis.RaftTestUtil.waitForLeader(RaftTestUtil.java:72)
	at org.apache.ratis.RaftTestUtil.lambda$changeLeader$7(RaftTestUtil.java:363)
	at org.apache.ratis.util.JavaUtils.attempt(JavaUtils.java:152)
	at org.apache.ratis.RaftTestUtil.changeLeader(RaftTestUtil.java:362)
	at org.apache.ratis.server.impl.LeaderElectionTests.testChangeLeader(LeaderElectionTests.java:81)
	at sun.reflect.NativeMethodAccessorImpl.invoke0(Native Method)
	at sun.reflect.NativeMethodAccessorImpl.invoke(NativeMethodAccessorImpl.java:62)
	at sun.reflect.DelegatingMethodAccessorImpl.invoke(DelegatingMethodAccessorImpl.java:43)
	at java.lang.reflect.Method.invoke(Method.java:498)
	at org.junit.runners.model.FrameworkMethod$1.runReflectiveCall(FrameworkMethod.java:50)
	at org.junit.internal.runners.model.ReflectiveCallable.run(ReflectiveCallable.java:12)
	at org.junit.runners.model.FrameworkMethod.invokeExplosively(FrameworkMethod.java:47)
	at org.junit.internal.runners.statements.InvokeMethod.evaluate(InvokeMethod.java:17)
	at org.junit.internal.runners.statements.RunAfters.evaluate(RunAfters.java:27)
	at org.junit.internal.runners.statements.FailOnTimeout$CallableStatement.call(FailOnTimeout.java:298)
	at org.junit.internal.runners.statements.FailOnTimeout$CallableStatement.call(FailOnTimeout.java:292)
	at java.util.concurrent.FutureTask.run(FutureTask.java:266)
	at java.lang.Thread.run(Thread.java:748)
2019-09-24 16:31:15,491 INFO  impl.LeaderElection (LeaderElection.java:askForVotes(178)) - s1@group-A7200166065B-LeaderElection170: begin an election at term 36 for 0: [s0:0.0.0.0:33663, s1:0.0.0.0:41738, s2:0.0.0.0:43966], old=null
2019-09-24 16:31:15,491 INFO  impl.LeaderElection (LeaderElection.java:askForVotes(178)) - s2@group-A7200166065B-LeaderElection171: begin an election at term 36 for 0: [s0:0.0.0.0:33663, s1:0.0.0.0:41738, s2:0.0.0.0:43966], old=null
2019-09-24 16:31:15,491 INFO  impl.LeaderElection (LeaderElection.java:askForVotes(178)) - s0@group-A7200166065B-LeaderElection131: begin an election at term 36 for 0: [s0:0.0.0.0:33663, s1:0.0.0.0:41738, s2:0.0.0.0:43966], old=null
2019-09-24 16:31:15,491 DEBUG impl.RaftServerImpl (RaftServerImpl.java:requestVote(743)) - s0@group-A7200166065B: receive requestVote(s1, group-A7200166065B, 36, (t:3, i:0))
2019-09-24 16:31:15,492 DEBUG impl.RaftServerImpl (RaftServerImpl.java:requestVote(743)) - s0@group-A7200166065B: receive requestVote(s2, group-A7200166065B, 36, (t:3, i:0))
2019-09-24 16:31:15,492 DEBUG impl.RaftServerImpl (RaftServerImpl.java:requestVote(743)) - s2@group-A7200166065B: receive requestVote(s1, group-A7200166065B, 36, (t:3, i:0))
2019-09-24 16:31:15,492 DEBUG impl.RaftServerImpl (RaftServerImpl.java:requestVote(743)) - s1@group-A7200166065B: receive requestVote(s2, group-A7200166065B, 36, (t:3, i:0))
2019-09-24 16:31:15,492 DEBUG impl.RaftServerImpl (RaftServerImpl.java:requestVote(775)) - s0@group-A7200166065B replies to vote request: s1<-s0#0:FAIL-t36. Peer's state: s0@group-A7200166065B:t36, leader=null, voted=s0, raftlog=s0@group-A7200166065B-SegmentedRaftLog:OPENED:c0,f0,i0, conf=0: [s0:0.0.0.0:33663, s1:0.0.0.0:41738, s2:0.0.0.0:43966], old=null
2019-09-24 16:31:15,493 DEBUG impl.RaftServerImpl (RaftServerImpl.java:requestVote(775)) - s1@group-A7200166065B replies to vote request: s2<-s1#0:FAIL-t36. Peer's state: s1@group-A7200166065B:t36, leader=null, voted=s1, raftlog=s1@group-A7200166065B-SegmentedRaftLog:OPENED:c-1,f0,i0, conf=0: [s0:0.0.0.0:33663, s1:0.0.0.0:41738, s2:0.0.0.0:43966], old=null
2019-09-24 16:31:15,493 DEBUG impl.RaftServerImpl (RaftServerImpl.java:requestVote(775)) - s2@group-A7200166065B replies to vote request: s1<-s2#0:FAIL-t36. Peer's state: s2@group-A7200166065B:t36, leader=null, voted=s2, raftlog=s2@group-A7200166065B-SegmentedRaftLog:OPENED:c-1,f0,i0, conf=0: [s0:0.0.0.0:33663, s1:0.0.0.0:41738, s2:0.0.0.0:43966], old=null
2019-09-24 16:31:15,493 DEBUG impl.RaftServerImpl (RaftServerImpl.java:requestVote(775)) - s0@group-A7200166065B replies to vote request: s2<-s0#0:FAIL-t36. Peer's state: s0@group-A7200166065B:t36, leader=null, voted=s0, raftlog=s0@group-A7200166065B-SegmentedRaftLog:OPENED:c0,f0,i0, conf=0: [s0:0.0.0.0:33663, s1:0.0.0.0:41738, s2:0.0.0.0:43966], old=null
2019-09-24 16:31:15,494 INFO  impl.LeaderElection (LeaderElection.java:logAndReturn(56)) - s1@group-A7200166065B-LeaderElection170: Election REJECTED; received 2 response(s) [s1<-s0#0:FAIL-t36, s1<-s2#0:FAIL-t36] and 0 exception(s); s1@group-A7200166065B:t36, leader=null, voted=s1, raftlog=s1@group-A7200166065B-SegmentedRaftLog:OPENED:c-1,f0,i0, conf=0: [s0:0.0.0.0:33663, s1:0.0.0.0:41738, s2:0.0.0.0:43966], old=null
2019-09-24 16:31:15,494 INFO  impl.RaftServerImpl (RaftServerImpl.java:setRole(170)) - s1@group-A7200166065B: changes role from CANDIDATE to FOLLOWER at term 36 for DISCOVERED_A_NEW_TERM
2019-09-24 16:31:15,494 INFO  impl.LeaderElection (LeaderElection.java:logAndReturn(56)) - s2@group-A7200166065B-LeaderElection171: Election REJECTED; received 2 response(s) [s2<-s0#0:FAIL-t36, s2<-s1#0:FAIL-t36] and 0 exception(s); s2@group-A7200166065B:t36, leader=null, voted=s2, raftlog=s2@group-A7200166065B-SegmentedRaftLog:OPENED:c-1,f0,i0, conf=0: [s0:0.0.0.0:33663, s1:0.0.0.0:41738, s2:0.0.0.0:43966], old=null
2019-09-24 16:31:15,494 INFO  impl.RoleInfo (RoleInfo.java:shutdownLeaderElection(134)) - s1: shutdown LeaderElection
2019-09-24 16:31:15,495 INFO  impl.RaftServerImpl (RaftServerImpl.java:setRole(170)) - s2@group-A7200166065B: changes role from CANDIDATE to FOLLOWER at term 36 for DISCOVERED_A_NEW_TERM
2019-09-24 16:31:15,495 INFO  impl.RoleInfo (RoleInfo.java:updateAndGet(143)) - s1: start FollowerState
2019-09-24 16:31:15,495 INFO  impl.RoleInfo (RoleInfo.java:shutdownLeaderElection(134)) - s2: shutdown LeaderElection
2019-09-24 16:31:15,495 INFO  impl.RoleInfo (RoleInfo.java:updateAndGet(143)) - s2: start FollowerState
2019-09-24 16:31:15,587 WARN  ratis.RaftTestUtil (JavaUtils.java:attempt(158)) - FAILED "waitForLeader-null-(expectLeader? true)", attempt #82/100: java.lang.IllegalStateException: No leader yet : printing ALL groups
  s0:  RUNNING CANDIDATE s0@group-A7200166065B:t36, leader=null, voted=s0, raftlog=s0@group-A7200166065B-SegmentedRaftLog:OPENED:c0,f0,i0, conf=0: [s0:0.0.0.0:33663, s1:0.0.0.0:41738, s2:0.0.0.0:43966], old=null RUNNING
  s1:  RUNNING  FOLLOWER s1@group-A7200166065B:t36, leader=null, voted=s1, raftlog=s1@group-A7200166065B-SegmentedRaftLog:OPENED:c-1,f0,i0, conf=0: [s0:0.0.0.0:33663, s1:0.0.0.0:41738, s2:0.0.0.0:43966], old=null RUNNING
  s2:  RUNNING  FOLLOWER s2@group-A7200166065B:t36, leader=null, voted=s2, raftlog=s2@group-A7200166065B-SegmentedRaftLog:OPENED:c-1,f0,i0, conf=0: [s0:0.0.0.0:33663, s1:0.0.0.0:41738, s2:0.0.0.0:43966], old=null RUNNING, sleep 450ms and then retry.
java.lang.IllegalStateException: No leader yet : printing ALL groups
  s0:  RUNNING CANDIDATE s0@group-A7200166065B:t36, leader=null, voted=s0, raftlog=s0@group-A7200166065B-SegmentedRaftLog:OPENED:c0,f0,i0, conf=0: [s0:0.0.0.0:33663, s1:0.0.0.0:41738, s2:0.0.0.0:43966], old=null RUNNING
  s1:  RUNNING  FOLLOWER s1@group-A7200166065B:t36, leader=null, voted=s1, raftlog=s1@group-A7200166065B-SegmentedRaftLog:OPENED:c-1,f0,i0, conf=0: [s0:0.0.0.0:33663, s1:0.0.0.0:41738, s2:0.0.0.0:43966], old=null RUNNING
  s2:  RUNNING  FOLLOWER s2@group-A7200166065B:t36, leader=null, voted=s2, raftlog=s2@group-A7200166065B-SegmentedRaftLog:OPENED:c-1,f0,i0, conf=0: [s0:0.0.0.0:33663, s1:0.0.0.0:41738, s2:0.0.0.0:43966], old=null RUNNING
	at org.apache.ratis.MiniRaftCluster.newIllegalStateExceptionForNoLeaders(MiniRaftCluster.java:506)
	at org.apache.ratis.RaftTestUtil.lambda$waitForLeader$1(RaftTestUtil.java:90)
	at org.apache.ratis.MiniRaftCluster.getLeader(MiniRaftCluster.java:539)
	at org.apache.ratis.MiniRaftCluster.getLeader(MiniRaftCluster.java:532)
	at org.apache.ratis.RaftTestUtil.lambda$waitForLeader$3(RaftTestUtil.java:98)
	at org.apache.ratis.util.JavaUtils.attempt(JavaUtils.java:152)
	at org.apache.ratis.RaftTestUtil.waitForLeader(RaftTestUtil.java:97)
	at org.apache.ratis.RaftTestUtil.waitForLeader(RaftTestUtil.java:77)
	at org.apache.ratis.RaftTestUtil.waitForLeader(RaftTestUtil.java:72)
	at org.apache.ratis.RaftTestUtil.lambda$changeLeader$7(RaftTestUtil.java:363)
	at org.apache.ratis.util.JavaUtils.attempt(JavaUtils.java:152)
	at org.apache.ratis.RaftTestUtil.changeLeader(RaftTestUtil.java:362)
	at org.apache.ratis.server.impl.LeaderElectionTests.testChangeLeader(LeaderElectionTests.java:81)
	at sun.reflect.NativeMethodAccessorImpl.invoke0(Native Method)
	at sun.reflect.NativeMethodAccessorImpl.invoke(NativeMethodAccessorImpl.java:62)
	at sun.reflect.DelegatingMethodAccessorImpl.invoke(DelegatingMethodAccessorImpl.java:43)
	at java.lang.reflect.Method.invoke(Method.java:498)
	at org.junit.runners.model.FrameworkMethod$1.runReflectiveCall(FrameworkMethod.java:50)
	at org.junit.internal.runners.model.ReflectiveCallable.run(ReflectiveCallable.java:12)
	at org.junit.runners.model.FrameworkMethod.invokeExplosively(FrameworkMethod.java:47)
	at org.junit.internal.runners.statements.InvokeMethod.evaluate(InvokeMethod.java:17)
	at org.junit.internal.runners.statements.RunAfters.evaluate(RunAfters.java:27)
	at org.junit.internal.runners.statements.FailOnTimeout$CallableStatement.call(FailOnTimeout.java:298)
	at org.junit.internal.runners.statements.FailOnTimeout$CallableStatement.call(FailOnTimeout.java:292)
	at java.util.concurrent.FutureTask.run(FutureTask.java:266)
	at java.lang.Thread.run(Thread.java:748)
2019-09-24 16:31:15,693 INFO  impl.FollowerState (FollowerState.java:run(108)) - s2@group-A7200166065B-FollowerState: change to CANDIDATE, lastRpcTime:197ms, electionTimeout:197ms
2019-09-24 16:31:15,693 INFO  impl.RoleInfo (RoleInfo.java:shutdownFollowerState(121)) - s2: shutdown FollowerState
2019-09-24 16:31:15,693 INFO  impl.RaftServerImpl (RaftServerImpl.java:setRole(170)) - s2@group-A7200166065B: changes role from  FOLLOWER to CANDIDATE at term 36 for changeToCandidate
2019-09-24 16:31:15,693 INFO  impl.RoleInfo (RoleInfo.java:updateAndGet(143)) - s2: start LeaderElection
2019-09-24 16:31:15,707 INFO  impl.LeaderElection (LeaderElection.java:askForVotes(178)) - s2@group-A7200166065B-LeaderElection172: begin an election at term 37 for 0: [s0:0.0.0.0:33663, s1:0.0.0.0:41738, s2:0.0.0.0:43966], old=null
2019-09-24 16:31:15,708 DEBUG impl.RaftServerImpl (RaftServerImpl.java:requestVote(743)) - s0@group-A7200166065B: receive requestVote(s2, group-A7200166065B, 37, (t:3, i:0))
2019-09-24 16:31:15,708 DEBUG impl.RaftServerImpl (RaftServerImpl.java:requestVote(743)) - s1@group-A7200166065B: receive requestVote(s2, group-A7200166065B, 37, (t:3, i:0))
2019-09-24 16:31:15,708 INFO  impl.RaftServerImpl (RaftServerImpl.java:setRole(170)) - s0@group-A7200166065B: changes role from CANDIDATE to FOLLOWER at term 37 for recognizeCandidate:s2
2019-09-24 16:31:15,709 INFO  impl.RaftServerImpl (RaftServerImpl.java:setRole(170)) - s1@group-A7200166065B: changes role from  FOLLOWER to FOLLOWER at term 37 for recognizeCandidate:s2
2019-09-24 16:31:15,709 INFO  impl.RoleInfo (RoleInfo.java:shutdownLeaderElection(134)) - s0: shutdown LeaderElection
2019-09-24 16:31:15,709 INFO  impl.RoleInfo (RoleInfo.java:shutdownFollowerState(121)) - s1: shutdown FollowerState
2019-09-24 16:31:15,709 INFO  impl.RoleInfo (RoleInfo.java:updateAndGet(143)) - s0: start FollowerState
2019-09-24 16:31:15,710 INFO  impl.RoleInfo (RoleInfo.java:updateAndGet(143)) - s1: start FollowerState
2019-09-24 16:31:15,710 INFO  impl.FollowerState (FollowerState.java:run(117)) - s1@group-A7200166065B-FollowerState was interrupted: java.lang.InterruptedException: sleep interrupted
2019-09-24 16:31:15,723 DEBUG impl.RaftServerImpl (RaftServerImpl.java:requestVote(775)) - s0@group-A7200166065B replies to vote request: s2<-s0#0:FAIL-t37. Peer's state: s0@group-A7200166065B:t37, leader=null, voted=null, raftlog=s0@group-A7200166065B-SegmentedRaftLog:OPENED:c0,f0,i0, conf=0: [s0:0.0.0.0:33663, s1:0.0.0.0:41738, s2:0.0.0.0:43966], old=null
2019-09-24 16:31:15,723 DEBUG impl.RaftServerImpl (RaftServerImpl.java:requestVote(775)) - s1@group-A7200166065B replies to vote request: s2<-s1#0:OK-t37. Peer's state: s1@group-A7200166065B:t37, leader=null, voted=s2, raftlog=s1@group-A7200166065B-SegmentedRaftLog:OPENED:c-1,f0,i0, conf=0: [s0:0.0.0.0:33663, s1:0.0.0.0:41738, s2:0.0.0.0:43966], old=null
2019-09-24 16:31:15,724 INFO  impl.LeaderElection (LeaderElection.java:logAndReturn(56)) - s2@group-A7200166065B-LeaderElection172: Election PASSED; received 2 response(s) [s2<-s0#0:FAIL-t37, s2<-s1#0:OK-t37] and 0 exception(s); s2@group-A7200166065B:t37, leader=null, voted=s2, raftlog=s2@group-A7200166065B-SegmentedRaftLog:OPENED:c-1,f0,i0, conf=0: [s0:0.0.0.0:33663, s1:0.0.0.0:41738, s2:0.0.0.0:43966], old=null
2019-09-24 16:31:15,725 INFO  impl.RoleInfo (RoleInfo.java:shutdownLeaderElection(134)) - s2: shutdown LeaderElection
2019-09-24 16:31:15,725 INFO  impl.RaftServerImpl (RaftServerImpl.java:setRole(170)) - s2@group-A7200166065B: changes role from CANDIDATE to LEADER at term 37 for changeToLeader
2019-09-24 16:31:15,725 INFO  impl.RaftServerImpl (ServerState.java:setLeader(254)) - s2@group-A7200166065B: change Leader from null to s2 at term 37 for becomeLeader, leader elected after 81750ms
2019-09-24 16:31:15,725 INFO  server.RaftServerConfigKeys (ConfUtils.java:logGet(43)) - raft.server.staging.catchup.gap = 1000 (default)
2019-09-24 16:31:15,726 INFO  server.RaftServerConfigKeys (ConfUtils.java:logGet(43)) - raft.server.rpc.sleep.time = 25ms (default)
2019-09-24 16:31:15,726 INFO  server.RaftServerConfigKeys (ConfUtils.java:logGet(43)) - raft.server.write.element-limit = 4096 (default)
2019-09-24 16:31:15,726 INFO  server.RaftServerConfigKeys (ConfUtils.java:logGet(43)) - raft.server.watch.timeout = 10s (default)
2019-09-24 16:31:15,726 INFO  server.RaftServerConfigKeys (ConfUtils.java:logGet(43)) - raft.server.watch.timeout.denomination = 1s (default)
2019-09-24 16:31:15,726 INFO  server.RaftServerConfigKeys (ConfUtils.java:logGet(43)) - raft.server.watch.element-limit = 65536 (default)
2019-09-24 16:31:15,730 INFO  server.RaftServerConfigKeys (ConfUtils.java:logGet(43)) - raft.server.log.appender.snapshot.chunk.size.max = 16MB (=16777216) (default)
2019-09-24 16:31:15,731 INFO  server.RaftServerConfigKeys (ConfUtils.java:logGet(43)) - raft.server.log.appender.buffer.byte-limit = 4MB (=4194304) (default)
2019-09-24 16:31:15,731 INFO  server.RaftServerConfigKeys (ConfUtils.java:logGet(43)) - raft.server.log.appender.buffer.element-limit = 0 (default)
2019-09-24 16:31:15,731 INFO  server.RaftServerConfigKeys (ConfUtils.java:logGet(43)) - raft.server.log.appender.snapshot.chunk.size.max = 16MB (=16777216) (default)
2019-09-24 16:31:15,732 INFO  server.RaftServerConfigKeys (ConfUtils.java:logGet(43)) - raft.server.log.appender.buffer.byte-limit = 4MB (=4194304) (default)
2019-09-24 16:31:15,732 INFO  server.RaftServerConfigKeys (ConfUtils.java:logGet(43)) - raft.server.log.appender.buffer.element-limit = 0 (default)
2019-09-24 16:31:15,732 INFO  impl.RoleInfo (RoleInfo.java:updateAndGet(143)) - s2: start LeaderState
2019-09-24 16:31:15,733 INFO  segmented.SegmentedRaftLogWorker (SegmentedRaftLogWorker.java:rollLogSegment(385)) - s2@group-A7200166065B-SegmentedRaftLogWorker: Rolling segment log-0_0 to index:0
2019-09-24 16:31:15,733 DEBUG segmented.SegmentedRaftLogWorker (SegmentedRaftLogWorker.java:addIOTask(251)) - s2@group-A7200166065B-SegmentedRaftLogWorker adds IO task FinalizeLogSegment:0: startIndex=0 endIndex=0
2019-09-24 16:31:15,733 DEBUG segmented.SegmentedRaftLogWorker (SegmentedRaftLogWorker.java:addIOTask(251)) - s2@group-A7200166065B-SegmentedRaftLogWorker adds IO task StartLogSegment:1
2019-09-24 16:31:15,734 DEBUG segmented.SegmentedRaftLogWorker (SegmentedRaftLogWorker.java:addIOTask(251)) - s2@group-A7200166065B-SegmentedRaftLogWorker adds IO task WriteLog:1: (t:37, i:1), CONFIGURATIONENTRY
2019-09-24 16:31:15,735 INFO  impl.RaftServerImpl (ServerState.java:setRaftConf(355)) - s2@group-A7200166065B: set configuration 1: [s0:0.0.0.0:33663, s1:0.0.0.0:41738, s2:0.0.0.0:43966], old=null at 1
2019-09-24 16:31:15,735 INFO  impl.RaftServerImpl (ServerState.java:setLeader(254)) - s0@group-A7200166065B: change Leader from null to s2 at term 37 for appendEntries, leader elected after 81516ms
2019-09-24 16:31:15,735 INFO  impl.RaftServerImpl (ServerState.java:setLeader(254)) - s1@group-A7200166065B: change Leader from null to s2 at term 37 for appendEntries, leader elected after 81753ms
2019-09-24 16:31:15,736 TRACE util.FileUtils (LogUtils.java:runAndLog(61)) - Successfully ran Files.move /workdir/ratis-test/target/test/data/15450be3/MiniRaftClusterWithNetty3af59600/s2/27bf8f2f-fbce-4cfa-95b3-a7200166065b/current/log_inprogress_0 to /workdir/ratis-test/target/test/data/15450be3/MiniRaftClusterWithNetty3af59600/s2/27bf8f2f-fbce-4cfa-95b3-a7200166065b/current/log_0-0
2019-09-24 16:31:15,737 INFO  segmented.SegmentedRaftLogWorker (SegmentedRaftLogWorker.java:execute(526)) - s2@group-A7200166065B-SegmentedRaftLogWorker: Rolled log segment from /workdir/ratis-test/target/test/data/15450be3/MiniRaftClusterWithNetty3af59600/s2/27bf8f2f-fbce-4cfa-95b3-a7200166065b/current/log_inprogress_0 to /workdir/ratis-test/target/test/data/15450be3/MiniRaftClusterWithNetty3af59600/s2/27bf8f2f-fbce-4cfa-95b3-a7200166065b/current/log_0-0
2019-09-24 16:31:15,737 TRACE segmented.SegmentedRaftLogWorker (SegmentedRaftLogWorker.java:lambda$new$1(133)) - s2@group-A7200166065B-SegmentedRaftLogWorker: flushIndex: updateIncreasingly 0 -> 0
2019-09-24 16:31:15,737 DEBUG impl.RaftServerImpl (RaftServerImpl.java:logAppendEntries(850)) - s1@group-A7200166065B: receive appendEntries(s2, 37, (t:3, i:0), -1, false, commits[s2:c-1, s0:c0, s1:c-1], entries: (t:37, i:1), CONFIGURATIONENTRY
2019-09-24 16:31:15,737 DEBUG impl.RaftServerImpl (RaftServerImpl.java:logAppendEntries(850)) - s0@group-A7200166065B: receive appendEntries(s2, 37, (t:3, i:0), -1, false, commits[s2:c-1, s0:c0, s1:c-1], entries: (t:37, i:1), CONFIGURATIONENTRY
2019-09-24 16:31:15,738 INFO  impl.RaftServerImpl (ServerState.java:setRaftConf(355)) - s1@group-A7200166065B: set configuration 1: [s0:0.0.0.0:33663, s1:0.0.0.0:41738, s2:0.0.0.0:43966], old=null at 1
2019-09-24 16:31:15,738 INFO  impl.RaftServerImpl (ServerState.java:setRaftConf(355)) - s0@group-A7200166065B: set configuration 1: [s0:0.0.0.0:33663, s1:0.0.0.0:41738, s2:0.0.0.0:43966], old=null at 1
2019-09-24 16:31:15,738 INFO  segmented.SegmentedRaftLogWorker (SegmentedRaftLogWorker.java:rollLogSegment(385)) - s1@group-A7200166065B-SegmentedRaftLogWorker: Rolling segment log-0_0 to index:0
2019-09-24 16:31:15,738 INFO  segmented.SegmentedRaftLogWorker (SegmentedRaftLogWorker.java:rollLogSegment(385)) - s0@group-A7200166065B-SegmentedRaftLogWorker: Rolling segment log-0_0 to index:0
2019-09-24 16:31:15,739 DEBUG segmented.SegmentedRaftLogWorker (SegmentedRaftLogWorker.java:addIOTask(251)) - s1@group-A7200166065B-SegmentedRaftLogWorker adds IO task FinalizeLogSegment:0: startIndex=0 endIndex=0
2019-09-24 16:31:15,739 DEBUG segmented.SegmentedRaftLogWorker (SegmentedRaftLogWorker.java:addIOTask(251)) - s0@group-A7200166065B-SegmentedRaftLogWorker adds IO task FinalizeLogSegment:0: startIndex=0 endIndex=0
2019-09-24 16:31:15,739 DEBUG segmented.SegmentedRaftLogWorker (SegmentedRaftLogWorker.java:addIOTask(251)) - s1@group-A7200166065B-SegmentedRaftLogWorker adds IO task StartLogSegment:1
2019-09-24 16:31:15,740 DEBUG segmented.SegmentedRaftLogWorker (SegmentedRaftLogWorker.java:addIOTask(251)) - s0@group-A7200166065B-SegmentedRaftLogWorker adds IO task StartLogSegment:1
2019-09-24 16:31:15,740 DEBUG segmented.SegmentedRaftLogWorker (SegmentedRaftLogWorker.java:addIOTask(251)) - s1@group-A7200166065B-SegmentedRaftLogWorker adds IO task WriteLog:1: (t:37, i:1), CONFIGURATIONENTRY
2019-09-24 16:31:15,740 DEBUG segmented.SegmentedRaftLogWorker (SegmentedRaftLogWorker.java:addIOTask(251)) - s0@group-A7200166065B-SegmentedRaftLogWorker adds IO task WriteLog:1: (t:37, i:1), CONFIGURATIONENTRY
2019-09-24 16:31:15,742 TRACE util.FileUtils (LogUtils.java:runAndLog(61)) - Successfully ran Files.move /workdir/ratis-test/target/test/data/15450be3/MiniRaftClusterWithNetty3af59600/s1/27bf8f2f-fbce-4cfa-95b3-a7200166065b/current/log_inprogress_0 to /workdir/ratis-test/target/test/data/15450be3/MiniRaftClusterWithNetty3af59600/s1/27bf8f2f-fbce-4cfa-95b3-a7200166065b/current/log_0-0
2019-09-24 16:31:15,742 INFO  segmented.SegmentedRaftLogWorker (SegmentedRaftLogWorker.java:execute(526)) - s1@group-A7200166065B-SegmentedRaftLogWorker: Rolled log segment from /workdir/ratis-test/target/test/data/15450be3/MiniRaftClusterWithNetty3af59600/s1/27bf8f2f-fbce-4cfa-95b3-a7200166065b/current/log_inprogress_0 to /workdir/ratis-test/target/test/data/15450be3/MiniRaftClusterWithNetty3af59600/s1/27bf8f2f-fbce-4cfa-95b3-a7200166065b/current/log_0-0
2019-09-24 16:31:15,742 TRACE util.FileUtils (LogUtils.java:runAndLog(61)) - Successfully ran Files.move /workdir/ratis-test/target/test/data/15450be3/MiniRaftClusterWithNetty3af59600/s0/27bf8f2f-fbce-4cfa-95b3-a7200166065b/current/log_inprogress_0 to /workdir/ratis-test/target/test/data/15450be3/MiniRaftClusterWithNetty3af59600/s0/27bf8f2f-fbce-4cfa-95b3-a7200166065b/current/log_0-0
2019-09-24 16:31:15,742 TRACE segmented.SegmentedRaftLogWorker (SegmentedRaftLogWorker.java:lambda$new$1(133)) - s1@group-A7200166065B-SegmentedRaftLogWorker: flushIndex: updateIncreasingly 0 -> 0
2019-09-24 16:31:15,742 INFO  segmented.SegmentedRaftLogWorker (SegmentedRaftLogWorker.java:execute(526)) - s0@group-A7200166065B-SegmentedRaftLogWorker: Rolled log segment from /workdir/ratis-test/target/test/data/15450be3/MiniRaftClusterWithNetty3af59600/s0/27bf8f2f-fbce-4cfa-95b3-a7200166065b/current/log_inprogress_0 to /workdir/ratis-test/target/test/data/15450be3/MiniRaftClusterWithNetty3af59600/s0/27bf8f2f-fbce-4cfa-95b3-a7200166065b/current/log_0-0
2019-09-24 16:31:15,743 TRACE segmented.SegmentedRaftLogWorker (SegmentedRaftLogWorker.java:lambda$new$1(133)) - s0@group-A7200166065B-SegmentedRaftLogWorker: flushIndex: updateIncreasingly 0 -> 0
2019-09-24 16:31:15,779 INFO  impl.LeaderElection (LeaderElection.java:logAndReturn(56)) - s0@group-A7200166065B-LeaderElection131: Election REJECTED; received 0 response(s) [] and 0 exception(s); s0@group-A7200166065B:t37, leader=s2, voted=null, raftlog=s0@group-A7200166065B-SegmentedRaftLog:OPENED:c0,f0,i1, conf=1: [s0:0.0.0.0:33663, s1:0.0.0.0:41738, s2:0.0.0.0:43966], old=null
2019-09-24 16:31:16,038 INFO  ratis.RaftTestUtil (RaftTestUtil.java:waitForLeader(101)) - printing ALL groups
  s0:  RUNNING  FOLLOWER s0@group-A7200166065B:t37, leader=s2, voted=null, raftlog=s0@group-A7200166065B-SegmentedRaftLog:OPENED:c0,f0,i1, conf=1: [s0:0.0.0.0:33663, s1:0.0.0.0:41738, s2:0.0.0.0:43966], old=null RUNNING
  s1:  RUNNING  FOLLOWER s1@group-A7200166065B:t37, leader=s2, voted=s2, raftlog=s1@group-A7200166065B-SegmentedRaftLog:OPENED:c-1,f0,i1, conf=1: [s0:0.0.0.0:33663, s1:0.0.0.0:41738, s2:0.0.0.0:43966], old=null RUNNING
  s2:  RUNNING    LEADER s2@group-A7200166065B:t37, leader=s2, voted=s2, raftlog=s2@group-A7200166065B-SegmentedRaftLog:OPENED:c-1,f0,i1, conf=1: [s0:0.0.0.0:33663, s1:0.0.0.0:41738, s2:0.0.0.0:43966], old=null RUNNING
2019-09-24 16:31:16,038 INFO  ratis.RaftTestUtil (RaftTestUtil.java:lambda$changeLeader$7(367)) - Changed leader from s0 to s2
2019-09-24 16:31:16,038 INFO  util.CodeInjectionForTesting (BlockRequestHandlingInjection.java:unblockRequestor(53)) - UnBlock requestor s0
2019-09-24 16:31:16,039 INFO  util.CodeInjectionForTesting (BlockRequestHandlingInjection.java:blockRequestor(48)) - Block requestor s2
2019-09-24 16:31:16,039 INFO  server.RaftServerConfigKeys (ConfUtils.java:logGet(43)) - raft.server.rpc.timeout.max = 300ms (default)
2019-09-24 16:31:16,039 INFO  ratis.RaftTestUtil (RaftTestUtil.java:waitForLeader(86)) - printing ALL groups
  s0:  RUNNING  FOLLOWER s0@group-A7200166065B:t37, leader=s2, voted=null, raftlog=s0@group-A7200166065B-SegmentedRaftLog:OPENED:c0,f0,i1, conf=1: [s0:0.0.0.0:33663, s1:0.0.0.0:41738, s2:0.0.0.0:43966], old=null RUNNING
  s1:  RUNNING  FOLLOWER s1@group-A7200166065B:t37, leader=s2, voted=s2, raftlog=s1@group-A7200166065B-SegmentedRaftLog:OPENED:c-1,f0,i1, conf=1: [s0:0.0.0.0:33663, s1:0.0.0.0:41738, s2:0.0.0.0:43966], old=null RUNNING
  s2:  RUNNING    LEADER s2@group-A7200166065B:t37, leader=s2, voted=s2, raftlog=s2@group-A7200166065B-SegmentedRaftLog:OPENED:c-1,f0,i1, conf=1: [s0:0.0.0.0:33663, s1:0.0.0.0:41738, s2:0.0.0.0:43966], old=null RUNNING
2019-09-24 16:31:16,040 INFO  ratis.RaftTestUtil (RaftTestUtil.java:waitForLeader(101)) - printing ALL groups
  s0:  RUNNING  FOLLOWER s0@group-A7200166065B:t37, leader=s2, voted=null, raftlog=s0@group-A7200166065B-SegmentedRaftLog:OPENED:c0,f0,i1, conf=1: [s0:0.0.0.0:33663, s1:0.0.0.0:41738, s2:0.0.0.0:43966], old=null RUNNING
  s1:  RUNNING  FOLLOWER s1@group-A7200166065B:t37, leader=s2, voted=s2, raftlog=s1@group-A7200166065B-SegmentedRaftLog:OPENED:c-1,f0,i1, conf=1: [s0:0.0.0.0:33663, s1:0.0.0.0:41738, s2:0.0.0.0:43966], old=null RUNNING
  s2:  RUNNING    LEADER s2@group-A7200166065B:t37, leader=s2, voted=s2, raftlog=s2@group-A7200166065B-SegmentedRaftLog:OPENED:c-1,f0,i1, conf=1: [s0:0.0.0.0:33663, s1:0.0.0.0:41738, s2:0.0.0.0:43966], old=null RUNNING
2019-09-24 16:31:16,040 WARN  ratis.RaftTestUtil (JavaUtils.java:attempt(158)) - FAILED "testChangeLeader-changeLeader", attempt #1/20: java.lang.IllegalStateException: Failed to change leader: newLeader == oldLeader == s2, sleep 100ms and then retry.
java.lang.IllegalStateException: Failed to change leader: newLeader == oldLeader == s2
	at org.apache.ratis.RaftTestUtil.lambda$changeLeader$7(RaftTestUtil.java:365)
	at org.apache.ratis.util.JavaUtils.attempt(JavaUtils.java:152)
	at org.apache.ratis.RaftTestUtil.changeLeader(RaftTestUtil.java:362)
	at org.apache.ratis.server.impl.LeaderElectionTests.testChangeLeader(LeaderElectionTests.java:81)
	at sun.reflect.NativeMethodAccessorImpl.invoke0(Native Method)
	at sun.reflect.NativeMethodAccessorImpl.invoke(NativeMethodAccessorImpl.java:62)
	at sun.reflect.DelegatingMethodAccessorImpl.invoke(DelegatingMethodAccessorImpl.java:43)
	at java.lang.reflect.Method.invoke(Method.java:498)
	at org.junit.runners.model.FrameworkMethod$1.runReflectiveCall(FrameworkMethod.java:50)
	at org.junit.internal.runners.model.ReflectiveCallable.run(ReflectiveCallable.java:12)
	at org.junit.runners.model.FrameworkMethod.invokeExplosively(FrameworkMethod.java:47)
	at org.junit.internal.runners.statements.InvokeMethod.evaluate(InvokeMethod.java:17)
	at org.junit.internal.runners.statements.RunAfters.evaluate(RunAfters.java:27)
	at org.junit.internal.runners.statements.FailOnTimeout$CallableStatement.call(FailOnTimeout.java:298)
	at org.junit.internal.runners.statements.FailOnTimeout$CallableStatement.call(FailOnTimeout.java:292)
	at java.util.concurrent.FutureTask.run(FutureTask.java:266)
	at java.lang.Thread.run(Thread.java:748)
2019-09-24 16:31:16,085 INFO  util.CodeInjectionForTesting (BlockRequestHandlingInjection.java:execute(82)) - s1: unBlock request from s0
2019-09-24 16:31:16,085 DEBUG impl.RaftServerImpl (RaftServerImpl.java:appendEntriesAsync(906)) - s1@group-7855650A4E0E: Not recognize s0 (term=3) as leader, state: s1@group-7855650A4E0E:t4, leader=s2, voted=s1, raftlog=s1@group-7855650A4E0E-SegmentedRaftLog:OPENED:c2,f2,i2, conf=1: [s0:0.0.0.0:38700, s1:0.0.0.0:34129, s2:0.0.0.0:38191], old=null reply: s0<-s1#0:FAIL,NOT_LEADER,nextIndex:3,term:4,followerCommit:2
2019-09-24 16:31:16,086 INFO  util.CodeInjectionForTesting (BlockRequestHandlingInjection.java:execute(82)) - s2: unBlock request from s0
2019-09-24 16:31:16,086 DEBUG impl.RaftServerImpl (RaftServerImpl.java:appendEntriesAsync(906)) - s2@group-7855650A4E0E: Not recognize s0 (term=3) as leader, state: s2@group-7855650A4E0E:t4, leader=s2, voted=s2, raftlog=s2@group-7855650A4E0E-SegmentedRaftLog:OPENED:c2,f2,i2, conf=1: [s0:0.0.0.0:38700, s1:0.0.0.0:34129, s2:0.0.0.0:38191], old=null reply: s0<-s2#0:FAIL,NOT_LEADER,nextIndex:3,term:4,followerCommit:2
2019-09-24 16:31:16,093 INFO  util.CodeInjectionForTesting (BlockRequestHandlingInjection.java:execute(76)) - s1: Block request from s2
2019-09-24 16:31:16,093 INFO  util.CodeInjectionForTesting (BlockRequestHandlingInjection.java:execute(76)) - s0: Block request from s2
2019-09-24 16:31:16,140 INFO  server.RaftServerConfigKeys (ConfUtils.java:logGet(43)) - raft.server.rpc.timeout.max = 300ms (default)
2019-09-24 16:31:16,141 INFO  ratis.RaftTestUtil (RaftTestUtil.java:waitForLeader(86)) - printing ALL groups
  s0:  RUNNING  FOLLOWER s0@group-A7200166065B:t37, leader=s2, voted=null, raftlog=s0@group-A7200166065B-SegmentedRaftLog:OPENED:c0,f0,i1, conf=1: [s0:0.0.0.0:33663, s1:0.0.0.0:41738, s2:0.0.0.0:43966], old=null RUNNING
  s1:  RUNNING  FOLLOWER s1@group-A7200166065B:t37, leader=s2, voted=s2, raftlog=s1@group-A7200166065B-SegmentedRaftLog:OPENED:c-1,f0,i1, conf=1: [s0:0.0.0.0:33663, s1:0.0.0.0:41738, s2:0.0.0.0:43966], old=null RUNNING
  s2:  RUNNING    LEADER s2@group-A7200166065B:t37, leader=s2, voted=s2, raftlog=s2@group-A7200166065B-SegmentedRaftLog:OPENED:c-1,f0,i1, conf=1: [s0:0.0.0.0:33663, s1:0.0.0.0:41738, s2:0.0.0.0:43966], old=null RUNNING
2019-09-24 16:31:16,141 INFO  ratis.RaftTestUtil (RaftTestUtil.java:waitForLeader(101)) - printing ALL groups
  s0:  RUNNING  FOLLOWER s0@group-A7200166065B:t37, leader=s2, voted=null, raftlog=s0@group-A7200166065B-SegmentedRaftLog:OPENED:c0,f0,i1, conf=1: [s0:0.0.0.0:33663, s1:0.0.0.0:41738, s2:0.0.0.0:43966], old=null RUNNING
  s1:  RUNNING  FOLLOWER s1@group-A7200166065B:t37, leader=s2, voted=s2, raftlog=s1@group-A7200166065B-SegmentedRaftLog:OPENED:c-1,f0,i1, conf=1: [s0:0.0.0.0:33663, s1:0.0.0.0:41738, s2:0.0.0.0:43966], old=null RUNNING
  s2:  RUNNING    LEADER s2@group-A7200166065B:t37, leader=s2, voted=s2, raftlog=s2@group-A7200166065B-SegmentedRaftLog:OPENED:c-1,f0,i1, conf=1: [s0:0.0.0.0:33663, s1:0.0.0.0:41738, s2:0.0.0.0:43966], old=null RUNNING
2019-09-24 16:31:16,142 WARN  ratis.RaftTestUtil (JavaUtils.java:attempt(158)) - FAILED "testChangeLeader-changeLeader", attempt #2/20: java.lang.IllegalStateException: Failed to change leader: newLeader == oldLeader == s2, sleep 100ms and then retry.
java.lang.IllegalStateException: Failed to change leader: newLeader == oldLeader == s2
	at org.apache.ratis.RaftTestUtil.lambda$changeLeader$7(RaftTestUtil.java:365)
	at org.apache.ratis.util.JavaUtils.attempt(JavaUtils.java:152)
	at org.apache.ratis.RaftTestUtil.changeLeader(RaftTestUtil.java:362)
	at org.apache.ratis.server.impl.LeaderElectionTests.testChangeLeader(LeaderElectionTests.java:81)
	at sun.reflect.NativeMethodAccessorImpl.invoke0(Native Method)
	at sun.reflect.NativeMethodAccessorImpl.invoke(NativeMethodAccessorImpl.java:62)
	at sun.reflect.DelegatingMethodAccessorImpl.invoke(DelegatingMethodAccessorImpl.java:43)
	at java.lang.reflect.Method.invoke(Method.java:498)
	at org.junit.runners.model.FrameworkMethod$1.runReflectiveCall(FrameworkMethod.java:50)
	at org.junit.internal.runners.model.ReflectiveCallable.run(ReflectiveCallable.java:12)
	at org.junit.runners.model.FrameworkMethod.invokeExplosively(FrameworkMethod.java:47)
	at org.junit.internal.runners.statements.InvokeMethod.evaluate(InvokeMethod.java:17)
	at org.junit.internal.runners.statements.RunAfters.evaluate(RunAfters.java:27)
	at org.junit.internal.runners.statements.FailOnTimeout$CallableStatement.call(FailOnTimeout.java:298)
	at org.junit.internal.runners.statements.FailOnTimeout$CallableStatement.call(FailOnTimeout.java:292)
	at java.util.concurrent.FutureTask.run(FutureTask.java:266)
	at java.lang.Thread.run(Thread.java:748)
2019-09-24 16:31:16,220 INFO  util.CodeInjectionForTesting (BlockRequestHandlingInjection.java:execute(82)) - s2: unBlock request from s0
2019-09-24 16:31:16,220 DEBUG impl.RaftServerImpl (RaftServerImpl.java:appendEntriesAsync(906)) - s2@group-A7200166065B: Not recognize s0 (term=3) as leader, state: s2@group-A7200166065B:t37, leader=s2, voted=s2, raftlog=s2@group-A7200166065B-SegmentedRaftLog:OPENED:c-1,f0,i1, conf=1: [s0:0.0.0.0:33663, s1:0.0.0.0:41738, s2:0.0.0.0:43966], old=null reply: s0<-s2#0:FAIL,NOT_LEADER,nextIndex:2,term:37,followerCommit:-1
2019-09-24 16:31:16,221 DEBUG impl.RaftServerImpl (RaftServerImpl.java:requestVote(743)) - s2@group-A7200166065B: receive requestVote(s0, group-A7200166065B, 6, (t:3, i:0))
2019-09-24 16:31:16,221 INFO  impl.RaftServerImpl (RaftServerImpl.java:requestVote(754)) - s2@group-A7200166065B-   LEADER: Withhold vote from candidate s0 with term 6. State: leader=s2, term=37, lastRpcElapsed=null
2019-09-24 16:31:16,221 DEBUG impl.RaftServerImpl (RaftServerImpl.java:requestVote(775)) - s2@group-A7200166065B replies to vote request: s0<-s2#0:FAIL-t37. Peer's state: s2@group-A7200166065B:t37, leader=s2, voted=s2, raftlog=s2@group-A7200166065B-SegmentedRaftLog:OPENED:c-1,f0,i1, conf=1: [s0:0.0.0.0:33663, s1:0.0.0.0:41738, s2:0.0.0.0:43966], old=null
2019-09-24 16:31:16,222 DEBUG impl.RaftServerImpl (RaftServerImpl.java:requestVote(743)) - s2@group-A7200166065B: receive requestVote(s0, group-A7200166065B, 5, (t:3, i:0))
2019-09-24 16:31:16,222 INFO  impl.RaftServerImpl (RaftServerImpl.java:requestVote(754)) - s2@group-A7200166065B-   LEADER: Withhold vote from candidate s0 with term 5. State: leader=s2, term=37, lastRpcElapsed=null
2019-09-24 16:31:16,223 DEBUG impl.RaftServerImpl (RaftServerImpl.java:requestVote(775)) - s2@group-A7200166065B replies to vote request: s0<-s2#0:FAIL-t37. Peer's state: s2@group-A7200166065B:t37, leader=s2, voted=s2, raftlog=s2@group-A7200166065B-SegmentedRaftLog:OPENED:c-1,f0,i1, conf=1: [s0:0.0.0.0:33663, s1:0.0.0.0:41738, s2:0.0.0.0:43966], old=null
2019-09-24 16:31:16,223 DEBUG impl.RaftServerImpl (RaftServerImpl.java:requestVote(743)) - s2@group-A7200166065B: receive requestVote(s0, group-A7200166065B, 9, (t:3, i:0))
2019-09-24 16:31:16,223 INFO  impl.RaftServerImpl (RaftServerImpl.java:requestVote(754)) - s2@group-A7200166065B-   LEADER: Withhold vote from candidate s0 with term 9. State: leader=s2, term=37, lastRpcElapsed=null
2019-09-24 16:31:16,224 DEBUG impl.RaftServerImpl (RaftServerImpl.java:requestVote(775)) - s2@group-A7200166065B replies to vote request: s0<-s2#0:FAIL-t37. Peer's state: s2@group-A7200166065B:t37, leader=s2, voted=s2, raftlog=s2@group-A7200166065B-SegmentedRaftLog:OPENED:c-1,f0,i1, conf=1: [s0:0.0.0.0:33663, s1:0.0.0.0:41738, s2:0.0.0.0:43966], old=null
2019-09-24 16:31:16,224 DEBUG impl.RaftServerImpl (RaftServerImpl.java:requestVote(743)) - s2@group-A7200166065B: receive requestVote(s0, group-A7200166065B, 11, (t:3, i:0))
2019-09-24 16:31:16,224 INFO  impl.RaftServerImpl (RaftServerImpl.java:requestVote(754)) - s2@group-A7200166065B-   LEADER: Withhold vote from candidate s0 with term 11. State: leader=s2, term=37, lastRpcElapsed=null
2019-09-24 16:31:16,225 DEBUG impl.RaftServerImpl (RaftServerImpl.java:requestVote(775)) - s2@group-A7200166065B replies to vote request: s0<-s2#0:FAIL-t37. Peer's state: s2@group-A7200166065B:t37, leader=s2, voted=s2, raftlog=s2@group-A7200166065B-SegmentedRaftLog:OPENED:c-1,f0,i1, conf=1: [s0:0.0.0.0:33663, s1:0.0.0.0:41738, s2:0.0.0.0:43966], old=null
2019-09-24 16:31:16,225 DEBUG impl.RaftServerImpl (RaftServerImpl.java:requestVote(743)) - s2@group-A7200166065B: receive requestVote(s0, group-A7200166065B, 10, (t:3, i:0))
2019-09-24 16:31:16,225 INFO  impl.RaftServerImpl (RaftServerImpl.java:requestVote(754)) - s2@group-A7200166065B-   LEADER: Withhold vote from candidate s0 with term 10. State: leader=s2, term=37, lastRpcElapsed=null
2019-09-24 16:31:16,226 DEBUG impl.RaftServerImpl (RaftServerImpl.java:requestVote(775)) - s2@group-A7200166065B replies to vote request: s0<-s2#0:FAIL-t37. Peer's state: s2@group-A7200166065B:t37, leader=s2, voted=s2, raftlog=s2@group-A7200166065B-SegmentedRaftLog:OPENED:c-1,f0,i1, conf=1: [s0:0.0.0.0:33663, s1:0.0.0.0:41738, s2:0.0.0.0:43966], old=null
2019-09-24 16:31:16,226 DEBUG impl.RaftServerImpl (RaftServerImpl.java:requestVote(743)) - s2@group-A7200166065B: receive requestVote(s0, group-A7200166065B, 12, (t:3, i:0))
2019-09-24 16:31:16,226 INFO  impl.RaftServerImpl (RaftServerImpl.java:requestVote(754)) - s2@group-A7200166065B-   LEADER: Withhold vote from candidate s0 with term 12. State: leader=s2, term=37, lastRpcElapsed=null
2019-09-24 16:31:16,227 DEBUG impl.RaftServerImpl (RaftServerImpl.java:requestVote(775)) - s2@group-A7200166065B replies to vote request: s0<-s2#0:FAIL-t37. Peer's state: s2@group-A7200166065B:t37, leader=s2, voted=s2, raftlog=s2@group-A7200166065B-SegmentedRaftLog:OPENED:c-1,f0,i1, conf=1: [s0:0.0.0.0:33663, s1:0.0.0.0:41738, s2:0.0.0.0:43966], old=null
2019-09-24 16:31:16,227 DEBUG impl.RaftServerImpl (RaftServerImpl.java:requestVote(743)) - s2@group-A7200166065B: receive requestVote(s0, group-A7200166065B, 13, (t:3, i:0))
2019-09-24 16:31:16,227 INFO  impl.RaftServerImpl (RaftServerImpl.java:requestVote(754)) - s2@group-A7200166065B-   LEADER: Withhold vote from candidate s0 with term 13. State: leader=s2, term=37, lastRpcElapsed=null
2019-09-24 16:31:16,228 DEBUG impl.RaftServerImpl (RaftServerImpl.java:requestVote(775)) - s2@group-A7200166065B replies to vote request: s0<-s2#0:FAIL-t37. Peer's state: s2@group-A7200166065B:t37, leader=s2, voted=s2, raftlog=s2@group-A7200166065B-SegmentedRaftLog:OPENED:c-1,f0,i1, conf=1: [s0:0.0.0.0:33663, s1:0.0.0.0:41738, s2:0.0.0.0:43966], old=null
2019-09-24 16:31:16,228 DEBUG impl.RaftServerImpl (RaftServerImpl.java:requestVote(743)) - s2@group-A7200166065B: receive requestVote(s0, group-A7200166065B, 14, (t:3, i:0))
2019-09-24 16:31:16,228 INFO  impl.RaftServerImpl (RaftServerImpl.java:requestVote(754)) - s2@group-A7200166065B-   LEADER: Withhold vote from candidate s0 with term 14. State: leader=s2, term=37, lastRpcElapsed=null
2019-09-24 16:31:16,228 DEBUG impl.RaftServerImpl (RaftServerImpl.java:requestVote(775)) - s2@group-A7200166065B replies to vote request: s0<-s2#0:FAIL-t37. Peer's state: s2@group-A7200166065B:t37, leader=s2, voted=s2, raftlog=s2@group-A7200166065B-SegmentedRaftLog:OPENED:c-1,f0,i1, conf=1: [s0:0.0.0.0:33663, s1:0.0.0.0:41738, s2:0.0.0.0:43966], old=null
2019-09-24 16:31:16,229 DEBUG impl.RaftServerImpl (RaftServerImpl.java:requestVote(743)) - s2@group-A7200166065B: receive requestVote(s0, group-A7200166065B, 15, (t:3, i:0))
2019-09-24 16:31:16,229 INFO  impl.RaftServerImpl (RaftServerImpl.java:requestVote(754)) - s2@group-A7200166065B-   LEADER: Withhold vote from candidate s0 with term 15. State: leader=s2, term=37, lastRpcElapsed=null
2019-09-24 16:31:16,230 DEBUG impl.RaftServerImpl (RaftServerImpl.java:requestVote(775)) - s2@group-A7200166065B replies to vote request: s0<-s2#0:FAIL-t37. Peer's state: s2@group-A7200166065B:t37, leader=s2, voted=s2, raftlog=s2@group-A7200166065B-SegmentedRaftLog:OPENED:c-1,f0,i1, conf=1: [s0:0.0.0.0:33663, s1:0.0.0.0:41738, s2:0.0.0.0:43966], old=null
2019-09-24 16:31:16,230 DEBUG impl.RaftServerImpl (RaftServerImpl.java:requestVote(743)) - s2@group-A7200166065B: receive requestVote(s0, group-A7200166065B, 16, (t:3, i:0))
2019-09-24 16:31:16,231 INFO  impl.RaftServerImpl (RaftServerImpl.java:requestVote(754)) - s2@group-A7200166065B-   LEADER: Withhold vote from candidate s0 with term 16. State: leader=s2, term=37, lastRpcElapsed=null
2019-09-24 16:31:16,231 DEBUG impl.RaftServerImpl (RaftServerImpl.java:requestVote(775)) - s2@group-A7200166065B replies to vote request: s0<-s2#0:FAIL-t37. Peer's state: s2@group-A7200166065B:t37, leader=s2, voted=s2, raftlog=s2@group-A7200166065B-SegmentedRaftLog:OPENED:c-1,f0,i1, conf=1: [s0:0.0.0.0:33663, s1:0.0.0.0:41738, s2:0.0.0.0:43966], old=null
2019-09-24 16:31:16,231 DEBUG impl.RaftServerImpl (RaftServerImpl.java:requestVote(743)) - s2@group-A7200166065B: receive requestVote(s0, group-A7200166065B, 17, (t:3, i:0))
2019-09-24 16:31:16,232 INFO  impl.RaftServerImpl (RaftServerImpl.java:requestVote(754)) - s2@group-A7200166065B-   LEADER: Withhold vote from candidate s0 with term 17. State: leader=s2, term=37, lastRpcElapsed=null
2019-09-24 16:31:16,232 DEBUG impl.RaftServerImpl (RaftServerImpl.java:requestVote(775)) - s2@group-A7200166065B replies to vote request: s0<-s2#0:FAIL-t37. Peer's state: s2@group-A7200166065B:t37, leader=s2, voted=s2, raftlog=s2@group-A7200166065B-SegmentedRaftLog:OPENED:c-1,f0,i1, conf=1: [s0:0.0.0.0:33663, s1:0.0.0.0:41738, s2:0.0.0.0:43966], old=null
2019-09-24 16:31:16,233 DEBUG impl.RaftServerImpl (RaftServerImpl.java:requestVote(743)) - s2@group-A7200166065B: receive requestVote(s0, group-A7200166065B, 18, (t:3, i:0))
2019-09-24 16:31:16,233 INFO  impl.RaftServerImpl (RaftServerImpl.java:requestVote(754)) - s2@group-A7200166065B-   LEADER: Withhold vote from candidate s0 with term 18. State: leader=s2, term=37, lastRpcElapsed=null
2019-09-24 16:31:16,234 DEBUG impl.RaftServerImpl (RaftServerImpl.java:requestVote(775)) - s2@group-A7200166065B replies to vote request: s0<-s2#0:FAIL-t37. Peer's state: s2@group-A7200166065B:t37, leader=s2, voted=s2, raftlog=s2@group-A7200166065B-SegmentedRaftLog:OPENED:c-1,f0,i1, conf=1: [s0:0.0.0.0:33663, s1:0.0.0.0:41738, s2:0.0.0.0:43966], old=null
2019-09-24 16:31:16,234 DEBUG impl.RaftServerImpl (RaftServerImpl.java:requestVote(743)) - s2@group-A7200166065B: receive requestVote(s0, group-A7200166065B, 19, (t:3, i:0))
2019-09-24 16:31:16,234 INFO  impl.RaftServerImpl (RaftServerImpl.java:requestVote(754)) - s2@group-A7200166065B-   LEADER: Withhold vote from candidate s0 with term 19. State: leader=s2, term=37, lastRpcElapsed=null
2019-09-24 16:31:16,235 DEBUG impl.RaftServerImpl (RaftServerImpl.java:requestVote(775)) - s2@group-A7200166065B replies to vote request: s0<-s2#0:FAIL-t37. Peer's state: s2@group-A7200166065B:t37, leader=s2, voted=s2, raftlog=s2@group-A7200166065B-SegmentedRaftLog:OPENED:c-1,f0,i1, conf=1: [s0:0.0.0.0:33663, s1:0.0.0.0:41738, s2:0.0.0.0:43966], old=null
2019-09-24 16:31:16,235 DEBUG impl.RaftServerImpl (RaftServerImpl.java:requestVote(743)) - s2@group-A7200166065B: receive requestVote(s0, group-A7200166065B, 20, (t:3, i:0))
2019-09-24 16:31:16,235 INFO  impl.RaftServerImpl (RaftServerImpl.java:requestVote(754)) - s2@group-A7200166065B-   LEADER: Withhold vote from candidate s0 with term 20. State: leader=s2, term=37, lastRpcElapsed=null
2019-09-24 16:31:16,236 DEBUG impl.RaftServerImpl (RaftServerImpl.java:requestVote(775)) - s2@group-A7200166065B replies to vote request: s0<-s2#0:FAIL-t37. Peer's state: s2@group-A7200166065B:t37, leader=s2, voted=s2, raftlog=s2@group-A7200166065B-SegmentedRaftLog:OPENED:c-1,f0,i1, conf=1: [s0:0.0.0.0:33663, s1:0.0.0.0:41738, s2:0.0.0.0:43966], old=null
2019-09-24 16:31:16,236 DEBUG impl.RaftServerImpl (RaftServerImpl.java:requestVote(743)) - s2@group-A7200166065B: receive requestVote(s0, group-A7200166065B, 21, (t:3, i:0))
2019-09-24 16:31:16,236 INFO  impl.RaftServerImpl (RaftServerImpl.java:requestVote(754)) - s2@group-A7200166065B-   LEADER: Withhold vote from candidate s0 with term 21. State: leader=s2, term=37, lastRpcElapsed=null
2019-09-24 16:31:16,237 DEBUG impl.RaftServerImpl (RaftServerImpl.java:requestVote(775)) - s2@group-A7200166065B replies to vote request: s0<-s2#0:FAIL-t37. Peer's state: s2@group-A7200166065B:t37, leader=s2, voted=s2, raftlog=s2@group-A7200166065B-SegmentedRaftLog:OPENED:c-1,f0,i1, conf=1: [s0:0.0.0.0:33663, s1:0.0.0.0:41738, s2:0.0.0.0:43966], old=null
2019-09-24 16:31:16,237 DEBUG impl.RaftServerImpl (RaftServerImpl.java:requestVote(743)) - s2@group-A7200166065B: receive requestVote(s0, group-A7200166065B, 22, (t:3, i:0))
2019-09-24 16:31:16,237 INFO  impl.RaftServerImpl (RaftServerImpl.java:requestVote(754)) - s2@group-A7200166065B-   LEADER: Withhold vote from candidate s0 with term 22. State: leader=s2, term=37, lastRpcElapsed=null
2019-09-24 16:31:16,238 DEBUG impl.RaftServerImpl (RaftServerImpl.java:requestVote(775)) - s2@group-A7200166065B replies to vote request: s0<-s2#0:FAIL-t37. Peer's state: s2@group-A7200166065B:t37, leader=s2, voted=s2, raftlog=s2@group-A7200166065B-SegmentedRaftLog:OPENED:c-1,f0,i1, conf=1: [s0:0.0.0.0:33663, s1:0.0.0.0:41738, s2:0.0.0.0:43966], old=null
2019-09-24 16:31:16,238 DEBUG impl.RaftServerImpl (RaftServerImpl.java:requestVote(743)) - s2@group-A7200166065B: receive requestVote(s0, group-A7200166065B, 23, (t:3, i:0))
2019-09-24 16:31:16,238 INFO  impl.RaftServerImpl (RaftServerImpl.java:requestVote(754)) - s2@group-A7200166065B-   LEADER: Withhold vote from candidate s0 with term 23. State: leader=s2, term=37, lastRpcElapsed=null
2019-09-24 16:31:16,239 DEBUG impl.RaftServerImpl (RaftServerImpl.java:requestVote(775)) - s2@group-A7200166065B replies to vote request: s0<-s2#0:FAIL-t37. Peer's state: s2@group-A7200166065B:t37, leader=s2, voted=s2, raftlog=s2@group-A7200166065B-SegmentedRaftLog:OPENED:c-1,f0,i1, conf=1: [s0:0.0.0.0:33663, s1:0.0.0.0:41738, s2:0.0.0.0:43966], old=null
2019-09-24 16:31:16,239 DEBUG impl.RaftServerImpl (RaftServerImpl.java:requestVote(743)) - s2@group-A7200166065B: receive requestVote(s0, group-A7200166065B, 24, (t:3, i:0))
2019-09-24 16:31:16,239 INFO  impl.RaftServerImpl (RaftServerImpl.java:requestVote(754)) - s2@group-A7200166065B-   LEADER: Withhold vote from candidate s0 with term 24. State: leader=s2, term=37, lastRpcElapsed=null
2019-09-24 16:31:16,240 DEBUG impl.RaftServerImpl (RaftServerImpl.java:requestVote(775)) - s2@group-A7200166065B replies to vote request: s0<-s2#0:FAIL-t37. Peer's state: s2@group-A7200166065B:t37, leader=s2, voted=s2, raftlog=s2@group-A7200166065B-SegmentedRaftLog:OPENED:c-1,f0,i1, conf=1: [s0:0.0.0.0:33663, s1:0.0.0.0:41738, s2:0.0.0.0:43966], old=null
2019-09-24 16:31:16,240 DEBUG impl.RaftServerImpl (RaftServerImpl.java:requestVote(743)) - s2@group-A7200166065B: receive requestVote(s0, group-A7200166065B, 25, (t:3, i:0))
2019-09-24 16:31:16,240 INFO  impl.RaftServerImpl (RaftServerImpl.java:requestVote(754)) - s2@group-A7200166065B-   LEADER: Withhold vote from candidate s0 with term 25. State: leader=s2, term=37, lastRpcElapsed=null
2019-09-24 16:31:16,241 DEBUG impl.RaftServerImpl (RaftServerImpl.java:requestVote(775)) - s2@group-A7200166065B replies to vote request: s0<-s2#0:FAIL-t37. Peer's state: s2@group-A7200166065B:t37, leader=s2, voted=s2, raftlog=s2@group-A7200166065B-SegmentedRaftLog:OPENED:c-1,f0,i1, conf=1: [s0:0.0.0.0:33663, s1:0.0.0.0:41738, s2:0.0.0.0:43966], old=null
2019-09-24 16:31:16,241 DEBUG impl.RaftServerImpl (RaftServerImpl.java:requestVote(743)) - s2@group-A7200166065B: receive requestVote(s0, group-A7200166065B, 26, (t:3, i:0))
2019-09-24 16:31:16,241 INFO  impl.RaftServerImpl (RaftServerImpl.java:requestVote(754)) - s2@group-A7200166065B-   LEADER: Withhold vote from candidate s0 with term 26. State: leader=s2, term=37, lastRpcElapsed=null
2019-09-24 16:31:16,242 DEBUG impl.RaftServerImpl (RaftServerImpl.java:requestVote(775)) - s2@group-A7200166065B replies to vote request: s0<-s2#0:FAIL-t37. Peer's state: s2@group-A7200166065B:t37, leader=s2, voted=s2, raftlog=s2@group-A7200166065B-SegmentedRaftLog:OPENED:c-1,f0,i1, conf=1: [s0:0.0.0.0:33663, s1:0.0.0.0:41738, s2:0.0.0.0:43966], old=null
2019-09-24 16:31:16,242 DEBUG impl.RaftServerImpl (RaftServerImpl.java:requestVote(743)) - s2@group-A7200166065B: receive requestVote(s0, group-A7200166065B, 27, (t:3, i:0))
2019-09-24 16:31:16,242 INFO  server.RaftServerConfigKeys (ConfUtils.java:logGet(43)) - raft.server.rpc.timeout.max = 300ms (default)
2019-09-24 16:31:16,242 INFO  impl.RaftServerImpl (RaftServerImpl.java:requestVote(754)) - s2@group-A7200166065B-   LEADER: Withhold vote from candidate s0 with term 27. State: leader=s2, term=37, lastRpcElapsed=null
2019-09-24 16:31:16,243 INFO  ratis.RaftTestUtil (RaftTestUtil.java:waitForLeader(86)) - printing ALL groups
  s0:  RUNNING  FOLLOWER s0@group-A7200166065B:t37, leader=s2, voted=null, raftlog=s0@group-A7200166065B-SegmentedRaftLog:OPENED:c0,f0,i1, conf=1: [s0:0.0.0.0:33663, s1:0.0.0.0:41738, s2:0.0.0.0:43966], old=null RUNNING
  s1:  RUNNING  FOLLOWER s1@group-A7200166065B:t37, leader=s2, voted=s2, raftlog=s1@group-A7200166065B-SegmentedRaftLog:OPENED:c-1,f0,i1, conf=1: [s0:0.0.0.0:33663, s1:0.0.0.0:41738, s2:0.0.0.0:43966], old=null RUNNING
  s2:  RUNNING    LEADER s2@group-A7200166065B:t37, leader=s2, voted=s2, raftlog=s2@group-A7200166065B-SegmentedRaftLog:OPENED:c-1,f0,i1, conf=1: [s0:0.0.0.0:33663, s1:0.0.0.0:41738, s2:0.0.0.0:43966], old=null RUNNING
2019-09-24 16:31:16,243 DEBUG impl.RaftServerImpl (RaftServerImpl.java:requestVote(775)) - s2@group-A7200166065B replies to vote request: s0<-s2#0:FAIL-t37. Peer's state: s2@group-A7200166065B:t37, leader=s2, voted=s2, raftlog=s2@group-A7200166065B-SegmentedRaftLog:OPENED:c-1,f0,i1, conf=1: [s0:0.0.0.0:33663, s1:0.0.0.0:41738, s2:0.0.0.0:43966], old=null
2019-09-24 16:31:16,243 INFO  ratis.RaftTestUtil (RaftTestUtil.java:waitForLeader(101)) - printing ALL groups
  s0:  RUNNING  FOLLOWER s0@group-A7200166065B:t37, leader=s2, voted=null, raftlog=s0@group-A7200166065B-SegmentedRaftLog:OPENED:c0,f0,i1, conf=1: [s0:0.0.0.0:33663, s1:0.0.0.0:41738, s2:0.0.0.0:43966], old=null RUNNING
  s1:  RUNNING  FOLLOWER s1@group-A7200166065B:t37, leader=s2, voted=s2, raftlog=s1@group-A7200166065B-SegmentedRaftLog:OPENED:c-1,f0,i1, conf=1: [s0:0.0.0.0:33663, s1:0.0.0.0:41738, s2:0.0.0.0:43966], old=null RUNNING
  s2:  RUNNING    LEADER s2@group-A7200166065B:t37, leader=s2, voted=s2, raftlog=s2@group-A7200166065B-SegmentedRaftLog:OPENED:c-1,f0,i1, conf=1: [s0:0.0.0.0:33663, s1:0.0.0.0:41738, s2:0.0.0.0:43966], old=null RUNNING
2019-09-24 16:31:16,243 DEBUG impl.RaftServerImpl (RaftServerImpl.java:requestVote(743)) - s2@group-A7200166065B: receive requestVote(s0, group-A7200166065B, 28, (t:3, i:0))
2019-09-24 16:31:16,244 WARN  ratis.RaftTestUtil (JavaUtils.java:attempt(158)) - FAILED "testChangeLeader-changeLeader", attempt #3/20: java.lang.IllegalStateException: Failed to change leader: newLeader == oldLeader == s2, sleep 100ms and then retry.
java.lang.IllegalStateException: Failed to change leader: newLeader == oldLeader == s2
	at org.apache.ratis.RaftTestUtil.lambda$changeLeader$7(RaftTestUtil.java:365)
	at org.apache.ratis.util.JavaUtils.attempt(JavaUtils.java:152)
	at org.apache.ratis.RaftTestUtil.changeLeader(RaftTestUtil.java:362)
	at org.apache.ratis.server.impl.LeaderElectionTests.testChangeLeader(LeaderElectionTests.java:81)
	at sun.reflect.NativeMethodAccessorImpl.invoke0(Native Method)
	at sun.reflect.NativeMethodAccessorImpl.invoke(NativeMethodAccessorImpl.java:62)
	at sun.reflect.DelegatingMethodAccessorImpl.invoke(DelegatingMethodAccessorImpl.java:43)
	at java.lang.reflect.Method.invoke(Method.java:498)
	at org.junit.runners.model.FrameworkMethod$1.runReflectiveCall(FrameworkMethod.java:50)
	at org.junit.internal.runners.model.ReflectiveCallable.run(ReflectiveCallable.java:12)
	at org.junit.runners.model.FrameworkMethod.invokeExplosively(FrameworkMethod.java:47)
	at org.junit.internal.runners.statements.InvokeMethod.evaluate(InvokeMethod.java:17)
	at org.junit.internal.runners.statements.RunAfters.evaluate(RunAfters.java:27)
	at org.junit.internal.runners.statements.FailOnTimeout$CallableStatement.call(FailOnTimeout.java:298)
	at org.junit.internal.runners.statements.FailOnTimeout$CallableStatement.call(FailOnTimeout.java:292)
	at java.util.concurrent.FutureTask.run(FutureTask.java:266)
	at java.lang.Thread.run(Thread.java:748)
2019-09-24 16:31:16,244 INFO  impl.RaftServerImpl (RaftServerImpl.java:requestVote(754)) - s2@group-A7200166065B-   LEADER: Withhold vote from candidate s0 with term 28. State: leader=s2, term=37, lastRpcElapsed=null
2019-09-24 16:31:16,245 DEBUG impl.RaftServerImpl (RaftServerImpl.java:requestVote(775)) - s2@group-A7200166065B replies to vote request: s0<-s2#0:FAIL-t37. Peer's state: s2@group-A7200166065B:t37, leader=s2, voted=s2, raftlog=s2@group-A7200166065B-SegmentedRaftLog:OPENED:c-1,f0,i1, conf=1: [s0:0.0.0.0:33663, s1:0.0.0.0:41738, s2:0.0.0.0:43966], old=null
2019-09-24 16:31:16,245 DEBUG impl.RaftServerImpl (RaftServerImpl.java:requestVote(743)) - s2@group-A7200166065B: receive requestVote(s0, group-A7200166065B, 29, (t:3, i:0))
2019-09-24 16:31:16,245 INFO  impl.RaftServerImpl (RaftServerImpl.java:requestVote(754)) - s2@group-A7200166065B-   LEADER: Withhold vote from candidate s0 with term 29. State: leader=s2, term=37, lastRpcElapsed=null
2019-09-24 16:31:16,246 DEBUG impl.RaftServerImpl (RaftServerImpl.java:requestVote(775)) - s2@group-A7200166065B replies to vote request: s0<-s2#0:FAIL-t37. Peer's state: s2@group-A7200166065B:t37, leader=s2, voted=s2, raftlog=s2@group-A7200166065B-SegmentedRaftLog:OPENED:c-1,f0,i1, conf=1: [s0:0.0.0.0:33663, s1:0.0.0.0:41738, s2:0.0.0.0:43966], old=null
2019-09-24 16:31:16,246 DEBUG impl.RaftServerImpl (RaftServerImpl.java:requestVote(743)) - s2@group-A7200166065B: receive requestVote(s0, group-A7200166065B, 30, (t:3, i:0))
2019-09-24 16:31:16,246 INFO  impl.RaftServerImpl (RaftServerImpl.java:requestVote(754)) - s2@group-A7200166065B-   LEADER: Withhold vote from candidate s0 with term 30. State: leader=s2, term=37, lastRpcElapsed=null
2019-09-24 16:31:16,247 DEBUG impl.RaftServerImpl (RaftServerImpl.java:requestVote(775)) - s2@group-A7200166065B replies to vote request: s0<-s2#0:FAIL-t37. Peer's state: s2@group-A7200166065B:t37, leader=s2, voted=s2, raftlog=s2@group-A7200166065B-SegmentedRaftLog:OPENED:c-1,f0,i1, conf=1: [s0:0.0.0.0:33663, s1:0.0.0.0:41738, s2:0.0.0.0:43966], old=null
2019-09-24 16:31:16,247 DEBUG impl.RaftServerImpl (RaftServerImpl.java:requestVote(743)) - s2@group-A7200166065B: receive requestVote(s0, group-A7200166065B, 31, (t:3, i:0))
2019-09-24 16:31:16,247 INFO  impl.RaftServerImpl (RaftServerImpl.java:requestVote(754)) - s2@group-A7200166065B-   LEADER: Withhold vote from candidate s0 with term 31. State: leader=s2, term=37, lastRpcElapsed=null
2019-09-24 16:31:16,248 DEBUG impl.RaftServerImpl (RaftServerImpl.java:requestVote(775)) - s2@group-A7200166065B replies to vote request: s0<-s2#0:FAIL-t37. Peer's state: s2@group-A7200166065B:t37, leader=s2, voted=s2, raftlog=s2@group-A7200166065B-SegmentedRaftLog:OPENED:c-1,f0,i1, conf=1: [s0:0.0.0.0:33663, s1:0.0.0.0:41738, s2:0.0.0.0:43966], old=null
2019-09-24 16:31:16,248 DEBUG impl.RaftServerImpl (RaftServerImpl.java:requestVote(743)) - s2@group-A7200166065B: receive requestVote(s0, group-A7200166065B, 32, (t:3, i:0))
2019-09-24 16:31:16,248 INFO  impl.RaftServerImpl (RaftServerImpl.java:requestVote(754)) - s2@group-A7200166065B-   LEADER: Withhold vote from candidate s0 with term 32. State: leader=s2, term=37, lastRpcElapsed=null
2019-09-24 16:31:16,249 DEBUG impl.RaftServerImpl (RaftServerImpl.java:requestVote(775)) - s2@group-A7200166065B replies to vote request: s0<-s2#0:FAIL-t37. Peer's state: s2@group-A7200166065B:t37, leader=s2, voted=s2, raftlog=s2@group-A7200166065B-SegmentedRaftLog:OPENED:c-1,f0,i1, conf=1: [s0:0.0.0.0:33663, s1:0.0.0.0:41738, s2:0.0.0.0:43966], old=null
2019-09-24 16:31:16,249 DEBUG impl.RaftServerImpl (RaftServerImpl.java:requestVote(743)) - s2@group-A7200166065B: receive requestVote(s0, group-A7200166065B, 33, (t:3, i:0))
2019-09-24 16:31:16,249 INFO  impl.RaftServerImpl (RaftServerImpl.java:requestVote(754)) - s2@group-A7200166065B-   LEADER: Withhold vote from candidate s0 with term 33. State: leader=s2, term=37, lastRpcElapsed=null
2019-09-24 16:31:16,250 DEBUG impl.RaftServerImpl (RaftServerImpl.java:requestVote(775)) - s2@group-A7200166065B replies to vote request: s0<-s2#0:FAIL-t37. Peer's state: s2@group-A7200166065B:t37, leader=s2, voted=s2, raftlog=s2@group-A7200166065B-SegmentedRaftLog:OPENED:c-1,f0,i1, conf=1: [s0:0.0.0.0:33663, s1:0.0.0.0:41738, s2:0.0.0.0:43966], old=null
2019-09-24 16:31:16,250 DEBUG impl.RaftServerImpl (RaftServerImpl.java:requestVote(743)) - s2@group-A7200166065B: receive requestVote(s0, group-A7200166065B, 34, (t:3, i:0))
2019-09-24 16:31:16,250 INFO  impl.RaftServerImpl (RaftServerImpl.java:requestVote(754)) - s2@group-A7200166065B-   LEADER: Withhold vote from candidate s0 with term 34. State: leader=s2, term=37, lastRpcElapsed=null
2019-09-24 16:31:16,251 DEBUG impl.RaftServerImpl (RaftServerImpl.java:requestVote(775)) - s2@group-A7200166065B replies to vote request: s0<-s2#0:FAIL-t37. Peer's state: s2@group-A7200166065B:t37, leader=s2, voted=s2, raftlog=s2@group-A7200166065B-SegmentedRaftLog:OPENED:c-1,f0,i1, conf=1: [s0:0.0.0.0:33663, s1:0.0.0.0:41738, s2:0.0.0.0:43966], old=null
2019-09-24 16:31:16,251 DEBUG impl.RaftServerImpl (RaftServerImpl.java:requestVote(743)) - s2@group-A7200166065B: receive requestVote(s0, group-A7200166065B, 35, (t:3, i:0))
2019-09-24 16:31:16,251 INFO  impl.RaftServerImpl (RaftServerImpl.java:requestVote(754)) - s2@group-A7200166065B-   LEADER: Withhold vote from candidate s0 with term 35. State: leader=s2, term=37, lastRpcElapsed=null
2019-09-24 16:31:16,252 DEBUG impl.RaftServerImpl (RaftServerImpl.java:requestVote(775)) - s2@group-A7200166065B replies to vote request: s0<-s2#0:FAIL-t37. Peer's state: s2@group-A7200166065B:t37, leader=s2, voted=s2, raftlog=s2@group-A7200166065B-SegmentedRaftLog:OPENED:c-1,f0,i1, conf=1: [s0:0.0.0.0:33663, s1:0.0.0.0:41738, s2:0.0.0.0:43966], old=null
2019-09-24 16:31:16,252 DEBUG impl.RaftServerImpl (RaftServerImpl.java:requestVote(743)) - s2@group-A7200166065B: receive requestVote(s0, group-A7200166065B, 36, (t:3, i:0))
2019-09-24 16:31:16,252 INFO  impl.RaftServerImpl (RaftServerImpl.java:requestVote(754)) - s2@group-A7200166065B-   LEADER: Withhold vote from candidate s0 with term 36. State: leader=s2, term=37, lastRpcElapsed=null
2019-09-24 16:31:16,253 DEBUG impl.RaftServerImpl (RaftServerImpl.java:requestVote(775)) - s2@group-A7200166065B replies to vote request: s0<-s2#0:FAIL-t37. Peer's state: s2@group-A7200166065B:t37, leader=s2, voted=s2, raftlog=s2@group-A7200166065B-SegmentedRaftLog:OPENED:c-1,f0,i1, conf=1: [s0:0.0.0.0:33663, s1:0.0.0.0:41738, s2:0.0.0.0:43966], old=null
2019-09-24 16:31:16,265 INFO  impl.FollowerState (FollowerState.java:run(108)) - s1@group-7855650A4E0E-FollowerState: change to CANDIDATE, lastRpcTime:247ms, electionTimeout:237ms
2019-09-24 16:31:16,265 INFO  impl.RoleInfo (RoleInfo.java:shutdownFollowerState(121)) - s1: shutdown FollowerState
2019-09-24 16:31:16,265 INFO  impl.RaftServerImpl (RaftServerImpl.java:setRole(170)) - s1@group-7855650A4E0E: changes role from  FOLLOWER to CANDIDATE at term 4 for changeToCandidate
2019-09-24 16:31:16,265 INFO  impl.RoleInfo (RoleInfo.java:updateAndGet(143)) - s1: start LeaderElection
2019-09-24 16:31:16,266 INFO  impl.RaftServerImpl (ServerState.java:setLeader(254)) - s1@group-7855650A4E0E: change Leader from s2 to null at term 4 for initElection
2019-09-24 16:31:16,307 INFO  util.CodeInjectionForTesting (BlockRequestHandlingInjection.java:execute(82)) - s1: unBlock request from s0
2019-09-24 16:31:16,308 DEBUG impl.RaftServerImpl (RaftServerImpl.java:appendEntriesAsync(906)) - s1@group-A7200166065B: Not recognize s0 (term=3) as leader, state: s1@group-A7200166065B:t37, leader=s2, voted=s2, raftlog=s1@group-A7200166065B-SegmentedRaftLog:OPENED:c-1,f0,i1, conf=1: [s0:0.0.0.0:33663, s1:0.0.0.0:41738, s2:0.0.0.0:43966], old=null reply: s0<-s1#0:FAIL,NOT_LEADER,nextIndex:2,term:37,followerCommit:-1
2019-09-24 16:31:16,308 DEBUG impl.RaftServerImpl (RaftServerImpl.java:requestVote(743)) - s1@group-A7200166065B: receive requestVote(s0, group-A7200166065B, 5, (t:3, i:0))
2019-09-24 16:31:16,308 DEBUG impl.RaftServerImpl (RaftServerImpl.java:requestVote(775)) - s1@group-A7200166065B replies to vote request: s0<-s1#0:FAIL-t37. Peer's state: s1@group-A7200166065B:t37, leader=s2, voted=s2, raftlog=s1@group-A7200166065B-SegmentedRaftLog:OPENED:c-1,f0,i1, conf=1: [s0:0.0.0.0:33663, s1:0.0.0.0:41738, s2:0.0.0.0:43966], old=null
2019-09-24 16:31:16,309 DEBUG impl.RaftServerImpl (RaftServerImpl.java:requestVote(743)) - s1@group-A7200166065B: receive requestVote(s0, group-A7200166065B, 6, (t:3, i:0))
2019-09-24 16:31:16,309 DEBUG impl.RaftServerImpl (RaftServerImpl.java:requestVote(775)) - s1@group-A7200166065B replies to vote request: s0<-s1#0:FAIL-t37. Peer's state: s1@group-A7200166065B:t37, leader=s2, voted=s2, raftlog=s1@group-A7200166065B-SegmentedRaftLog:OPENED:c-1,f0,i1, conf=1: [s0:0.0.0.0:33663, s1:0.0.0.0:41738, s2:0.0.0.0:43966], old=null
2019-09-24 16:31:16,310 DEBUG impl.RaftServerImpl (RaftServerImpl.java:requestVote(743)) - s1@group-A7200166065B: receive requestVote(s0, group-A7200166065B, 9, (t:3, i:0))
2019-09-24 16:31:16,310 DEBUG impl.RaftServerImpl (RaftServerImpl.java:requestVote(775)) - s1@group-A7200166065B replies to vote request: s0<-s1#0:FAIL-t37. Peer's state: s1@group-A7200166065B:t37, leader=s2, voted=s2, raftlog=s1@group-A7200166065B-SegmentedRaftLog:OPENED:c-1,f0,i1, conf=1: [s0:0.0.0.0:33663, s1:0.0.0.0:41738, s2:0.0.0.0:43966], old=null
2019-09-24 16:31:16,310 DEBUG impl.RaftServerImpl (RaftServerImpl.java:requestVote(743)) - s1@group-A7200166065B: receive requestVote(s0, group-A7200166065B, 11, (t:3, i:0))
2019-09-24 16:31:16,311 DEBUG impl.RaftServerImpl (RaftServerImpl.java:requestVote(775)) - s1@group-A7200166065B replies to vote request: s0<-s1#0:FAIL-t37. Peer's state: s1@group-A7200166065B:t37, leader=s2, voted=s2, raftlog=s1@group-A7200166065B-SegmentedRaftLog:OPENED:c-1,f0,i1, conf=1: [s0:0.0.0.0:33663, s1:0.0.0.0:41738, s2:0.0.0.0:43966], old=null
2019-09-24 16:31:16,311 DEBUG impl.RaftServerImpl (RaftServerImpl.java:requestVote(743)) - s1@group-A7200166065B: receive requestVote(s0, group-A7200166065B, 10, (t:3, i:0))
2019-09-24 16:31:16,311 DEBUG impl.RaftServerImpl (RaftServerImpl.java:requestVote(775)) - s1@group-A7200166065B replies to vote request: s0<-s1#0:FAIL-t37. Peer's state: s1@group-A7200166065B:t37, leader=s2, voted=s2, raftlog=s1@group-A7200166065B-SegmentedRaftLog:OPENED:c-1,f0,i1, conf=1: [s0:0.0.0.0:33663, s1:0.0.0.0:41738, s2:0.0.0.0:43966], old=null
2019-09-24 16:31:16,312 DEBUG impl.RaftServerImpl (RaftServerImpl.java:requestVote(743)) - s1@group-A7200166065B: receive requestVote(s0, group-A7200166065B, 12, (t:3, i:0))
2019-09-24 16:31:16,312 DEBUG impl.RaftServerImpl (RaftServerImpl.java:requestVote(775)) - s1@group-A7200166065B replies to vote request: s0<-s1#0:FAIL-t37. Peer's state: s1@group-A7200166065B:t37, leader=s2, voted=s2, raftlog=s1@group-A7200166065B-SegmentedRaftLog:OPENED:c-1,f0,i1, conf=1: [s0:0.0.0.0:33663, s1:0.0.0.0:41738, s2:0.0.0.0:43966], old=null
2019-09-24 16:31:16,313 DEBUG impl.RaftServerImpl (RaftServerImpl.java:requestVote(743)) - s1@group-A7200166065B: receive requestVote(s0, group-A7200166065B, 13, (t:3, i:0))
2019-09-24 16:31:16,313 DEBUG impl.RaftServerImpl (RaftServerImpl.java:requestVote(775)) - s1@group-A7200166065B replies to vote request: s0<-s1#0:FAIL-t37. Peer's state: s1@group-A7200166065B:t37, leader=s2, voted=s2, raftlog=s1@group-A7200166065B-SegmentedRaftLog:OPENED:c-1,f0,i1, conf=1: [s0:0.0.0.0:33663, s1:0.0.0.0:41738, s2:0.0.0.0:43966], old=null
2019-09-24 16:31:16,313 DEBUG impl.RaftServerImpl (RaftServerImpl.java:requestVote(743)) - s1@group-A7200166065B: receive requestVote(s0, group-A7200166065B, 14, (t:3, i:0))
2019-09-24 16:31:16,314 DEBUG impl.RaftServerImpl (RaftServerImpl.java:requestVote(775)) - s1@group-A7200166065B replies to vote request: s0<-s1#0:FAIL-t37. Peer's state: s1@group-A7200166065B:t37, leader=s2, voted=s2, raftlog=s1@group-A7200166065B-SegmentedRaftLog:OPENED:c-1,f0,i1, conf=1: [s0:0.0.0.0:33663, s1:0.0.0.0:41738, s2:0.0.0.0:43966], old=null
2019-09-24 16:31:16,314 DEBUG impl.RaftServerImpl (RaftServerImpl.java:requestVote(743)) - s1@group-A7200166065B: receive requestVote(s0, group-A7200166065B, 15, (t:3, i:0))
2019-09-24 16:31:16,315 DEBUG impl.RaftServerImpl (RaftServerImpl.java:requestVote(775)) - s1@group-A7200166065B replies to vote request: s0<-s1#0:FAIL-t37. Peer's state: s1@group-A7200166065B:t37, leader=s2, voted=s2, raftlog=s1@group-A7200166065B-SegmentedRaftLog:OPENED:c-1,f0,i1, conf=1: [s0:0.0.0.0:33663, s1:0.0.0.0:41738, s2:0.0.0.0:43966], old=null
2019-09-24 16:31:16,315 DEBUG impl.RaftServerImpl (RaftServerImpl.java:requestVote(743)) - s1@group-A7200166065B: receive requestVote(s0, group-A7200166065B, 16, (t:3, i:0))
2019-09-24 16:31:16,315 DEBUG impl.RaftServerImpl (RaftServerImpl.java:requestVote(775)) - s1@group-A7200166065B replies to vote request: s0<-s1#0:FAIL-t37. Peer's state: s1@group-A7200166065B:t37, leader=s2, voted=s2, raftlog=s1@group-A7200166065B-SegmentedRaftLog:OPENED:c-1,f0,i1, conf=1: [s0:0.0.0.0:33663, s1:0.0.0.0:41738, s2:0.0.0.0:43966], old=null
2019-09-24 16:31:16,316 DEBUG impl.RaftServerImpl (RaftServerImpl.java:requestVote(743)) - s1@group-A7200166065B: receive requestVote(s0, group-A7200166065B, 17, (t:3, i:0))
2019-09-24 16:31:16,316 DEBUG impl.RaftServerImpl (RaftServerImpl.java:requestVote(775)) - s1@group-A7200166065B replies to vote request: s0<-s1#0:FAIL-t37. Peer's state: s1@group-A7200166065B:t37, leader=s2, voted=s2, raftlog=s1@group-A7200166065B-SegmentedRaftLog:OPENED:c-1,f0,i1, conf=1: [s0:0.0.0.0:33663, s1:0.0.0.0:41738, s2:0.0.0.0:43966], old=null
2019-09-24 16:31:16,317 DEBUG impl.RaftServerImpl (RaftServerImpl.java:requestVote(743)) - s1@group-A7200166065B: receive requestVote(s0, group-A7200166065B, 18, (t:3, i:0))
2019-09-24 16:31:16,317 DEBUG impl.RaftServerImpl (RaftServerImpl.java:requestVote(775)) - s1@group-A7200166065B replies to vote request: s0<-s1#0:FAIL-t37. Peer's state: s1@group-A7200166065B:t37, leader=s2, voted=s2, raftlog=s1@group-A7200166065B-SegmentedRaftLog:OPENED:c-1,f0,i1, conf=1: [s0:0.0.0.0:33663, s1:0.0.0.0:41738, s2:0.0.0.0:43966], old=null
2019-09-24 16:31:16,318 DEBUG impl.RaftServerImpl (RaftServerImpl.java:requestVote(743)) - s1@group-A7200166065B: receive requestVote(s0, group-A7200166065B, 19, (t:3, i:0))
2019-09-24 16:31:16,318 DEBUG impl.RaftServerImpl (RaftServerImpl.java:requestVote(775)) - s1@group-A7200166065B replies to vote request: s0<-s1#0:FAIL-t37. Peer's state: s1@group-A7200166065B:t37, leader=s2, voted=s2, raftlog=s1@group-A7200166065B-SegmentedRaftLog:OPENED:c-1,f0,i1, conf=1: [s0:0.0.0.0:33663, s1:0.0.0.0:41738, s2:0.0.0.0:43966], old=null
2019-09-24 16:31:16,318 DEBUG impl.RaftServerImpl (RaftServerImpl.java:requestVote(743)) - s1@group-A7200166065B: receive requestVote(s0, group-A7200166065B, 20, (t:3, i:0))
2019-09-24 16:31:16,319 DEBUG impl.RaftServerImpl (RaftServerImpl.java:requestVote(775)) - s1@group-A7200166065B replies to vote request: s0<-s1#0:FAIL-t37. Peer's state: s1@group-A7200166065B:t37, leader=s2, voted=s2, raftlog=s1@group-A7200166065B-SegmentedRaftLog:OPENED:c-1,f0,i1, conf=1: [s0:0.0.0.0:33663, s1:0.0.0.0:41738, s2:0.0.0.0:43966], old=null
2019-09-24 16:31:16,319 DEBUG impl.RaftServerImpl (RaftServerImpl.java:requestVote(743)) - s1@group-A7200166065B: receive requestVote(s0, group-A7200166065B, 21, (t:3, i:0))
2019-09-24 16:31:16,319 DEBUG impl.RaftServerImpl (RaftServerImpl.java:requestVote(775)) - s1@group-A7200166065B replies to vote request: s0<-s1#0:FAIL-t37. Peer's state: s1@group-A7200166065B:t37, leader=s2, voted=s2, raftlog=s1@group-A7200166065B-SegmentedRaftLog:OPENED:c-1,f0,i1, conf=1: [s0:0.0.0.0:33663, s1:0.0.0.0:41738, s2:0.0.0.0:43966], old=null
2019-09-24 16:31:16,320 DEBUG impl.RaftServerImpl (RaftServerImpl.java:requestVote(743)) - s1@group-A7200166065B: receive requestVote(s0, group-A7200166065B, 22, (t:3, i:0))
2019-09-24 16:31:16,320 DEBUG impl.RaftServerImpl (RaftServerImpl.java:requestVote(775)) - s1@group-A7200166065B replies to vote request: s0<-s1#0:FAIL-t37. Peer's state: s1@group-A7200166065B:t37, leader=s2, voted=s2, raftlog=s1@group-A7200166065B-SegmentedRaftLog:OPENED:c-1,f0,i1, conf=1: [s0:0.0.0.0:33663, s1:0.0.0.0:41738, s2:0.0.0.0:43966], old=null
2019-09-24 16:31:16,320 DEBUG impl.RaftServerImpl (RaftServerImpl.java:requestVote(743)) - s1@group-A7200166065B: receive requestVote(s0, group-A7200166065B, 23, (t:3, i:0))
2019-09-24 16:31:16,321 DEBUG impl.RaftServerImpl (RaftServerImpl.java:requestVote(775)) - s1@group-A7200166065B replies to vote request: s0<-s1#0:FAIL-t37. Peer's state: s1@group-A7200166065B:t37, leader=s2, voted=s2, raftlog=s1@group-A7200166065B-SegmentedRaftLog:OPENED:c-1,f0,i1, conf=1: [s0:0.0.0.0:33663, s1:0.0.0.0:41738, s2:0.0.0.0:43966], old=null
2019-09-24 16:31:16,321 DEBUG impl.RaftServerImpl (RaftServerImpl.java:requestVote(743)) - s1@group-A7200166065B: receive requestVote(s0, group-A7200166065B, 24, (t:3, i:0))
2019-09-24 16:31:16,321 DEBUG impl.RaftServerImpl (RaftServerImpl.java:requestVote(775)) - s1@group-A7200166065B replies to vote request: s0<-s1#0:FAIL-t37. Peer's state: s1@group-A7200166065B:t37, leader=s2, voted=s2, raftlog=s1@group-A7200166065B-SegmentedRaftLog:OPENED:c-1,f0,i1, conf=1: [s0:0.0.0.0:33663, s1:0.0.0.0:41738, s2:0.0.0.0:43966], old=null
2019-09-24 16:31:16,322 DEBUG impl.RaftServerImpl (RaftServerImpl.java:requestVote(743)) - s1@group-A7200166065B: receive requestVote(s0, group-A7200166065B, 25, (t:3, i:0))
2019-09-24 16:31:16,322 DEBUG impl.RaftServerImpl (RaftServerImpl.java:requestVote(775)) - s1@group-A7200166065B replies to vote request: s0<-s1#0:FAIL-t37. Peer's state: s1@group-A7200166065B:t37, leader=s2, voted=s2, raftlog=s1@group-A7200166065B-SegmentedRaftLog:OPENED:c-1,f0,i1, conf=1: [s0:0.0.0.0:33663, s1:0.0.0.0:41738, s2:0.0.0.0:43966], old=null
2019-09-24 16:31:16,322 DEBUG impl.RaftServerImpl (RaftServerImpl.java:requestVote(743)) - s1@group-A7200166065B: receive requestVote(s0, group-A7200166065B, 26, (t:3, i:0))
2019-09-24 16:31:16,323 DEBUG impl.RaftServerImpl (RaftServerImpl.java:requestVote(775)) - s1@group-A7200166065B replies to vote request: s0<-s1#0:FAIL-t37. Peer's state: s1@group-A7200166065B:t37, leader=s2, voted=s2, raftlog=s1@group-A7200166065B-SegmentedRaftLog:OPENED:c-1,f0,i1, conf=1: [s0:0.0.0.0:33663, s1:0.0.0.0:41738, s2:0.0.0.0:43966], old=null
2019-09-24 16:31:16,323 DEBUG impl.RaftServerImpl (RaftServerImpl.java:requestVote(743)) - s1@group-A7200166065B: receive requestVote(s0, group-A7200166065B, 27, (t:3, i:0))
2019-09-24 16:31:16,323 DEBUG impl.RaftServerImpl (RaftServerImpl.java:requestVote(775)) - s1@group-A7200166065B replies to vote request: s0<-s1#0:FAIL-t37. Peer's state: s1@group-A7200166065B:t37, leader=s2, voted=s2, raftlog=s1@group-A7200166065B-SegmentedRaftLog:OPENED:c-1,f0,i1, conf=1: [s0:0.0.0.0:33663, s1:0.0.0.0:41738, s2:0.0.0.0:43966], old=null
2019-09-24 16:31:16,324 DEBUG impl.RaftServerImpl (RaftServerImpl.java:requestVote(743)) - s1@group-A7200166065B: receive requestVote(s0, group-A7200166065B, 28, (t:3, i:0))
2019-09-24 16:31:16,324 DEBUG impl.RaftServerImpl (RaftServerImpl.java:requestVote(775)) - s1@group-A7200166065B replies to vote request: s0<-s1#0:FAIL-t37. Peer's state: s1@group-A7200166065B:t37, leader=s2, voted=s2, raftlog=s1@group-A7200166065B-SegmentedRaftLog:OPENED:c-1,f0,i1, conf=1: [s0:0.0.0.0:33663, s1:0.0.0.0:41738, s2:0.0.0.0:43966], old=null
2019-09-24 16:31:16,324 DEBUG impl.RaftServerImpl (RaftServerImpl.java:requestVote(743)) - s1@group-A7200166065B: receive requestVote(s0, group-A7200166065B, 29, (t:3, i:0))
2019-09-24 16:31:16,325 DEBUG impl.RaftServerImpl (RaftServerImpl.java:requestVote(775)) - s1@group-A7200166065B replies to vote request: s0<-s1#0:FAIL-t37. Peer's state: s1@group-A7200166065B:t37, leader=s2, voted=s2, raftlog=s1@group-A7200166065B-SegmentedRaftLog:OPENED:c-1,f0,i1, conf=1: [s0:0.0.0.0:33663, s1:0.0.0.0:41738, s2:0.0.0.0:43966], old=null
2019-09-24 16:31:16,325 DEBUG impl.RaftServerImpl (RaftServerImpl.java:requestVote(743)) - s1@group-A7200166065B: receive requestVote(s0, group-A7200166065B, 30, (t:3, i:0))
2019-09-24 16:31:16,325 DEBUG impl.RaftServerImpl (RaftServerImpl.java:requestVote(775)) - s1@group-A7200166065B replies to vote request: s0<-s1#0:FAIL-t37. Peer's state: s1@group-A7200166065B:t37, leader=s2, voted=s2, raftlog=s1@group-A7200166065B-SegmentedRaftLog:OPENED:c-1,f0,i1, conf=1: [s0:0.0.0.0:33663, s1:0.0.0.0:41738, s2:0.0.0.0:43966], old=null
2019-09-24 16:31:16,326 DEBUG impl.RaftServerImpl (RaftServerImpl.java:requestVote(743)) - s1@group-A7200166065B: receive requestVote(s0, group-A7200166065B, 31, (t:3, i:0))
2019-09-24 16:31:16,326 DEBUG impl.RaftServerImpl (RaftServerImpl.java:requestVote(775)) - s1@group-A7200166065B replies to vote request: s0<-s1#0:FAIL-t37. Peer's state: s1@group-A7200166065B:t37, leader=s2, voted=s2, raftlog=s1@group-A7200166065B-SegmentedRaftLog:OPENED:c-1,f0,i1, conf=1: [s0:0.0.0.0:33663, s1:0.0.0.0:41738, s2:0.0.0.0:43966], old=null
2019-09-24 16:31:16,326 DEBUG impl.RaftServerImpl (RaftServerImpl.java:requestVote(743)) - s1@group-A7200166065B: receive requestVote(s0, group-A7200166065B, 32, (t:3, i:0))
2019-09-24 16:31:16,327 DEBUG impl.RaftServerImpl (RaftServerImpl.java:requestVote(775)) - s1@group-A7200166065B replies to vote request: s0<-s1#0:FAIL-t37. Peer's state: s1@group-A7200166065B:t37, leader=s2, voted=s2, raftlog=s1@group-A7200166065B-SegmentedRaftLog:OPENED:c-1,f0,i1, conf=1: [s0:0.0.0.0:33663, s1:0.0.0.0:41738, s2:0.0.0.0:43966], old=null
2019-09-24 16:31:16,327 DEBUG impl.RaftServerImpl (RaftServerImpl.java:requestVote(743)) - s1@group-A7200166065B: receive requestVote(s0, group-A7200166065B, 33, (t:3, i:0))
2019-09-24 16:31:16,327 DEBUG impl.RaftServerImpl (RaftServerImpl.java:requestVote(775)) - s1@group-A7200166065B replies to vote request: s0<-s1#0:FAIL-t37. Peer's state: s1@group-A7200166065B:t37, leader=s2, voted=s2, raftlog=s1@group-A7200166065B-SegmentedRaftLog:OPENED:c-1,f0,i1, conf=1: [s0:0.0.0.0:33663, s1:0.0.0.0:41738, s2:0.0.0.0:43966], old=null
2019-09-24 16:31:16,328 DEBUG impl.RaftServerImpl (RaftServerImpl.java:requestVote(743)) - s1@group-A7200166065B: receive requestVote(s0, group-A7200166065B, 34, (t:3, i:0))
2019-09-24 16:31:16,328 DEBUG impl.RaftServerImpl (RaftServerImpl.java:requestVote(775)) - s1@group-A7200166065B replies to vote request: s0<-s1#0:FAIL-t37. Peer's state: s1@group-A7200166065B:t37, leader=s2, voted=s2, raftlog=s1@group-A7200166065B-SegmentedRaftLog:OPENED:c-1,f0,i1, conf=1: [s0:0.0.0.0:33663, s1:0.0.0.0:41738, s2:0.0.0.0:43966], old=null
2019-09-24 16:31:16,328 DEBUG impl.RaftServerImpl (RaftServerImpl.java:requestVote(743)) - s1@group-A7200166065B: receive requestVote(s0, group-A7200166065B, 35, (t:3, i:0))
2019-09-24 16:31:16,329 DEBUG impl.RaftServerImpl (RaftServerImpl.java:requestVote(775)) - s1@group-A7200166065B replies to vote request: s0<-s1#0:FAIL-t37. Peer's state: s1@group-A7200166065B:t37, leader=s2, voted=s2, raftlog=s1@group-A7200166065B-SegmentedRaftLog:OPENED:c-1,f0,i1, conf=1: [s0:0.0.0.0:33663, s1:0.0.0.0:41738, s2:0.0.0.0:43966], old=null
2019-09-24 16:31:16,329 DEBUG impl.RaftServerImpl (RaftServerImpl.java:requestVote(743)) - s1@group-A7200166065B: receive requestVote(s0, group-A7200166065B, 36, (t:3, i:0))
2019-09-24 16:31:16,329 DEBUG impl.RaftServerImpl (RaftServerImpl.java:requestVote(775)) - s1@group-A7200166065B replies to vote request: s0<-s1#0:FAIL-t37. Peer's state: s1@group-A7200166065B:t37, leader=s2, voted=s2, raftlog=s1@group-A7200166065B-SegmentedRaftLog:OPENED:c-1,f0,i1, conf=1: [s0:0.0.0.0:33663, s1:0.0.0.0:41738, s2:0.0.0.0:43966], old=null
2019-09-24 16:31:16,345 INFO  server.RaftServerConfigKeys (ConfUtils.java:logGet(43)) - raft.server.rpc.timeout.max = 300ms (default)
2019-09-24 16:31:16,345 INFO  ratis.RaftTestUtil (RaftTestUtil.java:waitForLeader(86)) - printing ALL groups
  s0:  RUNNING  FOLLOWER s0@group-A7200166065B:t37, leader=s2, voted=null, raftlog=s0@group-A7200166065B-SegmentedRaftLog:OPENED:c0,f0,i1, conf=1: [s0:0.0.0.0:33663, s1:0.0.0.0:41738, s2:0.0.0.0:43966], old=null RUNNING
  s1:  RUNNING  FOLLOWER s1@group-A7200166065B:t37, leader=s2, voted=s2, raftlog=s1@group-A7200166065B-SegmentedRaftLog:OPENED:c-1,f0,i1, conf=1: [s0:0.0.0.0:33663, s1:0.0.0.0:41738, s2:0.0.0.0:43966], old=null RUNNING
  s2:  RUNNING    LEADER s2@group-A7200166065B:t37, leader=s2, voted=s2, raftlog=s2@group-A7200166065B-SegmentedRaftLog:OPENED:c-1,f0,i1, conf=1: [s0:0.0.0.0:33663, s1:0.0.0.0:41738, s2:0.0.0.0:43966], old=null RUNNING
2019-09-24 16:31:16,345 INFO  ratis.RaftTestUtil (RaftTestUtil.java:waitForLeader(101)) - printing ALL groups
  s0:  RUNNING  FOLLOWER s0@group-A7200166065B:t37, leader=s2, voted=null, raftlog=s0@group-A7200166065B-SegmentedRaftLog:OPENED:c0,f0,i1, conf=1: [s0:0.0.0.0:33663, s1:0.0.0.0:41738, s2:0.0.0.0:43966], old=null RUNNING
  s1:  RUNNING  FOLLOWER s1@group-A7200166065B:t37, leader=s2, voted=s2, raftlog=s1@group-A7200166065B-SegmentedRaftLog:OPENED:c-1,f0,i1, conf=1: [s0:0.0.0.0:33663, s1:0.0.0.0:41738, s2:0.0.0.0:43966], old=null RUNNING
  s2:  RUNNING    LEADER s2@group-A7200166065B:t37, leader=s2, voted=s2, raftlog=s2@group-A7200166065B-SegmentedRaftLog:OPENED:c-1,f0,i1, conf=1: [s0:0.0.0.0:33663, s1:0.0.0.0:41738, s2:0.0.0.0:43966], old=null RUNNING
2019-09-24 16:31:16,346 WARN  ratis.RaftTestUtil (JavaUtils.java:attempt(158)) - FAILED "testChangeLeader-changeLeader", attempt #4/20: java.lang.IllegalStateException: Failed to change leader: newLeader == oldLeader == s2, sleep 100ms and then retry.
java.lang.IllegalStateException: Failed to change leader: newLeader == oldLeader == s2
	at org.apache.ratis.RaftTestUtil.lambda$changeLeader$7(RaftTestUtil.java:365)
	at org.apache.ratis.util.JavaUtils.attempt(JavaUtils.java:152)
	at org.apache.ratis.RaftTestUtil.changeLeader(RaftTestUtil.java:362)
	at org.apache.ratis.server.impl.LeaderElectionTests.testChangeLeader(LeaderElectionTests.java:81)
	at sun.reflect.NativeMethodAccessorImpl.invoke0(Native Method)
	at sun.reflect.NativeMethodAccessorImpl.invoke(NativeMethodAccessorImpl.java:62)
	at sun.reflect.DelegatingMethodAccessorImpl.invoke(DelegatingMethodAccessorImpl.java:43)
	at java.lang.reflect.Method.invoke(Method.java:498)
	at org.junit.runners.model.FrameworkMethod$1.runReflectiveCall(FrameworkMethod.java:50)
	at org.junit.internal.runners.model.ReflectiveCallable.run(ReflectiveCallable.java:12)
	at org.junit.runners.model.FrameworkMethod.invokeExplosively(FrameworkMethod.java:47)
	at org.junit.internal.runners.statements.InvokeMethod.evaluate(InvokeMethod.java:17)
	at org.junit.internal.runners.statements.RunAfters.evaluate(RunAfters.java:27)
	at org.junit.internal.runners.statements.FailOnTimeout$CallableStatement.call(FailOnTimeout.java:298)
	at org.junit.internal.runners.statements.FailOnTimeout$CallableStatement.call(FailOnTimeout.java:292)
	at java.util.concurrent.FutureTask.run(FutureTask.java:266)
	at java.lang.Thread.run(Thread.java:748)
2019-09-24 16:31:16,396 INFO  impl.FollowerState (FollowerState.java:run(108)) - s0@group-7855650A4E0E-FollowerState: change to CANDIDATE, lastRpcTime:378ms, electionTimeout:262ms
2019-09-24 16:31:16,396 INFO  impl.RoleInfo (RoleInfo.java:shutdownFollowerState(121)) - s0: shutdown FollowerState
2019-09-24 16:31:16,396 INFO  impl.RaftServerImpl (RaftServerImpl.java:setRole(170)) - s0@group-7855650A4E0E: changes role from  FOLLOWER to CANDIDATE at term 4 for changeToCandidate
2019-09-24 16:31:16,396 INFO  impl.RoleInfo (RoleInfo.java:updateAndGet(143)) - s0: start LeaderElection
2019-09-24 16:31:16,397 INFO  impl.RaftServerImpl (ServerState.java:setLeader(254)) - s0@group-7855650A4E0E: change Leader from s2 to null at term 4 for initElection
2019-09-24 16:31:16,446 INFO  server.RaftServerConfigKeys (ConfUtils.java:logGet(43)) - raft.server.rpc.timeout.max = 300ms (default)
2019-09-24 16:31:16,447 INFO  ratis.RaftTestUtil (RaftTestUtil.java:waitForLeader(86)) - printing ALL groups
  s0:  RUNNING  FOLLOWER s0@group-A7200166065B:t37, leader=s2, voted=null, raftlog=s0@group-A7200166065B-SegmentedRaftLog:OPENED:c0,f0,i1, conf=1: [s0:0.0.0.0:33663, s1:0.0.0.0:41738, s2:0.0.0.0:43966], old=null RUNNING
  s1:  RUNNING  FOLLOWER s1@group-A7200166065B:t37, leader=s2, voted=s2, raftlog=s1@group-A7200166065B-SegmentedRaftLog:OPENED:c-1,f0,i1, conf=1: [s0:0.0.0.0:33663, s1:0.0.0.0:41738, s2:0.0.0.0:43966], old=null RUNNING
  s2:  RUNNING    LEADER s2@group-A7200166065B:t37, leader=s2, voted=s2, raftlog=s2@group-A7200166065B-SegmentedRaftLog:OPENED:c-1,f0,i1, conf=1: [s0:0.0.0.0:33663, s1:0.0.0.0:41738, s2:0.0.0.0:43966], old=null RUNNING
2019-09-24 16:31:16,447 INFO  ratis.RaftTestUtil (RaftTestUtil.java:waitForLeader(101)) - printing ALL groups
  s0:  RUNNING  FOLLOWER s0@group-A7200166065B:t37, leader=s2, voted=null, raftlog=s0@group-A7200166065B-SegmentedRaftLog:OPENED:c0,f0,i1, conf=1: [s0:0.0.0.0:33663, s1:0.0.0.0:41738, s2:0.0.0.0:43966], old=null RUNNING
  s1:  RUNNING  FOLLOWER s1@group-A7200166065B:t37, leader=s2, voted=s2, raftlog=s1@group-A7200166065B-SegmentedRaftLog:OPENED:c-1,f0,i1, conf=1: [s0:0.0.0.0:33663, s1:0.0.0.0:41738, s2:0.0.0.0:43966], old=null RUNNING
  s2:  RUNNING    LEADER s2@group-A7200166065B:t37, leader=s2, voted=s2, raftlog=s2@group-A7200166065B-SegmentedRaftLog:OPENED:c-1,f0,i1, conf=1: [s0:0.0.0.0:33663, s1:0.0.0.0:41738, s2:0.0.0.0:43966], old=null RUNNING
2019-09-24 16:31:16,448 WARN  ratis.RaftTestUtil (JavaUtils.java:attempt(158)) - FAILED "testChangeLeader-changeLeader", attempt #5/20: java.lang.IllegalStateException: Failed to change leader: newLeader == oldLeader == s2, sleep 100ms and then retry.
java.lang.IllegalStateException: Failed to change leader: newLeader == oldLeader == s2
	at org.apache.ratis.RaftTestUtil.lambda$changeLeader$7(RaftTestUtil.java:365)
	at org.apache.ratis.util.JavaUtils.attempt(JavaUtils.java:152)
	at org.apache.ratis.RaftTestUtil.changeLeader(RaftTestUtil.java:362)
	at org.apache.ratis.server.impl.LeaderElectionTests.testChangeLeader(LeaderElectionTests.java:81)
	at sun.reflect.NativeMethodAccessorImpl.invoke0(Native Method)
	at sun.reflect.NativeMethodAccessorImpl.invoke(NativeMethodAccessorImpl.java:62)
	at sun.reflect.DelegatingMethodAccessorImpl.invoke(DelegatingMethodAccessorImpl.java:43)
	at java.lang.reflect.Method.invoke(Method.java:498)
	at org.junit.runners.model.FrameworkMethod$1.runReflectiveCall(FrameworkMethod.java:50)
	at org.junit.internal.runners.model.ReflectiveCallable.run(ReflectiveCallable.java:12)
	at org.junit.runners.model.FrameworkMethod.invokeExplosively(FrameworkMethod.java:47)
	at org.junit.internal.runners.statements.InvokeMethod.evaluate(InvokeMethod.java:17)
	at org.junit.internal.runners.statements.RunAfters.evaluate(RunAfters.java:27)
	at org.junit.internal.runners.statements.FailOnTimeout$CallableStatement.call(FailOnTimeout.java:298)
	at org.junit.internal.runners.statements.FailOnTimeout$CallableStatement.call(FailOnTimeout.java:292)
	at java.util.concurrent.FutureTask.run(FutureTask.java:266)
	at java.lang.Thread.run(Thread.java:748)
2019-09-24 16:31:16,548 INFO  server.RaftServerConfigKeys (ConfUtils.java:logGet(43)) - raft.server.rpc.timeout.max = 300ms (default)
2019-09-24 16:31:16,548 INFO  ratis.RaftTestUtil (RaftTestUtil.java:waitForLeader(86)) - printing ALL groups
  s0:  RUNNING  FOLLOWER s0@group-A7200166065B:t37, leader=s2, voted=null, raftlog=s0@group-A7200166065B-SegmentedRaftLog:OPENED:c0,f0,i1, conf=1: [s0:0.0.0.0:33663, s1:0.0.0.0:41738, s2:0.0.0.0:43966], old=null RUNNING
  s1:  RUNNING  FOLLOWER s1@group-A7200166065B:t37, leader=s2, voted=s2, raftlog=s1@group-A7200166065B-SegmentedRaftLog:OPENED:c-1,f0,i1, conf=1: [s0:0.0.0.0:33663, s1:0.0.0.0:41738, s2:0.0.0.0:43966], old=null RUNNING
  s2:  RUNNING    LEADER s2@group-A7200166065B:t37, leader=s2, voted=s2, raftlog=s2@group-A7200166065B-SegmentedRaftLog:OPENED:c-1,f0,i1, conf=1: [s0:0.0.0.0:33663, s1:0.0.0.0:41738, s2:0.0.0.0:43966], old=null RUNNING
2019-09-24 16:31:16,549 INFO  ratis.RaftTestUtil (RaftTestUtil.java:waitForLeader(101)) - printing ALL groups
  s0:  RUNNING  FOLLOWER s0@group-A7200166065B:t37, leader=s2, voted=null, raftlog=s0@group-A7200166065B-SegmentedRaftLog:OPENED:c0,f0,i1, conf=1: [s0:0.0.0.0:33663, s1:0.0.0.0:41738, s2:0.0.0.0:43966], old=null RUNNING
  s1:  RUNNING  FOLLOWER s1@group-A7200166065B:t37, leader=s2, voted=s2, raftlog=s1@group-A7200166065B-SegmentedRaftLog:OPENED:c-1,f0,i1, conf=1: [s0:0.0.0.0:33663, s1:0.0.0.0:41738, s2:0.0.0.0:43966], old=null RUNNING
  s2:  RUNNING    LEADER s2@group-A7200166065B:t37, leader=s2, voted=s2, raftlog=s2@group-A7200166065B-SegmentedRaftLog:OPENED:c-1,f0,i1, conf=1: [s0:0.0.0.0:33663, s1:0.0.0.0:41738, s2:0.0.0.0:43966], old=null RUNNING
2019-09-24 16:31:16,549 WARN  ratis.RaftTestUtil (JavaUtils.java:attempt(158)) - FAILED "testChangeLeader-changeLeader", attempt #6/20: java.lang.IllegalStateException: Failed to change leader: newLeader == oldLeader == s2, sleep 100ms and then retry.
java.lang.IllegalStateException: Failed to change leader: newLeader == oldLeader == s2
	at org.apache.ratis.RaftTestUtil.lambda$changeLeader$7(RaftTestUtil.java:365)
	at org.apache.ratis.util.JavaUtils.attempt(JavaUtils.java:152)
	at org.apache.ratis.RaftTestUtil.changeLeader(RaftTestUtil.java:362)
	at org.apache.ratis.server.impl.LeaderElectionTests.testChangeLeader(LeaderElectionTests.java:81)
	at sun.reflect.NativeMethodAccessorImpl.invoke0(Native Method)
	at sun.reflect.NativeMethodAccessorImpl.invoke(NativeMethodAccessorImpl.java:62)
	at sun.reflect.DelegatingMethodAccessorImpl.invoke(DelegatingMethodAccessorImpl.java:43)
	at java.lang.reflect.Method.invoke(Method.java:498)
	at org.junit.runners.model.FrameworkMethod$1.runReflectiveCall(FrameworkMethod.java:50)
	at org.junit.internal.runners.model.ReflectiveCallable.run(ReflectiveCallable.java:12)
	at org.junit.runners.model.FrameworkMethod.invokeExplosively(FrameworkMethod.java:47)
	at org.junit.internal.runners.statements.InvokeMethod.evaluate(InvokeMethod.java:17)
	at org.junit.internal.runners.statements.RunAfters.evaluate(RunAfters.java:27)
	at org.junit.internal.runners.statements.FailOnTimeout$CallableStatement.call(FailOnTimeout.java:298)
	at org.junit.internal.runners.statements.FailOnTimeout$CallableStatement.call(FailOnTimeout.java:292)
	at java.util.concurrent.FutureTask.run(FutureTask.java:266)
	at java.lang.Thread.run(Thread.java:748)
2019-09-24 16:31:16,650 INFO  server.RaftServerConfigKeys (ConfUtils.java:logGet(43)) - raft.server.rpc.timeout.max = 300ms (default)
2019-09-24 16:31:16,650 INFO  ratis.RaftTestUtil (RaftTestUtil.java:waitForLeader(86)) - printing ALL groups
  s0:  RUNNING  FOLLOWER s0@group-A7200166065B:t37, leader=s2, voted=null, raftlog=s0@group-A7200166065B-SegmentedRaftLog:OPENED:c0,f0,i1, conf=1: [s0:0.0.0.0:33663, s1:0.0.0.0:41738, s2:0.0.0.0:43966], old=null RUNNING
  s1:  RUNNING  FOLLOWER s1@group-A7200166065B:t37, leader=s2, voted=s2, raftlog=s1@group-A7200166065B-SegmentedRaftLog:OPENED:c-1,f0,i1, conf=1: [s0:0.0.0.0:33663, s1:0.0.0.0:41738, s2:0.0.0.0:43966], old=null RUNNING
  s2:  RUNNING    LEADER s2@group-A7200166065B:t37, leader=s2, voted=s2, raftlog=s2@group-A7200166065B-SegmentedRaftLog:OPENED:c-1,f0,i1, conf=1: [s0:0.0.0.0:33663, s1:0.0.0.0:41738, s2:0.0.0.0:43966], old=null RUNNING
2019-09-24 16:31:16,650 INFO  ratis.RaftTestUtil (RaftTestUtil.java:waitForLeader(101)) - printing ALL groups
  s0:  RUNNING  FOLLOWER s0@group-A7200166065B:t37, leader=s2, voted=null, raftlog=s0@group-A7200166065B-SegmentedRaftLog:OPENED:c0,f0,i1, conf=1: [s0:0.0.0.0:33663, s1:0.0.0.0:41738, s2:0.0.0.0:43966], old=null RUNNING
  s1:  RUNNING  FOLLOWER s1@group-A7200166065B:t37, leader=s2, voted=s2, raftlog=s1@group-A7200166065B-SegmentedRaftLog:OPENED:c-1,f0,i1, conf=1: [s0:0.0.0.0:33663, s1:0.0.0.0:41738, s2:0.0.0.0:43966], old=null RUNNING
  s2:  RUNNING    LEADER s2@group-A7200166065B:t37, leader=s2, voted=s2, raftlog=s2@group-A7200166065B-SegmentedRaftLog:OPENED:c-1,f0,i1, conf=1: [s0:0.0.0.0:33663, s1:0.0.0.0:41738, s2:0.0.0.0:43966], old=null RUNNING
2019-09-24 16:31:16,651 WARN  ratis.RaftTestUtil (JavaUtils.java:attempt(158)) - FAILED "testChangeLeader-changeLeader", attempt #7/20: java.lang.IllegalStateException: Failed to change leader: newLeader == oldLeader == s2, sleep 100ms and then retry.
java.lang.IllegalStateException: Failed to change leader: newLeader == oldLeader == s2
	at org.apache.ratis.RaftTestUtil.lambda$changeLeader$7(RaftTestUtil.java:365)
	at org.apache.ratis.util.JavaUtils.attempt(JavaUtils.java:152)
	at org.apache.ratis.RaftTestUtil.changeLeader(RaftTestUtil.java:362)
	at org.apache.ratis.server.impl.LeaderElectionTests.testChangeLeader(LeaderElectionTests.java:81)
	at sun.reflect.NativeMethodAccessorImpl.invoke0(Native Method)
	at sun.reflect.NativeMethodAccessorImpl.invoke(NativeMethodAccessorImpl.java:62)
	at sun.reflect.DelegatingMethodAccessorImpl.invoke(DelegatingMethodAccessorImpl.java:43)
	at java.lang.reflect.Method.invoke(Method.java:498)
	at org.junit.runners.model.FrameworkMethod$1.runReflectiveCall(FrameworkMethod.java:50)
	at org.junit.internal.runners.model.ReflectiveCallable.run(ReflectiveCallable.java:12)
	at org.junit.runners.model.FrameworkMethod.invokeExplosively(FrameworkMethod.java:47)
	at org.junit.internal.runners.statements.InvokeMethod.evaluate(InvokeMethod.java:17)
	at org.junit.internal.runners.statements.RunAfters.evaluate(RunAfters.java:27)
	at org.junit.internal.runners.statements.FailOnTimeout$CallableStatement.call(FailOnTimeout.java:298)
	at org.junit.internal.runners.statements.FailOnTimeout$CallableStatement.call(FailOnTimeout.java:292)
	at java.util.concurrent.FutureTask.run(FutureTask.java:266)
	at java.lang.Thread.run(Thread.java:748)
2019-09-24 16:31:16,751 INFO  server.RaftServerConfigKeys (ConfUtils.java:logGet(43)) - raft.server.rpc.timeout.max = 300ms (default)
2019-09-24 16:31:16,752 INFO  ratis.RaftTestUtil (RaftTestUtil.java:waitForLeader(86)) - printing ALL groups
  s0:  RUNNING  FOLLOWER s0@group-A7200166065B:t37, leader=s2, voted=null, raftlog=s0@group-A7200166065B-SegmentedRaftLog:OPENED:c0,f0,i1, conf=1: [s0:0.0.0.0:33663, s1:0.0.0.0:41738, s2:0.0.0.0:43966], old=null RUNNING
  s1:  RUNNING  FOLLOWER s1@group-A7200166065B:t37, leader=s2, voted=s2, raftlog=s1@group-A7200166065B-SegmentedRaftLog:OPENED:c-1,f0,i1, conf=1: [s0:0.0.0.0:33663, s1:0.0.0.0:41738, s2:0.0.0.0:43966], old=null RUNNING
  s2:  RUNNING    LEADER s2@group-A7200166065B:t37, leader=s2, voted=s2, raftlog=s2@group-A7200166065B-SegmentedRaftLog:OPENED:c-1,f0,i1, conf=1: [s0:0.0.0.0:33663, s1:0.0.0.0:41738, s2:0.0.0.0:43966], old=null RUNNING
2019-09-24 16:31:16,752 INFO  ratis.RaftTestUtil (RaftTestUtil.java:waitForLeader(101)) - printing ALL groups
  s0:  RUNNING  FOLLOWER s0@group-A7200166065B:t37, leader=s2, voted=null, raftlog=s0@group-A7200166065B-SegmentedRaftLog:OPENED:c0,f0,i1, conf=1: [s0:0.0.0.0:33663, s1:0.0.0.0:41738, s2:0.0.0.0:43966], old=null RUNNING
  s1:  RUNNING  FOLLOWER s1@group-A7200166065B:t37, leader=s2, voted=s2, raftlog=s1@group-A7200166065B-SegmentedRaftLog:OPENED:c-1,f0,i1, conf=1: [s0:0.0.0.0:33663, s1:0.0.0.0:41738, s2:0.0.0.0:43966], old=null RUNNING
  s2:  RUNNING    LEADER s2@group-A7200166065B:t37, leader=s2, voted=s2, raftlog=s2@group-A7200166065B-SegmentedRaftLog:OPENED:c-1,f0,i1, conf=1: [s0:0.0.0.0:33663, s1:0.0.0.0:41738, s2:0.0.0.0:43966], old=null RUNNING
2019-09-24 16:31:16,752 WARN  ratis.RaftTestUtil (JavaUtils.java:attempt(158)) - FAILED "testChangeLeader-changeLeader", attempt #8/20: java.lang.IllegalStateException: Failed to change leader: newLeader == oldLeader == s2, sleep 100ms and then retry.
java.lang.IllegalStateException: Failed to change leader: newLeader == oldLeader == s2
	at org.apache.ratis.RaftTestUtil.lambda$changeLeader$7(RaftTestUtil.java:365)
	at org.apache.ratis.util.JavaUtils.attempt(JavaUtils.java:152)
	at org.apache.ratis.RaftTestUtil.changeLeader(RaftTestUtil.java:362)
	at org.apache.ratis.server.impl.LeaderElectionTests.testChangeLeader(LeaderElectionTests.java:81)
	at sun.reflect.NativeMethodAccessorImpl.invoke0(Native Method)
	at sun.reflect.NativeMethodAccessorImpl.invoke(NativeMethodAccessorImpl.java:62)
	at sun.reflect.DelegatingMethodAccessorImpl.invoke(DelegatingMethodAccessorImpl.java:43)
	at java.lang.reflect.Method.invoke(Method.java:498)
	at org.junit.runners.model.FrameworkMethod$1.runReflectiveCall(FrameworkMethod.java:50)
	at org.junit.internal.runners.model.ReflectiveCallable.run(ReflectiveCallable.java:12)
	at org.junit.runners.model.FrameworkMethod.invokeExplosively(FrameworkMethod.java:47)
	at org.junit.internal.runners.statements.InvokeMethod.evaluate(InvokeMethod.java:17)
	at org.junit.internal.runners.statements.RunAfters.evaluate(RunAfters.java:27)
	at org.junit.internal.runners.statements.FailOnTimeout$CallableStatement.call(FailOnTimeout.java:298)
	at org.junit.internal.runners.statements.FailOnTimeout$CallableStatement.call(FailOnTimeout.java:292)
	at java.util.concurrent.FutureTask.run(FutureTask.java:266)
	at java.lang.Thread.run(Thread.java:748)
2019-09-24 16:31:16,853 INFO  server.RaftServerConfigKeys (ConfUtils.java:logGet(43)) - raft.server.rpc.timeout.max = 300ms (default)
2019-09-24 16:31:16,853 INFO  ratis.RaftTestUtil (RaftTestUtil.java:waitForLeader(86)) - printing ALL groups
  s0:  RUNNING  FOLLOWER s0@group-A7200166065B:t37, leader=s2, voted=null, raftlog=s0@group-A7200166065B-SegmentedRaftLog:OPENED:c0,f0,i1, conf=1: [s0:0.0.0.0:33663, s1:0.0.0.0:41738, s2:0.0.0.0:43966], old=null RUNNING
  s1:  RUNNING  FOLLOWER s1@group-A7200166065B:t37, leader=s2, voted=s2, raftlog=s1@group-A7200166065B-SegmentedRaftLog:OPENED:c-1,f0,i1, conf=1: [s0:0.0.0.0:33663, s1:0.0.0.0:41738, s2:0.0.0.0:43966], old=null RUNNING
  s2:  RUNNING    LEADER s2@group-A7200166065B:t37, leader=s2, voted=s2, raftlog=s2@group-A7200166065B-SegmentedRaftLog:OPENED:c-1,f0,i1, conf=1: [s0:0.0.0.0:33663, s1:0.0.0.0:41738, s2:0.0.0.0:43966], old=null RUNNING
2019-09-24 16:31:16,854 INFO  ratis.RaftTestUtil (RaftTestUtil.java:waitForLeader(101)) - printing ALL groups
  s0:  RUNNING  FOLLOWER s0@group-A7200166065B:t37, leader=s2, voted=null, raftlog=s0@group-A7200166065B-SegmentedRaftLog:OPENED:c0,f0,i1, conf=1: [s0:0.0.0.0:33663, s1:0.0.0.0:41738, s2:0.0.0.0:43966], old=null RUNNING
  s1:  RUNNING  FOLLOWER s1@group-A7200166065B:t37, leader=s2, voted=s2, raftlog=s1@group-A7200166065B-SegmentedRaftLog:OPENED:c-1,f0,i1, conf=1: [s0:0.0.0.0:33663, s1:0.0.0.0:41738, s2:0.0.0.0:43966], old=null RUNNING
  s2:  RUNNING    LEADER s2@group-A7200166065B:t37, leader=s2, voted=s2, raftlog=s2@group-A7200166065B-SegmentedRaftLog:OPENED:c-1,f0,i1, conf=1: [s0:0.0.0.0:33663, s1:0.0.0.0:41738, s2:0.0.0.0:43966], old=null RUNNING
2019-09-24 16:31:16,854 WARN  ratis.RaftTestUtil (JavaUtils.java:attempt(158)) - FAILED "testChangeLeader-changeLeader", attempt #9/20: java.lang.IllegalStateException: Failed to change leader: newLeader == oldLeader == s2, sleep 100ms and then retry.
java.lang.IllegalStateException: Failed to change leader: newLeader == oldLeader == s2
	at org.apache.ratis.RaftTestUtil.lambda$changeLeader$7(RaftTestUtil.java:365)
	at org.apache.ratis.util.JavaUtils.attempt(JavaUtils.java:152)
	at org.apache.ratis.RaftTestUtil.changeLeader(RaftTestUtil.java:362)
	at org.apache.ratis.server.impl.LeaderElectionTests.testChangeLeader(LeaderElectionTests.java:81)
	at sun.reflect.NativeMethodAccessorImpl.invoke0(Native Method)
	at sun.reflect.NativeMethodAccessorImpl.invoke(NativeMethodAccessorImpl.java:62)
	at sun.reflect.DelegatingMethodAccessorImpl.invoke(DelegatingMethodAccessorImpl.java:43)
	at java.lang.reflect.Method.invoke(Method.java:498)
	at org.junit.runners.model.FrameworkMethod$1.runReflectiveCall(FrameworkMethod.java:50)
	at org.junit.internal.runners.model.ReflectiveCallable.run(ReflectiveCallable.java:12)
	at org.junit.runners.model.FrameworkMethod.invokeExplosively(FrameworkMethod.java:47)
	at org.junit.internal.runners.statements.InvokeMethod.evaluate(InvokeMethod.java:17)
	at org.junit.internal.runners.statements.RunAfters.evaluate(RunAfters.java:27)
	at org.junit.internal.runners.statements.FailOnTimeout$CallableStatement.call(FailOnTimeout.java:298)
	at org.junit.internal.runners.statements.FailOnTimeout$CallableStatement.call(FailOnTimeout.java:292)
	at java.util.concurrent.FutureTask.run(FutureTask.java:266)
	at java.lang.Thread.run(Thread.java:748)
2019-09-24 16:31:16,955 INFO  server.RaftServerConfigKeys (ConfUtils.java:logGet(43)) - raft.server.rpc.timeout.max = 300ms (default)
2019-09-24 16:31:16,955 INFO  ratis.RaftTestUtil (RaftTestUtil.java:waitForLeader(86)) - printing ALL groups
  s0:  RUNNING  FOLLOWER s0@group-A7200166065B:t37, leader=s2, voted=null, raftlog=s0@group-A7200166065B-SegmentedRaftLog:OPENED:c0,f0,i1, conf=1: [s0:0.0.0.0:33663, s1:0.0.0.0:41738, s2:0.0.0.0:43966], old=null RUNNING
  s1:  RUNNING  FOLLOWER s1@group-A7200166065B:t37, leader=s2, voted=s2, raftlog=s1@group-A7200166065B-SegmentedRaftLog:OPENED:c-1,f0,i1, conf=1: [s0:0.0.0.0:33663, s1:0.0.0.0:41738, s2:0.0.0.0:43966], old=null RUNNING
  s2:  RUNNING    LEADER s2@group-A7200166065B:t37, leader=s2, voted=s2, raftlog=s2@group-A7200166065B-SegmentedRaftLog:OPENED:c-1,f0,i1, conf=1: [s0:0.0.0.0:33663, s1:0.0.0.0:41738, s2:0.0.0.0:43966], old=null RUNNING
2019-09-24 16:31:16,956 INFO  ratis.RaftTestUtil (RaftTestUtil.java:waitForLeader(101)) - printing ALL groups
  s0:  RUNNING  FOLLOWER s0@group-A7200166065B:t37, leader=s2, voted=null, raftlog=s0@group-A7200166065B-SegmentedRaftLog:OPENED:c0,f0,i1, conf=1: [s0:0.0.0.0:33663, s1:0.0.0.0:41738, s2:0.0.0.0:43966], old=null RUNNING
  s1:  RUNNING  FOLLOWER s1@group-A7200166065B:t37, leader=s2, voted=s2, raftlog=s1@group-A7200166065B-SegmentedRaftLog:OPENED:c-1,f0,i1, conf=1: [s0:0.0.0.0:33663, s1:0.0.0.0:41738, s2:0.0.0.0:43966], old=null RUNNING
  s2:  RUNNING    LEADER s2@group-A7200166065B:t37, leader=s2, voted=s2, raftlog=s2@group-A7200166065B-SegmentedRaftLog:OPENED:c-1,f0,i1, conf=1: [s0:0.0.0.0:33663, s1:0.0.0.0:41738, s2:0.0.0.0:43966], old=null RUNNING
2019-09-24 16:31:16,956 WARN  ratis.RaftTestUtil (JavaUtils.java:attempt(158)) - FAILED "testChangeLeader-changeLeader", attempt #10/20: java.lang.IllegalStateException: Failed to change leader: newLeader == oldLeader == s2, sleep 100ms and then retry.
java.lang.IllegalStateException: Failed to change leader: newLeader == oldLeader == s2
	at org.apache.ratis.RaftTestUtil.lambda$changeLeader$7(RaftTestUtil.java:365)
	at org.apache.ratis.util.JavaUtils.attempt(JavaUtils.java:152)
	at org.apache.ratis.RaftTestUtil.changeLeader(RaftTestUtil.java:362)
	at org.apache.ratis.server.impl.LeaderElectionTests.testChangeLeader(LeaderElectionTests.java:81)
	at sun.reflect.NativeMethodAccessorImpl.invoke0(Native Method)
	at sun.reflect.NativeMethodAccessorImpl.invoke(NativeMethodAccessorImpl.java:62)
	at sun.reflect.DelegatingMethodAccessorImpl.invoke(DelegatingMethodAccessorImpl.java:43)
	at java.lang.reflect.Method.invoke(Method.java:498)
	at org.junit.runners.model.FrameworkMethod$1.runReflectiveCall(FrameworkMethod.java:50)
	at org.junit.internal.runners.model.ReflectiveCallable.run(ReflectiveCallable.java:12)
	at org.junit.runners.model.FrameworkMethod.invokeExplosively(FrameworkMethod.java:47)
	at org.junit.internal.runners.statements.InvokeMethod.evaluate(InvokeMethod.java:17)
	at org.junit.internal.runners.statements.RunAfters.evaluate(RunAfters.java:27)
	at org.junit.internal.runners.statements.FailOnTimeout$CallableStatement.call(FailOnTimeout.java:298)
	at org.junit.internal.runners.statements.FailOnTimeout$CallableStatement.call(FailOnTimeout.java:292)
	at java.util.concurrent.FutureTask.run(FutureTask.java:266)
	at java.lang.Thread.run(Thread.java:748)
2019-09-24 16:31:17,057 INFO  server.RaftServerConfigKeys (ConfUtils.java:logGet(43)) - raft.server.rpc.timeout.max = 300ms (default)
2019-09-24 16:31:17,057 INFO  ratis.RaftTestUtil (RaftTestUtil.java:waitForLeader(86)) - printing ALL groups
  s0:  RUNNING  FOLLOWER s0@group-A7200166065B:t37, leader=s2, voted=null, raftlog=s0@group-A7200166065B-SegmentedRaftLog:OPENED:c0,f0,i1, conf=1: [s0:0.0.0.0:33663, s1:0.0.0.0:41738, s2:0.0.0.0:43966], old=null RUNNING
  s1:  RUNNING  FOLLOWER s1@group-A7200166065B:t37, leader=s2, voted=s2, raftlog=s1@group-A7200166065B-SegmentedRaftLog:OPENED:c-1,f0,i1, conf=1: [s0:0.0.0.0:33663, s1:0.0.0.0:41738, s2:0.0.0.0:43966], old=null RUNNING
  s2:  RUNNING    LEADER s2@group-A7200166065B:t37, leader=s2, voted=s2, raftlog=s2@group-A7200166065B-SegmentedRaftLog:OPENED:c-1,f0,i1, conf=1: [s0:0.0.0.0:33663, s1:0.0.0.0:41738, s2:0.0.0.0:43966], old=null RUNNING
2019-09-24 16:31:17,058 INFO  ratis.RaftTestUtil (RaftTestUtil.java:waitForLeader(101)) - printing ALL groups
  s0:  RUNNING  FOLLOWER s0@group-A7200166065B:t37, leader=s2, voted=null, raftlog=s0@group-A7200166065B-SegmentedRaftLog:OPENED:c0,f0,i1, conf=1: [s0:0.0.0.0:33663, s1:0.0.0.0:41738, s2:0.0.0.0:43966], old=null RUNNING
  s1:  RUNNING  FOLLOWER s1@group-A7200166065B:t37, leader=s2, voted=s2, raftlog=s1@group-A7200166065B-SegmentedRaftLog:OPENED:c-1,f0,i1, conf=1: [s0:0.0.0.0:33663, s1:0.0.0.0:41738, s2:0.0.0.0:43966], old=null RUNNING
  s2:  RUNNING    LEADER s2@group-A7200166065B:t37, leader=s2, voted=s2, raftlog=s2@group-A7200166065B-SegmentedRaftLog:OPENED:c-1,f0,i1, conf=1: [s0:0.0.0.0:33663, s1:0.0.0.0:41738, s2:0.0.0.0:43966], old=null RUNNING
2019-09-24 16:31:17,058 WARN  ratis.RaftTestUtil (JavaUtils.java:attempt(158)) - FAILED "testChangeLeader-changeLeader", attempt #11/20: java.lang.IllegalStateException: Failed to change leader: newLeader == oldLeader == s2, sleep 100ms and then retry.
java.lang.IllegalStateException: Failed to change leader: newLeader == oldLeader == s2
	at org.apache.ratis.RaftTestUtil.lambda$changeLeader$7(RaftTestUtil.java:365)
	at org.apache.ratis.util.JavaUtils.attempt(JavaUtils.java:152)
	at org.apache.ratis.RaftTestUtil.changeLeader(RaftTestUtil.java:362)
	at org.apache.ratis.server.impl.LeaderElectionTests.testChangeLeader(LeaderElectionTests.java:81)
	at sun.reflect.NativeMethodAccessorImpl.invoke0(Native Method)
	at sun.reflect.NativeMethodAccessorImpl.invoke(NativeMethodAccessorImpl.java:62)
	at sun.reflect.DelegatingMethodAccessorImpl.invoke(DelegatingMethodAccessorImpl.java:43)
	at java.lang.reflect.Method.invoke(Method.java:498)
	at org.junit.runners.model.FrameworkMethod$1.runReflectiveCall(FrameworkMethod.java:50)
	at org.junit.internal.runners.model.ReflectiveCallable.run(ReflectiveCallable.java:12)
	at org.junit.runners.model.FrameworkMethod.invokeExplosively(FrameworkMethod.java:47)
	at org.junit.internal.runners.statements.InvokeMethod.evaluate(InvokeMethod.java:17)
	at org.junit.internal.runners.statements.RunAfters.evaluate(RunAfters.java:27)
	at org.junit.internal.runners.statements.FailOnTimeout$CallableStatement.call(FailOnTimeout.java:298)
	at org.junit.internal.runners.statements.FailOnTimeout$CallableStatement.call(FailOnTimeout.java:292)
	at java.util.concurrent.FutureTask.run(FutureTask.java:266)
	at java.lang.Thread.run(Thread.java:748)
2019-09-24 16:31:17,158 INFO  server.RaftServerConfigKeys (ConfUtils.java:logGet(43)) - raft.server.rpc.timeout.max = 300ms (default)
2019-09-24 16:31:17,159 INFO  ratis.RaftTestUtil (RaftTestUtil.java:waitForLeader(86)) - printing ALL groups
  s0:  RUNNING  FOLLOWER s0@group-A7200166065B:t37, leader=s2, voted=null, raftlog=s0@group-A7200166065B-SegmentedRaftLog:OPENED:c0,f0,i1, conf=1: [s0:0.0.0.0:33663, s1:0.0.0.0:41738, s2:0.0.0.0:43966], old=null RUNNING
  s1:  RUNNING  FOLLOWER s1@group-A7200166065B:t37, leader=s2, voted=s2, raftlog=s1@group-A7200166065B-SegmentedRaftLog:OPENED:c-1,f0,i1, conf=1: [s0:0.0.0.0:33663, s1:0.0.0.0:41738, s2:0.0.0.0:43966], old=null RUNNING
  s2:  RUNNING    LEADER s2@group-A7200166065B:t37, leader=s2, voted=s2, raftlog=s2@group-A7200166065B-SegmentedRaftLog:OPENED:c-1,f0,i1, conf=1: [s0:0.0.0.0:33663, s1:0.0.0.0:41738, s2:0.0.0.0:43966], old=null RUNNING
2019-09-24 16:31:17,159 INFO  ratis.RaftTestUtil (RaftTestUtil.java:waitForLeader(101)) - printing ALL groups
  s0:  RUNNING  FOLLOWER s0@group-A7200166065B:t37, leader=s2, voted=null, raftlog=s0@group-A7200166065B-SegmentedRaftLog:OPENED:c0,f0,i1, conf=1: [s0:0.0.0.0:33663, s1:0.0.0.0:41738, s2:0.0.0.0:43966], old=null RUNNING
  s1:  RUNNING  FOLLOWER s1@group-A7200166065B:t37, leader=s2, voted=s2, raftlog=s1@group-A7200166065B-SegmentedRaftLog:OPENED:c-1,f0,i1, conf=1: [s0:0.0.0.0:33663, s1:0.0.0.0:41738, s2:0.0.0.0:43966], old=null RUNNING
  s2:  RUNNING    LEADER s2@group-A7200166065B:t37, leader=s2, voted=s2, raftlog=s2@group-A7200166065B-SegmentedRaftLog:OPENED:c-1,f0,i1, conf=1: [s0:0.0.0.0:33663, s1:0.0.0.0:41738, s2:0.0.0.0:43966], old=null RUNNING
2019-09-24 16:31:17,159 WARN  ratis.RaftTestUtil (JavaUtils.java:attempt(158)) - FAILED "testChangeLeader-changeLeader", attempt #12/20: java.lang.IllegalStateException: Failed to change leader: newLeader == oldLeader == s2, sleep 100ms and then retry.
java.lang.IllegalStateException: Failed to change leader: newLeader == oldLeader == s2
	at org.apache.ratis.RaftTestUtil.lambda$changeLeader$7(RaftTestUtil.java:365)
	at org.apache.ratis.util.JavaUtils.attempt(JavaUtils.java:152)
	at org.apache.ratis.RaftTestUtil.changeLeader(RaftTestUtil.java:362)
	at org.apache.ratis.server.impl.LeaderElectionTests.testChangeLeader(LeaderElectionTests.java:81)
	at sun.reflect.NativeMethodAccessorImpl.invoke0(Native Method)
	at sun.reflect.NativeMethodAccessorImpl.invoke(NativeMethodAccessorImpl.java:62)
	at sun.reflect.DelegatingMethodAccessorImpl.invoke(DelegatingMethodAccessorImpl.java:43)
	at java.lang.reflect.Method.invoke(Method.java:498)
	at org.junit.runners.model.FrameworkMethod$1.runReflectiveCall(FrameworkMethod.java:50)
	at org.junit.internal.runners.model.ReflectiveCallable.run(ReflectiveCallable.java:12)
	at org.junit.runners.model.FrameworkMethod.invokeExplosively(FrameworkMethod.java:47)
	at org.junit.internal.runners.statements.InvokeMethod.evaluate(InvokeMethod.java:17)
	at org.junit.internal.runners.statements.RunAfters.evaluate(RunAfters.java:27)
	at org.junit.internal.runners.statements.FailOnTimeout$CallableStatement.call(FailOnTimeout.java:298)
	at org.junit.internal.runners.statements.FailOnTimeout$CallableStatement.call(FailOnTimeout.java:292)
	at java.util.concurrent.FutureTask.run(FutureTask.java:266)
	at java.lang.Thread.run(Thread.java:748)
2019-09-24 16:31:17,260 INFO  server.RaftServerConfigKeys (ConfUtils.java:logGet(43)) - raft.server.rpc.timeout.max = 300ms (default)
2019-09-24 16:31:17,260 INFO  ratis.RaftTestUtil (RaftTestUtil.java:waitForLeader(86)) - printing ALL groups
  s0:  RUNNING  FOLLOWER s0@group-A7200166065B:t37, leader=s2, voted=null, raftlog=s0@group-A7200166065B-SegmentedRaftLog:OPENED:c0,f0,i1, conf=1: [s0:0.0.0.0:33663, s1:0.0.0.0:41738, s2:0.0.0.0:43966], old=null RUNNING
  s1:  RUNNING  FOLLOWER s1@group-A7200166065B:t37, leader=s2, voted=s2, raftlog=s1@group-A7200166065B-SegmentedRaftLog:OPENED:c-1,f0,i1, conf=1: [s0:0.0.0.0:33663, s1:0.0.0.0:41738, s2:0.0.0.0:43966], old=null RUNNING
  s2:  RUNNING    LEADER s2@group-A7200166065B:t37, leader=s2, voted=s2, raftlog=s2@group-A7200166065B-SegmentedRaftLog:OPENED:c-1,f0,i1, conf=1: [s0:0.0.0.0:33663, s1:0.0.0.0:41738, s2:0.0.0.0:43966], old=null RUNNING
2019-09-24 16:31:17,261 INFO  ratis.RaftTestUtil (RaftTestUtil.java:waitForLeader(101)) - printing ALL groups
  s0:  RUNNING  FOLLOWER s0@group-A7200166065B:t37, leader=s2, voted=null, raftlog=s0@group-A7200166065B-SegmentedRaftLog:OPENED:c0,f0,i1, conf=1: [s0:0.0.0.0:33663, s1:0.0.0.0:41738, s2:0.0.0.0:43966], old=null RUNNING
  s1:  RUNNING  FOLLOWER s1@group-A7200166065B:t37, leader=s2, voted=s2, raftlog=s1@group-A7200166065B-SegmentedRaftLog:OPENED:c-1,f0,i1, conf=1: [s0:0.0.0.0:33663, s1:0.0.0.0:41738, s2:0.0.0.0:43966], old=null RUNNING
  s2:  RUNNING    LEADER s2@group-A7200166065B:t37, leader=s2, voted=s2, raftlog=s2@group-A7200166065B-SegmentedRaftLog:OPENED:c-1,f0,i1, conf=1: [s0:0.0.0.0:33663, s1:0.0.0.0:41738, s2:0.0.0.0:43966], old=null RUNNING
2019-09-24 16:31:17,261 WARN  ratis.RaftTestUtil (JavaUtils.java:attempt(158)) - FAILED "testChangeLeader-changeLeader", attempt #13/20: java.lang.IllegalStateException: Failed to change leader: newLeader == oldLeader == s2, sleep 100ms and then retry.
java.lang.IllegalStateException: Failed to change leader: newLeader == oldLeader == s2
	at org.apache.ratis.RaftTestUtil.lambda$changeLeader$7(RaftTestUtil.java:365)
	at org.apache.ratis.util.JavaUtils.attempt(JavaUtils.java:152)
	at org.apache.ratis.RaftTestUtil.changeLeader(RaftTestUtil.java:362)
	at org.apache.ratis.server.impl.LeaderElectionTests.testChangeLeader(LeaderElectionTests.java:81)
	at sun.reflect.NativeMethodAccessorImpl.invoke0(Native Method)
	at sun.reflect.NativeMethodAccessorImpl.invoke(NativeMethodAccessorImpl.java:62)
	at sun.reflect.DelegatingMethodAccessorImpl.invoke(DelegatingMethodAccessorImpl.java:43)
	at java.lang.reflect.Method.invoke(Method.java:498)
	at org.junit.runners.model.FrameworkMethod$1.runReflectiveCall(FrameworkMethod.java:50)
	at org.junit.internal.runners.model.ReflectiveCallable.run(ReflectiveCallable.java:12)
	at org.junit.runners.model.FrameworkMethod.invokeExplosively(FrameworkMethod.java:47)
	at org.junit.internal.runners.statements.InvokeMethod.evaluate(InvokeMethod.java:17)
	at org.junit.internal.runners.statements.RunAfters.evaluate(RunAfters.java:27)
	at org.junit.internal.runners.statements.FailOnTimeout$CallableStatement.call(FailOnTimeout.java:298)
	at org.junit.internal.runners.statements.FailOnTimeout$CallableStatement.call(FailOnTimeout.java:292)
	at java.util.concurrent.FutureTask.run(FutureTask.java:266)
	at java.lang.Thread.run(Thread.java:748)
2019-09-24 16:31:17,362 INFO  server.RaftServerConfigKeys (ConfUtils.java:logGet(43)) - raft.server.rpc.timeout.max = 300ms (default)
2019-09-24 16:31:17,362 INFO  ratis.RaftTestUtil (RaftTestUtil.java:waitForLeader(86)) - printing ALL groups
  s0:  RUNNING  FOLLOWER s0@group-A7200166065B:t37, leader=s2, voted=null, raftlog=s0@group-A7200166065B-SegmentedRaftLog:OPENED:c0,f0,i1, conf=1: [s0:0.0.0.0:33663, s1:0.0.0.0:41738, s2:0.0.0.0:43966], old=null RUNNING
  s1:  RUNNING  FOLLOWER s1@group-A7200166065B:t37, leader=s2, voted=s2, raftlog=s1@group-A7200166065B-SegmentedRaftLog:OPENED:c-1,f0,i1, conf=1: [s0:0.0.0.0:33663, s1:0.0.0.0:41738, s2:0.0.0.0:43966], old=null RUNNING
  s2:  RUNNING    LEADER s2@group-A7200166065B:t37, leader=s2, voted=s2, raftlog=s2@group-A7200166065B-SegmentedRaftLog:OPENED:c-1,f0,i1, conf=1: [s0:0.0.0.0:33663, s1:0.0.0.0:41738, s2:0.0.0.0:43966], old=null RUNNING
2019-09-24 16:31:17,362 INFO  ratis.RaftTestUtil (RaftTestUtil.java:waitForLeader(101)) - printing ALL groups
  s0:  RUNNING  FOLLOWER s0@group-A7200166065B:t37, leader=s2, voted=null, raftlog=s0@group-A7200166065B-SegmentedRaftLog:OPENED:c0,f0,i1, conf=1: [s0:0.0.0.0:33663, s1:0.0.0.0:41738, s2:0.0.0.0:43966], old=null RUNNING
  s1:  RUNNING  FOLLOWER s1@group-A7200166065B:t37, leader=s2, voted=s2, raftlog=s1@group-A7200166065B-SegmentedRaftLog:OPENED:c-1,f0,i1, conf=1: [s0:0.0.0.0:33663, s1:0.0.0.0:41738, s2:0.0.0.0:43966], old=null RUNNING
  s2:  RUNNING    LEADER s2@group-A7200166065B:t37, leader=s2, voted=s2, raftlog=s2@group-A7200166065B-SegmentedRaftLog:OPENED:c-1,f0,i1, conf=1: [s0:0.0.0.0:33663, s1:0.0.0.0:41738, s2:0.0.0.0:43966], old=null RUNNING
2019-09-24 16:31:17,363 WARN  ratis.RaftTestUtil (JavaUtils.java:attempt(158)) - FAILED "testChangeLeader-changeLeader", attempt #14/20: java.lang.IllegalStateException: Failed to change leader: newLeader == oldLeader == s2, sleep 100ms and then retry.
java.lang.IllegalStateException: Failed to change leader: newLeader == oldLeader == s2
	at org.apache.ratis.RaftTestUtil.lambda$changeLeader$7(RaftTestUtil.java:365)
	at org.apache.ratis.util.JavaUtils.attempt(JavaUtils.java:152)
	at org.apache.ratis.RaftTestUtil.changeLeader(RaftTestUtil.java:362)
	at org.apache.ratis.server.impl.LeaderElectionTests.testChangeLeader(LeaderElectionTests.java:81)
	at sun.reflect.NativeMethodAccessorImpl.invoke0(Native Method)
	at sun.reflect.NativeMethodAccessorImpl.invoke(NativeMethodAccessorImpl.java:62)
	at sun.reflect.DelegatingMethodAccessorImpl.invoke(DelegatingMethodAccessorImpl.java:43)
	at java.lang.reflect.Method.invoke(Method.java:498)
	at org.junit.runners.model.FrameworkMethod$1.runReflectiveCall(FrameworkMethod.java:50)
	at org.junit.internal.runners.model.ReflectiveCallable.run(ReflectiveCallable.java:12)
	at org.junit.runners.model.FrameworkMethod.invokeExplosively(FrameworkMethod.java:47)
	at org.junit.internal.runners.statements.InvokeMethod.evaluate(InvokeMethod.java:17)
	at org.junit.internal.runners.statements.RunAfters.evaluate(RunAfters.java:27)
	at org.junit.internal.runners.statements.FailOnTimeout$CallableStatement.call(FailOnTimeout.java:298)
	at org.junit.internal.runners.statements.FailOnTimeout$CallableStatement.call(FailOnTimeout.java:292)
	at java.util.concurrent.FutureTask.run(FutureTask.java:266)
	at java.lang.Thread.run(Thread.java:748)
2019-09-24 16:31:17,463 INFO  server.RaftServerConfigKeys (ConfUtils.java:logGet(43)) - raft.server.rpc.timeout.max = 300ms (default)
2019-09-24 16:31:17,463 INFO  ratis.RaftTestUtil (RaftTestUtil.java:waitForLeader(86)) - printing ALL groups
  s0:  RUNNING  FOLLOWER s0@group-A7200166065B:t37, leader=s2, voted=null, raftlog=s0@group-A7200166065B-SegmentedRaftLog:OPENED:c0,f0,i1, conf=1: [s0:0.0.0.0:33663, s1:0.0.0.0:41738, s2:0.0.0.0:43966], old=null RUNNING
  s1:  RUNNING  FOLLOWER s1@group-A7200166065B:t37, leader=s2, voted=s2, raftlog=s1@group-A7200166065B-SegmentedRaftLog:OPENED:c-1,f0,i1, conf=1: [s0:0.0.0.0:33663, s1:0.0.0.0:41738, s2:0.0.0.0:43966], old=null RUNNING
  s2:  RUNNING    LEADER s2@group-A7200166065B:t37, leader=s2, voted=s2, raftlog=s2@group-A7200166065B-SegmentedRaftLog:OPENED:c-1,f0,i1, conf=1: [s0:0.0.0.0:33663, s1:0.0.0.0:41738, s2:0.0.0.0:43966], old=null RUNNING
2019-09-24 16:31:17,464 INFO  ratis.RaftTestUtil (RaftTestUtil.java:waitForLeader(101)) - printing ALL groups
  s0:  RUNNING  FOLLOWER s0@group-A7200166065B:t37, leader=s2, voted=null, raftlog=s0@group-A7200166065B-SegmentedRaftLog:OPENED:c0,f0,i1, conf=1: [s0:0.0.0.0:33663, s1:0.0.0.0:41738, s2:0.0.0.0:43966], old=null RUNNING
  s1:  RUNNING  FOLLOWER s1@group-A7200166065B:t37, leader=s2, voted=s2, raftlog=s1@group-A7200166065B-SegmentedRaftLog:OPENED:c-1,f0,i1, conf=1: [s0:0.0.0.0:33663, s1:0.0.0.0:41738, s2:0.0.0.0:43966], old=null RUNNING
  s2:  RUNNING    LEADER s2@group-A7200166065B:t37, leader=s2, voted=s2, raftlog=s2@group-A7200166065B-SegmentedRaftLog:OPENED:c-1,f0,i1, conf=1: [s0:0.0.0.0:33663, s1:0.0.0.0:41738, s2:0.0.0.0:43966], old=null RUNNING
2019-09-24 16:31:17,464 WARN  ratis.RaftTestUtil (JavaUtils.java:attempt(158)) - FAILED "testChangeLeader-changeLeader", attempt #15/20: java.lang.IllegalStateException: Failed to change leader: newLeader == oldLeader == s2, sleep 100ms and then retry.
java.lang.IllegalStateException: Failed to change leader: newLeader == oldLeader == s2
	at org.apache.ratis.RaftTestUtil.lambda$changeLeader$7(RaftTestUtil.java:365)
	at org.apache.ratis.util.JavaUtils.attempt(JavaUtils.java:152)
	at org.apache.ratis.RaftTestUtil.changeLeader(RaftTestUtil.java:362)
	at org.apache.ratis.server.impl.LeaderElectionTests.testChangeLeader(LeaderElectionTests.java:81)
	at sun.reflect.NativeMethodAccessorImpl.invoke0(Native Method)
	at sun.reflect.NativeMethodAccessorImpl.invoke(NativeMethodAccessorImpl.java:62)
	at sun.reflect.DelegatingMethodAccessorImpl.invoke(DelegatingMethodAccessorImpl.java:43)
	at java.lang.reflect.Method.invoke(Method.java:498)
	at org.junit.runners.model.FrameworkMethod$1.runReflectiveCall(FrameworkMethod.java:50)
	at org.junit.internal.runners.model.ReflectiveCallable.run(ReflectiveCallable.java:12)
	at org.junit.runners.model.FrameworkMethod.invokeExplosively(FrameworkMethod.java:47)
	at org.junit.internal.runners.statements.InvokeMethod.evaluate(InvokeMethod.java:17)
	at org.junit.internal.runners.statements.RunAfters.evaluate(RunAfters.java:27)
	at org.junit.internal.runners.statements.FailOnTimeout$CallableStatement.call(FailOnTimeout.java:298)
	at org.junit.internal.runners.statements.FailOnTimeout$CallableStatement.call(FailOnTimeout.java:292)
	at java.util.concurrent.FutureTask.run(FutureTask.java:266)
	at java.lang.Thread.run(Thread.java:748)
2019-09-24 16:31:17,523 INFO  segmented.SegmentedRaftLogWorker (SegmentedRaftLogWorker.java:execute(569)) - s2@group-A7200166065B-SegmentedRaftLogWorker: created new log segment /workdir/ratis-test/target/test/data/15450be3/MiniRaftClusterWithNetty3af59600/s2/27bf8f2f-fbce-4cfa-95b3-a7200166065b/current/log_inprogress_1
2019-09-24 16:31:17,523 INFO  segmented.SegmentedRaftLogWorker (SegmentedRaftLogWorker.java:execute(569)) - s0@group-A7200166065B-SegmentedRaftLogWorker: created new log segment /workdir/ratis-test/target/test/data/15450be3/MiniRaftClusterWithNetty3af59600/s0/27bf8f2f-fbce-4cfa-95b3-a7200166065b/current/log_inprogress_1
2019-09-24 16:31:17,523 DEBUG segmented.SegmentedRaftLogWorker (SegmentedRaftLogWorker.java:flushWrites(340)) - s2@group-A7200166065B-SegmentedRaftLogWorker: flush SegmentedRaftLogOutputStream(/workdir/ratis-test/target/test/data/15450be3/MiniRaftClusterWithNetty3af59600/s2/27bf8f2f-fbce-4cfa-95b3-a7200166065b/current/log_inprogress_1)
2019-09-24 16:31:17,523 INFO  impl.LeaderElection (LeaderElection.java:askForVotes(178)) - s0@group-7855650A4E0E-LeaderElection174: begin an election at term 5 for 1: [s0:0.0.0.0:38700, s1:0.0.0.0:34129, s2:0.0.0.0:38191], old=null
2019-09-24 16:31:17,523 INFO  impl.LeaderElection (LeaderElection.java:askForVotes(178)) - s1@group-7855650A4E0E-LeaderElection173: begin an election at term 5 for 1: [s0:0.0.0.0:38700, s1:0.0.0.0:34129, s2:0.0.0.0:38191], old=null
2019-09-24 16:31:17,523 INFO  segmented.SegmentedRaftLogWorker (SegmentedRaftLogWorker.java:execute(569)) - s1@group-A7200166065B-SegmentedRaftLogWorker: created new log segment /workdir/ratis-test/target/test/data/15450be3/MiniRaftClusterWithNetty3af59600/s1/27bf8f2f-fbce-4cfa-95b3-a7200166065b/current/log_inprogress_1
2019-09-24 16:31:17,523 DEBUG segmented.SegmentedRaftLogWorker (SegmentedRaftLogWorker.java:flushWrites(340)) - s0@group-A7200166065B-SegmentedRaftLogWorker: flush SegmentedRaftLogOutputStream(/workdir/ratis-test/target/test/data/15450be3/MiniRaftClusterWithNetty3af59600/s0/27bf8f2f-fbce-4cfa-95b3-a7200166065b/current/log_inprogress_1)
2019-09-24 16:31:17,524 DEBUG segmented.SegmentedRaftLogWorker (SegmentedRaftLogWorker.java:flushWrites(340)) - s1@group-A7200166065B-SegmentedRaftLogWorker: flush SegmentedRaftLogOutputStream(/workdir/ratis-test/target/test/data/15450be3/MiniRaftClusterWithNetty3af59600/s1/27bf8f2f-fbce-4cfa-95b3-a7200166065b/current/log_inprogress_1)
2019-09-24 16:31:17,525 DEBUG impl.RaftServerImpl (RaftServerImpl.java:requestVote(743)) - s1@group-7855650A4E0E: receive requestVote(s0, group-7855650A4E0E, 5, (t:4, i:2))
2019-09-24 16:31:17,525 DEBUG impl.RaftServerImpl (RaftServerImpl.java:requestVote(743)) - s0@group-7855650A4E0E: receive requestVote(s1, group-7855650A4E0E, 5, (t:4, i:2))
2019-09-24 16:31:17,525 DEBUG impl.RaftServerImpl (RaftServerImpl.java:requestVote(743)) - s2@group-7855650A4E0E: receive requestVote(s0, group-7855650A4E0E, 5, (t:4, i:2))
2019-09-24 16:31:17,525 DEBUG impl.RaftServerImpl (RaftServerImpl.java:requestVote(775)) - s0@group-7855650A4E0E replies to vote request: s1<-s0#0:FAIL-t5. Peer's state: s0@group-7855650A4E0E:t5, leader=null, voted=s0, raftlog=s0@group-7855650A4E0E-SegmentedRaftLog:OPENED:c2,f2,i2, conf=1: [s0:0.0.0.0:38700, s1:0.0.0.0:34129, s2:0.0.0.0:38191], old=null
2019-09-24 16:31:17,525 DEBUG impl.RaftServerImpl (RaftServerImpl.java:requestVote(743)) - s2@group-7855650A4E0E: receive requestVote(s1, group-7855650A4E0E, 5, (t:4, i:2))
2019-09-24 16:31:17,525 DEBUG impl.RaftServerImpl (RaftServerImpl.java:requestVote(775)) - s1@group-7855650A4E0E replies to vote request: s0<-s1#0:FAIL-t5. Peer's state: s1@group-7855650A4E0E:t5, leader=null, voted=s1, raftlog=s1@group-7855650A4E0E-SegmentedRaftLog:OPENED:c2,f2,i2, conf=1: [s0:0.0.0.0:38700, s1:0.0.0.0:34129, s2:0.0.0.0:38191], old=null
2019-09-24 16:31:17,525 INFO  impl.RaftServerImpl (ServerState.java:setLeader(254)) - s2@group-7855650A4E0E: change Leader from s2 to null at term 5 for updateCurrentTerm
2019-09-24 16:31:17,527 INFO  impl.RaftServerImpl (RaftServerImpl.java:setRole(170)) - s2@group-7855650A4E0E: changes role from    LEADER to FOLLOWER at term 5 for recognizeCandidate:s0
2019-09-24 16:31:17,527 INFO  impl.RoleInfo (RoleInfo.java:shutdownLeaderState(104)) - s2: shutdown LeaderState
2019-09-24 16:31:17,529 INFO  impl.LogAppender (LogAppender.java:run(78)) - s2@group-7855650A4E0E->s1-LogAppender-AppenderDaemon was interrupted: java.io.InterruptedIOException: s2->s1#0 sending from s1:0.0.0.0:34129 is interrupted.
2019-09-24 16:31:17,529 INFO  impl.LogAppender (LogAppender.java:run(78)) - s2@group-7855650A4E0E->s0-LogAppender-AppenderDaemon was interrupted: java.io.InterruptedIOException: s2->s0#0 sending from s0:0.0.0.0:38700 is interrupted.
2019-09-24 16:31:17,529 INFO  impl.PendingRequests (PendingRequests.java:sendNotLeaderResponses(202)) - s2@group-7855650A4E0E-PendingRequests: sendNotLeaderResponses
2019-09-24 16:31:17,531 INFO  impl.RoleInfo (RoleInfo.java:updateAndGet(143)) - s2: start FollowerState
2019-09-24 16:31:17,533 TRACE segmented.SegmentedRaftLogWorker (SegmentedRaftLogWorker.java:lambda$new$1(133)) - s2@group-A7200166065B-SegmentedRaftLogWorker: flushIndex: updateIncreasingly 0 -> 1
2019-09-24 16:31:17,533 TRACE segmented.SegmentedRaftLogWorker (SegmentedRaftLogWorker.java:lambda$new$1(133)) - s1@group-A7200166065B-SegmentedRaftLogWorker: flushIndex: updateIncreasingly 0 -> 1
2019-09-24 16:31:17,533 TRACE segmented.SegmentedRaftLogWorker (SegmentedRaftLogWorker.java:lambda$new$1(133)) - s0@group-A7200166065B-SegmentedRaftLogWorker: flushIndex: updateIncreasingly 0 -> 1
2019-09-24 16:31:17,534 DEBUG impl.RaftServerImpl (RaftServerImpl.java:logAppendEntries(850)) - s1@group-A7200166065B: succeeded to handle AppendEntries. Reply: s2<-s1#0:OK,SUCCESS,nextIndex:2,term:37,followerCommit:-1
2019-09-24 16:31:17,534 DEBUG impl.RaftServerImpl (RaftServerImpl.java:logAppendEntries(850)) - s0@group-A7200166065B: succeeded to handle AppendEntries. Reply: s2<-s0#0:OK,SUCCESS,nextIndex:2,term:37,followerCommit:0
2019-09-24 16:31:17,535 DEBUG segmented.SegmentedRaftLogWorker (SegmentedRaftLogWorker.java:addIOTask(251)) - s2@group-A7200166065B-SegmentedRaftLogWorker adds IO task WriteLog:2: (t:37, i:2), METADATAENTRY(c1)
2019-09-24 16:31:17,535 DEBUG segmented.SegmentedRaftLogWorker (SegmentedRaftLogWorker.java:flushWrites(340)) - s2@group-A7200166065B-SegmentedRaftLogWorker: flush SegmentedRaftLogOutputStream(/workdir/ratis-test/target/test/data/15450be3/MiniRaftClusterWithNetty3af59600/s2/27bf8f2f-fbce-4cfa-95b3-a7200166065b/current/log_inprogress_1)
2019-09-24 16:31:17,536 INFO  util.CodeInjectionForTesting (BlockRequestHandlingInjection.java:execute(76)) - s0: Block request from s2
2019-09-24 16:31:17,536 INFO  util.CodeInjectionForTesting (BlockRequestHandlingInjection.java:execute(76)) - s1: Block request from s2
2019-09-24 16:31:17,546 DEBUG impl.RaftServerImpl (RaftServerImpl.java:requestVote(775)) - s2@group-7855650A4E0E replies to vote request: s0<-s2#0:FAIL-t5. Peer's state: s2@group-7855650A4E0E:t5, leader=null, voted=null, raftlog=s2@group-7855650A4E0E-SegmentedRaftLog:OPENED:c2,f2,i2, conf=1: [s0:0.0.0.0:38700, s1:0.0.0.0:34129, s2:0.0.0.0:38191], old=null
2019-09-24 16:31:17,546 INFO  impl.RaftServerImpl (RaftServerImpl.java:setRole(170)) - s2@group-7855650A4E0E: changes role from  FOLLOWER to FOLLOWER at term 5 for recognizeCandidate:s1
2019-09-24 16:31:17,546 INFO  impl.LeaderElection (LeaderElection.java:logAndReturn(56)) - s0@group-7855650A4E0E-LeaderElection174: Election REJECTED; received 2 response(s) [s0<-s1#0:FAIL-t5, s0<-s2#0:FAIL-t5] and 0 exception(s); s0@group-7855650A4E0E:t5, leader=null, voted=s0, raftlog=s0@group-7855650A4E0E-SegmentedRaftLog:OPENED:c2,f2,i2, conf=1: [s0:0.0.0.0:38700, s1:0.0.0.0:34129, s2:0.0.0.0:38191], old=null
2019-09-24 16:31:17,546 INFO  impl.RoleInfo (RoleInfo.java:shutdownFollowerState(121)) - s2: shutdown FollowerState
2019-09-24 16:31:17,546 INFO  impl.RaftServerImpl (RaftServerImpl.java:setRole(170)) - s0@group-7855650A4E0E: changes role from CANDIDATE to FOLLOWER at term 5 for DISCOVERED_A_NEW_TERM
2019-09-24 16:31:17,547 INFO  impl.RoleInfo (RoleInfo.java:updateAndGet(143)) - s2: start FollowerState
2019-09-24 16:31:17,547 INFO  impl.FollowerState (FollowerState.java:run(117)) - s2@group-7855650A4E0E-FollowerState was interrupted: java.lang.InterruptedException: sleep interrupted
2019-09-24 16:31:17,547 INFO  impl.RoleInfo (RoleInfo.java:shutdownLeaderElection(134)) - s0: shutdown LeaderElection
2019-09-24 16:31:17,547 INFO  impl.RoleInfo (RoleInfo.java:updateAndGet(143)) - s0: start FollowerState
2019-09-24 16:31:17,548 TRACE segmented.SegmentedRaftLogWorker (SegmentedRaftLogWorker.java:lambda$new$1(133)) - s2@group-A7200166065B-SegmentedRaftLogWorker: flushIndex: updateIncreasingly 1 -> 2
2019-09-24 16:31:17,560 DEBUG impl.RaftServerImpl (RaftServerImpl.java:requestVote(775)) - s2@group-7855650A4E0E replies to vote request: s1<-s2#0:OK-t5. Peer's state: s2@group-7855650A4E0E:t5, leader=null, voted=s1, raftlog=s2@group-7855650A4E0E-SegmentedRaftLog:OPENED:c2,f2,i2, conf=1: [s0:0.0.0.0:38700, s1:0.0.0.0:34129, s2:0.0.0.0:38191], old=null
2019-09-24 16:31:17,561 INFO  impl.LeaderElection (LeaderElection.java:logAndReturn(56)) - s1@group-7855650A4E0E-LeaderElection173: Election PASSED; received 2 response(s) [s1<-s0#0:FAIL-t5, s1<-s2#0:OK-t5] and 0 exception(s); s1@group-7855650A4E0E:t5, leader=null, voted=s1, raftlog=s1@group-7855650A4E0E-SegmentedRaftLog:OPENED:c2,f2,i2, conf=1: [s0:0.0.0.0:38700, s1:0.0.0.0:34129, s2:0.0.0.0:38191], old=null
2019-09-24 16:31:17,561 INFO  impl.RoleInfo (RoleInfo.java:shutdownLeaderElection(134)) - s1: shutdown LeaderElection
2019-09-24 16:31:17,562 INFO  impl.RaftServerImpl (RaftServerImpl.java:setRole(170)) - s1@group-7855650A4E0E: changes role from CANDIDATE to LEADER at term 5 for changeToLeader
2019-09-24 16:31:17,562 INFO  impl.RaftServerImpl (ServerState.java:setLeader(254)) - s1@group-7855650A4E0E: change Leader from null to s1 at term 5 for becomeLeader, leader elected after 1295ms
2019-09-24 16:31:17,562 INFO  server.RaftServerConfigKeys (ConfUtils.java:logGet(43)) - raft.server.staging.catchup.gap = 1000 (default)
2019-09-24 16:31:17,562 INFO  server.RaftServerConfigKeys (ConfUtils.java:logGet(43)) - raft.server.rpc.sleep.time = 25ms (default)
2019-09-24 16:31:17,562 INFO  server.RaftServerConfigKeys (ConfUtils.java:logGet(43)) - raft.server.write.element-limit = 4096 (default)
2019-09-24 16:31:17,562 INFO  server.RaftServerConfigKeys (ConfUtils.java:logGet(43)) - raft.server.watch.timeout = 10s (default)
2019-09-24 16:31:17,563 INFO  server.RaftServerConfigKeys (ConfUtils.java:logGet(43)) - raft.server.watch.timeout.denomination = 1s (default)
2019-09-24 16:31:17,563 INFO  server.RaftServerConfigKeys (ConfUtils.java:logGet(43)) - raft.server.watch.element-limit = 65536 (default)
2019-09-24 16:31:17,565 INFO  server.RaftServerConfigKeys (ConfUtils.java:logGet(43)) - raft.server.rpc.timeout.max = 300ms (default)
2019-09-24 16:31:17,565 INFO  ratis.RaftTestUtil (RaftTestUtil.java:waitForLeader(86)) - printing ALL groups
  s0:  RUNNING  FOLLOWER s0@group-A7200166065B:t37, leader=s2, voted=null, raftlog=s0@group-A7200166065B-SegmentedRaftLog:OPENED:c0,f1,i1, conf=1: [s0:0.0.0.0:33663, s1:0.0.0.0:41738, s2:0.0.0.0:43966], old=null RUNNING
  s1:  RUNNING  FOLLOWER s1@group-A7200166065B:t37, leader=s2, voted=s2, raftlog=s1@group-A7200166065B-SegmentedRaftLog:OPENED:c-1,f1,i1, conf=1: [s0:0.0.0.0:33663, s1:0.0.0.0:41738, s2:0.0.0.0:43966], old=null RUNNING
  s2:  RUNNING    LEADER s2@group-A7200166065B:t37, leader=s2, voted=s2, raftlog=s2@group-A7200166065B-SegmentedRaftLog:OPENED:c1,f2,i2, conf=1: [s0:0.0.0.0:33663, s1:0.0.0.0:41738, s2:0.0.0.0:43966], old=null RUNNING
2019-09-24 16:31:17,565 INFO  ratis.RaftTestUtil (RaftTestUtil.java:waitForLeader(101)) - printing ALL groups
  s0:  RUNNING  FOLLOWER s0@group-A7200166065B:t37, leader=s2, voted=null, raftlog=s0@group-A7200166065B-SegmentedRaftLog:OPENED:c0,f1,i1, conf=1: [s0:0.0.0.0:33663, s1:0.0.0.0:41738, s2:0.0.0.0:43966], old=null RUNNING
  s1:  RUNNING  FOLLOWER s1@group-A7200166065B:t37, leader=s2, voted=s2, raftlog=s1@group-A7200166065B-SegmentedRaftLog:OPENED:c-1,f1,i1, conf=1: [s0:0.0.0.0:33663, s1:0.0.0.0:41738, s2:0.0.0.0:43966], old=null RUNNING
  s2:  RUNNING    LEADER s2@group-A7200166065B:t37, leader=s2, voted=s2, raftlog=s2@group-A7200166065B-SegmentedRaftLog:OPENED:c1,f2,i2, conf=1: [s0:0.0.0.0:33663, s1:0.0.0.0:41738, s2:0.0.0.0:43966], old=null RUNNING
2019-09-24 16:31:17,566 WARN  ratis.RaftTestUtil (JavaUtils.java:attempt(158)) - FAILED "testChangeLeader-changeLeader", attempt #16/20: java.lang.IllegalStateException: Failed to change leader: newLeader == oldLeader == s2, sleep 100ms and then retry.
java.lang.IllegalStateException: Failed to change leader: newLeader == oldLeader == s2
	at org.apache.ratis.RaftTestUtil.lambda$changeLeader$7(RaftTestUtil.java:365)
	at org.apache.ratis.util.JavaUtils.attempt(JavaUtils.java:152)
	at org.apache.ratis.RaftTestUtil.changeLeader(RaftTestUtil.java:362)
	at org.apache.ratis.server.impl.LeaderElectionTests.testChangeLeader(LeaderElectionTests.java:81)
	at sun.reflect.NativeMethodAccessorImpl.invoke0(Native Method)
	at sun.reflect.NativeMethodAccessorImpl.invoke(NativeMethodAccessorImpl.java:62)
	at sun.reflect.DelegatingMethodAccessorImpl.invoke(DelegatingMethodAccessorImpl.java:43)
	at java.lang.reflect.Method.invoke(Method.java:498)
	at org.junit.runners.model.FrameworkMethod$1.runReflectiveCall(FrameworkMethod.java:50)
	at org.junit.internal.runners.model.ReflectiveCallable.run(ReflectiveCallable.java:12)
	at org.junit.runners.model.FrameworkMethod.invokeExplosively(FrameworkMethod.java:47)
	at org.junit.internal.runners.statements.InvokeMethod.evaluate(InvokeMethod.java:17)
	at org.junit.internal.runners.statements.RunAfters.evaluate(RunAfters.java:27)
	at org.junit.internal.runners.statements.FailOnTimeout$CallableStatement.call(FailOnTimeout.java:298)
	at org.junit.internal.runners.statements.FailOnTimeout$CallableStatement.call(FailOnTimeout.java:292)
	at java.util.concurrent.FutureTask.run(FutureTask.java:266)
	at java.lang.Thread.run(Thread.java:748)
2019-09-24 16:31:17,566 INFO  server.RaftServerConfigKeys (ConfUtils.java:logGet(43)) - raft.server.log.appender.snapshot.chunk.size.max = 16MB (=16777216) (default)
2019-09-24 16:31:17,566 INFO  server.RaftServerConfigKeys (ConfUtils.java:logGet(43)) - raft.server.log.appender.buffer.byte-limit = 4MB (=4194304) (default)
2019-09-24 16:31:17,566 INFO  server.RaftServerConfigKeys (ConfUtils.java:logGet(43)) - raft.server.log.appender.buffer.element-limit = 0 (default)
2019-09-24 16:31:17,567 INFO  server.RaftServerConfigKeys (ConfUtils.java:logGet(43)) - raft.server.log.appender.snapshot.chunk.size.max = 16MB (=16777216) (default)
2019-09-24 16:31:17,567 INFO  server.RaftServerConfigKeys (ConfUtils.java:logGet(43)) - raft.server.log.appender.buffer.byte-limit = 4MB (=4194304) (default)
2019-09-24 16:31:17,567 INFO  server.RaftServerConfigKeys (ConfUtils.java:logGet(43)) - raft.server.log.appender.buffer.element-limit = 0 (default)
2019-09-24 16:31:17,567 INFO  impl.RoleInfo (RoleInfo.java:updateAndGet(143)) - s1: start LeaderState
2019-09-24 16:31:17,568 INFO  segmented.SegmentedRaftLogWorker (SegmentedRaftLogWorker.java:rollLogSegment(385)) - s1@group-7855650A4E0E-SegmentedRaftLogWorker: Rolling segment log-1_2 to index:2
2019-09-24 16:31:17,568 DEBUG segmented.SegmentedRaftLogWorker (SegmentedRaftLogWorker.java:addIOTask(251)) - s1@group-7855650A4E0E-SegmentedRaftLogWorker adds IO task FinalizeLogSegment:2: startIndex=1 endIndex=2
2019-09-24 16:31:17,568 DEBUG segmented.SegmentedRaftLogWorker (SegmentedRaftLogWorker.java:addIOTask(251)) - s1@group-7855650A4E0E-SegmentedRaftLogWorker adds IO task StartLogSegment:3
2019-09-24 16:31:17,568 DEBUG segmented.SegmentedRaftLogWorker (SegmentedRaftLogWorker.java:addIOTask(251)) - s1@group-7855650A4E0E-SegmentedRaftLogWorker adds IO task WriteLog:3: (t:5, i:3), CONFIGURATIONENTRY
2019-09-24 16:31:17,569 INFO  impl.RaftServerImpl (ServerState.java:setRaftConf(355)) - s1@group-7855650A4E0E: set configuration 3: [s0:0.0.0.0:38700, s1:0.0.0.0:34129, s2:0.0.0.0:38191], old=null at 3
2019-09-24 16:31:17,569 INFO  impl.RaftServerImpl (ServerState.java:setLeader(254)) - s0@group-7855650A4E0E: change Leader from null to s1 at term 5 for appendEntries, leader elected after 1172ms
2019-09-24 16:31:17,569 INFO  impl.RaftServerImpl (ServerState.java:setLeader(254)) - s2@group-7855650A4E0E: change Leader from null to s1 at term 5 for appendEntries, leader elected after 44ms
2019-09-24 16:31:17,570 TRACE util.FileUtils (LogUtils.java:runAndLog(61)) - Successfully ran Files.move /workdir/ratis-test/target/test/data/15450be3/MiniRaftClusterWithNettyb8f98288/s1/137f2fb6-3de9-4538-8d9a-7855650a4e0e/current/log_inprogress_1 to /workdir/ratis-test/target/test/data/15450be3/MiniRaftClusterWithNettyb8f98288/s1/137f2fb6-3de9-4538-8d9a-7855650a4e0e/current/log_1-2
2019-09-24 16:31:17,571 INFO  segmented.SegmentedRaftLogWorker (SegmentedRaftLogWorker.java:execute(526)) - s1@group-7855650A4E0E-SegmentedRaftLogWorker: Rolled log segment from /workdir/ratis-test/target/test/data/15450be3/MiniRaftClusterWithNettyb8f98288/s1/137f2fb6-3de9-4538-8d9a-7855650a4e0e/current/log_inprogress_1 to /workdir/ratis-test/target/test/data/15450be3/MiniRaftClusterWithNettyb8f98288/s1/137f2fb6-3de9-4538-8d9a-7855650a4e0e/current/log_1-2
2019-09-24 16:31:17,571 TRACE segmented.SegmentedRaftLogWorker (SegmentedRaftLogWorker.java:lambda$new$1(133)) - s1@group-7855650A4E0E-SegmentedRaftLogWorker: flushIndex: updateIncreasingly 2 -> 2
2019-09-24 16:31:17,571 DEBUG impl.RaftServerImpl (RaftServerImpl.java:logAppendEntries(850)) - s0@group-7855650A4E0E: receive appendEntries(s1, 5, (t:4, i:2), 2, false, commits[s1:c2, s0:c2, s2:c2], entries: (t:5, i:3), CONFIGURATIONENTRY
2019-09-24 16:31:17,571 DEBUG impl.RaftServerImpl (RaftServerImpl.java:logAppendEntries(850)) - s2@group-7855650A4E0E: receive appendEntries(s1, 5, (t:4, i:2), 2, false, commits[s1:c2, s0:c2, s2:c2], entries: (t:5, i:3), CONFIGURATIONENTRY
2019-09-24 16:31:17,571 INFO  impl.RaftServerImpl (ServerState.java:setRaftConf(355)) - s0@group-7855650A4E0E: set configuration 3: [s0:0.0.0.0:38700, s1:0.0.0.0:34129, s2:0.0.0.0:38191], old=null at 3
2019-09-24 16:31:17,571 INFO  impl.RaftServerImpl (ServerState.java:setRaftConf(355)) - s2@group-7855650A4E0E: set configuration 3: [s0:0.0.0.0:38700, s1:0.0.0.0:34129, s2:0.0.0.0:38191], old=null at 3
2019-09-24 16:31:17,572 INFO  segmented.SegmentedRaftLogWorker (SegmentedRaftLogWorker.java:rollLogSegment(385)) - s0@group-7855650A4E0E-SegmentedRaftLogWorker: Rolling segment log-1_2 to index:2
2019-09-24 16:31:17,572 INFO  segmented.SegmentedRaftLogWorker (SegmentedRaftLogWorker.java:rollLogSegment(385)) - s2@group-7855650A4E0E-SegmentedRaftLogWorker: Rolling segment log-1_2 to index:2
2019-09-24 16:31:17,572 DEBUG segmented.SegmentedRaftLogWorker (SegmentedRaftLogWorker.java:addIOTask(251)) - s0@group-7855650A4E0E-SegmentedRaftLogWorker adds IO task FinalizeLogSegment:2: startIndex=1 endIndex=2
2019-09-24 16:31:17,572 DEBUG segmented.SegmentedRaftLogWorker (SegmentedRaftLogWorker.java:addIOTask(251)) - s2@group-7855650A4E0E-SegmentedRaftLogWorker adds IO task FinalizeLogSegment:2: startIndex=1 endIndex=2
2019-09-24 16:31:17,573 DEBUG segmented.SegmentedRaftLogWorker (SegmentedRaftLogWorker.java:addIOTask(251)) - s0@group-7855650A4E0E-SegmentedRaftLogWorker adds IO task StartLogSegment:3
2019-09-24 16:31:17,573 DEBUG segmented.SegmentedRaftLogWorker (SegmentedRaftLogWorker.java:addIOTask(251)) - s2@group-7855650A4E0E-SegmentedRaftLogWorker adds IO task StartLogSegment:3
2019-09-24 16:31:17,573 DEBUG segmented.SegmentedRaftLogWorker (SegmentedRaftLogWorker.java:addIOTask(251)) - s0@group-7855650A4E0E-SegmentedRaftLogWorker adds IO task WriteLog:3: (t:5, i:3), CONFIGURATIONENTRY
2019-09-24 16:31:17,573 DEBUG segmented.SegmentedRaftLogWorker (SegmentedRaftLogWorker.java:addIOTask(251)) - s2@group-7855650A4E0E-SegmentedRaftLogWorker adds IO task WriteLog:3: (t:5, i:3), CONFIGURATIONENTRY
2019-09-24 16:31:17,575 TRACE util.FileUtils (LogUtils.java:runAndLog(61)) - Successfully ran Files.move /workdir/ratis-test/target/test/data/15450be3/MiniRaftClusterWithNettyb8f98288/s0/137f2fb6-3de9-4538-8d9a-7855650a4e0e/current/log_inprogress_1 to /workdir/ratis-test/target/test/data/15450be3/MiniRaftClusterWithNettyb8f98288/s0/137f2fb6-3de9-4538-8d9a-7855650a4e0e/current/log_1-2
2019-09-24 16:31:17,575 INFO  segmented.SegmentedRaftLogWorker (SegmentedRaftLogWorker.java:execute(526)) - s0@group-7855650A4E0E-SegmentedRaftLogWorker: Rolled log segment from /workdir/ratis-test/target/test/data/15450be3/MiniRaftClusterWithNettyb8f98288/s0/137f2fb6-3de9-4538-8d9a-7855650a4e0e/current/log_inprogress_1 to /workdir/ratis-test/target/test/data/15450be3/MiniRaftClusterWithNettyb8f98288/s0/137f2fb6-3de9-4538-8d9a-7855650a4e0e/current/log_1-2
2019-09-24 16:31:17,575 TRACE segmented.SegmentedRaftLogWorker (SegmentedRaftLogWorker.java:lambda$new$1(133)) - s0@group-7855650A4E0E-SegmentedRaftLogWorker: flushIndex: updateIncreasingly 2 -> 2
2019-09-24 16:31:17,575 TRACE util.FileUtils (LogUtils.java:runAndLog(61)) - Successfully ran Files.move /workdir/ratis-test/target/test/data/15450be3/MiniRaftClusterWithNettyb8f98288/s2/137f2fb6-3de9-4538-8d9a-7855650a4e0e/current/log_inprogress_1 to /workdir/ratis-test/target/test/data/15450be3/MiniRaftClusterWithNettyb8f98288/s2/137f2fb6-3de9-4538-8d9a-7855650a4e0e/current/log_1-2
2019-09-24 16:31:17,576 INFO  segmented.SegmentedRaftLogWorker (SegmentedRaftLogWorker.java:execute(526)) - s2@group-7855650A4E0E-SegmentedRaftLogWorker: Rolled log segment from /workdir/ratis-test/target/test/data/15450be3/MiniRaftClusterWithNettyb8f98288/s2/137f2fb6-3de9-4538-8d9a-7855650a4e0e/current/log_inprogress_1 to /workdir/ratis-test/target/test/data/15450be3/MiniRaftClusterWithNettyb8f98288/s2/137f2fb6-3de9-4538-8d9a-7855650a4e0e/current/log_1-2
2019-09-24 16:31:17,576 TRACE segmented.SegmentedRaftLogWorker (SegmentedRaftLogWorker.java:lambda$new$1(133)) - s2@group-7855650A4E0E-SegmentedRaftLogWorker: flushIndex: updateIncreasingly 2 -> 2
2019-09-24 16:31:17,666 INFO  server.RaftServerConfigKeys (ConfUtils.java:logGet(43)) - raft.server.rpc.timeout.max = 300ms (default)
2019-09-24 16:31:17,667 INFO  ratis.RaftTestUtil (RaftTestUtil.java:waitForLeader(86)) - printing ALL groups
  s0:  RUNNING  FOLLOWER s0@group-A7200166065B:t37, leader=s2, voted=null, raftlog=s0@group-A7200166065B-SegmentedRaftLog:OPENED:c0,f1,i1, conf=1: [s0:0.0.0.0:33663, s1:0.0.0.0:41738, s2:0.0.0.0:43966], old=null RUNNING
  s1:  RUNNING  FOLLOWER s1@group-A7200166065B:t37, leader=s2, voted=s2, raftlog=s1@group-A7200166065B-SegmentedRaftLog:OPENED:c-1,f1,i1, conf=1: [s0:0.0.0.0:33663, s1:0.0.0.0:41738, s2:0.0.0.0:43966], old=null RUNNING
  s2:  RUNNING    LEADER s2@group-A7200166065B:t37, leader=s2, voted=s2, raftlog=s2@group-A7200166065B-SegmentedRaftLog:OPENED:c1,f2,i2, conf=1: [s0:0.0.0.0:33663, s1:0.0.0.0:41738, s2:0.0.0.0:43966], old=null RUNNING
2019-09-24 16:31:17,667 INFO  ratis.RaftTestUtil (RaftTestUtil.java:waitForLeader(101)) - printing ALL groups
  s0:  RUNNING  FOLLOWER s0@group-A7200166065B:t37, leader=s2, voted=null, raftlog=s0@group-A7200166065B-SegmentedRaftLog:OPENED:c0,f1,i1, conf=1: [s0:0.0.0.0:33663, s1:0.0.0.0:41738, s2:0.0.0.0:43966], old=null RUNNING
  s1:  RUNNING  FOLLOWER s1@group-A7200166065B:t37, leader=s2, voted=s2, raftlog=s1@group-A7200166065B-SegmentedRaftLog:OPENED:c-1,f1,i1, conf=1: [s0:0.0.0.0:33663, s1:0.0.0.0:41738, s2:0.0.0.0:43966], old=null RUNNING
  s2:  RUNNING    LEADER s2@group-A7200166065B:t37, leader=s2, voted=s2, raftlog=s2@group-A7200166065B-SegmentedRaftLog:OPENED:c1,f2,i2, conf=1: [s0:0.0.0.0:33663, s1:0.0.0.0:41738, s2:0.0.0.0:43966], old=null RUNNING
2019-09-24 16:31:17,668 WARN  ratis.RaftTestUtil (JavaUtils.java:attempt(158)) - FAILED "testChangeLeader-changeLeader", attempt #17/20: java.lang.IllegalStateException: Failed to change leader: newLeader == oldLeader == s2, sleep 100ms and then retry.
java.lang.IllegalStateException: Failed to change leader: newLeader == oldLeader == s2
	at org.apache.ratis.RaftTestUtil.lambda$changeLeader$7(RaftTestUtil.java:365)
	at org.apache.ratis.util.JavaUtils.attempt(JavaUtils.java:152)
	at org.apache.ratis.RaftTestUtil.changeLeader(RaftTestUtil.java:362)
	at org.apache.ratis.server.impl.LeaderElectionTests.testChangeLeader(LeaderElectionTests.java:81)
	at sun.reflect.NativeMethodAccessorImpl.invoke0(Native Method)
	at sun.reflect.NativeMethodAccessorImpl.invoke(NativeMethodAccessorImpl.java:62)
	at sun.reflect.DelegatingMethodAccessorImpl.invoke(DelegatingMethodAccessorImpl.java:43)
	at java.lang.reflect.Method.invoke(Method.java:498)
	at org.junit.runners.model.FrameworkMethod$1.runReflectiveCall(FrameworkMethod.java:50)
	at org.junit.internal.runners.model.ReflectiveCallable.run(ReflectiveCallable.java:12)
	at org.junit.runners.model.FrameworkMethod.invokeExplosively(FrameworkMethod.java:47)
	at org.junit.internal.runners.statements.InvokeMethod.evaluate(InvokeMethod.java:17)
	at org.junit.internal.runners.statements.RunAfters.evaluate(RunAfters.java:27)
	at org.junit.internal.runners.statements.FailOnTimeout$CallableStatement.call(FailOnTimeout.java:298)
	at org.junit.internal.runners.statements.FailOnTimeout$CallableStatement.call(FailOnTimeout.java:292)
	at java.util.concurrent.FutureTask.run(FutureTask.java:266)
	at java.lang.Thread.run(Thread.java:748)
2019-09-24 16:31:17,760 INFO  impl.FollowerState (FollowerState.java:run(108)) - s0@group-A7200166065B-FollowerState: change to CANDIDATE, lastRpcTime:226ms, electionTimeout:200ms
2019-09-24 16:31:17,761 INFO  impl.RoleInfo (RoleInfo.java:shutdownFollowerState(121)) - s0: shutdown FollowerState
2019-09-24 16:31:17,761 INFO  impl.RaftServerImpl (RaftServerImpl.java:setRole(170)) - s0@group-A7200166065B: changes role from  FOLLOWER to CANDIDATE at term 37 for changeToCandidate
2019-09-24 16:31:17,761 INFO  impl.RoleInfo (RoleInfo.java:updateAndGet(143)) - s0: start LeaderElection
2019-09-24 16:31:17,762 INFO  impl.RaftServerImpl (ServerState.java:setLeader(254)) - s0@group-A7200166065B: change Leader from s2 to null at term 37 for initElection
2019-09-24 16:31:17,768 INFO  server.RaftServerConfigKeys (ConfUtils.java:logGet(43)) - raft.server.rpc.timeout.max = 300ms (default)
2019-09-24 16:31:17,769 INFO  ratis.RaftTestUtil (RaftTestUtil.java:waitForLeader(86)) - printing ALL groups
  s0:  RUNNING CANDIDATE s0@group-A7200166065B:t38, leader=null, voted=s0, raftlog=s0@group-A7200166065B-SegmentedRaftLog:OPENED:c0,f1,i1, conf=1: [s0:0.0.0.0:33663, s1:0.0.0.0:41738, s2:0.0.0.0:43966], old=null RUNNING
  s1:  RUNNING  FOLLOWER s1@group-A7200166065B:t37, leader=s2, voted=s2, raftlog=s1@group-A7200166065B-SegmentedRaftLog:OPENED:c-1,f1,i1, conf=1: [s0:0.0.0.0:33663, s1:0.0.0.0:41738, s2:0.0.0.0:43966], old=null RUNNING
  s2:  RUNNING    LEADER s2@group-A7200166065B:t37, leader=s2, voted=s2, raftlog=s2@group-A7200166065B-SegmentedRaftLog:OPENED:c1,f2,i2, conf=1: [s0:0.0.0.0:33663, s1:0.0.0.0:41738, s2:0.0.0.0:43966], old=null RUNNING
2019-09-24 16:31:17,769 INFO  ratis.RaftTestUtil (RaftTestUtil.java:waitForLeader(101)) - printing ALL groups
  s0:  RUNNING CANDIDATE s0@group-A7200166065B:t38, leader=null, voted=s0, raftlog=s0@group-A7200166065B-SegmentedRaftLog:OPENED:c0,f1,i1, conf=1: [s0:0.0.0.0:33663, s1:0.0.0.0:41738, s2:0.0.0.0:43966], old=null RUNNING
  s1:  RUNNING  FOLLOWER s1@group-A7200166065B:t37, leader=s2, voted=s2, raftlog=s1@group-A7200166065B-SegmentedRaftLog:OPENED:c-1,f1,i1, conf=1: [s0:0.0.0.0:33663, s1:0.0.0.0:41738, s2:0.0.0.0:43966], old=null RUNNING
  s2:  RUNNING    LEADER s2@group-A7200166065B:t37, leader=s2, voted=s2, raftlog=s2@group-A7200166065B-SegmentedRaftLog:OPENED:c1,f2,i2, conf=1: [s0:0.0.0.0:33663, s1:0.0.0.0:41738, s2:0.0.0.0:43966], old=null RUNNING
2019-09-24 16:31:17,769 WARN  ratis.RaftTestUtil (JavaUtils.java:attempt(158)) - FAILED "testChangeLeader-changeLeader", attempt #18/20: java.lang.IllegalStateException: Failed to change leader: newLeader == oldLeader == s2, sleep 100ms and then retry.
java.lang.IllegalStateException: Failed to change leader: newLeader == oldLeader == s2
	at org.apache.ratis.RaftTestUtil.lambda$changeLeader$7(RaftTestUtil.java:365)
	at org.apache.ratis.util.JavaUtils.attempt(JavaUtils.java:152)
	at org.apache.ratis.RaftTestUtil.changeLeader(RaftTestUtil.java:362)
	at org.apache.ratis.server.impl.LeaderElectionTests.testChangeLeader(LeaderElectionTests.java:81)
	at sun.reflect.NativeMethodAccessorImpl.invoke0(Native Method)
	at sun.reflect.NativeMethodAccessorImpl.invoke(NativeMethodAccessorImpl.java:62)
	at sun.reflect.DelegatingMethodAccessorImpl.invoke(DelegatingMethodAccessorImpl.java:43)
	at java.lang.reflect.Method.invoke(Method.java:498)
	at org.junit.runners.model.FrameworkMethod$1.runReflectiveCall(FrameworkMethod.java:50)
	at org.junit.internal.runners.model.ReflectiveCallable.run(ReflectiveCallable.java:12)
	at org.junit.runners.model.FrameworkMethod.invokeExplosively(FrameworkMethod.java:47)
	at org.junit.internal.runners.statements.InvokeMethod.evaluate(InvokeMethod.java:17)
	at org.junit.internal.runners.statements.RunAfters.evaluate(RunAfters.java:27)
	at org.junit.internal.runners.statements.FailOnTimeout$CallableStatement.call(FailOnTimeout.java:298)
	at org.junit.internal.runners.statements.FailOnTimeout$CallableStatement.call(FailOnTimeout.java:292)
	at java.util.concurrent.FutureTask.run(FutureTask.java:266)
	at java.lang.Thread.run(Thread.java:748)
2019-09-24 16:31:17,870 INFO  server.RaftServerConfigKeys (ConfUtils.java:logGet(43)) - raft.server.rpc.timeout.max = 300ms (default)
2019-09-24 16:31:17,870 INFO  ratis.RaftTestUtil (RaftTestUtil.java:waitForLeader(86)) - printing ALL groups
  s0:  RUNNING CANDIDATE s0@group-A7200166065B:t38, leader=null, voted=s0, raftlog=s0@group-A7200166065B-SegmentedRaftLog:OPENED:c0,f1,i1, conf=1: [s0:0.0.0.0:33663, s1:0.0.0.0:41738, s2:0.0.0.0:43966], old=null RUNNING
  s1:  RUNNING  FOLLOWER s1@group-A7200166065B:t37, leader=s2, voted=s2, raftlog=s1@group-A7200166065B-SegmentedRaftLog:OPENED:c-1,f1,i1, conf=1: [s0:0.0.0.0:33663, s1:0.0.0.0:41738, s2:0.0.0.0:43966], old=null RUNNING
  s2:  RUNNING    LEADER s2@group-A7200166065B:t37, leader=s2, voted=s2, raftlog=s2@group-A7200166065B-SegmentedRaftLog:OPENED:c1,f2,i2, conf=1: [s0:0.0.0.0:33663, s1:0.0.0.0:41738, s2:0.0.0.0:43966], old=null RUNNING
2019-09-24 16:31:17,871 INFO  ratis.RaftTestUtil (RaftTestUtil.java:waitForLeader(101)) - printing ALL groups
  s0:  RUNNING CANDIDATE s0@group-A7200166065B:t38, leader=null, voted=s0, raftlog=s0@group-A7200166065B-SegmentedRaftLog:OPENED:c0,f1,i1, conf=1: [s0:0.0.0.0:33663, s1:0.0.0.0:41738, s2:0.0.0.0:43966], old=null RUNNING
  s1:  RUNNING  FOLLOWER s1@group-A7200166065B:t37, leader=s2, voted=s2, raftlog=s1@group-A7200166065B-SegmentedRaftLog:OPENED:c-1,f1,i1, conf=1: [s0:0.0.0.0:33663, s1:0.0.0.0:41738, s2:0.0.0.0:43966], old=null RUNNING
  s2:  RUNNING    LEADER s2@group-A7200166065B:t37, leader=s2, voted=s2, raftlog=s2@group-A7200166065B-SegmentedRaftLog:OPENED:c1,f2,i2, conf=1: [s0:0.0.0.0:33663, s1:0.0.0.0:41738, s2:0.0.0.0:43966], old=null RUNNING
2019-09-24 16:31:17,871 WARN  ratis.RaftTestUtil (JavaUtils.java:attempt(158)) - FAILED "testChangeLeader-changeLeader", attempt #19/20: java.lang.IllegalStateException: Failed to change leader: newLeader == oldLeader == s2, sleep 100ms and then retry.
java.lang.IllegalStateException: Failed to change leader: newLeader == oldLeader == s2
	at org.apache.ratis.RaftTestUtil.lambda$changeLeader$7(RaftTestUtil.java:365)
	at org.apache.ratis.util.JavaUtils.attempt(JavaUtils.java:152)
	at org.apache.ratis.RaftTestUtil.changeLeader(RaftTestUtil.java:362)
	at org.apache.ratis.server.impl.LeaderElectionTests.testChangeLeader(LeaderElectionTests.java:81)
	at sun.reflect.NativeMethodAccessorImpl.invoke0(Native Method)
	at sun.reflect.NativeMethodAccessorImpl.invoke(NativeMethodAccessorImpl.java:62)
	at sun.reflect.DelegatingMethodAccessorImpl.invoke(DelegatingMethodAccessorImpl.java:43)
	at java.lang.reflect.Method.invoke(Method.java:498)
	at org.junit.runners.model.FrameworkMethod$1.runReflectiveCall(FrameworkMethod.java:50)
	at org.junit.internal.runners.model.ReflectiveCallable.run(ReflectiveCallable.java:12)
	at org.junit.runners.model.FrameworkMethod.invokeExplosively(FrameworkMethod.java:47)
	at org.junit.internal.runners.statements.InvokeMethod.evaluate(InvokeMethod.java:17)
	at org.junit.internal.runners.statements.RunAfters.evaluate(RunAfters.java:27)
	at org.junit.internal.runners.statements.FailOnTimeout$CallableStatement.call(FailOnTimeout.java:298)
	at org.junit.internal.runners.statements.FailOnTimeout$CallableStatement.call(FailOnTimeout.java:292)
	at java.util.concurrent.FutureTask.run(FutureTask.java:266)
	at java.lang.Thread.run(Thread.java:748)
2019-09-24 16:31:17,960 INFO  impl.FollowerState (FollowerState.java:run(108)) - s1@group-A7200166065B-FollowerState: change to CANDIDATE, lastRpcTime:425ms, electionTimeout:191ms
2019-09-24 16:31:17,960 INFO  impl.RoleInfo (RoleInfo.java:shutdownFollowerState(121)) - s1: shutdown FollowerState
2019-09-24 16:31:17,960 INFO  impl.RaftServerImpl (RaftServerImpl.java:setRole(170)) - s1@group-A7200166065B: changes role from  FOLLOWER to CANDIDATE at term 37 for changeToCandidate
2019-09-24 16:31:17,960 INFO  impl.RoleInfo (RoleInfo.java:updateAndGet(143)) - s1: start LeaderElection
2019-09-24 16:31:17,961 INFO  impl.RaftServerImpl (ServerState.java:setLeader(254)) - s1@group-A7200166065B: change Leader from s2 to null at term 37 for initElection
2019-09-24 16:31:17,971 INFO  server.RaftServerConfigKeys (ConfUtils.java:logGet(43)) - raft.server.rpc.timeout.max = 300ms (default)
2019-09-24 16:31:17,972 INFO  ratis.RaftTestUtil (RaftTestUtil.java:waitForLeader(86)) - printing ALL groups
  s0:  RUNNING CANDIDATE s0@group-A7200166065B:t38, leader=null, voted=s0, raftlog=s0@group-A7200166065B-SegmentedRaftLog:OPENED:c0,f1,i1, conf=1: [s0:0.0.0.0:33663, s1:0.0.0.0:41738, s2:0.0.0.0:43966], old=null RUNNING
  s1:  RUNNING CANDIDATE s1@group-A7200166065B:t38, leader=null, voted=s1, raftlog=s1@group-A7200166065B-SegmentedRaftLog:OPENED:c-1,f1,i1, conf=1: [s0:0.0.0.0:33663, s1:0.0.0.0:41738, s2:0.0.0.0:43966], old=null RUNNING
  s2:  RUNNING    LEADER s2@group-A7200166065B:t37, leader=s2, voted=s2, raftlog=s2@group-A7200166065B-SegmentedRaftLog:OPENED:c1,f2,i2, conf=1: [s0:0.0.0.0:33663, s1:0.0.0.0:41738, s2:0.0.0.0:43966], old=null RUNNING
2019-09-24 16:31:17,972 INFO  ratis.RaftTestUtil (RaftTestUtil.java:waitForLeader(101)) - printing ALL groups
  s0:  RUNNING CANDIDATE s0@group-A7200166065B:t38, leader=null, voted=s0, raftlog=s0@group-A7200166065B-SegmentedRaftLog:OPENED:c0,f1,i1, conf=1: [s0:0.0.0.0:33663, s1:0.0.0.0:41738, s2:0.0.0.0:43966], old=null RUNNING
  s1:  RUNNING CANDIDATE s1@group-A7200166065B:t38, leader=null, voted=s1, raftlog=s1@group-A7200166065B-SegmentedRaftLog:OPENED:c-1,f1,i1, conf=1: [s0:0.0.0.0:33663, s1:0.0.0.0:41738, s2:0.0.0.0:43966], old=null RUNNING
  s2:  RUNNING    LEADER s2@group-A7200166065B:t37, leader=s2, voted=s2, raftlog=s2@group-A7200166065B-SegmentedRaftLog:OPENED:c1,f2,i2, conf=1: [s0:0.0.0.0:33663, s1:0.0.0.0:41738, s2:0.0.0.0:43966], old=null RUNNING
2019-09-24 16:31:17,972 INFO  util.CodeInjectionForTesting (BlockRequestHandlingInjection.java:unblockRequestor(53)) - UnBlock requestor s2
]]></system-out>
  </testcase>
  <testcase name="testLeaderElectionMetrics" classname="org.apache.ratis.netty.TestLeaderElectionWithNetty" time="11.142"/>
</testsuite>