<?xml version="1.0" encoding="UTF-8"?>
<testsuite xmlns:xsi="http://www.w3.org/2001/XMLSchema-instance" xsi:noNamespaceSchemaLocation="https://maven.apache.org/surefire/maven-surefire-plugin/xsd/surefire-test-report.xsd" name="org.apache.ratis.netty.TestRaftStateMachineExceptionWithNetty" time="65.862" tests="3" errors="1" skipped="0" failures="0">
  <properties>
    <property name="awt.toolkit" value="sun.awt.X11.XToolkit"/>
    <property name="file.encoding.pkg" value="sun.io"/>
    <property name="java.specification.version" value="1.8"/>
    <property name="sun.cpu.isalist" value=""/>
    <property name="sun.jnu.encoding" value="UTF-8"/>
    <property name="java.class.path" value="/workdir/ratis-test/target/test-classes:/workdir/ratis-test/target/classes:/workdir/ratis-common/target/classes:/home/user/.m2/repository/org/apache/ratis/ratis-thirdparty-misc/0.2.0/ratis-thirdparty-misc-0.2.0.jar:/workdir/ratis-proto/target/ratis-proto-0.5.0-SNAPSHOT.jar:/home/user/.m2/repository/org/slf4j/slf4j-log4j12/1.7.10/slf4j-log4j12-1.7.10.jar:/home/user/.m2/repository/log4j/log4j/1.2.17/log4j-1.2.17.jar:/workdir/ratis-common/target/test-classes:/workdir/ratis-client/target/classes:/workdir/ratis-server/target/classes:/workdir/ratis-metrics/target/classes:/home/user/.m2/repository/io/dropwizard/metrics/metrics-core/3.2.5/metrics-core-3.2.5.jar:/home/user/.m2/repository/com/github/joshelser/dropwizard-metrics-hadoop-metrics2-reporter/0.1.2/dropwizard-metrics-hadoop-metrics2-reporter-0.1.2.jar:/home/user/.m2/repository/org/apache/hadoop/hadoop-common/2.6.0/hadoop-common-2.6.0.jar:/home/user/.m2/repository/org/apache/hadoop/hadoop-annotations/2.6.0/hadoop-annotations-2.6.0.jar:/usr/lib/jvm/java-1.8-openjdk/jre/../lib/tools.jar:/home/user/.m2/repository/com/google/guava/guava/11.0.2/guava-11.0.2.jar:/home/user/.m2/repository/commons-cli/commons-cli/1.2/commons-cli-1.2.jar:/home/user/.m2/repository/org/apache/commons/commons-math3/3.1.1/commons-math3-3.1.1.jar:/home/user/.m2/repository/xmlenc/xmlenc/0.52/xmlenc-0.52.jar:/home/user/.m2/repository/commons-httpclient/commons-httpclient/3.1/commons-httpclient-3.1.jar:/home/user/.m2/repository/commons-codec/commons-codec/1.4/commons-codec-1.4.jar:/home/user/.m2/repository/commons-io/commons-io/2.4/commons-io-2.4.jar:/home/user/.m2/repository/commons-net/commons-net/3.1/commons-net-3.1.jar:/home/user/.m2/repository/commons-collections/commons-collections/3.2.1/commons-collections-3.2.1.jar:/home/user/.m2/repository/javax/servlet/servlet-api/2.5/servlet-api-2.5.jar:/home/user/.m2/repository/org/mortbay/jetty/jetty/6.1.26/jetty-6.1.26.jar:/home/user/.m2/repository/org/mortbay/jetty/jetty-util/6.1.26/jetty-util-6.1.26.jar:/home/user/.m2/repository/com/sun/jersey/jersey-core/1.9/jersey-core-1.9.jar:/home/user/.m2/repository/com/sun/jersey/jersey-json/1.9/jersey-json-1.9.jar:/home/user/.m2/repository/org/codehaus/jettison/jettison/1.1/jettison-1.1.jar:/home/user/.m2/repository/com/sun/xml/bind/jaxb-impl/2.2.3-1/jaxb-impl-2.2.3-1.jar:/home/user/.m2/repository/javax/xml/bind/jaxb-api/2.2.2/jaxb-api-2.2.2.jar:/home/user/.m2/repository/javax/xml/stream/stax-api/1.0-2/stax-api-1.0-2.jar:/home/user/.m2/repository/javax/activation/activation/1.1/activation-1.1.jar:/home/user/.m2/repository/org/codehaus/jackson/jackson-jaxrs/1.8.3/jackson-jaxrs-1.8.3.jar:/home/user/.m2/repository/org/codehaus/jackson/jackson-xc/1.8.3/jackson-xc-1.8.3.jar:/home/user/.m2/repository/com/sun/jersey/jersey-server/1.9/jersey-server-1.9.jar:/home/user/.m2/repository/asm/asm/3.1/asm-3.1.jar:/home/user/.m2/repository/tomcat/jasper-compiler/5.5.23/jasper-compiler-5.5.23.jar:/home/user/.m2/repository/tomcat/jasper-runtime/5.5.23/jasper-runtime-5.5.23.jar:/home/user/.m2/repository/javax/servlet/jsp/jsp-api/2.1/jsp-api-2.1.jar:/home/user/.m2/repository/commons-el/commons-el/1.0/commons-el-1.0.jar:/home/user/.m2/repository/commons-logging/commons-logging/1.1.3/commons-logging-1.1.3.jar:/home/user/.m2/repository/net/java/dev/jets3t/jets3t/0.9.0/jets3t-0.9.0.jar:/home/user/.m2/repository/org/apache/httpcomponents/httpclient/4.1.2/httpclient-4.1.2.jar:/home/user/.m2/repository/org/apache/httpcomponents/httpcore/4.1.2/httpcore-4.1.2.jar:/home/user/.m2/repository/com/jamesmurty/utils/java-xmlbuilder/0.4/java-xmlbuilder-0.4.jar:/home/user/.m2/repository/commons-lang/commons-lang/2.6/commons-lang-2.6.jar:/home/user/.m2/repository/commons-configuration/commons-configuration/1.6/commons-configuration-1.6.jar:/home/user/.m2/repository/commons-digester/commons-digester/1.8/commons-digester-1.8.jar:/home/user/.m2/repository/commons-beanutils/commons-beanutils/1.7.0/commons-beanutils-1.7.0.jar:/home/user/.m2/repository/commons-beanutils/commons-beanutils-core/1.8.0/commons-beanutils-core-1.8.0.jar:/home/user/.m2/repository/org/codehaus/jackson/jackson-core-asl/1.9.13/jackson-core-asl-1.9.13.jar:/home/user/.m2/repository/org/codehaus/jackson/jackson-mapper-asl/1.9.13/jackson-mapper-asl-1.9.13.jar:/home/user/.m2/repository/org/apache/avro/avro/1.7.4/avro-1.7.4.jar:/home/user/.m2/repository/com/thoughtworks/paranamer/paranamer/2.3/paranamer-2.3.jar:/home/user/.m2/repository/org/xerial/snappy/snappy-java/1.0.4.1/snappy-java-1.0.4.1.jar:/home/user/.m2/repository/com/google/protobuf/protobuf-java/2.5.0/protobuf-java-2.5.0.jar:/home/user/.m2/repository/com/google/code/gson/gson/2.2.4/gson-2.2.4.jar:/home/user/.m2/repository/org/apache/hadoop/hadoop-auth/2.6.0/hadoop-auth-2.6.0.jar:/home/user/.m2/repository/org/apache/directory/server/apacheds-kerberos-codec/2.0.0-M15/apacheds-kerberos-codec-2.0.0-M15.jar:/home/user/.m2/repository/org/apache/directory/server/apacheds-i18n/2.0.0-M15/apacheds-i18n-2.0.0-M15.jar:/home/user/.m2/repository/org/apache/directory/api/api-asn1-api/1.0.0-M20/api-asn1-api-1.0.0-M20.jar:/home/user/.m2/repository/org/apache/directory/api/api-util/1.0.0-M20/api-util-1.0.0-M20.jar:/home/user/.m2/repository/org/apache/curator/curator-framework/2.6.0/curator-framework-2.6.0.jar:/home/user/.m2/repository/com/jcraft/jsch/0.1.42/jsch-0.1.42.jar:/home/user/.m2/repository/org/apache/curator/curator-client/2.6.0/curator-client-2.6.0.jar:/home/user/.m2/repository/org/apache/curator/curator-recipes/2.6.0/curator-recipes-2.6.0.jar:/home/user/.m2/repository/com/google/code/findbugs/jsr305/1.3.9/jsr305-1.3.9.jar:/home/user/.m2/repository/org/htrace/htrace-core/3.0.4/htrace-core-3.0.4.jar:/home/user/.m2/repository/org/apache/zookeeper/zookeeper/3.4.6/zookeeper-3.4.6.jar:/home/user/.m2/repository/io/netty/netty/3.7.0.Final/netty-3.7.0.Final.jar:/home/user/.m2/repository/org/apache/commons/commons-compress/1.4.1/commons-compress-1.4.1.jar:/home/user/.m2/repository/org/tukaani/xz/1.0/xz-1.0.jar:/home/user/.m2/repository/io/dropwizard/metrics/metrics-jvm/3.2.5/metrics-jvm-3.2.5.jar:/home/user/.m2/repository/io/dropwizard/metrics/metrics-ganglia/3.2.5/metrics-ganglia-3.2.5.jar:/home/user/.m2/repository/info/ganglia/gmetric4j/gmetric4j/1.0.7/gmetric4j-1.0.7.jar:/workdir/ratis-server/target/test-classes:/workdir/ratis-netty/target/classes:/workdir/ratis-netty/target/test-classes:/workdir/ratis-grpc/target/classes:/workdir/ratis-grpc/target/test-classes:/home/user/.m2/repository/org/slf4j/slf4j-api/1.7.10/slf4j-api-1.7.10.jar:/home/user/.m2/repository/junit/junit/4.12/junit-4.12.jar:/home/user/.m2/repository/org/hamcrest/hamcrest-core/1.3/hamcrest-core-1.3.jar:/home/user/.m2/repository/org/mockito/mockito-all/1.8.5/mockito-all-1.8.5.jar:"/>
    <property name="java.vm.vendor" value="IcedTea"/>
    <property name="sun.arch.data.model" value="64"/>
    <property name="java.vendor.url" value="https://icedtea.classpath.org"/>
    <property name="user.timezone" value=""/>
    <property name="java.vm.specification.version" value="1.8"/>
    <property name="os.name" value="Linux"/>
    <property name="user.country" value="US"/>
    <property name="sun.java.launcher" value="SUN_STANDARD"/>
    <property name="sun.boot.library.path" value="/usr/lib/jvm/java-1.8-openjdk/jre/lib/amd64"/>
    <property name="sun.java.command" value="/workdir/ratis-test/target/surefire/surefirebooter2914688861798743758.jar /workdir/ratis-test/target/surefire 2019-09-24T16-02-41_483-jvmRun1 surefire8329897440188045390tmp surefire_353760265131713690360tmp"/>
    <property name="surefire.test.class.path" value="/workdir/ratis-test/target/test-classes:/workdir/ratis-test/target/classes:/workdir/ratis-common/target/classes:/home/user/.m2/repository/org/apache/ratis/ratis-thirdparty-misc/0.2.0/ratis-thirdparty-misc-0.2.0.jar:/workdir/ratis-proto/target/ratis-proto-0.5.0-SNAPSHOT.jar:/home/user/.m2/repository/org/slf4j/slf4j-log4j12/1.7.10/slf4j-log4j12-1.7.10.jar:/home/user/.m2/repository/log4j/log4j/1.2.17/log4j-1.2.17.jar:/workdir/ratis-common/target/test-classes:/workdir/ratis-client/target/classes:/workdir/ratis-server/target/classes:/workdir/ratis-metrics/target/classes:/home/user/.m2/repository/io/dropwizard/metrics/metrics-core/3.2.5/metrics-core-3.2.5.jar:/home/user/.m2/repository/com/github/joshelser/dropwizard-metrics-hadoop-metrics2-reporter/0.1.2/dropwizard-metrics-hadoop-metrics2-reporter-0.1.2.jar:/home/user/.m2/repository/org/apache/hadoop/hadoop-common/2.6.0/hadoop-common-2.6.0.jar:/home/user/.m2/repository/org/apache/hadoop/hadoop-annotations/2.6.0/hadoop-annotations-2.6.0.jar:/usr/lib/jvm/java-1.8-openjdk/jre/../lib/tools.jar:/home/user/.m2/repository/com/google/guava/guava/11.0.2/guava-11.0.2.jar:/home/user/.m2/repository/commons-cli/commons-cli/1.2/commons-cli-1.2.jar:/home/user/.m2/repository/org/apache/commons/commons-math3/3.1.1/commons-math3-3.1.1.jar:/home/user/.m2/repository/xmlenc/xmlenc/0.52/xmlenc-0.52.jar:/home/user/.m2/repository/commons-httpclient/commons-httpclient/3.1/commons-httpclient-3.1.jar:/home/user/.m2/repository/commons-codec/commons-codec/1.4/commons-codec-1.4.jar:/home/user/.m2/repository/commons-io/commons-io/2.4/commons-io-2.4.jar:/home/user/.m2/repository/commons-net/commons-net/3.1/commons-net-3.1.jar:/home/user/.m2/repository/commons-collections/commons-collections/3.2.1/commons-collections-3.2.1.jar:/home/user/.m2/repository/javax/servlet/servlet-api/2.5/servlet-api-2.5.jar:/home/user/.m2/repository/org/mortbay/jetty/jetty/6.1.26/jetty-6.1.26.jar:/home/user/.m2/repository/org/mortbay/jetty/jetty-util/6.1.26/jetty-util-6.1.26.jar:/home/user/.m2/repository/com/sun/jersey/jersey-core/1.9/jersey-core-1.9.jar:/home/user/.m2/repository/com/sun/jersey/jersey-json/1.9/jersey-json-1.9.jar:/home/user/.m2/repository/org/codehaus/jettison/jettison/1.1/jettison-1.1.jar:/home/user/.m2/repository/com/sun/xml/bind/jaxb-impl/2.2.3-1/jaxb-impl-2.2.3-1.jar:/home/user/.m2/repository/javax/xml/bind/jaxb-api/2.2.2/jaxb-api-2.2.2.jar:/home/user/.m2/repository/javax/xml/stream/stax-api/1.0-2/stax-api-1.0-2.jar:/home/user/.m2/repository/javax/activation/activation/1.1/activation-1.1.jar:/home/user/.m2/repository/org/codehaus/jackson/jackson-jaxrs/1.8.3/jackson-jaxrs-1.8.3.jar:/home/user/.m2/repository/org/codehaus/jackson/jackson-xc/1.8.3/jackson-xc-1.8.3.jar:/home/user/.m2/repository/com/sun/jersey/jersey-server/1.9/jersey-server-1.9.jar:/home/user/.m2/repository/asm/asm/3.1/asm-3.1.jar:/home/user/.m2/repository/tomcat/jasper-compiler/5.5.23/jasper-compiler-5.5.23.jar:/home/user/.m2/repository/tomcat/jasper-runtime/5.5.23/jasper-runtime-5.5.23.jar:/home/user/.m2/repository/javax/servlet/jsp/jsp-api/2.1/jsp-api-2.1.jar:/home/user/.m2/repository/commons-el/commons-el/1.0/commons-el-1.0.jar:/home/user/.m2/repository/commons-logging/commons-logging/1.1.3/commons-logging-1.1.3.jar:/home/user/.m2/repository/net/java/dev/jets3t/jets3t/0.9.0/jets3t-0.9.0.jar:/home/user/.m2/repository/org/apache/httpcomponents/httpclient/4.1.2/httpclient-4.1.2.jar:/home/user/.m2/repository/org/apache/httpcomponents/httpcore/4.1.2/httpcore-4.1.2.jar:/home/user/.m2/repository/com/jamesmurty/utils/java-xmlbuilder/0.4/java-xmlbuilder-0.4.jar:/home/user/.m2/repository/commons-lang/commons-lang/2.6/commons-lang-2.6.jar:/home/user/.m2/repository/commons-configuration/commons-configuration/1.6/commons-configuration-1.6.jar:/home/user/.m2/repository/commons-digester/commons-digester/1.8/commons-digester-1.8.jar:/home/user/.m2/repository/commons-beanutils/commons-beanutils/1.7.0/commons-beanutils-1.7.0.jar:/home/user/.m2/repository/commons-beanutils/commons-beanutils-core/1.8.0/commons-beanutils-core-1.8.0.jar:/home/user/.m2/repository/org/codehaus/jackson/jackson-core-asl/1.9.13/jackson-core-asl-1.9.13.jar:/home/user/.m2/repository/org/codehaus/jackson/jackson-mapper-asl/1.9.13/jackson-mapper-asl-1.9.13.jar:/home/user/.m2/repository/org/apache/avro/avro/1.7.4/avro-1.7.4.jar:/home/user/.m2/repository/com/thoughtworks/paranamer/paranamer/2.3/paranamer-2.3.jar:/home/user/.m2/repository/org/xerial/snappy/snappy-java/1.0.4.1/snappy-java-1.0.4.1.jar:/home/user/.m2/repository/com/google/protobuf/protobuf-java/2.5.0/protobuf-java-2.5.0.jar:/home/user/.m2/repository/com/google/code/gson/gson/2.2.4/gson-2.2.4.jar:/home/user/.m2/repository/org/apache/hadoop/hadoop-auth/2.6.0/hadoop-auth-2.6.0.jar:/home/user/.m2/repository/org/apache/directory/server/apacheds-kerberos-codec/2.0.0-M15/apacheds-kerberos-codec-2.0.0-M15.jar:/home/user/.m2/repository/org/apache/directory/server/apacheds-i18n/2.0.0-M15/apacheds-i18n-2.0.0-M15.jar:/home/user/.m2/repository/org/apache/directory/api/api-asn1-api/1.0.0-M20/api-asn1-api-1.0.0-M20.jar:/home/user/.m2/repository/org/apache/directory/api/api-util/1.0.0-M20/api-util-1.0.0-M20.jar:/home/user/.m2/repository/org/apache/curator/curator-framework/2.6.0/curator-framework-2.6.0.jar:/home/user/.m2/repository/com/jcraft/jsch/0.1.42/jsch-0.1.42.jar:/home/user/.m2/repository/org/apache/curator/curator-client/2.6.0/curator-client-2.6.0.jar:/home/user/.m2/repository/org/apache/curator/curator-recipes/2.6.0/curator-recipes-2.6.0.jar:/home/user/.m2/repository/com/google/code/findbugs/jsr305/1.3.9/jsr305-1.3.9.jar:/home/user/.m2/repository/org/htrace/htrace-core/3.0.4/htrace-core-3.0.4.jar:/home/user/.m2/repository/org/apache/zookeeper/zookeeper/3.4.6/zookeeper-3.4.6.jar:/home/user/.m2/repository/io/netty/netty/3.7.0.Final/netty-3.7.0.Final.jar:/home/user/.m2/repository/org/apache/commons/commons-compress/1.4.1/commons-compress-1.4.1.jar:/home/user/.m2/repository/org/tukaani/xz/1.0/xz-1.0.jar:/home/user/.m2/repository/io/dropwizard/metrics/metrics-jvm/3.2.5/metrics-jvm-3.2.5.jar:/home/user/.m2/repository/io/dropwizard/metrics/metrics-ganglia/3.2.5/metrics-ganglia-3.2.5.jar:/home/user/.m2/repository/info/ganglia/gmetric4j/gmetric4j/1.0.7/gmetric4j-1.0.7.jar:/workdir/ratis-server/target/test-classes:/workdir/ratis-netty/target/classes:/workdir/ratis-netty/target/test-classes:/workdir/ratis-grpc/target/classes:/workdir/ratis-grpc/target/test-classes:/home/user/.m2/repository/org/slf4j/slf4j-api/1.7.10/slf4j-api-1.7.10.jar:/home/user/.m2/repository/junit/junit/4.12/junit-4.12.jar:/home/user/.m2/repository/org/hamcrest/hamcrest-core/1.3/hamcrest-core-1.3.jar:/home/user/.m2/repository/org/mockito/mockito-all/1.8.5/mockito-all-1.8.5.jar:"/>
    <property name="sun.cpu.endian" value="little"/>
    <property name="user.home" value="/home/user"/>
    <property name="user.language" value="en"/>
    <property name="java.specification.vendor" value="Oracle Corporation"/>
    <property name="java.home" value="/usr/lib/jvm/java-1.8-openjdk/jre"/>
    <property name="basedir" value="/workdir/ratis-test"/>
    <property name="file.separator" value="/"/>
    <property name="line.separator" value="&#10;"/>
    <property name="java.vm.specification.vendor" value="Oracle Corporation"/>
    <property name="java.specification.name" value="Java Platform API Specification"/>
    <property name="java.awt.graphicsenv" value="sun.awt.X11GraphicsEnvironment"/>
    <property name="surefire.real.class.path" value="/workdir/ratis-test/target/surefire/surefirebooter2914688861798743758.jar"/>
    <property name="sun.boot.class.path" value="/usr/lib/jvm/java-1.8-openjdk/jre/lib/resources.jar:/usr/lib/jvm/java-1.8-openjdk/jre/lib/rt.jar:/usr/lib/jvm/java-1.8-openjdk/jre/lib/sunrsasign.jar:/usr/lib/jvm/java-1.8-openjdk/jre/lib/jsse.jar:/usr/lib/jvm/java-1.8-openjdk/jre/lib/jce.jar:/usr/lib/jvm/java-1.8-openjdk/jre/lib/charsets.jar:/usr/lib/jvm/java-1.8-openjdk/jre/lib/jfr.jar:/usr/lib/jvm/java-1.8-openjdk/jre/classes"/>
    <property name="sun.management.compiler" value="HotSpot 64-Bit Tiered Compilers"/>
    <property name="java.runtime.version" value="1.8.0_212-b04"/>
    <property name="java.net.preferIPv4Stack" value="true"/>
    <property name="user.name" value="jenkins1000"/>
    <property name="path.separator" value=":"/>
    <property name="os.version" value="3.10.0-957.12.2.el7.x86_64"/>
    <property name="java.endorsed.dirs" value="/usr/lib/jvm/java-1.8-openjdk/jre/lib/endorsed"/>
    <property name="java.runtime.name" value="OpenJDK Runtime Environment"/>
    <property name="file.encoding" value="UTF-8"/>
    <property name="java.vm.name" value="OpenJDK 64-Bit Server VM"/>
    <property name="localRepository" value="/home/user/.m2/repository"/>
    <property name="java.vendor.url.bug" value="https://icedtea.classpath.org/bugzilla"/>
    <property name="java.io.tmpdir" value="/tmp"/>
    <property name="java.version" value="1.8.0_212"/>
    <property name="user.dir" value="/workdir/ratis-test"/>
    <property name="os.arch" value="amd64"/>
    <property name="ratis.tmp.dir" value="/workdir/ratis-test/target/tmp"/>
    <property name="java.vm.specification.name" value="Java Virtual Machine Specification"/>
    <property name="java.awt.printerjob" value="sun.print.PSPrinterJob"/>
    <property name="ratis.log.dir" value="/workdir/ratis-test/target/log"/>
    <property name="sun.os.patch.level" value="unknown"/>
    <property name="java.library.path" value="/usr/lib/jvm/java-1.8-openjdk/jre/lib/amd64/server:/usr/lib/jvm/java-1.8-openjdk/jre/lib/amd64:/usr/lib/jvm/java-1.8-openjdk/jre/../lib/amd64:/usr/java/packages/lib/amd64:/usr/lib64:/lib64:/lib:/usr/lib"/>
    <property name="java.vm.info" value="mixed mode"/>
    <property name="java.vendor" value="IcedTea"/>
    <property name="java.vm.version" value="25.212-b04"/>
    <property name="java.ext.dirs" value="/usr/lib/jvm/java-1.8-openjdk/jre/lib/ext:/usr/java/packages/lib/ext"/>
    <property name="sun.io.unicode.encoding" value="UnicodeLittle"/>
    <property name="java.class.version" value="52.0"/>
  </properties>
  <testcase name="testRetryOnStateMachineException" classname="org.apache.ratis.netty.TestRaftStateMachineExceptionWithNetty" time="24.143"/>
  <testcase name="testHandleStateMachineException" classname="org.apache.ratis.netty.TestRaftStateMachineExceptionWithNetty" time="39.938"/>
  <testcase name="testRetryOnExceptionDuringReplication" classname="org.apache.ratis.netty.TestRaftStateMachineExceptionWithNetty" time="1.601">
    <error type="java.lang.NullPointerException">java.lang.NullPointerException
</error>
    <system-out><![CDATA[2019-09-24 16:46:01,569 INFO  util.LogUtils (LogUtils.java:setLogLevel(41)) - Set org.apache.ratis.conf.ConfUtils log level to WARN
2019-09-24 16:46:01,570 INFO  util.LogUtils (LogUtils.java:setLogLevel(41)) - Set org.apache.ratis.util.FileUtils log level to TRACE
2019-09-24 16:46:01,570 INFO  util.LogUtils (LogUtils.java:setLogLevel(41)) - Set org.apache.ratis.server.impl.RaftServerImpl log level to DEBUG
2019-09-24 16:46:01,570 INFO  util.LogUtils (LogUtils.java:setLogLevel(41)) - Set org.apache.ratis.server.raftlog.RaftLog log level to DEBUG
2019-09-24 16:46:01,571 INFO  util.LogUtils (LogUtils.java:setLogLevel(41)) - Set org.apache.ratis.client.RaftClient log level to DEBUG
2019-09-24 16:46:01,572 INFO  ratis.MiniRaftCluster (MiniRaftCluster.java:runWithNewCluster(119)) - Running runWithNewCluster
2019-09-24 16:46:01,573 INFO  ratis.MiniRaftCluster (MiniRaftCluster.java:<init>(253)) - new MiniRaftClusterWithNetty with group-740484176A5C:[s0:0.0.0.0:44302, s1:0.0.0.0:36479, s2:0.0.0.0:44592]
2019-09-24 16:46:01,573 INFO  ratis.MiniRaftCluster (MiniRaftCluster.java:start(287)) - .............................................................. 
2019-09-24 16:46:01,573 INFO  ratis.MiniRaftCluster (MiniRaftCluster.java:start(288)) - ... 
2019-09-24 16:46:01,574 INFO  ratis.MiniRaftCluster (MiniRaftCluster.java:start(289)) - ...     Starting MiniRaftClusterWithNetty
2019-09-24 16:46:01,574 INFO  ratis.MiniRaftCluster (MiniRaftCluster.java:start(290)) - ... 
2019-09-24 16:46:01,574 INFO  ratis.MiniRaftCluster (MiniRaftCluster.java:start(291)) - .............................................................. 
2019-09-24 16:46:01,574 INFO  ratis.MiniRaftCluster (MiniRaftCluster.java:initServers(265)) - servers = {}
2019-09-24 16:46:01,574 INFO  ratis.MiniRaftCluster (MiniRaftCluster.java:newRaftServer(330)) - newRaftServer: s0, group-740484176A5C:[s0:0.0.0.0:44302, s1:0.0.0.0:36479, s2:0.0.0.0:44592], format? true
2019-09-24 16:46:01,574 TRACE util.FileUtils (FileUtils.java:deleteFully(88)) - deleteFully target/test/data/f6d08050/MiniRaftClusterWithNetty4d400fc0/s0
2019-09-24 16:46:01,574 TRACE util.FileUtils (FileUtils.java:deleteFully(104)) - deleteFully: target/test/data/f6d08050/MiniRaftClusterWithNetty4d400fc0/s0 does not exist.
2019-09-24 16:46:01,575 INFO  ratis.MiniRaftCluster (MiniRaftCluster.java:newRaftServer(335)) - Formatted directory target/test/data/f6d08050/MiniRaftClusterWithNetty4d400fc0/s0
2019-09-24 16:46:01,575 INFO  impl.RaftServerProxy (ConfUtils.java:logGet(43)) - raft.rpc.type = NETTY (custom)
2019-09-24 16:46:01,576 INFO  netty.NettyConfigKeys$Server (ConfUtils.java:logGet(43)) - raft.netty.server.port = 44302 (custom)
2019-09-24 16:46:01,577 INFO  server.RaftServerConfigKeys (ConfUtils.java:logGet(43)) - raft.server.storage.dir = [/workdir/ratis-test/target/test/data/f6d08050/MiniRaftClusterWithNetty4d400fc0/s0] (custom)
2019-09-24 16:46:01,578 INFO  logging.LoggingHandler (AbstractInternalLogger.java:log(150)) - [id: 0xd8f4c7be] REGISTERED
2019-09-24 16:46:01,578 INFO  logging.LoggingHandler (AbstractInternalLogger.java:log(150)) - [id: 0xd8f4c7be] BIND: 0.0.0.0/0.0.0.0:44302
2019-09-24 16:46:01,578 INFO  impl.RaftServerProxy (RaftServerProxy.java:addNew(89)) - s0: addNew group-740484176A5C:[s0:0.0.0.0:44302, s1:0.0.0.0:36479, s2:0.0.0.0:44592] returns group-740484176A5C:java.util.concurrent.CompletableFuture@68a3d2d2[Not completed]
2019-09-24 16:46:01,578 INFO  logging.LoggingHandler (AbstractInternalLogger.java:log(150)) - [id: 0xd8f4c7be, L:/0.0.0.0:44302] ACTIVE
2019-09-24 16:46:01,579 INFO  server.RaftServerConfigKeys (ConfUtils.java:logGet(43)) - raft.server.log.segment.size.max = 8MB (=8388608) (default)
2019-09-24 16:46:01,579 INFO  server.RaftServerConfigKeys (ConfUtils.java:logGet(43)) - raft.server.log.preallocated.size = 4MB (=4194304) (default)
2019-09-24 16:46:01,580 INFO  server.RaftServerConfigKeys (ConfUtils.java:logGet(43)) - raft.server.log.write.buffer.size = 64KB (=65536) (default)
2019-09-24 16:46:01,580 INFO  impl.RaftServerImpl (RaftServerImpl.java:<init>(95)) - s0: new RaftServerImpl for group-740484176A5C:[s0:0.0.0.0:44302, s1:0.0.0.0:36479, s2:0.0.0.0:44592] with StateMachineWithException:uninitialized
2019-09-24 16:46:01,580 INFO  ratis.MiniRaftCluster (MiniRaftCluster.java:newRaftServer(330)) - newRaftServer: s1, group-740484176A5C:[s0:0.0.0.0:44302, s1:0.0.0.0:36479, s2:0.0.0.0:44592], format? true
2019-09-24 16:46:01,580 INFO  server.RaftServerConfigKeys (ConfUtils.java:logGet(43)) - raft.server.rpc.timeout.min = 150ms (default)
2019-09-24 16:46:01,580 TRACE util.FileUtils (FileUtils.java:deleteFully(88)) - deleteFully target/test/data/f6d08050/MiniRaftClusterWithNetty4d400fc0/s1
2019-09-24 16:46:01,581 INFO  server.RaftServerConfigKeys (ConfUtils.java:logGet(43)) - raft.server.rpc.timeout.max = 300ms (default)
2019-09-24 16:46:01,581 INFO  server.RaftServerConfigKeys (ConfUtils.java:logGet(43)) - raft.server.rpcslowness.timeout = 60s (default)
2019-09-24 16:46:01,581 TRACE util.FileUtils (FileUtils.java:deleteFully(104)) - deleteFully: target/test/data/f6d08050/MiniRaftClusterWithNetty4d400fc0/s1 does not exist.
2019-09-24 16:46:01,581 INFO  server.RaftServerConfigKeys (ConfUtils.java:logGet(43)) - raft.server.sleep.deviation.threshold = 300 (default)
2019-09-24 16:46:01,581 INFO  ratis.MiniRaftCluster (MiniRaftCluster.java:newRaftServer(335)) - Formatted directory target/test/data/f6d08050/MiniRaftClusterWithNetty4d400fc0/s1
2019-09-24 16:46:01,581 INFO  server.RaftServerConfigKeys (ConfUtils.java:logGet(43)) - raft.server.log.appender.install.snapshot.enabled = true (default)
2019-09-24 16:46:01,582 INFO  impl.RaftServerImpl (ServerState.java:<init>(103)) - s0@group-740484176A5C: ConfigurationManager, init=-1: [s0:0.0.0.0:44302, s1:0.0.0.0:36479, s2:0.0.0.0:44592], old=null, confs=<EMPTY_MAP>
2019-09-24 16:46:01,582 INFO  impl.RaftServerProxy (ConfUtils.java:logGet(43)) - raft.rpc.type = NETTY (custom)
2019-09-24 16:46:01,582 INFO  server.RaftServerConfigKeys (ConfUtils.java:logGet(43)) - raft.server.storage.dir = [/workdir/ratis-test/target/test/data/f6d08050/MiniRaftClusterWithNetty4d400fc0/s0] (custom)
2019-09-24 16:46:01,582 INFO  server.RaftServerConfigKeys (ConfUtils.java:logGet(43)) - raft.server.log.corruption.policy = EXCEPTION (default)
2019-09-24 16:46:01,582 INFO  storage.RaftStorageDirectory (RaftStorageDirectory.java:analyzeStorage(246)) - The storage directory /workdir/ratis-test/target/test/data/f6d08050/MiniRaftClusterWithNetty4d400fc0/s0/a56d543e-323d-49e6-80dd-740484176a5c does not exist. Creating ...
2019-09-24 16:46:01,583 TRACE util.FileUtils (LogUtils.java:runAndLog(61)) - Successfully ran Files.createDirectories /workdir/ratis-test/target/test/data/f6d08050/MiniRaftClusterWithNetty4d400fc0/s0/a56d543e-323d-49e6-80dd-740484176a5c
2019-09-24 16:46:01,583 INFO  netty.NettyConfigKeys$Server (ConfUtils.java:logGet(43)) - raft.netty.server.port = 36479 (custom)
2019-09-24 16:46:01,584 INFO  server.RaftServerConfigKeys (ConfUtils.java:logGet(43)) - raft.server.storage.dir = [/workdir/ratis-test/target/test/data/f6d08050/MiniRaftClusterWithNetty4d400fc0/s1] (custom)
2019-09-24 16:46:01,585 INFO  logging.LoggingHandler (AbstractInternalLogger.java:log(150)) - [id: 0xb639b9de] REGISTERED
2019-09-24 16:46:01,585 INFO  logging.LoggingHandler (AbstractInternalLogger.java:log(150)) - [id: 0xb639b9de] BIND: 0.0.0.0/0.0.0.0:36479
2019-09-24 16:46:01,585 INFO  impl.RaftServerProxy (RaftServerProxy.java:addNew(89)) - s1: addNew group-740484176A5C:[s0:0.0.0.0:44302, s1:0.0.0.0:36479, s2:0.0.0.0:44592] returns group-740484176A5C:java.util.concurrent.CompletableFuture@24a5ebb5[Not completed]
2019-09-24 16:46:01,585 INFO  logging.LoggingHandler (AbstractInternalLogger.java:log(150)) - [id: 0xb639b9de, L:/0.0.0.0:36479] ACTIVE
2019-09-24 16:46:01,586 INFO  ratis.MiniRaftCluster (MiniRaftCluster.java:newRaftServer(330)) - newRaftServer: s2, group-740484176A5C:[s0:0.0.0.0:44302, s1:0.0.0.0:36479, s2:0.0.0.0:44592], format? true
2019-09-24 16:46:01,586 INFO  server.RaftServerConfigKeys (ConfUtils.java:logGet(43)) - raft.server.log.segment.size.max = 8MB (=8388608) (default)
2019-09-24 16:46:01,586 TRACE util.FileUtils (FileUtils.java:deleteFully(88)) - deleteFully target/test/data/f6d08050/MiniRaftClusterWithNetty4d400fc0/s2
2019-09-24 16:46:01,586 INFO  server.RaftServerConfigKeys (ConfUtils.java:logGet(43)) - raft.server.log.preallocated.size = 4MB (=4194304) (default)
2019-09-24 16:46:01,586 TRACE util.FileUtils (FileUtils.java:deleteFully(104)) - deleteFully: target/test/data/f6d08050/MiniRaftClusterWithNetty4d400fc0/s2 does not exist.
2019-09-24 16:46:01,586 INFO  server.RaftServerConfigKeys (ConfUtils.java:logGet(43)) - raft.server.log.write.buffer.size = 64KB (=65536) (default)
2019-09-24 16:46:01,586 INFO  ratis.MiniRaftCluster (MiniRaftCluster.java:newRaftServer(335)) - Formatted directory target/test/data/f6d08050/MiniRaftClusterWithNetty4d400fc0/s2
2019-09-24 16:46:01,587 INFO  impl.RaftServerImpl (RaftServerImpl.java:<init>(95)) - s1: new RaftServerImpl for group-740484176A5C:[s0:0.0.0.0:44302, s1:0.0.0.0:36479, s2:0.0.0.0:44592] with StateMachineWithException:uninitialized
2019-09-24 16:46:01,587 INFO  impl.RaftServerProxy (ConfUtils.java:logGet(43)) - raft.rpc.type = NETTY (custom)
2019-09-24 16:46:01,587 INFO  server.RaftServerConfigKeys (ConfUtils.java:logGet(43)) - raft.server.rpc.timeout.min = 150ms (default)
2019-09-24 16:46:01,588 INFO  server.RaftServerConfigKeys (ConfUtils.java:logGet(43)) - raft.server.rpc.timeout.max = 300ms (default)
2019-09-24 16:46:01,588 INFO  server.RaftServerConfigKeys (ConfUtils.java:logGet(43)) - raft.server.rpcslowness.timeout = 60s (default)
2019-09-24 16:46:01,588 INFO  server.RaftServerConfigKeys (ConfUtils.java:logGet(43)) - raft.server.sleep.deviation.threshold = 300 (default)
2019-09-24 16:46:01,588 INFO  server.RaftServerConfigKeys (ConfUtils.java:logGet(43)) - raft.server.log.appender.install.snapshot.enabled = true (default)
2019-09-24 16:46:01,588 INFO  impl.RaftServerImpl (ServerState.java:<init>(103)) - s1@group-740484176A5C: ConfigurationManager, init=-1: [s0:0.0.0.0:44302, s1:0.0.0.0:36479, s2:0.0.0.0:44592], old=null, confs=<EMPTY_MAP>
2019-09-24 16:46:01,588 INFO  server.RaftServerConfigKeys (ConfUtils.java:logGet(43)) - raft.server.storage.dir = [/workdir/ratis-test/target/test/data/f6d08050/MiniRaftClusterWithNetty4d400fc0/s1] (custom)
2019-09-24 16:46:01,589 INFO  netty.NettyConfigKeys$Server (ConfUtils.java:logGet(43)) - raft.netty.server.port = 44592 (custom)
2019-09-24 16:46:01,589 INFO  server.RaftServerConfigKeys (ConfUtils.java:logGet(43)) - raft.server.log.corruption.policy = EXCEPTION (default)
2019-09-24 16:46:01,589 INFO  storage.RaftStorageDirectory (RaftStorageDirectory.java:analyzeStorage(246)) - The storage directory /workdir/ratis-test/target/test/data/f6d08050/MiniRaftClusterWithNetty4d400fc0/s1/a56d543e-323d-49e6-80dd-740484176a5c does not exist. Creating ...
2019-09-24 16:46:01,589 INFO  server.RaftServerConfigKeys (ConfUtils.java:logGet(43)) - raft.server.storage.dir = [/workdir/ratis-test/target/test/data/f6d08050/MiniRaftClusterWithNetty4d400fc0/s2] (custom)
2019-09-24 16:46:01,590 INFO  logging.LoggingHandler (AbstractInternalLogger.java:log(150)) - [id: 0x258e5b8b] REGISTERED
2019-09-24 16:46:01,590 TRACE util.FileUtils (LogUtils.java:runAndLog(61)) - Successfully ran Files.createDirectories /workdir/ratis-test/target/test/data/f6d08050/MiniRaftClusterWithNetty4d400fc0/s1/a56d543e-323d-49e6-80dd-740484176a5c
2019-09-24 16:46:01,590 INFO  impl.RaftServerProxy (RaftServerProxy.java:addNew(89)) - s2: addNew group-740484176A5C:[s0:0.0.0.0:44302, s1:0.0.0.0:36479, s2:0.0.0.0:44592] returns group-740484176A5C:java.util.concurrent.CompletableFuture@4f99e608[Not completed]
2019-09-24 16:46:01,590 INFO  logging.LoggingHandler (AbstractInternalLogger.java:log(150)) - [id: 0x258e5b8b] BIND: 0.0.0.0/0.0.0.0:44592
2019-09-24 16:46:01,590 INFO  logging.LoggingHandler (AbstractInternalLogger.java:log(150)) - [id: 0x258e5b8b, L:/0.0.0.0:44592] ACTIVE
2019-09-24 16:46:01,591 INFO  server.RaftServerConfigKeys (ConfUtils.java:logGet(43)) - raft.server.log.segment.size.max = 8MB (=8388608) (default)
2019-09-24 16:46:01,591 INFO  server.RaftServerConfigKeys (ConfUtils.java:logGet(43)) - raft.server.log.preallocated.size = 4MB (=4194304) (default)
2019-09-24 16:46:01,591 INFO  server.RaftServerConfigKeys (ConfUtils.java:logGet(43)) - raft.server.log.write.buffer.size = 64KB (=65536) (default)
2019-09-24 16:46:01,591 INFO  impl.RaftServerImpl (RaftServerImpl.java:<init>(95)) - s2: new RaftServerImpl for group-740484176A5C:[s0:0.0.0.0:44302, s1:0.0.0.0:36479, s2:0.0.0.0:44592] with StateMachineWithException:uninitialized
2019-09-24 16:46:01,592 INFO  server.RaftServerConfigKeys (ConfUtils.java:logGet(43)) - raft.server.rpc.timeout.min = 150ms (default)
2019-09-24 16:46:01,592 INFO  server.RaftServerConfigKeys (ConfUtils.java:logGet(43)) - raft.server.rpc.timeout.max = 300ms (default)
2019-09-24 16:46:01,592 INFO  server.RaftServerConfigKeys (ConfUtils.java:logGet(43)) - raft.server.rpcslowness.timeout = 60s (default)
2019-09-24 16:46:01,592 INFO  server.RaftServerConfigKeys (ConfUtils.java:logGet(43)) - raft.server.sleep.deviation.threshold = 300 (default)
2019-09-24 16:46:01,592 INFO  server.RaftServerConfigKeys (ConfUtils.java:logGet(43)) - raft.server.log.appender.install.snapshot.enabled = true (default)
2019-09-24 16:46:01,592 INFO  impl.RaftServerImpl (ServerState.java:<init>(103)) - s2@group-740484176A5C: ConfigurationManager, init=-1: [s0:0.0.0.0:44302, s1:0.0.0.0:36479, s2:0.0.0.0:44592], old=null, confs=<EMPTY_MAP>
2019-09-24 16:46:01,593 INFO  server.RaftServerConfigKeys (ConfUtils.java:logGet(43)) - raft.server.storage.dir = [/workdir/ratis-test/target/test/data/f6d08050/MiniRaftClusterWithNetty4d400fc0/s2] (custom)
2019-09-24 16:46:01,593 INFO  server.RaftServerConfigKeys (ConfUtils.java:logGet(43)) - raft.server.log.corruption.policy = EXCEPTION (default)
2019-09-24 16:46:01,593 INFO  storage.RaftStorageDirectory (RaftStorageDirectory.java:analyzeStorage(246)) - The storage directory /workdir/ratis-test/target/test/data/f6d08050/MiniRaftClusterWithNetty4d400fc0/s2/a56d543e-323d-49e6-80dd-740484176a5c does not exist. Creating ...
2019-09-24 16:46:01,593 TRACE util.FileUtils (LogUtils.java:runAndLog(61)) - Successfully ran Files.createDirectories /workdir/ratis-test/target/test/data/f6d08050/MiniRaftClusterWithNetty4d400fc0/s2/a56d543e-323d-49e6-80dd-740484176a5c
2019-09-24 16:46:01,632 INFO  storage.RaftStorageDirectory (RaftStorageDirectory.java:tryLock(328)) - Lock on /workdir/ratis-test/target/test/data/f6d08050/MiniRaftClusterWithNetty4d400fc0/s1/a56d543e-323d-49e6-80dd-740484176a5c/in_use.lock acquired by nodename 20486@ratis-test-vphbd-3564017154
2019-09-24 16:46:01,632 INFO  storage.RaftStorageDirectory (RaftStorageDirectory.java:tryLock(328)) - Lock on /workdir/ratis-test/target/test/data/f6d08050/MiniRaftClusterWithNetty4d400fc0/s2/a56d543e-323d-49e6-80dd-740484176a5c/in_use.lock acquired by nodename 20486@ratis-test-vphbd-3564017154
2019-09-24 16:46:01,632 TRACE util.FileUtils (LogUtils.java:runAndLog(61)) - Successfully ran Files.createDirectories /workdir/ratis-test/target/test/data/f6d08050/MiniRaftClusterWithNetty4d400fc0/s1/a56d543e-323d-49e6-80dd-740484176a5c/current
2019-09-24 16:46:01,632 INFO  storage.RaftStorageDirectory (RaftStorageDirectory.java:tryLock(328)) - Lock on /workdir/ratis-test/target/test/data/f6d08050/MiniRaftClusterWithNetty4d400fc0/s0/a56d543e-323d-49e6-80dd-740484176a5c/in_use.lock acquired by nodename 20486@ratis-test-vphbd-3564017154
2019-09-24 16:46:01,632 TRACE util.FileUtils (LogUtils.java:runAndLog(61)) - Successfully ran Files.createDirectories /workdir/ratis-test/target/test/data/f6d08050/MiniRaftClusterWithNetty4d400fc0/s1/a56d543e-323d-49e6-80dd-740484176a5c/sm
2019-09-24 16:46:01,632 TRACE util.FileUtils (LogUtils.java:runAndLog(61)) - Successfully ran Files.createDirectories /workdir/ratis-test/target/test/data/f6d08050/MiniRaftClusterWithNetty4d400fc0/s2/a56d543e-323d-49e6-80dd-740484176a5c/current
2019-09-24 16:46:01,633 TRACE util.FileUtils (LogUtils.java:runAndLog(61)) - Successfully ran Files.createDirectories /workdir/ratis-test/target/test/data/f6d08050/MiniRaftClusterWithNetty4d400fc0/s0/a56d543e-323d-49e6-80dd-740484176a5c/current
2019-09-24 16:46:01,633 TRACE util.FileUtils (LogUtils.java:runAndLog(61)) - Successfully ran Files.createDirectories /workdir/ratis-test/target/test/data/f6d08050/MiniRaftClusterWithNetty4d400fc0/s2/a56d543e-323d-49e6-80dd-740484176a5c/sm
2019-09-24 16:46:01,633 TRACE util.FileUtils (LogUtils.java:runAndLog(61)) - Successfully ran Files.createDirectories /workdir/ratis-test/target/test/data/f6d08050/MiniRaftClusterWithNetty4d400fc0/s0/a56d543e-323d-49e6-80dd-740484176a5c/sm
2019-09-24 16:46:01,664 INFO  storage.RaftStorage (RaftStorage.java:format(84)) - Storage directory /workdir/ratis-test/target/test/data/f6d08050/MiniRaftClusterWithNetty4d400fc0/s2/a56d543e-323d-49e6-80dd-740484176a5c has been successfully formatted.
2019-09-24 16:46:01,664 INFO  storage.RaftStorage (RaftStorage.java:format(84)) - Storage directory /workdir/ratis-test/target/test/data/f6d08050/MiniRaftClusterWithNetty4d400fc0/s1/a56d543e-323d-49e6-80dd-740484176a5c has been successfully formatted.
2019-09-24 16:46:01,664 INFO  storage.RaftStorage (RaftStorage.java:format(84)) - Storage directory /workdir/ratis-test/target/test/data/f6d08050/MiniRaftClusterWithNetty4d400fc0/s0/a56d543e-323d-49e6-80dd-740484176a5c has been successfully formatted.
2019-09-24 16:46:01,665 INFO  statemachine.SimpleStateMachine4Testing (SimpleStateMachine4Testing.java:initialize(206)) - Initializing StateMachineWithException:uninitialized
2019-09-24 16:46:01,665 INFO  statemachine.SimpleStateMachine4Testing (SimpleStateMachine4Testing.java:initialize(206)) - Initializing StateMachineWithException:uninitialized
2019-09-24 16:46:01,665 INFO  statemachine.SimpleStateMachine4Testing (SimpleStateMachine4Testing.java:initialize(206)) - Initializing StateMachineWithException:uninitialized
2019-09-24 16:46:01,665 INFO  statemachine.SimpleStateMachine4Testing (SimpleStateMachine4Testing.java:loadSnapshot(296)) - The snapshot file null does not exist
2019-09-24 16:46:01,666 INFO  statemachine.SimpleStateMachine4Testing (SimpleStateMachine4Testing.java:loadSnapshot(296)) - The snapshot file null does not exist
2019-09-24 16:46:01,666 INFO  server.RaftServerConfigKeys (ConfUtils.java:logGet(43)) - raft.server.notification.no-leader.timeout = 60s (default)
2019-09-24 16:46:01,666 INFO  statemachine.SimpleStateMachine4Testing (SimpleStateMachine4Testing.java:loadSnapshot(296)) - The snapshot file null does not exist
2019-09-24 16:46:01,666 INFO  server.RaftServerConfigKeys (ConfUtils.java:logGet(43)) - raft.server.log.use.memory = false (default)
2019-09-24 16:46:01,666 INFO  server.RaftServerConfigKeys (ConfUtils.java:logGet(43)) - raft.server.notification.no-leader.timeout = 60s (default)
2019-09-24 16:46:01,666 INFO  server.RaftServerConfigKeys (ConfUtils.java:logGet(43)) - raft.server.log.purge.gap = 1024 (default)
2019-09-24 16:46:01,666 INFO  server.RaftServerConfigKeys (ConfUtils.java:logGet(43)) - raft.server.notification.no-leader.timeout = 60s (default)
2019-09-24 16:46:01,667 INFO  server.RaftServerConfigKeys (ConfUtils.java:logGet(43)) - raft.server.log.appender.buffer.byte-limit = 4MB (=4194304) (default)
2019-09-24 16:46:01,667 INFO  server.RaftServerConfigKeys (ConfUtils.java:logGet(43)) - raft.server.log.use.memory = false (default)
2019-09-24 16:46:01,667 INFO  server.RaftServerConfigKeys (ConfUtils.java:logGet(43)) - raft.server.log.segment.size.max = 8MB (=8388608) (default)
2019-09-24 16:46:01,667 INFO  server.RaftServerConfigKeys (ConfUtils.java:logGet(43)) - raft.server.log.use.memory = false (default)
2019-09-24 16:46:01,667 INFO  server.RaftServerConfigKeys (ConfUtils.java:logGet(43)) - raft.server.log.segment.cache.num.max = 6 (default)
2019-09-24 16:46:01,667 INFO  server.RaftServerConfigKeys (ConfUtils.java:logGet(43)) - raft.server.log.purge.gap = 1024 (default)
2019-09-24 16:46:01,668 INFO  segmented.SegmentedRaftLogWorker (SegmentedRaftLogWorker.java:<init>(172)) - new s1@group-740484176A5C-SegmentedRaftLogWorker for RaftStorage:Storage Directory /workdir/ratis-test/target/test/data/f6d08050/MiniRaftClusterWithNetty4d400fc0/s1/a56d543e-323d-49e6-80dd-740484176a5c
2019-09-24 16:46:01,668 INFO  server.RaftServerConfigKeys (ConfUtils.java:logGet(43)) - raft.server.log.purge.gap = 1024 (default)
2019-09-24 16:46:01,668 INFO  server.RaftServerConfigKeys (ConfUtils.java:logGet(43)) - raft.server.log.queue.byte-limit = 64MB (=67108864) (default)
2019-09-24 16:46:01,668 INFO  server.RaftServerConfigKeys (ConfUtils.java:logGet(43)) - raft.server.log.appender.buffer.byte-limit = 4MB (=4194304) (default)
2019-09-24 16:46:01,669 INFO  server.RaftServerConfigKeys (ConfUtils.java:logGet(43)) - raft.server.log.queue.element-limit = 4096 (default)
2019-09-24 16:46:01,668 INFO  server.RaftServerConfigKeys (ConfUtils.java:logGet(43)) - raft.server.log.appender.buffer.byte-limit = 4MB (=4194304) (default)
2019-09-24 16:46:01,669 INFO  server.RaftServerConfigKeys (ConfUtils.java:logGet(43)) - raft.server.log.segment.size.max = 8MB (=8388608) (default)
2019-09-24 16:46:01,669 INFO  server.RaftServerConfigKeys (ConfUtils.java:logGet(43)) - raft.server.log.segment.size.max = 8MB (=8388608) (default)
2019-09-24 16:46:01,669 INFO  server.RaftServerConfigKeys (ConfUtils.java:logGet(43)) - raft.server.log.preallocated.size = 4MB (=4194304) (default)
2019-09-24 16:46:01,669 INFO  server.RaftServerConfigKeys (ConfUtils.java:logGet(43)) - raft.server.log.segment.size.max = 8MB (=8388608) (default)
2019-09-24 16:46:01,670 INFO  server.RaftServerConfigKeys (ConfUtils.java:logGet(43)) - raft.server.log.write.buffer.size = 64KB (=65536) (default)
2019-09-24 16:46:01,669 INFO  server.RaftServerConfigKeys (ConfUtils.java:logGet(43)) - raft.server.log.segment.cache.num.max = 6 (default)
2019-09-24 16:46:01,670 INFO  server.RaftServerConfigKeys (ConfUtils.java:logGet(43)) - raft.server.log.force.sync.num = 128 (default)
2019-09-24 16:46:01,670 INFO  server.RaftServerConfigKeys (ConfUtils.java:logGet(43)) - raft.server.log.segment.cache.num.max = 6 (default)
2019-09-24 16:46:01,670 INFO  server.RaftServerConfigKeys (ConfUtils.java:logGet(43)) - raft.server.log.statemachine.data.sync = true (default)
2019-09-24 16:46:01,670 INFO  segmented.SegmentedRaftLogWorker (SegmentedRaftLogWorker.java:<init>(172)) - new s2@group-740484176A5C-SegmentedRaftLogWorker for RaftStorage:Storage Directory /workdir/ratis-test/target/test/data/f6d08050/MiniRaftClusterWithNetty4d400fc0/s2/a56d543e-323d-49e6-80dd-740484176a5c
2019-09-24 16:46:01,671 INFO  server.RaftServerConfigKeys (ConfUtils.java:logGet(43)) - raft.server.log.statemachine.data.sync.timeout = 10s (default)
2019-09-24 16:46:01,670 INFO  segmented.SegmentedRaftLogWorker (SegmentedRaftLogWorker.java:<init>(172)) - new s0@group-740484176A5C-SegmentedRaftLogWorker for RaftStorage:Storage Directory /workdir/ratis-test/target/test/data/f6d08050/MiniRaftClusterWithNetty4d400fc0/s0/a56d543e-323d-49e6-80dd-740484176a5c
2019-09-24 16:46:01,671 INFO  server.RaftServerConfigKeys (ConfUtils.java:logGet(43)) - raft.server.log.statemachine.data.sync.timeout.retry = -1 (default)
2019-09-24 16:46:01,671 INFO  server.RaftServerConfigKeys (ConfUtils.java:logGet(43)) - raft.server.log.queue.byte-limit = 64MB (=67108864) (default)
2019-09-24 16:46:01,671 INFO  server.RaftServerConfigKeys (ConfUtils.java:logGet(43)) - raft.server.log.statemachine.data.caching.enabled = false (default)
2019-09-24 16:46:01,671 INFO  server.RaftServerConfigKeys (ConfUtils.java:logGet(43)) - raft.server.log.queue.byte-limit = 64MB (=67108864) (default)
2019-09-24 16:46:01,671 INFO  server.RaftServerConfigKeys (ConfUtils.java:logGet(43)) - raft.server.log.queue.element-limit = 4096 (default)
2019-09-24 16:46:01,672 INFO  segmented.SegmentedRaftLogWorker (SegmentedRaftLogWorker.java:lambda$new$0(132)) - s1@group-740484176A5C-SegmentedRaftLogWorker: flushIndex: setUnconditionally 0 -> -1
2019-09-24 16:46:01,672 INFO  server.RaftServerConfigKeys (ConfUtils.java:logGet(43)) - raft.server.log.queue.element-limit = 4096 (default)
2019-09-24 16:46:01,672 INFO  server.RaftServerConfigKeys (ConfUtils.java:logGet(43)) - raft.server.log.segment.size.max = 8MB (=8388608) (default)
2019-09-24 16:46:01,672 INFO  server.RaftServerConfigKeys (ConfUtils.java:logGet(43)) - raft.server.log.segment.size.max = 8MB (=8388608) (default)
2019-09-24 16:46:01,672 INFO  server.RaftServerConfigKeys (ConfUtils.java:logGet(43)) - raft.server.snapshot.auto.trigger.enabled = false (default)
2019-09-24 16:46:01,673 INFO  server.RaftServerConfigKeys (ConfUtils.java:logGet(43)) - raft.server.log.preallocated.size = 4MB (=4194304) (default)
2019-09-24 16:46:01,673 INFO  server.RaftServerConfigKeys (ConfUtils.java:logGet(43)) - raft.server.log.preallocated.size = 4MB (=4194304) (default)
2019-09-24 16:46:01,673 INFO  server.RaftServerConfigKeys (ConfUtils.java:logGet(43)) - raft.server.log.write.buffer.size = 64KB (=65536) (default)
2019-09-24 16:46:01,673 INFO  server.RaftServerConfigKeys (ConfUtils.java:logGet(43)) - raft.server.snapshot.retention.file.num = -1 (default)
2019-09-24 16:46:01,673 INFO  server.RaftServerConfigKeys (ConfUtils.java:logGet(43)) - raft.server.log.force.sync.num = 128 (default)
2019-09-24 16:46:01,673 INFO  server.RaftServerConfigKeys (ConfUtils.java:logGet(43)) - raft.server.log.write.buffer.size = 64KB (=65536) (default)
2019-09-24 16:46:01,674 INFO  server.RaftServerConfigKeys (ConfUtils.java:logGet(43)) - raft.server.log.statemachine.data.sync = true (default)
2019-09-24 16:46:01,674 INFO  server.RaftServerConfigKeys (ConfUtils.java:logGet(43)) - raft.server.retrycache.expirytime = 60s (default)
2019-09-24 16:46:01,674 INFO  server.RaftServerConfigKeys (ConfUtils.java:logGet(43)) - raft.server.log.statemachine.data.sync.timeout = 10s (default)
2019-09-24 16:46:01,674 INFO  server.RaftServerConfigKeys (ConfUtils.java:logGet(43)) - raft.server.log.force.sync.num = 128 (default)
2019-09-24 16:46:01,674 INFO  server.RaftServerConfigKeys (ConfUtils.java:logGet(43)) - raft.server.log.statemachine.data.sync.timeout.retry = -1 (default)
2019-09-24 16:46:01,674 INFO  server.RaftServerConfigKeys (ConfUtils.java:logGet(43)) - raft.server.log.statemachine.data.sync = true (default)
2019-09-24 16:46:01,675 INFO  server.RaftServerConfigKeys (ConfUtils.java:logGet(43)) - raft.server.log.statemachine.data.caching.enabled = false (default)
2019-09-24 16:46:01,675 INFO  server.RaftServerConfigKeys (ConfUtils.java:logGet(43)) - raft.server.log.statemachine.data.sync.timeout = 10s (default)
2019-09-24 16:46:01,675 INFO  server.RaftServerConfigKeys (ConfUtils.java:logGet(43)) - raft.server.log.statemachine.data.sync.timeout.retry = -1 (default)
2019-09-24 16:46:01,675 INFO  segmented.SegmentedRaftLogWorker (SegmentedRaftLogWorker.java:lambda$new$0(132)) - s0@group-740484176A5C-SegmentedRaftLogWorker: flushIndex: setUnconditionally 0 -> -1
2019-09-24 16:46:01,675 INFO  server.RaftServerConfigKeys (ConfUtils.java:logGet(43)) - raft.server.log.statemachine.data.caching.enabled = false (default)
2019-09-24 16:46:01,676 INFO  server.RaftServerConfigKeys (ConfUtils.java:logGet(43)) - raft.server.snapshot.auto.trigger.enabled = false (default)
2019-09-24 16:46:01,676 INFO  segmented.SegmentedRaftLogWorker (SegmentedRaftLogWorker.java:lambda$new$0(132)) - s2@group-740484176A5C-SegmentedRaftLogWorker: flushIndex: setUnconditionally 0 -> -1
2019-09-24 16:46:01,676 INFO  server.RaftServerConfigKeys (ConfUtils.java:logGet(43)) - raft.server.snapshot.retention.file.num = -1 (default)
2019-09-24 16:46:01,676 INFO  server.RaftServerConfigKeys (ConfUtils.java:logGet(43)) - raft.server.retrycache.expirytime = 60s (default)
2019-09-24 16:46:01,676 INFO  server.RaftServerConfigKeys (ConfUtils.java:logGet(43)) - raft.server.snapshot.auto.trigger.enabled = false (default)
2019-09-24 16:46:01,676 INFO  server.RaftServerConfigKeys (ConfUtils.java:logGet(43)) - raft.server.snapshot.retention.file.num = -1 (default)
2019-09-24 16:46:01,676 INFO  server.RaftServerConfigKeys (ConfUtils.java:logGet(43)) - raft.server.retrycache.expirytime = 60s (default)
2019-09-24 16:46:01,681 INFO  impl.RaftServerImpl (RaftServerImpl.java:start(181)) - s0@group-740484176A5C: start as a follower, conf=-1: [s0:0.0.0.0:44302, s1:0.0.0.0:36479, s2:0.0.0.0:44592], old=null
2019-09-24 16:46:01,681 INFO  impl.RaftServerImpl (RaftServerImpl.java:setRole(170)) - s0@group-740484176A5C: changes role from      null to FOLLOWER at term 0 for startAsFollower
2019-09-24 16:46:01,682 INFO  impl.RoleInfo (RoleInfo.java:updateAndGet(143)) - s0: start FollowerState
2019-09-24 16:46:01,683 INFO  util.JmxRegister (JmxRegister.java:tryRegister(44)) - Successfully registered JMX Bean with object name Ratis:service=RaftServer,group=group-740484176A5C,id=s0
2019-09-24 16:46:01,687 INFO  impl.RaftServerProxy (RaftServerProxy.java:lambda$start$3(299)) - s0: start RPC server
2019-09-24 16:46:01,687 INFO  impl.RaftServerImpl (RaftServerImpl.java:start(181)) - s1@group-740484176A5C: start as a follower, conf=-1: [s0:0.0.0.0:44302, s1:0.0.0.0:36479, s2:0.0.0.0:44592], old=null
2019-09-24 16:46:01,688 INFO  impl.RaftServerImpl (RaftServerImpl.java:setRole(170)) - s1@group-740484176A5C: changes role from      null to FOLLOWER at term 0 for startAsFollower
2019-09-24 16:46:01,688 INFO  impl.RoleInfo (RoleInfo.java:updateAndGet(143)) - s1: start FollowerState
2019-09-24 16:46:01,689 INFO  util.JmxRegister (JmxRegister.java:tryRegister(44)) - Successfully registered JMX Bean with object name Ratis:service=RaftServer,group=group-740484176A5C,id=s1
2019-09-24 16:46:01,693 INFO  impl.RaftServerProxy (RaftServerProxy.java:lambda$start$3(299)) - s1: start RPC server
2019-09-24 16:46:01,694 INFO  impl.RaftServerImpl (RaftServerImpl.java:start(181)) - s2@group-740484176A5C: start as a follower, conf=-1: [s0:0.0.0.0:44302, s1:0.0.0.0:36479, s2:0.0.0.0:44592], old=null
2019-09-24 16:46:01,694 INFO  impl.RaftServerImpl (RaftServerImpl.java:setRole(170)) - s2@group-740484176A5C: changes role from      null to FOLLOWER at term 0 for startAsFollower
2019-09-24 16:46:01,694 INFO  impl.RoleInfo (RoleInfo.java:updateAndGet(143)) - s2: start FollowerState
2019-09-24 16:46:01,695 INFO  util.JmxRegister (JmxRegister.java:tryRegister(44)) - Successfully registered JMX Bean with object name Ratis:service=RaftServer,group=group-740484176A5C,id=s2
2019-09-24 16:46:01,699 INFO  impl.RaftServerProxy (RaftServerProxy.java:lambda$start$3(299)) - s2: start RPC server
2019-09-24 16:46:01,700 INFO  server.RaftServerConfigKeys (ConfUtils.java:logGet(43)) - raft.server.rpc.timeout.max = 300ms (default)
2019-09-24 16:46:01,700 INFO  ratis.RaftTestUtil (RaftTestUtil.java:waitForLeader(86)) - printing ALL groups
  s0:  RUNNING  FOLLOWER s0@group-740484176A5C:t0, leader=null, voted=null, raftlog=s0@group-740484176A5C-SegmentedRaftLog:OPENED:c-1,f-1,i0, conf=-1: [s0:0.0.0.0:44302, s1:0.0.0.0:36479, s2:0.0.0.0:44592], old=null RUNNING
  s1:  RUNNING  FOLLOWER s1@group-740484176A5C:t0, leader=null, voted=null, raftlog=s1@group-740484176A5C-SegmentedRaftLog:OPENED:c-1,f-1,i0, conf=-1: [s0:0.0.0.0:44302, s1:0.0.0.0:36479, s2:0.0.0.0:44592], old=null RUNNING
  s2:  RUNNING  FOLLOWER s2@group-740484176A5C:t0, leader=null, voted=null, raftlog=s2@group-740484176A5C-SegmentedRaftLog:OPENED:c-1,f-1,i0, conf=-1: [s0:0.0.0.0:44302, s1:0.0.0.0:36479, s2:0.0.0.0:44592], old=null RUNNING
2019-09-24 16:46:01,701 WARN  ratis.RaftTestUtil (JavaUtils.java:attempt(158)) - FAILED "waitForLeader-null-(expectLeader? true)", attempt #1/100: java.lang.IllegalStateException: No leader yet : printing ALL groups
  s0:  RUNNING  FOLLOWER s0@group-740484176A5C:t0, leader=null, voted=null, raftlog=s0@group-740484176A5C-SegmentedRaftLog:OPENED:c-1,f-1,i0, conf=-1: [s0:0.0.0.0:44302, s1:0.0.0.0:36479, s2:0.0.0.0:44592], old=null RUNNING
  s1:  RUNNING  FOLLOWER s1@group-740484176A5C:t0, leader=null, voted=null, raftlog=s1@group-740484176A5C-SegmentedRaftLog:OPENED:c-1,f-1,i0, conf=-1: [s0:0.0.0.0:44302, s1:0.0.0.0:36479, s2:0.0.0.0:44592], old=null RUNNING
  s2:  RUNNING  FOLLOWER s2@group-740484176A5C:t0, leader=null, voted=null, raftlog=s2@group-740484176A5C-SegmentedRaftLog:OPENED:c-1,f-1,i0, conf=-1: [s0:0.0.0.0:44302, s1:0.0.0.0:36479, s2:0.0.0.0:44592], old=null RUNNING, sleep 450ms and then retry.
java.lang.IllegalStateException: No leader yet : printing ALL groups
  s0:  RUNNING  FOLLOWER s0@group-740484176A5C:t0, leader=null, voted=null, raftlog=s0@group-740484176A5C-SegmentedRaftLog:OPENED:c-1,f-1,i0, conf=-1: [s0:0.0.0.0:44302, s1:0.0.0.0:36479, s2:0.0.0.0:44592], old=null RUNNING
  s1:  RUNNING  FOLLOWER s1@group-740484176A5C:t0, leader=null, voted=null, raftlog=s1@group-740484176A5C-SegmentedRaftLog:OPENED:c-1,f-1,i0, conf=-1: [s0:0.0.0.0:44302, s1:0.0.0.0:36479, s2:0.0.0.0:44592], old=null RUNNING
  s2:  RUNNING  FOLLOWER s2@group-740484176A5C:t0, leader=null, voted=null, raftlog=s2@group-740484176A5C-SegmentedRaftLog:OPENED:c-1,f-1,i0, conf=-1: [s0:0.0.0.0:44302, s1:0.0.0.0:36479, s2:0.0.0.0:44592], old=null RUNNING
	at org.apache.ratis.MiniRaftCluster.newIllegalStateExceptionForNoLeaders(MiniRaftCluster.java:506)
	at org.apache.ratis.RaftTestUtil.lambda$waitForLeader$1(RaftTestUtil.java:90)
	at org.apache.ratis.MiniRaftCluster.getLeader(MiniRaftCluster.java:539)
	at org.apache.ratis.MiniRaftCluster.getLeader(MiniRaftCluster.java:532)
	at org.apache.ratis.RaftTestUtil.lambda$waitForLeader$3(RaftTestUtil.java:98)
	at org.apache.ratis.util.JavaUtils.attempt(JavaUtils.java:152)
	at org.apache.ratis.RaftTestUtil.waitForLeader(RaftTestUtil.java:97)
	at org.apache.ratis.RaftTestUtil.waitForLeader(RaftTestUtil.java:77)
	at org.apache.ratis.RaftTestUtil.waitForLeader(RaftTestUtil.java:72)
	at org.apache.ratis.server.impl.RaftStateMachineExceptionTests.runTestRetryOnExceptionDuringReplication(RaftStateMachineExceptionTests.java:149)
	at org.apache.ratis.MiniRaftCluster$Factory$Get.runWithNewCluster(MiniRaftCluster.java:125)
	at org.apache.ratis.MiniRaftCluster$Factory$Get.runWithNewCluster(MiniRaftCluster.java:113)
	at org.apache.ratis.server.impl.RaftStateMachineExceptionTests.testRetryOnExceptionDuringReplication(RaftStateMachineExceptionTests.java:145)
	at sun.reflect.NativeMethodAccessorImpl.invoke0(Native Method)
	at sun.reflect.NativeMethodAccessorImpl.invoke(NativeMethodAccessorImpl.java:62)
	at sun.reflect.DelegatingMethodAccessorImpl.invoke(DelegatingMethodAccessorImpl.java:43)
	at java.lang.reflect.Method.invoke(Method.java:498)
	at org.junit.runners.model.FrameworkMethod$1.runReflectiveCall(FrameworkMethod.java:50)
	at org.junit.internal.runners.model.ReflectiveCallable.run(ReflectiveCallable.java:12)
	at org.junit.runners.model.FrameworkMethod.invokeExplosively(FrameworkMethod.java:47)
	at org.junit.internal.runners.statements.InvokeMethod.evaluate(InvokeMethod.java:17)
	at org.junit.internal.runners.statements.RunAfters.evaluate(RunAfters.java:27)
	at org.junit.internal.runners.statements.FailOnTimeout$CallableStatement.call(FailOnTimeout.java:298)
	at org.junit.internal.runners.statements.FailOnTimeout$CallableStatement.call(FailOnTimeout.java:292)
	at java.util.concurrent.FutureTask.run(FutureTask.java:266)
	at java.lang.Thread.run(Thread.java:748)
2019-09-24 16:46:01,863 INFO  impl.FollowerState (FollowerState.java:run(108)) - s2@group-740484176A5C-FollowerState: change to CANDIDATE, lastRpcTime:169ms, electionTimeout:168ms
2019-09-24 16:46:01,864 INFO  impl.RoleInfo (RoleInfo.java:shutdownFollowerState(121)) - s2: shutdown FollowerState
2019-09-24 16:46:01,864 INFO  impl.RaftServerImpl (RaftServerImpl.java:setRole(170)) - s2@group-740484176A5C: changes role from  FOLLOWER to CANDIDATE at term 0 for changeToCandidate
2019-09-24 16:46:01,864 INFO  impl.RoleInfo (RoleInfo.java:updateAndGet(143)) - s2: start LeaderElection
2019-09-24 16:46:01,900 INFO  impl.LeaderElection (LeaderElection.java:askForVotes(178)) - s2@group-740484176A5C-LeaderElection16: begin an election at term 1 for -1: [s0:0.0.0.0:44302, s1:0.0.0.0:36479, s2:0.0.0.0:44592], old=null
2019-09-24 16:46:01,905 INFO  logging.LoggingHandler (AbstractInternalLogger.java:log(150)) - [id: 0xd8f4c7be, L:/0.0.0.0:44302] READ: [id: 0xd9e2973c, L:/192.168.5.142:44302 - R:/192.168.5.142:50968]
2019-09-24 16:46:01,905 INFO  logging.LoggingHandler (AbstractInternalLogger.java:log(150)) - [id: 0xd8f4c7be, L:/0.0.0.0:44302] READ COMPLETE
2019-09-24 16:46:01,906 INFO  logging.LoggingHandler (AbstractInternalLogger.java:log(150)) - [id: 0xb639b9de, L:/0.0.0.0:36479] READ: [id: 0xc617e87a, L:/192.168.5.142:36479 - R:/192.168.5.142:38086]
2019-09-24 16:46:01,907 INFO  logging.LoggingHandler (AbstractInternalLogger.java:log(150)) - [id: 0xb639b9de, L:/0.0.0.0:36479] READ COMPLETE
2019-09-24 16:46:01,908 DEBUG impl.RaftServerImpl (RaftServerImpl.java:requestVote(743)) - s0@group-740484176A5C: receive requestVote(s2, group-740484176A5C, 1, (t:0, i:0))
2019-09-24 16:46:01,908 INFO  impl.RaftServerImpl (RaftServerImpl.java:setRole(170)) - s0@group-740484176A5C: changes role from  FOLLOWER to FOLLOWER at term 1 for recognizeCandidate:s2
2019-09-24 16:46:01,909 INFO  impl.RoleInfo (RoleInfo.java:shutdownFollowerState(121)) - s0: shutdown FollowerState
2019-09-24 16:46:01,909 DEBUG impl.RaftServerImpl (RaftServerImpl.java:requestVote(743)) - s1@group-740484176A5C: receive requestVote(s2, group-740484176A5C, 1, (t:0, i:0))
2019-09-24 16:46:01,909 INFO  impl.FollowerState (FollowerState.java:run(117)) - s0@group-740484176A5C-FollowerState was interrupted: java.lang.InterruptedException: sleep interrupted
2019-09-24 16:46:01,909 INFO  impl.RoleInfo (RoleInfo.java:updateAndGet(143)) - s0: start FollowerState
2019-09-24 16:46:01,909 INFO  impl.RaftServerImpl (RaftServerImpl.java:setRole(170)) - s1@group-740484176A5C: changes role from  FOLLOWER to FOLLOWER at term 1 for recognizeCandidate:s2
2019-09-24 16:46:01,911 INFO  impl.RoleInfo (RoleInfo.java:shutdownFollowerState(121)) - s1: shutdown FollowerState
2019-09-24 16:46:01,911 INFO  impl.RoleInfo (RoleInfo.java:updateAndGet(143)) - s1: start FollowerState
2019-09-24 16:46:01,911 INFO  impl.FollowerState (FollowerState.java:run(117)) - s1@group-740484176A5C-FollowerState was interrupted: java.lang.InterruptedException: sleep interrupted
2019-09-24 16:46:01,944 DEBUG impl.RaftServerImpl (RaftServerImpl.java:requestVote(775)) - s0@group-740484176A5C replies to vote request: s2<-s0#0:OK-t1. Peer's state: s0@group-740484176A5C:t1, leader=null, voted=s2, raftlog=s0@group-740484176A5C-SegmentedRaftLog:OPENED:c-1,f-1,i0, conf=-1: [s0:0.0.0.0:44302, s1:0.0.0.0:36479, s2:0.0.0.0:44592], old=null
2019-09-24 16:46:01,944 DEBUG impl.RaftServerImpl (RaftServerImpl.java:requestVote(775)) - s1@group-740484176A5C replies to vote request: s2<-s1#0:OK-t1. Peer's state: s1@group-740484176A5C:t1, leader=null, voted=s2, raftlog=s1@group-740484176A5C-SegmentedRaftLog:OPENED:c-1,f-1,i0, conf=-1: [s0:0.0.0.0:44302, s1:0.0.0.0:36479, s2:0.0.0.0:44592], old=null
2019-09-24 16:46:01,946 INFO  impl.LeaderElection (LeaderElection.java:logAndReturn(56)) - s2@group-740484176A5C-LeaderElection16: Election PASSED; received 1 response(s) [s2<-s0#0:OK-t1] and 0 exception(s); s2@group-740484176A5C:t1, leader=null, voted=s2, raftlog=s2@group-740484176A5C-SegmentedRaftLog:OPENED:c-1,f-1,i0, conf=-1: [s0:0.0.0.0:44302, s1:0.0.0.0:36479, s2:0.0.0.0:44592], old=null
2019-09-24 16:46:01,946 INFO  impl.RoleInfo (RoleInfo.java:shutdownLeaderElection(134)) - s2: shutdown LeaderElection
2019-09-24 16:46:01,946 INFO  impl.RaftServerImpl (RaftServerImpl.java:setRole(170)) - s2@group-740484176A5C: changes role from CANDIDATE to LEADER at term 1 for changeToLeader
2019-09-24 16:46:01,947 INFO  impl.RaftServerImpl (ServerState.java:setLeader(254)) - s2@group-740484176A5C: change Leader from null to s2 at term 1 for becomeLeader, leader elected after 280ms
2019-09-24 16:46:01,947 INFO  server.RaftServerConfigKeys (ConfUtils.java:logGet(43)) - raft.server.staging.catchup.gap = 1000 (default)
2019-09-24 16:46:01,947 INFO  server.RaftServerConfigKeys (ConfUtils.java:logGet(43)) - raft.server.rpc.sleep.time = 25ms (default)
2019-09-24 16:46:01,947 INFO  server.RaftServerConfigKeys (ConfUtils.java:logGet(43)) - raft.server.write.element-limit = 4096 (default)
2019-09-24 16:46:01,947 INFO  server.RaftServerConfigKeys (ConfUtils.java:logGet(43)) - raft.server.watch.timeout = 10s (default)
2019-09-24 16:46:01,948 INFO  server.RaftServerConfigKeys (ConfUtils.java:logGet(43)) - raft.server.watch.timeout.denomination = 1s (default)
2019-09-24 16:46:01,948 INFO  server.RaftServerConfigKeys (ConfUtils.java:logGet(43)) - raft.server.watch.element-limit = 65536 (default)
2019-09-24 16:46:01,952 INFO  server.RaftServerConfigKeys (ConfUtils.java:logGet(43)) - raft.server.log.appender.snapshot.chunk.size.max = 16MB (=16777216) (default)
2019-09-24 16:46:01,952 INFO  server.RaftServerConfigKeys (ConfUtils.java:logGet(43)) - raft.server.log.appender.buffer.byte-limit = 4MB (=4194304) (default)
2019-09-24 16:46:01,952 INFO  server.RaftServerConfigKeys (ConfUtils.java:logGet(43)) - raft.server.log.appender.buffer.element-limit = 0 (default)
2019-09-24 16:46:01,952 INFO  server.RaftServerConfigKeys (ConfUtils.java:logGet(43)) - raft.server.log.appender.snapshot.chunk.size.max = 16MB (=16777216) (default)
2019-09-24 16:46:01,953 INFO  server.RaftServerConfigKeys (ConfUtils.java:logGet(43)) - raft.server.log.appender.buffer.byte-limit = 4MB (=4194304) (default)
2019-09-24 16:46:01,953 INFO  server.RaftServerConfigKeys (ConfUtils.java:logGet(43)) - raft.server.log.appender.buffer.element-limit = 0 (default)
2019-09-24 16:46:01,953 INFO  impl.RoleInfo (RoleInfo.java:updateAndGet(143)) - s2: start LeaderState
2019-09-24 16:46:01,954 DEBUG raftlog.RaftLog (SegmentedRaftLog.java:appendImpl(425)) - truncateIndex=-1, arrayIndex=0
2019-09-24 16:46:01,954 INFO  segmented.SegmentedRaftLogWorker (SegmentedRaftLogWorker.java:startLogSegment(380)) - s2@group-740484176A5C-SegmentedRaftLogWorker: Starting segment from index:0
2019-09-24 16:46:01,955 INFO  impl.RaftServerImpl (ServerState.java:setRaftConf(355)) - s2@group-740484176A5C: set configuration 0: [s0:0.0.0.0:44302, s1:0.0.0.0:36479, s2:0.0.0.0:44592], old=null at 0
2019-09-24 16:46:01,956 INFO  impl.RaftServerImpl (ServerState.java:setLeader(254)) - s0@group-740484176A5C: change Leader from null to s2 at term 1 for appendEntries, leader elected after 289ms
2019-09-24 16:46:01,956 INFO  impl.RaftServerImpl (ServerState.java:setLeader(254)) - s1@group-740484176A5C: change Leader from null to s2 at term 1 for appendEntries, leader elected after 290ms
2019-09-24 16:46:01,960 DEBUG impl.RaftServerImpl (RaftServerImpl.java:logAppendEntries(850)) - s0@group-740484176A5C: receive appendEntries(s2, 1, null, -1, false, commits[s2:c-1, s0:c-1, s1:c-1], entries: (t:1, i:0), CONFIGURATIONENTRY
2019-09-24 16:46:01,960 DEBUG impl.RaftServerImpl (RaftServerImpl.java:logAppendEntries(850)) - s1@group-740484176A5C: receive appendEntries(s2, 1, null, -1, false, commits[s2:c-1, s0:c-1, s1:c-1], entries: (t:1, i:0), CONFIGURATIONENTRY
2019-09-24 16:46:01,961 INFO  impl.RaftServerImpl (ServerState.java:setRaftConf(355)) - s0@group-740484176A5C: set configuration 0: [s0:0.0.0.0:44302, s1:0.0.0.0:36479, s2:0.0.0.0:44592], old=null at 0
2019-09-24 16:46:01,961 INFO  impl.RaftServerImpl (ServerState.java:setRaftConf(355)) - s1@group-740484176A5C: set configuration 0: [s0:0.0.0.0:44302, s1:0.0.0.0:36479, s2:0.0.0.0:44592], old=null at 0
2019-09-24 16:46:01,961 DEBUG raftlog.RaftLog (SegmentedRaftLog.java:appendImpl(425)) - truncateIndex=-1, arrayIndex=0
2019-09-24 16:46:01,962 DEBUG raftlog.RaftLog (SegmentedRaftLog.java:appendImpl(425)) - truncateIndex=-1, arrayIndex=0
2019-09-24 16:46:01,962 INFO  segmented.SegmentedRaftLogWorker (SegmentedRaftLogWorker.java:startLogSegment(380)) - s0@group-740484176A5C-SegmentedRaftLogWorker: Starting segment from index:0
2019-09-24 16:46:01,962 INFO  segmented.SegmentedRaftLogWorker (SegmentedRaftLogWorker.java:startLogSegment(380)) - s1@group-740484176A5C-SegmentedRaftLogWorker: Starting segment from index:0
2019-09-24 16:46:02,152 INFO  ratis.RaftTestUtil (RaftTestUtil.java:waitForLeader(101)) - printing ALL groups
  s0:  RUNNING  FOLLOWER s0@group-740484176A5C:t1, leader=s2, voted=s2, raftlog=s0@group-740484176A5C-SegmentedRaftLog:OPENED:c-1,f-1,i0, conf=0: [s0:0.0.0.0:44302, s1:0.0.0.0:36479, s2:0.0.0.0:44592], old=null RUNNING
  s1:  RUNNING  FOLLOWER s1@group-740484176A5C:t1, leader=s2, voted=s2, raftlog=s1@group-740484176A5C-SegmentedRaftLog:OPENED:c-1,f-1,i0, conf=0: [s0:0.0.0.0:44302, s1:0.0.0.0:36479, s2:0.0.0.0:44592], old=null RUNNING
  s2:  RUNNING    LEADER s2@group-740484176A5C:t1, leader=s2, voted=s2, raftlog=s2@group-740484176A5C-SegmentedRaftLog:OPENED:c-1,f-1,i0, conf=0: [s0:0.0.0.0:44302, s1:0.0.0.0:36479, s2:0.0.0.0:44592], old=null RUNNING
2019-09-24 16:46:02,152 DEBUG client.RaftClient (ConfUtils.java:logGet(43)) - raft.rpc.type = NETTY (custom)
2019-09-24 16:46:02,154 DEBUG client.RaftClient (RaftClientImpl.java:sendRequest(275)) - client-6563580F3A1A: send RaftClientRequest:client-6563580F3A1A->s2@group-740484176A5C, cid=2, seq=0, RW, first msg to make leader ready
2019-09-24 16:46:02,157 INFO  logging.LoggingHandler (AbstractInternalLogger.java:log(150)) - [id: 0x258e5b8b, L:/0.0.0.0:44592] READ: [id: 0x4b13c4cb, L:/192.168.5.142:44592 - R:/192.168.5.142:59612]
2019-09-24 16:46:02,158 INFO  logging.LoggingHandler (AbstractInternalLogger.java:log(150)) - [id: 0x258e5b8b, L:/0.0.0.0:44592] READ COMPLETE
2019-09-24 16:46:02,160 DEBUG impl.RaftServerImpl (RaftServerImpl.java:submitClientRequestAsync(533)) - s2@group-740484176A5C: receive client request(RaftClientRequest:client-6563580F3A1A->s2@group-740484176A5C, cid=2, seq=0, RW, Message:6669727374206d736720...(size=30))
2019-09-24 16:46:02,162 DEBUG client.RaftClient (RaftClientImpl.java:sendRequest(285)) - client-6563580F3A1A: receive RaftClientReply:client-6563580F3A1A->s2@group-740484176A5C, cid=2, FAILED org.apache.ratis.protocol.LeaderNotReadyException: s2@group-740484176A5C is in LEADER state but not ready yet., logIndex=0, commits[s2:c-1, s0:c-1, s1:c-1]
2019-09-24 16:46:02,262 DEBUG client.RaftClient (RaftClientImpl.java:sendRequest(275)) - client-6563580F3A1A: send RaftClientRequest:client-6563580F3A1A->s2@group-740484176A5C, cid=2, seq=0, RW, first msg to make leader ready
2019-09-24 16:46:02,264 DEBUG impl.RaftServerImpl (RaftServerImpl.java:submitClientRequestAsync(533)) - s2@group-740484176A5C: receive client request(RaftClientRequest:client-6563580F3A1A->s2@group-740484176A5C, cid=2, seq=0, RW, Message:6669727374206d736720...(size=30))
2019-09-24 16:46:02,265 DEBUG client.RaftClient (RaftClientImpl.java:sendRequest(285)) - client-6563580F3A1A: receive RaftClientReply:client-6563580F3A1A->s2@group-740484176A5C, cid=2, FAILED org.apache.ratis.protocol.LeaderNotReadyException: s2@group-740484176A5C is in LEADER state but not ready yet., logIndex=0, commits[s2:c-1, s0:c-1, s1:c-1]
2019-09-24 16:46:02,365 DEBUG client.RaftClient (RaftClientImpl.java:sendRequest(275)) - client-6563580F3A1A: send RaftClientRequest:client-6563580F3A1A->s2@group-740484176A5C, cid=2, seq=0, RW, first msg to make leader ready
2019-09-24 16:46:02,366 DEBUG impl.RaftServerImpl (RaftServerImpl.java:submitClientRequestAsync(533)) - s2@group-740484176A5C: receive client request(RaftClientRequest:client-6563580F3A1A->s2@group-740484176A5C, cid=2, seq=0, RW, Message:6669727374206d736720...(size=30))
2019-09-24 16:46:02,368 DEBUG client.RaftClient (RaftClientImpl.java:sendRequest(285)) - client-6563580F3A1A: receive RaftClientReply:client-6563580F3A1A->s2@group-740484176A5C, cid=2, FAILED org.apache.ratis.protocol.LeaderNotReadyException: s2@group-740484176A5C is in LEADER state but not ready yet., logIndex=0, commits[s2:c-1, s0:c-1, s1:c-1]
2019-09-24 16:46:02,468 DEBUG client.RaftClient (RaftClientImpl.java:sendRequest(275)) - client-6563580F3A1A: send RaftClientRequest:client-6563580F3A1A->s2@group-740484176A5C, cid=2, seq=0, RW, first msg to make leader ready
2019-09-24 16:46:02,469 DEBUG impl.RaftServerImpl (RaftServerImpl.java:submitClientRequestAsync(533)) - s2@group-740484176A5C: receive client request(RaftClientRequest:client-6563580F3A1A->s2@group-740484176A5C, cid=2, seq=0, RW, Message:6669727374206d736720...(size=30))
2019-09-24 16:46:02,470 DEBUG client.RaftClient (RaftClientImpl.java:sendRequest(285)) - client-6563580F3A1A: receive RaftClientReply:client-6563580F3A1A->s2@group-740484176A5C, cid=2, FAILED org.apache.ratis.protocol.LeaderNotReadyException: s2@group-740484176A5C is in LEADER state but not ready yet., logIndex=0, commits[s2:c-1, s0:c-1, s1:c-1]
2019-09-24 16:46:02,525 INFO  segmented.SegmentedRaftLogWorker (SegmentedRaftLogWorker.java:execute(569)) - s1@group-740484176A5C-SegmentedRaftLogWorker: created new log segment /workdir/ratis-test/target/test/data/f6d08050/MiniRaftClusterWithNetty4d400fc0/s1/a56d543e-323d-49e6-80dd-740484176a5c/current/log_inprogress_0
2019-09-24 16:46:02,525 INFO  segmented.SegmentedRaftLogWorker (SegmentedRaftLogWorker.java:execute(569)) - s0@group-740484176A5C-SegmentedRaftLogWorker: created new log segment /workdir/ratis-test/target/test/data/f6d08050/MiniRaftClusterWithNetty4d400fc0/s0/a56d543e-323d-49e6-80dd-740484176a5c/current/log_inprogress_0
2019-09-24 16:46:02,525 INFO  segmented.SegmentedRaftLogWorker (SegmentedRaftLogWorker.java:execute(569)) - s2@group-740484176A5C-SegmentedRaftLogWorker: created new log segment /workdir/ratis-test/target/test/data/f6d08050/MiniRaftClusterWithNetty4d400fc0/s2/a56d543e-323d-49e6-80dd-740484176a5c/current/log_inprogress_0
2019-09-24 16:46:02,544 DEBUG impl.RaftServerImpl (RaftServerImpl.java:logAppendEntries(850)) - s0@group-740484176A5C: succeeded to handle AppendEntries. Reply: s2<-s0#0:OK,SUCCESS,nextIndex:1,term:1,followerCommit:-1
2019-09-24 16:46:02,544 DEBUG impl.RaftServerImpl (RaftServerImpl.java:logAppendEntries(850)) - s1@group-740484176A5C: succeeded to handle AppendEntries. Reply: s2<-s1#0:OK,SUCCESS,nextIndex:1,term:1,followerCommit:-1
2019-09-24 16:46:02,570 DEBUG client.RaftClient (RaftClientImpl.java:sendRequest(275)) - client-6563580F3A1A: send RaftClientRequest:client-6563580F3A1A->s2@group-740484176A5C, cid=2, seq=0, RW, first msg to make leader ready
2019-09-24 16:46:02,571 DEBUG impl.RaftServerImpl (RaftServerImpl.java:submitClientRequestAsync(533)) - s2@group-740484176A5C: receive client request(RaftClientRequest:client-6563580F3A1A->s2@group-740484176A5C, cid=2, seq=0, RW, Message:6669727374206d736720...(size=30))
2019-09-24 16:46:02,572 DEBUG impl.RaftServerImpl (LeaderState.java:addPendingRequest(317)) - s2@group-740484176A5C-LeaderState: addPendingRequest at RaftClientRequest:client-6563580F3A1A->s2@group-740484176A5C, cid=2, seq=0, RW, Message:6669727374206d736720...(size=30), entry=(t:1, i:1), STATEMACHINELOGENTRY, client-6563580F3A1A, cid=2
2019-09-24 16:46:02,574 DEBUG impl.RaftServerImpl (RaftServerImpl.java:logAppendEntries(850)) - s1@group-740484176A5C: receive appendEntries(s2, 1, (t:1, i:0), 0, false, commits[s2:c0, s0:c-1, s1:c-1], entries: (t:1, i:1), STATEMACHINELOGENTRY, client-6563580F3A1A, cid=2
2019-09-24 16:46:02,574 DEBUG impl.RaftServerImpl (RaftServerImpl.java:logAppendEntries(850)) - s0@group-740484176A5C: receive appendEntries(s2, 1, (t:1, i:0), 0, false, commits[s2:c0, s0:c-1, s1:c-1], entries: (t:1, i:1), STATEMACHINELOGENTRY, client-6563580F3A1A, cid=2
2019-09-24 16:46:02,574 DEBUG raftlog.RaftLog (SegmentedRaftLog.java:appendImpl(425)) - truncateIndex=-1, arrayIndex=0
2019-09-24 16:46:02,575 DEBUG raftlog.RaftLog (SegmentedRaftLog.java:appendImpl(425)) - truncateIndex=-1, arrayIndex=0
2019-09-24 16:46:02,584 DEBUG impl.RaftServerImpl (RaftServerImpl.java:logAppendEntries(850)) - s1@group-740484176A5C: succeeded to handle AppendEntries. Reply: s2<-s1#0:OK,SUCCESS,nextIndex:2,term:1,followerCommit:0
2019-09-24 16:46:02,585 DEBUG impl.RaftServerImpl (RaftServerImpl.java:logAppendEntries(850)) - s0@group-740484176A5C: succeeded to handle AppendEntries. Reply: s2<-s0#0:OK,SUCCESS,nextIndex:2,term:1,followerCommit:0
2019-09-24 16:46:02,589 DEBUG impl.RaftServerImpl (RaftServerImpl.java:logAppendEntries(850)) - s0@group-740484176A5C: receive appendEntries(s2, 1, (t:1, i:1), 1, false, commits[s2:c1, s0:c0, s1:c0], entries: (t:1, i:2), METADATAENTRY(c1)
2019-09-24 16:46:02,589 DEBUG impl.RaftServerImpl (RaftServerImpl.java:logAppendEntries(850)) - s1@group-740484176A5C: receive appendEntries(s2, 1, (t:1, i:1), 1, false, commits[s2:c1, s0:c0, s1:c0], entries: (t:1, i:2), METADATAENTRY(c1)
2019-09-24 16:46:02,590 DEBUG raftlog.RaftLog (SegmentedRaftLog.java:appendImpl(425)) - truncateIndex=-1, arrayIndex=0
2019-09-24 16:46:02,590 DEBUG raftlog.RaftLog (SegmentedRaftLog.java:appendImpl(425)) - truncateIndex=-1, arrayIndex=0
2019-09-24 16:46:02,591 DEBUG client.RaftClient (RaftClientImpl.java:sendRequest(285)) - client-6563580F3A1A: receive RaftClientReply:client-6563580F3A1A->s2@group-740484176A5C, cid=2, FAILED org.apache.ratis.protocol.StateMachineException: org.apache.ratis.protocol.StateMachineException from Server s2@group-740484176A5C: Fake Exception, logIndex=1, commits[s2:c1, s0:c0, s1:c0]
2019-09-24 16:46:02,592 DEBUG client.RaftClient (ConfUtils.java:logGet(43)) - raft.rpc.type = NETTY (custom)
2019-09-24 16:46:02,598 INFO  logging.LoggingHandler (AbstractInternalLogger.java:log(150)) - [id: 0x258e5b8b, L:/0.0.0.0:44592] READ: [id: 0xdb508b49, L:/192.168.5.142:44592 - R:/192.168.5.142:59614]
2019-09-24 16:46:02,598 INFO  logging.LoggingHandler (AbstractInternalLogger.java:log(150)) - [id: 0x258e5b8b, L:/0.0.0.0:44592] READ COMPLETE
2019-09-24 16:46:02,600 DEBUG impl.RaftServerImpl (RaftServerImpl.java:submitClientRequestAsync(533)) - s2@group-740484176A5C: receive client request(RaftClientRequest:client-CE36116DAB77->s2@group-740484176A5C, cid=999, seq=0, RW, Message:6d657373616765)
2019-09-24 16:46:02,603 DEBUG impl.RaftServerImpl (RaftServerImpl.java:logAppendEntries(850)) - s1@group-740484176A5C: succeeded to handle AppendEntries. Reply: s2<-s1#0:OK,SUCCESS,nextIndex:3,term:1,followerCommit:1
2019-09-24 16:46:02,604 DEBUG impl.RaftServerImpl (RaftServerImpl.java:logAppendEntries(850)) - s0@group-740484176A5C: succeeded to handle AppendEntries. Reply: s2<-s0#0:OK,SUCCESS,nextIndex:3,term:1,followerCommit:1
2019-09-24 16:46:02,605 INFO  impl.RaftServerImpl (RaftServerImpl.java:setRole(170)) - s2@group-740484176A5C: changes role from    LEADER to FOLLOWER at term 1 for stepDown
2019-09-24 16:46:02,607 INFO  impl.RoleInfo (RoleInfo.java:shutdownLeaderState(104)) - s2: shutdown LeaderState
2019-09-24 16:46:02,608 INFO  impl.PendingRequests (PendingRequests.java:sendNotLeaderResponses(202)) - s2@group-740484176A5C-PendingRequests: sendNotLeaderResponses
2019-09-24 16:46:02,609 INFO  impl.RaftServerImpl (LeaderState.java:submit(109)) - s2@group-740484176A5C-EventQueue: Interrupted when submitting UPDATE_COMMIT 
2019-09-24 16:46:02,609 INFO  impl.RoleInfo (RoleInfo.java:updateAndGet(143)) - s2: start FollowerState
2019-09-24 16:46:02,609 INFO  impl.RaftServerImpl (LeaderState.java:submit(109)) - s2@group-740484176A5C-EventQueue: Interrupted when submitting UPDATE_COMMIT 
2019-09-24 16:46:02,614 INFO  server.RaftServerConfigKeys (ConfUtils.java:logGet(43)) - raft.server.rpc.timeout.max = 300ms (default)
2019-09-24 16:46:02,614 INFO  ratis.RaftTestUtil (RaftTestUtil.java:waitForLeader(86)) - printing ALL groups
  s0:  RUNNING  FOLLOWER s0@group-740484176A5C:t1, leader=s2, voted=s2, raftlog=s0@group-740484176A5C-SegmentedRaftLog:OPENED:c1,f2,i2, conf=0: [s0:0.0.0.0:44302, s1:0.0.0.0:36479, s2:0.0.0.0:44592], old=null RUNNING
  s1:  RUNNING  FOLLOWER s1@group-740484176A5C:t1, leader=s2, voted=s2, raftlog=s1@group-740484176A5C-SegmentedRaftLog:OPENED:c1,f2,i2, conf=0: [s0:0.0.0.0:44302, s1:0.0.0.0:36479, s2:0.0.0.0:44592], old=null RUNNING
  s2:  RUNNING  FOLLOWER s2@group-740484176A5C:t1, leader=s2, voted=s2, raftlog=s2@group-740484176A5C-SegmentedRaftLog:OPENED:c1,f2,i2, conf=0: [s0:0.0.0.0:44302, s1:0.0.0.0:36479, s2:0.0.0.0:44592], old=null RUNNING
2019-09-24 16:46:02,615 WARN  ratis.RaftTestUtil (JavaUtils.java:attempt(158)) - FAILED "waitForLeader-null-(expectLeader? true)", attempt #1/100: java.lang.IllegalStateException: No leader yet : printing ALL groups
  s0:  RUNNING  FOLLOWER s0@group-740484176A5C:t1, leader=s2, voted=s2, raftlog=s0@group-740484176A5C-SegmentedRaftLog:OPENED:c1,f2,i2, conf=0: [s0:0.0.0.0:44302, s1:0.0.0.0:36479, s2:0.0.0.0:44592], old=null RUNNING
  s1:  RUNNING  FOLLOWER s1@group-740484176A5C:t1, leader=s2, voted=s2, raftlog=s1@group-740484176A5C-SegmentedRaftLog:OPENED:c1,f2,i2, conf=0: [s0:0.0.0.0:44302, s1:0.0.0.0:36479, s2:0.0.0.0:44592], old=null RUNNING
  s2:  RUNNING  FOLLOWER s2@group-740484176A5C:t1, leader=s2, voted=s2, raftlog=s2@group-740484176A5C-SegmentedRaftLog:OPENED:c1,f2,i2, conf=0: [s0:0.0.0.0:44302, s1:0.0.0.0:36479, s2:0.0.0.0:44592], old=null RUNNING, sleep 450ms and then retry.
java.lang.IllegalStateException: No leader yet : printing ALL groups
  s0:  RUNNING  FOLLOWER s0@group-740484176A5C:t1, leader=s2, voted=s2, raftlog=s0@group-740484176A5C-SegmentedRaftLog:OPENED:c1,f2,i2, conf=0: [s0:0.0.0.0:44302, s1:0.0.0.0:36479, s2:0.0.0.0:44592], old=null RUNNING
  s1:  RUNNING  FOLLOWER s1@group-740484176A5C:t1, leader=s2, voted=s2, raftlog=s1@group-740484176A5C-SegmentedRaftLog:OPENED:c1,f2,i2, conf=0: [s0:0.0.0.0:44302, s1:0.0.0.0:36479, s2:0.0.0.0:44592], old=null RUNNING
  s2:  RUNNING  FOLLOWER s2@group-740484176A5C:t1, leader=s2, voted=s2, raftlog=s2@group-740484176A5C-SegmentedRaftLog:OPENED:c1,f2,i2, conf=0: [s0:0.0.0.0:44302, s1:0.0.0.0:36479, s2:0.0.0.0:44592], old=null RUNNING
	at org.apache.ratis.MiniRaftCluster.newIllegalStateExceptionForNoLeaders(MiniRaftCluster.java:506)
	at org.apache.ratis.RaftTestUtil.lambda$waitForLeader$1(RaftTestUtil.java:90)
	at org.apache.ratis.MiniRaftCluster.getLeader(MiniRaftCluster.java:539)
	at org.apache.ratis.MiniRaftCluster.getLeader(MiniRaftCluster.java:532)
	at org.apache.ratis.RaftTestUtil.lambda$waitForLeader$3(RaftTestUtil.java:98)
	at org.apache.ratis.util.JavaUtils.attempt(JavaUtils.java:152)
	at org.apache.ratis.RaftTestUtil.waitForLeader(RaftTestUtil.java:97)
	at org.apache.ratis.RaftTestUtil.waitForLeader(RaftTestUtil.java:77)
	at org.apache.ratis.RaftTestUtil.waitForLeader(RaftTestUtil.java:72)
	at org.apache.ratis.server.impl.RaftStateMachineExceptionTests.runTestRetryOnExceptionDuringReplication(RaftStateMachineExceptionTests.java:166)
	at org.apache.ratis.MiniRaftCluster$Factory$Get.runWithNewCluster(MiniRaftCluster.java:125)
	at org.apache.ratis.MiniRaftCluster$Factory$Get.runWithNewCluster(MiniRaftCluster.java:113)
	at org.apache.ratis.server.impl.RaftStateMachineExceptionTests.testRetryOnExceptionDuringReplication(RaftStateMachineExceptionTests.java:145)
	at sun.reflect.NativeMethodAccessorImpl.invoke0(Native Method)
	at sun.reflect.NativeMethodAccessorImpl.invoke(NativeMethodAccessorImpl.java:62)
	at sun.reflect.DelegatingMethodAccessorImpl.invoke(DelegatingMethodAccessorImpl.java:43)
	at java.lang.reflect.Method.invoke(Method.java:498)
	at org.junit.runners.model.FrameworkMethod$1.runReflectiveCall(FrameworkMethod.java:50)
	at org.junit.internal.runners.model.ReflectiveCallable.run(ReflectiveCallable.java:12)
	at org.junit.runners.model.FrameworkMethod.invokeExplosively(FrameworkMethod.java:47)
	at org.junit.internal.runners.statements.InvokeMethod.evaluate(InvokeMethod.java:17)
	at org.junit.internal.runners.statements.RunAfters.evaluate(RunAfters.java:27)
	at org.junit.internal.runners.statements.FailOnTimeout$CallableStatement.call(FailOnTimeout.java:298)
	at org.junit.internal.runners.statements.FailOnTimeout$CallableStatement.call(FailOnTimeout.java:292)
	at java.util.concurrent.FutureTask.run(FutureTask.java:266)
	at java.lang.Thread.run(Thread.java:748)
2019-09-24 16:46:02,790 INFO  impl.FollowerState (FollowerState.java:run(108)) - s2@group-740484176A5C-FollowerState: change to CANDIDATE, lastRpcTime:180ms, electionTimeout:179ms
2019-09-24 16:46:02,790 INFO  impl.RoleInfo (RoleInfo.java:shutdownFollowerState(121)) - s2: shutdown FollowerState
2019-09-24 16:46:02,790 INFO  impl.RaftServerImpl (RaftServerImpl.java:setRole(170)) - s2@group-740484176A5C: changes role from  FOLLOWER to CANDIDATE at term 1 for changeToCandidate
2019-09-24 16:46:02,790 INFO  impl.RoleInfo (RoleInfo.java:updateAndGet(143)) - s2: start LeaderElection
2019-09-24 16:46:02,791 INFO  impl.RaftServerImpl (ServerState.java:setLeader(254)) - s2@group-740484176A5C: change Leader from s2 to null at term 1 for initElection
2019-09-24 16:46:02,805 INFO  impl.LeaderElection (LeaderElection.java:askForVotes(178)) - s2@group-740484176A5C-LeaderElection17: begin an election at term 2 for 0: [s0:0.0.0.0:44302, s1:0.0.0.0:36479, s2:0.0.0.0:44592], old=null
2019-09-24 16:46:02,807 DEBUG impl.RaftServerImpl (RaftServerImpl.java:requestVote(743)) - s0@group-740484176A5C: receive requestVote(s2, group-740484176A5C, 2, (t:1, i:2))
2019-09-24 16:46:02,807 DEBUG impl.RaftServerImpl (RaftServerImpl.java:requestVote(743)) - s1@group-740484176A5C: receive requestVote(s2, group-740484176A5C, 2, (t:1, i:2))
2019-09-24 16:46:02,808 INFO  impl.RaftServerImpl (ServerState.java:setLeader(254)) - s0@group-740484176A5C: change Leader from s2 to null at term 2 for updateCurrentTerm
2019-09-24 16:46:02,808 INFO  impl.RaftServerImpl (ServerState.java:setLeader(254)) - s1@group-740484176A5C: change Leader from s2 to null at term 2 for updateCurrentTerm
2019-09-24 16:46:02,809 INFO  impl.RaftServerImpl (RaftServerImpl.java:setRole(170)) - s0@group-740484176A5C: changes role from  FOLLOWER to FOLLOWER at term 2 for recognizeCandidate:s2
2019-09-24 16:46:02,809 INFO  impl.RaftServerImpl (RaftServerImpl.java:setRole(170)) - s1@group-740484176A5C: changes role from  FOLLOWER to FOLLOWER at term 2 for recognizeCandidate:s2
2019-09-24 16:46:02,809 INFO  impl.RoleInfo (RoleInfo.java:shutdownFollowerState(121)) - s0: shutdown FollowerState
2019-09-24 16:46:02,810 INFO  impl.RoleInfo (RoleInfo.java:shutdownFollowerState(121)) - s1: shutdown FollowerState
2019-09-24 16:46:02,810 INFO  impl.RoleInfo (RoleInfo.java:updateAndGet(143)) - s0: start FollowerState
2019-09-24 16:46:02,810 INFO  impl.FollowerState (FollowerState.java:run(117)) - s0@group-740484176A5C-FollowerState was interrupted: java.lang.InterruptedException: sleep interrupted
2019-09-24 16:46:02,811 INFO  impl.FollowerState (FollowerState.java:run(117)) - s1@group-740484176A5C-FollowerState was interrupted: java.lang.InterruptedException: sleep interrupted
2019-09-24 16:46:02,811 INFO  impl.RoleInfo (RoleInfo.java:updateAndGet(143)) - s1: start FollowerState
2019-09-24 16:46:02,851 DEBUG impl.RaftServerImpl (RaftServerImpl.java:requestVote(775)) - s0@group-740484176A5C replies to vote request: s2<-s0#0:OK-t2. Peer's state: s0@group-740484176A5C:t2, leader=null, voted=s2, raftlog=s0@group-740484176A5C-SegmentedRaftLog:OPENED:c1,f2,i2, conf=0: [s0:0.0.0.0:44302, s1:0.0.0.0:36479, s2:0.0.0.0:44592], old=null
2019-09-24 16:46:02,851 DEBUG impl.RaftServerImpl (RaftServerImpl.java:requestVote(775)) - s1@group-740484176A5C replies to vote request: s2<-s1#0:OK-t2. Peer's state: s1@group-740484176A5C:t2, leader=null, voted=s2, raftlog=s1@group-740484176A5C-SegmentedRaftLog:OPENED:c1,f2,i2, conf=0: [s0:0.0.0.0:44302, s1:0.0.0.0:36479, s2:0.0.0.0:44592], old=null
2019-09-24 16:46:02,853 INFO  impl.LeaderElection (LeaderElection.java:logAndReturn(56)) - s2@group-740484176A5C-LeaderElection17: Election PASSED; received 1 response(s) [s2<-s0#0:OK-t2] and 0 exception(s); s2@group-740484176A5C:t2, leader=null, voted=s2, raftlog=s2@group-740484176A5C-SegmentedRaftLog:OPENED:c1,f2,i2, conf=0: [s0:0.0.0.0:44302, s1:0.0.0.0:36479, s2:0.0.0.0:44592], old=null
2019-09-24 16:46:02,853 INFO  impl.RoleInfo (RoleInfo.java:shutdownLeaderElection(134)) - s2: shutdown LeaderElection
2019-09-24 16:46:02,853 INFO  impl.RaftServerImpl (RaftServerImpl.java:setRole(170)) - s2@group-740484176A5C: changes role from CANDIDATE to LEADER at term 2 for changeToLeader
2019-09-24 16:46:02,853 INFO  impl.RaftServerImpl (ServerState.java:setLeader(254)) - s2@group-740484176A5C: change Leader from null to s2 at term 2 for becomeLeader, leader elected after 61ms
2019-09-24 16:46:02,853 INFO  server.RaftServerConfigKeys (ConfUtils.java:logGet(43)) - raft.server.staging.catchup.gap = 1000 (default)
2019-09-24 16:46:02,853 INFO  server.RaftServerConfigKeys (ConfUtils.java:logGet(43)) - raft.server.rpc.sleep.time = 25ms (default)
2019-09-24 16:46:02,854 INFO  server.RaftServerConfigKeys (ConfUtils.java:logGet(43)) - raft.server.write.element-limit = 4096 (default)
2019-09-24 16:46:02,854 INFO  server.RaftServerConfigKeys (ConfUtils.java:logGet(43)) - raft.server.watch.timeout = 10s (default)
2019-09-24 16:46:02,854 INFO  server.RaftServerConfigKeys (ConfUtils.java:logGet(43)) - raft.server.watch.timeout.denomination = 1s (default)
2019-09-24 16:46:02,854 INFO  server.RaftServerConfigKeys (ConfUtils.java:logGet(43)) - raft.server.watch.element-limit = 65536 (default)
2019-09-24 16:46:02,854 INFO  server.RaftServerConfigKeys (ConfUtils.java:logGet(43)) - raft.server.log.appender.snapshot.chunk.size.max = 16MB (=16777216) (default)
2019-09-24 16:46:02,855 INFO  server.RaftServerConfigKeys (ConfUtils.java:logGet(43)) - raft.server.log.appender.buffer.byte-limit = 4MB (=4194304) (default)
2019-09-24 16:46:02,855 INFO  server.RaftServerConfigKeys (ConfUtils.java:logGet(43)) - raft.server.log.appender.buffer.element-limit = 0 (default)
2019-09-24 16:46:02,855 INFO  server.RaftServerConfigKeys (ConfUtils.java:logGet(43)) - raft.server.log.appender.snapshot.chunk.size.max = 16MB (=16777216) (default)
2019-09-24 16:46:02,855 INFO  server.RaftServerConfigKeys (ConfUtils.java:logGet(43)) - raft.server.log.appender.buffer.byte-limit = 4MB (=4194304) (default)
2019-09-24 16:46:02,855 INFO  server.RaftServerConfigKeys (ConfUtils.java:logGet(43)) - raft.server.log.appender.buffer.element-limit = 0 (default)
2019-09-24 16:46:02,856 INFO  impl.RoleInfo (RoleInfo.java:updateAndGet(143)) - s2: start LeaderState
2019-09-24 16:46:02,856 DEBUG raftlog.RaftLog (SegmentedRaftLog.java:appendImpl(425)) - truncateIndex=-1, arrayIndex=0
2019-09-24 16:46:02,856 INFO  segmented.SegmentedRaftLogWorker (SegmentedRaftLogWorker.java:rollLogSegment(385)) - s2@group-740484176A5C-SegmentedRaftLogWorker: Rolling segment log-0_2 to index:2
2019-09-24 16:46:02,865 INFO  impl.RaftServerImpl (ServerState.java:setRaftConf(355)) - s2@group-740484176A5C: set configuration 3: [s0:0.0.0.0:44302, s1:0.0.0.0:36479, s2:0.0.0.0:44592], old=null at 3
2019-09-24 16:46:02,866 INFO  impl.RaftServerImpl (ServerState.java:setLeader(254)) - s0@group-740484176A5C: change Leader from null to s2 at term 2 for appendEntries, leader elected after 58ms
2019-09-24 16:46:02,867 TRACE util.FileUtils (LogUtils.java:runAndLog(61)) - Successfully ran Files.move /workdir/ratis-test/target/test/data/f6d08050/MiniRaftClusterWithNetty4d400fc0/s2/a56d543e-323d-49e6-80dd-740484176a5c/current/log_inprogress_0 to /workdir/ratis-test/target/test/data/f6d08050/MiniRaftClusterWithNetty4d400fc0/s2/a56d543e-323d-49e6-80dd-740484176a5c/current/log_0-2
2019-09-24 16:46:02,866 INFO  impl.RaftServerImpl (ServerState.java:setLeader(254)) - s1@group-740484176A5C: change Leader from null to s2 at term 2 for appendEntries, leader elected after 58ms
2019-09-24 16:46:02,867 INFO  segmented.SegmentedRaftLogWorker (SegmentedRaftLogWorker.java:execute(526)) - s2@group-740484176A5C-SegmentedRaftLogWorker: Rolled log segment from /workdir/ratis-test/target/test/data/f6d08050/MiniRaftClusterWithNetty4d400fc0/s2/a56d543e-323d-49e6-80dd-740484176a5c/current/log_inprogress_0 to /workdir/ratis-test/target/test/data/f6d08050/MiniRaftClusterWithNetty4d400fc0/s2/a56d543e-323d-49e6-80dd-740484176a5c/current/log_0-2
2019-09-24 16:46:02,870 DEBUG impl.RaftServerImpl (RaftServerImpl.java:logAppendEntries(850)) - s0@group-740484176A5C: receive appendEntries(s2, 2, (t:1, i:2), 1, false, commits[s2:c1, s0:c1, s1:c0], entries: (t:2, i:3), CONFIGURATIONENTRY
2019-09-24 16:46:02,870 DEBUG impl.RaftServerImpl (RaftServerImpl.java:logAppendEntries(850)) - s1@group-740484176A5C: receive appendEntries(s2, 2, (t:1, i:2), 1, false, commits[s2:c1, s0:c1, s1:c1], entries: (t:2, i:3), CONFIGURATIONENTRY
2019-09-24 16:46:02,870 INFO  impl.RaftServerImpl (ServerState.java:setRaftConf(355)) - s0@group-740484176A5C: set configuration 3: [s0:0.0.0.0:44302, s1:0.0.0.0:36479, s2:0.0.0.0:44592], old=null at 3
2019-09-24 16:46:02,870 INFO  impl.RaftServerImpl (ServerState.java:setRaftConf(355)) - s1@group-740484176A5C: set configuration 3: [s0:0.0.0.0:44302, s1:0.0.0.0:36479, s2:0.0.0.0:44592], old=null at 3
2019-09-24 16:46:02,871 DEBUG raftlog.RaftLog (SegmentedRaftLog.java:appendImpl(425)) - truncateIndex=-1, arrayIndex=0
2019-09-24 16:46:02,871 DEBUG raftlog.RaftLog (SegmentedRaftLog.java:appendImpl(425)) - truncateIndex=-1, arrayIndex=0
2019-09-24 16:46:02,871 INFO  segmented.SegmentedRaftLogWorker (SegmentedRaftLogWorker.java:rollLogSegment(385)) - s0@group-740484176A5C-SegmentedRaftLogWorker: Rolling segment log-0_2 to index:2
2019-09-24 16:46:02,871 INFO  segmented.SegmentedRaftLogWorker (SegmentedRaftLogWorker.java:rollLogSegment(385)) - s1@group-740484176A5C-SegmentedRaftLogWorker: Rolling segment log-0_2 to index:2
2019-09-24 16:46:02,874 TRACE util.FileUtils (LogUtils.java:runAndLog(61)) - Successfully ran Files.move /workdir/ratis-test/target/test/data/f6d08050/MiniRaftClusterWithNetty4d400fc0/s1/a56d543e-323d-49e6-80dd-740484176a5c/current/log_inprogress_0 to /workdir/ratis-test/target/test/data/f6d08050/MiniRaftClusterWithNetty4d400fc0/s1/a56d543e-323d-49e6-80dd-740484176a5c/current/log_0-2
2019-09-24 16:46:02,874 TRACE util.FileUtils (LogUtils.java:runAndLog(61)) - Successfully ran Files.move /workdir/ratis-test/target/test/data/f6d08050/MiniRaftClusterWithNetty4d400fc0/s0/a56d543e-323d-49e6-80dd-740484176a5c/current/log_inprogress_0 to /workdir/ratis-test/target/test/data/f6d08050/MiniRaftClusterWithNetty4d400fc0/s0/a56d543e-323d-49e6-80dd-740484176a5c/current/log_0-2
2019-09-24 16:46:02,874 INFO  segmented.SegmentedRaftLogWorker (SegmentedRaftLogWorker.java:execute(526)) - s1@group-740484176A5C-SegmentedRaftLogWorker: Rolled log segment from /workdir/ratis-test/target/test/data/f6d08050/MiniRaftClusterWithNetty4d400fc0/s1/a56d543e-323d-49e6-80dd-740484176a5c/current/log_inprogress_0 to /workdir/ratis-test/target/test/data/f6d08050/MiniRaftClusterWithNetty4d400fc0/s1/a56d543e-323d-49e6-80dd-740484176a5c/current/log_0-2
2019-09-24 16:46:02,874 INFO  segmented.SegmentedRaftLogWorker (SegmentedRaftLogWorker.java:execute(526)) - s0@group-740484176A5C-SegmentedRaftLogWorker: Rolled log segment from /workdir/ratis-test/target/test/data/f6d08050/MiniRaftClusterWithNetty4d400fc0/s0/a56d543e-323d-49e6-80dd-740484176a5c/current/log_inprogress_0 to /workdir/ratis-test/target/test/data/f6d08050/MiniRaftClusterWithNetty4d400fc0/s0/a56d543e-323d-49e6-80dd-740484176a5c/current/log_0-2
2019-09-24 16:46:03,066 INFO  ratis.RaftTestUtil (RaftTestUtil.java:waitForLeader(101)) - printing ALL groups
  s0:  RUNNING  FOLLOWER s0@group-740484176A5C:t2, leader=s2, voted=s2, raftlog=s0@group-740484176A5C-SegmentedRaftLog:OPENED:c1,f2,i3, conf=3: [s0:0.0.0.0:44302, s1:0.0.0.0:36479, s2:0.0.0.0:44592], old=null RUNNING
  s1:  RUNNING  FOLLOWER s1@group-740484176A5C:t2, leader=s2, voted=s2, raftlog=s1@group-740484176A5C-SegmentedRaftLog:OPENED:c1,f2,i3, conf=3: [s0:0.0.0.0:44302, s1:0.0.0.0:36479, s2:0.0.0.0:44592], old=null RUNNING
  s2:  RUNNING    LEADER s2@group-740484176A5C:t2, leader=s2, voted=s2, raftlog=s2@group-740484176A5C-SegmentedRaftLog:OPENED:c1,f2,i3, conf=3: [s0:0.0.0.0:44302, s1:0.0.0.0:36479, s2:0.0.0.0:44592], old=null RUNNING
2019-09-24 16:46:03,068 DEBUG impl.RaftServerImpl (RaftServerImpl.java:submitClientRequestAsync(533)) - s2@group-740484176A5C: receive client request(RaftClientRequest:client-CE36116DAB77->s2@group-740484176A5C, cid=999, seq=0, RW, Message:6d657373616765)
2019-09-24 16:46:03,070 INFO  ratis.MiniRaftCluster (MiniRaftCluster.java:runWithNewCluster(127)) - printing ALL groups
  s0:  RUNNING  FOLLOWER s0@group-740484176A5C:t2, leader=s2, voted=s2, raftlog=s0@group-740484176A5C-SegmentedRaftLog:OPENED:c1,f2,i3, conf=3: [s0:0.0.0.0:44302, s1:0.0.0.0:36479, s2:0.0.0.0:44592], old=null RUNNING
  s1:  RUNNING  FOLLOWER s1@group-740484176A5C:t2, leader=s2, voted=s2, raftlog=s1@group-740484176A5C-SegmentedRaftLog:OPENED:c1,f2,i3, conf=3: [s0:0.0.0.0:44302, s1:0.0.0.0:36479, s2:0.0.0.0:44592], old=null RUNNING
  s2:  RUNNING    LEADER s2@group-740484176A5C:t2, leader=s2, voted=s2, raftlog=s2@group-740484176A5C-SegmentedRaftLog:OPENED:c1,f2,i3, conf=3: [s0:0.0.0.0:44302, s1:0.0.0.0:36479, s2:0.0.0.0:44592], old=null RUNNING
2019-09-24 16:46:03,070 ERROR ratis.MiniRaftCluster (MiniRaftCluster.java:runWithNewCluster(128)) - Failed org.apache.ratis.MiniRaftCluster$Factory$Get.runWithNewCluster(MiniRaftCluster.java:113)
java.lang.NullPointerException
	at java.util.Objects.requireNonNull(Objects.java:203)
	at org.apache.ratis.server.impl.RaftStateMachineExceptionTests.runTestRetryOnExceptionDuringReplication(RaftStateMachineExceptionTests.java:170)
	at org.apache.ratis.MiniRaftCluster$Factory$Get.runWithNewCluster(MiniRaftCluster.java:125)
	at org.apache.ratis.MiniRaftCluster$Factory$Get.runWithNewCluster(MiniRaftCluster.java:113)
	at org.apache.ratis.server.impl.RaftStateMachineExceptionTests.testRetryOnExceptionDuringReplication(RaftStateMachineExceptionTests.java:145)
	at sun.reflect.NativeMethodAccessorImpl.invoke0(Native Method)
	at sun.reflect.NativeMethodAccessorImpl.invoke(NativeMethodAccessorImpl.java:62)
	at sun.reflect.DelegatingMethodAccessorImpl.invoke(DelegatingMethodAccessorImpl.java:43)
	at java.lang.reflect.Method.invoke(Method.java:498)
	at org.junit.runners.model.FrameworkMethod$1.runReflectiveCall(FrameworkMethod.java:50)
	at org.junit.internal.runners.model.ReflectiveCallable.run(ReflectiveCallable.java:12)
	at org.junit.runners.model.FrameworkMethod.invokeExplosively(FrameworkMethod.java:47)
	at org.junit.internal.runners.statements.InvokeMethod.evaluate(InvokeMethod.java:17)
	at org.junit.internal.runners.statements.RunAfters.evaluate(RunAfters.java:27)
	at org.junit.internal.runners.statements.FailOnTimeout$CallableStatement.call(FailOnTimeout.java:298)
	at org.junit.internal.runners.statements.FailOnTimeout$CallableStatement.call(FailOnTimeout.java:292)
	at java.util.concurrent.FutureTask.run(FutureTask.java:266)
	at java.lang.Thread.run(Thread.java:748)
2019-09-24 16:46:03,071 INFO  ratis.MiniRaftCluster (MiniRaftCluster.java:shutdown(700)) - ************************************************************** 
2019-09-24 16:46:03,071 INFO  ratis.MiniRaftCluster (MiniRaftCluster.java:shutdown(701)) - *** 
2019-09-24 16:46:03,071 INFO  ratis.MiniRaftCluster (MiniRaftCluster.java:shutdown(702)) - ***     Stopping MiniRaftClusterWithNetty
2019-09-24 16:46:03,071 INFO  ratis.MiniRaftCluster (MiniRaftCluster.java:shutdown(703)) - *** 
2019-09-24 16:46:03,071 INFO  ratis.MiniRaftCluster (MiniRaftCluster.java:shutdown(704)) - ************************************************************** 
2019-09-24 16:46:03,072 INFO  ratis.MiniRaftCluster (MiniRaftCluster.java:shutdown(705)) - printing ALL groups
  s0:  RUNNING  FOLLOWER s0@group-740484176A5C:t2, leader=s2, voted=s2, raftlog=s0@group-740484176A5C-SegmentedRaftLog:OPENED:c1,f2,i3, conf=3: [s0:0.0.0.0:44302, s1:0.0.0.0:36479, s2:0.0.0.0:44592], old=null RUNNING
  s1:  RUNNING  FOLLOWER s1@group-740484176A5C:t2, leader=s2, voted=s2, raftlog=s1@group-740484176A5C-SegmentedRaftLog:OPENED:c1,f2,i3, conf=3: [s0:0.0.0.0:44302, s1:0.0.0.0:36479, s2:0.0.0.0:44592], old=null RUNNING
  s2:  RUNNING    LEADER s2@group-740484176A5C:t2, leader=s2, voted=s2, raftlog=s2@group-740484176A5C-SegmentedRaftLog:OPENED:c1,f2,i3, conf=3: [s0:0.0.0.0:44302, s1:0.0.0.0:36479, s2:0.0.0.0:44592], old=null RUNNING
2019-09-24 16:46:03,073 INFO  impl.RaftServerProxy (RaftServerProxy.java:lambda$close$4(314)) - s0: close
2019-09-24 16:46:03,073 INFO  impl.RaftServerProxy (RaftServerProxy.java:lambda$close$4(314)) - s1: close
2019-09-24 16:46:03,074 INFO  impl.RaftServerImpl (RaftServerImpl.java:lambda$shutdown$3(247)) - s0@group-740484176A5C: shutdown
2019-09-24 16:46:03,074 INFO  impl.RaftServerProxy (RaftServerProxy.java:lambda$close$4(314)) - s2: close
2019-09-24 16:46:03,075 INFO  util.JmxRegister (JmxRegister.java:unregister(73)) - Successfully un-registered JMX Bean with object name Ratis:service=RaftServer,group=group-740484176A5C,id=s0
2019-09-24 16:46:03,075 INFO  impl.RaftServerImpl (RaftServerImpl.java:lambda$shutdown$3(247)) - s1@group-740484176A5C: shutdown
2019-09-24 16:46:03,076 INFO  impl.RoleInfo (RoleInfo.java:shutdownFollowerState(121)) - s0: shutdown FollowerState
2019-09-24 16:46:03,076 INFO  impl.RaftServerImpl (RaftServerImpl.java:lambda$shutdown$3(247)) - s2@group-740484176A5C: shutdown
2019-09-24 16:46:03,077 INFO  impl.FollowerState (FollowerState.java:run(117)) - s0@group-740484176A5C-FollowerState was interrupted: java.lang.InterruptedException: sleep interrupted
2019-09-24 16:46:03,077 INFO  impl.StateMachineUpdater (StateMachineUpdater.java:stopAndJoin(136)) - s0@group-740484176A5C-StateMachineUpdater: set stopIndex = 1
2019-09-24 16:46:03,078 INFO  impl.RaftServerImpl (ServerState.java:close(386)) - s0@group-740484176A5C: closes. applyIndex: 1
2019-09-24 16:46:03,076 INFO  util.JmxRegister (JmxRegister.java:unregister(73)) - Successfully un-registered JMX Bean with object name Ratis:service=RaftServer,group=group-740484176A5C,id=s1
2019-09-24 16:46:03,077 INFO  util.JmxRegister (JmxRegister.java:unregister(73)) - Successfully un-registered JMX Bean with object name Ratis:service=RaftServer,group=group-740484176A5C,id=s2
2019-09-24 16:46:03,079 INFO  impl.RoleInfo (RoleInfo.java:shutdownFollowerState(121)) - s1: shutdown FollowerState
2019-09-24 16:46:03,079 INFO  impl.RoleInfo (RoleInfo.java:shutdownLeaderState(104)) - s2: shutdown LeaderState
2019-09-24 16:46:03,079 INFO  impl.FollowerState (FollowerState.java:run(117)) - s1@group-740484176A5C-FollowerState was interrupted: java.lang.InterruptedException: sleep interrupted
2019-09-24 16:46:03,079 INFO  impl.StateMachineUpdater (StateMachineUpdater.java:stopAndJoin(136)) - s1@group-740484176A5C-StateMachineUpdater: set stopIndex = 1
2019-09-24 16:46:03,081 INFO  impl.LogAppender (LogAppender.java:run(78)) - s2@group-740484176A5C->s1-LogAppender-AppenderDaemon was interrupted: java.io.InterruptedIOException: s2->s1#0 sending from s1:0.0.0.0:36479 is interrupted.
2019-09-24 16:46:03,081 INFO  impl.PendingRequests (PendingRequests.java:sendNotLeaderResponses(202)) - s2@group-740484176A5C-PendingRequests: sendNotLeaderResponses
2019-09-24 16:46:03,081 INFO  impl.LogAppender (LogAppender.java:run(78)) - s2@group-740484176A5C->s0-LogAppender-AppenderDaemon was interrupted: java.io.InterruptedIOException: s2->s0#0 sending from s0:0.0.0.0:44302 is interrupted.
2019-09-24 16:46:03,083 INFO  impl.StateMachineUpdater (StateMachineUpdater.java:stopAndJoin(136)) - s2@group-740484176A5C-StateMachineUpdater: set stopIndex = 1
2019-09-24 16:46:03,084 INFO  impl.RaftServerImpl (ServerState.java:close(386)) - s2@group-740484176A5C: closes. applyIndex: 1
2019-09-24 16:46:03,081 INFO  impl.RaftServerImpl (ServerState.java:close(386)) - s1@group-740484176A5C: closes. applyIndex: 1
2019-09-24 16:46:03,142 WARN  segmented.SegmentedRaftLogOutputStream (SegmentedRaftLogOutputStream.java:<init>(77)) - Hit IOException while creating log segment /workdir/ratis-test/target/test/data/f6d08050/MiniRaftClusterWithNetty4d400fc0/s1/a56d543e-323d-49e6-80dd-740484176a5c/current/log_inprogress_3, delete the partial file.
2019-09-24 16:46:03,142 WARN  segmented.SegmentedRaftLogOutputStream (SegmentedRaftLogOutputStream.java:<init>(77)) - Hit IOException while creating log segment /workdir/ratis-test/target/test/data/f6d08050/MiniRaftClusterWithNetty4d400fc0/s0/a56d543e-323d-49e6-80dd-740484176a5c/current/log_inprogress_3, delete the partial file.
2019-09-24 16:46:03,142 TRACE util.FileUtils (FileUtils.java:deleteFully(88)) - deleteFully /workdir/ratis-test/target/test/data/f6d08050/MiniRaftClusterWithNetty4d400fc0/s1/a56d543e-323d-49e6-80dd-740484176a5c/current/log_inprogress_3
2019-09-24 16:46:03,142 WARN  segmented.SegmentedRaftLogOutputStream (SegmentedRaftLogOutputStream.java:<init>(77)) - Hit IOException while creating log segment /workdir/ratis-test/target/test/data/f6d08050/MiniRaftClusterWithNetty4d400fc0/s2/a56d543e-323d-49e6-80dd-740484176a5c/current/log_inprogress_3, delete the partial file.
2019-09-24 16:46:03,143 TRACE util.FileUtils (FileUtils.java:deleteFully(88)) - deleteFully /workdir/ratis-test/target/test/data/f6d08050/MiniRaftClusterWithNetty4d400fc0/s0/a56d543e-323d-49e6-80dd-740484176a5c/current/log_inprogress_3
2019-09-24 16:46:03,143 TRACE util.FileUtils (FileUtils.java:deleteFully(88)) - deleteFully /workdir/ratis-test/target/test/data/f6d08050/MiniRaftClusterWithNetty4d400fc0/s2/a56d543e-323d-49e6-80dd-740484176a5c/current/log_inprogress_3
2019-09-24 16:46:03,148 TRACE util.FileUtils (LogUtils.java:runAndLog(61)) - Successfully ran Files.delete /workdir/ratis-test/target/test/data/f6d08050/MiniRaftClusterWithNetty4d400fc0/s2/a56d543e-323d-49e6-80dd-740484176a5c/current/log_inprogress_3
2019-09-24 16:46:03,149 TRACE util.FileUtils (LogUtils.java:runAndLog(61)) - Successfully ran Files.delete /workdir/ratis-test/target/test/data/f6d08050/MiniRaftClusterWithNetty4d400fc0/s0/a56d543e-323d-49e6-80dd-740484176a5c/current/log_inprogress_3
2019-09-24 16:46:03,149 TRACE util.FileUtils (LogUtils.java:runAndLog(61)) - Successfully ran Files.delete /workdir/ratis-test/target/test/data/f6d08050/MiniRaftClusterWithNetty4d400fc0/s1/a56d543e-323d-49e6-80dd-740484176a5c/current/log_inprogress_3
2019-09-24 16:46:03,150 INFO  segmented.SegmentedRaftLogWorker (SegmentedRaftLogWorker.java:close(228)) - s2@group-740484176A5C-SegmentedRaftLogWorker close()
2019-09-24 16:46:03,150 INFO  segmented.SegmentedRaftLogWorker (SegmentedRaftLogWorker.java:close(228)) - s1@group-740484176A5C-SegmentedRaftLogWorker close()
2019-09-24 16:46:03,150 INFO  segmented.SegmentedRaftLogWorker (SegmentedRaftLogWorker.java:close(228)) - s0@group-740484176A5C-SegmentedRaftLogWorker close()
2019-09-24 16:46:03,152 INFO  logging.LoggingHandler (AbstractInternalLogger.java:log(150)) - [id: 0x258e5b8b, L:/0.0.0.0:44592] UNREGISTERED
2019-09-24 16:46:03,153 INFO  logging.LoggingHandler (AbstractInternalLogger.java:log(150)) - [id: 0xb639b9de, L:/0.0.0.0:36479] UNREGISTERED
2019-09-24 16:46:03,154 INFO  logging.LoggingHandler (AbstractInternalLogger.java:log(150)) - [id: 0xd8f4c7be, L:/0.0.0.0:44302] UNREGISTERED
2019-09-24 16:46:03,159 INFO  ratis.MiniRaftCluster (MiniRaftCluster.java:shutdown(722)) - MiniRaftClusterWithNetty shutdown completed
]]></system-out>
  </testcase>
</testsuite>