<?xml version="1.0" encoding="UTF-8"?>
<testsuite xmlns:xsi="http://www.w3.org/2001/XMLSchema-instance" xsi:noNamespaceSchemaLocation="https://maven.apache.org/surefire/maven-surefire-plugin/xsd/surefire-test-report.xsd" name="org.apache.hadoop.ozone.client.rpc.TestBlockOutputStreamWithFailures" time="828.267" tests="8" errors="0" skipped="0" failures="1">
  <properties>
    <property name="awt.toolkit" value="sun.awt.X11.XToolkit"/>
    <property name="file.encoding.pkg" value="sun.io"/>
    <property name="java.specification.version" value="1.8"/>
    <property name="sun.cpu.isalist" value=""/>
    <property name="sun.jnu.encoding" value="UTF-8"/>
    <property name="java.class.path" value="/workdir/hadoop-ozone/integration-test/target/test-classes:/workdir/hadoop-ozone/integration-test/target/classes:/home/user/.m2/repository/org/apache/hadoop/hadoop-ozone-common/0.5.0-SNAPSHOT/hadoop-ozone-common-0.5.0-SNAPSHOT.jar:/home/user/.m2/repository/org/apache/commons/commons-compress/1.4.1/commons-compress-1.4.1.jar:/home/user/.m2/repository/org/tukaani/xz/1.0/xz-1.0.jar:/home/user/.m2/repository/org/apache/hadoop/hadoop-common/3.2.0/hadoop-common-3.2.0.jar:/home/user/.m2/repository/org/apache/hadoop/hadoop-hdfs/3.2.0/hadoop-hdfs-3.2.0.jar:/home/user/.m2/repository/org/apache/hadoop/hadoop-hdfs-client/3.2.0/hadoop-hdfs-client-3.2.0.jar:/home/user/.m2/repository/com/fasterxml/jackson/core/jackson-annotations/2.9.5/jackson-annotations-2.9.5.jar:/home/user/.m2/repository/org/apache/hadoop/hadoop-hdds-common/0.5.0-SNAPSHOT/hadoop-hdds-common-0.5.0-SNAPSHOT.jar:/home/user/.m2/repository/javax/annotation/javax.annotation-api/1.2/javax.annotation-api-1.2.jar:/home/user/.m2/repository/org/apache/ratis/ratis-server/0.4.0-2337318-SNAPSHOT/ratis-server-0.4.0-2337318-SNAPSHOT.jar:/home/user/.m2/repository/org/apache/ratis/ratis-thirdparty-misc/0.2.0/ratis-thirdparty-misc-0.2.0.jar:/home/user/.m2/repository/org/apache/ratis/ratis-proto/0.4.0-2337318-SNAPSHOT/ratis-proto-0.4.0-2337318-SNAPSHOT.jar:/home/user/.m2/repository/org/apache/ratis/ratis-common/0.4.0-2337318-SNAPSHOT/ratis-common-0.4.0-2337318-SNAPSHOT.jar:/home/user/.m2/repository/org/apache/ratis/ratis-client/0.4.0-2337318-SNAPSHOT/ratis-client-0.4.0-2337318-SNAPSHOT.jar:/home/user/.m2/repository/org/apache/ratis/ratis-metrics/0.4.0-2337318-SNAPSHOT/ratis-metrics-0.4.0-2337318-SNAPSHOT.jar:/home/user/.m2/repository/org/apache/ratis/ratis-netty/0.4.0-2337318-SNAPSHOT/ratis-netty-0.4.0-2337318-SNAPSHOT.jar:/home/user/.m2/repository/org/apache/ratis/ratis-grpc/0.4.0-2337318-SNAPSHOT/ratis-grpc-0.4.0-2337318-SNAPSHOT.jar:/home/user/.m2/repository/org/rocksdb/rocksdbjni/6.0.1/rocksdbjni-6.0.1.jar:/home/user/.m2/repository/org/apache/logging/log4j/log4j-api/2.11.0/log4j-api-2.11.0.jar:/home/user/.m2/repository/org/apache/logging/log4j/log4j-core/2.11.0/log4j-core-2.11.0.jar:/home/user/.m2/repository/com/lmax/disruptor/3.4.2/disruptor-3.4.2.jar:/home/user/.m2/repository/org/apache/commons/commons-pool2/2.6.0/commons-pool2-2.6.0.jar:/home/user/.m2/repository/org/bouncycastle/bcpkix-jdk15on/1.60/bcpkix-jdk15on-1.60.jar:/home/user/.m2/repository/commons-validator/commons-validator/1.6/commons-validator-1.6.jar:/home/user/.m2/repository/commons-digester/commons-digester/1.8.1/commons-digester-1.8.1.jar:/home/user/.m2/repository/io/jaegertracing/jaeger-client/0.33.1/jaeger-client-0.33.1.jar:/home/user/.m2/repository/io/jaegertracing/jaeger-thrift/0.33.1/jaeger-thrift-0.33.1.jar:/home/user/.m2/repository/org/apache/thrift/libthrift/0.11.0/libthrift-0.11.0.jar:/home/user/.m2/repository/com/squareup/okhttp3/okhttp/3.9.0/okhttp-3.9.0.jar:/home/user/.m2/repository/com/squareup/okio/okio/1.13.0/okio-1.13.0.jar:/home/user/.m2/repository/io/jaegertracing/jaeger-core/0.33.1/jaeger-core-0.33.1.jar:/home/user/.m2/repository/io/jaegertracing/jaeger-tracerresolver/0.33.1/jaeger-tracerresolver-0.33.1.jar:/home/user/.m2/repository/io/opentracing/contrib/opentracing-tracerresolver/0.1.5/opentracing-tracerresolver-0.1.5.jar:/home/user/.m2/repository/io/opentracing/opentracing-util/0.31.0/opentracing-util-0.31.0.jar:/home/user/.m2/repository/io/opentracing/opentracing-api/0.31.0/opentracing-api-0.31.0.jar:/home/user/.m2/repository/io/opentracing/opentracing-noop/0.31.0/opentracing-noop-0.31.0.jar:/home/user/.m2/repository/org/apache/hadoop/hadoop-hdds-server-framework/0.5.0-SNAPSHOT/hadoop-hdds-server-framework-0.5.0-SNAPSHOT.jar:/home/user/.m2/repository/org/apache/hadoop/hadoop-hdds-container-service/0.5.0-SNAPSHOT/hadoop-hdds-container-service-0.5.0-SNAPSHOT.jar:/home/user/.m2/repository/org/apache/hadoop/hadoop-hdds-client/0.5.0-SNAPSHOT/hadoop-hdds-client-0.5.0-SNAPSHOT.jar:/home/user/.m2/repository/org/apache/hadoop/hadoop-hdds-tools/0.5.0-SNAPSHOT/hadoop-hdds-tools-0.5.0-SNAPSHOT.jar:/home/user/.m2/repository/org/apache/hadoop/hadoop-hdds-server-scm/0.5.0-SNAPSHOT/hadoop-hdds-server-scm-0.5.0-SNAPSHOT.jar:/home/user/.m2/repository/org/apache/hadoop/hadoop-hdds-docs/0.5.0-SNAPSHOT/hadoop-hdds-docs-0.5.0-SNAPSHOT.jar:/home/user/.m2/repository/io/dropwizard/metrics/metrics-core/3.2.4/metrics-core-3.2.4.jar:/home/user/.m2/repository/org/hamcrest/hamcrest-all/1.3/hamcrest-all-1.3.jar:/home/user/.m2/repository/org/bouncycastle/bcprov-jdk15on/1.60/bcprov-jdk15on-1.60.jar:/home/user/.m2/repository/info/picocli/picocli/3.9.6/picocli-3.9.6.jar:/home/user/.m2/repository/com/google/protobuf/protobuf-java/2.5.0/protobuf-java-2.5.0.jar:/home/user/.m2/repository/com/google/guava/guava/11.0.2/guava-11.0.2.jar:/home/user/.m2/repository/org/apache/hadoop/hadoop-ozone-ozone-manager/0.5.0-SNAPSHOT/hadoop-ozone-ozone-manager-0.5.0-SNAPSHOT.jar:/home/user/.m2/repository/org/apache/hadoop/hadoop-minikdc/3.2.0/hadoop-minikdc-3.2.0.jar:/home/user/.m2/repository/commons-io/commons-io/2.5/commons-io-2.5.jar:/home/user/.m2/repository/org/apache/kerby/kerb-simplekdc/1.0.1/kerb-simplekdc-1.0.1.jar:/home/user/.m2/repository/org/apache/kerby/kerb-client/1.0.1/kerb-client-1.0.1.jar:/home/user/.m2/repository/org/apache/kerby/kerby-config/1.0.1/kerby-config-1.0.1.jar:/home/user/.m2/repository/org/apache/kerby/kerb-core/1.0.1/kerb-core-1.0.1.jar:/home/user/.m2/repository/org/apache/kerby/kerby-pkix/1.0.1/kerby-pkix-1.0.1.jar:/home/user/.m2/repository/org/apache/kerby/kerby-asn1/1.0.1/kerby-asn1-1.0.1.jar:/home/user/.m2/repository/org/apache/kerby/kerby-util/1.0.1/kerby-util-1.0.1.jar:/home/user/.m2/repository/org/apache/kerby/kerb-common/1.0.1/kerb-common-1.0.1.jar:/home/user/.m2/repository/org/apache/kerby/kerb-crypto/1.0.1/kerb-crypto-1.0.1.jar:/home/user/.m2/repository/org/apache/kerby/kerb-util/1.0.1/kerb-util-1.0.1.jar:/home/user/.m2/repository/org/apache/kerby/token-provider/1.0.1/token-provider-1.0.1.jar:/home/user/.m2/repository/org/apache/kerby/kerb-admin/1.0.1/kerb-admin-1.0.1.jar:/home/user/.m2/repository/org/apache/kerby/kerb-server/1.0.1/kerb-server-1.0.1.jar:/home/user/.m2/repository/org/apache/kerby/kerb-identity/1.0.1/kerb-identity-1.0.1.jar:/home/user/.m2/repository/org/apache/kerby/kerby-xdr/1.0.1/kerby-xdr-1.0.1.jar:/home/user/.m2/repository/org/slf4j/slf4j-log4j12/1.7.25/slf4j-log4j12-1.7.25.jar:/home/user/.m2/repository/org/apache/hadoop/hadoop-ozone-objectstore-service/0.5.0-SNAPSHOT/hadoop-ozone-objectstore-service-0.5.0-SNAPSHOT.jar:/home/user/.m2/repository/org/apache/hadoop/hadoop-ozone-s3gateway/0.5.0-SNAPSHOT/hadoop-ozone-s3gateway-0.5.0-SNAPSHOT.jar:/home/user/.m2/repository/org/jboss/weld/servlet/weld-servlet/2.4.7.Final/weld-servlet-2.4.7.Final.jar:/home/user/.m2/repository/org/glassfish/jersey/containers/jersey-container-servlet-core/2.27/jersey-container-servlet-core-2.27.jar:/home/user/.m2/repository/org/glassfish/hk2/external/javax.inject/2.5.0-b42/javax.inject-2.5.0-b42.jar:/home/user/.m2/repository/org/glassfish/jersey/core/jersey-common/2.27/jersey-common-2.27.jar:/home/user/.m2/repository/org/glassfish/hk2/osgi-resource-locator/1.0.1/osgi-resource-locator-1.0.1.jar:/home/user/.m2/repository/javax/ws/rs/javax.ws.rs-api/2.1/javax.ws.rs-api-2.1.jar:/home/user/.m2/repository/org/glassfish/jersey/ext/cdi/jersey-cdi1x/2.27/jersey-cdi1x-2.27.jar:/home/user/.m2/repository/org/glassfish/jersey/inject/jersey-hk2/2.27/jersey-hk2-2.27.jar:/home/user/.m2/repository/org/glassfish/hk2/hk2-locator/2.5.0-b42/hk2-locator-2.5.0-b42.jar:/home/user/.m2/repository/org/javassist/javassist/3.22.0-CR2/javassist-3.22.0-CR2.jar:/home/user/.m2/repository/org/glassfish/hk2/hk2-api/2.5.0/hk2-api-2.5.0.jar:/home/user/.m2/repository/org/glassfish/hk2/external/jakarta.inject/2.5.0/jakarta.inject-2.5.0.jar:/home/user/.m2/repository/org/glassfish/hk2/hk2-utils/2.5.0/hk2-utils-2.5.0.jar:/home/user/.m2/repository/jakarta/annotation/jakarta.annotation-api/1.3.4/jakarta.annotation-api-1.3.4.jar:/home/user/.m2/repository/org/glassfish/hk2/external/aopalliance-repackaged/2.5.0/aopalliance-repackaged-2.5.0.jar:/home/user/.m2/repository/com/fasterxml/jackson/dataformat/jackson-dataformat-xml/2.9.0/jackson-dataformat-xml-2.9.0.jar:/home/user/.m2/repository/com/fasterxml/jackson/core/jackson-core/2.9.5/jackson-core-2.9.5.jar:/home/user/.m2/repository/com/fasterxml/jackson/module/jackson-module-jaxb-annotations/2.9.5/jackson-module-jaxb-annotations-2.9.5.jar:/home/user/.m2/repository/javax/enterprise/cdi-api/1.2/cdi-api-1.2.jar:/home/user/.m2/repository/javax/el/javax.el-api/3.0.0/javax.el-api-3.0.0.jar:/home/user/.m2/repository/javax/interceptor/javax.interceptor-api/1.2/javax.interceptor-api-1.2.jar:/home/user/.m2/repository/javax/inject/javax.inject/1/javax.inject-1.jar:/home/user/.m2/repository/com/sun/xml/bind/jaxb-impl/2.3.0.1/jaxb-impl-2.3.0.1.jar:/home/user/.m2/repository/com/sun/xml/bind/jaxb-core/2.3.0.1/jaxb-core-2.3.0.1.jar:/home/user/.m2/repository/javax/xml/bind/jaxb-api/2.3.0/jaxb-api-2.3.0.jar:/home/user/.m2/repository/javax/activation/activation/1.1.1/activation-1.1.1.jar:/home/user/.m2/repository/org/apache/hadoop/hadoop-ozone-csi/0.5.0-SNAPSHOT/hadoop-ozone-csi-0.5.0-SNAPSHOT.jar:/home/user/.m2/repository/com/google/protobuf/protobuf-java-util/3.5.1/protobuf-java-util-3.5.1.jar:/home/user/.m2/repository/org/apache/hadoop/hadoop-hdds-config/0.5.0-SNAPSHOT/hadoop-hdds-config-0.5.0-SNAPSHOT.jar:/home/user/.m2/repository/io/grpc/grpc-netty/1.17.1/grpc-netty-1.17.1.jar:/home/user/.m2/repository/io/grpc/grpc-core/1.17.1/grpc-core-1.17.1.jar:/home/user/.m2/repository/io/grpc/grpc-context/1.17.1/grpc-context-1.17.1.jar:/home/user/.m2/repository/com/google/errorprone/error_prone_annotations/2.2.0/error_prone_annotations-2.2.0.jar:/home/user/.m2/repository/org/codehaus/mojo/animal-sniffer-annotations/1.17/animal-sniffer-annotations-1.17.jar:/home/user/.m2/repository/io/opencensus/opencensus-api/0.17.0/opencensus-api-0.17.0.jar:/home/user/.m2/repository/io/opencensus/opencensus-contrib-grpc-metrics/0.17.0/opencensus-contrib-grpc-metrics-0.17.0.jar:/home/user/.m2/repository/io/netty/netty-codec-http2/4.1.30.Final/netty-codec-http2-4.1.30.Final.jar:/home/user/.m2/repository/io/netty/netty-codec-http/4.1.30.Final/netty-codec-http-4.1.30.Final.jar:/home/user/.m2/repository/io/netty/netty-codec/4.1.30.Final/netty-codec-4.1.30.Final.jar:/home/user/.m2/repository/io/netty/netty-handler/4.1.30.Final/netty-handler-4.1.30.Final.jar:/home/user/.m2/repository/io/netty/netty-handler-proxy/4.1.30.Final/netty-handler-proxy-4.1.30.Final.jar:/home/user/.m2/repository/io/netty/netty-codec-socks/4.1.30.Final/netty-codec-socks-4.1.30.Final.jar:/home/user/.m2/repository/io/netty/netty-transport-native-epoll/4.1.30.Final/netty-transport-native-epoll-4.1.30.Final.jar:/home/user/.m2/repository/io/netty/netty-common/4.1.30.Final/netty-common-4.1.30.Final.jar:/home/user/.m2/repository/io/netty/netty-buffer/4.1.30.Final/netty-buffer-4.1.30.Final.jar:/home/user/.m2/repository/io/netty/netty-transport/4.1.30.Final/netty-transport-4.1.30.Final.jar:/home/user/.m2/repository/io/netty/netty-resolver/4.1.30.Final/netty-resolver-4.1.30.Final.jar:/home/user/.m2/repository/io/netty/netty-transport-native-unix-common/4.1.30.Final/netty-transport-native-unix-common-4.1.30.Final.jar:/home/user/.m2/repository/io/grpc/grpc-protobuf/1.17.1/grpc-protobuf-1.17.1.jar:/home/user/.m2/repository/com/google/api/grpc/proto-google-common-protos/1.0.0/proto-google-common-protos-1.0.0.jar:/home/user/.m2/repository/io/grpc/grpc-protobuf-lite/1.17.1/grpc-protobuf-lite-1.17.1.jar:/home/user/.m2/repository/io/grpc/grpc-stub/1.17.1/grpc-stub-1.17.1.jar:/home/user/.m2/repository/org/apache/hadoop/hadoop-ozone-recon/0.5.0-SNAPSHOT/hadoop-ozone-recon-0.5.0-SNAPSHOT.jar:/home/user/.m2/repository/org/apache/hadoop/hadoop-ozone-reconcodegen/0.5.0-SNAPSHOT/hadoop-ozone-reconcodegen-0.5.0-SNAPSHOT.jar:/home/user/.m2/repository/com/google/inject/extensions/guice-multibindings/4.0/guice-multibindings-4.0.jar:/home/user/.m2/repository/com/google/inject/guice/4.0/guice-4.0.jar:/home/user/.m2/repository/aopalliance/aopalliance/1.0/aopalliance-1.0.jar:/home/user/.m2/repository/com/google/inject/extensions/guice-servlet/4.0/guice-servlet-4.0.jar:/home/user/.m2/repository/org/glassfish/jersey/containers/jersey-container-servlet/2.27/jersey-container-servlet-2.27.jar:/home/user/.m2/repository/org/glassfish/hk2/guice-bridge/2.5.0/guice-bridge-2.5.0.jar:/home/user/.m2/repository/org/glassfish/jersey/core/jersey-server/2.27/jersey-server-2.27.jar:/home/user/.m2/repository/org/glassfish/jersey/core/jersey-client/2.27/jersey-client-2.27.jar:/home/user/.m2/repository/org/glassfish/jersey/media/jersey-media-jaxb/2.27/jersey-media-jaxb-2.27.jar:/home/user/.m2/repository/javax/validation/validation-api/1.1.0.Final/validation-api-1.1.0.Final.jar:/home/user/.m2/repository/org/glassfish/jersey/media/jersey-media-json-jackson/2.27/jersey-media-json-jackson-2.27.jar:/home/user/.m2/repository/org/glassfish/jersey/ext/jersey-entity-filtering/2.27/jersey-entity-filtering-2.27.jar:/home/user/.m2/repository/com/google/inject/extensions/guice-assistedinject/4.0/guice-assistedinject-4.0.jar:/home/user/.m2/repository/org/jooq/jooq/3.11.10/jooq-3.11.10.jar:/home/user/.m2/repository/org/jooq/jooq-meta/3.11.10/jooq-meta-3.11.10.jar:/home/user/.m2/repository/org/jooq/jooq-codegen/3.11.10/jooq-codegen-3.11.10.jar:/home/user/.m2/repository/com/jolbox/bonecp/0.8.0.RELEASE/bonecp-0.8.0.RELEASE.jar:/home/user/.m2/repository/org/xerial/sqlite-jdbc/3.25.2/sqlite-jdbc-3.25.2.jar:/home/user/.m2/repository/org/springframework/spring-jdbc/5.1.3.RELEASE/spring-jdbc-5.1.3.RELEASE.jar:/home/user/.m2/repository/org/springframework/spring-beans/5.1.3.RELEASE/spring-beans-5.1.3.RELEASE.jar:/home/user/.m2/repository/org/springframework/spring-core/5.1.3.RELEASE/spring-core-5.1.3.RELEASE.jar:/home/user/.m2/repository/org/springframework/spring-jcl/5.1.3.RELEASE/spring-jcl-5.1.3.RELEASE.jar:/home/user/.m2/repository/org/springframework/spring-tx/5.1.3.RELEASE/spring-tx-5.1.3.RELEASE.jar:/home/user/.m2/repository/org/apache/hadoop/hadoop-ozone-client/0.5.0-SNAPSHOT/hadoop-ozone-client-0.5.0-SNAPSHOT.jar:/home/user/.m2/repository/commons-lang/commons-lang/2.6/commons-lang-2.6.jar:/home/user/.m2/repository/org/apache/hadoop/hadoop-ozone-ozone-manager/0.5.0-SNAPSHOT/hadoop-ozone-ozone-manager-0.5.0-SNAPSHOT-tests.jar:/home/user/.m2/repository/junit/junit/4.11/junit-4.11.jar:/home/user/.m2/repository/org/hamcrest/hamcrest-core/1.3/hamcrest-core-1.3.jar:/home/user/.m2/repository/org/openjdk/jmh/jmh-core/1.19/jmh-core-1.19.jar:/home/user/.m2/repository/net/sf/jopt-simple/jopt-simple/4.6/jopt-simple-4.6.jar:/home/user/.m2/repository/org/apache/commons/commons-math3/3.1.1/commons-math3-3.1.1.jar:/home/user/.m2/repository/org/openjdk/jmh/jmh-generator-annprocess/1.19/jmh-generator-annprocess-1.19.jar:/home/user/.m2/repository/org/mockito/mockito-all/1.8.5/mockito-all-1.8.5.jar:/home/user/.m2/repository/org/apache/hadoop/hadoop-kms/3.2.0/hadoop-kms-3.2.0.jar:/home/user/.m2/repository/org/apache/hadoop/hadoop-auth/3.2.0/hadoop-auth-3.2.0.jar:/home/user/.m2/repository/com/nimbusds/nimbus-jose-jwt/4.41.1/nimbus-jose-jwt-4.41.1.jar:/home/user/.m2/repository/com/github/stephenc/jcip/jcip-annotations/1.0-1/jcip-annotations-1.0-1.jar:/home/user/.m2/repository/net/minidev/json-smart/2.3/json-smart-2.3.jar:/home/user/.m2/repository/net/minidev/accessors-smart/1.2/accessors-smart-1.2.jar:/home/user/.m2/repository/org/ow2/asm/asm/5.0.4/asm-5.0.4.jar:/home/user/.m2/repository/org/apache/curator/curator-framework/2.12.0/curator-framework-2.12.0.jar:/home/user/.m2/repository/com/sun/jersey/jersey-core/1.19/jersey-core-1.19.jar:/home/user/.m2/repository/javax/ws/rs/jsr311-api/1.1.1/jsr311-api-1.1.1.jar:/home/user/.m2/repository/com/sun/jersey/jersey-server/1.19/jersey-server-1.19.jar:/home/user/.m2/repository/javax/servlet/javax.servlet-api/3.1.0/javax.servlet-api-3.1.0.jar:/home/user/.m2/repository/org/eclipse/jetty/jetty-server/9.3.24.v20180605/jetty-server-9.3.24.v20180605.jar:/home/user/.m2/repository/org/eclipse/jetty/jetty-http/9.3.24.v20180605/jetty-http-9.3.24.v20180605.jar:/home/user/.m2/repository/org/eclipse/jetty/jetty-io/9.3.24.v20180605/jetty-io-9.3.24.v20180605.jar:/home/user/.m2/repository/org/eclipse/jetty/jetty-webapp/9.3.24.v20180605/jetty-webapp-9.3.24.v20180605.jar:/home/user/.m2/repository/org/eclipse/jetty/jetty-xml/9.3.24.v20180605/jetty-xml-9.3.24.v20180605.jar:/home/user/.m2/repository/log4j/log4j/1.2.17/log4j-1.2.17.jar:/home/user/.m2/repository/org/slf4j/slf4j-api/1.7.25/slf4j-api-1.7.25.jar:/home/user/.m2/repository/org/slf4j/jul-to-slf4j/1.7.25/jul-to-slf4j-1.7.25.jar:/home/user/.m2/repository/org/eclipse/jetty/jetty-util/9.3.24.v20180605/jetty-util-9.3.24.v20180605.jar:/home/user/.m2/repository/com/fasterxml/jackson/core/jackson-databind/2.9.5/jackson-databind-2.9.5.jar:/home/user/.m2/repository/org/apache/hadoop/hadoop-kms/3.2.0/hadoop-kms-3.2.0-tests.jar:/home/user/.m2/repository/org/apache/hadoop/hadoop-hdds-server-scm/0.5.0-SNAPSHOT/hadoop-hdds-server-scm-0.5.0-SNAPSHOT-tests.jar:/home/user/.m2/repository/org/apache/hadoop/hadoop-hdds-container-service/0.5.0-SNAPSHOT/hadoop-hdds-container-service-0.5.0-SNAPSHOT-tests.jar:/home/user/.m2/repository/org/yaml/snakeyaml/1.16/snakeyaml-1.16.jar:/home/user/.m2/repository/org/apache/hadoop/hadoop-common/3.2.0/hadoop-common-3.2.0-tests.jar:/home/user/.m2/repository/org/apache/hadoop/hadoop-annotations/3.2.0/hadoop-annotations-3.2.0.jar:/usr/lib/jvm/java-1.8-openjdk/jre/../lib/tools.jar:/home/user/.m2/repository/commons-cli/commons-cli/1.2/commons-cli-1.2.jar:/home/user/.m2/repository/org/apache/httpcomponents/httpclient/4.5.2/httpclient-4.5.2.jar:/home/user/.m2/repository/org/apache/httpcomponents/httpcore/4.4.4/httpcore-4.4.4.jar:/home/user/.m2/repository/commons-codec/commons-codec/1.11/commons-codec-1.11.jar:/home/user/.m2/repository/commons-net/commons-net/3.6/commons-net-3.6.jar:/home/user/.m2/repository/commons-collections/commons-collections/3.2.2/commons-collections-3.2.2.jar:/home/user/.m2/repository/org/eclipse/jetty/jetty-servlet/9.3.24.v20180605/jetty-servlet-9.3.24.v20180605.jar:/home/user/.m2/repository/org/eclipse/jetty/jetty-security/9.3.24.v20180605/jetty-security-9.3.24.v20180605.jar:/home/user/.m2/repository/javax/servlet/jsp/jsp-api/2.1/jsp-api-2.1.jar:/home/user/.m2/repository/com/sun/jersey/jersey-servlet/1.19/jersey-servlet-1.19.jar:/home/user/.m2/repository/com/sun/jersey/jersey-json/1.19/jersey-json-1.19.jar:/home/user/.m2/repository/org/codehaus/jettison/jettison/1.1/jettison-1.1.jar:/home/user/.m2/repository/org/codehaus/jackson/jackson-core-asl/1.9.13/jackson-core-asl-1.9.13.jar:/home/user/.m2/repository/org/codehaus/jackson/jackson-mapper-asl/1.9.13/jackson-mapper-asl-1.9.13.jar:/home/user/.m2/repository/org/codehaus/jackson/jackson-jaxrs/1.9.13/jackson-jaxrs-1.9.13.jar:/home/user/.m2/repository/org/codehaus/jackson/jackson-xc/1.9.13/jackson-xc-1.9.13.jar:/home/user/.m2/repository/commons-logging/commons-logging/1.1.3/commons-logging-1.1.3.jar:/home/user/.m2/repository/commons-beanutils/commons-beanutils/1.9.3/commons-beanutils-1.9.3.jar:/home/user/.m2/repository/org/apache/commons/commons-configuration2/2.1.1/commons-configuration2-2.1.1.jar:/home/user/.m2/repository/org/apache/commons/commons-lang3/3.7/commons-lang3-3.7.jar:/home/user/.m2/repository/org/apache/commons/commons-text/1.4/commons-text-1.4.jar:/home/user/.m2/repository/org/apache/avro/avro/1.7.7/avro-1.7.7.jar:/home/user/.m2/repository/com/thoughtworks/paranamer/paranamer/2.3/paranamer-2.3.jar:/home/user/.m2/repository/org/xerial/snappy/snappy-java/1.0.5/snappy-java-1.0.5.jar:/home/user/.m2/repository/com/google/re2j/re2j/1.1/re2j-1.1.jar:/home/user/.m2/repository/com/google/code/gson/gson/2.2.4/gson-2.2.4.jar:/home/user/.m2/repository/com/jcraft/jsch/0.1.54/jsch-0.1.54.jar:/home/user/.m2/repository/org/apache/curator/curator-client/2.12.0/curator-client-2.12.0.jar:/home/user/.m2/repository/org/apache/curator/curator-recipes/2.12.0/curator-recipes-2.12.0.jar:/home/user/.m2/repository/com/google/code/findbugs/jsr305/3.0.0/jsr305-3.0.0.jar:/home/user/.m2/repository/org/apache/htrace/htrace-core4/4.1.0-incubating/htrace-core4-4.1.0-incubating.jar:/home/user/.m2/repository/org/apache/zookeeper/zookeeper/3.4.13/zookeeper-3.4.13.jar:/home/user/.m2/repository/org/apache/yetus/audience-annotations/0.5.0/audience-annotations-0.5.0.jar:/home/user/.m2/repository/org/codehaus/woodstox/stax2-api/3.1.4/stax2-api-3.1.4.jar:/home/user/.m2/repository/com/fasterxml/woodstox/woodstox-core/5.0.3/woodstox-core-5.0.3.jar:/home/user/.m2/repository/dnsjava/dnsjava/2.1.7/dnsjava-2.1.7.jar:/home/user/.m2/repository/org/apache/hadoop/hadoop-hdfs/3.2.0/hadoop-hdfs-3.2.0-tests.jar:/home/user/.m2/repository/org/eclipse/jetty/jetty-util-ajax/9.3.24.v20180605/jetty-util-ajax-9.3.24.v20180605.jar:/home/user/.m2/repository/commons-daemon/commons-daemon/1.0.13/commons-daemon-1.0.13.jar:/home/user/.m2/repository/io/netty/netty/3.10.5.Final/netty-3.10.5.Final.jar:/home/user/.m2/repository/io/netty/netty-all/4.0.52.Final/netty-all-4.0.52.Final.jar:/home/user/.m2/repository/org/fusesource/leveldbjni/leveldbjni-all/1.8/leveldbjni-all-1.8.jar:"/>
    <property name="java.vm.vendor" value="IcedTea"/>
    <property name="sun.arch.data.model" value="64"/>
    <property name="test.build.dir" value="/workdir/hadoop-ozone/integration-test/target/test-dir"/>
    <property name="test.cache.data" value=""/>
    <property name="java.vendor.url" value="https://icedtea.classpath.org"/>
    <property name="user.timezone" value=""/>
    <property name="java.vm.specification.version" value="1.8"/>
    <property name="os.name" value="Linux"/>
    <property name="test.build.data" value="/workdir/hadoop-ozone/integration-test/target/test-dir"/>
    <property name="user.country" value="US"/>
    <property name="sun.java.launcher" value="SUN_STANDARD"/>
    <property name="sun.boot.library.path" value="/usr/lib/jvm/java-1.8-openjdk/jre/lib/amd64"/>
    <property name="sun.java.command" value="/workdir/hadoop-ozone/integration-test/target/surefire/surefirebooter1352674407171987704.jar /workdir/hadoop-ozone/integration-test/target/surefire 2019-08-21T18-29-59_597-jvmRun1 surefire8570835660111618798tmp surefire_168623649748479308044tmp"/>
    <property name="test" value="!TestMiniChaosOzoneCluster"/>
    <property name="surefire.test.class.path" value="/workdir/hadoop-ozone/integration-test/target/test-classes:/workdir/hadoop-ozone/integration-test/target/classes:/home/user/.m2/repository/org/apache/hadoop/hadoop-ozone-common/0.5.0-SNAPSHOT/hadoop-ozone-common-0.5.0-SNAPSHOT.jar:/home/user/.m2/repository/org/apache/commons/commons-compress/1.4.1/commons-compress-1.4.1.jar:/home/user/.m2/repository/org/tukaani/xz/1.0/xz-1.0.jar:/home/user/.m2/repository/org/apache/hadoop/hadoop-common/3.2.0/hadoop-common-3.2.0.jar:/home/user/.m2/repository/org/apache/hadoop/hadoop-hdfs/3.2.0/hadoop-hdfs-3.2.0.jar:/home/user/.m2/repository/org/apache/hadoop/hadoop-hdfs-client/3.2.0/hadoop-hdfs-client-3.2.0.jar:/home/user/.m2/repository/com/fasterxml/jackson/core/jackson-annotations/2.9.5/jackson-annotations-2.9.5.jar:/home/user/.m2/repository/org/apache/hadoop/hadoop-hdds-common/0.5.0-SNAPSHOT/hadoop-hdds-common-0.5.0-SNAPSHOT.jar:/home/user/.m2/repository/javax/annotation/javax.annotation-api/1.2/javax.annotation-api-1.2.jar:/home/user/.m2/repository/org/apache/ratis/ratis-server/0.4.0-2337318-SNAPSHOT/ratis-server-0.4.0-2337318-SNAPSHOT.jar:/home/user/.m2/repository/org/apache/ratis/ratis-thirdparty-misc/0.2.0/ratis-thirdparty-misc-0.2.0.jar:/home/user/.m2/repository/org/apache/ratis/ratis-proto/0.4.0-2337318-SNAPSHOT/ratis-proto-0.4.0-2337318-SNAPSHOT.jar:/home/user/.m2/repository/org/apache/ratis/ratis-common/0.4.0-2337318-SNAPSHOT/ratis-common-0.4.0-2337318-SNAPSHOT.jar:/home/user/.m2/repository/org/apache/ratis/ratis-client/0.4.0-2337318-SNAPSHOT/ratis-client-0.4.0-2337318-SNAPSHOT.jar:/home/user/.m2/repository/org/apache/ratis/ratis-metrics/0.4.0-2337318-SNAPSHOT/ratis-metrics-0.4.0-2337318-SNAPSHOT.jar:/home/user/.m2/repository/org/apache/ratis/ratis-netty/0.4.0-2337318-SNAPSHOT/ratis-netty-0.4.0-2337318-SNAPSHOT.jar:/home/user/.m2/repository/org/apache/ratis/ratis-grpc/0.4.0-2337318-SNAPSHOT/ratis-grpc-0.4.0-2337318-SNAPSHOT.jar:/home/user/.m2/repository/org/rocksdb/rocksdbjni/6.0.1/rocksdbjni-6.0.1.jar:/home/user/.m2/repository/org/apache/logging/log4j/log4j-api/2.11.0/log4j-api-2.11.0.jar:/home/user/.m2/repository/org/apache/logging/log4j/log4j-core/2.11.0/log4j-core-2.11.0.jar:/home/user/.m2/repository/com/lmax/disruptor/3.4.2/disruptor-3.4.2.jar:/home/user/.m2/repository/org/apache/commons/commons-pool2/2.6.0/commons-pool2-2.6.0.jar:/home/user/.m2/repository/org/bouncycastle/bcpkix-jdk15on/1.60/bcpkix-jdk15on-1.60.jar:/home/user/.m2/repository/commons-validator/commons-validator/1.6/commons-validator-1.6.jar:/home/user/.m2/repository/commons-digester/commons-digester/1.8.1/commons-digester-1.8.1.jar:/home/user/.m2/repository/io/jaegertracing/jaeger-client/0.33.1/jaeger-client-0.33.1.jar:/home/user/.m2/repository/io/jaegertracing/jaeger-thrift/0.33.1/jaeger-thrift-0.33.1.jar:/home/user/.m2/repository/org/apache/thrift/libthrift/0.11.0/libthrift-0.11.0.jar:/home/user/.m2/repository/com/squareup/okhttp3/okhttp/3.9.0/okhttp-3.9.0.jar:/home/user/.m2/repository/com/squareup/okio/okio/1.13.0/okio-1.13.0.jar:/home/user/.m2/repository/io/jaegertracing/jaeger-core/0.33.1/jaeger-core-0.33.1.jar:/home/user/.m2/repository/io/jaegertracing/jaeger-tracerresolver/0.33.1/jaeger-tracerresolver-0.33.1.jar:/home/user/.m2/repository/io/opentracing/contrib/opentracing-tracerresolver/0.1.5/opentracing-tracerresolver-0.1.5.jar:/home/user/.m2/repository/io/opentracing/opentracing-util/0.31.0/opentracing-util-0.31.0.jar:/home/user/.m2/repository/io/opentracing/opentracing-api/0.31.0/opentracing-api-0.31.0.jar:/home/user/.m2/repository/io/opentracing/opentracing-noop/0.31.0/opentracing-noop-0.31.0.jar:/home/user/.m2/repository/org/apache/hadoop/hadoop-hdds-server-framework/0.5.0-SNAPSHOT/hadoop-hdds-server-framework-0.5.0-SNAPSHOT.jar:/home/user/.m2/repository/org/apache/hadoop/hadoop-hdds-container-service/0.5.0-SNAPSHOT/hadoop-hdds-container-service-0.5.0-SNAPSHOT.jar:/home/user/.m2/repository/org/apache/hadoop/hadoop-hdds-client/0.5.0-SNAPSHOT/hadoop-hdds-client-0.5.0-SNAPSHOT.jar:/home/user/.m2/repository/org/apache/hadoop/hadoop-hdds-tools/0.5.0-SNAPSHOT/hadoop-hdds-tools-0.5.0-SNAPSHOT.jar:/home/user/.m2/repository/org/apache/hadoop/hadoop-hdds-server-scm/0.5.0-SNAPSHOT/hadoop-hdds-server-scm-0.5.0-SNAPSHOT.jar:/home/user/.m2/repository/org/apache/hadoop/hadoop-hdds-docs/0.5.0-SNAPSHOT/hadoop-hdds-docs-0.5.0-SNAPSHOT.jar:/home/user/.m2/repository/io/dropwizard/metrics/metrics-core/3.2.4/metrics-core-3.2.4.jar:/home/user/.m2/repository/org/hamcrest/hamcrest-all/1.3/hamcrest-all-1.3.jar:/home/user/.m2/repository/org/bouncycastle/bcprov-jdk15on/1.60/bcprov-jdk15on-1.60.jar:/home/user/.m2/repository/info/picocli/picocli/3.9.6/picocli-3.9.6.jar:/home/user/.m2/repository/com/google/protobuf/protobuf-java/2.5.0/protobuf-java-2.5.0.jar:/home/user/.m2/repository/com/google/guava/guava/11.0.2/guava-11.0.2.jar:/home/user/.m2/repository/org/apache/hadoop/hadoop-ozone-ozone-manager/0.5.0-SNAPSHOT/hadoop-ozone-ozone-manager-0.5.0-SNAPSHOT.jar:/home/user/.m2/repository/org/apache/hadoop/hadoop-minikdc/3.2.0/hadoop-minikdc-3.2.0.jar:/home/user/.m2/repository/commons-io/commons-io/2.5/commons-io-2.5.jar:/home/user/.m2/repository/org/apache/kerby/kerb-simplekdc/1.0.1/kerb-simplekdc-1.0.1.jar:/home/user/.m2/repository/org/apache/kerby/kerb-client/1.0.1/kerb-client-1.0.1.jar:/home/user/.m2/repository/org/apache/kerby/kerby-config/1.0.1/kerby-config-1.0.1.jar:/home/user/.m2/repository/org/apache/kerby/kerb-core/1.0.1/kerb-core-1.0.1.jar:/home/user/.m2/repository/org/apache/kerby/kerby-pkix/1.0.1/kerby-pkix-1.0.1.jar:/home/user/.m2/repository/org/apache/kerby/kerby-asn1/1.0.1/kerby-asn1-1.0.1.jar:/home/user/.m2/repository/org/apache/kerby/kerby-util/1.0.1/kerby-util-1.0.1.jar:/home/user/.m2/repository/org/apache/kerby/kerb-common/1.0.1/kerb-common-1.0.1.jar:/home/user/.m2/repository/org/apache/kerby/kerb-crypto/1.0.1/kerb-crypto-1.0.1.jar:/home/user/.m2/repository/org/apache/kerby/kerb-util/1.0.1/kerb-util-1.0.1.jar:/home/user/.m2/repository/org/apache/kerby/token-provider/1.0.1/token-provider-1.0.1.jar:/home/user/.m2/repository/org/apache/kerby/kerb-admin/1.0.1/kerb-admin-1.0.1.jar:/home/user/.m2/repository/org/apache/kerby/kerb-server/1.0.1/kerb-server-1.0.1.jar:/home/user/.m2/repository/org/apache/kerby/kerb-identity/1.0.1/kerb-identity-1.0.1.jar:/home/user/.m2/repository/org/apache/kerby/kerby-xdr/1.0.1/kerby-xdr-1.0.1.jar:/home/user/.m2/repository/org/slf4j/slf4j-log4j12/1.7.25/slf4j-log4j12-1.7.25.jar:/home/user/.m2/repository/org/apache/hadoop/hadoop-ozone-objectstore-service/0.5.0-SNAPSHOT/hadoop-ozone-objectstore-service-0.5.0-SNAPSHOT.jar:/home/user/.m2/repository/org/apache/hadoop/hadoop-ozone-s3gateway/0.5.0-SNAPSHOT/hadoop-ozone-s3gateway-0.5.0-SNAPSHOT.jar:/home/user/.m2/repository/org/jboss/weld/servlet/weld-servlet/2.4.7.Final/weld-servlet-2.4.7.Final.jar:/home/user/.m2/repository/org/glassfish/jersey/containers/jersey-container-servlet-core/2.27/jersey-container-servlet-core-2.27.jar:/home/user/.m2/repository/org/glassfish/hk2/external/javax.inject/2.5.0-b42/javax.inject-2.5.0-b42.jar:/home/user/.m2/repository/org/glassfish/jersey/core/jersey-common/2.27/jersey-common-2.27.jar:/home/user/.m2/repository/org/glassfish/hk2/osgi-resource-locator/1.0.1/osgi-resource-locator-1.0.1.jar:/home/user/.m2/repository/javax/ws/rs/javax.ws.rs-api/2.1/javax.ws.rs-api-2.1.jar:/home/user/.m2/repository/org/glassfish/jersey/ext/cdi/jersey-cdi1x/2.27/jersey-cdi1x-2.27.jar:/home/user/.m2/repository/org/glassfish/jersey/inject/jersey-hk2/2.27/jersey-hk2-2.27.jar:/home/user/.m2/repository/org/glassfish/hk2/hk2-locator/2.5.0-b42/hk2-locator-2.5.0-b42.jar:/home/user/.m2/repository/org/javassist/javassist/3.22.0-CR2/javassist-3.22.0-CR2.jar:/home/user/.m2/repository/org/glassfish/hk2/hk2-api/2.5.0/hk2-api-2.5.0.jar:/home/user/.m2/repository/org/glassfish/hk2/external/jakarta.inject/2.5.0/jakarta.inject-2.5.0.jar:/home/user/.m2/repository/org/glassfish/hk2/hk2-utils/2.5.0/hk2-utils-2.5.0.jar:/home/user/.m2/repository/jakarta/annotation/jakarta.annotation-api/1.3.4/jakarta.annotation-api-1.3.4.jar:/home/user/.m2/repository/org/glassfish/hk2/external/aopalliance-repackaged/2.5.0/aopalliance-repackaged-2.5.0.jar:/home/user/.m2/repository/com/fasterxml/jackson/dataformat/jackson-dataformat-xml/2.9.0/jackson-dataformat-xml-2.9.0.jar:/home/user/.m2/repository/com/fasterxml/jackson/core/jackson-core/2.9.5/jackson-core-2.9.5.jar:/home/user/.m2/repository/com/fasterxml/jackson/module/jackson-module-jaxb-annotations/2.9.5/jackson-module-jaxb-annotations-2.9.5.jar:/home/user/.m2/repository/javax/enterprise/cdi-api/1.2/cdi-api-1.2.jar:/home/user/.m2/repository/javax/el/javax.el-api/3.0.0/javax.el-api-3.0.0.jar:/home/user/.m2/repository/javax/interceptor/javax.interceptor-api/1.2/javax.interceptor-api-1.2.jar:/home/user/.m2/repository/javax/inject/javax.inject/1/javax.inject-1.jar:/home/user/.m2/repository/com/sun/xml/bind/jaxb-impl/2.3.0.1/jaxb-impl-2.3.0.1.jar:/home/user/.m2/repository/com/sun/xml/bind/jaxb-core/2.3.0.1/jaxb-core-2.3.0.1.jar:/home/user/.m2/repository/javax/xml/bind/jaxb-api/2.3.0/jaxb-api-2.3.0.jar:/home/user/.m2/repository/javax/activation/activation/1.1.1/activation-1.1.1.jar:/home/user/.m2/repository/org/apache/hadoop/hadoop-ozone-csi/0.5.0-SNAPSHOT/hadoop-ozone-csi-0.5.0-SNAPSHOT.jar:/home/user/.m2/repository/com/google/protobuf/protobuf-java-util/3.5.1/protobuf-java-util-3.5.1.jar:/home/user/.m2/repository/org/apache/hadoop/hadoop-hdds-config/0.5.0-SNAPSHOT/hadoop-hdds-config-0.5.0-SNAPSHOT.jar:/home/user/.m2/repository/io/grpc/grpc-netty/1.17.1/grpc-netty-1.17.1.jar:/home/user/.m2/repository/io/grpc/grpc-core/1.17.1/grpc-core-1.17.1.jar:/home/user/.m2/repository/io/grpc/grpc-context/1.17.1/grpc-context-1.17.1.jar:/home/user/.m2/repository/com/google/errorprone/error_prone_annotations/2.2.0/error_prone_annotations-2.2.0.jar:/home/user/.m2/repository/org/codehaus/mojo/animal-sniffer-annotations/1.17/animal-sniffer-annotations-1.17.jar:/home/user/.m2/repository/io/opencensus/opencensus-api/0.17.0/opencensus-api-0.17.0.jar:/home/user/.m2/repository/io/opencensus/opencensus-contrib-grpc-metrics/0.17.0/opencensus-contrib-grpc-metrics-0.17.0.jar:/home/user/.m2/repository/io/netty/netty-codec-http2/4.1.30.Final/netty-codec-http2-4.1.30.Final.jar:/home/user/.m2/repository/io/netty/netty-codec-http/4.1.30.Final/netty-codec-http-4.1.30.Final.jar:/home/user/.m2/repository/io/netty/netty-codec/4.1.30.Final/netty-codec-4.1.30.Final.jar:/home/user/.m2/repository/io/netty/netty-handler/4.1.30.Final/netty-handler-4.1.30.Final.jar:/home/user/.m2/repository/io/netty/netty-handler-proxy/4.1.30.Final/netty-handler-proxy-4.1.30.Final.jar:/home/user/.m2/repository/io/netty/netty-codec-socks/4.1.30.Final/netty-codec-socks-4.1.30.Final.jar:/home/user/.m2/repository/io/netty/netty-transport-native-epoll/4.1.30.Final/netty-transport-native-epoll-4.1.30.Final.jar:/home/user/.m2/repository/io/netty/netty-common/4.1.30.Final/netty-common-4.1.30.Final.jar:/home/user/.m2/repository/io/netty/netty-buffer/4.1.30.Final/netty-buffer-4.1.30.Final.jar:/home/user/.m2/repository/io/netty/netty-transport/4.1.30.Final/netty-transport-4.1.30.Final.jar:/home/user/.m2/repository/io/netty/netty-resolver/4.1.30.Final/netty-resolver-4.1.30.Final.jar:/home/user/.m2/repository/io/netty/netty-transport-native-unix-common/4.1.30.Final/netty-transport-native-unix-common-4.1.30.Final.jar:/home/user/.m2/repository/io/grpc/grpc-protobuf/1.17.1/grpc-protobuf-1.17.1.jar:/home/user/.m2/repository/com/google/api/grpc/proto-google-common-protos/1.0.0/proto-google-common-protos-1.0.0.jar:/home/user/.m2/repository/io/grpc/grpc-protobuf-lite/1.17.1/grpc-protobuf-lite-1.17.1.jar:/home/user/.m2/repository/io/grpc/grpc-stub/1.17.1/grpc-stub-1.17.1.jar:/home/user/.m2/repository/org/apache/hadoop/hadoop-ozone-recon/0.5.0-SNAPSHOT/hadoop-ozone-recon-0.5.0-SNAPSHOT.jar:/home/user/.m2/repository/org/apache/hadoop/hadoop-ozone-reconcodegen/0.5.0-SNAPSHOT/hadoop-ozone-reconcodegen-0.5.0-SNAPSHOT.jar:/home/user/.m2/repository/com/google/inject/extensions/guice-multibindings/4.0/guice-multibindings-4.0.jar:/home/user/.m2/repository/com/google/inject/guice/4.0/guice-4.0.jar:/home/user/.m2/repository/aopalliance/aopalliance/1.0/aopalliance-1.0.jar:/home/user/.m2/repository/com/google/inject/extensions/guice-servlet/4.0/guice-servlet-4.0.jar:/home/user/.m2/repository/org/glassfish/jersey/containers/jersey-container-servlet/2.27/jersey-container-servlet-2.27.jar:/home/user/.m2/repository/org/glassfish/hk2/guice-bridge/2.5.0/guice-bridge-2.5.0.jar:/home/user/.m2/repository/org/glassfish/jersey/core/jersey-server/2.27/jersey-server-2.27.jar:/home/user/.m2/repository/org/glassfish/jersey/core/jersey-client/2.27/jersey-client-2.27.jar:/home/user/.m2/repository/org/glassfish/jersey/media/jersey-media-jaxb/2.27/jersey-media-jaxb-2.27.jar:/home/user/.m2/repository/javax/validation/validation-api/1.1.0.Final/validation-api-1.1.0.Final.jar:/home/user/.m2/repository/org/glassfish/jersey/media/jersey-media-json-jackson/2.27/jersey-media-json-jackson-2.27.jar:/home/user/.m2/repository/org/glassfish/jersey/ext/jersey-entity-filtering/2.27/jersey-entity-filtering-2.27.jar:/home/user/.m2/repository/com/google/inject/extensions/guice-assistedinject/4.0/guice-assistedinject-4.0.jar:/home/user/.m2/repository/org/jooq/jooq/3.11.10/jooq-3.11.10.jar:/home/user/.m2/repository/org/jooq/jooq-meta/3.11.10/jooq-meta-3.11.10.jar:/home/user/.m2/repository/org/jooq/jooq-codegen/3.11.10/jooq-codegen-3.11.10.jar:/home/user/.m2/repository/com/jolbox/bonecp/0.8.0.RELEASE/bonecp-0.8.0.RELEASE.jar:/home/user/.m2/repository/org/xerial/sqlite-jdbc/3.25.2/sqlite-jdbc-3.25.2.jar:/home/user/.m2/repository/org/springframework/spring-jdbc/5.1.3.RELEASE/spring-jdbc-5.1.3.RELEASE.jar:/home/user/.m2/repository/org/springframework/spring-beans/5.1.3.RELEASE/spring-beans-5.1.3.RELEASE.jar:/home/user/.m2/repository/org/springframework/spring-core/5.1.3.RELEASE/spring-core-5.1.3.RELEASE.jar:/home/user/.m2/repository/org/springframework/spring-jcl/5.1.3.RELEASE/spring-jcl-5.1.3.RELEASE.jar:/home/user/.m2/repository/org/springframework/spring-tx/5.1.3.RELEASE/spring-tx-5.1.3.RELEASE.jar:/home/user/.m2/repository/org/apache/hadoop/hadoop-ozone-client/0.5.0-SNAPSHOT/hadoop-ozone-client-0.5.0-SNAPSHOT.jar:/home/user/.m2/repository/commons-lang/commons-lang/2.6/commons-lang-2.6.jar:/home/user/.m2/repository/org/apache/hadoop/hadoop-ozone-ozone-manager/0.5.0-SNAPSHOT/hadoop-ozone-ozone-manager-0.5.0-SNAPSHOT-tests.jar:/home/user/.m2/repository/junit/junit/4.11/junit-4.11.jar:/home/user/.m2/repository/org/hamcrest/hamcrest-core/1.3/hamcrest-core-1.3.jar:/home/user/.m2/repository/org/openjdk/jmh/jmh-core/1.19/jmh-core-1.19.jar:/home/user/.m2/repository/net/sf/jopt-simple/jopt-simple/4.6/jopt-simple-4.6.jar:/home/user/.m2/repository/org/apache/commons/commons-math3/3.1.1/commons-math3-3.1.1.jar:/home/user/.m2/repository/org/openjdk/jmh/jmh-generator-annprocess/1.19/jmh-generator-annprocess-1.19.jar:/home/user/.m2/repository/org/mockito/mockito-all/1.8.5/mockito-all-1.8.5.jar:/home/user/.m2/repository/org/apache/hadoop/hadoop-kms/3.2.0/hadoop-kms-3.2.0.jar:/home/user/.m2/repository/org/apache/hadoop/hadoop-auth/3.2.0/hadoop-auth-3.2.0.jar:/home/user/.m2/repository/com/nimbusds/nimbus-jose-jwt/4.41.1/nimbus-jose-jwt-4.41.1.jar:/home/user/.m2/repository/com/github/stephenc/jcip/jcip-annotations/1.0-1/jcip-annotations-1.0-1.jar:/home/user/.m2/repository/net/minidev/json-smart/2.3/json-smart-2.3.jar:/home/user/.m2/repository/net/minidev/accessors-smart/1.2/accessors-smart-1.2.jar:/home/user/.m2/repository/org/ow2/asm/asm/5.0.4/asm-5.0.4.jar:/home/user/.m2/repository/org/apache/curator/curator-framework/2.12.0/curator-framework-2.12.0.jar:/home/user/.m2/repository/com/sun/jersey/jersey-core/1.19/jersey-core-1.19.jar:/home/user/.m2/repository/javax/ws/rs/jsr311-api/1.1.1/jsr311-api-1.1.1.jar:/home/user/.m2/repository/com/sun/jersey/jersey-server/1.19/jersey-server-1.19.jar:/home/user/.m2/repository/javax/servlet/javax.servlet-api/3.1.0/javax.servlet-api-3.1.0.jar:/home/user/.m2/repository/org/eclipse/jetty/jetty-server/9.3.24.v20180605/jetty-server-9.3.24.v20180605.jar:/home/user/.m2/repository/org/eclipse/jetty/jetty-http/9.3.24.v20180605/jetty-http-9.3.24.v20180605.jar:/home/user/.m2/repository/org/eclipse/jetty/jetty-io/9.3.24.v20180605/jetty-io-9.3.24.v20180605.jar:/home/user/.m2/repository/org/eclipse/jetty/jetty-webapp/9.3.24.v20180605/jetty-webapp-9.3.24.v20180605.jar:/home/user/.m2/repository/org/eclipse/jetty/jetty-xml/9.3.24.v20180605/jetty-xml-9.3.24.v20180605.jar:/home/user/.m2/repository/log4j/log4j/1.2.17/log4j-1.2.17.jar:/home/user/.m2/repository/org/slf4j/slf4j-api/1.7.25/slf4j-api-1.7.25.jar:/home/user/.m2/repository/org/slf4j/jul-to-slf4j/1.7.25/jul-to-slf4j-1.7.25.jar:/home/user/.m2/repository/org/eclipse/jetty/jetty-util/9.3.24.v20180605/jetty-util-9.3.24.v20180605.jar:/home/user/.m2/repository/com/fasterxml/jackson/core/jackson-databind/2.9.5/jackson-databind-2.9.5.jar:/home/user/.m2/repository/org/apache/hadoop/hadoop-kms/3.2.0/hadoop-kms-3.2.0-tests.jar:/home/user/.m2/repository/org/apache/hadoop/hadoop-hdds-server-scm/0.5.0-SNAPSHOT/hadoop-hdds-server-scm-0.5.0-SNAPSHOT-tests.jar:/home/user/.m2/repository/org/apache/hadoop/hadoop-hdds-container-service/0.5.0-SNAPSHOT/hadoop-hdds-container-service-0.5.0-SNAPSHOT-tests.jar:/home/user/.m2/repository/org/yaml/snakeyaml/1.16/snakeyaml-1.16.jar:/home/user/.m2/repository/org/apache/hadoop/hadoop-common/3.2.0/hadoop-common-3.2.0-tests.jar:/home/user/.m2/repository/org/apache/hadoop/hadoop-annotations/3.2.0/hadoop-annotations-3.2.0.jar:/usr/lib/jvm/java-1.8-openjdk/jre/../lib/tools.jar:/home/user/.m2/repository/commons-cli/commons-cli/1.2/commons-cli-1.2.jar:/home/user/.m2/repository/org/apache/httpcomponents/httpclient/4.5.2/httpclient-4.5.2.jar:/home/user/.m2/repository/org/apache/httpcomponents/httpcore/4.4.4/httpcore-4.4.4.jar:/home/user/.m2/repository/commons-codec/commons-codec/1.11/commons-codec-1.11.jar:/home/user/.m2/repository/commons-net/commons-net/3.6/commons-net-3.6.jar:/home/user/.m2/repository/commons-collections/commons-collections/3.2.2/commons-collections-3.2.2.jar:/home/user/.m2/repository/org/eclipse/jetty/jetty-servlet/9.3.24.v20180605/jetty-servlet-9.3.24.v20180605.jar:/home/user/.m2/repository/org/eclipse/jetty/jetty-security/9.3.24.v20180605/jetty-security-9.3.24.v20180605.jar:/home/user/.m2/repository/javax/servlet/jsp/jsp-api/2.1/jsp-api-2.1.jar:/home/user/.m2/repository/com/sun/jersey/jersey-servlet/1.19/jersey-servlet-1.19.jar:/home/user/.m2/repository/com/sun/jersey/jersey-json/1.19/jersey-json-1.19.jar:/home/user/.m2/repository/org/codehaus/jettison/jettison/1.1/jettison-1.1.jar:/home/user/.m2/repository/org/codehaus/jackson/jackson-core-asl/1.9.13/jackson-core-asl-1.9.13.jar:/home/user/.m2/repository/org/codehaus/jackson/jackson-mapper-asl/1.9.13/jackson-mapper-asl-1.9.13.jar:/home/user/.m2/repository/org/codehaus/jackson/jackson-jaxrs/1.9.13/jackson-jaxrs-1.9.13.jar:/home/user/.m2/repository/org/codehaus/jackson/jackson-xc/1.9.13/jackson-xc-1.9.13.jar:/home/user/.m2/repository/commons-logging/commons-logging/1.1.3/commons-logging-1.1.3.jar:/home/user/.m2/repository/commons-beanutils/commons-beanutils/1.9.3/commons-beanutils-1.9.3.jar:/home/user/.m2/repository/org/apache/commons/commons-configuration2/2.1.1/commons-configuration2-2.1.1.jar:/home/user/.m2/repository/org/apache/commons/commons-lang3/3.7/commons-lang3-3.7.jar:/home/user/.m2/repository/org/apache/commons/commons-text/1.4/commons-text-1.4.jar:/home/user/.m2/repository/org/apache/avro/avro/1.7.7/avro-1.7.7.jar:/home/user/.m2/repository/com/thoughtworks/paranamer/paranamer/2.3/paranamer-2.3.jar:/home/user/.m2/repository/org/xerial/snappy/snappy-java/1.0.5/snappy-java-1.0.5.jar:/home/user/.m2/repository/com/google/re2j/re2j/1.1/re2j-1.1.jar:/home/user/.m2/repository/com/google/code/gson/gson/2.2.4/gson-2.2.4.jar:/home/user/.m2/repository/com/jcraft/jsch/0.1.54/jsch-0.1.54.jar:/home/user/.m2/repository/org/apache/curator/curator-client/2.12.0/curator-client-2.12.0.jar:/home/user/.m2/repository/org/apache/curator/curator-recipes/2.12.0/curator-recipes-2.12.0.jar:/home/user/.m2/repository/com/google/code/findbugs/jsr305/3.0.0/jsr305-3.0.0.jar:/home/user/.m2/repository/org/apache/htrace/htrace-core4/4.1.0-incubating/htrace-core4-4.1.0-incubating.jar:/home/user/.m2/repository/org/apache/zookeeper/zookeeper/3.4.13/zookeeper-3.4.13.jar:/home/user/.m2/repository/org/apache/yetus/audience-annotations/0.5.0/audience-annotations-0.5.0.jar:/home/user/.m2/repository/org/codehaus/woodstox/stax2-api/3.1.4/stax2-api-3.1.4.jar:/home/user/.m2/repository/com/fasterxml/woodstox/woodstox-core/5.0.3/woodstox-core-5.0.3.jar:/home/user/.m2/repository/dnsjava/dnsjava/2.1.7/dnsjava-2.1.7.jar:/home/user/.m2/repository/org/apache/hadoop/hadoop-hdfs/3.2.0/hadoop-hdfs-3.2.0-tests.jar:/home/user/.m2/repository/org/eclipse/jetty/jetty-util-ajax/9.3.24.v20180605/jetty-util-ajax-9.3.24.v20180605.jar:/home/user/.m2/repository/commons-daemon/commons-daemon/1.0.13/commons-daemon-1.0.13.jar:/home/user/.m2/repository/io/netty/netty/3.10.5.Final/netty-3.10.5.Final.jar:/home/user/.m2/repository/io/netty/netty-all/4.0.52.Final/netty-all-4.0.52.Final.jar:/home/user/.m2/repository/org/fusesource/leveldbjni/leveldbjni-all/1.8/leveldbjni-all-1.8.jar:"/>
    <property name="sun.cpu.endian" value="little"/>
    <property name="user.home" value="/home/user"/>
    <property name="user.language" value="en"/>
    <property name="java.specification.vendor" value="Oracle Corporation"/>
    <property name="java.home" value="/usr/lib/jvm/java-1.8-openjdk/jre"/>
    <property name="java.security.krb5.conf" value="/workdir/hadoop-ozone/integration-test/target/test-classes/krb5.conf"/>
    <property name="basedir" value="/workdir/hadoop-ozone/integration-test"/>
    <property name="file.separator" value="/"/>
    <property name="line.separator" value="&#10;"/>
    <property name="java.vm.specification.vendor" value="Oracle Corporation"/>
    <property name="java.specification.name" value="Java Platform API Specification"/>
    <property name="java.awt.graphicsenv" value="sun.awt.X11GraphicsEnvironment"/>
    <property name="surefire.real.class.path" value="/workdir/hadoop-ozone/integration-test/target/surefire/surefirebooter1352674407171987704.jar"/>
    <property name="hadoop.log.dir" value="/workdir/hadoop-ozone/integration-test/target/log"/>
    <property name="sun.boot.class.path" value="/usr/lib/jvm/java-1.8-openjdk/jre/lib/resources.jar:/usr/lib/jvm/java-1.8-openjdk/jre/lib/rt.jar:/usr/lib/jvm/java-1.8-openjdk/jre/lib/sunrsasign.jar:/usr/lib/jvm/java-1.8-openjdk/jre/lib/jsse.jar:/usr/lib/jvm/java-1.8-openjdk/jre/lib/jce.jar:/usr/lib/jvm/java-1.8-openjdk/jre/lib/charsets.jar:/usr/lib/jvm/java-1.8-openjdk/jre/lib/jfr.jar:/usr/lib/jvm/java-1.8-openjdk/jre/classes"/>
    <property name="sun.management.compiler" value="HotSpot 64-Bit Tiered Compilers"/>
    <property name="java.runtime.version" value="1.8.0_212-b04"/>
    <property name="java.net.preferIPv4Stack" value="true"/>
    <property name="user.name" value="jenkins1000"/>
    <property name="path.separator" value=":"/>
    <property name="java.security.egd" value="file:///dev/urandom"/>
    <property name="os.version" value="3.10.0-957.12.2.el7.x86_64"/>
    <property name="java.endorsed.dirs" value="/usr/lib/jvm/java-1.8-openjdk/jre/lib/endorsed"/>
    <property name="java.runtime.name" value="OpenJDK Runtime Environment"/>
    <property name="file.encoding" value="UTF-8"/>
    <property name="java.vm.name" value="OpenJDK 64-Bit Server VM"/>
    <property name="test.build.webapps" value=""/>
    <property name="localRepository" value="/home/user/.m2/repository"/>
    <property name="java.vendor.url.bug" value="https://icedtea.classpath.org/bugzilla"/>
    <property name="java.io.tmpdir" value="/tmp"/>
    <property name="require.test.libhadoop" value=""/>
    <property name="java.version" value="1.8.0_212"/>
    <property name="user.dir" value="/workdir/hadoop-ozone/integration-test"/>
    <property name="os.arch" value="amd64"/>
    <property name="java.vm.specification.name" value="Java Virtual Machine Specification"/>
    <property name="test.build.classes" value="/workdir/hadoop-ozone/integration-test/target/test-classes"/>
    <property name="java.awt.printerjob" value="sun.print.PSPrinterJob"/>
    <property name="sun.os.patch.level" value="unknown"/>
    <property name="hadoop.tmp.dir" value="/workdir/hadoop-ozone/integration-test/target/tmp"/>
    <property name="java.library.path" value="/usr/lib/jvm/java-1.8-openjdk/jre/lib/amd64/server:/usr/lib/jvm/java-1.8-openjdk/jre/lib/amd64:/usr/lib/jvm/java-1.8-openjdk/jre/../lib/amd64:/workdir/hadoop-ozone/integration-test/target/native/target/usr/local/lib:/workdir/hadoop-ozone/integration-test/../../hadoop-common-project/hadoop-common/target/native/target/usr/local/lib:/usr/java/packages/lib/amd64:/usr/lib64:/lib64:/lib:/usr/lib"/>
    <property name="java.vm.info" value="mixed mode"/>
    <property name="java.vendor" value="IcedTea"/>
    <property name="java.vm.version" value="25.212-b04"/>
    <property name="java.ext.dirs" value="/usr/lib/jvm/java-1.8-openjdk/jre/lib/ext:/usr/java/packages/lib/ext"/>
    <property name="sun.io.unicode.encoding" value="UnicodeLittle"/>
    <property name="java.class.version" value="52.0"/>
  </properties>
  <testcase name="test2DatanodesFailure" classname="org.apache.hadoop.ozone.client.rpc.TestBlockOutputStreamWithFailures" time="126.142"/>
  <testcase name="testDatanodeFailureWithPreAllocation" classname="org.apache.hadoop.ozone.client.rpc.TestBlockOutputStreamWithFailures" time="227.157"/>
  <testcase name="testDatanodeFailureWithSingleNodeRatis" classname="org.apache.hadoop.ozone.client.rpc.TestBlockOutputStreamWithFailures" time="225.568"/>
  <testcase name="testWatchForCommitWithSingleNodeRatis" classname="org.apache.hadoop.ozone.client.rpc.TestBlockOutputStreamWithFailures" time="37.726"/>
  <testcase name="testWatchForCommitDatanodeFailure" classname="org.apache.hadoop.ozone.client.rpc.TestBlockOutputStreamWithFailures" time="41.669">
    <failure message="expected:&lt;2&gt; but was:&lt;3&gt;" type="java.lang.AssertionError"><![CDATA[java.lang.AssertionError: expected:<2> but was:<3>
	at org.junit.Assert.fail(Assert.java:88)
	at org.junit.Assert.failNotEquals(Assert.java:743)
	at org.junit.Assert.assertEquals(Assert.java:118)
	at org.junit.Assert.assertEquals(Assert.java:555)
	at org.junit.Assert.assertEquals(Assert.java:542)
	at org.apache.hadoop.ozone.client.rpc.TestBlockOutputStreamWithFailures.testWatchForCommitDatanodeFailure(TestBlockOutputStreamWithFailures.java:366)
	at sun.reflect.NativeMethodAccessorImpl.invoke0(Native Method)
	at sun.reflect.NativeMethodAccessorImpl.invoke(NativeMethodAccessorImpl.java:62)
	at sun.reflect.DelegatingMethodAccessorImpl.invoke(DelegatingMethodAccessorImpl.java:43)
	at java.lang.reflect.Method.invoke(Method.java:498)
	at org.junit.runners.model.FrameworkMethod$1.runReflectiveCall(FrameworkMethod.java:47)
	at org.junit.internal.runners.model.ReflectiveCallable.run(ReflectiveCallable.java:12)
	at org.junit.runners.model.FrameworkMethod.invokeExplosively(FrameworkMethod.java:44)
	at org.junit.internal.runners.statements.InvokeMethod.evaluate(InvokeMethod.java:17)
	at org.junit.internal.runners.statements.RunBefores.evaluate(RunBefores.java:26)
	at org.junit.internal.runners.statements.RunAfters.evaluate(RunAfters.java:27)
	at org.junit.runners.ParentRunner.runLeaf(ParentRunner.java:271)
	at org.junit.runners.BlockJUnit4ClassRunner.runChild(BlockJUnit4ClassRunner.java:70)
	at org.junit.runners.BlockJUnit4ClassRunner.runChild(BlockJUnit4ClassRunner.java:50)
	at org.junit.runners.ParentRunner$3.run(ParentRunner.java:238)
	at org.junit.runners.ParentRunner$1.schedule(ParentRunner.java:63)
	at org.junit.runners.ParentRunner.runChildren(ParentRunner.java:236)
	at org.junit.runners.ParentRunner.access$000(ParentRunner.java:53)
	at org.junit.runners.ParentRunner$2.evaluate(ParentRunner.java:229)
	at org.junit.runners.ParentRunner.run(ParentRunner.java:309)
	at org.apache.maven.surefire.junit4.JUnit4Provider.execute(JUnit4Provider.java:365)
	at org.apache.maven.surefire.junit4.JUnit4Provider.executeWithRerun(JUnit4Provider.java:273)
	at org.apache.maven.surefire.junit4.JUnit4Provider.executeTestSet(JUnit4Provider.java:238)
	at org.apache.maven.surefire.junit4.JUnit4Provider.invoke(JUnit4Provider.java:159)
	at org.apache.maven.surefire.booter.ForkedBooter.invokeProviderInSameClassLoader(ForkedBooter.java:384)
	at org.apache.maven.surefire.booter.ForkedBooter.runSuitesInProcess(ForkedBooter.java:345)
	at org.apache.maven.surefire.booter.ForkedBooter.execute(ForkedBooter.java:126)
	at org.apache.maven.surefire.booter.ForkedBooter.main(ForkedBooter.java:418)
]]></failure>
    <system-out><![CDATA[2019-08-21 18:55:15,845 [main] WARN  server.ServerUtils (ServerUtils.java:getScmDbDir(145)) - ozone.scm.db.dirs is not configured. We recommend adding this setting. Falling back to ozone.metadata.dirs instead.
2019-08-21 18:55:15,887 [main] WARN  server.ServerUtils (ServerUtils.java:getScmDbDir(145)) - ozone.scm.db.dirs is not configured. We recommend adding this setting. Falling back to ozone.metadata.dirs instead.
2019-08-21 18:55:15,887 [main] WARN  server.ServerUtils (ServerUtils.java:getScmDbDir(145)) - ozone.scm.db.dirs is not configured. We recommend adding this setting. Falling back to ozone.metadata.dirs instead.
2019-08-21 18:55:15,888 [main] INFO  db.DBStoreBuilder (DBStoreBuilder.java:addTable(110)) - using custom profile for table: deletedBlocks
2019-08-21 18:55:15,888 [main] INFO  db.DBStoreBuilder (DBStoreBuilder.java:processTables(161)) - Using default column profile:DBProfile.DISK for Table:deletedBlocks
2019-08-21 18:55:15,888 [main] INFO  db.DBStoreBuilder (DBStoreBuilder.java:addTable(110)) - using custom profile for table: validCerts
2019-08-21 18:55:15,889 [main] INFO  db.DBStoreBuilder (DBStoreBuilder.java:processTables(161)) - Using default column profile:DBProfile.DISK for Table:validCerts
2019-08-21 18:55:15,889 [main] INFO  db.DBStoreBuilder (DBStoreBuilder.java:addTable(110)) - using custom profile for table: revokedCerts
2019-08-21 18:55:15,889 [main] INFO  db.DBStoreBuilder (DBStoreBuilder.java:processTables(161)) - Using default column profile:DBProfile.DISK for Table:revokedCerts
2019-08-21 18:55:15,889 [main] INFO  db.DBStoreBuilder (DBStoreBuilder.java:addTable(110)) - using custom profile for table: default
2019-08-21 18:55:15,890 [main] INFO  db.DBStoreBuilder (DBStoreBuilder.java:processTables(167)) - Using default column profile:DBProfile.DISK for Table:default
2019-08-21 18:55:15,890 [main] INFO  db.DBStoreBuilder (DBStoreBuilder.java:getDbProfile(198)) - Using default options. DBProfile.DISK
2019-08-21 18:55:16,133 [main] INFO  net.NodeSchemaLoader (NodeSchemaLoader.java:loadSchemaFromFile(125)) - Loading file from sun.misc.CompoundEnumeration@6b58a0f9
2019-08-21 18:55:16,134 [main] INFO  net.NodeSchemaLoader (NodeSchemaLoader.java:loadSchema(171)) - Loading network topology layer schema file
2019-08-21 18:55:16,140 [main] INFO  node.SCMNodeManager (SCMNodeManager.java:<init>(121)) - Entering startup safe mode.
2019-08-21 18:55:16,141 [main] INFO  algorithms.ContainerPlacementPolicyFactory (ContainerPlacementPolicyFactory.java:getPolicy(55)) - Create container placement policy of type org.apache.hadoop.hdds.scm.container.placement.algorithms.SCMContainerPlacementRandom
2019-08-21 18:55:16,141 [main] WARN  server.ServerUtils (ServerUtils.java:getScmDbDir(145)) - ozone.scm.db.dirs is not configured. We recommend adding this setting. Falling back to ozone.metadata.dirs instead.
2019-08-21 18:55:16,233 [main] INFO  pipeline.SCMPipelineManager (SCMPipelineManager.java:initializePipelineState(126)) - No pipeline exists in current db
2019-08-21 18:55:16,233 [main] WARN  server.ServerUtils (ServerUtils.java:getScmDbDir(145)) - ozone.scm.db.dirs is not configured. We recommend adding this setting. Falling back to ozone.metadata.dirs instead.
2019-08-21 18:55:16,338 [main] WARN  events.EventQueue (EventQueue.java:fireEvent(175)) - No event handler registered for event TypedEvent{payloadType=SafeModeStatus, name='SafeModeStatus'}
2019-08-21 18:55:16,339 [main] INFO  ipc.CallQueueManager (CallQueueManager.java:<init>(84)) - Using callQueue: class java.util.concurrent.LinkedBlockingQueue, queueCapacity: 2000, scheduler: class org.apache.hadoop.ipc.DefaultRpcScheduler, ipcBackoff: false.
2019-08-21 18:55:16,341 [Socket Reader #1 for port 40684] INFO  ipc.Server (Server.java:run(1074)) - Starting Socket Reader #1 for port 40684
2019-08-21 18:55:16,343 [main] INFO  ipc.CallQueueManager (CallQueueManager.java:<init>(84)) - Using callQueue: class java.util.concurrent.LinkedBlockingQueue, queueCapacity: 2000, scheduler: class org.apache.hadoop.ipc.DefaultRpcScheduler, ipcBackoff: false.
2019-08-21 18:55:16,344 [Socket Reader #1 for port 44247] INFO  ipc.Server (Server.java:run(1074)) - Starting Socket Reader #1 for port 44247
2019-08-21 18:55:16,345 [main] INFO  ipc.CallQueueManager (CallQueueManager.java:<init>(84)) - Using callQueue: class java.util.concurrent.LinkedBlockingQueue, queueCapacity: 2000, scheduler: class org.apache.hadoop.ipc.DefaultRpcScheduler, ipcBackoff: false.
2019-08-21 18:55:16,346 [Socket Reader #1 for port 46136] INFO  ipc.Server (Server.java:run(1074)) - Starting Socket Reader #1 for port 46136
2019-08-21 18:55:16,349 [main] INFO  hdfs.DFSUtil (DFSUtil.java:httpServerTemplateForNNAndJN(1641)) - Starting Web-server for scm at: http://0.0.0.0:0
2019-08-21 18:55:16,351 [main] INFO  server.AuthenticationFilter (AuthenticationFilter.java:constructSecretProvider(240)) - Unable to initialize FileSignerSecretProvider, falling back to use random secrets.
2019-08-21 18:55:16,352 [main] WARN  http.HttpRequestLog (HttpRequestLog.java:getRequestLog(97)) - Jetty request log can only be enabled using Log4j
2019-08-21 18:55:16,355 [main] INFO  http.HttpServer2 (HttpServer2.java:addGlobalFilter(975)) - Added global filter 'safety' (class=org.apache.hadoop.http.HttpServer2$QuotingInputFilter)
2019-08-21 18:55:16,355 [main] INFO  http.HttpServer2 (HttpServer2.java:addFilter(948)) - Added filter static_user_filter (class=org.apache.hadoop.http.lib.StaticUserWebFilter$StaticUserFilter) to context scm
2019-08-21 18:55:16,356 [main] INFO  http.HttpServer2 (HttpServer2.java:addFilter(958)) - Added filter static_user_filter (class=org.apache.hadoop.http.lib.StaticUserWebFilter$StaticUserFilter) to context logs
2019-08-21 18:55:16,356 [main] INFO  http.HttpServer2 (HttpServer2.java:addFilter(958)) - Added filter static_user_filter (class=org.apache.hadoop.http.lib.StaticUserWebFilter$StaticUserFilter) to context static
2019-08-21 18:55:16,358 [main] INFO  server.StorageContainerManager (StorageContainerManager.java:start(759)) - StorageContainerLocationProtocol RPC server is listening at /0.0.0.0:46136
2019-08-21 18:55:16,361 [main] WARN  impl.MetricsConfig (MetricsConfig.java:loadFirst(134)) - Cannot locate configuration: tried hadoop-metrics2-storagecontainermanager.properties,hadoop-metrics2.properties
2019-08-21 18:55:16,362 [main] INFO  impl.MetricsSystemImpl (MetricsSystemImpl.java:startTimer(374)) - Scheduled Metric snapshot period at 10 second(s).
2019-08-21 18:55:16,363 [main] INFO  impl.MetricsSystemImpl (MetricsSystemImpl.java:start(191)) - StorageContainerManager metrics system started
2019-08-21 18:55:16,458 [main] INFO  server.SCMClientProtocolServer (SCMClientProtocolServer.java:start(151)) - RPC server for Client  is listening at /0.0.0.0:46136
2019-08-21 18:55:16,458 [IPC Server Responder] INFO  ipc.Server (Server.java:run(1314)) - IPC Server Responder: starting
2019-08-21 18:55:16,458 [IPC Server listener on 46136] INFO  ipc.Server (Server.java:run(1153)) - IPC Server listener on 46136: starting
2019-08-21 18:55:16,462 [main] INFO  server.StorageContainerManager (StorageContainerManager.java:start(769)) - ScmBlockLocationProtocol RPC server is listening at /0.0.0.0:44247
2019-08-21 18:55:16,462 [main] INFO  server.SCMBlockProtocolServer (SCMBlockProtocolServer.java:start(140)) - RPC server for Block Protocol is listening at /0.0.0.0:44247
2019-08-21 18:55:16,463 [IPC Server Responder] INFO  ipc.Server (Server.java:run(1314)) - IPC Server Responder: starting
2019-08-21 18:55:16,463 [IPC Server listener on 44247] INFO  ipc.Server (Server.java:run(1153)) - IPC Server listener on 44247: starting
2019-08-21 18:55:16,467 [main] INFO  server.StorageContainerManager (StorageContainerManager.java:start(773)) - ScmDatanodeProtocl RPC server is listening at /0.0.0.0:40684
2019-08-21 18:55:16,467 [main] INFO  server.SCMDatanodeProtocolServer (SCMDatanodeProtocolServer.java:start(191)) - RPC server for DataNodes is listening at /0.0.0.0:40684
2019-08-21 18:55:16,467 [IPC Server Responder] INFO  ipc.Server (Server.java:run(1314)) - IPC Server Responder: starting
2019-08-21 18:55:16,467 [IPC Server listener on 40684] INFO  ipc.Server (Server.java:run(1153)) - IPC Server listener on 40684: starting
2019-08-21 18:55:16,471 [main] INFO  http.HttpServer2 (HttpServer2.java:bindListener(1191)) - Jetty bound to port 42551
2019-08-21 18:55:16,471 [main] INFO  server.Server (Server.java:doStart(351)) - jetty-9.3.24.v20180605, build timestamp: 2018-06-05T17:11:56Z, git hash: 84205aa28f11a4f31f2a3b86d1bba2cc8ab69827
2019-08-21 18:55:16,473 [main] INFO  handler.ContextHandler (ContextHandler.java:doStart(781)) - Started o.e.j.s.ServletContextHandler@194a653d{/logs,file:///workdir/hadoop-ozone/integration-test/target/log,AVAILABLE}
2019-08-21 18:55:16,474 [main] INFO  handler.ContextHandler (ContextHandler.java:doStart(781)) - Started o.e.j.s.ServletContextHandler@6b3a1151{/static,file:///workdir/hadoop-ozone/integration-test/target/test-classes/webapps/static,AVAILABLE}
2019-08-21 18:55:16,478 [main] INFO  handler.ContextHandler (ContextHandler.java:doStart(781)) - Started o.e.j.w.WebAppContext@440e2406{/,file:///workdir/hadoop-ozone/integration-test/target/test-classes/webapps/scm/,AVAILABLE}{/scm}
2019-08-21 18:55:16,479 [main] INFO  server.AbstractConnector (AbstractConnector.java:doStart(278)) - Started ServerConnector@56adb75e{HTTP/1.1,[http/1.1]}{0.0.0.0:42551}
2019-08-21 18:55:16,480 [main] INFO  server.Server (Server.java:doStart(419)) - Started @617836ms
2019-08-21 18:55:16,480 [main] INFO  server.BaseHttpServer (BaseHttpServer.java:updateConnectorAddress(213)) - HTTP server of SCM is listening at http://0.0.0.0:42551
2019-08-21 18:55:16,481 [main] WARN  server.ServerUtils (ServerUtils.java:getDBPath(222)) - ozone.om.db.dirs is not configured. We recommend adding this setting. Falling back to ozone.metadata.dirs instead.
2019-08-21 18:55:16,482 [org.apache.hadoop.util.JvmPauseMonitor$Monitor@6179551b] INFO  util.JvmPauseMonitor (JvmPauseMonitor.java:run(188)) - Starting JVM pause monitor
2019-08-21 18:55:16,505 [main] WARN  server.ServerUtils (ServerUtils.java:getDBPath(222)) - ozone.om.db.dirs is not configured. We recommend adding this setting. Falling back to ozone.metadata.dirs instead.
2019-08-21 18:55:16,506 [main] WARN  server.ServerUtils (ServerUtils.java:getDBPath(222)) - ozone.om.db.dirs is not configured. We recommend adding this setting. Falling back to ozone.metadata.dirs instead.
2019-08-21 18:55:16,507 [main] INFO  om.OzoneManager (OzoneManager.java:setOMNodeDetails(648)) - OM Service ID is not set. Setting it to the default ID: omServiceIdDefault
2019-08-21 18:55:16,507 [main] INFO  om.OzoneManager (OzoneManager.java:setOMNodeDetails(654)) - OM Node ID is not set. Setting it to the OmStorage's OmID: 41b21874-8e5f-4007-9824-7afdca7578af
2019-08-21 18:55:16,507 [main] INFO  om.OzoneManager (OzoneManager.java:loadOMHAConfigs(605)) - Found matching OM address with OMServiceId: null, OMNodeId: null, RPC Address: localhost:0 and Ratis port: 9872
2019-08-21 18:55:16,511 | INFO  | SCMAudit | user=jenkins1000 | ip=192.168.36.125 | op=GET_SCM_INFO null | ret=SUCCESS |  
2019-08-21 18:55:16,513 [main] WARN  server.ServerUtils (ServerUtils.java:getDBPath(222)) - ozone.om.db.dirs is not configured. We recommend adding this setting. Falling back to ozone.metadata.dirs instead.
2019-08-21 18:55:16,514 [main] INFO  db.DBStoreBuilder (DBStoreBuilder.java:addTable(110)) - using custom profile for table: userTable
2019-08-21 18:55:16,514 [main] INFO  db.DBStoreBuilder (DBStoreBuilder.java:processTables(161)) - Using default column profile:DBProfile.DISK for Table:userTable
2019-08-21 18:55:16,514 [main] INFO  db.DBStoreBuilder (DBStoreBuilder.java:addTable(110)) - using custom profile for table: volumeTable
2019-08-21 18:55:16,515 [main] INFO  db.DBStoreBuilder (DBStoreBuilder.java:processTables(161)) - Using default column profile:DBProfile.DISK for Table:volumeTable
2019-08-21 18:55:16,515 [main] INFO  db.DBStoreBuilder (DBStoreBuilder.java:addTable(110)) - using custom profile for table: bucketTable
2019-08-21 18:55:16,515 [main] INFO  db.DBStoreBuilder (DBStoreBuilder.java:processTables(161)) - Using default column profile:DBProfile.DISK for Table:bucketTable
2019-08-21 18:55:16,515 [main] INFO  db.DBStoreBuilder (DBStoreBuilder.java:addTable(110)) - using custom profile for table: keyTable
2019-08-21 18:55:16,515 [main] INFO  db.DBStoreBuilder (DBStoreBuilder.java:processTables(161)) - Using default column profile:DBProfile.DISK for Table:keyTable
2019-08-21 18:55:16,516 [main] INFO  db.DBStoreBuilder (DBStoreBuilder.java:addTable(110)) - using custom profile for table: deletedTable
2019-08-21 18:55:16,516 [main] INFO  db.DBStoreBuilder (DBStoreBuilder.java:processTables(161)) - Using default column profile:DBProfile.DISK for Table:deletedTable
2019-08-21 18:55:16,516 [main] INFO  db.DBStoreBuilder (DBStoreBuilder.java:addTable(110)) - using custom profile for table: openKeyTable
2019-08-21 18:55:16,516 [main] INFO  db.DBStoreBuilder (DBStoreBuilder.java:processTables(161)) - Using default column profile:DBProfile.DISK for Table:openKeyTable
2019-08-21 18:55:16,517 [main] INFO  db.DBStoreBuilder (DBStoreBuilder.java:addTable(110)) - using custom profile for table: s3Table
2019-08-21 18:55:16,517 [main] INFO  db.DBStoreBuilder (DBStoreBuilder.java:processTables(161)) - Using default column profile:DBProfile.DISK for Table:s3Table
2019-08-21 18:55:16,517 [main] INFO  db.DBStoreBuilder (DBStoreBuilder.java:addTable(110)) - using custom profile for table: multipartInfoTable
2019-08-21 18:55:16,517 [main] INFO  db.DBStoreBuilder (DBStoreBuilder.java:processTables(161)) - Using default column profile:DBProfile.DISK for Table:multipartInfoTable
2019-08-21 18:55:16,517 [main] INFO  db.DBStoreBuilder (DBStoreBuilder.java:addTable(110)) - using custom profile for table: dTokenTable
2019-08-21 18:55:16,518 [main] INFO  db.DBStoreBuilder (DBStoreBuilder.java:processTables(161)) - Using default column profile:DBProfile.DISK for Table:dTokenTable
2019-08-21 18:55:16,518 [main] INFO  db.DBStoreBuilder (DBStoreBuilder.java:addTable(110)) - using custom profile for table: s3SecretTable
2019-08-21 18:55:16,518 [main] INFO  db.DBStoreBuilder (DBStoreBuilder.java:processTables(161)) - Using default column profile:DBProfile.DISK for Table:s3SecretTable
2019-08-21 18:55:16,518 [main] INFO  db.DBStoreBuilder (DBStoreBuilder.java:addTable(110)) - using custom profile for table: prefixTable
2019-08-21 18:55:16,519 [main] INFO  db.DBStoreBuilder (DBStoreBuilder.java:processTables(161)) - Using default column profile:DBProfile.DISK for Table:prefixTable
2019-08-21 18:55:16,519 [main] INFO  db.DBStoreBuilder (DBStoreBuilder.java:addTable(110)) - using custom profile for table: default
2019-08-21 18:55:16,519 [main] INFO  db.DBStoreBuilder (DBStoreBuilder.java:processTables(167)) - Using default column profile:DBProfile.DISK for Table:default
2019-08-21 18:55:16,519 [main] INFO  db.DBStoreBuilder (DBStoreBuilder.java:getDbProfile(198)) - Using default options. DBProfile.DISK
2019-08-21 18:55:17,256 [main] INFO  ipc.CallQueueManager (CallQueueManager.java:<init>(84)) - Using callQueue: class java.util.concurrent.LinkedBlockingQueue, queueCapacity: 2000, scheduler: class org.apache.hadoop.ipc.DefaultRpcScheduler, ipcBackoff: false.
2019-08-21 18:55:17,257 [Socket Reader #1 for port 35918] INFO  ipc.Server (Server.java:run(1074)) - Starting Socket Reader #1 for port 35918
2019-08-21 18:55:17,271 [main] INFO  om.OzoneManager (OzoneManager.java:start(1259)) - OzoneManager RPC server is listening at localhost/127.0.0.1:35918
2019-08-21 18:55:17,271 [main] INFO  impl.MetricsSystemImpl (MetricsSystemImpl.java:init(158)) - OzoneManager metrics system started (again)
2019-08-21 18:55:17,272 [IPC Server Responder] INFO  ipc.Server (Server.java:run(1314)) - IPC Server Responder: starting
2019-08-21 18:55:17,272 [IPC Server listener on 35918] INFO  ipc.Server (Server.java:run(1153)) - IPC Server listener on 35918: starting
2019-08-21 18:55:17,277 [main] INFO  hdfs.DFSUtil (DFSUtil.java:httpServerTemplateForNNAndJN(1641)) - Starting Web-server for ozoneManager at: http://0.0.0.0:0
2019-08-21 18:55:17,279 [main] INFO  server.AuthenticationFilter (AuthenticationFilter.java:constructSecretProvider(240)) - Unable to initialize FileSignerSecretProvider, falling back to use random secrets.
2019-08-21 18:55:17,280 [main] WARN  http.HttpRequestLog (HttpRequestLog.java:getRequestLog(97)) - Jetty request log can only be enabled using Log4j
2019-08-21 18:55:17,282 [main] INFO  http.HttpServer2 (HttpServer2.java:addGlobalFilter(975)) - Added global filter 'safety' (class=org.apache.hadoop.http.HttpServer2$QuotingInputFilter)
2019-08-21 18:55:17,282 [main] INFO  http.HttpServer2 (HttpServer2.java:addFilter(948)) - Added filter static_user_filter (class=org.apache.hadoop.http.lib.StaticUserWebFilter$StaticUserFilter) to context ozoneManager
2019-08-21 18:55:17,283 [main] INFO  http.HttpServer2 (HttpServer2.java:addFilter(958)) - Added filter static_user_filter (class=org.apache.hadoop.http.lib.StaticUserWebFilter$StaticUserFilter) to context static
2019-08-21 18:55:17,283 [main] INFO  http.HttpServer2 (HttpServer2.java:addFilter(958)) - Added filter static_user_filter (class=org.apache.hadoop.http.lib.StaticUserWebFilter$StaticUserFilter) to context logs
2019-08-21 18:55:17,284 [main] INFO  http.HttpServer2 (HttpServer2.java:bindListener(1191)) - Jetty bound to port 45667
2019-08-21 18:55:17,284 [main] INFO  server.Server (Server.java:doStart(351)) - jetty-9.3.24.v20180605, build timestamp: 2018-06-05T17:11:56Z, git hash: 84205aa28f11a4f31f2a3b86d1bba2cc8ab69827
2019-08-21 18:55:17,286 [main] INFO  handler.ContextHandler (ContextHandler.java:doStart(781)) - Started o.e.j.s.ServletContextHandler@28d74041{/logs,file:///workdir/hadoop-ozone/integration-test/target/log,AVAILABLE}
2019-08-21 18:55:17,287 [main] INFO  handler.ContextHandler (ContextHandler.java:doStart(781)) - Started o.e.j.s.ServletContextHandler@5cbf9aee{/static,file:///workdir/hadoop-ozone/integration-test/target/test-classes/webapps/static,AVAILABLE}
2019-08-21 18:55:17,292 [main] INFO  handler.ContextHandler (ContextHandler.java:doStart(781)) - Started o.e.j.w.WebAppContext@dcf64d2{/,file:///workdir/hadoop-ozone/integration-test/target/test-classes/webapps/ozoneManager/,AVAILABLE}{/ozoneManager}
2019-08-21 18:55:17,292 [main] INFO  server.AbstractConnector (AbstractConnector.java:doStart(278)) - Started ServerConnector@20bc3e7f{HTTP/1.1,[http/1.1]}{0.0.0.0:45667}
2019-08-21 18:55:17,293 [main] INFO  server.Server (Server.java:doStart(419)) - Started @618649ms
2019-08-21 18:55:17,294 [main] INFO  server.BaseHttpServer (BaseHttpServer.java:updateConnectorAddress(213)) - HTTP server of OZONEMANAGER is listening at http://0.0.0.0:45667
2019-08-21 18:55:17,313 [main] INFO  impl.MetricsSystemImpl (MetricsSystemImpl.java:init(158)) - HddsDatanode metrics system started (again)
2019-08-21 18:55:17,316 [main] INFO  ozone.HddsDatanodeService (HddsDatanodeService.java:start(184)) - HddsDatanodeService host:pr-hdds-1998-57vr7-880049069 ip:192.168.36.125
2019-08-21 18:55:17,325 [main] INFO  volume.HddsVolume (HddsVolume.java:<init>(176)) - Creating Volume: /workdir/hadoop-ozone/integration-test/target/test-dir/MiniOzoneClusterImpl-41c02fe8-38d4-41ce-91e4-307d8e6896e2/datanode-0/data/containers/hdds of  storage type : DISK and capacity : 1482555576320
2019-08-21 18:55:17,326 [main] INFO  volume.VolumeSet (VolumeSet.java:initializeVolumeSet(170)) - Added Volume : /workdir/hadoop-ozone/integration-test/target/test-dir/MiniOzoneClusterImpl-41c02fe8-38d4-41ce-91e4-307d8e6896e2/datanode-0/data/containers/hdds to VolumeSet
2019-08-21 18:55:17,326 [main] INFO  volume.ThrottledAsyncChecker (ThrottledAsyncChecker.java:schedule(140)) - Scheduling a check for org.apache.hadoop.ozone.container.common.volume.HddsVolume@5397d41e
2019-08-21 18:55:17,327 [main] INFO  volume.HddsVolumeChecker (HddsVolumeChecker.java:checkAllVolumes(203)) - Scheduled health check for volume org.apache.hadoop.ozone.container.common.volume.HddsVolume@5397d41e
2019-08-21 18:55:17,343 [main] INFO  impl.RaftServerProxy (ConfUtils.java:logGet(43)) - raft.rpc.type = GRPC (default)
2019-08-21 18:55:17,344 [main] INFO  grpc.GrpcFactory (GrpcFactory.java:checkPooledByteBufAllocatorUseCacheForAllThreads(45)) - PERFORMANCE WARNING: useCacheForAllThreads is true that may cause Netty to create a lot garbage objects and, as a result, trigger GC.
	It is recommended to disable useCacheForAllThreads by setting -Dorg.apache.ratis.thirdparty.io.netty.allocator.useCacheForAllThreads=false in command line.
2019-08-21 18:55:17,344 [main] INFO  grpc.GrpcConfigKeys$Server (ConfUtils.java:logGet(43)) - raft.grpc.server.port = 0 (default)
2019-08-21 18:55:17,345 [main] INFO  server.GrpcService (ConfUtils.java:logGet(43)) - raft.grpc.message.size.max = 33570816 (custom)
2019-08-21 18:55:17,345 [main] INFO  server.RaftServerConfigKeys (ConfUtils.java:logGet(43)) - raft.server.log.appender.buffer.byte-limit = 33554432 (custom)
2019-08-21 18:55:17,345 [main] INFO  server.GrpcService (ConfUtils.java:logGet(43)) - raft.grpc.flow.control.window = 1MB (=1048576) (default)
2019-08-21 18:55:17,346 [main] INFO  server.RaftServerConfigKeys (ConfUtils.java:logGet(43)) - raft.server.rpc.request.timeout = 3000ms (default)
2019-08-21 18:55:17,347 [main] INFO  server.RaftServerConfigKeys (ConfUtils.java:logGet(43)) - raft.server.storage.dir = [/workdir/hadoop-ozone/integration-test/target/test-dir/MiniOzoneClusterImpl-41c02fe8-38d4-41ce-91e4-307d8e6896e2/datanode-0/data/ratis] (custom)
2019-08-21 18:55:17,348 [main] INFO  replication.SimpleContainerDownloader (SimpleContainerDownloader.java:<init>(72)) - Starting container downloader service to copy containers to replicate.
2019-08-21 18:55:17,349 [main] INFO  hdfs.DFSUtil (DFSUtil.java:httpServerTemplateForNNAndJN(1641)) - Starting Web-server for hddsDatanode at: http://0.0.0.0:0
2019-08-21 18:55:17,351 [main] INFO  server.AuthenticationFilter (AuthenticationFilter.java:constructSecretProvider(240)) - Unable to initialize FileSignerSecretProvider, falling back to use random secrets.
2019-08-21 18:55:17,352 [main] WARN  http.HttpRequestLog (HttpRequestLog.java:getRequestLog(97)) - Jetty request log can only be enabled using Log4j
2019-08-21 18:55:17,354 [main] INFO  http.HttpServer2 (HttpServer2.java:addGlobalFilter(975)) - Added global filter 'safety' (class=org.apache.hadoop.http.HttpServer2$QuotingInputFilter)
2019-08-21 18:55:17,355 [main] INFO  http.HttpServer2 (HttpServer2.java:addFilter(948)) - Added filter static_user_filter (class=org.apache.hadoop.http.lib.StaticUserWebFilter$StaticUserFilter) to context hddsDatanode
2019-08-21 18:55:17,355 [main] INFO  http.HttpServer2 (HttpServer2.java:addFilter(958)) - Added filter static_user_filter (class=org.apache.hadoop.http.lib.StaticUserWebFilter$StaticUserFilter) to context static
2019-08-21 18:55:17,355 [main] INFO  http.HttpServer2 (HttpServer2.java:addFilter(958)) - Added filter static_user_filter (class=org.apache.hadoop.http.lib.StaticUserWebFilter$StaticUserFilter) to context logs
2019-08-21 18:55:17,356 [main] INFO  http.HttpServer2 (HttpServer2.java:bindListener(1191)) - Jetty bound to port 42475
2019-08-21 18:55:17,356 [main] INFO  server.Server (Server.java:doStart(351)) - jetty-9.3.24.v20180605, build timestamp: 2018-06-05T17:11:56Z, git hash: 84205aa28f11a4f31f2a3b86d1bba2cc8ab69827
2019-08-21 18:55:17,358 [main] INFO  handler.ContextHandler (ContextHandler.java:doStart(781)) - Started o.e.j.s.ServletContextHandler@63ead376{/logs,file:///workdir/hadoop-ozone/integration-test/target/log,AVAILABLE}
2019-08-21 18:55:17,358 [main] INFO  handler.ContextHandler (ContextHandler.java:doStart(781)) - Started o.e.j.s.ServletContextHandler@639c5ab4{/static,jar:file:/home/user/.m2/repository/org/apache/hadoop/hadoop-hdds-container-service/0.5.0-SNAPSHOT/hadoop-hdds-container-service-0.5.0-SNAPSHOT.jar!/webapps/static,AVAILABLE}
2019-08-21 18:55:17,392 [main] INFO  handler.ContextHandler (ContextHandler.java:doStart(781)) - Started o.e.j.w.WebAppContext@6c79a7c1{/,file:///tmp/jetty-0.0.0.0-42475-hddsDatanode-_-any-378273608614115543.dir/webapp/,AVAILABLE}{/hddsDatanode}
2019-08-21 18:55:17,392 [main] INFO  server.AbstractConnector (AbstractConnector.java:doStart(278)) - Started ServerConnector@5d160056{HTTP/1.1,[http/1.1]}{0.0.0.0:42475}
2019-08-21 18:55:17,394 [main] INFO  server.Server (Server.java:doStart(419)) - Started @618750ms
2019-08-21 18:55:17,395 [main] INFO  server.BaseHttpServer (BaseHttpServer.java:updateConnectorAddress(213)) - HTTP server of HDDSDATANODE is listening at http://0.0.0.0:42475
2019-08-21 18:55:17,521 | INFO  | ObjectStoreRestHttpServer | Listening HDDS REST traffic on /0.0.0.0:39519 |  
2019-08-21 18:55:17,522 [main] INFO  ozone.HddsDatanodeService (HddsDatanodeService.java:startPlugins(395)) - Started plug-in org.apache.hadoop.ozone.web.OzoneHddsDatanodeService@65d3e2ba
2019-08-21 18:55:17,522 [main] INFO  impl.MetricsSystemImpl (MetricsSystemImpl.java:init(158)) - HddsDatanode metrics system started (again)
2019-08-21 18:55:17,524 [org.apache.hadoop.util.JvmPauseMonitor$Monitor@cbf12bf] INFO  util.JvmPauseMonitor (JvmPauseMonitor.java:run(188)) - Starting JVM pause monitor
2019-08-21 18:55:17,524 [main] INFO  ozone.HddsDatanodeService (HddsDatanodeService.java:start(184)) - HddsDatanodeService host:pr-hdds-1998-57vr7-880049069 ip:192.168.36.125
2019-08-21 18:55:17,526 [Datanode State Machine Thread - 0] INFO  datanode.InitDatanodeState (InitDatanodeState.java:persistContainerDatanodeDetails(140)) - DatanodeDetails is persisted to /workdir/hadoop-ozone/integration-test/target/test-dir/MiniOzoneClusterImpl-41c02fe8-38d4-41ce-91e4-307d8e6896e2/datanode-0/meta/datanode.id
2019-08-21 18:55:17,533 [main] INFO  volume.HddsVolume (HddsVolume.java:<init>(176)) - Creating Volume: /workdir/hadoop-ozone/integration-test/target/test-dir/MiniOzoneClusterImpl-41c02fe8-38d4-41ce-91e4-307d8e6896e2/datanode-1/data/containers/hdds of  storage type : DISK and capacity : 1482555576320
2019-08-21 18:55:17,534 [main] INFO  volume.VolumeSet (VolumeSet.java:initializeVolumeSet(170)) - Added Volume : /workdir/hadoop-ozone/integration-test/target/test-dir/MiniOzoneClusterImpl-41c02fe8-38d4-41ce-91e4-307d8e6896e2/datanode-1/data/containers/hdds to VolumeSet
2019-08-21 18:55:17,534 [main] INFO  volume.ThrottledAsyncChecker (ThrottledAsyncChecker.java:schedule(140)) - Scheduling a check for org.apache.hadoop.ozone.container.common.volume.HddsVolume@193f5509
2019-08-21 18:55:17,534 [main] INFO  volume.HddsVolumeChecker (HddsVolumeChecker.java:checkAllVolumes(203)) - Scheduled health check for volume org.apache.hadoop.ozone.container.common.volume.HddsVolume@193f5509
2019-08-21 18:55:17,550 [main] INFO  impl.RaftServerProxy (ConfUtils.java:logGet(43)) - raft.rpc.type = GRPC (default)
2019-08-21 18:55:17,550 [main] INFO  grpc.GrpcFactory (GrpcFactory.java:checkPooledByteBufAllocatorUseCacheForAllThreads(45)) - PERFORMANCE WARNING: useCacheForAllThreads is true that may cause Netty to create a lot garbage objects and, as a result, trigger GC.
	It is recommended to disable useCacheForAllThreads by setting -Dorg.apache.ratis.thirdparty.io.netty.allocator.useCacheForAllThreads=false in command line.
2019-08-21 18:55:17,551 [main] INFO  grpc.GrpcConfigKeys$Server (ConfUtils.java:logGet(43)) - raft.grpc.server.port = 0 (default)
2019-08-21 18:55:17,551 [main] INFO  server.GrpcService (ConfUtils.java:logGet(43)) - raft.grpc.message.size.max = 33570816 (custom)
2019-08-21 18:55:17,551 [main] INFO  server.RaftServerConfigKeys (ConfUtils.java:logGet(43)) - raft.server.log.appender.buffer.byte-limit = 33554432 (custom)
2019-08-21 18:55:17,551 [main] INFO  server.GrpcService (ConfUtils.java:logGet(43)) - raft.grpc.flow.control.window = 1MB (=1048576) (default)
2019-08-21 18:55:17,552 [main] INFO  server.RaftServerConfigKeys (ConfUtils.java:logGet(43)) - raft.server.rpc.request.timeout = 3000ms (default)
2019-08-21 18:55:17,552 [main] INFO  server.RaftServerConfigKeys (ConfUtils.java:logGet(43)) - raft.server.storage.dir = [/workdir/hadoop-ozone/integration-test/target/test-dir/MiniOzoneClusterImpl-41c02fe8-38d4-41ce-91e4-307d8e6896e2/datanode-1/data/ratis] (custom)
2019-08-21 18:55:17,553 [main] INFO  replication.SimpleContainerDownloader (SimpleContainerDownloader.java:<init>(72)) - Starting container downloader service to copy containers to replicate.
2019-08-21 18:55:17,554 [main] INFO  hdfs.DFSUtil (DFSUtil.java:httpServerTemplateForNNAndJN(1641)) - Starting Web-server for hddsDatanode at: http://0.0.0.0:0
2019-08-21 18:55:17,555 [main] INFO  server.AuthenticationFilter (AuthenticationFilter.java:constructSecretProvider(240)) - Unable to initialize FileSignerSecretProvider, falling back to use random secrets.
2019-08-21 18:55:17,555 [main] WARN  http.HttpRequestLog (HttpRequestLog.java:getRequestLog(97)) - Jetty request log can only be enabled using Log4j
2019-08-21 18:55:17,557 [main] INFO  http.HttpServer2 (HttpServer2.java:addGlobalFilter(975)) - Added global filter 'safety' (class=org.apache.hadoop.http.HttpServer2$QuotingInputFilter)
2019-08-21 18:55:17,557 [main] INFO  http.HttpServer2 (HttpServer2.java:addFilter(948)) - Added filter static_user_filter (class=org.apache.hadoop.http.lib.StaticUserWebFilter$StaticUserFilter) to context hddsDatanode
2019-08-21 18:55:17,558 [main] INFO  http.HttpServer2 (HttpServer2.java:addFilter(958)) - Added filter static_user_filter (class=org.apache.hadoop.http.lib.StaticUserWebFilter$StaticUserFilter) to context static
2019-08-21 18:55:17,558 [main] INFO  http.HttpServer2 (HttpServer2.java:addFilter(958)) - Added filter static_user_filter (class=org.apache.hadoop.http.lib.StaticUserWebFilter$StaticUserFilter) to context logs
2019-08-21 18:55:17,558 [main] INFO  http.HttpServer2 (HttpServer2.java:bindListener(1191)) - Jetty bound to port 42709
2019-08-21 18:55:17,559 [main] INFO  server.Server (Server.java:doStart(351)) - jetty-9.3.24.v20180605, build timestamp: 2018-06-05T17:11:56Z, git hash: 84205aa28f11a4f31f2a3b86d1bba2cc8ab69827
2019-08-21 18:55:17,560 [main] INFO  handler.ContextHandler (ContextHandler.java:doStart(781)) - Started o.e.j.s.ServletContextHandler@267d9cc0{/logs,file:///workdir/hadoop-ozone/integration-test/target/log,AVAILABLE}
2019-08-21 18:55:17,560 [main] INFO  handler.ContextHandler (ContextHandler.java:doStart(781)) - Started o.e.j.s.ServletContextHandler@72f71ea2{/static,jar:file:/home/user/.m2/repository/org/apache/hadoop/hadoop-hdds-container-service/0.5.0-SNAPSHOT/hadoop-hdds-container-service-0.5.0-SNAPSHOT.jar!/webapps/static,AVAILABLE}
2019-08-21 18:55:17,587 [main] INFO  handler.ContextHandler (ContextHandler.java:doStart(781)) - Started o.e.j.w.WebAppContext@5444c63f{/,file:///tmp/jetty-0.0.0.0-42709-hddsDatanode-_-any-1208288663725561011.dir/webapp/,AVAILABLE}{/hddsDatanode}
2019-08-21 18:55:17,588 [main] INFO  server.AbstractConnector (AbstractConnector.java:doStart(278)) - Started ServerConnector@31b827a6{HTTP/1.1,[http/1.1]}{0.0.0.0:42709}
2019-08-21 18:55:17,588 [main] INFO  server.Server (Server.java:doStart(419)) - Started @618944ms
2019-08-21 18:55:17,589 [main] INFO  server.BaseHttpServer (BaseHttpServer.java:updateConnectorAddress(213)) - HTTP server of HDDSDATANODE is listening at http://0.0.0.0:42709
2019-08-21 18:55:18,052 | INFO  | ObjectStoreRestHttpServer | Listening HDDS REST traffic on /0.0.0.0:40443 |  
2019-08-21 18:55:18,052 [main] INFO  ozone.HddsDatanodeService (HddsDatanodeService.java:startPlugins(395)) - Started plug-in org.apache.hadoop.ozone.web.OzoneHddsDatanodeService@52d625bd
2019-08-21 18:55:18,053 [main] INFO  impl.MetricsSystemImpl (MetricsSystemImpl.java:init(158)) - HddsDatanode metrics system started (again)
2019-08-21 18:55:18,055 [org.apache.hadoop.util.JvmPauseMonitor$Monitor@46e918a1] INFO  util.JvmPauseMonitor (JvmPauseMonitor.java:run(188)) - Starting JVM pause monitor
2019-08-21 18:55:18,055 [main] INFO  ozone.HddsDatanodeService (HddsDatanodeService.java:start(184)) - HddsDatanodeService host:pr-hdds-1998-57vr7-880049069 ip:192.168.36.125
2019-08-21 18:55:18,056 [Datanode State Machine Thread - 0] INFO  datanode.InitDatanodeState (InitDatanodeState.java:persistContainerDatanodeDetails(140)) - DatanodeDetails is persisted to /workdir/hadoop-ozone/integration-test/target/test-dir/MiniOzoneClusterImpl-41c02fe8-38d4-41ce-91e4-307d8e6896e2/datanode-1/meta/datanode.id
2019-08-21 18:55:18,062 [main] INFO  volume.HddsVolume (HddsVolume.java:<init>(176)) - Creating Volume: /workdir/hadoop-ozone/integration-test/target/test-dir/MiniOzoneClusterImpl-41c02fe8-38d4-41ce-91e4-307d8e6896e2/datanode-2/data/containers/hdds of  storage type : DISK and capacity : 1482555576320
2019-08-21 18:55:18,063 [main] INFO  volume.VolumeSet (VolumeSet.java:initializeVolumeSet(170)) - Added Volume : /workdir/hadoop-ozone/integration-test/target/test-dir/MiniOzoneClusterImpl-41c02fe8-38d4-41ce-91e4-307d8e6896e2/datanode-2/data/containers/hdds to VolumeSet
2019-08-21 18:55:18,063 [main] INFO  volume.ThrottledAsyncChecker (ThrottledAsyncChecker.java:schedule(140)) - Scheduling a check for org.apache.hadoop.ozone.container.common.volume.HddsVolume@17c3e33
2019-08-21 18:55:18,063 [main] INFO  volume.HddsVolumeChecker (HddsVolumeChecker.java:checkAllVolumes(203)) - Scheduled health check for volume org.apache.hadoop.ozone.container.common.volume.HddsVolume@17c3e33
2019-08-21 18:55:18,076 [main] INFO  impl.RaftServerProxy (ConfUtils.java:logGet(43)) - raft.rpc.type = GRPC (default)
2019-08-21 18:55:18,077 [main] INFO  grpc.GrpcFactory (GrpcFactory.java:checkPooledByteBufAllocatorUseCacheForAllThreads(45)) - PERFORMANCE WARNING: useCacheForAllThreads is true that may cause Netty to create a lot garbage objects and, as a result, trigger GC.
	It is recommended to disable useCacheForAllThreads by setting -Dorg.apache.ratis.thirdparty.io.netty.allocator.useCacheForAllThreads=false in command line.
2019-08-21 18:55:18,077 [main] INFO  grpc.GrpcConfigKeys$Server (ConfUtils.java:logGet(43)) - raft.grpc.server.port = 0 (default)
2019-08-21 18:55:18,077 [main] INFO  server.GrpcService (ConfUtils.java:logGet(43)) - raft.grpc.message.size.max = 33570816 (custom)
2019-08-21 18:55:18,077 [main] INFO  server.RaftServerConfigKeys (ConfUtils.java:logGet(43)) - raft.server.log.appender.buffer.byte-limit = 33554432 (custom)
2019-08-21 18:55:18,077 [main] INFO  server.GrpcService (ConfUtils.java:logGet(43)) - raft.grpc.flow.control.window = 1MB (=1048576) (default)
2019-08-21 18:55:18,078 [main] INFO  server.RaftServerConfigKeys (ConfUtils.java:logGet(43)) - raft.server.rpc.request.timeout = 3000ms (default)
2019-08-21 18:55:18,078 [main] INFO  server.RaftServerConfigKeys (ConfUtils.java:logGet(43)) - raft.server.storage.dir = [/workdir/hadoop-ozone/integration-test/target/test-dir/MiniOzoneClusterImpl-41c02fe8-38d4-41ce-91e4-307d8e6896e2/datanode-2/data/ratis] (custom)
2019-08-21 18:55:18,078 [main] INFO  replication.SimpleContainerDownloader (SimpleContainerDownloader.java:<init>(72)) - Starting container downloader service to copy containers to replicate.
2019-08-21 18:55:18,079 [main] INFO  hdfs.DFSUtil (DFSUtil.java:httpServerTemplateForNNAndJN(1641)) - Starting Web-server for hddsDatanode at: http://0.0.0.0:0
2019-08-21 18:55:18,081 [main] INFO  server.AuthenticationFilter (AuthenticationFilter.java:constructSecretProvider(240)) - Unable to initialize FileSignerSecretProvider, falling back to use random secrets.
2019-08-21 18:55:18,081 [main] WARN  http.HttpRequestLog (HttpRequestLog.java:getRequestLog(97)) - Jetty request log can only be enabled using Log4j
2019-08-21 18:55:18,082 [main] INFO  http.HttpServer2 (HttpServer2.java:addGlobalFilter(975)) - Added global filter 'safety' (class=org.apache.hadoop.http.HttpServer2$QuotingInputFilter)
2019-08-21 18:55:18,083 [main] INFO  http.HttpServer2 (HttpServer2.java:addFilter(948)) - Added filter static_user_filter (class=org.apache.hadoop.http.lib.StaticUserWebFilter$StaticUserFilter) to context hddsDatanode
2019-08-21 18:55:18,083 [main] INFO  http.HttpServer2 (HttpServer2.java:addFilter(958)) - Added filter static_user_filter (class=org.apache.hadoop.http.lib.StaticUserWebFilter$StaticUserFilter) to context static
2019-08-21 18:55:18,083 [main] INFO  http.HttpServer2 (HttpServer2.java:addFilter(958)) - Added filter static_user_filter (class=org.apache.hadoop.http.lib.StaticUserWebFilter$StaticUserFilter) to context logs
2019-08-21 18:55:18,084 [main] INFO  http.HttpServer2 (HttpServer2.java:bindListener(1191)) - Jetty bound to port 37260
2019-08-21 18:55:18,084 [main] INFO  server.Server (Server.java:doStart(351)) - jetty-9.3.24.v20180605, build timestamp: 2018-06-05T17:11:56Z, git hash: 84205aa28f11a4f31f2a3b86d1bba2cc8ab69827
2019-08-21 18:55:18,085 [main] INFO  handler.ContextHandler (ContextHandler.java:doStart(781)) - Started o.e.j.s.ServletContextHandler@651a399{/logs,file:///workdir/hadoop-ozone/integration-test/target/log,AVAILABLE}
2019-08-21 18:55:18,085 [main] INFO  handler.ContextHandler (ContextHandler.java:doStart(781)) - Started o.e.j.s.ServletContextHandler@6db99c79{/static,jar:file:/home/user/.m2/repository/org/apache/hadoop/hadoop-hdds-container-service/0.5.0-SNAPSHOT/hadoop-hdds-container-service-0.5.0-SNAPSHOT.jar!/webapps/static,AVAILABLE}
2019-08-21 18:55:18,113 [main] INFO  handler.ContextHandler (ContextHandler.java:doStart(781)) - Started o.e.j.w.WebAppContext@4fe91eed{/,file:///tmp/jetty-0.0.0.0-37260-hddsDatanode-_-any-3614414027137297514.dir/webapp/,AVAILABLE}{/hddsDatanode}
2019-08-21 18:55:18,113 [main] INFO  server.AbstractConnector (AbstractConnector.java:doStart(278)) - Started ServerConnector@329cef32{HTTP/1.1,[http/1.1]}{0.0.0.0:37260}
2019-08-21 18:55:18,114 [main] INFO  server.Server (Server.java:doStart(419)) - Started @619470ms
2019-08-21 18:55:18,115 [main] INFO  server.BaseHttpServer (BaseHttpServer.java:updateConnectorAddress(213)) - HTTP server of HDDSDATANODE is listening at http://0.0.0.0:37260
2019-08-21 18:55:18,244 | INFO  | ObjectStoreRestHttpServer | Listening HDDS REST traffic on /0.0.0.0:33864 |  
2019-08-21 18:55:18,244 [main] INFO  ozone.HddsDatanodeService (HddsDatanodeService.java:startPlugins(395)) - Started plug-in org.apache.hadoop.ozone.web.OzoneHddsDatanodeService@688e6d4e
2019-08-21 18:55:18,245 [main] INFO  impl.MetricsSystemImpl (MetricsSystemImpl.java:init(158)) - HddsDatanode metrics system started (again)
2019-08-21 18:55:18,248 [org.apache.hadoop.util.JvmPauseMonitor$Monitor@152821a4] INFO  util.JvmPauseMonitor (JvmPauseMonitor.java:run(188)) - Starting JVM pause monitor
2019-08-21 18:55:18,249 [main] INFO  ozone.HddsDatanodeService (HddsDatanodeService.java:start(184)) - HddsDatanodeService host:pr-hdds-1998-57vr7-880049069 ip:192.168.36.125
2019-08-21 18:55:18,249 [Datanode State Machine Thread - 0] INFO  datanode.InitDatanodeState (InitDatanodeState.java:persistContainerDatanodeDetails(140)) - DatanodeDetails is persisted to /workdir/hadoop-ozone/integration-test/target/test-dir/MiniOzoneClusterImpl-41c02fe8-38d4-41ce-91e4-307d8e6896e2/datanode-2/meta/datanode.id
2019-08-21 18:55:18,258 [main] INFO  volume.HddsVolume (HddsVolume.java:<init>(176)) - Creating Volume: /workdir/hadoop-ozone/integration-test/target/test-dir/MiniOzoneClusterImpl-41c02fe8-38d4-41ce-91e4-307d8e6896e2/datanode-3/data/containers/hdds of  storage type : DISK and capacity : 1482555576320
2019-08-21 18:55:18,258 [main] INFO  volume.VolumeSet (VolumeSet.java:initializeVolumeSet(170)) - Added Volume : /workdir/hadoop-ozone/integration-test/target/test-dir/MiniOzoneClusterImpl-41c02fe8-38d4-41ce-91e4-307d8e6896e2/datanode-3/data/containers/hdds to VolumeSet
2019-08-21 18:55:18,258 [main] INFO  volume.ThrottledAsyncChecker (ThrottledAsyncChecker.java:schedule(140)) - Scheduling a check for org.apache.hadoop.ozone.container.common.volume.HddsVolume@10c11e36
2019-08-21 18:55:18,259 [main] INFO  volume.HddsVolumeChecker (HddsVolumeChecker.java:checkAllVolumes(203)) - Scheduled health check for volume org.apache.hadoop.ozone.container.common.volume.HddsVolume@10c11e36
2019-08-21 18:55:18,273 [main] INFO  impl.RaftServerProxy (ConfUtils.java:logGet(43)) - raft.rpc.type = GRPC (default)
2019-08-21 18:55:18,273 [main] INFO  grpc.GrpcFactory (GrpcFactory.java:checkPooledByteBufAllocatorUseCacheForAllThreads(45)) - PERFORMANCE WARNING: useCacheForAllThreads is true that may cause Netty to create a lot garbage objects and, as a result, trigger GC.
	It is recommended to disable useCacheForAllThreads by setting -Dorg.apache.ratis.thirdparty.io.netty.allocator.useCacheForAllThreads=false in command line.
2019-08-21 18:55:18,273 [main] INFO  grpc.GrpcConfigKeys$Server (ConfUtils.java:logGet(43)) - raft.grpc.server.port = 0 (default)
2019-08-21 18:55:18,273 [main] INFO  server.GrpcService (ConfUtils.java:logGet(43)) - raft.grpc.message.size.max = 33570816 (custom)
2019-08-21 18:55:18,273 [main] INFO  server.RaftServerConfigKeys (ConfUtils.java:logGet(43)) - raft.server.log.appender.buffer.byte-limit = 33554432 (custom)
2019-08-21 18:55:18,274 [main] INFO  server.GrpcService (ConfUtils.java:logGet(43)) - raft.grpc.flow.control.window = 1MB (=1048576) (default)
2019-08-21 18:55:18,274 [main] INFO  server.RaftServerConfigKeys (ConfUtils.java:logGet(43)) - raft.server.rpc.request.timeout = 3000ms (default)
2019-08-21 18:55:18,274 [main] INFO  server.RaftServerConfigKeys (ConfUtils.java:logGet(43)) - raft.server.storage.dir = [/workdir/hadoop-ozone/integration-test/target/test-dir/MiniOzoneClusterImpl-41c02fe8-38d4-41ce-91e4-307d8e6896e2/datanode-3/data/ratis] (custom)
2019-08-21 18:55:18,275 [main] INFO  replication.SimpleContainerDownloader (SimpleContainerDownloader.java:<init>(72)) - Starting container downloader service to copy containers to replicate.
2019-08-21 18:55:18,275 [main] INFO  hdfs.DFSUtil (DFSUtil.java:httpServerTemplateForNNAndJN(1641)) - Starting Web-server for hddsDatanode at: http://0.0.0.0:0
2019-08-21 18:55:18,277 [main] INFO  server.AuthenticationFilter (AuthenticationFilter.java:constructSecretProvider(240)) - Unable to initialize FileSignerSecretProvider, falling back to use random secrets.
2019-08-21 18:55:18,277 [main] WARN  http.HttpRequestLog (HttpRequestLog.java:getRequestLog(97)) - Jetty request log can only be enabled using Log4j
2019-08-21 18:55:18,279 [main] INFO  http.HttpServer2 (HttpServer2.java:addGlobalFilter(975)) - Added global filter 'safety' (class=org.apache.hadoop.http.HttpServer2$QuotingInputFilter)
2019-08-21 18:55:18,279 [main] INFO  http.HttpServer2 (HttpServer2.java:addFilter(948)) - Added filter static_user_filter (class=org.apache.hadoop.http.lib.StaticUserWebFilter$StaticUserFilter) to context hddsDatanode
2019-08-21 18:55:18,280 [main] INFO  http.HttpServer2 (HttpServer2.java:addFilter(958)) - Added filter static_user_filter (class=org.apache.hadoop.http.lib.StaticUserWebFilter$StaticUserFilter) to context logs
2019-08-21 18:55:18,280 [main] INFO  http.HttpServer2 (HttpServer2.java:addFilter(958)) - Added filter static_user_filter (class=org.apache.hadoop.http.lib.StaticUserWebFilter$StaticUserFilter) to context static
2019-08-21 18:55:18,281 [main] INFO  http.HttpServer2 (HttpServer2.java:bindListener(1191)) - Jetty bound to port 35252
2019-08-21 18:55:18,281 [main] INFO  server.Server (Server.java:doStart(351)) - jetty-9.3.24.v20180605, build timestamp: 2018-06-05T17:11:56Z, git hash: 84205aa28f11a4f31f2a3b86d1bba2cc8ab69827
2019-08-21 18:55:18,283 [main] INFO  handler.ContextHandler (ContextHandler.java:doStart(781)) - Started o.e.j.s.ServletContextHandler@4f7bc9a3{/logs,file:///workdir/hadoop-ozone/integration-test/target/log,AVAILABLE}
2019-08-21 18:55:18,283 [main] INFO  handler.ContextHandler (ContextHandler.java:doStart(781)) - Started o.e.j.s.ServletContextHandler@cf933b1{/static,jar:file:/home/user/.m2/repository/org/apache/hadoop/hadoop-hdds-container-service/0.5.0-SNAPSHOT/hadoop-hdds-container-service-0.5.0-SNAPSHOT.jar!/webapps/static,AVAILABLE}
2019-08-21 18:55:18,318 [main] INFO  handler.ContextHandler (ContextHandler.java:doStart(781)) - Started o.e.j.w.WebAppContext@301c0aae{/,file:///tmp/jetty-0.0.0.0-35252-hddsDatanode-_-any-4026400128220165736.dir/webapp/,AVAILABLE}{/hddsDatanode}
2019-08-21 18:55:18,319 [main] INFO  server.AbstractConnector (AbstractConnector.java:doStart(278)) - Started ServerConnector@105e8710{HTTP/1.1,[http/1.1]}{0.0.0.0:35252}
2019-08-21 18:55:18,320 [main] INFO  server.Server (Server.java:doStart(419)) - Started @619676ms
2019-08-21 18:55:18,321 [main] INFO  server.BaseHttpServer (BaseHttpServer.java:updateConnectorAddress(213)) - HTTP server of HDDSDATANODE is listening at http://0.0.0.0:35252
2019-08-21 18:55:18,504 | INFO  | ObjectStoreRestHttpServer | Listening HDDS REST traffic on /0.0.0.0:39772 |  
2019-08-21 18:55:18,504 [main] INFO  ozone.HddsDatanodeService (HddsDatanodeService.java:startPlugins(395)) - Started plug-in org.apache.hadoop.ozone.web.OzoneHddsDatanodeService@2b0df4ba
2019-08-21 18:55:18,505 [main] INFO  impl.MetricsSystemImpl (MetricsSystemImpl.java:init(158)) - HddsDatanode metrics system started (again)
2019-08-21 18:55:18,510 [main] INFO  ozone.HddsDatanodeService (HddsDatanodeService.java:start(184)) - HddsDatanodeService host:pr-hdds-1998-57vr7-880049069 ip:192.168.36.125
2019-08-21 18:55:18,511 [org.apache.hadoop.util.JvmPauseMonitor$Monitor@4021c883] INFO  util.JvmPauseMonitor (JvmPauseMonitor.java:run(188)) - Starting JVM pause monitor
2019-08-21 18:55:18,513 [Datanode State Machine Thread - 0] INFO  datanode.InitDatanodeState (InitDatanodeState.java:persistContainerDatanodeDetails(140)) - DatanodeDetails is persisted to /workdir/hadoop-ozone/integration-test/target/test-dir/MiniOzoneClusterImpl-41c02fe8-38d4-41ce-91e4-307d8e6896e2/datanode-3/meta/datanode.id
2019-08-21 18:55:18,520 [main] INFO  volume.HddsVolume (HddsVolume.java:<init>(176)) - Creating Volume: /workdir/hadoop-ozone/integration-test/target/test-dir/MiniOzoneClusterImpl-41c02fe8-38d4-41ce-91e4-307d8e6896e2/datanode-4/data/containers/hdds of  storage type : DISK and capacity : 1482555576320
2019-08-21 18:55:18,520 [main] INFO  volume.VolumeSet (VolumeSet.java:initializeVolumeSet(170)) - Added Volume : /workdir/hadoop-ozone/integration-test/target/test-dir/MiniOzoneClusterImpl-41c02fe8-38d4-41ce-91e4-307d8e6896e2/datanode-4/data/containers/hdds to VolumeSet
2019-08-21 18:55:18,520 [main] INFO  volume.ThrottledAsyncChecker (ThrottledAsyncChecker.java:schedule(140)) - Scheduling a check for org.apache.hadoop.ozone.container.common.volume.HddsVolume@1179731c
2019-08-21 18:55:18,521 [main] INFO  volume.HddsVolumeChecker (HddsVolumeChecker.java:checkAllVolumes(203)) - Scheduled health check for volume org.apache.hadoop.ozone.container.common.volume.HddsVolume@1179731c
2019-08-21 18:55:18,536 [main] INFO  impl.RaftServerProxy (ConfUtils.java:logGet(43)) - raft.rpc.type = GRPC (default)
2019-08-21 18:55:18,537 [main] INFO  grpc.GrpcFactory (GrpcFactory.java:checkPooledByteBufAllocatorUseCacheForAllThreads(45)) - PERFORMANCE WARNING: useCacheForAllThreads is true that may cause Netty to create a lot garbage objects and, as a result, trigger GC.
	It is recommended to disable useCacheForAllThreads by setting -Dorg.apache.ratis.thirdparty.io.netty.allocator.useCacheForAllThreads=false in command line.
2019-08-21 18:55:18,537 [main] INFO  grpc.GrpcConfigKeys$Server (ConfUtils.java:logGet(43)) - raft.grpc.server.port = 0 (default)
2019-08-21 18:55:18,537 [main] INFO  server.GrpcService (ConfUtils.java:logGet(43)) - raft.grpc.message.size.max = 33570816 (custom)
2019-08-21 18:55:18,537 [main] INFO  server.RaftServerConfigKeys (ConfUtils.java:logGet(43)) - raft.server.log.appender.buffer.byte-limit = 33554432 (custom)
2019-08-21 18:55:18,538 [main] INFO  server.GrpcService (ConfUtils.java:logGet(43)) - raft.grpc.flow.control.window = 1MB (=1048576) (default)
2019-08-21 18:55:18,538 [main] INFO  server.RaftServerConfigKeys (ConfUtils.java:logGet(43)) - raft.server.rpc.request.timeout = 3000ms (default)
2019-08-21 18:55:18,538 [main] INFO  server.RaftServerConfigKeys (ConfUtils.java:logGet(43)) - raft.server.storage.dir = [/workdir/hadoop-ozone/integration-test/target/test-dir/MiniOzoneClusterImpl-41c02fe8-38d4-41ce-91e4-307d8e6896e2/datanode-4/data/ratis] (custom)
2019-08-21 18:55:18,539 [main] INFO  replication.SimpleContainerDownloader (SimpleContainerDownloader.java:<init>(72)) - Starting container downloader service to copy containers to replicate.
2019-08-21 18:55:18,540 [main] INFO  hdfs.DFSUtil (DFSUtil.java:httpServerTemplateForNNAndJN(1641)) - Starting Web-server for hddsDatanode at: http://0.0.0.0:0
2019-08-21 18:55:18,542 [main] INFO  server.AuthenticationFilter (AuthenticationFilter.java:constructSecretProvider(240)) - Unable to initialize FileSignerSecretProvider, falling back to use random secrets.
2019-08-21 18:55:18,543 [main] WARN  http.HttpRequestLog (HttpRequestLog.java:getRequestLog(97)) - Jetty request log can only be enabled using Log4j
2019-08-21 18:55:18,545 [main] INFO  http.HttpServer2 (HttpServer2.java:addGlobalFilter(975)) - Added global filter 'safety' (class=org.apache.hadoop.http.HttpServer2$QuotingInputFilter)
2019-08-21 18:55:18,545 [main] INFO  http.HttpServer2 (HttpServer2.java:addFilter(948)) - Added filter static_user_filter (class=org.apache.hadoop.http.lib.StaticUserWebFilter$StaticUserFilter) to context hddsDatanode
2019-08-21 18:55:18,545 [main] INFO  http.HttpServer2 (HttpServer2.java:addFilter(958)) - Added filter static_user_filter (class=org.apache.hadoop.http.lib.StaticUserWebFilter$StaticUserFilter) to context logs
2019-08-21 18:55:18,546 [main] INFO  http.HttpServer2 (HttpServer2.java:addFilter(958)) - Added filter static_user_filter (class=org.apache.hadoop.http.lib.StaticUserWebFilter$StaticUserFilter) to context static
2019-08-21 18:55:18,546 [main] INFO  http.HttpServer2 (HttpServer2.java:bindListener(1191)) - Jetty bound to port 43320
2019-08-21 18:55:18,547 [main] INFO  server.Server (Server.java:doStart(351)) - jetty-9.3.24.v20180605, build timestamp: 2018-06-05T17:11:56Z, git hash: 84205aa28f11a4f31f2a3b86d1bba2cc8ab69827
2019-08-21 18:55:18,548 [main] INFO  handler.ContextHandler (ContextHandler.java:doStart(781)) - Started o.e.j.s.ServletContextHandler@2c841ac4{/logs,file:///workdir/hadoop-ozone/integration-test/target/log,AVAILABLE}
2019-08-21 18:55:18,549 [main] INFO  handler.ContextHandler (ContextHandler.java:doStart(781)) - Started o.e.j.s.ServletContextHandler@1fcef7{/static,jar:file:/home/user/.m2/repository/org/apache/hadoop/hadoop-hdds-container-service/0.5.0-SNAPSHOT/hadoop-hdds-container-service-0.5.0-SNAPSHOT.jar!/webapps/static,AVAILABLE}
2019-08-21 18:55:18,580 [main] INFO  handler.ContextHandler (ContextHandler.java:doStart(781)) - Started o.e.j.w.WebAppContext@316987c4{/,file:///tmp/jetty-0.0.0.0-43320-hddsDatanode-_-any-5444971282372009116.dir/webapp/,AVAILABLE}{/hddsDatanode}
2019-08-21 18:55:18,580 [main] INFO  server.AbstractConnector (AbstractConnector.java:doStart(278)) - Started ServerConnector@32eca9f4{HTTP/1.1,[http/1.1]}{0.0.0.0:43320}
2019-08-21 18:55:18,582 [main] INFO  server.Server (Server.java:doStart(419)) - Started @619938ms
2019-08-21 18:55:18,583 [main] INFO  server.BaseHttpServer (BaseHttpServer.java:updateConnectorAddress(213)) - HTTP server of HDDSDATANODE is listening at http://0.0.0.0:43320
2019-08-21 18:55:18,711 | INFO  | ObjectStoreRestHttpServer | Listening HDDS REST traffic on /0.0.0.0:43636 |  
2019-08-21 18:55:18,711 [main] INFO  ozone.HddsDatanodeService (HddsDatanodeService.java:startPlugins(395)) - Started plug-in org.apache.hadoop.ozone.web.OzoneHddsDatanodeService@21c7415e
2019-08-21 18:55:18,712 [main] INFO  impl.MetricsSystemImpl (MetricsSystemImpl.java:init(158)) - HddsDatanode metrics system started (again)
2019-08-21 18:55:18,716 [org.apache.hadoop.util.JvmPauseMonitor$Monitor@6b575efc] INFO  util.JvmPauseMonitor (JvmPauseMonitor.java:run(188)) - Starting JVM pause monitor
2019-08-21 18:55:18,717 [main] INFO  ozone.HddsDatanodeService (HddsDatanodeService.java:start(184)) - HddsDatanodeService host:pr-hdds-1998-57vr7-880049069 ip:192.168.36.125
2019-08-21 18:55:18,717 [Datanode State Machine Thread - 0] INFO  datanode.InitDatanodeState (InitDatanodeState.java:persistContainerDatanodeDetails(140)) - DatanodeDetails is persisted to /workdir/hadoop-ozone/integration-test/target/test-dir/MiniOzoneClusterImpl-41c02fe8-38d4-41ce-91e4-307d8e6896e2/datanode-4/meta/datanode.id
2019-08-21 18:55:18,727 [main] INFO  volume.HddsVolume (HddsVolume.java:<init>(176)) - Creating Volume: /workdir/hadoop-ozone/integration-test/target/test-dir/MiniOzoneClusterImpl-41c02fe8-38d4-41ce-91e4-307d8e6896e2/datanode-5/data/containers/hdds of  storage type : DISK and capacity : 1482555576320
2019-08-21 18:55:18,727 [main] INFO  volume.VolumeSet (VolumeSet.java:initializeVolumeSet(170)) - Added Volume : /workdir/hadoop-ozone/integration-test/target/test-dir/MiniOzoneClusterImpl-41c02fe8-38d4-41ce-91e4-307d8e6896e2/datanode-5/data/containers/hdds to VolumeSet
2019-08-21 18:55:18,727 [main] INFO  volume.ThrottledAsyncChecker (ThrottledAsyncChecker.java:schedule(140)) - Scheduling a check for org.apache.hadoop.ozone.container.common.volume.HddsVolume@210e971e
2019-08-21 18:55:18,728 [main] INFO  volume.HddsVolumeChecker (HddsVolumeChecker.java:checkAllVolumes(203)) - Scheduled health check for volume org.apache.hadoop.ozone.container.common.volume.HddsVolume@210e971e
2019-08-21 18:55:18,747 [main] INFO  impl.RaftServerProxy (ConfUtils.java:logGet(43)) - raft.rpc.type = GRPC (default)
2019-08-21 18:55:18,747 [main] INFO  grpc.GrpcFactory (GrpcFactory.java:checkPooledByteBufAllocatorUseCacheForAllThreads(45)) - PERFORMANCE WARNING: useCacheForAllThreads is true that may cause Netty to create a lot garbage objects and, as a result, trigger GC.
	It is recommended to disable useCacheForAllThreads by setting -Dorg.apache.ratis.thirdparty.io.netty.allocator.useCacheForAllThreads=false in command line.
2019-08-21 18:55:18,747 [main] INFO  grpc.GrpcConfigKeys$Server (ConfUtils.java:logGet(43)) - raft.grpc.server.port = 0 (default)
2019-08-21 18:55:18,748 [main] INFO  server.GrpcService (ConfUtils.java:logGet(43)) - raft.grpc.message.size.max = 33570816 (custom)
2019-08-21 18:55:18,748 [main] INFO  server.RaftServerConfigKeys (ConfUtils.java:logGet(43)) - raft.server.log.appender.buffer.byte-limit = 33554432 (custom)
2019-08-21 18:55:18,748 [main] INFO  server.GrpcService (ConfUtils.java:logGet(43)) - raft.grpc.flow.control.window = 1MB (=1048576) (default)
2019-08-21 18:55:18,748 [main] INFO  server.RaftServerConfigKeys (ConfUtils.java:logGet(43)) - raft.server.rpc.request.timeout = 3000ms (default)
2019-08-21 18:55:18,749 [main] INFO  server.RaftServerConfigKeys (ConfUtils.java:logGet(43)) - raft.server.storage.dir = [/workdir/hadoop-ozone/integration-test/target/test-dir/MiniOzoneClusterImpl-41c02fe8-38d4-41ce-91e4-307d8e6896e2/datanode-5/data/ratis] (custom)
2019-08-21 18:55:18,749 [main] INFO  replication.SimpleContainerDownloader (SimpleContainerDownloader.java:<init>(72)) - Starting container downloader service to copy containers to replicate.
2019-08-21 18:55:18,751 [main] INFO  hdfs.DFSUtil (DFSUtil.java:httpServerTemplateForNNAndJN(1641)) - Starting Web-server for hddsDatanode at: http://0.0.0.0:0
2019-08-21 18:55:18,753 [main] INFO  server.AuthenticationFilter (AuthenticationFilter.java:constructSecretProvider(240)) - Unable to initialize FileSignerSecretProvider, falling back to use random secrets.
2019-08-21 18:55:18,753 [main] WARN  http.HttpRequestLog (HttpRequestLog.java:getRequestLog(97)) - Jetty request log can only be enabled using Log4j
2019-08-21 18:55:18,755 [main] INFO  http.HttpServer2 (HttpServer2.java:addGlobalFilter(975)) - Added global filter 'safety' (class=org.apache.hadoop.http.HttpServer2$QuotingInputFilter)
2019-08-21 18:55:18,756 [main] INFO  http.HttpServer2 (HttpServer2.java:addFilter(948)) - Added filter static_user_filter (class=org.apache.hadoop.http.lib.StaticUserWebFilter$StaticUserFilter) to context hddsDatanode
2019-08-21 18:55:18,756 [main] INFO  http.HttpServer2 (HttpServer2.java:addFilter(958)) - Added filter static_user_filter (class=org.apache.hadoop.http.lib.StaticUserWebFilter$StaticUserFilter) to context logs
2019-08-21 18:55:18,756 [main] INFO  http.HttpServer2 (HttpServer2.java:addFilter(958)) - Added filter static_user_filter (class=org.apache.hadoop.http.lib.StaticUserWebFilter$StaticUserFilter) to context static
2019-08-21 18:55:18,757 [main] INFO  http.HttpServer2 (HttpServer2.java:bindListener(1191)) - Jetty bound to port 39279
2019-08-21 18:55:18,757 [main] INFO  server.Server (Server.java:doStart(351)) - jetty-9.3.24.v20180605, build timestamp: 2018-06-05T17:11:56Z, git hash: 84205aa28f11a4f31f2a3b86d1bba2cc8ab69827
2019-08-21 18:55:18,759 [main] INFO  handler.ContextHandler (ContextHandler.java:doStart(781)) - Started o.e.j.s.ServletContextHandler@1626612d{/logs,file:///workdir/hadoop-ozone/integration-test/target/log,AVAILABLE}
2019-08-21 18:55:18,760 [main] INFO  handler.ContextHandler (ContextHandler.java:doStart(781)) - Started o.e.j.s.ServletContextHandler@4951dc8c{/static,jar:file:/home/user/.m2/repository/org/apache/hadoop/hadoop-hdds-container-service/0.5.0-SNAPSHOT/hadoop-hdds-container-service-0.5.0-SNAPSHOT.jar!/webapps/static,AVAILABLE}
2019-08-21 18:55:18,788 [main] INFO  handler.ContextHandler (ContextHandler.java:doStart(781)) - Started o.e.j.w.WebAppContext@72e806{/,file:///tmp/jetty-0.0.0.0-39279-hddsDatanode-_-any-6020728796183667020.dir/webapp/,AVAILABLE}{/hddsDatanode}
2019-08-21 18:55:18,788 [main] INFO  server.AbstractConnector (AbstractConnector.java:doStart(278)) - Started ServerConnector@270a113f{HTTP/1.1,[http/1.1]}{0.0.0.0:39279}
2019-08-21 18:55:18,789 [main] INFO  server.Server (Server.java:doStart(419)) - Started @620145ms
2019-08-21 18:55:18,790 [main] INFO  server.BaseHttpServer (BaseHttpServer.java:updateConnectorAddress(213)) - HTTP server of HDDSDATANODE is listening at http://0.0.0.0:39279
2019-08-21 18:55:18,913 | INFO  | ObjectStoreRestHttpServer | Listening HDDS REST traffic on /0.0.0.0:46300 |  
2019-08-21 18:55:18,913 [main] INFO  ozone.HddsDatanodeService (HddsDatanodeService.java:startPlugins(395)) - Started plug-in org.apache.hadoop.ozone.web.OzoneHddsDatanodeService@4c343088
2019-08-21 18:55:18,913 [main] INFO  impl.MetricsSystemImpl (MetricsSystemImpl.java:init(158)) - HddsDatanode metrics system started (again)
2019-08-21 18:55:18,919 [org.apache.hadoop.util.JvmPauseMonitor$Monitor@4bbeadd3] INFO  util.JvmPauseMonitor (JvmPauseMonitor.java:run(188)) - Starting JVM pause monitor
2019-08-21 18:55:18,919 [main] INFO  ozone.HddsDatanodeService (HddsDatanodeService.java:start(184)) - HddsDatanodeService host:pr-hdds-1998-57vr7-880049069 ip:192.168.36.125
2019-08-21 18:55:18,921 [Datanode State Machine Thread - 0] INFO  datanode.InitDatanodeState (InitDatanodeState.java:persistContainerDatanodeDetails(140)) - DatanodeDetails is persisted to /workdir/hadoop-ozone/integration-test/target/test-dir/MiniOzoneClusterImpl-41c02fe8-38d4-41ce-91e4-307d8e6896e2/datanode-5/meta/datanode.id
2019-08-21 18:55:18,929 [main] INFO  volume.HddsVolume (HddsVolume.java:<init>(176)) - Creating Volume: /workdir/hadoop-ozone/integration-test/target/test-dir/MiniOzoneClusterImpl-41c02fe8-38d4-41ce-91e4-307d8e6896e2/datanode-6/data/containers/hdds of  storage type : DISK and capacity : 1482555576320
2019-08-21 18:55:18,929 [main] INFO  volume.VolumeSet (VolumeSet.java:initializeVolumeSet(170)) - Added Volume : /workdir/hadoop-ozone/integration-test/target/test-dir/MiniOzoneClusterImpl-41c02fe8-38d4-41ce-91e4-307d8e6896e2/datanode-6/data/containers/hdds to VolumeSet
2019-08-21 18:55:18,930 [main] INFO  volume.ThrottledAsyncChecker (ThrottledAsyncChecker.java:schedule(140)) - Scheduling a check for org.apache.hadoop.ozone.container.common.volume.HddsVolume@7aead157
2019-08-21 18:55:18,930 [main] INFO  volume.HddsVolumeChecker (HddsVolumeChecker.java:checkAllVolumes(203)) - Scheduled health check for volume org.apache.hadoop.ozone.container.common.volume.HddsVolume@7aead157
2019-08-21 18:55:18,945 [main] INFO  impl.RaftServerProxy (ConfUtils.java:logGet(43)) - raft.rpc.type = GRPC (default)
2019-08-21 18:55:18,945 [main] INFO  grpc.GrpcFactory (GrpcFactory.java:checkPooledByteBufAllocatorUseCacheForAllThreads(45)) - PERFORMANCE WARNING: useCacheForAllThreads is true that may cause Netty to create a lot garbage objects and, as a result, trigger GC.
	It is recommended to disable useCacheForAllThreads by setting -Dorg.apache.ratis.thirdparty.io.netty.allocator.useCacheForAllThreads=false in command line.
2019-08-21 18:55:18,945 [main] INFO  grpc.GrpcConfigKeys$Server (ConfUtils.java:logGet(43)) - raft.grpc.server.port = 0 (default)
2019-08-21 18:55:18,945 [main] INFO  server.GrpcService (ConfUtils.java:logGet(43)) - raft.grpc.message.size.max = 33570816 (custom)
2019-08-21 18:55:18,945 [main] INFO  server.RaftServerConfigKeys (ConfUtils.java:logGet(43)) - raft.server.log.appender.buffer.byte-limit = 33554432 (custom)
2019-08-21 18:55:18,946 [main] INFO  server.GrpcService (ConfUtils.java:logGet(43)) - raft.grpc.flow.control.window = 1MB (=1048576) (default)
2019-08-21 18:55:18,946 [main] INFO  server.RaftServerConfigKeys (ConfUtils.java:logGet(43)) - raft.server.rpc.request.timeout = 3000ms (default)
2019-08-21 18:55:18,946 [main] INFO  server.RaftServerConfigKeys (ConfUtils.java:logGet(43)) - raft.server.storage.dir = [/workdir/hadoop-ozone/integration-test/target/test-dir/MiniOzoneClusterImpl-41c02fe8-38d4-41ce-91e4-307d8e6896e2/datanode-6/data/ratis] (custom)
2019-08-21 18:55:18,947 [main] INFO  replication.SimpleContainerDownloader (SimpleContainerDownloader.java:<init>(72)) - Starting container downloader service to copy containers to replicate.
2019-08-21 18:55:18,948 [main] INFO  hdfs.DFSUtil (DFSUtil.java:httpServerTemplateForNNAndJN(1641)) - Starting Web-server for hddsDatanode at: http://0.0.0.0:0
2019-08-21 18:55:18,950 [main] INFO  server.AuthenticationFilter (AuthenticationFilter.java:constructSecretProvider(240)) - Unable to initialize FileSignerSecretProvider, falling back to use random secrets.
2019-08-21 18:55:18,950 [main] WARN  http.HttpRequestLog (HttpRequestLog.java:getRequestLog(97)) - Jetty request log can only be enabled using Log4j
2019-08-21 18:55:18,952 [main] INFO  http.HttpServer2 (HttpServer2.java:addGlobalFilter(975)) - Added global filter 'safety' (class=org.apache.hadoop.http.HttpServer2$QuotingInputFilter)
2019-08-21 18:55:18,953 [main] INFO  http.HttpServer2 (HttpServer2.java:addFilter(948)) - Added filter static_user_filter (class=org.apache.hadoop.http.lib.StaticUserWebFilter$StaticUserFilter) to context hddsDatanode
2019-08-21 18:55:18,953 [main] INFO  http.HttpServer2 (HttpServer2.java:addFilter(958)) - Added filter static_user_filter (class=org.apache.hadoop.http.lib.StaticUserWebFilter$StaticUserFilter) to context static
2019-08-21 18:55:18,954 [main] INFO  http.HttpServer2 (HttpServer2.java:addFilter(958)) - Added filter static_user_filter (class=org.apache.hadoop.http.lib.StaticUserWebFilter$StaticUserFilter) to context logs
2019-08-21 18:55:18,955 [main] INFO  http.HttpServer2 (HttpServer2.java:bindListener(1191)) - Jetty bound to port 36297
2019-08-21 18:55:18,955 [main] INFO  server.Server (Server.java:doStart(351)) - jetty-9.3.24.v20180605, build timestamp: 2018-06-05T17:11:56Z, git hash: 84205aa28f11a4f31f2a3b86d1bba2cc8ab69827
2019-08-21 18:55:18,957 [main] INFO  handler.ContextHandler (ContextHandler.java:doStart(781)) - Started o.e.j.s.ServletContextHandler@fc9313d{/logs,file:///workdir/hadoop-ozone/integration-test/target/log,AVAILABLE}
2019-08-21 18:55:18,957 [main] INFO  handler.ContextHandler (ContextHandler.java:doStart(781)) - Started o.e.j.s.ServletContextHandler@6c152246{/static,jar:file:/home/user/.m2/repository/org/apache/hadoop/hadoop-hdds-container-service/0.5.0-SNAPSHOT/hadoop-hdds-container-service-0.5.0-SNAPSHOT.jar!/webapps/static,AVAILABLE}
2019-08-21 18:55:18,992 [main] INFO  handler.ContextHandler (ContextHandler.java:doStart(781)) - Started o.e.j.w.WebAppContext@ebcf6c0{/,file:///tmp/jetty-0.0.0.0-36297-hddsDatanode-_-any-6614514245313744937.dir/webapp/,AVAILABLE}{/hddsDatanode}
2019-08-21 18:55:18,992 [main] INFO  server.AbstractConnector (AbstractConnector.java:doStart(278)) - Started ServerConnector@438fcca3{HTTP/1.1,[http/1.1]}{0.0.0.0:36297}
2019-08-21 18:55:18,998 [main] INFO  server.Server (Server.java:doStart(419)) - Started @620348ms
2019-08-21 18:55:18,999 [main] INFO  server.BaseHttpServer (BaseHttpServer.java:updateConnectorAddress(213)) - HTTP server of HDDSDATANODE is listening at http://0.0.0.0:36297
2019-08-21 18:55:19,141 | INFO  | ObjectStoreRestHttpServer | Listening HDDS REST traffic on /0.0.0.0:40718 |  
2019-08-21 18:55:19,141 [main] INFO  ozone.HddsDatanodeService (HddsDatanodeService.java:startPlugins(395)) - Started plug-in org.apache.hadoop.ozone.web.OzoneHddsDatanodeService@5843ab8
2019-08-21 18:55:19,141 [main] INFO  ozone.MiniOzoneClusterImpl (MiniOzoneClusterImpl.java:lambda$waitForClusterToBeReady$0(142)) - Waiting for cluster to be ready. Got 0 of 7 DN Heartbeats.
2019-08-21 18:55:19,142 [org.apache.hadoop.util.JvmPauseMonitor$Monitor@ece8615] INFO  util.JvmPauseMonitor (JvmPauseMonitor.java:run(188)) - Starting JVM pause monitor
2019-08-21 18:55:19,144 [Datanode State Machine Thread - 0] INFO  datanode.InitDatanodeState (InitDatanodeState.java:persistContainerDatanodeDetails(140)) - DatanodeDetails is persisted to /workdir/hadoop-ozone/integration-test/target/test-dir/MiniOzoneClusterImpl-41c02fe8-38d4-41ce-91e4-307d8e6896e2/datanode-6/meta/datanode.id
2019-08-21 18:55:19,531 | INFO  | SCMAudit | user=jenkins1000 | ip=192.168.36.125 | op=GET_VERSION null | ret=SUCCESS |  
2019-08-21 18:55:19,569 [Datanode State Machine Thread - 0] INFO  ozoneimpl.OzoneContainer (OzoneContainer.java:start(186)) - Attempting to start container services.
2019-08-21 18:55:19,569 [Datanode State Machine Thread - 0] INFO  ozoneimpl.OzoneContainer (OzoneContainer.java:startContainerScrub(160)) - Background container scrubber has been disabled by hdds.containerscrub.enabled
2019-08-21 18:55:19,569 [Datanode State Machine Thread - 0] INFO  ratis.XceiverServerRatis (XceiverServerRatis.java:start(404)) - Starting XceiverServerRatis 70834503-2edc-4245-925f-fcee029f7dec at port 0
2019-08-21 18:55:19,580 [Datanode State Machine Thread - 0] INFO  impl.RaftServerProxy (RaftServerProxy.java:lambda$start$3(299)) - 70834503-2edc-4245-925f-fcee029f7dec: start RPC server
2019-08-21 18:55:19,582 [Datanode State Machine Thread - 0] INFO  server.GrpcService (GrpcService.java:startImpl(149)) - 70834503-2edc-4245-925f-fcee029f7dec: GrpcService started, listening on 0.0.0.0/0.0.0.0:33370
2019-08-21 18:55:19,582 [Datanode State Machine Thread - 0] INFO  ratis.XceiverServerRatis (XceiverServerRatis.java:start(414)) - XceiverServerRatis 70834503-2edc-4245-925f-fcee029f7dec is started using port 33370
2019-08-21 18:55:19,582 [Datanode State Machine Thread - 0] INFO  server.XceiverServerGrpc (XceiverServerGrpc.java:start(161)) - XceiverServerGrpc 70834503-2edc-4245-925f-fcee029f7dec is started using port 34934
2019-08-21 18:55:20,056 | INFO  | SCMAudit | user=jenkins1000 | ip=192.168.36.125 | op=GET_VERSION null | ret=SUCCESS |  
2019-08-21 18:55:20,083 [Datanode State Machine Thread - 0] INFO  ozoneimpl.OzoneContainer (OzoneContainer.java:start(186)) - Attempting to start container services.
2019-08-21 18:55:20,084 [Datanode State Machine Thread - 0] INFO  ozoneimpl.OzoneContainer (OzoneContainer.java:startContainerScrub(160)) - Background container scrubber has been disabled by hdds.containerscrub.enabled
2019-08-21 18:55:20,084 [Datanode State Machine Thread - 0] INFO  ratis.XceiverServerRatis (XceiverServerRatis.java:start(404)) - Starting XceiverServerRatis b1bf2634-a55a-4292-98b3-5b3eb35ed415 at port 0
2019-08-21 18:55:20,094 [Datanode State Machine Thread - 0] INFO  impl.RaftServerProxy (RaftServerProxy.java:lambda$start$3(299)) - b1bf2634-a55a-4292-98b3-5b3eb35ed415: start RPC server
2019-08-21 18:55:20,095 [Datanode State Machine Thread - 0] INFO  server.GrpcService (GrpcService.java:startImpl(149)) - b1bf2634-a55a-4292-98b3-5b3eb35ed415: GrpcService started, listening on 0.0.0.0/0.0.0.0:42945
2019-08-21 18:55:20,095 [Datanode State Machine Thread - 0] INFO  ratis.XceiverServerRatis (XceiverServerRatis.java:start(414)) - XceiverServerRatis b1bf2634-a55a-4292-98b3-5b3eb35ed415 is started using port 42945
2019-08-21 18:55:20,096 [Datanode State Machine Thread - 0] INFO  server.XceiverServerGrpc (XceiverServerGrpc.java:start(161)) - XceiverServerGrpc b1bf2634-a55a-4292-98b3-5b3eb35ed415 is started using port 42389
2019-08-21 18:55:20,142 [main] INFO  ozone.MiniOzoneClusterImpl (MiniOzoneClusterImpl.java:lambda$waitForClusterToBeReady$0(142)) - Waiting for cluster to be ready. Got 0 of 7 DN Heartbeats.
2019-08-21 18:55:20,249 | INFO  | SCMAudit | user=jenkins1000 | ip=192.168.36.125 | op=GET_VERSION null | ret=SUCCESS |  
2019-08-21 18:55:20,273 [Datanode State Machine Thread - 0] INFO  ozoneimpl.OzoneContainer (OzoneContainer.java:start(186)) - Attempting to start container services.
2019-08-21 18:55:20,273 [Datanode State Machine Thread - 0] INFO  ozoneimpl.OzoneContainer (OzoneContainer.java:startContainerScrub(160)) - Background container scrubber has been disabled by hdds.containerscrub.enabled
2019-08-21 18:55:20,273 [Datanode State Machine Thread - 0] INFO  ratis.XceiverServerRatis (XceiverServerRatis.java:start(404)) - Starting XceiverServerRatis 797b0004-b8c3-49ad-acf1-e2929da993b9 at port 0
2019-08-21 18:55:20,283 [Datanode State Machine Thread - 0] INFO  impl.RaftServerProxy (RaftServerProxy.java:lambda$start$3(299)) - 797b0004-b8c3-49ad-acf1-e2929da993b9: start RPC server
2019-08-21 18:55:20,284 [Datanode State Machine Thread - 0] INFO  server.GrpcService (GrpcService.java:startImpl(149)) - 797b0004-b8c3-49ad-acf1-e2929da993b9: GrpcService started, listening on 0.0.0.0/0.0.0.0:33244
2019-08-21 18:55:20,285 [Datanode State Machine Thread - 0] INFO  ratis.XceiverServerRatis (XceiverServerRatis.java:start(414)) - XceiverServerRatis 797b0004-b8c3-49ad-acf1-e2929da993b9 is started using port 33244
2019-08-21 18:55:20,285 [Datanode State Machine Thread - 0] INFO  server.XceiverServerGrpc (XceiverServerGrpc.java:start(161)) - XceiverServerGrpc 797b0004-b8c3-49ad-acf1-e2929da993b9 is started using port 43940
2019-08-21 18:55:20,512 | INFO  | SCMAudit | user=jenkins1000 | ip=192.168.36.125 | op=GET_VERSION null | ret=SUCCESS |  
2019-08-21 18:55:20,532 [Datanode State Machine Thread - 0] INFO  ozoneimpl.OzoneContainer (OzoneContainer.java:start(186)) - Attempting to start container services.
2019-08-21 18:55:20,533 [Datanode State Machine Thread - 0] INFO  ozoneimpl.OzoneContainer (OzoneContainer.java:startContainerScrub(160)) - Background container scrubber has been disabled by hdds.containerscrub.enabled
2019-08-21 18:55:20,533 [Datanode State Machine Thread - 0] INFO  ratis.XceiverServerRatis (XceiverServerRatis.java:start(404)) - Starting XceiverServerRatis 552776ad-4e33-4e75-810b-5f57bcc17043 at port 0
2019-08-21 18:55:20,542 [Datanode State Machine Thread - 0] INFO  impl.RaftServerProxy (RaftServerProxy.java:lambda$start$3(299)) - 552776ad-4e33-4e75-810b-5f57bcc17043: start RPC server
2019-08-21 18:55:20,543 [Datanode State Machine Thread - 0] INFO  server.GrpcService (GrpcService.java:startImpl(149)) - 552776ad-4e33-4e75-810b-5f57bcc17043: GrpcService started, listening on 0.0.0.0/0.0.0.0:41659
2019-08-21 18:55:20,543 [Datanode State Machine Thread - 0] INFO  ratis.XceiverServerRatis (XceiverServerRatis.java:start(414)) - XceiverServerRatis 552776ad-4e33-4e75-810b-5f57bcc17043 is started using port 41659
2019-08-21 18:55:20,543 [Datanode State Machine Thread - 0] INFO  server.XceiverServerGrpc (XceiverServerGrpc.java:start(161)) - XceiverServerGrpc 552776ad-4e33-4e75-810b-5f57bcc17043 is started using port 36055
2019-08-21 18:55:20,717 | INFO  | SCMAudit | user=jenkins1000 | ip=192.168.36.125 | op=GET_VERSION null | ret=SUCCESS |  
2019-08-21 18:55:20,733 [Datanode State Machine Thread - 0] INFO  ozoneimpl.OzoneContainer (OzoneContainer.java:start(186)) - Attempting to start container services.
2019-08-21 18:55:20,734 [Datanode State Machine Thread - 0] INFO  ozoneimpl.OzoneContainer (OzoneContainer.java:startContainerScrub(160)) - Background container scrubber has been disabled by hdds.containerscrub.enabled
2019-08-21 18:55:20,734 [Datanode State Machine Thread - 0] INFO  ratis.XceiverServerRatis (XceiverServerRatis.java:start(404)) - Starting XceiverServerRatis a0967e03-aad6-49e6-846b-c8134af623ea at port 0
2019-08-21 18:55:20,743 [Datanode State Machine Thread - 0] INFO  impl.RaftServerProxy (RaftServerProxy.java:lambda$start$3(299)) - a0967e03-aad6-49e6-846b-c8134af623ea: start RPC server
2019-08-21 18:55:20,744 [Datanode State Machine Thread - 0] INFO  server.GrpcService (GrpcService.java:startImpl(149)) - a0967e03-aad6-49e6-846b-c8134af623ea: GrpcService started, listening on 0.0.0.0/0.0.0.0:33239
2019-08-21 18:55:20,744 [Datanode State Machine Thread - 0] INFO  ratis.XceiverServerRatis (XceiverServerRatis.java:start(414)) - XceiverServerRatis a0967e03-aad6-49e6-846b-c8134af623ea is started using port 33239
2019-08-21 18:55:20,744 [Datanode State Machine Thread - 0] INFO  server.XceiverServerGrpc (XceiverServerGrpc.java:start(161)) - XceiverServerGrpc a0967e03-aad6-49e6-846b-c8134af623ea is started using port 45794
2019-08-21 18:55:20,920 | INFO  | SCMAudit | user=jenkins1000 | ip=192.168.36.125 | op=GET_VERSION null | ret=SUCCESS |  
2019-08-21 18:55:20,943 [Datanode State Machine Thread - 0] INFO  ozoneimpl.OzoneContainer (OzoneContainer.java:start(186)) - Attempting to start container services.
2019-08-21 18:55:20,943 [Datanode State Machine Thread - 0] INFO  ozoneimpl.OzoneContainer (OzoneContainer.java:startContainerScrub(160)) - Background container scrubber has been disabled by hdds.containerscrub.enabled
2019-08-21 18:55:20,943 [Datanode State Machine Thread - 0] INFO  ratis.XceiverServerRatis (XceiverServerRatis.java:start(404)) - Starting XceiverServerRatis c2260f53-4216-4674-950d-92091259ffb1 at port 0
2019-08-21 18:55:20,953 [Datanode State Machine Thread - 0] INFO  impl.RaftServerProxy (RaftServerProxy.java:lambda$start$3(299)) - c2260f53-4216-4674-950d-92091259ffb1: start RPC server
2019-08-21 18:55:20,953 [Datanode State Machine Thread - 0] INFO  server.GrpcService (GrpcService.java:startImpl(149)) - c2260f53-4216-4674-950d-92091259ffb1: GrpcService started, listening on 0.0.0.0/0.0.0.0:41625
2019-08-21 18:55:20,954 [Datanode State Machine Thread - 0] INFO  ratis.XceiverServerRatis (XceiverServerRatis.java:start(414)) - XceiverServerRatis c2260f53-4216-4674-950d-92091259ffb1 is started using port 41625
2019-08-21 18:55:20,954 [Datanode State Machine Thread - 0] INFO  server.XceiverServerGrpc (XceiverServerGrpc.java:start(161)) - XceiverServerGrpc c2260f53-4216-4674-950d-92091259ffb1 is started using port 40715
2019-08-21 18:55:21,142 [main] INFO  ozone.MiniOzoneClusterImpl (MiniOzoneClusterImpl.java:lambda$waitForClusterToBeReady$0(142)) - Waiting for cluster to be ready. Got 0 of 7 DN Heartbeats.
2019-08-21 18:55:21,144 | INFO  | SCMAudit | user=jenkins1000 | ip=192.168.36.125 | op=GET_VERSION null | ret=SUCCESS |  
2019-08-21 18:55:21,160 [Datanode State Machine Thread - 0] INFO  ozoneimpl.OzoneContainer (OzoneContainer.java:start(186)) - Attempting to start container services.
2019-08-21 18:55:21,161 [Datanode State Machine Thread - 0] INFO  ozoneimpl.OzoneContainer (OzoneContainer.java:startContainerScrub(160)) - Background container scrubber has been disabled by hdds.containerscrub.enabled
2019-08-21 18:55:21,161 [Datanode State Machine Thread - 0] INFO  ratis.XceiverServerRatis (XceiverServerRatis.java:start(404)) - Starting XceiverServerRatis 1ffe30da-7604-461d-ace9-714b6d5524df at port 0
2019-08-21 18:55:21,170 [Datanode State Machine Thread - 0] INFO  impl.RaftServerProxy (RaftServerProxy.java:lambda$start$3(299)) - 1ffe30da-7604-461d-ace9-714b6d5524df: start RPC server
2019-08-21 18:55:21,171 [Datanode State Machine Thread - 0] INFO  server.GrpcService (GrpcService.java:startImpl(149)) - 1ffe30da-7604-461d-ace9-714b6d5524df: GrpcService started, listening on 0.0.0.0/0.0.0.0:44123
2019-08-21 18:55:21,171 [Datanode State Machine Thread - 0] INFO  ratis.XceiverServerRatis (XceiverServerRatis.java:start(414)) - XceiverServerRatis 1ffe30da-7604-461d-ace9-714b6d5524df is started using port 44123
2019-08-21 18:55:21,172 [Datanode State Machine Thread - 0] INFO  server.XceiverServerGrpc (XceiverServerGrpc.java:start(161)) - XceiverServerGrpc 1ffe30da-7604-461d-ace9-714b6d5524df is started using port 42127
2019-08-21 18:55:21,530 [IPC Server handler 1 on 40684] INFO  net.NetworkTopology (NetworkTopologyImpl.java:add(110)) - Added a new node: /default-rack/70834503-2edc-4245-925f-fcee029f7dec
2019-08-21 18:55:21,532 [IPC Server handler 1 on 40684] INFO  node.SCMNodeManager (SCMNodeManager.java:register(273)) - Registered Data node : 70834503-2edc-4245-925f-fcee029f7dec{ip: 192.168.36.125, host: pr-hdds-1998-57vr7-880049069, networkLocation: /default-rack, certSerialId: null}
2019-08-21 18:55:21,533 [EventQueue-NodeRegistrationContainerReportForDataNodeSafeModeRule] INFO  safemode.SCMSafeModeManager (DataNodeSafeModeRule.java:process(71)) - SCM in safe mode. 1 DataNodes registered, 1 required.
2019-08-21 18:55:21,534 | INFO  | SCMAudit | user=jenkins1000 | ip=192.168.36.125 | op=REGISTER {datanodeDetails=70834503-2edc-4245-925f-fcee029f7dec{ip: 192.168.36.125, host: pr-hdds-1998-57vr7-880049069, networkLocation: /default-rack, certSerialId: null}} | ret=SUCCESS |  
2019-08-21 18:55:21,536 [EventQueue-NodeRegistrationContainerReportForContainerSafeModeRule] INFO  safemode.SCMSafeModeManager (SCMSafeModeManager.java:validateSafeModeExitRules(177)) - ScmSafeModeManager, all rules are successfully validated
2019-08-21 18:55:21,536 [EventQueue-NodeRegistrationContainerReportForContainerSafeModeRule] INFO  safemode.SCMSafeModeManager (SCMSafeModeManager.java:exitSafeMode(193)) - SCM exiting safe mode.
2019-08-21 18:55:21,571 [grpc-default-executor-7] INFO  impl.RaftServerProxy (RaftServerProxy.java:addNew(89)) - 70834503-2edc-4245-925f-fcee029f7dec: addNew group-A20539AD15BD:[70834503-2edc-4245-925f-fcee029f7dec:192.168.36.125:33370] returns group-A20539AD15BD:java.util.concurrent.CompletableFuture@12a2f336[Not completed]
2019-08-21 18:55:21,573 [pool-439-thread-1] INFO  impl.RaftServerImpl (RaftServerImpl.java:<init>(93)) - 70834503-2edc-4245-925f-fcee029f7dec: new RaftServerImpl for group-A20539AD15BD:[70834503-2edc-4245-925f-fcee029f7dec:192.168.36.125:33370] with ContainerStateMachine:uninitialized
2019-08-21 18:55:21,573 [pool-439-thread-1] INFO  server.RaftServerConfigKeys (ConfUtils.java:logGet(43)) - raft.server.rpc.timeout.min = 5s (custom)
2019-08-21 18:55:21,573 [pool-439-thread-1] INFO  server.RaftServerConfigKeys (ConfUtils.java:logGet(43)) - raft.server.rpc.timeout.max = 5200ms (custom)
2019-08-21 18:55:21,573 [pool-439-thread-1] INFO  server.RaftServerConfigKeys (ConfUtils.java:logGet(43)) - raft.server.rpcslowness.timeout = 120s (custom)
2019-08-21 18:55:21,573 [pool-439-thread-1] INFO  server.RaftServerConfigKeys (ConfUtils.java:logGet(43)) - raft.server.sleep.deviation.threshold = 300 (default)
2019-08-21 18:55:21,574 [pool-439-thread-1] INFO  server.RaftServerConfigKeys (ConfUtils.java:logGet(43)) - raft.server.log.appender.install.snapshot.enabled = false (custom)
2019-08-21 18:55:21,574 [pool-439-thread-1] INFO  impl.RaftServerImpl (ServerState.java:<init>(105)) - 70834503-2edc-4245-925f-fcee029f7dec:group-A20539AD15BD ConfigurationManager, init=-1: [70834503-2edc-4245-925f-fcee029f7dec:192.168.36.125:33370], old=null, confs=<EMPTY_MAP>
2019-08-21 18:55:21,574 [pool-439-thread-1] INFO  server.RaftServerConfigKeys (ConfUtils.java:logGet(43)) - raft.server.storage.dir = [/workdir/hadoop-ozone/integration-test/target/test-dir/MiniOzoneClusterImpl-41c02fe8-38d4-41ce-91e4-307d8e6896e2/datanode-0/data/ratis] (custom)
2019-08-21 18:55:21,575 [pool-439-thread-1] INFO  storage.RaftStorageDirectory (RaftStorageDirectory.java:analyzeStorage(246)) - The storage directory /workdir/hadoop-ozone/integration-test/target/test-dir/MiniOzoneClusterImpl-41c02fe8-38d4-41ce-91e4-307d8e6896e2/datanode-0/data/ratis/571a6004-d968-4999-8505-a20539ad15bd does not exist. Creating ...
2019-08-21 18:55:21,599 [pool-439-thread-1] INFO  storage.RaftStorageDirectory (RaftStorageDirectory.java:tryLock(328)) - Lock on /workdir/hadoop-ozone/integration-test/target/test-dir/MiniOzoneClusterImpl-41c02fe8-38d4-41ce-91e4-307d8e6896e2/datanode-0/data/ratis/571a6004-d968-4999-8505-a20539ad15bd/in_use.lock acquired by nodename 24131@pr-hdds-1998-57vr7-880049069
2019-08-21 18:55:21,622 [pool-439-thread-1] INFO  storage.RaftStorage (RaftStorage.java:format(72)) - Storage directory /workdir/hadoop-ozone/integration-test/target/test-dir/MiniOzoneClusterImpl-41c02fe8-38d4-41ce-91e4-307d8e6896e2/datanode-0/data/ratis/571a6004-d968-4999-8505-a20539ad15bd has been successfully formatted.
2019-08-21 18:55:21,623 [pool-439-thread-1] INFO  ratis.ContainerStateMachine (ContainerStateMachine.java:loadSnapshot(226)) - group-A20539AD15BD: The snapshot info is null. Setting the last applied indexto:(t:0, i:~)
2019-08-21 18:55:21,623 [pool-439-thread-1] INFO  server.RaftServerConfigKeys (ConfUtils.java:logGet(43)) - raft.server.leader.election.timeout = 120s (custom)
2019-08-21 18:55:21,623 [pool-439-thread-1] INFO  server.RaftServerConfigKeys (ConfUtils.java:logGet(43)) - raft.server.log.use.memory = false (default)
2019-08-21 18:55:21,623 [pool-439-thread-1] INFO  server.RaftServerConfigKeys (ConfUtils.java:logGet(43)) - raft.server.log.purge.gap = 1000000 (custom)
2019-08-21 18:55:21,624 [pool-439-thread-1] INFO  server.RaftServerConfigKeys (ConfUtils.java:logGet(43)) - raft.server.log.appender.buffer.byte-limit = 33554432 (custom)
2019-08-21 18:55:21,624 [pool-439-thread-1] INFO  server.RaftServerConfigKeys (ConfUtils.java:logGet(43)) - raft.server.log.segment.size.max = 1048576 (custom)
2019-08-21 18:55:21,624 [pool-439-thread-1] INFO  server.RaftServerConfigKeys (ConfUtils.java:logGet(43)) - raft.server.log.segment.cache.num.max = 2 (custom)
2019-08-21 18:55:21,624 [pool-439-thread-1] INFO  segmented.SegmentedRaftLogWorker (SegmentedRaftLogWorker.java:<init>(172)) - new 70834503-2edc-4245-925f-fcee029f7dec-SegmentedRaftLogWorker:Storage Directory /workdir/hadoop-ozone/integration-test/target/test-dir/MiniOzoneClusterImpl-41c02fe8-38d4-41ce-91e4-307d8e6896e2/datanode-0/data/ratis/571a6004-d968-4999-8505-a20539ad15bd for RaftStorage:Storage Directory /workdir/hadoop-ozone/integration-test/target/test-dir/MiniOzoneClusterImpl-41c02fe8-38d4-41ce-91e4-307d8e6896e2/datanode-0/data/ratis/571a6004-d968-4999-8505-a20539ad15bd
2019-08-21 18:55:21,624 [pool-439-thread-1] INFO  server.RaftServerConfigKeys (ConfUtils.java:logGet(43)) - raft.server.log.queue.byte-limit = 2147483647 (custom)
2019-08-21 18:55:21,625 [pool-439-thread-1] INFO  server.RaftServerConfigKeys (ConfUtils.java:logGet(43)) - raft.server.log.queue.element-limit = 1024 (custom)
2019-08-21 18:55:21,625 [pool-439-thread-1] INFO  server.RaftServerConfigKeys (ConfUtils.java:logGet(43)) - raft.server.log.segment.size.max = 1048576 (custom)
2019-08-21 18:55:21,625 [pool-439-thread-1] INFO  server.RaftServerConfigKeys (ConfUtils.java:logGet(43)) - raft.server.log.preallocated.size = 16384 (custom)
2019-08-21 18:55:21,625 [pool-439-thread-1] INFO  server.RaftServerConfigKeys (ConfUtils.java:logGet(43)) - raft.server.log.write.buffer.size = 33554432 (custom)
2019-08-21 18:55:21,626 [pool-439-thread-1] INFO  server.RaftServerConfigKeys (ConfUtils.java:logGet(43)) - raft.server.log.force.sync.num = 128 (default)
2019-08-21 18:55:21,626 [pool-439-thread-1] INFO  server.RaftServerConfigKeys (ConfUtils.java:logGet(43)) - raft.server.log.statemachine.data.sync = true (default)
2019-08-21 18:55:21,626 [pool-439-thread-1] INFO  server.RaftServerConfigKeys (ConfUtils.java:logGet(43)) - raft.server.log.statemachine.data.sync.timeout = 10s (default)
2019-08-21 18:55:21,626 [pool-439-thread-1] INFO  server.RaftServerConfigKeys (ConfUtils.java:logGet(43)) - raft.server.log.statemachine.data.sync.timeout.retry = -1 (default)
2019-08-21 18:55:21,626 [pool-439-thread-1] INFO  server.RaftServerConfigKeys (ConfUtils.java:logGet(43)) - raft.server.log.statemachine.data.caching.enabled = true (custom)
2019-08-21 18:55:21,627 [pool-439-thread-1] INFO  segmented.SegmentedRaftLogWorker (SegmentedRaftLogWorker.java:lambda$new$0(132)) - 70834503-2edc-4245-925f-fcee029f7dec-SegmentedRaftLogWorker:Storage Directory /workdir/hadoop-ozone/integration-test/target/test-dir/MiniOzoneClusterImpl-41c02fe8-38d4-41ce-91e4-307d8e6896e2/datanode-0/data/ratis/571a6004-d968-4999-8505-a20539ad15bd: flushIndex: setUnconditionally 0 -> -1
2019-08-21 18:55:21,627 [pool-439-thread-1] INFO  server.RaftServerConfigKeys (ConfUtils.java:logGet(43)) - raft.server.snapshot.auto.trigger.enabled = true (custom)
2019-08-21 18:55:21,628 [pool-439-thread-1] INFO  server.RaftServerConfigKeys (ConfUtils.java:logGet(43)) - raft.server.snapshot.auto.trigger.threshold = 10000 (custom)
2019-08-21 18:55:21,628 [pool-439-thread-1] INFO  server.RaftServerConfigKeys (ConfUtils.java:logGet(43)) - raft.server.retrycache.expirytime = 600000ms (custom)
2019-08-21 18:55:21,628 [pool-439-thread-1] INFO  impl.RaftServerImpl (RaftServerImpl.java:start(180)) - 70834503-2edc-4245-925f-fcee029f7dec: start group-A20539AD15BD
2019-08-21 18:55:21,628 [pool-439-thread-1] INFO  impl.RaftServerImpl (RaftServerImpl.java:setRole(171)) - 70834503-2edc-4245-925f-fcee029f7dec:group-A20539AD15BD changes role from null to FOLLOWER at term 0 for startAsFollower
2019-08-21 18:55:21,628 [pool-439-thread-1] INFO  impl.RoleInfo (RoleInfo.java:updateAndGet(143)) - 70834503-2edc-4245-925f-fcee029f7dec: start FollowerState
2019-08-21 18:55:21,642 [pool-439-thread-1] INFO  util.JmxRegister (JmxRegister.java:tryRegister(44)) - Successfully registered JMX Bean with object name Ratis:service=RaftServer,group=group-A20539AD15BD,id=70834503-2edc-4245-925f-fcee029f7dec
2019-08-21 18:55:21,661 [RatisPipelineUtilsThread] INFO  pipeline.PipelineStateManager (PipelineStateManager.java:addPipeline(56)) - Created pipeline Pipeline[ Id: 571a6004-d968-4999-8505-a20539ad15bd, Nodes: 70834503-2edc-4245-925f-fcee029f7dec{ip: 192.168.36.125, host: pr-hdds-1998-57vr7-880049069, networkLocation: /default-rack, certSerialId: null}, Type:RATIS, Factor:ONE, State:OPEN]
2019-08-21 18:55:22,056 [IPC Server handler 3 on 40684] INFO  net.NetworkTopology (NetworkTopologyImpl.java:add(110)) - Added a new node: /default-rack/b1bf2634-a55a-4292-98b3-5b3eb35ed415
2019-08-21 18:55:22,057 [IPC Server handler 3 on 40684] INFO  node.SCMNodeManager (SCMNodeManager.java:register(273)) - Registered Data node : b1bf2634-a55a-4292-98b3-5b3eb35ed415{ip: 192.168.36.125, host: pr-hdds-1998-57vr7-880049069, networkLocation: /default-rack, certSerialId: null}
2019-08-21 18:55:22,057 | INFO  | SCMAudit | user=jenkins1000 | ip=192.168.36.125 | op=REGISTER {datanodeDetails=b1bf2634-a55a-4292-98b3-5b3eb35ed415{ip: 192.168.36.125, host: pr-hdds-1998-57vr7-880049069, networkLocation: /default-rack, certSerialId: null}} | ret=SUCCESS |  
2019-08-21 18:55:22,065 [grpc-default-executor-7] INFO  impl.RaftServerProxy (RaftServerProxy.java:addNew(89)) - b1bf2634-a55a-4292-98b3-5b3eb35ed415: addNew group-90BB4468D332:[b1bf2634-a55a-4292-98b3-5b3eb35ed415:192.168.36.125:42945] returns group-90BB4468D332:java.util.concurrent.CompletableFuture@41786d28[Not completed]
2019-08-21 18:55:22,066 [pool-450-thread-1] INFO  impl.RaftServerImpl (RaftServerImpl.java:<init>(93)) - b1bf2634-a55a-4292-98b3-5b3eb35ed415: new RaftServerImpl for group-90BB4468D332:[b1bf2634-a55a-4292-98b3-5b3eb35ed415:192.168.36.125:42945] with ContainerStateMachine:uninitialized
2019-08-21 18:55:22,066 [pool-450-thread-1] INFO  server.RaftServerConfigKeys (ConfUtils.java:logGet(43)) - raft.server.rpc.timeout.min = 5s (custom)
2019-08-21 18:55:22,066 [pool-450-thread-1] INFO  server.RaftServerConfigKeys (ConfUtils.java:logGet(43)) - raft.server.rpc.timeout.max = 5200ms (custom)
2019-08-21 18:55:22,066 [pool-450-thread-1] INFO  server.RaftServerConfigKeys (ConfUtils.java:logGet(43)) - raft.server.rpcslowness.timeout = 120s (custom)
2019-08-21 18:55:22,066 [pool-450-thread-1] INFO  server.RaftServerConfigKeys (ConfUtils.java:logGet(43)) - raft.server.sleep.deviation.threshold = 300 (default)
2019-08-21 18:55:22,066 [pool-450-thread-1] INFO  server.RaftServerConfigKeys (ConfUtils.java:logGet(43)) - raft.server.log.appender.install.snapshot.enabled = false (custom)
2019-08-21 18:55:22,066 [pool-450-thread-1] INFO  impl.RaftServerImpl (ServerState.java:<init>(105)) - b1bf2634-a55a-4292-98b3-5b3eb35ed415:group-90BB4468D332 ConfigurationManager, init=-1: [b1bf2634-a55a-4292-98b3-5b3eb35ed415:192.168.36.125:42945], old=null, confs=<EMPTY_MAP>
2019-08-21 18:55:22,067 [pool-450-thread-1] INFO  server.RaftServerConfigKeys (ConfUtils.java:logGet(43)) - raft.server.storage.dir = [/workdir/hadoop-ozone/integration-test/target/test-dir/MiniOzoneClusterImpl-41c02fe8-38d4-41ce-91e4-307d8e6896e2/datanode-1/data/ratis] (custom)
2019-08-21 18:55:22,067 [pool-450-thread-1] INFO  storage.RaftStorageDirectory (RaftStorageDirectory.java:analyzeStorage(246)) - The storage directory /workdir/hadoop-ozone/integration-test/target/test-dir/MiniOzoneClusterImpl-41c02fe8-38d4-41ce-91e4-307d8e6896e2/datanode-1/data/ratis/e0d9f544-dd51-457f-94d3-90bb4468d332 does not exist. Creating ...
2019-08-21 18:55:22,088 [pool-450-thread-1] INFO  storage.RaftStorageDirectory (RaftStorageDirectory.java:tryLock(328)) - Lock on /workdir/hadoop-ozone/integration-test/target/test-dir/MiniOzoneClusterImpl-41c02fe8-38d4-41ce-91e4-307d8e6896e2/datanode-1/data/ratis/e0d9f544-dd51-457f-94d3-90bb4468d332/in_use.lock acquired by nodename 24131@pr-hdds-1998-57vr7-880049069
2019-08-21 18:55:22,112 [pool-450-thread-1] INFO  storage.RaftStorage (RaftStorage.java:format(72)) - Storage directory /workdir/hadoop-ozone/integration-test/target/test-dir/MiniOzoneClusterImpl-41c02fe8-38d4-41ce-91e4-307d8e6896e2/datanode-1/data/ratis/e0d9f544-dd51-457f-94d3-90bb4468d332 has been successfully formatted.
2019-08-21 18:55:22,113 [pool-450-thread-1] INFO  ratis.ContainerStateMachine (ContainerStateMachine.java:loadSnapshot(226)) - group-90BB4468D332: The snapshot info is null. Setting the last applied indexto:(t:0, i:~)
2019-08-21 18:55:22,113 [pool-450-thread-1] INFO  server.RaftServerConfigKeys (ConfUtils.java:logGet(43)) - raft.server.leader.election.timeout = 120s (custom)
2019-08-21 18:55:22,113 [pool-450-thread-1] INFO  server.RaftServerConfigKeys (ConfUtils.java:logGet(43)) - raft.server.log.use.memory = false (default)
2019-08-21 18:55:22,113 [pool-450-thread-1] INFO  server.RaftServerConfigKeys (ConfUtils.java:logGet(43)) - raft.server.log.purge.gap = 1000000 (custom)
2019-08-21 18:55:22,113 [pool-450-thread-1] INFO  server.RaftServerConfigKeys (ConfUtils.java:logGet(43)) - raft.server.log.appender.buffer.byte-limit = 33554432 (custom)
2019-08-21 18:55:22,113 [pool-450-thread-1] INFO  server.RaftServerConfigKeys (ConfUtils.java:logGet(43)) - raft.server.log.segment.size.max = 1048576 (custom)
2019-08-21 18:55:22,113 [pool-450-thread-1] INFO  server.RaftServerConfigKeys (ConfUtils.java:logGet(43)) - raft.server.log.segment.cache.num.max = 2 (custom)
2019-08-21 18:55:22,114 [pool-450-thread-1] INFO  segmented.SegmentedRaftLogWorker (SegmentedRaftLogWorker.java:<init>(172)) - new b1bf2634-a55a-4292-98b3-5b3eb35ed415-SegmentedRaftLogWorker:Storage Directory /workdir/hadoop-ozone/integration-test/target/test-dir/MiniOzoneClusterImpl-41c02fe8-38d4-41ce-91e4-307d8e6896e2/datanode-1/data/ratis/e0d9f544-dd51-457f-94d3-90bb4468d332 for RaftStorage:Storage Directory /workdir/hadoop-ozone/integration-test/target/test-dir/MiniOzoneClusterImpl-41c02fe8-38d4-41ce-91e4-307d8e6896e2/datanode-1/data/ratis/e0d9f544-dd51-457f-94d3-90bb4468d332
2019-08-21 18:55:22,114 [pool-450-thread-1] INFO  server.RaftServerConfigKeys (ConfUtils.java:logGet(43)) - raft.server.log.queue.byte-limit = 2147483647 (custom)
2019-08-21 18:55:22,114 [pool-450-thread-1] INFO  server.RaftServerConfigKeys (ConfUtils.java:logGet(43)) - raft.server.log.queue.element-limit = 1024 (custom)
2019-08-21 18:55:22,114 [pool-450-thread-1] INFO  server.RaftServerConfigKeys (ConfUtils.java:logGet(43)) - raft.server.log.segment.size.max = 1048576 (custom)
2019-08-21 18:55:22,114 [pool-450-thread-1] INFO  server.RaftServerConfigKeys (ConfUtils.java:logGet(43)) - raft.server.log.preallocated.size = 16384 (custom)
2019-08-21 18:55:22,114 [pool-450-thread-1] INFO  server.RaftServerConfigKeys (ConfUtils.java:logGet(43)) - raft.server.log.write.buffer.size = 33554432 (custom)
2019-08-21 18:55:22,115 [pool-450-thread-1] INFO  server.RaftServerConfigKeys (ConfUtils.java:logGet(43)) - raft.server.log.force.sync.num = 128 (default)
2019-08-21 18:55:22,115 [pool-450-thread-1] INFO  server.RaftServerConfigKeys (ConfUtils.java:logGet(43)) - raft.server.log.statemachine.data.sync = true (default)
2019-08-21 18:55:22,115 [pool-450-thread-1] INFO  server.RaftServerConfigKeys (ConfUtils.java:logGet(43)) - raft.server.log.statemachine.data.sync.timeout = 10s (default)
2019-08-21 18:55:22,115 [pool-450-thread-1] INFO  server.RaftServerConfigKeys (ConfUtils.java:logGet(43)) - raft.server.log.statemachine.data.sync.timeout.retry = -1 (default)
2019-08-21 18:55:22,115 [pool-450-thread-1] INFO  server.RaftServerConfigKeys (ConfUtils.java:logGet(43)) - raft.server.log.statemachine.data.caching.enabled = true (custom)
2019-08-21 18:55:22,115 [pool-450-thread-1] INFO  segmented.SegmentedRaftLogWorker (SegmentedRaftLogWorker.java:lambda$new$0(132)) - b1bf2634-a55a-4292-98b3-5b3eb35ed415-SegmentedRaftLogWorker:Storage Directory /workdir/hadoop-ozone/integration-test/target/test-dir/MiniOzoneClusterImpl-41c02fe8-38d4-41ce-91e4-307d8e6896e2/datanode-1/data/ratis/e0d9f544-dd51-457f-94d3-90bb4468d332: flushIndex: setUnconditionally 0 -> -1
2019-08-21 18:55:22,116 [pool-450-thread-1] INFO  server.RaftServerConfigKeys (ConfUtils.java:logGet(43)) - raft.server.snapshot.auto.trigger.enabled = true (custom)
2019-08-21 18:55:22,116 [pool-450-thread-1] INFO  server.RaftServerConfigKeys (ConfUtils.java:logGet(43)) - raft.server.snapshot.auto.trigger.threshold = 10000 (custom)
2019-08-21 18:55:22,116 [pool-450-thread-1] INFO  server.RaftServerConfigKeys (ConfUtils.java:logGet(43)) - raft.server.retrycache.expirytime = 600000ms (custom)
2019-08-21 18:55:22,116 [pool-450-thread-1] INFO  impl.RaftServerImpl (RaftServerImpl.java:start(180)) - b1bf2634-a55a-4292-98b3-5b3eb35ed415: start group-90BB4468D332
2019-08-21 18:55:22,116 [pool-450-thread-1] INFO  impl.RaftServerImpl (RaftServerImpl.java:setRole(171)) - b1bf2634-a55a-4292-98b3-5b3eb35ed415:group-90BB4468D332 changes role from null to FOLLOWER at term 0 for startAsFollower
2019-08-21 18:55:22,117 [pool-450-thread-1] INFO  impl.RoleInfo (RoleInfo.java:updateAndGet(143)) - b1bf2634-a55a-4292-98b3-5b3eb35ed415: start FollowerState
2019-08-21 18:55:22,117 [pool-450-thread-1] INFO  util.JmxRegister (JmxRegister.java:tryRegister(44)) - Successfully registered JMX Bean with object name Ratis:service=RaftServer,group=group-90BB4468D332,id=b1bf2634-a55a-4292-98b3-5b3eb35ed415
2019-08-21 18:55:22,120 [RatisPipelineUtilsThread] INFO  pipeline.PipelineStateManager (PipelineStateManager.java:addPipeline(56)) - Created pipeline Pipeline[ Id: e0d9f544-dd51-457f-94d3-90bb4468d332, Nodes: b1bf2634-a55a-4292-98b3-5b3eb35ed415{ip: 192.168.36.125, host: pr-hdds-1998-57vr7-880049069, networkLocation: /default-rack, certSerialId: null}, Type:RATIS, Factor:ONE, State:OPEN]
2019-08-21 18:55:22,143 [main] INFO  ozone.MiniOzoneClusterImpl (MiniOzoneClusterImpl.java:lambda$waitForClusterToBeReady$0(142)) - Waiting for cluster to be ready. Got 2 of 7 DN Heartbeats.
2019-08-21 18:55:22,249 [IPC Server handler 5 on 40684] INFO  net.NetworkTopology (NetworkTopologyImpl.java:add(110)) - Added a new node: /default-rack/797b0004-b8c3-49ad-acf1-e2929da993b9
2019-08-21 18:55:22,249 [IPC Server handler 5 on 40684] INFO  node.SCMNodeManager (SCMNodeManager.java:register(273)) - Registered Data node : 797b0004-b8c3-49ad-acf1-e2929da993b9{ip: 192.168.36.125, host: pr-hdds-1998-57vr7-880049069, networkLocation: /default-rack, certSerialId: null}
2019-08-21 18:55:22,249 | INFO  | SCMAudit | user=jenkins1000 | ip=192.168.36.125 | op=REGISTER {datanodeDetails=797b0004-b8c3-49ad-acf1-e2929da993b9{ip: 192.168.36.125, host: pr-hdds-1998-57vr7-880049069, networkLocation: /default-rack, certSerialId: null}} | ret=SUCCESS |  
2019-08-21 18:55:22,256 [grpc-default-executor-7] INFO  impl.RaftServerProxy (RaftServerProxy.java:addNew(89)) - 797b0004-b8c3-49ad-acf1-e2929da993b9: addNew group-5E1A85368821:[797b0004-b8c3-49ad-acf1-e2929da993b9:192.168.36.125:33244] returns group-5E1A85368821:java.util.concurrent.CompletableFuture@2807a10c[Not completed]
2019-08-21 18:55:22,258 [pool-461-thread-1] INFO  impl.RaftServerImpl (RaftServerImpl.java:<init>(93)) - 797b0004-b8c3-49ad-acf1-e2929da993b9: new RaftServerImpl for group-5E1A85368821:[797b0004-b8c3-49ad-acf1-e2929da993b9:192.168.36.125:33244] with ContainerStateMachine:uninitialized
2019-08-21 18:55:22,258 [pool-461-thread-1] INFO  server.RaftServerConfigKeys (ConfUtils.java:logGet(43)) - raft.server.rpc.timeout.min = 5s (custom)
2019-08-21 18:55:22,258 [pool-461-thread-1] INFO  server.RaftServerConfigKeys (ConfUtils.java:logGet(43)) - raft.server.rpc.timeout.max = 5200ms (custom)
2019-08-21 18:55:22,258 [pool-461-thread-1] INFO  server.RaftServerConfigKeys (ConfUtils.java:logGet(43)) - raft.server.rpcslowness.timeout = 120s (custom)
2019-08-21 18:55:22,258 [pool-461-thread-1] INFO  server.RaftServerConfigKeys (ConfUtils.java:logGet(43)) - raft.server.sleep.deviation.threshold = 300 (default)
2019-08-21 18:55:22,258 [pool-461-thread-1] INFO  server.RaftServerConfigKeys (ConfUtils.java:logGet(43)) - raft.server.log.appender.install.snapshot.enabled = false (custom)
2019-08-21 18:55:22,258 [pool-461-thread-1] INFO  impl.RaftServerImpl (ServerState.java:<init>(105)) - 797b0004-b8c3-49ad-acf1-e2929da993b9:group-5E1A85368821 ConfigurationManager, init=-1: [797b0004-b8c3-49ad-acf1-e2929da993b9:192.168.36.125:33244], old=null, confs=<EMPTY_MAP>
2019-08-21 18:55:22,258 [pool-461-thread-1] INFO  server.RaftServerConfigKeys (ConfUtils.java:logGet(43)) - raft.server.storage.dir = [/workdir/hadoop-ozone/integration-test/target/test-dir/MiniOzoneClusterImpl-41c02fe8-38d4-41ce-91e4-307d8e6896e2/datanode-2/data/ratis] (custom)
2019-08-21 18:55:22,259 [pool-461-thread-1] INFO  storage.RaftStorageDirectory (RaftStorageDirectory.java:analyzeStorage(246)) - The storage directory /workdir/hadoop-ozone/integration-test/target/test-dir/MiniOzoneClusterImpl-41c02fe8-38d4-41ce-91e4-307d8e6896e2/datanode-2/data/ratis/910fb9f8-61cd-444f-864f-5e1a85368821 does not exist. Creating ...
2019-08-21 18:55:22,273 [pool-461-thread-1] INFO  storage.RaftStorageDirectory (RaftStorageDirectory.java:tryLock(328)) - Lock on /workdir/hadoop-ozone/integration-test/target/test-dir/MiniOzoneClusterImpl-41c02fe8-38d4-41ce-91e4-307d8e6896e2/datanode-2/data/ratis/910fb9f8-61cd-444f-864f-5e1a85368821/in_use.lock acquired by nodename 24131@pr-hdds-1998-57vr7-880049069
2019-08-21 18:55:22,288 [pool-461-thread-1] INFO  storage.RaftStorage (RaftStorage.java:format(72)) - Storage directory /workdir/hadoop-ozone/integration-test/target/test-dir/MiniOzoneClusterImpl-41c02fe8-38d4-41ce-91e4-307d8e6896e2/datanode-2/data/ratis/910fb9f8-61cd-444f-864f-5e1a85368821 has been successfully formatted.
2019-08-21 18:55:22,288 [pool-461-thread-1] INFO  ratis.ContainerStateMachine (ContainerStateMachine.java:loadSnapshot(226)) - group-5E1A85368821: The snapshot info is null. Setting the last applied indexto:(t:0, i:~)
2019-08-21 18:55:22,288 [pool-461-thread-1] INFO  server.RaftServerConfigKeys (ConfUtils.java:logGet(43)) - raft.server.leader.election.timeout = 120s (custom)
2019-08-21 18:55:22,288 [pool-461-thread-1] INFO  server.RaftServerConfigKeys (ConfUtils.java:logGet(43)) - raft.server.log.use.memory = false (default)
2019-08-21 18:55:22,288 [pool-461-thread-1] INFO  server.RaftServerConfigKeys (ConfUtils.java:logGet(43)) - raft.server.log.purge.gap = 1000000 (custom)
2019-08-21 18:55:22,288 [pool-461-thread-1] INFO  server.RaftServerConfigKeys (ConfUtils.java:logGet(43)) - raft.server.log.appender.buffer.byte-limit = 33554432 (custom)
2019-08-21 18:55:22,288 [pool-461-thread-1] INFO  server.RaftServerConfigKeys (ConfUtils.java:logGet(43)) - raft.server.log.segment.size.max = 1048576 (custom)
2019-08-21 18:55:22,289 [pool-461-thread-1] INFO  server.RaftServerConfigKeys (ConfUtils.java:logGet(43)) - raft.server.log.segment.cache.num.max = 2 (custom)
2019-08-21 18:55:22,289 [pool-461-thread-1] INFO  segmented.SegmentedRaftLogWorker (SegmentedRaftLogWorker.java:<init>(172)) - new 797b0004-b8c3-49ad-acf1-e2929da993b9-SegmentedRaftLogWorker:Storage Directory /workdir/hadoop-ozone/integration-test/target/test-dir/MiniOzoneClusterImpl-41c02fe8-38d4-41ce-91e4-307d8e6896e2/datanode-2/data/ratis/910fb9f8-61cd-444f-864f-5e1a85368821 for RaftStorage:Storage Directory /workdir/hadoop-ozone/integration-test/target/test-dir/MiniOzoneClusterImpl-41c02fe8-38d4-41ce-91e4-307d8e6896e2/datanode-2/data/ratis/910fb9f8-61cd-444f-864f-5e1a85368821
2019-08-21 18:55:22,289 [pool-461-thread-1] INFO  server.RaftServerConfigKeys (ConfUtils.java:logGet(43)) - raft.server.log.queue.byte-limit = 2147483647 (custom)
2019-08-21 18:55:22,289 [pool-461-thread-1] INFO  server.RaftServerConfigKeys (ConfUtils.java:logGet(43)) - raft.server.log.queue.element-limit = 1024 (custom)
2019-08-21 18:55:22,289 [pool-461-thread-1] INFO  server.RaftServerConfigKeys (ConfUtils.java:logGet(43)) - raft.server.log.segment.size.max = 1048576 (custom)
2019-08-21 18:55:22,289 [pool-461-thread-1] INFO  server.RaftServerConfigKeys (ConfUtils.java:logGet(43)) - raft.server.log.preallocated.size = 16384 (custom)
2019-08-21 18:55:22,289 [pool-461-thread-1] INFO  server.RaftServerConfigKeys (ConfUtils.java:logGet(43)) - raft.server.log.write.buffer.size = 33554432 (custom)
2019-08-21 18:55:22,290 [pool-461-thread-1] INFO  server.RaftServerConfigKeys (ConfUtils.java:logGet(43)) - raft.server.log.force.sync.num = 128 (default)
2019-08-21 18:55:22,290 [pool-461-thread-1] INFO  server.RaftServerConfigKeys (ConfUtils.java:logGet(43)) - raft.server.log.statemachine.data.sync = true (default)
2019-08-21 18:55:22,290 [pool-461-thread-1] INFO  server.RaftServerConfigKeys (ConfUtils.java:logGet(43)) - raft.server.log.statemachine.data.sync.timeout = 10s (default)
2019-08-21 18:55:22,290 [pool-461-thread-1] INFO  server.RaftServerConfigKeys (ConfUtils.java:logGet(43)) - raft.server.log.statemachine.data.sync.timeout.retry = -1 (default)
2019-08-21 18:55:22,290 [pool-461-thread-1] INFO  server.RaftServerConfigKeys (ConfUtils.java:logGet(43)) - raft.server.log.statemachine.data.caching.enabled = true (custom)
2019-08-21 18:55:22,290 [pool-461-thread-1] INFO  segmented.SegmentedRaftLogWorker (SegmentedRaftLogWorker.java:lambda$new$0(132)) - 797b0004-b8c3-49ad-acf1-e2929da993b9-SegmentedRaftLogWorker:Storage Directory /workdir/hadoop-ozone/integration-test/target/test-dir/MiniOzoneClusterImpl-41c02fe8-38d4-41ce-91e4-307d8e6896e2/datanode-2/data/ratis/910fb9f8-61cd-444f-864f-5e1a85368821: flushIndex: setUnconditionally 0 -> -1
2019-08-21 18:55:22,291 [pool-461-thread-1] INFO  server.RaftServerConfigKeys (ConfUtils.java:logGet(43)) - raft.server.snapshot.auto.trigger.enabled = true (custom)
2019-08-21 18:55:22,291 [pool-461-thread-1] INFO  server.RaftServerConfigKeys (ConfUtils.java:logGet(43)) - raft.server.snapshot.auto.trigger.threshold = 10000 (custom)
2019-08-21 18:55:22,291 [pool-461-thread-1] INFO  server.RaftServerConfigKeys (ConfUtils.java:logGet(43)) - raft.server.retrycache.expirytime = 600000ms (custom)
2019-08-21 18:55:22,291 [pool-461-thread-1] INFO  impl.RaftServerImpl (RaftServerImpl.java:start(180)) - 797b0004-b8c3-49ad-acf1-e2929da993b9: start group-5E1A85368821
2019-08-21 18:55:22,291 [pool-461-thread-1] INFO  impl.RaftServerImpl (RaftServerImpl.java:setRole(171)) - 797b0004-b8c3-49ad-acf1-e2929da993b9:group-5E1A85368821 changes role from null to FOLLOWER at term 0 for startAsFollower
2019-08-21 18:55:22,291 [pool-461-thread-1] INFO  impl.RoleInfo (RoleInfo.java:updateAndGet(143)) - 797b0004-b8c3-49ad-acf1-e2929da993b9: start FollowerState
2019-08-21 18:55:22,292 [pool-461-thread-1] INFO  util.JmxRegister (JmxRegister.java:tryRegister(44)) - Successfully registered JMX Bean with object name Ratis:service=RaftServer,group=group-5E1A85368821,id=797b0004-b8c3-49ad-acf1-e2929da993b9
2019-08-21 18:55:22,294 [RatisPipelineUtilsThread] INFO  pipeline.PipelineStateManager (PipelineStateManager.java:addPipeline(56)) - Created pipeline Pipeline[ Id: 910fb9f8-61cd-444f-864f-5e1a85368821, Nodes: 797b0004-b8c3-49ad-acf1-e2929da993b9{ip: 192.168.36.125, host: pr-hdds-1998-57vr7-880049069, networkLocation: /default-rack, certSerialId: null}, Type:RATIS, Factor:ONE, State:OPEN]
2019-08-21 18:55:22,308 [grpc-default-executor-11] INFO  impl.RaftServerProxy (RaftServerProxy.java:addNew(89)) - b1bf2634-a55a-4292-98b3-5b3eb35ed415: addNew group-86FB0DCC5C31:[70834503-2edc-4245-925f-fcee029f7dec:192.168.36.125:33370, 797b0004-b8c3-49ad-acf1-e2929da993b9:192.168.36.125:33244, b1bf2634-a55a-4292-98b3-5b3eb35ed415:192.168.36.125:42945] returns group-86FB0DCC5C31:java.util.concurrent.CompletableFuture@45e9dfa4[Not completed]
2019-08-21 18:55:22,308 [grpc-default-executor-7] INFO  impl.RaftServerProxy (RaftServerProxy.java:addNew(89)) - 797b0004-b8c3-49ad-acf1-e2929da993b9: addNew group-86FB0DCC5C31:[70834503-2edc-4245-925f-fcee029f7dec:192.168.36.125:33370, 797b0004-b8c3-49ad-acf1-e2929da993b9:192.168.36.125:33244, b1bf2634-a55a-4292-98b3-5b3eb35ed415:192.168.36.125:42945] returns group-86FB0DCC5C31:java.util.concurrent.CompletableFuture@5e4d2da4[Not completed]
2019-08-21 18:55:22,308 [grpc-default-executor-10] INFO  impl.RaftServerProxy (RaftServerProxy.java:addNew(89)) - 70834503-2edc-4245-925f-fcee029f7dec: addNew group-86FB0DCC5C31:[70834503-2edc-4245-925f-fcee029f7dec:192.168.36.125:33370, 797b0004-b8c3-49ad-acf1-e2929da993b9:192.168.36.125:33244, b1bf2634-a55a-4292-98b3-5b3eb35ed415:192.168.36.125:42945] returns group-86FB0DCC5C31:java.util.concurrent.CompletableFuture@4178a01c[Not completed]
2019-08-21 18:55:22,309 [pool-450-thread-1] INFO  impl.RaftServerImpl (RaftServerImpl.java:<init>(93)) - b1bf2634-a55a-4292-98b3-5b3eb35ed415: new RaftServerImpl for group-86FB0DCC5C31:[70834503-2edc-4245-925f-fcee029f7dec:192.168.36.125:33370, 797b0004-b8c3-49ad-acf1-e2929da993b9:192.168.36.125:33244, b1bf2634-a55a-4292-98b3-5b3eb35ed415:192.168.36.125:42945] with ContainerStateMachine:uninitialized
2019-08-21 18:55:22,309 [pool-450-thread-1] INFO  server.RaftServerConfigKeys (ConfUtils.java:logGet(43)) - raft.server.rpc.timeout.min = 5s (custom)
2019-08-21 18:55:22,309 [pool-450-thread-1] INFO  server.RaftServerConfigKeys (ConfUtils.java:logGet(43)) - raft.server.rpc.timeout.max = 5200ms (custom)
2019-08-21 18:55:22,309 [pool-439-thread-1] INFO  impl.RaftServerImpl (RaftServerImpl.java:<init>(93)) - 70834503-2edc-4245-925f-fcee029f7dec: new RaftServerImpl for group-86FB0DCC5C31:[70834503-2edc-4245-925f-fcee029f7dec:192.168.36.125:33370, 797b0004-b8c3-49ad-acf1-e2929da993b9:192.168.36.125:33244, b1bf2634-a55a-4292-98b3-5b3eb35ed415:192.168.36.125:42945] with ContainerStateMachine:uninitialized
2019-08-21 18:55:22,309 [pool-450-thread-1] INFO  server.RaftServerConfigKeys (ConfUtils.java:logGet(43)) - raft.server.rpcslowness.timeout = 120s (custom)
2019-08-21 18:55:22,309 [pool-439-thread-1] INFO  server.RaftServerConfigKeys (ConfUtils.java:logGet(43)) - raft.server.rpc.timeout.min = 5s (custom)
2019-08-21 18:55:22,309 [pool-450-thread-1] INFO  server.RaftServerConfigKeys (ConfUtils.java:logGet(43)) - raft.server.sleep.deviation.threshold = 300 (default)
2019-08-21 18:55:22,309 [pool-439-thread-1] INFO  server.RaftServerConfigKeys (ConfUtils.java:logGet(43)) - raft.server.rpc.timeout.max = 5200ms (custom)
2019-08-21 18:55:22,309 [pool-450-thread-1] INFO  server.RaftServerConfigKeys (ConfUtils.java:logGet(43)) - raft.server.log.appender.install.snapshot.enabled = false (custom)
2019-08-21 18:55:22,309 [pool-461-thread-1] INFO  impl.RaftServerImpl (RaftServerImpl.java:<init>(93)) - 797b0004-b8c3-49ad-acf1-e2929da993b9: new RaftServerImpl for group-86FB0DCC5C31:[70834503-2edc-4245-925f-fcee029f7dec:192.168.36.125:33370, 797b0004-b8c3-49ad-acf1-e2929da993b9:192.168.36.125:33244, b1bf2634-a55a-4292-98b3-5b3eb35ed415:192.168.36.125:42945] with ContainerStateMachine:uninitialized
2019-08-21 18:55:22,309 [pool-439-thread-1] INFO  server.RaftServerConfigKeys (ConfUtils.java:logGet(43)) - raft.server.rpcslowness.timeout = 120s (custom)
2019-08-21 18:55:22,310 [pool-461-thread-1] INFO  server.RaftServerConfigKeys (ConfUtils.java:logGet(43)) - raft.server.rpc.timeout.min = 5s (custom)
2019-08-21 18:55:22,309 [pool-450-thread-1] INFO  impl.RaftServerImpl (ServerState.java:<init>(105)) - b1bf2634-a55a-4292-98b3-5b3eb35ed415:group-86FB0DCC5C31 ConfigurationManager, init=-1: [70834503-2edc-4245-925f-fcee029f7dec:192.168.36.125:33370, 797b0004-b8c3-49ad-acf1-e2929da993b9:192.168.36.125:33244, b1bf2634-a55a-4292-98b3-5b3eb35ed415:192.168.36.125:42945], old=null, confs=<EMPTY_MAP>
2019-08-21 18:55:22,310 [pool-461-thread-1] INFO  server.RaftServerConfigKeys (ConfUtils.java:logGet(43)) - raft.server.rpc.timeout.max = 5200ms (custom)
2019-08-21 18:55:22,310 [pool-439-thread-1] INFO  server.RaftServerConfigKeys (ConfUtils.java:logGet(43)) - raft.server.sleep.deviation.threshold = 300 (default)
2019-08-21 18:55:22,310 [pool-461-thread-1] INFO  server.RaftServerConfigKeys (ConfUtils.java:logGet(43)) - raft.server.rpcslowness.timeout = 120s (custom)
2019-08-21 18:55:22,310 [pool-450-thread-1] INFO  server.RaftServerConfigKeys (ConfUtils.java:logGet(43)) - raft.server.storage.dir = [/workdir/hadoop-ozone/integration-test/target/test-dir/MiniOzoneClusterImpl-41c02fe8-38d4-41ce-91e4-307d8e6896e2/datanode-1/data/ratis] (custom)
2019-08-21 18:55:22,310 [pool-461-thread-1] INFO  server.RaftServerConfigKeys (ConfUtils.java:logGet(43)) - raft.server.sleep.deviation.threshold = 300 (default)
2019-08-21 18:55:22,310 [pool-439-thread-1] INFO  server.RaftServerConfigKeys (ConfUtils.java:logGet(43)) - raft.server.log.appender.install.snapshot.enabled = false (custom)
2019-08-21 18:55:22,310 [pool-461-thread-1] INFO  server.RaftServerConfigKeys (ConfUtils.java:logGet(43)) - raft.server.log.appender.install.snapshot.enabled = false (custom)
2019-08-21 18:55:22,310 [pool-450-thread-1] INFO  storage.RaftStorageDirectory (RaftStorageDirectory.java:analyzeStorage(246)) - The storage directory /workdir/hadoop-ozone/integration-test/target/test-dir/MiniOzoneClusterImpl-41c02fe8-38d4-41ce-91e4-307d8e6896e2/datanode-1/data/ratis/f9ab71f4-cf19-40e4-b552-86fb0dcc5c31 does not exist. Creating ...
2019-08-21 18:55:22,310 [pool-439-thread-1] INFO  impl.RaftServerImpl (ServerState.java:<init>(105)) - 70834503-2edc-4245-925f-fcee029f7dec:group-86FB0DCC5C31 ConfigurationManager, init=-1: [70834503-2edc-4245-925f-fcee029f7dec:192.168.36.125:33370, 797b0004-b8c3-49ad-acf1-e2929da993b9:192.168.36.125:33244, b1bf2634-a55a-4292-98b3-5b3eb35ed415:192.168.36.125:42945], old=null, confs=<EMPTY_MAP>
2019-08-21 18:55:22,310 [pool-461-thread-1] INFO  impl.RaftServerImpl (ServerState.java:<init>(105)) - 797b0004-b8c3-49ad-acf1-e2929da993b9:group-86FB0DCC5C31 ConfigurationManager, init=-1: [70834503-2edc-4245-925f-fcee029f7dec:192.168.36.125:33370, 797b0004-b8c3-49ad-acf1-e2929da993b9:192.168.36.125:33244, b1bf2634-a55a-4292-98b3-5b3eb35ed415:192.168.36.125:42945], old=null, confs=<EMPTY_MAP>
2019-08-21 18:55:22,311 [pool-439-thread-1] INFO  server.RaftServerConfigKeys (ConfUtils.java:logGet(43)) - raft.server.storage.dir = [/workdir/hadoop-ozone/integration-test/target/test-dir/MiniOzoneClusterImpl-41c02fe8-38d4-41ce-91e4-307d8e6896e2/datanode-0/data/ratis] (custom)
2019-08-21 18:55:22,311 [pool-461-thread-1] INFO  server.RaftServerConfigKeys (ConfUtils.java:logGet(43)) - raft.server.storage.dir = [/workdir/hadoop-ozone/integration-test/target/test-dir/MiniOzoneClusterImpl-41c02fe8-38d4-41ce-91e4-307d8e6896e2/datanode-2/data/ratis] (custom)
2019-08-21 18:55:22,311 [pool-439-thread-1] INFO  storage.RaftStorageDirectory (RaftStorageDirectory.java:analyzeStorage(246)) - The storage directory /workdir/hadoop-ozone/integration-test/target/test-dir/MiniOzoneClusterImpl-41c02fe8-38d4-41ce-91e4-307d8e6896e2/datanode-0/data/ratis/f9ab71f4-cf19-40e4-b552-86fb0dcc5c31 does not exist. Creating ...
2019-08-21 18:55:22,311 [pool-461-thread-1] INFO  storage.RaftStorageDirectory (RaftStorageDirectory.java:analyzeStorage(246)) - The storage directory /workdir/hadoop-ozone/integration-test/target/test-dir/MiniOzoneClusterImpl-41c02fe8-38d4-41ce-91e4-307d8e6896e2/datanode-2/data/ratis/f9ab71f4-cf19-40e4-b552-86fb0dcc5c31 does not exist. Creating ...
2019-08-21 18:55:22,327 [pool-450-thread-1] INFO  storage.RaftStorageDirectory (RaftStorageDirectory.java:tryLock(328)) - Lock on /workdir/hadoop-ozone/integration-test/target/test-dir/MiniOzoneClusterImpl-41c02fe8-38d4-41ce-91e4-307d8e6896e2/datanode-1/data/ratis/f9ab71f4-cf19-40e4-b552-86fb0dcc5c31/in_use.lock acquired by nodename 24131@pr-hdds-1998-57vr7-880049069
2019-08-21 18:55:22,327 [pool-461-thread-1] INFO  storage.RaftStorageDirectory (RaftStorageDirectory.java:tryLock(328)) - Lock on /workdir/hadoop-ozone/integration-test/target/test-dir/MiniOzoneClusterImpl-41c02fe8-38d4-41ce-91e4-307d8e6896e2/datanode-2/data/ratis/f9ab71f4-cf19-40e4-b552-86fb0dcc5c31/in_use.lock acquired by nodename 24131@pr-hdds-1998-57vr7-880049069
2019-08-21 18:55:22,327 [pool-439-thread-1] INFO  storage.RaftStorageDirectory (RaftStorageDirectory.java:tryLock(328)) - Lock on /workdir/hadoop-ozone/integration-test/target/test-dir/MiniOzoneClusterImpl-41c02fe8-38d4-41ce-91e4-307d8e6896e2/datanode-0/data/ratis/f9ab71f4-cf19-40e4-b552-86fb0dcc5c31/in_use.lock acquired by nodename 24131@pr-hdds-1998-57vr7-880049069
2019-08-21 18:55:22,358 [pool-461-thread-1] INFO  storage.RaftStorage (RaftStorage.java:format(72)) - Storage directory /workdir/hadoop-ozone/integration-test/target/test-dir/MiniOzoneClusterImpl-41c02fe8-38d4-41ce-91e4-307d8e6896e2/datanode-2/data/ratis/f9ab71f4-cf19-40e4-b552-86fb0dcc5c31 has been successfully formatted.
2019-08-21 18:55:22,358 [pool-439-thread-1] INFO  storage.RaftStorage (RaftStorage.java:format(72)) - Storage directory /workdir/hadoop-ozone/integration-test/target/test-dir/MiniOzoneClusterImpl-41c02fe8-38d4-41ce-91e4-307d8e6896e2/datanode-0/data/ratis/f9ab71f4-cf19-40e4-b552-86fb0dcc5c31 has been successfully formatted.
2019-08-21 18:55:22,358 [pool-450-thread-1] INFO  storage.RaftStorage (RaftStorage.java:format(72)) - Storage directory /workdir/hadoop-ozone/integration-test/target/test-dir/MiniOzoneClusterImpl-41c02fe8-38d4-41ce-91e4-307d8e6896e2/datanode-1/data/ratis/f9ab71f4-cf19-40e4-b552-86fb0dcc5c31 has been successfully formatted.
2019-08-21 18:55:22,359 [pool-461-thread-1] INFO  ratis.ContainerStateMachine (ContainerStateMachine.java:loadSnapshot(226)) - group-86FB0DCC5C31: The snapshot info is null. Setting the last applied indexto:(t:0, i:~)
2019-08-21 18:55:22,359 [pool-450-thread-1] INFO  ratis.ContainerStateMachine (ContainerStateMachine.java:loadSnapshot(226)) - group-86FB0DCC5C31: The snapshot info is null. Setting the last applied indexto:(t:0, i:~)
2019-08-21 18:55:22,359 [pool-439-thread-1] INFO  ratis.ContainerStateMachine (ContainerStateMachine.java:loadSnapshot(226)) - group-86FB0DCC5C31: The snapshot info is null. Setting the last applied indexto:(t:0, i:~)
2019-08-21 18:55:22,359 [pool-450-thread-1] INFO  server.RaftServerConfigKeys (ConfUtils.java:logGet(43)) - raft.server.leader.election.timeout = 120s (custom)
2019-08-21 18:55:22,359 [pool-461-thread-1] INFO  server.RaftServerConfigKeys (ConfUtils.java:logGet(43)) - raft.server.leader.election.timeout = 120s (custom)
2019-08-21 18:55:22,359 [pool-450-thread-1] INFO  server.RaftServerConfigKeys (ConfUtils.java:logGet(43)) - raft.server.log.use.memory = false (default)
2019-08-21 18:55:22,359 [pool-439-thread-1] INFO  server.RaftServerConfigKeys (ConfUtils.java:logGet(43)) - raft.server.leader.election.timeout = 120s (custom)
2019-08-21 18:55:22,359 [pool-450-thread-1] INFO  server.RaftServerConfigKeys (ConfUtils.java:logGet(43)) - raft.server.log.purge.gap = 1000000 (custom)
2019-08-21 18:55:22,359 [pool-461-thread-1] INFO  server.RaftServerConfigKeys (ConfUtils.java:logGet(43)) - raft.server.log.use.memory = false (default)
2019-08-21 18:55:22,360 [pool-450-thread-1] INFO  server.RaftServerConfigKeys (ConfUtils.java:logGet(43)) - raft.server.log.appender.buffer.byte-limit = 33554432 (custom)
2019-08-21 18:55:22,360 [pool-439-thread-1] INFO  server.RaftServerConfigKeys (ConfUtils.java:logGet(43)) - raft.server.log.use.memory = false (default)
2019-08-21 18:55:22,360 [pool-450-thread-1] INFO  server.RaftServerConfigKeys (ConfUtils.java:logGet(43)) - raft.server.log.segment.size.max = 1048576 (custom)
2019-08-21 18:55:22,360 [pool-461-thread-1] INFO  server.RaftServerConfigKeys (ConfUtils.java:logGet(43)) - raft.server.log.purge.gap = 1000000 (custom)
2019-08-21 18:55:22,360 [pool-450-thread-1] INFO  server.RaftServerConfigKeys (ConfUtils.java:logGet(43)) - raft.server.log.segment.cache.num.max = 2 (custom)
2019-08-21 18:55:22,360 [pool-439-thread-1] INFO  server.RaftServerConfigKeys (ConfUtils.java:logGet(43)) - raft.server.log.purge.gap = 1000000 (custom)
2019-08-21 18:55:22,360 [pool-450-thread-1] INFO  segmented.SegmentedRaftLogWorker (SegmentedRaftLogWorker.java:<init>(172)) - new b1bf2634-a55a-4292-98b3-5b3eb35ed415-SegmentedRaftLogWorker:Storage Directory /workdir/hadoop-ozone/integration-test/target/test-dir/MiniOzoneClusterImpl-41c02fe8-38d4-41ce-91e4-307d8e6896e2/datanode-1/data/ratis/f9ab71f4-cf19-40e4-b552-86fb0dcc5c31 for RaftStorage:Storage Directory /workdir/hadoop-ozone/integration-test/target/test-dir/MiniOzoneClusterImpl-41c02fe8-38d4-41ce-91e4-307d8e6896e2/datanode-1/data/ratis/f9ab71f4-cf19-40e4-b552-86fb0dcc5c31
2019-08-21 18:55:22,360 [pool-461-thread-1] INFO  server.RaftServerConfigKeys (ConfUtils.java:logGet(43)) - raft.server.log.appender.buffer.byte-limit = 33554432 (custom)
2019-08-21 18:55:22,360 [pool-450-thread-1] INFO  server.RaftServerConfigKeys (ConfUtils.java:logGet(43)) - raft.server.log.queue.byte-limit = 2147483647 (custom)
2019-08-21 18:55:22,360 [pool-439-thread-1] INFO  server.RaftServerConfigKeys (ConfUtils.java:logGet(43)) - raft.server.log.appender.buffer.byte-limit = 33554432 (custom)
2019-08-21 18:55:22,361 [pool-450-thread-1] INFO  server.RaftServerConfigKeys (ConfUtils.java:logGet(43)) - raft.server.log.queue.element-limit = 1024 (custom)
2019-08-21 18:55:22,361 [pool-461-thread-1] INFO  server.RaftServerConfigKeys (ConfUtils.java:logGet(43)) - raft.server.log.segment.size.max = 1048576 (custom)
2019-08-21 18:55:22,361 [pool-450-thread-1] INFO  server.RaftServerConfigKeys (ConfUtils.java:logGet(43)) - raft.server.log.segment.size.max = 1048576 (custom)
2019-08-21 18:55:22,361 [pool-439-thread-1] INFO  server.RaftServerConfigKeys (ConfUtils.java:logGet(43)) - raft.server.log.segment.size.max = 1048576 (custom)
2019-08-21 18:55:22,361 [pool-450-thread-1] INFO  server.RaftServerConfigKeys (ConfUtils.java:logGet(43)) - raft.server.log.preallocated.size = 16384 (custom)
2019-08-21 18:55:22,361 [pool-461-thread-1] INFO  server.RaftServerConfigKeys (ConfUtils.java:logGet(43)) - raft.server.log.segment.cache.num.max = 2 (custom)
2019-08-21 18:55:22,361 [pool-450-thread-1] INFO  server.RaftServerConfigKeys (ConfUtils.java:logGet(43)) - raft.server.log.write.buffer.size = 33554432 (custom)
2019-08-21 18:55:22,361 [pool-439-thread-1] INFO  server.RaftServerConfigKeys (ConfUtils.java:logGet(43)) - raft.server.log.segment.cache.num.max = 2 (custom)
2019-08-21 18:55:22,361 [pool-450-thread-1] INFO  server.RaftServerConfigKeys (ConfUtils.java:logGet(43)) - raft.server.log.force.sync.num = 128 (default)
2019-08-21 18:55:22,361 [pool-461-thread-1] INFO  segmented.SegmentedRaftLogWorker (SegmentedRaftLogWorker.java:<init>(172)) - new 797b0004-b8c3-49ad-acf1-e2929da993b9-SegmentedRaftLogWorker:Storage Directory /workdir/hadoop-ozone/integration-test/target/test-dir/MiniOzoneClusterImpl-41c02fe8-38d4-41ce-91e4-307d8e6896e2/datanode-2/data/ratis/f9ab71f4-cf19-40e4-b552-86fb0dcc5c31 for RaftStorage:Storage Directory /workdir/hadoop-ozone/integration-test/target/test-dir/MiniOzoneClusterImpl-41c02fe8-38d4-41ce-91e4-307d8e6896e2/datanode-2/data/ratis/f9ab71f4-cf19-40e4-b552-86fb0dcc5c31
2019-08-21 18:55:22,362 [pool-450-thread-1] INFO  server.RaftServerConfigKeys (ConfUtils.java:logGet(43)) - raft.server.log.statemachine.data.sync = true (default)
2019-08-21 18:55:22,362 [pool-450-thread-1] INFO  server.RaftServerConfigKeys (ConfUtils.java:logGet(43)) - raft.server.log.statemachine.data.sync.timeout = 10s (default)
2019-08-21 18:55:22,361 [pool-439-thread-1] INFO  segmented.SegmentedRaftLogWorker (SegmentedRaftLogWorker.java:<init>(172)) - new 70834503-2edc-4245-925f-fcee029f7dec-SegmentedRaftLogWorker:Storage Directory /workdir/hadoop-ozone/integration-test/target/test-dir/MiniOzoneClusterImpl-41c02fe8-38d4-41ce-91e4-307d8e6896e2/datanode-0/data/ratis/f9ab71f4-cf19-40e4-b552-86fb0dcc5c31 for RaftStorage:Storage Directory /workdir/hadoop-ozone/integration-test/target/test-dir/MiniOzoneClusterImpl-41c02fe8-38d4-41ce-91e4-307d8e6896e2/datanode-0/data/ratis/f9ab71f4-cf19-40e4-b552-86fb0dcc5c31
2019-08-21 18:55:22,362 [pool-450-thread-1] INFO  server.RaftServerConfigKeys (ConfUtils.java:logGet(43)) - raft.server.log.statemachine.data.sync.timeout.retry = -1 (default)
2019-08-21 18:55:22,362 [pool-461-thread-1] INFO  server.RaftServerConfigKeys (ConfUtils.java:logGet(43)) - raft.server.log.queue.byte-limit = 2147483647 (custom)
2019-08-21 18:55:22,362 [pool-450-thread-1] INFO  server.RaftServerConfigKeys (ConfUtils.java:logGet(43)) - raft.server.log.statemachine.data.caching.enabled = true (custom)
2019-08-21 18:55:22,362 [pool-439-thread-1] INFO  server.RaftServerConfigKeys (ConfUtils.java:logGet(43)) - raft.server.log.queue.byte-limit = 2147483647 (custom)
2019-08-21 18:55:22,362 [pool-461-thread-1] INFO  server.RaftServerConfigKeys (ConfUtils.java:logGet(43)) - raft.server.log.queue.element-limit = 1024 (custom)
2019-08-21 18:55:22,362 [pool-450-thread-1] INFO  segmented.SegmentedRaftLogWorker (SegmentedRaftLogWorker.java:lambda$new$0(132)) - b1bf2634-a55a-4292-98b3-5b3eb35ed415-SegmentedRaftLogWorker:Storage Directory /workdir/hadoop-ozone/integration-test/target/test-dir/MiniOzoneClusterImpl-41c02fe8-38d4-41ce-91e4-307d8e6896e2/datanode-1/data/ratis/f9ab71f4-cf19-40e4-b552-86fb0dcc5c31: flushIndex: setUnconditionally 0 -> -1
2019-08-21 18:55:22,362 [pool-439-thread-1] INFO  server.RaftServerConfigKeys (ConfUtils.java:logGet(43)) - raft.server.log.queue.element-limit = 1024 (custom)
2019-08-21 18:55:22,363 [pool-461-thread-1] INFO  server.RaftServerConfigKeys (ConfUtils.java:logGet(43)) - raft.server.log.segment.size.max = 1048576 (custom)
2019-08-21 18:55:22,363 [pool-450-thread-1] INFO  server.RaftServerConfigKeys (ConfUtils.java:logGet(43)) - raft.server.snapshot.auto.trigger.enabled = true (custom)
2019-08-21 18:55:22,363 [pool-439-thread-1] INFO  server.RaftServerConfigKeys (ConfUtils.java:logGet(43)) - raft.server.log.segment.size.max = 1048576 (custom)
2019-08-21 18:55:22,363 [pool-450-thread-1] INFO  server.RaftServerConfigKeys (ConfUtils.java:logGet(43)) - raft.server.snapshot.auto.trigger.threshold = 10000 (custom)
2019-08-21 18:55:22,363 [pool-461-thread-1] INFO  server.RaftServerConfigKeys (ConfUtils.java:logGet(43)) - raft.server.log.preallocated.size = 16384 (custom)
2019-08-21 18:55:22,363 [pool-450-thread-1] INFO  server.RaftServerConfigKeys (ConfUtils.java:logGet(43)) - raft.server.retrycache.expirytime = 600000ms (custom)
2019-08-21 18:55:22,363 [pool-439-thread-1] INFO  server.RaftServerConfigKeys (ConfUtils.java:logGet(43)) - raft.server.log.preallocated.size = 16384 (custom)
2019-08-21 18:55:22,363 [pool-450-thread-1] INFO  impl.RaftServerImpl (RaftServerImpl.java:start(180)) - b1bf2634-a55a-4292-98b3-5b3eb35ed415: start group-86FB0DCC5C31
2019-08-21 18:55:22,363 [pool-461-thread-1] INFO  server.RaftServerConfigKeys (ConfUtils.java:logGet(43)) - raft.server.log.write.buffer.size = 33554432 (custom)
2019-08-21 18:55:22,363 [pool-450-thread-1] INFO  impl.RaftServerImpl (RaftServerImpl.java:setRole(171)) - b1bf2634-a55a-4292-98b3-5b3eb35ed415:group-86FB0DCC5C31 changes role from null to FOLLOWER at term 0 for startAsFollower
2019-08-21 18:55:22,363 [pool-439-thread-1] INFO  server.RaftServerConfigKeys (ConfUtils.java:logGet(43)) - raft.server.log.write.buffer.size = 33554432 (custom)
2019-08-21 18:55:22,364 [pool-450-thread-1] INFO  impl.RoleInfo (RoleInfo.java:updateAndGet(143)) - b1bf2634-a55a-4292-98b3-5b3eb35ed415: start FollowerState
2019-08-21 18:55:22,364 [pool-461-thread-1] INFO  server.RaftServerConfigKeys (ConfUtils.java:logGet(43)) - raft.server.log.force.sync.num = 128 (default)
2019-08-21 18:55:22,364 [pool-439-thread-1] INFO  server.RaftServerConfigKeys (ConfUtils.java:logGet(43)) - raft.server.log.force.sync.num = 128 (default)
2019-08-21 18:55:22,364 [pool-461-thread-1] INFO  server.RaftServerConfigKeys (ConfUtils.java:logGet(43)) - raft.server.log.statemachine.data.sync = true (default)
2019-08-21 18:55:22,364 [pool-450-thread-1] INFO  util.JmxRegister (JmxRegister.java:tryRegister(44)) - Successfully registered JMX Bean with object name Ratis:service=RaftServer,group=group-86FB0DCC5C31,id=b1bf2634-a55a-4292-98b3-5b3eb35ed415
2019-08-21 18:55:22,364 [pool-439-thread-1] INFO  server.RaftServerConfigKeys (ConfUtils.java:logGet(43)) - raft.server.log.statemachine.data.sync = true (default)
2019-08-21 18:55:22,364 [pool-461-thread-1] INFO  server.RaftServerConfigKeys (ConfUtils.java:logGet(43)) - raft.server.log.statemachine.data.sync.timeout = 10s (default)
2019-08-21 18:55:22,364 [pool-439-thread-1] INFO  server.RaftServerConfigKeys (ConfUtils.java:logGet(43)) - raft.server.log.statemachine.data.sync.timeout = 10s (default)
2019-08-21 18:55:22,365 [pool-461-thread-1] INFO  server.RaftServerConfigKeys (ConfUtils.java:logGet(43)) - raft.server.log.statemachine.data.sync.timeout.retry = -1 (default)
2019-08-21 18:55:22,365 [pool-439-thread-1] INFO  server.RaftServerConfigKeys (ConfUtils.java:logGet(43)) - raft.server.log.statemachine.data.sync.timeout.retry = -1 (default)
2019-08-21 18:55:22,365 [pool-461-thread-1] INFO  server.RaftServerConfigKeys (ConfUtils.java:logGet(43)) - raft.server.log.statemachine.data.caching.enabled = true (custom)
2019-08-21 18:55:22,365 [pool-439-thread-1] INFO  server.RaftServerConfigKeys (ConfUtils.java:logGet(43)) - raft.server.log.statemachine.data.caching.enabled = true (custom)
2019-08-21 18:55:22,365 [pool-461-thread-1] INFO  segmented.SegmentedRaftLogWorker (SegmentedRaftLogWorker.java:lambda$new$0(132)) - 797b0004-b8c3-49ad-acf1-e2929da993b9-SegmentedRaftLogWorker:Storage Directory /workdir/hadoop-ozone/integration-test/target/test-dir/MiniOzoneClusterImpl-41c02fe8-38d4-41ce-91e4-307d8e6896e2/datanode-2/data/ratis/f9ab71f4-cf19-40e4-b552-86fb0dcc5c31: flushIndex: setUnconditionally 0 -> -1
2019-08-21 18:55:22,365 [pool-439-thread-1] INFO  segmented.SegmentedRaftLogWorker (SegmentedRaftLogWorker.java:lambda$new$0(132)) - 70834503-2edc-4245-925f-fcee029f7dec-SegmentedRaftLogWorker:Storage Directory /workdir/hadoop-ozone/integration-test/target/test-dir/MiniOzoneClusterImpl-41c02fe8-38d4-41ce-91e4-307d8e6896e2/datanode-0/data/ratis/f9ab71f4-cf19-40e4-b552-86fb0dcc5c31: flushIndex: setUnconditionally 0 -> -1
2019-08-21 18:55:22,366 [pool-461-thread-1] INFO  server.RaftServerConfigKeys (ConfUtils.java:logGet(43)) - raft.server.snapshot.auto.trigger.enabled = true (custom)
2019-08-21 18:55:22,366 [pool-461-thread-1] INFO  server.RaftServerConfigKeys (ConfUtils.java:logGet(43)) - raft.server.snapshot.auto.trigger.threshold = 10000 (custom)
2019-08-21 18:55:22,366 [pool-439-thread-1] INFO  server.RaftServerConfigKeys (ConfUtils.java:logGet(43)) - raft.server.snapshot.auto.trigger.enabled = true (custom)
2019-08-21 18:55:22,366 [pool-461-thread-1] INFO  server.RaftServerConfigKeys (ConfUtils.java:logGet(43)) - raft.server.retrycache.expirytime = 600000ms (custom)
2019-08-21 18:55:22,366 [pool-439-thread-1] INFO  server.RaftServerConfigKeys (ConfUtils.java:logGet(43)) - raft.server.snapshot.auto.trigger.threshold = 10000 (custom)
2019-08-21 18:55:22,366 [pool-461-thread-1] INFO  impl.RaftServerImpl (RaftServerImpl.java:start(180)) - 797b0004-b8c3-49ad-acf1-e2929da993b9: start group-86FB0DCC5C31
2019-08-21 18:55:22,366 [pool-439-thread-1] INFO  server.RaftServerConfigKeys (ConfUtils.java:logGet(43)) - raft.server.retrycache.expirytime = 600000ms (custom)
2019-08-21 18:55:22,366 [pool-461-thread-1] INFO  impl.RaftServerImpl (RaftServerImpl.java:setRole(171)) - 797b0004-b8c3-49ad-acf1-e2929da993b9:group-86FB0DCC5C31 changes role from null to FOLLOWER at term 0 for startAsFollower
2019-08-21 18:55:22,366 [pool-439-thread-1] INFO  impl.RaftServerImpl (RaftServerImpl.java:start(180)) - 70834503-2edc-4245-925f-fcee029f7dec: start group-86FB0DCC5C31
2019-08-21 18:55:22,366 [pool-461-thread-1] INFO  impl.RoleInfo (RoleInfo.java:updateAndGet(143)) - 797b0004-b8c3-49ad-acf1-e2929da993b9: start FollowerState
2019-08-21 18:55:22,366 [pool-439-thread-1] INFO  impl.RaftServerImpl (RaftServerImpl.java:setRole(171)) - 70834503-2edc-4245-925f-fcee029f7dec:group-86FB0DCC5C31 changes role from null to FOLLOWER at term 0 for startAsFollower
2019-08-21 18:55:22,367 [pool-439-thread-1] INFO  impl.RoleInfo (RoleInfo.java:updateAndGet(143)) - 70834503-2edc-4245-925f-fcee029f7dec: start FollowerState
2019-08-21 18:55:22,367 [pool-461-thread-1] INFO  util.JmxRegister (JmxRegister.java:tryRegister(44)) - Successfully registered JMX Bean with object name Ratis:service=RaftServer,group=group-86FB0DCC5C31,id=797b0004-b8c3-49ad-acf1-e2929da993b9
2019-08-21 18:55:22,367 [pool-439-thread-1] INFO  util.JmxRegister (JmxRegister.java:tryRegister(44)) - Successfully registered JMX Bean with object name Ratis:service=RaftServer,group=group-86FB0DCC5C31,id=70834503-2edc-4245-925f-fcee029f7dec
2019-08-21 18:55:22,369 [RatisPipelineUtilsThread] INFO  pipeline.PipelineStateManager (PipelineStateManager.java:addPipeline(56)) - Created pipeline Pipeline[ Id: f9ab71f4-cf19-40e4-b552-86fb0dcc5c31, Nodes: 797b0004-b8c3-49ad-acf1-e2929da993b9{ip: 192.168.36.125, host: pr-hdds-1998-57vr7-880049069, networkLocation: /default-rack, certSerialId: null}b1bf2634-a55a-4292-98b3-5b3eb35ed415{ip: 192.168.36.125, host: pr-hdds-1998-57vr7-880049069, networkLocation: /default-rack, certSerialId: null}70834503-2edc-4245-925f-fcee029f7dec{ip: 192.168.36.125, host: pr-hdds-1998-57vr7-880049069, networkLocation: /default-rack, certSerialId: null}, Type:RATIS, Factor:THREE, State:OPEN]
2019-08-21 18:55:22,512 [IPC Server handler 0 on 40684] INFO  net.NetworkTopology (NetworkTopologyImpl.java:add(110)) - Added a new node: /default-rack/552776ad-4e33-4e75-810b-5f57bcc17043
2019-08-21 18:55:22,513 [IPC Server handler 0 on 40684] INFO  node.SCMNodeManager (SCMNodeManager.java:register(273)) - Registered Data node : 552776ad-4e33-4e75-810b-5f57bcc17043{ip: 192.168.36.125, host: pr-hdds-1998-57vr7-880049069, networkLocation: /default-rack, certSerialId: null}
2019-08-21 18:55:22,513 | INFO  | SCMAudit | user=jenkins1000 | ip=192.168.36.125 | op=REGISTER {datanodeDetails=552776ad-4e33-4e75-810b-5f57bcc17043{ip: 192.168.36.125, host: pr-hdds-1998-57vr7-880049069, networkLocation: /default-rack, certSerialId: null}} | ret=SUCCESS |  
2019-08-21 18:55:22,522 [grpc-default-executor-10] INFO  impl.RaftServerProxy (RaftServerProxy.java:addNew(89)) - 552776ad-4e33-4e75-810b-5f57bcc17043: addNew group-70660B6D68D1:[552776ad-4e33-4e75-810b-5f57bcc17043:192.168.36.125:41659] returns group-70660B6D68D1:java.util.concurrent.CompletableFuture@729fbde9[Not completed]
2019-08-21 18:55:22,524 [pool-472-thread-1] INFO  impl.RaftServerImpl (RaftServerImpl.java:<init>(93)) - 552776ad-4e33-4e75-810b-5f57bcc17043: new RaftServerImpl for group-70660B6D68D1:[552776ad-4e33-4e75-810b-5f57bcc17043:192.168.36.125:41659] with ContainerStateMachine:uninitialized
2019-08-21 18:55:22,524 [pool-472-thread-1] INFO  server.RaftServerConfigKeys (ConfUtils.java:logGet(43)) - raft.server.rpc.timeout.min = 5s (custom)
2019-08-21 18:55:22,524 [pool-472-thread-1] INFO  server.RaftServerConfigKeys (ConfUtils.java:logGet(43)) - raft.server.rpc.timeout.max = 5200ms (custom)
2019-08-21 18:55:22,524 [pool-472-thread-1] INFO  server.RaftServerConfigKeys (ConfUtils.java:logGet(43)) - raft.server.rpcslowness.timeout = 120s (custom)
2019-08-21 18:55:22,525 [pool-472-thread-1] INFO  server.RaftServerConfigKeys (ConfUtils.java:logGet(43)) - raft.server.sleep.deviation.threshold = 300 (default)
2019-08-21 18:55:22,525 [pool-472-thread-1] INFO  server.RaftServerConfigKeys (ConfUtils.java:logGet(43)) - raft.server.log.appender.install.snapshot.enabled = false (custom)
2019-08-21 18:55:22,525 [pool-472-thread-1] INFO  impl.RaftServerImpl (ServerState.java:<init>(105)) - 552776ad-4e33-4e75-810b-5f57bcc17043:group-70660B6D68D1 ConfigurationManager, init=-1: [552776ad-4e33-4e75-810b-5f57bcc17043:192.168.36.125:41659], old=null, confs=<EMPTY_MAP>
2019-08-21 18:55:22,525 [pool-472-thread-1] INFO  server.RaftServerConfigKeys (ConfUtils.java:logGet(43)) - raft.server.storage.dir = [/workdir/hadoop-ozone/integration-test/target/test-dir/MiniOzoneClusterImpl-41c02fe8-38d4-41ce-91e4-307d8e6896e2/datanode-3/data/ratis] (custom)
2019-08-21 18:55:22,525 [pool-472-thread-1] INFO  storage.RaftStorageDirectory (RaftStorageDirectory.java:analyzeStorage(246)) - The storage directory /workdir/hadoop-ozone/integration-test/target/test-dir/MiniOzoneClusterImpl-41c02fe8-38d4-41ce-91e4-307d8e6896e2/datanode-3/data/ratis/c436fa33-4af9-443f-af6a-70660b6d68d1 does not exist. Creating ...
2019-08-21 18:55:22,549 [pool-472-thread-1] INFO  storage.RaftStorageDirectory (RaftStorageDirectory.java:tryLock(328)) - Lock on /workdir/hadoop-ozone/integration-test/target/test-dir/MiniOzoneClusterImpl-41c02fe8-38d4-41ce-91e4-307d8e6896e2/datanode-3/data/ratis/c436fa33-4af9-443f-af6a-70660b6d68d1/in_use.lock acquired by nodename 24131@pr-hdds-1998-57vr7-880049069
2019-08-21 18:55:22,579 [pool-472-thread-1] INFO  storage.RaftStorage (RaftStorage.java:format(72)) - Storage directory /workdir/hadoop-ozone/integration-test/target/test-dir/MiniOzoneClusterImpl-41c02fe8-38d4-41ce-91e4-307d8e6896e2/datanode-3/data/ratis/c436fa33-4af9-443f-af6a-70660b6d68d1 has been successfully formatted.
2019-08-21 18:55:22,580 [pool-472-thread-1] INFO  ratis.ContainerStateMachine (ContainerStateMachine.java:loadSnapshot(226)) - group-70660B6D68D1: The snapshot info is null. Setting the last applied indexto:(t:0, i:~)
2019-08-21 18:55:22,580 [pool-472-thread-1] INFO  server.RaftServerConfigKeys (ConfUtils.java:logGet(43)) - raft.server.leader.election.timeout = 120s (custom)
2019-08-21 18:55:22,580 [pool-472-thread-1] INFO  server.RaftServerConfigKeys (ConfUtils.java:logGet(43)) - raft.server.log.use.memory = false (default)
2019-08-21 18:55:22,580 [pool-472-thread-1] INFO  server.RaftServerConfigKeys (ConfUtils.java:logGet(43)) - raft.server.log.purge.gap = 1000000 (custom)
2019-08-21 18:55:22,580 [pool-472-thread-1] INFO  server.RaftServerConfigKeys (ConfUtils.java:logGet(43)) - raft.server.log.appender.buffer.byte-limit = 33554432 (custom)
2019-08-21 18:55:22,580 [pool-472-thread-1] INFO  server.RaftServerConfigKeys (ConfUtils.java:logGet(43)) - raft.server.log.segment.size.max = 1048576 (custom)
2019-08-21 18:55:22,581 [pool-472-thread-1] INFO  server.RaftServerConfigKeys (ConfUtils.java:logGet(43)) - raft.server.log.segment.cache.num.max = 2 (custom)
2019-08-21 18:55:22,581 [pool-472-thread-1] INFO  segmented.SegmentedRaftLogWorker (SegmentedRaftLogWorker.java:<init>(172)) - new 552776ad-4e33-4e75-810b-5f57bcc17043-SegmentedRaftLogWorker:Storage Directory /workdir/hadoop-ozone/integration-test/target/test-dir/MiniOzoneClusterImpl-41c02fe8-38d4-41ce-91e4-307d8e6896e2/datanode-3/data/ratis/c436fa33-4af9-443f-af6a-70660b6d68d1 for RaftStorage:Storage Directory /workdir/hadoop-ozone/integration-test/target/test-dir/MiniOzoneClusterImpl-41c02fe8-38d4-41ce-91e4-307d8e6896e2/datanode-3/data/ratis/c436fa33-4af9-443f-af6a-70660b6d68d1
2019-08-21 18:55:22,581 [pool-472-thread-1] INFO  server.RaftServerConfigKeys (ConfUtils.java:logGet(43)) - raft.server.log.queue.byte-limit = 2147483647 (custom)
2019-08-21 18:55:22,581 [pool-472-thread-1] INFO  server.RaftServerConfigKeys (ConfUtils.java:logGet(43)) - raft.server.log.queue.element-limit = 1024 (custom)
2019-08-21 18:55:22,581 [pool-472-thread-1] INFO  server.RaftServerConfigKeys (ConfUtils.java:logGet(43)) - raft.server.log.segment.size.max = 1048576 (custom)
2019-08-21 18:55:22,581 [pool-472-thread-1] INFO  server.RaftServerConfigKeys (ConfUtils.java:logGet(43)) - raft.server.log.preallocated.size = 16384 (custom)
2019-08-21 18:55:22,582 [pool-472-thread-1] INFO  server.RaftServerConfigKeys (ConfUtils.java:logGet(43)) - raft.server.log.write.buffer.size = 33554432 (custom)
2019-08-21 18:55:22,582 [pool-472-thread-1] INFO  server.RaftServerConfigKeys (ConfUtils.java:logGet(43)) - raft.server.log.force.sync.num = 128 (default)
2019-08-21 18:55:22,582 [pool-472-thread-1] INFO  server.RaftServerConfigKeys (ConfUtils.java:logGet(43)) - raft.server.log.statemachine.data.sync = true (default)
2019-08-21 18:55:22,582 [pool-472-thread-1] INFO  server.RaftServerConfigKeys (ConfUtils.java:logGet(43)) - raft.server.log.statemachine.data.sync.timeout = 10s (default)
2019-08-21 18:55:22,582 [pool-472-thread-1] INFO  server.RaftServerConfigKeys (ConfUtils.java:logGet(43)) - raft.server.log.statemachine.data.sync.timeout.retry = -1 (default)
2019-08-21 18:55:22,582 [pool-472-thread-1] INFO  server.RaftServerConfigKeys (ConfUtils.java:logGet(43)) - raft.server.log.statemachine.data.caching.enabled = true (custom)
2019-08-21 18:55:22,582 [pool-472-thread-1] INFO  segmented.SegmentedRaftLogWorker (SegmentedRaftLogWorker.java:lambda$new$0(132)) - 552776ad-4e33-4e75-810b-5f57bcc17043-SegmentedRaftLogWorker:Storage Directory /workdir/hadoop-ozone/integration-test/target/test-dir/MiniOzoneClusterImpl-41c02fe8-38d4-41ce-91e4-307d8e6896e2/datanode-3/data/ratis/c436fa33-4af9-443f-af6a-70660b6d68d1: flushIndex: setUnconditionally 0 -> -1
2019-08-21 18:55:22,583 [pool-472-thread-1] INFO  server.RaftServerConfigKeys (ConfUtils.java:logGet(43)) - raft.server.snapshot.auto.trigger.enabled = true (custom)
2019-08-21 18:55:22,583 [pool-472-thread-1] INFO  server.RaftServerConfigKeys (ConfUtils.java:logGet(43)) - raft.server.snapshot.auto.trigger.threshold = 10000 (custom)
2019-08-21 18:55:22,583 [pool-472-thread-1] INFO  server.RaftServerConfigKeys (ConfUtils.java:logGet(43)) - raft.server.retrycache.expirytime = 600000ms (custom)
2019-08-21 18:55:22,583 [pool-472-thread-1] INFO  impl.RaftServerImpl (RaftServerImpl.java:start(180)) - 552776ad-4e33-4e75-810b-5f57bcc17043: start group-70660B6D68D1
2019-08-21 18:55:22,583 [pool-472-thread-1] INFO  impl.RaftServerImpl (RaftServerImpl.java:setRole(171)) - 552776ad-4e33-4e75-810b-5f57bcc17043:group-70660B6D68D1 changes role from null to FOLLOWER at term 0 for startAsFollower
2019-08-21 18:55:22,583 [pool-472-thread-1] INFO  impl.RoleInfo (RoleInfo.java:updateAndGet(143)) - 552776ad-4e33-4e75-810b-5f57bcc17043: start FollowerState
2019-08-21 18:55:22,584 [pool-472-thread-1] INFO  util.JmxRegister (JmxRegister.java:tryRegister(44)) - Successfully registered JMX Bean with object name Ratis:service=RaftServer,group=group-70660B6D68D1,id=552776ad-4e33-4e75-810b-5f57bcc17043
2019-08-21 18:55:22,586 [RatisPipelineUtilsThread] INFO  pipeline.PipelineStateManager (PipelineStateManager.java:addPipeline(56)) - Created pipeline Pipeline[ Id: c436fa33-4af9-443f-af6a-70660b6d68d1, Nodes: 552776ad-4e33-4e75-810b-5f57bcc17043{ip: 192.168.36.125, host: pr-hdds-1998-57vr7-880049069, networkLocation: /default-rack, certSerialId: null}, Type:RATIS, Factor:ONE, State:OPEN]
2019-08-21 18:55:22,717 [IPC Server handler 2 on 40684] INFO  net.NetworkTopology (NetworkTopologyImpl.java:add(110)) - Added a new node: /default-rack/a0967e03-aad6-49e6-846b-c8134af623ea
2019-08-21 18:55:22,718 [IPC Server handler 2 on 40684] INFO  node.SCMNodeManager (SCMNodeManager.java:register(273)) - Registered Data node : a0967e03-aad6-49e6-846b-c8134af623ea{ip: 192.168.36.125, host: pr-hdds-1998-57vr7-880049069, networkLocation: /default-rack, certSerialId: null}
2019-08-21 18:55:22,718 | INFO  | SCMAudit | user=jenkins1000 | ip=192.168.36.125 | op=REGISTER {datanodeDetails=a0967e03-aad6-49e6-846b-c8134af623ea{ip: 192.168.36.125, host: pr-hdds-1998-57vr7-880049069, networkLocation: /default-rack, certSerialId: null}} | ret=SUCCESS |  
2019-08-21 18:55:22,726 [grpc-default-executor-10] INFO  impl.RaftServerProxy (RaftServerProxy.java:addNew(89)) - a0967e03-aad6-49e6-846b-c8134af623ea: addNew group-D93BC0FE02AF:[a0967e03-aad6-49e6-846b-c8134af623ea:192.168.36.125:33239] returns group-D93BC0FE02AF:java.util.concurrent.CompletableFuture@1ce6bca8[Not completed]
2019-08-21 18:55:22,727 [pool-483-thread-1] INFO  impl.RaftServerImpl (RaftServerImpl.java:<init>(93)) - a0967e03-aad6-49e6-846b-c8134af623ea: new RaftServerImpl for group-D93BC0FE02AF:[a0967e03-aad6-49e6-846b-c8134af623ea:192.168.36.125:33239] with ContainerStateMachine:uninitialized
2019-08-21 18:55:22,728 [pool-483-thread-1] INFO  server.RaftServerConfigKeys (ConfUtils.java:logGet(43)) - raft.server.rpc.timeout.min = 5s (custom)
2019-08-21 18:55:22,728 [pool-483-thread-1] INFO  server.RaftServerConfigKeys (ConfUtils.java:logGet(43)) - raft.server.rpc.timeout.max = 5200ms (custom)
2019-08-21 18:55:22,728 [pool-483-thread-1] INFO  server.RaftServerConfigKeys (ConfUtils.java:logGet(43)) - raft.server.rpcslowness.timeout = 120s (custom)
2019-08-21 18:55:22,728 [pool-483-thread-1] INFO  server.RaftServerConfigKeys (ConfUtils.java:logGet(43)) - raft.server.sleep.deviation.threshold = 300 (default)
2019-08-21 18:55:22,728 [pool-483-thread-1] INFO  server.RaftServerConfigKeys (ConfUtils.java:logGet(43)) - raft.server.log.appender.install.snapshot.enabled = false (custom)
2019-08-21 18:55:22,728 [pool-483-thread-1] INFO  impl.RaftServerImpl (ServerState.java:<init>(105)) - a0967e03-aad6-49e6-846b-c8134af623ea:group-D93BC0FE02AF ConfigurationManager, init=-1: [a0967e03-aad6-49e6-846b-c8134af623ea:192.168.36.125:33239], old=null, confs=<EMPTY_MAP>
2019-08-21 18:55:22,728 [pool-483-thread-1] INFO  server.RaftServerConfigKeys (ConfUtils.java:logGet(43)) - raft.server.storage.dir = [/workdir/hadoop-ozone/integration-test/target/test-dir/MiniOzoneClusterImpl-41c02fe8-38d4-41ce-91e4-307d8e6896e2/datanode-4/data/ratis] (custom)
2019-08-21 18:55:22,729 [pool-483-thread-1] INFO  storage.RaftStorageDirectory (RaftStorageDirectory.java:analyzeStorage(246)) - The storage directory /workdir/hadoop-ozone/integration-test/target/test-dir/MiniOzoneClusterImpl-41c02fe8-38d4-41ce-91e4-307d8e6896e2/datanode-4/data/ratis/9467bf00-45a7-4e7f-bdcc-d93bc0fe02af does not exist. Creating ...
2019-08-21 18:55:22,747 [pool-483-thread-1] INFO  storage.RaftStorageDirectory (RaftStorageDirectory.java:tryLock(328)) - Lock on /workdir/hadoop-ozone/integration-test/target/test-dir/MiniOzoneClusterImpl-41c02fe8-38d4-41ce-91e4-307d8e6896e2/datanode-4/data/ratis/9467bf00-45a7-4e7f-bdcc-d93bc0fe02af/in_use.lock acquired by nodename 24131@pr-hdds-1998-57vr7-880049069
2019-08-21 18:55:22,764 [pool-483-thread-1] INFO  storage.RaftStorage (RaftStorage.java:format(72)) - Storage directory /workdir/hadoop-ozone/integration-test/target/test-dir/MiniOzoneClusterImpl-41c02fe8-38d4-41ce-91e4-307d8e6896e2/datanode-4/data/ratis/9467bf00-45a7-4e7f-bdcc-d93bc0fe02af has been successfully formatted.
2019-08-21 18:55:22,765 [pool-483-thread-1] INFO  ratis.ContainerStateMachine (ContainerStateMachine.java:loadSnapshot(226)) - group-D93BC0FE02AF: The snapshot info is null. Setting the last applied indexto:(t:0, i:~)
2019-08-21 18:55:22,765 [pool-483-thread-1] INFO  server.RaftServerConfigKeys (ConfUtils.java:logGet(43)) - raft.server.leader.election.timeout = 120s (custom)
2019-08-21 18:55:22,765 [pool-483-thread-1] INFO  server.RaftServerConfigKeys (ConfUtils.java:logGet(43)) - raft.server.log.use.memory = false (default)
2019-08-21 18:55:22,765 [pool-483-thread-1] INFO  server.RaftServerConfigKeys (ConfUtils.java:logGet(43)) - raft.server.log.purge.gap = 1000000 (custom)
2019-08-21 18:55:22,766 [pool-483-thread-1] INFO  server.RaftServerConfigKeys (ConfUtils.java:logGet(43)) - raft.server.log.appender.buffer.byte-limit = 33554432 (custom)
2019-08-21 18:55:22,766 [pool-483-thread-1] INFO  server.RaftServerConfigKeys (ConfUtils.java:logGet(43)) - raft.server.log.segment.size.max = 1048576 (custom)
2019-08-21 18:55:22,766 [pool-483-thread-1] INFO  server.RaftServerConfigKeys (ConfUtils.java:logGet(43)) - raft.server.log.segment.cache.num.max = 2 (custom)
2019-08-21 18:55:22,766 [pool-483-thread-1] INFO  segmented.SegmentedRaftLogWorker (SegmentedRaftLogWorker.java:<init>(172)) - new a0967e03-aad6-49e6-846b-c8134af623ea-SegmentedRaftLogWorker:Storage Directory /workdir/hadoop-ozone/integration-test/target/test-dir/MiniOzoneClusterImpl-41c02fe8-38d4-41ce-91e4-307d8e6896e2/datanode-4/data/ratis/9467bf00-45a7-4e7f-bdcc-d93bc0fe02af for RaftStorage:Storage Directory /workdir/hadoop-ozone/integration-test/target/test-dir/MiniOzoneClusterImpl-41c02fe8-38d4-41ce-91e4-307d8e6896e2/datanode-4/data/ratis/9467bf00-45a7-4e7f-bdcc-d93bc0fe02af
2019-08-21 18:55:22,766 [pool-483-thread-1] INFO  server.RaftServerConfigKeys (ConfUtils.java:logGet(43)) - raft.server.log.queue.byte-limit = 2147483647 (custom)
2019-08-21 18:55:22,766 [pool-483-thread-1] INFO  server.RaftServerConfigKeys (ConfUtils.java:logGet(43)) - raft.server.log.queue.element-limit = 1024 (custom)
2019-08-21 18:55:22,767 [pool-483-thread-1] INFO  server.RaftServerConfigKeys (ConfUtils.java:logGet(43)) - raft.server.log.segment.size.max = 1048576 (custom)
2019-08-21 18:55:22,767 [pool-483-thread-1] INFO  server.RaftServerConfigKeys (ConfUtils.java:logGet(43)) - raft.server.log.preallocated.size = 16384 (custom)
2019-08-21 18:55:22,767 [pool-483-thread-1] INFO  server.RaftServerConfigKeys (ConfUtils.java:logGet(43)) - raft.server.log.write.buffer.size = 33554432 (custom)
2019-08-21 18:55:22,767 [pool-483-thread-1] INFO  server.RaftServerConfigKeys (ConfUtils.java:logGet(43)) - raft.server.log.force.sync.num = 128 (default)
2019-08-21 18:55:22,767 [pool-483-thread-1] INFO  server.RaftServerConfigKeys (ConfUtils.java:logGet(43)) - raft.server.log.statemachine.data.sync = true (default)
2019-08-21 18:55:22,767 [pool-483-thread-1] INFO  server.RaftServerConfigKeys (ConfUtils.java:logGet(43)) - raft.server.log.statemachine.data.sync.timeout = 10s (default)
2019-08-21 18:55:22,767 [pool-483-thread-1] INFO  server.RaftServerConfigKeys (ConfUtils.java:logGet(43)) - raft.server.log.statemachine.data.sync.timeout.retry = -1 (default)
2019-08-21 18:55:22,768 [pool-483-thread-1] INFO  server.RaftServerConfigKeys (ConfUtils.java:logGet(43)) - raft.server.log.statemachine.data.caching.enabled = true (custom)
2019-08-21 18:55:22,768 [pool-483-thread-1] INFO  segmented.SegmentedRaftLogWorker (SegmentedRaftLogWorker.java:lambda$new$0(132)) - a0967e03-aad6-49e6-846b-c8134af623ea-SegmentedRaftLogWorker:Storage Directory /workdir/hadoop-ozone/integration-test/target/test-dir/MiniOzoneClusterImpl-41c02fe8-38d4-41ce-91e4-307d8e6896e2/datanode-4/data/ratis/9467bf00-45a7-4e7f-bdcc-d93bc0fe02af: flushIndex: setUnconditionally 0 -> -1
2019-08-21 18:55:22,768 [pool-483-thread-1] INFO  server.RaftServerConfigKeys (ConfUtils.java:logGet(43)) - raft.server.snapshot.auto.trigger.enabled = true (custom)
2019-08-21 18:55:22,768 [pool-483-thread-1] INFO  server.RaftServerConfigKeys (ConfUtils.java:logGet(43)) - raft.server.snapshot.auto.trigger.threshold = 10000 (custom)
2019-08-21 18:55:22,769 [pool-483-thread-1] INFO  server.RaftServerConfigKeys (ConfUtils.java:logGet(43)) - raft.server.retrycache.expirytime = 600000ms (custom)
2019-08-21 18:55:22,769 [pool-483-thread-1] INFO  impl.RaftServerImpl (RaftServerImpl.java:start(180)) - a0967e03-aad6-49e6-846b-c8134af623ea: start group-D93BC0FE02AF
2019-08-21 18:55:22,769 [pool-483-thread-1] INFO  impl.RaftServerImpl (RaftServerImpl.java:setRole(171)) - a0967e03-aad6-49e6-846b-c8134af623ea:group-D93BC0FE02AF changes role from null to FOLLOWER at term 0 for startAsFollower
2019-08-21 18:55:22,769 [pool-483-thread-1] INFO  impl.RoleInfo (RoleInfo.java:updateAndGet(143)) - a0967e03-aad6-49e6-846b-c8134af623ea: start FollowerState
2019-08-21 18:55:22,770 [pool-483-thread-1] INFO  util.JmxRegister (JmxRegister.java:tryRegister(44)) - Successfully registered JMX Bean with object name Ratis:service=RaftServer,group=group-D93BC0FE02AF,id=a0967e03-aad6-49e6-846b-c8134af623ea
2019-08-21 18:55:22,772 [RatisPipelineUtilsThread] INFO  pipeline.PipelineStateManager (PipelineStateManager.java:addPipeline(56)) - Created pipeline Pipeline[ Id: 9467bf00-45a7-4e7f-bdcc-d93bc0fe02af, Nodes: a0967e03-aad6-49e6-846b-c8134af623ea{ip: 192.168.36.125, host: pr-hdds-1998-57vr7-880049069, networkLocation: /default-rack, certSerialId: null}, Type:RATIS, Factor:ONE, State:OPEN]
2019-08-21 18:55:22,920 [IPC Server handler 3 on 40684] INFO  net.NetworkTopology (NetworkTopologyImpl.java:add(110)) - Added a new node: /default-rack/c2260f53-4216-4674-950d-92091259ffb1
2019-08-21 18:55:22,920 [IPC Server handler 3 on 40684] INFO  node.SCMNodeManager (SCMNodeManager.java:register(273)) - Registered Data node : c2260f53-4216-4674-950d-92091259ffb1{ip: 192.168.36.125, host: pr-hdds-1998-57vr7-880049069, networkLocation: /default-rack, certSerialId: null}
2019-08-21 18:55:22,920 | INFO  | SCMAudit | user=jenkins1000 | ip=192.168.36.125 | op=REGISTER {datanodeDetails=c2260f53-4216-4674-950d-92091259ffb1{ip: 192.168.36.125, host: pr-hdds-1998-57vr7-880049069, networkLocation: /default-rack, certSerialId: null}} | ret=SUCCESS |  
2019-08-21 18:55:22,931 [grpc-default-executor-10] INFO  impl.RaftServerProxy (RaftServerProxy.java:addNew(89)) - c2260f53-4216-4674-950d-92091259ffb1: addNew group-F8F827038F8D:[c2260f53-4216-4674-950d-92091259ffb1:192.168.36.125:41625] returns group-F8F827038F8D:java.util.concurrent.CompletableFuture@5218bc21[Not completed]
2019-08-21 18:55:22,932 [pool-494-thread-1] INFO  impl.RaftServerImpl (RaftServerImpl.java:<init>(93)) - c2260f53-4216-4674-950d-92091259ffb1: new RaftServerImpl for group-F8F827038F8D:[c2260f53-4216-4674-950d-92091259ffb1:192.168.36.125:41625] with ContainerStateMachine:uninitialized
2019-08-21 18:55:22,932 [pool-494-thread-1] INFO  server.RaftServerConfigKeys (ConfUtils.java:logGet(43)) - raft.server.rpc.timeout.min = 5s (custom)
2019-08-21 18:55:22,933 [pool-494-thread-1] INFO  server.RaftServerConfigKeys (ConfUtils.java:logGet(43)) - raft.server.rpc.timeout.max = 5200ms (custom)
2019-08-21 18:55:22,933 [pool-494-thread-1] INFO  server.RaftServerConfigKeys (ConfUtils.java:logGet(43)) - raft.server.rpcslowness.timeout = 120s (custom)
2019-08-21 18:55:22,933 [pool-494-thread-1] INFO  server.RaftServerConfigKeys (ConfUtils.java:logGet(43)) - raft.server.sleep.deviation.threshold = 300 (default)
2019-08-21 18:55:22,933 [pool-494-thread-1] INFO  server.RaftServerConfigKeys (ConfUtils.java:logGet(43)) - raft.server.log.appender.install.snapshot.enabled = false (custom)
2019-08-21 18:55:22,933 [pool-494-thread-1] INFO  impl.RaftServerImpl (ServerState.java:<init>(105)) - c2260f53-4216-4674-950d-92091259ffb1:group-F8F827038F8D ConfigurationManager, init=-1: [c2260f53-4216-4674-950d-92091259ffb1:192.168.36.125:41625], old=null, confs=<EMPTY_MAP>
2019-08-21 18:55:22,933 [pool-494-thread-1] INFO  server.RaftServerConfigKeys (ConfUtils.java:logGet(43)) - raft.server.storage.dir = [/workdir/hadoop-ozone/integration-test/target/test-dir/MiniOzoneClusterImpl-41c02fe8-38d4-41ce-91e4-307d8e6896e2/datanode-5/data/ratis] (custom)
2019-08-21 18:55:22,934 [pool-494-thread-1] INFO  storage.RaftStorageDirectory (RaftStorageDirectory.java:analyzeStorage(246)) - The storage directory /workdir/hadoop-ozone/integration-test/target/test-dir/MiniOzoneClusterImpl-41c02fe8-38d4-41ce-91e4-307d8e6896e2/datanode-5/data/ratis/6b27f763-637a-4747-be2a-f8f827038f8d does not exist. Creating ...
2019-08-21 18:55:22,956 [pool-494-thread-1] INFO  storage.RaftStorageDirectory (RaftStorageDirectory.java:tryLock(328)) - Lock on /workdir/hadoop-ozone/integration-test/target/test-dir/MiniOzoneClusterImpl-41c02fe8-38d4-41ce-91e4-307d8e6896e2/datanode-5/data/ratis/6b27f763-637a-4747-be2a-f8f827038f8d/in_use.lock acquired by nodename 24131@pr-hdds-1998-57vr7-880049069
2019-08-21 18:55:22,990 [pool-494-thread-1] INFO  storage.RaftStorage (RaftStorage.java:format(72)) - Storage directory /workdir/hadoop-ozone/integration-test/target/test-dir/MiniOzoneClusterImpl-41c02fe8-38d4-41ce-91e4-307d8e6896e2/datanode-5/data/ratis/6b27f763-637a-4747-be2a-f8f827038f8d has been successfully formatted.
2019-08-21 18:55:22,991 [pool-494-thread-1] INFO  ratis.ContainerStateMachine (ContainerStateMachine.java:loadSnapshot(226)) - group-F8F827038F8D: The snapshot info is null. Setting the last applied indexto:(t:0, i:~)
2019-08-21 18:55:22,991 [pool-494-thread-1] INFO  server.RaftServerConfigKeys (ConfUtils.java:logGet(43)) - raft.server.leader.election.timeout = 120s (custom)
2019-08-21 18:55:22,991 [pool-494-thread-1] INFO  server.RaftServerConfigKeys (ConfUtils.java:logGet(43)) - raft.server.log.use.memory = false (default)
2019-08-21 18:55:22,991 [pool-494-thread-1] INFO  server.RaftServerConfigKeys (ConfUtils.java:logGet(43)) - raft.server.log.purge.gap = 1000000 (custom)
2019-08-21 18:55:22,991 [pool-494-thread-1] INFO  server.RaftServerConfigKeys (ConfUtils.java:logGet(43)) - raft.server.log.appender.buffer.byte-limit = 33554432 (custom)
2019-08-21 18:55:22,991 [pool-494-thread-1] INFO  server.RaftServerConfigKeys (ConfUtils.java:logGet(43)) - raft.server.log.segment.size.max = 1048576 (custom)
2019-08-21 18:55:22,992 [pool-494-thread-1] INFO  server.RaftServerConfigKeys (ConfUtils.java:logGet(43)) - raft.server.log.segment.cache.num.max = 2 (custom)
2019-08-21 18:55:22,992 [pool-494-thread-1] INFO  segmented.SegmentedRaftLogWorker (SegmentedRaftLogWorker.java:<init>(172)) - new c2260f53-4216-4674-950d-92091259ffb1-SegmentedRaftLogWorker:Storage Directory /workdir/hadoop-ozone/integration-test/target/test-dir/MiniOzoneClusterImpl-41c02fe8-38d4-41ce-91e4-307d8e6896e2/datanode-5/data/ratis/6b27f763-637a-4747-be2a-f8f827038f8d for RaftStorage:Storage Directory /workdir/hadoop-ozone/integration-test/target/test-dir/MiniOzoneClusterImpl-41c02fe8-38d4-41ce-91e4-307d8e6896e2/datanode-5/data/ratis/6b27f763-637a-4747-be2a-f8f827038f8d
2019-08-21 18:55:22,992 [pool-494-thread-1] INFO  server.RaftServerConfigKeys (ConfUtils.java:logGet(43)) - raft.server.log.queue.byte-limit = 2147483647 (custom)
2019-08-21 18:55:22,992 [pool-494-thread-1] INFO  server.RaftServerConfigKeys (ConfUtils.java:logGet(43)) - raft.server.log.queue.element-limit = 1024 (custom)
2019-08-21 18:55:22,992 [pool-494-thread-1] INFO  server.RaftServerConfigKeys (ConfUtils.java:logGet(43)) - raft.server.log.segment.size.max = 1048576 (custom)
2019-08-21 18:55:22,992 [pool-494-thread-1] INFO  server.RaftServerConfigKeys (ConfUtils.java:logGet(43)) - raft.server.log.preallocated.size = 16384 (custom)
2019-08-21 18:55:22,992 [pool-494-thread-1] INFO  server.RaftServerConfigKeys (ConfUtils.java:logGet(43)) - raft.server.log.write.buffer.size = 33554432 (custom)
2019-08-21 18:55:22,993 [pool-494-thread-1] INFO  server.RaftServerConfigKeys (ConfUtils.java:logGet(43)) - raft.server.log.force.sync.num = 128 (default)
2019-08-21 18:55:22,993 [pool-494-thread-1] INFO  server.RaftServerConfigKeys (ConfUtils.java:logGet(43)) - raft.server.log.statemachine.data.sync = true (default)
2019-08-21 18:55:22,993 [pool-494-thread-1] INFO  server.RaftServerConfigKeys (ConfUtils.java:logGet(43)) - raft.server.log.statemachine.data.sync.timeout = 10s (default)
2019-08-21 18:55:22,993 [pool-494-thread-1] INFO  server.RaftServerConfigKeys (ConfUtils.java:logGet(43)) - raft.server.log.statemachine.data.sync.timeout.retry = -1 (default)
2019-08-21 18:55:22,993 [pool-494-thread-1] INFO  server.RaftServerConfigKeys (ConfUtils.java:logGet(43)) - raft.server.log.statemachine.data.caching.enabled = true (custom)
2019-08-21 18:55:22,994 [pool-494-thread-1] INFO  segmented.SegmentedRaftLogWorker (SegmentedRaftLogWorker.java:lambda$new$0(132)) - c2260f53-4216-4674-950d-92091259ffb1-SegmentedRaftLogWorker:Storage Directory /workdir/hadoop-ozone/integration-test/target/test-dir/MiniOzoneClusterImpl-41c02fe8-38d4-41ce-91e4-307d8e6896e2/datanode-5/data/ratis/6b27f763-637a-4747-be2a-f8f827038f8d: flushIndex: setUnconditionally 0 -> -1
2019-08-21 18:55:22,994 [pool-494-thread-1] INFO  server.RaftServerConfigKeys (ConfUtils.java:logGet(43)) - raft.server.snapshot.auto.trigger.enabled = true (custom)
2019-08-21 18:55:22,994 [pool-494-thread-1] INFO  server.RaftServerConfigKeys (ConfUtils.java:logGet(43)) - raft.server.snapshot.auto.trigger.threshold = 10000 (custom)
2019-08-21 18:55:22,994 [pool-494-thread-1] INFO  server.RaftServerConfigKeys (ConfUtils.java:logGet(43)) - raft.server.retrycache.expirytime = 600000ms (custom)
2019-08-21 18:55:22,995 [pool-494-thread-1] INFO  impl.RaftServerImpl (RaftServerImpl.java:start(180)) - c2260f53-4216-4674-950d-92091259ffb1: start group-F8F827038F8D
2019-08-21 18:55:22,995 [pool-494-thread-1] INFO  impl.RaftServerImpl (RaftServerImpl.java:setRole(171)) - c2260f53-4216-4674-950d-92091259ffb1:group-F8F827038F8D changes role from null to FOLLOWER at term 0 for startAsFollower
2019-08-21 18:55:22,995 [pool-494-thread-1] INFO  impl.RoleInfo (RoleInfo.java:updateAndGet(143)) - c2260f53-4216-4674-950d-92091259ffb1: start FollowerState
2019-08-21 18:55:22,995 [pool-494-thread-1] INFO  util.JmxRegister (JmxRegister.java:tryRegister(44)) - Successfully registered JMX Bean with object name Ratis:service=RaftServer,group=group-F8F827038F8D,id=c2260f53-4216-4674-950d-92091259ffb1
2019-08-21 18:55:22,998 [RatisPipelineUtilsThread] INFO  pipeline.PipelineStateManager (PipelineStateManager.java:addPipeline(56)) - Created pipeline Pipeline[ Id: 6b27f763-637a-4747-be2a-f8f827038f8d, Nodes: c2260f53-4216-4674-950d-92091259ffb1{ip: 192.168.36.125, host: pr-hdds-1998-57vr7-880049069, networkLocation: /default-rack, certSerialId: null}, Type:RATIS, Factor:ONE, State:OPEN]
2019-08-21 18:55:23,012 [grpc-default-executor-7] INFO  impl.RaftServerProxy (RaftServerProxy.java:addNew(89)) - c2260f53-4216-4674-950d-92091259ffb1: addNew group-4BC18962474C:[c2260f53-4216-4674-950d-92091259ffb1:192.168.36.125:41625, a0967e03-aad6-49e6-846b-c8134af623ea:192.168.36.125:33239, 552776ad-4e33-4e75-810b-5f57bcc17043:192.168.36.125:41659] returns group-4BC18962474C:java.util.concurrent.CompletableFuture@142fb382[Not completed]
2019-08-21 18:55:23,013 [grpc-default-executor-10] INFO  impl.RaftServerProxy (RaftServerProxy.java:addNew(89)) - 552776ad-4e33-4e75-810b-5f57bcc17043: addNew group-4BC18962474C:[c2260f53-4216-4674-950d-92091259ffb1:192.168.36.125:41625, a0967e03-aad6-49e6-846b-c8134af623ea:192.168.36.125:33239, 552776ad-4e33-4e75-810b-5f57bcc17043:192.168.36.125:41659] returns group-4BC18962474C:java.util.concurrent.CompletableFuture@2120f402[Not completed]
2019-08-21 18:55:23,013 [grpc-default-executor-11] INFO  impl.RaftServerProxy (RaftServerProxy.java:addNew(89)) - a0967e03-aad6-49e6-846b-c8134af623ea: addNew group-4BC18962474C:[c2260f53-4216-4674-950d-92091259ffb1:192.168.36.125:41625, a0967e03-aad6-49e6-846b-c8134af623ea:192.168.36.125:33239, 552776ad-4e33-4e75-810b-5f57bcc17043:192.168.36.125:41659] returns group-4BC18962474C:java.util.concurrent.CompletableFuture@1b5ce425[Not completed]
2019-08-21 18:55:23,013 [pool-494-thread-1] INFO  impl.RaftServerImpl (RaftServerImpl.java:<init>(93)) - c2260f53-4216-4674-950d-92091259ffb1: new RaftServerImpl for group-4BC18962474C:[c2260f53-4216-4674-950d-92091259ffb1:192.168.36.125:41625, a0967e03-aad6-49e6-846b-c8134af623ea:192.168.36.125:33239, 552776ad-4e33-4e75-810b-5f57bcc17043:192.168.36.125:41659] with ContainerStateMachine:uninitialized
2019-08-21 18:55:23,013 [pool-494-thread-1] INFO  server.RaftServerConfigKeys (ConfUtils.java:logGet(43)) - raft.server.rpc.timeout.min = 5s (custom)
2019-08-21 18:55:23,014 [pool-494-thread-1] INFO  server.RaftServerConfigKeys (ConfUtils.java:logGet(43)) - raft.server.rpc.timeout.max = 5200ms (custom)
2019-08-21 18:55:23,014 [pool-494-thread-1] INFO  server.RaftServerConfigKeys (ConfUtils.java:logGet(43)) - raft.server.rpcslowness.timeout = 120s (custom)
2019-08-21 18:55:23,014 [pool-472-thread-1] INFO  impl.RaftServerImpl (RaftServerImpl.java:<init>(93)) - 552776ad-4e33-4e75-810b-5f57bcc17043: new RaftServerImpl for group-4BC18962474C:[c2260f53-4216-4674-950d-92091259ffb1:192.168.36.125:41625, a0967e03-aad6-49e6-846b-c8134af623ea:192.168.36.125:33239, 552776ad-4e33-4e75-810b-5f57bcc17043:192.168.36.125:41659] with ContainerStateMachine:uninitialized
2019-08-21 18:55:23,014 [pool-494-thread-1] INFO  server.RaftServerConfigKeys (ConfUtils.java:logGet(43)) - raft.server.sleep.deviation.threshold = 300 (default)
2019-08-21 18:55:23,014 [pool-472-thread-1] INFO  server.RaftServerConfigKeys (ConfUtils.java:logGet(43)) - raft.server.rpc.timeout.min = 5s (custom)
2019-08-21 18:55:23,014 [pool-494-thread-1] INFO  server.RaftServerConfigKeys (ConfUtils.java:logGet(43)) - raft.server.log.appender.install.snapshot.enabled = false (custom)
2019-08-21 18:55:23,014 [pool-472-thread-1] INFO  server.RaftServerConfigKeys (ConfUtils.java:logGet(43)) - raft.server.rpc.timeout.max = 5200ms (custom)
2019-08-21 18:55:23,014 [pool-494-thread-1] INFO  impl.RaftServerImpl (ServerState.java:<init>(105)) - c2260f53-4216-4674-950d-92091259ffb1:group-4BC18962474C ConfigurationManager, init=-1: [c2260f53-4216-4674-950d-92091259ffb1:192.168.36.125:41625, a0967e03-aad6-49e6-846b-c8134af623ea:192.168.36.125:33239, 552776ad-4e33-4e75-810b-5f57bcc17043:192.168.36.125:41659], old=null, confs=<EMPTY_MAP>
2019-08-21 18:55:23,014 [pool-472-thread-1] INFO  server.RaftServerConfigKeys (ConfUtils.java:logGet(43)) - raft.server.rpcslowness.timeout = 120s (custom)
2019-08-21 18:55:23,014 [pool-494-thread-1] INFO  server.RaftServerConfigKeys (ConfUtils.java:logGet(43)) - raft.server.storage.dir = [/workdir/hadoop-ozone/integration-test/target/test-dir/MiniOzoneClusterImpl-41c02fe8-38d4-41ce-91e4-307d8e6896e2/datanode-5/data/ratis] (custom)
2019-08-21 18:55:23,014 [pool-483-thread-1] INFO  impl.RaftServerImpl (RaftServerImpl.java:<init>(93)) - a0967e03-aad6-49e6-846b-c8134af623ea: new RaftServerImpl for group-4BC18962474C:[c2260f53-4216-4674-950d-92091259ffb1:192.168.36.125:41625, a0967e03-aad6-49e6-846b-c8134af623ea:192.168.36.125:33239, 552776ad-4e33-4e75-810b-5f57bcc17043:192.168.36.125:41659] with ContainerStateMachine:uninitialized
2019-08-21 18:55:23,014 [pool-472-thread-1] INFO  server.RaftServerConfigKeys (ConfUtils.java:logGet(43)) - raft.server.sleep.deviation.threshold = 300 (default)
2019-08-21 18:55:23,015 [pool-483-thread-1] INFO  server.RaftServerConfigKeys (ConfUtils.java:logGet(43)) - raft.server.rpc.timeout.min = 5s (custom)
2019-08-21 18:55:23,015 [pool-483-thread-1] INFO  server.RaftServerConfigKeys (ConfUtils.java:logGet(43)) - raft.server.rpc.timeout.max = 5200ms (custom)
2019-08-21 18:55:23,015 [pool-472-thread-1] INFO  server.RaftServerConfigKeys (ConfUtils.java:logGet(43)) - raft.server.log.appender.install.snapshot.enabled = false (custom)
2019-08-21 18:55:23,015 [pool-494-thread-1] INFO  storage.RaftStorageDirectory (RaftStorageDirectory.java:analyzeStorage(246)) - The storage directory /workdir/hadoop-ozone/integration-test/target/test-dir/MiniOzoneClusterImpl-41c02fe8-38d4-41ce-91e4-307d8e6896e2/datanode-5/data/ratis/26aa19a9-ec1f-4be4-a150-4bc18962474c does not exist. Creating ...
2019-08-21 18:55:23,015 [pool-472-thread-1] INFO  impl.RaftServerImpl (ServerState.java:<init>(105)) - 552776ad-4e33-4e75-810b-5f57bcc17043:group-4BC18962474C ConfigurationManager, init=-1: [c2260f53-4216-4674-950d-92091259ffb1:192.168.36.125:41625, a0967e03-aad6-49e6-846b-c8134af623ea:192.168.36.125:33239, 552776ad-4e33-4e75-810b-5f57bcc17043:192.168.36.125:41659], old=null, confs=<EMPTY_MAP>
2019-08-21 18:55:23,015 [pool-483-thread-1] INFO  server.RaftServerConfigKeys (ConfUtils.java:logGet(43)) - raft.server.rpcslowness.timeout = 120s (custom)
2019-08-21 18:55:23,015 [pool-472-thread-1] INFO  server.RaftServerConfigKeys (ConfUtils.java:logGet(43)) - raft.server.storage.dir = [/workdir/hadoop-ozone/integration-test/target/test-dir/MiniOzoneClusterImpl-41c02fe8-38d4-41ce-91e4-307d8e6896e2/datanode-3/data/ratis] (custom)
2019-08-21 18:55:23,015 [pool-483-thread-1] INFO  server.RaftServerConfigKeys (ConfUtils.java:logGet(43)) - raft.server.sleep.deviation.threshold = 300 (default)
2019-08-21 18:55:23,016 [pool-483-thread-1] INFO  server.RaftServerConfigKeys (ConfUtils.java:logGet(43)) - raft.server.log.appender.install.snapshot.enabled = false (custom)
2019-08-21 18:55:23,016 [pool-483-thread-1] INFO  impl.RaftServerImpl (ServerState.java:<init>(105)) - a0967e03-aad6-49e6-846b-c8134af623ea:group-4BC18962474C ConfigurationManager, init=-1: [c2260f53-4216-4674-950d-92091259ffb1:192.168.36.125:41625, a0967e03-aad6-49e6-846b-c8134af623ea:192.168.36.125:33239, 552776ad-4e33-4e75-810b-5f57bcc17043:192.168.36.125:41659], old=null, confs=<EMPTY_MAP>
2019-08-21 18:55:23,016 [pool-472-thread-1] INFO  storage.RaftStorageDirectory (RaftStorageDirectory.java:analyzeStorage(246)) - The storage directory /workdir/hadoop-ozone/integration-test/target/test-dir/MiniOzoneClusterImpl-41c02fe8-38d4-41ce-91e4-307d8e6896e2/datanode-3/data/ratis/26aa19a9-ec1f-4be4-a150-4bc18962474c does not exist. Creating ...
2019-08-21 18:55:23,016 [pool-483-thread-1] INFO  server.RaftServerConfigKeys (ConfUtils.java:logGet(43)) - raft.server.storage.dir = [/workdir/hadoop-ozone/integration-test/target/test-dir/MiniOzoneClusterImpl-41c02fe8-38d4-41ce-91e4-307d8e6896e2/datanode-4/data/ratis] (custom)
2019-08-21 18:55:23,016 [pool-483-thread-1] INFO  storage.RaftStorageDirectory (RaftStorageDirectory.java:analyzeStorage(246)) - The storage directory /workdir/hadoop-ozone/integration-test/target/test-dir/MiniOzoneClusterImpl-41c02fe8-38d4-41ce-91e4-307d8e6896e2/datanode-4/data/ratis/26aa19a9-ec1f-4be4-a150-4bc18962474c does not exist. Creating ...
2019-08-21 18:55:23,032 [pool-472-thread-1] INFO  storage.RaftStorageDirectory (RaftStorageDirectory.java:tryLock(328)) - Lock on /workdir/hadoop-ozone/integration-test/target/test-dir/MiniOzoneClusterImpl-41c02fe8-38d4-41ce-91e4-307d8e6896e2/datanode-3/data/ratis/26aa19a9-ec1f-4be4-a150-4bc18962474c/in_use.lock acquired by nodename 24131@pr-hdds-1998-57vr7-880049069
2019-08-21 18:55:23,032 [pool-494-thread-1] INFO  storage.RaftStorageDirectory (RaftStorageDirectory.java:tryLock(328)) - Lock on /workdir/hadoop-ozone/integration-test/target/test-dir/MiniOzoneClusterImpl-41c02fe8-38d4-41ce-91e4-307d8e6896e2/datanode-5/data/ratis/26aa19a9-ec1f-4be4-a150-4bc18962474c/in_use.lock acquired by nodename 24131@pr-hdds-1998-57vr7-880049069
2019-08-21 18:55:23,066 [pool-483-thread-1] INFO  storage.RaftStorageDirectory (RaftStorageDirectory.java:tryLock(328)) - Lock on /workdir/hadoop-ozone/integration-test/target/test-dir/MiniOzoneClusterImpl-41c02fe8-38d4-41ce-91e4-307d8e6896e2/datanode-4/data/ratis/26aa19a9-ec1f-4be4-a150-4bc18962474c/in_use.lock acquired by nodename 24131@pr-hdds-1998-57vr7-880049069
2019-08-21 18:55:23,066 [pool-494-thread-1] INFO  storage.RaftStorage (RaftStorage.java:format(72)) - Storage directory /workdir/hadoop-ozone/integration-test/target/test-dir/MiniOzoneClusterImpl-41c02fe8-38d4-41ce-91e4-307d8e6896e2/datanode-5/data/ratis/26aa19a9-ec1f-4be4-a150-4bc18962474c has been successfully formatted.
2019-08-21 18:55:23,066 [pool-472-thread-1] INFO  storage.RaftStorage (RaftStorage.java:format(72)) - Storage directory /workdir/hadoop-ozone/integration-test/target/test-dir/MiniOzoneClusterImpl-41c02fe8-38d4-41ce-91e4-307d8e6896e2/datanode-3/data/ratis/26aa19a9-ec1f-4be4-a150-4bc18962474c has been successfully formatted.
2019-08-21 18:55:23,067 [pool-494-thread-1] INFO  ratis.ContainerStateMachine (ContainerStateMachine.java:loadSnapshot(226)) - group-4BC18962474C: The snapshot info is null. Setting the last applied indexto:(t:0, i:~)
2019-08-21 18:55:23,067 [pool-494-thread-1] INFO  server.RaftServerConfigKeys (ConfUtils.java:logGet(43)) - raft.server.leader.election.timeout = 120s (custom)
2019-08-21 18:55:23,067 [pool-472-thread-1] INFO  ratis.ContainerStateMachine (ContainerStateMachine.java:loadSnapshot(226)) - group-4BC18962474C: The snapshot info is null. Setting the last applied indexto:(t:0, i:~)
2019-08-21 18:55:23,067 [pool-494-thread-1] INFO  server.RaftServerConfigKeys (ConfUtils.java:logGet(43)) - raft.server.log.use.memory = false (default)
2019-08-21 18:55:23,067 [pool-472-thread-1] INFO  server.RaftServerConfigKeys (ConfUtils.java:logGet(43)) - raft.server.leader.election.timeout = 120s (custom)
2019-08-21 18:55:23,067 [pool-494-thread-1] INFO  server.RaftServerConfigKeys (ConfUtils.java:logGet(43)) - raft.server.log.purge.gap = 1000000 (custom)
2019-08-21 18:55:23,067 [pool-472-thread-1] INFO  server.RaftServerConfigKeys (ConfUtils.java:logGet(43)) - raft.server.log.use.memory = false (default)
2019-08-21 18:55:23,068 [pool-494-thread-1] INFO  server.RaftServerConfigKeys (ConfUtils.java:logGet(43)) - raft.server.log.appender.buffer.byte-limit = 33554432 (custom)
2019-08-21 18:55:23,068 [pool-472-thread-1] INFO  server.RaftServerConfigKeys (ConfUtils.java:logGet(43)) - raft.server.log.purge.gap = 1000000 (custom)
2019-08-21 18:55:23,068 [pool-494-thread-1] INFO  server.RaftServerConfigKeys (ConfUtils.java:logGet(43)) - raft.server.log.segment.size.max = 1048576 (custom)
2019-08-21 18:55:23,068 [pool-472-thread-1] INFO  server.RaftServerConfigKeys (ConfUtils.java:logGet(43)) - raft.server.log.appender.buffer.byte-limit = 33554432 (custom)
2019-08-21 18:55:23,068 [pool-494-thread-1] INFO  server.RaftServerConfigKeys (ConfUtils.java:logGet(43)) - raft.server.log.segment.cache.num.max = 2 (custom)
2019-08-21 18:55:23,068 [pool-472-thread-1] INFO  server.RaftServerConfigKeys (ConfUtils.java:logGet(43)) - raft.server.log.segment.size.max = 1048576 (custom)
2019-08-21 18:55:23,068 [pool-494-thread-1] INFO  segmented.SegmentedRaftLogWorker (SegmentedRaftLogWorker.java:<init>(172)) - new c2260f53-4216-4674-950d-92091259ffb1-SegmentedRaftLogWorker:Storage Directory /workdir/hadoop-ozone/integration-test/target/test-dir/MiniOzoneClusterImpl-41c02fe8-38d4-41ce-91e4-307d8e6896e2/datanode-5/data/ratis/26aa19a9-ec1f-4be4-a150-4bc18962474c for RaftStorage:Storage Directory /workdir/hadoop-ozone/integration-test/target/test-dir/MiniOzoneClusterImpl-41c02fe8-38d4-41ce-91e4-307d8e6896e2/datanode-5/data/ratis/26aa19a9-ec1f-4be4-a150-4bc18962474c
2019-08-21 18:55:23,068 [pool-472-thread-1] INFO  server.RaftServerConfigKeys (ConfUtils.java:logGet(43)) - raft.server.log.segment.cache.num.max = 2 (custom)
2019-08-21 18:55:23,069 [pool-494-thread-1] INFO  server.RaftServerConfigKeys (ConfUtils.java:logGet(43)) - raft.server.log.queue.byte-limit = 2147483647 (custom)
2019-08-21 18:55:23,069 [pool-472-thread-1] INFO  segmented.SegmentedRaftLogWorker (SegmentedRaftLogWorker.java:<init>(172)) - new 552776ad-4e33-4e75-810b-5f57bcc17043-SegmentedRaftLogWorker:Storage Directory /workdir/hadoop-ozone/integration-test/target/test-dir/MiniOzoneClusterImpl-41c02fe8-38d4-41ce-91e4-307d8e6896e2/datanode-3/data/ratis/26aa19a9-ec1f-4be4-a150-4bc18962474c for RaftStorage:Storage Directory /workdir/hadoop-ozone/integration-test/target/test-dir/MiniOzoneClusterImpl-41c02fe8-38d4-41ce-91e4-307d8e6896e2/datanode-3/data/ratis/26aa19a9-ec1f-4be4-a150-4bc18962474c
2019-08-21 18:55:23,069 [pool-494-thread-1] INFO  server.RaftServerConfigKeys (ConfUtils.java:logGet(43)) - raft.server.log.queue.element-limit = 1024 (custom)
2019-08-21 18:55:23,069 [pool-472-thread-1] INFO  server.RaftServerConfigKeys (ConfUtils.java:logGet(43)) - raft.server.log.queue.byte-limit = 2147483647 (custom)
2019-08-21 18:55:23,069 [pool-494-thread-1] INFO  server.RaftServerConfigKeys (ConfUtils.java:logGet(43)) - raft.server.log.segment.size.max = 1048576 (custom)
2019-08-21 18:55:23,069 [pool-472-thread-1] INFO  server.RaftServerConfigKeys (ConfUtils.java:logGet(43)) - raft.server.log.queue.element-limit = 1024 (custom)
2019-08-21 18:55:23,069 [pool-494-thread-1] INFO  server.RaftServerConfigKeys (ConfUtils.java:logGet(43)) - raft.server.log.preallocated.size = 16384 (custom)
2019-08-21 18:55:23,070 [pool-472-thread-1] INFO  server.RaftServerConfigKeys (ConfUtils.java:logGet(43)) - raft.server.log.segment.size.max = 1048576 (custom)
2019-08-21 18:55:23,070 [pool-494-thread-1] INFO  server.RaftServerConfigKeys (ConfUtils.java:logGet(43)) - raft.server.log.write.buffer.size = 33554432 (custom)
2019-08-21 18:55:23,070 [pool-472-thread-1] INFO  server.RaftServerConfigKeys (ConfUtils.java:logGet(43)) - raft.server.log.preallocated.size = 16384 (custom)
2019-08-21 18:55:23,070 [pool-494-thread-1] INFO  server.RaftServerConfigKeys (ConfUtils.java:logGet(43)) - raft.server.log.force.sync.num = 128 (default)
2019-08-21 18:55:23,070 [pool-472-thread-1] INFO  server.RaftServerConfigKeys (ConfUtils.java:logGet(43)) - raft.server.log.write.buffer.size = 33554432 (custom)
2019-08-21 18:55:23,070 [pool-494-thread-1] INFO  server.RaftServerConfigKeys (ConfUtils.java:logGet(43)) - raft.server.log.statemachine.data.sync = true (default)
2019-08-21 18:55:23,070 [pool-472-thread-1] INFO  server.RaftServerConfigKeys (ConfUtils.java:logGet(43)) - raft.server.log.force.sync.num = 128 (default)
2019-08-21 18:55:23,071 [pool-494-thread-1] INFO  server.RaftServerConfigKeys (ConfUtils.java:logGet(43)) - raft.server.log.statemachine.data.sync.timeout = 10s (default)
2019-08-21 18:55:23,071 [pool-472-thread-1] INFO  server.RaftServerConfigKeys (ConfUtils.java:logGet(43)) - raft.server.log.statemachine.data.sync = true (default)
2019-08-21 18:55:23,071 [pool-494-thread-1] INFO  server.RaftServerConfigKeys (ConfUtils.java:logGet(43)) - raft.server.log.statemachine.data.sync.timeout.retry = -1 (default)
2019-08-21 18:55:23,071 [pool-472-thread-1] INFO  server.RaftServerConfigKeys (ConfUtils.java:logGet(43)) - raft.server.log.statemachine.data.sync.timeout = 10s (default)
2019-08-21 18:55:23,071 [pool-494-thread-1] INFO  server.RaftServerConfigKeys (ConfUtils.java:logGet(43)) - raft.server.log.statemachine.data.caching.enabled = true (custom)
2019-08-21 18:55:23,071 [pool-472-thread-1] INFO  server.RaftServerConfigKeys (ConfUtils.java:logGet(43)) - raft.server.log.statemachine.data.sync.timeout.retry = -1 (default)
2019-08-21 18:55:23,072 [pool-472-thread-1] INFO  server.RaftServerConfigKeys (ConfUtils.java:logGet(43)) - raft.server.log.statemachine.data.caching.enabled = true (custom)
2019-08-21 18:55:23,075 [pool-494-thread-1] INFO  segmented.SegmentedRaftLogWorker (SegmentedRaftLogWorker.java:lambda$new$0(132)) - c2260f53-4216-4674-950d-92091259ffb1-SegmentedRaftLogWorker:Storage Directory /workdir/hadoop-ozone/integration-test/target/test-dir/MiniOzoneClusterImpl-41c02fe8-38d4-41ce-91e4-307d8e6896e2/datanode-5/data/ratis/26aa19a9-ec1f-4be4-a150-4bc18962474c: flushIndex: setUnconditionally 0 -> -1
2019-08-21 18:55:23,075 [pool-472-thread-1] INFO  segmented.SegmentedRaftLogWorker (SegmentedRaftLogWorker.java:lambda$new$0(132)) - 552776ad-4e33-4e75-810b-5f57bcc17043-SegmentedRaftLogWorker:Storage Directory /workdir/hadoop-ozone/integration-test/target/test-dir/MiniOzoneClusterImpl-41c02fe8-38d4-41ce-91e4-307d8e6896e2/datanode-3/data/ratis/26aa19a9-ec1f-4be4-a150-4bc18962474c: flushIndex: setUnconditionally 0 -> -1
2019-08-21 18:55:23,075 [pool-494-thread-1] INFO  server.RaftServerConfigKeys (ConfUtils.java:logGet(43)) - raft.server.snapshot.auto.trigger.enabled = true (custom)
2019-08-21 18:55:23,075 [pool-472-thread-1] INFO  server.RaftServerConfigKeys (ConfUtils.java:logGet(43)) - raft.server.snapshot.auto.trigger.enabled = true (custom)
2019-08-21 18:55:23,075 [pool-494-thread-1] INFO  server.RaftServerConfigKeys (ConfUtils.java:logGet(43)) - raft.server.snapshot.auto.trigger.threshold = 10000 (custom)
2019-08-21 18:55:23,076 [pool-472-thread-1] INFO  server.RaftServerConfigKeys (ConfUtils.java:logGet(43)) - raft.server.snapshot.auto.trigger.threshold = 10000 (custom)
2019-08-21 18:55:23,076 [pool-494-thread-1] INFO  server.RaftServerConfigKeys (ConfUtils.java:logGet(43)) - raft.server.retrycache.expirytime = 600000ms (custom)
2019-08-21 18:55:23,076 [pool-472-thread-1] INFO  server.RaftServerConfigKeys (ConfUtils.java:logGet(43)) - raft.server.retrycache.expirytime = 600000ms (custom)
2019-08-21 18:55:23,076 [pool-494-thread-1] INFO  impl.RaftServerImpl (RaftServerImpl.java:start(180)) - c2260f53-4216-4674-950d-92091259ffb1: start group-4BC18962474C
2019-08-21 18:55:23,076 [pool-472-thread-1] INFO  impl.RaftServerImpl (RaftServerImpl.java:start(180)) - 552776ad-4e33-4e75-810b-5f57bcc17043: start group-4BC18962474C
2019-08-21 18:55:23,076 [pool-494-thread-1] INFO  impl.RaftServerImpl (RaftServerImpl.java:setRole(171)) - c2260f53-4216-4674-950d-92091259ffb1:group-4BC18962474C changes role from null to FOLLOWER at term 0 for startAsFollower
2019-08-21 18:55:23,076 [pool-472-thread-1] INFO  impl.RaftServerImpl (RaftServerImpl.java:setRole(171)) - 552776ad-4e33-4e75-810b-5f57bcc17043:group-4BC18962474C changes role from null to FOLLOWER at term 0 for startAsFollower
2019-08-21 18:55:23,076 [pool-494-thread-1] INFO  impl.RoleInfo (RoleInfo.java:updateAndGet(143)) - c2260f53-4216-4674-950d-92091259ffb1: start FollowerState
2019-08-21 18:55:23,077 [pool-472-thread-1] INFO  impl.RoleInfo (RoleInfo.java:updateAndGet(143)) - 552776ad-4e33-4e75-810b-5f57bcc17043: start FollowerState
2019-08-21 18:55:23,077 [pool-494-thread-1] INFO  util.JmxRegister (JmxRegister.java:tryRegister(44)) - Successfully registered JMX Bean with object name Ratis:service=RaftServer,group=group-4BC18962474C,id=c2260f53-4216-4674-950d-92091259ffb1
2019-08-21 18:55:23,077 [pool-472-thread-1] INFO  util.JmxRegister (JmxRegister.java:tryRegister(44)) - Successfully registered JMX Bean with object name Ratis:service=RaftServer,group=group-4BC18962474C,id=552776ad-4e33-4e75-810b-5f57bcc17043
2019-08-21 18:55:23,083 [pool-483-thread-1] INFO  storage.RaftStorage (RaftStorage.java:format(72)) - Storage directory /workdir/hadoop-ozone/integration-test/target/test-dir/MiniOzoneClusterImpl-41c02fe8-38d4-41ce-91e4-307d8e6896e2/datanode-4/data/ratis/26aa19a9-ec1f-4be4-a150-4bc18962474c has been successfully formatted.
2019-08-21 18:55:23,083 [pool-483-thread-1] INFO  ratis.ContainerStateMachine (ContainerStateMachine.java:loadSnapshot(226)) - group-4BC18962474C: The snapshot info is null. Setting the last applied indexto:(t:0, i:~)
2019-08-21 18:55:23,084 [pool-483-thread-1] INFO  server.RaftServerConfigKeys (ConfUtils.java:logGet(43)) - raft.server.leader.election.timeout = 120s (custom)
2019-08-21 18:55:23,084 [pool-483-thread-1] INFO  server.RaftServerConfigKeys (ConfUtils.java:logGet(43)) - raft.server.log.use.memory = false (default)
2019-08-21 18:55:23,084 [pool-483-thread-1] INFO  server.RaftServerConfigKeys (ConfUtils.java:logGet(43)) - raft.server.log.purge.gap = 1000000 (custom)
2019-08-21 18:55:23,084 [pool-483-thread-1] INFO  server.RaftServerConfigKeys (ConfUtils.java:logGet(43)) - raft.server.log.appender.buffer.byte-limit = 33554432 (custom)
2019-08-21 18:55:23,084 [pool-483-thread-1] INFO  server.RaftServerConfigKeys (ConfUtils.java:logGet(43)) - raft.server.log.segment.size.max = 1048576 (custom)
2019-08-21 18:55:23,084 [pool-483-thread-1] INFO  server.RaftServerConfigKeys (ConfUtils.java:logGet(43)) - raft.server.log.segment.cache.num.max = 2 (custom)
2019-08-21 18:55:23,084 [pool-483-thread-1] INFO  segmented.SegmentedRaftLogWorker (SegmentedRaftLogWorker.java:<init>(172)) - new a0967e03-aad6-49e6-846b-c8134af623ea-SegmentedRaftLogWorker:Storage Directory /workdir/hadoop-ozone/integration-test/target/test-dir/MiniOzoneClusterImpl-41c02fe8-38d4-41ce-91e4-307d8e6896e2/datanode-4/data/ratis/26aa19a9-ec1f-4be4-a150-4bc18962474c for RaftStorage:Storage Directory /workdir/hadoop-ozone/integration-test/target/test-dir/MiniOzoneClusterImpl-41c02fe8-38d4-41ce-91e4-307d8e6896e2/datanode-4/data/ratis/26aa19a9-ec1f-4be4-a150-4bc18962474c
2019-08-21 18:55:23,084 [pool-483-thread-1] INFO  server.RaftServerConfigKeys (ConfUtils.java:logGet(43)) - raft.server.log.queue.byte-limit = 2147483647 (custom)
2019-08-21 18:55:23,084 [pool-483-thread-1] INFO  server.RaftServerConfigKeys (ConfUtils.java:logGet(43)) - raft.server.log.queue.element-limit = 1024 (custom)
2019-08-21 18:55:23,085 [pool-483-thread-1] INFO  server.RaftServerConfigKeys (ConfUtils.java:logGet(43)) - raft.server.log.segment.size.max = 1048576 (custom)
2019-08-21 18:55:23,085 [pool-483-thread-1] INFO  server.RaftServerConfigKeys (ConfUtils.java:logGet(43)) - raft.server.log.preallocated.size = 16384 (custom)
2019-08-21 18:55:23,085 [pool-483-thread-1] INFO  server.RaftServerConfigKeys (ConfUtils.java:logGet(43)) - raft.server.log.write.buffer.size = 33554432 (custom)
2019-08-21 18:55:23,085 [pool-483-thread-1] INFO  server.RaftServerConfigKeys (ConfUtils.java:logGet(43)) - raft.server.log.force.sync.num = 128 (default)
2019-08-21 18:55:23,085 [pool-483-thread-1] INFO  server.RaftServerConfigKeys (ConfUtils.java:logGet(43)) - raft.server.log.statemachine.data.sync = true (default)
2019-08-21 18:55:23,085 [pool-483-thread-1] INFO  server.RaftServerConfigKeys (ConfUtils.java:logGet(43)) - raft.server.log.statemachine.data.sync.timeout = 10s (default)
2019-08-21 18:55:23,085 [pool-483-thread-1] INFO  server.RaftServerConfigKeys (ConfUtils.java:logGet(43)) - raft.server.log.statemachine.data.sync.timeout.retry = -1 (default)
2019-08-21 18:55:23,085 [pool-483-thread-1] INFO  server.RaftServerConfigKeys (ConfUtils.java:logGet(43)) - raft.server.log.statemachine.data.caching.enabled = true (custom)
2019-08-21 18:55:23,086 [pool-483-thread-1] INFO  segmented.SegmentedRaftLogWorker (SegmentedRaftLogWorker.java:lambda$new$0(132)) - a0967e03-aad6-49e6-846b-c8134af623ea-SegmentedRaftLogWorker:Storage Directory /workdir/hadoop-ozone/integration-test/target/test-dir/MiniOzoneClusterImpl-41c02fe8-38d4-41ce-91e4-307d8e6896e2/datanode-4/data/ratis/26aa19a9-ec1f-4be4-a150-4bc18962474c: flushIndex: setUnconditionally 0 -> -1
2019-08-21 18:55:23,086 [pool-483-thread-1] INFO  server.RaftServerConfigKeys (ConfUtils.java:logGet(43)) - raft.server.snapshot.auto.trigger.enabled = true (custom)
2019-08-21 18:55:23,086 [pool-483-thread-1] INFO  server.RaftServerConfigKeys (ConfUtils.java:logGet(43)) - raft.server.snapshot.auto.trigger.threshold = 10000 (custom)
2019-08-21 18:55:23,086 [pool-483-thread-1] INFO  server.RaftServerConfigKeys (ConfUtils.java:logGet(43)) - raft.server.retrycache.expirytime = 600000ms (custom)
2019-08-21 18:55:23,086 [pool-483-thread-1] INFO  impl.RaftServerImpl (RaftServerImpl.java:start(180)) - a0967e03-aad6-49e6-846b-c8134af623ea: start group-4BC18962474C
2019-08-21 18:55:23,086 [pool-483-thread-1] INFO  impl.RaftServerImpl (RaftServerImpl.java:setRole(171)) - a0967e03-aad6-49e6-846b-c8134af623ea:group-4BC18962474C changes role from null to FOLLOWER at term 0 for startAsFollower
2019-08-21 18:55:23,086 [pool-483-thread-1] INFO  impl.RoleInfo (RoleInfo.java:updateAndGet(143)) - a0967e03-aad6-49e6-846b-c8134af623ea: start FollowerState
2019-08-21 18:55:23,087 [pool-483-thread-1] INFO  util.JmxRegister (JmxRegister.java:tryRegister(44)) - Successfully registered JMX Bean with object name Ratis:service=RaftServer,group=group-4BC18962474C,id=a0967e03-aad6-49e6-846b-c8134af623ea
2019-08-21 18:55:23,089 [RatisPipelineUtilsThread] INFO  pipeline.PipelineStateManager (PipelineStateManager.java:addPipeline(56)) - Created pipeline Pipeline[ Id: 26aa19a9-ec1f-4be4-a150-4bc18962474c, Nodes: a0967e03-aad6-49e6-846b-c8134af623ea{ip: 192.168.36.125, host: pr-hdds-1998-57vr7-880049069, networkLocation: /default-rack, certSerialId: null}552776ad-4e33-4e75-810b-5f57bcc17043{ip: 192.168.36.125, host: pr-hdds-1998-57vr7-880049069, networkLocation: /default-rack, certSerialId: null}c2260f53-4216-4674-950d-92091259ffb1{ip: 192.168.36.125, host: pr-hdds-1998-57vr7-880049069, networkLocation: /default-rack, certSerialId: null}, Type:RATIS, Factor:THREE, State:OPEN]
2019-08-21 18:55:23,143 [main] INFO  ozone.MiniOzoneClusterImpl (MiniOzoneClusterImpl.java:lambda$waitForClusterToBeReady$0(142)) - Waiting for cluster to be ready. Got 6 of 7 DN Heartbeats.
2019-08-21 18:55:23,144 [IPC Server handler 5 on 40684] INFO  net.NetworkTopology (NetworkTopologyImpl.java:add(110)) - Added a new node: /default-rack/1ffe30da-7604-461d-ace9-714b6d5524df
2019-08-21 18:55:23,145 [IPC Server handler 5 on 40684] INFO  node.SCMNodeManager (SCMNodeManager.java:register(273)) - Registered Data node : 1ffe30da-7604-461d-ace9-714b6d5524df{ip: 192.168.36.125, host: pr-hdds-1998-57vr7-880049069, networkLocation: /default-rack, certSerialId: null}
2019-08-21 18:55:23,145 | INFO  | SCMAudit | user=jenkins1000 | ip=192.168.36.125 | op=REGISTER {datanodeDetails=1ffe30da-7604-461d-ace9-714b6d5524df{ip: 192.168.36.125, host: pr-hdds-1998-57vr7-880049069, networkLocation: /default-rack, certSerialId: null}} | ret=SUCCESS |  
2019-08-21 18:55:23,153 [grpc-default-executor-11] INFO  impl.RaftServerProxy (RaftServerProxy.java:addNew(89)) - 1ffe30da-7604-461d-ace9-714b6d5524df: addNew group-58E3A1D81DEC:[1ffe30da-7604-461d-ace9-714b6d5524df:192.168.36.125:44123] returns group-58E3A1D81DEC:java.util.concurrent.CompletableFuture@2368a255[Not completed]
2019-08-21 18:55:23,154 [pool-505-thread-1] INFO  impl.RaftServerImpl (RaftServerImpl.java:<init>(93)) - 1ffe30da-7604-461d-ace9-714b6d5524df: new RaftServerImpl for group-58E3A1D81DEC:[1ffe30da-7604-461d-ace9-714b6d5524df:192.168.36.125:44123] with ContainerStateMachine:uninitialized
2019-08-21 18:55:23,154 [pool-505-thread-1] INFO  server.RaftServerConfigKeys (ConfUtils.java:logGet(43)) - raft.server.rpc.timeout.min = 5s (custom)
2019-08-21 18:55:23,155 [pool-505-thread-1] INFO  server.RaftServerConfigKeys (ConfUtils.java:logGet(43)) - raft.server.rpc.timeout.max = 5200ms (custom)
2019-08-21 18:55:23,155 [pool-505-thread-1] INFO  server.RaftServerConfigKeys (ConfUtils.java:logGet(43)) - raft.server.rpcslowness.timeout = 120s (custom)
2019-08-21 18:55:23,155 [pool-505-thread-1] INFO  server.RaftServerConfigKeys (ConfUtils.java:logGet(43)) - raft.server.sleep.deviation.threshold = 300 (default)
2019-08-21 18:55:23,155 [pool-505-thread-1] INFO  server.RaftServerConfigKeys (ConfUtils.java:logGet(43)) - raft.server.log.appender.install.snapshot.enabled = false (custom)
2019-08-21 18:55:23,155 [pool-505-thread-1] INFO  impl.RaftServerImpl (ServerState.java:<init>(105)) - 1ffe30da-7604-461d-ace9-714b6d5524df:group-58E3A1D81DEC ConfigurationManager, init=-1: [1ffe30da-7604-461d-ace9-714b6d5524df:192.168.36.125:44123], old=null, confs=<EMPTY_MAP>
2019-08-21 18:55:23,155 [pool-505-thread-1] INFO  server.RaftServerConfigKeys (ConfUtils.java:logGet(43)) - raft.server.storage.dir = [/workdir/hadoop-ozone/integration-test/target/test-dir/MiniOzoneClusterImpl-41c02fe8-38d4-41ce-91e4-307d8e6896e2/datanode-6/data/ratis] (custom)
2019-08-21 18:55:23,156 [pool-505-thread-1] INFO  storage.RaftStorageDirectory (RaftStorageDirectory.java:analyzeStorage(246)) - The storage directory /workdir/hadoop-ozone/integration-test/target/test-dir/MiniOzoneClusterImpl-41c02fe8-38d4-41ce-91e4-307d8e6896e2/datanode-6/data/ratis/13eb026f-48f3-469c-87b8-58e3a1d81dec does not exist. Creating ...
2019-08-21 18:55:23,175 [pool-505-thread-1] INFO  storage.RaftStorageDirectory (RaftStorageDirectory.java:tryLock(328)) - Lock on /workdir/hadoop-ozone/integration-test/target/test-dir/MiniOzoneClusterImpl-41c02fe8-38d4-41ce-91e4-307d8e6896e2/datanode-6/data/ratis/13eb026f-48f3-469c-87b8-58e3a1d81dec/in_use.lock acquired by nodename 24131@pr-hdds-1998-57vr7-880049069
2019-08-21 18:55:23,201 [pool-505-thread-1] INFO  storage.RaftStorage (RaftStorage.java:format(72)) - Storage directory /workdir/hadoop-ozone/integration-test/target/test-dir/MiniOzoneClusterImpl-41c02fe8-38d4-41ce-91e4-307d8e6896e2/datanode-6/data/ratis/13eb026f-48f3-469c-87b8-58e3a1d81dec has been successfully formatted.
2019-08-21 18:55:23,201 [pool-505-thread-1] INFO  ratis.ContainerStateMachine (ContainerStateMachine.java:loadSnapshot(226)) - group-58E3A1D81DEC: The snapshot info is null. Setting the last applied indexto:(t:0, i:~)
2019-08-21 18:55:23,201 [pool-505-thread-1] INFO  server.RaftServerConfigKeys (ConfUtils.java:logGet(43)) - raft.server.leader.election.timeout = 120s (custom)
2019-08-21 18:55:23,201 [pool-505-thread-1] INFO  server.RaftServerConfigKeys (ConfUtils.java:logGet(43)) - raft.server.log.use.memory = false (default)
2019-08-21 18:55:23,201 [pool-505-thread-1] INFO  server.RaftServerConfigKeys (ConfUtils.java:logGet(43)) - raft.server.log.purge.gap = 1000000 (custom)
2019-08-21 18:55:23,201 [pool-505-thread-1] INFO  server.RaftServerConfigKeys (ConfUtils.java:logGet(43)) - raft.server.log.appender.buffer.byte-limit = 33554432 (custom)
2019-08-21 18:55:23,202 [pool-505-thread-1] INFO  server.RaftServerConfigKeys (ConfUtils.java:logGet(43)) - raft.server.log.segment.size.max = 1048576 (custom)
2019-08-21 18:55:23,202 [pool-505-thread-1] INFO  server.RaftServerConfigKeys (ConfUtils.java:logGet(43)) - raft.server.log.segment.cache.num.max = 2 (custom)
2019-08-21 18:55:23,202 [pool-505-thread-1] INFO  segmented.SegmentedRaftLogWorker (SegmentedRaftLogWorker.java:<init>(172)) - new 1ffe30da-7604-461d-ace9-714b6d5524df-SegmentedRaftLogWorker:Storage Directory /workdir/hadoop-ozone/integration-test/target/test-dir/MiniOzoneClusterImpl-41c02fe8-38d4-41ce-91e4-307d8e6896e2/datanode-6/data/ratis/13eb026f-48f3-469c-87b8-58e3a1d81dec for RaftStorage:Storage Directory /workdir/hadoop-ozone/integration-test/target/test-dir/MiniOzoneClusterImpl-41c02fe8-38d4-41ce-91e4-307d8e6896e2/datanode-6/data/ratis/13eb026f-48f3-469c-87b8-58e3a1d81dec
2019-08-21 18:55:23,202 [pool-505-thread-1] INFO  server.RaftServerConfigKeys (ConfUtils.java:logGet(43)) - raft.server.log.queue.byte-limit = 2147483647 (custom)
2019-08-21 18:55:23,202 [pool-505-thread-1] INFO  server.RaftServerConfigKeys (ConfUtils.java:logGet(43)) - raft.server.log.queue.element-limit = 1024 (custom)
2019-08-21 18:55:23,202 [pool-505-thread-1] INFO  server.RaftServerConfigKeys (ConfUtils.java:logGet(43)) - raft.server.log.segment.size.max = 1048576 (custom)
2019-08-21 18:55:23,202 [pool-505-thread-1] INFO  server.RaftServerConfigKeys (ConfUtils.java:logGet(43)) - raft.server.log.preallocated.size = 16384 (custom)
2019-08-21 18:55:23,203 [pool-505-thread-1] INFO  server.RaftServerConfigKeys (ConfUtils.java:logGet(43)) - raft.server.log.write.buffer.size = 33554432 (custom)
2019-08-21 18:55:23,203 [pool-505-thread-1] INFO  server.RaftServerConfigKeys (ConfUtils.java:logGet(43)) - raft.server.log.force.sync.num = 128 (default)
2019-08-21 18:55:23,203 [pool-505-thread-1] INFO  server.RaftServerConfigKeys (ConfUtils.java:logGet(43)) - raft.server.log.statemachine.data.sync = true (default)
2019-08-21 18:55:23,203 [pool-505-thread-1] INFO  server.RaftServerConfigKeys (ConfUtils.java:logGet(43)) - raft.server.log.statemachine.data.sync.timeout = 10s (default)
2019-08-21 18:55:23,203 [pool-505-thread-1] INFO  server.RaftServerConfigKeys (ConfUtils.java:logGet(43)) - raft.server.log.statemachine.data.sync.timeout.retry = -1 (default)
2019-08-21 18:55:23,203 [pool-505-thread-1] INFO  server.RaftServerConfigKeys (ConfUtils.java:logGet(43)) - raft.server.log.statemachine.data.caching.enabled = true (custom)
2019-08-21 18:55:23,203 [pool-505-thread-1] INFO  segmented.SegmentedRaftLogWorker (SegmentedRaftLogWorker.java:lambda$new$0(132)) - 1ffe30da-7604-461d-ace9-714b6d5524df-SegmentedRaftLogWorker:Storage Directory /workdir/hadoop-ozone/integration-test/target/test-dir/MiniOzoneClusterImpl-41c02fe8-38d4-41ce-91e4-307d8e6896e2/datanode-6/data/ratis/13eb026f-48f3-469c-87b8-58e3a1d81dec: flushIndex: setUnconditionally 0 -> -1
2019-08-21 18:55:23,204 [pool-505-thread-1] INFO  server.RaftServerConfigKeys (ConfUtils.java:logGet(43)) - raft.server.snapshot.auto.trigger.enabled = true (custom)
2019-08-21 18:55:23,204 [pool-505-thread-1] INFO  server.RaftServerConfigKeys (ConfUtils.java:logGet(43)) - raft.server.snapshot.auto.trigger.threshold = 10000 (custom)
2019-08-21 18:55:23,204 [pool-505-thread-1] INFO  server.RaftServerConfigKeys (ConfUtils.java:logGet(43)) - raft.server.retrycache.expirytime = 600000ms (custom)
2019-08-21 18:55:23,204 [pool-505-thread-1] INFO  impl.RaftServerImpl (RaftServerImpl.java:start(180)) - 1ffe30da-7604-461d-ace9-714b6d5524df: start group-58E3A1D81DEC
2019-08-21 18:55:23,204 [pool-505-thread-1] INFO  impl.RaftServerImpl (RaftServerImpl.java:setRole(171)) - 1ffe30da-7604-461d-ace9-714b6d5524df:group-58E3A1D81DEC changes role from null to FOLLOWER at term 0 for startAsFollower
2019-08-21 18:55:23,204 [pool-505-thread-1] INFO  impl.RoleInfo (RoleInfo.java:updateAndGet(143)) - 1ffe30da-7604-461d-ace9-714b6d5524df: start FollowerState
2019-08-21 18:55:23,205 [pool-505-thread-1] INFO  util.JmxRegister (JmxRegister.java:tryRegister(44)) - Successfully registered JMX Bean with object name Ratis:service=RaftServer,group=group-58E3A1D81DEC,id=1ffe30da-7604-461d-ace9-714b6d5524df
2019-08-21 18:55:23,207 [RatisPipelineUtilsThread] INFO  pipeline.PipelineStateManager (PipelineStateManager.java:addPipeline(56)) - Created pipeline Pipeline[ Id: 13eb026f-48f3-469c-87b8-58e3a1d81dec, Nodes: 1ffe30da-7604-461d-ace9-714b6d5524df{ip: 192.168.36.125, host: pr-hdds-1998-57vr7-880049069, networkLocation: /default-rack, certSerialId: null}, Type:RATIS, Factor:ONE, State:OPEN]
2019-08-21 18:55:23,525 | INFO  | SCMAudit | user=jenkins1000 | ip=192.168.36.125 | op=SEND_HEARTBEAT {datanodeUUID=70834503-2edc-4245-925f-fcee029f7dec, command=[]} | ret=SUCCESS |  
2019-08-21 18:55:24,055 | INFO  | SCMAudit | user=jenkins1000 | ip=192.168.36.125 | op=SEND_HEARTBEAT {datanodeUUID=b1bf2634-a55a-4292-98b3-5b3eb35ed415, command=[]} | ret=SUCCESS |  
2019-08-21 18:55:24,144 [main] INFO  ozone.MiniOzoneClusterImpl (MiniOzoneClusterImpl.java:lambda$waitForClusterToBeReady$0(142)) - Cluster is ready. Got 7 of 7 DN Heartbeats.
2019-08-21 18:55:24,173 [main] INFO  rpc.RpcClient (RpcClient.java:createVolume(292)) - Creating Volume: testblockoutputstream, with jenkins1000 as owner.
2019-08-21 18:55:24,176 | INFO  | OMAudit | user=jenkins1000 | ip=127.0.0.1 | op=CREATE_VOLUME {admin=jenkins1000, owner=jenkins1000, volume=testblockoutputstream, creationTime=1566413724175, quotaInBytes=1152921504606846976} | ret=SUCCESS |  
2019-08-21 18:55:24,186 | INFO  | OMAudit | user=jenkins1000 | ip=127.0.0.1 | op=READ_VOLUME {volume=testblockoutputstream} | ret=SUCCESS |  
2019-08-21 18:55:24,187 [main] INFO  rpc.RpcClient (RpcClient.java:createBucket(431)) - Creating Bucket: testblockoutputstream/testblockoutputstream, with Versioning false and Storage Type set to DISK and Encryption set to false 
2019-08-21 18:55:24,190 | INFO  | OMAudit | user=jenkins1000 | ip=127.0.0.1 | op=CREATE_BUCKET {volume=testblockoutputstream, bucket=testblockoutputstream, acls=[user:jenkins1000:a[ACCESS], group:default:a[ACCESS]], isVersionEnabled=false, storageType=DISK, creationTime=0} | ret=SUCCESS |  
2019-08-21 18:55:24,192 | INFO  | OMAudit | user=jenkins1000 | ip=127.0.0.1 | op=READ_VOLUME {volume=testblockoutputstream} | ret=SUCCESS |  
2019-08-21 18:55:24,194 | INFO  | OMAudit | user=jenkins1000 | ip=127.0.0.1 | op=READ_BUCKET {volume=testblockoutputstream, bucket=testblockoutputstream} | ret=SUCCESS |  
2019-08-21 18:55:24,198 | INFO  | SCMAudit | user=jenkins1000 | ip=192.168.36.125 | op=ALLOCATE_BLOCK {owner=41b21874-8e5f-4007-9824-7afdca7578af, size=800, type=RATIS, factor=THREE} | ret=SUCCESS |  
2019-08-21 18:55:24,202 | INFO  | OMAudit | user=jenkins1000 | ip=127.0.0.1 | op=ALLOCATE_KEY {volume=testblockoutputstream, bucket=testblockoutputstream, key=74b52e8f-05b1-4e0f-ae98-a72ab6f4e4c2, dataSize=0, replicationType=RATIS, replicationFactor=THREE, keyLocationInfo=null} | ret=SUCCESS |  
2019-08-21 18:55:24,215 [grpc-default-executor-11] INFO  client.GrpcClientProtocolClient (GrpcClientProtocolClient.java:onNext(255)) - client-F1A9621D354E->797b0004-b8c3-49ad-acf1-e2929da993b9: receive RaftClientReply:client-F1A9621D354E->797b0004-b8c3-49ad-acf1-e2929da993b9@group-86FB0DCC5C31, cid=193, FAILED org.apache.ratis.protocol.NotLeaderException: Server 797b0004-b8c3-49ad-acf1-e2929da993b9 is not the leader (null). Request must be sent to leader., logIndex=0, commits[797b0004-b8c3-49ad-acf1-e2929da993b9:c-1]
2019-08-21 18:55:24,249 | INFO  | SCMAudit | user=jenkins1000 | ip=192.168.36.125 | op=SEND_HEARTBEAT {datanodeUUID=797b0004-b8c3-49ad-acf1-e2929da993b9, command=[]} | ret=SUCCESS |  
2019-08-21 18:55:24,512 | INFO  | SCMAudit | user=jenkins1000 | ip=192.168.36.125 | op=SEND_HEARTBEAT {datanodeUUID=552776ad-4e33-4e75-810b-5f57bcc17043, command=[]} | ret=SUCCESS |  
2019-08-21 18:55:24,525 | INFO  | SCMAudit | user=jenkins1000 | ip=192.168.36.125 | op=SEND_HEARTBEAT {datanodeUUID=70834503-2edc-4245-925f-fcee029f7dec, command=[]} | ret=SUCCESS |  
2019-08-21 18:55:24,537 [Thread-3669] INFO  container.ReplicationManager (ReplicationManager.java:start(152)) - Starting Replication Monitor Thread.
2019-08-21 18:55:24,542 [ReplicationMonitor] INFO  container.ReplicationManager (ReplicationManager.java:run(215)) - Replication Monitor Thread took 0 milliseconds for processing 1 containers.
2019-08-21 18:55:24,717 | INFO  | SCMAudit | user=jenkins1000 | ip=192.168.36.125 | op=SEND_HEARTBEAT {datanodeUUID=a0967e03-aad6-49e6-846b-c8134af623ea, command=[]} | ret=SUCCESS |  
2019-08-21 18:55:24,920 | INFO  | SCMAudit | user=jenkins1000 | ip=192.168.36.125 | op=SEND_HEARTBEAT {datanodeUUID=c2260f53-4216-4674-950d-92091259ffb1, command=[]} | ret=SUCCESS |  
2019-08-21 18:55:25,056 | INFO  | SCMAudit | user=jenkins1000 | ip=192.168.36.125 | op=SEND_HEARTBEAT {datanodeUUID=b1bf2634-a55a-4292-98b3-5b3eb35ed415, command=[]} | ret=SUCCESS |  
2019-08-21 18:55:25,143 | INFO  | SCMAudit | user=jenkins1000 | ip=192.168.36.125 | op=SEND_HEARTBEAT {datanodeUUID=1ffe30da-7604-461d-ace9-714b6d5524df, command=[]} | ret=SUCCESS |  
2019-08-21 18:55:25,232 [grpc-default-executor-10] INFO  client.GrpcClientProtocolClient (GrpcClientProtocolClient.java:onNext(255)) - client-F1A9621D354E->b1bf2634-a55a-4292-98b3-5b3eb35ed415: receive RaftClientReply:client-F1A9621D354E->b1bf2634-a55a-4292-98b3-5b3eb35ed415@group-86FB0DCC5C31, cid=193, FAILED org.apache.ratis.protocol.NotLeaderException: Server b1bf2634-a55a-4292-98b3-5b3eb35ed415 is not the leader (null). Request must be sent to leader., logIndex=0, commits[b1bf2634-a55a-4292-98b3-5b3eb35ed415:c-1]
2019-08-21 18:55:25,248 | INFO  | SCMAudit | user=jenkins1000 | ip=192.168.36.125 | op=SEND_HEARTBEAT {datanodeUUID=797b0004-b8c3-49ad-acf1-e2929da993b9, command=[]} | ret=SUCCESS |  
2019-08-21 18:55:25,512 | INFO  | SCMAudit | user=jenkins1000 | ip=192.168.36.125 | op=SEND_HEARTBEAT {datanodeUUID=552776ad-4e33-4e75-810b-5f57bcc17043, command=[]} | ret=SUCCESS |  
2019-08-21 18:55:25,525 | INFO  | SCMAudit | user=jenkins1000 | ip=192.168.36.125 | op=SEND_HEARTBEAT {datanodeUUID=70834503-2edc-4245-925f-fcee029f7dec, command=[]} | ret=SUCCESS |  
2019-08-21 18:55:25,717 | INFO  | SCMAudit | user=jenkins1000 | ip=192.168.36.125 | op=SEND_HEARTBEAT {datanodeUUID=a0967e03-aad6-49e6-846b-c8134af623ea, command=[]} | ret=SUCCESS |  
2019-08-21 18:55:25,920 | INFO  | SCMAudit | user=jenkins1000 | ip=192.168.36.125 | op=SEND_HEARTBEAT {datanodeUUID=c2260f53-4216-4674-950d-92091259ffb1, command=[]} | ret=SUCCESS |  
2019-08-21 18:55:26,056 | INFO  | SCMAudit | user=jenkins1000 | ip=192.168.36.125 | op=SEND_HEARTBEAT {datanodeUUID=b1bf2634-a55a-4292-98b3-5b3eb35ed415, command=[]} | ret=SUCCESS |  
2019-08-21 18:55:26,143 | INFO  | SCMAudit | user=jenkins1000 | ip=192.168.36.125 | op=SEND_HEARTBEAT {datanodeUUID=1ffe30da-7604-461d-ace9-714b6d5524df, command=[]} | ret=SUCCESS |  
2019-08-21 18:55:26,240 [grpc-default-executor-11] INFO  client.GrpcClientProtocolClient (GrpcClientProtocolClient.java:onNext(255)) - client-F1A9621D354E->797b0004-b8c3-49ad-acf1-e2929da993b9: receive RaftClientReply:client-F1A9621D354E->797b0004-b8c3-49ad-acf1-e2929da993b9@group-86FB0DCC5C31, cid=193, FAILED org.apache.ratis.protocol.NotLeaderException: Server 797b0004-b8c3-49ad-acf1-e2929da993b9 is not the leader (null). Request must be sent to leader., logIndex=0, commits[797b0004-b8c3-49ad-acf1-e2929da993b9:c-1]
2019-08-21 18:55:26,249 | INFO  | SCMAudit | user=jenkins1000 | ip=192.168.36.125 | op=SEND_HEARTBEAT {datanodeUUID=797b0004-b8c3-49ad-acf1-e2929da993b9, command=[]} | ret=SUCCESS |  
2019-08-21 18:55:26,512 | INFO  | SCMAudit | user=jenkins1000 | ip=192.168.36.125 | op=SEND_HEARTBEAT {datanodeUUID=552776ad-4e33-4e75-810b-5f57bcc17043, command=[]} | ret=SUCCESS |  
2019-08-21 18:55:26,525 | INFO  | SCMAudit | user=jenkins1000 | ip=192.168.36.125 | op=SEND_HEARTBEAT {datanodeUUID=70834503-2edc-4245-925f-fcee029f7dec, command=[]} | ret=SUCCESS |  
2019-08-21 18:55:26,655 [Thread-3671] INFO  impl.FollowerState (FollowerState.java:run(106)) - 70834503-2edc-4245-925f-fcee029f7dec:group-A20539AD15BD changes to CANDIDATE, lastRpcTime:5026, electionTimeout:5026ms
2019-08-21 18:55:26,655 [Thread-3671] INFO  impl.RoleInfo (RoleInfo.java:shutdownFollowerState(121)) - 70834503-2edc-4245-925f-fcee029f7dec: shutdown FollowerState
2019-08-21 18:55:26,656 [Thread-3671] INFO  impl.RaftServerImpl (RaftServerImpl.java:setRole(171)) - 70834503-2edc-4245-925f-fcee029f7dec:group-A20539AD15BD changes role from FOLLOWER to CANDIDATE at term 0 for changeToCandidate
2019-08-21 18:55:26,656 [Thread-3671] INFO  impl.RoleInfo (RoleInfo.java:updateAndGet(143)) - 70834503-2edc-4245-925f-fcee029f7dec: start LeaderElection
2019-08-21 18:55:26,688 [70834503-2edc-4245-925f-fcee029f7dec:group-A20539AD15BD:LeaderElection93] INFO  impl.LeaderElection (LeaderElection.java:askForVotes(181)) - 70834503-2edc-4245-925f-fcee029f7dec:group-A20539AD15BD:LeaderElection93: begin an election at term 1 for -1: [70834503-2edc-4245-925f-fcee029f7dec:192.168.36.125:33370], old=null
2019-08-21 18:55:26,688 [70834503-2edc-4245-925f-fcee029f7dec:group-A20539AD15BD:LeaderElection93] INFO  impl.RoleInfo (RoleInfo.java:shutdownLeaderElection(134)) - 70834503-2edc-4245-925f-fcee029f7dec: shutdown LeaderElection
2019-08-21 18:55:26,688 [70834503-2edc-4245-925f-fcee029f7dec:group-A20539AD15BD:LeaderElection93] INFO  impl.RaftServerImpl (RaftServerImpl.java:setRole(171)) - 70834503-2edc-4245-925f-fcee029f7dec:group-A20539AD15BD changes role from CANDIDATE to LEADER at term 1 for changeToLeader
2019-08-21 18:55:26,688 [70834503-2edc-4245-925f-fcee029f7dec:group-A20539AD15BD:LeaderElection93] INFO  impl.RaftServerImpl (ServerState.java:setLeader(263)) - 70834503-2edc-4245-925f-fcee029f7dec:group-A20539AD15BD change Leader from null to 70834503-2edc-4245-925f-fcee029f7dec at term 1 for becomeLeader, leader elected after 5065ms
2019-08-21 18:55:26,689 [70834503-2edc-4245-925f-fcee029f7dec:group-A20539AD15BD:LeaderElection93] INFO  server.RaftServerConfigKeys (ConfUtils.java:logGet(43)) - raft.server.staging.catchup.gap = 1000 (default)
2019-08-21 18:55:26,689 [70834503-2edc-4245-925f-fcee029f7dec:group-A20539AD15BD:LeaderElection93] INFO  server.RaftServerConfigKeys (ConfUtils.java:logGet(43)) - raft.server.rpc.sleep.time = 25ms (default)
2019-08-21 18:55:26,689 [70834503-2edc-4245-925f-fcee029f7dec:group-A20539AD15BD:LeaderElection93] INFO  server.RaftServerConfigKeys (ConfUtils.java:logGet(43)) - raft.server.write.element-limit = 4096 (default)
2019-08-21 18:55:26,689 [70834503-2edc-4245-925f-fcee029f7dec:group-A20539AD15BD:LeaderElection93] INFO  server.RaftServerConfigKeys (ConfUtils.java:logGet(43)) - raft.server.watch.timeout = 10s (default)
2019-08-21 18:55:26,689 [70834503-2edc-4245-925f-fcee029f7dec:group-A20539AD15BD:LeaderElection93] INFO  server.RaftServerConfigKeys (ConfUtils.java:logGet(43)) - raft.server.watch.timeout.denomination = 1s (default)
2019-08-21 18:55:26,689 [70834503-2edc-4245-925f-fcee029f7dec:group-A20539AD15BD:LeaderElection93] INFO  server.RaftServerConfigKeys (ConfUtils.java:logGet(43)) - raft.server.watch.element-limit = 65536 (default)
2019-08-21 18:55:26,690 [70834503-2edc-4245-925f-fcee029f7dec:group-A20539AD15BD:LeaderElection93] INFO  impl.RoleInfo (RoleInfo.java:updateAndGet(143)) - 70834503-2edc-4245-925f-fcee029f7dec: start LeaderState
2019-08-21 18:55:26,690 [70834503-2edc-4245-925f-fcee029f7dec:group-A20539AD15BD:LeaderElection93] INFO  segmented.SegmentedRaftLogWorker (SegmentedRaftLogWorker.java:startLogSegment(380)) - 70834503-2edc-4245-925f-fcee029f7dec-SegmentedRaftLogWorker:Storage Directory /workdir/hadoop-ozone/integration-test/target/test-dir/MiniOzoneClusterImpl-41c02fe8-38d4-41ce-91e4-307d8e6896e2/datanode-0/data/ratis/571a6004-d968-4999-8505-a20539ad15bd: Starting segment from index:0
2019-08-21 18:55:26,691 [70834503-2edc-4245-925f-fcee029f7dec:group-A20539AD15BD:LeaderElection93] INFO  impl.RaftServerImpl (ServerState.java:setRaftConf(361)) - 70834503-2edc-4245-925f-fcee029f7dec:group-A20539AD15BD set configuration 0: [70834503-2edc-4245-925f-fcee029f7dec:192.168.36.125:33370], old=null at 0
2019-08-21 18:55:26,716 | INFO  | SCMAudit | user=jenkins1000 | ip=192.168.36.125 | op=SEND_HEARTBEAT {datanodeUUID=a0967e03-aad6-49e6-846b-c8134af623ea, command=[]} | ret=SUCCESS |  
2019-08-21 18:55:26,750 [70834503-2edc-4245-925f-fcee029f7dec-SegmentedRaftLogWorker:Storage Directory /workdir/hadoop-ozone/integration-test/target/test-dir/MiniOzoneClusterImpl-41c02fe8-38d4-41ce-91e4-307d8e6896e2/datanode-0/data/ratis/571a6004-d968-4999-8505-a20539ad15bd] INFO  segmented.SegmentedRaftLogWorker (SegmentedRaftLogWorker.java:execute(569)) - 70834503-2edc-4245-925f-fcee029f7dec-SegmentedRaftLogWorker:Storage Directory /workdir/hadoop-ozone/integration-test/target/test-dir/MiniOzoneClusterImpl-41c02fe8-38d4-41ce-91e4-307d8e6896e2/datanode-0/data/ratis/571a6004-d968-4999-8505-a20539ad15bd: created new log segment /workdir/hadoop-ozone/integration-test/target/test-dir/MiniOzoneClusterImpl-41c02fe8-38d4-41ce-91e4-307d8e6896e2/datanode-0/data/ratis/571a6004-d968-4999-8505-a20539ad15bd/current/log_inprogress_0
2019-08-21 18:55:26,920 | INFO  | SCMAudit | user=jenkins1000 | ip=192.168.36.125 | op=SEND_HEARTBEAT {datanodeUUID=c2260f53-4216-4674-950d-92091259ffb1, command=[]} | ret=SUCCESS |  
2019-08-21 18:55:27,056 | INFO  | SCMAudit | user=jenkins1000 | ip=192.168.36.125 | op=SEND_HEARTBEAT {datanodeUUID=b1bf2634-a55a-4292-98b3-5b3eb35ed415, command=[]} | ret=SUCCESS |  
2019-08-21 18:55:27,144 | INFO  | SCMAudit | user=jenkins1000 | ip=192.168.36.125 | op=SEND_HEARTBEAT {datanodeUUID=1ffe30da-7604-461d-ace9-714b6d5524df, command=[]} | ret=SUCCESS |  
2019-08-21 18:55:27,248 [Thread-3674] INFO  impl.FollowerState (FollowerState.java:run(106)) - b1bf2634-a55a-4292-98b3-5b3eb35ed415:group-90BB4468D332 changes to CANDIDATE, lastRpcTime:5131, electionTimeout:5128ms
2019-08-21 18:55:27,248 [Thread-3674] INFO  impl.RoleInfo (RoleInfo.java:shutdownFollowerState(121)) - b1bf2634-a55a-4292-98b3-5b3eb35ed415: shutdown FollowerState
2019-08-21 18:55:27,248 [Thread-3674] INFO  impl.RaftServerImpl (RaftServerImpl.java:setRole(171)) - b1bf2634-a55a-4292-98b3-5b3eb35ed415:group-90BB4468D332 changes role from FOLLOWER to CANDIDATE at term 0 for changeToCandidate
2019-08-21 18:55:27,248 [Thread-3674] INFO  impl.RoleInfo (RoleInfo.java:updateAndGet(143)) - b1bf2634-a55a-4292-98b3-5b3eb35ed415: start LeaderElection
2019-08-21 18:55:27,255 [grpc-default-executor-10] INFO  client.GrpcClientProtocolClient (GrpcClientProtocolClient.java:onNext(255)) - client-F1A9621D354E->b1bf2634-a55a-4292-98b3-5b3eb35ed415: receive RaftClientReply:client-F1A9621D354E->b1bf2634-a55a-4292-98b3-5b3eb35ed415@group-86FB0DCC5C31, cid=193, FAILED org.apache.ratis.protocol.NotLeaderException: Server b1bf2634-a55a-4292-98b3-5b3eb35ed415 is not the leader (null). Request must be sent to leader., logIndex=0, commits[b1bf2634-a55a-4292-98b3-5b3eb35ed415:c-1]
2019-08-21 18:55:27,255 | INFO  | SCMAudit | user=jenkins1000 | ip=192.168.36.125 | op=SEND_HEARTBEAT {datanodeUUID=797b0004-b8c3-49ad-acf1-e2929da993b9, command=[]} | ret=SUCCESS |  
2019-08-21 18:55:27,273 [b1bf2634-a55a-4292-98b3-5b3eb35ed415:group-90BB4468D332:LeaderElection94] INFO  impl.LeaderElection (LeaderElection.java:askForVotes(181)) - b1bf2634-a55a-4292-98b3-5b3eb35ed415:group-90BB4468D332:LeaderElection94: begin an election at term 1 for -1: [b1bf2634-a55a-4292-98b3-5b3eb35ed415:192.168.36.125:42945], old=null
2019-08-21 18:55:27,273 [b1bf2634-a55a-4292-98b3-5b3eb35ed415:group-90BB4468D332:LeaderElection94] INFO  impl.RoleInfo (RoleInfo.java:shutdownLeaderElection(134)) - b1bf2634-a55a-4292-98b3-5b3eb35ed415: shutdown LeaderElection
2019-08-21 18:55:27,274 [b1bf2634-a55a-4292-98b3-5b3eb35ed415:group-90BB4468D332:LeaderElection94] INFO  impl.RaftServerImpl (RaftServerImpl.java:setRole(171)) - b1bf2634-a55a-4292-98b3-5b3eb35ed415:group-90BB4468D332 changes role from CANDIDATE to LEADER at term 1 for changeToLeader
2019-08-21 18:55:27,274 [b1bf2634-a55a-4292-98b3-5b3eb35ed415:group-90BB4468D332:LeaderElection94] INFO  impl.RaftServerImpl (ServerState.java:setLeader(263)) - b1bf2634-a55a-4292-98b3-5b3eb35ed415:group-90BB4468D332 change Leader from null to b1bf2634-a55a-4292-98b3-5b3eb35ed415 at term 1 for becomeLeader, leader elected after 5161ms
2019-08-21 18:55:27,274 [b1bf2634-a55a-4292-98b3-5b3eb35ed415:group-90BB4468D332:LeaderElection94] INFO  server.RaftServerConfigKeys (ConfUtils.java:logGet(43)) - raft.server.staging.catchup.gap = 1000 (default)
2019-08-21 18:55:27,274 [b1bf2634-a55a-4292-98b3-5b3eb35ed415:group-90BB4468D332:LeaderElection94] INFO  server.RaftServerConfigKeys (ConfUtils.java:logGet(43)) - raft.server.rpc.sleep.time = 25ms (default)
2019-08-21 18:55:27,274 [b1bf2634-a55a-4292-98b3-5b3eb35ed415:group-90BB4468D332:LeaderElection94] INFO  server.RaftServerConfigKeys (ConfUtils.java:logGet(43)) - raft.server.write.element-limit = 4096 (default)
2019-08-21 18:55:27,274 [b1bf2634-a55a-4292-98b3-5b3eb35ed415:group-90BB4468D332:LeaderElection94] INFO  server.RaftServerConfigKeys (ConfUtils.java:logGet(43)) - raft.server.watch.timeout = 10s (default)
2019-08-21 18:55:27,275 [b1bf2634-a55a-4292-98b3-5b3eb35ed415:group-90BB4468D332:LeaderElection94] INFO  server.RaftServerConfigKeys (ConfUtils.java:logGet(43)) - raft.server.watch.timeout.denomination = 1s (default)
2019-08-21 18:55:27,275 [b1bf2634-a55a-4292-98b3-5b3eb35ed415:group-90BB4468D332:LeaderElection94] INFO  server.RaftServerConfigKeys (ConfUtils.java:logGet(43)) - raft.server.watch.element-limit = 65536 (default)
2019-08-21 18:55:27,275 [b1bf2634-a55a-4292-98b3-5b3eb35ed415:group-90BB4468D332:LeaderElection94] INFO  impl.RoleInfo (RoleInfo.java:updateAndGet(143)) - b1bf2634-a55a-4292-98b3-5b3eb35ed415: start LeaderState
2019-08-21 18:55:27,275 [b1bf2634-a55a-4292-98b3-5b3eb35ed415:group-90BB4468D332:LeaderElection94] INFO  segmented.SegmentedRaftLogWorker (SegmentedRaftLogWorker.java:startLogSegment(380)) - b1bf2634-a55a-4292-98b3-5b3eb35ed415-SegmentedRaftLogWorker:Storage Directory /workdir/hadoop-ozone/integration-test/target/test-dir/MiniOzoneClusterImpl-41c02fe8-38d4-41ce-91e4-307d8e6896e2/datanode-1/data/ratis/e0d9f544-dd51-457f-94d3-90bb4468d332: Starting segment from index:0
2019-08-21 18:55:27,276 [b1bf2634-a55a-4292-98b3-5b3eb35ed415:group-90BB4468D332:LeaderElection94] INFO  impl.RaftServerImpl (ServerState.java:setRaftConf(361)) - b1bf2634-a55a-4292-98b3-5b3eb35ed415:group-90BB4468D332 set configuration 0: [b1bf2634-a55a-4292-98b3-5b3eb35ed415:192.168.36.125:42945], old=null at 0
2019-08-21 18:55:27,313 [b1bf2634-a55a-4292-98b3-5b3eb35ed415-SegmentedRaftLogWorker:Storage Directory /workdir/hadoop-ozone/integration-test/target/test-dir/MiniOzoneClusterImpl-41c02fe8-38d4-41ce-91e4-307d8e6896e2/datanode-1/data/ratis/e0d9f544-dd51-457f-94d3-90bb4468d332] INFO  segmented.SegmentedRaftLogWorker (SegmentedRaftLogWorker.java:execute(569)) - b1bf2634-a55a-4292-98b3-5b3eb35ed415-SegmentedRaftLogWorker:Storage Directory /workdir/hadoop-ozone/integration-test/target/test-dir/MiniOzoneClusterImpl-41c02fe8-38d4-41ce-91e4-307d8e6896e2/datanode-1/data/ratis/e0d9f544-dd51-457f-94d3-90bb4468d332: created new log segment /workdir/hadoop-ozone/integration-test/target/test-dir/MiniOzoneClusterImpl-41c02fe8-38d4-41ce-91e4-307d8e6896e2/datanode-1/data/ratis/e0d9f544-dd51-457f-94d3-90bb4468d332/current/log_inprogress_0
2019-08-21 18:55:27,390 [Thread-3684] INFO  impl.FollowerState (FollowerState.java:run(106)) - 797b0004-b8c3-49ad-acf1-e2929da993b9:group-86FB0DCC5C31 changes to CANDIDATE, lastRpcTime:5023, electionTimeout:5023ms
2019-08-21 18:55:27,390 [Thread-3684] INFO  impl.RoleInfo (RoleInfo.java:shutdownFollowerState(121)) - 797b0004-b8c3-49ad-acf1-e2929da993b9: shutdown FollowerState
2019-08-21 18:55:27,390 [Thread-3684] INFO  impl.RaftServerImpl (RaftServerImpl.java:setRole(171)) - 797b0004-b8c3-49ad-acf1-e2929da993b9:group-86FB0DCC5C31 changes role from FOLLOWER to CANDIDATE at term 0 for changeToCandidate
2019-08-21 18:55:27,390 [Thread-3684] INFO  impl.RoleInfo (RoleInfo.java:updateAndGet(143)) - 797b0004-b8c3-49ad-acf1-e2929da993b9: start LeaderElection
2019-08-21 18:55:27,409 [Thread-3685] INFO  impl.FollowerState (FollowerState.java:run(106)) - 70834503-2edc-4245-925f-fcee029f7dec:group-86FB0DCC5C31 changes to CANDIDATE, lastRpcTime:5042, electionTimeout:5042ms
2019-08-21 18:55:27,409 [Thread-3685] INFO  impl.RoleInfo (RoleInfo.java:shutdownFollowerState(121)) - 70834503-2edc-4245-925f-fcee029f7dec: shutdown FollowerState
2019-08-21 18:55:27,409 [Thread-3680] INFO  impl.FollowerState (FollowerState.java:run(106)) - b1bf2634-a55a-4292-98b3-5b3eb35ed415:group-86FB0DCC5C31 changes to CANDIDATE, lastRpcTime:5045, electionTimeout:5045ms
2019-08-21 18:55:27,409 [Thread-3685] INFO  impl.RaftServerImpl (RaftServerImpl.java:setRole(171)) - 70834503-2edc-4245-925f-fcee029f7dec:group-86FB0DCC5C31 changes role from FOLLOWER to CANDIDATE at term 0 for changeToCandidate
2019-08-21 18:55:27,409 [Thread-3680] INFO  impl.RoleInfo (RoleInfo.java:shutdownFollowerState(121)) - b1bf2634-a55a-4292-98b3-5b3eb35ed415: shutdown FollowerState
2019-08-21 18:55:27,410 [Thread-3685] INFO  impl.RoleInfo (RoleInfo.java:updateAndGet(143)) - 70834503-2edc-4245-925f-fcee029f7dec: start LeaderElection
2019-08-21 18:55:27,410 [Thread-3680] INFO  impl.RaftServerImpl (RaftServerImpl.java:setRole(171)) - b1bf2634-a55a-4292-98b3-5b3eb35ed415:group-86FB0DCC5C31 changes role from FOLLOWER to CANDIDATE at term 0 for changeToCandidate
2019-08-21 18:55:27,410 [Thread-3680] INFO  impl.RoleInfo (RoleInfo.java:updateAndGet(143)) - b1bf2634-a55a-4292-98b3-5b3eb35ed415: start LeaderElection
2019-08-21 18:55:27,417 [797b0004-b8c3-49ad-acf1-e2929da993b9:group-86FB0DCC5C31:LeaderElection95] INFO  impl.LeaderElection (LeaderElection.java:askForVotes(181)) - 797b0004-b8c3-49ad-acf1-e2929da993b9:group-86FB0DCC5C31:LeaderElection95: begin an election at term 1 for -1: [70834503-2edc-4245-925f-fcee029f7dec:192.168.36.125:33370, 797b0004-b8c3-49ad-acf1-e2929da993b9:192.168.36.125:33244, b1bf2634-a55a-4292-98b3-5b3eb35ed415:192.168.36.125:42945], old=null
2019-08-21 18:55:27,434 [b1bf2634-a55a-4292-98b3-5b3eb35ed415:group-86FB0DCC5C31:LeaderElection97] INFO  impl.LeaderElection (LeaderElection.java:askForVotes(181)) - b1bf2634-a55a-4292-98b3-5b3eb35ed415:group-86FB0DCC5C31:LeaderElection97: begin an election at term 1 for -1: [70834503-2edc-4245-925f-fcee029f7dec:192.168.36.125:33370, 797b0004-b8c3-49ad-acf1-e2929da993b9:192.168.36.125:33244, b1bf2634-a55a-4292-98b3-5b3eb35ed415:192.168.36.125:42945], old=null
2019-08-21 18:55:27,434 [70834503-2edc-4245-925f-fcee029f7dec:group-86FB0DCC5C31:LeaderElection96] INFO  impl.LeaderElection (LeaderElection.java:askForVotes(181)) - 70834503-2edc-4245-925f-fcee029f7dec:group-86FB0DCC5C31:LeaderElection96: begin an election at term 1 for -1: [70834503-2edc-4245-925f-fcee029f7dec:192.168.36.125:33370, 797b0004-b8c3-49ad-acf1-e2929da993b9:192.168.36.125:33244, b1bf2634-a55a-4292-98b3-5b3eb35ed415:192.168.36.125:42945], old=null
2019-08-21 18:55:27,435 [797b0004-b8c3-49ad-acf1-e2929da993b9:group-86FB0DCC5C31:LeaderElection95] INFO  impl.LeaderElection (LeaderElection.java:logAndReturn(56)) - 797b0004-b8c3-49ad-acf1-e2929da993b9:group-86FB0DCC5C31:LeaderElection95: Election REJECTED; received 2 response(s) [797b0004-b8c3-49ad-acf1-e2929da993b9<-70834503-2edc-4245-925f-fcee029f7dec#0:FAIL-t1, 797b0004-b8c3-49ad-acf1-e2929da993b9<-b1bf2634-a55a-4292-98b3-5b3eb35ed415#0:FAIL-t1] and 0 exception(s); 797b0004-b8c3-49ad-acf1-e2929da993b9:t1, leader=null, voted=797b0004-b8c3-49ad-acf1-e2929da993b9, raftlog=797b0004-b8c3-49ad-acf1-e2929da993b9-SegmentedRaftLog:OPENED:c-1,f-1,i0, conf=-1: [70834503-2edc-4245-925f-fcee029f7dec:192.168.36.125:33370, 797b0004-b8c3-49ad-acf1-e2929da993b9:192.168.36.125:33244, b1bf2634-a55a-4292-98b3-5b3eb35ed415:192.168.36.125:42945], old=null
2019-08-21 18:55:27,435 [797b0004-b8c3-49ad-acf1-e2929da993b9:group-86FB0DCC5C31:LeaderElection95] INFO  impl.RaftServerImpl (RaftServerImpl.java:setRole(171)) - 797b0004-b8c3-49ad-acf1-e2929da993b9:group-86FB0DCC5C31 changes role from CANDIDATE to FOLLOWER at term 1 for DISCOVERED_A_NEW_TERM
2019-08-21 18:55:27,435 [797b0004-b8c3-49ad-acf1-e2929da993b9:group-86FB0DCC5C31:LeaderElection95] INFO  impl.RoleInfo (RoleInfo.java:shutdownLeaderElection(134)) - 797b0004-b8c3-49ad-acf1-e2929da993b9: shutdown LeaderElection
2019-08-21 18:55:27,436 [797b0004-b8c3-49ad-acf1-e2929da993b9:group-86FB0DCC5C31:LeaderElection95] INFO  impl.RoleInfo (RoleInfo.java:updateAndGet(143)) - 797b0004-b8c3-49ad-acf1-e2929da993b9: start FollowerState
2019-08-21 18:55:27,444 [70834503-2edc-4245-925f-fcee029f7dec:group-86FB0DCC5C31:LeaderElection96] INFO  impl.LeaderElection (LeaderElection.java:logAndReturn(56)) - 70834503-2edc-4245-925f-fcee029f7dec:group-86FB0DCC5C31:LeaderElection96: Election REJECTED; received 2 response(s) [70834503-2edc-4245-925f-fcee029f7dec<-797b0004-b8c3-49ad-acf1-e2929da993b9#0:FAIL-t1, 70834503-2edc-4245-925f-fcee029f7dec<-b1bf2634-a55a-4292-98b3-5b3eb35ed415#0:FAIL-t1] and 0 exception(s); 70834503-2edc-4245-925f-fcee029f7dec:t1, leader=null, voted=70834503-2edc-4245-925f-fcee029f7dec, raftlog=70834503-2edc-4245-925f-fcee029f7dec-SegmentedRaftLog:OPENED:c-1,f-1,i0, conf=-1: [70834503-2edc-4245-925f-fcee029f7dec:192.168.36.125:33370, 797b0004-b8c3-49ad-acf1-e2929da993b9:192.168.36.125:33244, b1bf2634-a55a-4292-98b3-5b3eb35ed415:192.168.36.125:42945], old=null
2019-08-21 18:55:27,444 [Thread-3677] INFO  impl.FollowerState (FollowerState.java:run(106)) - 797b0004-b8c3-49ad-acf1-e2929da993b9:group-5E1A85368821 changes to CANDIDATE, lastRpcTime:5152, electionTimeout:5152ms
2019-08-21 18:55:27,444 [b1bf2634-a55a-4292-98b3-5b3eb35ed415:group-86FB0DCC5C31:LeaderElection97] INFO  impl.LeaderElection (LeaderElection.java:logAndReturn(56)) - b1bf2634-a55a-4292-98b3-5b3eb35ed415:group-86FB0DCC5C31:LeaderElection97: Election REJECTED; received 2 response(s) [b1bf2634-a55a-4292-98b3-5b3eb35ed415<-70834503-2edc-4245-925f-fcee029f7dec#0:FAIL-t1, b1bf2634-a55a-4292-98b3-5b3eb35ed415<-797b0004-b8c3-49ad-acf1-e2929da993b9#0:FAIL-t1] and 0 exception(s); b1bf2634-a55a-4292-98b3-5b3eb35ed415:t1, leader=null, voted=b1bf2634-a55a-4292-98b3-5b3eb35ed415, raftlog=b1bf2634-a55a-4292-98b3-5b3eb35ed415-SegmentedRaftLog:OPENED:c-1,f-1,i0, conf=-1: [70834503-2edc-4245-925f-fcee029f7dec:192.168.36.125:33370, 797b0004-b8c3-49ad-acf1-e2929da993b9:192.168.36.125:33244, b1bf2634-a55a-4292-98b3-5b3eb35ed415:192.168.36.125:42945], old=null
2019-08-21 18:55:27,444 [70834503-2edc-4245-925f-fcee029f7dec:group-86FB0DCC5C31:LeaderElection96] INFO  impl.RaftServerImpl (RaftServerImpl.java:setRole(171)) - 70834503-2edc-4245-925f-fcee029f7dec:group-86FB0DCC5C31 changes role from CANDIDATE to FOLLOWER at term 1 for DISCOVERED_A_NEW_TERM
2019-08-21 18:55:27,444 [b1bf2634-a55a-4292-98b3-5b3eb35ed415:group-86FB0DCC5C31:LeaderElection97] INFO  impl.RaftServerImpl (RaftServerImpl.java:setRole(171)) - b1bf2634-a55a-4292-98b3-5b3eb35ed415:group-86FB0DCC5C31 changes role from CANDIDATE to FOLLOWER at term 1 for DISCOVERED_A_NEW_TERM
2019-08-21 18:55:27,444 [Thread-3677] INFO  impl.RoleInfo (RoleInfo.java:shutdownFollowerState(121)) - 797b0004-b8c3-49ad-acf1-e2929da993b9: shutdown FollowerState
2019-08-21 18:55:27,444 [b1bf2634-a55a-4292-98b3-5b3eb35ed415:group-86FB0DCC5C31:LeaderElection97] INFO  impl.RoleInfo (RoleInfo.java:shutdownLeaderElection(134)) - b1bf2634-a55a-4292-98b3-5b3eb35ed415: shutdown LeaderElection
2019-08-21 18:55:27,444 [70834503-2edc-4245-925f-fcee029f7dec:group-86FB0DCC5C31:LeaderElection96] INFO  impl.RoleInfo (RoleInfo.java:shutdownLeaderElection(134)) - 70834503-2edc-4245-925f-fcee029f7dec: shutdown LeaderElection
2019-08-21 18:55:27,445 [b1bf2634-a55a-4292-98b3-5b3eb35ed415:group-86FB0DCC5C31:LeaderElection97] INFO  impl.RoleInfo (RoleInfo.java:updateAndGet(143)) - b1bf2634-a55a-4292-98b3-5b3eb35ed415: start FollowerState
2019-08-21 18:55:27,444 [Thread-3677] INFO  impl.RaftServerImpl (RaftServerImpl.java:setRole(171)) - 797b0004-b8c3-49ad-acf1-e2929da993b9:group-5E1A85368821 changes role from FOLLOWER to CANDIDATE at term 0 for changeToCandidate
2019-08-21 18:55:27,445 [70834503-2edc-4245-925f-fcee029f7dec:group-86FB0DCC5C31:LeaderElection96] INFO  impl.RoleInfo (RoleInfo.java:updateAndGet(143)) - 70834503-2edc-4245-925f-fcee029f7dec: start FollowerState
2019-08-21 18:55:27,445 [Thread-3677] INFO  impl.RoleInfo (RoleInfo.java:updateAndGet(143)) - 797b0004-b8c3-49ad-acf1-e2929da993b9: start LeaderElection
2019-08-21 18:55:27,475 [797b0004-b8c3-49ad-acf1-e2929da993b9:group-5E1A85368821:LeaderElection98] INFO  impl.LeaderElection (LeaderElection.java:askForVotes(181)) - 797b0004-b8c3-49ad-acf1-e2929da993b9:group-5E1A85368821:LeaderElection98: begin an election at term 1 for -1: [797b0004-b8c3-49ad-acf1-e2929da993b9:192.168.36.125:33244], old=null
2019-08-21 18:55:27,476 [797b0004-b8c3-49ad-acf1-e2929da993b9:group-5E1A85368821:LeaderElection98] INFO  impl.RoleInfo (RoleInfo.java:shutdownLeaderElection(134)) - 797b0004-b8c3-49ad-acf1-e2929da993b9: shutdown LeaderElection
2019-08-21 18:55:27,476 [797b0004-b8c3-49ad-acf1-e2929da993b9:group-5E1A85368821:LeaderElection98] INFO  impl.RaftServerImpl (RaftServerImpl.java:setRole(171)) - 797b0004-b8c3-49ad-acf1-e2929da993b9:group-5E1A85368821 changes role from CANDIDATE to LEADER at term 1 for changeToLeader
2019-08-21 18:55:27,476 [797b0004-b8c3-49ad-acf1-e2929da993b9:group-5E1A85368821:LeaderElection98] INFO  impl.RaftServerImpl (ServerState.java:setLeader(263)) - 797b0004-b8c3-49ad-acf1-e2929da993b9:group-5E1A85368821 change Leader from null to 797b0004-b8c3-49ad-acf1-e2929da993b9 at term 1 for becomeLeader, leader elected after 5187ms
2019-08-21 18:55:27,476 [797b0004-b8c3-49ad-acf1-e2929da993b9:group-5E1A85368821:LeaderElection98] INFO  server.RaftServerConfigKeys (ConfUtils.java:logGet(43)) - raft.server.staging.catchup.gap = 1000 (default)
2019-08-21 18:55:27,476 [797b0004-b8c3-49ad-acf1-e2929da993b9:group-5E1A85368821:LeaderElection98] INFO  server.RaftServerConfigKeys (ConfUtils.java:logGet(43)) - raft.server.rpc.sleep.time = 25ms (default)
2019-08-21 18:55:27,476 [797b0004-b8c3-49ad-acf1-e2929da993b9:group-5E1A85368821:LeaderElection98] INFO  server.RaftServerConfigKeys (ConfUtils.java:logGet(43)) - raft.server.write.element-limit = 4096 (default)
2019-08-21 18:55:27,476 [797b0004-b8c3-49ad-acf1-e2929da993b9:group-5E1A85368821:LeaderElection98] INFO  server.RaftServerConfigKeys (ConfUtils.java:logGet(43)) - raft.server.watch.timeout = 10s (default)
2019-08-21 18:55:27,476 [797b0004-b8c3-49ad-acf1-e2929da993b9:group-5E1A85368821:LeaderElection98] INFO  server.RaftServerConfigKeys (ConfUtils.java:logGet(43)) - raft.server.watch.timeout.denomination = 1s (default)
2019-08-21 18:55:27,476 [797b0004-b8c3-49ad-acf1-e2929da993b9:group-5E1A85368821:LeaderElection98] INFO  server.RaftServerConfigKeys (ConfUtils.java:logGet(43)) - raft.server.watch.element-limit = 65536 (default)
2019-08-21 18:55:27,477 [797b0004-b8c3-49ad-acf1-e2929da993b9:group-5E1A85368821:LeaderElection98] INFO  impl.RoleInfo (RoleInfo.java:updateAndGet(143)) - 797b0004-b8c3-49ad-acf1-e2929da993b9: start LeaderState
2019-08-21 18:55:27,477 [797b0004-b8c3-49ad-acf1-e2929da993b9:group-5E1A85368821:LeaderElection98] INFO  segmented.SegmentedRaftLogWorker (SegmentedRaftLogWorker.java:startLogSegment(380)) - 797b0004-b8c3-49ad-acf1-e2929da993b9-SegmentedRaftLogWorker:Storage Directory /workdir/hadoop-ozone/integration-test/target/test-dir/MiniOzoneClusterImpl-41c02fe8-38d4-41ce-91e4-307d8e6896e2/datanode-2/data/ratis/910fb9f8-61cd-444f-864f-5e1a85368821: Starting segment from index:0
2019-08-21 18:55:27,477 [797b0004-b8c3-49ad-acf1-e2929da993b9:group-5E1A85368821:LeaderElection98] INFO  impl.RaftServerImpl (ServerState.java:setRaftConf(361)) - 797b0004-b8c3-49ad-acf1-e2929da993b9:group-5E1A85368821 set configuration 0: [797b0004-b8c3-49ad-acf1-e2929da993b9:192.168.36.125:33244], old=null at 0
2019-08-21 18:55:27,512 | INFO  | SCMAudit | user=jenkins1000 | ip=192.168.36.125 | op=SEND_HEARTBEAT {datanodeUUID=552776ad-4e33-4e75-810b-5f57bcc17043, command=[]} | ret=SUCCESS |  
2019-08-21 18:55:27,519 [797b0004-b8c3-49ad-acf1-e2929da993b9-SegmentedRaftLogWorker:Storage Directory /workdir/hadoop-ozone/integration-test/target/test-dir/MiniOzoneClusterImpl-41c02fe8-38d4-41ce-91e4-307d8e6896e2/datanode-2/data/ratis/910fb9f8-61cd-444f-864f-5e1a85368821] INFO  segmented.SegmentedRaftLogWorker (SegmentedRaftLogWorker.java:execute(569)) - 797b0004-b8c3-49ad-acf1-e2929da993b9-SegmentedRaftLogWorker:Storage Directory /workdir/hadoop-ozone/integration-test/target/test-dir/MiniOzoneClusterImpl-41c02fe8-38d4-41ce-91e4-307d8e6896e2/datanode-2/data/ratis/910fb9f8-61cd-444f-864f-5e1a85368821: created new log segment /workdir/hadoop-ozone/integration-test/target/test-dir/MiniOzoneClusterImpl-41c02fe8-38d4-41ce-91e4-307d8e6896e2/datanode-2/data/ratis/910fb9f8-61cd-444f-864f-5e1a85368821/current/log_inprogress_0
2019-08-21 18:55:27,525 | INFO  | SCMAudit | user=jenkins1000 | ip=192.168.36.125 | op=SEND_HEARTBEAT {datanodeUUID=70834503-2edc-4245-925f-fcee029f7dec, command=[]} | ret=SUCCESS |  
2019-08-21 18:55:27,702 [Thread-3689] INFO  impl.FollowerState (FollowerState.java:run(106)) - 552776ad-4e33-4e75-810b-5f57bcc17043:group-70660B6D68D1 changes to CANDIDATE, lastRpcTime:5118, electionTimeout:5118ms
2019-08-21 18:55:27,702 [Thread-3689] INFO  impl.RoleInfo (RoleInfo.java:shutdownFollowerState(121)) - 552776ad-4e33-4e75-810b-5f57bcc17043: shutdown FollowerState
2019-08-21 18:55:27,702 [Thread-3689] INFO  impl.RaftServerImpl (RaftServerImpl.java:setRole(171)) - 552776ad-4e33-4e75-810b-5f57bcc17043:group-70660B6D68D1 changes role from FOLLOWER to CANDIDATE at term 0 for changeToCandidate
2019-08-21 18:55:27,702 [Thread-3689] INFO  impl.RoleInfo (RoleInfo.java:updateAndGet(143)) - 552776ad-4e33-4e75-810b-5f57bcc17043: start LeaderElection
2019-08-21 18:55:27,717 | INFO  | SCMAudit | user=jenkins1000 | ip=192.168.36.125 | op=SEND_HEARTBEAT {datanodeUUID=a0967e03-aad6-49e6-846b-c8134af623ea, command=[]} | ret=SUCCESS |  
2019-08-21 18:55:27,728 [552776ad-4e33-4e75-810b-5f57bcc17043:group-70660B6D68D1:LeaderElection99] INFO  impl.LeaderElection (LeaderElection.java:askForVotes(181)) - 552776ad-4e33-4e75-810b-5f57bcc17043:group-70660B6D68D1:LeaderElection99: begin an election at term 1 for -1: [552776ad-4e33-4e75-810b-5f57bcc17043:192.168.36.125:41659], old=null
2019-08-21 18:55:27,728 [552776ad-4e33-4e75-810b-5f57bcc17043:group-70660B6D68D1:LeaderElection99] INFO  impl.RoleInfo (RoleInfo.java:shutdownLeaderElection(134)) - 552776ad-4e33-4e75-810b-5f57bcc17043: shutdown LeaderElection
2019-08-21 18:55:27,728 [552776ad-4e33-4e75-810b-5f57bcc17043:group-70660B6D68D1:LeaderElection99] INFO  impl.RaftServerImpl (RaftServerImpl.java:setRole(171)) - 552776ad-4e33-4e75-810b-5f57bcc17043:group-70660B6D68D1 changes role from CANDIDATE to LEADER at term 1 for changeToLeader
2019-08-21 18:55:27,728 [552776ad-4e33-4e75-810b-5f57bcc17043:group-70660B6D68D1:LeaderElection99] INFO  impl.RaftServerImpl (ServerState.java:setLeader(263)) - 552776ad-4e33-4e75-810b-5f57bcc17043:group-70660B6D68D1 change Leader from null to 552776ad-4e33-4e75-810b-5f57bcc17043 at term 1 for becomeLeader, leader elected after 5147ms
2019-08-21 18:55:27,728 [552776ad-4e33-4e75-810b-5f57bcc17043:group-70660B6D68D1:LeaderElection99] INFO  server.RaftServerConfigKeys (ConfUtils.java:logGet(43)) - raft.server.staging.catchup.gap = 1000 (default)
2019-08-21 18:55:27,728 [552776ad-4e33-4e75-810b-5f57bcc17043:group-70660B6D68D1:LeaderElection99] INFO  server.RaftServerConfigKeys (ConfUtils.java:logGet(43)) - raft.server.rpc.sleep.time = 25ms (default)
2019-08-21 18:55:27,728 [552776ad-4e33-4e75-810b-5f57bcc17043:group-70660B6D68D1:LeaderElection99] INFO  server.RaftServerConfigKeys (ConfUtils.java:logGet(43)) - raft.server.write.element-limit = 4096 (default)
2019-08-21 18:55:27,728 [552776ad-4e33-4e75-810b-5f57bcc17043:group-70660B6D68D1:LeaderElection99] INFO  server.RaftServerConfigKeys (ConfUtils.java:logGet(43)) - raft.server.watch.timeout = 10s (default)
2019-08-21 18:55:27,728 [552776ad-4e33-4e75-810b-5f57bcc17043:group-70660B6D68D1:LeaderElection99] INFO  server.RaftServerConfigKeys (ConfUtils.java:logGet(43)) - raft.server.watch.timeout.denomination = 1s (default)
2019-08-21 18:55:27,728 [552776ad-4e33-4e75-810b-5f57bcc17043:group-70660B6D68D1:LeaderElection99] INFO  server.RaftServerConfigKeys (ConfUtils.java:logGet(43)) - raft.server.watch.element-limit = 65536 (default)
2019-08-21 18:55:27,729 [552776ad-4e33-4e75-810b-5f57bcc17043:group-70660B6D68D1:LeaderElection99] INFO  impl.RoleInfo (RoleInfo.java:updateAndGet(143)) - 552776ad-4e33-4e75-810b-5f57bcc17043: start LeaderState
2019-08-21 18:55:27,729 [552776ad-4e33-4e75-810b-5f57bcc17043:group-70660B6D68D1:LeaderElection99] INFO  segmented.SegmentedRaftLogWorker (SegmentedRaftLogWorker.java:startLogSegment(380)) - 552776ad-4e33-4e75-810b-5f57bcc17043-SegmentedRaftLogWorker:Storage Directory /workdir/hadoop-ozone/integration-test/target/test-dir/MiniOzoneClusterImpl-41c02fe8-38d4-41ce-91e4-307d8e6896e2/datanode-3/data/ratis/c436fa33-4af9-443f-af6a-70660b6d68d1: Starting segment from index:0
2019-08-21 18:55:27,729 [552776ad-4e33-4e75-810b-5f57bcc17043:group-70660B6D68D1:LeaderElection99] INFO  impl.RaftServerImpl (ServerState.java:setRaftConf(361)) - 552776ad-4e33-4e75-810b-5f57bcc17043:group-70660B6D68D1 set configuration 0: [552776ad-4e33-4e75-810b-5f57bcc17043:192.168.36.125:41659], old=null at 0
2019-08-21 18:55:27,779 [552776ad-4e33-4e75-810b-5f57bcc17043-SegmentedRaftLogWorker:Storage Directory /workdir/hadoop-ozone/integration-test/target/test-dir/MiniOzoneClusterImpl-41c02fe8-38d4-41ce-91e4-307d8e6896e2/datanode-3/data/ratis/c436fa33-4af9-443f-af6a-70660b6d68d1] INFO  segmented.SegmentedRaftLogWorker (SegmentedRaftLogWorker.java:execute(569)) - 552776ad-4e33-4e75-810b-5f57bcc17043-SegmentedRaftLogWorker:Storage Directory /workdir/hadoop-ozone/integration-test/target/test-dir/MiniOzoneClusterImpl-41c02fe8-38d4-41ce-91e4-307d8e6896e2/datanode-3/data/ratis/c436fa33-4af9-443f-af6a-70660b6d68d1: created new log segment /workdir/hadoop-ozone/integration-test/target/test-dir/MiniOzoneClusterImpl-41c02fe8-38d4-41ce-91e4-307d8e6896e2/datanode-3/data/ratis/c436fa33-4af9-443f-af6a-70660b6d68d1/current/log_inprogress_0
2019-08-21 18:55:27,879 [Thread-3692] INFO  impl.FollowerState (FollowerState.java:run(106)) - a0967e03-aad6-49e6-846b-c8134af623ea:group-D93BC0FE02AF changes to CANDIDATE, lastRpcTime:5109, electionTimeout:5109ms
2019-08-21 18:55:27,879 [Thread-3692] INFO  impl.RoleInfo (RoleInfo.java:shutdownFollowerState(121)) - a0967e03-aad6-49e6-846b-c8134af623ea: shutdown FollowerState
2019-08-21 18:55:27,879 [Thread-3692] INFO  impl.RaftServerImpl (RaftServerImpl.java:setRole(171)) - a0967e03-aad6-49e6-846b-c8134af623ea:group-D93BC0FE02AF changes role from FOLLOWER to CANDIDATE at term 0 for changeToCandidate
2019-08-21 18:55:27,879 [Thread-3692] INFO  impl.RoleInfo (RoleInfo.java:updateAndGet(143)) - a0967e03-aad6-49e6-846b-c8134af623ea: start LeaderElection
2019-08-21 18:55:27,905 [a0967e03-aad6-49e6-846b-c8134af623ea:group-D93BC0FE02AF:LeaderElection100] INFO  impl.LeaderElection (LeaderElection.java:askForVotes(181)) - a0967e03-aad6-49e6-846b-c8134af623ea:group-D93BC0FE02AF:LeaderElection100: begin an election at term 1 for -1: [a0967e03-aad6-49e6-846b-c8134af623ea:192.168.36.125:33239], old=null
2019-08-21 18:55:27,905 [a0967e03-aad6-49e6-846b-c8134af623ea:group-D93BC0FE02AF:LeaderElection100] INFO  impl.RoleInfo (RoleInfo.java:shutdownLeaderElection(134)) - a0967e03-aad6-49e6-846b-c8134af623ea: shutdown LeaderElection
2019-08-21 18:55:27,905 [a0967e03-aad6-49e6-846b-c8134af623ea:group-D93BC0FE02AF:LeaderElection100] INFO  impl.RaftServerImpl (RaftServerImpl.java:setRole(171)) - a0967e03-aad6-49e6-846b-c8134af623ea:group-D93BC0FE02AF changes role from CANDIDATE to LEADER at term 1 for changeToLeader
2019-08-21 18:55:27,905 [a0967e03-aad6-49e6-846b-c8134af623ea:group-D93BC0FE02AF:LeaderElection100] INFO  impl.RaftServerImpl (ServerState.java:setLeader(263)) - a0967e03-aad6-49e6-846b-c8134af623ea:group-D93BC0FE02AF change Leader from null to a0967e03-aad6-49e6-846b-c8134af623ea at term 1 for becomeLeader, leader elected after 5140ms
2019-08-21 18:55:27,905 [a0967e03-aad6-49e6-846b-c8134af623ea:group-D93BC0FE02AF:LeaderElection100] INFO  server.RaftServerConfigKeys (ConfUtils.java:logGet(43)) - raft.server.staging.catchup.gap = 1000 (default)
2019-08-21 18:55:27,905 [a0967e03-aad6-49e6-846b-c8134af623ea:group-D93BC0FE02AF:LeaderElection100] INFO  server.RaftServerConfigKeys (ConfUtils.java:logGet(43)) - raft.server.rpc.sleep.time = 25ms (default)
2019-08-21 18:55:27,906 [a0967e03-aad6-49e6-846b-c8134af623ea:group-D93BC0FE02AF:LeaderElection100] INFO  server.RaftServerConfigKeys (ConfUtils.java:logGet(43)) - raft.server.write.element-limit = 4096 (default)
2019-08-21 18:55:27,906 [a0967e03-aad6-49e6-846b-c8134af623ea:group-D93BC0FE02AF:LeaderElection100] INFO  server.RaftServerConfigKeys (ConfUtils.java:logGet(43)) - raft.server.watch.timeout = 10s (default)
2019-08-21 18:55:27,906 [a0967e03-aad6-49e6-846b-c8134af623ea:group-D93BC0FE02AF:LeaderElection100] INFO  server.RaftServerConfigKeys (ConfUtils.java:logGet(43)) - raft.server.watch.timeout.denomination = 1s (default)
2019-08-21 18:55:27,906 [a0967e03-aad6-49e6-846b-c8134af623ea:group-D93BC0FE02AF:LeaderElection100] INFO  server.RaftServerConfigKeys (ConfUtils.java:logGet(43)) - raft.server.watch.element-limit = 65536 (default)
2019-08-21 18:55:27,906 [a0967e03-aad6-49e6-846b-c8134af623ea:group-D93BC0FE02AF:LeaderElection100] INFO  impl.RoleInfo (RoleInfo.java:updateAndGet(143)) - a0967e03-aad6-49e6-846b-c8134af623ea: start LeaderState
2019-08-21 18:55:27,906 [a0967e03-aad6-49e6-846b-c8134af623ea:group-D93BC0FE02AF:LeaderElection100] INFO  segmented.SegmentedRaftLogWorker (SegmentedRaftLogWorker.java:startLogSegment(380)) - a0967e03-aad6-49e6-846b-c8134af623ea-SegmentedRaftLogWorker:Storage Directory /workdir/hadoop-ozone/integration-test/target/test-dir/MiniOzoneClusterImpl-41c02fe8-38d4-41ce-91e4-307d8e6896e2/datanode-4/data/ratis/9467bf00-45a7-4e7f-bdcc-d93bc0fe02af: Starting segment from index:0
2019-08-21 18:55:27,907 [a0967e03-aad6-49e6-846b-c8134af623ea:group-D93BC0FE02AF:LeaderElection100] INFO  impl.RaftServerImpl (ServerState.java:setRaftConf(361)) - a0967e03-aad6-49e6-846b-c8134af623ea:group-D93BC0FE02AF set configuration 0: [a0967e03-aad6-49e6-846b-c8134af623ea:192.168.36.125:33239], old=null at 0
2019-08-21 18:55:27,921 | INFO  | SCMAudit | user=jenkins1000 | ip=192.168.36.125 | op=SEND_HEARTBEAT {datanodeUUID=c2260f53-4216-4674-950d-92091259ffb1, command=[]} | ret=SUCCESS |  
2019-08-21 18:55:27,947 [a0967e03-aad6-49e6-846b-c8134af623ea-SegmentedRaftLogWorker:Storage Directory /workdir/hadoop-ozone/integration-test/target/test-dir/MiniOzoneClusterImpl-41c02fe8-38d4-41ce-91e4-307d8e6896e2/datanode-4/data/ratis/9467bf00-45a7-4e7f-bdcc-d93bc0fe02af] INFO  segmented.SegmentedRaftLogWorker (SegmentedRaftLogWorker.java:execute(569)) - a0967e03-aad6-49e6-846b-c8134af623ea-SegmentedRaftLogWorker:Storage Directory /workdir/hadoop-ozone/integration-test/target/test-dir/MiniOzoneClusterImpl-41c02fe8-38d4-41ce-91e4-307d8e6896e2/datanode-4/data/ratis/9467bf00-45a7-4e7f-bdcc-d93bc0fe02af: created new log segment /workdir/hadoop-ozone/integration-test/target/test-dir/MiniOzoneClusterImpl-41c02fe8-38d4-41ce-91e4-307d8e6896e2/datanode-4/data/ratis/9467bf00-45a7-4e7f-bdcc-d93bc0fe02af/current/log_inprogress_0
2019-08-21 18:55:28,006 [Thread-3695] INFO  impl.FollowerState (FollowerState.java:run(106)) - c2260f53-4216-4674-950d-92091259ffb1:group-F8F827038F8D changes to CANDIDATE, lastRpcTime:5011, electionTimeout:5011ms
2019-08-21 18:55:28,007 [Thread-3695] INFO  impl.RoleInfo (RoleInfo.java:shutdownFollowerState(121)) - c2260f53-4216-4674-950d-92091259ffb1: shutdown FollowerState
2019-08-21 18:55:28,007 [Thread-3695] INFO  impl.RaftServerImpl (RaftServerImpl.java:setRole(171)) - c2260f53-4216-4674-950d-92091259ffb1:group-F8F827038F8D changes role from FOLLOWER to CANDIDATE at term 0 for changeToCandidate
2019-08-21 18:55:28,007 [Thread-3695] INFO  impl.RoleInfo (RoleInfo.java:updateAndGet(143)) - c2260f53-4216-4674-950d-92091259ffb1: start LeaderElection
2019-08-21 18:55:28,055 [c2260f53-4216-4674-950d-92091259ffb1:group-F8F827038F8D:LeaderElection101] INFO  impl.LeaderElection (LeaderElection.java:askForVotes(181)) - c2260f53-4216-4674-950d-92091259ffb1:group-F8F827038F8D:LeaderElection101: begin an election at term 1 for -1: [c2260f53-4216-4674-950d-92091259ffb1:192.168.36.125:41625], old=null
2019-08-21 18:55:28,056 [c2260f53-4216-4674-950d-92091259ffb1:group-F8F827038F8D:LeaderElection101] INFO  impl.RoleInfo (RoleInfo.java:shutdownLeaderElection(134)) - c2260f53-4216-4674-950d-92091259ffb1: shutdown LeaderElection
2019-08-21 18:55:28,056 [c2260f53-4216-4674-950d-92091259ffb1:group-F8F827038F8D:LeaderElection101] INFO  impl.RaftServerImpl (RaftServerImpl.java:setRole(171)) - c2260f53-4216-4674-950d-92091259ffb1:group-F8F827038F8D changes role from CANDIDATE to LEADER at term 1 for changeToLeader
2019-08-21 18:55:28,056 [c2260f53-4216-4674-950d-92091259ffb1:group-F8F827038F8D:LeaderElection101] INFO  impl.RaftServerImpl (ServerState.java:setLeader(263)) - c2260f53-4216-4674-950d-92091259ffb1:group-F8F827038F8D change Leader from null to c2260f53-4216-4674-950d-92091259ffb1 at term 1 for becomeLeader, leader elected after 5065ms
2019-08-21 18:55:28,056 [c2260f53-4216-4674-950d-92091259ffb1:group-F8F827038F8D:LeaderElection101] INFO  server.RaftServerConfigKeys (ConfUtils.java:logGet(43)) - raft.server.staging.catchup.gap = 1000 (default)
2019-08-21 18:55:28,056 [c2260f53-4216-4674-950d-92091259ffb1:group-F8F827038F8D:LeaderElection101] INFO  server.RaftServerConfigKeys (ConfUtils.java:logGet(43)) - raft.server.rpc.sleep.time = 25ms (default)
2019-08-21 18:55:28,057 [c2260f53-4216-4674-950d-92091259ffb1:group-F8F827038F8D:LeaderElection101] INFO  server.RaftServerConfigKeys (ConfUtils.java:logGet(43)) - raft.server.write.element-limit = 4096 (default)
2019-08-21 18:55:28,057 [c2260f53-4216-4674-950d-92091259ffb1:group-F8F827038F8D:LeaderElection101] INFO  server.RaftServerConfigKeys (ConfUtils.java:logGet(43)) - raft.server.watch.timeout = 10s (default)
2019-08-21 18:55:28,057 [c2260f53-4216-4674-950d-92091259ffb1:group-F8F827038F8D:LeaderElection101] INFO  server.RaftServerConfigKeys (ConfUtils.java:logGet(43)) - raft.server.watch.timeout.denomination = 1s (default)
2019-08-21 18:55:28,057 [c2260f53-4216-4674-950d-92091259ffb1:group-F8F827038F8D:LeaderElection101] INFO  server.RaftServerConfigKeys (ConfUtils.java:logGet(43)) - raft.server.watch.element-limit = 65536 (default)
2019-08-21 18:55:28,058 [c2260f53-4216-4674-950d-92091259ffb1:group-F8F827038F8D:LeaderElection101] INFO  impl.RoleInfo (RoleInfo.java:updateAndGet(143)) - c2260f53-4216-4674-950d-92091259ffb1: start LeaderState
2019-08-21 18:55:28,058 | INFO  | SCMAudit | user=jenkins1000 | ip=192.168.36.125 | op=SEND_HEARTBEAT {datanodeUUID=b1bf2634-a55a-4292-98b3-5b3eb35ed415, command=[]} | ret=SUCCESS |  
2019-08-21 18:55:28,058 [c2260f53-4216-4674-950d-92091259ffb1:group-F8F827038F8D:LeaderElection101] INFO  segmented.SegmentedRaftLogWorker (SegmentedRaftLogWorker.java:startLogSegment(380)) - c2260f53-4216-4674-950d-92091259ffb1-SegmentedRaftLogWorker:Storage Directory /workdir/hadoop-ozone/integration-test/target/test-dir/MiniOzoneClusterImpl-41c02fe8-38d4-41ce-91e4-307d8e6896e2/datanode-5/data/ratis/6b27f763-637a-4747-be2a-f8f827038f8d: Starting segment from index:0
2019-08-21 18:55:28,061 [c2260f53-4216-4674-950d-92091259ffb1:group-F8F827038F8D:LeaderElection101] INFO  impl.RaftServerImpl (ServerState.java:setRaftConf(361)) - c2260f53-4216-4674-950d-92091259ffb1:group-F8F827038F8D set configuration 0: [c2260f53-4216-4674-950d-92091259ffb1:192.168.36.125:41625], old=null at 0
2019-08-21 18:55:28,123 [c2260f53-4216-4674-950d-92091259ffb1-SegmentedRaftLogWorker:Storage Directory /workdir/hadoop-ozone/integration-test/target/test-dir/MiniOzoneClusterImpl-41c02fe8-38d4-41ce-91e4-307d8e6896e2/datanode-5/data/ratis/6b27f763-637a-4747-be2a-f8f827038f8d] INFO  segmented.SegmentedRaftLogWorker (SegmentedRaftLogWorker.java:execute(569)) - c2260f53-4216-4674-950d-92091259ffb1-SegmentedRaftLogWorker:Storage Directory /workdir/hadoop-ozone/integration-test/target/test-dir/MiniOzoneClusterImpl-41c02fe8-38d4-41ce-91e4-307d8e6896e2/datanode-5/data/ratis/6b27f763-637a-4747-be2a-f8f827038f8d: created new log segment /workdir/hadoop-ozone/integration-test/target/test-dir/MiniOzoneClusterImpl-41c02fe8-38d4-41ce-91e4-307d8e6896e2/datanode-5/data/ratis/6b27f763-637a-4747-be2a-f8f827038f8d/current/log_inprogress_0
2019-08-21 18:55:28,144 | INFO  | SCMAudit | user=jenkins1000 | ip=192.168.36.125 | op=SEND_HEARTBEAT {datanodeUUID=1ffe30da-7604-461d-ace9-714b6d5524df, command=[]} | ret=SUCCESS |  
2019-08-21 18:55:28,179 [Thread-3700] INFO  impl.FollowerState (FollowerState.java:run(106)) - 552776ad-4e33-4e75-810b-5f57bcc17043:group-4BC18962474C changes to CANDIDATE, lastRpcTime:5102, electionTimeout:5102ms
2019-08-21 18:55:28,179 [Thread-3700] INFO  impl.RoleInfo (RoleInfo.java:shutdownFollowerState(121)) - 552776ad-4e33-4e75-810b-5f57bcc17043: shutdown FollowerState
2019-08-21 18:55:28,179 [Thread-3700] INFO  impl.RaftServerImpl (RaftServerImpl.java:setRole(171)) - 552776ad-4e33-4e75-810b-5f57bcc17043:group-4BC18962474C changes role from FOLLOWER to CANDIDATE at term 0 for changeToCandidate
2019-08-21 18:55:28,180 [Thread-3700] INFO  impl.RoleInfo (RoleInfo.java:updateAndGet(143)) - 552776ad-4e33-4e75-810b-5f57bcc17043: start LeaderElection
2019-08-21 18:55:28,185 [Thread-3699] INFO  impl.FollowerState (FollowerState.java:run(106)) - c2260f53-4216-4674-950d-92091259ffb1:group-4BC18962474C changes to CANDIDATE, lastRpcTime:5108, electionTimeout:5108ms
2019-08-21 18:55:28,185 [Thread-3699] INFO  impl.RoleInfo (RoleInfo.java:shutdownFollowerState(121)) - c2260f53-4216-4674-950d-92091259ffb1: shutdown FollowerState
2019-08-21 18:55:28,185 [Thread-3699] INFO  impl.RaftServerImpl (RaftServerImpl.java:setRole(171)) - c2260f53-4216-4674-950d-92091259ffb1:group-4BC18962474C changes role from FOLLOWER to CANDIDATE at term 0 for changeToCandidate
2019-08-21 18:55:28,185 [Thread-3699] INFO  impl.RoleInfo (RoleInfo.java:updateAndGet(143)) - c2260f53-4216-4674-950d-92091259ffb1: start LeaderElection
2019-08-21 18:55:28,199 [552776ad-4e33-4e75-810b-5f57bcc17043:group-4BC18962474C:LeaderElection102] INFO  impl.LeaderElection (LeaderElection.java:askForVotes(181)) - 552776ad-4e33-4e75-810b-5f57bcc17043:group-4BC18962474C:LeaderElection102: begin an election at term 1 for -1: [c2260f53-4216-4674-950d-92091259ffb1:192.168.36.125:41625, a0967e03-aad6-49e6-846b-c8134af623ea:192.168.36.125:33239, 552776ad-4e33-4e75-810b-5f57bcc17043:192.168.36.125:41659], old=null
2019-08-21 18:55:28,206 [grpc-default-executor-11] INFO  impl.RaftServerImpl (RaftServerImpl.java:setRole(171)) - a0967e03-aad6-49e6-846b-c8134af623ea:group-4BC18962474C changes role from FOLLOWER to FOLLOWER at term 1 for recognizeCandidate:552776ad-4e33-4e75-810b-5f57bcc17043
2019-08-21 18:55:28,206 [grpc-default-executor-11] INFO  impl.RoleInfo (RoleInfo.java:shutdownFollowerState(121)) - a0967e03-aad6-49e6-846b-c8134af623ea: shutdown FollowerState
2019-08-21 18:55:28,206 [grpc-default-executor-11] INFO  impl.RoleInfo (RoleInfo.java:updateAndGet(143)) - a0967e03-aad6-49e6-846b-c8134af623ea: start FollowerState
2019-08-21 18:55:28,216 [c2260f53-4216-4674-950d-92091259ffb1:group-4BC18962474C:LeaderElection103] INFO  impl.LeaderElection (LeaderElection.java:askForVotes(181)) - c2260f53-4216-4674-950d-92091259ffb1:group-4BC18962474C:LeaderElection103: begin an election at term 1 for -1: [c2260f53-4216-4674-950d-92091259ffb1:192.168.36.125:41625, a0967e03-aad6-49e6-846b-c8134af623ea:192.168.36.125:33239, 552776ad-4e33-4e75-810b-5f57bcc17043:192.168.36.125:41659], old=null
2019-08-21 18:55:28,236 [552776ad-4e33-4e75-810b-5f57bcc17043:group-4BC18962474C:LeaderElection102] INFO  impl.LeaderElection (LeaderElection.java:logAndReturn(56)) - 552776ad-4e33-4e75-810b-5f57bcc17043:group-4BC18962474C:LeaderElection102: Election PASSED; received 2 response(s) [552776ad-4e33-4e75-810b-5f57bcc17043<-c2260f53-4216-4674-950d-92091259ffb1#0:FAIL-t1, 552776ad-4e33-4e75-810b-5f57bcc17043<-a0967e03-aad6-49e6-846b-c8134af623ea#0:OK-t1] and 0 exception(s); 552776ad-4e33-4e75-810b-5f57bcc17043:t1, leader=null, voted=552776ad-4e33-4e75-810b-5f57bcc17043, raftlog=552776ad-4e33-4e75-810b-5f57bcc17043-SegmentedRaftLog:OPENED:c-1,f-1,i0, conf=-1: [c2260f53-4216-4674-950d-92091259ffb1:192.168.36.125:41625, a0967e03-aad6-49e6-846b-c8134af623ea:192.168.36.125:33239, 552776ad-4e33-4e75-810b-5f57bcc17043:192.168.36.125:41659], old=null
2019-08-21 18:55:28,236 [c2260f53-4216-4674-950d-92091259ffb1:group-4BC18962474C:LeaderElection103] INFO  impl.LeaderElection (LeaderElection.java:logAndReturn(56)) - c2260f53-4216-4674-950d-92091259ffb1:group-4BC18962474C:LeaderElection103: Election REJECTED; received 2 response(s) [c2260f53-4216-4674-950d-92091259ffb1<-a0967e03-aad6-49e6-846b-c8134af623ea#0:FAIL-t1, c2260f53-4216-4674-950d-92091259ffb1<-552776ad-4e33-4e75-810b-5f57bcc17043#0:FAIL-t1] and 0 exception(s); c2260f53-4216-4674-950d-92091259ffb1:t1, leader=null, voted=c2260f53-4216-4674-950d-92091259ffb1, raftlog=c2260f53-4216-4674-950d-92091259ffb1-SegmentedRaftLog:OPENED:c-1,f-1,i0, conf=-1: [c2260f53-4216-4674-950d-92091259ffb1:192.168.36.125:41625, a0967e03-aad6-49e6-846b-c8134af623ea:192.168.36.125:33239, 552776ad-4e33-4e75-810b-5f57bcc17043:192.168.36.125:41659], old=null
2019-08-21 18:55:28,236 [552776ad-4e33-4e75-810b-5f57bcc17043:group-4BC18962474C:LeaderElection102] INFO  impl.RoleInfo (RoleInfo.java:shutdownLeaderElection(134)) - 552776ad-4e33-4e75-810b-5f57bcc17043: shutdown LeaderElection
2019-08-21 18:55:28,236 [c2260f53-4216-4674-950d-92091259ffb1:group-4BC18962474C:LeaderElection103] INFO  impl.RaftServerImpl (RaftServerImpl.java:setRole(171)) - c2260f53-4216-4674-950d-92091259ffb1:group-4BC18962474C changes role from CANDIDATE to FOLLOWER at term 1 for DISCOVERED_A_NEW_TERM
2019-08-21 18:55:28,236 [552776ad-4e33-4e75-810b-5f57bcc17043:group-4BC18962474C:LeaderElection102] INFO  impl.RaftServerImpl (RaftServerImpl.java:setRole(171)) - 552776ad-4e33-4e75-810b-5f57bcc17043:group-4BC18962474C changes role from CANDIDATE to LEADER at term 1 for changeToLeader
2019-08-21 18:55:28,236 [c2260f53-4216-4674-950d-92091259ffb1:group-4BC18962474C:LeaderElection103] INFO  impl.RoleInfo (RoleInfo.java:shutdownLeaderElection(134)) - c2260f53-4216-4674-950d-92091259ffb1: shutdown LeaderElection
2019-08-21 18:55:28,237 [552776ad-4e33-4e75-810b-5f57bcc17043:group-4BC18962474C:LeaderElection102] INFO  impl.RaftServerImpl (ServerState.java:setLeader(263)) - 552776ad-4e33-4e75-810b-5f57bcc17043:group-4BC18962474C change Leader from null to 552776ad-4e33-4e75-810b-5f57bcc17043 at term 1 for becomeLeader, leader elected after 5169ms
2019-08-21 18:55:28,237 [c2260f53-4216-4674-950d-92091259ffb1:group-4BC18962474C:LeaderElection103] INFO  impl.RoleInfo (RoleInfo.java:updateAndGet(143)) - c2260f53-4216-4674-950d-92091259ffb1: start FollowerState
2019-08-21 18:55:28,237 [552776ad-4e33-4e75-810b-5f57bcc17043:group-4BC18962474C:LeaderElection102] INFO  server.RaftServerConfigKeys (ConfUtils.java:logGet(43)) - raft.server.staging.catchup.gap = 1000 (default)
2019-08-21 18:55:28,237 [552776ad-4e33-4e75-810b-5f57bcc17043:group-4BC18962474C:LeaderElection102] INFO  server.RaftServerConfigKeys (ConfUtils.java:logGet(43)) - raft.server.rpc.sleep.time = 25ms (default)
2019-08-21 18:55:28,237 [552776ad-4e33-4e75-810b-5f57bcc17043:group-4BC18962474C:LeaderElection102] INFO  server.RaftServerConfigKeys (ConfUtils.java:logGet(43)) - raft.server.write.element-limit = 4096 (default)
2019-08-21 18:55:28,237 [552776ad-4e33-4e75-810b-5f57bcc17043:group-4BC18962474C:LeaderElection102] INFO  server.RaftServerConfigKeys (ConfUtils.java:logGet(43)) - raft.server.watch.timeout = 10s (default)
2019-08-21 18:55:28,237 [552776ad-4e33-4e75-810b-5f57bcc17043:group-4BC18962474C:LeaderElection102] INFO  server.RaftServerConfigKeys (ConfUtils.java:logGet(43)) - raft.server.watch.timeout.denomination = 1s (default)
2019-08-21 18:55:28,237 [552776ad-4e33-4e75-810b-5f57bcc17043:group-4BC18962474C:LeaderElection102] INFO  server.RaftServerConfigKeys (ConfUtils.java:logGet(43)) - raft.server.watch.element-limit = 65536 (default)
2019-08-21 18:55:28,237 [552776ad-4e33-4e75-810b-5f57bcc17043:group-4BC18962474C:LeaderElection102] INFO  server.RaftServerConfigKeys (ConfUtils.java:logGet(43)) - raft.server.log.appender.snapshot.chunk.size.max = 16MB (=16777216) (default)
2019-08-21 18:55:28,238 [552776ad-4e33-4e75-810b-5f57bcc17043:group-4BC18962474C:LeaderElection102] INFO  server.RaftServerConfigKeys (ConfUtils.java:logGet(43)) - raft.server.log.appender.buffer.byte-limit = 33554432 (custom)
2019-08-21 18:55:28,238 [552776ad-4e33-4e75-810b-5f57bcc17043:group-4BC18962474C:LeaderElection102] INFO  server.RaftServerConfigKeys (ConfUtils.java:logGet(43)) - raft.server.log.appender.buffer.element-limit = 1 (custom)
2019-08-21 18:55:28,238 [552776ad-4e33-4e75-810b-5f57bcc17043:group-4BC18962474C:LeaderElection102] INFO  grpc.GrpcConfigKeys$Server (ConfUtils.java:logGet(43)) - raft.grpc.server.leader.outstanding.appends.max = 128 (default)
2019-08-21 18:55:28,238 [552776ad-4e33-4e75-810b-5f57bcc17043:group-4BC18962474C:LeaderElection102] INFO  server.RaftServerConfigKeys (ConfUtils.java:logGet(43)) - raft.server.rpc.request.timeout = 3000ms (default)
2019-08-21 18:55:28,238 [552776ad-4e33-4e75-810b-5f57bcc17043:group-4BC18962474C:LeaderElection102] INFO  server.RaftServerConfigKeys (ConfUtils.java:logGet(43)) - raft.server.log.appender.install.snapshot.enabled = false (custom)
2019-08-21 18:55:28,238 [552776ad-4e33-4e75-810b-5f57bcc17043:group-4BC18962474C:LeaderElection102] INFO  server.RaftServerConfigKeys (ConfUtils.java:logGet(43)) - raft.server.log.appender.snapshot.chunk.size.max = 16MB (=16777216) (default)
2019-08-21 18:55:28,238 [552776ad-4e33-4e75-810b-5f57bcc17043:group-4BC18962474C:LeaderElection102] INFO  server.RaftServerConfigKeys (ConfUtils.java:logGet(43)) - raft.server.log.appender.buffer.byte-limit = 33554432 (custom)
2019-08-21 18:55:28,239 [552776ad-4e33-4e75-810b-5f57bcc17043:group-4BC18962474C:LeaderElection102] INFO  server.RaftServerConfigKeys (ConfUtils.java:logGet(43)) - raft.server.log.appender.buffer.element-limit = 1 (custom)
2019-08-21 18:55:28,239 [552776ad-4e33-4e75-810b-5f57bcc17043:group-4BC18962474C:LeaderElection102] INFO  grpc.GrpcConfigKeys$Server (ConfUtils.java:logGet(43)) - raft.grpc.server.leader.outstanding.appends.max = 128 (default)
2019-08-21 18:55:28,239 [552776ad-4e33-4e75-810b-5f57bcc17043:group-4BC18962474C:LeaderElection102] INFO  server.RaftServerConfigKeys (ConfUtils.java:logGet(43)) - raft.server.rpc.request.timeout = 3000ms (default)
2019-08-21 18:55:28,239 [552776ad-4e33-4e75-810b-5f57bcc17043:group-4BC18962474C:LeaderElection102] INFO  server.RaftServerConfigKeys (ConfUtils.java:logGet(43)) - raft.server.log.appender.install.snapshot.enabled = false (custom)
2019-08-21 18:55:28,239 [552776ad-4e33-4e75-810b-5f57bcc17043:group-4BC18962474C:LeaderElection102] INFO  impl.RoleInfo (RoleInfo.java:updateAndGet(143)) - 552776ad-4e33-4e75-810b-5f57bcc17043: start LeaderState
2019-08-21 18:55:28,240 [552776ad-4e33-4e75-810b-5f57bcc17043:group-4BC18962474C:LeaderElection102] INFO  segmented.SegmentedRaftLogWorker (SegmentedRaftLogWorker.java:startLogSegment(380)) - 552776ad-4e33-4e75-810b-5f57bcc17043-SegmentedRaftLogWorker:Storage Directory /workdir/hadoop-ozone/integration-test/target/test-dir/MiniOzoneClusterImpl-41c02fe8-38d4-41ce-91e4-307d8e6896e2/datanode-3/data/ratis/26aa19a9-ec1f-4be4-a150-4bc18962474c: Starting segment from index:0
2019-08-21 18:55:28,240 [552776ad-4e33-4e75-810b-5f57bcc17043:group-4BC18962474C:LeaderElection102] INFO  impl.RaftServerImpl (ServerState.java:setRaftConf(361)) - 552776ad-4e33-4e75-810b-5f57bcc17043:group-4BC18962474C set configuration 0: [c2260f53-4216-4674-950d-92091259ffb1:192.168.36.125:41625, a0967e03-aad6-49e6-846b-c8134af623ea:192.168.36.125:33239, 552776ad-4e33-4e75-810b-5f57bcc17043:192.168.36.125:41659], old=null at 0
2019-08-21 18:55:28,241 [grpc-default-executor-2] INFO  impl.RaftServerImpl (ServerState.java:setLeader(263)) - c2260f53-4216-4674-950d-92091259ffb1:group-4BC18962474C change Leader from null to 552776ad-4e33-4e75-810b-5f57bcc17043 at term 1 for appendEntries, leader elected after 5174ms
2019-08-21 18:55:28,241 [grpc-default-executor-11] INFO  impl.RaftServerImpl (ServerState.java:setLeader(263)) - a0967e03-aad6-49e6-846b-c8134af623ea:group-4BC18962474C change Leader from null to 552776ad-4e33-4e75-810b-5f57bcc17043 at term 1 for appendEntries, leader elected after 5157ms
2019-08-21 18:55:28,244 [grpc-default-executor-11] INFO  impl.RaftServerImpl (ServerState.java:setRaftConf(361)) - a0967e03-aad6-49e6-846b-c8134af623ea:group-4BC18962474C set configuration 0: [c2260f53-4216-4674-950d-92091259ffb1:192.168.36.125:41625, a0967e03-aad6-49e6-846b-c8134af623ea:192.168.36.125:33239, 552776ad-4e33-4e75-810b-5f57bcc17043:192.168.36.125:41659], old=null at 0
2019-08-21 18:55:28,244 [grpc-default-executor-11] INFO  segmented.SegmentedRaftLogWorker (SegmentedRaftLogWorker.java:startLogSegment(380)) - a0967e03-aad6-49e6-846b-c8134af623ea-SegmentedRaftLogWorker:Storage Directory /workdir/hadoop-ozone/integration-test/target/test-dir/MiniOzoneClusterImpl-41c02fe8-38d4-41ce-91e4-307d8e6896e2/datanode-4/data/ratis/26aa19a9-ec1f-4be4-a150-4bc18962474c: Starting segment from index:0
2019-08-21 18:55:28,244 [grpc-default-executor-2] INFO  impl.RaftServerImpl (ServerState.java:setRaftConf(361)) - c2260f53-4216-4674-950d-92091259ffb1:group-4BC18962474C set configuration 0: [c2260f53-4216-4674-950d-92091259ffb1:192.168.36.125:41625, a0967e03-aad6-49e6-846b-c8134af623ea:192.168.36.125:33239, 552776ad-4e33-4e75-810b-5f57bcc17043:192.168.36.125:41659], old=null at 0
2019-08-21 18:55:28,244 [grpc-default-executor-2] INFO  segmented.SegmentedRaftLogWorker (SegmentedRaftLogWorker.java:startLogSegment(380)) - c2260f53-4216-4674-950d-92091259ffb1-SegmentedRaftLogWorker:Storage Directory /workdir/hadoop-ozone/integration-test/target/test-dir/MiniOzoneClusterImpl-41c02fe8-38d4-41ce-91e4-307d8e6896e2/datanode-5/data/ratis/26aa19a9-ec1f-4be4-a150-4bc18962474c: Starting segment from index:0
2019-08-21 18:55:28,249 | INFO  | SCMAudit | user=jenkins1000 | ip=192.168.36.125 | op=SEND_HEARTBEAT {datanodeUUID=797b0004-b8c3-49ad-acf1-e2929da993b9, command=[]} | ret=SUCCESS |  
2019-08-21 18:55:28,277 [grpc-default-executor-2] INFO  client.GrpcClientProtocolClient (GrpcClientProtocolClient.java:onNext(255)) - client-F1A9621D354E->797b0004-b8c3-49ad-acf1-e2929da993b9: receive RaftClientReply:client-F1A9621D354E->797b0004-b8c3-49ad-acf1-e2929da993b9@group-86FB0DCC5C31, cid=193, FAILED org.apache.ratis.protocol.NotLeaderException: Server 797b0004-b8c3-49ad-acf1-e2929da993b9 is not the leader (null). Request must be sent to leader., logIndex=0, commits[797b0004-b8c3-49ad-acf1-e2929da993b9:c-1]
2019-08-21 18:55:28,300 [552776ad-4e33-4e75-810b-5f57bcc17043-SegmentedRaftLogWorker:Storage Directory /workdir/hadoop-ozone/integration-test/target/test-dir/MiniOzoneClusterImpl-41c02fe8-38d4-41ce-91e4-307d8e6896e2/datanode-3/data/ratis/26aa19a9-ec1f-4be4-a150-4bc18962474c] INFO  segmented.SegmentedRaftLogWorker (SegmentedRaftLogWorker.java:execute(569)) - 552776ad-4e33-4e75-810b-5f57bcc17043-SegmentedRaftLogWorker:Storage Directory /workdir/hadoop-ozone/integration-test/target/test-dir/MiniOzoneClusterImpl-41c02fe8-38d4-41ce-91e4-307d8e6896e2/datanode-3/data/ratis/26aa19a9-ec1f-4be4-a150-4bc18962474c: created new log segment /workdir/hadoop-ozone/integration-test/target/test-dir/MiniOzoneClusterImpl-41c02fe8-38d4-41ce-91e4-307d8e6896e2/datanode-3/data/ratis/26aa19a9-ec1f-4be4-a150-4bc18962474c/current/log_inprogress_0
2019-08-21 18:55:28,300 [c2260f53-4216-4674-950d-92091259ffb1-SegmentedRaftLogWorker:Storage Directory /workdir/hadoop-ozone/integration-test/target/test-dir/MiniOzoneClusterImpl-41c02fe8-38d4-41ce-91e4-307d8e6896e2/datanode-5/data/ratis/26aa19a9-ec1f-4be4-a150-4bc18962474c] INFO  segmented.SegmentedRaftLogWorker (SegmentedRaftLogWorker.java:execute(569)) - c2260f53-4216-4674-950d-92091259ffb1-SegmentedRaftLogWorker:Storage Directory /workdir/hadoop-ozone/integration-test/target/test-dir/MiniOzoneClusterImpl-41c02fe8-38d4-41ce-91e4-307d8e6896e2/datanode-5/data/ratis/26aa19a9-ec1f-4be4-a150-4bc18962474c: created new log segment /workdir/hadoop-ozone/integration-test/target/test-dir/MiniOzoneClusterImpl-41c02fe8-38d4-41ce-91e4-307d8e6896e2/datanode-5/data/ratis/26aa19a9-ec1f-4be4-a150-4bc18962474c/current/log_inprogress_0
2019-08-21 18:55:28,300 [a0967e03-aad6-49e6-846b-c8134af623ea-SegmentedRaftLogWorker:Storage Directory /workdir/hadoop-ozone/integration-test/target/test-dir/MiniOzoneClusterImpl-41c02fe8-38d4-41ce-91e4-307d8e6896e2/datanode-4/data/ratis/26aa19a9-ec1f-4be4-a150-4bc18962474c] INFO  segmented.SegmentedRaftLogWorker (SegmentedRaftLogWorker.java:execute(569)) - a0967e03-aad6-49e6-846b-c8134af623ea-SegmentedRaftLogWorker:Storage Directory /workdir/hadoop-ozone/integration-test/target/test-dir/MiniOzoneClusterImpl-41c02fe8-38d4-41ce-91e4-307d8e6896e2/datanode-4/data/ratis/26aa19a9-ec1f-4be4-a150-4bc18962474c: created new log segment /workdir/hadoop-ozone/integration-test/target/test-dir/MiniOzoneClusterImpl-41c02fe8-38d4-41ce-91e4-307d8e6896e2/datanode-4/data/ratis/26aa19a9-ec1f-4be4-a150-4bc18962474c/current/log_inprogress_0
2019-08-21 18:55:28,331 [Thread-3707] INFO  impl.FollowerState (FollowerState.java:run(106)) - 1ffe30da-7604-461d-ace9-714b6d5524df:group-58E3A1D81DEC changes to CANDIDATE, lastRpcTime:5126, electionTimeout:5126ms
2019-08-21 18:55:28,331 [Thread-3707] INFO  impl.RoleInfo (RoleInfo.java:shutdownFollowerState(121)) - 1ffe30da-7604-461d-ace9-714b6d5524df: shutdown FollowerState
2019-08-21 18:55:28,331 [Thread-3707] INFO  impl.RaftServerImpl (RaftServerImpl.java:setRole(171)) - 1ffe30da-7604-461d-ace9-714b6d5524df:group-58E3A1D81DEC changes role from FOLLOWER to CANDIDATE at term 0 for changeToCandidate
2019-08-21 18:55:28,331 [Thread-3707] INFO  impl.RoleInfo (RoleInfo.java:updateAndGet(143)) - 1ffe30da-7604-461d-ace9-714b6d5524df: start LeaderElection
2019-08-21 18:55:28,350 [1ffe30da-7604-461d-ace9-714b6d5524df:group-58E3A1D81DEC:LeaderElection104] INFO  impl.LeaderElection (LeaderElection.java:askForVotes(181)) - 1ffe30da-7604-461d-ace9-714b6d5524df:group-58E3A1D81DEC:LeaderElection104: begin an election at term 1 for -1: [1ffe30da-7604-461d-ace9-714b6d5524df:192.168.36.125:44123], old=null
2019-08-21 18:55:28,350 [1ffe30da-7604-461d-ace9-714b6d5524df:group-58E3A1D81DEC:LeaderElection104] INFO  impl.RoleInfo (RoleInfo.java:shutdownLeaderElection(134)) - 1ffe30da-7604-461d-ace9-714b6d5524df: shutdown LeaderElection
2019-08-21 18:55:28,351 [1ffe30da-7604-461d-ace9-714b6d5524df:group-58E3A1D81DEC:LeaderElection104] INFO  impl.RaftServerImpl (RaftServerImpl.java:setRole(171)) - 1ffe30da-7604-461d-ace9-714b6d5524df:group-58E3A1D81DEC changes role from CANDIDATE to LEADER at term 1 for changeToLeader
2019-08-21 18:55:28,351 [1ffe30da-7604-461d-ace9-714b6d5524df:group-58E3A1D81DEC:LeaderElection104] INFO  impl.RaftServerImpl (ServerState.java:setLeader(263)) - 1ffe30da-7604-461d-ace9-714b6d5524df:group-58E3A1D81DEC change Leader from null to 1ffe30da-7604-461d-ace9-714b6d5524df at term 1 for becomeLeader, leader elected after 5149ms
2019-08-21 18:55:28,351 [1ffe30da-7604-461d-ace9-714b6d5524df:group-58E3A1D81DEC:LeaderElection104] INFO  server.RaftServerConfigKeys (ConfUtils.java:logGet(43)) - raft.server.staging.catchup.gap = 1000 (default)
2019-08-21 18:55:28,351 [1ffe30da-7604-461d-ace9-714b6d5524df:group-58E3A1D81DEC:LeaderElection104] INFO  server.RaftServerConfigKeys (ConfUtils.java:logGet(43)) - raft.server.rpc.sleep.time = 25ms (default)
2019-08-21 18:55:28,351 [1ffe30da-7604-461d-ace9-714b6d5524df:group-58E3A1D81DEC:LeaderElection104] INFO  server.RaftServerConfigKeys (ConfUtils.java:logGet(43)) - raft.server.write.element-limit = 4096 (default)
2019-08-21 18:55:28,351 [1ffe30da-7604-461d-ace9-714b6d5524df:group-58E3A1D81DEC:LeaderElection104] INFO  server.RaftServerConfigKeys (ConfUtils.java:logGet(43)) - raft.server.watch.timeout = 10s (default)
2019-08-21 18:55:28,351 [1ffe30da-7604-461d-ace9-714b6d5524df:group-58E3A1D81DEC:LeaderElection104] INFO  server.RaftServerConfigKeys (ConfUtils.java:logGet(43)) - raft.server.watch.timeout.denomination = 1s (default)
2019-08-21 18:55:28,351 [1ffe30da-7604-461d-ace9-714b6d5524df:group-58E3A1D81DEC:LeaderElection104] INFO  server.RaftServerConfigKeys (ConfUtils.java:logGet(43)) - raft.server.watch.element-limit = 65536 (default)
2019-08-21 18:55:28,351 [1ffe30da-7604-461d-ace9-714b6d5524df:group-58E3A1D81DEC:LeaderElection104] INFO  impl.RoleInfo (RoleInfo.java:updateAndGet(143)) - 1ffe30da-7604-461d-ace9-714b6d5524df: start LeaderState
2019-08-21 18:55:28,352 [1ffe30da-7604-461d-ace9-714b6d5524df:group-58E3A1D81DEC:LeaderElection104] INFO  segmented.SegmentedRaftLogWorker (SegmentedRaftLogWorker.java:startLogSegment(380)) - 1ffe30da-7604-461d-ace9-714b6d5524df-SegmentedRaftLogWorker:Storage Directory /workdir/hadoop-ozone/integration-test/target/test-dir/MiniOzoneClusterImpl-41c02fe8-38d4-41ce-91e4-307d8e6896e2/datanode-6/data/ratis/13eb026f-48f3-469c-87b8-58e3a1d81dec: Starting segment from index:0
2019-08-21 18:55:28,352 [1ffe30da-7604-461d-ace9-714b6d5524df:group-58E3A1D81DEC:LeaderElection104] INFO  impl.RaftServerImpl (ServerState.java:setRaftConf(361)) - 1ffe30da-7604-461d-ace9-714b6d5524df:group-58E3A1D81DEC set configuration 0: [1ffe30da-7604-461d-ace9-714b6d5524df:192.168.36.125:44123], old=null at 0
2019-08-21 18:55:28,409 [1ffe30da-7604-461d-ace9-714b6d5524df-SegmentedRaftLogWorker:Storage Directory /workdir/hadoop-ozone/integration-test/target/test-dir/MiniOzoneClusterImpl-41c02fe8-38d4-41ce-91e4-307d8e6896e2/datanode-6/data/ratis/13eb026f-48f3-469c-87b8-58e3a1d81dec] INFO  segmented.SegmentedRaftLogWorker (SegmentedRaftLogWorker.java:execute(569)) - 1ffe30da-7604-461d-ace9-714b6d5524df-SegmentedRaftLogWorker:Storage Directory /workdir/hadoop-ozone/integration-test/target/test-dir/MiniOzoneClusterImpl-41c02fe8-38d4-41ce-91e4-307d8e6896e2/datanode-6/data/ratis/13eb026f-48f3-469c-87b8-58e3a1d81dec: created new log segment /workdir/hadoop-ozone/integration-test/target/test-dir/MiniOzoneClusterImpl-41c02fe8-38d4-41ce-91e4-307d8e6896e2/datanode-6/data/ratis/13eb026f-48f3-469c-87b8-58e3a1d81dec/current/log_inprogress_0
2019-08-21 18:55:28,512 | INFO  | SCMAudit | user=jenkins1000 | ip=192.168.36.125 | op=SEND_HEARTBEAT {datanodeUUID=552776ad-4e33-4e75-810b-5f57bcc17043, command=[]} | ret=SUCCESS |  
2019-08-21 18:55:28,526 | INFO  | SCMAudit | user=jenkins1000 | ip=192.168.36.125 | op=SEND_HEARTBEAT {datanodeUUID=70834503-2edc-4245-925f-fcee029f7dec, command=[]} | ret=SUCCESS |  
2019-08-21 18:55:28,717 | INFO  | SCMAudit | user=jenkins1000 | ip=192.168.36.125 | op=SEND_HEARTBEAT {datanodeUUID=a0967e03-aad6-49e6-846b-c8134af623ea, command=[]} | ret=SUCCESS |  
2019-08-21 18:55:28,921 | INFO  | SCMAudit | user=jenkins1000 | ip=192.168.36.125 | op=SEND_HEARTBEAT {datanodeUUID=c2260f53-4216-4674-950d-92091259ffb1, command=[]} | ret=SUCCESS |  
2019-08-21 18:55:29,056 | INFO  | SCMAudit | user=jenkins1000 | ip=192.168.36.125 | op=SEND_HEARTBEAT {datanodeUUID=b1bf2634-a55a-4292-98b3-5b3eb35ed415, command=[]} | ret=SUCCESS |  
2019-08-21 18:55:29,144 | INFO  | SCMAudit | user=jenkins1000 | ip=192.168.36.125 | op=SEND_HEARTBEAT {datanodeUUID=1ffe30da-7604-461d-ace9-714b6d5524df, command=[]} | ret=SUCCESS |  
2019-08-21 18:55:29,249 | INFO  | SCMAudit | user=jenkins1000 | ip=192.168.36.125 | op=SEND_HEARTBEAT {datanodeUUID=797b0004-b8c3-49ad-acf1-e2929da993b9, command=[]} | ret=SUCCESS |  
2019-08-21 18:55:29,284 [grpc-default-executor-2] INFO  client.GrpcClientProtocolClient (GrpcClientProtocolClient.java:onNext(255)) - client-F1A9621D354E->b1bf2634-a55a-4292-98b3-5b3eb35ed415: receive RaftClientReply:client-F1A9621D354E->b1bf2634-a55a-4292-98b3-5b3eb35ed415@group-86FB0DCC5C31, cid=193, FAILED org.apache.ratis.protocol.NotLeaderException: Server b1bf2634-a55a-4292-98b3-5b3eb35ed415 is not the leader (null). Request must be sent to leader., logIndex=0, commits[b1bf2634-a55a-4292-98b3-5b3eb35ed415:c-1]
2019-08-21 18:55:29,513 | INFO  | SCMAudit | user=jenkins1000 | ip=192.168.36.125 | op=SEND_HEARTBEAT {datanodeUUID=552776ad-4e33-4e75-810b-5f57bcc17043, command=[]} | ret=SUCCESS |  
2019-08-21 18:55:29,526 | INFO  | SCMAudit | user=jenkins1000 | ip=192.168.36.125 | op=SEND_HEARTBEAT {datanodeUUID=70834503-2edc-4245-925f-fcee029f7dec, command=[]} | ret=SUCCESS |  
2019-08-21 18:55:29,717 | INFO  | SCMAudit | user=jenkins1000 | ip=192.168.36.125 | op=SEND_HEARTBEAT {datanodeUUID=a0967e03-aad6-49e6-846b-c8134af623ea, command=[]} | ret=SUCCESS |  
2019-08-21 18:55:29,921 | INFO  | SCMAudit | user=jenkins1000 | ip=192.168.36.125 | op=SEND_HEARTBEAT {datanodeUUID=c2260f53-4216-4674-950d-92091259ffb1, command=[]} | ret=SUCCESS |  
2019-08-21 18:55:30,057 | INFO  | SCMAudit | user=jenkins1000 | ip=192.168.36.125 | op=SEND_HEARTBEAT {datanodeUUID=b1bf2634-a55a-4292-98b3-5b3eb35ed415, command=[]} | ret=SUCCESS |  
2019-08-21 18:55:30,144 | INFO  | SCMAudit | user=jenkins1000 | ip=192.168.36.125 | op=SEND_HEARTBEAT {datanodeUUID=1ffe30da-7604-461d-ace9-714b6d5524df, command=[]} | ret=SUCCESS |  
2019-08-21 18:55:30,249 | INFO  | SCMAudit | user=jenkins1000 | ip=192.168.36.125 | op=SEND_HEARTBEAT {datanodeUUID=797b0004-b8c3-49ad-acf1-e2929da993b9, command=[]} | ret=SUCCESS |  
2019-08-21 18:55:30,295 [grpc-default-executor-2] INFO  client.GrpcClientProtocolClient (GrpcClientProtocolClient.java:onNext(255)) - client-F1A9621D354E->70834503-2edc-4245-925f-fcee029f7dec: receive RaftClientReply:client-F1A9621D354E->70834503-2edc-4245-925f-fcee029f7dec@group-86FB0DCC5C31, cid=193, FAILED org.apache.ratis.protocol.NotLeaderException: Server 70834503-2edc-4245-925f-fcee029f7dec is not the leader (null). Request must be sent to leader., logIndex=0, commits[70834503-2edc-4245-925f-fcee029f7dec:c-1]
2019-08-21 18:55:30,513 | INFO  | SCMAudit | user=jenkins1000 | ip=192.168.36.125 | op=SEND_HEARTBEAT {datanodeUUID=552776ad-4e33-4e75-810b-5f57bcc17043, command=[]} | ret=SUCCESS |  
2019-08-21 18:55:30,525 | INFO  | SCMAudit | user=jenkins1000 | ip=192.168.36.125 | op=SEND_HEARTBEAT {datanodeUUID=70834503-2edc-4245-925f-fcee029f7dec, command=[]} | ret=SUCCESS |  
2019-08-21 18:55:30,716 | INFO  | SCMAudit | user=jenkins1000 | ip=192.168.36.125 | op=SEND_HEARTBEAT {datanodeUUID=a0967e03-aad6-49e6-846b-c8134af623ea, command=[]} | ret=SUCCESS |  
2019-08-21 18:55:30,921 | INFO  | SCMAudit | user=jenkins1000 | ip=192.168.36.125 | op=SEND_HEARTBEAT {datanodeUUID=c2260f53-4216-4674-950d-92091259ffb1, command=[]} | ret=SUCCESS |  
2019-08-21 18:55:31,057 | INFO  | SCMAudit | user=jenkins1000 | ip=192.168.36.125 | op=SEND_HEARTBEAT {datanodeUUID=b1bf2634-a55a-4292-98b3-5b3eb35ed415, command=[]} | ret=SUCCESS |  
2019-08-21 18:55:31,143 | INFO  | SCMAudit | user=jenkins1000 | ip=192.168.36.125 | op=SEND_HEARTBEAT {datanodeUUID=1ffe30da-7604-461d-ace9-714b6d5524df, command=[]} | ret=SUCCESS |  
2019-08-21 18:55:31,249 | INFO  | SCMAudit | user=jenkins1000 | ip=192.168.36.125 | op=SEND_HEARTBEAT {datanodeUUID=797b0004-b8c3-49ad-acf1-e2929da993b9, command=[]} | ret=SUCCESS |  
2019-08-21 18:55:31,307 [grpc-default-executor-11] INFO  client.GrpcClientProtocolClient (GrpcClientProtocolClient.java:onNext(255)) - client-F1A9621D354E->b1bf2634-a55a-4292-98b3-5b3eb35ed415: receive RaftClientReply:client-F1A9621D354E->b1bf2634-a55a-4292-98b3-5b3eb35ed415@group-86FB0DCC5C31, cid=193, FAILED org.apache.ratis.protocol.NotLeaderException: Server b1bf2634-a55a-4292-98b3-5b3eb35ed415 is not the leader (null). Request must be sent to leader., logIndex=0, commits[b1bf2634-a55a-4292-98b3-5b3eb35ed415:c-1]
2019-08-21 18:55:31,514 | INFO  | SCMAudit | user=jenkins1000 | ip=192.168.36.125 | op=SEND_HEARTBEAT {datanodeUUID=552776ad-4e33-4e75-810b-5f57bcc17043, command=[]} | ret=SUCCESS |  
2019-08-21 18:55:31,525 | INFO  | SCMAudit | user=jenkins1000 | ip=192.168.36.125 | op=SEND_HEARTBEAT {datanodeUUID=70834503-2edc-4245-925f-fcee029f7dec, command=[]} | ret=SUCCESS |  
2019-08-21 18:55:31,716 | INFO  | SCMAudit | user=jenkins1000 | ip=192.168.36.125 | op=SEND_HEARTBEAT {datanodeUUID=a0967e03-aad6-49e6-846b-c8134af623ea, command=[]} | ret=SUCCESS |  
2019-08-21 18:55:31,921 | INFO  | SCMAudit | user=jenkins1000 | ip=192.168.36.125 | op=SEND_HEARTBEAT {datanodeUUID=c2260f53-4216-4674-950d-92091259ffb1, command=[]} | ret=SUCCESS |  
2019-08-21 18:55:32,057 | INFO  | SCMAudit | user=jenkins1000 | ip=192.168.36.125 | op=SEND_HEARTBEAT {datanodeUUID=b1bf2634-a55a-4292-98b3-5b3eb35ed415, command=[]} | ret=SUCCESS |  
2019-08-21 18:55:32,143 | INFO  | SCMAudit | user=jenkins1000 | ip=192.168.36.125 | op=SEND_HEARTBEAT {datanodeUUID=1ffe30da-7604-461d-ace9-714b6d5524df, command=[]} | ret=SUCCESS |  
2019-08-21 18:55:32,249 | INFO  | SCMAudit | user=jenkins1000 | ip=192.168.36.125 | op=SEND_HEARTBEAT {datanodeUUID=797b0004-b8c3-49ad-acf1-e2929da993b9, command=[]} | ret=SUCCESS |  
2019-08-21 18:55:32,317 [grpc-default-executor-2] INFO  client.GrpcClientProtocolClient (GrpcClientProtocolClient.java:onNext(255)) - client-F1A9621D354E->70834503-2edc-4245-925f-fcee029f7dec: receive RaftClientReply:client-F1A9621D354E->70834503-2edc-4245-925f-fcee029f7dec@group-86FB0DCC5C31, cid=193, FAILED org.apache.ratis.protocol.NotLeaderException: Server 70834503-2edc-4245-925f-fcee029f7dec is not the leader (null). Request must be sent to leader., logIndex=0, commits[70834503-2edc-4245-925f-fcee029f7dec:c-1]
2019-08-21 18:55:32,484 [Thread-3737] INFO  impl.FollowerState (FollowerState.java:run(106)) - 797b0004-b8c3-49ad-acf1-e2929da993b9:group-86FB0DCC5C31 changes to CANDIDATE, lastRpcTime:5048, electionTimeout:5045ms
2019-08-21 18:55:32,484 [Thread-3737] INFO  impl.RoleInfo (RoleInfo.java:shutdownFollowerState(121)) - 797b0004-b8c3-49ad-acf1-e2929da993b9: shutdown FollowerState
2019-08-21 18:55:32,484 [Thread-3737] INFO  impl.RaftServerImpl (RaftServerImpl.java:setRole(171)) - 797b0004-b8c3-49ad-acf1-e2929da993b9:group-86FB0DCC5C31 changes role from FOLLOWER to CANDIDATE at term 1 for changeToCandidate
2019-08-21 18:55:32,484 [Thread-3737] INFO  impl.RoleInfo (RoleInfo.java:updateAndGet(143)) - 797b0004-b8c3-49ad-acf1-e2929da993b9: start LeaderElection
2019-08-21 18:55:32,492 [Thread-3739] INFO  impl.FollowerState (FollowerState.java:run(106)) - 70834503-2edc-4245-925f-fcee029f7dec:group-86FB0DCC5C31 changes to CANDIDATE, lastRpcTime:5047, electionTimeout:5047ms
2019-08-21 18:55:32,492 [Thread-3739] INFO  impl.RoleInfo (RoleInfo.java:shutdownFollowerState(121)) - 70834503-2edc-4245-925f-fcee029f7dec: shutdown FollowerState
2019-08-21 18:55:32,492 [Thread-3739] INFO  impl.RaftServerImpl (RaftServerImpl.java:setRole(171)) - 70834503-2edc-4245-925f-fcee029f7dec:group-86FB0DCC5C31 changes role from FOLLOWER to CANDIDATE at term 1 for changeToCandidate
2019-08-21 18:55:32,493 [Thread-3739] INFO  impl.RoleInfo (RoleInfo.java:updateAndGet(143)) - 70834503-2edc-4245-925f-fcee029f7dec: start LeaderElection
2019-08-21 18:55:32,514 | INFO  | SCMAudit | user=jenkins1000 | ip=192.168.36.125 | op=SEND_HEARTBEAT {datanodeUUID=552776ad-4e33-4e75-810b-5f57bcc17043, command=[]} | ret=SUCCESS |  
2019-08-21 18:55:32,519 [797b0004-b8c3-49ad-acf1-e2929da993b9:group-86FB0DCC5C31:LeaderElection105] INFO  impl.LeaderElection (LeaderElection.java:askForVotes(181)) - 797b0004-b8c3-49ad-acf1-e2929da993b9:group-86FB0DCC5C31:LeaderElection105: begin an election at term 2 for -1: [70834503-2edc-4245-925f-fcee029f7dec:192.168.36.125:33370, 797b0004-b8c3-49ad-acf1-e2929da993b9:192.168.36.125:33244, b1bf2634-a55a-4292-98b3-5b3eb35ed415:192.168.36.125:42945], old=null
2019-08-21 18:55:32,519 [70834503-2edc-4245-925f-fcee029f7dec:group-86FB0DCC5C31:LeaderElection106] INFO  impl.LeaderElection (LeaderElection.java:askForVotes(181)) - 70834503-2edc-4245-925f-fcee029f7dec:group-86FB0DCC5C31:LeaderElection106: begin an election at term 2 for -1: [70834503-2edc-4245-925f-fcee029f7dec:192.168.36.125:33370, 797b0004-b8c3-49ad-acf1-e2929da993b9:192.168.36.125:33244, b1bf2634-a55a-4292-98b3-5b3eb35ed415:192.168.36.125:42945], old=null
2019-08-21 18:55:32,522 [grpc-default-executor-2] INFO  impl.RaftServerImpl (RaftServerImpl.java:setRole(171)) - b1bf2634-a55a-4292-98b3-5b3eb35ed415:group-86FB0DCC5C31 changes role from FOLLOWER to FOLLOWER at term 2 for recognizeCandidate:70834503-2edc-4245-925f-fcee029f7dec
2019-08-21 18:55:32,523 [grpc-default-executor-2] INFO  impl.RoleInfo (RoleInfo.java:shutdownFollowerState(121)) - b1bf2634-a55a-4292-98b3-5b3eb35ed415: shutdown FollowerState
2019-08-21 18:55:32,523 [grpc-default-executor-2] INFO  impl.RoleInfo (RoleInfo.java:updateAndGet(143)) - b1bf2634-a55a-4292-98b3-5b3eb35ed415: start FollowerState
2019-08-21 18:55:32,523 [Thread-3738] INFO  impl.FollowerState (FollowerState.java:run(114)) - b1bf2634-a55a-4292-98b3-5b3eb35ed415: FollowerState was interrupted: java.lang.InterruptedException: sleep interrupted
2019-08-21 18:55:32,527 | INFO  | SCMAudit | user=jenkins1000 | ip=192.168.36.125 | op=SEND_HEARTBEAT {datanodeUUID=70834503-2edc-4245-925f-fcee029f7dec, command=[]} | ret=SUCCESS |  
2019-08-21 18:55:32,550 [797b0004-b8c3-49ad-acf1-e2929da993b9:group-86FB0DCC5C31:LeaderElection105] INFO  impl.LeaderElection (LeaderElection.java:logAndReturn(56)) - 797b0004-b8c3-49ad-acf1-e2929da993b9:group-86FB0DCC5C31:LeaderElection105: Election REJECTED; received 2 response(s) [797b0004-b8c3-49ad-acf1-e2929da993b9<-70834503-2edc-4245-925f-fcee029f7dec#0:FAIL-t2, 797b0004-b8c3-49ad-acf1-e2929da993b9<-b1bf2634-a55a-4292-98b3-5b3eb35ed415#0:FAIL-t2] and 0 exception(s); 797b0004-b8c3-49ad-acf1-e2929da993b9:t2, leader=null, voted=797b0004-b8c3-49ad-acf1-e2929da993b9, raftlog=797b0004-b8c3-49ad-acf1-e2929da993b9-SegmentedRaftLog:OPENED:c-1,f-1,i0, conf=-1: [70834503-2edc-4245-925f-fcee029f7dec:192.168.36.125:33370, 797b0004-b8c3-49ad-acf1-e2929da993b9:192.168.36.125:33244, b1bf2634-a55a-4292-98b3-5b3eb35ed415:192.168.36.125:42945], old=null
2019-08-21 18:55:32,550 [70834503-2edc-4245-925f-fcee029f7dec:group-86FB0DCC5C31:LeaderElection106] INFO  impl.LeaderElection (LeaderElection.java:logAndReturn(56)) - 70834503-2edc-4245-925f-fcee029f7dec:group-86FB0DCC5C31:LeaderElection106: Election PASSED; received 2 response(s) [70834503-2edc-4245-925f-fcee029f7dec<-797b0004-b8c3-49ad-acf1-e2929da993b9#0:FAIL-t2, 70834503-2edc-4245-925f-fcee029f7dec<-b1bf2634-a55a-4292-98b3-5b3eb35ed415#0:OK-t2] and 0 exception(s); 70834503-2edc-4245-925f-fcee029f7dec:t2, leader=null, voted=70834503-2edc-4245-925f-fcee029f7dec, raftlog=70834503-2edc-4245-925f-fcee029f7dec-SegmentedRaftLog:OPENED:c-1,f-1,i0, conf=-1: [70834503-2edc-4245-925f-fcee029f7dec:192.168.36.125:33370, 797b0004-b8c3-49ad-acf1-e2929da993b9:192.168.36.125:33244, b1bf2634-a55a-4292-98b3-5b3eb35ed415:192.168.36.125:42945], old=null
2019-08-21 18:55:32,550 [797b0004-b8c3-49ad-acf1-e2929da993b9:group-86FB0DCC5C31:LeaderElection105] INFO  impl.RaftServerImpl (RaftServerImpl.java:setRole(171)) - 797b0004-b8c3-49ad-acf1-e2929da993b9:group-86FB0DCC5C31 changes role from CANDIDATE to FOLLOWER at term 2 for DISCOVERED_A_NEW_TERM
2019-08-21 18:55:32,550 [70834503-2edc-4245-925f-fcee029f7dec:group-86FB0DCC5C31:LeaderElection106] INFO  impl.RoleInfo (RoleInfo.java:shutdownLeaderElection(134)) - 70834503-2edc-4245-925f-fcee029f7dec: shutdown LeaderElection
2019-08-21 18:55:32,550 [797b0004-b8c3-49ad-acf1-e2929da993b9:group-86FB0DCC5C31:LeaderElection105] INFO  impl.RoleInfo (RoleInfo.java:shutdownLeaderElection(134)) - 797b0004-b8c3-49ad-acf1-e2929da993b9: shutdown LeaderElection
2019-08-21 18:55:32,551 [70834503-2edc-4245-925f-fcee029f7dec:group-86FB0DCC5C31:LeaderElection106] INFO  impl.RaftServerImpl (RaftServerImpl.java:setRole(171)) - 70834503-2edc-4245-925f-fcee029f7dec:group-86FB0DCC5C31 changes role from CANDIDATE to LEADER at term 2 for changeToLeader
2019-08-21 18:55:32,551 [797b0004-b8c3-49ad-acf1-e2929da993b9:group-86FB0DCC5C31:LeaderElection105] INFO  impl.RoleInfo (RoleInfo.java:updateAndGet(143)) - 797b0004-b8c3-49ad-acf1-e2929da993b9: start FollowerState
2019-08-21 18:55:32,551 [70834503-2edc-4245-925f-fcee029f7dec:group-86FB0DCC5C31:LeaderElection106] INFO  impl.RaftServerImpl (ServerState.java:setLeader(263)) - 70834503-2edc-4245-925f-fcee029f7dec:group-86FB0DCC5C31 change Leader from null to 70834503-2edc-4245-925f-fcee029f7dec at term 2 for becomeLeader, leader elected after 10191ms
2019-08-21 18:55:32,551 [70834503-2edc-4245-925f-fcee029f7dec:group-86FB0DCC5C31:LeaderElection106] INFO  server.RaftServerConfigKeys (ConfUtils.java:logGet(43)) - raft.server.staging.catchup.gap = 1000 (default)
2019-08-21 18:55:32,551 [70834503-2edc-4245-925f-fcee029f7dec:group-86FB0DCC5C31:LeaderElection106] INFO  server.RaftServerConfigKeys (ConfUtils.java:logGet(43)) - raft.server.rpc.sleep.time = 25ms (default)
2019-08-21 18:55:32,552 [70834503-2edc-4245-925f-fcee029f7dec:group-86FB0DCC5C31:LeaderElection106] INFO  server.RaftServerConfigKeys (ConfUtils.java:logGet(43)) - raft.server.write.element-limit = 4096 (default)
2019-08-21 18:55:32,552 [70834503-2edc-4245-925f-fcee029f7dec:group-86FB0DCC5C31:LeaderElection106] INFO  server.RaftServerConfigKeys (ConfUtils.java:logGet(43)) - raft.server.watch.timeout = 10s (default)
2019-08-21 18:55:32,552 [70834503-2edc-4245-925f-fcee029f7dec:group-86FB0DCC5C31:LeaderElection106] INFO  server.RaftServerConfigKeys (ConfUtils.java:logGet(43)) - raft.server.watch.timeout.denomination = 1s (default)
2019-08-21 18:55:32,552 [70834503-2edc-4245-925f-fcee029f7dec:group-86FB0DCC5C31:LeaderElection106] INFO  server.RaftServerConfigKeys (ConfUtils.java:logGet(43)) - raft.server.watch.element-limit = 65536 (default)
2019-08-21 18:55:32,552 [70834503-2edc-4245-925f-fcee029f7dec:group-86FB0DCC5C31:LeaderElection106] INFO  server.RaftServerConfigKeys (ConfUtils.java:logGet(43)) - raft.server.log.appender.snapshot.chunk.size.max = 16MB (=16777216) (default)
2019-08-21 18:55:32,553 [70834503-2edc-4245-925f-fcee029f7dec:group-86FB0DCC5C31:LeaderElection106] INFO  server.RaftServerConfigKeys (ConfUtils.java:logGet(43)) - raft.server.log.appender.buffer.byte-limit = 33554432 (custom)
2019-08-21 18:55:32,553 [70834503-2edc-4245-925f-fcee029f7dec:group-86FB0DCC5C31:LeaderElection106] INFO  server.RaftServerConfigKeys (ConfUtils.java:logGet(43)) - raft.server.log.appender.buffer.element-limit = 1 (custom)
2019-08-21 18:55:32,553 [70834503-2edc-4245-925f-fcee029f7dec:group-86FB0DCC5C31:LeaderElection106] INFO  grpc.GrpcConfigKeys$Server (ConfUtils.java:logGet(43)) - raft.grpc.server.leader.outstanding.appends.max = 128 (default)
2019-08-21 18:55:32,553 [70834503-2edc-4245-925f-fcee029f7dec:group-86FB0DCC5C31:LeaderElection106] INFO  server.RaftServerConfigKeys (ConfUtils.java:logGet(43)) - raft.server.rpc.request.timeout = 3000ms (default)
2019-08-21 18:55:32,553 [70834503-2edc-4245-925f-fcee029f7dec:group-86FB0DCC5C31:LeaderElection106] INFO  server.RaftServerConfigKeys (ConfUtils.java:logGet(43)) - raft.server.log.appender.install.snapshot.enabled = false (custom)
2019-08-21 18:55:32,554 [70834503-2edc-4245-925f-fcee029f7dec:group-86FB0DCC5C31:LeaderElection106] INFO  server.RaftServerConfigKeys (ConfUtils.java:logGet(43)) - raft.server.log.appender.snapshot.chunk.size.max = 16MB (=16777216) (default)
2019-08-21 18:55:32,554 [70834503-2edc-4245-925f-fcee029f7dec:group-86FB0DCC5C31:LeaderElection106] INFO  server.RaftServerConfigKeys (ConfUtils.java:logGet(43)) - raft.server.log.appender.buffer.byte-limit = 33554432 (custom)
2019-08-21 18:55:32,554 [70834503-2edc-4245-925f-fcee029f7dec:group-86FB0DCC5C31:LeaderElection106] INFO  server.RaftServerConfigKeys (ConfUtils.java:logGet(43)) - raft.server.log.appender.buffer.element-limit = 1 (custom)
2019-08-21 18:55:32,554 [70834503-2edc-4245-925f-fcee029f7dec:group-86FB0DCC5C31:LeaderElection106] INFO  grpc.GrpcConfigKeys$Server (ConfUtils.java:logGet(43)) - raft.grpc.server.leader.outstanding.appends.max = 128 (default)
2019-08-21 18:55:32,554 [70834503-2edc-4245-925f-fcee029f7dec:group-86FB0DCC5C31:LeaderElection106] INFO  server.RaftServerConfigKeys (ConfUtils.java:logGet(43)) - raft.server.rpc.request.timeout = 3000ms (default)
2019-08-21 18:55:32,554 [70834503-2edc-4245-925f-fcee029f7dec:group-86FB0DCC5C31:LeaderElection106] INFO  server.RaftServerConfigKeys (ConfUtils.java:logGet(43)) - raft.server.log.appender.install.snapshot.enabled = false (custom)
2019-08-21 18:55:32,555 [70834503-2edc-4245-925f-fcee029f7dec:group-86FB0DCC5C31:LeaderElection106] INFO  impl.RoleInfo (RoleInfo.java:updateAndGet(143)) - 70834503-2edc-4245-925f-fcee029f7dec: start LeaderState
2019-08-21 18:55:32,555 [70834503-2edc-4245-925f-fcee029f7dec:group-86FB0DCC5C31:LeaderElection106] INFO  segmented.SegmentedRaftLogWorker (SegmentedRaftLogWorker.java:startLogSegment(380)) - 70834503-2edc-4245-925f-fcee029f7dec-SegmentedRaftLogWorker:Storage Directory /workdir/hadoop-ozone/integration-test/target/test-dir/MiniOzoneClusterImpl-41c02fe8-38d4-41ce-91e4-307d8e6896e2/datanode-0/data/ratis/f9ab71f4-cf19-40e4-b552-86fb0dcc5c31: Starting segment from index:0
2019-08-21 18:55:32,556 [70834503-2edc-4245-925f-fcee029f7dec:group-86FB0DCC5C31:LeaderElection106] INFO  impl.RaftServerImpl (ServerState.java:setRaftConf(361)) - 70834503-2edc-4245-925f-fcee029f7dec:group-86FB0DCC5C31 set configuration 0: [70834503-2edc-4245-925f-fcee029f7dec:192.168.36.125:33370, 797b0004-b8c3-49ad-acf1-e2929da993b9:192.168.36.125:33244, b1bf2634-a55a-4292-98b3-5b3eb35ed415:192.168.36.125:42945], old=null at 0
2019-08-21 18:55:32,557 [grpc-default-executor-10] INFO  impl.RaftServerImpl (ServerState.java:setLeader(263)) - b1bf2634-a55a-4292-98b3-5b3eb35ed415:group-86FB0DCC5C31 change Leader from null to 70834503-2edc-4245-925f-fcee029f7dec at term 2 for appendEntries, leader elected after 10197ms
2019-08-21 18:55:32,557 [grpc-default-executor-2] INFO  impl.RaftServerImpl (ServerState.java:setLeader(263)) - 797b0004-b8c3-49ad-acf1-e2929da993b9:group-86FB0DCC5C31 change Leader from null to 70834503-2edc-4245-925f-fcee029f7dec at term 2 for appendEntries, leader elected after 10198ms
2019-08-21 18:55:32,559 [grpc-default-executor-2] INFO  impl.RaftServerImpl (ServerState.java:setRaftConf(361)) - b1bf2634-a55a-4292-98b3-5b3eb35ed415:group-86FB0DCC5C31 set configuration 0: [70834503-2edc-4245-925f-fcee029f7dec:192.168.36.125:33370, 797b0004-b8c3-49ad-acf1-e2929da993b9:192.168.36.125:33244, b1bf2634-a55a-4292-98b3-5b3eb35ed415:192.168.36.125:42945], old=null at 0
2019-08-21 18:55:32,559 [grpc-default-executor-10] INFO  impl.RaftServerImpl (ServerState.java:setRaftConf(361)) - 797b0004-b8c3-49ad-acf1-e2929da993b9:group-86FB0DCC5C31 set configuration 0: [70834503-2edc-4245-925f-fcee029f7dec:192.168.36.125:33370, 797b0004-b8c3-49ad-acf1-e2929da993b9:192.168.36.125:33244, b1bf2634-a55a-4292-98b3-5b3eb35ed415:192.168.36.125:42945], old=null at 0
2019-08-21 18:55:32,560 [grpc-default-executor-2] INFO  segmented.SegmentedRaftLogWorker (SegmentedRaftLogWorker.java:startLogSegment(380)) - b1bf2634-a55a-4292-98b3-5b3eb35ed415-SegmentedRaftLogWorker:Storage Directory /workdir/hadoop-ozone/integration-test/target/test-dir/MiniOzoneClusterImpl-41c02fe8-38d4-41ce-91e4-307d8e6896e2/datanode-1/data/ratis/f9ab71f4-cf19-40e4-b552-86fb0dcc5c31: Starting segment from index:0
2019-08-21 18:55:32,560 [grpc-default-executor-10] INFO  segmented.SegmentedRaftLogWorker (SegmentedRaftLogWorker.java:startLogSegment(380)) - 797b0004-b8c3-49ad-acf1-e2929da993b9-SegmentedRaftLogWorker:Storage Directory /workdir/hadoop-ozone/integration-test/target/test-dir/MiniOzoneClusterImpl-41c02fe8-38d4-41ce-91e4-307d8e6896e2/datanode-2/data/ratis/f9ab71f4-cf19-40e4-b552-86fb0dcc5c31: Starting segment from index:0
2019-08-21 18:55:32,609 [797b0004-b8c3-49ad-acf1-e2929da993b9-SegmentedRaftLogWorker:Storage Directory /workdir/hadoop-ozone/integration-test/target/test-dir/MiniOzoneClusterImpl-41c02fe8-38d4-41ce-91e4-307d8e6896e2/datanode-2/data/ratis/f9ab71f4-cf19-40e4-b552-86fb0dcc5c31] INFO  segmented.SegmentedRaftLogWorker (SegmentedRaftLogWorker.java:execute(569)) - 797b0004-b8c3-49ad-acf1-e2929da993b9-SegmentedRaftLogWorker:Storage Directory /workdir/hadoop-ozone/integration-test/target/test-dir/MiniOzoneClusterImpl-41c02fe8-38d4-41ce-91e4-307d8e6896e2/datanode-2/data/ratis/f9ab71f4-cf19-40e4-b552-86fb0dcc5c31: created new log segment /workdir/hadoop-ozone/integration-test/target/test-dir/MiniOzoneClusterImpl-41c02fe8-38d4-41ce-91e4-307d8e6896e2/datanode-2/data/ratis/f9ab71f4-cf19-40e4-b552-86fb0dcc5c31/current/log_inprogress_0
2019-08-21 18:55:32,609 [70834503-2edc-4245-925f-fcee029f7dec-SegmentedRaftLogWorker:Storage Directory /workdir/hadoop-ozone/integration-test/target/test-dir/MiniOzoneClusterImpl-41c02fe8-38d4-41ce-91e4-307d8e6896e2/datanode-0/data/ratis/f9ab71f4-cf19-40e4-b552-86fb0dcc5c31] INFO  segmented.SegmentedRaftLogWorker (SegmentedRaftLogWorker.java:execute(569)) - 70834503-2edc-4245-925f-fcee029f7dec-SegmentedRaftLogWorker:Storage Directory /workdir/hadoop-ozone/integration-test/target/test-dir/MiniOzoneClusterImpl-41c02fe8-38d4-41ce-91e4-307d8e6896e2/datanode-0/data/ratis/f9ab71f4-cf19-40e4-b552-86fb0dcc5c31: created new log segment /workdir/hadoop-ozone/integration-test/target/test-dir/MiniOzoneClusterImpl-41c02fe8-38d4-41ce-91e4-307d8e6896e2/datanode-0/data/ratis/f9ab71f4-cf19-40e4-b552-86fb0dcc5c31/current/log_inprogress_0
2019-08-21 18:55:32,622 [b1bf2634-a55a-4292-98b3-5b3eb35ed415-SegmentedRaftLogWorker:Storage Directory /workdir/hadoop-ozone/integration-test/target/test-dir/MiniOzoneClusterImpl-41c02fe8-38d4-41ce-91e4-307d8e6896e2/datanode-1/data/ratis/f9ab71f4-cf19-40e4-b552-86fb0dcc5c31] INFO  segmented.SegmentedRaftLogWorker (SegmentedRaftLogWorker.java:execute(569)) - b1bf2634-a55a-4292-98b3-5b3eb35ed415-SegmentedRaftLogWorker:Storage Directory /workdir/hadoop-ozone/integration-test/target/test-dir/MiniOzoneClusterImpl-41c02fe8-38d4-41ce-91e4-307d8e6896e2/datanode-1/data/ratis/f9ab71f4-cf19-40e4-b552-86fb0dcc5c31: created new log segment /workdir/hadoop-ozone/integration-test/target/test-dir/MiniOzoneClusterImpl-41c02fe8-38d4-41ce-91e4-307d8e6896e2/datanode-1/data/ratis/f9ab71f4-cf19-40e4-b552-86fb0dcc5c31/current/log_inprogress_0
2019-08-21 18:55:32,717 | INFO  | SCMAudit | user=jenkins1000 | ip=192.168.36.125 | op=SEND_HEARTBEAT {datanodeUUID=a0967e03-aad6-49e6-846b-c8134af623ea, command=[]} | ret=SUCCESS |  
2019-08-21 18:55:32,921 | INFO  | SCMAudit | user=jenkins1000 | ip=192.168.36.125 | op=SEND_HEARTBEAT {datanodeUUID=c2260f53-4216-4674-950d-92091259ffb1, command=[]} | ret=SUCCESS |  
2019-08-21 18:55:33,057 | INFO  | SCMAudit | user=jenkins1000 | ip=192.168.36.125 | op=SEND_HEARTBEAT {datanodeUUID=b1bf2634-a55a-4292-98b3-5b3eb35ed415, command=[]} | ret=SUCCESS |  
2019-08-21 18:55:33,144 | INFO  | SCMAudit | user=jenkins1000 | ip=192.168.36.125 | op=SEND_HEARTBEAT {datanodeUUID=1ffe30da-7604-461d-ace9-714b6d5524df, command=[]} | ret=SUCCESS |  
2019-08-21 18:55:33,249 | INFO  | SCMAudit | user=jenkins1000 | ip=192.168.36.125 | op=SEND_HEARTBEAT {datanodeUUID=797b0004-b8c3-49ad-acf1-e2929da993b9, command=[]} | ret=SUCCESS |  
2019-08-21 18:55:33,327 [grpc-default-executor-2] INFO  client.GrpcClientProtocolClient (GrpcClientProtocolClient.java:onNext(255)) - client-F1A9621D354E->b1bf2634-a55a-4292-98b3-5b3eb35ed415: receive RaftClientReply:client-F1A9621D354E->b1bf2634-a55a-4292-98b3-5b3eb35ed415@group-86FB0DCC5C31, cid=193, FAILED org.apache.ratis.protocol.NotLeaderException: Server b1bf2634-a55a-4292-98b3-5b3eb35ed415 is not the leader (70834503-2edc-4245-925f-fcee029f7dec:192.168.36.125:33370). Request must be sent to leader., logIndex=0, commits[b1bf2634-a55a-4292-98b3-5b3eb35ed415:c-1, 70834503-2edc-4245-925f-fcee029f7dec:c-1, 797b0004-b8c3-49ad-acf1-e2929da993b9:c-1]
2019-08-21 18:55:33,504 | INFO  | DNAudit | user=null | ip=null | op=WRITE_CHUNK {blockData=conID: 1 locID: 102656489829040142 bcsId: 0} | ret=SUCCESS |  
2019-08-21 18:55:33,504 | INFO  | DNAudit | user=null | ip=null | op=WRITE_CHUNK {blockData=conID: 1 locID: 102656489829040142 bcsId: 0} | ret=SUCCESS |  
2019-08-21 18:55:33,504 | INFO  | DNAudit | user=null | ip=null | op=WRITE_CHUNK {blockData=conID: 1 locID: 102656489829040142 bcsId: 0} | ret=SUCCESS |  
2019-08-21 18:55:33,504 | INFO  | SCMAudit | user=jenkins1000 | ip=192.168.36.125 | op=SEND_HEARTBEAT {datanodeUUID=797b0004-b8c3-49ad-acf1-e2929da993b9, command=[]} | ret=SUCCESS |  
2019-08-21 18:55:33,504 | INFO  | SCMAudit | user=jenkins1000 | ip=192.168.36.125 | op=SEND_HEARTBEAT {datanodeUUID=70834503-2edc-4245-925f-fcee029f7dec, command=[]} | ret=SUCCESS |  
2019-08-21 18:55:33,504 | INFO  | SCMAudit | user=jenkins1000 | ip=192.168.36.125 | op=SEND_HEARTBEAT {datanodeUUID=b1bf2634-a55a-4292-98b3-5b3eb35ed415, command=[]} | ret=SUCCESS |  
2019-08-21 18:55:33,513 | INFO  | SCMAudit | user=jenkins1000 | ip=192.168.36.125 | op=SEND_HEARTBEAT {datanodeUUID=552776ad-4e33-4e75-810b-5f57bcc17043, command=[]} | ret=SUCCESS |  
2019-08-21 18:55:33,520 | INFO  | DNAudit | user=null | ip=null | op=WRITE_CHUNK {blockData=conID: 1 locID: 102656489829040142 bcsId: 0} | ret=SUCCESS |  
2019-08-21 18:55:33,524 [grpc-default-executor-7] INFO  client.GrpcClientProtocolClient (GrpcClientProtocolClient.java:onNext(255)) - client-F1A9621D354E->70834503-2edc-4245-925f-fcee029f7dec: receive RaftClientReply:client-F1A9621D354E->70834503-2edc-4245-925f-fcee029f7dec@group-86FB0DCC5C31, cid=193, SUCCESS, logIndex=1, commits[70834503-2edc-4245-925f-fcee029f7dec:c1, 797b0004-b8c3-49ad-acf1-e2929da993b9:c0, b1bf2634-a55a-4292-98b3-5b3eb35ed415:c0]
2019-08-21 18:55:33,529 | INFO  | DNAudit | user=null | ip=null | op=WRITE_CHUNK {blockData=conID: 1 locID: 102656489829040142 bcsId: 0} | ret=SUCCESS |  
2019-08-21 18:55:33,530 | INFO  | DNAudit | user=null | ip=null | op=WRITE_CHUNK {blockData=conID: 1 locID: 102656489829040142 bcsId: 0} | ret=SUCCESS |  
2019-08-21 18:55:33,531 | INFO  | DNAudit | user=null | ip=null | op=WRITE_CHUNK {blockData=conID: 1 locID: 102656489829040142 bcsId: 0} | ret=SUCCESS |  
2019-08-21 18:55:33,531 | INFO  | DNAudit | user=null | ip=null | op=WRITE_CHUNK {blockData=conID: 1 locID: 102656489829040142 bcsId: 0} | ret=SUCCESS |  
2019-08-21 18:55:33,532 | INFO  | DNAudit | user=null | ip=null | op=WRITE_CHUNK {blockData=conID: 1 locID: 102656489829040142 bcsId: 0} | ret=SUCCESS |  
2019-08-21 18:55:33,532 | INFO  | DNAudit | user=null | ip=null | op=WRITE_CHUNK {blockData=conID: 1 locID: 102656489829040142 bcsId: 0} | ret=SUCCESS |  
2019-08-21 18:55:33,533 | INFO  | DNAudit | user=null | ip=null | op=WRITE_CHUNK {blockData=conID: 1 locID: 102656489829040142 bcsId: 0} | ret=SUCCESS |  
2019-08-21 18:55:33,536 | INFO  | DNAudit | user=null | ip=null | op=WRITE_CHUNK {blockData=conID: 1 locID: 102656489829040142 bcsId: 0} | ret=SUCCESS |  
2019-08-21 18:55:33,536 | INFO  | DNAudit | user=null | ip=null | op=WRITE_CHUNK {blockData=conID: 1 locID: 102656489829040142 bcsId: 0} | ret=SUCCESS |  
2019-08-21 18:55:33,536 | INFO  | DNAudit | user=null | ip=null | op=WRITE_CHUNK {blockData=conID: 1 locID: 102656489829040142 bcsId: 0} | ret=SUCCESS |  
2019-08-21 18:55:33,536 | INFO  | DNAudit | user=null | ip=null | op=WRITE_CHUNK {blockData=conID: 1 locID: 102656489829040142 bcsId: 0} | ret=SUCCESS |  
2019-08-21 18:55:33,544 | INFO  | DNAudit | user=null | ip=null | op=WRITE_CHUNK {blockData=conID: 1 locID: 102656489829040142 bcsId: 0} | ret=SUCCESS |  
2019-08-21 18:55:33,547 [grpc-default-executor-2] INFO  client.GrpcClientProtocolClient (GrpcClientProtocolClient.java:onNext(255)) - client-F1A9621D354E->70834503-2edc-4245-925f-fcee029f7dec: receive RaftClientReply:client-F1A9621D354E->70834503-2edc-4245-925f-fcee029f7dec@group-86FB0DCC5C31, cid=194, SUCCESS, logIndex=3, commits[70834503-2edc-4245-925f-fcee029f7dec:c4, 797b0004-b8c3-49ad-acf1-e2929da993b9:c1, b1bf2634-a55a-4292-98b3-5b3eb35ed415:c1]
2019-08-21 18:55:33,566 | INFO  | DNAudit | user=null | ip=null | op=WRITE_CHUNK {blockData=conID: 1 locID: 102656489829040142 bcsId: 0} | ret=SUCCESS |  
2019-08-21 18:55:33,566 | INFO  | DNAudit | user=null | ip=null | op=WRITE_CHUNK {blockData=conID: 1 locID: 102656489829040142 bcsId: 0} | ret=SUCCESS |  
2019-08-21 18:55:33,625 | INFO  | DNAudit | user=null | ip=null | op=PUT_BLOCK {blockData=[blockId=conID: 1 locID: 102656489829040142 bcsId: 0,size=200]} | ret=SUCCESS |  
2019-08-21 18:55:33,626 | INFO  | DNAudit | user=null | ip=null | op=WRITE_CHUNK {blockData=conID: 1 locID: 102656489829040142 bcsId: 0} | ret=SUCCESS |  
2019-08-21 18:55:33,627 | INFO  | DNAudit | user=null | ip=null | op=WRITE_CHUNK {blockData=conID: 1 locID: 102656489829040142 bcsId: 0} | ret=SUCCESS |  
2019-08-21 18:55:33,627 [grpc-default-executor-2] INFO  client.GrpcClientProtocolClient (GrpcClientProtocolClient.java:onNext(255)) - client-F1A9621D354E->70834503-2edc-4245-925f-fcee029f7dec: receive RaftClientReply:client-F1A9621D354E->70834503-2edc-4245-925f-fcee029f7dec@group-86FB0DCC5C31, cid=195, SUCCESS, logIndex=4, commits[70834503-2edc-4245-925f-fcee029f7dec:c12, 797b0004-b8c3-49ad-acf1-e2929da993b9:c7, b1bf2634-a55a-4292-98b3-5b3eb35ed415:c7]
2019-08-21 18:55:33,628 [grpc-default-executor-2] INFO  client.GrpcClientProtocolClient (GrpcClientProtocolClient.java:onNext(255)) - client-F1A9621D354E->70834503-2edc-4245-925f-fcee029f7dec: receive RaftClientReply:client-F1A9621D354E->70834503-2edc-4245-925f-fcee029f7dec@group-86FB0DCC5C31, cid=196, SUCCESS, logIndex=5, commits[70834503-2edc-4245-925f-fcee029f7dec:c12, 797b0004-b8c3-49ad-acf1-e2929da993b9:c7, b1bf2634-a55a-4292-98b3-5b3eb35ed415:c7]
2019-08-21 18:55:33,628 [grpc-default-executor-2] INFO  client.GrpcClientProtocolClient (GrpcClientProtocolClient.java:onNext(255)) - client-F1A9621D354E->70834503-2edc-4245-925f-fcee029f7dec: receive RaftClientReply:client-F1A9621D354E->70834503-2edc-4245-925f-fcee029f7dec@group-86FB0DCC5C31, cid=197, SUCCESS, logIndex=6, commits[70834503-2edc-4245-925f-fcee029f7dec:c12, 797b0004-b8c3-49ad-acf1-e2929da993b9:c7, b1bf2634-a55a-4292-98b3-5b3eb35ed415:c7]
2019-08-21 18:55:33,706 | INFO  | DNAudit | user=null | ip=null | op=PUT_BLOCK {blockData=[blockId=conID: 1 locID: 102656489829040142 bcsId: 0,size=200]} | ret=SUCCESS |  
2019-08-21 18:55:33,707 | INFO  | DNAudit | user=null | ip=null | op=WRITE_CHUNK {blockData=conID: 1 locID: 102656489829040142 bcsId: 0} | ret=SUCCESS |  
2019-08-21 18:55:33,707 | INFO  | DNAudit | user=null | ip=null | op=WRITE_CHUNK {blockData=conID: 1 locID: 102656489829040142 bcsId: 0} | ret=SUCCESS |  
2019-08-21 18:55:33,717 | INFO  | SCMAudit | user=jenkins1000 | ip=192.168.36.125 | op=SEND_HEARTBEAT {datanodeUUID=a0967e03-aad6-49e6-846b-c8134af623ea, command=[]} | ret=SUCCESS |  
2019-08-21 18:55:33,786 | INFO  | DNAudit | user=null | ip=null | op=PUT_BLOCK {blockData=[blockId=conID: 1 locID: 102656489829040142 bcsId: 0,size=200]} | ret=SUCCESS |  
2019-08-21 18:55:33,786 | INFO  | DNAudit | user=null | ip=null | op=PUT_BLOCK {blockData=[blockId=conID: 1 locID: 102656489829040142 bcsId: 0,size=400]} | ret=SUCCESS |  
2019-08-21 18:55:33,786 | INFO  | DNAudit | user=null | ip=null | op=PUT_BLOCK {blockData=[blockId=conID: 1 locID: 102656489829040142 bcsId: 0,size=400]} | ret=SUCCESS |  
2019-08-21 18:55:33,787 | INFO  | DNAudit | user=null | ip=null | op=WRITE_CHUNK {blockData=conID: 1 locID: 102656489829040142 bcsId: 0} | ret=SUCCESS |  
2019-08-21 18:55:33,787 | INFO  | DNAudit | user=null | ip=null | op=WRITE_CHUNK {blockData=conID: 1 locID: 102656489829040142 bcsId: 0} | ret=SUCCESS |  
2019-08-21 18:55:33,788 | INFO  | DNAudit | user=null | ip=null | op=PUT_BLOCK {blockData=[blockId=conID: 1 locID: 102656489829040142 bcsId: 0,size=400]} | ret=SUCCESS |  
2019-08-21 18:55:33,788 [grpc-default-executor-2] INFO  client.GrpcClientProtocolClient (GrpcClientProtocolClient.java:onNext(255)) - client-F1A9621D354E->70834503-2edc-4245-925f-fcee029f7dec: receive RaftClientReply:client-F1A9621D354E->70834503-2edc-4245-925f-fcee029f7dec@group-86FB0DCC5C31, cid=198, SUCCESS, logIndex=7, commits[70834503-2edc-4245-925f-fcee029f7dec:c12, 797b0004-b8c3-49ad-acf1-e2929da993b9:c7, b1bf2634-a55a-4292-98b3-5b3eb35ed415:c7]
2019-08-21 18:55:33,800 | INFO  | DNAudit | user=null | ip=null | op=WRITE_CHUNK {blockData=conID: 1 locID: 102656489829040142 bcsId: 7} | ret=SUCCESS |  
2019-08-21 18:55:33,802 | INFO  | DNAudit | user=null | ip=null | op=WRITE_CHUNK {blockData=conID: 1 locID: 102656489829040142 bcsId: 7} | ret=SUCCESS |  
2019-08-21 18:55:33,802 | INFO  | DNAudit | user=null | ip=null | op=WRITE_CHUNK {blockData=conID: 1 locID: 102656489829040142 bcsId: 7} | ret=SUCCESS |  
2019-08-21 18:55:33,817 | INFO  | DNAudit | user=null | ip=null | op=WRITE_CHUNK {blockData=conID: 1 locID: 102656489829040142 bcsId: 7} | ret=SUCCESS |  
2019-08-21 18:55:33,823 | INFO  | DNAudit | user=null | ip=null | op=PUT_BLOCK {blockData=[blockId=conID: 1 locID: 102656489829040142 bcsId: 0,size=450]} | ret=SUCCESS |  
2019-08-21 18:55:33,823 [grpc-default-executor-2] INFO  client.GrpcClientProtocolClient (GrpcClientProtocolClient.java:onNext(255)) - client-F1A9621D354E->70834503-2edc-4245-925f-fcee029f7dec: receive RaftClientReply:client-F1A9621D354E->70834503-2edc-4245-925f-fcee029f7dec@group-86FB0DCC5C31, cid=199, SUCCESS, logIndex=13, commits[70834503-2edc-4245-925f-fcee029f7dec:c14, 797b0004-b8c3-49ad-acf1-e2929da993b9:c12, b1bf2634-a55a-4292-98b3-5b3eb35ed415:c12]
2019-08-21 18:55:33,825 [grpc-default-executor-2] INFO  client.GrpcClientProtocolClient (GrpcClientProtocolClient.java:onNext(255)) - client-F1A9621D354E->70834503-2edc-4245-925f-fcee029f7dec: receive RaftClientReply:client-F1A9621D354E->70834503-2edc-4245-925f-fcee029f7dec@group-86FB0DCC5C31, cid=200, SUCCESS, logIndex=14, commits[70834503-2edc-4245-925f-fcee029f7dec:c14, 797b0004-b8c3-49ad-acf1-e2929da993b9:c12, b1bf2634-a55a-4292-98b3-5b3eb35ed415:c12]
2019-08-21 18:55:33,835 | INFO  | DNAudit | user=null | ip=null | op=WRITE_CHUNK {blockData=conID: 1 locID: 102656489829040142 bcsId: 7} | ret=SUCCESS |  
2019-08-21 18:55:33,835 | INFO  | DNAudit | user=null | ip=null | op=WRITE_CHUNK {blockData=conID: 1 locID: 102656489829040142 bcsId: 7} | ret=SUCCESS |  
2019-08-21 18:55:33,843 | INFO  | DNAudit | user=null | ip=null | op=PUT_BLOCK {blockData=[blockId=conID: 1 locID: 102656489829040142 bcsId: 0,size=450]} | ret=SUCCESS |  
2019-08-21 18:55:33,843 | INFO  | DNAudit | user=null | ip=null | op=PUT_BLOCK {blockData=[blockId=conID: 1 locID: 102656489829040142 bcsId: 0,size=450]} | ret=SUCCESS |  
2019-08-21 18:55:33,844 [grpc-default-executor-2] INFO  client.GrpcClientProtocolClient (GrpcClientProtocolClient.java:onNext(255)) - client-F1A9621D354E->70834503-2edc-4245-925f-fcee029f7dec: receive RaftClientReply:client-F1A9621D354E->70834503-2edc-4245-925f-fcee029f7dec@group-86FB0DCC5C31, cid=201, SUCCESS, logIndex=0, commits[70834503-2edc-4245-925f-fcee029f7dec:c15, 797b0004-b8c3-49ad-acf1-e2929da993b9:c14, b1bf2634-a55a-4292-98b3-5b3eb35ed415:c14]
2019-08-21 18:55:33,845 [main] INFO  datanode.ObjectStoreHandler (ObjectStoreHandler.java:close(155)) - Closing ObjectStoreHandler.
2019-08-21 18:55:33,848 [main] INFO  ozone.HddsDatanodeService (HddsDatanodeService.java:stop(451)) - Stopped plug-in org.apache.hadoop.ozone.web.OzoneHddsDatanodeService@688e6d4e
2019-08-21 18:55:33,922 | INFO  | SCMAudit | user=jenkins1000 | ip=192.168.36.125 | op=SEND_HEARTBEAT {datanodeUUID=c2260f53-4216-4674-950d-92091259ffb1, command=[]} | ret=SUCCESS |  
2019-08-21 18:55:34,144 | INFO  | SCMAudit | user=jenkins1000 | ip=192.168.36.125 | op=SEND_HEARTBEAT {datanodeUUID=1ffe30da-7604-461d-ace9-714b6d5524df, command=[]} | ret=SUCCESS |  
2019-08-21 18:55:34,503 [Datanode State Machine Thread - 0] INFO  statemachine.DatanodeStateMachine (DatanodeStateMachine.java:lambda$startDaemon$0(350)) - Ozone container server started.
2019-08-21 18:55:34,503 | INFO  | SCMAudit | user=jenkins1000 | ip=192.168.36.125 | op=SEND_HEARTBEAT {datanodeUUID=70834503-2edc-4245-925f-fcee029f7dec, command=[]} | ret=SUCCESS |  
2019-08-21 18:55:34,503 | INFO  | SCMAudit | user=jenkins1000 | ip=192.168.36.125 | op=SEND_HEARTBEAT {datanodeUUID=b1bf2634-a55a-4292-98b3-5b3eb35ed415, command=[]} | ret=SUCCESS |  
2019-08-21 18:55:34,513 | INFO  | SCMAudit | user=jenkins1000 | ip=192.168.36.125 | op=SEND_HEARTBEAT {datanodeUUID=552776ad-4e33-4e75-810b-5f57bcc17043, command=[]} | ret=SUCCESS |  
2019-08-21 18:55:34,717 | INFO  | SCMAudit | user=jenkins1000 | ip=192.168.36.125 | op=SEND_HEARTBEAT {datanodeUUID=a0967e03-aad6-49e6-846b-c8134af623ea, command=[]} | ret=SUCCESS |  
2019-08-21 18:55:34,922 | INFO  | SCMAudit | user=jenkins1000 | ip=192.168.36.125 | op=SEND_HEARTBEAT {datanodeUUID=c2260f53-4216-4674-950d-92091259ffb1, command=[]} | ret=SUCCESS |  
2019-08-21 18:55:35,143 | INFO  | SCMAudit | user=jenkins1000 | ip=192.168.36.125 | op=SEND_HEARTBEAT {datanodeUUID=1ffe30da-7604-461d-ace9-714b6d5524df, command=[]} | ret=SUCCESS |  
2019-08-21 18:55:35,504 | INFO  | SCMAudit | user=jenkins1000 | ip=192.168.36.125 | op=SEND_HEARTBEAT {datanodeUUID=70834503-2edc-4245-925f-fcee029f7dec, command=[]} | ret=SUCCESS |  
2019-08-21 18:55:35,504 | INFO  | SCMAudit | user=jenkins1000 | ip=192.168.36.125 | op=SEND_HEARTBEAT {datanodeUUID=b1bf2634-a55a-4292-98b3-5b3eb35ed415, command=[]} | ret=SUCCESS |  
2019-08-21 18:55:35,513 | INFO  | SCMAudit | user=jenkins1000 | ip=192.168.36.125 | op=SEND_HEARTBEAT {datanodeUUID=552776ad-4e33-4e75-810b-5f57bcc17043, command=[]} | ret=SUCCESS |  
2019-08-21 18:55:35,717 | INFO  | SCMAudit | user=jenkins1000 | ip=192.168.36.125 | op=SEND_HEARTBEAT {datanodeUUID=a0967e03-aad6-49e6-846b-c8134af623ea, command=[]} | ret=SUCCESS |  
2019-08-21 18:55:35,922 | INFO  | SCMAudit | user=jenkins1000 | ip=192.168.36.125 | op=SEND_HEARTBEAT {datanodeUUID=c2260f53-4216-4674-950d-92091259ffb1, command=[]} | ret=SUCCESS |  
2019-08-21 18:55:36,144 | INFO  | SCMAudit | user=jenkins1000 | ip=192.168.36.125 | op=SEND_HEARTBEAT {datanodeUUID=1ffe30da-7604-461d-ace9-714b6d5524df, command=[]} | ret=SUCCESS |  
2019-08-21 18:55:36,504 | INFO  | SCMAudit | user=jenkins1000 | ip=192.168.36.125 | op=SEND_HEARTBEAT {datanodeUUID=b1bf2634-a55a-4292-98b3-5b3eb35ed415, command=[]} | ret=SUCCESS |  
2019-08-21 18:55:36,504 | INFO  | SCMAudit | user=jenkins1000 | ip=192.168.36.125 | op=SEND_HEARTBEAT {datanodeUUID=70834503-2edc-4245-925f-fcee029f7dec, command=[]} | ret=SUCCESS |  
2019-08-21 18:55:36,513 | INFO  | SCMAudit | user=jenkins1000 | ip=192.168.36.125 | op=SEND_HEARTBEAT {datanodeUUID=552776ad-4e33-4e75-810b-5f57bcc17043, command=[]} | ret=SUCCESS |  
2019-08-21 18:55:36,718 | INFO  | SCMAudit | user=jenkins1000 | ip=192.168.36.125 | op=SEND_HEARTBEAT {datanodeUUID=a0967e03-aad6-49e6-846b-c8134af623ea, command=[]} | ret=SUCCESS |  
2019-08-21 18:55:36,923 | INFO  | SCMAudit | user=jenkins1000 | ip=192.168.36.125 | op=SEND_HEARTBEAT {datanodeUUID=c2260f53-4216-4674-950d-92091259ffb1, command=[]} | ret=SUCCESS |  
2019-08-21 18:55:37,144 | INFO  | SCMAudit | user=jenkins1000 | ip=192.168.36.125 | op=SEND_HEARTBEAT {datanodeUUID=1ffe30da-7604-461d-ace9-714b6d5524df, command=[]} | ret=SUCCESS |  
2019-08-21 18:55:37,504 | INFO  | SCMAudit | user=jenkins1000 | ip=192.168.36.125 | op=SEND_HEARTBEAT {datanodeUUID=70834503-2edc-4245-925f-fcee029f7dec, command=[]} | ret=SUCCESS |  
2019-08-21 18:55:37,504 | INFO  | SCMAudit | user=jenkins1000 | ip=192.168.36.125 | op=SEND_HEARTBEAT {datanodeUUID=b1bf2634-a55a-4292-98b3-5b3eb35ed415, command=[]} | ret=SUCCESS |  
2019-08-21 18:55:37,513 | INFO  | SCMAudit | user=jenkins1000 | ip=192.168.36.125 | op=SEND_HEARTBEAT {datanodeUUID=552776ad-4e33-4e75-810b-5f57bcc17043, command=[]} | ret=SUCCESS |  
2019-08-21 18:55:37,718 | INFO  | SCMAudit | user=jenkins1000 | ip=192.168.36.125 | op=SEND_HEARTBEAT {datanodeUUID=a0967e03-aad6-49e6-846b-c8134af623ea, command=[]} | ret=SUCCESS |  
2019-08-21 18:55:37,923 | INFO  | SCMAudit | user=jenkins1000 | ip=192.168.36.125 | op=SEND_HEARTBEAT {datanodeUUID=c2260f53-4216-4674-950d-92091259ffb1, command=[]} | ret=SUCCESS |  
2019-08-21 18:55:38,145 | INFO  | SCMAudit | user=jenkins1000 | ip=192.168.36.125 | op=SEND_HEARTBEAT {datanodeUUID=1ffe30da-7604-461d-ace9-714b6d5524df, command=[]} | ret=SUCCESS |  
2019-08-21 18:55:38,505 | INFO  | SCMAudit | user=jenkins1000 | ip=192.168.36.125 | op=SEND_HEARTBEAT {datanodeUUID=70834503-2edc-4245-925f-fcee029f7dec, command=[]} | ret=SUCCESS |  
2019-08-21 18:55:38,505 | INFO  | SCMAudit | user=jenkins1000 | ip=192.168.36.125 | op=SEND_HEARTBEAT {datanodeUUID=b1bf2634-a55a-4292-98b3-5b3eb35ed415, command=[]} | ret=SUCCESS |  
2019-08-21 18:55:38,511 [EventQueue-StaleNodeForStaleNodeHandler] INFO  node.StaleNodeHandler (StaleNodeHandler.java:onMessage(58)) - Datanode 797b0004-b8c3-49ad-acf1-e2929da993b9{ip: 192.168.36.125, host: pr-hdds-1998-57vr7-880049069, networkLocation: /default-rack, certSerialId: null} moved to stale state. Finalizing its pipelines [PipelineID=f9ab71f4-cf19-40e4-b552-86fb0dcc5c31, PipelineID=910fb9f8-61cd-444f-864f-5e1a85368821]
2019-08-21 18:55:38,512 [EventQueue-StaleNodeForStaleNodeHandler] INFO  pipeline.SCMPipelineManager (SCMPipelineManager.java:finalizeAndDestroyPipeline(309)) - destroying pipeline:Pipeline[ Id: f9ab71f4-cf19-40e4-b552-86fb0dcc5c31, Nodes: 797b0004-b8c3-49ad-acf1-e2929da993b9{ip: 192.168.36.125, host: pr-hdds-1998-57vr7-880049069, networkLocation: /default-rack, certSerialId: null}b1bf2634-a55a-4292-98b3-5b3eb35ed415{ip: 192.168.36.125, host: pr-hdds-1998-57vr7-880049069, networkLocation: /default-rack, certSerialId: null}70834503-2edc-4245-925f-fcee029f7dec{ip: 192.168.36.125, host: pr-hdds-1998-57vr7-880049069, networkLocation: /default-rack, certSerialId: null}, Type:RATIS, Factor:THREE, State:OPEN]
2019-08-21 18:55:38,512 [EventQueue-StaleNodeForStaleNodeHandler] INFO  pipeline.PipelineStateManager (PipelineStateManager.java:finalizePipeline(123)) - Pipeline Pipeline[ Id: f9ab71f4-cf19-40e4-b552-86fb0dcc5c31, Nodes: 797b0004-b8c3-49ad-acf1-e2929da993b9{ip: 192.168.36.125, host: pr-hdds-1998-57vr7-880049069, networkLocation: /default-rack, certSerialId: null}b1bf2634-a55a-4292-98b3-5b3eb35ed415{ip: 192.168.36.125, host: pr-hdds-1998-57vr7-880049069, networkLocation: /default-rack, certSerialId: null}70834503-2edc-4245-925f-fcee029f7dec{ip: 192.168.36.125, host: pr-hdds-1998-57vr7-880049069, networkLocation: /default-rack, certSerialId: null}, Type:RATIS, Factor:THREE, State:CLOSED] moved to CLOSED state
2019-08-21 18:55:38,512 [EventQueue-StaleNodeForStaleNodeHandler] INFO  pipeline.SCMPipelineManager (SCMPipelineManager.java:finalizeAndDestroyPipeline(309)) - destroying pipeline:Pipeline[ Id: 910fb9f8-61cd-444f-864f-5e1a85368821, Nodes: 797b0004-b8c3-49ad-acf1-e2929da993b9{ip: 192.168.36.125, host: pr-hdds-1998-57vr7-880049069, networkLocation: /default-rack, certSerialId: null}, Type:RATIS, Factor:ONE, State:OPEN]
2019-08-21 18:55:38,513 [EventQueue-CloseContainerForCloseContainerEventHandler] INFO  container.CloseContainerEventHandler (CloseContainerEventHandler.java:onMessage(61)) - Close container Event triggered for container : #1
2019-08-21 18:55:38,513 [EventQueue-StaleNodeForStaleNodeHandler] INFO  pipeline.PipelineStateManager (PipelineStateManager.java:finalizePipeline(123)) - Pipeline Pipeline[ Id: 910fb9f8-61cd-444f-864f-5e1a85368821, Nodes: 797b0004-b8c3-49ad-acf1-e2929da993b9{ip: 192.168.36.125, host: pr-hdds-1998-57vr7-880049069, networkLocation: /default-rack, certSerialId: null}, Type:RATIS, Factor:ONE, State:CLOSED] moved to CLOSED state
2019-08-21 18:55:38,513 | INFO  | SCMAudit | user=jenkins1000 | ip=192.168.36.125 | op=SEND_HEARTBEAT {datanodeUUID=552776ad-4e33-4e75-810b-5f57bcc17043, command=[]} | ret=SUCCESS |  
2019-08-21 18:55:38,718 | INFO  | SCMAudit | user=jenkins1000 | ip=192.168.36.125 | op=SEND_HEARTBEAT {datanodeUUID=a0967e03-aad6-49e6-846b-c8134af623ea, command=[]} | ret=SUCCESS |  
2019-08-21 18:55:38,849 [main] INFO  ozoneimpl.OzoneContainer (OzoneContainer.java:stop(199)) - Attempting to stop container services.
2019-08-21 18:55:38,850 [main] INFO  impl.RaftServerProxy (RaftServerProxy.java:lambda$close$4(314)) - 797b0004-b8c3-49ad-acf1-e2929da993b9: close
2019-08-21 18:55:38,851 [main] INFO  impl.RaftServerImpl (RaftServerImpl.java:lambda$shutdown$3(245)) - 797b0004-b8c3-49ad-acf1-e2929da993b9: shutdown group-86FB0DCC5C31
2019-08-21 18:55:38,851 [main] INFO  util.JmxRegister (JmxRegister.java:unregister(73)) - Successfully un-registered JMX Bean with object name Ratis:service=RaftServer,group=group-86FB0DCC5C31,id=797b0004-b8c3-49ad-acf1-e2929da993b9
2019-08-21 18:55:38,852 [main] INFO  impl.RoleInfo (RoleInfo.java:shutdownFollowerState(121)) - 797b0004-b8c3-49ad-acf1-e2929da993b9: shutdown FollowerState
2019-08-21 18:55:38,852 [main] INFO  impl.StateMachineUpdater (StateMachineUpdater.java:stopAndJoin(115)) - StateMachineUpdater:797b0004-b8c3-49ad-acf1-e2929da993b9:group-86FB0DCC5C31: set stopIndex = 16
2019-08-21 18:55:38,852 [StateMachineUpdater:797b0004-b8c3-49ad-acf1-e2929da993b9:group-86FB0DCC5C31] INFO  ratis.ContainerStateMachine (ContainerStateMachine.java:takeSnapshot(283)) - group-86FB0DCC5C31: Taking a snapshot at:(t:2, i:14) file /workdir/hadoop-ozone/integration-test/target/test-dir/MiniOzoneClusterImpl-41c02fe8-38d4-41ce-91e4-307d8e6896e2/datanode-2/data/ratis/f9ab71f4-cf19-40e4-b552-86fb0dcc5c31/sm/snapshot.2_14
2019-08-21 18:55:38,852 [Thread-3791] INFO  impl.FollowerState (FollowerState.java:run(114)) - 797b0004-b8c3-49ad-acf1-e2929da993b9: FollowerState was interrupted: java.lang.InterruptedException: sleep interrupted
2019-08-21 18:55:38,923 | INFO  | SCMAudit | user=jenkins1000 | ip=192.168.36.125 | op=SEND_HEARTBEAT {datanodeUUID=c2260f53-4216-4674-950d-92091259ffb1, command=[]} | ret=SUCCESS |  
2019-08-21 18:55:39,145 | INFO  | SCMAudit | user=jenkins1000 | ip=192.168.36.125 | op=SEND_HEARTBEAT {datanodeUUID=1ffe30da-7604-461d-ace9-714b6d5524df, command=[]} | ret=SUCCESS |  
2019-08-21 18:55:39,506 | INFO  | SCMAudit | user=jenkins1000 | ip=192.168.36.125 | op=SEND_HEARTBEAT {datanodeUUID=b1bf2634-a55a-4292-98b3-5b3eb35ed415, command=[commandType: closeContainerCommand closeContainerCommandProto { containerID: 1 pipelineID { id: "f9ab71f4-cf19-40e4-b552-86fb0dcc5c31" } cmdId: 1 force: false } ]} | ret=SUCCESS |  
2019-08-21 18:55:39,506 | INFO  | SCMAudit | user=jenkins1000 | ip=192.168.36.125 | op=SEND_HEARTBEAT {datanodeUUID=70834503-2edc-4245-925f-fcee029f7dec, command=[commandType: closeContainerCommand closeContainerCommandProto { containerID: 1 pipelineID { id: "f9ab71f4-cf19-40e4-b552-86fb0dcc5c31" } cmdId: 1 force: false } ]} | ret=SUCCESS |  
2019-08-21 18:55:39,513 | INFO  | SCMAudit | user=jenkins1000 | ip=192.168.36.125 | op=SEND_HEARTBEAT {datanodeUUID=552776ad-4e33-4e75-810b-5f57bcc17043, command=[]} | ret=SUCCESS |  
2019-08-21 18:55:39,718 | INFO  | SCMAudit | user=jenkins1000 | ip=192.168.36.125 | op=SEND_HEARTBEAT {datanodeUUID=a0967e03-aad6-49e6-846b-c8134af623ea, command=[]} | ret=SUCCESS |  
2019-08-21 18:55:39,923 | INFO  | SCMAudit | user=jenkins1000 | ip=192.168.36.125 | op=SEND_HEARTBEAT {datanodeUUID=c2260f53-4216-4674-950d-92091259ffb1, command=[]} | ret=SUCCESS |  
2019-08-21 18:55:40,144 | INFO  | SCMAudit | user=jenkins1000 | ip=192.168.36.125 | op=SEND_HEARTBEAT {datanodeUUID=1ffe30da-7604-461d-ace9-714b6d5524df, command=[]} | ret=SUCCESS |  
2019-08-21 18:55:40,504 | INFO  | SCMAudit | user=jenkins1000 | ip=192.168.36.125 | op=SEND_HEARTBEAT {datanodeUUID=70834503-2edc-4245-925f-fcee029f7dec, command=[]} | ret=SUCCESS |  
2019-08-21 18:55:40,504 | INFO  | SCMAudit | user=jenkins1000 | ip=192.168.36.125 | op=SEND_HEARTBEAT {datanodeUUID=b1bf2634-a55a-4292-98b3-5b3eb35ed415, command=[]} | ret=SUCCESS |  
2019-08-21 18:55:40,513 | INFO  | SCMAudit | user=jenkins1000 | ip=192.168.36.125 | op=SEND_HEARTBEAT {datanodeUUID=552776ad-4e33-4e75-810b-5f57bcc17043, command=[]} | ret=SUCCESS |  
2019-08-21 18:55:40,719 | INFO  | SCMAudit | user=jenkins1000 | ip=192.168.36.125 | op=SEND_HEARTBEAT {datanodeUUID=a0967e03-aad6-49e6-846b-c8134af623ea, command=[]} | ret=SUCCESS |  
2019-08-21 18:55:40,923 | INFO  | SCMAudit | user=jenkins1000 | ip=192.168.36.125 | op=SEND_HEARTBEAT {datanodeUUID=c2260f53-4216-4674-950d-92091259ffb1, command=[]} | ret=SUCCESS |  
2019-08-21 18:55:41,145 | INFO  | SCMAudit | user=jenkins1000 | ip=192.168.36.125 | op=SEND_HEARTBEAT {datanodeUUID=1ffe30da-7604-461d-ace9-714b6d5524df, command=[]} | ret=SUCCESS |  
2019-08-21 18:55:41,369 [StateMachineUpdater:797b0004-b8c3-49ad-acf1-e2929da993b9:group-86FB0DCC5C31] INFO  ratis.ContainerStateMachine (ContainerStateMachine.java:takeSnapshot(294)) - group-86FB0DCC5C31: Finished taking a snapshot at:(t:2, i:14) file:/workdir/hadoop-ozone/integration-test/target/test-dir/MiniOzoneClusterImpl-41c02fe8-38d4-41ce-91e4-307d8e6896e2/datanode-2/data/ratis/f9ab71f4-cf19-40e4-b552-86fb0dcc5c31/sm/snapshot.2_14 time:2517
2019-08-21 18:55:41,369 [StateMachineUpdater:797b0004-b8c3-49ad-acf1-e2929da993b9:group-86FB0DCC5C31] INFO  impl.StateMachineUpdater (StateMachineUpdater.java:takeSnapshot(242)) - StateMachineUpdater:797b0004-b8c3-49ad-acf1-e2929da993b9:group-86FB0DCC5C31: Took a snapshot at index 14
2019-08-21 18:55:41,370 [StateMachineUpdater:797b0004-b8c3-49ad-acf1-e2929da993b9:group-86FB0DCC5C31] INFO  impl.StateMachineUpdater (StateMachineUpdater.java:lambda$new$0(80)) - StateMachineUpdater:797b0004-b8c3-49ad-acf1-e2929da993b9:group-86FB0DCC5C31: snapshotIndex: updateIncreasingly -1 -> 14
2019-08-21 18:55:41,370 [main] INFO  impl.RaftServerImpl (ServerState.java:close(394)) - 797b0004-b8c3-49ad-acf1-e2929da993b9:group-86FB0DCC5C31 closes. The last applied log index is 16
2019-08-21 18:55:41,371 | INFO  | SCMAudit | user=jenkins1000 | ip=192.168.36.125 | op=SEND_HEARTBEAT {datanodeUUID=b1bf2634-a55a-4292-98b3-5b3eb35ed415, command=[]} | ret=SUCCESS |  
2019-08-21 18:55:41,371 | INFO  | SCMAudit | user=jenkins1000 | ip=192.168.36.125 | op=SEND_HEARTBEAT {datanodeUUID=70834503-2edc-4245-925f-fcee029f7dec, command=[]} | ret=SUCCESS |  
2019-08-21 18:55:41,371 [797b0004-b8c3-49ad-acf1-e2929da993b9-SegmentedRaftLogWorker:Storage Directory /workdir/hadoop-ozone/integration-test/target/test-dir/MiniOzoneClusterImpl-41c02fe8-38d4-41ce-91e4-307d8e6896e2/datanode-2/data/ratis/f9ab71f4-cf19-40e4-b552-86fb0dcc5c31] INFO  segmented.SegmentedRaftLogWorker (SegmentedRaftLogWorker.java:run(313)) - 797b0004-b8c3-49ad-acf1-e2929da993b9-SegmentedRaftLogWorker:Storage Directory /workdir/hadoop-ozone/integration-test/target/test-dir/MiniOzoneClusterImpl-41c02fe8-38d4-41ce-91e4-307d8e6896e2/datanode-2/data/ratis/f9ab71f4-cf19-40e4-b552-86fb0dcc5c31 was interrupted, exiting. There are 0 tasks remaining in the queue.
2019-08-21 18:55:41,379 [main] INFO  segmented.SegmentedRaftLogWorker (SegmentedRaftLogWorker.java:close(228)) - 797b0004-b8c3-49ad-acf1-e2929da993b9-SegmentedRaftLogWorker:Storage Directory /workdir/hadoop-ozone/integration-test/target/test-dir/MiniOzoneClusterImpl-41c02fe8-38d4-41ce-91e4-307d8e6896e2/datanode-2/data/ratis/f9ab71f4-cf19-40e4-b552-86fb0dcc5c31 close()
2019-08-21 18:55:41,395 [main] INFO  impl.RaftServerImpl (RaftServerImpl.java:lambda$shutdown$3(245)) - 797b0004-b8c3-49ad-acf1-e2929da993b9: shutdown group-5E1A85368821
2019-08-21 18:55:41,396 [main] INFO  util.JmxRegister (JmxRegister.java:unregister(73)) - Successfully un-registered JMX Bean with object name Ratis:service=RaftServer,group=group-5E1A85368821,id=797b0004-b8c3-49ad-acf1-e2929da993b9
2019-08-21 18:55:41,396 [main] INFO  impl.RoleInfo (RoleInfo.java:shutdownLeaderState(104)) - 797b0004-b8c3-49ad-acf1-e2929da993b9: shutdown LeaderState
2019-08-21 18:55:41,397 [main] INFO  impl.PendingRequests (PendingRequests.java:sendNotLeaderResponses(202)) - 797b0004-b8c3-49ad-acf1-e2929da993b9-PendingRequests: sendNotLeaderResponses
2019-08-21 18:55:41,397 [main] INFO  impl.StateMachineUpdater (StateMachineUpdater.java:stopAndJoin(115)) - StateMachineUpdater:797b0004-b8c3-49ad-acf1-e2929da993b9:group-5E1A85368821: set stopIndex = 0
2019-08-21 18:55:41,398 [main] INFO  impl.RaftServerImpl (ServerState.java:close(394)) - 797b0004-b8c3-49ad-acf1-e2929da993b9:group-5E1A85368821 closes. The last applied log index is 0
2019-08-21 18:55:41,398 [797b0004-b8c3-49ad-acf1-e2929da993b9-SegmentedRaftLogWorker:Storage Directory /workdir/hadoop-ozone/integration-test/target/test-dir/MiniOzoneClusterImpl-41c02fe8-38d4-41ce-91e4-307d8e6896e2/datanode-2/data/ratis/910fb9f8-61cd-444f-864f-5e1a85368821] INFO  segmented.SegmentedRaftLogWorker (SegmentedRaftLogWorker.java:run(313)) - 797b0004-b8c3-49ad-acf1-e2929da993b9-SegmentedRaftLogWorker:Storage Directory /workdir/hadoop-ozone/integration-test/target/test-dir/MiniOzoneClusterImpl-41c02fe8-38d4-41ce-91e4-307d8e6896e2/datanode-2/data/ratis/910fb9f8-61cd-444f-864f-5e1a85368821 was interrupted, exiting. There are 0 tasks remaining in the queue.
2019-08-21 18:55:41,401 [main] INFO  segmented.SegmentedRaftLogWorker (SegmentedRaftLogWorker.java:close(228)) - 797b0004-b8c3-49ad-acf1-e2929da993b9-SegmentedRaftLogWorker:Storage Directory /workdir/hadoop-ozone/integration-test/target/test-dir/MiniOzoneClusterImpl-41c02fe8-38d4-41ce-91e4-307d8e6896e2/datanode-2/data/ratis/910fb9f8-61cd-444f-864f-5e1a85368821 close()
2019-08-21 18:55:41,406 [main] INFO  server.GrpcService (GrpcService.java:closeImpl(155)) - 797b0004-b8c3-49ad-acf1-e2929da993b9: shutdown server with port 33244 now
2019-08-21 18:55:41,407 [grpc-default-executor-10] WARN  server.GrpcServerProtocolService (LogUtils.java:warn(134)) - 797b0004-b8c3-49ad-acf1-e2929da993b9: appendEntries onError: org.apache.ratis.thirdparty.io.grpc.StatusRuntimeException: CANCELLED: cancelled before receiving half close
2019-08-21 18:55:41,407 [main] INFO  server.GrpcService (GrpcService.java:closeImpl(163)) - 797b0004-b8c3-49ad-acf1-e2929da993b9: shutdown server with port 33244 successfully
2019-08-21 18:55:41,408 [grpc-default-executor-10] WARN  server.GrpcLogAppender (LogUtils.java:warn(134)) - 70834503-2edc-4245-925f-fcee029f7dec->797b0004-b8c3-49ad-acf1-e2929da993b9: Failed appendEntries: org.apache.ratis.thirdparty.io.grpc.StatusRuntimeException: CANCELLED: HTTP/2 error code: CANCEL
Received Rst Stream
2019-08-21 18:55:41,409 [main] INFO  utils.BackgroundService (BackgroundService.java:shutdown(148)) - Shutting down service BlockDeletingService
2019-08-21 18:55:41,409 [grpc-default-executor-10] INFO  impl.FollowerInfo (FollowerInfo.java:lambda$new$0(50)) - 70834503-2edc-4245-925f-fcee029f7dec->797b0004-b8c3-49ad-acf1-e2929da993b9: nextIndex: updateUnconditionally 19 -> 17
2019-08-21 18:55:41,411 [refreshUsed-/workdir/hadoop-ozone/integration-test/target/test-dir/MiniOzoneClusterImpl-41c02fe8-38d4-41ce-91e4-307d8e6896e2/datanode-2/data/containers] WARN  fs.CachingGetSpaceUsed (CachingGetSpaceUsed.java:run(183)) - Thread Interrupted waiting to refresh disk information: sleep interrupted
2019-08-21 18:55:41,421 [grpc-default-executor-2] WARN  server.GrpcLogAppender (LogUtils.java:warn(134)) - 70834503-2edc-4245-925f-fcee029f7dec->797b0004-b8c3-49ad-acf1-e2929da993b9: Failed appendEntries: org.apache.ratis.thirdparty.io.grpc.StatusRuntimeException: UNAVAILABLE: io exception
2019-08-21 18:55:41,422 [grpc-default-executor-2] INFO  impl.FollowerInfo (FollowerInfo.java:lambda$new$0(50)) - 70834503-2edc-4245-925f-fcee029f7dec->797b0004-b8c3-49ad-acf1-e2929da993b9: nextIndex: updateUnconditionally 18 -> 17
2019-08-21 18:55:41,436 [main] INFO  statemachine.DatanodeStateMachine (DatanodeStateMachine.java:stopDaemon(395)) - Ozone container server stopped.
2019-08-21 18:55:41,438 [main] INFO  handler.ContextHandler (ContextHandler.java:doStop(910)) - Stopped o.e.j.w.WebAppContext@4fe91eed{/,null,UNAVAILABLE}{/hddsDatanode}
2019-08-21 18:55:41,439 [main] INFO  server.AbstractConnector (AbstractConnector.java:doStop(318)) - Stopped ServerConnector@329cef32{HTTP/1.1,[http/1.1]}{0.0.0.0:0}
2019-08-21 18:55:41,439 [main] INFO  handler.ContextHandler (ContextHandler.java:doStop(910)) - Stopped o.e.j.s.ServletContextHandler@6db99c79{/static,jar:file:/home/user/.m2/repository/org/apache/hadoop/hadoop-hdds-container-service/0.5.0-SNAPSHOT/hadoop-hdds-container-service-0.5.0-SNAPSHOT.jar!/webapps/static,UNAVAILABLE}
2019-08-21 18:55:41,439 [main] INFO  handler.ContextHandler (ContextHandler.java:doStop(910)) - Stopped o.e.j.s.ServletContextHandler@651a399{/logs,file:///workdir/hadoop-ozone/integration-test/target/log,UNAVAILABLE}
2019-08-21 18:55:41,442 | ERROR | DNAudit | user=null | ip=null | op=WRITE_CHUNK {blockData=conID: 1 locID: 102656489829040142 bcsId: 14} | ret=FAILURE | org.apache.hadoop.hdds.scm.container.common.helpers.ContainerNotOpenException: Container 1 in CLOSED state
	at org.apache.hadoop.ozone.container.common.impl.HddsDispatcher.validateContainerCommand(HddsDispatcher.java:408)
	at org.apache.hadoop.ozone.container.common.transport.server.ratis.ContainerStateMachine.startTransaction(ContainerStateMachine.java:309) 
2019-08-21 18:55:41,444 | ERROR | DNAudit | user=null | ip=null | op=WRITE_CHUNK {blockData=conID: 1 locID: 102656489829040142 bcsId: 14} | ret=FAILURE | org.apache.hadoop.hdds.scm.container.common.helpers.ContainerNotOpenException: Container 1 in CLOSED state
	at org.apache.hadoop.ozone.container.common.impl.HddsDispatcher.validateContainerCommand(HddsDispatcher.java:408)
	at org.apache.hadoop.ozone.container.common.transport.server.ratis.ContainerStateMachine.startTransaction(ContainerStateMachine.java:309) 
2019-08-21 18:55:41,449 | ERROR | DNAudit | user=null | ip=null | op=PUT_BLOCK {blockData=[blockId=conID: 1 locID: 102656489829040142 bcsId: 0,size=650]} | ret=FAILURE | org.apache.hadoop.hdds.scm.container.common.helpers.ContainerNotOpenException: Container 1 in CLOSED state
	at org.apache.hadoop.ozone.container.common.impl.HddsDispatcher.validateContainerCommand(HddsDispatcher.java:408)
	at org.apache.hadoop.ozone.container.common.transport.server.ratis.ContainerStateMachine.startTransaction(ContainerStateMachine.java:309) 
2019-08-21 18:55:41,453 [grpc-default-executor-7] INFO  client.GrpcClientProtocolClient (GrpcClientProtocolClient.java:onNext(255)) - client-F1A9621D354E->70834503-2edc-4245-925f-fcee029f7dec: receive RaftClientReply:client-F1A9621D354E->70834503-2edc-4245-925f-fcee029f7dec@group-86FB0DCC5C31, cid=202, FAILED org.apache.ratis.protocol.StateMachineException: org.apache.hadoop.hdds.scm.container.common.helpers.ContainerNotOpenException from Server 70834503-2edc-4245-925f-fcee029f7dec: Container 1 in CLOSED state, logIndex=0, commits[70834503-2edc-4245-925f-fcee029f7dec:c18, 797b0004-b8c3-49ad-acf1-e2929da993b9:c16, b1bf2634-a55a-4292-98b3-5b3eb35ed415:c17]
2019-08-21 18:55:41,457 | ERROR | DNAudit | user=null | ip=null | op=WRITE_CHUNK {blockData=conID: 1 locID: 102656489829040142 bcsId: 14} | ret=FAILURE | org.apache.hadoop.hdds.scm.container.common.helpers.ContainerNotOpenException: Container 1 in CLOSED state
	at org.apache.hadoop.ozone.container.common.impl.HddsDispatcher.validateContainerCommand(HddsDispatcher.java:408)
	at org.apache.hadoop.ozone.container.common.transport.server.ratis.ContainerStateMachine.startTransaction(ContainerStateMachine.java:309) 
2019-08-21 18:55:41,457 [grpc-default-executor-7] INFO  client.GrpcClientProtocolClient (GrpcClientProtocolClient.java:onNext(255)) - client-F1A9621D354E->70834503-2edc-4245-925f-fcee029f7dec: receive RaftClientReply:client-F1A9621D354E->70834503-2edc-4245-925f-fcee029f7dec@group-86FB0DCC5C31, cid=203, FAILED org.apache.ratis.protocol.StateMachineException: org.apache.hadoop.hdds.scm.container.common.helpers.ContainerNotOpenException from Server 70834503-2edc-4245-925f-fcee029f7dec: Container 1 in CLOSED state, logIndex=0, commits[70834503-2edc-4245-925f-fcee029f7dec:c18, 797b0004-b8c3-49ad-acf1-e2929da993b9:c16, b1bf2634-a55a-4292-98b3-5b3eb35ed415:c17]
2019-08-21 18:55:41,460 | ERROR | DNAudit | user=null | ip=null | op=WRITE_CHUNK {blockData=conID: 1 locID: 102656489829040142 bcsId: 14} | ret=FAILURE | org.apache.hadoop.hdds.scm.container.common.helpers.ContainerNotOpenException: Container 1 in CLOSED state
	at org.apache.hadoop.ozone.container.common.impl.HddsDispatcher.validateContainerCommand(HddsDispatcher.java:408)
	at org.apache.hadoop.ozone.container.common.transport.server.ratis.ContainerStateMachine.startTransaction(ContainerStateMachine.java:309) 
2019-08-21 18:55:41,460 [grpc-default-executor-2] INFO  client.GrpcClientProtocolClient (GrpcClientProtocolClient.java:onNext(255)) - client-F1A9621D354E->70834503-2edc-4245-925f-fcee029f7dec: receive RaftClientReply:client-F1A9621D354E->70834503-2edc-4245-925f-fcee029f7dec@group-86FB0DCC5C31, cid=204, FAILED org.apache.ratis.protocol.StateMachineException: org.apache.hadoop.hdds.scm.container.common.helpers.ContainerNotOpenException from Server 70834503-2edc-4245-925f-fcee029f7dec: Container 1 in CLOSED state, logIndex=0, commits[70834503-2edc-4245-925f-fcee029f7dec:c18, 797b0004-b8c3-49ad-acf1-e2929da993b9:c16, b1bf2634-a55a-4292-98b3-5b3eb35ed415:c17]
2019-08-21 18:55:41,461 | ERROR | DNAudit | user=null | ip=null | op=PUT_BLOCK {blockData=[blockId=conID: 1 locID: 102656489829040142 bcsId: 0,size=800]} | ret=FAILURE | org.apache.hadoop.hdds.scm.container.common.helpers.ContainerNotOpenException: Container 1 in CLOSED state
	at org.apache.hadoop.ozone.container.common.impl.HddsDispatcher.validateContainerCommand(HddsDispatcher.java:408)
	at org.apache.hadoop.ozone.container.common.transport.server.ratis.ContainerStateMachine.startTransaction(ContainerStateMachine.java:309) 
2019-08-21 18:55:41,464 [grpc-default-executor-2] INFO  client.GrpcClientProtocolClient (GrpcClientProtocolClient.java:onNext(255)) - client-F1A9621D354E->70834503-2edc-4245-925f-fcee029f7dec: receive RaftClientReply:client-F1A9621D354E->70834503-2edc-4245-925f-fcee029f7dec@group-86FB0DCC5C31, cid=205, FAILED org.apache.ratis.protocol.StateMachineException: org.apache.hadoop.hdds.scm.container.common.helpers.ContainerNotOpenException from Server 70834503-2edc-4245-925f-fcee029f7dec: Container 1 in CLOSED state, logIndex=0, commits[70834503-2edc-4245-925f-fcee029f7dec:c18, 797b0004-b8c3-49ad-acf1-e2929da993b9:c16, b1bf2634-a55a-4292-98b3-5b3eb35ed415:c17]
2019-08-21 18:55:41,468 [grpc-default-executor-2] INFO  client.GrpcClientProtocolClient (GrpcClientProtocolClient.java:onNext(255)) - client-F1A9621D354E->70834503-2edc-4245-925f-fcee029f7dec: receive RaftClientReply:client-F1A9621D354E->70834503-2edc-4245-925f-fcee029f7dec@group-86FB0DCC5C31, cid=206, FAILED org.apache.ratis.protocol.StateMachineException: org.apache.hadoop.hdds.scm.container.common.helpers.ContainerNotOpenException from Server 70834503-2edc-4245-925f-fcee029f7dec: Container 1 in CLOSED state, logIndex=0, commits[70834503-2edc-4245-925f-fcee029f7dec:c18, 797b0004-b8c3-49ad-acf1-e2929da993b9:c16, b1bf2634-a55a-4292-98b3-5b3eb35ed415:c17]
2019-08-21 18:55:41,470 [grpc-default-executor-2] INFO  client.GrpcClientProtocolClient (GrpcClientProtocolClient.java:onNext(255)) - client-F1A9621D354E->70834503-2edc-4245-925f-fcee029f7dec: receive RaftClientReply:client-F1A9621D354E->70834503-2edc-4245-925f-fcee029f7dec@group-86FB0DCC5C31, cid=207, FAILED org.apache.ratis.protocol.StateMachineException: org.apache.hadoop.hdds.scm.container.common.helpers.ContainerNotOpenException from Server 70834503-2edc-4245-925f-fcee029f7dec: Container 1 in CLOSED state, logIndex=0, commits[70834503-2edc-4245-925f-fcee029f7dec:c18, 797b0004-b8c3-49ad-acf1-e2929da993b9:c16, b1bf2634-a55a-4292-98b3-5b3eb35ed415:c17]
2019-08-21 18:55:41,502 | INFO  | SCMAudit | user=jenkins1000 | ip=192.168.36.125 | op=ALLOCATE_BLOCK {owner=41b21874-8e5f-4007-9824-7afdca7578af, size=800, type=RATIS, factor=THREE} | ret=SUCCESS |  
2019-08-21 18:55:41,500 [RatisApplyTransactionExecutor 1] INFO  interfaces.Container (KeyValueContainer.java:compactDB(356)) - Container 1 is closed with bcsId 14.
2019-08-21 18:55:41,502 | INFO  | DNAudit | user=null | ip=null | op=CLOSE_CONTAINER {containerID=1} | ret=SUCCESS |  
2019-08-21 18:55:41,503 | INFO  | SCMAudit | user=jenkins1000 | ip=192.168.36.125 | op=SEND_HEARTBEAT {datanodeUUID=70834503-2edc-4245-925f-fcee029f7dec, command=[]} | ret=SUCCESS |  
2019-08-21 18:55:41,503 | INFO  | OMAudit | user=jenkins1000 | ip=127.0.0.1 | op=ALLOCATE_BLOCK {volume=testblockoutputstream, bucket=testblockoutputstream, key=74b52e8f-05b1-4e0f-ae98-a72ab6f4e4c2, dataSize=0, replicationType=null, replicationFactor=null, keyLocationInfo=null, clientID=102656489828909069} | ret=SUCCESS |  
2019-08-21 18:55:41,503 [EventQueue-IncrementalContainerReportForIncrementalContainerReportHandler] INFO  container.IncrementalContainerReportHandler (AbstractContainerReportHandler.java:updateContainerState(176)) - Moving container #1 to CLOSED state, datanode 70834503-2edc-4245-925f-fcee029f7dec{ip: 192.168.36.125, host: pr-hdds-1998-57vr7-880049069, networkLocation: /default-rack, certSerialId: null} reported CLOSED replica.
2019-08-21 18:55:41,512 [grpc-default-executor-2] INFO  client.GrpcClientProtocolClient (GrpcClientProtocolClient.java:onNext(255)) - client-2CAF43A66DEE->a0967e03-aad6-49e6-846b-c8134af623ea: receive RaftClientReply:client-2CAF43A66DEE->a0967e03-aad6-49e6-846b-c8134af623ea@group-4BC18962474C, cid=208, FAILED org.apache.ratis.protocol.NotLeaderException: Server a0967e03-aad6-49e6-846b-c8134af623ea is not the leader (552776ad-4e33-4e75-810b-5f57bcc17043:192.168.36.125:41659). Request must be sent to leader., logIndex=0, commits[a0967e03-aad6-49e6-846b-c8134af623ea:c0, c2260f53-4216-4674-950d-92091259ffb1:c0, 552776ad-4e33-4e75-810b-5f57bcc17043:c0]
2019-08-21 18:55:41,514 | INFO  | SCMAudit | user=jenkins1000 | ip=192.168.36.125 | op=SEND_HEARTBEAT {datanodeUUID=552776ad-4e33-4e75-810b-5f57bcc17043, command=[]} | ret=SUCCESS |  
2019-08-21 18:55:41,515 [RatisApplyTransactionExecutor 1] INFO  interfaces.Container (KeyValueContainer.java:compactDB(356)) - Container 1 is closed with bcsId 14.
2019-08-21 18:55:41,516 | INFO  | DNAudit | user=null | ip=null | op=CLOSE_CONTAINER {containerID=1} | ret=SUCCESS |  
2019-08-21 18:55:41,516 | INFO  | SCMAudit | user=jenkins1000 | ip=192.168.36.125 | op=SEND_HEARTBEAT {datanodeUUID=b1bf2634-a55a-4292-98b3-5b3eb35ed415, command=[]} | ret=SUCCESS |  
2019-08-21 18:55:41,701 | INFO  | DNAudit | user=null | ip=null | op=WRITE_CHUNK {blockData=conID: 2 locID: 102656490962944015 bcsId: 0} | ret=SUCCESS |  
2019-08-21 18:55:41,701 | INFO  | DNAudit | user=null | ip=null | op=WRITE_CHUNK {blockData=conID: 2 locID: 102656490962944015 bcsId: 0} | ret=SUCCESS |  
2019-08-21 18:55:41,701 | INFO  | DNAudit | user=null | ip=null | op=WRITE_CHUNK {blockData=conID: 2 locID: 102656490962944015 bcsId: 0} | ret=SUCCESS |  
2019-08-21 18:55:41,702 | INFO  | SCMAudit | user=jenkins1000 | ip=192.168.36.125 | op=SEND_HEARTBEAT {datanodeUUID=c2260f53-4216-4674-950d-92091259ffb1, command=[]} | ret=SUCCESS |  
2019-08-21 18:55:41,702 | INFO  | SCMAudit | user=jenkins1000 | ip=192.168.36.125 | op=SEND_HEARTBEAT {datanodeUUID=552776ad-4e33-4e75-810b-5f57bcc17043, command=[]} | ret=SUCCESS |  
2019-08-21 18:55:41,702 | INFO  | SCMAudit | user=jenkins1000 | ip=192.168.36.125 | op=SEND_HEARTBEAT {datanodeUUID=a0967e03-aad6-49e6-846b-c8134af623ea, command=[]} | ret=SUCCESS |  
2019-08-21 18:55:41,719 | INFO  | DNAudit | user=null | ip=null | op=WRITE_CHUNK {blockData=conID: 2 locID: 102656490962944015 bcsId: 0} | ret=SUCCESS |  
2019-08-21 18:55:41,723 [grpc-default-executor-7] INFO  client.GrpcClientProtocolClient (GrpcClientProtocolClient.java:onNext(255)) - client-2CAF43A66DEE->552776ad-4e33-4e75-810b-5f57bcc17043: receive RaftClientReply:client-2CAF43A66DEE->552776ad-4e33-4e75-810b-5f57bcc17043@group-4BC18962474C, cid=208, SUCCESS, logIndex=1, commits[552776ad-4e33-4e75-810b-5f57bcc17043:c1, c2260f53-4216-4674-950d-92091259ffb1:c0, a0967e03-aad6-49e6-846b-c8134af623ea:c0]
2019-08-21 18:55:41,726 | INFO  | DNAudit | user=null | ip=null | op=WRITE_CHUNK {blockData=conID: 2 locID: 102656490962944015 bcsId: 0} | ret=SUCCESS |  
2019-08-21 18:55:41,727 | INFO  | DNAudit | user=null | ip=null | op=WRITE_CHUNK {blockData=conID: 2 locID: 102656490962944015 bcsId: 0} | ret=SUCCESS |  
2019-08-21 18:55:41,727 | INFO  | DNAudit | user=null | ip=null | op=WRITE_CHUNK {blockData=conID: 2 locID: 102656490962944015 bcsId: 0} | ret=SUCCESS |  
2019-08-21 18:55:41,727 | INFO  | DNAudit | user=null | ip=null | op=WRITE_CHUNK {blockData=conID: 2 locID: 102656490962944015 bcsId: 0} | ret=SUCCESS |  
2019-08-21 18:55:41,728 | INFO  | DNAudit | user=null | ip=null | op=WRITE_CHUNK {blockData=conID: 2 locID: 102656490962944015 bcsId: 0} | ret=SUCCESS |  
2019-08-21 18:55:41,731 | INFO  | DNAudit | user=null | ip=null | op=WRITE_CHUNK {blockData=conID: 2 locID: 102656490962944015 bcsId: 0} | ret=SUCCESS |  
2019-08-21 18:55:41,732 | INFO  | DNAudit | user=null | ip=null | op=WRITE_CHUNK {blockData=conID: 2 locID: 102656490962944015 bcsId: 0} | ret=SUCCESS |  
2019-08-21 18:55:41,732 | INFO  | DNAudit | user=null | ip=null | op=WRITE_CHUNK {blockData=conID: 2 locID: 102656490962944015 bcsId: 0} | ret=SUCCESS |  
2019-08-21 18:55:41,732 | INFO  | DNAudit | user=null | ip=null | op=WRITE_CHUNK {blockData=conID: 2 locID: 102656490962944015 bcsId: 0} | ret=SUCCESS |  
2019-08-21 18:55:41,733 | INFO  | DNAudit | user=null | ip=null | op=WRITE_CHUNK {blockData=conID: 2 locID: 102656490962944015 bcsId: 0} | ret=SUCCESS |  
2019-08-21 18:55:41,733 | INFO  | DNAudit | user=null | ip=null | op=WRITE_CHUNK {blockData=conID: 2 locID: 102656490962944015 bcsId: 0} | ret=SUCCESS |  
2019-08-21 18:55:41,734 | INFO  | DNAudit | user=null | ip=null | op=WRITE_CHUNK {blockData=conID: 2 locID: 102656490962944015 bcsId: 0} | ret=SUCCESS |  
2019-08-21 18:55:41,739 [grpc-default-executor-11] INFO  client.GrpcClientProtocolClient (GrpcClientProtocolClient.java:onNext(255)) - client-2CAF43A66DEE->552776ad-4e33-4e75-810b-5f57bcc17043: receive RaftClientReply:client-2CAF43A66DEE->552776ad-4e33-4e75-810b-5f57bcc17043@group-4BC18962474C, cid=209, SUCCESS, logIndex=3, commits[552776ad-4e33-4e75-810b-5f57bcc17043:c4, c2260f53-4216-4674-950d-92091259ffb1:c1, a0967e03-aad6-49e6-846b-c8134af623ea:c1]
2019-08-21 18:55:41,740 | INFO  | DNAudit | user=null | ip=null | op=WRITE_CHUNK {blockData=conID: 2 locID: 102656490962944015 bcsId: 0} | ret=SUCCESS |  
2019-08-21 18:55:41,826 | INFO  | DNAudit | user=null | ip=null | op=WRITE_CHUNK {blockData=conID: 2 locID: 102656490962944015 bcsId: 0} | ret=SUCCESS |  
2019-08-21 18:55:41,871 | INFO  | DNAudit | user=null | ip=null | op=PUT_BLOCK {blockData=[blockId=conID: 2 locID: 102656490962944015 bcsId: 0,size=200]} | ret=SUCCESS |  
2019-08-21 18:55:41,872 | INFO  | DNAudit | user=null | ip=null | op=WRITE_CHUNK {blockData=conID: 2 locID: 102656490962944015 bcsId: 0} | ret=SUCCESS |  
2019-08-21 18:55:41,873 | INFO  | DNAudit | user=null | ip=null | op=WRITE_CHUNK {blockData=conID: 2 locID: 102656490962944015 bcsId: 0} | ret=SUCCESS |  
2019-08-21 18:55:41,872 [grpc-default-executor-2] INFO  client.GrpcClientProtocolClient (GrpcClientProtocolClient.java:onNext(255)) - client-2CAF43A66DEE->552776ad-4e33-4e75-810b-5f57bcc17043: receive RaftClientReply:client-2CAF43A66DEE->552776ad-4e33-4e75-810b-5f57bcc17043@group-4BC18962474C, cid=210, SUCCESS, logIndex=4, commits[552776ad-4e33-4e75-810b-5f57bcc17043:c11, c2260f53-4216-4674-950d-92091259ffb1:c7, a0967e03-aad6-49e6-846b-c8134af623ea:c7]
2019-08-21 18:55:41,873 [grpc-default-executor-2] INFO  client.GrpcClientProtocolClient (GrpcClientProtocolClient.java:onNext(255)) - client-2CAF43A66DEE->552776ad-4e33-4e75-810b-5f57bcc17043: receive RaftClientReply:client-2CAF43A66DEE->552776ad-4e33-4e75-810b-5f57bcc17043@group-4BC18962474C, cid=211, SUCCESS, logIndex=5, commits[552776ad-4e33-4e75-810b-5f57bcc17043:c11, c2260f53-4216-4674-950d-92091259ffb1:c7, a0967e03-aad6-49e6-846b-c8134af623ea:c7]
2019-08-21 18:55:41,874 [grpc-default-executor-2] INFO  client.GrpcClientProtocolClient (GrpcClientProtocolClient.java:onNext(255)) - client-2CAF43A66DEE->552776ad-4e33-4e75-810b-5f57bcc17043: receive RaftClientReply:client-2CAF43A66DEE->552776ad-4e33-4e75-810b-5f57bcc17043@group-4BC18962474C, cid=212, SUCCESS, logIndex=6, commits[552776ad-4e33-4e75-810b-5f57bcc17043:c11, c2260f53-4216-4674-950d-92091259ffb1:c7, a0967e03-aad6-49e6-846b-c8134af623ea:c7]
2019-08-21 18:55:41,947 | INFO  | DNAudit | user=null | ip=null | op=PUT_BLOCK {blockData=[blockId=conID: 2 locID: 102656490962944015 bcsId: 0,size=200]} | ret=SUCCESS |  
2019-08-21 18:55:41,948 | INFO  | DNAudit | user=null | ip=null | op=WRITE_CHUNK {blockData=conID: 2 locID: 102656490962944015 bcsId: 0} | ret=SUCCESS |  
2019-08-21 18:55:41,948 | INFO  | DNAudit | user=null | ip=null | op=WRITE_CHUNK {blockData=conID: 2 locID: 102656490962944015 bcsId: 0} | ret=SUCCESS |  
2019-08-21 18:55:42,066 | INFO  | DNAudit | user=null | ip=null | op=PUT_BLOCK {blockData=[blockId=conID: 2 locID: 102656490962944015 bcsId: 0,size=400]} | ret=SUCCESS |  
2019-08-21 18:55:42,066 | INFO  | DNAudit | user=null | ip=null | op=PUT_BLOCK {blockData=[blockId=conID: 2 locID: 102656490962944015 bcsId: 0,size=400]} | ret=SUCCESS |  
2019-08-21 18:55:42,066 | INFO  | DNAudit | user=null | ip=null | op=PUT_BLOCK {blockData=[blockId=conID: 2 locID: 102656490962944015 bcsId: 0,size=200]} | ret=SUCCESS |  
2019-08-21 18:55:42,067 | INFO  | DNAudit | user=null | ip=null | op=WRITE_CHUNK {blockData=conID: 2 locID: 102656490962944015 bcsId: 0} | ret=SUCCESS |  
2019-08-21 18:55:42,068 | INFO  | DNAudit | user=null | ip=null | op=WRITE_CHUNK {blockData=conID: 2 locID: 102656490962944015 bcsId: 0} | ret=SUCCESS |  
2019-08-21 18:55:42,068 [grpc-default-executor-2] INFO  client.GrpcClientProtocolClient (GrpcClientProtocolClient.java:onNext(255)) - client-2CAF43A66DEE->552776ad-4e33-4e75-810b-5f57bcc17043: receive RaftClientReply:client-2CAF43A66DEE->552776ad-4e33-4e75-810b-5f57bcc17043@group-4BC18962474C, cid=213, SUCCESS, logIndex=7, commits[552776ad-4e33-4e75-810b-5f57bcc17043:c11, c2260f53-4216-4674-950d-92091259ffb1:c7, a0967e03-aad6-49e6-846b-c8134af623ea:c7]
2019-08-21 18:55:42,074 | INFO  | DNAudit | user=null | ip=null | op=PUT_BLOCK {blockData=[blockId=conID: 2 locID: 102656490962944015 bcsId: 0,size=400]} | ret=SUCCESS |  
2019-08-21 18:55:42,077 | INFO  | DNAudit | user=null | ip=null | op=WRITE_CHUNK {blockData=conID: 2 locID: 102656490962944015 bcsId: 7} | ret=SUCCESS |  
2019-08-21 18:55:42,078 | INFO  | DNAudit | user=null | ip=null | op=WRITE_CHUNK {blockData=conID: 2 locID: 102656490962944015 bcsId: 7} | ret=SUCCESS |  
2019-08-21 18:55:42,078 | INFO  | DNAudit | user=null | ip=null | op=WRITE_CHUNK {blockData=conID: 2 locID: 102656490962944015 bcsId: 7} | ret=SUCCESS |  
2019-08-21 18:55:42,084 | INFO  | DNAudit | user=null | ip=null | op=WRITE_CHUNK {blockData=conID: 2 locID: 102656490962944015 bcsId: 7} | ret=SUCCESS |  
2019-08-21 18:55:42,095 | INFO  | DNAudit | user=null | ip=null | op=PUT_BLOCK {blockData=[blockId=conID: 2 locID: 102656490962944015 bcsId: 0,size=450]} | ret=SUCCESS |  
2019-08-21 18:55:42,095 | INFO  | DNAudit | user=null | ip=null | op=WRITE_CHUNK {blockData=conID: 2 locID: 102656490962944015 bcsId: 7} | ret=SUCCESS |  
2019-08-21 18:55:42,095 [grpc-default-executor-11] INFO  client.GrpcClientProtocolClient (GrpcClientProtocolClient.java:onNext(255)) - client-2CAF43A66DEE->552776ad-4e33-4e75-810b-5f57bcc17043: receive RaftClientReply:client-2CAF43A66DEE->552776ad-4e33-4e75-810b-5f57bcc17043@group-4BC18962474C, cid=214, SUCCESS, logIndex=12, commits[552776ad-4e33-4e75-810b-5f57bcc17043:c13, c2260f53-4216-4674-950d-92091259ffb1:c11, a0967e03-aad6-49e6-846b-c8134af623ea:c11]
2019-08-21 18:55:42,096 | INFO  | DNAudit | user=null | ip=null | op=PUT_BLOCK {blockData=[blockId=conID: 2 locID: 102656490962944015 bcsId: 0,size=450]} | ret=SUCCESS |  
2019-08-21 18:55:42,096 [grpc-default-executor-11] INFO  client.GrpcClientProtocolClient (GrpcClientProtocolClient.java:onNext(255)) - client-2CAF43A66DEE->552776ad-4e33-4e75-810b-5f57bcc17043: receive RaftClientReply:client-2CAF43A66DEE->552776ad-4e33-4e75-810b-5f57bcc17043@group-4BC18962474C, cid=215, SUCCESS, logIndex=13, commits[552776ad-4e33-4e75-810b-5f57bcc17043:c13, c2260f53-4216-4674-950d-92091259ffb1:c11, a0967e03-aad6-49e6-846b-c8134af623ea:c11]
2019-08-21 18:55:42,106 | INFO  | DNAudit | user=null | ip=null | op=WRITE_CHUNK {blockData=conID: 2 locID: 102656490962944015 bcsId: 7} | ret=SUCCESS |  
2019-08-21 18:55:42,109 | INFO  | DNAudit | user=null | ip=null | op=PUT_BLOCK {blockData=[blockId=conID: 2 locID: 102656490962944015 bcsId: 0,size=450]} | ret=SUCCESS |  
2019-08-21 18:55:42,109 [grpc-default-executor-11] INFO  client.GrpcClientProtocolClient (GrpcClientProtocolClient.java:onNext(255)) - client-2CAF43A66DEE->552776ad-4e33-4e75-810b-5f57bcc17043: receive RaftClientReply:client-2CAF43A66DEE->552776ad-4e33-4e75-810b-5f57bcc17043@group-4BC18962474C, cid=216, SUCCESS, logIndex=0, commits[552776ad-4e33-4e75-810b-5f57bcc17043:c15, c2260f53-4216-4674-950d-92091259ffb1:c13, a0967e03-aad6-49e6-846b-c8134af623ea:c13]
2019-08-21 18:55:42,110 [main] INFO  ozone.MiniOzoneClusterImpl (MiniOzoneClusterImpl.java:shutdown(321)) - Shutting down the Mini Ozone Cluster
2019-08-21 18:55:42,111 | INFO  | SCMAudit | user=null | ip=null | op=GET_SCM_INFO null | ret=SUCCESS |  
2019-08-21 18:55:42,111 [main] INFO  ozone.MiniOzoneClusterImpl (MiniOzoneClusterImpl.java:stop(336)) - Stopping the Mini Ozone Cluster
2019-08-21 18:55:42,111 [main] INFO  ozone.MiniOzoneClusterImpl (MiniOzoneClusterImpl.java:stop(338)) - Stopping the OzoneManager
2019-08-21 18:55:42,111 [main] INFO  ipc.Server (Server.java:stop(3082)) - Stopping server on 35918
2019-08-21 18:55:42,123 [IPC Server listener on 35918] INFO  ipc.Server (Server.java:run(1185)) - Stopping IPC Server listener on 35918
2019-08-21 18:55:42,126 [main] INFO  ratis.OzoneManagerDoubleBuffer (OzoneManagerDoubleBuffer.java:stop(248)) - Stopping OMDoubleBuffer flush thread
2019-08-21 18:55:42,131 [IPC Server Responder] INFO  ipc.Server (Server.java:run(1319)) - Stopping IPC Server Responder
2019-08-21 18:55:42,144 [OMDoubleBufferFlushThread] INFO  ratis.OzoneManagerDoubleBuffer (OzoneManagerDoubleBuffer.java:flushTransactions(191)) - OMDoubleBuffer flush thread OMDoubleBufferFlushThread is interrupted and will exit. OMDoubleBufferFlushThread
2019-08-21 18:55:42,155 [main] INFO  utils.BackgroundService (BackgroundService.java:shutdown(148)) - Shutting down service KeyDeletingService
2019-08-21 18:55:42,155 | INFO  | SCMAudit | user=jenkins1000 | ip=192.168.36.125 | op=SEND_HEARTBEAT {datanodeUUID=1ffe30da-7604-461d-ace9-714b6d5524df, command=[]} | ret=SUCCESS |  
2019-08-21 18:55:42,157 [main] INFO  handler.ContextHandler (ContextHandler.java:doStop(910)) - Stopped o.e.j.w.WebAppContext@dcf64d2{/,null,UNAVAILABLE}{/ozoneManager}
2019-08-21 18:55:42,158 [main] INFO  server.AbstractConnector (AbstractConnector.java:doStop(318)) - Stopped ServerConnector@20bc3e7f{HTTP/1.1,[http/1.1]}{0.0.0.0:0}
2019-08-21 18:55:42,158 [main] INFO  handler.ContextHandler (ContextHandler.java:doStop(910)) - Stopped o.e.j.s.ServletContextHandler@5cbf9aee{/static,file:///workdir/hadoop-ozone/integration-test/target/test-classes/webapps/static,UNAVAILABLE}
2019-08-21 18:55:42,158 [main] INFO  handler.ContextHandler (ContextHandler.java:doStop(910)) - Stopped o.e.j.s.ServletContextHandler@28d74041{/logs,file:///workdir/hadoop-ozone/integration-test/target/log,UNAVAILABLE}
2019-08-21 18:55:42,161 [main] INFO  ozone.MiniOzoneClusterImpl (MiniOzoneClusterImpl.java:stop(344)) - Shutting the HddsDatanodes
2019-08-21 18:55:42,162 [main] INFO  datanode.ObjectStoreHandler (ObjectStoreHandler.java:close(155)) - Closing ObjectStoreHandler.
2019-08-21 18:55:42,162 [ForkJoinPool.commonPool-worker-0] INFO  datanode.ObjectStoreHandler (ObjectStoreHandler.java:close(155)) - Closing ObjectStoreHandler.
2019-08-21 18:55:42,162 [main] INFO  ozone.HddsDatanodeService (HddsDatanodeService.java:stop(451)) - Stopped plug-in org.apache.hadoop.ozone.web.OzoneHddsDatanodeService@21c7415e
2019-08-21 18:55:42,162 [ForkJoinPool.commonPool-worker-0] INFO  ozone.HddsDatanodeService (HddsDatanodeService.java:stop(451)) - Stopped plug-in org.apache.hadoop.ozone.web.OzoneHddsDatanodeService@52d625bd
2019-08-21 18:55:42,503 | INFO  | SCMAudit | user=jenkins1000 | ip=192.168.36.125 | op=SEND_HEARTBEAT {datanodeUUID=70834503-2edc-4245-925f-fcee029f7dec, command=[]} | ret=SUCCESS |  
2019-08-21 18:55:42,516 [Datanode State Machine Thread - 0] INFO  statemachine.DatanodeStateMachine (DatanodeStateMachine.java:lambda$startDaemon$0(350)) - Ozone container server started.
2019-08-21 18:55:42,698 [Datanode State Machine Thread - 0] INFO  statemachine.DatanodeStateMachine (DatanodeStateMachine.java:lambda$startDaemon$0(350)) - Ozone container server started.
2019-08-21 18:55:42,700 | INFO  | SCMAudit | user=jenkins1000 | ip=192.168.36.125 | op=SEND_HEARTBEAT {datanodeUUID=552776ad-4e33-4e75-810b-5f57bcc17043, command=[]} | ret=SUCCESS |  
2019-08-21 18:55:42,700 | INFO  | SCMAudit | user=jenkins1000 | ip=192.168.36.125 | op=SEND_HEARTBEAT {datanodeUUID=c2260f53-4216-4674-950d-92091259ffb1, command=[]} | ret=SUCCESS |  
2019-08-21 18:55:43,145 | INFO  | SCMAudit | user=jenkins1000 | ip=192.168.36.125 | op=SEND_HEARTBEAT {datanodeUUID=1ffe30da-7604-461d-ace9-714b6d5524df, command=[]} | ret=SUCCESS |  
2019-08-21 18:55:43,504 | INFO  | SCMAudit | user=jenkins1000 | ip=192.168.36.125 | op=SEND_HEARTBEAT {datanodeUUID=70834503-2edc-4245-925f-fcee029f7dec, command=[]} | ret=SUCCESS |  
2019-08-21 18:55:43,700 | INFO  | SCMAudit | user=jenkins1000 | ip=192.168.36.125 | op=SEND_HEARTBEAT {datanodeUUID=552776ad-4e33-4e75-810b-5f57bcc17043, command=[]} | ret=SUCCESS |  
2019-08-21 18:55:43,700 | INFO  | SCMAudit | user=jenkins1000 | ip=192.168.36.125 | op=SEND_HEARTBEAT {datanodeUUID=c2260f53-4216-4674-950d-92091259ffb1, command=[]} | ret=SUCCESS |  
2019-08-21 18:55:43,922 [grpc-default-executor-2] WARN  server.GrpcLogAppender (LogUtils.java:warn(134)) - 70834503-2edc-4245-925f-fcee029f7dec->797b0004-b8c3-49ad-acf1-e2929da993b9: Failed appendEntries: org.apache.ratis.thirdparty.io.grpc.StatusRuntimeException: UNAVAILABLE: io exception
2019-08-21 18:55:43,923 [grpc-default-executor-2] INFO  impl.FollowerInfo (FollowerInfo.java:lambda$new$0(50)) - 70834503-2edc-4245-925f-fcee029f7dec->797b0004-b8c3-49ad-acf1-e2929da993b9: nextIndex: updateUnconditionally 17 -> 16
2019-08-21 18:55:44,145 | INFO  | SCMAudit | user=jenkins1000 | ip=192.168.36.125 | op=SEND_HEARTBEAT {datanodeUUID=1ffe30da-7604-461d-ace9-714b6d5524df, command=[]} | ret=SUCCESS |  
2019-08-21 18:55:44,504 | INFO  | SCMAudit | user=jenkins1000 | ip=192.168.36.125 | op=SEND_HEARTBEAT {datanodeUUID=70834503-2edc-4245-925f-fcee029f7dec, command=[]} | ret=SUCCESS |  
2019-08-21 18:55:44,700 | INFO  | SCMAudit | user=jenkins1000 | ip=192.168.36.125 | op=SEND_HEARTBEAT {datanodeUUID=552776ad-4e33-4e75-810b-5f57bcc17043, command=[]} | ret=SUCCESS |  
2019-08-21 18:55:44,700 | INFO  | SCMAudit | user=jenkins1000 | ip=192.168.36.125 | op=SEND_HEARTBEAT {datanodeUUID=c2260f53-4216-4674-950d-92091259ffb1, command=[]} | ret=SUCCESS |  
2019-08-21 18:55:45,145 | INFO  | SCMAudit | user=jenkins1000 | ip=192.168.36.125 | op=SEND_HEARTBEAT {datanodeUUID=1ffe30da-7604-461d-ace9-714b6d5524df, command=[]} | ret=SUCCESS |  
2019-08-21 18:55:45,504 | INFO  | SCMAudit | user=jenkins1000 | ip=192.168.36.125 | op=SEND_HEARTBEAT {datanodeUUID=70834503-2edc-4245-925f-fcee029f7dec, command=[]} | ret=SUCCESS |  
2019-08-21 18:55:45,700 | INFO  | SCMAudit | user=jenkins1000 | ip=192.168.36.125 | op=SEND_HEARTBEAT {datanodeUUID=c2260f53-4216-4674-950d-92091259ffb1, command=[]} | ret=SUCCESS |  
2019-08-21 18:55:45,700 | INFO  | SCMAudit | user=jenkins1000 | ip=192.168.36.125 | op=SEND_HEARTBEAT {datanodeUUID=552776ad-4e33-4e75-810b-5f57bcc17043, command=[]} | ret=SUCCESS |  
2019-08-21 18:55:46,146 | INFO  | SCMAudit | user=jenkins1000 | ip=192.168.36.125 | op=SEND_HEARTBEAT {datanodeUUID=1ffe30da-7604-461d-ace9-714b6d5524df, command=[]} | ret=SUCCESS |  
2019-08-21 18:55:46,423 [grpc-default-executor-2] WARN  server.GrpcLogAppender (LogUtils.java:warn(134)) - 70834503-2edc-4245-925f-fcee029f7dec->797b0004-b8c3-49ad-acf1-e2929da993b9: Failed appendEntries: org.apache.ratis.thirdparty.io.grpc.StatusRuntimeException: UNAVAILABLE: io exception
2019-08-21 18:55:46,424 [grpc-default-executor-2] INFO  impl.FollowerInfo (FollowerInfo.java:lambda$new$0(50)) - 70834503-2edc-4245-925f-fcee029f7dec->797b0004-b8c3-49ad-acf1-e2929da993b9: nextIndex: updateUnconditionally 16 -> 15
2019-08-21 18:55:46,504 | INFO  | SCMAudit | user=jenkins1000 | ip=192.168.36.125 | op=SEND_HEARTBEAT {datanodeUUID=70834503-2edc-4245-925f-fcee029f7dec, command=[]} | ret=SUCCESS |  
2019-08-21 18:55:46,522 [EventQueue-StaleNodeForStaleNodeHandler] INFO  node.StaleNodeHandler (StaleNodeHandler.java:onMessage(58)) - Datanode b1bf2634-a55a-4292-98b3-5b3eb35ed415{ip: 192.168.36.125, host: pr-hdds-1998-57vr7-880049069, networkLocation: /default-rack, certSerialId: null} moved to stale state. Finalizing its pipelines [PipelineID=e0d9f544-dd51-457f-94d3-90bb4468d332, PipelineID=f9ab71f4-cf19-40e4-b552-86fb0dcc5c31]
2019-08-21 18:55:46,522 [EventQueue-StaleNodeForStaleNodeHandler] INFO  pipeline.SCMPipelineManager (SCMPipelineManager.java:finalizeAndDestroyPipeline(309)) - destroying pipeline:Pipeline[ Id: e0d9f544-dd51-457f-94d3-90bb4468d332, Nodes: b1bf2634-a55a-4292-98b3-5b3eb35ed415{ip: 192.168.36.125, host: pr-hdds-1998-57vr7-880049069, networkLocation: /default-rack, certSerialId: null}, Type:RATIS, Factor:ONE, State:OPEN]
2019-08-21 18:55:46,522 [EventQueue-StaleNodeForStaleNodeHandler] INFO  pipeline.PipelineStateManager (PipelineStateManager.java:finalizePipeline(123)) - Pipeline Pipeline[ Id: e0d9f544-dd51-457f-94d3-90bb4468d332, Nodes: b1bf2634-a55a-4292-98b3-5b3eb35ed415{ip: 192.168.36.125, host: pr-hdds-1998-57vr7-880049069, networkLocation: /default-rack, certSerialId: null}, Type:RATIS, Factor:ONE, State:CLOSED] moved to CLOSED state
2019-08-21 18:55:46,523 [EventQueue-StaleNodeForStaleNodeHandler] INFO  pipeline.SCMPipelineManager (SCMPipelineManager.java:finalizeAndDestroyPipeline(309)) - destroying pipeline:Pipeline[ Id: f9ab71f4-cf19-40e4-b552-86fb0dcc5c31, Nodes: 797b0004-b8c3-49ad-acf1-e2929da993b9{ip: 192.168.36.125, host: pr-hdds-1998-57vr7-880049069, networkLocation: /default-rack, certSerialId: null}b1bf2634-a55a-4292-98b3-5b3eb35ed415{ip: 192.168.36.125, host: pr-hdds-1998-57vr7-880049069, networkLocation: /default-rack, certSerialId: null}70834503-2edc-4245-925f-fcee029f7dec{ip: 192.168.36.125, host: pr-hdds-1998-57vr7-880049069, networkLocation: /default-rack, certSerialId: null}, Type:RATIS, Factor:THREE, State:CLOSED]
2019-08-21 18:55:46,700 | INFO  | SCMAudit | user=jenkins1000 | ip=192.168.36.125 | op=SEND_HEARTBEAT {datanodeUUID=c2260f53-4216-4674-950d-92091259ffb1, command=[]} | ret=SUCCESS |  
2019-08-21 18:55:46,700 | INFO  | SCMAudit | user=jenkins1000 | ip=192.168.36.125 | op=SEND_HEARTBEAT {datanodeUUID=552776ad-4e33-4e75-810b-5f57bcc17043, command=[]} | ret=SUCCESS |  
2019-08-21 18:55:46,722 [EventQueue-StaleNodeForStaleNodeHandler] INFO  node.StaleNodeHandler (StaleNodeHandler.java:onMessage(58)) - Datanode a0967e03-aad6-49e6-846b-c8134af623ea{ip: 192.168.36.125, host: pr-hdds-1998-57vr7-880049069, networkLocation: /default-rack, certSerialId: null} moved to stale state. Finalizing its pipelines [PipelineID=26aa19a9-ec1f-4be4-a150-4bc18962474c, PipelineID=9467bf00-45a7-4e7f-bdcc-d93bc0fe02af]
2019-08-21 18:55:46,722 [EventQueue-StaleNodeForStaleNodeHandler] INFO  pipeline.SCMPipelineManager (SCMPipelineManager.java:finalizeAndDestroyPipeline(309)) - destroying pipeline:Pipeline[ Id: 26aa19a9-ec1f-4be4-a150-4bc18962474c, Nodes: a0967e03-aad6-49e6-846b-c8134af623ea{ip: 192.168.36.125, host: pr-hdds-1998-57vr7-880049069, networkLocation: /default-rack, certSerialId: null}552776ad-4e33-4e75-810b-5f57bcc17043{ip: 192.168.36.125, host: pr-hdds-1998-57vr7-880049069, networkLocation: /default-rack, certSerialId: null}c2260f53-4216-4674-950d-92091259ffb1{ip: 192.168.36.125, host: pr-hdds-1998-57vr7-880049069, networkLocation: /default-rack, certSerialId: null}, Type:RATIS, Factor:THREE, State:OPEN]
2019-08-21 18:55:46,723 [EventQueue-StaleNodeForStaleNodeHandler] INFO  pipeline.PipelineStateManager (PipelineStateManager.java:finalizePipeline(123)) - Pipeline Pipeline[ Id: 26aa19a9-ec1f-4be4-a150-4bc18962474c, Nodes: a0967e03-aad6-49e6-846b-c8134af623ea{ip: 192.168.36.125, host: pr-hdds-1998-57vr7-880049069, networkLocation: /default-rack, certSerialId: null}552776ad-4e33-4e75-810b-5f57bcc17043{ip: 192.168.36.125, host: pr-hdds-1998-57vr7-880049069, networkLocation: /default-rack, certSerialId: null}c2260f53-4216-4674-950d-92091259ffb1{ip: 192.168.36.125, host: pr-hdds-1998-57vr7-880049069, networkLocation: /default-rack, certSerialId: null}, Type:RATIS, Factor:THREE, State:CLOSED] moved to CLOSED state
2019-08-21 18:55:46,723 [EventQueue-CloseContainerForCloseContainerEventHandler] INFO  container.CloseContainerEventHandler (CloseContainerEventHandler.java:onMessage(61)) - Close container Event triggered for container : #2
2019-08-21 18:55:46,723 [EventQueue-StaleNodeForStaleNodeHandler] INFO  pipeline.SCMPipelineManager (SCMPipelineManager.java:finalizeAndDestroyPipeline(309)) - destroying pipeline:Pipeline[ Id: 9467bf00-45a7-4e7f-bdcc-d93bc0fe02af, Nodes: a0967e03-aad6-49e6-846b-c8134af623ea{ip: 192.168.36.125, host: pr-hdds-1998-57vr7-880049069, networkLocation: /default-rack, certSerialId: null}, Type:RATIS, Factor:ONE, State:OPEN]
2019-08-21 18:55:46,723 [EventQueue-StaleNodeForStaleNodeHandler] INFO  pipeline.PipelineStateManager (PipelineStateManager.java:finalizePipeline(123)) - Pipeline Pipeline[ Id: 9467bf00-45a7-4e7f-bdcc-d93bc0fe02af, Nodes: a0967e03-aad6-49e6-846b-c8134af623ea{ip: 192.168.36.125, host: pr-hdds-1998-57vr7-880049069, networkLocation: /default-rack, certSerialId: null}, Type:RATIS, Factor:ONE, State:CLOSED] moved to CLOSED state
2019-08-21 18:55:47,146 | INFO  | SCMAudit | user=jenkins1000 | ip=192.168.36.125 | op=SEND_HEARTBEAT {datanodeUUID=1ffe30da-7604-461d-ace9-714b6d5524df, command=[]} | ret=SUCCESS |  
2019-08-21 18:55:47,163 [main] INFO  ozoneimpl.OzoneContainer (OzoneContainer.java:stop(199)) - Attempting to stop container services.
2019-08-21 18:55:47,163 [ForkJoinPool.commonPool-worker-0] INFO  ozoneimpl.OzoneContainer (OzoneContainer.java:stop(199)) - Attempting to stop container services.
2019-08-21 18:55:47,164 [main] INFO  impl.RaftServerProxy (RaftServerProxy.java:lambda$close$4(314)) - a0967e03-aad6-49e6-846b-c8134af623ea: close
2019-08-21 18:55:47,164 [ForkJoinPool.commonPool-worker-0] INFO  impl.RaftServerProxy (RaftServerProxy.java:lambda$close$4(314)) - b1bf2634-a55a-4292-98b3-5b3eb35ed415: close
2019-08-21 18:55:47,164 [main] INFO  impl.RaftServerImpl (RaftServerImpl.java:lambda$shutdown$3(245)) - a0967e03-aad6-49e6-846b-c8134af623ea: shutdown group-4BC18962474C
2019-08-21 18:55:47,165 [ForkJoinPool.commonPool-worker-0] INFO  impl.RaftServerImpl (RaftServerImpl.java:lambda$shutdown$3(245)) - b1bf2634-a55a-4292-98b3-5b3eb35ed415: shutdown group-90BB4468D332
2019-08-21 18:55:47,165 [main] INFO  util.JmxRegister (JmxRegister.java:unregister(73)) - Successfully un-registered JMX Bean with object name Ratis:service=RaftServer,group=group-4BC18962474C,id=a0967e03-aad6-49e6-846b-c8134af623ea
2019-08-21 18:55:47,165 [ForkJoinPool.commonPool-worker-0] INFO  util.JmxRegister (JmxRegister.java:unregister(73)) - Successfully un-registered JMX Bean with object name Ratis:service=RaftServer,group=group-90BB4468D332,id=b1bf2634-a55a-4292-98b3-5b3eb35ed415
2019-08-21 18:55:47,166 [main] INFO  impl.RoleInfo (RoleInfo.java:shutdownFollowerState(121)) - a0967e03-aad6-49e6-846b-c8134af623ea: shutdown FollowerState
2019-08-21 18:55:47,166 [ForkJoinPool.commonPool-worker-0] INFO  impl.RoleInfo (RoleInfo.java:shutdownLeaderState(104)) - b1bf2634-a55a-4292-98b3-5b3eb35ed415: shutdown LeaderState
2019-08-21 18:55:47,166 [StateMachineUpdater:a0967e03-aad6-49e6-846b-c8134af623ea:group-4BC18962474C] INFO  ratis.ContainerStateMachine (ContainerStateMachine.java:takeSnapshot(283)) - group-4BC18962474C: Taking a snapshot at:(t:1, i:13) file /workdir/hadoop-ozone/integration-test/target/test-dir/MiniOzoneClusterImpl-41c02fe8-38d4-41ce-91e4-307d8e6896e2/datanode-4/data/ratis/26aa19a9-ec1f-4be4-a150-4bc18962474c/sm/snapshot.1_13
2019-08-21 18:55:47,166 [Thread-3752] INFO  impl.FollowerState (FollowerState.java:run(114)) - a0967e03-aad6-49e6-846b-c8134af623ea: FollowerState was interrupted: java.lang.InterruptedException: sleep interrupted
2019-08-21 18:55:47,166 [main] INFO  impl.StateMachineUpdater (StateMachineUpdater.java:stopAndJoin(115)) - StateMachineUpdater:a0967e03-aad6-49e6-846b-c8134af623ea:group-4BC18962474C: set stopIndex = 15
2019-08-21 18:55:47,167 [ForkJoinPool.commonPool-worker-0] INFO  impl.PendingRequests (PendingRequests.java:sendNotLeaderResponses(202)) - b1bf2634-a55a-4292-98b3-5b3eb35ed415-PendingRequests: sendNotLeaderResponses
2019-08-21 18:55:47,180 [ForkJoinPool.commonPool-worker-0] INFO  impl.StateMachineUpdater (StateMachineUpdater.java:stopAndJoin(115)) - StateMachineUpdater:b1bf2634-a55a-4292-98b3-5b3eb35ed415:group-90BB4468D332: set stopIndex = 0
2019-08-21 18:55:47,180 [ForkJoinPool.commonPool-worker-0] INFO  impl.RaftServerImpl (ServerState.java:close(394)) - b1bf2634-a55a-4292-98b3-5b3eb35ed415:group-90BB4468D332 closes. The last applied log index is 0
2019-08-21 18:55:47,181 [b1bf2634-a55a-4292-98b3-5b3eb35ed415-SegmentedRaftLogWorker:Storage Directory /workdir/hadoop-ozone/integration-test/target/test-dir/MiniOzoneClusterImpl-41c02fe8-38d4-41ce-91e4-307d8e6896e2/datanode-1/data/ratis/e0d9f544-dd51-457f-94d3-90bb4468d332] INFO  segmented.SegmentedRaftLogWorker (SegmentedRaftLogWorker.java:run(313)) - b1bf2634-a55a-4292-98b3-5b3eb35ed415-SegmentedRaftLogWorker:Storage Directory /workdir/hadoop-ozone/integration-test/target/test-dir/MiniOzoneClusterImpl-41c02fe8-38d4-41ce-91e4-307d8e6896e2/datanode-1/data/ratis/e0d9f544-dd51-457f-94d3-90bb4468d332 was interrupted, exiting. There are 0 tasks remaining in the queue.
2019-08-21 18:55:47,183 [ForkJoinPool.commonPool-worker-0] INFO  segmented.SegmentedRaftLogWorker (SegmentedRaftLogWorker.java:close(228)) - b1bf2634-a55a-4292-98b3-5b3eb35ed415-SegmentedRaftLogWorker:Storage Directory /workdir/hadoop-ozone/integration-test/target/test-dir/MiniOzoneClusterImpl-41c02fe8-38d4-41ce-91e4-307d8e6896e2/datanode-1/data/ratis/e0d9f544-dd51-457f-94d3-90bb4468d332 close()
2019-08-21 18:55:47,185 [ForkJoinPool.commonPool-worker-0] INFO  impl.RaftServerImpl (RaftServerImpl.java:lambda$shutdown$3(245)) - b1bf2634-a55a-4292-98b3-5b3eb35ed415: shutdown group-86FB0DCC5C31
2019-08-21 18:55:47,186 [ForkJoinPool.commonPool-worker-0] INFO  util.JmxRegister (JmxRegister.java:unregister(73)) - Successfully un-registered JMX Bean with object name Ratis:service=RaftServer,group=group-86FB0DCC5C31,id=b1bf2634-a55a-4292-98b3-5b3eb35ed415
2019-08-21 18:55:47,186 [ForkJoinPool.commonPool-worker-0] INFO  impl.RoleInfo (RoleInfo.java:shutdownFollowerState(121)) - b1bf2634-a55a-4292-98b3-5b3eb35ed415: shutdown FollowerState
2019-08-21 18:55:47,186 [ForkJoinPool.commonPool-worker-0] INFO  impl.StateMachineUpdater (StateMachineUpdater.java:stopAndJoin(115)) - StateMachineUpdater:b1bf2634-a55a-4292-98b3-5b3eb35ed415:group-86FB0DCC5C31: set stopIndex = 18
2019-08-21 18:55:47,186 [Thread-3790] INFO  impl.FollowerState (FollowerState.java:run(114)) - b1bf2634-a55a-4292-98b3-5b3eb35ed415: FollowerState was interrupted: java.lang.InterruptedException: sleep interrupted
2019-08-21 18:55:47,186 [StateMachineUpdater:b1bf2634-a55a-4292-98b3-5b3eb35ed415:group-86FB0DCC5C31] INFO  ratis.ContainerStateMachine (ContainerStateMachine.java:takeSnapshot(283)) - group-86FB0DCC5C31: Taking a snapshot at:(t:2, i:17) file /workdir/hadoop-ozone/integration-test/target/test-dir/MiniOzoneClusterImpl-41c02fe8-38d4-41ce-91e4-307d8e6896e2/datanode-1/data/ratis/f9ab71f4-cf19-40e4-b552-86fb0dcc5c31/sm/snapshot.2_17
2019-08-21 18:55:47,202 [StateMachineUpdater:b1bf2634-a55a-4292-98b3-5b3eb35ed415:group-86FB0DCC5C31] INFO  ratis.ContainerStateMachine (ContainerStateMachine.java:takeSnapshot(294)) - group-86FB0DCC5C31: Finished taking a snapshot at:(t:2, i:17) file:/workdir/hadoop-ozone/integration-test/target/test-dir/MiniOzoneClusterImpl-41c02fe8-38d4-41ce-91e4-307d8e6896e2/datanode-1/data/ratis/f9ab71f4-cf19-40e4-b552-86fb0dcc5c31/sm/snapshot.2_17 time:16
2019-08-21 18:55:47,202 [StateMachineUpdater:b1bf2634-a55a-4292-98b3-5b3eb35ed415:group-86FB0DCC5C31] INFO  impl.StateMachineUpdater (StateMachineUpdater.java:takeSnapshot(242)) - StateMachineUpdater:b1bf2634-a55a-4292-98b3-5b3eb35ed415:group-86FB0DCC5C31: Took a snapshot at index 17
2019-08-21 18:55:47,202 [StateMachineUpdater:a0967e03-aad6-49e6-846b-c8134af623ea:group-4BC18962474C] INFO  ratis.ContainerStateMachine (ContainerStateMachine.java:takeSnapshot(294)) - group-4BC18962474C: Finished taking a snapshot at:(t:1, i:13) file:/workdir/hadoop-ozone/integration-test/target/test-dir/MiniOzoneClusterImpl-41c02fe8-38d4-41ce-91e4-307d8e6896e2/datanode-4/data/ratis/26aa19a9-ec1f-4be4-a150-4bc18962474c/sm/snapshot.1_13 time:35
2019-08-21 18:55:47,202 [StateMachineUpdater:b1bf2634-a55a-4292-98b3-5b3eb35ed415:group-86FB0DCC5C31] INFO  impl.StateMachineUpdater (StateMachineUpdater.java:lambda$new$0(80)) - StateMachineUpdater:b1bf2634-a55a-4292-98b3-5b3eb35ed415:group-86FB0DCC5C31: snapshotIndex: updateIncreasingly -1 -> 17
2019-08-21 18:55:47,202 [StateMachineUpdater:a0967e03-aad6-49e6-846b-c8134af623ea:group-4BC18962474C] INFO  impl.StateMachineUpdater (StateMachineUpdater.java:takeSnapshot(242)) - StateMachineUpdater:a0967e03-aad6-49e6-846b-c8134af623ea:group-4BC18962474C: Took a snapshot at index 13
2019-08-21 18:55:47,203 [StateMachineUpdater:a0967e03-aad6-49e6-846b-c8134af623ea:group-4BC18962474C] INFO  impl.StateMachineUpdater (StateMachineUpdater.java:lambda$new$0(80)) - StateMachineUpdater:a0967e03-aad6-49e6-846b-c8134af623ea:group-4BC18962474C: snapshotIndex: updateIncreasingly -1 -> 13
2019-08-21 18:55:47,203 [ForkJoinPool.commonPool-worker-0] INFO  impl.RaftServerImpl (ServerState.java:close(394)) - b1bf2634-a55a-4292-98b3-5b3eb35ed415:group-86FB0DCC5C31 closes. The last applied log index is 18
2019-08-21 18:55:47,203 [main] INFO  impl.RaftServerImpl (ServerState.java:close(394)) - a0967e03-aad6-49e6-846b-c8134af623ea:group-4BC18962474C closes. The last applied log index is 15
2019-08-21 18:55:47,203 [b1bf2634-a55a-4292-98b3-5b3eb35ed415-SegmentedRaftLogWorker:Storage Directory /workdir/hadoop-ozone/integration-test/target/test-dir/MiniOzoneClusterImpl-41c02fe8-38d4-41ce-91e4-307d8e6896e2/datanode-1/data/ratis/f9ab71f4-cf19-40e4-b552-86fb0dcc5c31] INFO  segmented.SegmentedRaftLogWorker (SegmentedRaftLogWorker.java:run(313)) - b1bf2634-a55a-4292-98b3-5b3eb35ed415-SegmentedRaftLogWorker:Storage Directory /workdir/hadoop-ozone/integration-test/target/test-dir/MiniOzoneClusterImpl-41c02fe8-38d4-41ce-91e4-307d8e6896e2/datanode-1/data/ratis/f9ab71f4-cf19-40e4-b552-86fb0dcc5c31 was interrupted, exiting. There are 0 tasks remaining in the queue.
2019-08-21 18:55:47,204 [a0967e03-aad6-49e6-846b-c8134af623ea-SegmentedRaftLogWorker:Storage Directory /workdir/hadoop-ozone/integration-test/target/test-dir/MiniOzoneClusterImpl-41c02fe8-38d4-41ce-91e4-307d8e6896e2/datanode-4/data/ratis/26aa19a9-ec1f-4be4-a150-4bc18962474c] INFO  segmented.SegmentedRaftLogWorker (SegmentedRaftLogWorker.java:run(313)) - a0967e03-aad6-49e6-846b-c8134af623ea-SegmentedRaftLogWorker:Storage Directory /workdir/hadoop-ozone/integration-test/target/test-dir/MiniOzoneClusterImpl-41c02fe8-38d4-41ce-91e4-307d8e6896e2/datanode-4/data/ratis/26aa19a9-ec1f-4be4-a150-4bc18962474c was interrupted, exiting. There are 0 tasks remaining in the queue.
2019-08-21 18:55:47,209 [ForkJoinPool.commonPool-worker-0] INFO  segmented.SegmentedRaftLogWorker (SegmentedRaftLogWorker.java:close(228)) - b1bf2634-a55a-4292-98b3-5b3eb35ed415-SegmentedRaftLogWorker:Storage Directory /workdir/hadoop-ozone/integration-test/target/test-dir/MiniOzoneClusterImpl-41c02fe8-38d4-41ce-91e4-307d8e6896e2/datanode-1/data/ratis/f9ab71f4-cf19-40e4-b552-86fb0dcc5c31 close()
2019-08-21 18:55:47,209 [main] INFO  segmented.SegmentedRaftLogWorker (SegmentedRaftLogWorker.java:close(228)) - a0967e03-aad6-49e6-846b-c8134af623ea-SegmentedRaftLogWorker:Storage Directory /workdir/hadoop-ozone/integration-test/target/test-dir/MiniOzoneClusterImpl-41c02fe8-38d4-41ce-91e4-307d8e6896e2/datanode-4/data/ratis/26aa19a9-ec1f-4be4-a150-4bc18962474c close()
2019-08-21 18:55:47,211 [ForkJoinPool.commonPool-worker-0] INFO  server.GrpcService (GrpcService.java:closeImpl(155)) - b1bf2634-a55a-4292-98b3-5b3eb35ed415: shutdown server with port 42945 now
2019-08-21 18:55:47,214 [main] INFO  impl.RaftServerImpl (RaftServerImpl.java:lambda$shutdown$3(245)) - a0967e03-aad6-49e6-846b-c8134af623ea: shutdown group-D93BC0FE02AF
2019-08-21 18:55:47,215 [main] INFO  util.JmxRegister (JmxRegister.java:unregister(73)) - Successfully un-registered JMX Bean with object name Ratis:service=RaftServer,group=group-D93BC0FE02AF,id=a0967e03-aad6-49e6-846b-c8134af623ea
2019-08-21 18:55:47,215 [grpc-default-executor-11] WARN  server.GrpcServerProtocolService (LogUtils.java:warn(134)) - b1bf2634-a55a-4292-98b3-5b3eb35ed415: appendEntries onError: org.apache.ratis.thirdparty.io.grpc.StatusRuntimeException: CANCELLED: cancelled before receiving half close
2019-08-21 18:55:47,216 [grpc-default-executor-7] WARN  server.GrpcLogAppender (LogUtils.java:warn(134)) - 70834503-2edc-4245-925f-fcee029f7dec->b1bf2634-a55a-4292-98b3-5b3eb35ed415: Failed appendEntries: org.apache.ratis.thirdparty.io.grpc.StatusRuntimeException: CANCELLED: HTTP/2 error code: CANCEL
Received Rst Stream
2019-08-21 18:55:47,215 [ForkJoinPool.commonPool-worker-0] INFO  server.GrpcService (GrpcService.java:closeImpl(163)) - b1bf2634-a55a-4292-98b3-5b3eb35ed415: shutdown server with port 42945 successfully
2019-08-21 18:55:47,215 [main] INFO  impl.RoleInfo (RoleInfo.java:shutdownLeaderState(104)) - a0967e03-aad6-49e6-846b-c8134af623ea: shutdown LeaderState
2019-08-21 18:55:47,216 [grpc-default-executor-7] INFO  impl.FollowerInfo (FollowerInfo.java:lambda$new$0(50)) - 70834503-2edc-4245-925f-fcee029f7dec->b1bf2634-a55a-4292-98b3-5b3eb35ed415: nextIndex: updateUnconditionally 19 -> 18
2019-08-21 18:55:47,217 [main] INFO  impl.PendingRequests (PendingRequests.java:sendNotLeaderResponses(202)) - a0967e03-aad6-49e6-846b-c8134af623ea-PendingRequests: sendNotLeaderResponses
2019-08-21 18:55:47,218 [main] INFO  impl.StateMachineUpdater (StateMachineUpdater.java:stopAndJoin(115)) - StateMachineUpdater:a0967e03-aad6-49e6-846b-c8134af623ea:group-D93BC0FE02AF: set stopIndex = 0
2019-08-21 18:55:47,218 [main] INFO  impl.RaftServerImpl (ServerState.java:close(394)) - a0967e03-aad6-49e6-846b-c8134af623ea:group-D93BC0FE02AF closes. The last applied log index is 0
2019-08-21 18:55:47,219 [a0967e03-aad6-49e6-846b-c8134af623ea-SegmentedRaftLogWorker:Storage Directory /workdir/hadoop-ozone/integration-test/target/test-dir/MiniOzoneClusterImpl-41c02fe8-38d4-41ce-91e4-307d8e6896e2/datanode-4/data/ratis/9467bf00-45a7-4e7f-bdcc-d93bc0fe02af] INFO  segmented.SegmentedRaftLogWorker (SegmentedRaftLogWorker.java:run(313)) - a0967e03-aad6-49e6-846b-c8134af623ea-SegmentedRaftLogWorker:Storage Directory /workdir/hadoop-ozone/integration-test/target/test-dir/MiniOzoneClusterImpl-41c02fe8-38d4-41ce-91e4-307d8e6896e2/datanode-4/data/ratis/9467bf00-45a7-4e7f-bdcc-d93bc0fe02af was interrupted, exiting. There are 0 tasks remaining in the queue.
2019-08-21 18:55:47,222 [main] INFO  segmented.SegmentedRaftLogWorker (SegmentedRaftLogWorker.java:close(228)) - a0967e03-aad6-49e6-846b-c8134af623ea-SegmentedRaftLogWorker:Storage Directory /workdir/hadoop-ozone/integration-test/target/test-dir/MiniOzoneClusterImpl-41c02fe8-38d4-41ce-91e4-307d8e6896e2/datanode-4/data/ratis/9467bf00-45a7-4e7f-bdcc-d93bc0fe02af close()
2019-08-21 18:55:47,222 [ForkJoinPool.commonPool-worker-0] INFO  utils.BackgroundService (BackgroundService.java:shutdown(148)) - Shutting down service BlockDeletingService
2019-08-21 18:55:47,226 [main] INFO  server.GrpcService (GrpcService.java:closeImpl(155)) - a0967e03-aad6-49e6-846b-c8134af623ea: shutdown server with port 33239 now
2019-08-21 18:55:47,226 [refreshUsed-/workdir/hadoop-ozone/integration-test/target/test-dir/MiniOzoneClusterImpl-41c02fe8-38d4-41ce-91e4-307d8e6896e2/datanode-1/data/containers] WARN  fs.CachingGetSpaceUsed (CachingGetSpaceUsed.java:run(183)) - Thread Interrupted waiting to refresh disk information: sleep interrupted
2019-08-21 18:55:47,227 [grpc-default-executor-11] WARN  server.GrpcServerProtocolService (LogUtils.java:warn(134)) - a0967e03-aad6-49e6-846b-c8134af623ea: appendEntries onError: org.apache.ratis.thirdparty.io.grpc.StatusRuntimeException: CANCELLED: cancelled before receiving half close
2019-08-21 18:55:47,227 [grpc-default-executor-7] WARN  server.GrpcLogAppender (LogUtils.java:warn(134)) - 552776ad-4e33-4e75-810b-5f57bcc17043->a0967e03-aad6-49e6-846b-c8134af623ea: Failed appendEntries: org.apache.ratis.thirdparty.io.grpc.StatusRuntimeException: CANCELLED: HTTP/2 error code: CANCEL
Received Rst Stream
2019-08-21 18:55:47,227 [main] INFO  server.GrpcService (GrpcService.java:closeImpl(163)) - a0967e03-aad6-49e6-846b-c8134af623ea: shutdown server with port 33239 successfully
2019-08-21 18:55:47,227 [grpc-default-executor-7] INFO  impl.FollowerInfo (FollowerInfo.java:lambda$new$0(50)) - 552776ad-4e33-4e75-810b-5f57bcc17043->a0967e03-aad6-49e6-846b-c8134af623ea: nextIndex: updateUnconditionally 16 -> 15
2019-08-21 18:55:47,229 [main] INFO  utils.BackgroundService (BackgroundService.java:shutdown(148)) - Shutting down service BlockDeletingService
2019-08-21 18:55:47,233 [refreshUsed-/workdir/hadoop-ozone/integration-test/target/test-dir/MiniOzoneClusterImpl-41c02fe8-38d4-41ce-91e4-307d8e6896e2/datanode-4/data/containers] WARN  fs.CachingGetSpaceUsed (CachingGetSpaceUsed.java:run(183)) - Thread Interrupted waiting to refresh disk information: sleep interrupted
2019-08-21 18:55:47,248 [ForkJoinPool.commonPool-worker-0] INFO  statemachine.DatanodeStateMachine (DatanodeStateMachine.java:stopDaemon(395)) - Ozone container server stopped.
2019-08-21 18:55:47,253 [ForkJoinPool.commonPool-worker-0] INFO  handler.ContextHandler (ContextHandler.java:doStop(910)) - Stopped o.e.j.w.WebAppContext@5444c63f{/,null,UNAVAILABLE}{/hddsDatanode}
2019-08-21 18:55:47,254 [ForkJoinPool.commonPool-worker-0] INFO  server.AbstractConnector (AbstractConnector.java:doStop(318)) - Stopped ServerConnector@31b827a6{HTTP/1.1,[http/1.1]}{0.0.0.0:0}
2019-08-21 18:55:47,256 [ForkJoinPool.commonPool-worker-0] INFO  handler.ContextHandler (ContextHandler.java:doStop(910)) - Stopped o.e.j.s.ServletContextHandler@72f71ea2{/static,jar:file:/home/user/.m2/repository/org/apache/hadoop/hadoop-hdds-container-service/0.5.0-SNAPSHOT/hadoop-hdds-container-service-0.5.0-SNAPSHOT.jar!/webapps/static,UNAVAILABLE}
2019-08-21 18:55:47,258 [ForkJoinPool.commonPool-worker-0] INFO  handler.ContextHandler (ContextHandler.java:doStop(910)) - Stopped o.e.j.s.ServletContextHandler@267d9cc0{/logs,file:///workdir/hadoop-ozone/integration-test/target/log,UNAVAILABLE}
2019-08-21 18:55:47,260 [ForkJoinPool.commonPool-worker-0] INFO  datanode.ObjectStoreHandler (ObjectStoreHandler.java:close(155)) - Closing ObjectStoreHandler.
2019-08-21 18:55:47,260 [ForkJoinPool.commonPool-worker-0] INFO  ozone.HddsDatanodeService (HddsDatanodeService.java:stop(451)) - Stopped plug-in org.apache.hadoop.ozone.web.OzoneHddsDatanodeService@65d3e2ba
2019-08-21 18:55:47,267 [main] INFO  statemachine.DatanodeStateMachine (DatanodeStateMachine.java:stopDaemon(395)) - Ozone container server stopped.
2019-08-21 18:55:47,268 [main] INFO  handler.ContextHandler (ContextHandler.java:doStop(910)) - Stopped o.e.j.w.WebAppContext@316987c4{/,null,UNAVAILABLE}{/hddsDatanode}
2019-08-21 18:55:47,269 [main] INFO  server.AbstractConnector (AbstractConnector.java:doStop(318)) - Stopped ServerConnector@32eca9f4{HTTP/1.1,[http/1.1]}{0.0.0.0:0}
2019-08-21 18:55:47,269 [main] INFO  handler.ContextHandler (ContextHandler.java:doStop(910)) - Stopped o.e.j.s.ServletContextHandler@1fcef7{/static,jar:file:/home/user/.m2/repository/org/apache/hadoop/hadoop-hdds-container-service/0.5.0-SNAPSHOT/hadoop-hdds-container-service-0.5.0-SNAPSHOT.jar!/webapps/static,UNAVAILABLE}
2019-08-21 18:55:47,270 [main] INFO  handler.ContextHandler (ContextHandler.java:doStop(910)) - Stopped o.e.j.s.ServletContextHandler@2c841ac4{/logs,file:///workdir/hadoop-ozone/integration-test/target/log,UNAVAILABLE}
2019-08-21 18:55:47,271 [main] INFO  datanode.ObjectStoreHandler (ObjectStoreHandler.java:close(155)) - Closing ObjectStoreHandler.
2019-08-21 18:55:47,271 [main] INFO  ozone.HddsDatanodeService (HddsDatanodeService.java:stop(451)) - Stopped plug-in org.apache.hadoop.ozone.web.OzoneHddsDatanodeService@2b0df4ba
2019-08-21 18:55:47,503 [Datanode State Machine Thread - 0] INFO  statemachine.DatanodeStateMachine (DatanodeStateMachine.java:lambda$startDaemon$0(350)) - Ozone container server started.
2019-08-21 18:55:47,700 [Datanode State Machine Thread - 0] INFO  statemachine.DatanodeStateMachine (DatanodeStateMachine.java:lambda$startDaemon$0(350)) - Ozone container server started.
2019-08-21 18:55:47,702 | INFO  | SCMAudit | user=jenkins1000 | ip=192.168.36.125 | op=SEND_HEARTBEAT {datanodeUUID=c2260f53-4216-4674-950d-92091259ffb1, command=[commandType: closeContainerCommand closeContainerCommandProto { containerID: 2 pipelineID { id: "26aa19a9-ec1f-4be4-a150-4bc18962474c" } cmdId: 2 force: false } ]} | ret=SUCCESS |  
2019-08-21 18:55:48,145 | INFO  | SCMAudit | user=jenkins1000 | ip=192.168.36.125 | op=SEND_HEARTBEAT {datanodeUUID=1ffe30da-7604-461d-ace9-714b6d5524df, command=[]} | ret=SUCCESS |  
2019-08-21 18:55:48,701 | INFO  | SCMAudit | user=jenkins1000 | ip=192.168.36.125 | op=SEND_HEARTBEAT {datanodeUUID=c2260f53-4216-4674-950d-92091259ffb1, command=[]} | ret=SUCCESS |  
2019-08-21 18:55:48,726 | INFO  | SCMAudit | user=jenkins1000 | ip=192.168.36.125 | op=SEND_HEARTBEAT {datanodeUUID=c2260f53-4216-4674-950d-92091259ffb1, command=[]} | ret=SUCCESS |  
2019-08-21 18:55:48,923 [grpc-default-executor-7] WARN  server.GrpcLogAppender (LogUtils.java:warn(134)) - 70834503-2edc-4245-925f-fcee029f7dec->797b0004-b8c3-49ad-acf1-e2929da993b9: Failed appendEntries: org.apache.ratis.thirdparty.io.grpc.StatusRuntimeException: UNAVAILABLE: io exception
2019-08-21 18:55:48,924 [grpc-default-executor-7] INFO  impl.FollowerInfo (FollowerInfo.java:lambda$new$0(50)) - 70834503-2edc-4245-925f-fcee029f7dec->797b0004-b8c3-49ad-acf1-e2929da993b9: nextIndex: updateUnconditionally 15 -> 14
2019-08-21 18:55:48,925 [grpc-default-executor-2] WARN  server.GrpcLogAppender (LogUtils.java:warn(134)) - 70834503-2edc-4245-925f-fcee029f7dec->b1bf2634-a55a-4292-98b3-5b3eb35ed415: Failed appendEntries: org.apache.ratis.thirdparty.io.grpc.StatusRuntimeException: UNAVAILABLE: io exception
2019-08-21 18:55:48,926 [grpc-default-executor-2] INFO  impl.FollowerInfo (FollowerInfo.java:lambda$new$0(50)) - 70834503-2edc-4245-925f-fcee029f7dec->b1bf2634-a55a-4292-98b3-5b3eb35ed415: nextIndex: updateUnconditionally 18 -> 17
2019-08-21 18:55:49,146 | INFO  | SCMAudit | user=jenkins1000 | ip=192.168.36.125 | op=SEND_HEARTBEAT {datanodeUUID=1ffe30da-7604-461d-ace9-714b6d5524df, command=[]} | ret=SUCCESS |  
2019-08-21 18:55:49,613 [grpc-default-executor-7] WARN  server.GrpcLogAppender (LogUtils.java:warn(134)) - 552776ad-4e33-4e75-810b-5f57bcc17043->a0967e03-aad6-49e6-846b-c8134af623ea: Failed appendEntries: org.apache.ratis.thirdparty.io.grpc.StatusRuntimeException: UNAVAILABLE: io exception
2019-08-21 18:55:49,614 [grpc-default-executor-7] INFO  impl.FollowerInfo (FollowerInfo.java:lambda$new$0(50)) - 552776ad-4e33-4e75-810b-5f57bcc17043->a0967e03-aad6-49e6-846b-c8134af623ea: nextIndex: updateUnconditionally 15 -> 14
2019-08-21 18:55:49,727 | INFO  | SCMAudit | user=jenkins1000 | ip=192.168.36.125 | op=SEND_HEARTBEAT {datanodeUUID=c2260f53-4216-4674-950d-92091259ffb1, command=[]} | ret=SUCCESS |  
2019-08-21 18:55:50,146 | INFO  | SCMAudit | user=jenkins1000 | ip=192.168.36.125 | op=SEND_HEARTBEAT {datanodeUUID=1ffe30da-7604-461d-ace9-714b6d5524df, command=[]} | ret=SUCCESS |  
2019-08-21 18:55:50,726 | INFO  | SCMAudit | user=jenkins1000 | ip=192.168.36.125 | op=SEND_HEARTBEAT {datanodeUUID=c2260f53-4216-4674-950d-92091259ffb1, command=[]} | ret=SUCCESS |  
2019-08-21 18:55:51,145 | INFO  | SCMAudit | user=jenkins1000 | ip=192.168.36.125 | op=SEND_HEARTBEAT {datanodeUUID=1ffe30da-7604-461d-ace9-714b6d5524df, command=[]} | ret=SUCCESS |  
2019-08-21 18:55:51,424 [grpc-default-executor-2] WARN  server.GrpcLogAppender (LogUtils.java:warn(134)) - 70834503-2edc-4245-925f-fcee029f7dec->797b0004-b8c3-49ad-acf1-e2929da993b9: Failed appendEntries: org.apache.ratis.thirdparty.io.grpc.StatusRuntimeException: UNAVAILABLE: io exception
2019-08-21 18:55:51,425 [grpc-default-executor-2] INFO  impl.FollowerInfo (FollowerInfo.java:lambda$new$0(50)) - 70834503-2edc-4245-925f-fcee029f7dec->797b0004-b8c3-49ad-acf1-e2929da993b9: nextIndex: updateUnconditionally 14 -> 13
2019-08-21 18:55:51,426 [grpc-default-executor-11] WARN  server.GrpcLogAppender (LogUtils.java:warn(134)) - 70834503-2edc-4245-925f-fcee029f7dec->b1bf2634-a55a-4292-98b3-5b3eb35ed415: Failed appendEntries: org.apache.ratis.thirdparty.io.grpc.StatusRuntimeException: UNAVAILABLE: io exception
2019-08-21 18:55:51,426 [grpc-default-executor-11] INFO  impl.FollowerInfo (FollowerInfo.java:lambda$new$0(50)) - 70834503-2edc-4245-925f-fcee029f7dec->b1bf2634-a55a-4292-98b3-5b3eb35ed415: nextIndex: updateUnconditionally 17 -> 16
2019-08-21 18:55:51,529 [EventQueue-StaleNodeForStaleNodeHandler] INFO  node.StaleNodeHandler (StaleNodeHandler.java:onMessage(58)) - Datanode 70834503-2edc-4245-925f-fcee029f7dec{ip: 192.168.36.125, host: pr-hdds-1998-57vr7-880049069, networkLocation: /default-rack, certSerialId: null} moved to stale state. Finalizing its pipelines [PipelineID=f9ab71f4-cf19-40e4-b552-86fb0dcc5c31, PipelineID=571a6004-d968-4999-8505-a20539ad15bd]
2019-08-21 18:55:51,529 [EventQueue-StaleNodeForStaleNodeHandler] INFO  pipeline.SCMPipelineManager (SCMPipelineManager.java:finalizeAndDestroyPipeline(309)) - destroying pipeline:Pipeline[ Id: f9ab71f4-cf19-40e4-b552-86fb0dcc5c31, Nodes: 797b0004-b8c3-49ad-acf1-e2929da993b9{ip: 192.168.36.125, host: pr-hdds-1998-57vr7-880049069, networkLocation: /default-rack, certSerialId: null}b1bf2634-a55a-4292-98b3-5b3eb35ed415{ip: 192.168.36.125, host: pr-hdds-1998-57vr7-880049069, networkLocation: /default-rack, certSerialId: null}70834503-2edc-4245-925f-fcee029f7dec{ip: 192.168.36.125, host: pr-hdds-1998-57vr7-880049069, networkLocation: /default-rack, certSerialId: null}, Type:RATIS, Factor:THREE, State:CLOSED]
2019-08-21 18:55:51,530 [EventQueue-StaleNodeForStaleNodeHandler] INFO  pipeline.SCMPipelineManager (SCMPipelineManager.java:finalizeAndDestroyPipeline(309)) - destroying pipeline:Pipeline[ Id: 571a6004-d968-4999-8505-a20539ad15bd, Nodes: 70834503-2edc-4245-925f-fcee029f7dec{ip: 192.168.36.125, host: pr-hdds-1998-57vr7-880049069, networkLocation: /default-rack, certSerialId: null}, Type:RATIS, Factor:ONE, State:OPEN]
2019-08-21 18:55:51,530 [EventQueue-StaleNodeForStaleNodeHandler] INFO  pipeline.PipelineStateManager (PipelineStateManager.java:finalizePipeline(123)) - Pipeline Pipeline[ Id: 571a6004-d968-4999-8505-a20539ad15bd, Nodes: 70834503-2edc-4245-925f-fcee029f7dec{ip: 192.168.36.125, host: pr-hdds-1998-57vr7-880049069, networkLocation: /default-rack, certSerialId: null}, Type:RATIS, Factor:ONE, State:CLOSED] moved to CLOSED state
2019-08-21 18:55:51,727 | INFO  | SCMAudit | user=jenkins1000 | ip=192.168.36.125 | op=SEND_HEARTBEAT {datanodeUUID=c2260f53-4216-4674-950d-92091259ffb1, command=[]} | ret=SUCCESS |  
2019-08-21 18:55:51,729 [EventQueue-StaleNodeForStaleNodeHandler] INFO  node.StaleNodeHandler (StaleNodeHandler.java:onMessage(58)) - Datanode 552776ad-4e33-4e75-810b-5f57bcc17043{ip: 192.168.36.125, host: pr-hdds-1998-57vr7-880049069, networkLocation: /default-rack, certSerialId: null} moved to stale state. Finalizing its pipelines [PipelineID=c436fa33-4af9-443f-af6a-70660b6d68d1, PipelineID=26aa19a9-ec1f-4be4-a150-4bc18962474c]
2019-08-21 18:55:51,730 [EventQueue-StaleNodeForStaleNodeHandler] INFO  pipeline.SCMPipelineManager (SCMPipelineManager.java:finalizeAndDestroyPipeline(309)) - destroying pipeline:Pipeline[ Id: c436fa33-4af9-443f-af6a-70660b6d68d1, Nodes: 552776ad-4e33-4e75-810b-5f57bcc17043{ip: 192.168.36.125, host: pr-hdds-1998-57vr7-880049069, networkLocation: /default-rack, certSerialId: null}, Type:RATIS, Factor:ONE, State:OPEN]
2019-08-21 18:55:51,730 [EventQueue-StaleNodeForStaleNodeHandler] INFO  pipeline.PipelineStateManager (PipelineStateManager.java:finalizePipeline(123)) - Pipeline Pipeline[ Id: c436fa33-4af9-443f-af6a-70660b6d68d1, Nodes: 552776ad-4e33-4e75-810b-5f57bcc17043{ip: 192.168.36.125, host: pr-hdds-1998-57vr7-880049069, networkLocation: /default-rack, certSerialId: null}, Type:RATIS, Factor:ONE, State:CLOSED] moved to CLOSED state
2019-08-21 18:55:51,730 [EventQueue-StaleNodeForStaleNodeHandler] INFO  pipeline.SCMPipelineManager (SCMPipelineManager.java:finalizeAndDestroyPipeline(309)) - destroying pipeline:Pipeline[ Id: 26aa19a9-ec1f-4be4-a150-4bc18962474c, Nodes: a0967e03-aad6-49e6-846b-c8134af623ea{ip: 192.168.36.125, host: pr-hdds-1998-57vr7-880049069, networkLocation: /default-rack, certSerialId: null}552776ad-4e33-4e75-810b-5f57bcc17043{ip: 192.168.36.125, host: pr-hdds-1998-57vr7-880049069, networkLocation: /default-rack, certSerialId: null}c2260f53-4216-4674-950d-92091259ffb1{ip: 192.168.36.125, host: pr-hdds-1998-57vr7-880049069, networkLocation: /default-rack, certSerialId: null}, Type:RATIS, Factor:THREE, State:CLOSED]
2019-08-21 18:55:52,114 [grpc-default-executor-11] WARN  server.GrpcLogAppender (LogUtils.java:warn(134)) - 552776ad-4e33-4e75-810b-5f57bcc17043->a0967e03-aad6-49e6-846b-c8134af623ea: Failed appendEntries: org.apache.ratis.thirdparty.io.grpc.StatusRuntimeException: UNAVAILABLE: io exception
2019-08-21 18:55:52,114 [grpc-default-executor-11] INFO  impl.FollowerInfo (FollowerInfo.java:lambda$new$0(50)) - 552776ad-4e33-4e75-810b-5f57bcc17043->a0967e03-aad6-49e6-846b-c8134af623ea: nextIndex: updateUnconditionally 14 -> 13
2019-08-21 18:55:52,146 | INFO  | SCMAudit | user=jenkins1000 | ip=192.168.36.125 | op=SEND_HEARTBEAT {datanodeUUID=1ffe30da-7604-461d-ace9-714b6d5524df, command=[]} | ret=SUCCESS |  
2019-08-21 18:55:52,261 [ForkJoinPool.commonPool-worker-0] INFO  ozoneimpl.OzoneContainer (OzoneContainer.java:stop(199)) - Attempting to stop container services.
2019-08-21 18:55:52,261 [ForkJoinPool.commonPool-worker-0] INFO  impl.RaftServerProxy (RaftServerProxy.java:lambda$close$4(314)) - 70834503-2edc-4245-925f-fcee029f7dec: close
2019-08-21 18:55:52,261 [ForkJoinPool.commonPool-worker-0] INFO  impl.RaftServerImpl (RaftServerImpl.java:lambda$shutdown$3(245)) - 70834503-2edc-4245-925f-fcee029f7dec: shutdown group-86FB0DCC5C31
2019-08-21 18:55:52,262 [ForkJoinPool.commonPool-worker-0] INFO  util.JmxRegister (JmxRegister.java:unregister(73)) - Successfully un-registered JMX Bean with object name Ratis:service=RaftServer,group=group-86FB0DCC5C31,id=70834503-2edc-4245-925f-fcee029f7dec
2019-08-21 18:55:52,262 [ForkJoinPool.commonPool-worker-0] INFO  impl.RoleInfo (RoleInfo.java:shutdownLeaderState(104)) - 70834503-2edc-4245-925f-fcee029f7dec: shutdown LeaderState
2019-08-21 18:55:52,266 [org.apache.ratis.server.impl.LogAppender$AppenderDaemon$$Lambda$681/1440215874@4b3f8956] WARN  server.GrpcLogAppender (GrpcLogAppender.java:mayWait(143)) - GrpcLogAppender(70834503-2edc-4245-925f-fcee029f7dec->797b0004-b8c3-49ad-acf1-e2929da993b9): Wait interrupted by java.lang.InterruptedException
2019-08-21 18:55:52,266 [ForkJoinPool.commonPool-worker-0] INFO  impl.PendingRequests (PendingRequests.java:sendNotLeaderResponses(202)) - 70834503-2edc-4245-925f-fcee029f7dec-PendingRequests: sendNotLeaderResponses
2019-08-21 18:55:52,266 [org.apache.ratis.server.impl.LogAppender$AppenderDaemon$$Lambda$681/1440215874@e3d0e55] WARN  server.GrpcLogAppender (GrpcLogAppender.java:mayWait(143)) - GrpcLogAppender(70834503-2edc-4245-925f-fcee029f7dec->b1bf2634-a55a-4292-98b3-5b3eb35ed415): Wait interrupted by java.lang.InterruptedException
2019-08-21 18:55:52,267 [ForkJoinPool.commonPool-worker-0] INFO  impl.StateMachineUpdater (StateMachineUpdater.java:stopAndJoin(115)) - StateMachineUpdater:70834503-2edc-4245-925f-fcee029f7dec:group-86FB0DCC5C31: set stopIndex = 18
2019-08-21 18:55:52,267 [StateMachineUpdater:70834503-2edc-4245-925f-fcee029f7dec:group-86FB0DCC5C31] INFO  ratis.ContainerStateMachine (ContainerStateMachine.java:takeSnapshot(283)) - group-86FB0DCC5C31: Taking a snapshot at:(t:2, i:18) file /workdir/hadoop-ozone/integration-test/target/test-dir/MiniOzoneClusterImpl-41c02fe8-38d4-41ce-91e4-307d8e6896e2/datanode-0/data/ratis/f9ab71f4-cf19-40e4-b552-86fb0dcc5c31/sm/snapshot.2_18
2019-08-21 18:55:52,272 [main] INFO  ozoneimpl.OzoneContainer (OzoneContainer.java:stop(199)) - Attempting to stop container services.
2019-08-21 18:55:52,272 [main] INFO  impl.RaftServerProxy (RaftServerProxy.java:lambda$close$4(314)) - 552776ad-4e33-4e75-810b-5f57bcc17043: close
2019-08-21 18:55:52,272 [main] INFO  impl.RaftServerImpl (RaftServerImpl.java:lambda$shutdown$3(245)) - 552776ad-4e33-4e75-810b-5f57bcc17043: shutdown group-70660B6D68D1
2019-08-21 18:55:52,273 [main] INFO  util.JmxRegister (JmxRegister.java:unregister(73)) - Successfully un-registered JMX Bean with object name Ratis:service=RaftServer,group=group-70660B6D68D1,id=552776ad-4e33-4e75-810b-5f57bcc17043
2019-08-21 18:55:52,273 [main] INFO  impl.RoleInfo (RoleInfo.java:shutdownLeaderState(104)) - 552776ad-4e33-4e75-810b-5f57bcc17043: shutdown LeaderState
2019-08-21 18:55:52,273 [main] INFO  impl.PendingRequests (PendingRequests.java:sendNotLeaderResponses(202)) - 552776ad-4e33-4e75-810b-5f57bcc17043-PendingRequests: sendNotLeaderResponses
2019-08-21 18:55:52,274 [main] INFO  impl.StateMachineUpdater (StateMachineUpdater.java:stopAndJoin(115)) - StateMachineUpdater:552776ad-4e33-4e75-810b-5f57bcc17043:group-70660B6D68D1: set stopIndex = 0
2019-08-21 18:55:52,274 [main] INFO  impl.RaftServerImpl (ServerState.java:close(394)) - 552776ad-4e33-4e75-810b-5f57bcc17043:group-70660B6D68D1 closes. The last applied log index is 0
2019-08-21 18:55:52,275 [552776ad-4e33-4e75-810b-5f57bcc17043-SegmentedRaftLogWorker:Storage Directory /workdir/hadoop-ozone/integration-test/target/test-dir/MiniOzoneClusterImpl-41c02fe8-38d4-41ce-91e4-307d8e6896e2/datanode-3/data/ratis/c436fa33-4af9-443f-af6a-70660b6d68d1] INFO  segmented.SegmentedRaftLogWorker (SegmentedRaftLogWorker.java:run(313)) - 552776ad-4e33-4e75-810b-5f57bcc17043-SegmentedRaftLogWorker:Storage Directory /workdir/hadoop-ozone/integration-test/target/test-dir/MiniOzoneClusterImpl-41c02fe8-38d4-41ce-91e4-307d8e6896e2/datanode-3/data/ratis/c436fa33-4af9-443f-af6a-70660b6d68d1 was interrupted, exiting. There are 0 tasks remaining in the queue.
2019-08-21 18:55:52,283 [main] INFO  segmented.SegmentedRaftLogWorker (SegmentedRaftLogWorker.java:close(228)) - 552776ad-4e33-4e75-810b-5f57bcc17043-SegmentedRaftLogWorker:Storage Directory /workdir/hadoop-ozone/integration-test/target/test-dir/MiniOzoneClusterImpl-41c02fe8-38d4-41ce-91e4-307d8e6896e2/datanode-3/data/ratis/c436fa33-4af9-443f-af6a-70660b6d68d1 close()
2019-08-21 18:55:52,285 [main] INFO  impl.RaftServerImpl (RaftServerImpl.java:lambda$shutdown$3(245)) - 552776ad-4e33-4e75-810b-5f57bcc17043: shutdown group-4BC18962474C
2019-08-21 18:55:52,285 [StateMachineUpdater:70834503-2edc-4245-925f-fcee029f7dec:group-86FB0DCC5C31] INFO  ratis.ContainerStateMachine (ContainerStateMachine.java:takeSnapshot(294)) - group-86FB0DCC5C31: Finished taking a snapshot at:(t:2, i:18) file:/workdir/hadoop-ozone/integration-test/target/test-dir/MiniOzoneClusterImpl-41c02fe8-38d4-41ce-91e4-307d8e6896e2/datanode-0/data/ratis/f9ab71f4-cf19-40e4-b552-86fb0dcc5c31/sm/snapshot.2_18 time:17
2019-08-21 18:55:52,285 [main] INFO  util.JmxRegister (JmxRegister.java:unregister(73)) - Successfully un-registered JMX Bean with object name Ratis:service=RaftServer,group=group-4BC18962474C,id=552776ad-4e33-4e75-810b-5f57bcc17043
2019-08-21 18:55:52,286 [StateMachineUpdater:70834503-2edc-4245-925f-fcee029f7dec:group-86FB0DCC5C31] INFO  impl.StateMachineUpdater (StateMachineUpdater.java:takeSnapshot(242)) - StateMachineUpdater:70834503-2edc-4245-925f-fcee029f7dec:group-86FB0DCC5C31: Took a snapshot at index 18
2019-08-21 18:55:52,286 [main] INFO  impl.RoleInfo (RoleInfo.java:shutdownLeaderState(104)) - 552776ad-4e33-4e75-810b-5f57bcc17043: shutdown LeaderState
2019-08-21 18:55:52,286 [StateMachineUpdater:70834503-2edc-4245-925f-fcee029f7dec:group-86FB0DCC5C31] INFO  impl.StateMachineUpdater (StateMachineUpdater.java:lambda$new$0(80)) - StateMachineUpdater:70834503-2edc-4245-925f-fcee029f7dec:group-86FB0DCC5C31: snapshotIndex: updateIncreasingly -1 -> 18
2019-08-21 18:55:52,290 [main] INFO  impl.PendingRequests (PendingRequests.java:sendNotLeaderResponses(202)) - 552776ad-4e33-4e75-810b-5f57bcc17043-PendingRequests: sendNotLeaderResponses
2019-08-21 18:55:52,290 [ForkJoinPool.commonPool-worker-0] INFO  impl.RaftServerImpl (ServerState.java:close(394)) - 70834503-2edc-4245-925f-fcee029f7dec:group-86FB0DCC5C31 closes. The last applied log index is 18
2019-08-21 18:55:52,290 [org.apache.ratis.server.impl.LogAppender$AppenderDaemon$$Lambda$681/1440215874@600b398c] WARN  server.GrpcLogAppender (GrpcLogAppender.java:mayWait(143)) - GrpcLogAppender(552776ad-4e33-4e75-810b-5f57bcc17043->a0967e03-aad6-49e6-846b-c8134af623ea): Wait interrupted by java.lang.InterruptedException
2019-08-21 18:55:52,290 [org.apache.ratis.server.impl.LogAppender$AppenderDaemon$$Lambda$681/1440215874@2509b349] WARN  server.GrpcLogAppender (GrpcLogAppender.java:mayWait(143)) - GrpcLogAppender(552776ad-4e33-4e75-810b-5f57bcc17043->c2260f53-4216-4674-950d-92091259ffb1): Wait interrupted by java.lang.InterruptedException
2019-08-21 18:55:52,293 [70834503-2edc-4245-925f-fcee029f7dec-SegmentedRaftLogWorker:Storage Directory /workdir/hadoop-ozone/integration-test/target/test-dir/MiniOzoneClusterImpl-41c02fe8-38d4-41ce-91e4-307d8e6896e2/datanode-0/data/ratis/f9ab71f4-cf19-40e4-b552-86fb0dcc5c31] INFO  segmented.SegmentedRaftLogWorker (SegmentedRaftLogWorker.java:run(313)) - 70834503-2edc-4245-925f-fcee029f7dec-SegmentedRaftLogWorker:Storage Directory /workdir/hadoop-ozone/integration-test/target/test-dir/MiniOzoneClusterImpl-41c02fe8-38d4-41ce-91e4-307d8e6896e2/datanode-0/data/ratis/f9ab71f4-cf19-40e4-b552-86fb0dcc5c31 was interrupted, exiting. There are 0 tasks remaining in the queue.
2019-08-21 18:55:52,293 [StateMachineUpdater:552776ad-4e33-4e75-810b-5f57bcc17043:group-4BC18962474C] INFO  ratis.ContainerStateMachine (ContainerStateMachine.java:takeSnapshot(283)) - group-4BC18962474C: Taking a snapshot at:(t:1, i:13) file /workdir/hadoop-ozone/integration-test/target/test-dir/MiniOzoneClusterImpl-41c02fe8-38d4-41ce-91e4-307d8e6896e2/datanode-3/data/ratis/26aa19a9-ec1f-4be4-a150-4bc18962474c/sm/snapshot.1_13
2019-08-21 18:55:52,293 [main] INFO  impl.StateMachineUpdater (StateMachineUpdater.java:stopAndJoin(115)) - StateMachineUpdater:552776ad-4e33-4e75-810b-5f57bcc17043:group-4BC18962474C: set stopIndex = 15
2019-08-21 18:55:52,295 [ForkJoinPool.commonPool-worker-0] INFO  segmented.SegmentedRaftLogWorker (SegmentedRaftLogWorker.java:close(228)) - 70834503-2edc-4245-925f-fcee029f7dec-SegmentedRaftLogWorker:Storage Directory /workdir/hadoop-ozone/integration-test/target/test-dir/MiniOzoneClusterImpl-41c02fe8-38d4-41ce-91e4-307d8e6896e2/datanode-0/data/ratis/f9ab71f4-cf19-40e4-b552-86fb0dcc5c31 close()
2019-08-21 18:55:52,294 [grpc-default-executor-7] INFO  server.GrpcServerProtocolService (GrpcServerProtocolService.java:onCompleted(104)) - c2260f53-4216-4674-950d-92091259ffb1: appendEntries completed
2019-08-21 18:55:52,297 [ForkJoinPool.commonPool-worker-0] INFO  impl.RaftServerImpl (RaftServerImpl.java:lambda$shutdown$3(245)) - 70834503-2edc-4245-925f-fcee029f7dec: shutdown group-A20539AD15BD
2019-08-21 18:55:52,298 [grpc-default-executor-7] INFO  server.GrpcLogAppender (GrpcLogAppender.java:onCompleted(292)) - 552776ad-4e33-4e75-810b-5f57bcc17043->c2260f53-4216-4674-950d-92091259ffb1: follower responses appendEntries COMPLETED
2019-08-21 18:55:52,298 [ForkJoinPool.commonPool-worker-0] INFO  util.JmxRegister (JmxRegister.java:unregister(73)) - Successfully un-registered JMX Bean with object name Ratis:service=RaftServer,group=group-A20539AD15BD,id=70834503-2edc-4245-925f-fcee029f7dec
2019-08-21 18:55:52,298 [grpc-default-executor-7] INFO  impl.FollowerInfo (FollowerInfo.java:lambda$new$0(50)) - 552776ad-4e33-4e75-810b-5f57bcc17043->c2260f53-4216-4674-950d-92091259ffb1: nextIndex: updateUnconditionally 16 -> 15
2019-08-21 18:55:52,298 [ForkJoinPool.commonPool-worker-0] INFO  impl.RoleInfo (RoleInfo.java:shutdownLeaderState(104)) - 70834503-2edc-4245-925f-fcee029f7dec: shutdown LeaderState
2019-08-21 18:55:52,299 [ForkJoinPool.commonPool-worker-0] INFO  impl.PendingRequests (PendingRequests.java:sendNotLeaderResponses(202)) - 70834503-2edc-4245-925f-fcee029f7dec-PendingRequests: sendNotLeaderResponses
2019-08-21 18:55:52,299 [ForkJoinPool.commonPool-worker-0] INFO  impl.StateMachineUpdater (StateMachineUpdater.java:stopAndJoin(115)) - StateMachineUpdater:70834503-2edc-4245-925f-fcee029f7dec:group-A20539AD15BD: set stopIndex = 0
2019-08-21 18:55:52,299 [ForkJoinPool.commonPool-worker-0] INFO  impl.RaftServerImpl (ServerState.java:close(394)) - 70834503-2edc-4245-925f-fcee029f7dec:group-A20539AD15BD closes. The last applied log index is 0
2019-08-21 18:55:52,300 [70834503-2edc-4245-925f-fcee029f7dec-SegmentedRaftLogWorker:Storage Directory /workdir/hadoop-ozone/integration-test/target/test-dir/MiniOzoneClusterImpl-41c02fe8-38d4-41ce-91e4-307d8e6896e2/datanode-0/data/ratis/571a6004-d968-4999-8505-a20539ad15bd] INFO  segmented.SegmentedRaftLogWorker (SegmentedRaftLogWorker.java:run(313)) - 70834503-2edc-4245-925f-fcee029f7dec-SegmentedRaftLogWorker:Storage Directory /workdir/hadoop-ozone/integration-test/target/test-dir/MiniOzoneClusterImpl-41c02fe8-38d4-41ce-91e4-307d8e6896e2/datanode-0/data/ratis/571a6004-d968-4999-8505-a20539ad15bd was interrupted, exiting. There are 0 tasks remaining in the queue.
2019-08-21 18:55:52,309 [ForkJoinPool.commonPool-worker-0] INFO  segmented.SegmentedRaftLogWorker (SegmentedRaftLogWorker.java:close(228)) - 70834503-2edc-4245-925f-fcee029f7dec-SegmentedRaftLogWorker:Storage Directory /workdir/hadoop-ozone/integration-test/target/test-dir/MiniOzoneClusterImpl-41c02fe8-38d4-41ce-91e4-307d8e6896e2/datanode-0/data/ratis/571a6004-d968-4999-8505-a20539ad15bd close()
2019-08-21 18:55:52,311 [StateMachineUpdater:552776ad-4e33-4e75-810b-5f57bcc17043:group-4BC18962474C] INFO  ratis.ContainerStateMachine (ContainerStateMachine.java:takeSnapshot(294)) - group-4BC18962474C: Finished taking a snapshot at:(t:1, i:13) file:/workdir/hadoop-ozone/integration-test/target/test-dir/MiniOzoneClusterImpl-41c02fe8-38d4-41ce-91e4-307d8e6896e2/datanode-3/data/ratis/26aa19a9-ec1f-4be4-a150-4bc18962474c/sm/snapshot.1_13 time:18
2019-08-21 18:55:52,311 [ForkJoinPool.commonPool-worker-0] INFO  server.GrpcService (GrpcService.java:closeImpl(155)) - 70834503-2edc-4245-925f-fcee029f7dec: shutdown server with port 33370 now
2019-08-21 18:55:52,311 [StateMachineUpdater:552776ad-4e33-4e75-810b-5f57bcc17043:group-4BC18962474C] INFO  impl.StateMachineUpdater (StateMachineUpdater.java:takeSnapshot(242)) - StateMachineUpdater:552776ad-4e33-4e75-810b-5f57bcc17043:group-4BC18962474C: Took a snapshot at index 13
2019-08-21 18:55:52,312 [StateMachineUpdater:552776ad-4e33-4e75-810b-5f57bcc17043:group-4BC18962474C] INFO  impl.StateMachineUpdater (StateMachineUpdater.java:lambda$new$0(80)) - StateMachineUpdater:552776ad-4e33-4e75-810b-5f57bcc17043:group-4BC18962474C: snapshotIndex: updateIncreasingly -1 -> 13
2019-08-21 18:55:52,312 [main] INFO  impl.RaftServerImpl (ServerState.java:close(394)) - 552776ad-4e33-4e75-810b-5f57bcc17043:group-4BC18962474C closes. The last applied log index is 15
2019-08-21 18:55:52,312 [ForkJoinPool.commonPool-worker-0] INFO  server.GrpcService (GrpcService.java:closeImpl(163)) - 70834503-2edc-4245-925f-fcee029f7dec: shutdown server with port 33370 successfully
2019-08-21 18:55:52,312 [grpc-default-executor-11] WARN  client.GrpcClientProtocolService (LogUtils.java:warn(134)) - 3-UnorderedRequestStreamObserver3: onError: org.apache.ratis.thirdparty.io.grpc.StatusRuntimeException: CANCELLED: cancelled before receiving half close
2019-08-21 18:55:52,313 [552776ad-4e33-4e75-810b-5f57bcc17043-SegmentedRaftLogWorker:Storage Directory /workdir/hadoop-ozone/integration-test/target/test-dir/MiniOzoneClusterImpl-41c02fe8-38d4-41ce-91e4-307d8e6896e2/datanode-3/data/ratis/26aa19a9-ec1f-4be4-a150-4bc18962474c] INFO  segmented.SegmentedRaftLogWorker (SegmentedRaftLogWorker.java:run(313)) - 552776ad-4e33-4e75-810b-5f57bcc17043-SegmentedRaftLogWorker:Storage Directory /workdir/hadoop-ozone/integration-test/target/test-dir/MiniOzoneClusterImpl-41c02fe8-38d4-41ce-91e4-307d8e6896e2/datanode-3/data/ratis/26aa19a9-ec1f-4be4-a150-4bc18962474c was interrupted, exiting. There are 0 tasks remaining in the queue.
2019-08-21 18:55:52,315 [main] INFO  segmented.SegmentedRaftLogWorker (SegmentedRaftLogWorker.java:close(228)) - 552776ad-4e33-4e75-810b-5f57bcc17043-SegmentedRaftLogWorker:Storage Directory /workdir/hadoop-ozone/integration-test/target/test-dir/MiniOzoneClusterImpl-41c02fe8-38d4-41ce-91e4-307d8e6896e2/datanode-3/data/ratis/26aa19a9-ec1f-4be4-a150-4bc18962474c close()
2019-08-21 18:55:52,322 [main] INFO  server.GrpcService (GrpcService.java:closeImpl(155)) - 552776ad-4e33-4e75-810b-5f57bcc17043: shutdown server with port 41659 now
2019-08-21 18:55:52,323 [grpc-default-executor-7] WARN  client.GrpcClientProtocolService (LogUtils.java:warn(134)) - 1-UnorderedRequestStreamObserver1: onError: org.apache.ratis.thirdparty.io.grpc.StatusRuntimeException: CANCELLED: cancelled before receiving half close
2019-08-21 18:55:52,323 [main] INFO  server.GrpcService (GrpcService.java:closeImpl(163)) - 552776ad-4e33-4e75-810b-5f57bcc17043: shutdown server with port 41659 successfully
2019-08-21 18:55:52,324 [ForkJoinPool.commonPool-worker-0] INFO  utils.BackgroundService (BackgroundService.java:shutdown(148)) - Shutting down service BlockDeletingService
2019-08-21 18:55:52,326 [main] INFO  utils.BackgroundService (BackgroundService.java:shutdown(148)) - Shutting down service BlockDeletingService
2019-08-21 18:55:52,327 [refreshUsed-/workdir/hadoop-ozone/integration-test/target/test-dir/MiniOzoneClusterImpl-41c02fe8-38d4-41ce-91e4-307d8e6896e2/datanode-0/data/containers] WARN  fs.CachingGetSpaceUsed (CachingGetSpaceUsed.java:run(183)) - Thread Interrupted waiting to refresh disk information: sleep interrupted
2019-08-21 18:55:52,330 [refreshUsed-/workdir/hadoop-ozone/integration-test/target/test-dir/MiniOzoneClusterImpl-41c02fe8-38d4-41ce-91e4-307d8e6896e2/datanode-3/data/containers] WARN  fs.CachingGetSpaceUsed (CachingGetSpaceUsed.java:run(183)) - Thread Interrupted waiting to refresh disk information: sleep interrupted
2019-08-21 18:55:52,345 [ForkJoinPool.commonPool-worker-0] INFO  statemachine.DatanodeStateMachine (DatanodeStateMachine.java:stopDaemon(395)) - Ozone container server stopped.
2019-08-21 18:55:52,345 [main] INFO  statemachine.DatanodeStateMachine (DatanodeStateMachine.java:stopDaemon(395)) - Ozone container server stopped.
2019-08-21 18:55:52,349 [ForkJoinPool.commonPool-worker-0] INFO  handler.ContextHandler (ContextHandler.java:doStop(910)) - Stopped o.e.j.w.WebAppContext@6c79a7c1{/,null,UNAVAILABLE}{/hddsDatanode}
2019-08-21 18:55:52,350 [ForkJoinPool.commonPool-worker-0] INFO  server.AbstractConnector (AbstractConnector.java:doStop(318)) - Stopped ServerConnector@5d160056{HTTP/1.1,[http/1.1]}{0.0.0.0:0}
2019-08-21 18:55:52,350 [main] INFO  handler.ContextHandler (ContextHandler.java:doStop(910)) - Stopped o.e.j.w.WebAppContext@301c0aae{/,null,UNAVAILABLE}{/hddsDatanode}
2019-08-21 18:55:52,351 [ForkJoinPool.commonPool-worker-0] INFO  handler.ContextHandler (ContextHandler.java:doStop(910)) - Stopped o.e.j.s.ServletContextHandler@639c5ab4{/static,jar:file:/home/user/.m2/repository/org/apache/hadoop/hadoop-hdds-container-service/0.5.0-SNAPSHOT/hadoop-hdds-container-service-0.5.0-SNAPSHOT.jar!/webapps/static,UNAVAILABLE}
2019-08-21 18:55:52,353 [ForkJoinPool.commonPool-worker-0] INFO  handler.ContextHandler (ContextHandler.java:doStop(910)) - Stopped o.e.j.s.ServletContextHandler@63ead376{/logs,file:///workdir/hadoop-ozone/integration-test/target/log,UNAVAILABLE}
2019-08-21 18:55:52,353 [main] INFO  server.AbstractConnector (AbstractConnector.java:doStop(318)) - Stopped ServerConnector@105e8710{HTTP/1.1,[http/1.1]}{0.0.0.0:0}
2019-08-21 18:55:52,354 [ForkJoinPool.commonPool-worker-0] INFO  datanode.ObjectStoreHandler (ObjectStoreHandler.java:close(155)) - Closing ObjectStoreHandler.
2019-08-21 18:55:52,354 [main] INFO  handler.ContextHandler (ContextHandler.java:doStop(910)) - Stopped o.e.j.s.ServletContextHandler@cf933b1{/static,jar:file:/home/user/.m2/repository/org/apache/hadoop/hadoop-hdds-container-service/0.5.0-SNAPSHOT/hadoop-hdds-container-service-0.5.0-SNAPSHOT.jar!/webapps/static,UNAVAILABLE}
2019-08-21 18:55:52,354 [ForkJoinPool.commonPool-worker-0] INFO  ozone.HddsDatanodeService (HddsDatanodeService.java:stop(451)) - Stopped plug-in org.apache.hadoop.ozone.web.OzoneHddsDatanodeService@5843ab8
2019-08-21 18:55:52,354 [main] INFO  handler.ContextHandler (ContextHandler.java:doStop(910)) - Stopped o.e.j.s.ServletContextHandler@4f7bc9a3{/logs,file:///workdir/hadoop-ozone/integration-test/target/log,UNAVAILABLE}
2019-08-21 18:55:52,355 [main] INFO  datanode.ObjectStoreHandler (ObjectStoreHandler.java:close(155)) - Closing ObjectStoreHandler.
2019-08-21 18:55:52,356 [main] INFO  ozone.HddsDatanodeService (HddsDatanodeService.java:stop(451)) - Stopped plug-in org.apache.hadoop.ozone.web.OzoneHddsDatanodeService@4c343088
2019-08-21 18:55:52,726 [Datanode State Machine Thread - 0] INFO  statemachine.DatanodeStateMachine (DatanodeStateMachine.java:lambda$startDaemon$0(350)) - Ozone container server started.
2019-08-21 18:55:53,145 [Datanode State Machine Thread - 0] INFO  statemachine.DatanodeStateMachine (DatanodeStateMachine.java:lambda$startDaemon$0(350)) - Ozone container server started.
2019-08-21 18:55:56,736 [EventQueue-StaleNodeForStaleNodeHandler] INFO  node.StaleNodeHandler (StaleNodeHandler.java:onMessage(58)) - Datanode c2260f53-4216-4674-950d-92091259ffb1{ip: 192.168.36.125, host: pr-hdds-1998-57vr7-880049069, networkLocation: /default-rack, certSerialId: null} moved to stale state. Finalizing its pipelines [PipelineID=6b27f763-637a-4747-be2a-f8f827038f8d, PipelineID=26aa19a9-ec1f-4be4-a150-4bc18962474c]
2019-08-21 18:55:56,736 [EventQueue-StaleNodeForStaleNodeHandler] INFO  pipeline.SCMPipelineManager (SCMPipelineManager.java:finalizeAndDestroyPipeline(309)) - destroying pipeline:Pipeline[ Id: 6b27f763-637a-4747-be2a-f8f827038f8d, Nodes: c2260f53-4216-4674-950d-92091259ffb1{ip: 192.168.36.125, host: pr-hdds-1998-57vr7-880049069, networkLocation: /default-rack, certSerialId: null}, Type:RATIS, Factor:ONE, State:OPEN]
2019-08-21 18:55:56,736 [EventQueue-StaleNodeForStaleNodeHandler] INFO  pipeline.PipelineStateManager (PipelineStateManager.java:finalizePipeline(123)) - Pipeline Pipeline[ Id: 6b27f763-637a-4747-be2a-f8f827038f8d, Nodes: c2260f53-4216-4674-950d-92091259ffb1{ip: 192.168.36.125, host: pr-hdds-1998-57vr7-880049069, networkLocation: /default-rack, certSerialId: null}, Type:RATIS, Factor:ONE, State:CLOSED] moved to CLOSED state
2019-08-21 18:55:56,737 [EventQueue-StaleNodeForStaleNodeHandler] INFO  pipeline.SCMPipelineManager (SCMPipelineManager.java:finalizeAndDestroyPipeline(309)) - destroying pipeline:Pipeline[ Id: 26aa19a9-ec1f-4be4-a150-4bc18962474c, Nodes: a0967e03-aad6-49e6-846b-c8134af623ea{ip: 192.168.36.125, host: pr-hdds-1998-57vr7-880049069, networkLocation: /default-rack, certSerialId: null}552776ad-4e33-4e75-810b-5f57bcc17043{ip: 192.168.36.125, host: pr-hdds-1998-57vr7-880049069, networkLocation: /default-rack, certSerialId: null}c2260f53-4216-4674-950d-92091259ffb1{ip: 192.168.36.125, host: pr-hdds-1998-57vr7-880049069, networkLocation: /default-rack, certSerialId: null}, Type:RATIS, Factor:THREE, State:CLOSED]
2019-08-21 18:55:57,237 [EventQueue-StaleNodeForStaleNodeHandler] INFO  node.StaleNodeHandler (StaleNodeHandler.java:onMessage(58)) - Datanode 1ffe30da-7604-461d-ace9-714b6d5524df{ip: 192.168.36.125, host: pr-hdds-1998-57vr7-880049069, networkLocation: /default-rack, certSerialId: null} moved to stale state. Finalizing its pipelines [PipelineID=13eb026f-48f3-469c-87b8-58e3a1d81dec]
2019-08-21 18:55:57,237 [EventQueue-StaleNodeForStaleNodeHandler] INFO  pipeline.SCMPipelineManager (SCMPipelineManager.java:finalizeAndDestroyPipeline(309)) - destroying pipeline:Pipeline[ Id: 13eb026f-48f3-469c-87b8-58e3a1d81dec, Nodes: 1ffe30da-7604-461d-ace9-714b6d5524df{ip: 192.168.36.125, host: pr-hdds-1998-57vr7-880049069, networkLocation: /default-rack, certSerialId: null}, Type:RATIS, Factor:ONE, State:OPEN]
2019-08-21 18:55:57,237 [EventQueue-StaleNodeForStaleNodeHandler] INFO  pipeline.PipelineStateManager (PipelineStateManager.java:finalizePipeline(123)) - Pipeline Pipeline[ Id: 13eb026f-48f3-469c-87b8-58e3a1d81dec, Nodes: 1ffe30da-7604-461d-ace9-714b6d5524df{ip: 192.168.36.125, host: pr-hdds-1998-57vr7-880049069, networkLocation: /default-rack, certSerialId: null}, Type:RATIS, Factor:ONE, State:CLOSED] moved to CLOSED state
2019-08-21 18:55:57,355 [ForkJoinPool.commonPool-worker-0] INFO  ozoneimpl.OzoneContainer (OzoneContainer.java:stop(199)) - Attempting to stop container services.
2019-08-21 18:55:57,356 [ForkJoinPool.commonPool-worker-0] INFO  impl.RaftServerProxy (RaftServerProxy.java:lambda$close$4(314)) - 1ffe30da-7604-461d-ace9-714b6d5524df: close
2019-08-21 18:55:57,356 [ForkJoinPool.commonPool-worker-0] INFO  impl.RaftServerImpl (RaftServerImpl.java:lambda$shutdown$3(245)) - 1ffe30da-7604-461d-ace9-714b6d5524df: shutdown group-58E3A1D81DEC
2019-08-21 18:55:57,356 [ForkJoinPool.commonPool-worker-0] INFO  util.JmxRegister (JmxRegister.java:unregister(73)) - Successfully un-registered JMX Bean with object name Ratis:service=RaftServer,group=group-58E3A1D81DEC,id=1ffe30da-7604-461d-ace9-714b6d5524df
2019-08-21 18:55:57,356 [main] INFO  ozoneimpl.OzoneContainer (OzoneContainer.java:stop(199)) - Attempting to stop container services.
2019-08-21 18:55:57,357 [ForkJoinPool.commonPool-worker-0] INFO  impl.RoleInfo (RoleInfo.java:shutdownLeaderState(104)) - 1ffe30da-7604-461d-ace9-714b6d5524df: shutdown LeaderState
2019-08-21 18:55:57,357 [main] INFO  impl.RaftServerProxy (RaftServerProxy.java:lambda$close$4(314)) - c2260f53-4216-4674-950d-92091259ffb1: close
2019-08-21 18:55:57,357 [ForkJoinPool.commonPool-worker-0] INFO  impl.PendingRequests (PendingRequests.java:sendNotLeaderResponses(202)) - 1ffe30da-7604-461d-ace9-714b6d5524df-PendingRequests: sendNotLeaderResponses
2019-08-21 18:55:57,358 [main] INFO  impl.RaftServerImpl (RaftServerImpl.java:lambda$shutdown$3(245)) - c2260f53-4216-4674-950d-92091259ffb1: shutdown group-F8F827038F8D
2019-08-21 18:55:57,358 [ForkJoinPool.commonPool-worker-0] INFO  impl.StateMachineUpdater (StateMachineUpdater.java:stopAndJoin(115)) - StateMachineUpdater:1ffe30da-7604-461d-ace9-714b6d5524df:group-58E3A1D81DEC: set stopIndex = 0
2019-08-21 18:55:57,358 [main] INFO  util.JmxRegister (JmxRegister.java:unregister(73)) - Successfully un-registered JMX Bean with object name Ratis:service=RaftServer,group=group-F8F827038F8D,id=c2260f53-4216-4674-950d-92091259ffb1
2019-08-21 18:55:57,358 [ForkJoinPool.commonPool-worker-0] INFO  impl.RaftServerImpl (ServerState.java:close(394)) - 1ffe30da-7604-461d-ace9-714b6d5524df:group-58E3A1D81DEC closes. The last applied log index is 0
2019-08-21 18:55:57,359 [main] INFO  impl.RoleInfo (RoleInfo.java:shutdownLeaderState(104)) - c2260f53-4216-4674-950d-92091259ffb1: shutdown LeaderState
2019-08-21 18:55:57,359 [1ffe30da-7604-461d-ace9-714b6d5524df-SegmentedRaftLogWorker:Storage Directory /workdir/hadoop-ozone/integration-test/target/test-dir/MiniOzoneClusterImpl-41c02fe8-38d4-41ce-91e4-307d8e6896e2/datanode-6/data/ratis/13eb026f-48f3-469c-87b8-58e3a1d81dec] INFO  segmented.SegmentedRaftLogWorker (SegmentedRaftLogWorker.java:run(313)) - 1ffe30da-7604-461d-ace9-714b6d5524df-SegmentedRaftLogWorker:Storage Directory /workdir/hadoop-ozone/integration-test/target/test-dir/MiniOzoneClusterImpl-41c02fe8-38d4-41ce-91e4-307d8e6896e2/datanode-6/data/ratis/13eb026f-48f3-469c-87b8-58e3a1d81dec was interrupted, exiting. There are 0 tasks remaining in the queue.
2019-08-21 18:55:57,359 [main] INFO  impl.PendingRequests (PendingRequests.java:sendNotLeaderResponses(202)) - c2260f53-4216-4674-950d-92091259ffb1-PendingRequests: sendNotLeaderResponses
2019-08-21 18:55:57,360 [ForkJoinPool.commonPool-worker-0] INFO  segmented.SegmentedRaftLogWorker (SegmentedRaftLogWorker.java:close(228)) - 1ffe30da-7604-461d-ace9-714b6d5524df-SegmentedRaftLogWorker:Storage Directory /workdir/hadoop-ozone/integration-test/target/test-dir/MiniOzoneClusterImpl-41c02fe8-38d4-41ce-91e4-307d8e6896e2/datanode-6/data/ratis/13eb026f-48f3-469c-87b8-58e3a1d81dec close()
2019-08-21 18:55:57,360 [main] INFO  impl.StateMachineUpdater (StateMachineUpdater.java:stopAndJoin(115)) - StateMachineUpdater:c2260f53-4216-4674-950d-92091259ffb1:group-F8F827038F8D: set stopIndex = 0
2019-08-21 18:55:57,360 [ForkJoinPool.commonPool-worker-0] INFO  server.GrpcService (GrpcService.java:closeImpl(155)) - 1ffe30da-7604-461d-ace9-714b6d5524df: shutdown server with port 44123 now
2019-08-21 18:55:57,361 [main] INFO  impl.RaftServerImpl (ServerState.java:close(394)) - c2260f53-4216-4674-950d-92091259ffb1:group-F8F827038F8D closes. The last applied log index is 0
2019-08-21 18:55:57,361 [ForkJoinPool.commonPool-worker-0] INFO  server.GrpcService (GrpcService.java:closeImpl(163)) - 1ffe30da-7604-461d-ace9-714b6d5524df: shutdown server with port 44123 successfully
2019-08-21 18:55:57,361 [c2260f53-4216-4674-950d-92091259ffb1-SegmentedRaftLogWorker:Storage Directory /workdir/hadoop-ozone/integration-test/target/test-dir/MiniOzoneClusterImpl-41c02fe8-38d4-41ce-91e4-307d8e6896e2/datanode-5/data/ratis/6b27f763-637a-4747-be2a-f8f827038f8d] INFO  segmented.SegmentedRaftLogWorker (SegmentedRaftLogWorker.java:run(313)) - c2260f53-4216-4674-950d-92091259ffb1-SegmentedRaftLogWorker:Storage Directory /workdir/hadoop-ozone/integration-test/target/test-dir/MiniOzoneClusterImpl-41c02fe8-38d4-41ce-91e4-307d8e6896e2/datanode-5/data/ratis/6b27f763-637a-4747-be2a-f8f827038f8d was interrupted, exiting. There are 0 tasks remaining in the queue.
2019-08-21 18:55:57,362 [ForkJoinPool.commonPool-worker-0] INFO  utils.BackgroundService (BackgroundService.java:shutdown(148)) - Shutting down service BlockDeletingService
2019-08-21 18:55:57,371 [main] INFO  segmented.SegmentedRaftLogWorker (SegmentedRaftLogWorker.java:close(228)) - c2260f53-4216-4674-950d-92091259ffb1-SegmentedRaftLogWorker:Storage Directory /workdir/hadoop-ozone/integration-test/target/test-dir/MiniOzoneClusterImpl-41c02fe8-38d4-41ce-91e4-307d8e6896e2/datanode-5/data/ratis/6b27f763-637a-4747-be2a-f8f827038f8d close()
2019-08-21 18:55:57,371 [refreshUsed-/workdir/hadoop-ozone/integration-test/target/test-dir/MiniOzoneClusterImpl-41c02fe8-38d4-41ce-91e4-307d8e6896e2/datanode-6/data/containers] WARN  fs.CachingGetSpaceUsed (CachingGetSpaceUsed.java:run(183)) - Thread Interrupted waiting to refresh disk information: sleep interrupted
2019-08-21 18:55:57,371 [main] INFO  impl.RaftServerImpl (RaftServerImpl.java:lambda$shutdown$3(245)) - c2260f53-4216-4674-950d-92091259ffb1: shutdown group-4BC18962474C
2019-08-21 18:55:57,372 [main] INFO  util.JmxRegister (JmxRegister.java:unregister(73)) - Successfully un-registered JMX Bean with object name Ratis:service=RaftServer,group=group-4BC18962474C,id=c2260f53-4216-4674-950d-92091259ffb1
2019-08-21 18:55:57,372 [main] INFO  impl.RoleInfo (RoleInfo.java:shutdownFollowerState(121)) - c2260f53-4216-4674-950d-92091259ffb1: shutdown FollowerState
2019-08-21 18:55:57,372 [main] INFO  impl.StateMachineUpdater (StateMachineUpdater.java:stopAndJoin(115)) - StateMachineUpdater:c2260f53-4216-4674-950d-92091259ffb1:group-4BC18962474C: set stopIndex = 15
2019-08-21 18:55:57,372 [StateMachineUpdater:c2260f53-4216-4674-950d-92091259ffb1:group-4BC18962474C] INFO  ratis.ContainerStateMachine (ContainerStateMachine.java:takeSnapshot(283)) - group-4BC18962474C: Taking a snapshot at:(t:1, i:13) file /workdir/hadoop-ozone/integration-test/target/test-dir/MiniOzoneClusterImpl-41c02fe8-38d4-41ce-91e4-307d8e6896e2/datanode-5/data/ratis/26aa19a9-ec1f-4be4-a150-4bc18962474c/sm/snapshot.1_13
2019-08-21 18:55:57,372 [Thread-3756] INFO  impl.FollowerState (FollowerState.java:run(114)) - c2260f53-4216-4674-950d-92091259ffb1: FollowerState was interrupted: java.lang.InterruptedException: sleep interrupted
2019-08-21 18:55:57,384 [ForkJoinPool.commonPool-worker-0] INFO  statemachine.DatanodeStateMachine (DatanodeStateMachine.java:stopDaemon(395)) - Ozone container server stopped.
2019-08-21 18:55:57,387 [ForkJoinPool.commonPool-worker-0] INFO  handler.ContextHandler (ContextHandler.java:doStop(910)) - Stopped o.e.j.w.WebAppContext@ebcf6c0{/,null,UNAVAILABLE}{/hddsDatanode}
2019-08-21 18:55:57,388 [ForkJoinPool.commonPool-worker-0] INFO  server.AbstractConnector (AbstractConnector.java:doStop(318)) - Stopped ServerConnector@438fcca3{HTTP/1.1,[http/1.1]}{0.0.0.0:0}
2019-08-21 18:55:57,389 [ForkJoinPool.commonPool-worker-0] INFO  handler.ContextHandler (ContextHandler.java:doStop(910)) - Stopped o.e.j.s.ServletContextHandler@6c152246{/static,jar:file:/home/user/.m2/repository/org/apache/hadoop/hadoop-hdds-container-service/0.5.0-SNAPSHOT/hadoop-hdds-container-service-0.5.0-SNAPSHOT.jar!/webapps/static,UNAVAILABLE}
2019-08-21 18:55:57,389 [StateMachineUpdater:c2260f53-4216-4674-950d-92091259ffb1:group-4BC18962474C] INFO  ratis.ContainerStateMachine (ContainerStateMachine.java:takeSnapshot(294)) - group-4BC18962474C: Finished taking a snapshot at:(t:1, i:13) file:/workdir/hadoop-ozone/integration-test/target/test-dir/MiniOzoneClusterImpl-41c02fe8-38d4-41ce-91e4-307d8e6896e2/datanode-5/data/ratis/26aa19a9-ec1f-4be4-a150-4bc18962474c/sm/snapshot.1_13 time:17
2019-08-21 18:55:57,390 [StateMachineUpdater:c2260f53-4216-4674-950d-92091259ffb1:group-4BC18962474C] INFO  impl.StateMachineUpdater (StateMachineUpdater.java:takeSnapshot(242)) - StateMachineUpdater:c2260f53-4216-4674-950d-92091259ffb1:group-4BC18962474C: Took a snapshot at index 13
2019-08-21 18:55:57,390 [StateMachineUpdater:c2260f53-4216-4674-950d-92091259ffb1:group-4BC18962474C] INFO  impl.StateMachineUpdater (StateMachineUpdater.java:lambda$new$0(80)) - StateMachineUpdater:c2260f53-4216-4674-950d-92091259ffb1:group-4BC18962474C: snapshotIndex: updateIncreasingly -1 -> 13
2019-08-21 18:55:57,390 [ForkJoinPool.commonPool-worker-0] INFO  handler.ContextHandler (ContextHandler.java:doStop(910)) - Stopped o.e.j.s.ServletContextHandler@fc9313d{/logs,file:///workdir/hadoop-ozone/integration-test/target/log,UNAVAILABLE}
2019-08-21 18:55:57,390 [main] INFO  impl.RaftServerImpl (ServerState.java:close(394)) - c2260f53-4216-4674-950d-92091259ffb1:group-4BC18962474C closes. The last applied log index is 15
2019-08-21 18:55:57,391 [c2260f53-4216-4674-950d-92091259ffb1-SegmentedRaftLogWorker:Storage Directory /workdir/hadoop-ozone/integration-test/target/test-dir/MiniOzoneClusterImpl-41c02fe8-38d4-41ce-91e4-307d8e6896e2/datanode-5/data/ratis/26aa19a9-ec1f-4be4-a150-4bc18962474c] INFO  segmented.SegmentedRaftLogWorker (SegmentedRaftLogWorker.java:run(313)) - c2260f53-4216-4674-950d-92091259ffb1-SegmentedRaftLogWorker:Storage Directory /workdir/hadoop-ozone/integration-test/target/test-dir/MiniOzoneClusterImpl-41c02fe8-38d4-41ce-91e4-307d8e6896e2/datanode-5/data/ratis/26aa19a9-ec1f-4be4-a150-4bc18962474c was interrupted, exiting. There are 0 tasks remaining in the queue.
2019-08-21 18:55:57,391 [main] INFO  segmented.SegmentedRaftLogWorker (SegmentedRaftLogWorker.java:close(228)) - c2260f53-4216-4674-950d-92091259ffb1-SegmentedRaftLogWorker:Storage Directory /workdir/hadoop-ozone/integration-test/target/test-dir/MiniOzoneClusterImpl-41c02fe8-38d4-41ce-91e4-307d8e6896e2/datanode-5/data/ratis/26aa19a9-ec1f-4be4-a150-4bc18962474c close()
2019-08-21 18:55:57,392 [main] INFO  server.GrpcService (GrpcService.java:closeImpl(155)) - c2260f53-4216-4674-950d-92091259ffb1: shutdown server with port 41625 now
2019-08-21 18:55:57,392 [main] INFO  server.GrpcService (GrpcService.java:closeImpl(163)) - c2260f53-4216-4674-950d-92091259ffb1: shutdown server with port 41625 successfully
2019-08-21 18:55:57,395 [main] INFO  utils.BackgroundService (BackgroundService.java:shutdown(148)) - Shutting down service BlockDeletingService
2019-08-21 18:55:57,398 [refreshUsed-/workdir/hadoop-ozone/integration-test/target/test-dir/MiniOzoneClusterImpl-41c02fe8-38d4-41ce-91e4-307d8e6896e2/datanode-5/data/containers] WARN  fs.CachingGetSpaceUsed (CachingGetSpaceUsed.java:run(183)) - Thread Interrupted waiting to refresh disk information: sleep interrupted
2019-08-21 18:55:57,412 [main] INFO  statemachine.DatanodeStateMachine (DatanodeStateMachine.java:stopDaemon(395)) - Ozone container server stopped.
2019-08-21 18:55:57,413 [main] INFO  handler.ContextHandler (ContextHandler.java:doStop(910)) - Stopped o.e.j.w.WebAppContext@72e806{/,null,UNAVAILABLE}{/hddsDatanode}
2019-08-21 18:55:57,413 [main] INFO  server.AbstractConnector (AbstractConnector.java:doStop(318)) - Stopped ServerConnector@270a113f{HTTP/1.1,[http/1.1]}{0.0.0.0:0}
2019-08-21 18:55:57,414 [main] INFO  handler.ContextHandler (ContextHandler.java:doStop(910)) - Stopped o.e.j.s.ServletContextHandler@4951dc8c{/static,jar:file:/home/user/.m2/repository/org/apache/hadoop/hadoop-hdds-container-service/0.5.0-SNAPSHOT/hadoop-hdds-container-service-0.5.0-SNAPSHOT.jar!/webapps/static,UNAVAILABLE}
2019-08-21 18:55:57,414 [main] INFO  handler.ContextHandler (ContextHandler.java:doStop(910)) - Stopped o.e.j.s.ServletContextHandler@1626612d{/logs,file:///workdir/hadoop-ozone/integration-test/target/log,UNAVAILABLE}
2019-08-21 18:55:57,415 [main] INFO  ozone.MiniOzoneClusterImpl (MiniOzoneClusterImpl.java:stop(353)) - Stopping the StorageContainerManager
2019-08-21 18:55:57,415 [main] INFO  server.StorageContainerManager (StorageContainerManager.java:stop(797)) - Stopping Replication Manager Service.
2019-08-21 18:55:57,415 [main] INFO  container.ReplicationManager (ReplicationManager.java:stop(193)) - Stopping Replication Monitor Thread.
2019-08-21 18:55:57,415 [main] INFO  server.StorageContainerManager (StorageContainerManager.java:stop(804)) - Stopping Lease Manager of the command watchers
2019-08-21 18:55:57,415 [main] INFO  server.StorageContainerManager (StorageContainerManager.java:stop(811)) - Stopping datanode service RPC server
2019-08-21 18:55:57,415 [main] INFO  server.SCMDatanodeProtocolServer (SCMDatanodeProtocolServer.java:stop(367)) - Stopping the RPC server for DataNodes
2019-08-21 18:55:57,416 [main] INFO  ipc.Server (Server.java:stop(3082)) - Stopping server on 40684
2019-08-21 18:55:57,417 [IPC Server listener on 40684] INFO  ipc.Server (Server.java:run(1185)) - Stopping IPC Server listener on 40684
2019-08-21 18:55:57,418 [IPC Server Responder] INFO  ipc.Server (Server.java:run(1319)) - Stopping IPC Server Responder
2019-08-21 18:55:57,437 [SCM Heartbeat Processing Thread - 0] WARN  node.NodeStateManager (NodeStateManager.java:scheduleNextHealthCheck(646)) - Current Thread is interrupted, shutting down HB processing thread for Node Manager.
2019-08-21 18:55:57,437 [main] INFO  server.StorageContainerManager (StorageContainerManager.java:stop(819)) - Stopping block service RPC server
2019-08-21 18:55:57,437 [main] INFO  server.SCMBlockProtocolServer (SCMBlockProtocolServer.java:stop(148)) - Stopping the RPC server for Block Protocol
2019-08-21 18:55:57,437 [main] INFO  ipc.Server (Server.java:stop(3082)) - Stopping server on 44247
2019-08-21 18:55:57,439 [IPC Server listener on 44247] INFO  ipc.Server (Server.java:run(1185)) - Stopping IPC Server listener on 44247
2019-08-21 18:55:57,439 [main] INFO  server.StorageContainerManager (StorageContainerManager.java:stop(826)) - Stopping the StorageContainerLocationProtocol RPC server
2019-08-21 18:55:57,441 [main] INFO  server.SCMClientProtocolServer (SCMClientProtocolServer.java:stop(159)) - Stopping the RPC server for Client Protocol
2019-08-21 18:55:57,441 [main] INFO  ipc.Server (Server.java:stop(3082)) - Stopping server on 46136
2019-08-21 18:55:57,441 [IPC Server Responder] INFO  ipc.Server (Server.java:run(1319)) - Stopping IPC Server Responder
2019-08-21 18:55:57,442 [IPC Server listener on 46136] INFO  ipc.Server (Server.java:run(1185)) - Stopping IPC Server listener on 46136
2019-08-21 18:55:57,442 [main] INFO  server.StorageContainerManager (StorageContainerManager.java:stop(833)) - Stopping Storage Container Manager HTTP server.
2019-08-21 18:55:57,444 [IPC Server Responder] INFO  ipc.Server (Server.java:run(1319)) - Stopping IPC Server Responder
2019-08-21 18:55:57,445 [main] INFO  handler.ContextHandler (ContextHandler.java:doStop(910)) - Stopped o.e.j.w.WebAppContext@440e2406{/,null,UNAVAILABLE}{/scm}
2019-08-21 18:55:57,445 [main] INFO  server.AbstractConnector (AbstractConnector.java:doStop(318)) - Stopped ServerConnector@56adb75e{HTTP/1.1,[http/1.1]}{0.0.0.0:0}
2019-08-21 18:55:57,445 [main] INFO  handler.ContextHandler (ContextHandler.java:doStop(910)) - Stopped o.e.j.s.ServletContextHandler@6b3a1151{/static,file:///workdir/hadoop-ozone/integration-test/target/test-classes/webapps/static,UNAVAILABLE}
2019-08-21 18:55:57,446 [main] INFO  handler.ContextHandler (ContextHandler.java:doStop(910)) - Stopped o.e.j.s.ServletContextHandler@194a653d{/logs,file:///workdir/hadoop-ozone/integration-test/target/log,UNAVAILABLE}
2019-08-21 18:55:57,446 [main] INFO  server.StorageContainerManager (StorageContainerManager.java:stop(844)) - Stopping Block Manager Service.
2019-08-21 18:55:57,447 [main] INFO  utils.BackgroundService (BackgroundService.java:shutdown(148)) - Shutting down service SCMBlockDeletingService
2019-08-21 18:55:57,447 [main] INFO  utils.BackgroundService (BackgroundService.java:shutdown(148)) - Shutting down service SCMBlockDeletingService
2019-08-21 18:55:57,447 [main] INFO  server.StorageContainerManager (StorageContainerManager.java:stop(866)) - Stopping SCM Event Queue.
2019-08-21 18:55:57,452 [main] INFO  impl.MetricsSystemImpl (MetricsSystemImpl.java:stop(210)) - Stopping HddsDatanode metrics system...
2019-08-21 18:55:57,460 [main] INFO  impl.MetricsSystemImpl (MetricsSystemImpl.java:stop(216)) - HddsDatanode metrics system stopped.
]]></system-out>
    <system-err><![CDATA[Aug 21, 2019 6:55:17 PM com.sun.jersey.server.impl.application.WebApplicationImpl _initiate
INFO: Initiating Jersey application, version 'Jersey: 1.19 02/11/2015 03:25 AM'
Aug 21, 2019 6:55:17 PM com.sun.jersey.server.impl.application.WebApplicationImpl _initiate
INFO: Initiating Jersey application, version 'Jersey: 1.19 02/11/2015 03:25 AM'
Aug 21, 2019 6:55:18 PM com.sun.jersey.server.impl.application.WebApplicationImpl _initiate
INFO: Initiating Jersey application, version 'Jersey: 1.19 02/11/2015 03:25 AM'
Aug 21, 2019 6:55:18 PM com.sun.jersey.server.impl.application.WebApplicationImpl _initiate
INFO: Initiating Jersey application, version 'Jersey: 1.19 02/11/2015 03:25 AM'
Aug 21, 2019 6:55:18 PM com.sun.jersey.server.impl.application.WebApplicationImpl _initiate
INFO: Initiating Jersey application, version 'Jersey: 1.19 02/11/2015 03:25 AM'
Aug 21, 2019 6:55:18 PM com.sun.jersey.server.impl.application.WebApplicationImpl _initiate
INFO: Initiating Jersey application, version 'Jersey: 1.19 02/11/2015 03:25 AM'
Aug 21, 2019 6:55:19 PM com.sun.jersey.server.impl.application.WebApplicationImpl _initiate
INFO: Initiating Jersey application, version 'Jersey: 1.19 02/11/2015 03:25 AM'
Aug 21, 2019 6:55:21 PM org.apache.ratis.thirdparty.io.grpc.internal.ManagedChannelOrphanWrapper$ManagedChannelReference cleanQueue
SEVERE: *~*~*~ Channel ManagedChannelImpl{logId=3019, target=192.168.36.125:42839} was not shutdown properly!!! ~*~*~*
    Make sure to call shutdown()/shutdownNow() and wait until awaitTermination() returns true.
java.lang.RuntimeException: ManagedChannel allocation site
	at org.apache.ratis.thirdparty.io.grpc.internal.ManagedChannelOrphanWrapper$ManagedChannelReference.<init>(ManagedChannelOrphanWrapper.java:103)
	at org.apache.ratis.thirdparty.io.grpc.internal.ManagedChannelOrphanWrapper.<init>(ManagedChannelOrphanWrapper.java:53)
	at org.apache.ratis.thirdparty.io.grpc.internal.ManagedChannelOrphanWrapper.<init>(ManagedChannelOrphanWrapper.java:44)
	at org.apache.ratis.thirdparty.io.grpc.internal.AbstractManagedChannelImplBuilder.build(AbstractManagedChannelImplBuilder.java:411)
	at org.apache.ratis.grpc.client.GrpcClientProtocolClient.<init>(GrpcClientProtocolClient.java:119)
	at org.apache.ratis.grpc.client.GrpcClientRpc.lambda$new$0(GrpcClientRpc.java:55)
	at org.apache.ratis.util.PeerProxyMap$PeerAndProxy.lambda$getProxy$0(PeerProxyMap.java:61)
	at org.apache.ratis.util.LifeCycle.startAndTransition(LifeCycle.java:202)
	at org.apache.ratis.util.PeerProxyMap$PeerAndProxy.getProxy(PeerProxyMap.java:60)
	at org.apache.ratis.util.PeerProxyMap.getProxy(PeerProxyMap.java:107)
	at org.apache.ratis.grpc.client.GrpcClientRpc.sendRequestAsync(GrpcClientRpc.java:66)
	at org.apache.ratis.client.impl.OrderedAsync.sendRequest(OrderedAsync.java:208)
	at org.apache.ratis.client.impl.OrderedAsync.sendRequestWithRetry(OrderedAsync.java:169)
	at org.apache.ratis.util.SlidingWindow$Client.sendOrDelayRequest(SlidingWindow.java:278)
	at org.apache.ratis.util.SlidingWindow$Client.retry(SlidingWindow.java:294)
	at org.apache.ratis.client.impl.OrderedAsync.lambda$scheduleWithTimeout$7(OrderedAsync.java:195)
	at org.apache.ratis.util.TimeoutScheduler.lambda$onTimeout$0(TimeoutScheduler.java:85)
	at org.apache.ratis.util.TimeoutScheduler.lambda$onTimeout$1(TimeoutScheduler.java:104)
	at org.apache.ratis.util.LogUtils.runAndLog(LogUtils.java:50)
	at org.apache.ratis.util.LogUtils$1.run(LogUtils.java:91)
	at java.util.concurrent.Executors$RunnableAdapter.call(Executors.java:511)
	at java.util.concurrent.FutureTask.run(FutureTask.java:266)
	at java.util.concurrent.ScheduledThreadPoolExecutor$ScheduledFutureTask.access$201(ScheduledThreadPoolExecutor.java:180)
	at java.util.concurrent.ScheduledThreadPoolExecutor$ScheduledFutureTask.run(ScheduledThreadPoolExecutor.java:293)
	at java.util.concurrent.ThreadPoolExecutor.runWorker(ThreadPoolExecutor.java:1149)
	at java.util.concurrent.ThreadPoolExecutor$Worker.run(ThreadPoolExecutor.java:624)
	at java.lang.Thread.run(Thread.java:748)

Aug 21, 2019 6:55:21 PM org.apache.ratis.thirdparty.io.grpc.internal.ManagedChannelOrphanWrapper$ManagedChannelReference cleanQueue
SEVERE: *~*~*~ Channel ManagedChannelImpl{logId=2786, target=192.168.36.125:37416} was not shutdown properly!!! ~*~*~*
    Make sure to call shutdown()/shutdownNow() and wait until awaitTermination() returns true.
java.lang.RuntimeException: ManagedChannel allocation site
	at org.apache.ratis.thirdparty.io.grpc.internal.ManagedChannelOrphanWrapper$ManagedChannelReference.<init>(ManagedChannelOrphanWrapper.java:103)
	at org.apache.ratis.thirdparty.io.grpc.internal.ManagedChannelOrphanWrapper.<init>(ManagedChannelOrphanWrapper.java:53)
	at org.apache.ratis.thirdparty.io.grpc.internal.ManagedChannelOrphanWrapper.<init>(ManagedChannelOrphanWrapper.java:44)
	at org.apache.ratis.thirdparty.io.grpc.internal.AbstractManagedChannelImplBuilder.build(AbstractManagedChannelImplBuilder.java:411)
	at org.apache.ratis.grpc.client.GrpcClientProtocolClient.<init>(GrpcClientProtocolClient.java:119)
	at org.apache.ratis.grpc.client.GrpcClientRpc.lambda$new$0(GrpcClientRpc.java:55)
	at org.apache.ratis.util.PeerProxyMap$PeerAndProxy.lambda$getProxy$0(PeerProxyMap.java:61)
	at org.apache.ratis.util.LifeCycle.startAndTransition(LifeCycle.java:202)
	at org.apache.ratis.util.PeerProxyMap$PeerAndProxy.getProxy(PeerProxyMap.java:60)
	at org.apache.ratis.util.PeerProxyMap.getProxy(PeerProxyMap.java:107)
	at org.apache.ratis.grpc.client.GrpcClientRpc.sendRequestAsync(GrpcClientRpc.java:66)
	at org.apache.ratis.client.impl.OrderedAsync.sendRequest(OrderedAsync.java:208)
	at org.apache.ratis.client.impl.OrderedAsync.sendRequestWithRetry(OrderedAsync.java:169)
	at org.apache.ratis.util.SlidingWindow$Client.sendOrDelayRequest(SlidingWindow.java:278)
	at org.apache.ratis.util.SlidingWindow$Client.submitNewRequest(SlidingWindow.java:257)
	at org.apache.ratis.client.impl.OrderedAsync.send(OrderedAsync.java:155)
	at org.apache.ratis.client.impl.RaftClientImpl.sendAsync(RaftClientImpl.java:145)
	at org.apache.ratis.client.impl.RaftClientImpl.sendAsync(RaftClientImpl.java:125)
	at org.apache.hadoop.hdds.scm.XceiverClientRatis.sendRequestAsync(XceiverClientRatis.java:224)
	at org.apache.hadoop.hdds.scm.XceiverClientRatis.sendCommandAsync(XceiverClientRatis.java:302)
	at org.apache.hadoop.hdds.scm.storage.ContainerProtocolCalls.writeChunkAsync(ContainerProtocolCalls.java:310)
	at org.apache.hadoop.hdds.scm.storage.BlockOutputStream.writeChunkToContainer(BlockOutputStream.java:601)
	at org.apache.hadoop.hdds.scm.storage.BlockOutputStream.writeChunk(BlockOutputStream.java:459)
	at org.apache.hadoop.hdds.scm.storage.BlockOutputStream.writeOnRetry(BlockOutputStream.java:285)
	at org.apache.hadoop.ozone.client.io.BlockOutputStreamEntry.writeOnRetry(BlockOutputStreamEntry.java:200)
	at org.apache.hadoop.ozone.client.io.KeyOutputStream.handleWrite(KeyOutputStream.java:209)
	at org.apache.hadoop.ozone.client.io.KeyOutputStream.handleRetry(KeyOutputStream.java:376)
	at org.apache.hadoop.ozone.client.io.KeyOutputStream.handleException(KeyOutputStream.java:325)
	at org.apache.hadoop.ozone.client.io.KeyOutputStream.handleFlushOrClose(KeyOutputStream.java:448)
	at org.apache.hadoop.ozone.client.io.KeyOutputStream.handleWrite(KeyOutputStream.java:235)
	at org.apache.hadoop.ozone.client.io.KeyOutputStream.write(KeyOutputStream.java:193)
	at org.apache.hadoop.ozone.client.io.OzoneOutputStream.write(OzoneOutputStream.java:49)
	at java.io.OutputStream.write(OutputStream.java:75)
	at org.apache.hadoop.ozone.client.rpc.TestBlockOutputStreamWithFailures.testDatanodeFailureWithSingleNodeRatis(TestBlockOutputStreamWithFailures.java:1021)
	at sun.reflect.NativeMethodAccessorImpl.invoke0(Native Method)
	at sun.reflect.NativeMethodAccessorImpl.invoke(NativeMethodAccessorImpl.java:62)
	at sun.reflect.DelegatingMethodAccessorImpl.invoke(DelegatingMethodAccessorImpl.java:43)
	at java.lang.reflect.Method.invoke(Method.java:498)
	at org.junit.runners.model.FrameworkMethod$1.runReflectiveCall(FrameworkMethod.java:47)
	at org.junit.internal.runners.model.ReflectiveCallable.run(ReflectiveCallable.java:12)
	at org.junit.runners.model.FrameworkMethod.invokeExplosively(FrameworkMethod.java:44)
	at org.junit.internal.runners.statements.InvokeMethod.evaluate(InvokeMethod.java:17)
	at org.junit.internal.runners.statements.RunBefores.evaluate(RunBefores.java:26)
	at org.junit.internal.runners.statements.RunAfters.evaluate(RunAfters.java:27)
	at org.junit.runners.ParentRunner.runLeaf(ParentRunner.java:271)
	at org.junit.runners.BlockJUnit4ClassRunner.runChild(BlockJUnit4ClassRunner.java:70)
	at org.junit.runners.BlockJUnit4ClassRunner.runChild(BlockJUnit4ClassRunner.java:50)
	at org.junit.runners.ParentRunner$3.run(ParentRunner.java:238)
	at org.junit.runners.ParentRunner$1.schedule(ParentRunner.java:63)
	at org.junit.runners.ParentRunner.runChildren(ParentRunner.java:236)
	at org.junit.runners.ParentRunner.access$000(ParentRunner.java:53)
	at org.junit.runners.ParentRunner$2.evaluate(ParentRunner.java:229)
	at org.junit.runners.ParentRunner.run(ParentRunner.java:309)
	at org.apache.maven.surefire.junit4.JUnit4Provider.execute(JUnit4Provider.java:365)
	at org.apache.maven.surefire.junit4.JUnit4Provider.executeWithRerun(JUnit4Provider.java:273)
	at org.apache.maven.surefire.junit4.JUnit4Provider.executeTestSet(JUnit4Provider.java:238)
	at org.apache.maven.surefire.junit4.JUnit4Provider.invoke(JUnit4Provider.java:159)
	at org.apache.maven.surefire.booter.ForkedBooter.invokeProviderInSameClassLoader(ForkedBooter.java:384)
	at org.apache.maven.surefire.booter.ForkedBooter.runSuitesInProcess(ForkedBooter.java:345)
	at org.apache.maven.surefire.booter.ForkedBooter.execute(ForkedBooter.java:126)
	at org.apache.maven.surefire.booter.ForkedBooter.main(ForkedBooter.java:418)

Aug 21, 2019 6:55:21 PM org.apache.ratis.thirdparty.io.grpc.internal.ManagedChannelOrphanWrapper$ManagedChannelReference cleanQueue
SEVERE: *~*~*~ Channel ManagedChannelImpl{logId=3029, target=192.168.36.125:39661} was not shutdown properly!!! ~*~*~*
    Make sure to call shutdown()/shutdownNow() and wait until awaitTermination() returns true.
java.lang.RuntimeException: ManagedChannel allocation site
	at org.apache.ratis.thirdparty.io.grpc.internal.ManagedChannelOrphanWrapper$ManagedChannelReference.<init>(ManagedChannelOrphanWrapper.java:103)
	at org.apache.ratis.thirdparty.io.grpc.internal.ManagedChannelOrphanWrapper.<init>(ManagedChannelOrphanWrapper.java:53)
	at org.apache.ratis.thirdparty.io.grpc.internal.ManagedChannelOrphanWrapper.<init>(ManagedChannelOrphanWrapper.java:44)
	at org.apache.ratis.thirdparty.io.grpc.internal.AbstractManagedChannelImplBuilder.build(AbstractManagedChannelImplBuilder.java:411)
	at org.apache.hadoop.hdds.scm.XceiverClientGrpc.connectToDatanode(XceiverClientGrpc.java:174)
	at org.apache.hadoop.hdds.scm.XceiverClientGrpc.reconnect(XceiverClientGrpc.java:422)
	at org.apache.hadoop.hdds.scm.XceiverClientGrpc.sendCommandAsync(XceiverClientGrpc.java:371)
	at org.apache.hadoop.hdds.scm.XceiverClientGrpc.sendCommandWithRetry(XceiverClientGrpc.java:284)
	at org.apache.hadoop.hdds.scm.XceiverClientGrpc.sendCommandWithTraceIDAndRetry(XceiverClientGrpc.java:250)
	at org.apache.hadoop.hdds.scm.XceiverClientGrpc.sendCommand(XceiverClientGrpc.java:233)
	at org.apache.hadoop.hdds.scm.storage.ContainerProtocolCalls.getBlock(ContainerProtocolCalls.java:118)
	at org.apache.hadoop.hdds.scm.storage.BlockInputStream.getChunkInfos(BlockInputStream.java:167)
	at org.apache.hadoop.hdds.scm.storage.BlockInputStream.initialize(BlockInputStream.java:118)
	at org.apache.hadoop.hdds.scm.storage.BlockInputStream.read(BlockInputStream.java:222)
	at org.apache.hadoop.ozone.client.io.KeyInputStream.read(KeyInputStream.java:171)
	at org.apache.hadoop.ozone.client.io.OzoneInputStream.read(OzoneInputStream.java:47)
	at java.io.InputStream.read(InputStream.java:101)
	at org.apache.hadoop.ozone.container.ContainerTestHelper.validateData(ContainerTestHelper.java:713)
	at org.apache.hadoop.ozone.client.rpc.TestBlockOutputStreamWithFailures.validateData(TestBlockOutputStreamWithFailures.java:1216)
	at org.apache.hadoop.ozone.client.rpc.TestBlockOutputStreamWithFailures.testWatchForCommitWithSingleNodeRatis(TestBlockOutputStreamWithFailures.java:918)
	at sun.reflect.NativeMethodAccessorImpl.invoke0(Native Method)
	at sun.reflect.NativeMethodAccessorImpl.invoke(NativeMethodAccessorImpl.java:62)
	at sun.reflect.DelegatingMethodAccessorImpl.invoke(DelegatingMethodAccessorImpl.java:43)
	at java.lang.reflect.Method.invoke(Method.java:498)
	at org.junit.runners.model.FrameworkMethod$1.runReflectiveCall(FrameworkMethod.java:47)
	at org.junit.internal.runners.model.ReflectiveCallable.run(ReflectiveCallable.java:12)
	at org.junit.runners.model.FrameworkMethod.invokeExplosively(FrameworkMethod.java:44)
	at org.junit.internal.runners.statements.InvokeMethod.evaluate(InvokeMethod.java:17)
	at org.junit.internal.runners.statements.RunBefores.evaluate(RunBefores.java:26)
	at org.junit.internal.runners.statements.RunAfters.evaluate(RunAfters.java:27)
	at org.junit.runners.ParentRunner.runLeaf(ParentRunner.java:271)
	at org.junit.runners.BlockJUnit4ClassRunner.runChild(BlockJUnit4ClassRunner.java:70)
	at org.junit.runners.BlockJUnit4ClassRunner.runChild(BlockJUnit4ClassRunner.java:50)
	at org.junit.runners.ParentRunner$3.run(ParentRunner.java:238)
	at org.junit.runners.ParentRunner$1.schedule(ParentRunner.java:63)
	at org.junit.runners.ParentRunner.runChildren(ParentRunner.java:236)
	at org.junit.runners.ParentRunner.access$000(ParentRunner.java:53)
	at org.junit.runners.ParentRunner$2.evaluate(ParentRunner.java:229)
	at org.junit.runners.ParentRunner.run(ParentRunner.java:309)
	at org.apache.maven.surefire.junit4.JUnit4Provider.execute(JUnit4Provider.java:365)
	at org.apache.maven.surefire.junit4.JUnit4Provider.executeWithRerun(JUnit4Provider.java:273)
	at org.apache.maven.surefire.junit4.JUnit4Provider.executeTestSet(JUnit4Provider.java:238)
	at org.apache.maven.surefire.junit4.JUnit4Provider.invoke(JUnit4Provider.java:159)
	at org.apache.maven.surefire.booter.ForkedBooter.invokeProviderInSameClassLoader(ForkedBooter.java:384)
	at org.apache.maven.surefire.booter.ForkedBooter.runSuitesInProcess(ForkedBooter.java:345)
	at org.apache.maven.surefire.booter.ForkedBooter.execute(ForkedBooter.java:126)
	at org.apache.maven.surefire.booter.ForkedBooter.main(ForkedBooter.java:418)

Aug 21, 2019 6:55:21 PM org.apache.ratis.thirdparty.io.grpc.internal.ManagedChannelOrphanWrapper$ManagedChannelReference cleanQueue
SEVERE: *~*~*~ Channel ManagedChannelImpl{logId=2816, target=192.168.36.125:35952} was not shutdown properly!!! ~*~*~*
    Make sure to call shutdown()/shutdownNow() and wait until awaitTermination() returns true.
java.lang.RuntimeException: ManagedChannel allocation site
	at org.apache.ratis.thirdparty.io.grpc.internal.ManagedChannelOrphanWrapper$ManagedChannelReference.<init>(ManagedChannelOrphanWrapper.java:103)
	at org.apache.ratis.thirdparty.io.grpc.internal.ManagedChannelOrphanWrapper.<init>(ManagedChannelOrphanWrapper.java:53)
	at org.apache.ratis.thirdparty.io.grpc.internal.ManagedChannelOrphanWrapper.<init>(ManagedChannelOrphanWrapper.java:44)
	at org.apache.ratis.thirdparty.io.grpc.internal.AbstractManagedChannelImplBuilder.build(AbstractManagedChannelImplBuilder.java:411)
	at org.apache.hadoop.hdds.scm.XceiverClientGrpc.connectToDatanode(XceiverClientGrpc.java:174)
	at org.apache.hadoop.hdds.scm.XceiverClientGrpc.reconnect(XceiverClientGrpc.java:422)
	at org.apache.hadoop.hdds.scm.XceiverClientGrpc.sendCommandAsync(XceiverClientGrpc.java:371)
	at org.apache.hadoop.hdds.scm.XceiverClientGrpc.sendCommandWithRetry(XceiverClientGrpc.java:284)
	at org.apache.hadoop.hdds.scm.XceiverClientGrpc.sendCommandWithTraceIDAndRetry(XceiverClientGrpc.java:250)
	at org.apache.hadoop.hdds.scm.XceiverClientGrpc.sendCommand(XceiverClientGrpc.java:233)
	at org.apache.hadoop.hdds.scm.storage.ContainerProtocolCalls.getBlock(ContainerProtocolCalls.java:118)
	at org.apache.hadoop.hdds.scm.storage.BlockInputStream.getChunkInfos(BlockInputStream.java:167)
	at org.apache.hadoop.hdds.scm.storage.BlockInputStream.initialize(BlockInputStream.java:118)
	at org.apache.hadoop.hdds.scm.storage.BlockInputStream.read(BlockInputStream.java:222)
	at org.apache.hadoop.ozone.client.io.KeyInputStream.read(KeyInputStream.java:171)
	at org.apache.hadoop.ozone.client.io.OzoneInputStream.read(OzoneInputStream.java:47)
	at java.io.InputStream.read(InputStream.java:101)
	at org.apache.hadoop.ozone.container.ContainerTestHelper.validateData(ContainerTestHelper.java:713)
	at org.apache.hadoop.ozone.client.rpc.TestBlockOutputStreamWithFailures.validateData(TestBlockOutputStreamWithFailures.java:1216)
	at org.apache.hadoop.ozone.client.rpc.TestBlockOutputStreamWithFailures.testDatanodeFailureWithSingleNodeRatis(TestBlockOutputStreamWithFailures.java:1058)
	at sun.reflect.NativeMethodAccessorImpl.invoke0(Native Method)
	at sun.reflect.NativeMethodAccessorImpl.invoke(NativeMethodAccessorImpl.java:62)
	at sun.reflect.DelegatingMethodAccessorImpl.invoke(DelegatingMethodAccessorImpl.java:43)
	at java.lang.reflect.Method.invoke(Method.java:498)
	at org.junit.runners.model.FrameworkMethod$1.runReflectiveCall(FrameworkMethod.java:47)
	at org.junit.internal.runners.model.ReflectiveCallable.run(ReflectiveCallable.java:12)
	at org.junit.runners.model.FrameworkMethod.invokeExplosively(FrameworkMethod.java:44)
	at org.junit.internal.runners.statements.InvokeMethod.evaluate(InvokeMethod.java:17)
	at org.junit.internal.runners.statements.RunBefores.evaluate(RunBefores.java:26)
	at org.junit.internal.runners.statements.RunAfters.evaluate(RunAfters.java:27)
	at org.junit.runners.ParentRunner.runLeaf(ParentRunner.java:271)
	at org.junit.runners.BlockJUnit4ClassRunner.runChild(BlockJUnit4ClassRunner.java:70)
	at org.junit.runners.BlockJUnit4ClassRunner.runChild(BlockJUnit4ClassRunner.java:50)
	at org.junit.runners.ParentRunner$3.run(ParentRunner.java:238)
	at org.junit.runners.ParentRunner$1.schedule(ParentRunner.java:63)
	at org.junit.runners.ParentRunner.runChildren(ParentRunner.java:236)
	at org.junit.runners.ParentRunner.access$000(ParentRunner.java:53)
	at org.junit.runners.ParentRunner$2.evaluate(ParentRunner.java:229)
	at org.junit.runners.ParentRunner.run(ParentRunner.java:309)
	at org.apache.maven.surefire.junit4.JUnit4Provider.execute(JUnit4Provider.java:365)
	at org.apache.maven.surefire.junit4.JUnit4Provider.executeWithRerun(JUnit4Provider.java:273)
	at org.apache.maven.surefire.junit4.JUnit4Provider.executeTestSet(JUnit4Provider.java:238)
	at org.apache.maven.surefire.junit4.JUnit4Provider.invoke(JUnit4Provider.java:159)
	at org.apache.maven.surefire.booter.ForkedBooter.invokeProviderInSameClassLoader(ForkedBooter.java:384)
	at org.apache.maven.surefire.booter.ForkedBooter.runSuitesInProcess(ForkedBooter.java:345)
	at org.apache.maven.surefire.booter.ForkedBooter.execute(ForkedBooter.java:126)
	at org.apache.maven.surefire.booter.ForkedBooter.main(ForkedBooter.java:418)

Aug 21, 2019 6:55:21 PM org.apache.ratis.thirdparty.io.grpc.internal.ManagedChannelOrphanWrapper$ManagedChannelReference cleanQueue
SEVERE: *~*~*~ Channel ManagedChannelImpl{logId=3024, target=192.168.36.125:44989} was not shutdown properly!!! ~*~*~*
    Make sure to call shutdown()/shutdownNow() and wait until awaitTermination() returns true.
java.lang.RuntimeException: ManagedChannel allocation site
	at org.apache.ratis.thirdparty.io.grpc.internal.ManagedChannelOrphanWrapper$ManagedChannelReference.<init>(ManagedChannelOrphanWrapper.java:103)
	at org.apache.ratis.thirdparty.io.grpc.internal.ManagedChannelOrphanWrapper.<init>(ManagedChannelOrphanWrapper.java:53)
	at org.apache.ratis.thirdparty.io.grpc.internal.ManagedChannelOrphanWrapper.<init>(ManagedChannelOrphanWrapper.java:44)
	at org.apache.ratis.thirdparty.io.grpc.internal.AbstractManagedChannelImplBuilder.build(AbstractManagedChannelImplBuilder.java:411)
	at org.apache.ratis.grpc.client.GrpcClientProtocolClient.<init>(GrpcClientProtocolClient.java:119)
	at org.apache.ratis.grpc.client.GrpcClientRpc.lambda$new$0(GrpcClientRpc.java:55)
	at org.apache.ratis.util.PeerProxyMap$PeerAndProxy.lambda$getProxy$0(PeerProxyMap.java:61)
	at org.apache.ratis.util.LifeCycle.startAndTransition(LifeCycle.java:202)
	at org.apache.ratis.util.PeerProxyMap$PeerAndProxy.getProxy(PeerProxyMap.java:60)
	at org.apache.ratis.util.PeerProxyMap.getProxy(PeerProxyMap.java:107)
	at org.apache.ratis.grpc.client.GrpcClientRpc.sendRequestAsync(GrpcClientRpc.java:66)
	at org.apache.ratis.client.impl.OrderedAsync.sendRequest(OrderedAsync.java:208)
	at org.apache.ratis.client.impl.OrderedAsync.sendRequestWithRetry(OrderedAsync.java:169)
	at org.apache.ratis.util.SlidingWindow$Client.sendOrDelayRequest(SlidingWindow.java:278)
	at org.apache.ratis.util.SlidingWindow$Client.submitNewRequest(SlidingWindow.java:257)
	at org.apache.ratis.client.impl.OrderedAsync.send(OrderedAsync.java:155)
	at org.apache.ratis.client.impl.RaftClientImpl.sendAsync(RaftClientImpl.java:145)
	at org.apache.ratis.client.impl.RaftClientImpl.sendAsync(RaftClientImpl.java:125)
	at org.apache.hadoop.hdds.scm.XceiverClientRatis.sendRequestAsync(XceiverClientRatis.java:224)
	at org.apache.hadoop.hdds.scm.XceiverClientRatis.sendCommandAsync(XceiverClientRatis.java:302)
	at org.apache.hadoop.hdds.scm.storage.ContainerProtocolCalls.writeChunkAsync(ContainerProtocolCalls.java:310)
	at org.apache.hadoop.hdds.scm.storage.BlockOutputStream.writeChunkToContainer(BlockOutputStream.java:601)
	at org.apache.hadoop.hdds.scm.storage.BlockOutputStream.writeChunk(BlockOutputStream.java:459)
	at org.apache.hadoop.hdds.scm.storage.BlockOutputStream.writeOnRetry(BlockOutputStream.java:285)
	at org.apache.hadoop.ozone.client.io.BlockOutputStreamEntry.writeOnRetry(BlockOutputStreamEntry.java:200)
	at org.apache.hadoop.ozone.client.io.KeyOutputStream.handleWrite(KeyOutputStream.java:209)
	at org.apache.hadoop.ozone.client.io.KeyOutputStream.handleRetry(KeyOutputStream.java:376)
	at org.apache.hadoop.ozone.client.io.KeyOutputStream.handleException(KeyOutputStream.java:325)
	at org.apache.hadoop.ozone.client.io.KeyOutputStream.handleFlushOrClose(KeyOutputStream.java:448)
	at org.apache.hadoop.ozone.client.io.KeyOutputStream.handleWrite(KeyOutputStream.java:235)
	at org.apache.hadoop.ozone.client.io.KeyOutputStream.write(KeyOutputStream.java:193)
	at org.apache.hadoop.ozone.client.io.OzoneOutputStream.write(OzoneOutputStream.java:49)
	at java.io.OutputStream.write(OutputStream.java:75)
	at org.apache.hadoop.ozone.client.rpc.TestBlockOutputStreamWithFailures.testWatchForCommitWithSingleNodeRatis(TestBlockOutputStreamWithFailures.java:885)
	at sun.reflect.NativeMethodAccessorImpl.invoke0(Native Method)
	at sun.reflect.NativeMethodAccessorImpl.invoke(NativeMethodAccessorImpl.java:62)
	at sun.reflect.DelegatingMethodAccessorImpl.invoke(DelegatingMethodAccessorImpl.java:43)
	at java.lang.reflect.Method.invoke(Method.java:498)
	at org.junit.runners.model.FrameworkMethod$1.runReflectiveCall(FrameworkMethod.java:47)
	at org.junit.internal.runners.model.ReflectiveCallable.run(ReflectiveCallable.java:12)
	at org.junit.runners.model.FrameworkMethod.invokeExplosively(FrameworkMethod.java:44)
	at org.junit.internal.runners.statements.InvokeMethod.evaluate(InvokeMethod.java:17)
	at org.junit.internal.runners.statements.RunBefores.evaluate(RunBefores.java:26)
	at org.junit.internal.runners.statements.RunAfters.evaluate(RunAfters.java:27)
	at org.junit.runners.ParentRunner.runLeaf(ParentRunner.java:271)
	at org.junit.runners.BlockJUnit4ClassRunner.runChild(BlockJUnit4ClassRunner.java:70)
	at org.junit.runners.BlockJUnit4ClassRunner.runChild(BlockJUnit4ClassRunner.java:50)
	at org.junit.runners.ParentRunner$3.run(ParentRunner.java:238)
	at org.junit.runners.ParentRunner$1.schedule(ParentRunner.java:63)
	at org.junit.runners.ParentRunner.runChildren(ParentRunner.java:236)
	at org.junit.runners.ParentRunner.access$000(ParentRunner.java:53)
	at org.junit.runners.ParentRunner$2.evaluate(ParentRunner.java:229)
	at org.junit.runners.ParentRunner.run(ParentRunner.java:309)
	at org.apache.maven.surefire.junit4.JUnit4Provider.execute(JUnit4Provider.java:365)
	at org.apache.maven.surefire.junit4.JUnit4Provider.executeWithRerun(JUnit4Provider.java:273)
	at org.apache.maven.surefire.junit4.JUnit4Provider.executeTestSet(JUnit4Provider.java:238)
	at org.apache.maven.surefire.junit4.JUnit4Provider.invoke(JUnit4Provider.java:159)
	at org.apache.maven.surefire.booter.ForkedBooter.invokeProviderInSameClassLoader(ForkedBooter.java:384)
	at org.apache.maven.surefire.booter.ForkedBooter.runSuitesInProcess(ForkedBooter.java:345)
	at org.apache.maven.surefire.booter.ForkedBooter.execute(ForkedBooter.java:126)
	at org.apache.maven.surefire.booter.ForkedBooter.main(ForkedBooter.java:418)

Aug 21, 2019 6:55:21 PM org.apache.ratis.thirdparty.io.grpc.internal.ManagedChannelOrphanWrapper$ManagedChannelReference cleanQueue
SEVERE: *~*~*~ Channel ManagedChannelImpl{logId=2782, target=192.168.36.125:44634} was not shutdown properly!!! ~*~*~*
    Make sure to call shutdown()/shutdownNow() and wait until awaitTermination() returns true.
java.lang.RuntimeException: ManagedChannel allocation site
	at org.apache.ratis.thirdparty.io.grpc.internal.ManagedChannelOrphanWrapper$ManagedChannelReference.<init>(ManagedChannelOrphanWrapper.java:103)
	at org.apache.ratis.thirdparty.io.grpc.internal.ManagedChannelOrphanWrapper.<init>(ManagedChannelOrphanWrapper.java:53)
	at org.apache.ratis.thirdparty.io.grpc.internal.ManagedChannelOrphanWrapper.<init>(ManagedChannelOrphanWrapper.java:44)
	at org.apache.ratis.thirdparty.io.grpc.internal.AbstractManagedChannelImplBuilder.build(AbstractManagedChannelImplBuilder.java:411)
	at org.apache.ratis.grpc.client.GrpcClientProtocolClient.<init>(GrpcClientProtocolClient.java:119)
	at org.apache.ratis.grpc.client.GrpcClientRpc.lambda$new$0(GrpcClientRpc.java:55)
	at org.apache.ratis.util.PeerProxyMap$PeerAndProxy.lambda$getProxy$0(PeerProxyMap.java:61)
	at org.apache.ratis.util.LifeCycle.startAndTransition(LifeCycle.java:202)
	at org.apache.ratis.util.PeerProxyMap$PeerAndProxy.getProxy(PeerProxyMap.java:60)
	at org.apache.ratis.util.PeerProxyMap.getProxy(PeerProxyMap.java:107)
	at org.apache.ratis.grpc.client.GrpcClientRpc.sendRequestAsync(GrpcClientRpc.java:66)
	at org.apache.ratis.client.impl.OrderedAsync.sendRequest(OrderedAsync.java:208)
	at org.apache.ratis.client.impl.OrderedAsync.sendRequestWithRetry(OrderedAsync.java:169)
	at org.apache.ratis.util.SlidingWindow$Client.sendOrDelayRequest(SlidingWindow.java:278)
	at org.apache.ratis.util.SlidingWindow$Client.retry(SlidingWindow.java:294)
	at org.apache.ratis.client.impl.OrderedAsync.lambda$scheduleWithTimeout$7(OrderedAsync.java:195)
	at org.apache.ratis.util.TimeoutScheduler.lambda$onTimeout$0(TimeoutScheduler.java:85)
	at org.apache.ratis.util.TimeoutScheduler.lambda$onTimeout$1(TimeoutScheduler.java:104)
	at org.apache.ratis.util.LogUtils.runAndLog(LogUtils.java:50)
	at org.apache.ratis.util.LogUtils$1.run(LogUtils.java:91)
	at java.util.concurrent.Executors$RunnableAdapter.call(Executors.java:511)
	at java.util.concurrent.FutureTask.run(FutureTask.java:266)
	at java.util.concurrent.ScheduledThreadPoolExecutor$ScheduledFutureTask.access$201(ScheduledThreadPoolExecutor.java:180)
	at java.util.concurrent.ScheduledThreadPoolExecutor$ScheduledFutureTask.run(ScheduledThreadPoolExecutor.java:293)
	at java.util.concurrent.ThreadPoolExecutor.runWorker(ThreadPoolExecutor.java:1149)
	at java.util.concurrent.ThreadPoolExecutor$Worker.run(ThreadPoolExecutor.java:624)
	at java.lang.Thread.run(Thread.java:748)

Aug 21, 2019 6:55:21 PM org.apache.ratis.thirdparty.io.grpc.internal.ManagedChannelOrphanWrapper$ManagedChannelReference cleanQueue
SEVERE: *~*~*~ Channel ManagedChannelImpl{logId=2821, target=192.168.36.125:37736} was not shutdown properly!!! ~*~*~*
    Make sure to call shutdown()/shutdownNow() and wait until awaitTermination() returns true.
java.lang.RuntimeException: ManagedChannel allocation site
	at org.apache.ratis.thirdparty.io.grpc.internal.ManagedChannelOrphanWrapper$ManagedChannelReference.<init>(ManagedChannelOrphanWrapper.java:103)
	at org.apache.ratis.thirdparty.io.grpc.internal.ManagedChannelOrphanWrapper.<init>(ManagedChannelOrphanWrapper.java:53)
	at org.apache.ratis.thirdparty.io.grpc.internal.ManagedChannelOrphanWrapper.<init>(ManagedChannelOrphanWrapper.java:44)
	at org.apache.ratis.thirdparty.io.grpc.internal.AbstractManagedChannelImplBuilder.build(AbstractManagedChannelImplBuilder.java:411)
	at org.apache.hadoop.hdds.scm.XceiverClientGrpc.connectToDatanode(XceiverClientGrpc.java:174)
	at org.apache.hadoop.hdds.scm.XceiverClientGrpc.reconnect(XceiverClientGrpc.java:422)
	at org.apache.hadoop.hdds.scm.XceiverClientGrpc.sendCommandAsync(XceiverClientGrpc.java:371)
	at org.apache.hadoop.hdds.scm.XceiverClientGrpc.sendCommandWithRetry(XceiverClientGrpc.java:284)
	at org.apache.hadoop.hdds.scm.XceiverClientGrpc.sendCommandWithTraceIDAndRetry(XceiverClientGrpc.java:250)
	at org.apache.hadoop.hdds.scm.XceiverClientGrpc.sendCommand(XceiverClientGrpc.java:233)
	at org.apache.hadoop.hdds.scm.storage.ContainerProtocolCalls.getBlock(ContainerProtocolCalls.java:118)
	at org.apache.hadoop.hdds.scm.storage.BlockInputStream.getChunkInfos(BlockInputStream.java:167)
	at org.apache.hadoop.hdds.scm.storage.BlockInputStream.initialize(BlockInputStream.java:118)
	at org.apache.hadoop.hdds.scm.storage.BlockInputStream.read(BlockInputStream.java:222)
	at org.apache.hadoop.ozone.client.io.KeyInputStream.read(KeyInputStream.java:171)
	at org.apache.hadoop.ozone.client.io.OzoneInputStream.read(OzoneInputStream.java:47)
	at java.io.InputStream.read(InputStream.java:101)
	at org.apache.hadoop.ozone.container.ContainerTestHelper.validateData(ContainerTestHelper.java:713)
	at org.apache.hadoop.ozone.client.rpc.TestBlockOutputStreamWithFailures.validateData(TestBlockOutputStreamWithFailures.java:1216)
	at org.apache.hadoop.ozone.client.rpc.TestBlockOutputStreamWithFailures.testDatanodeFailureWithSingleNodeRatis(TestBlockOutputStreamWithFailures.java:1058)
	at sun.reflect.NativeMethodAccessorImpl.invoke0(Native Method)
	at sun.reflect.NativeMethodAccessorImpl.invoke(NativeMethodAccessorImpl.java:62)
	at sun.reflect.DelegatingMethodAccessorImpl.invoke(DelegatingMethodAccessorImpl.java:43)
	at java.lang.reflect.Method.invoke(Method.java:498)
	at org.junit.runners.model.FrameworkMethod$1.runReflectiveCall(FrameworkMethod.java:47)
	at org.junit.internal.runners.model.ReflectiveCallable.run(ReflectiveCallable.java:12)
	at org.junit.runners.model.FrameworkMethod.invokeExplosively(FrameworkMethod.java:44)
	at org.junit.internal.runners.statements.InvokeMethod.evaluate(InvokeMethod.java:17)
	at org.junit.internal.runners.statements.RunBefores.evaluate(RunBefores.java:26)
	at org.junit.internal.runners.statements.RunAfters.evaluate(RunAfters.java:27)
	at org.junit.runners.ParentRunner.runLeaf(ParentRunner.java:271)
	at org.junit.runners.BlockJUnit4ClassRunner.runChild(BlockJUnit4ClassRunner.java:70)
	at org.junit.runners.BlockJUnit4ClassRunner.runChild(BlockJUnit4ClassRunner.java:50)
	at org.junit.runners.ParentRunner$3.run(ParentRunner.java:238)
	at org.junit.runners.ParentRunner$1.schedule(ParentRunner.java:63)
	at org.junit.runners.ParentRunner.runChildren(ParentRunner.java:236)
	at org.junit.runners.ParentRunner.access$000(ParentRunner.java:53)
	at org.junit.runners.ParentRunner$2.evaluate(ParentRunner.java:229)
	at org.junit.runners.ParentRunner.run(ParentRunner.java:309)
	at org.apache.maven.surefire.junit4.JUnit4Provider.execute(JUnit4Provider.java:365)
	at org.apache.maven.surefire.junit4.JUnit4Provider.executeWithRerun(JUnit4Provider.java:273)
	at org.apache.maven.surefire.junit4.JUnit4Provider.executeTestSet(JUnit4Provider.java:238)
	at org.apache.maven.surefire.junit4.JUnit4Provider.invoke(JUnit4Provider.java:159)
	at org.apache.maven.surefire.booter.ForkedBooter.invokeProviderInSameClassLoader(ForkedBooter.java:384)
	at org.apache.maven.surefire.booter.ForkedBooter.runSuitesInProcess(ForkedBooter.java:345)
	at org.apache.maven.surefire.booter.ForkedBooter.execute(ForkedBooter.java:126)
	at org.apache.maven.surefire.booter.ForkedBooter.main(ForkedBooter.java:418)

Aug 21, 2019 6:55:21 PM org.apache.ratis.thirdparty.io.grpc.internal.ManagedChannelOrphanWrapper$ManagedChannelReference cleanQueue
SEVERE: *~*~*~ Channel ManagedChannelImpl{logId=3034, target=192.168.36.125:40036} was not shutdown properly!!! ~*~*~*
    Make sure to call shutdown()/shutdownNow() and wait until awaitTermination() returns true.
java.lang.RuntimeException: ManagedChannel allocation site
	at org.apache.ratis.thirdparty.io.grpc.internal.ManagedChannelOrphanWrapper$ManagedChannelReference.<init>(ManagedChannelOrphanWrapper.java:103)
	at org.apache.ratis.thirdparty.io.grpc.internal.ManagedChannelOrphanWrapper.<init>(ManagedChannelOrphanWrapper.java:53)
	at org.apache.ratis.thirdparty.io.grpc.internal.ManagedChannelOrphanWrapper.<init>(ManagedChannelOrphanWrapper.java:44)
	at org.apache.ratis.thirdparty.io.grpc.internal.AbstractManagedChannelImplBuilder.build(AbstractManagedChannelImplBuilder.java:411)
	at org.apache.hadoop.hdds.scm.XceiverClientGrpc.connectToDatanode(XceiverClientGrpc.java:174)
	at org.apache.hadoop.hdds.scm.XceiverClientGrpc.reconnect(XceiverClientGrpc.java:422)
	at org.apache.hadoop.hdds.scm.XceiverClientGrpc.sendCommandAsync(XceiverClientGrpc.java:371)
	at org.apache.hadoop.hdds.scm.XceiverClientGrpc.sendCommandWithRetry(XceiverClientGrpc.java:284)
	at org.apache.hadoop.hdds.scm.XceiverClientGrpc.sendCommandWithTraceIDAndRetry(XceiverClientGrpc.java:250)
	at org.apache.hadoop.hdds.scm.XceiverClientGrpc.sendCommand(XceiverClientGrpc.java:233)
	at org.apache.hadoop.hdds.scm.storage.ContainerProtocolCalls.getBlock(ContainerProtocolCalls.java:118)
	at org.apache.hadoop.hdds.scm.storage.BlockInputStream.getChunkInfos(BlockInputStream.java:167)
	at org.apache.hadoop.hdds.scm.storage.BlockInputStream.initialize(BlockInputStream.java:118)
	at org.apache.hadoop.hdds.scm.storage.BlockInputStream.read(BlockInputStream.java:222)
	at org.apache.hadoop.ozone.client.io.KeyInputStream.read(KeyInputStream.java:171)
	at org.apache.hadoop.ozone.client.io.OzoneInputStream.read(OzoneInputStream.java:47)
	at java.io.InputStream.read(InputStream.java:101)
	at org.apache.hadoop.ozone.container.ContainerTestHelper.validateData(ContainerTestHelper.java:713)
	at org.apache.hadoop.ozone.client.rpc.TestBlockOutputStreamWithFailures.validateData(TestBlockOutputStreamWithFailures.java:1216)
	at org.apache.hadoop.ozone.client.rpc.TestBlockOutputStreamWithFailures.testWatchForCommitWithSingleNodeRatis(TestBlockOutputStreamWithFailures.java:918)
	at sun.reflect.NativeMethodAccessorImpl.invoke0(Native Method)
	at sun.reflect.NativeMethodAccessorImpl.invoke(NativeMethodAccessorImpl.java:62)
	at sun.reflect.DelegatingMethodAccessorImpl.invoke(DelegatingMethodAccessorImpl.java:43)
	at java.lang.reflect.Method.invoke(Method.java:498)
	at org.junit.runners.model.FrameworkMethod$1.runReflectiveCall(FrameworkMethod.java:47)
	at org.junit.internal.runners.model.ReflectiveCallable.run(ReflectiveCallable.java:12)
	at org.junit.runners.model.FrameworkMethod.invokeExplosively(FrameworkMethod.java:44)
	at org.junit.internal.runners.statements.InvokeMethod.evaluate(InvokeMethod.java:17)
	at org.junit.internal.runners.statements.RunBefores.evaluate(RunBefores.java:26)
	at org.junit.internal.runners.statements.RunAfters.evaluate(RunAfters.java:27)
	at org.junit.runners.ParentRunner.runLeaf(ParentRunner.java:271)
	at org.junit.runners.BlockJUnit4ClassRunner.runChild(BlockJUnit4ClassRunner.java:70)
	at org.junit.runners.BlockJUnit4ClassRunner.runChild(BlockJUnit4ClassRunner.java:50)
	at org.junit.runners.ParentRunner$3.run(ParentRunner.java:238)
	at org.junit.runners.ParentRunner$1.schedule(ParentRunner.java:63)
	at org.junit.runners.ParentRunner.runChildren(ParentRunner.java:236)
	at org.junit.runners.ParentRunner.access$000(ParentRunner.java:53)
	at org.junit.runners.ParentRunner$2.evaluate(ParentRunner.java:229)
	at org.junit.runners.ParentRunner.run(ParentRunner.java:309)
	at org.apache.maven.surefire.junit4.JUnit4Provider.execute(JUnit4Provider.java:365)
	at org.apache.maven.surefire.junit4.JUnit4Provider.executeWithRerun(JUnit4Provider.java:273)
	at org.apache.maven.surefire.junit4.JUnit4Provider.executeTestSet(JUnit4Provider.java:238)
	at org.apache.maven.surefire.junit4.JUnit4Provider.invoke(JUnit4Provider.java:159)
	at org.apache.maven.surefire.booter.ForkedBooter.invokeProviderInSameClassLoader(ForkedBooter.java:384)
	at org.apache.maven.surefire.booter.ForkedBooter.runSuitesInProcess(ForkedBooter.java:345)
	at org.apache.maven.surefire.booter.ForkedBooter.execute(ForkedBooter.java:126)
	at org.apache.maven.surefire.booter.ForkedBooter.main(ForkedBooter.java:418)

]]></system-err>
  </testcase>
  <testcase name="testFailureWithPrimeSizedData" classname="org.apache.hadoop.ozone.client.rpc.TestBlockOutputStreamWithFailures" time="54.311"/>
  <testcase name="testWatchForCommitWithCloseContainerException" classname="org.apache.hadoop.ozone.client.rpc.TestBlockOutputStreamWithFailures" time="74.272"/>
  <testcase name="testExceptionDuringClose" classname="org.apache.hadoop.ozone.client.rpc.TestBlockOutputStreamWithFailures" time="41.17"/>
</testsuite>