<?xml version="1.0" encoding="UTF-8"?>
<testsuite xmlns:xsi="http://www.w3.org/2001/XMLSchema-instance" xsi:noNamespaceSchemaLocation="https://maven.apache.org/surefire/maven-surefire-plugin/xsd/surefire-test-report.xsd" name="org.apache.hadoop.hdds.scm.pipeline.TestRatisPipelineCreateAndDestory" time="78.069" tests="2" errors="1" skipped="0" failures="0">
  <properties>
    <property name="awt.toolkit" value="sun.awt.X11.XToolkit"/>
    <property name="file.encoding.pkg" value="sun.io"/>
    <property name="java.specification.version" value="1.8"/>
    <property name="sun.cpu.isalist" value=""/>
    <property name="sun.jnu.encoding" value="UTF-8"/>
    <property name="java.class.path" value="/workdir/hadoop-ozone/integration-test/target/test-classes:/workdir/hadoop-ozone/integration-test/target/classes:/home/user/.m2/repository/org/apache/hadoop/hadoop-ozone-common/0.5.0-SNAPSHOT/hadoop-ozone-common-0.5.0-SNAPSHOT.jar:/home/user/.m2/repository/org/apache/commons/commons-compress/1.4.1/commons-compress-1.4.1.jar:/home/user/.m2/repository/org/tukaani/xz/1.0/xz-1.0.jar:/home/user/.m2/repository/org/apache/hadoop/hadoop-common/3.2.0/hadoop-common-3.2.0.jar:/home/user/.m2/repository/org/apache/hadoop/hadoop-hdfs/3.2.0/hadoop-hdfs-3.2.0.jar:/home/user/.m2/repository/org/apache/hadoop/hadoop-hdfs-client/3.2.0/hadoop-hdfs-client-3.2.0.jar:/home/user/.m2/repository/com/fasterxml/jackson/core/jackson-annotations/2.9.5/jackson-annotations-2.9.5.jar:/home/user/.m2/repository/org/apache/hadoop/hadoop-hdds-common/0.5.0-SNAPSHOT/hadoop-hdds-common-0.5.0-SNAPSHOT.jar:/home/user/.m2/repository/javax/annotation/javax.annotation-api/1.2/javax.annotation-api-1.2.jar:/home/user/.m2/repository/org/apache/ratis/ratis-server/0.4.0-2337318-SNAPSHOT/ratis-server-0.4.0-2337318-SNAPSHOT.jar:/home/user/.m2/repository/org/apache/ratis/ratis-thirdparty-misc/0.2.0/ratis-thirdparty-misc-0.2.0.jar:/home/user/.m2/repository/org/apache/ratis/ratis-proto/0.4.0-2337318-SNAPSHOT/ratis-proto-0.4.0-2337318-SNAPSHOT.jar:/home/user/.m2/repository/org/apache/ratis/ratis-common/0.4.0-2337318-SNAPSHOT/ratis-common-0.4.0-2337318-SNAPSHOT.jar:/home/user/.m2/repository/org/apache/ratis/ratis-client/0.4.0-2337318-SNAPSHOT/ratis-client-0.4.0-2337318-SNAPSHOT.jar:/home/user/.m2/repository/org/apache/ratis/ratis-metrics/0.4.0-2337318-SNAPSHOT/ratis-metrics-0.4.0-2337318-SNAPSHOT.jar:/home/user/.m2/repository/org/apache/ratis/ratis-netty/0.4.0-2337318-SNAPSHOT/ratis-netty-0.4.0-2337318-SNAPSHOT.jar:/home/user/.m2/repository/org/apache/ratis/ratis-grpc/0.4.0-2337318-SNAPSHOT/ratis-grpc-0.4.0-2337318-SNAPSHOT.jar:/home/user/.m2/repository/org/rocksdb/rocksdbjni/6.0.1/rocksdbjni-6.0.1.jar:/home/user/.m2/repository/org/apache/logging/log4j/log4j-api/2.11.0/log4j-api-2.11.0.jar:/home/user/.m2/repository/org/apache/logging/log4j/log4j-core/2.11.0/log4j-core-2.11.0.jar:/home/user/.m2/repository/com/lmax/disruptor/3.4.2/disruptor-3.4.2.jar:/home/user/.m2/repository/org/apache/commons/commons-pool2/2.6.0/commons-pool2-2.6.0.jar:/home/user/.m2/repository/org/bouncycastle/bcpkix-jdk15on/1.60/bcpkix-jdk15on-1.60.jar:/home/user/.m2/repository/commons-validator/commons-validator/1.6/commons-validator-1.6.jar:/home/user/.m2/repository/commons-digester/commons-digester/1.8.1/commons-digester-1.8.1.jar:/home/user/.m2/repository/io/jaegertracing/jaeger-client/0.33.1/jaeger-client-0.33.1.jar:/home/user/.m2/repository/io/jaegertracing/jaeger-thrift/0.33.1/jaeger-thrift-0.33.1.jar:/home/user/.m2/repository/org/apache/thrift/libthrift/0.11.0/libthrift-0.11.0.jar:/home/user/.m2/repository/com/squareup/okhttp3/okhttp/3.9.0/okhttp-3.9.0.jar:/home/user/.m2/repository/com/squareup/okio/okio/1.13.0/okio-1.13.0.jar:/home/user/.m2/repository/io/jaegertracing/jaeger-core/0.33.1/jaeger-core-0.33.1.jar:/home/user/.m2/repository/io/jaegertracing/jaeger-tracerresolver/0.33.1/jaeger-tracerresolver-0.33.1.jar:/home/user/.m2/repository/io/opentracing/contrib/opentracing-tracerresolver/0.1.5/opentracing-tracerresolver-0.1.5.jar:/home/user/.m2/repository/io/opentracing/opentracing-util/0.31.0/opentracing-util-0.31.0.jar:/home/user/.m2/repository/io/opentracing/opentracing-api/0.31.0/opentracing-api-0.31.0.jar:/home/user/.m2/repository/io/opentracing/opentracing-noop/0.31.0/opentracing-noop-0.31.0.jar:/home/user/.m2/repository/org/apache/hadoop/hadoop-hdds-server-framework/0.5.0-SNAPSHOT/hadoop-hdds-server-framework-0.5.0-SNAPSHOT.jar:/home/user/.m2/repository/org/apache/hadoop/hadoop-hdds-container-service/0.5.0-SNAPSHOT/hadoop-hdds-container-service-0.5.0-SNAPSHOT.jar:/home/user/.m2/repository/org/apache/hadoop/hadoop-hdds-client/0.5.0-SNAPSHOT/hadoop-hdds-client-0.5.0-SNAPSHOT.jar:/home/user/.m2/repository/org/apache/hadoop/hadoop-hdds-tools/0.5.0-SNAPSHOT/hadoop-hdds-tools-0.5.0-SNAPSHOT.jar:/home/user/.m2/repository/org/apache/hadoop/hadoop-hdds-server-scm/0.5.0-SNAPSHOT/hadoop-hdds-server-scm-0.5.0-SNAPSHOT.jar:/home/user/.m2/repository/org/apache/hadoop/hadoop-hdds-docs/0.5.0-SNAPSHOT/hadoop-hdds-docs-0.5.0-SNAPSHOT.jar:/home/user/.m2/repository/io/dropwizard/metrics/metrics-core/3.2.4/metrics-core-3.2.4.jar:/home/user/.m2/repository/org/hamcrest/hamcrest-all/1.3/hamcrest-all-1.3.jar:/home/user/.m2/repository/org/bouncycastle/bcprov-jdk15on/1.60/bcprov-jdk15on-1.60.jar:/home/user/.m2/repository/info/picocli/picocli/3.9.6/picocli-3.9.6.jar:/home/user/.m2/repository/com/google/protobuf/protobuf-java/2.5.0/protobuf-java-2.5.0.jar:/home/user/.m2/repository/com/google/guava/guava/11.0.2/guava-11.0.2.jar:/home/user/.m2/repository/org/apache/hadoop/hadoop-ozone-ozone-manager/0.5.0-SNAPSHOT/hadoop-ozone-ozone-manager-0.5.0-SNAPSHOT.jar:/home/user/.m2/repository/org/apache/hadoop/hadoop-minikdc/3.2.0/hadoop-minikdc-3.2.0.jar:/home/user/.m2/repository/commons-io/commons-io/2.5/commons-io-2.5.jar:/home/user/.m2/repository/org/apache/kerby/kerb-simplekdc/1.0.1/kerb-simplekdc-1.0.1.jar:/home/user/.m2/repository/org/apache/kerby/kerb-client/1.0.1/kerb-client-1.0.1.jar:/home/user/.m2/repository/org/apache/kerby/kerby-config/1.0.1/kerby-config-1.0.1.jar:/home/user/.m2/repository/org/apache/kerby/kerb-core/1.0.1/kerb-core-1.0.1.jar:/home/user/.m2/repository/org/apache/kerby/kerby-pkix/1.0.1/kerby-pkix-1.0.1.jar:/home/user/.m2/repository/org/apache/kerby/kerby-asn1/1.0.1/kerby-asn1-1.0.1.jar:/home/user/.m2/repository/org/apache/kerby/kerby-util/1.0.1/kerby-util-1.0.1.jar:/home/user/.m2/repository/org/apache/kerby/kerb-common/1.0.1/kerb-common-1.0.1.jar:/home/user/.m2/repository/org/apache/kerby/kerb-crypto/1.0.1/kerb-crypto-1.0.1.jar:/home/user/.m2/repository/org/apache/kerby/kerb-util/1.0.1/kerb-util-1.0.1.jar:/home/user/.m2/repository/org/apache/kerby/token-provider/1.0.1/token-provider-1.0.1.jar:/home/user/.m2/repository/org/apache/kerby/kerb-admin/1.0.1/kerb-admin-1.0.1.jar:/home/user/.m2/repository/org/apache/kerby/kerb-server/1.0.1/kerb-server-1.0.1.jar:/home/user/.m2/repository/org/apache/kerby/kerb-identity/1.0.1/kerb-identity-1.0.1.jar:/home/user/.m2/repository/org/apache/kerby/kerby-xdr/1.0.1/kerby-xdr-1.0.1.jar:/home/user/.m2/repository/org/slf4j/slf4j-log4j12/1.7.25/slf4j-log4j12-1.7.25.jar:/home/user/.m2/repository/org/apache/hadoop/hadoop-ozone-objectstore-service/0.5.0-SNAPSHOT/hadoop-ozone-objectstore-service-0.5.0-SNAPSHOT.jar:/home/user/.m2/repository/org/apache/hadoop/hadoop-ozone-s3gateway/0.5.0-SNAPSHOT/hadoop-ozone-s3gateway-0.5.0-SNAPSHOT.jar:/home/user/.m2/repository/org/jboss/weld/servlet/weld-servlet/2.4.7.Final/weld-servlet-2.4.7.Final.jar:/home/user/.m2/repository/org/glassfish/jersey/containers/jersey-container-servlet-core/2.27/jersey-container-servlet-core-2.27.jar:/home/user/.m2/repository/org/glassfish/hk2/external/javax.inject/2.5.0-b42/javax.inject-2.5.0-b42.jar:/home/user/.m2/repository/org/glassfish/jersey/core/jersey-common/2.27/jersey-common-2.27.jar:/home/user/.m2/repository/org/glassfish/hk2/osgi-resource-locator/1.0.1/osgi-resource-locator-1.0.1.jar:/home/user/.m2/repository/javax/ws/rs/javax.ws.rs-api/2.1/javax.ws.rs-api-2.1.jar:/home/user/.m2/repository/org/glassfish/jersey/ext/cdi/jersey-cdi1x/2.27/jersey-cdi1x-2.27.jar:/home/user/.m2/repository/org/glassfish/jersey/inject/jersey-hk2/2.27/jersey-hk2-2.27.jar:/home/user/.m2/repository/org/glassfish/hk2/hk2-locator/2.5.0-b42/hk2-locator-2.5.0-b42.jar:/home/user/.m2/repository/org/javassist/javassist/3.22.0-CR2/javassist-3.22.0-CR2.jar:/home/user/.m2/repository/org/glassfish/hk2/hk2-api/2.5.0/hk2-api-2.5.0.jar:/home/user/.m2/repository/org/glassfish/hk2/external/jakarta.inject/2.5.0/jakarta.inject-2.5.0.jar:/home/user/.m2/repository/org/glassfish/hk2/hk2-utils/2.5.0/hk2-utils-2.5.0.jar:/home/user/.m2/repository/jakarta/annotation/jakarta.annotation-api/1.3.4/jakarta.annotation-api-1.3.4.jar:/home/user/.m2/repository/org/glassfish/hk2/external/aopalliance-repackaged/2.5.0/aopalliance-repackaged-2.5.0.jar:/home/user/.m2/repository/com/fasterxml/jackson/dataformat/jackson-dataformat-xml/2.9.0/jackson-dataformat-xml-2.9.0.jar:/home/user/.m2/repository/com/fasterxml/jackson/core/jackson-core/2.9.5/jackson-core-2.9.5.jar:/home/user/.m2/repository/com/fasterxml/jackson/module/jackson-module-jaxb-annotations/2.9.5/jackson-module-jaxb-annotations-2.9.5.jar:/home/user/.m2/repository/javax/enterprise/cdi-api/1.2/cdi-api-1.2.jar:/home/user/.m2/repository/javax/el/javax.el-api/3.0.0/javax.el-api-3.0.0.jar:/home/user/.m2/repository/javax/interceptor/javax.interceptor-api/1.2/javax.interceptor-api-1.2.jar:/home/user/.m2/repository/javax/inject/javax.inject/1/javax.inject-1.jar:/home/user/.m2/repository/com/sun/xml/bind/jaxb-impl/2.3.0.1/jaxb-impl-2.3.0.1.jar:/home/user/.m2/repository/com/sun/xml/bind/jaxb-core/2.3.0.1/jaxb-core-2.3.0.1.jar:/home/user/.m2/repository/javax/xml/bind/jaxb-api/2.3.0/jaxb-api-2.3.0.jar:/home/user/.m2/repository/javax/activation/activation/1.1.1/activation-1.1.1.jar:/home/user/.m2/repository/org/apache/hadoop/hadoop-ozone-csi/0.5.0-SNAPSHOT/hadoop-ozone-csi-0.5.0-SNAPSHOT.jar:/home/user/.m2/repository/com/google/protobuf/protobuf-java-util/3.5.1/protobuf-java-util-3.5.1.jar:/home/user/.m2/repository/org/apache/hadoop/hadoop-hdds-config/0.5.0-SNAPSHOT/hadoop-hdds-config-0.5.0-SNAPSHOT.jar:/home/user/.m2/repository/io/grpc/grpc-netty/1.17.1/grpc-netty-1.17.1.jar:/home/user/.m2/repository/io/grpc/grpc-core/1.17.1/grpc-core-1.17.1.jar:/home/user/.m2/repository/io/grpc/grpc-context/1.17.1/grpc-context-1.17.1.jar:/home/user/.m2/repository/com/google/errorprone/error_prone_annotations/2.2.0/error_prone_annotations-2.2.0.jar:/home/user/.m2/repository/org/codehaus/mojo/animal-sniffer-annotations/1.17/animal-sniffer-annotations-1.17.jar:/home/user/.m2/repository/io/opencensus/opencensus-api/0.17.0/opencensus-api-0.17.0.jar:/home/user/.m2/repository/io/opencensus/opencensus-contrib-grpc-metrics/0.17.0/opencensus-contrib-grpc-metrics-0.17.0.jar:/home/user/.m2/repository/io/netty/netty-codec-http2/4.1.30.Final/netty-codec-http2-4.1.30.Final.jar:/home/user/.m2/repository/io/netty/netty-codec-http/4.1.30.Final/netty-codec-http-4.1.30.Final.jar:/home/user/.m2/repository/io/netty/netty-codec/4.1.30.Final/netty-codec-4.1.30.Final.jar:/home/user/.m2/repository/io/netty/netty-handler/4.1.30.Final/netty-handler-4.1.30.Final.jar:/home/user/.m2/repository/io/netty/netty-handler-proxy/4.1.30.Final/netty-handler-proxy-4.1.30.Final.jar:/home/user/.m2/repository/io/netty/netty-codec-socks/4.1.30.Final/netty-codec-socks-4.1.30.Final.jar:/home/user/.m2/repository/io/netty/netty-transport-native-epoll/4.1.30.Final/netty-transport-native-epoll-4.1.30.Final.jar:/home/user/.m2/repository/io/netty/netty-common/4.1.30.Final/netty-common-4.1.30.Final.jar:/home/user/.m2/repository/io/netty/netty-buffer/4.1.30.Final/netty-buffer-4.1.30.Final.jar:/home/user/.m2/repository/io/netty/netty-transport/4.1.30.Final/netty-transport-4.1.30.Final.jar:/home/user/.m2/repository/io/netty/netty-resolver/4.1.30.Final/netty-resolver-4.1.30.Final.jar:/home/user/.m2/repository/io/netty/netty-transport-native-unix-common/4.1.30.Final/netty-transport-native-unix-common-4.1.30.Final.jar:/home/user/.m2/repository/io/grpc/grpc-protobuf/1.17.1/grpc-protobuf-1.17.1.jar:/home/user/.m2/repository/com/google/api/grpc/proto-google-common-protos/1.0.0/proto-google-common-protos-1.0.0.jar:/home/user/.m2/repository/io/grpc/grpc-protobuf-lite/1.17.1/grpc-protobuf-lite-1.17.1.jar:/home/user/.m2/repository/io/grpc/grpc-stub/1.17.1/grpc-stub-1.17.1.jar:/home/user/.m2/repository/org/apache/hadoop/hadoop-ozone-recon/0.5.0-SNAPSHOT/hadoop-ozone-recon-0.5.0-SNAPSHOT.jar:/home/user/.m2/repository/org/apache/hadoop/hadoop-ozone-reconcodegen/0.5.0-SNAPSHOT/hadoop-ozone-reconcodegen-0.5.0-SNAPSHOT.jar:/home/user/.m2/repository/com/google/inject/extensions/guice-multibindings/4.0/guice-multibindings-4.0.jar:/home/user/.m2/repository/com/google/inject/guice/4.0/guice-4.0.jar:/home/user/.m2/repository/aopalliance/aopalliance/1.0/aopalliance-1.0.jar:/home/user/.m2/repository/com/google/inject/extensions/guice-servlet/4.0/guice-servlet-4.0.jar:/home/user/.m2/repository/org/glassfish/jersey/containers/jersey-container-servlet/2.27/jersey-container-servlet-2.27.jar:/home/user/.m2/repository/org/glassfish/hk2/guice-bridge/2.5.0/guice-bridge-2.5.0.jar:/home/user/.m2/repository/org/glassfish/jersey/core/jersey-server/2.27/jersey-server-2.27.jar:/home/user/.m2/repository/org/glassfish/jersey/core/jersey-client/2.27/jersey-client-2.27.jar:/home/user/.m2/repository/org/glassfish/jersey/media/jersey-media-jaxb/2.27/jersey-media-jaxb-2.27.jar:/home/user/.m2/repository/javax/validation/validation-api/1.1.0.Final/validation-api-1.1.0.Final.jar:/home/user/.m2/repository/org/glassfish/jersey/media/jersey-media-json-jackson/2.27/jersey-media-json-jackson-2.27.jar:/home/user/.m2/repository/org/glassfish/jersey/ext/jersey-entity-filtering/2.27/jersey-entity-filtering-2.27.jar:/home/user/.m2/repository/com/google/inject/extensions/guice-assistedinject/4.0/guice-assistedinject-4.0.jar:/home/user/.m2/repository/org/jooq/jooq/3.11.10/jooq-3.11.10.jar:/home/user/.m2/repository/org/jooq/jooq-meta/3.11.10/jooq-meta-3.11.10.jar:/home/user/.m2/repository/org/jooq/jooq-codegen/3.11.10/jooq-codegen-3.11.10.jar:/home/user/.m2/repository/com/jolbox/bonecp/0.8.0.RELEASE/bonecp-0.8.0.RELEASE.jar:/home/user/.m2/repository/org/xerial/sqlite-jdbc/3.25.2/sqlite-jdbc-3.25.2.jar:/home/user/.m2/repository/org/springframework/spring-jdbc/5.1.3.RELEASE/spring-jdbc-5.1.3.RELEASE.jar:/home/user/.m2/repository/org/springframework/spring-beans/5.1.3.RELEASE/spring-beans-5.1.3.RELEASE.jar:/home/user/.m2/repository/org/springframework/spring-core/5.1.3.RELEASE/spring-core-5.1.3.RELEASE.jar:/home/user/.m2/repository/org/springframework/spring-jcl/5.1.3.RELEASE/spring-jcl-5.1.3.RELEASE.jar:/home/user/.m2/repository/org/springframework/spring-tx/5.1.3.RELEASE/spring-tx-5.1.3.RELEASE.jar:/home/user/.m2/repository/org/apache/hadoop/hadoop-ozone-client/0.5.0-SNAPSHOT/hadoop-ozone-client-0.5.0-SNAPSHOT.jar:/home/user/.m2/repository/commons-lang/commons-lang/2.6/commons-lang-2.6.jar:/home/user/.m2/repository/org/apache/hadoop/hadoop-ozone-ozone-manager/0.5.0-SNAPSHOT/hadoop-ozone-ozone-manager-0.5.0-SNAPSHOT-tests.jar:/home/user/.m2/repository/junit/junit/4.11/junit-4.11.jar:/home/user/.m2/repository/org/hamcrest/hamcrest-core/1.3/hamcrest-core-1.3.jar:/home/user/.m2/repository/org/openjdk/jmh/jmh-core/1.19/jmh-core-1.19.jar:/home/user/.m2/repository/net/sf/jopt-simple/jopt-simple/4.6/jopt-simple-4.6.jar:/home/user/.m2/repository/org/apache/commons/commons-math3/3.1.1/commons-math3-3.1.1.jar:/home/user/.m2/repository/org/openjdk/jmh/jmh-generator-annprocess/1.19/jmh-generator-annprocess-1.19.jar:/home/user/.m2/repository/org/mockito/mockito-all/1.8.5/mockito-all-1.8.5.jar:/home/user/.m2/repository/org/apache/hadoop/hadoop-kms/3.2.0/hadoop-kms-3.2.0.jar:/home/user/.m2/repository/org/apache/hadoop/hadoop-auth/3.2.0/hadoop-auth-3.2.0.jar:/home/user/.m2/repository/com/nimbusds/nimbus-jose-jwt/4.41.1/nimbus-jose-jwt-4.41.1.jar:/home/user/.m2/repository/com/github/stephenc/jcip/jcip-annotations/1.0-1/jcip-annotations-1.0-1.jar:/home/user/.m2/repository/net/minidev/json-smart/2.3/json-smart-2.3.jar:/home/user/.m2/repository/net/minidev/accessors-smart/1.2/accessors-smart-1.2.jar:/home/user/.m2/repository/org/ow2/asm/asm/5.0.4/asm-5.0.4.jar:/home/user/.m2/repository/org/apache/curator/curator-framework/2.12.0/curator-framework-2.12.0.jar:/home/user/.m2/repository/com/sun/jersey/jersey-core/1.19/jersey-core-1.19.jar:/home/user/.m2/repository/javax/ws/rs/jsr311-api/1.1.1/jsr311-api-1.1.1.jar:/home/user/.m2/repository/com/sun/jersey/jersey-server/1.19/jersey-server-1.19.jar:/home/user/.m2/repository/javax/servlet/javax.servlet-api/3.1.0/javax.servlet-api-3.1.0.jar:/home/user/.m2/repository/org/eclipse/jetty/jetty-server/9.3.24.v20180605/jetty-server-9.3.24.v20180605.jar:/home/user/.m2/repository/org/eclipse/jetty/jetty-http/9.3.24.v20180605/jetty-http-9.3.24.v20180605.jar:/home/user/.m2/repository/org/eclipse/jetty/jetty-io/9.3.24.v20180605/jetty-io-9.3.24.v20180605.jar:/home/user/.m2/repository/org/eclipse/jetty/jetty-webapp/9.3.24.v20180605/jetty-webapp-9.3.24.v20180605.jar:/home/user/.m2/repository/org/eclipse/jetty/jetty-xml/9.3.24.v20180605/jetty-xml-9.3.24.v20180605.jar:/home/user/.m2/repository/log4j/log4j/1.2.17/log4j-1.2.17.jar:/home/user/.m2/repository/org/slf4j/slf4j-api/1.7.25/slf4j-api-1.7.25.jar:/home/user/.m2/repository/org/slf4j/jul-to-slf4j/1.7.25/jul-to-slf4j-1.7.25.jar:/home/user/.m2/repository/org/eclipse/jetty/jetty-util/9.3.24.v20180605/jetty-util-9.3.24.v20180605.jar:/home/user/.m2/repository/com/fasterxml/jackson/core/jackson-databind/2.9.5/jackson-databind-2.9.5.jar:/home/user/.m2/repository/org/apache/hadoop/hadoop-kms/3.2.0/hadoop-kms-3.2.0-tests.jar:/home/user/.m2/repository/org/apache/hadoop/hadoop-hdds-server-scm/0.5.0-SNAPSHOT/hadoop-hdds-server-scm-0.5.0-SNAPSHOT-tests.jar:/home/user/.m2/repository/org/apache/hadoop/hadoop-hdds-container-service/0.5.0-SNAPSHOT/hadoop-hdds-container-service-0.5.0-SNAPSHOT-tests.jar:/home/user/.m2/repository/org/yaml/snakeyaml/1.16/snakeyaml-1.16.jar:/home/user/.m2/repository/org/apache/hadoop/hadoop-common/3.2.0/hadoop-common-3.2.0-tests.jar:/home/user/.m2/repository/org/apache/hadoop/hadoop-annotations/3.2.0/hadoop-annotations-3.2.0.jar:/usr/lib/jvm/java-1.8-openjdk/jre/../lib/tools.jar:/home/user/.m2/repository/commons-cli/commons-cli/1.2/commons-cli-1.2.jar:/home/user/.m2/repository/org/apache/httpcomponents/httpclient/4.5.2/httpclient-4.5.2.jar:/home/user/.m2/repository/org/apache/httpcomponents/httpcore/4.4.4/httpcore-4.4.4.jar:/home/user/.m2/repository/commons-codec/commons-codec/1.11/commons-codec-1.11.jar:/home/user/.m2/repository/commons-net/commons-net/3.6/commons-net-3.6.jar:/home/user/.m2/repository/commons-collections/commons-collections/3.2.2/commons-collections-3.2.2.jar:/home/user/.m2/repository/org/eclipse/jetty/jetty-servlet/9.3.24.v20180605/jetty-servlet-9.3.24.v20180605.jar:/home/user/.m2/repository/org/eclipse/jetty/jetty-security/9.3.24.v20180605/jetty-security-9.3.24.v20180605.jar:/home/user/.m2/repository/javax/servlet/jsp/jsp-api/2.1/jsp-api-2.1.jar:/home/user/.m2/repository/com/sun/jersey/jersey-servlet/1.19/jersey-servlet-1.19.jar:/home/user/.m2/repository/com/sun/jersey/jersey-json/1.19/jersey-json-1.19.jar:/home/user/.m2/repository/org/codehaus/jettison/jettison/1.1/jettison-1.1.jar:/home/user/.m2/repository/org/codehaus/jackson/jackson-core-asl/1.9.13/jackson-core-asl-1.9.13.jar:/home/user/.m2/repository/org/codehaus/jackson/jackson-mapper-asl/1.9.13/jackson-mapper-asl-1.9.13.jar:/home/user/.m2/repository/org/codehaus/jackson/jackson-jaxrs/1.9.13/jackson-jaxrs-1.9.13.jar:/home/user/.m2/repository/org/codehaus/jackson/jackson-xc/1.9.13/jackson-xc-1.9.13.jar:/home/user/.m2/repository/commons-logging/commons-logging/1.1.3/commons-logging-1.1.3.jar:/home/user/.m2/repository/commons-beanutils/commons-beanutils/1.9.3/commons-beanutils-1.9.3.jar:/home/user/.m2/repository/org/apache/commons/commons-configuration2/2.1.1/commons-configuration2-2.1.1.jar:/home/user/.m2/repository/org/apache/commons/commons-lang3/3.7/commons-lang3-3.7.jar:/home/user/.m2/repository/org/apache/commons/commons-text/1.4/commons-text-1.4.jar:/home/user/.m2/repository/org/apache/avro/avro/1.7.7/avro-1.7.7.jar:/home/user/.m2/repository/com/thoughtworks/paranamer/paranamer/2.3/paranamer-2.3.jar:/home/user/.m2/repository/org/xerial/snappy/snappy-java/1.0.5/snappy-java-1.0.5.jar:/home/user/.m2/repository/com/google/re2j/re2j/1.1/re2j-1.1.jar:/home/user/.m2/repository/com/google/code/gson/gson/2.2.4/gson-2.2.4.jar:/home/user/.m2/repository/com/jcraft/jsch/0.1.54/jsch-0.1.54.jar:/home/user/.m2/repository/org/apache/curator/curator-client/2.12.0/curator-client-2.12.0.jar:/home/user/.m2/repository/org/apache/curator/curator-recipes/2.12.0/curator-recipes-2.12.0.jar:/home/user/.m2/repository/com/google/code/findbugs/jsr305/3.0.0/jsr305-3.0.0.jar:/home/user/.m2/repository/org/apache/htrace/htrace-core4/4.1.0-incubating/htrace-core4-4.1.0-incubating.jar:/home/user/.m2/repository/org/apache/zookeeper/zookeeper/3.4.13/zookeeper-3.4.13.jar:/home/user/.m2/repository/org/apache/yetus/audience-annotations/0.5.0/audience-annotations-0.5.0.jar:/home/user/.m2/repository/org/codehaus/woodstox/stax2-api/3.1.4/stax2-api-3.1.4.jar:/home/user/.m2/repository/com/fasterxml/woodstox/woodstox-core/5.0.3/woodstox-core-5.0.3.jar:/home/user/.m2/repository/dnsjava/dnsjava/2.1.7/dnsjava-2.1.7.jar:/home/user/.m2/repository/org/apache/hadoop/hadoop-hdfs/3.2.0/hadoop-hdfs-3.2.0-tests.jar:/home/user/.m2/repository/org/eclipse/jetty/jetty-util-ajax/9.3.24.v20180605/jetty-util-ajax-9.3.24.v20180605.jar:/home/user/.m2/repository/commons-daemon/commons-daemon/1.0.13/commons-daemon-1.0.13.jar:/home/user/.m2/repository/io/netty/netty/3.10.5.Final/netty-3.10.5.Final.jar:/home/user/.m2/repository/io/netty/netty-all/4.0.52.Final/netty-all-4.0.52.Final.jar:/home/user/.m2/repository/org/fusesource/leveldbjni/leveldbjni-all/1.8/leveldbjni-all-1.8.jar:"/>
    <property name="java.vm.vendor" value="IcedTea"/>
    <property name="sun.arch.data.model" value="64"/>
    <property name="test.build.dir" value="/workdir/hadoop-ozone/integration-test/target/test-dir"/>
    <property name="test.cache.data" value=""/>
    <property name="java.vendor.url" value="https://icedtea.classpath.org"/>
    <property name="user.timezone" value=""/>
    <property name="java.vm.specification.version" value="1.8"/>
    <property name="os.name" value="Linux"/>
    <property name="test.build.data" value="/workdir/hadoop-ozone/integration-test/target/test-dir"/>
    <property name="user.country" value="US"/>
    <property name="sun.java.launcher" value="SUN_STANDARD"/>
    <property name="sun.boot.library.path" value="/usr/lib/jvm/java-1.8-openjdk/jre/lib/amd64"/>
    <property name="sun.java.command" value="/workdir/hadoop-ozone/integration-test/target/surefire/surefirebooter5958429143958064528.jar /workdir/hadoop-ozone/integration-test/target/surefire 2019-08-21T18-29-59_597-jvmRun1 surefire6063732780107966772tmp surefire_44672621360589530969tmp"/>
    <property name="test" value="!TestMiniChaosOzoneCluster"/>
    <property name="surefire.test.class.path" value="/workdir/hadoop-ozone/integration-test/target/test-classes:/workdir/hadoop-ozone/integration-test/target/classes:/home/user/.m2/repository/org/apache/hadoop/hadoop-ozone-common/0.5.0-SNAPSHOT/hadoop-ozone-common-0.5.0-SNAPSHOT.jar:/home/user/.m2/repository/org/apache/commons/commons-compress/1.4.1/commons-compress-1.4.1.jar:/home/user/.m2/repository/org/tukaani/xz/1.0/xz-1.0.jar:/home/user/.m2/repository/org/apache/hadoop/hadoop-common/3.2.0/hadoop-common-3.2.0.jar:/home/user/.m2/repository/org/apache/hadoop/hadoop-hdfs/3.2.0/hadoop-hdfs-3.2.0.jar:/home/user/.m2/repository/org/apache/hadoop/hadoop-hdfs-client/3.2.0/hadoop-hdfs-client-3.2.0.jar:/home/user/.m2/repository/com/fasterxml/jackson/core/jackson-annotations/2.9.5/jackson-annotations-2.9.5.jar:/home/user/.m2/repository/org/apache/hadoop/hadoop-hdds-common/0.5.0-SNAPSHOT/hadoop-hdds-common-0.5.0-SNAPSHOT.jar:/home/user/.m2/repository/javax/annotation/javax.annotation-api/1.2/javax.annotation-api-1.2.jar:/home/user/.m2/repository/org/apache/ratis/ratis-server/0.4.0-2337318-SNAPSHOT/ratis-server-0.4.0-2337318-SNAPSHOT.jar:/home/user/.m2/repository/org/apache/ratis/ratis-thirdparty-misc/0.2.0/ratis-thirdparty-misc-0.2.0.jar:/home/user/.m2/repository/org/apache/ratis/ratis-proto/0.4.0-2337318-SNAPSHOT/ratis-proto-0.4.0-2337318-SNAPSHOT.jar:/home/user/.m2/repository/org/apache/ratis/ratis-common/0.4.0-2337318-SNAPSHOT/ratis-common-0.4.0-2337318-SNAPSHOT.jar:/home/user/.m2/repository/org/apache/ratis/ratis-client/0.4.0-2337318-SNAPSHOT/ratis-client-0.4.0-2337318-SNAPSHOT.jar:/home/user/.m2/repository/org/apache/ratis/ratis-metrics/0.4.0-2337318-SNAPSHOT/ratis-metrics-0.4.0-2337318-SNAPSHOT.jar:/home/user/.m2/repository/org/apache/ratis/ratis-netty/0.4.0-2337318-SNAPSHOT/ratis-netty-0.4.0-2337318-SNAPSHOT.jar:/home/user/.m2/repository/org/apache/ratis/ratis-grpc/0.4.0-2337318-SNAPSHOT/ratis-grpc-0.4.0-2337318-SNAPSHOT.jar:/home/user/.m2/repository/org/rocksdb/rocksdbjni/6.0.1/rocksdbjni-6.0.1.jar:/home/user/.m2/repository/org/apache/logging/log4j/log4j-api/2.11.0/log4j-api-2.11.0.jar:/home/user/.m2/repository/org/apache/logging/log4j/log4j-core/2.11.0/log4j-core-2.11.0.jar:/home/user/.m2/repository/com/lmax/disruptor/3.4.2/disruptor-3.4.2.jar:/home/user/.m2/repository/org/apache/commons/commons-pool2/2.6.0/commons-pool2-2.6.0.jar:/home/user/.m2/repository/org/bouncycastle/bcpkix-jdk15on/1.60/bcpkix-jdk15on-1.60.jar:/home/user/.m2/repository/commons-validator/commons-validator/1.6/commons-validator-1.6.jar:/home/user/.m2/repository/commons-digester/commons-digester/1.8.1/commons-digester-1.8.1.jar:/home/user/.m2/repository/io/jaegertracing/jaeger-client/0.33.1/jaeger-client-0.33.1.jar:/home/user/.m2/repository/io/jaegertracing/jaeger-thrift/0.33.1/jaeger-thrift-0.33.1.jar:/home/user/.m2/repository/org/apache/thrift/libthrift/0.11.0/libthrift-0.11.0.jar:/home/user/.m2/repository/com/squareup/okhttp3/okhttp/3.9.0/okhttp-3.9.0.jar:/home/user/.m2/repository/com/squareup/okio/okio/1.13.0/okio-1.13.0.jar:/home/user/.m2/repository/io/jaegertracing/jaeger-core/0.33.1/jaeger-core-0.33.1.jar:/home/user/.m2/repository/io/jaegertracing/jaeger-tracerresolver/0.33.1/jaeger-tracerresolver-0.33.1.jar:/home/user/.m2/repository/io/opentracing/contrib/opentracing-tracerresolver/0.1.5/opentracing-tracerresolver-0.1.5.jar:/home/user/.m2/repository/io/opentracing/opentracing-util/0.31.0/opentracing-util-0.31.0.jar:/home/user/.m2/repository/io/opentracing/opentracing-api/0.31.0/opentracing-api-0.31.0.jar:/home/user/.m2/repository/io/opentracing/opentracing-noop/0.31.0/opentracing-noop-0.31.0.jar:/home/user/.m2/repository/org/apache/hadoop/hadoop-hdds-server-framework/0.5.0-SNAPSHOT/hadoop-hdds-server-framework-0.5.0-SNAPSHOT.jar:/home/user/.m2/repository/org/apache/hadoop/hadoop-hdds-container-service/0.5.0-SNAPSHOT/hadoop-hdds-container-service-0.5.0-SNAPSHOT.jar:/home/user/.m2/repository/org/apache/hadoop/hadoop-hdds-client/0.5.0-SNAPSHOT/hadoop-hdds-client-0.5.0-SNAPSHOT.jar:/home/user/.m2/repository/org/apache/hadoop/hadoop-hdds-tools/0.5.0-SNAPSHOT/hadoop-hdds-tools-0.5.0-SNAPSHOT.jar:/home/user/.m2/repository/org/apache/hadoop/hadoop-hdds-server-scm/0.5.0-SNAPSHOT/hadoop-hdds-server-scm-0.5.0-SNAPSHOT.jar:/home/user/.m2/repository/org/apache/hadoop/hadoop-hdds-docs/0.5.0-SNAPSHOT/hadoop-hdds-docs-0.5.0-SNAPSHOT.jar:/home/user/.m2/repository/io/dropwizard/metrics/metrics-core/3.2.4/metrics-core-3.2.4.jar:/home/user/.m2/repository/org/hamcrest/hamcrest-all/1.3/hamcrest-all-1.3.jar:/home/user/.m2/repository/org/bouncycastle/bcprov-jdk15on/1.60/bcprov-jdk15on-1.60.jar:/home/user/.m2/repository/info/picocli/picocli/3.9.6/picocli-3.9.6.jar:/home/user/.m2/repository/com/google/protobuf/protobuf-java/2.5.0/protobuf-java-2.5.0.jar:/home/user/.m2/repository/com/google/guava/guava/11.0.2/guava-11.0.2.jar:/home/user/.m2/repository/org/apache/hadoop/hadoop-ozone-ozone-manager/0.5.0-SNAPSHOT/hadoop-ozone-ozone-manager-0.5.0-SNAPSHOT.jar:/home/user/.m2/repository/org/apache/hadoop/hadoop-minikdc/3.2.0/hadoop-minikdc-3.2.0.jar:/home/user/.m2/repository/commons-io/commons-io/2.5/commons-io-2.5.jar:/home/user/.m2/repository/org/apache/kerby/kerb-simplekdc/1.0.1/kerb-simplekdc-1.0.1.jar:/home/user/.m2/repository/org/apache/kerby/kerb-client/1.0.1/kerb-client-1.0.1.jar:/home/user/.m2/repository/org/apache/kerby/kerby-config/1.0.1/kerby-config-1.0.1.jar:/home/user/.m2/repository/org/apache/kerby/kerb-core/1.0.1/kerb-core-1.0.1.jar:/home/user/.m2/repository/org/apache/kerby/kerby-pkix/1.0.1/kerby-pkix-1.0.1.jar:/home/user/.m2/repository/org/apache/kerby/kerby-asn1/1.0.1/kerby-asn1-1.0.1.jar:/home/user/.m2/repository/org/apache/kerby/kerby-util/1.0.1/kerby-util-1.0.1.jar:/home/user/.m2/repository/org/apache/kerby/kerb-common/1.0.1/kerb-common-1.0.1.jar:/home/user/.m2/repository/org/apache/kerby/kerb-crypto/1.0.1/kerb-crypto-1.0.1.jar:/home/user/.m2/repository/org/apache/kerby/kerb-util/1.0.1/kerb-util-1.0.1.jar:/home/user/.m2/repository/org/apache/kerby/token-provider/1.0.1/token-provider-1.0.1.jar:/home/user/.m2/repository/org/apache/kerby/kerb-admin/1.0.1/kerb-admin-1.0.1.jar:/home/user/.m2/repository/org/apache/kerby/kerb-server/1.0.1/kerb-server-1.0.1.jar:/home/user/.m2/repository/org/apache/kerby/kerb-identity/1.0.1/kerb-identity-1.0.1.jar:/home/user/.m2/repository/org/apache/kerby/kerby-xdr/1.0.1/kerby-xdr-1.0.1.jar:/home/user/.m2/repository/org/slf4j/slf4j-log4j12/1.7.25/slf4j-log4j12-1.7.25.jar:/home/user/.m2/repository/org/apache/hadoop/hadoop-ozone-objectstore-service/0.5.0-SNAPSHOT/hadoop-ozone-objectstore-service-0.5.0-SNAPSHOT.jar:/home/user/.m2/repository/org/apache/hadoop/hadoop-ozone-s3gateway/0.5.0-SNAPSHOT/hadoop-ozone-s3gateway-0.5.0-SNAPSHOT.jar:/home/user/.m2/repository/org/jboss/weld/servlet/weld-servlet/2.4.7.Final/weld-servlet-2.4.7.Final.jar:/home/user/.m2/repository/org/glassfish/jersey/containers/jersey-container-servlet-core/2.27/jersey-container-servlet-core-2.27.jar:/home/user/.m2/repository/org/glassfish/hk2/external/javax.inject/2.5.0-b42/javax.inject-2.5.0-b42.jar:/home/user/.m2/repository/org/glassfish/jersey/core/jersey-common/2.27/jersey-common-2.27.jar:/home/user/.m2/repository/org/glassfish/hk2/osgi-resource-locator/1.0.1/osgi-resource-locator-1.0.1.jar:/home/user/.m2/repository/javax/ws/rs/javax.ws.rs-api/2.1/javax.ws.rs-api-2.1.jar:/home/user/.m2/repository/org/glassfish/jersey/ext/cdi/jersey-cdi1x/2.27/jersey-cdi1x-2.27.jar:/home/user/.m2/repository/org/glassfish/jersey/inject/jersey-hk2/2.27/jersey-hk2-2.27.jar:/home/user/.m2/repository/org/glassfish/hk2/hk2-locator/2.5.0-b42/hk2-locator-2.5.0-b42.jar:/home/user/.m2/repository/org/javassist/javassist/3.22.0-CR2/javassist-3.22.0-CR2.jar:/home/user/.m2/repository/org/glassfish/hk2/hk2-api/2.5.0/hk2-api-2.5.0.jar:/home/user/.m2/repository/org/glassfish/hk2/external/jakarta.inject/2.5.0/jakarta.inject-2.5.0.jar:/home/user/.m2/repository/org/glassfish/hk2/hk2-utils/2.5.0/hk2-utils-2.5.0.jar:/home/user/.m2/repository/jakarta/annotation/jakarta.annotation-api/1.3.4/jakarta.annotation-api-1.3.4.jar:/home/user/.m2/repository/org/glassfish/hk2/external/aopalliance-repackaged/2.5.0/aopalliance-repackaged-2.5.0.jar:/home/user/.m2/repository/com/fasterxml/jackson/dataformat/jackson-dataformat-xml/2.9.0/jackson-dataformat-xml-2.9.0.jar:/home/user/.m2/repository/com/fasterxml/jackson/core/jackson-core/2.9.5/jackson-core-2.9.5.jar:/home/user/.m2/repository/com/fasterxml/jackson/module/jackson-module-jaxb-annotations/2.9.5/jackson-module-jaxb-annotations-2.9.5.jar:/home/user/.m2/repository/javax/enterprise/cdi-api/1.2/cdi-api-1.2.jar:/home/user/.m2/repository/javax/el/javax.el-api/3.0.0/javax.el-api-3.0.0.jar:/home/user/.m2/repository/javax/interceptor/javax.interceptor-api/1.2/javax.interceptor-api-1.2.jar:/home/user/.m2/repository/javax/inject/javax.inject/1/javax.inject-1.jar:/home/user/.m2/repository/com/sun/xml/bind/jaxb-impl/2.3.0.1/jaxb-impl-2.3.0.1.jar:/home/user/.m2/repository/com/sun/xml/bind/jaxb-core/2.3.0.1/jaxb-core-2.3.0.1.jar:/home/user/.m2/repository/javax/xml/bind/jaxb-api/2.3.0/jaxb-api-2.3.0.jar:/home/user/.m2/repository/javax/activation/activation/1.1.1/activation-1.1.1.jar:/home/user/.m2/repository/org/apache/hadoop/hadoop-ozone-csi/0.5.0-SNAPSHOT/hadoop-ozone-csi-0.5.0-SNAPSHOT.jar:/home/user/.m2/repository/com/google/protobuf/protobuf-java-util/3.5.1/protobuf-java-util-3.5.1.jar:/home/user/.m2/repository/org/apache/hadoop/hadoop-hdds-config/0.5.0-SNAPSHOT/hadoop-hdds-config-0.5.0-SNAPSHOT.jar:/home/user/.m2/repository/io/grpc/grpc-netty/1.17.1/grpc-netty-1.17.1.jar:/home/user/.m2/repository/io/grpc/grpc-core/1.17.1/grpc-core-1.17.1.jar:/home/user/.m2/repository/io/grpc/grpc-context/1.17.1/grpc-context-1.17.1.jar:/home/user/.m2/repository/com/google/errorprone/error_prone_annotations/2.2.0/error_prone_annotations-2.2.0.jar:/home/user/.m2/repository/org/codehaus/mojo/animal-sniffer-annotations/1.17/animal-sniffer-annotations-1.17.jar:/home/user/.m2/repository/io/opencensus/opencensus-api/0.17.0/opencensus-api-0.17.0.jar:/home/user/.m2/repository/io/opencensus/opencensus-contrib-grpc-metrics/0.17.0/opencensus-contrib-grpc-metrics-0.17.0.jar:/home/user/.m2/repository/io/netty/netty-codec-http2/4.1.30.Final/netty-codec-http2-4.1.30.Final.jar:/home/user/.m2/repository/io/netty/netty-codec-http/4.1.30.Final/netty-codec-http-4.1.30.Final.jar:/home/user/.m2/repository/io/netty/netty-codec/4.1.30.Final/netty-codec-4.1.30.Final.jar:/home/user/.m2/repository/io/netty/netty-handler/4.1.30.Final/netty-handler-4.1.30.Final.jar:/home/user/.m2/repository/io/netty/netty-handler-proxy/4.1.30.Final/netty-handler-proxy-4.1.30.Final.jar:/home/user/.m2/repository/io/netty/netty-codec-socks/4.1.30.Final/netty-codec-socks-4.1.30.Final.jar:/home/user/.m2/repository/io/netty/netty-transport-native-epoll/4.1.30.Final/netty-transport-native-epoll-4.1.30.Final.jar:/home/user/.m2/repository/io/netty/netty-common/4.1.30.Final/netty-common-4.1.30.Final.jar:/home/user/.m2/repository/io/netty/netty-buffer/4.1.30.Final/netty-buffer-4.1.30.Final.jar:/home/user/.m2/repository/io/netty/netty-transport/4.1.30.Final/netty-transport-4.1.30.Final.jar:/home/user/.m2/repository/io/netty/netty-resolver/4.1.30.Final/netty-resolver-4.1.30.Final.jar:/home/user/.m2/repository/io/netty/netty-transport-native-unix-common/4.1.30.Final/netty-transport-native-unix-common-4.1.30.Final.jar:/home/user/.m2/repository/io/grpc/grpc-protobuf/1.17.1/grpc-protobuf-1.17.1.jar:/home/user/.m2/repository/com/google/api/grpc/proto-google-common-protos/1.0.0/proto-google-common-protos-1.0.0.jar:/home/user/.m2/repository/io/grpc/grpc-protobuf-lite/1.17.1/grpc-protobuf-lite-1.17.1.jar:/home/user/.m2/repository/io/grpc/grpc-stub/1.17.1/grpc-stub-1.17.1.jar:/home/user/.m2/repository/org/apache/hadoop/hadoop-ozone-recon/0.5.0-SNAPSHOT/hadoop-ozone-recon-0.5.0-SNAPSHOT.jar:/home/user/.m2/repository/org/apache/hadoop/hadoop-ozone-reconcodegen/0.5.0-SNAPSHOT/hadoop-ozone-reconcodegen-0.5.0-SNAPSHOT.jar:/home/user/.m2/repository/com/google/inject/extensions/guice-multibindings/4.0/guice-multibindings-4.0.jar:/home/user/.m2/repository/com/google/inject/guice/4.0/guice-4.0.jar:/home/user/.m2/repository/aopalliance/aopalliance/1.0/aopalliance-1.0.jar:/home/user/.m2/repository/com/google/inject/extensions/guice-servlet/4.0/guice-servlet-4.0.jar:/home/user/.m2/repository/org/glassfish/jersey/containers/jersey-container-servlet/2.27/jersey-container-servlet-2.27.jar:/home/user/.m2/repository/org/glassfish/hk2/guice-bridge/2.5.0/guice-bridge-2.5.0.jar:/home/user/.m2/repository/org/glassfish/jersey/core/jersey-server/2.27/jersey-server-2.27.jar:/home/user/.m2/repository/org/glassfish/jersey/core/jersey-client/2.27/jersey-client-2.27.jar:/home/user/.m2/repository/org/glassfish/jersey/media/jersey-media-jaxb/2.27/jersey-media-jaxb-2.27.jar:/home/user/.m2/repository/javax/validation/validation-api/1.1.0.Final/validation-api-1.1.0.Final.jar:/home/user/.m2/repository/org/glassfish/jersey/media/jersey-media-json-jackson/2.27/jersey-media-json-jackson-2.27.jar:/home/user/.m2/repository/org/glassfish/jersey/ext/jersey-entity-filtering/2.27/jersey-entity-filtering-2.27.jar:/home/user/.m2/repository/com/google/inject/extensions/guice-assistedinject/4.0/guice-assistedinject-4.0.jar:/home/user/.m2/repository/org/jooq/jooq/3.11.10/jooq-3.11.10.jar:/home/user/.m2/repository/org/jooq/jooq-meta/3.11.10/jooq-meta-3.11.10.jar:/home/user/.m2/repository/org/jooq/jooq-codegen/3.11.10/jooq-codegen-3.11.10.jar:/home/user/.m2/repository/com/jolbox/bonecp/0.8.0.RELEASE/bonecp-0.8.0.RELEASE.jar:/home/user/.m2/repository/org/xerial/sqlite-jdbc/3.25.2/sqlite-jdbc-3.25.2.jar:/home/user/.m2/repository/org/springframework/spring-jdbc/5.1.3.RELEASE/spring-jdbc-5.1.3.RELEASE.jar:/home/user/.m2/repository/org/springframework/spring-beans/5.1.3.RELEASE/spring-beans-5.1.3.RELEASE.jar:/home/user/.m2/repository/org/springframework/spring-core/5.1.3.RELEASE/spring-core-5.1.3.RELEASE.jar:/home/user/.m2/repository/org/springframework/spring-jcl/5.1.3.RELEASE/spring-jcl-5.1.3.RELEASE.jar:/home/user/.m2/repository/org/springframework/spring-tx/5.1.3.RELEASE/spring-tx-5.1.3.RELEASE.jar:/home/user/.m2/repository/org/apache/hadoop/hadoop-ozone-client/0.5.0-SNAPSHOT/hadoop-ozone-client-0.5.0-SNAPSHOT.jar:/home/user/.m2/repository/commons-lang/commons-lang/2.6/commons-lang-2.6.jar:/home/user/.m2/repository/org/apache/hadoop/hadoop-ozone-ozone-manager/0.5.0-SNAPSHOT/hadoop-ozone-ozone-manager-0.5.0-SNAPSHOT-tests.jar:/home/user/.m2/repository/junit/junit/4.11/junit-4.11.jar:/home/user/.m2/repository/org/hamcrest/hamcrest-core/1.3/hamcrest-core-1.3.jar:/home/user/.m2/repository/org/openjdk/jmh/jmh-core/1.19/jmh-core-1.19.jar:/home/user/.m2/repository/net/sf/jopt-simple/jopt-simple/4.6/jopt-simple-4.6.jar:/home/user/.m2/repository/org/apache/commons/commons-math3/3.1.1/commons-math3-3.1.1.jar:/home/user/.m2/repository/org/openjdk/jmh/jmh-generator-annprocess/1.19/jmh-generator-annprocess-1.19.jar:/home/user/.m2/repository/org/mockito/mockito-all/1.8.5/mockito-all-1.8.5.jar:/home/user/.m2/repository/org/apache/hadoop/hadoop-kms/3.2.0/hadoop-kms-3.2.0.jar:/home/user/.m2/repository/org/apache/hadoop/hadoop-auth/3.2.0/hadoop-auth-3.2.0.jar:/home/user/.m2/repository/com/nimbusds/nimbus-jose-jwt/4.41.1/nimbus-jose-jwt-4.41.1.jar:/home/user/.m2/repository/com/github/stephenc/jcip/jcip-annotations/1.0-1/jcip-annotations-1.0-1.jar:/home/user/.m2/repository/net/minidev/json-smart/2.3/json-smart-2.3.jar:/home/user/.m2/repository/net/minidev/accessors-smart/1.2/accessors-smart-1.2.jar:/home/user/.m2/repository/org/ow2/asm/asm/5.0.4/asm-5.0.4.jar:/home/user/.m2/repository/org/apache/curator/curator-framework/2.12.0/curator-framework-2.12.0.jar:/home/user/.m2/repository/com/sun/jersey/jersey-core/1.19/jersey-core-1.19.jar:/home/user/.m2/repository/javax/ws/rs/jsr311-api/1.1.1/jsr311-api-1.1.1.jar:/home/user/.m2/repository/com/sun/jersey/jersey-server/1.19/jersey-server-1.19.jar:/home/user/.m2/repository/javax/servlet/javax.servlet-api/3.1.0/javax.servlet-api-3.1.0.jar:/home/user/.m2/repository/org/eclipse/jetty/jetty-server/9.3.24.v20180605/jetty-server-9.3.24.v20180605.jar:/home/user/.m2/repository/org/eclipse/jetty/jetty-http/9.3.24.v20180605/jetty-http-9.3.24.v20180605.jar:/home/user/.m2/repository/org/eclipse/jetty/jetty-io/9.3.24.v20180605/jetty-io-9.3.24.v20180605.jar:/home/user/.m2/repository/org/eclipse/jetty/jetty-webapp/9.3.24.v20180605/jetty-webapp-9.3.24.v20180605.jar:/home/user/.m2/repository/org/eclipse/jetty/jetty-xml/9.3.24.v20180605/jetty-xml-9.3.24.v20180605.jar:/home/user/.m2/repository/log4j/log4j/1.2.17/log4j-1.2.17.jar:/home/user/.m2/repository/org/slf4j/slf4j-api/1.7.25/slf4j-api-1.7.25.jar:/home/user/.m2/repository/org/slf4j/jul-to-slf4j/1.7.25/jul-to-slf4j-1.7.25.jar:/home/user/.m2/repository/org/eclipse/jetty/jetty-util/9.3.24.v20180605/jetty-util-9.3.24.v20180605.jar:/home/user/.m2/repository/com/fasterxml/jackson/core/jackson-databind/2.9.5/jackson-databind-2.9.5.jar:/home/user/.m2/repository/org/apache/hadoop/hadoop-kms/3.2.0/hadoop-kms-3.2.0-tests.jar:/home/user/.m2/repository/org/apache/hadoop/hadoop-hdds-server-scm/0.5.0-SNAPSHOT/hadoop-hdds-server-scm-0.5.0-SNAPSHOT-tests.jar:/home/user/.m2/repository/org/apache/hadoop/hadoop-hdds-container-service/0.5.0-SNAPSHOT/hadoop-hdds-container-service-0.5.0-SNAPSHOT-tests.jar:/home/user/.m2/repository/org/yaml/snakeyaml/1.16/snakeyaml-1.16.jar:/home/user/.m2/repository/org/apache/hadoop/hadoop-common/3.2.0/hadoop-common-3.2.0-tests.jar:/home/user/.m2/repository/org/apache/hadoop/hadoop-annotations/3.2.0/hadoop-annotations-3.2.0.jar:/usr/lib/jvm/java-1.8-openjdk/jre/../lib/tools.jar:/home/user/.m2/repository/commons-cli/commons-cli/1.2/commons-cli-1.2.jar:/home/user/.m2/repository/org/apache/httpcomponents/httpclient/4.5.2/httpclient-4.5.2.jar:/home/user/.m2/repository/org/apache/httpcomponents/httpcore/4.4.4/httpcore-4.4.4.jar:/home/user/.m2/repository/commons-codec/commons-codec/1.11/commons-codec-1.11.jar:/home/user/.m2/repository/commons-net/commons-net/3.6/commons-net-3.6.jar:/home/user/.m2/repository/commons-collections/commons-collections/3.2.2/commons-collections-3.2.2.jar:/home/user/.m2/repository/org/eclipse/jetty/jetty-servlet/9.3.24.v20180605/jetty-servlet-9.3.24.v20180605.jar:/home/user/.m2/repository/org/eclipse/jetty/jetty-security/9.3.24.v20180605/jetty-security-9.3.24.v20180605.jar:/home/user/.m2/repository/javax/servlet/jsp/jsp-api/2.1/jsp-api-2.1.jar:/home/user/.m2/repository/com/sun/jersey/jersey-servlet/1.19/jersey-servlet-1.19.jar:/home/user/.m2/repository/com/sun/jersey/jersey-json/1.19/jersey-json-1.19.jar:/home/user/.m2/repository/org/codehaus/jettison/jettison/1.1/jettison-1.1.jar:/home/user/.m2/repository/org/codehaus/jackson/jackson-core-asl/1.9.13/jackson-core-asl-1.9.13.jar:/home/user/.m2/repository/org/codehaus/jackson/jackson-mapper-asl/1.9.13/jackson-mapper-asl-1.9.13.jar:/home/user/.m2/repository/org/codehaus/jackson/jackson-jaxrs/1.9.13/jackson-jaxrs-1.9.13.jar:/home/user/.m2/repository/org/codehaus/jackson/jackson-xc/1.9.13/jackson-xc-1.9.13.jar:/home/user/.m2/repository/commons-logging/commons-logging/1.1.3/commons-logging-1.1.3.jar:/home/user/.m2/repository/commons-beanutils/commons-beanutils/1.9.3/commons-beanutils-1.9.3.jar:/home/user/.m2/repository/org/apache/commons/commons-configuration2/2.1.1/commons-configuration2-2.1.1.jar:/home/user/.m2/repository/org/apache/commons/commons-lang3/3.7/commons-lang3-3.7.jar:/home/user/.m2/repository/org/apache/commons/commons-text/1.4/commons-text-1.4.jar:/home/user/.m2/repository/org/apache/avro/avro/1.7.7/avro-1.7.7.jar:/home/user/.m2/repository/com/thoughtworks/paranamer/paranamer/2.3/paranamer-2.3.jar:/home/user/.m2/repository/org/xerial/snappy/snappy-java/1.0.5/snappy-java-1.0.5.jar:/home/user/.m2/repository/com/google/re2j/re2j/1.1/re2j-1.1.jar:/home/user/.m2/repository/com/google/code/gson/gson/2.2.4/gson-2.2.4.jar:/home/user/.m2/repository/com/jcraft/jsch/0.1.54/jsch-0.1.54.jar:/home/user/.m2/repository/org/apache/curator/curator-client/2.12.0/curator-client-2.12.0.jar:/home/user/.m2/repository/org/apache/curator/curator-recipes/2.12.0/curator-recipes-2.12.0.jar:/home/user/.m2/repository/com/google/code/findbugs/jsr305/3.0.0/jsr305-3.0.0.jar:/home/user/.m2/repository/org/apache/htrace/htrace-core4/4.1.0-incubating/htrace-core4-4.1.0-incubating.jar:/home/user/.m2/repository/org/apache/zookeeper/zookeeper/3.4.13/zookeeper-3.4.13.jar:/home/user/.m2/repository/org/apache/yetus/audience-annotations/0.5.0/audience-annotations-0.5.0.jar:/home/user/.m2/repository/org/codehaus/woodstox/stax2-api/3.1.4/stax2-api-3.1.4.jar:/home/user/.m2/repository/com/fasterxml/woodstox/woodstox-core/5.0.3/woodstox-core-5.0.3.jar:/home/user/.m2/repository/dnsjava/dnsjava/2.1.7/dnsjava-2.1.7.jar:/home/user/.m2/repository/org/apache/hadoop/hadoop-hdfs/3.2.0/hadoop-hdfs-3.2.0-tests.jar:/home/user/.m2/repository/org/eclipse/jetty/jetty-util-ajax/9.3.24.v20180605/jetty-util-ajax-9.3.24.v20180605.jar:/home/user/.m2/repository/commons-daemon/commons-daemon/1.0.13/commons-daemon-1.0.13.jar:/home/user/.m2/repository/io/netty/netty/3.10.5.Final/netty-3.10.5.Final.jar:/home/user/.m2/repository/io/netty/netty-all/4.0.52.Final/netty-all-4.0.52.Final.jar:/home/user/.m2/repository/org/fusesource/leveldbjni/leveldbjni-all/1.8/leveldbjni-all-1.8.jar:"/>
    <property name="sun.cpu.endian" value="little"/>
    <property name="user.home" value="/home/user"/>
    <property name="user.language" value="en"/>
    <property name="java.specification.vendor" value="Oracle Corporation"/>
    <property name="java.home" value="/usr/lib/jvm/java-1.8-openjdk/jre"/>
    <property name="java.security.krb5.conf" value="/workdir/hadoop-ozone/integration-test/target/test-classes/krb5.conf"/>
    <property name="basedir" value="/workdir/hadoop-ozone/integration-test"/>
    <property name="file.separator" value="/"/>
    <property name="line.separator" value="&#10;"/>
    <property name="java.vm.specification.vendor" value="Oracle Corporation"/>
    <property name="java.specification.name" value="Java Platform API Specification"/>
    <property name="java.awt.graphicsenv" value="sun.awt.X11GraphicsEnvironment"/>
    <property name="surefire.real.class.path" value="/workdir/hadoop-ozone/integration-test/target/surefire/surefirebooter5958429143958064528.jar"/>
    <property name="hadoop.log.dir" value="/workdir/hadoop-ozone/integration-test/target/log"/>
    <property name="sun.boot.class.path" value="/usr/lib/jvm/java-1.8-openjdk/jre/lib/resources.jar:/usr/lib/jvm/java-1.8-openjdk/jre/lib/rt.jar:/usr/lib/jvm/java-1.8-openjdk/jre/lib/sunrsasign.jar:/usr/lib/jvm/java-1.8-openjdk/jre/lib/jsse.jar:/usr/lib/jvm/java-1.8-openjdk/jre/lib/jce.jar:/usr/lib/jvm/java-1.8-openjdk/jre/lib/charsets.jar:/usr/lib/jvm/java-1.8-openjdk/jre/lib/jfr.jar:/usr/lib/jvm/java-1.8-openjdk/jre/classes"/>
    <property name="sun.management.compiler" value="HotSpot 64-Bit Tiered Compilers"/>
    <property name="java.runtime.version" value="1.8.0_212-b04"/>
    <property name="java.net.preferIPv4Stack" value="true"/>
    <property name="user.name" value="jenkins1000"/>
    <property name="path.separator" value=":"/>
    <property name="java.security.egd" value="file:///dev/urandom"/>
    <property name="os.version" value="3.10.0-957.12.2.el7.x86_64"/>
    <property name="java.endorsed.dirs" value="/usr/lib/jvm/java-1.8-openjdk/jre/lib/endorsed"/>
    <property name="java.runtime.name" value="OpenJDK Runtime Environment"/>
    <property name="file.encoding" value="UTF-8"/>
    <property name="java.vm.name" value="OpenJDK 64-Bit Server VM"/>
    <property name="test.build.webapps" value=""/>
    <property name="localRepository" value="/home/user/.m2/repository"/>
    <property name="java.vendor.url.bug" value="https://icedtea.classpath.org/bugzilla"/>
    <property name="java.io.tmpdir" value="/tmp"/>
    <property name="require.test.libhadoop" value=""/>
    <property name="java.version" value="1.8.0_212"/>
    <property name="user.dir" value="/workdir/hadoop-ozone/integration-test"/>
    <property name="os.arch" value="amd64"/>
    <property name="java.vm.specification.name" value="Java Virtual Machine Specification"/>
    <property name="test.build.classes" value="/workdir/hadoop-ozone/integration-test/target/test-classes"/>
    <property name="java.awt.printerjob" value="sun.print.PSPrinterJob"/>
    <property name="sun.os.patch.level" value="unknown"/>
    <property name="hadoop.tmp.dir" value="/workdir/hadoop-ozone/integration-test/target/tmp"/>
    <property name="java.library.path" value="/usr/lib/jvm/java-1.8-openjdk/jre/lib/amd64/server:/usr/lib/jvm/java-1.8-openjdk/jre/lib/amd64:/usr/lib/jvm/java-1.8-openjdk/jre/../lib/amd64:/workdir/hadoop-ozone/integration-test/target/native/target/usr/local/lib:/workdir/hadoop-ozone/integration-test/../../hadoop-common-project/hadoop-common/target/native/target/usr/local/lib:/usr/java/packages/lib/amd64:/usr/lib64:/lib64:/lib:/usr/lib"/>
    <property name="java.vm.info" value="mixed mode"/>
    <property name="java.vendor" value="IcedTea"/>
    <property name="java.vm.version" value="25.212-b04"/>
    <property name="java.ext.dirs" value="/usr/lib/jvm/java-1.8-openjdk/jre/lib/ext:/usr/java/packages/lib/ext"/>
    <property name="sun.io.unicode.encoding" value="UnicodeLittle"/>
    <property name="java.class.version" value="52.0"/>
  </properties>
  <testcase name="testAutomaticPipelineCreationOnPipelineDestroy" classname="org.apache.hadoop.hdds.scm.pipeline.TestRatisPipelineCreateAndDestory" time="37.24"/>
  <testcase name="testPipelineCreationOnNodeRestart" classname="org.apache.hadoop.hdds.scm.pipeline.TestRatisPipelineCreateAndDestory" time="40.613">
    <error message="test timed out after 30000 milliseconds" type="java.lang.Exception">java.lang.Exception: test timed out after 30000 milliseconds
	at java.lang.Thread.sleep(Native Method)
	at org.apache.hadoop.test.GenericTestUtils.waitFor(GenericTestUtils.java:382)
	at org.apache.hadoop.hdds.scm.pipeline.TestRatisPipelineCreateAndDestory.waitForPipelines(TestRatisPipelineCreateAndDestory.java:126)
	at org.apache.hadoop.hdds.scm.pipeline.TestRatisPipelineCreateAndDestory.testPipelineCreationOnNodeRestart(TestRatisPipelineCreateAndDestory.java:121)
	at sun.reflect.NativeMethodAccessorImpl.invoke0(Native Method)
	at sun.reflect.NativeMethodAccessorImpl.invoke(NativeMethodAccessorImpl.java:62)
	at sun.reflect.DelegatingMethodAccessorImpl.invoke(DelegatingMethodAccessorImpl.java:43)
	at java.lang.reflect.Method.invoke(Method.java:498)
	at org.junit.runners.model.FrameworkMethod$1.runReflectiveCall(FrameworkMethod.java:47)
	at org.junit.internal.runners.model.ReflectiveCallable.run(ReflectiveCallable.java:12)
	at org.junit.runners.model.FrameworkMethod.invokeExplosively(FrameworkMethod.java:44)
	at org.junit.internal.runners.statements.InvokeMethod.evaluate(InvokeMethod.java:17)
	at org.junit.internal.runners.statements.FailOnTimeout$StatementThread.run(FailOnTimeout.java:74)
</error>
    <system-out><![CDATA[2019-08-21 18:33:13,746 [Thread-332] WARN  server.ServerUtils (ServerUtils.java:getScmDbDir(145)) - ozone.scm.db.dirs is not configured. We recommend adding this setting. Falling back to ozone.metadata.dirs instead.
2019-08-21 18:33:13,776 [Thread-332] WARN  server.ServerUtils (ServerUtils.java:getScmDbDir(145)) - ozone.scm.db.dirs is not configured. We recommend adding this setting. Falling back to ozone.metadata.dirs instead.
2019-08-21 18:33:13,776 [Thread-332] WARN  server.ServerUtils (ServerUtils.java:getScmDbDir(145)) - ozone.scm.db.dirs is not configured. We recommend adding this setting. Falling back to ozone.metadata.dirs instead.
2019-08-21 18:33:13,777 [Thread-332] INFO  db.DBStoreBuilder (DBStoreBuilder.java:addTable(110)) - using custom profile for table: deletedBlocks
2019-08-21 18:33:13,777 [Thread-332] INFO  db.DBStoreBuilder (DBStoreBuilder.java:processTables(161)) - Using default column profile:DBProfile.DISK for Table:deletedBlocks
2019-08-21 18:33:13,778 [Thread-332] INFO  db.DBStoreBuilder (DBStoreBuilder.java:addTable(110)) - using custom profile for table: validCerts
2019-08-21 18:33:13,778 [Thread-332] INFO  db.DBStoreBuilder (DBStoreBuilder.java:processTables(161)) - Using default column profile:DBProfile.DISK for Table:validCerts
2019-08-21 18:33:13,778 [Thread-332] INFO  db.DBStoreBuilder (DBStoreBuilder.java:addTable(110)) - using custom profile for table: revokedCerts
2019-08-21 18:33:13,778 [Thread-332] INFO  db.DBStoreBuilder (DBStoreBuilder.java:processTables(161)) - Using default column profile:DBProfile.DISK for Table:revokedCerts
2019-08-21 18:33:13,779 [Thread-332] INFO  db.DBStoreBuilder (DBStoreBuilder.java:addTable(110)) - using custom profile for table: default
2019-08-21 18:33:13,779 [Thread-332] INFO  db.DBStoreBuilder (DBStoreBuilder.java:processTables(167)) - Using default column profile:DBProfile.DISK for Table:default
2019-08-21 18:33:13,779 [Thread-332] INFO  db.DBStoreBuilder (DBStoreBuilder.java:getDbProfile(198)) - Using default options. DBProfile.DISK
2019-08-21 18:33:14,086 [Thread-332] INFO  net.NodeSchemaLoader (NodeSchemaLoader.java:loadSchemaFromFile(125)) - Loading file from sun.misc.CompoundEnumeration@1a6f1a3a
2019-08-21 18:33:14,087 [Thread-332] INFO  net.NodeSchemaLoader (NodeSchemaLoader.java:loadSchema(171)) - Loading network topology layer schema file
2019-08-21 18:33:14,093 [Thread-332] INFO  node.SCMNodeManager (SCMNodeManager.java:<init>(121)) - Entering startup safe mode.
2019-08-21 18:33:14,095 [Thread-332] INFO  algorithms.ContainerPlacementPolicyFactory (ContainerPlacementPolicyFactory.java:getPolicy(55)) - Create container placement policy of type org.apache.hadoop.hdds.scm.container.placement.algorithms.SCMContainerPlacementRandom
2019-08-21 18:33:14,095 [Thread-332] WARN  server.ServerUtils (ServerUtils.java:getScmDbDir(145)) - ozone.scm.db.dirs is not configured. We recommend adding this setting. Falling back to ozone.metadata.dirs instead.
2019-08-21 18:33:14,225 [Thread-332] INFO  pipeline.SCMPipelineManager (SCMPipelineManager.java:initializePipelineState(126)) - No pipeline exists in current db
2019-08-21 18:33:14,225 [Thread-332] WARN  server.ServerUtils (ServerUtils.java:getScmDbDir(145)) - ozone.scm.db.dirs is not configured. We recommend adding this setting. Falling back to ozone.metadata.dirs instead.
2019-08-21 18:33:14,331 [Thread-332] WARN  events.EventQueue (EventQueue.java:fireEvent(175)) - No event handler registered for event TypedEvent{payloadType=SafeModeStatus, name='SafeModeStatus'}
2019-08-21 18:33:14,333 [Thread-332] INFO  ipc.CallQueueManager (CallQueueManager.java:<init>(84)) - Using callQueue: class java.util.concurrent.LinkedBlockingQueue, queueCapacity: 2000, scheduler: class org.apache.hadoop.ipc.DefaultRpcScheduler, ipcBackoff: false.
2019-08-21 18:33:14,335 [Socket Reader #1 for port 36546] INFO  ipc.Server (Server.java:run(1074)) - Starting Socket Reader #1 for port 36546
2019-08-21 18:33:14,337 [Thread-332] INFO  ipc.CallQueueManager (CallQueueManager.java:<init>(84)) - Using callQueue: class java.util.concurrent.LinkedBlockingQueue, queueCapacity: 2000, scheduler: class org.apache.hadoop.ipc.DefaultRpcScheduler, ipcBackoff: false.
2019-08-21 18:33:14,339 [Socket Reader #1 for port 37298] INFO  ipc.Server (Server.java:run(1074)) - Starting Socket Reader #1 for port 37298
2019-08-21 18:33:14,340 [Thread-332] INFO  ipc.CallQueueManager (CallQueueManager.java:<init>(84)) - Using callQueue: class java.util.concurrent.LinkedBlockingQueue, queueCapacity: 2000, scheduler: class org.apache.hadoop.ipc.DefaultRpcScheduler, ipcBackoff: false.
2019-08-21 18:33:14,341 [Socket Reader #1 for port 44622] INFO  ipc.Server (Server.java:run(1074)) - Starting Socket Reader #1 for port 44622
2019-08-21 18:33:14,344 [Thread-332] INFO  hdfs.DFSUtil (DFSUtil.java:httpServerTemplateForNNAndJN(1641)) - Starting Web-server for scm at: http://0.0.0.0:0
2019-08-21 18:33:14,348 [Thread-332] INFO  server.AuthenticationFilter (AuthenticationFilter.java:constructSecretProvider(240)) - Unable to initialize FileSignerSecretProvider, falling back to use random secrets.
2019-08-21 18:33:14,349 [Thread-332] WARN  http.HttpRequestLog (HttpRequestLog.java:getRequestLog(97)) - Jetty request log can only be enabled using Log4j
2019-08-21 18:33:14,352 [Thread-332] INFO  http.HttpServer2 (HttpServer2.java:addGlobalFilter(975)) - Added global filter 'safety' (class=org.apache.hadoop.http.HttpServer2$QuotingInputFilter)
2019-08-21 18:33:14,354 [Thread-332] INFO  http.HttpServer2 (HttpServer2.java:addFilter(948)) - Added filter static_user_filter (class=org.apache.hadoop.http.lib.StaticUserWebFilter$StaticUserFilter) to context scm
2019-08-21 18:33:14,354 [Thread-332] INFO  http.HttpServer2 (HttpServer2.java:addFilter(958)) - Added filter static_user_filter (class=org.apache.hadoop.http.lib.StaticUserWebFilter$StaticUserFilter) to context static
2019-08-21 18:33:14,354 [Thread-332] INFO  http.HttpServer2 (HttpServer2.java:addFilter(958)) - Added filter static_user_filter (class=org.apache.hadoop.http.lib.StaticUserWebFilter$StaticUserFilter) to context logs
2019-08-21 18:33:14,358 [Thread-332] INFO  server.StorageContainerManager (StorageContainerManager.java:start(759)) - StorageContainerLocationProtocol RPC server is listening at /0.0.0.0:44622
2019-08-21 18:33:14,362 [Thread-332] WARN  impl.MetricsConfig (MetricsConfig.java:loadFirst(134)) - Cannot locate configuration: tried hadoop-metrics2-storagecontainermanager.properties,hadoop-metrics2.properties
2019-08-21 18:33:14,364 [Thread-332] INFO  impl.MetricsSystemImpl (MetricsSystemImpl.java:startTimer(374)) - Scheduled Metric snapshot period at 10 second(s).
2019-08-21 18:33:14,364 [Thread-332] INFO  impl.MetricsSystemImpl (MetricsSystemImpl.java:start(191)) - StorageContainerManager metrics system started
2019-08-21 18:33:14,432 [Thread-332] INFO  server.SCMClientProtocolServer (SCMClientProtocolServer.java:start(151)) - RPC server for Client  is listening at /0.0.0.0:44622
2019-08-21 18:33:14,433 [IPC Server Responder] INFO  ipc.Server (Server.java:run(1314)) - IPC Server Responder: starting
2019-08-21 18:33:14,433 [IPC Server listener on 44622] INFO  ipc.Server (Server.java:run(1153)) - IPC Server listener on 44622: starting
2019-08-21 18:33:14,437 [Thread-332] INFO  server.StorageContainerManager (StorageContainerManager.java:start(769)) - ScmBlockLocationProtocol RPC server is listening at /0.0.0.0:37298
2019-08-21 18:33:14,437 [Thread-332] INFO  server.SCMBlockProtocolServer (SCMBlockProtocolServer.java:start(140)) - RPC server for Block Protocol is listening at /0.0.0.0:37298
2019-08-21 18:33:14,437 [IPC Server Responder] INFO  ipc.Server (Server.java:run(1314)) - IPC Server Responder: starting
2019-08-21 18:33:14,438 [IPC Server listener on 37298] INFO  ipc.Server (Server.java:run(1153)) - IPC Server listener on 37298: starting
2019-08-21 18:33:14,441 [Thread-332] INFO  server.StorageContainerManager (StorageContainerManager.java:start(773)) - ScmDatanodeProtocl RPC server is listening at /0.0.0.0:36546
2019-08-21 18:33:14,442 [Thread-332] INFO  server.SCMDatanodeProtocolServer (SCMDatanodeProtocolServer.java:start(191)) - RPC server for DataNodes is listening at /0.0.0.0:36546
2019-08-21 18:33:14,442 [IPC Server Responder] INFO  ipc.Server (Server.java:run(1314)) - IPC Server Responder: starting
2019-08-21 18:33:14,442 [IPC Server listener on 36546] INFO  ipc.Server (Server.java:run(1153)) - IPC Server listener on 36546: starting
2019-08-21 18:33:14,447 [Thread-332] INFO  http.HttpServer2 (HttpServer2.java:bindListener(1191)) - Jetty bound to port 37985
2019-08-21 18:33:14,447 [Thread-332] INFO  server.Server (Server.java:doStart(351)) - jetty-9.3.24.v20180605, build timestamp: 2018-06-05T17:11:56Z, git hash: 84205aa28f11a4f31f2a3b86d1bba2cc8ab69827
2019-08-21 18:33:14,450 [Thread-332] INFO  handler.ContextHandler (ContextHandler.java:doStart(781)) - Started o.e.j.s.ServletContextHandler@4134903f{/logs,file:///workdir/hadoop-ozone/integration-test/target/log,AVAILABLE}
2019-08-21 18:33:14,451 [Thread-332] INFO  handler.ContextHandler (ContextHandler.java:doStart(781)) - Started o.e.j.s.ServletContextHandler@7b9a68c9{/static,file:///workdir/hadoop-ozone/integration-test/target/test-classes/webapps/static,AVAILABLE}
2019-08-21 18:33:14,458 [Thread-332] INFO  handler.ContextHandler (ContextHandler.java:doStart(781)) - Started o.e.j.w.WebAppContext@15c6d485{/,file:///workdir/hadoop-ozone/integration-test/target/test-classes/webapps/scm/,AVAILABLE}{/scm}
2019-08-21 18:33:14,460 [Thread-332] INFO  server.AbstractConnector (AbstractConnector.java:doStart(278)) - Started ServerConnector@442e11f4{HTTP/1.1,[http/1.1]}{0.0.0.0:37985}
2019-08-21 18:33:14,460 [Thread-332] INFO  server.Server (Server.java:doStart(419)) - Started @38542ms
2019-08-21 18:33:14,461 [Thread-332] INFO  server.BaseHttpServer (BaseHttpServer.java:updateConnectorAddress(213)) - HTTP server of SCM is listening at http://0.0.0.0:37985
2019-08-21 18:33:14,461 [Thread-332] WARN  server.ServerUtils (ServerUtils.java:getDBPath(222)) - ozone.om.db.dirs is not configured. We recommend adding this setting. Falling back to ozone.metadata.dirs instead.
2019-08-21 18:33:14,462 [org.apache.hadoop.util.JvmPauseMonitor$Monitor@76b08c5b] INFO  util.JvmPauseMonitor (JvmPauseMonitor.java:run(188)) - Starting JVM pause monitor
2019-08-21 18:33:14,491 [Thread-332] WARN  server.ServerUtils (ServerUtils.java:getDBPath(222)) - ozone.om.db.dirs is not configured. We recommend adding this setting. Falling back to ozone.metadata.dirs instead.
2019-08-21 18:33:14,491 [Thread-332] WARN  server.ServerUtils (ServerUtils.java:getDBPath(222)) - ozone.om.db.dirs is not configured. We recommend adding this setting. Falling back to ozone.metadata.dirs instead.
2019-08-21 18:33:14,492 [Thread-332] INFO  om.OzoneManager (OzoneManager.java:setOMNodeDetails(648)) - OM Service ID is not set. Setting it to the default ID: omServiceIdDefault
2019-08-21 18:33:14,492 [Thread-332] INFO  om.OzoneManager (OzoneManager.java:setOMNodeDetails(654)) - OM Node ID is not set. Setting it to the OmStorage's OmID: 6ff7f2b1-d870-4932-ae95-2e46612d5f48
2019-08-21 18:33:14,493 [Thread-332] INFO  om.OzoneManager (OzoneManager.java:loadOMHAConfigs(605)) - Found matching OM address with OMServiceId: null, OMNodeId: null, RPC Address: localhost:0 and Ratis port: 9872
2019-08-21 18:33:14,500 | INFO  | SCMAudit | user=jenkins1000 | ip=192.168.36.125 | op=GET_SCM_INFO null | ret=SUCCESS |  
2019-08-21 18:33:14,504 [Thread-332] WARN  server.ServerUtils (ServerUtils.java:getDBPath(222)) - ozone.om.db.dirs is not configured. We recommend adding this setting. Falling back to ozone.metadata.dirs instead.
2019-08-21 18:33:14,504 [Thread-332] INFO  db.DBStoreBuilder (DBStoreBuilder.java:addTable(110)) - using custom profile for table: userTable
2019-08-21 18:33:14,505 [Thread-332] INFO  db.DBStoreBuilder (DBStoreBuilder.java:processTables(161)) - Using default column profile:DBProfile.DISK for Table:userTable
2019-08-21 18:33:14,505 [Thread-332] INFO  db.DBStoreBuilder (DBStoreBuilder.java:addTable(110)) - using custom profile for table: volumeTable
2019-08-21 18:33:14,505 [Thread-332] INFO  db.DBStoreBuilder (DBStoreBuilder.java:processTables(161)) - Using default column profile:DBProfile.DISK for Table:volumeTable
2019-08-21 18:33:14,506 [Thread-332] INFO  db.DBStoreBuilder (DBStoreBuilder.java:addTable(110)) - using custom profile for table: bucketTable
2019-08-21 18:33:14,506 [Thread-332] INFO  db.DBStoreBuilder (DBStoreBuilder.java:processTables(161)) - Using default column profile:DBProfile.DISK for Table:bucketTable
2019-08-21 18:33:14,506 [Thread-332] INFO  db.DBStoreBuilder (DBStoreBuilder.java:addTable(110)) - using custom profile for table: keyTable
2019-08-21 18:33:14,506 [Thread-332] INFO  db.DBStoreBuilder (DBStoreBuilder.java:processTables(161)) - Using default column profile:DBProfile.DISK for Table:keyTable
2019-08-21 18:33:14,507 [Thread-332] INFO  db.DBStoreBuilder (DBStoreBuilder.java:addTable(110)) - using custom profile for table: deletedTable
2019-08-21 18:33:14,507 [Thread-332] INFO  db.DBStoreBuilder (DBStoreBuilder.java:processTables(161)) - Using default column profile:DBProfile.DISK for Table:deletedTable
2019-08-21 18:33:14,507 [Thread-332] INFO  db.DBStoreBuilder (DBStoreBuilder.java:addTable(110)) - using custom profile for table: openKeyTable
2019-08-21 18:33:14,508 [Thread-332] INFO  db.DBStoreBuilder (DBStoreBuilder.java:processTables(161)) - Using default column profile:DBProfile.DISK for Table:openKeyTable
2019-08-21 18:33:14,508 [Thread-332] INFO  db.DBStoreBuilder (DBStoreBuilder.java:addTable(110)) - using custom profile for table: s3Table
2019-08-21 18:33:14,508 [Thread-332] INFO  db.DBStoreBuilder (DBStoreBuilder.java:processTables(161)) - Using default column profile:DBProfile.DISK for Table:s3Table
2019-08-21 18:33:14,509 [Thread-332] INFO  db.DBStoreBuilder (DBStoreBuilder.java:addTable(110)) - using custom profile for table: multipartInfoTable
2019-08-21 18:33:14,509 [Thread-332] INFO  db.DBStoreBuilder (DBStoreBuilder.java:processTables(161)) - Using default column profile:DBProfile.DISK for Table:multipartInfoTable
2019-08-21 18:33:14,509 [Thread-332] INFO  db.DBStoreBuilder (DBStoreBuilder.java:addTable(110)) - using custom profile for table: dTokenTable
2019-08-21 18:33:14,509 [Thread-332] INFO  db.DBStoreBuilder (DBStoreBuilder.java:processTables(161)) - Using default column profile:DBProfile.DISK for Table:dTokenTable
2019-08-21 18:33:14,510 [Thread-332] INFO  db.DBStoreBuilder (DBStoreBuilder.java:addTable(110)) - using custom profile for table: s3SecretTable
2019-08-21 18:33:14,510 [Thread-332] INFO  db.DBStoreBuilder (DBStoreBuilder.java:processTables(161)) - Using default column profile:DBProfile.DISK for Table:s3SecretTable
2019-08-21 18:33:14,510 [Thread-332] INFO  db.DBStoreBuilder (DBStoreBuilder.java:addTable(110)) - using custom profile for table: prefixTable
2019-08-21 18:33:14,510 [Thread-332] INFO  db.DBStoreBuilder (DBStoreBuilder.java:processTables(161)) - Using default column profile:DBProfile.DISK for Table:prefixTable
2019-08-21 18:33:14,511 [Thread-332] INFO  db.DBStoreBuilder (DBStoreBuilder.java:addTable(110)) - using custom profile for table: default
2019-08-21 18:33:14,511 [Thread-332] INFO  db.DBStoreBuilder (DBStoreBuilder.java:processTables(167)) - Using default column profile:DBProfile.DISK for Table:default
2019-08-21 18:33:14,511 [Thread-332] INFO  db.DBStoreBuilder (DBStoreBuilder.java:getDbProfile(198)) - Using default options. DBProfile.DISK
2019-08-21 18:33:15,393 [Thread-332] INFO  ipc.CallQueueManager (CallQueueManager.java:<init>(84)) - Using callQueue: class java.util.concurrent.LinkedBlockingQueue, queueCapacity: 2000, scheduler: class org.apache.hadoop.ipc.DefaultRpcScheduler, ipcBackoff: false.
2019-08-21 18:33:15,394 [Socket Reader #1 for port 37934] INFO  ipc.Server (Server.java:run(1074)) - Starting Socket Reader #1 for port 37934
2019-08-21 18:33:15,413 [Thread-332] INFO  om.OzoneManager (OzoneManager.java:start(1259)) - OzoneManager RPC server is listening at localhost/127.0.0.1:37934
2019-08-21 18:33:15,413 [Thread-332] INFO  impl.MetricsSystemImpl (MetricsSystemImpl.java:init(158)) - OzoneManager metrics system started (again)
2019-08-21 18:33:15,413 [IPC Server Responder] INFO  ipc.Server (Server.java:run(1314)) - IPC Server Responder: starting
2019-08-21 18:33:15,413 [IPC Server listener on 37934] INFO  ipc.Server (Server.java:run(1153)) - IPC Server listener on 37934: starting
2019-08-21 18:33:15,418 [Thread-332] INFO  hdfs.DFSUtil (DFSUtil.java:httpServerTemplateForNNAndJN(1641)) - Starting Web-server for ozoneManager at: http://0.0.0.0:0
2019-08-21 18:33:15,420 [Thread-332] INFO  server.AuthenticationFilter (AuthenticationFilter.java:constructSecretProvider(240)) - Unable to initialize FileSignerSecretProvider, falling back to use random secrets.
2019-08-21 18:33:15,420 [Thread-332] WARN  http.HttpRequestLog (HttpRequestLog.java:getRequestLog(97)) - Jetty request log can only be enabled using Log4j
2019-08-21 18:33:15,422 [Thread-332] INFO  http.HttpServer2 (HttpServer2.java:addGlobalFilter(975)) - Added global filter 'safety' (class=org.apache.hadoop.http.HttpServer2$QuotingInputFilter)
2019-08-21 18:33:15,423 [Thread-332] INFO  http.HttpServer2 (HttpServer2.java:addFilter(948)) - Added filter static_user_filter (class=org.apache.hadoop.http.lib.StaticUserWebFilter$StaticUserFilter) to context ozoneManager
2019-08-21 18:33:15,423 [Thread-332] INFO  http.HttpServer2 (HttpServer2.java:addFilter(958)) - Added filter static_user_filter (class=org.apache.hadoop.http.lib.StaticUserWebFilter$StaticUserFilter) to context static
2019-08-21 18:33:15,423 [Thread-332] INFO  http.HttpServer2 (HttpServer2.java:addFilter(958)) - Added filter static_user_filter (class=org.apache.hadoop.http.lib.StaticUserWebFilter$StaticUserFilter) to context logs
2019-08-21 18:33:15,424 [Thread-332] INFO  http.HttpServer2 (HttpServer2.java:bindListener(1191)) - Jetty bound to port 39424
2019-08-21 18:33:15,424 [Thread-332] INFO  server.Server (Server.java:doStart(351)) - jetty-9.3.24.v20180605, build timestamp: 2018-06-05T17:11:56Z, git hash: 84205aa28f11a4f31f2a3b86d1bba2cc8ab69827
2019-08-21 18:33:15,426 [Thread-332] INFO  handler.ContextHandler (ContextHandler.java:doStart(781)) - Started o.e.j.s.ServletContextHandler@2f52133b{/logs,file:///workdir/hadoop-ozone/integration-test/target/log,AVAILABLE}
2019-08-21 18:33:15,427 [Thread-332] INFO  handler.ContextHandler (ContextHandler.java:doStart(781)) - Started o.e.j.s.ServletContextHandler@64458171{/static,file:///workdir/hadoop-ozone/integration-test/target/test-classes/webapps/static,AVAILABLE}
2019-08-21 18:33:15,432 [Thread-332] INFO  handler.ContextHandler (ContextHandler.java:doStart(781)) - Started o.e.j.w.WebAppContext@5e9b3539{/,file:///workdir/hadoop-ozone/integration-test/target/test-classes/webapps/ozoneManager/,AVAILABLE}{/ozoneManager}
2019-08-21 18:33:15,432 [Thread-332] INFO  server.AbstractConnector (AbstractConnector.java:doStart(278)) - Started ServerConnector@522220f8{HTTP/1.1,[http/1.1]}{0.0.0.0:39424}
2019-08-21 18:33:15,433 [Thread-332] INFO  server.Server (Server.java:doStart(419)) - Started @39515ms
2019-08-21 18:33:15,434 [Thread-332] INFO  server.BaseHttpServer (BaseHttpServer.java:updateConnectorAddress(213)) - HTTP server of OZONEMANAGER is listening at http://0.0.0.0:39424
2019-08-21 18:33:15,443 [Thread-332] INFO  impl.MetricsSystemImpl (MetricsSystemImpl.java:init(158)) - HddsDatanode metrics system started (again)
2019-08-21 18:33:15,445 [Thread-332] INFO  ozone.HddsDatanodeService (HddsDatanodeService.java:start(184)) - HddsDatanodeService host:pr-hdds-1998-57vr7-880049069 ip:192.168.36.125
2019-08-21 18:33:15,452 [Thread-332] INFO  volume.HddsVolume (HddsVolume.java:<init>(176)) - Creating Volume: /workdir/hadoop-ozone/integration-test/target/test-dir/MiniOzoneClusterImpl-3d3f5e5e-1edb-4139-a191-6ae7dfb25aa0/datanode-0/data/containers/hdds of  storage type : DISK and capacity : 1482555576320
2019-08-21 18:33:15,453 [Thread-332] INFO  volume.VolumeSet (VolumeSet.java:initializeVolumeSet(170)) - Added Volume : /workdir/hadoop-ozone/integration-test/target/test-dir/MiniOzoneClusterImpl-3d3f5e5e-1edb-4139-a191-6ae7dfb25aa0/datanode-0/data/containers/hdds to VolumeSet
2019-08-21 18:33:15,453 [Thread-332] INFO  volume.ThrottledAsyncChecker (ThrottledAsyncChecker.java:schedule(140)) - Scheduling a check for org.apache.hadoop.ozone.container.common.volume.HddsVolume@24b628f0
2019-08-21 18:33:15,453 [Thread-332] INFO  volume.HddsVolumeChecker (HddsVolumeChecker.java:checkAllVolumes(203)) - Scheduled health check for volume org.apache.hadoop.ozone.container.common.volume.HddsVolume@24b628f0
2019-08-21 18:33:15,472 [Thread-332] INFO  impl.RaftServerProxy (ConfUtils.java:logGet(43)) - raft.rpc.type = GRPC (default)
2019-08-21 18:33:15,473 [Thread-332] INFO  grpc.GrpcFactory (GrpcFactory.java:checkPooledByteBufAllocatorUseCacheForAllThreads(45)) - PERFORMANCE WARNING: useCacheForAllThreads is true that may cause Netty to create a lot garbage objects and, as a result, trigger GC.
	It is recommended to disable useCacheForAllThreads by setting -Dorg.apache.ratis.thirdparty.io.netty.allocator.useCacheForAllThreads=false in command line.
2019-08-21 18:33:15,473 [Thread-332] INFO  grpc.GrpcConfigKeys$Server (ConfUtils.java:logGet(43)) - raft.grpc.server.port = 0 (default)
2019-08-21 18:33:15,473 [Thread-332] INFO  server.GrpcService (ConfUtils.java:logGet(43)) - raft.grpc.message.size.max = 33570816 (custom)
2019-08-21 18:33:15,473 [Thread-332] INFO  server.RaftServerConfigKeys (ConfUtils.java:logGet(43)) - raft.server.log.appender.buffer.byte-limit = 33554432 (custom)
2019-08-21 18:33:15,473 [Thread-332] INFO  server.GrpcService (ConfUtils.java:logGet(43)) - raft.grpc.flow.control.window = 1MB (=1048576) (default)
2019-08-21 18:33:15,474 [Thread-332] INFO  server.RaftServerConfigKeys (ConfUtils.java:logGet(43)) - raft.server.rpc.request.timeout = 3000ms (default)
2019-08-21 18:33:15,475 [Thread-332] INFO  server.RaftServerConfigKeys (ConfUtils.java:logGet(43)) - raft.server.storage.dir = [/workdir/hadoop-ozone/integration-test/target/test-dir/MiniOzoneClusterImpl-3d3f5e5e-1edb-4139-a191-6ae7dfb25aa0/datanode-0/data/ratis] (custom)
2019-08-21 18:33:15,475 [Thread-332] INFO  replication.SimpleContainerDownloader (SimpleContainerDownloader.java:<init>(72)) - Starting container downloader service to copy containers to replicate.
2019-08-21 18:33:15,476 [Thread-332] INFO  hdfs.DFSUtil (DFSUtil.java:httpServerTemplateForNNAndJN(1641)) - Starting Web-server for hddsDatanode at: http://0.0.0.0:0
2019-08-21 18:33:15,477 [Thread-332] INFO  server.AuthenticationFilter (AuthenticationFilter.java:constructSecretProvider(240)) - Unable to initialize FileSignerSecretProvider, falling back to use random secrets.
2019-08-21 18:33:15,478 [Thread-332] WARN  http.HttpRequestLog (HttpRequestLog.java:getRequestLog(97)) - Jetty request log can only be enabled using Log4j
2019-08-21 18:33:15,480 [Thread-332] INFO  http.HttpServer2 (HttpServer2.java:addGlobalFilter(975)) - Added global filter 'safety' (class=org.apache.hadoop.http.HttpServer2$QuotingInputFilter)
2019-08-21 18:33:15,481 [Thread-332] INFO  http.HttpServer2 (HttpServer2.java:addFilter(948)) - Added filter static_user_filter (class=org.apache.hadoop.http.lib.StaticUserWebFilter$StaticUserFilter) to context hddsDatanode
2019-08-21 18:33:15,481 [Thread-332] INFO  http.HttpServer2 (HttpServer2.java:addFilter(958)) - Added filter static_user_filter (class=org.apache.hadoop.http.lib.StaticUserWebFilter$StaticUserFilter) to context logs
2019-08-21 18:33:15,481 [Thread-332] INFO  http.HttpServer2 (HttpServer2.java:addFilter(958)) - Added filter static_user_filter (class=org.apache.hadoop.http.lib.StaticUserWebFilter$StaticUserFilter) to context static
2019-08-21 18:33:15,482 [Thread-332] INFO  http.HttpServer2 (HttpServer2.java:bindListener(1191)) - Jetty bound to port 43130
2019-08-21 18:33:15,482 [Thread-332] INFO  server.Server (Server.java:doStart(351)) - jetty-9.3.24.v20180605, build timestamp: 2018-06-05T17:11:56Z, git hash: 84205aa28f11a4f31f2a3b86d1bba2cc8ab69827
2019-08-21 18:33:15,483 [Thread-332] INFO  handler.ContextHandler (ContextHandler.java:doStart(781)) - Started o.e.j.s.ServletContextHandler@2dd7a227{/logs,file:///workdir/hadoop-ozone/integration-test/target/log,AVAILABLE}
2019-08-21 18:33:15,484 [Thread-332] INFO  handler.ContextHandler (ContextHandler.java:doStart(781)) - Started o.e.j.s.ServletContextHandler@7593d7b{/static,jar:file:/home/user/.m2/repository/org/apache/hadoop/hadoop-hdds-container-service/0.5.0-SNAPSHOT/hadoop-hdds-container-service-0.5.0-SNAPSHOT.jar!/webapps/static,AVAILABLE}
2019-08-21 18:33:15,513 [Thread-332] INFO  handler.ContextHandler (ContextHandler.java:doStart(781)) - Started o.e.j.w.WebAppContext@65209ffe{/,file:///tmp/jetty-0.0.0.0-43130-hddsDatanode-_-any-8629751455472363546.dir/webapp/,AVAILABLE}{/hddsDatanode}
2019-08-21 18:33:15,514 [Thread-332] INFO  server.AbstractConnector (AbstractConnector.java:doStart(278)) - Started ServerConnector@1c132dab{HTTP/1.1,[http/1.1]}{0.0.0.0:43130}
2019-08-21 18:33:15,514 [Thread-332] INFO  server.Server (Server.java:doStart(419)) - Started @39597ms
2019-08-21 18:33:15,515 [Thread-332] INFO  server.BaseHttpServer (BaseHttpServer.java:updateConnectorAddress(213)) - HTTP server of HDDSDATANODE is listening at http://0.0.0.0:43130
2019-08-21 18:33:15,677 | INFO  | ObjectStoreRestHttpServer | Listening HDDS REST traffic on /0.0.0.0:35442 |  
2019-08-21 18:33:15,677 [Thread-332] INFO  ozone.HddsDatanodeService (HddsDatanodeService.java:startPlugins(395)) - Started plug-in org.apache.hadoop.ozone.web.OzoneHddsDatanodeService@6f169680
2019-08-21 18:33:15,677 [Thread-332] INFO  impl.MetricsSystemImpl (MetricsSystemImpl.java:init(158)) - HddsDatanode metrics system started (again)
2019-08-21 18:33:15,680 [org.apache.hadoop.util.JvmPauseMonitor$Monitor@2696edae] INFO  util.JvmPauseMonitor (JvmPauseMonitor.java:run(188)) - Starting JVM pause monitor
2019-08-21 18:33:15,681 [Thread-332] INFO  ozone.HddsDatanodeService (HddsDatanodeService.java:start(184)) - HddsDatanodeService host:pr-hdds-1998-57vr7-880049069 ip:192.168.36.125
2019-08-21 18:33:15,685 [Datanode State Machine Thread - 0] INFO  datanode.InitDatanodeState (InitDatanodeState.java:persistContainerDatanodeDetails(140)) - DatanodeDetails is persisted to /workdir/hadoop-ozone/integration-test/target/test-dir/MiniOzoneClusterImpl-3d3f5e5e-1edb-4139-a191-6ae7dfb25aa0/datanode-0/meta/datanode.id
2019-08-21 18:33:15,689 [Thread-332] INFO  volume.HddsVolume (HddsVolume.java:<init>(176)) - Creating Volume: /workdir/hadoop-ozone/integration-test/target/test-dir/MiniOzoneClusterImpl-3d3f5e5e-1edb-4139-a191-6ae7dfb25aa0/datanode-1/data/containers/hdds of  storage type : DISK and capacity : 1482555576320
2019-08-21 18:33:15,689 [Thread-332] INFO  volume.VolumeSet (VolumeSet.java:initializeVolumeSet(170)) - Added Volume : /workdir/hadoop-ozone/integration-test/target/test-dir/MiniOzoneClusterImpl-3d3f5e5e-1edb-4139-a191-6ae7dfb25aa0/datanode-1/data/containers/hdds to VolumeSet
2019-08-21 18:33:15,689 [Thread-332] INFO  volume.ThrottledAsyncChecker (ThrottledAsyncChecker.java:schedule(140)) - Scheduling a check for org.apache.hadoop.ozone.container.common.volume.HddsVolume@1b56c526
2019-08-21 18:33:15,690 [Thread-332] INFO  volume.HddsVolumeChecker (HddsVolumeChecker.java:checkAllVolumes(203)) - Scheduled health check for volume org.apache.hadoop.ozone.container.common.volume.HddsVolume@1b56c526
2019-08-21 18:33:15,709 [Thread-332] INFO  impl.RaftServerProxy (ConfUtils.java:logGet(43)) - raft.rpc.type = GRPC (default)
2019-08-21 18:33:15,709 [Thread-332] INFO  grpc.GrpcFactory (GrpcFactory.java:checkPooledByteBufAllocatorUseCacheForAllThreads(45)) - PERFORMANCE WARNING: useCacheForAllThreads is true that may cause Netty to create a lot garbage objects and, as a result, trigger GC.
	It is recommended to disable useCacheForAllThreads by setting -Dorg.apache.ratis.thirdparty.io.netty.allocator.useCacheForAllThreads=false in command line.
2019-08-21 18:33:15,709 [Thread-332] INFO  grpc.GrpcConfigKeys$Server (ConfUtils.java:logGet(43)) - raft.grpc.server.port = 0 (default)
2019-08-21 18:33:15,709 [Thread-332] INFO  server.GrpcService (ConfUtils.java:logGet(43)) - raft.grpc.message.size.max = 33570816 (custom)
2019-08-21 18:33:15,710 [Thread-332] INFO  server.RaftServerConfigKeys (ConfUtils.java:logGet(43)) - raft.server.log.appender.buffer.byte-limit = 33554432 (custom)
2019-08-21 18:33:15,710 [Thread-332] INFO  server.GrpcService (ConfUtils.java:logGet(43)) - raft.grpc.flow.control.window = 1MB (=1048576) (default)
2019-08-21 18:33:15,710 [Thread-332] INFO  server.RaftServerConfigKeys (ConfUtils.java:logGet(43)) - raft.server.rpc.request.timeout = 3000ms (default)
2019-08-21 18:33:15,711 [Thread-332] INFO  server.RaftServerConfigKeys (ConfUtils.java:logGet(43)) - raft.server.storage.dir = [/workdir/hadoop-ozone/integration-test/target/test-dir/MiniOzoneClusterImpl-3d3f5e5e-1edb-4139-a191-6ae7dfb25aa0/datanode-1/data/ratis] (custom)
2019-08-21 18:33:15,711 [Thread-332] INFO  replication.SimpleContainerDownloader (SimpleContainerDownloader.java:<init>(72)) - Starting container downloader service to copy containers to replicate.
2019-08-21 18:33:15,713 [Thread-332] INFO  hdfs.DFSUtil (DFSUtil.java:httpServerTemplateForNNAndJN(1641)) - Starting Web-server for hddsDatanode at: http://0.0.0.0:0
2019-08-21 18:33:15,715 [Thread-332] INFO  server.AuthenticationFilter (AuthenticationFilter.java:constructSecretProvider(240)) - Unable to initialize FileSignerSecretProvider, falling back to use random secrets.
2019-08-21 18:33:15,715 [Thread-332] WARN  http.HttpRequestLog (HttpRequestLog.java:getRequestLog(97)) - Jetty request log can only be enabled using Log4j
2019-08-21 18:33:15,717 [Thread-332] INFO  http.HttpServer2 (HttpServer2.java:addGlobalFilter(975)) - Added global filter 'safety' (class=org.apache.hadoop.http.HttpServer2$QuotingInputFilter)
2019-08-21 18:33:15,718 [Thread-332] INFO  http.HttpServer2 (HttpServer2.java:addFilter(948)) - Added filter static_user_filter (class=org.apache.hadoop.http.lib.StaticUserWebFilter$StaticUserFilter) to context hddsDatanode
2019-08-21 18:33:15,718 [Thread-332] INFO  http.HttpServer2 (HttpServer2.java:addFilter(958)) - Added filter static_user_filter (class=org.apache.hadoop.http.lib.StaticUserWebFilter$StaticUserFilter) to context logs
2019-08-21 18:33:15,718 [Thread-332] INFO  http.HttpServer2 (HttpServer2.java:addFilter(958)) - Added filter static_user_filter (class=org.apache.hadoop.http.lib.StaticUserWebFilter$StaticUserFilter) to context static
2019-08-21 18:33:15,719 [Thread-332] INFO  http.HttpServer2 (HttpServer2.java:bindListener(1191)) - Jetty bound to port 42398
2019-08-21 18:33:15,719 [Thread-332] INFO  server.Server (Server.java:doStart(351)) - jetty-9.3.24.v20180605, build timestamp: 2018-06-05T17:11:56Z, git hash: 84205aa28f11a4f31f2a3b86d1bba2cc8ab69827
2019-08-21 18:33:15,722 [Thread-332] INFO  handler.ContextHandler (ContextHandler.java:doStart(781)) - Started o.e.j.s.ServletContextHandler@436c46a9{/logs,file:///workdir/hadoop-ozone/integration-test/target/log,AVAILABLE}
2019-08-21 18:33:15,722 [Thread-332] INFO  handler.ContextHandler (ContextHandler.java:doStart(781)) - Started o.e.j.s.ServletContextHandler@6dc63908{/static,jar:file:/home/user/.m2/repository/org/apache/hadoop/hadoop-hdds-container-service/0.5.0-SNAPSHOT/hadoop-hdds-container-service-0.5.0-SNAPSHOT.jar!/webapps/static,AVAILABLE}
2019-08-21 18:33:15,761 [Thread-332] INFO  handler.ContextHandler (ContextHandler.java:doStart(781)) - Started o.e.j.w.WebAppContext@31598ab2{/,file:///tmp/jetty-0.0.0.0-42398-hddsDatanode-_-any-5666781100123458082.dir/webapp/,AVAILABLE}{/hddsDatanode}
2019-08-21 18:33:15,762 [Thread-332] INFO  server.AbstractConnector (AbstractConnector.java:doStart(278)) - Started ServerConnector@75a7963{HTTP/1.1,[http/1.1]}{0.0.0.0:42398}
2019-08-21 18:33:15,763 [Thread-332] INFO  server.Server (Server.java:doStart(419)) - Started @39845ms
2019-08-21 18:33:15,763 [Thread-332] INFO  server.BaseHttpServer (BaseHttpServer.java:updateConnectorAddress(213)) - HTTP server of HDDSDATANODE is listening at http://0.0.0.0:42398
2019-08-21 18:33:15,912 | INFO  | ObjectStoreRestHttpServer | Listening HDDS REST traffic on /0.0.0.0:38857 |  
2019-08-21 18:33:15,912 [Thread-332] INFO  ozone.HddsDatanodeService (HddsDatanodeService.java:startPlugins(395)) - Started plug-in org.apache.hadoop.ozone.web.OzoneHddsDatanodeService@1c6358f8
2019-08-21 18:33:15,913 [Thread-332] INFO  impl.MetricsSystemImpl (MetricsSystemImpl.java:init(158)) - HddsDatanode metrics system started (again)
2019-08-21 18:33:15,915 [Thread-332] INFO  ozone.HddsDatanodeService (HddsDatanodeService.java:start(184)) - HddsDatanodeService host:pr-hdds-1998-57vr7-880049069 ip:192.168.36.125
2019-08-21 18:33:15,916 [org.apache.hadoop.util.JvmPauseMonitor$Monitor@3e63bdd3] INFO  util.JvmPauseMonitor (JvmPauseMonitor.java:run(188)) - Starting JVM pause monitor
2019-08-21 18:33:15,919 [Datanode State Machine Thread - 0] INFO  datanode.InitDatanodeState (InitDatanodeState.java:persistContainerDatanodeDetails(140)) - DatanodeDetails is persisted to /workdir/hadoop-ozone/integration-test/target/test-dir/MiniOzoneClusterImpl-3d3f5e5e-1edb-4139-a191-6ae7dfb25aa0/datanode-1/meta/datanode.id
2019-08-21 18:33:15,923 [Thread-332] INFO  volume.HddsVolume (HddsVolume.java:<init>(176)) - Creating Volume: /workdir/hadoop-ozone/integration-test/target/test-dir/MiniOzoneClusterImpl-3d3f5e5e-1edb-4139-a191-6ae7dfb25aa0/datanode-2/data/containers/hdds of  storage type : DISK and capacity : 1482555576320
2019-08-21 18:33:15,923 [Thread-332] INFO  volume.VolumeSet (VolumeSet.java:initializeVolumeSet(170)) - Added Volume : /workdir/hadoop-ozone/integration-test/target/test-dir/MiniOzoneClusterImpl-3d3f5e5e-1edb-4139-a191-6ae7dfb25aa0/datanode-2/data/containers/hdds to VolumeSet
2019-08-21 18:33:15,923 [Thread-332] INFO  volume.ThrottledAsyncChecker (ThrottledAsyncChecker.java:schedule(140)) - Scheduling a check for org.apache.hadoop.ozone.container.common.volume.HddsVolume@11bd09f7
2019-08-21 18:33:15,924 [Thread-332] INFO  volume.HddsVolumeChecker (HddsVolumeChecker.java:checkAllVolumes(203)) - Scheduled health check for volume org.apache.hadoop.ozone.container.common.volume.HddsVolume@11bd09f7
2019-08-21 18:33:15,941 [Thread-332] INFO  impl.RaftServerProxy (ConfUtils.java:logGet(43)) - raft.rpc.type = GRPC (default)
2019-08-21 18:33:15,941 [Thread-332] INFO  grpc.GrpcFactory (GrpcFactory.java:checkPooledByteBufAllocatorUseCacheForAllThreads(45)) - PERFORMANCE WARNING: useCacheForAllThreads is true that may cause Netty to create a lot garbage objects and, as a result, trigger GC.
	It is recommended to disable useCacheForAllThreads by setting -Dorg.apache.ratis.thirdparty.io.netty.allocator.useCacheForAllThreads=false in command line.
2019-08-21 18:33:15,941 [Thread-332] INFO  grpc.GrpcConfigKeys$Server (ConfUtils.java:logGet(43)) - raft.grpc.server.port = 0 (default)
2019-08-21 18:33:15,941 [Thread-332] INFO  server.GrpcService (ConfUtils.java:logGet(43)) - raft.grpc.message.size.max = 33570816 (custom)
2019-08-21 18:33:15,941 [Thread-332] INFO  server.RaftServerConfigKeys (ConfUtils.java:logGet(43)) - raft.server.log.appender.buffer.byte-limit = 33554432 (custom)
2019-08-21 18:33:15,942 [Thread-332] INFO  server.GrpcService (ConfUtils.java:logGet(43)) - raft.grpc.flow.control.window = 1MB (=1048576) (default)
2019-08-21 18:33:15,942 [Thread-332] INFO  server.RaftServerConfigKeys (ConfUtils.java:logGet(43)) - raft.server.rpc.request.timeout = 3000ms (default)
2019-08-21 18:33:15,942 [Thread-332] INFO  server.RaftServerConfigKeys (ConfUtils.java:logGet(43)) - raft.server.storage.dir = [/workdir/hadoop-ozone/integration-test/target/test-dir/MiniOzoneClusterImpl-3d3f5e5e-1edb-4139-a191-6ae7dfb25aa0/datanode-2/data/ratis] (custom)
2019-08-21 18:33:15,943 [Thread-332] INFO  replication.SimpleContainerDownloader (SimpleContainerDownloader.java:<init>(72)) - Starting container downloader service to copy containers to replicate.
2019-08-21 18:33:15,944 [Thread-332] INFO  hdfs.DFSUtil (DFSUtil.java:httpServerTemplateForNNAndJN(1641)) - Starting Web-server for hddsDatanode at: http://0.0.0.0:0
2019-08-21 18:33:15,946 [Thread-332] INFO  server.AuthenticationFilter (AuthenticationFilter.java:constructSecretProvider(240)) - Unable to initialize FileSignerSecretProvider, falling back to use random secrets.
2019-08-21 18:33:15,947 [Thread-332] WARN  http.HttpRequestLog (HttpRequestLog.java:getRequestLog(97)) - Jetty request log can only be enabled using Log4j
2019-08-21 18:33:15,949 [Thread-332] INFO  http.HttpServer2 (HttpServer2.java:addGlobalFilter(975)) - Added global filter 'safety' (class=org.apache.hadoop.http.HttpServer2$QuotingInputFilter)
2019-08-21 18:33:15,950 [Thread-332] INFO  http.HttpServer2 (HttpServer2.java:addFilter(948)) - Added filter static_user_filter (class=org.apache.hadoop.http.lib.StaticUserWebFilter$StaticUserFilter) to context hddsDatanode
2019-08-21 18:33:15,950 [Thread-332] INFO  http.HttpServer2 (HttpServer2.java:addFilter(958)) - Added filter static_user_filter (class=org.apache.hadoop.http.lib.StaticUserWebFilter$StaticUserFilter) to context logs
2019-08-21 18:33:15,951 [Thread-332] INFO  http.HttpServer2 (HttpServer2.java:addFilter(958)) - Added filter static_user_filter (class=org.apache.hadoop.http.lib.StaticUserWebFilter$StaticUserFilter) to context static
2019-08-21 18:33:15,952 [Thread-332] INFO  http.HttpServer2 (HttpServer2.java:bindListener(1191)) - Jetty bound to port 33507
2019-08-21 18:33:15,952 [Thread-332] INFO  server.Server (Server.java:doStart(351)) - jetty-9.3.24.v20180605, build timestamp: 2018-06-05T17:11:56Z, git hash: 84205aa28f11a4f31f2a3b86d1bba2cc8ab69827
2019-08-21 18:33:15,954 [Thread-332] INFO  handler.ContextHandler (ContextHandler.java:doStart(781)) - Started o.e.j.s.ServletContextHandler@781740c5{/logs,file:///workdir/hadoop-ozone/integration-test/target/log,AVAILABLE}
2019-08-21 18:33:15,955 [Thread-332] INFO  handler.ContextHandler (ContextHandler.java:doStart(781)) - Started o.e.j.s.ServletContextHandler@1d81efd{/static,jar:file:/home/user/.m2/repository/org/apache/hadoop/hadoop-hdds-container-service/0.5.0-SNAPSHOT/hadoop-hdds-container-service-0.5.0-SNAPSHOT.jar!/webapps/static,AVAILABLE}
2019-08-21 18:33:15,998 [Thread-332] INFO  handler.ContextHandler (ContextHandler.java:doStart(781)) - Started o.e.j.w.WebAppContext@4919ca49{/,file:///tmp/jetty-0.0.0.0-33507-hddsDatanode-_-any-1678918951894210612.dir/webapp/,AVAILABLE}{/hddsDatanode}
2019-08-21 18:33:15,998 [Thread-332] INFO  server.AbstractConnector (AbstractConnector.java:doStart(278)) - Started ServerConnector@37101c8b{HTTP/1.1,[http/1.1]}{0.0.0.0:33507}
2019-08-21 18:33:15,999 [Thread-332] INFO  server.Server (Server.java:doStart(419)) - Started @40081ms
2019-08-21 18:33:16,000 [Thread-332] INFO  server.BaseHttpServer (BaseHttpServer.java:updateConnectorAddress(213)) - HTTP server of HDDSDATANODE is listening at http://0.0.0.0:33507
2019-08-21 18:33:16,154 | INFO  | ObjectStoreRestHttpServer | Listening HDDS REST traffic on /0.0.0.0:44112 |  
2019-08-21 18:33:16,154 [Thread-332] INFO  ozone.HddsDatanodeService (HddsDatanodeService.java:startPlugins(395)) - Started plug-in org.apache.hadoop.ozone.web.OzoneHddsDatanodeService@20c1a647
2019-08-21 18:33:16,155 [Thread-332] INFO  ozone.MiniOzoneClusterImpl (MiniOzoneClusterImpl.java:lambda$waitForClusterToBeReady$0(142)) - Waiting for cluster to be ready. Got 0 of 3 DN Heartbeats.
2019-08-21 18:33:16,158 [org.apache.hadoop.util.JvmPauseMonitor$Monitor@189eda36] INFO  util.JvmPauseMonitor (JvmPauseMonitor.java:run(188)) - Starting JVM pause monitor
2019-08-21 18:33:16,160 [Datanode State Machine Thread - 0] INFO  datanode.InitDatanodeState (InitDatanodeState.java:persistContainerDatanodeDetails(140)) - DatanodeDetails is persisted to /workdir/hadoop-ozone/integration-test/target/test-dir/MiniOzoneClusterImpl-3d3f5e5e-1edb-4139-a191-6ae7dfb25aa0/datanode-2/meta/datanode.id
2019-08-21 18:33:17,155 [Thread-332] INFO  ozone.MiniOzoneClusterImpl (MiniOzoneClusterImpl.java:lambda$waitForClusterToBeReady$0(142)) - Waiting for cluster to be ready. Got 0 of 3 DN Heartbeats.
2019-08-21 18:33:17,686 | INFO  | SCMAudit | user=jenkins1000 | ip=192.168.36.125 | op=GET_VERSION null | ret=SUCCESS |  
2019-08-21 18:33:17,712 [Datanode State Machine Thread - 0] INFO  ozoneimpl.OzoneContainer (OzoneContainer.java:start(186)) - Attempting to start container services.
2019-08-21 18:33:17,714 [Datanode State Machine Thread - 0] INFO  ozoneimpl.OzoneContainer (OzoneContainer.java:startContainerScrub(160)) - Background container scrubber has been disabled by hdds.containerscrub.enabled
2019-08-21 18:33:17,714 [Datanode State Machine Thread - 0] INFO  ratis.XceiverServerRatis (XceiverServerRatis.java:start(404)) - Starting XceiverServerRatis 1c10ef1a-c27e-4e26-8da7-bf8f905915b5 at port 0
2019-08-21 18:33:17,722 [Datanode State Machine Thread - 0] INFO  impl.RaftServerProxy (RaftServerProxy.java:lambda$start$3(299)) - 1c10ef1a-c27e-4e26-8da7-bf8f905915b5: start RPC server
2019-08-21 18:33:17,726 [Datanode State Machine Thread - 0] INFO  server.GrpcService (GrpcService.java:startImpl(149)) - 1c10ef1a-c27e-4e26-8da7-bf8f905915b5: GrpcService started, listening on 0.0.0.0/0.0.0.0:37842
2019-08-21 18:33:17,727 [Datanode State Machine Thread - 0] INFO  ratis.XceiverServerRatis (XceiverServerRatis.java:start(414)) - XceiverServerRatis 1c10ef1a-c27e-4e26-8da7-bf8f905915b5 is started using port 37842
2019-08-21 18:33:17,727 [Datanode State Machine Thread - 0] INFO  server.XceiverServerGrpc (XceiverServerGrpc.java:start(161)) - XceiverServerGrpc 1c10ef1a-c27e-4e26-8da7-bf8f905915b5 is started using port 42214
2019-08-21 18:33:17,918 | INFO  | SCMAudit | user=jenkins1000 | ip=192.168.36.125 | op=GET_VERSION null | ret=SUCCESS |  
2019-08-21 18:33:17,944 [Datanode State Machine Thread - 0] INFO  ozoneimpl.OzoneContainer (OzoneContainer.java:start(186)) - Attempting to start container services.
2019-08-21 18:33:17,946 [Datanode State Machine Thread - 0] INFO  ozoneimpl.OzoneContainer (OzoneContainer.java:startContainerScrub(160)) - Background container scrubber has been disabled by hdds.containerscrub.enabled
2019-08-21 18:33:17,946 [Datanode State Machine Thread - 0] INFO  ratis.XceiverServerRatis (XceiverServerRatis.java:start(404)) - Starting XceiverServerRatis 5cac240b-a5fb-443c-aa6a-5f791dcf7356 at port 0
2019-08-21 18:33:17,952 [Datanode State Machine Thread - 0] INFO  impl.RaftServerProxy (RaftServerProxy.java:lambda$start$3(299)) - 5cac240b-a5fb-443c-aa6a-5f791dcf7356: start RPC server
2019-08-21 18:33:17,954 [Datanode State Machine Thread - 0] INFO  server.GrpcService (GrpcService.java:startImpl(149)) - 5cac240b-a5fb-443c-aa6a-5f791dcf7356: GrpcService started, listening on 0.0.0.0/0.0.0.0:36833
2019-08-21 18:33:17,954 [Datanode State Machine Thread - 0] INFO  ratis.XceiverServerRatis (XceiverServerRatis.java:start(414)) - XceiverServerRatis 5cac240b-a5fb-443c-aa6a-5f791dcf7356 is started using port 36833
2019-08-21 18:33:17,956 [Datanode State Machine Thread - 0] INFO  server.XceiverServerGrpc (XceiverServerGrpc.java:start(161)) - XceiverServerGrpc 5cac240b-a5fb-443c-aa6a-5f791dcf7356 is started using port 35181
2019-08-21 18:33:18,155 [Thread-332] INFO  ozone.MiniOzoneClusterImpl (MiniOzoneClusterImpl.java:lambda$waitForClusterToBeReady$0(142)) - Waiting for cluster to be ready. Got 0 of 3 DN Heartbeats.
2019-08-21 18:33:18,159 | INFO  | SCMAudit | user=jenkins1000 | ip=192.168.36.125 | op=GET_VERSION null | ret=SUCCESS |  
2019-08-21 18:33:18,184 [Datanode State Machine Thread - 0] INFO  ozoneimpl.OzoneContainer (OzoneContainer.java:start(186)) - Attempting to start container services.
2019-08-21 18:33:18,187 [Datanode State Machine Thread - 0] INFO  ozoneimpl.OzoneContainer (OzoneContainer.java:startContainerScrub(160)) - Background container scrubber has been disabled by hdds.containerscrub.enabled
2019-08-21 18:33:18,187 [Datanode State Machine Thread - 0] INFO  ratis.XceiverServerRatis (XceiverServerRatis.java:start(404)) - Starting XceiverServerRatis 9b029079-a3a2-4c30-a15c-eadf046183c2 at port 0
2019-08-21 18:33:18,194 [Datanode State Machine Thread - 0] INFO  impl.RaftServerProxy (RaftServerProxy.java:lambda$start$3(299)) - 9b029079-a3a2-4c30-a15c-eadf046183c2: start RPC server
2019-08-21 18:33:18,200 [Datanode State Machine Thread - 0] INFO  server.GrpcService (GrpcService.java:startImpl(149)) - 9b029079-a3a2-4c30-a15c-eadf046183c2: GrpcService started, listening on 0.0.0.0/0.0.0.0:36224
2019-08-21 18:33:18,200 [Datanode State Machine Thread - 0] INFO  ratis.XceiverServerRatis (XceiverServerRatis.java:start(414)) - XceiverServerRatis 9b029079-a3a2-4c30-a15c-eadf046183c2 is started using port 36224
2019-08-21 18:33:18,201 [Datanode State Machine Thread - 0] INFO  server.XceiverServerGrpc (XceiverServerGrpc.java:start(161)) - XceiverServerGrpc 9b029079-a3a2-4c30-a15c-eadf046183c2 is started using port 35065
2019-08-21 18:33:19,156 [Thread-332] INFO  ozone.MiniOzoneClusterImpl (MiniOzoneClusterImpl.java:lambda$waitForClusterToBeReady$0(142)) - Waiting for cluster to be ready. Got 0 of 3 DN Heartbeats.
2019-08-21 18:33:19,685 [IPC Server handler 0 on 36546] INFO  net.NetworkTopology (NetworkTopologyImpl.java:add(110)) - Added a new node: /default-rack/1c10ef1a-c27e-4e26-8da7-bf8f905915b5
2019-08-21 18:33:19,687 [IPC Server handler 0 on 36546] INFO  node.SCMNodeManager (SCMNodeManager.java:register(273)) - Registered Data node : 1c10ef1a-c27e-4e26-8da7-bf8f905915b5{ip: 192.168.36.125, host: pr-hdds-1998-57vr7-880049069, networkLocation: /default-rack, certSerialId: null}
2019-08-21 18:33:19,691 [EventQueue-NodeRegistrationContainerReportForDataNodeSafeModeRule] INFO  safemode.SCMSafeModeManager (DataNodeSafeModeRule.java:process(71)) - SCM in safe mode. 1 DataNodes registered, 1 required.
2019-08-21 18:33:19,692 [EventQueue-NodeRegistrationContainerReportForDataNodeSafeModeRule] INFO  safemode.SCMSafeModeManager (SCMSafeModeManager.java:validateSafeModeExitRules(177)) - ScmSafeModeManager, all rules are successfully validated
2019-08-21 18:33:19,691 | INFO  | SCMAudit | user=jenkins1000 | ip=192.168.36.125 | op=REGISTER {datanodeDetails=1c10ef1a-c27e-4e26-8da7-bf8f905915b5{ip: 192.168.36.125, host: pr-hdds-1998-57vr7-880049069, networkLocation: /default-rack, certSerialId: null}} | ret=SUCCESS |  
2019-08-21 18:33:19,692 [EventQueue-NodeRegistrationContainerReportForDataNodeSafeModeRule] INFO  safemode.SCMSafeModeManager (SCMSafeModeManager.java:exitSafeMode(193)) - SCM exiting safe mode.
2019-08-21 18:33:19,718 [grpc-default-executor-0] INFO  impl.RaftServerProxy (RaftServerProxy.java:addNew(89)) - 1c10ef1a-c27e-4e26-8da7-bf8f905915b5: addNew group-AF3BD550A00D:[1c10ef1a-c27e-4e26-8da7-bf8f905915b5:192.168.36.125:37842] returns group-AF3BD550A00D:java.util.concurrent.CompletableFuture@180a0960[Not completed]
2019-08-21 18:33:19,720 [pool-113-thread-1] INFO  impl.RaftServerImpl (RaftServerImpl.java:<init>(93)) - 1c10ef1a-c27e-4e26-8da7-bf8f905915b5: new RaftServerImpl for group-AF3BD550A00D:[1c10ef1a-c27e-4e26-8da7-bf8f905915b5:192.168.36.125:37842] with ContainerStateMachine:uninitialized
2019-08-21 18:33:19,722 [pool-113-thread-1] INFO  server.RaftServerConfigKeys (ConfUtils.java:logGet(43)) - raft.server.rpc.timeout.min = 5s (custom)
2019-08-21 18:33:19,722 [pool-113-thread-1] INFO  server.RaftServerConfigKeys (ConfUtils.java:logGet(43)) - raft.server.rpc.timeout.max = 5200ms (custom)
2019-08-21 18:33:19,722 [pool-113-thread-1] INFO  server.RaftServerConfigKeys (ConfUtils.java:logGet(43)) - raft.server.rpcslowness.timeout = 120s (custom)
2019-08-21 18:33:19,722 [pool-113-thread-1] INFO  server.RaftServerConfigKeys (ConfUtils.java:logGet(43)) - raft.server.sleep.deviation.threshold = 300 (default)
2019-08-21 18:33:19,722 [pool-113-thread-1] INFO  server.RaftServerConfigKeys (ConfUtils.java:logGet(43)) - raft.server.log.appender.install.snapshot.enabled = false (custom)
2019-08-21 18:33:19,723 [pool-113-thread-1] INFO  impl.RaftServerImpl (ServerState.java:<init>(105)) - 1c10ef1a-c27e-4e26-8da7-bf8f905915b5:group-AF3BD550A00D ConfigurationManager, init=-1: [1c10ef1a-c27e-4e26-8da7-bf8f905915b5:192.168.36.125:37842], old=null, confs=<EMPTY_MAP>
2019-08-21 18:33:19,723 [pool-113-thread-1] INFO  server.RaftServerConfigKeys (ConfUtils.java:logGet(43)) - raft.server.storage.dir = [/workdir/hadoop-ozone/integration-test/target/test-dir/MiniOzoneClusterImpl-3d3f5e5e-1edb-4139-a191-6ae7dfb25aa0/datanode-0/data/ratis] (custom)
2019-08-21 18:33:19,723 [pool-113-thread-1] INFO  storage.RaftStorageDirectory (RaftStorageDirectory.java:analyzeStorage(246)) - The storage directory /workdir/hadoop-ozone/integration-test/target/test-dir/MiniOzoneClusterImpl-3d3f5e5e-1edb-4139-a191-6ae7dfb25aa0/datanode-0/data/ratis/fea453f9-2a90-4e35-b9bb-af3bd550a00d does not exist. Creating ...
2019-08-21 18:33:19,747 [pool-113-thread-1] INFO  storage.RaftStorageDirectory (RaftStorageDirectory.java:tryLock(328)) - Lock on /workdir/hadoop-ozone/integration-test/target/test-dir/MiniOzoneClusterImpl-3d3f5e5e-1edb-4139-a191-6ae7dfb25aa0/datanode-0/data/ratis/fea453f9-2a90-4e35-b9bb-af3bd550a00d/in_use.lock acquired by nodename 4936@pr-hdds-1998-57vr7-880049069
2019-08-21 18:33:19,764 [pool-113-thread-1] INFO  storage.RaftStorage (RaftStorage.java:format(72)) - Storage directory /workdir/hadoop-ozone/integration-test/target/test-dir/MiniOzoneClusterImpl-3d3f5e5e-1edb-4139-a191-6ae7dfb25aa0/datanode-0/data/ratis/fea453f9-2a90-4e35-b9bb-af3bd550a00d has been successfully formatted.
2019-08-21 18:33:19,765 [pool-113-thread-1] INFO  ratis.ContainerStateMachine (ContainerStateMachine.java:loadSnapshot(226)) - group-AF3BD550A00D: The snapshot info is null. Setting the last applied indexto:(t:0, i:~)
2019-08-21 18:33:19,765 [pool-113-thread-1] INFO  server.RaftServerConfigKeys (ConfUtils.java:logGet(43)) - raft.server.leader.election.timeout = 120s (custom)
2019-08-21 18:33:19,765 [pool-113-thread-1] INFO  server.RaftServerConfigKeys (ConfUtils.java:logGet(43)) - raft.server.log.use.memory = false (default)
2019-08-21 18:33:19,765 [pool-113-thread-1] INFO  server.RaftServerConfigKeys (ConfUtils.java:logGet(43)) - raft.server.log.purge.gap = 1000000 (custom)
2019-08-21 18:33:19,766 [pool-113-thread-1] INFO  server.RaftServerConfigKeys (ConfUtils.java:logGet(43)) - raft.server.log.appender.buffer.byte-limit = 33554432 (custom)
2019-08-21 18:33:19,766 [pool-113-thread-1] INFO  server.RaftServerConfigKeys (ConfUtils.java:logGet(43)) - raft.server.log.segment.size.max = 1048576 (custom)
2019-08-21 18:33:19,766 [pool-113-thread-1] INFO  server.RaftServerConfigKeys (ConfUtils.java:logGet(43)) - raft.server.log.segment.cache.num.max = 2 (custom)
2019-08-21 18:33:19,766 [pool-113-thread-1] INFO  segmented.SegmentedRaftLogWorker (SegmentedRaftLogWorker.java:<init>(172)) - new 1c10ef1a-c27e-4e26-8da7-bf8f905915b5-SegmentedRaftLogWorker:Storage Directory /workdir/hadoop-ozone/integration-test/target/test-dir/MiniOzoneClusterImpl-3d3f5e5e-1edb-4139-a191-6ae7dfb25aa0/datanode-0/data/ratis/fea453f9-2a90-4e35-b9bb-af3bd550a00d for RaftStorage:Storage Directory /workdir/hadoop-ozone/integration-test/target/test-dir/MiniOzoneClusterImpl-3d3f5e5e-1edb-4139-a191-6ae7dfb25aa0/datanode-0/data/ratis/fea453f9-2a90-4e35-b9bb-af3bd550a00d
2019-08-21 18:33:19,767 [pool-113-thread-1] INFO  server.RaftServerConfigKeys (ConfUtils.java:logGet(43)) - raft.server.log.queue.byte-limit = 2147483647 (custom)
2019-08-21 18:33:19,767 [pool-113-thread-1] INFO  server.RaftServerConfigKeys (ConfUtils.java:logGet(43)) - raft.server.log.queue.element-limit = 1024 (custom)
2019-08-21 18:33:19,767 [pool-113-thread-1] INFO  server.RaftServerConfigKeys (ConfUtils.java:logGet(43)) - raft.server.log.segment.size.max = 1048576 (custom)
2019-08-21 18:33:19,768 [pool-113-thread-1] INFO  server.RaftServerConfigKeys (ConfUtils.java:logGet(43)) - raft.server.log.preallocated.size = 16384 (custom)
2019-08-21 18:33:19,768 [pool-113-thread-1] INFO  server.RaftServerConfigKeys (ConfUtils.java:logGet(43)) - raft.server.log.write.buffer.size = 33554432 (custom)
2019-08-21 18:33:19,768 [pool-113-thread-1] INFO  server.RaftServerConfigKeys (ConfUtils.java:logGet(43)) - raft.server.log.force.sync.num = 128 (default)
2019-08-21 18:33:19,768 [pool-113-thread-1] INFO  server.RaftServerConfigKeys (ConfUtils.java:logGet(43)) - raft.server.log.statemachine.data.sync = true (default)
2019-08-21 18:33:19,768 [pool-113-thread-1] INFO  server.RaftServerConfigKeys (ConfUtils.java:logGet(43)) - raft.server.log.statemachine.data.sync.timeout = 10s (default)
2019-08-21 18:33:19,769 [pool-113-thread-1] INFO  server.RaftServerConfigKeys (ConfUtils.java:logGet(43)) - raft.server.log.statemachine.data.sync.timeout.retry = -1 (default)
2019-08-21 18:33:19,769 [pool-113-thread-1] INFO  server.RaftServerConfigKeys (ConfUtils.java:logGet(43)) - raft.server.log.statemachine.data.caching.enabled = true (custom)
2019-08-21 18:33:19,769 [pool-113-thread-1] INFO  segmented.SegmentedRaftLogWorker (SegmentedRaftLogWorker.java:lambda$new$0(132)) - 1c10ef1a-c27e-4e26-8da7-bf8f905915b5-SegmentedRaftLogWorker:Storage Directory /workdir/hadoop-ozone/integration-test/target/test-dir/MiniOzoneClusterImpl-3d3f5e5e-1edb-4139-a191-6ae7dfb25aa0/datanode-0/data/ratis/fea453f9-2a90-4e35-b9bb-af3bd550a00d: flushIndex: setUnconditionally 0 -> -1
2019-08-21 18:33:19,770 [pool-113-thread-1] INFO  server.RaftServerConfigKeys (ConfUtils.java:logGet(43)) - raft.server.snapshot.auto.trigger.enabled = true (custom)
2019-08-21 18:33:19,770 [pool-113-thread-1] INFO  server.RaftServerConfigKeys (ConfUtils.java:logGet(43)) - raft.server.snapshot.auto.trigger.threshold = 10000 (custom)
2019-08-21 18:33:19,770 [pool-113-thread-1] INFO  server.RaftServerConfigKeys (ConfUtils.java:logGet(43)) - raft.server.retrycache.expirytime = 600000ms (custom)
2019-08-21 18:33:19,771 [pool-113-thread-1] INFO  impl.RaftServerImpl (RaftServerImpl.java:start(180)) - 1c10ef1a-c27e-4e26-8da7-bf8f905915b5: start group-AF3BD550A00D
2019-08-21 18:33:19,771 [pool-113-thread-1] INFO  impl.RaftServerImpl (RaftServerImpl.java:setRole(171)) - 1c10ef1a-c27e-4e26-8da7-bf8f905915b5:group-AF3BD550A00D changes role from null to FOLLOWER at term 0 for startAsFollower
2019-08-21 18:33:19,771 [pool-113-thread-1] INFO  impl.RoleInfo (RoleInfo.java:updateAndGet(143)) - 1c10ef1a-c27e-4e26-8da7-bf8f905915b5: start FollowerState
2019-08-21 18:33:19,772 [pool-113-thread-1] INFO  util.JmxRegister (JmxRegister.java:tryRegister(44)) - Successfully registered JMX Bean with object name Ratis:service=RaftServer,group=group-AF3BD550A00D,id=1c10ef1a-c27e-4e26-8da7-bf8f905915b5
2019-08-21 18:33:19,780 [RatisPipelineUtilsThread] INFO  pipeline.PipelineStateManager (PipelineStateManager.java:addPipeline(56)) - Created pipeline Pipeline[ Id: fea453f9-2a90-4e35-b9bb-af3bd550a00d, Nodes: 1c10ef1a-c27e-4e26-8da7-bf8f905915b5{ip: 192.168.36.125, host: pr-hdds-1998-57vr7-880049069, networkLocation: /default-rack, certSerialId: null}, Type:RATIS, Factor:ONE, State:OPEN]
2019-08-21 18:33:19,918 [IPC Server handler 1 on 36546] INFO  net.NetworkTopology (NetworkTopologyImpl.java:add(110)) - Added a new node: /default-rack/5cac240b-a5fb-443c-aa6a-5f791dcf7356
2019-08-21 18:33:19,919 [IPC Server handler 1 on 36546] INFO  node.SCMNodeManager (SCMNodeManager.java:register(273)) - Registered Data node : 5cac240b-a5fb-443c-aa6a-5f791dcf7356{ip: 192.168.36.125, host: pr-hdds-1998-57vr7-880049069, networkLocation: /default-rack, certSerialId: null}
2019-08-21 18:33:19,920 | INFO  | SCMAudit | user=jenkins1000 | ip=192.168.36.125 | op=REGISTER {datanodeDetails=5cac240b-a5fb-443c-aa6a-5f791dcf7356{ip: 192.168.36.125, host: pr-hdds-1998-57vr7-880049069, networkLocation: /default-rack, certSerialId: null}} | ret=SUCCESS |  
2019-08-21 18:33:19,935 [grpc-default-executor-0] INFO  impl.RaftServerProxy (RaftServerProxy.java:addNew(89)) - 5cac240b-a5fb-443c-aa6a-5f791dcf7356: addNew group-964A85778C23:[5cac240b-a5fb-443c-aa6a-5f791dcf7356:192.168.36.125:36833] returns group-964A85778C23:java.util.concurrent.CompletableFuture@302ca843[Not completed]
2019-08-21 18:33:19,938 [pool-124-thread-1] INFO  impl.RaftServerImpl (RaftServerImpl.java:<init>(93)) - 5cac240b-a5fb-443c-aa6a-5f791dcf7356: new RaftServerImpl for group-964A85778C23:[5cac240b-a5fb-443c-aa6a-5f791dcf7356:192.168.36.125:36833] with ContainerStateMachine:uninitialized
2019-08-21 18:33:19,939 [pool-124-thread-1] INFO  server.RaftServerConfigKeys (ConfUtils.java:logGet(43)) - raft.server.rpc.timeout.min = 5s (custom)
2019-08-21 18:33:19,940 [pool-124-thread-1] INFO  server.RaftServerConfigKeys (ConfUtils.java:logGet(43)) - raft.server.rpc.timeout.max = 5200ms (custom)
2019-08-21 18:33:19,940 [pool-124-thread-1] INFO  server.RaftServerConfigKeys (ConfUtils.java:logGet(43)) - raft.server.rpcslowness.timeout = 120s (custom)
2019-08-21 18:33:19,940 [pool-124-thread-1] INFO  server.RaftServerConfigKeys (ConfUtils.java:logGet(43)) - raft.server.sleep.deviation.threshold = 300 (default)
2019-08-21 18:33:19,940 [pool-124-thread-1] INFO  server.RaftServerConfigKeys (ConfUtils.java:logGet(43)) - raft.server.log.appender.install.snapshot.enabled = false (custom)
2019-08-21 18:33:19,940 [pool-124-thread-1] INFO  impl.RaftServerImpl (ServerState.java:<init>(105)) - 5cac240b-a5fb-443c-aa6a-5f791dcf7356:group-964A85778C23 ConfigurationManager, init=-1: [5cac240b-a5fb-443c-aa6a-5f791dcf7356:192.168.36.125:36833], old=null, confs=<EMPTY_MAP>
2019-08-21 18:33:19,941 [pool-124-thread-1] INFO  server.RaftServerConfigKeys (ConfUtils.java:logGet(43)) - raft.server.storage.dir = [/workdir/hadoop-ozone/integration-test/target/test-dir/MiniOzoneClusterImpl-3d3f5e5e-1edb-4139-a191-6ae7dfb25aa0/datanode-1/data/ratis] (custom)
2019-08-21 18:33:19,942 [pool-124-thread-1] INFO  storage.RaftStorageDirectory (RaftStorageDirectory.java:analyzeStorage(246)) - The storage directory /workdir/hadoop-ozone/integration-test/target/test-dir/MiniOzoneClusterImpl-3d3f5e5e-1edb-4139-a191-6ae7dfb25aa0/datanode-1/data/ratis/47350ca0-e77e-401c-9fe9-964a85778c23 does not exist. Creating ...
2019-08-21 18:33:19,965 [pool-124-thread-1] INFO  storage.RaftStorageDirectory (RaftStorageDirectory.java:tryLock(328)) - Lock on /workdir/hadoop-ozone/integration-test/target/test-dir/MiniOzoneClusterImpl-3d3f5e5e-1edb-4139-a191-6ae7dfb25aa0/datanode-1/data/ratis/47350ca0-e77e-401c-9fe9-964a85778c23/in_use.lock acquired by nodename 4936@pr-hdds-1998-57vr7-880049069
2019-08-21 18:33:19,990 [pool-124-thread-1] INFO  storage.RaftStorage (RaftStorage.java:format(72)) - Storage directory /workdir/hadoop-ozone/integration-test/target/test-dir/MiniOzoneClusterImpl-3d3f5e5e-1edb-4139-a191-6ae7dfb25aa0/datanode-1/data/ratis/47350ca0-e77e-401c-9fe9-964a85778c23 has been successfully formatted.
2019-08-21 18:33:19,990 [pool-124-thread-1] INFO  ratis.ContainerStateMachine (ContainerStateMachine.java:loadSnapshot(226)) - group-964A85778C23: The snapshot info is null. Setting the last applied indexto:(t:0, i:~)
2019-08-21 18:33:19,991 [pool-124-thread-1] INFO  server.RaftServerConfigKeys (ConfUtils.java:logGet(43)) - raft.server.leader.election.timeout = 120s (custom)
2019-08-21 18:33:19,991 [pool-124-thread-1] INFO  server.RaftServerConfigKeys (ConfUtils.java:logGet(43)) - raft.server.log.use.memory = false (default)
2019-08-21 18:33:19,991 [pool-124-thread-1] INFO  server.RaftServerConfigKeys (ConfUtils.java:logGet(43)) - raft.server.log.purge.gap = 1000000 (custom)
2019-08-21 18:33:19,991 [pool-124-thread-1] INFO  server.RaftServerConfigKeys (ConfUtils.java:logGet(43)) - raft.server.log.appender.buffer.byte-limit = 33554432 (custom)
2019-08-21 18:33:19,991 [pool-124-thread-1] INFO  server.RaftServerConfigKeys (ConfUtils.java:logGet(43)) - raft.server.log.segment.size.max = 1048576 (custom)
2019-08-21 18:33:19,992 [pool-124-thread-1] INFO  server.RaftServerConfigKeys (ConfUtils.java:logGet(43)) - raft.server.log.segment.cache.num.max = 2 (custom)
2019-08-21 18:33:19,992 [pool-124-thread-1] INFO  segmented.SegmentedRaftLogWorker (SegmentedRaftLogWorker.java:<init>(172)) - new 5cac240b-a5fb-443c-aa6a-5f791dcf7356-SegmentedRaftLogWorker:Storage Directory /workdir/hadoop-ozone/integration-test/target/test-dir/MiniOzoneClusterImpl-3d3f5e5e-1edb-4139-a191-6ae7dfb25aa0/datanode-1/data/ratis/47350ca0-e77e-401c-9fe9-964a85778c23 for RaftStorage:Storage Directory /workdir/hadoop-ozone/integration-test/target/test-dir/MiniOzoneClusterImpl-3d3f5e5e-1edb-4139-a191-6ae7dfb25aa0/datanode-1/data/ratis/47350ca0-e77e-401c-9fe9-964a85778c23
2019-08-21 18:33:19,992 [pool-124-thread-1] INFO  server.RaftServerConfigKeys (ConfUtils.java:logGet(43)) - raft.server.log.queue.byte-limit = 2147483647 (custom)
2019-08-21 18:33:19,992 [pool-124-thread-1] INFO  server.RaftServerConfigKeys (ConfUtils.java:logGet(43)) - raft.server.log.queue.element-limit = 1024 (custom)
2019-08-21 18:33:19,993 [pool-124-thread-1] INFO  server.RaftServerConfigKeys (ConfUtils.java:logGet(43)) - raft.server.log.segment.size.max = 1048576 (custom)
2019-08-21 18:33:19,993 [pool-124-thread-1] INFO  server.RaftServerConfigKeys (ConfUtils.java:logGet(43)) - raft.server.log.preallocated.size = 16384 (custom)
2019-08-21 18:33:19,993 [pool-124-thread-1] INFO  server.RaftServerConfigKeys (ConfUtils.java:logGet(43)) - raft.server.log.write.buffer.size = 33554432 (custom)
2019-08-21 18:33:19,993 [pool-124-thread-1] INFO  server.RaftServerConfigKeys (ConfUtils.java:logGet(43)) - raft.server.log.force.sync.num = 128 (default)
2019-08-21 18:33:19,993 [pool-124-thread-1] INFO  server.RaftServerConfigKeys (ConfUtils.java:logGet(43)) - raft.server.log.statemachine.data.sync = true (default)
2019-08-21 18:33:19,994 [pool-124-thread-1] INFO  server.RaftServerConfigKeys (ConfUtils.java:logGet(43)) - raft.server.log.statemachine.data.sync.timeout = 10s (default)
2019-08-21 18:33:19,994 [pool-124-thread-1] INFO  server.RaftServerConfigKeys (ConfUtils.java:logGet(43)) - raft.server.log.statemachine.data.sync.timeout.retry = -1 (default)
2019-08-21 18:33:19,994 [pool-124-thread-1] INFO  server.RaftServerConfigKeys (ConfUtils.java:logGet(43)) - raft.server.log.statemachine.data.caching.enabled = true (custom)
2019-08-21 18:33:19,995 [pool-124-thread-1] INFO  segmented.SegmentedRaftLogWorker (SegmentedRaftLogWorker.java:lambda$new$0(132)) - 5cac240b-a5fb-443c-aa6a-5f791dcf7356-SegmentedRaftLogWorker:Storage Directory /workdir/hadoop-ozone/integration-test/target/test-dir/MiniOzoneClusterImpl-3d3f5e5e-1edb-4139-a191-6ae7dfb25aa0/datanode-1/data/ratis/47350ca0-e77e-401c-9fe9-964a85778c23: flushIndex: setUnconditionally 0 -> -1
2019-08-21 18:33:19,995 [pool-124-thread-1] INFO  server.RaftServerConfigKeys (ConfUtils.java:logGet(43)) - raft.server.snapshot.auto.trigger.enabled = true (custom)
2019-08-21 18:33:19,995 [pool-124-thread-1] INFO  server.RaftServerConfigKeys (ConfUtils.java:logGet(43)) - raft.server.snapshot.auto.trigger.threshold = 10000 (custom)
2019-08-21 18:33:19,996 [pool-124-thread-1] INFO  server.RaftServerConfigKeys (ConfUtils.java:logGet(43)) - raft.server.retrycache.expirytime = 600000ms (custom)
2019-08-21 18:33:19,996 [pool-124-thread-1] INFO  impl.RaftServerImpl (RaftServerImpl.java:start(180)) - 5cac240b-a5fb-443c-aa6a-5f791dcf7356: start group-964A85778C23
2019-08-21 18:33:19,996 [pool-124-thread-1] INFO  impl.RaftServerImpl (RaftServerImpl.java:setRole(171)) - 5cac240b-a5fb-443c-aa6a-5f791dcf7356:group-964A85778C23 changes role from null to FOLLOWER at term 0 for startAsFollower
2019-08-21 18:33:19,996 [pool-124-thread-1] INFO  impl.RoleInfo (RoleInfo.java:updateAndGet(143)) - 5cac240b-a5fb-443c-aa6a-5f791dcf7356: start FollowerState
2019-08-21 18:33:20,002 [pool-124-thread-1] INFO  util.JmxRegister (JmxRegister.java:tryRegister(44)) - Successfully registered JMX Bean with object name Ratis:service=RaftServer,group=group-964A85778C23,id=5cac240b-a5fb-443c-aa6a-5f791dcf7356
2019-08-21 18:33:20,011 [RatisPipelineUtilsThread] INFO  pipeline.PipelineStateManager (PipelineStateManager.java:addPipeline(56)) - Created pipeline Pipeline[ Id: 47350ca0-e77e-401c-9fe9-964a85778c23, Nodes: 5cac240b-a5fb-443c-aa6a-5f791dcf7356{ip: 192.168.36.125, host: pr-hdds-1998-57vr7-880049069, networkLocation: /default-rack, certSerialId: null}, Type:RATIS, Factor:ONE, State:OPEN]
2019-08-21 18:33:20,156 [Thread-332] INFO  ozone.MiniOzoneClusterImpl (MiniOzoneClusterImpl.java:lambda$waitForClusterToBeReady$0(142)) - Waiting for cluster to be ready. Got 2 of 3 DN Heartbeats.
2019-08-21 18:33:20,159 [IPC Server handler 2 on 36546] INFO  net.NetworkTopology (NetworkTopologyImpl.java:add(110)) - Added a new node: /default-rack/9b029079-a3a2-4c30-a15c-eadf046183c2
2019-08-21 18:33:20,160 [IPC Server handler 2 on 36546] INFO  node.SCMNodeManager (SCMNodeManager.java:register(273)) - Registered Data node : 9b029079-a3a2-4c30-a15c-eadf046183c2{ip: 192.168.36.125, host: pr-hdds-1998-57vr7-880049069, networkLocation: /default-rack, certSerialId: null}
2019-08-21 18:33:20,160 | INFO  | SCMAudit | user=jenkins1000 | ip=192.168.36.125 | op=REGISTER {datanodeDetails=9b029079-a3a2-4c30-a15c-eadf046183c2{ip: 192.168.36.125, host: pr-hdds-1998-57vr7-880049069, networkLocation: /default-rack, certSerialId: null}} | ret=SUCCESS |  
2019-08-21 18:33:20,172 [grpc-default-executor-0] INFO  impl.RaftServerProxy (RaftServerProxy.java:addNew(89)) - 9b029079-a3a2-4c30-a15c-eadf046183c2: addNew group-5D21773B8657:[9b029079-a3a2-4c30-a15c-eadf046183c2:192.168.36.125:36224] returns group-5D21773B8657:java.util.concurrent.CompletableFuture@7e93b456[Not completed]
2019-08-21 18:33:20,174 [pool-135-thread-1] INFO  impl.RaftServerImpl (RaftServerImpl.java:<init>(93)) - 9b029079-a3a2-4c30-a15c-eadf046183c2: new RaftServerImpl for group-5D21773B8657:[9b029079-a3a2-4c30-a15c-eadf046183c2:192.168.36.125:36224] with ContainerStateMachine:uninitialized
2019-08-21 18:33:20,176 [pool-135-thread-1] INFO  server.RaftServerConfigKeys (ConfUtils.java:logGet(43)) - raft.server.rpc.timeout.min = 5s (custom)
2019-08-21 18:33:20,176 [pool-135-thread-1] INFO  server.RaftServerConfigKeys (ConfUtils.java:logGet(43)) - raft.server.rpc.timeout.max = 5200ms (custom)
2019-08-21 18:33:20,176 [pool-135-thread-1] INFO  server.RaftServerConfigKeys (ConfUtils.java:logGet(43)) - raft.server.rpcslowness.timeout = 120s (custom)
2019-08-21 18:33:20,176 [pool-135-thread-1] INFO  server.RaftServerConfigKeys (ConfUtils.java:logGet(43)) - raft.server.sleep.deviation.threshold = 300 (default)
2019-08-21 18:33:20,176 [pool-135-thread-1] INFO  server.RaftServerConfigKeys (ConfUtils.java:logGet(43)) - raft.server.log.appender.install.snapshot.enabled = false (custom)
2019-08-21 18:33:20,176 [pool-135-thread-1] INFO  impl.RaftServerImpl (ServerState.java:<init>(105)) - 9b029079-a3a2-4c30-a15c-eadf046183c2:group-5D21773B8657 ConfigurationManager, init=-1: [9b029079-a3a2-4c30-a15c-eadf046183c2:192.168.36.125:36224], old=null, confs=<EMPTY_MAP>
2019-08-21 18:33:20,176 [pool-135-thread-1] INFO  server.RaftServerConfigKeys (ConfUtils.java:logGet(43)) - raft.server.storage.dir = [/workdir/hadoop-ozone/integration-test/target/test-dir/MiniOzoneClusterImpl-3d3f5e5e-1edb-4139-a191-6ae7dfb25aa0/datanode-2/data/ratis] (custom)
2019-08-21 18:33:20,177 [pool-135-thread-1] INFO  storage.RaftStorageDirectory (RaftStorageDirectory.java:analyzeStorage(246)) - The storage directory /workdir/hadoop-ozone/integration-test/target/test-dir/MiniOzoneClusterImpl-3d3f5e5e-1edb-4139-a191-6ae7dfb25aa0/datanode-2/data/ratis/54f58dc3-5367-4fc6-b2e8-5d21773b8657 does not exist. Creating ...
2019-08-21 18:33:20,190 [pool-135-thread-1] INFO  storage.RaftStorageDirectory (RaftStorageDirectory.java:tryLock(328)) - Lock on /workdir/hadoop-ozone/integration-test/target/test-dir/MiniOzoneClusterImpl-3d3f5e5e-1edb-4139-a191-6ae7dfb25aa0/datanode-2/data/ratis/54f58dc3-5367-4fc6-b2e8-5d21773b8657/in_use.lock acquired by nodename 4936@pr-hdds-1998-57vr7-880049069
2019-08-21 18:33:20,207 [pool-135-thread-1] INFO  storage.RaftStorage (RaftStorage.java:format(72)) - Storage directory /workdir/hadoop-ozone/integration-test/target/test-dir/MiniOzoneClusterImpl-3d3f5e5e-1edb-4139-a191-6ae7dfb25aa0/datanode-2/data/ratis/54f58dc3-5367-4fc6-b2e8-5d21773b8657 has been successfully formatted.
2019-08-21 18:33:20,208 [pool-135-thread-1] INFO  ratis.ContainerStateMachine (ContainerStateMachine.java:loadSnapshot(226)) - group-5D21773B8657: The snapshot info is null. Setting the last applied indexto:(t:0, i:~)
2019-08-21 18:33:20,208 [pool-135-thread-1] INFO  server.RaftServerConfigKeys (ConfUtils.java:logGet(43)) - raft.server.leader.election.timeout = 120s (custom)
2019-08-21 18:33:20,208 [pool-135-thread-1] INFO  server.RaftServerConfigKeys (ConfUtils.java:logGet(43)) - raft.server.log.use.memory = false (default)
2019-08-21 18:33:20,208 [pool-135-thread-1] INFO  server.RaftServerConfigKeys (ConfUtils.java:logGet(43)) - raft.server.log.purge.gap = 1000000 (custom)
2019-08-21 18:33:20,208 [pool-135-thread-1] INFO  server.RaftServerConfigKeys (ConfUtils.java:logGet(43)) - raft.server.log.appender.buffer.byte-limit = 33554432 (custom)
2019-08-21 18:33:20,208 [pool-135-thread-1] INFO  server.RaftServerConfigKeys (ConfUtils.java:logGet(43)) - raft.server.log.segment.size.max = 1048576 (custom)
2019-08-21 18:33:20,209 [pool-135-thread-1] INFO  server.RaftServerConfigKeys (ConfUtils.java:logGet(43)) - raft.server.log.segment.cache.num.max = 2 (custom)
2019-08-21 18:33:20,209 [pool-135-thread-1] INFO  segmented.SegmentedRaftLogWorker (SegmentedRaftLogWorker.java:<init>(172)) - new 9b029079-a3a2-4c30-a15c-eadf046183c2-SegmentedRaftLogWorker:Storage Directory /workdir/hadoop-ozone/integration-test/target/test-dir/MiniOzoneClusterImpl-3d3f5e5e-1edb-4139-a191-6ae7dfb25aa0/datanode-2/data/ratis/54f58dc3-5367-4fc6-b2e8-5d21773b8657 for RaftStorage:Storage Directory /workdir/hadoop-ozone/integration-test/target/test-dir/MiniOzoneClusterImpl-3d3f5e5e-1edb-4139-a191-6ae7dfb25aa0/datanode-2/data/ratis/54f58dc3-5367-4fc6-b2e8-5d21773b8657
2019-08-21 18:33:20,209 [pool-135-thread-1] INFO  server.RaftServerConfigKeys (ConfUtils.java:logGet(43)) - raft.server.log.queue.byte-limit = 2147483647 (custom)
2019-08-21 18:33:20,209 [pool-135-thread-1] INFO  server.RaftServerConfigKeys (ConfUtils.java:logGet(43)) - raft.server.log.queue.element-limit = 1024 (custom)
2019-08-21 18:33:20,209 [pool-135-thread-1] INFO  server.RaftServerConfigKeys (ConfUtils.java:logGet(43)) - raft.server.log.segment.size.max = 1048576 (custom)
2019-08-21 18:33:20,210 [pool-135-thread-1] INFO  server.RaftServerConfigKeys (ConfUtils.java:logGet(43)) - raft.server.log.preallocated.size = 16384 (custom)
2019-08-21 18:33:20,210 [pool-135-thread-1] INFO  server.RaftServerConfigKeys (ConfUtils.java:logGet(43)) - raft.server.log.write.buffer.size = 33554432 (custom)
2019-08-21 18:33:20,210 [pool-135-thread-1] INFO  server.RaftServerConfigKeys (ConfUtils.java:logGet(43)) - raft.server.log.force.sync.num = 128 (default)
2019-08-21 18:33:20,210 [pool-135-thread-1] INFO  server.RaftServerConfigKeys (ConfUtils.java:logGet(43)) - raft.server.log.statemachine.data.sync = true (default)
2019-08-21 18:33:20,210 [pool-135-thread-1] INFO  server.RaftServerConfigKeys (ConfUtils.java:logGet(43)) - raft.server.log.statemachine.data.sync.timeout = 10s (default)
2019-08-21 18:33:20,210 [pool-135-thread-1] INFO  server.RaftServerConfigKeys (ConfUtils.java:logGet(43)) - raft.server.log.statemachine.data.sync.timeout.retry = -1 (default)
2019-08-21 18:33:20,211 [pool-135-thread-1] INFO  server.RaftServerConfigKeys (ConfUtils.java:logGet(43)) - raft.server.log.statemachine.data.caching.enabled = true (custom)
2019-08-21 18:33:20,211 [pool-135-thread-1] INFO  segmented.SegmentedRaftLogWorker (SegmentedRaftLogWorker.java:lambda$new$0(132)) - 9b029079-a3a2-4c30-a15c-eadf046183c2-SegmentedRaftLogWorker:Storage Directory /workdir/hadoop-ozone/integration-test/target/test-dir/MiniOzoneClusterImpl-3d3f5e5e-1edb-4139-a191-6ae7dfb25aa0/datanode-2/data/ratis/54f58dc3-5367-4fc6-b2e8-5d21773b8657: flushIndex: setUnconditionally 0 -> -1
2019-08-21 18:33:20,211 [pool-135-thread-1] INFO  server.RaftServerConfigKeys (ConfUtils.java:logGet(43)) - raft.server.snapshot.auto.trigger.enabled = true (custom)
2019-08-21 18:33:20,211 [pool-135-thread-1] INFO  server.RaftServerConfigKeys (ConfUtils.java:logGet(43)) - raft.server.snapshot.auto.trigger.threshold = 10000 (custom)
2019-08-21 18:33:20,212 [pool-135-thread-1] INFO  server.RaftServerConfigKeys (ConfUtils.java:logGet(43)) - raft.server.retrycache.expirytime = 600000ms (custom)
2019-08-21 18:33:20,212 [pool-135-thread-1] INFO  impl.RaftServerImpl (RaftServerImpl.java:start(180)) - 9b029079-a3a2-4c30-a15c-eadf046183c2: start group-5D21773B8657
2019-08-21 18:33:20,212 [pool-135-thread-1] INFO  impl.RaftServerImpl (RaftServerImpl.java:setRole(171)) - 9b029079-a3a2-4c30-a15c-eadf046183c2:group-5D21773B8657 changes role from null to FOLLOWER at term 0 for startAsFollower
2019-08-21 18:33:20,212 [pool-135-thread-1] INFO  impl.RoleInfo (RoleInfo.java:updateAndGet(143)) - 9b029079-a3a2-4c30-a15c-eadf046183c2: start FollowerState
2019-08-21 18:33:20,212 [pool-135-thread-1] INFO  util.JmxRegister (JmxRegister.java:tryRegister(44)) - Successfully registered JMX Bean with object name Ratis:service=RaftServer,group=group-5D21773B8657,id=9b029079-a3a2-4c30-a15c-eadf046183c2
2019-08-21 18:33:20,218 [RatisPipelineUtilsThread] INFO  pipeline.PipelineStateManager (PipelineStateManager.java:addPipeline(56)) - Created pipeline Pipeline[ Id: 54f58dc3-5367-4fc6-b2e8-5d21773b8657, Nodes: 9b029079-a3a2-4c30-a15c-eadf046183c2{ip: 192.168.36.125, host: pr-hdds-1998-57vr7-880049069, networkLocation: /default-rack, certSerialId: null}, Type:RATIS, Factor:ONE, State:OPEN]
2019-08-21 18:33:20,241 [grpc-default-executor-2] INFO  impl.RaftServerProxy (RaftServerProxy.java:addNew(89)) - 9b029079-a3a2-4c30-a15c-eadf046183c2: addNew group-D457394BD1AC:[5cac240b-a5fb-443c-aa6a-5f791dcf7356:192.168.36.125:36833, 1c10ef1a-c27e-4e26-8da7-bf8f905915b5:192.168.36.125:37842, 9b029079-a3a2-4c30-a15c-eadf046183c2:192.168.36.125:36224] returns group-D457394BD1AC:java.util.concurrent.CompletableFuture@2c8d0696[Not completed]
2019-08-21 18:33:20,241 [grpc-default-executor-1] INFO  impl.RaftServerProxy (RaftServerProxy.java:addNew(89)) - 1c10ef1a-c27e-4e26-8da7-bf8f905915b5: addNew group-D457394BD1AC:[5cac240b-a5fb-443c-aa6a-5f791dcf7356:192.168.36.125:36833, 1c10ef1a-c27e-4e26-8da7-bf8f905915b5:192.168.36.125:37842, 9b029079-a3a2-4c30-a15c-eadf046183c2:192.168.36.125:36224] returns group-D457394BD1AC:java.util.concurrent.CompletableFuture@563074be[Not completed]
2019-08-21 18:33:20,243 [grpc-default-executor-0] INFO  impl.RaftServerProxy (RaftServerProxy.java:addNew(89)) - 5cac240b-a5fb-443c-aa6a-5f791dcf7356: addNew group-D457394BD1AC:[5cac240b-a5fb-443c-aa6a-5f791dcf7356:192.168.36.125:36833, 1c10ef1a-c27e-4e26-8da7-bf8f905915b5:192.168.36.125:37842, 9b029079-a3a2-4c30-a15c-eadf046183c2:192.168.36.125:36224] returns group-D457394BD1AC:java.util.concurrent.CompletableFuture@7be282d4[Not completed]
2019-08-21 18:33:20,244 [pool-113-thread-1] INFO  impl.RaftServerImpl (RaftServerImpl.java:<init>(93)) - 1c10ef1a-c27e-4e26-8da7-bf8f905915b5: new RaftServerImpl for group-D457394BD1AC:[5cac240b-a5fb-443c-aa6a-5f791dcf7356:192.168.36.125:36833, 1c10ef1a-c27e-4e26-8da7-bf8f905915b5:192.168.36.125:37842, 9b029079-a3a2-4c30-a15c-eadf046183c2:192.168.36.125:36224] with ContainerStateMachine:uninitialized
2019-08-21 18:33:20,244 [pool-113-thread-1] INFO  server.RaftServerConfigKeys (ConfUtils.java:logGet(43)) - raft.server.rpc.timeout.min = 5s (custom)
2019-08-21 18:33:20,244 [pool-113-thread-1] INFO  server.RaftServerConfigKeys (ConfUtils.java:logGet(43)) - raft.server.rpc.timeout.max = 5200ms (custom)
2019-08-21 18:33:20,244 [pool-113-thread-1] INFO  server.RaftServerConfigKeys (ConfUtils.java:logGet(43)) - raft.server.rpcslowness.timeout = 120s (custom)
2019-08-21 18:33:20,245 [pool-113-thread-1] INFO  server.RaftServerConfigKeys (ConfUtils.java:logGet(43)) - raft.server.sleep.deviation.threshold = 300 (default)
2019-08-21 18:33:20,245 [pool-113-thread-1] INFO  server.RaftServerConfigKeys (ConfUtils.java:logGet(43)) - raft.server.log.appender.install.snapshot.enabled = false (custom)
2019-08-21 18:33:20,245 [pool-113-thread-1] INFO  impl.RaftServerImpl (ServerState.java:<init>(105)) - 1c10ef1a-c27e-4e26-8da7-bf8f905915b5:group-D457394BD1AC ConfigurationManager, init=-1: [5cac240b-a5fb-443c-aa6a-5f791dcf7356:192.168.36.125:36833, 1c10ef1a-c27e-4e26-8da7-bf8f905915b5:192.168.36.125:37842, 9b029079-a3a2-4c30-a15c-eadf046183c2:192.168.36.125:36224], old=null, confs=<EMPTY_MAP>
2019-08-21 18:33:20,245 [pool-124-thread-1] INFO  impl.RaftServerImpl (RaftServerImpl.java:<init>(93)) - 5cac240b-a5fb-443c-aa6a-5f791dcf7356: new RaftServerImpl for group-D457394BD1AC:[5cac240b-a5fb-443c-aa6a-5f791dcf7356:192.168.36.125:36833, 1c10ef1a-c27e-4e26-8da7-bf8f905915b5:192.168.36.125:37842, 9b029079-a3a2-4c30-a15c-eadf046183c2:192.168.36.125:36224] with ContainerStateMachine:uninitialized
2019-08-21 18:33:20,245 [pool-113-thread-1] INFO  server.RaftServerConfigKeys (ConfUtils.java:logGet(43)) - raft.server.storage.dir = [/workdir/hadoop-ozone/integration-test/target/test-dir/MiniOzoneClusterImpl-3d3f5e5e-1edb-4139-a191-6ae7dfb25aa0/datanode-0/data/ratis] (custom)
2019-08-21 18:33:20,245 [pool-124-thread-1] INFO  server.RaftServerConfigKeys (ConfUtils.java:logGet(43)) - raft.server.rpc.timeout.min = 5s (custom)
2019-08-21 18:33:20,245 [pool-124-thread-1] INFO  server.RaftServerConfigKeys (ConfUtils.java:logGet(43)) - raft.server.rpc.timeout.max = 5200ms (custom)
2019-08-21 18:33:20,246 [pool-113-thread-1] INFO  storage.RaftStorageDirectory (RaftStorageDirectory.java:analyzeStorage(246)) - The storage directory /workdir/hadoop-ozone/integration-test/target/test-dir/MiniOzoneClusterImpl-3d3f5e5e-1edb-4139-a191-6ae7dfb25aa0/datanode-0/data/ratis/9e12116c-6126-42df-9323-d457394bd1ac does not exist. Creating ...
2019-08-21 18:33:20,246 [pool-124-thread-1] INFO  server.RaftServerConfigKeys (ConfUtils.java:logGet(43)) - raft.server.rpcslowness.timeout = 120s (custom)
2019-08-21 18:33:20,246 [pool-135-thread-1] INFO  impl.RaftServerImpl (RaftServerImpl.java:<init>(93)) - 9b029079-a3a2-4c30-a15c-eadf046183c2: new RaftServerImpl for group-D457394BD1AC:[5cac240b-a5fb-443c-aa6a-5f791dcf7356:192.168.36.125:36833, 1c10ef1a-c27e-4e26-8da7-bf8f905915b5:192.168.36.125:37842, 9b029079-a3a2-4c30-a15c-eadf046183c2:192.168.36.125:36224] with ContainerStateMachine:uninitialized
2019-08-21 18:33:20,246 [pool-124-thread-1] INFO  server.RaftServerConfigKeys (ConfUtils.java:logGet(43)) - raft.server.sleep.deviation.threshold = 300 (default)
2019-08-21 18:33:20,246 [pool-135-thread-1] INFO  server.RaftServerConfigKeys (ConfUtils.java:logGet(43)) - raft.server.rpc.timeout.min = 5s (custom)
2019-08-21 18:33:20,246 [pool-124-thread-1] INFO  server.RaftServerConfigKeys (ConfUtils.java:logGet(43)) - raft.server.log.appender.install.snapshot.enabled = false (custom)
2019-08-21 18:33:20,246 [pool-135-thread-1] INFO  server.RaftServerConfigKeys (ConfUtils.java:logGet(43)) - raft.server.rpc.timeout.max = 5200ms (custom)
2019-08-21 18:33:20,246 [pool-124-thread-1] INFO  impl.RaftServerImpl (ServerState.java:<init>(105)) - 5cac240b-a5fb-443c-aa6a-5f791dcf7356:group-D457394BD1AC ConfigurationManager, init=-1: [5cac240b-a5fb-443c-aa6a-5f791dcf7356:192.168.36.125:36833, 1c10ef1a-c27e-4e26-8da7-bf8f905915b5:192.168.36.125:37842, 9b029079-a3a2-4c30-a15c-eadf046183c2:192.168.36.125:36224], old=null, confs=<EMPTY_MAP>
2019-08-21 18:33:20,246 [pool-135-thread-1] INFO  server.RaftServerConfigKeys (ConfUtils.java:logGet(43)) - raft.server.rpcslowness.timeout = 120s (custom)
2019-08-21 18:33:20,247 [pool-124-thread-1] INFO  server.RaftServerConfigKeys (ConfUtils.java:logGet(43)) - raft.server.storage.dir = [/workdir/hadoop-ozone/integration-test/target/test-dir/MiniOzoneClusterImpl-3d3f5e5e-1edb-4139-a191-6ae7dfb25aa0/datanode-1/data/ratis] (custom)
2019-08-21 18:33:20,247 [pool-135-thread-1] INFO  server.RaftServerConfigKeys (ConfUtils.java:logGet(43)) - raft.server.sleep.deviation.threshold = 300 (default)
2019-08-21 18:33:20,247 [pool-135-thread-1] INFO  server.RaftServerConfigKeys (ConfUtils.java:logGet(43)) - raft.server.log.appender.install.snapshot.enabled = false (custom)
2019-08-21 18:33:20,247 [pool-124-thread-1] INFO  storage.RaftStorageDirectory (RaftStorageDirectory.java:analyzeStorage(246)) - The storage directory /workdir/hadoop-ozone/integration-test/target/test-dir/MiniOzoneClusterImpl-3d3f5e5e-1edb-4139-a191-6ae7dfb25aa0/datanode-1/data/ratis/9e12116c-6126-42df-9323-d457394bd1ac does not exist. Creating ...
2019-08-21 18:33:20,247 [pool-135-thread-1] INFO  impl.RaftServerImpl (ServerState.java:<init>(105)) - 9b029079-a3a2-4c30-a15c-eadf046183c2:group-D457394BD1AC ConfigurationManager, init=-1: [5cac240b-a5fb-443c-aa6a-5f791dcf7356:192.168.36.125:36833, 1c10ef1a-c27e-4e26-8da7-bf8f905915b5:192.168.36.125:37842, 9b029079-a3a2-4c30-a15c-eadf046183c2:192.168.36.125:36224], old=null, confs=<EMPTY_MAP>
2019-08-21 18:33:20,248 [pool-135-thread-1] INFO  server.RaftServerConfigKeys (ConfUtils.java:logGet(43)) - raft.server.storage.dir = [/workdir/hadoop-ozone/integration-test/target/test-dir/MiniOzoneClusterImpl-3d3f5e5e-1edb-4139-a191-6ae7dfb25aa0/datanode-2/data/ratis] (custom)
2019-08-21 18:33:20,248 [pool-135-thread-1] INFO  storage.RaftStorageDirectory (RaftStorageDirectory.java:analyzeStorage(246)) - The storage directory /workdir/hadoop-ozone/integration-test/target/test-dir/MiniOzoneClusterImpl-3d3f5e5e-1edb-4139-a191-6ae7dfb25aa0/datanode-2/data/ratis/9e12116c-6126-42df-9323-d457394bd1ac does not exist. Creating ...
2019-08-21 18:33:20,266 [pool-124-thread-1] INFO  storage.RaftStorageDirectory (RaftStorageDirectory.java:tryLock(328)) - Lock on /workdir/hadoop-ozone/integration-test/target/test-dir/MiniOzoneClusterImpl-3d3f5e5e-1edb-4139-a191-6ae7dfb25aa0/datanode-1/data/ratis/9e12116c-6126-42df-9323-d457394bd1ac/in_use.lock acquired by nodename 4936@pr-hdds-1998-57vr7-880049069
2019-08-21 18:33:20,266 [pool-135-thread-1] INFO  storage.RaftStorageDirectory (RaftStorageDirectory.java:tryLock(328)) - Lock on /workdir/hadoop-ozone/integration-test/target/test-dir/MiniOzoneClusterImpl-3d3f5e5e-1edb-4139-a191-6ae7dfb25aa0/datanode-2/data/ratis/9e12116c-6126-42df-9323-d457394bd1ac/in_use.lock acquired by nodename 4936@pr-hdds-1998-57vr7-880049069
2019-08-21 18:33:20,266 [pool-113-thread-1] INFO  storage.RaftStorageDirectory (RaftStorageDirectory.java:tryLock(328)) - Lock on /workdir/hadoop-ozone/integration-test/target/test-dir/MiniOzoneClusterImpl-3d3f5e5e-1edb-4139-a191-6ae7dfb25aa0/datanode-0/data/ratis/9e12116c-6126-42df-9323-d457394bd1ac/in_use.lock acquired by nodename 4936@pr-hdds-1998-57vr7-880049069
2019-08-21 18:33:20,284 [pool-135-thread-1] INFO  storage.RaftStorage (RaftStorage.java:format(72)) - Storage directory /workdir/hadoop-ozone/integration-test/target/test-dir/MiniOzoneClusterImpl-3d3f5e5e-1edb-4139-a191-6ae7dfb25aa0/datanode-2/data/ratis/9e12116c-6126-42df-9323-d457394bd1ac has been successfully formatted.
2019-08-21 18:33:20,284 [pool-113-thread-1] INFO  storage.RaftStorage (RaftStorage.java:format(72)) - Storage directory /workdir/hadoop-ozone/integration-test/target/test-dir/MiniOzoneClusterImpl-3d3f5e5e-1edb-4139-a191-6ae7dfb25aa0/datanode-0/data/ratis/9e12116c-6126-42df-9323-d457394bd1ac has been successfully formatted.
2019-08-21 18:33:20,284 [pool-124-thread-1] INFO  storage.RaftStorage (RaftStorage.java:format(72)) - Storage directory /workdir/hadoop-ozone/integration-test/target/test-dir/MiniOzoneClusterImpl-3d3f5e5e-1edb-4139-a191-6ae7dfb25aa0/datanode-1/data/ratis/9e12116c-6126-42df-9323-d457394bd1ac has been successfully formatted.
2019-08-21 18:33:20,284 [pool-135-thread-1] INFO  ratis.ContainerStateMachine (ContainerStateMachine.java:loadSnapshot(226)) - group-D457394BD1AC: The snapshot info is null. Setting the last applied indexto:(t:0, i:~)
2019-08-21 18:33:20,284 [pool-124-thread-1] INFO  ratis.ContainerStateMachine (ContainerStateMachine.java:loadSnapshot(226)) - group-D457394BD1AC: The snapshot info is null. Setting the last applied indexto:(t:0, i:~)
2019-08-21 18:33:20,284 [pool-113-thread-1] INFO  ratis.ContainerStateMachine (ContainerStateMachine.java:loadSnapshot(226)) - group-D457394BD1AC: The snapshot info is null. Setting the last applied indexto:(t:0, i:~)
2019-08-21 18:33:20,284 [pool-124-thread-1] INFO  server.RaftServerConfigKeys (ConfUtils.java:logGet(43)) - raft.server.leader.election.timeout = 120s (custom)
2019-08-21 18:33:20,284 [pool-135-thread-1] INFO  server.RaftServerConfigKeys (ConfUtils.java:logGet(43)) - raft.server.leader.election.timeout = 120s (custom)
2019-08-21 18:33:20,284 [pool-124-thread-1] INFO  server.RaftServerConfigKeys (ConfUtils.java:logGet(43)) - raft.server.log.use.memory = false (default)
2019-08-21 18:33:20,284 [pool-113-thread-1] INFO  server.RaftServerConfigKeys (ConfUtils.java:logGet(43)) - raft.server.leader.election.timeout = 120s (custom)
2019-08-21 18:33:20,285 [pool-124-thread-1] INFO  server.RaftServerConfigKeys (ConfUtils.java:logGet(43)) - raft.server.log.purge.gap = 1000000 (custom)
2019-08-21 18:33:20,285 [pool-135-thread-1] INFO  server.RaftServerConfigKeys (ConfUtils.java:logGet(43)) - raft.server.log.use.memory = false (default)
2019-08-21 18:33:20,285 [pool-124-thread-1] INFO  server.RaftServerConfigKeys (ConfUtils.java:logGet(43)) - raft.server.log.appender.buffer.byte-limit = 33554432 (custom)
2019-08-21 18:33:20,285 [pool-113-thread-1] INFO  server.RaftServerConfigKeys (ConfUtils.java:logGet(43)) - raft.server.log.use.memory = false (default)
2019-08-21 18:33:20,285 [pool-124-thread-1] INFO  server.RaftServerConfigKeys (ConfUtils.java:logGet(43)) - raft.server.log.segment.size.max = 1048576 (custom)
2019-08-21 18:33:20,285 [pool-135-thread-1] INFO  server.RaftServerConfigKeys (ConfUtils.java:logGet(43)) - raft.server.log.purge.gap = 1000000 (custom)
2019-08-21 18:33:20,285 [pool-124-thread-1] INFO  server.RaftServerConfigKeys (ConfUtils.java:logGet(43)) - raft.server.log.segment.cache.num.max = 2 (custom)
2019-08-21 18:33:20,285 [pool-113-thread-1] INFO  server.RaftServerConfigKeys (ConfUtils.java:logGet(43)) - raft.server.log.purge.gap = 1000000 (custom)
2019-08-21 18:33:20,286 [pool-124-thread-1] INFO  segmented.SegmentedRaftLogWorker (SegmentedRaftLogWorker.java:<init>(172)) - new 5cac240b-a5fb-443c-aa6a-5f791dcf7356-SegmentedRaftLogWorker:Storage Directory /workdir/hadoop-ozone/integration-test/target/test-dir/MiniOzoneClusterImpl-3d3f5e5e-1edb-4139-a191-6ae7dfb25aa0/datanode-1/data/ratis/9e12116c-6126-42df-9323-d457394bd1ac for RaftStorage:Storage Directory /workdir/hadoop-ozone/integration-test/target/test-dir/MiniOzoneClusterImpl-3d3f5e5e-1edb-4139-a191-6ae7dfb25aa0/datanode-1/data/ratis/9e12116c-6126-42df-9323-d457394bd1ac
2019-08-21 18:33:20,286 [pool-135-thread-1] INFO  server.RaftServerConfigKeys (ConfUtils.java:logGet(43)) - raft.server.log.appender.buffer.byte-limit = 33554432 (custom)
2019-08-21 18:33:20,286 [pool-124-thread-1] INFO  server.RaftServerConfigKeys (ConfUtils.java:logGet(43)) - raft.server.log.queue.byte-limit = 2147483647 (custom)
2019-08-21 18:33:20,286 [pool-113-thread-1] INFO  server.RaftServerConfigKeys (ConfUtils.java:logGet(43)) - raft.server.log.appender.buffer.byte-limit = 33554432 (custom)
2019-08-21 18:33:20,286 [pool-124-thread-1] INFO  server.RaftServerConfigKeys (ConfUtils.java:logGet(43)) - raft.server.log.queue.element-limit = 1024 (custom)
2019-08-21 18:33:20,286 [pool-135-thread-1] INFO  server.RaftServerConfigKeys (ConfUtils.java:logGet(43)) - raft.server.log.segment.size.max = 1048576 (custom)
2019-08-21 18:33:20,287 [pool-124-thread-1] INFO  server.RaftServerConfigKeys (ConfUtils.java:logGet(43)) - raft.server.log.segment.size.max = 1048576 (custom)
2019-08-21 18:33:20,286 [pool-113-thread-1] INFO  server.RaftServerConfigKeys (ConfUtils.java:logGet(43)) - raft.server.log.segment.size.max = 1048576 (custom)
2019-08-21 18:33:20,287 [pool-124-thread-1] INFO  server.RaftServerConfigKeys (ConfUtils.java:logGet(43)) - raft.server.log.preallocated.size = 16384 (custom)
2019-08-21 18:33:20,287 [pool-135-thread-1] INFO  server.RaftServerConfigKeys (ConfUtils.java:logGet(43)) - raft.server.log.segment.cache.num.max = 2 (custom)
2019-08-21 18:33:20,287 [pool-124-thread-1] INFO  server.RaftServerConfigKeys (ConfUtils.java:logGet(43)) - raft.server.log.write.buffer.size = 33554432 (custom)
2019-08-21 18:33:20,287 [pool-113-thread-1] INFO  server.RaftServerConfigKeys (ConfUtils.java:logGet(43)) - raft.server.log.segment.cache.num.max = 2 (custom)
2019-08-21 18:33:20,287 [pool-124-thread-1] INFO  server.RaftServerConfigKeys (ConfUtils.java:logGet(43)) - raft.server.log.force.sync.num = 128 (default)
2019-08-21 18:33:20,287 [pool-135-thread-1] INFO  segmented.SegmentedRaftLogWorker (SegmentedRaftLogWorker.java:<init>(172)) - new 9b029079-a3a2-4c30-a15c-eadf046183c2-SegmentedRaftLogWorker:Storage Directory /workdir/hadoop-ozone/integration-test/target/test-dir/MiniOzoneClusterImpl-3d3f5e5e-1edb-4139-a191-6ae7dfb25aa0/datanode-2/data/ratis/9e12116c-6126-42df-9323-d457394bd1ac for RaftStorage:Storage Directory /workdir/hadoop-ozone/integration-test/target/test-dir/MiniOzoneClusterImpl-3d3f5e5e-1edb-4139-a191-6ae7dfb25aa0/datanode-2/data/ratis/9e12116c-6126-42df-9323-d457394bd1ac
2019-08-21 18:33:20,288 [pool-124-thread-1] INFO  server.RaftServerConfigKeys (ConfUtils.java:logGet(43)) - raft.server.log.statemachine.data.sync = true (default)
2019-08-21 18:33:20,288 [pool-135-thread-1] INFO  server.RaftServerConfigKeys (ConfUtils.java:logGet(43)) - raft.server.log.queue.byte-limit = 2147483647 (custom)
2019-08-21 18:33:20,287 [pool-113-thread-1] INFO  segmented.SegmentedRaftLogWorker (SegmentedRaftLogWorker.java:<init>(172)) - new 1c10ef1a-c27e-4e26-8da7-bf8f905915b5-SegmentedRaftLogWorker:Storage Directory /workdir/hadoop-ozone/integration-test/target/test-dir/MiniOzoneClusterImpl-3d3f5e5e-1edb-4139-a191-6ae7dfb25aa0/datanode-0/data/ratis/9e12116c-6126-42df-9323-d457394bd1ac for RaftStorage:Storage Directory /workdir/hadoop-ozone/integration-test/target/test-dir/MiniOzoneClusterImpl-3d3f5e5e-1edb-4139-a191-6ae7dfb25aa0/datanode-0/data/ratis/9e12116c-6126-42df-9323-d457394bd1ac
2019-08-21 18:33:20,288 [pool-135-thread-1] INFO  server.RaftServerConfigKeys (ConfUtils.java:logGet(43)) - raft.server.log.queue.element-limit = 1024 (custom)
2019-08-21 18:33:20,288 [pool-124-thread-1] INFO  server.RaftServerConfigKeys (ConfUtils.java:logGet(43)) - raft.server.log.statemachine.data.sync.timeout = 10s (default)
2019-08-21 18:33:20,288 [pool-135-thread-1] INFO  server.RaftServerConfigKeys (ConfUtils.java:logGet(43)) - raft.server.log.segment.size.max = 1048576 (custom)
2019-08-21 18:33:20,288 [pool-113-thread-1] INFO  server.RaftServerConfigKeys (ConfUtils.java:logGet(43)) - raft.server.log.queue.byte-limit = 2147483647 (custom)
2019-08-21 18:33:20,288 [pool-135-thread-1] INFO  server.RaftServerConfigKeys (ConfUtils.java:logGet(43)) - raft.server.log.preallocated.size = 16384 (custom)
2019-08-21 18:33:20,288 [pool-124-thread-1] INFO  server.RaftServerConfigKeys (ConfUtils.java:logGet(43)) - raft.server.log.statemachine.data.sync.timeout.retry = -1 (default)
2019-08-21 18:33:20,289 [pool-135-thread-1] INFO  server.RaftServerConfigKeys (ConfUtils.java:logGet(43)) - raft.server.log.write.buffer.size = 33554432 (custom)
2019-08-21 18:33:20,289 [pool-113-thread-1] INFO  server.RaftServerConfigKeys (ConfUtils.java:logGet(43)) - raft.server.log.queue.element-limit = 1024 (custom)
2019-08-21 18:33:20,289 [pool-135-thread-1] INFO  server.RaftServerConfigKeys (ConfUtils.java:logGet(43)) - raft.server.log.force.sync.num = 128 (default)
2019-08-21 18:33:20,289 [pool-124-thread-1] INFO  server.RaftServerConfigKeys (ConfUtils.java:logGet(43)) - raft.server.log.statemachine.data.caching.enabled = true (custom)
2019-08-21 18:33:20,289 [pool-135-thread-1] INFO  server.RaftServerConfigKeys (ConfUtils.java:logGet(43)) - raft.server.log.statemachine.data.sync = true (default)
2019-08-21 18:33:20,289 [pool-113-thread-1] INFO  server.RaftServerConfigKeys (ConfUtils.java:logGet(43)) - raft.server.log.segment.size.max = 1048576 (custom)
2019-08-21 18:33:20,290 [pool-124-thread-1] INFO  segmented.SegmentedRaftLogWorker (SegmentedRaftLogWorker.java:lambda$new$0(132)) - 5cac240b-a5fb-443c-aa6a-5f791dcf7356-SegmentedRaftLogWorker:Storage Directory /workdir/hadoop-ozone/integration-test/target/test-dir/MiniOzoneClusterImpl-3d3f5e5e-1edb-4139-a191-6ae7dfb25aa0/datanode-1/data/ratis/9e12116c-6126-42df-9323-d457394bd1ac: flushIndex: setUnconditionally 0 -> -1
2019-08-21 18:33:20,289 [pool-135-thread-1] INFO  server.RaftServerConfigKeys (ConfUtils.java:logGet(43)) - raft.server.log.statemachine.data.sync.timeout = 10s (default)
2019-08-21 18:33:20,290 [pool-113-thread-1] INFO  server.RaftServerConfigKeys (ConfUtils.java:logGet(43)) - raft.server.log.preallocated.size = 16384 (custom)
2019-08-21 18:33:20,290 [pool-135-thread-1] INFO  server.RaftServerConfigKeys (ConfUtils.java:logGet(43)) - raft.server.log.statemachine.data.sync.timeout.retry = -1 (default)
2019-08-21 18:33:20,290 [pool-124-thread-1] INFO  server.RaftServerConfigKeys (ConfUtils.java:logGet(43)) - raft.server.snapshot.auto.trigger.enabled = true (custom)
2019-08-21 18:33:20,290 [pool-135-thread-1] INFO  server.RaftServerConfigKeys (ConfUtils.java:logGet(43)) - raft.server.log.statemachine.data.caching.enabled = true (custom)
2019-08-21 18:33:20,290 [pool-113-thread-1] INFO  server.RaftServerConfigKeys (ConfUtils.java:logGet(43)) - raft.server.log.write.buffer.size = 33554432 (custom)
2019-08-21 18:33:20,291 [pool-135-thread-1] INFO  segmented.SegmentedRaftLogWorker (SegmentedRaftLogWorker.java:lambda$new$0(132)) - 9b029079-a3a2-4c30-a15c-eadf046183c2-SegmentedRaftLogWorker:Storage Directory /workdir/hadoop-ozone/integration-test/target/test-dir/MiniOzoneClusterImpl-3d3f5e5e-1edb-4139-a191-6ae7dfb25aa0/datanode-2/data/ratis/9e12116c-6126-42df-9323-d457394bd1ac: flushIndex: setUnconditionally 0 -> -1
2019-08-21 18:33:20,290 [pool-124-thread-1] INFO  server.RaftServerConfigKeys (ConfUtils.java:logGet(43)) - raft.server.snapshot.auto.trigger.threshold = 10000 (custom)
2019-08-21 18:33:20,291 [pool-113-thread-1] INFO  server.RaftServerConfigKeys (ConfUtils.java:logGet(43)) - raft.server.log.force.sync.num = 128 (default)
2019-08-21 18:33:20,291 [pool-124-thread-1] INFO  server.RaftServerConfigKeys (ConfUtils.java:logGet(43)) - raft.server.retrycache.expirytime = 600000ms (custom)
2019-08-21 18:33:20,291 [pool-135-thread-1] INFO  server.RaftServerConfigKeys (ConfUtils.java:logGet(43)) - raft.server.snapshot.auto.trigger.enabled = true (custom)
2019-08-21 18:33:20,291 [pool-113-thread-1] INFO  server.RaftServerConfigKeys (ConfUtils.java:logGet(43)) - raft.server.log.statemachine.data.sync = true (default)
2019-08-21 18:33:20,291 [pool-124-thread-1] INFO  impl.RaftServerImpl (RaftServerImpl.java:start(180)) - 5cac240b-a5fb-443c-aa6a-5f791dcf7356: start group-D457394BD1AC
2019-08-21 18:33:20,291 [pool-135-thread-1] INFO  server.RaftServerConfigKeys (ConfUtils.java:logGet(43)) - raft.server.snapshot.auto.trigger.threshold = 10000 (custom)
2019-08-21 18:33:20,292 [pool-124-thread-1] INFO  impl.RaftServerImpl (RaftServerImpl.java:setRole(171)) - 5cac240b-a5fb-443c-aa6a-5f791dcf7356:group-D457394BD1AC changes role from null to FOLLOWER at term 0 for startAsFollower
2019-08-21 18:33:20,291 [pool-113-thread-1] INFO  server.RaftServerConfigKeys (ConfUtils.java:logGet(43)) - raft.server.log.statemachine.data.sync.timeout = 10s (default)
2019-08-21 18:33:20,292 [pool-124-thread-1] INFO  impl.RoleInfo (RoleInfo.java:updateAndGet(143)) - 5cac240b-a5fb-443c-aa6a-5f791dcf7356: start FollowerState
2019-08-21 18:33:20,292 [pool-135-thread-1] INFO  server.RaftServerConfigKeys (ConfUtils.java:logGet(43)) - raft.server.retrycache.expirytime = 600000ms (custom)
2019-08-21 18:33:20,292 [pool-113-thread-1] INFO  server.RaftServerConfigKeys (ConfUtils.java:logGet(43)) - raft.server.log.statemachine.data.sync.timeout.retry = -1 (default)
2019-08-21 18:33:20,292 [pool-135-thread-1] INFO  impl.RaftServerImpl (RaftServerImpl.java:start(180)) - 9b029079-a3a2-4c30-a15c-eadf046183c2: start group-D457394BD1AC
2019-08-21 18:33:20,292 [pool-113-thread-1] INFO  server.RaftServerConfigKeys (ConfUtils.java:logGet(43)) - raft.server.log.statemachine.data.caching.enabled = true (custom)
2019-08-21 18:33:20,292 [pool-124-thread-1] INFO  util.JmxRegister (JmxRegister.java:tryRegister(44)) - Successfully registered JMX Bean with object name Ratis:service=RaftServer,group=group-D457394BD1AC,id=5cac240b-a5fb-443c-aa6a-5f791dcf7356
2019-08-21 18:33:20,292 [pool-135-thread-1] INFO  impl.RaftServerImpl (RaftServerImpl.java:setRole(171)) - 9b029079-a3a2-4c30-a15c-eadf046183c2:group-D457394BD1AC changes role from null to FOLLOWER at term 0 for startAsFollower
2019-08-21 18:33:20,293 [pool-113-thread-1] INFO  segmented.SegmentedRaftLogWorker (SegmentedRaftLogWorker.java:lambda$new$0(132)) - 1c10ef1a-c27e-4e26-8da7-bf8f905915b5-SegmentedRaftLogWorker:Storage Directory /workdir/hadoop-ozone/integration-test/target/test-dir/MiniOzoneClusterImpl-3d3f5e5e-1edb-4139-a191-6ae7dfb25aa0/datanode-0/data/ratis/9e12116c-6126-42df-9323-d457394bd1ac: flushIndex: setUnconditionally 0 -> -1
2019-08-21 18:33:20,293 [pool-135-thread-1] INFO  impl.RoleInfo (RoleInfo.java:updateAndGet(143)) - 9b029079-a3a2-4c30-a15c-eadf046183c2: start FollowerState
2019-08-21 18:33:20,293 [pool-113-thread-1] INFO  server.RaftServerConfigKeys (ConfUtils.java:logGet(43)) - raft.server.snapshot.auto.trigger.enabled = true (custom)
2019-08-21 18:33:20,293 [pool-113-thread-1] INFO  server.RaftServerConfigKeys (ConfUtils.java:logGet(43)) - raft.server.snapshot.auto.trigger.threshold = 10000 (custom)
2019-08-21 18:33:20,294 [pool-135-thread-1] INFO  util.JmxRegister (JmxRegister.java:tryRegister(44)) - Successfully registered JMX Bean with object name Ratis:service=RaftServer,group=group-D457394BD1AC,id=9b029079-a3a2-4c30-a15c-eadf046183c2
2019-08-21 18:33:20,294 [pool-113-thread-1] INFO  server.RaftServerConfigKeys (ConfUtils.java:logGet(43)) - raft.server.retrycache.expirytime = 600000ms (custom)
2019-08-21 18:33:20,294 [pool-113-thread-1] INFO  impl.RaftServerImpl (RaftServerImpl.java:start(180)) - 1c10ef1a-c27e-4e26-8da7-bf8f905915b5: start group-D457394BD1AC
2019-08-21 18:33:20,294 [pool-113-thread-1] INFO  impl.RaftServerImpl (RaftServerImpl.java:setRole(171)) - 1c10ef1a-c27e-4e26-8da7-bf8f905915b5:group-D457394BD1AC changes role from null to FOLLOWER at term 0 for startAsFollower
2019-08-21 18:33:20,294 [pool-113-thread-1] INFO  impl.RoleInfo (RoleInfo.java:updateAndGet(143)) - 1c10ef1a-c27e-4e26-8da7-bf8f905915b5: start FollowerState
2019-08-21 18:33:20,298 [pool-113-thread-1] INFO  util.JmxRegister (JmxRegister.java:tryRegister(44)) - Successfully registered JMX Bean with object name Ratis:service=RaftServer,group=group-D457394BD1AC,id=1c10ef1a-c27e-4e26-8da7-bf8f905915b5
2019-08-21 18:33:20,302 [RatisPipelineUtilsThread] INFO  pipeline.PipelineStateManager (PipelineStateManager.java:addPipeline(56)) - Created pipeline Pipeline[ Id: 9e12116c-6126-42df-9323-d457394bd1ac, Nodes: 1c10ef1a-c27e-4e26-8da7-bf8f905915b5{ip: 192.168.36.125, host: pr-hdds-1998-57vr7-880049069, networkLocation: /default-rack, certSerialId: null}9b029079-a3a2-4c30-a15c-eadf046183c2{ip: 192.168.36.125, host: pr-hdds-1998-57vr7-880049069, networkLocation: /default-rack, certSerialId: null}5cac240b-a5fb-443c-aa6a-5f791dcf7356{ip: 192.168.36.125, host: pr-hdds-1998-57vr7-880049069, networkLocation: /default-rack, certSerialId: null}, Type:RATIS, Factor:THREE, State:OPEN]
2019-08-21 18:33:21,157 [Thread-332] INFO  ozone.MiniOzoneClusterImpl (MiniOzoneClusterImpl.java:lambda$waitForClusterToBeReady$0(142)) - Cluster is ready. Got 3 of 3 DN Heartbeats.
2019-08-21 18:33:21,158 [Thread-332] INFO  datanode.ObjectStoreHandler (ObjectStoreHandler.java:close(155)) - Closing ObjectStoreHandler.
2019-08-21 18:33:21,158 [Thread-332] INFO  ozone.HddsDatanodeService (HddsDatanodeService.java:stop(451)) - Stopped plug-in org.apache.hadoop.ozone.web.OzoneHddsDatanodeService@6f169680
2019-08-21 18:33:21,679 [Datanode State Machine Thread - 0] INFO  statemachine.DatanodeStateMachine (DatanodeStateMachine.java:lambda$startDaemon$0(350)) - Ozone container server started.
2019-08-21 18:33:21,918 | INFO  | SCMAudit | user=jenkins1000 | ip=192.168.36.125 | op=SEND_HEARTBEAT {datanodeUUID=5cac240b-a5fb-443c-aa6a-5f791dcf7356, command=[]} | ret=SUCCESS |  
2019-08-21 18:33:22,160 | INFO  | SCMAudit | user=jenkins1000 | ip=192.168.36.125 | op=SEND_HEARTBEAT {datanodeUUID=9b029079-a3a2-4c30-a15c-eadf046183c2, command=[]} | ret=SUCCESS |  
2019-08-21 18:33:22,694 [Thread-504] INFO  container.ReplicationManager (ReplicationManager.java:start(152)) - Starting Replication Monitor Thread.
2019-08-21 18:33:22,696 [ReplicationMonitor] INFO  container.ReplicationManager (ReplicationManager.java:run(215)) - Replication Monitor Thread took 0 milliseconds for processing 0 containers.
2019-08-21 18:33:22,918 | INFO  | SCMAudit | user=jenkins1000 | ip=192.168.36.125 | op=SEND_HEARTBEAT {datanodeUUID=5cac240b-a5fb-443c-aa6a-5f791dcf7356, command=[]} | ret=SUCCESS |  
2019-08-21 18:33:23,159 | INFO  | SCMAudit | user=jenkins1000 | ip=192.168.36.125 | op=SEND_HEARTBEAT {datanodeUUID=9b029079-a3a2-4c30-a15c-eadf046183c2, command=[]} | ret=SUCCESS |  
2019-08-21 18:33:23,918 | INFO  | SCMAudit | user=jenkins1000 | ip=192.168.36.125 | op=SEND_HEARTBEAT {datanodeUUID=5cac240b-a5fb-443c-aa6a-5f791dcf7356, command=[]} | ret=SUCCESS |  
2019-08-21 18:33:24,160 | INFO  | SCMAudit | user=jenkins1000 | ip=192.168.36.125 | op=SEND_HEARTBEAT {datanodeUUID=9b029079-a3a2-4c30-a15c-eadf046183c2, command=[]} | ret=SUCCESS |  
2019-08-21 18:33:24,880 [Thread-506] INFO  impl.FollowerState (FollowerState.java:run(106)) - 1c10ef1a-c27e-4e26-8da7-bf8f905915b5:group-AF3BD550A00D changes to CANDIDATE, lastRpcTime:5108, electionTimeout:5108ms
2019-08-21 18:33:24,880 [Thread-506] INFO  impl.RoleInfo (RoleInfo.java:shutdownFollowerState(121)) - 1c10ef1a-c27e-4e26-8da7-bf8f905915b5: shutdown FollowerState
2019-08-21 18:33:24,880 [Thread-506] INFO  impl.RaftServerImpl (RaftServerImpl.java:setRole(171)) - 1c10ef1a-c27e-4e26-8da7-bf8f905915b5:group-AF3BD550A00D changes role from FOLLOWER to CANDIDATE at term 0 for changeToCandidate
2019-08-21 18:33:24,881 [Thread-506] INFO  impl.RoleInfo (RoleInfo.java:updateAndGet(143)) - 1c10ef1a-c27e-4e26-8da7-bf8f905915b5: start LeaderElection
2019-08-21 18:33:24,919 | INFO  | SCMAudit | user=jenkins1000 | ip=192.168.36.125 | op=SEND_HEARTBEAT {datanodeUUID=5cac240b-a5fb-443c-aa6a-5f791dcf7356, command=[]} | ret=SUCCESS |  
2019-08-21 18:33:24,926 [1c10ef1a-c27e-4e26-8da7-bf8f905915b5:group-AF3BD550A00D:LeaderElection12] INFO  impl.LeaderElection (LeaderElection.java:askForVotes(181)) - 1c10ef1a-c27e-4e26-8da7-bf8f905915b5:group-AF3BD550A00D:LeaderElection12: begin an election at term 1 for -1: [1c10ef1a-c27e-4e26-8da7-bf8f905915b5:192.168.36.125:37842], old=null
2019-08-21 18:33:24,926 [1c10ef1a-c27e-4e26-8da7-bf8f905915b5:group-AF3BD550A00D:LeaderElection12] INFO  impl.RoleInfo (RoleInfo.java:shutdownLeaderElection(134)) - 1c10ef1a-c27e-4e26-8da7-bf8f905915b5: shutdown LeaderElection
2019-08-21 18:33:24,926 [1c10ef1a-c27e-4e26-8da7-bf8f905915b5:group-AF3BD550A00D:LeaderElection12] INFO  impl.RaftServerImpl (RaftServerImpl.java:setRole(171)) - 1c10ef1a-c27e-4e26-8da7-bf8f905915b5:group-AF3BD550A00D changes role from CANDIDATE to LEADER at term 1 for changeToLeader
2019-08-21 18:33:24,926 [1c10ef1a-c27e-4e26-8da7-bf8f905915b5:group-AF3BD550A00D:LeaderElection12] INFO  impl.RaftServerImpl (ServerState.java:setLeader(263)) - 1c10ef1a-c27e-4e26-8da7-bf8f905915b5:group-AF3BD550A00D change Leader from null to 1c10ef1a-c27e-4e26-8da7-bf8f905915b5 at term 1 for becomeLeader, leader elected after 5161ms
2019-08-21 18:33:24,927 [1c10ef1a-c27e-4e26-8da7-bf8f905915b5:group-AF3BD550A00D:LeaderElection12] INFO  server.RaftServerConfigKeys (ConfUtils.java:logGet(43)) - raft.server.staging.catchup.gap = 1000 (default)
2019-08-21 18:33:24,927 [1c10ef1a-c27e-4e26-8da7-bf8f905915b5:group-AF3BD550A00D:LeaderElection12] INFO  server.RaftServerConfigKeys (ConfUtils.java:logGet(43)) - raft.server.rpc.sleep.time = 25ms (default)
2019-08-21 18:33:24,927 [1c10ef1a-c27e-4e26-8da7-bf8f905915b5:group-AF3BD550A00D:LeaderElection12] INFO  server.RaftServerConfigKeys (ConfUtils.java:logGet(43)) - raft.server.write.element-limit = 4096 (default)
2019-08-21 18:33:24,927 [1c10ef1a-c27e-4e26-8da7-bf8f905915b5:group-AF3BD550A00D:LeaderElection12] INFO  server.RaftServerConfigKeys (ConfUtils.java:logGet(43)) - raft.server.watch.timeout = 10s (default)
2019-08-21 18:33:24,927 [1c10ef1a-c27e-4e26-8da7-bf8f905915b5:group-AF3BD550A00D:LeaderElection12] INFO  server.RaftServerConfigKeys (ConfUtils.java:logGet(43)) - raft.server.watch.timeout.denomination = 1s (default)
2019-08-21 18:33:24,928 [1c10ef1a-c27e-4e26-8da7-bf8f905915b5:group-AF3BD550A00D:LeaderElection12] INFO  server.RaftServerConfigKeys (ConfUtils.java:logGet(43)) - raft.server.watch.element-limit = 65536 (default)
2019-08-21 18:33:24,928 [1c10ef1a-c27e-4e26-8da7-bf8f905915b5:group-AF3BD550A00D:LeaderElection12] INFO  impl.RoleInfo (RoleInfo.java:updateAndGet(143)) - 1c10ef1a-c27e-4e26-8da7-bf8f905915b5: start LeaderState
2019-08-21 18:33:24,928 [1c10ef1a-c27e-4e26-8da7-bf8f905915b5:group-AF3BD550A00D:LeaderElection12] INFO  segmented.SegmentedRaftLogWorker (SegmentedRaftLogWorker.java:startLogSegment(380)) - 1c10ef1a-c27e-4e26-8da7-bf8f905915b5-SegmentedRaftLogWorker:Storage Directory /workdir/hadoop-ozone/integration-test/target/test-dir/MiniOzoneClusterImpl-3d3f5e5e-1edb-4139-a191-6ae7dfb25aa0/datanode-0/data/ratis/fea453f9-2a90-4e35-b9bb-af3bd550a00d: Starting segment from index:0
2019-08-21 18:33:24,929 [1c10ef1a-c27e-4e26-8da7-bf8f905915b5:group-AF3BD550A00D:LeaderElection12] INFO  impl.RaftServerImpl (ServerState.java:setRaftConf(361)) - 1c10ef1a-c27e-4e26-8da7-bf8f905915b5:group-AF3BD550A00D set configuration 0: [1c10ef1a-c27e-4e26-8da7-bf8f905915b5:192.168.36.125:37842], old=null at 0
2019-08-21 18:33:24,976 [1c10ef1a-c27e-4e26-8da7-bf8f905915b5-SegmentedRaftLogWorker:Storage Directory /workdir/hadoop-ozone/integration-test/target/test-dir/MiniOzoneClusterImpl-3d3f5e5e-1edb-4139-a191-6ae7dfb25aa0/datanode-0/data/ratis/fea453f9-2a90-4e35-b9bb-af3bd550a00d] INFO  segmented.SegmentedRaftLogWorker (SegmentedRaftLogWorker.java:execute(569)) - 1c10ef1a-c27e-4e26-8da7-bf8f905915b5-SegmentedRaftLogWorker:Storage Directory /workdir/hadoop-ozone/integration-test/target/test-dir/MiniOzoneClusterImpl-3d3f5e5e-1edb-4139-a191-6ae7dfb25aa0/datanode-0/data/ratis/fea453f9-2a90-4e35-b9bb-af3bd550a00d: created new log segment /workdir/hadoop-ozone/integration-test/target/test-dir/MiniOzoneClusterImpl-3d3f5e5e-1edb-4139-a191-6ae7dfb25aa0/datanode-0/data/ratis/fea453f9-2a90-4e35-b9bb-af3bd550a00d/current/log_inprogress_0
2019-08-21 18:33:25,067 [Thread-509] INFO  impl.FollowerState (FollowerState.java:run(106)) - 5cac240b-a5fb-443c-aa6a-5f791dcf7356:group-964A85778C23 changes to CANDIDATE, lastRpcTime:5070, electionTimeout:5070ms
2019-08-21 18:33:25,067 [Thread-509] INFO  impl.RoleInfo (RoleInfo.java:shutdownFollowerState(121)) - 5cac240b-a5fb-443c-aa6a-5f791dcf7356: shutdown FollowerState
2019-08-21 18:33:25,068 [Thread-509] INFO  impl.RaftServerImpl (RaftServerImpl.java:setRole(171)) - 5cac240b-a5fb-443c-aa6a-5f791dcf7356:group-964A85778C23 changes role from FOLLOWER to CANDIDATE at term 0 for changeToCandidate
2019-08-21 18:33:25,068 [Thread-509] INFO  impl.RoleInfo (RoleInfo.java:updateAndGet(143)) - 5cac240b-a5fb-443c-aa6a-5f791dcf7356: start LeaderElection
2019-08-21 18:33:25,093 [5cac240b-a5fb-443c-aa6a-5f791dcf7356:group-964A85778C23:LeaderElection13] INFO  impl.LeaderElection (LeaderElection.java:askForVotes(181)) - 5cac240b-a5fb-443c-aa6a-5f791dcf7356:group-964A85778C23:LeaderElection13: begin an election at term 1 for -1: [5cac240b-a5fb-443c-aa6a-5f791dcf7356:192.168.36.125:36833], old=null
2019-08-21 18:33:25,094 [5cac240b-a5fb-443c-aa6a-5f791dcf7356:group-964A85778C23:LeaderElection13] INFO  impl.RoleInfo (RoleInfo.java:shutdownLeaderElection(134)) - 5cac240b-a5fb-443c-aa6a-5f791dcf7356: shutdown LeaderElection
2019-08-21 18:33:25,094 [5cac240b-a5fb-443c-aa6a-5f791dcf7356:group-964A85778C23:LeaderElection13] INFO  impl.RaftServerImpl (RaftServerImpl.java:setRole(171)) - 5cac240b-a5fb-443c-aa6a-5f791dcf7356:group-964A85778C23 changes role from CANDIDATE to LEADER at term 1 for changeToLeader
2019-08-21 18:33:25,094 [5cac240b-a5fb-443c-aa6a-5f791dcf7356:group-964A85778C23:LeaderElection13] INFO  impl.RaftServerImpl (ServerState.java:setLeader(263)) - 5cac240b-a5fb-443c-aa6a-5f791dcf7356:group-964A85778C23 change Leader from null to 5cac240b-a5fb-443c-aa6a-5f791dcf7356 at term 1 for becomeLeader, leader elected after 5103ms
2019-08-21 18:33:25,094 [5cac240b-a5fb-443c-aa6a-5f791dcf7356:group-964A85778C23:LeaderElection13] INFO  server.RaftServerConfigKeys (ConfUtils.java:logGet(43)) - raft.server.staging.catchup.gap = 1000 (default)
2019-08-21 18:33:25,094 [5cac240b-a5fb-443c-aa6a-5f791dcf7356:group-964A85778C23:LeaderElection13] INFO  server.RaftServerConfigKeys (ConfUtils.java:logGet(43)) - raft.server.rpc.sleep.time = 25ms (default)
2019-08-21 18:33:25,094 [5cac240b-a5fb-443c-aa6a-5f791dcf7356:group-964A85778C23:LeaderElection13] INFO  server.RaftServerConfigKeys (ConfUtils.java:logGet(43)) - raft.server.write.element-limit = 4096 (default)
2019-08-21 18:33:25,094 [5cac240b-a5fb-443c-aa6a-5f791dcf7356:group-964A85778C23:LeaderElection13] INFO  server.RaftServerConfigKeys (ConfUtils.java:logGet(43)) - raft.server.watch.timeout = 10s (default)
2019-08-21 18:33:25,095 [5cac240b-a5fb-443c-aa6a-5f791dcf7356:group-964A85778C23:LeaderElection13] INFO  server.RaftServerConfigKeys (ConfUtils.java:logGet(43)) - raft.server.watch.timeout.denomination = 1s (default)
2019-08-21 18:33:25,095 [5cac240b-a5fb-443c-aa6a-5f791dcf7356:group-964A85778C23:LeaderElection13] INFO  server.RaftServerConfigKeys (ConfUtils.java:logGet(43)) - raft.server.watch.element-limit = 65536 (default)
2019-08-21 18:33:25,095 [5cac240b-a5fb-443c-aa6a-5f791dcf7356:group-964A85778C23:LeaderElection13] INFO  impl.RoleInfo (RoleInfo.java:updateAndGet(143)) - 5cac240b-a5fb-443c-aa6a-5f791dcf7356: start LeaderState
2019-08-21 18:33:25,095 [5cac240b-a5fb-443c-aa6a-5f791dcf7356:group-964A85778C23:LeaderElection13] INFO  segmented.SegmentedRaftLogWorker (SegmentedRaftLogWorker.java:startLogSegment(380)) - 5cac240b-a5fb-443c-aa6a-5f791dcf7356-SegmentedRaftLogWorker:Storage Directory /workdir/hadoop-ozone/integration-test/target/test-dir/MiniOzoneClusterImpl-3d3f5e5e-1edb-4139-a191-6ae7dfb25aa0/datanode-1/data/ratis/47350ca0-e77e-401c-9fe9-964a85778c23: Starting segment from index:0
2019-08-21 18:33:25,096 [5cac240b-a5fb-443c-aa6a-5f791dcf7356:group-964A85778C23:LeaderElection13] INFO  impl.RaftServerImpl (ServerState.java:setRaftConf(361)) - 5cac240b-a5fb-443c-aa6a-5f791dcf7356:group-964A85778C23 set configuration 0: [5cac240b-a5fb-443c-aa6a-5f791dcf7356:192.168.36.125:36833], old=null at 0
2019-08-21 18:33:25,130 [EventQueue-StaleNodeForStaleNodeHandler] INFO  node.StaleNodeHandler (StaleNodeHandler.java:onMessage(58)) - Datanode 1c10ef1a-c27e-4e26-8da7-bf8f905915b5{ip: 192.168.36.125, host: pr-hdds-1998-57vr7-880049069, networkLocation: /default-rack, certSerialId: null} moved to stale state. Finalizing its pipelines [PipelineID=9e12116c-6126-42df-9323-d457394bd1ac, PipelineID=fea453f9-2a90-4e35-b9bb-af3bd550a00d]
2019-08-21 18:33:25,130 [EventQueue-StaleNodeForStaleNodeHandler] INFO  pipeline.SCMPipelineManager (SCMPipelineManager.java:finalizeAndDestroyPipeline(309)) - destroying pipeline:Pipeline[ Id: 9e12116c-6126-42df-9323-d457394bd1ac, Nodes: 1c10ef1a-c27e-4e26-8da7-bf8f905915b5{ip: 192.168.36.125, host: pr-hdds-1998-57vr7-880049069, networkLocation: /default-rack, certSerialId: null}9b029079-a3a2-4c30-a15c-eadf046183c2{ip: 192.168.36.125, host: pr-hdds-1998-57vr7-880049069, networkLocation: /default-rack, certSerialId: null}5cac240b-a5fb-443c-aa6a-5f791dcf7356{ip: 192.168.36.125, host: pr-hdds-1998-57vr7-880049069, networkLocation: /default-rack, certSerialId: null}, Type:RATIS, Factor:THREE, State:OPEN]
2019-08-21 18:33:25,131 [EventQueue-StaleNodeForStaleNodeHandler] INFO  pipeline.PipelineStateManager (PipelineStateManager.java:finalizePipeline(123)) - Pipeline Pipeline[ Id: 9e12116c-6126-42df-9323-d457394bd1ac, Nodes: 1c10ef1a-c27e-4e26-8da7-bf8f905915b5{ip: 192.168.36.125, host: pr-hdds-1998-57vr7-880049069, networkLocation: /default-rack, certSerialId: null}9b029079-a3a2-4c30-a15c-eadf046183c2{ip: 192.168.36.125, host: pr-hdds-1998-57vr7-880049069, networkLocation: /default-rack, certSerialId: null}5cac240b-a5fb-443c-aa6a-5f791dcf7356{ip: 192.168.36.125, host: pr-hdds-1998-57vr7-880049069, networkLocation: /default-rack, certSerialId: null}, Type:RATIS, Factor:THREE, State:CLOSED] moved to CLOSED state
2019-08-21 18:33:25,132 [EventQueue-StaleNodeForStaleNodeHandler] INFO  pipeline.SCMPipelineManager (SCMPipelineManager.java:finalizeAndDestroyPipeline(309)) - destroying pipeline:Pipeline[ Id: fea453f9-2a90-4e35-b9bb-af3bd550a00d, Nodes: 1c10ef1a-c27e-4e26-8da7-bf8f905915b5{ip: 192.168.36.125, host: pr-hdds-1998-57vr7-880049069, networkLocation: /default-rack, certSerialId: null}, Type:RATIS, Factor:ONE, State:OPEN]
2019-08-21 18:33:25,133 [EventQueue-StaleNodeForStaleNodeHandler] INFO  pipeline.PipelineStateManager (PipelineStateManager.java:finalizePipeline(123)) - Pipeline Pipeline[ Id: fea453f9-2a90-4e35-b9bb-af3bd550a00d, Nodes: 1c10ef1a-c27e-4e26-8da7-bf8f905915b5{ip: 192.168.36.125, host: pr-hdds-1998-57vr7-880049069, networkLocation: /default-rack, certSerialId: null}, Type:RATIS, Factor:ONE, State:CLOSED] moved to CLOSED state
2019-08-21 18:33:25,152 [5cac240b-a5fb-443c-aa6a-5f791dcf7356-SegmentedRaftLogWorker:Storage Directory /workdir/hadoop-ozone/integration-test/target/test-dir/MiniOzoneClusterImpl-3d3f5e5e-1edb-4139-a191-6ae7dfb25aa0/datanode-1/data/ratis/47350ca0-e77e-401c-9fe9-964a85778c23] INFO  segmented.SegmentedRaftLogWorker (SegmentedRaftLogWorker.java:execute(569)) - 5cac240b-a5fb-443c-aa6a-5f791dcf7356-SegmentedRaftLogWorker:Storage Directory /workdir/hadoop-ozone/integration-test/target/test-dir/MiniOzoneClusterImpl-3d3f5e5e-1edb-4139-a191-6ae7dfb25aa0/datanode-1/data/ratis/47350ca0-e77e-401c-9fe9-964a85778c23: created new log segment /workdir/hadoop-ozone/integration-test/target/test-dir/MiniOzoneClusterImpl-3d3f5e5e-1edb-4139-a191-6ae7dfb25aa0/datanode-1/data/ratis/47350ca0-e77e-401c-9fe9-964a85778c23/current/log_inprogress_0
2019-08-21 18:33:25,159 | INFO  | SCMAudit | user=jenkins1000 | ip=192.168.36.125 | op=SEND_HEARTBEAT {datanodeUUID=9b029079-a3a2-4c30-a15c-eadf046183c2, command=[]} | ret=SUCCESS |  
2019-08-21 18:33:25,231 [Thread-512] INFO  impl.FollowerState (FollowerState.java:run(106)) - 9b029079-a3a2-4c30-a15c-eadf046183c2:group-5D21773B8657 changes to CANDIDATE, lastRpcTime:5018, electionTimeout:5018ms
2019-08-21 18:33:25,231 [Thread-512] INFO  impl.RoleInfo (RoleInfo.java:shutdownFollowerState(121)) - 9b029079-a3a2-4c30-a15c-eadf046183c2: shutdown FollowerState
2019-08-21 18:33:25,231 [Thread-512] INFO  impl.RaftServerImpl (RaftServerImpl.java:setRole(171)) - 9b029079-a3a2-4c30-a15c-eadf046183c2:group-5D21773B8657 changes role from FOLLOWER to CANDIDATE at term 0 for changeToCandidate
2019-08-21 18:33:25,231 [Thread-512] INFO  impl.RoleInfo (RoleInfo.java:updateAndGet(143)) - 9b029079-a3a2-4c30-a15c-eadf046183c2: start LeaderElection
2019-08-21 18:33:25,260 [9b029079-a3a2-4c30-a15c-eadf046183c2:group-5D21773B8657:LeaderElection14] INFO  impl.LeaderElection (LeaderElection.java:askForVotes(181)) - 9b029079-a3a2-4c30-a15c-eadf046183c2:group-5D21773B8657:LeaderElection14: begin an election at term 1 for -1: [9b029079-a3a2-4c30-a15c-eadf046183c2:192.168.36.125:36224], old=null
2019-08-21 18:33:25,261 [9b029079-a3a2-4c30-a15c-eadf046183c2:group-5D21773B8657:LeaderElection14] INFO  impl.RoleInfo (RoleInfo.java:shutdownLeaderElection(134)) - 9b029079-a3a2-4c30-a15c-eadf046183c2: shutdown LeaderElection
2019-08-21 18:33:25,261 [9b029079-a3a2-4c30-a15c-eadf046183c2:group-5D21773B8657:LeaderElection14] INFO  impl.RaftServerImpl (RaftServerImpl.java:setRole(171)) - 9b029079-a3a2-4c30-a15c-eadf046183c2:group-5D21773B8657 changes role from CANDIDATE to LEADER at term 1 for changeToLeader
2019-08-21 18:33:25,261 [9b029079-a3a2-4c30-a15c-eadf046183c2:group-5D21773B8657:LeaderElection14] INFO  impl.RaftServerImpl (ServerState.java:setLeader(263)) - 9b029079-a3a2-4c30-a15c-eadf046183c2:group-5D21773B8657 change Leader from null to 9b029079-a3a2-4c30-a15c-eadf046183c2 at term 1 for becomeLeader, leader elected after 5053ms
2019-08-21 18:33:25,261 [9b029079-a3a2-4c30-a15c-eadf046183c2:group-5D21773B8657:LeaderElection14] INFO  server.RaftServerConfigKeys (ConfUtils.java:logGet(43)) - raft.server.staging.catchup.gap = 1000 (default)
2019-08-21 18:33:25,261 [9b029079-a3a2-4c30-a15c-eadf046183c2:group-5D21773B8657:LeaderElection14] INFO  server.RaftServerConfigKeys (ConfUtils.java:logGet(43)) - raft.server.rpc.sleep.time = 25ms (default)
2019-08-21 18:33:25,261 [9b029079-a3a2-4c30-a15c-eadf046183c2:group-5D21773B8657:LeaderElection14] INFO  server.RaftServerConfigKeys (ConfUtils.java:logGet(43)) - raft.server.write.element-limit = 4096 (default)
2019-08-21 18:33:25,262 [9b029079-a3a2-4c30-a15c-eadf046183c2:group-5D21773B8657:LeaderElection14] INFO  server.RaftServerConfigKeys (ConfUtils.java:logGet(43)) - raft.server.watch.timeout = 10s (default)
2019-08-21 18:33:25,262 [9b029079-a3a2-4c30-a15c-eadf046183c2:group-5D21773B8657:LeaderElection14] INFO  server.RaftServerConfigKeys (ConfUtils.java:logGet(43)) - raft.server.watch.timeout.denomination = 1s (default)
2019-08-21 18:33:25,262 [9b029079-a3a2-4c30-a15c-eadf046183c2:group-5D21773B8657:LeaderElection14] INFO  server.RaftServerConfigKeys (ConfUtils.java:logGet(43)) - raft.server.watch.element-limit = 65536 (default)
2019-08-21 18:33:25,262 [9b029079-a3a2-4c30-a15c-eadf046183c2:group-5D21773B8657:LeaderElection14] INFO  impl.RoleInfo (RoleInfo.java:updateAndGet(143)) - 9b029079-a3a2-4c30-a15c-eadf046183c2: start LeaderState
2019-08-21 18:33:25,262 [9b029079-a3a2-4c30-a15c-eadf046183c2:group-5D21773B8657:LeaderElection14] INFO  segmented.SegmentedRaftLogWorker (SegmentedRaftLogWorker.java:startLogSegment(380)) - 9b029079-a3a2-4c30-a15c-eadf046183c2-SegmentedRaftLogWorker:Storage Directory /workdir/hadoop-ozone/integration-test/target/test-dir/MiniOzoneClusterImpl-3d3f5e5e-1edb-4139-a191-6ae7dfb25aa0/datanode-2/data/ratis/54f58dc3-5367-4fc6-b2e8-5d21773b8657: Starting segment from index:0
2019-08-21 18:33:25,263 [9b029079-a3a2-4c30-a15c-eadf046183c2:group-5D21773B8657:LeaderElection14] INFO  impl.RaftServerImpl (ServerState.java:setRaftConf(361)) - 9b029079-a3a2-4c30-a15c-eadf046183c2:group-5D21773B8657 set configuration 0: [9b029079-a3a2-4c30-a15c-eadf046183c2:192.168.36.125:36224], old=null at 0
2019-08-21 18:33:25,319 [9b029079-a3a2-4c30-a15c-eadf046183c2-SegmentedRaftLogWorker:Storage Directory /workdir/hadoop-ozone/integration-test/target/test-dir/MiniOzoneClusterImpl-3d3f5e5e-1edb-4139-a191-6ae7dfb25aa0/datanode-2/data/ratis/54f58dc3-5367-4fc6-b2e8-5d21773b8657] INFO  segmented.SegmentedRaftLogWorker (SegmentedRaftLogWorker.java:execute(569)) - 9b029079-a3a2-4c30-a15c-eadf046183c2-SegmentedRaftLogWorker:Storage Directory /workdir/hadoop-ozone/integration-test/target/test-dir/MiniOzoneClusterImpl-3d3f5e5e-1edb-4139-a191-6ae7dfb25aa0/datanode-2/data/ratis/54f58dc3-5367-4fc6-b2e8-5d21773b8657: created new log segment /workdir/hadoop-ozone/integration-test/target/test-dir/MiniOzoneClusterImpl-3d3f5e5e-1edb-4139-a191-6ae7dfb25aa0/datanode-2/data/ratis/54f58dc3-5367-4fc6-b2e8-5d21773b8657/current/log_inprogress_0
2019-08-21 18:33:25,321 [Thread-517] INFO  impl.FollowerState (FollowerState.java:run(106)) - 9b029079-a3a2-4c30-a15c-eadf046183c2:group-D457394BD1AC changes to CANDIDATE, lastRpcTime:5027, electionTimeout:5027ms
2019-08-21 18:33:25,321 [Thread-517] INFO  impl.RoleInfo (RoleInfo.java:shutdownFollowerState(121)) - 9b029079-a3a2-4c30-a15c-eadf046183c2: shutdown FollowerState
2019-08-21 18:33:25,321 [Thread-517] INFO  impl.RaftServerImpl (RaftServerImpl.java:setRole(171)) - 9b029079-a3a2-4c30-a15c-eadf046183c2:group-D457394BD1AC changes role from FOLLOWER to CANDIDATE at term 0 for changeToCandidate
2019-08-21 18:33:25,321 [Thread-517] INFO  impl.RoleInfo (RoleInfo.java:updateAndGet(143)) - 9b029079-a3a2-4c30-a15c-eadf046183c2: start LeaderElection
2019-08-21 18:33:25,344 [9b029079-a3a2-4c30-a15c-eadf046183c2:group-D457394BD1AC:LeaderElection15] INFO  impl.LeaderElection (LeaderElection.java:askForVotes(181)) - 9b029079-a3a2-4c30-a15c-eadf046183c2:group-D457394BD1AC:LeaderElection15: begin an election at term 1 for -1: [5cac240b-a5fb-443c-aa6a-5f791dcf7356:192.168.36.125:36833, 1c10ef1a-c27e-4e26-8da7-bf8f905915b5:192.168.36.125:37842, 9b029079-a3a2-4c30-a15c-eadf046183c2:192.168.36.125:36224], old=null
2019-08-21 18:33:25,350 [Thread-516] INFO  impl.FollowerState (FollowerState.java:run(106)) - 5cac240b-a5fb-443c-aa6a-5f791dcf7356:group-D457394BD1AC changes to CANDIDATE, lastRpcTime:5058, electionTimeout:5058ms
2019-08-21 18:33:25,351 [Thread-516] INFO  impl.RoleInfo (RoleInfo.java:shutdownFollowerState(121)) - 5cac240b-a5fb-443c-aa6a-5f791dcf7356: shutdown FollowerState
2019-08-21 18:33:25,351 [Thread-516] INFO  impl.RaftServerImpl (RaftServerImpl.java:setRole(171)) - 5cac240b-a5fb-443c-aa6a-5f791dcf7356:group-D457394BD1AC changes role from FOLLOWER to CANDIDATE at term 0 for changeToCandidate
2019-08-21 18:33:25,351 [Thread-516] INFO  impl.RoleInfo (RoleInfo.java:updateAndGet(143)) - 5cac240b-a5fb-443c-aa6a-5f791dcf7356: start LeaderElection
2019-08-21 18:33:25,356 [grpc-default-executor-0] INFO  impl.RaftServerImpl (RaftServerImpl.java:setRole(171)) - 1c10ef1a-c27e-4e26-8da7-bf8f905915b5:group-D457394BD1AC changes role from FOLLOWER to FOLLOWER at term 1 for recognizeCandidate:9b029079-a3a2-4c30-a15c-eadf046183c2
2019-08-21 18:33:25,356 [grpc-default-executor-0] INFO  impl.RoleInfo (RoleInfo.java:shutdownFollowerState(121)) - 1c10ef1a-c27e-4e26-8da7-bf8f905915b5: shutdown FollowerState
2019-08-21 18:33:25,357 [grpc-default-executor-0] INFO  impl.RoleInfo (RoleInfo.java:updateAndGet(143)) - 1c10ef1a-c27e-4e26-8da7-bf8f905915b5: start FollowerState
2019-08-21 18:33:25,357 [Thread-521] INFO  impl.FollowerState (FollowerState.java:run(114)) - 1c10ef1a-c27e-4e26-8da7-bf8f905915b5: FollowerState was interrupted: java.lang.InterruptedException: sleep interrupted
2019-08-21 18:33:25,371 [5cac240b-a5fb-443c-aa6a-5f791dcf7356:group-D457394BD1AC:LeaderElection16] INFO  impl.LeaderElection (LeaderElection.java:askForVotes(181)) - 5cac240b-a5fb-443c-aa6a-5f791dcf7356:group-D457394BD1AC:LeaderElection16: begin an election at term 1 for -1: [5cac240b-a5fb-443c-aa6a-5f791dcf7356:192.168.36.125:36833, 1c10ef1a-c27e-4e26-8da7-bf8f905915b5:192.168.36.125:37842, 9b029079-a3a2-4c30-a15c-eadf046183c2:192.168.36.125:36224], old=null
2019-08-21 18:33:25,379 [9b029079-a3a2-4c30-a15c-eadf046183c2:group-D457394BD1AC:LeaderElection15] INFO  impl.LeaderElection (LeaderElection.java:logAndReturn(56)) - 9b029079-a3a2-4c30-a15c-eadf046183c2:group-D457394BD1AC:LeaderElection15: Election PASSED; received 1 response(s) [9b029079-a3a2-4c30-a15c-eadf046183c2<-1c10ef1a-c27e-4e26-8da7-bf8f905915b5#0:OK-t1] and 0 exception(s); 9b029079-a3a2-4c30-a15c-eadf046183c2:t1, leader=null, voted=9b029079-a3a2-4c30-a15c-eadf046183c2, raftlog=9b029079-a3a2-4c30-a15c-eadf046183c2-SegmentedRaftLog:OPENED:c-1,f-1,i0, conf=-1: [5cac240b-a5fb-443c-aa6a-5f791dcf7356:192.168.36.125:36833, 1c10ef1a-c27e-4e26-8da7-bf8f905915b5:192.168.36.125:37842, 9b029079-a3a2-4c30-a15c-eadf046183c2:192.168.36.125:36224], old=null
2019-08-21 18:33:25,379 [9b029079-a3a2-4c30-a15c-eadf046183c2:group-D457394BD1AC:LeaderElection15] INFO  impl.RoleInfo (RoleInfo.java:shutdownLeaderElection(134)) - 9b029079-a3a2-4c30-a15c-eadf046183c2: shutdown LeaderElection
2019-08-21 18:33:25,380 [9b029079-a3a2-4c30-a15c-eadf046183c2:group-D457394BD1AC:LeaderElection15] INFO  impl.RaftServerImpl (RaftServerImpl.java:setRole(171)) - 9b029079-a3a2-4c30-a15c-eadf046183c2:group-D457394BD1AC changes role from CANDIDATE to LEADER at term 1 for changeToLeader
2019-08-21 18:33:25,381 [9b029079-a3a2-4c30-a15c-eadf046183c2:group-D457394BD1AC:LeaderElection15] INFO  impl.RaftServerImpl (ServerState.java:setLeader(263)) - 9b029079-a3a2-4c30-a15c-eadf046183c2:group-D457394BD1AC change Leader from null to 9b029079-a3a2-4c30-a15c-eadf046183c2 at term 1 for becomeLeader, leader elected after 5096ms
2019-08-21 18:33:25,383 [9b029079-a3a2-4c30-a15c-eadf046183c2:group-D457394BD1AC:LeaderElection15] INFO  server.RaftServerConfigKeys (ConfUtils.java:logGet(43)) - raft.server.staging.catchup.gap = 1000 (default)
2019-08-21 18:33:25,383 [9b029079-a3a2-4c30-a15c-eadf046183c2:group-D457394BD1AC:LeaderElection15] INFO  server.RaftServerConfigKeys (ConfUtils.java:logGet(43)) - raft.server.rpc.sleep.time = 25ms (default)
2019-08-21 18:33:25,383 [9b029079-a3a2-4c30-a15c-eadf046183c2:group-D457394BD1AC:LeaderElection15] INFO  server.RaftServerConfigKeys (ConfUtils.java:logGet(43)) - raft.server.write.element-limit = 4096 (default)
2019-08-21 18:33:25,384 [9b029079-a3a2-4c30-a15c-eadf046183c2:group-D457394BD1AC:LeaderElection15] INFO  server.RaftServerConfigKeys (ConfUtils.java:logGet(43)) - raft.server.watch.timeout = 10s (default)
2019-08-21 18:33:25,384 [9b029079-a3a2-4c30-a15c-eadf046183c2:group-D457394BD1AC:LeaderElection15] INFO  server.RaftServerConfigKeys (ConfUtils.java:logGet(43)) - raft.server.watch.timeout.denomination = 1s (default)
2019-08-21 18:33:25,384 [9b029079-a3a2-4c30-a15c-eadf046183c2:group-D457394BD1AC:LeaderElection15] INFO  server.RaftServerConfigKeys (ConfUtils.java:logGet(43)) - raft.server.watch.element-limit = 65536 (default)
2019-08-21 18:33:25,384 [9b029079-a3a2-4c30-a15c-eadf046183c2:group-D457394BD1AC:LeaderElection15] INFO  server.RaftServerConfigKeys (ConfUtils.java:logGet(43)) - raft.server.log.appender.snapshot.chunk.size.max = 16MB (=16777216) (default)
2019-08-21 18:33:25,385 [9b029079-a3a2-4c30-a15c-eadf046183c2:group-D457394BD1AC:LeaderElection15] INFO  server.RaftServerConfigKeys (ConfUtils.java:logGet(43)) - raft.server.log.appender.buffer.byte-limit = 33554432 (custom)
2019-08-21 18:33:25,385 [9b029079-a3a2-4c30-a15c-eadf046183c2:group-D457394BD1AC:LeaderElection15] INFO  server.RaftServerConfigKeys (ConfUtils.java:logGet(43)) - raft.server.log.appender.buffer.element-limit = 1 (custom)
2019-08-21 18:33:25,385 [9b029079-a3a2-4c30-a15c-eadf046183c2:group-D457394BD1AC:LeaderElection15] INFO  grpc.GrpcConfigKeys$Server (ConfUtils.java:logGet(43)) - raft.grpc.server.leader.outstanding.appends.max = 128 (default)
2019-08-21 18:33:25,386 [9b029079-a3a2-4c30-a15c-eadf046183c2:group-D457394BD1AC:LeaderElection15] INFO  server.RaftServerConfigKeys (ConfUtils.java:logGet(43)) - raft.server.rpc.request.timeout = 3000ms (default)
2019-08-21 18:33:25,386 [9b029079-a3a2-4c30-a15c-eadf046183c2:group-D457394BD1AC:LeaderElection15] INFO  server.RaftServerConfigKeys (ConfUtils.java:logGet(43)) - raft.server.log.appender.install.snapshot.enabled = false (custom)
2019-08-21 18:33:25,387 [9b029079-a3a2-4c30-a15c-eadf046183c2:group-D457394BD1AC:LeaderElection15] INFO  server.RaftServerConfigKeys (ConfUtils.java:logGet(43)) - raft.server.log.appender.snapshot.chunk.size.max = 16MB (=16777216) (default)
2019-08-21 18:33:25,387 [9b029079-a3a2-4c30-a15c-eadf046183c2:group-D457394BD1AC:LeaderElection15] INFO  server.RaftServerConfigKeys (ConfUtils.java:logGet(43)) - raft.server.log.appender.buffer.byte-limit = 33554432 (custom)
2019-08-21 18:33:25,387 [9b029079-a3a2-4c30-a15c-eadf046183c2:group-D457394BD1AC:LeaderElection15] INFO  server.RaftServerConfigKeys (ConfUtils.java:logGet(43)) - raft.server.log.appender.buffer.element-limit = 1 (custom)
2019-08-21 18:33:25,388 [9b029079-a3a2-4c30-a15c-eadf046183c2:group-D457394BD1AC:LeaderElection15] INFO  grpc.GrpcConfigKeys$Server (ConfUtils.java:logGet(43)) - raft.grpc.server.leader.outstanding.appends.max = 128 (default)
2019-08-21 18:33:25,390 [9b029079-a3a2-4c30-a15c-eadf046183c2:group-D457394BD1AC:LeaderElection15] INFO  server.RaftServerConfigKeys (ConfUtils.java:logGet(43)) - raft.server.rpc.request.timeout = 3000ms (default)
2019-08-21 18:33:25,391 [9b029079-a3a2-4c30-a15c-eadf046183c2:group-D457394BD1AC:LeaderElection15] INFO  server.RaftServerConfigKeys (ConfUtils.java:logGet(43)) - raft.server.log.appender.install.snapshot.enabled = false (custom)
2019-08-21 18:33:25,391 [9b029079-a3a2-4c30-a15c-eadf046183c2:group-D457394BD1AC:LeaderElection15] INFO  impl.RoleInfo (RoleInfo.java:updateAndGet(143)) - 9b029079-a3a2-4c30-a15c-eadf046183c2: start LeaderState
2019-08-21 18:33:25,392 [9b029079-a3a2-4c30-a15c-eadf046183c2:group-D457394BD1AC:LeaderElection15] INFO  segmented.SegmentedRaftLogWorker (SegmentedRaftLogWorker.java:startLogSegment(380)) - 9b029079-a3a2-4c30-a15c-eadf046183c2-SegmentedRaftLogWorker:Storage Directory /workdir/hadoop-ozone/integration-test/target/test-dir/MiniOzoneClusterImpl-3d3f5e5e-1edb-4139-a191-6ae7dfb25aa0/datanode-2/data/ratis/9e12116c-6126-42df-9323-d457394bd1ac: Starting segment from index:0
2019-08-21 18:33:25,393 [9b029079-a3a2-4c30-a15c-eadf046183c2:group-D457394BD1AC:LeaderElection15] INFO  impl.RaftServerImpl (ServerState.java:setRaftConf(361)) - 9b029079-a3a2-4c30-a15c-eadf046183c2:group-D457394BD1AC set configuration 0: [5cac240b-a5fb-443c-aa6a-5f791dcf7356:192.168.36.125:36833, 1c10ef1a-c27e-4e26-8da7-bf8f905915b5:192.168.36.125:37842, 9b029079-a3a2-4c30-a15c-eadf046183c2:192.168.36.125:36224], old=null at 0
2019-08-21 18:33:25,424 [grpc-default-executor-0] INFO  impl.RaftServerImpl (RaftServerImpl.java:requestVote(754)) - 9b029079-a3a2-4c30-a15c-eadf046183c2-LEADER: Withhold vote from candidate 5cac240b-a5fb-443c-aa6a-5f791dcf7356 with term 1. State: leader=9b029079-a3a2-4c30-a15c-eadf046183c2, term=1, lastRpcElapsed=null
2019-08-21 18:33:25,427 [5cac240b-a5fb-443c-aa6a-5f791dcf7356:group-D457394BD1AC:LeaderElection16] INFO  impl.LeaderElection (LeaderElection.java:logAndReturn(56)) - 5cac240b-a5fb-443c-aa6a-5f791dcf7356:group-D457394BD1AC:LeaderElection16: Election REJECTED; received 2 response(s) [5cac240b-a5fb-443c-aa6a-5f791dcf7356<-1c10ef1a-c27e-4e26-8da7-bf8f905915b5#0:FAIL-t1, 5cac240b-a5fb-443c-aa6a-5f791dcf7356<-9b029079-a3a2-4c30-a15c-eadf046183c2#0:FAIL-t1] and 0 exception(s); 5cac240b-a5fb-443c-aa6a-5f791dcf7356:t1, leader=null, voted=5cac240b-a5fb-443c-aa6a-5f791dcf7356, raftlog=5cac240b-a5fb-443c-aa6a-5f791dcf7356-SegmentedRaftLog:OPENED:c-1,f-1,i0, conf=-1: [5cac240b-a5fb-443c-aa6a-5f791dcf7356:192.168.36.125:36833, 1c10ef1a-c27e-4e26-8da7-bf8f905915b5:192.168.36.125:37842, 9b029079-a3a2-4c30-a15c-eadf046183c2:192.168.36.125:36224], old=null
2019-08-21 18:33:25,427 [5cac240b-a5fb-443c-aa6a-5f791dcf7356:group-D457394BD1AC:LeaderElection16] INFO  impl.RaftServerImpl (RaftServerImpl.java:setRole(171)) - 5cac240b-a5fb-443c-aa6a-5f791dcf7356:group-D457394BD1AC changes role from CANDIDATE to FOLLOWER at term 1 for DISCOVERED_A_NEW_TERM
2019-08-21 18:33:25,428 [5cac240b-a5fb-443c-aa6a-5f791dcf7356:group-D457394BD1AC:LeaderElection16] INFO  impl.RoleInfo (RoleInfo.java:shutdownLeaderElection(134)) - 5cac240b-a5fb-443c-aa6a-5f791dcf7356: shutdown LeaderElection
2019-08-21 18:33:25,428 [grpc-default-executor-1] INFO  impl.RaftServerImpl (ServerState.java:setLeader(263)) - 1c10ef1a-c27e-4e26-8da7-bf8f905915b5:group-D457394BD1AC change Leader from null to 9b029079-a3a2-4c30-a15c-eadf046183c2 at term 1 for appendEntries, leader elected after 5144ms
2019-08-21 18:33:25,429 [5cac240b-a5fb-443c-aa6a-5f791dcf7356:group-D457394BD1AC:LeaderElection16] INFO  impl.RoleInfo (RoleInfo.java:updateAndGet(143)) - 5cac240b-a5fb-443c-aa6a-5f791dcf7356: start FollowerState
2019-08-21 18:33:25,429 [grpc-default-executor-0] INFO  impl.RaftServerImpl (ServerState.java:setLeader(263)) - 5cac240b-a5fb-443c-aa6a-5f791dcf7356:group-D457394BD1AC change Leader from null to 9b029079-a3a2-4c30-a15c-eadf046183c2 at term 1 for appendEntries, leader elected after 5144ms
2019-08-21 18:33:25,433 [grpc-default-executor-0] INFO  impl.RaftServerImpl (ServerState.java:setRaftConf(361)) - 1c10ef1a-c27e-4e26-8da7-bf8f905915b5:group-D457394BD1AC set configuration 0: [5cac240b-a5fb-443c-aa6a-5f791dcf7356:192.168.36.125:36833, 1c10ef1a-c27e-4e26-8da7-bf8f905915b5:192.168.36.125:37842, 9b029079-a3a2-4c30-a15c-eadf046183c2:192.168.36.125:36224], old=null at 0
2019-08-21 18:33:25,433 [grpc-default-executor-0] INFO  segmented.SegmentedRaftLogWorker (SegmentedRaftLogWorker.java:startLogSegment(380)) - 1c10ef1a-c27e-4e26-8da7-bf8f905915b5-SegmentedRaftLogWorker:Storage Directory /workdir/hadoop-ozone/integration-test/target/test-dir/MiniOzoneClusterImpl-3d3f5e5e-1edb-4139-a191-6ae7dfb25aa0/datanode-0/data/ratis/9e12116c-6126-42df-9323-d457394bd1ac: Starting segment from index:0
2019-08-21 18:33:25,434 [grpc-default-executor-1] INFO  impl.RaftServerImpl (ServerState.java:setRaftConf(361)) - 5cac240b-a5fb-443c-aa6a-5f791dcf7356:group-D457394BD1AC set configuration 0: [5cac240b-a5fb-443c-aa6a-5f791dcf7356:192.168.36.125:36833, 1c10ef1a-c27e-4e26-8da7-bf8f905915b5:192.168.36.125:37842, 9b029079-a3a2-4c30-a15c-eadf046183c2:192.168.36.125:36224], old=null at 0
2019-08-21 18:33:25,435 [grpc-default-executor-1] INFO  segmented.SegmentedRaftLogWorker (SegmentedRaftLogWorker.java:startLogSegment(380)) - 5cac240b-a5fb-443c-aa6a-5f791dcf7356-SegmentedRaftLogWorker:Storage Directory /workdir/hadoop-ozone/integration-test/target/test-dir/MiniOzoneClusterImpl-3d3f5e5e-1edb-4139-a191-6ae7dfb25aa0/datanode-1/data/ratis/9e12116c-6126-42df-9323-d457394bd1ac: Starting segment from index:0
2019-08-21 18:33:25,438 [9b029079-a3a2-4c30-a15c-eadf046183c2-SegmentedRaftLogWorker:Storage Directory /workdir/hadoop-ozone/integration-test/target/test-dir/MiniOzoneClusterImpl-3d3f5e5e-1edb-4139-a191-6ae7dfb25aa0/datanode-2/data/ratis/9e12116c-6126-42df-9323-d457394bd1ac] INFO  segmented.SegmentedRaftLogWorker (SegmentedRaftLogWorker.java:execute(569)) - 9b029079-a3a2-4c30-a15c-eadf046183c2-SegmentedRaftLogWorker:Storage Directory /workdir/hadoop-ozone/integration-test/target/test-dir/MiniOzoneClusterImpl-3d3f5e5e-1edb-4139-a191-6ae7dfb25aa0/datanode-2/data/ratis/9e12116c-6126-42df-9323-d457394bd1ac: created new log segment /workdir/hadoop-ozone/integration-test/target/test-dir/MiniOzoneClusterImpl-3d3f5e5e-1edb-4139-a191-6ae7dfb25aa0/datanode-2/data/ratis/9e12116c-6126-42df-9323-d457394bd1ac/current/log_inprogress_0
2019-08-21 18:33:25,480 [1c10ef1a-c27e-4e26-8da7-bf8f905915b5-SegmentedRaftLogWorker:Storage Directory /workdir/hadoop-ozone/integration-test/target/test-dir/MiniOzoneClusterImpl-3d3f5e5e-1edb-4139-a191-6ae7dfb25aa0/datanode-0/data/ratis/9e12116c-6126-42df-9323-d457394bd1ac] INFO  segmented.SegmentedRaftLogWorker (SegmentedRaftLogWorker.java:execute(569)) - 1c10ef1a-c27e-4e26-8da7-bf8f905915b5-SegmentedRaftLogWorker:Storage Directory /workdir/hadoop-ozone/integration-test/target/test-dir/MiniOzoneClusterImpl-3d3f5e5e-1edb-4139-a191-6ae7dfb25aa0/datanode-0/data/ratis/9e12116c-6126-42df-9323-d457394bd1ac: created new log segment /workdir/hadoop-ozone/integration-test/target/test-dir/MiniOzoneClusterImpl-3d3f5e5e-1edb-4139-a191-6ae7dfb25aa0/datanode-0/data/ratis/9e12116c-6126-42df-9323-d457394bd1ac/current/log_inprogress_0
2019-08-21 18:33:25,480 [5cac240b-a5fb-443c-aa6a-5f791dcf7356-SegmentedRaftLogWorker:Storage Directory /workdir/hadoop-ozone/integration-test/target/test-dir/MiniOzoneClusterImpl-3d3f5e5e-1edb-4139-a191-6ae7dfb25aa0/datanode-1/data/ratis/9e12116c-6126-42df-9323-d457394bd1ac] INFO  segmented.SegmentedRaftLogWorker (SegmentedRaftLogWorker.java:execute(569)) - 5cac240b-a5fb-443c-aa6a-5f791dcf7356-SegmentedRaftLogWorker:Storage Directory /workdir/hadoop-ozone/integration-test/target/test-dir/MiniOzoneClusterImpl-3d3f5e5e-1edb-4139-a191-6ae7dfb25aa0/datanode-1/data/ratis/9e12116c-6126-42df-9323-d457394bd1ac: created new log segment /workdir/hadoop-ozone/integration-test/target/test-dir/MiniOzoneClusterImpl-3d3f5e5e-1edb-4139-a191-6ae7dfb25aa0/datanode-1/data/ratis/9e12116c-6126-42df-9323-d457394bd1ac/current/log_inprogress_0
2019-08-21 18:33:25,918 | INFO  | SCMAudit | user=jenkins1000 | ip=192.168.36.125 | op=SEND_HEARTBEAT {datanodeUUID=5cac240b-a5fb-443c-aa6a-5f791dcf7356, command=[]} | ret=SUCCESS |  
2019-08-21 18:33:26,159 [Thread-332] INFO  ozoneimpl.OzoneContainer (OzoneContainer.java:stop(199)) - Attempting to stop container services.
2019-08-21 18:33:26,160 [Thread-332] INFO  impl.RaftServerProxy (RaftServerProxy.java:lambda$close$4(314)) - 1c10ef1a-c27e-4e26-8da7-bf8f905915b5: close
2019-08-21 18:33:26,160 | INFO  | SCMAudit | user=jenkins1000 | ip=192.168.36.125 | op=SEND_HEARTBEAT {datanodeUUID=9b029079-a3a2-4c30-a15c-eadf046183c2, command=[]} | ret=SUCCESS |  
2019-08-21 18:33:26,161 [Thread-332] INFO  impl.RaftServerImpl (RaftServerImpl.java:lambda$shutdown$3(245)) - 1c10ef1a-c27e-4e26-8da7-bf8f905915b5: shutdown group-D457394BD1AC
2019-08-21 18:33:26,161 [Thread-332] INFO  util.JmxRegister (JmxRegister.java:unregister(73)) - Successfully un-registered JMX Bean with object name Ratis:service=RaftServer,group=group-D457394BD1AC,id=1c10ef1a-c27e-4e26-8da7-bf8f905915b5
2019-08-21 18:33:26,162 [Thread-332] INFO  impl.RoleInfo (RoleInfo.java:shutdownFollowerState(121)) - 1c10ef1a-c27e-4e26-8da7-bf8f905915b5: shutdown FollowerState
2019-08-21 18:33:26,162 [Thread-332] INFO  impl.StateMachineUpdater (StateMachineUpdater.java:stopAndJoin(115)) - StateMachineUpdater:1c10ef1a-c27e-4e26-8da7-bf8f905915b5:group-D457394BD1AC: set stopIndex = -1
2019-08-21 18:33:26,162 [Thread-535] INFO  impl.FollowerState (FollowerState.java:run(114)) - 1c10ef1a-c27e-4e26-8da7-bf8f905915b5: FollowerState was interrupted: java.lang.InterruptedException: sleep interrupted
2019-08-21 18:33:26,165 [Thread-332] INFO  impl.RaftServerImpl (ServerState.java:close(394)) - 1c10ef1a-c27e-4e26-8da7-bf8f905915b5:group-D457394BD1AC closes. The last applied log index is -1
2019-08-21 18:33:26,167 [1c10ef1a-c27e-4e26-8da7-bf8f905915b5-SegmentedRaftLogWorker:Storage Directory /workdir/hadoop-ozone/integration-test/target/test-dir/MiniOzoneClusterImpl-3d3f5e5e-1edb-4139-a191-6ae7dfb25aa0/datanode-0/data/ratis/9e12116c-6126-42df-9323-d457394bd1ac] INFO  segmented.SegmentedRaftLogWorker (SegmentedRaftLogWorker.java:run(313)) - 1c10ef1a-c27e-4e26-8da7-bf8f905915b5-SegmentedRaftLogWorker:Storage Directory /workdir/hadoop-ozone/integration-test/target/test-dir/MiniOzoneClusterImpl-3d3f5e5e-1edb-4139-a191-6ae7dfb25aa0/datanode-0/data/ratis/9e12116c-6126-42df-9323-d457394bd1ac was interrupted, exiting. There are 0 tasks remaining in the queue.
2019-08-21 18:33:26,169 [Thread-332] INFO  segmented.SegmentedRaftLogWorker (SegmentedRaftLogWorker.java:close(228)) - 1c10ef1a-c27e-4e26-8da7-bf8f905915b5-SegmentedRaftLogWorker:Storage Directory /workdir/hadoop-ozone/integration-test/target/test-dir/MiniOzoneClusterImpl-3d3f5e5e-1edb-4139-a191-6ae7dfb25aa0/datanode-0/data/ratis/9e12116c-6126-42df-9323-d457394bd1ac close()
2019-08-21 18:33:26,171 [Thread-332] INFO  impl.RaftServerImpl (RaftServerImpl.java:lambda$shutdown$3(245)) - 1c10ef1a-c27e-4e26-8da7-bf8f905915b5: shutdown group-AF3BD550A00D
2019-08-21 18:33:26,172 [Thread-332] INFO  util.JmxRegister (JmxRegister.java:unregister(73)) - Successfully un-registered JMX Bean with object name Ratis:service=RaftServer,group=group-AF3BD550A00D,id=1c10ef1a-c27e-4e26-8da7-bf8f905915b5
2019-08-21 18:33:26,172 [Thread-332] INFO  impl.RoleInfo (RoleInfo.java:shutdownLeaderState(104)) - 1c10ef1a-c27e-4e26-8da7-bf8f905915b5: shutdown LeaderState
2019-08-21 18:33:26,172 [Thread-332] INFO  impl.PendingRequests (PendingRequests.java:sendNotLeaderResponses(202)) - 1c10ef1a-c27e-4e26-8da7-bf8f905915b5-PendingRequests: sendNotLeaderResponses
2019-08-21 18:33:26,173 [Thread-332] INFO  impl.StateMachineUpdater (StateMachineUpdater.java:stopAndJoin(115)) - StateMachineUpdater:1c10ef1a-c27e-4e26-8da7-bf8f905915b5:group-AF3BD550A00D: set stopIndex = 0
2019-08-21 18:33:26,174 [Thread-332] INFO  impl.RaftServerImpl (ServerState.java:close(394)) - 1c10ef1a-c27e-4e26-8da7-bf8f905915b5:group-AF3BD550A00D closes. The last applied log index is 0
2019-08-21 18:33:26,175 [1c10ef1a-c27e-4e26-8da7-bf8f905915b5-SegmentedRaftLogWorker:Storage Directory /workdir/hadoop-ozone/integration-test/target/test-dir/MiniOzoneClusterImpl-3d3f5e5e-1edb-4139-a191-6ae7dfb25aa0/datanode-0/data/ratis/fea453f9-2a90-4e35-b9bb-af3bd550a00d] INFO  segmented.SegmentedRaftLogWorker (SegmentedRaftLogWorker.java:run(313)) - 1c10ef1a-c27e-4e26-8da7-bf8f905915b5-SegmentedRaftLogWorker:Storage Directory /workdir/hadoop-ozone/integration-test/target/test-dir/MiniOzoneClusterImpl-3d3f5e5e-1edb-4139-a191-6ae7dfb25aa0/datanode-0/data/ratis/fea453f9-2a90-4e35-b9bb-af3bd550a00d was interrupted, exiting. There are 0 tasks remaining in the queue.
2019-08-21 18:33:26,176 [Thread-332] INFO  segmented.SegmentedRaftLogWorker (SegmentedRaftLogWorker.java:close(228)) - 1c10ef1a-c27e-4e26-8da7-bf8f905915b5-SegmentedRaftLogWorker:Storage Directory /workdir/hadoop-ozone/integration-test/target/test-dir/MiniOzoneClusterImpl-3d3f5e5e-1edb-4139-a191-6ae7dfb25aa0/datanode-0/data/ratis/fea453f9-2a90-4e35-b9bb-af3bd550a00d close()
2019-08-21 18:33:26,184 [Thread-332] INFO  server.GrpcService (GrpcService.java:closeImpl(155)) - 1c10ef1a-c27e-4e26-8da7-bf8f905915b5: shutdown server with port 37842 now
2019-08-21 18:33:26,187 [grpc-default-executor-1] WARN  server.GrpcServerProtocolService (LogUtils.java:warn(134)) - 1c10ef1a-c27e-4e26-8da7-bf8f905915b5: appendEntries onError: org.apache.ratis.thirdparty.io.grpc.StatusRuntimeException: CANCELLED: cancelled before receiving half close
2019-08-21 18:33:26,188 [Thread-332] INFO  server.GrpcService (GrpcService.java:closeImpl(163)) - 1c10ef1a-c27e-4e26-8da7-bf8f905915b5: shutdown server with port 37842 successfully
2019-08-21 18:33:26,188 [grpc-default-executor-3] WARN  server.GrpcLogAppender (LogUtils.java:warn(134)) - 9b029079-a3a2-4c30-a15c-eadf046183c2->1c10ef1a-c27e-4e26-8da7-bf8f905915b5: Failed appendEntries: org.apache.ratis.thirdparty.io.grpc.StatusRuntimeException: CANCELLED: HTTP/2 error code: CANCEL
Received Rst Stream
2019-08-21 18:33:26,190 [grpc-default-executor-3] INFO  impl.FollowerInfo (FollowerInfo.java:lambda$new$0(50)) - 9b029079-a3a2-4c30-a15c-eadf046183c2->1c10ef1a-c27e-4e26-8da7-bf8f905915b5: nextIndex: updateUnconditionally 1 -> 0
2019-08-21 18:33:26,194 [Thread-332] INFO  utils.BackgroundService (BackgroundService.java:shutdown(148)) - Shutting down service BlockDeletingService
2019-08-21 18:33:26,195 [refreshUsed-/workdir/hadoop-ozone/integration-test/target/test-dir/MiniOzoneClusterImpl-3d3f5e5e-1edb-4139-a191-6ae7dfb25aa0/datanode-0/data/containers] WARN  fs.CachingGetSpaceUsed (CachingGetSpaceUsed.java:run(183)) - Thread Interrupted waiting to refresh disk information: sleep interrupted
2019-08-21 18:33:26,213 [Thread-332] INFO  statemachine.DatanodeStateMachine (DatanodeStateMachine.java:stopDaemon(395)) - Ozone container server stopped.
2019-08-21 18:33:26,214 [Thread-332] INFO  handler.ContextHandler (ContextHandler.java:doStop(910)) - Stopped o.e.j.w.WebAppContext@65209ffe{/,null,UNAVAILABLE}{/hddsDatanode}
2019-08-21 18:33:26,215 [Thread-332] INFO  server.AbstractConnector (AbstractConnector.java:doStop(318)) - Stopped ServerConnector@1c132dab{HTTP/1.1,[http/1.1]}{0.0.0.0:0}
2019-08-21 18:33:26,215 [Thread-332] INFO  handler.ContextHandler (ContextHandler.java:doStop(910)) - Stopped o.e.j.s.ServletContextHandler@7593d7b{/static,jar:file:/home/user/.m2/repository/org/apache/hadoop/hadoop-hdds-container-service/0.5.0-SNAPSHOT/hadoop-hdds-container-service-0.5.0-SNAPSHOT.jar!/webapps/static,UNAVAILABLE}
2019-08-21 18:33:26,216 [Thread-332] INFO  handler.ContextHandler (ContextHandler.java:doStop(910)) - Stopped o.e.j.s.ServletContextHandler@2dd7a227{/logs,file:///workdir/hadoop-ozone/integration-test/target/log,UNAVAILABLE}
2019-08-21 18:33:26,217 [Thread-332] INFO  datanode.ObjectStoreHandler (ObjectStoreHandler.java:close(155)) - Closing ObjectStoreHandler.
2019-08-21 18:33:26,218 [Thread-332] INFO  ozone.HddsDatanodeService (HddsDatanodeService.java:stop(451)) - Stopped plug-in org.apache.hadoop.ozone.web.OzoneHddsDatanodeService@1c6358f8
2019-08-21 18:33:26,917 [Datanode State Machine Thread - 0] INFO  statemachine.DatanodeStateMachine (DatanodeStateMachine.java:lambda$startDaemon$0(350)) - Ozone container server started.
2019-08-21 18:33:27,160 | INFO  | SCMAudit | user=jenkins1000 | ip=192.168.36.125 | op=SEND_HEARTBEAT {datanodeUUID=9b029079-a3a2-4c30-a15c-eadf046183c2, command=[]} | ret=SUCCESS |  
2019-08-21 18:33:28,001 [grpc-default-executor-0] WARN  server.GrpcLogAppender (LogUtils.java:warn(134)) - 9b029079-a3a2-4c30-a15c-eadf046183c2->1c10ef1a-c27e-4e26-8da7-bf8f905915b5: Failed appendEntries: org.apache.ratis.thirdparty.io.grpc.StatusRuntimeException: UNAVAILABLE: io exception
2019-08-21 18:33:28,002 [grpc-default-executor-0] INFO  impl.FollowerInfo (FollowerInfo.java:lambda$new$0(50)) - 9b029079-a3a2-4c30-a15c-eadf046183c2->1c10ef1a-c27e-4e26-8da7-bf8f905915b5: nextIndex: updateUnconditionally 0 -> 0
2019-08-21 18:33:28,159 | INFO  | SCMAudit | user=jenkins1000 | ip=192.168.36.125 | op=SEND_HEARTBEAT {datanodeUUID=9b029079-a3a2-4c30-a15c-eadf046183c2, command=[]} | ret=SUCCESS |  
2019-08-21 18:33:29,160 | INFO  | SCMAudit | user=jenkins1000 | ip=192.168.36.125 | op=SEND_HEARTBEAT {datanodeUUID=9b029079-a3a2-4c30-a15c-eadf046183c2, command=[]} | ret=SUCCESS |  
2019-08-21 18:33:30,159 | INFO  | SCMAudit | user=jenkins1000 | ip=192.168.36.125 | op=SEND_HEARTBEAT {datanodeUUID=9b029079-a3a2-4c30-a15c-eadf046183c2, command=[]} | ret=SUCCESS |  
2019-08-21 18:33:30,504 [grpc-default-executor-3] WARN  server.GrpcLogAppender (LogUtils.java:warn(134)) - 9b029079-a3a2-4c30-a15c-eadf046183c2->1c10ef1a-c27e-4e26-8da7-bf8f905915b5: Failed appendEntries: org.apache.ratis.thirdparty.io.grpc.StatusRuntimeException: UNAVAILABLE: io exception
2019-08-21 18:33:30,507 [grpc-default-executor-3] INFO  impl.FollowerInfo (FollowerInfo.java:lambda$new$0(50)) - 9b029079-a3a2-4c30-a15c-eadf046183c2->1c10ef1a-c27e-4e26-8da7-bf8f905915b5: nextIndex: updateUnconditionally 0 -> 0
2019-08-21 18:33:31,131 [EventQueue-StaleNodeForStaleNodeHandler] INFO  node.StaleNodeHandler (StaleNodeHandler.java:onMessage(58)) - Datanode 5cac240b-a5fb-443c-aa6a-5f791dcf7356{ip: 192.168.36.125, host: pr-hdds-1998-57vr7-880049069, networkLocation: /default-rack, certSerialId: null} moved to stale state. Finalizing its pipelines [PipelineID=47350ca0-e77e-401c-9fe9-964a85778c23, PipelineID=9e12116c-6126-42df-9323-d457394bd1ac]
2019-08-21 18:33:31,132 [EventQueue-StaleNodeForStaleNodeHandler] INFO  pipeline.SCMPipelineManager (SCMPipelineManager.java:finalizeAndDestroyPipeline(309)) - destroying pipeline:Pipeline[ Id: 47350ca0-e77e-401c-9fe9-964a85778c23, Nodes: 5cac240b-a5fb-443c-aa6a-5f791dcf7356{ip: 192.168.36.125, host: pr-hdds-1998-57vr7-880049069, networkLocation: /default-rack, certSerialId: null}, Type:RATIS, Factor:ONE, State:OPEN]
2019-08-21 18:33:31,132 [EventQueue-StaleNodeForStaleNodeHandler] INFO  pipeline.PipelineStateManager (PipelineStateManager.java:finalizePipeline(123)) - Pipeline Pipeline[ Id: 47350ca0-e77e-401c-9fe9-964a85778c23, Nodes: 5cac240b-a5fb-443c-aa6a-5f791dcf7356{ip: 192.168.36.125, host: pr-hdds-1998-57vr7-880049069, networkLocation: /default-rack, certSerialId: null}, Type:RATIS, Factor:ONE, State:CLOSED] moved to CLOSED state
2019-08-21 18:33:31,132 [EventQueue-StaleNodeForStaleNodeHandler] INFO  pipeline.SCMPipelineManager (SCMPipelineManager.java:finalizeAndDestroyPipeline(309)) - destroying pipeline:Pipeline[ Id: 9e12116c-6126-42df-9323-d457394bd1ac, Nodes: 1c10ef1a-c27e-4e26-8da7-bf8f905915b5{ip: 192.168.36.125, host: pr-hdds-1998-57vr7-880049069, networkLocation: /default-rack, certSerialId: null}9b029079-a3a2-4c30-a15c-eadf046183c2{ip: 192.168.36.125, host: pr-hdds-1998-57vr7-880049069, networkLocation: /default-rack, certSerialId: null}5cac240b-a5fb-443c-aa6a-5f791dcf7356{ip: 192.168.36.125, host: pr-hdds-1998-57vr7-880049069, networkLocation: /default-rack, certSerialId: null}, Type:RATIS, Factor:THREE, State:CLOSED]
2019-08-21 18:33:31,160 | INFO  | SCMAudit | user=jenkins1000 | ip=192.168.36.125 | op=SEND_HEARTBEAT {datanodeUUID=9b029079-a3a2-4c30-a15c-eadf046183c2, command=[]} | ret=SUCCESS |  
2019-08-21 18:33:31,219 [Thread-332] INFO  ozoneimpl.OzoneContainer (OzoneContainer.java:stop(199)) - Attempting to stop container services.
2019-08-21 18:33:31,219 [Thread-332] INFO  impl.RaftServerProxy (RaftServerProxy.java:lambda$close$4(314)) - 5cac240b-a5fb-443c-aa6a-5f791dcf7356: close
2019-08-21 18:33:31,220 [Thread-332] INFO  impl.RaftServerImpl (RaftServerImpl.java:lambda$shutdown$3(245)) - 5cac240b-a5fb-443c-aa6a-5f791dcf7356: shutdown group-964A85778C23
2019-08-21 18:33:31,221 [Thread-332] INFO  util.JmxRegister (JmxRegister.java:unregister(73)) - Successfully un-registered JMX Bean with object name Ratis:service=RaftServer,group=group-964A85778C23,id=5cac240b-a5fb-443c-aa6a-5f791dcf7356
2019-08-21 18:33:31,221 [Thread-332] INFO  impl.RoleInfo (RoleInfo.java:shutdownLeaderState(104)) - 5cac240b-a5fb-443c-aa6a-5f791dcf7356: shutdown LeaderState
2019-08-21 18:33:31,221 [Thread-332] INFO  impl.PendingRequests (PendingRequests.java:sendNotLeaderResponses(202)) - 5cac240b-a5fb-443c-aa6a-5f791dcf7356-PendingRequests: sendNotLeaderResponses
2019-08-21 18:33:31,222 [Thread-332] INFO  impl.StateMachineUpdater (StateMachineUpdater.java:stopAndJoin(115)) - StateMachineUpdater:5cac240b-a5fb-443c-aa6a-5f791dcf7356:group-964A85778C23: set stopIndex = 0
2019-08-21 18:33:31,224 [Thread-332] INFO  impl.RaftServerImpl (ServerState.java:close(394)) - 5cac240b-a5fb-443c-aa6a-5f791dcf7356:group-964A85778C23 closes. The last applied log index is 0
2019-08-21 18:33:31,225 [5cac240b-a5fb-443c-aa6a-5f791dcf7356-SegmentedRaftLogWorker:Storage Directory /workdir/hadoop-ozone/integration-test/target/test-dir/MiniOzoneClusterImpl-3d3f5e5e-1edb-4139-a191-6ae7dfb25aa0/datanode-1/data/ratis/47350ca0-e77e-401c-9fe9-964a85778c23] INFO  segmented.SegmentedRaftLogWorker (SegmentedRaftLogWorker.java:run(313)) - 5cac240b-a5fb-443c-aa6a-5f791dcf7356-SegmentedRaftLogWorker:Storage Directory /workdir/hadoop-ozone/integration-test/target/test-dir/MiniOzoneClusterImpl-3d3f5e5e-1edb-4139-a191-6ae7dfb25aa0/datanode-1/data/ratis/47350ca0-e77e-401c-9fe9-964a85778c23 was interrupted, exiting. There are 0 tasks remaining in the queue.
2019-08-21 18:33:31,232 [Thread-332] INFO  segmented.SegmentedRaftLogWorker (SegmentedRaftLogWorker.java:close(228)) - 5cac240b-a5fb-443c-aa6a-5f791dcf7356-SegmentedRaftLogWorker:Storage Directory /workdir/hadoop-ozone/integration-test/target/test-dir/MiniOzoneClusterImpl-3d3f5e5e-1edb-4139-a191-6ae7dfb25aa0/datanode-1/data/ratis/47350ca0-e77e-401c-9fe9-964a85778c23 close()
2019-08-21 18:33:31,233 [Thread-332] INFO  impl.RaftServerImpl (RaftServerImpl.java:lambda$shutdown$3(245)) - 5cac240b-a5fb-443c-aa6a-5f791dcf7356: shutdown group-D457394BD1AC
2019-08-21 18:33:31,234 [Thread-332] INFO  util.JmxRegister (JmxRegister.java:unregister(73)) - Successfully un-registered JMX Bean with object name Ratis:service=RaftServer,group=group-D457394BD1AC,id=5cac240b-a5fb-443c-aa6a-5f791dcf7356
2019-08-21 18:33:31,234 [Thread-332] INFO  impl.RoleInfo (RoleInfo.java:shutdownFollowerState(121)) - 5cac240b-a5fb-443c-aa6a-5f791dcf7356: shutdown FollowerState
2019-08-21 18:33:31,234 [Thread-332] INFO  impl.StateMachineUpdater (StateMachineUpdater.java:stopAndJoin(115)) - StateMachineUpdater:5cac240b-a5fb-443c-aa6a-5f791dcf7356:group-D457394BD1AC: set stopIndex = 0
2019-08-21 18:33:31,235 [Thread-543] INFO  impl.FollowerState (FollowerState.java:run(114)) - 5cac240b-a5fb-443c-aa6a-5f791dcf7356: FollowerState was interrupted: java.lang.InterruptedException: sleep interrupted
2019-08-21 18:33:31,236 [Thread-332] INFO  impl.RaftServerImpl (ServerState.java:close(394)) - 5cac240b-a5fb-443c-aa6a-5f791dcf7356:group-D457394BD1AC closes. The last applied log index is 0
2019-08-21 18:33:31,238 [5cac240b-a5fb-443c-aa6a-5f791dcf7356-SegmentedRaftLogWorker:Storage Directory /workdir/hadoop-ozone/integration-test/target/test-dir/MiniOzoneClusterImpl-3d3f5e5e-1edb-4139-a191-6ae7dfb25aa0/datanode-1/data/ratis/9e12116c-6126-42df-9323-d457394bd1ac] INFO  segmented.SegmentedRaftLogWorker (SegmentedRaftLogWorker.java:run(313)) - 5cac240b-a5fb-443c-aa6a-5f791dcf7356-SegmentedRaftLogWorker:Storage Directory /workdir/hadoop-ozone/integration-test/target/test-dir/MiniOzoneClusterImpl-3d3f5e5e-1edb-4139-a191-6ae7dfb25aa0/datanode-1/data/ratis/9e12116c-6126-42df-9323-d457394bd1ac was interrupted, exiting. There are 0 tasks remaining in the queue.
2019-08-21 18:33:31,239 [Thread-332] INFO  segmented.SegmentedRaftLogWorker (SegmentedRaftLogWorker.java:close(228)) - 5cac240b-a5fb-443c-aa6a-5f791dcf7356-SegmentedRaftLogWorker:Storage Directory /workdir/hadoop-ozone/integration-test/target/test-dir/MiniOzoneClusterImpl-3d3f5e5e-1edb-4139-a191-6ae7dfb25aa0/datanode-1/data/ratis/9e12116c-6126-42df-9323-d457394bd1ac close()
2019-08-21 18:33:31,240 [Thread-332] INFO  server.GrpcService (GrpcService.java:closeImpl(155)) - 5cac240b-a5fb-443c-aa6a-5f791dcf7356: shutdown server with port 36833 now
2019-08-21 18:33:31,245 [grpc-default-executor-3] WARN  server.GrpcServerProtocolService (LogUtils.java:warn(134)) - 5cac240b-a5fb-443c-aa6a-5f791dcf7356: appendEntries onError: org.apache.ratis.thirdparty.io.grpc.StatusRuntimeException: CANCELLED: cancelled before receiving half close
2019-08-21 18:33:31,245 [Thread-332] INFO  server.GrpcService (GrpcService.java:closeImpl(163)) - 5cac240b-a5fb-443c-aa6a-5f791dcf7356: shutdown server with port 36833 successfully
2019-08-21 18:33:31,246 [grpc-default-executor-2] WARN  server.GrpcLogAppender (LogUtils.java:warn(134)) - 9b029079-a3a2-4c30-a15c-eadf046183c2->5cac240b-a5fb-443c-aa6a-5f791dcf7356: Failed appendEntries: org.apache.ratis.thirdparty.io.grpc.StatusRuntimeException: CANCELLED: HTTP/2 error code: CANCEL
Received Rst Stream
2019-08-21 18:33:31,248 [grpc-default-executor-2] INFO  impl.FollowerInfo (FollowerInfo.java:lambda$new$0(50)) - 9b029079-a3a2-4c30-a15c-eadf046183c2->5cac240b-a5fb-443c-aa6a-5f791dcf7356: nextIndex: updateUnconditionally 1 -> 0
2019-08-21 18:33:31,248 [Thread-332] INFO  utils.BackgroundService (BackgroundService.java:shutdown(148)) - Shutting down service BlockDeletingService
2019-08-21 18:33:31,249 [refreshUsed-/workdir/hadoop-ozone/integration-test/target/test-dir/MiniOzoneClusterImpl-3d3f5e5e-1edb-4139-a191-6ae7dfb25aa0/datanode-1/data/containers] WARN  fs.CachingGetSpaceUsed (CachingGetSpaceUsed.java:run(183)) - Thread Interrupted waiting to refresh disk information: sleep interrupted
2019-08-21 18:33:31,273 [Thread-332] INFO  statemachine.DatanodeStateMachine (DatanodeStateMachine.java:stopDaemon(395)) - Ozone container server stopped.
2019-08-21 18:33:31,275 [Thread-332] INFO  handler.ContextHandler (ContextHandler.java:doStop(910)) - Stopped o.e.j.w.WebAppContext@31598ab2{/,null,UNAVAILABLE}{/hddsDatanode}
2019-08-21 18:33:31,276 [Thread-332] INFO  server.AbstractConnector (AbstractConnector.java:doStop(318)) - Stopped ServerConnector@75a7963{HTTP/1.1,[http/1.1]}{0.0.0.0:0}
2019-08-21 18:33:31,276 [Thread-332] INFO  handler.ContextHandler (ContextHandler.java:doStop(910)) - Stopped o.e.j.s.ServletContextHandler@6dc63908{/static,jar:file:/home/user/.m2/repository/org/apache/hadoop/hadoop-hdds-container-service/0.5.0-SNAPSHOT/hadoop-hdds-container-service-0.5.0-SNAPSHOT.jar!/webapps/static,UNAVAILABLE}
2019-08-21 18:33:31,277 [Thread-332] INFO  handler.ContextHandler (ContextHandler.java:doStop(910)) - Stopped o.e.j.s.ServletContextHandler@436c46a9{/logs,file:///workdir/hadoop-ozone/integration-test/target/log,UNAVAILABLE}
2019-08-21 18:33:31,278 [Thread-332] INFO  datanode.ObjectStoreHandler (ObjectStoreHandler.java:close(155)) - Closing ObjectStoreHandler.
2019-08-21 18:33:31,278 [Thread-332] INFO  ozone.HddsDatanodeService (HddsDatanodeService.java:stop(451)) - Stopped plug-in org.apache.hadoop.ozone.web.OzoneHddsDatanodeService@20c1a647
2019-08-21 18:33:32,158 [Datanode State Machine Thread - 0] INFO  statemachine.DatanodeStateMachine (DatanodeStateMachine.java:lambda$startDaemon$0(350)) - Ozone container server started.
2019-08-21 18:33:33,011 [grpc-default-executor-1] WARN  server.GrpcLogAppender (LogUtils.java:warn(134)) - 9b029079-a3a2-4c30-a15c-eadf046183c2->1c10ef1a-c27e-4e26-8da7-bf8f905915b5: Failed appendEntries: org.apache.ratis.thirdparty.io.grpc.StatusRuntimeException: UNAVAILABLE: io exception
2019-08-21 18:33:33,015 [grpc-default-executor-1] INFO  impl.FollowerInfo (FollowerInfo.java:lambda$new$0(50)) - 9b029079-a3a2-4c30-a15c-eadf046183c2->1c10ef1a-c27e-4e26-8da7-bf8f905915b5: nextIndex: updateUnconditionally 0 -> 0
2019-08-21 18:33:33,016 [grpc-default-executor-3] WARN  server.GrpcLogAppender (LogUtils.java:warn(134)) - 9b029079-a3a2-4c30-a15c-eadf046183c2->5cac240b-a5fb-443c-aa6a-5f791dcf7356: Failed appendEntries: org.apache.ratis.thirdparty.io.grpc.StatusRuntimeException: UNAVAILABLE: io exception
2019-08-21 18:33:33,018 [grpc-default-executor-3] INFO  impl.FollowerInfo (FollowerInfo.java:lambda$new$0(50)) - 9b029079-a3a2-4c30-a15c-eadf046183c2->5cac240b-a5fb-443c-aa6a-5f791dcf7356: nextIndex: updateUnconditionally 0 -> 0
2019-08-21 18:33:35,513 [grpc-default-executor-2] WARN  server.GrpcLogAppender (LogUtils.java:warn(134)) - 9b029079-a3a2-4c30-a15c-eadf046183c2->1c10ef1a-c27e-4e26-8da7-bf8f905915b5: Failed appendEntries: org.apache.ratis.thirdparty.io.grpc.StatusRuntimeException: UNAVAILABLE: io exception
2019-08-21 18:33:35,514 [grpc-default-executor-2] INFO  impl.FollowerInfo (FollowerInfo.java:lambda$new$0(50)) - 9b029079-a3a2-4c30-a15c-eadf046183c2->1c10ef1a-c27e-4e26-8da7-bf8f905915b5: nextIndex: updateUnconditionally 0 -> 0
2019-08-21 18:33:35,516 [grpc-default-executor-1] WARN  server.GrpcLogAppender (LogUtils.java:warn(134)) - 9b029079-a3a2-4c30-a15c-eadf046183c2->5cac240b-a5fb-443c-aa6a-5f791dcf7356: Failed appendEntries: org.apache.ratis.thirdparty.io.grpc.StatusRuntimeException: UNAVAILABLE: io exception
2019-08-21 18:33:35,522 [grpc-default-executor-1] INFO  impl.FollowerInfo (FollowerInfo.java:lambda$new$0(50)) - 9b029079-a3a2-4c30-a15c-eadf046183c2->5cac240b-a5fb-443c-aa6a-5f791dcf7356: nextIndex: updateUnconditionally 0 -> 0
2019-08-21 18:33:36,280 [Thread-332] INFO  ozoneimpl.OzoneContainer (OzoneContainer.java:stop(199)) - Attempting to stop container services.
2019-08-21 18:33:36,281 [Thread-332] INFO  impl.RaftServerProxy (RaftServerProxy.java:lambda$close$4(314)) - 9b029079-a3a2-4c30-a15c-eadf046183c2: close
2019-08-21 18:33:36,281 [Thread-332] INFO  impl.RaftServerImpl (RaftServerImpl.java:lambda$shutdown$3(245)) - 9b029079-a3a2-4c30-a15c-eadf046183c2: shutdown group-5D21773B8657
2019-08-21 18:33:36,282 [Thread-332] INFO  util.JmxRegister (JmxRegister.java:unregister(73)) - Successfully un-registered JMX Bean with object name Ratis:service=RaftServer,group=group-5D21773B8657,id=9b029079-a3a2-4c30-a15c-eadf046183c2
2019-08-21 18:33:36,282 [Thread-332] INFO  impl.RoleInfo (RoleInfo.java:shutdownLeaderState(104)) - 9b029079-a3a2-4c30-a15c-eadf046183c2: shutdown LeaderState
2019-08-21 18:33:36,283 [Thread-332] INFO  impl.PendingRequests (PendingRequests.java:sendNotLeaderResponses(202)) - 9b029079-a3a2-4c30-a15c-eadf046183c2-PendingRequests: sendNotLeaderResponses
2019-08-21 18:33:36,284 [Thread-332] INFO  impl.StateMachineUpdater (StateMachineUpdater.java:stopAndJoin(115)) - StateMachineUpdater:9b029079-a3a2-4c30-a15c-eadf046183c2:group-5D21773B8657: set stopIndex = 0
2019-08-21 18:33:36,285 [Thread-332] INFO  impl.RaftServerImpl (ServerState.java:close(394)) - 9b029079-a3a2-4c30-a15c-eadf046183c2:group-5D21773B8657 closes. The last applied log index is 0
2019-08-21 18:33:36,286 [9b029079-a3a2-4c30-a15c-eadf046183c2-SegmentedRaftLogWorker:Storage Directory /workdir/hadoop-ozone/integration-test/target/test-dir/MiniOzoneClusterImpl-3d3f5e5e-1edb-4139-a191-6ae7dfb25aa0/datanode-2/data/ratis/54f58dc3-5367-4fc6-b2e8-5d21773b8657] INFO  segmented.SegmentedRaftLogWorker (SegmentedRaftLogWorker.java:run(313)) - 9b029079-a3a2-4c30-a15c-eadf046183c2-SegmentedRaftLogWorker:Storage Directory /workdir/hadoop-ozone/integration-test/target/test-dir/MiniOzoneClusterImpl-3d3f5e5e-1edb-4139-a191-6ae7dfb25aa0/datanode-2/data/ratis/54f58dc3-5367-4fc6-b2e8-5d21773b8657 was interrupted, exiting. There are 0 tasks remaining in the queue.
2019-08-21 18:33:36,293 [Thread-332] INFO  segmented.SegmentedRaftLogWorker (SegmentedRaftLogWorker.java:close(228)) - 9b029079-a3a2-4c30-a15c-eadf046183c2-SegmentedRaftLogWorker:Storage Directory /workdir/hadoop-ozone/integration-test/target/test-dir/MiniOzoneClusterImpl-3d3f5e5e-1edb-4139-a191-6ae7dfb25aa0/datanode-2/data/ratis/54f58dc3-5367-4fc6-b2e8-5d21773b8657 close()
2019-08-21 18:33:36,294 [Thread-332] INFO  impl.RaftServerImpl (RaftServerImpl.java:lambda$shutdown$3(245)) - 9b029079-a3a2-4c30-a15c-eadf046183c2: shutdown group-D457394BD1AC
2019-08-21 18:33:36,294 [Thread-332] INFO  util.JmxRegister (JmxRegister.java:unregister(73)) - Successfully un-registered JMX Bean with object name Ratis:service=RaftServer,group=group-D457394BD1AC,id=9b029079-a3a2-4c30-a15c-eadf046183c2
2019-08-21 18:33:36,294 [Thread-332] INFO  impl.RoleInfo (RoleInfo.java:shutdownLeaderState(104)) - 9b029079-a3a2-4c30-a15c-eadf046183c2: shutdown LeaderState
2019-08-21 18:33:36,296 [Thread-332] INFO  impl.PendingRequests (PendingRequests.java:sendNotLeaderResponses(202)) - 9b029079-a3a2-4c30-a15c-eadf046183c2-PendingRequests: sendNotLeaderResponses
2019-08-21 18:33:36,296 [org.apache.ratis.server.impl.LogAppender$AppenderDaemon$$Lambda$371/1763917172@5abd6e55] WARN  server.GrpcLogAppender (GrpcLogAppender.java:mayWait(143)) - GrpcLogAppender(9b029079-a3a2-4c30-a15c-eadf046183c2->5cac240b-a5fb-443c-aa6a-5f791dcf7356): Wait interrupted by java.lang.InterruptedException
2019-08-21 18:33:36,296 [org.apache.ratis.server.impl.LogAppender$AppenderDaemon$$Lambda$371/1763917172@1fbffb66] WARN  server.GrpcLogAppender (GrpcLogAppender.java:mayWait(143)) - GrpcLogAppender(9b029079-a3a2-4c30-a15c-eadf046183c2->1c10ef1a-c27e-4e26-8da7-bf8f905915b5): Wait interrupted by java.lang.InterruptedException
2019-08-21 18:33:36,297 [Thread-332] INFO  impl.StateMachineUpdater (StateMachineUpdater.java:stopAndJoin(115)) - StateMachineUpdater:9b029079-a3a2-4c30-a15c-eadf046183c2:group-D457394BD1AC: set stopIndex = 0
2019-08-21 18:33:36,299 [Thread-332] INFO  impl.RaftServerImpl (ServerState.java:close(394)) - 9b029079-a3a2-4c30-a15c-eadf046183c2:group-D457394BD1AC closes. The last applied log index is 0
2019-08-21 18:33:36,300 [9b029079-a3a2-4c30-a15c-eadf046183c2-SegmentedRaftLogWorker:Storage Directory /workdir/hadoop-ozone/integration-test/target/test-dir/MiniOzoneClusterImpl-3d3f5e5e-1edb-4139-a191-6ae7dfb25aa0/datanode-2/data/ratis/9e12116c-6126-42df-9323-d457394bd1ac] INFO  segmented.SegmentedRaftLogWorker (SegmentedRaftLogWorker.java:run(313)) - 9b029079-a3a2-4c30-a15c-eadf046183c2-SegmentedRaftLogWorker:Storage Directory /workdir/hadoop-ozone/integration-test/target/test-dir/MiniOzoneClusterImpl-3d3f5e5e-1edb-4139-a191-6ae7dfb25aa0/datanode-2/data/ratis/9e12116c-6126-42df-9323-d457394bd1ac was interrupted, exiting. There are 0 tasks remaining in the queue.
2019-08-21 18:33:36,301 [Thread-332] INFO  segmented.SegmentedRaftLogWorker (SegmentedRaftLogWorker.java:close(228)) - 9b029079-a3a2-4c30-a15c-eadf046183c2-SegmentedRaftLogWorker:Storage Directory /workdir/hadoop-ozone/integration-test/target/test-dir/MiniOzoneClusterImpl-3d3f5e5e-1edb-4139-a191-6ae7dfb25aa0/datanode-2/data/ratis/9e12116c-6126-42df-9323-d457394bd1ac close()
2019-08-21 18:33:36,302 [Thread-332] INFO  server.GrpcService (GrpcService.java:closeImpl(155)) - 9b029079-a3a2-4c30-a15c-eadf046183c2: shutdown server with port 36224 now
2019-08-21 18:33:36,303 [Thread-332] INFO  server.GrpcService (GrpcService.java:closeImpl(163)) - 9b029079-a3a2-4c30-a15c-eadf046183c2: shutdown server with port 36224 successfully
2019-08-21 18:33:36,305 [Thread-332] INFO  utils.BackgroundService (BackgroundService.java:shutdown(148)) - Shutting down service BlockDeletingService
2019-08-21 18:33:36,307 [refreshUsed-/workdir/hadoop-ozone/integration-test/target/test-dir/MiniOzoneClusterImpl-3d3f5e5e-1edb-4139-a191-6ae7dfb25aa0/datanode-2/data/containers] WARN  fs.CachingGetSpaceUsed (CachingGetSpaceUsed.java:run(183)) - Thread Interrupted waiting to refresh disk information: sleep interrupted
2019-08-21 18:33:36,328 [Thread-332] INFO  statemachine.DatanodeStateMachine (DatanodeStateMachine.java:stopDaemon(395)) - Ozone container server stopped.
2019-08-21 18:33:36,330 [Thread-332] INFO  handler.ContextHandler (ContextHandler.java:doStop(910)) - Stopped o.e.j.w.WebAppContext@4919ca49{/,null,UNAVAILABLE}{/hddsDatanode}
2019-08-21 18:33:36,331 [Thread-332] INFO  server.AbstractConnector (AbstractConnector.java:doStop(318)) - Stopped ServerConnector@37101c8b{HTTP/1.1,[http/1.1]}{0.0.0.0:0}
2019-08-21 18:33:36,331 [Thread-332] INFO  handler.ContextHandler (ContextHandler.java:doStop(910)) - Stopped o.e.j.s.ServletContextHandler@1d81efd{/static,jar:file:/home/user/.m2/repository/org/apache/hadoop/hadoop-hdds-container-service/0.5.0-SNAPSHOT/hadoop-hdds-container-service-0.5.0-SNAPSHOT.jar!/webapps/static,UNAVAILABLE}
2019-08-21 18:33:36,331 [Thread-332] INFO  handler.ContextHandler (ContextHandler.java:doStop(910)) - Stopped o.e.j.s.ServletContextHandler@781740c5{/logs,file:///workdir/hadoop-ozone/integration-test/target/log,UNAVAILABLE}
2019-08-21 18:33:36,339 [Thread-332] INFO  impl.MetricsSystemImpl (MetricsSystemImpl.java:init(158)) - HddsDatanode metrics system started (again)
2019-08-21 18:33:36,411 [Thread-332] INFO  ozone.HddsDatanodeService (HddsDatanodeService.java:start(184)) - HddsDatanodeService host:pr-hdds-1998-57vr7-880049069 ip:192.168.36.125
2019-08-21 18:33:36,415 [Thread-332] INFO  volume.VolumeUsage (VolumeUsage.java:loadScmUsed(144)) - Cached ScmUsed found for /workdir/hadoop-ozone/integration-test/target/test-dir/MiniOzoneClusterImpl-3d3f5e5e-1edb-4139-a191-6ae7dfb25aa0/datanode-0/data/containers : 4096 
2019-08-21 18:33:36,415 [Thread-332] INFO  volume.HddsVolume (HddsVolume.java:<init>(176)) - Creating Volume: /workdir/hadoop-ozone/integration-test/target/test-dir/MiniOzoneClusterImpl-3d3f5e5e-1edb-4139-a191-6ae7dfb25aa0/datanode-0/data/containers/hdds of  storage type : DISK and capacity : 1482555576320
2019-08-21 18:33:36,416 [Thread-332] INFO  volume.VolumeSet (VolumeSet.java:initializeVolumeSet(170)) - Added Volume : /workdir/hadoop-ozone/integration-test/target/test-dir/MiniOzoneClusterImpl-3d3f5e5e-1edb-4139-a191-6ae7dfb25aa0/datanode-0/data/containers/hdds to VolumeSet
2019-08-21 18:33:36,416 [Thread-332] INFO  volume.ThrottledAsyncChecker (ThrottledAsyncChecker.java:schedule(140)) - Scheduling a check for org.apache.hadoop.ozone.container.common.volume.HddsVolume@3196fda2
2019-08-21 18:33:36,417 [Thread-332] INFO  volume.HddsVolumeChecker (HddsVolumeChecker.java:checkAllVolumes(203)) - Scheduled health check for volume org.apache.hadoop.ozone.container.common.volume.HddsVolume@3196fda2
2019-08-21 18:33:36,441 [Thread-332] INFO  impl.RaftServerProxy (ConfUtils.java:logGet(43)) - raft.rpc.type = GRPC (default)
2019-08-21 18:33:36,441 [Thread-332] INFO  grpc.GrpcFactory (GrpcFactory.java:checkPooledByteBufAllocatorUseCacheForAllThreads(45)) - PERFORMANCE WARNING: useCacheForAllThreads is true that may cause Netty to create a lot garbage objects and, as a result, trigger GC.
	It is recommended to disable useCacheForAllThreads by setting -Dorg.apache.ratis.thirdparty.io.netty.allocator.useCacheForAllThreads=false in command line.
2019-08-21 18:33:36,441 [Thread-332] INFO  grpc.GrpcConfigKeys$Server (ConfUtils.java:logGet(43)) - raft.grpc.server.port = 37842 (custom)
2019-08-21 18:33:36,442 [Thread-332] INFO  server.GrpcService (ConfUtils.java:logGet(43)) - raft.grpc.message.size.max = 33570816 (custom)
2019-08-21 18:33:36,442 [Thread-332] INFO  server.RaftServerConfigKeys (ConfUtils.java:logGet(43)) - raft.server.log.appender.buffer.byte-limit = 33554432 (custom)
2019-08-21 18:33:36,442 [Thread-332] INFO  server.GrpcService (ConfUtils.java:logGet(43)) - raft.grpc.flow.control.window = 1MB (=1048576) (default)
2019-08-21 18:33:36,442 [Thread-332] INFO  server.RaftServerConfigKeys (ConfUtils.java:logGet(43)) - raft.server.rpc.request.timeout = 3000ms (default)
2019-08-21 18:33:36,443 [Thread-332] INFO  server.RaftServerConfigKeys (ConfUtils.java:logGet(43)) - raft.server.storage.dir = [/workdir/hadoop-ozone/integration-test/target/test-dir/MiniOzoneClusterImpl-3d3f5e5e-1edb-4139-a191-6ae7dfb25aa0/datanode-0/data/ratis] (custom)
2019-08-21 18:33:36,443 [Thread-332] INFO  impl.RaftServerProxy (RaftServerProxy.java:lambda$null$0(191)) - 1c10ef1a-c27e-4e26-8da7-bf8f905915b5: found a subdirectory /workdir/hadoop-ozone/integration-test/target/test-dir/MiniOzoneClusterImpl-3d3f5e5e-1edb-4139-a191-6ae7dfb25aa0/datanode-0/data/ratis/fea453f9-2a90-4e35-b9bb-af3bd550a00d
2019-08-21 18:33:36,445 [Thread-332] INFO  impl.RaftServerProxy (RaftServerProxy.java:addNew(89)) - 1c10ef1a-c27e-4e26-8da7-bf8f905915b5: addNew group-AF3BD550A00D:[] returns group-AF3BD550A00D:java.util.concurrent.CompletableFuture@78c3861[Not completed]
2019-08-21 18:33:36,445 [Thread-332] INFO  impl.RaftServerProxy (RaftServerProxy.java:lambda$null$0(191)) - 1c10ef1a-c27e-4e26-8da7-bf8f905915b5: found a subdirectory /workdir/hadoop-ozone/integration-test/target/test-dir/MiniOzoneClusterImpl-3d3f5e5e-1edb-4139-a191-6ae7dfb25aa0/datanode-0/data/ratis/9e12116c-6126-42df-9323-d457394bd1ac
2019-08-21 18:33:36,445 [Thread-332] INFO  impl.RaftServerProxy (RaftServerProxy.java:addNew(89)) - 1c10ef1a-c27e-4e26-8da7-bf8f905915b5: addNew group-D457394BD1AC:[] returns group-D457394BD1AC:java.util.concurrent.CompletableFuture@fee4886[Not completed]
2019-08-21 18:33:36,446 [Thread-332] INFO  replication.SimpleContainerDownloader (SimpleContainerDownloader.java:<init>(72)) - Starting container downloader service to copy containers to replicate.
2019-08-21 18:33:36,451 [pool-148-thread-1] INFO  impl.RaftServerImpl (RaftServerImpl.java:<init>(93)) - 1c10ef1a-c27e-4e26-8da7-bf8f905915b5: new RaftServerImpl for group-AF3BD550A00D:[] with ContainerStateMachine:uninitialized
2019-08-21 18:33:36,452 [pool-148-thread-1] INFO  server.RaftServerConfigKeys (ConfUtils.java:logGet(43)) - raft.server.rpc.timeout.min = 5s (custom)
2019-08-21 18:33:36,452 [pool-148-thread-1] INFO  server.RaftServerConfigKeys (ConfUtils.java:logGet(43)) - raft.server.rpc.timeout.max = 5200ms (custom)
2019-08-21 18:33:36,452 [Thread-332] INFO  hdfs.DFSUtil (DFSUtil.java:httpServerTemplateForNNAndJN(1641)) - Starting Web-server for hddsDatanode at: http://0.0.0.0:43130
2019-08-21 18:33:36,452 [pool-148-thread-1] INFO  server.RaftServerConfigKeys (ConfUtils.java:logGet(43)) - raft.server.rpcslowness.timeout = 120s (custom)
2019-08-21 18:33:36,453 [pool-148-thread-1] INFO  server.RaftServerConfigKeys (ConfUtils.java:logGet(43)) - raft.server.sleep.deviation.threshold = 300 (default)
2019-08-21 18:33:36,453 [pool-148-thread-1] INFO  server.RaftServerConfigKeys (ConfUtils.java:logGet(43)) - raft.server.log.appender.install.snapshot.enabled = false (custom)
2019-08-21 18:33:36,453 [pool-148-thread-1] INFO  impl.RaftServerImpl (ServerState.java:<init>(105)) - 1c10ef1a-c27e-4e26-8da7-bf8f905915b5:group-AF3BD550A00D ConfigurationManager, init=-1: [], old=null, confs=<EMPTY_MAP>
2019-08-21 18:33:36,453 [pool-148-thread-1] INFO  server.RaftServerConfigKeys (ConfUtils.java:logGet(43)) - raft.server.storage.dir = [/workdir/hadoop-ozone/integration-test/target/test-dir/MiniOzoneClusterImpl-3d3f5e5e-1edb-4139-a191-6ae7dfb25aa0/datanode-0/data/ratis] (custom)
2019-08-21 18:33:36,454 [Thread-332] INFO  server.AuthenticationFilter (AuthenticationFilter.java:constructSecretProvider(240)) - Unable to initialize FileSignerSecretProvider, falling back to use random secrets.
2019-08-21 18:33:36,454 [Thread-332] WARN  http.HttpRequestLog (HttpRequestLog.java:getRequestLog(97)) - Jetty request log can only be enabled using Log4j
2019-08-21 18:33:36,456 [Thread-332] INFO  http.HttpServer2 (HttpServer2.java:addGlobalFilter(975)) - Added global filter 'safety' (class=org.apache.hadoop.http.HttpServer2$QuotingInputFilter)
2019-08-21 18:33:36,456 [Thread-332] INFO  http.HttpServer2 (HttpServer2.java:addFilter(948)) - Added filter static_user_filter (class=org.apache.hadoop.http.lib.StaticUserWebFilter$StaticUserFilter) to context hddsDatanode
2019-08-21 18:33:36,457 [Thread-332] INFO  http.HttpServer2 (HttpServer2.java:addFilter(958)) - Added filter static_user_filter (class=org.apache.hadoop.http.lib.StaticUserWebFilter$StaticUserFilter) to context logs
2019-08-21 18:33:36,457 [Thread-332] INFO  http.HttpServer2 (HttpServer2.java:addFilter(958)) - Added filter static_user_filter (class=org.apache.hadoop.http.lib.StaticUserWebFilter$StaticUserFilter) to context static
2019-08-21 18:33:36,457 [Thread-332] INFO  http.HttpServer2 (HttpServer2.java:bindListener(1191)) - Jetty bound to port 43130
2019-08-21 18:33:36,457 [Thread-332] INFO  server.Server (Server.java:doStart(351)) - jetty-9.3.24.v20180605, build timestamp: 2018-06-05T17:11:56Z, git hash: 84205aa28f11a4f31f2a3b86d1bba2cc8ab69827
2019-08-21 18:33:36,459 [Thread-332] INFO  handler.ContextHandler (ContextHandler.java:doStart(781)) - Started o.e.j.s.ServletContextHandler@fb8d3fb{/logs,file:///workdir/hadoop-ozone/integration-test/target/log,AVAILABLE}
2019-08-21 18:33:36,460 [Thread-332] INFO  handler.ContextHandler (ContextHandler.java:doStart(781)) - Started o.e.j.s.ServletContextHandler@4c028ba8{/static,jar:file:/home/user/.m2/repository/org/apache/hadoop/hadoop-hdds-container-service/0.5.0-SNAPSHOT/hadoop-hdds-container-service-0.5.0-SNAPSHOT.jar!/webapps/static,AVAILABLE}
2019-08-21 18:33:36,479 [pool-148-thread-1] INFO  storage.RaftStorageDirectory (RaftStorageDirectory.java:tryLock(328)) - Lock on /workdir/hadoop-ozone/integration-test/target/test-dir/MiniOzoneClusterImpl-3d3f5e5e-1edb-4139-a191-6ae7dfb25aa0/datanode-0/data/ratis/fea453f9-2a90-4e35-b9bb-af3bd550a00d/in_use.lock acquired by nodename 4936@pr-hdds-1998-57vr7-880049069
2019-08-21 18:33:36,481 [pool-148-thread-1] INFO  ratis.ContainerStateMachine (ContainerStateMachine.java:loadSnapshot(226)) - group-AF3BD550A00D: The snapshot info is null. Setting the last applied indexto:(t:0, i:~)
2019-08-21 18:33:36,481 [pool-148-thread-1] INFO  server.RaftServerConfigKeys (ConfUtils.java:logGet(43)) - raft.server.leader.election.timeout = 120s (custom)
2019-08-21 18:33:36,481 [pool-148-thread-1] INFO  server.RaftServerConfigKeys (ConfUtils.java:logGet(43)) - raft.server.log.use.memory = false (default)
2019-08-21 18:33:36,481 [pool-148-thread-1] INFO  server.RaftServerConfigKeys (ConfUtils.java:logGet(43)) - raft.server.log.purge.gap = 1000000 (custom)
2019-08-21 18:33:36,481 [pool-148-thread-1] INFO  server.RaftServerConfigKeys (ConfUtils.java:logGet(43)) - raft.server.log.appender.buffer.byte-limit = 33554432 (custom)
2019-08-21 18:33:36,482 [pool-148-thread-1] INFO  server.RaftServerConfigKeys (ConfUtils.java:logGet(43)) - raft.server.log.segment.size.max = 1048576 (custom)
2019-08-21 18:33:36,482 [pool-148-thread-1] INFO  server.RaftServerConfigKeys (ConfUtils.java:logGet(43)) - raft.server.log.segment.cache.num.max = 2 (custom)
2019-08-21 18:33:36,482 [pool-148-thread-1] INFO  segmented.SegmentedRaftLogWorker (SegmentedRaftLogWorker.java:<init>(172)) - new 1c10ef1a-c27e-4e26-8da7-bf8f905915b5-SegmentedRaftLogWorker:Storage Directory /workdir/hadoop-ozone/integration-test/target/test-dir/MiniOzoneClusterImpl-3d3f5e5e-1edb-4139-a191-6ae7dfb25aa0/datanode-0/data/ratis/fea453f9-2a90-4e35-b9bb-af3bd550a00d for RaftStorage:Storage Directory /workdir/hadoop-ozone/integration-test/target/test-dir/MiniOzoneClusterImpl-3d3f5e5e-1edb-4139-a191-6ae7dfb25aa0/datanode-0/data/ratis/fea453f9-2a90-4e35-b9bb-af3bd550a00d
2019-08-21 18:33:36,482 [pool-148-thread-1] INFO  server.RaftServerConfigKeys (ConfUtils.java:logGet(43)) - raft.server.log.queue.byte-limit = 2147483647 (custom)
2019-08-21 18:33:36,483 [pool-148-thread-1] INFO  server.RaftServerConfigKeys (ConfUtils.java:logGet(43)) - raft.server.log.queue.element-limit = 1024 (custom)
2019-08-21 18:33:36,483 [pool-148-thread-1] INFO  server.RaftServerConfigKeys (ConfUtils.java:logGet(43)) - raft.server.log.segment.size.max = 1048576 (custom)
2019-08-21 18:33:36,483 [pool-148-thread-1] INFO  server.RaftServerConfigKeys (ConfUtils.java:logGet(43)) - raft.server.log.preallocated.size = 16384 (custom)
2019-08-21 18:33:36,483 [pool-148-thread-1] INFO  server.RaftServerConfigKeys (ConfUtils.java:logGet(43)) - raft.server.log.write.buffer.size = 33554432 (custom)
2019-08-21 18:33:36,483 [pool-148-thread-1] INFO  server.RaftServerConfigKeys (ConfUtils.java:logGet(43)) - raft.server.log.force.sync.num = 128 (default)
2019-08-21 18:33:36,484 [pool-148-thread-1] INFO  server.RaftServerConfigKeys (ConfUtils.java:logGet(43)) - raft.server.log.statemachine.data.sync = true (default)
2019-08-21 18:33:36,484 [pool-148-thread-1] INFO  server.RaftServerConfigKeys (ConfUtils.java:logGet(43)) - raft.server.log.statemachine.data.sync.timeout = 10s (default)
2019-08-21 18:33:36,484 [pool-148-thread-1] INFO  server.RaftServerConfigKeys (ConfUtils.java:logGet(43)) - raft.server.log.statemachine.data.sync.timeout.retry = -1 (default)
2019-08-21 18:33:36,484 [pool-148-thread-1] INFO  server.RaftServerConfigKeys (ConfUtils.java:logGet(43)) - raft.server.log.statemachine.data.caching.enabled = true (custom)
2019-08-21 18:33:36,488 [Thread-332] INFO  handler.ContextHandler (ContextHandler.java:doStart(781)) - Started o.e.j.w.WebAppContext@6e69d26a{/,file:///tmp/jetty-0.0.0.0-43130-hddsDatanode-_-any-5385601542579081219.dir/webapp/,AVAILABLE}{/hddsDatanode}
2019-08-21 18:33:36,489 [Thread-332] INFO  server.AbstractConnector (AbstractConnector.java:doStart(278)) - Started ServerConnector@4f749aa2{HTTP/1.1,[http/1.1]}{0.0.0.0:43130}
2019-08-21 18:33:36,490 [Thread-332] INFO  server.Server (Server.java:doStart(419)) - Started @60572ms
2019-08-21 18:33:36,490 [Thread-332] INFO  server.BaseHttpServer (BaseHttpServer.java:updateConnectorAddress(213)) - HTTP server of HDDSDATANODE is listening at http://0.0.0.0:43130
2019-08-21 18:33:36,495 [pool-148-thread-1] INFO  impl.RaftServerImpl (ServerState.java:setRaftConf(361)) - 1c10ef1a-c27e-4e26-8da7-bf8f905915b5:group-AF3BD550A00D set configuration 0: [1c10ef1a-c27e-4e26-8da7-bf8f905915b5:192.168.36.125:37842], old=null at 0
2019-08-21 18:33:36,496 [pool-148-thread-1] INFO  segmented.LogSegment (LogSegment.java:loadSegment(145)) - Successfully read 1 entries from segment file /workdir/hadoop-ozone/integration-test/target/test-dir/MiniOzoneClusterImpl-3d3f5e5e-1edb-4139-a191-6ae7dfb25aa0/datanode-0/data/ratis/fea453f9-2a90-4e35-b9bb-af3bd550a00d/current/log_inprogress_0
2019-08-21 18:33:36,496 [pool-148-thread-1] INFO  segmented.SegmentedRaftLogWorker (SegmentedRaftLogWorker.java:lambda$new$0(132)) - 1c10ef1a-c27e-4e26-8da7-bf8f905915b5-SegmentedRaftLogWorker:Storage Directory /workdir/hadoop-ozone/integration-test/target/test-dir/MiniOzoneClusterImpl-3d3f5e5e-1edb-4139-a191-6ae7dfb25aa0/datanode-0/data/ratis/fea453f9-2a90-4e35-b9bb-af3bd550a00d: flushIndex: setUnconditionally 0 -> 0
2019-08-21 18:33:36,530 [pool-148-thread-1] INFO  server.RaftServerConfigKeys (ConfUtils.java:logGet(43)) - raft.server.snapshot.auto.trigger.enabled = true (custom)
2019-08-21 18:33:36,531 [pool-148-thread-1] INFO  server.RaftServerConfigKeys (ConfUtils.java:logGet(43)) - raft.server.snapshot.auto.trigger.threshold = 10000 (custom)
2019-08-21 18:33:36,531 [pool-148-thread-1] INFO  server.RaftServerConfigKeys (ConfUtils.java:logGet(43)) - raft.server.retrycache.expirytime = 600000ms (custom)
2019-08-21 18:33:36,534 [pool-148-thread-1] INFO  impl.RaftServerImpl (RaftServerImpl.java:<init>(93)) - 1c10ef1a-c27e-4e26-8da7-bf8f905915b5: new RaftServerImpl for group-D457394BD1AC:[] with ContainerStateMachine:uninitialized
2019-08-21 18:33:36,534 [pool-148-thread-1] INFO  server.RaftServerConfigKeys (ConfUtils.java:logGet(43)) - raft.server.rpc.timeout.min = 5s (custom)
2019-08-21 18:33:36,534 [pool-148-thread-1] INFO  server.RaftServerConfigKeys (ConfUtils.java:logGet(43)) - raft.server.rpc.timeout.max = 5200ms (custom)
2019-08-21 18:33:36,534 [pool-148-thread-1] INFO  server.RaftServerConfigKeys (ConfUtils.java:logGet(43)) - raft.server.rpcslowness.timeout = 120s (custom)
2019-08-21 18:33:36,534 [pool-148-thread-1] INFO  server.RaftServerConfigKeys (ConfUtils.java:logGet(43)) - raft.server.sleep.deviation.threshold = 300 (default)
2019-08-21 18:33:36,535 [pool-148-thread-1] INFO  server.RaftServerConfigKeys (ConfUtils.java:logGet(43)) - raft.server.log.appender.install.snapshot.enabled = false (custom)
2019-08-21 18:33:36,535 [pool-148-thread-1] INFO  impl.RaftServerImpl (ServerState.java:<init>(105)) - 1c10ef1a-c27e-4e26-8da7-bf8f905915b5:group-D457394BD1AC ConfigurationManager, init=-1: [], old=null, confs=<EMPTY_MAP>
2019-08-21 18:33:36,535 [pool-148-thread-1] INFO  server.RaftServerConfigKeys (ConfUtils.java:logGet(43)) - raft.server.storage.dir = [/workdir/hadoop-ozone/integration-test/target/test-dir/MiniOzoneClusterImpl-3d3f5e5e-1edb-4139-a191-6ae7dfb25aa0/datanode-0/data/ratis] (custom)
2019-08-21 18:33:36,550 [pool-148-thread-1] INFO  storage.RaftStorageDirectory (RaftStorageDirectory.java:tryLock(328)) - Lock on /workdir/hadoop-ozone/integration-test/target/test-dir/MiniOzoneClusterImpl-3d3f5e5e-1edb-4139-a191-6ae7dfb25aa0/datanode-0/data/ratis/9e12116c-6126-42df-9323-d457394bd1ac/in_use.lock acquired by nodename 4936@pr-hdds-1998-57vr7-880049069
2019-08-21 18:33:36,551 [pool-148-thread-1] INFO  ratis.ContainerStateMachine (ContainerStateMachine.java:loadSnapshot(226)) - group-D457394BD1AC: The snapshot info is null. Setting the last applied indexto:(t:0, i:~)
2019-08-21 18:33:36,551 [pool-148-thread-1] INFO  server.RaftServerConfigKeys (ConfUtils.java:logGet(43)) - raft.server.leader.election.timeout = 120s (custom)
2019-08-21 18:33:36,552 [pool-148-thread-1] INFO  server.RaftServerConfigKeys (ConfUtils.java:logGet(43)) - raft.server.log.use.memory = false (default)
2019-08-21 18:33:36,552 [pool-148-thread-1] INFO  server.RaftServerConfigKeys (ConfUtils.java:logGet(43)) - raft.server.log.purge.gap = 1000000 (custom)
2019-08-21 18:33:36,552 [pool-148-thread-1] INFO  server.RaftServerConfigKeys (ConfUtils.java:logGet(43)) - raft.server.log.appender.buffer.byte-limit = 33554432 (custom)
2019-08-21 18:33:36,552 [pool-148-thread-1] INFO  server.RaftServerConfigKeys (ConfUtils.java:logGet(43)) - raft.server.log.segment.size.max = 1048576 (custom)
2019-08-21 18:33:36,553 [pool-148-thread-1] INFO  server.RaftServerConfigKeys (ConfUtils.java:logGet(43)) - raft.server.log.segment.cache.num.max = 2 (custom)
2019-08-21 18:33:36,553 [pool-148-thread-1] INFO  segmented.SegmentedRaftLogWorker (SegmentedRaftLogWorker.java:<init>(172)) - new 1c10ef1a-c27e-4e26-8da7-bf8f905915b5-SegmentedRaftLogWorker:Storage Directory /workdir/hadoop-ozone/integration-test/target/test-dir/MiniOzoneClusterImpl-3d3f5e5e-1edb-4139-a191-6ae7dfb25aa0/datanode-0/data/ratis/9e12116c-6126-42df-9323-d457394bd1ac for RaftStorage:Storage Directory /workdir/hadoop-ozone/integration-test/target/test-dir/MiniOzoneClusterImpl-3d3f5e5e-1edb-4139-a191-6ae7dfb25aa0/datanode-0/data/ratis/9e12116c-6126-42df-9323-d457394bd1ac
2019-08-21 18:33:36,553 [pool-148-thread-1] INFO  server.RaftServerConfigKeys (ConfUtils.java:logGet(43)) - raft.server.log.queue.byte-limit = 2147483647 (custom)
2019-08-21 18:33:36,553 [pool-148-thread-1] INFO  server.RaftServerConfigKeys (ConfUtils.java:logGet(43)) - raft.server.log.queue.element-limit = 1024 (custom)
2019-08-21 18:33:36,554 [pool-148-thread-1] INFO  server.RaftServerConfigKeys (ConfUtils.java:logGet(43)) - raft.server.log.segment.size.max = 1048576 (custom)
2019-08-21 18:33:36,554 [pool-148-thread-1] INFO  server.RaftServerConfigKeys (ConfUtils.java:logGet(43)) - raft.server.log.preallocated.size = 16384 (custom)
2019-08-21 18:33:36,554 [pool-148-thread-1] INFO  server.RaftServerConfigKeys (ConfUtils.java:logGet(43)) - raft.server.log.write.buffer.size = 33554432 (custom)
2019-08-21 18:33:36,554 [pool-148-thread-1] INFO  server.RaftServerConfigKeys (ConfUtils.java:logGet(43)) - raft.server.log.force.sync.num = 128 (default)
2019-08-21 18:33:36,554 [pool-148-thread-1] INFO  server.RaftServerConfigKeys (ConfUtils.java:logGet(43)) - raft.server.log.statemachine.data.sync = true (default)
2019-08-21 18:33:36,555 [pool-148-thread-1] INFO  server.RaftServerConfigKeys (ConfUtils.java:logGet(43)) - raft.server.log.statemachine.data.sync.timeout = 10s (default)
2019-08-21 18:33:36,555 [pool-148-thread-1] INFO  server.RaftServerConfigKeys (ConfUtils.java:logGet(43)) - raft.server.log.statemachine.data.sync.timeout.retry = -1 (default)
2019-08-21 18:33:36,555 [pool-148-thread-1] INFO  server.RaftServerConfigKeys (ConfUtils.java:logGet(43)) - raft.server.log.statemachine.data.caching.enabled = true (custom)
2019-08-21 18:33:36,556 [pool-148-thread-1] INFO  impl.RaftServerImpl (ServerState.java:setRaftConf(361)) - 1c10ef1a-c27e-4e26-8da7-bf8f905915b5:group-D457394BD1AC set configuration 0: [5cac240b-a5fb-443c-aa6a-5f791dcf7356:192.168.36.125:36833, 1c10ef1a-c27e-4e26-8da7-bf8f905915b5:192.168.36.125:37842, 9b029079-a3a2-4c30-a15c-eadf046183c2:192.168.36.125:36224], old=null at 0
2019-08-21 18:33:36,557 [pool-148-thread-1] INFO  segmented.LogSegment (LogSegment.java:loadSegment(145)) - Successfully read 1 entries from segment file /workdir/hadoop-ozone/integration-test/target/test-dir/MiniOzoneClusterImpl-3d3f5e5e-1edb-4139-a191-6ae7dfb25aa0/datanode-0/data/ratis/9e12116c-6126-42df-9323-d457394bd1ac/current/log_inprogress_0
2019-08-21 18:33:36,557 [pool-148-thread-1] INFO  segmented.SegmentedRaftLogWorker (SegmentedRaftLogWorker.java:lambda$new$0(132)) - 1c10ef1a-c27e-4e26-8da7-bf8f905915b5-SegmentedRaftLogWorker:Storage Directory /workdir/hadoop-ozone/integration-test/target/test-dir/MiniOzoneClusterImpl-3d3f5e5e-1edb-4139-a191-6ae7dfb25aa0/datanode-0/data/ratis/9e12116c-6126-42df-9323-d457394bd1ac: flushIndex: setUnconditionally 0 -> 0
2019-08-21 18:33:36,591 [pool-148-thread-1] INFO  server.RaftServerConfigKeys (ConfUtils.java:logGet(43)) - raft.server.snapshot.auto.trigger.enabled = true (custom)
2019-08-21 18:33:36,591 [pool-148-thread-1] INFO  server.RaftServerConfigKeys (ConfUtils.java:logGet(43)) - raft.server.snapshot.auto.trigger.threshold = 10000 (custom)
2019-08-21 18:33:36,591 [pool-148-thread-1] INFO  server.RaftServerConfigKeys (ConfUtils.java:logGet(43)) - raft.server.retrycache.expirytime = 600000ms (custom)
2019-08-21 18:33:36,677 | INFO  | ObjectStoreRestHttpServer | Listening HDDS REST traffic on /0.0.0.0:38605 |  
2019-08-21 18:33:36,677 [Thread-332] INFO  ozone.HddsDatanodeService (HddsDatanodeService.java:startPlugins(395)) - Started plug-in org.apache.hadoop.ozone.web.OzoneHddsDatanodeService@2e2d8c00
2019-08-21 18:33:36,680 [Thread-332] INFO  impl.MetricsSystemImpl (MetricsSystemImpl.java:init(158)) - HddsDatanode metrics system started (again)
2019-08-21 18:33:36,680 [org.apache.hadoop.util.JvmPauseMonitor$Monitor@47b5d408] INFO  util.JvmPauseMonitor (JvmPauseMonitor.java:run(188)) - Starting JVM pause monitor
2019-08-21 18:33:36,684 [Thread-332] INFO  ozone.HddsDatanodeService (HddsDatanodeService.java:start(184)) - HddsDatanodeService host:pr-hdds-1998-57vr7-880049069 ip:192.168.36.125
2019-08-21 18:33:36,686 [Thread-332] INFO  volume.VolumeUsage (VolumeUsage.java:loadScmUsed(144)) - Cached ScmUsed found for /workdir/hadoop-ozone/integration-test/target/test-dir/MiniOzoneClusterImpl-3d3f5e5e-1edb-4139-a191-6ae7dfb25aa0/datanode-1/data/containers : 4096 
2019-08-21 18:33:36,686 [Thread-332] INFO  volume.HddsVolume (HddsVolume.java:<init>(176)) - Creating Volume: /workdir/hadoop-ozone/integration-test/target/test-dir/MiniOzoneClusterImpl-3d3f5e5e-1edb-4139-a191-6ae7dfb25aa0/datanode-1/data/containers/hdds of  storage type : DISK and capacity : 1482555576320
2019-08-21 18:33:36,686 [Thread-332] INFO  volume.VolumeSet (VolumeSet.java:initializeVolumeSet(170)) - Added Volume : /workdir/hadoop-ozone/integration-test/target/test-dir/MiniOzoneClusterImpl-3d3f5e5e-1edb-4139-a191-6ae7dfb25aa0/datanode-1/data/containers/hdds to VolumeSet
2019-08-21 18:33:36,686 [Thread-332] INFO  volume.ThrottledAsyncChecker (ThrottledAsyncChecker.java:schedule(140)) - Scheduling a check for org.apache.hadoop.ozone.container.common.volume.HddsVolume@4537bd3d
2019-08-21 18:33:36,687 [Thread-332] INFO  volume.HddsVolumeChecker (HddsVolumeChecker.java:checkAllVolumes(203)) - Scheduled health check for volume org.apache.hadoop.ozone.container.common.volume.HddsVolume@4537bd3d
2019-08-21 18:33:36,704 [Thread-332] INFO  impl.RaftServerProxy (ConfUtils.java:logGet(43)) - raft.rpc.type = GRPC (default)
2019-08-21 18:33:36,704 [Thread-332] INFO  grpc.GrpcFactory (GrpcFactory.java:checkPooledByteBufAllocatorUseCacheForAllThreads(45)) - PERFORMANCE WARNING: useCacheForAllThreads is true that may cause Netty to create a lot garbage objects and, as a result, trigger GC.
	It is recommended to disable useCacheForAllThreads by setting -Dorg.apache.ratis.thirdparty.io.netty.allocator.useCacheForAllThreads=false in command line.
2019-08-21 18:33:36,705 [Thread-332] INFO  grpc.GrpcConfigKeys$Server (ConfUtils.java:logGet(43)) - raft.grpc.server.port = 36833 (custom)
2019-08-21 18:33:36,705 [Thread-332] INFO  server.GrpcService (ConfUtils.java:logGet(43)) - raft.grpc.message.size.max = 33570816 (custom)
2019-08-21 18:33:36,705 [Thread-332] INFO  server.RaftServerConfigKeys (ConfUtils.java:logGet(43)) - raft.server.log.appender.buffer.byte-limit = 33554432 (custom)
2019-08-21 18:33:36,705 [Thread-332] INFO  server.GrpcService (ConfUtils.java:logGet(43)) - raft.grpc.flow.control.window = 1MB (=1048576) (default)
2019-08-21 18:33:36,705 [Thread-332] INFO  server.RaftServerConfigKeys (ConfUtils.java:logGet(43)) - raft.server.rpc.request.timeout = 3000ms (default)
2019-08-21 18:33:36,706 [Thread-332] INFO  server.RaftServerConfigKeys (ConfUtils.java:logGet(43)) - raft.server.storage.dir = [/workdir/hadoop-ozone/integration-test/target/test-dir/MiniOzoneClusterImpl-3d3f5e5e-1edb-4139-a191-6ae7dfb25aa0/datanode-1/data/ratis] (custom)
2019-08-21 18:33:36,707 [Thread-332] INFO  impl.RaftServerProxy (RaftServerProxy.java:lambda$null$0(191)) - 5cac240b-a5fb-443c-aa6a-5f791dcf7356: found a subdirectory /workdir/hadoop-ozone/integration-test/target/test-dir/MiniOzoneClusterImpl-3d3f5e5e-1edb-4139-a191-6ae7dfb25aa0/datanode-1/data/ratis/47350ca0-e77e-401c-9fe9-964a85778c23
2019-08-21 18:33:36,707 [Thread-332] INFO  impl.RaftServerProxy (RaftServerProxy.java:addNew(89)) - 5cac240b-a5fb-443c-aa6a-5f791dcf7356: addNew group-964A85778C23:[] returns group-964A85778C23:java.util.concurrent.CompletableFuture@60cbde0[Not completed]
2019-08-21 18:33:36,708 [Thread-332] INFO  impl.RaftServerProxy (RaftServerProxy.java:lambda$null$0(191)) - 5cac240b-a5fb-443c-aa6a-5f791dcf7356: found a subdirectory /workdir/hadoop-ozone/integration-test/target/test-dir/MiniOzoneClusterImpl-3d3f5e5e-1edb-4139-a191-6ae7dfb25aa0/datanode-1/data/ratis/9e12116c-6126-42df-9323-d457394bd1ac
2019-08-21 18:33:36,708 [Thread-332] INFO  impl.RaftServerProxy (RaftServerProxy.java:addNew(89)) - 5cac240b-a5fb-443c-aa6a-5f791dcf7356: addNew group-D457394BD1AC:[] returns group-D457394BD1AC:java.util.concurrent.CompletableFuture@520f2778[Not completed]
2019-08-21 18:33:36,708 [Thread-332] INFO  replication.SimpleContainerDownloader (SimpleContainerDownloader.java:<init>(72)) - Starting container downloader service to copy containers to replicate.
2019-08-21 18:33:36,710 [Thread-332] INFO  hdfs.DFSUtil (DFSUtil.java:httpServerTemplateForNNAndJN(1641)) - Starting Web-server for hddsDatanode at: http://0.0.0.0:42398
2019-08-21 18:33:36,711 [pool-159-thread-1] INFO  impl.RaftServerImpl (RaftServerImpl.java:<init>(93)) - 5cac240b-a5fb-443c-aa6a-5f791dcf7356: new RaftServerImpl for group-964A85778C23:[] with ContainerStateMachine:uninitialized
2019-08-21 18:33:36,713 [pool-159-thread-1] INFO  server.RaftServerConfigKeys (ConfUtils.java:logGet(43)) - raft.server.rpc.timeout.min = 5s (custom)
2019-08-21 18:33:36,713 [pool-159-thread-1] INFO  server.RaftServerConfigKeys (ConfUtils.java:logGet(43)) - raft.server.rpc.timeout.max = 5200ms (custom)
2019-08-21 18:33:36,713 [pool-159-thread-1] INFO  server.RaftServerConfigKeys (ConfUtils.java:logGet(43)) - raft.server.rpcslowness.timeout = 120s (custom)
2019-08-21 18:33:36,713 [pool-159-thread-1] INFO  server.RaftServerConfigKeys (ConfUtils.java:logGet(43)) - raft.server.sleep.deviation.threshold = 300 (default)
2019-08-21 18:33:36,713 [Thread-332] INFO  server.AuthenticationFilter (AuthenticationFilter.java:constructSecretProvider(240)) - Unable to initialize FileSignerSecretProvider, falling back to use random secrets.
2019-08-21 18:33:36,713 [pool-159-thread-1] INFO  server.RaftServerConfigKeys (ConfUtils.java:logGet(43)) - raft.server.log.appender.install.snapshot.enabled = false (custom)
2019-08-21 18:33:36,714 [pool-159-thread-1] INFO  impl.RaftServerImpl (ServerState.java:<init>(105)) - 5cac240b-a5fb-443c-aa6a-5f791dcf7356:group-964A85778C23 ConfigurationManager, init=-1: [], old=null, confs=<EMPTY_MAP>
2019-08-21 18:33:36,714 [Thread-332] WARN  http.HttpRequestLog (HttpRequestLog.java:getRequestLog(97)) - Jetty request log can only be enabled using Log4j
2019-08-21 18:33:36,714 [pool-159-thread-1] INFO  server.RaftServerConfigKeys (ConfUtils.java:logGet(43)) - raft.server.storage.dir = [/workdir/hadoop-ozone/integration-test/target/test-dir/MiniOzoneClusterImpl-3d3f5e5e-1edb-4139-a191-6ae7dfb25aa0/datanode-1/data/ratis] (custom)
2019-08-21 18:33:36,716 [Thread-332] INFO  http.HttpServer2 (HttpServer2.java:addGlobalFilter(975)) - Added global filter 'safety' (class=org.apache.hadoop.http.HttpServer2$QuotingInputFilter)
2019-08-21 18:33:36,716 [Thread-332] INFO  http.HttpServer2 (HttpServer2.java:addFilter(948)) - Added filter static_user_filter (class=org.apache.hadoop.http.lib.StaticUserWebFilter$StaticUserFilter) to context hddsDatanode
2019-08-21 18:33:36,716 [Thread-332] INFO  http.HttpServer2 (HttpServer2.java:addFilter(958)) - Added filter static_user_filter (class=org.apache.hadoop.http.lib.StaticUserWebFilter$StaticUserFilter) to context logs
2019-08-21 18:33:36,717 [Thread-332] INFO  http.HttpServer2 (HttpServer2.java:addFilter(958)) - Added filter static_user_filter (class=org.apache.hadoop.http.lib.StaticUserWebFilter$StaticUserFilter) to context static
2019-08-21 18:33:36,717 [Thread-332] INFO  http.HttpServer2 (HttpServer2.java:bindListener(1191)) - Jetty bound to port 42398
2019-08-21 18:33:36,717 [Thread-332] INFO  server.Server (Server.java:doStart(351)) - jetty-9.3.24.v20180605, build timestamp: 2018-06-05T17:11:56Z, git hash: 84205aa28f11a4f31f2a3b86d1bba2cc8ab69827
2019-08-21 18:33:36,719 [Thread-332] INFO  handler.ContextHandler (ContextHandler.java:doStart(781)) - Started o.e.j.s.ServletContextHandler@27d9660b{/logs,file:///workdir/hadoop-ozone/integration-test/target/log,AVAILABLE}
2019-08-21 18:33:36,720 [Thread-332] INFO  handler.ContextHandler (ContextHandler.java:doStart(781)) - Started o.e.j.s.ServletContextHandler@72e58123{/static,jar:file:/home/user/.m2/repository/org/apache/hadoop/hadoop-hdds-container-service/0.5.0-SNAPSHOT/hadoop-hdds-container-service-0.5.0-SNAPSHOT.jar!/webapps/static,AVAILABLE}
2019-08-21 18:33:36,737 [pool-159-thread-1] INFO  storage.RaftStorageDirectory (RaftStorageDirectory.java:tryLock(328)) - Lock on /workdir/hadoop-ozone/integration-test/target/test-dir/MiniOzoneClusterImpl-3d3f5e5e-1edb-4139-a191-6ae7dfb25aa0/datanode-1/data/ratis/47350ca0-e77e-401c-9fe9-964a85778c23/in_use.lock acquired by nodename 4936@pr-hdds-1998-57vr7-880049069
2019-08-21 18:33:36,738 [pool-159-thread-1] INFO  ratis.ContainerStateMachine (ContainerStateMachine.java:loadSnapshot(226)) - group-964A85778C23: The snapshot info is null. Setting the last applied indexto:(t:0, i:~)
2019-08-21 18:33:36,738 [pool-159-thread-1] INFO  server.RaftServerConfigKeys (ConfUtils.java:logGet(43)) - raft.server.leader.election.timeout = 120s (custom)
2019-08-21 18:33:36,738 [pool-159-thread-1] INFO  server.RaftServerConfigKeys (ConfUtils.java:logGet(43)) - raft.server.log.use.memory = false (default)
2019-08-21 18:33:36,739 [pool-159-thread-1] INFO  server.RaftServerConfigKeys (ConfUtils.java:logGet(43)) - raft.server.log.purge.gap = 1000000 (custom)
2019-08-21 18:33:36,739 [pool-159-thread-1] INFO  server.RaftServerConfigKeys (ConfUtils.java:logGet(43)) - raft.server.log.appender.buffer.byte-limit = 33554432 (custom)
2019-08-21 18:33:36,739 [pool-159-thread-1] INFO  server.RaftServerConfigKeys (ConfUtils.java:logGet(43)) - raft.server.log.segment.size.max = 1048576 (custom)
2019-08-21 18:33:36,739 [pool-159-thread-1] INFO  server.RaftServerConfigKeys (ConfUtils.java:logGet(43)) - raft.server.log.segment.cache.num.max = 2 (custom)
2019-08-21 18:33:36,740 [pool-159-thread-1] INFO  segmented.SegmentedRaftLogWorker (SegmentedRaftLogWorker.java:<init>(172)) - new 5cac240b-a5fb-443c-aa6a-5f791dcf7356-SegmentedRaftLogWorker:Storage Directory /workdir/hadoop-ozone/integration-test/target/test-dir/MiniOzoneClusterImpl-3d3f5e5e-1edb-4139-a191-6ae7dfb25aa0/datanode-1/data/ratis/47350ca0-e77e-401c-9fe9-964a85778c23 for RaftStorage:Storage Directory /workdir/hadoop-ozone/integration-test/target/test-dir/MiniOzoneClusterImpl-3d3f5e5e-1edb-4139-a191-6ae7dfb25aa0/datanode-1/data/ratis/47350ca0-e77e-401c-9fe9-964a85778c23
2019-08-21 18:33:36,740 [pool-159-thread-1] INFO  server.RaftServerConfigKeys (ConfUtils.java:logGet(43)) - raft.server.log.queue.byte-limit = 2147483647 (custom)
2019-08-21 18:33:36,740 [pool-159-thread-1] INFO  server.RaftServerConfigKeys (ConfUtils.java:logGet(43)) - raft.server.log.queue.element-limit = 1024 (custom)
2019-08-21 18:33:36,740 [pool-159-thread-1] INFO  server.RaftServerConfigKeys (ConfUtils.java:logGet(43)) - raft.server.log.segment.size.max = 1048576 (custom)
2019-08-21 18:33:36,740 [pool-159-thread-1] INFO  server.RaftServerConfigKeys (ConfUtils.java:logGet(43)) - raft.server.log.preallocated.size = 16384 (custom)
2019-08-21 18:33:36,741 [pool-159-thread-1] INFO  server.RaftServerConfigKeys (ConfUtils.java:logGet(43)) - raft.server.log.write.buffer.size = 33554432 (custom)
2019-08-21 18:33:36,741 [pool-159-thread-1] INFO  server.RaftServerConfigKeys (ConfUtils.java:logGet(43)) - raft.server.log.force.sync.num = 128 (default)
2019-08-21 18:33:36,741 [pool-159-thread-1] INFO  server.RaftServerConfigKeys (ConfUtils.java:logGet(43)) - raft.server.log.statemachine.data.sync = true (default)
2019-08-21 18:33:36,741 [pool-159-thread-1] INFO  server.RaftServerConfigKeys (ConfUtils.java:logGet(43)) - raft.server.log.statemachine.data.sync.timeout = 10s (default)
2019-08-21 18:33:36,741 [pool-159-thread-1] INFO  server.RaftServerConfigKeys (ConfUtils.java:logGet(43)) - raft.server.log.statemachine.data.sync.timeout.retry = -1 (default)
2019-08-21 18:33:36,742 [pool-159-thread-1] INFO  server.RaftServerConfigKeys (ConfUtils.java:logGet(43)) - raft.server.log.statemachine.data.caching.enabled = true (custom)
2019-08-21 18:33:36,743 [pool-159-thread-1] INFO  impl.RaftServerImpl (ServerState.java:setRaftConf(361)) - 5cac240b-a5fb-443c-aa6a-5f791dcf7356:group-964A85778C23 set configuration 0: [5cac240b-a5fb-443c-aa6a-5f791dcf7356:192.168.36.125:36833], old=null at 0
2019-08-21 18:33:36,743 [pool-159-thread-1] INFO  segmented.LogSegment (LogSegment.java:loadSegment(145)) - Successfully read 1 entries from segment file /workdir/hadoop-ozone/integration-test/target/test-dir/MiniOzoneClusterImpl-3d3f5e5e-1edb-4139-a191-6ae7dfb25aa0/datanode-1/data/ratis/47350ca0-e77e-401c-9fe9-964a85778c23/current/log_inprogress_0
2019-08-21 18:33:36,745 [pool-159-thread-1] INFO  segmented.SegmentedRaftLogWorker (SegmentedRaftLogWorker.java:lambda$new$0(132)) - 5cac240b-a5fb-443c-aa6a-5f791dcf7356-SegmentedRaftLogWorker:Storage Directory /workdir/hadoop-ozone/integration-test/target/test-dir/MiniOzoneClusterImpl-3d3f5e5e-1edb-4139-a191-6ae7dfb25aa0/datanode-1/data/ratis/47350ca0-e77e-401c-9fe9-964a85778c23: flushIndex: setUnconditionally 0 -> 0
2019-08-21 18:33:36,750 [Thread-332] INFO  handler.ContextHandler (ContextHandler.java:doStart(781)) - Started o.e.j.w.WebAppContext@7914c6cd{/,file:///tmp/jetty-0.0.0.0-42398-hddsDatanode-_-any-20718492392635366.dir/webapp/,AVAILABLE}{/hddsDatanode}
2019-08-21 18:33:36,750 [Thread-332] INFO  server.AbstractConnector (AbstractConnector.java:doStart(278)) - Started ServerConnector@28867ecb{HTTP/1.1,[http/1.1]}{0.0.0.0:42398}
2019-08-21 18:33:36,781 [pool-159-thread-1] INFO  server.RaftServerConfigKeys (ConfUtils.java:logGet(43)) - raft.server.snapshot.auto.trigger.enabled = true (custom)
2019-08-21 18:33:36,782 [pool-159-thread-1] INFO  server.RaftServerConfigKeys (ConfUtils.java:logGet(43)) - raft.server.snapshot.auto.trigger.threshold = 10000 (custom)
2019-08-21 18:33:36,782 [Thread-332] INFO  server.Server (Server.java:doStart(419)) - Started @60864ms
2019-08-21 18:33:36,782 [pool-159-thread-1] INFO  server.RaftServerConfigKeys (ConfUtils.java:logGet(43)) - raft.server.retrycache.expirytime = 600000ms (custom)
2019-08-21 18:33:36,782 [Thread-332] INFO  server.BaseHttpServer (BaseHttpServer.java:updateConnectorAddress(213)) - HTTP server of HDDSDATANODE is listening at http://0.0.0.0:42398
2019-08-21 18:33:36,784 [pool-159-thread-1] INFO  impl.RaftServerImpl (RaftServerImpl.java:<init>(93)) - 5cac240b-a5fb-443c-aa6a-5f791dcf7356: new RaftServerImpl for group-D457394BD1AC:[] with ContainerStateMachine:uninitialized
2019-08-21 18:33:36,784 [pool-159-thread-1] INFO  server.RaftServerConfigKeys (ConfUtils.java:logGet(43)) - raft.server.rpc.timeout.min = 5s (custom)
2019-08-21 18:33:36,784 [pool-159-thread-1] INFO  server.RaftServerConfigKeys (ConfUtils.java:logGet(43)) - raft.server.rpc.timeout.max = 5200ms (custom)
2019-08-21 18:33:36,784 [pool-159-thread-1] INFO  server.RaftServerConfigKeys (ConfUtils.java:logGet(43)) - raft.server.rpcslowness.timeout = 120s (custom)
2019-08-21 18:33:36,785 [pool-159-thread-1] INFO  server.RaftServerConfigKeys (ConfUtils.java:logGet(43)) - raft.server.sleep.deviation.threshold = 300 (default)
2019-08-21 18:33:36,785 [pool-159-thread-1] INFO  server.RaftServerConfigKeys (ConfUtils.java:logGet(43)) - raft.server.log.appender.install.snapshot.enabled = false (custom)
2019-08-21 18:33:36,785 [pool-159-thread-1] INFO  impl.RaftServerImpl (ServerState.java:<init>(105)) - 5cac240b-a5fb-443c-aa6a-5f791dcf7356:group-D457394BD1AC ConfigurationManager, init=-1: [], old=null, confs=<EMPTY_MAP>
2019-08-21 18:33:36,785 [pool-159-thread-1] INFO  server.RaftServerConfigKeys (ConfUtils.java:logGet(43)) - raft.server.storage.dir = [/workdir/hadoop-ozone/integration-test/target/test-dir/MiniOzoneClusterImpl-3d3f5e5e-1edb-4139-a191-6ae7dfb25aa0/datanode-1/data/ratis] (custom)
2019-08-21 18:33:36,808 [pool-159-thread-1] INFO  storage.RaftStorageDirectory (RaftStorageDirectory.java:tryLock(328)) - Lock on /workdir/hadoop-ozone/integration-test/target/test-dir/MiniOzoneClusterImpl-3d3f5e5e-1edb-4139-a191-6ae7dfb25aa0/datanode-1/data/ratis/9e12116c-6126-42df-9323-d457394bd1ac/in_use.lock acquired by nodename 4936@pr-hdds-1998-57vr7-880049069
2019-08-21 18:33:36,809 [pool-159-thread-1] INFO  ratis.ContainerStateMachine (ContainerStateMachine.java:loadSnapshot(226)) - group-D457394BD1AC: The snapshot info is null. Setting the last applied indexto:(t:0, i:~)
2019-08-21 18:33:36,809 [pool-159-thread-1] INFO  server.RaftServerConfigKeys (ConfUtils.java:logGet(43)) - raft.server.leader.election.timeout = 120s (custom)
2019-08-21 18:33:36,810 [pool-159-thread-1] INFO  server.RaftServerConfigKeys (ConfUtils.java:logGet(43)) - raft.server.log.use.memory = false (default)
2019-08-21 18:33:36,810 [pool-159-thread-1] INFO  server.RaftServerConfigKeys (ConfUtils.java:logGet(43)) - raft.server.log.purge.gap = 1000000 (custom)
2019-08-21 18:33:36,810 [pool-159-thread-1] INFO  server.RaftServerConfigKeys (ConfUtils.java:logGet(43)) - raft.server.log.appender.buffer.byte-limit = 33554432 (custom)
2019-08-21 18:33:36,810 [pool-159-thread-1] INFO  server.RaftServerConfigKeys (ConfUtils.java:logGet(43)) - raft.server.log.segment.size.max = 1048576 (custom)
2019-08-21 18:33:36,811 [pool-159-thread-1] INFO  server.RaftServerConfigKeys (ConfUtils.java:logGet(43)) - raft.server.log.segment.cache.num.max = 2 (custom)
2019-08-21 18:33:36,811 [pool-159-thread-1] INFO  segmented.SegmentedRaftLogWorker (SegmentedRaftLogWorker.java:<init>(172)) - new 5cac240b-a5fb-443c-aa6a-5f791dcf7356-SegmentedRaftLogWorker:Storage Directory /workdir/hadoop-ozone/integration-test/target/test-dir/MiniOzoneClusterImpl-3d3f5e5e-1edb-4139-a191-6ae7dfb25aa0/datanode-1/data/ratis/9e12116c-6126-42df-9323-d457394bd1ac for RaftStorage:Storage Directory /workdir/hadoop-ozone/integration-test/target/test-dir/MiniOzoneClusterImpl-3d3f5e5e-1edb-4139-a191-6ae7dfb25aa0/datanode-1/data/ratis/9e12116c-6126-42df-9323-d457394bd1ac
2019-08-21 18:33:36,811 [pool-159-thread-1] INFO  server.RaftServerConfigKeys (ConfUtils.java:logGet(43)) - raft.server.log.queue.byte-limit = 2147483647 (custom)
2019-08-21 18:33:36,811 [pool-159-thread-1] INFO  server.RaftServerConfigKeys (ConfUtils.java:logGet(43)) - raft.server.log.queue.element-limit = 1024 (custom)
2019-08-21 18:33:36,811 [pool-159-thread-1] INFO  server.RaftServerConfigKeys (ConfUtils.java:logGet(43)) - raft.server.log.segment.size.max = 1048576 (custom)
2019-08-21 18:33:36,811 [pool-159-thread-1] INFO  server.RaftServerConfigKeys (ConfUtils.java:logGet(43)) - raft.server.log.preallocated.size = 16384 (custom)
2019-08-21 18:33:36,812 [pool-159-thread-1] INFO  server.RaftServerConfigKeys (ConfUtils.java:logGet(43)) - raft.server.log.write.buffer.size = 33554432 (custom)
2019-08-21 18:33:36,812 [pool-159-thread-1] INFO  server.RaftServerConfigKeys (ConfUtils.java:logGet(43)) - raft.server.log.force.sync.num = 128 (default)
2019-08-21 18:33:36,812 [pool-159-thread-1] INFO  server.RaftServerConfigKeys (ConfUtils.java:logGet(43)) - raft.server.log.statemachine.data.sync = true (default)
2019-08-21 18:33:36,812 [pool-159-thread-1] INFO  server.RaftServerConfigKeys (ConfUtils.java:logGet(43)) - raft.server.log.statemachine.data.sync.timeout = 10s (default)
2019-08-21 18:33:36,812 [pool-159-thread-1] INFO  server.RaftServerConfigKeys (ConfUtils.java:logGet(43)) - raft.server.log.statemachine.data.sync.timeout.retry = -1 (default)
2019-08-21 18:33:36,813 [pool-159-thread-1] INFO  server.RaftServerConfigKeys (ConfUtils.java:logGet(43)) - raft.server.log.statemachine.data.caching.enabled = true (custom)
2019-08-21 18:33:36,814 [pool-159-thread-1] INFO  impl.RaftServerImpl (ServerState.java:setRaftConf(361)) - 5cac240b-a5fb-443c-aa6a-5f791dcf7356:group-D457394BD1AC set configuration 0: [5cac240b-a5fb-443c-aa6a-5f791dcf7356:192.168.36.125:36833, 1c10ef1a-c27e-4e26-8da7-bf8f905915b5:192.168.36.125:37842, 9b029079-a3a2-4c30-a15c-eadf046183c2:192.168.36.125:36224], old=null at 0
2019-08-21 18:33:36,814 [pool-159-thread-1] INFO  segmented.LogSegment (LogSegment.java:loadSegment(145)) - Successfully read 1 entries from segment file /workdir/hadoop-ozone/integration-test/target/test-dir/MiniOzoneClusterImpl-3d3f5e5e-1edb-4139-a191-6ae7dfb25aa0/datanode-1/data/ratis/9e12116c-6126-42df-9323-d457394bd1ac/current/log_inprogress_0
2019-08-21 18:33:36,814 [pool-159-thread-1] INFO  segmented.SegmentedRaftLogWorker (SegmentedRaftLogWorker.java:lambda$new$0(132)) - 5cac240b-a5fb-443c-aa6a-5f791dcf7356-SegmentedRaftLogWorker:Storage Directory /workdir/hadoop-ozone/integration-test/target/test-dir/MiniOzoneClusterImpl-3d3f5e5e-1edb-4139-a191-6ae7dfb25aa0/datanode-1/data/ratis/9e12116c-6126-42df-9323-d457394bd1ac: flushIndex: setUnconditionally 0 -> 0
2019-08-21 18:33:36,851 [pool-159-thread-1] INFO  server.RaftServerConfigKeys (ConfUtils.java:logGet(43)) - raft.server.snapshot.auto.trigger.enabled = true (custom)
2019-08-21 18:33:36,851 [pool-159-thread-1] INFO  server.RaftServerConfigKeys (ConfUtils.java:logGet(43)) - raft.server.snapshot.auto.trigger.threshold = 10000 (custom)
2019-08-21 18:33:36,851 [pool-159-thread-1] INFO  server.RaftServerConfigKeys (ConfUtils.java:logGet(43)) - raft.server.retrycache.expirytime = 600000ms (custom)
2019-08-21 18:33:36,939 | INFO  | ObjectStoreRestHttpServer | Listening HDDS REST traffic on /0.0.0.0:42762 |  
2019-08-21 18:33:36,939 [Thread-332] INFO  ozone.HddsDatanodeService (HddsDatanodeService.java:startPlugins(395)) - Started plug-in org.apache.hadoop.ozone.web.OzoneHddsDatanodeService@4f866981
2019-08-21 18:33:36,941 [Thread-332] INFO  impl.MetricsSystemImpl (MetricsSystemImpl.java:init(158)) - HddsDatanode metrics system started (again)
2019-08-21 18:33:36,942 [org.apache.hadoop.util.JvmPauseMonitor$Monitor@3cd92f9d] INFO  util.JvmPauseMonitor (JvmPauseMonitor.java:run(188)) - Starting JVM pause monitor
2019-08-21 18:33:36,946 [Thread-332] INFO  ozone.HddsDatanodeService (HddsDatanodeService.java:start(184)) - HddsDatanodeService host:pr-hdds-1998-57vr7-880049069 ip:192.168.36.125
2019-08-21 18:33:36,948 [Thread-332] INFO  volume.VolumeUsage (VolumeUsage.java:loadScmUsed(144)) - Cached ScmUsed found for /workdir/hadoop-ozone/integration-test/target/test-dir/MiniOzoneClusterImpl-3d3f5e5e-1edb-4139-a191-6ae7dfb25aa0/datanode-2/data/containers : 4096 
2019-08-21 18:33:36,948 [Thread-332] INFO  volume.HddsVolume (HddsVolume.java:<init>(176)) - Creating Volume: /workdir/hadoop-ozone/integration-test/target/test-dir/MiniOzoneClusterImpl-3d3f5e5e-1edb-4139-a191-6ae7dfb25aa0/datanode-2/data/containers/hdds of  storage type : DISK and capacity : 1482555576320
2019-08-21 18:33:36,949 [Thread-332] INFO  volume.VolumeSet (VolumeSet.java:initializeVolumeSet(170)) - Added Volume : /workdir/hadoop-ozone/integration-test/target/test-dir/MiniOzoneClusterImpl-3d3f5e5e-1edb-4139-a191-6ae7dfb25aa0/datanode-2/data/containers/hdds to VolumeSet
2019-08-21 18:33:36,949 [Thread-332] INFO  volume.ThrottledAsyncChecker (ThrottledAsyncChecker.java:schedule(140)) - Scheduling a check for org.apache.hadoop.ozone.container.common.volume.HddsVolume@1fed11ef
2019-08-21 18:33:36,949 [Thread-332] INFO  volume.HddsVolumeChecker (HddsVolumeChecker.java:checkAllVolumes(203)) - Scheduled health check for volume org.apache.hadoop.ozone.container.common.volume.HddsVolume@1fed11ef
2019-08-21 18:33:36,966 [Thread-332] INFO  impl.RaftServerProxy (ConfUtils.java:logGet(43)) - raft.rpc.type = GRPC (default)
2019-08-21 18:33:36,967 [Thread-332] INFO  grpc.GrpcFactory (GrpcFactory.java:checkPooledByteBufAllocatorUseCacheForAllThreads(45)) - PERFORMANCE WARNING: useCacheForAllThreads is true that may cause Netty to create a lot garbage objects and, as a result, trigger GC.
	It is recommended to disable useCacheForAllThreads by setting -Dorg.apache.ratis.thirdparty.io.netty.allocator.useCacheForAllThreads=false in command line.
2019-08-21 18:33:36,967 [Thread-332] INFO  grpc.GrpcConfigKeys$Server (ConfUtils.java:logGet(43)) - raft.grpc.server.port = 36224 (custom)
2019-08-21 18:33:36,967 [Thread-332] INFO  server.GrpcService (ConfUtils.java:logGet(43)) - raft.grpc.message.size.max = 33570816 (custom)
2019-08-21 18:33:36,967 [Thread-332] INFO  server.RaftServerConfigKeys (ConfUtils.java:logGet(43)) - raft.server.log.appender.buffer.byte-limit = 33554432 (custom)
2019-08-21 18:33:36,967 [Thread-332] INFO  server.GrpcService (ConfUtils.java:logGet(43)) - raft.grpc.flow.control.window = 1MB (=1048576) (default)
2019-08-21 18:33:36,967 [Thread-332] INFO  server.RaftServerConfigKeys (ConfUtils.java:logGet(43)) - raft.server.rpc.request.timeout = 3000ms (default)
2019-08-21 18:33:36,968 [Thread-332] INFO  server.RaftServerConfigKeys (ConfUtils.java:logGet(43)) - raft.server.storage.dir = [/workdir/hadoop-ozone/integration-test/target/test-dir/MiniOzoneClusterImpl-3d3f5e5e-1edb-4139-a191-6ae7dfb25aa0/datanode-2/data/ratis] (custom)
2019-08-21 18:33:36,968 [Thread-332] INFO  impl.RaftServerProxy (RaftServerProxy.java:lambda$null$0(191)) - 9b029079-a3a2-4c30-a15c-eadf046183c2: found a subdirectory /workdir/hadoop-ozone/integration-test/target/test-dir/MiniOzoneClusterImpl-3d3f5e5e-1edb-4139-a191-6ae7dfb25aa0/datanode-2/data/ratis/54f58dc3-5367-4fc6-b2e8-5d21773b8657
2019-08-21 18:33:36,969 [Thread-332] INFO  impl.RaftServerProxy (RaftServerProxy.java:addNew(89)) - 9b029079-a3a2-4c30-a15c-eadf046183c2: addNew group-5D21773B8657:[] returns group-5D21773B8657:java.util.concurrent.CompletableFuture@6bdab8a8[Not completed]
2019-08-21 18:33:36,969 [Thread-332] INFO  impl.RaftServerProxy (RaftServerProxy.java:lambda$null$0(191)) - 9b029079-a3a2-4c30-a15c-eadf046183c2: found a subdirectory /workdir/hadoop-ozone/integration-test/target/test-dir/MiniOzoneClusterImpl-3d3f5e5e-1edb-4139-a191-6ae7dfb25aa0/datanode-2/data/ratis/9e12116c-6126-42df-9323-d457394bd1ac
2019-08-21 18:33:36,969 [Thread-332] INFO  impl.RaftServerProxy (RaftServerProxy.java:addNew(89)) - 9b029079-a3a2-4c30-a15c-eadf046183c2: addNew group-D457394BD1AC:[] returns group-D457394BD1AC:java.util.concurrent.CompletableFuture@6063ac0b[Not completed]
2019-08-21 18:33:36,970 [Thread-332] INFO  replication.SimpleContainerDownloader (SimpleContainerDownloader.java:<init>(72)) - Starting container downloader service to copy containers to replicate.
2019-08-21 18:33:36,971 [Thread-332] INFO  hdfs.DFSUtil (DFSUtil.java:httpServerTemplateForNNAndJN(1641)) - Starting Web-server for hddsDatanode at: http://0.0.0.0:33507
2019-08-21 18:33:36,973 [pool-170-thread-1] INFO  impl.RaftServerImpl (RaftServerImpl.java:<init>(93)) - 9b029079-a3a2-4c30-a15c-eadf046183c2: new RaftServerImpl for group-5D21773B8657:[] with ContainerStateMachine:uninitialized
2019-08-21 18:33:36,974 [pool-170-thread-1] INFO  server.RaftServerConfigKeys (ConfUtils.java:logGet(43)) - raft.server.rpc.timeout.min = 5s (custom)
2019-08-21 18:33:36,974 [pool-170-thread-1] INFO  server.RaftServerConfigKeys (ConfUtils.java:logGet(43)) - raft.server.rpc.timeout.max = 5200ms (custom)
2019-08-21 18:33:36,974 [pool-170-thread-1] INFO  server.RaftServerConfigKeys (ConfUtils.java:logGet(43)) - raft.server.rpcslowness.timeout = 120s (custom)
2019-08-21 18:33:36,974 [pool-170-thread-1] INFO  server.RaftServerConfigKeys (ConfUtils.java:logGet(43)) - raft.server.sleep.deviation.threshold = 300 (default)
2019-08-21 18:33:36,974 [pool-170-thread-1] INFO  server.RaftServerConfigKeys (ConfUtils.java:logGet(43)) - raft.server.log.appender.install.snapshot.enabled = false (custom)
2019-08-21 18:33:36,975 [pool-170-thread-1] INFO  impl.RaftServerImpl (ServerState.java:<init>(105)) - 9b029079-a3a2-4c30-a15c-eadf046183c2:group-5D21773B8657 ConfigurationManager, init=-1: [], old=null, confs=<EMPTY_MAP>
2019-08-21 18:33:36,975 [pool-170-thread-1] INFO  server.RaftServerConfigKeys (ConfUtils.java:logGet(43)) - raft.server.storage.dir = [/workdir/hadoop-ozone/integration-test/target/test-dir/MiniOzoneClusterImpl-3d3f5e5e-1edb-4139-a191-6ae7dfb25aa0/datanode-2/data/ratis] (custom)
2019-08-21 18:33:36,976 [Thread-332] INFO  server.AuthenticationFilter (AuthenticationFilter.java:constructSecretProvider(240)) - Unable to initialize FileSignerSecretProvider, falling back to use random secrets.
2019-08-21 18:33:36,976 [Thread-332] WARN  http.HttpRequestLog (HttpRequestLog.java:getRequestLog(97)) - Jetty request log can only be enabled using Log4j
2019-08-21 18:33:36,978 [Thread-332] INFO  http.HttpServer2 (HttpServer2.java:addGlobalFilter(975)) - Added global filter 'safety' (class=org.apache.hadoop.http.HttpServer2$QuotingInputFilter)
2019-08-21 18:33:36,978 [Thread-332] INFO  http.HttpServer2 (HttpServer2.java:addFilter(948)) - Added filter static_user_filter (class=org.apache.hadoop.http.lib.StaticUserWebFilter$StaticUserFilter) to context hddsDatanode
2019-08-21 18:33:36,979 [Thread-332] INFO  http.HttpServer2 (HttpServer2.java:addFilter(958)) - Added filter static_user_filter (class=org.apache.hadoop.http.lib.StaticUserWebFilter$StaticUserFilter) to context static
2019-08-21 18:33:36,979 [Thread-332] INFO  http.HttpServer2 (HttpServer2.java:addFilter(958)) - Added filter static_user_filter (class=org.apache.hadoop.http.lib.StaticUserWebFilter$StaticUserFilter) to context logs
2019-08-21 18:33:36,979 [Thread-332] INFO  http.HttpServer2 (HttpServer2.java:bindListener(1191)) - Jetty bound to port 33507
2019-08-21 18:33:36,980 [Thread-332] INFO  server.Server (Server.java:doStart(351)) - jetty-9.3.24.v20180605, build timestamp: 2018-06-05T17:11:56Z, git hash: 84205aa28f11a4f31f2a3b86d1bba2cc8ab69827
2019-08-21 18:33:36,982 [Thread-332] INFO  handler.ContextHandler (ContextHandler.java:doStart(781)) - Started o.e.j.s.ServletContextHandler@282f2c58{/logs,file:///workdir/hadoop-ozone/integration-test/target/log,AVAILABLE}
2019-08-21 18:33:36,982 [Thread-332] INFO  handler.ContextHandler (ContextHandler.java:doStart(781)) - Started o.e.j.s.ServletContextHandler@57d3f9f7{/static,jar:file:/home/user/.m2/repository/org/apache/hadoop/hadoop-hdds-container-service/0.5.0-SNAPSHOT/hadoop-hdds-container-service-0.5.0-SNAPSHOT.jar!/webapps/static,AVAILABLE}
2019-08-21 18:33:36,998 [pool-170-thread-1] INFO  storage.RaftStorageDirectory (RaftStorageDirectory.java:tryLock(328)) - Lock on /workdir/hadoop-ozone/integration-test/target/test-dir/MiniOzoneClusterImpl-3d3f5e5e-1edb-4139-a191-6ae7dfb25aa0/datanode-2/data/ratis/54f58dc3-5367-4fc6-b2e8-5d21773b8657/in_use.lock acquired by nodename 4936@pr-hdds-1998-57vr7-880049069
2019-08-21 18:33:36,999 [pool-170-thread-1] INFO  ratis.ContainerStateMachine (ContainerStateMachine.java:loadSnapshot(226)) - group-5D21773B8657: The snapshot info is null. Setting the last applied indexto:(t:0, i:~)
2019-08-21 18:33:36,999 [pool-170-thread-1] INFO  server.RaftServerConfigKeys (ConfUtils.java:logGet(43)) - raft.server.leader.election.timeout = 120s (custom)
2019-08-21 18:33:36,999 [pool-170-thread-1] INFO  server.RaftServerConfigKeys (ConfUtils.java:logGet(43)) - raft.server.log.use.memory = false (default)
2019-08-21 18:33:36,999 [pool-170-thread-1] INFO  server.RaftServerConfigKeys (ConfUtils.java:logGet(43)) - raft.server.log.purge.gap = 1000000 (custom)
2019-08-21 18:33:37,000 [pool-170-thread-1] INFO  server.RaftServerConfigKeys (ConfUtils.java:logGet(43)) - raft.server.log.appender.buffer.byte-limit = 33554432 (custom)
2019-08-21 18:33:37,000 [pool-170-thread-1] INFO  server.RaftServerConfigKeys (ConfUtils.java:logGet(43)) - raft.server.log.segment.size.max = 1048576 (custom)
2019-08-21 18:33:37,000 [pool-170-thread-1] INFO  server.RaftServerConfigKeys (ConfUtils.java:logGet(43)) - raft.server.log.segment.cache.num.max = 2 (custom)
2019-08-21 18:33:37,000 [pool-170-thread-1] INFO  segmented.SegmentedRaftLogWorker (SegmentedRaftLogWorker.java:<init>(172)) - new 9b029079-a3a2-4c30-a15c-eadf046183c2-SegmentedRaftLogWorker:Storage Directory /workdir/hadoop-ozone/integration-test/target/test-dir/MiniOzoneClusterImpl-3d3f5e5e-1edb-4139-a191-6ae7dfb25aa0/datanode-2/data/ratis/54f58dc3-5367-4fc6-b2e8-5d21773b8657 for RaftStorage:Storage Directory /workdir/hadoop-ozone/integration-test/target/test-dir/MiniOzoneClusterImpl-3d3f5e5e-1edb-4139-a191-6ae7dfb25aa0/datanode-2/data/ratis/54f58dc3-5367-4fc6-b2e8-5d21773b8657
2019-08-21 18:33:37,000 [pool-170-thread-1] INFO  server.RaftServerConfigKeys (ConfUtils.java:logGet(43)) - raft.server.log.queue.byte-limit = 2147483647 (custom)
2019-08-21 18:33:37,000 [pool-170-thread-1] INFO  server.RaftServerConfigKeys (ConfUtils.java:logGet(43)) - raft.server.log.queue.element-limit = 1024 (custom)
2019-08-21 18:33:37,001 [pool-170-thread-1] INFO  server.RaftServerConfigKeys (ConfUtils.java:logGet(43)) - raft.server.log.segment.size.max = 1048576 (custom)
2019-08-21 18:33:37,001 [pool-170-thread-1] INFO  server.RaftServerConfigKeys (ConfUtils.java:logGet(43)) - raft.server.log.preallocated.size = 16384 (custom)
2019-08-21 18:33:37,001 [pool-170-thread-1] INFO  server.RaftServerConfigKeys (ConfUtils.java:logGet(43)) - raft.server.log.write.buffer.size = 33554432 (custom)
2019-08-21 18:33:37,001 [pool-170-thread-1] INFO  server.RaftServerConfigKeys (ConfUtils.java:logGet(43)) - raft.server.log.force.sync.num = 128 (default)
2019-08-21 18:33:37,001 [pool-170-thread-1] INFO  server.RaftServerConfigKeys (ConfUtils.java:logGet(43)) - raft.server.log.statemachine.data.sync = true (default)
2019-08-21 18:33:37,002 [pool-170-thread-1] INFO  server.RaftServerConfigKeys (ConfUtils.java:logGet(43)) - raft.server.log.statemachine.data.sync.timeout = 10s (default)
2019-08-21 18:33:37,002 [pool-170-thread-1] INFO  server.RaftServerConfigKeys (ConfUtils.java:logGet(43)) - raft.server.log.statemachine.data.sync.timeout.retry = -1 (default)
2019-08-21 18:33:37,002 [pool-170-thread-1] INFO  server.RaftServerConfigKeys (ConfUtils.java:logGet(43)) - raft.server.log.statemachine.data.caching.enabled = true (custom)
2019-08-21 18:33:37,003 [pool-170-thread-1] INFO  impl.RaftServerImpl (ServerState.java:setRaftConf(361)) - 9b029079-a3a2-4c30-a15c-eadf046183c2:group-5D21773B8657 set configuration 0: [9b029079-a3a2-4c30-a15c-eadf046183c2:192.168.36.125:36224], old=null at 0
2019-08-21 18:33:37,003 [pool-170-thread-1] INFO  segmented.LogSegment (LogSegment.java:loadSegment(145)) - Successfully read 1 entries from segment file /workdir/hadoop-ozone/integration-test/target/test-dir/MiniOzoneClusterImpl-3d3f5e5e-1edb-4139-a191-6ae7dfb25aa0/datanode-2/data/ratis/54f58dc3-5367-4fc6-b2e8-5d21773b8657/current/log_inprogress_0
2019-08-21 18:33:37,003 [pool-170-thread-1] INFO  segmented.SegmentedRaftLogWorker (SegmentedRaftLogWorker.java:lambda$new$0(132)) - 9b029079-a3a2-4c30-a15c-eadf046183c2-SegmentedRaftLogWorker:Storage Directory /workdir/hadoop-ozone/integration-test/target/test-dir/MiniOzoneClusterImpl-3d3f5e5e-1edb-4139-a191-6ae7dfb25aa0/datanode-2/data/ratis/54f58dc3-5367-4fc6-b2e8-5d21773b8657: flushIndex: setUnconditionally 0 -> 0
2019-08-21 18:33:37,012 [Thread-332] INFO  handler.ContextHandler (ContextHandler.java:doStart(781)) - Started o.e.j.w.WebAppContext@11a97931{/,file:///tmp/jetty-0.0.0.0-33507-hddsDatanode-_-any-8945538549554905764.dir/webapp/,AVAILABLE}{/hddsDatanode}
2019-08-21 18:33:37,012 [Thread-332] INFO  server.AbstractConnector (AbstractConnector.java:doStart(278)) - Started ServerConnector@1928f677{HTTP/1.1,[http/1.1]}{0.0.0.0:33507}
2019-08-21 18:33:37,038 [Thread-332] INFO  server.Server (Server.java:doStart(419)) - Started @61120ms
2019-08-21 18:33:37,038 [pool-170-thread-1] INFO  server.RaftServerConfigKeys (ConfUtils.java:logGet(43)) - raft.server.snapshot.auto.trigger.enabled = true (custom)
2019-08-21 18:33:37,038 [pool-170-thread-1] INFO  server.RaftServerConfigKeys (ConfUtils.java:logGet(43)) - raft.server.snapshot.auto.trigger.threshold = 10000 (custom)
2019-08-21 18:33:37,038 [pool-170-thread-1] INFO  server.RaftServerConfigKeys (ConfUtils.java:logGet(43)) - raft.server.retrycache.expirytime = 600000ms (custom)
2019-08-21 18:33:37,039 [Thread-332] INFO  server.BaseHttpServer (BaseHttpServer.java:updateConnectorAddress(213)) - HTTP server of HDDSDATANODE is listening at http://0.0.0.0:33507
2019-08-21 18:33:37,040 [pool-170-thread-1] INFO  impl.RaftServerImpl (RaftServerImpl.java:<init>(93)) - 9b029079-a3a2-4c30-a15c-eadf046183c2: new RaftServerImpl for group-D457394BD1AC:[] with ContainerStateMachine:uninitialized
2019-08-21 18:33:37,040 [pool-170-thread-1] INFO  server.RaftServerConfigKeys (ConfUtils.java:logGet(43)) - raft.server.rpc.timeout.min = 5s (custom)
2019-08-21 18:33:37,040 [pool-170-thread-1] INFO  server.RaftServerConfigKeys (ConfUtils.java:logGet(43)) - raft.server.rpc.timeout.max = 5200ms (custom)
2019-08-21 18:33:37,040 [pool-170-thread-1] INFO  server.RaftServerConfigKeys (ConfUtils.java:logGet(43)) - raft.server.rpcslowness.timeout = 120s (custom)
2019-08-21 18:33:37,040 [pool-170-thread-1] INFO  server.RaftServerConfigKeys (ConfUtils.java:logGet(43)) - raft.server.sleep.deviation.threshold = 300 (default)
2019-08-21 18:33:37,041 [pool-170-thread-1] INFO  server.RaftServerConfigKeys (ConfUtils.java:logGet(43)) - raft.server.log.appender.install.snapshot.enabled = false (custom)
2019-08-21 18:33:37,041 [pool-170-thread-1] INFO  impl.RaftServerImpl (ServerState.java:<init>(105)) - 9b029079-a3a2-4c30-a15c-eadf046183c2:group-D457394BD1AC ConfigurationManager, init=-1: [], old=null, confs=<EMPTY_MAP>
2019-08-21 18:33:37,041 [pool-170-thread-1] INFO  server.RaftServerConfigKeys (ConfUtils.java:logGet(43)) - raft.server.storage.dir = [/workdir/hadoop-ozone/integration-test/target/test-dir/MiniOzoneClusterImpl-3d3f5e5e-1edb-4139-a191-6ae7dfb25aa0/datanode-2/data/ratis] (custom)
2019-08-21 18:33:37,064 [pool-170-thread-1] INFO  storage.RaftStorageDirectory (RaftStorageDirectory.java:tryLock(328)) - Lock on /workdir/hadoop-ozone/integration-test/target/test-dir/MiniOzoneClusterImpl-3d3f5e5e-1edb-4139-a191-6ae7dfb25aa0/datanode-2/data/ratis/9e12116c-6126-42df-9323-d457394bd1ac/in_use.lock acquired by nodename 4936@pr-hdds-1998-57vr7-880049069
2019-08-21 18:33:37,065 [pool-170-thread-1] INFO  ratis.ContainerStateMachine (ContainerStateMachine.java:loadSnapshot(226)) - group-D457394BD1AC: The snapshot info is null. Setting the last applied indexto:(t:0, i:~)
2019-08-21 18:33:37,065 [pool-170-thread-1] INFO  server.RaftServerConfigKeys (ConfUtils.java:logGet(43)) - raft.server.leader.election.timeout = 120s (custom)
2019-08-21 18:33:37,065 [pool-170-thread-1] INFO  server.RaftServerConfigKeys (ConfUtils.java:logGet(43)) - raft.server.log.use.memory = false (default)
2019-08-21 18:33:37,065 [pool-170-thread-1] INFO  server.RaftServerConfigKeys (ConfUtils.java:logGet(43)) - raft.server.log.purge.gap = 1000000 (custom)
2019-08-21 18:33:37,065 [pool-170-thread-1] INFO  server.RaftServerConfigKeys (ConfUtils.java:logGet(43)) - raft.server.log.appender.buffer.byte-limit = 33554432 (custom)
2019-08-21 18:33:37,066 [pool-170-thread-1] INFO  server.RaftServerConfigKeys (ConfUtils.java:logGet(43)) - raft.server.log.segment.size.max = 1048576 (custom)
2019-08-21 18:33:37,066 [pool-170-thread-1] INFO  server.RaftServerConfigKeys (ConfUtils.java:logGet(43)) - raft.server.log.segment.cache.num.max = 2 (custom)
2019-08-21 18:33:37,066 [pool-170-thread-1] INFO  segmented.SegmentedRaftLogWorker (SegmentedRaftLogWorker.java:<init>(172)) - new 9b029079-a3a2-4c30-a15c-eadf046183c2-SegmentedRaftLogWorker:Storage Directory /workdir/hadoop-ozone/integration-test/target/test-dir/MiniOzoneClusterImpl-3d3f5e5e-1edb-4139-a191-6ae7dfb25aa0/datanode-2/data/ratis/9e12116c-6126-42df-9323-d457394bd1ac for RaftStorage:Storage Directory /workdir/hadoop-ozone/integration-test/target/test-dir/MiniOzoneClusterImpl-3d3f5e5e-1edb-4139-a191-6ae7dfb25aa0/datanode-2/data/ratis/9e12116c-6126-42df-9323-d457394bd1ac
2019-08-21 18:33:37,066 [pool-170-thread-1] INFO  server.RaftServerConfigKeys (ConfUtils.java:logGet(43)) - raft.server.log.queue.byte-limit = 2147483647 (custom)
2019-08-21 18:33:37,066 [pool-170-thread-1] INFO  server.RaftServerConfigKeys (ConfUtils.java:logGet(43)) - raft.server.log.queue.element-limit = 1024 (custom)
2019-08-21 18:33:37,066 [pool-170-thread-1] INFO  server.RaftServerConfigKeys (ConfUtils.java:logGet(43)) - raft.server.log.segment.size.max = 1048576 (custom)
2019-08-21 18:33:37,066 [pool-170-thread-1] INFO  server.RaftServerConfigKeys (ConfUtils.java:logGet(43)) - raft.server.log.preallocated.size = 16384 (custom)
2019-08-21 18:33:37,067 [pool-170-thread-1] INFO  server.RaftServerConfigKeys (ConfUtils.java:logGet(43)) - raft.server.log.write.buffer.size = 33554432 (custom)
2019-08-21 18:33:37,067 [pool-170-thread-1] INFO  server.RaftServerConfigKeys (ConfUtils.java:logGet(43)) - raft.server.log.force.sync.num = 128 (default)
2019-08-21 18:33:37,067 [pool-170-thread-1] INFO  server.RaftServerConfigKeys (ConfUtils.java:logGet(43)) - raft.server.log.statemachine.data.sync = true (default)
2019-08-21 18:33:37,067 [pool-170-thread-1] INFO  server.RaftServerConfigKeys (ConfUtils.java:logGet(43)) - raft.server.log.statemachine.data.sync.timeout = 10s (default)
2019-08-21 18:33:37,067 [pool-170-thread-1] INFO  server.RaftServerConfigKeys (ConfUtils.java:logGet(43)) - raft.server.log.statemachine.data.sync.timeout.retry = -1 (default)
2019-08-21 18:33:37,067 [pool-170-thread-1] INFO  server.RaftServerConfigKeys (ConfUtils.java:logGet(43)) - raft.server.log.statemachine.data.caching.enabled = true (custom)
2019-08-21 18:33:37,068 [pool-170-thread-1] INFO  impl.RaftServerImpl (ServerState.java:setRaftConf(361)) - 9b029079-a3a2-4c30-a15c-eadf046183c2:group-D457394BD1AC set configuration 0: [5cac240b-a5fb-443c-aa6a-5f791dcf7356:192.168.36.125:36833, 1c10ef1a-c27e-4e26-8da7-bf8f905915b5:192.168.36.125:37842, 9b029079-a3a2-4c30-a15c-eadf046183c2:192.168.36.125:36224], old=null at 0
2019-08-21 18:33:37,068 [pool-170-thread-1] INFO  segmented.LogSegment (LogSegment.java:loadSegment(145)) - Successfully read 1 entries from segment file /workdir/hadoop-ozone/integration-test/target/test-dir/MiniOzoneClusterImpl-3d3f5e5e-1edb-4139-a191-6ae7dfb25aa0/datanode-2/data/ratis/9e12116c-6126-42df-9323-d457394bd1ac/current/log_inprogress_0
2019-08-21 18:33:37,069 [pool-170-thread-1] INFO  segmented.SegmentedRaftLogWorker (SegmentedRaftLogWorker.java:lambda$new$0(132)) - 9b029079-a3a2-4c30-a15c-eadf046183c2-SegmentedRaftLogWorker:Storage Directory /workdir/hadoop-ozone/integration-test/target/test-dir/MiniOzoneClusterImpl-3d3f5e5e-1edb-4139-a191-6ae7dfb25aa0/datanode-2/data/ratis/9e12116c-6126-42df-9323-d457394bd1ac: flushIndex: setUnconditionally 0 -> 0
2019-08-21 18:33:37,097 [pool-170-thread-1] INFO  server.RaftServerConfigKeys (ConfUtils.java:logGet(43)) - raft.server.snapshot.auto.trigger.enabled = true (custom)
2019-08-21 18:33:37,098 [pool-170-thread-1] INFO  server.RaftServerConfigKeys (ConfUtils.java:logGet(43)) - raft.server.snapshot.auto.trigger.threshold = 10000 (custom)
2019-08-21 18:33:37,098 [pool-170-thread-1] INFO  server.RaftServerConfigKeys (ConfUtils.java:logGet(43)) - raft.server.retrycache.expirytime = 600000ms (custom)
2019-08-21 18:33:37,264 [EventQueue-StaleNodeForStaleNodeHandler] INFO  node.StaleNodeHandler (StaleNodeHandler.java:onMessage(58)) - Datanode 9b029079-a3a2-4c30-a15c-eadf046183c2{ip: 192.168.36.125, host: pr-hdds-1998-57vr7-880049069, networkLocation: /default-rack, certSerialId: null} moved to stale state. Finalizing its pipelines [PipelineID=54f58dc3-5367-4fc6-b2e8-5d21773b8657, PipelineID=9e12116c-6126-42df-9323-d457394bd1ac]
2019-08-21 18:33:37,297 [EventQueue-StaleNodeForStaleNodeHandler] INFO  pipeline.SCMPipelineManager (SCMPipelineManager.java:finalizeAndDestroyPipeline(309)) - destroying pipeline:Pipeline[ Id: 54f58dc3-5367-4fc6-b2e8-5d21773b8657, Nodes: 9b029079-a3a2-4c30-a15c-eadf046183c2{ip: 192.168.36.125, host: pr-hdds-1998-57vr7-880049069, networkLocation: /default-rack, certSerialId: null}, Type:RATIS, Factor:ONE, State:OPEN]
2019-08-21 18:33:37,297 [EventQueue-StaleNodeForStaleNodeHandler] INFO  pipeline.PipelineStateManager (PipelineStateManager.java:finalizePipeline(123)) - Pipeline Pipeline[ Id: 54f58dc3-5367-4fc6-b2e8-5d21773b8657, Nodes: 9b029079-a3a2-4c30-a15c-eadf046183c2{ip: 192.168.36.125, host: pr-hdds-1998-57vr7-880049069, networkLocation: /default-rack, certSerialId: null}, Type:RATIS, Factor:ONE, State:CLOSED] moved to CLOSED state
2019-08-21 18:33:37,298 [EventQueue-StaleNodeForStaleNodeHandler] INFO  pipeline.SCMPipelineManager (SCMPipelineManager.java:finalizeAndDestroyPipeline(309)) - destroying pipeline:Pipeline[ Id: 9e12116c-6126-42df-9323-d457394bd1ac, Nodes: 1c10ef1a-c27e-4e26-8da7-bf8f905915b5{ip: 192.168.36.125, host: pr-hdds-1998-57vr7-880049069, networkLocation: /default-rack, certSerialId: null}9b029079-a3a2-4c30-a15c-eadf046183c2{ip: 192.168.36.125, host: pr-hdds-1998-57vr7-880049069, networkLocation: /default-rack, certSerialId: null}5cac240b-a5fb-443c-aa6a-5f791dcf7356{ip: 192.168.36.125, host: pr-hdds-1998-57vr7-880049069, networkLocation: /default-rack, certSerialId: null}, Type:RATIS, Factor:THREE, State:CLOSED]
2019-08-21 18:33:37,382 | INFO  | ObjectStoreRestHttpServer | Listening HDDS REST traffic on /0.0.0.0:46451 |  
2019-08-21 18:33:37,382 [Thread-332] INFO  ozone.HddsDatanodeService (HddsDatanodeService.java:startPlugins(395)) - Started plug-in org.apache.hadoop.ozone.web.OzoneHddsDatanodeService@5019805d
2019-08-21 18:33:37,383 [Thread-332] INFO  pipeline.SCMPipelineManager (SCMPipelineManager.java:finalizeAndDestroyPipeline(309)) - destroying pipeline:Pipeline[ Id: 9e12116c-6126-42df-9323-d457394bd1ac, Nodes: 1c10ef1a-c27e-4e26-8da7-bf8f905915b5{ip: 192.168.36.125, host: pr-hdds-1998-57vr7-880049069, networkLocation: /default-rack, certSerialId: null}9b029079-a3a2-4c30-a15c-eadf046183c2{ip: 192.168.36.125, host: pr-hdds-1998-57vr7-880049069, networkLocation: /default-rack, certSerialId: null}5cac240b-a5fb-443c-aa6a-5f791dcf7356{ip: 192.168.36.125, host: pr-hdds-1998-57vr7-880049069, networkLocation: /default-rack, certSerialId: null}, Type:RATIS, Factor:THREE, State:OPEN]
2019-08-21 18:33:37,385 [org.apache.hadoop.util.JvmPauseMonitor$Monitor@656e8273] INFO  util.JvmPauseMonitor (JvmPauseMonitor.java:run(188)) - Starting JVM pause monitor
2019-08-21 18:33:37,396 [Thread-332] WARN  pipeline.RatisPipelineUtils (RatisPipelineUtils.java:destroyPipeline(66)) - Pipeline destroy failed for pipeline=PipelineID=9e12116c-6126-42df-9323-d457394bd1ac dn=1c10ef1a-c27e-4e26-8da7-bf8f905915b5{ip: 192.168.36.125, host: pr-hdds-1998-57vr7-880049069, networkLocation: /default-rack, certSerialId: null}
2019-08-21 18:33:37,400 [Thread-332] WARN  pipeline.RatisPipelineUtils (RatisPipelineUtils.java:destroyPipeline(66)) - Pipeline destroy failed for pipeline=PipelineID=9e12116c-6126-42df-9323-d457394bd1ac dn=9b029079-a3a2-4c30-a15c-eadf046183c2{ip: 192.168.36.125, host: pr-hdds-1998-57vr7-880049069, networkLocation: /default-rack, certSerialId: null}
2019-08-21 18:33:37,404 [Thread-332] WARN  pipeline.RatisPipelineUtils (RatisPipelineUtils.java:destroyPipeline(66)) - Pipeline destroy failed for pipeline=PipelineID=9e12116c-6126-42df-9323-d457394bd1ac dn=5cac240b-a5fb-443c-aa6a-5f791dcf7356{ip: 192.168.36.125, host: pr-hdds-1998-57vr7-880049069, networkLocation: /default-rack, certSerialId: null}
2019-08-21 18:33:37,404 [Thread-332] INFO  pipeline.PipelineStateManager (PipelineStateManager.java:removePipeline(108)) - Pipeline Pipeline[ Id: 9e12116c-6126-42df-9323-d457394bd1ac, Nodes: 1c10ef1a-c27e-4e26-8da7-bf8f905915b5{ip: 192.168.36.125, host: pr-hdds-1998-57vr7-880049069, networkLocation: /default-rack, certSerialId: null}9b029079-a3a2-4c30-a15c-eadf046183c2{ip: 192.168.36.125, host: pr-hdds-1998-57vr7-880049069, networkLocation: /default-rack, certSerialId: null}5cac240b-a5fb-443c-aa6a-5f791dcf7356{ip: 192.168.36.125, host: pr-hdds-1998-57vr7-880049069, networkLocation: /default-rack, certSerialId: null}, Type:RATIS, Factor:THREE, State:CLOSED] removed from db
2019-08-21 18:33:38,682 | INFO  | SCMAudit | user=jenkins1000 | ip=192.168.36.125 | op=GET_VERSION null | ret=SUCCESS |  
2019-08-21 18:33:38,684 [Datanode State Machine Thread - 0] INFO  ozoneimpl.OzoneContainer (OzoneContainer.java:start(186)) - Attempting to start container services.
2019-08-21 18:33:38,685 [Datanode State Machine Thread - 0] INFO  ozoneimpl.OzoneContainer (OzoneContainer.java:startContainerScrub(160)) - Background container scrubber has been disabled by hdds.containerscrub.enabled
2019-08-21 18:33:38,686 [Datanode State Machine Thread - 0] INFO  ratis.XceiverServerRatis (XceiverServerRatis.java:start(404)) - Starting XceiverServerRatis 1c10ef1a-c27e-4e26-8da7-bf8f905915b5 at port 37842
2019-08-21 18:33:38,694 [Datanode State Machine Thread - 0] INFO  impl.RaftServerImpl (RaftServerImpl.java:start(180)) - 1c10ef1a-c27e-4e26-8da7-bf8f905915b5: start group-AF3BD550A00D
2019-08-21 18:33:38,694 [ForkJoinPool.commonPool-worker-0] INFO  impl.RaftServerImpl (RaftServerImpl.java:start(180)) - 1c10ef1a-c27e-4e26-8da7-bf8f905915b5: start group-D457394BD1AC
2019-08-21 18:33:38,695 [Datanode State Machine Thread - 0] INFO  impl.RaftServerImpl (RaftServerImpl.java:setRole(171)) - 1c10ef1a-c27e-4e26-8da7-bf8f905915b5:group-AF3BD550A00D changes role from null to FOLLOWER at term 1 for startAsFollower
2019-08-21 18:33:38,696 [ForkJoinPool.commonPool-worker-0] INFO  impl.RaftServerImpl (RaftServerImpl.java:setRole(171)) - 1c10ef1a-c27e-4e26-8da7-bf8f905915b5:group-D457394BD1AC changes role from null to FOLLOWER at term 1 for startAsFollower
2019-08-21 18:33:38,696 [Datanode State Machine Thread - 0] INFO  impl.RoleInfo (RoleInfo.java:updateAndGet(143)) - 1c10ef1a-c27e-4e26-8da7-bf8f905915b5: start FollowerState
2019-08-21 18:33:38,696 [ForkJoinPool.commonPool-worker-0] INFO  impl.RoleInfo (RoleInfo.java:updateAndGet(143)) - 1c10ef1a-c27e-4e26-8da7-bf8f905915b5: start FollowerState
2019-08-21 18:33:38,698 [ForkJoinPool.commonPool-worker-0] INFO  util.JmxRegister (JmxRegister.java:tryRegister(44)) - Successfully registered JMX Bean with object name Ratis:service=RaftServer,group=group-D457394BD1AC,id=1c10ef1a-c27e-4e26-8da7-bf8f905915b5
2019-08-21 18:33:38,698 [Datanode State Machine Thread - 0] INFO  util.JmxRegister (JmxRegister.java:tryRegister(44)) - Successfully registered JMX Bean with object name Ratis:service=RaftServer,group=group-AF3BD550A00D,id=1c10ef1a-c27e-4e26-8da7-bf8f905915b5
2019-08-21 18:33:38,700 [Datanode State Machine Thread - 0] INFO  impl.RaftServerProxy (RaftServerProxy.java:lambda$start$3(299)) - 1c10ef1a-c27e-4e26-8da7-bf8f905915b5: start RPC server
2019-08-21 18:33:38,703 [Datanode State Machine Thread - 0] INFO  server.GrpcService (GrpcService.java:startImpl(149)) - 1c10ef1a-c27e-4e26-8da7-bf8f905915b5: GrpcService started, listening on 0.0.0.0/0.0.0.0:37842
2019-08-21 18:33:38,943 | INFO  | SCMAudit | user=jenkins1000 | ip=192.168.36.125 | op=GET_VERSION null | ret=SUCCESS |  
2019-08-21 18:33:38,945 [Datanode State Machine Thread - 0] INFO  ozoneimpl.OzoneContainer (OzoneContainer.java:start(186)) - Attempting to start container services.
2019-08-21 18:33:38,945 [Datanode State Machine Thread - 0] INFO  ozoneimpl.OzoneContainer (OzoneContainer.java:startContainerScrub(160)) - Background container scrubber has been disabled by hdds.containerscrub.enabled
2019-08-21 18:33:38,945 [Datanode State Machine Thread - 0] INFO  ratis.XceiverServerRatis (XceiverServerRatis.java:start(404)) - Starting XceiverServerRatis 5cac240b-a5fb-443c-aa6a-5f791dcf7356 at port 36833
2019-08-21 18:33:38,955 [Datanode State Machine Thread - 0] INFO  impl.RaftServerImpl (RaftServerImpl.java:start(180)) - 5cac240b-a5fb-443c-aa6a-5f791dcf7356: start group-D457394BD1AC
2019-08-21 18:33:38,955 [ForkJoinPool.commonPool-worker-0] INFO  impl.RaftServerImpl (RaftServerImpl.java:start(180)) - 5cac240b-a5fb-443c-aa6a-5f791dcf7356: start group-964A85778C23
2019-08-21 18:33:38,957 [Datanode State Machine Thread - 0] INFO  impl.RaftServerImpl (RaftServerImpl.java:setRole(171)) - 5cac240b-a5fb-443c-aa6a-5f791dcf7356:group-D457394BD1AC changes role from null to FOLLOWER at term 1 for startAsFollower
2019-08-21 18:33:38,959 [ForkJoinPool.commonPool-worker-0] INFO  impl.RaftServerImpl (RaftServerImpl.java:setRole(171)) - 5cac240b-a5fb-443c-aa6a-5f791dcf7356:group-964A85778C23 changes role from null to FOLLOWER at term 1 for startAsFollower
2019-08-21 18:33:38,959 [Datanode State Machine Thread - 0] INFO  impl.RoleInfo (RoleInfo.java:updateAndGet(143)) - 5cac240b-a5fb-443c-aa6a-5f791dcf7356: start FollowerState
2019-08-21 18:33:38,959 [ForkJoinPool.commonPool-worker-0] INFO  impl.RoleInfo (RoleInfo.java:updateAndGet(143)) - 5cac240b-a5fb-443c-aa6a-5f791dcf7356: start FollowerState
2019-08-21 18:33:38,960 [Datanode State Machine Thread - 0] INFO  util.JmxRegister (JmxRegister.java:tryRegister(44)) - Successfully registered JMX Bean with object name Ratis:service=RaftServer,group=group-D457394BD1AC,id=5cac240b-a5fb-443c-aa6a-5f791dcf7356
2019-08-21 18:33:38,960 [ForkJoinPool.commonPool-worker-0] INFO  util.JmxRegister (JmxRegister.java:tryRegister(44)) - Successfully registered JMX Bean with object name Ratis:service=RaftServer,group=group-964A85778C23,id=5cac240b-a5fb-443c-aa6a-5f791dcf7356
2019-08-21 18:33:38,966 [Datanode State Machine Thread - 0] INFO  impl.RaftServerProxy (RaftServerProxy.java:lambda$start$3(299)) - 5cac240b-a5fb-443c-aa6a-5f791dcf7356: start RPC server
2019-08-21 18:33:38,969 [Datanode State Machine Thread - 0] INFO  server.GrpcService (GrpcService.java:startImpl(149)) - 5cac240b-a5fb-443c-aa6a-5f791dcf7356: GrpcService started, listening on 0.0.0.0/0.0.0.0:36833
2019-08-21 18:33:39,386 | INFO  | SCMAudit | user=jenkins1000 | ip=192.168.36.125 | op=GET_VERSION null | ret=SUCCESS |  
2019-08-21 18:33:39,388 [Datanode State Machine Thread - 0] INFO  ozoneimpl.OzoneContainer (OzoneContainer.java:start(186)) - Attempting to start container services.
2019-08-21 18:33:39,388 [Datanode State Machine Thread - 0] INFO  ozoneimpl.OzoneContainer (OzoneContainer.java:startContainerScrub(160)) - Background container scrubber has been disabled by hdds.containerscrub.enabled
2019-08-21 18:33:39,388 [Datanode State Machine Thread - 0] INFO  ratis.XceiverServerRatis (XceiverServerRatis.java:start(404)) - Starting XceiverServerRatis 9b029079-a3a2-4c30-a15c-eadf046183c2 at port 36224
2019-08-21 18:33:39,398 [Datanode State Machine Thread - 0] INFO  impl.RaftServerImpl (RaftServerImpl.java:start(180)) - 9b029079-a3a2-4c30-a15c-eadf046183c2: start group-D457394BD1AC
2019-08-21 18:33:39,399 [ForkJoinPool.commonPool-worker-0] INFO  impl.RaftServerImpl (RaftServerImpl.java:start(180)) - 9b029079-a3a2-4c30-a15c-eadf046183c2: start group-5D21773B8657
2019-08-21 18:33:39,400 [Datanode State Machine Thread - 0] INFO  impl.RaftServerImpl (RaftServerImpl.java:setRole(171)) - 9b029079-a3a2-4c30-a15c-eadf046183c2:group-D457394BD1AC changes role from null to FOLLOWER at term 1 for startAsFollower
2019-08-21 18:33:39,402 [ForkJoinPool.commonPool-worker-0] INFO  impl.RaftServerImpl (RaftServerImpl.java:setRole(171)) - 9b029079-a3a2-4c30-a15c-eadf046183c2:group-5D21773B8657 changes role from null to FOLLOWER at term 1 for startAsFollower
2019-08-21 18:33:39,403 [Datanode State Machine Thread - 0] INFO  impl.RoleInfo (RoleInfo.java:updateAndGet(143)) - 9b029079-a3a2-4c30-a15c-eadf046183c2: start FollowerState
2019-08-21 18:33:39,403 [ForkJoinPool.commonPool-worker-0] INFO  impl.RoleInfo (RoleInfo.java:updateAndGet(143)) - 9b029079-a3a2-4c30-a15c-eadf046183c2: start FollowerState
2019-08-21 18:33:39,404 [Datanode State Machine Thread - 0] INFO  util.JmxRegister (JmxRegister.java:tryRegister(44)) - Successfully registered JMX Bean with object name Ratis:service=RaftServer,group=group-D457394BD1AC,id=9b029079-a3a2-4c30-a15c-eadf046183c2
2019-08-21 18:33:39,404 [ForkJoinPool.commonPool-worker-0] INFO  util.JmxRegister (JmxRegister.java:tryRegister(44)) - Successfully registered JMX Bean with object name Ratis:service=RaftServer,group=group-5D21773B8657,id=9b029079-a3a2-4c30-a15c-eadf046183c2
2019-08-21 18:33:39,404 [Datanode State Machine Thread - 0] INFO  impl.RaftServerProxy (RaftServerProxy.java:lambda$start$3(299)) - 9b029079-a3a2-4c30-a15c-eadf046183c2: start RPC server
2019-08-21 18:33:39,405 [Datanode State Machine Thread - 0] INFO  server.GrpcService (GrpcService.java:startImpl(149)) - 9b029079-a3a2-4c30-a15c-eadf046183c2: GrpcService started, listening on 0.0.0.0/0.0.0.0:36224
2019-08-21 18:33:40,689 | INFO  | SCMAudit | user=jenkins1000 | ip=192.168.36.125 | op=REGISTER {datanodeDetails=1c10ef1a-c27e-4e26-8da7-bf8f905915b5{ip: 192.168.36.125, host: pr-hdds-1998-57vr7-880049069, networkLocation: /default-rack, certSerialId: null}} | ret=SUCCESS |  
2019-08-21 18:33:40,712 [grpc-default-executor-0] INFO  impl.RaftServerProxy (RaftServerProxy.java:remove(95)) - 1c10ef1a-c27e-4e26-8da7-bf8f905915b5: remove FOLLOWER group-D457394BD1AC 1c10ef1a-c27e-4e26-8da7-bf8f905915b5:t1, leader=null, voted=9b029079-a3a2-4c30-a15c-eadf046183c2, raftlog=1c10ef1a-c27e-4e26-8da7-bf8f905915b5-SegmentedRaftLog:OPENED:c-1,f0,i0, conf=0: [5cac240b-a5fb-443c-aa6a-5f791dcf7356:192.168.36.125:36833, 1c10ef1a-c27e-4e26-8da7-bf8f905915b5:192.168.36.125:37842, 9b029079-a3a2-4c30-a15c-eadf046183c2:192.168.36.125:36224], old=null RUNNING
2019-08-21 18:33:40,713 [grpc-default-executor-0] INFO  impl.RaftServerImpl (RaftServerImpl.java:lambda$shutdown$3(245)) - 1c10ef1a-c27e-4e26-8da7-bf8f905915b5: shutdown group-D457394BD1AC
2019-08-21 18:33:40,713 [grpc-default-executor-0] INFO  util.JmxRegister (JmxRegister.java:unregister(73)) - Successfully un-registered JMX Bean with object name Ratis:service=RaftServer,group=group-D457394BD1AC,id=1c10ef1a-c27e-4e26-8da7-bf8f905915b5
2019-08-21 18:33:40,714 [grpc-default-executor-0] INFO  impl.RoleInfo (RoleInfo.java:shutdownFollowerState(121)) - 1c10ef1a-c27e-4e26-8da7-bf8f905915b5: shutdown FollowerState
2019-08-21 18:33:40,714 [grpc-default-executor-0] INFO  impl.StateMachineUpdater (StateMachineUpdater.java:stopAndJoin(115)) - StateMachineUpdater:1c10ef1a-c27e-4e26-8da7-bf8f905915b5:group-D457394BD1AC: set stopIndex = -1
2019-08-21 18:33:40,714 [Thread-599] INFO  impl.FollowerState (FollowerState.java:run(114)) - 1c10ef1a-c27e-4e26-8da7-bf8f905915b5: FollowerState was interrupted: java.lang.InterruptedException: sleep interrupted
2019-08-21 18:33:40,715 [grpc-default-executor-0] INFO  impl.RaftServerImpl (ServerState.java:close(394)) - 1c10ef1a-c27e-4e26-8da7-bf8f905915b5:group-D457394BD1AC closes. The last applied log index is -1
2019-08-21 18:33:40,716 [1c10ef1a-c27e-4e26-8da7-bf8f905915b5-SegmentedRaftLogWorker:Storage Directory /workdir/hadoop-ozone/integration-test/target/test-dir/MiniOzoneClusterImpl-3d3f5e5e-1edb-4139-a191-6ae7dfb25aa0/datanode-0/data/ratis/9e12116c-6126-42df-9323-d457394bd1ac] INFO  segmented.SegmentedRaftLogWorker (SegmentedRaftLogWorker.java:run(313)) - 1c10ef1a-c27e-4e26-8da7-bf8f905915b5-SegmentedRaftLogWorker:Storage Directory /workdir/hadoop-ozone/integration-test/target/test-dir/MiniOzoneClusterImpl-3d3f5e5e-1edb-4139-a191-6ae7dfb25aa0/datanode-0/data/ratis/9e12116c-6126-42df-9323-d457394bd1ac was interrupted, exiting. There are 0 tasks remaining in the queue.
2019-08-21 18:33:40,718 [grpc-default-executor-0] INFO  segmented.SegmentedRaftLogWorker (SegmentedRaftLogWorker.java:close(228)) - 1c10ef1a-c27e-4e26-8da7-bf8f905915b5-SegmentedRaftLogWorker:Storage Directory /workdir/hadoop-ozone/integration-test/target/test-dir/MiniOzoneClusterImpl-3d3f5e5e-1edb-4139-a191-6ae7dfb25aa0/datanode-0/data/ratis/9e12116c-6126-42df-9323-d457394bd1ac close()
2019-08-21 18:33:40,944 | INFO  | SCMAudit | user=jenkins1000 | ip=192.168.36.125 | op=REGISTER {datanodeDetails=5cac240b-a5fb-443c-aa6a-5f791dcf7356{ip: 192.168.36.125, host: pr-hdds-1998-57vr7-880049069, networkLocation: /default-rack, certSerialId: null}} | ret=SUCCESS |  
2019-08-21 18:33:40,954 [grpc-default-executor-0] INFO  impl.RaftServerProxy (RaftServerProxy.java:remove(95)) - 5cac240b-a5fb-443c-aa6a-5f791dcf7356: remove FOLLOWER group-D457394BD1AC 5cac240b-a5fb-443c-aa6a-5f791dcf7356:t1, leader=null, voted=5cac240b-a5fb-443c-aa6a-5f791dcf7356, raftlog=5cac240b-a5fb-443c-aa6a-5f791dcf7356-SegmentedRaftLog:OPENED:c-1,f0,i0, conf=0: [5cac240b-a5fb-443c-aa6a-5f791dcf7356:192.168.36.125:36833, 1c10ef1a-c27e-4e26-8da7-bf8f905915b5:192.168.36.125:37842, 9b029079-a3a2-4c30-a15c-eadf046183c2:192.168.36.125:36224], old=null RUNNING
2019-08-21 18:33:40,954 [grpc-default-executor-0] INFO  impl.RaftServerImpl (RaftServerImpl.java:lambda$shutdown$3(245)) - 5cac240b-a5fb-443c-aa6a-5f791dcf7356: shutdown group-D457394BD1AC
2019-08-21 18:33:40,954 [grpc-default-executor-0] INFO  util.JmxRegister (JmxRegister.java:unregister(73)) - Successfully un-registered JMX Bean with object name Ratis:service=RaftServer,group=group-D457394BD1AC,id=5cac240b-a5fb-443c-aa6a-5f791dcf7356
2019-08-21 18:33:40,955 [grpc-default-executor-0] INFO  impl.RoleInfo (RoleInfo.java:shutdownFollowerState(121)) - 5cac240b-a5fb-443c-aa6a-5f791dcf7356: shutdown FollowerState
2019-08-21 18:33:40,955 [grpc-default-executor-0] INFO  impl.StateMachineUpdater (StateMachineUpdater.java:stopAndJoin(115)) - StateMachineUpdater:5cac240b-a5fb-443c-aa6a-5f791dcf7356:group-D457394BD1AC: set stopIndex = -1
2019-08-21 18:33:40,955 [Thread-600] INFO  impl.FollowerState (FollowerState.java:run(114)) - 5cac240b-a5fb-443c-aa6a-5f791dcf7356: FollowerState was interrupted: java.lang.InterruptedException: sleep interrupted
2019-08-21 18:33:40,957 [grpc-default-executor-0] INFO  impl.RaftServerImpl (ServerState.java:close(394)) - 5cac240b-a5fb-443c-aa6a-5f791dcf7356:group-D457394BD1AC closes. The last applied log index is -1
2019-08-21 18:33:40,959 [5cac240b-a5fb-443c-aa6a-5f791dcf7356-SegmentedRaftLogWorker:Storage Directory /workdir/hadoop-ozone/integration-test/target/test-dir/MiniOzoneClusterImpl-3d3f5e5e-1edb-4139-a191-6ae7dfb25aa0/datanode-1/data/ratis/9e12116c-6126-42df-9323-d457394bd1ac] INFO  segmented.SegmentedRaftLogWorker (SegmentedRaftLogWorker.java:run(313)) - 5cac240b-a5fb-443c-aa6a-5f791dcf7356-SegmentedRaftLogWorker:Storage Directory /workdir/hadoop-ozone/integration-test/target/test-dir/MiniOzoneClusterImpl-3d3f5e5e-1edb-4139-a191-6ae7dfb25aa0/datanode-1/data/ratis/9e12116c-6126-42df-9323-d457394bd1ac was interrupted, exiting. There are 0 tasks remaining in the queue.
2019-08-21 18:33:40,960 [grpc-default-executor-0] INFO  segmented.SegmentedRaftLogWorker (SegmentedRaftLogWorker.java:close(228)) - 5cac240b-a5fb-443c-aa6a-5f791dcf7356-SegmentedRaftLogWorker:Storage Directory /workdir/hadoop-ozone/integration-test/target/test-dir/MiniOzoneClusterImpl-3d3f5e5e-1edb-4139-a191-6ae7dfb25aa0/datanode-1/data/ratis/9e12116c-6126-42df-9323-d457394bd1ac close()
2019-08-21 18:33:41,388 | INFO  | SCMAudit | user=jenkins1000 | ip=192.168.36.125 | op=REGISTER {datanodeDetails=9b029079-a3a2-4c30-a15c-eadf046183c2{ip: 192.168.36.125, host: pr-hdds-1998-57vr7-880049069, networkLocation: /default-rack, certSerialId: null}} | ret=SUCCESS |  
2019-08-21 18:33:41,400 [grpc-default-executor-0] INFO  impl.RaftServerProxy (RaftServerProxy.java:remove(95)) - 9b029079-a3a2-4c30-a15c-eadf046183c2: remove FOLLOWER group-D457394BD1AC 9b029079-a3a2-4c30-a15c-eadf046183c2:t1, leader=null, voted=9b029079-a3a2-4c30-a15c-eadf046183c2, raftlog=9b029079-a3a2-4c30-a15c-eadf046183c2-SegmentedRaftLog:OPENED:c-1,f0,i0, conf=0: [5cac240b-a5fb-443c-aa6a-5f791dcf7356:192.168.36.125:36833, 1c10ef1a-c27e-4e26-8da7-bf8f905915b5:192.168.36.125:37842, 9b029079-a3a2-4c30-a15c-eadf046183c2:192.168.36.125:36224], old=null RUNNING
2019-08-21 18:33:41,401 [grpc-default-executor-0] INFO  impl.RaftServerImpl (RaftServerImpl.java:lambda$shutdown$3(245)) - 9b029079-a3a2-4c30-a15c-eadf046183c2: shutdown group-D457394BD1AC
2019-08-21 18:33:41,401 [grpc-default-executor-0] INFO  util.JmxRegister (JmxRegister.java:unregister(73)) - Successfully un-registered JMX Bean with object name Ratis:service=RaftServer,group=group-D457394BD1AC,id=9b029079-a3a2-4c30-a15c-eadf046183c2
2019-08-21 18:33:41,401 [grpc-default-executor-0] INFO  impl.RoleInfo (RoleInfo.java:shutdownFollowerState(121)) - 9b029079-a3a2-4c30-a15c-eadf046183c2: shutdown FollowerState
2019-08-21 18:33:41,401 [grpc-default-executor-0] INFO  impl.StateMachineUpdater (StateMachineUpdater.java:stopAndJoin(115)) - StateMachineUpdater:9b029079-a3a2-4c30-a15c-eadf046183c2:group-D457394BD1AC: set stopIndex = -1
2019-08-21 18:33:41,402 [Thread-602] INFO  impl.FollowerState (FollowerState.java:run(114)) - 9b029079-a3a2-4c30-a15c-eadf046183c2: FollowerState was interrupted: java.lang.InterruptedException: sleep interrupted
2019-08-21 18:33:41,403 [grpc-default-executor-0] INFO  impl.RaftServerImpl (ServerState.java:close(394)) - 9b029079-a3a2-4c30-a15c-eadf046183c2:group-D457394BD1AC closes. The last applied log index is -1
2019-08-21 18:33:41,406 [9b029079-a3a2-4c30-a15c-eadf046183c2-SegmentedRaftLogWorker:Storage Directory /workdir/hadoop-ozone/integration-test/target/test-dir/MiniOzoneClusterImpl-3d3f5e5e-1edb-4139-a191-6ae7dfb25aa0/datanode-2/data/ratis/9e12116c-6126-42df-9323-d457394bd1ac] INFO  segmented.SegmentedRaftLogWorker (SegmentedRaftLogWorker.java:run(313)) - 9b029079-a3a2-4c30-a15c-eadf046183c2-SegmentedRaftLogWorker:Storage Directory /workdir/hadoop-ozone/integration-test/target/test-dir/MiniOzoneClusterImpl-3d3f5e5e-1edb-4139-a191-6ae7dfb25aa0/datanode-2/data/ratis/9e12116c-6126-42df-9323-d457394bd1ac was interrupted, exiting. There are 0 tasks remaining in the queue.
2019-08-21 18:33:41,408 [grpc-default-executor-0] INFO  segmented.SegmentedRaftLogWorker (SegmentedRaftLogWorker.java:close(228)) - 9b029079-a3a2-4c30-a15c-eadf046183c2-SegmentedRaftLogWorker:Storage Directory /workdir/hadoop-ozone/integration-test/target/test-dir/MiniOzoneClusterImpl-3d3f5e5e-1edb-4139-a191-6ae7dfb25aa0/datanode-2/data/ratis/9e12116c-6126-42df-9323-d457394bd1ac close()
2019-08-21 18:33:42,683 | INFO  | SCMAudit | user=jenkins1000 | ip=192.168.36.125 | op=SEND_HEARTBEAT {datanodeUUID=1c10ef1a-c27e-4e26-8da7-bf8f905915b5, command=[]} | ret=SUCCESS |  
2019-08-21 18:33:42,944 | INFO  | SCMAudit | user=jenkins1000 | ip=192.168.36.125 | op=SEND_HEARTBEAT {datanodeUUID=5cac240b-a5fb-443c-aa6a-5f791dcf7356, command=[]} | ret=SUCCESS |  
2019-08-21 18:33:43,279 [grpc-default-executor-0] INFO  impl.RaftServerProxy (RaftServerProxy.java:addNew(89)) - 1c10ef1a-c27e-4e26-8da7-bf8f905915b5: addNew group-B33579C91A73:[1c10ef1a-c27e-4e26-8da7-bf8f905915b5:192.168.36.125:37842] returns group-B33579C91A73:java.util.concurrent.CompletableFuture@7c9aea23[Not completed]
2019-08-21 18:33:43,281 [pool-148-thread-1] INFO  impl.RaftServerImpl (RaftServerImpl.java:<init>(93)) - 1c10ef1a-c27e-4e26-8da7-bf8f905915b5: new RaftServerImpl for group-B33579C91A73:[1c10ef1a-c27e-4e26-8da7-bf8f905915b5:192.168.36.125:37842] with ContainerStateMachine:uninitialized
2019-08-21 18:33:43,281 [pool-148-thread-1] INFO  server.RaftServerConfigKeys (ConfUtils.java:logGet(43)) - raft.server.rpc.timeout.min = 5s (custom)
2019-08-21 18:33:43,282 [pool-148-thread-1] INFO  server.RaftServerConfigKeys (ConfUtils.java:logGet(43)) - raft.server.rpc.timeout.max = 5200ms (custom)
2019-08-21 18:33:43,282 [pool-148-thread-1] INFO  server.RaftServerConfigKeys (ConfUtils.java:logGet(43)) - raft.server.rpcslowness.timeout = 120s (custom)
2019-08-21 18:33:43,282 [pool-148-thread-1] INFO  server.RaftServerConfigKeys (ConfUtils.java:logGet(43)) - raft.server.sleep.deviation.threshold = 300 (default)
2019-08-21 18:33:43,282 [pool-148-thread-1] INFO  server.RaftServerConfigKeys (ConfUtils.java:logGet(43)) - raft.server.log.appender.install.snapshot.enabled = false (custom)
2019-08-21 18:33:43,282 [pool-148-thread-1] INFO  impl.RaftServerImpl (ServerState.java:<init>(105)) - 1c10ef1a-c27e-4e26-8da7-bf8f905915b5:group-B33579C91A73 ConfigurationManager, init=-1: [1c10ef1a-c27e-4e26-8da7-bf8f905915b5:192.168.36.125:37842], old=null, confs=<EMPTY_MAP>
2019-08-21 18:33:43,283 [pool-148-thread-1] INFO  server.RaftServerConfigKeys (ConfUtils.java:logGet(43)) - raft.server.storage.dir = [/workdir/hadoop-ozone/integration-test/target/test-dir/MiniOzoneClusterImpl-3d3f5e5e-1edb-4139-a191-6ae7dfb25aa0/datanode-0/data/ratis] (custom)
2019-08-21 18:33:43,283 [pool-148-thread-1] INFO  storage.RaftStorageDirectory (RaftStorageDirectory.java:analyzeStorage(246)) - The storage directory /workdir/hadoop-ozone/integration-test/target/test-dir/MiniOzoneClusterImpl-3d3f5e5e-1edb-4139-a191-6ae7dfb25aa0/datanode-0/data/ratis/2199915b-8e4a-4299-9697-b33579c91a73 does not exist. Creating ...
2019-08-21 18:33:43,304 [pool-148-thread-1] INFO  storage.RaftStorageDirectory (RaftStorageDirectory.java:tryLock(328)) - Lock on /workdir/hadoop-ozone/integration-test/target/test-dir/MiniOzoneClusterImpl-3d3f5e5e-1edb-4139-a191-6ae7dfb25aa0/datanode-0/data/ratis/2199915b-8e4a-4299-9697-b33579c91a73/in_use.lock acquired by nodename 4936@pr-hdds-1998-57vr7-880049069
2019-08-21 18:33:43,328 [pool-148-thread-1] INFO  storage.RaftStorage (RaftStorage.java:format(72)) - Storage directory /workdir/hadoop-ozone/integration-test/target/test-dir/MiniOzoneClusterImpl-3d3f5e5e-1edb-4139-a191-6ae7dfb25aa0/datanode-0/data/ratis/2199915b-8e4a-4299-9697-b33579c91a73 has been successfully formatted.
2019-08-21 18:33:43,328 [pool-148-thread-1] INFO  ratis.ContainerStateMachine (ContainerStateMachine.java:loadSnapshot(226)) - group-B33579C91A73: The snapshot info is null. Setting the last applied indexto:(t:0, i:~)
2019-08-21 18:33:43,328 [pool-148-thread-1] INFO  server.RaftServerConfigKeys (ConfUtils.java:logGet(43)) - raft.server.leader.election.timeout = 120s (custom)
2019-08-21 18:33:43,329 [pool-148-thread-1] INFO  server.RaftServerConfigKeys (ConfUtils.java:logGet(43)) - raft.server.log.use.memory = false (default)
2019-08-21 18:33:43,329 [pool-148-thread-1] INFO  server.RaftServerConfigKeys (ConfUtils.java:logGet(43)) - raft.server.log.purge.gap = 1000000 (custom)
2019-08-21 18:33:43,329 [pool-148-thread-1] INFO  server.RaftServerConfigKeys (ConfUtils.java:logGet(43)) - raft.server.log.appender.buffer.byte-limit = 33554432 (custom)
2019-08-21 18:33:43,329 [pool-148-thread-1] INFO  server.RaftServerConfigKeys (ConfUtils.java:logGet(43)) - raft.server.log.segment.size.max = 1048576 (custom)
2019-08-21 18:33:43,329 [pool-148-thread-1] INFO  server.RaftServerConfigKeys (ConfUtils.java:logGet(43)) - raft.server.log.segment.cache.num.max = 2 (custom)
2019-08-21 18:33:43,329 [pool-148-thread-1] INFO  segmented.SegmentedRaftLogWorker (SegmentedRaftLogWorker.java:<init>(172)) - new 1c10ef1a-c27e-4e26-8da7-bf8f905915b5-SegmentedRaftLogWorker:Storage Directory /workdir/hadoop-ozone/integration-test/target/test-dir/MiniOzoneClusterImpl-3d3f5e5e-1edb-4139-a191-6ae7dfb25aa0/datanode-0/data/ratis/2199915b-8e4a-4299-9697-b33579c91a73 for RaftStorage:Storage Directory /workdir/hadoop-ozone/integration-test/target/test-dir/MiniOzoneClusterImpl-3d3f5e5e-1edb-4139-a191-6ae7dfb25aa0/datanode-0/data/ratis/2199915b-8e4a-4299-9697-b33579c91a73
2019-08-21 18:33:43,330 [pool-148-thread-1] INFO  server.RaftServerConfigKeys (ConfUtils.java:logGet(43)) - raft.server.log.queue.byte-limit = 2147483647 (custom)
2019-08-21 18:33:43,330 [pool-148-thread-1] INFO  server.RaftServerConfigKeys (ConfUtils.java:logGet(43)) - raft.server.log.queue.element-limit = 1024 (custom)
2019-08-21 18:33:43,330 [pool-148-thread-1] INFO  server.RaftServerConfigKeys (ConfUtils.java:logGet(43)) - raft.server.log.segment.size.max = 1048576 (custom)
2019-08-21 18:33:43,330 [pool-148-thread-1] INFO  server.RaftServerConfigKeys (ConfUtils.java:logGet(43)) - raft.server.log.preallocated.size = 16384 (custom)
2019-08-21 18:33:43,330 [pool-148-thread-1] INFO  server.RaftServerConfigKeys (ConfUtils.java:logGet(43)) - raft.server.log.write.buffer.size = 33554432 (custom)
2019-08-21 18:33:43,330 [pool-148-thread-1] INFO  server.RaftServerConfigKeys (ConfUtils.java:logGet(43)) - raft.server.log.force.sync.num = 128 (default)
2019-08-21 18:33:43,330 [pool-148-thread-1] INFO  server.RaftServerConfigKeys (ConfUtils.java:logGet(43)) - raft.server.log.statemachine.data.sync = true (default)
2019-08-21 18:33:43,331 [pool-148-thread-1] INFO  server.RaftServerConfigKeys (ConfUtils.java:logGet(43)) - raft.server.log.statemachine.data.sync.timeout = 10s (default)
2019-08-21 18:33:43,331 [pool-148-thread-1] INFO  server.RaftServerConfigKeys (ConfUtils.java:logGet(43)) - raft.server.log.statemachine.data.sync.timeout.retry = -1 (default)
2019-08-21 18:33:43,331 [pool-148-thread-1] INFO  server.RaftServerConfigKeys (ConfUtils.java:logGet(43)) - raft.server.log.statemachine.data.caching.enabled = true (custom)
2019-08-21 18:33:43,331 [pool-148-thread-1] INFO  segmented.SegmentedRaftLogWorker (SegmentedRaftLogWorker.java:lambda$new$0(132)) - 1c10ef1a-c27e-4e26-8da7-bf8f905915b5-SegmentedRaftLogWorker:Storage Directory /workdir/hadoop-ozone/integration-test/target/test-dir/MiniOzoneClusterImpl-3d3f5e5e-1edb-4139-a191-6ae7dfb25aa0/datanode-0/data/ratis/2199915b-8e4a-4299-9697-b33579c91a73: flushIndex: setUnconditionally 0 -> -1
2019-08-21 18:33:43,332 [pool-148-thread-1] INFO  server.RaftServerConfigKeys (ConfUtils.java:logGet(43)) - raft.server.snapshot.auto.trigger.enabled = true (custom)
2019-08-21 18:33:43,332 [pool-148-thread-1] INFO  server.RaftServerConfigKeys (ConfUtils.java:logGet(43)) - raft.server.snapshot.auto.trigger.threshold = 10000 (custom)
2019-08-21 18:33:43,332 [pool-148-thread-1] INFO  server.RaftServerConfigKeys (ConfUtils.java:logGet(43)) - raft.server.retrycache.expirytime = 600000ms (custom)
2019-08-21 18:33:43,332 [pool-148-thread-1] INFO  impl.RaftServerImpl (RaftServerImpl.java:start(180)) - 1c10ef1a-c27e-4e26-8da7-bf8f905915b5: start group-B33579C91A73
2019-08-21 18:33:43,332 [pool-148-thread-1] INFO  impl.RaftServerImpl (RaftServerImpl.java:setRole(171)) - 1c10ef1a-c27e-4e26-8da7-bf8f905915b5:group-B33579C91A73 changes role from null to FOLLOWER at term 0 for startAsFollower
2019-08-21 18:33:43,333 [pool-148-thread-1] INFO  impl.RoleInfo (RoleInfo.java:updateAndGet(143)) - 1c10ef1a-c27e-4e26-8da7-bf8f905915b5: start FollowerState
2019-08-21 18:33:43,333 [pool-148-thread-1] INFO  util.JmxRegister (JmxRegister.java:tryRegister(44)) - Successfully registered JMX Bean with object name Ratis:service=RaftServer,group=group-B33579C91A73,id=1c10ef1a-c27e-4e26-8da7-bf8f905915b5
2019-08-21 18:33:43,339 [RatisPipelineUtilsThread] INFO  pipeline.PipelineStateManager (PipelineStateManager.java:addPipeline(56)) - Created pipeline Pipeline[ Id: 2199915b-8e4a-4299-9697-b33579c91a73, Nodes: 1c10ef1a-c27e-4e26-8da7-bf8f905915b5{ip: 192.168.36.125, host: pr-hdds-1998-57vr7-880049069, networkLocation: /default-rack, certSerialId: null}, Type:RATIS, Factor:ONE, State:OPEN]
2019-08-21 18:33:43,349 [grpc-default-executor-0] INFO  impl.RaftServerProxy (RaftServerProxy.java:addNew(89)) - 5cac240b-a5fb-443c-aa6a-5f791dcf7356: addNew group-7C82C274043E:[5cac240b-a5fb-443c-aa6a-5f791dcf7356:192.168.36.125:36833] returns group-7C82C274043E:java.util.concurrent.CompletableFuture@2db2baa4[Not completed]
2019-08-21 18:33:43,351 [pool-159-thread-1] INFO  impl.RaftServerImpl (RaftServerImpl.java:<init>(93)) - 5cac240b-a5fb-443c-aa6a-5f791dcf7356: new RaftServerImpl for group-7C82C274043E:[5cac240b-a5fb-443c-aa6a-5f791dcf7356:192.168.36.125:36833] with ContainerStateMachine:uninitialized
2019-08-21 18:33:43,351 [pool-159-thread-1] INFO  server.RaftServerConfigKeys (ConfUtils.java:logGet(43)) - raft.server.rpc.timeout.min = 5s (custom)
2019-08-21 18:33:43,351 [pool-159-thread-1] INFO  server.RaftServerConfigKeys (ConfUtils.java:logGet(43)) - raft.server.rpc.timeout.max = 5200ms (custom)
2019-08-21 18:33:43,351 [pool-159-thread-1] INFO  server.RaftServerConfigKeys (ConfUtils.java:logGet(43)) - raft.server.rpcslowness.timeout = 120s (custom)
2019-08-21 18:33:43,352 [pool-159-thread-1] INFO  server.RaftServerConfigKeys (ConfUtils.java:logGet(43)) - raft.server.sleep.deviation.threshold = 300 (default)
2019-08-21 18:33:43,352 [pool-159-thread-1] INFO  server.RaftServerConfigKeys (ConfUtils.java:logGet(43)) - raft.server.log.appender.install.snapshot.enabled = false (custom)
2019-08-21 18:33:43,352 [pool-159-thread-1] INFO  impl.RaftServerImpl (ServerState.java:<init>(105)) - 5cac240b-a5fb-443c-aa6a-5f791dcf7356:group-7C82C274043E ConfigurationManager, init=-1: [5cac240b-a5fb-443c-aa6a-5f791dcf7356:192.168.36.125:36833], old=null, confs=<EMPTY_MAP>
2019-08-21 18:33:43,352 [pool-159-thread-1] INFO  server.RaftServerConfigKeys (ConfUtils.java:logGet(43)) - raft.server.storage.dir = [/workdir/hadoop-ozone/integration-test/target/test-dir/MiniOzoneClusterImpl-3d3f5e5e-1edb-4139-a191-6ae7dfb25aa0/datanode-1/data/ratis] (custom)
2019-08-21 18:33:43,353 [pool-159-thread-1] INFO  storage.RaftStorageDirectory (RaftStorageDirectory.java:analyzeStorage(246)) - The storage directory /workdir/hadoop-ozone/integration-test/target/test-dir/MiniOzoneClusterImpl-3d3f5e5e-1edb-4139-a191-6ae7dfb25aa0/datanode-1/data/ratis/bbe6a7f0-1a7f-4c3e-ae16-7c82c274043e does not exist. Creating ...
2019-08-21 18:33:43,367 [pool-159-thread-1] INFO  storage.RaftStorageDirectory (RaftStorageDirectory.java:tryLock(328)) - Lock on /workdir/hadoop-ozone/integration-test/target/test-dir/MiniOzoneClusterImpl-3d3f5e5e-1edb-4139-a191-6ae7dfb25aa0/datanode-1/data/ratis/bbe6a7f0-1a7f-4c3e-ae16-7c82c274043e/in_use.lock acquired by nodename 4936@pr-hdds-1998-57vr7-880049069
2019-08-21 18:33:43,382 [pool-159-thread-1] INFO  storage.RaftStorage (RaftStorage.java:format(72)) - Storage directory /workdir/hadoop-ozone/integration-test/target/test-dir/MiniOzoneClusterImpl-3d3f5e5e-1edb-4139-a191-6ae7dfb25aa0/datanode-1/data/ratis/bbe6a7f0-1a7f-4c3e-ae16-7c82c274043e has been successfully formatted.
2019-08-21 18:33:43,383 [pool-159-thread-1] INFO  ratis.ContainerStateMachine (ContainerStateMachine.java:loadSnapshot(226)) - group-7C82C274043E: The snapshot info is null. Setting the last applied indexto:(t:0, i:~)
2019-08-21 18:33:43,383 [pool-159-thread-1] INFO  server.RaftServerConfigKeys (ConfUtils.java:logGet(43)) - raft.server.leader.election.timeout = 120s (custom)
2019-08-21 18:33:43,383 [pool-159-thread-1] INFO  server.RaftServerConfigKeys (ConfUtils.java:logGet(43)) - raft.server.log.use.memory = false (default)
2019-08-21 18:33:43,383 [pool-159-thread-1] INFO  server.RaftServerConfigKeys (ConfUtils.java:logGet(43)) - raft.server.log.purge.gap = 1000000 (custom)
2019-08-21 18:33:43,384 [pool-159-thread-1] INFO  server.RaftServerConfigKeys (ConfUtils.java:logGet(43)) - raft.server.log.appender.buffer.byte-limit = 33554432 (custom)
2019-08-21 18:33:43,384 [pool-159-thread-1] INFO  server.RaftServerConfigKeys (ConfUtils.java:logGet(43)) - raft.server.log.segment.size.max = 1048576 (custom)
2019-08-21 18:33:43,384 [pool-159-thread-1] INFO  server.RaftServerConfigKeys (ConfUtils.java:logGet(43)) - raft.server.log.segment.cache.num.max = 2 (custom)
2019-08-21 18:33:43,384 [pool-159-thread-1] INFO  segmented.SegmentedRaftLogWorker (SegmentedRaftLogWorker.java:<init>(172)) - new 5cac240b-a5fb-443c-aa6a-5f791dcf7356-SegmentedRaftLogWorker:Storage Directory /workdir/hadoop-ozone/integration-test/target/test-dir/MiniOzoneClusterImpl-3d3f5e5e-1edb-4139-a191-6ae7dfb25aa0/datanode-1/data/ratis/bbe6a7f0-1a7f-4c3e-ae16-7c82c274043e for RaftStorage:Storage Directory /workdir/hadoop-ozone/integration-test/target/test-dir/MiniOzoneClusterImpl-3d3f5e5e-1edb-4139-a191-6ae7dfb25aa0/datanode-1/data/ratis/bbe6a7f0-1a7f-4c3e-ae16-7c82c274043e
2019-08-21 18:33:43,384 [pool-159-thread-1] INFO  server.RaftServerConfigKeys (ConfUtils.java:logGet(43)) - raft.server.log.queue.byte-limit = 2147483647 (custom)
2019-08-21 18:33:43,385 [pool-159-thread-1] INFO  server.RaftServerConfigKeys (ConfUtils.java:logGet(43)) - raft.server.log.queue.element-limit = 1024 (custom)
2019-08-21 18:33:43,385 [pool-159-thread-1] INFO  server.RaftServerConfigKeys (ConfUtils.java:logGet(43)) - raft.server.log.segment.size.max = 1048576 (custom)
2019-08-21 18:33:43,385 [pool-159-thread-1] INFO  server.RaftServerConfigKeys (ConfUtils.java:logGet(43)) - raft.server.log.preallocated.size = 16384 (custom)
2019-08-21 18:33:43,385 [pool-159-thread-1] INFO  server.RaftServerConfigKeys (ConfUtils.java:logGet(43)) - raft.server.log.write.buffer.size = 33554432 (custom)
2019-08-21 18:33:43,385 [pool-159-thread-1] INFO  server.RaftServerConfigKeys (ConfUtils.java:logGet(43)) - raft.server.log.force.sync.num = 128 (default)
2019-08-21 18:33:43,386 [pool-159-thread-1] INFO  server.RaftServerConfigKeys (ConfUtils.java:logGet(43)) - raft.server.log.statemachine.data.sync = true (default)
2019-08-21 18:33:43,386 [pool-159-thread-1] INFO  server.RaftServerConfigKeys (ConfUtils.java:logGet(43)) - raft.server.log.statemachine.data.sync.timeout = 10s (default)
2019-08-21 18:33:43,386 [pool-159-thread-1] INFO  server.RaftServerConfigKeys (ConfUtils.java:logGet(43)) - raft.server.log.statemachine.data.sync.timeout.retry = -1 (default)
2019-08-21 18:33:43,386 [pool-159-thread-1] INFO  server.RaftServerConfigKeys (ConfUtils.java:logGet(43)) - raft.server.log.statemachine.data.caching.enabled = true (custom)
2019-08-21 18:33:43,387 [pool-159-thread-1] INFO  segmented.SegmentedRaftLogWorker (SegmentedRaftLogWorker.java:lambda$new$0(132)) - 5cac240b-a5fb-443c-aa6a-5f791dcf7356-SegmentedRaftLogWorker:Storage Directory /workdir/hadoop-ozone/integration-test/target/test-dir/MiniOzoneClusterImpl-3d3f5e5e-1edb-4139-a191-6ae7dfb25aa0/datanode-1/data/ratis/bbe6a7f0-1a7f-4c3e-ae16-7c82c274043e: flushIndex: setUnconditionally 0 -> -1
2019-08-21 18:33:43,387 [pool-159-thread-1] INFO  server.RaftServerConfigKeys (ConfUtils.java:logGet(43)) - raft.server.snapshot.auto.trigger.enabled = true (custom)
2019-08-21 18:33:43,387 [pool-159-thread-1] INFO  server.RaftServerConfigKeys (ConfUtils.java:logGet(43)) - raft.server.snapshot.auto.trigger.threshold = 10000 (custom)
2019-08-21 18:33:43,387 [pool-159-thread-1] INFO  server.RaftServerConfigKeys (ConfUtils.java:logGet(43)) - raft.server.retrycache.expirytime = 600000ms (custom)
2019-08-21 18:33:43,388 | INFO  | SCMAudit | user=jenkins1000 | ip=192.168.36.125 | op=SEND_HEARTBEAT {datanodeUUID=9b029079-a3a2-4c30-a15c-eadf046183c2, command=[]} | ret=SUCCESS |  
2019-08-21 18:33:43,388 [pool-159-thread-1] INFO  impl.RaftServerImpl (RaftServerImpl.java:start(180)) - 5cac240b-a5fb-443c-aa6a-5f791dcf7356: start group-7C82C274043E
2019-08-21 18:33:43,388 [pool-159-thread-1] INFO  impl.RaftServerImpl (RaftServerImpl.java:setRole(171)) - 5cac240b-a5fb-443c-aa6a-5f791dcf7356:group-7C82C274043E changes role from null to FOLLOWER at term 0 for startAsFollower
2019-08-21 18:33:43,388 [pool-159-thread-1] INFO  impl.RoleInfo (RoleInfo.java:updateAndGet(143)) - 5cac240b-a5fb-443c-aa6a-5f791dcf7356: start FollowerState
2019-08-21 18:33:43,389 [pool-159-thread-1] INFO  util.JmxRegister (JmxRegister.java:tryRegister(44)) - Successfully registered JMX Bean with object name Ratis:service=RaftServer,group=group-7C82C274043E,id=5cac240b-a5fb-443c-aa6a-5f791dcf7356
2019-08-21 18:33:43,394 [RatisPipelineUtilsThread] INFO  pipeline.PipelineStateManager (PipelineStateManager.java:addPipeline(56)) - Created pipeline Pipeline[ Id: bbe6a7f0-1a7f-4c3e-ae16-7c82c274043e, Nodes: 5cac240b-a5fb-443c-aa6a-5f791dcf7356{ip: 192.168.36.125, host: pr-hdds-1998-57vr7-880049069, networkLocation: /default-rack, certSerialId: null}, Type:RATIS, Factor:ONE, State:OPEN]
2019-08-21 18:33:43,683 | INFO  | SCMAudit | user=jenkins1000 | ip=192.168.36.125 | op=SEND_HEARTBEAT {datanodeUUID=1c10ef1a-c27e-4e26-8da7-bf8f905915b5, command=[]} | ret=SUCCESS |  
2019-08-21 18:33:43,722 [main] INFO  ozone.MiniOzoneClusterImpl (MiniOzoneClusterImpl.java:shutdown(321)) - Shutting down the Mini Ozone Cluster
2019-08-21 18:33:43,722 | INFO  | SCMAudit | user=null | ip=null | op=GET_SCM_INFO null | ret=SUCCESS |  
2019-08-21 18:33:43,723 [main] INFO  ozone.MiniOzoneClusterImpl (MiniOzoneClusterImpl.java:stop(336)) - Stopping the Mini Ozone Cluster
2019-08-21 18:33:43,723 [main] INFO  ozone.MiniOzoneClusterImpl (MiniOzoneClusterImpl.java:stop(338)) - Stopping the OzoneManager
2019-08-21 18:33:43,724 [main] INFO  ipc.Server (Server.java:stop(3082)) - Stopping server on 37934
2019-08-21 18:33:43,733 [IPC Server listener on 37934] INFO  ipc.Server (Server.java:run(1185)) - Stopping IPC Server listener on 37934
2019-08-21 18:33:43,735 [main] INFO  ratis.OzoneManagerDoubleBuffer (OzoneManagerDoubleBuffer.java:stop(248)) - Stopping OMDoubleBuffer flush thread
2019-08-21 18:33:43,736 [IPC Server Responder] INFO  ipc.Server (Server.java:run(1319)) - Stopping IPC Server Responder
2019-08-21 18:33:43,742 [Thread-598] INFO  impl.FollowerState (FollowerState.java:run(106)) - 1c10ef1a-c27e-4e26-8da7-bf8f905915b5:group-AF3BD550A00D changes to CANDIDATE, lastRpcTime:5045, electionTimeout:5044ms
2019-08-21 18:33:43,744 [Thread-598] INFO  impl.RoleInfo (RoleInfo.java:shutdownFollowerState(121)) - 1c10ef1a-c27e-4e26-8da7-bf8f905915b5: shutdown FollowerState
2019-08-21 18:33:43,744 [OMDoubleBufferFlushThread] INFO  ratis.OzoneManagerDoubleBuffer (OzoneManagerDoubleBuffer.java:flushTransactions(191)) - OMDoubleBuffer flush thread OMDoubleBufferFlushThread is interrupted and will exit. OMDoubleBufferFlushThread
2019-08-21 18:33:43,744 [Thread-598] INFO  impl.RaftServerImpl (RaftServerImpl.java:setRole(171)) - 1c10ef1a-c27e-4e26-8da7-bf8f905915b5:group-AF3BD550A00D changes role from FOLLOWER to CANDIDATE at term 1 for changeToCandidate
2019-08-21 18:33:43,750 [Thread-598] INFO  impl.RoleInfo (RoleInfo.java:updateAndGet(143)) - 1c10ef1a-c27e-4e26-8da7-bf8f905915b5: start LeaderElection
2019-08-21 18:33:43,751 [main] INFO  utils.BackgroundService (BackgroundService.java:shutdown(148)) - Shutting down service KeyDeletingService
2019-08-21 18:33:43,757 [main] INFO  handler.ContextHandler (ContextHandler.java:doStop(910)) - Stopped o.e.j.w.WebAppContext@5e9b3539{/,null,UNAVAILABLE}{/ozoneManager}
2019-08-21 18:33:43,757 [main] INFO  server.AbstractConnector (AbstractConnector.java:doStop(318)) - Stopped ServerConnector@522220f8{HTTP/1.1,[http/1.1]}{0.0.0.0:0}
2019-08-21 18:33:43,758 [main] INFO  handler.ContextHandler (ContextHandler.java:doStop(910)) - Stopped o.e.j.s.ServletContextHandler@64458171{/static,file:///workdir/hadoop-ozone/integration-test/target/test-classes/webapps/static,UNAVAILABLE}
2019-08-21 18:33:43,760 [main] INFO  handler.ContextHandler (ContextHandler.java:doStop(910)) - Stopped o.e.j.s.ServletContextHandler@2f52133b{/logs,file:///workdir/hadoop-ozone/integration-test/target/log,UNAVAILABLE}
2019-08-21 18:33:43,763 [main] INFO  ozone.MiniOzoneClusterImpl (MiniOzoneClusterImpl.java:stop(344)) - Shutting the HddsDatanodes
2019-08-21 18:33:43,763 [main] INFO  datanode.ObjectStoreHandler (ObjectStoreHandler.java:close(155)) - Closing ObjectStoreHandler.
2019-08-21 18:33:43,763 [ForkJoinPool.commonPool-worker-1] INFO  datanode.ObjectStoreHandler (ObjectStoreHandler.java:close(155)) - Closing ObjectStoreHandler.
2019-08-21 18:33:43,764 [main] INFO  ozone.HddsDatanodeService (HddsDatanodeService.java:stop(451)) - Stopped plug-in org.apache.hadoop.ozone.web.OzoneHddsDatanodeService@4f866981
2019-08-21 18:33:43,764 [ForkJoinPool.commonPool-worker-1] INFO  ozone.HddsDatanodeService (HddsDatanodeService.java:stop(451)) - Stopped plug-in org.apache.hadoop.ozone.web.OzoneHddsDatanodeService@2e2d8c00
2019-08-21 18:33:43,779 [1c10ef1a-c27e-4e26-8da7-bf8f905915b5:group-AF3BD550A00D:LeaderElection17] INFO  impl.LeaderElection (LeaderElection.java:askForVotes(181)) - 1c10ef1a-c27e-4e26-8da7-bf8f905915b5:group-AF3BD550A00D:LeaderElection17: begin an election at term 2 for 0: [1c10ef1a-c27e-4e26-8da7-bf8f905915b5:192.168.36.125:37842], old=null
2019-08-21 18:33:43,779 [1c10ef1a-c27e-4e26-8da7-bf8f905915b5:group-AF3BD550A00D:LeaderElection17] INFO  impl.RoleInfo (RoleInfo.java:shutdownLeaderElection(134)) - 1c10ef1a-c27e-4e26-8da7-bf8f905915b5: shutdown LeaderElection
2019-08-21 18:33:43,779 [1c10ef1a-c27e-4e26-8da7-bf8f905915b5:group-AF3BD550A00D:LeaderElection17] INFO  impl.RaftServerImpl (RaftServerImpl.java:setRole(171)) - 1c10ef1a-c27e-4e26-8da7-bf8f905915b5:group-AF3BD550A00D changes role from CANDIDATE to LEADER at term 2 for changeToLeader
2019-08-21 18:33:43,779 [1c10ef1a-c27e-4e26-8da7-bf8f905915b5:group-AF3BD550A00D:LeaderElection17] INFO  impl.RaftServerImpl (ServerState.java:setLeader(263)) - 1c10ef1a-c27e-4e26-8da7-bf8f905915b5:group-AF3BD550A00D change Leader from null to 1c10ef1a-c27e-4e26-8da7-bf8f905915b5 at term 2 for becomeLeader, leader elected after 7298ms
2019-08-21 18:33:43,780 [1c10ef1a-c27e-4e26-8da7-bf8f905915b5:group-AF3BD550A00D:LeaderElection17] INFO  server.RaftServerConfigKeys (ConfUtils.java:logGet(43)) - raft.server.staging.catchup.gap = 1000 (default)
2019-08-21 18:33:43,780 [1c10ef1a-c27e-4e26-8da7-bf8f905915b5:group-AF3BD550A00D:LeaderElection17] INFO  server.RaftServerConfigKeys (ConfUtils.java:logGet(43)) - raft.server.rpc.sleep.time = 25ms (default)
2019-08-21 18:33:43,781 [1c10ef1a-c27e-4e26-8da7-bf8f905915b5:group-AF3BD550A00D:LeaderElection17] INFO  server.RaftServerConfigKeys (ConfUtils.java:logGet(43)) - raft.server.write.element-limit = 4096 (default)
2019-08-21 18:33:43,781 [1c10ef1a-c27e-4e26-8da7-bf8f905915b5:group-AF3BD550A00D:LeaderElection17] INFO  server.RaftServerConfigKeys (ConfUtils.java:logGet(43)) - raft.server.watch.timeout = 10s (default)
2019-08-21 18:33:43,781 [1c10ef1a-c27e-4e26-8da7-bf8f905915b5:group-AF3BD550A00D:LeaderElection17] INFO  server.RaftServerConfigKeys (ConfUtils.java:logGet(43)) - raft.server.watch.timeout.denomination = 1s (default)
2019-08-21 18:33:43,781 [1c10ef1a-c27e-4e26-8da7-bf8f905915b5:group-AF3BD550A00D:LeaderElection17] INFO  server.RaftServerConfigKeys (ConfUtils.java:logGet(43)) - raft.server.watch.element-limit = 65536 (default)
2019-08-21 18:33:43,781 [1c10ef1a-c27e-4e26-8da7-bf8f905915b5:group-AF3BD550A00D:LeaderElection17] INFO  impl.RoleInfo (RoleInfo.java:updateAndGet(143)) - 1c10ef1a-c27e-4e26-8da7-bf8f905915b5: start LeaderState
2019-08-21 18:33:43,782 [1c10ef1a-c27e-4e26-8da7-bf8f905915b5:group-AF3BD550A00D:LeaderElection17] INFO  segmented.SegmentedRaftLogWorker (SegmentedRaftLogWorker.java:rollLogSegment(385)) - 1c10ef1a-c27e-4e26-8da7-bf8f905915b5-SegmentedRaftLogWorker:Storage Directory /workdir/hadoop-ozone/integration-test/target/test-dir/MiniOzoneClusterImpl-3d3f5e5e-1edb-4139-a191-6ae7dfb25aa0/datanode-0/data/ratis/fea453f9-2a90-4e35-b9bb-af3bd550a00d: Rolling segment log-0_0 to index:0
2019-08-21 18:33:43,786 [1c10ef1a-c27e-4e26-8da7-bf8f905915b5-SegmentedRaftLogWorker:Storage Directory /workdir/hadoop-ozone/integration-test/target/test-dir/MiniOzoneClusterImpl-3d3f5e5e-1edb-4139-a191-6ae7dfb25aa0/datanode-0/data/ratis/fea453f9-2a90-4e35-b9bb-af3bd550a00d] INFO  segmented.SegmentedRaftLogWorker (SegmentedRaftLogWorker.java:execute(526)) - 1c10ef1a-c27e-4e26-8da7-bf8f905915b5-SegmentedRaftLogWorker:Storage Directory /workdir/hadoop-ozone/integration-test/target/test-dir/MiniOzoneClusterImpl-3d3f5e5e-1edb-4139-a191-6ae7dfb25aa0/datanode-0/data/ratis/fea453f9-2a90-4e35-b9bb-af3bd550a00d: Rolled log segment from /workdir/hadoop-ozone/integration-test/target/test-dir/MiniOzoneClusterImpl-3d3f5e5e-1edb-4139-a191-6ae7dfb25aa0/datanode-0/data/ratis/fea453f9-2a90-4e35-b9bb-af3bd550a00d/current/log_inprogress_0 to /workdir/hadoop-ozone/integration-test/target/test-dir/MiniOzoneClusterImpl-3d3f5e5e-1edb-4139-a191-6ae7dfb25aa0/datanode-0/data/ratis/fea453f9-2a90-4e35-b9bb-af3bd550a00d/current/log_0-0
2019-08-21 18:33:43,789 [1c10ef1a-c27e-4e26-8da7-bf8f905915b5:group-AF3BD550A00D:LeaderElection17] INFO  impl.RaftServerImpl (ServerState.java:setRaftConf(361)) - 1c10ef1a-c27e-4e26-8da7-bf8f905915b5:group-AF3BD550A00D set configuration 1: [1c10ef1a-c27e-4e26-8da7-bf8f905915b5:192.168.36.125:37842], old=null at 1
2019-08-21 18:33:43,842 [1c10ef1a-c27e-4e26-8da7-bf8f905915b5-SegmentedRaftLogWorker:Storage Directory /workdir/hadoop-ozone/integration-test/target/test-dir/MiniOzoneClusterImpl-3d3f5e5e-1edb-4139-a191-6ae7dfb25aa0/datanode-0/data/ratis/fea453f9-2a90-4e35-b9bb-af3bd550a00d] INFO  segmented.SegmentedRaftLogWorker (SegmentedRaftLogWorker.java:execute(569)) - 1c10ef1a-c27e-4e26-8da7-bf8f905915b5-SegmentedRaftLogWorker:Storage Directory /workdir/hadoop-ozone/integration-test/target/test-dir/MiniOzoneClusterImpl-3d3f5e5e-1edb-4139-a191-6ae7dfb25aa0/datanode-0/data/ratis/fea453f9-2a90-4e35-b9bb-af3bd550a00d: created new log segment /workdir/hadoop-ozone/integration-test/target/test-dir/MiniOzoneClusterImpl-3d3f5e5e-1edb-4139-a191-6ae7dfb25aa0/datanode-0/data/ratis/fea453f9-2a90-4e35-b9bb-af3bd550a00d/current/log_inprogress_1
2019-08-21 18:33:43,942 [Datanode State Machine Thread - 0] INFO  statemachine.DatanodeStateMachine (DatanodeStateMachine.java:lambda$startDaemon$0(350)) - Ozone container server started.
2019-08-21 18:33:44,018 [Thread-601] INFO  impl.FollowerState (FollowerState.java:run(106)) - 5cac240b-a5fb-443c-aa6a-5f791dcf7356:group-964A85778C23 changes to CANDIDATE, lastRpcTime:5059, electionTimeout:5058ms
2019-08-21 18:33:44,018 [Thread-601] INFO  impl.RoleInfo (RoleInfo.java:shutdownFollowerState(121)) - 5cac240b-a5fb-443c-aa6a-5f791dcf7356: shutdown FollowerState
2019-08-21 18:33:44,019 [Thread-601] INFO  impl.RaftServerImpl (RaftServerImpl.java:setRole(171)) - 5cac240b-a5fb-443c-aa6a-5f791dcf7356:group-964A85778C23 changes role from FOLLOWER to CANDIDATE at term 1 for changeToCandidate
2019-08-21 18:33:44,019 [Thread-601] INFO  impl.RoleInfo (RoleInfo.java:updateAndGet(143)) - 5cac240b-a5fb-443c-aa6a-5f791dcf7356: start LeaderElection
2019-08-21 18:33:44,050 [5cac240b-a5fb-443c-aa6a-5f791dcf7356:group-964A85778C23:LeaderElection18] INFO  impl.LeaderElection (LeaderElection.java:askForVotes(181)) - 5cac240b-a5fb-443c-aa6a-5f791dcf7356:group-964A85778C23:LeaderElection18: begin an election at term 2 for 0: [5cac240b-a5fb-443c-aa6a-5f791dcf7356:192.168.36.125:36833], old=null
2019-08-21 18:33:44,050 [5cac240b-a5fb-443c-aa6a-5f791dcf7356:group-964A85778C23:LeaderElection18] INFO  impl.RoleInfo (RoleInfo.java:shutdownLeaderElection(134)) - 5cac240b-a5fb-443c-aa6a-5f791dcf7356: shutdown LeaderElection
2019-08-21 18:33:44,051 [5cac240b-a5fb-443c-aa6a-5f791dcf7356:group-964A85778C23:LeaderElection18] INFO  impl.RaftServerImpl (RaftServerImpl.java:setRole(171)) - 5cac240b-a5fb-443c-aa6a-5f791dcf7356:group-964A85778C23 changes role from CANDIDATE to LEADER at term 2 for changeToLeader
2019-08-21 18:33:44,051 [5cac240b-a5fb-443c-aa6a-5f791dcf7356:group-964A85778C23:LeaderElection18] INFO  impl.RaftServerImpl (ServerState.java:setLeader(263)) - 5cac240b-a5fb-443c-aa6a-5f791dcf7356:group-964A85778C23 change Leader from null to 5cac240b-a5fb-443c-aa6a-5f791dcf7356 at term 2 for becomeLeader, leader elected after 7312ms
2019-08-21 18:33:44,051 [5cac240b-a5fb-443c-aa6a-5f791dcf7356:group-964A85778C23:LeaderElection18] INFO  server.RaftServerConfigKeys (ConfUtils.java:logGet(43)) - raft.server.staging.catchup.gap = 1000 (default)
2019-08-21 18:33:44,051 [5cac240b-a5fb-443c-aa6a-5f791dcf7356:group-964A85778C23:LeaderElection18] INFO  server.RaftServerConfigKeys (ConfUtils.java:logGet(43)) - raft.server.rpc.sleep.time = 25ms (default)
2019-08-21 18:33:44,051 [5cac240b-a5fb-443c-aa6a-5f791dcf7356:group-964A85778C23:LeaderElection18] INFO  server.RaftServerConfigKeys (ConfUtils.java:logGet(43)) - raft.server.write.element-limit = 4096 (default)
2019-08-21 18:33:44,052 [5cac240b-a5fb-443c-aa6a-5f791dcf7356:group-964A85778C23:LeaderElection18] INFO  server.RaftServerConfigKeys (ConfUtils.java:logGet(43)) - raft.server.watch.timeout = 10s (default)
2019-08-21 18:33:44,052 [5cac240b-a5fb-443c-aa6a-5f791dcf7356:group-964A85778C23:LeaderElection18] INFO  server.RaftServerConfigKeys (ConfUtils.java:logGet(43)) - raft.server.watch.timeout.denomination = 1s (default)
2019-08-21 18:33:44,052 [5cac240b-a5fb-443c-aa6a-5f791dcf7356:group-964A85778C23:LeaderElection18] INFO  server.RaftServerConfigKeys (ConfUtils.java:logGet(43)) - raft.server.watch.element-limit = 65536 (default)
2019-08-21 18:33:44,052 [5cac240b-a5fb-443c-aa6a-5f791dcf7356:group-964A85778C23:LeaderElection18] INFO  impl.RoleInfo (RoleInfo.java:updateAndGet(143)) - 5cac240b-a5fb-443c-aa6a-5f791dcf7356: start LeaderState
2019-08-21 18:33:44,053 [5cac240b-a5fb-443c-aa6a-5f791dcf7356:group-964A85778C23:LeaderElection18] INFO  segmented.SegmentedRaftLogWorker (SegmentedRaftLogWorker.java:rollLogSegment(385)) - 5cac240b-a5fb-443c-aa6a-5f791dcf7356-SegmentedRaftLogWorker:Storage Directory /workdir/hadoop-ozone/integration-test/target/test-dir/MiniOzoneClusterImpl-3d3f5e5e-1edb-4139-a191-6ae7dfb25aa0/datanode-1/data/ratis/47350ca0-e77e-401c-9fe9-964a85778c23: Rolling segment log-0_0 to index:0
2019-08-21 18:33:44,055 [5cac240b-a5fb-443c-aa6a-5f791dcf7356:group-964A85778C23:LeaderElection18] INFO  impl.RaftServerImpl (ServerState.java:setRaftConf(361)) - 5cac240b-a5fb-443c-aa6a-5f791dcf7356:group-964A85778C23 set configuration 1: [5cac240b-a5fb-443c-aa6a-5f791dcf7356:192.168.36.125:36833], old=null at 1
2019-08-21 18:33:44,056 [5cac240b-a5fb-443c-aa6a-5f791dcf7356-SegmentedRaftLogWorker:Storage Directory /workdir/hadoop-ozone/integration-test/target/test-dir/MiniOzoneClusterImpl-3d3f5e5e-1edb-4139-a191-6ae7dfb25aa0/datanode-1/data/ratis/47350ca0-e77e-401c-9fe9-964a85778c23] INFO  segmented.SegmentedRaftLogWorker (SegmentedRaftLogWorker.java:execute(526)) - 5cac240b-a5fb-443c-aa6a-5f791dcf7356-SegmentedRaftLogWorker:Storage Directory /workdir/hadoop-ozone/integration-test/target/test-dir/MiniOzoneClusterImpl-3d3f5e5e-1edb-4139-a191-6ae7dfb25aa0/datanode-1/data/ratis/47350ca0-e77e-401c-9fe9-964a85778c23: Rolled log segment from /workdir/hadoop-ozone/integration-test/target/test-dir/MiniOzoneClusterImpl-3d3f5e5e-1edb-4139-a191-6ae7dfb25aa0/datanode-1/data/ratis/47350ca0-e77e-401c-9fe9-964a85778c23/current/log_inprogress_0 to /workdir/hadoop-ozone/integration-test/target/test-dir/MiniOzoneClusterImpl-3d3f5e5e-1edb-4139-a191-6ae7dfb25aa0/datanode-1/data/ratis/47350ca0-e77e-401c-9fe9-964a85778c23/current/log_0-0
2019-08-21 18:33:44,118 [5cac240b-a5fb-443c-aa6a-5f791dcf7356-SegmentedRaftLogWorker:Storage Directory /workdir/hadoop-ozone/integration-test/target/test-dir/MiniOzoneClusterImpl-3d3f5e5e-1edb-4139-a191-6ae7dfb25aa0/datanode-1/data/ratis/47350ca0-e77e-401c-9fe9-964a85778c23] INFO  segmented.SegmentedRaftLogWorker (SegmentedRaftLogWorker.java:execute(569)) - 5cac240b-a5fb-443c-aa6a-5f791dcf7356-SegmentedRaftLogWorker:Storage Directory /workdir/hadoop-ozone/integration-test/target/test-dir/MiniOzoneClusterImpl-3d3f5e5e-1edb-4139-a191-6ae7dfb25aa0/datanode-1/data/ratis/47350ca0-e77e-401c-9fe9-964a85778c23: created new log segment /workdir/hadoop-ozone/integration-test/target/test-dir/MiniOzoneClusterImpl-3d3f5e5e-1edb-4139-a191-6ae7dfb25aa0/datanode-1/data/ratis/47350ca0-e77e-401c-9fe9-964a85778c23/current/log_inprogress_1
2019-08-21 18:33:44,277 [grpc-default-executor-0] INFO  impl.RaftServerProxy (RaftServerProxy.java:addNew(89)) - 9b029079-a3a2-4c30-a15c-eadf046183c2: addNew group-4A3DA1171F07:[9b029079-a3a2-4c30-a15c-eadf046183c2:192.168.36.125:36224] returns group-4A3DA1171F07:java.util.concurrent.CompletableFuture@2396bbf5[Not completed]
2019-08-21 18:33:44,278 [pool-170-thread-1] INFO  impl.RaftServerImpl (RaftServerImpl.java:<init>(93)) - 9b029079-a3a2-4c30-a15c-eadf046183c2: new RaftServerImpl for group-4A3DA1171F07:[9b029079-a3a2-4c30-a15c-eadf046183c2:192.168.36.125:36224] with ContainerStateMachine:uninitialized
2019-08-21 18:33:44,279 [pool-170-thread-1] INFO  server.RaftServerConfigKeys (ConfUtils.java:logGet(43)) - raft.server.rpc.timeout.min = 5s (custom)
2019-08-21 18:33:44,279 [pool-170-thread-1] INFO  server.RaftServerConfigKeys (ConfUtils.java:logGet(43)) - raft.server.rpc.timeout.max = 5200ms (custom)
2019-08-21 18:33:44,279 [pool-170-thread-1] INFO  server.RaftServerConfigKeys (ConfUtils.java:logGet(43)) - raft.server.rpcslowness.timeout = 120s (custom)
2019-08-21 18:33:44,279 [pool-170-thread-1] INFO  server.RaftServerConfigKeys (ConfUtils.java:logGet(43)) - raft.server.sleep.deviation.threshold = 300 (default)
2019-08-21 18:33:44,279 [pool-170-thread-1] INFO  server.RaftServerConfigKeys (ConfUtils.java:logGet(43)) - raft.server.log.appender.install.snapshot.enabled = false (custom)
2019-08-21 18:33:44,280 [pool-170-thread-1] INFO  impl.RaftServerImpl (ServerState.java:<init>(105)) - 9b029079-a3a2-4c30-a15c-eadf046183c2:group-4A3DA1171F07 ConfigurationManager, init=-1: [9b029079-a3a2-4c30-a15c-eadf046183c2:192.168.36.125:36224], old=null, confs=<EMPTY_MAP>
2019-08-21 18:33:44,280 [pool-170-thread-1] INFO  server.RaftServerConfigKeys (ConfUtils.java:logGet(43)) - raft.server.storage.dir = [/workdir/hadoop-ozone/integration-test/target/test-dir/MiniOzoneClusterImpl-3d3f5e5e-1edb-4139-a191-6ae7dfb25aa0/datanode-2/data/ratis] (custom)
2019-08-21 18:33:44,280 [pool-170-thread-1] INFO  storage.RaftStorageDirectory (RaftStorageDirectory.java:analyzeStorage(246)) - The storage directory /workdir/hadoop-ozone/integration-test/target/test-dir/MiniOzoneClusterImpl-3d3f5e5e-1edb-4139-a191-6ae7dfb25aa0/datanode-2/data/ratis/e707f3af-7d0d-4bfe-8985-4a3da1171f07 does not exist. Creating ...
2019-08-21 18:33:44,304 [pool-170-thread-1] INFO  storage.RaftStorageDirectory (RaftStorageDirectory.java:tryLock(328)) - Lock on /workdir/hadoop-ozone/integration-test/target/test-dir/MiniOzoneClusterImpl-3d3f5e5e-1edb-4139-a191-6ae7dfb25aa0/datanode-2/data/ratis/e707f3af-7d0d-4bfe-8985-4a3da1171f07/in_use.lock acquired by nodename 4936@pr-hdds-1998-57vr7-880049069
2019-08-21 18:33:44,327 [pool-170-thread-1] INFO  storage.RaftStorage (RaftStorage.java:format(72)) - Storage directory /workdir/hadoop-ozone/integration-test/target/test-dir/MiniOzoneClusterImpl-3d3f5e5e-1edb-4139-a191-6ae7dfb25aa0/datanode-2/data/ratis/e707f3af-7d0d-4bfe-8985-4a3da1171f07 has been successfully formatted.
2019-08-21 18:33:44,328 [pool-170-thread-1] INFO  ratis.ContainerStateMachine (ContainerStateMachine.java:loadSnapshot(226)) - group-4A3DA1171F07: The snapshot info is null. Setting the last applied indexto:(t:0, i:~)
2019-08-21 18:33:44,328 [pool-170-thread-1] INFO  server.RaftServerConfigKeys (ConfUtils.java:logGet(43)) - raft.server.leader.election.timeout = 120s (custom)
2019-08-21 18:33:44,328 [pool-170-thread-1] INFO  server.RaftServerConfigKeys (ConfUtils.java:logGet(43)) - raft.server.log.use.memory = false (default)
2019-08-21 18:33:44,328 [pool-170-thread-1] INFO  server.RaftServerConfigKeys (ConfUtils.java:logGet(43)) - raft.server.log.purge.gap = 1000000 (custom)
2019-08-21 18:33:44,328 [pool-170-thread-1] INFO  server.RaftServerConfigKeys (ConfUtils.java:logGet(43)) - raft.server.log.appender.buffer.byte-limit = 33554432 (custom)
2019-08-21 18:33:44,329 [pool-170-thread-1] INFO  server.RaftServerConfigKeys (ConfUtils.java:logGet(43)) - raft.server.log.segment.size.max = 1048576 (custom)
2019-08-21 18:33:44,329 [pool-170-thread-1] INFO  server.RaftServerConfigKeys (ConfUtils.java:logGet(43)) - raft.server.log.segment.cache.num.max = 2 (custom)
2019-08-21 18:33:44,329 [pool-170-thread-1] INFO  segmented.SegmentedRaftLogWorker (SegmentedRaftLogWorker.java:<init>(172)) - new 9b029079-a3a2-4c30-a15c-eadf046183c2-SegmentedRaftLogWorker:Storage Directory /workdir/hadoop-ozone/integration-test/target/test-dir/MiniOzoneClusterImpl-3d3f5e5e-1edb-4139-a191-6ae7dfb25aa0/datanode-2/data/ratis/e707f3af-7d0d-4bfe-8985-4a3da1171f07 for RaftStorage:Storage Directory /workdir/hadoop-ozone/integration-test/target/test-dir/MiniOzoneClusterImpl-3d3f5e5e-1edb-4139-a191-6ae7dfb25aa0/datanode-2/data/ratis/e707f3af-7d0d-4bfe-8985-4a3da1171f07
2019-08-21 18:33:44,329 [pool-170-thread-1] INFO  server.RaftServerConfigKeys (ConfUtils.java:logGet(43)) - raft.server.log.queue.byte-limit = 2147483647 (custom)
2019-08-21 18:33:44,329 [pool-170-thread-1] INFO  server.RaftServerConfigKeys (ConfUtils.java:logGet(43)) - raft.server.log.queue.element-limit = 1024 (custom)
2019-08-21 18:33:44,330 [pool-170-thread-1] INFO  server.RaftServerConfigKeys (ConfUtils.java:logGet(43)) - raft.server.log.segment.size.max = 1048576 (custom)
2019-08-21 18:33:44,330 [pool-170-thread-1] INFO  server.RaftServerConfigKeys (ConfUtils.java:logGet(43)) - raft.server.log.preallocated.size = 16384 (custom)
2019-08-21 18:33:44,330 [pool-170-thread-1] INFO  server.RaftServerConfigKeys (ConfUtils.java:logGet(43)) - raft.server.log.write.buffer.size = 33554432 (custom)
2019-08-21 18:33:44,330 [pool-170-thread-1] INFO  server.RaftServerConfigKeys (ConfUtils.java:logGet(43)) - raft.server.log.force.sync.num = 128 (default)
2019-08-21 18:33:44,330 [pool-170-thread-1] INFO  server.RaftServerConfigKeys (ConfUtils.java:logGet(43)) - raft.server.log.statemachine.data.sync = true (default)
2019-08-21 18:33:44,331 [pool-170-thread-1] INFO  server.RaftServerConfigKeys (ConfUtils.java:logGet(43)) - raft.server.log.statemachine.data.sync.timeout = 10s (default)
2019-08-21 18:33:44,331 [pool-170-thread-1] INFO  server.RaftServerConfigKeys (ConfUtils.java:logGet(43)) - raft.server.log.statemachine.data.sync.timeout.retry = -1 (default)
2019-08-21 18:33:44,331 [pool-170-thread-1] INFO  server.RaftServerConfigKeys (ConfUtils.java:logGet(43)) - raft.server.log.statemachine.data.caching.enabled = true (custom)
2019-08-21 18:33:44,331 [pool-170-thread-1] INFO  segmented.SegmentedRaftLogWorker (SegmentedRaftLogWorker.java:lambda$new$0(132)) - 9b029079-a3a2-4c30-a15c-eadf046183c2-SegmentedRaftLogWorker:Storage Directory /workdir/hadoop-ozone/integration-test/target/test-dir/MiniOzoneClusterImpl-3d3f5e5e-1edb-4139-a191-6ae7dfb25aa0/datanode-2/data/ratis/e707f3af-7d0d-4bfe-8985-4a3da1171f07: flushIndex: setUnconditionally 0 -> -1
2019-08-21 18:33:44,332 [pool-170-thread-1] INFO  server.RaftServerConfigKeys (ConfUtils.java:logGet(43)) - raft.server.snapshot.auto.trigger.enabled = true (custom)
2019-08-21 18:33:44,332 [pool-170-thread-1] INFO  server.RaftServerConfigKeys (ConfUtils.java:logGet(43)) - raft.server.snapshot.auto.trigger.threshold = 10000 (custom)
2019-08-21 18:33:44,332 [pool-170-thread-1] INFO  server.RaftServerConfigKeys (ConfUtils.java:logGet(43)) - raft.server.retrycache.expirytime = 600000ms (custom)
2019-08-21 18:33:44,332 [pool-170-thread-1] INFO  impl.RaftServerImpl (RaftServerImpl.java:start(180)) - 9b029079-a3a2-4c30-a15c-eadf046183c2: start group-4A3DA1171F07
2019-08-21 18:33:44,333 [pool-170-thread-1] INFO  impl.RaftServerImpl (RaftServerImpl.java:setRole(171)) - 9b029079-a3a2-4c30-a15c-eadf046183c2:group-4A3DA1171F07 changes role from null to FOLLOWER at term 0 for startAsFollower
2019-08-21 18:33:44,333 [pool-170-thread-1] INFO  impl.RoleInfo (RoleInfo.java:updateAndGet(143)) - 9b029079-a3a2-4c30-a15c-eadf046183c2: start FollowerState
2019-08-21 18:33:44,333 [pool-170-thread-1] INFO  util.JmxRegister (JmxRegister.java:tryRegister(44)) - Successfully registered JMX Bean with object name Ratis:service=RaftServer,group=group-4A3DA1171F07,id=9b029079-a3a2-4c30-a15c-eadf046183c2
2019-08-21 18:33:44,339 [RatisPipelineUtilsThread] INFO  pipeline.PipelineStateManager (PipelineStateManager.java:addPipeline(56)) - Created pipeline Pipeline[ Id: e707f3af-7d0d-4bfe-8985-4a3da1171f07, Nodes: 9b029079-a3a2-4c30-a15c-eadf046183c2{ip: 192.168.36.125, host: pr-hdds-1998-57vr7-880049069, networkLocation: /default-rack, certSerialId: null}, Type:RATIS, Factor:ONE, State:OPEN]
2019-08-21 18:33:44,360 [grpc-default-executor-2] INFO  impl.RaftServerProxy (RaftServerProxy.java:addNew(89)) - 9b029079-a3a2-4c30-a15c-eadf046183c2: addNew group-5677C6B40536:[5cac240b-a5fb-443c-aa6a-5f791dcf7356:192.168.36.125:36833, 1c10ef1a-c27e-4e26-8da7-bf8f905915b5:192.168.36.125:37842, 9b029079-a3a2-4c30-a15c-eadf046183c2:192.168.36.125:36224] returns group-5677C6B40536:java.util.concurrent.CompletableFuture@1f88b9f8[Not completed]
2019-08-21 18:33:44,366 [grpc-default-executor-2] INFO  impl.RaftServerProxy (RaftServerProxy.java:addNew(89)) - 1c10ef1a-c27e-4e26-8da7-bf8f905915b5: addNew group-5677C6B40536:[5cac240b-a5fb-443c-aa6a-5f791dcf7356:192.168.36.125:36833, 1c10ef1a-c27e-4e26-8da7-bf8f905915b5:192.168.36.125:37842, 9b029079-a3a2-4c30-a15c-eadf046183c2:192.168.36.125:36224] returns group-5677C6B40536:java.util.concurrent.CompletableFuture@49fd4926[Not completed]
2019-08-21 18:33:44,367 [pool-170-thread-1] INFO  impl.RaftServerImpl (RaftServerImpl.java:<init>(93)) - 9b029079-a3a2-4c30-a15c-eadf046183c2: new RaftServerImpl for group-5677C6B40536:[5cac240b-a5fb-443c-aa6a-5f791dcf7356:192.168.36.125:36833, 1c10ef1a-c27e-4e26-8da7-bf8f905915b5:192.168.36.125:37842, 9b029079-a3a2-4c30-a15c-eadf046183c2:192.168.36.125:36224] with ContainerStateMachine:uninitialized
2019-08-21 18:33:44,368 [pool-170-thread-1] INFO  server.RaftServerConfigKeys (ConfUtils.java:logGet(43)) - raft.server.rpc.timeout.min = 5s (custom)
2019-08-21 18:33:44,368 [pool-170-thread-1] INFO  server.RaftServerConfigKeys (ConfUtils.java:logGet(43)) - raft.server.rpc.timeout.max = 5200ms (custom)
2019-08-21 18:33:44,369 [pool-170-thread-1] INFO  server.RaftServerConfigKeys (ConfUtils.java:logGet(43)) - raft.server.rpcslowness.timeout = 120s (custom)
2019-08-21 18:33:44,370 [pool-170-thread-1] INFO  server.RaftServerConfigKeys (ConfUtils.java:logGet(43)) - raft.server.sleep.deviation.threshold = 300 (default)
2019-08-21 18:33:44,370 [pool-148-thread-1] INFO  impl.RaftServerImpl (RaftServerImpl.java:<init>(93)) - 1c10ef1a-c27e-4e26-8da7-bf8f905915b5: new RaftServerImpl for group-5677C6B40536:[5cac240b-a5fb-443c-aa6a-5f791dcf7356:192.168.36.125:36833, 1c10ef1a-c27e-4e26-8da7-bf8f905915b5:192.168.36.125:37842, 9b029079-a3a2-4c30-a15c-eadf046183c2:192.168.36.125:36224] with ContainerStateMachine:uninitialized
2019-08-21 18:33:44,370 [pool-170-thread-1] INFO  server.RaftServerConfigKeys (ConfUtils.java:logGet(43)) - raft.server.log.appender.install.snapshot.enabled = false (custom)
2019-08-21 18:33:44,370 [grpc-default-executor-2] INFO  impl.RaftServerProxy (RaftServerProxy.java:addNew(89)) - 5cac240b-a5fb-443c-aa6a-5f791dcf7356: addNew group-5677C6B40536:[5cac240b-a5fb-443c-aa6a-5f791dcf7356:192.168.36.125:36833, 1c10ef1a-c27e-4e26-8da7-bf8f905915b5:192.168.36.125:37842, 9b029079-a3a2-4c30-a15c-eadf046183c2:192.168.36.125:36224] returns group-5677C6B40536:java.util.concurrent.CompletableFuture@6b1a1bd1[Not completed]
2019-08-21 18:33:44,370 [pool-148-thread-1] INFO  server.RaftServerConfigKeys (ConfUtils.java:logGet(43)) - raft.server.rpc.timeout.min = 5s (custom)
2019-08-21 18:33:44,370 [pool-170-thread-1] INFO  impl.RaftServerImpl (ServerState.java:<init>(105)) - 9b029079-a3a2-4c30-a15c-eadf046183c2:group-5677C6B40536 ConfigurationManager, init=-1: [5cac240b-a5fb-443c-aa6a-5f791dcf7356:192.168.36.125:36833, 1c10ef1a-c27e-4e26-8da7-bf8f905915b5:192.168.36.125:37842, 9b029079-a3a2-4c30-a15c-eadf046183c2:192.168.36.125:36224], old=null, confs=<EMPTY_MAP>
2019-08-21 18:33:44,371 [pool-148-thread-1] INFO  server.RaftServerConfigKeys (ConfUtils.java:logGet(43)) - raft.server.rpc.timeout.max = 5200ms (custom)
2019-08-21 18:33:44,371 [pool-170-thread-1] INFO  server.RaftServerConfigKeys (ConfUtils.java:logGet(43)) - raft.server.storage.dir = [/workdir/hadoop-ozone/integration-test/target/test-dir/MiniOzoneClusterImpl-3d3f5e5e-1edb-4139-a191-6ae7dfb25aa0/datanode-2/data/ratis] (custom)
2019-08-21 18:33:44,371 [pool-148-thread-1] INFO  server.RaftServerConfigKeys (ConfUtils.java:logGet(43)) - raft.server.rpcslowness.timeout = 120s (custom)
2019-08-21 18:33:44,371 [pool-148-thread-1] INFO  server.RaftServerConfigKeys (ConfUtils.java:logGet(43)) - raft.server.sleep.deviation.threshold = 300 (default)
2019-08-21 18:33:44,371 [pool-170-thread-1] INFO  storage.RaftStorageDirectory (RaftStorageDirectory.java:analyzeStorage(246)) - The storage directory /workdir/hadoop-ozone/integration-test/target/test-dir/MiniOzoneClusterImpl-3d3f5e5e-1edb-4139-a191-6ae7dfb25aa0/datanode-2/data/ratis/45c139db-e85e-4886-af10-5677c6b40536 does not exist. Creating ...
2019-08-21 18:33:44,371 [pool-148-thread-1] INFO  server.RaftServerConfigKeys (ConfUtils.java:logGet(43)) - raft.server.log.appender.install.snapshot.enabled = false (custom)
2019-08-21 18:33:44,372 [pool-148-thread-1] INFO  impl.RaftServerImpl (ServerState.java:<init>(105)) - 1c10ef1a-c27e-4e26-8da7-bf8f905915b5:group-5677C6B40536 ConfigurationManager, init=-1: [5cac240b-a5fb-443c-aa6a-5f791dcf7356:192.168.36.125:36833, 1c10ef1a-c27e-4e26-8da7-bf8f905915b5:192.168.36.125:37842, 9b029079-a3a2-4c30-a15c-eadf046183c2:192.168.36.125:36224], old=null, confs=<EMPTY_MAP>
2019-08-21 18:33:44,372 [pool-159-thread-1] INFO  impl.RaftServerImpl (RaftServerImpl.java:<init>(93)) - 5cac240b-a5fb-443c-aa6a-5f791dcf7356: new RaftServerImpl for group-5677C6B40536:[5cac240b-a5fb-443c-aa6a-5f791dcf7356:192.168.36.125:36833, 1c10ef1a-c27e-4e26-8da7-bf8f905915b5:192.168.36.125:37842, 9b029079-a3a2-4c30-a15c-eadf046183c2:192.168.36.125:36224] with ContainerStateMachine:uninitialized
2019-08-21 18:33:44,372 [pool-148-thread-1] INFO  server.RaftServerConfigKeys (ConfUtils.java:logGet(43)) - raft.server.storage.dir = [/workdir/hadoop-ozone/integration-test/target/test-dir/MiniOzoneClusterImpl-3d3f5e5e-1edb-4139-a191-6ae7dfb25aa0/datanode-0/data/ratis] (custom)
2019-08-21 18:33:44,372 [pool-159-thread-1] INFO  server.RaftServerConfigKeys (ConfUtils.java:logGet(43)) - raft.server.rpc.timeout.min = 5s (custom)
2019-08-21 18:33:44,372 [pool-159-thread-1] INFO  server.RaftServerConfigKeys (ConfUtils.java:logGet(43)) - raft.server.rpc.timeout.max = 5200ms (custom)
2019-08-21 18:33:44,372 [pool-148-thread-1] INFO  storage.RaftStorageDirectory (RaftStorageDirectory.java:analyzeStorage(246)) - The storage directory /workdir/hadoop-ozone/integration-test/target/test-dir/MiniOzoneClusterImpl-3d3f5e5e-1edb-4139-a191-6ae7dfb25aa0/datanode-0/data/ratis/45c139db-e85e-4886-af10-5677c6b40536 does not exist. Creating ...
2019-08-21 18:33:44,373 [pool-159-thread-1] INFO  server.RaftServerConfigKeys (ConfUtils.java:logGet(43)) - raft.server.rpcslowness.timeout = 120s (custom)
2019-08-21 18:33:44,373 [pool-159-thread-1] INFO  server.RaftServerConfigKeys (ConfUtils.java:logGet(43)) - raft.server.sleep.deviation.threshold = 300 (default)
2019-08-21 18:33:44,373 [pool-159-thread-1] INFO  server.RaftServerConfigKeys (ConfUtils.java:logGet(43)) - raft.server.log.appender.install.snapshot.enabled = false (custom)
2019-08-21 18:33:44,373 [pool-159-thread-1] INFO  impl.RaftServerImpl (ServerState.java:<init>(105)) - 5cac240b-a5fb-443c-aa6a-5f791dcf7356:group-5677C6B40536 ConfigurationManager, init=-1: [5cac240b-a5fb-443c-aa6a-5f791dcf7356:192.168.36.125:36833, 1c10ef1a-c27e-4e26-8da7-bf8f905915b5:192.168.36.125:37842, 9b029079-a3a2-4c30-a15c-eadf046183c2:192.168.36.125:36224], old=null, confs=<EMPTY_MAP>
2019-08-21 18:33:44,374 [pool-159-thread-1] INFO  server.RaftServerConfigKeys (ConfUtils.java:logGet(43)) - raft.server.storage.dir = [/workdir/hadoop-ozone/integration-test/target/test-dir/MiniOzoneClusterImpl-3d3f5e5e-1edb-4139-a191-6ae7dfb25aa0/datanode-1/data/ratis] (custom)
2019-08-21 18:33:44,374 [pool-159-thread-1] INFO  storage.RaftStorageDirectory (RaftStorageDirectory.java:analyzeStorage(246)) - The storage directory /workdir/hadoop-ozone/integration-test/target/test-dir/MiniOzoneClusterImpl-3d3f5e5e-1edb-4139-a191-6ae7dfb25aa0/datanode-1/data/ratis/45c139db-e85e-4886-af10-5677c6b40536 does not exist. Creating ...
2019-08-21 18:33:44,387 | INFO  | SCMAudit | user=jenkins1000 | ip=192.168.36.125 | op=SEND_HEARTBEAT {datanodeUUID=9b029079-a3a2-4c30-a15c-eadf046183c2, command=[]} | ret=SUCCESS |  
2019-08-21 18:33:44,394 [pool-159-thread-1] INFO  storage.RaftStorageDirectory (RaftStorageDirectory.java:tryLock(328)) - Lock on /workdir/hadoop-ozone/integration-test/target/test-dir/MiniOzoneClusterImpl-3d3f5e5e-1edb-4139-a191-6ae7dfb25aa0/datanode-1/data/ratis/45c139db-e85e-4886-af10-5677c6b40536/in_use.lock acquired by nodename 4936@pr-hdds-1998-57vr7-880049069
2019-08-21 18:33:44,394 [pool-170-thread-1] INFO  storage.RaftStorageDirectory (RaftStorageDirectory.java:tryLock(328)) - Lock on /workdir/hadoop-ozone/integration-test/target/test-dir/MiniOzoneClusterImpl-3d3f5e5e-1edb-4139-a191-6ae7dfb25aa0/datanode-2/data/ratis/45c139db-e85e-4886-af10-5677c6b40536/in_use.lock acquired by nodename 4936@pr-hdds-1998-57vr7-880049069
2019-08-21 18:33:44,394 [pool-148-thread-1] INFO  storage.RaftStorageDirectory (RaftStorageDirectory.java:tryLock(328)) - Lock on /workdir/hadoop-ozone/integration-test/target/test-dir/MiniOzoneClusterImpl-3d3f5e5e-1edb-4139-a191-6ae7dfb25aa0/datanode-0/data/ratis/45c139db-e85e-4886-af10-5677c6b40536/in_use.lock acquired by nodename 4936@pr-hdds-1998-57vr7-880049069
2019-08-21 18:33:44,431 [pool-148-thread-1] INFO  storage.RaftStorage (RaftStorage.java:format(72)) - Storage directory /workdir/hadoop-ozone/integration-test/target/test-dir/MiniOzoneClusterImpl-3d3f5e5e-1edb-4139-a191-6ae7dfb25aa0/datanode-0/data/ratis/45c139db-e85e-4886-af10-5677c6b40536 has been successfully formatted.
2019-08-21 18:33:44,431 [pool-159-thread-1] INFO  storage.RaftStorage (RaftStorage.java:format(72)) - Storage directory /workdir/hadoop-ozone/integration-test/target/test-dir/MiniOzoneClusterImpl-3d3f5e5e-1edb-4139-a191-6ae7dfb25aa0/datanode-1/data/ratis/45c139db-e85e-4886-af10-5677c6b40536 has been successfully formatted.
2019-08-21 18:33:44,431 [pool-148-thread-1] INFO  ratis.ContainerStateMachine (ContainerStateMachine.java:loadSnapshot(226)) - group-5677C6B40536: The snapshot info is null. Setting the last applied indexto:(t:0, i:~)
2019-08-21 18:33:44,431 [pool-170-thread-1] INFO  storage.RaftStorage (RaftStorage.java:format(72)) - Storage directory /workdir/hadoop-ozone/integration-test/target/test-dir/MiniOzoneClusterImpl-3d3f5e5e-1edb-4139-a191-6ae7dfb25aa0/datanode-2/data/ratis/45c139db-e85e-4886-af10-5677c6b40536 has been successfully formatted.
2019-08-21 18:33:44,431 [pool-148-thread-1] INFO  server.RaftServerConfigKeys (ConfUtils.java:logGet(43)) - raft.server.leader.election.timeout = 120s (custom)
2019-08-21 18:33:44,432 [pool-170-thread-1] INFO  ratis.ContainerStateMachine (ContainerStateMachine.java:loadSnapshot(226)) - group-5677C6B40536: The snapshot info is null. Setting the last applied indexto:(t:0, i:~)
2019-08-21 18:33:44,431 [pool-159-thread-1] INFO  ratis.ContainerStateMachine (ContainerStateMachine.java:loadSnapshot(226)) - group-5677C6B40536: The snapshot info is null. Setting the last applied indexto:(t:0, i:~)
2019-08-21 18:33:44,432 [pool-170-thread-1] INFO  server.RaftServerConfigKeys (ConfUtils.java:logGet(43)) - raft.server.leader.election.timeout = 120s (custom)
2019-08-21 18:33:44,432 [pool-148-thread-1] INFO  server.RaftServerConfigKeys (ConfUtils.java:logGet(43)) - raft.server.log.use.memory = false (default)
2019-08-21 18:33:44,432 [pool-170-thread-1] INFO  server.RaftServerConfigKeys (ConfUtils.java:logGet(43)) - raft.server.log.use.memory = false (default)
2019-08-21 18:33:44,432 [pool-159-thread-1] INFO  server.RaftServerConfigKeys (ConfUtils.java:logGet(43)) - raft.server.leader.election.timeout = 120s (custom)
2019-08-21 18:33:44,433 [pool-170-thread-1] INFO  server.RaftServerConfigKeys (ConfUtils.java:logGet(43)) - raft.server.log.purge.gap = 1000000 (custom)
2019-08-21 18:33:44,432 [pool-148-thread-1] INFO  server.RaftServerConfigKeys (ConfUtils.java:logGet(43)) - raft.server.log.purge.gap = 1000000 (custom)
2019-08-21 18:33:44,433 [pool-170-thread-1] INFO  server.RaftServerConfigKeys (ConfUtils.java:logGet(43)) - raft.server.log.appender.buffer.byte-limit = 33554432 (custom)
2019-08-21 18:33:44,433 [pool-159-thread-1] INFO  server.RaftServerConfigKeys (ConfUtils.java:logGet(43)) - raft.server.log.use.memory = false (default)
2019-08-21 18:33:44,433 [pool-170-thread-1] INFO  server.RaftServerConfigKeys (ConfUtils.java:logGet(43)) - raft.server.log.segment.size.max = 1048576 (custom)
2019-08-21 18:33:44,433 [pool-148-thread-1] INFO  server.RaftServerConfigKeys (ConfUtils.java:logGet(43)) - raft.server.log.appender.buffer.byte-limit = 33554432 (custom)
2019-08-21 18:33:44,434 [pool-170-thread-1] INFO  server.RaftServerConfigKeys (ConfUtils.java:logGet(43)) - raft.server.log.segment.cache.num.max = 2 (custom)
2019-08-21 18:33:44,434 [pool-159-thread-1] INFO  server.RaftServerConfigKeys (ConfUtils.java:logGet(43)) - raft.server.log.purge.gap = 1000000 (custom)
2019-08-21 18:33:44,434 [pool-170-thread-1] INFO  segmented.SegmentedRaftLogWorker (SegmentedRaftLogWorker.java:<init>(172)) - new 9b029079-a3a2-4c30-a15c-eadf046183c2-SegmentedRaftLogWorker:Storage Directory /workdir/hadoop-ozone/integration-test/target/test-dir/MiniOzoneClusterImpl-3d3f5e5e-1edb-4139-a191-6ae7dfb25aa0/datanode-2/data/ratis/45c139db-e85e-4886-af10-5677c6b40536 for RaftStorage:Storage Directory /workdir/hadoop-ozone/integration-test/target/test-dir/MiniOzoneClusterImpl-3d3f5e5e-1edb-4139-a191-6ae7dfb25aa0/datanode-2/data/ratis/45c139db-e85e-4886-af10-5677c6b40536
2019-08-21 18:33:44,434 [pool-148-thread-1] INFO  server.RaftServerConfigKeys (ConfUtils.java:logGet(43)) - raft.server.log.segment.size.max = 1048576 (custom)
2019-08-21 18:33:44,435 [pool-170-thread-1] INFO  server.RaftServerConfigKeys (ConfUtils.java:logGet(43)) - raft.server.log.queue.byte-limit = 2147483647 (custom)
2019-08-21 18:33:44,434 [pool-159-thread-1] INFO  server.RaftServerConfigKeys (ConfUtils.java:logGet(43)) - raft.server.log.appender.buffer.byte-limit = 33554432 (custom)
2019-08-21 18:33:44,435 [pool-170-thread-1] INFO  server.RaftServerConfigKeys (ConfUtils.java:logGet(43)) - raft.server.log.queue.element-limit = 1024 (custom)
2019-08-21 18:33:44,435 [pool-148-thread-1] INFO  server.RaftServerConfigKeys (ConfUtils.java:logGet(43)) - raft.server.log.segment.cache.num.max = 2 (custom)
2019-08-21 18:33:44,435 [pool-170-thread-1] INFO  server.RaftServerConfigKeys (ConfUtils.java:logGet(43)) - raft.server.log.segment.size.max = 1048576 (custom)
2019-08-21 18:33:44,435 [pool-159-thread-1] INFO  server.RaftServerConfigKeys (ConfUtils.java:logGet(43)) - raft.server.log.segment.size.max = 1048576 (custom)
2019-08-21 18:33:44,436 [pool-170-thread-1] INFO  server.RaftServerConfigKeys (ConfUtils.java:logGet(43)) - raft.server.log.preallocated.size = 16384 (custom)
2019-08-21 18:33:44,435 [pool-148-thread-1] INFO  segmented.SegmentedRaftLogWorker (SegmentedRaftLogWorker.java:<init>(172)) - new 1c10ef1a-c27e-4e26-8da7-bf8f905915b5-SegmentedRaftLogWorker:Storage Directory /workdir/hadoop-ozone/integration-test/target/test-dir/MiniOzoneClusterImpl-3d3f5e5e-1edb-4139-a191-6ae7dfb25aa0/datanode-0/data/ratis/45c139db-e85e-4886-af10-5677c6b40536 for RaftStorage:Storage Directory /workdir/hadoop-ozone/integration-test/target/test-dir/MiniOzoneClusterImpl-3d3f5e5e-1edb-4139-a191-6ae7dfb25aa0/datanode-0/data/ratis/45c139db-e85e-4886-af10-5677c6b40536
2019-08-21 18:33:44,436 [pool-170-thread-1] INFO  server.RaftServerConfigKeys (ConfUtils.java:logGet(43)) - raft.server.log.write.buffer.size = 33554432 (custom)
2019-08-21 18:33:44,436 [pool-159-thread-1] INFO  server.RaftServerConfigKeys (ConfUtils.java:logGet(43)) - raft.server.log.segment.cache.num.max = 2 (custom)
2019-08-21 18:33:44,436 [pool-170-thread-1] INFO  server.RaftServerConfigKeys (ConfUtils.java:logGet(43)) - raft.server.log.force.sync.num = 128 (default)
2019-08-21 18:33:44,436 [pool-148-thread-1] INFO  server.RaftServerConfigKeys (ConfUtils.java:logGet(43)) - raft.server.log.queue.byte-limit = 2147483647 (custom)
2019-08-21 18:33:44,437 [pool-170-thread-1] INFO  server.RaftServerConfigKeys (ConfUtils.java:logGet(43)) - raft.server.log.statemachine.data.sync = true (default)
2019-08-21 18:33:44,437 [pool-159-thread-1] INFO  segmented.SegmentedRaftLogWorker (SegmentedRaftLogWorker.java:<init>(172)) - new 5cac240b-a5fb-443c-aa6a-5f791dcf7356-SegmentedRaftLogWorker:Storage Directory /workdir/hadoop-ozone/integration-test/target/test-dir/MiniOzoneClusterImpl-3d3f5e5e-1edb-4139-a191-6ae7dfb25aa0/datanode-1/data/ratis/45c139db-e85e-4886-af10-5677c6b40536 for RaftStorage:Storage Directory /workdir/hadoop-ozone/integration-test/target/test-dir/MiniOzoneClusterImpl-3d3f5e5e-1edb-4139-a191-6ae7dfb25aa0/datanode-1/data/ratis/45c139db-e85e-4886-af10-5677c6b40536
2019-08-21 18:33:44,437 [pool-170-thread-1] INFO  server.RaftServerConfigKeys (ConfUtils.java:logGet(43)) - raft.server.log.statemachine.data.sync.timeout = 10s (default)
2019-08-21 18:33:44,437 [pool-148-thread-1] INFO  server.RaftServerConfigKeys (ConfUtils.java:logGet(43)) - raft.server.log.queue.element-limit = 1024 (custom)
2019-08-21 18:33:44,438 [pool-170-thread-1] INFO  server.RaftServerConfigKeys (ConfUtils.java:logGet(43)) - raft.server.log.statemachine.data.sync.timeout.retry = -1 (default)
2019-08-21 18:33:44,437 [pool-159-thread-1] INFO  server.RaftServerConfigKeys (ConfUtils.java:logGet(43)) - raft.server.log.queue.byte-limit = 2147483647 (custom)
2019-08-21 18:33:44,438 [pool-170-thread-1] INFO  server.RaftServerConfigKeys (ConfUtils.java:logGet(43)) - raft.server.log.statemachine.data.caching.enabled = true (custom)
2019-08-21 18:33:44,438 [pool-148-thread-1] INFO  server.RaftServerConfigKeys (ConfUtils.java:logGet(43)) - raft.server.log.segment.size.max = 1048576 (custom)
2019-08-21 18:33:44,438 [pool-159-thread-1] INFO  server.RaftServerConfigKeys (ConfUtils.java:logGet(43)) - raft.server.log.queue.element-limit = 1024 (custom)
2019-08-21 18:33:44,439 [pool-148-thread-1] INFO  server.RaftServerConfigKeys (ConfUtils.java:logGet(43)) - raft.server.log.preallocated.size = 16384 (custom)
2019-08-21 18:33:44,439 [pool-159-thread-1] INFO  server.RaftServerConfigKeys (ConfUtils.java:logGet(43)) - raft.server.log.segment.size.max = 1048576 (custom)
2019-08-21 18:33:44,439 [pool-170-thread-1] INFO  segmented.SegmentedRaftLogWorker (SegmentedRaftLogWorker.java:lambda$new$0(132)) - 9b029079-a3a2-4c30-a15c-eadf046183c2-SegmentedRaftLogWorker:Storage Directory /workdir/hadoop-ozone/integration-test/target/test-dir/MiniOzoneClusterImpl-3d3f5e5e-1edb-4139-a191-6ae7dfb25aa0/datanode-2/data/ratis/45c139db-e85e-4886-af10-5677c6b40536: flushIndex: setUnconditionally 0 -> -1
2019-08-21 18:33:44,439 [pool-148-thread-1] INFO  server.RaftServerConfigKeys (ConfUtils.java:logGet(43)) - raft.server.log.write.buffer.size = 33554432 (custom)
2019-08-21 18:33:44,439 [pool-159-thread-1] INFO  server.RaftServerConfigKeys (ConfUtils.java:logGet(43)) - raft.server.log.preallocated.size = 16384 (custom)
2019-08-21 18:33:44,440 [pool-148-thread-1] INFO  server.RaftServerConfigKeys (ConfUtils.java:logGet(43)) - raft.server.log.force.sync.num = 128 (default)
2019-08-21 18:33:44,440 [pool-170-thread-1] INFO  server.RaftServerConfigKeys (ConfUtils.java:logGet(43)) - raft.server.snapshot.auto.trigger.enabled = true (custom)
2019-08-21 18:33:44,440 [pool-148-thread-1] INFO  server.RaftServerConfigKeys (ConfUtils.java:logGet(43)) - raft.server.log.statemachine.data.sync = true (default)
2019-08-21 18:33:44,440 [pool-159-thread-1] INFO  server.RaftServerConfigKeys (ConfUtils.java:logGet(43)) - raft.server.log.write.buffer.size = 33554432 (custom)
2019-08-21 18:33:44,440 [pool-148-thread-1] INFO  server.RaftServerConfigKeys (ConfUtils.java:logGet(43)) - raft.server.log.statemachine.data.sync.timeout = 10s (default)
2019-08-21 18:33:44,440 [pool-170-thread-1] INFO  server.RaftServerConfigKeys (ConfUtils.java:logGet(43)) - raft.server.snapshot.auto.trigger.threshold = 10000 (custom)
2019-08-21 18:33:44,441 [pool-148-thread-1] INFO  server.RaftServerConfigKeys (ConfUtils.java:logGet(43)) - raft.server.log.statemachine.data.sync.timeout.retry = -1 (default)
2019-08-21 18:33:44,440 [pool-159-thread-1] INFO  server.RaftServerConfigKeys (ConfUtils.java:logGet(43)) - raft.server.log.force.sync.num = 128 (default)
2019-08-21 18:33:44,441 [pool-148-thread-1] INFO  server.RaftServerConfigKeys (ConfUtils.java:logGet(43)) - raft.server.log.statemachine.data.caching.enabled = true (custom)
2019-08-21 18:33:44,441 [pool-170-thread-1] INFO  server.RaftServerConfigKeys (ConfUtils.java:logGet(43)) - raft.server.retrycache.expirytime = 600000ms (custom)
2019-08-21 18:33:44,441 [pool-159-thread-1] INFO  server.RaftServerConfigKeys (ConfUtils.java:logGet(43)) - raft.server.log.statemachine.data.sync = true (default)
2019-08-21 18:33:44,442 [pool-170-thread-1] INFO  impl.RaftServerImpl (RaftServerImpl.java:start(180)) - 9b029079-a3a2-4c30-a15c-eadf046183c2: start group-5677C6B40536
2019-08-21 18:33:44,442 [pool-148-thread-1] INFO  segmented.SegmentedRaftLogWorker (SegmentedRaftLogWorker.java:lambda$new$0(132)) - 1c10ef1a-c27e-4e26-8da7-bf8f905915b5-SegmentedRaftLogWorker:Storage Directory /workdir/hadoop-ozone/integration-test/target/test-dir/MiniOzoneClusterImpl-3d3f5e5e-1edb-4139-a191-6ae7dfb25aa0/datanode-0/data/ratis/45c139db-e85e-4886-af10-5677c6b40536: flushIndex: setUnconditionally 0 -> -1
2019-08-21 18:33:44,442 [pool-170-thread-1] INFO  impl.RaftServerImpl (RaftServerImpl.java:setRole(171)) - 9b029079-a3a2-4c30-a15c-eadf046183c2:group-5677C6B40536 changes role from null to FOLLOWER at term 0 for startAsFollower
2019-08-21 18:33:44,442 [pool-159-thread-1] INFO  server.RaftServerConfigKeys (ConfUtils.java:logGet(43)) - raft.server.log.statemachine.data.sync.timeout = 10s (default)
2019-08-21 18:33:44,442 [pool-170-thread-1] INFO  impl.RoleInfo (RoleInfo.java:updateAndGet(143)) - 9b029079-a3a2-4c30-a15c-eadf046183c2: start FollowerState
2019-08-21 18:33:44,442 [pool-148-thread-1] INFO  server.RaftServerConfigKeys (ConfUtils.java:logGet(43)) - raft.server.snapshot.auto.trigger.enabled = true (custom)
2019-08-21 18:33:44,442 [pool-159-thread-1] INFO  server.RaftServerConfigKeys (ConfUtils.java:logGet(43)) - raft.server.log.statemachine.data.sync.timeout.retry = -1 (default)
2019-08-21 18:33:44,443 [pool-170-thread-1] INFO  util.JmxRegister (JmxRegister.java:tryRegister(44)) - Successfully registered JMX Bean with object name Ratis:service=RaftServer,group=group-5677C6B40536,id=9b029079-a3a2-4c30-a15c-eadf046183c2
2019-08-21 18:33:44,443 [pool-148-thread-1] INFO  server.RaftServerConfigKeys (ConfUtils.java:logGet(43)) - raft.server.snapshot.auto.trigger.threshold = 10000 (custom)
2019-08-21 18:33:44,443 [pool-159-thread-1] INFO  server.RaftServerConfigKeys (ConfUtils.java:logGet(43)) - raft.server.log.statemachine.data.caching.enabled = true (custom)
2019-08-21 18:33:44,443 [pool-148-thread-1] INFO  server.RaftServerConfigKeys (ConfUtils.java:logGet(43)) - raft.server.retrycache.expirytime = 600000ms (custom)
2019-08-21 18:33:44,444 [pool-159-thread-1] INFO  segmented.SegmentedRaftLogWorker (SegmentedRaftLogWorker.java:lambda$new$0(132)) - 5cac240b-a5fb-443c-aa6a-5f791dcf7356-SegmentedRaftLogWorker:Storage Directory /workdir/hadoop-ozone/integration-test/target/test-dir/MiniOzoneClusterImpl-3d3f5e5e-1edb-4139-a191-6ae7dfb25aa0/datanode-1/data/ratis/45c139db-e85e-4886-af10-5677c6b40536: flushIndex: setUnconditionally 0 -> -1
2019-08-21 18:33:44,444 [pool-148-thread-1] INFO  impl.RaftServerImpl (RaftServerImpl.java:start(180)) - 1c10ef1a-c27e-4e26-8da7-bf8f905915b5: start group-5677C6B40536
2019-08-21 18:33:44,444 [pool-148-thread-1] INFO  impl.RaftServerImpl (RaftServerImpl.java:setRole(171)) - 1c10ef1a-c27e-4e26-8da7-bf8f905915b5:group-5677C6B40536 changes role from null to FOLLOWER at term 0 for startAsFollower
2019-08-21 18:33:44,444 [pool-159-thread-1] INFO  server.RaftServerConfigKeys (ConfUtils.java:logGet(43)) - raft.server.snapshot.auto.trigger.enabled = true (custom)
2019-08-21 18:33:44,444 [pool-148-thread-1] INFO  impl.RoleInfo (RoleInfo.java:updateAndGet(143)) - 1c10ef1a-c27e-4e26-8da7-bf8f905915b5: start FollowerState
2019-08-21 18:33:44,444 [pool-159-thread-1] INFO  server.RaftServerConfigKeys (ConfUtils.java:logGet(43)) - raft.server.snapshot.auto.trigger.threshold = 10000 (custom)
2019-08-21 18:33:44,445 [pool-159-thread-1] INFO  server.RaftServerConfigKeys (ConfUtils.java:logGet(43)) - raft.server.retrycache.expirytime = 600000ms (custom)
2019-08-21 18:33:44,445 [pool-148-thread-1] INFO  util.JmxRegister (JmxRegister.java:tryRegister(44)) - Successfully registered JMX Bean with object name Ratis:service=RaftServer,group=group-5677C6B40536,id=1c10ef1a-c27e-4e26-8da7-bf8f905915b5
2019-08-21 18:33:44,446 [pool-159-thread-1] INFO  impl.RaftServerImpl (RaftServerImpl.java:start(180)) - 5cac240b-a5fb-443c-aa6a-5f791dcf7356: start group-5677C6B40536
2019-08-21 18:33:44,447 [pool-159-thread-1] INFO  impl.RaftServerImpl (RaftServerImpl.java:setRole(171)) - 5cac240b-a5fb-443c-aa6a-5f791dcf7356:group-5677C6B40536 changes role from null to FOLLOWER at term 0 for startAsFollower
2019-08-21 18:33:44,447 [pool-159-thread-1] INFO  impl.RoleInfo (RoleInfo.java:updateAndGet(143)) - 5cac240b-a5fb-443c-aa6a-5f791dcf7356: start FollowerState
2019-08-21 18:33:44,447 [pool-159-thread-1] INFO  util.JmxRegister (JmxRegister.java:tryRegister(44)) - Successfully registered JMX Bean with object name Ratis:service=RaftServer,group=group-5677C6B40536,id=5cac240b-a5fb-443c-aa6a-5f791dcf7356
2019-08-21 18:33:44,456 [RatisPipelineUtilsThread] INFO  pipeline.PipelineStateManager (PipelineStateManager.java:addPipeline(56)) - Created pipeline Pipeline[ Id: 45c139db-e85e-4886-af10-5677c6b40536, Nodes: 1c10ef1a-c27e-4e26-8da7-bf8f905915b5{ip: 192.168.36.125, host: pr-hdds-1998-57vr7-880049069, networkLocation: /default-rack, certSerialId: null}9b029079-a3a2-4c30-a15c-eadf046183c2{ip: 192.168.36.125, host: pr-hdds-1998-57vr7-880049069, networkLocation: /default-rack, certSerialId: null}5cac240b-a5fb-443c-aa6a-5f791dcf7356{ip: 192.168.36.125, host: pr-hdds-1998-57vr7-880049069, networkLocation: /default-rack, certSerialId: null}, Type:RATIS, Factor:THREE, State:OPEN]
2019-08-21 18:33:44,549 [Thread-603] INFO  impl.FollowerState (FollowerState.java:run(106)) - 9b029079-a3a2-4c30-a15c-eadf046183c2:group-5D21773B8657 changes to CANDIDATE, lastRpcTime:5146, electionTimeout:5145ms
2019-08-21 18:33:44,549 [Thread-603] INFO  impl.RoleInfo (RoleInfo.java:shutdownFollowerState(121)) - 9b029079-a3a2-4c30-a15c-eadf046183c2: shutdown FollowerState
2019-08-21 18:33:44,549 [Thread-603] INFO  impl.RaftServerImpl (RaftServerImpl.java:setRole(171)) - 9b029079-a3a2-4c30-a15c-eadf046183c2:group-5D21773B8657 changes role from FOLLOWER to CANDIDATE at term 1 for changeToCandidate
2019-08-21 18:33:44,549 [Thread-603] INFO  impl.RoleInfo (RoleInfo.java:updateAndGet(143)) - 9b029079-a3a2-4c30-a15c-eadf046183c2: start LeaderElection
2019-08-21 18:33:44,581 [9b029079-a3a2-4c30-a15c-eadf046183c2:group-5D21773B8657:LeaderElection19] INFO  impl.LeaderElection (LeaderElection.java:askForVotes(181)) - 9b029079-a3a2-4c30-a15c-eadf046183c2:group-5D21773B8657:LeaderElection19: begin an election at term 2 for 0: [9b029079-a3a2-4c30-a15c-eadf046183c2:192.168.36.125:36224], old=null
2019-08-21 18:33:44,581 [9b029079-a3a2-4c30-a15c-eadf046183c2:group-5D21773B8657:LeaderElection19] INFO  impl.RoleInfo (RoleInfo.java:shutdownLeaderElection(134)) - 9b029079-a3a2-4c30-a15c-eadf046183c2: shutdown LeaderElection
2019-08-21 18:33:44,582 [9b029079-a3a2-4c30-a15c-eadf046183c2:group-5D21773B8657:LeaderElection19] INFO  impl.RaftServerImpl (RaftServerImpl.java:setRole(171)) - 9b029079-a3a2-4c30-a15c-eadf046183c2:group-5D21773B8657 changes role from CANDIDATE to LEADER at term 2 for changeToLeader
2019-08-21 18:33:44,582 [9b029079-a3a2-4c30-a15c-eadf046183c2:group-5D21773B8657:LeaderElection19] INFO  impl.RaftServerImpl (ServerState.java:setLeader(263)) - 9b029079-a3a2-4c30-a15c-eadf046183c2:group-5D21773B8657 change Leader from null to 9b029079-a3a2-4c30-a15c-eadf046183c2 at term 2 for becomeLeader, leader elected after 7582ms
2019-08-21 18:33:44,582 [9b029079-a3a2-4c30-a15c-eadf046183c2:group-5D21773B8657:LeaderElection19] INFO  server.RaftServerConfigKeys (ConfUtils.java:logGet(43)) - raft.server.staging.catchup.gap = 1000 (default)
2019-08-21 18:33:44,582 [9b029079-a3a2-4c30-a15c-eadf046183c2:group-5D21773B8657:LeaderElection19] INFO  server.RaftServerConfigKeys (ConfUtils.java:logGet(43)) - raft.server.rpc.sleep.time = 25ms (default)
2019-08-21 18:33:44,582 [9b029079-a3a2-4c30-a15c-eadf046183c2:group-5D21773B8657:LeaderElection19] INFO  server.RaftServerConfigKeys (ConfUtils.java:logGet(43)) - raft.server.write.element-limit = 4096 (default)
2019-08-21 18:33:44,582 [9b029079-a3a2-4c30-a15c-eadf046183c2:group-5D21773B8657:LeaderElection19] INFO  server.RaftServerConfigKeys (ConfUtils.java:logGet(43)) - raft.server.watch.timeout = 10s (default)
2019-08-21 18:33:44,583 [9b029079-a3a2-4c30-a15c-eadf046183c2:group-5D21773B8657:LeaderElection19] INFO  server.RaftServerConfigKeys (ConfUtils.java:logGet(43)) - raft.server.watch.timeout.denomination = 1s (default)
2019-08-21 18:33:44,583 [9b029079-a3a2-4c30-a15c-eadf046183c2:group-5D21773B8657:LeaderElection19] INFO  server.RaftServerConfigKeys (ConfUtils.java:logGet(43)) - raft.server.watch.element-limit = 65536 (default)
2019-08-21 18:33:44,583 [9b029079-a3a2-4c30-a15c-eadf046183c2:group-5D21773B8657:LeaderElection19] INFO  impl.RoleInfo (RoleInfo.java:updateAndGet(143)) - 9b029079-a3a2-4c30-a15c-eadf046183c2: start LeaderState
2019-08-21 18:33:44,583 [9b029079-a3a2-4c30-a15c-eadf046183c2:group-5D21773B8657:LeaderElection19] INFO  segmented.SegmentedRaftLogWorker (SegmentedRaftLogWorker.java:rollLogSegment(385)) - 9b029079-a3a2-4c30-a15c-eadf046183c2-SegmentedRaftLogWorker:Storage Directory /workdir/hadoop-ozone/integration-test/target/test-dir/MiniOzoneClusterImpl-3d3f5e5e-1edb-4139-a191-6ae7dfb25aa0/datanode-2/data/ratis/54f58dc3-5367-4fc6-b2e8-5d21773b8657: Rolling segment log-0_0 to index:0
2019-08-21 18:33:44,585 [9b029079-a3a2-4c30-a15c-eadf046183c2:group-5D21773B8657:LeaderElection19] INFO  impl.RaftServerImpl (ServerState.java:setRaftConf(361)) - 9b029079-a3a2-4c30-a15c-eadf046183c2:group-5D21773B8657 set configuration 1: [9b029079-a3a2-4c30-a15c-eadf046183c2:192.168.36.125:36224], old=null at 1
2019-08-21 18:33:44,586 [9b029079-a3a2-4c30-a15c-eadf046183c2-SegmentedRaftLogWorker:Storage Directory /workdir/hadoop-ozone/integration-test/target/test-dir/MiniOzoneClusterImpl-3d3f5e5e-1edb-4139-a191-6ae7dfb25aa0/datanode-2/data/ratis/54f58dc3-5367-4fc6-b2e8-5d21773b8657] INFO  segmented.SegmentedRaftLogWorker (SegmentedRaftLogWorker.java:execute(526)) - 9b029079-a3a2-4c30-a15c-eadf046183c2-SegmentedRaftLogWorker:Storage Directory /workdir/hadoop-ozone/integration-test/target/test-dir/MiniOzoneClusterImpl-3d3f5e5e-1edb-4139-a191-6ae7dfb25aa0/datanode-2/data/ratis/54f58dc3-5367-4fc6-b2e8-5d21773b8657: Rolled log segment from /workdir/hadoop-ozone/integration-test/target/test-dir/MiniOzoneClusterImpl-3d3f5e5e-1edb-4139-a191-6ae7dfb25aa0/datanode-2/data/ratis/54f58dc3-5367-4fc6-b2e8-5d21773b8657/current/log_inprogress_0 to /workdir/hadoop-ozone/integration-test/target/test-dir/MiniOzoneClusterImpl-3d3f5e5e-1edb-4139-a191-6ae7dfb25aa0/datanode-2/data/ratis/54f58dc3-5367-4fc6-b2e8-5d21773b8657/current/log_0-0
2019-08-21 18:33:44,648 [9b029079-a3a2-4c30-a15c-eadf046183c2-SegmentedRaftLogWorker:Storage Directory /workdir/hadoop-ozone/integration-test/target/test-dir/MiniOzoneClusterImpl-3d3f5e5e-1edb-4139-a191-6ae7dfb25aa0/datanode-2/data/ratis/54f58dc3-5367-4fc6-b2e8-5d21773b8657] INFO  segmented.SegmentedRaftLogWorker (SegmentedRaftLogWorker.java:execute(569)) - 9b029079-a3a2-4c30-a15c-eadf046183c2-SegmentedRaftLogWorker:Storage Directory /workdir/hadoop-ozone/integration-test/target/test-dir/MiniOzoneClusterImpl-3d3f5e5e-1edb-4139-a191-6ae7dfb25aa0/datanode-2/data/ratis/54f58dc3-5367-4fc6-b2e8-5d21773b8657: created new log segment /workdir/hadoop-ozone/integration-test/target/test-dir/MiniOzoneClusterImpl-3d3f5e5e-1edb-4139-a191-6ae7dfb25aa0/datanode-2/data/ratis/54f58dc3-5367-4fc6-b2e8-5d21773b8657/current/log_inprogress_1
2019-08-21 18:33:44,681 [Datanode State Machine Thread - 0] INFO  statemachine.DatanodeStateMachine (DatanodeStateMachine.java:lambda$startDaemon$0(350)) - Ozone container server started.
2019-08-21 18:33:45,388 | INFO  | SCMAudit | user=jenkins1000 | ip=192.168.36.125 | op=SEND_HEARTBEAT {datanodeUUID=9b029079-a3a2-4c30-a15c-eadf046183c2, command=[]} | ret=SUCCESS |  
2019-08-21 18:33:46,388 | INFO  | SCMAudit | user=jenkins1000 | ip=192.168.36.125 | op=SEND_HEARTBEAT {datanodeUUID=9b029079-a3a2-4c30-a15c-eadf046183c2, command=[]} | ret=SUCCESS |  
2019-08-21 18:33:47,388 | INFO  | SCMAudit | user=jenkins1000 | ip=192.168.36.125 | op=SEND_HEARTBEAT {datanodeUUID=9b029079-a3a2-4c30-a15c-eadf046183c2, command=[]} | ret=SUCCESS |  
2019-08-21 18:33:48,265 [EventQueue-StaleNodeForStaleNodeHandler] INFO  node.StaleNodeHandler (StaleNodeHandler.java:onMessage(58)) - Datanode 5cac240b-a5fb-443c-aa6a-5f791dcf7356{ip: 192.168.36.125, host: pr-hdds-1998-57vr7-880049069, networkLocation: /default-rack, certSerialId: null} moved to stale state. Finalizing its pipelines [PipelineID=47350ca0-e77e-401c-9fe9-964a85778c23, PipelineID=45c139db-e85e-4886-af10-5677c6b40536, PipelineID=bbe6a7f0-1a7f-4c3e-ae16-7c82c274043e]
2019-08-21 18:33:48,266 [EventQueue-StaleNodeForStaleNodeHandler] INFO  pipeline.SCMPipelineManager (SCMPipelineManager.java:finalizeAndDestroyPipeline(309)) - destroying pipeline:Pipeline[ Id: 47350ca0-e77e-401c-9fe9-964a85778c23, Nodes: 5cac240b-a5fb-443c-aa6a-5f791dcf7356{ip: 192.168.36.125, host: pr-hdds-1998-57vr7-880049069, networkLocation: /default-rack, certSerialId: null}, Type:RATIS, Factor:ONE, State:CLOSED]
2019-08-21 18:33:48,266 [EventQueue-StaleNodeForStaleNodeHandler] INFO  pipeline.SCMPipelineManager (SCMPipelineManager.java:finalizeAndDestroyPipeline(309)) - destroying pipeline:Pipeline[ Id: 45c139db-e85e-4886-af10-5677c6b40536, Nodes: 1c10ef1a-c27e-4e26-8da7-bf8f905915b5{ip: 192.168.36.125, host: pr-hdds-1998-57vr7-880049069, networkLocation: /default-rack, certSerialId: null}9b029079-a3a2-4c30-a15c-eadf046183c2{ip: 192.168.36.125, host: pr-hdds-1998-57vr7-880049069, networkLocation: /default-rack, certSerialId: null}5cac240b-a5fb-443c-aa6a-5f791dcf7356{ip: 192.168.36.125, host: pr-hdds-1998-57vr7-880049069, networkLocation: /default-rack, certSerialId: null}, Type:RATIS, Factor:THREE, State:OPEN]
2019-08-21 18:33:48,266 [EventQueue-StaleNodeForStaleNodeHandler] INFO  pipeline.PipelineStateManager (PipelineStateManager.java:finalizePipeline(123)) - Pipeline Pipeline[ Id: 45c139db-e85e-4886-af10-5677c6b40536, Nodes: 1c10ef1a-c27e-4e26-8da7-bf8f905915b5{ip: 192.168.36.125, host: pr-hdds-1998-57vr7-880049069, networkLocation: /default-rack, certSerialId: null}9b029079-a3a2-4c30-a15c-eadf046183c2{ip: 192.168.36.125, host: pr-hdds-1998-57vr7-880049069, networkLocation: /default-rack, certSerialId: null}5cac240b-a5fb-443c-aa6a-5f791dcf7356{ip: 192.168.36.125, host: pr-hdds-1998-57vr7-880049069, networkLocation: /default-rack, certSerialId: null}, Type:RATIS, Factor:THREE, State:CLOSED] moved to CLOSED state
2019-08-21 18:33:48,267 [EventQueue-StaleNodeForStaleNodeHandler] INFO  pipeline.SCMPipelineManager (SCMPipelineManager.java:finalizeAndDestroyPipeline(309)) - destroying pipeline:Pipeline[ Id: bbe6a7f0-1a7f-4c3e-ae16-7c82c274043e, Nodes: 5cac240b-a5fb-443c-aa6a-5f791dcf7356{ip: 192.168.36.125, host: pr-hdds-1998-57vr7-880049069, networkLocation: /default-rack, certSerialId: null}, Type:RATIS, Factor:ONE, State:OPEN]
2019-08-21 18:33:48,271 [EventQueue-StaleNodeForStaleNodeHandler] INFO  pipeline.PipelineStateManager (PipelineStateManager.java:finalizePipeline(123)) - Pipeline Pipeline[ Id: bbe6a7f0-1a7f-4c3e-ae16-7c82c274043e, Nodes: 5cac240b-a5fb-443c-aa6a-5f791dcf7356{ip: 192.168.36.125, host: pr-hdds-1998-57vr7-880049069, networkLocation: /default-rack, certSerialId: null}, Type:RATIS, Factor:ONE, State:CLOSED] moved to CLOSED state
2019-08-21 18:33:48,365 [Thread-609] INFO  impl.FollowerState (FollowerState.java:run(106)) - 1c10ef1a-c27e-4e26-8da7-bf8f905915b5:group-B33579C91A73 changes to CANDIDATE, lastRpcTime:5032, electionTimeout:5032ms
2019-08-21 18:33:48,365 [Thread-609] INFO  impl.RoleInfo (RoleInfo.java:shutdownFollowerState(121)) - 1c10ef1a-c27e-4e26-8da7-bf8f905915b5: shutdown FollowerState
2019-08-21 18:33:48,365 [Thread-609] INFO  impl.RaftServerImpl (RaftServerImpl.java:setRole(171)) - 1c10ef1a-c27e-4e26-8da7-bf8f905915b5:group-B33579C91A73 changes role from FOLLOWER to CANDIDATE at term 0 for changeToCandidate
2019-08-21 18:33:48,366 [Thread-609] INFO  impl.RoleInfo (RoleInfo.java:updateAndGet(143)) - 1c10ef1a-c27e-4e26-8da7-bf8f905915b5: start LeaderElection
2019-08-21 18:33:48,387 | INFO  | SCMAudit | user=jenkins1000 | ip=192.168.36.125 | op=SEND_HEARTBEAT {datanodeUUID=9b029079-a3a2-4c30-a15c-eadf046183c2, command=[]} | ret=SUCCESS |  
2019-08-21 18:33:48,396 [1c10ef1a-c27e-4e26-8da7-bf8f905915b5:group-B33579C91A73:LeaderElection20] INFO  impl.LeaderElection (LeaderElection.java:askForVotes(181)) - 1c10ef1a-c27e-4e26-8da7-bf8f905915b5:group-B33579C91A73:LeaderElection20: begin an election at term 1 for -1: [1c10ef1a-c27e-4e26-8da7-bf8f905915b5:192.168.36.125:37842], old=null
2019-08-21 18:33:48,397 [1c10ef1a-c27e-4e26-8da7-bf8f905915b5:group-B33579C91A73:LeaderElection20] INFO  impl.RoleInfo (RoleInfo.java:shutdownLeaderElection(134)) - 1c10ef1a-c27e-4e26-8da7-bf8f905915b5: shutdown LeaderElection
2019-08-21 18:33:48,397 [1c10ef1a-c27e-4e26-8da7-bf8f905915b5:group-B33579C91A73:LeaderElection20] INFO  impl.RaftServerImpl (RaftServerImpl.java:setRole(171)) - 1c10ef1a-c27e-4e26-8da7-bf8f905915b5:group-B33579C91A73 changes role from CANDIDATE to LEADER at term 1 for changeToLeader
2019-08-21 18:33:48,397 [1c10ef1a-c27e-4e26-8da7-bf8f905915b5:group-B33579C91A73:LeaderElection20] INFO  impl.RaftServerImpl (ServerState.java:setLeader(263)) - 1c10ef1a-c27e-4e26-8da7-bf8f905915b5:group-B33579C91A73 change Leader from null to 1c10ef1a-c27e-4e26-8da7-bf8f905915b5 at term 1 for becomeLeader, leader elected after 5068ms
2019-08-21 18:33:48,397 [1c10ef1a-c27e-4e26-8da7-bf8f905915b5:group-B33579C91A73:LeaderElection20] INFO  server.RaftServerConfigKeys (ConfUtils.java:logGet(43)) - raft.server.staging.catchup.gap = 1000 (default)
2019-08-21 18:33:48,397 [1c10ef1a-c27e-4e26-8da7-bf8f905915b5:group-B33579C91A73:LeaderElection20] INFO  server.RaftServerConfigKeys (ConfUtils.java:logGet(43)) - raft.server.rpc.sleep.time = 25ms (default)
2019-08-21 18:33:48,397 [1c10ef1a-c27e-4e26-8da7-bf8f905915b5:group-B33579C91A73:LeaderElection20] INFO  server.RaftServerConfigKeys (ConfUtils.java:logGet(43)) - raft.server.write.element-limit = 4096 (default)
2019-08-21 18:33:48,398 [1c10ef1a-c27e-4e26-8da7-bf8f905915b5:group-B33579C91A73:LeaderElection20] INFO  server.RaftServerConfigKeys (ConfUtils.java:logGet(43)) - raft.server.watch.timeout = 10s (default)
2019-08-21 18:33:48,398 [1c10ef1a-c27e-4e26-8da7-bf8f905915b5:group-B33579C91A73:LeaderElection20] INFO  server.RaftServerConfigKeys (ConfUtils.java:logGet(43)) - raft.server.watch.timeout.denomination = 1s (default)
2019-08-21 18:33:48,398 [1c10ef1a-c27e-4e26-8da7-bf8f905915b5:group-B33579C91A73:LeaderElection20] INFO  server.RaftServerConfigKeys (ConfUtils.java:logGet(43)) - raft.server.watch.element-limit = 65536 (default)
2019-08-21 18:33:48,398 [1c10ef1a-c27e-4e26-8da7-bf8f905915b5:group-B33579C91A73:LeaderElection20] INFO  impl.RoleInfo (RoleInfo.java:updateAndGet(143)) - 1c10ef1a-c27e-4e26-8da7-bf8f905915b5: start LeaderState
2019-08-21 18:33:48,399 [1c10ef1a-c27e-4e26-8da7-bf8f905915b5:group-B33579C91A73:LeaderElection20] INFO  segmented.SegmentedRaftLogWorker (SegmentedRaftLogWorker.java:startLogSegment(380)) - 1c10ef1a-c27e-4e26-8da7-bf8f905915b5-SegmentedRaftLogWorker:Storage Directory /workdir/hadoop-ozone/integration-test/target/test-dir/MiniOzoneClusterImpl-3d3f5e5e-1edb-4139-a191-6ae7dfb25aa0/datanode-0/data/ratis/2199915b-8e4a-4299-9697-b33579c91a73: Starting segment from index:0
2019-08-21 18:33:48,399 [1c10ef1a-c27e-4e26-8da7-bf8f905915b5:group-B33579C91A73:LeaderElection20] INFO  impl.RaftServerImpl (ServerState.java:setRaftConf(361)) - 1c10ef1a-c27e-4e26-8da7-bf8f905915b5:group-B33579C91A73 set configuration 0: [1c10ef1a-c27e-4e26-8da7-bf8f905915b5:192.168.36.125:37842], old=null at 0
2019-08-21 18:33:48,434 [Thread-612] INFO  impl.FollowerState (FollowerState.java:run(106)) - 5cac240b-a5fb-443c-aa6a-5f791dcf7356:group-7C82C274043E changes to CANDIDATE, lastRpcTime:5045, electionTimeout:5024ms
2019-08-21 18:33:48,434 [Thread-612] INFO  impl.RoleInfo (RoleInfo.java:shutdownFollowerState(121)) - 5cac240b-a5fb-443c-aa6a-5f791dcf7356: shutdown FollowerState
2019-08-21 18:33:48,434 [Thread-612] INFO  impl.RaftServerImpl (RaftServerImpl.java:setRole(171)) - 5cac240b-a5fb-443c-aa6a-5f791dcf7356:group-7C82C274043E changes role from FOLLOWER to CANDIDATE at term 0 for changeToCandidate
2019-08-21 18:33:48,434 [Thread-612] INFO  impl.RoleInfo (RoleInfo.java:updateAndGet(143)) - 5cac240b-a5fb-443c-aa6a-5f791dcf7356: start LeaderElection
2019-08-21 18:33:48,455 [1c10ef1a-c27e-4e26-8da7-bf8f905915b5-SegmentedRaftLogWorker:Storage Directory /workdir/hadoop-ozone/integration-test/target/test-dir/MiniOzoneClusterImpl-3d3f5e5e-1edb-4139-a191-6ae7dfb25aa0/datanode-0/data/ratis/2199915b-8e4a-4299-9697-b33579c91a73] INFO  segmented.SegmentedRaftLogWorker (SegmentedRaftLogWorker.java:execute(569)) - 1c10ef1a-c27e-4e26-8da7-bf8f905915b5-SegmentedRaftLogWorker:Storage Directory /workdir/hadoop-ozone/integration-test/target/test-dir/MiniOzoneClusterImpl-3d3f5e5e-1edb-4139-a191-6ae7dfb25aa0/datanode-0/data/ratis/2199915b-8e4a-4299-9697-b33579c91a73: created new log segment /workdir/hadoop-ozone/integration-test/target/test-dir/MiniOzoneClusterImpl-3d3f5e5e-1edb-4139-a191-6ae7dfb25aa0/datanode-0/data/ratis/2199915b-8e4a-4299-9697-b33579c91a73/current/log_inprogress_0
2019-08-21 18:33:48,455 [5cac240b-a5fb-443c-aa6a-5f791dcf7356:group-7C82C274043E:LeaderElection21] INFO  impl.LeaderElection (LeaderElection.java:askForVotes(181)) - 5cac240b-a5fb-443c-aa6a-5f791dcf7356:group-7C82C274043E:LeaderElection21: begin an election at term 1 for -1: [5cac240b-a5fb-443c-aa6a-5f791dcf7356:192.168.36.125:36833], old=null
2019-08-21 18:33:48,455 [5cac240b-a5fb-443c-aa6a-5f791dcf7356:group-7C82C274043E:LeaderElection21] INFO  impl.RoleInfo (RoleInfo.java:shutdownLeaderElection(134)) - 5cac240b-a5fb-443c-aa6a-5f791dcf7356: shutdown LeaderElection
2019-08-21 18:33:48,456 [5cac240b-a5fb-443c-aa6a-5f791dcf7356:group-7C82C274043E:LeaderElection21] INFO  impl.RaftServerImpl (RaftServerImpl.java:setRole(171)) - 5cac240b-a5fb-443c-aa6a-5f791dcf7356:group-7C82C274043E changes role from CANDIDATE to LEADER at term 1 for changeToLeader
2019-08-21 18:33:48,456 [5cac240b-a5fb-443c-aa6a-5f791dcf7356:group-7C82C274043E:LeaderElection21] INFO  impl.RaftServerImpl (ServerState.java:setLeader(263)) - 5cac240b-a5fb-443c-aa6a-5f791dcf7356:group-7C82C274043E change Leader from null to 5cac240b-a5fb-443c-aa6a-5f791dcf7356 at term 1 for becomeLeader, leader elected after 5072ms
2019-08-21 18:33:48,456 [5cac240b-a5fb-443c-aa6a-5f791dcf7356:group-7C82C274043E:LeaderElection21] INFO  server.RaftServerConfigKeys (ConfUtils.java:logGet(43)) - raft.server.staging.catchup.gap = 1000 (default)
2019-08-21 18:33:48,456 [5cac240b-a5fb-443c-aa6a-5f791dcf7356:group-7C82C274043E:LeaderElection21] INFO  server.RaftServerConfigKeys (ConfUtils.java:logGet(43)) - raft.server.rpc.sleep.time = 25ms (default)
2019-08-21 18:33:48,456 [5cac240b-a5fb-443c-aa6a-5f791dcf7356:group-7C82C274043E:LeaderElection21] INFO  server.RaftServerConfigKeys (ConfUtils.java:logGet(43)) - raft.server.write.element-limit = 4096 (default)
2019-08-21 18:33:48,456 [5cac240b-a5fb-443c-aa6a-5f791dcf7356:group-7C82C274043E:LeaderElection21] INFO  server.RaftServerConfigKeys (ConfUtils.java:logGet(43)) - raft.server.watch.timeout = 10s (default)
2019-08-21 18:33:48,457 [5cac240b-a5fb-443c-aa6a-5f791dcf7356:group-7C82C274043E:LeaderElection21] INFO  server.RaftServerConfigKeys (ConfUtils.java:logGet(43)) - raft.server.watch.timeout.denomination = 1s (default)
2019-08-21 18:33:48,457 [5cac240b-a5fb-443c-aa6a-5f791dcf7356:group-7C82C274043E:LeaderElection21] INFO  server.RaftServerConfigKeys (ConfUtils.java:logGet(43)) - raft.server.watch.element-limit = 65536 (default)
2019-08-21 18:33:48,457 [5cac240b-a5fb-443c-aa6a-5f791dcf7356:group-7C82C274043E:LeaderElection21] INFO  impl.RoleInfo (RoleInfo.java:updateAndGet(143)) - 5cac240b-a5fb-443c-aa6a-5f791dcf7356: start LeaderState
2019-08-21 18:33:48,457 [5cac240b-a5fb-443c-aa6a-5f791dcf7356:group-7C82C274043E:LeaderElection21] INFO  segmented.SegmentedRaftLogWorker (SegmentedRaftLogWorker.java:startLogSegment(380)) - 5cac240b-a5fb-443c-aa6a-5f791dcf7356-SegmentedRaftLogWorker:Storage Directory /workdir/hadoop-ozone/integration-test/target/test-dir/MiniOzoneClusterImpl-3d3f5e5e-1edb-4139-a191-6ae7dfb25aa0/datanode-1/data/ratis/bbe6a7f0-1a7f-4c3e-ae16-7c82c274043e: Starting segment from index:0
2019-08-21 18:33:48,458 [5cac240b-a5fb-443c-aa6a-5f791dcf7356:group-7C82C274043E:LeaderElection21] INFO  impl.RaftServerImpl (ServerState.java:setRaftConf(361)) - 5cac240b-a5fb-443c-aa6a-5f791dcf7356:group-7C82C274043E set configuration 0: [5cac240b-a5fb-443c-aa6a-5f791dcf7356:192.168.36.125:36833], old=null at 0
2019-08-21 18:33:48,509 [5cac240b-a5fb-443c-aa6a-5f791dcf7356-SegmentedRaftLogWorker:Storage Directory /workdir/hadoop-ozone/integration-test/target/test-dir/MiniOzoneClusterImpl-3d3f5e5e-1edb-4139-a191-6ae7dfb25aa0/datanode-1/data/ratis/bbe6a7f0-1a7f-4c3e-ae16-7c82c274043e] INFO  segmented.SegmentedRaftLogWorker (SegmentedRaftLogWorker.java:execute(569)) - 5cac240b-a5fb-443c-aa6a-5f791dcf7356-SegmentedRaftLogWorker:Storage Directory /workdir/hadoop-ozone/integration-test/target/test-dir/MiniOzoneClusterImpl-3d3f5e5e-1edb-4139-a191-6ae7dfb25aa0/datanode-1/data/ratis/bbe6a7f0-1a7f-4c3e-ae16-7c82c274043e: created new log segment /workdir/hadoop-ozone/integration-test/target/test-dir/MiniOzoneClusterImpl-3d3f5e5e-1edb-4139-a191-6ae7dfb25aa0/datanode-1/data/ratis/bbe6a7f0-1a7f-4c3e-ae16-7c82c274043e/current/log_inprogress_0
2019-08-21 18:33:48,765 [main] INFO  ozoneimpl.OzoneContainer (OzoneContainer.java:stop(199)) - Attempting to stop container services.
2019-08-21 18:33:48,765 [ForkJoinPool.commonPool-worker-1] INFO  ozoneimpl.OzoneContainer (OzoneContainer.java:stop(199)) - Attempting to stop container services.
2019-08-21 18:33:48,766 [main] INFO  impl.RaftServerProxy (RaftServerProxy.java:lambda$close$4(314)) - 5cac240b-a5fb-443c-aa6a-5f791dcf7356: close
2019-08-21 18:33:48,766 [ForkJoinPool.commonPool-worker-1] INFO  impl.RaftServerProxy (RaftServerProxy.java:lambda$close$4(314)) - 1c10ef1a-c27e-4e26-8da7-bf8f905915b5: close
2019-08-21 18:33:48,766 [main] INFO  impl.RaftServerImpl (RaftServerImpl.java:lambda$shutdown$3(245)) - 5cac240b-a5fb-443c-aa6a-5f791dcf7356: shutdown group-964A85778C23
2019-08-21 18:33:48,766 [ForkJoinPool.commonPool-worker-1] INFO  impl.RaftServerImpl (RaftServerImpl.java:lambda$shutdown$3(245)) - 1c10ef1a-c27e-4e26-8da7-bf8f905915b5: shutdown group-AF3BD550A00D
2019-08-21 18:33:48,767 [main] INFO  util.JmxRegister (JmxRegister.java:unregister(73)) - Successfully un-registered JMX Bean with object name Ratis:service=RaftServer,group=group-964A85778C23,id=5cac240b-a5fb-443c-aa6a-5f791dcf7356
2019-08-21 18:33:48,767 [ForkJoinPool.commonPool-worker-1] INFO  util.JmxRegister (JmxRegister.java:unregister(73)) - Successfully un-registered JMX Bean with object name Ratis:service=RaftServer,group=group-AF3BD550A00D,id=1c10ef1a-c27e-4e26-8da7-bf8f905915b5
2019-08-21 18:33:48,767 [main] INFO  impl.RoleInfo (RoleInfo.java:shutdownLeaderState(104)) - 5cac240b-a5fb-443c-aa6a-5f791dcf7356: shutdown LeaderState
2019-08-21 18:33:48,767 [ForkJoinPool.commonPool-worker-1] INFO  impl.RoleInfo (RoleInfo.java:shutdownLeaderState(104)) - 1c10ef1a-c27e-4e26-8da7-bf8f905915b5: shutdown LeaderState
2019-08-21 18:33:48,768 [main] INFO  impl.PendingRequests (PendingRequests.java:sendNotLeaderResponses(202)) - 5cac240b-a5fb-443c-aa6a-5f791dcf7356-PendingRequests: sendNotLeaderResponses
2019-08-21 18:33:48,768 [ForkJoinPool.commonPool-worker-1] INFO  impl.PendingRequests (PendingRequests.java:sendNotLeaderResponses(202)) - 1c10ef1a-c27e-4e26-8da7-bf8f905915b5-PendingRequests: sendNotLeaderResponses
2019-08-21 18:33:48,774 [main] INFO  impl.StateMachineUpdater (StateMachineUpdater.java:stopAndJoin(115)) - StateMachineUpdater:5cac240b-a5fb-443c-aa6a-5f791dcf7356:group-964A85778C23: set stopIndex = 2
2019-08-21 18:33:48,776 [main] INFO  impl.RaftServerImpl (ServerState.java:close(394)) - 5cac240b-a5fb-443c-aa6a-5f791dcf7356:group-964A85778C23 closes. The last applied log index is 2
2019-08-21 18:33:48,779 [ForkJoinPool.commonPool-worker-1] INFO  impl.StateMachineUpdater (StateMachineUpdater.java:stopAndJoin(115)) - StateMachineUpdater:1c10ef1a-c27e-4e26-8da7-bf8f905915b5:group-AF3BD550A00D: set stopIndex = 2
2019-08-21 18:33:48,779 [5cac240b-a5fb-443c-aa6a-5f791dcf7356-SegmentedRaftLogWorker:Storage Directory /workdir/hadoop-ozone/integration-test/target/test-dir/MiniOzoneClusterImpl-3d3f5e5e-1edb-4139-a191-6ae7dfb25aa0/datanode-1/data/ratis/47350ca0-e77e-401c-9fe9-964a85778c23] INFO  segmented.SegmentedRaftLogWorker (SegmentedRaftLogWorker.java:run(313)) - 5cac240b-a5fb-443c-aa6a-5f791dcf7356-SegmentedRaftLogWorker:Storage Directory /workdir/hadoop-ozone/integration-test/target/test-dir/MiniOzoneClusterImpl-3d3f5e5e-1edb-4139-a191-6ae7dfb25aa0/datanode-1/data/ratis/47350ca0-e77e-401c-9fe9-964a85778c23 was interrupted, exiting. There are 0 tasks remaining in the queue.
2019-08-21 18:33:48,779 [ForkJoinPool.commonPool-worker-1] INFO  impl.RaftServerImpl (ServerState.java:close(394)) - 1c10ef1a-c27e-4e26-8da7-bf8f905915b5:group-AF3BD550A00D closes. The last applied log index is 2
2019-08-21 18:33:48,781 [main] INFO  segmented.SegmentedRaftLogWorker (SegmentedRaftLogWorker.java:close(228)) - 5cac240b-a5fb-443c-aa6a-5f791dcf7356-SegmentedRaftLogWorker:Storage Directory /workdir/hadoop-ozone/integration-test/target/test-dir/MiniOzoneClusterImpl-3d3f5e5e-1edb-4139-a191-6ae7dfb25aa0/datanode-1/data/ratis/47350ca0-e77e-401c-9fe9-964a85778c23 close()
2019-08-21 18:33:48,781 [1c10ef1a-c27e-4e26-8da7-bf8f905915b5-SegmentedRaftLogWorker:Storage Directory /workdir/hadoop-ozone/integration-test/target/test-dir/MiniOzoneClusterImpl-3d3f5e5e-1edb-4139-a191-6ae7dfb25aa0/datanode-0/data/ratis/fea453f9-2a90-4e35-b9bb-af3bd550a00d] INFO  segmented.SegmentedRaftLogWorker (SegmentedRaftLogWorker.java:run(313)) - 1c10ef1a-c27e-4e26-8da7-bf8f905915b5-SegmentedRaftLogWorker:Storage Directory /workdir/hadoop-ozone/integration-test/target/test-dir/MiniOzoneClusterImpl-3d3f5e5e-1edb-4139-a191-6ae7dfb25aa0/datanode-0/data/ratis/fea453f9-2a90-4e35-b9bb-af3bd550a00d was interrupted, exiting. There are 0 tasks remaining in the queue.
2019-08-21 18:33:48,784 [main] INFO  impl.RaftServerImpl (RaftServerImpl.java:lambda$shutdown$3(245)) - 5cac240b-a5fb-443c-aa6a-5f791dcf7356: shutdown group-5677C6B40536
2019-08-21 18:33:48,789 [ForkJoinPool.commonPool-worker-1] INFO  segmented.SegmentedRaftLogWorker (SegmentedRaftLogWorker.java:close(228)) - 1c10ef1a-c27e-4e26-8da7-bf8f905915b5-SegmentedRaftLogWorker:Storage Directory /workdir/hadoop-ozone/integration-test/target/test-dir/MiniOzoneClusterImpl-3d3f5e5e-1edb-4139-a191-6ae7dfb25aa0/datanode-0/data/ratis/fea453f9-2a90-4e35-b9bb-af3bd550a00d close()
2019-08-21 18:33:48,790 [main] INFO  util.JmxRegister (JmxRegister.java:unregister(73)) - Successfully un-registered JMX Bean with object name Ratis:service=RaftServer,group=group-5677C6B40536,id=5cac240b-a5fb-443c-aa6a-5f791dcf7356
2019-08-21 18:33:48,791 [ForkJoinPool.commonPool-worker-1] INFO  impl.RaftServerImpl (RaftServerImpl.java:lambda$shutdown$3(245)) - 1c10ef1a-c27e-4e26-8da7-bf8f905915b5: shutdown group-5677C6B40536
2019-08-21 18:33:48,791 [main] INFO  impl.RoleInfo (RoleInfo.java:shutdownFollowerState(121)) - 5cac240b-a5fb-443c-aa6a-5f791dcf7356: shutdown FollowerState
2019-08-21 18:33:48,792 [ForkJoinPool.commonPool-worker-1] INFO  util.JmxRegister (JmxRegister.java:unregister(73)) - Successfully un-registered JMX Bean with object name Ratis:service=RaftServer,group=group-5677C6B40536,id=1c10ef1a-c27e-4e26-8da7-bf8f905915b5
2019-08-21 18:33:48,792 [Thread-628] INFO  impl.FollowerState (FollowerState.java:run(114)) - 5cac240b-a5fb-443c-aa6a-5f791dcf7356: FollowerState was interrupted: java.lang.InterruptedException: sleep interrupted
2019-08-21 18:33:48,792 [main] INFO  impl.StateMachineUpdater (StateMachineUpdater.java:stopAndJoin(115)) - StateMachineUpdater:5cac240b-a5fb-443c-aa6a-5f791dcf7356:group-5677C6B40536: set stopIndex = -1
2019-08-21 18:33:48,794 [ForkJoinPool.commonPool-worker-1] INFO  impl.RoleInfo (RoleInfo.java:shutdownFollowerState(121)) - 1c10ef1a-c27e-4e26-8da7-bf8f905915b5: shutdown FollowerState
2019-08-21 18:33:48,795 [main] INFO  impl.RaftServerImpl (ServerState.java:close(394)) - 5cac240b-a5fb-443c-aa6a-5f791dcf7356:group-5677C6B40536 closes. The last applied log index is -1
2019-08-21 18:33:48,796 [Thread-625] INFO  impl.FollowerState (FollowerState.java:run(114)) - 1c10ef1a-c27e-4e26-8da7-bf8f905915b5: FollowerState was interrupted: java.lang.InterruptedException: sleep interrupted
2019-08-21 18:33:48,796 [ForkJoinPool.commonPool-worker-1] INFO  impl.StateMachineUpdater (StateMachineUpdater.java:stopAndJoin(115)) - StateMachineUpdater:1c10ef1a-c27e-4e26-8da7-bf8f905915b5:group-5677C6B40536: set stopIndex = -1
2019-08-21 18:33:48,799 [ForkJoinPool.commonPool-worker-1] INFO  impl.RaftServerImpl (ServerState.java:close(394)) - 1c10ef1a-c27e-4e26-8da7-bf8f905915b5:group-5677C6B40536 closes. The last applied log index is -1
2019-08-21 18:33:48,797 [5cac240b-a5fb-443c-aa6a-5f791dcf7356-SegmentedRaftLogWorker:Storage Directory /workdir/hadoop-ozone/integration-test/target/test-dir/MiniOzoneClusterImpl-3d3f5e5e-1edb-4139-a191-6ae7dfb25aa0/datanode-1/data/ratis/45c139db-e85e-4886-af10-5677c6b40536] INFO  segmented.SegmentedRaftLogWorker (SegmentedRaftLogWorker.java:run(313)) - 5cac240b-a5fb-443c-aa6a-5f791dcf7356-SegmentedRaftLogWorker:Storage Directory /workdir/hadoop-ozone/integration-test/target/test-dir/MiniOzoneClusterImpl-3d3f5e5e-1edb-4139-a191-6ae7dfb25aa0/datanode-1/data/ratis/45c139db-e85e-4886-af10-5677c6b40536 was interrupted, exiting. There are 0 tasks remaining in the queue.
2019-08-21 18:33:48,799 [1c10ef1a-c27e-4e26-8da7-bf8f905915b5-SegmentedRaftLogWorker:Storage Directory /workdir/hadoop-ozone/integration-test/target/test-dir/MiniOzoneClusterImpl-3d3f5e5e-1edb-4139-a191-6ae7dfb25aa0/datanode-0/data/ratis/45c139db-e85e-4886-af10-5677c6b40536] INFO  segmented.SegmentedRaftLogWorker (SegmentedRaftLogWorker.java:run(313)) - 1c10ef1a-c27e-4e26-8da7-bf8f905915b5-SegmentedRaftLogWorker:Storage Directory /workdir/hadoop-ozone/integration-test/target/test-dir/MiniOzoneClusterImpl-3d3f5e5e-1edb-4139-a191-6ae7dfb25aa0/datanode-0/data/ratis/45c139db-e85e-4886-af10-5677c6b40536 was interrupted, exiting. There are 0 tasks remaining in the queue.
2019-08-21 18:33:48,800 [main] INFO  segmented.SegmentedRaftLogWorker (SegmentedRaftLogWorker.java:close(228)) - 5cac240b-a5fb-443c-aa6a-5f791dcf7356-SegmentedRaftLogWorker:Storage Directory /workdir/hadoop-ozone/integration-test/target/test-dir/MiniOzoneClusterImpl-3d3f5e5e-1edb-4139-a191-6ae7dfb25aa0/datanode-1/data/ratis/45c139db-e85e-4886-af10-5677c6b40536 close()
2019-08-21 18:33:48,800 [ForkJoinPool.commonPool-worker-1] INFO  segmented.SegmentedRaftLogWorker (SegmentedRaftLogWorker.java:close(228)) - 1c10ef1a-c27e-4e26-8da7-bf8f905915b5-SegmentedRaftLogWorker:Storage Directory /workdir/hadoop-ozone/integration-test/target/test-dir/MiniOzoneClusterImpl-3d3f5e5e-1edb-4139-a191-6ae7dfb25aa0/datanode-0/data/ratis/45c139db-e85e-4886-af10-5677c6b40536 close()
2019-08-21 18:33:48,801 [main] INFO  impl.RaftServerImpl (RaftServerImpl.java:lambda$shutdown$3(245)) - 5cac240b-a5fb-443c-aa6a-5f791dcf7356: shutdown group-7C82C274043E
2019-08-21 18:33:48,803 [ForkJoinPool.commonPool-worker-1] INFO  impl.RaftServerImpl (RaftServerImpl.java:lambda$shutdown$3(245)) - 1c10ef1a-c27e-4e26-8da7-bf8f905915b5: shutdown group-B33579C91A73
2019-08-21 18:33:48,803 [main] INFO  util.JmxRegister (JmxRegister.java:unregister(73)) - Successfully un-registered JMX Bean with object name Ratis:service=RaftServer,group=group-7C82C274043E,id=5cac240b-a5fb-443c-aa6a-5f791dcf7356
2019-08-21 18:33:48,803 [ForkJoinPool.commonPool-worker-1] INFO  util.JmxRegister (JmxRegister.java:unregister(73)) - Successfully un-registered JMX Bean with object name Ratis:service=RaftServer,group=group-B33579C91A73,id=1c10ef1a-c27e-4e26-8da7-bf8f905915b5
2019-08-21 18:33:48,804 [main] INFO  impl.RoleInfo (RoleInfo.java:shutdownLeaderState(104)) - 5cac240b-a5fb-443c-aa6a-5f791dcf7356: shutdown LeaderState
2019-08-21 18:33:48,804 [ForkJoinPool.commonPool-worker-1] INFO  impl.RoleInfo (RoleInfo.java:shutdownLeaderState(104)) - 1c10ef1a-c27e-4e26-8da7-bf8f905915b5: shutdown LeaderState
2019-08-21 18:33:48,805 [main] INFO  impl.PendingRequests (PendingRequests.java:sendNotLeaderResponses(202)) - 5cac240b-a5fb-443c-aa6a-5f791dcf7356-PendingRequests: sendNotLeaderResponses
2019-08-21 18:33:48,805 [ForkJoinPool.commonPool-worker-1] INFO  impl.PendingRequests (PendingRequests.java:sendNotLeaderResponses(202)) - 1c10ef1a-c27e-4e26-8da7-bf8f905915b5-PendingRequests: sendNotLeaderResponses
2019-08-21 18:33:48,805 [main] INFO  impl.StateMachineUpdater (StateMachineUpdater.java:stopAndJoin(115)) - StateMachineUpdater:5cac240b-a5fb-443c-aa6a-5f791dcf7356:group-7C82C274043E: set stopIndex = 0
2019-08-21 18:33:48,807 [ForkJoinPool.commonPool-worker-1] INFO  impl.StateMachineUpdater (StateMachineUpdater.java:stopAndJoin(115)) - StateMachineUpdater:1c10ef1a-c27e-4e26-8da7-bf8f905915b5:group-B33579C91A73: set stopIndex = 0
2019-08-21 18:33:48,808 [main] INFO  impl.RaftServerImpl (ServerState.java:close(394)) - 5cac240b-a5fb-443c-aa6a-5f791dcf7356:group-7C82C274043E closes. The last applied log index is 0
2019-08-21 18:33:48,808 [ForkJoinPool.commonPool-worker-1] INFO  impl.RaftServerImpl (ServerState.java:close(394)) - 1c10ef1a-c27e-4e26-8da7-bf8f905915b5:group-B33579C91A73 closes. The last applied log index is 0
2019-08-21 18:33:48,809 [5cac240b-a5fb-443c-aa6a-5f791dcf7356-SegmentedRaftLogWorker:Storage Directory /workdir/hadoop-ozone/integration-test/target/test-dir/MiniOzoneClusterImpl-3d3f5e5e-1edb-4139-a191-6ae7dfb25aa0/datanode-1/data/ratis/bbe6a7f0-1a7f-4c3e-ae16-7c82c274043e] INFO  segmented.SegmentedRaftLogWorker (SegmentedRaftLogWorker.java:run(313)) - 5cac240b-a5fb-443c-aa6a-5f791dcf7356-SegmentedRaftLogWorker:Storage Directory /workdir/hadoop-ozone/integration-test/target/test-dir/MiniOzoneClusterImpl-3d3f5e5e-1edb-4139-a191-6ae7dfb25aa0/datanode-1/data/ratis/bbe6a7f0-1a7f-4c3e-ae16-7c82c274043e was interrupted, exiting. There are 0 tasks remaining in the queue.
2019-08-21 18:33:48,809 [1c10ef1a-c27e-4e26-8da7-bf8f905915b5-SegmentedRaftLogWorker:Storage Directory /workdir/hadoop-ozone/integration-test/target/test-dir/MiniOzoneClusterImpl-3d3f5e5e-1edb-4139-a191-6ae7dfb25aa0/datanode-0/data/ratis/2199915b-8e4a-4299-9697-b33579c91a73] INFO  segmented.SegmentedRaftLogWorker (SegmentedRaftLogWorker.java:run(313)) - 1c10ef1a-c27e-4e26-8da7-bf8f905915b5-SegmentedRaftLogWorker:Storage Directory /workdir/hadoop-ozone/integration-test/target/test-dir/MiniOzoneClusterImpl-3d3f5e5e-1edb-4139-a191-6ae7dfb25aa0/datanode-0/data/ratis/2199915b-8e4a-4299-9697-b33579c91a73 was interrupted, exiting. There are 0 tasks remaining in the queue.
2019-08-21 18:33:48,809 [main] INFO  segmented.SegmentedRaftLogWorker (SegmentedRaftLogWorker.java:close(228)) - 5cac240b-a5fb-443c-aa6a-5f791dcf7356-SegmentedRaftLogWorker:Storage Directory /workdir/hadoop-ozone/integration-test/target/test-dir/MiniOzoneClusterImpl-3d3f5e5e-1edb-4139-a191-6ae7dfb25aa0/datanode-1/data/ratis/bbe6a7f0-1a7f-4c3e-ae16-7c82c274043e close()
2019-08-21 18:33:48,810 [ForkJoinPool.commonPool-worker-1] INFO  segmented.SegmentedRaftLogWorker (SegmentedRaftLogWorker.java:close(228)) - 1c10ef1a-c27e-4e26-8da7-bf8f905915b5-SegmentedRaftLogWorker:Storage Directory /workdir/hadoop-ozone/integration-test/target/test-dir/MiniOzoneClusterImpl-3d3f5e5e-1edb-4139-a191-6ae7dfb25aa0/datanode-0/data/ratis/2199915b-8e4a-4299-9697-b33579c91a73 close()
2019-08-21 18:33:48,811 [main] INFO  server.GrpcService (GrpcService.java:closeImpl(155)) - 5cac240b-a5fb-443c-aa6a-5f791dcf7356: shutdown server with port 36833 now
2019-08-21 18:33:48,813 [ForkJoinPool.commonPool-worker-1] INFO  server.GrpcService (GrpcService.java:closeImpl(155)) - 1c10ef1a-c27e-4e26-8da7-bf8f905915b5: shutdown server with port 37842 now
2019-08-21 18:33:48,814 [main] INFO  server.GrpcService (GrpcService.java:closeImpl(163)) - 5cac240b-a5fb-443c-aa6a-5f791dcf7356: shutdown server with port 36833 successfully
2019-08-21 18:33:48,814 [ForkJoinPool.commonPool-worker-1] INFO  server.GrpcService (GrpcService.java:closeImpl(163)) - 1c10ef1a-c27e-4e26-8da7-bf8f905915b5: shutdown server with port 37842 successfully
2019-08-21 18:33:48,816 [main] INFO  utils.BackgroundService (BackgroundService.java:shutdown(148)) - Shutting down service BlockDeletingService
2019-08-21 18:33:48,817 [ForkJoinPool.commonPool-worker-1] INFO  utils.BackgroundService (BackgroundService.java:shutdown(148)) - Shutting down service BlockDeletingService
2019-08-21 18:33:48,817 [refreshUsed-/workdir/hadoop-ozone/integration-test/target/test-dir/MiniOzoneClusterImpl-3d3f5e5e-1edb-4139-a191-6ae7dfb25aa0/datanode-1/data/containers] WARN  fs.CachingGetSpaceUsed (CachingGetSpaceUsed.java:run(183)) - Thread Interrupted waiting to refresh disk information: sleep interrupted
2019-08-21 18:33:48,819 [refreshUsed-/workdir/hadoop-ozone/integration-test/target/test-dir/MiniOzoneClusterImpl-3d3f5e5e-1edb-4139-a191-6ae7dfb25aa0/datanode-0/data/containers] WARN  fs.CachingGetSpaceUsed (CachingGetSpaceUsed.java:run(183)) - Thread Interrupted waiting to refresh disk information: sleep interrupted
2019-08-21 18:33:48,840 [ForkJoinPool.commonPool-worker-1] INFO  statemachine.DatanodeStateMachine (DatanodeStateMachine.java:stopDaemon(395)) - Ozone container server stopped.
2019-08-21 18:33:48,844 [ForkJoinPool.commonPool-worker-1] INFO  handler.ContextHandler (ContextHandler.java:doStop(910)) - Stopped o.e.j.w.WebAppContext@6e69d26a{/,null,UNAVAILABLE}{/hddsDatanode}
2019-08-21 18:33:48,845 [main] INFO  statemachine.DatanodeStateMachine (DatanodeStateMachine.java:stopDaemon(395)) - Ozone container server stopped.
2019-08-21 18:33:48,848 [ForkJoinPool.commonPool-worker-1] INFO  server.AbstractConnector (AbstractConnector.java:doStop(318)) - Stopped ServerConnector@4f749aa2{HTTP/1.1,[http/1.1]}{0.0.0.0:43130}
2019-08-21 18:33:48,849 [main] INFO  handler.ContextHandler (ContextHandler.java:doStop(910)) - Stopped o.e.j.w.WebAppContext@7914c6cd{/,null,UNAVAILABLE}{/hddsDatanode}
2019-08-21 18:33:48,850 [ForkJoinPool.commonPool-worker-1] INFO  handler.ContextHandler (ContextHandler.java:doStop(910)) - Stopped o.e.j.s.ServletContextHandler@4c028ba8{/static,jar:file:/home/user/.m2/repository/org/apache/hadoop/hadoop-hdds-container-service/0.5.0-SNAPSHOT/hadoop-hdds-container-service-0.5.0-SNAPSHOT.jar!/webapps/static,UNAVAILABLE}
2019-08-21 18:33:48,851 [ForkJoinPool.commonPool-worker-1] INFO  handler.ContextHandler (ContextHandler.java:doStop(910)) - Stopped o.e.j.s.ServletContextHandler@fb8d3fb{/logs,file:///workdir/hadoop-ozone/integration-test/target/log,UNAVAILABLE}
2019-08-21 18:33:48,851 [main] INFO  server.AbstractConnector (AbstractConnector.java:doStop(318)) - Stopped ServerConnector@28867ecb{HTTP/1.1,[http/1.1]}{0.0.0.0:42398}
2019-08-21 18:33:48,853 [main] INFO  handler.ContextHandler (ContextHandler.java:doStop(910)) - Stopped o.e.j.s.ServletContextHandler@72e58123{/static,jar:file:/home/user/.m2/repository/org/apache/hadoop/hadoop-hdds-container-service/0.5.0-SNAPSHOT/hadoop-hdds-container-service-0.5.0-SNAPSHOT.jar!/webapps/static,UNAVAILABLE}
2019-08-21 18:33:48,854 [ForkJoinPool.commonPool-worker-1] INFO  datanode.ObjectStoreHandler (ObjectStoreHandler.java:close(155)) - Closing ObjectStoreHandler.
2019-08-21 18:33:48,855 [main] INFO  handler.ContextHandler (ContextHandler.java:doStop(910)) - Stopped o.e.j.s.ServletContextHandler@27d9660b{/logs,file:///workdir/hadoop-ozone/integration-test/target/log,UNAVAILABLE}
2019-08-21 18:33:48,855 [ForkJoinPool.commonPool-worker-1] INFO  ozone.HddsDatanodeService (HddsDatanodeService.java:stop(451)) - Stopped plug-in org.apache.hadoop.ozone.web.OzoneHddsDatanodeService@5019805d
2019-08-21 18:33:49,266 [EventQueue-StaleNodeForStaleNodeHandler] INFO  node.StaleNodeHandler (StaleNodeHandler.java:onMessage(58)) - Datanode 1c10ef1a-c27e-4e26-8da7-bf8f905915b5{ip: 192.168.36.125, host: pr-hdds-1998-57vr7-880049069, networkLocation: /default-rack, certSerialId: null} moved to stale state. Finalizing its pipelines [PipelineID=fea453f9-2a90-4e35-b9bb-af3bd550a00d, PipelineID=45c139db-e85e-4886-af10-5677c6b40536, PipelineID=2199915b-8e4a-4299-9697-b33579c91a73]
2019-08-21 18:33:49,266 [EventQueue-StaleNodeForStaleNodeHandler] INFO  pipeline.SCMPipelineManager (SCMPipelineManager.java:finalizeAndDestroyPipeline(309)) - destroying pipeline:Pipeline[ Id: fea453f9-2a90-4e35-b9bb-af3bd550a00d, Nodes: 1c10ef1a-c27e-4e26-8da7-bf8f905915b5{ip: 192.168.36.125, host: pr-hdds-1998-57vr7-880049069, networkLocation: /default-rack, certSerialId: null}, Type:RATIS, Factor:ONE, State:CLOSED]
2019-08-21 18:33:49,267 [EventQueue-StaleNodeForStaleNodeHandler] INFO  pipeline.SCMPipelineManager (SCMPipelineManager.java:finalizeAndDestroyPipeline(309)) - destroying pipeline:Pipeline[ Id: 45c139db-e85e-4886-af10-5677c6b40536, Nodes: 1c10ef1a-c27e-4e26-8da7-bf8f905915b5{ip: 192.168.36.125, host: pr-hdds-1998-57vr7-880049069, networkLocation: /default-rack, certSerialId: null}9b029079-a3a2-4c30-a15c-eadf046183c2{ip: 192.168.36.125, host: pr-hdds-1998-57vr7-880049069, networkLocation: /default-rack, certSerialId: null}5cac240b-a5fb-443c-aa6a-5f791dcf7356{ip: 192.168.36.125, host: pr-hdds-1998-57vr7-880049069, networkLocation: /default-rack, certSerialId: null}, Type:RATIS, Factor:THREE, State:CLOSED]
2019-08-21 18:33:49,267 [EventQueue-StaleNodeForStaleNodeHandler] INFO  pipeline.SCMPipelineManager (SCMPipelineManager.java:finalizeAndDestroyPipeline(309)) - destroying pipeline:Pipeline[ Id: 2199915b-8e4a-4299-9697-b33579c91a73, Nodes: 1c10ef1a-c27e-4e26-8da7-bf8f905915b5{ip: 192.168.36.125, host: pr-hdds-1998-57vr7-880049069, networkLocation: /default-rack, certSerialId: null}, Type:RATIS, Factor:ONE, State:OPEN]
2019-08-21 18:33:49,267 [EventQueue-StaleNodeForStaleNodeHandler] INFO  pipeline.PipelineStateManager (PipelineStateManager.java:finalizePipeline(123)) - Pipeline Pipeline[ Id: 2199915b-8e4a-4299-9697-b33579c91a73, Nodes: 1c10ef1a-c27e-4e26-8da7-bf8f905915b5{ip: 192.168.36.125, host: pr-hdds-1998-57vr7-880049069, networkLocation: /default-rack, certSerialId: null}, Type:RATIS, Factor:ONE, State:CLOSED] moved to CLOSED state
2019-08-21 18:33:49,350 [Thread-619] INFO  impl.FollowerState (FollowerState.java:run(106)) - 9b029079-a3a2-4c30-a15c-eadf046183c2:group-4A3DA1171F07 changes to CANDIDATE, lastRpcTime:5017, electionTimeout:5017ms
2019-08-21 18:33:49,351 [Thread-619] INFO  impl.RoleInfo (RoleInfo.java:shutdownFollowerState(121)) - 9b029079-a3a2-4c30-a15c-eadf046183c2: shutdown FollowerState
2019-08-21 18:33:49,351 [Thread-619] INFO  impl.RaftServerImpl (RaftServerImpl.java:setRole(171)) - 9b029079-a3a2-4c30-a15c-eadf046183c2:group-4A3DA1171F07 changes role from FOLLOWER to CANDIDATE at term 0 for changeToCandidate
2019-08-21 18:33:49,351 [Thread-619] INFO  impl.RoleInfo (RoleInfo.java:updateAndGet(143)) - 9b029079-a3a2-4c30-a15c-eadf046183c2: start LeaderElection
2019-08-21 18:33:49,386 [Datanode State Machine Thread - 0] INFO  statemachine.DatanodeStateMachine (DatanodeStateMachine.java:lambda$startDaemon$0(350)) - Ozone container server started.
2019-08-21 18:33:49,389 [9b029079-a3a2-4c30-a15c-eadf046183c2:group-4A3DA1171F07:LeaderElection22] INFO  impl.LeaderElection (LeaderElection.java:askForVotes(181)) - 9b029079-a3a2-4c30-a15c-eadf046183c2:group-4A3DA1171F07:LeaderElection22: begin an election at term 1 for -1: [9b029079-a3a2-4c30-a15c-eadf046183c2:192.168.36.125:36224], old=null
2019-08-21 18:33:49,389 [9b029079-a3a2-4c30-a15c-eadf046183c2:group-4A3DA1171F07:LeaderElection22] INFO  impl.RoleInfo (RoleInfo.java:shutdownLeaderElection(134)) - 9b029079-a3a2-4c30-a15c-eadf046183c2: shutdown LeaderElection
2019-08-21 18:33:49,390 [9b029079-a3a2-4c30-a15c-eadf046183c2:group-4A3DA1171F07:LeaderElection22] INFO  impl.RaftServerImpl (RaftServerImpl.java:setRole(171)) - 9b029079-a3a2-4c30-a15c-eadf046183c2:group-4A3DA1171F07 changes role from CANDIDATE to LEADER at term 1 for changeToLeader
2019-08-21 18:33:49,390 [9b029079-a3a2-4c30-a15c-eadf046183c2:group-4A3DA1171F07:LeaderElection22] INFO  impl.RaftServerImpl (ServerState.java:setLeader(263)) - 9b029079-a3a2-4c30-a15c-eadf046183c2:group-4A3DA1171F07 change Leader from null to 9b029079-a3a2-4c30-a15c-eadf046183c2 at term 1 for becomeLeader, leader elected after 5061ms
2019-08-21 18:33:49,390 [9b029079-a3a2-4c30-a15c-eadf046183c2:group-4A3DA1171F07:LeaderElection22] INFO  server.RaftServerConfigKeys (ConfUtils.java:logGet(43)) - raft.server.staging.catchup.gap = 1000 (default)
2019-08-21 18:33:49,390 [9b029079-a3a2-4c30-a15c-eadf046183c2:group-4A3DA1171F07:LeaderElection22] INFO  server.RaftServerConfigKeys (ConfUtils.java:logGet(43)) - raft.server.rpc.sleep.time = 25ms (default)
2019-08-21 18:33:49,390 [9b029079-a3a2-4c30-a15c-eadf046183c2:group-4A3DA1171F07:LeaderElection22] INFO  server.RaftServerConfigKeys (ConfUtils.java:logGet(43)) - raft.server.write.element-limit = 4096 (default)
2019-08-21 18:33:49,390 [9b029079-a3a2-4c30-a15c-eadf046183c2:group-4A3DA1171F07:LeaderElection22] INFO  server.RaftServerConfigKeys (ConfUtils.java:logGet(43)) - raft.server.watch.timeout = 10s (default)
2019-08-21 18:33:49,391 [9b029079-a3a2-4c30-a15c-eadf046183c2:group-4A3DA1171F07:LeaderElection22] INFO  server.RaftServerConfigKeys (ConfUtils.java:logGet(43)) - raft.server.watch.timeout.denomination = 1s (default)
2019-08-21 18:33:49,391 [9b029079-a3a2-4c30-a15c-eadf046183c2:group-4A3DA1171F07:LeaderElection22] INFO  server.RaftServerConfigKeys (ConfUtils.java:logGet(43)) - raft.server.watch.element-limit = 65536 (default)
2019-08-21 18:33:49,391 [9b029079-a3a2-4c30-a15c-eadf046183c2:group-4A3DA1171F07:LeaderElection22] INFO  impl.RoleInfo (RoleInfo.java:updateAndGet(143)) - 9b029079-a3a2-4c30-a15c-eadf046183c2: start LeaderState
2019-08-21 18:33:49,392 [9b029079-a3a2-4c30-a15c-eadf046183c2:group-4A3DA1171F07:LeaderElection22] INFO  segmented.SegmentedRaftLogWorker (SegmentedRaftLogWorker.java:startLogSegment(380)) - 9b029079-a3a2-4c30-a15c-eadf046183c2-SegmentedRaftLogWorker:Storage Directory /workdir/hadoop-ozone/integration-test/target/test-dir/MiniOzoneClusterImpl-3d3f5e5e-1edb-4139-a191-6ae7dfb25aa0/datanode-2/data/ratis/e707f3af-7d0d-4bfe-8985-4a3da1171f07: Starting segment from index:0
2019-08-21 18:33:49,392 [9b029079-a3a2-4c30-a15c-eadf046183c2:group-4A3DA1171F07:LeaderElection22] INFO  impl.RaftServerImpl (ServerState.java:setRaftConf(361)) - 9b029079-a3a2-4c30-a15c-eadf046183c2:group-4A3DA1171F07 set configuration 0: [9b029079-a3a2-4c30-a15c-eadf046183c2:192.168.36.125:36224], old=null at 0
2019-08-21 18:33:49,455 [9b029079-a3a2-4c30-a15c-eadf046183c2-SegmentedRaftLogWorker:Storage Directory /workdir/hadoop-ozone/integration-test/target/test-dir/MiniOzoneClusterImpl-3d3f5e5e-1edb-4139-a191-6ae7dfb25aa0/datanode-2/data/ratis/e707f3af-7d0d-4bfe-8985-4a3da1171f07] INFO  segmented.SegmentedRaftLogWorker (SegmentedRaftLogWorker.java:execute(569)) - 9b029079-a3a2-4c30-a15c-eadf046183c2-SegmentedRaftLogWorker:Storage Directory /workdir/hadoop-ozone/integration-test/target/test-dir/MiniOzoneClusterImpl-3d3f5e5e-1edb-4139-a191-6ae7dfb25aa0/datanode-2/data/ratis/e707f3af-7d0d-4bfe-8985-4a3da1171f07: created new log segment /workdir/hadoop-ozone/integration-test/target/test-dir/MiniOzoneClusterImpl-3d3f5e5e-1edb-4139-a191-6ae7dfb25aa0/datanode-2/data/ratis/e707f3af-7d0d-4bfe-8985-4a3da1171f07/current/log_inprogress_0
2019-08-21 18:33:49,633 [Thread-622] INFO  impl.FollowerState (FollowerState.java:run(106)) - 9b029079-a3a2-4c30-a15c-eadf046183c2:group-5677C6B40536 changes to CANDIDATE, lastRpcTime:5190, electionTimeout:5190ms
2019-08-21 18:33:49,633 [Thread-622] INFO  impl.RoleInfo (RoleInfo.java:shutdownFollowerState(121)) - 9b029079-a3a2-4c30-a15c-eadf046183c2: shutdown FollowerState
2019-08-21 18:33:49,633 [Thread-622] INFO  impl.RaftServerImpl (RaftServerImpl.java:setRole(171)) - 9b029079-a3a2-4c30-a15c-eadf046183c2:group-5677C6B40536 changes role from FOLLOWER to CANDIDATE at term 0 for changeToCandidate
2019-08-21 18:33:49,633 [Thread-622] INFO  impl.RoleInfo (RoleInfo.java:updateAndGet(143)) - 9b029079-a3a2-4c30-a15c-eadf046183c2: start LeaderElection
2019-08-21 18:33:49,663 [9b029079-a3a2-4c30-a15c-eadf046183c2:group-5677C6B40536:LeaderElection23] INFO  impl.LeaderElection (LeaderElection.java:askForVotes(181)) - 9b029079-a3a2-4c30-a15c-eadf046183c2:group-5677C6B40536:LeaderElection23: begin an election at term 1 for -1: [5cac240b-a5fb-443c-aa6a-5f791dcf7356:192.168.36.125:36833, 1c10ef1a-c27e-4e26-8da7-bf8f905915b5:192.168.36.125:37842, 9b029079-a3a2-4c30-a15c-eadf046183c2:192.168.36.125:36224], old=null
2019-08-21 18:33:49,671 [9b029079-a3a2-4c30-a15c-eadf046183c2:group-5677C6B40536:LeaderElection23] INFO  impl.LeaderElection (LogUtils.java:infoOrTrace(149)) - 9b029079-a3a2-4c30-a15c-eadf046183c2:group-5677C6B40536:LeaderElection23 got exception when requesting votes: {}
java.util.concurrent.ExecutionException: org.apache.ratis.thirdparty.io.grpc.StatusRuntimeException: UNAVAILABLE: io exception
	at java.util.concurrent.FutureTask.report(FutureTask.java:122)
	at java.util.concurrent.FutureTask.get(FutureTask.java:192)
	at org.apache.ratis.server.impl.LeaderElection.waitForResults(LeaderElection.java:262)
	at org.apache.ratis.server.impl.LeaderElection.askForVotes(LeaderElection.java:200)
	at org.apache.ratis.server.impl.LeaderElection.run(LeaderElection.java:130)
	at java.lang.Thread.run(Thread.java:748)
Caused by: org.apache.ratis.thirdparty.io.grpc.StatusRuntimeException: UNAVAILABLE: io exception
	at org.apache.ratis.thirdparty.io.grpc.stub.ClientCalls.toStatusRuntimeException(ClientCalls.java:233)
	at org.apache.ratis.thirdparty.io.grpc.stub.ClientCalls.getUnchecked(ClientCalls.java:214)
	at org.apache.ratis.thirdparty.io.grpc.stub.ClientCalls.blockingUnaryCall(ClientCalls.java:139)
	at org.apache.ratis.proto.grpc.RaftServerProtocolServiceGrpc$RaftServerProtocolServiceBlockingStub.requestVote(RaftServerProtocolServiceGrpc.java:265)
	at org.apache.ratis.grpc.server.GrpcServerProtocolClient.requestVote(GrpcServerProtocolClient.java:83)
	at org.apache.ratis.grpc.server.GrpcService.requestVote(GrpcService.java:195)
	at org.apache.ratis.server.impl.LeaderElection.lambda$submitRequests$1(LeaderElection.java:237)
	at java.util.concurrent.FutureTask.run(FutureTask.java:266)
	at java.util.concurrent.Executors$RunnableAdapter.call(Executors.java:511)
	at java.util.concurrent.FutureTask.run(FutureTask.java:266)
	at java.util.concurrent.ThreadPoolExecutor.runWorker(ThreadPoolExecutor.java:1149)
	at java.util.concurrent.ThreadPoolExecutor$Worker.run(ThreadPoolExecutor.java:624)
	... 1 more
Caused by: org.apache.ratis.thirdparty.io.netty.channel.AbstractChannel$AnnotatedConnectException: Connection refused: /192.168.36.125:36833
	at sun.nio.ch.SocketChannelImpl.checkConnect(Native Method)
	at sun.nio.ch.SocketChannelImpl.finishConnect(SocketChannelImpl.java:717)
	at org.apache.ratis.thirdparty.io.netty.channel.socket.nio.NioSocketChannel.doFinishConnect(NioSocketChannel.java:327)
	at org.apache.ratis.thirdparty.io.netty.channel.nio.AbstractNioChannel$AbstractNioUnsafe.finishConnect(AbstractNioChannel.java:340)
	at org.apache.ratis.thirdparty.io.netty.channel.nio.NioEventLoop.processSelectedKey(NioEventLoop.java:632)
	at org.apache.ratis.thirdparty.io.netty.channel.nio.NioEventLoop.processSelectedKeysOptimized(NioEventLoop.java:579)
	at org.apache.ratis.thirdparty.io.netty.channel.nio.NioEventLoop.processSelectedKeys(NioEventLoop.java:496)
	at org.apache.ratis.thirdparty.io.netty.channel.nio.NioEventLoop.run(NioEventLoop.java:458)
	at org.apache.ratis.thirdparty.io.netty.util.concurrent.SingleThreadEventExecutor$5.run(SingleThreadEventExecutor.java:897)
	at org.apache.ratis.thirdparty.io.netty.util.concurrent.FastThreadLocalRunnable.run(FastThreadLocalRunnable.java:30)
	... 1 more
Caused by: java.net.ConnectException: Connection refused
	... 11 more
2019-08-21 18:33:49,673 [9b029079-a3a2-4c30-a15c-eadf046183c2:group-5677C6B40536:LeaderElection23] INFO  impl.LeaderElection (LogUtils.java:infoOrTrace(149)) - 9b029079-a3a2-4c30-a15c-eadf046183c2:group-5677C6B40536:LeaderElection23 got exception when requesting votes: {}
java.util.concurrent.ExecutionException: org.apache.ratis.thirdparty.io.grpc.StatusRuntimeException: UNAVAILABLE: io exception
	at java.util.concurrent.FutureTask.report(FutureTask.java:122)
	at java.util.concurrent.FutureTask.get(FutureTask.java:192)
	at org.apache.ratis.server.impl.LeaderElection.waitForResults(LeaderElection.java:262)
	at org.apache.ratis.server.impl.LeaderElection.askForVotes(LeaderElection.java:200)
	at org.apache.ratis.server.impl.LeaderElection.run(LeaderElection.java:130)
	at java.lang.Thread.run(Thread.java:748)
Caused by: org.apache.ratis.thirdparty.io.grpc.StatusRuntimeException: UNAVAILABLE: io exception
	at org.apache.ratis.thirdparty.io.grpc.stub.ClientCalls.toStatusRuntimeException(ClientCalls.java:233)
	at org.apache.ratis.thirdparty.io.grpc.stub.ClientCalls.getUnchecked(ClientCalls.java:214)
	at org.apache.ratis.thirdparty.io.grpc.stub.ClientCalls.blockingUnaryCall(ClientCalls.java:139)
	at org.apache.ratis.proto.grpc.RaftServerProtocolServiceGrpc$RaftServerProtocolServiceBlockingStub.requestVote(RaftServerProtocolServiceGrpc.java:265)
	at org.apache.ratis.grpc.server.GrpcServerProtocolClient.requestVote(GrpcServerProtocolClient.java:83)
	at org.apache.ratis.grpc.server.GrpcService.requestVote(GrpcService.java:195)
	at org.apache.ratis.server.impl.LeaderElection.lambda$submitRequests$1(LeaderElection.java:237)
	at java.util.concurrent.FutureTask.run(FutureTask.java:266)
	at java.util.concurrent.Executors$RunnableAdapter.call(Executors.java:511)
	at java.util.concurrent.FutureTask.run(FutureTask.java:266)
	at java.util.concurrent.ThreadPoolExecutor.runWorker(ThreadPoolExecutor.java:1149)
	at java.util.concurrent.ThreadPoolExecutor$Worker.run(ThreadPoolExecutor.java:624)
	... 1 more
Caused by: org.apache.ratis.thirdparty.io.netty.channel.AbstractChannel$AnnotatedConnectException: Connection refused: /192.168.36.125:37842
	at sun.nio.ch.SocketChannelImpl.checkConnect(Native Method)
	at sun.nio.ch.SocketChannelImpl.finishConnect(SocketChannelImpl.java:717)
	at org.apache.ratis.thirdparty.io.netty.channel.socket.nio.NioSocketChannel.doFinishConnect(NioSocketChannel.java:327)
	at org.apache.ratis.thirdparty.io.netty.channel.nio.AbstractNioChannel$AbstractNioUnsafe.finishConnect(AbstractNioChannel.java:340)
	at org.apache.ratis.thirdparty.io.netty.channel.nio.NioEventLoop.processSelectedKey(NioEventLoop.java:632)
	at org.apache.ratis.thirdparty.io.netty.channel.nio.NioEventLoop.processSelectedKeysOptimized(NioEventLoop.java:579)
	at org.apache.ratis.thirdparty.io.netty.channel.nio.NioEventLoop.processSelectedKeys(NioEventLoop.java:496)
	at org.apache.ratis.thirdparty.io.netty.channel.nio.NioEventLoop.run(NioEventLoop.java:458)
	at org.apache.ratis.thirdparty.io.netty.util.concurrent.SingleThreadEventExecutor$5.run(SingleThreadEventExecutor.java:897)
	at org.apache.ratis.thirdparty.io.netty.util.concurrent.FastThreadLocalRunnable.run(FastThreadLocalRunnable.java:30)
	... 1 more
Caused by: java.net.ConnectException: Connection refused
	... 11 more
2019-08-21 18:33:49,675 [9b029079-a3a2-4c30-a15c-eadf046183c2:group-5677C6B40536:LeaderElection23] INFO  impl.LeaderElection (LeaderElection.java:logAndReturn(56)) - 9b029079-a3a2-4c30-a15c-eadf046183c2:group-5677C6B40536:LeaderElection23: Election REJECTED; received 0 response(s) [] and 2 exception(s); 9b029079-a3a2-4c30-a15c-eadf046183c2:t1, leader=null, voted=9b029079-a3a2-4c30-a15c-eadf046183c2, raftlog=9b029079-a3a2-4c30-a15c-eadf046183c2-SegmentedRaftLog:OPENED:c-1,f-1,i0, conf=-1: [5cac240b-a5fb-443c-aa6a-5f791dcf7356:192.168.36.125:36833, 1c10ef1a-c27e-4e26-8da7-bf8f905915b5:192.168.36.125:37842, 9b029079-a3a2-4c30-a15c-eadf046183c2:192.168.36.125:36224], old=null
2019-08-21 18:33:49,675 [9b029079-a3a2-4c30-a15c-eadf046183c2:group-5677C6B40536:LeaderElection23] INFO  impl.LeaderElection (LogUtils.java:infoOrTrace(149)) -   Exception 0: {}
java.util.concurrent.ExecutionException: org.apache.ratis.thirdparty.io.grpc.StatusRuntimeException: UNAVAILABLE: io exception
	at java.util.concurrent.FutureTask.report(FutureTask.java:122)
	at java.util.concurrent.FutureTask.get(FutureTask.java:192)
	at org.apache.ratis.server.impl.LeaderElection.waitForResults(LeaderElection.java:262)
	at org.apache.ratis.server.impl.LeaderElection.askForVotes(LeaderElection.java:200)
	at org.apache.ratis.server.impl.LeaderElection.run(LeaderElection.java:130)
	at java.lang.Thread.run(Thread.java:748)
Caused by: org.apache.ratis.thirdparty.io.grpc.StatusRuntimeException: UNAVAILABLE: io exception
	at org.apache.ratis.thirdparty.io.grpc.stub.ClientCalls.toStatusRuntimeException(ClientCalls.java:233)
	at org.apache.ratis.thirdparty.io.grpc.stub.ClientCalls.getUnchecked(ClientCalls.java:214)
	at org.apache.ratis.thirdparty.io.grpc.stub.ClientCalls.blockingUnaryCall(ClientCalls.java:139)
	at org.apache.ratis.proto.grpc.RaftServerProtocolServiceGrpc$RaftServerProtocolServiceBlockingStub.requestVote(RaftServerProtocolServiceGrpc.java:265)
	at org.apache.ratis.grpc.server.GrpcServerProtocolClient.requestVote(GrpcServerProtocolClient.java:83)
	at org.apache.ratis.grpc.server.GrpcService.requestVote(GrpcService.java:195)
	at org.apache.ratis.server.impl.LeaderElection.lambda$submitRequests$1(LeaderElection.java:237)
	at java.util.concurrent.FutureTask.run(FutureTask.java:266)
	at java.util.concurrent.Executors$RunnableAdapter.call(Executors.java:511)
	at java.util.concurrent.FutureTask.run(FutureTask.java:266)
	at java.util.concurrent.ThreadPoolExecutor.runWorker(ThreadPoolExecutor.java:1149)
	at java.util.concurrent.ThreadPoolExecutor$Worker.run(ThreadPoolExecutor.java:624)
	... 1 more
Caused by: org.apache.ratis.thirdparty.io.netty.channel.AbstractChannel$AnnotatedConnectException: Connection refused: /192.168.36.125:36833
	at sun.nio.ch.SocketChannelImpl.checkConnect(Native Method)
	at sun.nio.ch.SocketChannelImpl.finishConnect(SocketChannelImpl.java:717)
	at org.apache.ratis.thirdparty.io.netty.channel.socket.nio.NioSocketChannel.doFinishConnect(NioSocketChannel.java:327)
	at org.apache.ratis.thirdparty.io.netty.channel.nio.AbstractNioChannel$AbstractNioUnsafe.finishConnect(AbstractNioChannel.java:340)
	at org.apache.ratis.thirdparty.io.netty.channel.nio.NioEventLoop.processSelectedKey(NioEventLoop.java:632)
	at org.apache.ratis.thirdparty.io.netty.channel.nio.NioEventLoop.processSelectedKeysOptimized(NioEventLoop.java:579)
	at org.apache.ratis.thirdparty.io.netty.channel.nio.NioEventLoop.processSelectedKeys(NioEventLoop.java:496)
	at org.apache.ratis.thirdparty.io.netty.channel.nio.NioEventLoop.run(NioEventLoop.java:458)
	at org.apache.ratis.thirdparty.io.netty.util.concurrent.SingleThreadEventExecutor$5.run(SingleThreadEventExecutor.java:897)
	at org.apache.ratis.thirdparty.io.netty.util.concurrent.FastThreadLocalRunnable.run(FastThreadLocalRunnable.java:30)
	... 1 more
Caused by: java.net.ConnectException: Connection refused
	... 11 more
2019-08-21 18:33:49,676 [9b029079-a3a2-4c30-a15c-eadf046183c2:group-5677C6B40536:LeaderElection23] INFO  impl.LeaderElection (LogUtils.java:infoOrTrace(149)) -   Exception 1: {}
java.util.concurrent.ExecutionException: org.apache.ratis.thirdparty.io.grpc.StatusRuntimeException: UNAVAILABLE: io exception
	at java.util.concurrent.FutureTask.report(FutureTask.java:122)
	at java.util.concurrent.FutureTask.get(FutureTask.java:192)
	at org.apache.ratis.server.impl.LeaderElection.waitForResults(LeaderElection.java:262)
	at org.apache.ratis.server.impl.LeaderElection.askForVotes(LeaderElection.java:200)
	at org.apache.ratis.server.impl.LeaderElection.run(LeaderElection.java:130)
	at java.lang.Thread.run(Thread.java:748)
Caused by: org.apache.ratis.thirdparty.io.grpc.StatusRuntimeException: UNAVAILABLE: io exception
	at org.apache.ratis.thirdparty.io.grpc.stub.ClientCalls.toStatusRuntimeException(ClientCalls.java:233)
	at org.apache.ratis.thirdparty.io.grpc.stub.ClientCalls.getUnchecked(ClientCalls.java:214)
	at org.apache.ratis.thirdparty.io.grpc.stub.ClientCalls.blockingUnaryCall(ClientCalls.java:139)
	at org.apache.ratis.proto.grpc.RaftServerProtocolServiceGrpc$RaftServerProtocolServiceBlockingStub.requestVote(RaftServerProtocolServiceGrpc.java:265)
	at org.apache.ratis.grpc.server.GrpcServerProtocolClient.requestVote(GrpcServerProtocolClient.java:83)
	at org.apache.ratis.grpc.server.GrpcService.requestVote(GrpcService.java:195)
	at org.apache.ratis.server.impl.LeaderElection.lambda$submitRequests$1(LeaderElection.java:237)
	at java.util.concurrent.FutureTask.run(FutureTask.java:266)
	at java.util.concurrent.Executors$RunnableAdapter.call(Executors.java:511)
	at java.util.concurrent.FutureTask.run(FutureTask.java:266)
	at java.util.concurrent.ThreadPoolExecutor.runWorker(ThreadPoolExecutor.java:1149)
	at java.util.concurrent.ThreadPoolExecutor$Worker.run(ThreadPoolExecutor.java:624)
	... 1 more
Caused by: org.apache.ratis.thirdparty.io.netty.channel.AbstractChannel$AnnotatedConnectException: Connection refused: /192.168.36.125:37842
	at sun.nio.ch.SocketChannelImpl.checkConnect(Native Method)
	at sun.nio.ch.SocketChannelImpl.finishConnect(SocketChannelImpl.java:717)
	at org.apache.ratis.thirdparty.io.netty.channel.socket.nio.NioSocketChannel.doFinishConnect(NioSocketChannel.java:327)
	at org.apache.ratis.thirdparty.io.netty.channel.nio.AbstractNioChannel$AbstractNioUnsafe.finishConnect(AbstractNioChannel.java:340)
	at org.apache.ratis.thirdparty.io.netty.channel.nio.NioEventLoop.processSelectedKey(NioEventLoop.java:632)
	at org.apache.ratis.thirdparty.io.netty.channel.nio.NioEventLoop.processSelectedKeysOptimized(NioEventLoop.java:579)
	at org.apache.ratis.thirdparty.io.netty.channel.nio.NioEventLoop.processSelectedKeys(NioEventLoop.java:496)
	at org.apache.ratis.thirdparty.io.netty.channel.nio.NioEventLoop.run(NioEventLoop.java:458)
	at org.apache.ratis.thirdparty.io.netty.util.concurrent.SingleThreadEventExecutor$5.run(SingleThreadEventExecutor.java:897)
	at org.apache.ratis.thirdparty.io.netty.util.concurrent.FastThreadLocalRunnable.run(FastThreadLocalRunnable.java:30)
	... 1 more
Caused by: java.net.ConnectException: Connection refused
	... 11 more
2019-08-21 18:33:49,676 [9b029079-a3a2-4c30-a15c-eadf046183c2:group-5677C6B40536:LeaderElection23] INFO  impl.RaftServerImpl (RaftServerImpl.java:setRole(171)) - 9b029079-a3a2-4c30-a15c-eadf046183c2:group-5677C6B40536 changes role from CANDIDATE to FOLLOWER at term 1 for DISCOVERED_A_NEW_TERM
2019-08-21 18:33:49,677 [9b029079-a3a2-4c30-a15c-eadf046183c2:group-5677C6B40536:LeaderElection23] INFO  impl.RoleInfo (RoleInfo.java:shutdownLeaderElection(134)) - 9b029079-a3a2-4c30-a15c-eadf046183c2: shutdown LeaderElection
2019-08-21 18:33:49,678 [9b029079-a3a2-4c30-a15c-eadf046183c2:group-5677C6B40536:LeaderElection23] INFO  impl.RoleInfo (RoleInfo.java:updateAndGet(143)) - 9b029079-a3a2-4c30-a15c-eadf046183c2: start FollowerState
2019-08-21 18:33:53,856 [ForkJoinPool.commonPool-worker-1] INFO  ozoneimpl.OzoneContainer (OzoneContainer.java:stop(199)) - Attempting to stop container services.
2019-08-21 18:33:53,857 [ForkJoinPool.commonPool-worker-1] INFO  impl.RaftServerProxy (RaftServerProxy.java:lambda$close$4(314)) - 9b029079-a3a2-4c30-a15c-eadf046183c2: close
2019-08-21 18:33:53,857 [ForkJoinPool.commonPool-worker-1] INFO  impl.RaftServerImpl (RaftServerImpl.java:lambda$shutdown$3(245)) - 9b029079-a3a2-4c30-a15c-eadf046183c2: shutdown group-5D21773B8657
2019-08-21 18:33:53,858 [ForkJoinPool.commonPool-worker-1] INFO  util.JmxRegister (JmxRegister.java:unregister(73)) - Successfully un-registered JMX Bean with object name Ratis:service=RaftServer,group=group-5D21773B8657,id=9b029079-a3a2-4c30-a15c-eadf046183c2
2019-08-21 18:33:53,858 [ForkJoinPool.commonPool-worker-1] INFO  impl.RoleInfo (RoleInfo.java:shutdownLeaderState(104)) - 9b029079-a3a2-4c30-a15c-eadf046183c2: shutdown LeaderState
2019-08-21 18:33:53,858 [ForkJoinPool.commonPool-worker-1] INFO  impl.PendingRequests (PendingRequests.java:sendNotLeaderResponses(202)) - 9b029079-a3a2-4c30-a15c-eadf046183c2-PendingRequests: sendNotLeaderResponses
2019-08-21 18:33:53,863 [ForkJoinPool.commonPool-worker-1] INFO  impl.StateMachineUpdater (StateMachineUpdater.java:stopAndJoin(115)) - StateMachineUpdater:9b029079-a3a2-4c30-a15c-eadf046183c2:group-5D21773B8657: set stopIndex = 2
2019-08-21 18:33:53,864 [ForkJoinPool.commonPool-worker-1] INFO  impl.RaftServerImpl (ServerState.java:close(394)) - 9b029079-a3a2-4c30-a15c-eadf046183c2:group-5D21773B8657 closes. The last applied log index is 2
2019-08-21 18:33:53,864 [9b029079-a3a2-4c30-a15c-eadf046183c2-SegmentedRaftLogWorker:Storage Directory /workdir/hadoop-ozone/integration-test/target/test-dir/MiniOzoneClusterImpl-3d3f5e5e-1edb-4139-a191-6ae7dfb25aa0/datanode-2/data/ratis/54f58dc3-5367-4fc6-b2e8-5d21773b8657] INFO  segmented.SegmentedRaftLogWorker (SegmentedRaftLogWorker.java:run(313)) - 9b029079-a3a2-4c30-a15c-eadf046183c2-SegmentedRaftLogWorker:Storage Directory /workdir/hadoop-ozone/integration-test/target/test-dir/MiniOzoneClusterImpl-3d3f5e5e-1edb-4139-a191-6ae7dfb25aa0/datanode-2/data/ratis/54f58dc3-5367-4fc6-b2e8-5d21773b8657 was interrupted, exiting. There are 0 tasks remaining in the queue.
2019-08-21 18:33:53,865 [ForkJoinPool.commonPool-worker-1] INFO  segmented.SegmentedRaftLogWorker (SegmentedRaftLogWorker.java:close(228)) - 9b029079-a3a2-4c30-a15c-eadf046183c2-SegmentedRaftLogWorker:Storage Directory /workdir/hadoop-ozone/integration-test/target/test-dir/MiniOzoneClusterImpl-3d3f5e5e-1edb-4139-a191-6ae7dfb25aa0/datanode-2/data/ratis/54f58dc3-5367-4fc6-b2e8-5d21773b8657 close()
2019-08-21 18:33:53,866 [ForkJoinPool.commonPool-worker-1] INFO  impl.RaftServerImpl (RaftServerImpl.java:lambda$shutdown$3(245)) - 9b029079-a3a2-4c30-a15c-eadf046183c2: shutdown group-4A3DA1171F07
2019-08-21 18:33:53,866 [ForkJoinPool.commonPool-worker-1] INFO  util.JmxRegister (JmxRegister.java:unregister(73)) - Successfully un-registered JMX Bean with object name Ratis:service=RaftServer,group=group-4A3DA1171F07,id=9b029079-a3a2-4c30-a15c-eadf046183c2
2019-08-21 18:33:53,867 [ForkJoinPool.commonPool-worker-1] INFO  impl.RoleInfo (RoleInfo.java:shutdownLeaderState(104)) - 9b029079-a3a2-4c30-a15c-eadf046183c2: shutdown LeaderState
2019-08-21 18:33:53,867 [ForkJoinPool.commonPool-worker-1] INFO  impl.PendingRequests (PendingRequests.java:sendNotLeaderResponses(202)) - 9b029079-a3a2-4c30-a15c-eadf046183c2-PendingRequests: sendNotLeaderResponses
2019-08-21 18:33:53,867 [ForkJoinPool.commonPool-worker-1] INFO  impl.StateMachineUpdater (StateMachineUpdater.java:stopAndJoin(115)) - StateMachineUpdater:9b029079-a3a2-4c30-a15c-eadf046183c2:group-4A3DA1171F07: set stopIndex = 0
2019-08-21 18:33:53,872 [ForkJoinPool.commonPool-worker-1] INFO  impl.RaftServerImpl (ServerState.java:close(394)) - 9b029079-a3a2-4c30-a15c-eadf046183c2:group-4A3DA1171F07 closes. The last applied log index is 0
2019-08-21 18:33:53,872 [9b029079-a3a2-4c30-a15c-eadf046183c2-SegmentedRaftLogWorker:Storage Directory /workdir/hadoop-ozone/integration-test/target/test-dir/MiniOzoneClusterImpl-3d3f5e5e-1edb-4139-a191-6ae7dfb25aa0/datanode-2/data/ratis/e707f3af-7d0d-4bfe-8985-4a3da1171f07] INFO  segmented.SegmentedRaftLogWorker (SegmentedRaftLogWorker.java:run(313)) - 9b029079-a3a2-4c30-a15c-eadf046183c2-SegmentedRaftLogWorker:Storage Directory /workdir/hadoop-ozone/integration-test/target/test-dir/MiniOzoneClusterImpl-3d3f5e5e-1edb-4139-a191-6ae7dfb25aa0/datanode-2/data/ratis/e707f3af-7d0d-4bfe-8985-4a3da1171f07 was interrupted, exiting. There are 0 tasks remaining in the queue.
2019-08-21 18:33:53,873 [ForkJoinPool.commonPool-worker-1] INFO  segmented.SegmentedRaftLogWorker (SegmentedRaftLogWorker.java:close(228)) - 9b029079-a3a2-4c30-a15c-eadf046183c2-SegmentedRaftLogWorker:Storage Directory /workdir/hadoop-ozone/integration-test/target/test-dir/MiniOzoneClusterImpl-3d3f5e5e-1edb-4139-a191-6ae7dfb25aa0/datanode-2/data/ratis/e707f3af-7d0d-4bfe-8985-4a3da1171f07 close()
2019-08-21 18:33:53,875 [ForkJoinPool.commonPool-worker-1] INFO  impl.RaftServerImpl (RaftServerImpl.java:lambda$shutdown$3(245)) - 9b029079-a3a2-4c30-a15c-eadf046183c2: shutdown group-5677C6B40536
2019-08-21 18:33:53,875 [ForkJoinPool.commonPool-worker-1] INFO  util.JmxRegister (JmxRegister.java:unregister(73)) - Successfully un-registered JMX Bean with object name Ratis:service=RaftServer,group=group-5677C6B40536,id=9b029079-a3a2-4c30-a15c-eadf046183c2
2019-08-21 18:33:53,875 [ForkJoinPool.commonPool-worker-1] INFO  impl.RoleInfo (RoleInfo.java:shutdownFollowerState(121)) - 9b029079-a3a2-4c30-a15c-eadf046183c2: shutdown FollowerState
2019-08-21 18:33:53,876 [ForkJoinPool.commonPool-worker-1] INFO  impl.StateMachineUpdater (StateMachineUpdater.java:stopAndJoin(115)) - StateMachineUpdater:9b029079-a3a2-4c30-a15c-eadf046183c2:group-5677C6B40536: set stopIndex = -1
2019-08-21 18:33:53,876 [Thread-641] INFO  impl.FollowerState (FollowerState.java:run(114)) - 9b029079-a3a2-4c30-a15c-eadf046183c2: FollowerState was interrupted: java.lang.InterruptedException: sleep interrupted
2019-08-21 18:33:53,876 [ForkJoinPool.commonPool-worker-1] INFO  impl.RaftServerImpl (ServerState.java:close(394)) - 9b029079-a3a2-4c30-a15c-eadf046183c2:group-5677C6B40536 closes. The last applied log index is -1
2019-08-21 18:33:53,878 [9b029079-a3a2-4c30-a15c-eadf046183c2-SegmentedRaftLogWorker:Storage Directory /workdir/hadoop-ozone/integration-test/target/test-dir/MiniOzoneClusterImpl-3d3f5e5e-1edb-4139-a191-6ae7dfb25aa0/datanode-2/data/ratis/45c139db-e85e-4886-af10-5677c6b40536] INFO  segmented.SegmentedRaftLogWorker (SegmentedRaftLogWorker.java:run(313)) - 9b029079-a3a2-4c30-a15c-eadf046183c2-SegmentedRaftLogWorker:Storage Directory /workdir/hadoop-ozone/integration-test/target/test-dir/MiniOzoneClusterImpl-3d3f5e5e-1edb-4139-a191-6ae7dfb25aa0/datanode-2/data/ratis/45c139db-e85e-4886-af10-5677c6b40536 was interrupted, exiting. There are 0 tasks remaining in the queue.
2019-08-21 18:33:53,878 [ForkJoinPool.commonPool-worker-1] INFO  segmented.SegmentedRaftLogWorker (SegmentedRaftLogWorker.java:close(228)) - 9b029079-a3a2-4c30-a15c-eadf046183c2-SegmentedRaftLogWorker:Storage Directory /workdir/hadoop-ozone/integration-test/target/test-dir/MiniOzoneClusterImpl-3d3f5e5e-1edb-4139-a191-6ae7dfb25aa0/datanode-2/data/ratis/45c139db-e85e-4886-af10-5677c6b40536 close()
2019-08-21 18:33:53,879 [ForkJoinPool.commonPool-worker-1] INFO  server.GrpcService (GrpcService.java:closeImpl(155)) - 9b029079-a3a2-4c30-a15c-eadf046183c2: shutdown server with port 36224 now
2019-08-21 18:33:53,882 [ForkJoinPool.commonPool-worker-1] INFO  server.GrpcService (GrpcService.java:closeImpl(163)) - 9b029079-a3a2-4c30-a15c-eadf046183c2: shutdown server with port 36224 successfully
2019-08-21 18:33:53,883 [ForkJoinPool.commonPool-worker-1] INFO  utils.BackgroundService (BackgroundService.java:shutdown(148)) - Shutting down service BlockDeletingService
2019-08-21 18:33:53,885 [refreshUsed-/workdir/hadoop-ozone/integration-test/target/test-dir/MiniOzoneClusterImpl-3d3f5e5e-1edb-4139-a191-6ae7dfb25aa0/datanode-2/data/containers] WARN  fs.CachingGetSpaceUsed (CachingGetSpaceUsed.java:run(183)) - Thread Interrupted waiting to refresh disk information: sleep interrupted
2019-08-21 18:33:53,906 [ForkJoinPool.commonPool-worker-1] INFO  statemachine.DatanodeStateMachine (DatanodeStateMachine.java:stopDaemon(395)) - Ozone container server stopped.
2019-08-21 18:33:53,909 [ForkJoinPool.commonPool-worker-1] INFO  handler.ContextHandler (ContextHandler.java:doStop(910)) - Stopped o.e.j.w.WebAppContext@11a97931{/,null,UNAVAILABLE}{/hddsDatanode}
2019-08-21 18:33:53,910 [ForkJoinPool.commonPool-worker-1] INFO  server.AbstractConnector (AbstractConnector.java:doStop(318)) - Stopped ServerConnector@1928f677{HTTP/1.1,[http/1.1]}{0.0.0.0:33507}
2019-08-21 18:33:53,911 [ForkJoinPool.commonPool-worker-1] INFO  handler.ContextHandler (ContextHandler.java:doStop(910)) - Stopped o.e.j.s.ServletContextHandler@57d3f9f7{/static,jar:file:/home/user/.m2/repository/org/apache/hadoop/hadoop-hdds-container-service/0.5.0-SNAPSHOT/hadoop-hdds-container-service-0.5.0-SNAPSHOT.jar!/webapps/static,UNAVAILABLE}
2019-08-21 18:33:53,912 [ForkJoinPool.commonPool-worker-1] INFO  handler.ContextHandler (ContextHandler.java:doStop(910)) - Stopped o.e.j.s.ServletContextHandler@282f2c58{/logs,file:///workdir/hadoop-ozone/integration-test/target/log,UNAVAILABLE}
2019-08-21 18:33:53,913 [main] INFO  ozone.MiniOzoneClusterImpl (MiniOzoneClusterImpl.java:stop(353)) - Stopping the StorageContainerManager
2019-08-21 18:33:53,913 [main] INFO  server.StorageContainerManager (StorageContainerManager.java:stop(797)) - Stopping Replication Manager Service.
2019-08-21 18:33:53,913 [main] INFO  container.ReplicationManager (ReplicationManager.java:stop(193)) - Stopping Replication Monitor Thread.
2019-08-21 18:33:53,914 [main] INFO  server.StorageContainerManager (StorageContainerManager.java:stop(804)) - Stopping Lease Manager of the command watchers
2019-08-21 18:33:53,914 [main] INFO  server.StorageContainerManager (StorageContainerManager.java:stop(811)) - Stopping datanode service RPC server
2019-08-21 18:33:53,914 [main] INFO  server.SCMDatanodeProtocolServer (SCMDatanodeProtocolServer.java:stop(367)) - Stopping the RPC server for DataNodes
2019-08-21 18:33:53,915 [main] INFO  ipc.Server (Server.java:stop(3082)) - Stopping server on 36546
2019-08-21 18:33:53,917 [IPC Server listener on 36546] INFO  ipc.Server (Server.java:run(1185)) - Stopping IPC Server listener on 36546
2019-08-21 18:33:53,918 [IPC Server Responder] INFO  ipc.Server (Server.java:run(1319)) - Stopping IPC Server Responder
2019-08-21 18:33:54,267 [SCM Heartbeat Processing Thread - 0] WARN  node.NodeStateManager (NodeStateManager.java:scheduleNextHealthCheck(646)) - Current Thread is interrupted, shutting down HB processing thread for Node Manager.
2019-08-21 18:33:54,267 [EventQueue-StaleNodeForStaleNodeHandler] INFO  node.StaleNodeHandler (StaleNodeHandler.java:onMessage(58)) - Datanode 9b029079-a3a2-4c30-a15c-eadf046183c2{ip: 192.168.36.125, host: pr-hdds-1998-57vr7-880049069, networkLocation: /default-rack, certSerialId: null} moved to stale state. Finalizing its pipelines [PipelineID=54f58dc3-5367-4fc6-b2e8-5d21773b8657, PipelineID=e707f3af-7d0d-4bfe-8985-4a3da1171f07, PipelineID=45c139db-e85e-4886-af10-5677c6b40536]
2019-08-21 18:33:54,267 [main] INFO  server.StorageContainerManager (StorageContainerManager.java:stop(819)) - Stopping block service RPC server
2019-08-21 18:33:54,268 [EventQueue-StaleNodeForStaleNodeHandler] INFO  pipeline.SCMPipelineManager (SCMPipelineManager.java:finalizeAndDestroyPipeline(309)) - destroying pipeline:Pipeline[ Id: 54f58dc3-5367-4fc6-b2e8-5d21773b8657, Nodes: 9b029079-a3a2-4c30-a15c-eadf046183c2{ip: 192.168.36.125, host: pr-hdds-1998-57vr7-880049069, networkLocation: /default-rack, certSerialId: null}, Type:RATIS, Factor:ONE, State:CLOSED]
2019-08-21 18:33:54,268 [main] INFO  server.SCMBlockProtocolServer (SCMBlockProtocolServer.java:stop(148)) - Stopping the RPC server for Block Protocol
2019-08-21 18:33:54,268 [EventQueue-StaleNodeForStaleNodeHandler] INFO  pipeline.SCMPipelineManager (SCMPipelineManager.java:finalizeAndDestroyPipeline(309)) - destroying pipeline:Pipeline[ Id: e707f3af-7d0d-4bfe-8985-4a3da1171f07, Nodes: 9b029079-a3a2-4c30-a15c-eadf046183c2{ip: 192.168.36.125, host: pr-hdds-1998-57vr7-880049069, networkLocation: /default-rack, certSerialId: null}, Type:RATIS, Factor:ONE, State:OPEN]
2019-08-21 18:33:54,269 [main] INFO  ipc.Server (Server.java:stop(3082)) - Stopping server on 37298
2019-08-21 18:33:54,269 [EventQueue-StaleNodeForStaleNodeHandler] INFO  pipeline.PipelineStateManager (PipelineStateManager.java:finalizePipeline(123)) - Pipeline Pipeline[ Id: e707f3af-7d0d-4bfe-8985-4a3da1171f07, Nodes: 9b029079-a3a2-4c30-a15c-eadf046183c2{ip: 192.168.36.125, host: pr-hdds-1998-57vr7-880049069, networkLocation: /default-rack, certSerialId: null}, Type:RATIS, Factor:ONE, State:CLOSED] moved to CLOSED state
2019-08-21 18:33:54,271 [EventQueue-StaleNodeForStaleNodeHandler] INFO  pipeline.SCMPipelineManager (SCMPipelineManager.java:finalizeAndDestroyPipeline(309)) - destroying pipeline:Pipeline[ Id: 45c139db-e85e-4886-af10-5677c6b40536, Nodes: 1c10ef1a-c27e-4e26-8da7-bf8f905915b5{ip: 192.168.36.125, host: pr-hdds-1998-57vr7-880049069, networkLocation: /default-rack, certSerialId: null}9b029079-a3a2-4c30-a15c-eadf046183c2{ip: 192.168.36.125, host: pr-hdds-1998-57vr7-880049069, networkLocation: /default-rack, certSerialId: null}5cac240b-a5fb-443c-aa6a-5f791dcf7356{ip: 192.168.36.125, host: pr-hdds-1998-57vr7-880049069, networkLocation: /default-rack, certSerialId: null}, Type:RATIS, Factor:THREE, State:CLOSED]
2019-08-21 18:33:54,272 [IPC Server listener on 37298] INFO  ipc.Server (Server.java:run(1185)) - Stopping IPC Server listener on 37298
2019-08-21 18:33:54,272 [main] INFO  server.StorageContainerManager (StorageContainerManager.java:stop(826)) - Stopping the StorageContainerLocationProtocol RPC server
2019-08-21 18:33:54,273 [main] INFO  server.SCMClientProtocolServer (SCMClientProtocolServer.java:stop(159)) - Stopping the RPC server for Client Protocol
2019-08-21 18:33:54,272 [IPC Server Responder] INFO  ipc.Server (Server.java:run(1319)) - Stopping IPC Server Responder
2019-08-21 18:33:54,274 [main] INFO  ipc.Server (Server.java:stop(3082)) - Stopping server on 44622
2019-08-21 18:33:54,277 [IPC Server listener on 44622] INFO  ipc.Server (Server.java:run(1185)) - Stopping IPC Server listener on 44622
2019-08-21 18:33:54,277 [main] INFO  server.StorageContainerManager (StorageContainerManager.java:stop(833)) - Stopping Storage Container Manager HTTP server.
2019-08-21 18:33:54,278 [IPC Server Responder] INFO  ipc.Server (Server.java:run(1319)) - Stopping IPC Server Responder
2019-08-21 18:33:54,281 [main] INFO  handler.ContextHandler (ContextHandler.java:doStop(910)) - Stopped o.e.j.w.WebAppContext@15c6d485{/,null,UNAVAILABLE}{/scm}
2019-08-21 18:33:54,282 [main] INFO  server.AbstractConnector (AbstractConnector.java:doStop(318)) - Stopped ServerConnector@442e11f4{HTTP/1.1,[http/1.1]}{0.0.0.0:0}
2019-08-21 18:33:54,282 [main] INFO  handler.ContextHandler (ContextHandler.java:doStop(910)) - Stopped o.e.j.s.ServletContextHandler@7b9a68c9{/static,file:///workdir/hadoop-ozone/integration-test/target/test-classes/webapps/static,UNAVAILABLE}
2019-08-21 18:33:54,283 [main] INFO  handler.ContextHandler (ContextHandler.java:doStop(910)) - Stopped o.e.j.s.ServletContextHandler@4134903f{/logs,file:///workdir/hadoop-ozone/integration-test/target/log,UNAVAILABLE}
2019-08-21 18:33:54,285 [main] INFO  server.StorageContainerManager (StorageContainerManager.java:stop(844)) - Stopping Block Manager Service.
2019-08-21 18:33:54,285 [main] INFO  utils.BackgroundService (BackgroundService.java:shutdown(148)) - Shutting down service SCMBlockDeletingService
2019-08-21 18:33:54,285 [main] INFO  utils.BackgroundService (BackgroundService.java:shutdown(148)) - Shutting down service SCMBlockDeletingService
2019-08-21 18:33:54,287 [main] INFO  server.StorageContainerManager (StorageContainerManager.java:stop(866)) - Stopping SCM Event Queue.
2019-08-21 18:33:54,295 [main] INFO  impl.MetricsSystemImpl (MetricsSystemImpl.java:stop(210)) - Stopping HddsDatanode metrics system...
2019-08-21 18:33:54,303 [main] INFO  impl.MetricsSystemImpl (MetricsSystemImpl.java:stop(216)) - HddsDatanode metrics system stopped.
]]></system-out>
    <system-err><![CDATA[Aug 21, 2019 6:33:15 PM com.sun.jersey.server.impl.application.WebApplicationImpl _initiate
INFO: Initiating Jersey application, version 'Jersey: 1.19 02/11/2015 03:25 AM'
Aug 21, 2019 6:33:15 PM com.sun.jersey.server.impl.application.WebApplicationImpl _initiate
INFO: Initiating Jersey application, version 'Jersey: 1.19 02/11/2015 03:25 AM'
Aug 21, 2019 6:33:16 PM com.sun.jersey.server.impl.application.WebApplicationImpl _initiate
INFO: Initiating Jersey application, version 'Jersey: 1.19 02/11/2015 03:25 AM'
Aug 21, 2019 6:33:36 PM com.sun.jersey.server.impl.application.WebApplicationImpl _initiate
INFO: Initiating Jersey application, version 'Jersey: 1.19 02/11/2015 03:25 AM'
Aug 21, 2019 6:33:36 PM com.sun.jersey.server.impl.application.WebApplicationImpl _initiate
INFO: Initiating Jersey application, version 'Jersey: 1.19 02/11/2015 03:25 AM'
Aug 21, 2019 6:33:37 PM com.sun.jersey.server.impl.application.WebApplicationImpl _initiate
INFO: Initiating Jersey application, version 'Jersey: 1.19 02/11/2015 03:25 AM'
]]></system-err>
  </testcase>
</testsuite>