<?xml version="1.0" encoding="UTF-8"?>
<testsuite xmlns:xsi="http://www.w3.org/2001/XMLSchema-instance" xsi:noNamespaceSchemaLocation="https://maven.apache.org/surefire/maven-surefire-plugin/xsd/surefire-test-report.xsd" name="org.apache.hadoop.ozone.freon.TestRandomKeyGenerator" time="92.569" tests="5" errors="1" skipped="0" failures="0">
  <properties>
    <property name="awt.toolkit" value="sun.awt.X11.XToolkit"/>
    <property name="file.encoding.pkg" value="sun.io"/>
    <property name="java.specification.version" value="1.8"/>
    <property name="sun.cpu.isalist" value=""/>
    <property name="sun.jnu.encoding" value="UTF-8"/>
    <property name="java.class.path" value="/tmp/workdir/hadoop-ozone/tools/target/test-classes:/tmp/workdir/hadoop-ozone/tools/target/classes:/tmp/workdir/hadoop-ozone/ozone-manager/target/classes:/tmp/workdir/hadoop-hdds/docs/target/classes:/home/user/.m2/repository/org/bouncycastle/bcprov-jdk15on/1.60/bcprov-jdk15on-1.60.jar:/tmp/workdir/hadoop-ozone/common/target/classes:/home/user/.m2/repository/org/apache/commons/commons-compress/1.4.1/commons-compress-1.4.1.jar:/home/user/.m2/repository/org/tukaani/xz/1.0/xz-1.0.jar:/home/user/.m2/repository/org/apache/hadoop/hadoop-hdfs-client/3.2.0/hadoop-hdfs-client-3.2.0.jar:/home/user/.m2/repository/com/fasterxml/jackson/core/jackson-annotations/2.9.5/jackson-annotations-2.9.5.jar:/tmp/workdir/hadoop-hdds/common/target/classes:/tmp/workdir/hadoop-hdds/config/target/classes:/home/user/.m2/repository/javax/annotation/javax.annotation-api/1.2/javax.annotation-api-1.2.jar:/home/user/.m2/repository/org/apache/ratis/ratis-server/0.4.0-2337318-SNAPSHOT/ratis-server-0.4.0-2337318-SNAPSHOT.jar:/home/user/.m2/repository/org/apache/ratis/ratis-thirdparty-misc/0.2.0/ratis-thirdparty-misc-0.2.0.jar:/home/user/.m2/repository/org/apache/ratis/ratis-proto/0.4.0-2337318-SNAPSHOT/ratis-proto-0.4.0-2337318-SNAPSHOT.jar:/home/user/.m2/repository/org/apache/ratis/ratis-common/0.4.0-2337318-SNAPSHOT/ratis-common-0.4.0-2337318-SNAPSHOT.jar:/home/user/.m2/repository/org/apache/ratis/ratis-client/0.4.0-2337318-SNAPSHOT/ratis-client-0.4.0-2337318-SNAPSHOT.jar:/home/user/.m2/repository/org/apache/ratis/ratis-metrics/0.4.0-2337318-SNAPSHOT/ratis-metrics-0.4.0-2337318-SNAPSHOT.jar:/home/user/.m2/repository/org/apache/ratis/ratis-netty/0.4.0-2337318-SNAPSHOT/ratis-netty-0.4.0-2337318-SNAPSHOT.jar:/home/user/.m2/repository/org/apache/ratis/ratis-grpc/0.4.0-2337318-SNAPSHOT/ratis-grpc-0.4.0-2337318-SNAPSHOT.jar:/home/user/.m2/repository/org/rocksdb/rocksdbjni/6.0.1/rocksdbjni-6.0.1.jar:/home/user/.m2/repository/org/apache/logging/log4j/log4j-api/2.11.0/log4j-api-2.11.0.jar:/home/user/.m2/repository/org/apache/logging/log4j/log4j-core/2.11.0/log4j-core-2.11.0.jar:/home/user/.m2/repository/com/lmax/disruptor/3.4.2/disruptor-3.4.2.jar:/home/user/.m2/repository/org/apache/commons/commons-pool2/2.6.0/commons-pool2-2.6.0.jar:/home/user/.m2/repository/org/bouncycastle/bcpkix-jdk15on/1.60/bcpkix-jdk15on-1.60.jar:/home/user/.m2/repository/commons-validator/commons-validator/1.6/commons-validator-1.6.jar:/home/user/.m2/repository/commons-digester/commons-digester/1.8.1/commons-digester-1.8.1.jar:/home/user/.m2/repository/io/jaegertracing/jaeger-client/0.33.1/jaeger-client-0.33.1.jar:/home/user/.m2/repository/io/jaegertracing/jaeger-thrift/0.33.1/jaeger-thrift-0.33.1.jar:/home/user/.m2/repository/org/apache/thrift/libthrift/0.11.0/libthrift-0.11.0.jar:/home/user/.m2/repository/com/squareup/okhttp3/okhttp/3.9.0/okhttp-3.9.0.jar:/home/user/.m2/repository/com/squareup/okio/okio/1.13.0/okio-1.13.0.jar:/home/user/.m2/repository/io/jaegertracing/jaeger-core/0.33.1/jaeger-core-0.33.1.jar:/home/user/.m2/repository/io/jaegertracing/jaeger-tracerresolver/0.33.1/jaeger-tracerresolver-0.33.1.jar:/home/user/.m2/repository/io/opentracing/contrib/opentracing-tracerresolver/0.1.5/opentracing-tracerresolver-0.1.5.jar:/home/user/.m2/repository/io/opentracing/opentracing-util/0.31.0/opentracing-util-0.31.0.jar:/home/user/.m2/repository/io/opentracing/opentracing-api/0.31.0/opentracing-api-0.31.0.jar:/home/user/.m2/repository/io/opentracing/opentracing-noop/0.31.0/opentracing-noop-0.31.0.jar:/home/user/.m2/repository/org/yaml/snakeyaml/1.16/snakeyaml-1.16.jar:/tmp/workdir/hadoop-hdds/container-service/target/classes:/tmp/workdir/hadoop-hdds/client/target/classes:/tmp/workdir/hadoop-hdds/tools/target/classes:/home/user/.m2/repository/org/xerial/sqlite-jdbc/3.25.2/sqlite-jdbc-3.25.2.jar:/tmp/workdir/hadoop-hdds/server-scm/target/classes:/home/user/.m2/repository/org/hamcrest/hamcrest-all/1.3/hamcrest-all-1.3.jar:/home/user/.m2/repository/info/picocli/picocli/3.9.6/picocli-3.9.6.jar:/home/user/.m2/repository/com/google/protobuf/protobuf-java/2.5.0/protobuf-java-2.5.0.jar:/home/user/.m2/repository/com/google/guava/guava/11.0.2/guava-11.0.2.jar:/tmp/workdir/hadoop-ozone/client/target/classes:/home/user/.m2/repository/org/apache/hadoop/hadoop-ozone-filesystem/0.5.0-SNAPSHOT/hadoop-ozone-filesystem-0.5.0-SNAPSHOT.jar:/tmp/workdir/hadoop-hdds/framework/target/classes:/home/user/.m2/repository/org/apache/hadoop/hadoop-common/3.2.0/hadoop-common-3.2.0.jar:/home/user/.m2/repository/org/apache/hadoop/hadoop-annotations/3.2.0/hadoop-annotations-3.2.0.jar:/usr/lib/jvm/java-1.8-openjdk/jre/../lib/tools.jar:/home/user/.m2/repository/commons-cli/commons-cli/1.2/commons-cli-1.2.jar:/home/user/.m2/repository/org/apache/commons/commons-math3/3.1.1/commons-math3-3.1.1.jar:/home/user/.m2/repository/org/apache/httpcomponents/httpclient/4.5.2/httpclient-4.5.2.jar:/home/user/.m2/repository/org/apache/httpcomponents/httpcore/4.4.4/httpcore-4.4.4.jar:/home/user/.m2/repository/commons-codec/commons-codec/1.11/commons-codec-1.11.jar:/home/user/.m2/repository/commons-io/commons-io/2.5/commons-io-2.5.jar:/home/user/.m2/repository/commons-net/commons-net/3.6/commons-net-3.6.jar:/home/user/.m2/repository/commons-collections/commons-collections/3.2.2/commons-collections-3.2.2.jar:/home/user/.m2/repository/javax/servlet/javax.servlet-api/3.1.0/javax.servlet-api-3.1.0.jar:/home/user/.m2/repository/org/eclipse/jetty/jetty-server/9.3.24.v20180605/jetty-server-9.3.24.v20180605.jar:/home/user/.m2/repository/org/eclipse/jetty/jetty-http/9.3.24.v20180605/jetty-http-9.3.24.v20180605.jar:/home/user/.m2/repository/org/eclipse/jetty/jetty-io/9.3.24.v20180605/jetty-io-9.3.24.v20180605.jar:/home/user/.m2/repository/org/eclipse/jetty/jetty-util/9.3.24.v20180605/jetty-util-9.3.24.v20180605.jar:/home/user/.m2/repository/org/eclipse/jetty/jetty-servlet/9.3.24.v20180605/jetty-servlet-9.3.24.v20180605.jar:/home/user/.m2/repository/org/eclipse/jetty/jetty-security/9.3.24.v20180605/jetty-security-9.3.24.v20180605.jar:/home/user/.m2/repository/org/eclipse/jetty/jetty-webapp/9.3.24.v20180605/jetty-webapp-9.3.24.v20180605.jar:/home/user/.m2/repository/org/eclipse/jetty/jetty-xml/9.3.24.v20180605/jetty-xml-9.3.24.v20180605.jar:/home/user/.m2/repository/javax/servlet/jsp/jsp-api/2.1/jsp-api-2.1.jar:/home/user/.m2/repository/com/sun/jersey/jersey-core/1.19/jersey-core-1.19.jar:/home/user/.m2/repository/javax/ws/rs/jsr311-api/1.1.1/jsr311-api-1.1.1.jar:/home/user/.m2/repository/com/sun/jersey/jersey-servlet/1.19/jersey-servlet-1.19.jar:/home/user/.m2/repository/com/sun/jersey/jersey-json/1.19/jersey-json-1.19.jar:/home/user/.m2/repository/org/codehaus/jettison/jettison/1.1/jettison-1.1.jar:/home/user/.m2/repository/com/sun/xml/bind/jaxb-impl/2.3.0.1/jaxb-impl-2.3.0.1.jar:/home/user/.m2/repository/org/codehaus/jackson/jackson-core-asl/1.9.13/jackson-core-asl-1.9.13.jar:/home/user/.m2/repository/org/codehaus/jackson/jackson-mapper-asl/1.9.13/jackson-mapper-asl-1.9.13.jar:/home/user/.m2/repository/org/codehaus/jackson/jackson-jaxrs/1.9.13/jackson-jaxrs-1.9.13.jar:/home/user/.m2/repository/org/codehaus/jackson/jackson-xc/1.9.13/jackson-xc-1.9.13.jar:/home/user/.m2/repository/com/sun/jersey/jersey-server/1.19/jersey-server-1.19.jar:/home/user/.m2/repository/commons-logging/commons-logging/1.1.3/commons-logging-1.1.3.jar:/home/user/.m2/repository/log4j/log4j/1.2.17/log4j-1.2.17.jar:/home/user/.m2/repository/commons-beanutils/commons-beanutils/1.9.3/commons-beanutils-1.9.3.jar:/home/user/.m2/repository/org/apache/commons/commons-configuration2/2.1.1/commons-configuration2-2.1.1.jar:/home/user/.m2/repository/org/apache/commons/commons-lang3/3.7/commons-lang3-3.7.jar:/home/user/.m2/repository/org/apache/commons/commons-text/1.4/commons-text-1.4.jar:/home/user/.m2/repository/org/slf4j/slf4j-api/1.7.25/slf4j-api-1.7.25.jar:/home/user/.m2/repository/org/slf4j/slf4j-log4j12/1.7.25/slf4j-log4j12-1.7.25.jar:/home/user/.m2/repository/org/apache/avro/avro/1.7.7/avro-1.7.7.jar:/home/user/.m2/repository/com/thoughtworks/paranamer/paranamer/2.3/paranamer-2.3.jar:/home/user/.m2/repository/org/xerial/snappy/snappy-java/1.0.5/snappy-java-1.0.5.jar:/home/user/.m2/repository/com/google/re2j/re2j/1.1/re2j-1.1.jar:/home/user/.m2/repository/com/google/code/gson/gson/2.2.4/gson-2.2.4.jar:/home/user/.m2/repository/org/apache/hadoop/hadoop-auth/3.2.0/hadoop-auth-3.2.0.jar:/home/user/.m2/repository/com/nimbusds/nimbus-jose-jwt/4.41.1/nimbus-jose-jwt-4.41.1.jar:/home/user/.m2/repository/com/github/stephenc/jcip/jcip-annotations/1.0-1/jcip-annotations-1.0-1.jar:/home/user/.m2/repository/net/minidev/json-smart/2.3/json-smart-2.3.jar:/home/user/.m2/repository/net/minidev/accessors-smart/1.2/accessors-smart-1.2.jar:/home/user/.m2/repository/org/apache/curator/curator-framework/2.12.0/curator-framework-2.12.0.jar:/home/user/.m2/repository/com/jcraft/jsch/0.1.54/jsch-0.1.54.jar:/home/user/.m2/repository/org/apache/curator/curator-client/2.12.0/curator-client-2.12.0.jar:/home/user/.m2/repository/org/apache/curator/curator-recipes/2.12.0/curator-recipes-2.12.0.jar:/home/user/.m2/repository/com/google/code/findbugs/jsr305/3.0.0/jsr305-3.0.0.jar:/home/user/.m2/repository/org/apache/htrace/htrace-core4/4.1.0-incubating/htrace-core4-4.1.0-incubating.jar:/home/user/.m2/repository/org/apache/zookeeper/zookeeper/3.4.13/zookeeper-3.4.13.jar:/home/user/.m2/repository/org/apache/yetus/audience-annotations/0.5.0/audience-annotations-0.5.0.jar:/home/user/.m2/repository/org/apache/kerby/kerb-simplekdc/1.0.1/kerb-simplekdc-1.0.1.jar:/home/user/.m2/repository/org/apache/kerby/kerb-client/1.0.1/kerb-client-1.0.1.jar:/home/user/.m2/repository/org/apache/kerby/kerby-config/1.0.1/kerby-config-1.0.1.jar:/home/user/.m2/repository/org/apache/kerby/kerb-core/1.0.1/kerb-core-1.0.1.jar:/home/user/.m2/repository/org/apache/kerby/kerby-pkix/1.0.1/kerby-pkix-1.0.1.jar:/home/user/.m2/repository/org/apache/kerby/kerby-asn1/1.0.1/kerby-asn1-1.0.1.jar:/home/user/.m2/repository/org/apache/kerby/kerby-util/1.0.1/kerby-util-1.0.1.jar:/home/user/.m2/repository/org/apache/kerby/kerb-common/1.0.1/kerb-common-1.0.1.jar:/home/user/.m2/repository/org/apache/kerby/kerb-crypto/1.0.1/kerb-crypto-1.0.1.jar:/home/user/.m2/repository/org/apache/kerby/kerb-util/1.0.1/kerb-util-1.0.1.jar:/home/user/.m2/repository/org/apache/kerby/token-provider/1.0.1/token-provider-1.0.1.jar:/home/user/.m2/repository/org/apache/kerby/kerb-admin/1.0.1/kerb-admin-1.0.1.jar:/home/user/.m2/repository/org/apache/kerby/kerb-server/1.0.1/kerb-server-1.0.1.jar:/home/user/.m2/repository/org/apache/kerby/kerb-identity/1.0.1/kerb-identity-1.0.1.jar:/home/user/.m2/repository/org/apache/kerby/kerby-xdr/1.0.1/kerby-xdr-1.0.1.jar:/home/user/.m2/repository/com/fasterxml/jackson/core/jackson-databind/2.9.5/jackson-databind-2.9.5.jar:/home/user/.m2/repository/com/fasterxml/jackson/core/jackson-core/2.9.5/jackson-core-2.9.5.jar:/home/user/.m2/repository/org/codehaus/woodstox/stax2-api/3.1.4/stax2-api-3.1.4.jar:/home/user/.m2/repository/com/fasterxml/woodstox/woodstox-core/5.0.3/woodstox-core-5.0.3.jar:/home/user/.m2/repository/dnsjava/dnsjava/2.1.7/dnsjava-2.1.7.jar:/home/user/.m2/repository/org/apache/hadoop/hadoop-hdfs/3.2.0/hadoop-hdfs-3.2.0.jar:/home/user/.m2/repository/org/eclipse/jetty/jetty-util-ajax/9.3.24.v20180605/jetty-util-ajax-9.3.24.v20180605.jar:/home/user/.m2/repository/commons-daemon/commons-daemon/1.0.13/commons-daemon-1.0.13.jar:/home/user/.m2/repository/io/netty/netty/3.10.5.Final/netty-3.10.5.Final.jar:/home/user/.m2/repository/io/netty/netty-all/4.0.52.Final/netty-all-4.0.52.Final.jar:/home/user/.m2/repository/org/fusesource/leveldbjni/leveldbjni-all/1.8/leveldbjni-all-1.8.jar:/home/user/.m2/repository/com/sun/xml/bind/jaxb-core/2.3.0.1/jaxb-core-2.3.0.1.jar:/home/user/.m2/repository/javax/xml/bind/jaxb-api/2.3.0/jaxb-api-2.3.0.jar:/home/user/.m2/repository/javax/activation/activation/1.1.1/activation-1.1.1.jar:/home/user/.m2/repository/io/dropwizard/metrics/metrics-core/3.2.4/metrics-core-3.2.4.jar:/home/user/.m2/repository/org/openjdk/jmh/jmh-core/1.19/jmh-core-1.19.jar:/home/user/.m2/repository/net/sf/jopt-simple/jopt-simple/4.6/jopt-simple-4.6.jar:/home/user/.m2/repository/org/openjdk/jmh/jmh-generator-annprocess/1.19/jmh-generator-annprocess-1.19.jar:/home/user/.m2/repository/com/google/code/findbugs/findbugs/3.0.1/findbugs-3.0.1.jar:/home/user/.m2/repository/net/jcip/jcip-annotations/1.0/jcip-annotations-1.0.jar:/home/user/.m2/repository/com/google/code/findbugs/bcel-findbugs/6.0/bcel-findbugs-6.0.jar:/home/user/.m2/repository/com/google/code/findbugs/jFormatString/2.0.1/jFormatString-2.0.1.jar:/home/user/.m2/repository/dom4j/dom4j/1.6.1/dom4j-1.6.1.jar:/home/user/.m2/repository/xml-apis/xml-apis/1.0.b2/xml-apis-1.0.b2.jar:/home/user/.m2/repository/org/ow2/asm/asm-debug-all/5.0.2/asm-debug-all-5.0.2.jar:/home/user/.m2/repository/org/ow2/asm/asm-commons/5.0.2/asm-commons-5.0.2.jar:/home/user/.m2/repository/org/ow2/asm/asm-tree/5.0.2/asm-tree-5.0.2.jar:/home/user/.m2/repository/org/ow2/asm/asm/5.0.4/asm-5.0.4.jar:/home/user/.m2/repository/commons-lang/commons-lang/2.6/commons-lang-2.6.jar:/home/user/.m2/repository/com/apple/AppleJavaExtensions/1.4/AppleJavaExtensions-1.4.jar:/home/user/.m2/repository/jaxen/jaxen/1.1.6/jaxen-1.1.6.jar:/home/user/.m2/repository/junit/junit/4.11/junit-4.11.jar:/home/user/.m2/repository/org/hamcrest/hamcrest-core/1.3/hamcrest-core-1.3.jar:/home/user/.m2/repository/org/apache/hadoop/hadoop-common/3.2.0/hadoop-common-3.2.0-tests.jar:/home/user/.m2/repository/org/apache/hadoop/hadoop-ozone-integration-test/0.5.0-SNAPSHOT/hadoop-ozone-integration-test-0.5.0-SNAPSHOT-tests.jar:/tmp/workdir/hadoop-ozone/objectstore-service/target/classes:/tmp/workdir/hadoop-ozone/s3gateway/target/classes:/home/user/.m2/repository/org/jboss/weld/servlet/weld-servlet/2.4.7.Final/weld-servlet-2.4.7.Final.jar:/home/user/.m2/repository/org/glassfish/jersey/containers/jersey-container-servlet-core/2.27/jersey-container-servlet-core-2.27.jar:/home/user/.m2/repository/org/glassfish/hk2/external/javax.inject/2.5.0-b42/javax.inject-2.5.0-b42.jar:/home/user/.m2/repository/org/glassfish/jersey/core/jersey-common/2.27/jersey-common-2.27.jar:/home/user/.m2/repository/org/glassfish/hk2/osgi-resource-locator/1.0.1/osgi-resource-locator-1.0.1.jar:/home/user/.m2/repository/javax/ws/rs/javax.ws.rs-api/2.1/javax.ws.rs-api-2.1.jar:/home/user/.m2/repository/org/glassfish/jersey/ext/cdi/jersey-cdi1x/2.27/jersey-cdi1x-2.27.jar:/home/user/.m2/repository/org/glassfish/jersey/inject/jersey-hk2/2.27/jersey-hk2-2.27.jar:/home/user/.m2/repository/org/glassfish/hk2/hk2-locator/2.5.0-b42/hk2-locator-2.5.0-b42.jar:/home/user/.m2/repository/org/javassist/javassist/3.22.0-CR2/javassist-3.22.0-CR2.jar:/home/user/.m2/repository/org/glassfish/hk2/hk2-api/2.5.0/hk2-api-2.5.0.jar:/home/user/.m2/repository/org/glassfish/hk2/external/jakarta.inject/2.5.0/jakarta.inject-2.5.0.jar:/home/user/.m2/repository/org/glassfish/hk2/hk2-utils/2.5.0/hk2-utils-2.5.0.jar:/home/user/.m2/repository/jakarta/annotation/jakarta.annotation-api/1.3.4/jakarta.annotation-api-1.3.4.jar:/home/user/.m2/repository/org/glassfish/hk2/external/aopalliance-repackaged/2.5.0/aopalliance-repackaged-2.5.0.jar:/home/user/.m2/repository/com/fasterxml/jackson/dataformat/jackson-dataformat-xml/2.9.0/jackson-dataformat-xml-2.9.0.jar:/home/user/.m2/repository/com/fasterxml/jackson/module/jackson-module-jaxb-annotations/2.9.5/jackson-module-jaxb-annotations-2.9.5.jar:/home/user/.m2/repository/javax/enterprise/cdi-api/1.2/cdi-api-1.2.jar:/home/user/.m2/repository/javax/el/javax.el-api/3.0.0/javax.el-api-3.0.0.jar:/home/user/.m2/repository/javax/interceptor/javax.interceptor-api/1.2/javax.interceptor-api-1.2.jar:/home/user/.m2/repository/javax/inject/javax.inject/1/javax.inject-1.jar:/tmp/workdir/hadoop-ozone/csi/target/classes:/home/user/.m2/repository/com/google/protobuf/protobuf-java-util/3.5.1/protobuf-java-util-3.5.1.jar:/home/user/.m2/repository/io/grpc/grpc-netty/1.17.1/grpc-netty-1.17.1.jar:/home/user/.m2/repository/io/grpc/grpc-core/1.17.1/grpc-core-1.17.1.jar:/home/user/.m2/repository/io/grpc/grpc-context/1.17.1/grpc-context-1.17.1.jar:/home/user/.m2/repository/com/google/errorprone/error_prone_annotations/2.2.0/error_prone_annotations-2.2.0.jar:/home/user/.m2/repository/org/codehaus/mojo/animal-sniffer-annotations/1.17/animal-sniffer-annotations-1.17.jar:/home/user/.m2/repository/io/opencensus/opencensus-api/0.17.0/opencensus-api-0.17.0.jar:/home/user/.m2/repository/io/opencensus/opencensus-contrib-grpc-metrics/0.17.0/opencensus-contrib-grpc-metrics-0.17.0.jar:/home/user/.m2/repository/io/netty/netty-codec-http2/4.1.30.Final/netty-codec-http2-4.1.30.Final.jar:/home/user/.m2/repository/io/netty/netty-codec-http/4.1.30.Final/netty-codec-http-4.1.30.Final.jar:/home/user/.m2/repository/io/netty/netty-codec/4.1.30.Final/netty-codec-4.1.30.Final.jar:/home/user/.m2/repository/io/netty/netty-handler/4.1.30.Final/netty-handler-4.1.30.Final.jar:/home/user/.m2/repository/io/netty/netty-handler-proxy/4.1.30.Final/netty-handler-proxy-4.1.30.Final.jar:/home/user/.m2/repository/io/netty/netty-codec-socks/4.1.30.Final/netty-codec-socks-4.1.30.Final.jar:/home/user/.m2/repository/io/netty/netty-transport-native-epoll/4.1.30.Final/netty-transport-native-epoll-4.1.30.Final.jar:/home/user/.m2/repository/io/netty/netty-common/4.1.30.Final/netty-common-4.1.30.Final.jar:/home/user/.m2/repository/io/netty/netty-buffer/4.1.30.Final/netty-buffer-4.1.30.Final.jar:/home/user/.m2/repository/io/netty/netty-transport/4.1.30.Final/netty-transport-4.1.30.Final.jar:/home/user/.m2/repository/io/netty/netty-resolver/4.1.30.Final/netty-resolver-4.1.30.Final.jar:/home/user/.m2/repository/io/netty/netty-transport-native-unix-common/4.1.30.Final/netty-transport-native-unix-common-4.1.30.Final.jar:/home/user/.m2/repository/io/grpc/grpc-protobuf/1.17.1/grpc-protobuf-1.17.1.jar:/home/user/.m2/repository/com/google/api/grpc/proto-google-common-protos/1.0.0/proto-google-common-protos-1.0.0.jar:/home/user/.m2/repository/io/grpc/grpc-protobuf-lite/1.17.1/grpc-protobuf-lite-1.17.1.jar:/home/user/.m2/repository/io/grpc/grpc-stub/1.17.1/grpc-stub-1.17.1.jar:/tmp/workdir/hadoop-ozone/ozone-recon/target/classes:/tmp/workdir/hadoop-ozone/ozone-recon-codegen/target/classes:/home/user/.m2/repository/com/google/inject/extensions/guice-multibindings/4.0/guice-multibindings-4.0.jar:/home/user/.m2/repository/com/google/inject/guice/4.0/guice-4.0.jar:/home/user/.m2/repository/aopalliance/aopalliance/1.0/aopalliance-1.0.jar:/home/user/.m2/repository/com/google/inject/extensions/guice-servlet/4.0/guice-servlet-4.0.jar:/home/user/.m2/repository/org/glassfish/jersey/containers/jersey-container-servlet/2.27/jersey-container-servlet-2.27.jar:/home/user/.m2/repository/org/glassfish/hk2/guice-bridge/2.5.0/guice-bridge-2.5.0.jar:/home/user/.m2/repository/org/glassfish/jersey/core/jersey-server/2.27/jersey-server-2.27.jar:/home/user/.m2/repository/org/glassfish/jersey/core/jersey-client/2.27/jersey-client-2.27.jar:/home/user/.m2/repository/org/glassfish/jersey/media/jersey-media-jaxb/2.27/jersey-media-jaxb-2.27.jar:/home/user/.m2/repository/javax/validation/validation-api/1.1.0.Final/validation-api-1.1.0.Final.jar:/home/user/.m2/repository/org/glassfish/jersey/media/jersey-media-json-jackson/2.27/jersey-media-json-jackson-2.27.jar:/home/user/.m2/repository/org/glassfish/jersey/ext/jersey-entity-filtering/2.27/jersey-entity-filtering-2.27.jar:/home/user/.m2/repository/com/google/inject/extensions/guice-assistedinject/4.0/guice-assistedinject-4.0.jar:/home/user/.m2/repository/org/jooq/jooq/3.11.10/jooq-3.11.10.jar:/home/user/.m2/repository/org/jooq/jooq-meta/3.11.10/jooq-meta-3.11.10.jar:/home/user/.m2/repository/org/jooq/jooq-codegen/3.11.10/jooq-codegen-3.11.10.jar:/home/user/.m2/repository/com/jolbox/bonecp/0.8.0.RELEASE/bonecp-0.8.0.RELEASE.jar:/home/user/.m2/repository/org/springframework/spring-jdbc/5.1.3.RELEASE/spring-jdbc-5.1.3.RELEASE.jar:/home/user/.m2/repository/org/springframework/spring-beans/5.1.3.RELEASE/spring-beans-5.1.3.RELEASE.jar:/home/user/.m2/repository/org/springframework/spring-core/5.1.3.RELEASE/spring-core-5.1.3.RELEASE.jar:/home/user/.m2/repository/org/springframework/spring-jcl/5.1.3.RELEASE/spring-jcl-5.1.3.RELEASE.jar:/home/user/.m2/repository/org/springframework/spring-tx/5.1.3.RELEASE/spring-tx-5.1.3.RELEASE.jar:/home/user/.m2/repository/org/mockito/mockito-core/2.15.0/mockito-core-2.15.0.jar:/home/user/.m2/repository/net/bytebuddy/byte-buddy/1.7.9/byte-buddy-1.7.9.jar:/home/user/.m2/repository/net/bytebuddy/byte-buddy-agent/1.7.9/byte-buddy-agent-1.7.9.jar:/home/user/.m2/repository/org/objenesis/objenesis/1.0/objenesis-1.0.jar:"/>
    <property name="java.vm.vendor" value="IcedTea"/>
    <property name="sun.arch.data.model" value="64"/>
    <property name="test.build.dir" value="/tmp/workdir/hadoop-ozone/tools/target/test-dir"/>
    <property name="test.cache.data" value=""/>
    <property name="java.vendor.url" value="https://icedtea.classpath.org"/>
    <property name="user.timezone" value=""/>
    <property name="java.vm.specification.version" value="1.8"/>
    <property name="os.name" value="Linux"/>
    <property name="test.build.data" value="/tmp/workdir/hadoop-ozone/tools/target/test-dir"/>
    <property name="user.country" value="US"/>
    <property name="sun.java.launcher" value="SUN_STANDARD"/>
    <property name="sun.boot.library.path" value="/usr/lib/jvm/java-1.8-openjdk/jre/lib/amd64"/>
    <property name="sun.java.command" value="/tmp/workdir/hadoop-ozone/tools/target/surefire/surefirebooter7998423803183466981.jar /tmp/workdir/hadoop-ozone/tools/target/surefire 2019-07-10T10-16-14_797-jvmRun1 surefire3905694095026445399tmp surefire_1007918121011112908017tmp"/>
    <property name="surefire.test.class.path" value="/tmp/workdir/hadoop-ozone/tools/target/test-classes:/tmp/workdir/hadoop-ozone/tools/target/classes:/tmp/workdir/hadoop-ozone/ozone-manager/target/classes:/tmp/workdir/hadoop-hdds/docs/target/classes:/home/user/.m2/repository/org/bouncycastle/bcprov-jdk15on/1.60/bcprov-jdk15on-1.60.jar:/tmp/workdir/hadoop-ozone/common/target/classes:/home/user/.m2/repository/org/apache/commons/commons-compress/1.4.1/commons-compress-1.4.1.jar:/home/user/.m2/repository/org/tukaani/xz/1.0/xz-1.0.jar:/home/user/.m2/repository/org/apache/hadoop/hadoop-hdfs-client/3.2.0/hadoop-hdfs-client-3.2.0.jar:/home/user/.m2/repository/com/fasterxml/jackson/core/jackson-annotations/2.9.5/jackson-annotations-2.9.5.jar:/tmp/workdir/hadoop-hdds/common/target/classes:/tmp/workdir/hadoop-hdds/config/target/classes:/home/user/.m2/repository/javax/annotation/javax.annotation-api/1.2/javax.annotation-api-1.2.jar:/home/user/.m2/repository/org/apache/ratis/ratis-server/0.4.0-2337318-SNAPSHOT/ratis-server-0.4.0-2337318-SNAPSHOT.jar:/home/user/.m2/repository/org/apache/ratis/ratis-thirdparty-misc/0.2.0/ratis-thirdparty-misc-0.2.0.jar:/home/user/.m2/repository/org/apache/ratis/ratis-proto/0.4.0-2337318-SNAPSHOT/ratis-proto-0.4.0-2337318-SNAPSHOT.jar:/home/user/.m2/repository/org/apache/ratis/ratis-common/0.4.0-2337318-SNAPSHOT/ratis-common-0.4.0-2337318-SNAPSHOT.jar:/home/user/.m2/repository/org/apache/ratis/ratis-client/0.4.0-2337318-SNAPSHOT/ratis-client-0.4.0-2337318-SNAPSHOT.jar:/home/user/.m2/repository/org/apache/ratis/ratis-metrics/0.4.0-2337318-SNAPSHOT/ratis-metrics-0.4.0-2337318-SNAPSHOT.jar:/home/user/.m2/repository/org/apache/ratis/ratis-netty/0.4.0-2337318-SNAPSHOT/ratis-netty-0.4.0-2337318-SNAPSHOT.jar:/home/user/.m2/repository/org/apache/ratis/ratis-grpc/0.4.0-2337318-SNAPSHOT/ratis-grpc-0.4.0-2337318-SNAPSHOT.jar:/home/user/.m2/repository/org/rocksdb/rocksdbjni/6.0.1/rocksdbjni-6.0.1.jar:/home/user/.m2/repository/org/apache/logging/log4j/log4j-api/2.11.0/log4j-api-2.11.0.jar:/home/user/.m2/repository/org/apache/logging/log4j/log4j-core/2.11.0/log4j-core-2.11.0.jar:/home/user/.m2/repository/com/lmax/disruptor/3.4.2/disruptor-3.4.2.jar:/home/user/.m2/repository/org/apache/commons/commons-pool2/2.6.0/commons-pool2-2.6.0.jar:/home/user/.m2/repository/org/bouncycastle/bcpkix-jdk15on/1.60/bcpkix-jdk15on-1.60.jar:/home/user/.m2/repository/commons-validator/commons-validator/1.6/commons-validator-1.6.jar:/home/user/.m2/repository/commons-digester/commons-digester/1.8.1/commons-digester-1.8.1.jar:/home/user/.m2/repository/io/jaegertracing/jaeger-client/0.33.1/jaeger-client-0.33.1.jar:/home/user/.m2/repository/io/jaegertracing/jaeger-thrift/0.33.1/jaeger-thrift-0.33.1.jar:/home/user/.m2/repository/org/apache/thrift/libthrift/0.11.0/libthrift-0.11.0.jar:/home/user/.m2/repository/com/squareup/okhttp3/okhttp/3.9.0/okhttp-3.9.0.jar:/home/user/.m2/repository/com/squareup/okio/okio/1.13.0/okio-1.13.0.jar:/home/user/.m2/repository/io/jaegertracing/jaeger-core/0.33.1/jaeger-core-0.33.1.jar:/home/user/.m2/repository/io/jaegertracing/jaeger-tracerresolver/0.33.1/jaeger-tracerresolver-0.33.1.jar:/home/user/.m2/repository/io/opentracing/contrib/opentracing-tracerresolver/0.1.5/opentracing-tracerresolver-0.1.5.jar:/home/user/.m2/repository/io/opentracing/opentracing-util/0.31.0/opentracing-util-0.31.0.jar:/home/user/.m2/repository/io/opentracing/opentracing-api/0.31.0/opentracing-api-0.31.0.jar:/home/user/.m2/repository/io/opentracing/opentracing-noop/0.31.0/opentracing-noop-0.31.0.jar:/home/user/.m2/repository/org/yaml/snakeyaml/1.16/snakeyaml-1.16.jar:/tmp/workdir/hadoop-hdds/container-service/target/classes:/tmp/workdir/hadoop-hdds/client/target/classes:/tmp/workdir/hadoop-hdds/tools/target/classes:/home/user/.m2/repository/org/xerial/sqlite-jdbc/3.25.2/sqlite-jdbc-3.25.2.jar:/tmp/workdir/hadoop-hdds/server-scm/target/classes:/home/user/.m2/repository/org/hamcrest/hamcrest-all/1.3/hamcrest-all-1.3.jar:/home/user/.m2/repository/info/picocli/picocli/3.9.6/picocli-3.9.6.jar:/home/user/.m2/repository/com/google/protobuf/protobuf-java/2.5.0/protobuf-java-2.5.0.jar:/home/user/.m2/repository/com/google/guava/guava/11.0.2/guava-11.0.2.jar:/tmp/workdir/hadoop-ozone/client/target/classes:/home/user/.m2/repository/org/apache/hadoop/hadoop-ozone-filesystem/0.5.0-SNAPSHOT/hadoop-ozone-filesystem-0.5.0-SNAPSHOT.jar:/tmp/workdir/hadoop-hdds/framework/target/classes:/home/user/.m2/repository/org/apache/hadoop/hadoop-common/3.2.0/hadoop-common-3.2.0.jar:/home/user/.m2/repository/org/apache/hadoop/hadoop-annotations/3.2.0/hadoop-annotations-3.2.0.jar:/usr/lib/jvm/java-1.8-openjdk/jre/../lib/tools.jar:/home/user/.m2/repository/commons-cli/commons-cli/1.2/commons-cli-1.2.jar:/home/user/.m2/repository/org/apache/commons/commons-math3/3.1.1/commons-math3-3.1.1.jar:/home/user/.m2/repository/org/apache/httpcomponents/httpclient/4.5.2/httpclient-4.5.2.jar:/home/user/.m2/repository/org/apache/httpcomponents/httpcore/4.4.4/httpcore-4.4.4.jar:/home/user/.m2/repository/commons-codec/commons-codec/1.11/commons-codec-1.11.jar:/home/user/.m2/repository/commons-io/commons-io/2.5/commons-io-2.5.jar:/home/user/.m2/repository/commons-net/commons-net/3.6/commons-net-3.6.jar:/home/user/.m2/repository/commons-collections/commons-collections/3.2.2/commons-collections-3.2.2.jar:/home/user/.m2/repository/javax/servlet/javax.servlet-api/3.1.0/javax.servlet-api-3.1.0.jar:/home/user/.m2/repository/org/eclipse/jetty/jetty-server/9.3.24.v20180605/jetty-server-9.3.24.v20180605.jar:/home/user/.m2/repository/org/eclipse/jetty/jetty-http/9.3.24.v20180605/jetty-http-9.3.24.v20180605.jar:/home/user/.m2/repository/org/eclipse/jetty/jetty-io/9.3.24.v20180605/jetty-io-9.3.24.v20180605.jar:/home/user/.m2/repository/org/eclipse/jetty/jetty-util/9.3.24.v20180605/jetty-util-9.3.24.v20180605.jar:/home/user/.m2/repository/org/eclipse/jetty/jetty-servlet/9.3.24.v20180605/jetty-servlet-9.3.24.v20180605.jar:/home/user/.m2/repository/org/eclipse/jetty/jetty-security/9.3.24.v20180605/jetty-security-9.3.24.v20180605.jar:/home/user/.m2/repository/org/eclipse/jetty/jetty-webapp/9.3.24.v20180605/jetty-webapp-9.3.24.v20180605.jar:/home/user/.m2/repository/org/eclipse/jetty/jetty-xml/9.3.24.v20180605/jetty-xml-9.3.24.v20180605.jar:/home/user/.m2/repository/javax/servlet/jsp/jsp-api/2.1/jsp-api-2.1.jar:/home/user/.m2/repository/com/sun/jersey/jersey-core/1.19/jersey-core-1.19.jar:/home/user/.m2/repository/javax/ws/rs/jsr311-api/1.1.1/jsr311-api-1.1.1.jar:/home/user/.m2/repository/com/sun/jersey/jersey-servlet/1.19/jersey-servlet-1.19.jar:/home/user/.m2/repository/com/sun/jersey/jersey-json/1.19/jersey-json-1.19.jar:/home/user/.m2/repository/org/codehaus/jettison/jettison/1.1/jettison-1.1.jar:/home/user/.m2/repository/com/sun/xml/bind/jaxb-impl/2.3.0.1/jaxb-impl-2.3.0.1.jar:/home/user/.m2/repository/org/codehaus/jackson/jackson-core-asl/1.9.13/jackson-core-asl-1.9.13.jar:/home/user/.m2/repository/org/codehaus/jackson/jackson-mapper-asl/1.9.13/jackson-mapper-asl-1.9.13.jar:/home/user/.m2/repository/org/codehaus/jackson/jackson-jaxrs/1.9.13/jackson-jaxrs-1.9.13.jar:/home/user/.m2/repository/org/codehaus/jackson/jackson-xc/1.9.13/jackson-xc-1.9.13.jar:/home/user/.m2/repository/com/sun/jersey/jersey-server/1.19/jersey-server-1.19.jar:/home/user/.m2/repository/commons-logging/commons-logging/1.1.3/commons-logging-1.1.3.jar:/home/user/.m2/repository/log4j/log4j/1.2.17/log4j-1.2.17.jar:/home/user/.m2/repository/commons-beanutils/commons-beanutils/1.9.3/commons-beanutils-1.9.3.jar:/home/user/.m2/repository/org/apache/commons/commons-configuration2/2.1.1/commons-configuration2-2.1.1.jar:/home/user/.m2/repository/org/apache/commons/commons-lang3/3.7/commons-lang3-3.7.jar:/home/user/.m2/repository/org/apache/commons/commons-text/1.4/commons-text-1.4.jar:/home/user/.m2/repository/org/slf4j/slf4j-api/1.7.25/slf4j-api-1.7.25.jar:/home/user/.m2/repository/org/slf4j/slf4j-log4j12/1.7.25/slf4j-log4j12-1.7.25.jar:/home/user/.m2/repository/org/apache/avro/avro/1.7.7/avro-1.7.7.jar:/home/user/.m2/repository/com/thoughtworks/paranamer/paranamer/2.3/paranamer-2.3.jar:/home/user/.m2/repository/org/xerial/snappy/snappy-java/1.0.5/snappy-java-1.0.5.jar:/home/user/.m2/repository/com/google/re2j/re2j/1.1/re2j-1.1.jar:/home/user/.m2/repository/com/google/code/gson/gson/2.2.4/gson-2.2.4.jar:/home/user/.m2/repository/org/apache/hadoop/hadoop-auth/3.2.0/hadoop-auth-3.2.0.jar:/home/user/.m2/repository/com/nimbusds/nimbus-jose-jwt/4.41.1/nimbus-jose-jwt-4.41.1.jar:/home/user/.m2/repository/com/github/stephenc/jcip/jcip-annotations/1.0-1/jcip-annotations-1.0-1.jar:/home/user/.m2/repository/net/minidev/json-smart/2.3/json-smart-2.3.jar:/home/user/.m2/repository/net/minidev/accessors-smart/1.2/accessors-smart-1.2.jar:/home/user/.m2/repository/org/apache/curator/curator-framework/2.12.0/curator-framework-2.12.0.jar:/home/user/.m2/repository/com/jcraft/jsch/0.1.54/jsch-0.1.54.jar:/home/user/.m2/repository/org/apache/curator/curator-client/2.12.0/curator-client-2.12.0.jar:/home/user/.m2/repository/org/apache/curator/curator-recipes/2.12.0/curator-recipes-2.12.0.jar:/home/user/.m2/repository/com/google/code/findbugs/jsr305/3.0.0/jsr305-3.0.0.jar:/home/user/.m2/repository/org/apache/htrace/htrace-core4/4.1.0-incubating/htrace-core4-4.1.0-incubating.jar:/home/user/.m2/repository/org/apache/zookeeper/zookeeper/3.4.13/zookeeper-3.4.13.jar:/home/user/.m2/repository/org/apache/yetus/audience-annotations/0.5.0/audience-annotations-0.5.0.jar:/home/user/.m2/repository/org/apache/kerby/kerb-simplekdc/1.0.1/kerb-simplekdc-1.0.1.jar:/home/user/.m2/repository/org/apache/kerby/kerb-client/1.0.1/kerb-client-1.0.1.jar:/home/user/.m2/repository/org/apache/kerby/kerby-config/1.0.1/kerby-config-1.0.1.jar:/home/user/.m2/repository/org/apache/kerby/kerb-core/1.0.1/kerb-core-1.0.1.jar:/home/user/.m2/repository/org/apache/kerby/kerby-pkix/1.0.1/kerby-pkix-1.0.1.jar:/home/user/.m2/repository/org/apache/kerby/kerby-asn1/1.0.1/kerby-asn1-1.0.1.jar:/home/user/.m2/repository/org/apache/kerby/kerby-util/1.0.1/kerby-util-1.0.1.jar:/home/user/.m2/repository/org/apache/kerby/kerb-common/1.0.1/kerb-common-1.0.1.jar:/home/user/.m2/repository/org/apache/kerby/kerb-crypto/1.0.1/kerb-crypto-1.0.1.jar:/home/user/.m2/repository/org/apache/kerby/kerb-util/1.0.1/kerb-util-1.0.1.jar:/home/user/.m2/repository/org/apache/kerby/token-provider/1.0.1/token-provider-1.0.1.jar:/home/user/.m2/repository/org/apache/kerby/kerb-admin/1.0.1/kerb-admin-1.0.1.jar:/home/user/.m2/repository/org/apache/kerby/kerb-server/1.0.1/kerb-server-1.0.1.jar:/home/user/.m2/repository/org/apache/kerby/kerb-identity/1.0.1/kerb-identity-1.0.1.jar:/home/user/.m2/repository/org/apache/kerby/kerby-xdr/1.0.1/kerby-xdr-1.0.1.jar:/home/user/.m2/repository/com/fasterxml/jackson/core/jackson-databind/2.9.5/jackson-databind-2.9.5.jar:/home/user/.m2/repository/com/fasterxml/jackson/core/jackson-core/2.9.5/jackson-core-2.9.5.jar:/home/user/.m2/repository/org/codehaus/woodstox/stax2-api/3.1.4/stax2-api-3.1.4.jar:/home/user/.m2/repository/com/fasterxml/woodstox/woodstox-core/5.0.3/woodstox-core-5.0.3.jar:/home/user/.m2/repository/dnsjava/dnsjava/2.1.7/dnsjava-2.1.7.jar:/home/user/.m2/repository/org/apache/hadoop/hadoop-hdfs/3.2.0/hadoop-hdfs-3.2.0.jar:/home/user/.m2/repository/org/eclipse/jetty/jetty-util-ajax/9.3.24.v20180605/jetty-util-ajax-9.3.24.v20180605.jar:/home/user/.m2/repository/commons-daemon/commons-daemon/1.0.13/commons-daemon-1.0.13.jar:/home/user/.m2/repository/io/netty/netty/3.10.5.Final/netty-3.10.5.Final.jar:/home/user/.m2/repository/io/netty/netty-all/4.0.52.Final/netty-all-4.0.52.Final.jar:/home/user/.m2/repository/org/fusesource/leveldbjni/leveldbjni-all/1.8/leveldbjni-all-1.8.jar:/home/user/.m2/repository/com/sun/xml/bind/jaxb-core/2.3.0.1/jaxb-core-2.3.0.1.jar:/home/user/.m2/repository/javax/xml/bind/jaxb-api/2.3.0/jaxb-api-2.3.0.jar:/home/user/.m2/repository/javax/activation/activation/1.1.1/activation-1.1.1.jar:/home/user/.m2/repository/io/dropwizard/metrics/metrics-core/3.2.4/metrics-core-3.2.4.jar:/home/user/.m2/repository/org/openjdk/jmh/jmh-core/1.19/jmh-core-1.19.jar:/home/user/.m2/repository/net/sf/jopt-simple/jopt-simple/4.6/jopt-simple-4.6.jar:/home/user/.m2/repository/org/openjdk/jmh/jmh-generator-annprocess/1.19/jmh-generator-annprocess-1.19.jar:/home/user/.m2/repository/com/google/code/findbugs/findbugs/3.0.1/findbugs-3.0.1.jar:/home/user/.m2/repository/net/jcip/jcip-annotations/1.0/jcip-annotations-1.0.jar:/home/user/.m2/repository/com/google/code/findbugs/bcel-findbugs/6.0/bcel-findbugs-6.0.jar:/home/user/.m2/repository/com/google/code/findbugs/jFormatString/2.0.1/jFormatString-2.0.1.jar:/home/user/.m2/repository/dom4j/dom4j/1.6.1/dom4j-1.6.1.jar:/home/user/.m2/repository/xml-apis/xml-apis/1.0.b2/xml-apis-1.0.b2.jar:/home/user/.m2/repository/org/ow2/asm/asm-debug-all/5.0.2/asm-debug-all-5.0.2.jar:/home/user/.m2/repository/org/ow2/asm/asm-commons/5.0.2/asm-commons-5.0.2.jar:/home/user/.m2/repository/org/ow2/asm/asm-tree/5.0.2/asm-tree-5.0.2.jar:/home/user/.m2/repository/org/ow2/asm/asm/5.0.4/asm-5.0.4.jar:/home/user/.m2/repository/commons-lang/commons-lang/2.6/commons-lang-2.6.jar:/home/user/.m2/repository/com/apple/AppleJavaExtensions/1.4/AppleJavaExtensions-1.4.jar:/home/user/.m2/repository/jaxen/jaxen/1.1.6/jaxen-1.1.6.jar:/home/user/.m2/repository/junit/junit/4.11/junit-4.11.jar:/home/user/.m2/repository/org/hamcrest/hamcrest-core/1.3/hamcrest-core-1.3.jar:/home/user/.m2/repository/org/apache/hadoop/hadoop-common/3.2.0/hadoop-common-3.2.0-tests.jar:/home/user/.m2/repository/org/apache/hadoop/hadoop-ozone-integration-test/0.5.0-SNAPSHOT/hadoop-ozone-integration-test-0.5.0-SNAPSHOT-tests.jar:/tmp/workdir/hadoop-ozone/objectstore-service/target/classes:/tmp/workdir/hadoop-ozone/s3gateway/target/classes:/home/user/.m2/repository/org/jboss/weld/servlet/weld-servlet/2.4.7.Final/weld-servlet-2.4.7.Final.jar:/home/user/.m2/repository/org/glassfish/jersey/containers/jersey-container-servlet-core/2.27/jersey-container-servlet-core-2.27.jar:/home/user/.m2/repository/org/glassfish/hk2/external/javax.inject/2.5.0-b42/javax.inject-2.5.0-b42.jar:/home/user/.m2/repository/org/glassfish/jersey/core/jersey-common/2.27/jersey-common-2.27.jar:/home/user/.m2/repository/org/glassfish/hk2/osgi-resource-locator/1.0.1/osgi-resource-locator-1.0.1.jar:/home/user/.m2/repository/javax/ws/rs/javax.ws.rs-api/2.1/javax.ws.rs-api-2.1.jar:/home/user/.m2/repository/org/glassfish/jersey/ext/cdi/jersey-cdi1x/2.27/jersey-cdi1x-2.27.jar:/home/user/.m2/repository/org/glassfish/jersey/inject/jersey-hk2/2.27/jersey-hk2-2.27.jar:/home/user/.m2/repository/org/glassfish/hk2/hk2-locator/2.5.0-b42/hk2-locator-2.5.0-b42.jar:/home/user/.m2/repository/org/javassist/javassist/3.22.0-CR2/javassist-3.22.0-CR2.jar:/home/user/.m2/repository/org/glassfish/hk2/hk2-api/2.5.0/hk2-api-2.5.0.jar:/home/user/.m2/repository/org/glassfish/hk2/external/jakarta.inject/2.5.0/jakarta.inject-2.5.0.jar:/home/user/.m2/repository/org/glassfish/hk2/hk2-utils/2.5.0/hk2-utils-2.5.0.jar:/home/user/.m2/repository/jakarta/annotation/jakarta.annotation-api/1.3.4/jakarta.annotation-api-1.3.4.jar:/home/user/.m2/repository/org/glassfish/hk2/external/aopalliance-repackaged/2.5.0/aopalliance-repackaged-2.5.0.jar:/home/user/.m2/repository/com/fasterxml/jackson/dataformat/jackson-dataformat-xml/2.9.0/jackson-dataformat-xml-2.9.0.jar:/home/user/.m2/repository/com/fasterxml/jackson/module/jackson-module-jaxb-annotations/2.9.5/jackson-module-jaxb-annotations-2.9.5.jar:/home/user/.m2/repository/javax/enterprise/cdi-api/1.2/cdi-api-1.2.jar:/home/user/.m2/repository/javax/el/javax.el-api/3.0.0/javax.el-api-3.0.0.jar:/home/user/.m2/repository/javax/interceptor/javax.interceptor-api/1.2/javax.interceptor-api-1.2.jar:/home/user/.m2/repository/javax/inject/javax.inject/1/javax.inject-1.jar:/tmp/workdir/hadoop-ozone/csi/target/classes:/home/user/.m2/repository/com/google/protobuf/protobuf-java-util/3.5.1/protobuf-java-util-3.5.1.jar:/home/user/.m2/repository/io/grpc/grpc-netty/1.17.1/grpc-netty-1.17.1.jar:/home/user/.m2/repository/io/grpc/grpc-core/1.17.1/grpc-core-1.17.1.jar:/home/user/.m2/repository/io/grpc/grpc-context/1.17.1/grpc-context-1.17.1.jar:/home/user/.m2/repository/com/google/errorprone/error_prone_annotations/2.2.0/error_prone_annotations-2.2.0.jar:/home/user/.m2/repository/org/codehaus/mojo/animal-sniffer-annotations/1.17/animal-sniffer-annotations-1.17.jar:/home/user/.m2/repository/io/opencensus/opencensus-api/0.17.0/opencensus-api-0.17.0.jar:/home/user/.m2/repository/io/opencensus/opencensus-contrib-grpc-metrics/0.17.0/opencensus-contrib-grpc-metrics-0.17.0.jar:/home/user/.m2/repository/io/netty/netty-codec-http2/4.1.30.Final/netty-codec-http2-4.1.30.Final.jar:/home/user/.m2/repository/io/netty/netty-codec-http/4.1.30.Final/netty-codec-http-4.1.30.Final.jar:/home/user/.m2/repository/io/netty/netty-codec/4.1.30.Final/netty-codec-4.1.30.Final.jar:/home/user/.m2/repository/io/netty/netty-handler/4.1.30.Final/netty-handler-4.1.30.Final.jar:/home/user/.m2/repository/io/netty/netty-handler-proxy/4.1.30.Final/netty-handler-proxy-4.1.30.Final.jar:/home/user/.m2/repository/io/netty/netty-codec-socks/4.1.30.Final/netty-codec-socks-4.1.30.Final.jar:/home/user/.m2/repository/io/netty/netty-transport-native-epoll/4.1.30.Final/netty-transport-native-epoll-4.1.30.Final.jar:/home/user/.m2/repository/io/netty/netty-common/4.1.30.Final/netty-common-4.1.30.Final.jar:/home/user/.m2/repository/io/netty/netty-buffer/4.1.30.Final/netty-buffer-4.1.30.Final.jar:/home/user/.m2/repository/io/netty/netty-transport/4.1.30.Final/netty-transport-4.1.30.Final.jar:/home/user/.m2/repository/io/netty/netty-resolver/4.1.30.Final/netty-resolver-4.1.30.Final.jar:/home/user/.m2/repository/io/netty/netty-transport-native-unix-common/4.1.30.Final/netty-transport-native-unix-common-4.1.30.Final.jar:/home/user/.m2/repository/io/grpc/grpc-protobuf/1.17.1/grpc-protobuf-1.17.1.jar:/home/user/.m2/repository/com/google/api/grpc/proto-google-common-protos/1.0.0/proto-google-common-protos-1.0.0.jar:/home/user/.m2/repository/io/grpc/grpc-protobuf-lite/1.17.1/grpc-protobuf-lite-1.17.1.jar:/home/user/.m2/repository/io/grpc/grpc-stub/1.17.1/grpc-stub-1.17.1.jar:/tmp/workdir/hadoop-ozone/ozone-recon/target/classes:/tmp/workdir/hadoop-ozone/ozone-recon-codegen/target/classes:/home/user/.m2/repository/com/google/inject/extensions/guice-multibindings/4.0/guice-multibindings-4.0.jar:/home/user/.m2/repository/com/google/inject/guice/4.0/guice-4.0.jar:/home/user/.m2/repository/aopalliance/aopalliance/1.0/aopalliance-1.0.jar:/home/user/.m2/repository/com/google/inject/extensions/guice-servlet/4.0/guice-servlet-4.0.jar:/home/user/.m2/repository/org/glassfish/jersey/containers/jersey-container-servlet/2.27/jersey-container-servlet-2.27.jar:/home/user/.m2/repository/org/glassfish/hk2/guice-bridge/2.5.0/guice-bridge-2.5.0.jar:/home/user/.m2/repository/org/glassfish/jersey/core/jersey-server/2.27/jersey-server-2.27.jar:/home/user/.m2/repository/org/glassfish/jersey/core/jersey-client/2.27/jersey-client-2.27.jar:/home/user/.m2/repository/org/glassfish/jersey/media/jersey-media-jaxb/2.27/jersey-media-jaxb-2.27.jar:/home/user/.m2/repository/javax/validation/validation-api/1.1.0.Final/validation-api-1.1.0.Final.jar:/home/user/.m2/repository/org/glassfish/jersey/media/jersey-media-json-jackson/2.27/jersey-media-json-jackson-2.27.jar:/home/user/.m2/repository/org/glassfish/jersey/ext/jersey-entity-filtering/2.27/jersey-entity-filtering-2.27.jar:/home/user/.m2/repository/com/google/inject/extensions/guice-assistedinject/4.0/guice-assistedinject-4.0.jar:/home/user/.m2/repository/org/jooq/jooq/3.11.10/jooq-3.11.10.jar:/home/user/.m2/repository/org/jooq/jooq-meta/3.11.10/jooq-meta-3.11.10.jar:/home/user/.m2/repository/org/jooq/jooq-codegen/3.11.10/jooq-codegen-3.11.10.jar:/home/user/.m2/repository/com/jolbox/bonecp/0.8.0.RELEASE/bonecp-0.8.0.RELEASE.jar:/home/user/.m2/repository/org/springframework/spring-jdbc/5.1.3.RELEASE/spring-jdbc-5.1.3.RELEASE.jar:/home/user/.m2/repository/org/springframework/spring-beans/5.1.3.RELEASE/spring-beans-5.1.3.RELEASE.jar:/home/user/.m2/repository/org/springframework/spring-core/5.1.3.RELEASE/spring-core-5.1.3.RELEASE.jar:/home/user/.m2/repository/org/springframework/spring-jcl/5.1.3.RELEASE/spring-jcl-5.1.3.RELEASE.jar:/home/user/.m2/repository/org/springframework/spring-tx/5.1.3.RELEASE/spring-tx-5.1.3.RELEASE.jar:/home/user/.m2/repository/org/mockito/mockito-core/2.15.0/mockito-core-2.15.0.jar:/home/user/.m2/repository/net/bytebuddy/byte-buddy/1.7.9/byte-buddy-1.7.9.jar:/home/user/.m2/repository/net/bytebuddy/byte-buddy-agent/1.7.9/byte-buddy-agent-1.7.9.jar:/home/user/.m2/repository/org/objenesis/objenesis/1.0/objenesis-1.0.jar:"/>
    <property name="sun.cpu.endian" value="little"/>
    <property name="user.home" value="/home/user"/>
    <property name="user.language" value="en"/>
    <property name="java.specification.vendor" value="Oracle Corporation"/>
    <property name="java.home" value="/usr/lib/jvm/java-1.8-openjdk/jre"/>
    <property name="java.security.krb5.conf" value="/tmp/workdir/hadoop-ozone/tools/target/test-classes/krb5.conf"/>
    <property name="basedir" value="/tmp/workdir/hadoop-ozone/tools"/>
    <property name="file.separator" value="/"/>
    <property name="line.separator" value="&#10;"/>
    <property name="java.vm.specification.vendor" value="Oracle Corporation"/>
    <property name="java.specification.name" value="Java Platform API Specification"/>
    <property name="java.awt.graphicsenv" value="sun.awt.X11GraphicsEnvironment"/>
    <property name="surefire.real.class.path" value="/tmp/workdir/hadoop-ozone/tools/target/surefire/surefirebooter7998423803183466981.jar"/>
    <property name="hadoop.log.dir" value="/tmp/workdir/hadoop-ozone/tools/target/log"/>
    <property name="sun.boot.class.path" value="/usr/lib/jvm/java-1.8-openjdk/jre/lib/resources.jar:/usr/lib/jvm/java-1.8-openjdk/jre/lib/rt.jar:/usr/lib/jvm/java-1.8-openjdk/jre/lib/sunrsasign.jar:/usr/lib/jvm/java-1.8-openjdk/jre/lib/jsse.jar:/usr/lib/jvm/java-1.8-openjdk/jre/lib/jce.jar:/usr/lib/jvm/java-1.8-openjdk/jre/lib/charsets.jar:/usr/lib/jvm/java-1.8-openjdk/jre/lib/jfr.jar:/usr/lib/jvm/java-1.8-openjdk/jre/classes"/>
    <property name="sun.management.compiler" value="HotSpot 64-Bit Tiered Compilers"/>
    <property name="java.runtime.version" value="1.8.0_212-b04"/>
    <property name="java.net.preferIPv4Stack" value="true"/>
    <property name="user.name" value="jenkins1000"/>
    <property name="path.separator" value=":"/>
    <property name="java.security.egd" value="file:///dev/urandom"/>
    <property name="os.version" value="3.10.0-957.12.2.el7.x86_64"/>
    <property name="java.endorsed.dirs" value="/usr/lib/jvm/java-1.8-openjdk/jre/lib/endorsed"/>
    <property name="java.runtime.name" value="OpenJDK Runtime Environment"/>
    <property name="file.encoding" value="UTF-8"/>
    <property name="java.vm.name" value="OpenJDK 64-Bit Server VM"/>
    <property name="test.build.webapps" value=""/>
    <property name="localRepository" value="/home/user/.m2/repository"/>
    <property name="java.vendor.url.bug" value="https://icedtea.classpath.org/bugzilla"/>
    <property name="java.io.tmpdir" value="/tmp"/>
    <property name="require.test.libhadoop" value=""/>
    <property name="java.version" value="1.8.0_212"/>
    <property name="user.dir" value="/tmp/workdir/hadoop-ozone/tools"/>
    <property name="os.arch" value="amd64"/>
    <property name="java.vm.specification.name" value="Java Virtual Machine Specification"/>
    <property name="test.build.classes" value="/tmp/workdir/hadoop-ozone/tools/target/test-classes"/>
    <property name="java.awt.printerjob" value="sun.print.PSPrinterJob"/>
    <property name="sun.os.patch.level" value="unknown"/>
    <property name="hadoop.tmp.dir" value="/tmp/workdir/hadoop-ozone/tools/target/tmp"/>
    <property name="java.library.path" value="/usr/lib/jvm/java-1.8-openjdk/jre/lib/amd64/server:/usr/lib/jvm/java-1.8-openjdk/jre/lib/amd64:/usr/lib/jvm/java-1.8-openjdk/jre/../lib/amd64:/tmp/workdir/hadoop-ozone/tools/target/native/target/usr/local/lib:/tmp/workdir/hadoop-ozone/tools/../../hadoop-common-project/hadoop-common/target/native/target/usr/local/lib:/usr/java/packages/lib/amd64:/usr/lib64:/lib64:/lib:/usr/lib"/>
    <property name="java.vm.info" value="mixed mode"/>
    <property name="java.vendor" value="IcedTea"/>
    <property name="java.vm.version" value="25.212-b04"/>
    <property name="java.ext.dirs" value="/usr/lib/jvm/java-1.8-openjdk/jre/lib/ext:/usr/java/packages/lib/ext"/>
    <property name="sun.io.unicode.encoding" value="UnicodeLittle"/>
    <property name="java.class.version" value="52.0"/>
  </properties>
  <testcase name="ratisTest3" classname="org.apache.hadoop.ozone.freon.TestRandomKeyGenerator" time="5.348"/>
  <testcase name="testThreadPoolSize" classname="org.apache.hadoop.ozone.freon.TestRandomKeyGenerator" time="5.034"/>
  <testcase name="defaultTest" classname="org.apache.hadoop.ozone.freon.TestRandomKeyGenerator" time="5.024"/>
  <testcase name="bigFileThan2GB" classname="org.apache.hadoop.ozone.freon.TestRandomKeyGenerator" time="53.826">
    <error message="Allocated 0 blocks. Requested 1 blocks" type="INTERNAL_ERROR org.apache.hadoop.ozone.om.exceptions.OMException">INTERNAL_ERROR org.apache.hadoop.ozone.om.exceptions.OMException: Allocated 0 blocks. Requested 1 blocks
	at org.apache.hadoop.ozone.om.protocolPB.OzoneManagerProtocolClientSideTranslatorPB.handleError(OzoneManagerProtocolClientSideTranslatorPB.java:720)
	at org.apache.hadoop.ozone.om.protocolPB.OzoneManagerProtocolClientSideTranslatorPB.allocateBlock(OzoneManagerProtocolClientSideTranslatorPB.java:752)
	at org.apache.hadoop.ozone.client.io.BlockOutputStreamEntryPool.allocateNewBlock(BlockOutputStreamEntryPool.java:248)
	at org.apache.hadoop.ozone.client.io.BlockOutputStreamEntryPool.allocateBlockIfNeeded(BlockOutputStreamEntryPool.java:296)
	at org.apache.hadoop.ozone.client.io.KeyOutputStream.handleWrite(KeyOutputStream.java:201)
	at org.apache.hadoop.ozone.client.io.KeyOutputStream.write(KeyOutputStream.java:193)
	at org.apache.hadoop.ozone.client.io.OzoneOutputStream.write(OzoneOutputStream.java:49)
	at org.apache.hadoop.ozone.freon.RandomKeyGenerator$KeyProcessor.run(RandomKeyGenerator.java:693)
	at java.util.concurrent.Executors$RunnableAdapter.call(Executors.java:511)
	at java.util.concurrent.FutureTask.run(FutureTask.java:266)
	at java.util.concurrent.ThreadPoolExecutor.runWorker(ThreadPoolExecutor.java:1149)
	at java.util.concurrent.ThreadPoolExecutor$Worker.run(ThreadPoolExecutor.java:624)
	at java.lang.Thread.run(Thread.java:748)
</error>
    <system-out><![CDATA[2019-07-10 10:27:11,712 WARN  client.GrpcClientProtocolService (LogUtils.java:warn(134)) - 10-UnorderedRequestStreamObserver10: onError: org.apache.ratis.thirdparty.io.grpc.StatusRuntimeException: CANCELLED: cancelled before receiving half close
2019-07-10 10:27:19,855 INFO  freon.RandomKeyGenerator (RandomKeyGenerator.java:call(262)) - Number of Threads: 1
2019-07-10 10:27:19,856 INFO  freon.RandomKeyGenerator (RandomKeyGenerator.java:call(267)) - Number of Volumes: 1.
2019-07-10 10:27:19,856 INFO  freon.RandomKeyGenerator (RandomKeyGenerator.java:call(268)) - Number of Buckets per Volume: 1.
2019-07-10 10:27:19,856 INFO  freon.RandomKeyGenerator (RandomKeyGenerator.java:call(269)) - Number of Keys per Bucket: 1.
2019-07-10 10:27:19,856 INFO  freon.RandomKeyGenerator (RandomKeyGenerator.java:call(270)) - Key size: 2147483657 bytes
2019-07-10 10:27:19,857 INFO  freon.RandomKeyGenerator (RandomKeyGenerator.java:call(271)) - Buffer size: 4096 bytes
2019-07-10 10:27:19,859 INFO  rpc.RpcClient (RpcClient.java:createVolume(289)) - Creating Volume: vol-0-07780, with jenkins1000 as owner.
2019-07-10 10:27:19,860 INFO  freon.RandomKeyGenerator (RandomKeyGenerator.java:call(286)) - Data validation is enabled.
2019-07-10 10:27:19,860 INFO  freon.RandomKeyGenerator (RandomKeyGenerator.java:call(299)) - Starting progress bar Thread.

 0.00% |█                                                                                                    |  0/1 Time: 0:00:002019-07-10 10:27:19,873 INFO  rpc.RpcClient (RpcClient.java:createBucket(426)) - Creating Bucket: vol-0-07780/bucket-0-99701, with Versioning false and Storage Type set to DISK and Encryption set to false 
2019-07-10 10:27:19,962 INFO  client.GrpcClientProtocolClient (GrpcClientProtocolClient.java:onNext(255)) - client-821285EC2D67->67fae1a7-3cbe-4338-9d41-57e84498288b: receive RaftClientReply:client-821285EC2D67->67fae1a7-3cbe-4338-9d41-57e84498288b@group-0E07FAD1B91E, cid=599, FAILED org.apache.ratis.protocol.NotLeaderException: Server 67fae1a7-3cbe-4338-9d41-57e84498288b is not the leader (9fa9a271-7bed-4435-b477-86c6ed0ece08:192.168.5.185:46543). Request must be sent to leader., logIndex=0, commits[67fae1a7-3cbe-4338-9d41-57e84498288b:c724, 06c1a879-4ae3-48dc-9686-b55cde066000:c724, 9fa9a271-7bed-4435-b477-86c6ed0ece08:c724]
2019-07-10 10:27:20,029 INFO  client.GrpcClientProtocolClient (GrpcClientProtocolClient.java:onNext(255)) - client-821285EC2D67->9fa9a271-7bed-4435-b477-86c6ed0ece08: receive RaftClientReply:client-821285EC2D67->9fa9a271-7bed-4435-b477-86c6ed0ece08@group-0E07FAD1B91E, cid=599, SUCCESS, logIndex=725, commits[9fa9a271-7bed-4435-b477-86c6ed0ece08:c725, 06c1a879-4ae3-48dc-9686-b55cde066000:c724, 67fae1a7-3cbe-4338-9d41-57e84498288b:c724]
2019-07-10 10:27:20,054 INFO  client.GrpcClientProtocolClient (GrpcClientProtocolClient.java:onNext(255)) - client-821285EC2D67->9fa9a271-7bed-4435-b477-86c6ed0ece08: receive RaftClientReply:client-821285EC2D67->9fa9a271-7bed-4435-b477-86c6ed0ece08@group-0E07FAD1B91E, cid=600, SUCCESS, logIndex=727, commits[9fa9a271-7bed-4435-b477-86c6ed0ece08:c727, 06c1a879-4ae3-48dc-9686-b55cde066000:c726, 67fae1a7-3cbe-4338-9d41-57e84498288b:c726]
2019-07-10 10:27:20,060 INFO  client.GrpcClientProtocolClient (GrpcClientProtocolClient.java:onNext(255)) - client-821285EC2D67->9fa9a271-7bed-4435-b477-86c6ed0ece08: receive RaftClientReply:client-821285EC2D67->9fa9a271-7bed-4435-b477-86c6ed0ece08@group-0E07FAD1B91E, cid=601, SUCCESS, logIndex=728, commits[9fa9a271-7bed-4435-b477-86c6ed0ece08:c729, 06c1a879-4ae3-48dc-9686-b55cde066000:c726, 67fae1a7-3cbe-4338-9d41-57e84498288b:c726]
2019-07-10 10:27:20,062 INFO  client.GrpcClientProtocolClient (GrpcClientProtocolClient.java:onNext(255)) - client-821285EC2D67->9fa9a271-7bed-4435-b477-86c6ed0ece08: receive RaftClientReply:client-821285EC2D67->9fa9a271-7bed-4435-b477-86c6ed0ece08@group-0E07FAD1B91E, cid=602, SUCCESS, logIndex=729, commits[9fa9a271-7bed-4435-b477-86c6ed0ece08:c730, 06c1a879-4ae3-48dc-9686-b55cde066000:c727, 67fae1a7-3cbe-4338-9d41-57e84498288b:c727]
2019-07-10 10:27:20,092 INFO  client.GrpcClientProtocolClient (GrpcClientProtocolClient.java:onNext(255)) - client-821285EC2D67->9fa9a271-7bed-4435-b477-86c6ed0ece08: receive RaftClientReply:client-821285EC2D67->9fa9a271-7bed-4435-b477-86c6ed0ece08@group-0E07FAD1B91E, cid=603, SUCCESS, logIndex=733, commits[9fa9a271-7bed-4435-b477-86c6ed0ece08:c734, 06c1a879-4ae3-48dc-9686-b55cde066000:c732, 67fae1a7-3cbe-4338-9d41-57e84498288b:c732]
2019-07-10 10:27:20,095 INFO  client.GrpcClientProtocolClient (GrpcClientProtocolClient.java:onNext(255)) - client-821285EC2D67->9fa9a271-7bed-4435-b477-86c6ed0ece08: receive RaftClientReply:client-821285EC2D67->9fa9a271-7bed-4435-b477-86c6ed0ece08@group-0E07FAD1B91E, cid=604, SUCCESS, logIndex=734, commits[9fa9a271-7bed-4435-b477-86c6ed0ece08:c734, 06c1a879-4ae3-48dc-9686-b55cde066000:c732, 67fae1a7-3cbe-4338-9d41-57e84498288b:c732]
2019-07-10 10:27:20,346 INFO  client.GrpcClientProtocolClient (GrpcClientProtocolClient.java:onNext(255)) - client-821285EC2D67->9fa9a271-7bed-4435-b477-86c6ed0ece08: receive RaftClientReply:client-821285EC2D67->9fa9a271-7bed-4435-b477-86c6ed0ece08@group-0E07FAD1B91E, cid=605, SUCCESS, logIndex=737, commits[9fa9a271-7bed-4435-b477-86c6ed0ece08:c738, 06c1a879-4ae3-48dc-9686-b55cde066000:c736, 67fae1a7-3cbe-4338-9d41-57e84498288b:c736]
2019-07-10 10:27:20,349 INFO  client.GrpcClientProtocolClient (GrpcClientProtocolClient.java:onNext(255)) - client-821285EC2D67->9fa9a271-7bed-4435-b477-86c6ed0ece08: receive RaftClientReply:client-821285EC2D67->9fa9a271-7bed-4435-b477-86c6ed0ece08@group-0E07FAD1B91E, cid=606, SUCCESS, logIndex=738, commits[9fa9a271-7bed-4435-b477-86c6ed0ece08:c738, 06c1a879-4ae3-48dc-9686-b55cde066000:c736, 67fae1a7-3cbe-4338-9d41-57e84498288b:c736]
2019-07-10 10:27:20,355 INFO  client.GrpcClientProtocolClient (GrpcClientProtocolClient.java:onNext(255)) - client-821285EC2D67->9fa9a271-7bed-4435-b477-86c6ed0ece08: receive RaftClientReply:client-821285EC2D67->9fa9a271-7bed-4435-b477-86c6ed0ece08@group-0E07FAD1B91E, cid=607, SUCCESS, logIndex=0, commits[9fa9a271-7bed-4435-b477-86c6ed0ece08:c740, 06c1a879-4ae3-48dc-9686-b55cde066000:c738, 67fae1a7-3cbe-4338-9d41-57e84498288b:c738]
2019-07-10 10:27:20,385 INFO  client.GrpcClientProtocolClient (GrpcClientProtocolClient.java:onNext(255)) - client-821285EC2D67->9fa9a271-7bed-4435-b477-86c6ed0ece08: receive RaftClientReply:client-821285EC2D67->9fa9a271-7bed-4435-b477-86c6ed0ece08@group-0E07FAD1B91E, cid=608, SUCCESS, logIndex=741, commits[9fa9a271-7bed-4435-b477-86c6ed0ece08:c742, 06c1a879-4ae3-48dc-9686-b55cde066000:c740, 67fae1a7-3cbe-4338-9d41-57e84498288b:c740]
2019-07-10 10:27:20,386 INFO  client.GrpcClientProtocolClient (GrpcClientProtocolClient.java:onNext(255)) - client-821285EC2D67->9fa9a271-7bed-4435-b477-86c6ed0ece08: receive RaftClientReply:client-821285EC2D67->9fa9a271-7bed-4435-b477-86c6ed0ece08@group-0E07FAD1B91E, cid=609, SUCCESS, logIndex=742, commits[9fa9a271-7bed-4435-b477-86c6ed0ece08:c742, 06c1a879-4ae3-48dc-9686-b55cde066000:c740, 67fae1a7-3cbe-4338-9d41-57e84498288b:c740]
2019-07-10 10:27:20,396 INFO  client.GrpcClientProtocolClient (GrpcClientProtocolClient.java:onNext(255)) - client-821285EC2D67->9fa9a271-7bed-4435-b477-86c6ed0ece08: receive RaftClientReply:client-821285EC2D67->9fa9a271-7bed-4435-b477-86c6ed0ece08@group-0E07FAD1B91E, cid=610, SUCCESS, logIndex=743, commits[9fa9a271-7bed-4435-b477-86c6ed0ece08:c744, 06c1a879-4ae3-48dc-9686-b55cde066000:c740, 67fae1a7-3cbe-4338-9d41-57e84498288b:c740]
2019-07-10 10:27:20,397 INFO  client.GrpcClientProtocolClient (GrpcClientProtocolClient.java:onNext(255)) - client-821285EC2D67->9fa9a271-7bed-4435-b477-86c6ed0ece08: receive RaftClientReply:client-821285EC2D67->9fa9a271-7bed-4435-b477-86c6ed0ece08@group-0E07FAD1B91E, cid=611, SUCCESS, logIndex=744, commits[9fa9a271-7bed-4435-b477-86c6ed0ece08:c746, 06c1a879-4ae3-48dc-9686-b55cde066000:c742, 67fae1a7-3cbe-4338-9d41-57e84498288b:c742]
2019-07-10 10:27:20,422 INFO  client.GrpcClientProtocolClient (GrpcClientProtocolClient.java:onNext(255)) - client-821285EC2D67->9fa9a271-7bed-4435-b477-86c6ed0ece08: receive RaftClientReply:client-821285EC2D67->9fa9a271-7bed-4435-b477-86c6ed0ece08@group-0E07FAD1B91E, cid=612, SUCCESS, logIndex=749, commits[9fa9a271-7bed-4435-b477-86c6ed0ece08:c750, 06c1a879-4ae3-48dc-9686-b55cde066000:c748, 67fae1a7-3cbe-4338-9d41-57e84498288b:c748]
2019-07-10 10:27:20,423 INFO  client.GrpcClientProtocolClient (GrpcClientProtocolClient.java:onNext(255)) - client-821285EC2D67->9fa9a271-7bed-4435-b477-86c6ed0ece08: receive RaftClientReply:client-821285EC2D67->9fa9a271-7bed-4435-b477-86c6ed0ece08@group-0E07FAD1B91E, cid=613, SUCCESS, logIndex=750, commits[9fa9a271-7bed-4435-b477-86c6ed0ece08:c750, 06c1a879-4ae3-48dc-9686-b55cde066000:c748, 67fae1a7-3cbe-4338-9d41-57e84498288b:c748]
2019-07-10 10:27:20,447 INFO  client.GrpcClientProtocolClient (GrpcClientProtocolClient.java:onNext(255)) - client-821285EC2D67->9fa9a271-7bed-4435-b477-86c6ed0ece08: receive RaftClientReply:client-821285EC2D67->9fa9a271-7bed-4435-b477-86c6ed0ece08@group-0E07FAD1B91E, cid=614, SUCCESS, logIndex=753, commits[9fa9a271-7bed-4435-b477-86c6ed0ece08:c754, 06c1a879-4ae3-48dc-9686-b55cde066000:c752, 67fae1a7-3cbe-4338-9d41-57e84498288b:c750]
2019-07-10 10:27:20,448 INFO  client.GrpcClientProtocolClient (GrpcClientProtocolClient.java:onNext(255)) - client-821285EC2D67->9fa9a271-7bed-4435-b477-86c6ed0ece08: receive RaftClientReply:client-821285EC2D67->9fa9a271-7bed-4435-b477-86c6ed0ece08@group-0E07FAD1B91E, cid=615, SUCCESS, logIndex=754, commits[9fa9a271-7bed-4435-b477-86c6ed0ece08:c754, 06c1a879-4ae3-48dc-9686-b55cde066000:c752, 67fae1a7-3cbe-4338-9d41-57e84498288b:c752]
2019-07-10 10:27:20,450 INFO  client.GrpcClientProtocolClient (GrpcClientProtocolClient.java:onNext(255)) - client-821285EC2D67->9fa9a271-7bed-4435-b477-86c6ed0ece08: receive RaftClientReply:client-821285EC2D67->9fa9a271-7bed-4435-b477-86c6ed0ece08@group-0E07FAD1B91E, cid=616, SUCCESS, logIndex=0, commits[9fa9a271-7bed-4435-b477-86c6ed0ece08:c756, 06c1a879-4ae3-48dc-9686-b55cde066000:c754, 67fae1a7-3cbe-4338-9d41-57e84498288b:c754]
2019-07-10 10:27:20,477 INFO  client.GrpcClientProtocolClient (GrpcClientProtocolClient.java:onNext(255)) - client-821285EC2D67->9fa9a271-7bed-4435-b477-86c6ed0ece08: receive RaftClientReply:client-821285EC2D67->9fa9a271-7bed-4435-b477-86c6ed0ece08@group-0E07FAD1B91E, cid=617, SUCCESS, logIndex=757, commits[9fa9a271-7bed-4435-b477-86c6ed0ece08:c758, 06c1a879-4ae3-48dc-9686-b55cde066000:c756, 67fae1a7-3cbe-4338-9d41-57e84498288b:c756]
2019-07-10 10:27:20,477 INFO  client.GrpcClientProtocolClient (GrpcClientProtocolClient.java:onNext(255)) - client-821285EC2D67->9fa9a271-7bed-4435-b477-86c6ed0ece08: receive RaftClientReply:client-821285EC2D67->9fa9a271-7bed-4435-b477-86c6ed0ece08@group-0E07FAD1B91E, cid=618, SUCCESS, logIndex=758, commits[9fa9a271-7bed-4435-b477-86c6ed0ece08:c758, 06c1a879-4ae3-48dc-9686-b55cde066000:c756, 67fae1a7-3cbe-4338-9d41-57e84498288b:c756]
2019-07-10 10:27:20,488 INFO  client.GrpcClientProtocolClient (GrpcClientProtocolClient.java:onNext(255)) - client-821285EC2D67->9fa9a271-7bed-4435-b477-86c6ed0ece08: receive RaftClientReply:client-821285EC2D67->9fa9a271-7bed-4435-b477-86c6ed0ece08@group-0E07FAD1B91E, cid=619, SUCCESS, logIndex=759, commits[9fa9a271-7bed-4435-b477-86c6ed0ece08:c762, 06c1a879-4ae3-48dc-9686-b55cde066000:c758, 67fae1a7-3cbe-4338-9d41-57e84498288b:c757]
2019-07-10 10:27:20,490 INFO  client.GrpcClientProtocolClient (GrpcClientProtocolClient.java:onNext(255)) - client-821285EC2D67->9fa9a271-7bed-4435-b477-86c6ed0ece08: receive RaftClientReply:client-821285EC2D67->9fa9a271-7bed-4435-b477-86c6ed0ece08@group-0E07FAD1B91E, cid=620, SUCCESS, logIndex=760, commits[9fa9a271-7bed-4435-b477-86c6ed0ece08:c762, 06c1a879-4ae3-48dc-9686-b55cde066000:c758, 67fae1a7-3cbe-4338-9d41-57e84498288b:c758]
2019-07-10 10:27:20,523 INFO  client.GrpcClientProtocolClient (GrpcClientProtocolClient.java:onNext(255)) - client-821285EC2D67->9fa9a271-7bed-4435-b477-86c6ed0ece08: receive RaftClientReply:client-821285EC2D67->9fa9a271-7bed-4435-b477-86c6ed0ece08@group-0E07FAD1B91E, cid=621, SUCCESS, logIndex=765, commits[9fa9a271-7bed-4435-b477-86c6ed0ece08:c766, 06c1a879-4ae3-48dc-9686-b55cde066000:c764, 67fae1a7-3cbe-4338-9d41-57e84498288b:c764]
2019-07-10 10:27:20,524 INFO  client.GrpcClientProtocolClient (GrpcClientProtocolClient.java:onNext(255)) - client-821285EC2D67->9fa9a271-7bed-4435-b477-86c6ed0ece08: receive RaftClientReply:client-821285EC2D67->9fa9a271-7bed-4435-b477-86c6ed0ece08@group-0E07FAD1B91E, cid=622, SUCCESS, logIndex=766, commits[9fa9a271-7bed-4435-b477-86c6ed0ece08:c766, 06c1a879-4ae3-48dc-9686-b55cde066000:c764, 67fae1a7-3cbe-4338-9d41-57e84498288b:c764]
2019-07-10 10:27:20,549 INFO  client.GrpcClientProtocolClient (GrpcClientProtocolClient.java:onNext(255)) - client-821285EC2D67->9fa9a271-7bed-4435-b477-86c6ed0ece08: receive RaftClientReply:client-821285EC2D67->9fa9a271-7bed-4435-b477-86c6ed0ece08@group-0E07FAD1B91E, cid=623, SUCCESS, logIndex=769, commits[9fa9a271-7bed-4435-b477-86c6ed0ece08:c770, 06c1a879-4ae3-48dc-9686-b55cde066000:c768, 67fae1a7-3cbe-4338-9d41-57e84498288b:c768]
2019-07-10 10:27:20,550 INFO  client.GrpcClientProtocolClient (GrpcClientProtocolClient.java:onNext(255)) - client-821285EC2D67->9fa9a271-7bed-4435-b477-86c6ed0ece08: receive RaftClientReply:client-821285EC2D67->9fa9a271-7bed-4435-b477-86c6ed0ece08@group-0E07FAD1B91E, cid=624, SUCCESS, logIndex=770, commits[9fa9a271-7bed-4435-b477-86c6ed0ece08:c770, 06c1a879-4ae3-48dc-9686-b55cde066000:c768, 67fae1a7-3cbe-4338-9d41-57e84498288b:c768]
2019-07-10 10:27:20,560 INFO  client.GrpcClientProtocolClient (GrpcClientProtocolClient.java:onNext(255)) - client-821285EC2D67->9fa9a271-7bed-4435-b477-86c6ed0ece08: receive RaftClientReply:client-821285EC2D67->9fa9a271-7bed-4435-b477-86c6ed0ece08@group-0E07FAD1B91E, cid=625, SUCCESS, logIndex=0, commits[9fa9a271-7bed-4435-b477-86c6ed0ece08:c771, 06c1a879-4ae3-48dc-9686-b55cde066000:c770, 67fae1a7-3cbe-4338-9d41-57e84498288b:c770]
2019-07-10 10:27:20,589 INFO  client.GrpcClientProtocolClient (GrpcClientProtocolClient.java:onNext(255)) - client-821285EC2D67->9fa9a271-7bed-4435-b477-86c6ed0ece08: receive RaftClientReply:client-821285EC2D67->9fa9a271-7bed-4435-b477-86c6ed0ece08@group-0E07FAD1B91E, cid=626, SUCCESS, logIndex=773, commits[9fa9a271-7bed-4435-b477-86c6ed0ece08:c775, 06c1a879-4ae3-48dc-9686-b55cde066000:c772, 67fae1a7-3cbe-4338-9d41-57e84498288b:c772]
2019-07-10 10:27:20,590 INFO  client.GrpcClientProtocolClient (GrpcClientProtocolClient.java:onNext(255)) - client-821285EC2D67->9fa9a271-7bed-4435-b477-86c6ed0ece08: receive RaftClientReply:client-821285EC2D67->9fa9a271-7bed-4435-b477-86c6ed0ece08@group-0E07FAD1B91E, cid=627, SUCCESS, logIndex=774, commits[9fa9a271-7bed-4435-b477-86c6ed0ece08:c776, 06c1a879-4ae3-48dc-9686-b55cde066000:c772, 67fae1a7-3cbe-4338-9d41-57e84498288b:c772]
2019-07-10 10:27:20,591 INFO  client.GrpcClientProtocolClient (GrpcClientProtocolClient.java:onNext(255)) - client-821285EC2D67->9fa9a271-7bed-4435-b477-86c6ed0ece08: receive RaftClientReply:client-821285EC2D67->9fa9a271-7bed-4435-b477-86c6ed0ece08@group-0E07FAD1B91E, cid=628, SUCCESS, logIndex=775, commits[9fa9a271-7bed-4435-b477-86c6ed0ece08:c776, 06c1a879-4ae3-48dc-9686-b55cde066000:c772, 67fae1a7-3cbe-4338-9d41-57e84498288b:c772]
2019-07-10 10:27:20,591 INFO  client.GrpcClientProtocolClient (GrpcClientProtocolClient.java:onNext(255)) - client-821285EC2D67->9fa9a271-7bed-4435-b477-86c6ed0ece08: receive RaftClientReply:client-821285EC2D67->9fa9a271-7bed-4435-b477-86c6ed0ece08@group-0E07FAD1B91E, cid=629, SUCCESS, logIndex=776, commits[9fa9a271-7bed-4435-b477-86c6ed0ece08:c777, 06c1a879-4ae3-48dc-9686-b55cde066000:c774, 67fae1a7-3cbe-4338-9d41-57e84498288b:c772]
2019-07-10 10:27:20,593 INFO  client.GrpcClientProtocolClient (GrpcClientProtocolClient.java:onNext(255)) - client-821285EC2D67->9fa9a271-7bed-4435-b477-86c6ed0ece08: receive RaftClientReply:client-821285EC2D67->9fa9a271-7bed-4435-b477-86c6ed0ece08@group-0E07FAD1B91E, cid=630, SUCCESS, logIndex=0, commits[9fa9a271-7bed-4435-b477-86c6ed0ece08:c780, 06c1a879-4ae3-48dc-9686-b55cde066000:c776, 67fae1a7-3cbe-4338-9d41-57e84498288b:c775]
2019-07-10 10:27:20,615 INFO  client.GrpcClientProtocolClient (GrpcClientProtocolClient.java:onNext(255)) - client-821285EC2D67->9fa9a271-7bed-4435-b477-86c6ed0ece08: receive RaftClientReply:client-821285EC2D67->9fa9a271-7bed-4435-b477-86c6ed0ece08@group-0E07FAD1B91E, cid=631, SUCCESS, logIndex=781, commits[9fa9a271-7bed-4435-b477-86c6ed0ece08:c782, 06c1a879-4ae3-48dc-9686-b55cde066000:c780, 67fae1a7-3cbe-4338-9d41-57e84498288b:c780]
2019-07-10 10:27:20,616 INFO  client.GrpcClientProtocolClient (GrpcClientProtocolClient.java:onNext(255)) - client-821285EC2D67->9fa9a271-7bed-4435-b477-86c6ed0ece08: receive RaftClientReply:client-821285EC2D67->9fa9a271-7bed-4435-b477-86c6ed0ece08@group-0E07FAD1B91E, cid=632, SUCCESS, logIndex=782, commits[9fa9a271-7bed-4435-b477-86c6ed0ece08:c782, 06c1a879-4ae3-48dc-9686-b55cde066000:c780, 67fae1a7-3cbe-4338-9d41-57e84498288b:c780]
2019-07-10 10:27:20,667 INFO  client.GrpcClientProtocolClient (GrpcClientProtocolClient.java:onNext(255)) - client-821285EC2D67->9fa9a271-7bed-4435-b477-86c6ed0ece08: receive RaftClientReply:client-821285EC2D67->9fa9a271-7bed-4435-b477-86c6ed0ece08@group-0E07FAD1B91E, cid=633, SUCCESS, logIndex=785, commits[9fa9a271-7bed-4435-b477-86c6ed0ece08:c786, 06c1a879-4ae3-48dc-9686-b55cde066000:c782, 67fae1a7-3cbe-4338-9d41-57e84498288b:c782]
2019-07-10 10:27:20,667 INFO  client.GrpcClientProtocolClient (GrpcClientProtocolClient.java:onNext(255)) - client-821285EC2D67->9fa9a271-7bed-4435-b477-86c6ed0ece08: receive RaftClientReply:client-821285EC2D67->9fa9a271-7bed-4435-b477-86c6ed0ece08@group-0E07FAD1B91E, cid=634, SUCCESS, logIndex=786, commits[9fa9a271-7bed-4435-b477-86c6ed0ece08:c786, 06c1a879-4ae3-48dc-9686-b55cde066000:c782, 67fae1a7-3cbe-4338-9d41-57e84498288b:c782]
2019-07-10 10:27:20,677 INFO  client.GrpcClientProtocolClient (GrpcClientProtocolClient.java:onNext(255)) - client-821285EC2D67->9fa9a271-7bed-4435-b477-86c6ed0ece08: receive RaftClientReply:client-821285EC2D67->9fa9a271-7bed-4435-b477-86c6ed0ece08@group-0E07FAD1B91E, cid=635, SUCCESS, logIndex=0, commits[9fa9a271-7bed-4435-b477-86c6ed0ece08:c787, 06c1a879-4ae3-48dc-9686-b55cde066000:c786, 67fae1a7-3cbe-4338-9d41-57e84498288b:c786]
2019-07-10 10:27:20,701 INFO  client.GrpcClientProtocolClient (GrpcClientProtocolClient.java:onNext(255)) - client-821285EC2D67->9fa9a271-7bed-4435-b477-86c6ed0ece08: receive RaftClientReply:client-821285EC2D67->9fa9a271-7bed-4435-b477-86c6ed0ece08@group-0E07FAD1B91E, cid=636, SUCCESS, logIndex=789, commits[9fa9a271-7bed-4435-b477-86c6ed0ece08:c790, 06c1a879-4ae3-48dc-9686-b55cde066000:c788, 67fae1a7-3cbe-4338-9d41-57e84498288b:c788]
2019-07-10 10:27:20,701 INFO  client.GrpcClientProtocolClient (GrpcClientProtocolClient.java:onNext(255)) - client-821285EC2D67->9fa9a271-7bed-4435-b477-86c6ed0ece08: receive RaftClientReply:client-821285EC2D67->9fa9a271-7bed-4435-b477-86c6ed0ece08@group-0E07FAD1B91E, cid=637, SUCCESS, logIndex=790, commits[9fa9a271-7bed-4435-b477-86c6ed0ece08:c790, 06c1a879-4ae3-48dc-9686-b55cde066000:c788, 67fae1a7-3cbe-4338-9d41-57e84498288b:c788]
2019-07-10 10:27:20,702 INFO  client.GrpcClientProtocolClient (GrpcClientProtocolClient.java:onNext(255)) - client-821285EC2D67->9fa9a271-7bed-4435-b477-86c6ed0ece08: receive RaftClientReply:client-821285EC2D67->9fa9a271-7bed-4435-b477-86c6ed0ece08@group-0E07FAD1B91E, cid=638, SUCCESS, logIndex=791, commits[9fa9a271-7bed-4435-b477-86c6ed0ece08:c792, 06c1a879-4ae3-48dc-9686-b55cde066000:c788, 67fae1a7-3cbe-4338-9d41-57e84498288b:c788]
2019-07-10 10:27:20,702 INFO  client.GrpcClientProtocolClient (GrpcClientProtocolClient.java:onNext(255)) - client-821285EC2D67->9fa9a271-7bed-4435-b477-86c6ed0ece08: receive RaftClientReply:client-821285EC2D67->9fa9a271-7bed-4435-b477-86c6ed0ece08@group-0E07FAD1B91E, cid=639, SUCCESS, logIndex=792, commits[9fa9a271-7bed-4435-b477-86c6ed0ece08:c792, 06c1a879-4ae3-48dc-9686-b55cde066000:c788, 67fae1a7-3cbe-4338-9d41-57e84498288b:c788]
2019-07-10 10:27:20,704 INFO  client.GrpcClientProtocolClient (GrpcClientProtocolClient.java:onNext(255)) - client-821285EC2D67->9fa9a271-7bed-4435-b477-86c6ed0ece08: receive RaftClientReply:client-821285EC2D67->9fa9a271-7bed-4435-b477-86c6ed0ece08@group-0E07FAD1B91E, cid=640, SUCCESS, logIndex=0, commits[9fa9a271-7bed-4435-b477-86c6ed0ece08:c796, 06c1a879-4ae3-48dc-9686-b55cde066000:c790, 67fae1a7-3cbe-4338-9d41-57e84498288b:c792]
2019-07-10 10:27:20,728 INFO  client.GrpcClientProtocolClient (GrpcClientProtocolClient.java:onNext(255)) - client-821285EC2D67->9fa9a271-7bed-4435-b477-86c6ed0ece08: receive RaftClientReply:client-821285EC2D67->9fa9a271-7bed-4435-b477-86c6ed0ece08@group-0E07FAD1B91E, cid=641, SUCCESS, logIndex=797, commits[9fa9a271-7bed-4435-b477-86c6ed0ece08:c798, 06c1a879-4ae3-48dc-9686-b55cde066000:c796, 67fae1a7-3cbe-4338-9d41-57e84498288b:c796]
2019-07-10 10:27:20,728 INFO  client.GrpcClientProtocolClient (GrpcClientProtocolClient.java:onNext(255)) - client-821285EC2D67->9fa9a271-7bed-4435-b477-86c6ed0ece08: receive RaftClientReply:client-821285EC2D67->9fa9a271-7bed-4435-b477-86c6ed0ece08@group-0E07FAD1B91E, cid=642, SUCCESS, logIndex=798, commits[9fa9a271-7bed-4435-b477-86c6ed0ece08:c798, 06c1a879-4ae3-48dc-9686-b55cde066000:c796, 67fae1a7-3cbe-4338-9d41-57e84498288b:c796]
2019-07-10 10:27:20,753 INFO  client.GrpcClientProtocolClient (GrpcClientProtocolClient.java:onNext(255)) - client-821285EC2D67->9fa9a271-7bed-4435-b477-86c6ed0ece08: receive RaftClientReply:client-821285EC2D67->9fa9a271-7bed-4435-b477-86c6ed0ece08@group-0E07FAD1B91E, cid=643, SUCCESS, logIndex=801, commits[9fa9a271-7bed-4435-b477-86c6ed0ece08:c802, 06c1a879-4ae3-48dc-9686-b55cde066000:c798, 67fae1a7-3cbe-4338-9d41-57e84498288b:c799]
2019-07-10 10:27:20,753 INFO  client.GrpcClientProtocolClient (GrpcClientProtocolClient.java:onNext(255)) - client-821285EC2D67->9fa9a271-7bed-4435-b477-86c6ed0ece08: receive RaftClientReply:client-821285EC2D67->9fa9a271-7bed-4435-b477-86c6ed0ece08@group-0E07FAD1B91E, cid=644, SUCCESS, logIndex=802, commits[9fa9a271-7bed-4435-b477-86c6ed0ece08:c802, 06c1a879-4ae3-48dc-9686-b55cde066000:c799, 67fae1a7-3cbe-4338-9d41-57e84498288b:c799]
2019-07-10 10:27:20,764 INFO  client.GrpcClientProtocolClient (GrpcClientProtocolClient.java:onNext(255)) - client-821285EC2D67->9fa9a271-7bed-4435-b477-86c6ed0ece08: receive RaftClientReply:client-821285EC2D67->9fa9a271-7bed-4435-b477-86c6ed0ece08@group-0E07FAD1B91E, cid=645, SUCCESS, logIndex=0, commits[9fa9a271-7bed-4435-b477-86c6ed0ece08:c804, 06c1a879-4ae3-48dc-9686-b55cde066000:c802, 67fae1a7-3cbe-4338-9d41-57e84498288b:c802]
2019-07-10 10:27:20,787 INFO  client.GrpcClientProtocolClient (GrpcClientProtocolClient.java:onNext(255)) - client-821285EC2D67->9fa9a271-7bed-4435-b477-86c6ed0ece08: receive RaftClientReply:client-821285EC2D67->9fa9a271-7bed-4435-b477-86c6ed0ece08@group-0E07FAD1B91E, cid=646, SUCCESS, logIndex=805, commits[9fa9a271-7bed-4435-b477-86c6ed0ece08:c806, 06c1a879-4ae3-48dc-9686-b55cde066000:c804, 67fae1a7-3cbe-4338-9d41-57e84498288b:c804]
2019-07-10 10:27:20,788 INFO  client.GrpcClientProtocolClient (GrpcClientProtocolClient.java:onNext(255)) - client-821285EC2D67->9fa9a271-7bed-4435-b477-86c6ed0ece08: receive RaftClientReply:client-821285EC2D67->9fa9a271-7bed-4435-b477-86c6ed0ece08@group-0E07FAD1B91E, cid=647, SUCCESS, logIndex=806, commits[9fa9a271-7bed-4435-b477-86c6ed0ece08:c808, 06c1a879-4ae3-48dc-9686-b55cde066000:c804, 67fae1a7-3cbe-4338-9d41-57e84498288b:c804]
2019-07-10 10:27:20,789 INFO  client.GrpcClientProtocolClient (GrpcClientProtocolClient.java:onNext(255)) - client-821285EC2D67->9fa9a271-7bed-4435-b477-86c6ed0ece08: receive RaftClientReply:client-821285EC2D67->9fa9a271-7bed-4435-b477-86c6ed0ece08@group-0E07FAD1B91E, cid=648, SUCCESS, logIndex=807, commits[9fa9a271-7bed-4435-b477-86c6ed0ece08:c808, 06c1a879-4ae3-48dc-9686-b55cde066000:c804, 67fae1a7-3cbe-4338-9d41-57e84498288b:c804]
2019-07-10 10:27:20,789 INFO  client.GrpcClientProtocolClient (GrpcClientProtocolClient.java:onNext(255)) - client-821285EC2D67->9fa9a271-7bed-4435-b477-86c6ed0ece08: receive RaftClientReply:client-821285EC2D67->9fa9a271-7bed-4435-b477-86c6ed0ece08@group-0E07FAD1B91E, cid=649, SUCCESS, logIndex=808, commits[9fa9a271-7bed-4435-b477-86c6ed0ece08:c809, 06c1a879-4ae3-48dc-9686-b55cde066000:c806, 67fae1a7-3cbe-4338-9d41-57e84498288b:c804]
2019-07-10 10:27:20,791 INFO  client.GrpcClientProtocolClient (GrpcClientProtocolClient.java:onNext(255)) - client-821285EC2D67->9fa9a271-7bed-4435-b477-86c6ed0ece08: receive RaftClientReply:client-821285EC2D67->9fa9a271-7bed-4435-b477-86c6ed0ece08@group-0E07FAD1B91E, cid=650, SUCCESS, logIndex=0, commits[9fa9a271-7bed-4435-b477-86c6ed0ece08:c812, 06c1a879-4ae3-48dc-9686-b55cde066000:c808, 67fae1a7-3cbe-4338-9d41-57e84498288b:c806]
2019-07-10 10:27:20,813 INFO  client.GrpcClientProtocolClient (GrpcClientProtocolClient.java:onNext(255)) - client-821285EC2D67->9fa9a271-7bed-4435-b477-86c6ed0ece08: receive RaftClientReply:client-821285EC2D67->9fa9a271-7bed-4435-b477-86c6ed0ece08@group-0E07FAD1B91E, cid=651, SUCCESS, logIndex=813, commits[9fa9a271-7bed-4435-b477-86c6ed0ece08:c814, 06c1a879-4ae3-48dc-9686-b55cde066000:c812, 67fae1a7-3cbe-4338-9d41-57e84498288b:c812]
2019-07-10 10:27:20,814 INFO  client.GrpcClientProtocolClient (GrpcClientProtocolClient.java:onNext(255)) - client-821285EC2D67->9fa9a271-7bed-4435-b477-86c6ed0ece08: receive RaftClientReply:client-821285EC2D67->9fa9a271-7bed-4435-b477-86c6ed0ece08@group-0E07FAD1B91E, cid=652, SUCCESS, logIndex=814, commits[9fa9a271-7bed-4435-b477-86c6ed0ece08:c814, 06c1a879-4ae3-48dc-9686-b55cde066000:c812, 67fae1a7-3cbe-4338-9d41-57e84498288b:c812]
2019-07-10 10:27:20,836 INFO  client.GrpcClientProtocolClient (GrpcClientProtocolClient.java:onNext(255)) - client-821285EC2D67->9fa9a271-7bed-4435-b477-86c6ed0ece08: receive RaftClientReply:client-821285EC2D67->9fa9a271-7bed-4435-b477-86c6ed0ece08@group-0E07FAD1B91E, cid=653, SUCCESS, logIndex=816, commits[9fa9a271-7bed-4435-b477-86c6ed0ece08:c817, 06c1a879-4ae3-48dc-9686-b55cde066000:c814, 67fae1a7-3cbe-4338-9d41-57e84498288b:c814]
2019-07-10 10:27:20,836 INFO  client.GrpcClientProtocolClient (GrpcClientProtocolClient.java:onNext(255)) - client-821285EC2D67->9fa9a271-7bed-4435-b477-86c6ed0ece08: receive RaftClientReply:client-821285EC2D67->9fa9a271-7bed-4435-b477-86c6ed0ece08@group-0E07FAD1B91E, cid=654, SUCCESS, logIndex=817, commits[9fa9a271-7bed-4435-b477-86c6ed0ece08:c817, 06c1a879-4ae3-48dc-9686-b55cde066000:c814, 67fae1a7-3cbe-4338-9d41-57e84498288b:c814]
2019-07-10 10:27:20,838 INFO  client.GrpcClientProtocolClient (GrpcClientProtocolClient.java:onNext(255)) - client-821285EC2D67->9fa9a271-7bed-4435-b477-86c6ed0ece08: receive RaftClientReply:client-821285EC2D67->9fa9a271-7bed-4435-b477-86c6ed0ece08@group-0E07FAD1B91E, cid=655, SUCCESS, logIndex=0, commits[9fa9a271-7bed-4435-b477-86c6ed0ece08:c818, 06c1a879-4ae3-48dc-9686-b55cde066000:c817, 67fae1a7-3cbe-4338-9d41-57e84498288b:c817]
2019-07-10 10:27:20,858 INFO  client.GrpcClientProtocolClient (GrpcClientProtocolClient.java:onNext(255)) - client-821285EC2D67->9fa9a271-7bed-4435-b477-86c6ed0ece08: receive RaftClientReply:client-821285EC2D67->9fa9a271-7bed-4435-b477-86c6ed0ece08@group-0E07FAD1B91E, cid=656, SUCCESS, logIndex=820, commits[9fa9a271-7bed-4435-b477-86c6ed0ece08:c821, 06c1a879-4ae3-48dc-9686-b55cde066000:c819, 67fae1a7-3cbe-4338-9d41-57e84498288b:c819]
2019-07-10 10:27:20,859 INFO  client.GrpcClientProtocolClient (GrpcClientProtocolClient.java:onNext(255)) - client-821285EC2D67->9fa9a271-7bed-4435-b477-86c6ed0ece08: receive RaftClientReply:client-821285EC2D67->9fa9a271-7bed-4435-b477-86c6ed0ece08@group-0E07FAD1B91E, cid=657, SUCCESS, logIndex=821, commits[9fa9a271-7bed-4435-b477-86c6ed0ece08:c823, 06c1a879-4ae3-48dc-9686-b55cde066000:c819, 67fae1a7-3cbe-4338-9d41-57e84498288b:c819]
2019-07-10 10:27:20,859 INFO  client.GrpcClientProtocolClient (GrpcClientProtocolClient.java:onNext(255)) - client-821285EC2D67->9fa9a271-7bed-4435-b477-86c6ed0ece08: receive RaftClientReply:client-821285EC2D67->9fa9a271-7bed-4435-b477-86c6ed0ece08@group-0E07FAD1B91E, cid=658, SUCCESS, logIndex=822, commits[9fa9a271-7bed-4435-b477-86c6ed0ece08:c823, 06c1a879-4ae3-48dc-9686-b55cde066000:c819, 67fae1a7-3cbe-4338-9d41-57e84498288b:c819]
2019-07-10 10:27:20,860 INFO  client.GrpcClientProtocolClient (GrpcClientProtocolClient.java:onNext(255)) - client-821285EC2D67->9fa9a271-7bed-4435-b477-86c6ed0ece08: receive RaftClientReply:client-821285EC2D67->9fa9a271-7bed-4435-b477-86c6ed0ece08@group-0E07FAD1B91E, cid=659, SUCCESS, logIndex=823, commits[9fa9a271-7bed-4435-b477-86c6ed0ece08:c823, 06c1a879-4ae3-48dc-9686-b55cde066000:c820, 67fae1a7-3cbe-4338-9d41-57e84498288b:c819]
2019-07-10 10:27:20,861 INFO  client.GrpcClientProtocolClient (GrpcClientProtocolClient.java:onNext(255)) - client-821285EC2D67->9fa9a271-7bed-4435-b477-86c6ed0ece08: receive RaftClientReply:client-821285EC2D67->9fa9a271-7bed-4435-b477-86c6ed0ece08@group-0E07FAD1B91E, cid=660, SUCCESS, logIndex=0, commits[9fa9a271-7bed-4435-b477-86c6ed0ece08:c827, 06c1a879-4ae3-48dc-9686-b55cde066000:c823, 67fae1a7-3cbe-4338-9d41-57e84498288b:c822]
 0.00% |█                                                                                                    |  0/1 Time: 0:00:012019-07-10 10:27:20,891 INFO  client.GrpcClientProtocolClient (GrpcClientProtocolClient.java:onNext(255)) - client-821285EC2D67->9fa9a271-7bed-4435-b477-86c6ed0ece08: receive RaftClientReply:client-821285EC2D67->9fa9a271-7bed-4435-b477-86c6ed0ece08@group-0E07FAD1B91E, cid=661, SUCCESS, logIndex=828, commits[9fa9a271-7bed-4435-b477-86c6ed0ece08:c829, 06c1a879-4ae3-48dc-9686-b55cde066000:c827, 67fae1a7-3cbe-4338-9d41-57e84498288b:c827]
2019-07-10 10:27:20,891 INFO  client.GrpcClientProtocolClient (GrpcClientProtocolClient.java:onNext(255)) - client-821285EC2D67->9fa9a271-7bed-4435-b477-86c6ed0ece08: receive RaftClientReply:client-821285EC2D67->9fa9a271-7bed-4435-b477-86c6ed0ece08@group-0E07FAD1B91E, cid=662, SUCCESS, logIndex=829, commits[9fa9a271-7bed-4435-b477-86c6ed0ece08:c829, 06c1a879-4ae3-48dc-9686-b55cde066000:c827, 67fae1a7-3cbe-4338-9d41-57e84498288b:c827]
2019-07-10 10:27:20,918 INFO  client.GrpcClientProtocolClient (GrpcClientProtocolClient.java:onNext(255)) - client-821285EC2D67->9fa9a271-7bed-4435-b477-86c6ed0ece08: receive RaftClientReply:client-821285EC2D67->9fa9a271-7bed-4435-b477-86c6ed0ece08@group-0E07FAD1B91E, cid=663, SUCCESS, logIndex=832, commits[9fa9a271-7bed-4435-b477-86c6ed0ece08:c833, 06c1a879-4ae3-48dc-9686-b55cde066000:c829, 67fae1a7-3cbe-4338-9d41-57e84498288b:c829]
2019-07-10 10:27:20,919 INFO  client.GrpcClientProtocolClient (GrpcClientProtocolClient.java:onNext(255)) - client-821285EC2D67->9fa9a271-7bed-4435-b477-86c6ed0ece08: receive RaftClientReply:client-821285EC2D67->9fa9a271-7bed-4435-b477-86c6ed0ece08@group-0E07FAD1B91E, cid=664, SUCCESS, logIndex=833, commits[9fa9a271-7bed-4435-b477-86c6ed0ece08:c833, 06c1a879-4ae3-48dc-9686-b55cde066000:c829, 67fae1a7-3cbe-4338-9d41-57e84498288b:c829]
2019-07-10 10:27:20,931 INFO  client.GrpcClientProtocolClient (GrpcClientProtocolClient.java:onNext(255)) - client-821285EC2D67->9fa9a271-7bed-4435-b477-86c6ed0ece08: receive RaftClientReply:client-821285EC2D67->9fa9a271-7bed-4435-b477-86c6ed0ece08@group-0E07FAD1B91E, cid=665, SUCCESS, logIndex=0, commits[9fa9a271-7bed-4435-b477-86c6ed0ece08:c835, 06c1a879-4ae3-48dc-9686-b55cde066000:c833, 67fae1a7-3cbe-4338-9d41-57e84498288b:c833]
2019-07-10 10:27:20,955 INFO  client.GrpcClientProtocolClient (GrpcClientProtocolClient.java:onNext(255)) - client-821285EC2D67->9fa9a271-7bed-4435-b477-86c6ed0ece08: receive RaftClientReply:client-821285EC2D67->9fa9a271-7bed-4435-b477-86c6ed0ece08@group-0E07FAD1B91E, cid=666, SUCCESS, logIndex=836, commits[9fa9a271-7bed-4435-b477-86c6ed0ece08:c837, 06c1a879-4ae3-48dc-9686-b55cde066000:c835, 67fae1a7-3cbe-4338-9d41-57e84498288b:c835]
2019-07-10 10:27:20,956 INFO  client.GrpcClientProtocolClient (GrpcClientProtocolClient.java:onNext(255)) - client-821285EC2D67->9fa9a271-7bed-4435-b477-86c6ed0ece08: receive RaftClientReply:client-821285EC2D67->9fa9a271-7bed-4435-b477-86c6ed0ece08@group-0E07FAD1B91E, cid=667, SUCCESS, logIndex=837, commits[9fa9a271-7bed-4435-b477-86c6ed0ece08:c837, 06c1a879-4ae3-48dc-9686-b55cde066000:c835, 67fae1a7-3cbe-4338-9d41-57e84498288b:c835]
2019-07-10 10:27:20,956 INFO  client.GrpcClientProtocolClient (GrpcClientProtocolClient.java:onNext(255)) - client-821285EC2D67->9fa9a271-7bed-4435-b477-86c6ed0ece08: receive RaftClientReply:client-821285EC2D67->9fa9a271-7bed-4435-b477-86c6ed0ece08@group-0E07FAD1B91E, cid=668, SUCCESS, logIndex=838, commits[9fa9a271-7bed-4435-b477-86c6ed0ece08:c839, 06c1a879-4ae3-48dc-9686-b55cde066000:c835, 67fae1a7-3cbe-4338-9d41-57e84498288b:c835]
2019-07-10 10:27:20,957 INFO  client.GrpcClientProtocolClient (GrpcClientProtocolClient.java:onNext(255)) - client-821285EC2D67->9fa9a271-7bed-4435-b477-86c6ed0ece08: receive RaftClientReply:client-821285EC2D67->9fa9a271-7bed-4435-b477-86c6ed0ece08@group-0E07FAD1B91E, cid=669, SUCCESS, logIndex=839, commits[9fa9a271-7bed-4435-b477-86c6ed0ece08:c839, 06c1a879-4ae3-48dc-9686-b55cde066000:c835, 67fae1a7-3cbe-4338-9d41-57e84498288b:c835]
2019-07-10 10:27:20,959 INFO  client.GrpcClientProtocolClient (GrpcClientProtocolClient.java:onNext(255)) - client-821285EC2D67->9fa9a271-7bed-4435-b477-86c6ed0ece08: receive RaftClientReply:client-821285EC2D67->9fa9a271-7bed-4435-b477-86c6ed0ece08@group-0E07FAD1B91E, cid=670, SUCCESS, logIndex=0, commits[9fa9a271-7bed-4435-b477-86c6ed0ece08:c842, 06c1a879-4ae3-48dc-9686-b55cde066000:c837, 67fae1a7-3cbe-4338-9d41-57e84498288b:c839]
2019-07-10 10:27:20,980 INFO  client.GrpcClientProtocolClient (GrpcClientProtocolClient.java:onNext(255)) - client-821285EC2D67->9fa9a271-7bed-4435-b477-86c6ed0ece08: receive RaftClientReply:client-821285EC2D67->9fa9a271-7bed-4435-b477-86c6ed0ece08@group-0E07FAD1B91E, cid=671, SUCCESS, logIndex=844, commits[9fa9a271-7bed-4435-b477-86c6ed0ece08:c845, 06c1a879-4ae3-48dc-9686-b55cde066000:c843, 67fae1a7-3cbe-4338-9d41-57e84498288b:c843]
2019-07-10 10:27:20,980 INFO  client.GrpcClientProtocolClient (GrpcClientProtocolClient.java:onNext(255)) - client-821285EC2D67->9fa9a271-7bed-4435-b477-86c6ed0ece08: receive RaftClientReply:client-821285EC2D67->9fa9a271-7bed-4435-b477-86c6ed0ece08@group-0E07FAD1B91E, cid=672, SUCCESS, logIndex=845, commits[9fa9a271-7bed-4435-b477-86c6ed0ece08:c845, 06c1a879-4ae3-48dc-9686-b55cde066000:c843, 67fae1a7-3cbe-4338-9d41-57e84498288b:c843]
2019-07-10 10:27:20,998 INFO  client.GrpcClientProtocolClient (GrpcClientProtocolClient.java:onNext(255)) - client-821285EC2D67->9fa9a271-7bed-4435-b477-86c6ed0ece08: receive RaftClientReply:client-821285EC2D67->9fa9a271-7bed-4435-b477-86c6ed0ece08@group-0E07FAD1B91E, cid=673, SUCCESS, logIndex=848, commits[9fa9a271-7bed-4435-b477-86c6ed0ece08:c849, 06c1a879-4ae3-48dc-9686-b55cde066000:c845, 67fae1a7-3cbe-4338-9d41-57e84498288b:c845]
2019-07-10 10:27:20,998 INFO  client.GrpcClientProtocolClient (GrpcClientProtocolClient.java:onNext(255)) - client-821285EC2D67->9fa9a271-7bed-4435-b477-86c6ed0ece08: receive RaftClientReply:client-821285EC2D67->9fa9a271-7bed-4435-b477-86c6ed0ece08@group-0E07FAD1B91E, cid=674, SUCCESS, logIndex=849, commits[9fa9a271-7bed-4435-b477-86c6ed0ece08:c849, 06c1a879-4ae3-48dc-9686-b55cde066000:c845, 67fae1a7-3cbe-4338-9d41-57e84498288b:c845]
2019-07-10 10:27:21,010 INFO  client.GrpcClientProtocolClient (GrpcClientProtocolClient.java:onNext(255)) - client-821285EC2D67->9fa9a271-7bed-4435-b477-86c6ed0ece08: receive RaftClientReply:client-821285EC2D67->9fa9a271-7bed-4435-b477-86c6ed0ece08@group-0E07FAD1B91E, cid=675, SUCCESS, logIndex=0, commits[9fa9a271-7bed-4435-b477-86c6ed0ece08:c850, 06c1a879-4ae3-48dc-9686-b55cde066000:c849, 67fae1a7-3cbe-4338-9d41-57e84498288b:c849]
2019-07-10 10:27:21,030 INFO  client.GrpcClientProtocolClient (GrpcClientProtocolClient.java:onNext(255)) - client-821285EC2D67->9fa9a271-7bed-4435-b477-86c6ed0ece08: receive RaftClientReply:client-821285EC2D67->9fa9a271-7bed-4435-b477-86c6ed0ece08@group-0E07FAD1B91E, cid=676, SUCCESS, logIndex=852, commits[9fa9a271-7bed-4435-b477-86c6ed0ece08:c853, 06c1a879-4ae3-48dc-9686-b55cde066000:c851, 67fae1a7-3cbe-4338-9d41-57e84498288b:c851]
2019-07-10 10:27:21,030 INFO  client.GrpcClientProtocolClient (GrpcClientProtocolClient.java:onNext(255)) - client-821285EC2D67->9fa9a271-7bed-4435-b477-86c6ed0ece08: receive RaftClientReply:client-821285EC2D67->9fa9a271-7bed-4435-b477-86c6ed0ece08@group-0E07FAD1B91E, cid=677, SUCCESS, logIndex=853, commits[9fa9a271-7bed-4435-b477-86c6ed0ece08:c854, 06c1a879-4ae3-48dc-9686-b55cde066000:c851, 67fae1a7-3cbe-4338-9d41-57e84498288b:c851]
2019-07-10 10:27:21,031 INFO  client.GrpcClientProtocolClient (GrpcClientProtocolClient.java:onNext(255)) - client-821285EC2D67->9fa9a271-7bed-4435-b477-86c6ed0ece08: receive RaftClientReply:client-821285EC2D67->9fa9a271-7bed-4435-b477-86c6ed0ece08@group-0E07FAD1B91E, cid=678, SUCCESS, logIndex=854, commits[9fa9a271-7bed-4435-b477-86c6ed0ece08:c855, 06c1a879-4ae3-48dc-9686-b55cde066000:c851, 67fae1a7-3cbe-4338-9d41-57e84498288b:c851]
2019-07-10 10:27:21,031 INFO  client.GrpcClientProtocolClient (GrpcClientProtocolClient.java:onNext(255)) - client-821285EC2D67->9fa9a271-7bed-4435-b477-86c6ed0ece08: receive RaftClientReply:client-821285EC2D67->9fa9a271-7bed-4435-b477-86c6ed0ece08@group-0E07FAD1B91E, cid=679, SUCCESS, logIndex=855, commits[9fa9a271-7bed-4435-b477-86c6ed0ece08:c855, 06c1a879-4ae3-48dc-9686-b55cde066000:c851, 67fae1a7-3cbe-4338-9d41-57e84498288b:c851]
2019-07-10 10:27:21,032 INFO  client.GrpcClientProtocolClient (GrpcClientProtocolClient.java:onNext(255)) - client-821285EC2D67->9fa9a271-7bed-4435-b477-86c6ed0ece08: receive RaftClientReply:client-821285EC2D67->9fa9a271-7bed-4435-b477-86c6ed0ece08@group-0E07FAD1B91E, cid=680, SUCCESS, logIndex=0, commits[9fa9a271-7bed-4435-b477-86c6ed0ece08:c858, 06c1a879-4ae3-48dc-9686-b55cde066000:c853, 67fae1a7-3cbe-4338-9d41-57e84498288b:c854]
2019-07-10 10:27:21,137 INFO  client.GrpcClientProtocolClient (GrpcClientProtocolClient.java:onNext(255)) - client-821285EC2D67->9fa9a271-7bed-4435-b477-86c6ed0ece08: receive RaftClientReply:client-821285EC2D67->9fa9a271-7bed-4435-b477-86c6ed0ece08@group-0E07FAD1B91E, cid=681, SUCCESS, logIndex=860, commits[9fa9a271-7bed-4435-b477-86c6ed0ece08:c861, 06c1a879-4ae3-48dc-9686-b55cde066000:c859, 67fae1a7-3cbe-4338-9d41-57e84498288b:c859]
2019-07-10 10:27:21,138 INFO  client.GrpcClientProtocolClient (GrpcClientProtocolClient.java:onNext(255)) - client-821285EC2D67->9fa9a271-7bed-4435-b477-86c6ed0ece08: receive RaftClientReply:client-821285EC2D67->9fa9a271-7bed-4435-b477-86c6ed0ece08@group-0E07FAD1B91E, cid=682, SUCCESS, logIndex=861, commits[9fa9a271-7bed-4435-b477-86c6ed0ece08:c861, 06c1a879-4ae3-48dc-9686-b55cde066000:c859, 67fae1a7-3cbe-4338-9d41-57e84498288b:c859]
2019-07-10 10:27:21,160 INFO  client.GrpcClientProtocolClient (GrpcClientProtocolClient.java:onNext(255)) - client-821285EC2D67->9fa9a271-7bed-4435-b477-86c6ed0ece08: receive RaftClientReply:client-821285EC2D67->9fa9a271-7bed-4435-b477-86c6ed0ece08@group-0E07FAD1B91E, cid=683, SUCCESS, logIndex=864, commits[9fa9a271-7bed-4435-b477-86c6ed0ece08:c865, 06c1a879-4ae3-48dc-9686-b55cde066000:c861, 67fae1a7-3cbe-4338-9d41-57e84498288b:c861]
2019-07-10 10:27:21,161 INFO  client.GrpcClientProtocolClient (GrpcClientProtocolClient.java:onNext(255)) - client-821285EC2D67->9fa9a271-7bed-4435-b477-86c6ed0ece08: receive RaftClientReply:client-821285EC2D67->9fa9a271-7bed-4435-b477-86c6ed0ece08@group-0E07FAD1B91E, cid=684, SUCCESS, logIndex=865, commits[9fa9a271-7bed-4435-b477-86c6ed0ece08:c865, 06c1a879-4ae3-48dc-9686-b55cde066000:c861, 67fae1a7-3cbe-4338-9d41-57e84498288b:c861]
2019-07-10 10:27:21,172 INFO  client.GrpcClientProtocolClient (GrpcClientProtocolClient.java:onNext(255)) - client-821285EC2D67->9fa9a271-7bed-4435-b477-86c6ed0ece08: receive RaftClientReply:client-821285EC2D67->9fa9a271-7bed-4435-b477-86c6ed0ece08@group-0E07FAD1B91E, cid=685, SUCCESS, logIndex=0, commits[9fa9a271-7bed-4435-b477-86c6ed0ece08:c866, 06c1a879-4ae3-48dc-9686-b55cde066000:c865, 67fae1a7-3cbe-4338-9d41-57e84498288b:c865]
2019-07-10 10:27:21,194 INFO  client.GrpcClientProtocolClient (GrpcClientProtocolClient.java:onNext(255)) - client-821285EC2D67->9fa9a271-7bed-4435-b477-86c6ed0ece08: receive RaftClientReply:client-821285EC2D67->9fa9a271-7bed-4435-b477-86c6ed0ece08@group-0E07FAD1B91E, cid=686, SUCCESS, logIndex=868, commits[9fa9a271-7bed-4435-b477-86c6ed0ece08:c869, 06c1a879-4ae3-48dc-9686-b55cde066000:c867, 67fae1a7-3cbe-4338-9d41-57e84498288b:c867]
2019-07-10 10:27:21,195 INFO  client.GrpcClientProtocolClient (GrpcClientProtocolClient.java:onNext(255)) - client-821285EC2D67->9fa9a271-7bed-4435-b477-86c6ed0ece08: receive RaftClientReply:client-821285EC2D67->9fa9a271-7bed-4435-b477-86c6ed0ece08@group-0E07FAD1B91E, cid=687, SUCCESS, logIndex=869, commits[9fa9a271-7bed-4435-b477-86c6ed0ece08:c871, 06c1a879-4ae3-48dc-9686-b55cde066000:c867, 67fae1a7-3cbe-4338-9d41-57e84498288b:c867]
2019-07-10 10:27:21,195 INFO  client.GrpcClientProtocolClient (GrpcClientProtocolClient.java:onNext(255)) - client-821285EC2D67->9fa9a271-7bed-4435-b477-86c6ed0ece08: receive RaftClientReply:client-821285EC2D67->9fa9a271-7bed-4435-b477-86c6ed0ece08@group-0E07FAD1B91E, cid=688, SUCCESS, logIndex=870, commits[9fa9a271-7bed-4435-b477-86c6ed0ece08:c871, 06c1a879-4ae3-48dc-9686-b55cde066000:c867, 67fae1a7-3cbe-4338-9d41-57e84498288b:c867]
2019-07-10 10:27:21,195 INFO  client.GrpcClientProtocolClient (GrpcClientProtocolClient.java:onNext(255)) - client-821285EC2D67->9fa9a271-7bed-4435-b477-86c6ed0ece08: receive RaftClientReply:client-821285EC2D67->9fa9a271-7bed-4435-b477-86c6ed0ece08@group-0E07FAD1B91E, cid=689, SUCCESS, logIndex=871, commits[9fa9a271-7bed-4435-b477-86c6ed0ece08:c871, 06c1a879-4ae3-48dc-9686-b55cde066000:c867, 67fae1a7-3cbe-4338-9d41-57e84498288b:c867]
2019-07-10 10:27:21,198 INFO  client.GrpcClientProtocolClient (GrpcClientProtocolClient.java:onNext(255)) - client-821285EC2D67->9fa9a271-7bed-4435-b477-86c6ed0ece08: receive RaftClientReply:client-821285EC2D67->9fa9a271-7bed-4435-b477-86c6ed0ece08@group-0E07FAD1B91E, cid=690, SUCCESS, logIndex=0, commits[9fa9a271-7bed-4435-b477-86c6ed0ece08:c874, 06c1a879-4ae3-48dc-9686-b55cde066000:c870, 67fae1a7-3cbe-4338-9d41-57e84498288b:c869]
2019-07-10 10:27:21,214 INFO  client.GrpcClientProtocolClient (GrpcClientProtocolClient.java:onNext(255)) - client-821285EC2D67->9fa9a271-7bed-4435-b477-86c6ed0ece08: receive RaftClientReply:client-821285EC2D67->9fa9a271-7bed-4435-b477-86c6ed0ece08@group-0E07FAD1B91E, cid=691, SUCCESS, logIndex=876, commits[9fa9a271-7bed-4435-b477-86c6ed0ece08:c877, 06c1a879-4ae3-48dc-9686-b55cde066000:c871, 67fae1a7-3cbe-4338-9d41-57e84498288b:c875]
2019-07-10 10:27:21,214 INFO  client.GrpcClientProtocolClient (GrpcClientProtocolClient.java:onNext(255)) - client-821285EC2D67->9fa9a271-7bed-4435-b477-86c6ed0ece08: receive RaftClientReply:client-821285EC2D67->9fa9a271-7bed-4435-b477-86c6ed0ece08@group-0E07FAD1B91E, cid=692, SUCCESS, logIndex=877, commits[9fa9a271-7bed-4435-b477-86c6ed0ece08:c877, 06c1a879-4ae3-48dc-9686-b55cde066000:c875, 67fae1a7-3cbe-4338-9d41-57e84498288b:c875]
2019-07-10 10:27:21,236 INFO  client.GrpcClientProtocolClient (GrpcClientProtocolClient.java:onNext(255)) - client-821285EC2D67->9fa9a271-7bed-4435-b477-86c6ed0ece08: receive RaftClientReply:client-821285EC2D67->9fa9a271-7bed-4435-b477-86c6ed0ece08@group-0E07FAD1B91E, cid=693, SUCCESS, logIndex=880, commits[9fa9a271-7bed-4435-b477-86c6ed0ece08:c881, 06c1a879-4ae3-48dc-9686-b55cde066000:c879, 67fae1a7-3cbe-4338-9d41-57e84498288b:c879]
2019-07-10 10:27:21,236 INFO  client.GrpcClientProtocolClient (GrpcClientProtocolClient.java:onNext(255)) - client-821285EC2D67->9fa9a271-7bed-4435-b477-86c6ed0ece08: receive RaftClientReply:client-821285EC2D67->9fa9a271-7bed-4435-b477-86c6ed0ece08@group-0E07FAD1B91E, cid=694, SUCCESS, logIndex=881, commits[9fa9a271-7bed-4435-b477-86c6ed0ece08:c881, 06c1a879-4ae3-48dc-9686-b55cde066000:c879, 67fae1a7-3cbe-4338-9d41-57e84498288b:c879]
2019-07-10 10:27:21,247 INFO  client.GrpcClientProtocolClient (GrpcClientProtocolClient.java:onNext(255)) - client-821285EC2D67->9fa9a271-7bed-4435-b477-86c6ed0ece08: receive RaftClientReply:client-821285EC2D67->9fa9a271-7bed-4435-b477-86c6ed0ece08@group-0E07FAD1B91E, cid=695, SUCCESS, logIndex=0, commits[9fa9a271-7bed-4435-b477-86c6ed0ece08:c883, 06c1a879-4ae3-48dc-9686-b55cde066000:c881, 67fae1a7-3cbe-4338-9d41-57e84498288b:c881]
2019-07-10 10:27:21,269 INFO  client.GrpcClientProtocolClient (GrpcClientProtocolClient.java:onNext(255)) - client-821285EC2D67->9fa9a271-7bed-4435-b477-86c6ed0ece08: receive RaftClientReply:client-821285EC2D67->9fa9a271-7bed-4435-b477-86c6ed0ece08@group-0E07FAD1B91E, cid=696, SUCCESS, logIndex=884, commits[9fa9a271-7bed-4435-b477-86c6ed0ece08:c885, 06c1a879-4ae3-48dc-9686-b55cde066000:c883, 67fae1a7-3cbe-4338-9d41-57e84498288b:c883]
2019-07-10 10:27:21,270 INFO  client.GrpcClientProtocolClient (GrpcClientProtocolClient.java:onNext(255)) - client-821285EC2D67->9fa9a271-7bed-4435-b477-86c6ed0ece08: receive RaftClientReply:client-821285EC2D67->9fa9a271-7bed-4435-b477-86c6ed0ece08@group-0E07FAD1B91E, cid=697, SUCCESS, logIndex=885, commits[9fa9a271-7bed-4435-b477-86c6ed0ece08:c887, 06c1a879-4ae3-48dc-9686-b55cde066000:c883, 67fae1a7-3cbe-4338-9d41-57e84498288b:c883]
2019-07-10 10:27:21,270 INFO  client.GrpcClientProtocolClient (GrpcClientProtocolClient.java:onNext(255)) - client-821285EC2D67->9fa9a271-7bed-4435-b477-86c6ed0ece08: receive RaftClientReply:client-821285EC2D67->9fa9a271-7bed-4435-b477-86c6ed0ece08@group-0E07FAD1B91E, cid=698, SUCCESS, logIndex=886, commits[9fa9a271-7bed-4435-b477-86c6ed0ece08:c887, 06c1a879-4ae3-48dc-9686-b55cde066000:c883, 67fae1a7-3cbe-4338-9d41-57e84498288b:c883]
2019-07-10 10:27:21,270 INFO  client.GrpcClientProtocolClient (GrpcClientProtocolClient.java:onNext(255)) - client-821285EC2D67->9fa9a271-7bed-4435-b477-86c6ed0ece08: receive RaftClientReply:client-821285EC2D67->9fa9a271-7bed-4435-b477-86c6ed0ece08@group-0E07FAD1B91E, cid=699, SUCCESS, logIndex=887, commits[9fa9a271-7bed-4435-b477-86c6ed0ece08:c887, 06c1a879-4ae3-48dc-9686-b55cde066000:c883, 67fae1a7-3cbe-4338-9d41-57e84498288b:c883]
2019-07-10 10:27:21,271 INFO  client.GrpcClientProtocolClient (GrpcClientProtocolClient.java:onNext(255)) - client-821285EC2D67->9fa9a271-7bed-4435-b477-86c6ed0ece08: receive RaftClientReply:client-821285EC2D67->9fa9a271-7bed-4435-b477-86c6ed0ece08@group-0E07FAD1B91E, cid=700, SUCCESS, logIndex=0, commits[9fa9a271-7bed-4435-b477-86c6ed0ece08:c889, 06c1a879-4ae3-48dc-9686-b55cde066000:c885, 67fae1a7-3cbe-4338-9d41-57e84498288b:c885]
2019-07-10 10:27:21,285 INFO  client.GrpcClientProtocolClient (GrpcClientProtocolClient.java:onNext(255)) - client-821285EC2D67->9fa9a271-7bed-4435-b477-86c6ed0ece08: receive RaftClientReply:client-821285EC2D67->9fa9a271-7bed-4435-b477-86c6ed0ece08@group-0E07FAD1B91E, cid=701, SUCCESS, logIndex=891, commits[9fa9a271-7bed-4435-b477-86c6ed0ece08:c892, 06c1a879-4ae3-48dc-9686-b55cde066000:c887, 67fae1a7-3cbe-4338-9d41-57e84498288b:c890]
2019-07-10 10:27:21,286 INFO  client.GrpcClientProtocolClient (GrpcClientProtocolClient.java:onNext(255)) - client-821285EC2D67->9fa9a271-7bed-4435-b477-86c6ed0ece08: receive RaftClientReply:client-821285EC2D67->9fa9a271-7bed-4435-b477-86c6ed0ece08@group-0E07FAD1B91E, cid=702, SUCCESS, logIndex=892, commits[9fa9a271-7bed-4435-b477-86c6ed0ece08:c892, 06c1a879-4ae3-48dc-9686-b55cde066000:c887, 67fae1a7-3cbe-4338-9d41-57e84498288b:c890]
2019-07-10 10:27:21,308 INFO  client.GrpcClientProtocolClient (GrpcClientProtocolClient.java:onNext(255)) - client-821285EC2D67->9fa9a271-7bed-4435-b477-86c6ed0ece08: receive RaftClientReply:client-821285EC2D67->9fa9a271-7bed-4435-b477-86c6ed0ece08@group-0E07FAD1B91E, cid=703, SUCCESS, logIndex=895, commits[9fa9a271-7bed-4435-b477-86c6ed0ece08:c896, 06c1a879-4ae3-48dc-9686-b55cde066000:c892, 67fae1a7-3cbe-4338-9d41-57e84498288b:c892]
2019-07-10 10:27:21,308 INFO  client.GrpcClientProtocolClient (GrpcClientProtocolClient.java:onNext(255)) - client-821285EC2D67->9fa9a271-7bed-4435-b477-86c6ed0ece08: receive RaftClientReply:client-821285EC2D67->9fa9a271-7bed-4435-b477-86c6ed0ece08@group-0E07FAD1B91E, cid=704, SUCCESS, logIndex=896, commits[9fa9a271-7bed-4435-b477-86c6ed0ece08:c896, 06c1a879-4ae3-48dc-9686-b55cde066000:c892, 67fae1a7-3cbe-4338-9d41-57e84498288b:c892]
2019-07-10 10:27:21,312 INFO  client.GrpcClientProtocolClient (GrpcClientProtocolClient.java:onNext(255)) - client-821285EC2D67->9fa9a271-7bed-4435-b477-86c6ed0ece08: receive RaftClientReply:client-821285EC2D67->9fa9a271-7bed-4435-b477-86c6ed0ece08@group-0E07FAD1B91E, cid=705, SUCCESS, logIndex=0, commits[9fa9a271-7bed-4435-b477-86c6ed0ece08:c898, 06c1a879-4ae3-48dc-9686-b55cde066000:c896, 67fae1a7-3cbe-4338-9d41-57e84498288b:c896]
2019-07-10 10:27:21,331 INFO  client.GrpcClientProtocolClient (GrpcClientProtocolClient.java:onNext(255)) - client-821285EC2D67->9fa9a271-7bed-4435-b477-86c6ed0ece08: receive RaftClientReply:client-821285EC2D67->9fa9a271-7bed-4435-b477-86c6ed0ece08@group-0E07FAD1B91E, cid=706, SUCCESS, logIndex=899, commits[9fa9a271-7bed-4435-b477-86c6ed0ece08:c900, 06c1a879-4ae3-48dc-9686-b55cde066000:c898, 67fae1a7-3cbe-4338-9d41-57e84498288b:c898]
2019-07-10 10:27:21,332 INFO  client.GrpcClientProtocolClient (GrpcClientProtocolClient.java:onNext(255)) - client-821285EC2D67->9fa9a271-7bed-4435-b477-86c6ed0ece08: receive RaftClientReply:client-821285EC2D67->9fa9a271-7bed-4435-b477-86c6ed0ece08@group-0E07FAD1B91E, cid=707, SUCCESS, logIndex=900, commits[9fa9a271-7bed-4435-b477-86c6ed0ece08:c902, 06c1a879-4ae3-48dc-9686-b55cde066000:c898, 67fae1a7-3cbe-4338-9d41-57e84498288b:c898]
2019-07-10 10:27:21,332 INFO  client.GrpcClientProtocolClient (GrpcClientProtocolClient.java:onNext(255)) - client-821285EC2D67->9fa9a271-7bed-4435-b477-86c6ed0ece08: receive RaftClientReply:client-821285EC2D67->9fa9a271-7bed-4435-b477-86c6ed0ece08@group-0E07FAD1B91E, cid=708, SUCCESS, logIndex=901, commits[9fa9a271-7bed-4435-b477-86c6ed0ece08:c902, 06c1a879-4ae3-48dc-9686-b55cde066000:c898, 67fae1a7-3cbe-4338-9d41-57e84498288b:c898]
2019-07-10 10:27:21,333 INFO  client.GrpcClientProtocolClient (GrpcClientProtocolClient.java:onNext(255)) - client-821285EC2D67->9fa9a271-7bed-4435-b477-86c6ed0ece08: receive RaftClientReply:client-821285EC2D67->9fa9a271-7bed-4435-b477-86c6ed0ece08@group-0E07FAD1B91E, cid=709, SUCCESS, logIndex=902, commits[9fa9a271-7bed-4435-b477-86c6ed0ece08:c902, 06c1a879-4ae3-48dc-9686-b55cde066000:c898, 67fae1a7-3cbe-4338-9d41-57e84498288b:c898]
2019-07-10 10:27:21,335 INFO  client.GrpcClientProtocolClient (GrpcClientProtocolClient.java:onNext(255)) - client-821285EC2D67->9fa9a271-7bed-4435-b477-86c6ed0ece08: receive RaftClientReply:client-821285EC2D67->9fa9a271-7bed-4435-b477-86c6ed0ece08@group-0E07FAD1B91E, cid=710, SUCCESS, logIndex=0, commits[9fa9a271-7bed-4435-b477-86c6ed0ece08:c906, 06c1a879-4ae3-48dc-9686-b55cde066000:c900, 67fae1a7-3cbe-4338-9d41-57e84498288b:c902]
2019-07-10 10:27:21,355 INFO  client.GrpcClientProtocolClient (GrpcClientProtocolClient.java:onNext(255)) - client-821285EC2D67->9fa9a271-7bed-4435-b477-86c6ed0ece08: receive RaftClientReply:client-821285EC2D67->9fa9a271-7bed-4435-b477-86c6ed0ece08@group-0E07FAD1B91E, cid=711, SUCCESS, logIndex=907, commits[9fa9a271-7bed-4435-b477-86c6ed0ece08:c908, 06c1a879-4ae3-48dc-9686-b55cde066000:c906, 67fae1a7-3cbe-4338-9d41-57e84498288b:c906]
2019-07-10 10:27:21,355 INFO  client.GrpcClientProtocolClient (GrpcClientProtocolClient.java:onNext(255)) - client-821285EC2D67->9fa9a271-7bed-4435-b477-86c6ed0ece08: receive RaftClientReply:client-821285EC2D67->9fa9a271-7bed-4435-b477-86c6ed0ece08@group-0E07FAD1B91E, cid=712, SUCCESS, logIndex=908, commits[9fa9a271-7bed-4435-b477-86c6ed0ece08:c908, 06c1a879-4ae3-48dc-9686-b55cde066000:c906, 67fae1a7-3cbe-4338-9d41-57e84498288b:c906]
2019-07-10 10:27:21,378 INFO  client.GrpcClientProtocolClient (GrpcClientProtocolClient.java:onNext(255)) - client-821285EC2D67->9fa9a271-7bed-4435-b477-86c6ed0ece08: receive RaftClientReply:client-821285EC2D67->9fa9a271-7bed-4435-b477-86c6ed0ece08@group-0E07FAD1B91E, cid=713, SUCCESS, logIndex=911, commits[9fa9a271-7bed-4435-b477-86c6ed0ece08:c912, 06c1a879-4ae3-48dc-9686-b55cde066000:c910, 67fae1a7-3cbe-4338-9d41-57e84498288b:c910]
2019-07-10 10:27:21,378 INFO  client.GrpcClientProtocolClient (GrpcClientProtocolClient.java:onNext(255)) - client-821285EC2D67->9fa9a271-7bed-4435-b477-86c6ed0ece08: receive RaftClientReply:client-821285EC2D67->9fa9a271-7bed-4435-b477-86c6ed0ece08@group-0E07FAD1B91E, cid=714, SUCCESS, logIndex=912, commits[9fa9a271-7bed-4435-b477-86c6ed0ece08:c912, 06c1a879-4ae3-48dc-9686-b55cde066000:c910, 67fae1a7-3cbe-4338-9d41-57e84498288b:c910]
2019-07-10 10:27:21,379 INFO  client.GrpcClientProtocolClient (GrpcClientProtocolClient.java:onNext(255)) - client-821285EC2D67->9fa9a271-7bed-4435-b477-86c6ed0ece08: receive RaftClientReply:client-821285EC2D67->9fa9a271-7bed-4435-b477-86c6ed0ece08@group-0E07FAD1B91E, cid=715, SUCCESS, logIndex=0, commits[9fa9a271-7bed-4435-b477-86c6ed0ece08:c913, 06c1a879-4ae3-48dc-9686-b55cde066000:c912, 67fae1a7-3cbe-4338-9d41-57e84498288b:c912]
2019-07-10 10:27:21,402 INFO  client.GrpcClientProtocolClient (GrpcClientProtocolClient.java:onNext(255)) - client-821285EC2D67->9fa9a271-7bed-4435-b477-86c6ed0ece08: receive RaftClientReply:client-821285EC2D67->9fa9a271-7bed-4435-b477-86c6ed0ece08@group-0E07FAD1B91E, cid=716, SUCCESS, logIndex=914, commits[9fa9a271-7bed-4435-b477-86c6ed0ece08:c915, 06c1a879-4ae3-48dc-9686-b55cde066000:c913, 67fae1a7-3cbe-4338-9d41-57e84498288b:c913]
2019-07-10 10:27:21,402 INFO  client.GrpcClientProtocolClient (GrpcClientProtocolClient.java:onNext(255)) - client-821285EC2D67->9fa9a271-7bed-4435-b477-86c6ed0ece08: receive RaftClientReply:client-821285EC2D67->9fa9a271-7bed-4435-b477-86c6ed0ece08@group-0E07FAD1B91E, cid=717, SUCCESS, logIndex=915, commits[9fa9a271-7bed-4435-b477-86c6ed0ece08:c916, 06c1a879-4ae3-48dc-9686-b55cde066000:c913, 67fae1a7-3cbe-4338-9d41-57e84498288b:c913]
2019-07-10 10:27:21,403 INFO  client.GrpcClientProtocolClient (GrpcClientProtocolClient.java:onNext(255)) - client-821285EC2D67->9fa9a271-7bed-4435-b477-86c6ed0ece08: receive RaftClientReply:client-821285EC2D67->9fa9a271-7bed-4435-b477-86c6ed0ece08@group-0E07FAD1B91E, cid=718, SUCCESS, logIndex=916, commits[9fa9a271-7bed-4435-b477-86c6ed0ece08:c917, 06c1a879-4ae3-48dc-9686-b55cde066000:c913, 67fae1a7-3cbe-4338-9d41-57e84498288b:c913]
2019-07-10 10:27:21,403 INFO  client.GrpcClientProtocolClient (GrpcClientProtocolClient.java:onNext(255)) - client-821285EC2D67->9fa9a271-7bed-4435-b477-86c6ed0ece08: receive RaftClientReply:client-821285EC2D67->9fa9a271-7bed-4435-b477-86c6ed0ece08@group-0E07FAD1B91E, cid=719, SUCCESS, logIndex=917, commits[9fa9a271-7bed-4435-b477-86c6ed0ece08:c917, 06c1a879-4ae3-48dc-9686-b55cde066000:c913, 67fae1a7-3cbe-4338-9d41-57e84498288b:c913]
2019-07-10 10:27:21,404 INFO  client.GrpcClientProtocolClient (GrpcClientProtocolClient.java:onNext(255)) - client-821285EC2D67->9fa9a271-7bed-4435-b477-86c6ed0ece08: receive RaftClientReply:client-821285EC2D67->9fa9a271-7bed-4435-b477-86c6ed0ece08@group-0E07FAD1B91E, cid=720, SUCCESS, logIndex=0, commits[9fa9a271-7bed-4435-b477-86c6ed0ece08:c920, 06c1a879-4ae3-48dc-9686-b55cde066000:c915, 67fae1a7-3cbe-4338-9d41-57e84498288b:c916]
2019-07-10 10:27:21,419 INFO  client.GrpcClientProtocolClient (GrpcClientProtocolClient.java:onNext(255)) - client-821285EC2D67->9fa9a271-7bed-4435-b477-86c6ed0ece08: receive RaftClientReply:client-821285EC2D67->9fa9a271-7bed-4435-b477-86c6ed0ece08@group-0E07FAD1B91E, cid=721, SUCCESS, logIndex=922, commits[9fa9a271-7bed-4435-b477-86c6ed0ece08:c923, 06c1a879-4ae3-48dc-9686-b55cde066000:c921, 67fae1a7-3cbe-4338-9d41-57e84498288b:c917]
2019-07-10 10:27:21,419 INFO  client.GrpcClientProtocolClient (GrpcClientProtocolClient.java:onNext(255)) - client-821285EC2D67->9fa9a271-7bed-4435-b477-86c6ed0ece08: receive RaftClientReply:client-821285EC2D67->9fa9a271-7bed-4435-b477-86c6ed0ece08@group-0E07FAD1B91E, cid=722, SUCCESS, logIndex=923, commits[9fa9a271-7bed-4435-b477-86c6ed0ece08:c923, 06c1a879-4ae3-48dc-9686-b55cde066000:c921, 67fae1a7-3cbe-4338-9d41-57e84498288b:c917]
2019-07-10 10:27:21,432 INFO  client.GrpcClientProtocolClient (GrpcClientProtocolClient.java:onNext(255)) - client-821285EC2D67->9fa9a271-7bed-4435-b477-86c6ed0ece08: receive RaftClientReply:client-821285EC2D67->9fa9a271-7bed-4435-b477-86c6ed0ece08@group-0E07FAD1B91E, cid=723, SUCCESS, logIndex=926, commits[9fa9a271-7bed-4435-b477-86c6ed0ece08:c927, 06c1a879-4ae3-48dc-9686-b55cde066000:c923, 67fae1a7-3cbe-4338-9d41-57e84498288b:c925]
2019-07-10 10:27:21,433 INFO  client.GrpcClientProtocolClient (GrpcClientProtocolClient.java:onNext(255)) - client-821285EC2D67->9fa9a271-7bed-4435-b477-86c6ed0ece08: receive RaftClientReply:client-821285EC2D67->9fa9a271-7bed-4435-b477-86c6ed0ece08@group-0E07FAD1B91E, cid=724, SUCCESS, logIndex=927, commits[9fa9a271-7bed-4435-b477-86c6ed0ece08:c927, 06c1a879-4ae3-48dc-9686-b55cde066000:c925, 67fae1a7-3cbe-4338-9d41-57e84498288b:c925]
2019-07-10 10:27:21,435 INFO  client.GrpcClientProtocolClient (GrpcClientProtocolClient.java:onNext(255)) - client-821285EC2D67->9fa9a271-7bed-4435-b477-86c6ed0ece08: receive RaftClientReply:client-821285EC2D67->9fa9a271-7bed-4435-b477-86c6ed0ece08@group-0E07FAD1B91E, cid=725, SUCCESS, logIndex=0, commits[9fa9a271-7bed-4435-b477-86c6ed0ece08:c929, 06c1a879-4ae3-48dc-9686-b55cde066000:c927, 67fae1a7-3cbe-4338-9d41-57e84498288b:c927]
2019-07-10 10:27:21,465 INFO  client.GrpcClientProtocolClient (GrpcClientProtocolClient.java:onNext(255)) - client-821285EC2D67->9fa9a271-7bed-4435-b477-86c6ed0ece08: receive RaftClientReply:client-821285EC2D67->9fa9a271-7bed-4435-b477-86c6ed0ece08@group-0E07FAD1B91E, cid=726, SUCCESS, logIndex=930, commits[9fa9a271-7bed-4435-b477-86c6ed0ece08:c933, 06c1a879-4ae3-48dc-9686-b55cde066000:c929, 67fae1a7-3cbe-4338-9d41-57e84498288b:c929]
2019-07-10 10:27:21,466 INFO  client.GrpcClientProtocolClient (GrpcClientProtocolClient.java:onNext(255)) - client-821285EC2D67->9fa9a271-7bed-4435-b477-86c6ed0ece08: receive RaftClientReply:client-821285EC2D67->9fa9a271-7bed-4435-b477-86c6ed0ece08@group-0E07FAD1B91E, cid=727, SUCCESS, logIndex=931, commits[9fa9a271-7bed-4435-b477-86c6ed0ece08:c933, 06c1a879-4ae3-48dc-9686-b55cde066000:c929, 67fae1a7-3cbe-4338-9d41-57e84498288b:c929]
2019-07-10 10:27:21,466 INFO  client.GrpcClientProtocolClient (GrpcClientProtocolClient.java:onNext(255)) - client-821285EC2D67->9fa9a271-7bed-4435-b477-86c6ed0ece08: receive RaftClientReply:client-821285EC2D67->9fa9a271-7bed-4435-b477-86c6ed0ece08@group-0E07FAD1B91E, cid=728, SUCCESS, logIndex=932, commits[9fa9a271-7bed-4435-b477-86c6ed0ece08:c933, 06c1a879-4ae3-48dc-9686-b55cde066000:c929, 67fae1a7-3cbe-4338-9d41-57e84498288b:c929]
2019-07-10 10:27:21,467 INFO  client.GrpcClientProtocolClient (GrpcClientProtocolClient.java:onNext(255)) - client-821285EC2D67->9fa9a271-7bed-4435-b477-86c6ed0ece08: receive RaftClientReply:client-821285EC2D67->9fa9a271-7bed-4435-b477-86c6ed0ece08@group-0E07FAD1B91E, cid=729, SUCCESS, logIndex=933, commits[9fa9a271-7bed-4435-b477-86c6ed0ece08:c933, 06c1a879-4ae3-48dc-9686-b55cde066000:c929, 67fae1a7-3cbe-4338-9d41-57e84498288b:c929]
2019-07-10 10:27:21,477 INFO  client.GrpcClientProtocolClient (GrpcClientProtocolClient.java:onNext(255)) - client-821285EC2D67->9fa9a271-7bed-4435-b477-86c6ed0ece08: receive RaftClientReply:client-821285EC2D67->9fa9a271-7bed-4435-b477-86c6ed0ece08@group-0E07FAD1B91E, cid=730, SUCCESS, logIndex=0, commits[9fa9a271-7bed-4435-b477-86c6ed0ece08:c935, 06c1a879-4ae3-48dc-9686-b55cde066000:c932, 67fae1a7-3cbe-4338-9d41-57e84498288b:c932]
2019-07-10 10:27:21,495 INFO  client.GrpcClientProtocolClient (GrpcClientProtocolClient.java:onNext(255)) - client-821285EC2D67->9fa9a271-7bed-4435-b477-86c6ed0ece08: receive RaftClientReply:client-821285EC2D67->9fa9a271-7bed-4435-b477-86c6ed0ece08@group-0E07FAD1B91E, cid=731, SUCCESS, logIndex=938, commits[9fa9a271-7bed-4435-b477-86c6ed0ece08:c939, 06c1a879-4ae3-48dc-9686-b55cde066000:c937, 67fae1a7-3cbe-4338-9d41-57e84498288b:c937]
2019-07-10 10:27:21,496 INFO  client.GrpcClientProtocolClient (GrpcClientProtocolClient.java:onNext(255)) - client-821285EC2D67->9fa9a271-7bed-4435-b477-86c6ed0ece08: receive RaftClientReply:client-821285EC2D67->9fa9a271-7bed-4435-b477-86c6ed0ece08@group-0E07FAD1B91E, cid=732, SUCCESS, logIndex=939, commits[9fa9a271-7bed-4435-b477-86c6ed0ece08:c939, 06c1a879-4ae3-48dc-9686-b55cde066000:c937, 67fae1a7-3cbe-4338-9d41-57e84498288b:c937]
2019-07-10 10:27:21,519 INFO  client.GrpcClientProtocolClient (GrpcClientProtocolClient.java:onNext(255)) - client-821285EC2D67->9fa9a271-7bed-4435-b477-86c6ed0ece08: receive RaftClientReply:client-821285EC2D67->9fa9a271-7bed-4435-b477-86c6ed0ece08@group-0E07FAD1B91E, cid=733, SUCCESS, logIndex=942, commits[9fa9a271-7bed-4435-b477-86c6ed0ece08:c943, 06c1a879-4ae3-48dc-9686-b55cde066000:c939, 67fae1a7-3cbe-4338-9d41-57e84498288b:c939]
2019-07-10 10:27:21,519 INFO  client.GrpcClientProtocolClient (GrpcClientProtocolClient.java:onNext(255)) - client-821285EC2D67->9fa9a271-7bed-4435-b477-86c6ed0ece08: receive RaftClientReply:client-821285EC2D67->9fa9a271-7bed-4435-b477-86c6ed0ece08@group-0E07FAD1B91E, cid=734, SUCCESS, logIndex=943, commits[9fa9a271-7bed-4435-b477-86c6ed0ece08:c943, 06c1a879-4ae3-48dc-9686-b55cde066000:c939, 67fae1a7-3cbe-4338-9d41-57e84498288b:c939]
2019-07-10 10:27:21,521 INFO  client.GrpcClientProtocolClient (GrpcClientProtocolClient.java:onNext(255)) - client-821285EC2D67->9fa9a271-7bed-4435-b477-86c6ed0ece08: receive RaftClientReply:client-821285EC2D67->9fa9a271-7bed-4435-b477-86c6ed0ece08@group-0E07FAD1B91E, cid=735, SUCCESS, logIndex=0, commits[9fa9a271-7bed-4435-b477-86c6ed0ece08:c944, 06c1a879-4ae3-48dc-9686-b55cde066000:c943, 67fae1a7-3cbe-4338-9d41-57e84498288b:c943]
2019-07-10 10:27:21,536 INFO  client.GrpcClientProtocolClient (GrpcClientProtocolClient.java:onNext(255)) - client-821285EC2D67->9fa9a271-7bed-4435-b477-86c6ed0ece08: receive RaftClientReply:client-821285EC2D67->9fa9a271-7bed-4435-b477-86c6ed0ece08@group-0E07FAD1B91E, cid=736, SUCCESS, logIndex=946, commits[9fa9a271-7bed-4435-b477-86c6ed0ece08:c947, 06c1a879-4ae3-48dc-9686-b55cde066000:c945, 67fae1a7-3cbe-4338-9d41-57e84498288b:c943]
2019-07-10 10:27:21,537 INFO  client.GrpcClientProtocolClient (GrpcClientProtocolClient.java:onNext(255)) - client-821285EC2D67->9fa9a271-7bed-4435-b477-86c6ed0ece08: receive RaftClientReply:client-821285EC2D67->9fa9a271-7bed-4435-b477-86c6ed0ece08@group-0E07FAD1B91E, cid=737, SUCCESS, logIndex=947, commits[9fa9a271-7bed-4435-b477-86c6ed0ece08:c947, 06c1a879-4ae3-48dc-9686-b55cde066000:c945, 67fae1a7-3cbe-4338-9d41-57e84498288b:c945]
2019-07-10 10:27:21,548 INFO  client.GrpcClientProtocolClient (GrpcClientProtocolClient.java:onNext(255)) - client-821285EC2D67->9fa9a271-7bed-4435-b477-86c6ed0ece08: receive RaftClientReply:client-821285EC2D67->9fa9a271-7bed-4435-b477-86c6ed0ece08@group-0E07FAD1B91E, cid=738, SUCCESS, logIndex=948, commits[9fa9a271-7bed-4435-b477-86c6ed0ece08:c951, 06c1a879-4ae3-48dc-9686-b55cde066000:c947, 67fae1a7-3cbe-4338-9d41-57e84498288b:c945]
2019-07-10 10:27:21,548 INFO  client.GrpcClientProtocolClient (GrpcClientProtocolClient.java:onNext(255)) - client-821285EC2D67->9fa9a271-7bed-4435-b477-86c6ed0ece08: receive RaftClientReply:client-821285EC2D67->9fa9a271-7bed-4435-b477-86c6ed0ece08@group-0E07FAD1B91E, cid=739, SUCCESS, logIndex=949, commits[9fa9a271-7bed-4435-b477-86c6ed0ece08:c951, 06c1a879-4ae3-48dc-9686-b55cde066000:c947, 67fae1a7-3cbe-4338-9d41-57e84498288b:c947]
2019-07-10 10:27:21,567 INFO  client.GrpcClientProtocolClient (GrpcClientProtocolClient.java:onNext(255)) - client-821285EC2D67->9fa9a271-7bed-4435-b477-86c6ed0ece08: receive RaftClientReply:client-821285EC2D67->9fa9a271-7bed-4435-b477-86c6ed0ece08@group-0E07FAD1B91E, cid=740, SUCCESS, logIndex=954, commits[9fa9a271-7bed-4435-b477-86c6ed0ece08:c955, 06c1a879-4ae3-48dc-9686-b55cde066000:c953, 67fae1a7-3cbe-4338-9d41-57e84498288b:c953]
2019-07-10 10:27:21,568 INFO  client.GrpcClientProtocolClient (GrpcClientProtocolClient.java:onNext(255)) - client-821285EC2D67->9fa9a271-7bed-4435-b477-86c6ed0ece08: receive RaftClientReply:client-821285EC2D67->9fa9a271-7bed-4435-b477-86c6ed0ece08@group-0E07FAD1B91E, cid=741, SUCCESS, logIndex=955, commits[9fa9a271-7bed-4435-b477-86c6ed0ece08:c955, 06c1a879-4ae3-48dc-9686-b55cde066000:c953, 67fae1a7-3cbe-4338-9d41-57e84498288b:c953]
2019-07-10 10:27:21,587 INFO  client.GrpcClientProtocolClient (GrpcClientProtocolClient.java:onNext(255)) - client-821285EC2D67->9fa9a271-7bed-4435-b477-86c6ed0ece08: receive RaftClientReply:client-821285EC2D67->9fa9a271-7bed-4435-b477-86c6ed0ece08@group-0E07FAD1B91E, cid=742, SUCCESS, logIndex=958, commits[9fa9a271-7bed-4435-b477-86c6ed0ece08:c959, 06c1a879-4ae3-48dc-9686-b55cde066000:c957, 67fae1a7-3cbe-4338-9d41-57e84498288b:c957]
2019-07-10 10:27:21,588 INFO  client.GrpcClientProtocolClient (GrpcClientProtocolClient.java:onNext(255)) - client-821285EC2D67->9fa9a271-7bed-4435-b477-86c6ed0ece08: receive RaftClientReply:client-821285EC2D67->9fa9a271-7bed-4435-b477-86c6ed0ece08@group-0E07FAD1B91E, cid=743, SUCCESS, logIndex=959, commits[9fa9a271-7bed-4435-b477-86c6ed0ece08:c959, 06c1a879-4ae3-48dc-9686-b55cde066000:c957, 67fae1a7-3cbe-4338-9d41-57e84498288b:c957]
2019-07-10 10:27:21,598 INFO  client.GrpcClientProtocolClient (GrpcClientProtocolClient.java:onNext(255)) - client-821285EC2D67->9fa9a271-7bed-4435-b477-86c6ed0ece08: receive RaftClientReply:client-821285EC2D67->9fa9a271-7bed-4435-b477-86c6ed0ece08@group-0E07FAD1B91E, cid=744, SUCCESS, logIndex=0, commits[9fa9a271-7bed-4435-b477-86c6ed0ece08:c961, 06c1a879-4ae3-48dc-9686-b55cde066000:c959, 67fae1a7-3cbe-4338-9d41-57e84498288b:c959]
2019-07-10 10:27:21,617 INFO  client.GrpcClientProtocolClient (GrpcClientProtocolClient.java:onNext(255)) - client-821285EC2D67->9fa9a271-7bed-4435-b477-86c6ed0ece08: receive RaftClientReply:client-821285EC2D67->9fa9a271-7bed-4435-b477-86c6ed0ece08@group-0E07FAD1B91E, cid=745, SUCCESS, logIndex=962, commits[9fa9a271-7bed-4435-b477-86c6ed0ece08:c963, 06c1a879-4ae3-48dc-9686-b55cde066000:c961, 67fae1a7-3cbe-4338-9d41-57e84498288b:c961]
2019-07-10 10:27:21,618 INFO  client.GrpcClientProtocolClient (GrpcClientProtocolClient.java:onNext(255)) - client-821285EC2D67->9fa9a271-7bed-4435-b477-86c6ed0ece08: receive RaftClientReply:client-821285EC2D67->9fa9a271-7bed-4435-b477-86c6ed0ece08@group-0E07FAD1B91E, cid=746, SUCCESS, logIndex=963, commits[9fa9a271-7bed-4435-b477-86c6ed0ece08:c963, 06c1a879-4ae3-48dc-9686-b55cde066000:c961, 67fae1a7-3cbe-4338-9d41-57e84498288b:c961]
2019-07-10 10:27:21,618 INFO  client.GrpcClientProtocolClient (GrpcClientProtocolClient.java:onNext(255)) - client-821285EC2D67->9fa9a271-7bed-4435-b477-86c6ed0ece08: receive RaftClientReply:client-821285EC2D67->9fa9a271-7bed-4435-b477-86c6ed0ece08@group-0E07FAD1B91E, cid=747, SUCCESS, logIndex=964, commits[9fa9a271-7bed-4435-b477-86c6ed0ece08:c965, 06c1a879-4ae3-48dc-9686-b55cde066000:c961, 67fae1a7-3cbe-4338-9d41-57e84498288b:c961]
2019-07-10 10:27:21,618 INFO  client.GrpcClientProtocolClient (GrpcClientProtocolClient.java:onNext(255)) - client-821285EC2D67->9fa9a271-7bed-4435-b477-86c6ed0ece08: receive RaftClientReply:client-821285EC2D67->9fa9a271-7bed-4435-b477-86c6ed0ece08@group-0E07FAD1B91E, cid=748, SUCCESS, logIndex=965, commits[9fa9a271-7bed-4435-b477-86c6ed0ece08:c965, 06c1a879-4ae3-48dc-9686-b55cde066000:c961, 67fae1a7-3cbe-4338-9d41-57e84498288b:c961]
2019-07-10 10:27:21,620 INFO  client.GrpcClientProtocolClient (GrpcClientProtocolClient.java:onNext(255)) - client-821285EC2D67->9fa9a271-7bed-4435-b477-86c6ed0ece08: receive RaftClientReply:client-821285EC2D67->9fa9a271-7bed-4435-b477-86c6ed0ece08@group-0E07FAD1B91E, cid=749, SUCCESS, logIndex=0, commits[9fa9a271-7bed-4435-b477-86c6ed0ece08:c967, 06c1a879-4ae3-48dc-9686-b55cde066000:c963, 67fae1a7-3cbe-4338-9d41-57e84498288b:c963]
2019-07-10 10:27:21,674 INFO  client.GrpcClientProtocolClient (GrpcClientProtocolClient.java:onNext(255)) - client-821285EC2D67->9fa9a271-7bed-4435-b477-86c6ed0ece08: receive RaftClientReply:client-821285EC2D67->9fa9a271-7bed-4435-b477-86c6ed0ece08@group-0E07FAD1B91E, cid=750, SUCCESS, logIndex=970, commits[9fa9a271-7bed-4435-b477-86c6ed0ece08:c971, 06c1a879-4ae3-48dc-9686-b55cde066000:c969, 67fae1a7-3cbe-4338-9d41-57e84498288b:c969]
2019-07-10 10:27:21,674 INFO  client.GrpcClientProtocolClient (GrpcClientProtocolClient.java:onNext(255)) - client-821285EC2D67->9fa9a271-7bed-4435-b477-86c6ed0ece08: receive RaftClientReply:client-821285EC2D67->9fa9a271-7bed-4435-b477-86c6ed0ece08@group-0E07FAD1B91E, cid=751, SUCCESS, logIndex=971, commits[9fa9a271-7bed-4435-b477-86c6ed0ece08:c971, 06c1a879-4ae3-48dc-9686-b55cde066000:c969, 67fae1a7-3cbe-4338-9d41-57e84498288b:c969]
2019-07-10 10:27:21,687 INFO  client.GrpcClientProtocolClient (GrpcClientProtocolClient.java:onNext(255)) - client-821285EC2D67->9fa9a271-7bed-4435-b477-86c6ed0ece08: receive RaftClientReply:client-821285EC2D67->9fa9a271-7bed-4435-b477-86c6ed0ece08@group-0E07FAD1B91E, cid=752, SUCCESS, logIndex=974, commits[9fa9a271-7bed-4435-b477-86c6ed0ece08:c975, 06c1a879-4ae3-48dc-9686-b55cde066000:c971, 67fae1a7-3cbe-4338-9d41-57e84498288b:c971]
2019-07-10 10:27:21,688 INFO  client.GrpcClientProtocolClient (GrpcClientProtocolClient.java:onNext(255)) - client-821285EC2D67->9fa9a271-7bed-4435-b477-86c6ed0ece08: receive RaftClientReply:client-821285EC2D67->9fa9a271-7bed-4435-b477-86c6ed0ece08@group-0E07FAD1B91E, cid=753, SUCCESS, logIndex=975, commits[9fa9a271-7bed-4435-b477-86c6ed0ece08:c975, 06c1a879-4ae3-48dc-9686-b55cde066000:c971, 67fae1a7-3cbe-4338-9d41-57e84498288b:c971]
2019-07-10 10:27:21,691 INFO  client.GrpcClientProtocolClient (GrpcClientProtocolClient.java:onNext(255)) - client-821285EC2D67->9fa9a271-7bed-4435-b477-86c6ed0ece08: receive RaftClientReply:client-821285EC2D67->9fa9a271-7bed-4435-b477-86c6ed0ece08@group-0E07FAD1B91E, cid=754, SUCCESS, logIndex=0, commits[9fa9a271-7bed-4435-b477-86c6ed0ece08:c977, 06c1a879-4ae3-48dc-9686-b55cde066000:c975, 67fae1a7-3cbe-4338-9d41-57e84498288b:c975]
2019-07-10 10:27:21,706 INFO  client.GrpcClientProtocolClient (GrpcClientProtocolClient.java:onNext(255)) - client-821285EC2D67->9fa9a271-7bed-4435-b477-86c6ed0ece08: receive RaftClientReply:client-821285EC2D67->9fa9a271-7bed-4435-b477-86c6ed0ece08@group-0E07FAD1B91E, cid=755, SUCCESS, logIndex=978, commits[9fa9a271-7bed-4435-b477-86c6ed0ece08:c979, 06c1a879-4ae3-48dc-9686-b55cde066000:c977, 67fae1a7-3cbe-4338-9d41-57e84498288b:c977]
2019-07-10 10:27:21,707 INFO  client.GrpcClientProtocolClient (GrpcClientProtocolClient.java:onNext(255)) - client-821285EC2D67->9fa9a271-7bed-4435-b477-86c6ed0ece08: receive RaftClientReply:client-821285EC2D67->9fa9a271-7bed-4435-b477-86c6ed0ece08@group-0E07FAD1B91E, cid=756, SUCCESS, logIndex=979, commits[9fa9a271-7bed-4435-b477-86c6ed0ece08:c980, 06c1a879-4ae3-48dc-9686-b55cde066000:c977, 67fae1a7-3cbe-4338-9d41-57e84498288b:c977]
2019-07-10 10:27:21,707 INFO  client.GrpcClientProtocolClient (GrpcClientProtocolClient.java:onNext(255)) - client-821285EC2D67->9fa9a271-7bed-4435-b477-86c6ed0ece08: receive RaftClientReply:client-821285EC2D67->9fa9a271-7bed-4435-b477-86c6ed0ece08@group-0E07FAD1B91E, cid=757, SUCCESS, logIndex=980, commits[9fa9a271-7bed-4435-b477-86c6ed0ece08:c981, 06c1a879-4ae3-48dc-9686-b55cde066000:c977, 67fae1a7-3cbe-4338-9d41-57e84498288b:c977]
2019-07-10 10:27:21,707 INFO  client.GrpcClientProtocolClient (GrpcClientProtocolClient.java:onNext(255)) - client-821285EC2D67->9fa9a271-7bed-4435-b477-86c6ed0ece08: receive RaftClientReply:client-821285EC2D67->9fa9a271-7bed-4435-b477-86c6ed0ece08@group-0E07FAD1B91E, cid=758, SUCCESS, logIndex=981, commits[9fa9a271-7bed-4435-b477-86c6ed0ece08:c981, 06c1a879-4ae3-48dc-9686-b55cde066000:c977, 67fae1a7-3cbe-4338-9d41-57e84498288b:c977]
2019-07-10 10:27:21,708 INFO  client.GrpcClientProtocolClient (GrpcClientProtocolClient.java:onNext(255)) - client-821285EC2D67->9fa9a271-7bed-4435-b477-86c6ed0ece08: receive RaftClientReply:client-821285EC2D67->9fa9a271-7bed-4435-b477-86c6ed0ece08@group-0E07FAD1B91E, cid=759, SUCCESS, logIndex=0, commits[9fa9a271-7bed-4435-b477-86c6ed0ece08:c984, 06c1a879-4ae3-48dc-9686-b55cde066000:c980, 67fae1a7-3cbe-4338-9d41-57e84498288b:c980]
2019-07-10 10:27:21,813 INFO  client.GrpcClientProtocolClient (GrpcClientProtocolClient.java:onNext(255)) - client-821285EC2D67->9fa9a271-7bed-4435-b477-86c6ed0ece08: receive RaftClientReply:client-821285EC2D67->9fa9a271-7bed-4435-b477-86c6ed0ece08@group-0E07FAD1B91E, cid=760, SUCCESS, logIndex=986, commits[9fa9a271-7bed-4435-b477-86c6ed0ece08:c987, 06c1a879-4ae3-48dc-9686-b55cde066000:c985, 67fae1a7-3cbe-4338-9d41-57e84498288b:c985]
2019-07-10 10:27:21,813 INFO  client.GrpcClientProtocolClient (GrpcClientProtocolClient.java:onNext(255)) - client-821285EC2D67->9fa9a271-7bed-4435-b477-86c6ed0ece08: receive RaftClientReply:client-821285EC2D67->9fa9a271-7bed-4435-b477-86c6ed0ece08@group-0E07FAD1B91E, cid=761, SUCCESS, logIndex=987, commits[9fa9a271-7bed-4435-b477-86c6ed0ece08:c987, 06c1a879-4ae3-48dc-9686-b55cde066000:c985, 67fae1a7-3cbe-4338-9d41-57e84498288b:c985]
2019-07-10 10:27:21,829 INFO  client.GrpcClientProtocolClient (GrpcClientProtocolClient.java:onNext(255)) - client-821285EC2D67->9fa9a271-7bed-4435-b477-86c6ed0ece08: receive RaftClientReply:client-821285EC2D67->9fa9a271-7bed-4435-b477-86c6ed0ece08@group-0E07FAD1B91E, cid=762, SUCCESS, logIndex=990, commits[9fa9a271-7bed-4435-b477-86c6ed0ece08:c991, 06c1a879-4ae3-48dc-9686-b55cde066000:c987, 67fae1a7-3cbe-4338-9d41-57e84498288b:c987]
2019-07-10 10:27:21,829 INFO  client.GrpcClientProtocolClient (GrpcClientProtocolClient.java:onNext(255)) - client-821285EC2D67->9fa9a271-7bed-4435-b477-86c6ed0ece08: receive RaftClientReply:client-821285EC2D67->9fa9a271-7bed-4435-b477-86c6ed0ece08@group-0E07FAD1B91E, cid=763, SUCCESS, logIndex=991, commits[9fa9a271-7bed-4435-b477-86c6ed0ece08:c991, 06c1a879-4ae3-48dc-9686-b55cde066000:c987, 67fae1a7-3cbe-4338-9d41-57e84498288b:c987]
2019-07-10 10:27:21,832 INFO  client.GrpcClientProtocolClient (GrpcClientProtocolClient.java:onNext(255)) - client-821285EC2D67->9fa9a271-7bed-4435-b477-86c6ed0ece08: receive RaftClientReply:client-821285EC2D67->9fa9a271-7bed-4435-b477-86c6ed0ece08@group-0E07FAD1B91E, cid=764, SUCCESS, logIndex=0, commits[9fa9a271-7bed-4435-b477-86c6ed0ece08:c992, 06c1a879-4ae3-48dc-9686-b55cde066000:c991, 67fae1a7-3cbe-4338-9d41-57e84498288b:c991]
2019-07-10 10:27:21,852 INFO  client.GrpcClientProtocolClient (GrpcClientProtocolClient.java:onNext(255)) - client-821285EC2D67->9fa9a271-7bed-4435-b477-86c6ed0ece08: receive RaftClientReply:client-821285EC2D67->9fa9a271-7bed-4435-b477-86c6ed0ece08@group-0E07FAD1B91E, cid=765, SUCCESS, logIndex=994, commits[9fa9a271-7bed-4435-b477-86c6ed0ece08:c995, 06c1a879-4ae3-48dc-9686-b55cde066000:c993, 67fae1a7-3cbe-4338-9d41-57e84498288b:c993]
2019-07-10 10:27:21,853 INFO  client.GrpcClientProtocolClient (GrpcClientProtocolClient.java:onNext(255)) - client-821285EC2D67->9fa9a271-7bed-4435-b477-86c6ed0ece08: receive RaftClientReply:client-821285EC2D67->9fa9a271-7bed-4435-b477-86c6ed0ece08@group-0E07FAD1B91E, cid=766, SUCCESS, logIndex=995, commits[9fa9a271-7bed-4435-b477-86c6ed0ece08:c995, 06c1a879-4ae3-48dc-9686-b55cde066000:c993, 67fae1a7-3cbe-4338-9d41-57e84498288b:c993]
2019-07-10 10:27:21,853 INFO  client.GrpcClientProtocolClient (GrpcClientProtocolClient.java:onNext(255)) - client-821285EC2D67->9fa9a271-7bed-4435-b477-86c6ed0ece08: receive RaftClientReply:client-821285EC2D67->9fa9a271-7bed-4435-b477-86c6ed0ece08@group-0E07FAD1B91E, cid=767, SUCCESS, logIndex=996, commits[9fa9a271-7bed-4435-b477-86c6ed0ece08:c997, 06c1a879-4ae3-48dc-9686-b55cde066000:c993, 67fae1a7-3cbe-4338-9d41-57e84498288b:c993]
2019-07-10 10:27:21,854 INFO  client.GrpcClientProtocolClient (GrpcClientProtocolClient.java:onNext(255)) - client-821285EC2D67->9fa9a271-7bed-4435-b477-86c6ed0ece08: receive RaftClientReply:client-821285EC2D67->9fa9a271-7bed-4435-b477-86c6ed0ece08@group-0E07FAD1B91E, cid=768, SUCCESS, logIndex=997, commits[9fa9a271-7bed-4435-b477-86c6ed0ece08:c997, 06c1a879-4ae3-48dc-9686-b55cde066000:c993, 67fae1a7-3cbe-4338-9d41-57e84498288b:c993]
2019-07-10 10:27:21,856 INFO  client.GrpcClientProtocolClient (GrpcClientProtocolClient.java:onNext(255)) - client-821285EC2D67->9fa9a271-7bed-4435-b477-86c6ed0ece08: receive RaftClientReply:client-821285EC2D67->9fa9a271-7bed-4435-b477-86c6ed0ece08@group-0E07FAD1B91E, cid=769, SUCCESS, logIndex=0, commits[9fa9a271-7bed-4435-b477-86c6ed0ece08:c999, 06c1a879-4ae3-48dc-9686-b55cde066000:c995, 67fae1a7-3cbe-4338-9d41-57e84498288b:c995]
 0.00% |█                                                                                                    |  0/1 Time: 0:00:022019-07-10 10:27:21,878 INFO  client.GrpcClientProtocolClient (GrpcClientProtocolClient.java:onNext(255)) - client-821285EC2D67->9fa9a271-7bed-4435-b477-86c6ed0ece08: receive RaftClientReply:client-821285EC2D67->9fa9a271-7bed-4435-b477-86c6ed0ece08@group-0E07FAD1B91E, cid=770, SUCCESS, logIndex=1002, commits[9fa9a271-7bed-4435-b477-86c6ed0ece08:c1003, 06c1a879-4ae3-48dc-9686-b55cde066000:c997, 67fae1a7-3cbe-4338-9d41-57e84498288b:c1001]
2019-07-10 10:27:21,878 INFO  client.GrpcClientProtocolClient (GrpcClientProtocolClient.java:onNext(255)) - client-821285EC2D67->9fa9a271-7bed-4435-b477-86c6ed0ece08: receive RaftClientReply:client-821285EC2D67->9fa9a271-7bed-4435-b477-86c6ed0ece08@group-0E07FAD1B91E, cid=771, SUCCESS, logIndex=1003, commits[9fa9a271-7bed-4435-b477-86c6ed0ece08:c1003, 06c1a879-4ae3-48dc-9686-b55cde066000:c997, 67fae1a7-3cbe-4338-9d41-57e84498288b:c1001]
2019-07-10 10:27:21,897 INFO  client.GrpcClientProtocolClient (GrpcClientProtocolClient.java:onNext(255)) - client-821285EC2D67->9fa9a271-7bed-4435-b477-86c6ed0ece08: receive RaftClientReply:client-821285EC2D67->9fa9a271-7bed-4435-b477-86c6ed0ece08@group-0E07FAD1B91E, cid=772, SUCCESS, logIndex=1006, commits[9fa9a271-7bed-4435-b477-86c6ed0ece08:c1007, 06c1a879-4ae3-48dc-9686-b55cde066000:c1005, 67fae1a7-3cbe-4338-9d41-57e84498288b:c1005]
2019-07-10 10:27:21,898 INFO  client.GrpcClientProtocolClient (GrpcClientProtocolClient.java:onNext(255)) - client-821285EC2D67->9fa9a271-7bed-4435-b477-86c6ed0ece08: receive RaftClientReply:client-821285EC2D67->9fa9a271-7bed-4435-b477-86c6ed0ece08@group-0E07FAD1B91E, cid=773, SUCCESS, logIndex=1007, commits[9fa9a271-7bed-4435-b477-86c6ed0ece08:c1007, 06c1a879-4ae3-48dc-9686-b55cde066000:c1005, 67fae1a7-3cbe-4338-9d41-57e84498288b:c1005]
2019-07-10 10:27:21,902 INFO  client.GrpcClientProtocolClient (GrpcClientProtocolClient.java:onNext(255)) - client-821285EC2D67->9fa9a271-7bed-4435-b477-86c6ed0ece08: receive RaftClientReply:client-821285EC2D67->9fa9a271-7bed-4435-b477-86c6ed0ece08@group-0E07FAD1B91E, cid=774, SUCCESS, logIndex=0, commits[9fa9a271-7bed-4435-b477-86c6ed0ece08:c1009, 06c1a879-4ae3-48dc-9686-b55cde066000:c1007, 67fae1a7-3cbe-4338-9d41-57e84498288b:c1007]
2019-07-10 10:27:21,937 INFO  client.GrpcClientProtocolClient (GrpcClientProtocolClient.java:onNext(255)) - client-821285EC2D67->9fa9a271-7bed-4435-b477-86c6ed0ece08: receive RaftClientReply:client-821285EC2D67->9fa9a271-7bed-4435-b477-86c6ed0ece08@group-0E07FAD1B91E, cid=775, SUCCESS, logIndex=1010, commits[9fa9a271-7bed-4435-b477-86c6ed0ece08:c1011, 06c1a879-4ae3-48dc-9686-b55cde066000:c1009, 67fae1a7-3cbe-4338-9d41-57e84498288b:c1009]
2019-07-10 10:27:21,938 INFO  client.GrpcClientProtocolClient (GrpcClientProtocolClient.java:onNext(255)) - client-821285EC2D67->9fa9a271-7bed-4435-b477-86c6ed0ece08: receive RaftClientReply:client-821285EC2D67->9fa9a271-7bed-4435-b477-86c6ed0ece08@group-0E07FAD1B91E, cid=776, SUCCESS, logIndex=1011, commits[9fa9a271-7bed-4435-b477-86c6ed0ece08:c1011, 06c1a879-4ae3-48dc-9686-b55cde066000:c1009, 67fae1a7-3cbe-4338-9d41-57e84498288b:c1009]
2019-07-10 10:27:21,939 INFO  client.GrpcClientProtocolClient (GrpcClientProtocolClient.java:onNext(255)) - client-821285EC2D67->9fa9a271-7bed-4435-b477-86c6ed0ece08: receive RaftClientReply:client-821285EC2D67->9fa9a271-7bed-4435-b477-86c6ed0ece08@group-0E07FAD1B91E, cid=777, SUCCESS, logIndex=1012, commits[9fa9a271-7bed-4435-b477-86c6ed0ece08:c1013, 06c1a879-4ae3-48dc-9686-b55cde066000:c1009, 67fae1a7-3cbe-4338-9d41-57e84498288b:c1009]
2019-07-10 10:27:21,939 INFO  client.GrpcClientProtocolClient (GrpcClientProtocolClient.java:onNext(255)) - client-821285EC2D67->9fa9a271-7bed-4435-b477-86c6ed0ece08: receive RaftClientReply:client-821285EC2D67->9fa9a271-7bed-4435-b477-86c6ed0ece08@group-0E07FAD1B91E, cid=778, SUCCESS, logIndex=1013, commits[9fa9a271-7bed-4435-b477-86c6ed0ece08:c1013, 06c1a879-4ae3-48dc-9686-b55cde066000:c1009, 67fae1a7-3cbe-4338-9d41-57e84498288b:c1009]
2019-07-10 10:27:21,944 INFO  client.GrpcClientProtocolClient (GrpcClientProtocolClient.java:onNext(255)) - client-821285EC2D67->9fa9a271-7bed-4435-b477-86c6ed0ece08: receive RaftClientReply:client-821285EC2D67->9fa9a271-7bed-4435-b477-86c6ed0ece08@group-0E07FAD1B91E, cid=779, SUCCESS, logIndex=0, commits[9fa9a271-7bed-4435-b477-86c6ed0ece08:c1015, 06c1a879-4ae3-48dc-9686-b55cde066000:c1011, 67fae1a7-3cbe-4338-9d41-57e84498288b:c1011]
2019-07-10 10:27:21,958 INFO  client.GrpcClientProtocolClient (GrpcClientProtocolClient.java:onNext(255)) - client-821285EC2D67->9fa9a271-7bed-4435-b477-86c6ed0ece08: receive RaftClientReply:client-821285EC2D67->9fa9a271-7bed-4435-b477-86c6ed0ece08@group-0E07FAD1B91E, cid=780, SUCCESS, logIndex=1018, commits[9fa9a271-7bed-4435-b477-86c6ed0ece08:c1019, 06c1a879-4ae3-48dc-9686-b55cde066000:c1017, 67fae1a7-3cbe-4338-9d41-57e84498288b:c1017]
2019-07-10 10:27:21,958 INFO  client.GrpcClientProtocolClient (GrpcClientProtocolClient.java:onNext(255)) - client-821285EC2D67->9fa9a271-7bed-4435-b477-86c6ed0ece08: receive RaftClientReply:client-821285EC2D67->9fa9a271-7bed-4435-b477-86c6ed0ece08@group-0E07FAD1B91E, cid=781, SUCCESS, logIndex=1019, commits[9fa9a271-7bed-4435-b477-86c6ed0ece08:c1019, 06c1a879-4ae3-48dc-9686-b55cde066000:c1017, 67fae1a7-3cbe-4338-9d41-57e84498288b:c1017]
2019-07-10 10:27:21,980 INFO  client.GrpcClientProtocolClient (GrpcClientProtocolClient.java:onNext(255)) - client-821285EC2D67->9fa9a271-7bed-4435-b477-86c6ed0ece08: receive RaftClientReply:client-821285EC2D67->9fa9a271-7bed-4435-b477-86c6ed0ece08@group-0E07FAD1B91E, cid=782, SUCCESS, logIndex=1022, commits[9fa9a271-7bed-4435-b477-86c6ed0ece08:c1023, 06c1a879-4ae3-48dc-9686-b55cde066000:c1019, 67fae1a7-3cbe-4338-9d41-57e84498288b:c1019]
2019-07-10 10:27:21,981 INFO  client.GrpcClientProtocolClient (GrpcClientProtocolClient.java:onNext(255)) - client-821285EC2D67->9fa9a271-7bed-4435-b477-86c6ed0ece08: receive RaftClientReply:client-821285EC2D67->9fa9a271-7bed-4435-b477-86c6ed0ece08@group-0E07FAD1B91E, cid=783, SUCCESS, logIndex=1023, commits[9fa9a271-7bed-4435-b477-86c6ed0ece08:c1023, 06c1a879-4ae3-48dc-9686-b55cde066000:c1019, 67fae1a7-3cbe-4338-9d41-57e84498288b:c1019]
2019-07-10 10:27:21,982 INFO  client.GrpcClientProtocolClient (GrpcClientProtocolClient.java:onNext(255)) - client-821285EC2D67->9fa9a271-7bed-4435-b477-86c6ed0ece08: receive RaftClientReply:client-821285EC2D67->9fa9a271-7bed-4435-b477-86c6ed0ece08@group-0E07FAD1B91E, cid=784, SUCCESS, logIndex=0, commits[9fa9a271-7bed-4435-b477-86c6ed0ece08:c1024, 06c1a879-4ae3-48dc-9686-b55cde066000:c1023, 67fae1a7-3cbe-4338-9d41-57e84498288b:c1023]
2019-07-10 10:27:22,002 INFO  client.GrpcClientProtocolClient (GrpcClientProtocolClient.java:onNext(255)) - client-821285EC2D67->9fa9a271-7bed-4435-b477-86c6ed0ece08: receive RaftClientReply:client-821285EC2D67->9fa9a271-7bed-4435-b477-86c6ed0ece08@group-0E07FAD1B91E, cid=785, SUCCESS, logIndex=1026, commits[9fa9a271-7bed-4435-b477-86c6ed0ece08:c1027, 06c1a879-4ae3-48dc-9686-b55cde066000:c1025, 67fae1a7-3cbe-4338-9d41-57e84498288b:c1025]
2019-07-10 10:27:22,003 INFO  client.GrpcClientProtocolClient (GrpcClientProtocolClient.java:onNext(255)) - client-821285EC2D67->9fa9a271-7bed-4435-b477-86c6ed0ece08: receive RaftClientReply:client-821285EC2D67->9fa9a271-7bed-4435-b477-86c6ed0ece08@group-0E07FAD1B91E, cid=786, SUCCESS, logIndex=1027, commits[9fa9a271-7bed-4435-b477-86c6ed0ece08:c1027, 06c1a879-4ae3-48dc-9686-b55cde066000:c1025, 67fae1a7-3cbe-4338-9d41-57e84498288b:c1025]
2019-07-10 10:27:22,011 INFO  client.GrpcClientProtocolClient (GrpcClientProtocolClient.java:onNext(255)) - client-821285EC2D67->9fa9a271-7bed-4435-b477-86c6ed0ece08: receive RaftClientReply:client-821285EC2D67->9fa9a271-7bed-4435-b477-86c6ed0ece08@group-0E07FAD1B91E, cid=787, SUCCESS, logIndex=1028, commits[9fa9a271-7bed-4435-b477-86c6ed0ece08:c1029, 06c1a879-4ae3-48dc-9686-b55cde066000:c1025, 67fae1a7-3cbe-4338-9d41-57e84498288b:c1025]
2019-07-10 10:27:22,012 INFO  client.GrpcClientProtocolClient (GrpcClientProtocolClient.java:onNext(255)) - client-821285EC2D67->9fa9a271-7bed-4435-b477-86c6ed0ece08: receive RaftClientReply:client-821285EC2D67->9fa9a271-7bed-4435-b477-86c6ed0ece08@group-0E07FAD1B91E, cid=788, SUCCESS, logIndex=1029, commits[9fa9a271-7bed-4435-b477-86c6ed0ece08:c1029, 06c1a879-4ae3-48dc-9686-b55cde066000:c1025, 67fae1a7-3cbe-4338-9d41-57e84498288b:c1025]
2019-07-10 10:27:22,014 INFO  client.GrpcClientProtocolClient (GrpcClientProtocolClient.java:onNext(255)) - client-821285EC2D67->9fa9a271-7bed-4435-b477-86c6ed0ece08: receive RaftClientReply:client-821285EC2D67->9fa9a271-7bed-4435-b477-86c6ed0ece08@group-0E07FAD1B91E, cid=789, SUCCESS, logIndex=0, commits[9fa9a271-7bed-4435-b477-86c6ed0ece08:c1031, 06c1a879-4ae3-48dc-9686-b55cde066000:c1027, 67fae1a7-3cbe-4338-9d41-57e84498288b:c1027]
2019-07-10 10:27:22,031 INFO  client.GrpcClientProtocolClient (GrpcClientProtocolClient.java:onNext(255)) - client-821285EC2D67->9fa9a271-7bed-4435-b477-86c6ed0ece08: receive RaftClientReply:client-821285EC2D67->9fa9a271-7bed-4435-b477-86c6ed0ece08@group-0E07FAD1B91E, cid=790, SUCCESS, logIndex=1034, commits[9fa9a271-7bed-4435-b477-86c6ed0ece08:c1035, 06c1a879-4ae3-48dc-9686-b55cde066000:c1033, 67fae1a7-3cbe-4338-9d41-57e84498288b:c1033]
2019-07-10 10:27:22,031 INFO  client.GrpcClientProtocolClient (GrpcClientProtocolClient.java:onNext(255)) - client-821285EC2D67->9fa9a271-7bed-4435-b477-86c6ed0ece08: receive RaftClientReply:client-821285EC2D67->9fa9a271-7bed-4435-b477-86c6ed0ece08@group-0E07FAD1B91E, cid=791, SUCCESS, logIndex=1035, commits[9fa9a271-7bed-4435-b477-86c6ed0ece08:c1035, 06c1a879-4ae3-48dc-9686-b55cde066000:c1033, 67fae1a7-3cbe-4338-9d41-57e84498288b:c1033]
2019-07-10 10:27:22,044 INFO  client.GrpcClientProtocolClient (GrpcClientProtocolClient.java:onNext(255)) - client-821285EC2D67->9fa9a271-7bed-4435-b477-86c6ed0ece08: receive RaftClientReply:client-821285EC2D67->9fa9a271-7bed-4435-b477-86c6ed0ece08@group-0E07FAD1B91E, cid=792, SUCCESS, logIndex=1038, commits[9fa9a271-7bed-4435-b477-86c6ed0ece08:c1039, 06c1a879-4ae3-48dc-9686-b55cde066000:c1035, 67fae1a7-3cbe-4338-9d41-57e84498288b:c1035]
2019-07-10 10:27:22,045 INFO  client.GrpcClientProtocolClient (GrpcClientProtocolClient.java:onNext(255)) - client-821285EC2D67->9fa9a271-7bed-4435-b477-86c6ed0ece08: receive RaftClientReply:client-821285EC2D67->9fa9a271-7bed-4435-b477-86c6ed0ece08@group-0E07FAD1B91E, cid=793, SUCCESS, logIndex=1039, commits[9fa9a271-7bed-4435-b477-86c6ed0ece08:c1039, 06c1a879-4ae3-48dc-9686-b55cde066000:c1035, 67fae1a7-3cbe-4338-9d41-57e84498288b:c1035]
2019-07-10 10:27:22,047 INFO  client.GrpcClientProtocolClient (GrpcClientProtocolClient.java:onNext(255)) - client-821285EC2D67->9fa9a271-7bed-4435-b477-86c6ed0ece08: receive RaftClientReply:client-821285EC2D67->9fa9a271-7bed-4435-b477-86c6ed0ece08@group-0E07FAD1B91E, cid=794, SUCCESS, logIndex=0, commits[9fa9a271-7bed-4435-b477-86c6ed0ece08:c1040, 06c1a879-4ae3-48dc-9686-b55cde066000:c1039, 67fae1a7-3cbe-4338-9d41-57e84498288b:c1039]
2019-07-10 10:27:22,061 INFO  client.GrpcClientProtocolClient (GrpcClientProtocolClient.java:onNext(255)) - client-821285EC2D67->9fa9a271-7bed-4435-b477-86c6ed0ece08: receive RaftClientReply:client-821285EC2D67->9fa9a271-7bed-4435-b477-86c6ed0ece08@group-0E07FAD1B91E, cid=795, SUCCESS, logIndex=1042, commits[9fa9a271-7bed-4435-b477-86c6ed0ece08:c1043, 06c1a879-4ae3-48dc-9686-b55cde066000:c1041, 67fae1a7-3cbe-4338-9d41-57e84498288b:c1039]
2019-07-10 10:27:22,062 INFO  client.GrpcClientProtocolClient (GrpcClientProtocolClient.java:onNext(255)) - client-821285EC2D67->9fa9a271-7bed-4435-b477-86c6ed0ece08: receive RaftClientReply:client-821285EC2D67->9fa9a271-7bed-4435-b477-86c6ed0ece08@group-0E07FAD1B91E, cid=796, SUCCESS, logIndex=1043, commits[9fa9a271-7bed-4435-b477-86c6ed0ece08:c1043, 06c1a879-4ae3-48dc-9686-b55cde066000:c1041, 67fae1a7-3cbe-4338-9d41-57e84498288b:c1041]
2019-07-10 10:27:22,063 INFO  client.GrpcClientProtocolClient (GrpcClientProtocolClient.java:onNext(255)) - client-821285EC2D67->9fa9a271-7bed-4435-b477-86c6ed0ece08: receive RaftClientReply:client-821285EC2D67->9fa9a271-7bed-4435-b477-86c6ed0ece08@group-0E07FAD1B91E, cid=797, SUCCESS, logIndex=1044, commits[9fa9a271-7bed-4435-b477-86c6ed0ece08:c1045, 06c1a879-4ae3-48dc-9686-b55cde066000:c1041, 67fae1a7-3cbe-4338-9d41-57e84498288b:c1041]
2019-07-10 10:27:22,064 INFO  client.GrpcClientProtocolClient (GrpcClientProtocolClient.java:onNext(255)) - client-821285EC2D67->9fa9a271-7bed-4435-b477-86c6ed0ece08: receive RaftClientReply:client-821285EC2D67->9fa9a271-7bed-4435-b477-86c6ed0ece08@group-0E07FAD1B91E, cid=798, SUCCESS, logIndex=1045, commits[9fa9a271-7bed-4435-b477-86c6ed0ece08:c1045, 06c1a879-4ae3-48dc-9686-b55cde066000:c1041, 67fae1a7-3cbe-4338-9d41-57e84498288b:c1041]
2019-07-10 10:27:22,065 INFO  client.GrpcClientProtocolClient (GrpcClientProtocolClient.java:onNext(255)) - client-821285EC2D67->9fa9a271-7bed-4435-b477-86c6ed0ece08: receive RaftClientReply:client-821285EC2D67->9fa9a271-7bed-4435-b477-86c6ed0ece08@group-0E07FAD1B91E, cid=799, SUCCESS, logIndex=0, commits[9fa9a271-7bed-4435-b477-86c6ed0ece08:c1048, 06c1a879-4ae3-48dc-9686-b55cde066000:c1045, 67fae1a7-3cbe-4338-9d41-57e84498288b:c1043]
2019-07-10 10:27:22,084 INFO  client.GrpcClientProtocolClient (GrpcClientProtocolClient.java:onNext(255)) - client-821285EC2D67->9fa9a271-7bed-4435-b477-86c6ed0ece08: receive RaftClientReply:client-821285EC2D67->9fa9a271-7bed-4435-b477-86c6ed0ece08@group-0E07FAD1B91E, cid=800, SUCCESS, logIndex=1050, commits[9fa9a271-7bed-4435-b477-86c6ed0ece08:c1051, 06c1a879-4ae3-48dc-9686-b55cde066000:c1049, 67fae1a7-3cbe-4338-9d41-57e84498288b:c1049]
2019-07-10 10:27:22,085 INFO  client.GrpcClientProtocolClient (GrpcClientProtocolClient.java:onNext(255)) - client-821285EC2D67->9fa9a271-7bed-4435-b477-86c6ed0ece08: receive RaftClientReply:client-821285EC2D67->9fa9a271-7bed-4435-b477-86c6ed0ece08@group-0E07FAD1B91E, cid=801, SUCCESS, logIndex=1051, commits[9fa9a271-7bed-4435-b477-86c6ed0ece08:c1051, 06c1a879-4ae3-48dc-9686-b55cde066000:c1049, 67fae1a7-3cbe-4338-9d41-57e84498288b:c1049]
2019-07-10 10:27:22,103 INFO  client.GrpcClientProtocolClient (GrpcClientProtocolClient.java:onNext(255)) - client-821285EC2D67->9fa9a271-7bed-4435-b477-86c6ed0ece08: receive RaftClientReply:client-821285EC2D67->9fa9a271-7bed-4435-b477-86c6ed0ece08@group-0E07FAD1B91E, cid=802, SUCCESS, logIndex=1054, commits[9fa9a271-7bed-4435-b477-86c6ed0ece08:c1055, 06c1a879-4ae3-48dc-9686-b55cde066000:c1053, 67fae1a7-3cbe-4338-9d41-57e84498288b:c1053]
2019-07-10 10:27:22,103 INFO  client.GrpcClientProtocolClient (GrpcClientProtocolClient.java:onNext(255)) - client-821285EC2D67->9fa9a271-7bed-4435-b477-86c6ed0ece08: receive RaftClientReply:client-821285EC2D67->9fa9a271-7bed-4435-b477-86c6ed0ece08@group-0E07FAD1B91E, cid=803, SUCCESS, logIndex=1055, commits[9fa9a271-7bed-4435-b477-86c6ed0ece08:c1055, 06c1a879-4ae3-48dc-9686-b55cde066000:c1053, 67fae1a7-3cbe-4338-9d41-57e84498288b:c1053]
2019-07-10 10:27:22,114 INFO  client.GrpcClientProtocolClient (GrpcClientProtocolClient.java:onNext(255)) - client-821285EC2D67->9fa9a271-7bed-4435-b477-86c6ed0ece08: receive RaftClientReply:client-821285EC2D67->9fa9a271-7bed-4435-b477-86c6ed0ece08@group-0E07FAD1B91E, cid=804, SUCCESS, logIndex=0, commits[9fa9a271-7bed-4435-b477-86c6ed0ece08:c1057, 06c1a879-4ae3-48dc-9686-b55cde066000:c1055, 67fae1a7-3cbe-4338-9d41-57e84498288b:c1055]
2019-07-10 10:27:22,142 INFO  client.GrpcClientProtocolClient (GrpcClientProtocolClient.java:onNext(255)) - client-821285EC2D67->9fa9a271-7bed-4435-b477-86c6ed0ece08: receive RaftClientReply:client-821285EC2D67->9fa9a271-7bed-4435-b477-86c6ed0ece08@group-0E07FAD1B91E, cid=805, SUCCESS, logIndex=1058, commits[9fa9a271-7bed-4435-b477-86c6ed0ece08:c1059, 06c1a879-4ae3-48dc-9686-b55cde066000:c1057, 67fae1a7-3cbe-4338-9d41-57e84498288b:c1057]
2019-07-10 10:27:22,143 INFO  client.GrpcClientProtocolClient (GrpcClientProtocolClient.java:onNext(255)) - client-821285EC2D67->9fa9a271-7bed-4435-b477-86c6ed0ece08: receive RaftClientReply:client-821285EC2D67->9fa9a271-7bed-4435-b477-86c6ed0ece08@group-0E07FAD1B91E, cid=806, SUCCESS, logIndex=1059, commits[9fa9a271-7bed-4435-b477-86c6ed0ece08:c1059, 06c1a879-4ae3-48dc-9686-b55cde066000:c1057, 67fae1a7-3cbe-4338-9d41-57e84498288b:c1057]
2019-07-10 10:27:22,151 INFO  client.GrpcClientProtocolClient (GrpcClientProtocolClient.java:onNext(255)) - client-821285EC2D67->9fa9a271-7bed-4435-b477-86c6ed0ece08: receive RaftClientReply:client-821285EC2D67->9fa9a271-7bed-4435-b477-86c6ed0ece08@group-0E07FAD1B91E, cid=807, SUCCESS, logIndex=1060, commits[9fa9a271-7bed-4435-b477-86c6ed0ece08:c1061, 06c1a879-4ae3-48dc-9686-b55cde066000:c1057, 67fae1a7-3cbe-4338-9d41-57e84498288b:c1057]
2019-07-10 10:27:22,152 INFO  client.GrpcClientProtocolClient (GrpcClientProtocolClient.java:onNext(255)) - client-821285EC2D67->9fa9a271-7bed-4435-b477-86c6ed0ece08: receive RaftClientReply:client-821285EC2D67->9fa9a271-7bed-4435-b477-86c6ed0ece08@group-0E07FAD1B91E, cid=808, SUCCESS, logIndex=1061, commits[9fa9a271-7bed-4435-b477-86c6ed0ece08:c1061, 06c1a879-4ae3-48dc-9686-b55cde066000:c1057, 67fae1a7-3cbe-4338-9d41-57e84498288b:c1057]
2019-07-10 10:27:22,153 INFO  client.GrpcClientProtocolClient (GrpcClientProtocolClient.java:onNext(255)) - client-821285EC2D67->9fa9a271-7bed-4435-b477-86c6ed0ece08: receive RaftClientReply:client-821285EC2D67->9fa9a271-7bed-4435-b477-86c6ed0ece08@group-0E07FAD1B91E, cid=809, SUCCESS, logIndex=0, commits[9fa9a271-7bed-4435-b477-86c6ed0ece08:c1063, 06c1a879-4ae3-48dc-9686-b55cde066000:c1059, 67fae1a7-3cbe-4338-9d41-57e84498288b:c1059]
2019-07-10 10:27:22,171 INFO  client.GrpcClientProtocolClient (GrpcClientProtocolClient.java:onNext(255)) - client-821285EC2D67->9fa9a271-7bed-4435-b477-86c6ed0ece08: receive RaftClientReply:client-821285EC2D67->9fa9a271-7bed-4435-b477-86c6ed0ece08@group-0E07FAD1B91E, cid=810, SUCCESS, logIndex=1066, commits[9fa9a271-7bed-4435-b477-86c6ed0ece08:c1067, 06c1a879-4ae3-48dc-9686-b55cde066000:c1065, 67fae1a7-3cbe-4338-9d41-57e84498288b:c1065]
2019-07-10 10:27:22,172 INFO  client.GrpcClientProtocolClient (GrpcClientProtocolClient.java:onNext(255)) - client-821285EC2D67->9fa9a271-7bed-4435-b477-86c6ed0ece08: receive RaftClientReply:client-821285EC2D67->9fa9a271-7bed-4435-b477-86c6ed0ece08@group-0E07FAD1B91E, cid=811, SUCCESS, logIndex=1067, commits[9fa9a271-7bed-4435-b477-86c6ed0ece08:c1067, 06c1a879-4ae3-48dc-9686-b55cde066000:c1065, 67fae1a7-3cbe-4338-9d41-57e84498288b:c1065]
2019-07-10 10:27:22,183 INFO  client.GrpcClientProtocolClient (GrpcClientProtocolClient.java:onNext(255)) - client-821285EC2D67->9fa9a271-7bed-4435-b477-86c6ed0ece08: receive RaftClientReply:client-821285EC2D67->9fa9a271-7bed-4435-b477-86c6ed0ece08@group-0E07FAD1B91E, cid=812, SUCCESS, logIndex=1070, commits[9fa9a271-7bed-4435-b477-86c6ed0ece08:c1071, 06c1a879-4ae3-48dc-9686-b55cde066000:c1067, 67fae1a7-3cbe-4338-9d41-57e84498288b:c1067]
2019-07-10 10:27:22,184 INFO  client.GrpcClientProtocolClient (GrpcClientProtocolClient.java:onNext(255)) - client-821285EC2D67->9fa9a271-7bed-4435-b477-86c6ed0ece08: receive RaftClientReply:client-821285EC2D67->9fa9a271-7bed-4435-b477-86c6ed0ece08@group-0E07FAD1B91E, cid=813, SUCCESS, logIndex=1071, commits[9fa9a271-7bed-4435-b477-86c6ed0ece08:c1071, 06c1a879-4ae3-48dc-9686-b55cde066000:c1067, 67fae1a7-3cbe-4338-9d41-57e84498288b:c1067]
2019-07-10 10:27:22,186 INFO  client.GrpcClientProtocolClient (GrpcClientProtocolClient.java:onNext(255)) - client-821285EC2D67->9fa9a271-7bed-4435-b477-86c6ed0ece08: receive RaftClientReply:client-821285EC2D67->9fa9a271-7bed-4435-b477-86c6ed0ece08@group-0E07FAD1B91E, cid=814, SUCCESS, logIndex=0, commits[9fa9a271-7bed-4435-b477-86c6ed0ece08:c1072, 06c1a879-4ae3-48dc-9686-b55cde066000:c1071, 67fae1a7-3cbe-4338-9d41-57e84498288b:c1071]
2019-07-10 10:27:22,200 INFO  client.GrpcClientProtocolClient (GrpcClientProtocolClient.java:onNext(255)) - client-821285EC2D67->9fa9a271-7bed-4435-b477-86c6ed0ece08: receive RaftClientReply:client-821285EC2D67->9fa9a271-7bed-4435-b477-86c6ed0ece08@group-0E07FAD1B91E, cid=815, SUCCESS, logIndex=1074, commits[9fa9a271-7bed-4435-b477-86c6ed0ece08:c1075, 06c1a879-4ae3-48dc-9686-b55cde066000:c1073, 67fae1a7-3cbe-4338-9d41-57e84498288b:c1071]
2019-07-10 10:27:22,201 INFO  client.GrpcClientProtocolClient (GrpcClientProtocolClient.java:onNext(255)) - client-821285EC2D67->9fa9a271-7bed-4435-b477-86c6ed0ece08: receive RaftClientReply:client-821285EC2D67->9fa9a271-7bed-4435-b477-86c6ed0ece08@group-0E07FAD1B91E, cid=816, SUCCESS, logIndex=1075, commits[9fa9a271-7bed-4435-b477-86c6ed0ece08:c1075, 06c1a879-4ae3-48dc-9686-b55cde066000:c1073, 67fae1a7-3cbe-4338-9d41-57e84498288b:c1071]
2019-07-10 10:27:22,201 INFO  client.GrpcClientProtocolClient (GrpcClientProtocolClient.java:onNext(255)) - client-821285EC2D67->9fa9a271-7bed-4435-b477-86c6ed0ece08: receive RaftClientReply:client-821285EC2D67->9fa9a271-7bed-4435-b477-86c6ed0ece08@group-0E07FAD1B91E, cid=817, SUCCESS, logIndex=1076, commits[9fa9a271-7bed-4435-b477-86c6ed0ece08:c1077, 06c1a879-4ae3-48dc-9686-b55cde066000:c1073, 67fae1a7-3cbe-4338-9d41-57e84498288b:c1073]
2019-07-10 10:27:22,202 INFO  client.GrpcClientProtocolClient (GrpcClientProtocolClient.java:onNext(255)) - client-821285EC2D67->9fa9a271-7bed-4435-b477-86c6ed0ece08: receive RaftClientReply:client-821285EC2D67->9fa9a271-7bed-4435-b477-86c6ed0ece08@group-0E07FAD1B91E, cid=818, SUCCESS, logIndex=1077, commits[9fa9a271-7bed-4435-b477-86c6ed0ece08:c1079, 06c1a879-4ae3-48dc-9686-b55cde066000:c1073, 67fae1a7-3cbe-4338-9d41-57e84498288b:c1075]
2019-07-10 10:27:22,203 INFO  client.GrpcClientProtocolClient (GrpcClientProtocolClient.java:onNext(255)) - client-821285EC2D67->9fa9a271-7bed-4435-b477-86c6ed0ece08: receive RaftClientReply:client-821285EC2D67->9fa9a271-7bed-4435-b477-86c6ed0ece08@group-0E07FAD1B91E, cid=819, SUCCESS, logIndex=0, commits[9fa9a271-7bed-4435-b477-86c6ed0ece08:c1080, 06c1a879-4ae3-48dc-9686-b55cde066000:c1075, 67fae1a7-3cbe-4338-9d41-57e84498288b:c1077]
2019-07-10 10:27:22,217 INFO  client.GrpcClientProtocolClient (GrpcClientProtocolClient.java:onNext(255)) - client-821285EC2D67->9fa9a271-7bed-4435-b477-86c6ed0ece08: receive RaftClientReply:client-821285EC2D67->9fa9a271-7bed-4435-b477-86c6ed0ece08@group-0E07FAD1B91E, cid=820, SUCCESS, logIndex=1082, commits[9fa9a271-7bed-4435-b477-86c6ed0ece08:c1083, 06c1a879-4ae3-48dc-9686-b55cde066000:c1081, 67fae1a7-3cbe-4338-9d41-57e84498288b:c1081]
2019-07-10 10:27:22,218 INFO  client.GrpcClientProtocolClient (GrpcClientProtocolClient.java:onNext(255)) - client-821285EC2D67->9fa9a271-7bed-4435-b477-86c6ed0ece08: receive RaftClientReply:client-821285EC2D67->9fa9a271-7bed-4435-b477-86c6ed0ece08@group-0E07FAD1B91E, cid=821, SUCCESS, logIndex=1083, commits[9fa9a271-7bed-4435-b477-86c6ed0ece08:c1083, 06c1a879-4ae3-48dc-9686-b55cde066000:c1081, 67fae1a7-3cbe-4338-9d41-57e84498288b:c1081]
2019-07-10 10:27:22,229 INFO  client.GrpcClientProtocolClient (GrpcClientProtocolClient.java:onNext(255)) - client-821285EC2D67->9fa9a271-7bed-4435-b477-86c6ed0ece08: receive RaftClientReply:client-821285EC2D67->9fa9a271-7bed-4435-b477-86c6ed0ece08@group-0E07FAD1B91E, cid=822, SUCCESS, logIndex=1086, commits[9fa9a271-7bed-4435-b477-86c6ed0ece08:c1087, 06c1a879-4ae3-48dc-9686-b55cde066000:c1083, 67fae1a7-3cbe-4338-9d41-57e84498288b:c1082]
2019-07-10 10:27:22,229 INFO  client.GrpcClientProtocolClient (GrpcClientProtocolClient.java:onNext(255)) - client-821285EC2D67->9fa9a271-7bed-4435-b477-86c6ed0ece08: receive RaftClientReply:client-821285EC2D67->9fa9a271-7bed-4435-b477-86c6ed0ece08@group-0E07FAD1B91E, cid=823, SUCCESS, logIndex=1087, commits[9fa9a271-7bed-4435-b477-86c6ed0ece08:c1087, 06c1a879-4ae3-48dc-9686-b55cde066000:c1083, 67fae1a7-3cbe-4338-9d41-57e84498288b:c1082]
2019-07-10 10:27:22,230 INFO  client.GrpcClientProtocolClient (GrpcClientProtocolClient.java:onNext(255)) - client-821285EC2D67->9fa9a271-7bed-4435-b477-86c6ed0ece08: receive RaftClientReply:client-821285EC2D67->9fa9a271-7bed-4435-b477-86c6ed0ece08@group-0E07FAD1B91E, cid=824, SUCCESS, logIndex=0, commits[9fa9a271-7bed-4435-b477-86c6ed0ece08:c1088, 06c1a879-4ae3-48dc-9686-b55cde066000:c1086, 67fae1a7-3cbe-4338-9d41-57e84498288b:c1083]
2019-07-10 10:27:22,232 INFO  client.GrpcClientProtocolClient (GrpcClientProtocolClient.java:onNext(255)) - client-821285EC2D67->9fa9a271-7bed-4435-b477-86c6ed0ece08: receive RaftClientReply:client-821285EC2D67->9fa9a271-7bed-4435-b477-86c6ed0ece08@group-0E07FAD1B91E, cid=825, SUCCESS, logIndex=0, commits[9fa9a271-7bed-4435-b477-86c6ed0ece08:c1089, 06c1a879-4ae3-48dc-9686-b55cde066000:c1087, 67fae1a7-3cbe-4338-9d41-57e84498288b:c1087]
2019-07-10 10:27:22,249 INFO  client.GrpcClientProtocolClient (GrpcClientProtocolClient.java:onNext(255)) - client-821285EC2D67->9fa9a271-7bed-4435-b477-86c6ed0ece08: receive RaftClientReply:client-821285EC2D67->9fa9a271-7bed-4435-b477-86c6ed0ece08@group-0E07FAD1B91E, cid=826, SUCCESS, logIndex=1090, commits[9fa9a271-7bed-4435-b477-86c6ed0ece08:c1091, 06c1a879-4ae3-48dc-9686-b55cde066000:c1089, 67fae1a7-3cbe-4338-9d41-57e84498288b:c1089]
2019-07-10 10:27:22,250 INFO  client.GrpcClientProtocolClient (GrpcClientProtocolClient.java:onNext(255)) - client-821285EC2D67->9fa9a271-7bed-4435-b477-86c6ed0ece08: receive RaftClientReply:client-821285EC2D67->9fa9a271-7bed-4435-b477-86c6ed0ece08@group-0E07FAD1B91E, cid=827, SUCCESS, logIndex=1091, commits[9fa9a271-7bed-4435-b477-86c6ed0ece08:c1091, 06c1a879-4ae3-48dc-9686-b55cde066000:c1089, 67fae1a7-3cbe-4338-9d41-57e84498288b:c1089]
2019-07-10 10:27:22,250 INFO  client.GrpcClientProtocolClient (GrpcClientProtocolClient.java:onNext(255)) - client-821285EC2D67->9fa9a271-7bed-4435-b477-86c6ed0ece08: receive RaftClientReply:client-821285EC2D67->9fa9a271-7bed-4435-b477-86c6ed0ece08@group-0E07FAD1B91E, cid=828, SUCCESS, logIndex=1092, commits[9fa9a271-7bed-4435-b477-86c6ed0ece08:c1093, 06c1a879-4ae3-48dc-9686-b55cde066000:c1089, 67fae1a7-3cbe-4338-9d41-57e84498288b:c1089]
2019-07-10 10:27:22,251 INFO  client.GrpcClientProtocolClient (GrpcClientProtocolClient.java:onNext(255)) - client-821285EC2D67->9fa9a271-7bed-4435-b477-86c6ed0ece08: receive RaftClientReply:client-821285EC2D67->9fa9a271-7bed-4435-b477-86c6ed0ece08@group-0E07FAD1B91E, cid=829, SUCCESS, logIndex=1093, commits[9fa9a271-7bed-4435-b477-86c6ed0ece08:c1093, 06c1a879-4ae3-48dc-9686-b55cde066000:c1089, 67fae1a7-3cbe-4338-9d41-57e84498288b:c1089]
2019-07-10 10:27:22,252 INFO  client.GrpcClientProtocolClient (GrpcClientProtocolClient.java:onNext(255)) - client-821285EC2D67->9fa9a271-7bed-4435-b477-86c6ed0ece08: receive RaftClientReply:client-821285EC2D67->9fa9a271-7bed-4435-b477-86c6ed0ece08@group-0E07FAD1B91E, cid=830, SUCCESS, logIndex=0, commits[9fa9a271-7bed-4435-b477-86c6ed0ece08:c1095, 06c1a879-4ae3-48dc-9686-b55cde066000:c1091, 67fae1a7-3cbe-4338-9d41-57e84498288b:c1091]
2019-07-10 10:27:22,363 INFO  client.GrpcClientProtocolClient (GrpcClientProtocolClient.java:onNext(255)) - client-821285EC2D67->9fa9a271-7bed-4435-b477-86c6ed0ece08: receive RaftClientReply:client-821285EC2D67->9fa9a271-7bed-4435-b477-86c6ed0ece08@group-0E07FAD1B91E, cid=831, SUCCESS, logIndex=1098, commits[9fa9a271-7bed-4435-b477-86c6ed0ece08:c1099, 06c1a879-4ae3-48dc-9686-b55cde066000:c1097, 67fae1a7-3cbe-4338-9d41-57e84498288b:c1097]
2019-07-10 10:27:22,364 INFO  client.GrpcClientProtocolClient (GrpcClientProtocolClient.java:onNext(255)) - client-821285EC2D67->9fa9a271-7bed-4435-b477-86c6ed0ece08: receive RaftClientReply:client-821285EC2D67->9fa9a271-7bed-4435-b477-86c6ed0ece08@group-0E07FAD1B91E, cid=832, SUCCESS, logIndex=1099, commits[9fa9a271-7bed-4435-b477-86c6ed0ece08:c1099, 06c1a879-4ae3-48dc-9686-b55cde066000:c1097, 67fae1a7-3cbe-4338-9d41-57e84498288b:c1097]
2019-07-10 10:27:22,381 INFO  client.GrpcClientProtocolClient (GrpcClientProtocolClient.java:onNext(255)) - client-821285EC2D67->9fa9a271-7bed-4435-b477-86c6ed0ece08: receive RaftClientReply:client-821285EC2D67->9fa9a271-7bed-4435-b477-86c6ed0ece08@group-0E07FAD1B91E, cid=833, SUCCESS, logIndex=1102, commits[9fa9a271-7bed-4435-b477-86c6ed0ece08:c1103, 06c1a879-4ae3-48dc-9686-b55cde066000:c1099, 67fae1a7-3cbe-4338-9d41-57e84498288b:c1099]
2019-07-10 10:27:22,381 INFO  client.GrpcClientProtocolClient (GrpcClientProtocolClient.java:onNext(255)) - client-821285EC2D67->9fa9a271-7bed-4435-b477-86c6ed0ece08: receive RaftClientReply:client-821285EC2D67->9fa9a271-7bed-4435-b477-86c6ed0ece08@group-0E07FAD1B91E, cid=834, SUCCESS, logIndex=1103, commits[9fa9a271-7bed-4435-b477-86c6ed0ece08:c1103, 06c1a879-4ae3-48dc-9686-b55cde066000:c1099, 67fae1a7-3cbe-4338-9d41-57e84498288b:c1099]
2019-07-10 10:27:22,384 INFO  client.GrpcClientProtocolClient (GrpcClientProtocolClient.java:onNext(255)) - client-821285EC2D67->9fa9a271-7bed-4435-b477-86c6ed0ece08: receive RaftClientReply:client-821285EC2D67->9fa9a271-7bed-4435-b477-86c6ed0ece08@group-0E07FAD1B91E, cid=835, SUCCESS, logIndex=0, commits[9fa9a271-7bed-4435-b477-86c6ed0ece08:c1105, 06c1a879-4ae3-48dc-9686-b55cde066000:c1103, 67fae1a7-3cbe-4338-9d41-57e84498288b:c1103]
2019-07-10 10:27:22,402 INFO  client.GrpcClientProtocolClient (GrpcClientProtocolClient.java:onNext(255)) - client-821285EC2D67->9fa9a271-7bed-4435-b477-86c6ed0ece08: receive RaftClientReply:client-821285EC2D67->9fa9a271-7bed-4435-b477-86c6ed0ece08@group-0E07FAD1B91E, cid=836, SUCCESS, logIndex=1106, commits[9fa9a271-7bed-4435-b477-86c6ed0ece08:c1107, 06c1a879-4ae3-48dc-9686-b55cde066000:c1105, 67fae1a7-3cbe-4338-9d41-57e84498288b:c1105]
2019-07-10 10:27:22,403 INFO  client.GrpcClientProtocolClient (GrpcClientProtocolClient.java:onNext(255)) - client-821285EC2D67->9fa9a271-7bed-4435-b477-86c6ed0ece08: receive RaftClientReply:client-821285EC2D67->9fa9a271-7bed-4435-b477-86c6ed0ece08@group-0E07FAD1B91E, cid=837, SUCCESS, logIndex=1107, commits[9fa9a271-7bed-4435-b477-86c6ed0ece08:c1107, 06c1a879-4ae3-48dc-9686-b55cde066000:c1105, 67fae1a7-3cbe-4338-9d41-57e84498288b:c1105]
2019-07-10 10:27:22,404 INFO  client.GrpcClientProtocolClient (GrpcClientProtocolClient.java:onNext(255)) - client-821285EC2D67->9fa9a271-7bed-4435-b477-86c6ed0ece08: receive RaftClientReply:client-821285EC2D67->9fa9a271-7bed-4435-b477-86c6ed0ece08@group-0E07FAD1B91E, cid=838, SUCCESS, logIndex=1108, commits[9fa9a271-7bed-4435-b477-86c6ed0ece08:c1109, 06c1a879-4ae3-48dc-9686-b55cde066000:c1105, 67fae1a7-3cbe-4338-9d41-57e84498288b:c1105]
2019-07-10 10:27:22,404 INFO  client.GrpcClientProtocolClient (GrpcClientProtocolClient.java:onNext(255)) - client-821285EC2D67->9fa9a271-7bed-4435-b477-86c6ed0ece08: receive RaftClientReply:client-821285EC2D67->9fa9a271-7bed-4435-b477-86c6ed0ece08@group-0E07FAD1B91E, cid=839, SUCCESS, logIndex=1109, commits[9fa9a271-7bed-4435-b477-86c6ed0ece08:c1109, 06c1a879-4ae3-48dc-9686-b55cde066000:c1105, 67fae1a7-3cbe-4338-9d41-57e84498288b:c1105]
2019-07-10 10:27:22,406 INFO  client.GrpcClientProtocolClient (GrpcClientProtocolClient.java:onNext(255)) - client-821285EC2D67->9fa9a271-7bed-4435-b477-86c6ed0ece08: receive RaftClientReply:client-821285EC2D67->9fa9a271-7bed-4435-b477-86c6ed0ece08@group-0E07FAD1B91E, cid=840, SUCCESS, logIndex=0, commits[9fa9a271-7bed-4435-b477-86c6ed0ece08:c1111, 06c1a879-4ae3-48dc-9686-b55cde066000:c1107, 67fae1a7-3cbe-4338-9d41-57e84498288b:c1107]
2019-07-10 10:27:22,425 INFO  client.GrpcClientProtocolClient (GrpcClientProtocolClient.java:onNext(255)) - client-821285EC2D67->9fa9a271-7bed-4435-b477-86c6ed0ece08: receive RaftClientReply:client-821285EC2D67->9fa9a271-7bed-4435-b477-86c6ed0ece08@group-0E07FAD1B91E, cid=841, SUCCESS, logIndex=1114, commits[9fa9a271-7bed-4435-b477-86c6ed0ece08:c1115, 06c1a879-4ae3-48dc-9686-b55cde066000:c1113, 67fae1a7-3cbe-4338-9d41-57e84498288b:c1113]
2019-07-10 10:27:22,425 INFO  client.GrpcClientProtocolClient (GrpcClientProtocolClient.java:onNext(255)) - client-821285EC2D67->9fa9a271-7bed-4435-b477-86c6ed0ece08: receive RaftClientReply:client-821285EC2D67->9fa9a271-7bed-4435-b477-86c6ed0ece08@group-0E07FAD1B91E, cid=842, SUCCESS, logIndex=1115, commits[9fa9a271-7bed-4435-b477-86c6ed0ece08:c1115, 06c1a879-4ae3-48dc-9686-b55cde066000:c1113, 67fae1a7-3cbe-4338-9d41-57e84498288b:c1113]
2019-07-10 10:27:22,447 INFO  client.GrpcClientProtocolClient (GrpcClientProtocolClient.java:onNext(255)) - client-821285EC2D67->9fa9a271-7bed-4435-b477-86c6ed0ece08: receive RaftClientReply:client-821285EC2D67->9fa9a271-7bed-4435-b477-86c6ed0ece08@group-0E07FAD1B91E, cid=843, SUCCESS, logIndex=1118, commits[9fa9a271-7bed-4435-b477-86c6ed0ece08:c1119, 06c1a879-4ae3-48dc-9686-b55cde066000:c1115, 67fae1a7-3cbe-4338-9d41-57e84498288b:c1115]
2019-07-10 10:27:22,447 INFO  client.GrpcClientProtocolClient (GrpcClientProtocolClient.java:onNext(255)) - client-821285EC2D67->9fa9a271-7bed-4435-b477-86c6ed0ece08: receive RaftClientReply:client-821285EC2D67->9fa9a271-7bed-4435-b477-86c6ed0ece08@group-0E07FAD1B91E, cid=844, SUCCESS, logIndex=1119, commits[9fa9a271-7bed-4435-b477-86c6ed0ece08:c1119, 06c1a879-4ae3-48dc-9686-b55cde066000:c1115, 67fae1a7-3cbe-4338-9d41-57e84498288b:c1115]
2019-07-10 10:27:22,449 INFO  client.GrpcClientProtocolClient (GrpcClientProtocolClient.java:onNext(255)) - client-821285EC2D67->9fa9a271-7bed-4435-b477-86c6ed0ece08: receive RaftClientReply:client-821285EC2D67->9fa9a271-7bed-4435-b477-86c6ed0ece08@group-0E07FAD1B91E, cid=845, SUCCESS, logIndex=0, commits[9fa9a271-7bed-4435-b477-86c6ed0ece08:c1120, 06c1a879-4ae3-48dc-9686-b55cde066000:c1119, 67fae1a7-3cbe-4338-9d41-57e84498288b:c1119]
2019-07-10 10:27:22,462 INFO  client.GrpcClientProtocolClient (GrpcClientProtocolClient.java:onNext(255)) - client-821285EC2D67->9fa9a271-7bed-4435-b477-86c6ed0ece08: receive RaftClientReply:client-821285EC2D67->9fa9a271-7bed-4435-b477-86c6ed0ece08@group-0E07FAD1B91E, cid=846, SUCCESS, logIndex=1122, commits[9fa9a271-7bed-4435-b477-86c6ed0ece08:c1123, 06c1a879-4ae3-48dc-9686-b55cde066000:c1121, 67fae1a7-3cbe-4338-9d41-57e84498288b:c1119]
2019-07-10 10:27:22,463 INFO  client.GrpcClientProtocolClient (GrpcClientProtocolClient.java:onNext(255)) - client-821285EC2D67->9fa9a271-7bed-4435-b477-86c6ed0ece08: receive RaftClientReply:client-821285EC2D67->9fa9a271-7bed-4435-b477-86c6ed0ece08@group-0E07FAD1B91E, cid=847, SUCCESS, logIndex=1123, commits[9fa9a271-7bed-4435-b477-86c6ed0ece08:c1123, 06c1a879-4ae3-48dc-9686-b55cde066000:c1121, 67fae1a7-3cbe-4338-9d41-57e84498288b:c1121]
2019-07-10 10:27:22,465 INFO  client.GrpcClientProtocolClient (GrpcClientProtocolClient.java:onNext(255)) - client-821285EC2D67->9fa9a271-7bed-4435-b477-86c6ed0ece08: receive RaftClientReply:client-821285EC2D67->9fa9a271-7bed-4435-b477-86c6ed0ece08@group-0E07FAD1B91E, cid=848, SUCCESS, logIndex=1124, commits[9fa9a271-7bed-4435-b477-86c6ed0ece08:c1125, 06c1a879-4ae3-48dc-9686-b55cde066000:c1121, 67fae1a7-3cbe-4338-9d41-57e84498288b:c1121]
2019-07-10 10:27:22,465 INFO  client.GrpcClientProtocolClient (GrpcClientProtocolClient.java:onNext(255)) - client-821285EC2D67->9fa9a271-7bed-4435-b477-86c6ed0ece08: receive RaftClientReply:client-821285EC2D67->9fa9a271-7bed-4435-b477-86c6ed0ece08@group-0E07FAD1B91E, cid=849, SUCCESS, logIndex=1125, commits[9fa9a271-7bed-4435-b477-86c6ed0ece08:c1127, 06c1a879-4ae3-48dc-9686-b55cde066000:c1123, 67fae1a7-3cbe-4338-9d41-57e84498288b:c1123]
2019-07-10 10:27:22,476 INFO  client.GrpcClientProtocolClient (GrpcClientProtocolClient.java:onNext(255)) - client-821285EC2D67->9fa9a271-7bed-4435-b477-86c6ed0ece08: receive RaftClientReply:client-821285EC2D67->9fa9a271-7bed-4435-b477-86c6ed0ece08@group-0E07FAD1B91E, cid=850, SUCCESS, logIndex=1130, commits[9fa9a271-7bed-4435-b477-86c6ed0ece08:c1131, 06c1a879-4ae3-48dc-9686-b55cde066000:c1124, 67fae1a7-3cbe-4338-9d41-57e84498288b:c1127]
2019-07-10 10:27:22,477 INFO  client.GrpcClientProtocolClient (GrpcClientProtocolClient.java:onNext(255)) - client-821285EC2D67->9fa9a271-7bed-4435-b477-86c6ed0ece08: receive RaftClientReply:client-821285EC2D67->9fa9a271-7bed-4435-b477-86c6ed0ece08@group-0E07FAD1B91E, cid=851, SUCCESS, logIndex=1131, commits[9fa9a271-7bed-4435-b477-86c6ed0ece08:c1131, 06c1a879-4ae3-48dc-9686-b55cde066000:c1124, 67fae1a7-3cbe-4338-9d41-57e84498288b:c1127]
2019-07-10 10:27:22,488 INFO  client.GrpcClientProtocolClient (GrpcClientProtocolClient.java:onNext(255)) - client-821285EC2D67->9fa9a271-7bed-4435-b477-86c6ed0ece08: receive RaftClientReply:client-821285EC2D67->9fa9a271-7bed-4435-b477-86c6ed0ece08@group-0E07FAD1B91E, cid=852, SUCCESS, logIndex=0, commits[9fa9a271-7bed-4435-b477-86c6ed0ece08:c1131, 06c1a879-4ae3-48dc-9686-b55cde066000:c1125, 67fae1a7-3cbe-4338-9d41-57e84498288b:c1127]
2019-07-10 10:27:22,499 INFO  client.GrpcClientProtocolClient (GrpcClientProtocolClient.java:onNext(255)) - client-821285EC2D67->9fa9a271-7bed-4435-b477-86c6ed0ece08: receive RaftClientReply:client-821285EC2D67->9fa9a271-7bed-4435-b477-86c6ed0ece08@group-0E07FAD1B91E, cid=853, SUCCESS, logIndex=1134, commits[9fa9a271-7bed-4435-b477-86c6ed0ece08:c1135, 06c1a879-4ae3-48dc-9686-b55cde066000:c1131, 67fae1a7-3cbe-4338-9d41-57e84498288b:c1133]
2019-07-10 10:27:22,500 INFO  client.GrpcClientProtocolClient (GrpcClientProtocolClient.java:onNext(255)) - client-821285EC2D67->9fa9a271-7bed-4435-b477-86c6ed0ece08: receive RaftClientReply:client-821285EC2D67->9fa9a271-7bed-4435-b477-86c6ed0ece08@group-0E07FAD1B91E, cid=854, SUCCESS, logIndex=1135, commits[9fa9a271-7bed-4435-b477-86c6ed0ece08:c1135, 06c1a879-4ae3-48dc-9686-b55cde066000:c1133, 67fae1a7-3cbe-4338-9d41-57e84498288b:c1133]
2019-07-10 10:27:22,501 INFO  client.GrpcClientProtocolClient (GrpcClientProtocolClient.java:onNext(255)) - client-821285EC2D67->9fa9a271-7bed-4435-b477-86c6ed0ece08: receive RaftClientReply:client-821285EC2D67->9fa9a271-7bed-4435-b477-86c6ed0ece08@group-0E07FAD1B91E, cid=855, SUCCESS, logIndex=0, commits[9fa9a271-7bed-4435-b477-86c6ed0ece08:c1136, 06c1a879-4ae3-48dc-9686-b55cde066000:c1135, 67fae1a7-3cbe-4338-9d41-57e84498288b:c1135]
2019-07-10 10:27:22,521 INFO  client.GrpcClientProtocolClient (GrpcClientProtocolClient.java:onNext(255)) - client-821285EC2D67->9fa9a271-7bed-4435-b477-86c6ed0ece08: receive RaftClientReply:client-821285EC2D67->9fa9a271-7bed-4435-b477-86c6ed0ece08@group-0E07FAD1B91E, cid=856, SUCCESS, logIndex=1138, commits[9fa9a271-7bed-4435-b477-86c6ed0ece08:c1139, 06c1a879-4ae3-48dc-9686-b55cde066000:c1137, 67fae1a7-3cbe-4338-9d41-57e84498288b:c1137]
2019-07-10 10:27:22,522 INFO  client.GrpcClientProtocolClient (GrpcClientProtocolClient.java:onNext(255)) - client-821285EC2D67->9fa9a271-7bed-4435-b477-86c6ed0ece08: receive RaftClientReply:client-821285EC2D67->9fa9a271-7bed-4435-b477-86c6ed0ece08@group-0E07FAD1B91E, cid=857, SUCCESS, logIndex=1139, commits[9fa9a271-7bed-4435-b477-86c6ed0ece08:c1139, 06c1a879-4ae3-48dc-9686-b55cde066000:c1137, 67fae1a7-3cbe-4338-9d41-57e84498288b:c1137]
2019-07-10 10:27:22,522 INFO  client.GrpcClientProtocolClient (GrpcClientProtocolClient.java:onNext(255)) - client-821285EC2D67->9fa9a271-7bed-4435-b477-86c6ed0ece08: receive RaftClientReply:client-821285EC2D67->9fa9a271-7bed-4435-b477-86c6ed0ece08@group-0E07FAD1B91E, cid=858, SUCCESS, logIndex=1140, commits[9fa9a271-7bed-4435-b477-86c6ed0ece08:c1140, 06c1a879-4ae3-48dc-9686-b55cde066000:c1137, 67fae1a7-3cbe-4338-9d41-57e84498288b:c1137]
2019-07-10 10:27:22,522 INFO  client.GrpcClientProtocolClient (GrpcClientProtocolClient.java:onNext(255)) - client-821285EC2D67->9fa9a271-7bed-4435-b477-86c6ed0ece08: receive RaftClientReply:client-821285EC2D67->9fa9a271-7bed-4435-b477-86c6ed0ece08@group-0E07FAD1B91E, cid=859, SUCCESS, logIndex=1141, commits[9fa9a271-7bed-4435-b477-86c6ed0ece08:c1141, 06c1a879-4ae3-48dc-9686-b55cde066000:c1137, 67fae1a7-3cbe-4338-9d41-57e84498288b:c1137]
2019-07-10 10:27:22,524 INFO  client.GrpcClientProtocolClient (GrpcClientProtocolClient.java:onNext(255)) - client-821285EC2D67->9fa9a271-7bed-4435-b477-86c6ed0ece08: receive RaftClientReply:client-821285EC2D67->9fa9a271-7bed-4435-b477-86c6ed0ece08@group-0E07FAD1B91E, cid=860, SUCCESS, logIndex=0, commits[9fa9a271-7bed-4435-b477-86c6ed0ece08:c1143, 06c1a879-4ae3-48dc-9686-b55cde066000:c1139, 67fae1a7-3cbe-4338-9d41-57e84498288b:c1139]
2019-07-10 10:27:22,543 INFO  client.GrpcClientProtocolClient (GrpcClientProtocolClient.java:onNext(255)) - client-821285EC2D67->9fa9a271-7bed-4435-b477-86c6ed0ece08: receive RaftClientReply:client-821285EC2D67->9fa9a271-7bed-4435-b477-86c6ed0ece08@group-0E07FAD1B91E, cid=861, SUCCESS, logIndex=1146, commits[9fa9a271-7bed-4435-b477-86c6ed0ece08:c1147, 06c1a879-4ae3-48dc-9686-b55cde066000:c1145, 67fae1a7-3cbe-4338-9d41-57e84498288b:c1145]
2019-07-10 10:27:22,544 INFO  client.GrpcClientProtocolClient (GrpcClientProtocolClient.java:onNext(255)) - client-821285EC2D67->9fa9a271-7bed-4435-b477-86c6ed0ece08: receive RaftClientReply:client-821285EC2D67->9fa9a271-7bed-4435-b477-86c6ed0ece08@group-0E07FAD1B91E, cid=862, SUCCESS, logIndex=1147, commits[9fa9a271-7bed-4435-b477-86c6ed0ece08:c1147, 06c1a879-4ae3-48dc-9686-b55cde066000:c1145, 67fae1a7-3cbe-4338-9d41-57e84498288b:c1145]
2019-07-10 10:27:22,556 INFO  client.GrpcClientProtocolClient (GrpcClientProtocolClient.java:onNext(255)) - client-821285EC2D67->9fa9a271-7bed-4435-b477-86c6ed0ece08: receive RaftClientReply:client-821285EC2D67->9fa9a271-7bed-4435-b477-86c6ed0ece08@group-0E07FAD1B91E, cid=863, SUCCESS, logIndex=1150, commits[9fa9a271-7bed-4435-b477-86c6ed0ece08:c1151, 06c1a879-4ae3-48dc-9686-b55cde066000:c1147, 67fae1a7-3cbe-4338-9d41-57e84498288b:c1147]
2019-07-10 10:27:22,557 INFO  client.GrpcClientProtocolClient (GrpcClientProtocolClient.java:onNext(255)) - client-821285EC2D67->9fa9a271-7bed-4435-b477-86c6ed0ece08: receive RaftClientReply:client-821285EC2D67->9fa9a271-7bed-4435-b477-86c6ed0ece08@group-0E07FAD1B91E, cid=864, SUCCESS, logIndex=1151, commits[9fa9a271-7bed-4435-b477-86c6ed0ece08:c1151, 06c1a879-4ae3-48dc-9686-b55cde066000:c1147, 67fae1a7-3cbe-4338-9d41-57e84498288b:c1147]
2019-07-10 10:27:22,558 INFO  client.GrpcClientProtocolClient (GrpcClientProtocolClient.java:onNext(255)) - client-821285EC2D67->9fa9a271-7bed-4435-b477-86c6ed0ece08: receive RaftClientReply:client-821285EC2D67->9fa9a271-7bed-4435-b477-86c6ed0ece08@group-0E07FAD1B91E, cid=865, SUCCESS, logIndex=0, commits[9fa9a271-7bed-4435-b477-86c6ed0ece08:c1152, 06c1a879-4ae3-48dc-9686-b55cde066000:c1151, 67fae1a7-3cbe-4338-9d41-57e84498288b:c1151]
2019-07-10 10:27:22,580 INFO  client.GrpcClientProtocolClient (GrpcClientProtocolClient.java:onNext(255)) - client-821285EC2D67->9fa9a271-7bed-4435-b477-86c6ed0ece08: receive RaftClientReply:client-821285EC2D67->9fa9a271-7bed-4435-b477-86c6ed0ece08@group-0E07FAD1B91E, cid=866, SUCCESS, logIndex=1154, commits[9fa9a271-7bed-4435-b477-86c6ed0ece08:c1155, 06c1a879-4ae3-48dc-9686-b55cde066000:c1153, 67fae1a7-3cbe-4338-9d41-57e84498288b:c1153]
2019-07-10 10:27:22,581 INFO  client.GrpcClientProtocolClient (GrpcClientProtocolClient.java:onNext(255)) - client-821285EC2D67->9fa9a271-7bed-4435-b477-86c6ed0ece08: receive RaftClientReply:client-821285EC2D67->9fa9a271-7bed-4435-b477-86c6ed0ece08@group-0E07FAD1B91E, cid=867, SUCCESS, logIndex=1155, commits[9fa9a271-7bed-4435-b477-86c6ed0ece08:c1155, 06c1a879-4ae3-48dc-9686-b55cde066000:c1153, 67fae1a7-3cbe-4338-9d41-57e84498288b:c1153]
2019-07-10 10:27:22,582 INFO  client.GrpcClientProtocolClient (GrpcClientProtocolClient.java:onNext(255)) - client-821285EC2D67->9fa9a271-7bed-4435-b477-86c6ed0ece08: receive RaftClientReply:client-821285EC2D67->9fa9a271-7bed-4435-b477-86c6ed0ece08@group-0E07FAD1B91E, cid=868, SUCCESS, logIndex=1156, commits[9fa9a271-7bed-4435-b477-86c6ed0ece08:c1157, 06c1a879-4ae3-48dc-9686-b55cde066000:c1153, 67fae1a7-3cbe-4338-9d41-57e84498288b:c1153]
2019-07-10 10:27:22,582 INFO  client.GrpcClientProtocolClient (GrpcClientProtocolClient.java:onNext(255)) - client-821285EC2D67->9fa9a271-7bed-4435-b477-86c6ed0ece08: receive RaftClientReply:client-821285EC2D67->9fa9a271-7bed-4435-b477-86c6ed0ece08@group-0E07FAD1B91E, cid=869, SUCCESS, logIndex=1157, commits[9fa9a271-7bed-4435-b477-86c6ed0ece08:c1157, 06c1a879-4ae3-48dc-9686-b55cde066000:c1153, 67fae1a7-3cbe-4338-9d41-57e84498288b:c1153]
2019-07-10 10:27:22,583 INFO  client.GrpcClientProtocolClient (GrpcClientProtocolClient.java:onNext(255)) - client-821285EC2D67->9fa9a271-7bed-4435-b477-86c6ed0ece08: receive RaftClientReply:client-821285EC2D67->9fa9a271-7bed-4435-b477-86c6ed0ece08@group-0E07FAD1B91E, cid=870, SUCCESS, logIndex=0, commits[9fa9a271-7bed-4435-b477-86c6ed0ece08:c1160, 06c1a879-4ae3-48dc-9686-b55cde066000:c1155, 67fae1a7-3cbe-4338-9d41-57e84498288b:c1156]
2019-07-10 10:27:22,602 INFO  client.GrpcClientProtocolClient (GrpcClientProtocolClient.java:onNext(255)) - client-821285EC2D67->9fa9a271-7bed-4435-b477-86c6ed0ece08: receive RaftClientReply:client-821285EC2D67->9fa9a271-7bed-4435-b477-86c6ed0ece08@group-0E07FAD1B91E, cid=871, SUCCESS, logIndex=1162, commits[9fa9a271-7bed-4435-b477-86c6ed0ece08:c1163, 06c1a879-4ae3-48dc-9686-b55cde066000:c1161, 67fae1a7-3cbe-4338-9d41-57e84498288b:c1161]
2019-07-10 10:27:22,603 INFO  client.GrpcClientProtocolClient (GrpcClientProtocolClient.java:onNext(255)) - client-821285EC2D67->9fa9a271-7bed-4435-b477-86c6ed0ece08: receive RaftClientReply:client-821285EC2D67->9fa9a271-7bed-4435-b477-86c6ed0ece08@group-0E07FAD1B91E, cid=872, SUCCESS, logIndex=1163, commits[9fa9a271-7bed-4435-b477-86c6ed0ece08:c1163, 06c1a879-4ae3-48dc-9686-b55cde066000:c1161, 67fae1a7-3cbe-4338-9d41-57e84498288b:c1161]
2019-07-10 10:27:22,624 INFO  client.GrpcClientProtocolClient (GrpcClientProtocolClient.java:onNext(255)) - client-821285EC2D67->9fa9a271-7bed-4435-b477-86c6ed0ece08: receive RaftClientReply:client-821285EC2D67->9fa9a271-7bed-4435-b477-86c6ed0ece08@group-0E07FAD1B91E, cid=873, SUCCESS, logIndex=1166, commits[9fa9a271-7bed-4435-b477-86c6ed0ece08:c1167, 06c1a879-4ae3-48dc-9686-b55cde066000:c1165, 67fae1a7-3cbe-4338-9d41-57e84498288b:c1165]
2019-07-10 10:27:22,624 INFO  client.GrpcClientProtocolClient (GrpcClientProtocolClient.java:onNext(255)) - client-821285EC2D67->9fa9a271-7bed-4435-b477-86c6ed0ece08: receive RaftClientReply:client-821285EC2D67->9fa9a271-7bed-4435-b477-86c6ed0ece08@group-0E07FAD1B91E, cid=874, SUCCESS, logIndex=1167, commits[9fa9a271-7bed-4435-b477-86c6ed0ece08:c1167, 06c1a879-4ae3-48dc-9686-b55cde066000:c1165, 67fae1a7-3cbe-4338-9d41-57e84498288b:c1165]
2019-07-10 10:27:22,634 INFO  client.GrpcClientProtocolClient (GrpcClientProtocolClient.java:onNext(255)) - client-821285EC2D67->9fa9a271-7bed-4435-b477-86c6ed0ece08: receive RaftClientReply:client-821285EC2D67->9fa9a271-7bed-4435-b477-86c6ed0ece08@group-0E07FAD1B91E, cid=875, SUCCESS, logIndex=0, commits[9fa9a271-7bed-4435-b477-86c6ed0ece08:c1168, 06c1a879-4ae3-48dc-9686-b55cde066000:c1167, 67fae1a7-3cbe-4338-9d41-57e84498288b:c1167]
2019-07-10 10:27:22,654 INFO  client.GrpcClientProtocolClient (GrpcClientProtocolClient.java:onNext(255)) - client-821285EC2D67->9fa9a271-7bed-4435-b477-86c6ed0ece08: receive RaftClientReply:client-821285EC2D67->9fa9a271-7bed-4435-b477-86c6ed0ece08@group-0E07FAD1B91E, cid=876, SUCCESS, logIndex=1170, commits[9fa9a271-7bed-4435-b477-86c6ed0ece08:c1171, 06c1a879-4ae3-48dc-9686-b55cde066000:c1169, 67fae1a7-3cbe-4338-9d41-57e84498288b:c1169]
2019-07-10 10:27:22,655 INFO  client.GrpcClientProtocolClient (GrpcClientProtocolClient.java:onNext(255)) - client-821285EC2D67->9fa9a271-7bed-4435-b477-86c6ed0ece08: receive RaftClientReply:client-821285EC2D67->9fa9a271-7bed-4435-b477-86c6ed0ece08@group-0E07FAD1B91E, cid=877, SUCCESS, logIndex=1171, commits[9fa9a271-7bed-4435-b477-86c6ed0ece08:c1171, 06c1a879-4ae3-48dc-9686-b55cde066000:c1169, 67fae1a7-3cbe-4338-9d41-57e84498288b:c1169]
2019-07-10 10:27:22,655 INFO  client.GrpcClientProtocolClient (GrpcClientProtocolClient.java:onNext(255)) - client-821285EC2D67->9fa9a271-7bed-4435-b477-86c6ed0ece08: receive RaftClientReply:client-821285EC2D67->9fa9a271-7bed-4435-b477-86c6ed0ece08@group-0E07FAD1B91E, cid=878, SUCCESS, logIndex=1172, commits[9fa9a271-7bed-4435-b477-86c6ed0ece08:c1173, 06c1a879-4ae3-48dc-9686-b55cde066000:c1169, 67fae1a7-3cbe-4338-9d41-57e84498288b:c1169]
2019-07-10 10:27:22,656 INFO  client.GrpcClientProtocolClient (GrpcClientProtocolClient.java:onNext(255)) - client-821285EC2D67->9fa9a271-7bed-4435-b477-86c6ed0ece08: receive RaftClientReply:client-821285EC2D67->9fa9a271-7bed-4435-b477-86c6ed0ece08@group-0E07FAD1B91E, cid=879, SUCCESS, logIndex=1173, commits[9fa9a271-7bed-4435-b477-86c6ed0ece08:c1173, 06c1a879-4ae3-48dc-9686-b55cde066000:c1169, 67fae1a7-3cbe-4338-9d41-57e84498288b:c1169]
2019-07-10 10:27:22,657 INFO  client.GrpcClientProtocolClient (GrpcClientProtocolClient.java:onNext(255)) - client-821285EC2D67->9fa9a271-7bed-4435-b477-86c6ed0ece08: receive RaftClientReply:client-821285EC2D67->9fa9a271-7bed-4435-b477-86c6ed0ece08@group-0E07FAD1B91E, cid=880, SUCCESS, logIndex=0, commits[9fa9a271-7bed-4435-b477-86c6ed0ece08:c1175, 06c1a879-4ae3-48dc-9686-b55cde066000:c1171, 67fae1a7-3cbe-4338-9d41-57e84498288b:c1171]
2019-07-10 10:27:22,680 INFO  client.GrpcClientProtocolClient (GrpcClientProtocolClient.java:onNext(255)) - client-821285EC2D67->9fa9a271-7bed-4435-b477-86c6ed0ece08: receive RaftClientReply:client-821285EC2D67->9fa9a271-7bed-4435-b477-86c6ed0ece08@group-0E07FAD1B91E, cid=881, SUCCESS, logIndex=1178, commits[9fa9a271-7bed-4435-b477-86c6ed0ece08:c1179, 06c1a879-4ae3-48dc-9686-b55cde066000:c1177, 67fae1a7-3cbe-4338-9d41-57e84498288b:c1177]
2019-07-10 10:27:22,680 INFO  client.GrpcClientProtocolClient (GrpcClientProtocolClient.java:onNext(255)) - client-821285EC2D67->9fa9a271-7bed-4435-b477-86c6ed0ece08: receive RaftClientReply:client-821285EC2D67->9fa9a271-7bed-4435-b477-86c6ed0ece08@group-0E07FAD1B91E, cid=882, SUCCESS, logIndex=1179, commits[9fa9a271-7bed-4435-b477-86c6ed0ece08:c1179, 06c1a879-4ae3-48dc-9686-b55cde066000:c1177, 67fae1a7-3cbe-4338-9d41-57e84498288b:c1177]
2019-07-10 10:27:22,702 INFO  client.GrpcClientProtocolClient (GrpcClientProtocolClient.java:onNext(255)) - client-821285EC2D67->9fa9a271-7bed-4435-b477-86c6ed0ece08: receive RaftClientReply:client-821285EC2D67->9fa9a271-7bed-4435-b477-86c6ed0ece08@group-0E07FAD1B91E, cid=883, SUCCESS, logIndex=1182, commits[9fa9a271-7bed-4435-b477-86c6ed0ece08:c1183, 06c1a879-4ae3-48dc-9686-b55cde066000:c1179, 67fae1a7-3cbe-4338-9d41-57e84498288b:c1179]
2019-07-10 10:27:22,702 INFO  client.GrpcClientProtocolClient (GrpcClientProtocolClient.java:onNext(255)) - client-821285EC2D67->9fa9a271-7bed-4435-b477-86c6ed0ece08: receive RaftClientReply:client-821285EC2D67->9fa9a271-7bed-4435-b477-86c6ed0ece08@group-0E07FAD1B91E, cid=884, SUCCESS, logIndex=1183, commits[9fa9a271-7bed-4435-b477-86c6ed0ece08:c1183, 06c1a879-4ae3-48dc-9686-b55cde066000:c1179, 67fae1a7-3cbe-4338-9d41-57e84498288b:c1179]
2019-07-10 10:27:22,706 INFO  client.GrpcClientProtocolClient (GrpcClientProtocolClient.java:onNext(255)) - client-821285EC2D67->9fa9a271-7bed-4435-b477-86c6ed0ece08: receive RaftClientReply:client-821285EC2D67->9fa9a271-7bed-4435-b477-86c6ed0ece08@group-0E07FAD1B91E, cid=885, SUCCESS, logIndex=0, commits[9fa9a271-7bed-4435-b477-86c6ed0ece08:c1185, 06c1a879-4ae3-48dc-9686-b55cde066000:c1183, 67fae1a7-3cbe-4338-9d41-57e84498288b:c1183]
2019-07-10 10:27:22,727 INFO  client.GrpcClientProtocolClient (GrpcClientProtocolClient.java:onNext(255)) - client-821285EC2D67->9fa9a271-7bed-4435-b477-86c6ed0ece08: receive RaftClientReply:client-821285EC2D67->9fa9a271-7bed-4435-b477-86c6ed0ece08@group-0E07FAD1B91E, cid=886, SUCCESS, logIndex=1186, commits[9fa9a271-7bed-4435-b477-86c6ed0ece08:c1187, 06c1a879-4ae3-48dc-9686-b55cde066000:c1185, 67fae1a7-3cbe-4338-9d41-57e84498288b:c1183]
2019-07-10 10:27:22,728 INFO  client.GrpcClientProtocolClient (GrpcClientProtocolClient.java:onNext(255)) - client-821285EC2D67->9fa9a271-7bed-4435-b477-86c6ed0ece08: receive RaftClientReply:client-821285EC2D67->9fa9a271-7bed-4435-b477-86c6ed0ece08@group-0E07FAD1B91E, cid=887, SUCCESS, logIndex=1187, commits[9fa9a271-7bed-4435-b477-86c6ed0ece08:c1187, 06c1a879-4ae3-48dc-9686-b55cde066000:c1185, 67fae1a7-3cbe-4338-9d41-57e84498288b:c1185]
2019-07-10 10:27:22,728 INFO  client.GrpcClientProtocolClient (GrpcClientProtocolClient.java:onNext(255)) - client-821285EC2D67->9fa9a271-7bed-4435-b477-86c6ed0ece08: receive RaftClientReply:client-821285EC2D67->9fa9a271-7bed-4435-b477-86c6ed0ece08@group-0E07FAD1B91E, cid=888, SUCCESS, logIndex=1188, commits[9fa9a271-7bed-4435-b477-86c6ed0ece08:c1188, 06c1a879-4ae3-48dc-9686-b55cde066000:c1185, 67fae1a7-3cbe-4338-9d41-57e84498288b:c1185]
2019-07-10 10:27:22,729 INFO  client.GrpcClientProtocolClient (GrpcClientProtocolClient.java:onNext(255)) - client-821285EC2D67->9fa9a271-7bed-4435-b477-86c6ed0ece08: receive RaftClientReply:client-821285EC2D67->9fa9a271-7bed-4435-b477-86c6ed0ece08@group-0E07FAD1B91E, cid=889, SUCCESS, logIndex=1189, commits[9fa9a271-7bed-4435-b477-86c6ed0ece08:c1189, 06c1a879-4ae3-48dc-9686-b55cde066000:c1185, 67fae1a7-3cbe-4338-9d41-57e84498288b:c1185]
2019-07-10 10:27:22,730 INFO  client.GrpcClientProtocolClient (GrpcClientProtocolClient.java:onNext(255)) - client-821285EC2D67->9fa9a271-7bed-4435-b477-86c6ed0ece08: receive RaftClientReply:client-821285EC2D67->9fa9a271-7bed-4435-b477-86c6ed0ece08@group-0E07FAD1B91E, cid=890, SUCCESS, logIndex=0, commits[9fa9a271-7bed-4435-b477-86c6ed0ece08:c1191, 06c1a879-4ae3-48dc-9686-b55cde066000:c1189, 67fae1a7-3cbe-4338-9d41-57e84498288b:c1187]
2019-07-10 10:27:22,750 INFO  client.GrpcClientProtocolClient (GrpcClientProtocolClient.java:onNext(255)) - client-821285EC2D67->9fa9a271-7bed-4435-b477-86c6ed0ece08: receive RaftClientReply:client-821285EC2D67->9fa9a271-7bed-4435-b477-86c6ed0ece08@group-0E07FAD1B91E, cid=891, SUCCESS, logIndex=1194, commits[9fa9a271-7bed-4435-b477-86c6ed0ece08:c1195, 06c1a879-4ae3-48dc-9686-b55cde066000:c1193, 67fae1a7-3cbe-4338-9d41-57e84498288b:c1193]
2019-07-10 10:27:22,750 INFO  client.GrpcClientProtocolClient (GrpcClientProtocolClient.java:onNext(255)) - client-821285EC2D67->9fa9a271-7bed-4435-b477-86c6ed0ece08: receive RaftClientReply:client-821285EC2D67->9fa9a271-7bed-4435-b477-86c6ed0ece08@group-0E07FAD1B91E, cid=892, SUCCESS, logIndex=1195, commits[9fa9a271-7bed-4435-b477-86c6ed0ece08:c1195, 06c1a879-4ae3-48dc-9686-b55cde066000:c1193, 67fae1a7-3cbe-4338-9d41-57e84498288b:c1193]
2019-07-10 10:27:22,772 INFO  client.GrpcClientProtocolClient (GrpcClientProtocolClient.java:onNext(255)) - client-821285EC2D67->9fa9a271-7bed-4435-b477-86c6ed0ece08: receive RaftClientReply:client-821285EC2D67->9fa9a271-7bed-4435-b477-86c6ed0ece08@group-0E07FAD1B91E, cid=893, SUCCESS, logIndex=1198, commits[9fa9a271-7bed-4435-b477-86c6ed0ece08:c1199, 06c1a879-4ae3-48dc-9686-b55cde066000:c1195, 67fae1a7-3cbe-4338-9d41-57e84498288b:c1195]
2019-07-10 10:27:22,772 INFO  client.GrpcClientProtocolClient (GrpcClientProtocolClient.java:onNext(255)) - client-821285EC2D67->9fa9a271-7bed-4435-b477-86c6ed0ece08: receive RaftClientReply:client-821285EC2D67->9fa9a271-7bed-4435-b477-86c6ed0ece08@group-0E07FAD1B91E, cid=894, SUCCESS, logIndex=1199, commits[9fa9a271-7bed-4435-b477-86c6ed0ece08:c1199, 06c1a879-4ae3-48dc-9686-b55cde066000:c1195, 67fae1a7-3cbe-4338-9d41-57e84498288b:c1195]
2019-07-10 10:27:22,774 INFO  client.GrpcClientProtocolClient (GrpcClientProtocolClient.java:onNext(255)) - client-821285EC2D67->9fa9a271-7bed-4435-b477-86c6ed0ece08: receive RaftClientReply:client-821285EC2D67->9fa9a271-7bed-4435-b477-86c6ed0ece08@group-0E07FAD1B91E, cid=895, SUCCESS, logIndex=0, commits[9fa9a271-7bed-4435-b477-86c6ed0ece08:c1200, 06c1a879-4ae3-48dc-9686-b55cde066000:c1199, 67fae1a7-3cbe-4338-9d41-57e84498288b:c1199]
2019-07-10 10:27:22,793 INFO  client.GrpcClientProtocolClient (GrpcClientProtocolClient.java:onNext(255)) - client-821285EC2D67->9fa9a271-7bed-4435-b477-86c6ed0ece08: receive RaftClientReply:client-821285EC2D67->9fa9a271-7bed-4435-b477-86c6ed0ece08@group-0E07FAD1B91E, cid=896, SUCCESS, logIndex=1202, commits[9fa9a271-7bed-4435-b477-86c6ed0ece08:c1203, 06c1a879-4ae3-48dc-9686-b55cde066000:c1201, 67fae1a7-3cbe-4338-9d41-57e84498288b:c1201]
2019-07-10 10:27:22,794 INFO  client.GrpcClientProtocolClient (GrpcClientProtocolClient.java:onNext(255)) - client-821285EC2D67->9fa9a271-7bed-4435-b477-86c6ed0ece08: receive RaftClientReply:client-821285EC2D67->9fa9a271-7bed-4435-b477-86c6ed0ece08@group-0E07FAD1B91E, cid=897, SUCCESS, logIndex=1203, commits[9fa9a271-7bed-4435-b477-86c6ed0ece08:c1203, 06c1a879-4ae3-48dc-9686-b55cde066000:c1201, 67fae1a7-3cbe-4338-9d41-57e84498288b:c1201]
2019-07-10 10:27:22,795 INFO  client.GrpcClientProtocolClient (GrpcClientProtocolClient.java:onNext(255)) - client-821285EC2D67->9fa9a271-7bed-4435-b477-86c6ed0ece08: receive RaftClientReply:client-821285EC2D67->9fa9a271-7bed-4435-b477-86c6ed0ece08@group-0E07FAD1B91E, cid=898, SUCCESS, logIndex=1204, commits[9fa9a271-7bed-4435-b477-86c6ed0ece08:c1205, 06c1a879-4ae3-48dc-9686-b55cde066000:c1201, 67fae1a7-3cbe-4338-9d41-57e84498288b:c1201]
2019-07-10 10:27:22,795 INFO  client.GrpcClientProtocolClient (GrpcClientProtocolClient.java:onNext(255)) - client-821285EC2D67->9fa9a271-7bed-4435-b477-86c6ed0ece08: receive RaftClientReply:client-821285EC2D67->9fa9a271-7bed-4435-b477-86c6ed0ece08@group-0E07FAD1B91E, cid=899, SUCCESS, logIndex=1205, commits[9fa9a271-7bed-4435-b477-86c6ed0ece08:c1205, 06c1a879-4ae3-48dc-9686-b55cde066000:c1201, 67fae1a7-3cbe-4338-9d41-57e84498288b:c1201]
2019-07-10 10:27:22,797 INFO  client.GrpcClientProtocolClient (GrpcClientProtocolClient.java:onNext(255)) - client-821285EC2D67->9fa9a271-7bed-4435-b477-86c6ed0ece08: receive RaftClientReply:client-821285EC2D67->9fa9a271-7bed-4435-b477-86c6ed0ece08@group-0E07FAD1B91E, cid=900, SUCCESS, logIndex=0, commits[9fa9a271-7bed-4435-b477-86c6ed0ece08:c1207, 06c1a879-4ae3-48dc-9686-b55cde066000:c1203, 67fae1a7-3cbe-4338-9d41-57e84498288b:c1205]
2019-07-10 10:27:22,817 INFO  client.GrpcClientProtocolClient (GrpcClientProtocolClient.java:onNext(255)) - client-821285EC2D67->9fa9a271-7bed-4435-b477-86c6ed0ece08: receive RaftClientReply:client-821285EC2D67->9fa9a271-7bed-4435-b477-86c6ed0ece08@group-0E07FAD1B91E, cid=901, SUCCESS, logIndex=1210, commits[9fa9a271-7bed-4435-b477-86c6ed0ece08:c1211, 06c1a879-4ae3-48dc-9686-b55cde066000:c1209, 67fae1a7-3cbe-4338-9d41-57e84498288b:c1209]
2019-07-10 10:27:22,817 INFO  client.GrpcClientProtocolClient (GrpcClientProtocolClient.java:onNext(255)) - client-821285EC2D67->9fa9a271-7bed-4435-b477-86c6ed0ece08: receive RaftClientReply:client-821285EC2D67->9fa9a271-7bed-4435-b477-86c6ed0ece08@group-0E07FAD1B91E, cid=902, SUCCESS, logIndex=1211, commits[9fa9a271-7bed-4435-b477-86c6ed0ece08:c1211, 06c1a879-4ae3-48dc-9686-b55cde066000:c1209, 67fae1a7-3cbe-4338-9d41-57e84498288b:c1209]
 0.00% |█                                                                                                    |  0/1 Time: 0:00:032019-07-10 10:27:22,961 INFO  client.GrpcClientProtocolClient (GrpcClientProtocolClient.java:onNext(255)) - client-821285EC2D67->9fa9a271-7bed-4435-b477-86c6ed0ece08: receive RaftClientReply:client-821285EC2D67->9fa9a271-7bed-4435-b477-86c6ed0ece08@group-0E07FAD1B91E, cid=903, SUCCESS, logIndex=1214, commits[9fa9a271-7bed-4435-b477-86c6ed0ece08:c1215, 06c1a879-4ae3-48dc-9686-b55cde066000:c1211, 67fae1a7-3cbe-4338-9d41-57e84498288b:c1211]
2019-07-10 10:27:22,962 INFO  client.GrpcClientProtocolClient (GrpcClientProtocolClient.java:onNext(255)) - client-821285EC2D67->9fa9a271-7bed-4435-b477-86c6ed0ece08: receive RaftClientReply:client-821285EC2D67->9fa9a271-7bed-4435-b477-86c6ed0ece08@group-0E07FAD1B91E, cid=904, SUCCESS, logIndex=1215, commits[9fa9a271-7bed-4435-b477-86c6ed0ece08:c1215, 06c1a879-4ae3-48dc-9686-b55cde066000:c1211, 67fae1a7-3cbe-4338-9d41-57e84498288b:c1211]
2019-07-10 10:27:22,964 INFO  client.GrpcClientProtocolClient (GrpcClientProtocolClient.java:onNext(255)) - client-821285EC2D67->9fa9a271-7bed-4435-b477-86c6ed0ece08: receive RaftClientReply:client-821285EC2D67->9fa9a271-7bed-4435-b477-86c6ed0ece08@group-0E07FAD1B91E, cid=905, SUCCESS, logIndex=0, commits[9fa9a271-7bed-4435-b477-86c6ed0ece08:c1216, 06c1a879-4ae3-48dc-9686-b55cde066000:c1215, 67fae1a7-3cbe-4338-9d41-57e84498288b:c1215]
2019-07-10 10:27:22,987 INFO  client.GrpcClientProtocolClient (GrpcClientProtocolClient.java:onNext(255)) - client-821285EC2D67->9fa9a271-7bed-4435-b477-86c6ed0ece08: receive RaftClientReply:client-821285EC2D67->9fa9a271-7bed-4435-b477-86c6ed0ece08@group-0E07FAD1B91E, cid=906, SUCCESS, logIndex=1218, commits[9fa9a271-7bed-4435-b477-86c6ed0ece08:c1219, 06c1a879-4ae3-48dc-9686-b55cde066000:c1217, 67fae1a7-3cbe-4338-9d41-57e84498288b:c1217]
2019-07-10 10:27:22,988 INFO  client.GrpcClientProtocolClient (GrpcClientProtocolClient.java:onNext(255)) - client-821285EC2D67->9fa9a271-7bed-4435-b477-86c6ed0ece08: receive RaftClientReply:client-821285EC2D67->9fa9a271-7bed-4435-b477-86c6ed0ece08@group-0E07FAD1B91E, cid=907, SUCCESS, logIndex=1219, commits[9fa9a271-7bed-4435-b477-86c6ed0ece08:c1219, 06c1a879-4ae3-48dc-9686-b55cde066000:c1217, 67fae1a7-3cbe-4338-9d41-57e84498288b:c1217]
2019-07-10 10:27:22,988 INFO  client.GrpcClientProtocolClient (GrpcClientProtocolClient.java:onNext(255)) - client-821285EC2D67->9fa9a271-7bed-4435-b477-86c6ed0ece08: receive RaftClientReply:client-821285EC2D67->9fa9a271-7bed-4435-b477-86c6ed0ece08@group-0E07FAD1B91E, cid=908, SUCCESS, logIndex=1220, commits[9fa9a271-7bed-4435-b477-86c6ed0ece08:c1220, 06c1a879-4ae3-48dc-9686-b55cde066000:c1217, 67fae1a7-3cbe-4338-9d41-57e84498288b:c1217]
2019-07-10 10:27:22,989 INFO  client.GrpcClientProtocolClient (GrpcClientProtocolClient.java:onNext(255)) - client-821285EC2D67->9fa9a271-7bed-4435-b477-86c6ed0ece08: receive RaftClientReply:client-821285EC2D67->9fa9a271-7bed-4435-b477-86c6ed0ece08@group-0E07FAD1B91E, cid=909, SUCCESS, logIndex=1221, commits[9fa9a271-7bed-4435-b477-86c6ed0ece08:c1221, 06c1a879-4ae3-48dc-9686-b55cde066000:c1217, 67fae1a7-3cbe-4338-9d41-57e84498288b:c1217]
2019-07-10 10:27:22,991 INFO  client.GrpcClientProtocolClient (GrpcClientProtocolClient.java:onNext(255)) - client-821285EC2D67->9fa9a271-7bed-4435-b477-86c6ed0ece08: receive RaftClientReply:client-821285EC2D67->9fa9a271-7bed-4435-b477-86c6ed0ece08@group-0E07FAD1B91E, cid=910, SUCCESS, logIndex=0, commits[9fa9a271-7bed-4435-b477-86c6ed0ece08:c1222, 06c1a879-4ae3-48dc-9686-b55cde066000:c1219, 67fae1a7-3cbe-4338-9d41-57e84498288b:c1219]
2019-07-10 10:27:23,011 INFO  client.GrpcClientProtocolClient (GrpcClientProtocolClient.java:onNext(255)) - client-821285EC2D67->9fa9a271-7bed-4435-b477-86c6ed0ece08: receive RaftClientReply:client-821285EC2D67->9fa9a271-7bed-4435-b477-86c6ed0ece08@group-0E07FAD1B91E, cid=911, SUCCESS, logIndex=1225, commits[9fa9a271-7bed-4435-b477-86c6ed0ece08:c1226, 06c1a879-4ae3-48dc-9686-b55cde066000:c1224, 67fae1a7-3cbe-4338-9d41-57e84498288b:c1224]
2019-07-10 10:27:23,011 INFO  client.GrpcClientProtocolClient (GrpcClientProtocolClient.java:onNext(255)) - client-821285EC2D67->9fa9a271-7bed-4435-b477-86c6ed0ece08: receive RaftClientReply:client-821285EC2D67->9fa9a271-7bed-4435-b477-86c6ed0ece08@group-0E07FAD1B91E, cid=912, SUCCESS, logIndex=1226, commits[9fa9a271-7bed-4435-b477-86c6ed0ece08:c1226, 06c1a879-4ae3-48dc-9686-b55cde066000:c1224, 67fae1a7-3cbe-4338-9d41-57e84498288b:c1224]
2019-07-10 10:27:23,033 INFO  client.GrpcClientProtocolClient (GrpcClientProtocolClient.java:onNext(255)) - client-821285EC2D67->9fa9a271-7bed-4435-b477-86c6ed0ece08: receive RaftClientReply:client-821285EC2D67->9fa9a271-7bed-4435-b477-86c6ed0ece08@group-0E07FAD1B91E, cid=913, SUCCESS, logIndex=1229, commits[9fa9a271-7bed-4435-b477-86c6ed0ece08:c1230, 06c1a879-4ae3-48dc-9686-b55cde066000:c1226, 67fae1a7-3cbe-4338-9d41-57e84498288b:c1226]
2019-07-10 10:27:23,034 INFO  client.GrpcClientProtocolClient (GrpcClientProtocolClient.java:onNext(255)) - client-821285EC2D67->9fa9a271-7bed-4435-b477-86c6ed0ece08: receive RaftClientReply:client-821285EC2D67->9fa9a271-7bed-4435-b477-86c6ed0ece08@group-0E07FAD1B91E, cid=914, SUCCESS, logIndex=1230, commits[9fa9a271-7bed-4435-b477-86c6ed0ece08:c1230, 06c1a879-4ae3-48dc-9686-b55cde066000:c1226, 67fae1a7-3cbe-4338-9d41-57e84498288b:c1226]
2019-07-10 10:27:23,035 INFO  client.GrpcClientProtocolClient (GrpcClientProtocolClient.java:onNext(255)) - client-821285EC2D67->9fa9a271-7bed-4435-b477-86c6ed0ece08: receive RaftClientReply:client-821285EC2D67->9fa9a271-7bed-4435-b477-86c6ed0ece08@group-0E07FAD1B91E, cid=915, SUCCESS, logIndex=0, commits[9fa9a271-7bed-4435-b477-86c6ed0ece08:c1231, 06c1a879-4ae3-48dc-9686-b55cde066000:c1230, 67fae1a7-3cbe-4338-9d41-57e84498288b:c1230]
2019-07-10 10:27:23,059 INFO  client.GrpcClientProtocolClient (GrpcClientProtocolClient.java:onNext(255)) - client-821285EC2D67->9fa9a271-7bed-4435-b477-86c6ed0ece08: receive RaftClientReply:client-821285EC2D67->9fa9a271-7bed-4435-b477-86c6ed0ece08@group-0E07FAD1B91E, cid=916, SUCCESS, logIndex=1233, commits[9fa9a271-7bed-4435-b477-86c6ed0ece08:c1234, 06c1a879-4ae3-48dc-9686-b55cde066000:c1232, 67fae1a7-3cbe-4338-9d41-57e84498288b:c1232]
2019-07-10 10:27:23,060 INFO  client.GrpcClientProtocolClient (GrpcClientProtocolClient.java:onNext(255)) - client-821285EC2D67->9fa9a271-7bed-4435-b477-86c6ed0ece08: receive RaftClientReply:client-821285EC2D67->9fa9a271-7bed-4435-b477-86c6ed0ece08@group-0E07FAD1B91E, cid=917, SUCCESS, logIndex=1234, commits[9fa9a271-7bed-4435-b477-86c6ed0ece08:c1234, 06c1a879-4ae3-48dc-9686-b55cde066000:c1232, 67fae1a7-3cbe-4338-9d41-57e84498288b:c1232]
2019-07-10 10:27:23,060 INFO  client.GrpcClientProtocolClient (GrpcClientProtocolClient.java:onNext(255)) - client-821285EC2D67->9fa9a271-7bed-4435-b477-86c6ed0ece08: receive RaftClientReply:client-821285EC2D67->9fa9a271-7bed-4435-b477-86c6ed0ece08@group-0E07FAD1B91E, cid=918, SUCCESS, logIndex=1235, commits[9fa9a271-7bed-4435-b477-86c6ed0ece08:c1236, 06c1a879-4ae3-48dc-9686-b55cde066000:c1232, 67fae1a7-3cbe-4338-9d41-57e84498288b:c1232]
2019-07-10 10:27:23,060 INFO  client.GrpcClientProtocolClient (GrpcClientProtocolClient.java:onNext(255)) - client-821285EC2D67->9fa9a271-7bed-4435-b477-86c6ed0ece08: receive RaftClientReply:client-821285EC2D67->9fa9a271-7bed-4435-b477-86c6ed0ece08@group-0E07FAD1B91E, cid=919, SUCCESS, logIndex=1236, commits[9fa9a271-7bed-4435-b477-86c6ed0ece08:c1236, 06c1a879-4ae3-48dc-9686-b55cde066000:c1232, 67fae1a7-3cbe-4338-9d41-57e84498288b:c1232]
2019-07-10 10:27:23,062 INFO  client.GrpcClientProtocolClient (GrpcClientProtocolClient.java:onNext(255)) - client-821285EC2D67->9fa9a271-7bed-4435-b477-86c6ed0ece08: receive RaftClientReply:client-821285EC2D67->9fa9a271-7bed-4435-b477-86c6ed0ece08@group-0E07FAD1B91E, cid=920, SUCCESS, logIndex=0, commits[9fa9a271-7bed-4435-b477-86c6ed0ece08:c1238, 06c1a879-4ae3-48dc-9686-b55cde066000:c1234, 67fae1a7-3cbe-4338-9d41-57e84498288b:c1234]
2019-07-10 10:27:23,076 INFO  client.GrpcClientProtocolClient (GrpcClientProtocolClient.java:onNext(255)) - client-821285EC2D67->9fa9a271-7bed-4435-b477-86c6ed0ece08: receive RaftClientReply:client-821285EC2D67->9fa9a271-7bed-4435-b477-86c6ed0ece08@group-0E07FAD1B91E, cid=921, SUCCESS, logIndex=1241, commits[9fa9a271-7bed-4435-b477-86c6ed0ece08:c1242, 06c1a879-4ae3-48dc-9686-b55cde066000:c1236, 67fae1a7-3cbe-4338-9d41-57e84498288b:c1240]
2019-07-10 10:27:23,076 INFO  client.GrpcClientProtocolClient (GrpcClientProtocolClient.java:onNext(255)) - client-821285EC2D67->9fa9a271-7bed-4435-b477-86c6ed0ece08: receive RaftClientReply:client-821285EC2D67->9fa9a271-7bed-4435-b477-86c6ed0ece08@group-0E07FAD1B91E, cid=922, SUCCESS, logIndex=1242, commits[9fa9a271-7bed-4435-b477-86c6ed0ece08:c1242, 06c1a879-4ae3-48dc-9686-b55cde066000:c1240, 67fae1a7-3cbe-4338-9d41-57e84498288b:c1240]
2019-07-10 10:27:23,089 INFO  client.GrpcClientProtocolClient (GrpcClientProtocolClient.java:onNext(255)) - client-821285EC2D67->9fa9a271-7bed-4435-b477-86c6ed0ece08: receive RaftClientReply:client-821285EC2D67->9fa9a271-7bed-4435-b477-86c6ed0ece08@group-0E07FAD1B91E, cid=923, SUCCESS, logIndex=1245, commits[9fa9a271-7bed-4435-b477-86c6ed0ece08:c1246, 06c1a879-4ae3-48dc-9686-b55cde066000:c1244, 67fae1a7-3cbe-4338-9d41-57e84498288b:c1242]
2019-07-10 10:27:23,089 INFO  client.GrpcClientProtocolClient (GrpcClientProtocolClient.java:onNext(255)) - client-821285EC2D67->9fa9a271-7bed-4435-b477-86c6ed0ece08: receive RaftClientReply:client-821285EC2D67->9fa9a271-7bed-4435-b477-86c6ed0ece08@group-0E07FAD1B91E, cid=924, SUCCESS, logIndex=1246, commits[9fa9a271-7bed-4435-b477-86c6ed0ece08:c1246, 06c1a879-4ae3-48dc-9686-b55cde066000:c1244, 67fae1a7-3cbe-4338-9d41-57e84498288b:c1244]
2019-07-10 10:27:23,091 INFO  client.GrpcClientProtocolClient (GrpcClientProtocolClient.java:onNext(255)) - client-821285EC2D67->9fa9a271-7bed-4435-b477-86c6ed0ece08: receive RaftClientReply:client-821285EC2D67->9fa9a271-7bed-4435-b477-86c6ed0ece08@group-0E07FAD1B91E, cid=925, SUCCESS, logIndex=0, commits[9fa9a271-7bed-4435-b477-86c6ed0ece08:c1247, 06c1a879-4ae3-48dc-9686-b55cde066000:c1246, 67fae1a7-3cbe-4338-9d41-57e84498288b:c1246]
2019-07-10 10:27:23,110 INFO  client.GrpcClientProtocolClient (GrpcClientProtocolClient.java:onNext(255)) - client-821285EC2D67->9fa9a271-7bed-4435-b477-86c6ed0ece08: receive RaftClientReply:client-821285EC2D67->9fa9a271-7bed-4435-b477-86c6ed0ece08@group-0E07FAD1B91E, cid=926, SUCCESS, logIndex=1248, commits[9fa9a271-7bed-4435-b477-86c6ed0ece08:c1249, 06c1a879-4ae3-48dc-9686-b55cde066000:c1247, 67fae1a7-3cbe-4338-9d41-57e84498288b:c1247]
2019-07-10 10:27:23,111 INFO  client.GrpcClientProtocolClient (GrpcClientProtocolClient.java:onNext(255)) - client-821285EC2D67->9fa9a271-7bed-4435-b477-86c6ed0ece08: receive RaftClientReply:client-821285EC2D67->9fa9a271-7bed-4435-b477-86c6ed0ece08@group-0E07FAD1B91E, cid=927, SUCCESS, logIndex=1249, commits[9fa9a271-7bed-4435-b477-86c6ed0ece08:c1249, 06c1a879-4ae3-48dc-9686-b55cde066000:c1247, 67fae1a7-3cbe-4338-9d41-57e84498288b:c1247]
2019-07-10 10:27:23,112 INFO  client.GrpcClientProtocolClient (GrpcClientProtocolClient.java:onNext(255)) - client-821285EC2D67->9fa9a271-7bed-4435-b477-86c6ed0ece08: receive RaftClientReply:client-821285EC2D67->9fa9a271-7bed-4435-b477-86c6ed0ece08@group-0E07FAD1B91E, cid=928, SUCCESS, logIndex=1250, commits[9fa9a271-7bed-4435-b477-86c6ed0ece08:c1251, 06c1a879-4ae3-48dc-9686-b55cde066000:c1247, 67fae1a7-3cbe-4338-9d41-57e84498288b:c1247]
2019-07-10 10:27:23,112 INFO  client.GrpcClientProtocolClient (GrpcClientProtocolClient.java:onNext(255)) - client-821285EC2D67->9fa9a271-7bed-4435-b477-86c6ed0ece08: receive RaftClientReply:client-821285EC2D67->9fa9a271-7bed-4435-b477-86c6ed0ece08@group-0E07FAD1B91E, cid=929, SUCCESS, logIndex=1251, commits[9fa9a271-7bed-4435-b477-86c6ed0ece08:c1251, 06c1a879-4ae3-48dc-9686-b55cde066000:c1247, 67fae1a7-3cbe-4338-9d41-57e84498288b:c1247]
2019-07-10 10:27:23,114 INFO  client.GrpcClientProtocolClient (GrpcClientProtocolClient.java:onNext(255)) - client-821285EC2D67->9fa9a271-7bed-4435-b477-86c6ed0ece08: receive RaftClientReply:client-821285EC2D67->9fa9a271-7bed-4435-b477-86c6ed0ece08@group-0E07FAD1B91E, cid=930, SUCCESS, logIndex=0, commits[9fa9a271-7bed-4435-b477-86c6ed0ece08:c1255, 06c1a879-4ae3-48dc-9686-b55cde066000:c1249, 67fae1a7-3cbe-4338-9d41-57e84498288b:c1251]
2019-07-10 10:27:23,132 INFO  client.GrpcClientProtocolClient (GrpcClientProtocolClient.java:onNext(255)) - client-821285EC2D67->9fa9a271-7bed-4435-b477-86c6ed0ece08: receive RaftClientReply:client-821285EC2D67->9fa9a271-7bed-4435-b477-86c6ed0ece08@group-0E07FAD1B91E, cid=931, SUCCESS, logIndex=1256, commits[9fa9a271-7bed-4435-b477-86c6ed0ece08:c1257, 06c1a879-4ae3-48dc-9686-b55cde066000:c1255, 67fae1a7-3cbe-4338-9d41-57e84498288b:c1255]
2019-07-10 10:27:23,132 INFO  client.GrpcClientProtocolClient (GrpcClientProtocolClient.java:onNext(255)) - client-821285EC2D67->9fa9a271-7bed-4435-b477-86c6ed0ece08: receive RaftClientReply:client-821285EC2D67->9fa9a271-7bed-4435-b477-86c6ed0ece08@group-0E07FAD1B91E, cid=932, SUCCESS, logIndex=1257, commits[9fa9a271-7bed-4435-b477-86c6ed0ece08:c1257, 06c1a879-4ae3-48dc-9686-b55cde066000:c1255, 67fae1a7-3cbe-4338-9d41-57e84498288b:c1255]
2019-07-10 10:27:23,148 INFO  client.GrpcClientProtocolClient (GrpcClientProtocolClient.java:onNext(255)) - client-821285EC2D67->9fa9a271-7bed-4435-b477-86c6ed0ece08: receive RaftClientReply:client-821285EC2D67->9fa9a271-7bed-4435-b477-86c6ed0ece08@group-0E07FAD1B91E, cid=933, SUCCESS, logIndex=1260, commits[9fa9a271-7bed-4435-b477-86c6ed0ece08:c1261, 06c1a879-4ae3-48dc-9686-b55cde066000:c1257, 67fae1a7-3cbe-4338-9d41-57e84498288b:c1257]
2019-07-10 10:27:23,148 INFO  client.GrpcClientProtocolClient (GrpcClientProtocolClient.java:onNext(255)) - client-821285EC2D67->9fa9a271-7bed-4435-b477-86c6ed0ece08: receive RaftClientReply:client-821285EC2D67->9fa9a271-7bed-4435-b477-86c6ed0ece08@group-0E07FAD1B91E, cid=934, SUCCESS, logIndex=1261, commits[9fa9a271-7bed-4435-b477-86c6ed0ece08:c1261, 06c1a879-4ae3-48dc-9686-b55cde066000:c1257, 67fae1a7-3cbe-4338-9d41-57e84498288b:c1257]
2019-07-10 10:27:23,162 INFO  client.GrpcClientProtocolClient (GrpcClientProtocolClient.java:onNext(255)) - client-821285EC2D67->9fa9a271-7bed-4435-b477-86c6ed0ece08: receive RaftClientReply:client-821285EC2D67->9fa9a271-7bed-4435-b477-86c6ed0ece08@group-0E07FAD1B91E, cid=935, SUCCESS, logIndex=0, commits[9fa9a271-7bed-4435-b477-86c6ed0ece08:c1263, 06c1a879-4ae3-48dc-9686-b55cde066000:c1261, 67fae1a7-3cbe-4338-9d41-57e84498288b:c1261]
2019-07-10 10:27:23,180 INFO  client.GrpcClientProtocolClient (GrpcClientProtocolClient.java:onNext(255)) - client-821285EC2D67->9fa9a271-7bed-4435-b477-86c6ed0ece08: receive RaftClientReply:client-821285EC2D67->9fa9a271-7bed-4435-b477-86c6ed0ece08@group-0E07FAD1B91E, cid=936, SUCCESS, logIndex=1264, commits[9fa9a271-7bed-4435-b477-86c6ed0ece08:c1265, 06c1a879-4ae3-48dc-9686-b55cde066000:c1263, 67fae1a7-3cbe-4338-9d41-57e84498288b:c1263]
2019-07-10 10:27:23,181 INFO  client.GrpcClientProtocolClient (GrpcClientProtocolClient.java:onNext(255)) - client-821285EC2D67->9fa9a271-7bed-4435-b477-86c6ed0ece08: receive RaftClientReply:client-821285EC2D67->9fa9a271-7bed-4435-b477-86c6ed0ece08@group-0E07FAD1B91E, cid=937, SUCCESS, logIndex=1265, commits[9fa9a271-7bed-4435-b477-86c6ed0ece08:c1265, 06c1a879-4ae3-48dc-9686-b55cde066000:c1263, 67fae1a7-3cbe-4338-9d41-57e84498288b:c1263]
2019-07-10 10:27:23,182 INFO  client.GrpcClientProtocolClient (GrpcClientProtocolClient.java:onNext(255)) - client-821285EC2D67->9fa9a271-7bed-4435-b477-86c6ed0ece08: receive RaftClientReply:client-821285EC2D67->9fa9a271-7bed-4435-b477-86c6ed0ece08@group-0E07FAD1B91E, cid=938, SUCCESS, logIndex=1266, commits[9fa9a271-7bed-4435-b477-86c6ed0ece08:c1267, 06c1a879-4ae3-48dc-9686-b55cde066000:c1263, 67fae1a7-3cbe-4338-9d41-57e84498288b:c1263]
2019-07-10 10:27:23,182 INFO  client.GrpcClientProtocolClient (GrpcClientProtocolClient.java:onNext(255)) - client-821285EC2D67->9fa9a271-7bed-4435-b477-86c6ed0ece08: receive RaftClientReply:client-821285EC2D67->9fa9a271-7bed-4435-b477-86c6ed0ece08@group-0E07FAD1B91E, cid=939, SUCCESS, logIndex=1267, commits[9fa9a271-7bed-4435-b477-86c6ed0ece08:c1267, 06c1a879-4ae3-48dc-9686-b55cde066000:c1263, 67fae1a7-3cbe-4338-9d41-57e84498288b:c1263]
2019-07-10 10:27:23,183 INFO  client.GrpcClientProtocolClient (GrpcClientProtocolClient.java:onNext(255)) - client-821285EC2D67->9fa9a271-7bed-4435-b477-86c6ed0ece08: receive RaftClientReply:client-821285EC2D67->9fa9a271-7bed-4435-b477-86c6ed0ece08@group-0E07FAD1B91E, cid=940, SUCCESS, logIndex=0, commits[9fa9a271-7bed-4435-b477-86c6ed0ece08:c1269, 06c1a879-4ae3-48dc-9686-b55cde066000:c1265, 67fae1a7-3cbe-4338-9d41-57e84498288b:c1267]
2019-07-10 10:27:23,203 INFO  client.GrpcClientProtocolClient (GrpcClientProtocolClient.java:onNext(255)) - client-821285EC2D67->9fa9a271-7bed-4435-b477-86c6ed0ece08: receive RaftClientReply:client-821285EC2D67->9fa9a271-7bed-4435-b477-86c6ed0ece08@group-0E07FAD1B91E, cid=941, SUCCESS, logIndex=1272, commits[9fa9a271-7bed-4435-b477-86c6ed0ece08:c1273, 06c1a879-4ae3-48dc-9686-b55cde066000:c1271, 67fae1a7-3cbe-4338-9d41-57e84498288b:c1271]
2019-07-10 10:27:23,204 INFO  client.GrpcClientProtocolClient (GrpcClientProtocolClient.java:onNext(255)) - client-821285EC2D67->9fa9a271-7bed-4435-b477-86c6ed0ece08: receive RaftClientReply:client-821285EC2D67->9fa9a271-7bed-4435-b477-86c6ed0ece08@group-0E07FAD1B91E, cid=942, SUCCESS, logIndex=1273, commits[9fa9a271-7bed-4435-b477-86c6ed0ece08:c1273, 06c1a879-4ae3-48dc-9686-b55cde066000:c1271, 67fae1a7-3cbe-4338-9d41-57e84498288b:c1271]
2019-07-10 10:27:23,215 INFO  client.GrpcClientProtocolClient (GrpcClientProtocolClient.java:onNext(255)) - client-821285EC2D67->9fa9a271-7bed-4435-b477-86c6ed0ece08: receive RaftClientReply:client-821285EC2D67->9fa9a271-7bed-4435-b477-86c6ed0ece08@group-0E07FAD1B91E, cid=943, SUCCESS, logIndex=1276, commits[9fa9a271-7bed-4435-b477-86c6ed0ece08:c1277, 06c1a879-4ae3-48dc-9686-b55cde066000:c1272, 67fae1a7-3cbe-4338-9d41-57e84498288b:c1273]
2019-07-10 10:27:23,215 INFO  client.GrpcClientProtocolClient (GrpcClientProtocolClient.java:onNext(255)) - client-821285EC2D67->9fa9a271-7bed-4435-b477-86c6ed0ece08: receive RaftClientReply:client-821285EC2D67->9fa9a271-7bed-4435-b477-86c6ed0ece08@group-0E07FAD1B91E, cid=944, SUCCESS, logIndex=1277, commits[9fa9a271-7bed-4435-b477-86c6ed0ece08:c1277, 06c1a879-4ae3-48dc-9686-b55cde066000:c1272, 67fae1a7-3cbe-4338-9d41-57e84498288b:c1273]
2019-07-10 10:27:23,224 INFO  client.GrpcClientProtocolClient (GrpcClientProtocolClient.java:onNext(255)) - client-821285EC2D67->9fa9a271-7bed-4435-b477-86c6ed0ece08: receive RaftClientReply:client-821285EC2D67->9fa9a271-7bed-4435-b477-86c6ed0ece08@group-0E07FAD1B91E, cid=945, SUCCESS, logIndex=0, commits[9fa9a271-7bed-4435-b477-86c6ed0ece08:c1277, 06c1a879-4ae3-48dc-9686-b55cde066000:c1273, 67fae1a7-3cbe-4338-9d41-57e84498288b:c1273]
2019-07-10 10:27:23,226 INFO  client.GrpcClientProtocolClient (GrpcClientProtocolClient.java:onNext(255)) - client-821285EC2D67->9fa9a271-7bed-4435-b477-86c6ed0ece08: receive RaftClientReply:client-821285EC2D67->9fa9a271-7bed-4435-b477-86c6ed0ece08@group-0E07FAD1B91E, cid=946, SUCCESS, logIndex=0, commits[9fa9a271-7bed-4435-b477-86c6ed0ece08:c1279, 06c1a879-4ae3-48dc-9686-b55cde066000:c1277, 67fae1a7-3cbe-4338-9d41-57e84498288b:c1277]
2019-07-10 10:27:23,245 INFO  client.GrpcClientProtocolClient (GrpcClientProtocolClient.java:onNext(255)) - client-821285EC2D67->9fa9a271-7bed-4435-b477-86c6ed0ece08: receive RaftClientReply:client-821285EC2D67->9fa9a271-7bed-4435-b477-86c6ed0ece08@group-0E07FAD1B91E, cid=947, SUCCESS, logIndex=1280, commits[9fa9a271-7bed-4435-b477-86c6ed0ece08:c1281, 06c1a879-4ae3-48dc-9686-b55cde066000:c1279, 67fae1a7-3cbe-4338-9d41-57e84498288b:c1279]
2019-07-10 10:27:23,246 INFO  client.GrpcClientProtocolClient (GrpcClientProtocolClient.java:onNext(255)) - client-821285EC2D67->9fa9a271-7bed-4435-b477-86c6ed0ece08: receive RaftClientReply:client-821285EC2D67->9fa9a271-7bed-4435-b477-86c6ed0ece08@group-0E07FAD1B91E, cid=948, SUCCESS, logIndex=1281, commits[9fa9a271-7bed-4435-b477-86c6ed0ece08:c1283, 06c1a879-4ae3-48dc-9686-b55cde066000:c1279, 67fae1a7-3cbe-4338-9d41-57e84498288b:c1279]
2019-07-10 10:27:23,246 INFO  client.GrpcClientProtocolClient (GrpcClientProtocolClient.java:onNext(255)) - client-821285EC2D67->9fa9a271-7bed-4435-b477-86c6ed0ece08: receive RaftClientReply:client-821285EC2D67->9fa9a271-7bed-4435-b477-86c6ed0ece08@group-0E07FAD1B91E, cid=949, SUCCESS, logIndex=1282, commits[9fa9a271-7bed-4435-b477-86c6ed0ece08:c1283, 06c1a879-4ae3-48dc-9686-b55cde066000:c1279, 67fae1a7-3cbe-4338-9d41-57e84498288b:c1279]
2019-07-10 10:27:23,246 INFO  client.GrpcClientProtocolClient (GrpcClientProtocolClient.java:onNext(255)) - client-821285EC2D67->9fa9a271-7bed-4435-b477-86c6ed0ece08: receive RaftClientReply:client-821285EC2D67->9fa9a271-7bed-4435-b477-86c6ed0ece08@group-0E07FAD1B91E, cid=950, SUCCESS, logIndex=1283, commits[9fa9a271-7bed-4435-b477-86c6ed0ece08:c1283, 06c1a879-4ae3-48dc-9686-b55cde066000:c1279, 67fae1a7-3cbe-4338-9d41-57e84498288b:c1279]
2019-07-10 10:27:23,247 INFO  client.GrpcClientProtocolClient (GrpcClientProtocolClient.java:onNext(255)) - client-821285EC2D67->9fa9a271-7bed-4435-b477-86c6ed0ece08: receive RaftClientReply:client-821285EC2D67->9fa9a271-7bed-4435-b477-86c6ed0ece08@group-0E07FAD1B91E, cid=951, SUCCESS, logIndex=0, commits[9fa9a271-7bed-4435-b477-86c6ed0ece08:c1285, 06c1a879-4ae3-48dc-9686-b55cde066000:c1281, 67fae1a7-3cbe-4338-9d41-57e84498288b:c1281]
2019-07-10 10:27:23,265 INFO  client.GrpcClientProtocolClient (GrpcClientProtocolClient.java:onNext(255)) - client-821285EC2D67->9fa9a271-7bed-4435-b477-86c6ed0ece08: receive RaftClientReply:client-821285EC2D67->9fa9a271-7bed-4435-b477-86c6ed0ece08@group-0E07FAD1B91E, cid=952, SUCCESS, logIndex=1288, commits[9fa9a271-7bed-4435-b477-86c6ed0ece08:c1289, 06c1a879-4ae3-48dc-9686-b55cde066000:c1287, 67fae1a7-3cbe-4338-9d41-57e84498288b:c1287]
2019-07-10 10:27:23,266 INFO  client.GrpcClientProtocolClient (GrpcClientProtocolClient.java:onNext(255)) - client-821285EC2D67->9fa9a271-7bed-4435-b477-86c6ed0ece08: receive RaftClientReply:client-821285EC2D67->9fa9a271-7bed-4435-b477-86c6ed0ece08@group-0E07FAD1B91E, cid=953, SUCCESS, logIndex=1289, commits[9fa9a271-7bed-4435-b477-86c6ed0ece08:c1289, 06c1a879-4ae3-48dc-9686-b55cde066000:c1287, 67fae1a7-3cbe-4338-9d41-57e84498288b:c1287]
2019-07-10 10:27:23,277 INFO  client.GrpcClientProtocolClient (GrpcClientProtocolClient.java:onNext(255)) - client-821285EC2D67->9fa9a271-7bed-4435-b477-86c6ed0ece08: receive RaftClientReply:client-821285EC2D67->9fa9a271-7bed-4435-b477-86c6ed0ece08@group-0E07FAD1B91E, cid=954, SUCCESS, logIndex=1292, commits[9fa9a271-7bed-4435-b477-86c6ed0ece08:c1293, 06c1a879-4ae3-48dc-9686-b55cde066000:c1288, 67fae1a7-3cbe-4338-9d41-57e84498288b:c1289]
2019-07-10 10:27:23,277 INFO  client.GrpcClientProtocolClient (GrpcClientProtocolClient.java:onNext(255)) - client-821285EC2D67->9fa9a271-7bed-4435-b477-86c6ed0ece08: receive RaftClientReply:client-821285EC2D67->9fa9a271-7bed-4435-b477-86c6ed0ece08@group-0E07FAD1B91E, cid=955, SUCCESS, logIndex=1293, commits[9fa9a271-7bed-4435-b477-86c6ed0ece08:c1293, 06c1a879-4ae3-48dc-9686-b55cde066000:c1289, 67fae1a7-3cbe-4338-9d41-57e84498288b:c1289]
2019-07-10 10:27:23,279 INFO  client.GrpcClientProtocolClient (GrpcClientProtocolClient.java:onNext(255)) - client-821285EC2D67->9fa9a271-7bed-4435-b477-86c6ed0ece08: receive RaftClientReply:client-821285EC2D67->9fa9a271-7bed-4435-b477-86c6ed0ece08@group-0E07FAD1B91E, cid=956, SUCCESS, logIndex=0, commits[9fa9a271-7bed-4435-b477-86c6ed0ece08:c1294, 06c1a879-4ae3-48dc-9686-b55cde066000:c1293, 67fae1a7-3cbe-4338-9d41-57e84498288b:c1293]
2019-07-10 10:27:23,296 INFO  client.GrpcClientProtocolClient (GrpcClientProtocolClient.java:onNext(255)) - client-821285EC2D67->9fa9a271-7bed-4435-b477-86c6ed0ece08: receive RaftClientReply:client-821285EC2D67->9fa9a271-7bed-4435-b477-86c6ed0ece08@group-0E07FAD1B91E, cid=957, SUCCESS, logIndex=1296, commits[9fa9a271-7bed-4435-b477-86c6ed0ece08:c1297, 06c1a879-4ae3-48dc-9686-b55cde066000:c1295, 67fae1a7-3cbe-4338-9d41-57e84498288b:c1295]
2019-07-10 10:27:23,297 INFO  client.GrpcClientProtocolClient (GrpcClientProtocolClient.java:onNext(255)) - client-821285EC2D67->9fa9a271-7bed-4435-b477-86c6ed0ece08: receive RaftClientReply:client-821285EC2D67->9fa9a271-7bed-4435-b477-86c6ed0ece08@group-0E07FAD1B91E, cid=958, SUCCESS, logIndex=1297, commits[9fa9a271-7bed-4435-b477-86c6ed0ece08:c1297, 06c1a879-4ae3-48dc-9686-b55cde066000:c1295, 67fae1a7-3cbe-4338-9d41-57e84498288b:c1295]
2019-07-10 10:27:23,297 INFO  client.GrpcClientProtocolClient (GrpcClientProtocolClient.java:onNext(255)) - client-821285EC2D67->9fa9a271-7bed-4435-b477-86c6ed0ece08: receive RaftClientReply:client-821285EC2D67->9fa9a271-7bed-4435-b477-86c6ed0ece08@group-0E07FAD1B91E, cid=959, SUCCESS, logIndex=1298, commits[9fa9a271-7bed-4435-b477-86c6ed0ece08:c1298, 06c1a879-4ae3-48dc-9686-b55cde066000:c1295, 67fae1a7-3cbe-4338-9d41-57e84498288b:c1295]
2019-07-10 10:27:23,297 INFO  client.GrpcClientProtocolClient (GrpcClientProtocolClient.java:onNext(255)) - client-821285EC2D67->9fa9a271-7bed-4435-b477-86c6ed0ece08: receive RaftClientReply:client-821285EC2D67->9fa9a271-7bed-4435-b477-86c6ed0ece08@group-0E07FAD1B91E, cid=960, SUCCESS, logIndex=1299, commits[9fa9a271-7bed-4435-b477-86c6ed0ece08:c1299, 06c1a879-4ae3-48dc-9686-b55cde066000:c1295, 67fae1a7-3cbe-4338-9d41-57e84498288b:c1295]
2019-07-10 10:27:23,299 INFO  client.GrpcClientProtocolClient (GrpcClientProtocolClient.java:onNext(255)) - client-821285EC2D67->9fa9a271-7bed-4435-b477-86c6ed0ece08: receive RaftClientReply:client-821285EC2D67->9fa9a271-7bed-4435-b477-86c6ed0ece08@group-0E07FAD1B91E, cid=961, SUCCESS, logIndex=0, commits[9fa9a271-7bed-4435-b477-86c6ed0ece08:c1301, 06c1a879-4ae3-48dc-9686-b55cde066000:c1297, 67fae1a7-3cbe-4338-9d41-57e84498288b:c1297]
2019-07-10 10:27:23,317 INFO  client.GrpcClientProtocolClient (GrpcClientProtocolClient.java:onNext(255)) - client-821285EC2D67->9fa9a271-7bed-4435-b477-86c6ed0ece08: receive RaftClientReply:client-821285EC2D67->9fa9a271-7bed-4435-b477-86c6ed0ece08@group-0E07FAD1B91E, cid=962, SUCCESS, logIndex=1304, commits[9fa9a271-7bed-4435-b477-86c6ed0ece08:c1305, 06c1a879-4ae3-48dc-9686-b55cde066000:c1303, 67fae1a7-3cbe-4338-9d41-57e84498288b:c1303]
2019-07-10 10:27:23,317 INFO  client.GrpcClientProtocolClient (GrpcClientProtocolClient.java:onNext(255)) - client-821285EC2D67->9fa9a271-7bed-4435-b477-86c6ed0ece08: receive RaftClientReply:client-821285EC2D67->9fa9a271-7bed-4435-b477-86c6ed0ece08@group-0E07FAD1B91E, cid=963, SUCCESS, logIndex=1305, commits[9fa9a271-7bed-4435-b477-86c6ed0ece08:c1305, 06c1a879-4ae3-48dc-9686-b55cde066000:c1303, 67fae1a7-3cbe-4338-9d41-57e84498288b:c1303]
2019-07-10 10:27:23,330 INFO  client.GrpcClientProtocolClient (GrpcClientProtocolClient.java:onNext(255)) - client-821285EC2D67->9fa9a271-7bed-4435-b477-86c6ed0ece08: receive RaftClientReply:client-821285EC2D67->9fa9a271-7bed-4435-b477-86c6ed0ece08@group-0E07FAD1B91E, cid=964, SUCCESS, logIndex=1308, commits[9fa9a271-7bed-4435-b477-86c6ed0ece08:c1309, 06c1a879-4ae3-48dc-9686-b55cde066000:c1305, 67fae1a7-3cbe-4338-9d41-57e84498288b:c1305]
2019-07-10 10:27:23,330 INFO  client.GrpcClientProtocolClient (GrpcClientProtocolClient.java:onNext(255)) - client-821285EC2D67->9fa9a271-7bed-4435-b477-86c6ed0ece08: receive RaftClientReply:client-821285EC2D67->9fa9a271-7bed-4435-b477-86c6ed0ece08@group-0E07FAD1B91E, cid=965, SUCCESS, logIndex=1309, commits[9fa9a271-7bed-4435-b477-86c6ed0ece08:c1309, 06c1a879-4ae3-48dc-9686-b55cde066000:c1305, 67fae1a7-3cbe-4338-9d41-57e84498288b:c1305]
2019-07-10 10:27:23,340 INFO  client.GrpcClientProtocolClient (GrpcClientProtocolClient.java:onNext(255)) - client-821285EC2D67->9fa9a271-7bed-4435-b477-86c6ed0ece08: receive RaftClientReply:client-821285EC2D67->9fa9a271-7bed-4435-b477-86c6ed0ece08@group-0E07FAD1B91E, cid=966, SUCCESS, logIndex=0, commits[9fa9a271-7bed-4435-b477-86c6ed0ece08:c1310, 06c1a879-4ae3-48dc-9686-b55cde066000:c1309, 67fae1a7-3cbe-4338-9d41-57e84498288b:c1309]
2019-07-10 10:27:23,359 INFO  client.GrpcClientProtocolClient (GrpcClientProtocolClient.java:onNext(255)) - client-821285EC2D67->9fa9a271-7bed-4435-b477-86c6ed0ece08: receive RaftClientReply:client-821285EC2D67->9fa9a271-7bed-4435-b477-86c6ed0ece08@group-0E07FAD1B91E, cid=967, SUCCESS, logIndex=1312, commits[9fa9a271-7bed-4435-b477-86c6ed0ece08:c1313, 06c1a879-4ae3-48dc-9686-b55cde066000:c1311, 67fae1a7-3cbe-4338-9d41-57e84498288b:c1311]
2019-07-10 10:27:23,359 INFO  client.GrpcClientProtocolClient (GrpcClientProtocolClient.java:onNext(255)) - client-821285EC2D67->9fa9a271-7bed-4435-b477-86c6ed0ece08: receive RaftClientReply:client-821285EC2D67->9fa9a271-7bed-4435-b477-86c6ed0ece08@group-0E07FAD1B91E, cid=968, SUCCESS, logIndex=1313, commits[9fa9a271-7bed-4435-b477-86c6ed0ece08:c1314, 06c1a879-4ae3-48dc-9686-b55cde066000:c1311, 67fae1a7-3cbe-4338-9d41-57e84498288b:c1311]
2019-07-10 10:27:23,359 INFO  client.GrpcClientProtocolClient (GrpcClientProtocolClient.java:onNext(255)) - client-821285EC2D67->9fa9a271-7bed-4435-b477-86c6ed0ece08: receive RaftClientReply:client-821285EC2D67->9fa9a271-7bed-4435-b477-86c6ed0ece08@group-0E07FAD1B91E, cid=969, SUCCESS, logIndex=1314, commits[9fa9a271-7bed-4435-b477-86c6ed0ece08:c1315, 06c1a879-4ae3-48dc-9686-b55cde066000:c1311, 67fae1a7-3cbe-4338-9d41-57e84498288b:c1311]
2019-07-10 10:27:23,360 INFO  client.GrpcClientProtocolClient (GrpcClientProtocolClient.java:onNext(255)) - client-821285EC2D67->9fa9a271-7bed-4435-b477-86c6ed0ece08: receive RaftClientReply:client-821285EC2D67->9fa9a271-7bed-4435-b477-86c6ed0ece08@group-0E07FAD1B91E, cid=970, SUCCESS, logIndex=1315, commits[9fa9a271-7bed-4435-b477-86c6ed0ece08:c1315, 06c1a879-4ae3-48dc-9686-b55cde066000:c1311, 67fae1a7-3cbe-4338-9d41-57e84498288b:c1311]
2019-07-10 10:27:23,361 INFO  client.GrpcClientProtocolClient (GrpcClientProtocolClient.java:onNext(255)) - client-821285EC2D67->9fa9a271-7bed-4435-b477-86c6ed0ece08: receive RaftClientReply:client-821285EC2D67->9fa9a271-7bed-4435-b477-86c6ed0ece08@group-0E07FAD1B91E, cid=971, SUCCESS, logIndex=0, commits[9fa9a271-7bed-4435-b477-86c6ed0ece08:c1317, 06c1a879-4ae3-48dc-9686-b55cde066000:c1313, 67fae1a7-3cbe-4338-9d41-57e84498288b:c1313]
2019-07-10 10:27:23,381 INFO  client.GrpcClientProtocolClient (GrpcClientProtocolClient.java:onNext(255)) - client-821285EC2D67->9fa9a271-7bed-4435-b477-86c6ed0ece08: receive RaftClientReply:client-821285EC2D67->9fa9a271-7bed-4435-b477-86c6ed0ece08@group-0E07FAD1B91E, cid=972, SUCCESS, logIndex=1320, commits[9fa9a271-7bed-4435-b477-86c6ed0ece08:c1321, 06c1a879-4ae3-48dc-9686-b55cde066000:c1315, 67fae1a7-3cbe-4338-9d41-57e84498288b:c1319]
2019-07-10 10:27:23,381 INFO  client.GrpcClientProtocolClient (GrpcClientProtocolClient.java:onNext(255)) - client-821285EC2D67->9fa9a271-7bed-4435-b477-86c6ed0ece08: receive RaftClientReply:client-821285EC2D67->9fa9a271-7bed-4435-b477-86c6ed0ece08@group-0E07FAD1B91E, cid=973, SUCCESS, logIndex=1321, commits[9fa9a271-7bed-4435-b477-86c6ed0ece08:c1321, 06c1a879-4ae3-48dc-9686-b55cde066000:c1319, 67fae1a7-3cbe-4338-9d41-57e84498288b:c1319]
2019-07-10 10:27:23,401 INFO  client.GrpcClientProtocolClient (GrpcClientProtocolClient.java:onNext(255)) - client-821285EC2D67->9fa9a271-7bed-4435-b477-86c6ed0ece08: receive RaftClientReply:client-821285EC2D67->9fa9a271-7bed-4435-b477-86c6ed0ece08@group-0E07FAD1B91E, cid=974, SUCCESS, logIndex=1324, commits[9fa9a271-7bed-4435-b477-86c6ed0ece08:c1325, 06c1a879-4ae3-48dc-9686-b55cde066000:c1323, 67fae1a7-3cbe-4338-9d41-57e84498288b:c1321]
2019-07-10 10:27:23,402 INFO  client.GrpcClientProtocolClient (GrpcClientProtocolClient.java:onNext(255)) - client-821285EC2D67->9fa9a271-7bed-4435-b477-86c6ed0ece08: receive RaftClientReply:client-821285EC2D67->9fa9a271-7bed-4435-b477-86c6ed0ece08@group-0E07FAD1B91E, cid=975, SUCCESS, logIndex=1325, commits[9fa9a271-7bed-4435-b477-86c6ed0ece08:c1325, 06c1a879-4ae3-48dc-9686-b55cde066000:c1323, 67fae1a7-3cbe-4338-9d41-57e84498288b:c1321]
2019-07-10 10:27:23,404 INFO  client.GrpcClientProtocolClient (GrpcClientProtocolClient.java:onNext(255)) - client-821285EC2D67->9fa9a271-7bed-4435-b477-86c6ed0ece08: receive RaftClientReply:client-821285EC2D67->9fa9a271-7bed-4435-b477-86c6ed0ece08@group-0E07FAD1B91E, cid=976, SUCCESS, logIndex=0, commits[9fa9a271-7bed-4435-b477-86c6ed0ece08:c1326, 06c1a879-4ae3-48dc-9686-b55cde066000:c1325, 67fae1a7-3cbe-4338-9d41-57e84498288b:c1325]
2019-07-10 10:27:23,538 INFO  client.GrpcClientProtocolClient (GrpcClientProtocolClient.java:onNext(255)) - client-821285EC2D67->9fa9a271-7bed-4435-b477-86c6ed0ece08: receive RaftClientReply:client-821285EC2D67->9fa9a271-7bed-4435-b477-86c6ed0ece08@group-0E07FAD1B91E, cid=977, SUCCESS, logIndex=1328, commits[9fa9a271-7bed-4435-b477-86c6ed0ece08:c1329, 06c1a879-4ae3-48dc-9686-b55cde066000:c1327, 67fae1a7-3cbe-4338-9d41-57e84498288b:c1327]
2019-07-10 10:27:23,539 INFO  client.GrpcClientProtocolClient (GrpcClientProtocolClient.java:onNext(255)) - client-821285EC2D67->9fa9a271-7bed-4435-b477-86c6ed0ece08: receive RaftClientReply:client-821285EC2D67->9fa9a271-7bed-4435-b477-86c6ed0ece08@group-0E07FAD1B91E, cid=978, SUCCESS, logIndex=1329, commits[9fa9a271-7bed-4435-b477-86c6ed0ece08:c1330, 06c1a879-4ae3-48dc-9686-b55cde066000:c1327, 67fae1a7-3cbe-4338-9d41-57e84498288b:c1327]
2019-07-10 10:27:23,539 INFO  client.GrpcClientProtocolClient (GrpcClientProtocolClient.java:onNext(255)) - client-821285EC2D67->9fa9a271-7bed-4435-b477-86c6ed0ece08: receive RaftClientReply:client-821285EC2D67->9fa9a271-7bed-4435-b477-86c6ed0ece08@group-0E07FAD1B91E, cid=979, SUCCESS, logIndex=1330, commits[9fa9a271-7bed-4435-b477-86c6ed0ece08:c1331, 06c1a879-4ae3-48dc-9686-b55cde066000:c1327, 67fae1a7-3cbe-4338-9d41-57e84498288b:c1327]
2019-07-10 10:27:23,539 INFO  client.GrpcClientProtocolClient (GrpcClientProtocolClient.java:onNext(255)) - client-821285EC2D67->9fa9a271-7bed-4435-b477-86c6ed0ece08: receive RaftClientReply:client-821285EC2D67->9fa9a271-7bed-4435-b477-86c6ed0ece08@group-0E07FAD1B91E, cid=980, SUCCESS, logIndex=1331, commits[9fa9a271-7bed-4435-b477-86c6ed0ece08:c1331, 06c1a879-4ae3-48dc-9686-b55cde066000:c1327, 67fae1a7-3cbe-4338-9d41-57e84498288b:c1327]
2019-07-10 10:27:23,542 INFO  client.GrpcClientProtocolClient (GrpcClientProtocolClient.java:onNext(255)) - client-821285EC2D67->9fa9a271-7bed-4435-b477-86c6ed0ece08: receive RaftClientReply:client-821285EC2D67->9fa9a271-7bed-4435-b477-86c6ed0ece08@group-0E07FAD1B91E, cid=981, SUCCESS, logIndex=0, commits[9fa9a271-7bed-4435-b477-86c6ed0ece08:c1334, 06c1a879-4ae3-48dc-9686-b55cde066000:c1330, 67fae1a7-3cbe-4338-9d41-57e84498288b:c1329]
2019-07-10 10:27:23,561 INFO  client.GrpcClientProtocolClient (GrpcClientProtocolClient.java:onNext(255)) - client-821285EC2D67->9fa9a271-7bed-4435-b477-86c6ed0ece08: receive RaftClientReply:client-821285EC2D67->9fa9a271-7bed-4435-b477-86c6ed0ece08@group-0E07FAD1B91E, cid=982, SUCCESS, logIndex=1336, commits[9fa9a271-7bed-4435-b477-86c6ed0ece08:c1337, 06c1a879-4ae3-48dc-9686-b55cde066000:c1335, 67fae1a7-3cbe-4338-9d41-57e84498288b:c1335]
2019-07-10 10:27:23,561 INFO  client.GrpcClientProtocolClient (GrpcClientProtocolClient.java:onNext(255)) - client-821285EC2D67->9fa9a271-7bed-4435-b477-86c6ed0ece08: receive RaftClientReply:client-821285EC2D67->9fa9a271-7bed-4435-b477-86c6ed0ece08@group-0E07FAD1B91E, cid=983, SUCCESS, logIndex=1337, commits[9fa9a271-7bed-4435-b477-86c6ed0ece08:c1337, 06c1a879-4ae3-48dc-9686-b55cde066000:c1335, 67fae1a7-3cbe-4338-9d41-57e84498288b:c1335]
2019-07-10 10:27:23,572 INFO  client.GrpcClientProtocolClient (GrpcClientProtocolClient.java:onNext(255)) - client-821285EC2D67->9fa9a271-7bed-4435-b477-86c6ed0ece08: receive RaftClientReply:client-821285EC2D67->9fa9a271-7bed-4435-b477-86c6ed0ece08@group-0E07FAD1B91E, cid=984, SUCCESS, logIndex=1340, commits[9fa9a271-7bed-4435-b477-86c6ed0ece08:c1341, 06c1a879-4ae3-48dc-9686-b55cde066000:c1337, 67fae1a7-3cbe-4338-9d41-57e84498288b:c1336]
2019-07-10 10:27:23,573 INFO  client.GrpcClientProtocolClient (GrpcClientProtocolClient.java:onNext(255)) - client-821285EC2D67->9fa9a271-7bed-4435-b477-86c6ed0ece08: receive RaftClientReply:client-821285EC2D67->9fa9a271-7bed-4435-b477-86c6ed0ece08@group-0E07FAD1B91E, cid=985, SUCCESS, logIndex=1341, commits[9fa9a271-7bed-4435-b477-86c6ed0ece08:c1341, 06c1a879-4ae3-48dc-9686-b55cde066000:c1337, 67fae1a7-3cbe-4338-9d41-57e84498288b:c1337]
2019-07-10 10:27:23,575 INFO  client.GrpcClientProtocolClient (GrpcClientProtocolClient.java:onNext(255)) - client-821285EC2D67->9fa9a271-7bed-4435-b477-86c6ed0ece08: receive RaftClientReply:client-821285EC2D67->9fa9a271-7bed-4435-b477-86c6ed0ece08@group-0E07FAD1B91E, cid=986, SUCCESS, logIndex=0, commits[9fa9a271-7bed-4435-b477-86c6ed0ece08:c1343, 06c1a879-4ae3-48dc-9686-b55cde066000:c1341, 67fae1a7-3cbe-4338-9d41-57e84498288b:c1341]
2019-07-10 10:27:23,595 INFO  client.GrpcClientProtocolClient (GrpcClientProtocolClient.java:onNext(255)) - client-821285EC2D67->9fa9a271-7bed-4435-b477-86c6ed0ece08: receive RaftClientReply:client-821285EC2D67->9fa9a271-7bed-4435-b477-86c6ed0ece08@group-0E07FAD1B91E, cid=987, SUCCESS, logIndex=1344, commits[9fa9a271-7bed-4435-b477-86c6ed0ece08:c1345, 06c1a879-4ae3-48dc-9686-b55cde066000:c1343, 67fae1a7-3cbe-4338-9d41-57e84498288b:c1343]
2019-07-10 10:27:23,596 INFO  client.GrpcClientProtocolClient (GrpcClientProtocolClient.java:onNext(255)) - client-821285EC2D67->9fa9a271-7bed-4435-b477-86c6ed0ece08: receive RaftClientReply:client-821285EC2D67->9fa9a271-7bed-4435-b477-86c6ed0ece08@group-0E07FAD1B91E, cid=988, SUCCESS, logIndex=1345, commits[9fa9a271-7bed-4435-b477-86c6ed0ece08:c1345, 06c1a879-4ae3-48dc-9686-b55cde066000:c1343, 67fae1a7-3cbe-4338-9d41-57e84498288b:c1343]
2019-07-10 10:27:23,597 INFO  client.GrpcClientProtocolClient (GrpcClientProtocolClient.java:onNext(255)) - client-821285EC2D67->9fa9a271-7bed-4435-b477-86c6ed0ece08: receive RaftClientReply:client-821285EC2D67->9fa9a271-7bed-4435-b477-86c6ed0ece08@group-0E07FAD1B91E, cid=989, SUCCESS, logIndex=1346, commits[9fa9a271-7bed-4435-b477-86c6ed0ece08:c1347, 06c1a879-4ae3-48dc-9686-b55cde066000:c1343, 67fae1a7-3cbe-4338-9d41-57e84498288b:c1343]
2019-07-10 10:27:23,597 INFO  client.GrpcClientProtocolClient (GrpcClientProtocolClient.java:onNext(255)) - client-821285EC2D67->9fa9a271-7bed-4435-b477-86c6ed0ece08: receive RaftClientReply:client-821285EC2D67->9fa9a271-7bed-4435-b477-86c6ed0ece08@group-0E07FAD1B91E, cid=990, SUCCESS, logIndex=1347, commits[9fa9a271-7bed-4435-b477-86c6ed0ece08:c1347, 06c1a879-4ae3-48dc-9686-b55cde066000:c1343, 67fae1a7-3cbe-4338-9d41-57e84498288b:c1343]
2019-07-10 10:27:23,599 INFO  client.GrpcClientProtocolClient (GrpcClientProtocolClient.java:onNext(255)) - client-821285EC2D67->9fa9a271-7bed-4435-b477-86c6ed0ece08: receive RaftClientReply:client-821285EC2D67->9fa9a271-7bed-4435-b477-86c6ed0ece08@group-0E07FAD1B91E, cid=991, SUCCESS, logIndex=0, commits[9fa9a271-7bed-4435-b477-86c6ed0ece08:c1349, 06c1a879-4ae3-48dc-9686-b55cde066000:c1345, 67fae1a7-3cbe-4338-9d41-57e84498288b:c1345]
2019-07-10 10:27:23,617 INFO  client.GrpcClientProtocolClient (GrpcClientProtocolClient.java:onNext(255)) - client-821285EC2D67->9fa9a271-7bed-4435-b477-86c6ed0ece08: receive RaftClientReply:client-821285EC2D67->9fa9a271-7bed-4435-b477-86c6ed0ece08@group-0E07FAD1B91E, cid=992, SUCCESS, logIndex=1352, commits[9fa9a271-7bed-4435-b477-86c6ed0ece08:c1353, 06c1a879-4ae3-48dc-9686-b55cde066000:c1351, 67fae1a7-3cbe-4338-9d41-57e84498288b:c1351]
2019-07-10 10:27:23,617 INFO  client.GrpcClientProtocolClient (GrpcClientProtocolClient.java:onNext(255)) - client-821285EC2D67->9fa9a271-7bed-4435-b477-86c6ed0ece08: receive RaftClientReply:client-821285EC2D67->9fa9a271-7bed-4435-b477-86c6ed0ece08@group-0E07FAD1B91E, cid=993, SUCCESS, logIndex=1353, commits[9fa9a271-7bed-4435-b477-86c6ed0ece08:c1353, 06c1a879-4ae3-48dc-9686-b55cde066000:c1351, 67fae1a7-3cbe-4338-9d41-57e84498288b:c1351]
2019-07-10 10:27:23,636 INFO  client.GrpcClientProtocolClient (GrpcClientProtocolClient.java:onNext(255)) - client-821285EC2D67->9fa9a271-7bed-4435-b477-86c6ed0ece08: receive RaftClientReply:client-821285EC2D67->9fa9a271-7bed-4435-b477-86c6ed0ece08@group-0E07FAD1B91E, cid=994, SUCCESS, logIndex=1356, commits[9fa9a271-7bed-4435-b477-86c6ed0ece08:c1357, 06c1a879-4ae3-48dc-9686-b55cde066000:c1355, 67fae1a7-3cbe-4338-9d41-57e84498288b:c1355]
2019-07-10 10:27:23,636 INFO  client.GrpcClientProtocolClient (GrpcClientProtocolClient.java:onNext(255)) - client-821285EC2D67->9fa9a271-7bed-4435-b477-86c6ed0ece08: receive RaftClientReply:client-821285EC2D67->9fa9a271-7bed-4435-b477-86c6ed0ece08@group-0E07FAD1B91E, cid=995, SUCCESS, logIndex=1357, commits[9fa9a271-7bed-4435-b477-86c6ed0ece08:c1357, 06c1a879-4ae3-48dc-9686-b55cde066000:c1355, 67fae1a7-3cbe-4338-9d41-57e84498288b:c1355]
2019-07-10 10:27:23,647 INFO  client.GrpcClientProtocolClient (GrpcClientProtocolClient.java:onNext(255)) - client-821285EC2D67->9fa9a271-7bed-4435-b477-86c6ed0ece08: receive RaftClientReply:client-821285EC2D67->9fa9a271-7bed-4435-b477-86c6ed0ece08@group-0E07FAD1B91E, cid=996, SUCCESS, logIndex=0, commits[9fa9a271-7bed-4435-b477-86c6ed0ece08:c1359, 06c1a879-4ae3-48dc-9686-b55cde066000:c1357, 67fae1a7-3cbe-4338-9d41-57e84498288b:c1357]
2019-07-10 10:27:23,664 INFO  client.GrpcClientProtocolClient (GrpcClientProtocolClient.java:onNext(255)) - client-821285EC2D67->9fa9a271-7bed-4435-b477-86c6ed0ece08: receive RaftClientReply:client-821285EC2D67->9fa9a271-7bed-4435-b477-86c6ed0ece08@group-0E07FAD1B91E, cid=997, SUCCESS, logIndex=1360, commits[9fa9a271-7bed-4435-b477-86c6ed0ece08:c1361, 06c1a879-4ae3-48dc-9686-b55cde066000:c1359, 67fae1a7-3cbe-4338-9d41-57e84498288b:c1359]
2019-07-10 10:27:23,664 INFO  client.GrpcClientProtocolClient (GrpcClientProtocolClient.java:onNext(255)) - client-821285EC2D67->9fa9a271-7bed-4435-b477-86c6ed0ece08: receive RaftClientReply:client-821285EC2D67->9fa9a271-7bed-4435-b477-86c6ed0ece08@group-0E07FAD1B91E, cid=998, SUCCESS, logIndex=1361, commits[9fa9a271-7bed-4435-b477-86c6ed0ece08:c1361, 06c1a879-4ae3-48dc-9686-b55cde066000:c1359, 67fae1a7-3cbe-4338-9d41-57e84498288b:c1359]
2019-07-10 10:27:23,665 INFO  client.GrpcClientProtocolClient (GrpcClientProtocolClient.java:onNext(255)) - client-821285EC2D67->9fa9a271-7bed-4435-b477-86c6ed0ece08: receive RaftClientReply:client-821285EC2D67->9fa9a271-7bed-4435-b477-86c6ed0ece08@group-0E07FAD1B91E, cid=999, SUCCESS, logIndex=1362, commits[9fa9a271-7bed-4435-b477-86c6ed0ece08:c1362, 06c1a879-4ae3-48dc-9686-b55cde066000:c1359, 67fae1a7-3cbe-4338-9d41-57e84498288b:c1359]
2019-07-10 10:27:23,665 INFO  client.GrpcClientProtocolClient (GrpcClientProtocolClient.java:onNext(255)) - client-821285EC2D67->9fa9a271-7bed-4435-b477-86c6ed0ece08: receive RaftClientReply:client-821285EC2D67->9fa9a271-7bed-4435-b477-86c6ed0ece08@group-0E07FAD1B91E, cid=1000, SUCCESS, logIndex=1363, commits[9fa9a271-7bed-4435-b477-86c6ed0ece08:c1363, 06c1a879-4ae3-48dc-9686-b55cde066000:c1359, 67fae1a7-3cbe-4338-9d41-57e84498288b:c1359]
2019-07-10 10:27:23,667 INFO  client.GrpcClientProtocolClient (GrpcClientProtocolClient.java:onNext(255)) - client-821285EC2D67->9fa9a271-7bed-4435-b477-86c6ed0ece08: receive RaftClientReply:client-821285EC2D67->9fa9a271-7bed-4435-b477-86c6ed0ece08@group-0E07FAD1B91E, cid=1001, SUCCESS, logIndex=0, commits[9fa9a271-7bed-4435-b477-86c6ed0ece08:c1365, 06c1a879-4ae3-48dc-9686-b55cde066000:c1361, 67fae1a7-3cbe-4338-9d41-57e84498288b:c1361]
2019-07-10 10:27:23,688 INFO  client.GrpcClientProtocolClient (GrpcClientProtocolClient.java:onNext(255)) - client-821285EC2D67->9fa9a271-7bed-4435-b477-86c6ed0ece08: receive RaftClientReply:client-821285EC2D67->9fa9a271-7bed-4435-b477-86c6ed0ece08@group-0E07FAD1B91E, cid=1002, SUCCESS, logIndex=1368, commits[9fa9a271-7bed-4435-b477-86c6ed0ece08:c1369, 06c1a879-4ae3-48dc-9686-b55cde066000:c1363, 67fae1a7-3cbe-4338-9d41-57e84498288b:c1367]
2019-07-10 10:27:23,689 INFO  client.GrpcClientProtocolClient (GrpcClientProtocolClient.java:onNext(255)) - client-821285EC2D67->9fa9a271-7bed-4435-b477-86c6ed0ece08: receive RaftClientReply:client-821285EC2D67->9fa9a271-7bed-4435-b477-86c6ed0ece08@group-0E07FAD1B91E, cid=1003, SUCCESS, logIndex=1369, commits[9fa9a271-7bed-4435-b477-86c6ed0ece08:c1369, 06c1a879-4ae3-48dc-9686-b55cde066000:c1367, 67fae1a7-3cbe-4338-9d41-57e84498288b:c1367]
2019-07-10 10:27:23,701 INFO  client.GrpcClientProtocolClient (GrpcClientProtocolClient.java:onNext(255)) - client-821285EC2D67->9fa9a271-7bed-4435-b477-86c6ed0ece08: receive RaftClientReply:client-821285EC2D67->9fa9a271-7bed-4435-b477-86c6ed0ece08@group-0E07FAD1B91E, cid=1004, SUCCESS, logIndex=1372, commits[9fa9a271-7bed-4435-b477-86c6ed0ece08:c1373, 06c1a879-4ae3-48dc-9686-b55cde066000:c1369, 67fae1a7-3cbe-4338-9d41-57e84498288b:c1369]
2019-07-10 10:27:23,701 INFO  client.GrpcClientProtocolClient (GrpcClientProtocolClient.java:onNext(255)) - client-821285EC2D67->9fa9a271-7bed-4435-b477-86c6ed0ece08: receive RaftClientReply:client-821285EC2D67->9fa9a271-7bed-4435-b477-86c6ed0ece08@group-0E07FAD1B91E, cid=1005, SUCCESS, logIndex=1373, commits[9fa9a271-7bed-4435-b477-86c6ed0ece08:c1373, 06c1a879-4ae3-48dc-9686-b55cde066000:c1369, 67fae1a7-3cbe-4338-9d41-57e84498288b:c1369]
2019-07-10 10:27:23,703 INFO  client.GrpcClientProtocolClient (GrpcClientProtocolClient.java:onNext(255)) - client-821285EC2D67->9fa9a271-7bed-4435-b477-86c6ed0ece08: receive RaftClientReply:client-821285EC2D67->9fa9a271-7bed-4435-b477-86c6ed0ece08@group-0E07FAD1B91E, cid=1006, SUCCESS, logIndex=0, commits[9fa9a271-7bed-4435-b477-86c6ed0ece08:c1374, 06c1a879-4ae3-48dc-9686-b55cde066000:c1373, 67fae1a7-3cbe-4338-9d41-57e84498288b:c1373]
2019-07-10 10:27:23,724 INFO  client.GrpcClientProtocolClient (GrpcClientProtocolClient.java:onNext(255)) - client-821285EC2D67->9fa9a271-7bed-4435-b477-86c6ed0ece08: receive RaftClientReply:client-821285EC2D67->9fa9a271-7bed-4435-b477-86c6ed0ece08@group-0E07FAD1B91E, cid=1007, SUCCESS, logIndex=1376, commits[9fa9a271-7bed-4435-b477-86c6ed0ece08:c1376, 06c1a879-4ae3-48dc-9686-b55cde066000:c1375, 67fae1a7-3cbe-4338-9d41-57e84498288b:c1375]
2019-07-10 10:27:23,725 INFO  client.GrpcClientProtocolClient (GrpcClientProtocolClient.java:onNext(255)) - client-821285EC2D67->9fa9a271-7bed-4435-b477-86c6ed0ece08: receive RaftClientReply:client-821285EC2D67->9fa9a271-7bed-4435-b477-86c6ed0ece08@group-0E07FAD1B91E, cid=1008, SUCCESS, logIndex=1377, commits[9fa9a271-7bed-4435-b477-86c6ed0ece08:c1379, 06c1a879-4ae3-48dc-9686-b55cde066000:c1375, 67fae1a7-3cbe-4338-9d41-57e84498288b:c1375]
2019-07-10 10:27:23,725 INFO  client.GrpcClientProtocolClient (GrpcClientProtocolClient.java:onNext(255)) - client-821285EC2D67->9fa9a271-7bed-4435-b477-86c6ed0ece08: receive RaftClientReply:client-821285EC2D67->9fa9a271-7bed-4435-b477-86c6ed0ece08@group-0E07FAD1B91E, cid=1009, SUCCESS, logIndex=1378, commits[9fa9a271-7bed-4435-b477-86c6ed0ece08:c1379, 06c1a879-4ae3-48dc-9686-b55cde066000:c1375, 67fae1a7-3cbe-4338-9d41-57e84498288b:c1375]
2019-07-10 10:27:23,725 INFO  client.GrpcClientProtocolClient (GrpcClientProtocolClient.java:onNext(255)) - client-821285EC2D67->9fa9a271-7bed-4435-b477-86c6ed0ece08: receive RaftClientReply:client-821285EC2D67->9fa9a271-7bed-4435-b477-86c6ed0ece08@group-0E07FAD1B91E, cid=1010, SUCCESS, logIndex=1379, commits[9fa9a271-7bed-4435-b477-86c6ed0ece08:c1379, 06c1a879-4ae3-48dc-9686-b55cde066000:c1375, 67fae1a7-3cbe-4338-9d41-57e84498288b:c1375]
2019-07-10 10:27:23,727 INFO  client.GrpcClientProtocolClient (GrpcClientProtocolClient.java:onNext(255)) - client-821285EC2D67->9fa9a271-7bed-4435-b477-86c6ed0ece08: receive RaftClientReply:client-821285EC2D67->9fa9a271-7bed-4435-b477-86c6ed0ece08@group-0E07FAD1B91E, cid=1011, SUCCESS, logIndex=0, commits[9fa9a271-7bed-4435-b477-86c6ed0ece08:c1382, 06c1a879-4ae3-48dc-9686-b55cde066000:c1379, 67fae1a7-3cbe-4338-9d41-57e84498288b:c1377]
2019-07-10 10:27:23,738 INFO  client.GrpcClientProtocolClient (GrpcClientProtocolClient.java:onNext(255)) - client-821285EC2D67->9fa9a271-7bed-4435-b477-86c6ed0ece08: receive RaftClientReply:client-821285EC2D67->9fa9a271-7bed-4435-b477-86c6ed0ece08@group-0E07FAD1B91E, cid=1012, SUCCESS, logIndex=1383, commits[9fa9a271-7bed-4435-b477-86c6ed0ece08:c1384, 06c1a879-4ae3-48dc-9686-b55cde066000:c1379, 67fae1a7-3cbe-4338-9d41-57e84498288b:c1382]
2019-07-10 10:27:23,738 INFO  client.GrpcClientProtocolClient (GrpcClientProtocolClient.java:onNext(255)) - client-821285EC2D67->9fa9a271-7bed-4435-b477-86c6ed0ece08: receive RaftClientReply:client-821285EC2D67->9fa9a271-7bed-4435-b477-86c6ed0ece08@group-0E07FAD1B91E, cid=1013, SUCCESS, logIndex=1384, commits[9fa9a271-7bed-4435-b477-86c6ed0ece08:c1384, 06c1a879-4ae3-48dc-9686-b55cde066000:c1382, 67fae1a7-3cbe-4338-9d41-57e84498288b:c1382]
2019-07-10 10:27:23,749 INFO  client.GrpcClientProtocolClient (GrpcClientProtocolClient.java:onNext(255)) - client-821285EC2D67->9fa9a271-7bed-4435-b477-86c6ed0ece08: receive RaftClientReply:client-821285EC2D67->9fa9a271-7bed-4435-b477-86c6ed0ece08@group-0E07FAD1B91E, cid=1014, SUCCESS, logIndex=1387, commits[9fa9a271-7bed-4435-b477-86c6ed0ece08:c1388, 06c1a879-4ae3-48dc-9686-b55cde066000:c1386, 67fae1a7-3cbe-4338-9d41-57e84498288b:c1384]
2019-07-10 10:27:23,750 INFO  client.GrpcClientProtocolClient (GrpcClientProtocolClient.java:onNext(255)) - client-821285EC2D67->9fa9a271-7bed-4435-b477-86c6ed0ece08: receive RaftClientReply:client-821285EC2D67->9fa9a271-7bed-4435-b477-86c6ed0ece08@group-0E07FAD1B91E, cid=1015, SUCCESS, logIndex=1388, commits[9fa9a271-7bed-4435-b477-86c6ed0ece08:c1388, 06c1a879-4ae3-48dc-9686-b55cde066000:c1386, 67fae1a7-3cbe-4338-9d41-57e84498288b:c1384]
2019-07-10 10:27:23,752 INFO  client.GrpcClientProtocolClient (GrpcClientProtocolClient.java:onNext(255)) - client-821285EC2D67->9fa9a271-7bed-4435-b477-86c6ed0ece08: receive RaftClientReply:client-821285EC2D67->9fa9a271-7bed-4435-b477-86c6ed0ece08@group-0E07FAD1B91E, cid=1016, SUCCESS, logIndex=0, commits[9fa9a271-7bed-4435-b477-86c6ed0ece08:c1389, 06c1a879-4ae3-48dc-9686-b55cde066000:c1388, 67fae1a7-3cbe-4338-9d41-57e84498288b:c1388]
2019-07-10 10:27:23,764 INFO  client.GrpcClientProtocolClient (GrpcClientProtocolClient.java:onNext(255)) - client-821285EC2D67->9fa9a271-7bed-4435-b477-86c6ed0ece08: receive RaftClientReply:client-821285EC2D67->9fa9a271-7bed-4435-b477-86c6ed0ece08@group-0E07FAD1B91E, cid=1017, SUCCESS, logIndex=1391, commits[9fa9a271-7bed-4435-b477-86c6ed0ece08:c1392, 06c1a879-4ae3-48dc-9686-b55cde066000:c1388, 67fae1a7-3cbe-4338-9d41-57e84498288b:c1390]
2019-07-10 10:27:23,765 INFO  client.GrpcClientProtocolClient (GrpcClientProtocolClient.java:onNext(255)) - client-821285EC2D67->9fa9a271-7bed-4435-b477-86c6ed0ece08: receive RaftClientReply:client-821285EC2D67->9fa9a271-7bed-4435-b477-86c6ed0ece08@group-0E07FAD1B91E, cid=1018, SUCCESS, logIndex=1392, commits[9fa9a271-7bed-4435-b477-86c6ed0ece08:c1392, 06c1a879-4ae3-48dc-9686-b55cde066000:c1388, 67fae1a7-3cbe-4338-9d41-57e84498288b:c1390]
2019-07-10 10:27:23,766 INFO  client.GrpcClientProtocolClient (GrpcClientProtocolClient.java:onNext(255)) - client-821285EC2D67->9fa9a271-7bed-4435-b477-86c6ed0ece08: receive RaftClientReply:client-821285EC2D67->9fa9a271-7bed-4435-b477-86c6ed0ece08@group-0E07FAD1B91E, cid=1019, SUCCESS, logIndex=1393, commits[9fa9a271-7bed-4435-b477-86c6ed0ece08:c1393, 06c1a879-4ae3-48dc-9686-b55cde066000:c1390, 67fae1a7-3cbe-4338-9d41-57e84498288b:c1390]
2019-07-10 10:27:23,766 INFO  client.GrpcClientProtocolClient (GrpcClientProtocolClient.java:onNext(255)) - client-821285EC2D67->9fa9a271-7bed-4435-b477-86c6ed0ece08: receive RaftClientReply:client-821285EC2D67->9fa9a271-7bed-4435-b477-86c6ed0ece08@group-0E07FAD1B91E, cid=1020, SUCCESS, logIndex=1394, commits[9fa9a271-7bed-4435-b477-86c6ed0ece08:c1394, 06c1a879-4ae3-48dc-9686-b55cde066000:c1390, 67fae1a7-3cbe-4338-9d41-57e84498288b:c1390]
2019-07-10 10:27:23,767 INFO  client.GrpcClientProtocolClient (GrpcClientProtocolClient.java:onNext(255)) - client-821285EC2D67->9fa9a271-7bed-4435-b477-86c6ed0ece08: receive RaftClientReply:client-821285EC2D67->9fa9a271-7bed-4435-b477-86c6ed0ece08@group-0E07FAD1B91E, cid=1021, SUCCESS, logIndex=0, commits[9fa9a271-7bed-4435-b477-86c6ed0ece08:c1396, 06c1a879-4ae3-48dc-9686-b55cde066000:c1392, 67fae1a7-3cbe-4338-9d41-57e84498288b:c1392]
2019-07-10 10:27:23,786 INFO  client.GrpcClientProtocolClient (GrpcClientProtocolClient.java:onNext(255)) - client-821285EC2D67->9fa9a271-7bed-4435-b477-86c6ed0ece08: receive RaftClientReply:client-821285EC2D67->9fa9a271-7bed-4435-b477-86c6ed0ece08@group-0E07FAD1B91E, cid=1022, SUCCESS, logIndex=1399, commits[9fa9a271-7bed-4435-b477-86c6ed0ece08:c1400, 06c1a879-4ae3-48dc-9686-b55cde066000:c1398, 67fae1a7-3cbe-4338-9d41-57e84498288b:c1398]
2019-07-10 10:27:23,786 INFO  client.GrpcClientProtocolClient (GrpcClientProtocolClient.java:onNext(255)) - client-821285EC2D67->9fa9a271-7bed-4435-b477-86c6ed0ece08: receive RaftClientReply:client-821285EC2D67->9fa9a271-7bed-4435-b477-86c6ed0ece08@group-0E07FAD1B91E, cid=1023, SUCCESS, logIndex=1400, commits[9fa9a271-7bed-4435-b477-86c6ed0ece08:c1400, 06c1a879-4ae3-48dc-9686-b55cde066000:c1398, 67fae1a7-3cbe-4338-9d41-57e84498288b:c1398]
2019-07-10 10:27:23,798 INFO  client.GrpcClientProtocolClient (GrpcClientProtocolClient.java:onNext(255)) - client-821285EC2D67->9fa9a271-7bed-4435-b477-86c6ed0ece08: receive RaftClientReply:client-821285EC2D67->9fa9a271-7bed-4435-b477-86c6ed0ece08@group-0E07FAD1B91E, cid=1024, SUCCESS, logIndex=1402, commits[9fa9a271-7bed-4435-b477-86c6ed0ece08:c1403, 06c1a879-4ae3-48dc-9686-b55cde066000:c1400, 67fae1a7-3cbe-4338-9d41-57e84498288b:c1400]
2019-07-10 10:27:23,798 INFO  client.GrpcClientProtocolClient (GrpcClientProtocolClient.java:onNext(255)) - client-821285EC2D67->9fa9a271-7bed-4435-b477-86c6ed0ece08: receive RaftClientReply:client-821285EC2D67->9fa9a271-7bed-4435-b477-86c6ed0ece08@group-0E07FAD1B91E, cid=1025, SUCCESS, logIndex=1403, commits[9fa9a271-7bed-4435-b477-86c6ed0ece08:c1403, 06c1a879-4ae3-48dc-9686-b55cde066000:c1400, 67fae1a7-3cbe-4338-9d41-57e84498288b:c1400]
2019-07-10 10:27:23,809 INFO  client.GrpcClientProtocolClient (GrpcClientProtocolClient.java:onNext(255)) - client-821285EC2D67->9fa9a271-7bed-4435-b477-86c6ed0ece08: receive RaftClientReply:client-821285EC2D67->9fa9a271-7bed-4435-b477-86c6ed0ece08@group-0E07FAD1B91E, cid=1026, SUCCESS, logIndex=0, commits[9fa9a271-7bed-4435-b477-86c6ed0ece08:c1404, 06c1a879-4ae3-48dc-9686-b55cde066000:c1403, 67fae1a7-3cbe-4338-9d41-57e84498288b:c1403]
2019-07-10 10:27:23,828 INFO  client.GrpcClientProtocolClient (GrpcClientProtocolClient.java:onNext(255)) - client-821285EC2D67->9fa9a271-7bed-4435-b477-86c6ed0ece08: receive RaftClientReply:client-821285EC2D67->9fa9a271-7bed-4435-b477-86c6ed0ece08@group-0E07FAD1B91E, cid=1027, SUCCESS, logIndex=1406, commits[9fa9a271-7bed-4435-b477-86c6ed0ece08:c1407, 06c1a879-4ae3-48dc-9686-b55cde066000:c1405, 67fae1a7-3cbe-4338-9d41-57e84498288b:c1405]
2019-07-10 10:27:23,829 INFO  client.GrpcClientProtocolClient (GrpcClientProtocolClient.java:onNext(255)) - client-821285EC2D67->9fa9a271-7bed-4435-b477-86c6ed0ece08: receive RaftClientReply:client-821285EC2D67->9fa9a271-7bed-4435-b477-86c6ed0ece08@group-0E07FAD1B91E, cid=1028, SUCCESS, logIndex=1407, commits[9fa9a271-7bed-4435-b477-86c6ed0ece08:c1407, 06c1a879-4ae3-48dc-9686-b55cde066000:c1405, 67fae1a7-3cbe-4338-9d41-57e84498288b:c1405]
2019-07-10 10:27:23,831 INFO  client.GrpcClientProtocolClient (GrpcClientProtocolClient.java:onNext(255)) - client-821285EC2D67->9fa9a271-7bed-4435-b477-86c6ed0ece08: receive RaftClientReply:client-821285EC2D67->9fa9a271-7bed-4435-b477-86c6ed0ece08@group-0E07FAD1B91E, cid=1029, SUCCESS, logIndex=1408, commits[9fa9a271-7bed-4435-b477-86c6ed0ece08:c1409, 06c1a879-4ae3-48dc-9686-b55cde066000:c1405, 67fae1a7-3cbe-4338-9d41-57e84498288b:c1405]
2019-07-10 10:27:23,831 INFO  client.GrpcClientProtocolClient (GrpcClientProtocolClient.java:onNext(255)) - client-821285EC2D67->9fa9a271-7bed-4435-b477-86c6ed0ece08: receive RaftClientReply:client-821285EC2D67->9fa9a271-7bed-4435-b477-86c6ed0ece08@group-0E07FAD1B91E, cid=1030, SUCCESS, logIndex=1409, commits[9fa9a271-7bed-4435-b477-86c6ed0ece08:c1409, 06c1a879-4ae3-48dc-9686-b55cde066000:c1405, 67fae1a7-3cbe-4338-9d41-57e84498288b:c1405]
2019-07-10 10:27:23,833 INFO  client.GrpcClientProtocolClient (GrpcClientProtocolClient.java:onNext(255)) - client-821285EC2D67->9fa9a271-7bed-4435-b477-86c6ed0ece08: receive RaftClientReply:client-821285EC2D67->9fa9a271-7bed-4435-b477-86c6ed0ece08@group-0E07FAD1B91E, cid=1031, SUCCESS, logIndex=0, commits[9fa9a271-7bed-4435-b477-86c6ed0ece08:c1413, 06c1a879-4ae3-48dc-9686-b55cde066000:c1409, 67fae1a7-3cbe-4338-9d41-57e84498288b:c1407]
2019-07-10 10:27:23,851 INFO  client.GrpcClientProtocolClient (GrpcClientProtocolClient.java:onNext(255)) - client-821285EC2D67->9fa9a271-7bed-4435-b477-86c6ed0ece08: receive RaftClientReply:client-821285EC2D67->9fa9a271-7bed-4435-b477-86c6ed0ece08@group-0E07FAD1B91E, cid=1032, SUCCESS, logIndex=1414, commits[9fa9a271-7bed-4435-b477-86c6ed0ece08:c1415, 06c1a879-4ae3-48dc-9686-b55cde066000:c1413, 67fae1a7-3cbe-4338-9d41-57e84498288b:c1413]
2019-07-10 10:27:23,851 INFO  client.GrpcClientProtocolClient (GrpcClientProtocolClient.java:onNext(255)) - client-821285EC2D67->9fa9a271-7bed-4435-b477-86c6ed0ece08: receive RaftClientReply:client-821285EC2D67->9fa9a271-7bed-4435-b477-86c6ed0ece08@group-0E07FAD1B91E, cid=1033, SUCCESS, logIndex=1415, commits[9fa9a271-7bed-4435-b477-86c6ed0ece08:c1415, 06c1a879-4ae3-48dc-9686-b55cde066000:c1413, 67fae1a7-3cbe-4338-9d41-57e84498288b:c1413]
2019-07-10 10:27:23,863 INFO  client.GrpcClientProtocolClient (GrpcClientProtocolClient.java:onNext(255)) - client-821285EC2D67->9fa9a271-7bed-4435-b477-86c6ed0ece08: receive RaftClientReply:client-821285EC2D67->9fa9a271-7bed-4435-b477-86c6ed0ece08@group-0E07FAD1B91E, cid=1034, SUCCESS, logIndex=1418, commits[9fa9a271-7bed-4435-b477-86c6ed0ece08:c1419, 06c1a879-4ae3-48dc-9686-b55cde066000:c1415, 67fae1a7-3cbe-4338-9d41-57e84498288b:c1415]
2019-07-10 10:27:23,863 INFO  client.GrpcClientProtocolClient (GrpcClientProtocolClient.java:onNext(255)) - client-821285EC2D67->9fa9a271-7bed-4435-b477-86c6ed0ece08: receive RaftClientReply:client-821285EC2D67->9fa9a271-7bed-4435-b477-86c6ed0ece08@group-0E07FAD1B91E, cid=1035, SUCCESS, logIndex=1419, commits[9fa9a271-7bed-4435-b477-86c6ed0ece08:c1419, 06c1a879-4ae3-48dc-9686-b55cde066000:c1415, 67fae1a7-3cbe-4338-9d41-57e84498288b:c1415]
2019-07-10 10:27:23,866 INFO  client.GrpcClientProtocolClient (GrpcClientProtocolClient.java:onNext(255)) - client-821285EC2D67->9fa9a271-7bed-4435-b477-86c6ed0ece08: receive RaftClientReply:client-821285EC2D67->9fa9a271-7bed-4435-b477-86c6ed0ece08@group-0E07FAD1B91E, cid=1036, SUCCESS, logIndex=0, commits[9fa9a271-7bed-4435-b477-86c6ed0ece08:c1421, 06c1a879-4ae3-48dc-9686-b55cde066000:c1419, 67fae1a7-3cbe-4338-9d41-57e84498288b:c1419]
2019-07-10 10:27:23,931 INFO  client.GrpcClientProtocolClient (GrpcClientProtocolClient.java:onNext(255)) - client-821285EC2D67->9fa9a271-7bed-4435-b477-86c6ed0ece08: receive RaftClientReply:client-821285EC2D67->9fa9a271-7bed-4435-b477-86c6ed0ece08@group-0E07FAD1B91E, cid=1037, SUCCESS, logIndex=1422, commits[9fa9a271-7bed-4435-b477-86c6ed0ece08:c1424, 06c1a879-4ae3-48dc-9686-b55cde066000:c1421, 67fae1a7-3cbe-4338-9d41-57e84498288b:c1419]
2019-07-10 10:27:23,932 INFO  client.GrpcClientProtocolClient (GrpcClientProtocolClient.java:onNext(255)) - client-821285EC2D67->9fa9a271-7bed-4435-b477-86c6ed0ece08: receive RaftClientReply:client-821285EC2D67->9fa9a271-7bed-4435-b477-86c6ed0ece08@group-0E07FAD1B91E, cid=1038, SUCCESS, logIndex=1423, commits[9fa9a271-7bed-4435-b477-86c6ed0ece08:c1425, 06c1a879-4ae3-48dc-9686-b55cde066000:c1421, 67fae1a7-3cbe-4338-9d41-57e84498288b:c1419]
2019-07-10 10:27:23,932 INFO  client.GrpcClientProtocolClient (GrpcClientProtocolClient.java:onNext(255)) - client-821285EC2D67->9fa9a271-7bed-4435-b477-86c6ed0ece08: receive RaftClientReply:client-821285EC2D67->9fa9a271-7bed-4435-b477-86c6ed0ece08@group-0E07FAD1B91E, cid=1039, SUCCESS, logIndex=1424, commits[9fa9a271-7bed-4435-b477-86c6ed0ece08:c1425, 06c1a879-4ae3-48dc-9686-b55cde066000:c1421, 67fae1a7-3cbe-4338-9d41-57e84498288b:c1421]
2019-07-10 10:27:23,933 INFO  client.GrpcClientProtocolClient (GrpcClientProtocolClient.java:onNext(255)) - client-821285EC2D67->9fa9a271-7bed-4435-b477-86c6ed0ece08: receive RaftClientReply:client-821285EC2D67->9fa9a271-7bed-4435-b477-86c6ed0ece08@group-0E07FAD1B91E, cid=1040, SUCCESS, logIndex=1425, commits[9fa9a271-7bed-4435-b477-86c6ed0ece08:c1425, 06c1a879-4ae3-48dc-9686-b55cde066000:c1421, 67fae1a7-3cbe-4338-9d41-57e84498288b:c1421]
2019-07-10 10:27:23,934 INFO  client.GrpcClientProtocolClient (GrpcClientProtocolClient.java:onNext(255)) - client-821285EC2D67->9fa9a271-7bed-4435-b477-86c6ed0ece08: receive RaftClientReply:client-821285EC2D67->9fa9a271-7bed-4435-b477-86c6ed0ece08@group-0E07FAD1B91E, cid=1041, SUCCESS, logIndex=0, commits[9fa9a271-7bed-4435-b477-86c6ed0ece08:c1426, 06c1a879-4ae3-48dc-9686-b55cde066000:c1424, 67fae1a7-3cbe-4338-9d41-57e84498288b:c1424]
 0.00% |█                                                                                                    |  0/1 Time: 0:00:042019-07-10 10:27:23,956 INFO  client.GrpcClientProtocolClient (GrpcClientProtocolClient.java:onNext(255)) - client-821285EC2D67->9fa9a271-7bed-4435-b477-86c6ed0ece08: receive RaftClientReply:client-821285EC2D67->9fa9a271-7bed-4435-b477-86c6ed0ece08@group-0E07FAD1B91E, cid=1042, SUCCESS, logIndex=1430, commits[9fa9a271-7bed-4435-b477-86c6ed0ece08:c1431, 06c1a879-4ae3-48dc-9686-b55cde066000:c1429, 67fae1a7-3cbe-4338-9d41-57e84498288b:c1429]
2019-07-10 10:27:23,956 INFO  client.GrpcClientProtocolClient (GrpcClientProtocolClient.java:onNext(255)) - client-821285EC2D67->9fa9a271-7bed-4435-b477-86c6ed0ece08: receive RaftClientReply:client-821285EC2D67->9fa9a271-7bed-4435-b477-86c6ed0ece08@group-0E07FAD1B91E, cid=1043, SUCCESS, logIndex=1431, commits[9fa9a271-7bed-4435-b477-86c6ed0ece08:c1431, 06c1a879-4ae3-48dc-9686-b55cde066000:c1429, 67fae1a7-3cbe-4338-9d41-57e84498288b:c1429]
2019-07-10 10:27:23,978 INFO  client.GrpcClientProtocolClient (GrpcClientProtocolClient.java:onNext(255)) - client-821285EC2D67->9fa9a271-7bed-4435-b477-86c6ed0ece08: receive RaftClientReply:client-821285EC2D67->9fa9a271-7bed-4435-b477-86c6ed0ece08@group-0E07FAD1B91E, cid=1044, SUCCESS, logIndex=1434, commits[9fa9a271-7bed-4435-b477-86c6ed0ece08:c1435, 06c1a879-4ae3-48dc-9686-b55cde066000:c1431, 67fae1a7-3cbe-4338-9d41-57e84498288b:c1431]
2019-07-10 10:27:23,979 INFO  client.GrpcClientProtocolClient (GrpcClientProtocolClient.java:onNext(255)) - client-821285EC2D67->9fa9a271-7bed-4435-b477-86c6ed0ece08: receive RaftClientReply:client-821285EC2D67->9fa9a271-7bed-4435-b477-86c6ed0ece08@group-0E07FAD1B91E, cid=1045, SUCCESS, logIndex=1435, commits[9fa9a271-7bed-4435-b477-86c6ed0ece08:c1435, 06c1a879-4ae3-48dc-9686-b55cde066000:c1431, 67fae1a7-3cbe-4338-9d41-57e84498288b:c1431]
2019-07-10 10:27:23,981 INFO  client.GrpcClientProtocolClient (GrpcClientProtocolClient.java:onNext(255)) - client-821285EC2D67->9fa9a271-7bed-4435-b477-86c6ed0ece08: receive RaftClientReply:client-821285EC2D67->9fa9a271-7bed-4435-b477-86c6ed0ece08@group-0E07FAD1B91E, cid=1046, SUCCESS, logIndex=0, commits[9fa9a271-7bed-4435-b477-86c6ed0ece08:c1436, 06c1a879-4ae3-48dc-9686-b55cde066000:c1435, 67fae1a7-3cbe-4338-9d41-57e84498288b:c1435]
2019-07-10 10:27:24,112 INFO  client.GrpcClientProtocolClient (GrpcClientProtocolClient.java:onNext(255)) - client-821285EC2D67->9fa9a271-7bed-4435-b477-86c6ed0ece08: receive RaftClientReply:client-821285EC2D67->9fa9a271-7bed-4435-b477-86c6ed0ece08@group-0E07FAD1B91E, cid=1047, SUCCESS, logIndex=1438, commits[9fa9a271-7bed-4435-b477-86c6ed0ece08:c1439, 06c1a879-4ae3-48dc-9686-b55cde066000:c1437, 67fae1a7-3cbe-4338-9d41-57e84498288b:c1437]
2019-07-10 10:27:24,113 INFO  client.GrpcClientProtocolClient (GrpcClientProtocolClient.java:onNext(255)) - client-821285EC2D67->9fa9a271-7bed-4435-b477-86c6ed0ece08: receive RaftClientReply:client-821285EC2D67->9fa9a271-7bed-4435-b477-86c6ed0ece08@group-0E07FAD1B91E, cid=1048, SUCCESS, logIndex=1439, commits[9fa9a271-7bed-4435-b477-86c6ed0ece08:c1439, 06c1a879-4ae3-48dc-9686-b55cde066000:c1437, 67fae1a7-3cbe-4338-9d41-57e84498288b:c1437]
2019-07-10 10:27:24,121 INFO  client.GrpcClientProtocolClient (GrpcClientProtocolClient.java:onNext(255)) - client-821285EC2D67->9fa9a271-7bed-4435-b477-86c6ed0ece08: receive RaftClientReply:client-821285EC2D67->9fa9a271-7bed-4435-b477-86c6ed0ece08@group-0E07FAD1B91E, cid=1049, SUCCESS, logIndex=1440, commits[9fa9a271-7bed-4435-b477-86c6ed0ece08:c1441, 06c1a879-4ae3-48dc-9686-b55cde066000:c1437, 67fae1a7-3cbe-4338-9d41-57e84498288b:c1437]
2019-07-10 10:27:24,122 INFO  client.GrpcClientProtocolClient (GrpcClientProtocolClient.java:onNext(255)) - client-821285EC2D67->9fa9a271-7bed-4435-b477-86c6ed0ece08: receive RaftClientReply:client-821285EC2D67->9fa9a271-7bed-4435-b477-86c6ed0ece08@group-0E07FAD1B91E, cid=1050, SUCCESS, logIndex=1441, commits[9fa9a271-7bed-4435-b477-86c6ed0ece08:c1441, 06c1a879-4ae3-48dc-9686-b55cde066000:c1437, 67fae1a7-3cbe-4338-9d41-57e84498288b:c1437]
2019-07-10 10:27:24,123 INFO  client.GrpcClientProtocolClient (GrpcClientProtocolClient.java:onNext(255)) - client-821285EC2D67->9fa9a271-7bed-4435-b477-86c6ed0ece08: receive RaftClientReply:client-821285EC2D67->9fa9a271-7bed-4435-b477-86c6ed0ece08@group-0E07FAD1B91E, cid=1051, SUCCESS, logIndex=0, commits[9fa9a271-7bed-4435-b477-86c6ed0ece08:c1445, 06c1a879-4ae3-48dc-9686-b55cde066000:c1439, 67fae1a7-3cbe-4338-9d41-57e84498288b:c1441]
2019-07-10 10:27:24,144 INFO  client.GrpcClientProtocolClient (GrpcClientProtocolClient.java:onNext(255)) - client-821285EC2D67->9fa9a271-7bed-4435-b477-86c6ed0ece08: receive RaftClientReply:client-821285EC2D67->9fa9a271-7bed-4435-b477-86c6ed0ece08@group-0E07FAD1B91E, cid=1052, SUCCESS, logIndex=1446, commits[9fa9a271-7bed-4435-b477-86c6ed0ece08:c1447, 06c1a879-4ae3-48dc-9686-b55cde066000:c1445, 67fae1a7-3cbe-4338-9d41-57e84498288b:c1445]
2019-07-10 10:27:24,145 INFO  client.GrpcClientProtocolClient (GrpcClientProtocolClient.java:onNext(255)) - client-821285EC2D67->9fa9a271-7bed-4435-b477-86c6ed0ece08: receive RaftClientReply:client-821285EC2D67->9fa9a271-7bed-4435-b477-86c6ed0ece08@group-0E07FAD1B91E, cid=1053, SUCCESS, logIndex=1447, commits[9fa9a271-7bed-4435-b477-86c6ed0ece08:c1447, 06c1a879-4ae3-48dc-9686-b55cde066000:c1445, 67fae1a7-3cbe-4338-9d41-57e84498288b:c1445]
2019-07-10 10:27:24,167 INFO  client.GrpcClientProtocolClient (GrpcClientProtocolClient.java:onNext(255)) - client-821285EC2D67->9fa9a271-7bed-4435-b477-86c6ed0ece08: receive RaftClientReply:client-821285EC2D67->9fa9a271-7bed-4435-b477-86c6ed0ece08@group-0E07FAD1B91E, cid=1054, SUCCESS, logIndex=1450, commits[9fa9a271-7bed-4435-b477-86c6ed0ece08:c1451, 06c1a879-4ae3-48dc-9686-b55cde066000:c1447, 67fae1a7-3cbe-4338-9d41-57e84498288b:c1447]
2019-07-10 10:27:24,168 INFO  client.GrpcClientProtocolClient (GrpcClientProtocolClient.java:onNext(255)) - client-821285EC2D67->9fa9a271-7bed-4435-b477-86c6ed0ece08: receive RaftClientReply:client-821285EC2D67->9fa9a271-7bed-4435-b477-86c6ed0ece08@group-0E07FAD1B91E, cid=1055, SUCCESS, logIndex=1451, commits[9fa9a271-7bed-4435-b477-86c6ed0ece08:c1451, 06c1a879-4ae3-48dc-9686-b55cde066000:c1447, 67fae1a7-3cbe-4338-9d41-57e84498288b:c1447]
2019-07-10 10:27:24,170 INFO  client.GrpcClientProtocolClient (GrpcClientProtocolClient.java:onNext(255)) - client-821285EC2D67->9fa9a271-7bed-4435-b477-86c6ed0ece08: receive RaftClientReply:client-821285EC2D67->9fa9a271-7bed-4435-b477-86c6ed0ece08@group-0E07FAD1B91E, cid=1056, SUCCESS, logIndex=0, commits[9fa9a271-7bed-4435-b477-86c6ed0ece08:c1452, 06c1a879-4ae3-48dc-9686-b55cde066000:c1451, 67fae1a7-3cbe-4338-9d41-57e84498288b:c1451]
2019-07-10 10:27:24,190 INFO  client.GrpcClientProtocolClient (GrpcClientProtocolClient.java:onNext(255)) - client-821285EC2D67->9fa9a271-7bed-4435-b477-86c6ed0ece08: receive RaftClientReply:client-821285EC2D67->9fa9a271-7bed-4435-b477-86c6ed0ece08@group-0E07FAD1B91E, cid=1057, SUCCESS, logIndex=1454, commits[9fa9a271-7bed-4435-b477-86c6ed0ece08:c1455, 06c1a879-4ae3-48dc-9686-b55cde066000:c1453, 67fae1a7-3cbe-4338-9d41-57e84498288b:c1453]
2019-07-10 10:27:24,191 INFO  client.GrpcClientProtocolClient (GrpcClientProtocolClient.java:onNext(255)) - client-821285EC2D67->9fa9a271-7bed-4435-b477-86c6ed0ece08: receive RaftClientReply:client-821285EC2D67->9fa9a271-7bed-4435-b477-86c6ed0ece08@group-0E07FAD1B91E, cid=1058, SUCCESS, logIndex=1455, commits[9fa9a271-7bed-4435-b477-86c6ed0ece08:c1455, 06c1a879-4ae3-48dc-9686-b55cde066000:c1453, 67fae1a7-3cbe-4338-9d41-57e84498288b:c1453]
2019-07-10 10:27:24,192 INFO  client.GrpcClientProtocolClient (GrpcClientProtocolClient.java:onNext(255)) - client-821285EC2D67->9fa9a271-7bed-4435-b477-86c6ed0ece08: receive RaftClientReply:client-821285EC2D67->9fa9a271-7bed-4435-b477-86c6ed0ece08@group-0E07FAD1B91E, cid=1059, SUCCESS, logIndex=1456, commits[9fa9a271-7bed-4435-b477-86c6ed0ece08:c1457, 06c1a879-4ae3-48dc-9686-b55cde066000:c1453, 67fae1a7-3cbe-4338-9d41-57e84498288b:c1453]
2019-07-10 10:27:24,192 INFO  client.GrpcClientProtocolClient (GrpcClientProtocolClient.java:onNext(255)) - client-821285EC2D67->9fa9a271-7bed-4435-b477-86c6ed0ece08: receive RaftClientReply:client-821285EC2D67->9fa9a271-7bed-4435-b477-86c6ed0ece08@group-0E07FAD1B91E, cid=1060, SUCCESS, logIndex=1457, commits[9fa9a271-7bed-4435-b477-86c6ed0ece08:c1458, 06c1a879-4ae3-48dc-9686-b55cde066000:c1455, 67fae1a7-3cbe-4338-9d41-57e84498288b:c1453]
2019-07-10 10:27:24,194 INFO  client.GrpcClientProtocolClient (GrpcClientProtocolClient.java:onNext(255)) - client-821285EC2D67->9fa9a271-7bed-4435-b477-86c6ed0ece08: receive RaftClientReply:client-821285EC2D67->9fa9a271-7bed-4435-b477-86c6ed0ece08@group-0E07FAD1B91E, cid=1061, SUCCESS, logIndex=0, commits[9fa9a271-7bed-4435-b477-86c6ed0ece08:c1459, 06c1a879-4ae3-48dc-9686-b55cde066000:c1456, 67fae1a7-3cbe-4338-9d41-57e84498288b:c1455]
2019-07-10 10:27:24,208 INFO  client.GrpcClientProtocolClient (GrpcClientProtocolClient.java:onNext(255)) - client-821285EC2D67->9fa9a271-7bed-4435-b477-86c6ed0ece08: receive RaftClientReply:client-821285EC2D67->9fa9a271-7bed-4435-b477-86c6ed0ece08@group-0E07FAD1B91E, cid=1062, SUCCESS, logIndex=1462, commits[9fa9a271-7bed-4435-b477-86c6ed0ece08:c1463, 06c1a879-4ae3-48dc-9686-b55cde066000:c1461, 67fae1a7-3cbe-4338-9d41-57e84498288b:c1461]
2019-07-10 10:27:24,208 INFO  client.GrpcClientProtocolClient (GrpcClientProtocolClient.java:onNext(255)) - client-821285EC2D67->9fa9a271-7bed-4435-b477-86c6ed0ece08: receive RaftClientReply:client-821285EC2D67->9fa9a271-7bed-4435-b477-86c6ed0ece08@group-0E07FAD1B91E, cid=1063, SUCCESS, logIndex=1463, commits[9fa9a271-7bed-4435-b477-86c6ed0ece08:c1463, 06c1a879-4ae3-48dc-9686-b55cde066000:c1461, 67fae1a7-3cbe-4338-9d41-57e84498288b:c1461]
2019-07-10 10:27:24,226 INFO  client.GrpcClientProtocolClient (GrpcClientProtocolClient.java:onNext(255)) - client-821285EC2D67->9fa9a271-7bed-4435-b477-86c6ed0ece08: receive RaftClientReply:client-821285EC2D67->9fa9a271-7bed-4435-b477-86c6ed0ece08@group-0E07FAD1B91E, cid=1064, SUCCESS, logIndex=1466, commits[9fa9a271-7bed-4435-b477-86c6ed0ece08:c1467, 06c1a879-4ae3-48dc-9686-b55cde066000:c1465, 67fae1a7-3cbe-4338-9d41-57e84498288b:c1465]
2019-07-10 10:27:24,227 INFO  client.GrpcClientProtocolClient (GrpcClientProtocolClient.java:onNext(255)) - client-821285EC2D67->9fa9a271-7bed-4435-b477-86c6ed0ece08: receive RaftClientReply:client-821285EC2D67->9fa9a271-7bed-4435-b477-86c6ed0ece08@group-0E07FAD1B91E, cid=1065, SUCCESS, logIndex=1467, commits[9fa9a271-7bed-4435-b477-86c6ed0ece08:c1467, 06c1a879-4ae3-48dc-9686-b55cde066000:c1465, 67fae1a7-3cbe-4338-9d41-57e84498288b:c1465]
2019-07-10 10:27:24,231 INFO  client.GrpcClientProtocolClient (GrpcClientProtocolClient.java:onNext(255)) - client-821285EC2D67->9fa9a271-7bed-4435-b477-86c6ed0ece08: receive RaftClientReply:client-821285EC2D67->9fa9a271-7bed-4435-b477-86c6ed0ece08@group-0E07FAD1B91E, cid=1066, SUCCESS, logIndex=0, commits[9fa9a271-7bed-4435-b477-86c6ed0ece08:c1468, 06c1a879-4ae3-48dc-9686-b55cde066000:c1467, 67fae1a7-3cbe-4338-9d41-57e84498288b:c1467]
2019-07-10 10:27:24,251 INFO  client.GrpcClientProtocolClient (GrpcClientProtocolClient.java:onNext(255)) - client-821285EC2D67->9fa9a271-7bed-4435-b477-86c6ed0ece08: receive RaftClientReply:client-821285EC2D67->9fa9a271-7bed-4435-b477-86c6ed0ece08@group-0E07FAD1B91E, cid=1067, SUCCESS, logIndex=1470, commits[9fa9a271-7bed-4435-b477-86c6ed0ece08:c1471, 06c1a879-4ae3-48dc-9686-b55cde066000:c1469, 67fae1a7-3cbe-4338-9d41-57e84498288b:c1469]
2019-07-10 10:27:24,252 INFO  client.GrpcClientProtocolClient (GrpcClientProtocolClient.java:onNext(255)) - client-821285EC2D67->9fa9a271-7bed-4435-b477-86c6ed0ece08: receive RaftClientReply:client-821285EC2D67->9fa9a271-7bed-4435-b477-86c6ed0ece08@group-0E07FAD1B91E, cid=1068, SUCCESS, logIndex=1471, commits[9fa9a271-7bed-4435-b477-86c6ed0ece08:c1473, 06c1a879-4ae3-48dc-9686-b55cde066000:c1469, 67fae1a7-3cbe-4338-9d41-57e84498288b:c1469]
2019-07-10 10:27:24,252 INFO  client.GrpcClientProtocolClient (GrpcClientProtocolClient.java:onNext(255)) - client-821285EC2D67->9fa9a271-7bed-4435-b477-86c6ed0ece08: receive RaftClientReply:client-821285EC2D67->9fa9a271-7bed-4435-b477-86c6ed0ece08@group-0E07FAD1B91E, cid=1069, SUCCESS, logIndex=1472, commits[9fa9a271-7bed-4435-b477-86c6ed0ece08:c1473, 06c1a879-4ae3-48dc-9686-b55cde066000:c1469, 67fae1a7-3cbe-4338-9d41-57e84498288b:c1469]
2019-07-10 10:27:24,252 INFO  client.GrpcClientProtocolClient (GrpcClientProtocolClient.java:onNext(255)) - client-821285EC2D67->9fa9a271-7bed-4435-b477-86c6ed0ece08: receive RaftClientReply:client-821285EC2D67->9fa9a271-7bed-4435-b477-86c6ed0ece08@group-0E07FAD1B91E, cid=1070, SUCCESS, logIndex=1473, commits[9fa9a271-7bed-4435-b477-86c6ed0ece08:c1473, 06c1a879-4ae3-48dc-9686-b55cde066000:c1469, 67fae1a7-3cbe-4338-9d41-57e84498288b:c1469]
2019-07-10 10:27:24,253 INFO  client.GrpcClientProtocolClient (GrpcClientProtocolClient.java:onNext(255)) - client-821285EC2D67->9fa9a271-7bed-4435-b477-86c6ed0ece08: receive RaftClientReply:client-821285EC2D67->9fa9a271-7bed-4435-b477-86c6ed0ece08@group-0E07FAD1B91E, cid=1071, SUCCESS, logIndex=0, commits[9fa9a271-7bed-4435-b477-86c6ed0ece08:c1476, 06c1a879-4ae3-48dc-9686-b55cde066000:c1473, 67fae1a7-3cbe-4338-9d41-57e84498288b:c1472]
2019-07-10 10:27:24,275 INFO  client.GrpcClientProtocolClient (GrpcClientProtocolClient.java:onNext(255)) - client-821285EC2D67->9fa9a271-7bed-4435-b477-86c6ed0ece08: receive RaftClientReply:client-821285EC2D67->9fa9a271-7bed-4435-b477-86c6ed0ece08@group-0E07FAD1B91E, cid=1072, SUCCESS, logIndex=1478, commits[9fa9a271-7bed-4435-b477-86c6ed0ece08:c1479, 06c1a879-4ae3-48dc-9686-b55cde066000:c1477, 67fae1a7-3cbe-4338-9d41-57e84498288b:c1477]
2019-07-10 10:27:24,277 INFO  client.GrpcClientProtocolClient (GrpcClientProtocolClient.java:onNext(255)) - client-821285EC2D67->9fa9a271-7bed-4435-b477-86c6ed0ece08: receive RaftClientReply:client-821285EC2D67->9fa9a271-7bed-4435-b477-86c6ed0ece08@group-0E07FAD1B91E, cid=1073, SUCCESS, logIndex=1479, commits[9fa9a271-7bed-4435-b477-86c6ed0ece08:c1479, 06c1a879-4ae3-48dc-9686-b55cde066000:c1477, 67fae1a7-3cbe-4338-9d41-57e84498288b:c1477]
2019-07-10 10:27:24,297 INFO  client.GrpcClientProtocolClient (GrpcClientProtocolClient.java:onNext(255)) - client-821285EC2D67->9fa9a271-7bed-4435-b477-86c6ed0ece08: receive RaftClientReply:client-821285EC2D67->9fa9a271-7bed-4435-b477-86c6ed0ece08@group-0E07FAD1B91E, cid=1074, SUCCESS, logIndex=1482, commits[9fa9a271-7bed-4435-b477-86c6ed0ece08:c1483, 06c1a879-4ae3-48dc-9686-b55cde066000:c1479, 67fae1a7-3cbe-4338-9d41-57e84498288b:c1479]
2019-07-10 10:27:24,298 INFO  client.GrpcClientProtocolClient (GrpcClientProtocolClient.java:onNext(255)) - client-821285EC2D67->9fa9a271-7bed-4435-b477-86c6ed0ece08: receive RaftClientReply:client-821285EC2D67->9fa9a271-7bed-4435-b477-86c6ed0ece08@group-0E07FAD1B91E, cid=1075, SUCCESS, logIndex=1483, commits[9fa9a271-7bed-4435-b477-86c6ed0ece08:c1483, 06c1a879-4ae3-48dc-9686-b55cde066000:c1479, 67fae1a7-3cbe-4338-9d41-57e84498288b:c1479]
2019-07-10 10:27:24,299 INFO  client.GrpcClientProtocolClient (GrpcClientProtocolClient.java:onNext(255)) - client-821285EC2D67->9fa9a271-7bed-4435-b477-86c6ed0ece08: receive RaftClientReply:client-821285EC2D67->9fa9a271-7bed-4435-b477-86c6ed0ece08@group-0E07FAD1B91E, cid=1076, SUCCESS, logIndex=0, commits[9fa9a271-7bed-4435-b477-86c6ed0ece08:c1484, 06c1a879-4ae3-48dc-9686-b55cde066000:c1483, 67fae1a7-3cbe-4338-9d41-57e84498288b:c1483]
2019-07-10 10:27:24,320 INFO  client.GrpcClientProtocolClient (GrpcClientProtocolClient.java:onNext(255)) - client-821285EC2D67->9fa9a271-7bed-4435-b477-86c6ed0ece08: receive RaftClientReply:client-821285EC2D67->9fa9a271-7bed-4435-b477-86c6ed0ece08@group-0E07FAD1B91E, cid=1077, SUCCESS, logIndex=1485, commits[9fa9a271-7bed-4435-b477-86c6ed0ece08:c1486, 06c1a879-4ae3-48dc-9686-b55cde066000:c1484, 67fae1a7-3cbe-4338-9d41-57e84498288b:c1484]
2019-07-10 10:27:24,321 INFO  client.GrpcClientProtocolClient (GrpcClientProtocolClient.java:onNext(255)) - client-821285EC2D67->9fa9a271-7bed-4435-b477-86c6ed0ece08: receive RaftClientReply:client-821285EC2D67->9fa9a271-7bed-4435-b477-86c6ed0ece08@group-0E07FAD1B91E, cid=1078, SUCCESS, logIndex=1486, commits[9fa9a271-7bed-4435-b477-86c6ed0ece08:c1488, 06c1a879-4ae3-48dc-9686-b55cde066000:c1484, 67fae1a7-3cbe-4338-9d41-57e84498288b:c1484]
2019-07-10 10:27:24,321 INFO  client.GrpcClientProtocolClient (GrpcClientProtocolClient.java:onNext(255)) - client-821285EC2D67->9fa9a271-7bed-4435-b477-86c6ed0ece08: receive RaftClientReply:client-821285EC2D67->9fa9a271-7bed-4435-b477-86c6ed0ece08@group-0E07FAD1B91E, cid=1079, SUCCESS, logIndex=1487, commits[9fa9a271-7bed-4435-b477-86c6ed0ece08:c1488, 06c1a879-4ae3-48dc-9686-b55cde066000:c1484, 67fae1a7-3cbe-4338-9d41-57e84498288b:c1484]
2019-07-10 10:27:24,321 INFO  client.GrpcClientProtocolClient (GrpcClientProtocolClient.java:onNext(255)) - client-821285EC2D67->9fa9a271-7bed-4435-b477-86c6ed0ece08: receive RaftClientReply:client-821285EC2D67->9fa9a271-7bed-4435-b477-86c6ed0ece08@group-0E07FAD1B91E, cid=1080, SUCCESS, logIndex=1488, commits[9fa9a271-7bed-4435-b477-86c6ed0ece08:c1488, 06c1a879-4ae3-48dc-9686-b55cde066000:c1484, 67fae1a7-3cbe-4338-9d41-57e84498288b:c1484]
2019-07-10 10:27:24,323 INFO  client.GrpcClientProtocolClient (GrpcClientProtocolClient.java:onNext(255)) - client-821285EC2D67->9fa9a271-7bed-4435-b477-86c6ed0ece08: receive RaftClientReply:client-821285EC2D67->9fa9a271-7bed-4435-b477-86c6ed0ece08@group-0E07FAD1B91E, cid=1081, SUCCESS, logIndex=0, commits[9fa9a271-7bed-4435-b477-86c6ed0ece08:c1490, 06c1a879-4ae3-48dc-9686-b55cde066000:c1486, 67fae1a7-3cbe-4338-9d41-57e84498288b:c1486]
2019-07-10 10:27:24,337 INFO  client.GrpcClientProtocolClient (GrpcClientProtocolClient.java:onNext(255)) - client-821285EC2D67->9fa9a271-7bed-4435-b477-86c6ed0ece08: receive RaftClientReply:client-821285EC2D67->9fa9a271-7bed-4435-b477-86c6ed0ece08@group-0E07FAD1B91E, cid=1082, SUCCESS, logIndex=1493, commits[9fa9a271-7bed-4435-b477-86c6ed0ece08:c1494, 06c1a879-4ae3-48dc-9686-b55cde066000:c1488, 67fae1a7-3cbe-4338-9d41-57e84498288b:c1492]
2019-07-10 10:27:24,338 INFO  client.GrpcClientProtocolClient (GrpcClientProtocolClient.java:onNext(255)) - client-821285EC2D67->9fa9a271-7bed-4435-b477-86c6ed0ece08: receive RaftClientReply:client-821285EC2D67->9fa9a271-7bed-4435-b477-86c6ed0ece08@group-0E07FAD1B91E, cid=1083, SUCCESS, logIndex=1494, commits[9fa9a271-7bed-4435-b477-86c6ed0ece08:c1494, 06c1a879-4ae3-48dc-9686-b55cde066000:c1492, 67fae1a7-3cbe-4338-9d41-57e84498288b:c1492]
2019-07-10 10:27:24,356 INFO  client.GrpcClientProtocolClient (GrpcClientProtocolClient.java:onNext(255)) - client-821285EC2D67->9fa9a271-7bed-4435-b477-86c6ed0ece08: receive RaftClientReply:client-821285EC2D67->9fa9a271-7bed-4435-b477-86c6ed0ece08@group-0E07FAD1B91E, cid=1084, SUCCESS, logIndex=1497, commits[9fa9a271-7bed-4435-b477-86c6ed0ece08:c1498, 06c1a879-4ae3-48dc-9686-b55cde066000:c1496, 67fae1a7-3cbe-4338-9d41-57e84498288b:c1496]
2019-07-10 10:27:24,357 INFO  client.GrpcClientProtocolClient (GrpcClientProtocolClient.java:onNext(255)) - client-821285EC2D67->9fa9a271-7bed-4435-b477-86c6ed0ece08: receive RaftClientReply:client-821285EC2D67->9fa9a271-7bed-4435-b477-86c6ed0ece08@group-0E07FAD1B91E, cid=1085, SUCCESS, logIndex=1498, commits[9fa9a271-7bed-4435-b477-86c6ed0ece08:c1498, 06c1a879-4ae3-48dc-9686-b55cde066000:c1496, 67fae1a7-3cbe-4338-9d41-57e84498288b:c1496]
2019-07-10 10:27:24,368 INFO  client.GrpcClientProtocolClient (GrpcClientProtocolClient.java:onNext(255)) - client-821285EC2D67->9fa9a271-7bed-4435-b477-86c6ed0ece08: receive RaftClientReply:client-821285EC2D67->9fa9a271-7bed-4435-b477-86c6ed0ece08@group-0E07FAD1B91E, cid=1086, SUCCESS, logIndex=0, commits[9fa9a271-7bed-4435-b477-86c6ed0ece08:c1500, 06c1a879-4ae3-48dc-9686-b55cde066000:c1498, 67fae1a7-3cbe-4338-9d41-57e84498288b:c1498]
2019-07-10 10:27:24,430 INFO  client.GrpcClientProtocolClient (GrpcClientProtocolClient.java:onNext(255)) - client-821285EC2D67->9fa9a271-7bed-4435-b477-86c6ed0ece08: receive RaftClientReply:client-821285EC2D67->9fa9a271-7bed-4435-b477-86c6ed0ece08@group-0E07FAD1B91E, cid=1087, SUCCESS, logIndex=1501, commits[9fa9a271-7bed-4435-b477-86c6ed0ece08:c1502, 06c1a879-4ae3-48dc-9686-b55cde066000:c1498, 67fae1a7-3cbe-4338-9d41-57e84498288b:c1500]
2019-07-10 10:27:24,431 INFO  client.GrpcClientProtocolClient (GrpcClientProtocolClient.java:onNext(255)) - client-821285EC2D67->9fa9a271-7bed-4435-b477-86c6ed0ece08: receive RaftClientReply:client-821285EC2D67->9fa9a271-7bed-4435-b477-86c6ed0ece08@group-0E07FAD1B91E, cid=1088, SUCCESS, logIndex=1502, commits[9fa9a271-7bed-4435-b477-86c6ed0ece08:c1502, 06c1a879-4ae3-48dc-9686-b55cde066000:c1498, 67fae1a7-3cbe-4338-9d41-57e84498288b:c1500]
2019-07-10 10:27:24,433 INFO  client.GrpcClientProtocolClient (GrpcClientProtocolClient.java:onNext(255)) - client-821285EC2D67->9fa9a271-7bed-4435-b477-86c6ed0ece08: receive RaftClientReply:client-821285EC2D67->9fa9a271-7bed-4435-b477-86c6ed0ece08@group-0E07FAD1B91E, cid=1089, SUCCESS, logIndex=1503, commits[9fa9a271-7bed-4435-b477-86c6ed0ece08:c1504, 06c1a879-4ae3-48dc-9686-b55cde066000:c1500, 67fae1a7-3cbe-4338-9d41-57e84498288b:c1500]
2019-07-10 10:27:24,433 INFO  client.GrpcClientProtocolClient (GrpcClientProtocolClient.java:onNext(255)) - client-821285EC2D67->9fa9a271-7bed-4435-b477-86c6ed0ece08: receive RaftClientReply:client-821285EC2D67->9fa9a271-7bed-4435-b477-86c6ed0ece08@group-0E07FAD1B91E, cid=1090, SUCCESS, logIndex=1504, commits[9fa9a271-7bed-4435-b477-86c6ed0ece08:c1504, 06c1a879-4ae3-48dc-9686-b55cde066000:c1500, 67fae1a7-3cbe-4338-9d41-57e84498288b:c1500]
2019-07-10 10:27:24,437 INFO  client.GrpcClientProtocolClient (GrpcClientProtocolClient.java:onNext(255)) - client-821285EC2D67->9fa9a271-7bed-4435-b477-86c6ed0ece08: receive RaftClientReply:client-821285EC2D67->9fa9a271-7bed-4435-b477-86c6ed0ece08@group-0E07FAD1B91E, cid=1091, SUCCESS, logIndex=0, commits[9fa9a271-7bed-4435-b477-86c6ed0ece08:c1506, 06c1a879-4ae3-48dc-9686-b55cde066000:c1502, 67fae1a7-3cbe-4338-9d41-57e84498288b:c1502]
2019-07-10 10:27:24,457 INFO  client.GrpcClientProtocolClient (GrpcClientProtocolClient.java:onNext(255)) - client-821285EC2D67->9fa9a271-7bed-4435-b477-86c6ed0ece08: receive RaftClientReply:client-821285EC2D67->9fa9a271-7bed-4435-b477-86c6ed0ece08@group-0E07FAD1B91E, cid=1092, SUCCESS, logIndex=1509, commits[9fa9a271-7bed-4435-b477-86c6ed0ece08:c1510, 06c1a879-4ae3-48dc-9686-b55cde066000:c1508, 67fae1a7-3cbe-4338-9d41-57e84498288b:c1508]
2019-07-10 10:27:24,458 INFO  client.GrpcClientProtocolClient (GrpcClientProtocolClient.java:onNext(255)) - client-821285EC2D67->9fa9a271-7bed-4435-b477-86c6ed0ece08: receive RaftClientReply:client-821285EC2D67->9fa9a271-7bed-4435-b477-86c6ed0ece08@group-0E07FAD1B91E, cid=1093, SUCCESS, logIndex=1510, commits[9fa9a271-7bed-4435-b477-86c6ed0ece08:c1510, 06c1a879-4ae3-48dc-9686-b55cde066000:c1508, 67fae1a7-3cbe-4338-9d41-57e84498288b:c1508]
2019-07-10 10:27:24,480 INFO  client.GrpcClientProtocolClient (GrpcClientProtocolClient.java:onNext(255)) - client-821285EC2D67->9fa9a271-7bed-4435-b477-86c6ed0ece08: receive RaftClientReply:client-821285EC2D67->9fa9a271-7bed-4435-b477-86c6ed0ece08@group-0E07FAD1B91E, cid=1094, SUCCESS, logIndex=1513, commits[9fa9a271-7bed-4435-b477-86c6ed0ece08:c1514, 06c1a879-4ae3-48dc-9686-b55cde066000:c1510, 67fae1a7-3cbe-4338-9d41-57e84498288b:c1510]
2019-07-10 10:27:24,480 INFO  client.GrpcClientProtocolClient (GrpcClientProtocolClient.java:onNext(255)) - client-821285EC2D67->9fa9a271-7bed-4435-b477-86c6ed0ece08: receive RaftClientReply:client-821285EC2D67->9fa9a271-7bed-4435-b477-86c6ed0ece08@group-0E07FAD1B91E, cid=1095, SUCCESS, logIndex=1514, commits[9fa9a271-7bed-4435-b477-86c6ed0ece08:c1514, 06c1a879-4ae3-48dc-9686-b55cde066000:c1510, 67fae1a7-3cbe-4338-9d41-57e84498288b:c1510]
2019-07-10 10:27:24,482 INFO  client.GrpcClientProtocolClient (GrpcClientProtocolClient.java:onNext(255)) - client-821285EC2D67->9fa9a271-7bed-4435-b477-86c6ed0ece08: receive RaftClientReply:client-821285EC2D67->9fa9a271-7bed-4435-b477-86c6ed0ece08@group-0E07FAD1B91E, cid=1096, SUCCESS, logIndex=0, commits[9fa9a271-7bed-4435-b477-86c6ed0ece08:c1515, 06c1a879-4ae3-48dc-9686-b55cde066000:c1514, 67fae1a7-3cbe-4338-9d41-57e84498288b:c1514]
2019-07-10 10:27:24,504 INFO  client.GrpcClientProtocolClient (GrpcClientProtocolClient.java:onNext(255)) - client-821285EC2D67->9fa9a271-7bed-4435-b477-86c6ed0ece08: receive RaftClientReply:client-821285EC2D67->9fa9a271-7bed-4435-b477-86c6ed0ece08@group-0E07FAD1B91E, cid=1097, SUCCESS, logIndex=1517, commits[9fa9a271-7bed-4435-b477-86c6ed0ece08:c1518, 06c1a879-4ae3-48dc-9686-b55cde066000:c1516, 67fae1a7-3cbe-4338-9d41-57e84498288b:c1514]
2019-07-10 10:27:24,505 INFO  client.GrpcClientProtocolClient (GrpcClientProtocolClient.java:onNext(255)) - client-821285EC2D67->9fa9a271-7bed-4435-b477-86c6ed0ece08: receive RaftClientReply:client-821285EC2D67->9fa9a271-7bed-4435-b477-86c6ed0ece08@group-0E07FAD1B91E, cid=1098, SUCCESS, logIndex=1518, commits[9fa9a271-7bed-4435-b477-86c6ed0ece08:c1518, 06c1a879-4ae3-48dc-9686-b55cde066000:c1516, 67fae1a7-3cbe-4338-9d41-57e84498288b:c1516]
2019-07-10 10:27:24,505 INFO  client.GrpcClientProtocolClient (GrpcClientProtocolClient.java:onNext(255)) - client-821285EC2D67->9fa9a271-7bed-4435-b477-86c6ed0ece08: receive RaftClientReply:client-821285EC2D67->9fa9a271-7bed-4435-b477-86c6ed0ece08@group-0E07FAD1B91E, cid=1099, SUCCESS, logIndex=1519, commits[9fa9a271-7bed-4435-b477-86c6ed0ece08:c1520, 06c1a879-4ae3-48dc-9686-b55cde066000:c1516, 67fae1a7-3cbe-4338-9d41-57e84498288b:c1516]
2019-07-10 10:27:24,506 INFO  client.GrpcClientProtocolClient (GrpcClientProtocolClient.java:onNext(255)) - client-821285EC2D67->9fa9a271-7bed-4435-b477-86c6ed0ece08: receive RaftClientReply:client-821285EC2D67->9fa9a271-7bed-4435-b477-86c6ed0ece08@group-0E07FAD1B91E, cid=1100, SUCCESS, logIndex=1520, commits[9fa9a271-7bed-4435-b477-86c6ed0ece08:c1520, 06c1a879-4ae3-48dc-9686-b55cde066000:c1516, 67fae1a7-3cbe-4338-9d41-57e84498288b:c1516]
2019-07-10 10:27:24,508 INFO  client.GrpcClientProtocolClient (GrpcClientProtocolClient.java:onNext(255)) - client-821285EC2D67->9fa9a271-7bed-4435-b477-86c6ed0ece08: receive RaftClientReply:client-821285EC2D67->9fa9a271-7bed-4435-b477-86c6ed0ece08@group-0E07FAD1B91E, cid=1101, SUCCESS, logIndex=0, commits[9fa9a271-7bed-4435-b477-86c6ed0ece08:c1522, 06c1a879-4ae3-48dc-9686-b55cde066000:c1518, 67fae1a7-3cbe-4338-9d41-57e84498288b:c1518]
2019-07-10 10:27:24,522 INFO  client.GrpcClientProtocolClient (GrpcClientProtocolClient.java:onNext(255)) - client-821285EC2D67->9fa9a271-7bed-4435-b477-86c6ed0ece08: receive RaftClientReply:client-821285EC2D67->9fa9a271-7bed-4435-b477-86c6ed0ece08@group-0E07FAD1B91E, cid=1102, SUCCESS, logIndex=1525, commits[9fa9a271-7bed-4435-b477-86c6ed0ece08:c1526, 06c1a879-4ae3-48dc-9686-b55cde066000:c1524, 67fae1a7-3cbe-4338-9d41-57e84498288b:c1524]
2019-07-10 10:27:24,522 INFO  client.GrpcClientProtocolClient (GrpcClientProtocolClient.java:onNext(255)) - client-821285EC2D67->9fa9a271-7bed-4435-b477-86c6ed0ece08: receive RaftClientReply:client-821285EC2D67->9fa9a271-7bed-4435-b477-86c6ed0ece08@group-0E07FAD1B91E, cid=1103, SUCCESS, logIndex=1526, commits[9fa9a271-7bed-4435-b477-86c6ed0ece08:c1526, 06c1a879-4ae3-48dc-9686-b55cde066000:c1524, 67fae1a7-3cbe-4338-9d41-57e84498288b:c1524]
2019-07-10 10:27:24,543 INFO  client.GrpcClientProtocolClient (GrpcClientProtocolClient.java:onNext(255)) - client-821285EC2D67->9fa9a271-7bed-4435-b477-86c6ed0ece08: receive RaftClientReply:client-821285EC2D67->9fa9a271-7bed-4435-b477-86c6ed0ece08@group-0E07FAD1B91E, cid=1104, SUCCESS, logIndex=1529, commits[9fa9a271-7bed-4435-b477-86c6ed0ece08:c1530, 06c1a879-4ae3-48dc-9686-b55cde066000:c1526, 67fae1a7-3cbe-4338-9d41-57e84498288b:c1528]
2019-07-10 10:27:24,544 INFO  client.GrpcClientProtocolClient (GrpcClientProtocolClient.java:onNext(255)) - client-821285EC2D67->9fa9a271-7bed-4435-b477-86c6ed0ece08: receive RaftClientReply:client-821285EC2D67->9fa9a271-7bed-4435-b477-86c6ed0ece08@group-0E07FAD1B91E, cid=1105, SUCCESS, logIndex=1530, commits[9fa9a271-7bed-4435-b477-86c6ed0ece08:c1530, 06c1a879-4ae3-48dc-9686-b55cde066000:c1528, 67fae1a7-3cbe-4338-9d41-57e84498288b:c1528]
2019-07-10 10:27:24,545 INFO  client.GrpcClientProtocolClient (GrpcClientProtocolClient.java:onNext(255)) - client-821285EC2D67->9fa9a271-7bed-4435-b477-86c6ed0ece08: receive RaftClientReply:client-821285EC2D67->9fa9a271-7bed-4435-b477-86c6ed0ece08@group-0E07FAD1B91E, cid=1106, SUCCESS, logIndex=0, commits[9fa9a271-7bed-4435-b477-86c6ed0ece08:c1531, 06c1a879-4ae3-48dc-9686-b55cde066000:c1530, 67fae1a7-3cbe-4338-9d41-57e84498288b:c1530]
2019-07-10 10:27:24,565 INFO  client.GrpcClientProtocolClient (GrpcClientProtocolClient.java:onNext(255)) - client-821285EC2D67->9fa9a271-7bed-4435-b477-86c6ed0ece08: receive RaftClientReply:client-821285EC2D67->9fa9a271-7bed-4435-b477-86c6ed0ece08@group-0E07FAD1B91E, cid=1107, SUCCESS, logIndex=1533, commits[9fa9a271-7bed-4435-b477-86c6ed0ece08:c1534, 06c1a879-4ae3-48dc-9686-b55cde066000:c1532, 67fae1a7-3cbe-4338-9d41-57e84498288b:c1532]
2019-07-10 10:27:24,566 INFO  client.GrpcClientProtocolClient (GrpcClientProtocolClient.java:onNext(255)) - client-821285EC2D67->9fa9a271-7bed-4435-b477-86c6ed0ece08: receive RaftClientReply:client-821285EC2D67->9fa9a271-7bed-4435-b477-86c6ed0ece08@group-0E07FAD1B91E, cid=1108, SUCCESS, logIndex=1534, commits[9fa9a271-7bed-4435-b477-86c6ed0ece08:c1534, 06c1a879-4ae3-48dc-9686-b55cde066000:c1532, 67fae1a7-3cbe-4338-9d41-57e84498288b:c1532]
2019-07-10 10:27:24,566 INFO  client.GrpcClientProtocolClient (GrpcClientProtocolClient.java:onNext(255)) - client-821285EC2D67->9fa9a271-7bed-4435-b477-86c6ed0ece08: receive RaftClientReply:client-821285EC2D67->9fa9a271-7bed-4435-b477-86c6ed0ece08@group-0E07FAD1B91E, cid=1109, SUCCESS, logIndex=1535, commits[9fa9a271-7bed-4435-b477-86c6ed0ece08:c1536, 06c1a879-4ae3-48dc-9686-b55cde066000:c1532, 67fae1a7-3cbe-4338-9d41-57e84498288b:c1532]
2019-07-10 10:27:24,567 INFO  client.GrpcClientProtocolClient (GrpcClientProtocolClient.java:onNext(255)) - client-821285EC2D67->9fa9a271-7bed-4435-b477-86c6ed0ece08: receive RaftClientReply:client-821285EC2D67->9fa9a271-7bed-4435-b477-86c6ed0ece08@group-0E07FAD1B91E, cid=1110, SUCCESS, logIndex=1536, commits[9fa9a271-7bed-4435-b477-86c6ed0ece08:c1536, 06c1a879-4ae3-48dc-9686-b55cde066000:c1532, 67fae1a7-3cbe-4338-9d41-57e84498288b:c1532]
2019-07-10 10:27:24,568 INFO  client.GrpcClientProtocolClient (GrpcClientProtocolClient.java:onNext(255)) - client-821285EC2D67->9fa9a271-7bed-4435-b477-86c6ed0ece08: receive RaftClientReply:client-821285EC2D67->9fa9a271-7bed-4435-b477-86c6ed0ece08@group-0E07FAD1B91E, cid=1111, SUCCESS, logIndex=0, commits[9fa9a271-7bed-4435-b477-86c6ed0ece08:c1538, 06c1a879-4ae3-48dc-9686-b55cde066000:c1534, 67fae1a7-3cbe-4338-9d41-57e84498288b:c1534]
2019-07-10 10:27:24,587 INFO  client.GrpcClientProtocolClient (GrpcClientProtocolClient.java:onNext(255)) - client-821285EC2D67->9fa9a271-7bed-4435-b477-86c6ed0ece08: receive RaftClientReply:client-821285EC2D67->9fa9a271-7bed-4435-b477-86c6ed0ece08@group-0E07FAD1B91E, cid=1112, SUCCESS, logIndex=1541, commits[9fa9a271-7bed-4435-b477-86c6ed0ece08:c1542, 06c1a879-4ae3-48dc-9686-b55cde066000:c1540, 67fae1a7-3cbe-4338-9d41-57e84498288b:c1540]
2019-07-10 10:27:24,587 INFO  client.GrpcClientProtocolClient (GrpcClientProtocolClient.java:onNext(255)) - client-821285EC2D67->9fa9a271-7bed-4435-b477-86c6ed0ece08: receive RaftClientReply:client-821285EC2D67->9fa9a271-7bed-4435-b477-86c6ed0ece08@group-0E07FAD1B91E, cid=1113, SUCCESS, logIndex=1542, commits[9fa9a271-7bed-4435-b477-86c6ed0ece08:c1542, 06c1a879-4ae3-48dc-9686-b55cde066000:c1540, 67fae1a7-3cbe-4338-9d41-57e84498288b:c1540]
2019-07-10 10:27:24,605 INFO  client.GrpcClientProtocolClient (GrpcClientProtocolClient.java:onNext(255)) - client-821285EC2D67->9fa9a271-7bed-4435-b477-86c6ed0ece08: receive RaftClientReply:client-821285EC2D67->9fa9a271-7bed-4435-b477-86c6ed0ece08@group-0E07FAD1B91E, cid=1114, SUCCESS, logIndex=1545, commits[9fa9a271-7bed-4435-b477-86c6ed0ece08:c1546, 06c1a879-4ae3-48dc-9686-b55cde066000:c1542, 67fae1a7-3cbe-4338-9d41-57e84498288b:c1542]
2019-07-10 10:27:24,606 INFO  client.GrpcClientProtocolClient (GrpcClientProtocolClient.java:onNext(255)) - client-821285EC2D67->9fa9a271-7bed-4435-b477-86c6ed0ece08: receive RaftClientReply:client-821285EC2D67->9fa9a271-7bed-4435-b477-86c6ed0ece08@group-0E07FAD1B91E, cid=1115, SUCCESS, logIndex=1546, commits[9fa9a271-7bed-4435-b477-86c6ed0ece08:c1546, 06c1a879-4ae3-48dc-9686-b55cde066000:c1542, 67fae1a7-3cbe-4338-9d41-57e84498288b:c1542]
2019-07-10 10:27:24,608 INFO  client.GrpcClientProtocolClient (GrpcClientProtocolClient.java:onNext(255)) - client-821285EC2D67->9fa9a271-7bed-4435-b477-86c6ed0ece08: receive RaftClientReply:client-821285EC2D67->9fa9a271-7bed-4435-b477-86c6ed0ece08@group-0E07FAD1B91E, cid=1116, SUCCESS, logIndex=0, commits[9fa9a271-7bed-4435-b477-86c6ed0ece08:c1548, 06c1a879-4ae3-48dc-9686-b55cde066000:c1546, 67fae1a7-3cbe-4338-9d41-57e84498288b:c1546]
2019-07-10 10:27:24,632 INFO  client.GrpcClientProtocolClient (GrpcClientProtocolClient.java:onNext(255)) - client-821285EC2D67->9fa9a271-7bed-4435-b477-86c6ed0ece08: receive RaftClientReply:client-821285EC2D67->9fa9a271-7bed-4435-b477-86c6ed0ece08@group-0E07FAD1B91E, cid=1117, SUCCESS, logIndex=1549, commits[9fa9a271-7bed-4435-b477-86c6ed0ece08:c1550, 06c1a879-4ae3-48dc-9686-b55cde066000:c1548, 67fae1a7-3cbe-4338-9d41-57e84498288b:c1548]
2019-07-10 10:27:24,633 INFO  client.GrpcClientProtocolClient (GrpcClientProtocolClient.java:onNext(255)) - client-821285EC2D67->9fa9a271-7bed-4435-b477-86c6ed0ece08: receive RaftClientReply:client-821285EC2D67->9fa9a271-7bed-4435-b477-86c6ed0ece08@group-0E07FAD1B91E, cid=1118, SUCCESS, logIndex=1550, commits[9fa9a271-7bed-4435-b477-86c6ed0ece08:c1552, 06c1a879-4ae3-48dc-9686-b55cde066000:c1548, 67fae1a7-3cbe-4338-9d41-57e84498288b:c1548]
2019-07-10 10:27:24,633 INFO  client.GrpcClientProtocolClient (GrpcClientProtocolClient.java:onNext(255)) - client-821285EC2D67->9fa9a271-7bed-4435-b477-86c6ed0ece08: receive RaftClientReply:client-821285EC2D67->9fa9a271-7bed-4435-b477-86c6ed0ece08@group-0E07FAD1B91E, cid=1119, SUCCESS, logIndex=1551, commits[9fa9a271-7bed-4435-b477-86c6ed0ece08:c1552, 06c1a879-4ae3-48dc-9686-b55cde066000:c1548, 67fae1a7-3cbe-4338-9d41-57e84498288b:c1548]
2019-07-10 10:27:24,633 INFO  client.GrpcClientProtocolClient (GrpcClientProtocolClient.java:onNext(255)) - client-821285EC2D67->9fa9a271-7bed-4435-b477-86c6ed0ece08: receive RaftClientReply:client-821285EC2D67->9fa9a271-7bed-4435-b477-86c6ed0ece08@group-0E07FAD1B91E, cid=1120, SUCCESS, logIndex=1552, commits[9fa9a271-7bed-4435-b477-86c6ed0ece08:c1552, 06c1a879-4ae3-48dc-9686-b55cde066000:c1548, 67fae1a7-3cbe-4338-9d41-57e84498288b:c1548]
2019-07-10 10:27:24,635 INFO  client.GrpcClientProtocolClient (GrpcClientProtocolClient.java:onNext(255)) - client-821285EC2D67->9fa9a271-7bed-4435-b477-86c6ed0ece08: receive RaftClientReply:client-821285EC2D67->9fa9a271-7bed-4435-b477-86c6ed0ece08@group-0E07FAD1B91E, cid=1121, SUCCESS, logIndex=0, commits[9fa9a271-7bed-4435-b477-86c6ed0ece08:c1555, 06c1a879-4ae3-48dc-9686-b55cde066000:c1552, 67fae1a7-3cbe-4338-9d41-57e84498288b:c1550]
2019-07-10 10:27:24,769 INFO  client.GrpcClientProtocolClient (GrpcClientProtocolClient.java:onNext(255)) - client-821285EC2D67->9fa9a271-7bed-4435-b477-86c6ed0ece08: receive RaftClientReply:client-821285EC2D67->9fa9a271-7bed-4435-b477-86c6ed0ece08@group-0E07FAD1B91E, cid=1122, SUCCESS, logIndex=1556, commits[9fa9a271-7bed-4435-b477-86c6ed0ece08:c1557, 06c1a879-4ae3-48dc-9686-b55cde066000:c1555, 67fae1a7-3cbe-4338-9d41-57e84498288b:c1552]
2019-07-10 10:27:24,769 INFO  client.GrpcClientProtocolClient (GrpcClientProtocolClient.java:onNext(255)) - client-821285EC2D67->9fa9a271-7bed-4435-b477-86c6ed0ece08: receive RaftClientReply:client-821285EC2D67->9fa9a271-7bed-4435-b477-86c6ed0ece08@group-0E07FAD1B91E, cid=1123, SUCCESS, logIndex=1557, commits[9fa9a271-7bed-4435-b477-86c6ed0ece08:c1557, 06c1a879-4ae3-48dc-9686-b55cde066000:c1555, 67fae1a7-3cbe-4338-9d41-57e84498288b:c1555]
2019-07-10 10:27:24,789 INFO  client.GrpcClientProtocolClient (GrpcClientProtocolClient.java:onNext(255)) - client-821285EC2D67->9fa9a271-7bed-4435-b477-86c6ed0ece08: receive RaftClientReply:client-821285EC2D67->9fa9a271-7bed-4435-b477-86c6ed0ece08@group-0E07FAD1B91E, cid=1124, SUCCESS, logIndex=1560, commits[9fa9a271-7bed-4435-b477-86c6ed0ece08:c1561, 06c1a879-4ae3-48dc-9686-b55cde066000:c1559, 67fae1a7-3cbe-4338-9d41-57e84498288b:c1559]
2019-07-10 10:27:24,789 INFO  client.GrpcClientProtocolClient (GrpcClientProtocolClient.java:onNext(255)) - client-821285EC2D67->9fa9a271-7bed-4435-b477-86c6ed0ece08: receive RaftClientReply:client-821285EC2D67->9fa9a271-7bed-4435-b477-86c6ed0ece08@group-0E07FAD1B91E, cid=1125, SUCCESS, logIndex=1561, commits[9fa9a271-7bed-4435-b477-86c6ed0ece08:c1561, 06c1a879-4ae3-48dc-9686-b55cde066000:c1559, 67fae1a7-3cbe-4338-9d41-57e84498288b:c1559]
2019-07-10 10:27:24,798 INFO  client.GrpcClientProtocolClient (GrpcClientProtocolClient.java:onNext(255)) - client-821285EC2D67->9fa9a271-7bed-4435-b477-86c6ed0ece08: receive RaftClientReply:client-821285EC2D67->9fa9a271-7bed-4435-b477-86c6ed0ece08@group-0E07FAD1B91E, cid=1126, SUCCESS, logIndex=0, commits[9fa9a271-7bed-4435-b477-86c6ed0ece08:c1562, 06c1a879-4ae3-48dc-9686-b55cde066000:c1561, 67fae1a7-3cbe-4338-9d41-57e84498288b:c1561]
2019-07-10 10:27:24,818 INFO  client.GrpcClientProtocolClient (GrpcClientProtocolClient.java:onNext(255)) - client-821285EC2D67->9fa9a271-7bed-4435-b477-86c6ed0ece08: receive RaftClientReply:client-821285EC2D67->9fa9a271-7bed-4435-b477-86c6ed0ece08@group-0E07FAD1B91E, cid=1127, SUCCESS, logIndex=1564, commits[9fa9a271-7bed-4435-b477-86c6ed0ece08:c1566, 06c1a879-4ae3-48dc-9686-b55cde066000:c1563, 67fae1a7-3cbe-4338-9d41-57e84498288b:c1563]
2019-07-10 10:27:24,819 INFO  client.GrpcClientProtocolClient (GrpcClientProtocolClient.java:onNext(255)) - client-821285EC2D67->9fa9a271-7bed-4435-b477-86c6ed0ece08: receive RaftClientReply:client-821285EC2D67->9fa9a271-7bed-4435-b477-86c6ed0ece08@group-0E07FAD1B91E, cid=1128, SUCCESS, logIndex=1565, commits[9fa9a271-7bed-4435-b477-86c6ed0ece08:c1567, 06c1a879-4ae3-48dc-9686-b55cde066000:c1563, 67fae1a7-3cbe-4338-9d41-57e84498288b:c1563]
2019-07-10 10:27:24,820 INFO  client.GrpcClientProtocolClient (GrpcClientProtocolClient.java:onNext(255)) - client-821285EC2D67->9fa9a271-7bed-4435-b477-86c6ed0ece08: receive RaftClientReply:client-821285EC2D67->9fa9a271-7bed-4435-b477-86c6ed0ece08@group-0E07FAD1B91E, cid=1129, SUCCESS, logIndex=1566, commits[9fa9a271-7bed-4435-b477-86c6ed0ece08:c1567, 06c1a879-4ae3-48dc-9686-b55cde066000:c1563, 67fae1a7-3cbe-4338-9d41-57e84498288b:c1563]
2019-07-10 10:27:24,820 INFO  client.GrpcClientProtocolClient (GrpcClientProtocolClient.java:onNext(255)) - client-821285EC2D67->9fa9a271-7bed-4435-b477-86c6ed0ece08: receive RaftClientReply:client-821285EC2D67->9fa9a271-7bed-4435-b477-86c6ed0ece08@group-0E07FAD1B91E, cid=1130, SUCCESS, logIndex=1567, commits[9fa9a271-7bed-4435-b477-86c6ed0ece08:c1568, 06c1a879-4ae3-48dc-9686-b55cde066000:c1563, 67fae1a7-3cbe-4338-9d41-57e84498288b:c1564]
2019-07-10 10:27:24,822 INFO  client.GrpcClientProtocolClient (GrpcClientProtocolClient.java:onNext(255)) - client-821285EC2D67->9fa9a271-7bed-4435-b477-86c6ed0ece08: receive RaftClientReply:client-821285EC2D67->9fa9a271-7bed-4435-b477-86c6ed0ece08@group-0E07FAD1B91E, cid=1131, SUCCESS, logIndex=0, commits[9fa9a271-7bed-4435-b477-86c6ed0ece08:c1571, 06c1a879-4ae3-48dc-9686-b55cde066000:c1567, 67fae1a7-3cbe-4338-9d41-57e84498288b:c1565]
2019-07-10 10:27:24,838 INFO  client.GrpcClientProtocolClient (GrpcClientProtocolClient.java:onNext(255)) - client-821285EC2D67->9fa9a271-7bed-4435-b477-86c6ed0ece08: receive RaftClientReply:client-821285EC2D67->9fa9a271-7bed-4435-b477-86c6ed0ece08@group-0E07FAD1B91E, cid=1132, SUCCESS, logIndex=1572, commits[9fa9a271-7bed-4435-b477-86c6ed0ece08:c1573, 06c1a879-4ae3-48dc-9686-b55cde066000:c1567, 67fae1a7-3cbe-4338-9d41-57e84498288b:c1571]
2019-07-10 10:27:24,838 INFO  client.GrpcClientProtocolClient (GrpcClientProtocolClient.java:onNext(255)) - client-821285EC2D67->9fa9a271-7bed-4435-b477-86c6ed0ece08: receive RaftClientReply:client-821285EC2D67->9fa9a271-7bed-4435-b477-86c6ed0ece08@group-0E07FAD1B91E, cid=1133, SUCCESS, logIndex=1573, commits[9fa9a271-7bed-4435-b477-86c6ed0ece08:c1573, 06c1a879-4ae3-48dc-9686-b55cde066000:c1571, 67fae1a7-3cbe-4338-9d41-57e84498288b:c1571]
2019-07-10 10:27:24,853 INFO  client.GrpcClientProtocolClient (GrpcClientProtocolClient.java:onNext(255)) - client-821285EC2D67->9fa9a271-7bed-4435-b477-86c6ed0ece08: receive RaftClientReply:client-821285EC2D67->9fa9a271-7bed-4435-b477-86c6ed0ece08@group-0E07FAD1B91E, cid=1134, SUCCESS, logIndex=1576, commits[9fa9a271-7bed-4435-b477-86c6ed0ece08:c1577, 06c1a879-4ae3-48dc-9686-b55cde066000:c1575, 67fae1a7-3cbe-4338-9d41-57e84498288b:c1575]
2019-07-10 10:27:24,854 INFO  client.GrpcClientProtocolClient (GrpcClientProtocolClient.java:onNext(255)) - client-821285EC2D67->9fa9a271-7bed-4435-b477-86c6ed0ece08: receive RaftClientReply:client-821285EC2D67->9fa9a271-7bed-4435-b477-86c6ed0ece08@group-0E07FAD1B91E, cid=1135, SUCCESS, logIndex=1577, commits[9fa9a271-7bed-4435-b477-86c6ed0ece08:c1577, 06c1a879-4ae3-48dc-9686-b55cde066000:c1575, 67fae1a7-3cbe-4338-9d41-57e84498288b:c1575]
2019-07-10 10:27:24,865 INFO  client.GrpcClientProtocolClient (GrpcClientProtocolClient.java:onNext(255)) - client-821285EC2D67->9fa9a271-7bed-4435-b477-86c6ed0ece08: receive RaftClientReply:client-821285EC2D67->9fa9a271-7bed-4435-b477-86c6ed0ece08@group-0E07FAD1B91E, cid=1136, SUCCESS, logIndex=0, commits[9fa9a271-7bed-4435-b477-86c6ed0ece08:c1578, 06c1a879-4ae3-48dc-9686-b55cde066000:c1577, 67fae1a7-3cbe-4338-9d41-57e84498288b:c1577]
2019-07-10 10:27:24,886 INFO  client.GrpcClientProtocolClient (GrpcClientProtocolClient.java:onNext(255)) - client-821285EC2D67->9fa9a271-7bed-4435-b477-86c6ed0ece08: receive RaftClientReply:client-821285EC2D67->9fa9a271-7bed-4435-b477-86c6ed0ece08@group-0E07FAD1B91E, cid=1137, SUCCESS, logIndex=1580, commits[9fa9a271-7bed-4435-b477-86c6ed0ece08:c1581, 06c1a879-4ae3-48dc-9686-b55cde066000:c1579, 67fae1a7-3cbe-4338-9d41-57e84498288b:c1579]
2019-07-10 10:27:24,887 INFO  client.GrpcClientProtocolClient (GrpcClientProtocolClient.java:onNext(255)) - client-821285EC2D67->9fa9a271-7bed-4435-b477-86c6ed0ece08: receive RaftClientReply:client-821285EC2D67->9fa9a271-7bed-4435-b477-86c6ed0ece08@group-0E07FAD1B91E, cid=1138, SUCCESS, logIndex=1581, commits[9fa9a271-7bed-4435-b477-86c6ed0ece08:c1582, 06c1a879-4ae3-48dc-9686-b55cde066000:c1579, 67fae1a7-3cbe-4338-9d41-57e84498288b:c1579]
2019-07-10 10:27:24,887 INFO  client.GrpcClientProtocolClient (GrpcClientProtocolClient.java:onNext(255)) - client-821285EC2D67->9fa9a271-7bed-4435-b477-86c6ed0ece08: receive RaftClientReply:client-821285EC2D67->9fa9a271-7bed-4435-b477-86c6ed0ece08@group-0E07FAD1B91E, cid=1139, SUCCESS, logIndex=1582, commits[9fa9a271-7bed-4435-b477-86c6ed0ece08:c1583, 06c1a879-4ae3-48dc-9686-b55cde066000:c1580, 67fae1a7-3cbe-4338-9d41-57e84498288b:c1579]
2019-07-10 10:27:24,888 INFO  client.GrpcClientProtocolClient (GrpcClientProtocolClient.java:onNext(255)) - client-821285EC2D67->9fa9a271-7bed-4435-b477-86c6ed0ece08: receive RaftClientReply:client-821285EC2D67->9fa9a271-7bed-4435-b477-86c6ed0ece08@group-0E07FAD1B91E, cid=1140, SUCCESS, logIndex=1583, commits[9fa9a271-7bed-4435-b477-86c6ed0ece08:c1584, 06c1a879-4ae3-48dc-9686-b55cde066000:c1581, 67fae1a7-3cbe-4338-9d41-57e84498288b:c1580]
2019-07-10 10:27:24,898 INFO  client.GrpcClientProtocolClient (GrpcClientProtocolClient.java:onNext(255)) - client-821285EC2D67->9fa9a271-7bed-4435-b477-86c6ed0ece08: receive RaftClientReply:client-821285EC2D67->9fa9a271-7bed-4435-b477-86c6ed0ece08@group-0E07FAD1B91E, cid=1141, SUCCESS, logIndex=0, commits[9fa9a271-7bed-4435-b477-86c6ed0ece08:c1586, 06c1a879-4ae3-48dc-9686-b55cde066000:c1582, 67fae1a7-3cbe-4338-9d41-57e84498288b:c1581]
2019-07-10 10:27:24,918 INFO  client.GrpcClientProtocolClient (GrpcClientProtocolClient.java:onNext(255)) - client-821285EC2D67->9fa9a271-7bed-4435-b477-86c6ed0ece08: receive RaftClientReply:client-821285EC2D67->9fa9a271-7bed-4435-b477-86c6ed0ece08@group-0E07FAD1B91E, cid=1142, SUCCESS, logIndex=1588, commits[9fa9a271-7bed-4435-b477-86c6ed0ece08:c1589, 06c1a879-4ae3-48dc-9686-b55cde066000:c1587, 67fae1a7-3cbe-4338-9d41-57e84498288b:c1587]
2019-07-10 10:27:24,918 INFO  client.GrpcClientProtocolClient (GrpcClientProtocolClient.java:onNext(255)) - client-821285EC2D67->9fa9a271-7bed-4435-b477-86c6ed0ece08: receive RaftClientReply:client-821285EC2D67->9fa9a271-7bed-4435-b477-86c6ed0ece08@group-0E07FAD1B91E, cid=1143, SUCCESS, logIndex=1589, commits[9fa9a271-7bed-4435-b477-86c6ed0ece08:c1589, 06c1a879-4ae3-48dc-9686-b55cde066000:c1587, 67fae1a7-3cbe-4338-9d41-57e84498288b:c1587]
2019-07-10 10:27:24,936 INFO  client.GrpcClientProtocolClient (GrpcClientProtocolClient.java:onNext(255)) - client-821285EC2D67->9fa9a271-7bed-4435-b477-86c6ed0ece08: receive RaftClientReply:client-821285EC2D67->9fa9a271-7bed-4435-b477-86c6ed0ece08@group-0E07FAD1B91E, cid=1144, SUCCESS, logIndex=1592, commits[9fa9a271-7bed-4435-b477-86c6ed0ece08:c1593, 06c1a879-4ae3-48dc-9686-b55cde066000:c1591, 67fae1a7-3cbe-4338-9d41-57e84498288b:c1591]
2019-07-10 10:27:24,936 INFO  client.GrpcClientProtocolClient (GrpcClientProtocolClient.java:onNext(255)) - client-821285EC2D67->9fa9a271-7bed-4435-b477-86c6ed0ece08: receive RaftClientReply:client-821285EC2D67->9fa9a271-7bed-4435-b477-86c6ed0ece08@group-0E07FAD1B91E, cid=1145, SUCCESS, logIndex=1593, commits[9fa9a271-7bed-4435-b477-86c6ed0ece08:c1593, 06c1a879-4ae3-48dc-9686-b55cde066000:c1591, 67fae1a7-3cbe-4338-9d41-57e84498288b:c1591]
2019-07-10 10:27:24,946 INFO  client.GrpcClientProtocolClient (GrpcClientProtocolClient.java:onNext(255)) - client-821285EC2D67->9fa9a271-7bed-4435-b477-86c6ed0ece08: receive RaftClientReply:client-821285EC2D67->9fa9a271-7bed-4435-b477-86c6ed0ece08@group-0E07FAD1B91E, cid=1146, SUCCESS, logIndex=0, commits[9fa9a271-7bed-4435-b477-86c6ed0ece08:c1594, 06c1a879-4ae3-48dc-9686-b55cde066000:c1593, 67fae1a7-3cbe-4338-9d41-57e84498288b:c1593]
 0.00% |█                                                                                                    |  0/1 Time: 0:00:052019-07-10 10:27:24,965 INFO  client.GrpcClientProtocolClient (GrpcClientProtocolClient.java:onNext(255)) - client-821285EC2D67->9fa9a271-7bed-4435-b477-86c6ed0ece08: receive RaftClientReply:client-821285EC2D67->9fa9a271-7bed-4435-b477-86c6ed0ece08@group-0E07FAD1B91E, cid=1147, SUCCESS, logIndex=1596, commits[9fa9a271-7bed-4435-b477-86c6ed0ece08:c1597, 06c1a879-4ae3-48dc-9686-b55cde066000:c1595, 67fae1a7-3cbe-4338-9d41-57e84498288b:c1595]
2019-07-10 10:27:24,965 INFO  client.GrpcClientProtocolClient (GrpcClientProtocolClient.java:onNext(255)) - client-821285EC2D67->9fa9a271-7bed-4435-b477-86c6ed0ece08: receive RaftClientReply:client-821285EC2D67->9fa9a271-7bed-4435-b477-86c6ed0ece08@group-0E07FAD1B91E, cid=1148, SUCCESS, logIndex=1597, commits[9fa9a271-7bed-4435-b477-86c6ed0ece08:c1598, 06c1a879-4ae3-48dc-9686-b55cde066000:c1595, 67fae1a7-3cbe-4338-9d41-57e84498288b:c1595]
2019-07-10 10:27:24,966 INFO  client.GrpcClientProtocolClient (GrpcClientProtocolClient.java:onNext(255)) - client-821285EC2D67->9fa9a271-7bed-4435-b477-86c6ed0ece08: receive RaftClientReply:client-821285EC2D67->9fa9a271-7bed-4435-b477-86c6ed0ece08@group-0E07FAD1B91E, cid=1149, SUCCESS, logIndex=1598, commits[9fa9a271-7bed-4435-b477-86c6ed0ece08:c1599, 06c1a879-4ae3-48dc-9686-b55cde066000:c1595, 67fae1a7-3cbe-4338-9d41-57e84498288b:c1595]
2019-07-10 10:27:24,966 INFO  client.GrpcClientProtocolClient (GrpcClientProtocolClient.java:onNext(255)) - client-821285EC2D67->9fa9a271-7bed-4435-b477-86c6ed0ece08: receive RaftClientReply:client-821285EC2D67->9fa9a271-7bed-4435-b477-86c6ed0ece08@group-0E07FAD1B91E, cid=1150, SUCCESS, logIndex=1599, commits[9fa9a271-7bed-4435-b477-86c6ed0ece08:c1599, 06c1a879-4ae3-48dc-9686-b55cde066000:c1595, 67fae1a7-3cbe-4338-9d41-57e84498288b:c1595]
2019-07-10 10:27:24,967 INFO  client.GrpcClientProtocolClient (GrpcClientProtocolClient.java:onNext(255)) - client-821285EC2D67->9fa9a271-7bed-4435-b477-86c6ed0ece08: receive RaftClientReply:client-821285EC2D67->9fa9a271-7bed-4435-b477-86c6ed0ece08@group-0E07FAD1B91E, cid=1151, SUCCESS, logIndex=0, commits[9fa9a271-7bed-4435-b477-86c6ed0ece08:c1602, 06c1a879-4ae3-48dc-9686-b55cde066000:c1597, 67fae1a7-3cbe-4338-9d41-57e84498288b:c1599]
2019-07-10 10:27:24,985 INFO  client.GrpcClientProtocolClient (GrpcClientProtocolClient.java:onNext(255)) - client-821285EC2D67->9fa9a271-7bed-4435-b477-86c6ed0ece08: receive RaftClientReply:client-821285EC2D67->9fa9a271-7bed-4435-b477-86c6ed0ece08@group-0E07FAD1B91E, cid=1152, SUCCESS, logIndex=1604, commits[9fa9a271-7bed-4435-b477-86c6ed0ece08:c1605, 06c1a879-4ae3-48dc-9686-b55cde066000:c1603, 67fae1a7-3cbe-4338-9d41-57e84498288b:c1603]
2019-07-10 10:27:24,986 INFO  client.GrpcClientProtocolClient (GrpcClientProtocolClient.java:onNext(255)) - client-821285EC2D67->9fa9a271-7bed-4435-b477-86c6ed0ece08: receive RaftClientReply:client-821285EC2D67->9fa9a271-7bed-4435-b477-86c6ed0ece08@group-0E07FAD1B91E, cid=1153, SUCCESS, logIndex=1605, commits[9fa9a271-7bed-4435-b477-86c6ed0ece08:c1605, 06c1a879-4ae3-48dc-9686-b55cde066000:c1603, 67fae1a7-3cbe-4338-9d41-57e84498288b:c1603]
2019-07-10 10:27:24,997 INFO  client.GrpcClientProtocolClient (GrpcClientProtocolClient.java:onNext(255)) - client-821285EC2D67->9fa9a271-7bed-4435-b477-86c6ed0ece08: receive RaftClientReply:client-821285EC2D67->9fa9a271-7bed-4435-b477-86c6ed0ece08@group-0E07FAD1B91E, cid=1154, SUCCESS, logIndex=1608, commits[9fa9a271-7bed-4435-b477-86c6ed0ece08:c1609, 06c1a879-4ae3-48dc-9686-b55cde066000:c1604, 67fae1a7-3cbe-4338-9d41-57e84498288b:c1605]
2019-07-10 10:27:24,997 INFO  client.GrpcClientProtocolClient (GrpcClientProtocolClient.java:onNext(255)) - client-821285EC2D67->9fa9a271-7bed-4435-b477-86c6ed0ece08: receive RaftClientReply:client-821285EC2D67->9fa9a271-7bed-4435-b477-86c6ed0ece08@group-0E07FAD1B91E, cid=1155, SUCCESS, logIndex=1609, commits[9fa9a271-7bed-4435-b477-86c6ed0ece08:c1609, 06c1a879-4ae3-48dc-9686-b55cde066000:c1605, 67fae1a7-3cbe-4338-9d41-57e84498288b:c1605]
2019-07-10 10:27:25,000 INFO  client.GrpcClientProtocolClient (GrpcClientProtocolClient.java:onNext(255)) - client-821285EC2D67->9fa9a271-7bed-4435-b477-86c6ed0ece08: receive RaftClientReply:client-821285EC2D67->9fa9a271-7bed-4435-b477-86c6ed0ece08@group-0E07FAD1B91E, cid=1156, SUCCESS, logIndex=0, commits[9fa9a271-7bed-4435-b477-86c6ed0ece08:c1610, 06c1a879-4ae3-48dc-9686-b55cde066000:c1609, 67fae1a7-3cbe-4338-9d41-57e84498288b:c1609]
2019-07-10 10:27:25,019 INFO  client.GrpcClientProtocolClient (GrpcClientProtocolClient.java:onNext(255)) - client-821285EC2D67->9fa9a271-7bed-4435-b477-86c6ed0ece08: receive RaftClientReply:client-821285EC2D67->9fa9a271-7bed-4435-b477-86c6ed0ece08@group-0E07FAD1B91E, cid=1157, SUCCESS, logIndex=1612, commits[9fa9a271-7bed-4435-b477-86c6ed0ece08:c1613, 06c1a879-4ae3-48dc-9686-b55cde066000:c1611, 67fae1a7-3cbe-4338-9d41-57e84498288b:c1611]
2019-07-10 10:27:25,019 INFO  client.GrpcClientProtocolClient (GrpcClientProtocolClient.java:onNext(255)) - client-821285EC2D67->9fa9a271-7bed-4435-b477-86c6ed0ece08: receive RaftClientReply:client-821285EC2D67->9fa9a271-7bed-4435-b477-86c6ed0ece08@group-0E07FAD1B91E, cid=1158, SUCCESS, logIndex=1613, commits[9fa9a271-7bed-4435-b477-86c6ed0ece08:c1614, 06c1a879-4ae3-48dc-9686-b55cde066000:c1611, 67fae1a7-3cbe-4338-9d41-57e84498288b:c1611]
2019-07-10 10:27:25,020 INFO  client.GrpcClientProtocolClient (GrpcClientProtocolClient.java:onNext(255)) - client-821285EC2D67->9fa9a271-7bed-4435-b477-86c6ed0ece08: receive RaftClientReply:client-821285EC2D67->9fa9a271-7bed-4435-b477-86c6ed0ece08@group-0E07FAD1B91E, cid=1159, SUCCESS, logIndex=1614, commits[9fa9a271-7bed-4435-b477-86c6ed0ece08:c1615, 06c1a879-4ae3-48dc-9686-b55cde066000:c1611, 67fae1a7-3cbe-4338-9d41-57e84498288b:c1611]
2019-07-10 10:27:25,020 INFO  client.GrpcClientProtocolClient (GrpcClientProtocolClient.java:onNext(255)) - client-821285EC2D67->9fa9a271-7bed-4435-b477-86c6ed0ece08: receive RaftClientReply:client-821285EC2D67->9fa9a271-7bed-4435-b477-86c6ed0ece08@group-0E07FAD1B91E, cid=1160, SUCCESS, logIndex=1615, commits[9fa9a271-7bed-4435-b477-86c6ed0ece08:c1615, 06c1a879-4ae3-48dc-9686-b55cde066000:c1611, 67fae1a7-3cbe-4338-9d41-57e84498288b:c1611]
2019-07-10 10:27:25,023 INFO  client.GrpcClientProtocolClient (GrpcClientProtocolClient.java:onNext(255)) - client-821285EC2D67->9fa9a271-7bed-4435-b477-86c6ed0ece08: receive RaftClientReply:client-821285EC2D67->9fa9a271-7bed-4435-b477-86c6ed0ece08@group-0E07FAD1B91E, cid=1161, SUCCESS, logIndex=0, commits[9fa9a271-7bed-4435-b477-86c6ed0ece08:c1617, 06c1a879-4ae3-48dc-9686-b55cde066000:c1613, 67fae1a7-3cbe-4338-9d41-57e84498288b:c1613]
2019-07-10 10:27:25,041 INFO  client.GrpcClientProtocolClient (GrpcClientProtocolClient.java:onNext(255)) - client-821285EC2D67->9fa9a271-7bed-4435-b477-86c6ed0ece08: receive RaftClientReply:client-821285EC2D67->9fa9a271-7bed-4435-b477-86c6ed0ece08@group-0E07FAD1B91E, cid=1162, SUCCESS, logIndex=1620, commits[9fa9a271-7bed-4435-b477-86c6ed0ece08:c1621, 06c1a879-4ae3-48dc-9686-b55cde066000:c1619, 67fae1a7-3cbe-4338-9d41-57e84498288b:c1619]
2019-07-10 10:27:25,041 INFO  client.GrpcClientProtocolClient (GrpcClientProtocolClient.java:onNext(255)) - client-821285EC2D67->9fa9a271-7bed-4435-b477-86c6ed0ece08: receive RaftClientReply:client-821285EC2D67->9fa9a271-7bed-4435-b477-86c6ed0ece08@group-0E07FAD1B91E, cid=1163, SUCCESS, logIndex=1621, commits[9fa9a271-7bed-4435-b477-86c6ed0ece08:c1621, 06c1a879-4ae3-48dc-9686-b55cde066000:c1619, 67fae1a7-3cbe-4338-9d41-57e84498288b:c1619]
2019-07-10 10:27:25,053 INFO  client.GrpcClientProtocolClient (GrpcClientProtocolClient.java:onNext(255)) - client-821285EC2D67->9fa9a271-7bed-4435-b477-86c6ed0ece08: receive RaftClientReply:client-821285EC2D67->9fa9a271-7bed-4435-b477-86c6ed0ece08@group-0E07FAD1B91E, cid=1164, SUCCESS, logIndex=1624, commits[9fa9a271-7bed-4435-b477-86c6ed0ece08:c1624, 06c1a879-4ae3-48dc-9686-b55cde066000:c1621, 67fae1a7-3cbe-4338-9d41-57e84498288b:c1621]
2019-07-10 10:27:25,053 INFO  client.GrpcClientProtocolClient (GrpcClientProtocolClient.java:onNext(255)) - client-821285EC2D67->9fa9a271-7bed-4435-b477-86c6ed0ece08: receive RaftClientReply:client-821285EC2D67->9fa9a271-7bed-4435-b477-86c6ed0ece08@group-0E07FAD1B91E, cid=1165, SUCCESS, logIndex=1625, commits[9fa9a271-7bed-4435-b477-86c6ed0ece08:c1625, 06c1a879-4ae3-48dc-9686-b55cde066000:c1621, 67fae1a7-3cbe-4338-9d41-57e84498288b:c1621]
2019-07-10 10:27:25,057 INFO  client.GrpcClientProtocolClient (GrpcClientProtocolClient.java:onNext(255)) - client-821285EC2D67->9fa9a271-7bed-4435-b477-86c6ed0ece08: receive RaftClientReply:client-821285EC2D67->9fa9a271-7bed-4435-b477-86c6ed0ece08@group-0E07FAD1B91E, cid=1166, SUCCESS, logIndex=0, commits[9fa9a271-7bed-4435-b477-86c6ed0ece08:c1626, 06c1a879-4ae3-48dc-9686-b55cde066000:c1625, 67fae1a7-3cbe-4338-9d41-57e84498288b:c1625]
2019-07-10 10:27:25,076 INFO  client.GrpcClientProtocolClient (GrpcClientProtocolClient.java:onNext(255)) - client-821285EC2D67->9fa9a271-7bed-4435-b477-86c6ed0ece08: receive RaftClientReply:client-821285EC2D67->9fa9a271-7bed-4435-b477-86c6ed0ece08@group-0E07FAD1B91E, cid=1167, SUCCESS, logIndex=1628, commits[9fa9a271-7bed-4435-b477-86c6ed0ece08:c1629, 06c1a879-4ae3-48dc-9686-b55cde066000:c1627, 67fae1a7-3cbe-4338-9d41-57e84498288b:c1627]
2019-07-10 10:27:25,076 INFO  client.GrpcClientProtocolClient (GrpcClientProtocolClient.java:onNext(255)) - client-821285EC2D67->9fa9a271-7bed-4435-b477-86c6ed0ece08: receive RaftClientReply:client-821285EC2D67->9fa9a271-7bed-4435-b477-86c6ed0ece08@group-0E07FAD1B91E, cid=1168, SUCCESS, logIndex=1629, commits[9fa9a271-7bed-4435-b477-86c6ed0ece08:c1630, 06c1a879-4ae3-48dc-9686-b55cde066000:c1627, 67fae1a7-3cbe-4338-9d41-57e84498288b:c1627]
2019-07-10 10:27:25,076 INFO  client.GrpcClientProtocolClient (GrpcClientProtocolClient.java:onNext(255)) - client-821285EC2D67->9fa9a271-7bed-4435-b477-86c6ed0ece08: receive RaftClientReply:client-821285EC2D67->9fa9a271-7bed-4435-b477-86c6ed0ece08@group-0E07FAD1B91E, cid=1169, SUCCESS, logIndex=1630, commits[9fa9a271-7bed-4435-b477-86c6ed0ece08:c1631, 06c1a879-4ae3-48dc-9686-b55cde066000:c1627, 67fae1a7-3cbe-4338-9d41-57e84498288b:c1627]
2019-07-10 10:27:25,077 INFO  client.GrpcClientProtocolClient (GrpcClientProtocolClient.java:onNext(255)) - client-821285EC2D67->9fa9a271-7bed-4435-b477-86c6ed0ece08: receive RaftClientReply:client-821285EC2D67->9fa9a271-7bed-4435-b477-86c6ed0ece08@group-0E07FAD1B91E, cid=1170, SUCCESS, logIndex=1631, commits[9fa9a271-7bed-4435-b477-86c6ed0ece08:c1631, 06c1a879-4ae3-48dc-9686-b55cde066000:c1627, 67fae1a7-3cbe-4338-9d41-57e84498288b:c1627]
2019-07-10 10:27:25,078 INFO  client.GrpcClientProtocolClient (GrpcClientProtocolClient.java:onNext(255)) - client-821285EC2D67->9fa9a271-7bed-4435-b477-86c6ed0ece08: receive RaftClientReply:client-821285EC2D67->9fa9a271-7bed-4435-b477-86c6ed0ece08@group-0E07FAD1B91E, cid=1171, SUCCESS, logIndex=0, commits[9fa9a271-7bed-4435-b477-86c6ed0ece08:c1633, 06c1a879-4ae3-48dc-9686-b55cde066000:c1629, 67fae1a7-3cbe-4338-9d41-57e84498288b:c1629]
2019-07-10 10:27:25,098 INFO  client.GrpcClientProtocolClient (GrpcClientProtocolClient.java:onNext(255)) - client-821285EC2D67->9fa9a271-7bed-4435-b477-86c6ed0ece08: receive RaftClientReply:client-821285EC2D67->9fa9a271-7bed-4435-b477-86c6ed0ece08@group-0E07FAD1B91E, cid=1172, SUCCESS, logIndex=1636, commits[9fa9a271-7bed-4435-b477-86c6ed0ece08:c1637, 06c1a879-4ae3-48dc-9686-b55cde066000:c1633, 67fae1a7-3cbe-4338-9d41-57e84498288b:c1633]
2019-07-10 10:27:25,098 INFO  client.GrpcClientProtocolClient (GrpcClientProtocolClient.java:onNext(255)) - client-821285EC2D67->9fa9a271-7bed-4435-b477-86c6ed0ece08: receive RaftClientReply:client-821285EC2D67->9fa9a271-7bed-4435-b477-86c6ed0ece08@group-0E07FAD1B91E, cid=1173, SUCCESS, logIndex=1637, commits[9fa9a271-7bed-4435-b477-86c6ed0ece08:c1637, 06c1a879-4ae3-48dc-9686-b55cde066000:c1633, 67fae1a7-3cbe-4338-9d41-57e84498288b:c1633]
2019-07-10 10:27:25,112 INFO  client.GrpcClientProtocolClient (GrpcClientProtocolClient.java:onNext(255)) - client-821285EC2D67->9fa9a271-7bed-4435-b477-86c6ed0ece08: receive RaftClientReply:client-821285EC2D67->9fa9a271-7bed-4435-b477-86c6ed0ece08@group-0E07FAD1B91E, cid=1174, SUCCESS, logIndex=1640, commits[9fa9a271-7bed-4435-b477-86c6ed0ece08:c1641, 06c1a879-4ae3-48dc-9686-b55cde066000:c1639, 67fae1a7-3cbe-4338-9d41-57e84498288b:c1639]
2019-07-10 10:27:25,112 INFO  client.GrpcClientProtocolClient (GrpcClientProtocolClient.java:onNext(255)) - client-821285EC2D67->9fa9a271-7bed-4435-b477-86c6ed0ece08: receive RaftClientReply:client-821285EC2D67->9fa9a271-7bed-4435-b477-86c6ed0ece08@group-0E07FAD1B91E, cid=1175, SUCCESS, logIndex=1641, commits[9fa9a271-7bed-4435-b477-86c6ed0ece08:c1641, 06c1a879-4ae3-48dc-9686-b55cde066000:c1639, 67fae1a7-3cbe-4338-9d41-57e84498288b:c1639]
2019-07-10 10:27:25,115 INFO  client.GrpcClientProtocolClient (GrpcClientProtocolClient.java:onNext(255)) - client-821285EC2D67->9fa9a271-7bed-4435-b477-86c6ed0ece08: receive RaftClientReply:client-821285EC2D67->9fa9a271-7bed-4435-b477-86c6ed0ece08@group-0E07FAD1B91E, cid=1176, SUCCESS, logIndex=0, commits[9fa9a271-7bed-4435-b477-86c6ed0ece08:c1643, 06c1a879-4ae3-48dc-9686-b55cde066000:c1641, 67fae1a7-3cbe-4338-9d41-57e84498288b:c1641]
2019-07-10 10:27:25,127 INFO  client.GrpcClientProtocolClient (GrpcClientProtocolClient.java:onNext(255)) - client-821285EC2D67->9fa9a271-7bed-4435-b477-86c6ed0ece08: receive RaftClientReply:client-821285EC2D67->9fa9a271-7bed-4435-b477-86c6ed0ece08@group-0E07FAD1B91E, cid=1177, SUCCESS, logIndex=1644, commits[9fa9a271-7bed-4435-b477-86c6ed0ece08:c1645, 06c1a879-4ae3-48dc-9686-b55cde066000:c1643, 67fae1a7-3cbe-4338-9d41-57e84498288b:c1641]
2019-07-10 10:27:25,127 INFO  client.GrpcClientProtocolClient (GrpcClientProtocolClient.java:onNext(255)) - client-821285EC2D67->9fa9a271-7bed-4435-b477-86c6ed0ece08: receive RaftClientReply:client-821285EC2D67->9fa9a271-7bed-4435-b477-86c6ed0ece08@group-0E07FAD1B91E, cid=1178, SUCCESS, logIndex=1645, commits[9fa9a271-7bed-4435-b477-86c6ed0ece08:c1645, 06c1a879-4ae3-48dc-9686-b55cde066000:c1643, 67fae1a7-3cbe-4338-9d41-57e84498288b:c1641]
2019-07-10 10:27:25,136 INFO  client.GrpcClientProtocolClient (GrpcClientProtocolClient.java:onNext(255)) - client-821285EC2D67->9fa9a271-7bed-4435-b477-86c6ed0ece08: receive RaftClientReply:client-821285EC2D67->9fa9a271-7bed-4435-b477-86c6ed0ece08@group-0E07FAD1B91E, cid=1179, SUCCESS, logIndex=1646, commits[9fa9a271-7bed-4435-b477-86c6ed0ece08:c1647, 06c1a879-4ae3-48dc-9686-b55cde066000:c1645, 67fae1a7-3cbe-4338-9d41-57e84498288b:c1643]
2019-07-10 10:27:25,137 INFO  client.GrpcClientProtocolClient (GrpcClientProtocolClient.java:onNext(255)) - client-821285EC2D67->9fa9a271-7bed-4435-b477-86c6ed0ece08: receive RaftClientReply:client-821285EC2D67->9fa9a271-7bed-4435-b477-86c6ed0ece08@group-0E07FAD1B91E, cid=1180, SUCCESS, logIndex=1647, commits[9fa9a271-7bed-4435-b477-86c6ed0ece08:c1647, 06c1a879-4ae3-48dc-9686-b55cde066000:c1645, 67fae1a7-3cbe-4338-9d41-57e84498288b:c1643]
2019-07-10 10:27:25,138 INFO  client.GrpcClientProtocolClient (GrpcClientProtocolClient.java:onNext(255)) - client-821285EC2D67->9fa9a271-7bed-4435-b477-86c6ed0ece08: receive RaftClientReply:client-821285EC2D67->9fa9a271-7bed-4435-b477-86c6ed0ece08@group-0E07FAD1B91E, cid=1181, SUCCESS, logIndex=0, commits[9fa9a271-7bed-4435-b477-86c6ed0ece08:c1649, 06c1a879-4ae3-48dc-9686-b55cde066000:c1647, 67fae1a7-3cbe-4338-9d41-57e84498288b:c1645]
2019-07-10 10:27:25,157 INFO  client.GrpcClientProtocolClient (GrpcClientProtocolClient.java:onNext(255)) - client-821285EC2D67->9fa9a271-7bed-4435-b477-86c6ed0ece08: receive RaftClientReply:client-821285EC2D67->9fa9a271-7bed-4435-b477-86c6ed0ece08@group-0E07FAD1B91E, cid=1182, SUCCESS, logIndex=1652, commits[9fa9a271-7bed-4435-b477-86c6ed0ece08:c1653, 06c1a879-4ae3-48dc-9686-b55cde066000:c1651, 67fae1a7-3cbe-4338-9d41-57e84498288b:c1651]
2019-07-10 10:27:25,157 INFO  client.GrpcClientProtocolClient (GrpcClientProtocolClient.java:onNext(255)) - client-821285EC2D67->9fa9a271-7bed-4435-b477-86c6ed0ece08: receive RaftClientReply:client-821285EC2D67->9fa9a271-7bed-4435-b477-86c6ed0ece08@group-0E07FAD1B91E, cid=1183, SUCCESS, logIndex=1653, commits[9fa9a271-7bed-4435-b477-86c6ed0ece08:c1653, 06c1a879-4ae3-48dc-9686-b55cde066000:c1651, 67fae1a7-3cbe-4338-9d41-57e84498288b:c1651]
2019-07-10 10:27:25,178 INFO  client.GrpcClientProtocolClient (GrpcClientProtocolClient.java:onNext(255)) - client-821285EC2D67->9fa9a271-7bed-4435-b477-86c6ed0ece08: receive RaftClientReply:client-821285EC2D67->9fa9a271-7bed-4435-b477-86c6ed0ece08@group-0E07FAD1B91E, cid=1184, SUCCESS, logIndex=1656, commits[9fa9a271-7bed-4435-b477-86c6ed0ece08:c1657, 06c1a879-4ae3-48dc-9686-b55cde066000:c1655, 67fae1a7-3cbe-4338-9d41-57e84498288b:c1655]
2019-07-10 10:27:25,178 INFO  client.GrpcClientProtocolClient (GrpcClientProtocolClient.java:onNext(255)) - client-821285EC2D67->9fa9a271-7bed-4435-b477-86c6ed0ece08: receive RaftClientReply:client-821285EC2D67->9fa9a271-7bed-4435-b477-86c6ed0ece08@group-0E07FAD1B91E, cid=1185, SUCCESS, logIndex=1657, commits[9fa9a271-7bed-4435-b477-86c6ed0ece08:c1657, 06c1a879-4ae3-48dc-9686-b55cde066000:c1655, 67fae1a7-3cbe-4338-9d41-57e84498288b:c1655]
2019-07-10 10:27:25,180 INFO  client.GrpcClientProtocolClient (GrpcClientProtocolClient.java:onNext(255)) - client-821285EC2D67->9fa9a271-7bed-4435-b477-86c6ed0ece08: receive RaftClientReply:client-821285EC2D67->9fa9a271-7bed-4435-b477-86c6ed0ece08@group-0E07FAD1B91E, cid=1186, SUCCESS, logIndex=0, commits[9fa9a271-7bed-4435-b477-86c6ed0ece08:c1658, 06c1a879-4ae3-48dc-9686-b55cde066000:c1657, 67fae1a7-3cbe-4338-9d41-57e84498288b:c1657]
2019-07-10 10:27:25,199 INFO  client.GrpcClientProtocolClient (GrpcClientProtocolClient.java:onNext(255)) - client-821285EC2D67->9fa9a271-7bed-4435-b477-86c6ed0ece08: receive RaftClientReply:client-821285EC2D67->9fa9a271-7bed-4435-b477-86c6ed0ece08@group-0E07FAD1B91E, cid=1187, SUCCESS, logIndex=1660, commits[9fa9a271-7bed-4435-b477-86c6ed0ece08:c1661, 06c1a879-4ae3-48dc-9686-b55cde066000:c1659, 67fae1a7-3cbe-4338-9d41-57e84498288b:c1659]
2019-07-10 10:27:25,200 INFO  client.GrpcClientProtocolClient (GrpcClientProtocolClient.java:onNext(255)) - client-821285EC2D67->9fa9a271-7bed-4435-b477-86c6ed0ece08: receive RaftClientReply:client-821285EC2D67->9fa9a271-7bed-4435-b477-86c6ed0ece08@group-0E07FAD1B91E, cid=1188, SUCCESS, logIndex=1661, commits[9fa9a271-7bed-4435-b477-86c6ed0ece08:c1662, 06c1a879-4ae3-48dc-9686-b55cde066000:c1659, 67fae1a7-3cbe-4338-9d41-57e84498288b:c1659]
2019-07-10 10:27:25,200 INFO  client.GrpcClientProtocolClient (GrpcClientProtocolClient.java:onNext(255)) - client-821285EC2D67->9fa9a271-7bed-4435-b477-86c6ed0ece08: receive RaftClientReply:client-821285EC2D67->9fa9a271-7bed-4435-b477-86c6ed0ece08@group-0E07FAD1B91E, cid=1189, SUCCESS, logIndex=1662, commits[9fa9a271-7bed-4435-b477-86c6ed0ece08:c1663, 06c1a879-4ae3-48dc-9686-b55cde066000:c1659, 67fae1a7-3cbe-4338-9d41-57e84498288b:c1659]
2019-07-10 10:27:25,200 INFO  client.GrpcClientProtocolClient (GrpcClientProtocolClient.java:onNext(255)) - client-821285EC2D67->9fa9a271-7bed-4435-b477-86c6ed0ece08: receive RaftClientReply:client-821285EC2D67->9fa9a271-7bed-4435-b477-86c6ed0ece08@group-0E07FAD1B91E, cid=1190, SUCCESS, logIndex=1663, commits[9fa9a271-7bed-4435-b477-86c6ed0ece08:c1663, 06c1a879-4ae3-48dc-9686-b55cde066000:c1659, 67fae1a7-3cbe-4338-9d41-57e84498288b:c1659]
2019-07-10 10:27:25,201 INFO  client.GrpcClientProtocolClient (GrpcClientProtocolClient.java:onNext(255)) - client-821285EC2D67->9fa9a271-7bed-4435-b477-86c6ed0ece08: receive RaftClientReply:client-821285EC2D67->9fa9a271-7bed-4435-b477-86c6ed0ece08@group-0E07FAD1B91E, cid=1191, SUCCESS, logIndex=0, commits[9fa9a271-7bed-4435-b477-86c6ed0ece08:c1667, 06c1a879-4ae3-48dc-9686-b55cde066000:c1663, 67fae1a7-3cbe-4338-9d41-57e84498288b:c1663]
2019-07-10 10:27:25,316 INFO  client.GrpcClientProtocolClient (GrpcClientProtocolClient.java:onNext(255)) - client-821285EC2D67->9fa9a271-7bed-4435-b477-86c6ed0ece08: receive RaftClientReply:client-821285EC2D67->9fa9a271-7bed-4435-b477-86c6ed0ece08@group-0E07FAD1B91E, cid=1192, SUCCESS, logIndex=1668, commits[9fa9a271-7bed-4435-b477-86c6ed0ece08:c1669, 06c1a879-4ae3-48dc-9686-b55cde066000:c1667, 67fae1a7-3cbe-4338-9d41-57e84498288b:c1667]
2019-07-10 10:27:25,316 INFO  client.GrpcClientProtocolClient (GrpcClientProtocolClient.java:onNext(255)) - client-821285EC2D67->9fa9a271-7bed-4435-b477-86c6ed0ece08: receive RaftClientReply:client-821285EC2D67->9fa9a271-7bed-4435-b477-86c6ed0ece08@group-0E07FAD1B91E, cid=1193, SUCCESS, logIndex=1669, commits[9fa9a271-7bed-4435-b477-86c6ed0ece08:c1669, 06c1a879-4ae3-48dc-9686-b55cde066000:c1667, 67fae1a7-3cbe-4338-9d41-57e84498288b:c1667]
2019-07-10 10:27:25,342 INFO  client.GrpcClientProtocolClient (GrpcClientProtocolClient.java:onNext(255)) - client-821285EC2D67->9fa9a271-7bed-4435-b477-86c6ed0ece08: receive RaftClientReply:client-821285EC2D67->9fa9a271-7bed-4435-b477-86c6ed0ece08@group-0E07FAD1B91E, cid=1194, SUCCESS, logIndex=1672, commits[9fa9a271-7bed-4435-b477-86c6ed0ece08:c1672, 06c1a879-4ae3-48dc-9686-b55cde066000:c1669, 67fae1a7-3cbe-4338-9d41-57e84498288b:c1669]
2019-07-10 10:27:25,343 INFO  client.GrpcClientProtocolClient (GrpcClientProtocolClient.java:onNext(255)) - client-821285EC2D67->9fa9a271-7bed-4435-b477-86c6ed0ece08: receive RaftClientReply:client-821285EC2D67->9fa9a271-7bed-4435-b477-86c6ed0ece08@group-0E07FAD1B91E, cid=1195, SUCCESS, logIndex=1673, commits[9fa9a271-7bed-4435-b477-86c6ed0ece08:c1673, 06c1a879-4ae3-48dc-9686-b55cde066000:c1669, 67fae1a7-3cbe-4338-9d41-57e84498288b:c1669]
2019-07-10 10:27:25,360 INFO  client.GrpcClientProtocolClient (GrpcClientProtocolClient.java:onNext(255)) - client-821285EC2D67->9fa9a271-7bed-4435-b477-86c6ed0ece08: receive RaftClientReply:client-821285EC2D67->9fa9a271-7bed-4435-b477-86c6ed0ece08@group-0E07FAD1B91E, cid=1196, SUCCESS, logIndex=0, commits[9fa9a271-7bed-4435-b477-86c6ed0ece08:c1675, 06c1a879-4ae3-48dc-9686-b55cde066000:c1673, 67fae1a7-3cbe-4338-9d41-57e84498288b:c1673]
2019-07-10 10:27:25,377 INFO  client.GrpcClientProtocolClient (GrpcClientProtocolClient.java:onNext(255)) - client-821285EC2D67->9fa9a271-7bed-4435-b477-86c6ed0ece08: receive RaftClientReply:client-821285EC2D67->9fa9a271-7bed-4435-b477-86c6ed0ece08@group-0E07FAD1B91E, cid=1197, SUCCESS, logIndex=1676, commits[9fa9a271-7bed-4435-b477-86c6ed0ece08:c1677, 06c1a879-4ae3-48dc-9686-b55cde066000:c1675, 67fae1a7-3cbe-4338-9d41-57e84498288b:c1675]
2019-07-10 10:27:25,378 INFO  client.GrpcClientProtocolClient (GrpcClientProtocolClient.java:onNext(255)) - client-821285EC2D67->9fa9a271-7bed-4435-b477-86c6ed0ece08: receive RaftClientReply:client-821285EC2D67->9fa9a271-7bed-4435-b477-86c6ed0ece08@group-0E07FAD1B91E, cid=1198, SUCCESS, logIndex=1677, commits[9fa9a271-7bed-4435-b477-86c6ed0ece08:c1677, 06c1a879-4ae3-48dc-9686-b55cde066000:c1675, 67fae1a7-3cbe-4338-9d41-57e84498288b:c1675]
2019-07-10 10:27:25,379 INFO  client.GrpcClientProtocolClient (GrpcClientProtocolClient.java:onNext(255)) - client-821285EC2D67->9fa9a271-7bed-4435-b477-86c6ed0ece08: receive RaftClientReply:client-821285EC2D67->9fa9a271-7bed-4435-b477-86c6ed0ece08@group-0E07FAD1B91E, cid=1199, SUCCESS, logIndex=1678, commits[9fa9a271-7bed-4435-b477-86c6ed0ece08:c1679, 06c1a879-4ae3-48dc-9686-b55cde066000:c1675, 67fae1a7-3cbe-4338-9d41-57e84498288b:c1675]
2019-07-10 10:27:25,379 INFO  client.GrpcClientProtocolClient (GrpcClientProtocolClient.java:onNext(255)) - client-821285EC2D67->9fa9a271-7bed-4435-b477-86c6ed0ece08: receive RaftClientReply:client-821285EC2D67->9fa9a271-7bed-4435-b477-86c6ed0ece08@group-0E07FAD1B91E, cid=1200, SUCCESS, logIndex=1679, commits[9fa9a271-7bed-4435-b477-86c6ed0ece08:c1679, 06c1a879-4ae3-48dc-9686-b55cde066000:c1675, 67fae1a7-3cbe-4338-9d41-57e84498288b:c1675]
2019-07-10 10:27:25,381 INFO  client.GrpcClientProtocolClient (GrpcClientProtocolClient.java:onNext(255)) - client-821285EC2D67->9fa9a271-7bed-4435-b477-86c6ed0ece08: receive RaftClientReply:client-821285EC2D67->9fa9a271-7bed-4435-b477-86c6ed0ece08@group-0E07FAD1B91E, cid=1201, SUCCESS, logIndex=0, commits[9fa9a271-7bed-4435-b477-86c6ed0ece08:c1682, 06c1a879-4ae3-48dc-9686-b55cde066000:c1677, 67fae1a7-3cbe-4338-9d41-57e84498288b:c1679]
2019-07-10 10:27:25,401 INFO  client.GrpcClientProtocolClient (GrpcClientProtocolClient.java:onNext(255)) - client-821285EC2D67->9fa9a271-7bed-4435-b477-86c6ed0ece08: receive RaftClientReply:client-821285EC2D67->9fa9a271-7bed-4435-b477-86c6ed0ece08@group-0E07FAD1B91E, cid=1202, SUCCESS, logIndex=1684, commits[9fa9a271-7bed-4435-b477-86c6ed0ece08:c1685, 06c1a879-4ae3-48dc-9686-b55cde066000:c1683, 67fae1a7-3cbe-4338-9d41-57e84498288b:c1683]
2019-07-10 10:27:25,401 INFO  client.GrpcClientProtocolClient (GrpcClientProtocolClient.java:onNext(255)) - client-821285EC2D67->9fa9a271-7bed-4435-b477-86c6ed0ece08: receive RaftClientReply:client-821285EC2D67->9fa9a271-7bed-4435-b477-86c6ed0ece08@group-0E07FAD1B91E, cid=1203, SUCCESS, logIndex=1685, commits[9fa9a271-7bed-4435-b477-86c6ed0ece08:c1685, 06c1a879-4ae3-48dc-9686-b55cde066000:c1683, 67fae1a7-3cbe-4338-9d41-57e84498288b:c1683]
2019-07-10 10:27:25,424 INFO  client.GrpcClientProtocolClient (GrpcClientProtocolClient.java:onNext(255)) - client-821285EC2D67->9fa9a271-7bed-4435-b477-86c6ed0ece08: receive RaftClientReply:client-821285EC2D67->9fa9a271-7bed-4435-b477-86c6ed0ece08@group-0E07FAD1B91E, cid=1204, SUCCESS, logIndex=1688, commits[9fa9a271-7bed-4435-b477-86c6ed0ece08:c1689, 06c1a879-4ae3-48dc-9686-b55cde066000:c1685, 67fae1a7-3cbe-4338-9d41-57e84498288b:c1685]
2019-07-10 10:27:25,425 INFO  client.GrpcClientProtocolClient (GrpcClientProtocolClient.java:onNext(255)) - client-821285EC2D67->9fa9a271-7bed-4435-b477-86c6ed0ece08: receive RaftClientReply:client-821285EC2D67->9fa9a271-7bed-4435-b477-86c6ed0ece08@group-0E07FAD1B91E, cid=1205, SUCCESS, logIndex=1689, commits[9fa9a271-7bed-4435-b477-86c6ed0ece08:c1689, 06c1a879-4ae3-48dc-9686-b55cde066000:c1685, 67fae1a7-3cbe-4338-9d41-57e84498288b:c1685]
2019-07-10 10:27:25,427 INFO  client.GrpcClientProtocolClient (GrpcClientProtocolClient.java:onNext(255)) - client-821285EC2D67->9fa9a271-7bed-4435-b477-86c6ed0ece08: receive RaftClientReply:client-821285EC2D67->9fa9a271-7bed-4435-b477-86c6ed0ece08@group-0E07FAD1B91E, cid=1206, SUCCESS, logIndex=0, commits[9fa9a271-7bed-4435-b477-86c6ed0ece08:c1690, 06c1a879-4ae3-48dc-9686-b55cde066000:c1689, 67fae1a7-3cbe-4338-9d41-57e84498288b:c1689]
2019-07-10 10:27:25,447 INFO  client.GrpcClientProtocolClient (GrpcClientProtocolClient.java:onNext(255)) - client-821285EC2D67->9fa9a271-7bed-4435-b477-86c6ed0ece08: receive RaftClientReply:client-821285EC2D67->9fa9a271-7bed-4435-b477-86c6ed0ece08@group-0E07FAD1B91E, cid=1207, SUCCESS, logIndex=1692, commits[9fa9a271-7bed-4435-b477-86c6ed0ece08:c1693, 06c1a879-4ae3-48dc-9686-b55cde066000:c1691, 67fae1a7-3cbe-4338-9d41-57e84498288b:c1691]
2019-07-10 10:27:25,448 INFO  client.GrpcClientProtocolClient (GrpcClientProtocolClient.java:onNext(255)) - client-821285EC2D67->9fa9a271-7bed-4435-b477-86c6ed0ece08: receive RaftClientReply:client-821285EC2D67->9fa9a271-7bed-4435-b477-86c6ed0ece08@group-0E07FAD1B91E, cid=1208, SUCCESS, logIndex=1693, commits[9fa9a271-7bed-4435-b477-86c6ed0ece08:c1693, 06c1a879-4ae3-48dc-9686-b55cde066000:c1691, 67fae1a7-3cbe-4338-9d41-57e84498288b:c1691]
2019-07-10 10:27:25,448 INFO  client.GrpcClientProtocolClient (GrpcClientProtocolClient.java:onNext(255)) - client-821285EC2D67->9fa9a271-7bed-4435-b477-86c6ed0ece08: receive RaftClientReply:client-821285EC2D67->9fa9a271-7bed-4435-b477-86c6ed0ece08@group-0E07FAD1B91E, cid=1209, SUCCESS, logIndex=1694, commits[9fa9a271-7bed-4435-b477-86c6ed0ece08:c1694, 06c1a879-4ae3-48dc-9686-b55cde066000:c1691, 67fae1a7-3cbe-4338-9d41-57e84498288b:c1691]
2019-07-10 10:27:25,448 INFO  client.GrpcClientProtocolClient (GrpcClientProtocolClient.java:onNext(255)) - client-821285EC2D67->9fa9a271-7bed-4435-b477-86c6ed0ece08: receive RaftClientReply:client-821285EC2D67->9fa9a271-7bed-4435-b477-86c6ed0ece08@group-0E07FAD1B91E, cid=1210, SUCCESS, logIndex=1695, commits[9fa9a271-7bed-4435-b477-86c6ed0ece08:c1695, 06c1a879-4ae3-48dc-9686-b55cde066000:c1691, 67fae1a7-3cbe-4338-9d41-57e84498288b:c1691]
2019-07-10 10:27:25,450 INFO  client.GrpcClientProtocolClient (GrpcClientProtocolClient.java:onNext(255)) - client-821285EC2D67->9fa9a271-7bed-4435-b477-86c6ed0ece08: receive RaftClientReply:client-821285EC2D67->9fa9a271-7bed-4435-b477-86c6ed0ece08@group-0E07FAD1B91E, cid=1211, SUCCESS, logIndex=0, commits[9fa9a271-7bed-4435-b477-86c6ed0ece08:c1697, 06c1a879-4ae3-48dc-9686-b55cde066000:c1693, 67fae1a7-3cbe-4338-9d41-57e84498288b:c1693]
2019-07-10 10:27:25,464 INFO  client.GrpcClientProtocolClient (GrpcClientProtocolClient.java:onNext(255)) - client-821285EC2D67->9fa9a271-7bed-4435-b477-86c6ed0ece08: receive RaftClientReply:client-821285EC2D67->9fa9a271-7bed-4435-b477-86c6ed0ece08@group-0E07FAD1B91E, cid=1212, SUCCESS, logIndex=1700, commits[9fa9a271-7bed-4435-b477-86c6ed0ece08:c1701, 06c1a879-4ae3-48dc-9686-b55cde066000:c1699, 67fae1a7-3cbe-4338-9d41-57e84498288b:c1695]
2019-07-10 10:27:25,464 INFO  client.GrpcClientProtocolClient (GrpcClientProtocolClient.java:onNext(255)) - client-821285EC2D67->9fa9a271-7bed-4435-b477-86c6ed0ece08: receive RaftClientReply:client-821285EC2D67->9fa9a271-7bed-4435-b477-86c6ed0ece08@group-0E07FAD1B91E, cid=1213, SUCCESS, logIndex=1701, commits[9fa9a271-7bed-4435-b477-86c6ed0ece08:c1701, 06c1a879-4ae3-48dc-9686-b55cde066000:c1699, 67fae1a7-3cbe-4338-9d41-57e84498288b:c1699]
2019-07-10 10:27:25,484 INFO  client.GrpcClientProtocolClient (GrpcClientProtocolClient.java:onNext(255)) - client-821285EC2D67->9fa9a271-7bed-4435-b477-86c6ed0ece08: receive RaftClientReply:client-821285EC2D67->9fa9a271-7bed-4435-b477-86c6ed0ece08@group-0E07FAD1B91E, cid=1214, SUCCESS, logIndex=1704, commits[9fa9a271-7bed-4435-b477-86c6ed0ece08:c1704, 06c1a879-4ae3-48dc-9686-b55cde066000:c1703, 67fae1a7-3cbe-4338-9d41-57e84498288b:c1703]
2019-07-10 10:27:25,485 INFO  client.GrpcClientProtocolClient (GrpcClientProtocolClient.java:onNext(255)) - client-821285EC2D67->9fa9a271-7bed-4435-b477-86c6ed0ece08: receive RaftClientReply:client-821285EC2D67->9fa9a271-7bed-4435-b477-86c6ed0ece08@group-0E07FAD1B91E, cid=1215, SUCCESS, logIndex=1705, commits[9fa9a271-7bed-4435-b477-86c6ed0ece08:c1705, 06c1a879-4ae3-48dc-9686-b55cde066000:c1703, 67fae1a7-3cbe-4338-9d41-57e84498288b:c1703]
2019-07-10 10:27:25,496 INFO  client.GrpcClientProtocolClient (GrpcClientProtocolClient.java:onNext(255)) - client-821285EC2D67->9fa9a271-7bed-4435-b477-86c6ed0ece08: receive RaftClientReply:client-821285EC2D67->9fa9a271-7bed-4435-b477-86c6ed0ece08@group-0E07FAD1B91E, cid=1216, SUCCESS, logIndex=0, commits[9fa9a271-7bed-4435-b477-86c6ed0ece08:c1707, 06c1a879-4ae3-48dc-9686-b55cde066000:c1705, 67fae1a7-3cbe-4338-9d41-57e84498288b:c1705]
2019-07-10 10:27:25,517 INFO  client.GrpcClientProtocolClient (GrpcClientProtocolClient.java:onNext(255)) - client-821285EC2D67->9fa9a271-7bed-4435-b477-86c6ed0ece08: receive RaftClientReply:client-821285EC2D67->9fa9a271-7bed-4435-b477-86c6ed0ece08@group-0E07FAD1B91E, cid=1217, SUCCESS, logIndex=1708, commits[9fa9a271-7bed-4435-b477-86c6ed0ece08:c1710, 06c1a879-4ae3-48dc-9686-b55cde066000:c1707, 67fae1a7-3cbe-4338-9d41-57e84498288b:c1707]
2019-07-10 10:27:25,518 INFO  client.GrpcClientProtocolClient (GrpcClientProtocolClient.java:onNext(255)) - client-821285EC2D67->9fa9a271-7bed-4435-b477-86c6ed0ece08: receive RaftClientReply:client-821285EC2D67->9fa9a271-7bed-4435-b477-86c6ed0ece08@group-0E07FAD1B91E, cid=1218, SUCCESS, logIndex=1709, commits[9fa9a271-7bed-4435-b477-86c6ed0ece08:c1710, 06c1a879-4ae3-48dc-9686-b55cde066000:c1707, 67fae1a7-3cbe-4338-9d41-57e84498288b:c1707]
2019-07-10 10:27:25,518 INFO  client.GrpcClientProtocolClient (GrpcClientProtocolClient.java:onNext(255)) - client-821285EC2D67->9fa9a271-7bed-4435-b477-86c6ed0ece08: receive RaftClientReply:client-821285EC2D67->9fa9a271-7bed-4435-b477-86c6ed0ece08@group-0E07FAD1B91E, cid=1219, SUCCESS, logIndex=1710, commits[9fa9a271-7bed-4435-b477-86c6ed0ece08:c1711, 06c1a879-4ae3-48dc-9686-b55cde066000:c1707, 67fae1a7-3cbe-4338-9d41-57e84498288b:c1707]
2019-07-10 10:27:25,518 INFO  client.GrpcClientProtocolClient (GrpcClientProtocolClient.java:onNext(255)) - client-821285EC2D67->9fa9a271-7bed-4435-b477-86c6ed0ece08: receive RaftClientReply:client-821285EC2D67->9fa9a271-7bed-4435-b477-86c6ed0ece08@group-0E07FAD1B91E, cid=1220, SUCCESS, logIndex=1711, commits[9fa9a271-7bed-4435-b477-86c6ed0ece08:c1711, 06c1a879-4ae3-48dc-9686-b55cde066000:c1707, 67fae1a7-3cbe-4338-9d41-57e84498288b:c1707]
2019-07-10 10:27:25,522 INFO  client.GrpcClientProtocolClient (GrpcClientProtocolClient.java:onNext(255)) - client-821285EC2D67->9fa9a271-7bed-4435-b477-86c6ed0ece08: receive RaftClientReply:client-821285EC2D67->9fa9a271-7bed-4435-b477-86c6ed0ece08@group-0E07FAD1B91E, cid=1221, SUCCESS, logIndex=0, commits[9fa9a271-7bed-4435-b477-86c6ed0ece08:c1712, 06c1a879-4ae3-48dc-9686-b55cde066000:c1709, 67fae1a7-3cbe-4338-9d41-57e84498288b:c1709]
2019-07-10 10:27:25,540 INFO  client.GrpcClientProtocolClient (GrpcClientProtocolClient.java:onNext(255)) - client-821285EC2D67->9fa9a271-7bed-4435-b477-86c6ed0ece08: receive RaftClientReply:client-821285EC2D67->9fa9a271-7bed-4435-b477-86c6ed0ece08@group-0E07FAD1B91E, cid=1222, SUCCESS, logIndex=1716, commits[9fa9a271-7bed-4435-b477-86c6ed0ece08:c1717, 06c1a879-4ae3-48dc-9686-b55cde066000:c1715, 67fae1a7-3cbe-4338-9d41-57e84498288b:c1715]
2019-07-10 10:27:25,540 INFO  client.GrpcClientProtocolClient (GrpcClientProtocolClient.java:onNext(255)) - client-821285EC2D67->9fa9a271-7bed-4435-b477-86c6ed0ece08: receive RaftClientReply:client-821285EC2D67->9fa9a271-7bed-4435-b477-86c6ed0ece08@group-0E07FAD1B91E, cid=1223, SUCCESS, logIndex=1717, commits[9fa9a271-7bed-4435-b477-86c6ed0ece08:c1717, 06c1a879-4ae3-48dc-9686-b55cde066000:c1715, 67fae1a7-3cbe-4338-9d41-57e84498288b:c1715]
2019-07-10 10:27:25,551 INFO  client.GrpcClientProtocolClient (GrpcClientProtocolClient.java:onNext(255)) - client-821285EC2D67->9fa9a271-7bed-4435-b477-86c6ed0ece08: receive RaftClientReply:client-821285EC2D67->9fa9a271-7bed-4435-b477-86c6ed0ece08@group-0E07FAD1B91E, cid=1224, SUCCESS, logIndex=1720, commits[9fa9a271-7bed-4435-b477-86c6ed0ece08:c1721, 06c1a879-4ae3-48dc-9686-b55cde066000:c1717, 67fae1a7-3cbe-4338-9d41-57e84498288b:c1717]
2019-07-10 10:27:25,552 INFO  client.GrpcClientProtocolClient (GrpcClientProtocolClient.java:onNext(255)) - client-821285EC2D67->9fa9a271-7bed-4435-b477-86c6ed0ece08: receive RaftClientReply:client-821285EC2D67->9fa9a271-7bed-4435-b477-86c6ed0ece08@group-0E07FAD1B91E, cid=1225, SUCCESS, logIndex=1721, commits[9fa9a271-7bed-4435-b477-86c6ed0ece08:c1721, 06c1a879-4ae3-48dc-9686-b55cde066000:c1717, 67fae1a7-3cbe-4338-9d41-57e84498288b:c1717]
2019-07-10 10:27:25,554 INFO  client.GrpcClientProtocolClient (GrpcClientProtocolClient.java:onNext(255)) - client-821285EC2D67->9fa9a271-7bed-4435-b477-86c6ed0ece08: receive RaftClientReply:client-821285EC2D67->9fa9a271-7bed-4435-b477-86c6ed0ece08@group-0E07FAD1B91E, cid=1226, SUCCESS, logIndex=0, commits[9fa9a271-7bed-4435-b477-86c6ed0ece08:c1723, 06c1a879-4ae3-48dc-9686-b55cde066000:c1721, 67fae1a7-3cbe-4338-9d41-57e84498288b:c1721]
2019-07-10 10:27:25,572 INFO  client.GrpcClientProtocolClient (GrpcClientProtocolClient.java:onNext(255)) - client-821285EC2D67->9fa9a271-7bed-4435-b477-86c6ed0ece08: receive RaftClientReply:client-821285EC2D67->9fa9a271-7bed-4435-b477-86c6ed0ece08@group-0E07FAD1B91E, cid=1227, SUCCESS, logIndex=1724, commits[9fa9a271-7bed-4435-b477-86c6ed0ece08:c1725, 06c1a879-4ae3-48dc-9686-b55cde066000:c1723, 67fae1a7-3cbe-4338-9d41-57e84498288b:c1723]
2019-07-10 10:27:25,573 INFO  client.GrpcClientProtocolClient (GrpcClientProtocolClient.java:onNext(255)) - client-821285EC2D67->9fa9a271-7bed-4435-b477-86c6ed0ece08: receive RaftClientReply:client-821285EC2D67->9fa9a271-7bed-4435-b477-86c6ed0ece08@group-0E07FAD1B91E, cid=1228, SUCCESS, logIndex=1725, commits[9fa9a271-7bed-4435-b477-86c6ed0ece08:c1725, 06c1a879-4ae3-48dc-9686-b55cde066000:c1723, 67fae1a7-3cbe-4338-9d41-57e84498288b:c1723]
2019-07-10 10:27:25,573 INFO  client.GrpcClientProtocolClient (GrpcClientProtocolClient.java:onNext(255)) - client-821285EC2D67->9fa9a271-7bed-4435-b477-86c6ed0ece08: receive RaftClientReply:client-821285EC2D67->9fa9a271-7bed-4435-b477-86c6ed0ece08@group-0E07FAD1B91E, cid=1229, SUCCESS, logIndex=1726, commits[9fa9a271-7bed-4435-b477-86c6ed0ece08:c1726, 06c1a879-4ae3-48dc-9686-b55cde066000:c1723, 67fae1a7-3cbe-4338-9d41-57e84498288b:c1723]
2019-07-10 10:27:25,574 INFO  client.GrpcClientProtocolClient (GrpcClientProtocolClient.java:onNext(255)) - client-821285EC2D67->9fa9a271-7bed-4435-b477-86c6ed0ece08: receive RaftClientReply:client-821285EC2D67->9fa9a271-7bed-4435-b477-86c6ed0ece08@group-0E07FAD1B91E, cid=1230, SUCCESS, logIndex=1727, commits[9fa9a271-7bed-4435-b477-86c6ed0ece08:c1727, 06c1a879-4ae3-48dc-9686-b55cde066000:c1723, 67fae1a7-3cbe-4338-9d41-57e84498288b:c1723]
2019-07-10 10:27:25,575 INFO  client.GrpcClientProtocolClient (GrpcClientProtocolClient.java:onNext(255)) - client-821285EC2D67->9fa9a271-7bed-4435-b477-86c6ed0ece08: receive RaftClientReply:client-821285EC2D67->9fa9a271-7bed-4435-b477-86c6ed0ece08@group-0E07FAD1B91E, cid=1231, SUCCESS, logIndex=0, commits[9fa9a271-7bed-4435-b477-86c6ed0ece08:c1729, 06c1a879-4ae3-48dc-9686-b55cde066000:c1725, 67fae1a7-3cbe-4338-9d41-57e84498288b:c1725]
2019-07-10 10:27:25,593 INFO  client.GrpcClientProtocolClient (GrpcClientProtocolClient.java:onNext(255)) - client-821285EC2D67->9fa9a271-7bed-4435-b477-86c6ed0ece08: receive RaftClientReply:client-821285EC2D67->9fa9a271-7bed-4435-b477-86c6ed0ece08@group-0E07FAD1B91E, cid=1232, SUCCESS, logIndex=1732, commits[9fa9a271-7bed-4435-b477-86c6ed0ece08:c1733, 06c1a879-4ae3-48dc-9686-b55cde066000:c1731, 67fae1a7-3cbe-4338-9d41-57e84498288b:c1731]
2019-07-10 10:27:25,593 INFO  client.GrpcClientProtocolClient (GrpcClientProtocolClient.java:onNext(255)) - client-821285EC2D67->9fa9a271-7bed-4435-b477-86c6ed0ece08: receive RaftClientReply:client-821285EC2D67->9fa9a271-7bed-4435-b477-86c6ed0ece08@group-0E07FAD1B91E, cid=1233, SUCCESS, logIndex=1733, commits[9fa9a271-7bed-4435-b477-86c6ed0ece08:c1733, 06c1a879-4ae3-48dc-9686-b55cde066000:c1731, 67fae1a7-3cbe-4338-9d41-57e84498288b:c1731]
2019-07-10 10:27:25,613 INFO  client.GrpcClientProtocolClient (GrpcClientProtocolClient.java:onNext(255)) - client-821285EC2D67->9fa9a271-7bed-4435-b477-86c6ed0ece08: receive RaftClientReply:client-821285EC2D67->9fa9a271-7bed-4435-b477-86c6ed0ece08@group-0E07FAD1B91E, cid=1234, SUCCESS, logIndex=1736, commits[9fa9a271-7bed-4435-b477-86c6ed0ece08:c1737, 06c1a879-4ae3-48dc-9686-b55cde066000:c1733, 67fae1a7-3cbe-4338-9d41-57e84498288b:c1733]
2019-07-10 10:27:25,613 INFO  client.GrpcClientProtocolClient (GrpcClientProtocolClient.java:onNext(255)) - client-821285EC2D67->9fa9a271-7bed-4435-b477-86c6ed0ece08: receive RaftClientReply:client-821285EC2D67->9fa9a271-7bed-4435-b477-86c6ed0ece08@group-0E07FAD1B91E, cid=1235, SUCCESS, logIndex=1737, commits[9fa9a271-7bed-4435-b477-86c6ed0ece08:c1737, 06c1a879-4ae3-48dc-9686-b55cde066000:c1733, 67fae1a7-3cbe-4338-9d41-57e84498288b:c1733]
2019-07-10 10:27:25,615 INFO  client.GrpcClientProtocolClient (GrpcClientProtocolClient.java:onNext(255)) - client-821285EC2D67->9fa9a271-7bed-4435-b477-86c6ed0ece08: receive RaftClientReply:client-821285EC2D67->9fa9a271-7bed-4435-b477-86c6ed0ece08@group-0E07FAD1B91E, cid=1236, SUCCESS, logIndex=0, commits[9fa9a271-7bed-4435-b477-86c6ed0ece08:c1738, 06c1a879-4ae3-48dc-9686-b55cde066000:c1737, 67fae1a7-3cbe-4338-9d41-57e84498288b:c1737]
2019-07-10 10:27:25,656 INFO  client.GrpcClientProtocolClient (GrpcClientProtocolClient.java:onNext(255)) - client-821285EC2D67->9fa9a271-7bed-4435-b477-86c6ed0ece08: receive RaftClientReply:client-821285EC2D67->9fa9a271-7bed-4435-b477-86c6ed0ece08@group-0E07FAD1B91E, cid=1237, SUCCESS, logIndex=1739, commits[9fa9a271-7bed-4435-b477-86c6ed0ece08:c1740, 06c1a879-4ae3-48dc-9686-b55cde066000:c1738, 67fae1a7-3cbe-4338-9d41-57e84498288b:c1738]
2019-07-10 10:27:25,657 INFO  client.GrpcClientProtocolClient (GrpcClientProtocolClient.java:onNext(255)) - client-821285EC2D67->9fa9a271-7bed-4435-b477-86c6ed0ece08: receive RaftClientReply:client-821285EC2D67->9fa9a271-7bed-4435-b477-86c6ed0ece08@group-0E07FAD1B91E, cid=1238, SUCCESS, logIndex=1740, commits[9fa9a271-7bed-4435-b477-86c6ed0ece08:c1740, 06c1a879-4ae3-48dc-9686-b55cde066000:c1738, 67fae1a7-3cbe-4338-9d41-57e84498288b:c1738]
2019-07-10 10:27:25,657 INFO  client.GrpcClientProtocolClient (GrpcClientProtocolClient.java:onNext(255)) - client-821285EC2D67->9fa9a271-7bed-4435-b477-86c6ed0ece08: receive RaftClientReply:client-821285EC2D67->9fa9a271-7bed-4435-b477-86c6ed0ece08@group-0E07FAD1B91E, cid=1239, SUCCESS, logIndex=1741, commits[9fa9a271-7bed-4435-b477-86c6ed0ece08:c1742, 06c1a879-4ae3-48dc-9686-b55cde066000:c1738, 67fae1a7-3cbe-4338-9d41-57e84498288b:c1738]
2019-07-10 10:27:25,658 INFO  client.GrpcClientProtocolClient (GrpcClientProtocolClient.java:onNext(255)) - client-821285EC2D67->9fa9a271-7bed-4435-b477-86c6ed0ece08: receive RaftClientReply:client-821285EC2D67->9fa9a271-7bed-4435-b477-86c6ed0ece08@group-0E07FAD1B91E, cid=1240, SUCCESS, logIndex=1742, commits[9fa9a271-7bed-4435-b477-86c6ed0ece08:c1742, 06c1a879-4ae3-48dc-9686-b55cde066000:c1738, 67fae1a7-3cbe-4338-9d41-57e84498288b:c1738]
2019-07-10 10:27:25,659 INFO  client.GrpcClientProtocolClient (GrpcClientProtocolClient.java:onNext(255)) - client-821285EC2D67->9fa9a271-7bed-4435-b477-86c6ed0ece08: receive RaftClientReply:client-821285EC2D67->9fa9a271-7bed-4435-b477-86c6ed0ece08@group-0E07FAD1B91E, cid=1241, SUCCESS, logIndex=0, commits[9fa9a271-7bed-4435-b477-86c6ed0ece08:c1744, 06c1a879-4ae3-48dc-9686-b55cde066000:c1740, 67fae1a7-3cbe-4338-9d41-57e84498288b:c1740]
2019-07-10 10:27:25,678 INFO  client.GrpcClientProtocolClient (GrpcClientProtocolClient.java:onNext(255)) - client-821285EC2D67->9fa9a271-7bed-4435-b477-86c6ed0ece08: receive RaftClientReply:client-821285EC2D67->9fa9a271-7bed-4435-b477-86c6ed0ece08@group-0E07FAD1B91E, cid=1242, SUCCESS, logIndex=1747, commits[9fa9a271-7bed-4435-b477-86c6ed0ece08:c1747, 06c1a879-4ae3-48dc-9686-b55cde066000:c1746, 67fae1a7-3cbe-4338-9d41-57e84498288b:c1746]
2019-07-10 10:27:25,678 INFO  client.GrpcClientProtocolClient (GrpcClientProtocolClient.java:onNext(255)) - client-821285EC2D67->9fa9a271-7bed-4435-b477-86c6ed0ece08: receive RaftClientReply:client-821285EC2D67->9fa9a271-7bed-4435-b477-86c6ed0ece08@group-0E07FAD1B91E, cid=1243, SUCCESS, logIndex=1748, commits[9fa9a271-7bed-4435-b477-86c6ed0ece08:c1748, 06c1a879-4ae3-48dc-9686-b55cde066000:c1746, 67fae1a7-3cbe-4338-9d41-57e84498288b:c1746]
2019-07-10 10:27:25,693 INFO  client.GrpcClientProtocolClient (GrpcClientProtocolClient.java:onNext(255)) - client-821285EC2D67->9fa9a271-7bed-4435-b477-86c6ed0ece08: receive RaftClientReply:client-821285EC2D67->9fa9a271-7bed-4435-b477-86c6ed0ece08@group-0E07FAD1B91E, cid=1244, SUCCESS, logIndex=1751, commits[9fa9a271-7bed-4435-b477-86c6ed0ece08:c1752, 06c1a879-4ae3-48dc-9686-b55cde066000:c1750, 67fae1a7-3cbe-4338-9d41-57e84498288b:c1750]
2019-07-10 10:27:25,693 INFO  client.GrpcClientProtocolClient (GrpcClientProtocolClient.java:onNext(255)) - client-821285EC2D67->9fa9a271-7bed-4435-b477-86c6ed0ece08: receive RaftClientReply:client-821285EC2D67->9fa9a271-7bed-4435-b477-86c6ed0ece08@group-0E07FAD1B91E, cid=1245, SUCCESS, logIndex=1752, commits[9fa9a271-7bed-4435-b477-86c6ed0ece08:c1752, 06c1a879-4ae3-48dc-9686-b55cde066000:c1750, 67fae1a7-3cbe-4338-9d41-57e84498288b:c1750]
2019-07-10 10:27:25,705 INFO  client.GrpcClientProtocolClient (GrpcClientProtocolClient.java:onNext(255)) - client-821285EC2D67->9fa9a271-7bed-4435-b477-86c6ed0ece08: receive RaftClientReply:client-821285EC2D67->9fa9a271-7bed-4435-b477-86c6ed0ece08@group-0E07FAD1B91E, cid=1246, SUCCESS, logIndex=0, commits[9fa9a271-7bed-4435-b477-86c6ed0ece08:c1754, 06c1a879-4ae3-48dc-9686-b55cde066000:c1752, 67fae1a7-3cbe-4338-9d41-57e84498288b:c1752]
2019-07-10 10:27:25,734 INFO  client.GrpcClientProtocolClient (GrpcClientProtocolClient.java:onNext(255)) - client-821285EC2D67->9fa9a271-7bed-4435-b477-86c6ed0ece08: receive RaftClientReply:client-821285EC2D67->9fa9a271-7bed-4435-b477-86c6ed0ece08@group-0E07FAD1B91E, cid=1247, SUCCESS, logIndex=1755, commits[9fa9a271-7bed-4435-b477-86c6ed0ece08:c1756, 06c1a879-4ae3-48dc-9686-b55cde066000:c1754, 67fae1a7-3cbe-4338-9d41-57e84498288b:c1754]
2019-07-10 10:27:25,735 INFO  client.GrpcClientProtocolClient (GrpcClientProtocolClient.java:onNext(255)) - client-821285EC2D67->9fa9a271-7bed-4435-b477-86c6ed0ece08: receive RaftClientReply:client-821285EC2D67->9fa9a271-7bed-4435-b477-86c6ed0ece08@group-0E07FAD1B91E, cid=1248, SUCCESS, logIndex=1756, commits[9fa9a271-7bed-4435-b477-86c6ed0ece08:c1756, 06c1a879-4ae3-48dc-9686-b55cde066000:c1754, 67fae1a7-3cbe-4338-9d41-57e84498288b:c1754]
2019-07-10 10:27:25,737 INFO  client.GrpcClientProtocolClient (GrpcClientProtocolClient.java:onNext(255)) - client-821285EC2D67->9fa9a271-7bed-4435-b477-86c6ed0ece08: receive RaftClientReply:client-821285EC2D67->9fa9a271-7bed-4435-b477-86c6ed0ece08@group-0E07FAD1B91E, cid=1249, SUCCESS, logIndex=1757, commits[9fa9a271-7bed-4435-b477-86c6ed0ece08:c1758, 06c1a879-4ae3-48dc-9686-b55cde066000:c1754, 67fae1a7-3cbe-4338-9d41-57e84498288b:c1754]
2019-07-10 10:27:25,738 INFO  client.GrpcClientProtocolClient (GrpcClientProtocolClient.java:onNext(255)) - client-821285EC2D67->9fa9a271-7bed-4435-b477-86c6ed0ece08: receive RaftClientReply:client-821285EC2D67->9fa9a271-7bed-4435-b477-86c6ed0ece08@group-0E07FAD1B91E, cid=1250, SUCCESS, logIndex=1758, commits[9fa9a271-7bed-4435-b477-86c6ed0ece08:c1758, 06c1a879-4ae3-48dc-9686-b55cde066000:c1754, 67fae1a7-3cbe-4338-9d41-57e84498288b:c1754]
2019-07-10 10:27:25,739 INFO  client.GrpcClientProtocolClient (GrpcClientProtocolClient.java:onNext(255)) - client-821285EC2D67->9fa9a271-7bed-4435-b477-86c6ed0ece08: receive RaftClientReply:client-821285EC2D67->9fa9a271-7bed-4435-b477-86c6ed0ece08@group-0E07FAD1B91E, cid=1251, SUCCESS, logIndex=0, commits[9fa9a271-7bed-4435-b477-86c6ed0ece08:c1760, 06c1a879-4ae3-48dc-9686-b55cde066000:c1756, 67fae1a7-3cbe-4338-9d41-57e84498288b:c1756]
2019-07-10 10:27:25,757 INFO  client.GrpcClientProtocolClient (GrpcClientProtocolClient.java:onNext(255)) - client-821285EC2D67->9fa9a271-7bed-4435-b477-86c6ed0ece08: receive RaftClientReply:client-821285EC2D67->9fa9a271-7bed-4435-b477-86c6ed0ece08@group-0E07FAD1B91E, cid=1252, SUCCESS, logIndex=1763, commits[9fa9a271-7bed-4435-b477-86c6ed0ece08:c1764, 06c1a879-4ae3-48dc-9686-b55cde066000:c1762, 67fae1a7-3cbe-4338-9d41-57e84498288b:c1762]
2019-07-10 10:27:25,757 INFO  client.GrpcClientProtocolClient (GrpcClientProtocolClient.java:onNext(255)) - client-821285EC2D67->9fa9a271-7bed-4435-b477-86c6ed0ece08: receive RaftClientReply:client-821285EC2D67->9fa9a271-7bed-4435-b477-86c6ed0ece08@group-0E07FAD1B91E, cid=1253, SUCCESS, logIndex=1764, commits[9fa9a271-7bed-4435-b477-86c6ed0ece08:c1764, 06c1a879-4ae3-48dc-9686-b55cde066000:c1762, 67fae1a7-3cbe-4338-9d41-57e84498288b:c1762]
2019-07-10 10:27:25,769 INFO  client.GrpcClientProtocolClient (GrpcClientProtocolClient.java:onNext(255)) - client-821285EC2D67->9fa9a271-7bed-4435-b477-86c6ed0ece08: receive RaftClientReply:client-821285EC2D67->9fa9a271-7bed-4435-b477-86c6ed0ece08@group-0E07FAD1B91E, cid=1254, SUCCESS, logIndex=1767, commits[9fa9a271-7bed-4435-b477-86c6ed0ece08:c1768, 06c1a879-4ae3-48dc-9686-b55cde066000:c1764, 67fae1a7-3cbe-4338-9d41-57e84498288b:c1764]
2019-07-10 10:27:25,769 INFO  client.GrpcClientProtocolClient (GrpcClientProtocolClient.java:onNext(255)) - client-821285EC2D67->9fa9a271-7bed-4435-b477-86c6ed0ece08: receive RaftClientReply:client-821285EC2D67->9fa9a271-7bed-4435-b477-86c6ed0ece08@group-0E07FAD1B91E, cid=1255, SUCCESS, logIndex=1768, commits[9fa9a271-7bed-4435-b477-86c6ed0ece08:c1768, 06c1a879-4ae3-48dc-9686-b55cde066000:c1764, 67fae1a7-3cbe-4338-9d41-57e84498288b:c1764]
2019-07-10 10:27:25,781 INFO  client.GrpcClientProtocolClient (GrpcClientProtocolClient.java:onNext(255)) - client-821285EC2D67->9fa9a271-7bed-4435-b477-86c6ed0ece08: receive RaftClientReply:client-821285EC2D67->9fa9a271-7bed-4435-b477-86c6ed0ece08@group-0E07FAD1B91E, cid=1256, SUCCESS, logIndex=0, commits[9fa9a271-7bed-4435-b477-86c6ed0ece08:c1770, 06c1a879-4ae3-48dc-9686-b55cde066000:c1768, 67fae1a7-3cbe-4338-9d41-57e84498288b:c1768]
2019-07-10 10:27:25,805 INFO  client.GrpcClientProtocolClient (GrpcClientProtocolClient.java:onNext(255)) - client-821285EC2D67->9fa9a271-7bed-4435-b477-86c6ed0ece08: receive RaftClientReply:client-821285EC2D67->9fa9a271-7bed-4435-b477-86c6ed0ece08@group-0E07FAD1B91E, cid=1257, SUCCESS, logIndex=1771, commits[9fa9a271-7bed-4435-b477-86c6ed0ece08:c1772, 06c1a879-4ae3-48dc-9686-b55cde066000:c1770, 67fae1a7-3cbe-4338-9d41-57e84498288b:c1770]
2019-07-10 10:27:25,806 INFO  client.GrpcClientProtocolClient (GrpcClientProtocolClient.java:onNext(255)) - client-821285EC2D67->9fa9a271-7bed-4435-b477-86c6ed0ece08: receive RaftClientReply:client-821285EC2D67->9fa9a271-7bed-4435-b477-86c6ed0ece08@group-0E07FAD1B91E, cid=1258, SUCCESS, logIndex=1772, commits[9fa9a271-7bed-4435-b477-86c6ed0ece08:c1774, 06c1a879-4ae3-48dc-9686-b55cde066000:c1770, 67fae1a7-3cbe-4338-9d41-57e84498288b:c1770]
2019-07-10 10:27:25,806 INFO  client.GrpcClientProtocolClient (GrpcClientProtocolClient.java:onNext(255)) - client-821285EC2D67->9fa9a271-7bed-4435-b477-86c6ed0ece08: receive RaftClientReply:client-821285EC2D67->9fa9a271-7bed-4435-b477-86c6ed0ece08@group-0E07FAD1B91E, cid=1259, SUCCESS, logIndex=1773, commits[9fa9a271-7bed-4435-b477-86c6ed0ece08:c1774, 06c1a879-4ae3-48dc-9686-b55cde066000:c1770, 67fae1a7-3cbe-4338-9d41-57e84498288b:c1770]
2019-07-10 10:27:25,807 INFO  client.GrpcClientProtocolClient (GrpcClientProtocolClient.java:onNext(255)) - client-821285EC2D67->9fa9a271-7bed-4435-b477-86c6ed0ece08: receive RaftClientReply:client-821285EC2D67->9fa9a271-7bed-4435-b477-86c6ed0ece08@group-0E07FAD1B91E, cid=1260, SUCCESS, logIndex=1774, commits[9fa9a271-7bed-4435-b477-86c6ed0ece08:c1775, 06c1a879-4ae3-48dc-9686-b55cde066000:c1771, 67fae1a7-3cbe-4338-9d41-57e84498288b:c1770]
2019-07-10 10:27:25,808 INFO  client.GrpcClientProtocolClient (GrpcClientProtocolClient.java:onNext(255)) - client-821285EC2D67->9fa9a271-7bed-4435-b477-86c6ed0ece08: receive RaftClientReply:client-821285EC2D67->9fa9a271-7bed-4435-b477-86c6ed0ece08@group-0E07FAD1B91E, cid=1261, SUCCESS, logIndex=0, commits[9fa9a271-7bed-4435-b477-86c6ed0ece08:c1776, 06c1a879-4ae3-48dc-9686-b55cde066000:c1774, 67fae1a7-3cbe-4338-9d41-57e84498288b:c1774]
2019-07-10 10:27:25,927 INFO  client.GrpcClientProtocolClient (GrpcClientProtocolClient.java:onNext(255)) - client-821285EC2D67->9fa9a271-7bed-4435-b477-86c6ed0ece08: receive RaftClientReply:client-821285EC2D67->9fa9a271-7bed-4435-b477-86c6ed0ece08@group-0E07FAD1B91E, cid=1262, SUCCESS, logIndex=1778, commits[9fa9a271-7bed-4435-b477-86c6ed0ece08:c1779, 06c1a879-4ae3-48dc-9686-b55cde066000:c1777, 67fae1a7-3cbe-4338-9d41-57e84498288b:c1777]
2019-07-10 10:27:25,928 INFO  client.GrpcClientProtocolClient (GrpcClientProtocolClient.java:onNext(255)) - client-821285EC2D67->9fa9a271-7bed-4435-b477-86c6ed0ece08: receive RaftClientReply:client-821285EC2D67->9fa9a271-7bed-4435-b477-86c6ed0ece08@group-0E07FAD1B91E, cid=1263, SUCCESS, logIndex=1779, commits[9fa9a271-7bed-4435-b477-86c6ed0ece08:c1779, 06c1a879-4ae3-48dc-9686-b55cde066000:c1777, 67fae1a7-3cbe-4338-9d41-57e84498288b:c1777]
 0.00% |█                                                                                                    |  0/1 Time: 0:00:062019-07-10 10:27:25,954 INFO  client.GrpcClientProtocolClient (GrpcClientProtocolClient.java:onNext(255)) - client-821285EC2D67->9fa9a271-7bed-4435-b477-86c6ed0ece08: receive RaftClientReply:client-821285EC2D67->9fa9a271-7bed-4435-b477-86c6ed0ece08@group-0E07FAD1B91E, cid=1264, SUCCESS, logIndex=1782, commits[9fa9a271-7bed-4435-b477-86c6ed0ece08:c1783, 06c1a879-4ae3-48dc-9686-b55cde066000:c1779, 67fae1a7-3cbe-4338-9d41-57e84498288b:c1779]
2019-07-10 10:27:25,954 INFO  client.GrpcClientProtocolClient (GrpcClientProtocolClient.java:onNext(255)) - client-821285EC2D67->9fa9a271-7bed-4435-b477-86c6ed0ece08: receive RaftClientReply:client-821285EC2D67->9fa9a271-7bed-4435-b477-86c6ed0ece08@group-0E07FAD1B91E, cid=1265, SUCCESS, logIndex=1783, commits[9fa9a271-7bed-4435-b477-86c6ed0ece08:c1783, 06c1a879-4ae3-48dc-9686-b55cde066000:c1779, 67fae1a7-3cbe-4338-9d41-57e84498288b:c1779]
2019-07-10 10:27:25,966 INFO  client.GrpcClientProtocolClient (GrpcClientProtocolClient.java:onNext(255)) - client-821285EC2D67->9fa9a271-7bed-4435-b477-86c6ed0ece08: receive RaftClientReply:client-821285EC2D67->9fa9a271-7bed-4435-b477-86c6ed0ece08@group-0E07FAD1B91E, cid=1266, SUCCESS, logIndex=0, commits[9fa9a271-7bed-4435-b477-86c6ed0ece08:c1784, 06c1a879-4ae3-48dc-9686-b55cde066000:c1783, 67fae1a7-3cbe-4338-9d41-57e84498288b:c1783]
2019-07-10 10:27:26,000 INFO  client.GrpcClientProtocolClient (GrpcClientProtocolClient.java:onNext(255)) - client-821285EC2D67->9fa9a271-7bed-4435-b477-86c6ed0ece08: receive RaftClientReply:client-821285EC2D67->9fa9a271-7bed-4435-b477-86c6ed0ece08@group-0E07FAD1B91E, cid=1267, SUCCESS, logIndex=1786, commits[9fa9a271-7bed-4435-b477-86c6ed0ece08:c1787, 06c1a879-4ae3-48dc-9686-b55cde066000:c1785, 67fae1a7-3cbe-4338-9d41-57e84498288b:c1785]
2019-07-10 10:27:26,001 INFO  client.GrpcClientProtocolClient (GrpcClientProtocolClient.java:onNext(255)) - client-821285EC2D67->9fa9a271-7bed-4435-b477-86c6ed0ece08: receive RaftClientReply:client-821285EC2D67->9fa9a271-7bed-4435-b477-86c6ed0ece08@group-0E07FAD1B91E, cid=1268, SUCCESS, logIndex=1787, commits[9fa9a271-7bed-4435-b477-86c6ed0ece08:c1788, 06c1a879-4ae3-48dc-9686-b55cde066000:c1785, 67fae1a7-3cbe-4338-9d41-57e84498288b:c1785]
2019-07-10 10:27:26,001 INFO  client.GrpcClientProtocolClient (GrpcClientProtocolClient.java:onNext(255)) - client-821285EC2D67->9fa9a271-7bed-4435-b477-86c6ed0ece08: receive RaftClientReply:client-821285EC2D67->9fa9a271-7bed-4435-b477-86c6ed0ece08@group-0E07FAD1B91E, cid=1269, SUCCESS, logIndex=1788, commits[9fa9a271-7bed-4435-b477-86c6ed0ece08:c1789, 06c1a879-4ae3-48dc-9686-b55cde066000:c1785, 67fae1a7-3cbe-4338-9d41-57e84498288b:c1785]
2019-07-10 10:27:26,002 INFO  client.GrpcClientProtocolClient (GrpcClientProtocolClient.java:onNext(255)) - client-821285EC2D67->9fa9a271-7bed-4435-b477-86c6ed0ece08: receive RaftClientReply:client-821285EC2D67->9fa9a271-7bed-4435-b477-86c6ed0ece08@group-0E07FAD1B91E, cid=1270, SUCCESS, logIndex=1789, commits[9fa9a271-7bed-4435-b477-86c6ed0ece08:c1791, 06c1a879-4ae3-48dc-9686-b55cde066000:c1787, 67fae1a7-3cbe-4338-9d41-57e84498288b:c1785]
2019-07-10 10:27:26,004 INFO  client.GrpcClientProtocolClient (GrpcClientProtocolClient.java:onNext(255)) - client-821285EC2D67->9fa9a271-7bed-4435-b477-86c6ed0ece08: receive RaftClientReply:client-821285EC2D67->9fa9a271-7bed-4435-b477-86c6ed0ece08@group-0E07FAD1B91E, cid=1271, SUCCESS, logIndex=0, commits[9fa9a271-7bed-4435-b477-86c6ed0ece08:c1791, 06c1a879-4ae3-48dc-9686-b55cde066000:c1787, 67fae1a7-3cbe-4338-9d41-57e84498288b:c1787]
2019-07-10 10:27:26,028 INFO  client.GrpcClientProtocolClient (GrpcClientProtocolClient.java:onNext(255)) - client-821285EC2D67->9fa9a271-7bed-4435-b477-86c6ed0ece08: receive RaftClientReply:client-821285EC2D67->9fa9a271-7bed-4435-b477-86c6ed0ece08@group-0E07FAD1B91E, cid=1272, SUCCESS, logIndex=1794, commits[9fa9a271-7bed-4435-b477-86c6ed0ece08:c1795, 06c1a879-4ae3-48dc-9686-b55cde066000:c1791, 67fae1a7-3cbe-4338-9d41-57e84498288b:c1791]
2019-07-10 10:27:26,029 INFO  client.GrpcClientProtocolClient (GrpcClientProtocolClient.java:onNext(255)) - client-821285EC2D67->9fa9a271-7bed-4435-b477-86c6ed0ece08: receive RaftClientReply:client-821285EC2D67->9fa9a271-7bed-4435-b477-86c6ed0ece08@group-0E07FAD1B91E, cid=1273, SUCCESS, logIndex=1795, commits[9fa9a271-7bed-4435-b477-86c6ed0ece08:c1795, 06c1a879-4ae3-48dc-9686-b55cde066000:c1791, 67fae1a7-3cbe-4338-9d41-57e84498288b:c1791]
2019-07-10 10:27:26,041 INFO  client.GrpcClientProtocolClient (GrpcClientProtocolClient.java:onNext(255)) - client-821285EC2D67->9fa9a271-7bed-4435-b477-86c6ed0ece08: receive RaftClientReply:client-821285EC2D67->9fa9a271-7bed-4435-b477-86c6ed0ece08@group-0E07FAD1B91E, cid=1274, SUCCESS, logIndex=1798, commits[9fa9a271-7bed-4435-b477-86c6ed0ece08:c1799, 06c1a879-4ae3-48dc-9686-b55cde066000:c1795, 67fae1a7-3cbe-4338-9d41-57e84498288b:c1795]
2019-07-10 10:27:26,042 INFO  client.GrpcClientProtocolClient (GrpcClientProtocolClient.java:onNext(255)) - client-821285EC2D67->9fa9a271-7bed-4435-b477-86c6ed0ece08: receive RaftClientReply:client-821285EC2D67->9fa9a271-7bed-4435-b477-86c6ed0ece08@group-0E07FAD1B91E, cid=1275, SUCCESS, logIndex=1799, commits[9fa9a271-7bed-4435-b477-86c6ed0ece08:c1799, 06c1a879-4ae3-48dc-9686-b55cde066000:c1795, 67fae1a7-3cbe-4338-9d41-57e84498288b:c1795]
2019-07-10 10:27:26,045 INFO  client.GrpcClientProtocolClient (GrpcClientProtocolClient.java:onNext(255)) - client-821285EC2D67->9fa9a271-7bed-4435-b477-86c6ed0ece08: receive RaftClientReply:client-821285EC2D67->9fa9a271-7bed-4435-b477-86c6ed0ece08@group-0E07FAD1B91E, cid=1276, SUCCESS, logIndex=0, commits[9fa9a271-7bed-4435-b477-86c6ed0ece08:c1801, 06c1a879-4ae3-48dc-9686-b55cde066000:c1799, 67fae1a7-3cbe-4338-9d41-57e84498288b:c1799]
2019-07-10 10:27:26,074 INFO  client.GrpcClientProtocolClient (GrpcClientProtocolClient.java:onNext(255)) - client-821285EC2D67->9fa9a271-7bed-4435-b477-86c6ed0ece08: receive RaftClientReply:client-821285EC2D67->9fa9a271-7bed-4435-b477-86c6ed0ece08@group-0E07FAD1B91E, cid=1277, SUCCESS, logIndex=1802, commits[9fa9a271-7bed-4435-b477-86c6ed0ece08:c1804, 06c1a879-4ae3-48dc-9686-b55cde066000:c1801, 67fae1a7-3cbe-4338-9d41-57e84498288b:c1801]
2019-07-10 10:27:26,075 INFO  client.GrpcClientProtocolClient (GrpcClientProtocolClient.java:onNext(255)) - client-821285EC2D67->9fa9a271-7bed-4435-b477-86c6ed0ece08: receive RaftClientReply:client-821285EC2D67->9fa9a271-7bed-4435-b477-86c6ed0ece08@group-0E07FAD1B91E, cid=1278, SUCCESS, logIndex=1803, commits[9fa9a271-7bed-4435-b477-86c6ed0ece08:c1805, 06c1a879-4ae3-48dc-9686-b55cde066000:c1801, 67fae1a7-3cbe-4338-9d41-57e84498288b:c1801]
2019-07-10 10:27:26,076 INFO  client.GrpcClientProtocolClient (GrpcClientProtocolClient.java:onNext(255)) - client-821285EC2D67->9fa9a271-7bed-4435-b477-86c6ed0ece08: receive RaftClientReply:client-821285EC2D67->9fa9a271-7bed-4435-b477-86c6ed0ece08@group-0E07FAD1B91E, cid=1279, SUCCESS, logIndex=1804, commits[9fa9a271-7bed-4435-b477-86c6ed0ece08:c1805, 06c1a879-4ae3-48dc-9686-b55cde066000:c1801, 67fae1a7-3cbe-4338-9d41-57e84498288b:c1801]
2019-07-10 10:27:26,076 INFO  client.GrpcClientProtocolClient (GrpcClientProtocolClient.java:onNext(255)) - client-821285EC2D67->9fa9a271-7bed-4435-b477-86c6ed0ece08: receive RaftClientReply:client-821285EC2D67->9fa9a271-7bed-4435-b477-86c6ed0ece08@group-0E07FAD1B91E, cid=1280, SUCCESS, logIndex=1805, commits[9fa9a271-7bed-4435-b477-86c6ed0ece08:c1805, 06c1a879-4ae3-48dc-9686-b55cde066000:c1801, 67fae1a7-3cbe-4338-9d41-57e84498288b:c1801]
2019-07-10 10:27:26,077 INFO  client.GrpcClientProtocolClient (GrpcClientProtocolClient.java:onNext(255)) - client-821285EC2D67->9fa9a271-7bed-4435-b477-86c6ed0ece08: receive RaftClientReply:client-821285EC2D67->9fa9a271-7bed-4435-b477-86c6ed0ece08@group-0E07FAD1B91E, cid=1281, SUCCESS, logIndex=0, commits[9fa9a271-7bed-4435-b477-86c6ed0ece08:c1808, 06c1a879-4ae3-48dc-9686-b55cde066000:c1804, 67fae1a7-3cbe-4338-9d41-57e84498288b:c1804]
2019-07-10 10:27:26,098 INFO  client.GrpcClientProtocolClient (GrpcClientProtocolClient.java:onNext(255)) - client-821285EC2D67->9fa9a271-7bed-4435-b477-86c6ed0ece08: receive RaftClientReply:client-821285EC2D67->9fa9a271-7bed-4435-b477-86c6ed0ece08@group-0E07FAD1B91E, cid=1282, SUCCESS, logIndex=1810, commits[9fa9a271-7bed-4435-b477-86c6ed0ece08:c1811, 06c1a879-4ae3-48dc-9686-b55cde066000:c1809, 67fae1a7-3cbe-4338-9d41-57e84498288b:c1809]
2019-07-10 10:27:26,099 INFO  client.GrpcClientProtocolClient (GrpcClientProtocolClient.java:onNext(255)) - client-821285EC2D67->9fa9a271-7bed-4435-b477-86c6ed0ece08: receive RaftClientReply:client-821285EC2D67->9fa9a271-7bed-4435-b477-86c6ed0ece08@group-0E07FAD1B91E, cid=1283, SUCCESS, logIndex=1811, commits[9fa9a271-7bed-4435-b477-86c6ed0ece08:c1811, 06c1a879-4ae3-48dc-9686-b55cde066000:c1809, 67fae1a7-3cbe-4338-9d41-57e84498288b:c1809]
2019-07-10 10:27:26,111 INFO  client.GrpcClientProtocolClient (GrpcClientProtocolClient.java:onNext(255)) - client-821285EC2D67->9fa9a271-7bed-4435-b477-86c6ed0ece08: receive RaftClientReply:client-821285EC2D67->9fa9a271-7bed-4435-b477-86c6ed0ece08@group-0E07FAD1B91E, cid=1284, SUCCESS, logIndex=1814, commits[9fa9a271-7bed-4435-b477-86c6ed0ece08:c1815, 06c1a879-4ae3-48dc-9686-b55cde066000:c1811, 67fae1a7-3cbe-4338-9d41-57e84498288b:c1811]
2019-07-10 10:27:26,112 INFO  client.GrpcClientProtocolClient (GrpcClientProtocolClient.java:onNext(255)) - client-821285EC2D67->9fa9a271-7bed-4435-b477-86c6ed0ece08: receive RaftClientReply:client-821285EC2D67->9fa9a271-7bed-4435-b477-86c6ed0ece08@group-0E07FAD1B91E, cid=1285, SUCCESS, logIndex=1815, commits[9fa9a271-7bed-4435-b477-86c6ed0ece08:c1815, 06c1a879-4ae3-48dc-9686-b55cde066000:c1811, 67fae1a7-3cbe-4338-9d41-57e84498288b:c1811]
2019-07-10 10:27:26,122 INFO  client.GrpcClientProtocolClient (GrpcClientProtocolClient.java:onNext(255)) - client-821285EC2D67->9fa9a271-7bed-4435-b477-86c6ed0ece08: receive RaftClientReply:client-821285EC2D67->9fa9a271-7bed-4435-b477-86c6ed0ece08@group-0E07FAD1B91E, cid=1286, SUCCESS, logIndex=0, commits[9fa9a271-7bed-4435-b477-86c6ed0ece08:c1816, 06c1a879-4ae3-48dc-9686-b55cde066000:c1815, 67fae1a7-3cbe-4338-9d41-57e84498288b:c1815]
2019-07-10 10:27:26,152 INFO  client.GrpcClientProtocolClient (GrpcClientProtocolClient.java:onNext(255)) - client-821285EC2D67->9fa9a271-7bed-4435-b477-86c6ed0ece08: receive RaftClientReply:client-821285EC2D67->9fa9a271-7bed-4435-b477-86c6ed0ece08@group-0E07FAD1B91E, cid=1287, SUCCESS, logIndex=1818, commits[9fa9a271-7bed-4435-b477-86c6ed0ece08:c1819, 06c1a879-4ae3-48dc-9686-b55cde066000:c1817, 67fae1a7-3cbe-4338-9d41-57e84498288b:c1817]
2019-07-10 10:27:26,153 INFO  client.GrpcClientProtocolClient (GrpcClientProtocolClient.java:onNext(255)) - client-821285EC2D67->9fa9a271-7bed-4435-b477-86c6ed0ece08: receive RaftClientReply:client-821285EC2D67->9fa9a271-7bed-4435-b477-86c6ed0ece08@group-0E07FAD1B91E, cid=1288, SUCCESS, logIndex=1819, commits[9fa9a271-7bed-4435-b477-86c6ed0ece08:c1820, 06c1a879-4ae3-48dc-9686-b55cde066000:c1817, 67fae1a7-3cbe-4338-9d41-57e84498288b:c1817]
2019-07-10 10:27:26,153 INFO  client.GrpcClientProtocolClient (GrpcClientProtocolClient.java:onNext(255)) - client-821285EC2D67->9fa9a271-7bed-4435-b477-86c6ed0ece08: receive RaftClientReply:client-821285EC2D67->9fa9a271-7bed-4435-b477-86c6ed0ece08@group-0E07FAD1B91E, cid=1289, SUCCESS, logIndex=1820, commits[9fa9a271-7bed-4435-b477-86c6ed0ece08:c1821, 06c1a879-4ae3-48dc-9686-b55cde066000:c1817, 67fae1a7-3cbe-4338-9d41-57e84498288b:c1817]
2019-07-10 10:27:26,153 INFO  client.GrpcClientProtocolClient (GrpcClientProtocolClient.java:onNext(255)) - client-821285EC2D67->9fa9a271-7bed-4435-b477-86c6ed0ece08: receive RaftClientReply:client-821285EC2D67->9fa9a271-7bed-4435-b477-86c6ed0ece08@group-0E07FAD1B91E, cid=1290, SUCCESS, logIndex=1821, commits[9fa9a271-7bed-4435-b477-86c6ed0ece08:c1821, 06c1a879-4ae3-48dc-9686-b55cde066000:c1817, 67fae1a7-3cbe-4338-9d41-57e84498288b:c1817]
2019-07-10 10:27:26,155 INFO  client.GrpcClientProtocolClient (GrpcClientProtocolClient.java:onNext(255)) - client-821285EC2D67->9fa9a271-7bed-4435-b477-86c6ed0ece08: receive RaftClientReply:client-821285EC2D67->9fa9a271-7bed-4435-b477-86c6ed0ece08@group-0E07FAD1B91E, cid=1291, SUCCESS, logIndex=0, commits[9fa9a271-7bed-4435-b477-86c6ed0ece08:c1825, 06c1a879-4ae3-48dc-9686-b55cde066000:c1819, 67fae1a7-3cbe-4338-9d41-57e84498288b:c1821]
2019-07-10 10:27:26,172 INFO  client.GrpcClientProtocolClient (GrpcClientProtocolClient.java:onNext(255)) - client-821285EC2D67->9fa9a271-7bed-4435-b477-86c6ed0ece08: receive RaftClientReply:client-821285EC2D67->9fa9a271-7bed-4435-b477-86c6ed0ece08@group-0E07FAD1B91E, cid=1292, SUCCESS, logIndex=1826, commits[9fa9a271-7bed-4435-b477-86c6ed0ece08:c1827, 06c1a879-4ae3-48dc-9686-b55cde066000:c1825, 67fae1a7-3cbe-4338-9d41-57e84498288b:c1825]
2019-07-10 10:27:26,172 INFO  client.GrpcClientProtocolClient (GrpcClientProtocolClient.java:onNext(255)) - client-821285EC2D67->9fa9a271-7bed-4435-b477-86c6ed0ece08: receive RaftClientReply:client-821285EC2D67->9fa9a271-7bed-4435-b477-86c6ed0ece08@group-0E07FAD1B91E, cid=1293, SUCCESS, logIndex=1827, commits[9fa9a271-7bed-4435-b477-86c6ed0ece08:c1827, 06c1a879-4ae3-48dc-9686-b55cde066000:c1825, 67fae1a7-3cbe-4338-9d41-57e84498288b:c1825]
2019-07-10 10:27:26,184 INFO  client.GrpcClientProtocolClient (GrpcClientProtocolClient.java:onNext(255)) - client-821285EC2D67->9fa9a271-7bed-4435-b477-86c6ed0ece08: receive RaftClientReply:client-821285EC2D67->9fa9a271-7bed-4435-b477-86c6ed0ece08@group-0E07FAD1B91E, cid=1294, SUCCESS, logIndex=1830, commits[9fa9a271-7bed-4435-b477-86c6ed0ece08:c1831, 06c1a879-4ae3-48dc-9686-b55cde066000:c1827, 67fae1a7-3cbe-4338-9d41-57e84498288b:c1827]
2019-07-10 10:27:26,184 INFO  client.GrpcClientProtocolClient (GrpcClientProtocolClient.java:onNext(255)) - client-821285EC2D67->9fa9a271-7bed-4435-b477-86c6ed0ece08: receive RaftClientReply:client-821285EC2D67->9fa9a271-7bed-4435-b477-86c6ed0ece08@group-0E07FAD1B91E, cid=1295, SUCCESS, logIndex=1831, commits[9fa9a271-7bed-4435-b477-86c6ed0ece08:c1831, 06c1a879-4ae3-48dc-9686-b55cde066000:c1827, 67fae1a7-3cbe-4338-9d41-57e84498288b:c1827]
2019-07-10 10:27:26,195 INFO  client.GrpcClientProtocolClient (GrpcClientProtocolClient.java:onNext(255)) - client-821285EC2D67->9fa9a271-7bed-4435-b477-86c6ed0ece08: receive RaftClientReply:client-821285EC2D67->9fa9a271-7bed-4435-b477-86c6ed0ece08@group-0E07FAD1B91E, cid=1296, SUCCESS, logIndex=0, commits[9fa9a271-7bed-4435-b477-86c6ed0ece08:c1833, 06c1a879-4ae3-48dc-9686-b55cde066000:c1831, 67fae1a7-3cbe-4338-9d41-57e84498288b:c1831]
2019-07-10 10:27:26,222 INFO  client.GrpcClientProtocolClient (GrpcClientProtocolClient.java:onNext(255)) - client-821285EC2D67->9fa9a271-7bed-4435-b477-86c6ed0ece08: receive RaftClientReply:client-821285EC2D67->9fa9a271-7bed-4435-b477-86c6ed0ece08@group-0E07FAD1B91E, cid=1297, SUCCESS, logIndex=1834, commits[9fa9a271-7bed-4435-b477-86c6ed0ece08:c1835, 06c1a879-4ae3-48dc-9686-b55cde066000:c1833, 67fae1a7-3cbe-4338-9d41-57e84498288b:c1833]
2019-07-10 10:27:26,222 INFO  client.GrpcClientProtocolClient (GrpcClientProtocolClient.java:onNext(255)) - client-821285EC2D67->9fa9a271-7bed-4435-b477-86c6ed0ece08: receive RaftClientReply:client-821285EC2D67->9fa9a271-7bed-4435-b477-86c6ed0ece08@group-0E07FAD1B91E, cid=1298, SUCCESS, logIndex=1835, commits[9fa9a271-7bed-4435-b477-86c6ed0ece08:c1837, 06c1a879-4ae3-48dc-9686-b55cde066000:c1833, 67fae1a7-3cbe-4338-9d41-57e84498288b:c1833]
2019-07-10 10:27:26,223 INFO  client.GrpcClientProtocolClient (GrpcClientProtocolClient.java:onNext(255)) - client-821285EC2D67->9fa9a271-7bed-4435-b477-86c6ed0ece08: receive RaftClientReply:client-821285EC2D67->9fa9a271-7bed-4435-b477-86c6ed0ece08@group-0E07FAD1B91E, cid=1299, SUCCESS, logIndex=1836, commits[9fa9a271-7bed-4435-b477-86c6ed0ece08:c1837, 06c1a879-4ae3-48dc-9686-b55cde066000:c1833, 67fae1a7-3cbe-4338-9d41-57e84498288b:c1833]
2019-07-10 10:27:26,223 INFO  client.GrpcClientProtocolClient (GrpcClientProtocolClient.java:onNext(255)) - client-821285EC2D67->9fa9a271-7bed-4435-b477-86c6ed0ece08: receive RaftClientReply:client-821285EC2D67->9fa9a271-7bed-4435-b477-86c6ed0ece08@group-0E07FAD1B91E, cid=1300, SUCCESS, logIndex=1837, commits[9fa9a271-7bed-4435-b477-86c6ed0ece08:c1837, 06c1a879-4ae3-48dc-9686-b55cde066000:c1833, 67fae1a7-3cbe-4338-9d41-57e84498288b:c1833]
2019-07-10 10:27:26,224 INFO  client.GrpcClientProtocolClient (GrpcClientProtocolClient.java:onNext(255)) - client-821285EC2D67->9fa9a271-7bed-4435-b477-86c6ed0ece08: receive RaftClientReply:client-821285EC2D67->9fa9a271-7bed-4435-b477-86c6ed0ece08@group-0E07FAD1B91E, cid=1301, SUCCESS, logIndex=0, commits[9fa9a271-7bed-4435-b477-86c6ed0ece08:c1838, 06c1a879-4ae3-48dc-9686-b55cde066000:c1835, 67fae1a7-3cbe-4338-9d41-57e84498288b:c1835]
2019-07-10 10:27:26,241 INFO  client.GrpcClientProtocolClient (GrpcClientProtocolClient.java:onNext(255)) - client-821285EC2D67->9fa9a271-7bed-4435-b477-86c6ed0ece08: receive RaftClientReply:client-821285EC2D67->9fa9a271-7bed-4435-b477-86c6ed0ece08@group-0E07FAD1B91E, cid=1302, SUCCESS, logIndex=1842, commits[9fa9a271-7bed-4435-b477-86c6ed0ece08:c1843, 06c1a879-4ae3-48dc-9686-b55cde066000:c1841, 67fae1a7-3cbe-4338-9d41-57e84498288b:c1841]
2019-07-10 10:27:26,242 INFO  client.GrpcClientProtocolClient (GrpcClientProtocolClient.java:onNext(255)) - client-821285EC2D67->9fa9a271-7bed-4435-b477-86c6ed0ece08: receive RaftClientReply:client-821285EC2D67->9fa9a271-7bed-4435-b477-86c6ed0ece08@group-0E07FAD1B91E, cid=1303, SUCCESS, logIndex=1843, commits[9fa9a271-7bed-4435-b477-86c6ed0ece08:c1843, 06c1a879-4ae3-48dc-9686-b55cde066000:c1841, 67fae1a7-3cbe-4338-9d41-57e84498288b:c1841]
2019-07-10 10:27:26,255 INFO  client.GrpcClientProtocolClient (GrpcClientProtocolClient.java:onNext(255)) - client-821285EC2D67->9fa9a271-7bed-4435-b477-86c6ed0ece08: receive RaftClientReply:client-821285EC2D67->9fa9a271-7bed-4435-b477-86c6ed0ece08@group-0E07FAD1B91E, cid=1304, SUCCESS, logIndex=1846, commits[9fa9a271-7bed-4435-b477-86c6ed0ece08:c1847, 06c1a879-4ae3-48dc-9686-b55cde066000:c1843, 67fae1a7-3cbe-4338-9d41-57e84498288b:c1843]
2019-07-10 10:27:26,255 INFO  client.GrpcClientProtocolClient (GrpcClientProtocolClient.java:onNext(255)) - client-821285EC2D67->9fa9a271-7bed-4435-b477-86c6ed0ece08: receive RaftClientReply:client-821285EC2D67->9fa9a271-7bed-4435-b477-86c6ed0ece08@group-0E07FAD1B91E, cid=1305, SUCCESS, logIndex=1847, commits[9fa9a271-7bed-4435-b477-86c6ed0ece08:c1847, 06c1a879-4ae3-48dc-9686-b55cde066000:c1843, 67fae1a7-3cbe-4338-9d41-57e84498288b:c1843]
2019-07-10 10:27:26,257 INFO  client.GrpcClientProtocolClient (GrpcClientProtocolClient.java:onNext(255)) - client-821285EC2D67->9fa9a271-7bed-4435-b477-86c6ed0ece08: receive RaftClientReply:client-821285EC2D67->9fa9a271-7bed-4435-b477-86c6ed0ece08@group-0E07FAD1B91E, cid=1306, SUCCESS, logIndex=0, commits[9fa9a271-7bed-4435-b477-86c6ed0ece08:c1849, 06c1a879-4ae3-48dc-9686-b55cde066000:c1847, 67fae1a7-3cbe-4338-9d41-57e84498288b:c1847]
2019-07-10 10:27:26,281 INFO  client.GrpcClientProtocolClient (GrpcClientProtocolClient.java:onNext(255)) - client-821285EC2D67->9fa9a271-7bed-4435-b477-86c6ed0ece08: receive RaftClientReply:client-821285EC2D67->9fa9a271-7bed-4435-b477-86c6ed0ece08@group-0E07FAD1B91E, cid=1307, SUCCESS, logIndex=1850, commits[9fa9a271-7bed-4435-b477-86c6ed0ece08:c1851, 06c1a879-4ae3-48dc-9686-b55cde066000:c1849, 67fae1a7-3cbe-4338-9d41-57e84498288b:c1849]
2019-07-10 10:27:26,282 INFO  client.GrpcClientProtocolClient (GrpcClientProtocolClient.java:onNext(255)) - client-821285EC2D67->9fa9a271-7bed-4435-b477-86c6ed0ece08: receive RaftClientReply:client-821285EC2D67->9fa9a271-7bed-4435-b477-86c6ed0ece08@group-0E07FAD1B91E, cid=1308, SUCCESS, logIndex=1851, commits[9fa9a271-7bed-4435-b477-86c6ed0ece08:c1851, 06c1a879-4ae3-48dc-9686-b55cde066000:c1849, 67fae1a7-3cbe-4338-9d41-57e84498288b:c1849]
2019-07-10 10:27:26,282 INFO  client.GrpcClientProtocolClient (GrpcClientProtocolClient.java:onNext(255)) - client-821285EC2D67->9fa9a271-7bed-4435-b477-86c6ed0ece08: receive RaftClientReply:client-821285EC2D67->9fa9a271-7bed-4435-b477-86c6ed0ece08@group-0E07FAD1B91E, cid=1309, SUCCESS, logIndex=1852, commits[9fa9a271-7bed-4435-b477-86c6ed0ece08:c1852, 06c1a879-4ae3-48dc-9686-b55cde066000:c1849, 67fae1a7-3cbe-4338-9d41-57e84498288b:c1849]
2019-07-10 10:27:26,283 INFO  client.GrpcClientProtocolClient (GrpcClientProtocolClient.java:onNext(255)) - client-821285EC2D67->9fa9a271-7bed-4435-b477-86c6ed0ece08: receive RaftClientReply:client-821285EC2D67->9fa9a271-7bed-4435-b477-86c6ed0ece08@group-0E07FAD1B91E, cid=1310, SUCCESS, logIndex=1853, commits[9fa9a271-7bed-4435-b477-86c6ed0ece08:c1853, 06c1a879-4ae3-48dc-9686-b55cde066000:c1849, 67fae1a7-3cbe-4338-9d41-57e84498288b:c1849]
2019-07-10 10:27:26,284 INFO  client.GrpcClientProtocolClient (GrpcClientProtocolClient.java:onNext(255)) - client-821285EC2D67->9fa9a271-7bed-4435-b477-86c6ed0ece08: receive RaftClientReply:client-821285EC2D67->9fa9a271-7bed-4435-b477-86c6ed0ece08@group-0E07FAD1B91E, cid=1311, SUCCESS, logIndex=0, commits[9fa9a271-7bed-4435-b477-86c6ed0ece08:c1855, 06c1a879-4ae3-48dc-9686-b55cde066000:c1851, 67fae1a7-3cbe-4338-9d41-57e84498288b:c1851]
2019-07-10 10:27:26,301 INFO  client.GrpcClientProtocolClient (GrpcClientProtocolClient.java:onNext(255)) - client-821285EC2D67->9fa9a271-7bed-4435-b477-86c6ed0ece08: receive RaftClientReply:client-821285EC2D67->9fa9a271-7bed-4435-b477-86c6ed0ece08@group-0E07FAD1B91E, cid=1312, SUCCESS, logIndex=1858, commits[9fa9a271-7bed-4435-b477-86c6ed0ece08:c1859, 06c1a879-4ae3-48dc-9686-b55cde066000:c1857, 67fae1a7-3cbe-4338-9d41-57e84498288b:c1857]
2019-07-10 10:27:26,302 INFO  client.GrpcClientProtocolClient (GrpcClientProtocolClient.java:onNext(255)) - client-821285EC2D67->9fa9a271-7bed-4435-b477-86c6ed0ece08: receive RaftClientReply:client-821285EC2D67->9fa9a271-7bed-4435-b477-86c6ed0ece08@group-0E07FAD1B91E, cid=1313, SUCCESS, logIndex=1859, commits[9fa9a271-7bed-4435-b477-86c6ed0ece08:c1859, 06c1a879-4ae3-48dc-9686-b55cde066000:c1857, 67fae1a7-3cbe-4338-9d41-57e84498288b:c1857]
2019-07-10 10:27:26,313 INFO  client.GrpcClientProtocolClient (GrpcClientProtocolClient.java:onNext(255)) - client-821285EC2D67->9fa9a271-7bed-4435-b477-86c6ed0ece08: receive RaftClientReply:client-821285EC2D67->9fa9a271-7bed-4435-b477-86c6ed0ece08@group-0E07FAD1B91E, cid=1314, SUCCESS, logIndex=1862, commits[9fa9a271-7bed-4435-b477-86c6ed0ece08:c1863, 06c1a879-4ae3-48dc-9686-b55cde066000:c1859, 67fae1a7-3cbe-4338-9d41-57e84498288b:c1859]
2019-07-10 10:27:26,314 INFO  client.GrpcClientProtocolClient (GrpcClientProtocolClient.java:onNext(255)) - client-821285EC2D67->9fa9a271-7bed-4435-b477-86c6ed0ece08: receive RaftClientReply:client-821285EC2D67->9fa9a271-7bed-4435-b477-86c6ed0ece08@group-0E07FAD1B91E, cid=1315, SUCCESS, logIndex=1863, commits[9fa9a271-7bed-4435-b477-86c6ed0ece08:c1863, 06c1a879-4ae3-48dc-9686-b55cde066000:c1859, 67fae1a7-3cbe-4338-9d41-57e84498288b:c1859]
2019-07-10 10:27:26,324 INFO  client.GrpcClientProtocolClient (GrpcClientProtocolClient.java:onNext(255)) - client-821285EC2D67->9fa9a271-7bed-4435-b477-86c6ed0ece08: receive RaftClientReply:client-821285EC2D67->9fa9a271-7bed-4435-b477-86c6ed0ece08@group-0E07FAD1B91E, cid=1316, SUCCESS, logIndex=0, commits[9fa9a271-7bed-4435-b477-86c6ed0ece08:c1865, 06c1a879-4ae3-48dc-9686-b55cde066000:c1863, 67fae1a7-3cbe-4338-9d41-57e84498288b:c1863]
2019-07-10 10:27:26,347 INFO  client.GrpcClientProtocolClient (GrpcClientProtocolClient.java:onNext(255)) - client-821285EC2D67->9fa9a271-7bed-4435-b477-86c6ed0ece08: receive RaftClientReply:client-821285EC2D67->9fa9a271-7bed-4435-b477-86c6ed0ece08@group-0E07FAD1B91E, cid=1317, SUCCESS, logIndex=1866, commits[9fa9a271-7bed-4435-b477-86c6ed0ece08:c1867, 06c1a879-4ae3-48dc-9686-b55cde066000:c1865, 67fae1a7-3cbe-4338-9d41-57e84498288b:c1865]
2019-07-10 10:27:26,348 INFO  client.GrpcClientProtocolClient (GrpcClientProtocolClient.java:onNext(255)) - client-821285EC2D67->9fa9a271-7bed-4435-b477-86c6ed0ece08: receive RaftClientReply:client-821285EC2D67->9fa9a271-7bed-4435-b477-86c6ed0ece08@group-0E07FAD1B91E, cid=1318, SUCCESS, logIndex=1867, commits[9fa9a271-7bed-4435-b477-86c6ed0ece08:c1867, 06c1a879-4ae3-48dc-9686-b55cde066000:c1865, 67fae1a7-3cbe-4338-9d41-57e84498288b:c1865]
2019-07-10 10:27:26,349 INFO  client.GrpcClientProtocolClient (GrpcClientProtocolClient.java:onNext(255)) - client-821285EC2D67->9fa9a271-7bed-4435-b477-86c6ed0ece08: receive RaftClientReply:client-821285EC2D67->9fa9a271-7bed-4435-b477-86c6ed0ece08@group-0E07FAD1B91E, cid=1319, SUCCESS, logIndex=1868, commits[9fa9a271-7bed-4435-b477-86c6ed0ece08:c1868, 06c1a879-4ae3-48dc-9686-b55cde066000:c1865, 67fae1a7-3cbe-4338-9d41-57e84498288b:c1865]
2019-07-10 10:27:26,349 INFO  client.GrpcClientProtocolClient (GrpcClientProtocolClient.java:onNext(255)) - client-821285EC2D67->9fa9a271-7bed-4435-b477-86c6ed0ece08: receive RaftClientReply:client-821285EC2D67->9fa9a271-7bed-4435-b477-86c6ed0ece08@group-0E07FAD1B91E, cid=1320, SUCCESS, logIndex=1869, commits[9fa9a271-7bed-4435-b477-86c6ed0ece08:c1869, 06c1a879-4ae3-48dc-9686-b55cde066000:c1865, 67fae1a7-3cbe-4338-9d41-57e84498288b:c1865]
2019-07-10 10:27:26,350 INFO  client.GrpcClientProtocolClient (GrpcClientProtocolClient.java:onNext(255)) - client-821285EC2D67->9fa9a271-7bed-4435-b477-86c6ed0ece08: receive RaftClientReply:client-821285EC2D67->9fa9a271-7bed-4435-b477-86c6ed0ece08@group-0E07FAD1B91E, cid=1321, SUCCESS, logIndex=0, commits[9fa9a271-7bed-4435-b477-86c6ed0ece08:c1871, 06c1a879-4ae3-48dc-9686-b55cde066000:c1867, 67fae1a7-3cbe-4338-9d41-57e84498288b:c1867]
2019-07-10 10:27:26,369 INFO  client.GrpcClientProtocolClient (GrpcClientProtocolClient.java:onNext(255)) - client-821285EC2D67->9fa9a271-7bed-4435-b477-86c6ed0ece08: receive RaftClientReply:client-821285EC2D67->9fa9a271-7bed-4435-b477-86c6ed0ece08@group-0E07FAD1B91E, cid=1322, SUCCESS, logIndex=1874, commits[9fa9a271-7bed-4435-b477-86c6ed0ece08:c1875, 06c1a879-4ae3-48dc-9686-b55cde066000:c1873, 67fae1a7-3cbe-4338-9d41-57e84498288b:c1873]
2019-07-10 10:27:26,369 INFO  client.GrpcClientProtocolClient (GrpcClientProtocolClient.java:onNext(255)) - client-821285EC2D67->9fa9a271-7bed-4435-b477-86c6ed0ece08: receive RaftClientReply:client-821285EC2D67->9fa9a271-7bed-4435-b477-86c6ed0ece08@group-0E07FAD1B91E, cid=1323, SUCCESS, logIndex=1875, commits[9fa9a271-7bed-4435-b477-86c6ed0ece08:c1875, 06c1a879-4ae3-48dc-9686-b55cde066000:c1873, 67fae1a7-3cbe-4338-9d41-57e84498288b:c1873]
2019-07-10 10:27:26,386 INFO  client.GrpcClientProtocolClient (GrpcClientProtocolClient.java:onNext(255)) - client-821285EC2D67->9fa9a271-7bed-4435-b477-86c6ed0ece08: receive RaftClientReply:client-821285EC2D67->9fa9a271-7bed-4435-b477-86c6ed0ece08@group-0E07FAD1B91E, cid=1324, SUCCESS, logIndex=1878, commits[9fa9a271-7bed-4435-b477-86c6ed0ece08:c1879, 06c1a879-4ae3-48dc-9686-b55cde066000:c1877, 67fae1a7-3cbe-4338-9d41-57e84498288b:c1877]
2019-07-10 10:27:26,386 INFO  client.GrpcClientProtocolClient (GrpcClientProtocolClient.java:onNext(255)) - client-821285EC2D67->9fa9a271-7bed-4435-b477-86c6ed0ece08: receive RaftClientReply:client-821285EC2D67->9fa9a271-7bed-4435-b477-86c6ed0ece08@group-0E07FAD1B91E, cid=1325, SUCCESS, logIndex=1879, commits[9fa9a271-7bed-4435-b477-86c6ed0ece08:c1879, 06c1a879-4ae3-48dc-9686-b55cde066000:c1877, 67fae1a7-3cbe-4338-9d41-57e84498288b:c1877]
2019-07-10 10:27:26,389 INFO  client.GrpcClientProtocolClient (GrpcClientProtocolClient.java:onNext(255)) - client-821285EC2D67->9fa9a271-7bed-4435-b477-86c6ed0ece08: receive RaftClientReply:client-821285EC2D67->9fa9a271-7bed-4435-b477-86c6ed0ece08@group-0E07FAD1B91E, cid=1326, SUCCESS, logIndex=0, commits[9fa9a271-7bed-4435-b477-86c6ed0ece08:c1881, 06c1a879-4ae3-48dc-9686-b55cde066000:c1879, 67fae1a7-3cbe-4338-9d41-57e84498288b:c1879]
2019-07-10 10:27:26,406 INFO  client.GrpcClientProtocolClient (GrpcClientProtocolClient.java:onNext(255)) - client-821285EC2D67->9fa9a271-7bed-4435-b477-86c6ed0ece08: receive RaftClientReply:client-821285EC2D67->9fa9a271-7bed-4435-b477-86c6ed0ece08@group-0E07FAD1B91E, cid=1327, SUCCESS, logIndex=1882, commits[9fa9a271-7bed-4435-b477-86c6ed0ece08:c1883, 06c1a879-4ae3-48dc-9686-b55cde066000:c1881, 67fae1a7-3cbe-4338-9d41-57e84498288b:c1881]
2019-07-10 10:27:26,406 INFO  client.GrpcClientProtocolClient (GrpcClientProtocolClient.java:onNext(255)) - client-821285EC2D67->9fa9a271-7bed-4435-b477-86c6ed0ece08: receive RaftClientReply:client-821285EC2D67->9fa9a271-7bed-4435-b477-86c6ed0ece08@group-0E07FAD1B91E, cid=1328, SUCCESS, logIndex=1883, commits[9fa9a271-7bed-4435-b477-86c6ed0ece08:c1883, 06c1a879-4ae3-48dc-9686-b55cde066000:c1881, 67fae1a7-3cbe-4338-9d41-57e84498288b:c1881]
2019-07-10 10:27:26,418 INFO  client.GrpcClientProtocolClient (GrpcClientProtocolClient.java:onNext(255)) - client-821285EC2D67->9fa9a271-7bed-4435-b477-86c6ed0ece08: receive RaftClientReply:client-821285EC2D67->9fa9a271-7bed-4435-b477-86c6ed0ece08@group-0E07FAD1B91E, cid=1329, SUCCESS, logIndex=1884, commits[9fa9a271-7bed-4435-b477-86c6ed0ece08:c1885, 06c1a879-4ae3-48dc-9686-b55cde066000:c1881, 67fae1a7-3cbe-4338-9d41-57e84498288b:c1881]
2019-07-10 10:27:26,419 INFO  client.GrpcClientProtocolClient (GrpcClientProtocolClient.java:onNext(255)) - client-821285EC2D67->9fa9a271-7bed-4435-b477-86c6ed0ece08: receive RaftClientReply:client-821285EC2D67->9fa9a271-7bed-4435-b477-86c6ed0ece08@group-0E07FAD1B91E, cid=1330, SUCCESS, logIndex=1885, commits[9fa9a271-7bed-4435-b477-86c6ed0ece08:c1887, 06c1a879-4ae3-48dc-9686-b55cde066000:c1883, 67fae1a7-3cbe-4338-9d41-57e84498288b:c1883]
2019-07-10 10:27:26,505 INFO  client.GrpcClientProtocolClient (GrpcClientProtocolClient.java:onNext(255)) - client-821285EC2D67->9fa9a271-7bed-4435-b477-86c6ed0ece08: receive RaftClientReply:client-821285EC2D67->9fa9a271-7bed-4435-b477-86c6ed0ece08@group-0E07FAD1B91E, cid=1331, SUCCESS, logIndex=1890, commits[9fa9a271-7bed-4435-b477-86c6ed0ece08:c1891, 06c1a879-4ae3-48dc-9686-b55cde066000:c1889, 67fae1a7-3cbe-4338-9d41-57e84498288b:c1885]
2019-07-10 10:27:26,505 INFO  client.GrpcClientProtocolClient (GrpcClientProtocolClient.java:onNext(255)) - client-821285EC2D67->9fa9a271-7bed-4435-b477-86c6ed0ece08: receive RaftClientReply:client-821285EC2D67->9fa9a271-7bed-4435-b477-86c6ed0ece08@group-0E07FAD1B91E, cid=1332, SUCCESS, logIndex=1891, commits[9fa9a271-7bed-4435-b477-86c6ed0ece08:c1891, 06c1a879-4ae3-48dc-9686-b55cde066000:c1889, 67fae1a7-3cbe-4338-9d41-57e84498288b:c1885]
2019-07-10 10:27:26,526 INFO  client.GrpcClientProtocolClient (GrpcClientProtocolClient.java:onNext(255)) - client-821285EC2D67->9fa9a271-7bed-4435-b477-86c6ed0ece08: receive RaftClientReply:client-821285EC2D67->9fa9a271-7bed-4435-b477-86c6ed0ece08@group-0E07FAD1B91E, cid=1333, SUCCESS, logIndex=1894, commits[9fa9a271-7bed-4435-b477-86c6ed0ece08:c1895, 06c1a879-4ae3-48dc-9686-b55cde066000:c1892, 67fae1a7-3cbe-4338-9d41-57e84498288b:c1892]
2019-07-10 10:27:26,527 INFO  client.GrpcClientProtocolClient (GrpcClientProtocolClient.java:onNext(255)) - client-821285EC2D67->9fa9a271-7bed-4435-b477-86c6ed0ece08: receive RaftClientReply:client-821285EC2D67->9fa9a271-7bed-4435-b477-86c6ed0ece08@group-0E07FAD1B91E, cid=1334, SUCCESS, logIndex=1895, commits[9fa9a271-7bed-4435-b477-86c6ed0ece08:c1895, 06c1a879-4ae3-48dc-9686-b55cde066000:c1892, 67fae1a7-3cbe-4338-9d41-57e84498288b:c1892]
2019-07-10 10:27:26,539 INFO  client.GrpcClientProtocolClient (GrpcClientProtocolClient.java:onNext(255)) - client-821285EC2D67->9fa9a271-7bed-4435-b477-86c6ed0ece08: receive RaftClientReply:client-821285EC2D67->9fa9a271-7bed-4435-b477-86c6ed0ece08@group-0E07FAD1B91E, cid=1335, SUCCESS, logIndex=0, commits[9fa9a271-7bed-4435-b477-86c6ed0ece08:c1897, 06c1a879-4ae3-48dc-9686-b55cde066000:c1895, 67fae1a7-3cbe-4338-9d41-57e84498288b:c1895]
2019-07-10 10:27:26,570 INFO  client.GrpcClientProtocolClient (GrpcClientProtocolClient.java:onNext(255)) - client-821285EC2D67->9fa9a271-7bed-4435-b477-86c6ed0ece08: receive RaftClientReply:client-821285EC2D67->9fa9a271-7bed-4435-b477-86c6ed0ece08@group-0E07FAD1B91E, cid=1336, SUCCESS, logIndex=1898, commits[9fa9a271-7bed-4435-b477-86c6ed0ece08:c1899, 06c1a879-4ae3-48dc-9686-b55cde066000:c1897, 67fae1a7-3cbe-4338-9d41-57e84498288b:c1895]
2019-07-10 10:27:26,570 INFO  client.GrpcClientProtocolClient (GrpcClientProtocolClient.java:onNext(255)) - client-821285EC2D67->9fa9a271-7bed-4435-b477-86c6ed0ece08: receive RaftClientReply:client-821285EC2D67->9fa9a271-7bed-4435-b477-86c6ed0ece08@group-0E07FAD1B91E, cid=1337, SUCCESS, logIndex=1899, commits[9fa9a271-7bed-4435-b477-86c6ed0ece08:c1899, 06c1a879-4ae3-48dc-9686-b55cde066000:c1897, 67fae1a7-3cbe-4338-9d41-57e84498288b:c1897]
2019-07-10 10:27:26,571 INFO  client.GrpcClientProtocolClient (GrpcClientProtocolClient.java:onNext(255)) - client-821285EC2D67->9fa9a271-7bed-4435-b477-86c6ed0ece08: receive RaftClientReply:client-821285EC2D67->9fa9a271-7bed-4435-b477-86c6ed0ece08@group-0E07FAD1B91E, cid=1338, SUCCESS, logIndex=1900, commits[9fa9a271-7bed-4435-b477-86c6ed0ece08:c1901, 06c1a879-4ae3-48dc-9686-b55cde066000:c1897, 67fae1a7-3cbe-4338-9d41-57e84498288b:c1897]
2019-07-10 10:27:26,572 INFO  client.GrpcClientProtocolClient (GrpcClientProtocolClient.java:onNext(255)) - client-821285EC2D67->9fa9a271-7bed-4435-b477-86c6ed0ece08: receive RaftClientReply:client-821285EC2D67->9fa9a271-7bed-4435-b477-86c6ed0ece08@group-0E07FAD1B91E, cid=1339, SUCCESS, logIndex=1901, commits[9fa9a271-7bed-4435-b477-86c6ed0ece08:c1901, 06c1a879-4ae3-48dc-9686-b55cde066000:c1897, 67fae1a7-3cbe-4338-9d41-57e84498288b:c1897]
2019-07-10 10:27:26,573 INFO  client.GrpcClientProtocolClient (GrpcClientProtocolClient.java:onNext(255)) - client-821285EC2D67->9fa9a271-7bed-4435-b477-86c6ed0ece08: receive RaftClientReply:client-821285EC2D67->9fa9a271-7bed-4435-b477-86c6ed0ece08@group-0E07FAD1B91E, cid=1340, SUCCESS, logIndex=0, commits[9fa9a271-7bed-4435-b477-86c6ed0ece08:c1902, 06c1a879-4ae3-48dc-9686-b55cde066000:c1899, 67fae1a7-3cbe-4338-9d41-57e84498288b:c1899]
2019-07-10 10:27:26,587 INFO  client.GrpcClientProtocolClient (GrpcClientProtocolClient.java:onNext(255)) - client-821285EC2D67->9fa9a271-7bed-4435-b477-86c6ed0ece08: receive RaftClientReply:client-821285EC2D67->9fa9a271-7bed-4435-b477-86c6ed0ece08@group-0E07FAD1B91E, cid=1341, SUCCESS, logIndex=1906, commits[9fa9a271-7bed-4435-b477-86c6ed0ece08:c1907, 06c1a879-4ae3-48dc-9686-b55cde066000:c1905, 67fae1a7-3cbe-4338-9d41-57e84498288b:c1905]
2019-07-10 10:27:26,588 INFO  client.GrpcClientProtocolClient (GrpcClientProtocolClient.java:onNext(255)) - client-821285EC2D67->9fa9a271-7bed-4435-b477-86c6ed0ece08: receive RaftClientReply:client-821285EC2D67->9fa9a271-7bed-4435-b477-86c6ed0ece08@group-0E07FAD1B91E, cid=1342, SUCCESS, logIndex=1907, commits[9fa9a271-7bed-4435-b477-86c6ed0ece08:c1907, 06c1a879-4ae3-48dc-9686-b55cde066000:c1905, 67fae1a7-3cbe-4338-9d41-57e84498288b:c1905]
2019-07-10 10:27:26,607 INFO  client.GrpcClientProtocolClient (GrpcClientProtocolClient.java:onNext(255)) - client-821285EC2D67->9fa9a271-7bed-4435-b477-86c6ed0ece08: receive RaftClientReply:client-821285EC2D67->9fa9a271-7bed-4435-b477-86c6ed0ece08@group-0E07FAD1B91E, cid=1343, SUCCESS, logIndex=1910, commits[9fa9a271-7bed-4435-b477-86c6ed0ece08:c1911, 06c1a879-4ae3-48dc-9686-b55cde066000:c1909, 67fae1a7-3cbe-4338-9d41-57e84498288b:c1909]
2019-07-10 10:27:26,607 INFO  client.GrpcClientProtocolClient (GrpcClientProtocolClient.java:onNext(255)) - client-821285EC2D67->9fa9a271-7bed-4435-b477-86c6ed0ece08: receive RaftClientReply:client-821285EC2D67->9fa9a271-7bed-4435-b477-86c6ed0ece08@group-0E07FAD1B91E, cid=1344, SUCCESS, logIndex=1911, commits[9fa9a271-7bed-4435-b477-86c6ed0ece08:c1911, 06c1a879-4ae3-48dc-9686-b55cde066000:c1909, 67fae1a7-3cbe-4338-9d41-57e84498288b:c1909]
2019-07-10 10:27:26,608 INFO  client.GrpcClientProtocolClient (GrpcClientProtocolClient.java:onNext(255)) - client-821285EC2D67->9fa9a271-7bed-4435-b477-86c6ed0ece08: receive RaftClientReply:client-821285EC2D67->9fa9a271-7bed-4435-b477-86c6ed0ece08@group-0E07FAD1B91E, cid=1345, SUCCESS, logIndex=0, commits[9fa9a271-7bed-4435-b477-86c6ed0ece08:c1911, 06c1a879-4ae3-48dc-9686-b55cde066000:c1911, 67fae1a7-3cbe-4338-9d41-57e84498288b:c1911]
2019-07-10 10:27:26,638 INFO  client.GrpcClientProtocolClient (GrpcClientProtocolClient.java:onNext(255)) - client-821285EC2D67->9fa9a271-7bed-4435-b477-86c6ed0ece08: receive RaftClientReply:client-821285EC2D67->9fa9a271-7bed-4435-b477-86c6ed0ece08@group-0E07FAD1B91E, cid=1346, SUCCESS, logIndex=1914, commits[9fa9a271-7bed-4435-b477-86c6ed0ece08:c1915, 06c1a879-4ae3-48dc-9686-b55cde066000:c1913, 67fae1a7-3cbe-4338-9d41-57e84498288b:c1913]
2019-07-10 10:27:26,639 INFO  client.GrpcClientProtocolClient (GrpcClientProtocolClient.java:onNext(255)) - client-821285EC2D67->9fa9a271-7bed-4435-b477-86c6ed0ece08: receive RaftClientReply:client-821285EC2D67->9fa9a271-7bed-4435-b477-86c6ed0ece08@group-0E07FAD1B91E, cid=1347, SUCCESS, logIndex=1915, commits[9fa9a271-7bed-4435-b477-86c6ed0ece08:c1915, 06c1a879-4ae3-48dc-9686-b55cde066000:c1913, 67fae1a7-3cbe-4338-9d41-57e84498288b:c1913]
2019-07-10 10:27:26,640 INFO  client.GrpcClientProtocolClient (GrpcClientProtocolClient.java:onNext(255)) - client-821285EC2D67->9fa9a271-7bed-4435-b477-86c6ed0ece08: receive RaftClientReply:client-821285EC2D67->9fa9a271-7bed-4435-b477-86c6ed0ece08@group-0E07FAD1B91E, cid=1348, SUCCESS, logIndex=1916, commits[9fa9a271-7bed-4435-b477-86c6ed0ece08:c1916, 06c1a879-4ae3-48dc-9686-b55cde066000:c1913, 67fae1a7-3cbe-4338-9d41-57e84498288b:c1913]
2019-07-10 10:27:26,640 INFO  client.GrpcClientProtocolClient (GrpcClientProtocolClient.java:onNext(255)) - client-821285EC2D67->9fa9a271-7bed-4435-b477-86c6ed0ece08: receive RaftClientReply:client-821285EC2D67->9fa9a271-7bed-4435-b477-86c6ed0ece08@group-0E07FAD1B91E, cid=1349, SUCCESS, logIndex=1917, commits[9fa9a271-7bed-4435-b477-86c6ed0ece08:c1917, 06c1a879-4ae3-48dc-9686-b55cde066000:c1913, 67fae1a7-3cbe-4338-9d41-57e84498288b:c1913]
2019-07-10 10:27:26,641 INFO  client.GrpcClientProtocolClient (GrpcClientProtocolClient.java:onNext(255)) - client-821285EC2D67->9fa9a271-7bed-4435-b477-86c6ed0ece08: receive RaftClientReply:client-821285EC2D67->9fa9a271-7bed-4435-b477-86c6ed0ece08@group-0E07FAD1B91E, cid=1350, SUCCESS, logIndex=0, commits[9fa9a271-7bed-4435-b477-86c6ed0ece08:c1919, 06c1a879-4ae3-48dc-9686-b55cde066000:c1915, 67fae1a7-3cbe-4338-9d41-57e84498288b:c1915]
2019-07-10 10:27:26,655 INFO  client.GrpcClientProtocolClient (GrpcClientProtocolClient.java:onNext(255)) - client-821285EC2D67->9fa9a271-7bed-4435-b477-86c6ed0ece08: receive RaftClientReply:client-821285EC2D67->9fa9a271-7bed-4435-b477-86c6ed0ece08@group-0E07FAD1B91E, cid=1351, SUCCESS, logIndex=1922, commits[9fa9a271-7bed-4435-b477-86c6ed0ece08:c1923, 06c1a879-4ae3-48dc-9686-b55cde066000:c1921, 67fae1a7-3cbe-4338-9d41-57e84498288b:c1921]
2019-07-10 10:27:26,655 INFO  client.GrpcClientProtocolClient (GrpcClientProtocolClient.java:onNext(255)) - client-821285EC2D67->9fa9a271-7bed-4435-b477-86c6ed0ece08: receive RaftClientReply:client-821285EC2D67->9fa9a271-7bed-4435-b477-86c6ed0ece08@group-0E07FAD1B91E, cid=1352, SUCCESS, logIndex=1923, commits[9fa9a271-7bed-4435-b477-86c6ed0ece08:c1923, 06c1a879-4ae3-48dc-9686-b55cde066000:c1921, 67fae1a7-3cbe-4338-9d41-57e84498288b:c1921]
2019-07-10 10:27:26,667 INFO  client.GrpcClientProtocolClient (GrpcClientProtocolClient.java:onNext(255)) - client-821285EC2D67->9fa9a271-7bed-4435-b477-86c6ed0ece08: receive RaftClientReply:client-821285EC2D67->9fa9a271-7bed-4435-b477-86c6ed0ece08@group-0E07FAD1B91E, cid=1353, SUCCESS, logIndex=1926, commits[9fa9a271-7bed-4435-b477-86c6ed0ece08:c1927, 06c1a879-4ae3-48dc-9686-b55cde066000:c1923, 67fae1a7-3cbe-4338-9d41-57e84498288b:c1925]
2019-07-10 10:27:26,667 INFO  client.GrpcClientProtocolClient (GrpcClientProtocolClient.java:onNext(255)) - client-821285EC2D67->9fa9a271-7bed-4435-b477-86c6ed0ece08: receive RaftClientReply:client-821285EC2D67->9fa9a271-7bed-4435-b477-86c6ed0ece08@group-0E07FAD1B91E, cid=1354, SUCCESS, logIndex=1927, commits[9fa9a271-7bed-4435-b477-86c6ed0ece08:c1927, 06c1a879-4ae3-48dc-9686-b55cde066000:c1925, 67fae1a7-3cbe-4338-9d41-57e84498288b:c1925]
2019-07-10 10:27:26,669 INFO  client.GrpcClientProtocolClient (GrpcClientProtocolClient.java:onNext(255)) - client-821285EC2D67->9fa9a271-7bed-4435-b477-86c6ed0ece08: receive RaftClientReply:client-821285EC2D67->9fa9a271-7bed-4435-b477-86c6ed0ece08@group-0E07FAD1B91E, cid=1355, SUCCESS, logIndex=0, commits[9fa9a271-7bed-4435-b477-86c6ed0ece08:c1928, 06c1a879-4ae3-48dc-9686-b55cde066000:c1927, 67fae1a7-3cbe-4338-9d41-57e84498288b:c1927]
2019-07-10 10:27:26,695 INFO  client.GrpcClientProtocolClient (GrpcClientProtocolClient.java:onNext(255)) - client-821285EC2D67->9fa9a271-7bed-4435-b477-86c6ed0ece08: receive RaftClientReply:client-821285EC2D67->9fa9a271-7bed-4435-b477-86c6ed0ece08@group-0E07FAD1B91E, cid=1356, SUCCESS, logIndex=1930, commits[9fa9a271-7bed-4435-b477-86c6ed0ece08:c1931, 06c1a879-4ae3-48dc-9686-b55cde066000:c1929, 67fae1a7-3cbe-4338-9d41-57e84498288b:c1929]
2019-07-10 10:27:26,695 INFO  client.GrpcClientProtocolClient (GrpcClientProtocolClient.java:onNext(255)) - client-821285EC2D67->9fa9a271-7bed-4435-b477-86c6ed0ece08: receive RaftClientReply:client-821285EC2D67->9fa9a271-7bed-4435-b477-86c6ed0ece08@group-0E07FAD1B91E, cid=1357, SUCCESS, logIndex=1931, commits[9fa9a271-7bed-4435-b477-86c6ed0ece08:c1931, 06c1a879-4ae3-48dc-9686-b55cde066000:c1929, 67fae1a7-3cbe-4338-9d41-57e84498288b:c1929]
2019-07-10 10:27:26,696 INFO  client.GrpcClientProtocolClient (GrpcClientProtocolClient.java:onNext(255)) - client-821285EC2D67->9fa9a271-7bed-4435-b477-86c6ed0ece08: receive RaftClientReply:client-821285EC2D67->9fa9a271-7bed-4435-b477-86c6ed0ece08@group-0E07FAD1B91E, cid=1358, SUCCESS, logIndex=1932, commits[9fa9a271-7bed-4435-b477-86c6ed0ece08:c1933, 06c1a879-4ae3-48dc-9686-b55cde066000:c1929, 67fae1a7-3cbe-4338-9d41-57e84498288b:c1929]
2019-07-10 10:27:26,696 INFO  client.GrpcClientProtocolClient (GrpcClientProtocolClient.java:onNext(255)) - client-821285EC2D67->9fa9a271-7bed-4435-b477-86c6ed0ece08: receive RaftClientReply:client-821285EC2D67->9fa9a271-7bed-4435-b477-86c6ed0ece08@group-0E07FAD1B91E, cid=1359, SUCCESS, logIndex=1933, commits[9fa9a271-7bed-4435-b477-86c6ed0ece08:c1933, 06c1a879-4ae3-48dc-9686-b55cde066000:c1929, 67fae1a7-3cbe-4338-9d41-57e84498288b:c1929]
2019-07-10 10:27:26,697 INFO  client.GrpcClientProtocolClient (GrpcClientProtocolClient.java:onNext(255)) - client-821285EC2D67->9fa9a271-7bed-4435-b477-86c6ed0ece08: receive RaftClientReply:client-821285EC2D67->9fa9a271-7bed-4435-b477-86c6ed0ece08@group-0E07FAD1B91E, cid=1360, SUCCESS, logIndex=0, commits[9fa9a271-7bed-4435-b477-86c6ed0ece08:c1935, 06c1a879-4ae3-48dc-9686-b55cde066000:c1931, 67fae1a7-3cbe-4338-9d41-57e84498288b:c1931]
2019-07-10 10:27:26,714 INFO  client.GrpcClientProtocolClient (GrpcClientProtocolClient.java:onNext(255)) - client-821285EC2D67->9fa9a271-7bed-4435-b477-86c6ed0ece08: receive RaftClientReply:client-821285EC2D67->9fa9a271-7bed-4435-b477-86c6ed0ece08@group-0E07FAD1B91E, cid=1361, SUCCESS, logIndex=1938, commits[9fa9a271-7bed-4435-b477-86c6ed0ece08:c1939, 06c1a879-4ae3-48dc-9686-b55cde066000:c1937, 67fae1a7-3cbe-4338-9d41-57e84498288b:c1937]
2019-07-10 10:27:26,715 INFO  client.GrpcClientProtocolClient (GrpcClientProtocolClient.java:onNext(255)) - client-821285EC2D67->9fa9a271-7bed-4435-b477-86c6ed0ece08: receive RaftClientReply:client-821285EC2D67->9fa9a271-7bed-4435-b477-86c6ed0ece08@group-0E07FAD1B91E, cid=1362, SUCCESS, logIndex=1939, commits[9fa9a271-7bed-4435-b477-86c6ed0ece08:c1939, 06c1a879-4ae3-48dc-9686-b55cde066000:c1937, 67fae1a7-3cbe-4338-9d41-57e84498288b:c1937]
2019-07-10 10:27:26,726 INFO  client.GrpcClientProtocolClient (GrpcClientProtocolClient.java:onNext(255)) - client-821285EC2D67->9fa9a271-7bed-4435-b477-86c6ed0ece08: receive RaftClientReply:client-821285EC2D67->9fa9a271-7bed-4435-b477-86c6ed0ece08@group-0E07FAD1B91E, cid=1363, SUCCESS, logIndex=1942, commits[9fa9a271-7bed-4435-b477-86c6ed0ece08:c1943, 06c1a879-4ae3-48dc-9686-b55cde066000:c1939, 67fae1a7-3cbe-4338-9d41-57e84498288b:c1939]
2019-07-10 10:27:26,727 INFO  client.GrpcClientProtocolClient (GrpcClientProtocolClient.java:onNext(255)) - client-821285EC2D67->9fa9a271-7bed-4435-b477-86c6ed0ece08: receive RaftClientReply:client-821285EC2D67->9fa9a271-7bed-4435-b477-86c6ed0ece08@group-0E07FAD1B91E, cid=1364, SUCCESS, logIndex=1943, commits[9fa9a271-7bed-4435-b477-86c6ed0ece08:c1943, 06c1a879-4ae3-48dc-9686-b55cde066000:c1939, 67fae1a7-3cbe-4338-9d41-57e84498288b:c1939]
2019-07-10 10:27:26,737 INFO  client.GrpcClientProtocolClient (GrpcClientProtocolClient.java:onNext(255)) - client-821285EC2D67->9fa9a271-7bed-4435-b477-86c6ed0ece08: receive RaftClientReply:client-821285EC2D67->9fa9a271-7bed-4435-b477-86c6ed0ece08@group-0E07FAD1B91E, cid=1365, SUCCESS, logIndex=0, commits[9fa9a271-7bed-4435-b477-86c6ed0ece08:c1944, 06c1a879-4ae3-48dc-9686-b55cde066000:c1943, 67fae1a7-3cbe-4338-9d41-57e84498288b:c1943]
2019-07-10 10:27:26,762 INFO  client.GrpcClientProtocolClient (GrpcClientProtocolClient.java:onNext(255)) - client-821285EC2D67->9fa9a271-7bed-4435-b477-86c6ed0ece08: receive RaftClientReply:client-821285EC2D67->9fa9a271-7bed-4435-b477-86c6ed0ece08@group-0E07FAD1B91E, cid=1366, SUCCESS, logIndex=1946, commits[9fa9a271-7bed-4435-b477-86c6ed0ece08:c1947, 06c1a879-4ae3-48dc-9686-b55cde066000:c1945, 67fae1a7-3cbe-4338-9d41-57e84498288b:c1945]
2019-07-10 10:27:26,762 INFO  client.GrpcClientProtocolClient (GrpcClientProtocolClient.java:onNext(255)) - client-821285EC2D67->9fa9a271-7bed-4435-b477-86c6ed0ece08: receive RaftClientReply:client-821285EC2D67->9fa9a271-7bed-4435-b477-86c6ed0ece08@group-0E07FAD1B91E, cid=1367, SUCCESS, logIndex=1947, commits[9fa9a271-7bed-4435-b477-86c6ed0ece08:c1947, 06c1a879-4ae3-48dc-9686-b55cde066000:c1945, 67fae1a7-3cbe-4338-9d41-57e84498288b:c1945]
2019-07-10 10:27:26,763 INFO  client.GrpcClientProtocolClient (GrpcClientProtocolClient.java:onNext(255)) - client-821285EC2D67->9fa9a271-7bed-4435-b477-86c6ed0ece08: receive RaftClientReply:client-821285EC2D67->9fa9a271-7bed-4435-b477-86c6ed0ece08@group-0E07FAD1B91E, cid=1368, SUCCESS, logIndex=1948, commits[9fa9a271-7bed-4435-b477-86c6ed0ece08:c1949, 06c1a879-4ae3-48dc-9686-b55cde066000:c1945, 67fae1a7-3cbe-4338-9d41-57e84498288b:c1945]
2019-07-10 10:27:26,763 INFO  client.GrpcClientProtocolClient (GrpcClientProtocolClient.java:onNext(255)) - client-821285EC2D67->9fa9a271-7bed-4435-b477-86c6ed0ece08: receive RaftClientReply:client-821285EC2D67->9fa9a271-7bed-4435-b477-86c6ed0ece08@group-0E07FAD1B91E, cid=1369, SUCCESS, logIndex=1949, commits[9fa9a271-7bed-4435-b477-86c6ed0ece08:c1949, 06c1a879-4ae3-48dc-9686-b55cde066000:c1945, 67fae1a7-3cbe-4338-9d41-57e84498288b:c1945]
2019-07-10 10:27:26,765 INFO  client.GrpcClientProtocolClient (GrpcClientProtocolClient.java:onNext(255)) - client-821285EC2D67->9fa9a271-7bed-4435-b477-86c6ed0ece08: receive RaftClientReply:client-821285EC2D67->9fa9a271-7bed-4435-b477-86c6ed0ece08@group-0E07FAD1B91E, cid=1370, SUCCESS, logIndex=0, commits[9fa9a271-7bed-4435-b477-86c6ed0ece08:c1951, 06c1a879-4ae3-48dc-9686-b55cde066000:c1947, 67fae1a7-3cbe-4338-9d41-57e84498288b:c1947]
2019-07-10 10:27:26,779 INFO  client.GrpcClientProtocolClient (GrpcClientProtocolClient.java:onNext(255)) - client-821285EC2D67->9fa9a271-7bed-4435-b477-86c6ed0ece08: receive RaftClientReply:client-821285EC2D67->9fa9a271-7bed-4435-b477-86c6ed0ece08@group-0E07FAD1B91E, cid=1371, SUCCESS, logIndex=1954, commits[9fa9a271-7bed-4435-b477-86c6ed0ece08:c1955, 06c1a879-4ae3-48dc-9686-b55cde066000:c1953, 67fae1a7-3cbe-4338-9d41-57e84498288b:c1949]
2019-07-10 10:27:26,779 INFO  client.GrpcClientProtocolClient (GrpcClientProtocolClient.java:onNext(255)) - client-821285EC2D67->9fa9a271-7bed-4435-b477-86c6ed0ece08: receive RaftClientReply:client-821285EC2D67->9fa9a271-7bed-4435-b477-86c6ed0ece08@group-0E07FAD1B91E, cid=1372, SUCCESS, logIndex=1955, commits[9fa9a271-7bed-4435-b477-86c6ed0ece08:c1955, 06c1a879-4ae3-48dc-9686-b55cde066000:c1953, 67fae1a7-3cbe-4338-9d41-57e84498288b:c1953]
2019-07-10 10:27:26,797 INFO  client.GrpcClientProtocolClient (GrpcClientProtocolClient.java:onNext(255)) - client-821285EC2D67->9fa9a271-7bed-4435-b477-86c6ed0ece08: receive RaftClientReply:client-821285EC2D67->9fa9a271-7bed-4435-b477-86c6ed0ece08@group-0E07FAD1B91E, cid=1373, SUCCESS, logIndex=1958, commits[9fa9a271-7bed-4435-b477-86c6ed0ece08:c1958, 06c1a879-4ae3-48dc-9686-b55cde066000:c1957, 67fae1a7-3cbe-4338-9d41-57e84498288b:c1957]
2019-07-10 10:27:26,798 INFO  client.GrpcClientProtocolClient (GrpcClientProtocolClient.java:onNext(255)) - client-821285EC2D67->9fa9a271-7bed-4435-b477-86c6ed0ece08: receive RaftClientReply:client-821285EC2D67->9fa9a271-7bed-4435-b477-86c6ed0ece08@group-0E07FAD1B91E, cid=1374, SUCCESS, logIndex=1959, commits[9fa9a271-7bed-4435-b477-86c6ed0ece08:c1959, 06c1a879-4ae3-48dc-9686-b55cde066000:c1957, 67fae1a7-3cbe-4338-9d41-57e84498288b:c1957]
2019-07-10 10:27:26,817 INFO  client.GrpcClientProtocolClient (GrpcClientProtocolClient.java:onNext(255)) - client-821285EC2D67->9fa9a271-7bed-4435-b477-86c6ed0ece08: receive RaftClientReply:client-821285EC2D67->9fa9a271-7bed-4435-b477-86c6ed0ece08@group-0E07FAD1B91E, cid=1375, SUCCESS, logIndex=0, commits[9fa9a271-7bed-4435-b477-86c6ed0ece08:c1961, 06c1a879-4ae3-48dc-9686-b55cde066000:c1959, 67fae1a7-3cbe-4338-9d41-57e84498288b:c1959]
2019-07-10 10:27:26,845 INFO  client.GrpcClientProtocolClient (GrpcClientProtocolClient.java:onNext(255)) - client-821285EC2D67->9fa9a271-7bed-4435-b477-86c6ed0ece08: receive RaftClientReply:client-821285EC2D67->9fa9a271-7bed-4435-b477-86c6ed0ece08@group-0E07FAD1B91E, cid=1376, SUCCESS, logIndex=1962, commits[9fa9a271-7bed-4435-b477-86c6ed0ece08:c1963, 06c1a879-4ae3-48dc-9686-b55cde066000:c1961, 67fae1a7-3cbe-4338-9d41-57e84498288b:c1961]
2019-07-10 10:27:26,846 INFO  client.GrpcClientProtocolClient (GrpcClientProtocolClient.java:onNext(255)) - client-821285EC2D67->9fa9a271-7bed-4435-b477-86c6ed0ece08: receive RaftClientReply:client-821285EC2D67->9fa9a271-7bed-4435-b477-86c6ed0ece08@group-0E07FAD1B91E, cid=1377, SUCCESS, logIndex=1963, commits[9fa9a271-7bed-4435-b477-86c6ed0ece08:c1963, 06c1a879-4ae3-48dc-9686-b55cde066000:c1961, 67fae1a7-3cbe-4338-9d41-57e84498288b:c1961]
2019-07-10 10:27:26,846 INFO  client.GrpcClientProtocolClient (GrpcClientProtocolClient.java:onNext(255)) - client-821285EC2D67->9fa9a271-7bed-4435-b477-86c6ed0ece08: receive RaftClientReply:client-821285EC2D67->9fa9a271-7bed-4435-b477-86c6ed0ece08@group-0E07FAD1B91E, cid=1378, SUCCESS, logIndex=1964, commits[9fa9a271-7bed-4435-b477-86c6ed0ece08:c1964, 06c1a879-4ae3-48dc-9686-b55cde066000:c1961, 67fae1a7-3cbe-4338-9d41-57e84498288b:c1961]
2019-07-10 10:27:26,846 INFO  client.GrpcClientProtocolClient (GrpcClientProtocolClient.java:onNext(255)) - client-821285EC2D67->9fa9a271-7bed-4435-b477-86c6ed0ece08: receive RaftClientReply:client-821285EC2D67->9fa9a271-7bed-4435-b477-86c6ed0ece08@group-0E07FAD1B91E, cid=1379, SUCCESS, logIndex=1965, commits[9fa9a271-7bed-4435-b477-86c6ed0ece08:c1965, 06c1a879-4ae3-48dc-9686-b55cde066000:c1961, 67fae1a7-3cbe-4338-9d41-57e84498288b:c1961]
2019-07-10 10:27:26,850 INFO  client.GrpcClientProtocolClient (GrpcClientProtocolClient.java:onNext(255)) - client-821285EC2D67->9fa9a271-7bed-4435-b477-86c6ed0ece08: receive RaftClientReply:client-821285EC2D67->9fa9a271-7bed-4435-b477-86c6ed0ece08@group-0E07FAD1B91E, cid=1380, SUCCESS, logIndex=0, commits[9fa9a271-7bed-4435-b477-86c6ed0ece08:c1966, 06c1a879-4ae3-48dc-9686-b55cde066000:c1963, 67fae1a7-3cbe-4338-9d41-57e84498288b:c1963]
2019-07-10 10:27:26,869 INFO  client.GrpcClientProtocolClient (GrpcClientProtocolClient.java:onNext(255)) - client-821285EC2D67->9fa9a271-7bed-4435-b477-86c6ed0ece08: receive RaftClientReply:client-821285EC2D67->9fa9a271-7bed-4435-b477-86c6ed0ece08@group-0E07FAD1B91E, cid=1381, SUCCESS, logIndex=1970, commits[9fa9a271-7bed-4435-b477-86c6ed0ece08:c1971, 06c1a879-4ae3-48dc-9686-b55cde066000:c1969, 67fae1a7-3cbe-4338-9d41-57e84498288b:c1969]
2019-07-10 10:27:26,869 INFO  client.GrpcClientProtocolClient (GrpcClientProtocolClient.java:onNext(255)) - client-821285EC2D67->9fa9a271-7bed-4435-b477-86c6ed0ece08: receive RaftClientReply:client-821285EC2D67->9fa9a271-7bed-4435-b477-86c6ed0ece08@group-0E07FAD1B91E, cid=1382, SUCCESS, logIndex=1971, commits[9fa9a271-7bed-4435-b477-86c6ed0ece08:c1971, 06c1a879-4ae3-48dc-9686-b55cde066000:c1969, 67fae1a7-3cbe-4338-9d41-57e84498288b:c1969]
2019-07-10 10:27:26,888 INFO  client.GrpcClientProtocolClient (GrpcClientProtocolClient.java:onNext(255)) - client-821285EC2D67->9fa9a271-7bed-4435-b477-86c6ed0ece08: receive RaftClientReply:client-821285EC2D67->9fa9a271-7bed-4435-b477-86c6ed0ece08@group-0E07FAD1B91E, cid=1383, SUCCESS, logIndex=1974, commits[9fa9a271-7bed-4435-b477-86c6ed0ece08:c1975, 06c1a879-4ae3-48dc-9686-b55cde066000:c1973, 67fae1a7-3cbe-4338-9d41-57e84498288b:c1973]
2019-07-10 10:27:26,888 INFO  client.GrpcClientProtocolClient (GrpcClientProtocolClient.java:onNext(255)) - client-821285EC2D67->9fa9a271-7bed-4435-b477-86c6ed0ece08: receive RaftClientReply:client-821285EC2D67->9fa9a271-7bed-4435-b477-86c6ed0ece08@group-0E07FAD1B91E, cid=1384, SUCCESS, logIndex=1975, commits[9fa9a271-7bed-4435-b477-86c6ed0ece08:c1975, 06c1a879-4ae3-48dc-9686-b55cde066000:c1973, 67fae1a7-3cbe-4338-9d41-57e84498288b:c1973]
2019-07-10 10:27:26,900 INFO  client.GrpcClientProtocolClient (GrpcClientProtocolClient.java:onNext(255)) - client-821285EC2D67->9fa9a271-7bed-4435-b477-86c6ed0ece08: receive RaftClientReply:client-821285EC2D67->9fa9a271-7bed-4435-b477-86c6ed0ece08@group-0E07FAD1B91E, cid=1385, SUCCESS, logIndex=0, commits[9fa9a271-7bed-4435-b477-86c6ed0ece08:c1977, 06c1a879-4ae3-48dc-9686-b55cde066000:c1975, 67fae1a7-3cbe-4338-9d41-57e84498288b:c1975]
 0.00% |█                                                                                                    |  0/1 Time: 0:00:072019-07-10 10:27:26,980 INFO  client.GrpcClientProtocolClient (GrpcClientProtocolClient.java:onNext(255)) - client-821285EC2D67->9fa9a271-7bed-4435-b477-86c6ed0ece08: receive RaftClientReply:client-821285EC2D67->9fa9a271-7bed-4435-b477-86c6ed0ece08@group-0E07FAD1B91E, cid=1386, SUCCESS, logIndex=1978, commits[9fa9a271-7bed-4435-b477-86c6ed0ece08:c1979, 06c1a879-4ae3-48dc-9686-b55cde066000:c1977, 67fae1a7-3cbe-4338-9d41-57e84498288b:c1977]
2019-07-10 10:27:26,981 INFO  client.GrpcClientProtocolClient (GrpcClientProtocolClient.java:onNext(255)) - client-821285EC2D67->9fa9a271-7bed-4435-b477-86c6ed0ece08: receive RaftClientReply:client-821285EC2D67->9fa9a271-7bed-4435-b477-86c6ed0ece08@group-0E07FAD1B91E, cid=1387, SUCCESS, logIndex=1979, commits[9fa9a271-7bed-4435-b477-86c6ed0ece08:c1979, 06c1a879-4ae3-48dc-9686-b55cde066000:c1977, 67fae1a7-3cbe-4338-9d41-57e84498288b:c1977]
2019-07-10 10:27:26,982 INFO  client.GrpcClientProtocolClient (GrpcClientProtocolClient.java:onNext(255)) - client-821285EC2D67->9fa9a271-7bed-4435-b477-86c6ed0ece08: receive RaftClientReply:client-821285EC2D67->9fa9a271-7bed-4435-b477-86c6ed0ece08@group-0E07FAD1B91E, cid=1388, SUCCESS, logIndex=1980, commits[9fa9a271-7bed-4435-b477-86c6ed0ece08:c1980, 06c1a879-4ae3-48dc-9686-b55cde066000:c1977, 67fae1a7-3cbe-4338-9d41-57e84498288b:c1977]
2019-07-10 10:27:26,982 INFO  client.GrpcClientProtocolClient (GrpcClientProtocolClient.java:onNext(255)) - client-821285EC2D67->9fa9a271-7bed-4435-b477-86c6ed0ece08: receive RaftClientReply:client-821285EC2D67->9fa9a271-7bed-4435-b477-86c6ed0ece08@group-0E07FAD1B91E, cid=1389, SUCCESS, logIndex=1981, commits[9fa9a271-7bed-4435-b477-86c6ed0ece08:c1981, 06c1a879-4ae3-48dc-9686-b55cde066000:c1977, 67fae1a7-3cbe-4338-9d41-57e84498288b:c1977]
2019-07-10 10:27:26,992 INFO  client.GrpcClientProtocolClient (GrpcClientProtocolClient.java:onNext(255)) - client-821285EC2D67->9fa9a271-7bed-4435-b477-86c6ed0ece08: receive RaftClientReply:client-821285EC2D67->9fa9a271-7bed-4435-b477-86c6ed0ece08@group-0E07FAD1B91E, cid=1390, SUCCESS, logIndex=0, commits[9fa9a271-7bed-4435-b477-86c6ed0ece08:c1983, 06c1a879-4ae3-48dc-9686-b55cde066000:c1979, 67fae1a7-3cbe-4338-9d41-57e84498288b:c1979]
2019-07-10 10:27:27,012 INFO  client.GrpcClientProtocolClient (GrpcClientProtocolClient.java:onNext(255)) - client-821285EC2D67->9fa9a271-7bed-4435-b477-86c6ed0ece08: receive RaftClientReply:client-821285EC2D67->9fa9a271-7bed-4435-b477-86c6ed0ece08@group-0E07FAD1B91E, cid=1391, SUCCESS, logIndex=1986, commits[9fa9a271-7bed-4435-b477-86c6ed0ece08:c1986, 06c1a879-4ae3-48dc-9686-b55cde066000:c1985, 67fae1a7-3cbe-4338-9d41-57e84498288b:c1985]
2019-07-10 10:27:27,012 INFO  client.GrpcClientProtocolClient (GrpcClientProtocolClient.java:onNext(255)) - client-821285EC2D67->9fa9a271-7bed-4435-b477-86c6ed0ece08: receive RaftClientReply:client-821285EC2D67->9fa9a271-7bed-4435-b477-86c6ed0ece08@group-0E07FAD1B91E, cid=1392, SUCCESS, logIndex=1987, commits[9fa9a271-7bed-4435-b477-86c6ed0ece08:c1987, 06c1a879-4ae3-48dc-9686-b55cde066000:c1985, 67fae1a7-3cbe-4338-9d41-57e84498288b:c1985]
2019-07-10 10:27:27,025 INFO  client.GrpcClientProtocolClient (GrpcClientProtocolClient.java:onNext(255)) - client-821285EC2D67->9fa9a271-7bed-4435-b477-86c6ed0ece08: receive RaftClientReply:client-821285EC2D67->9fa9a271-7bed-4435-b477-86c6ed0ece08@group-0E07FAD1B91E, cid=1393, SUCCESS, logIndex=1990, commits[9fa9a271-7bed-4435-b477-86c6ed0ece08:c1991, 06c1a879-4ae3-48dc-9686-b55cde066000:c1987, 67fae1a7-3cbe-4338-9d41-57e84498288b:c1987]
2019-07-10 10:27:27,026 INFO  client.GrpcClientProtocolClient (GrpcClientProtocolClient.java:onNext(255)) - client-821285EC2D67->9fa9a271-7bed-4435-b477-86c6ed0ece08: receive RaftClientReply:client-821285EC2D67->9fa9a271-7bed-4435-b477-86c6ed0ece08@group-0E07FAD1B91E, cid=1394, SUCCESS, logIndex=1991, commits[9fa9a271-7bed-4435-b477-86c6ed0ece08:c1991, 06c1a879-4ae3-48dc-9686-b55cde066000:c1987, 67fae1a7-3cbe-4338-9d41-57e84498288b:c1987]
2019-07-10 10:27:27,027 INFO  client.GrpcClientProtocolClient (GrpcClientProtocolClient.java:onNext(255)) - client-821285EC2D67->9fa9a271-7bed-4435-b477-86c6ed0ece08: receive RaftClientReply:client-821285EC2D67->9fa9a271-7bed-4435-b477-86c6ed0ece08@group-0E07FAD1B91E, cid=1395, SUCCESS, logIndex=0, commits[9fa9a271-7bed-4435-b477-86c6ed0ece08:c1992, 06c1a879-4ae3-48dc-9686-b55cde066000:c1991, 67fae1a7-3cbe-4338-9d41-57e84498288b:c1991]
2019-07-10 10:27:27,056 INFO  client.GrpcClientProtocolClient (GrpcClientProtocolClient.java:onNext(255)) - client-821285EC2D67->9fa9a271-7bed-4435-b477-86c6ed0ece08: receive RaftClientReply:client-821285EC2D67->9fa9a271-7bed-4435-b477-86c6ed0ece08@group-0E07FAD1B91E, cid=1396, SUCCESS, logIndex=1994, commits[9fa9a271-7bed-4435-b477-86c6ed0ece08:c1995, 06c1a879-4ae3-48dc-9686-b55cde066000:c1993, 67fae1a7-3cbe-4338-9d41-57e84498288b:c1993]
2019-07-10 10:27:27,057 INFO  client.GrpcClientProtocolClient (GrpcClientProtocolClient.java:onNext(255)) - client-821285EC2D67->9fa9a271-7bed-4435-b477-86c6ed0ece08: receive RaftClientReply:client-821285EC2D67->9fa9a271-7bed-4435-b477-86c6ed0ece08@group-0E07FAD1B91E, cid=1397, SUCCESS, logIndex=1995, commits[9fa9a271-7bed-4435-b477-86c6ed0ece08:c1995, 06c1a879-4ae3-48dc-9686-b55cde066000:c1993, 67fae1a7-3cbe-4338-9d41-57e84498288b:c1993]
2019-07-10 10:27:27,057 INFO  client.GrpcClientProtocolClient (GrpcClientProtocolClient.java:onNext(255)) - client-821285EC2D67->9fa9a271-7bed-4435-b477-86c6ed0ece08: receive RaftClientReply:client-821285EC2D67->9fa9a271-7bed-4435-b477-86c6ed0ece08@group-0E07FAD1B91E, cid=1398, SUCCESS, logIndex=1996, commits[9fa9a271-7bed-4435-b477-86c6ed0ece08:c1997, 06c1a879-4ae3-48dc-9686-b55cde066000:c1993, 67fae1a7-3cbe-4338-9d41-57e84498288b:c1993]
2019-07-10 10:27:27,157 INFO  client.GrpcClientProtocolClient (GrpcClientProtocolClient.java:onNext(255)) - client-821285EC2D67->9fa9a271-7bed-4435-b477-86c6ed0ece08: receive RaftClientReply:client-821285EC2D67->9fa9a271-7bed-4435-b477-86c6ed0ece08@group-0E07FAD1B91E, cid=1399, SUCCESS, logIndex=1997, commits[9fa9a271-7bed-4435-b477-86c6ed0ece08:c1997, 06c1a879-4ae3-48dc-9686-b55cde066000:c1993, 67fae1a7-3cbe-4338-9d41-57e84498288b:c1993]
2019-07-10 10:27:27,168 INFO  client.GrpcClientProtocolClient (GrpcClientProtocolClient.java:onNext(255)) - client-821285EC2D67->9fa9a271-7bed-4435-b477-86c6ed0ece08: receive RaftClientReply:client-821285EC2D67->9fa9a271-7bed-4435-b477-86c6ed0ece08@group-0E07FAD1B91E, cid=1400, SUCCESS, logIndex=0, commits[9fa9a271-7bed-4435-b477-86c6ed0ece08:c2001, 06c1a879-4ae3-48dc-9686-b55cde066000:c1997, 67fae1a7-3cbe-4338-9d41-57e84498288b:c1995]
2019-07-10 10:27:27,202 INFO  client.GrpcClientProtocolClient (GrpcClientProtocolClient.java:onNext(255)) - client-821285EC2D67->9fa9a271-7bed-4435-b477-86c6ed0ece08: receive RaftClientReply:client-821285EC2D67->9fa9a271-7bed-4435-b477-86c6ed0ece08@group-0E07FAD1B91E, cid=1401, SUCCESS, logIndex=2002, commits[9fa9a271-7bed-4435-b477-86c6ed0ece08:c2003, 06c1a879-4ae3-48dc-9686-b55cde066000:c2001, 67fae1a7-3cbe-4338-9d41-57e84498288b:c2001]
2019-07-10 10:27:27,203 INFO  client.GrpcClientProtocolClient (GrpcClientProtocolClient.java:onNext(255)) - client-821285EC2D67->9fa9a271-7bed-4435-b477-86c6ed0ece08: receive RaftClientReply:client-821285EC2D67->9fa9a271-7bed-4435-b477-86c6ed0ece08@group-0E07FAD1B91E, cid=1402, SUCCESS, logIndex=2003, commits[9fa9a271-7bed-4435-b477-86c6ed0ece08:c2003, 06c1a879-4ae3-48dc-9686-b55cde066000:c2001, 67fae1a7-3cbe-4338-9d41-57e84498288b:c2001]
2019-07-10 10:27:27,228 INFO  client.GrpcClientProtocolClient (GrpcClientProtocolClient.java:onNext(255)) - client-821285EC2D67->9fa9a271-7bed-4435-b477-86c6ed0ece08: receive RaftClientReply:client-821285EC2D67->9fa9a271-7bed-4435-b477-86c6ed0ece08@group-0E07FAD1B91E, cid=1403, SUCCESS, logIndex=2006, commits[9fa9a271-7bed-4435-b477-86c6ed0ece08:c2007, 06c1a879-4ae3-48dc-9686-b55cde066000:c2003, 67fae1a7-3cbe-4338-9d41-57e84498288b:c2003]
2019-07-10 10:27:27,228 INFO  client.GrpcClientProtocolClient (GrpcClientProtocolClient.java:onNext(255)) - client-821285EC2D67->9fa9a271-7bed-4435-b477-86c6ed0ece08: receive RaftClientReply:client-821285EC2D67->9fa9a271-7bed-4435-b477-86c6ed0ece08@group-0E07FAD1B91E, cid=1404, SUCCESS, logIndex=2007, commits[9fa9a271-7bed-4435-b477-86c6ed0ece08:c2007, 06c1a879-4ae3-48dc-9686-b55cde066000:c2003, 67fae1a7-3cbe-4338-9d41-57e84498288b:c2003]
2019-07-10 10:27:27,239 INFO  client.GrpcClientProtocolClient (GrpcClientProtocolClient.java:onNext(255)) - client-821285EC2D67->9fa9a271-7bed-4435-b477-86c6ed0ece08: receive RaftClientReply:client-821285EC2D67->9fa9a271-7bed-4435-b477-86c6ed0ece08@group-0E07FAD1B91E, cid=1405, SUCCESS, logIndex=0, commits[9fa9a271-7bed-4435-b477-86c6ed0ece08:c2009, 06c1a879-4ae3-48dc-9686-b55cde066000:c2007, 67fae1a7-3cbe-4338-9d41-57e84498288b:c2007]
2019-07-10 10:27:27,271 INFO  client.GrpcClientProtocolClient (GrpcClientProtocolClient.java:onNext(255)) - client-821285EC2D67->9fa9a271-7bed-4435-b477-86c6ed0ece08: receive RaftClientReply:client-821285EC2D67->9fa9a271-7bed-4435-b477-86c6ed0ece08@group-0E07FAD1B91E, cid=1406, SUCCESS, logIndex=2010, commits[9fa9a271-7bed-4435-b477-86c6ed0ece08:c2011, 06c1a879-4ae3-48dc-9686-b55cde066000:c2009, 67fae1a7-3cbe-4338-9d41-57e84498288b:c2009]
2019-07-10 10:27:27,271 INFO  client.GrpcClientProtocolClient (GrpcClientProtocolClient.java:onNext(255)) - client-821285EC2D67->9fa9a271-7bed-4435-b477-86c6ed0ece08: receive RaftClientReply:client-821285EC2D67->9fa9a271-7bed-4435-b477-86c6ed0ece08@group-0E07FAD1B91E, cid=1407, SUCCESS, logIndex=2011, commits[9fa9a271-7bed-4435-b477-86c6ed0ece08:c2013, 06c1a879-4ae3-48dc-9686-b55cde066000:c2009, 67fae1a7-3cbe-4338-9d41-57e84498288b:c2009]
2019-07-10 10:27:27,271 INFO  client.GrpcClientProtocolClient (GrpcClientProtocolClient.java:onNext(255)) - client-821285EC2D67->9fa9a271-7bed-4435-b477-86c6ed0ece08: receive RaftClientReply:client-821285EC2D67->9fa9a271-7bed-4435-b477-86c6ed0ece08@group-0E07FAD1B91E, cid=1408, SUCCESS, logIndex=2012, commits[9fa9a271-7bed-4435-b477-86c6ed0ece08:c2013, 06c1a879-4ae3-48dc-9686-b55cde066000:c2009, 67fae1a7-3cbe-4338-9d41-57e84498288b:c2009]
2019-07-10 10:27:27,272 INFO  client.GrpcClientProtocolClient (GrpcClientProtocolClient.java:onNext(255)) - client-821285EC2D67->9fa9a271-7bed-4435-b477-86c6ed0ece08: receive RaftClientReply:client-821285EC2D67->9fa9a271-7bed-4435-b477-86c6ed0ece08@group-0E07FAD1B91E, cid=1409, SUCCESS, logIndex=2013, commits[9fa9a271-7bed-4435-b477-86c6ed0ece08:c2013, 06c1a879-4ae3-48dc-9686-b55cde066000:c2009, 67fae1a7-3cbe-4338-9d41-57e84498288b:c2009]
2019-07-10 10:27:27,273 INFO  client.GrpcClientProtocolClient (GrpcClientProtocolClient.java:onNext(255)) - client-821285EC2D67->9fa9a271-7bed-4435-b477-86c6ed0ece08: receive RaftClientReply:client-821285EC2D67->9fa9a271-7bed-4435-b477-86c6ed0ece08@group-0E07FAD1B91E, cid=1410, SUCCESS, logIndex=0, commits[9fa9a271-7bed-4435-b477-86c6ed0ece08:c2016, 06c1a879-4ae3-48dc-9686-b55cde066000:c2011, 67fae1a7-3cbe-4338-9d41-57e84498288b:c2012]
2019-07-10 10:27:27,294 INFO  client.GrpcClientProtocolClient (GrpcClientProtocolClient.java:onNext(255)) - client-821285EC2D67->9fa9a271-7bed-4435-b477-86c6ed0ece08: receive RaftClientReply:client-821285EC2D67->9fa9a271-7bed-4435-b477-86c6ed0ece08@group-0E07FAD1B91E, cid=1411, SUCCESS, logIndex=2018, commits[9fa9a271-7bed-4435-b477-86c6ed0ece08:c2019, 06c1a879-4ae3-48dc-9686-b55cde066000:c2013, 67fae1a7-3cbe-4338-9d41-57e84498288b:c2017]
2019-07-10 10:27:27,295 INFO  client.GrpcClientProtocolClient (GrpcClientProtocolClient.java:onNext(255)) - client-821285EC2D67->9fa9a271-7bed-4435-b477-86c6ed0ece08: receive RaftClientReply:client-821285EC2D67->9fa9a271-7bed-4435-b477-86c6ed0ece08@group-0E07FAD1B91E, cid=1412, SUCCESS, logIndex=2019, commits[9fa9a271-7bed-4435-b477-86c6ed0ece08:c2019, 06c1a879-4ae3-48dc-9686-b55cde066000:c2017, 67fae1a7-3cbe-4338-9d41-57e84498288b:c2017]
2019-07-10 10:27:27,316 INFO  client.GrpcClientProtocolClient (GrpcClientProtocolClient.java:onNext(255)) - client-821285EC2D67->9fa9a271-7bed-4435-b477-86c6ed0ece08: receive RaftClientReply:client-821285EC2D67->9fa9a271-7bed-4435-b477-86c6ed0ece08@group-0E07FAD1B91E, cid=1413, SUCCESS, logIndex=2021, commits[9fa9a271-7bed-4435-b477-86c6ed0ece08:c2022, 06c1a879-4ae3-48dc-9686-b55cde066000:c2019, 67fae1a7-3cbe-4338-9d41-57e84498288b:c2019]
2019-07-10 10:27:27,316 INFO  client.GrpcClientProtocolClient (GrpcClientProtocolClient.java:onNext(255)) - client-821285EC2D67->9fa9a271-7bed-4435-b477-86c6ed0ece08: receive RaftClientReply:client-821285EC2D67->9fa9a271-7bed-4435-b477-86c6ed0ece08@group-0E07FAD1B91E, cid=1414, SUCCESS, logIndex=2022, commits[9fa9a271-7bed-4435-b477-86c6ed0ece08:c2022, 06c1a879-4ae3-48dc-9686-b55cde066000:c2019, 67fae1a7-3cbe-4338-9d41-57e84498288b:c2019]
2019-07-10 10:27:27,318 INFO  client.GrpcClientProtocolClient (GrpcClientProtocolClient.java:onNext(255)) - client-821285EC2D67->9fa9a271-7bed-4435-b477-86c6ed0ece08: receive RaftClientReply:client-821285EC2D67->9fa9a271-7bed-4435-b477-86c6ed0ece08@group-0E07FAD1B91E, cid=1415, SUCCESS, logIndex=0, commits[9fa9a271-7bed-4435-b477-86c6ed0ece08:c2023, 06c1a879-4ae3-48dc-9686-b55cde066000:c2022, 67fae1a7-3cbe-4338-9d41-57e84498288b:c2022]
2019-07-10 10:27:27,347 INFO  client.GrpcClientProtocolClient (GrpcClientProtocolClient.java:onNext(255)) - client-821285EC2D67->9fa9a271-7bed-4435-b477-86c6ed0ece08: receive RaftClientReply:client-821285EC2D67->9fa9a271-7bed-4435-b477-86c6ed0ece08@group-0E07FAD1B91E, cid=1416, SUCCESS, logIndex=2025, commits[9fa9a271-7bed-4435-b477-86c6ed0ece08:c2026, 06c1a879-4ae3-48dc-9686-b55cde066000:c2024, 67fae1a7-3cbe-4338-9d41-57e84498288b:c2024]
2019-07-10 10:27:27,348 INFO  client.GrpcClientProtocolClient (GrpcClientProtocolClient.java:onNext(255)) - client-821285EC2D67->9fa9a271-7bed-4435-b477-86c6ed0ece08: receive RaftClientReply:client-821285EC2D67->9fa9a271-7bed-4435-b477-86c6ed0ece08@group-0E07FAD1B91E, cid=1417, SUCCESS, logIndex=2026, commits[9fa9a271-7bed-4435-b477-86c6ed0ece08:c2028, 06c1a879-4ae3-48dc-9686-b55cde066000:c2024, 67fae1a7-3cbe-4338-9d41-57e84498288b:c2024]
2019-07-10 10:27:27,348 INFO  client.GrpcClientProtocolClient (GrpcClientProtocolClient.java:onNext(255)) - client-821285EC2D67->9fa9a271-7bed-4435-b477-86c6ed0ece08: receive RaftClientReply:client-821285EC2D67->9fa9a271-7bed-4435-b477-86c6ed0ece08@group-0E07FAD1B91E, cid=1418, SUCCESS, logIndex=2027, commits[9fa9a271-7bed-4435-b477-86c6ed0ece08:c2028, 06c1a879-4ae3-48dc-9686-b55cde066000:c2024, 67fae1a7-3cbe-4338-9d41-57e84498288b:c2024]
2019-07-10 10:27:27,349 INFO  client.GrpcClientProtocolClient (GrpcClientProtocolClient.java:onNext(255)) - client-821285EC2D67->9fa9a271-7bed-4435-b477-86c6ed0ece08: receive RaftClientReply:client-821285EC2D67->9fa9a271-7bed-4435-b477-86c6ed0ece08@group-0E07FAD1B91E, cid=1419, SUCCESS, logIndex=2028, commits[9fa9a271-7bed-4435-b477-86c6ed0ece08:c2028, 06c1a879-4ae3-48dc-9686-b55cde066000:c2024, 67fae1a7-3cbe-4338-9d41-57e84498288b:c2025]
2019-07-10 10:27:27,350 INFO  client.GrpcClientProtocolClient (GrpcClientProtocolClient.java:onNext(255)) - client-821285EC2D67->9fa9a271-7bed-4435-b477-86c6ed0ece08: receive RaftClientReply:client-821285EC2D67->9fa9a271-7bed-4435-b477-86c6ed0ece08@group-0E07FAD1B91E, cid=1420, SUCCESS, logIndex=0, commits[9fa9a271-7bed-4435-b477-86c6ed0ece08:c2030, 06c1a879-4ae3-48dc-9686-b55cde066000:c2026, 67fae1a7-3cbe-4338-9d41-57e84498288b:c2026]
2019-07-10 10:27:27,369 INFO  client.GrpcClientProtocolClient (GrpcClientProtocolClient.java:onNext(255)) - client-821285EC2D67->9fa9a271-7bed-4435-b477-86c6ed0ece08: receive RaftClientReply:client-821285EC2D67->9fa9a271-7bed-4435-b477-86c6ed0ece08@group-0E07FAD1B91E, cid=1421, SUCCESS, logIndex=2033, commits[9fa9a271-7bed-4435-b477-86c6ed0ece08:c2034, 06c1a879-4ae3-48dc-9686-b55cde066000:c2032, 67fae1a7-3cbe-4338-9d41-57e84498288b:c2032]
2019-07-10 10:27:27,370 INFO  client.GrpcClientProtocolClient (GrpcClientProtocolClient.java:onNext(255)) - client-821285EC2D67->9fa9a271-7bed-4435-b477-86c6ed0ece08: receive RaftClientReply:client-821285EC2D67->9fa9a271-7bed-4435-b477-86c6ed0ece08@group-0E07FAD1B91E, cid=1422, SUCCESS, logIndex=2034, commits[9fa9a271-7bed-4435-b477-86c6ed0ece08:c2034, 06c1a879-4ae3-48dc-9686-b55cde066000:c2032, 67fae1a7-3cbe-4338-9d41-57e84498288b:c2032]
2019-07-10 10:27:27,390 INFO  client.GrpcClientProtocolClient (GrpcClientProtocolClient.java:onNext(255)) - client-821285EC2D67->9fa9a271-7bed-4435-b477-86c6ed0ece08: receive RaftClientReply:client-821285EC2D67->9fa9a271-7bed-4435-b477-86c6ed0ece08@group-0E07FAD1B91E, cid=1423, SUCCESS, logIndex=2037, commits[9fa9a271-7bed-4435-b477-86c6ed0ece08:c2038, 06c1a879-4ae3-48dc-9686-b55cde066000:c2033, 67fae1a7-3cbe-4338-9d41-57e84498288b:c2034]
2019-07-10 10:27:27,391 INFO  client.GrpcClientProtocolClient (GrpcClientProtocolClient.java:onNext(255)) - client-821285EC2D67->9fa9a271-7bed-4435-b477-86c6ed0ece08: receive RaftClientReply:client-821285EC2D67->9fa9a271-7bed-4435-b477-86c6ed0ece08@group-0E07FAD1B91E, cid=1424, SUCCESS, logIndex=2038, commits[9fa9a271-7bed-4435-b477-86c6ed0ece08:c2038, 06c1a879-4ae3-48dc-9686-b55cde066000:c2034, 67fae1a7-3cbe-4338-9d41-57e84498288b:c2034]
2019-07-10 10:27:27,393 INFO  client.GrpcClientProtocolClient (GrpcClientProtocolClient.java:onNext(255)) - client-821285EC2D67->9fa9a271-7bed-4435-b477-86c6ed0ece08: receive RaftClientReply:client-821285EC2D67->9fa9a271-7bed-4435-b477-86c6ed0ece08@group-0E07FAD1B91E, cid=1425, SUCCESS, logIndex=0, commits[9fa9a271-7bed-4435-b477-86c6ed0ece08:c2040, 06c1a879-4ae3-48dc-9686-b55cde066000:c2038, 67fae1a7-3cbe-4338-9d41-57e84498288b:c2038]
2019-07-10 10:27:27,437 INFO  client.GrpcClientProtocolClient (GrpcClientProtocolClient.java:onNext(255)) - client-821285EC2D67->9fa9a271-7bed-4435-b477-86c6ed0ece08: receive RaftClientReply:client-821285EC2D67->9fa9a271-7bed-4435-b477-86c6ed0ece08@group-0E07FAD1B91E, cid=1426, SUCCESS, logIndex=2041, commits[9fa9a271-7bed-4435-b477-86c6ed0ece08:c2042, 06c1a879-4ae3-48dc-9686-b55cde066000:c2038, 67fae1a7-3cbe-4338-9d41-57e84498288b:c2040]
2019-07-10 10:27:27,438 INFO  client.GrpcClientProtocolClient (GrpcClientProtocolClient.java:onNext(255)) - client-821285EC2D67->9fa9a271-7bed-4435-b477-86c6ed0ece08: receive RaftClientReply:client-821285EC2D67->9fa9a271-7bed-4435-b477-86c6ed0ece08@group-0E07FAD1B91E, cid=1427, SUCCESS, logIndex=2042, commits[9fa9a271-7bed-4435-b477-86c6ed0ece08:c2043, 06c1a879-4ae3-48dc-9686-b55cde066000:c2040, 67fae1a7-3cbe-4338-9d41-57e84498288b:c2040]
2019-07-10 10:27:27,438 INFO  client.GrpcClientProtocolClient (GrpcClientProtocolClient.java:onNext(255)) - client-821285EC2D67->9fa9a271-7bed-4435-b477-86c6ed0ece08: receive RaftClientReply:client-821285EC2D67->9fa9a271-7bed-4435-b477-86c6ed0ece08@group-0E07FAD1B91E, cid=1428, SUCCESS, logIndex=2043, commits[9fa9a271-7bed-4435-b477-86c6ed0ece08:c2044, 06c1a879-4ae3-48dc-9686-b55cde066000:c2040, 67fae1a7-3cbe-4338-9d41-57e84498288b:c2040]
2019-07-10 10:27:27,439 INFO  client.GrpcClientProtocolClient (GrpcClientProtocolClient.java:onNext(255)) - client-821285EC2D67->9fa9a271-7bed-4435-b477-86c6ed0ece08: receive RaftClientReply:client-821285EC2D67->9fa9a271-7bed-4435-b477-86c6ed0ece08@group-0E07FAD1B91E, cid=1429, SUCCESS, logIndex=2044, commits[9fa9a271-7bed-4435-b477-86c6ed0ece08:c2044, 06c1a879-4ae3-48dc-9686-b55cde066000:c2040, 67fae1a7-3cbe-4338-9d41-57e84498288b:c2040]
2019-07-10 10:27:27,440 INFO  client.GrpcClientProtocolClient (GrpcClientProtocolClient.java:onNext(255)) - client-821285EC2D67->9fa9a271-7bed-4435-b477-86c6ed0ece08: receive RaftClientReply:client-821285EC2D67->9fa9a271-7bed-4435-b477-86c6ed0ece08@group-0E07FAD1B91E, cid=1430, SUCCESS, logIndex=0, commits[9fa9a271-7bed-4435-b477-86c6ed0ece08:c2047, 06c1a879-4ae3-48dc-9686-b55cde066000:c2043, 67fae1a7-3cbe-4338-9d41-57e84498288b:c2042]
2019-07-10 10:27:27,455 INFO  client.GrpcClientProtocolClient (GrpcClientProtocolClient.java:onNext(255)) - client-821285EC2D67->9fa9a271-7bed-4435-b477-86c6ed0ece08: receive RaftClientReply:client-821285EC2D67->9fa9a271-7bed-4435-b477-86c6ed0ece08@group-0E07FAD1B91E, cid=1431, SUCCESS, logIndex=2049, commits[9fa9a271-7bed-4435-b477-86c6ed0ece08:c2050, 06c1a879-4ae3-48dc-9686-b55cde066000:c2048, 67fae1a7-3cbe-4338-9d41-57e84498288b:c2048]
2019-07-10 10:27:27,456 INFO  client.GrpcClientProtocolClient (GrpcClientProtocolClient.java:onNext(255)) - client-821285EC2D67->9fa9a271-7bed-4435-b477-86c6ed0ece08: receive RaftClientReply:client-821285EC2D67->9fa9a271-7bed-4435-b477-86c6ed0ece08@group-0E07FAD1B91E, cid=1432, SUCCESS, logIndex=2050, commits[9fa9a271-7bed-4435-b477-86c6ed0ece08:c2050, 06c1a879-4ae3-48dc-9686-b55cde066000:c2048, 67fae1a7-3cbe-4338-9d41-57e84498288b:c2048]
2019-07-10 10:27:27,477 INFO  client.GrpcClientProtocolClient (GrpcClientProtocolClient.java:onNext(255)) - client-821285EC2D67->9fa9a271-7bed-4435-b477-86c6ed0ece08: receive RaftClientReply:client-821285EC2D67->9fa9a271-7bed-4435-b477-86c6ed0ece08@group-0E07FAD1B91E, cid=1433, SUCCESS, logIndex=2053, commits[9fa9a271-7bed-4435-b477-86c6ed0ece08:c2054, 06c1a879-4ae3-48dc-9686-b55cde066000:c2050, 67fae1a7-3cbe-4338-9d41-57e84498288b:c2049]
2019-07-10 10:27:27,478 INFO  client.GrpcClientProtocolClient (GrpcClientProtocolClient.java:onNext(255)) - client-821285EC2D67->9fa9a271-7bed-4435-b477-86c6ed0ece08: receive RaftClientReply:client-821285EC2D67->9fa9a271-7bed-4435-b477-86c6ed0ece08@group-0E07FAD1B91E, cid=1434, SUCCESS, logIndex=2054, commits[9fa9a271-7bed-4435-b477-86c6ed0ece08:c2054, 06c1a879-4ae3-48dc-9686-b55cde066000:c2050, 67fae1a7-3cbe-4338-9d41-57e84498288b:c2050]
2019-07-10 10:27:27,489 INFO  client.GrpcClientProtocolClient (GrpcClientProtocolClient.java:onNext(255)) - client-821285EC2D67->9fa9a271-7bed-4435-b477-86c6ed0ece08: receive RaftClientReply:client-821285EC2D67->9fa9a271-7bed-4435-b477-86c6ed0ece08@group-0E07FAD1B91E, cid=1435, SUCCESS, logIndex=0, commits[9fa9a271-7bed-4435-b477-86c6ed0ece08:c2056, 06c1a879-4ae3-48dc-9686-b55cde066000:c2054, 67fae1a7-3cbe-4338-9d41-57e84498288b:c2054]
2019-07-10 10:27:27,517 INFO  client.GrpcClientProtocolClient (GrpcClientProtocolClient.java:onNext(255)) - client-821285EC2D67->9fa9a271-7bed-4435-b477-86c6ed0ece08: receive RaftClientReply:client-821285EC2D67->9fa9a271-7bed-4435-b477-86c6ed0ece08@group-0E07FAD1B91E, cid=1436, SUCCESS, logIndex=2057, commits[9fa9a271-7bed-4435-b477-86c6ed0ece08:c2059, 06c1a879-4ae3-48dc-9686-b55cde066000:c2056, 67fae1a7-3cbe-4338-9d41-57e84498288b:c2056]
2019-07-10 10:27:27,518 INFO  client.GrpcClientProtocolClient (GrpcClientProtocolClient.java:onNext(255)) - client-821285EC2D67->9fa9a271-7bed-4435-b477-86c6ed0ece08: receive RaftClientReply:client-821285EC2D67->9fa9a271-7bed-4435-b477-86c6ed0ece08@group-0E07FAD1B91E, cid=1437, SUCCESS, logIndex=2058, commits[9fa9a271-7bed-4435-b477-86c6ed0ece08:c2060, 06c1a879-4ae3-48dc-9686-b55cde066000:c2056, 67fae1a7-3cbe-4338-9d41-57e84498288b:c2056]
2019-07-10 10:27:27,518 INFO  client.GrpcClientProtocolClient (GrpcClientProtocolClient.java:onNext(255)) - client-821285EC2D67->9fa9a271-7bed-4435-b477-86c6ed0ece08: receive RaftClientReply:client-821285EC2D67->9fa9a271-7bed-4435-b477-86c6ed0ece08@group-0E07FAD1B91E, cid=1438, SUCCESS, logIndex=2059, commits[9fa9a271-7bed-4435-b477-86c6ed0ece08:c2060, 06c1a879-4ae3-48dc-9686-b55cde066000:c2056, 67fae1a7-3cbe-4338-9d41-57e84498288b:c2056]
2019-07-10 10:27:27,518 INFO  client.GrpcClientProtocolClient (GrpcClientProtocolClient.java:onNext(255)) - client-821285EC2D67->9fa9a271-7bed-4435-b477-86c6ed0ece08: receive RaftClientReply:client-821285EC2D67->9fa9a271-7bed-4435-b477-86c6ed0ece08@group-0E07FAD1B91E, cid=1439, SUCCESS, logIndex=2060, commits[9fa9a271-7bed-4435-b477-86c6ed0ece08:c2060, 06c1a879-4ae3-48dc-9686-b55cde066000:c2056, 67fae1a7-3cbe-4338-9d41-57e84498288b:c2056]
2019-07-10 10:27:27,520 INFO  client.GrpcClientProtocolClient (GrpcClientProtocolClient.java:onNext(255)) - client-821285EC2D67->9fa9a271-7bed-4435-b477-86c6ed0ece08: receive RaftClientReply:client-821285EC2D67->9fa9a271-7bed-4435-b477-86c6ed0ece08@group-0E07FAD1B91E, cid=1440, SUCCESS, logIndex=0, commits[9fa9a271-7bed-4435-b477-86c6ed0ece08:c2063, 06c1a879-4ae3-48dc-9686-b55cde066000:c2058, 67fae1a7-3cbe-4338-9d41-57e84498288b:c2059]
2019-07-10 10:27:27,540 INFO  client.GrpcClientProtocolClient (GrpcClientProtocolClient.java:onNext(255)) - client-821285EC2D67->9fa9a271-7bed-4435-b477-86c6ed0ece08: receive RaftClientReply:client-821285EC2D67->9fa9a271-7bed-4435-b477-86c6ed0ece08@group-0E07FAD1B91E, cid=1441, SUCCESS, logIndex=2065, commits[9fa9a271-7bed-4435-b477-86c6ed0ece08:c2066, 06c1a879-4ae3-48dc-9686-b55cde066000:c2060, 67fae1a7-3cbe-4338-9d41-57e84498288b:c2064]
2019-07-10 10:27:27,541 INFO  client.GrpcClientProtocolClient (GrpcClientProtocolClient.java:onNext(255)) - client-821285EC2D67->9fa9a271-7bed-4435-b477-86c6ed0ece08: receive RaftClientReply:client-821285EC2D67->9fa9a271-7bed-4435-b477-86c6ed0ece08@group-0E07FAD1B91E, cid=1442, SUCCESS, logIndex=2066, commits[9fa9a271-7bed-4435-b477-86c6ed0ece08:c2066, 06c1a879-4ae3-48dc-9686-b55cde066000:c2064, 67fae1a7-3cbe-4338-9d41-57e84498288b:c2064]
2019-07-10 10:27:27,559 INFO  client.GrpcClientProtocolClient (GrpcClientProtocolClient.java:onNext(255)) - client-821285EC2D67->9fa9a271-7bed-4435-b477-86c6ed0ece08: receive RaftClientReply:client-821285EC2D67->9fa9a271-7bed-4435-b477-86c6ed0ece08@group-0E07FAD1B91E, cid=1443, SUCCESS, logIndex=2069, commits[9fa9a271-7bed-4435-b477-86c6ed0ece08:c2070, 06c1a879-4ae3-48dc-9686-b55cde066000:c2068, 67fae1a7-3cbe-4338-9d41-57e84498288b:c2068]
2019-07-10 10:27:27,560 INFO  client.GrpcClientProtocolClient (GrpcClientProtocolClient.java:onNext(255)) - client-821285EC2D67->9fa9a271-7bed-4435-b477-86c6ed0ece08: receive RaftClientReply:client-821285EC2D67->9fa9a271-7bed-4435-b477-86c6ed0ece08@group-0E07FAD1B91E, cid=1444, SUCCESS, logIndex=2070, commits[9fa9a271-7bed-4435-b477-86c6ed0ece08:c2070, 06c1a879-4ae3-48dc-9686-b55cde066000:c2068, 67fae1a7-3cbe-4338-9d41-57e84498288b:c2068]
2019-07-10 10:27:27,570 INFO  client.GrpcClientProtocolClient (GrpcClientProtocolClient.java:onNext(255)) - client-821285EC2D67->9fa9a271-7bed-4435-b477-86c6ed0ece08: receive RaftClientReply:client-821285EC2D67->9fa9a271-7bed-4435-b477-86c6ed0ece08@group-0E07FAD1B91E, cid=1445, SUCCESS, logIndex=0, commits[9fa9a271-7bed-4435-b477-86c6ed0ece08:c2071, 06c1a879-4ae3-48dc-9686-b55cde066000:c2070, 67fae1a7-3cbe-4338-9d41-57e84498288b:c2070]
2019-07-10 10:27:27,598 INFO  client.GrpcClientProtocolClient (GrpcClientProtocolClient.java:onNext(255)) - client-821285EC2D67->9fa9a271-7bed-4435-b477-86c6ed0ece08: receive RaftClientReply:client-821285EC2D67->9fa9a271-7bed-4435-b477-86c6ed0ece08@group-0E07FAD1B91E, cid=1446, SUCCESS, logIndex=2073, commits[9fa9a271-7bed-4435-b477-86c6ed0ece08:c2074, 06c1a879-4ae3-48dc-9686-b55cde066000:c2072, 67fae1a7-3cbe-4338-9d41-57e84498288b:c2072]
2019-07-10 10:27:27,599 INFO  client.GrpcClientProtocolClient (GrpcClientProtocolClient.java:onNext(255)) - client-821285EC2D67->9fa9a271-7bed-4435-b477-86c6ed0ece08: receive RaftClientReply:client-821285EC2D67->9fa9a271-7bed-4435-b477-86c6ed0ece08@group-0E07FAD1B91E, cid=1447, SUCCESS, logIndex=2074, commits[9fa9a271-7bed-4435-b477-86c6ed0ece08:c2074, 06c1a879-4ae3-48dc-9686-b55cde066000:c2072, 67fae1a7-3cbe-4338-9d41-57e84498288b:c2072]
2019-07-10 10:27:27,600 INFO  client.GrpcClientProtocolClient (GrpcClientProtocolClient.java:onNext(255)) - client-821285EC2D67->9fa9a271-7bed-4435-b477-86c6ed0ece08: receive RaftClientReply:client-821285EC2D67->9fa9a271-7bed-4435-b477-86c6ed0ece08@group-0E07FAD1B91E, cid=1448, SUCCESS, logIndex=2075, commits[9fa9a271-7bed-4435-b477-86c6ed0ece08:c2076, 06c1a879-4ae3-48dc-9686-b55cde066000:c2072, 67fae1a7-3cbe-4338-9d41-57e84498288b:c2072]
2019-07-10 10:27:27,601 INFO  client.GrpcClientProtocolClient (GrpcClientProtocolClient.java:onNext(255)) - client-821285EC2D67->9fa9a271-7bed-4435-b477-86c6ed0ece08: receive RaftClientReply:client-821285EC2D67->9fa9a271-7bed-4435-b477-86c6ed0ece08@group-0E07FAD1B91E, cid=1449, SUCCESS, logIndex=2076, commits[9fa9a271-7bed-4435-b477-86c6ed0ece08:c2076, 06c1a879-4ae3-48dc-9686-b55cde066000:c2072, 67fae1a7-3cbe-4338-9d41-57e84498288b:c2072]
2019-07-10 10:27:27,602 INFO  client.GrpcClientProtocolClient (GrpcClientProtocolClient.java:onNext(255)) - client-821285EC2D67->9fa9a271-7bed-4435-b477-86c6ed0ece08: receive RaftClientReply:client-821285EC2D67->9fa9a271-7bed-4435-b477-86c6ed0ece08@group-0E07FAD1B91E, cid=1450, SUCCESS, logIndex=0, commits[9fa9a271-7bed-4435-b477-86c6ed0ece08:c2078, 06c1a879-4ae3-48dc-9686-b55cde066000:c2074, 67fae1a7-3cbe-4338-9d41-57e84498288b:c2074]
2019-07-10 10:27:27,622 INFO  client.GrpcClientProtocolClient (GrpcClientProtocolClient.java:onNext(255)) - client-821285EC2D67->9fa9a271-7bed-4435-b477-86c6ed0ece08: receive RaftClientReply:client-821285EC2D67->9fa9a271-7bed-4435-b477-86c6ed0ece08@group-0E07FAD1B91E, cid=1451, SUCCESS, logIndex=2081, commits[9fa9a271-7bed-4435-b477-86c6ed0ece08:c2082, 06c1a879-4ae3-48dc-9686-b55cde066000:c2080, 67fae1a7-3cbe-4338-9d41-57e84498288b:c2080]
2019-07-10 10:27:27,623 INFO  client.GrpcClientProtocolClient (GrpcClientProtocolClient.java:onNext(255)) - client-821285EC2D67->9fa9a271-7bed-4435-b477-86c6ed0ece08: receive RaftClientReply:client-821285EC2D67->9fa9a271-7bed-4435-b477-86c6ed0ece08@group-0E07FAD1B91E, cid=1452, SUCCESS, logIndex=2082, commits[9fa9a271-7bed-4435-b477-86c6ed0ece08:c2082, 06c1a879-4ae3-48dc-9686-b55cde066000:c2080, 67fae1a7-3cbe-4338-9d41-57e84498288b:c2080]
2019-07-10 10:27:27,640 INFO  client.GrpcClientProtocolClient (GrpcClientProtocolClient.java:onNext(255)) - client-821285EC2D67->9fa9a271-7bed-4435-b477-86c6ed0ece08: receive RaftClientReply:client-821285EC2D67->9fa9a271-7bed-4435-b477-86c6ed0ece08@group-0E07FAD1B91E, cid=1453, SUCCESS, logIndex=2085, commits[9fa9a271-7bed-4435-b477-86c6ed0ece08:c2086, 06c1a879-4ae3-48dc-9686-b55cde066000:c2084, 67fae1a7-3cbe-4338-9d41-57e84498288b:c2084]
2019-07-10 10:27:27,641 INFO  client.GrpcClientProtocolClient (GrpcClientProtocolClient.java:onNext(255)) - client-821285EC2D67->9fa9a271-7bed-4435-b477-86c6ed0ece08: receive RaftClientReply:client-821285EC2D67->9fa9a271-7bed-4435-b477-86c6ed0ece08@group-0E07FAD1B91E, cid=1454, SUCCESS, logIndex=2086, commits[9fa9a271-7bed-4435-b477-86c6ed0ece08:c2086, 06c1a879-4ae3-48dc-9686-b55cde066000:c2084, 67fae1a7-3cbe-4338-9d41-57e84498288b:c2084]
2019-07-10 10:27:27,651 INFO  client.GrpcClientProtocolClient (GrpcClientProtocolClient.java:onNext(255)) - client-821285EC2D67->9fa9a271-7bed-4435-b477-86c6ed0ece08: receive RaftClientReply:client-821285EC2D67->9fa9a271-7bed-4435-b477-86c6ed0ece08@group-0E07FAD1B91E, cid=1455, SUCCESS, logIndex=0, commits[9fa9a271-7bed-4435-b477-86c6ed0ece08:c2087, 06c1a879-4ae3-48dc-9686-b55cde066000:c2086, 67fae1a7-3cbe-4338-9d41-57e84498288b:c2086]
2019-07-10 10:27:27,675 INFO  client.GrpcClientProtocolClient (GrpcClientProtocolClient.java:onNext(255)) - client-821285EC2D67->9fa9a271-7bed-4435-b477-86c6ed0ece08: receive RaftClientReply:client-821285EC2D67->9fa9a271-7bed-4435-b477-86c6ed0ece08@group-0E07FAD1B91E, cid=1456, SUCCESS, logIndex=2089, commits[9fa9a271-7bed-4435-b477-86c6ed0ece08:c2089, 06c1a879-4ae3-48dc-9686-b55cde066000:c2088, 67fae1a7-3cbe-4338-9d41-57e84498288b:c2088]
2019-07-10 10:27:27,675 INFO  client.GrpcClientProtocolClient (GrpcClientProtocolClient.java:onNext(255)) - client-821285EC2D67->9fa9a271-7bed-4435-b477-86c6ed0ece08: receive RaftClientReply:client-821285EC2D67->9fa9a271-7bed-4435-b477-86c6ed0ece08@group-0E07FAD1B91E, cid=1457, SUCCESS, logIndex=2090, commits[9fa9a271-7bed-4435-b477-86c6ed0ece08:c2092, 06c1a879-4ae3-48dc-9686-b55cde066000:c2088, 67fae1a7-3cbe-4338-9d41-57e84498288b:c2088]
2019-07-10 10:27:27,676 INFO  client.GrpcClientProtocolClient (GrpcClientProtocolClient.java:onNext(255)) - client-821285EC2D67->9fa9a271-7bed-4435-b477-86c6ed0ece08: receive RaftClientReply:client-821285EC2D67->9fa9a271-7bed-4435-b477-86c6ed0ece08@group-0E07FAD1B91E, cid=1458, SUCCESS, logIndex=2091, commits[9fa9a271-7bed-4435-b477-86c6ed0ece08:c2092, 06c1a879-4ae3-48dc-9686-b55cde066000:c2088, 67fae1a7-3cbe-4338-9d41-57e84498288b:c2088]
2019-07-10 10:27:27,676 INFO  client.GrpcClientProtocolClient (GrpcClientProtocolClient.java:onNext(255)) - client-821285EC2D67->9fa9a271-7bed-4435-b477-86c6ed0ece08: receive RaftClientReply:client-821285EC2D67->9fa9a271-7bed-4435-b477-86c6ed0ece08@group-0E07FAD1B91E, cid=1459, SUCCESS, logIndex=2092, commits[9fa9a271-7bed-4435-b477-86c6ed0ece08:c2092, 06c1a879-4ae3-48dc-9686-b55cde066000:c2088, 67fae1a7-3cbe-4338-9d41-57e84498288b:c2088]
2019-07-10 10:27:27,686 INFO  client.GrpcClientProtocolClient (GrpcClientProtocolClient.java:onNext(255)) - client-821285EC2D67->9fa9a271-7bed-4435-b477-86c6ed0ece08: receive RaftClientReply:client-821285EC2D67->9fa9a271-7bed-4435-b477-86c6ed0ece08@group-0E07FAD1B91E, cid=1460, SUCCESS, logIndex=0, commits[9fa9a271-7bed-4435-b477-86c6ed0ece08:c2095, 06c1a879-4ae3-48dc-9686-b55cde066000:c2092, 67fae1a7-3cbe-4338-9d41-57e84498288b:c2092]
2019-07-10 10:27:27,708 INFO  client.GrpcClientProtocolClient (GrpcClientProtocolClient.java:onNext(255)) - client-821285EC2D67->9fa9a271-7bed-4435-b477-86c6ed0ece08: receive RaftClientReply:client-821285EC2D67->9fa9a271-7bed-4435-b477-86c6ed0ece08@group-0E07FAD1B91E, cid=1461, SUCCESS, logIndex=2096, commits[9fa9a271-7bed-4435-b477-86c6ed0ece08:c2097, 06c1a879-4ae3-48dc-9686-b55cde066000:c2095, 67fae1a7-3cbe-4338-9d41-57e84498288b:c2095]
2019-07-10 10:27:27,708 INFO  client.GrpcClientProtocolClient (GrpcClientProtocolClient.java:onNext(255)) - client-821285EC2D67->9fa9a271-7bed-4435-b477-86c6ed0ece08: receive RaftClientReply:client-821285EC2D67->9fa9a271-7bed-4435-b477-86c6ed0ece08@group-0E07FAD1B91E, cid=1462, SUCCESS, logIndex=2097, commits[9fa9a271-7bed-4435-b477-86c6ed0ece08:c2097, 06c1a879-4ae3-48dc-9686-b55cde066000:c2095, 67fae1a7-3cbe-4338-9d41-57e84498288b:c2095]
2019-07-10 10:27:27,725 INFO  client.GrpcClientProtocolClient (GrpcClientProtocolClient.java:onNext(255)) - client-821285EC2D67->9fa9a271-7bed-4435-b477-86c6ed0ece08: receive RaftClientReply:client-821285EC2D67->9fa9a271-7bed-4435-b477-86c6ed0ece08@group-0E07FAD1B91E, cid=1463, SUCCESS, logIndex=2100, commits[9fa9a271-7bed-4435-b477-86c6ed0ece08:c2101, 06c1a879-4ae3-48dc-9686-b55cde066000:c2099, 67fae1a7-3cbe-4338-9d41-57e84498288b:c2099]
2019-07-10 10:27:27,726 INFO  client.GrpcClientProtocolClient (GrpcClientProtocolClient.java:onNext(255)) - client-821285EC2D67->9fa9a271-7bed-4435-b477-86c6ed0ece08: receive RaftClientReply:client-821285EC2D67->9fa9a271-7bed-4435-b477-86c6ed0ece08@group-0E07FAD1B91E, cid=1464, SUCCESS, logIndex=2101, commits[9fa9a271-7bed-4435-b477-86c6ed0ece08:c2101, 06c1a879-4ae3-48dc-9686-b55cde066000:c2099, 67fae1a7-3cbe-4338-9d41-57e84498288b:c2099]
2019-07-10 10:27:27,737 INFO  client.GrpcClientProtocolClient (GrpcClientProtocolClient.java:onNext(255)) - client-821285EC2D67->9fa9a271-7bed-4435-b477-86c6ed0ece08: receive RaftClientReply:client-821285EC2D67->9fa9a271-7bed-4435-b477-86c6ed0ece08@group-0E07FAD1B91E, cid=1465, SUCCESS, logIndex=0, commits[9fa9a271-7bed-4435-b477-86c6ed0ece08:c2103, 06c1a879-4ae3-48dc-9686-b55cde066000:c2101, 67fae1a7-3cbe-4338-9d41-57e84498288b:c2101]
2019-07-10 10:27:27,861 INFO  client.GrpcClientProtocolClient (GrpcClientProtocolClient.java:onNext(255)) - client-821285EC2D67->9fa9a271-7bed-4435-b477-86c6ed0ece08: receive RaftClientReply:client-821285EC2D67->9fa9a271-7bed-4435-b477-86c6ed0ece08@group-0E07FAD1B91E, cid=1466, SUCCESS, logIndex=2104, commits[9fa9a271-7bed-4435-b477-86c6ed0ece08:c2106, 06c1a879-4ae3-48dc-9686-b55cde066000:c2103, 67fae1a7-3cbe-4338-9d41-57e84498288b:c2103]
2019-07-10 10:27:27,862 INFO  client.GrpcClientProtocolClient (GrpcClientProtocolClient.java:onNext(255)) - client-821285EC2D67->9fa9a271-7bed-4435-b477-86c6ed0ece08: receive RaftClientReply:client-821285EC2D67->9fa9a271-7bed-4435-b477-86c6ed0ece08@group-0E07FAD1B91E, cid=1467, SUCCESS, logIndex=2105, commits[9fa9a271-7bed-4435-b477-86c6ed0ece08:c2107, 06c1a879-4ae3-48dc-9686-b55cde066000:c2103, 67fae1a7-3cbe-4338-9d41-57e84498288b:c2103]
2019-07-10 10:27:27,862 INFO  client.GrpcClientProtocolClient (GrpcClientProtocolClient.java:onNext(255)) - client-821285EC2D67->9fa9a271-7bed-4435-b477-86c6ed0ece08: receive RaftClientReply:client-821285EC2D67->9fa9a271-7bed-4435-b477-86c6ed0ece08@group-0E07FAD1B91E, cid=1468, SUCCESS, logIndex=2106, commits[9fa9a271-7bed-4435-b477-86c6ed0ece08:c2107, 06c1a879-4ae3-48dc-9686-b55cde066000:c2103, 67fae1a7-3cbe-4338-9d41-57e84498288b:c2103]
2019-07-10 10:27:27,862 INFO  client.GrpcClientProtocolClient (GrpcClientProtocolClient.java:onNext(255)) - client-821285EC2D67->9fa9a271-7bed-4435-b477-86c6ed0ece08: receive RaftClientReply:client-821285EC2D67->9fa9a271-7bed-4435-b477-86c6ed0ece08@group-0E07FAD1B91E, cid=1469, SUCCESS, logIndex=2107, commits[9fa9a271-7bed-4435-b477-86c6ed0ece08:c2107, 06c1a879-4ae3-48dc-9686-b55cde066000:c2103, 67fae1a7-3cbe-4338-9d41-57e84498288b:c2103]
2019-07-10 10:27:27,864 INFO  client.GrpcClientProtocolClient (GrpcClientProtocolClient.java:onNext(255)) - client-821285EC2D67->9fa9a271-7bed-4435-b477-86c6ed0ece08: receive RaftClientReply:client-821285EC2D67->9fa9a271-7bed-4435-b477-86c6ed0ece08@group-0E07FAD1B91E, cid=1470, SUCCESS, logIndex=0, commits[9fa9a271-7bed-4435-b477-86c6ed0ece08:c2108, 06c1a879-4ae3-48dc-9686-b55cde066000:c2105, 67fae1a7-3cbe-4338-9d41-57e84498288b:c2105]
2019-07-10 10:27:27,883 INFO  client.GrpcClientProtocolClient (GrpcClientProtocolClient.java:onNext(255)) - client-821285EC2D67->9fa9a271-7bed-4435-b477-86c6ed0ece08: receive RaftClientReply:client-821285EC2D67->9fa9a271-7bed-4435-b477-86c6ed0ece08@group-0E07FAD1B91E, cid=1471, SUCCESS, logIndex=2112, commits[9fa9a271-7bed-4435-b477-86c6ed0ece08:c2112, 06c1a879-4ae3-48dc-9686-b55cde066000:c2111, 67fae1a7-3cbe-4338-9d41-57e84498288b:c2111]
2019-07-10 10:27:27,884 INFO  client.GrpcClientProtocolClient (GrpcClientProtocolClient.java:onNext(255)) - client-821285EC2D67->9fa9a271-7bed-4435-b477-86c6ed0ece08: receive RaftClientReply:client-821285EC2D67->9fa9a271-7bed-4435-b477-86c6ed0ece08@group-0E07FAD1B91E, cid=1472, SUCCESS, logIndex=2113, commits[9fa9a271-7bed-4435-b477-86c6ed0ece08:c2113, 06c1a879-4ae3-48dc-9686-b55cde066000:c2111, 67fae1a7-3cbe-4338-9d41-57e84498288b:c2111]
2019-07-10 10:27:27,904 INFO  client.GrpcClientProtocolClient (GrpcClientProtocolClient.java:onNext(255)) - client-821285EC2D67->9fa9a271-7bed-4435-b477-86c6ed0ece08: receive RaftClientReply:client-821285EC2D67->9fa9a271-7bed-4435-b477-86c6ed0ece08@group-0E07FAD1B91E, cid=1473, SUCCESS, logIndex=2116, commits[9fa9a271-7bed-4435-b477-86c6ed0ece08:c2117, 06c1a879-4ae3-48dc-9686-b55cde066000:c2115, 67fae1a7-3cbe-4338-9d41-57e84498288b:c2115]
2019-07-10 10:27:27,904 INFO  client.GrpcClientProtocolClient (GrpcClientProtocolClient.java:onNext(255)) - client-821285EC2D67->9fa9a271-7bed-4435-b477-86c6ed0ece08: receive RaftClientReply:client-821285EC2D67->9fa9a271-7bed-4435-b477-86c6ed0ece08@group-0E07FAD1B91E, cid=1474, SUCCESS, logIndex=2117, commits[9fa9a271-7bed-4435-b477-86c6ed0ece08:c2117, 06c1a879-4ae3-48dc-9686-b55cde066000:c2115, 67fae1a7-3cbe-4338-9d41-57e84498288b:c2115]
2019-07-10 10:27:27,906 INFO  client.GrpcClientProtocolClient (GrpcClientProtocolClient.java:onNext(255)) - client-821285EC2D67->9fa9a271-7bed-4435-b477-86c6ed0ece08: receive RaftClientReply:client-821285EC2D67->9fa9a271-7bed-4435-b477-86c6ed0ece08@group-0E07FAD1B91E, cid=1475, SUCCESS, logIndex=0, commits[9fa9a271-7bed-4435-b477-86c6ed0ece08:c2118, 06c1a879-4ae3-48dc-9686-b55cde066000:c2117, 67fae1a7-3cbe-4338-9d41-57e84498288b:c2117]
2019-07-10 10:27:27,931 INFO  client.GrpcClientProtocolClient (GrpcClientProtocolClient.java:onNext(255)) - client-821285EC2D67->9fa9a271-7bed-4435-b477-86c6ed0ece08: receive RaftClientReply:client-821285EC2D67->9fa9a271-7bed-4435-b477-86c6ed0ece08@group-0E07FAD1B91E, cid=1476, SUCCESS, logIndex=2120, commits[9fa9a271-7bed-4435-b477-86c6ed0ece08:c2121, 06c1a879-4ae3-48dc-9686-b55cde066000:c2119, 67fae1a7-3cbe-4338-9d41-57e84498288b:c2119]
2019-07-10 10:27:27,932 INFO  client.GrpcClientProtocolClient (GrpcClientProtocolClient.java:onNext(255)) - client-821285EC2D67->9fa9a271-7bed-4435-b477-86c6ed0ece08: receive RaftClientReply:client-821285EC2D67->9fa9a271-7bed-4435-b477-86c6ed0ece08@group-0E07FAD1B91E, cid=1477, SUCCESS, logIndex=2121, commits[9fa9a271-7bed-4435-b477-86c6ed0ece08:c2121, 06c1a879-4ae3-48dc-9686-b55cde066000:c2119, 67fae1a7-3cbe-4338-9d41-57e84498288b:c2119]
2019-07-10 10:27:27,933 INFO  client.GrpcClientProtocolClient (GrpcClientProtocolClient.java:onNext(255)) - client-821285EC2D67->9fa9a271-7bed-4435-b477-86c6ed0ece08: receive RaftClientReply:client-821285EC2D67->9fa9a271-7bed-4435-b477-86c6ed0ece08@group-0E07FAD1B91E, cid=1478, SUCCESS, logIndex=2122, commits[9fa9a271-7bed-4435-b477-86c6ed0ece08:c2122, 06c1a879-4ae3-48dc-9686-b55cde066000:c2119, 67fae1a7-3cbe-4338-9d41-57e84498288b:c2119]
2019-07-10 10:27:27,933 INFO  client.GrpcClientProtocolClient (GrpcClientProtocolClient.java:onNext(255)) - client-821285EC2D67->9fa9a271-7bed-4435-b477-86c6ed0ece08: receive RaftClientReply:client-821285EC2D67->9fa9a271-7bed-4435-b477-86c6ed0ece08@group-0E07FAD1B91E, cid=1479, SUCCESS, logIndex=2123, commits[9fa9a271-7bed-4435-b477-86c6ed0ece08:c2123, 06c1a879-4ae3-48dc-9686-b55cde066000:c2119, 67fae1a7-3cbe-4338-9d41-57e84498288b:c2119]
2019-07-10 10:27:27,935 INFO  client.GrpcClientProtocolClient (GrpcClientProtocolClient.java:onNext(255)) - client-821285EC2D67->9fa9a271-7bed-4435-b477-86c6ed0ece08: receive RaftClientReply:client-821285EC2D67->9fa9a271-7bed-4435-b477-86c6ed0ece08@group-0E07FAD1B91E, cid=1480, SUCCESS, logIndex=0, commits[9fa9a271-7bed-4435-b477-86c6ed0ece08:c2125, 06c1a879-4ae3-48dc-9686-b55cde066000:c2121, 67fae1a7-3cbe-4338-9d41-57e84498288b:c2121]
2019-07-10 10:27:27,947 INFO  client.GrpcClientProtocolClient (GrpcClientProtocolClient.java:onNext(255)) - client-821285EC2D67->9fa9a271-7bed-4435-b477-86c6ed0ece08: receive RaftClientReply:client-821285EC2D67->9fa9a271-7bed-4435-b477-86c6ed0ece08@group-0E07FAD1B91E, cid=1481, SUCCESS, logIndex=2128, commits[9fa9a271-7bed-4435-b477-86c6ed0ece08:c2129, 06c1a879-4ae3-48dc-9686-b55cde066000:c2127, 67fae1a7-3cbe-4338-9d41-57e84498288b:c2127]
2019-07-10 10:27:27,947 INFO  client.GrpcClientProtocolClient (GrpcClientProtocolClient.java:onNext(255)) - client-821285EC2D67->9fa9a271-7bed-4435-b477-86c6ed0ece08: receive RaftClientReply:client-821285EC2D67->9fa9a271-7bed-4435-b477-86c6ed0ece08@group-0E07FAD1B91E, cid=1482, SUCCESS, logIndex=2129, commits[9fa9a271-7bed-4435-b477-86c6ed0ece08:c2129, 06c1a879-4ae3-48dc-9686-b55cde066000:c2127, 67fae1a7-3cbe-4338-9d41-57e84498288b:c2127]
 0.00% |█                                                                                                    |  0/1 Time: 0:00:082019-07-10 10:27:27,968 INFO  client.GrpcClientProtocolClient (GrpcClientProtocolClient.java:onNext(255)) - client-821285EC2D67->9fa9a271-7bed-4435-b477-86c6ed0ece08: receive RaftClientReply:client-821285EC2D67->9fa9a271-7bed-4435-b477-86c6ed0ece08@group-0E07FAD1B91E, cid=1483, SUCCESS, logIndex=2132, commits[9fa9a271-7bed-4435-b477-86c6ed0ece08:c2133, 06c1a879-4ae3-48dc-9686-b55cde066000:c2131, 67fae1a7-3cbe-4338-9d41-57e84498288b:c2131]
2019-07-10 10:27:27,968 INFO  client.GrpcClientProtocolClient (GrpcClientProtocolClient.java:onNext(255)) - client-821285EC2D67->9fa9a271-7bed-4435-b477-86c6ed0ece08: receive RaftClientReply:client-821285EC2D67->9fa9a271-7bed-4435-b477-86c6ed0ece08@group-0E07FAD1B91E, cid=1484, SUCCESS, logIndex=2133, commits[9fa9a271-7bed-4435-b477-86c6ed0ece08:c2133, 06c1a879-4ae3-48dc-9686-b55cde066000:c2131, 67fae1a7-3cbe-4338-9d41-57e84498288b:c2131]
2019-07-10 10:27:27,969 INFO  client.GrpcClientProtocolClient (GrpcClientProtocolClient.java:onNext(255)) - client-821285EC2D67->9fa9a271-7bed-4435-b477-86c6ed0ece08: receive RaftClientReply:client-821285EC2D67->9fa9a271-7bed-4435-b477-86c6ed0ece08@group-0E07FAD1B91E, cid=1485, SUCCESS, logIndex=0, commits[9fa9a271-7bed-4435-b477-86c6ed0ece08:c2134, 06c1a879-4ae3-48dc-9686-b55cde066000:c2133, 67fae1a7-3cbe-4338-9d41-57e84498288b:c2133]
2019-07-10 10:27:27,994 INFO  client.GrpcClientProtocolClient (GrpcClientProtocolClient.java:onNext(255)) - client-821285EC2D67->9fa9a271-7bed-4435-b477-86c6ed0ece08: receive RaftClientReply:client-821285EC2D67->9fa9a271-7bed-4435-b477-86c6ed0ece08@group-0E07FAD1B91E, cid=1486, SUCCESS, logIndex=2136, commits[9fa9a271-7bed-4435-b477-86c6ed0ece08:c2137, 06c1a879-4ae3-48dc-9686-b55cde066000:c2135, 67fae1a7-3cbe-4338-9d41-57e84498288b:c2135]
2019-07-10 10:27:27,994 INFO  client.GrpcClientProtocolClient (GrpcClientProtocolClient.java:onNext(255)) - client-821285EC2D67->9fa9a271-7bed-4435-b477-86c6ed0ece08: receive RaftClientReply:client-821285EC2D67->9fa9a271-7bed-4435-b477-86c6ed0ece08@group-0E07FAD1B91E, cid=1487, SUCCESS, logIndex=2137, commits[9fa9a271-7bed-4435-b477-86c6ed0ece08:c2139, 06c1a879-4ae3-48dc-9686-b55cde066000:c2135, 67fae1a7-3cbe-4338-9d41-57e84498288b:c2135]
2019-07-10 10:27:27,995 INFO  client.GrpcClientProtocolClient (GrpcClientProtocolClient.java:onNext(255)) - client-821285EC2D67->9fa9a271-7bed-4435-b477-86c6ed0ece08: receive RaftClientReply:client-821285EC2D67->9fa9a271-7bed-4435-b477-86c6ed0ece08@group-0E07FAD1B91E, cid=1488, SUCCESS, logIndex=2138, commits[9fa9a271-7bed-4435-b477-86c6ed0ece08:c2139, 06c1a879-4ae3-48dc-9686-b55cde066000:c2135, 67fae1a7-3cbe-4338-9d41-57e84498288b:c2135]
2019-07-10 10:27:27,995 INFO  client.GrpcClientProtocolClient (GrpcClientProtocolClient.java:onNext(255)) - client-821285EC2D67->9fa9a271-7bed-4435-b477-86c6ed0ece08: receive RaftClientReply:client-821285EC2D67->9fa9a271-7bed-4435-b477-86c6ed0ece08@group-0E07FAD1B91E, cid=1489, SUCCESS, logIndex=2139, commits[9fa9a271-7bed-4435-b477-86c6ed0ece08:c2140, 06c1a879-4ae3-48dc-9686-b55cde066000:c2135, 67fae1a7-3cbe-4338-9d41-57e84498288b:c2137]
2019-07-10 10:27:27,996 INFO  client.GrpcClientProtocolClient (GrpcClientProtocolClient.java:onNext(255)) - client-821285EC2D67->9fa9a271-7bed-4435-b477-86c6ed0ece08: receive RaftClientReply:client-821285EC2D67->9fa9a271-7bed-4435-b477-86c6ed0ece08@group-0E07FAD1B91E, cid=1490, SUCCESS, logIndex=0, commits[9fa9a271-7bed-4435-b477-86c6ed0ece08:c2141, 06c1a879-4ae3-48dc-9686-b55cde066000:c2137, 67fae1a7-3cbe-4338-9d41-57e84498288b:c2139]
2019-07-10 10:27:28,014 INFO  client.GrpcClientProtocolClient (GrpcClientProtocolClient.java:onNext(255)) - client-821285EC2D67->9fa9a271-7bed-4435-b477-86c6ed0ece08: receive RaftClientReply:client-821285EC2D67->9fa9a271-7bed-4435-b477-86c6ed0ece08@group-0E07FAD1B91E, cid=1491, SUCCESS, logIndex=2143, commits[9fa9a271-7bed-4435-b477-86c6ed0ece08:c2144, 06c1a879-4ae3-48dc-9686-b55cde066000:c2142, 67fae1a7-3cbe-4338-9d41-57e84498288b:c2142]
2019-07-10 10:27:28,014 INFO  client.GrpcClientProtocolClient (GrpcClientProtocolClient.java:onNext(255)) - client-821285EC2D67->9fa9a271-7bed-4435-b477-86c6ed0ece08: receive RaftClientReply:client-821285EC2D67->9fa9a271-7bed-4435-b477-86c6ed0ece08@group-0E07FAD1B91E, cid=1492, SUCCESS, logIndex=2144, commits[9fa9a271-7bed-4435-b477-86c6ed0ece08:c2144, 06c1a879-4ae3-48dc-9686-b55cde066000:c2142, 67fae1a7-3cbe-4338-9d41-57e84498288b:c2142]
2019-07-10 10:27:28,025 INFO  client.GrpcClientProtocolClient (GrpcClientProtocolClient.java:onNext(255)) - client-821285EC2D67->9fa9a271-7bed-4435-b477-86c6ed0ece08: receive RaftClientReply:client-821285EC2D67->9fa9a271-7bed-4435-b477-86c6ed0ece08@group-0E07FAD1B91E, cid=1493, SUCCESS, logIndex=2147, commits[9fa9a271-7bed-4435-b477-86c6ed0ece08:c2147, 06c1a879-4ae3-48dc-9686-b55cde066000:c2144, 67fae1a7-3cbe-4338-9d41-57e84498288b:c2144]
2019-07-10 10:27:28,026 INFO  client.GrpcClientProtocolClient (GrpcClientProtocolClient.java:onNext(255)) - client-821285EC2D67->9fa9a271-7bed-4435-b477-86c6ed0ece08: receive RaftClientReply:client-821285EC2D67->9fa9a271-7bed-4435-b477-86c6ed0ece08@group-0E07FAD1B91E, cid=1494, SUCCESS, logIndex=2148, commits[9fa9a271-7bed-4435-b477-86c6ed0ece08:c2148, 06c1a879-4ae3-48dc-9686-b55cde066000:c2144, 67fae1a7-3cbe-4338-9d41-57e84498288b:c2144]
2019-07-10 10:27:28,036 INFO  client.GrpcClientProtocolClient (GrpcClientProtocolClient.java:onNext(255)) - client-821285EC2D67->9fa9a271-7bed-4435-b477-86c6ed0ece08: receive RaftClientReply:client-821285EC2D67->9fa9a271-7bed-4435-b477-86c6ed0ece08@group-0E07FAD1B91E, cid=1495, SUCCESS, logIndex=0, commits[9fa9a271-7bed-4435-b477-86c6ed0ece08:c2150, 06c1a879-4ae3-48dc-9686-b55cde066000:c2148, 67fae1a7-3cbe-4338-9d41-57e84498288b:c2148]
2019-07-10 10:27:28,058 INFO  client.GrpcClientProtocolClient (GrpcClientProtocolClient.java:onNext(255)) - client-821285EC2D67->9fa9a271-7bed-4435-b477-86c6ed0ece08: receive RaftClientReply:client-821285EC2D67->9fa9a271-7bed-4435-b477-86c6ed0ece08@group-0E07FAD1B91E, cid=1496, SUCCESS, logIndex=2151, commits[9fa9a271-7bed-4435-b477-86c6ed0ece08:c2152, 06c1a879-4ae3-48dc-9686-b55cde066000:c2148, 67fae1a7-3cbe-4338-9d41-57e84498288b:c2150]
2019-07-10 10:27:28,059 INFO  client.GrpcClientProtocolClient (GrpcClientProtocolClient.java:onNext(255)) - client-821285EC2D67->9fa9a271-7bed-4435-b477-86c6ed0ece08: receive RaftClientReply:client-821285EC2D67->9fa9a271-7bed-4435-b477-86c6ed0ece08@group-0E07FAD1B91E, cid=1497, SUCCESS, logIndex=2152, commits[9fa9a271-7bed-4435-b477-86c6ed0ece08:c2152, 06c1a879-4ae3-48dc-9686-b55cde066000:c2148, 67fae1a7-3cbe-4338-9d41-57e84498288b:c2150]
2019-07-10 10:27:28,060 INFO  client.GrpcClientProtocolClient (GrpcClientProtocolClient.java:onNext(255)) - client-821285EC2D67->9fa9a271-7bed-4435-b477-86c6ed0ece08: receive RaftClientReply:client-821285EC2D67->9fa9a271-7bed-4435-b477-86c6ed0ece08@group-0E07FAD1B91E, cid=1498, SUCCESS, logIndex=2153, commits[9fa9a271-7bed-4435-b477-86c6ed0ece08:c2154, 06c1a879-4ae3-48dc-9686-b55cde066000:c2150, 67fae1a7-3cbe-4338-9d41-57e84498288b:c2150]
2019-07-10 10:27:28,060 INFO  client.GrpcClientProtocolClient (GrpcClientProtocolClient.java:onNext(255)) - client-821285EC2D67->9fa9a271-7bed-4435-b477-86c6ed0ece08: receive RaftClientReply:client-821285EC2D67->9fa9a271-7bed-4435-b477-86c6ed0ece08@group-0E07FAD1B91E, cid=1499, SUCCESS, logIndex=2154, commits[9fa9a271-7bed-4435-b477-86c6ed0ece08:c2154, 06c1a879-4ae3-48dc-9686-b55cde066000:c2150, 67fae1a7-3cbe-4338-9d41-57e84498288b:c2150]
2019-07-10 10:27:28,063 INFO  client.GrpcClientProtocolClient (GrpcClientProtocolClient.java:onNext(255)) - client-821285EC2D67->9fa9a271-7bed-4435-b477-86c6ed0ece08: receive RaftClientReply:client-821285EC2D67->9fa9a271-7bed-4435-b477-86c6ed0ece08@group-0E07FAD1B91E, cid=1500, SUCCESS, logIndex=0, commits[9fa9a271-7bed-4435-b477-86c6ed0ece08:c2158, 06c1a879-4ae3-48dc-9686-b55cde066000:c2152, 67fae1a7-3cbe-4338-9d41-57e84498288b:c2154]
2019-07-10 10:27:28,075 INFO  client.GrpcClientProtocolClient (GrpcClientProtocolClient.java:onNext(255)) - client-821285EC2D67->9fa9a271-7bed-4435-b477-86c6ed0ece08: receive RaftClientReply:client-821285EC2D67->9fa9a271-7bed-4435-b477-86c6ed0ece08@group-0E07FAD1B91E, cid=1501, SUCCESS, logIndex=2159, commits[9fa9a271-7bed-4435-b477-86c6ed0ece08:c2160, 06c1a879-4ae3-48dc-9686-b55cde066000:c2158, 67fae1a7-3cbe-4338-9d41-57e84498288b:c2158]
2019-07-10 10:27:28,075 INFO  client.GrpcClientProtocolClient (GrpcClientProtocolClient.java:onNext(255)) - client-821285EC2D67->9fa9a271-7bed-4435-b477-86c6ed0ece08: receive RaftClientReply:client-821285EC2D67->9fa9a271-7bed-4435-b477-86c6ed0ece08@group-0E07FAD1B91E, cid=1502, SUCCESS, logIndex=2160, commits[9fa9a271-7bed-4435-b477-86c6ed0ece08:c2160, 06c1a879-4ae3-48dc-9686-b55cde066000:c2158, 67fae1a7-3cbe-4338-9d41-57e84498288b:c2158]
2019-07-10 10:27:28,090 INFO  client.GrpcClientProtocolClient (GrpcClientProtocolClient.java:onNext(255)) - client-821285EC2D67->9fa9a271-7bed-4435-b477-86c6ed0ece08: receive RaftClientReply:client-821285EC2D67->9fa9a271-7bed-4435-b477-86c6ed0ece08@group-0E07FAD1B91E, cid=1503, SUCCESS, logIndex=2163, commits[9fa9a271-7bed-4435-b477-86c6ed0ece08:c2164, 06c1a879-4ae3-48dc-9686-b55cde066000:c2160, 67fae1a7-3cbe-4338-9d41-57e84498288b:c2160]
2019-07-10 10:27:28,090 INFO  client.GrpcClientProtocolClient (GrpcClientProtocolClient.java:onNext(255)) - client-821285EC2D67->9fa9a271-7bed-4435-b477-86c6ed0ece08: receive RaftClientReply:client-821285EC2D67->9fa9a271-7bed-4435-b477-86c6ed0ece08@group-0E07FAD1B91E, cid=1504, SUCCESS, logIndex=2164, commits[9fa9a271-7bed-4435-b477-86c6ed0ece08:c2164, 06c1a879-4ae3-48dc-9686-b55cde066000:c2160, 67fae1a7-3cbe-4338-9d41-57e84498288b:c2160]
2019-07-10 10:27:28,101 INFO  client.GrpcClientProtocolClient (GrpcClientProtocolClient.java:onNext(255)) - client-821285EC2D67->9fa9a271-7bed-4435-b477-86c6ed0ece08: receive RaftClientReply:client-821285EC2D67->9fa9a271-7bed-4435-b477-86c6ed0ece08@group-0E07FAD1B91E, cid=1505, SUCCESS, logIndex=0, commits[9fa9a271-7bed-4435-b477-86c6ed0ece08:c2166, 06c1a879-4ae3-48dc-9686-b55cde066000:c2164, 67fae1a7-3cbe-4338-9d41-57e84498288b:c2164]
2019-07-10 10:27:28,126 INFO  client.GrpcClientProtocolClient (GrpcClientProtocolClient.java:onNext(255)) - client-821285EC2D67->9fa9a271-7bed-4435-b477-86c6ed0ece08: receive RaftClientReply:client-821285EC2D67->9fa9a271-7bed-4435-b477-86c6ed0ece08@group-0E07FAD1B91E, cid=1506, SUCCESS, logIndex=2167, commits[9fa9a271-7bed-4435-b477-86c6ed0ece08:c2168, 06c1a879-4ae3-48dc-9686-b55cde066000:c2166, 67fae1a7-3cbe-4338-9d41-57e84498288b:c2164]
2019-07-10 10:27:28,127 INFO  client.GrpcClientProtocolClient (GrpcClientProtocolClient.java:onNext(255)) - client-821285EC2D67->9fa9a271-7bed-4435-b477-86c6ed0ece08: receive RaftClientReply:client-821285EC2D67->9fa9a271-7bed-4435-b477-86c6ed0ece08@group-0E07FAD1B91E, cid=1507, SUCCESS, logIndex=2168, commits[9fa9a271-7bed-4435-b477-86c6ed0ece08:c2169, 06c1a879-4ae3-48dc-9686-b55cde066000:c2166, 67fae1a7-3cbe-4338-9d41-57e84498288b:c2166]
2019-07-10 10:27:28,127 INFO  client.GrpcClientProtocolClient (GrpcClientProtocolClient.java:onNext(255)) - client-821285EC2D67->9fa9a271-7bed-4435-b477-86c6ed0ece08: receive RaftClientReply:client-821285EC2D67->9fa9a271-7bed-4435-b477-86c6ed0ece08@group-0E07FAD1B91E, cid=1508, SUCCESS, logIndex=2169, commits[9fa9a271-7bed-4435-b477-86c6ed0ece08:c2169, 06c1a879-4ae3-48dc-9686-b55cde066000:c2166, 67fae1a7-3cbe-4338-9d41-57e84498288b:c2166]
2019-07-10 10:27:28,127 INFO  client.GrpcClientProtocolClient (GrpcClientProtocolClient.java:onNext(255)) - client-821285EC2D67->9fa9a271-7bed-4435-b477-86c6ed0ece08: receive RaftClientReply:client-821285EC2D67->9fa9a271-7bed-4435-b477-86c6ed0ece08@group-0E07FAD1B91E, cid=1509, SUCCESS, logIndex=2170, commits[9fa9a271-7bed-4435-b477-86c6ed0ece08:c2170, 06c1a879-4ae3-48dc-9686-b55cde066000:c2166, 67fae1a7-3cbe-4338-9d41-57e84498288b:c2166]
2019-07-10 10:27:28,130 INFO  client.GrpcClientProtocolClient (GrpcClientProtocolClient.java:onNext(255)) - client-821285EC2D67->9fa9a271-7bed-4435-b477-86c6ed0ece08: receive RaftClientReply:client-821285EC2D67->9fa9a271-7bed-4435-b477-86c6ed0ece08@group-0E07FAD1B91E, cid=1510, SUCCESS, logIndex=0, commits[9fa9a271-7bed-4435-b477-86c6ed0ece08:c2172, 06c1a879-4ae3-48dc-9686-b55cde066000:c2168, 67fae1a7-3cbe-4338-9d41-57e84498288b:c2168]
2019-07-10 10:27:28,141 INFO  client.GrpcClientProtocolClient (GrpcClientProtocolClient.java:onNext(255)) - client-821285EC2D67->9fa9a271-7bed-4435-b477-86c6ed0ece08: receive RaftClientReply:client-821285EC2D67->9fa9a271-7bed-4435-b477-86c6ed0ece08@group-0E07FAD1B91E, cid=1511, SUCCESS, logIndex=2175, commits[9fa9a271-7bed-4435-b477-86c6ed0ece08:c2176, 06c1a879-4ae3-48dc-9686-b55cde066000:c2174, 67fae1a7-3cbe-4338-9d41-57e84498288b:c2170]
2019-07-10 10:27:28,141 INFO  client.GrpcClientProtocolClient (GrpcClientProtocolClient.java:onNext(255)) - client-821285EC2D67->9fa9a271-7bed-4435-b477-86c6ed0ece08: receive RaftClientReply:client-821285EC2D67->9fa9a271-7bed-4435-b477-86c6ed0ece08@group-0E07FAD1B91E, cid=1512, SUCCESS, logIndex=2176, commits[9fa9a271-7bed-4435-b477-86c6ed0ece08:c2176, 06c1a879-4ae3-48dc-9686-b55cde066000:c2174, 67fae1a7-3cbe-4338-9d41-57e84498288b:c2174]
2019-07-10 10:27:28,153 INFO  client.GrpcClientProtocolClient (GrpcClientProtocolClient.java:onNext(255)) - client-821285EC2D67->9fa9a271-7bed-4435-b477-86c6ed0ece08: receive RaftClientReply:client-821285EC2D67->9fa9a271-7bed-4435-b477-86c6ed0ece08@group-0E07FAD1B91E, cid=1513, SUCCESS, logIndex=2179, commits[9fa9a271-7bed-4435-b477-86c6ed0ece08:c2180, 06c1a879-4ae3-48dc-9686-b55cde066000:c2176, 67fae1a7-3cbe-4338-9d41-57e84498288b:c2176]
2019-07-10 10:27:28,153 INFO  client.GrpcClientProtocolClient (GrpcClientProtocolClient.java:onNext(255)) - client-821285EC2D67->9fa9a271-7bed-4435-b477-86c6ed0ece08: receive RaftClientReply:client-821285EC2D67->9fa9a271-7bed-4435-b477-86c6ed0ece08@group-0E07FAD1B91E, cid=1514, SUCCESS, logIndex=2180, commits[9fa9a271-7bed-4435-b477-86c6ed0ece08:c2180, 06c1a879-4ae3-48dc-9686-b55cde066000:c2176, 67fae1a7-3cbe-4338-9d41-57e84498288b:c2176]
2019-07-10 10:27:28,155 INFO  client.GrpcClientProtocolClient (GrpcClientProtocolClient.java:onNext(255)) - client-821285EC2D67->9fa9a271-7bed-4435-b477-86c6ed0ece08: receive RaftClientReply:client-821285EC2D67->9fa9a271-7bed-4435-b477-86c6ed0ece08@group-0E07FAD1B91E, cid=1515, SUCCESS, logIndex=0, commits[9fa9a271-7bed-4435-b477-86c6ed0ece08:c2181, 06c1a879-4ae3-48dc-9686-b55cde066000:c2180, 67fae1a7-3cbe-4338-9d41-57e84498288b:c2180]
2019-07-10 10:27:28,178 INFO  client.GrpcClientProtocolClient (GrpcClientProtocolClient.java:onNext(255)) - client-821285EC2D67->9fa9a271-7bed-4435-b477-86c6ed0ece08: receive RaftClientReply:client-821285EC2D67->9fa9a271-7bed-4435-b477-86c6ed0ece08@group-0E07FAD1B91E, cid=1516, SUCCESS, logIndex=2183, commits[9fa9a271-7bed-4435-b477-86c6ed0ece08:c2184, 06c1a879-4ae3-48dc-9686-b55cde066000:c2182, 67fae1a7-3cbe-4338-9d41-57e84498288b:c2182]
2019-07-10 10:27:28,179 INFO  client.GrpcClientProtocolClient (GrpcClientProtocolClient.java:onNext(255)) - client-821285EC2D67->9fa9a271-7bed-4435-b477-86c6ed0ece08: receive RaftClientReply:client-821285EC2D67->9fa9a271-7bed-4435-b477-86c6ed0ece08@group-0E07FAD1B91E, cid=1517, SUCCESS, logIndex=2184, commits[9fa9a271-7bed-4435-b477-86c6ed0ece08:c2186, 06c1a879-4ae3-48dc-9686-b55cde066000:c2182, 67fae1a7-3cbe-4338-9d41-57e84498288b:c2182]
2019-07-10 10:27:28,179 INFO  client.GrpcClientProtocolClient (GrpcClientProtocolClient.java:onNext(255)) - client-821285EC2D67->9fa9a271-7bed-4435-b477-86c6ed0ece08: receive RaftClientReply:client-821285EC2D67->9fa9a271-7bed-4435-b477-86c6ed0ece08@group-0E07FAD1B91E, cid=1518, SUCCESS, logIndex=2185, commits[9fa9a271-7bed-4435-b477-86c6ed0ece08:c2186, 06c1a879-4ae3-48dc-9686-b55cde066000:c2182, 67fae1a7-3cbe-4338-9d41-57e84498288b:c2182]
2019-07-10 10:27:28,179 INFO  client.GrpcClientProtocolClient (GrpcClientProtocolClient.java:onNext(255)) - client-821285EC2D67->9fa9a271-7bed-4435-b477-86c6ed0ece08: receive RaftClientReply:client-821285EC2D67->9fa9a271-7bed-4435-b477-86c6ed0ece08@group-0E07FAD1B91E, cid=1519, SUCCESS, logIndex=2186, commits[9fa9a271-7bed-4435-b477-86c6ed0ece08:c2186, 06c1a879-4ae3-48dc-9686-b55cde066000:c2182, 67fae1a7-3cbe-4338-9d41-57e84498288b:c2182]
2019-07-10 10:27:28,190 INFO  client.GrpcClientProtocolClient (GrpcClientProtocolClient.java:onNext(255)) - client-821285EC2D67->9fa9a271-7bed-4435-b477-86c6ed0ece08: receive RaftClientReply:client-821285EC2D67->9fa9a271-7bed-4435-b477-86c6ed0ece08@group-0E07FAD1B91E, cid=1520, SUCCESS, logIndex=0, commits[9fa9a271-7bed-4435-b477-86c6ed0ece08:c2189, 06c1a879-4ae3-48dc-9686-b55cde066000:c2186, 67fae1a7-3cbe-4338-9d41-57e84498288b:c2184]
2019-07-10 10:27:28,200 INFO  client.GrpcClientProtocolClient (GrpcClientProtocolClient.java:onNext(255)) - client-821285EC2D67->9fa9a271-7bed-4435-b477-86c6ed0ece08: receive RaftClientReply:client-821285EC2D67->9fa9a271-7bed-4435-b477-86c6ed0ece08@group-0E07FAD1B91E, cid=1521, SUCCESS, logIndex=2190, commits[9fa9a271-7bed-4435-b477-86c6ed0ece08:c2191, 06c1a879-4ae3-48dc-9686-b55cde066000:c2189, 67fae1a7-3cbe-4338-9d41-57e84498288b:c2186]
2019-07-10 10:27:28,201 INFO  client.GrpcClientProtocolClient (GrpcClientProtocolClient.java:onNext(255)) - client-821285EC2D67->9fa9a271-7bed-4435-b477-86c6ed0ece08: receive RaftClientReply:client-821285EC2D67->9fa9a271-7bed-4435-b477-86c6ed0ece08@group-0E07FAD1B91E, cid=1522, SUCCESS, logIndex=2191, commits[9fa9a271-7bed-4435-b477-86c6ed0ece08:c2191, 06c1a879-4ae3-48dc-9686-b55cde066000:c2189, 67fae1a7-3cbe-4338-9d41-57e84498288b:c2189]
2019-07-10 10:27:28,220 INFO  client.GrpcClientProtocolClient (GrpcClientProtocolClient.java:onNext(255)) - client-821285EC2D67->9fa9a271-7bed-4435-b477-86c6ed0ece08: receive RaftClientReply:client-821285EC2D67->9fa9a271-7bed-4435-b477-86c6ed0ece08@group-0E07FAD1B91E, cid=1523, SUCCESS, logIndex=2194, commits[9fa9a271-7bed-4435-b477-86c6ed0ece08:c2195, 06c1a879-4ae3-48dc-9686-b55cde066000:c2191, 67fae1a7-3cbe-4338-9d41-57e84498288b:c2193]
2019-07-10 10:27:28,220 INFO  client.GrpcClientProtocolClient (GrpcClientProtocolClient.java:onNext(255)) - client-821285EC2D67->9fa9a271-7bed-4435-b477-86c6ed0ece08: receive RaftClientReply:client-821285EC2D67->9fa9a271-7bed-4435-b477-86c6ed0ece08@group-0E07FAD1B91E, cid=1524, SUCCESS, logIndex=2195, commits[9fa9a271-7bed-4435-b477-86c6ed0ece08:c2195, 06c1a879-4ae3-48dc-9686-b55cde066000:c2193, 67fae1a7-3cbe-4338-9d41-57e84498288b:c2193]
2019-07-10 10:27:28,222 INFO  client.GrpcClientProtocolClient (GrpcClientProtocolClient.java:onNext(255)) - client-821285EC2D67->9fa9a271-7bed-4435-b477-86c6ed0ece08: receive RaftClientReply:client-821285EC2D67->9fa9a271-7bed-4435-b477-86c6ed0ece08@group-0E07FAD1B91E, cid=1525, SUCCESS, logIndex=0, commits[9fa9a271-7bed-4435-b477-86c6ed0ece08:c2196, 06c1a879-4ae3-48dc-9686-b55cde066000:c2195, 67fae1a7-3cbe-4338-9d41-57e84498288b:c2195]
2019-07-10 10:27:28,246 INFO  client.GrpcClientProtocolClient (GrpcClientProtocolClient.java:onNext(255)) - client-821285EC2D67->9fa9a271-7bed-4435-b477-86c6ed0ece08: receive RaftClientReply:client-821285EC2D67->9fa9a271-7bed-4435-b477-86c6ed0ece08@group-0E07FAD1B91E, cid=1526, SUCCESS, logIndex=2197, commits[9fa9a271-7bed-4435-b477-86c6ed0ece08:c2198, 06c1a879-4ae3-48dc-9686-b55cde066000:c2196, 67fae1a7-3cbe-4338-9d41-57e84498288b:c2196]
2019-07-10 10:27:28,247 INFO  client.GrpcClientProtocolClient (GrpcClientProtocolClient.java:onNext(255)) - client-821285EC2D67->9fa9a271-7bed-4435-b477-86c6ed0ece08: receive RaftClientReply:client-821285EC2D67->9fa9a271-7bed-4435-b477-86c6ed0ece08@group-0E07FAD1B91E, cid=1527, SUCCESS, logIndex=2198, commits[9fa9a271-7bed-4435-b477-86c6ed0ece08:c2198, 06c1a879-4ae3-48dc-9686-b55cde066000:c2196, 67fae1a7-3cbe-4338-9d41-57e84498288b:c2196]
2019-07-10 10:27:28,247 INFO  client.GrpcClientProtocolClient (GrpcClientProtocolClient.java:onNext(255)) - client-821285EC2D67->9fa9a271-7bed-4435-b477-86c6ed0ece08: receive RaftClientReply:client-821285EC2D67->9fa9a271-7bed-4435-b477-86c6ed0ece08@group-0E07FAD1B91E, cid=1528, SUCCESS, logIndex=2199, commits[9fa9a271-7bed-4435-b477-86c6ed0ece08:c2200, 06c1a879-4ae3-48dc-9686-b55cde066000:c2196, 67fae1a7-3cbe-4338-9d41-57e84498288b:c2196]
2019-07-10 10:27:28,247 INFO  client.GrpcClientProtocolClient (GrpcClientProtocolClient.java:onNext(255)) - client-821285EC2D67->9fa9a271-7bed-4435-b477-86c6ed0ece08: receive RaftClientReply:client-821285EC2D67->9fa9a271-7bed-4435-b477-86c6ed0ece08@group-0E07FAD1B91E, cid=1529, SUCCESS, logIndex=2200, commits[9fa9a271-7bed-4435-b477-86c6ed0ece08:c2200, 06c1a879-4ae3-48dc-9686-b55cde066000:c2196, 67fae1a7-3cbe-4338-9d41-57e84498288b:c2196]
2019-07-10 10:27:28,249 INFO  client.GrpcClientProtocolClient (GrpcClientProtocolClient.java:onNext(255)) - client-821285EC2D67->9fa9a271-7bed-4435-b477-86c6ed0ece08: receive RaftClientReply:client-821285EC2D67->9fa9a271-7bed-4435-b477-86c6ed0ece08@group-0E07FAD1B91E, cid=1530, SUCCESS, logIndex=0, commits[9fa9a271-7bed-4435-b477-86c6ed0ece08:c2202, 06c1a879-4ae3-48dc-9686-b55cde066000:c2198, 67fae1a7-3cbe-4338-9d41-57e84498288b:c2198]
2019-07-10 10:27:28,268 INFO  client.GrpcClientProtocolClient (GrpcClientProtocolClient.java:onNext(255)) - client-821285EC2D67->9fa9a271-7bed-4435-b477-86c6ed0ece08: receive RaftClientReply:client-821285EC2D67->9fa9a271-7bed-4435-b477-86c6ed0ece08@group-0E07FAD1B91E, cid=1531, SUCCESS, logIndex=2205, commits[9fa9a271-7bed-4435-b477-86c6ed0ece08:c2206, 06c1a879-4ae3-48dc-9686-b55cde066000:c2204, 67fae1a7-3cbe-4338-9d41-57e84498288b:c2204]
2019-07-10 10:27:28,268 INFO  client.GrpcClientProtocolClient (GrpcClientProtocolClient.java:onNext(255)) - client-821285EC2D67->9fa9a271-7bed-4435-b477-86c6ed0ece08: receive RaftClientReply:client-821285EC2D67->9fa9a271-7bed-4435-b477-86c6ed0ece08@group-0E07FAD1B91E, cid=1532, SUCCESS, logIndex=2206, commits[9fa9a271-7bed-4435-b477-86c6ed0ece08:c2206, 06c1a879-4ae3-48dc-9686-b55cde066000:c2204, 67fae1a7-3cbe-4338-9d41-57e84498288b:c2204]
2019-07-10 10:27:28,285 INFO  client.GrpcClientProtocolClient (GrpcClientProtocolClient.java:onNext(255)) - client-821285EC2D67->9fa9a271-7bed-4435-b477-86c6ed0ece08: receive RaftClientReply:client-821285EC2D67->9fa9a271-7bed-4435-b477-86c6ed0ece08@group-0E07FAD1B91E, cid=1533, SUCCESS, logIndex=2209, commits[9fa9a271-7bed-4435-b477-86c6ed0ece08:c2210, 06c1a879-4ae3-48dc-9686-b55cde066000:c2208, 67fae1a7-3cbe-4338-9d41-57e84498288b:c2208]
2019-07-10 10:27:28,286 INFO  client.GrpcClientProtocolClient (GrpcClientProtocolClient.java:onNext(255)) - client-821285EC2D67->9fa9a271-7bed-4435-b477-86c6ed0ece08: receive RaftClientReply:client-821285EC2D67->9fa9a271-7bed-4435-b477-86c6ed0ece08@group-0E07FAD1B91E, cid=1534, SUCCESS, logIndex=2210, commits[9fa9a271-7bed-4435-b477-86c6ed0ece08:c2210, 06c1a879-4ae3-48dc-9686-b55cde066000:c2208, 67fae1a7-3cbe-4338-9d41-57e84498288b:c2208]
2019-07-10 10:27:28,297 INFO  client.GrpcClientProtocolClient (GrpcClientProtocolClient.java:onNext(255)) - client-821285EC2D67->9fa9a271-7bed-4435-b477-86c6ed0ece08: receive RaftClientReply:client-821285EC2D67->9fa9a271-7bed-4435-b477-86c6ed0ece08@group-0E07FAD1B91E, cid=1535, SUCCESS, logIndex=0, commits[9fa9a271-7bed-4435-b477-86c6ed0ece08:c2212, 06c1a879-4ae3-48dc-9686-b55cde066000:c2210, 67fae1a7-3cbe-4338-9d41-57e84498288b:c2210]
2019-07-10 10:27:28,423 INFO  client.GrpcClientProtocolClient (GrpcClientProtocolClient.java:onNext(255)) - client-821285EC2D67->9fa9a271-7bed-4435-b477-86c6ed0ece08: receive RaftClientReply:client-821285EC2D67->9fa9a271-7bed-4435-b477-86c6ed0ece08@group-0E07FAD1B91E, cid=1536, SUCCESS, logIndex=2213, commits[9fa9a271-7bed-4435-b477-86c6ed0ece08:c2214, 06c1a879-4ae3-48dc-9686-b55cde066000:c2212, 67fae1a7-3cbe-4338-9d41-57e84498288b:c2212]
2019-07-10 10:27:28,424 INFO  client.GrpcClientProtocolClient (GrpcClientProtocolClient.java:onNext(255)) - client-821285EC2D67->9fa9a271-7bed-4435-b477-86c6ed0ece08: receive RaftClientReply:client-821285EC2D67->9fa9a271-7bed-4435-b477-86c6ed0ece08@group-0E07FAD1B91E, cid=1537, SUCCESS, logIndex=2214, commits[9fa9a271-7bed-4435-b477-86c6ed0ece08:c2214, 06c1a879-4ae3-48dc-9686-b55cde066000:c2212, 67fae1a7-3cbe-4338-9d41-57e84498288b:c2212]
2019-07-10 10:27:28,434 INFO  client.GrpcClientProtocolClient (GrpcClientProtocolClient.java:onNext(255)) - client-821285EC2D67->9fa9a271-7bed-4435-b477-86c6ed0ece08: receive RaftClientReply:client-821285EC2D67->9fa9a271-7bed-4435-b477-86c6ed0ece08@group-0E07FAD1B91E, cid=1538, SUCCESS, logIndex=2215, commits[9fa9a271-7bed-4435-b477-86c6ed0ece08:c2216, 06c1a879-4ae3-48dc-9686-b55cde066000:c2212, 67fae1a7-3cbe-4338-9d41-57e84498288b:c2212]
2019-07-10 10:27:28,434 INFO  client.GrpcClientProtocolClient (GrpcClientProtocolClient.java:onNext(255)) - client-821285EC2D67->9fa9a271-7bed-4435-b477-86c6ed0ece08: receive RaftClientReply:client-821285EC2D67->9fa9a271-7bed-4435-b477-86c6ed0ece08@group-0E07FAD1B91E, cid=1539, SUCCESS, logIndex=2216, commits[9fa9a271-7bed-4435-b477-86c6ed0ece08:c2217, 06c1a879-4ae3-48dc-9686-b55cde066000:c2214, 67fae1a7-3cbe-4338-9d41-57e84498288b:c2212]
2019-07-10 10:27:28,436 INFO  client.GrpcClientProtocolClient (GrpcClientProtocolClient.java:onNext(255)) - client-821285EC2D67->9fa9a271-7bed-4435-b477-86c6ed0ece08: receive RaftClientReply:client-821285EC2D67->9fa9a271-7bed-4435-b477-86c6ed0ece08@group-0E07FAD1B91E, cid=1540, SUCCESS, logIndex=0, commits[9fa9a271-7bed-4435-b477-86c6ed0ece08:c2220, 06c1a879-4ae3-48dc-9686-b55cde066000:c2214, 67fae1a7-3cbe-4338-9d41-57e84498288b:c2216]
2019-07-10 10:27:28,459 INFO  client.GrpcClientProtocolClient (GrpcClientProtocolClient.java:onNext(255)) - client-821285EC2D67->9fa9a271-7bed-4435-b477-86c6ed0ece08: receive RaftClientReply:client-821285EC2D67->9fa9a271-7bed-4435-b477-86c6ed0ece08@group-0E07FAD1B91E, cid=1541, SUCCESS, logIndex=2221, commits[9fa9a271-7bed-4435-b477-86c6ed0ece08:c2222, 06c1a879-4ae3-48dc-9686-b55cde066000:c2220, 67fae1a7-3cbe-4338-9d41-57e84498288b:c2220]
2019-07-10 10:27:28,459 INFO  client.GrpcClientProtocolClient (GrpcClientProtocolClient.java:onNext(255)) - client-821285EC2D67->9fa9a271-7bed-4435-b477-86c6ed0ece08: receive RaftClientReply:client-821285EC2D67->9fa9a271-7bed-4435-b477-86c6ed0ece08@group-0E07FAD1B91E, cid=1542, SUCCESS, logIndex=2222, commits[9fa9a271-7bed-4435-b477-86c6ed0ece08:c2222, 06c1a879-4ae3-48dc-9686-b55cde066000:c2220, 67fae1a7-3cbe-4338-9d41-57e84498288b:c2220]
2019-07-10 10:27:28,474 INFO  client.GrpcClientProtocolClient (GrpcClientProtocolClient.java:onNext(255)) - client-821285EC2D67->9fa9a271-7bed-4435-b477-86c6ed0ece08: receive RaftClientReply:client-821285EC2D67->9fa9a271-7bed-4435-b477-86c6ed0ece08@group-0E07FAD1B91E, cid=1543, SUCCESS, logIndex=2225, commits[9fa9a271-7bed-4435-b477-86c6ed0ece08:c2226, 06c1a879-4ae3-48dc-9686-b55cde066000:c2222, 67fae1a7-3cbe-4338-9d41-57e84498288b:c2222]
2019-07-10 10:27:28,474 INFO  client.GrpcClientProtocolClient (GrpcClientProtocolClient.java:onNext(255)) - client-821285EC2D67->9fa9a271-7bed-4435-b477-86c6ed0ece08: receive RaftClientReply:client-821285EC2D67->9fa9a271-7bed-4435-b477-86c6ed0ece08@group-0E07FAD1B91E, cid=1544, SUCCESS, logIndex=2226, commits[9fa9a271-7bed-4435-b477-86c6ed0ece08:c2226, 06c1a879-4ae3-48dc-9686-b55cde066000:c2222, 67fae1a7-3cbe-4338-9d41-57e84498288b:c2222]
2019-07-10 10:27:28,476 INFO  client.GrpcClientProtocolClient (GrpcClientProtocolClient.java:onNext(255)) - client-821285EC2D67->9fa9a271-7bed-4435-b477-86c6ed0ece08: receive RaftClientReply:client-821285EC2D67->9fa9a271-7bed-4435-b477-86c6ed0ece08@group-0E07FAD1B91E, cid=1545, SUCCESS, logIndex=0, commits[9fa9a271-7bed-4435-b477-86c6ed0ece08:c2227, 06c1a879-4ae3-48dc-9686-b55cde066000:c2226, 67fae1a7-3cbe-4338-9d41-57e84498288b:c2226]
2019-07-10 10:27:28,505 INFO  client.GrpcClientProtocolClient (GrpcClientProtocolClient.java:onNext(255)) - client-821285EC2D67->9fa9a271-7bed-4435-b477-86c6ed0ece08: receive RaftClientReply:client-821285EC2D67->9fa9a271-7bed-4435-b477-86c6ed0ece08@group-0E07FAD1B91E, cid=1546, SUCCESS, logIndex=2229, commits[9fa9a271-7bed-4435-b477-86c6ed0ece08:c2230, 06c1a879-4ae3-48dc-9686-b55cde066000:c2228, 67fae1a7-3cbe-4338-9d41-57e84498288b:c2228]
2019-07-10 10:27:28,506 INFO  client.GrpcClientProtocolClient (GrpcClientProtocolClient.java:onNext(255)) - client-821285EC2D67->9fa9a271-7bed-4435-b477-86c6ed0ece08: receive RaftClientReply:client-821285EC2D67->9fa9a271-7bed-4435-b477-86c6ed0ece08@group-0E07FAD1B91E, cid=1547, SUCCESS, logIndex=2230, commits[9fa9a271-7bed-4435-b477-86c6ed0ece08:c2231, 06c1a879-4ae3-48dc-9686-b55cde066000:c2228, 67fae1a7-3cbe-4338-9d41-57e84498288b:c2228]
2019-07-10 10:27:28,506 INFO  client.GrpcClientProtocolClient (GrpcClientProtocolClient.java:onNext(255)) - client-821285EC2D67->9fa9a271-7bed-4435-b477-86c6ed0ece08: receive RaftClientReply:client-821285EC2D67->9fa9a271-7bed-4435-b477-86c6ed0ece08@group-0E07FAD1B91E, cid=1548, SUCCESS, logIndex=2231, commits[9fa9a271-7bed-4435-b477-86c6ed0ece08:c2232, 06c1a879-4ae3-48dc-9686-b55cde066000:c2228, 67fae1a7-3cbe-4338-9d41-57e84498288b:c2228]
2019-07-10 10:27:28,506 INFO  client.GrpcClientProtocolClient (GrpcClientProtocolClient.java:onNext(255)) - client-821285EC2D67->9fa9a271-7bed-4435-b477-86c6ed0ece08: receive RaftClientReply:client-821285EC2D67->9fa9a271-7bed-4435-b477-86c6ed0ece08@group-0E07FAD1B91E, cid=1549, SUCCESS, logIndex=2232, commits[9fa9a271-7bed-4435-b477-86c6ed0ece08:c2232, 06c1a879-4ae3-48dc-9686-b55cde066000:c2228, 67fae1a7-3cbe-4338-9d41-57e84498288b:c2228]
2019-07-10 10:27:28,516 INFO  client.GrpcClientProtocolClient (GrpcClientProtocolClient.java:onNext(255)) - client-821285EC2D67->9fa9a271-7bed-4435-b477-86c6ed0ece08: receive RaftClientReply:client-821285EC2D67->9fa9a271-7bed-4435-b477-86c6ed0ece08@group-0E07FAD1B91E, cid=1550, SUCCESS, logIndex=0, commits[9fa9a271-7bed-4435-b477-86c6ed0ece08:c2234, 06c1a879-4ae3-48dc-9686-b55cde066000:c2230, 67fae1a7-3cbe-4338-9d41-57e84498288b:c2230]
2019-07-10 10:27:28,539 INFO  client.GrpcClientProtocolClient (GrpcClientProtocolClient.java:onNext(255)) - client-821285EC2D67->9fa9a271-7bed-4435-b477-86c6ed0ece08: receive RaftClientReply:client-821285EC2D67->9fa9a271-7bed-4435-b477-86c6ed0ece08@group-0E07FAD1B91E, cid=1551, SUCCESS, logIndex=2237, commits[9fa9a271-7bed-4435-b477-86c6ed0ece08:c2238, 06c1a879-4ae3-48dc-9686-b55cde066000:c2236, 67fae1a7-3cbe-4338-9d41-57e84498288b:c2236]
2019-07-10 10:27:28,540 INFO  client.GrpcClientProtocolClient (GrpcClientProtocolClient.java:onNext(255)) - client-821285EC2D67->9fa9a271-7bed-4435-b477-86c6ed0ece08: receive RaftClientReply:client-821285EC2D67->9fa9a271-7bed-4435-b477-86c6ed0ece08@group-0E07FAD1B91E, cid=1552, SUCCESS, logIndex=2238, commits[9fa9a271-7bed-4435-b477-86c6ed0ece08:c2238, 06c1a879-4ae3-48dc-9686-b55cde066000:c2236, 67fae1a7-3cbe-4338-9d41-57e84498288b:c2236]
2019-07-10 10:27:28,560 INFO  client.GrpcClientProtocolClient (GrpcClientProtocolClient.java:onNext(255)) - client-821285EC2D67->9fa9a271-7bed-4435-b477-86c6ed0ece08: receive RaftClientReply:client-821285EC2D67->9fa9a271-7bed-4435-b477-86c6ed0ece08@group-0E07FAD1B91E, cid=1553, SUCCESS, logIndex=2241, commits[9fa9a271-7bed-4435-b477-86c6ed0ece08:c2241, 06c1a879-4ae3-48dc-9686-b55cde066000:c2238, 67fae1a7-3cbe-4338-9d41-57e84498288b:c2238]
2019-07-10 10:27:28,560 INFO  client.GrpcClientProtocolClient (GrpcClientProtocolClient.java:onNext(255)) - client-821285EC2D67->9fa9a271-7bed-4435-b477-86c6ed0ece08: receive RaftClientReply:client-821285EC2D67->9fa9a271-7bed-4435-b477-86c6ed0ece08@group-0E07FAD1B91E, cid=1554, SUCCESS, logIndex=2242, commits[9fa9a271-7bed-4435-b477-86c6ed0ece08:c2242, 06c1a879-4ae3-48dc-9686-b55cde066000:c2238, 67fae1a7-3cbe-4338-9d41-57e84498288b:c2238]
2019-07-10 10:27:28,571 INFO  client.GrpcClientProtocolClient (GrpcClientProtocolClient.java:onNext(255)) - client-821285EC2D67->9fa9a271-7bed-4435-b477-86c6ed0ece08: receive RaftClientReply:client-821285EC2D67->9fa9a271-7bed-4435-b477-86c6ed0ece08@group-0E07FAD1B91E, cid=1555, SUCCESS, logIndex=0, commits[9fa9a271-7bed-4435-b477-86c6ed0ece08:c2244, 06c1a879-4ae3-48dc-9686-b55cde066000:c2242, 67fae1a7-3cbe-4338-9d41-57e84498288b:c2242]
2019-07-10 10:27:28,604 INFO  client.GrpcClientProtocolClient (GrpcClientProtocolClient.java:onNext(255)) - client-821285EC2D67->9fa9a271-7bed-4435-b477-86c6ed0ece08: receive RaftClientReply:client-821285EC2D67->9fa9a271-7bed-4435-b477-86c6ed0ece08@group-0E07FAD1B91E, cid=1556, SUCCESS, logIndex=2245, commits[9fa9a271-7bed-4435-b477-86c6ed0ece08:c2247, 06c1a879-4ae3-48dc-9686-b55cde066000:c2244, 67fae1a7-3cbe-4338-9d41-57e84498288b:c2244]
2019-07-10 10:27:28,605 INFO  client.GrpcClientProtocolClient (GrpcClientProtocolClient.java:onNext(255)) - client-821285EC2D67->9fa9a271-7bed-4435-b477-86c6ed0ece08: receive RaftClientReply:client-821285EC2D67->9fa9a271-7bed-4435-b477-86c6ed0ece08@group-0E07FAD1B91E, cid=1557, SUCCESS, logIndex=2246, commits[9fa9a271-7bed-4435-b477-86c6ed0ece08:c2248, 06c1a879-4ae3-48dc-9686-b55cde066000:c2244, 67fae1a7-3cbe-4338-9d41-57e84498288b:c2244]
2019-07-10 10:27:28,605 INFO  client.GrpcClientProtocolClient (GrpcClientProtocolClient.java:onNext(255)) - client-821285EC2D67->9fa9a271-7bed-4435-b477-86c6ed0ece08: receive RaftClientReply:client-821285EC2D67->9fa9a271-7bed-4435-b477-86c6ed0ece08@group-0E07FAD1B91E, cid=1558, SUCCESS, logIndex=2247, commits[9fa9a271-7bed-4435-b477-86c6ed0ece08:c2248, 06c1a879-4ae3-48dc-9686-b55cde066000:c2244, 67fae1a7-3cbe-4338-9d41-57e84498288b:c2244]
2019-07-10 10:27:28,605 INFO  client.GrpcClientProtocolClient (GrpcClientProtocolClient.java:onNext(255)) - client-821285EC2D67->9fa9a271-7bed-4435-b477-86c6ed0ece08: receive RaftClientReply:client-821285EC2D67->9fa9a271-7bed-4435-b477-86c6ed0ece08@group-0E07FAD1B91E, cid=1559, SUCCESS, logIndex=2248, commits[9fa9a271-7bed-4435-b477-86c6ed0ece08:c2249, 06c1a879-4ae3-48dc-9686-b55cde066000:c2244, 67fae1a7-3cbe-4338-9d41-57e84498288b:c2245]
2019-07-10 10:27:28,607 INFO  client.GrpcClientProtocolClient (GrpcClientProtocolClient.java:onNext(255)) - client-821285EC2D67->9fa9a271-7bed-4435-b477-86c6ed0ece08: receive RaftClientReply:client-821285EC2D67->9fa9a271-7bed-4435-b477-86c6ed0ece08@group-0E07FAD1B91E, cid=1560, SUCCESS, logIndex=0, commits[9fa9a271-7bed-4435-b477-86c6ed0ece08:c2251, 06c1a879-4ae3-48dc-9686-b55cde066000:c2247, 67fae1a7-3cbe-4338-9d41-57e84498288b:c2248]
2019-07-10 10:27:28,626 INFO  client.GrpcClientProtocolClient (GrpcClientProtocolClient.java:onNext(255)) - client-821285EC2D67->9fa9a271-7bed-4435-b477-86c6ed0ece08: receive RaftClientReply:client-821285EC2D67->9fa9a271-7bed-4435-b477-86c6ed0ece08@group-0E07FAD1B91E, cid=1561, SUCCESS, logIndex=2253, commits[9fa9a271-7bed-4435-b477-86c6ed0ece08:c2254, 06c1a879-4ae3-48dc-9686-b55cde066000:c2252, 67fae1a7-3cbe-4338-9d41-57e84498288b:c2252]
2019-07-10 10:27:28,627 INFO  client.GrpcClientProtocolClient (GrpcClientProtocolClient.java:onNext(255)) - client-821285EC2D67->9fa9a271-7bed-4435-b477-86c6ed0ece08: receive RaftClientReply:client-821285EC2D67->9fa9a271-7bed-4435-b477-86c6ed0ece08@group-0E07FAD1B91E, cid=1562, SUCCESS, logIndex=2254, commits[9fa9a271-7bed-4435-b477-86c6ed0ece08:c2254, 06c1a879-4ae3-48dc-9686-b55cde066000:c2252, 67fae1a7-3cbe-4338-9d41-57e84498288b:c2252]
2019-07-10 10:27:28,638 INFO  client.GrpcClientProtocolClient (GrpcClientProtocolClient.java:onNext(255)) - client-821285EC2D67->9fa9a271-7bed-4435-b477-86c6ed0ece08: receive RaftClientReply:client-821285EC2D67->9fa9a271-7bed-4435-b477-86c6ed0ece08@group-0E07FAD1B91E, cid=1563, SUCCESS, logIndex=2257, commits[9fa9a271-7bed-4435-b477-86c6ed0ece08:c2258, 06c1a879-4ae3-48dc-9686-b55cde066000:c2254, 67fae1a7-3cbe-4338-9d41-57e84498288b:c2254]
2019-07-10 10:27:28,639 INFO  client.GrpcClientProtocolClient (GrpcClientProtocolClient.java:onNext(255)) - client-821285EC2D67->9fa9a271-7bed-4435-b477-86c6ed0ece08: receive RaftClientReply:client-821285EC2D67->9fa9a271-7bed-4435-b477-86c6ed0ece08@group-0E07FAD1B91E, cid=1564, SUCCESS, logIndex=2258, commits[9fa9a271-7bed-4435-b477-86c6ed0ece08:c2258, 06c1a879-4ae3-48dc-9686-b55cde066000:c2254, 67fae1a7-3cbe-4338-9d41-57e84498288b:c2254]
2019-07-10 10:27:28,640 INFO  client.GrpcClientProtocolClient (GrpcClientProtocolClient.java:onNext(255)) - client-821285EC2D67->9fa9a271-7bed-4435-b477-86c6ed0ece08: receive RaftClientReply:client-821285EC2D67->9fa9a271-7bed-4435-b477-86c6ed0ece08@group-0E07FAD1B91E, cid=1565, SUCCESS, logIndex=0, commits[9fa9a271-7bed-4435-b477-86c6ed0ece08:c2259, 06c1a879-4ae3-48dc-9686-b55cde066000:c2258, 67fae1a7-3cbe-4338-9d41-57e84498288b:c2258]
2019-07-10 10:27:28,668 INFO  client.GrpcClientProtocolClient (GrpcClientProtocolClient.java:onNext(255)) - client-821285EC2D67->9fa9a271-7bed-4435-b477-86c6ed0ece08: receive RaftClientReply:client-821285EC2D67->9fa9a271-7bed-4435-b477-86c6ed0ece08@group-0E07FAD1B91E, cid=1566, SUCCESS, logIndex=2261, commits[9fa9a271-7bed-4435-b477-86c6ed0ece08:c2262, 06c1a879-4ae3-48dc-9686-b55cde066000:c2260, 67fae1a7-3cbe-4338-9d41-57e84498288b:c2260]
2019-07-10 10:27:28,668 INFO  client.GrpcClientProtocolClient (GrpcClientProtocolClient.java:onNext(255)) - client-821285EC2D67->9fa9a271-7bed-4435-b477-86c6ed0ece08: receive RaftClientReply:client-821285EC2D67->9fa9a271-7bed-4435-b477-86c6ed0ece08@group-0E07FAD1B91E, cid=1567, SUCCESS, logIndex=2262, commits[9fa9a271-7bed-4435-b477-86c6ed0ece08:c2264, 06c1a879-4ae3-48dc-9686-b55cde066000:c2260, 67fae1a7-3cbe-4338-9d41-57e84498288b:c2260]
2019-07-10 10:27:28,669 INFO  client.GrpcClientProtocolClient (GrpcClientProtocolClient.java:onNext(255)) - client-821285EC2D67->9fa9a271-7bed-4435-b477-86c6ed0ece08: receive RaftClientReply:client-821285EC2D67->9fa9a271-7bed-4435-b477-86c6ed0ece08@group-0E07FAD1B91E, cid=1568, SUCCESS, logIndex=2263, commits[9fa9a271-7bed-4435-b477-86c6ed0ece08:c2264, 06c1a879-4ae3-48dc-9686-b55cde066000:c2260, 67fae1a7-3cbe-4338-9d41-57e84498288b:c2260]
2019-07-10 10:27:28,669 INFO  client.GrpcClientProtocolClient (GrpcClientProtocolClient.java:onNext(255)) - client-821285EC2D67->9fa9a271-7bed-4435-b477-86c6ed0ece08: receive RaftClientReply:client-821285EC2D67->9fa9a271-7bed-4435-b477-86c6ed0ece08@group-0E07FAD1B91E, cid=1569, SUCCESS, logIndex=2264, commits[9fa9a271-7bed-4435-b477-86c6ed0ece08:c2264, 06c1a879-4ae3-48dc-9686-b55cde066000:c2260, 67fae1a7-3cbe-4338-9d41-57e84498288b:c2260]
2019-07-10 10:27:28,671 INFO  client.GrpcClientProtocolClient (GrpcClientProtocolClient.java:onNext(255)) - client-821285EC2D67->9fa9a271-7bed-4435-b477-86c6ed0ece08: receive RaftClientReply:client-821285EC2D67->9fa9a271-7bed-4435-b477-86c6ed0ece08@group-0E07FAD1B91E, cid=1570, SUCCESS, logIndex=0, commits[9fa9a271-7bed-4435-b477-86c6ed0ece08:c2268, 06c1a879-4ae3-48dc-9686-b55cde066000:c2264, 67fae1a7-3cbe-4338-9d41-57e84498288b:c2262]
2019-07-10 10:27:28,689 INFO  client.GrpcClientProtocolClient (GrpcClientProtocolClient.java:onNext(255)) - client-821285EC2D67->9fa9a271-7bed-4435-b477-86c6ed0ece08: receive RaftClientReply:client-821285EC2D67->9fa9a271-7bed-4435-b477-86c6ed0ece08@group-0E07FAD1B91E, cid=1571, SUCCESS, logIndex=2269, commits[9fa9a271-7bed-4435-b477-86c6ed0ece08:c2270, 06c1a879-4ae3-48dc-9686-b55cde066000:c2268, 67fae1a7-3cbe-4338-9d41-57e84498288b:c2268]
2019-07-10 10:27:28,689 INFO  client.GrpcClientProtocolClient (GrpcClientProtocolClient.java:onNext(255)) - client-821285EC2D67->9fa9a271-7bed-4435-b477-86c6ed0ece08: receive RaftClientReply:client-821285EC2D67->9fa9a271-7bed-4435-b477-86c6ed0ece08@group-0E07FAD1B91E, cid=1572, SUCCESS, logIndex=2270, commits[9fa9a271-7bed-4435-b477-86c6ed0ece08:c2270, 06c1a879-4ae3-48dc-9686-b55cde066000:c2268, 67fae1a7-3cbe-4338-9d41-57e84498288b:c2268]
2019-07-10 10:27:28,703 INFO  client.GrpcClientProtocolClient (GrpcClientProtocolClient.java:onNext(255)) - client-821285EC2D67->9fa9a271-7bed-4435-b477-86c6ed0ece08: receive RaftClientReply:client-821285EC2D67->9fa9a271-7bed-4435-b477-86c6ed0ece08@group-0E07FAD1B91E, cid=1573, SUCCESS, logIndex=2273, commits[9fa9a271-7bed-4435-b477-86c6ed0ece08:c2274, 06c1a879-4ae3-48dc-9686-b55cde066000:c2270, 67fae1a7-3cbe-4338-9d41-57e84498288b:c2270]
2019-07-10 10:27:28,704 INFO  client.GrpcClientProtocolClient (GrpcClientProtocolClient.java:onNext(255)) - client-821285EC2D67->9fa9a271-7bed-4435-b477-86c6ed0ece08: receive RaftClientReply:client-821285EC2D67->9fa9a271-7bed-4435-b477-86c6ed0ece08@group-0E07FAD1B91E, cid=1574, SUCCESS, logIndex=2274, commits[9fa9a271-7bed-4435-b477-86c6ed0ece08:c2274, 06c1a879-4ae3-48dc-9686-b55cde066000:c2270, 67fae1a7-3cbe-4338-9d41-57e84498288b:c2270]
2019-07-10 10:27:28,708 INFO  client.GrpcClientProtocolClient (GrpcClientProtocolClient.java:onNext(255)) - client-821285EC2D67->9fa9a271-7bed-4435-b477-86c6ed0ece08: receive RaftClientReply:client-821285EC2D67->9fa9a271-7bed-4435-b477-86c6ed0ece08@group-0E07FAD1B91E, cid=1575, SUCCESS, logIndex=0, commits[9fa9a271-7bed-4435-b477-86c6ed0ece08:c2276, 06c1a879-4ae3-48dc-9686-b55cde066000:c2274, 67fae1a7-3cbe-4338-9d41-57e84498288b:c2274]
2019-07-10 10:27:28,738 INFO  client.GrpcClientProtocolClient (GrpcClientProtocolClient.java:onNext(255)) - client-821285EC2D67->9fa9a271-7bed-4435-b477-86c6ed0ece08: receive RaftClientReply:client-821285EC2D67->9fa9a271-7bed-4435-b477-86c6ed0ece08@group-0E07FAD1B91E, cid=1576, SUCCESS, logIndex=2277, commits[9fa9a271-7bed-4435-b477-86c6ed0ece08:c2278, 06c1a879-4ae3-48dc-9686-b55cde066000:c2276, 67fae1a7-3cbe-4338-9d41-57e84498288b:c2274]
2019-07-10 10:27:28,738 INFO  client.GrpcClientProtocolClient (GrpcClientProtocolClient.java:onNext(255)) - client-821285EC2D67->9fa9a271-7bed-4435-b477-86c6ed0ece08: receive RaftClientReply:client-821285EC2D67->9fa9a271-7bed-4435-b477-86c6ed0ece08@group-0E07FAD1B91E, cid=1577, SUCCESS, logIndex=2278, commits[9fa9a271-7bed-4435-b477-86c6ed0ece08:c2278, 06c1a879-4ae3-48dc-9686-b55cde066000:c2276, 67fae1a7-3cbe-4338-9d41-57e84498288b:c2276]
2019-07-10 10:27:28,748 INFO  client.GrpcClientProtocolClient (GrpcClientProtocolClient.java:onNext(255)) - client-821285EC2D67->9fa9a271-7bed-4435-b477-86c6ed0ece08: receive RaftClientReply:client-821285EC2D67->9fa9a271-7bed-4435-b477-86c6ed0ece08@group-0E07FAD1B91E, cid=1578, SUCCESS, logIndex=2279, commits[9fa9a271-7bed-4435-b477-86c6ed0ece08:c2280, 06c1a879-4ae3-48dc-9686-b55cde066000:c2276, 67fae1a7-3cbe-4338-9d41-57e84498288b:c2276]
2019-07-10 10:27:28,748 INFO  client.GrpcClientProtocolClient (GrpcClientProtocolClient.java:onNext(255)) - client-821285EC2D67->9fa9a271-7bed-4435-b477-86c6ed0ece08: receive RaftClientReply:client-821285EC2D67->9fa9a271-7bed-4435-b477-86c6ed0ece08@group-0E07FAD1B91E, cid=1579, SUCCESS, logIndex=2280, commits[9fa9a271-7bed-4435-b477-86c6ed0ece08:c2280, 06c1a879-4ae3-48dc-9686-b55cde066000:c2276, 67fae1a7-3cbe-4338-9d41-57e84498288b:c2276]
2019-07-10 10:27:28,757 INFO  client.GrpcClientProtocolClient (GrpcClientProtocolClient.java:onNext(255)) - client-821285EC2D67->9fa9a271-7bed-4435-b477-86c6ed0ece08: receive RaftClientReply:client-821285EC2D67->9fa9a271-7bed-4435-b477-86c6ed0ece08@group-0E07FAD1B91E, cid=1580, SUCCESS, logIndex=0, commits[9fa9a271-7bed-4435-b477-86c6ed0ece08:c2282, 06c1a879-4ae3-48dc-9686-b55cde066000:c2278, 67fae1a7-3cbe-4338-9d41-57e84498288b:c2278]
2019-07-10 10:27:28,775 INFO  client.GrpcClientProtocolClient (GrpcClientProtocolClient.java:onNext(255)) - client-821285EC2D67->9fa9a271-7bed-4435-b477-86c6ed0ece08: receive RaftClientReply:client-821285EC2D67->9fa9a271-7bed-4435-b477-86c6ed0ece08@group-0E07FAD1B91E, cid=1581, SUCCESS, logIndex=2285, commits[9fa9a271-7bed-4435-b477-86c6ed0ece08:c2285, 06c1a879-4ae3-48dc-9686-b55cde066000:c2284, 67fae1a7-3cbe-4338-9d41-57e84498288b:c2284]
2019-07-10 10:27:28,776 INFO  client.GrpcClientProtocolClient (GrpcClientProtocolClient.java:onNext(255)) - client-821285EC2D67->9fa9a271-7bed-4435-b477-86c6ed0ece08: receive RaftClientReply:client-821285EC2D67->9fa9a271-7bed-4435-b477-86c6ed0ece08@group-0E07FAD1B91E, cid=1582, SUCCESS, logIndex=2286, commits[9fa9a271-7bed-4435-b477-86c6ed0ece08:c2286, 06c1a879-4ae3-48dc-9686-b55cde066000:c2284, 67fae1a7-3cbe-4338-9d41-57e84498288b:c2284]
2019-07-10 10:27:28,789 INFO  client.GrpcClientProtocolClient (GrpcClientProtocolClient.java:onNext(255)) - client-821285EC2D67->9fa9a271-7bed-4435-b477-86c6ed0ece08: receive RaftClientReply:client-821285EC2D67->9fa9a271-7bed-4435-b477-86c6ed0ece08@group-0E07FAD1B91E, cid=1583, SUCCESS, logIndex=2289, commits[9fa9a271-7bed-4435-b477-86c6ed0ece08:c2290, 06c1a879-4ae3-48dc-9686-b55cde066000:c2286, 67fae1a7-3cbe-4338-9d41-57e84498288b:c2285]
2019-07-10 10:27:28,789 INFO  client.GrpcClientProtocolClient (GrpcClientProtocolClient.java:onNext(255)) - client-821285EC2D67->9fa9a271-7bed-4435-b477-86c6ed0ece08: receive RaftClientReply:client-821285EC2D67->9fa9a271-7bed-4435-b477-86c6ed0ece08@group-0E07FAD1B91E, cid=1584, SUCCESS, logIndex=2290, commits[9fa9a271-7bed-4435-b477-86c6ed0ece08:c2290, 06c1a879-4ae3-48dc-9686-b55cde066000:c2286, 67fae1a7-3cbe-4338-9d41-57e84498288b:c2286]
2019-07-10 10:27:28,791 INFO  client.GrpcClientProtocolClient (GrpcClientProtocolClient.java:onNext(255)) - client-821285EC2D67->9fa9a271-7bed-4435-b477-86c6ed0ece08: receive RaftClientReply:client-821285EC2D67->9fa9a271-7bed-4435-b477-86c6ed0ece08@group-0E07FAD1B91E, cid=1585, SUCCESS, logIndex=0, commits[9fa9a271-7bed-4435-b477-86c6ed0ece08:c2292, 06c1a879-4ae3-48dc-9686-b55cde066000:c2290, 67fae1a7-3cbe-4338-9d41-57e84498288b:c2290]
2019-07-10 10:27:28,819 INFO  client.GrpcClientProtocolClient (GrpcClientProtocolClient.java:onNext(255)) - client-821285EC2D67->9fa9a271-7bed-4435-b477-86c6ed0ece08: receive RaftClientReply:client-821285EC2D67->9fa9a271-7bed-4435-b477-86c6ed0ece08@group-0E07FAD1B91E, cid=1586, SUCCESS, logIndex=2293, commits[9fa9a271-7bed-4435-b477-86c6ed0ece08:c2295, 06c1a879-4ae3-48dc-9686-b55cde066000:c2292, 67fae1a7-3cbe-4338-9d41-57e84498288b:c2292]
2019-07-10 10:27:28,820 INFO  client.GrpcClientProtocolClient (GrpcClientProtocolClient.java:onNext(255)) - client-821285EC2D67->9fa9a271-7bed-4435-b477-86c6ed0ece08: receive RaftClientReply:client-821285EC2D67->9fa9a271-7bed-4435-b477-86c6ed0ece08@group-0E07FAD1B91E, cid=1587, SUCCESS, logIndex=2294, commits[9fa9a271-7bed-4435-b477-86c6ed0ece08:c2296, 06c1a879-4ae3-48dc-9686-b55cde066000:c2292, 67fae1a7-3cbe-4338-9d41-57e84498288b:c2292]
2019-07-10 10:27:28,820 INFO  client.GrpcClientProtocolClient (GrpcClientProtocolClient.java:onNext(255)) - client-821285EC2D67->9fa9a271-7bed-4435-b477-86c6ed0ece08: receive RaftClientReply:client-821285EC2D67->9fa9a271-7bed-4435-b477-86c6ed0ece08@group-0E07FAD1B91E, cid=1588, SUCCESS, logIndex=2295, commits[9fa9a271-7bed-4435-b477-86c6ed0ece08:c2297, 06c1a879-4ae3-48dc-9686-b55cde066000:c2293, 67fae1a7-3cbe-4338-9d41-57e84498288b:c2292]
2019-07-10 10:27:28,820 INFO  client.GrpcClientProtocolClient (GrpcClientProtocolClient.java:onNext(255)) - client-821285EC2D67->9fa9a271-7bed-4435-b477-86c6ed0ece08: receive RaftClientReply:client-821285EC2D67->9fa9a271-7bed-4435-b477-86c6ed0ece08@group-0E07FAD1B91E, cid=1589, SUCCESS, logIndex=2296, commits[9fa9a271-7bed-4435-b477-86c6ed0ece08:c2298, 06c1a879-4ae3-48dc-9686-b55cde066000:c2294, 67fae1a7-3cbe-4338-9d41-57e84498288b:c2292]
2019-07-10 10:27:28,822 INFO  client.GrpcClientProtocolClient (GrpcClientProtocolClient.java:onNext(255)) - client-821285EC2D67->9fa9a271-7bed-4435-b477-86c6ed0ece08: receive RaftClientReply:client-821285EC2D67->9fa9a271-7bed-4435-b477-86c6ed0ece08@group-0E07FAD1B91E, cid=1590, SUCCESS, logIndex=0, commits[9fa9a271-7bed-4435-b477-86c6ed0ece08:c2298, 06c1a879-4ae3-48dc-9686-b55cde066000:c2294, 67fae1a7-3cbe-4338-9d41-57e84498288b:c2294]
2019-07-10 10:27:28,834 INFO  client.GrpcClientProtocolClient (GrpcClientProtocolClient.java:onNext(255)) - client-821285EC2D67->9fa9a271-7bed-4435-b477-86c6ed0ece08: receive RaftClientReply:client-821285EC2D67->9fa9a271-7bed-4435-b477-86c6ed0ece08@group-0E07FAD1B91E, cid=1591, SUCCESS, logIndex=2301, commits[9fa9a271-7bed-4435-b477-86c6ed0ece08:c2302, 06c1a879-4ae3-48dc-9686-b55cde066000:c2300, 67fae1a7-3cbe-4338-9d41-57e84498288b:c2296]
2019-07-10 10:27:28,834 INFO  client.GrpcClientProtocolClient (GrpcClientProtocolClient.java:onNext(255)) - client-821285EC2D67->9fa9a271-7bed-4435-b477-86c6ed0ece08: receive RaftClientReply:client-821285EC2D67->9fa9a271-7bed-4435-b477-86c6ed0ece08@group-0E07FAD1B91E, cid=1592, SUCCESS, logIndex=2302, commits[9fa9a271-7bed-4435-b477-86c6ed0ece08:c2302, 06c1a879-4ae3-48dc-9686-b55cde066000:c2300, 67fae1a7-3cbe-4338-9d41-57e84498288b:c2300]
2019-07-10 10:27:28,853 INFO  client.GrpcClientProtocolClient (GrpcClientProtocolClient.java:onNext(255)) - client-821285EC2D67->9fa9a271-7bed-4435-b477-86c6ed0ece08: receive RaftClientReply:client-821285EC2D67->9fa9a271-7bed-4435-b477-86c6ed0ece08@group-0E07FAD1B91E, cid=1593, SUCCESS, logIndex=2305, commits[9fa9a271-7bed-4435-b477-86c6ed0ece08:c2306, 06c1a879-4ae3-48dc-9686-b55cde066000:c2304, 67fae1a7-3cbe-4338-9d41-57e84498288b:c2304]
2019-07-10 10:27:28,853 INFO  client.GrpcClientProtocolClient (GrpcClientProtocolClient.java:onNext(255)) - client-821285EC2D67->9fa9a271-7bed-4435-b477-86c6ed0ece08: receive RaftClientReply:client-821285EC2D67->9fa9a271-7bed-4435-b477-86c6ed0ece08@group-0E07FAD1B91E, cid=1594, SUCCESS, logIndex=2306, commits[9fa9a271-7bed-4435-b477-86c6ed0ece08:c2306, 06c1a879-4ae3-48dc-9686-b55cde066000:c2304, 67fae1a7-3cbe-4338-9d41-57e84498288b:c2304]
2019-07-10 10:27:28,857 INFO  client.GrpcClientProtocolClient (GrpcClientProtocolClient.java:onNext(255)) - client-821285EC2D67->9fa9a271-7bed-4435-b477-86c6ed0ece08: receive RaftClientReply:client-821285EC2D67->9fa9a271-7bed-4435-b477-86c6ed0ece08@group-0E07FAD1B91E, cid=1595, SUCCESS, logIndex=0, commits[9fa9a271-7bed-4435-b477-86c6ed0ece08:c2307, 06c1a879-4ae3-48dc-9686-b55cde066000:c2306, 67fae1a7-3cbe-4338-9d41-57e84498288b:c2306]
2019-07-10 10:27:28,876 INFO  client.GrpcClientProtocolClient (GrpcClientProtocolClient.java:onNext(255)) - client-821285EC2D67->9fa9a271-7bed-4435-b477-86c6ed0ece08: receive RaftClientReply:client-821285EC2D67->9fa9a271-7bed-4435-b477-86c6ed0ece08@group-0E07FAD1B91E, cid=1596, SUCCESS, logIndex=2309, commits[9fa9a271-7bed-4435-b477-86c6ed0ece08:c2310, 06c1a879-4ae3-48dc-9686-b55cde066000:c2306, 67fae1a7-3cbe-4338-9d41-57e84498288b:c2308]
2019-07-10 10:27:28,877 INFO  client.GrpcClientProtocolClient (GrpcClientProtocolClient.java:onNext(255)) - client-821285EC2D67->9fa9a271-7bed-4435-b477-86c6ed0ece08: receive RaftClientReply:client-821285EC2D67->9fa9a271-7bed-4435-b477-86c6ed0ece08@group-0E07FAD1B91E, cid=1597, SUCCESS, logIndex=2310, commits[9fa9a271-7bed-4435-b477-86c6ed0ece08:c2310, 06c1a879-4ae3-48dc-9686-b55cde066000:c2306, 67fae1a7-3cbe-4338-9d41-57e84498288b:c2308]
2019-07-10 10:27:28,878 INFO  client.GrpcClientProtocolClient (GrpcClientProtocolClient.java:onNext(255)) - client-821285EC2D67->9fa9a271-7bed-4435-b477-86c6ed0ece08: receive RaftClientReply:client-821285EC2D67->9fa9a271-7bed-4435-b477-86c6ed0ece08@group-0E07FAD1B91E, cid=1598, SUCCESS, logIndex=2311, commits[9fa9a271-7bed-4435-b477-86c6ed0ece08:c2312, 06c1a879-4ae3-48dc-9686-b55cde066000:c2308, 67fae1a7-3cbe-4338-9d41-57e84498288b:c2308]
2019-07-10 10:27:28,878 INFO  client.GrpcClientProtocolClient (GrpcClientProtocolClient.java:onNext(255)) - client-821285EC2D67->9fa9a271-7bed-4435-b477-86c6ed0ece08: receive RaftClientReply:client-821285EC2D67->9fa9a271-7bed-4435-b477-86c6ed0ece08@group-0E07FAD1B91E, cid=1599, SUCCESS, logIndex=2312, commits[9fa9a271-7bed-4435-b477-86c6ed0ece08:c2312, 06c1a879-4ae3-48dc-9686-b55cde066000:c2308, 67fae1a7-3cbe-4338-9d41-57e84498288b:c2308]
2019-07-10 10:27:28,880 INFO  client.GrpcClientProtocolClient (GrpcClientProtocolClient.java:onNext(255)) - client-821285EC2D67->9fa9a271-7bed-4435-b477-86c6ed0ece08: receive RaftClientReply:client-821285EC2D67->9fa9a271-7bed-4435-b477-86c6ed0ece08@group-0E07FAD1B91E, cid=1600, SUCCESS, logIndex=0, commits[9fa9a271-7bed-4435-b477-86c6ed0ece08:c2313, 06c1a879-4ae3-48dc-9686-b55cde066000:c2310, 67fae1a7-3cbe-4338-9d41-57e84498288b:c2310]
2019-07-10 10:27:28,897 INFO  client.GrpcClientProtocolClient (GrpcClientProtocolClient.java:onNext(255)) - client-821285EC2D67->9fa9a271-7bed-4435-b477-86c6ed0ece08: receive RaftClientReply:client-821285EC2D67->9fa9a271-7bed-4435-b477-86c6ed0ece08@group-0E07FAD1B91E, cid=1601, SUCCESS, logIndex=2317, commits[9fa9a271-7bed-4435-b477-86c6ed0ece08:c2318, 06c1a879-4ae3-48dc-9686-b55cde066000:c2316, 67fae1a7-3cbe-4338-9d41-57e84498288b:c2316]
2019-07-10 10:27:28,897 INFO  client.GrpcClientProtocolClient (GrpcClientProtocolClient.java:onNext(255)) - client-821285EC2D67->9fa9a271-7bed-4435-b477-86c6ed0ece08: receive RaftClientReply:client-821285EC2D67->9fa9a271-7bed-4435-b477-86c6ed0ece08@group-0E07FAD1B91E, cid=1602, SUCCESS, logIndex=2318, commits[9fa9a271-7bed-4435-b477-86c6ed0ece08:c2318, 06c1a879-4ae3-48dc-9686-b55cde066000:c2316, 67fae1a7-3cbe-4338-9d41-57e84498288b:c2316]
2019-07-10 10:27:28,917 INFO  client.GrpcClientProtocolClient (GrpcClientProtocolClient.java:onNext(255)) - client-821285EC2D67->9fa9a271-7bed-4435-b477-86c6ed0ece08: receive RaftClientReply:client-821285EC2D67->9fa9a271-7bed-4435-b477-86c6ed0ece08@group-0E07FAD1B91E, cid=1603, SUCCESS, logIndex=2321, commits[9fa9a271-7bed-4435-b477-86c6ed0ece08:c2322, 06c1a879-4ae3-48dc-9686-b55cde066000:c2318, 67fae1a7-3cbe-4338-9d41-57e84498288b:c2318]
2019-07-10 10:27:28,917 INFO  client.GrpcClientProtocolClient (GrpcClientProtocolClient.java:onNext(255)) - client-821285EC2D67->9fa9a271-7bed-4435-b477-86c6ed0ece08: receive RaftClientReply:client-821285EC2D67->9fa9a271-7bed-4435-b477-86c6ed0ece08@group-0E07FAD1B91E, cid=1604, SUCCESS, logIndex=2322, commits[9fa9a271-7bed-4435-b477-86c6ed0ece08:c2322, 06c1a879-4ae3-48dc-9686-b55cde066000:c2318, 67fae1a7-3cbe-4338-9d41-57e84498288b:c2318]
2019-07-10 10:27:28,930 INFO  client.GrpcClientProtocolClient (GrpcClientProtocolClient.java:onNext(255)) - client-821285EC2D67->9fa9a271-7bed-4435-b477-86c6ed0ece08: receive RaftClientReply:client-821285EC2D67->9fa9a271-7bed-4435-b477-86c6ed0ece08@group-0E07FAD1B91E, cid=1605, SUCCESS, logIndex=0, commits[9fa9a271-7bed-4435-b477-86c6ed0ece08:c2323, 06c1a879-4ae3-48dc-9686-b55cde066000:c2322, 67fae1a7-3cbe-4338-9d41-57e84498288b:c2322]
 0.00% |█                                                                                                    |  0/1 Time: 0:00:092019-07-10 10:27:29,089 INFO  client.GrpcClientProtocolClient (GrpcClientProtocolClient.java:onNext(255)) - client-821285EC2D67->9fa9a271-7bed-4435-b477-86c6ed0ece08: receive RaftClientReply:client-821285EC2D67->9fa9a271-7bed-4435-b477-86c6ed0ece08@group-0E07FAD1B91E, cid=1606, SUCCESS, logIndex=2325, commits[9fa9a271-7bed-4435-b477-86c6ed0ece08:c2326, 06c1a879-4ae3-48dc-9686-b55cde066000:c2324, 67fae1a7-3cbe-4338-9d41-57e84498288b:c2324]
2019-07-10 10:27:29,090 INFO  client.GrpcClientProtocolClient (GrpcClientProtocolClient.java:onNext(255)) - client-821285EC2D67->9fa9a271-7bed-4435-b477-86c6ed0ece08: receive RaftClientReply:client-821285EC2D67->9fa9a271-7bed-4435-b477-86c6ed0ece08@group-0E07FAD1B91E, cid=1607, SUCCESS, logIndex=2326, commits[9fa9a271-7bed-4435-b477-86c6ed0ece08:c2326, 06c1a879-4ae3-48dc-9686-b55cde066000:c2324, 67fae1a7-3cbe-4338-9d41-57e84498288b:c2324]
2019-07-10 10:27:29,092 INFO  client.GrpcClientProtocolClient (GrpcClientProtocolClient.java:onNext(255)) - client-821285EC2D67->9fa9a271-7bed-4435-b477-86c6ed0ece08: receive RaftClientReply:client-821285EC2D67->9fa9a271-7bed-4435-b477-86c6ed0ece08@group-0E07FAD1B91E, cid=1608, SUCCESS, logIndex=2327, commits[9fa9a271-7bed-4435-b477-86c6ed0ece08:c2328, 06c1a879-4ae3-48dc-9686-b55cde066000:c2324, 67fae1a7-3cbe-4338-9d41-57e84498288b:c2324]
2019-07-10 10:27:29,092 INFO  client.GrpcClientProtocolClient (GrpcClientProtocolClient.java:onNext(255)) - client-821285EC2D67->9fa9a271-7bed-4435-b477-86c6ed0ece08: receive RaftClientReply:client-821285EC2D67->9fa9a271-7bed-4435-b477-86c6ed0ece08@group-0E07FAD1B91E, cid=1609, SUCCESS, logIndex=2328, commits[9fa9a271-7bed-4435-b477-86c6ed0ece08:c2328, 06c1a879-4ae3-48dc-9686-b55cde066000:c2324, 67fae1a7-3cbe-4338-9d41-57e84498288b:c2324]
2019-07-10 10:27:29,094 INFO  client.GrpcClientProtocolClient (GrpcClientProtocolClient.java:onNext(255)) - client-821285EC2D67->9fa9a271-7bed-4435-b477-86c6ed0ece08: receive RaftClientReply:client-821285EC2D67->9fa9a271-7bed-4435-b477-86c6ed0ece08@group-0E07FAD1B91E, cid=1610, SUCCESS, logIndex=0, commits[9fa9a271-7bed-4435-b477-86c6ed0ece08:c2329, 06c1a879-4ae3-48dc-9686-b55cde066000:c2326, 67fae1a7-3cbe-4338-9d41-57e84498288b:c2326]
2019-07-10 10:27:29,115 INFO  client.GrpcClientProtocolClient (GrpcClientProtocolClient.java:onNext(255)) - client-821285EC2D67->9fa9a271-7bed-4435-b477-86c6ed0ece08: receive RaftClientReply:client-821285EC2D67->9fa9a271-7bed-4435-b477-86c6ed0ece08@group-0E07FAD1B91E, cid=1611, SUCCESS, logIndex=2333, commits[9fa9a271-7bed-4435-b477-86c6ed0ece08:c2334, 06c1a879-4ae3-48dc-9686-b55cde066000:c2332, 67fae1a7-3cbe-4338-9d41-57e84498288b:c2332]
2019-07-10 10:27:29,115 INFO  client.GrpcClientProtocolClient (GrpcClientProtocolClient.java:onNext(255)) - client-821285EC2D67->9fa9a271-7bed-4435-b477-86c6ed0ece08: receive RaftClientReply:client-821285EC2D67->9fa9a271-7bed-4435-b477-86c6ed0ece08@group-0E07FAD1B91E, cid=1612, SUCCESS, logIndex=2334, commits[9fa9a271-7bed-4435-b477-86c6ed0ece08:c2334, 06c1a879-4ae3-48dc-9686-b55cde066000:c2332, 67fae1a7-3cbe-4338-9d41-57e84498288b:c2332]
2019-07-10 10:27:29,129 INFO  client.GrpcClientProtocolClient (GrpcClientProtocolClient.java:onNext(255)) - client-821285EC2D67->9fa9a271-7bed-4435-b477-86c6ed0ece08: receive RaftClientReply:client-821285EC2D67->9fa9a271-7bed-4435-b477-86c6ed0ece08@group-0E07FAD1B91E, cid=1613, SUCCESS, logIndex=2337, commits[9fa9a271-7bed-4435-b477-86c6ed0ece08:c2338, 06c1a879-4ae3-48dc-9686-b55cde066000:c2334, 67fae1a7-3cbe-4338-9d41-57e84498288b:c2334]
2019-07-10 10:27:29,129 INFO  client.GrpcClientProtocolClient (GrpcClientProtocolClient.java:onNext(255)) - client-821285EC2D67->9fa9a271-7bed-4435-b477-86c6ed0ece08: receive RaftClientReply:client-821285EC2D67->9fa9a271-7bed-4435-b477-86c6ed0ece08@group-0E07FAD1B91E, cid=1614, SUCCESS, logIndex=2338, commits[9fa9a271-7bed-4435-b477-86c6ed0ece08:c2338, 06c1a879-4ae3-48dc-9686-b55cde066000:c2334, 67fae1a7-3cbe-4338-9d41-57e84498288b:c2334]
2019-07-10 10:27:29,133 INFO  client.GrpcClientProtocolClient (GrpcClientProtocolClient.java:onNext(255)) - client-821285EC2D67->9fa9a271-7bed-4435-b477-86c6ed0ece08: receive RaftClientReply:client-821285EC2D67->9fa9a271-7bed-4435-b477-86c6ed0ece08@group-0E07FAD1B91E, cid=1615, SUCCESS, logIndex=0, commits[9fa9a271-7bed-4435-b477-86c6ed0ece08:c2339, 06c1a879-4ae3-48dc-9686-b55cde066000:c2338, 67fae1a7-3cbe-4338-9d41-57e84498288b:c2338]
2019-07-10 10:27:29,160 INFO  client.GrpcClientProtocolClient (GrpcClientProtocolClient.java:onNext(255)) - client-821285EC2D67->9fa9a271-7bed-4435-b477-86c6ed0ece08: receive RaftClientReply:client-821285EC2D67->9fa9a271-7bed-4435-b477-86c6ed0ece08@group-0E07FAD1B91E, cid=1616, SUCCESS, logIndex=2341, commits[9fa9a271-7bed-4435-b477-86c6ed0ece08:c2342, 06c1a879-4ae3-48dc-9686-b55cde066000:c2340, 67fae1a7-3cbe-4338-9d41-57e84498288b:c2340]
2019-07-10 10:27:29,161 INFO  client.GrpcClientProtocolClient (GrpcClientProtocolClient.java:onNext(255)) - client-821285EC2D67->9fa9a271-7bed-4435-b477-86c6ed0ece08: receive RaftClientReply:client-821285EC2D67->9fa9a271-7bed-4435-b477-86c6ed0ece08@group-0E07FAD1B91E, cid=1617, SUCCESS, logIndex=2342, commits[9fa9a271-7bed-4435-b477-86c6ed0ece08:c2344, 06c1a879-4ae3-48dc-9686-b55cde066000:c2340, 67fae1a7-3cbe-4338-9d41-57e84498288b:c2340]
2019-07-10 10:27:29,161 INFO  client.GrpcClientProtocolClient (GrpcClientProtocolClient.java:onNext(255)) - client-821285EC2D67->9fa9a271-7bed-4435-b477-86c6ed0ece08: receive RaftClientReply:client-821285EC2D67->9fa9a271-7bed-4435-b477-86c6ed0ece08@group-0E07FAD1B91E, cid=1618, SUCCESS, logIndex=2343, commits[9fa9a271-7bed-4435-b477-86c6ed0ece08:c2344, 06c1a879-4ae3-48dc-9686-b55cde066000:c2340, 67fae1a7-3cbe-4338-9d41-57e84498288b:c2340]
2019-07-10 10:27:29,161 INFO  client.GrpcClientProtocolClient (GrpcClientProtocolClient.java:onNext(255)) - client-821285EC2D67->9fa9a271-7bed-4435-b477-86c6ed0ece08: receive RaftClientReply:client-821285EC2D67->9fa9a271-7bed-4435-b477-86c6ed0ece08@group-0E07FAD1B91E, cid=1619, SUCCESS, logIndex=2344, commits[9fa9a271-7bed-4435-b477-86c6ed0ece08:c2344, 06c1a879-4ae3-48dc-9686-b55cde066000:c2340, 67fae1a7-3cbe-4338-9d41-57e84498288b:c2340]
2019-07-10 10:27:29,163 INFO  client.GrpcClientProtocolClient (GrpcClientProtocolClient.java:onNext(255)) - client-821285EC2D67->9fa9a271-7bed-4435-b477-86c6ed0ece08: receive RaftClientReply:client-821285EC2D67->9fa9a271-7bed-4435-b477-86c6ed0ece08@group-0E07FAD1B91E, cid=1620, SUCCESS, logIndex=0, commits[9fa9a271-7bed-4435-b477-86c6ed0ece08:c2348, 06c1a879-4ae3-48dc-9686-b55cde066000:c2344, 67fae1a7-3cbe-4338-9d41-57e84498288b:c2342]
2019-07-10 10:27:29,182 INFO  client.GrpcClientProtocolClient (GrpcClientProtocolClient.java:onNext(255)) - client-821285EC2D67->9fa9a271-7bed-4435-b477-86c6ed0ece08: receive RaftClientReply:client-821285EC2D67->9fa9a271-7bed-4435-b477-86c6ed0ece08@group-0E07FAD1B91E, cid=1621, SUCCESS, logIndex=2349, commits[9fa9a271-7bed-4435-b477-86c6ed0ece08:c2350, 06c1a879-4ae3-48dc-9686-b55cde066000:c2348, 67fae1a7-3cbe-4338-9d41-57e84498288b:c2348]
2019-07-10 10:27:29,182 INFO  client.GrpcClientProtocolClient (GrpcClientProtocolClient.java:onNext(255)) - client-821285EC2D67->9fa9a271-7bed-4435-b477-86c6ed0ece08: receive RaftClientReply:client-821285EC2D67->9fa9a271-7bed-4435-b477-86c6ed0ece08@group-0E07FAD1B91E, cid=1622, SUCCESS, logIndex=2350, commits[9fa9a271-7bed-4435-b477-86c6ed0ece08:c2350, 06c1a879-4ae3-48dc-9686-b55cde066000:c2348, 67fae1a7-3cbe-4338-9d41-57e84498288b:c2348]
2019-07-10 10:27:29,195 INFO  client.GrpcClientProtocolClient (GrpcClientProtocolClient.java:onNext(255)) - client-821285EC2D67->9fa9a271-7bed-4435-b477-86c6ed0ece08: receive RaftClientReply:client-821285EC2D67->9fa9a271-7bed-4435-b477-86c6ed0ece08@group-0E07FAD1B91E, cid=1623, SUCCESS, logIndex=2353, commits[9fa9a271-7bed-4435-b477-86c6ed0ece08:c2354, 06c1a879-4ae3-48dc-9686-b55cde066000:c2350, 67fae1a7-3cbe-4338-9d41-57e84498288b:c2350]
2019-07-10 10:27:29,196 INFO  client.GrpcClientProtocolClient (GrpcClientProtocolClient.java:onNext(255)) - client-821285EC2D67->9fa9a271-7bed-4435-b477-86c6ed0ece08: receive RaftClientReply:client-821285EC2D67->9fa9a271-7bed-4435-b477-86c6ed0ece08@group-0E07FAD1B91E, cid=1624, SUCCESS, logIndex=2354, commits[9fa9a271-7bed-4435-b477-86c6ed0ece08:c2354, 06c1a879-4ae3-48dc-9686-b55cde066000:c2350, 67fae1a7-3cbe-4338-9d41-57e84498288b:c2350]
2019-07-10 10:27:29,205 INFO  client.GrpcClientProtocolClient (GrpcClientProtocolClient.java:onNext(255)) - client-821285EC2D67->9fa9a271-7bed-4435-b477-86c6ed0ece08: receive RaftClientReply:client-821285EC2D67->9fa9a271-7bed-4435-b477-86c6ed0ece08@group-0E07FAD1B91E, cid=1625, SUCCESS, logIndex=0, commits[9fa9a271-7bed-4435-b477-86c6ed0ece08:c2355, 06c1a879-4ae3-48dc-9686-b55cde066000:c2354, 67fae1a7-3cbe-4338-9d41-57e84498288b:c2354]
2019-07-10 10:27:29,232 INFO  client.GrpcClientProtocolClient (GrpcClientProtocolClient.java:onNext(255)) - client-821285EC2D67->9fa9a271-7bed-4435-b477-86c6ed0ece08: receive RaftClientReply:client-821285EC2D67->9fa9a271-7bed-4435-b477-86c6ed0ece08@group-0E07FAD1B91E, cid=1626, SUCCESS, logIndex=2357, commits[9fa9a271-7bed-4435-b477-86c6ed0ece08:c2358, 06c1a879-4ae3-48dc-9686-b55cde066000:c2356, 67fae1a7-3cbe-4338-9d41-57e84498288b:c2356]
2019-07-10 10:27:29,233 INFO  client.GrpcClientProtocolClient (GrpcClientProtocolClient.java:onNext(255)) - client-821285EC2D67->9fa9a271-7bed-4435-b477-86c6ed0ece08: receive RaftClientReply:client-821285EC2D67->9fa9a271-7bed-4435-b477-86c6ed0ece08@group-0E07FAD1B91E, cid=1627, SUCCESS, logIndex=2358, commits[9fa9a271-7bed-4435-b477-86c6ed0ece08:c2360, 06c1a879-4ae3-48dc-9686-b55cde066000:c2356, 67fae1a7-3cbe-4338-9d41-57e84498288b:c2356]
2019-07-10 10:27:29,233 INFO  client.GrpcClientProtocolClient (GrpcClientProtocolClient.java:onNext(255)) - client-821285EC2D67->9fa9a271-7bed-4435-b477-86c6ed0ece08: receive RaftClientReply:client-821285EC2D67->9fa9a271-7bed-4435-b477-86c6ed0ece08@group-0E07FAD1B91E, cid=1628, SUCCESS, logIndex=2359, commits[9fa9a271-7bed-4435-b477-86c6ed0ece08:c2360, 06c1a879-4ae3-48dc-9686-b55cde066000:c2356, 67fae1a7-3cbe-4338-9d41-57e84498288b:c2356]
2019-07-10 10:27:29,233 INFO  client.GrpcClientProtocolClient (GrpcClientProtocolClient.java:onNext(255)) - client-821285EC2D67->9fa9a271-7bed-4435-b477-86c6ed0ece08: receive RaftClientReply:client-821285EC2D67->9fa9a271-7bed-4435-b477-86c6ed0ece08@group-0E07FAD1B91E, cid=1629, SUCCESS, logIndex=2360, commits[9fa9a271-7bed-4435-b477-86c6ed0ece08:c2360, 06c1a879-4ae3-48dc-9686-b55cde066000:c2356, 67fae1a7-3cbe-4338-9d41-57e84498288b:c2356]
2019-07-10 10:27:29,235 INFO  client.GrpcClientProtocolClient (GrpcClientProtocolClient.java:onNext(255)) - client-821285EC2D67->9fa9a271-7bed-4435-b477-86c6ed0ece08: receive RaftClientReply:client-821285EC2D67->9fa9a271-7bed-4435-b477-86c6ed0ece08@group-0E07FAD1B91E, cid=1630, SUCCESS, logIndex=0, commits[9fa9a271-7bed-4435-b477-86c6ed0ece08:c2364, 06c1a879-4ae3-48dc-9686-b55cde066000:c2358, 67fae1a7-3cbe-4338-9d41-57e84498288b:c2360]
2019-07-10 10:27:29,255 INFO  client.GrpcClientProtocolClient (GrpcClientProtocolClient.java:onNext(255)) - client-821285EC2D67->9fa9a271-7bed-4435-b477-86c6ed0ece08: receive RaftClientReply:client-821285EC2D67->9fa9a271-7bed-4435-b477-86c6ed0ece08@group-0E07FAD1B91E, cid=1631, SUCCESS, logIndex=2365, commits[9fa9a271-7bed-4435-b477-86c6ed0ece08:c2366, 06c1a879-4ae3-48dc-9686-b55cde066000:c2364, 67fae1a7-3cbe-4338-9d41-57e84498288b:c2364]
2019-07-10 10:27:29,256 INFO  client.GrpcClientProtocolClient (GrpcClientProtocolClient.java:onNext(255)) - client-821285EC2D67->9fa9a271-7bed-4435-b477-86c6ed0ece08: receive RaftClientReply:client-821285EC2D67->9fa9a271-7bed-4435-b477-86c6ed0ece08@group-0E07FAD1B91E, cid=1632, SUCCESS, logIndex=2366, commits[9fa9a271-7bed-4435-b477-86c6ed0ece08:c2366, 06c1a879-4ae3-48dc-9686-b55cde066000:c2364, 67fae1a7-3cbe-4338-9d41-57e84498288b:c2364]
2019-07-10 10:27:29,267 INFO  client.GrpcClientProtocolClient (GrpcClientProtocolClient.java:onNext(255)) - client-821285EC2D67->9fa9a271-7bed-4435-b477-86c6ed0ece08: receive RaftClientReply:client-821285EC2D67->9fa9a271-7bed-4435-b477-86c6ed0ece08@group-0E07FAD1B91E, cid=1633, SUCCESS, logIndex=2369, commits[9fa9a271-7bed-4435-b477-86c6ed0ece08:c2370, 06c1a879-4ae3-48dc-9686-b55cde066000:c2366, 67fae1a7-3cbe-4338-9d41-57e84498288b:c2366]
2019-07-10 10:27:29,267 INFO  client.GrpcClientProtocolClient (GrpcClientProtocolClient.java:onNext(255)) - client-821285EC2D67->9fa9a271-7bed-4435-b477-86c6ed0ece08: receive RaftClientReply:client-821285EC2D67->9fa9a271-7bed-4435-b477-86c6ed0ece08@group-0E07FAD1B91E, cid=1634, SUCCESS, logIndex=2370, commits[9fa9a271-7bed-4435-b477-86c6ed0ece08:c2370, 06c1a879-4ae3-48dc-9686-b55cde066000:c2366, 67fae1a7-3cbe-4338-9d41-57e84498288b:c2366]
2019-07-10 10:27:29,269 INFO  client.GrpcClientProtocolClient (GrpcClientProtocolClient.java:onNext(255)) - client-821285EC2D67->9fa9a271-7bed-4435-b477-86c6ed0ece08: receive RaftClientReply:client-821285EC2D67->9fa9a271-7bed-4435-b477-86c6ed0ece08@group-0E07FAD1B91E, cid=1635, SUCCESS, logIndex=0, commits[9fa9a271-7bed-4435-b477-86c6ed0ece08:c2372, 06c1a879-4ae3-48dc-9686-b55cde066000:c2370, 67fae1a7-3cbe-4338-9d41-57e84498288b:c2370]
2019-07-10 10:27:29,294 INFO  client.GrpcClientProtocolClient (GrpcClientProtocolClient.java:onNext(255)) - client-821285EC2D67->9fa9a271-7bed-4435-b477-86c6ed0ece08: receive RaftClientReply:client-821285EC2D67->9fa9a271-7bed-4435-b477-86c6ed0ece08@group-0E07FAD1B91E, cid=1636, SUCCESS, logIndex=2373, commits[9fa9a271-7bed-4435-b477-86c6ed0ece08:c2373, 06c1a879-4ae3-48dc-9686-b55cde066000:c2372, 67fae1a7-3cbe-4338-9d41-57e84498288b:c2372]
2019-07-10 10:27:29,294 INFO  client.GrpcClientProtocolClient (GrpcClientProtocolClient.java:onNext(255)) - client-821285EC2D67->9fa9a271-7bed-4435-b477-86c6ed0ece08: receive RaftClientReply:client-821285EC2D67->9fa9a271-7bed-4435-b477-86c6ed0ece08@group-0E07FAD1B91E, cid=1637, SUCCESS, logIndex=2374, commits[9fa9a271-7bed-4435-b477-86c6ed0ece08:c2374, 06c1a879-4ae3-48dc-9686-b55cde066000:c2372, 67fae1a7-3cbe-4338-9d41-57e84498288b:c2372]
2019-07-10 10:27:29,296 INFO  client.GrpcClientProtocolClient (GrpcClientProtocolClient.java:onNext(255)) - client-821285EC2D67->9fa9a271-7bed-4435-b477-86c6ed0ece08: receive RaftClientReply:client-821285EC2D67->9fa9a271-7bed-4435-b477-86c6ed0ece08@group-0E07FAD1B91E, cid=1638, SUCCESS, logIndex=2375, commits[9fa9a271-7bed-4435-b477-86c6ed0ece08:c2376, 06c1a879-4ae3-48dc-9686-b55cde066000:c2372, 67fae1a7-3cbe-4338-9d41-57e84498288b:c2372]
2019-07-10 10:27:29,296 INFO  client.GrpcClientProtocolClient (GrpcClientProtocolClient.java:onNext(255)) - client-821285EC2D67->9fa9a271-7bed-4435-b477-86c6ed0ece08: receive RaftClientReply:client-821285EC2D67->9fa9a271-7bed-4435-b477-86c6ed0ece08@group-0E07FAD1B91E, cid=1639, SUCCESS, logIndex=2376, commits[9fa9a271-7bed-4435-b477-86c6ed0ece08:c2376, 06c1a879-4ae3-48dc-9686-b55cde066000:c2372, 67fae1a7-3cbe-4338-9d41-57e84498288b:c2372]
2019-07-10 10:27:29,306 INFO  client.GrpcClientProtocolClient (GrpcClientProtocolClient.java:onNext(255)) - client-821285EC2D67->9fa9a271-7bed-4435-b477-86c6ed0ece08: receive RaftClientReply:client-821285EC2D67->9fa9a271-7bed-4435-b477-86c6ed0ece08@group-0E07FAD1B91E, cid=1640, SUCCESS, logIndex=0, commits[9fa9a271-7bed-4435-b477-86c6ed0ece08:c2378, 06c1a879-4ae3-48dc-9686-b55cde066000:c2374, 67fae1a7-3cbe-4338-9d41-57e84498288b:c2374]
2019-07-10 10:27:29,323 INFO  client.GrpcClientProtocolClient (GrpcClientProtocolClient.java:onNext(255)) - client-821285EC2D67->9fa9a271-7bed-4435-b477-86c6ed0ece08: receive RaftClientReply:client-821285EC2D67->9fa9a271-7bed-4435-b477-86c6ed0ece08@group-0E07FAD1B91E, cid=1641, SUCCESS, logIndex=2381, commits[9fa9a271-7bed-4435-b477-86c6ed0ece08:c2382, 06c1a879-4ae3-48dc-9686-b55cde066000:c2380, 67fae1a7-3cbe-4338-9d41-57e84498288b:c2380]
2019-07-10 10:27:29,323 INFO  client.GrpcClientProtocolClient (GrpcClientProtocolClient.java:onNext(255)) - client-821285EC2D67->9fa9a271-7bed-4435-b477-86c6ed0ece08: receive RaftClientReply:client-821285EC2D67->9fa9a271-7bed-4435-b477-86c6ed0ece08@group-0E07FAD1B91E, cid=1642, SUCCESS, logIndex=2382, commits[9fa9a271-7bed-4435-b477-86c6ed0ece08:c2382, 06c1a879-4ae3-48dc-9686-b55cde066000:c2380, 67fae1a7-3cbe-4338-9d41-57e84498288b:c2380]
2019-07-10 10:27:29,335 INFO  client.GrpcClientProtocolClient (GrpcClientProtocolClient.java:onNext(255)) - client-821285EC2D67->9fa9a271-7bed-4435-b477-86c6ed0ece08: receive RaftClientReply:client-821285EC2D67->9fa9a271-7bed-4435-b477-86c6ed0ece08@group-0E07FAD1B91E, cid=1643, SUCCESS, logIndex=2385, commits[9fa9a271-7bed-4435-b477-86c6ed0ece08:c2385, 06c1a879-4ae3-48dc-9686-b55cde066000:c2382, 67fae1a7-3cbe-4338-9d41-57e84498288b:c2382]
2019-07-10 10:27:29,335 INFO  client.GrpcClientProtocolClient (GrpcClientProtocolClient.java:onNext(255)) - client-821285EC2D67->9fa9a271-7bed-4435-b477-86c6ed0ece08: receive RaftClientReply:client-821285EC2D67->9fa9a271-7bed-4435-b477-86c6ed0ece08@group-0E07FAD1B91E, cid=1644, SUCCESS, logIndex=2386, commits[9fa9a271-7bed-4435-b477-86c6ed0ece08:c2386, 06c1a879-4ae3-48dc-9686-b55cde066000:c2382, 67fae1a7-3cbe-4338-9d41-57e84498288b:c2382]
2019-07-10 10:27:29,347 INFO  client.GrpcClientProtocolClient (GrpcClientProtocolClient.java:onNext(255)) - client-821285EC2D67->9fa9a271-7bed-4435-b477-86c6ed0ece08: receive RaftClientReply:client-821285EC2D67->9fa9a271-7bed-4435-b477-86c6ed0ece08@group-0E07FAD1B91E, cid=1645, SUCCESS, logIndex=0, commits[9fa9a271-7bed-4435-b477-86c6ed0ece08:c2388, 06c1a879-4ae3-48dc-9686-b55cde066000:c2386, 67fae1a7-3cbe-4338-9d41-57e84498288b:c2386]
2019-07-10 10:27:29,367 INFO  client.GrpcClientProtocolClient (GrpcClientProtocolClient.java:onNext(255)) - client-821285EC2D67->9fa9a271-7bed-4435-b477-86c6ed0ece08: receive RaftClientReply:client-821285EC2D67->9fa9a271-7bed-4435-b477-86c6ed0ece08@group-0E07FAD1B91E, cid=1646, SUCCESS, logIndex=2389, commits[9fa9a271-7bed-4435-b477-86c6ed0ece08:c2390, 06c1a879-4ae3-48dc-9686-b55cde066000:c2386, 67fae1a7-3cbe-4338-9d41-57e84498288b:c2388]
2019-07-10 10:27:29,368 INFO  client.GrpcClientProtocolClient (GrpcClientProtocolClient.java:onNext(255)) - client-821285EC2D67->9fa9a271-7bed-4435-b477-86c6ed0ece08: receive RaftClientReply:client-821285EC2D67->9fa9a271-7bed-4435-b477-86c6ed0ece08@group-0E07FAD1B91E, cid=1647, SUCCESS, logIndex=2390, commits[9fa9a271-7bed-4435-b477-86c6ed0ece08:c2390, 06c1a879-4ae3-48dc-9686-b55cde066000:c2388, 67fae1a7-3cbe-4338-9d41-57e84498288b:c2388]
2019-07-10 10:27:29,368 INFO  client.GrpcClientProtocolClient (GrpcClientProtocolClient.java:onNext(255)) - client-821285EC2D67->9fa9a271-7bed-4435-b477-86c6ed0ece08: receive RaftClientReply:client-821285EC2D67->9fa9a271-7bed-4435-b477-86c6ed0ece08@group-0E07FAD1B91E, cid=1648, SUCCESS, logIndex=2391, commits[9fa9a271-7bed-4435-b477-86c6ed0ece08:c2392, 06c1a879-4ae3-48dc-9686-b55cde066000:c2388, 67fae1a7-3cbe-4338-9d41-57e84498288b:c2388]
2019-07-10 10:27:29,368 INFO  client.GrpcClientProtocolClient (GrpcClientProtocolClient.java:onNext(255)) - client-821285EC2D67->9fa9a271-7bed-4435-b477-86c6ed0ece08: receive RaftClientReply:client-821285EC2D67->9fa9a271-7bed-4435-b477-86c6ed0ece08@group-0E07FAD1B91E, cid=1649, SUCCESS, logIndex=2392, commits[9fa9a271-7bed-4435-b477-86c6ed0ece08:c2392, 06c1a879-4ae3-48dc-9686-b55cde066000:c2388, 67fae1a7-3cbe-4338-9d41-57e84498288b:c2388]
2019-07-10 10:27:29,369 INFO  client.GrpcClientProtocolClient (GrpcClientProtocolClient.java:onNext(255)) - client-821285EC2D67->9fa9a271-7bed-4435-b477-86c6ed0ece08: receive RaftClientReply:client-821285EC2D67->9fa9a271-7bed-4435-b477-86c6ed0ece08@group-0E07FAD1B91E, cid=1650, SUCCESS, logIndex=0, commits[9fa9a271-7bed-4435-b477-86c6ed0ece08:c2393, 06c1a879-4ae3-48dc-9686-b55cde066000:c2390, 67fae1a7-3cbe-4338-9d41-57e84498288b:c2390]
2019-07-10 10:27:29,387 INFO  client.GrpcClientProtocolClient (GrpcClientProtocolClient.java:onNext(255)) - client-821285EC2D67->9fa9a271-7bed-4435-b477-86c6ed0ece08: receive RaftClientReply:client-821285EC2D67->9fa9a271-7bed-4435-b477-86c6ed0ece08@group-0E07FAD1B91E, cid=1651, SUCCESS, logIndex=2397, commits[9fa9a271-7bed-4435-b477-86c6ed0ece08:c2398, 06c1a879-4ae3-48dc-9686-b55cde066000:c2396, 67fae1a7-3cbe-4338-9d41-57e84498288b:c2396]
2019-07-10 10:27:29,388 INFO  client.GrpcClientProtocolClient (GrpcClientProtocolClient.java:onNext(255)) - client-821285EC2D67->9fa9a271-7bed-4435-b477-86c6ed0ece08: receive RaftClientReply:client-821285EC2D67->9fa9a271-7bed-4435-b477-86c6ed0ece08@group-0E07FAD1B91E, cid=1652, SUCCESS, logIndex=2398, commits[9fa9a271-7bed-4435-b477-86c6ed0ece08:c2398, 06c1a879-4ae3-48dc-9686-b55cde066000:c2396, 67fae1a7-3cbe-4338-9d41-57e84498288b:c2396]
2019-07-10 10:27:29,405 INFO  client.GrpcClientProtocolClient (GrpcClientProtocolClient.java:onNext(255)) - client-821285EC2D67->9fa9a271-7bed-4435-b477-86c6ed0ece08: receive RaftClientReply:client-821285EC2D67->9fa9a271-7bed-4435-b477-86c6ed0ece08@group-0E07FAD1B91E, cid=1653, SUCCESS, logIndex=2401, commits[9fa9a271-7bed-4435-b477-86c6ed0ece08:c2402, 06c1a879-4ae3-48dc-9686-b55cde066000:c2400, 67fae1a7-3cbe-4338-9d41-57e84498288b:c2400]
2019-07-10 10:27:29,406 INFO  client.GrpcClientProtocolClient (GrpcClientProtocolClient.java:onNext(255)) - client-821285EC2D67->9fa9a271-7bed-4435-b477-86c6ed0ece08: receive RaftClientReply:client-821285EC2D67->9fa9a271-7bed-4435-b477-86c6ed0ece08@group-0E07FAD1B91E, cid=1654, SUCCESS, logIndex=2402, commits[9fa9a271-7bed-4435-b477-86c6ed0ece08:c2402, 06c1a879-4ae3-48dc-9686-b55cde066000:c2400, 67fae1a7-3cbe-4338-9d41-57e84498288b:c2400]
2019-07-10 10:27:29,416 INFO  client.GrpcClientProtocolClient (GrpcClientProtocolClient.java:onNext(255)) - client-821285EC2D67->9fa9a271-7bed-4435-b477-86c6ed0ece08: receive RaftClientReply:client-821285EC2D67->9fa9a271-7bed-4435-b477-86c6ed0ece08@group-0E07FAD1B91E, cid=1655, SUCCESS, logIndex=0, commits[9fa9a271-7bed-4435-b477-86c6ed0ece08:c2403, 06c1a879-4ae3-48dc-9686-b55cde066000:c2402, 67fae1a7-3cbe-4338-9d41-57e84498288b:c2402]
2019-07-10 10:27:29,441 INFO  client.GrpcClientProtocolClient (GrpcClientProtocolClient.java:onNext(255)) - client-821285EC2D67->9fa9a271-7bed-4435-b477-86c6ed0ece08: receive RaftClientReply:client-821285EC2D67->9fa9a271-7bed-4435-b477-86c6ed0ece08@group-0E07FAD1B91E, cid=1656, SUCCESS, logIndex=2405, commits[9fa9a271-7bed-4435-b477-86c6ed0ece08:c2406, 06c1a879-4ae3-48dc-9686-b55cde066000:c2404, 67fae1a7-3cbe-4338-9d41-57e84498288b:c2404]
2019-07-10 10:27:29,442 INFO  client.GrpcClientProtocolClient (GrpcClientProtocolClient.java:onNext(255)) - client-821285EC2D67->9fa9a271-7bed-4435-b477-86c6ed0ece08: receive RaftClientReply:client-821285EC2D67->9fa9a271-7bed-4435-b477-86c6ed0ece08@group-0E07FAD1B91E, cid=1657, SUCCESS, logIndex=2406, commits[9fa9a271-7bed-4435-b477-86c6ed0ece08:c2408, 06c1a879-4ae3-48dc-9686-b55cde066000:c2404, 67fae1a7-3cbe-4338-9d41-57e84498288b:c2404]
2019-07-10 10:27:29,442 INFO  client.GrpcClientProtocolClient (GrpcClientProtocolClient.java:onNext(255)) - client-821285EC2D67->9fa9a271-7bed-4435-b477-86c6ed0ece08: receive RaftClientReply:client-821285EC2D67->9fa9a271-7bed-4435-b477-86c6ed0ece08@group-0E07FAD1B91E, cid=1658, SUCCESS, logIndex=2407, commits[9fa9a271-7bed-4435-b477-86c6ed0ece08:c2408, 06c1a879-4ae3-48dc-9686-b55cde066000:c2404, 67fae1a7-3cbe-4338-9d41-57e84498288b:c2404]
2019-07-10 10:27:29,442 INFO  client.GrpcClientProtocolClient (GrpcClientProtocolClient.java:onNext(255)) - client-821285EC2D67->9fa9a271-7bed-4435-b477-86c6ed0ece08: receive RaftClientReply:client-821285EC2D67->9fa9a271-7bed-4435-b477-86c6ed0ece08@group-0E07FAD1B91E, cid=1659, SUCCESS, logIndex=2408, commits[9fa9a271-7bed-4435-b477-86c6ed0ece08:c2408, 06c1a879-4ae3-48dc-9686-b55cde066000:c2404, 67fae1a7-3cbe-4338-9d41-57e84498288b:c2404]
2019-07-10 10:27:29,444 INFO  client.GrpcClientProtocolClient (GrpcClientProtocolClient.java:onNext(255)) - client-821285EC2D67->9fa9a271-7bed-4435-b477-86c6ed0ece08: receive RaftClientReply:client-821285EC2D67->9fa9a271-7bed-4435-b477-86c6ed0ece08@group-0E07FAD1B91E, cid=1660, SUCCESS, logIndex=0, commits[9fa9a271-7bed-4435-b477-86c6ed0ece08:c2412, 06c1a879-4ae3-48dc-9686-b55cde066000:c2408, 67fae1a7-3cbe-4338-9d41-57e84498288b:c2406]
2019-07-10 10:27:29,464 INFO  client.GrpcClientProtocolClient (GrpcClientProtocolClient.java:onNext(255)) - client-821285EC2D67->9fa9a271-7bed-4435-b477-86c6ed0ece08: receive RaftClientReply:client-821285EC2D67->9fa9a271-7bed-4435-b477-86c6ed0ece08@group-0E07FAD1B91E, cid=1661, SUCCESS, logIndex=2413, commits[9fa9a271-7bed-4435-b477-86c6ed0ece08:c2414, 06c1a879-4ae3-48dc-9686-b55cde066000:c2412, 67fae1a7-3cbe-4338-9d41-57e84498288b:c2412]
2019-07-10 10:27:29,464 INFO  client.GrpcClientProtocolClient (GrpcClientProtocolClient.java:onNext(255)) - client-821285EC2D67->9fa9a271-7bed-4435-b477-86c6ed0ece08: receive RaftClientReply:client-821285EC2D67->9fa9a271-7bed-4435-b477-86c6ed0ece08@group-0E07FAD1B91E, cid=1662, SUCCESS, logIndex=2414, commits[9fa9a271-7bed-4435-b477-86c6ed0ece08:c2414, 06c1a879-4ae3-48dc-9686-b55cde066000:c2412, 67fae1a7-3cbe-4338-9d41-57e84498288b:c2412]
2019-07-10 10:27:29,481 INFO  client.GrpcClientProtocolClient (GrpcClientProtocolClient.java:onNext(255)) - client-821285EC2D67->9fa9a271-7bed-4435-b477-86c6ed0ece08: receive RaftClientReply:client-821285EC2D67->9fa9a271-7bed-4435-b477-86c6ed0ece08@group-0E07FAD1B91E, cid=1663, SUCCESS, logIndex=2417, commits[9fa9a271-7bed-4435-b477-86c6ed0ece08:c2418, 06c1a879-4ae3-48dc-9686-b55cde066000:c2416, 67fae1a7-3cbe-4338-9d41-57e84498288b:c2416]
2019-07-10 10:27:29,481 INFO  client.GrpcClientProtocolClient (GrpcClientProtocolClient.java:onNext(255)) - client-821285EC2D67->9fa9a271-7bed-4435-b477-86c6ed0ece08: receive RaftClientReply:client-821285EC2D67->9fa9a271-7bed-4435-b477-86c6ed0ece08@group-0E07FAD1B91E, cid=1664, SUCCESS, logIndex=2418, commits[9fa9a271-7bed-4435-b477-86c6ed0ece08:c2418, 06c1a879-4ae3-48dc-9686-b55cde066000:c2416, 67fae1a7-3cbe-4338-9d41-57e84498288b:c2416]
2019-07-10 10:27:29,486 INFO  client.GrpcClientProtocolClient (GrpcClientProtocolClient.java:onNext(255)) - client-821285EC2D67->9fa9a271-7bed-4435-b477-86c6ed0ece08: receive RaftClientReply:client-821285EC2D67->9fa9a271-7bed-4435-b477-86c6ed0ece08@group-0E07FAD1B91E, cid=1665, SUCCESS, logIndex=0, commits[9fa9a271-7bed-4435-b477-86c6ed0ece08:c2420, 06c1a879-4ae3-48dc-9686-b55cde066000:c2418, 67fae1a7-3cbe-4338-9d41-57e84498288b:c2418]
2019-07-10 10:27:29,504 INFO  client.GrpcClientProtocolClient (GrpcClientProtocolClient.java:onNext(255)) - client-821285EC2D67->9fa9a271-7bed-4435-b477-86c6ed0ece08: receive RaftClientReply:client-821285EC2D67->9fa9a271-7bed-4435-b477-86c6ed0ece08@group-0E07FAD1B91E, cid=1666, SUCCESS, logIndex=2421, commits[9fa9a271-7bed-4435-b477-86c6ed0ece08:c2422, 06c1a879-4ae3-48dc-9686-b55cde066000:c2420, 67fae1a7-3cbe-4338-9d41-57e84498288b:c2418]
2019-07-10 10:27:29,505 INFO  client.GrpcClientProtocolClient (GrpcClientProtocolClient.java:onNext(255)) - client-821285EC2D67->9fa9a271-7bed-4435-b477-86c6ed0ece08: receive RaftClientReply:client-821285EC2D67->9fa9a271-7bed-4435-b477-86c6ed0ece08@group-0E07FAD1B91E, cid=1667, SUCCESS, logIndex=2422, commits[9fa9a271-7bed-4435-b477-86c6ed0ece08:c2422, 06c1a879-4ae3-48dc-9686-b55cde066000:c2420, 67fae1a7-3cbe-4338-9d41-57e84498288b:c2418]
2019-07-10 10:27:29,507 INFO  client.GrpcClientProtocolClient (GrpcClientProtocolClient.java:onNext(255)) - client-821285EC2D67->9fa9a271-7bed-4435-b477-86c6ed0ece08: receive RaftClientReply:client-821285EC2D67->9fa9a271-7bed-4435-b477-86c6ed0ece08@group-0E07FAD1B91E, cid=1668, SUCCESS, logIndex=2423, commits[9fa9a271-7bed-4435-b477-86c6ed0ece08:c2423, 06c1a879-4ae3-48dc-9686-b55cde066000:c2420, 67fae1a7-3cbe-4338-9d41-57e84498288b:c2420]
2019-07-10 10:27:29,507 INFO  client.GrpcClientProtocolClient (GrpcClientProtocolClient.java:onNext(255)) - client-821285EC2D67->9fa9a271-7bed-4435-b477-86c6ed0ece08: receive RaftClientReply:client-821285EC2D67->9fa9a271-7bed-4435-b477-86c6ed0ece08@group-0E07FAD1B91E, cid=1669, SUCCESS, logIndex=2424, commits[9fa9a271-7bed-4435-b477-86c6ed0ece08:c2424, 06c1a879-4ae3-48dc-9686-b55cde066000:c2420, 67fae1a7-3cbe-4338-9d41-57e84498288b:c2420]
2019-07-10 10:27:29,509 INFO  client.GrpcClientProtocolClient (GrpcClientProtocolClient.java:onNext(255)) - client-821285EC2D67->9fa9a271-7bed-4435-b477-86c6ed0ece08: receive RaftClientReply:client-821285EC2D67->9fa9a271-7bed-4435-b477-86c6ed0ece08@group-0E07FAD1B91E, cid=1670, SUCCESS, logIndex=0, commits[9fa9a271-7bed-4435-b477-86c6ed0ece08:c2426, 06c1a879-4ae3-48dc-9686-b55cde066000:c2422, 67fae1a7-3cbe-4338-9d41-57e84498288b:c2422]
2019-07-10 10:27:29,526 INFO  client.GrpcClientProtocolClient (GrpcClientProtocolClient.java:onNext(255)) - client-821285EC2D67->9fa9a271-7bed-4435-b477-86c6ed0ece08: receive RaftClientReply:client-821285EC2D67->9fa9a271-7bed-4435-b477-86c6ed0ece08@group-0E07FAD1B91E, cid=1671, SUCCESS, logIndex=2429, commits[9fa9a271-7bed-4435-b477-86c6ed0ece08:c2430, 06c1a879-4ae3-48dc-9686-b55cde066000:c2428, 67fae1a7-3cbe-4338-9d41-57e84498288b:c2428]
2019-07-10 10:27:29,527 INFO  client.GrpcClientProtocolClient (GrpcClientProtocolClient.java:onNext(255)) - client-821285EC2D67->9fa9a271-7bed-4435-b477-86c6ed0ece08: receive RaftClientReply:client-821285EC2D67->9fa9a271-7bed-4435-b477-86c6ed0ece08@group-0E07FAD1B91E, cid=1672, SUCCESS, logIndex=2430, commits[9fa9a271-7bed-4435-b477-86c6ed0ece08:c2430, 06c1a879-4ae3-48dc-9686-b55cde066000:c2428, 67fae1a7-3cbe-4338-9d41-57e84498288b:c2428]
2019-07-10 10:27:29,538 INFO  client.GrpcClientProtocolClient (GrpcClientProtocolClient.java:onNext(255)) - client-821285EC2D67->9fa9a271-7bed-4435-b477-86c6ed0ece08: receive RaftClientReply:client-821285EC2D67->9fa9a271-7bed-4435-b477-86c6ed0ece08@group-0E07FAD1B91E, cid=1673, SUCCESS, logIndex=2433, commits[9fa9a271-7bed-4435-b477-86c6ed0ece08:c2433, 06c1a879-4ae3-48dc-9686-b55cde066000:c2430, 67fae1a7-3cbe-4338-9d41-57e84498288b:c2430]
2019-07-10 10:27:29,539 INFO  client.GrpcClientProtocolClient (GrpcClientProtocolClient.java:onNext(255)) - client-821285EC2D67->9fa9a271-7bed-4435-b477-86c6ed0ece08: receive RaftClientReply:client-821285EC2D67->9fa9a271-7bed-4435-b477-86c6ed0ece08@group-0E07FAD1B91E, cid=1674, SUCCESS, logIndex=2434, commits[9fa9a271-7bed-4435-b477-86c6ed0ece08:c2434, 06c1a879-4ae3-48dc-9686-b55cde066000:c2430, 67fae1a7-3cbe-4338-9d41-57e84498288b:c2430]
2019-07-10 10:27:29,551 INFO  client.GrpcClientProtocolClient (GrpcClientProtocolClient.java:onNext(255)) - client-821285EC2D67->9fa9a271-7bed-4435-b477-86c6ed0ece08: receive RaftClientReply:client-821285EC2D67->9fa9a271-7bed-4435-b477-86c6ed0ece08@group-0E07FAD1B91E, cid=1675, SUCCESS, logIndex=0, commits[9fa9a271-7bed-4435-b477-86c6ed0ece08:c2436, 06c1a879-4ae3-48dc-9686-b55cde066000:c2434, 67fae1a7-3cbe-4338-9d41-57e84498288b:c2434]
2019-07-10 10:27:29,727 INFO  client.GrpcClientProtocolClient (GrpcClientProtocolClient.java:onNext(255)) - client-821285EC2D67->9fa9a271-7bed-4435-b477-86c6ed0ece08: receive RaftClientReply:client-821285EC2D67->9fa9a271-7bed-4435-b477-86c6ed0ece08@group-0E07FAD1B91E, cid=1676, SUCCESS, logIndex=2437, commits[9fa9a271-7bed-4435-b477-86c6ed0ece08:c2438, 06c1a879-4ae3-48dc-9686-b55cde066000:c2436, 67fae1a7-3cbe-4338-9d41-57e84498288b:c2436]
2019-07-10 10:27:29,728 INFO  client.GrpcClientProtocolClient (GrpcClientProtocolClient.java:onNext(255)) - client-821285EC2D67->9fa9a271-7bed-4435-b477-86c6ed0ece08: receive RaftClientReply:client-821285EC2D67->9fa9a271-7bed-4435-b477-86c6ed0ece08@group-0E07FAD1B91E, cid=1677, SUCCESS, logIndex=2438, commits[9fa9a271-7bed-4435-b477-86c6ed0ece08:c2440, 06c1a879-4ae3-48dc-9686-b55cde066000:c2436, 67fae1a7-3cbe-4338-9d41-57e84498288b:c2436]
2019-07-10 10:27:29,729 INFO  client.GrpcClientProtocolClient (GrpcClientProtocolClient.java:onNext(255)) - client-821285EC2D67->9fa9a271-7bed-4435-b477-86c6ed0ece08: receive RaftClientReply:client-821285EC2D67->9fa9a271-7bed-4435-b477-86c6ed0ece08@group-0E07FAD1B91E, cid=1678, SUCCESS, logIndex=2439, commits[9fa9a271-7bed-4435-b477-86c6ed0ece08:c2440, 06c1a879-4ae3-48dc-9686-b55cde066000:c2436, 67fae1a7-3cbe-4338-9d41-57e84498288b:c2436]
2019-07-10 10:27:29,729 INFO  client.GrpcClientProtocolClient (GrpcClientProtocolClient.java:onNext(255)) - client-821285EC2D67->9fa9a271-7bed-4435-b477-86c6ed0ece08: receive RaftClientReply:client-821285EC2D67->9fa9a271-7bed-4435-b477-86c6ed0ece08@group-0E07FAD1B91E, cid=1679, SUCCESS, logIndex=2440, commits[9fa9a271-7bed-4435-b477-86c6ed0ece08:c2440, 06c1a879-4ae3-48dc-9686-b55cde066000:c2436, 67fae1a7-3cbe-4338-9d41-57e84498288b:c2436]
2019-07-10 10:27:29,731 INFO  client.GrpcClientProtocolClient (GrpcClientProtocolClient.java:onNext(255)) - client-821285EC2D67->9fa9a271-7bed-4435-b477-86c6ed0ece08: receive RaftClientReply:client-821285EC2D67->9fa9a271-7bed-4435-b477-86c6ed0ece08@group-0E07FAD1B91E, cid=1680, SUCCESS, logIndex=0, commits[9fa9a271-7bed-4435-b477-86c6ed0ece08:c2442, 06c1a879-4ae3-48dc-9686-b55cde066000:c2440, 67fae1a7-3cbe-4338-9d41-57e84498288b:c2438]
2019-07-10 10:27:29,753 INFO  client.GrpcClientProtocolClient (GrpcClientProtocolClient.java:onNext(255)) - client-821285EC2D67->9fa9a271-7bed-4435-b477-86c6ed0ece08: receive RaftClientReply:client-821285EC2D67->9fa9a271-7bed-4435-b477-86c6ed0ece08@group-0E07FAD1B91E, cid=1681, SUCCESS, logIndex=2445, commits[9fa9a271-7bed-4435-b477-86c6ed0ece08:c2446, 06c1a879-4ae3-48dc-9686-b55cde066000:c2444, 67fae1a7-3cbe-4338-9d41-57e84498288b:c2444]
2019-07-10 10:27:29,753 INFO  client.GrpcClientProtocolClient (GrpcClientProtocolClient.java:onNext(255)) - client-821285EC2D67->9fa9a271-7bed-4435-b477-86c6ed0ece08: receive RaftClientReply:client-821285EC2D67->9fa9a271-7bed-4435-b477-86c6ed0ece08@group-0E07FAD1B91E, cid=1682, SUCCESS, logIndex=2446, commits[9fa9a271-7bed-4435-b477-86c6ed0ece08:c2446, 06c1a879-4ae3-48dc-9686-b55cde066000:c2444, 67fae1a7-3cbe-4338-9d41-57e84498288b:c2444]
2019-07-10 10:27:29,775 INFO  client.GrpcClientProtocolClient (GrpcClientProtocolClient.java:onNext(255)) - client-821285EC2D67->9fa9a271-7bed-4435-b477-86c6ed0ece08: receive RaftClientReply:client-821285EC2D67->9fa9a271-7bed-4435-b477-86c6ed0ece08@group-0E07FAD1B91E, cid=1683, SUCCESS, logIndex=2449, commits[9fa9a271-7bed-4435-b477-86c6ed0ece08:c2450, 06c1a879-4ae3-48dc-9686-b55cde066000:c2446, 67fae1a7-3cbe-4338-9d41-57e84498288b:c2446]
2019-07-10 10:27:29,776 INFO  client.GrpcClientProtocolClient (GrpcClientProtocolClient.java:onNext(255)) - client-821285EC2D67->9fa9a271-7bed-4435-b477-86c6ed0ece08: receive RaftClientReply:client-821285EC2D67->9fa9a271-7bed-4435-b477-86c6ed0ece08@group-0E07FAD1B91E, cid=1684, SUCCESS, logIndex=2450, commits[9fa9a271-7bed-4435-b477-86c6ed0ece08:c2450, 06c1a879-4ae3-48dc-9686-b55cde066000:c2446, 67fae1a7-3cbe-4338-9d41-57e84498288b:c2446]
2019-07-10 10:27:29,787 INFO  client.GrpcClientProtocolClient (GrpcClientProtocolClient.java:onNext(255)) - client-821285EC2D67->9fa9a271-7bed-4435-b477-86c6ed0ece08: receive RaftClientReply:client-821285EC2D67->9fa9a271-7bed-4435-b477-86c6ed0ece08@group-0E07FAD1B91E, cid=1685, SUCCESS, logIndex=0, commits[9fa9a271-7bed-4435-b477-86c6ed0ece08:c2452, 06c1a879-4ae3-48dc-9686-b55cde066000:c2450, 67fae1a7-3cbe-4338-9d41-57e84498288b:c2450]
2019-07-10 10:27:29,815 INFO  client.GrpcClientProtocolClient (GrpcClientProtocolClient.java:onNext(255)) - client-821285EC2D67->9fa9a271-7bed-4435-b477-86c6ed0ece08: receive RaftClientReply:client-821285EC2D67->9fa9a271-7bed-4435-b477-86c6ed0ece08@group-0E07FAD1B91E, cid=1686, SUCCESS, logIndex=2453, commits[9fa9a271-7bed-4435-b477-86c6ed0ece08:c2454, 06c1a879-4ae3-48dc-9686-b55cde066000:c2452, 67fae1a7-3cbe-4338-9d41-57e84498288b:c2452]
2019-07-10 10:27:29,816 INFO  client.GrpcClientProtocolClient (GrpcClientProtocolClient.java:onNext(255)) - client-821285EC2D67->9fa9a271-7bed-4435-b477-86c6ed0ece08: receive RaftClientReply:client-821285EC2D67->9fa9a271-7bed-4435-b477-86c6ed0ece08@group-0E07FAD1B91E, cid=1687, SUCCESS, logIndex=2454, commits[9fa9a271-7bed-4435-b477-86c6ed0ece08:c2454, 06c1a879-4ae3-48dc-9686-b55cde066000:c2452, 67fae1a7-3cbe-4338-9d41-57e84498288b:c2452]
2019-07-10 10:27:29,816 INFO  client.GrpcClientProtocolClient (GrpcClientProtocolClient.java:onNext(255)) - client-821285EC2D67->9fa9a271-7bed-4435-b477-86c6ed0ece08: receive RaftClientReply:client-821285EC2D67->9fa9a271-7bed-4435-b477-86c6ed0ece08@group-0E07FAD1B91E, cid=1688, SUCCESS, logIndex=2455, commits[9fa9a271-7bed-4435-b477-86c6ed0ece08:c2456, 06c1a879-4ae3-48dc-9686-b55cde066000:c2452, 67fae1a7-3cbe-4338-9d41-57e84498288b:c2452]
2019-07-10 10:27:29,816 INFO  client.GrpcClientProtocolClient (GrpcClientProtocolClient.java:onNext(255)) - client-821285EC2D67->9fa9a271-7bed-4435-b477-86c6ed0ece08: receive RaftClientReply:client-821285EC2D67->9fa9a271-7bed-4435-b477-86c6ed0ece08@group-0E07FAD1B91E, cid=1689, SUCCESS, logIndex=2456, commits[9fa9a271-7bed-4435-b477-86c6ed0ece08:c2456, 06c1a879-4ae3-48dc-9686-b55cde066000:c2452, 67fae1a7-3cbe-4338-9d41-57e84498288b:c2452]
2019-07-10 10:27:29,818 INFO  client.GrpcClientProtocolClient (GrpcClientProtocolClient.java:onNext(255)) - client-821285EC2D67->9fa9a271-7bed-4435-b477-86c6ed0ece08: receive RaftClientReply:client-821285EC2D67->9fa9a271-7bed-4435-b477-86c6ed0ece08@group-0E07FAD1B91E, cid=1690, SUCCESS, logIndex=0, commits[9fa9a271-7bed-4435-b477-86c6ed0ece08:c2458, 06c1a879-4ae3-48dc-9686-b55cde066000:c2454, 67fae1a7-3cbe-4338-9d41-57e84498288b:c2454]
2019-07-10 10:27:29,831 INFO  client.GrpcClientProtocolClient (GrpcClientProtocolClient.java:onNext(255)) - client-821285EC2D67->9fa9a271-7bed-4435-b477-86c6ed0ece08: receive RaftClientReply:client-821285EC2D67->9fa9a271-7bed-4435-b477-86c6ed0ece08@group-0E07FAD1B91E, cid=1691, SUCCESS, logIndex=2461, commits[9fa9a271-7bed-4435-b477-86c6ed0ece08:c2462, 06c1a879-4ae3-48dc-9686-b55cde066000:c2460, 67fae1a7-3cbe-4338-9d41-57e84498288b:c2460]
2019-07-10 10:27:29,831 INFO  client.GrpcClientProtocolClient (GrpcClientProtocolClient.java:onNext(255)) - client-821285EC2D67->9fa9a271-7bed-4435-b477-86c6ed0ece08: receive RaftClientReply:client-821285EC2D67->9fa9a271-7bed-4435-b477-86c6ed0ece08@group-0E07FAD1B91E, cid=1692, SUCCESS, logIndex=2462, commits[9fa9a271-7bed-4435-b477-86c6ed0ece08:c2462, 06c1a879-4ae3-48dc-9686-b55cde066000:c2460, 67fae1a7-3cbe-4338-9d41-57e84498288b:c2460]
2019-07-10 10:27:29,852 INFO  client.GrpcClientProtocolClient (GrpcClientProtocolClient.java:onNext(255)) - client-821285EC2D67->9fa9a271-7bed-4435-b477-86c6ed0ece08: receive RaftClientReply:client-821285EC2D67->9fa9a271-7bed-4435-b477-86c6ed0ece08@group-0E07FAD1B91E, cid=1693, SUCCESS, logIndex=2465, commits[9fa9a271-7bed-4435-b477-86c6ed0ece08:c2466, 06c1a879-4ae3-48dc-9686-b55cde066000:c2462, 67fae1a7-3cbe-4338-9d41-57e84498288b:c2464]
2019-07-10 10:27:29,852 INFO  client.GrpcClientProtocolClient (GrpcClientProtocolClient.java:onNext(255)) - client-821285EC2D67->9fa9a271-7bed-4435-b477-86c6ed0ece08: receive RaftClientReply:client-821285EC2D67->9fa9a271-7bed-4435-b477-86c6ed0ece08@group-0E07FAD1B91E, cid=1694, SUCCESS, logIndex=2466, commits[9fa9a271-7bed-4435-b477-86c6ed0ece08:c2466, 06c1a879-4ae3-48dc-9686-b55cde066000:c2464, 67fae1a7-3cbe-4338-9d41-57e84498288b:c2464]
2019-07-10 10:27:29,853 INFO  client.GrpcClientProtocolClient (GrpcClientProtocolClient.java:onNext(255)) - client-821285EC2D67->9fa9a271-7bed-4435-b477-86c6ed0ece08: receive RaftClientReply:client-821285EC2D67->9fa9a271-7bed-4435-b477-86c6ed0ece08@group-0E07FAD1B91E, cid=1695, SUCCESS, logIndex=0, commits[9fa9a271-7bed-4435-b477-86c6ed0ece08:c2467, 06c1a879-4ae3-48dc-9686-b55cde066000:c2466, 67fae1a7-3cbe-4338-9d41-57e84498288b:c2466]
2019-07-10 10:27:29,916 INFO  client.GrpcClientProtocolClient (GrpcClientProtocolClient.java:onNext(255)) - client-821285EC2D67->9fa9a271-7bed-4435-b477-86c6ed0ece08: receive RaftClientReply:client-821285EC2D67->9fa9a271-7bed-4435-b477-86c6ed0ece08@group-0E07FAD1B91E, cid=1696, SUCCESS, logIndex=2469, commits[9fa9a271-7bed-4435-b477-86c6ed0ece08:c2470, 06c1a879-4ae3-48dc-9686-b55cde066000:c2468, 67fae1a7-3cbe-4338-9d41-57e84498288b:c2468]
2019-07-10 10:27:29,916 INFO  client.GrpcClientProtocolClient (GrpcClientProtocolClient.java:onNext(255)) - client-821285EC2D67->9fa9a271-7bed-4435-b477-86c6ed0ece08: receive RaftClientReply:client-821285EC2D67->9fa9a271-7bed-4435-b477-86c6ed0ece08@group-0E07FAD1B91E, cid=1697, SUCCESS, logIndex=2470, commits[9fa9a271-7bed-4435-b477-86c6ed0ece08:c2471, 06c1a879-4ae3-48dc-9686-b55cde066000:c2468, 67fae1a7-3cbe-4338-9d41-57e84498288b:c2468]
2019-07-10 10:27:29,917 INFO  client.GrpcClientProtocolClient (GrpcClientProtocolClient.java:onNext(255)) - client-821285EC2D67->9fa9a271-7bed-4435-b477-86c6ed0ece08: receive RaftClientReply:client-821285EC2D67->9fa9a271-7bed-4435-b477-86c6ed0ece08@group-0E07FAD1B91E, cid=1698, SUCCESS, logIndex=2471, commits[9fa9a271-7bed-4435-b477-86c6ed0ece08:c2472, 06c1a879-4ae3-48dc-9686-b55cde066000:c2468, 67fae1a7-3cbe-4338-9d41-57e84498288b:c2468]
2019-07-10 10:27:29,917 INFO  client.GrpcClientProtocolClient (GrpcClientProtocolClient.java:onNext(255)) - client-821285EC2D67->9fa9a271-7bed-4435-b477-86c6ed0ece08: receive RaftClientReply:client-821285EC2D67->9fa9a271-7bed-4435-b477-86c6ed0ece08@group-0E07FAD1B91E, cid=1699, SUCCESS, logIndex=2472, commits[9fa9a271-7bed-4435-b477-86c6ed0ece08:c2472, 06c1a879-4ae3-48dc-9686-b55cde066000:c2468, 67fae1a7-3cbe-4338-9d41-57e84498288b:c2468]
2019-07-10 10:27:29,920 INFO  client.GrpcClientProtocolClient (GrpcClientProtocolClient.java:onNext(255)) - client-821285EC2D67->9fa9a271-7bed-4435-b477-86c6ed0ece08: receive RaftClientReply:client-821285EC2D67->9fa9a271-7bed-4435-b477-86c6ed0ece08@group-0E07FAD1B91E, cid=1700, SUCCESS, logIndex=0, commits[9fa9a271-7bed-4435-b477-86c6ed0ece08:c2474, 06c1a879-4ae3-48dc-9686-b55cde066000:c2470, 67fae1a7-3cbe-4338-9d41-57e84498288b:c2470]
2019-07-10 10:27:29,943 INFO  client.GrpcClientProtocolClient (GrpcClientProtocolClient.java:onNext(255)) - client-821285EC2D67->9fa9a271-7bed-4435-b477-86c6ed0ece08: receive RaftClientReply:client-821285EC2D67->9fa9a271-7bed-4435-b477-86c6ed0ece08@group-0E07FAD1B91E, cid=1701, SUCCESS, logIndex=2477, commits[9fa9a271-7bed-4435-b477-86c6ed0ece08:c2478, 06c1a879-4ae3-48dc-9686-b55cde066000:c2476, 67fae1a7-3cbe-4338-9d41-57e84498288b:c2476]
2019-07-10 10:27:29,944 INFO  client.GrpcClientProtocolClient (GrpcClientProtocolClient.java:onNext(255)) - client-821285EC2D67->9fa9a271-7bed-4435-b477-86c6ed0ece08: receive RaftClientReply:client-821285EC2D67->9fa9a271-7bed-4435-b477-86c6ed0ece08@group-0E07FAD1B91E, cid=1702, SUCCESS, logIndex=2478, commits[9fa9a271-7bed-4435-b477-86c6ed0ece08:c2478, 06c1a879-4ae3-48dc-9686-b55cde066000:c2476, 67fae1a7-3cbe-4338-9d41-57e84498288b:c2476]
2019-07-10 10:27:29,967 INFO  client.GrpcClientProtocolClient (GrpcClientProtocolClient.java:onNext(255)) - client-821285EC2D67->9fa9a271-7bed-4435-b477-86c6ed0ece08: receive RaftClientReply:client-821285EC2D67->9fa9a271-7bed-4435-b477-86c6ed0ece08@group-0E07FAD1B91E, cid=1703, SUCCESS, logIndex=2481, commits[9fa9a271-7bed-4435-b477-86c6ed0ece08:c2482, 06c1a879-4ae3-48dc-9686-b55cde066000:c2478, 67fae1a7-3cbe-4338-9d41-57e84498288b:c2478]
2019-07-10 10:27:29,968 INFO  client.GrpcClientProtocolClient (GrpcClientProtocolClient.java:onNext(255)) - client-821285EC2D67->9fa9a271-7bed-4435-b477-86c6ed0ece08: receive RaftClientReply:client-821285EC2D67->9fa9a271-7bed-4435-b477-86c6ed0ece08@group-0E07FAD1B91E, cid=1704, SUCCESS, logIndex=2482, commits[9fa9a271-7bed-4435-b477-86c6ed0ece08:c2482, 06c1a879-4ae3-48dc-9686-b55cde066000:c2478, 67fae1a7-3cbe-4338-9d41-57e84498288b:c2478]
2019-07-10 10:27:29,971 INFO  client.GrpcClientProtocolClient (GrpcClientProtocolClient.java:onNext(255)) - client-821285EC2D67->9fa9a271-7bed-4435-b477-86c6ed0ece08: receive RaftClientReply:client-821285EC2D67->9fa9a271-7bed-4435-b477-86c6ed0ece08@group-0E07FAD1B91E, cid=1705, SUCCESS, logIndex=0, commits[9fa9a271-7bed-4435-b477-86c6ed0ece08:c2483, 06c1a879-4ae3-48dc-9686-b55cde066000:c2482, 67fae1a7-3cbe-4338-9d41-57e84498288b:c2482]
2019-07-10 10:27:30,001 INFO  client.GrpcClientProtocolClient (GrpcClientProtocolClient.java:onNext(255)) - client-821285EC2D67->9fa9a271-7bed-4435-b477-86c6ed0ece08: receive RaftClientReply:client-821285EC2D67->9fa9a271-7bed-4435-b477-86c6ed0ece08@group-0E07FAD1B91E, cid=1706, SUCCESS, logIndex=2485, commits[9fa9a271-7bed-4435-b477-86c6ed0ece08:c2486, 06c1a879-4ae3-48dc-9686-b55cde066000:c2484, 67fae1a7-3cbe-4338-9d41-57e84498288b:c2484]
2019-07-10 10:27:30,002 INFO  client.GrpcClientProtocolClient (GrpcClientProtocolClient.java:onNext(255)) - client-821285EC2D67->9fa9a271-7bed-4435-b477-86c6ed0ece08: receive RaftClientReply:client-821285EC2D67->9fa9a271-7bed-4435-b477-86c6ed0ece08@group-0E07FAD1B91E, cid=1707, SUCCESS, logIndex=2486, commits[9fa9a271-7bed-4435-b477-86c6ed0ece08:c2488, 06c1a879-4ae3-48dc-9686-b55cde066000:c2484, 67fae1a7-3cbe-4338-9d41-57e84498288b:c2484]
2019-07-10 10:27:30,002 INFO  client.GrpcClientProtocolClient (GrpcClientProtocolClient.java:onNext(255)) - client-821285EC2D67->9fa9a271-7bed-4435-b477-86c6ed0ece08: receive RaftClientReply:client-821285EC2D67->9fa9a271-7bed-4435-b477-86c6ed0ece08@group-0E07FAD1B91E, cid=1708, SUCCESS, logIndex=2487, commits[9fa9a271-7bed-4435-b477-86c6ed0ece08:c2488, 06c1a879-4ae3-48dc-9686-b55cde066000:c2484, 67fae1a7-3cbe-4338-9d41-57e84498288b:c2484]
2019-07-10 10:27:30,003 INFO  client.GrpcClientProtocolClient (GrpcClientProtocolClient.java:onNext(255)) - client-821285EC2D67->9fa9a271-7bed-4435-b477-86c6ed0ece08: receive RaftClientReply:client-821285EC2D67->9fa9a271-7bed-4435-b477-86c6ed0ece08@group-0E07FAD1B91E, cid=1709, SUCCESS, logIndex=2488, commits[9fa9a271-7bed-4435-b477-86c6ed0ece08:c2488, 06c1a879-4ae3-48dc-9686-b55cde066000:c2484, 67fae1a7-3cbe-4338-9d41-57e84498288b:c2485]
2019-07-10 10:27:30,013 INFO  client.GrpcClientProtocolClient (GrpcClientProtocolClient.java:onNext(255)) - client-821285EC2D67->9fa9a271-7bed-4435-b477-86c6ed0ece08: receive RaftClientReply:client-821285EC2D67->9fa9a271-7bed-4435-b477-86c6ed0ece08@group-0E07FAD1B91E, cid=1710, SUCCESS, logIndex=0, commits[9fa9a271-7bed-4435-b477-86c6ed0ece08:c2490, 06c1a879-4ae3-48dc-9686-b55cde066000:c2486, 67fae1a7-3cbe-4338-9d41-57e84498288b:c2486]
2019-07-10 10:27:30,027 INFO  client.GrpcClientProtocolClient (GrpcClientProtocolClient.java:onNext(255)) - client-821285EC2D67->9fa9a271-7bed-4435-b477-86c6ed0ece08: receive RaftClientReply:client-821285EC2D67->9fa9a271-7bed-4435-b477-86c6ed0ece08@group-0E07FAD1B91E, cid=1711, SUCCESS, logIndex=2493, commits[9fa9a271-7bed-4435-b477-86c6ed0ece08:c2494, 06c1a879-4ae3-48dc-9686-b55cde066000:c2492, 67fae1a7-3cbe-4338-9d41-57e84498288b:c2492]
2019-07-10 10:27:30,028 INFO  client.GrpcClientProtocolClient (GrpcClientProtocolClient.java:onNext(255)) - client-821285EC2D67->9fa9a271-7bed-4435-b477-86c6ed0ece08: receive RaftClientReply:client-821285EC2D67->9fa9a271-7bed-4435-b477-86c6ed0ece08@group-0E07FAD1B91E, cid=1712, SUCCESS, logIndex=2494, commits[9fa9a271-7bed-4435-b477-86c6ed0ece08:c2494, 06c1a879-4ae3-48dc-9686-b55cde066000:c2492, 67fae1a7-3cbe-4338-9d41-57e84498288b:c2492]
2019-07-10 10:27:30,051 INFO  client.GrpcClientProtocolClient (GrpcClientProtocolClient.java:onNext(255)) - client-821285EC2D67->9fa9a271-7bed-4435-b477-86c6ed0ece08: receive RaftClientReply:client-821285EC2D67->9fa9a271-7bed-4435-b477-86c6ed0ece08@group-0E07FAD1B91E, cid=1713, SUCCESS, logIndex=2497, commits[9fa9a271-7bed-4435-b477-86c6ed0ece08:c2498, 06c1a879-4ae3-48dc-9686-b55cde066000:c2496, 67fae1a7-3cbe-4338-9d41-57e84498288b:c2496]
2019-07-10 10:27:30,051 INFO  client.GrpcClientProtocolClient (GrpcClientProtocolClient.java:onNext(255)) - client-821285EC2D67->9fa9a271-7bed-4435-b477-86c6ed0ece08: receive RaftClientReply:client-821285EC2D67->9fa9a271-7bed-4435-b477-86c6ed0ece08@group-0E07FAD1B91E, cid=1714, SUCCESS, logIndex=2498, commits[9fa9a271-7bed-4435-b477-86c6ed0ece08:c2498, 06c1a879-4ae3-48dc-9686-b55cde066000:c2496, 67fae1a7-3cbe-4338-9d41-57e84498288b:c2496]
2019-07-10 10:27:30,062 INFO  client.GrpcClientProtocolClient (GrpcClientProtocolClient.java:onNext(255)) - client-821285EC2D67->9fa9a271-7bed-4435-b477-86c6ed0ece08: receive RaftClientReply:client-821285EC2D67->9fa9a271-7bed-4435-b477-86c6ed0ece08@group-0E07FAD1B91E, cid=1715, SUCCESS, logIndex=0, commits[9fa9a271-7bed-4435-b477-86c6ed0ece08:c2500, 06c1a879-4ae3-48dc-9686-b55cde066000:c2498, 67fae1a7-3cbe-4338-9d41-57e84498288b:c2498]
 0.00% |█                                                                                                    |  0/1 Time: 0:00:102019-07-10 10:27:30,095 INFO  client.GrpcClientProtocolClient (GrpcClientProtocolClient.java:onNext(255)) - client-821285EC2D67->9fa9a271-7bed-4435-b477-86c6ed0ece08: receive RaftClientReply:client-821285EC2D67->9fa9a271-7bed-4435-b477-86c6ed0ece08@group-0E07FAD1B91E, cid=1716, SUCCESS, logIndex=2501, commits[9fa9a271-7bed-4435-b477-86c6ed0ece08:c2502, 06c1a879-4ae3-48dc-9686-b55cde066000:c2500, 67fae1a7-3cbe-4338-9d41-57e84498288b:c2500]
2019-07-10 10:27:30,095 INFO  client.GrpcClientProtocolClient (GrpcClientProtocolClient.java:onNext(255)) - client-821285EC2D67->9fa9a271-7bed-4435-b477-86c6ed0ece08: receive RaftClientReply:client-821285EC2D67->9fa9a271-7bed-4435-b477-86c6ed0ece08@group-0E07FAD1B91E, cid=1717, SUCCESS, logIndex=2502, commits[9fa9a271-7bed-4435-b477-86c6ed0ece08:c2504, 06c1a879-4ae3-48dc-9686-b55cde066000:c2500, 67fae1a7-3cbe-4338-9d41-57e84498288b:c2500]
2019-07-10 10:27:30,096 INFO  client.GrpcClientProtocolClient (GrpcClientProtocolClient.java:onNext(255)) - client-821285EC2D67->9fa9a271-7bed-4435-b477-86c6ed0ece08: receive RaftClientReply:client-821285EC2D67->9fa9a271-7bed-4435-b477-86c6ed0ece08@group-0E07FAD1B91E, cid=1718, SUCCESS, logIndex=2503, commits[9fa9a271-7bed-4435-b477-86c6ed0ece08:c2504, 06c1a879-4ae3-48dc-9686-b55cde066000:c2500, 67fae1a7-3cbe-4338-9d41-57e84498288b:c2500]
2019-07-10 10:27:30,096 INFO  client.GrpcClientProtocolClient (GrpcClientProtocolClient.java:onNext(255)) - client-821285EC2D67->9fa9a271-7bed-4435-b477-86c6ed0ece08: receive RaftClientReply:client-821285EC2D67->9fa9a271-7bed-4435-b477-86c6ed0ece08@group-0E07FAD1B91E, cid=1719, SUCCESS, logIndex=2504, commits[9fa9a271-7bed-4435-b477-86c6ed0ece08:c2504, 06c1a879-4ae3-48dc-9686-b55cde066000:c2500, 67fae1a7-3cbe-4338-9d41-57e84498288b:c2500]
2019-07-10 10:27:30,104 INFO  client.GrpcClientProtocolClient (GrpcClientProtocolClient.java:onNext(255)) - client-821285EC2D67->9fa9a271-7bed-4435-b477-86c6ed0ece08: receive RaftClientReply:client-821285EC2D67->9fa9a271-7bed-4435-b477-86c6ed0ece08@group-0E07FAD1B91E, cid=1720, SUCCESS, logIndex=0, commits[9fa9a271-7bed-4435-b477-86c6ed0ece08:c2505, 06c1a879-4ae3-48dc-9686-b55cde066000:c2502, 67fae1a7-3cbe-4338-9d41-57e84498288b:c2502]
2019-07-10 10:27:30,124 INFO  client.GrpcClientProtocolClient (GrpcClientProtocolClient.java:onNext(255)) - client-821285EC2D67->9fa9a271-7bed-4435-b477-86c6ed0ece08: receive RaftClientReply:client-821285EC2D67->9fa9a271-7bed-4435-b477-86c6ed0ece08@group-0E07FAD1B91E, cid=1721, SUCCESS, logIndex=2509, commits[9fa9a271-7bed-4435-b477-86c6ed0ece08:c2510, 06c1a879-4ae3-48dc-9686-b55cde066000:c2508, 67fae1a7-3cbe-4338-9d41-57e84498288b:c2508]
2019-07-10 10:27:30,124 INFO  client.GrpcClientProtocolClient (GrpcClientProtocolClient.java:onNext(255)) - client-821285EC2D67->9fa9a271-7bed-4435-b477-86c6ed0ece08: receive RaftClientReply:client-821285EC2D67->9fa9a271-7bed-4435-b477-86c6ed0ece08@group-0E07FAD1B91E, cid=1722, SUCCESS, logIndex=2510, commits[9fa9a271-7bed-4435-b477-86c6ed0ece08:c2510, 06c1a879-4ae3-48dc-9686-b55cde066000:c2508, 67fae1a7-3cbe-4338-9d41-57e84498288b:c2508]
2019-07-10 10:27:30,141 INFO  client.GrpcClientProtocolClient (GrpcClientProtocolClient.java:onNext(255)) - client-821285EC2D67->9fa9a271-7bed-4435-b477-86c6ed0ece08: receive RaftClientReply:client-821285EC2D67->9fa9a271-7bed-4435-b477-86c6ed0ece08@group-0E07FAD1B91E, cid=1723, SUCCESS, logIndex=2513, commits[9fa9a271-7bed-4435-b477-86c6ed0ece08:c2514, 06c1a879-4ae3-48dc-9686-b55cde066000:c2512, 67fae1a7-3cbe-4338-9d41-57e84498288b:c2512]
2019-07-10 10:27:30,142 INFO  client.GrpcClientProtocolClient (GrpcClientProtocolClient.java:onNext(255)) - client-821285EC2D67->9fa9a271-7bed-4435-b477-86c6ed0ece08: receive RaftClientReply:client-821285EC2D67->9fa9a271-7bed-4435-b477-86c6ed0ece08@group-0E07FAD1B91E, cid=1724, SUCCESS, logIndex=2514, commits[9fa9a271-7bed-4435-b477-86c6ed0ece08:c2514, 06c1a879-4ae3-48dc-9686-b55cde066000:c2512, 67fae1a7-3cbe-4338-9d41-57e84498288b:c2512]
2019-07-10 10:27:30,155 INFO  client.GrpcClientProtocolClient (GrpcClientProtocolClient.java:onNext(255)) - client-821285EC2D67->9fa9a271-7bed-4435-b477-86c6ed0ece08: receive RaftClientReply:client-821285EC2D67->9fa9a271-7bed-4435-b477-86c6ed0ece08@group-0E07FAD1B91E, cid=1725, SUCCESS, logIndex=0, commits[9fa9a271-7bed-4435-b477-86c6ed0ece08:c2516, 06c1a879-4ae3-48dc-9686-b55cde066000:c2514, 67fae1a7-3cbe-4338-9d41-57e84498288b:c2514]
2019-07-10 10:27:30,182 INFO  client.GrpcClientProtocolClient (GrpcClientProtocolClient.java:onNext(255)) - client-821285EC2D67->9fa9a271-7bed-4435-b477-86c6ed0ece08: receive RaftClientReply:client-821285EC2D67->9fa9a271-7bed-4435-b477-86c6ed0ece08@group-0E07FAD1B91E, cid=1726, SUCCESS, logIndex=2517, commits[9fa9a271-7bed-4435-b477-86c6ed0ece08:c2518, 06c1a879-4ae3-48dc-9686-b55cde066000:c2516, 67fae1a7-3cbe-4338-9d41-57e84498288b:c2516]
2019-07-10 10:27:30,182 INFO  client.GrpcClientProtocolClient (GrpcClientProtocolClient.java:onNext(255)) - client-821285EC2D67->9fa9a271-7bed-4435-b477-86c6ed0ece08: receive RaftClientReply:client-821285EC2D67->9fa9a271-7bed-4435-b477-86c6ed0ece08@group-0E07FAD1B91E, cid=1727, SUCCESS, logIndex=2518, commits[9fa9a271-7bed-4435-b477-86c6ed0ece08:c2520, 06c1a879-4ae3-48dc-9686-b55cde066000:c2516, 67fae1a7-3cbe-4338-9d41-57e84498288b:c2516]
2019-07-10 10:27:30,183 INFO  client.GrpcClientProtocolClient (GrpcClientProtocolClient.java:onNext(255)) - client-821285EC2D67->9fa9a271-7bed-4435-b477-86c6ed0ece08: receive RaftClientReply:client-821285EC2D67->9fa9a271-7bed-4435-b477-86c6ed0ece08@group-0E07FAD1B91E, cid=1728, SUCCESS, logIndex=2519, commits[9fa9a271-7bed-4435-b477-86c6ed0ece08:c2520, 06c1a879-4ae3-48dc-9686-b55cde066000:c2516, 67fae1a7-3cbe-4338-9d41-57e84498288b:c2516]
2019-07-10 10:27:30,183 INFO  client.GrpcClientProtocolClient (GrpcClientProtocolClient.java:onNext(255)) - client-821285EC2D67->9fa9a271-7bed-4435-b477-86c6ed0ece08: receive RaftClientReply:client-821285EC2D67->9fa9a271-7bed-4435-b477-86c6ed0ece08@group-0E07FAD1B91E, cid=1729, SUCCESS, logIndex=2520, commits[9fa9a271-7bed-4435-b477-86c6ed0ece08:c2520, 06c1a879-4ae3-48dc-9686-b55cde066000:c2516, 67fae1a7-3cbe-4338-9d41-57e84498288b:c2516]
2019-07-10 10:27:30,193 INFO  client.GrpcClientProtocolClient (GrpcClientProtocolClient.java:onNext(255)) - client-821285EC2D67->9fa9a271-7bed-4435-b477-86c6ed0ece08: receive RaftClientReply:client-821285EC2D67->9fa9a271-7bed-4435-b477-86c6ed0ece08@group-0E07FAD1B91E, cid=1730, SUCCESS, logIndex=0, commits[9fa9a271-7bed-4435-b477-86c6ed0ece08:c2522, 06c1a879-4ae3-48dc-9686-b55cde066000:c2518, 67fae1a7-3cbe-4338-9d41-57e84498288b:c2518]
2019-07-10 10:27:30,212 INFO  client.GrpcClientProtocolClient (GrpcClientProtocolClient.java:onNext(255)) - client-821285EC2D67->9fa9a271-7bed-4435-b477-86c6ed0ece08: receive RaftClientReply:client-821285EC2D67->9fa9a271-7bed-4435-b477-86c6ed0ece08@group-0E07FAD1B91E, cid=1731, SUCCESS, logIndex=2525, commits[9fa9a271-7bed-4435-b477-86c6ed0ece08:c2526, 06c1a879-4ae3-48dc-9686-b55cde066000:c2524, 67fae1a7-3cbe-4338-9d41-57e84498288b:c2524]
2019-07-10 10:27:30,212 INFO  client.GrpcClientProtocolClient (GrpcClientProtocolClient.java:onNext(255)) - client-821285EC2D67->9fa9a271-7bed-4435-b477-86c6ed0ece08: receive RaftClientReply:client-821285EC2D67->9fa9a271-7bed-4435-b477-86c6ed0ece08@group-0E07FAD1B91E, cid=1732, SUCCESS, logIndex=2526, commits[9fa9a271-7bed-4435-b477-86c6ed0ece08:c2526, 06c1a879-4ae3-48dc-9686-b55cde066000:c2524, 67fae1a7-3cbe-4338-9d41-57e84498288b:c2524]
2019-07-10 10:27:30,235 INFO  client.GrpcClientProtocolClient (GrpcClientProtocolClient.java:onNext(255)) - client-821285EC2D67->9fa9a271-7bed-4435-b477-86c6ed0ece08: receive RaftClientReply:client-821285EC2D67->9fa9a271-7bed-4435-b477-86c6ed0ece08@group-0E07FAD1B91E, cid=1733, SUCCESS, logIndex=2529, commits[9fa9a271-7bed-4435-b477-86c6ed0ece08:c2530, 06c1a879-4ae3-48dc-9686-b55cde066000:c2526, 67fae1a7-3cbe-4338-9d41-57e84498288b:c2525]
2019-07-10 10:27:30,235 INFO  client.GrpcClientProtocolClient (GrpcClientProtocolClient.java:onNext(255)) - client-821285EC2D67->9fa9a271-7bed-4435-b477-86c6ed0ece08: receive RaftClientReply:client-821285EC2D67->9fa9a271-7bed-4435-b477-86c6ed0ece08@group-0E07FAD1B91E, cid=1734, SUCCESS, logIndex=2530, commits[9fa9a271-7bed-4435-b477-86c6ed0ece08:c2530, 06c1a879-4ae3-48dc-9686-b55cde066000:c2526, 67fae1a7-3cbe-4338-9d41-57e84498288b:c2526]
2019-07-10 10:27:30,240 INFO  client.GrpcClientProtocolClient (GrpcClientProtocolClient.java:onNext(255)) - client-821285EC2D67->9fa9a271-7bed-4435-b477-86c6ed0ece08: receive RaftClientReply:client-821285EC2D67->9fa9a271-7bed-4435-b477-86c6ed0ece08@group-0E07FAD1B91E, cid=1735, SUCCESS, logIndex=0, commits[9fa9a271-7bed-4435-b477-86c6ed0ece08:c2532, 06c1a879-4ae3-48dc-9686-b55cde066000:c2530, 67fae1a7-3cbe-4338-9d41-57e84498288b:c2530]
2019-07-10 10:27:30,264 INFO  client.GrpcClientProtocolClient (GrpcClientProtocolClient.java:onNext(255)) - client-821285EC2D67->9fa9a271-7bed-4435-b477-86c6ed0ece08: receive RaftClientReply:client-821285EC2D67->9fa9a271-7bed-4435-b477-86c6ed0ece08@group-0E07FAD1B91E, cid=1736, SUCCESS, logIndex=2533, commits[9fa9a271-7bed-4435-b477-86c6ed0ece08:c2534, 06c1a879-4ae3-48dc-9686-b55cde066000:c2532, 67fae1a7-3cbe-4338-9d41-57e84498288b:c2530]
2019-07-10 10:27:30,264 INFO  client.GrpcClientProtocolClient (GrpcClientProtocolClient.java:onNext(255)) - client-821285EC2D67->9fa9a271-7bed-4435-b477-86c6ed0ece08: receive RaftClientReply:client-821285EC2D67->9fa9a271-7bed-4435-b477-86c6ed0ece08@group-0E07FAD1B91E, cid=1737, SUCCESS, logIndex=2534, commits[9fa9a271-7bed-4435-b477-86c6ed0ece08:c2534, 06c1a879-4ae3-48dc-9686-b55cde066000:c2532, 67fae1a7-3cbe-4338-9d41-57e84498288b:c2530]
2019-07-10 10:27:30,265 INFO  client.GrpcClientProtocolClient (GrpcClientProtocolClient.java:onNext(255)) - client-821285EC2D67->9fa9a271-7bed-4435-b477-86c6ed0ece08: receive RaftClientReply:client-821285EC2D67->9fa9a271-7bed-4435-b477-86c6ed0ece08@group-0E07FAD1B91E, cid=1738, SUCCESS, logIndex=2535, commits[9fa9a271-7bed-4435-b477-86c6ed0ece08:c2536, 06c1a879-4ae3-48dc-9686-b55cde066000:c2532, 67fae1a7-3cbe-4338-9d41-57e84498288b:c2530]
2019-07-10 10:27:30,265 INFO  client.GrpcClientProtocolClient (GrpcClientProtocolClient.java:onNext(255)) - client-821285EC2D67->9fa9a271-7bed-4435-b477-86c6ed0ece08: receive RaftClientReply:client-821285EC2D67->9fa9a271-7bed-4435-b477-86c6ed0ece08@group-0E07FAD1B91E, cid=1739, SUCCESS, logIndex=2536, commits[9fa9a271-7bed-4435-b477-86c6ed0ece08:c2536, 06c1a879-4ae3-48dc-9686-b55cde066000:c2532, 67fae1a7-3cbe-4338-9d41-57e84498288b:c2530]
2019-07-10 10:27:30,267 INFO  client.GrpcClientProtocolClient (GrpcClientProtocolClient.java:onNext(255)) - client-821285EC2D67->9fa9a271-7bed-4435-b477-86c6ed0ece08: receive RaftClientReply:client-821285EC2D67->9fa9a271-7bed-4435-b477-86c6ed0ece08@group-0E07FAD1B91E, cid=1740, SUCCESS, logIndex=0, commits[9fa9a271-7bed-4435-b477-86c6ed0ece08:c2538, 06c1a879-4ae3-48dc-9686-b55cde066000:c2534, 67fae1a7-3cbe-4338-9d41-57e84498288b:c2534]
2019-07-10 10:27:30,287 INFO  client.GrpcClientProtocolClient (GrpcClientProtocolClient.java:onNext(255)) - client-821285EC2D67->9fa9a271-7bed-4435-b477-86c6ed0ece08: receive RaftClientReply:client-821285EC2D67->9fa9a271-7bed-4435-b477-86c6ed0ece08@group-0E07FAD1B91E, cid=1741, SUCCESS, logIndex=2541, commits[9fa9a271-7bed-4435-b477-86c6ed0ece08:c2542, 06c1a879-4ae3-48dc-9686-b55cde066000:c2540, 67fae1a7-3cbe-4338-9d41-57e84498288b:c2540]
2019-07-10 10:27:30,288 INFO  client.GrpcClientProtocolClient (GrpcClientProtocolClient.java:onNext(255)) - client-821285EC2D67->9fa9a271-7bed-4435-b477-86c6ed0ece08: receive RaftClientReply:client-821285EC2D67->9fa9a271-7bed-4435-b477-86c6ed0ece08@group-0E07FAD1B91E, cid=1742, SUCCESS, logIndex=2542, commits[9fa9a271-7bed-4435-b477-86c6ed0ece08:c2542, 06c1a879-4ae3-48dc-9686-b55cde066000:c2540, 67fae1a7-3cbe-4338-9d41-57e84498288b:c2540]
2019-07-10 10:27:30,396 INFO  client.GrpcClientProtocolClient (GrpcClientProtocolClient.java:onNext(255)) - client-821285EC2D67->9fa9a271-7bed-4435-b477-86c6ed0ece08: receive RaftClientReply:client-821285EC2D67->9fa9a271-7bed-4435-b477-86c6ed0ece08@group-0E07FAD1B91E, cid=1743, SUCCESS, logIndex=2545, commits[9fa9a271-7bed-4435-b477-86c6ed0ece08:c2546, 06c1a879-4ae3-48dc-9686-b55cde066000:c2543, 67fae1a7-3cbe-4338-9d41-57e84498288b:c2543]
2019-07-10 10:27:30,397 INFO  client.GrpcClientProtocolClient (GrpcClientProtocolClient.java:onNext(255)) - client-821285EC2D67->9fa9a271-7bed-4435-b477-86c6ed0ece08: receive RaftClientReply:client-821285EC2D67->9fa9a271-7bed-4435-b477-86c6ed0ece08@group-0E07FAD1B91E, cid=1744, SUCCESS, logIndex=2546, commits[9fa9a271-7bed-4435-b477-86c6ed0ece08:c2546, 06c1a879-4ae3-48dc-9686-b55cde066000:c2543, 67fae1a7-3cbe-4338-9d41-57e84498288b:c2543]
2019-07-10 10:27:30,408 INFO  client.GrpcClientProtocolClient (GrpcClientProtocolClient.java:onNext(255)) - client-821285EC2D67->9fa9a271-7bed-4435-b477-86c6ed0ece08: receive RaftClientReply:client-821285EC2D67->9fa9a271-7bed-4435-b477-86c6ed0ece08@group-0E07FAD1B91E, cid=1745, SUCCESS, logIndex=0, commits[9fa9a271-7bed-4435-b477-86c6ed0ece08:c2547, 06c1a879-4ae3-48dc-9686-b55cde066000:c2546, 67fae1a7-3cbe-4338-9d41-57e84498288b:c2546]
2019-07-10 10:27:30,438 INFO  client.GrpcClientProtocolClient (GrpcClientProtocolClient.java:onNext(255)) - client-821285EC2D67->9fa9a271-7bed-4435-b477-86c6ed0ece08: receive RaftClientReply:client-821285EC2D67->9fa9a271-7bed-4435-b477-86c6ed0ece08@group-0E07FAD1B91E, cid=1746, SUCCESS, logIndex=2549, commits[9fa9a271-7bed-4435-b477-86c6ed0ece08:c2552, 06c1a879-4ae3-48dc-9686-b55cde066000:c2548, 67fae1a7-3cbe-4338-9d41-57e84498288b:c2548]
2019-07-10 10:27:30,439 INFO  client.GrpcClientProtocolClient (GrpcClientProtocolClient.java:onNext(255)) - client-821285EC2D67->9fa9a271-7bed-4435-b477-86c6ed0ece08: receive RaftClientReply:client-821285EC2D67->9fa9a271-7bed-4435-b477-86c6ed0ece08@group-0E07FAD1B91E, cid=1747, SUCCESS, logIndex=2550, commits[9fa9a271-7bed-4435-b477-86c6ed0ece08:c2552, 06c1a879-4ae3-48dc-9686-b55cde066000:c2548, 67fae1a7-3cbe-4338-9d41-57e84498288b:c2548]
2019-07-10 10:27:30,439 INFO  client.GrpcClientProtocolClient (GrpcClientProtocolClient.java:onNext(255)) - client-821285EC2D67->9fa9a271-7bed-4435-b477-86c6ed0ece08: receive RaftClientReply:client-821285EC2D67->9fa9a271-7bed-4435-b477-86c6ed0ece08@group-0E07FAD1B91E, cid=1748, SUCCESS, logIndex=2551, commits[9fa9a271-7bed-4435-b477-86c6ed0ece08:c2552, 06c1a879-4ae3-48dc-9686-b55cde066000:c2548, 67fae1a7-3cbe-4338-9d41-57e84498288b:c2548]
2019-07-10 10:27:30,439 INFO  client.GrpcClientProtocolClient (GrpcClientProtocolClient.java:onNext(255)) - client-821285EC2D67->9fa9a271-7bed-4435-b477-86c6ed0ece08: receive RaftClientReply:client-821285EC2D67->9fa9a271-7bed-4435-b477-86c6ed0ece08@group-0E07FAD1B91E, cid=1749, SUCCESS, logIndex=2552, commits[9fa9a271-7bed-4435-b477-86c6ed0ece08:c2552, 06c1a879-4ae3-48dc-9686-b55cde066000:c2548, 67fae1a7-3cbe-4338-9d41-57e84498288b:c2548]
2019-07-10 10:27:30,441 INFO  client.GrpcClientProtocolClient (GrpcClientProtocolClient.java:onNext(255)) - client-821285EC2D67->9fa9a271-7bed-4435-b477-86c6ed0ece08: receive RaftClientReply:client-821285EC2D67->9fa9a271-7bed-4435-b477-86c6ed0ece08@group-0E07FAD1B91E, cid=1750, SUCCESS, logIndex=0, commits[9fa9a271-7bed-4435-b477-86c6ed0ece08:c2553, 06c1a879-4ae3-48dc-9686-b55cde066000:c2550, 67fae1a7-3cbe-4338-9d41-57e84498288b:c2550]
2019-07-10 10:27:30,460 INFO  client.GrpcClientProtocolClient (GrpcClientProtocolClient.java:onNext(255)) - client-821285EC2D67->9fa9a271-7bed-4435-b477-86c6ed0ece08: receive RaftClientReply:client-821285EC2D67->9fa9a271-7bed-4435-b477-86c6ed0ece08@group-0E07FAD1B91E, cid=1751, SUCCESS, logIndex=2557, commits[9fa9a271-7bed-4435-b477-86c6ed0ece08:c2558, 06c1a879-4ae3-48dc-9686-b55cde066000:c2552, 67fae1a7-3cbe-4338-9d41-57e84498288b:c2556]
2019-07-10 10:27:30,460 INFO  client.GrpcClientProtocolClient (GrpcClientProtocolClient.java:onNext(255)) - client-821285EC2D67->9fa9a271-7bed-4435-b477-86c6ed0ece08: receive RaftClientReply:client-821285EC2D67->9fa9a271-7bed-4435-b477-86c6ed0ece08@group-0E07FAD1B91E, cid=1752, SUCCESS, logIndex=2558, commits[9fa9a271-7bed-4435-b477-86c6ed0ece08:c2558, 06c1a879-4ae3-48dc-9686-b55cde066000:c2556, 67fae1a7-3cbe-4338-9d41-57e84498288b:c2556]
2019-07-10 10:27:30,474 INFO  client.GrpcClientProtocolClient (GrpcClientProtocolClient.java:onNext(255)) - client-821285EC2D67->9fa9a271-7bed-4435-b477-86c6ed0ece08: receive RaftClientReply:client-821285EC2D67->9fa9a271-7bed-4435-b477-86c6ed0ece08@group-0E07FAD1B91E, cid=1753, SUCCESS, logIndex=2561, commits[9fa9a271-7bed-4435-b477-86c6ed0ece08:c2562, 06c1a879-4ae3-48dc-9686-b55cde066000:c2558, 67fae1a7-3cbe-4338-9d41-57e84498288b:c2558]
2019-07-10 10:27:30,475 INFO  client.GrpcClientProtocolClient (GrpcClientProtocolClient.java:onNext(255)) - client-821285EC2D67->9fa9a271-7bed-4435-b477-86c6ed0ece08: receive RaftClientReply:client-821285EC2D67->9fa9a271-7bed-4435-b477-86c6ed0ece08@group-0E07FAD1B91E, cid=1754, SUCCESS, logIndex=2562, commits[9fa9a271-7bed-4435-b477-86c6ed0ece08:c2562, 06c1a879-4ae3-48dc-9686-b55cde066000:c2558, 67fae1a7-3cbe-4338-9d41-57e84498288b:c2558]
2019-07-10 10:27:30,478 INFO  client.GrpcClientProtocolClient (GrpcClientProtocolClient.java:onNext(255)) - client-821285EC2D67->9fa9a271-7bed-4435-b477-86c6ed0ece08: receive RaftClientReply:client-821285EC2D67->9fa9a271-7bed-4435-b477-86c6ed0ece08@group-0E07FAD1B91E, cid=1755, SUCCESS, logIndex=0, commits[9fa9a271-7bed-4435-b477-86c6ed0ece08:c2564, 06c1a879-4ae3-48dc-9686-b55cde066000:c2562, 67fae1a7-3cbe-4338-9d41-57e84498288b:c2562]
2019-07-10 10:27:30,502 INFO  client.GrpcClientProtocolClient (GrpcClientProtocolClient.java:onNext(255)) - client-821285EC2D67->9fa9a271-7bed-4435-b477-86c6ed0ece08: receive RaftClientReply:client-821285EC2D67->9fa9a271-7bed-4435-b477-86c6ed0ece08@group-0E07FAD1B91E, cid=1756, SUCCESS, logIndex=2565, commits[9fa9a271-7bed-4435-b477-86c6ed0ece08:c2566, 06c1a879-4ae3-48dc-9686-b55cde066000:c2564, 67fae1a7-3cbe-4338-9d41-57e84498288b:c2564]
2019-07-10 10:27:30,503 INFO  client.GrpcClientProtocolClient (GrpcClientProtocolClient.java:onNext(255)) - client-821285EC2D67->9fa9a271-7bed-4435-b477-86c6ed0ece08: receive RaftClientReply:client-821285EC2D67->9fa9a271-7bed-4435-b477-86c6ed0ece08@group-0E07FAD1B91E, cid=1757, SUCCESS, logIndex=2566, commits[9fa9a271-7bed-4435-b477-86c6ed0ece08:c2568, 06c1a879-4ae3-48dc-9686-b55cde066000:c2564, 67fae1a7-3cbe-4338-9d41-57e84498288b:c2564]
2019-07-10 10:27:30,503 INFO  client.GrpcClientProtocolClient (GrpcClientProtocolClient.java:onNext(255)) - client-821285EC2D67->9fa9a271-7bed-4435-b477-86c6ed0ece08: receive RaftClientReply:client-821285EC2D67->9fa9a271-7bed-4435-b477-86c6ed0ece08@group-0E07FAD1B91E, cid=1758, SUCCESS, logIndex=2567, commits[9fa9a271-7bed-4435-b477-86c6ed0ece08:c2568, 06c1a879-4ae3-48dc-9686-b55cde066000:c2564, 67fae1a7-3cbe-4338-9d41-57e84498288b:c2564]
2019-07-10 10:27:30,504 INFO  client.GrpcClientProtocolClient (GrpcClientProtocolClient.java:onNext(255)) - client-821285EC2D67->9fa9a271-7bed-4435-b477-86c6ed0ece08: receive RaftClientReply:client-821285EC2D67->9fa9a271-7bed-4435-b477-86c6ed0ece08@group-0E07FAD1B91E, cid=1759, SUCCESS, logIndex=2568, commits[9fa9a271-7bed-4435-b477-86c6ed0ece08:c2568, 06c1a879-4ae3-48dc-9686-b55cde066000:c2564, 67fae1a7-3cbe-4338-9d41-57e84498288b:c2564]
2019-07-10 10:27:30,505 INFO  client.GrpcClientProtocolClient (GrpcClientProtocolClient.java:onNext(255)) - client-821285EC2D67->9fa9a271-7bed-4435-b477-86c6ed0ece08: receive RaftClientReply:client-821285EC2D67->9fa9a271-7bed-4435-b477-86c6ed0ece08@group-0E07FAD1B91E, cid=1760, SUCCESS, logIndex=0, commits[9fa9a271-7bed-4435-b477-86c6ed0ece08:c2570, 06c1a879-4ae3-48dc-9686-b55cde066000:c2566, 67fae1a7-3cbe-4338-9d41-57e84498288b:c2566]
2019-07-10 10:27:30,517 INFO  client.GrpcClientProtocolClient (GrpcClientProtocolClient.java:onNext(255)) - client-821285EC2D67->9fa9a271-7bed-4435-b477-86c6ed0ece08: receive RaftClientReply:client-821285EC2D67->9fa9a271-7bed-4435-b477-86c6ed0ece08@group-0E07FAD1B91E, cid=1761, SUCCESS, logIndex=2573, commits[9fa9a271-7bed-4435-b477-86c6ed0ece08:c2574, 06c1a879-4ae3-48dc-9686-b55cde066000:c2572, 67fae1a7-3cbe-4338-9d41-57e84498288b:c2572]
2019-07-10 10:27:30,517 INFO  client.GrpcClientProtocolClient (GrpcClientProtocolClient.java:onNext(255)) - client-821285EC2D67->9fa9a271-7bed-4435-b477-86c6ed0ece08: receive RaftClientReply:client-821285EC2D67->9fa9a271-7bed-4435-b477-86c6ed0ece08@group-0E07FAD1B91E, cid=1762, SUCCESS, logIndex=2574, commits[9fa9a271-7bed-4435-b477-86c6ed0ece08:c2574, 06c1a879-4ae3-48dc-9686-b55cde066000:c2572, 67fae1a7-3cbe-4338-9d41-57e84498288b:c2572]
2019-07-10 10:27:30,532 INFO  client.GrpcClientProtocolClient (GrpcClientProtocolClient.java:onNext(255)) - client-821285EC2D67->9fa9a271-7bed-4435-b477-86c6ed0ece08: receive RaftClientReply:client-821285EC2D67->9fa9a271-7bed-4435-b477-86c6ed0ece08@group-0E07FAD1B91E, cid=1763, SUCCESS, logIndex=2577, commits[9fa9a271-7bed-4435-b477-86c6ed0ece08:c2578, 06c1a879-4ae3-48dc-9686-b55cde066000:c2574, 67fae1a7-3cbe-4338-9d41-57e84498288b:c2574]
2019-07-10 10:27:30,532 INFO  client.GrpcClientProtocolClient (GrpcClientProtocolClient.java:onNext(255)) - client-821285EC2D67->9fa9a271-7bed-4435-b477-86c6ed0ece08: receive RaftClientReply:client-821285EC2D67->9fa9a271-7bed-4435-b477-86c6ed0ece08@group-0E07FAD1B91E, cid=1764, SUCCESS, logIndex=2578, commits[9fa9a271-7bed-4435-b477-86c6ed0ece08:c2578, 06c1a879-4ae3-48dc-9686-b55cde066000:c2574, 67fae1a7-3cbe-4338-9d41-57e84498288b:c2574]
2019-07-10 10:27:30,543 INFO  client.GrpcClientProtocolClient (GrpcClientProtocolClient.java:onNext(255)) - client-821285EC2D67->9fa9a271-7bed-4435-b477-86c6ed0ece08: receive RaftClientReply:client-821285EC2D67->9fa9a271-7bed-4435-b477-86c6ed0ece08@group-0E07FAD1B91E, cid=1765, SUCCESS, logIndex=0, commits[9fa9a271-7bed-4435-b477-86c6ed0ece08:c2578, 06c1a879-4ae3-48dc-9686-b55cde066000:c2578, 67fae1a7-3cbe-4338-9d41-57e84498288b:c2578]
2019-07-10 10:27:30,574 INFO  client.GrpcClientProtocolClient (GrpcClientProtocolClient.java:onNext(255)) - client-821285EC2D67->9fa9a271-7bed-4435-b477-86c6ed0ece08: receive RaftClientReply:client-821285EC2D67->9fa9a271-7bed-4435-b477-86c6ed0ece08@group-0E07FAD1B91E, cid=1766, SUCCESS, logIndex=2581, commits[9fa9a271-7bed-4435-b477-86c6ed0ece08:c2584, 06c1a879-4ae3-48dc-9686-b55cde066000:c2580, 67fae1a7-3cbe-4338-9d41-57e84498288b:c2580]
2019-07-10 10:27:30,574 INFO  client.GrpcClientProtocolClient (GrpcClientProtocolClient.java:onNext(255)) - client-821285EC2D67->9fa9a271-7bed-4435-b477-86c6ed0ece08: receive RaftClientReply:client-821285EC2D67->9fa9a271-7bed-4435-b477-86c6ed0ece08@group-0E07FAD1B91E, cid=1767, SUCCESS, logIndex=2582, commits[9fa9a271-7bed-4435-b477-86c6ed0ece08:c2584, 06c1a879-4ae3-48dc-9686-b55cde066000:c2580, 67fae1a7-3cbe-4338-9d41-57e84498288b:c2580]
2019-07-10 10:27:30,575 INFO  client.GrpcClientProtocolClient (GrpcClientProtocolClient.java:onNext(255)) - client-821285EC2D67->9fa9a271-7bed-4435-b477-86c6ed0ece08: receive RaftClientReply:client-821285EC2D67->9fa9a271-7bed-4435-b477-86c6ed0ece08@group-0E07FAD1B91E, cid=1768, SUCCESS, logIndex=2583, commits[9fa9a271-7bed-4435-b477-86c6ed0ece08:c2584, 06c1a879-4ae3-48dc-9686-b55cde066000:c2580, 67fae1a7-3cbe-4338-9d41-57e84498288b:c2580]
2019-07-10 10:27:30,575 INFO  client.GrpcClientProtocolClient (GrpcClientProtocolClient.java:onNext(255)) - client-821285EC2D67->9fa9a271-7bed-4435-b477-86c6ed0ece08: receive RaftClientReply:client-821285EC2D67->9fa9a271-7bed-4435-b477-86c6ed0ece08@group-0E07FAD1B91E, cid=1769, SUCCESS, logIndex=2584, commits[9fa9a271-7bed-4435-b477-86c6ed0ece08:c2584, 06c1a879-4ae3-48dc-9686-b55cde066000:c2580, 67fae1a7-3cbe-4338-9d41-57e84498288b:c2580]
2019-07-10 10:27:30,576 INFO  client.GrpcClientProtocolClient (GrpcClientProtocolClient.java:onNext(255)) - client-821285EC2D67->9fa9a271-7bed-4435-b477-86c6ed0ece08: receive RaftClientReply:client-821285EC2D67->9fa9a271-7bed-4435-b477-86c6ed0ece08@group-0E07FAD1B91E, cid=1770, SUCCESS, logIndex=0, commits[9fa9a271-7bed-4435-b477-86c6ed0ece08:c2585, 06c1a879-4ae3-48dc-9686-b55cde066000:c2583, 67fae1a7-3cbe-4338-9d41-57e84498288b:c2582]
2019-07-10 10:27:30,586 INFO  client.GrpcClientProtocolClient (GrpcClientProtocolClient.java:onNext(255)) - client-821285EC2D67->9fa9a271-7bed-4435-b477-86c6ed0ece08: receive RaftClientReply:client-821285EC2D67->9fa9a271-7bed-4435-b477-86c6ed0ece08@group-0E07FAD1B91E, cid=1771, SUCCESS, logIndex=2589, commits[9fa9a271-7bed-4435-b477-86c6ed0ece08:c2590, 06c1a879-4ae3-48dc-9686-b55cde066000:c2584, 67fae1a7-3cbe-4338-9d41-57e84498288b:c2588]
2019-07-10 10:27:30,587 INFO  client.GrpcClientProtocolClient (GrpcClientProtocolClient.java:onNext(255)) - client-821285EC2D67->9fa9a271-7bed-4435-b477-86c6ed0ece08: receive RaftClientReply:client-821285EC2D67->9fa9a271-7bed-4435-b477-86c6ed0ece08@group-0E07FAD1B91E, cid=1772, SUCCESS, logIndex=2590, commits[9fa9a271-7bed-4435-b477-86c6ed0ece08:c2590, 06c1a879-4ae3-48dc-9686-b55cde066000:c2588, 67fae1a7-3cbe-4338-9d41-57e84498288b:c2588]
2019-07-10 10:27:30,605 INFO  client.GrpcClientProtocolClient (GrpcClientProtocolClient.java:onNext(255)) - client-821285EC2D67->9fa9a271-7bed-4435-b477-86c6ed0ece08: receive RaftClientReply:client-821285EC2D67->9fa9a271-7bed-4435-b477-86c6ed0ece08@group-0E07FAD1B91E, cid=1773, SUCCESS, logIndex=2593, commits[9fa9a271-7bed-4435-b477-86c6ed0ece08:c2594, 06c1a879-4ae3-48dc-9686-b55cde066000:c2590, 67fae1a7-3cbe-4338-9d41-57e84498288b:c2592]
2019-07-10 10:27:30,606 INFO  client.GrpcClientProtocolClient (GrpcClientProtocolClient.java:onNext(255)) - client-821285EC2D67->9fa9a271-7bed-4435-b477-86c6ed0ece08: receive RaftClientReply:client-821285EC2D67->9fa9a271-7bed-4435-b477-86c6ed0ece08@group-0E07FAD1B91E, cid=1774, SUCCESS, logIndex=2594, commits[9fa9a271-7bed-4435-b477-86c6ed0ece08:c2594, 06c1a879-4ae3-48dc-9686-b55cde066000:c2590, 67fae1a7-3cbe-4338-9d41-57e84498288b:c2592]
2019-07-10 10:27:30,609 INFO  client.GrpcClientProtocolClient (GrpcClientProtocolClient.java:onNext(255)) - client-821285EC2D67->9fa9a271-7bed-4435-b477-86c6ed0ece08: receive RaftClientReply:client-821285EC2D67->9fa9a271-7bed-4435-b477-86c6ed0ece08@group-0E07FAD1B91E, cid=1775, SUCCESS, logIndex=0, commits[9fa9a271-7bed-4435-b477-86c6ed0ece08:c2596, 06c1a879-4ae3-48dc-9686-b55cde066000:c2594, 67fae1a7-3cbe-4338-9d41-57e84498288b:c2594]
2019-07-10 10:27:30,636 INFO  client.GrpcClientProtocolClient (GrpcClientProtocolClient.java:onNext(255)) - client-821285EC2D67->9fa9a271-7bed-4435-b477-86c6ed0ece08: receive RaftClientReply:client-821285EC2D67->9fa9a271-7bed-4435-b477-86c6ed0ece08@group-0E07FAD1B91E, cid=1776, SUCCESS, logIndex=2597, commits[9fa9a271-7bed-4435-b477-86c6ed0ece08:c2599, 06c1a879-4ae3-48dc-9686-b55cde066000:c2596, 67fae1a7-3cbe-4338-9d41-57e84498288b:c2596]
2019-07-10 10:27:30,636 INFO  client.GrpcClientProtocolClient (GrpcClientProtocolClient.java:onNext(255)) - client-821285EC2D67->9fa9a271-7bed-4435-b477-86c6ed0ece08: receive RaftClientReply:client-821285EC2D67->9fa9a271-7bed-4435-b477-86c6ed0ece08@group-0E07FAD1B91E, cid=1777, SUCCESS, logIndex=2598, commits[9fa9a271-7bed-4435-b477-86c6ed0ece08:c2600, 06c1a879-4ae3-48dc-9686-b55cde066000:c2596, 67fae1a7-3cbe-4338-9d41-57e84498288b:c2596]
2019-07-10 10:27:30,636 INFO  client.GrpcClientProtocolClient (GrpcClientProtocolClient.java:onNext(255)) - client-821285EC2D67->9fa9a271-7bed-4435-b477-86c6ed0ece08: receive RaftClientReply:client-821285EC2D67->9fa9a271-7bed-4435-b477-86c6ed0ece08@group-0E07FAD1B91E, cid=1778, SUCCESS, logIndex=2599, commits[9fa9a271-7bed-4435-b477-86c6ed0ece08:c2600, 06c1a879-4ae3-48dc-9686-b55cde066000:c2596, 67fae1a7-3cbe-4338-9d41-57e84498288b:c2596]
2019-07-10 10:27:30,637 INFO  client.GrpcClientProtocolClient (GrpcClientProtocolClient.java:onNext(255)) - client-821285EC2D67->9fa9a271-7bed-4435-b477-86c6ed0ece08: receive RaftClientReply:client-821285EC2D67->9fa9a271-7bed-4435-b477-86c6ed0ece08@group-0E07FAD1B91E, cid=1779, SUCCESS, logIndex=2600, commits[9fa9a271-7bed-4435-b477-86c6ed0ece08:c2600, 06c1a879-4ae3-48dc-9686-b55cde066000:c2596, 67fae1a7-3cbe-4338-9d41-57e84498288b:c2596]
2019-07-10 10:27:30,646 INFO  client.GrpcClientProtocolClient (GrpcClientProtocolClient.java:onNext(255)) - client-821285EC2D67->9fa9a271-7bed-4435-b477-86c6ed0ece08: receive RaftClientReply:client-821285EC2D67->9fa9a271-7bed-4435-b477-86c6ed0ece08@group-0E07FAD1B91E, cid=1780, SUCCESS, logIndex=0, commits[9fa9a271-7bed-4435-b477-86c6ed0ece08:c2601, 06c1a879-4ae3-48dc-9686-b55cde066000:c2598, 67fae1a7-3cbe-4338-9d41-57e84498288b:c2598]
2019-07-10 10:27:30,663 INFO  client.GrpcClientProtocolClient (GrpcClientProtocolClient.java:onNext(255)) - client-821285EC2D67->9fa9a271-7bed-4435-b477-86c6ed0ece08: receive RaftClientReply:client-821285EC2D67->9fa9a271-7bed-4435-b477-86c6ed0ece08@group-0E07FAD1B91E, cid=1781, SUCCESS, logIndex=2605, commits[9fa9a271-7bed-4435-b477-86c6ed0ece08:c2606, 06c1a879-4ae3-48dc-9686-b55cde066000:c2604, 67fae1a7-3cbe-4338-9d41-57e84498288b:c2604]
2019-07-10 10:27:30,664 INFO  client.GrpcClientProtocolClient (GrpcClientProtocolClient.java:onNext(255)) - client-821285EC2D67->9fa9a271-7bed-4435-b477-86c6ed0ece08: receive RaftClientReply:client-821285EC2D67->9fa9a271-7bed-4435-b477-86c6ed0ece08@group-0E07FAD1B91E, cid=1782, SUCCESS, logIndex=2606, commits[9fa9a271-7bed-4435-b477-86c6ed0ece08:c2606, 06c1a879-4ae3-48dc-9686-b55cde066000:c2604, 67fae1a7-3cbe-4338-9d41-57e84498288b:c2604]
2019-07-10 10:27:30,674 INFO  client.GrpcClientProtocolClient (GrpcClientProtocolClient.java:onNext(255)) - client-821285EC2D67->9fa9a271-7bed-4435-b477-86c6ed0ece08: receive RaftClientReply:client-821285EC2D67->9fa9a271-7bed-4435-b477-86c6ed0ece08@group-0E07FAD1B91E, cid=1783, SUCCESS, logIndex=2609, commits[9fa9a271-7bed-4435-b477-86c6ed0ece08:c2609, 06c1a879-4ae3-48dc-9686-b55cde066000:c2606, 67fae1a7-3cbe-4338-9d41-57e84498288b:c2606]
2019-07-10 10:27:30,675 INFO  client.GrpcClientProtocolClient (GrpcClientProtocolClient.java:onNext(255)) - client-821285EC2D67->9fa9a271-7bed-4435-b477-86c6ed0ece08: receive RaftClientReply:client-821285EC2D67->9fa9a271-7bed-4435-b477-86c6ed0ece08@group-0E07FAD1B91E, cid=1784, SUCCESS, logIndex=2610, commits[9fa9a271-7bed-4435-b477-86c6ed0ece08:c2610, 06c1a879-4ae3-48dc-9686-b55cde066000:c2606, 67fae1a7-3cbe-4338-9d41-57e84498288b:c2606]
2019-07-10 10:27:30,687 INFO  client.GrpcClientProtocolClient (GrpcClientProtocolClient.java:onNext(255)) - client-821285EC2D67->9fa9a271-7bed-4435-b477-86c6ed0ece08: receive RaftClientReply:client-821285EC2D67->9fa9a271-7bed-4435-b477-86c6ed0ece08@group-0E07FAD1B91E, cid=1785, SUCCESS, logIndex=0, commits[9fa9a271-7bed-4435-b477-86c6ed0ece08:c2612, 06c1a879-4ae3-48dc-9686-b55cde066000:c2610, 67fae1a7-3cbe-4338-9d41-57e84498288b:c2610]
2019-07-10 10:27:30,712 INFO  client.GrpcClientProtocolClient (GrpcClientProtocolClient.java:onNext(255)) - client-821285EC2D67->9fa9a271-7bed-4435-b477-86c6ed0ece08: receive RaftClientReply:client-821285EC2D67->9fa9a271-7bed-4435-b477-86c6ed0ece08@group-0E07FAD1B91E, cid=1786, SUCCESS, logIndex=2613, commits[9fa9a271-7bed-4435-b477-86c6ed0ece08:c2614, 06c1a879-4ae3-48dc-9686-b55cde066000:c2612, 67fae1a7-3cbe-4338-9d41-57e84498288b:c2612]
2019-07-10 10:27:30,712 INFO  client.GrpcClientProtocolClient (GrpcClientProtocolClient.java:onNext(255)) - client-821285EC2D67->9fa9a271-7bed-4435-b477-86c6ed0ece08: receive RaftClientReply:client-821285EC2D67->9fa9a271-7bed-4435-b477-86c6ed0ece08@group-0E07FAD1B91E, cid=1787, SUCCESS, logIndex=2614, commits[9fa9a271-7bed-4435-b477-86c6ed0ece08:c2616, 06c1a879-4ae3-48dc-9686-b55cde066000:c2612, 67fae1a7-3cbe-4338-9d41-57e84498288b:c2612]
2019-07-10 10:27:30,712 INFO  client.GrpcClientProtocolClient (GrpcClientProtocolClient.java:onNext(255)) - client-821285EC2D67->9fa9a271-7bed-4435-b477-86c6ed0ece08: receive RaftClientReply:client-821285EC2D67->9fa9a271-7bed-4435-b477-86c6ed0ece08@group-0E07FAD1B91E, cid=1788, SUCCESS, logIndex=2615, commits[9fa9a271-7bed-4435-b477-86c6ed0ece08:c2616, 06c1a879-4ae3-48dc-9686-b55cde066000:c2612, 67fae1a7-3cbe-4338-9d41-57e84498288b:c2612]
2019-07-10 10:27:30,713 INFO  client.GrpcClientProtocolClient (GrpcClientProtocolClient.java:onNext(255)) - client-821285EC2D67->9fa9a271-7bed-4435-b477-86c6ed0ece08: receive RaftClientReply:client-821285EC2D67->9fa9a271-7bed-4435-b477-86c6ed0ece08@group-0E07FAD1B91E, cid=1789, SUCCESS, logIndex=2616, commits[9fa9a271-7bed-4435-b477-86c6ed0ece08:c2616, 06c1a879-4ae3-48dc-9686-b55cde066000:c2612, 67fae1a7-3cbe-4338-9d41-57e84498288b:c2612]
2019-07-10 10:27:30,714 INFO  client.GrpcClientProtocolClient (GrpcClientProtocolClient.java:onNext(255)) - client-821285EC2D67->9fa9a271-7bed-4435-b477-86c6ed0ece08: receive RaftClientReply:client-821285EC2D67->9fa9a271-7bed-4435-b477-86c6ed0ece08@group-0E07FAD1B91E, cid=1790, SUCCESS, logIndex=0, commits[9fa9a271-7bed-4435-b477-86c6ed0ece08:c2618, 06c1a879-4ae3-48dc-9686-b55cde066000:c2614, 67fae1a7-3cbe-4338-9d41-57e84498288b:c2614]
2019-07-10 10:27:30,732 INFO  client.GrpcClientProtocolClient (GrpcClientProtocolClient.java:onNext(255)) - client-821285EC2D67->9fa9a271-7bed-4435-b477-86c6ed0ece08: receive RaftClientReply:client-821285EC2D67->9fa9a271-7bed-4435-b477-86c6ed0ece08@group-0E07FAD1B91E, cid=1791, SUCCESS, logIndex=2621, commits[9fa9a271-7bed-4435-b477-86c6ed0ece08:c2622, 06c1a879-4ae3-48dc-9686-b55cde066000:c2620, 67fae1a7-3cbe-4338-9d41-57e84498288b:c2620]
2019-07-10 10:27:30,732 INFO  client.GrpcClientProtocolClient (GrpcClientProtocolClient.java:onNext(255)) - client-821285EC2D67->9fa9a271-7bed-4435-b477-86c6ed0ece08: receive RaftClientReply:client-821285EC2D67->9fa9a271-7bed-4435-b477-86c6ed0ece08@group-0E07FAD1B91E, cid=1792, SUCCESS, logIndex=2622, commits[9fa9a271-7bed-4435-b477-86c6ed0ece08:c2622, 06c1a879-4ae3-48dc-9686-b55cde066000:c2620, 67fae1a7-3cbe-4338-9d41-57e84498288b:c2620]
2019-07-10 10:27:30,744 INFO  client.GrpcClientProtocolClient (GrpcClientProtocolClient.java:onNext(255)) - client-821285EC2D67->9fa9a271-7bed-4435-b477-86c6ed0ece08: receive RaftClientReply:client-821285EC2D67->9fa9a271-7bed-4435-b477-86c6ed0ece08@group-0E07FAD1B91E, cid=1793, SUCCESS, logIndex=2625, commits[9fa9a271-7bed-4435-b477-86c6ed0ece08:c2625, 06c1a879-4ae3-48dc-9686-b55cde066000:c2621, 67fae1a7-3cbe-4338-9d41-57e84498288b:c2622]
2019-07-10 10:27:30,744 INFO  client.GrpcClientProtocolClient (GrpcClientProtocolClient.java:onNext(255)) - client-821285EC2D67->9fa9a271-7bed-4435-b477-86c6ed0ece08: receive RaftClientReply:client-821285EC2D67->9fa9a271-7bed-4435-b477-86c6ed0ece08@group-0E07FAD1B91E, cid=1794, SUCCESS, logIndex=2626, commits[9fa9a271-7bed-4435-b477-86c6ed0ece08:c2626, 06c1a879-4ae3-48dc-9686-b55cde066000:c2622, 67fae1a7-3cbe-4338-9d41-57e84498288b:c2622]
2019-07-10 10:27:30,747 INFO  client.GrpcClientProtocolClient (GrpcClientProtocolClient.java:onNext(255)) - client-821285EC2D67->9fa9a271-7bed-4435-b477-86c6ed0ece08: receive RaftClientReply:client-821285EC2D67->9fa9a271-7bed-4435-b477-86c6ed0ece08@group-0E07FAD1B91E, cid=1795, SUCCESS, logIndex=0, commits[9fa9a271-7bed-4435-b477-86c6ed0ece08:c2628, 06c1a879-4ae3-48dc-9686-b55cde066000:c2626, 67fae1a7-3cbe-4338-9d41-57e84498288b:c2626]
2019-07-10 10:27:30,769 INFO  client.GrpcClientProtocolClient (GrpcClientProtocolClient.java:onNext(255)) - client-821285EC2D67->9fa9a271-7bed-4435-b477-86c6ed0ece08: receive RaftClientReply:client-821285EC2D67->9fa9a271-7bed-4435-b477-86c6ed0ece08@group-0E07FAD1B91E, cid=1796, SUCCESS, logIndex=2629, commits[9fa9a271-7bed-4435-b477-86c6ed0ece08:c2629, 06c1a879-4ae3-48dc-9686-b55cde066000:c2628, 67fae1a7-3cbe-4338-9d41-57e84498288b:c2628]
2019-07-10 10:27:30,770 INFO  client.GrpcClientProtocolClient (GrpcClientProtocolClient.java:onNext(255)) - client-821285EC2D67->9fa9a271-7bed-4435-b477-86c6ed0ece08: receive RaftClientReply:client-821285EC2D67->9fa9a271-7bed-4435-b477-86c6ed0ece08@group-0E07FAD1B91E, cid=1797, SUCCESS, logIndex=2630, commits[9fa9a271-7bed-4435-b477-86c6ed0ece08:c2630, 06c1a879-4ae3-48dc-9686-b55cde066000:c2628, 67fae1a7-3cbe-4338-9d41-57e84498288b:c2628]
2019-07-10 10:27:30,782 INFO  client.GrpcClientProtocolClient (GrpcClientProtocolClient.java:onNext(255)) - client-821285EC2D67->9fa9a271-7bed-4435-b477-86c6ed0ece08: receive RaftClientReply:client-821285EC2D67->9fa9a271-7bed-4435-b477-86c6ed0ece08@group-0E07FAD1B91E, cid=1798, SUCCESS, logIndex=2631, commits[9fa9a271-7bed-4435-b477-86c6ed0ece08:c2634, 06c1a879-4ae3-48dc-9686-b55cde066000:c2630, 67fae1a7-3cbe-4338-9d41-57e84498288b:c2628]
2019-07-10 10:27:30,783 INFO  client.GrpcClientProtocolClient (GrpcClientProtocolClient.java:onNext(255)) - client-821285EC2D67->9fa9a271-7bed-4435-b477-86c6ed0ece08: receive RaftClientReply:client-821285EC2D67->9fa9a271-7bed-4435-b477-86c6ed0ece08@group-0E07FAD1B91E, cid=1799, SUCCESS, logIndex=2632, commits[9fa9a271-7bed-4435-b477-86c6ed0ece08:c2634, 06c1a879-4ae3-48dc-9686-b55cde066000:c2630, 67fae1a7-3cbe-4338-9d41-57e84498288b:c2628]
2019-07-10 10:27:30,784 INFO  client.GrpcClientProtocolClient (GrpcClientProtocolClient.java:onNext(255)) - client-821285EC2D67->9fa9a271-7bed-4435-b477-86c6ed0ece08: receive RaftClientReply:client-821285EC2D67->9fa9a271-7bed-4435-b477-86c6ed0ece08@group-0E07FAD1B91E, cid=1800, SUCCESS, logIndex=0, commits[9fa9a271-7bed-4435-b477-86c6ed0ece08:c2635, 06c1a879-4ae3-48dc-9686-b55cde066000:c2631, 67fae1a7-3cbe-4338-9d41-57e84498288b:c2630]
2019-07-10 10:27:30,803 INFO  client.GrpcClientProtocolClient (GrpcClientProtocolClient.java:onNext(255)) - client-821285EC2D67->9fa9a271-7bed-4435-b477-86c6ed0ece08: receive RaftClientReply:client-821285EC2D67->9fa9a271-7bed-4435-b477-86c6ed0ece08@group-0E07FAD1B91E, cid=1801, SUCCESS, logIndex=2637, commits[9fa9a271-7bed-4435-b477-86c6ed0ece08:c2638, 06c1a879-4ae3-48dc-9686-b55cde066000:c2636, 67fae1a7-3cbe-4338-9d41-57e84498288b:c2636]
2019-07-10 10:27:30,804 INFO  client.GrpcClientProtocolClient (GrpcClientProtocolClient.java:onNext(255)) - client-821285EC2D67->9fa9a271-7bed-4435-b477-86c6ed0ece08: receive RaftClientReply:client-821285EC2D67->9fa9a271-7bed-4435-b477-86c6ed0ece08@group-0E07FAD1B91E, cid=1802, SUCCESS, logIndex=2638, commits[9fa9a271-7bed-4435-b477-86c6ed0ece08:c2638, 06c1a879-4ae3-48dc-9686-b55cde066000:c2636, 67fae1a7-3cbe-4338-9d41-57e84498288b:c2636]
2019-07-10 10:27:30,815 INFO  client.GrpcClientProtocolClient (GrpcClientProtocolClient.java:onNext(255)) - client-821285EC2D67->9fa9a271-7bed-4435-b477-86c6ed0ece08: receive RaftClientReply:client-821285EC2D67->9fa9a271-7bed-4435-b477-86c6ed0ece08@group-0E07FAD1B91E, cid=1803, SUCCESS, logIndex=2641, commits[9fa9a271-7bed-4435-b477-86c6ed0ece08:c2642, 06c1a879-4ae3-48dc-9686-b55cde066000:c2638, 67fae1a7-3cbe-4338-9d41-57e84498288b:c2638]
2019-07-10 10:27:30,816 INFO  client.GrpcClientProtocolClient (GrpcClientProtocolClient.java:onNext(255)) - client-821285EC2D67->9fa9a271-7bed-4435-b477-86c6ed0ece08: receive RaftClientReply:client-821285EC2D67->9fa9a271-7bed-4435-b477-86c6ed0ece08@group-0E07FAD1B91E, cid=1804, SUCCESS, logIndex=2642, commits[9fa9a271-7bed-4435-b477-86c6ed0ece08:c2642, 06c1a879-4ae3-48dc-9686-b55cde066000:c2638, 67fae1a7-3cbe-4338-9d41-57e84498288b:c2638]
2019-07-10 10:27:30,818 INFO  client.GrpcClientProtocolClient (GrpcClientProtocolClient.java:onNext(255)) - client-821285EC2D67->9fa9a271-7bed-4435-b477-86c6ed0ece08: receive RaftClientReply:client-821285EC2D67->9fa9a271-7bed-4435-b477-86c6ed0ece08@group-0E07FAD1B91E, cid=1805, SUCCESS, logIndex=0, commits[9fa9a271-7bed-4435-b477-86c6ed0ece08:c2644, 06c1a879-4ae3-48dc-9686-b55cde066000:c2642, 67fae1a7-3cbe-4338-9d41-57e84498288b:c2642]
2019-07-10 10:27:30,847 INFO  client.GrpcClientProtocolClient (GrpcClientProtocolClient.java:onNext(255)) - client-821285EC2D67->9fa9a271-7bed-4435-b477-86c6ed0ece08: receive RaftClientReply:client-821285EC2D67->9fa9a271-7bed-4435-b477-86c6ed0ece08@group-0E07FAD1B91E, cid=1806, SUCCESS, logIndex=2645, commits[9fa9a271-7bed-4435-b477-86c6ed0ece08:c2646, 06c1a879-4ae3-48dc-9686-b55cde066000:c2644, 67fae1a7-3cbe-4338-9d41-57e84498288b:c2644]
2019-07-10 10:27:30,848 INFO  client.GrpcClientProtocolClient (GrpcClientProtocolClient.java:onNext(255)) - client-821285EC2D67->9fa9a271-7bed-4435-b477-86c6ed0ece08: receive RaftClientReply:client-821285EC2D67->9fa9a271-7bed-4435-b477-86c6ed0ece08@group-0E07FAD1B91E, cid=1807, SUCCESS, logIndex=2646, commits[9fa9a271-7bed-4435-b477-86c6ed0ece08:c2646, 06c1a879-4ae3-48dc-9686-b55cde066000:c2644, 67fae1a7-3cbe-4338-9d41-57e84498288b:c2644]
2019-07-10 10:27:30,848 INFO  client.GrpcClientProtocolClient (GrpcClientProtocolClient.java:onNext(255)) - client-821285EC2D67->9fa9a271-7bed-4435-b477-86c6ed0ece08: receive RaftClientReply:client-821285EC2D67->9fa9a271-7bed-4435-b477-86c6ed0ece08@group-0E07FAD1B91E, cid=1808, SUCCESS, logIndex=2647, commits[9fa9a271-7bed-4435-b477-86c6ed0ece08:c2648, 06c1a879-4ae3-48dc-9686-b55cde066000:c2644, 67fae1a7-3cbe-4338-9d41-57e84498288b:c2644]
2019-07-10 10:27:30,849 INFO  client.GrpcClientProtocolClient (GrpcClientProtocolClient.java:onNext(255)) - client-821285EC2D67->9fa9a271-7bed-4435-b477-86c6ed0ece08: receive RaftClientReply:client-821285EC2D67->9fa9a271-7bed-4435-b477-86c6ed0ece08@group-0E07FAD1B91E, cid=1809, SUCCESS, logIndex=2648, commits[9fa9a271-7bed-4435-b477-86c6ed0ece08:c2648, 06c1a879-4ae3-48dc-9686-b55cde066000:c2644, 67fae1a7-3cbe-4338-9d41-57e84498288b:c2644]
 0.00% |█                                                                                                    |  0/1 Time: 0:00:112019-07-10 10:27:31,375 WARN  util.JavaUtils (JavaUtils.java:sleep(250)) - Unexpected long sleep: sleep(1126ms) actually took 1611ms which is over the threshold 300ms
2019-07-10 10:27:31,379 INFO  client.GrpcClientProtocolClient (GrpcClientProtocolClient.java:onNext(255)) - client-821285EC2D67->9fa9a271-7bed-4435-b477-86c6ed0ece08: receive RaftClientReply:client-821285EC2D67->9fa9a271-7bed-4435-b477-86c6ed0ece08@group-0E07FAD1B91E, cid=1810, SUCCESS, logIndex=0, commits[9fa9a271-7bed-4435-b477-86c6ed0ece08:c2651, 06c1a879-4ae3-48dc-9686-b55cde066000:c2646, 67fae1a7-3cbe-4338-9d41-57e84498288b:c2648]
2019-07-10 10:27:31,409 INFO  client.GrpcClientProtocolClient (GrpcClientProtocolClient.java:onNext(255)) - client-821285EC2D67->9fa9a271-7bed-4435-b477-86c6ed0ece08: receive RaftClientReply:client-821285EC2D67->9fa9a271-7bed-4435-b477-86c6ed0ece08@group-0E07FAD1B91E, cid=1811, SUCCESS, logIndex=2652, commits[9fa9a271-7bed-4435-b477-86c6ed0ece08:c2653, 06c1a879-4ae3-48dc-9686-b55cde066000:c2651, 67fae1a7-3cbe-4338-9d41-57e84498288b:c2651]
2019-07-10 10:27:31,410 INFO  client.GrpcClientProtocolClient (GrpcClientProtocolClient.java:onNext(255)) - client-821285EC2D67->9fa9a271-7bed-4435-b477-86c6ed0ece08: receive RaftClientReply:client-821285EC2D67->9fa9a271-7bed-4435-b477-86c6ed0ece08@group-0E07FAD1B91E, cid=1812, SUCCESS, logIndex=2653, commits[9fa9a271-7bed-4435-b477-86c6ed0ece08:c2653, 06c1a879-4ae3-48dc-9686-b55cde066000:c2651, 67fae1a7-3cbe-4338-9d41-57e84498288b:c2651]
2019-07-10 10:27:31,433 INFO  client.GrpcClientProtocolClient (GrpcClientProtocolClient.java:onNext(255)) - client-821285EC2D67->9fa9a271-7bed-4435-b477-86c6ed0ece08: receive RaftClientReply:client-821285EC2D67->9fa9a271-7bed-4435-b477-86c6ed0ece08@group-0E07FAD1B91E, cid=1813, SUCCESS, logIndex=2656, commits[9fa9a271-7bed-4435-b477-86c6ed0ece08:c2657, 06c1a879-4ae3-48dc-9686-b55cde066000:c2653, 67fae1a7-3cbe-4338-9d41-57e84498288b:c2653]
2019-07-10 10:27:31,434 INFO  client.GrpcClientProtocolClient (GrpcClientProtocolClient.java:onNext(255)) - client-821285EC2D67->9fa9a271-7bed-4435-b477-86c6ed0ece08: receive RaftClientReply:client-821285EC2D67->9fa9a271-7bed-4435-b477-86c6ed0ece08@group-0E07FAD1B91E, cid=1814, SUCCESS, logIndex=2657, commits[9fa9a271-7bed-4435-b477-86c6ed0ece08:c2657, 06c1a879-4ae3-48dc-9686-b55cde066000:c2653, 67fae1a7-3cbe-4338-9d41-57e84498288b:c2653]
2019-07-10 10:27:31,437 INFO  client.GrpcClientProtocolClient (GrpcClientProtocolClient.java:onNext(255)) - client-821285EC2D67->9fa9a271-7bed-4435-b477-86c6ed0ece08: receive RaftClientReply:client-821285EC2D67->9fa9a271-7bed-4435-b477-86c6ed0ece08@group-0E07FAD1B91E, cid=1815, SUCCESS, logIndex=0, commits[9fa9a271-7bed-4435-b477-86c6ed0ece08:c2658, 06c1a879-4ae3-48dc-9686-b55cde066000:c2657, 67fae1a7-3cbe-4338-9d41-57e84498288b:c2657]
2019-07-10 10:27:31,473 INFO  client.GrpcClientProtocolClient (GrpcClientProtocolClient.java:onNext(255)) - client-821285EC2D67->9fa9a271-7bed-4435-b477-86c6ed0ece08: receive RaftClientReply:client-821285EC2D67->9fa9a271-7bed-4435-b477-86c6ed0ece08@group-0E07FAD1B91E, cid=1816, SUCCESS, logIndex=2660, commits[9fa9a271-7bed-4435-b477-86c6ed0ece08:c2661, 06c1a879-4ae3-48dc-9686-b55cde066000:c2659, 67fae1a7-3cbe-4338-9d41-57e84498288b:c2659]
2019-07-10 10:27:31,473 INFO  client.GrpcClientProtocolClient (GrpcClientProtocolClient.java:onNext(255)) - client-821285EC2D67->9fa9a271-7bed-4435-b477-86c6ed0ece08: receive RaftClientReply:client-821285EC2D67->9fa9a271-7bed-4435-b477-86c6ed0ece08@group-0E07FAD1B91E, cid=1817, SUCCESS, logIndex=2661, commits[9fa9a271-7bed-4435-b477-86c6ed0ece08:c2663, 06c1a879-4ae3-48dc-9686-b55cde066000:c2659, 67fae1a7-3cbe-4338-9d41-57e84498288b:c2659]
2019-07-10 10:27:31,474 INFO  client.GrpcClientProtocolClient (GrpcClientProtocolClient.java:onNext(255)) - client-821285EC2D67->9fa9a271-7bed-4435-b477-86c6ed0ece08: receive RaftClientReply:client-821285EC2D67->9fa9a271-7bed-4435-b477-86c6ed0ece08@group-0E07FAD1B91E, cid=1818, SUCCESS, logIndex=2662, commits[9fa9a271-7bed-4435-b477-86c6ed0ece08:c2663, 06c1a879-4ae3-48dc-9686-b55cde066000:c2659, 67fae1a7-3cbe-4338-9d41-57e84498288b:c2659]
2019-07-10 10:27:31,474 INFO  client.GrpcClientProtocolClient (GrpcClientProtocolClient.java:onNext(255)) - client-821285EC2D67->9fa9a271-7bed-4435-b477-86c6ed0ece08: receive RaftClientReply:client-821285EC2D67->9fa9a271-7bed-4435-b477-86c6ed0ece08@group-0E07FAD1B91E, cid=1819, SUCCESS, logIndex=2663, commits[9fa9a271-7bed-4435-b477-86c6ed0ece08:c2663, 06c1a879-4ae3-48dc-9686-b55cde066000:c2659, 67fae1a7-3cbe-4338-9d41-57e84498288b:c2659]
2019-07-10 10:27:31,485 INFO  client.GrpcClientProtocolClient (GrpcClientProtocolClient.java:onNext(255)) - client-821285EC2D67->9fa9a271-7bed-4435-b477-86c6ed0ece08: receive RaftClientReply:client-821285EC2D67->9fa9a271-7bed-4435-b477-86c6ed0ece08@group-0E07FAD1B91E, cid=1820, SUCCESS, logIndex=0, commits[9fa9a271-7bed-4435-b477-86c6ed0ece08:c2665, 06c1a879-4ae3-48dc-9686-b55cde066000:c2661, 67fae1a7-3cbe-4338-9d41-57e84498288b:c2661]
2019-07-10 10:27:31,508 INFO  client.GrpcClientProtocolClient (GrpcClientProtocolClient.java:onNext(255)) - client-821285EC2D67->9fa9a271-7bed-4435-b477-86c6ed0ece08: receive RaftClientReply:client-821285EC2D67->9fa9a271-7bed-4435-b477-86c6ed0ece08@group-0E07FAD1B91E, cid=1821, SUCCESS, logIndex=2668, commits[9fa9a271-7bed-4435-b477-86c6ed0ece08:c2669, 06c1a879-4ae3-48dc-9686-b55cde066000:c2667, 67fae1a7-3cbe-4338-9d41-57e84498288b:c2663]
2019-07-10 10:27:31,508 INFO  client.GrpcClientProtocolClient (GrpcClientProtocolClient.java:onNext(255)) - client-821285EC2D67->9fa9a271-7bed-4435-b477-86c6ed0ece08: receive RaftClientReply:client-821285EC2D67->9fa9a271-7bed-4435-b477-86c6ed0ece08@group-0E07FAD1B91E, cid=1822, SUCCESS, logIndex=2669, commits[9fa9a271-7bed-4435-b477-86c6ed0ece08:c2669, 06c1a879-4ae3-48dc-9686-b55cde066000:c2667, 67fae1a7-3cbe-4338-9d41-57e84498288b:c2667]
2019-07-10 10:27:31,522 INFO  client.GrpcClientProtocolClient (GrpcClientProtocolClient.java:onNext(255)) - client-821285EC2D67->9fa9a271-7bed-4435-b477-86c6ed0ece08: receive RaftClientReply:client-821285EC2D67->9fa9a271-7bed-4435-b477-86c6ed0ece08@group-0E07FAD1B91E, cid=1823, SUCCESS, logIndex=2672, commits[9fa9a271-7bed-4435-b477-86c6ed0ece08:c2673, 06c1a879-4ae3-48dc-9686-b55cde066000:c2670, 67fae1a7-3cbe-4338-9d41-57e84498288b:c2669]
2019-07-10 10:27:31,522 INFO  client.GrpcClientProtocolClient (GrpcClientProtocolClient.java:onNext(255)) - client-821285EC2D67->9fa9a271-7bed-4435-b477-86c6ed0ece08: receive RaftClientReply:client-821285EC2D67->9fa9a271-7bed-4435-b477-86c6ed0ece08@group-0E07FAD1B91E, cid=1824, SUCCESS, logIndex=2673, commits[9fa9a271-7bed-4435-b477-86c6ed0ece08:c2673, 06c1a879-4ae3-48dc-9686-b55cde066000:c2670, 67fae1a7-3cbe-4338-9d41-57e84498288b:c2670]
2019-07-10 10:27:31,533 INFO  client.GrpcClientProtocolClient (GrpcClientProtocolClient.java:onNext(255)) - client-821285EC2D67->9fa9a271-7bed-4435-b477-86c6ed0ece08: receive RaftClientReply:client-821285EC2D67->9fa9a271-7bed-4435-b477-86c6ed0ece08@group-0E07FAD1B91E, cid=1825, SUCCESS, logIndex=0, commits[9fa9a271-7bed-4435-b477-86c6ed0ece08:c2675, 06c1a879-4ae3-48dc-9686-b55cde066000:c2673, 67fae1a7-3cbe-4338-9d41-57e84498288b:c2673]
2019-07-10 10:27:31,562 INFO  client.GrpcClientProtocolClient (GrpcClientProtocolClient.java:onNext(255)) - client-821285EC2D67->9fa9a271-7bed-4435-b477-86c6ed0ece08: receive RaftClientReply:client-821285EC2D67->9fa9a271-7bed-4435-b477-86c6ed0ece08@group-0E07FAD1B91E, cid=1826, SUCCESS, logIndex=2676, commits[9fa9a271-7bed-4435-b477-86c6ed0ece08:c2677, 06c1a879-4ae3-48dc-9686-b55cde066000:c2675, 67fae1a7-3cbe-4338-9d41-57e84498288b:c2673]
2019-07-10 10:27:31,563 INFO  client.GrpcClientProtocolClient (GrpcClientProtocolClient.java:onNext(255)) - client-821285EC2D67->9fa9a271-7bed-4435-b477-86c6ed0ece08: receive RaftClientReply:client-821285EC2D67->9fa9a271-7bed-4435-b477-86c6ed0ece08@group-0E07FAD1B91E, cid=1827, SUCCESS, logIndex=2677, commits[9fa9a271-7bed-4435-b477-86c6ed0ece08:c2677, 06c1a879-4ae3-48dc-9686-b55cde066000:c2675, 67fae1a7-3cbe-4338-9d41-57e84498288b:c2675]
2019-07-10 10:27:31,563 INFO  client.GrpcClientProtocolClient (GrpcClientProtocolClient.java:onNext(255)) - client-821285EC2D67->9fa9a271-7bed-4435-b477-86c6ed0ece08: receive RaftClientReply:client-821285EC2D67->9fa9a271-7bed-4435-b477-86c6ed0ece08@group-0E07FAD1B91E, cid=1828, SUCCESS, logIndex=2678, commits[9fa9a271-7bed-4435-b477-86c6ed0ece08:c2679, 06c1a879-4ae3-48dc-9686-b55cde066000:c2675, 67fae1a7-3cbe-4338-9d41-57e84498288b:c2675]
2019-07-10 10:27:31,563 INFO  client.GrpcClientProtocolClient (GrpcClientProtocolClient.java:onNext(255)) - client-821285EC2D67->9fa9a271-7bed-4435-b477-86c6ed0ece08: receive RaftClientReply:client-821285EC2D67->9fa9a271-7bed-4435-b477-86c6ed0ece08@group-0E07FAD1B91E, cid=1829, SUCCESS, logIndex=2679, commits[9fa9a271-7bed-4435-b477-86c6ed0ece08:c2679, 06c1a879-4ae3-48dc-9686-b55cde066000:c2675, 67fae1a7-3cbe-4338-9d41-57e84498288b:c2675]
2019-07-10 10:27:31,566 INFO  client.GrpcClientProtocolClient (GrpcClientProtocolClient.java:onNext(255)) - client-821285EC2D67->9fa9a271-7bed-4435-b477-86c6ed0ece08: receive RaftClientReply:client-821285EC2D67->9fa9a271-7bed-4435-b477-86c6ed0ece08@group-0E07FAD1B91E, cid=1830, SUCCESS, logIndex=0, commits[9fa9a271-7bed-4435-b477-86c6ed0ece08:c2680, 06c1a879-4ae3-48dc-9686-b55cde066000:c2677, 67fae1a7-3cbe-4338-9d41-57e84498288b:c2677]
2019-07-10 10:27:31,584 INFO  client.GrpcClientProtocolClient (GrpcClientProtocolClient.java:onNext(255)) - client-821285EC2D67->9fa9a271-7bed-4435-b477-86c6ed0ece08: receive RaftClientReply:client-821285EC2D67->9fa9a271-7bed-4435-b477-86c6ed0ece08@group-0E07FAD1B91E, cid=1831, SUCCESS, logIndex=2683, commits[9fa9a271-7bed-4435-b477-86c6ed0ece08:c2684, 06c1a879-4ae3-48dc-9686-b55cde066000:c2682, 67fae1a7-3cbe-4338-9d41-57e84498288b:c2682]
2019-07-10 10:27:31,585 INFO  client.GrpcClientProtocolClient (GrpcClientProtocolClient.java:onNext(255)) - client-821285EC2D67->9fa9a271-7bed-4435-b477-86c6ed0ece08: receive RaftClientReply:client-821285EC2D67->9fa9a271-7bed-4435-b477-86c6ed0ece08@group-0E07FAD1B91E, cid=1832, SUCCESS, logIndex=2684, commits[9fa9a271-7bed-4435-b477-86c6ed0ece08:c2684, 06c1a879-4ae3-48dc-9686-b55cde066000:c2682, 67fae1a7-3cbe-4338-9d41-57e84498288b:c2682]
2019-07-10 10:27:31,596 INFO  client.GrpcClientProtocolClient (GrpcClientProtocolClient.java:onNext(255)) - client-821285EC2D67->9fa9a271-7bed-4435-b477-86c6ed0ece08: receive RaftClientReply:client-821285EC2D67->9fa9a271-7bed-4435-b477-86c6ed0ece08@group-0E07FAD1B91E, cid=1833, SUCCESS, logIndex=2687, commits[9fa9a271-7bed-4435-b477-86c6ed0ece08:c2688, 06c1a879-4ae3-48dc-9686-b55cde066000:c2683, 67fae1a7-3cbe-4338-9d41-57e84498288b:c2684]
2019-07-10 10:27:31,597 INFO  client.GrpcClientProtocolClient (GrpcClientProtocolClient.java:onNext(255)) - client-821285EC2D67->9fa9a271-7bed-4435-b477-86c6ed0ece08: receive RaftClientReply:client-821285EC2D67->9fa9a271-7bed-4435-b477-86c6ed0ece08@group-0E07FAD1B91E, cid=1834, SUCCESS, logIndex=2688, commits[9fa9a271-7bed-4435-b477-86c6ed0ece08:c2688, 06c1a879-4ae3-48dc-9686-b55cde066000:c2684, 67fae1a7-3cbe-4338-9d41-57e84498288b:c2684]
2019-07-10 10:27:31,601 INFO  client.GrpcClientProtocolClient (GrpcClientProtocolClient.java:onNext(255)) - client-821285EC2D67->9fa9a271-7bed-4435-b477-86c6ed0ece08: receive RaftClientReply:client-821285EC2D67->9fa9a271-7bed-4435-b477-86c6ed0ece08@group-0E07FAD1B91E, cid=1835, SUCCESS, logIndex=0, commits[9fa9a271-7bed-4435-b477-86c6ed0ece08:c2690, 06c1a879-4ae3-48dc-9686-b55cde066000:c2688, 67fae1a7-3cbe-4338-9d41-57e84498288b:c2688]
2019-07-10 10:27:31,628 INFO  client.GrpcClientProtocolClient (GrpcClientProtocolClient.java:onNext(255)) - client-821285EC2D67->9fa9a271-7bed-4435-b477-86c6ed0ece08: receive RaftClientReply:client-821285EC2D67->9fa9a271-7bed-4435-b477-86c6ed0ece08@group-0E07FAD1B91E, cid=1836, SUCCESS, logIndex=2691, commits[9fa9a271-7bed-4435-b477-86c6ed0ece08:c2692, 06c1a879-4ae3-48dc-9686-b55cde066000:c2690, 67fae1a7-3cbe-4338-9d41-57e84498288b:c2690]
2019-07-10 10:27:31,628 INFO  client.GrpcClientProtocolClient (GrpcClientProtocolClient.java:onNext(255)) - client-821285EC2D67->9fa9a271-7bed-4435-b477-86c6ed0ece08: receive RaftClientReply:client-821285EC2D67->9fa9a271-7bed-4435-b477-86c6ed0ece08@group-0E07FAD1B91E, cid=1837, SUCCESS, logIndex=2692, commits[9fa9a271-7bed-4435-b477-86c6ed0ece08:c2692, 06c1a879-4ae3-48dc-9686-b55cde066000:c2690, 67fae1a7-3cbe-4338-9d41-57e84498288b:c2690]
2019-07-10 10:27:31,629 INFO  client.GrpcClientProtocolClient (GrpcClientProtocolClient.java:onNext(255)) - client-821285EC2D67->9fa9a271-7bed-4435-b477-86c6ed0ece08: receive RaftClientReply:client-821285EC2D67->9fa9a271-7bed-4435-b477-86c6ed0ece08@group-0E07FAD1B91E, cid=1838, SUCCESS, logIndex=2693, commits[9fa9a271-7bed-4435-b477-86c6ed0ece08:c2694, 06c1a879-4ae3-48dc-9686-b55cde066000:c2690, 67fae1a7-3cbe-4338-9d41-57e84498288b:c2690]
2019-07-10 10:27:31,629 INFO  client.GrpcClientProtocolClient (GrpcClientProtocolClient.java:onNext(255)) - client-821285EC2D67->9fa9a271-7bed-4435-b477-86c6ed0ece08: receive RaftClientReply:client-821285EC2D67->9fa9a271-7bed-4435-b477-86c6ed0ece08@group-0E07FAD1B91E, cid=1839, SUCCESS, logIndex=2694, commits[9fa9a271-7bed-4435-b477-86c6ed0ece08:c2694, 06c1a879-4ae3-48dc-9686-b55cde066000:c2690, 67fae1a7-3cbe-4338-9d41-57e84498288b:c2690]
2019-07-10 10:27:31,632 INFO  client.GrpcClientProtocolClient (GrpcClientProtocolClient.java:onNext(255)) - client-821285EC2D67->9fa9a271-7bed-4435-b477-86c6ed0ece08: receive RaftClientReply:client-821285EC2D67->9fa9a271-7bed-4435-b477-86c6ed0ece08@group-0E07FAD1B91E, cid=1840, SUCCESS, logIndex=0, commits[9fa9a271-7bed-4435-b477-86c6ed0ece08:c2696, 06c1a879-4ae3-48dc-9686-b55cde066000:c2692, 67fae1a7-3cbe-4338-9d41-57e84498288b:c2692]
2019-07-10 10:27:31,651 INFO  client.GrpcClientProtocolClient (GrpcClientProtocolClient.java:onNext(255)) - client-821285EC2D67->9fa9a271-7bed-4435-b477-86c6ed0ece08: receive RaftClientReply:client-821285EC2D67->9fa9a271-7bed-4435-b477-86c6ed0ece08@group-0E07FAD1B91E, cid=1841, SUCCESS, logIndex=2699, commits[9fa9a271-7bed-4435-b477-86c6ed0ece08:c2700, 06c1a879-4ae3-48dc-9686-b55cde066000:c2698, 67fae1a7-3cbe-4338-9d41-57e84498288b:c2698]
2019-07-10 10:27:31,651 INFO  client.GrpcClientProtocolClient (GrpcClientProtocolClient.java:onNext(255)) - client-821285EC2D67->9fa9a271-7bed-4435-b477-86c6ed0ece08: receive RaftClientReply:client-821285EC2D67->9fa9a271-7bed-4435-b477-86c6ed0ece08@group-0E07FAD1B91E, cid=1842, SUCCESS, logIndex=2700, commits[9fa9a271-7bed-4435-b477-86c6ed0ece08:c2700, 06c1a879-4ae3-48dc-9686-b55cde066000:c2698, 67fae1a7-3cbe-4338-9d41-57e84498288b:c2698]
2019-07-10 10:27:31,663 INFO  client.GrpcClientProtocolClient (GrpcClientProtocolClient.java:onNext(255)) - client-821285EC2D67->9fa9a271-7bed-4435-b477-86c6ed0ece08: receive RaftClientReply:client-821285EC2D67->9fa9a271-7bed-4435-b477-86c6ed0ece08@group-0E07FAD1B91E, cid=1843, SUCCESS, logIndex=2703, commits[9fa9a271-7bed-4435-b477-86c6ed0ece08:c2704, 06c1a879-4ae3-48dc-9686-b55cde066000:c2699, 67fae1a7-3cbe-4338-9d41-57e84498288b:c2700]
2019-07-10 10:27:31,663 INFO  client.GrpcClientProtocolClient (GrpcClientProtocolClient.java:onNext(255)) - client-821285EC2D67->9fa9a271-7bed-4435-b477-86c6ed0ece08: receive RaftClientReply:client-821285EC2D67->9fa9a271-7bed-4435-b477-86c6ed0ece08@group-0E07FAD1B91E, cid=1844, SUCCESS, logIndex=2704, commits[9fa9a271-7bed-4435-b477-86c6ed0ece08:c2704, 06c1a879-4ae3-48dc-9686-b55cde066000:c2699, 67fae1a7-3cbe-4338-9d41-57e84498288b:c2700]
2019-07-10 10:27:31,664 INFO  client.GrpcClientProtocolClient (GrpcClientProtocolClient.java:onNext(255)) - client-821285EC2D67->9fa9a271-7bed-4435-b477-86c6ed0ece08: receive RaftClientReply:client-821285EC2D67->9fa9a271-7bed-4435-b477-86c6ed0ece08@group-0E07FAD1B91E, cid=1845, SUCCESS, logIndex=0, commits[9fa9a271-7bed-4435-b477-86c6ed0ece08:c2704, 06c1a879-4ae3-48dc-9686-b55cde066000:c2700, 67fae1a7-3cbe-4338-9d41-57e84498288b:c2700]
2019-07-10 10:27:31,665 INFO  client.GrpcClientProtocolClient (GrpcClientProtocolClient.java:onNext(255)) - client-821285EC2D67->9fa9a271-7bed-4435-b477-86c6ed0ece08: receive RaftClientReply:client-821285EC2D67->9fa9a271-7bed-4435-b477-86c6ed0ece08@group-0E07FAD1B91E, cid=1846, SUCCESS, logIndex=0, commits[9fa9a271-7bed-4435-b477-86c6ed0ece08:c2706, 06c1a879-4ae3-48dc-9686-b55cde066000:c2704, 67fae1a7-3cbe-4338-9d41-57e84498288b:c2704]
2019-07-10 10:27:31,685 INFO  client.GrpcClientProtocolClient (GrpcClientProtocolClient.java:onNext(255)) - client-821285EC2D67->9fa9a271-7bed-4435-b477-86c6ed0ece08: receive RaftClientReply:client-821285EC2D67->9fa9a271-7bed-4435-b477-86c6ed0ece08@group-0E07FAD1B91E, cid=1847, SUCCESS, logIndex=2707, commits[9fa9a271-7bed-4435-b477-86c6ed0ece08:c2708, 06c1a879-4ae3-48dc-9686-b55cde066000:c2706, 67fae1a7-3cbe-4338-9d41-57e84498288b:c2706]
2019-07-10 10:27:31,685 INFO  client.GrpcClientProtocolClient (GrpcClientProtocolClient.java:onNext(255)) - client-821285EC2D67->9fa9a271-7bed-4435-b477-86c6ed0ece08: receive RaftClientReply:client-821285EC2D67->9fa9a271-7bed-4435-b477-86c6ed0ece08@group-0E07FAD1B91E, cid=1848, SUCCESS, logIndex=2708, commits[9fa9a271-7bed-4435-b477-86c6ed0ece08:c2708, 06c1a879-4ae3-48dc-9686-b55cde066000:c2706, 67fae1a7-3cbe-4338-9d41-57e84498288b:c2706]
2019-07-10 10:27:31,695 INFO  client.GrpcClientProtocolClient (GrpcClientProtocolClient.java:onNext(255)) - client-821285EC2D67->9fa9a271-7bed-4435-b477-86c6ed0ece08: receive RaftClientReply:client-821285EC2D67->9fa9a271-7bed-4435-b477-86c6ed0ece08@group-0E07FAD1B91E, cid=1849, SUCCESS, logIndex=2709, commits[9fa9a271-7bed-4435-b477-86c6ed0ece08:c2710, 06c1a879-4ae3-48dc-9686-b55cde066000:c2708, 67fae1a7-3cbe-4338-9d41-57e84498288b:c2706]
2019-07-10 10:27:31,696 INFO  client.GrpcClientProtocolClient (GrpcClientProtocolClient.java:onNext(255)) - client-821285EC2D67->9fa9a271-7bed-4435-b477-86c6ed0ece08: receive RaftClientReply:client-821285EC2D67->9fa9a271-7bed-4435-b477-86c6ed0ece08@group-0E07FAD1B91E, cid=1850, SUCCESS, logIndex=2710, commits[9fa9a271-7bed-4435-b477-86c6ed0ece08:c2712, 06c1a879-4ae3-48dc-9686-b55cde066000:c2708, 67fae1a7-3cbe-4338-9d41-57e84498288b:c2707]
2019-07-10 10:27:31,697 INFO  client.GrpcClientProtocolClient (GrpcClientProtocolClient.java:onNext(255)) - client-821285EC2D67->9fa9a271-7bed-4435-b477-86c6ed0ece08: receive RaftClientReply:client-821285EC2D67->9fa9a271-7bed-4435-b477-86c6ed0ece08@group-0E07FAD1B91E, cid=1851, SUCCESS, logIndex=0, commits[9fa9a271-7bed-4435-b477-86c6ed0ece08:c2712, 06c1a879-4ae3-48dc-9686-b55cde066000:c2708, 67fae1a7-3cbe-4338-9d41-57e84498288b:c2708]
2019-07-10 10:27:31,717 INFO  client.GrpcClientProtocolClient (GrpcClientProtocolClient.java:onNext(255)) - client-821285EC2D67->9fa9a271-7bed-4435-b477-86c6ed0ece08: receive RaftClientReply:client-821285EC2D67->9fa9a271-7bed-4435-b477-86c6ed0ece08@group-0E07FAD1B91E, cid=1852, SUCCESS, logIndex=2715, commits[9fa9a271-7bed-4435-b477-86c6ed0ece08:c2716, 06c1a879-4ae3-48dc-9686-b55cde066000:c2714, 67fae1a7-3cbe-4338-9d41-57e84498288b:c2714]
2019-07-10 10:27:31,717 INFO  client.GrpcClientProtocolClient (GrpcClientProtocolClient.java:onNext(255)) - client-821285EC2D67->9fa9a271-7bed-4435-b477-86c6ed0ece08: receive RaftClientReply:client-821285EC2D67->9fa9a271-7bed-4435-b477-86c6ed0ece08@group-0E07FAD1B91E, cid=1853, SUCCESS, logIndex=2716, commits[9fa9a271-7bed-4435-b477-86c6ed0ece08:c2716, 06c1a879-4ae3-48dc-9686-b55cde066000:c2714, 67fae1a7-3cbe-4338-9d41-57e84498288b:c2714]
2019-07-10 10:27:31,738 INFO  client.GrpcClientProtocolClient (GrpcClientProtocolClient.java:onNext(255)) - client-821285EC2D67->9fa9a271-7bed-4435-b477-86c6ed0ece08: receive RaftClientReply:client-821285EC2D67->9fa9a271-7bed-4435-b477-86c6ed0ece08@group-0E07FAD1B91E, cid=1854, SUCCESS, logIndex=2719, commits[9fa9a271-7bed-4435-b477-86c6ed0ece08:c2720, 06c1a879-4ae3-48dc-9686-b55cde066000:c2716, 67fae1a7-3cbe-4338-9d41-57e84498288b:c2718]
2019-07-10 10:27:31,738 INFO  client.GrpcClientProtocolClient (GrpcClientProtocolClient.java:onNext(255)) - client-821285EC2D67->9fa9a271-7bed-4435-b477-86c6ed0ece08: receive RaftClientReply:client-821285EC2D67->9fa9a271-7bed-4435-b477-86c6ed0ece08@group-0E07FAD1B91E, cid=1855, SUCCESS, logIndex=2720, commits[9fa9a271-7bed-4435-b477-86c6ed0ece08:c2720, 06c1a879-4ae3-48dc-9686-b55cde066000:c2718, 67fae1a7-3cbe-4338-9d41-57e84498288b:c2718]
2019-07-10 10:27:31,740 INFO  client.GrpcClientProtocolClient (GrpcClientProtocolClient.java:onNext(255)) - client-821285EC2D67->9fa9a271-7bed-4435-b477-86c6ed0ece08: receive RaftClientReply:client-821285EC2D67->9fa9a271-7bed-4435-b477-86c6ed0ece08@group-0E07FAD1B91E, cid=1856, SUCCESS, logIndex=0, commits[9fa9a271-7bed-4435-b477-86c6ed0ece08:c2721, 06c1a879-4ae3-48dc-9686-b55cde066000:c2720, 67fae1a7-3cbe-4338-9d41-57e84498288b:c2720]
2019-07-10 10:27:31,766 INFO  client.GrpcClientProtocolClient (GrpcClientProtocolClient.java:onNext(255)) - client-821285EC2D67->9fa9a271-7bed-4435-b477-86c6ed0ece08: receive RaftClientReply:client-821285EC2D67->9fa9a271-7bed-4435-b477-86c6ed0ece08@group-0E07FAD1B91E, cid=1857, SUCCESS, logIndex=2723, commits[9fa9a271-7bed-4435-b477-86c6ed0ece08:c2724, 06c1a879-4ae3-48dc-9686-b55cde066000:c2722, 67fae1a7-3cbe-4338-9d41-57e84498288b:c2722]
2019-07-10 10:27:31,766 INFO  client.GrpcClientProtocolClient (GrpcClientProtocolClient.java:onNext(255)) - client-821285EC2D67->9fa9a271-7bed-4435-b477-86c6ed0ece08: receive RaftClientReply:client-821285EC2D67->9fa9a271-7bed-4435-b477-86c6ed0ece08@group-0E07FAD1B91E, cid=1858, SUCCESS, logIndex=2724, commits[9fa9a271-7bed-4435-b477-86c6ed0ece08:c2726, 06c1a879-4ae3-48dc-9686-b55cde066000:c2722, 67fae1a7-3cbe-4338-9d41-57e84498288b:c2722]
2019-07-10 10:27:31,766 INFO  client.GrpcClientProtocolClient (GrpcClientProtocolClient.java:onNext(255)) - client-821285EC2D67->9fa9a271-7bed-4435-b477-86c6ed0ece08: receive RaftClientReply:client-821285EC2D67->9fa9a271-7bed-4435-b477-86c6ed0ece08@group-0E07FAD1B91E, cid=1859, SUCCESS, logIndex=2725, commits[9fa9a271-7bed-4435-b477-86c6ed0ece08:c2726, 06c1a879-4ae3-48dc-9686-b55cde066000:c2722, 67fae1a7-3cbe-4338-9d41-57e84498288b:c2722]
2019-07-10 10:27:31,767 INFO  client.GrpcClientProtocolClient (GrpcClientProtocolClient.java:onNext(255)) - client-821285EC2D67->9fa9a271-7bed-4435-b477-86c6ed0ece08: receive RaftClientReply:client-821285EC2D67->9fa9a271-7bed-4435-b477-86c6ed0ece08@group-0E07FAD1B91E, cid=1860, SUCCESS, logIndex=2726, commits[9fa9a271-7bed-4435-b477-86c6ed0ece08:c2726, 06c1a879-4ae3-48dc-9686-b55cde066000:c2722, 67fae1a7-3cbe-4338-9d41-57e84498288b:c2722]
2019-07-10 10:27:31,777 INFO  client.GrpcClientProtocolClient (GrpcClientProtocolClient.java:onNext(255)) - client-821285EC2D67->9fa9a271-7bed-4435-b477-86c6ed0ece08: receive RaftClientReply:client-821285EC2D67->9fa9a271-7bed-4435-b477-86c6ed0ece08@group-0E07FAD1B91E, cid=1861, SUCCESS, logIndex=0, commits[9fa9a271-7bed-4435-b477-86c6ed0ece08:c2730, 06c1a879-4ae3-48dc-9686-b55cde066000:c2724, 67fae1a7-3cbe-4338-9d41-57e84498288b:c2726]
2019-07-10 10:27:31,789 INFO  client.GrpcClientProtocolClient (GrpcClientProtocolClient.java:onNext(255)) - client-821285EC2D67->9fa9a271-7bed-4435-b477-86c6ed0ece08: receive RaftClientReply:client-821285EC2D67->9fa9a271-7bed-4435-b477-86c6ed0ece08@group-0E07FAD1B91E, cid=1862, SUCCESS, logIndex=2731, commits[9fa9a271-7bed-4435-b477-86c6ed0ece08:c2732, 06c1a879-4ae3-48dc-9686-b55cde066000:c2726, 67fae1a7-3cbe-4338-9d41-57e84498288b:c2730]
2019-07-10 10:27:31,790 INFO  client.GrpcClientProtocolClient (GrpcClientProtocolClient.java:onNext(255)) - client-821285EC2D67->9fa9a271-7bed-4435-b477-86c6ed0ece08: receive RaftClientReply:client-821285EC2D67->9fa9a271-7bed-4435-b477-86c6ed0ece08@group-0E07FAD1B91E, cid=1863, SUCCESS, logIndex=2732, commits[9fa9a271-7bed-4435-b477-86c6ed0ece08:c2732, 06c1a879-4ae3-48dc-9686-b55cde066000:c2730, 67fae1a7-3cbe-4338-9d41-57e84498288b:c2730]
2019-07-10 10:27:31,809 INFO  client.GrpcClientProtocolClient (GrpcClientProtocolClient.java:onNext(255)) - client-821285EC2D67->9fa9a271-7bed-4435-b477-86c6ed0ece08: receive RaftClientReply:client-821285EC2D67->9fa9a271-7bed-4435-b477-86c6ed0ece08@group-0E07FAD1B91E, cid=1864, SUCCESS, logIndex=2735, commits[9fa9a271-7bed-4435-b477-86c6ed0ece08:c2736, 06c1a879-4ae3-48dc-9686-b55cde066000:c2734, 67fae1a7-3cbe-4338-9d41-57e84498288b:c2734]
2019-07-10 10:27:31,809 INFO  client.GrpcClientProtocolClient (GrpcClientProtocolClient.java:onNext(255)) - client-821285EC2D67->9fa9a271-7bed-4435-b477-86c6ed0ece08: receive RaftClientReply:client-821285EC2D67->9fa9a271-7bed-4435-b477-86c6ed0ece08@group-0E07FAD1B91E, cid=1865, SUCCESS, logIndex=2736, commits[9fa9a271-7bed-4435-b477-86c6ed0ece08:c2736, 06c1a879-4ae3-48dc-9686-b55cde066000:c2734, 67fae1a7-3cbe-4338-9d41-57e84498288b:c2734]
2019-07-10 10:27:31,822 INFO  client.GrpcClientProtocolClient (GrpcClientProtocolClient.java:onNext(255)) - client-821285EC2D67->9fa9a271-7bed-4435-b477-86c6ed0ece08: receive RaftClientReply:client-821285EC2D67->9fa9a271-7bed-4435-b477-86c6ed0ece08@group-0E07FAD1B91E, cid=1866, SUCCESS, logIndex=0, commits[9fa9a271-7bed-4435-b477-86c6ed0ece08:c2738, 06c1a879-4ae3-48dc-9686-b55cde066000:c2736, 67fae1a7-3cbe-4338-9d41-57e84498288b:c2736]
2019-07-10 10:27:31,852 INFO  client.GrpcClientProtocolClient (GrpcClientProtocolClient.java:onNext(255)) - client-821285EC2D67->9fa9a271-7bed-4435-b477-86c6ed0ece08: receive RaftClientReply:client-821285EC2D67->9fa9a271-7bed-4435-b477-86c6ed0ece08@group-0E07FAD1B91E, cid=1867, SUCCESS, logIndex=2739, commits[9fa9a271-7bed-4435-b477-86c6ed0ece08:c2741, 06c1a879-4ae3-48dc-9686-b55cde066000:c2738, 67fae1a7-3cbe-4338-9d41-57e84498288b:c2738]
2019-07-10 10:27:31,853 INFO  client.GrpcClientProtocolClient (GrpcClientProtocolClient.java:onNext(255)) - client-821285EC2D67->9fa9a271-7bed-4435-b477-86c6ed0ece08: receive RaftClientReply:client-821285EC2D67->9fa9a271-7bed-4435-b477-86c6ed0ece08@group-0E07FAD1B91E, cid=1868, SUCCESS, logIndex=2740, commits[9fa9a271-7bed-4435-b477-86c6ed0ece08:c2742, 06c1a879-4ae3-48dc-9686-b55cde066000:c2738, 67fae1a7-3cbe-4338-9d41-57e84498288b:c2738]
2019-07-10 10:27:31,853 INFO  client.GrpcClientProtocolClient (GrpcClientProtocolClient.java:onNext(255)) - client-821285EC2D67->9fa9a271-7bed-4435-b477-86c6ed0ece08: receive RaftClientReply:client-821285EC2D67->9fa9a271-7bed-4435-b477-86c6ed0ece08@group-0E07FAD1B91E, cid=1869, SUCCESS, logIndex=2741, commits[9fa9a271-7bed-4435-b477-86c6ed0ece08:c2742, 06c1a879-4ae3-48dc-9686-b55cde066000:c2738, 67fae1a7-3cbe-4338-9d41-57e84498288b:c2738]
2019-07-10 10:27:31,853 INFO  client.GrpcClientProtocolClient (GrpcClientProtocolClient.java:onNext(255)) - client-821285EC2D67->9fa9a271-7bed-4435-b477-86c6ed0ece08: receive RaftClientReply:client-821285EC2D67->9fa9a271-7bed-4435-b477-86c6ed0ece08@group-0E07FAD1B91E, cid=1870, SUCCESS, logIndex=2742, commits[9fa9a271-7bed-4435-b477-86c6ed0ece08:c2742, 06c1a879-4ae3-48dc-9686-b55cde066000:c2738, 67fae1a7-3cbe-4338-9d41-57e84498288b:c2738]
2019-07-10 10:27:31,865 INFO  client.GrpcClientProtocolClient (GrpcClientProtocolClient.java:onNext(255)) - client-821285EC2D67->9fa9a271-7bed-4435-b477-86c6ed0ece08: receive RaftClientReply:client-821285EC2D67->9fa9a271-7bed-4435-b477-86c6ed0ece08@group-0E07FAD1B91E, cid=1871, SUCCESS, logIndex=0, commits[9fa9a271-7bed-4435-b477-86c6ed0ece08:c2744, 06c1a879-4ae3-48dc-9686-b55cde066000:c2740, 67fae1a7-3cbe-4338-9d41-57e84498288b:c2740]
2019-07-10 10:27:31,883 INFO  client.GrpcClientProtocolClient (GrpcClientProtocolClient.java:onNext(255)) - client-821285EC2D67->9fa9a271-7bed-4435-b477-86c6ed0ece08: receive RaftClientReply:client-821285EC2D67->9fa9a271-7bed-4435-b477-86c6ed0ece08@group-0E07FAD1B91E, cid=1872, SUCCESS, logIndex=2747, commits[9fa9a271-7bed-4435-b477-86c6ed0ece08:c2748, 06c1a879-4ae3-48dc-9686-b55cde066000:c2746, 67fae1a7-3cbe-4338-9d41-57e84498288b:c2746]
2019-07-10 10:27:31,884 INFO  client.GrpcClientProtocolClient (GrpcClientProtocolClient.java:onNext(255)) - client-821285EC2D67->9fa9a271-7bed-4435-b477-86c6ed0ece08: receive RaftClientReply:client-821285EC2D67->9fa9a271-7bed-4435-b477-86c6ed0ece08@group-0E07FAD1B91E, cid=1873, SUCCESS, logIndex=2748, commits[9fa9a271-7bed-4435-b477-86c6ed0ece08:c2748, 06c1a879-4ae3-48dc-9686-b55cde066000:c2746, 67fae1a7-3cbe-4338-9d41-57e84498288b:c2746]
2019-07-10 10:27:31,895 INFO  client.GrpcClientProtocolClient (GrpcClientProtocolClient.java:onNext(255)) - client-821285EC2D67->9fa9a271-7bed-4435-b477-86c6ed0ece08: receive RaftClientReply:client-821285EC2D67->9fa9a271-7bed-4435-b477-86c6ed0ece08@group-0E07FAD1B91E, cid=1874, SUCCESS, logIndex=2751, commits[9fa9a271-7bed-4435-b477-86c6ed0ece08:c2752, 06c1a879-4ae3-48dc-9686-b55cde066000:c2747, 67fae1a7-3cbe-4338-9d41-57e84498288b:c2748]
2019-07-10 10:27:31,895 INFO  client.GrpcClientProtocolClient (GrpcClientProtocolClient.java:onNext(255)) - client-821285EC2D67->9fa9a271-7bed-4435-b477-86c6ed0ece08: receive RaftClientReply:client-821285EC2D67->9fa9a271-7bed-4435-b477-86c6ed0ece08@group-0E07FAD1B91E, cid=1875, SUCCESS, logIndex=2752, commits[9fa9a271-7bed-4435-b477-86c6ed0ece08:c2752, 06c1a879-4ae3-48dc-9686-b55cde066000:c2747, 67fae1a7-3cbe-4338-9d41-57e84498288b:c2748]
2019-07-10 10:27:31,896 INFO  client.GrpcClientProtocolClient (GrpcClientProtocolClient.java:onNext(255)) - client-821285EC2D67->9fa9a271-7bed-4435-b477-86c6ed0ece08: receive RaftClientReply:client-821285EC2D67->9fa9a271-7bed-4435-b477-86c6ed0ece08@group-0E07FAD1B91E, cid=1876, SUCCESS, logIndex=0, commits[9fa9a271-7bed-4435-b477-86c6ed0ece08:c2752, 06c1a879-4ae3-48dc-9686-b55cde066000:c2748, 67fae1a7-3cbe-4338-9d41-57e84498288b:c2748]
2019-07-10 10:27:31,915 INFO  client.GrpcClientProtocolClient (GrpcClientProtocolClient.java:onNext(255)) - client-821285EC2D67->9fa9a271-7bed-4435-b477-86c6ed0ece08: receive RaftClientReply:client-821285EC2D67->9fa9a271-7bed-4435-b477-86c6ed0ece08@group-0E07FAD1B91E, cid=1877, SUCCESS, logIndex=0, commits[9fa9a271-7bed-4435-b477-86c6ed0ece08:c2754, 06c1a879-4ae3-48dc-9686-b55cde066000:c2752, 67fae1a7-3cbe-4338-9d41-57e84498288b:c2752]
2019-07-10 10:27:32,006 INFO  client.GrpcClientProtocolClient (GrpcClientProtocolClient.java:onNext(255)) - client-821285EC2D67->9fa9a271-7bed-4435-b477-86c6ed0ece08: receive RaftClientReply:client-821285EC2D67->9fa9a271-7bed-4435-b477-86c6ed0ece08@group-0E07FAD1B91E, cid=1878, SUCCESS, logIndex=2755, commits[9fa9a271-7bed-4435-b477-86c6ed0ece08:c2758, 06c1a879-4ae3-48dc-9686-b55cde066000:c2752, 67fae1a7-3cbe-4338-9d41-57e84498288b:c2754]
2019-07-10 10:27:32,007 INFO  client.GrpcClientProtocolClient (GrpcClientProtocolClient.java:onNext(255)) - client-821285EC2D67->9fa9a271-7bed-4435-b477-86c6ed0ece08: receive RaftClientReply:client-821285EC2D67->9fa9a271-7bed-4435-b477-86c6ed0ece08@group-0E07FAD1B91E, cid=1879, SUCCESS, logIndex=2756, commits[9fa9a271-7bed-4435-b477-86c6ed0ece08:c2758, 06c1a879-4ae3-48dc-9686-b55cde066000:c2754, 67fae1a7-3cbe-4338-9d41-57e84498288b:c2754]
2019-07-10 10:27:32,007 INFO  client.GrpcClientProtocolClient (GrpcClientProtocolClient.java:onNext(255)) - client-821285EC2D67->9fa9a271-7bed-4435-b477-86c6ed0ece08: receive RaftClientReply:client-821285EC2D67->9fa9a271-7bed-4435-b477-86c6ed0ece08@group-0E07FAD1B91E, cid=1880, SUCCESS, logIndex=2757, commits[9fa9a271-7bed-4435-b477-86c6ed0ece08:c2758, 06c1a879-4ae3-48dc-9686-b55cde066000:c2754, 67fae1a7-3cbe-4338-9d41-57e84498288b:c2754]
2019-07-10 10:27:32,007 INFO  client.GrpcClientProtocolClient (GrpcClientProtocolClient.java:onNext(255)) - client-821285EC2D67->9fa9a271-7bed-4435-b477-86c6ed0ece08: receive RaftClientReply:client-821285EC2D67->9fa9a271-7bed-4435-b477-86c6ed0ece08@group-0E07FAD1B91E, cid=1881, SUCCESS, logIndex=2758, commits[9fa9a271-7bed-4435-b477-86c6ed0ece08:c2758, 06c1a879-4ae3-48dc-9686-b55cde066000:c2754, 67fae1a7-3cbe-4338-9d41-57e84498288b:c2754]
2019-07-10 10:27:32,009 INFO  client.GrpcClientProtocolClient (GrpcClientProtocolClient.java:onNext(255)) - client-821285EC2D67->9fa9a271-7bed-4435-b477-86c6ed0ece08: receive RaftClientReply:client-821285EC2D67->9fa9a271-7bed-4435-b477-86c6ed0ece08@group-0E07FAD1B91E, cid=1882, SUCCESS, logIndex=0, commits[9fa9a271-7bed-4435-b477-86c6ed0ece08:c2759, 06c1a879-4ae3-48dc-9686-b55cde066000:c2756, 67fae1a7-3cbe-4338-9d41-57e84498288b:c2756]
2019-07-10 10:27:32,021 INFO  client.GrpcClientProtocolClient (GrpcClientProtocolClient.java:onNext(255)) - client-821285EC2D67->9fa9a271-7bed-4435-b477-86c6ed0ece08: receive RaftClientReply:client-821285EC2D67->9fa9a271-7bed-4435-b477-86c6ed0ece08@group-0E07FAD1B91E, cid=1883, SUCCESS, logIndex=2763, commits[9fa9a271-7bed-4435-b477-86c6ed0ece08:c2764, 06c1a879-4ae3-48dc-9686-b55cde066000:c2762, 67fae1a7-3cbe-4338-9d41-57e84498288b:c2758]
2019-07-10 10:27:32,021 INFO  client.GrpcClientProtocolClient (GrpcClientProtocolClient.java:onNext(255)) - client-821285EC2D67->9fa9a271-7bed-4435-b477-86c6ed0ece08: receive RaftClientReply:client-821285EC2D67->9fa9a271-7bed-4435-b477-86c6ed0ece08@group-0E07FAD1B91E, cid=1884, SUCCESS, logIndex=2764, commits[9fa9a271-7bed-4435-b477-86c6ed0ece08:c2764, 06c1a879-4ae3-48dc-9686-b55cde066000:c2762, 67fae1a7-3cbe-4338-9d41-57e84498288b:c2762]
2019-07-10 10:27:32,037 INFO  client.GrpcClientProtocolClient (GrpcClientProtocolClient.java:onNext(255)) - client-821285EC2D67->9fa9a271-7bed-4435-b477-86c6ed0ece08: receive RaftClientReply:client-821285EC2D67->9fa9a271-7bed-4435-b477-86c6ed0ece08@group-0E07FAD1B91E, cid=1885, SUCCESS, logIndex=2767, commits[9fa9a271-7bed-4435-b477-86c6ed0ece08:c2768, 06c1a879-4ae3-48dc-9686-b55cde066000:c2764, 67fae1a7-3cbe-4338-9d41-57e84498288b:c2764]
2019-07-10 10:27:32,038 INFO  client.GrpcClientProtocolClient (GrpcClientProtocolClient.java:onNext(255)) - client-821285EC2D67->9fa9a271-7bed-4435-b477-86c6ed0ece08: receive RaftClientReply:client-821285EC2D67->9fa9a271-7bed-4435-b477-86c6ed0ece08@group-0E07FAD1B91E, cid=1886, SUCCESS, logIndex=2768, commits[9fa9a271-7bed-4435-b477-86c6ed0ece08:c2768, 06c1a879-4ae3-48dc-9686-b55cde066000:c2764, 67fae1a7-3cbe-4338-9d41-57e84498288b:c2764]
2019-07-10 10:27:32,041 INFO  client.GrpcClientProtocolClient (GrpcClientProtocolClient.java:onNext(255)) - client-821285EC2D67->9fa9a271-7bed-4435-b477-86c6ed0ece08: receive RaftClientReply:client-821285EC2D67->9fa9a271-7bed-4435-b477-86c6ed0ece08@group-0E07FAD1B91E, cid=1887, SUCCESS, logIndex=0, commits[9fa9a271-7bed-4435-b477-86c6ed0ece08:c2770, 06c1a879-4ae3-48dc-9686-b55cde066000:c2768, 67fae1a7-3cbe-4338-9d41-57e84498288b:c2768]
2019-07-10 10:27:32,066 INFO  client.GrpcClientProtocolClient (GrpcClientProtocolClient.java:onNext(255)) - client-821285EC2D67->9fa9a271-7bed-4435-b477-86c6ed0ece08: receive RaftClientReply:client-821285EC2D67->9fa9a271-7bed-4435-b477-86c6ed0ece08@group-0E07FAD1B91E, cid=1888, SUCCESS, logIndex=2771, commits[9fa9a271-7bed-4435-b477-86c6ed0ece08:c2772, 06c1a879-4ae3-48dc-9686-b55cde066000:c2770, 67fae1a7-3cbe-4338-9d41-57e84498288b:c2770]
2019-07-10 10:27:32,067 INFO  client.GrpcClientProtocolClient (GrpcClientProtocolClient.java:onNext(255)) - client-821285EC2D67->9fa9a271-7bed-4435-b477-86c6ed0ece08: receive RaftClientReply:client-821285EC2D67->9fa9a271-7bed-4435-b477-86c6ed0ece08@group-0E07FAD1B91E, cid=1889, SUCCESS, logIndex=2772, commits[9fa9a271-7bed-4435-b477-86c6ed0ece08:c2774, 06c1a879-4ae3-48dc-9686-b55cde066000:c2770, 67fae1a7-3cbe-4338-9d41-57e84498288b:c2770]
2019-07-10 10:27:32,067 INFO  client.GrpcClientProtocolClient (GrpcClientProtocolClient.java:onNext(255)) - client-821285EC2D67->9fa9a271-7bed-4435-b477-86c6ed0ece08: receive RaftClientReply:client-821285EC2D67->9fa9a271-7bed-4435-b477-86c6ed0ece08@group-0E07FAD1B91E, cid=1890, SUCCESS, logIndex=2773, commits[9fa9a271-7bed-4435-b477-86c6ed0ece08:c2774, 06c1a879-4ae3-48dc-9686-b55cde066000:c2770, 67fae1a7-3cbe-4338-9d41-57e84498288b:c2770]
2019-07-10 10:27:32,067 INFO  client.GrpcClientProtocolClient (GrpcClientProtocolClient.java:onNext(255)) - client-821285EC2D67->9fa9a271-7bed-4435-b477-86c6ed0ece08: receive RaftClientReply:client-821285EC2D67->9fa9a271-7bed-4435-b477-86c6ed0ece08@group-0E07FAD1B91E, cid=1891, SUCCESS, logIndex=2774, commits[9fa9a271-7bed-4435-b477-86c6ed0ece08:c2774, 06c1a879-4ae3-48dc-9686-b55cde066000:c2770, 67fae1a7-3cbe-4338-9d41-57e84498288b:c2770]
2019-07-10 10:27:32,087 INFO  client.GrpcClientProtocolClient (GrpcClientProtocolClient.java:onNext(255)) - client-821285EC2D67->9fa9a271-7bed-4435-b477-86c6ed0ece08: receive RaftClientReply:client-821285EC2D67->9fa9a271-7bed-4435-b477-86c6ed0ece08@group-0E07FAD1B91E, cid=1892, SUCCESS, logIndex=0, commits[9fa9a271-7bed-4435-b477-86c6ed0ece08:c2776, 06c1a879-4ae3-48dc-9686-b55cde066000:c2772, 67fae1a7-3cbe-4338-9d41-57e84498288b:c2772]
2019-07-10 10:27:32,097 INFO  client.GrpcClientProtocolClient (GrpcClientProtocolClient.java:onNext(255)) - client-821285EC2D67->9fa9a271-7bed-4435-b477-86c6ed0ece08: receive RaftClientReply:client-821285EC2D67->9fa9a271-7bed-4435-b477-86c6ed0ece08@group-0E07FAD1B91E, cid=1893, SUCCESS, logIndex=2779, commits[9fa9a271-7bed-4435-b477-86c6ed0ece08:c2780, 06c1a879-4ae3-48dc-9686-b55cde066000:c2778, 67fae1a7-3cbe-4338-9d41-57e84498288b:c2774]
2019-07-10 10:27:32,098 INFO  client.GrpcClientProtocolClient (GrpcClientProtocolClient.java:onNext(255)) - client-821285EC2D67->9fa9a271-7bed-4435-b477-86c6ed0ece08: receive RaftClientReply:client-821285EC2D67->9fa9a271-7bed-4435-b477-86c6ed0ece08@group-0E07FAD1B91E, cid=1894, SUCCESS, logIndex=2780, commits[9fa9a271-7bed-4435-b477-86c6ed0ece08:c2780, 06c1a879-4ae3-48dc-9686-b55cde066000:c2778, 67fae1a7-3cbe-4338-9d41-57e84498288b:c2774]
2019-07-10 10:27:32,109 INFO  client.GrpcClientProtocolClient (GrpcClientProtocolClient.java:onNext(255)) - client-821285EC2D67->9fa9a271-7bed-4435-b477-86c6ed0ece08: receive RaftClientReply:client-821285EC2D67->9fa9a271-7bed-4435-b477-86c6ed0ece08@group-0E07FAD1B91E, cid=1895, SUCCESS, logIndex=2783, commits[9fa9a271-7bed-4435-b477-86c6ed0ece08:c2784, 06c1a879-4ae3-48dc-9686-b55cde066000:c2780, 67fae1a7-3cbe-4338-9d41-57e84498288b:c2782]
2019-07-10 10:27:32,109 INFO  client.GrpcClientProtocolClient (GrpcClientProtocolClient.java:onNext(255)) - client-821285EC2D67->9fa9a271-7bed-4435-b477-86c6ed0ece08: receive RaftClientReply:client-821285EC2D67->9fa9a271-7bed-4435-b477-86c6ed0ece08@group-0E07FAD1B91E, cid=1896, SUCCESS, logIndex=2784, commits[9fa9a271-7bed-4435-b477-86c6ed0ece08:c2784, 06c1a879-4ae3-48dc-9686-b55cde066000:c2782, 67fae1a7-3cbe-4338-9d41-57e84498288b:c2782]
2019-07-10 10:27:32,110 INFO  client.GrpcClientProtocolClient (GrpcClientProtocolClient.java:onNext(255)) - client-821285EC2D67->9fa9a271-7bed-4435-b477-86c6ed0ece08: receive RaftClientReply:client-821285EC2D67->9fa9a271-7bed-4435-b477-86c6ed0ece08@group-0E07FAD1B91E, cid=1897, SUCCESS, logIndex=0, commits[9fa9a271-7bed-4435-b477-86c6ed0ece08:c2785, 06c1a879-4ae3-48dc-9686-b55cde066000:c2784, 67fae1a7-3cbe-4338-9d41-57e84498288b:c2784]
2019-07-10 10:27:32,135 INFO  client.GrpcClientProtocolClient (GrpcClientProtocolClient.java:onNext(255)) - client-821285EC2D67->9fa9a271-7bed-4435-b477-86c6ed0ece08: receive RaftClientReply:client-821285EC2D67->9fa9a271-7bed-4435-b477-86c6ed0ece08@group-0E07FAD1B91E, cid=1898, SUCCESS, logIndex=2787, commits[9fa9a271-7bed-4435-b477-86c6ed0ece08:c2789, 06c1a879-4ae3-48dc-9686-b55cde066000:c2786, 67fae1a7-3cbe-4338-9d41-57e84498288b:c2786]
2019-07-10 10:27:32,135 INFO  client.GrpcClientProtocolClient (GrpcClientProtocolClient.java:onNext(255)) - client-821285EC2D67->9fa9a271-7bed-4435-b477-86c6ed0ece08: receive RaftClientReply:client-821285EC2D67->9fa9a271-7bed-4435-b477-86c6ed0ece08@group-0E07FAD1B91E, cid=1899, SUCCESS, logIndex=2788, commits[9fa9a271-7bed-4435-b477-86c6ed0ece08:c2790, 06c1a879-4ae3-48dc-9686-b55cde066000:c2786, 67fae1a7-3cbe-4338-9d41-57e84498288b:c2786]
2019-07-10 10:27:32,136 INFO  client.GrpcClientProtocolClient (GrpcClientProtocolClient.java:onNext(255)) - client-821285EC2D67->9fa9a271-7bed-4435-b477-86c6ed0ece08: receive RaftClientReply:client-821285EC2D67->9fa9a271-7bed-4435-b477-86c6ed0ece08@group-0E07FAD1B91E, cid=1900, SUCCESS, logIndex=2789, commits[9fa9a271-7bed-4435-b477-86c6ed0ece08:c2790, 06c1a879-4ae3-48dc-9686-b55cde066000:c2786, 67fae1a7-3cbe-4338-9d41-57e84498288b:c2786]
2019-07-10 10:27:32,136 INFO  client.GrpcClientProtocolClient (GrpcClientProtocolClient.java:onNext(255)) - client-821285EC2D67->9fa9a271-7bed-4435-b477-86c6ed0ece08: receive RaftClientReply:client-821285EC2D67->9fa9a271-7bed-4435-b477-86c6ed0ece08@group-0E07FAD1B91E, cid=1901, SUCCESS, logIndex=2790, commits[9fa9a271-7bed-4435-b477-86c6ed0ece08:c2790, 06c1a879-4ae3-48dc-9686-b55cde066000:c2786, 67fae1a7-3cbe-4338-9d41-57e84498288b:c2786]
2019-07-10 10:27:32,139 INFO  client.GrpcClientProtocolClient (GrpcClientProtocolClient.java:onNext(255)) - client-821285EC2D67->9fa9a271-7bed-4435-b477-86c6ed0ece08: receive RaftClientReply:client-821285EC2D67->9fa9a271-7bed-4435-b477-86c6ed0ece08@group-0E07FAD1B91E, cid=1902, SUCCESS, logIndex=0, commits[9fa9a271-7bed-4435-b477-86c6ed0ece08:c2794, 06c1a879-4ae3-48dc-9686-b55cde066000:c2790, 67fae1a7-3cbe-4338-9d41-57e84498288b:c2788]
2019-07-10 10:27:32,155 INFO  client.GrpcClientProtocolClient (GrpcClientProtocolClient.java:onNext(255)) - client-821285EC2D67->9fa9a271-7bed-4435-b477-86c6ed0ece08: receive RaftClientReply:client-821285EC2D67->9fa9a271-7bed-4435-b477-86c6ed0ece08@group-0E07FAD1B91E, cid=1903, SUCCESS, logIndex=2795, commits[9fa9a271-7bed-4435-b477-86c6ed0ece08:c2796, 06c1a879-4ae3-48dc-9686-b55cde066000:c2794, 67fae1a7-3cbe-4338-9d41-57e84498288b:c2794]
2019-07-10 10:27:32,156 INFO  client.GrpcClientProtocolClient (GrpcClientProtocolClient.java:onNext(255)) - client-821285EC2D67->9fa9a271-7bed-4435-b477-86c6ed0ece08: receive RaftClientReply:client-821285EC2D67->9fa9a271-7bed-4435-b477-86c6ed0ece08@group-0E07FAD1B91E, cid=1904, SUCCESS, logIndex=2796, commits[9fa9a271-7bed-4435-b477-86c6ed0ece08:c2796, 06c1a879-4ae3-48dc-9686-b55cde066000:c2794, 67fae1a7-3cbe-4338-9d41-57e84498288b:c2794]
2019-07-10 10:27:32,167 INFO  client.GrpcClientProtocolClient (GrpcClientProtocolClient.java:onNext(255)) - client-821285EC2D67->9fa9a271-7bed-4435-b477-86c6ed0ece08: receive RaftClientReply:client-821285EC2D67->9fa9a271-7bed-4435-b477-86c6ed0ece08@group-0E07FAD1B91E, cid=1905, SUCCESS, logIndex=2799, commits[9fa9a271-7bed-4435-b477-86c6ed0ece08:c2800, 06c1a879-4ae3-48dc-9686-b55cde066000:c2796, 67fae1a7-3cbe-4338-9d41-57e84498288b:c2796]
2019-07-10 10:27:32,167 INFO  client.GrpcClientProtocolClient (GrpcClientProtocolClient.java:onNext(255)) - client-821285EC2D67->9fa9a271-7bed-4435-b477-86c6ed0ece08: receive RaftClientReply:client-821285EC2D67->9fa9a271-7bed-4435-b477-86c6ed0ece08@group-0E07FAD1B91E, cid=1906, SUCCESS, logIndex=2800, commits[9fa9a271-7bed-4435-b477-86c6ed0ece08:c2800, 06c1a879-4ae3-48dc-9686-b55cde066000:c2796, 67fae1a7-3cbe-4338-9d41-57e84498288b:c2796]
2019-07-10 10:27:32,179 INFO  client.GrpcClientProtocolClient (GrpcClientProtocolClient.java:onNext(255)) - client-821285EC2D67->9fa9a271-7bed-4435-b477-86c6ed0ece08: receive RaftClientReply:client-821285EC2D67->9fa9a271-7bed-4435-b477-86c6ed0ece08@group-0E07FAD1B91E, cid=1907, SUCCESS, logIndex=0, commits[9fa9a271-7bed-4435-b477-86c6ed0ece08:c2802, 06c1a879-4ae3-48dc-9686-b55cde066000:c2800, 67fae1a7-3cbe-4338-9d41-57e84498288b:c2800]
2019-07-10 10:27:32,198 INFO  client.GrpcClientProtocolClient (GrpcClientProtocolClient.java:onNext(255)) - client-821285EC2D67->9fa9a271-7bed-4435-b477-86c6ed0ece08: receive RaftClientReply:client-821285EC2D67->9fa9a271-7bed-4435-b477-86c6ed0ece08@group-0E07FAD1B91E, cid=1908, SUCCESS, logIndex=2803, commits[9fa9a271-7bed-4435-b477-86c6ed0ece08:c2805, 06c1a879-4ae3-48dc-9686-b55cde066000:c2802, 67fae1a7-3cbe-4338-9d41-57e84498288b:c2802]
2019-07-10 10:27:32,198 INFO  client.GrpcClientProtocolClient (GrpcClientProtocolClient.java:onNext(255)) - client-821285EC2D67->9fa9a271-7bed-4435-b477-86c6ed0ece08: receive RaftClientReply:client-821285EC2D67->9fa9a271-7bed-4435-b477-86c6ed0ece08@group-0E07FAD1B91E, cid=1909, SUCCESS, logIndex=2804, commits[9fa9a271-7bed-4435-b477-86c6ed0ece08:c2806, 06c1a879-4ae3-48dc-9686-b55cde066000:c2802, 67fae1a7-3cbe-4338-9d41-57e84498288b:c2802]
2019-07-10 10:27:32,199 INFO  client.GrpcClientProtocolClient (GrpcClientProtocolClient.java:onNext(255)) - client-821285EC2D67->9fa9a271-7bed-4435-b477-86c6ed0ece08: receive RaftClientReply:client-821285EC2D67->9fa9a271-7bed-4435-b477-86c6ed0ece08@group-0E07FAD1B91E, cid=1910, SUCCESS, logIndex=2805, commits[9fa9a271-7bed-4435-b477-86c6ed0ece08:c2806, 06c1a879-4ae3-48dc-9686-b55cde066000:c2802, 67fae1a7-3cbe-4338-9d41-57e84498288b:c2802]
2019-07-10 10:27:32,199 INFO  client.GrpcClientProtocolClient (GrpcClientProtocolClient.java:onNext(255)) - client-821285EC2D67->9fa9a271-7bed-4435-b477-86c6ed0ece08: receive RaftClientReply:client-821285EC2D67->9fa9a271-7bed-4435-b477-86c6ed0ece08@group-0E07FAD1B91E, cid=1911, SUCCESS, logIndex=2806, commits[9fa9a271-7bed-4435-b477-86c6ed0ece08:c2806, 06c1a879-4ae3-48dc-9686-b55cde066000:c2802, 67fae1a7-3cbe-4338-9d41-57e84498288b:c2802]
2019-07-10 10:27:32,203 INFO  client.GrpcClientProtocolClient (GrpcClientProtocolClient.java:onNext(255)) - client-821285EC2D67->9fa9a271-7bed-4435-b477-86c6ed0ece08: receive RaftClientReply:client-821285EC2D67->9fa9a271-7bed-4435-b477-86c6ed0ece08@group-0E07FAD1B91E, cid=1912, SUCCESS, logIndex=0, commits[9fa9a271-7bed-4435-b477-86c6ed0ece08:c2810, 06c1a879-4ae3-48dc-9686-b55cde066000:c2806, 67fae1a7-3cbe-4338-9d41-57e84498288b:c2804]
2019-07-10 10:27:32,223 INFO  client.GrpcClientProtocolClient (GrpcClientProtocolClient.java:onNext(255)) - client-821285EC2D67->9fa9a271-7bed-4435-b477-86c6ed0ece08: receive RaftClientReply:client-821285EC2D67->9fa9a271-7bed-4435-b477-86c6ed0ece08@group-0E07FAD1B91E, cid=1913, SUCCESS, logIndex=2811, commits[9fa9a271-7bed-4435-b477-86c6ed0ece08:c2812, 06c1a879-4ae3-48dc-9686-b55cde066000:c2810, 67fae1a7-3cbe-4338-9d41-57e84498288b:c2810]
2019-07-10 10:27:32,223 INFO  client.GrpcClientProtocolClient (GrpcClientProtocolClient.java:onNext(255)) - client-821285EC2D67->9fa9a271-7bed-4435-b477-86c6ed0ece08: receive RaftClientReply:client-821285EC2D67->9fa9a271-7bed-4435-b477-86c6ed0ece08@group-0E07FAD1B91E, cid=1914, SUCCESS, logIndex=2812, commits[9fa9a271-7bed-4435-b477-86c6ed0ece08:c2812, 06c1a879-4ae3-48dc-9686-b55cde066000:c2810, 67fae1a7-3cbe-4338-9d41-57e84498288b:c2810]
2019-07-10 10:27:32,241 INFO  client.GrpcClientProtocolClient (GrpcClientProtocolClient.java:onNext(255)) - client-821285EC2D67->9fa9a271-7bed-4435-b477-86c6ed0ece08: receive RaftClientReply:client-821285EC2D67->9fa9a271-7bed-4435-b477-86c6ed0ece08@group-0E07FAD1B91E, cid=1915, SUCCESS, logIndex=2815, commits[9fa9a271-7bed-4435-b477-86c6ed0ece08:c2816, 06c1a879-4ae3-48dc-9686-b55cde066000:c2814, 67fae1a7-3cbe-4338-9d41-57e84498288b:c2814]
2019-07-10 10:27:32,241 INFO  client.GrpcClientProtocolClient (GrpcClientProtocolClient.java:onNext(255)) - client-821285EC2D67->9fa9a271-7bed-4435-b477-86c6ed0ece08: receive RaftClientReply:client-821285EC2D67->9fa9a271-7bed-4435-b477-86c6ed0ece08@group-0E07FAD1B91E, cid=1916, SUCCESS, logIndex=2816, commits[9fa9a271-7bed-4435-b477-86c6ed0ece08:c2816, 06c1a879-4ae3-48dc-9686-b55cde066000:c2814, 67fae1a7-3cbe-4338-9d41-57e84498288b:c2814]
2019-07-10 10:27:32,254 INFO  client.GrpcClientProtocolClient (GrpcClientProtocolClient.java:onNext(255)) - client-821285EC2D67->9fa9a271-7bed-4435-b477-86c6ed0ece08: receive RaftClientReply:client-821285EC2D67->9fa9a271-7bed-4435-b477-86c6ed0ece08@group-0E07FAD1B91E, cid=1917, SUCCESS, logIndex=0, commits[9fa9a271-7bed-4435-b477-86c6ed0ece08:c2818, 06c1a879-4ae3-48dc-9686-b55cde066000:c2816, 67fae1a7-3cbe-4338-9d41-57e84498288b:c2816]
2019-07-10 10:27:32,278 INFO  client.GrpcClientProtocolClient (GrpcClientProtocolClient.java:onNext(255)) - client-821285EC2D67->9fa9a271-7bed-4435-b477-86c6ed0ece08: receive RaftClientReply:client-821285EC2D67->9fa9a271-7bed-4435-b477-86c6ed0ece08@group-0E07FAD1B91E, cid=1918, SUCCESS, logIndex=2819, commits[9fa9a271-7bed-4435-b477-86c6ed0ece08:c2819, 06c1a879-4ae3-48dc-9686-b55cde066000:c2818, 67fae1a7-3cbe-4338-9d41-57e84498288b:c2818]
2019-07-10 10:27:32,279 INFO  client.GrpcClientProtocolClient (GrpcClientProtocolClient.java:onNext(255)) - client-821285EC2D67->9fa9a271-7bed-4435-b477-86c6ed0ece08: receive RaftClientReply:client-821285EC2D67->9fa9a271-7bed-4435-b477-86c6ed0ece08@group-0E07FAD1B91E, cid=1919, SUCCESS, logIndex=2820, commits[9fa9a271-7bed-4435-b477-86c6ed0ece08:c2820, 06c1a879-4ae3-48dc-9686-b55cde066000:c2818, 67fae1a7-3cbe-4338-9d41-57e84498288b:c2818]
2019-07-10 10:27:32,279 INFO  client.GrpcClientProtocolClient (GrpcClientProtocolClient.java:onNext(255)) - client-821285EC2D67->9fa9a271-7bed-4435-b477-86c6ed0ece08: receive RaftClientReply:client-821285EC2D67->9fa9a271-7bed-4435-b477-86c6ed0ece08@group-0E07FAD1B91E, cid=1920, SUCCESS, logIndex=2821, commits[9fa9a271-7bed-4435-b477-86c6ed0ece08:c2821, 06c1a879-4ae3-48dc-9686-b55cde066000:c2818, 67fae1a7-3cbe-4338-9d41-57e84498288b:c2818]
2019-07-10 10:27:32,280 INFO  client.GrpcClientProtocolClient (GrpcClientProtocolClient.java:onNext(255)) - client-821285EC2D67->9fa9a271-7bed-4435-b477-86c6ed0ece08: receive RaftClientReply:client-821285EC2D67->9fa9a271-7bed-4435-b477-86c6ed0ece08@group-0E07FAD1B91E, cid=1921, SUCCESS, logIndex=2822, commits[9fa9a271-7bed-4435-b477-86c6ed0ece08:c2822, 06c1a879-4ae3-48dc-9686-b55cde066000:c2818, 67fae1a7-3cbe-4338-9d41-57e84498288b:c2818]
2019-07-10 10:27:32,284 INFO  client.GrpcClientProtocolClient (GrpcClientProtocolClient.java:onNext(255)) - client-821285EC2D67->9fa9a271-7bed-4435-b477-86c6ed0ece08: receive RaftClientReply:client-821285EC2D67->9fa9a271-7bed-4435-b477-86c6ed0ece08@group-0E07FAD1B91E, cid=1922, SUCCESS, logIndex=0, commits[9fa9a271-7bed-4435-b477-86c6ed0ece08:c2824, 06c1a879-4ae3-48dc-9686-b55cde066000:c2820, 67fae1a7-3cbe-4338-9d41-57e84498288b:c2820]
2019-07-10 10:27:32,306 INFO  client.GrpcClientProtocolClient (GrpcClientProtocolClient.java:onNext(255)) - client-821285EC2D67->9fa9a271-7bed-4435-b477-86c6ed0ece08: receive RaftClientReply:client-821285EC2D67->9fa9a271-7bed-4435-b477-86c6ed0ece08@group-0E07FAD1B91E, cid=1923, SUCCESS, logIndex=2827, commits[9fa9a271-7bed-4435-b477-86c6ed0ece08:c2828, 06c1a879-4ae3-48dc-9686-b55cde066000:c2826, 67fae1a7-3cbe-4338-9d41-57e84498288b:c2826]
2019-07-10 10:27:32,306 INFO  client.GrpcClientProtocolClient (GrpcClientProtocolClient.java:onNext(255)) - client-821285EC2D67->9fa9a271-7bed-4435-b477-86c6ed0ece08: receive RaftClientReply:client-821285EC2D67->9fa9a271-7bed-4435-b477-86c6ed0ece08@group-0E07FAD1B91E, cid=1924, SUCCESS, logIndex=2828, commits[9fa9a271-7bed-4435-b477-86c6ed0ece08:c2828, 06c1a879-4ae3-48dc-9686-b55cde066000:c2826, 67fae1a7-3cbe-4338-9d41-57e84498288b:c2826]
2019-07-10 10:27:32,321 INFO  client.GrpcClientProtocolClient (GrpcClientProtocolClient.java:onNext(255)) - client-821285EC2D67->9fa9a271-7bed-4435-b477-86c6ed0ece08: receive RaftClientReply:client-821285EC2D67->9fa9a271-7bed-4435-b477-86c6ed0ece08@group-0E07FAD1B91E, cid=1925, SUCCESS, logIndex=2831, commits[9fa9a271-7bed-4435-b477-86c6ed0ece08:c2831, 06c1a879-4ae3-48dc-9686-b55cde066000:c2828, 67fae1a7-3cbe-4338-9d41-57e84498288b:c2828]
2019-07-10 10:27:32,322 INFO  client.GrpcClientProtocolClient (GrpcClientProtocolClient.java:onNext(255)) - client-821285EC2D67->9fa9a271-7bed-4435-b477-86c6ed0ece08: receive RaftClientReply:client-821285EC2D67->9fa9a271-7bed-4435-b477-86c6ed0ece08@group-0E07FAD1B91E, cid=1926, SUCCESS, logIndex=2832, commits[9fa9a271-7bed-4435-b477-86c6ed0ece08:c2832, 06c1a879-4ae3-48dc-9686-b55cde066000:c2828, 67fae1a7-3cbe-4338-9d41-57e84498288b:c2828]
2019-07-10 10:27:32,334 INFO  client.GrpcClientProtocolClient (GrpcClientProtocolClient.java:onNext(255)) - client-821285EC2D67->9fa9a271-7bed-4435-b477-86c6ed0ece08: receive RaftClientReply:client-821285EC2D67->9fa9a271-7bed-4435-b477-86c6ed0ece08@group-0E07FAD1B91E, cid=1927, SUCCESS, logIndex=0, commits[9fa9a271-7bed-4435-b477-86c6ed0ece08:c2834, 06c1a879-4ae3-48dc-9686-b55cde066000:c2832, 67fae1a7-3cbe-4338-9d41-57e84498288b:c2832]
2019-07-10 10:27:32,361 INFO  client.GrpcClientProtocolClient (GrpcClientProtocolClient.java:onNext(255)) - client-821285EC2D67->9fa9a271-7bed-4435-b477-86c6ed0ece08: receive RaftClientReply:client-821285EC2D67->9fa9a271-7bed-4435-b477-86c6ed0ece08@group-0E07FAD1B91E, cid=1928, SUCCESS, logIndex=2835, commits[9fa9a271-7bed-4435-b477-86c6ed0ece08:c2838, 06c1a879-4ae3-48dc-9686-b55cde066000:c2834, 67fae1a7-3cbe-4338-9d41-57e84498288b:c2834]
2019-07-10 10:27:32,361 INFO  client.GrpcClientProtocolClient (GrpcClientProtocolClient.java:onNext(255)) - client-821285EC2D67->9fa9a271-7bed-4435-b477-86c6ed0ece08: receive RaftClientReply:client-821285EC2D67->9fa9a271-7bed-4435-b477-86c6ed0ece08@group-0E07FAD1B91E, cid=1929, SUCCESS, logIndex=2836, commits[9fa9a271-7bed-4435-b477-86c6ed0ece08:c2838, 06c1a879-4ae3-48dc-9686-b55cde066000:c2834, 67fae1a7-3cbe-4338-9d41-57e84498288b:c2834]
2019-07-10 10:27:32,361 INFO  client.GrpcClientProtocolClient (GrpcClientProtocolClient.java:onNext(255)) - client-821285EC2D67->9fa9a271-7bed-4435-b477-86c6ed0ece08: receive RaftClientReply:client-821285EC2D67->9fa9a271-7bed-4435-b477-86c6ed0ece08@group-0E07FAD1B91E, cid=1930, SUCCESS, logIndex=2837, commits[9fa9a271-7bed-4435-b477-86c6ed0ece08:c2838, 06c1a879-4ae3-48dc-9686-b55cde066000:c2834, 67fae1a7-3cbe-4338-9d41-57e84498288b:c2834]
2019-07-10 10:27:32,362 INFO  client.GrpcClientProtocolClient (GrpcClientProtocolClient.java:onNext(255)) - client-821285EC2D67->9fa9a271-7bed-4435-b477-86c6ed0ece08: receive RaftClientReply:client-821285EC2D67->9fa9a271-7bed-4435-b477-86c6ed0ece08@group-0E07FAD1B91E, cid=1931, SUCCESS, logIndex=2838, commits[9fa9a271-7bed-4435-b477-86c6ed0ece08:c2838, 06c1a879-4ae3-48dc-9686-b55cde066000:c2834, 67fae1a7-3cbe-4338-9d41-57e84498288b:c2834]
2019-07-10 10:27:32,365 INFO  client.GrpcClientProtocolClient (GrpcClientProtocolClient.java:onNext(255)) - client-821285EC2D67->9fa9a271-7bed-4435-b477-86c6ed0ece08: receive RaftClientReply:client-821285EC2D67->9fa9a271-7bed-4435-b477-86c6ed0ece08@group-0E07FAD1B91E, cid=1932, SUCCESS, logIndex=0, commits[9fa9a271-7bed-4435-b477-86c6ed0ece08:c2842, 06c1a879-4ae3-48dc-9686-b55cde066000:c2838, 67fae1a7-3cbe-4338-9d41-57e84498288b:c2836]
 0.00% |█                                                                                                    |  0/1 Time: 0:00:122019-07-10 10:27:32,383 INFO  client.GrpcClientProtocolClient (GrpcClientProtocolClient.java:onNext(255)) - client-821285EC2D67->9fa9a271-7bed-4435-b477-86c6ed0ece08: receive RaftClientReply:client-821285EC2D67->9fa9a271-7bed-4435-b477-86c6ed0ece08@group-0E07FAD1B91E, cid=1933, SUCCESS, logIndex=2843, commits[9fa9a271-7bed-4435-b477-86c6ed0ece08:c2844, 06c1a879-4ae3-48dc-9686-b55cde066000:c2842, 67fae1a7-3cbe-4338-9d41-57e84498288b:c2842]
2019-07-10 10:27:32,383 INFO  client.GrpcClientProtocolClient (GrpcClientProtocolClient.java:onNext(255)) - client-821285EC2D67->9fa9a271-7bed-4435-b477-86c6ed0ece08: receive RaftClientReply:client-821285EC2D67->9fa9a271-7bed-4435-b477-86c6ed0ece08@group-0E07FAD1B91E, cid=1934, SUCCESS, logIndex=2844, commits[9fa9a271-7bed-4435-b477-86c6ed0ece08:c2844, 06c1a879-4ae3-48dc-9686-b55cde066000:c2842, 67fae1a7-3cbe-4338-9d41-57e84498288b:c2842]
2019-07-10 10:27:32,395 INFO  client.GrpcClientProtocolClient (GrpcClientProtocolClient.java:onNext(255)) - client-821285EC2D67->9fa9a271-7bed-4435-b477-86c6ed0ece08: receive RaftClientReply:client-821285EC2D67->9fa9a271-7bed-4435-b477-86c6ed0ece08@group-0E07FAD1B91E, cid=1935, SUCCESS, logIndex=2847, commits[9fa9a271-7bed-4435-b477-86c6ed0ece08:c2848, 06c1a879-4ae3-48dc-9686-b55cde066000:c2844, 67fae1a7-3cbe-4338-9d41-57e84498288b:c2844]
2019-07-10 10:27:32,395 INFO  client.GrpcClientProtocolClient (GrpcClientProtocolClient.java:onNext(255)) - client-821285EC2D67->9fa9a271-7bed-4435-b477-86c6ed0ece08: receive RaftClientReply:client-821285EC2D67->9fa9a271-7bed-4435-b477-86c6ed0ece08@group-0E07FAD1B91E, cid=1936, SUCCESS, logIndex=2848, commits[9fa9a271-7bed-4435-b477-86c6ed0ece08:c2848, 06c1a879-4ae3-48dc-9686-b55cde066000:c2844, 67fae1a7-3cbe-4338-9d41-57e84498288b:c2844]
2019-07-10 10:27:32,415 INFO  client.GrpcClientProtocolClient (GrpcClientProtocolClient.java:onNext(255)) - client-821285EC2D67->9fa9a271-7bed-4435-b477-86c6ed0ece08: receive RaftClientReply:client-821285EC2D67->9fa9a271-7bed-4435-b477-86c6ed0ece08@group-0E07FAD1B91E, cid=1937, SUCCESS, logIndex=0, commits[9fa9a271-7bed-4435-b477-86c6ed0ece08:c2850, 06c1a879-4ae3-48dc-9686-b55cde066000:c2848, 67fae1a7-3cbe-4338-9d41-57e84498288b:c2848]
2019-07-10 10:27:32,437 INFO  client.GrpcClientProtocolClient (GrpcClientProtocolClient.java:onNext(255)) - client-821285EC2D67->9fa9a271-7bed-4435-b477-86c6ed0ece08: receive RaftClientReply:client-821285EC2D67->9fa9a271-7bed-4435-b477-86c6ed0ece08@group-0E07FAD1B91E, cid=1938, SUCCESS, logIndex=2851, commits[9fa9a271-7bed-4435-b477-86c6ed0ece08:c2854, 06c1a879-4ae3-48dc-9686-b55cde066000:c2850, 67fae1a7-3cbe-4338-9d41-57e84498288b:c2848]
2019-07-10 10:27:32,437 INFO  client.GrpcClientProtocolClient (GrpcClientProtocolClient.java:onNext(255)) - client-821285EC2D67->9fa9a271-7bed-4435-b477-86c6ed0ece08: receive RaftClientReply:client-821285EC2D67->9fa9a271-7bed-4435-b477-86c6ed0ece08@group-0E07FAD1B91E, cid=1939, SUCCESS, logIndex=2852, commits[9fa9a271-7bed-4435-b477-86c6ed0ece08:c2854, 06c1a879-4ae3-48dc-9686-b55cde066000:c2850, 67fae1a7-3cbe-4338-9d41-57e84498288b:c2850]
2019-07-10 10:27:32,437 INFO  client.GrpcClientProtocolClient (GrpcClientProtocolClient.java:onNext(255)) - client-821285EC2D67->9fa9a271-7bed-4435-b477-86c6ed0ece08: receive RaftClientReply:client-821285EC2D67->9fa9a271-7bed-4435-b477-86c6ed0ece08@group-0E07FAD1B91E, cid=1940, SUCCESS, logIndex=2853, commits[9fa9a271-7bed-4435-b477-86c6ed0ece08:c2854, 06c1a879-4ae3-48dc-9686-b55cde066000:c2850, 67fae1a7-3cbe-4338-9d41-57e84498288b:c2850]
2019-07-10 10:27:32,438 INFO  client.GrpcClientProtocolClient (GrpcClientProtocolClient.java:onNext(255)) - client-821285EC2D67->9fa9a271-7bed-4435-b477-86c6ed0ece08: receive RaftClientReply:client-821285EC2D67->9fa9a271-7bed-4435-b477-86c6ed0ece08@group-0E07FAD1B91E, cid=1941, SUCCESS, logIndex=2854, commits[9fa9a271-7bed-4435-b477-86c6ed0ece08:c2854, 06c1a879-4ae3-48dc-9686-b55cde066000:c2850, 67fae1a7-3cbe-4338-9d41-57e84498288b:c2850]
2019-07-10 10:27:32,439 INFO  client.GrpcClientProtocolClient (GrpcClientProtocolClient.java:onNext(255)) - client-821285EC2D67->9fa9a271-7bed-4435-b477-86c6ed0ece08: receive RaftClientReply:client-821285EC2D67->9fa9a271-7bed-4435-b477-86c6ed0ece08@group-0E07FAD1B91E, cid=1942, SUCCESS, logIndex=0, commits[9fa9a271-7bed-4435-b477-86c6ed0ece08:c2855, 06c1a879-4ae3-48dc-9686-b55cde066000:c2852, 67fae1a7-3cbe-4338-9d41-57e84498288b:c2853]
2019-07-10 10:27:32,530 INFO  client.GrpcClientProtocolClient (GrpcClientProtocolClient.java:onNext(255)) - client-821285EC2D67->9fa9a271-7bed-4435-b477-86c6ed0ece08: receive RaftClientReply:client-821285EC2D67->9fa9a271-7bed-4435-b477-86c6ed0ece08@group-0E07FAD1B91E, cid=1943, SUCCESS, logIndex=2858, commits[9fa9a271-7bed-4435-b477-86c6ed0ece08:c2859, 06c1a879-4ae3-48dc-9686-b55cde066000:c2857, 67fae1a7-3cbe-4338-9d41-57e84498288b:c2857]
2019-07-10 10:27:32,530 INFO  client.GrpcClientProtocolClient (GrpcClientProtocolClient.java:onNext(255)) - client-821285EC2D67->9fa9a271-7bed-4435-b477-86c6ed0ece08: receive RaftClientReply:client-821285EC2D67->9fa9a271-7bed-4435-b477-86c6ed0ece08@group-0E07FAD1B91E, cid=1944, SUCCESS, logIndex=2859, commits[9fa9a271-7bed-4435-b477-86c6ed0ece08:c2859, 06c1a879-4ae3-48dc-9686-b55cde066000:c2857, 67fae1a7-3cbe-4338-9d41-57e84498288b:c2857]
2019-07-10 10:27:32,551 INFO  client.GrpcClientProtocolClient (GrpcClientProtocolClient.java:onNext(255)) - client-821285EC2D67->9fa9a271-7bed-4435-b477-86c6ed0ece08: receive RaftClientReply:client-821285EC2D67->9fa9a271-7bed-4435-b477-86c6ed0ece08@group-0E07FAD1B91E, cid=1945, SUCCESS, logIndex=2862, commits[9fa9a271-7bed-4435-b477-86c6ed0ece08:c2863, 06c1a879-4ae3-48dc-9686-b55cde066000:c2858, 67fae1a7-3cbe-4338-9d41-57e84498288b:c2859]
2019-07-10 10:27:32,551 INFO  client.GrpcClientProtocolClient (GrpcClientProtocolClient.java:onNext(255)) - client-821285EC2D67->9fa9a271-7bed-4435-b477-86c6ed0ece08: receive RaftClientReply:client-821285EC2D67->9fa9a271-7bed-4435-b477-86c6ed0ece08@group-0E07FAD1B91E, cid=1946, SUCCESS, logIndex=2863, commits[9fa9a271-7bed-4435-b477-86c6ed0ece08:c2863, 06c1a879-4ae3-48dc-9686-b55cde066000:c2859, 67fae1a7-3cbe-4338-9d41-57e84498288b:c2859]
2019-07-10 10:27:32,555 INFO  client.GrpcClientProtocolClient (GrpcClientProtocolClient.java:onNext(255)) - client-821285EC2D67->9fa9a271-7bed-4435-b477-86c6ed0ece08: receive RaftClientReply:client-821285EC2D67->9fa9a271-7bed-4435-b477-86c6ed0ece08@group-0E07FAD1B91E, cid=1947, SUCCESS, logIndex=0, commits[9fa9a271-7bed-4435-b477-86c6ed0ece08:c2865, 06c1a879-4ae3-48dc-9686-b55cde066000:c2863, 67fae1a7-3cbe-4338-9d41-57e84498288b:c2863]
2019-07-10 10:27:32,580 INFO  client.GrpcClientProtocolClient (GrpcClientProtocolClient.java:onNext(255)) - client-821285EC2D67->9fa9a271-7bed-4435-b477-86c6ed0ece08: receive RaftClientReply:client-821285EC2D67->9fa9a271-7bed-4435-b477-86c6ed0ece08@group-0E07FAD1B91E, cid=1948, SUCCESS, logIndex=2866, commits[9fa9a271-7bed-4435-b477-86c6ed0ece08:c2867, 06c1a879-4ae3-48dc-9686-b55cde066000:c2865, 67fae1a7-3cbe-4338-9d41-57e84498288b:c2865]
2019-07-10 10:27:32,581 INFO  client.GrpcClientProtocolClient (GrpcClientProtocolClient.java:onNext(255)) - client-821285EC2D67->9fa9a271-7bed-4435-b477-86c6ed0ece08: receive RaftClientReply:client-821285EC2D67->9fa9a271-7bed-4435-b477-86c6ed0ece08@group-0E07FAD1B91E, cid=1949, SUCCESS, logIndex=2867, commits[9fa9a271-7bed-4435-b477-86c6ed0ece08:c2867, 06c1a879-4ae3-48dc-9686-b55cde066000:c2865, 67fae1a7-3cbe-4338-9d41-57e84498288b:c2865]
2019-07-10 10:27:32,581 INFO  client.GrpcClientProtocolClient (GrpcClientProtocolClient.java:onNext(255)) - client-821285EC2D67->9fa9a271-7bed-4435-b477-86c6ed0ece08: receive RaftClientReply:client-821285EC2D67->9fa9a271-7bed-4435-b477-86c6ed0ece08@group-0E07FAD1B91E, cid=1950, SUCCESS, logIndex=2868, commits[9fa9a271-7bed-4435-b477-86c6ed0ece08:c2869, 06c1a879-4ae3-48dc-9686-b55cde066000:c2865, 67fae1a7-3cbe-4338-9d41-57e84498288b:c2865]
2019-07-10 10:27:32,581 INFO  client.GrpcClientProtocolClient (GrpcClientProtocolClient.java:onNext(255)) - client-821285EC2D67->9fa9a271-7bed-4435-b477-86c6ed0ece08: receive RaftClientReply:client-821285EC2D67->9fa9a271-7bed-4435-b477-86c6ed0ece08@group-0E07FAD1B91E, cid=1951, SUCCESS, logIndex=2869, commits[9fa9a271-7bed-4435-b477-86c6ed0ece08:c2869, 06c1a879-4ae3-48dc-9686-b55cde066000:c2865, 67fae1a7-3cbe-4338-9d41-57e84498288b:c2865]
2019-07-10 10:27:32,585 INFO  client.GrpcClientProtocolClient (GrpcClientProtocolClient.java:onNext(255)) - client-821285EC2D67->9fa9a271-7bed-4435-b477-86c6ed0ece08: receive RaftClientReply:client-821285EC2D67->9fa9a271-7bed-4435-b477-86c6ed0ece08@group-0E07FAD1B91E, cid=1952, SUCCESS, logIndex=0, commits[9fa9a271-7bed-4435-b477-86c6ed0ece08:c2871, 06c1a879-4ae3-48dc-9686-b55cde066000:c2867, 67fae1a7-3cbe-4338-9d41-57e84498288b:c2867]
2019-07-10 10:27:32,604 INFO  client.GrpcClientProtocolClient (GrpcClientProtocolClient.java:onNext(255)) - client-821285EC2D67->9fa9a271-7bed-4435-b477-86c6ed0ece08: receive RaftClientReply:client-821285EC2D67->9fa9a271-7bed-4435-b477-86c6ed0ece08@group-0E07FAD1B91E, cid=1953, SUCCESS, logIndex=2874, commits[9fa9a271-7bed-4435-b477-86c6ed0ece08:c2875, 06c1a879-4ae3-48dc-9686-b55cde066000:c2873, 67fae1a7-3cbe-4338-9d41-57e84498288b:c2873]
2019-07-10 10:27:32,604 INFO  client.GrpcClientProtocolClient (GrpcClientProtocolClient.java:onNext(255)) - client-821285EC2D67->9fa9a271-7bed-4435-b477-86c6ed0ece08: receive RaftClientReply:client-821285EC2D67->9fa9a271-7bed-4435-b477-86c6ed0ece08@group-0E07FAD1B91E, cid=1954, SUCCESS, logIndex=2875, commits[9fa9a271-7bed-4435-b477-86c6ed0ece08:c2875, 06c1a879-4ae3-48dc-9686-b55cde066000:c2873, 67fae1a7-3cbe-4338-9d41-57e84498288b:c2873]
2019-07-10 10:27:32,616 INFO  client.GrpcClientProtocolClient (GrpcClientProtocolClient.java:onNext(255)) - client-821285EC2D67->9fa9a271-7bed-4435-b477-86c6ed0ece08: receive RaftClientReply:client-821285EC2D67->9fa9a271-7bed-4435-b477-86c6ed0ece08@group-0E07FAD1B91E, cid=1955, SUCCESS, logIndex=2878, commits[9fa9a271-7bed-4435-b477-86c6ed0ece08:c2879, 06c1a879-4ae3-48dc-9686-b55cde066000:c2877, 67fae1a7-3cbe-4338-9d41-57e84498288b:c2875]
2019-07-10 10:27:32,617 INFO  client.GrpcClientProtocolClient (GrpcClientProtocolClient.java:onNext(255)) - client-821285EC2D67->9fa9a271-7bed-4435-b477-86c6ed0ece08: receive RaftClientReply:client-821285EC2D67->9fa9a271-7bed-4435-b477-86c6ed0ece08@group-0E07FAD1B91E, cid=1956, SUCCESS, logIndex=2879, commits[9fa9a271-7bed-4435-b477-86c6ed0ece08:c2879, 06c1a879-4ae3-48dc-9686-b55cde066000:c2877, 67fae1a7-3cbe-4338-9d41-57e84498288b:c2877]
2019-07-10 10:27:32,627 INFO  client.GrpcClientProtocolClient (GrpcClientProtocolClient.java:onNext(255)) - client-821285EC2D67->9fa9a271-7bed-4435-b477-86c6ed0ece08: receive RaftClientReply:client-821285EC2D67->9fa9a271-7bed-4435-b477-86c6ed0ece08@group-0E07FAD1B91E, cid=1957, SUCCESS, logIndex=0, commits[9fa9a271-7bed-4435-b477-86c6ed0ece08:c2880, 06c1a879-4ae3-48dc-9686-b55cde066000:c2879, 67fae1a7-3cbe-4338-9d41-57e84498288b:c2879]
2019-07-10 10:27:32,655 INFO  client.GrpcClientProtocolClient (GrpcClientProtocolClient.java:onNext(255)) - client-821285EC2D67->9fa9a271-7bed-4435-b477-86c6ed0ece08: receive RaftClientReply:client-821285EC2D67->9fa9a271-7bed-4435-b477-86c6ed0ece08@group-0E07FAD1B91E, cid=1958, SUCCESS, logIndex=2882, commits[9fa9a271-7bed-4435-b477-86c6ed0ece08:c2883, 06c1a879-4ae3-48dc-9686-b55cde066000:c2881, 67fae1a7-3cbe-4338-9d41-57e84498288b:c2881]
2019-07-10 10:27:32,656 INFO  client.GrpcClientProtocolClient (GrpcClientProtocolClient.java:onNext(255)) - client-821285EC2D67->9fa9a271-7bed-4435-b477-86c6ed0ece08: receive RaftClientReply:client-821285EC2D67->9fa9a271-7bed-4435-b477-86c6ed0ece08@group-0E07FAD1B91E, cid=1959, SUCCESS, logIndex=2883, commits[9fa9a271-7bed-4435-b477-86c6ed0ece08:c2883, 06c1a879-4ae3-48dc-9686-b55cde066000:c2881, 67fae1a7-3cbe-4338-9d41-57e84498288b:c2881]
2019-07-10 10:27:32,656 INFO  client.GrpcClientProtocolClient (GrpcClientProtocolClient.java:onNext(255)) - client-821285EC2D67->9fa9a271-7bed-4435-b477-86c6ed0ece08: receive RaftClientReply:client-821285EC2D67->9fa9a271-7bed-4435-b477-86c6ed0ece08@group-0E07FAD1B91E, cid=1960, SUCCESS, logIndex=2884, commits[9fa9a271-7bed-4435-b477-86c6ed0ece08:c2884, 06c1a879-4ae3-48dc-9686-b55cde066000:c2881, 67fae1a7-3cbe-4338-9d41-57e84498288b:c2881]
2019-07-10 10:27:32,657 INFO  client.GrpcClientProtocolClient (GrpcClientProtocolClient.java:onNext(255)) - client-821285EC2D67->9fa9a271-7bed-4435-b477-86c6ed0ece08: receive RaftClientReply:client-821285EC2D67->9fa9a271-7bed-4435-b477-86c6ed0ece08@group-0E07FAD1B91E, cid=1961, SUCCESS, logIndex=2885, commits[9fa9a271-7bed-4435-b477-86c6ed0ece08:c2885, 06c1a879-4ae3-48dc-9686-b55cde066000:c2881, 67fae1a7-3cbe-4338-9d41-57e84498288b:c2881]
2019-07-10 10:27:32,659 INFO  client.GrpcClientProtocolClient (GrpcClientProtocolClient.java:onNext(255)) - client-821285EC2D67->9fa9a271-7bed-4435-b477-86c6ed0ece08: receive RaftClientReply:client-821285EC2D67->9fa9a271-7bed-4435-b477-86c6ed0ece08@group-0E07FAD1B91E, cid=1962, SUCCESS, logIndex=0, commits[9fa9a271-7bed-4435-b477-86c6ed0ece08:c2887, 06c1a879-4ae3-48dc-9686-b55cde066000:c2883, 67fae1a7-3cbe-4338-9d41-57e84498288b:c2883]
2019-07-10 10:27:32,678 INFO  client.GrpcClientProtocolClient (GrpcClientProtocolClient.java:onNext(255)) - client-821285EC2D67->9fa9a271-7bed-4435-b477-86c6ed0ece08: receive RaftClientReply:client-821285EC2D67->9fa9a271-7bed-4435-b477-86c6ed0ece08@group-0E07FAD1B91E, cid=1963, SUCCESS, logIndex=2890, commits[9fa9a271-7bed-4435-b477-86c6ed0ece08:c2891, 06c1a879-4ae3-48dc-9686-b55cde066000:c2889, 67fae1a7-3cbe-4338-9d41-57e84498288b:c2889]
2019-07-10 10:27:32,678 INFO  client.GrpcClientProtocolClient (GrpcClientProtocolClient.java:onNext(255)) - client-821285EC2D67->9fa9a271-7bed-4435-b477-86c6ed0ece08: receive RaftClientReply:client-821285EC2D67->9fa9a271-7bed-4435-b477-86c6ed0ece08@group-0E07FAD1B91E, cid=1964, SUCCESS, logIndex=2891, commits[9fa9a271-7bed-4435-b477-86c6ed0ece08:c2891, 06c1a879-4ae3-48dc-9686-b55cde066000:c2889, 67fae1a7-3cbe-4338-9d41-57e84498288b:c2889]
2019-07-10 10:27:32,691 INFO  client.GrpcClientProtocolClient (GrpcClientProtocolClient.java:onNext(255)) - client-821285EC2D67->9fa9a271-7bed-4435-b477-86c6ed0ece08: receive RaftClientReply:client-821285EC2D67->9fa9a271-7bed-4435-b477-86c6ed0ece08@group-0E07FAD1B91E, cid=1965, SUCCESS, logIndex=2894, commits[9fa9a271-7bed-4435-b477-86c6ed0ece08:c2894, 06c1a879-4ae3-48dc-9686-b55cde066000:c2891, 67fae1a7-3cbe-4338-9d41-57e84498288b:c2891]
2019-07-10 10:27:32,692 INFO  client.GrpcClientProtocolClient (GrpcClientProtocolClient.java:onNext(255)) - client-821285EC2D67->9fa9a271-7bed-4435-b477-86c6ed0ece08: receive RaftClientReply:client-821285EC2D67->9fa9a271-7bed-4435-b477-86c6ed0ece08@group-0E07FAD1B91E, cid=1966, SUCCESS, logIndex=2895, commits[9fa9a271-7bed-4435-b477-86c6ed0ece08:c2895, 06c1a879-4ae3-48dc-9686-b55cde066000:c2891, 67fae1a7-3cbe-4338-9d41-57e84498288b:c2891]
2019-07-10 10:27:32,700 INFO  client.GrpcClientProtocolClient (GrpcClientProtocolClient.java:onNext(255)) - client-821285EC2D67->9fa9a271-7bed-4435-b477-86c6ed0ece08: receive RaftClientReply:client-821285EC2D67->9fa9a271-7bed-4435-b477-86c6ed0ece08@group-0E07FAD1B91E, cid=1967, SUCCESS, logIndex=0, commits[9fa9a271-7bed-4435-b477-86c6ed0ece08:c2897, 06c1a879-4ae3-48dc-9686-b55cde066000:c2895, 67fae1a7-3cbe-4338-9d41-57e84498288b:c2895]
2019-07-10 10:27:32,717 INFO  client.GrpcClientProtocolClient (GrpcClientProtocolClient.java:onNext(255)) - client-821285EC2D67->9fa9a271-7bed-4435-b477-86c6ed0ece08: receive RaftClientReply:client-821285EC2D67->9fa9a271-7bed-4435-b477-86c6ed0ece08@group-0E07FAD1B91E, cid=1968, SUCCESS, logIndex=2898, commits[9fa9a271-7bed-4435-b477-86c6ed0ece08:c2898, 06c1a879-4ae3-48dc-9686-b55cde066000:c2897, 67fae1a7-3cbe-4338-9d41-57e84498288b:c2895]
2019-07-10 10:27:32,717 INFO  client.GrpcClientProtocolClient (GrpcClientProtocolClient.java:onNext(255)) - client-821285EC2D67->9fa9a271-7bed-4435-b477-86c6ed0ece08: receive RaftClientReply:client-821285EC2D67->9fa9a271-7bed-4435-b477-86c6ed0ece08@group-0E07FAD1B91E, cid=1969, SUCCESS, logIndex=2899, commits[9fa9a271-7bed-4435-b477-86c6ed0ece08:c2899, 06c1a879-4ae3-48dc-9686-b55cde066000:c2897, 67fae1a7-3cbe-4338-9d41-57e84498288b:c2895]
2019-07-10 10:27:32,720 INFO  client.GrpcClientProtocolClient (GrpcClientProtocolClient.java:onNext(255)) - client-821285EC2D67->9fa9a271-7bed-4435-b477-86c6ed0ece08: receive RaftClientReply:client-821285EC2D67->9fa9a271-7bed-4435-b477-86c6ed0ece08@group-0E07FAD1B91E, cid=1970, SUCCESS, logIndex=2900, commits[9fa9a271-7bed-4435-b477-86c6ed0ece08:c2902, 06c1a879-4ae3-48dc-9686-b55cde066000:c2897, 67fae1a7-3cbe-4338-9d41-57e84498288b:c2899]
2019-07-10 10:27:32,720 INFO  client.GrpcClientProtocolClient (GrpcClientProtocolClient.java:onNext(255)) - client-821285EC2D67->9fa9a271-7bed-4435-b477-86c6ed0ece08: receive RaftClientReply:client-821285EC2D67->9fa9a271-7bed-4435-b477-86c6ed0ece08@group-0E07FAD1B91E, cid=1971, SUCCESS, logIndex=2901, commits[9fa9a271-7bed-4435-b477-86c6ed0ece08:c2903, 06c1a879-4ae3-48dc-9686-b55cde066000:c2897, 67fae1a7-3cbe-4338-9d41-57e84498288b:c2899]
2019-07-10 10:27:32,721 INFO  client.GrpcClientProtocolClient (GrpcClientProtocolClient.java:onNext(255)) - client-821285EC2D67->9fa9a271-7bed-4435-b477-86c6ed0ece08: receive RaftClientReply:client-821285EC2D67->9fa9a271-7bed-4435-b477-86c6ed0ece08@group-0E07FAD1B91E, cid=1972, SUCCESS, logIndex=0, commits[9fa9a271-7bed-4435-b477-86c6ed0ece08:c2903, 06c1a879-4ae3-48dc-9686-b55cde066000:c2899, 67fae1a7-3cbe-4338-9d41-57e84498288b:c2899]
2019-07-10 10:27:32,746 INFO  client.GrpcClientProtocolClient (GrpcClientProtocolClient.java:onNext(255)) - client-821285EC2D67->9fa9a271-7bed-4435-b477-86c6ed0ece08: receive RaftClientReply:client-821285EC2D67->9fa9a271-7bed-4435-b477-86c6ed0ece08@group-0E07FAD1B91E, cid=1973, SUCCESS, logIndex=2906, commits[9fa9a271-7bed-4435-b477-86c6ed0ece08:c2907, 06c1a879-4ae3-48dc-9686-b55cde066000:c2905, 67fae1a7-3cbe-4338-9d41-57e84498288b:c2905]
2019-07-10 10:27:32,746 INFO  client.GrpcClientProtocolClient (GrpcClientProtocolClient.java:onNext(255)) - client-821285EC2D67->9fa9a271-7bed-4435-b477-86c6ed0ece08: receive RaftClientReply:client-821285EC2D67->9fa9a271-7bed-4435-b477-86c6ed0ece08@group-0E07FAD1B91E, cid=1974, SUCCESS, logIndex=2907, commits[9fa9a271-7bed-4435-b477-86c6ed0ece08:c2907, 06c1a879-4ae3-48dc-9686-b55cde066000:c2905, 67fae1a7-3cbe-4338-9d41-57e84498288b:c2905]
2019-07-10 10:27:32,757 INFO  client.GrpcClientProtocolClient (GrpcClientProtocolClient.java:onNext(255)) - client-821285EC2D67->9fa9a271-7bed-4435-b477-86c6ed0ece08: receive RaftClientReply:client-821285EC2D67->9fa9a271-7bed-4435-b477-86c6ed0ece08@group-0E07FAD1B91E, cid=1975, SUCCESS, logIndex=2910, commits[9fa9a271-7bed-4435-b477-86c6ed0ece08:c2911, 06c1a879-4ae3-48dc-9686-b55cde066000:c2907, 67fae1a7-3cbe-4338-9d41-57e84498288b:c2907]
2019-07-10 10:27:32,758 INFO  client.GrpcClientProtocolClient (GrpcClientProtocolClient.java:onNext(255)) - client-821285EC2D67->9fa9a271-7bed-4435-b477-86c6ed0ece08: receive RaftClientReply:client-821285EC2D67->9fa9a271-7bed-4435-b477-86c6ed0ece08@group-0E07FAD1B91E, cid=1976, SUCCESS, logIndex=2911, commits[9fa9a271-7bed-4435-b477-86c6ed0ece08:c2911, 06c1a879-4ae3-48dc-9686-b55cde066000:c2907, 67fae1a7-3cbe-4338-9d41-57e84498288b:c2907]
2019-07-10 10:27:32,770 INFO  client.GrpcClientProtocolClient (GrpcClientProtocolClient.java:onNext(255)) - client-821285EC2D67->9fa9a271-7bed-4435-b477-86c6ed0ece08: receive RaftClientReply:client-821285EC2D67->9fa9a271-7bed-4435-b477-86c6ed0ece08@group-0E07FAD1B91E, cid=1977, SUCCESS, logIndex=0, commits[9fa9a271-7bed-4435-b477-86c6ed0ece08:c2913, 06c1a879-4ae3-48dc-9686-b55cde066000:c2911, 67fae1a7-3cbe-4338-9d41-57e84498288b:c2911]
2019-07-10 10:27:32,801 INFO  client.GrpcClientProtocolClient (GrpcClientProtocolClient.java:onNext(255)) - client-821285EC2D67->9fa9a271-7bed-4435-b477-86c6ed0ece08: receive RaftClientReply:client-821285EC2D67->9fa9a271-7bed-4435-b477-86c6ed0ece08@group-0E07FAD1B91E, cid=1978, SUCCESS, logIndex=2914, commits[9fa9a271-7bed-4435-b477-86c6ed0ece08:c2915, 06c1a879-4ae3-48dc-9686-b55cde066000:c2913, 67fae1a7-3cbe-4338-9d41-57e84498288b:c2911]
2019-07-10 10:27:32,802 INFO  client.GrpcClientProtocolClient (GrpcClientProtocolClient.java:onNext(255)) - client-821285EC2D67->9fa9a271-7bed-4435-b477-86c6ed0ece08: receive RaftClientReply:client-821285EC2D67->9fa9a271-7bed-4435-b477-86c6ed0ece08@group-0E07FAD1B91E, cid=1979, SUCCESS, logIndex=2915, commits[9fa9a271-7bed-4435-b477-86c6ed0ece08:c2915, 06c1a879-4ae3-48dc-9686-b55cde066000:c2913, 67fae1a7-3cbe-4338-9d41-57e84498288b:c2911]
2019-07-10 10:27:32,809 INFO  client.GrpcClientProtocolClient (GrpcClientProtocolClient.java:onNext(255)) - client-821285EC2D67->9fa9a271-7bed-4435-b477-86c6ed0ece08: receive RaftClientReply:client-821285EC2D67->9fa9a271-7bed-4435-b477-86c6ed0ece08@group-0E07FAD1B91E, cid=1980, SUCCESS, logIndex=2916, commits[9fa9a271-7bed-4435-b477-86c6ed0ece08:c2917, 06c1a879-4ae3-48dc-9686-b55cde066000:c2913, 67fae1a7-3cbe-4338-9d41-57e84498288b:c2913]
2019-07-10 10:27:32,810 INFO  client.GrpcClientProtocolClient (GrpcClientProtocolClient.java:onNext(255)) - client-821285EC2D67->9fa9a271-7bed-4435-b477-86c6ed0ece08: receive RaftClientReply:client-821285EC2D67->9fa9a271-7bed-4435-b477-86c6ed0ece08@group-0E07FAD1B91E, cid=1981, SUCCESS, logIndex=2917, commits[9fa9a271-7bed-4435-b477-86c6ed0ece08:c2917, 06c1a879-4ae3-48dc-9686-b55cde066000:c2913, 67fae1a7-3cbe-4338-9d41-57e84498288b:c2913]
2019-07-10 10:27:32,811 INFO  client.GrpcClientProtocolClient (GrpcClientProtocolClient.java:onNext(255)) - client-821285EC2D67->9fa9a271-7bed-4435-b477-86c6ed0ece08: receive RaftClientReply:client-821285EC2D67->9fa9a271-7bed-4435-b477-86c6ed0ece08@group-0E07FAD1B91E, cid=1982, SUCCESS, logIndex=0, commits[9fa9a271-7bed-4435-b477-86c6ed0ece08:c2919, 06c1a879-4ae3-48dc-9686-b55cde066000:c2915, 67fae1a7-3cbe-4338-9d41-57e84498288b:c2915]
2019-07-10 10:27:32,834 INFO  client.GrpcClientProtocolClient (GrpcClientProtocolClient.java:onNext(255)) - client-821285EC2D67->9fa9a271-7bed-4435-b477-86c6ed0ece08: receive RaftClientReply:client-821285EC2D67->9fa9a271-7bed-4435-b477-86c6ed0ece08@group-0E07FAD1B91E, cid=1983, SUCCESS, logIndex=2922, commits[9fa9a271-7bed-4435-b477-86c6ed0ece08:c2923, 06c1a879-4ae3-48dc-9686-b55cde066000:c2917, 67fae1a7-3cbe-4338-9d41-57e84498288b:c2921]
2019-07-10 10:27:32,834 INFO  client.GrpcClientProtocolClient (GrpcClientProtocolClient.java:onNext(255)) - client-821285EC2D67->9fa9a271-7bed-4435-b477-86c6ed0ece08: receive RaftClientReply:client-821285EC2D67->9fa9a271-7bed-4435-b477-86c6ed0ece08@group-0E07FAD1B91E, cid=1984, SUCCESS, logIndex=2923, commits[9fa9a271-7bed-4435-b477-86c6ed0ece08:c2923, 06c1a879-4ae3-48dc-9686-b55cde066000:c2921, 67fae1a7-3cbe-4338-9d41-57e84498288b:c2921]
2019-07-10 10:27:32,853 INFO  client.GrpcClientProtocolClient (GrpcClientProtocolClient.java:onNext(255)) - client-821285EC2D67->9fa9a271-7bed-4435-b477-86c6ed0ece08: receive RaftClientReply:client-821285EC2D67->9fa9a271-7bed-4435-b477-86c6ed0ece08@group-0E07FAD1B91E, cid=1985, SUCCESS, logIndex=2926, commits[9fa9a271-7bed-4435-b477-86c6ed0ece08:c2927, 06c1a879-4ae3-48dc-9686-b55cde066000:c2925, 67fae1a7-3cbe-4338-9d41-57e84498288b:c2925]
2019-07-10 10:27:32,854 INFO  client.GrpcClientProtocolClient (GrpcClientProtocolClient.java:onNext(255)) - client-821285EC2D67->9fa9a271-7bed-4435-b477-86c6ed0ece08: receive RaftClientReply:client-821285EC2D67->9fa9a271-7bed-4435-b477-86c6ed0ece08@group-0E07FAD1B91E, cid=1986, SUCCESS, logIndex=2927, commits[9fa9a271-7bed-4435-b477-86c6ed0ece08:c2927, 06c1a879-4ae3-48dc-9686-b55cde066000:c2925, 67fae1a7-3cbe-4338-9d41-57e84498288b:c2925]
2019-07-10 10:27:32,865 INFO  client.GrpcClientProtocolClient (GrpcClientProtocolClient.java:onNext(255)) - client-821285EC2D67->9fa9a271-7bed-4435-b477-86c6ed0ece08: receive RaftClientReply:client-821285EC2D67->9fa9a271-7bed-4435-b477-86c6ed0ece08@group-0E07FAD1B91E, cid=1987, SUCCESS, logIndex=0, commits[9fa9a271-7bed-4435-b477-86c6ed0ece08:c2928, 06c1a879-4ae3-48dc-9686-b55cde066000:c2927, 67fae1a7-3cbe-4338-9d41-57e84498288b:c2927]
2019-07-10 10:27:32,893 INFO  client.GrpcClientProtocolClient (GrpcClientProtocolClient.java:onNext(255)) - client-821285EC2D67->9fa9a271-7bed-4435-b477-86c6ed0ece08: receive RaftClientReply:client-821285EC2D67->9fa9a271-7bed-4435-b477-86c6ed0ece08@group-0E07FAD1B91E, cid=1988, SUCCESS, logIndex=2930, commits[9fa9a271-7bed-4435-b477-86c6ed0ece08:c2932, 06c1a879-4ae3-48dc-9686-b55cde066000:c2929, 67fae1a7-3cbe-4338-9d41-57e84498288b:c2929]
2019-07-10 10:27:32,893 INFO  client.GrpcClientProtocolClient (GrpcClientProtocolClient.java:onNext(255)) - client-821285EC2D67->9fa9a271-7bed-4435-b477-86c6ed0ece08: receive RaftClientReply:client-821285EC2D67->9fa9a271-7bed-4435-b477-86c6ed0ece08@group-0E07FAD1B91E, cid=1989, SUCCESS, logIndex=2931, commits[9fa9a271-7bed-4435-b477-86c6ed0ece08:c2933, 06c1a879-4ae3-48dc-9686-b55cde066000:c2929, 67fae1a7-3cbe-4338-9d41-57e84498288b:c2929]
2019-07-10 10:27:32,894 INFO  client.GrpcClientProtocolClient (GrpcClientProtocolClient.java:onNext(255)) - client-821285EC2D67->9fa9a271-7bed-4435-b477-86c6ed0ece08: receive RaftClientReply:client-821285EC2D67->9fa9a271-7bed-4435-b477-86c6ed0ece08@group-0E07FAD1B91E, cid=1990, SUCCESS, logIndex=2932, commits[9fa9a271-7bed-4435-b477-86c6ed0ece08:c2933, 06c1a879-4ae3-48dc-9686-b55cde066000:c2929, 67fae1a7-3cbe-4338-9d41-57e84498288b:c2929]
2019-07-10 10:27:32,894 INFO  client.GrpcClientProtocolClient (GrpcClientProtocolClient.java:onNext(255)) - client-821285EC2D67->9fa9a271-7bed-4435-b477-86c6ed0ece08: receive RaftClientReply:client-821285EC2D67->9fa9a271-7bed-4435-b477-86c6ed0ece08@group-0E07FAD1B91E, cid=1991, SUCCESS, logIndex=2933, commits[9fa9a271-7bed-4435-b477-86c6ed0ece08:c2933, 06c1a879-4ae3-48dc-9686-b55cde066000:c2929, 67fae1a7-3cbe-4338-9d41-57e84498288b:c2929]
2019-07-10 10:27:32,897 INFO  client.GrpcClientProtocolClient (GrpcClientProtocolClient.java:onNext(255)) - client-821285EC2D67->9fa9a271-7bed-4435-b477-86c6ed0ece08: receive RaftClientReply:client-821285EC2D67->9fa9a271-7bed-4435-b477-86c6ed0ece08@group-0E07FAD1B91E, cid=1992, SUCCESS, logIndex=0, commits[9fa9a271-7bed-4435-b477-86c6ed0ece08:c2935, 06c1a879-4ae3-48dc-9686-b55cde066000:c2931, 67fae1a7-3cbe-4338-9d41-57e84498288b:c2931]
2019-07-10 10:27:32,914 INFO  client.GrpcClientProtocolClient (GrpcClientProtocolClient.java:onNext(255)) - client-821285EC2D67->9fa9a271-7bed-4435-b477-86c6ed0ece08: receive RaftClientReply:client-821285EC2D67->9fa9a271-7bed-4435-b477-86c6ed0ece08@group-0E07FAD1B91E, cid=1993, SUCCESS, logIndex=2938, commits[9fa9a271-7bed-4435-b477-86c6ed0ece08:c2939, 06c1a879-4ae3-48dc-9686-b55cde066000:c2937, 67fae1a7-3cbe-4338-9d41-57e84498288b:c2937]
2019-07-10 10:27:32,915 INFO  client.GrpcClientProtocolClient (GrpcClientProtocolClient.java:onNext(255)) - client-821285EC2D67->9fa9a271-7bed-4435-b477-86c6ed0ece08: receive RaftClientReply:client-821285EC2D67->9fa9a271-7bed-4435-b477-86c6ed0ece08@group-0E07FAD1B91E, cid=1994, SUCCESS, logIndex=2939, commits[9fa9a271-7bed-4435-b477-86c6ed0ece08:c2939, 06c1a879-4ae3-48dc-9686-b55cde066000:c2937, 67fae1a7-3cbe-4338-9d41-57e84498288b:c2937]
2019-07-10 10:27:32,929 INFO  client.GrpcClientProtocolClient (GrpcClientProtocolClient.java:onNext(255)) - client-821285EC2D67->9fa9a271-7bed-4435-b477-86c6ed0ece08: receive RaftClientReply:client-821285EC2D67->9fa9a271-7bed-4435-b477-86c6ed0ece08@group-0E07FAD1B91E, cid=1995, SUCCESS, logIndex=2942, commits[9fa9a271-7bed-4435-b477-86c6ed0ece08:c2943, 06c1a879-4ae3-48dc-9686-b55cde066000:c2939, 67fae1a7-3cbe-4338-9d41-57e84498288b:c2939]
2019-07-10 10:27:32,930 INFO  client.GrpcClientProtocolClient (GrpcClientProtocolClient.java:onNext(255)) - client-821285EC2D67->9fa9a271-7bed-4435-b477-86c6ed0ece08: receive RaftClientReply:client-821285EC2D67->9fa9a271-7bed-4435-b477-86c6ed0ece08@group-0E07FAD1B91E, cid=1996, SUCCESS, logIndex=2943, commits[9fa9a271-7bed-4435-b477-86c6ed0ece08:c2943, 06c1a879-4ae3-48dc-9686-b55cde066000:c2939, 67fae1a7-3cbe-4338-9d41-57e84498288b:c2939]
2019-07-10 10:27:32,940 INFO  client.GrpcClientProtocolClient (GrpcClientProtocolClient.java:onNext(255)) - client-821285EC2D67->9fa9a271-7bed-4435-b477-86c6ed0ece08: receive RaftClientReply:client-821285EC2D67->9fa9a271-7bed-4435-b477-86c6ed0ece08@group-0E07FAD1B91E, cid=1997, SUCCESS, logIndex=0, commits[9fa9a271-7bed-4435-b477-86c6ed0ece08:c2944, 06c1a879-4ae3-48dc-9686-b55cde066000:c2943, 67fae1a7-3cbe-4338-9d41-57e84498288b:c2943]
2019-07-10 10:27:32,961 INFO  client.GrpcClientProtocolClient (GrpcClientProtocolClient.java:onNext(255)) - client-821285EC2D67->9fa9a271-7bed-4435-b477-86c6ed0ece08: receive RaftClientReply:client-821285EC2D67->9fa9a271-7bed-4435-b477-86c6ed0ece08@group-0E07FAD1B91E, cid=1998, SUCCESS, logIndex=2946, commits[9fa9a271-7bed-4435-b477-86c6ed0ece08:c2947, 06c1a879-4ae3-48dc-9686-b55cde066000:c2945, 67fae1a7-3cbe-4338-9d41-57e84498288b:c2943]
2019-07-10 10:27:32,961 INFO  client.GrpcClientProtocolClient (GrpcClientProtocolClient.java:onNext(255)) - client-821285EC2D67->9fa9a271-7bed-4435-b477-86c6ed0ece08: receive RaftClientReply:client-821285EC2D67->9fa9a271-7bed-4435-b477-86c6ed0ece08@group-0E07FAD1B91E, cid=1999, SUCCESS, logIndex=2947, commits[9fa9a271-7bed-4435-b477-86c6ed0ece08:c2947, 06c1a879-4ae3-48dc-9686-b55cde066000:c2945, 67fae1a7-3cbe-4338-9d41-57e84498288b:c2945]
2019-07-10 10:27:32,971 INFO  client.GrpcClientProtocolClient (GrpcClientProtocolClient.java:onNext(255)) - client-821285EC2D67->9fa9a271-7bed-4435-b477-86c6ed0ece08: receive RaftClientReply:client-821285EC2D67->9fa9a271-7bed-4435-b477-86c6ed0ece08@group-0E07FAD1B91E, cid=2000, SUCCESS, logIndex=2948, commits[9fa9a271-7bed-4435-b477-86c6ed0ece08:c2948, 06c1a879-4ae3-48dc-9686-b55cde066000:c2945, 67fae1a7-3cbe-4338-9d41-57e84498288b:c2945]
2019-07-10 10:27:32,972 INFO  client.GrpcClientProtocolClient (GrpcClientProtocolClient.java:onNext(255)) - client-821285EC2D67->9fa9a271-7bed-4435-b477-86c6ed0ece08: receive RaftClientReply:client-821285EC2D67->9fa9a271-7bed-4435-b477-86c6ed0ece08@group-0E07FAD1B91E, cid=2001, SUCCESS, logIndex=2949, commits[9fa9a271-7bed-4435-b477-86c6ed0ece08:c2950, 06c1a879-4ae3-48dc-9686-b55cde066000:c2946, 67fae1a7-3cbe-4338-9d41-57e84498288b:c2945]
2019-07-10 10:27:32,973 INFO  client.GrpcClientProtocolClient (GrpcClientProtocolClient.java:onNext(255)) - client-821285EC2D67->9fa9a271-7bed-4435-b477-86c6ed0ece08: receive RaftClientReply:client-821285EC2D67->9fa9a271-7bed-4435-b477-86c6ed0ece08@group-0E07FAD1B91E, cid=2002, SUCCESS, logIndex=0, commits[9fa9a271-7bed-4435-b477-86c6ed0ece08:c2951, 06c1a879-4ae3-48dc-9686-b55cde066000:c2947, 67fae1a7-3cbe-4338-9d41-57e84498288b:c2947]
2019-07-10 10:27:32,993 INFO  client.GrpcClientProtocolClient (GrpcClientProtocolClient.java:onNext(255)) - client-821285EC2D67->9fa9a271-7bed-4435-b477-86c6ed0ece08: receive RaftClientReply:client-821285EC2D67->9fa9a271-7bed-4435-b477-86c6ed0ece08@group-0E07FAD1B91E, cid=2003, SUCCESS, logIndex=2954, commits[9fa9a271-7bed-4435-b477-86c6ed0ece08:c2955, 06c1a879-4ae3-48dc-9686-b55cde066000:c2951, 67fae1a7-3cbe-4338-9d41-57e84498288b:c2949]
2019-07-10 10:27:32,994 INFO  client.GrpcClientProtocolClient (GrpcClientProtocolClient.java:onNext(255)) - client-821285EC2D67->9fa9a271-7bed-4435-b477-86c6ed0ece08: receive RaftClientReply:client-821285EC2D67->9fa9a271-7bed-4435-b477-86c6ed0ece08@group-0E07FAD1B91E, cid=2004, SUCCESS, logIndex=2955, commits[9fa9a271-7bed-4435-b477-86c6ed0ece08:c2955, 06c1a879-4ae3-48dc-9686-b55cde066000:c2951, 67fae1a7-3cbe-4338-9d41-57e84498288b:c2949]
2019-07-10 10:27:33,080 INFO  client.GrpcClientProtocolClient (GrpcClientProtocolClient.java:onNext(255)) - client-821285EC2D67->9fa9a271-7bed-4435-b477-86c6ed0ece08: receive RaftClientReply:client-821285EC2D67->9fa9a271-7bed-4435-b477-86c6ed0ece08@group-0E07FAD1B91E, cid=2005, SUCCESS, logIndex=2958, commits[9fa9a271-7bed-4435-b477-86c6ed0ece08:c2959, 06c1a879-4ae3-48dc-9686-b55cde066000:c2957, 67fae1a7-3cbe-4338-9d41-57e84498288b:c2957]
2019-07-10 10:27:33,081 INFO  client.GrpcClientProtocolClient (GrpcClientProtocolClient.java:onNext(255)) - client-821285EC2D67->9fa9a271-7bed-4435-b477-86c6ed0ece08: receive RaftClientReply:client-821285EC2D67->9fa9a271-7bed-4435-b477-86c6ed0ece08@group-0E07FAD1B91E, cid=2006, SUCCESS, logIndex=2959, commits[9fa9a271-7bed-4435-b477-86c6ed0ece08:c2959, 06c1a879-4ae3-48dc-9686-b55cde066000:c2957, 67fae1a7-3cbe-4338-9d41-57e84498288b:c2957]
2019-07-10 10:27:33,083 INFO  client.GrpcClientProtocolClient (GrpcClientProtocolClient.java:onNext(255)) - client-821285EC2D67->9fa9a271-7bed-4435-b477-86c6ed0ece08: receive RaftClientReply:client-821285EC2D67->9fa9a271-7bed-4435-b477-86c6ed0ece08@group-0E07FAD1B91E, cid=2007, SUCCESS, logIndex=0, commits[9fa9a271-7bed-4435-b477-86c6ed0ece08:c2961, 06c1a879-4ae3-48dc-9686-b55cde066000:c2959, 67fae1a7-3cbe-4338-9d41-57e84498288b:c2959]
2019-07-10 10:27:33,108 INFO  client.GrpcClientProtocolClient (GrpcClientProtocolClient.java:onNext(255)) - client-821285EC2D67->9fa9a271-7bed-4435-b477-86c6ed0ece08: receive RaftClientReply:client-821285EC2D67->9fa9a271-7bed-4435-b477-86c6ed0ece08@group-0E07FAD1B91E, cid=2008, SUCCESS, logIndex=2962, commits[9fa9a271-7bed-4435-b477-86c6ed0ece08:c2963, 06c1a879-4ae3-48dc-9686-b55cde066000:c2961, 67fae1a7-3cbe-4338-9d41-57e84498288b:c2961]
2019-07-10 10:27:33,108 INFO  client.GrpcClientProtocolClient (GrpcClientProtocolClient.java:onNext(255)) - client-821285EC2D67->9fa9a271-7bed-4435-b477-86c6ed0ece08: receive RaftClientReply:client-821285EC2D67->9fa9a271-7bed-4435-b477-86c6ed0ece08@group-0E07FAD1B91E, cid=2009, SUCCESS, logIndex=2963, commits[9fa9a271-7bed-4435-b477-86c6ed0ece08:c2965, 06c1a879-4ae3-48dc-9686-b55cde066000:c2961, 67fae1a7-3cbe-4338-9d41-57e84498288b:c2961]
2019-07-10 10:27:33,109 INFO  client.GrpcClientProtocolClient (GrpcClientProtocolClient.java:onNext(255)) - client-821285EC2D67->9fa9a271-7bed-4435-b477-86c6ed0ece08: receive RaftClientReply:client-821285EC2D67->9fa9a271-7bed-4435-b477-86c6ed0ece08@group-0E07FAD1B91E, cid=2010, SUCCESS, logIndex=2964, commits[9fa9a271-7bed-4435-b477-86c6ed0ece08:c2965, 06c1a879-4ae3-48dc-9686-b55cde066000:c2961, 67fae1a7-3cbe-4338-9d41-57e84498288b:c2961]
2019-07-10 10:27:33,109 INFO  client.GrpcClientProtocolClient (GrpcClientProtocolClient.java:onNext(255)) - client-821285EC2D67->9fa9a271-7bed-4435-b477-86c6ed0ece08: receive RaftClientReply:client-821285EC2D67->9fa9a271-7bed-4435-b477-86c6ed0ece08@group-0E07FAD1B91E, cid=2011, SUCCESS, logIndex=2965, commits[9fa9a271-7bed-4435-b477-86c6ed0ece08:c2965, 06c1a879-4ae3-48dc-9686-b55cde066000:c2961, 67fae1a7-3cbe-4338-9d41-57e84498288b:c2961]
2019-07-10 10:27:33,111 INFO  client.GrpcClientProtocolClient (GrpcClientProtocolClient.java:onNext(255)) - client-821285EC2D67->9fa9a271-7bed-4435-b477-86c6ed0ece08: receive RaftClientReply:client-821285EC2D67->9fa9a271-7bed-4435-b477-86c6ed0ece08@group-0E07FAD1B91E, cid=2012, SUCCESS, logIndex=0, commits[9fa9a271-7bed-4435-b477-86c6ed0ece08:c2968, 06c1a879-4ae3-48dc-9686-b55cde066000:c2964, 67fae1a7-3cbe-4338-9d41-57e84498288b:c2963]
2019-07-10 10:27:33,123 INFO  client.GrpcClientProtocolClient (GrpcClientProtocolClient.java:onNext(255)) - client-821285EC2D67->9fa9a271-7bed-4435-b477-86c6ed0ece08: receive RaftClientReply:client-821285EC2D67->9fa9a271-7bed-4435-b477-86c6ed0ece08@group-0E07FAD1B91E, cid=2013, SUCCESS, logIndex=2970, commits[9fa9a271-7bed-4435-b477-86c6ed0ece08:c2971, 06c1a879-4ae3-48dc-9686-b55cde066000:c2969, 67fae1a7-3cbe-4338-9d41-57e84498288b:c2965]
2019-07-10 10:27:33,124 INFO  client.GrpcClientProtocolClient (GrpcClientProtocolClient.java:onNext(255)) - client-821285EC2D67->9fa9a271-7bed-4435-b477-86c6ed0ece08: receive RaftClientReply:client-821285EC2D67->9fa9a271-7bed-4435-b477-86c6ed0ece08@group-0E07FAD1B91E, cid=2014, SUCCESS, logIndex=2971, commits[9fa9a271-7bed-4435-b477-86c6ed0ece08:c2971, 06c1a879-4ae3-48dc-9686-b55cde066000:c2969, 67fae1a7-3cbe-4338-9d41-57e84498288b:c2969]
2019-07-10 10:27:33,140 INFO  client.GrpcClientProtocolClient (GrpcClientProtocolClient.java:onNext(255)) - client-821285EC2D67->9fa9a271-7bed-4435-b477-86c6ed0ece08: receive RaftClientReply:client-821285EC2D67->9fa9a271-7bed-4435-b477-86c6ed0ece08@group-0E07FAD1B91E, cid=2015, SUCCESS, logIndex=2974, commits[9fa9a271-7bed-4435-b477-86c6ed0ece08:c2975, 06c1a879-4ae3-48dc-9686-b55cde066000:c2973, 67fae1a7-3cbe-4338-9d41-57e84498288b:c2973]
2019-07-10 10:27:33,141 INFO  client.GrpcClientProtocolClient (GrpcClientProtocolClient.java:onNext(255)) - client-821285EC2D67->9fa9a271-7bed-4435-b477-86c6ed0ece08: receive RaftClientReply:client-821285EC2D67->9fa9a271-7bed-4435-b477-86c6ed0ece08@group-0E07FAD1B91E, cid=2016, SUCCESS, logIndex=2975, commits[9fa9a271-7bed-4435-b477-86c6ed0ece08:c2975, 06c1a879-4ae3-48dc-9686-b55cde066000:c2973, 67fae1a7-3cbe-4338-9d41-57e84498288b:c2973]
2019-07-10 10:27:33,153 INFO  client.GrpcClientProtocolClient (GrpcClientProtocolClient.java:onNext(255)) - client-821285EC2D67->9fa9a271-7bed-4435-b477-86c6ed0ece08: receive RaftClientReply:client-821285EC2D67->9fa9a271-7bed-4435-b477-86c6ed0ece08@group-0E07FAD1B91E, cid=2017, SUCCESS, logIndex=0, commits[9fa9a271-7bed-4435-b477-86c6ed0ece08:c2977, 06c1a879-4ae3-48dc-9686-b55cde066000:c2975, 67fae1a7-3cbe-4338-9d41-57e84498288b:c2975]
2019-07-10 10:27:33,180 INFO  client.GrpcClientProtocolClient (GrpcClientProtocolClient.java:onNext(255)) - client-821285EC2D67->9fa9a271-7bed-4435-b477-86c6ed0ece08: receive RaftClientReply:client-821285EC2D67->9fa9a271-7bed-4435-b477-86c6ed0ece08@group-0E07FAD1B91E, cid=2018, SUCCESS, logIndex=2978, commits[9fa9a271-7bed-4435-b477-86c6ed0ece08:c2980, 06c1a879-4ae3-48dc-9686-b55cde066000:c2977, 67fae1a7-3cbe-4338-9d41-57e84498288b:c2977]
2019-07-10 10:27:33,181 INFO  client.GrpcClientProtocolClient (GrpcClientProtocolClient.java:onNext(255)) - client-821285EC2D67->9fa9a271-7bed-4435-b477-86c6ed0ece08: receive RaftClientReply:client-821285EC2D67->9fa9a271-7bed-4435-b477-86c6ed0ece08@group-0E07FAD1B91E, cid=2019, SUCCESS, logIndex=2979, commits[9fa9a271-7bed-4435-b477-86c6ed0ece08:c2981, 06c1a879-4ae3-48dc-9686-b55cde066000:c2977, 67fae1a7-3cbe-4338-9d41-57e84498288b:c2977]
2019-07-10 10:27:33,181 INFO  client.GrpcClientProtocolClient (GrpcClientProtocolClient.java:onNext(255)) - client-821285EC2D67->9fa9a271-7bed-4435-b477-86c6ed0ece08: receive RaftClientReply:client-821285EC2D67->9fa9a271-7bed-4435-b477-86c6ed0ece08@group-0E07FAD1B91E, cid=2020, SUCCESS, logIndex=2980, commits[9fa9a271-7bed-4435-b477-86c6ed0ece08:c2981, 06c1a879-4ae3-48dc-9686-b55cde066000:c2977, 67fae1a7-3cbe-4338-9d41-57e84498288b:c2977]
2019-07-10 10:27:33,181 INFO  client.GrpcClientProtocolClient (GrpcClientProtocolClient.java:onNext(255)) - client-821285EC2D67->9fa9a271-7bed-4435-b477-86c6ed0ece08: receive RaftClientReply:client-821285EC2D67->9fa9a271-7bed-4435-b477-86c6ed0ece08@group-0E07FAD1B91E, cid=2021, SUCCESS, logIndex=2981, commits[9fa9a271-7bed-4435-b477-86c6ed0ece08:c2981, 06c1a879-4ae3-48dc-9686-b55cde066000:c2977, 67fae1a7-3cbe-4338-9d41-57e84498288b:c2977]
2019-07-10 10:27:33,186 INFO  client.GrpcClientProtocolClient (GrpcClientProtocolClient.java:onNext(255)) - client-821285EC2D67->9fa9a271-7bed-4435-b477-86c6ed0ece08: receive RaftClientReply:client-821285EC2D67->9fa9a271-7bed-4435-b477-86c6ed0ece08@group-0E07FAD1B91E, cid=2022, SUCCESS, logIndex=0, commits[9fa9a271-7bed-4435-b477-86c6ed0ece08:c2983, 06c1a879-4ae3-48dc-9686-b55cde066000:c2980, 67fae1a7-3cbe-4338-9d41-57e84498288b:c2979]
2019-07-10 10:27:33,206 INFO  client.GrpcClientProtocolClient (GrpcClientProtocolClient.java:onNext(255)) - client-821285EC2D67->9fa9a271-7bed-4435-b477-86c6ed0ece08: receive RaftClientReply:client-821285EC2D67->9fa9a271-7bed-4435-b477-86c6ed0ece08@group-0E07FAD1B91E, cid=2023, SUCCESS, logIndex=2986, commits[9fa9a271-7bed-4435-b477-86c6ed0ece08:c2987, 06c1a879-4ae3-48dc-9686-b55cde066000:c2985, 67fae1a7-3cbe-4338-9d41-57e84498288b:c2985]
2019-07-10 10:27:33,206 INFO  client.GrpcClientProtocolClient (GrpcClientProtocolClient.java:onNext(255)) - client-821285EC2D67->9fa9a271-7bed-4435-b477-86c6ed0ece08: receive RaftClientReply:client-821285EC2D67->9fa9a271-7bed-4435-b477-86c6ed0ece08@group-0E07FAD1B91E, cid=2024, SUCCESS, logIndex=2987, commits[9fa9a271-7bed-4435-b477-86c6ed0ece08:c2987, 06c1a879-4ae3-48dc-9686-b55cde066000:c2985, 67fae1a7-3cbe-4338-9d41-57e84498288b:c2985]
2019-07-10 10:27:33,220 INFO  client.GrpcClientProtocolClient (GrpcClientProtocolClient.java:onNext(255)) - client-821285EC2D67->9fa9a271-7bed-4435-b477-86c6ed0ece08: receive RaftClientReply:client-821285EC2D67->9fa9a271-7bed-4435-b477-86c6ed0ece08@group-0E07FAD1B91E, cid=2025, SUCCESS, logIndex=2990, commits[9fa9a271-7bed-4435-b477-86c6ed0ece08:c2991, 06c1a879-4ae3-48dc-9686-b55cde066000:c2987, 67fae1a7-3cbe-4338-9d41-57e84498288b:c2987]
2019-07-10 10:27:33,221 INFO  client.GrpcClientProtocolClient (GrpcClientProtocolClient.java:onNext(255)) - client-821285EC2D67->9fa9a271-7bed-4435-b477-86c6ed0ece08: receive RaftClientReply:client-821285EC2D67->9fa9a271-7bed-4435-b477-86c6ed0ece08@group-0E07FAD1B91E, cid=2026, SUCCESS, logIndex=2991, commits[9fa9a271-7bed-4435-b477-86c6ed0ece08:c2991, 06c1a879-4ae3-48dc-9686-b55cde066000:c2987, 67fae1a7-3cbe-4338-9d41-57e84498288b:c2987]
2019-07-10 10:27:33,235 INFO  client.GrpcClientProtocolClient (GrpcClientProtocolClient.java:onNext(255)) - client-821285EC2D67->9fa9a271-7bed-4435-b477-86c6ed0ece08: receive RaftClientReply:client-821285EC2D67->9fa9a271-7bed-4435-b477-86c6ed0ece08@group-0E07FAD1B91E, cid=2027, SUCCESS, logIndex=0, commits[9fa9a271-7bed-4435-b477-86c6ed0ece08:c2993, 06c1a879-4ae3-48dc-9686-b55cde066000:c2991, 67fae1a7-3cbe-4338-9d41-57e84498288b:c2991]
2019-07-10 10:27:33,261 INFO  client.GrpcClientProtocolClient (GrpcClientProtocolClient.java:onNext(255)) - client-821285EC2D67->9fa9a271-7bed-4435-b477-86c6ed0ece08: receive RaftClientReply:client-821285EC2D67->9fa9a271-7bed-4435-b477-86c6ed0ece08@group-0E07FAD1B91E, cid=2028, SUCCESS, logIndex=2994, commits[9fa9a271-7bed-4435-b477-86c6ed0ece08:c2995, 06c1a879-4ae3-48dc-9686-b55cde066000:c2993, 67fae1a7-3cbe-4338-9d41-57e84498288b:c2993]
2019-07-10 10:27:33,262 INFO  client.GrpcClientProtocolClient (GrpcClientProtocolClient.java:onNext(255)) - client-821285EC2D67->9fa9a271-7bed-4435-b477-86c6ed0ece08: receive RaftClientReply:client-821285EC2D67->9fa9a271-7bed-4435-b477-86c6ed0ece08@group-0E07FAD1B91E, cid=2029, SUCCESS, logIndex=2995, commits[9fa9a271-7bed-4435-b477-86c6ed0ece08:c2995, 06c1a879-4ae3-48dc-9686-b55cde066000:c2993, 67fae1a7-3cbe-4338-9d41-57e84498288b:c2993]
2019-07-10 10:27:33,262 INFO  client.GrpcClientProtocolClient (GrpcClientProtocolClient.java:onNext(255)) - client-821285EC2D67->9fa9a271-7bed-4435-b477-86c6ed0ece08: receive RaftClientReply:client-821285EC2D67->9fa9a271-7bed-4435-b477-86c6ed0ece08@group-0E07FAD1B91E, cid=2030, SUCCESS, logIndex=2996, commits[9fa9a271-7bed-4435-b477-86c6ed0ece08:c2997, 06c1a879-4ae3-48dc-9686-b55cde066000:c2993, 67fae1a7-3cbe-4338-9d41-57e84498288b:c2993]
2019-07-10 10:27:33,262 INFO  client.GrpcClientProtocolClient (GrpcClientProtocolClient.java:onNext(255)) - client-821285EC2D67->9fa9a271-7bed-4435-b477-86c6ed0ece08: receive RaftClientReply:client-821285EC2D67->9fa9a271-7bed-4435-b477-86c6ed0ece08@group-0E07FAD1B91E, cid=2031, SUCCESS, logIndex=2997, commits[9fa9a271-7bed-4435-b477-86c6ed0ece08:c2997, 06c1a879-4ae3-48dc-9686-b55cde066000:c2993, 67fae1a7-3cbe-4338-9d41-57e84498288b:c2993]
2019-07-10 10:27:33,266 INFO  client.GrpcClientProtocolClient (GrpcClientProtocolClient.java:onNext(255)) - client-821285EC2D67->9fa9a271-7bed-4435-b477-86c6ed0ece08: receive RaftClientReply:client-821285EC2D67->9fa9a271-7bed-4435-b477-86c6ed0ece08@group-0E07FAD1B91E, cid=2032, SUCCESS, logIndex=0, commits[9fa9a271-7bed-4435-b477-86c6ed0ece08:c2999, 06c1a879-4ae3-48dc-9686-b55cde066000:c2995, 67fae1a7-3cbe-4338-9d41-57e84498288b:c2995]
2019-07-10 10:27:33,286 INFO  client.GrpcClientProtocolClient (GrpcClientProtocolClient.java:onNext(255)) - client-821285EC2D67->9fa9a271-7bed-4435-b477-86c6ed0ece08: receive RaftClientReply:client-821285EC2D67->9fa9a271-7bed-4435-b477-86c6ed0ece08@group-0E07FAD1B91E, cid=2033, SUCCESS, logIndex=3002, commits[9fa9a271-7bed-4435-b477-86c6ed0ece08:c3003, 06c1a879-4ae3-48dc-9686-b55cde066000:c3001, 67fae1a7-3cbe-4338-9d41-57e84498288b:c3001]
2019-07-10 10:27:33,287 INFO  client.GrpcClientProtocolClient (GrpcClientProtocolClient.java:onNext(255)) - client-821285EC2D67->9fa9a271-7bed-4435-b477-86c6ed0ece08: receive RaftClientReply:client-821285EC2D67->9fa9a271-7bed-4435-b477-86c6ed0ece08@group-0E07FAD1B91E, cid=2034, SUCCESS, logIndex=3003, commits[9fa9a271-7bed-4435-b477-86c6ed0ece08:c3003, 06c1a879-4ae3-48dc-9686-b55cde066000:c3001, 67fae1a7-3cbe-4338-9d41-57e84498288b:c3001]
2019-07-10 10:27:33,306 INFO  client.GrpcClientProtocolClient (GrpcClientProtocolClient.java:onNext(255)) - client-821285EC2D67->9fa9a271-7bed-4435-b477-86c6ed0ece08: receive RaftClientReply:client-821285EC2D67->9fa9a271-7bed-4435-b477-86c6ed0ece08@group-0E07FAD1B91E, cid=2035, SUCCESS, logIndex=3006, commits[9fa9a271-7bed-4435-b477-86c6ed0ece08:c3007, 06c1a879-4ae3-48dc-9686-b55cde066000:c3005, 67fae1a7-3cbe-4338-9d41-57e84498288b:c3005]
2019-07-10 10:27:33,306 INFO  client.GrpcClientProtocolClient (GrpcClientProtocolClient.java:onNext(255)) - client-821285EC2D67->9fa9a271-7bed-4435-b477-86c6ed0ece08: receive RaftClientReply:client-821285EC2D67->9fa9a271-7bed-4435-b477-86c6ed0ece08@group-0E07FAD1B91E, cid=2036, SUCCESS, logIndex=3007, commits[9fa9a271-7bed-4435-b477-86c6ed0ece08:c3007, 06c1a879-4ae3-48dc-9686-b55cde066000:c3005, 67fae1a7-3cbe-4338-9d41-57e84498288b:c3005]
2019-07-10 10:27:33,311 INFO  client.GrpcClientProtocolClient (GrpcClientProtocolClient.java:onNext(255)) - client-821285EC2D67->9fa9a271-7bed-4435-b477-86c6ed0ece08: receive RaftClientReply:client-821285EC2D67->9fa9a271-7bed-4435-b477-86c6ed0ece08@group-0E07FAD1B91E, cid=2037, SUCCESS, logIndex=0, commits[9fa9a271-7bed-4435-b477-86c6ed0ece08:c3009, 06c1a879-4ae3-48dc-9686-b55cde066000:c3007, 67fae1a7-3cbe-4338-9d41-57e84498288b:c3007]
2019-07-10 10:27:33,340 INFO  client.GrpcClientProtocolClient (GrpcClientProtocolClient.java:onNext(255)) - client-821285EC2D67->9fa9a271-7bed-4435-b477-86c6ed0ece08: receive RaftClientReply:client-821285EC2D67->9fa9a271-7bed-4435-b477-86c6ed0ece08@group-0E07FAD1B91E, cid=2038, SUCCESS, logIndex=3010, commits[9fa9a271-7bed-4435-b477-86c6ed0ece08:c3011, 06c1a879-4ae3-48dc-9686-b55cde066000:c3009, 67fae1a7-3cbe-4338-9d41-57e84498288b:c3009]
2019-07-10 10:27:33,341 INFO  client.GrpcClientProtocolClient (GrpcClientProtocolClient.java:onNext(255)) - client-821285EC2D67->9fa9a271-7bed-4435-b477-86c6ed0ece08: receive RaftClientReply:client-821285EC2D67->9fa9a271-7bed-4435-b477-86c6ed0ece08@group-0E07FAD1B91E, cid=2039, SUCCESS, logIndex=3011, commits[9fa9a271-7bed-4435-b477-86c6ed0ece08:c3012, 06c1a879-4ae3-48dc-9686-b55cde066000:c3009, 67fae1a7-3cbe-4338-9d41-57e84498288b:c3009]
2019-07-10 10:27:33,341 INFO  client.GrpcClientProtocolClient (GrpcClientProtocolClient.java:onNext(255)) - client-821285EC2D67->9fa9a271-7bed-4435-b477-86c6ed0ece08: receive RaftClientReply:client-821285EC2D67->9fa9a271-7bed-4435-b477-86c6ed0ece08@group-0E07FAD1B91E, cid=2040, SUCCESS, logIndex=3012, commits[9fa9a271-7bed-4435-b477-86c6ed0ece08:c3013, 06c1a879-4ae3-48dc-9686-b55cde066000:c3009, 67fae1a7-3cbe-4338-9d41-57e84498288b:c3009]
2019-07-10 10:27:33,341 INFO  client.GrpcClientProtocolClient (GrpcClientProtocolClient.java:onNext(255)) - client-821285EC2D67->9fa9a271-7bed-4435-b477-86c6ed0ece08: receive RaftClientReply:client-821285EC2D67->9fa9a271-7bed-4435-b477-86c6ed0ece08@group-0E07FAD1B91E, cid=2041, SUCCESS, logIndex=3013, commits[9fa9a271-7bed-4435-b477-86c6ed0ece08:c3013, 06c1a879-4ae3-48dc-9686-b55cde066000:c3009, 67fae1a7-3cbe-4338-9d41-57e84498288b:c3009]
2019-07-10 10:27:33,345 INFO  client.GrpcClientProtocolClient (GrpcClientProtocolClient.java:onNext(255)) - client-821285EC2D67->9fa9a271-7bed-4435-b477-86c6ed0ece08: receive RaftClientReply:client-821285EC2D67->9fa9a271-7bed-4435-b477-86c6ed0ece08@group-0E07FAD1B91E, cid=2042, SUCCESS, logIndex=0, commits[9fa9a271-7bed-4435-b477-86c6ed0ece08:c3015, 06c1a879-4ae3-48dc-9686-b55cde066000:c3011, 67fae1a7-3cbe-4338-9d41-57e84498288b:c3011]
2019-07-10 10:27:33,364 INFO  client.GrpcClientProtocolClient (GrpcClientProtocolClient.java:onNext(255)) - client-821285EC2D67->9fa9a271-7bed-4435-b477-86c6ed0ece08: receive RaftClientReply:client-821285EC2D67->9fa9a271-7bed-4435-b477-86c6ed0ece08@group-0E07FAD1B91E, cid=2043, SUCCESS, logIndex=3018, commits[9fa9a271-7bed-4435-b477-86c6ed0ece08:c3019, 06c1a879-4ae3-48dc-9686-b55cde066000:c3017, 67fae1a7-3cbe-4338-9d41-57e84498288b:c3017]
2019-07-10 10:27:33,364 INFO  client.GrpcClientProtocolClient (GrpcClientProtocolClient.java:onNext(255)) - client-821285EC2D67->9fa9a271-7bed-4435-b477-86c6ed0ece08: receive RaftClientReply:client-821285EC2D67->9fa9a271-7bed-4435-b477-86c6ed0ece08@group-0E07FAD1B91E, cid=2044, SUCCESS, logIndex=3019, commits[9fa9a271-7bed-4435-b477-86c6ed0ece08:c3019, 06c1a879-4ae3-48dc-9686-b55cde066000:c3017, 67fae1a7-3cbe-4338-9d41-57e84498288b:c3017]
2019-07-10 10:27:33,376 INFO  client.GrpcClientProtocolClient (GrpcClientProtocolClient.java:onNext(255)) - client-821285EC2D67->9fa9a271-7bed-4435-b477-86c6ed0ece08: receive RaftClientReply:client-821285EC2D67->9fa9a271-7bed-4435-b477-86c6ed0ece08@group-0E07FAD1B91E, cid=2045, SUCCESS, logIndex=3022, commits[9fa9a271-7bed-4435-b477-86c6ed0ece08:c3023, 06c1a879-4ae3-48dc-9686-b55cde066000:c3018, 67fae1a7-3cbe-4338-9d41-57e84498288b:c3019]
2019-07-10 10:27:33,376 INFO  client.GrpcClientProtocolClient (GrpcClientProtocolClient.java:onNext(255)) - client-821285EC2D67->9fa9a271-7bed-4435-b477-86c6ed0ece08: receive RaftClientReply:client-821285EC2D67->9fa9a271-7bed-4435-b477-86c6ed0ece08@group-0E07FAD1B91E, cid=2046, SUCCESS, logIndex=3023, commits[9fa9a271-7bed-4435-b477-86c6ed0ece08:c3023, 06c1a879-4ae3-48dc-9686-b55cde066000:c3019, 67fae1a7-3cbe-4338-9d41-57e84498288b:c3019]
 0.00% |█                                                                                                    |  0/1 Time: 0:00:132019-07-10 10:27:33,391 INFO  client.GrpcClientProtocolClient (GrpcClientProtocolClient.java:onNext(255)) - client-821285EC2D67->9fa9a271-7bed-4435-b477-86c6ed0ece08: receive RaftClientReply:client-821285EC2D67->9fa9a271-7bed-4435-b477-86c6ed0ece08@group-0E07FAD1B91E, cid=2047, SUCCESS, logIndex=0, commits[9fa9a271-7bed-4435-b477-86c6ed0ece08:c3025, 06c1a879-4ae3-48dc-9686-b55cde066000:c3023, 67fae1a7-3cbe-4338-9d41-57e84498288b:c3023]
2019-07-10 10:27:33,419 INFO  client.GrpcClientProtocolClient (GrpcClientProtocolClient.java:onNext(255)) - client-821285EC2D67->9fa9a271-7bed-4435-b477-86c6ed0ece08: receive RaftClientReply:client-821285EC2D67->9fa9a271-7bed-4435-b477-86c6ed0ece08@group-0E07FAD1B91E, cid=2048, SUCCESS, logIndex=3026, commits[9fa9a271-7bed-4435-b477-86c6ed0ece08:c3026, 06c1a879-4ae3-48dc-9686-b55cde066000:c3025, 67fae1a7-3cbe-4338-9d41-57e84498288b:c3025]
2019-07-10 10:27:33,419 INFO  client.GrpcClientProtocolClient (GrpcClientProtocolClient.java:onNext(255)) - client-821285EC2D67->9fa9a271-7bed-4435-b477-86c6ed0ece08: receive RaftClientReply:client-821285EC2D67->9fa9a271-7bed-4435-b477-86c6ed0ece08@group-0E07FAD1B91E, cid=2049, SUCCESS, logIndex=3027, commits[9fa9a271-7bed-4435-b477-86c6ed0ece08:c3027, 06c1a879-4ae3-48dc-9686-b55cde066000:c3025, 67fae1a7-3cbe-4338-9d41-57e84498288b:c3025]
2019-07-10 10:27:33,420 INFO  client.GrpcClientProtocolClient (GrpcClientProtocolClient.java:onNext(255)) - client-821285EC2D67->9fa9a271-7bed-4435-b477-86c6ed0ece08: receive RaftClientReply:client-821285EC2D67->9fa9a271-7bed-4435-b477-86c6ed0ece08@group-0E07FAD1B91E, cid=2050, SUCCESS, logIndex=3028, commits[9fa9a271-7bed-4435-b477-86c6ed0ece08:c3029, 06c1a879-4ae3-48dc-9686-b55cde066000:c3025, 67fae1a7-3cbe-4338-9d41-57e84498288b:c3025]
2019-07-10 10:27:33,421 INFO  client.GrpcClientProtocolClient (GrpcClientProtocolClient.java:onNext(255)) - client-821285EC2D67->9fa9a271-7bed-4435-b477-86c6ed0ece08: receive RaftClientReply:client-821285EC2D67->9fa9a271-7bed-4435-b477-86c6ed0ece08@group-0E07FAD1B91E, cid=2051, SUCCESS, logIndex=3029, commits[9fa9a271-7bed-4435-b477-86c6ed0ece08:c3029, 06c1a879-4ae3-48dc-9686-b55cde066000:c3025, 67fae1a7-3cbe-4338-9d41-57e84498288b:c3025]
2019-07-10 10:27:33,424 INFO  client.GrpcClientProtocolClient (GrpcClientProtocolClient.java:onNext(255)) - client-821285EC2D67->9fa9a271-7bed-4435-b477-86c6ed0ece08: receive RaftClientReply:client-821285EC2D67->9fa9a271-7bed-4435-b477-86c6ed0ece08@group-0E07FAD1B91E, cid=2052, SUCCESS, logIndex=0, commits[9fa9a271-7bed-4435-b477-86c6ed0ece08:c3031, 06c1a879-4ae3-48dc-9686-b55cde066000:c3027, 67fae1a7-3cbe-4338-9d41-57e84498288b:c3027]
2019-07-10 10:27:33,443 INFO  client.GrpcClientProtocolClient (GrpcClientProtocolClient.java:onNext(255)) - client-821285EC2D67->9fa9a271-7bed-4435-b477-86c6ed0ece08: receive RaftClientReply:client-821285EC2D67->9fa9a271-7bed-4435-b477-86c6ed0ece08@group-0E07FAD1B91E, cid=2053, SUCCESS, logIndex=3034, commits[9fa9a271-7bed-4435-b477-86c6ed0ece08:c3035, 06c1a879-4ae3-48dc-9686-b55cde066000:c3033, 67fae1a7-3cbe-4338-9d41-57e84498288b:c3033]
2019-07-10 10:27:33,444 INFO  client.GrpcClientProtocolClient (GrpcClientProtocolClient.java:onNext(255)) - client-821285EC2D67->9fa9a271-7bed-4435-b477-86c6ed0ece08: receive RaftClientReply:client-821285EC2D67->9fa9a271-7bed-4435-b477-86c6ed0ece08@group-0E07FAD1B91E, cid=2054, SUCCESS, logIndex=3035, commits[9fa9a271-7bed-4435-b477-86c6ed0ece08:c3035, 06c1a879-4ae3-48dc-9686-b55cde066000:c3033, 67fae1a7-3cbe-4338-9d41-57e84498288b:c3033]
2019-07-10 10:27:33,463 INFO  client.GrpcClientProtocolClient (GrpcClientProtocolClient.java:onNext(255)) - client-821285EC2D67->9fa9a271-7bed-4435-b477-86c6ed0ece08: receive RaftClientReply:client-821285EC2D67->9fa9a271-7bed-4435-b477-86c6ed0ece08@group-0E07FAD1B91E, cid=2055, SUCCESS, logIndex=3038, commits[9fa9a271-7bed-4435-b477-86c6ed0ece08:c3039, 06c1a879-4ae3-48dc-9686-b55cde066000:c3035, 67fae1a7-3cbe-4338-9d41-57e84498288b:c3035]
2019-07-10 10:27:33,463 INFO  client.GrpcClientProtocolClient (GrpcClientProtocolClient.java:onNext(255)) - client-821285EC2D67->9fa9a271-7bed-4435-b477-86c6ed0ece08: receive RaftClientReply:client-821285EC2D67->9fa9a271-7bed-4435-b477-86c6ed0ece08@group-0E07FAD1B91E, cid=2056, SUCCESS, logIndex=3039, commits[9fa9a271-7bed-4435-b477-86c6ed0ece08:c3039, 06c1a879-4ae3-48dc-9686-b55cde066000:c3035, 67fae1a7-3cbe-4338-9d41-57e84498288b:c3035]
2019-07-10 10:27:33,474 INFO  client.GrpcClientProtocolClient (GrpcClientProtocolClient.java:onNext(255)) - client-821285EC2D67->9fa9a271-7bed-4435-b477-86c6ed0ece08: receive RaftClientReply:client-821285EC2D67->9fa9a271-7bed-4435-b477-86c6ed0ece08@group-0E07FAD1B91E, cid=2057, SUCCESS, logIndex=0, commits[9fa9a271-7bed-4435-b477-86c6ed0ece08:c3041, 06c1a879-4ae3-48dc-9686-b55cde066000:c3039, 67fae1a7-3cbe-4338-9d41-57e84498288b:c3039]
2019-07-10 10:27:33,495 INFO  client.GrpcClientProtocolClient (GrpcClientProtocolClient.java:onNext(255)) - client-821285EC2D67->9fa9a271-7bed-4435-b477-86c6ed0ece08: receive RaftClientReply:client-821285EC2D67->9fa9a271-7bed-4435-b477-86c6ed0ece08@group-0E07FAD1B91E, cid=2058, SUCCESS, logIndex=3042, commits[9fa9a271-7bed-4435-b477-86c6ed0ece08:c3043, 06c1a879-4ae3-48dc-9686-b55cde066000:c3041, 67fae1a7-3cbe-4338-9d41-57e84498288b:c3039]
2019-07-10 10:27:33,496 INFO  client.GrpcClientProtocolClient (GrpcClientProtocolClient.java:onNext(255)) - client-821285EC2D67->9fa9a271-7bed-4435-b477-86c6ed0ece08: receive RaftClientReply:client-821285EC2D67->9fa9a271-7bed-4435-b477-86c6ed0ece08@group-0E07FAD1B91E, cid=2059, SUCCESS, logIndex=3043, commits[9fa9a271-7bed-4435-b477-86c6ed0ece08:c3043, 06c1a879-4ae3-48dc-9686-b55cde066000:c3041, 67fae1a7-3cbe-4338-9d41-57e84498288b:c3039]
2019-07-10 10:27:33,508 INFO  client.GrpcClientProtocolClient (GrpcClientProtocolClient.java:onNext(255)) - client-821285EC2D67->9fa9a271-7bed-4435-b477-86c6ed0ece08: receive RaftClientReply:client-821285EC2D67->9fa9a271-7bed-4435-b477-86c6ed0ece08@group-0E07FAD1B91E, cid=2060, SUCCESS, logIndex=3044, commits[9fa9a271-7bed-4435-b477-86c6ed0ece08:c3045, 06c1a879-4ae3-48dc-9686-b55cde066000:c3041, 67fae1a7-3cbe-4338-9d41-57e84498288b:c3041]
2019-07-10 10:27:33,508 INFO  client.GrpcClientProtocolClient (GrpcClientProtocolClient.java:onNext(255)) - client-821285EC2D67->9fa9a271-7bed-4435-b477-86c6ed0ece08: receive RaftClientReply:client-821285EC2D67->9fa9a271-7bed-4435-b477-86c6ed0ece08@group-0E07FAD1B91E, cid=2061, SUCCESS, logIndex=3045, commits[9fa9a271-7bed-4435-b477-86c6ed0ece08:c3047, 06c1a879-4ae3-48dc-9686-b55cde066000:c3043, 67fae1a7-3cbe-4338-9d41-57e84498288b:c3043]
2019-07-10 10:27:33,529 INFO  client.GrpcClientProtocolClient (GrpcClientProtocolClient.java:onNext(255)) - client-821285EC2D67->9fa9a271-7bed-4435-b477-86c6ed0ece08: receive RaftClientReply:client-821285EC2D67->9fa9a271-7bed-4435-b477-86c6ed0ece08@group-0E07FAD1B91E, cid=2062, SUCCESS, logIndex=3050, commits[9fa9a271-7bed-4435-b477-86c6ed0ece08:c3051, 06c1a879-4ae3-48dc-9686-b55cde066000:c3047, 67fae1a7-3cbe-4338-9d41-57e84498288b:c3047]
2019-07-10 10:27:33,530 INFO  client.GrpcClientProtocolClient (GrpcClientProtocolClient.java:onNext(255)) - client-821285EC2D67->9fa9a271-7bed-4435-b477-86c6ed0ece08: receive RaftClientReply:client-821285EC2D67->9fa9a271-7bed-4435-b477-86c6ed0ece08@group-0E07FAD1B91E, cid=2063, SUCCESS, logIndex=3051, commits[9fa9a271-7bed-4435-b477-86c6ed0ece08:c3051, 06c1a879-4ae3-48dc-9686-b55cde066000:c3047, 67fae1a7-3cbe-4338-9d41-57e84498288b:c3047]
2019-07-10 10:27:33,543 INFO  client.GrpcClientProtocolClient (GrpcClientProtocolClient.java:onNext(255)) - client-821285EC2D67->9fa9a271-7bed-4435-b477-86c6ed0ece08: receive RaftClientReply:client-821285EC2D67->9fa9a271-7bed-4435-b477-86c6ed0ece08@group-0E07FAD1B91E, cid=2064, SUCCESS, logIndex=3054, commits[9fa9a271-7bed-4435-b477-86c6ed0ece08:c3055, 06c1a879-4ae3-48dc-9686-b55cde066000:c3053, 67fae1a7-3cbe-4338-9d41-57e84498288b:c3051]
2019-07-10 10:27:33,543 INFO  client.GrpcClientProtocolClient (GrpcClientProtocolClient.java:onNext(255)) - client-821285EC2D67->9fa9a271-7bed-4435-b477-86c6ed0ece08: receive RaftClientReply:client-821285EC2D67->9fa9a271-7bed-4435-b477-86c6ed0ece08@group-0E07FAD1B91E, cid=2065, SUCCESS, logIndex=3055, commits[9fa9a271-7bed-4435-b477-86c6ed0ece08:c3055, 06c1a879-4ae3-48dc-9686-b55cde066000:c3053, 67fae1a7-3cbe-4338-9d41-57e84498288b:c3053]
2019-07-10 10:27:33,548 INFO  client.GrpcClientProtocolClient (GrpcClientProtocolClient.java:onNext(255)) - client-821285EC2D67->9fa9a271-7bed-4435-b477-86c6ed0ece08: receive RaftClientReply:client-821285EC2D67->9fa9a271-7bed-4435-b477-86c6ed0ece08@group-0E07FAD1B91E, cid=2066, SUCCESS, logIndex=0, commits[9fa9a271-7bed-4435-b477-86c6ed0ece08:c3057, 06c1a879-4ae3-48dc-9686-b55cde066000:c3055, 67fae1a7-3cbe-4338-9d41-57e84498288b:c3055]
2019-07-10 10:27:33,577 INFO  client.GrpcClientProtocolClient (GrpcClientProtocolClient.java:onNext(255)) - client-821285EC2D67->9fa9a271-7bed-4435-b477-86c6ed0ece08: receive RaftClientReply:client-821285EC2D67->9fa9a271-7bed-4435-b477-86c6ed0ece08@group-0E07FAD1B91E, cid=2067, SUCCESS, logIndex=3058, commits[9fa9a271-7bed-4435-b477-86c6ed0ece08:c3061, 06c1a879-4ae3-48dc-9686-b55cde066000:c3057, 67fae1a7-3cbe-4338-9d41-57e84498288b:c3057]
2019-07-10 10:27:33,578 INFO  client.GrpcClientProtocolClient (GrpcClientProtocolClient.java:onNext(255)) - client-821285EC2D67->9fa9a271-7bed-4435-b477-86c6ed0ece08: receive RaftClientReply:client-821285EC2D67->9fa9a271-7bed-4435-b477-86c6ed0ece08@group-0E07FAD1B91E, cid=2068, SUCCESS, logIndex=3059, commits[9fa9a271-7bed-4435-b477-86c6ed0ece08:c3061, 06c1a879-4ae3-48dc-9686-b55cde066000:c3057, 67fae1a7-3cbe-4338-9d41-57e84498288b:c3057]
2019-07-10 10:27:33,578 INFO  client.GrpcClientProtocolClient (GrpcClientProtocolClient.java:onNext(255)) - client-821285EC2D67->9fa9a271-7bed-4435-b477-86c6ed0ece08: receive RaftClientReply:client-821285EC2D67->9fa9a271-7bed-4435-b477-86c6ed0ece08@group-0E07FAD1B91E, cid=2069, SUCCESS, logIndex=3060, commits[9fa9a271-7bed-4435-b477-86c6ed0ece08:c3061, 06c1a879-4ae3-48dc-9686-b55cde066000:c3057, 67fae1a7-3cbe-4338-9d41-57e84498288b:c3057]
2019-07-10 10:27:33,578 INFO  client.GrpcClientProtocolClient (GrpcClientProtocolClient.java:onNext(255)) - client-821285EC2D67->9fa9a271-7bed-4435-b477-86c6ed0ece08: receive RaftClientReply:client-821285EC2D67->9fa9a271-7bed-4435-b477-86c6ed0ece08@group-0E07FAD1B91E, cid=2070, SUCCESS, logIndex=3061, commits[9fa9a271-7bed-4435-b477-86c6ed0ece08:c3061, 06c1a879-4ae3-48dc-9686-b55cde066000:c3057, 67fae1a7-3cbe-4338-9d41-57e84498288b:c3057]
2019-07-10 10:27:33,579 INFO  client.GrpcClientProtocolClient (GrpcClientProtocolClient.java:onNext(255)) - client-821285EC2D67->9fa9a271-7bed-4435-b477-86c6ed0ece08: receive RaftClientReply:client-821285EC2D67->9fa9a271-7bed-4435-b477-86c6ed0ece08@group-0E07FAD1B91E, cid=2071, SUCCESS, logIndex=0, commits[9fa9a271-7bed-4435-b477-86c6ed0ece08:c3062, 06c1a879-4ae3-48dc-9686-b55cde066000:c3059, 67fae1a7-3cbe-4338-9d41-57e84498288b:c3059]
2019-07-10 10:27:33,599 INFO  client.GrpcClientProtocolClient (GrpcClientProtocolClient.java:onNext(255)) - client-821285EC2D67->9fa9a271-7bed-4435-b477-86c6ed0ece08: receive RaftClientReply:client-821285EC2D67->9fa9a271-7bed-4435-b477-86c6ed0ece08@group-0E07FAD1B91E, cid=2072, SUCCESS, logIndex=3066, commits[9fa9a271-7bed-4435-b477-86c6ed0ece08:c3067, 06c1a879-4ae3-48dc-9686-b55cde066000:c3065, 67fae1a7-3cbe-4338-9d41-57e84498288b:c3065]
2019-07-10 10:27:33,599 INFO  client.GrpcClientProtocolClient (GrpcClientProtocolClient.java:onNext(255)) - client-821285EC2D67->9fa9a271-7bed-4435-b477-86c6ed0ece08: receive RaftClientReply:client-821285EC2D67->9fa9a271-7bed-4435-b477-86c6ed0ece08@group-0E07FAD1B91E, cid=2073, SUCCESS, logIndex=3067, commits[9fa9a271-7bed-4435-b477-86c6ed0ece08:c3067, 06c1a879-4ae3-48dc-9686-b55cde066000:c3065, 67fae1a7-3cbe-4338-9d41-57e84498288b:c3065]
2019-07-10 10:27:33,711 INFO  client.GrpcClientProtocolClient (GrpcClientProtocolClient.java:onNext(255)) - client-821285EC2D67->9fa9a271-7bed-4435-b477-86c6ed0ece08: receive RaftClientReply:client-821285EC2D67->9fa9a271-7bed-4435-b477-86c6ed0ece08@group-0E07FAD1B91E, cid=2074, SUCCESS, logIndex=3070, commits[9fa9a271-7bed-4435-b477-86c6ed0ece08:c3071, 06c1a879-4ae3-48dc-9686-b55cde066000:c3067, 67fae1a7-3cbe-4338-9d41-57e84498288b:c3067]
2019-07-10 10:27:33,712 INFO  client.GrpcClientProtocolClient (GrpcClientProtocolClient.java:onNext(255)) - client-821285EC2D67->9fa9a271-7bed-4435-b477-86c6ed0ece08: receive RaftClientReply:client-821285EC2D67->9fa9a271-7bed-4435-b477-86c6ed0ece08@group-0E07FAD1B91E, cid=2075, SUCCESS, logIndex=3071, commits[9fa9a271-7bed-4435-b477-86c6ed0ece08:c3071, 06c1a879-4ae3-48dc-9686-b55cde066000:c3067, 67fae1a7-3cbe-4338-9d41-57e84498288b:c3067]
2019-07-10 10:27:33,732 INFO  client.GrpcClientProtocolClient (GrpcClientProtocolClient.java:onNext(255)) - client-821285EC2D67->9fa9a271-7bed-4435-b477-86c6ed0ece08: receive RaftClientReply:client-821285EC2D67->9fa9a271-7bed-4435-b477-86c6ed0ece08@group-0E07FAD1B91E, cid=2076, SUCCESS, logIndex=0, commits[9fa9a271-7bed-4435-b477-86c6ed0ece08:c3073, 06c1a879-4ae3-48dc-9686-b55cde066000:c3071, 67fae1a7-3cbe-4338-9d41-57e84498288b:c3071]
2019-07-10 10:27:33,770 INFO  client.GrpcClientProtocolClient (GrpcClientProtocolClient.java:onNext(255)) - client-821285EC2D67->9fa9a271-7bed-4435-b477-86c6ed0ece08: receive RaftClientReply:client-821285EC2D67->9fa9a271-7bed-4435-b477-86c6ed0ece08@group-0E07FAD1B91E, cid=2077, SUCCESS, logIndex=3074, commits[9fa9a271-7bed-4435-b477-86c6ed0ece08:c3075, 06c1a879-4ae3-48dc-9686-b55cde066000:c3073, 67fae1a7-3cbe-4338-9d41-57e84498288b:c3073]
2019-07-10 10:27:33,771 INFO  client.GrpcClientProtocolClient (GrpcClientProtocolClient.java:onNext(255)) - client-821285EC2D67->9fa9a271-7bed-4435-b477-86c6ed0ece08: receive RaftClientReply:client-821285EC2D67->9fa9a271-7bed-4435-b477-86c6ed0ece08@group-0E07FAD1B91E, cid=2078, SUCCESS, logIndex=3075, commits[9fa9a271-7bed-4435-b477-86c6ed0ece08:c3077, 06c1a879-4ae3-48dc-9686-b55cde066000:c3073, 67fae1a7-3cbe-4338-9d41-57e84498288b:c3073]
2019-07-10 10:27:33,771 INFO  client.GrpcClientProtocolClient (GrpcClientProtocolClient.java:onNext(255)) - client-821285EC2D67->9fa9a271-7bed-4435-b477-86c6ed0ece08: receive RaftClientReply:client-821285EC2D67->9fa9a271-7bed-4435-b477-86c6ed0ece08@group-0E07FAD1B91E, cid=2079, SUCCESS, logIndex=3076, commits[9fa9a271-7bed-4435-b477-86c6ed0ece08:c3077, 06c1a879-4ae3-48dc-9686-b55cde066000:c3073, 67fae1a7-3cbe-4338-9d41-57e84498288b:c3073]
2019-07-10 10:27:33,771 INFO  client.GrpcClientProtocolClient (GrpcClientProtocolClient.java:onNext(255)) - client-821285EC2D67->9fa9a271-7bed-4435-b477-86c6ed0ece08: receive RaftClientReply:client-821285EC2D67->9fa9a271-7bed-4435-b477-86c6ed0ece08@group-0E07FAD1B91E, cid=2080, SUCCESS, logIndex=3077, commits[9fa9a271-7bed-4435-b477-86c6ed0ece08:c3077, 06c1a879-4ae3-48dc-9686-b55cde066000:c3073, 67fae1a7-3cbe-4338-9d41-57e84498288b:c3073]
2019-07-10 10:27:33,780 INFO  client.GrpcClientProtocolClient (GrpcClientProtocolClient.java:onNext(255)) - client-821285EC2D67->9fa9a271-7bed-4435-b477-86c6ed0ece08: receive RaftClientReply:client-821285EC2D67->9fa9a271-7bed-4435-b477-86c6ed0ece08@group-0E07FAD1B91E, cid=2081, SUCCESS, logIndex=0, commits[9fa9a271-7bed-4435-b477-86c6ed0ece08:c3078, 06c1a879-4ae3-48dc-9686-b55cde066000:c3075, 67fae1a7-3cbe-4338-9d41-57e84498288b:c3075]
2019-07-10 10:27:33,800 INFO  client.GrpcClientProtocolClient (GrpcClientProtocolClient.java:onNext(255)) - client-821285EC2D67->9fa9a271-7bed-4435-b477-86c6ed0ece08: receive RaftClientReply:client-821285EC2D67->9fa9a271-7bed-4435-b477-86c6ed0ece08@group-0E07FAD1B91E, cid=2082, SUCCESS, logIndex=3081, commits[9fa9a271-7bed-4435-b477-86c6ed0ece08:c3082, 06c1a879-4ae3-48dc-9686-b55cde066000:c3078, 67fae1a7-3cbe-4338-9d41-57e84498288b:c3078]
2019-07-10 10:27:33,801 INFO  client.GrpcClientProtocolClient (GrpcClientProtocolClient.java:onNext(255)) - client-821285EC2D67->9fa9a271-7bed-4435-b477-86c6ed0ece08: receive RaftClientReply:client-821285EC2D67->9fa9a271-7bed-4435-b477-86c6ed0ece08@group-0E07FAD1B91E, cid=2083, SUCCESS, logIndex=3082, commits[9fa9a271-7bed-4435-b477-86c6ed0ece08:c3082, 06c1a879-4ae3-48dc-9686-b55cde066000:c3078, 67fae1a7-3cbe-4338-9d41-57e84498288b:c3078]
2019-07-10 10:27:33,813 INFO  client.GrpcClientProtocolClient (GrpcClientProtocolClient.java:onNext(255)) - client-821285EC2D67->9fa9a271-7bed-4435-b477-86c6ed0ece08: receive RaftClientReply:client-821285EC2D67->9fa9a271-7bed-4435-b477-86c6ed0ece08@group-0E07FAD1B91E, cid=2084, SUCCESS, logIndex=3085, commits[9fa9a271-7bed-4435-b477-86c6ed0ece08:c3086, 06c1a879-4ae3-48dc-9686-b55cde066000:c3082, 67fae1a7-3cbe-4338-9d41-57e84498288b:c3082]
2019-07-10 10:27:33,813 INFO  client.GrpcClientProtocolClient (GrpcClientProtocolClient.java:onNext(255)) - client-821285EC2D67->9fa9a271-7bed-4435-b477-86c6ed0ece08: receive RaftClientReply:client-821285EC2D67->9fa9a271-7bed-4435-b477-86c6ed0ece08@group-0E07FAD1B91E, cid=2085, SUCCESS, logIndex=3086, commits[9fa9a271-7bed-4435-b477-86c6ed0ece08:c3086, 06c1a879-4ae3-48dc-9686-b55cde066000:c3082, 67fae1a7-3cbe-4338-9d41-57e84498288b:c3082]
2019-07-10 10:27:33,818 INFO  client.GrpcClientProtocolClient (GrpcClientProtocolClient.java:onNext(255)) - client-821285EC2D67->9fa9a271-7bed-4435-b477-86c6ed0ece08: receive RaftClientReply:client-821285EC2D67->9fa9a271-7bed-4435-b477-86c6ed0ece08@group-0E07FAD1B91E, cid=2086, SUCCESS, logIndex=0, commits[9fa9a271-7bed-4435-b477-86c6ed0ece08:c3088, 06c1a879-4ae3-48dc-9686-b55cde066000:c3086, 67fae1a7-3cbe-4338-9d41-57e84498288b:c3086]
2019-07-10 10:27:33,844 INFO  client.GrpcClientProtocolClient (GrpcClientProtocolClient.java:onNext(255)) - client-821285EC2D67->9fa9a271-7bed-4435-b477-86c6ed0ece08: receive RaftClientReply:client-821285EC2D67->9fa9a271-7bed-4435-b477-86c6ed0ece08@group-0E07FAD1B91E, cid=2087, SUCCESS, logIndex=3089, commits[9fa9a271-7bed-4435-b477-86c6ed0ece08:c3091, 06c1a879-4ae3-48dc-9686-b55cde066000:c3088, 67fae1a7-3cbe-4338-9d41-57e84498288b:c3088]
2019-07-10 10:27:33,844 INFO  client.GrpcClientProtocolClient (GrpcClientProtocolClient.java:onNext(255)) - client-821285EC2D67->9fa9a271-7bed-4435-b477-86c6ed0ece08: receive RaftClientReply:client-821285EC2D67->9fa9a271-7bed-4435-b477-86c6ed0ece08@group-0E07FAD1B91E, cid=2088, SUCCESS, logIndex=3090, commits[9fa9a271-7bed-4435-b477-86c6ed0ece08:c3092, 06c1a879-4ae3-48dc-9686-b55cde066000:c3088, 67fae1a7-3cbe-4338-9d41-57e84498288b:c3088]
2019-07-10 10:27:33,845 INFO  client.GrpcClientProtocolClient (GrpcClientProtocolClient.java:onNext(255)) - client-821285EC2D67->9fa9a271-7bed-4435-b477-86c6ed0ece08: receive RaftClientReply:client-821285EC2D67->9fa9a271-7bed-4435-b477-86c6ed0ece08@group-0E07FAD1B91E, cid=2089, SUCCESS, logIndex=3091, commits[9fa9a271-7bed-4435-b477-86c6ed0ece08:c3092, 06c1a879-4ae3-48dc-9686-b55cde066000:c3088, 67fae1a7-3cbe-4338-9d41-57e84498288b:c3088]
2019-07-10 10:27:33,845 INFO  client.GrpcClientProtocolClient (GrpcClientProtocolClient.java:onNext(255)) - client-821285EC2D67->9fa9a271-7bed-4435-b477-86c6ed0ece08: receive RaftClientReply:client-821285EC2D67->9fa9a271-7bed-4435-b477-86c6ed0ece08@group-0E07FAD1B91E, cid=2090, SUCCESS, logIndex=3092, commits[9fa9a271-7bed-4435-b477-86c6ed0ece08:c3093, 06c1a879-4ae3-48dc-9686-b55cde066000:c3088, 67fae1a7-3cbe-4338-9d41-57e84498288b:c3089]
2019-07-10 10:27:33,846 INFO  client.GrpcClientProtocolClient (GrpcClientProtocolClient.java:onNext(255)) - client-821285EC2D67->9fa9a271-7bed-4435-b477-86c6ed0ece08: receive RaftClientReply:client-821285EC2D67->9fa9a271-7bed-4435-b477-86c6ed0ece08@group-0E07FAD1B91E, cid=2091, SUCCESS, logIndex=0, commits[9fa9a271-7bed-4435-b477-86c6ed0ece08:c3094, 06c1a879-4ae3-48dc-9686-b55cde066000:c3090, 67fae1a7-3cbe-4338-9d41-57e84498288b:c3090]
2019-07-10 10:27:33,864 INFO  client.GrpcClientProtocolClient (GrpcClientProtocolClient.java:onNext(255)) - client-821285EC2D67->9fa9a271-7bed-4435-b477-86c6ed0ece08: receive RaftClientReply:client-821285EC2D67->9fa9a271-7bed-4435-b477-86c6ed0ece08@group-0E07FAD1B91E, cid=2092, SUCCESS, logIndex=3097, commits[9fa9a271-7bed-4435-b477-86c6ed0ece08:c3098, 06c1a879-4ae3-48dc-9686-b55cde066000:c3096, 67fae1a7-3cbe-4338-9d41-57e84498288b:c3096]
2019-07-10 10:27:33,865 INFO  client.GrpcClientProtocolClient (GrpcClientProtocolClient.java:onNext(255)) - client-821285EC2D67->9fa9a271-7bed-4435-b477-86c6ed0ece08: receive RaftClientReply:client-821285EC2D67->9fa9a271-7bed-4435-b477-86c6ed0ece08@group-0E07FAD1B91E, cid=2093, SUCCESS, logIndex=3098, commits[9fa9a271-7bed-4435-b477-86c6ed0ece08:c3098, 06c1a879-4ae3-48dc-9686-b55cde066000:c3096, 67fae1a7-3cbe-4338-9d41-57e84498288b:c3096]
2019-07-10 10:27:33,876 INFO  client.GrpcClientProtocolClient (GrpcClientProtocolClient.java:onNext(255)) - client-821285EC2D67->9fa9a271-7bed-4435-b477-86c6ed0ece08: receive RaftClientReply:client-821285EC2D67->9fa9a271-7bed-4435-b477-86c6ed0ece08@group-0E07FAD1B91E, cid=2094, SUCCESS, logIndex=3101, commits[9fa9a271-7bed-4435-b477-86c6ed0ece08:c3102, 06c1a879-4ae3-48dc-9686-b55cde066000:c3097, 67fae1a7-3cbe-4338-9d41-57e84498288b:c3098]
2019-07-10 10:27:33,876 INFO  client.GrpcClientProtocolClient (GrpcClientProtocolClient.java:onNext(255)) - client-821285EC2D67->9fa9a271-7bed-4435-b477-86c6ed0ece08: receive RaftClientReply:client-821285EC2D67->9fa9a271-7bed-4435-b477-86c6ed0ece08@group-0E07FAD1B91E, cid=2095, SUCCESS, logIndex=3102, commits[9fa9a271-7bed-4435-b477-86c6ed0ece08:c3102, 06c1a879-4ae3-48dc-9686-b55cde066000:c3098, 67fae1a7-3cbe-4338-9d41-57e84498288b:c3098]
2019-07-10 10:27:33,880 INFO  client.GrpcClientProtocolClient (GrpcClientProtocolClient.java:onNext(255)) - client-821285EC2D67->9fa9a271-7bed-4435-b477-86c6ed0ece08: receive RaftClientReply:client-821285EC2D67->9fa9a271-7bed-4435-b477-86c6ed0ece08@group-0E07FAD1B91E, cid=2096, SUCCESS, logIndex=0, commits[9fa9a271-7bed-4435-b477-86c6ed0ece08:c3104, 06c1a879-4ae3-48dc-9686-b55cde066000:c3102, 67fae1a7-3cbe-4338-9d41-57e84498288b:c3102]
2019-07-10 10:27:33,908 INFO  client.GrpcClientProtocolClient (GrpcClientProtocolClient.java:onNext(255)) - client-821285EC2D67->9fa9a271-7bed-4435-b477-86c6ed0ece08: receive RaftClientReply:client-821285EC2D67->9fa9a271-7bed-4435-b477-86c6ed0ece08@group-0E07FAD1B91E, cid=2097, SUCCESS, logIndex=3105, commits[9fa9a271-7bed-4435-b477-86c6ed0ece08:c3108, 06c1a879-4ae3-48dc-9686-b55cde066000:c3102, 67fae1a7-3cbe-4338-9d41-57e84498288b:c3104]
2019-07-10 10:27:33,909 INFO  client.GrpcClientProtocolClient (GrpcClientProtocolClient.java:onNext(255)) - client-821285EC2D67->9fa9a271-7bed-4435-b477-86c6ed0ece08: receive RaftClientReply:client-821285EC2D67->9fa9a271-7bed-4435-b477-86c6ed0ece08@group-0E07FAD1B91E, cid=2098, SUCCESS, logIndex=3106, commits[9fa9a271-7bed-4435-b477-86c6ed0ece08:c3108, 06c1a879-4ae3-48dc-9686-b55cde066000:c3104, 67fae1a7-3cbe-4338-9d41-57e84498288b:c3104]
2019-07-10 10:27:33,909 INFO  client.GrpcClientProtocolClient (GrpcClientProtocolClient.java:onNext(255)) - client-821285EC2D67->9fa9a271-7bed-4435-b477-86c6ed0ece08: receive RaftClientReply:client-821285EC2D67->9fa9a271-7bed-4435-b477-86c6ed0ece08@group-0E07FAD1B91E, cid=2099, SUCCESS, logIndex=3107, commits[9fa9a271-7bed-4435-b477-86c6ed0ece08:c3108, 06c1a879-4ae3-48dc-9686-b55cde066000:c3104, 67fae1a7-3cbe-4338-9d41-57e84498288b:c3104]
2019-07-10 10:27:33,909 INFO  client.GrpcClientProtocolClient (GrpcClientProtocolClient.java:onNext(255)) - client-821285EC2D67->9fa9a271-7bed-4435-b477-86c6ed0ece08: receive RaftClientReply:client-821285EC2D67->9fa9a271-7bed-4435-b477-86c6ed0ece08@group-0E07FAD1B91E, cid=2100, SUCCESS, logIndex=3108, commits[9fa9a271-7bed-4435-b477-86c6ed0ece08:c3109, 06c1a879-4ae3-48dc-9686-b55cde066000:c3104, 67fae1a7-3cbe-4338-9d41-57e84498288b:c3106]
2019-07-10 10:27:33,911 INFO  client.GrpcClientProtocolClient (GrpcClientProtocolClient.java:onNext(255)) - client-821285EC2D67->9fa9a271-7bed-4435-b477-86c6ed0ece08: receive RaftClientReply:client-821285EC2D67->9fa9a271-7bed-4435-b477-86c6ed0ece08@group-0E07FAD1B91E, cid=2101, SUCCESS, logIndex=0, commits[9fa9a271-7bed-4435-b477-86c6ed0ece08:c3109, 06c1a879-4ae3-48dc-9686-b55cde066000:c3106, 67fae1a7-3cbe-4338-9d41-57e84498288b:c3106]
2019-07-10 10:27:33,922 INFO  client.GrpcClientProtocolClient (GrpcClientProtocolClient.java:onNext(255)) - client-821285EC2D67->9fa9a271-7bed-4435-b477-86c6ed0ece08: receive RaftClientReply:client-821285EC2D67->9fa9a271-7bed-4435-b477-86c6ed0ece08@group-0E07FAD1B91E, cid=2102, SUCCESS, logIndex=3112, commits[9fa9a271-7bed-4435-b477-86c6ed0ece08:c3113, 06c1a879-4ae3-48dc-9686-b55cde066000:c3108, 67fae1a7-3cbe-4338-9d41-57e84498288b:c3109]
2019-07-10 10:27:33,923 INFO  client.GrpcClientProtocolClient (GrpcClientProtocolClient.java:onNext(255)) - client-821285EC2D67->9fa9a271-7bed-4435-b477-86c6ed0ece08: receive RaftClientReply:client-821285EC2D67->9fa9a271-7bed-4435-b477-86c6ed0ece08@group-0E07FAD1B91E, cid=2103, SUCCESS, logIndex=3113, commits[9fa9a271-7bed-4435-b477-86c6ed0ece08:c3113, 06c1a879-4ae3-48dc-9686-b55cde066000:c3108, 67fae1a7-3cbe-4338-9d41-57e84498288b:c3109]
2019-07-10 10:27:33,934 INFO  client.GrpcClientProtocolClient (GrpcClientProtocolClient.java:onNext(255)) - client-821285EC2D67->9fa9a271-7bed-4435-b477-86c6ed0ece08: receive RaftClientReply:client-821285EC2D67->9fa9a271-7bed-4435-b477-86c6ed0ece08@group-0E07FAD1B91E, cid=2104, SUCCESS, logIndex=3116, commits[9fa9a271-7bed-4435-b477-86c6ed0ece08:c3117, 06c1a879-4ae3-48dc-9686-b55cde066000:c3113, 67fae1a7-3cbe-4338-9d41-57e84498288b:c3115]
2019-07-10 10:27:33,934 INFO  client.GrpcClientProtocolClient (GrpcClientProtocolClient.java:onNext(255)) - client-821285EC2D67->9fa9a271-7bed-4435-b477-86c6ed0ece08: receive RaftClientReply:client-821285EC2D67->9fa9a271-7bed-4435-b477-86c6ed0ece08@group-0E07FAD1B91E, cid=2105, SUCCESS, logIndex=3117, commits[9fa9a271-7bed-4435-b477-86c6ed0ece08:c3117, 06c1a879-4ae3-48dc-9686-b55cde066000:c3115, 67fae1a7-3cbe-4338-9d41-57e84498288b:c3115]
2019-07-10 10:27:33,936 INFO  client.GrpcClientProtocolClient (GrpcClientProtocolClient.java:onNext(255)) - client-821285EC2D67->9fa9a271-7bed-4435-b477-86c6ed0ece08: receive RaftClientReply:client-821285EC2D67->9fa9a271-7bed-4435-b477-86c6ed0ece08@group-0E07FAD1B91E, cid=2106, SUCCESS, logIndex=0, commits[9fa9a271-7bed-4435-b477-86c6ed0ece08:c3118, 06c1a879-4ae3-48dc-9686-b55cde066000:c3117, 67fae1a7-3cbe-4338-9d41-57e84498288b:c3117]
2019-07-10 10:27:33,961 INFO  client.GrpcClientProtocolClient (GrpcClientProtocolClient.java:onNext(255)) - client-821285EC2D67->9fa9a271-7bed-4435-b477-86c6ed0ece08: receive RaftClientReply:client-821285EC2D67->9fa9a271-7bed-4435-b477-86c6ed0ece08@group-0E07FAD1B91E, cid=2107, SUCCESS, logIndex=3120, commits[9fa9a271-7bed-4435-b477-86c6ed0ece08:c3121, 06c1a879-4ae3-48dc-9686-b55cde066000:c3119, 67fae1a7-3cbe-4338-9d41-57e84498288b:c3119]
2019-07-10 10:27:33,961 INFO  client.GrpcClientProtocolClient (GrpcClientProtocolClient.java:onNext(255)) - client-821285EC2D67->9fa9a271-7bed-4435-b477-86c6ed0ece08: receive RaftClientReply:client-821285EC2D67->9fa9a271-7bed-4435-b477-86c6ed0ece08@group-0E07FAD1B91E, cid=2108, SUCCESS, logIndex=3121, commits[9fa9a271-7bed-4435-b477-86c6ed0ece08:c3123, 06c1a879-4ae3-48dc-9686-b55cde066000:c3119, 67fae1a7-3cbe-4338-9d41-57e84498288b:c3119]
2019-07-10 10:27:33,961 INFO  client.GrpcClientProtocolClient (GrpcClientProtocolClient.java:onNext(255)) - client-821285EC2D67->9fa9a271-7bed-4435-b477-86c6ed0ece08: receive RaftClientReply:client-821285EC2D67->9fa9a271-7bed-4435-b477-86c6ed0ece08@group-0E07FAD1B91E, cid=2109, SUCCESS, logIndex=3122, commits[9fa9a271-7bed-4435-b477-86c6ed0ece08:c3123, 06c1a879-4ae3-48dc-9686-b55cde066000:c3119, 67fae1a7-3cbe-4338-9d41-57e84498288b:c3119]
2019-07-10 10:27:33,961 INFO  client.GrpcClientProtocolClient (GrpcClientProtocolClient.java:onNext(255)) - client-821285EC2D67->9fa9a271-7bed-4435-b477-86c6ed0ece08: receive RaftClientReply:client-821285EC2D67->9fa9a271-7bed-4435-b477-86c6ed0ece08@group-0E07FAD1B91E, cid=2110, SUCCESS, logIndex=3123, commits[9fa9a271-7bed-4435-b477-86c6ed0ece08:c3123, 06c1a879-4ae3-48dc-9686-b55cde066000:c3119, 67fae1a7-3cbe-4338-9d41-57e84498288b:c3119]
2019-07-10 10:27:33,973 INFO  client.GrpcClientProtocolClient (GrpcClientProtocolClient.java:onNext(255)) - client-821285EC2D67->9fa9a271-7bed-4435-b477-86c6ed0ece08: receive RaftClientReply:client-821285EC2D67->9fa9a271-7bed-4435-b477-86c6ed0ece08@group-0E07FAD1B91E, cid=2111, SUCCESS, logIndex=0, commits[9fa9a271-7bed-4435-b477-86c6ed0ece08:c3125, 06c1a879-4ae3-48dc-9686-b55cde066000:c3122, 67fae1a7-3cbe-4338-9d41-57e84498288b:c3121]
2019-07-10 10:27:33,986 INFO  client.GrpcClientProtocolClient (GrpcClientProtocolClient.java:onNext(255)) - client-821285EC2D67->9fa9a271-7bed-4435-b477-86c6ed0ece08: receive RaftClientReply:client-821285EC2D67->9fa9a271-7bed-4435-b477-86c6ed0ece08@group-0E07FAD1B91E, cid=2112, SUCCESS, logIndex=3128, commits[9fa9a271-7bed-4435-b477-86c6ed0ece08:c3129, 06c1a879-4ae3-48dc-9686-b55cde066000:c3127, 67fae1a7-3cbe-4338-9d41-57e84498288b:c3127]
2019-07-10 10:27:33,986 INFO  client.GrpcClientProtocolClient (GrpcClientProtocolClient.java:onNext(255)) - client-821285EC2D67->9fa9a271-7bed-4435-b477-86c6ed0ece08: receive RaftClientReply:client-821285EC2D67->9fa9a271-7bed-4435-b477-86c6ed0ece08@group-0E07FAD1B91E, cid=2113, SUCCESS, logIndex=3129, commits[9fa9a271-7bed-4435-b477-86c6ed0ece08:c3129, 06c1a879-4ae3-48dc-9686-b55cde066000:c3127, 67fae1a7-3cbe-4338-9d41-57e84498288b:c3127]
2019-07-10 10:27:33,999 INFO  client.GrpcClientProtocolClient (GrpcClientProtocolClient.java:onNext(255)) - client-821285EC2D67->9fa9a271-7bed-4435-b477-86c6ed0ece08: receive RaftClientReply:client-821285EC2D67->9fa9a271-7bed-4435-b477-86c6ed0ece08@group-0E07FAD1B91E, cid=2114, SUCCESS, logIndex=3132, commits[9fa9a271-7bed-4435-b477-86c6ed0ece08:c3132, 06c1a879-4ae3-48dc-9686-b55cde066000:c3129, 67fae1a7-3cbe-4338-9d41-57e84498288b:c3129]
2019-07-10 10:27:34,000 INFO  client.GrpcClientProtocolClient (GrpcClientProtocolClient.java:onNext(255)) - client-821285EC2D67->9fa9a271-7bed-4435-b477-86c6ed0ece08: receive RaftClientReply:client-821285EC2D67->9fa9a271-7bed-4435-b477-86c6ed0ece08@group-0E07FAD1B91E, cid=2115, SUCCESS, logIndex=3133, commits[9fa9a271-7bed-4435-b477-86c6ed0ece08:c3133, 06c1a879-4ae3-48dc-9686-b55cde066000:c3129, 67fae1a7-3cbe-4338-9d41-57e84498288b:c3129]
2019-07-10 10:27:34,021 INFO  client.GrpcClientProtocolClient (GrpcClientProtocolClient.java:onNext(255)) - client-821285EC2D67->9fa9a271-7bed-4435-b477-86c6ed0ece08: receive RaftClientReply:client-821285EC2D67->9fa9a271-7bed-4435-b477-86c6ed0ece08@group-0E07FAD1B91E, cid=2116, SUCCESS, logIndex=0, commits[9fa9a271-7bed-4435-b477-86c6ed0ece08:c3134, 06c1a879-4ae3-48dc-9686-b55cde066000:c3133, 67fae1a7-3cbe-4338-9d41-57e84498288b:c3133]
2019-07-10 10:27:34,061 INFO  client.GrpcClientProtocolClient (GrpcClientProtocolClient.java:onNext(255)) - client-821285EC2D67->9fa9a271-7bed-4435-b477-86c6ed0ece08: receive RaftClientReply:client-821285EC2D67->9fa9a271-7bed-4435-b477-86c6ed0ece08@group-0E07FAD1B91E, cid=2117, SUCCESS, logIndex=3136, commits[9fa9a271-7bed-4435-b477-86c6ed0ece08:c3136, 06c1a879-4ae3-48dc-9686-b55cde066000:c3135, 67fae1a7-3cbe-4338-9d41-57e84498288b:c3135]
2019-07-10 10:27:34,061 INFO  client.GrpcClientProtocolClient (GrpcClientProtocolClient.java:onNext(255)) - client-821285EC2D67->9fa9a271-7bed-4435-b477-86c6ed0ece08: receive RaftClientReply:client-821285EC2D67->9fa9a271-7bed-4435-b477-86c6ed0ece08@group-0E07FAD1B91E, cid=2118, SUCCESS, logIndex=3137, commits[9fa9a271-7bed-4435-b477-86c6ed0ece08:c3139, 06c1a879-4ae3-48dc-9686-b55cde066000:c3135, 67fae1a7-3cbe-4338-9d41-57e84498288b:c3135]
2019-07-10 10:27:34,061 INFO  client.GrpcClientProtocolClient (GrpcClientProtocolClient.java:onNext(255)) - client-821285EC2D67->9fa9a271-7bed-4435-b477-86c6ed0ece08: receive RaftClientReply:client-821285EC2D67->9fa9a271-7bed-4435-b477-86c6ed0ece08@group-0E07FAD1B91E, cid=2119, SUCCESS, logIndex=3138, commits[9fa9a271-7bed-4435-b477-86c6ed0ece08:c3139, 06c1a879-4ae3-48dc-9686-b55cde066000:c3135, 67fae1a7-3cbe-4338-9d41-57e84498288b:c3135]
2019-07-10 10:27:34,062 INFO  client.GrpcClientProtocolClient (GrpcClientProtocolClient.java:onNext(255)) - client-821285EC2D67->9fa9a271-7bed-4435-b477-86c6ed0ece08: receive RaftClientReply:client-821285EC2D67->9fa9a271-7bed-4435-b477-86c6ed0ece08@group-0E07FAD1B91E, cid=2120, SUCCESS, logIndex=3139, commits[9fa9a271-7bed-4435-b477-86c6ed0ece08:c3139, 06c1a879-4ae3-48dc-9686-b55cde066000:c3135, 67fae1a7-3cbe-4338-9d41-57e84498288b:c3135]
2019-07-10 10:27:34,080 INFO  client.GrpcClientProtocolClient (GrpcClientProtocolClient.java:onNext(255)) - client-821285EC2D67->9fa9a271-7bed-4435-b477-86c6ed0ece08: receive RaftClientReply:client-821285EC2D67->9fa9a271-7bed-4435-b477-86c6ed0ece08@group-0E07FAD1B91E, cid=2121, SUCCESS, logIndex=0, commits[9fa9a271-7bed-4435-b477-86c6ed0ece08:c3141, 06c1a879-4ae3-48dc-9686-b55cde066000:c3139, 67fae1a7-3cbe-4338-9d41-57e84498288b:c3139]
2019-07-10 10:27:34,097 INFO  client.GrpcClientProtocolClient (GrpcClientProtocolClient.java:onNext(255)) - client-821285EC2D67->9fa9a271-7bed-4435-b477-86c6ed0ece08: receive RaftClientReply:client-821285EC2D67->9fa9a271-7bed-4435-b477-86c6ed0ece08@group-0E07FAD1B91E, cid=2122, SUCCESS, logIndex=3143, commits[9fa9a271-7bed-4435-b477-86c6ed0ece08:c3144, 06c1a879-4ae3-48dc-9686-b55cde066000:c3142, 67fae1a7-3cbe-4338-9d41-57e84498288b:c3142]
2019-07-10 10:27:34,097 INFO  client.GrpcClientProtocolClient (GrpcClientProtocolClient.java:onNext(255)) - client-821285EC2D67->9fa9a271-7bed-4435-b477-86c6ed0ece08: receive RaftClientReply:client-821285EC2D67->9fa9a271-7bed-4435-b477-86c6ed0ece08@group-0E07FAD1B91E, cid=2123, SUCCESS, logIndex=3144, commits[9fa9a271-7bed-4435-b477-86c6ed0ece08:c3144, 06c1a879-4ae3-48dc-9686-b55cde066000:c3142, 67fae1a7-3cbe-4338-9d41-57e84498288b:c3142]
2019-07-10 10:27:34,110 INFO  client.GrpcClientProtocolClient (GrpcClientProtocolClient.java:onNext(255)) - client-821285EC2D67->9fa9a271-7bed-4435-b477-86c6ed0ece08: receive RaftClientReply:client-821285EC2D67->9fa9a271-7bed-4435-b477-86c6ed0ece08@group-0E07FAD1B91E, cid=2124, SUCCESS, logIndex=3147, commits[9fa9a271-7bed-4435-b477-86c6ed0ece08:c3148, 06c1a879-4ae3-48dc-9686-b55cde066000:c3144, 67fae1a7-3cbe-4338-9d41-57e84498288b:c3144]
2019-07-10 10:27:34,111 INFO  client.GrpcClientProtocolClient (GrpcClientProtocolClient.java:onNext(255)) - client-821285EC2D67->9fa9a271-7bed-4435-b477-86c6ed0ece08: receive RaftClientReply:client-821285EC2D67->9fa9a271-7bed-4435-b477-86c6ed0ece08@group-0E07FAD1B91E, cid=2125, SUCCESS, logIndex=3148, commits[9fa9a271-7bed-4435-b477-86c6ed0ece08:c3148, 06c1a879-4ae3-48dc-9686-b55cde066000:c3144, 67fae1a7-3cbe-4338-9d41-57e84498288b:c3144]
2019-07-10 10:27:34,116 INFO  client.GrpcClientProtocolClient (GrpcClientProtocolClient.java:onNext(255)) - client-821285EC2D67->9fa9a271-7bed-4435-b477-86c6ed0ece08: receive RaftClientReply:client-821285EC2D67->9fa9a271-7bed-4435-b477-86c6ed0ece08@group-0E07FAD1B91E, cid=2126, SUCCESS, logIndex=0, commits[9fa9a271-7bed-4435-b477-86c6ed0ece08:c3150, 06c1a879-4ae3-48dc-9686-b55cde066000:c3148, 67fae1a7-3cbe-4338-9d41-57e84498288b:c3148]
2019-07-10 10:27:34,160 INFO  client.GrpcClientProtocolClient (GrpcClientProtocolClient.java:onNext(255)) - client-821285EC2D67->9fa9a271-7bed-4435-b477-86c6ed0ece08: receive RaftClientReply:client-821285EC2D67->9fa9a271-7bed-4435-b477-86c6ed0ece08@group-0E07FAD1B91E, cid=2127, SUCCESS, logIndex=3151, commits[9fa9a271-7bed-4435-b477-86c6ed0ece08:c3154, 06c1a879-4ae3-48dc-9686-b55cde066000:c3148, 67fae1a7-3cbe-4338-9d41-57e84498288b:c3150]
2019-07-10 10:27:34,161 INFO  client.GrpcClientProtocolClient (GrpcClientProtocolClient.java:onNext(255)) - client-821285EC2D67->9fa9a271-7bed-4435-b477-86c6ed0ece08: receive RaftClientReply:client-821285EC2D67->9fa9a271-7bed-4435-b477-86c6ed0ece08@group-0E07FAD1B91E, cid=2128, SUCCESS, logIndex=3152, commits[9fa9a271-7bed-4435-b477-86c6ed0ece08:c3154, 06c1a879-4ae3-48dc-9686-b55cde066000:c3150, 67fae1a7-3cbe-4338-9d41-57e84498288b:c3150]
2019-07-10 10:27:34,161 INFO  client.GrpcClientProtocolClient (GrpcClientProtocolClient.java:onNext(255)) - client-821285EC2D67->9fa9a271-7bed-4435-b477-86c6ed0ece08: receive RaftClientReply:client-821285EC2D67->9fa9a271-7bed-4435-b477-86c6ed0ece08@group-0E07FAD1B91E, cid=2129, SUCCESS, logIndex=3153, commits[9fa9a271-7bed-4435-b477-86c6ed0ece08:c3154, 06c1a879-4ae3-48dc-9686-b55cde066000:c3150, 67fae1a7-3cbe-4338-9d41-57e84498288b:c3150]
2019-07-10 10:27:34,162 INFO  client.GrpcClientProtocolClient (GrpcClientProtocolClient.java:onNext(255)) - client-821285EC2D67->9fa9a271-7bed-4435-b477-86c6ed0ece08: receive RaftClientReply:client-821285EC2D67->9fa9a271-7bed-4435-b477-86c6ed0ece08@group-0E07FAD1B91E, cid=2130, SUCCESS, logIndex=3154, commits[9fa9a271-7bed-4435-b477-86c6ed0ece08:c3154, 06c1a879-4ae3-48dc-9686-b55cde066000:c3150, 67fae1a7-3cbe-4338-9d41-57e84498288b:c3150]
2019-07-10 10:27:34,174 INFO  client.GrpcClientProtocolClient (GrpcClientProtocolClient.java:onNext(255)) - client-821285EC2D67->9fa9a271-7bed-4435-b477-86c6ed0ece08: receive RaftClientReply:client-821285EC2D67->9fa9a271-7bed-4435-b477-86c6ed0ece08@group-0E07FAD1B91E, cid=2131, SUCCESS, logIndex=0, commits[9fa9a271-7bed-4435-b477-86c6ed0ece08:c3156, 06c1a879-4ae3-48dc-9686-b55cde066000:c3152, 67fae1a7-3cbe-4338-9d41-57e84498288b:c3152]
2019-07-10 10:27:34,192 INFO  client.GrpcClientProtocolClient (GrpcClientProtocolClient.java:onNext(255)) - client-821285EC2D67->9fa9a271-7bed-4435-b477-86c6ed0ece08: receive RaftClientReply:client-821285EC2D67->9fa9a271-7bed-4435-b477-86c6ed0ece08@group-0E07FAD1B91E, cid=2132, SUCCESS, logIndex=3159, commits[9fa9a271-7bed-4435-b477-86c6ed0ece08:c3160, 06c1a879-4ae3-48dc-9686-b55cde066000:c3158, 67fae1a7-3cbe-4338-9d41-57e84498288b:c3158]
2019-07-10 10:27:34,193 INFO  client.GrpcClientProtocolClient (GrpcClientProtocolClient.java:onNext(255)) - client-821285EC2D67->9fa9a271-7bed-4435-b477-86c6ed0ece08: receive RaftClientReply:client-821285EC2D67->9fa9a271-7bed-4435-b477-86c6ed0ece08@group-0E07FAD1B91E, cid=2133, SUCCESS, logIndex=3160, commits[9fa9a271-7bed-4435-b477-86c6ed0ece08:c3160, 06c1a879-4ae3-48dc-9686-b55cde066000:c3158, 67fae1a7-3cbe-4338-9d41-57e84498288b:c3158]
2019-07-10 10:27:34,213 INFO  client.GrpcClientProtocolClient (GrpcClientProtocolClient.java:onNext(255)) - client-821285EC2D67->9fa9a271-7bed-4435-b477-86c6ed0ece08: receive RaftClientReply:client-821285EC2D67->9fa9a271-7bed-4435-b477-86c6ed0ece08@group-0E07FAD1B91E, cid=2134, SUCCESS, logIndex=3163, commits[9fa9a271-7bed-4435-b477-86c6ed0ece08:c3164, 06c1a879-4ae3-48dc-9686-b55cde066000:c3160, 67fae1a7-3cbe-4338-9d41-57e84498288b:c3160]
2019-07-10 10:27:34,214 INFO  client.GrpcClientProtocolClient (GrpcClientProtocolClient.java:onNext(255)) - client-821285EC2D67->9fa9a271-7bed-4435-b477-86c6ed0ece08: receive RaftClientReply:client-821285EC2D67->9fa9a271-7bed-4435-b477-86c6ed0ece08@group-0E07FAD1B91E, cid=2135, SUCCESS, logIndex=3164, commits[9fa9a271-7bed-4435-b477-86c6ed0ece08:c3164, 06c1a879-4ae3-48dc-9686-b55cde066000:c3160, 67fae1a7-3cbe-4338-9d41-57e84498288b:c3160]
2019-07-10 10:27:34,215 INFO  client.GrpcClientProtocolClient (GrpcClientProtocolClient.java:onNext(255)) - client-821285EC2D67->9fa9a271-7bed-4435-b477-86c6ed0ece08: receive RaftClientReply:client-821285EC2D67->9fa9a271-7bed-4435-b477-86c6ed0ece08@group-0E07FAD1B91E, cid=2136, SUCCESS, logIndex=0, commits[9fa9a271-7bed-4435-b477-86c6ed0ece08:c3165, 06c1a879-4ae3-48dc-9686-b55cde066000:c3164, 67fae1a7-3cbe-4338-9d41-57e84498288b:c3164]
2019-07-10 10:27:34,239 INFO  client.GrpcClientProtocolClient (GrpcClientProtocolClient.java:onNext(255)) - client-821285EC2D67->9fa9a271-7bed-4435-b477-86c6ed0ece08: receive RaftClientReply:client-821285EC2D67->9fa9a271-7bed-4435-b477-86c6ed0ece08@group-0E07FAD1B91E, cid=2137, SUCCESS, logIndex=3167, commits[9fa9a271-7bed-4435-b477-86c6ed0ece08:c3168, 06c1a879-4ae3-48dc-9686-b55cde066000:c3166, 67fae1a7-3cbe-4338-9d41-57e84498288b:c3166]
2019-07-10 10:27:34,240 INFO  client.GrpcClientProtocolClient (GrpcClientProtocolClient.java:onNext(255)) - client-821285EC2D67->9fa9a271-7bed-4435-b477-86c6ed0ece08: receive RaftClientReply:client-821285EC2D67->9fa9a271-7bed-4435-b477-86c6ed0ece08@group-0E07FAD1B91E, cid=2138, SUCCESS, logIndex=3168, commits[9fa9a271-7bed-4435-b477-86c6ed0ece08:c3168, 06c1a879-4ae3-48dc-9686-b55cde066000:c3166, 67fae1a7-3cbe-4338-9d41-57e84498288b:c3166]
2019-07-10 10:27:34,241 INFO  client.GrpcClientProtocolClient (GrpcClientProtocolClient.java:onNext(255)) - client-821285EC2D67->9fa9a271-7bed-4435-b477-86c6ed0ece08: receive RaftClientReply:client-821285EC2D67->9fa9a271-7bed-4435-b477-86c6ed0ece08@group-0E07FAD1B91E, cid=2139, SUCCESS, logIndex=3169, commits[9fa9a271-7bed-4435-b477-86c6ed0ece08:c3170, 06c1a879-4ae3-48dc-9686-b55cde066000:c3166, 67fae1a7-3cbe-4338-9d41-57e84498288b:c3166]
2019-07-10 10:27:34,241 INFO  client.GrpcClientProtocolClient (GrpcClientProtocolClient.java:onNext(255)) - client-821285EC2D67->9fa9a271-7bed-4435-b477-86c6ed0ece08: receive RaftClientReply:client-821285EC2D67->9fa9a271-7bed-4435-b477-86c6ed0ece08@group-0E07FAD1B91E, cid=2140, SUCCESS, logIndex=3170, commits[9fa9a271-7bed-4435-b477-86c6ed0ece08:c3170, 06c1a879-4ae3-48dc-9686-b55cde066000:c3166, 67fae1a7-3cbe-4338-9d41-57e84498288b:c3166]
2019-07-10 10:27:34,243 INFO  client.GrpcClientProtocolClient (GrpcClientProtocolClient.java:onNext(255)) - client-821285EC2D67->9fa9a271-7bed-4435-b477-86c6ed0ece08: receive RaftClientReply:client-821285EC2D67->9fa9a271-7bed-4435-b477-86c6ed0ece08@group-0E07FAD1B91E, cid=2141, SUCCESS, logIndex=0, commits[9fa9a271-7bed-4435-b477-86c6ed0ece08:c3172, 06c1a879-4ae3-48dc-9686-b55cde066000:c3168, 67fae1a7-3cbe-4338-9d41-57e84498288b:c3168]
2019-07-10 10:27:34,262 INFO  client.GrpcClientProtocolClient (GrpcClientProtocolClient.java:onNext(255)) - client-821285EC2D67->9fa9a271-7bed-4435-b477-86c6ed0ece08: receive RaftClientReply:client-821285EC2D67->9fa9a271-7bed-4435-b477-86c6ed0ece08@group-0E07FAD1B91E, cid=2142, SUCCESS, logIndex=3174, commits[9fa9a271-7bed-4435-b477-86c6ed0ece08:c3175, 06c1a879-4ae3-48dc-9686-b55cde066000:c3173, 67fae1a7-3cbe-4338-9d41-57e84498288b:c3173]
2019-07-10 10:27:34,262 INFO  client.GrpcClientProtocolClient (GrpcClientProtocolClient.java:onNext(255)) - client-821285EC2D67->9fa9a271-7bed-4435-b477-86c6ed0ece08: receive RaftClientReply:client-821285EC2D67->9fa9a271-7bed-4435-b477-86c6ed0ece08@group-0E07FAD1B91E, cid=2143, SUCCESS, logIndex=3175, commits[9fa9a271-7bed-4435-b477-86c6ed0ece08:c3175, 06c1a879-4ae3-48dc-9686-b55cde066000:c3173, 67fae1a7-3cbe-4338-9d41-57e84498288b:c3173]
 0.00% |█                                                                                                    |  0/1 Time: 0:00:142019-07-10 10:27:34,389 INFO  client.GrpcClientProtocolClient (GrpcClientProtocolClient.java:onNext(255)) - client-821285EC2D67->9fa9a271-7bed-4435-b477-86c6ed0ece08: receive RaftClientReply:client-821285EC2D67->9fa9a271-7bed-4435-b477-86c6ed0ece08@group-0E07FAD1B91E, cid=2144, SUCCESS, logIndex=3178, commits[9fa9a271-7bed-4435-b477-86c6ed0ece08:c3179, 06c1a879-4ae3-48dc-9686-b55cde066000:c3174, 67fae1a7-3cbe-4338-9d41-57e84498288b:c3175]
2019-07-10 10:27:34,389 INFO  client.GrpcClientProtocolClient (GrpcClientProtocolClient.java:onNext(255)) - client-821285EC2D67->9fa9a271-7bed-4435-b477-86c6ed0ece08: receive RaftClientReply:client-821285EC2D67->9fa9a271-7bed-4435-b477-86c6ed0ece08@group-0E07FAD1B91E, cid=2145, SUCCESS, logIndex=3179, commits[9fa9a271-7bed-4435-b477-86c6ed0ece08:c3179, 06c1a879-4ae3-48dc-9686-b55cde066000:c3175, 67fae1a7-3cbe-4338-9d41-57e84498288b:c3175]
2019-07-10 10:27:34,399 INFO  client.GrpcClientProtocolClient (GrpcClientProtocolClient.java:onNext(255)) - client-821285EC2D67->9fa9a271-7bed-4435-b477-86c6ed0ece08: receive RaftClientReply:client-821285EC2D67->9fa9a271-7bed-4435-b477-86c6ed0ece08@group-0E07FAD1B91E, cid=2146, SUCCESS, logIndex=0, commits[9fa9a271-7bed-4435-b477-86c6ed0ece08:c3180, 06c1a879-4ae3-48dc-9686-b55cde066000:c3179, 67fae1a7-3cbe-4338-9d41-57e84498288b:c3179]
2019-07-10 10:27:34,429 INFO  client.GrpcClientProtocolClient (GrpcClientProtocolClient.java:onNext(255)) - client-821285EC2D67->9fa9a271-7bed-4435-b477-86c6ed0ece08: receive RaftClientReply:client-821285EC2D67->9fa9a271-7bed-4435-b477-86c6ed0ece08@group-0E07FAD1B91E, cid=2147, SUCCESS, logIndex=3182, commits[9fa9a271-7bed-4435-b477-86c6ed0ece08:c3183, 06c1a879-4ae3-48dc-9686-b55cde066000:c3181, 67fae1a7-3cbe-4338-9d41-57e84498288b:c3181]
2019-07-10 10:27:34,430 INFO  client.GrpcClientProtocolClient (GrpcClientProtocolClient.java:onNext(255)) - client-821285EC2D67->9fa9a271-7bed-4435-b477-86c6ed0ece08: receive RaftClientReply:client-821285EC2D67->9fa9a271-7bed-4435-b477-86c6ed0ece08@group-0E07FAD1B91E, cid=2148, SUCCESS, logIndex=3183, commits[9fa9a271-7bed-4435-b477-86c6ed0ece08:c3185, 06c1a879-4ae3-48dc-9686-b55cde066000:c3181, 67fae1a7-3cbe-4338-9d41-57e84498288b:c3181]
2019-07-10 10:27:34,430 INFO  client.GrpcClientProtocolClient (GrpcClientProtocolClient.java:onNext(255)) - client-821285EC2D67->9fa9a271-7bed-4435-b477-86c6ed0ece08: receive RaftClientReply:client-821285EC2D67->9fa9a271-7bed-4435-b477-86c6ed0ece08@group-0E07FAD1B91E, cid=2149, SUCCESS, logIndex=3184, commits[9fa9a271-7bed-4435-b477-86c6ed0ece08:c3185, 06c1a879-4ae3-48dc-9686-b55cde066000:c3181, 67fae1a7-3cbe-4338-9d41-57e84498288b:c3181]
2019-07-10 10:27:34,430 INFO  client.GrpcClientProtocolClient (GrpcClientProtocolClient.java:onNext(255)) - client-821285EC2D67->9fa9a271-7bed-4435-b477-86c6ed0ece08: receive RaftClientReply:client-821285EC2D67->9fa9a271-7bed-4435-b477-86c6ed0ece08@group-0E07FAD1B91E, cid=2150, SUCCESS, logIndex=3185, commits[9fa9a271-7bed-4435-b477-86c6ed0ece08:c3185, 06c1a879-4ae3-48dc-9686-b55cde066000:c3181, 67fae1a7-3cbe-4338-9d41-57e84498288b:c3181]
2019-07-10 10:27:34,434 INFO  client.GrpcClientProtocolClient (GrpcClientProtocolClient.java:onNext(255)) - client-821285EC2D67->9fa9a271-7bed-4435-b477-86c6ed0ece08: receive RaftClientReply:client-821285EC2D67->9fa9a271-7bed-4435-b477-86c6ed0ece08@group-0E07FAD1B91E, cid=2151, SUCCESS, logIndex=0, commits[9fa9a271-7bed-4435-b477-86c6ed0ece08:c3186, 06c1a879-4ae3-48dc-9686-b55cde066000:c3183, 67fae1a7-3cbe-4338-9d41-57e84498288b:c3183]
2019-07-10 10:27:34,446 INFO  client.GrpcClientProtocolClient (GrpcClientProtocolClient.java:onNext(255)) - client-821285EC2D67->9fa9a271-7bed-4435-b477-86c6ed0ece08: receive RaftClientReply:client-821285EC2D67->9fa9a271-7bed-4435-b477-86c6ed0ece08@group-0E07FAD1B91E, cid=2152, SUCCESS, logIndex=3189, commits[9fa9a271-7bed-4435-b477-86c6ed0ece08:c3190, 06c1a879-4ae3-48dc-9686-b55cde066000:c3187, 67fae1a7-3cbe-4338-9d41-57e84498288b:c3185]
2019-07-10 10:27:34,446 INFO  client.GrpcClientProtocolClient (GrpcClientProtocolClient.java:onNext(255)) - client-821285EC2D67->9fa9a271-7bed-4435-b477-86c6ed0ece08: receive RaftClientReply:client-821285EC2D67->9fa9a271-7bed-4435-b477-86c6ed0ece08@group-0E07FAD1B91E, cid=2153, SUCCESS, logIndex=3190, commits[9fa9a271-7bed-4435-b477-86c6ed0ece08:c3190, 06c1a879-4ae3-48dc-9686-b55cde066000:c3187, 67fae1a7-3cbe-4338-9d41-57e84498288b:c3185]
2019-07-10 10:27:34,465 INFO  client.GrpcClientProtocolClient (GrpcClientProtocolClient.java:onNext(255)) - client-821285EC2D67->9fa9a271-7bed-4435-b477-86c6ed0ece08: receive RaftClientReply:client-821285EC2D67->9fa9a271-7bed-4435-b477-86c6ed0ece08@group-0E07FAD1B91E, cid=2154, SUCCESS, logIndex=3193, commits[9fa9a271-7bed-4435-b477-86c6ed0ece08:c3194, 06c1a879-4ae3-48dc-9686-b55cde066000:c3192, 67fae1a7-3cbe-4338-9d41-57e84498288b:c3192]
2019-07-10 10:27:34,466 INFO  client.GrpcClientProtocolClient (GrpcClientProtocolClient.java:onNext(255)) - client-821285EC2D67->9fa9a271-7bed-4435-b477-86c6ed0ece08: receive RaftClientReply:client-821285EC2D67->9fa9a271-7bed-4435-b477-86c6ed0ece08@group-0E07FAD1B91E, cid=2155, SUCCESS, logIndex=3194, commits[9fa9a271-7bed-4435-b477-86c6ed0ece08:c3194, 06c1a879-4ae3-48dc-9686-b55cde066000:c3192, 67fae1a7-3cbe-4338-9d41-57e84498288b:c3192]
2019-07-10 10:27:34,477 INFO  client.GrpcClientProtocolClient (GrpcClientProtocolClient.java:onNext(255)) - client-821285EC2D67->9fa9a271-7bed-4435-b477-86c6ed0ece08: receive RaftClientReply:client-821285EC2D67->9fa9a271-7bed-4435-b477-86c6ed0ece08@group-0E07FAD1B91E, cid=2156, SUCCESS, logIndex=0, commits[9fa9a271-7bed-4435-b477-86c6ed0ece08:c3196, 06c1a879-4ae3-48dc-9686-b55cde066000:c3194, 67fae1a7-3cbe-4338-9d41-57e84498288b:c3194]
2019-07-10 10:27:34,509 INFO  client.GrpcClientProtocolClient (GrpcClientProtocolClient.java:onNext(255)) - client-821285EC2D67->9fa9a271-7bed-4435-b477-86c6ed0ece08: receive RaftClientReply:client-821285EC2D67->9fa9a271-7bed-4435-b477-86c6ed0ece08@group-0E07FAD1B91E, cid=2157, SUCCESS, logIndex=3197, commits[9fa9a271-7bed-4435-b477-86c6ed0ece08:c3199, 06c1a879-4ae3-48dc-9686-b55cde066000:c3196, 67fae1a7-3cbe-4338-9d41-57e84498288b:c3194]
2019-07-10 10:27:34,510 INFO  client.GrpcClientProtocolClient (GrpcClientProtocolClient.java:onNext(255)) - client-821285EC2D67->9fa9a271-7bed-4435-b477-86c6ed0ece08: receive RaftClientReply:client-821285EC2D67->9fa9a271-7bed-4435-b477-86c6ed0ece08@group-0E07FAD1B91E, cid=2158, SUCCESS, logIndex=3198, commits[9fa9a271-7bed-4435-b477-86c6ed0ece08:c3200, 06c1a879-4ae3-48dc-9686-b55cde066000:c3196, 67fae1a7-3cbe-4338-9d41-57e84498288b:c3196]
2019-07-10 10:27:34,510 INFO  client.GrpcClientProtocolClient (GrpcClientProtocolClient.java:onNext(255)) - client-821285EC2D67->9fa9a271-7bed-4435-b477-86c6ed0ece08: receive RaftClientReply:client-821285EC2D67->9fa9a271-7bed-4435-b477-86c6ed0ece08@group-0E07FAD1B91E, cid=2159, SUCCESS, logIndex=3199, commits[9fa9a271-7bed-4435-b477-86c6ed0ece08:c3200, 06c1a879-4ae3-48dc-9686-b55cde066000:c3196, 67fae1a7-3cbe-4338-9d41-57e84498288b:c3196]
2019-07-10 10:27:34,510 INFO  client.GrpcClientProtocolClient (GrpcClientProtocolClient.java:onNext(255)) - client-821285EC2D67->9fa9a271-7bed-4435-b477-86c6ed0ece08: receive RaftClientReply:client-821285EC2D67->9fa9a271-7bed-4435-b477-86c6ed0ece08@group-0E07FAD1B91E, cid=2160, SUCCESS, logIndex=3200, commits[9fa9a271-7bed-4435-b477-86c6ed0ece08:c3200, 06c1a879-4ae3-48dc-9686-b55cde066000:c3196, 67fae1a7-3cbe-4338-9d41-57e84498288b:c3196]
2019-07-10 10:27:34,514 INFO  client.GrpcClientProtocolClient (GrpcClientProtocolClient.java:onNext(255)) - client-821285EC2D67->9fa9a271-7bed-4435-b477-86c6ed0ece08: receive RaftClientReply:client-821285EC2D67->9fa9a271-7bed-4435-b477-86c6ed0ece08@group-0E07FAD1B91E, cid=2161, SUCCESS, logIndex=0, commits[9fa9a271-7bed-4435-b477-86c6ed0ece08:c3202, 06c1a879-4ae3-48dc-9686-b55cde066000:c3198, 67fae1a7-3cbe-4338-9d41-57e84498288b:c3198]
2019-07-10 10:27:34,532 INFO  client.GrpcClientProtocolClient (GrpcClientProtocolClient.java:onNext(255)) - client-821285EC2D67->9fa9a271-7bed-4435-b477-86c6ed0ece08: receive RaftClientReply:client-821285EC2D67->9fa9a271-7bed-4435-b477-86c6ed0ece08@group-0E07FAD1B91E, cid=2162, SUCCESS, logIndex=3205, commits[9fa9a271-7bed-4435-b477-86c6ed0ece08:c3206, 06c1a879-4ae3-48dc-9686-b55cde066000:c3204, 67fae1a7-3cbe-4338-9d41-57e84498288b:c3204]
2019-07-10 10:27:34,532 INFO  client.GrpcClientProtocolClient (GrpcClientProtocolClient.java:onNext(255)) - client-821285EC2D67->9fa9a271-7bed-4435-b477-86c6ed0ece08: receive RaftClientReply:client-821285EC2D67->9fa9a271-7bed-4435-b477-86c6ed0ece08@group-0E07FAD1B91E, cid=2163, SUCCESS, logIndex=3206, commits[9fa9a271-7bed-4435-b477-86c6ed0ece08:c3206, 06c1a879-4ae3-48dc-9686-b55cde066000:c3204, 67fae1a7-3cbe-4338-9d41-57e84498288b:c3204]
2019-07-10 10:27:34,544 INFO  client.GrpcClientProtocolClient (GrpcClientProtocolClient.java:onNext(255)) - client-821285EC2D67->9fa9a271-7bed-4435-b477-86c6ed0ece08: receive RaftClientReply:client-821285EC2D67->9fa9a271-7bed-4435-b477-86c6ed0ece08@group-0E07FAD1B91E, cid=2164, SUCCESS, logIndex=3209, commits[9fa9a271-7bed-4435-b477-86c6ed0ece08:c3210, 06c1a879-4ae3-48dc-9686-b55cde066000:c3206, 67fae1a7-3cbe-4338-9d41-57e84498288b:c3206]
2019-07-10 10:27:34,544 INFO  client.GrpcClientProtocolClient (GrpcClientProtocolClient.java:onNext(255)) - client-821285EC2D67->9fa9a271-7bed-4435-b477-86c6ed0ece08: receive RaftClientReply:client-821285EC2D67->9fa9a271-7bed-4435-b477-86c6ed0ece08@group-0E07FAD1B91E, cid=2165, SUCCESS, logIndex=3210, commits[9fa9a271-7bed-4435-b477-86c6ed0ece08:c3210, 06c1a879-4ae3-48dc-9686-b55cde066000:c3206, 67fae1a7-3cbe-4338-9d41-57e84498288b:c3206]
2019-07-10 10:27:34,545 INFO  client.GrpcClientProtocolClient (GrpcClientProtocolClient.java:onNext(255)) - client-821285EC2D67->9fa9a271-7bed-4435-b477-86c6ed0ece08: receive RaftClientReply:client-821285EC2D67->9fa9a271-7bed-4435-b477-86c6ed0ece08@group-0E07FAD1B91E, cid=2166, SUCCESS, logIndex=0, commits[9fa9a271-7bed-4435-b477-86c6ed0ece08:c3211, 06c1a879-4ae3-48dc-9686-b55cde066000:c3210, 67fae1a7-3cbe-4338-9d41-57e84498288b:c3210]
2019-07-10 10:27:34,577 INFO  client.GrpcClientProtocolClient (GrpcClientProtocolClient.java:onNext(255)) - client-821285EC2D67->9fa9a271-7bed-4435-b477-86c6ed0ece08: receive RaftClientReply:client-821285EC2D67->9fa9a271-7bed-4435-b477-86c6ed0ece08@group-0E07FAD1B91E, cid=2167, SUCCESS, logIndex=3213, commits[9fa9a271-7bed-4435-b477-86c6ed0ece08:c3216, 06c1a879-4ae3-48dc-9686-b55cde066000:c3212, 67fae1a7-3cbe-4338-9d41-57e84498288b:c3210]
2019-07-10 10:27:34,578 INFO  client.GrpcClientProtocolClient (GrpcClientProtocolClient.java:onNext(255)) - client-821285EC2D67->9fa9a271-7bed-4435-b477-86c6ed0ece08: receive RaftClientReply:client-821285EC2D67->9fa9a271-7bed-4435-b477-86c6ed0ece08@group-0E07FAD1B91E, cid=2168, SUCCESS, logIndex=3214, commits[9fa9a271-7bed-4435-b477-86c6ed0ece08:c3216, 06c1a879-4ae3-48dc-9686-b55cde066000:c3212, 67fae1a7-3cbe-4338-9d41-57e84498288b:c3212]
2019-07-10 10:27:34,578 INFO  client.GrpcClientProtocolClient (GrpcClientProtocolClient.java:onNext(255)) - client-821285EC2D67->9fa9a271-7bed-4435-b477-86c6ed0ece08: receive RaftClientReply:client-821285EC2D67->9fa9a271-7bed-4435-b477-86c6ed0ece08@group-0E07FAD1B91E, cid=2169, SUCCESS, logIndex=3215, commits[9fa9a271-7bed-4435-b477-86c6ed0ece08:c3216, 06c1a879-4ae3-48dc-9686-b55cde066000:c3212, 67fae1a7-3cbe-4338-9d41-57e84498288b:c3212]
2019-07-10 10:27:34,579 INFO  client.GrpcClientProtocolClient (GrpcClientProtocolClient.java:onNext(255)) - client-821285EC2D67->9fa9a271-7bed-4435-b477-86c6ed0ece08: receive RaftClientReply:client-821285EC2D67->9fa9a271-7bed-4435-b477-86c6ed0ece08@group-0E07FAD1B91E, cid=2170, SUCCESS, logIndex=3216, commits[9fa9a271-7bed-4435-b477-86c6ed0ece08:c3216, 06c1a879-4ae3-48dc-9686-b55cde066000:c3212, 67fae1a7-3cbe-4338-9d41-57e84498288b:c3212]
2019-07-10 10:27:34,581 INFO  client.GrpcClientProtocolClient (GrpcClientProtocolClient.java:onNext(255)) - client-821285EC2D67->9fa9a271-7bed-4435-b477-86c6ed0ece08: receive RaftClientReply:client-821285EC2D67->9fa9a271-7bed-4435-b477-86c6ed0ece08@group-0E07FAD1B91E, cid=2171, SUCCESS, logIndex=0, commits[9fa9a271-7bed-4435-b477-86c6ed0ece08:c3217, 06c1a879-4ae3-48dc-9686-b55cde066000:c3214, 67fae1a7-3cbe-4338-9d41-57e84498288b:c3214]
2019-07-10 10:27:34,601 INFO  client.GrpcClientProtocolClient (GrpcClientProtocolClient.java:onNext(255)) - client-821285EC2D67->9fa9a271-7bed-4435-b477-86c6ed0ece08: receive RaftClientReply:client-821285EC2D67->9fa9a271-7bed-4435-b477-86c6ed0ece08@group-0E07FAD1B91E, cid=2172, SUCCESS, logIndex=3221, commits[9fa9a271-7bed-4435-b477-86c6ed0ece08:c3222, 06c1a879-4ae3-48dc-9686-b55cde066000:c3220, 67fae1a7-3cbe-4338-9d41-57e84498288b:c3220]
2019-07-10 10:27:34,601 INFO  client.GrpcClientProtocolClient (GrpcClientProtocolClient.java:onNext(255)) - client-821285EC2D67->9fa9a271-7bed-4435-b477-86c6ed0ece08: receive RaftClientReply:client-821285EC2D67->9fa9a271-7bed-4435-b477-86c6ed0ece08@group-0E07FAD1B91E, cid=2173, SUCCESS, logIndex=3222, commits[9fa9a271-7bed-4435-b477-86c6ed0ece08:c3222, 06c1a879-4ae3-48dc-9686-b55cde066000:c3220, 67fae1a7-3cbe-4338-9d41-57e84498288b:c3220]
2019-07-10 10:27:34,612 INFO  client.GrpcClientProtocolClient (GrpcClientProtocolClient.java:onNext(255)) - client-821285EC2D67->9fa9a271-7bed-4435-b477-86c6ed0ece08: receive RaftClientReply:client-821285EC2D67->9fa9a271-7bed-4435-b477-86c6ed0ece08@group-0E07FAD1B91E, cid=2174, SUCCESS, logIndex=3225, commits[9fa9a271-7bed-4435-b477-86c6ed0ece08:c3226, 06c1a879-4ae3-48dc-9686-b55cde066000:c3221, 67fae1a7-3cbe-4338-9d41-57e84498288b:c3222]
2019-07-10 10:27:34,612 INFO  client.GrpcClientProtocolClient (GrpcClientProtocolClient.java:onNext(255)) - client-821285EC2D67->9fa9a271-7bed-4435-b477-86c6ed0ece08: receive RaftClientReply:client-821285EC2D67->9fa9a271-7bed-4435-b477-86c6ed0ece08@group-0E07FAD1B91E, cid=2175, SUCCESS, logIndex=3226, commits[9fa9a271-7bed-4435-b477-86c6ed0ece08:c3226, 06c1a879-4ae3-48dc-9686-b55cde066000:c3222, 67fae1a7-3cbe-4338-9d41-57e84498288b:c3222]
2019-07-10 10:27:34,619 INFO  client.GrpcClientProtocolClient (GrpcClientProtocolClient.java:onNext(255)) - client-821285EC2D67->9fa9a271-7bed-4435-b477-86c6ed0ece08: receive RaftClientReply:client-821285EC2D67->9fa9a271-7bed-4435-b477-86c6ed0ece08@group-0E07FAD1B91E, cid=2176, SUCCESS, logIndex=0, commits[9fa9a271-7bed-4435-b477-86c6ed0ece08:c3228, 06c1a879-4ae3-48dc-9686-b55cde066000:c3226, 67fae1a7-3cbe-4338-9d41-57e84498288b:c3226]
2019-07-10 10:27:34,646 INFO  client.GrpcClientProtocolClient (GrpcClientProtocolClient.java:onNext(255)) - client-821285EC2D67->9fa9a271-7bed-4435-b477-86c6ed0ece08: receive RaftClientReply:client-821285EC2D67->9fa9a271-7bed-4435-b477-86c6ed0ece08@group-0E07FAD1B91E, cid=2177, SUCCESS, logIndex=3229, commits[9fa9a271-7bed-4435-b477-86c6ed0ece08:c3232, 06c1a879-4ae3-48dc-9686-b55cde066000:c3228, 67fae1a7-3cbe-4338-9d41-57e84498288b:c3228]
2019-07-10 10:27:34,646 INFO  client.GrpcClientProtocolClient (GrpcClientProtocolClient.java:onNext(255)) - client-821285EC2D67->9fa9a271-7bed-4435-b477-86c6ed0ece08: receive RaftClientReply:client-821285EC2D67->9fa9a271-7bed-4435-b477-86c6ed0ece08@group-0E07FAD1B91E, cid=2178, SUCCESS, logIndex=3230, commits[9fa9a271-7bed-4435-b477-86c6ed0ece08:c3232, 06c1a879-4ae3-48dc-9686-b55cde066000:c3228, 67fae1a7-3cbe-4338-9d41-57e84498288b:c3228]
2019-07-10 10:27:34,647 INFO  client.GrpcClientProtocolClient (GrpcClientProtocolClient.java:onNext(255)) - client-821285EC2D67->9fa9a271-7bed-4435-b477-86c6ed0ece08: receive RaftClientReply:client-821285EC2D67->9fa9a271-7bed-4435-b477-86c6ed0ece08@group-0E07FAD1B91E, cid=2179, SUCCESS, logIndex=3231, commits[9fa9a271-7bed-4435-b477-86c6ed0ece08:c3232, 06c1a879-4ae3-48dc-9686-b55cde066000:c3228, 67fae1a7-3cbe-4338-9d41-57e84498288b:c3228]
2019-07-10 10:27:34,647 INFO  client.GrpcClientProtocolClient (GrpcClientProtocolClient.java:onNext(255)) - client-821285EC2D67->9fa9a271-7bed-4435-b477-86c6ed0ece08: receive RaftClientReply:client-821285EC2D67->9fa9a271-7bed-4435-b477-86c6ed0ece08@group-0E07FAD1B91E, cid=2180, SUCCESS, logIndex=3232, commits[9fa9a271-7bed-4435-b477-86c6ed0ece08:c3233, 06c1a879-4ae3-48dc-9686-b55cde066000:c3229, 67fae1a7-3cbe-4338-9d41-57e84498288b:c3229]
2019-07-10 10:27:34,648 INFO  client.GrpcClientProtocolClient (GrpcClientProtocolClient.java:onNext(255)) - client-821285EC2D67->9fa9a271-7bed-4435-b477-86c6ed0ece08: receive RaftClientReply:client-821285EC2D67->9fa9a271-7bed-4435-b477-86c6ed0ece08@group-0E07FAD1B91E, cid=2181, SUCCESS, logIndex=0, commits[9fa9a271-7bed-4435-b477-86c6ed0ece08:c3236, 06c1a879-4ae3-48dc-9686-b55cde066000:c3232, 67fae1a7-3cbe-4338-9d41-57e84498288b:c3232]
2019-07-10 10:27:34,667 INFO  client.GrpcClientProtocolClient (GrpcClientProtocolClient.java:onNext(255)) - client-821285EC2D67->9fa9a271-7bed-4435-b477-86c6ed0ece08: receive RaftClientReply:client-821285EC2D67->9fa9a271-7bed-4435-b477-86c6ed0ece08@group-0E07FAD1B91E, cid=2182, SUCCESS, logIndex=3237, commits[9fa9a271-7bed-4435-b477-86c6ed0ece08:c3238, 06c1a879-4ae3-48dc-9686-b55cde066000:c3236, 67fae1a7-3cbe-4338-9d41-57e84498288b:c3236]
2019-07-10 10:27:34,667 INFO  client.GrpcClientProtocolClient (GrpcClientProtocolClient.java:onNext(255)) - client-821285EC2D67->9fa9a271-7bed-4435-b477-86c6ed0ece08: receive RaftClientReply:client-821285EC2D67->9fa9a271-7bed-4435-b477-86c6ed0ece08@group-0E07FAD1B91E, cid=2183, SUCCESS, logIndex=3238, commits[9fa9a271-7bed-4435-b477-86c6ed0ece08:c3238, 06c1a879-4ae3-48dc-9686-b55cde066000:c3236, 67fae1a7-3cbe-4338-9d41-57e84498288b:c3236]
2019-07-10 10:27:34,680 INFO  client.GrpcClientProtocolClient (GrpcClientProtocolClient.java:onNext(255)) - client-821285EC2D67->9fa9a271-7bed-4435-b477-86c6ed0ece08: receive RaftClientReply:client-821285EC2D67->9fa9a271-7bed-4435-b477-86c6ed0ece08@group-0E07FAD1B91E, cid=2184, SUCCESS, logIndex=3241, commits[9fa9a271-7bed-4435-b477-86c6ed0ece08:c3242, 06c1a879-4ae3-48dc-9686-b55cde066000:c3238, 67fae1a7-3cbe-4338-9d41-57e84498288b:c3238]
2019-07-10 10:27:34,681 INFO  client.GrpcClientProtocolClient (GrpcClientProtocolClient.java:onNext(255)) - client-821285EC2D67->9fa9a271-7bed-4435-b477-86c6ed0ece08: receive RaftClientReply:client-821285EC2D67->9fa9a271-7bed-4435-b477-86c6ed0ece08@group-0E07FAD1B91E, cid=2185, SUCCESS, logIndex=3242, commits[9fa9a271-7bed-4435-b477-86c6ed0ece08:c3242, 06c1a879-4ae3-48dc-9686-b55cde066000:c3238, 67fae1a7-3cbe-4338-9d41-57e84498288b:c3238]
2019-07-10 10:27:34,693 INFO  client.GrpcClientProtocolClient (GrpcClientProtocolClient.java:onNext(255)) - client-821285EC2D67->9fa9a271-7bed-4435-b477-86c6ed0ece08: receive RaftClientReply:client-821285EC2D67->9fa9a271-7bed-4435-b477-86c6ed0ece08@group-0E07FAD1B91E, cid=2186, SUCCESS, logIndex=0, commits[9fa9a271-7bed-4435-b477-86c6ed0ece08:c3244, 06c1a879-4ae3-48dc-9686-b55cde066000:c3242, 67fae1a7-3cbe-4338-9d41-57e84498288b:c3242]
2019-07-10 10:27:34,718 INFO  client.GrpcClientProtocolClient (GrpcClientProtocolClient.java:onNext(255)) - client-821285EC2D67->9fa9a271-7bed-4435-b477-86c6ed0ece08: receive RaftClientReply:client-821285EC2D67->9fa9a271-7bed-4435-b477-86c6ed0ece08@group-0E07FAD1B91E, cid=2187, SUCCESS, logIndex=3245, commits[9fa9a271-7bed-4435-b477-86c6ed0ece08:c3246, 06c1a879-4ae3-48dc-9686-b55cde066000:c3244, 67fae1a7-3cbe-4338-9d41-57e84498288b:c3244]
2019-07-10 10:27:34,719 INFO  client.GrpcClientProtocolClient (GrpcClientProtocolClient.java:onNext(255)) - client-821285EC2D67->9fa9a271-7bed-4435-b477-86c6ed0ece08: receive RaftClientReply:client-821285EC2D67->9fa9a271-7bed-4435-b477-86c6ed0ece08@group-0E07FAD1B91E, cid=2188, SUCCESS, logIndex=3246, commits[9fa9a271-7bed-4435-b477-86c6ed0ece08:c3246, 06c1a879-4ae3-48dc-9686-b55cde066000:c3244, 67fae1a7-3cbe-4338-9d41-57e84498288b:c3244]
2019-07-10 10:27:34,720 INFO  client.GrpcClientProtocolClient (GrpcClientProtocolClient.java:onNext(255)) - client-821285EC2D67->9fa9a271-7bed-4435-b477-86c6ed0ece08: receive RaftClientReply:client-821285EC2D67->9fa9a271-7bed-4435-b477-86c6ed0ece08@group-0E07FAD1B91E, cid=2189, SUCCESS, logIndex=3247, commits[9fa9a271-7bed-4435-b477-86c6ed0ece08:c3248, 06c1a879-4ae3-48dc-9686-b55cde066000:c3244, 67fae1a7-3cbe-4338-9d41-57e84498288b:c3244]
2019-07-10 10:27:34,720 INFO  client.GrpcClientProtocolClient (GrpcClientProtocolClient.java:onNext(255)) - client-821285EC2D67->9fa9a271-7bed-4435-b477-86c6ed0ece08: receive RaftClientReply:client-821285EC2D67->9fa9a271-7bed-4435-b477-86c6ed0ece08@group-0E07FAD1B91E, cid=2190, SUCCESS, logIndex=3248, commits[9fa9a271-7bed-4435-b477-86c6ed0ece08:c3248, 06c1a879-4ae3-48dc-9686-b55cde066000:c3244, 67fae1a7-3cbe-4338-9d41-57e84498288b:c3244]
2019-07-10 10:27:34,723 INFO  client.GrpcClientProtocolClient (GrpcClientProtocolClient.java:onNext(255)) - client-821285EC2D67->9fa9a271-7bed-4435-b477-86c6ed0ece08: receive RaftClientReply:client-821285EC2D67->9fa9a271-7bed-4435-b477-86c6ed0ece08@group-0E07FAD1B91E, cid=2191, SUCCESS, logIndex=0, commits[9fa9a271-7bed-4435-b477-86c6ed0ece08:c3250, 06c1a879-4ae3-48dc-9686-b55cde066000:c3246, 67fae1a7-3cbe-4338-9d41-57e84498288b:c3246]
2019-07-10 10:27:34,739 INFO  client.GrpcClientProtocolClient (GrpcClientProtocolClient.java:onNext(255)) - client-821285EC2D67->9fa9a271-7bed-4435-b477-86c6ed0ece08: receive RaftClientReply:client-821285EC2D67->9fa9a271-7bed-4435-b477-86c6ed0ece08@group-0E07FAD1B91E, cid=2192, SUCCESS, logIndex=3253, commits[9fa9a271-7bed-4435-b477-86c6ed0ece08:c3254, 06c1a879-4ae3-48dc-9686-b55cde066000:c3248, 67fae1a7-3cbe-4338-9d41-57e84498288b:c3251]
2019-07-10 10:27:34,739 INFO  client.GrpcClientProtocolClient (GrpcClientProtocolClient.java:onNext(255)) - client-821285EC2D67->9fa9a271-7bed-4435-b477-86c6ed0ece08: receive RaftClientReply:client-821285EC2D67->9fa9a271-7bed-4435-b477-86c6ed0ece08@group-0E07FAD1B91E, cid=2193, SUCCESS, logIndex=3254, commits[9fa9a271-7bed-4435-b477-86c6ed0ece08:c3254, 06c1a879-4ae3-48dc-9686-b55cde066000:c3251, 67fae1a7-3cbe-4338-9d41-57e84498288b:c3251]
2019-07-10 10:27:34,757 INFO  client.GrpcClientProtocolClient (GrpcClientProtocolClient.java:onNext(255)) - client-821285EC2D67->9fa9a271-7bed-4435-b477-86c6ed0ece08: receive RaftClientReply:client-821285EC2D67->9fa9a271-7bed-4435-b477-86c6ed0ece08@group-0E07FAD1B91E, cid=2194, SUCCESS, logIndex=3257, commits[9fa9a271-7bed-4435-b477-86c6ed0ece08:c3258, 06c1a879-4ae3-48dc-9686-b55cde066000:c3256, 67fae1a7-3cbe-4338-9d41-57e84498288b:c3256]
2019-07-10 10:27:34,758 INFO  client.GrpcClientProtocolClient (GrpcClientProtocolClient.java:onNext(255)) - client-821285EC2D67->9fa9a271-7bed-4435-b477-86c6ed0ece08: receive RaftClientReply:client-821285EC2D67->9fa9a271-7bed-4435-b477-86c6ed0ece08@group-0E07FAD1B91E, cid=2195, SUCCESS, logIndex=3258, commits[9fa9a271-7bed-4435-b477-86c6ed0ece08:c3258, 06c1a879-4ae3-48dc-9686-b55cde066000:c3256, 67fae1a7-3cbe-4338-9d41-57e84498288b:c3256]
2019-07-10 10:27:34,769 INFO  client.GrpcClientProtocolClient (GrpcClientProtocolClient.java:onNext(255)) - client-821285EC2D67->9fa9a271-7bed-4435-b477-86c6ed0ece08: receive RaftClientReply:client-821285EC2D67->9fa9a271-7bed-4435-b477-86c6ed0ece08@group-0E07FAD1B91E, cid=2196, SUCCESS, logIndex=0, commits[9fa9a271-7bed-4435-b477-86c6ed0ece08:c3259, 06c1a879-4ae3-48dc-9686-b55cde066000:c3258, 67fae1a7-3cbe-4338-9d41-57e84498288b:c3258]
2019-07-10 10:27:34,794 INFO  client.GrpcClientProtocolClient (GrpcClientProtocolClient.java:onNext(255)) - client-821285EC2D67->9fa9a271-7bed-4435-b477-86c6ed0ece08: receive RaftClientReply:client-821285EC2D67->9fa9a271-7bed-4435-b477-86c6ed0ece08@group-0E07FAD1B91E, cid=2197, SUCCESS, logIndex=3261, commits[9fa9a271-7bed-4435-b477-86c6ed0ece08:c3262, 06c1a879-4ae3-48dc-9686-b55cde066000:c3260, 67fae1a7-3cbe-4338-9d41-57e84498288b:c3260]
2019-07-10 10:27:34,795 INFO  client.GrpcClientProtocolClient (GrpcClientProtocolClient.java:onNext(255)) - client-821285EC2D67->9fa9a271-7bed-4435-b477-86c6ed0ece08: receive RaftClientReply:client-821285EC2D67->9fa9a271-7bed-4435-b477-86c6ed0ece08@group-0E07FAD1B91E, cid=2198, SUCCESS, logIndex=3262, commits[9fa9a271-7bed-4435-b477-86c6ed0ece08:c3262, 06c1a879-4ae3-48dc-9686-b55cde066000:c3260, 67fae1a7-3cbe-4338-9d41-57e84498288b:c3260]
2019-07-10 10:27:34,795 INFO  client.GrpcClientProtocolClient (GrpcClientProtocolClient.java:onNext(255)) - client-821285EC2D67->9fa9a271-7bed-4435-b477-86c6ed0ece08: receive RaftClientReply:client-821285EC2D67->9fa9a271-7bed-4435-b477-86c6ed0ece08@group-0E07FAD1B91E, cid=2199, SUCCESS, logIndex=3263, commits[9fa9a271-7bed-4435-b477-86c6ed0ece08:c3264, 06c1a879-4ae3-48dc-9686-b55cde066000:c3260, 67fae1a7-3cbe-4338-9d41-57e84498288b:c3260]
2019-07-10 10:27:34,796 INFO  client.GrpcClientProtocolClient (GrpcClientProtocolClient.java:onNext(255)) - client-821285EC2D67->9fa9a271-7bed-4435-b477-86c6ed0ece08: receive RaftClientReply:client-821285EC2D67->9fa9a271-7bed-4435-b477-86c6ed0ece08@group-0E07FAD1B91E, cid=2200, SUCCESS, logIndex=3264, commits[9fa9a271-7bed-4435-b477-86c6ed0ece08:c3264, 06c1a879-4ae3-48dc-9686-b55cde066000:c3260, 67fae1a7-3cbe-4338-9d41-57e84498288b:c3260]
2019-07-10 10:27:34,799 INFO  client.GrpcClientProtocolClient (GrpcClientProtocolClient.java:onNext(255)) - client-821285EC2D67->9fa9a271-7bed-4435-b477-86c6ed0ece08: receive RaftClientReply:client-821285EC2D67->9fa9a271-7bed-4435-b477-86c6ed0ece08@group-0E07FAD1B91E, cid=2201, SUCCESS, logIndex=0, commits[9fa9a271-7bed-4435-b477-86c6ed0ece08:c3266, 06c1a879-4ae3-48dc-9686-b55cde066000:c3262, 67fae1a7-3cbe-4338-9d41-57e84498288b:c3262]
2019-07-10 10:27:34,820 INFO  client.GrpcClientProtocolClient (GrpcClientProtocolClient.java:onNext(255)) - client-821285EC2D67->9fa9a271-7bed-4435-b477-86c6ed0ece08: receive RaftClientReply:client-821285EC2D67->9fa9a271-7bed-4435-b477-86c6ed0ece08@group-0E07FAD1B91E, cid=2202, SUCCESS, logIndex=3269, commits[9fa9a271-7bed-4435-b477-86c6ed0ece08:c3270, 06c1a879-4ae3-48dc-9686-b55cde066000:c3268, 67fae1a7-3cbe-4338-9d41-57e84498288b:c3268]
2019-07-10 10:27:34,821 INFO  client.GrpcClientProtocolClient (GrpcClientProtocolClient.java:onNext(255)) - client-821285EC2D67->9fa9a271-7bed-4435-b477-86c6ed0ece08: receive RaftClientReply:client-821285EC2D67->9fa9a271-7bed-4435-b477-86c6ed0ece08@group-0E07FAD1B91E, cid=2203, SUCCESS, logIndex=3270, commits[9fa9a271-7bed-4435-b477-86c6ed0ece08:c3270, 06c1a879-4ae3-48dc-9686-b55cde066000:c3268, 67fae1a7-3cbe-4338-9d41-57e84498288b:c3268]
2019-07-10 10:27:34,832 INFO  client.GrpcClientProtocolClient (GrpcClientProtocolClient.java:onNext(255)) - client-821285EC2D67->9fa9a271-7bed-4435-b477-86c6ed0ece08: receive RaftClientReply:client-821285EC2D67->9fa9a271-7bed-4435-b477-86c6ed0ece08@group-0E07FAD1B91E, cid=2204, SUCCESS, logIndex=3273, commits[9fa9a271-7bed-4435-b477-86c6ed0ece08:c3274, 06c1a879-4ae3-48dc-9686-b55cde066000:c3270, 67fae1a7-3cbe-4338-9d41-57e84498288b:c3270]
2019-07-10 10:27:34,832 INFO  client.GrpcClientProtocolClient (GrpcClientProtocolClient.java:onNext(255)) - client-821285EC2D67->9fa9a271-7bed-4435-b477-86c6ed0ece08: receive RaftClientReply:client-821285EC2D67->9fa9a271-7bed-4435-b477-86c6ed0ece08@group-0E07FAD1B91E, cid=2205, SUCCESS, logIndex=3274, commits[9fa9a271-7bed-4435-b477-86c6ed0ece08:c3274, 06c1a879-4ae3-48dc-9686-b55cde066000:c3270, 67fae1a7-3cbe-4338-9d41-57e84498288b:c3270]
2019-07-10 10:27:34,842 INFO  client.GrpcClientProtocolClient (GrpcClientProtocolClient.java:onNext(255)) - client-821285EC2D67->9fa9a271-7bed-4435-b477-86c6ed0ece08: receive RaftClientReply:client-821285EC2D67->9fa9a271-7bed-4435-b477-86c6ed0ece08@group-0E07FAD1B91E, cid=2206, SUCCESS, logIndex=0, commits[9fa9a271-7bed-4435-b477-86c6ed0ece08:c3275, 06c1a879-4ae3-48dc-9686-b55cde066000:c3274, 67fae1a7-3cbe-4338-9d41-57e84498288b:c3274]
2019-07-10 10:27:34,872 INFO  client.GrpcClientProtocolClient (GrpcClientProtocolClient.java:onNext(255)) - client-821285EC2D67->9fa9a271-7bed-4435-b477-86c6ed0ece08: receive RaftClientReply:client-821285EC2D67->9fa9a271-7bed-4435-b477-86c6ed0ece08@group-0E07FAD1B91E, cid=2207, SUCCESS, logIndex=3277, commits[9fa9a271-7bed-4435-b477-86c6ed0ece08:c3278, 06c1a879-4ae3-48dc-9686-b55cde066000:c3276, 67fae1a7-3cbe-4338-9d41-57e84498288b:c3276]
2019-07-10 10:27:34,873 INFO  client.GrpcClientProtocolClient (GrpcClientProtocolClient.java:onNext(255)) - client-821285EC2D67->9fa9a271-7bed-4435-b477-86c6ed0ece08: receive RaftClientReply:client-821285EC2D67->9fa9a271-7bed-4435-b477-86c6ed0ece08@group-0E07FAD1B91E, cid=2208, SUCCESS, logIndex=3278, commits[9fa9a271-7bed-4435-b477-86c6ed0ece08:c3280, 06c1a879-4ae3-48dc-9686-b55cde066000:c3276, 67fae1a7-3cbe-4338-9d41-57e84498288b:c3276]
2019-07-10 10:27:34,873 INFO  client.GrpcClientProtocolClient (GrpcClientProtocolClient.java:onNext(255)) - client-821285EC2D67->9fa9a271-7bed-4435-b477-86c6ed0ece08: receive RaftClientReply:client-821285EC2D67->9fa9a271-7bed-4435-b477-86c6ed0ece08@group-0E07FAD1B91E, cid=2209, SUCCESS, logIndex=3279, commits[9fa9a271-7bed-4435-b477-86c6ed0ece08:c3280, 06c1a879-4ae3-48dc-9686-b55cde066000:c3276, 67fae1a7-3cbe-4338-9d41-57e84498288b:c3276]
2019-07-10 10:27:34,873 INFO  client.GrpcClientProtocolClient (GrpcClientProtocolClient.java:onNext(255)) - client-821285EC2D67->9fa9a271-7bed-4435-b477-86c6ed0ece08: receive RaftClientReply:client-821285EC2D67->9fa9a271-7bed-4435-b477-86c6ed0ece08@group-0E07FAD1B91E, cid=2210, SUCCESS, logIndex=3280, commits[9fa9a271-7bed-4435-b477-86c6ed0ece08:c3282, 06c1a879-4ae3-48dc-9686-b55cde066000:c3278, 67fae1a7-3cbe-4338-9d41-57e84498288b:c3276]
2019-07-10 10:27:34,874 INFO  client.GrpcClientProtocolClient (GrpcClientProtocolClient.java:onNext(255)) - client-821285EC2D67->9fa9a271-7bed-4435-b477-86c6ed0ece08: receive RaftClientReply:client-821285EC2D67->9fa9a271-7bed-4435-b477-86c6ed0ece08@group-0E07FAD1B91E, cid=2211, SUCCESS, logIndex=0, commits[9fa9a271-7bed-4435-b477-86c6ed0ece08:c3283, 06c1a879-4ae3-48dc-9686-b55cde066000:c3280, 67fae1a7-3cbe-4338-9d41-57e84498288b:c3278]
2019-07-10 10:27:34,892 INFO  client.GrpcClientProtocolClient (GrpcClientProtocolClient.java:onNext(255)) - client-821285EC2D67->9fa9a271-7bed-4435-b477-86c6ed0ece08: receive RaftClientReply:client-821285EC2D67->9fa9a271-7bed-4435-b477-86c6ed0ece08@group-0E07FAD1B91E, cid=2212, SUCCESS, logIndex=3285, commits[9fa9a271-7bed-4435-b477-86c6ed0ece08:c3286, 06c1a879-4ae3-48dc-9686-b55cde066000:c3284, 67fae1a7-3cbe-4338-9d41-57e84498288b:c3284]
2019-07-10 10:27:34,892 INFO  client.GrpcClientProtocolClient (GrpcClientProtocolClient.java:onNext(255)) - client-821285EC2D67->9fa9a271-7bed-4435-b477-86c6ed0ece08: receive RaftClientReply:client-821285EC2D67->9fa9a271-7bed-4435-b477-86c6ed0ece08@group-0E07FAD1B91E, cid=2213, SUCCESS, logIndex=3286, commits[9fa9a271-7bed-4435-b477-86c6ed0ece08:c3286, 06c1a879-4ae3-48dc-9686-b55cde066000:c3284, 67fae1a7-3cbe-4338-9d41-57e84498288b:c3284]
2019-07-10 10:27:34,912 INFO  client.GrpcClientProtocolClient (GrpcClientProtocolClient.java:onNext(255)) - client-821285EC2D67->9fa9a271-7bed-4435-b477-86c6ed0ece08: receive RaftClientReply:client-821285EC2D67->9fa9a271-7bed-4435-b477-86c6ed0ece08@group-0E07FAD1B91E, cid=2214, SUCCESS, logIndex=3289, commits[9fa9a271-7bed-4435-b477-86c6ed0ece08:c3290, 06c1a879-4ae3-48dc-9686-b55cde066000:c3286, 67fae1a7-3cbe-4338-9d41-57e84498288b:c3286]
2019-07-10 10:27:34,912 INFO  client.GrpcClientProtocolClient (GrpcClientProtocolClient.java:onNext(255)) - client-821285EC2D67->9fa9a271-7bed-4435-b477-86c6ed0ece08: receive RaftClientReply:client-821285EC2D67->9fa9a271-7bed-4435-b477-86c6ed0ece08@group-0E07FAD1B91E, cid=2215, SUCCESS, logIndex=3290, commits[9fa9a271-7bed-4435-b477-86c6ed0ece08:c3290, 06c1a879-4ae3-48dc-9686-b55cde066000:c3286, 67fae1a7-3cbe-4338-9d41-57e84498288b:c3286]
2019-07-10 10:27:34,917 INFO  client.GrpcClientProtocolClient (GrpcClientProtocolClient.java:onNext(255)) - client-821285EC2D67->9fa9a271-7bed-4435-b477-86c6ed0ece08: receive RaftClientReply:client-821285EC2D67->9fa9a271-7bed-4435-b477-86c6ed0ece08@group-0E07FAD1B91E, cid=2216, SUCCESS, logIndex=0, commits[9fa9a271-7bed-4435-b477-86c6ed0ece08:c3292, 06c1a879-4ae3-48dc-9686-b55cde066000:c3290, 67fae1a7-3cbe-4338-9d41-57e84498288b:c3290]
2019-07-10 10:27:34,942 INFO  client.GrpcClientProtocolClient (GrpcClientProtocolClient.java:onNext(255)) - client-821285EC2D67->9fa9a271-7bed-4435-b477-86c6ed0ece08: receive RaftClientReply:client-821285EC2D67->9fa9a271-7bed-4435-b477-86c6ed0ece08@group-0E07FAD1B91E, cid=2217, SUCCESS, logIndex=3293, commits[9fa9a271-7bed-4435-b477-86c6ed0ece08:c3296, 06c1a879-4ae3-48dc-9686-b55cde066000:c3292, 67fae1a7-3cbe-4338-9d41-57e84498288b:c3292]
2019-07-10 10:27:34,942 INFO  client.GrpcClientProtocolClient (GrpcClientProtocolClient.java:onNext(255)) - client-821285EC2D67->9fa9a271-7bed-4435-b477-86c6ed0ece08: receive RaftClientReply:client-821285EC2D67->9fa9a271-7bed-4435-b477-86c6ed0ece08@group-0E07FAD1B91E, cid=2218, SUCCESS, logIndex=3294, commits[9fa9a271-7bed-4435-b477-86c6ed0ece08:c3296, 06c1a879-4ae3-48dc-9686-b55cde066000:c3292, 67fae1a7-3cbe-4338-9d41-57e84498288b:c3292]
2019-07-10 10:27:34,942 INFO  client.GrpcClientProtocolClient (GrpcClientProtocolClient.java:onNext(255)) - client-821285EC2D67->9fa9a271-7bed-4435-b477-86c6ed0ece08: receive RaftClientReply:client-821285EC2D67->9fa9a271-7bed-4435-b477-86c6ed0ece08@group-0E07FAD1B91E, cid=2219, SUCCESS, logIndex=3295, commits[9fa9a271-7bed-4435-b477-86c6ed0ece08:c3296, 06c1a879-4ae3-48dc-9686-b55cde066000:c3292, 67fae1a7-3cbe-4338-9d41-57e84498288b:c3292]
2019-07-10 10:27:34,943 INFO  client.GrpcClientProtocolClient (GrpcClientProtocolClient.java:onNext(255)) - client-821285EC2D67->9fa9a271-7bed-4435-b477-86c6ed0ece08: receive RaftClientReply:client-821285EC2D67->9fa9a271-7bed-4435-b477-86c6ed0ece08@group-0E07FAD1B91E, cid=2220, SUCCESS, logIndex=3296, commits[9fa9a271-7bed-4435-b477-86c6ed0ece08:c3297, 06c1a879-4ae3-48dc-9686-b55cde066000:c3293, 67fae1a7-3cbe-4338-9d41-57e84498288b:c3292]
2019-07-10 10:27:34,946 INFO  client.GrpcClientProtocolClient (GrpcClientProtocolClient.java:onNext(255)) - client-821285EC2D67->9fa9a271-7bed-4435-b477-86c6ed0ece08: receive RaftClientReply:client-821285EC2D67->9fa9a271-7bed-4435-b477-86c6ed0ece08@group-0E07FAD1B91E, cid=2221, SUCCESS, logIndex=0, commits[9fa9a271-7bed-4435-b477-86c6ed0ece08:c3298, 06c1a879-4ae3-48dc-9686-b55cde066000:c3294, 67fae1a7-3cbe-4338-9d41-57e84498288b:c3294]
2019-07-10 10:27:34,955 INFO  client.GrpcClientProtocolClient (GrpcClientProtocolClient.java:onNext(255)) - client-821285EC2D67->9fa9a271-7bed-4435-b477-86c6ed0ece08: receive RaftClientReply:client-821285EC2D67->9fa9a271-7bed-4435-b477-86c6ed0ece08@group-0E07FAD1B91E, cid=2222, SUCCESS, logIndex=3301, commits[9fa9a271-7bed-4435-b477-86c6ed0ece08:c3302, 06c1a879-4ae3-48dc-9686-b55cde066000:c3300, 67fae1a7-3cbe-4338-9d41-57e84498288b:c3296]
2019-07-10 10:27:34,956 INFO  client.GrpcClientProtocolClient (GrpcClientProtocolClient.java:onNext(255)) - client-821285EC2D67->9fa9a271-7bed-4435-b477-86c6ed0ece08: receive RaftClientReply:client-821285EC2D67->9fa9a271-7bed-4435-b477-86c6ed0ece08@group-0E07FAD1B91E, cid=2223, SUCCESS, logIndex=3302, commits[9fa9a271-7bed-4435-b477-86c6ed0ece08:c3302, 06c1a879-4ae3-48dc-9686-b55cde066000:c3300, 67fae1a7-3cbe-4338-9d41-57e84498288b:c3300]
2019-07-10 10:27:35,075 INFO  client.GrpcClientProtocolClient (GrpcClientProtocolClient.java:onNext(255)) - client-821285EC2D67->9fa9a271-7bed-4435-b477-86c6ed0ece08: receive RaftClientReply:client-821285EC2D67->9fa9a271-7bed-4435-b477-86c6ed0ece08@group-0E07FAD1B91E, cid=2224, SUCCESS, logIndex=3305, commits[9fa9a271-7bed-4435-b477-86c6ed0ece08:c3306, 06c1a879-4ae3-48dc-9686-b55cde066000:c3304, 67fae1a7-3cbe-4338-9d41-57e84498288b:c3304]
2019-07-10 10:27:35,075 INFO  client.GrpcClientProtocolClient (GrpcClientProtocolClient.java:onNext(255)) - client-821285EC2D67->9fa9a271-7bed-4435-b477-86c6ed0ece08: receive RaftClientReply:client-821285EC2D67->9fa9a271-7bed-4435-b477-86c6ed0ece08@group-0E07FAD1B91E, cid=2225, SUCCESS, logIndex=3306, commits[9fa9a271-7bed-4435-b477-86c6ed0ece08:c3306, 06c1a879-4ae3-48dc-9686-b55cde066000:c3304, 67fae1a7-3cbe-4338-9d41-57e84498288b:c3304]
2019-07-10 10:27:35,086 INFO  client.GrpcClientProtocolClient (GrpcClientProtocolClient.java:onNext(255)) - client-821285EC2D67->9fa9a271-7bed-4435-b477-86c6ed0ece08: receive RaftClientReply:client-821285EC2D67->9fa9a271-7bed-4435-b477-86c6ed0ece08@group-0E07FAD1B91E, cid=2226, SUCCESS, logIndex=0, commits[9fa9a271-7bed-4435-b477-86c6ed0ece08:c3308, 06c1a879-4ae3-48dc-9686-b55cde066000:c3306, 67fae1a7-3cbe-4338-9d41-57e84498288b:c3306]
2019-07-10 10:27:35,113 INFO  client.GrpcClientProtocolClient (GrpcClientProtocolClient.java:onNext(255)) - client-821285EC2D67->9fa9a271-7bed-4435-b477-86c6ed0ece08: receive RaftClientReply:client-821285EC2D67->9fa9a271-7bed-4435-b477-86c6ed0ece08@group-0E07FAD1B91E, cid=2227, SUCCESS, logIndex=3309, commits[9fa9a271-7bed-4435-b477-86c6ed0ece08:c3310, 06c1a879-4ae3-48dc-9686-b55cde066000:c3308, 67fae1a7-3cbe-4338-9d41-57e84498288b:c3308]
2019-07-10 10:27:35,114 INFO  client.GrpcClientProtocolClient (GrpcClientProtocolClient.java:onNext(255)) - client-821285EC2D67->9fa9a271-7bed-4435-b477-86c6ed0ece08: receive RaftClientReply:client-821285EC2D67->9fa9a271-7bed-4435-b477-86c6ed0ece08@group-0E07FAD1B91E, cid=2228, SUCCESS, logIndex=3310, commits[9fa9a271-7bed-4435-b477-86c6ed0ece08:c3310, 06c1a879-4ae3-48dc-9686-b55cde066000:c3308, 67fae1a7-3cbe-4338-9d41-57e84498288b:c3308]
2019-07-10 10:27:35,114 INFO  client.GrpcClientProtocolClient (GrpcClientProtocolClient.java:onNext(255)) - client-821285EC2D67->9fa9a271-7bed-4435-b477-86c6ed0ece08: receive RaftClientReply:client-821285EC2D67->9fa9a271-7bed-4435-b477-86c6ed0ece08@group-0E07FAD1B91E, cid=2229, SUCCESS, logIndex=3311, commits[9fa9a271-7bed-4435-b477-86c6ed0ece08:c3312, 06c1a879-4ae3-48dc-9686-b55cde066000:c3308, 67fae1a7-3cbe-4338-9d41-57e84498288b:c3308]
2019-07-10 10:27:35,114 INFO  client.GrpcClientProtocolClient (GrpcClientProtocolClient.java:onNext(255)) - client-821285EC2D67->9fa9a271-7bed-4435-b477-86c6ed0ece08: receive RaftClientReply:client-821285EC2D67->9fa9a271-7bed-4435-b477-86c6ed0ece08@group-0E07FAD1B91E, cid=2230, SUCCESS, logIndex=3312, commits[9fa9a271-7bed-4435-b477-86c6ed0ece08:c3312, 06c1a879-4ae3-48dc-9686-b55cde066000:c3308, 67fae1a7-3cbe-4338-9d41-57e84498288b:c3308]
2019-07-10 10:27:35,117 INFO  client.GrpcClientProtocolClient (GrpcClientProtocolClient.java:onNext(255)) - client-821285EC2D67->9fa9a271-7bed-4435-b477-86c6ed0ece08: receive RaftClientReply:client-821285EC2D67->9fa9a271-7bed-4435-b477-86c6ed0ece08@group-0E07FAD1B91E, cid=2231, SUCCESS, logIndex=0, commits[9fa9a271-7bed-4435-b477-86c6ed0ece08:c3314, 06c1a879-4ae3-48dc-9686-b55cde066000:c3310, 67fae1a7-3cbe-4338-9d41-57e84498288b:c3310]
2019-07-10 10:27:35,139 INFO  client.GrpcClientProtocolClient (GrpcClientProtocolClient.java:onNext(255)) - client-821285EC2D67->9fa9a271-7bed-4435-b477-86c6ed0ece08: receive RaftClientReply:client-821285EC2D67->9fa9a271-7bed-4435-b477-86c6ed0ece08@group-0E07FAD1B91E, cid=2232, SUCCESS, logIndex=3317, commits[9fa9a271-7bed-4435-b477-86c6ed0ece08:c3318, 06c1a879-4ae3-48dc-9686-b55cde066000:c3316, 67fae1a7-3cbe-4338-9d41-57e84498288b:c3316]
2019-07-10 10:27:35,140 INFO  client.GrpcClientProtocolClient (GrpcClientProtocolClient.java:onNext(255)) - client-821285EC2D67->9fa9a271-7bed-4435-b477-86c6ed0ece08: receive RaftClientReply:client-821285EC2D67->9fa9a271-7bed-4435-b477-86c6ed0ece08@group-0E07FAD1B91E, cid=2233, SUCCESS, logIndex=3318, commits[9fa9a271-7bed-4435-b477-86c6ed0ece08:c3318, 06c1a879-4ae3-48dc-9686-b55cde066000:c3316, 67fae1a7-3cbe-4338-9d41-57e84498288b:c3316]
2019-07-10 10:27:35,152 INFO  client.GrpcClientProtocolClient (GrpcClientProtocolClient.java:onNext(255)) - client-821285EC2D67->9fa9a271-7bed-4435-b477-86c6ed0ece08: receive RaftClientReply:client-821285EC2D67->9fa9a271-7bed-4435-b477-86c6ed0ece08@group-0E07FAD1B91E, cid=2234, SUCCESS, logIndex=3321, commits[9fa9a271-7bed-4435-b477-86c6ed0ece08:c3322, 06c1a879-4ae3-48dc-9686-b55cde066000:c3317, 67fae1a7-3cbe-4338-9d41-57e84498288b:c3318]
2019-07-10 10:27:35,153 INFO  client.GrpcClientProtocolClient (GrpcClientProtocolClient.java:onNext(255)) - client-821285EC2D67->9fa9a271-7bed-4435-b477-86c6ed0ece08: receive RaftClientReply:client-821285EC2D67->9fa9a271-7bed-4435-b477-86c6ed0ece08@group-0E07FAD1B91E, cid=2235, SUCCESS, logIndex=3322, commits[9fa9a271-7bed-4435-b477-86c6ed0ece08:c3322, 06c1a879-4ae3-48dc-9686-b55cde066000:c3318, 67fae1a7-3cbe-4338-9d41-57e84498288b:c3318]
2019-07-10 10:27:35,156 INFO  client.GrpcClientProtocolClient (GrpcClientProtocolClient.java:onNext(255)) - client-821285EC2D67->9fa9a271-7bed-4435-b477-86c6ed0ece08: receive RaftClientReply:client-821285EC2D67->9fa9a271-7bed-4435-b477-86c6ed0ece08@group-0E07FAD1B91E, cid=2236, SUCCESS, logIndex=0, commits[9fa9a271-7bed-4435-b477-86c6ed0ece08:c3323, 06c1a879-4ae3-48dc-9686-b55cde066000:c3322, 67fae1a7-3cbe-4338-9d41-57e84498288b:c3322]
2019-07-10 10:27:35,180 INFO  client.GrpcClientProtocolClient (GrpcClientProtocolClient.java:onNext(255)) - client-821285EC2D67->9fa9a271-7bed-4435-b477-86c6ed0ece08: receive RaftClientReply:client-821285EC2D67->9fa9a271-7bed-4435-b477-86c6ed0ece08@group-0E07FAD1B91E, cid=2237, SUCCESS, logIndex=3325, commits[9fa9a271-7bed-4435-b477-86c6ed0ece08:c3327, 06c1a879-4ae3-48dc-9686-b55cde066000:c3324, 67fae1a7-3cbe-4338-9d41-57e84498288b:c3324]
2019-07-10 10:27:35,181 INFO  client.GrpcClientProtocolClient (GrpcClientProtocolClient.java:onNext(255)) - client-821285EC2D67->9fa9a271-7bed-4435-b477-86c6ed0ece08: receive RaftClientReply:client-821285EC2D67->9fa9a271-7bed-4435-b477-86c6ed0ece08@group-0E07FAD1B91E, cid=2238, SUCCESS, logIndex=3326, commits[9fa9a271-7bed-4435-b477-86c6ed0ece08:c3328, 06c1a879-4ae3-48dc-9686-b55cde066000:c3324, 67fae1a7-3cbe-4338-9d41-57e84498288b:c3324]
2019-07-10 10:27:35,181 INFO  client.GrpcClientProtocolClient (GrpcClientProtocolClient.java:onNext(255)) - client-821285EC2D67->9fa9a271-7bed-4435-b477-86c6ed0ece08: receive RaftClientReply:client-821285EC2D67->9fa9a271-7bed-4435-b477-86c6ed0ece08@group-0E07FAD1B91E, cid=2239, SUCCESS, logIndex=3327, commits[9fa9a271-7bed-4435-b477-86c6ed0ece08:c3328, 06c1a879-4ae3-48dc-9686-b55cde066000:c3324, 67fae1a7-3cbe-4338-9d41-57e84498288b:c3324]
2019-07-10 10:27:35,181 INFO  client.GrpcClientProtocolClient (GrpcClientProtocolClient.java:onNext(255)) - client-821285EC2D67->9fa9a271-7bed-4435-b477-86c6ed0ece08: receive RaftClientReply:client-821285EC2D67->9fa9a271-7bed-4435-b477-86c6ed0ece08@group-0E07FAD1B91E, cid=2240, SUCCESS, logIndex=3328, commits[9fa9a271-7bed-4435-b477-86c6ed0ece08:c3328, 06c1a879-4ae3-48dc-9686-b55cde066000:c3324, 67fae1a7-3cbe-4338-9d41-57e84498288b:c3324]
2019-07-10 10:27:35,183 INFO  client.GrpcClientProtocolClient (GrpcClientProtocolClient.java:onNext(255)) - client-821285EC2D67->9fa9a271-7bed-4435-b477-86c6ed0ece08: receive RaftClientReply:client-821285EC2D67->9fa9a271-7bed-4435-b477-86c6ed0ece08@group-0E07FAD1B91E, cid=2241, SUCCESS, logIndex=0, commits[9fa9a271-7bed-4435-b477-86c6ed0ece08:c3331, 06c1a879-4ae3-48dc-9686-b55cde066000:c3327, 67fae1a7-3cbe-4338-9d41-57e84498288b:c3326]
2019-07-10 10:27:35,200 INFO  client.GrpcClientProtocolClient (GrpcClientProtocolClient.java:onNext(255)) - client-821285EC2D67->9fa9a271-7bed-4435-b477-86c6ed0ece08: receive RaftClientReply:client-821285EC2D67->9fa9a271-7bed-4435-b477-86c6ed0ece08@group-0E07FAD1B91E, cid=2242, SUCCESS, logIndex=3333, commits[9fa9a271-7bed-4435-b477-86c6ed0ece08:c3333, 06c1a879-4ae3-48dc-9686-b55cde066000:c3332, 67fae1a7-3cbe-4338-9d41-57e84498288b:c3332]
2019-07-10 10:27:35,200 INFO  client.GrpcClientProtocolClient (GrpcClientProtocolClient.java:onNext(255)) - client-821285EC2D67->9fa9a271-7bed-4435-b477-86c6ed0ece08: receive RaftClientReply:client-821285EC2D67->9fa9a271-7bed-4435-b477-86c6ed0ece08@group-0E07FAD1B91E, cid=2243, SUCCESS, logIndex=3334, commits[9fa9a271-7bed-4435-b477-86c6ed0ece08:c3334, 06c1a879-4ae3-48dc-9686-b55cde066000:c3332, 67fae1a7-3cbe-4338-9d41-57e84498288b:c3332]
2019-07-10 10:27:35,212 INFO  client.GrpcClientProtocolClient (GrpcClientProtocolClient.java:onNext(255)) - client-821285EC2D67->9fa9a271-7bed-4435-b477-86c6ed0ece08: receive RaftClientReply:client-821285EC2D67->9fa9a271-7bed-4435-b477-86c6ed0ece08@group-0E07FAD1B91E, cid=2244, SUCCESS, logIndex=3337, commits[9fa9a271-7bed-4435-b477-86c6ed0ece08:c3338, 06c1a879-4ae3-48dc-9686-b55cde066000:c3334, 67fae1a7-3cbe-4338-9d41-57e84498288b:c3334]
2019-07-10 10:27:35,212 INFO  client.GrpcClientProtocolClient (GrpcClientProtocolClient.java:onNext(255)) - client-821285EC2D67->9fa9a271-7bed-4435-b477-86c6ed0ece08: receive RaftClientReply:client-821285EC2D67->9fa9a271-7bed-4435-b477-86c6ed0ece08@group-0E07FAD1B91E, cid=2245, SUCCESS, logIndex=3338, commits[9fa9a271-7bed-4435-b477-86c6ed0ece08:c3338, 06c1a879-4ae3-48dc-9686-b55cde066000:c3334, 67fae1a7-3cbe-4338-9d41-57e84498288b:c3334]
2019-07-10 10:27:35,227 INFO  client.GrpcClientProtocolClient (GrpcClientProtocolClient.java:onNext(255)) - client-821285EC2D67->9fa9a271-7bed-4435-b477-86c6ed0ece08: receive RaftClientReply:client-821285EC2D67->9fa9a271-7bed-4435-b477-86c6ed0ece08@group-0E07FAD1B91E, cid=2246, SUCCESS, logIndex=0, commits[9fa9a271-7bed-4435-b477-86c6ed0ece08:c3339, 06c1a879-4ae3-48dc-9686-b55cde066000:c3338, 67fae1a7-3cbe-4338-9d41-57e84498288b:c3338]
2019-07-10 10:27:35,247 INFO  client.GrpcClientProtocolClient (GrpcClientProtocolClient.java:onNext(255)) - client-821285EC2D67->9fa9a271-7bed-4435-b477-86c6ed0ece08: receive RaftClientReply:client-821285EC2D67->9fa9a271-7bed-4435-b477-86c6ed0ece08@group-0E07FAD1B91E, cid=2247, SUCCESS, logIndex=3341, commits[9fa9a271-7bed-4435-b477-86c6ed0ece08:c3342, 06c1a879-4ae3-48dc-9686-b55cde066000:c3340, 67fae1a7-3cbe-4338-9d41-57e84498288b:c3338]
2019-07-10 10:27:35,247 INFO  client.GrpcClientProtocolClient (GrpcClientProtocolClient.java:onNext(255)) - client-821285EC2D67->9fa9a271-7bed-4435-b477-86c6ed0ece08: receive RaftClientReply:client-821285EC2D67->9fa9a271-7bed-4435-b477-86c6ed0ece08@group-0E07FAD1B91E, cid=2248, SUCCESS, logIndex=3342, commits[9fa9a271-7bed-4435-b477-86c6ed0ece08:c3342, 06c1a879-4ae3-48dc-9686-b55cde066000:c3340, 67fae1a7-3cbe-4338-9d41-57e84498288b:c3338]
2019-07-10 10:27:35,248 INFO  client.GrpcClientProtocolClient (GrpcClientProtocolClient.java:onNext(255)) - client-821285EC2D67->9fa9a271-7bed-4435-b477-86c6ed0ece08: receive RaftClientReply:client-821285EC2D67->9fa9a271-7bed-4435-b477-86c6ed0ece08@group-0E07FAD1B91E, cid=2249, SUCCESS, logIndex=3343, commits[9fa9a271-7bed-4435-b477-86c6ed0ece08:c3344, 06c1a879-4ae3-48dc-9686-b55cde066000:c3340, 67fae1a7-3cbe-4338-9d41-57e84498288b:c3338]
2019-07-10 10:27:35,248 INFO  client.GrpcClientProtocolClient (GrpcClientProtocolClient.java:onNext(255)) - client-821285EC2D67->9fa9a271-7bed-4435-b477-86c6ed0ece08: receive RaftClientReply:client-821285EC2D67->9fa9a271-7bed-4435-b477-86c6ed0ece08@group-0E07FAD1B91E, cid=2250, SUCCESS, logIndex=3344, commits[9fa9a271-7bed-4435-b477-86c6ed0ece08:c3344, 06c1a879-4ae3-48dc-9686-b55cde066000:c3340, 67fae1a7-3cbe-4338-9d41-57e84498288b:c3338]
2019-07-10 10:27:35,267 INFO  client.GrpcClientProtocolClient (GrpcClientProtocolClient.java:onNext(255)) - client-821285EC2D67->9fa9a271-7bed-4435-b477-86c6ed0ece08: receive RaftClientReply:client-821285EC2D67->9fa9a271-7bed-4435-b477-86c6ed0ece08@group-0E07FAD1B91E, cid=2251, SUCCESS, logIndex=0, commits[9fa9a271-7bed-4435-b477-86c6ed0ece08:c3346, 06c1a879-4ae3-48dc-9686-b55cde066000:c3342, 67fae1a7-3cbe-4338-9d41-57e84498288b:c3342]
2019-07-10 10:27:35,284 INFO  client.GrpcClientProtocolClient (GrpcClientProtocolClient.java:onNext(255)) - client-821285EC2D67->9fa9a271-7bed-4435-b477-86c6ed0ece08: receive RaftClientReply:client-821285EC2D67->9fa9a271-7bed-4435-b477-86c6ed0ece08@group-0E07FAD1B91E, cid=2252, SUCCESS, logIndex=3349, commits[9fa9a271-7bed-4435-b477-86c6ed0ece08:c3350, 06c1a879-4ae3-48dc-9686-b55cde066000:c3348, 67fae1a7-3cbe-4338-9d41-57e84498288b:c3348]
2019-07-10 10:27:35,284 INFO  client.GrpcClientProtocolClient (GrpcClientProtocolClient.java:onNext(255)) - client-821285EC2D67->9fa9a271-7bed-4435-b477-86c6ed0ece08: receive RaftClientReply:client-821285EC2D67->9fa9a271-7bed-4435-b477-86c6ed0ece08@group-0E07FAD1B91E, cid=2253, SUCCESS, logIndex=3350, commits[9fa9a271-7bed-4435-b477-86c6ed0ece08:c3350, 06c1a879-4ae3-48dc-9686-b55cde066000:c3348, 67fae1a7-3cbe-4338-9d41-57e84498288b:c3348]
2019-07-10 10:27:35,298 INFO  client.GrpcClientProtocolClient (GrpcClientProtocolClient.java:onNext(255)) - client-821285EC2D67->9fa9a271-7bed-4435-b477-86c6ed0ece08: receive RaftClientReply:client-821285EC2D67->9fa9a271-7bed-4435-b477-86c6ed0ece08@group-0E07FAD1B91E, cid=2254, SUCCESS, logIndex=3353, commits[9fa9a271-7bed-4435-b477-86c6ed0ece08:c3354, 06c1a879-4ae3-48dc-9686-b55cde066000:c3350, 67fae1a7-3cbe-4338-9d41-57e84498288b:c3350]
2019-07-10 10:27:35,298 INFO  client.GrpcClientProtocolClient (GrpcClientProtocolClient.java:onNext(255)) - client-821285EC2D67->9fa9a271-7bed-4435-b477-86c6ed0ece08: receive RaftClientReply:client-821285EC2D67->9fa9a271-7bed-4435-b477-86c6ed0ece08@group-0E07FAD1B91E, cid=2255, SUCCESS, logIndex=3354, commits[9fa9a271-7bed-4435-b477-86c6ed0ece08:c3354, 06c1a879-4ae3-48dc-9686-b55cde066000:c3350, 67fae1a7-3cbe-4338-9d41-57e84498288b:c3350]
2019-07-10 10:27:35,318 INFO  client.GrpcClientProtocolClient (GrpcClientProtocolClient.java:onNext(255)) - client-821285EC2D67->9fa9a271-7bed-4435-b477-86c6ed0ece08: receive RaftClientReply:client-821285EC2D67->9fa9a271-7bed-4435-b477-86c6ed0ece08@group-0E07FAD1B91E, cid=2256, SUCCESS, logIndex=0, commits[9fa9a271-7bed-4435-b477-86c6ed0ece08:c3355, 06c1a879-4ae3-48dc-9686-b55cde066000:c3354, 67fae1a7-3cbe-4338-9d41-57e84498288b:c3354]
2019-07-10 10:27:35,344 INFO  client.GrpcClientProtocolClient (GrpcClientProtocolClient.java:onNext(255)) - client-821285EC2D67->9fa9a271-7bed-4435-b477-86c6ed0ece08: receive RaftClientReply:client-821285EC2D67->9fa9a271-7bed-4435-b477-86c6ed0ece08@group-0E07FAD1B91E, cid=2257, SUCCESS, logIndex=3357, commits[9fa9a271-7bed-4435-b477-86c6ed0ece08:c3358, 06c1a879-4ae3-48dc-9686-b55cde066000:c3356, 67fae1a7-3cbe-4338-9d41-57e84498288b:c3356]
2019-07-10 10:27:35,344 INFO  client.GrpcClientProtocolClient (GrpcClientProtocolClient.java:onNext(255)) - client-821285EC2D67->9fa9a271-7bed-4435-b477-86c6ed0ece08: receive RaftClientReply:client-821285EC2D67->9fa9a271-7bed-4435-b477-86c6ed0ece08@group-0E07FAD1B91E, cid=2258, SUCCESS, logIndex=3358, commits[9fa9a271-7bed-4435-b477-86c6ed0ece08:c3360, 06c1a879-4ae3-48dc-9686-b55cde066000:c3356, 67fae1a7-3cbe-4338-9d41-57e84498288b:c3356]
2019-07-10 10:27:35,345 INFO  client.GrpcClientProtocolClient (GrpcClientProtocolClient.java:onNext(255)) - client-821285EC2D67->9fa9a271-7bed-4435-b477-86c6ed0ece08: receive RaftClientReply:client-821285EC2D67->9fa9a271-7bed-4435-b477-86c6ed0ece08@group-0E07FAD1B91E, cid=2259, SUCCESS, logIndex=3359, commits[9fa9a271-7bed-4435-b477-86c6ed0ece08:c3360, 06c1a879-4ae3-48dc-9686-b55cde066000:c3356, 67fae1a7-3cbe-4338-9d41-57e84498288b:c3356]
2019-07-10 10:27:35,345 INFO  client.GrpcClientProtocolClient (GrpcClientProtocolClient.java:onNext(255)) - client-821285EC2D67->9fa9a271-7bed-4435-b477-86c6ed0ece08: receive RaftClientReply:client-821285EC2D67->9fa9a271-7bed-4435-b477-86c6ed0ece08@group-0E07FAD1B91E, cid=2260, SUCCESS, logIndex=3360, commits[9fa9a271-7bed-4435-b477-86c6ed0ece08:c3362, 06c1a879-4ae3-48dc-9686-b55cde066000:c3358, 67fae1a7-3cbe-4338-9d41-57e84498288b:c3357]
2019-07-10 10:27:35,349 INFO  client.GrpcClientProtocolClient (GrpcClientProtocolClient.java:onNext(255)) - client-821285EC2D67->9fa9a271-7bed-4435-b477-86c6ed0ece08: receive RaftClientReply:client-821285EC2D67->9fa9a271-7bed-4435-b477-86c6ed0ece08@group-0E07FAD1B91E, cid=2261, SUCCESS, logIndex=0, commits[9fa9a271-7bed-4435-b477-86c6ed0ece08:c3363, 06c1a879-4ae3-48dc-9686-b55cde066000:c3360, 67fae1a7-3cbe-4338-9d41-57e84498288b:c3358]
2019-07-10 10:27:35,367 INFO  client.GrpcClientProtocolClient (GrpcClientProtocolClient.java:onNext(255)) - client-821285EC2D67->9fa9a271-7bed-4435-b477-86c6ed0ece08: receive RaftClientReply:client-821285EC2D67->9fa9a271-7bed-4435-b477-86c6ed0ece08@group-0E07FAD1B91E, cid=2262, SUCCESS, logIndex=3364, commits[9fa9a271-7bed-4435-b477-86c6ed0ece08:c3365, 06c1a879-4ae3-48dc-9686-b55cde066000:c3363, 67fae1a7-3cbe-4338-9d41-57e84498288b:c3363]
2019-07-10 10:27:35,368 INFO  client.GrpcClientProtocolClient (GrpcClientProtocolClient.java:onNext(255)) - client-821285EC2D67->9fa9a271-7bed-4435-b477-86c6ed0ece08: receive RaftClientReply:client-821285EC2D67->9fa9a271-7bed-4435-b477-86c6ed0ece08@group-0E07FAD1B91E, cid=2263, SUCCESS, logIndex=3365, commits[9fa9a271-7bed-4435-b477-86c6ed0ece08:c3365, 06c1a879-4ae3-48dc-9686-b55cde066000:c3363, 67fae1a7-3cbe-4338-9d41-57e84498288b:c3363]
2019-07-10 10:27:35,381 INFO  client.GrpcClientProtocolClient (GrpcClientProtocolClient.java:onNext(255)) - client-821285EC2D67->9fa9a271-7bed-4435-b477-86c6ed0ece08: receive RaftClientReply:client-821285EC2D67->9fa9a271-7bed-4435-b477-86c6ed0ece08@group-0E07FAD1B91E, cid=2264, SUCCESS, logIndex=3368, commits[9fa9a271-7bed-4435-b477-86c6ed0ece08:c3368, 06c1a879-4ae3-48dc-9686-b55cde066000:c3365, 67fae1a7-3cbe-4338-9d41-57e84498288b:c3365]
2019-07-10 10:27:35,382 INFO  client.GrpcClientProtocolClient (GrpcClientProtocolClient.java:onNext(255)) - client-821285EC2D67->9fa9a271-7bed-4435-b477-86c6ed0ece08: receive RaftClientReply:client-821285EC2D67->9fa9a271-7bed-4435-b477-86c6ed0ece08@group-0E07FAD1B91E, cid=2265, SUCCESS, logIndex=3369, commits[9fa9a271-7bed-4435-b477-86c6ed0ece08:c3369, 06c1a879-4ae3-48dc-9686-b55cde066000:c3365, 67fae1a7-3cbe-4338-9d41-57e84498288b:c3365]
 0.00% |█                                                                                                    |  0/1 Time: 0:00:152019-07-10 10:27:35,394 INFO  client.GrpcClientProtocolClient (GrpcClientProtocolClient.java:onNext(255)) - client-821285EC2D67->9fa9a271-7bed-4435-b477-86c6ed0ece08: receive RaftClientReply:client-821285EC2D67->9fa9a271-7bed-4435-b477-86c6ed0ece08@group-0E07FAD1B91E, cid=2266, SUCCESS, logIndex=0, commits[9fa9a271-7bed-4435-b477-86c6ed0ece08:c3371, 06c1a879-4ae3-48dc-9686-b55cde066000:c3369, 67fae1a7-3cbe-4338-9d41-57e84498288b:c3369]
2019-07-10 10:27:35,426 INFO  client.GrpcClientProtocolClient (GrpcClientProtocolClient.java:onNext(255)) - client-821285EC2D67->9fa9a271-7bed-4435-b477-86c6ed0ece08: receive RaftClientReply:client-821285EC2D67->9fa9a271-7bed-4435-b477-86c6ed0ece08@group-0E07FAD1B91E, cid=2267, SUCCESS, logIndex=3372, commits[9fa9a271-7bed-4435-b477-86c6ed0ece08:c3375, 06c1a879-4ae3-48dc-9686-b55cde066000:c3371, 67fae1a7-3cbe-4338-9d41-57e84498288b:c3371]
2019-07-10 10:27:35,426 INFO  client.GrpcClientProtocolClient (GrpcClientProtocolClient.java:onNext(255)) - client-821285EC2D67->9fa9a271-7bed-4435-b477-86c6ed0ece08: receive RaftClientReply:client-821285EC2D67->9fa9a271-7bed-4435-b477-86c6ed0ece08@group-0E07FAD1B91E, cid=2268, SUCCESS, logIndex=3373, commits[9fa9a271-7bed-4435-b477-86c6ed0ece08:c3375, 06c1a879-4ae3-48dc-9686-b55cde066000:c3371, 67fae1a7-3cbe-4338-9d41-57e84498288b:c3371]
2019-07-10 10:27:35,426 INFO  client.GrpcClientProtocolClient (GrpcClientProtocolClient.java:onNext(255)) - client-821285EC2D67->9fa9a271-7bed-4435-b477-86c6ed0ece08: receive RaftClientReply:client-821285EC2D67->9fa9a271-7bed-4435-b477-86c6ed0ece08@group-0E07FAD1B91E, cid=2269, SUCCESS, logIndex=3374, commits[9fa9a271-7bed-4435-b477-86c6ed0ece08:c3375, 06c1a879-4ae3-48dc-9686-b55cde066000:c3371, 67fae1a7-3cbe-4338-9d41-57e84498288b:c3371]
2019-07-10 10:27:35,427 INFO  client.GrpcClientProtocolClient (GrpcClientProtocolClient.java:onNext(255)) - client-821285EC2D67->9fa9a271-7bed-4435-b477-86c6ed0ece08: receive RaftClientReply:client-821285EC2D67->9fa9a271-7bed-4435-b477-86c6ed0ece08@group-0E07FAD1B91E, cid=2270, SUCCESS, logIndex=3375, commits[9fa9a271-7bed-4435-b477-86c6ed0ece08:c3376, 06c1a879-4ae3-48dc-9686-b55cde066000:c3374, 67fae1a7-3cbe-4338-9d41-57e84498288b:c3371]
2019-07-10 10:27:35,429 INFO  client.GrpcClientProtocolClient (GrpcClientProtocolClient.java:onNext(255)) - client-821285EC2D67->9fa9a271-7bed-4435-b477-86c6ed0ece08: receive RaftClientReply:client-821285EC2D67->9fa9a271-7bed-4435-b477-86c6ed0ece08@group-0E07FAD1B91E, cid=2271, SUCCESS, logIndex=0, commits[9fa9a271-7bed-4435-b477-86c6ed0ece08:c3376, 06c1a879-4ae3-48dc-9686-b55cde066000:c3374, 67fae1a7-3cbe-4338-9d41-57e84498288b:c3374]
2019-07-10 10:27:35,440 INFO  client.GrpcClientProtocolClient (GrpcClientProtocolClient.java:onNext(255)) - client-821285EC2D67->9fa9a271-7bed-4435-b477-86c6ed0ece08: receive RaftClientReply:client-821285EC2D67->9fa9a271-7bed-4435-b477-86c6ed0ece08@group-0E07FAD1B91E, cid=2272, SUCCESS, logIndex=3379, commits[9fa9a271-7bed-4435-b477-86c6ed0ece08:c3380, 06c1a879-4ae3-48dc-9686-b55cde066000:c3376, 67fae1a7-3cbe-4338-9d41-57e84498288b:c3375]
2019-07-10 10:27:35,440 INFO  client.GrpcClientProtocolClient (GrpcClientProtocolClient.java:onNext(255)) - client-821285EC2D67->9fa9a271-7bed-4435-b477-86c6ed0ece08: receive RaftClientReply:client-821285EC2D67->9fa9a271-7bed-4435-b477-86c6ed0ece08@group-0E07FAD1B91E, cid=2273, SUCCESS, logIndex=3380, commits[9fa9a271-7bed-4435-b477-86c6ed0ece08:c3380, 06c1a879-4ae3-48dc-9686-b55cde066000:c3376, 67fae1a7-3cbe-4338-9d41-57e84498288b:c3376]
2019-07-10 10:27:35,457 INFO  client.GrpcClientProtocolClient (GrpcClientProtocolClient.java:onNext(255)) - client-821285EC2D67->9fa9a271-7bed-4435-b477-86c6ed0ece08: receive RaftClientReply:client-821285EC2D67->9fa9a271-7bed-4435-b477-86c6ed0ece08@group-0E07FAD1B91E, cid=2274, SUCCESS, logIndex=3382, commits[9fa9a271-7bed-4435-b477-86c6ed0ece08:c3383, 06c1a879-4ae3-48dc-9686-b55cde066000:c3381, 67fae1a7-3cbe-4338-9d41-57e84498288b:c3381]
2019-07-10 10:27:35,457 INFO  client.GrpcClientProtocolClient (GrpcClientProtocolClient.java:onNext(255)) - client-821285EC2D67->9fa9a271-7bed-4435-b477-86c6ed0ece08: receive RaftClientReply:client-821285EC2D67->9fa9a271-7bed-4435-b477-86c6ed0ece08@group-0E07FAD1B91E, cid=2275, SUCCESS, logIndex=3383, commits[9fa9a271-7bed-4435-b477-86c6ed0ece08:c3383, 06c1a879-4ae3-48dc-9686-b55cde066000:c3381, 67fae1a7-3cbe-4338-9d41-57e84498288b:c3381]
2019-07-10 10:27:35,468 INFO  client.GrpcClientProtocolClient (GrpcClientProtocolClient.java:onNext(255)) - client-821285EC2D67->9fa9a271-7bed-4435-b477-86c6ed0ece08: receive RaftClientReply:client-821285EC2D67->9fa9a271-7bed-4435-b477-86c6ed0ece08@group-0E07FAD1B91E, cid=2276, SUCCESS, logIndex=0, commits[9fa9a271-7bed-4435-b477-86c6ed0ece08:c3385, 06c1a879-4ae3-48dc-9686-b55cde066000:c3383, 67fae1a7-3cbe-4338-9d41-57e84498288b:c3383]
2019-07-10 10:27:35,491 INFO  client.GrpcClientProtocolClient (GrpcClientProtocolClient.java:onNext(255)) - client-821285EC2D67->9fa9a271-7bed-4435-b477-86c6ed0ece08: receive RaftClientReply:client-821285EC2D67->9fa9a271-7bed-4435-b477-86c6ed0ece08@group-0E07FAD1B91E, cid=2277, SUCCESS, logIndex=3386, commits[9fa9a271-7bed-4435-b477-86c6ed0ece08:c3387, 06c1a879-4ae3-48dc-9686-b55cde066000:c3385, 67fae1a7-3cbe-4338-9d41-57e84498288b:c3383]
2019-07-10 10:27:35,491 INFO  client.GrpcClientProtocolClient (GrpcClientProtocolClient.java:onNext(255)) - client-821285EC2D67->9fa9a271-7bed-4435-b477-86c6ed0ece08: receive RaftClientReply:client-821285EC2D67->9fa9a271-7bed-4435-b477-86c6ed0ece08@group-0E07FAD1B91E, cid=2278, SUCCESS, logIndex=3387, commits[9fa9a271-7bed-4435-b477-86c6ed0ece08:c3387, 06c1a879-4ae3-48dc-9686-b55cde066000:c3385, 67fae1a7-3cbe-4338-9d41-57e84498288b:c3383]
2019-07-10 10:27:35,495 INFO  client.GrpcClientProtocolClient (GrpcClientProtocolClient.java:onNext(255)) - client-821285EC2D67->9fa9a271-7bed-4435-b477-86c6ed0ece08: receive RaftClientReply:client-821285EC2D67->9fa9a271-7bed-4435-b477-86c6ed0ece08@group-0E07FAD1B91E, cid=2279, SUCCESS, logIndex=3388, commits[9fa9a271-7bed-4435-b477-86c6ed0ece08:c3391, 06c1a879-4ae3-48dc-9686-b55cde066000:c3387, 67fae1a7-3cbe-4338-9d41-57e84498288b:c3385]
2019-07-10 10:27:35,496 INFO  client.GrpcClientProtocolClient (GrpcClientProtocolClient.java:onNext(255)) - client-821285EC2D67->9fa9a271-7bed-4435-b477-86c6ed0ece08: receive RaftClientReply:client-821285EC2D67->9fa9a271-7bed-4435-b477-86c6ed0ece08@group-0E07FAD1B91E, cid=2280, SUCCESS, logIndex=3389, commits[9fa9a271-7bed-4435-b477-86c6ed0ece08:c3391, 06c1a879-4ae3-48dc-9686-b55cde066000:c3387, 67fae1a7-3cbe-4338-9d41-57e84498288b:c3387]
2019-07-10 10:27:35,507 INFO  client.GrpcClientProtocolClient (GrpcClientProtocolClient.java:onNext(255)) - client-821285EC2D67->9fa9a271-7bed-4435-b477-86c6ed0ece08: receive RaftClientReply:client-821285EC2D67->9fa9a271-7bed-4435-b477-86c6ed0ece08@group-0E07FAD1B91E, cid=2281, SUCCESS, logIndex=3394, commits[9fa9a271-7bed-4435-b477-86c6ed0ece08:c3395, 06c1a879-4ae3-48dc-9686-b55cde066000:c3389, 67fae1a7-3cbe-4338-9d41-57e84498288b:c3393]
2019-07-10 10:27:35,507 INFO  client.GrpcClientProtocolClient (GrpcClientProtocolClient.java:onNext(255)) - client-821285EC2D67->9fa9a271-7bed-4435-b477-86c6ed0ece08: receive RaftClientReply:client-821285EC2D67->9fa9a271-7bed-4435-b477-86c6ed0ece08@group-0E07FAD1B91E, cid=2282, SUCCESS, logIndex=3395, commits[9fa9a271-7bed-4435-b477-86c6ed0ece08:c3395, 06c1a879-4ae3-48dc-9686-b55cde066000:c3393, 67fae1a7-3cbe-4338-9d41-57e84498288b:c3393]
2019-07-10 10:27:35,530 INFO  client.GrpcClientProtocolClient (GrpcClientProtocolClient.java:onNext(255)) - client-821285EC2D67->9fa9a271-7bed-4435-b477-86c6ed0ece08: receive RaftClientReply:client-821285EC2D67->9fa9a271-7bed-4435-b477-86c6ed0ece08@group-0E07FAD1B91E, cid=2283, SUCCESS, logIndex=3398, commits[9fa9a271-7bed-4435-b477-86c6ed0ece08:c3399, 06c1a879-4ae3-48dc-9686-b55cde066000:c3397, 67fae1a7-3cbe-4338-9d41-57e84498288b:c3397]
2019-07-10 10:27:35,530 INFO  client.GrpcClientProtocolClient (GrpcClientProtocolClient.java:onNext(255)) - client-821285EC2D67->9fa9a271-7bed-4435-b477-86c6ed0ece08: receive RaftClientReply:client-821285EC2D67->9fa9a271-7bed-4435-b477-86c6ed0ece08@group-0E07FAD1B91E, cid=2284, SUCCESS, logIndex=3399, commits[9fa9a271-7bed-4435-b477-86c6ed0ece08:c3399, 06c1a879-4ae3-48dc-9686-b55cde066000:c3397, 67fae1a7-3cbe-4338-9d41-57e84498288b:c3397]
2019-07-10 10:27:35,543 INFO  client.GrpcClientProtocolClient (GrpcClientProtocolClient.java:onNext(255)) - client-821285EC2D67->9fa9a271-7bed-4435-b477-86c6ed0ece08: receive RaftClientReply:client-821285EC2D67->9fa9a271-7bed-4435-b477-86c6ed0ece08@group-0E07FAD1B91E, cid=2285, SUCCESS, logIndex=0, commits[9fa9a271-7bed-4435-b477-86c6ed0ece08:c3401, 06c1a879-4ae3-48dc-9686-b55cde066000:c3399, 67fae1a7-3cbe-4338-9d41-57e84498288b:c3399]
2019-07-10 10:27:35,573 INFO  client.GrpcClientProtocolClient (GrpcClientProtocolClient.java:onNext(255)) - client-821285EC2D67->9fa9a271-7bed-4435-b477-86c6ed0ece08: receive RaftClientReply:client-821285EC2D67->9fa9a271-7bed-4435-b477-86c6ed0ece08@group-0E07FAD1B91E, cid=2286, SUCCESS, logIndex=3402, commits[9fa9a271-7bed-4435-b477-86c6ed0ece08:c3404, 06c1a879-4ae3-48dc-9686-b55cde066000:c3401, 67fae1a7-3cbe-4338-9d41-57e84498288b:c3401]
2019-07-10 10:27:35,574 INFO  client.GrpcClientProtocolClient (GrpcClientProtocolClient.java:onNext(255)) - client-821285EC2D67->9fa9a271-7bed-4435-b477-86c6ed0ece08: receive RaftClientReply:client-821285EC2D67->9fa9a271-7bed-4435-b477-86c6ed0ece08@group-0E07FAD1B91E, cid=2287, SUCCESS, logIndex=3403, commits[9fa9a271-7bed-4435-b477-86c6ed0ece08:c3405, 06c1a879-4ae3-48dc-9686-b55cde066000:c3401, 67fae1a7-3cbe-4338-9d41-57e84498288b:c3401]
2019-07-10 10:27:35,575 INFO  client.GrpcClientProtocolClient (GrpcClientProtocolClient.java:onNext(255)) - client-821285EC2D67->9fa9a271-7bed-4435-b477-86c6ed0ece08: receive RaftClientReply:client-821285EC2D67->9fa9a271-7bed-4435-b477-86c6ed0ece08@group-0E07FAD1B91E, cid=2288, SUCCESS, logIndex=3404, commits[9fa9a271-7bed-4435-b477-86c6ed0ece08:c3405, 06c1a879-4ae3-48dc-9686-b55cde066000:c3401, 67fae1a7-3cbe-4338-9d41-57e84498288b:c3401]
2019-07-10 10:27:35,575 INFO  client.GrpcClientProtocolClient (GrpcClientProtocolClient.java:onNext(255)) - client-821285EC2D67->9fa9a271-7bed-4435-b477-86c6ed0ece08: receive RaftClientReply:client-821285EC2D67->9fa9a271-7bed-4435-b477-86c6ed0ece08@group-0E07FAD1B91E, cid=2289, SUCCESS, logIndex=3405, commits[9fa9a271-7bed-4435-b477-86c6ed0ece08:c3405, 06c1a879-4ae3-48dc-9686-b55cde066000:c3401, 67fae1a7-3cbe-4338-9d41-57e84498288b:c3401]
2019-07-10 10:27:35,584 INFO  client.GrpcClientProtocolClient (GrpcClientProtocolClient.java:onNext(255)) - client-821285EC2D67->9fa9a271-7bed-4435-b477-86c6ed0ece08: receive RaftClientReply:client-821285EC2D67->9fa9a271-7bed-4435-b477-86c6ed0ece08@group-0E07FAD1B91E, cid=2290, SUCCESS, logIndex=0, commits[9fa9a271-7bed-4435-b477-86c6ed0ece08:c3407, 06c1a879-4ae3-48dc-9686-b55cde066000:c3403, 67fae1a7-3cbe-4338-9d41-57e84498288b:c3403]
2019-07-10 10:27:35,604 INFO  client.GrpcClientProtocolClient (GrpcClientProtocolClient.java:onNext(255)) - client-821285EC2D67->9fa9a271-7bed-4435-b477-86c6ed0ece08: receive RaftClientReply:client-821285EC2D67->9fa9a271-7bed-4435-b477-86c6ed0ece08@group-0E07FAD1B91E, cid=2291, SUCCESS, logIndex=3410, commits[9fa9a271-7bed-4435-b477-86c6ed0ece08:c3411, 06c1a879-4ae3-48dc-9686-b55cde066000:c3409, 67fae1a7-3cbe-4338-9d41-57e84498288b:c3409]
2019-07-10 10:27:35,605 INFO  client.GrpcClientProtocolClient (GrpcClientProtocolClient.java:onNext(255)) - client-821285EC2D67->9fa9a271-7bed-4435-b477-86c6ed0ece08: receive RaftClientReply:client-821285EC2D67->9fa9a271-7bed-4435-b477-86c6ed0ece08@group-0E07FAD1B91E, cid=2292, SUCCESS, logIndex=3411, commits[9fa9a271-7bed-4435-b477-86c6ed0ece08:c3411, 06c1a879-4ae3-48dc-9686-b55cde066000:c3409, 67fae1a7-3cbe-4338-9d41-57e84498288b:c3409]
2019-07-10 10:27:35,619 INFO  client.GrpcClientProtocolClient (GrpcClientProtocolClient.java:onNext(255)) - client-821285EC2D67->9fa9a271-7bed-4435-b477-86c6ed0ece08: receive RaftClientReply:client-821285EC2D67->9fa9a271-7bed-4435-b477-86c6ed0ece08@group-0E07FAD1B91E, cid=2293, SUCCESS, logIndex=3414, commits[9fa9a271-7bed-4435-b477-86c6ed0ece08:c3415, 06c1a879-4ae3-48dc-9686-b55cde066000:c3411, 67fae1a7-3cbe-4338-9d41-57e84498288b:c3411]
2019-07-10 10:27:35,619 INFO  client.GrpcClientProtocolClient (GrpcClientProtocolClient.java:onNext(255)) - client-821285EC2D67->9fa9a271-7bed-4435-b477-86c6ed0ece08: receive RaftClientReply:client-821285EC2D67->9fa9a271-7bed-4435-b477-86c6ed0ece08@group-0E07FAD1B91E, cid=2294, SUCCESS, logIndex=3415, commits[9fa9a271-7bed-4435-b477-86c6ed0ece08:c3415, 06c1a879-4ae3-48dc-9686-b55cde066000:c3411, 67fae1a7-3cbe-4338-9d41-57e84498288b:c3411]
2019-07-10 10:27:35,622 INFO  client.GrpcClientProtocolClient (GrpcClientProtocolClient.java:onNext(255)) - client-821285EC2D67->9fa9a271-7bed-4435-b477-86c6ed0ece08: receive RaftClientReply:client-821285EC2D67->9fa9a271-7bed-4435-b477-86c6ed0ece08@group-0E07FAD1B91E, cid=2295, SUCCESS, logIndex=0, commits[9fa9a271-7bed-4435-b477-86c6ed0ece08:c3416, 06c1a879-4ae3-48dc-9686-b55cde066000:c3415, 67fae1a7-3cbe-4338-9d41-57e84498288b:c3415]
2019-07-10 10:27:35,651 INFO  client.GrpcClientProtocolClient (GrpcClientProtocolClient.java:onNext(255)) - client-821285EC2D67->9fa9a271-7bed-4435-b477-86c6ed0ece08: receive RaftClientReply:client-821285EC2D67->9fa9a271-7bed-4435-b477-86c6ed0ece08@group-0E07FAD1B91E, cid=2296, SUCCESS, logIndex=3418, commits[9fa9a271-7bed-4435-b477-86c6ed0ece08:c3419, 06c1a879-4ae3-48dc-9686-b55cde066000:c3417, 67fae1a7-3cbe-4338-9d41-57e84498288b:c3415]
2019-07-10 10:27:35,652 INFO  client.GrpcClientProtocolClient (GrpcClientProtocolClient.java:onNext(255)) - client-821285EC2D67->9fa9a271-7bed-4435-b477-86c6ed0ece08: receive RaftClientReply:client-821285EC2D67->9fa9a271-7bed-4435-b477-86c6ed0ece08@group-0E07FAD1B91E, cid=2297, SUCCESS, logIndex=3419, commits[9fa9a271-7bed-4435-b477-86c6ed0ece08:c3421, 06c1a879-4ae3-48dc-9686-b55cde066000:c3417, 67fae1a7-3cbe-4338-9d41-57e84498288b:c3417]
2019-07-10 10:27:35,652 INFO  client.GrpcClientProtocolClient (GrpcClientProtocolClient.java:onNext(255)) - client-821285EC2D67->9fa9a271-7bed-4435-b477-86c6ed0ece08: receive RaftClientReply:client-821285EC2D67->9fa9a271-7bed-4435-b477-86c6ed0ece08@group-0E07FAD1B91E, cid=2298, SUCCESS, logIndex=3420, commits[9fa9a271-7bed-4435-b477-86c6ed0ece08:c3421, 06c1a879-4ae3-48dc-9686-b55cde066000:c3417, 67fae1a7-3cbe-4338-9d41-57e84498288b:c3417]
2019-07-10 10:27:35,652 INFO  client.GrpcClientProtocolClient (GrpcClientProtocolClient.java:onNext(255)) - client-821285EC2D67->9fa9a271-7bed-4435-b477-86c6ed0ece08: receive RaftClientReply:client-821285EC2D67->9fa9a271-7bed-4435-b477-86c6ed0ece08@group-0E07FAD1B91E, cid=2299, SUCCESS, logIndex=3421, commits[9fa9a271-7bed-4435-b477-86c6ed0ece08:c3421, 06c1a879-4ae3-48dc-9686-b55cde066000:c3417, 67fae1a7-3cbe-4338-9d41-57e84498288b:c3417]
2019-07-10 10:27:35,654 INFO  client.GrpcClientProtocolClient (GrpcClientProtocolClient.java:onNext(255)) - client-821285EC2D67->9fa9a271-7bed-4435-b477-86c6ed0ece08: receive RaftClientReply:client-821285EC2D67->9fa9a271-7bed-4435-b477-86c6ed0ece08@group-0E07FAD1B91E, cid=2300, SUCCESS, logIndex=0, commits[9fa9a271-7bed-4435-b477-86c6ed0ece08:c3422, 06c1a879-4ae3-48dc-9686-b55cde066000:c3419, 67fae1a7-3cbe-4338-9d41-57e84498288b:c3419]
2019-07-10 10:27:35,772 INFO  client.GrpcClientProtocolClient (GrpcClientProtocolClient.java:onNext(255)) - client-821285EC2D67->9fa9a271-7bed-4435-b477-86c6ed0ece08: receive RaftClientReply:client-821285EC2D67->9fa9a271-7bed-4435-b477-86c6ed0ece08@group-0E07FAD1B91E, cid=2301, SUCCESS, logIndex=3426, commits[9fa9a271-7bed-4435-b477-86c6ed0ece08:c3427, 06c1a879-4ae3-48dc-9686-b55cde066000:c3425, 67fae1a7-3cbe-4338-9d41-57e84498288b:c3425]
2019-07-10 10:27:35,773 INFO  client.GrpcClientProtocolClient (GrpcClientProtocolClient.java:onNext(255)) - client-821285EC2D67->9fa9a271-7bed-4435-b477-86c6ed0ece08: receive RaftClientReply:client-821285EC2D67->9fa9a271-7bed-4435-b477-86c6ed0ece08@group-0E07FAD1B91E, cid=2302, SUCCESS, logIndex=3427, commits[9fa9a271-7bed-4435-b477-86c6ed0ece08:c3427, 06c1a879-4ae3-48dc-9686-b55cde066000:c3425, 67fae1a7-3cbe-4338-9d41-57e84498288b:c3425]
2019-07-10 10:27:35,798 INFO  client.GrpcClientProtocolClient (GrpcClientProtocolClient.java:onNext(255)) - client-821285EC2D67->9fa9a271-7bed-4435-b477-86c6ed0ece08: receive RaftClientReply:client-821285EC2D67->9fa9a271-7bed-4435-b477-86c6ed0ece08@group-0E07FAD1B91E, cid=2303, SUCCESS, logIndex=3430, commits[9fa9a271-7bed-4435-b477-86c6ed0ece08:c3431, 06c1a879-4ae3-48dc-9686-b55cde066000:c3428, 67fae1a7-3cbe-4338-9d41-57e84498288b:c3427]
2019-07-10 10:27:35,798 INFO  client.GrpcClientProtocolClient (GrpcClientProtocolClient.java:onNext(255)) - client-821285EC2D67->9fa9a271-7bed-4435-b477-86c6ed0ece08: receive RaftClientReply:client-821285EC2D67->9fa9a271-7bed-4435-b477-86c6ed0ece08@group-0E07FAD1B91E, cid=2304, SUCCESS, logIndex=3431, commits[9fa9a271-7bed-4435-b477-86c6ed0ece08:c3431, 06c1a879-4ae3-48dc-9686-b55cde066000:c3428, 67fae1a7-3cbe-4338-9d41-57e84498288b:c3428]
2019-07-10 10:27:35,800 INFO  client.GrpcClientProtocolClient (GrpcClientProtocolClient.java:onNext(255)) - client-821285EC2D67->9fa9a271-7bed-4435-b477-86c6ed0ece08: receive RaftClientReply:client-821285EC2D67->9fa9a271-7bed-4435-b477-86c6ed0ece08@group-0E07FAD1B91E, cid=2305, SUCCESS, logIndex=0, commits[9fa9a271-7bed-4435-b477-86c6ed0ece08:c3433, 06c1a879-4ae3-48dc-9686-b55cde066000:c3431, 67fae1a7-3cbe-4338-9d41-57e84498288b:c3431]
2019-07-10 10:27:35,831 INFO  client.GrpcClientProtocolClient (GrpcClientProtocolClient.java:onNext(255)) - client-821285EC2D67->9fa9a271-7bed-4435-b477-86c6ed0ece08: receive RaftClientReply:client-821285EC2D67->9fa9a271-7bed-4435-b477-86c6ed0ece08@group-0E07FAD1B91E, cid=2306, SUCCESS, logIndex=3434, commits[9fa9a271-7bed-4435-b477-86c6ed0ece08:c3436, 06c1a879-4ae3-48dc-9686-b55cde066000:c3433, 67fae1a7-3cbe-4338-9d41-57e84498288b:c3433]
2019-07-10 10:27:35,832 INFO  client.GrpcClientProtocolClient (GrpcClientProtocolClient.java:onNext(255)) - client-821285EC2D67->9fa9a271-7bed-4435-b477-86c6ed0ece08: receive RaftClientReply:client-821285EC2D67->9fa9a271-7bed-4435-b477-86c6ed0ece08@group-0E07FAD1B91E, cid=2307, SUCCESS, logIndex=3435, commits[9fa9a271-7bed-4435-b477-86c6ed0ece08:c3437, 06c1a879-4ae3-48dc-9686-b55cde066000:c3433, 67fae1a7-3cbe-4338-9d41-57e84498288b:c3433]
2019-07-10 10:27:35,832 INFO  client.GrpcClientProtocolClient (GrpcClientProtocolClient.java:onNext(255)) - client-821285EC2D67->9fa9a271-7bed-4435-b477-86c6ed0ece08: receive RaftClientReply:client-821285EC2D67->9fa9a271-7bed-4435-b477-86c6ed0ece08@group-0E07FAD1B91E, cid=2308, SUCCESS, logIndex=3436, commits[9fa9a271-7bed-4435-b477-86c6ed0ece08:c3437, 06c1a879-4ae3-48dc-9686-b55cde066000:c3433, 67fae1a7-3cbe-4338-9d41-57e84498288b:c3433]
2019-07-10 10:27:35,832 INFO  client.GrpcClientProtocolClient (GrpcClientProtocolClient.java:onNext(255)) - client-821285EC2D67->9fa9a271-7bed-4435-b477-86c6ed0ece08: receive RaftClientReply:client-821285EC2D67->9fa9a271-7bed-4435-b477-86c6ed0ece08@group-0E07FAD1B91E, cid=2309, SUCCESS, logIndex=3437, commits[9fa9a271-7bed-4435-b477-86c6ed0ece08:c3438, 06c1a879-4ae3-48dc-9686-b55cde066000:c3433, 67fae1a7-3cbe-4338-9d41-57e84498288b:c3434]
2019-07-10 10:27:35,835 INFO  client.GrpcClientProtocolClient (GrpcClientProtocolClient.java:onNext(255)) - client-821285EC2D67->9fa9a271-7bed-4435-b477-86c6ed0ece08: receive RaftClientReply:client-821285EC2D67->9fa9a271-7bed-4435-b477-86c6ed0ece08@group-0E07FAD1B91E, cid=2310, SUCCESS, logIndex=0, commits[9fa9a271-7bed-4435-b477-86c6ed0ece08:c3439, 06c1a879-4ae3-48dc-9686-b55cde066000:c3435, 67fae1a7-3cbe-4338-9d41-57e84498288b:c3435]
2019-07-10 10:27:35,856 INFO  client.GrpcClientProtocolClient (GrpcClientProtocolClient.java:onNext(255)) - client-821285EC2D67->9fa9a271-7bed-4435-b477-86c6ed0ece08: receive RaftClientReply:client-821285EC2D67->9fa9a271-7bed-4435-b477-86c6ed0ece08@group-0E07FAD1B91E, cid=2311, SUCCESS, logIndex=3442, commits[9fa9a271-7bed-4435-b477-86c6ed0ece08:c3443, 06c1a879-4ae3-48dc-9686-b55cde066000:c3441, 67fae1a7-3cbe-4338-9d41-57e84498288b:c3441]
2019-07-10 10:27:35,857 INFO  client.GrpcClientProtocolClient (GrpcClientProtocolClient.java:onNext(255)) - client-821285EC2D67->9fa9a271-7bed-4435-b477-86c6ed0ece08: receive RaftClientReply:client-821285EC2D67->9fa9a271-7bed-4435-b477-86c6ed0ece08@group-0E07FAD1B91E, cid=2312, SUCCESS, logIndex=3443, commits[9fa9a271-7bed-4435-b477-86c6ed0ece08:c3443, 06c1a879-4ae3-48dc-9686-b55cde066000:c3441, 67fae1a7-3cbe-4338-9d41-57e84498288b:c3441]
2019-07-10 10:27:35,897 INFO  client.GrpcClientProtocolClient (GrpcClientProtocolClient.java:onNext(255)) - client-821285EC2D67->9fa9a271-7bed-4435-b477-86c6ed0ece08: receive RaftClientReply:client-821285EC2D67->9fa9a271-7bed-4435-b477-86c6ed0ece08@group-0E07FAD1B91E, cid=2313, SUCCESS, logIndex=3446, commits[9fa9a271-7bed-4435-b477-86c6ed0ece08:c3447, 06c1a879-4ae3-48dc-9686-b55cde066000:c3443, 67fae1a7-3cbe-4338-9d41-57e84498288b:c3443]
2019-07-10 10:27:35,898 INFO  client.GrpcClientProtocolClient (GrpcClientProtocolClient.java:onNext(255)) - client-821285EC2D67->9fa9a271-7bed-4435-b477-86c6ed0ece08: receive RaftClientReply:client-821285EC2D67->9fa9a271-7bed-4435-b477-86c6ed0ece08@group-0E07FAD1B91E, cid=2314, SUCCESS, logIndex=3447, commits[9fa9a271-7bed-4435-b477-86c6ed0ece08:c3447, 06c1a879-4ae3-48dc-9686-b55cde066000:c3443, 67fae1a7-3cbe-4338-9d41-57e84498288b:c3443]
2019-07-10 10:27:35,910 INFO  client.GrpcClientProtocolClient (GrpcClientProtocolClient.java:onNext(255)) - client-821285EC2D67->9fa9a271-7bed-4435-b477-86c6ed0ece08: receive RaftClientReply:client-821285EC2D67->9fa9a271-7bed-4435-b477-86c6ed0ece08@group-0E07FAD1B91E, cid=2315, SUCCESS, logIndex=0, commits[9fa9a271-7bed-4435-b477-86c6ed0ece08:c3449, 06c1a879-4ae3-48dc-9686-b55cde066000:c3447, 67fae1a7-3cbe-4338-9d41-57e84498288b:c3447]
2019-07-10 10:27:35,941 INFO  client.GrpcClientProtocolClient (GrpcClientProtocolClient.java:onNext(255)) - client-821285EC2D67->9fa9a271-7bed-4435-b477-86c6ed0ece08: receive RaftClientReply:client-821285EC2D67->9fa9a271-7bed-4435-b477-86c6ed0ece08@group-0E07FAD1B91E, cid=2316, SUCCESS, logIndex=3450, commits[9fa9a271-7bed-4435-b477-86c6ed0ece08:c3451, 06c1a879-4ae3-48dc-9686-b55cde066000:c3449, 67fae1a7-3cbe-4338-9d41-57e84498288b:c3449]
2019-07-10 10:27:35,942 INFO  client.GrpcClientProtocolClient (GrpcClientProtocolClient.java:onNext(255)) - client-821285EC2D67->9fa9a271-7bed-4435-b477-86c6ed0ece08: receive RaftClientReply:client-821285EC2D67->9fa9a271-7bed-4435-b477-86c6ed0ece08@group-0E07FAD1B91E, cid=2317, SUCCESS, logIndex=3451, commits[9fa9a271-7bed-4435-b477-86c6ed0ece08:c3451, 06c1a879-4ae3-48dc-9686-b55cde066000:c3449, 67fae1a7-3cbe-4338-9d41-57e84498288b:c3449]
2019-07-10 10:27:35,943 INFO  client.GrpcClientProtocolClient (GrpcClientProtocolClient.java:onNext(255)) - client-821285EC2D67->9fa9a271-7bed-4435-b477-86c6ed0ece08: receive RaftClientReply:client-821285EC2D67->9fa9a271-7bed-4435-b477-86c6ed0ece08@group-0E07FAD1B91E, cid=2318, SUCCESS, logIndex=3452, commits[9fa9a271-7bed-4435-b477-86c6ed0ece08:c3453, 06c1a879-4ae3-48dc-9686-b55cde066000:c3449, 67fae1a7-3cbe-4338-9d41-57e84498288b:c3449]
2019-07-10 10:27:35,943 INFO  client.GrpcClientProtocolClient (GrpcClientProtocolClient.java:onNext(255)) - client-821285EC2D67->9fa9a271-7bed-4435-b477-86c6ed0ece08: receive RaftClientReply:client-821285EC2D67->9fa9a271-7bed-4435-b477-86c6ed0ece08@group-0E07FAD1B91E, cid=2319, SUCCESS, logIndex=3453, commits[9fa9a271-7bed-4435-b477-86c6ed0ece08:c3453, 06c1a879-4ae3-48dc-9686-b55cde066000:c3449, 67fae1a7-3cbe-4338-9d41-57e84498288b:c3449]
2019-07-10 10:27:35,945 INFO  client.GrpcClientProtocolClient (GrpcClientProtocolClient.java:onNext(255)) - client-821285EC2D67->9fa9a271-7bed-4435-b477-86c6ed0ece08: receive RaftClientReply:client-821285EC2D67->9fa9a271-7bed-4435-b477-86c6ed0ece08@group-0E07FAD1B91E, cid=2320, SUCCESS, logIndex=0, commits[9fa9a271-7bed-4435-b477-86c6ed0ece08:c3457, 06c1a879-4ae3-48dc-9686-b55cde066000:c3451, 67fae1a7-3cbe-4338-9d41-57e84498288b:c3453]
2019-07-10 10:27:35,966 INFO  client.GrpcClientProtocolClient (GrpcClientProtocolClient.java:onNext(255)) - client-821285EC2D67->9fa9a271-7bed-4435-b477-86c6ed0ece08: receive RaftClientReply:client-821285EC2D67->9fa9a271-7bed-4435-b477-86c6ed0ece08@group-0E07FAD1B91E, cid=2321, SUCCESS, logIndex=3458, commits[9fa9a271-7bed-4435-b477-86c6ed0ece08:c3459, 06c1a879-4ae3-48dc-9686-b55cde066000:c3457, 67fae1a7-3cbe-4338-9d41-57e84498288b:c3457]
2019-07-10 10:27:35,966 INFO  client.GrpcClientProtocolClient (GrpcClientProtocolClient.java:onNext(255)) - client-821285EC2D67->9fa9a271-7bed-4435-b477-86c6ed0ece08: receive RaftClientReply:client-821285EC2D67->9fa9a271-7bed-4435-b477-86c6ed0ece08@group-0E07FAD1B91E, cid=2322, SUCCESS, logIndex=3459, commits[9fa9a271-7bed-4435-b477-86c6ed0ece08:c3459, 06c1a879-4ae3-48dc-9686-b55cde066000:c3457, 67fae1a7-3cbe-4338-9d41-57e84498288b:c3457]
2019-07-10 10:27:35,979 INFO  client.GrpcClientProtocolClient (GrpcClientProtocolClient.java:onNext(255)) - client-821285EC2D67->9fa9a271-7bed-4435-b477-86c6ed0ece08: receive RaftClientReply:client-821285EC2D67->9fa9a271-7bed-4435-b477-86c6ed0ece08@group-0E07FAD1B91E, cid=2323, SUCCESS, logIndex=3462, commits[9fa9a271-7bed-4435-b477-86c6ed0ece08:c3463, 06c1a879-4ae3-48dc-9686-b55cde066000:c3459, 67fae1a7-3cbe-4338-9d41-57e84498288b:c3459]
2019-07-10 10:27:35,979 INFO  client.GrpcClientProtocolClient (GrpcClientProtocolClient.java:onNext(255)) - client-821285EC2D67->9fa9a271-7bed-4435-b477-86c6ed0ece08: receive RaftClientReply:client-821285EC2D67->9fa9a271-7bed-4435-b477-86c6ed0ece08@group-0E07FAD1B91E, cid=2324, SUCCESS, logIndex=3463, commits[9fa9a271-7bed-4435-b477-86c6ed0ece08:c3463, 06c1a879-4ae3-48dc-9686-b55cde066000:c3459, 67fae1a7-3cbe-4338-9d41-57e84498288b:c3459]
2019-07-10 10:27:35,990 INFO  client.GrpcClientProtocolClient (GrpcClientProtocolClient.java:onNext(255)) - client-821285EC2D67->9fa9a271-7bed-4435-b477-86c6ed0ece08: receive RaftClientReply:client-821285EC2D67->9fa9a271-7bed-4435-b477-86c6ed0ece08@group-0E07FAD1B91E, cid=2325, SUCCESS, logIndex=0, commits[9fa9a271-7bed-4435-b477-86c6ed0ece08:c3464, 06c1a879-4ae3-48dc-9686-b55cde066000:c3463, 67fae1a7-3cbe-4338-9d41-57e84498288b:c3463]
2019-07-10 10:27:36,017 INFO  client.GrpcClientProtocolClient (GrpcClientProtocolClient.java:onNext(255)) - client-821285EC2D67->9fa9a271-7bed-4435-b477-86c6ed0ece08: receive RaftClientReply:client-821285EC2D67->9fa9a271-7bed-4435-b477-86c6ed0ece08@group-0E07FAD1B91E, cid=2326, SUCCESS, logIndex=3466, commits[9fa9a271-7bed-4435-b477-86c6ed0ece08:c3467, 06c1a879-4ae3-48dc-9686-b55cde066000:c3465, 67fae1a7-3cbe-4338-9d41-57e84498288b:c3465]
2019-07-10 10:27:36,018 INFO  client.GrpcClientProtocolClient (GrpcClientProtocolClient.java:onNext(255)) - client-821285EC2D67->9fa9a271-7bed-4435-b477-86c6ed0ece08: receive RaftClientReply:client-821285EC2D67->9fa9a271-7bed-4435-b477-86c6ed0ece08@group-0E07FAD1B91E, cid=2327, SUCCESS, logIndex=3467, commits[9fa9a271-7bed-4435-b477-86c6ed0ece08:c3469, 06c1a879-4ae3-48dc-9686-b55cde066000:c3465, 67fae1a7-3cbe-4338-9d41-57e84498288b:c3465]
2019-07-10 10:27:36,018 INFO  client.GrpcClientProtocolClient (GrpcClientProtocolClient.java:onNext(255)) - client-821285EC2D67->9fa9a271-7bed-4435-b477-86c6ed0ece08: receive RaftClientReply:client-821285EC2D67->9fa9a271-7bed-4435-b477-86c6ed0ece08@group-0E07FAD1B91E, cid=2328, SUCCESS, logIndex=3468, commits[9fa9a271-7bed-4435-b477-86c6ed0ece08:c3469, 06c1a879-4ae3-48dc-9686-b55cde066000:c3465, 67fae1a7-3cbe-4338-9d41-57e84498288b:c3465]
2019-07-10 10:27:36,018 INFO  client.GrpcClientProtocolClient (GrpcClientProtocolClient.java:onNext(255)) - client-821285EC2D67->9fa9a271-7bed-4435-b477-86c6ed0ece08: receive RaftClientReply:client-821285EC2D67->9fa9a271-7bed-4435-b477-86c6ed0ece08@group-0E07FAD1B91E, cid=2329, SUCCESS, logIndex=3469, commits[9fa9a271-7bed-4435-b477-86c6ed0ece08:c3469, 06c1a879-4ae3-48dc-9686-b55cde066000:c3465, 67fae1a7-3cbe-4338-9d41-57e84498288b:c3465]
2019-07-10 10:27:36,032 INFO  client.GrpcClientProtocolClient (GrpcClientProtocolClient.java:onNext(255)) - client-821285EC2D67->9fa9a271-7bed-4435-b477-86c6ed0ece08: receive RaftClientReply:client-821285EC2D67->9fa9a271-7bed-4435-b477-86c6ed0ece08@group-0E07FAD1B91E, cid=2330, SUCCESS, logIndex=0, commits[9fa9a271-7bed-4435-b477-86c6ed0ece08:c3471, 06c1a879-4ae3-48dc-9686-b55cde066000:c3467, 67fae1a7-3cbe-4338-9d41-57e84498288b:c3467]
2019-07-10 10:27:36,057 INFO  client.GrpcClientProtocolClient (GrpcClientProtocolClient.java:onNext(255)) - client-821285EC2D67->9fa9a271-7bed-4435-b477-86c6ed0ece08: receive RaftClientReply:client-821285EC2D67->9fa9a271-7bed-4435-b477-86c6ed0ece08@group-0E07FAD1B91E, cid=2331, SUCCESS, logIndex=3474, commits[9fa9a271-7bed-4435-b477-86c6ed0ece08:c3475, 06c1a879-4ae3-48dc-9686-b55cde066000:c3473, 67fae1a7-3cbe-4338-9d41-57e84498288b:c3469]
2019-07-10 10:27:36,057 INFO  client.GrpcClientProtocolClient (GrpcClientProtocolClient.java:onNext(255)) - client-821285EC2D67->9fa9a271-7bed-4435-b477-86c6ed0ece08: receive RaftClientReply:client-821285EC2D67->9fa9a271-7bed-4435-b477-86c6ed0ece08@group-0E07FAD1B91E, cid=2332, SUCCESS, logIndex=3475, commits[9fa9a271-7bed-4435-b477-86c6ed0ece08:c3475, 06c1a879-4ae3-48dc-9686-b55cde066000:c3473, 67fae1a7-3cbe-4338-9d41-57e84498288b:c3473]
2019-07-10 10:27:36,075 INFO  client.GrpcClientProtocolClient (GrpcClientProtocolClient.java:onNext(255)) - client-821285EC2D67->9fa9a271-7bed-4435-b477-86c6ed0ece08: receive RaftClientReply:client-821285EC2D67->9fa9a271-7bed-4435-b477-86c6ed0ece08@group-0E07FAD1B91E, cid=2333, SUCCESS, logIndex=3478, commits[9fa9a271-7bed-4435-b477-86c6ed0ece08:c3479, 06c1a879-4ae3-48dc-9686-b55cde066000:c3477, 67fae1a7-3cbe-4338-9d41-57e84498288b:c3477]
2019-07-10 10:27:36,075 INFO  client.GrpcClientProtocolClient (GrpcClientProtocolClient.java:onNext(255)) - client-821285EC2D67->9fa9a271-7bed-4435-b477-86c6ed0ece08: receive RaftClientReply:client-821285EC2D67->9fa9a271-7bed-4435-b477-86c6ed0ece08@group-0E07FAD1B91E, cid=2334, SUCCESS, logIndex=3479, commits[9fa9a271-7bed-4435-b477-86c6ed0ece08:c3479, 06c1a879-4ae3-48dc-9686-b55cde066000:c3477, 67fae1a7-3cbe-4338-9d41-57e84498288b:c3477]
2019-07-10 10:27:36,085 INFO  client.GrpcClientProtocolClient (GrpcClientProtocolClient.java:onNext(255)) - client-821285EC2D67->9fa9a271-7bed-4435-b477-86c6ed0ece08: receive RaftClientReply:client-821285EC2D67->9fa9a271-7bed-4435-b477-86c6ed0ece08@group-0E07FAD1B91E, cid=2335, SUCCESS, logIndex=0, commits[9fa9a271-7bed-4435-b477-86c6ed0ece08:c3480, 06c1a879-4ae3-48dc-9686-b55cde066000:c3479, 67fae1a7-3cbe-4338-9d41-57e84498288b:c3479]
2019-07-10 10:27:36,120 INFO  client.GrpcClientProtocolClient (GrpcClientProtocolClient.java:onNext(255)) - client-821285EC2D67->9fa9a271-7bed-4435-b477-86c6ed0ece08: receive RaftClientReply:client-821285EC2D67->9fa9a271-7bed-4435-b477-86c6ed0ece08@group-0E07FAD1B91E, cid=2336, SUCCESS, logIndex=3482, commits[9fa9a271-7bed-4435-b477-86c6ed0ece08:c3482, 06c1a879-4ae3-48dc-9686-b55cde066000:c3481, 67fae1a7-3cbe-4338-9d41-57e84498288b:c3481]
2019-07-10 10:27:36,120 INFO  client.GrpcClientProtocolClient (GrpcClientProtocolClient.java:onNext(255)) - client-821285EC2D67->9fa9a271-7bed-4435-b477-86c6ed0ece08: receive RaftClientReply:client-821285EC2D67->9fa9a271-7bed-4435-b477-86c6ed0ece08@group-0E07FAD1B91E, cid=2337, SUCCESS, logIndex=3483, commits[9fa9a271-7bed-4435-b477-86c6ed0ece08:c3485, 06c1a879-4ae3-48dc-9686-b55cde066000:c3481, 67fae1a7-3cbe-4338-9d41-57e84498288b:c3481]
2019-07-10 10:27:36,120 INFO  client.GrpcClientProtocolClient (GrpcClientProtocolClient.java:onNext(255)) - client-821285EC2D67->9fa9a271-7bed-4435-b477-86c6ed0ece08: receive RaftClientReply:client-821285EC2D67->9fa9a271-7bed-4435-b477-86c6ed0ece08@group-0E07FAD1B91E, cid=2338, SUCCESS, logIndex=3484, commits[9fa9a271-7bed-4435-b477-86c6ed0ece08:c3485, 06c1a879-4ae3-48dc-9686-b55cde066000:c3481, 67fae1a7-3cbe-4338-9d41-57e84498288b:c3481]
2019-07-10 10:27:36,120 INFO  client.GrpcClientProtocolClient (GrpcClientProtocolClient.java:onNext(255)) - client-821285EC2D67->9fa9a271-7bed-4435-b477-86c6ed0ece08: receive RaftClientReply:client-821285EC2D67->9fa9a271-7bed-4435-b477-86c6ed0ece08@group-0E07FAD1B91E, cid=2339, SUCCESS, logIndex=3485, commits[9fa9a271-7bed-4435-b477-86c6ed0ece08:c3485, 06c1a879-4ae3-48dc-9686-b55cde066000:c3481, 67fae1a7-3cbe-4338-9d41-57e84498288b:c3481]
2019-07-10 10:27:36,133 INFO  client.GrpcClientProtocolClient (GrpcClientProtocolClient.java:onNext(255)) - client-821285EC2D67->9fa9a271-7bed-4435-b477-86c6ed0ece08: receive RaftClientReply:client-821285EC2D67->9fa9a271-7bed-4435-b477-86c6ed0ece08@group-0E07FAD1B91E, cid=2340, SUCCESS, logIndex=0, commits[9fa9a271-7bed-4435-b477-86c6ed0ece08:c3487, 06c1a879-4ae3-48dc-9686-b55cde066000:c3483, 67fae1a7-3cbe-4338-9d41-57e84498288b:c3483]
2019-07-10 10:27:36,152 INFO  client.GrpcClientProtocolClient (GrpcClientProtocolClient.java:onNext(255)) - client-821285EC2D67->9fa9a271-7bed-4435-b477-86c6ed0ece08: receive RaftClientReply:client-821285EC2D67->9fa9a271-7bed-4435-b477-86c6ed0ece08@group-0E07FAD1B91E, cid=2341, SUCCESS, logIndex=3490, commits[9fa9a271-7bed-4435-b477-86c6ed0ece08:c3491, 06c1a879-4ae3-48dc-9686-b55cde066000:c3489, 67fae1a7-3cbe-4338-9d41-57e84498288b:c3485]
2019-07-10 10:27:36,152 INFO  client.GrpcClientProtocolClient (GrpcClientProtocolClient.java:onNext(255)) - client-821285EC2D67->9fa9a271-7bed-4435-b477-86c6ed0ece08: receive RaftClientReply:client-821285EC2D67->9fa9a271-7bed-4435-b477-86c6ed0ece08@group-0E07FAD1B91E, cid=2342, SUCCESS, logIndex=3491, commits[9fa9a271-7bed-4435-b477-86c6ed0ece08:c3491, 06c1a879-4ae3-48dc-9686-b55cde066000:c3489, 67fae1a7-3cbe-4338-9d41-57e84498288b:c3485]
2019-07-10 10:27:36,170 INFO  client.GrpcClientProtocolClient (GrpcClientProtocolClient.java:onNext(255)) - client-821285EC2D67->9fa9a271-7bed-4435-b477-86c6ed0ece08: receive RaftClientReply:client-821285EC2D67->9fa9a271-7bed-4435-b477-86c6ed0ece08@group-0E07FAD1B91E, cid=2343, SUCCESS, logIndex=3494, commits[9fa9a271-7bed-4435-b477-86c6ed0ece08:c3494, 06c1a879-4ae3-48dc-9686-b55cde066000:c3493, 67fae1a7-3cbe-4338-9d41-57e84498288b:c3493]
2019-07-10 10:27:36,171 INFO  client.GrpcClientProtocolClient (GrpcClientProtocolClient.java:onNext(255)) - client-821285EC2D67->9fa9a271-7bed-4435-b477-86c6ed0ece08: receive RaftClientReply:client-821285EC2D67->9fa9a271-7bed-4435-b477-86c6ed0ece08@group-0E07FAD1B91E, cid=2344, SUCCESS, logIndex=3495, commits[9fa9a271-7bed-4435-b477-86c6ed0ece08:c3495, 06c1a879-4ae3-48dc-9686-b55cde066000:c3493, 67fae1a7-3cbe-4338-9d41-57e84498288b:c3493]
2019-07-10 10:27:36,182 INFO  client.GrpcClientProtocolClient (GrpcClientProtocolClient.java:onNext(255)) - client-821285EC2D67->9fa9a271-7bed-4435-b477-86c6ed0ece08: receive RaftClientReply:client-821285EC2D67->9fa9a271-7bed-4435-b477-86c6ed0ece08@group-0E07FAD1B91E, cid=2345, SUCCESS, logIndex=0, commits[9fa9a271-7bed-4435-b477-86c6ed0ece08:c3497, 06c1a879-4ae3-48dc-9686-b55cde066000:c3495, 67fae1a7-3cbe-4338-9d41-57e84498288b:c3495]
2019-07-10 10:27:36,209 INFO  client.GrpcClientProtocolClient (GrpcClientProtocolClient.java:onNext(255)) - client-821285EC2D67->9fa9a271-7bed-4435-b477-86c6ed0ece08: receive RaftClientReply:client-821285EC2D67->9fa9a271-7bed-4435-b477-86c6ed0ece08@group-0E07FAD1B91E, cid=2346, SUCCESS, logIndex=3498, commits[9fa9a271-7bed-4435-b477-86c6ed0ece08:c3499, 06c1a879-4ae3-48dc-9686-b55cde066000:c3497, 67fae1a7-3cbe-4338-9d41-57e84498288b:c3497]
2019-07-10 10:27:36,209 INFO  client.GrpcClientProtocolClient (GrpcClientProtocolClient.java:onNext(255)) - client-821285EC2D67->9fa9a271-7bed-4435-b477-86c6ed0ece08: receive RaftClientReply:client-821285EC2D67->9fa9a271-7bed-4435-b477-86c6ed0ece08@group-0E07FAD1B91E, cid=2347, SUCCESS, logIndex=3499, commits[9fa9a271-7bed-4435-b477-86c6ed0ece08:c3499, 06c1a879-4ae3-48dc-9686-b55cde066000:c3497, 67fae1a7-3cbe-4338-9d41-57e84498288b:c3497]
2019-07-10 10:27:36,218 INFO  client.GrpcClientProtocolClient (GrpcClientProtocolClient.java:onNext(255)) - client-821285EC2D67->9fa9a271-7bed-4435-b477-86c6ed0ece08: receive RaftClientReply:client-821285EC2D67->9fa9a271-7bed-4435-b477-86c6ed0ece08@group-0E07FAD1B91E, cid=2348, SUCCESS, logIndex=3500, commits[9fa9a271-7bed-4435-b477-86c6ed0ece08:c3501, 06c1a879-4ae3-48dc-9686-b55cde066000:c3497, 67fae1a7-3cbe-4338-9d41-57e84498288b:c3497]
2019-07-10 10:27:36,219 INFO  client.GrpcClientProtocolClient (GrpcClientProtocolClient.java:onNext(255)) - client-821285EC2D67->9fa9a271-7bed-4435-b477-86c6ed0ece08: receive RaftClientReply:client-821285EC2D67->9fa9a271-7bed-4435-b477-86c6ed0ece08@group-0E07FAD1B91E, cid=2349, SUCCESS, logIndex=3501, commits[9fa9a271-7bed-4435-b477-86c6ed0ece08:c3501, 06c1a879-4ae3-48dc-9686-b55cde066000:c3497, 67fae1a7-3cbe-4338-9d41-57e84498288b:c3497]
2019-07-10 10:27:36,220 INFO  client.GrpcClientProtocolClient (GrpcClientProtocolClient.java:onNext(255)) - client-821285EC2D67->9fa9a271-7bed-4435-b477-86c6ed0ece08: receive RaftClientReply:client-821285EC2D67->9fa9a271-7bed-4435-b477-86c6ed0ece08@group-0E07FAD1B91E, cid=2350, SUCCESS, logIndex=0, commits[9fa9a271-7bed-4435-b477-86c6ed0ece08:c3503, 06c1a879-4ae3-48dc-9686-b55cde066000:c3499, 67fae1a7-3cbe-4338-9d41-57e84498288b:c3499]
2019-07-10 10:27:36,232 INFO  client.GrpcClientProtocolClient (GrpcClientProtocolClient.java:onNext(255)) - client-821285EC2D67->9fa9a271-7bed-4435-b477-86c6ed0ece08: receive RaftClientReply:client-821285EC2D67->9fa9a271-7bed-4435-b477-86c6ed0ece08@group-0E07FAD1B91E, cid=2351, SUCCESS, logIndex=3506, commits[9fa9a271-7bed-4435-b477-86c6ed0ece08:c3507, 06c1a879-4ae3-48dc-9686-b55cde066000:c3505, 67fae1a7-3cbe-4338-9d41-57e84498288b:c3501]
2019-07-10 10:27:36,232 INFO  client.GrpcClientProtocolClient (GrpcClientProtocolClient.java:onNext(255)) - client-821285EC2D67->9fa9a271-7bed-4435-b477-86c6ed0ece08: receive RaftClientReply:client-821285EC2D67->9fa9a271-7bed-4435-b477-86c6ed0ece08@group-0E07FAD1B91E, cid=2352, SUCCESS, logIndex=3507, commits[9fa9a271-7bed-4435-b477-86c6ed0ece08:c3507, 06c1a879-4ae3-48dc-9686-b55cde066000:c3505, 67fae1a7-3cbe-4338-9d41-57e84498288b:c3501]
2019-07-10 10:27:36,243 INFO  client.GrpcClientProtocolClient (GrpcClientProtocolClient.java:onNext(255)) - client-821285EC2D67->9fa9a271-7bed-4435-b477-86c6ed0ece08: receive RaftClientReply:client-821285EC2D67->9fa9a271-7bed-4435-b477-86c6ed0ece08@group-0E07FAD1B91E, cid=2353, SUCCESS, logIndex=3510, commits[9fa9a271-7bed-4435-b477-86c6ed0ece08:c3511, 06c1a879-4ae3-48dc-9686-b55cde066000:c3507, 67fae1a7-3cbe-4338-9d41-57e84498288b:c3507]
2019-07-10 10:27:36,244 INFO  client.GrpcClientProtocolClient (GrpcClientProtocolClient.java:onNext(255)) - client-821285EC2D67->9fa9a271-7bed-4435-b477-86c6ed0ece08: receive RaftClientReply:client-821285EC2D67->9fa9a271-7bed-4435-b477-86c6ed0ece08@group-0E07FAD1B91E, cid=2354, SUCCESS, logIndex=3511, commits[9fa9a271-7bed-4435-b477-86c6ed0ece08:c3511, 06c1a879-4ae3-48dc-9686-b55cde066000:c3507, 67fae1a7-3cbe-4338-9d41-57e84498288b:c3507]
2019-07-10 10:27:36,255 INFO  client.GrpcClientProtocolClient (GrpcClientProtocolClient.java:onNext(255)) - client-821285EC2D67->9fa9a271-7bed-4435-b477-86c6ed0ece08: receive RaftClientReply:client-821285EC2D67->9fa9a271-7bed-4435-b477-86c6ed0ece08@group-0E07FAD1B91E, cid=2355, SUCCESS, logIndex=0, commits[9fa9a271-7bed-4435-b477-86c6ed0ece08:c3513, 06c1a879-4ae3-48dc-9686-b55cde066000:c3511, 67fae1a7-3cbe-4338-9d41-57e84498288b:c3511]
2019-07-10 10:27:36,284 INFO  client.GrpcClientProtocolClient (GrpcClientProtocolClient.java:onNext(255)) - client-821285EC2D67->9fa9a271-7bed-4435-b477-86c6ed0ece08: receive RaftClientReply:client-821285EC2D67->9fa9a271-7bed-4435-b477-86c6ed0ece08@group-0E07FAD1B91E, cid=2356, SUCCESS, logIndex=3514, commits[9fa9a271-7bed-4435-b477-86c6ed0ece08:c3515, 06c1a879-4ae3-48dc-9686-b55cde066000:c3513, 67fae1a7-3cbe-4338-9d41-57e84498288b:c3513]
2019-07-10 10:27:36,284 INFO  client.GrpcClientProtocolClient (GrpcClientProtocolClient.java:onNext(255)) - client-821285EC2D67->9fa9a271-7bed-4435-b477-86c6ed0ece08: receive RaftClientReply:client-821285EC2D67->9fa9a271-7bed-4435-b477-86c6ed0ece08@group-0E07FAD1B91E, cid=2357, SUCCESS, logIndex=3515, commits[9fa9a271-7bed-4435-b477-86c6ed0ece08:c3517, 06c1a879-4ae3-48dc-9686-b55cde066000:c3513, 67fae1a7-3cbe-4338-9d41-57e84498288b:c3513]
2019-07-10 10:27:36,285 INFO  client.GrpcClientProtocolClient (GrpcClientProtocolClient.java:onNext(255)) - client-821285EC2D67->9fa9a271-7bed-4435-b477-86c6ed0ece08: receive RaftClientReply:client-821285EC2D67->9fa9a271-7bed-4435-b477-86c6ed0ece08@group-0E07FAD1B91E, cid=2358, SUCCESS, logIndex=3516, commits[9fa9a271-7bed-4435-b477-86c6ed0ece08:c3517, 06c1a879-4ae3-48dc-9686-b55cde066000:c3513, 67fae1a7-3cbe-4338-9d41-57e84498288b:c3513]
2019-07-10 10:27:36,285 INFO  client.GrpcClientProtocolClient (GrpcClientProtocolClient.java:onNext(255)) - client-821285EC2D67->9fa9a271-7bed-4435-b477-86c6ed0ece08: receive RaftClientReply:client-821285EC2D67->9fa9a271-7bed-4435-b477-86c6ed0ece08@group-0E07FAD1B91E, cid=2359, SUCCESS, logIndex=3517, commits[9fa9a271-7bed-4435-b477-86c6ed0ece08:c3517, 06c1a879-4ae3-48dc-9686-b55cde066000:c3513, 67fae1a7-3cbe-4338-9d41-57e84498288b:c3513]
2019-07-10 10:27:36,287 INFO  client.GrpcClientProtocolClient (GrpcClientProtocolClient.java:onNext(255)) - client-821285EC2D67->9fa9a271-7bed-4435-b477-86c6ed0ece08: receive RaftClientReply:client-821285EC2D67->9fa9a271-7bed-4435-b477-86c6ed0ece08@group-0E07FAD1B91E, cid=2360, SUCCESS, logIndex=0, commits[9fa9a271-7bed-4435-b477-86c6ed0ece08:c3519, 06c1a879-4ae3-48dc-9686-b55cde066000:c3515, 67fae1a7-3cbe-4338-9d41-57e84498288b:c3515]
2019-07-10 10:27:36,303 INFO  client.GrpcClientProtocolClient (GrpcClientProtocolClient.java:onNext(255)) - client-821285EC2D67->9fa9a271-7bed-4435-b477-86c6ed0ece08: receive RaftClientReply:client-821285EC2D67->9fa9a271-7bed-4435-b477-86c6ed0ece08@group-0E07FAD1B91E, cid=2361, SUCCESS, logIndex=3522, commits[9fa9a271-7bed-4435-b477-86c6ed0ece08:c3523, 06c1a879-4ae3-48dc-9686-b55cde066000:c3521, 67fae1a7-3cbe-4338-9d41-57e84498288b:c3521]
2019-07-10 10:27:36,303 INFO  client.GrpcClientProtocolClient (GrpcClientProtocolClient.java:onNext(255)) - client-821285EC2D67->9fa9a271-7bed-4435-b477-86c6ed0ece08: receive RaftClientReply:client-821285EC2D67->9fa9a271-7bed-4435-b477-86c6ed0ece08@group-0E07FAD1B91E, cid=2362, SUCCESS, logIndex=3523, commits[9fa9a271-7bed-4435-b477-86c6ed0ece08:c3523, 06c1a879-4ae3-48dc-9686-b55cde066000:c3521, 67fae1a7-3cbe-4338-9d41-57e84498288b:c3521]
2019-07-10 10:27:36,316 INFO  client.GrpcClientProtocolClient (GrpcClientProtocolClient.java:onNext(255)) - client-821285EC2D67->9fa9a271-7bed-4435-b477-86c6ed0ece08: receive RaftClientReply:client-821285EC2D67->9fa9a271-7bed-4435-b477-86c6ed0ece08@group-0E07FAD1B91E, cid=2363, SUCCESS, logIndex=3526, commits[9fa9a271-7bed-4435-b477-86c6ed0ece08:c3526, 06c1a879-4ae3-48dc-9686-b55cde066000:c3523, 67fae1a7-3cbe-4338-9d41-57e84498288b:c3523]
2019-07-10 10:27:36,316 INFO  client.GrpcClientProtocolClient (GrpcClientProtocolClient.java:onNext(255)) - client-821285EC2D67->9fa9a271-7bed-4435-b477-86c6ed0ece08: receive RaftClientReply:client-821285EC2D67->9fa9a271-7bed-4435-b477-86c6ed0ece08@group-0E07FAD1B91E, cid=2364, SUCCESS, logIndex=3527, commits[9fa9a271-7bed-4435-b477-86c6ed0ece08:c3527, 06c1a879-4ae3-48dc-9686-b55cde066000:c3523, 67fae1a7-3cbe-4338-9d41-57e84498288b:c3523]
2019-07-10 10:27:36,336 INFO  client.GrpcClientProtocolClient (GrpcClientProtocolClient.java:onNext(255)) - client-821285EC2D67->9fa9a271-7bed-4435-b477-86c6ed0ece08: receive RaftClientReply:client-821285EC2D67->9fa9a271-7bed-4435-b477-86c6ed0ece08@group-0E07FAD1B91E, cid=2365, SUCCESS, logIndex=0, commits[9fa9a271-7bed-4435-b477-86c6ed0ece08:c3529, 06c1a879-4ae3-48dc-9686-b55cde066000:c3527, 67fae1a7-3cbe-4338-9d41-57e84498288b:c3527]
2019-07-10 10:27:36,364 INFO  client.GrpcClientProtocolClient (GrpcClientProtocolClient.java:onNext(255)) - client-821285EC2D67->9fa9a271-7bed-4435-b477-86c6ed0ece08: receive RaftClientReply:client-821285EC2D67->9fa9a271-7bed-4435-b477-86c6ed0ece08@group-0E07FAD1B91E, cid=2366, SUCCESS, logIndex=3530, commits[9fa9a271-7bed-4435-b477-86c6ed0ece08:c3531, 06c1a879-4ae3-48dc-9686-b55cde066000:c3529, 67fae1a7-3cbe-4338-9d41-57e84498288b:c3529]
2019-07-10 10:27:36,364 INFO  client.GrpcClientProtocolClient (GrpcClientProtocolClient.java:onNext(255)) - client-821285EC2D67->9fa9a271-7bed-4435-b477-86c6ed0ece08: receive RaftClientReply:client-821285EC2D67->9fa9a271-7bed-4435-b477-86c6ed0ece08@group-0E07FAD1B91E, cid=2367, SUCCESS, logIndex=3531, commits[9fa9a271-7bed-4435-b477-86c6ed0ece08:c3533, 06c1a879-4ae3-48dc-9686-b55cde066000:c3529, 67fae1a7-3cbe-4338-9d41-57e84498288b:c3529]
2019-07-10 10:27:36,365 INFO  client.GrpcClientProtocolClient (GrpcClientProtocolClient.java:onNext(255)) - client-821285EC2D67->9fa9a271-7bed-4435-b477-86c6ed0ece08: receive RaftClientReply:client-821285EC2D67->9fa9a271-7bed-4435-b477-86c6ed0ece08@group-0E07FAD1B91E, cid=2368, SUCCESS, logIndex=3532, commits[9fa9a271-7bed-4435-b477-86c6ed0ece08:c3533, 06c1a879-4ae3-48dc-9686-b55cde066000:c3529, 67fae1a7-3cbe-4338-9d41-57e84498288b:c3529]
2019-07-10 10:27:36,365 INFO  client.GrpcClientProtocolClient (GrpcClientProtocolClient.java:onNext(255)) - client-821285EC2D67->9fa9a271-7bed-4435-b477-86c6ed0ece08: receive RaftClientReply:client-821285EC2D67->9fa9a271-7bed-4435-b477-86c6ed0ece08@group-0E07FAD1B91E, cid=2369, SUCCESS, logIndex=3533, commits[9fa9a271-7bed-4435-b477-86c6ed0ece08:c3533, 06c1a879-4ae3-48dc-9686-b55cde066000:c3529, 67fae1a7-3cbe-4338-9d41-57e84498288b:c3529]
2019-07-10 10:27:36,377 INFO  client.GrpcClientProtocolClient (GrpcClientProtocolClient.java:onNext(255)) - client-821285EC2D67->9fa9a271-7bed-4435-b477-86c6ed0ece08: receive RaftClientReply:client-821285EC2D67->9fa9a271-7bed-4435-b477-86c6ed0ece08@group-0E07FAD1B91E, cid=2370, SUCCESS, logIndex=0, commits[9fa9a271-7bed-4435-b477-86c6ed0ece08:c3533, 06c1a879-4ae3-48dc-9686-b55cde066000:c3531, 67fae1a7-3cbe-4338-9d41-57e84498288b:c3533]
 0.00% |█                                                                                                    |  0/1 Time: 0:00:162019-07-10 10:27:36,397 INFO  client.GrpcClientProtocolClient (GrpcClientProtocolClient.java:onNext(255)) - client-821285EC2D67->9fa9a271-7bed-4435-b477-86c6ed0ece08: receive RaftClientReply:client-821285EC2D67->9fa9a271-7bed-4435-b477-86c6ed0ece08@group-0E07FAD1B91E, cid=2371, SUCCESS, logIndex=3538, commits[9fa9a271-7bed-4435-b477-86c6ed0ece08:c3539, 06c1a879-4ae3-48dc-9686-b55cde066000:c3537, 67fae1a7-3cbe-4338-9d41-57e84498288b:c3537]
2019-07-10 10:27:36,397 INFO  client.GrpcClientProtocolClient (GrpcClientProtocolClient.java:onNext(255)) - client-821285EC2D67->9fa9a271-7bed-4435-b477-86c6ed0ece08: receive RaftClientReply:client-821285EC2D67->9fa9a271-7bed-4435-b477-86c6ed0ece08@group-0E07FAD1B91E, cid=2372, SUCCESS, logIndex=3539, commits[9fa9a271-7bed-4435-b477-86c6ed0ece08:c3539, 06c1a879-4ae3-48dc-9686-b55cde066000:c3537, 67fae1a7-3cbe-4338-9d41-57e84498288b:c3537]
2019-07-10 10:27:36,409 INFO  client.GrpcClientProtocolClient (GrpcClientProtocolClient.java:onNext(255)) - client-821285EC2D67->9fa9a271-7bed-4435-b477-86c6ed0ece08: receive RaftClientReply:client-821285EC2D67->9fa9a271-7bed-4435-b477-86c6ed0ece08@group-0E07FAD1B91E, cid=2373, SUCCESS, logIndex=3542, commits[9fa9a271-7bed-4435-b477-86c6ed0ece08:c3543, 06c1a879-4ae3-48dc-9686-b55cde066000:c3539, 67fae1a7-3cbe-4338-9d41-57e84498288b:c3539]
2019-07-10 10:27:36,409 INFO  client.GrpcClientProtocolClient (GrpcClientProtocolClient.java:onNext(255)) - client-821285EC2D67->9fa9a271-7bed-4435-b477-86c6ed0ece08: receive RaftClientReply:client-821285EC2D67->9fa9a271-7bed-4435-b477-86c6ed0ece08@group-0E07FAD1B91E, cid=2374, SUCCESS, logIndex=3543, commits[9fa9a271-7bed-4435-b477-86c6ed0ece08:c3543, 06c1a879-4ae3-48dc-9686-b55cde066000:c3539, 67fae1a7-3cbe-4338-9d41-57e84498288b:c3539]
2019-07-10 10:27:36,422 INFO  client.GrpcClientProtocolClient (GrpcClientProtocolClient.java:onNext(255)) - client-821285EC2D67->9fa9a271-7bed-4435-b477-86c6ed0ece08: receive RaftClientReply:client-821285EC2D67->9fa9a271-7bed-4435-b477-86c6ed0ece08@group-0E07FAD1B91E, cid=2375, SUCCESS, logIndex=0, commits[9fa9a271-7bed-4435-b477-86c6ed0ece08:c3545, 06c1a879-4ae3-48dc-9686-b55cde066000:c3543, 67fae1a7-3cbe-4338-9d41-57e84498288b:c3543]
2019-07-10 10:27:36,452 INFO  client.GrpcClientProtocolClient (GrpcClientProtocolClient.java:onNext(255)) - client-821285EC2D67->9fa9a271-7bed-4435-b477-86c6ed0ece08: receive RaftClientReply:client-821285EC2D67->9fa9a271-7bed-4435-b477-86c6ed0ece08@group-0E07FAD1B91E, cid=2376, SUCCESS, logIndex=3546, commits[9fa9a271-7bed-4435-b477-86c6ed0ece08:c3547, 06c1a879-4ae3-48dc-9686-b55cde066000:c3545, 67fae1a7-3cbe-4338-9d41-57e84498288b:c3545]
2019-07-10 10:27:36,452 INFO  client.GrpcClientProtocolClient (GrpcClientProtocolClient.java:onNext(255)) - client-821285EC2D67->9fa9a271-7bed-4435-b477-86c6ed0ece08: receive RaftClientReply:client-821285EC2D67->9fa9a271-7bed-4435-b477-86c6ed0ece08@group-0E07FAD1B91E, cid=2377, SUCCESS, logIndex=3547, commits[9fa9a271-7bed-4435-b477-86c6ed0ece08:c3549, 06c1a879-4ae3-48dc-9686-b55cde066000:c3545, 67fae1a7-3cbe-4338-9d41-57e84498288b:c3545]
2019-07-10 10:27:36,453 INFO  client.GrpcClientProtocolClient (GrpcClientProtocolClient.java:onNext(255)) - client-821285EC2D67->9fa9a271-7bed-4435-b477-86c6ed0ece08: receive RaftClientReply:client-821285EC2D67->9fa9a271-7bed-4435-b477-86c6ed0ece08@group-0E07FAD1B91E, cid=2378, SUCCESS, logIndex=3548, commits[9fa9a271-7bed-4435-b477-86c6ed0ece08:c3549, 06c1a879-4ae3-48dc-9686-b55cde066000:c3545, 67fae1a7-3cbe-4338-9d41-57e84498288b:c3545]
2019-07-10 10:27:36,453 INFO  client.GrpcClientProtocolClient (GrpcClientProtocolClient.java:onNext(255)) - client-821285EC2D67->9fa9a271-7bed-4435-b477-86c6ed0ece08: receive RaftClientReply:client-821285EC2D67->9fa9a271-7bed-4435-b477-86c6ed0ece08@group-0E07FAD1B91E, cid=2379, SUCCESS, logIndex=3549, commits[9fa9a271-7bed-4435-b477-86c6ed0ece08:c3549, 06c1a879-4ae3-48dc-9686-b55cde066000:c3545, 67fae1a7-3cbe-4338-9d41-57e84498288b:c3545]
2019-07-10 10:27:36,463 INFO  client.GrpcClientProtocolClient (GrpcClientProtocolClient.java:onNext(255)) - client-821285EC2D67->9fa9a271-7bed-4435-b477-86c6ed0ece08: receive RaftClientReply:client-821285EC2D67->9fa9a271-7bed-4435-b477-86c6ed0ece08@group-0E07FAD1B91E, cid=2380, SUCCESS, logIndex=0, commits[9fa9a271-7bed-4435-b477-86c6ed0ece08:c3553, 06c1a879-4ae3-48dc-9686-b55cde066000:c3547, 67fae1a7-3cbe-4338-9d41-57e84498288b:c3549]
2019-07-10 10:27:36,481 INFO  client.GrpcClientProtocolClient (GrpcClientProtocolClient.java:onNext(255)) - client-821285EC2D67->9fa9a271-7bed-4435-b477-86c6ed0ece08: receive RaftClientReply:client-821285EC2D67->9fa9a271-7bed-4435-b477-86c6ed0ece08@group-0E07FAD1B91E, cid=2381, SUCCESS, logIndex=3554, commits[9fa9a271-7bed-4435-b477-86c6ed0ece08:c3555, 06c1a879-4ae3-48dc-9686-b55cde066000:c3553, 67fae1a7-3cbe-4338-9d41-57e84498288b:c3553]
2019-07-10 10:27:36,481 INFO  client.GrpcClientProtocolClient (GrpcClientProtocolClient.java:onNext(255)) - client-821285EC2D67->9fa9a271-7bed-4435-b477-86c6ed0ece08: receive RaftClientReply:client-821285EC2D67->9fa9a271-7bed-4435-b477-86c6ed0ece08@group-0E07FAD1B91E, cid=2382, SUCCESS, logIndex=3555, commits[9fa9a271-7bed-4435-b477-86c6ed0ece08:c3555, 06c1a879-4ae3-48dc-9686-b55cde066000:c3553, 67fae1a7-3cbe-4338-9d41-57e84498288b:c3553]
2019-07-10 10:27:36,495 INFO  client.GrpcClientProtocolClient (GrpcClientProtocolClient.java:onNext(255)) - client-821285EC2D67->9fa9a271-7bed-4435-b477-86c6ed0ece08: receive RaftClientReply:client-821285EC2D67->9fa9a271-7bed-4435-b477-86c6ed0ece08@group-0E07FAD1B91E, cid=2383, SUCCESS, logIndex=3558, commits[9fa9a271-7bed-4435-b477-86c6ed0ece08:c3559, 06c1a879-4ae3-48dc-9686-b55cde066000:c3555, 67fae1a7-3cbe-4338-9d41-57e84498288b:c3555]
2019-07-10 10:27:36,496 INFO  client.GrpcClientProtocolClient (GrpcClientProtocolClient.java:onNext(255)) - client-821285EC2D67->9fa9a271-7bed-4435-b477-86c6ed0ece08: receive RaftClientReply:client-821285EC2D67->9fa9a271-7bed-4435-b477-86c6ed0ece08@group-0E07FAD1B91E, cid=2384, SUCCESS, logIndex=3559, commits[9fa9a271-7bed-4435-b477-86c6ed0ece08:c3559, 06c1a879-4ae3-48dc-9686-b55cde066000:c3555, 67fae1a7-3cbe-4338-9d41-57e84498288b:c3555]
2019-07-10 10:27:36,509 INFO  client.GrpcClientProtocolClient (GrpcClientProtocolClient.java:onNext(255)) - client-821285EC2D67->9fa9a271-7bed-4435-b477-86c6ed0ece08: receive RaftClientReply:client-821285EC2D67->9fa9a271-7bed-4435-b477-86c6ed0ece08@group-0E07FAD1B91E, cid=2385, SUCCESS, logIndex=0, commits[9fa9a271-7bed-4435-b477-86c6ed0ece08:c3561, 06c1a879-4ae3-48dc-9686-b55cde066000:c3559, 67fae1a7-3cbe-4338-9d41-57e84498288b:c3559]
2019-07-10 10:27:36,642 INFO  client.GrpcClientProtocolClient (GrpcClientProtocolClient.java:onNext(255)) - client-821285EC2D67->9fa9a271-7bed-4435-b477-86c6ed0ece08: receive RaftClientReply:client-821285EC2D67->9fa9a271-7bed-4435-b477-86c6ed0ece08@group-0E07FAD1B91E, cid=2386, SUCCESS, logIndex=3562, commits[9fa9a271-7bed-4435-b477-86c6ed0ece08:c3563, 06c1a879-4ae3-48dc-9686-b55cde066000:c3559, 67fae1a7-3cbe-4338-9d41-57e84498288b:c3561]
2019-07-10 10:27:36,642 INFO  client.GrpcClientProtocolClient (GrpcClientProtocolClient.java:onNext(255)) - client-821285EC2D67->9fa9a271-7bed-4435-b477-86c6ed0ece08: receive RaftClientReply:client-821285EC2D67->9fa9a271-7bed-4435-b477-86c6ed0ece08@group-0E07FAD1B91E, cid=2387, SUCCESS, logIndex=3563, commits[9fa9a271-7bed-4435-b477-86c6ed0ece08:c3563, 06c1a879-4ae3-48dc-9686-b55cde066000:c3561, 67fae1a7-3cbe-4338-9d41-57e84498288b:c3561]
2019-07-10 10:27:36,655 INFO  client.GrpcClientProtocolClient (GrpcClientProtocolClient.java:onNext(255)) - client-821285EC2D67->9fa9a271-7bed-4435-b477-86c6ed0ece08: receive RaftClientReply:client-821285EC2D67->9fa9a271-7bed-4435-b477-86c6ed0ece08@group-0E07FAD1B91E, cid=2388, SUCCESS, logIndex=3564, commits[9fa9a271-7bed-4435-b477-86c6ed0ece08:c3566, 06c1a879-4ae3-48dc-9686-b55cde066000:c3562, 67fae1a7-3cbe-4338-9d41-57e84498288b:c3561]
2019-07-10 10:27:36,656 INFO  client.GrpcClientProtocolClient (GrpcClientProtocolClient.java:onNext(255)) - client-821285EC2D67->9fa9a271-7bed-4435-b477-86c6ed0ece08: receive RaftClientReply:client-821285EC2D67->9fa9a271-7bed-4435-b477-86c6ed0ece08@group-0E07FAD1B91E, cid=2389, SUCCESS, logIndex=3565, commits[9fa9a271-7bed-4435-b477-86c6ed0ece08:c3566, 06c1a879-4ae3-48dc-9686-b55cde066000:c3562, 67fae1a7-3cbe-4338-9d41-57e84498288b:c3561]
2019-07-10 10:27:36,666 INFO  client.GrpcClientProtocolClient (GrpcClientProtocolClient.java:onNext(255)) - client-821285EC2D67->9fa9a271-7bed-4435-b477-86c6ed0ece08: receive RaftClientReply:client-821285EC2D67->9fa9a271-7bed-4435-b477-86c6ed0ece08@group-0E07FAD1B91E, cid=2390, SUCCESS, logIndex=0, commits[9fa9a271-7bed-4435-b477-86c6ed0ece08:c3567, 06c1a879-4ae3-48dc-9686-b55cde066000:c3563, 67fae1a7-3cbe-4338-9d41-57e84498288b:c3563]
2019-07-10 10:27:36,688 INFO  client.GrpcClientProtocolClient (GrpcClientProtocolClient.java:onNext(255)) - client-821285EC2D67->9fa9a271-7bed-4435-b477-86c6ed0ece08: receive RaftClientReply:client-821285EC2D67->9fa9a271-7bed-4435-b477-86c6ed0ece08@group-0E07FAD1B91E, cid=2391, SUCCESS, logIndex=3570, commits[9fa9a271-7bed-4435-b477-86c6ed0ece08:c3571, 06c1a879-4ae3-48dc-9686-b55cde066000:c3569, 67fae1a7-3cbe-4338-9d41-57e84498288b:c3569]
2019-07-10 10:27:36,688 INFO  client.GrpcClientProtocolClient (GrpcClientProtocolClient.java:onNext(255)) - client-821285EC2D67->9fa9a271-7bed-4435-b477-86c6ed0ece08: receive RaftClientReply:client-821285EC2D67->9fa9a271-7bed-4435-b477-86c6ed0ece08@group-0E07FAD1B91E, cid=2392, SUCCESS, logIndex=3571, commits[9fa9a271-7bed-4435-b477-86c6ed0ece08:c3571, 06c1a879-4ae3-48dc-9686-b55cde066000:c3569, 67fae1a7-3cbe-4338-9d41-57e84498288b:c3569]
2019-07-10 10:27:36,702 INFO  client.GrpcClientProtocolClient (GrpcClientProtocolClient.java:onNext(255)) - client-821285EC2D67->9fa9a271-7bed-4435-b477-86c6ed0ece08: receive RaftClientReply:client-821285EC2D67->9fa9a271-7bed-4435-b477-86c6ed0ece08@group-0E07FAD1B91E, cid=2393, SUCCESS, logIndex=3574, commits[9fa9a271-7bed-4435-b477-86c6ed0ece08:c3575, 06c1a879-4ae3-48dc-9686-b55cde066000:c3571, 67fae1a7-3cbe-4338-9d41-57e84498288b:c3572]
2019-07-10 10:27:36,702 INFO  client.GrpcClientProtocolClient (GrpcClientProtocolClient.java:onNext(255)) - client-821285EC2D67->9fa9a271-7bed-4435-b477-86c6ed0ece08: receive RaftClientReply:client-821285EC2D67->9fa9a271-7bed-4435-b477-86c6ed0ece08@group-0E07FAD1B91E, cid=2394, SUCCESS, logIndex=3575, commits[9fa9a271-7bed-4435-b477-86c6ed0ece08:c3575, 06c1a879-4ae3-48dc-9686-b55cde066000:c3572, 67fae1a7-3cbe-4338-9d41-57e84498288b:c3572]
2019-07-10 10:27:36,705 INFO  client.GrpcClientProtocolClient (GrpcClientProtocolClient.java:onNext(255)) - client-821285EC2D67->9fa9a271-7bed-4435-b477-86c6ed0ece08: receive RaftClientReply:client-821285EC2D67->9fa9a271-7bed-4435-b477-86c6ed0ece08@group-0E07FAD1B91E, cid=2395, SUCCESS, logIndex=0, commits[9fa9a271-7bed-4435-b477-86c6ed0ece08:c3577, 06c1a879-4ae3-48dc-9686-b55cde066000:c3575, 67fae1a7-3cbe-4338-9d41-57e84498288b:c3575]
2019-07-10 10:27:36,732 INFO  client.GrpcClientProtocolClient (GrpcClientProtocolClient.java:onNext(255)) - client-821285EC2D67->9fa9a271-7bed-4435-b477-86c6ed0ece08: receive RaftClientReply:client-821285EC2D67->9fa9a271-7bed-4435-b477-86c6ed0ece08@group-0E07FAD1B91E, cid=2396, SUCCESS, logIndex=3578, commits[9fa9a271-7bed-4435-b477-86c6ed0ece08:c3579, 06c1a879-4ae3-48dc-9686-b55cde066000:c3577, 67fae1a7-3cbe-4338-9d41-57e84498288b:c3577]
2019-07-10 10:27:36,733 INFO  client.GrpcClientProtocolClient (GrpcClientProtocolClient.java:onNext(255)) - client-821285EC2D67->9fa9a271-7bed-4435-b477-86c6ed0ece08: receive RaftClientReply:client-821285EC2D67->9fa9a271-7bed-4435-b477-86c6ed0ece08@group-0E07FAD1B91E, cid=2397, SUCCESS, logIndex=3579, commits[9fa9a271-7bed-4435-b477-86c6ed0ece08:c3581, 06c1a879-4ae3-48dc-9686-b55cde066000:c3577, 67fae1a7-3cbe-4338-9d41-57e84498288b:c3577]
2019-07-10 10:27:36,733 INFO  client.GrpcClientProtocolClient (GrpcClientProtocolClient.java:onNext(255)) - client-821285EC2D67->9fa9a271-7bed-4435-b477-86c6ed0ece08: receive RaftClientReply:client-821285EC2D67->9fa9a271-7bed-4435-b477-86c6ed0ece08@group-0E07FAD1B91E, cid=2398, SUCCESS, logIndex=3580, commits[9fa9a271-7bed-4435-b477-86c6ed0ece08:c3581, 06c1a879-4ae3-48dc-9686-b55cde066000:c3577, 67fae1a7-3cbe-4338-9d41-57e84498288b:c3577]
2019-07-10 10:27:36,733 INFO  client.GrpcClientProtocolClient (GrpcClientProtocolClient.java:onNext(255)) - client-821285EC2D67->9fa9a271-7bed-4435-b477-86c6ed0ece08: receive RaftClientReply:client-821285EC2D67->9fa9a271-7bed-4435-b477-86c6ed0ece08@group-0E07FAD1B91E, cid=2399, SUCCESS, logIndex=3581, commits[9fa9a271-7bed-4435-b477-86c6ed0ece08:c3581, 06c1a879-4ae3-48dc-9686-b55cde066000:c3577, 67fae1a7-3cbe-4338-9d41-57e84498288b:c3577]
2019-07-10 10:27:36,736 INFO  client.GrpcClientProtocolClient (GrpcClientProtocolClient.java:onNext(255)) - client-821285EC2D67->9fa9a271-7bed-4435-b477-86c6ed0ece08: receive RaftClientReply:client-821285EC2D67->9fa9a271-7bed-4435-b477-86c6ed0ece08@group-0E07FAD1B91E, cid=2400, SUCCESS, logIndex=0, commits[9fa9a271-7bed-4435-b477-86c6ed0ece08:c3583, 06c1a879-4ae3-48dc-9686-b55cde066000:c3579, 67fae1a7-3cbe-4338-9d41-57e84498288b:c3579]
2019-07-10 10:27:36,754 INFO  client.GrpcClientProtocolClient (GrpcClientProtocolClient.java:onNext(255)) - client-821285EC2D67->9fa9a271-7bed-4435-b477-86c6ed0ece08: receive RaftClientReply:client-821285EC2D67->9fa9a271-7bed-4435-b477-86c6ed0ece08@group-0E07FAD1B91E, cid=2401, SUCCESS, logIndex=3585, commits[9fa9a271-7bed-4435-b477-86c6ed0ece08:c3586, 06c1a879-4ae3-48dc-9686-b55cde066000:c3584, 67fae1a7-3cbe-4338-9d41-57e84498288b:c3584]
2019-07-10 10:27:36,754 INFO  client.GrpcClientProtocolClient (GrpcClientProtocolClient.java:onNext(255)) - client-821285EC2D67->9fa9a271-7bed-4435-b477-86c6ed0ece08: receive RaftClientReply:client-821285EC2D67->9fa9a271-7bed-4435-b477-86c6ed0ece08@group-0E07FAD1B91E, cid=2402, SUCCESS, logIndex=3586, commits[9fa9a271-7bed-4435-b477-86c6ed0ece08:c3586, 06c1a879-4ae3-48dc-9686-b55cde066000:c3584, 67fae1a7-3cbe-4338-9d41-57e84498288b:c3584]
2019-07-10 10:27:36,767 INFO  client.GrpcClientProtocolClient (GrpcClientProtocolClient.java:onNext(255)) - client-821285EC2D67->9fa9a271-7bed-4435-b477-86c6ed0ece08: receive RaftClientReply:client-821285EC2D67->9fa9a271-7bed-4435-b477-86c6ed0ece08@group-0E07FAD1B91E, cid=2403, SUCCESS, logIndex=3589, commits[9fa9a271-7bed-4435-b477-86c6ed0ece08:c3590, 06c1a879-4ae3-48dc-9686-b55cde066000:c3586, 67fae1a7-3cbe-4338-9d41-57e84498288b:c3586]
2019-07-10 10:27:36,767 INFO  client.GrpcClientProtocolClient (GrpcClientProtocolClient.java:onNext(255)) - client-821285EC2D67->9fa9a271-7bed-4435-b477-86c6ed0ece08: receive RaftClientReply:client-821285EC2D67->9fa9a271-7bed-4435-b477-86c6ed0ece08@group-0E07FAD1B91E, cid=2404, SUCCESS, logIndex=3590, commits[9fa9a271-7bed-4435-b477-86c6ed0ece08:c3590, 06c1a879-4ae3-48dc-9686-b55cde066000:c3586, 67fae1a7-3cbe-4338-9d41-57e84498288b:c3586]
2019-07-10 10:27:36,777 INFO  client.GrpcClientProtocolClient (GrpcClientProtocolClient.java:onNext(255)) - client-821285EC2D67->9fa9a271-7bed-4435-b477-86c6ed0ece08: receive RaftClientReply:client-821285EC2D67->9fa9a271-7bed-4435-b477-86c6ed0ece08@group-0E07FAD1B91E, cid=2405, SUCCESS, logIndex=0, commits[9fa9a271-7bed-4435-b477-86c6ed0ece08:c3591, 06c1a879-4ae3-48dc-9686-b55cde066000:c3590, 67fae1a7-3cbe-4338-9d41-57e84498288b:c3590]
2019-07-10 10:27:36,800 INFO  client.GrpcClientProtocolClient (GrpcClientProtocolClient.java:onNext(255)) - client-821285EC2D67->9fa9a271-7bed-4435-b477-86c6ed0ece08: receive RaftClientReply:client-821285EC2D67->9fa9a271-7bed-4435-b477-86c6ed0ece08@group-0E07FAD1B91E, cid=2406, SUCCESS, logIndex=3593, commits[9fa9a271-7bed-4435-b477-86c6ed0ece08:c3594, 06c1a879-4ae3-48dc-9686-b55cde066000:c3592, 67fae1a7-3cbe-4338-9d41-57e84498288b:c3592]
2019-07-10 10:27:36,800 INFO  client.GrpcClientProtocolClient (GrpcClientProtocolClient.java:onNext(255)) - client-821285EC2D67->9fa9a271-7bed-4435-b477-86c6ed0ece08: receive RaftClientReply:client-821285EC2D67->9fa9a271-7bed-4435-b477-86c6ed0ece08@group-0E07FAD1B91E, cid=2407, SUCCESS, logIndex=3594, commits[9fa9a271-7bed-4435-b477-86c6ed0ece08:c3596, 06c1a879-4ae3-48dc-9686-b55cde066000:c3592, 67fae1a7-3cbe-4338-9d41-57e84498288b:c3592]
2019-07-10 10:27:36,801 INFO  client.GrpcClientProtocolClient (GrpcClientProtocolClient.java:onNext(255)) - client-821285EC2D67->9fa9a271-7bed-4435-b477-86c6ed0ece08: receive RaftClientReply:client-821285EC2D67->9fa9a271-7bed-4435-b477-86c6ed0ece08@group-0E07FAD1B91E, cid=2408, SUCCESS, logIndex=3595, commits[9fa9a271-7bed-4435-b477-86c6ed0ece08:c3596, 06c1a879-4ae3-48dc-9686-b55cde066000:c3592, 67fae1a7-3cbe-4338-9d41-57e84498288b:c3592]
2019-07-10 10:27:36,801 INFO  client.GrpcClientProtocolClient (GrpcClientProtocolClient.java:onNext(255)) - client-821285EC2D67->9fa9a271-7bed-4435-b477-86c6ed0ece08: receive RaftClientReply:client-821285EC2D67->9fa9a271-7bed-4435-b477-86c6ed0ece08@group-0E07FAD1B91E, cid=2409, SUCCESS, logIndex=3596, commits[9fa9a271-7bed-4435-b477-86c6ed0ece08:c3598, 06c1a879-4ae3-48dc-9686-b55cde066000:c3592, 67fae1a7-3cbe-4338-9d41-57e84498288b:c3594]
2019-07-10 10:27:36,802 INFO  client.GrpcClientProtocolClient (GrpcClientProtocolClient.java:onNext(255)) - client-821285EC2D67->9fa9a271-7bed-4435-b477-86c6ed0ece08: receive RaftClientReply:client-821285EC2D67->9fa9a271-7bed-4435-b477-86c6ed0ece08@group-0E07FAD1B91E, cid=2410, SUCCESS, logIndex=0, commits[9fa9a271-7bed-4435-b477-86c6ed0ece08:c3599, 06c1a879-4ae3-48dc-9686-b55cde066000:c3594, 67fae1a7-3cbe-4338-9d41-57e84498288b:c3595]
2019-07-10 10:27:36,820 INFO  client.GrpcClientProtocolClient (GrpcClientProtocolClient.java:onNext(255)) - client-821285EC2D67->9fa9a271-7bed-4435-b477-86c6ed0ece08: receive RaftClientReply:client-821285EC2D67->9fa9a271-7bed-4435-b477-86c6ed0ece08@group-0E07FAD1B91E, cid=2411, SUCCESS, logIndex=3601, commits[9fa9a271-7bed-4435-b477-86c6ed0ece08:c3602, 06c1a879-4ae3-48dc-9686-b55cde066000:c3600, 67fae1a7-3cbe-4338-9d41-57e84498288b:c3600]
2019-07-10 10:27:36,820 INFO  client.GrpcClientProtocolClient (GrpcClientProtocolClient.java:onNext(255)) - client-821285EC2D67->9fa9a271-7bed-4435-b477-86c6ed0ece08: receive RaftClientReply:client-821285EC2D67->9fa9a271-7bed-4435-b477-86c6ed0ece08@group-0E07FAD1B91E, cid=2412, SUCCESS, logIndex=3602, commits[9fa9a271-7bed-4435-b477-86c6ed0ece08:c3602, 06c1a879-4ae3-48dc-9686-b55cde066000:c3600, 67fae1a7-3cbe-4338-9d41-57e84498288b:c3600]
2019-07-10 10:27:36,831 INFO  client.GrpcClientProtocolClient (GrpcClientProtocolClient.java:onNext(255)) - client-821285EC2D67->9fa9a271-7bed-4435-b477-86c6ed0ece08: receive RaftClientReply:client-821285EC2D67->9fa9a271-7bed-4435-b477-86c6ed0ece08@group-0E07FAD1B91E, cid=2413, SUCCESS, logIndex=3605, commits[9fa9a271-7bed-4435-b477-86c6ed0ece08:c3606, 06c1a879-4ae3-48dc-9686-b55cde066000:c3602, 67fae1a7-3cbe-4338-9d41-57e84498288b:c3602]
2019-07-10 10:27:36,832 INFO  client.GrpcClientProtocolClient (GrpcClientProtocolClient.java:onNext(255)) - client-821285EC2D67->9fa9a271-7bed-4435-b477-86c6ed0ece08: receive RaftClientReply:client-821285EC2D67->9fa9a271-7bed-4435-b477-86c6ed0ece08@group-0E07FAD1B91E, cid=2414, SUCCESS, logIndex=3606, commits[9fa9a271-7bed-4435-b477-86c6ed0ece08:c3606, 06c1a879-4ae3-48dc-9686-b55cde066000:c3602, 67fae1a7-3cbe-4338-9d41-57e84498288b:c3602]
2019-07-10 10:27:36,842 INFO  client.GrpcClientProtocolClient (GrpcClientProtocolClient.java:onNext(255)) - client-821285EC2D67->9fa9a271-7bed-4435-b477-86c6ed0ece08: receive RaftClientReply:client-821285EC2D67->9fa9a271-7bed-4435-b477-86c6ed0ece08@group-0E07FAD1B91E, cid=2415, SUCCESS, logIndex=0, commits[9fa9a271-7bed-4435-b477-86c6ed0ece08:c3607, 06c1a879-4ae3-48dc-9686-b55cde066000:c3606, 67fae1a7-3cbe-4338-9d41-57e84498288b:c3606]
2019-07-10 10:27:36,868 INFO  client.GrpcClientProtocolClient (GrpcClientProtocolClient.java:onNext(255)) - client-821285EC2D67->9fa9a271-7bed-4435-b477-86c6ed0ece08: receive RaftClientReply:client-821285EC2D67->9fa9a271-7bed-4435-b477-86c6ed0ece08@group-0E07FAD1B91E, cid=2416, SUCCESS, logIndex=3609, commits[9fa9a271-7bed-4435-b477-86c6ed0ece08:c3610, 06c1a879-4ae3-48dc-9686-b55cde066000:c3608, 67fae1a7-3cbe-4338-9d41-57e84498288b:c3608]
2019-07-10 10:27:36,869 INFO  client.GrpcClientProtocolClient (GrpcClientProtocolClient.java:onNext(255)) - client-821285EC2D67->9fa9a271-7bed-4435-b477-86c6ed0ece08: receive RaftClientReply:client-821285EC2D67->9fa9a271-7bed-4435-b477-86c6ed0ece08@group-0E07FAD1B91E, cid=2417, SUCCESS, logIndex=3610, commits[9fa9a271-7bed-4435-b477-86c6ed0ece08:c3610, 06c1a879-4ae3-48dc-9686-b55cde066000:c3608, 67fae1a7-3cbe-4338-9d41-57e84498288b:c3608]
2019-07-10 10:27:36,871 INFO  client.GrpcClientProtocolClient (GrpcClientProtocolClient.java:onNext(255)) - client-821285EC2D67->9fa9a271-7bed-4435-b477-86c6ed0ece08: receive RaftClientReply:client-821285EC2D67->9fa9a271-7bed-4435-b477-86c6ed0ece08@group-0E07FAD1B91E, cid=2418, SUCCESS, logIndex=3611, commits[9fa9a271-7bed-4435-b477-86c6ed0ece08:c3612, 06c1a879-4ae3-48dc-9686-b55cde066000:c3608, 67fae1a7-3cbe-4338-9d41-57e84498288b:c3608]
2019-07-10 10:27:36,871 INFO  client.GrpcClientProtocolClient (GrpcClientProtocolClient.java:onNext(255)) - client-821285EC2D67->9fa9a271-7bed-4435-b477-86c6ed0ece08: receive RaftClientReply:client-821285EC2D67->9fa9a271-7bed-4435-b477-86c6ed0ece08@group-0E07FAD1B91E, cid=2419, SUCCESS, logIndex=3612, commits[9fa9a271-7bed-4435-b477-86c6ed0ece08:c3612, 06c1a879-4ae3-48dc-9686-b55cde066000:c3608, 67fae1a7-3cbe-4338-9d41-57e84498288b:c3608]
2019-07-10 10:27:36,873 INFO  client.GrpcClientProtocolClient (GrpcClientProtocolClient.java:onNext(255)) - client-821285EC2D67->9fa9a271-7bed-4435-b477-86c6ed0ece08: receive RaftClientReply:client-821285EC2D67->9fa9a271-7bed-4435-b477-86c6ed0ece08@group-0E07FAD1B91E, cid=2420, SUCCESS, logIndex=0, commits[9fa9a271-7bed-4435-b477-86c6ed0ece08:c3614, 06c1a879-4ae3-48dc-9686-b55cde066000:c3610, 67fae1a7-3cbe-4338-9d41-57e84498288b:c3610]
2019-07-10 10:27:36,892 INFO  client.GrpcClientProtocolClient (GrpcClientProtocolClient.java:onNext(255)) - client-821285EC2D67->9fa9a271-7bed-4435-b477-86c6ed0ece08: receive RaftClientReply:client-821285EC2D67->9fa9a271-7bed-4435-b477-86c6ed0ece08@group-0E07FAD1B91E, cid=2421, SUCCESS, logIndex=3617, commits[9fa9a271-7bed-4435-b477-86c6ed0ece08:c3618, 06c1a879-4ae3-48dc-9686-b55cde066000:c3616, 67fae1a7-3cbe-4338-9d41-57e84498288b:c3612]
2019-07-10 10:27:36,892 INFO  client.GrpcClientProtocolClient (GrpcClientProtocolClient.java:onNext(255)) - client-821285EC2D67->9fa9a271-7bed-4435-b477-86c6ed0ece08: receive RaftClientReply:client-821285EC2D67->9fa9a271-7bed-4435-b477-86c6ed0ece08@group-0E07FAD1B91E, cid=2422, SUCCESS, logIndex=3618, commits[9fa9a271-7bed-4435-b477-86c6ed0ece08:c3618, 06c1a879-4ae3-48dc-9686-b55cde066000:c3616, 67fae1a7-3cbe-4338-9d41-57e84498288b:c3612]
2019-07-10 10:27:36,909 INFO  client.GrpcClientProtocolClient (GrpcClientProtocolClient.java:onNext(255)) - client-821285EC2D67->9fa9a271-7bed-4435-b477-86c6ed0ece08: receive RaftClientReply:client-821285EC2D67->9fa9a271-7bed-4435-b477-86c6ed0ece08@group-0E07FAD1B91E, cid=2423, SUCCESS, logIndex=3621, commits[9fa9a271-7bed-4435-b477-86c6ed0ece08:c3622, 06c1a879-4ae3-48dc-9686-b55cde066000:c3620, 67fae1a7-3cbe-4338-9d41-57e84498288b:c3620]
2019-07-10 10:27:36,909 INFO  client.GrpcClientProtocolClient (GrpcClientProtocolClient.java:onNext(255)) - client-821285EC2D67->9fa9a271-7bed-4435-b477-86c6ed0ece08: receive RaftClientReply:client-821285EC2D67->9fa9a271-7bed-4435-b477-86c6ed0ece08@group-0E07FAD1B91E, cid=2424, SUCCESS, logIndex=3622, commits[9fa9a271-7bed-4435-b477-86c6ed0ece08:c3622, 06c1a879-4ae3-48dc-9686-b55cde066000:c3620, 67fae1a7-3cbe-4338-9d41-57e84498288b:c3620]
2019-07-10 10:27:36,921 INFO  client.GrpcClientProtocolClient (GrpcClientProtocolClient.java:onNext(255)) - client-821285EC2D67->9fa9a271-7bed-4435-b477-86c6ed0ece08: receive RaftClientReply:client-821285EC2D67->9fa9a271-7bed-4435-b477-86c6ed0ece08@group-0E07FAD1B91E, cid=2425, SUCCESS, logIndex=0, commits[9fa9a271-7bed-4435-b477-86c6ed0ece08:c3624, 06c1a879-4ae3-48dc-9686-b55cde066000:c3622, 67fae1a7-3cbe-4338-9d41-57e84498288b:c3622]
2019-07-10 10:27:36,941 INFO  client.GrpcClientProtocolClient (GrpcClientProtocolClient.java:onNext(255)) - client-821285EC2D67->9fa9a271-7bed-4435-b477-86c6ed0ece08: receive RaftClientReply:client-821285EC2D67->9fa9a271-7bed-4435-b477-86c6ed0ece08@group-0E07FAD1B91E, cid=2426, SUCCESS, logIndex=3625, commits[9fa9a271-7bed-4435-b477-86c6ed0ece08:c3626, 06c1a879-4ae3-48dc-9686-b55cde066000:c3624, 67fae1a7-3cbe-4338-9d41-57e84498288b:c3622]
2019-07-10 10:27:36,941 INFO  client.GrpcClientProtocolClient (GrpcClientProtocolClient.java:onNext(255)) - client-821285EC2D67->9fa9a271-7bed-4435-b477-86c6ed0ece08: receive RaftClientReply:client-821285EC2D67->9fa9a271-7bed-4435-b477-86c6ed0ece08@group-0E07FAD1B91E, cid=2427, SUCCESS, logIndex=3626, commits[9fa9a271-7bed-4435-b477-86c6ed0ece08:c3626, 06c1a879-4ae3-48dc-9686-b55cde066000:c3624, 67fae1a7-3cbe-4338-9d41-57e84498288b:c3624]
2019-07-10 10:27:36,943 INFO  client.GrpcClientProtocolClient (GrpcClientProtocolClient.java:onNext(255)) - client-821285EC2D67->9fa9a271-7bed-4435-b477-86c6ed0ece08: receive RaftClientReply:client-821285EC2D67->9fa9a271-7bed-4435-b477-86c6ed0ece08@group-0E07FAD1B91E, cid=2428, SUCCESS, logIndex=3627, commits[9fa9a271-7bed-4435-b477-86c6ed0ece08:c3628, 06c1a879-4ae3-48dc-9686-b55cde066000:c3624, 67fae1a7-3cbe-4338-9d41-57e84498288b:c3624]
2019-07-10 10:27:36,943 INFO  client.GrpcClientProtocolClient (GrpcClientProtocolClient.java:onNext(255)) - client-821285EC2D67->9fa9a271-7bed-4435-b477-86c6ed0ece08: receive RaftClientReply:client-821285EC2D67->9fa9a271-7bed-4435-b477-86c6ed0ece08@group-0E07FAD1B91E, cid=2429, SUCCESS, logIndex=3628, commits[9fa9a271-7bed-4435-b477-86c6ed0ece08:c3630, 06c1a879-4ae3-48dc-9686-b55cde066000:c3626, 67fae1a7-3cbe-4338-9d41-57e84498288b:c3624]
2019-07-10 10:27:36,944 INFO  client.GrpcClientProtocolClient (GrpcClientProtocolClient.java:onNext(255)) - client-821285EC2D67->9fa9a271-7bed-4435-b477-86c6ed0ece08: receive RaftClientReply:client-821285EC2D67->9fa9a271-7bed-4435-b477-86c6ed0ece08@group-0E07FAD1B91E, cid=2430, SUCCESS, logIndex=0, commits[9fa9a271-7bed-4435-b477-86c6ed0ece08:c3630, 06c1a879-4ae3-48dc-9686-b55cde066000:c3626, 67fae1a7-3cbe-4338-9d41-57e84498288b:c3626]
2019-07-10 10:27:36,962 INFO  client.GrpcClientProtocolClient (GrpcClientProtocolClient.java:onNext(255)) - client-821285EC2D67->9fa9a271-7bed-4435-b477-86c6ed0ece08: receive RaftClientReply:client-821285EC2D67->9fa9a271-7bed-4435-b477-86c6ed0ece08@group-0E07FAD1B91E, cid=2431, SUCCESS, logIndex=3633, commits[9fa9a271-7bed-4435-b477-86c6ed0ece08:c3634, 06c1a879-4ae3-48dc-9686-b55cde066000:c3632, 67fae1a7-3cbe-4338-9d41-57e84498288b:c3632]
2019-07-10 10:27:36,963 INFO  client.GrpcClientProtocolClient (GrpcClientProtocolClient.java:onNext(255)) - client-821285EC2D67->9fa9a271-7bed-4435-b477-86c6ed0ece08: receive RaftClientReply:client-821285EC2D67->9fa9a271-7bed-4435-b477-86c6ed0ece08@group-0E07FAD1B91E, cid=2432, SUCCESS, logIndex=3634, commits[9fa9a271-7bed-4435-b477-86c6ed0ece08:c3634, 06c1a879-4ae3-48dc-9686-b55cde066000:c3632, 67fae1a7-3cbe-4338-9d41-57e84498288b:c3632]
2019-07-10 10:27:36,976 INFO  client.GrpcClientProtocolClient (GrpcClientProtocolClient.java:onNext(255)) - client-821285EC2D67->9fa9a271-7bed-4435-b477-86c6ed0ece08: receive RaftClientReply:client-821285EC2D67->9fa9a271-7bed-4435-b477-86c6ed0ece08@group-0E07FAD1B91E, cid=2433, SUCCESS, logIndex=3637, commits[9fa9a271-7bed-4435-b477-86c6ed0ece08:c3638, 06c1a879-4ae3-48dc-9686-b55cde066000:c3634, 67fae1a7-3cbe-4338-9d41-57e84498288b:c3634]
2019-07-10 10:27:36,977 INFO  client.GrpcClientProtocolClient (GrpcClientProtocolClient.java:onNext(255)) - client-821285EC2D67->9fa9a271-7bed-4435-b477-86c6ed0ece08: receive RaftClientReply:client-821285EC2D67->9fa9a271-7bed-4435-b477-86c6ed0ece08@group-0E07FAD1B91E, cid=2434, SUCCESS, logIndex=3638, commits[9fa9a271-7bed-4435-b477-86c6ed0ece08:c3638, 06c1a879-4ae3-48dc-9686-b55cde066000:c3634, 67fae1a7-3cbe-4338-9d41-57e84498288b:c3634]
2019-07-10 10:27:37,041 INFO  client.GrpcClientProtocolClient (GrpcClientProtocolClient.java:onNext(255)) - client-821285EC2D67->9fa9a271-7bed-4435-b477-86c6ed0ece08: receive RaftClientReply:client-821285EC2D67->9fa9a271-7bed-4435-b477-86c6ed0ece08@group-0E07FAD1B91E, cid=2435, SUCCESS, logIndex=0, commits[9fa9a271-7bed-4435-b477-86c6ed0ece08:c3640, 06c1a879-4ae3-48dc-9686-b55cde066000:c3638, 67fae1a7-3cbe-4338-9d41-57e84498288b:c3638]
2019-07-10 10:27:37,076 INFO  client.GrpcClientProtocolClient (GrpcClientProtocolClient.java:onNext(255)) - client-821285EC2D67->9fa9a271-7bed-4435-b477-86c6ed0ece08: receive RaftClientReply:client-821285EC2D67->9fa9a271-7bed-4435-b477-86c6ed0ece08@group-0E07FAD1B91E, cid=2436, SUCCESS, logIndex=3641, commits[9fa9a271-7bed-4435-b477-86c6ed0ece08:c3642, 06c1a879-4ae3-48dc-9686-b55cde066000:c3640, 67fae1a7-3cbe-4338-9d41-57e84498288b:c3640]
2019-07-10 10:27:37,077 INFO  client.GrpcClientProtocolClient (GrpcClientProtocolClient.java:onNext(255)) - client-821285EC2D67->9fa9a271-7bed-4435-b477-86c6ed0ece08: receive RaftClientReply:client-821285EC2D67->9fa9a271-7bed-4435-b477-86c6ed0ece08@group-0E07FAD1B91E, cid=2437, SUCCESS, logIndex=3642, commits[9fa9a271-7bed-4435-b477-86c6ed0ece08:c3644, 06c1a879-4ae3-48dc-9686-b55cde066000:c3640, 67fae1a7-3cbe-4338-9d41-57e84498288b:c3640]
2019-07-10 10:27:37,077 INFO  client.GrpcClientProtocolClient (GrpcClientProtocolClient.java:onNext(255)) - client-821285EC2D67->9fa9a271-7bed-4435-b477-86c6ed0ece08: receive RaftClientReply:client-821285EC2D67->9fa9a271-7bed-4435-b477-86c6ed0ece08@group-0E07FAD1B91E, cid=2438, SUCCESS, logIndex=3643, commits[9fa9a271-7bed-4435-b477-86c6ed0ece08:c3644, 06c1a879-4ae3-48dc-9686-b55cde066000:c3640, 67fae1a7-3cbe-4338-9d41-57e84498288b:c3640]
2019-07-10 10:27:37,077 INFO  client.GrpcClientProtocolClient (GrpcClientProtocolClient.java:onNext(255)) - client-821285EC2D67->9fa9a271-7bed-4435-b477-86c6ed0ece08: receive RaftClientReply:client-821285EC2D67->9fa9a271-7bed-4435-b477-86c6ed0ece08@group-0E07FAD1B91E, cid=2439, SUCCESS, logIndex=3644, commits[9fa9a271-7bed-4435-b477-86c6ed0ece08:c3644, 06c1a879-4ae3-48dc-9686-b55cde066000:c3640, 67fae1a7-3cbe-4338-9d41-57e84498288b:c3640]
2019-07-10 10:27:37,101 INFO  client.GrpcClientProtocolClient (GrpcClientProtocolClient.java:onNext(255)) - client-821285EC2D67->9fa9a271-7bed-4435-b477-86c6ed0ece08: receive RaftClientReply:client-821285EC2D67->9fa9a271-7bed-4435-b477-86c6ed0ece08@group-0E07FAD1B91E, cid=2440, SUCCESS, logIndex=0, commits[9fa9a271-7bed-4435-b477-86c6ed0ece08:c3648, 06c1a879-4ae3-48dc-9686-b55cde066000:c3644, 67fae1a7-3cbe-4338-9d41-57e84498288b:c3642]
2019-07-10 10:27:37,125 INFO  client.GrpcClientProtocolClient (GrpcClientProtocolClient.java:onNext(255)) - client-821285EC2D67->9fa9a271-7bed-4435-b477-86c6ed0ece08: receive RaftClientReply:client-821285EC2D67->9fa9a271-7bed-4435-b477-86c6ed0ece08@group-0E07FAD1B91E, cid=2441, SUCCESS, logIndex=3649, commits[9fa9a271-7bed-4435-b477-86c6ed0ece08:c3650, 06c1a879-4ae3-48dc-9686-b55cde066000:c3644, 67fae1a7-3cbe-4338-9d41-57e84498288b:c3648]
2019-07-10 10:27:37,125 INFO  client.GrpcClientProtocolClient (GrpcClientProtocolClient.java:onNext(255)) - client-821285EC2D67->9fa9a271-7bed-4435-b477-86c6ed0ece08: receive RaftClientReply:client-821285EC2D67->9fa9a271-7bed-4435-b477-86c6ed0ece08@group-0E07FAD1B91E, cid=2442, SUCCESS, logIndex=3650, commits[9fa9a271-7bed-4435-b477-86c6ed0ece08:c3650, 06c1a879-4ae3-48dc-9686-b55cde066000:c3648, 67fae1a7-3cbe-4338-9d41-57e84498288b:c3648]
2019-07-10 10:27:37,144 INFO  client.GrpcClientProtocolClient (GrpcClientProtocolClient.java:onNext(255)) - client-821285EC2D67->9fa9a271-7bed-4435-b477-86c6ed0ece08: receive RaftClientReply:client-821285EC2D67->9fa9a271-7bed-4435-b477-86c6ed0ece08@group-0E07FAD1B91E, cid=2443, SUCCESS, logIndex=3653, commits[9fa9a271-7bed-4435-b477-86c6ed0ece08:c3653, 06c1a879-4ae3-48dc-9686-b55cde066000:c3652, 67fae1a7-3cbe-4338-9d41-57e84498288b:c3652]
2019-07-10 10:27:37,145 INFO  client.GrpcClientProtocolClient (GrpcClientProtocolClient.java:onNext(255)) - client-821285EC2D67->9fa9a271-7bed-4435-b477-86c6ed0ece08: receive RaftClientReply:client-821285EC2D67->9fa9a271-7bed-4435-b477-86c6ed0ece08@group-0E07FAD1B91E, cid=2444, SUCCESS, logIndex=3654, commits[9fa9a271-7bed-4435-b477-86c6ed0ece08:c3654, 06c1a879-4ae3-48dc-9686-b55cde066000:c3652, 67fae1a7-3cbe-4338-9d41-57e84498288b:c3652]
2019-07-10 10:27:37,157 INFO  client.GrpcClientProtocolClient (GrpcClientProtocolClient.java:onNext(255)) - client-821285EC2D67->9fa9a271-7bed-4435-b477-86c6ed0ece08: receive RaftClientReply:client-821285EC2D67->9fa9a271-7bed-4435-b477-86c6ed0ece08@group-0E07FAD1B91E, cid=2445, SUCCESS, logIndex=0, commits[9fa9a271-7bed-4435-b477-86c6ed0ece08:c3656, 06c1a879-4ae3-48dc-9686-b55cde066000:c3654, 67fae1a7-3cbe-4338-9d41-57e84498288b:c3654]
2019-07-10 10:27:37,179 INFO  client.GrpcClientProtocolClient (GrpcClientProtocolClient.java:onNext(255)) - client-821285EC2D67->9fa9a271-7bed-4435-b477-86c6ed0ece08: receive RaftClientReply:client-821285EC2D67->9fa9a271-7bed-4435-b477-86c6ed0ece08@group-0E07FAD1B91E, cid=2446, SUCCESS, logIndex=3657, commits[9fa9a271-7bed-4435-b477-86c6ed0ece08:c3658, 06c1a879-4ae3-48dc-9686-b55cde066000:c3656, 67fae1a7-3cbe-4338-9d41-57e84498288b:c3656]
2019-07-10 10:27:37,180 INFO  client.GrpcClientProtocolClient (GrpcClientProtocolClient.java:onNext(255)) - client-821285EC2D67->9fa9a271-7bed-4435-b477-86c6ed0ece08: receive RaftClientReply:client-821285EC2D67->9fa9a271-7bed-4435-b477-86c6ed0ece08@group-0E07FAD1B91E, cid=2447, SUCCESS, logIndex=3658, commits[9fa9a271-7bed-4435-b477-86c6ed0ece08:c3658, 06c1a879-4ae3-48dc-9686-b55cde066000:c3656, 67fae1a7-3cbe-4338-9d41-57e84498288b:c3656]
2019-07-10 10:27:37,181 INFO  client.GrpcClientProtocolClient (GrpcClientProtocolClient.java:onNext(255)) - client-821285EC2D67->9fa9a271-7bed-4435-b477-86c6ed0ece08: receive RaftClientReply:client-821285EC2D67->9fa9a271-7bed-4435-b477-86c6ed0ece08@group-0E07FAD1B91E, cid=2448, SUCCESS, logIndex=3659, commits[9fa9a271-7bed-4435-b477-86c6ed0ece08:c3660, 06c1a879-4ae3-48dc-9686-b55cde066000:c3656, 67fae1a7-3cbe-4338-9d41-57e84498288b:c3656]
2019-07-10 10:27:37,181 INFO  client.GrpcClientProtocolClient (GrpcClientProtocolClient.java:onNext(255)) - client-821285EC2D67->9fa9a271-7bed-4435-b477-86c6ed0ece08: receive RaftClientReply:client-821285EC2D67->9fa9a271-7bed-4435-b477-86c6ed0ece08@group-0E07FAD1B91E, cid=2449, SUCCESS, logIndex=3660, commits[9fa9a271-7bed-4435-b477-86c6ed0ece08:c3660, 06c1a879-4ae3-48dc-9686-b55cde066000:c3656, 67fae1a7-3cbe-4338-9d41-57e84498288b:c3656]
2019-07-10 10:27:37,183 INFO  client.GrpcClientProtocolClient (GrpcClientProtocolClient.java:onNext(255)) - client-821285EC2D67->9fa9a271-7bed-4435-b477-86c6ed0ece08: receive RaftClientReply:client-821285EC2D67->9fa9a271-7bed-4435-b477-86c6ed0ece08@group-0E07FAD1B91E, cid=2450, SUCCESS, logIndex=0, commits[9fa9a271-7bed-4435-b477-86c6ed0ece08:c3662, 06c1a879-4ae3-48dc-9686-b55cde066000:c3658, 67fae1a7-3cbe-4338-9d41-57e84498288b:c3658]
2019-07-10 10:27:37,202 INFO  client.GrpcClientProtocolClient (GrpcClientProtocolClient.java:onNext(255)) - client-821285EC2D67->9fa9a271-7bed-4435-b477-86c6ed0ece08: receive RaftClientReply:client-821285EC2D67->9fa9a271-7bed-4435-b477-86c6ed0ece08@group-0E07FAD1B91E, cid=2451, SUCCESS, logIndex=3665, commits[9fa9a271-7bed-4435-b477-86c6ed0ece08:c3665, 06c1a879-4ae3-48dc-9686-b55cde066000:c3664, 67fae1a7-3cbe-4338-9d41-57e84498288b:c3664]
2019-07-10 10:27:37,203 INFO  client.GrpcClientProtocolClient (GrpcClientProtocolClient.java:onNext(255)) - client-821285EC2D67->9fa9a271-7bed-4435-b477-86c6ed0ece08: receive RaftClientReply:client-821285EC2D67->9fa9a271-7bed-4435-b477-86c6ed0ece08@group-0E07FAD1B91E, cid=2452, SUCCESS, logIndex=3666, commits[9fa9a271-7bed-4435-b477-86c6ed0ece08:c3666, 06c1a879-4ae3-48dc-9686-b55cde066000:c3664, 67fae1a7-3cbe-4338-9d41-57e84498288b:c3664]
2019-07-10 10:27:37,225 INFO  client.GrpcClientProtocolClient (GrpcClientProtocolClient.java:onNext(255)) - client-821285EC2D67->9fa9a271-7bed-4435-b477-86c6ed0ece08: receive RaftClientReply:client-821285EC2D67->9fa9a271-7bed-4435-b477-86c6ed0ece08@group-0E07FAD1B91E, cid=2453, SUCCESS, logIndex=3669, commits[9fa9a271-7bed-4435-b477-86c6ed0ece08:c3670, 06c1a879-4ae3-48dc-9686-b55cde066000:c3668, 67fae1a7-3cbe-4338-9d41-57e84498288b:c3666]
2019-07-10 10:27:37,225 INFO  client.GrpcClientProtocolClient (GrpcClientProtocolClient.java:onNext(255)) - client-821285EC2D67->9fa9a271-7bed-4435-b477-86c6ed0ece08: receive RaftClientReply:client-821285EC2D67->9fa9a271-7bed-4435-b477-86c6ed0ece08@group-0E07FAD1B91E, cid=2454, SUCCESS, logIndex=3670, commits[9fa9a271-7bed-4435-b477-86c6ed0ece08:c3670, 06c1a879-4ae3-48dc-9686-b55cde066000:c3668, 67fae1a7-3cbe-4338-9d41-57e84498288b:c3668]
2019-07-10 10:27:37,229 INFO  client.GrpcClientProtocolClient (GrpcClientProtocolClient.java:onNext(255)) - client-821285EC2D67->9fa9a271-7bed-4435-b477-86c6ed0ece08: receive RaftClientReply:client-821285EC2D67->9fa9a271-7bed-4435-b477-86c6ed0ece08@group-0E07FAD1B91E, cid=2455, SUCCESS, logIndex=0, commits[9fa9a271-7bed-4435-b477-86c6ed0ece08:c3671, 06c1a879-4ae3-48dc-9686-b55cde066000:c3670, 67fae1a7-3cbe-4338-9d41-57e84498288b:c3670]
2019-07-10 10:27:37,256 INFO  client.GrpcClientProtocolClient (GrpcClientProtocolClient.java:onNext(255)) - client-821285EC2D67->9fa9a271-7bed-4435-b477-86c6ed0ece08: receive RaftClientReply:client-821285EC2D67->9fa9a271-7bed-4435-b477-86c6ed0ece08@group-0E07FAD1B91E, cid=2456, SUCCESS, logIndex=3673, commits[9fa9a271-7bed-4435-b477-86c6ed0ece08:c3674, 06c1a879-4ae3-48dc-9686-b55cde066000:c3672, 67fae1a7-3cbe-4338-9d41-57e84498288b:c3672]
2019-07-10 10:27:37,256 INFO  client.GrpcClientProtocolClient (GrpcClientProtocolClient.java:onNext(255)) - client-821285EC2D67->9fa9a271-7bed-4435-b477-86c6ed0ece08: receive RaftClientReply:client-821285EC2D67->9fa9a271-7bed-4435-b477-86c6ed0ece08@group-0E07FAD1B91E, cid=2457, SUCCESS, logIndex=3674, commits[9fa9a271-7bed-4435-b477-86c6ed0ece08:c3674, 06c1a879-4ae3-48dc-9686-b55cde066000:c3672, 67fae1a7-3cbe-4338-9d41-57e84498288b:c3672]
2019-07-10 10:27:37,257 INFO  client.GrpcClientProtocolClient (GrpcClientProtocolClient.java:onNext(255)) - client-821285EC2D67->9fa9a271-7bed-4435-b477-86c6ed0ece08: receive RaftClientReply:client-821285EC2D67->9fa9a271-7bed-4435-b477-86c6ed0ece08@group-0E07FAD1B91E, cid=2458, SUCCESS, logIndex=3675, commits[9fa9a271-7bed-4435-b477-86c6ed0ece08:c3676, 06c1a879-4ae3-48dc-9686-b55cde066000:c3672, 67fae1a7-3cbe-4338-9d41-57e84498288b:c3672]
2019-07-10 10:27:37,257 INFO  client.GrpcClientProtocolClient (GrpcClientProtocolClient.java:onNext(255)) - client-821285EC2D67->9fa9a271-7bed-4435-b477-86c6ed0ece08: receive RaftClientReply:client-821285EC2D67->9fa9a271-7bed-4435-b477-86c6ed0ece08@group-0E07FAD1B91E, cid=2459, SUCCESS, logIndex=3676, commits[9fa9a271-7bed-4435-b477-86c6ed0ece08:c3676, 06c1a879-4ae3-48dc-9686-b55cde066000:c3672, 67fae1a7-3cbe-4338-9d41-57e84498288b:c3672]
2019-07-10 10:27:37,258 INFO  client.GrpcClientProtocolClient (GrpcClientProtocolClient.java:onNext(255)) - client-821285EC2D67->9fa9a271-7bed-4435-b477-86c6ed0ece08: receive RaftClientReply:client-821285EC2D67->9fa9a271-7bed-4435-b477-86c6ed0ece08@group-0E07FAD1B91E, cid=2460, SUCCESS, logIndex=0, commits[9fa9a271-7bed-4435-b477-86c6ed0ece08:c3678, 06c1a879-4ae3-48dc-9686-b55cde066000:c3674, 67fae1a7-3cbe-4338-9d41-57e84498288b:c3674]
2019-07-10 10:27:37,278 INFO  client.GrpcClientProtocolClient (GrpcClientProtocolClient.java:onNext(255)) - client-821285EC2D67->9fa9a271-7bed-4435-b477-86c6ed0ece08: receive RaftClientReply:client-821285EC2D67->9fa9a271-7bed-4435-b477-86c6ed0ece08@group-0E07FAD1B91E, cid=2461, SUCCESS, logIndex=3681, commits[9fa9a271-7bed-4435-b477-86c6ed0ece08:c3682, 06c1a879-4ae3-48dc-9686-b55cde066000:c3676, 67fae1a7-3cbe-4338-9d41-57e84498288b:c3680]
2019-07-10 10:27:37,278 INFO  client.GrpcClientProtocolClient (GrpcClientProtocolClient.java:onNext(255)) - client-821285EC2D67->9fa9a271-7bed-4435-b477-86c6ed0ece08: receive RaftClientReply:client-821285EC2D67->9fa9a271-7bed-4435-b477-86c6ed0ece08@group-0E07FAD1B91E, cid=2462, SUCCESS, logIndex=3682, commits[9fa9a271-7bed-4435-b477-86c6ed0ece08:c3682, 06c1a879-4ae3-48dc-9686-b55cde066000:c3680, 67fae1a7-3cbe-4338-9d41-57e84498288b:c3680]
2019-07-10 10:27:37,298 INFO  client.GrpcClientProtocolClient (GrpcClientProtocolClient.java:onNext(255)) - client-821285EC2D67->9fa9a271-7bed-4435-b477-86c6ed0ece08: receive RaftClientReply:client-821285EC2D67->9fa9a271-7bed-4435-b477-86c6ed0ece08@group-0E07FAD1B91E, cid=2463, SUCCESS, logIndex=3685, commits[9fa9a271-7bed-4435-b477-86c6ed0ece08:c3686, 06c1a879-4ae3-48dc-9686-b55cde066000:c3682, 67fae1a7-3cbe-4338-9d41-57e84498288b:c3683]
2019-07-10 10:27:37,298 INFO  client.GrpcClientProtocolClient (GrpcClientProtocolClient.java:onNext(255)) - client-821285EC2D67->9fa9a271-7bed-4435-b477-86c6ed0ece08: receive RaftClientReply:client-821285EC2D67->9fa9a271-7bed-4435-b477-86c6ed0ece08@group-0E07FAD1B91E, cid=2464, SUCCESS, logIndex=3686, commits[9fa9a271-7bed-4435-b477-86c6ed0ece08:c3686, 06c1a879-4ae3-48dc-9686-b55cde066000:c3683, 67fae1a7-3cbe-4338-9d41-57e84498288b:c3683]
2019-07-10 10:27:37,301 INFO  client.GrpcClientProtocolClient (GrpcClientProtocolClient.java:onNext(255)) - client-821285EC2D67->9fa9a271-7bed-4435-b477-86c6ed0ece08: receive RaftClientReply:client-821285EC2D67->9fa9a271-7bed-4435-b477-86c6ed0ece08@group-0E07FAD1B91E, cid=2465, SUCCESS, logIndex=0, commits[9fa9a271-7bed-4435-b477-86c6ed0ece08:c3688, 06c1a879-4ae3-48dc-9686-b55cde066000:c3686, 67fae1a7-3cbe-4338-9d41-57e84498288b:c3686]
2019-07-10 10:27:37,321 INFO  client.GrpcClientProtocolClient (GrpcClientProtocolClient.java:onNext(255)) - client-821285EC2D67->9fa9a271-7bed-4435-b477-86c6ed0ece08: receive RaftClientReply:client-821285EC2D67->9fa9a271-7bed-4435-b477-86c6ed0ece08@group-0E07FAD1B91E, cid=2466, SUCCESS, logIndex=3689, commits[9fa9a271-7bed-4435-b477-86c6ed0ece08:c3690, 06c1a879-4ae3-48dc-9686-b55cde066000:c3688, 67fae1a7-3cbe-4338-9d41-57e84498288b:c3686]
2019-07-10 10:27:37,322 INFO  client.GrpcClientProtocolClient (GrpcClientProtocolClient.java:onNext(255)) - client-821285EC2D67->9fa9a271-7bed-4435-b477-86c6ed0ece08: receive RaftClientReply:client-821285EC2D67->9fa9a271-7bed-4435-b477-86c6ed0ece08@group-0E07FAD1B91E, cid=2467, SUCCESS, logIndex=3690, commits[9fa9a271-7bed-4435-b477-86c6ed0ece08:c3690, 06c1a879-4ae3-48dc-9686-b55cde066000:c3688, 67fae1a7-3cbe-4338-9d41-57e84498288b:c3686]
2019-07-10 10:27:37,323 INFO  client.GrpcClientProtocolClient (GrpcClientProtocolClient.java:onNext(255)) - client-821285EC2D67->9fa9a271-7bed-4435-b477-86c6ed0ece08: receive RaftClientReply:client-821285EC2D67->9fa9a271-7bed-4435-b477-86c6ed0ece08@group-0E07FAD1B91E, cid=2468, SUCCESS, logIndex=3691, commits[9fa9a271-7bed-4435-b477-86c6ed0ece08:c3691, 06c1a879-4ae3-48dc-9686-b55cde066000:c3688, 67fae1a7-3cbe-4338-9d41-57e84498288b:c3688]
2019-07-10 10:27:37,324 INFO  client.GrpcClientProtocolClient (GrpcClientProtocolClient.java:onNext(255)) - client-821285EC2D67->9fa9a271-7bed-4435-b477-86c6ed0ece08: receive RaftClientReply:client-821285EC2D67->9fa9a271-7bed-4435-b477-86c6ed0ece08@group-0E07FAD1B91E, cid=2469, SUCCESS, logIndex=3692, commits[9fa9a271-7bed-4435-b477-86c6ed0ece08:c3693, 06c1a879-4ae3-48dc-9686-b55cde066000:c3689, 67fae1a7-3cbe-4338-9d41-57e84498288b:c3688]
2019-07-10 10:27:37,325 INFO  client.GrpcClientProtocolClient (GrpcClientProtocolClient.java:onNext(255)) - client-821285EC2D67->9fa9a271-7bed-4435-b477-86c6ed0ece08: receive RaftClientReply:client-821285EC2D67->9fa9a271-7bed-4435-b477-86c6ed0ece08@group-0E07FAD1B91E, cid=2470, SUCCESS, logIndex=0, commits[9fa9a271-7bed-4435-b477-86c6ed0ece08:c3694, 06c1a879-4ae3-48dc-9686-b55cde066000:c3690, 67fae1a7-3cbe-4338-9d41-57e84498288b:c3690]
2019-07-10 10:27:37,336 INFO  client.GrpcClientProtocolClient (GrpcClientProtocolClient.java:onNext(255)) - client-821285EC2D67->9fa9a271-7bed-4435-b477-86c6ed0ece08: receive RaftClientReply:client-821285EC2D67->9fa9a271-7bed-4435-b477-86c6ed0ece08@group-0E07FAD1B91E, cid=2471, SUCCESS, logIndex=3697, commits[9fa9a271-7bed-4435-b477-86c6ed0ece08:c3698, 06c1a879-4ae3-48dc-9686-b55cde066000:c3692, 67fae1a7-3cbe-4338-9d41-57e84498288b:c3694]
2019-07-10 10:27:37,336 INFO  client.GrpcClientProtocolClient (GrpcClientProtocolClient.java:onNext(255)) - client-821285EC2D67->9fa9a271-7bed-4435-b477-86c6ed0ece08: receive RaftClientReply:client-821285EC2D67->9fa9a271-7bed-4435-b477-86c6ed0ece08@group-0E07FAD1B91E, cid=2472, SUCCESS, logIndex=3698, commits[9fa9a271-7bed-4435-b477-86c6ed0ece08:c3698, 06c1a879-4ae3-48dc-9686-b55cde066000:c3692, 67fae1a7-3cbe-4338-9d41-57e84498288b:c3694]
2019-07-10 10:27:37,349 INFO  client.GrpcClientProtocolClient (GrpcClientProtocolClient.java:onNext(255)) - client-821285EC2D67->9fa9a271-7bed-4435-b477-86c6ed0ece08: receive RaftClientReply:client-821285EC2D67->9fa9a271-7bed-4435-b477-86c6ed0ece08@group-0E07FAD1B91E, cid=2473, SUCCESS, logIndex=3701, commits[9fa9a271-7bed-4435-b477-86c6ed0ece08:c3701, 06c1a879-4ae3-48dc-9686-b55cde066000:c3697, 67fae1a7-3cbe-4338-9d41-57e84498288b:c3698]
2019-07-10 10:27:37,350 INFO  client.GrpcClientProtocolClient (GrpcClientProtocolClient.java:onNext(255)) - client-821285EC2D67->9fa9a271-7bed-4435-b477-86c6ed0ece08: receive RaftClientReply:client-821285EC2D67->9fa9a271-7bed-4435-b477-86c6ed0ece08@group-0E07FAD1B91E, cid=2474, SUCCESS, logIndex=3702, commits[9fa9a271-7bed-4435-b477-86c6ed0ece08:c3702, 06c1a879-4ae3-48dc-9686-b55cde066000:c3698, 67fae1a7-3cbe-4338-9d41-57e84498288b:c3698]
2019-07-10 10:27:37,361 INFO  client.GrpcClientProtocolClient (GrpcClientProtocolClient.java:onNext(255)) - client-821285EC2D67->9fa9a271-7bed-4435-b477-86c6ed0ece08: receive RaftClientReply:client-821285EC2D67->9fa9a271-7bed-4435-b477-86c6ed0ece08@group-0E07FAD1B91E, cid=2475, SUCCESS, logIndex=0, commits[9fa9a271-7bed-4435-b477-86c6ed0ece08:c3704, 06c1a879-4ae3-48dc-9686-b55cde066000:c3702, 67fae1a7-3cbe-4338-9d41-57e84498288b:c3702]
 0.00% |█                                                                                                    |  0/1 Time: 0:00:172019-07-10 10:27:37,503 INFO  client.GrpcClientProtocolClient (GrpcClientProtocolClient.java:onNext(255)) - client-821285EC2D67->9fa9a271-7bed-4435-b477-86c6ed0ece08: receive RaftClientReply:client-821285EC2D67->9fa9a271-7bed-4435-b477-86c6ed0ece08@group-0E07FAD1B91E, cid=2476, SUCCESS, logIndex=3705, commits[9fa9a271-7bed-4435-b477-86c6ed0ece08:c3706, 06c1a879-4ae3-48dc-9686-b55cde066000:c3704, 67fae1a7-3cbe-4338-9d41-57e84498288b:c3704]
2019-07-10 10:27:37,503 INFO  client.GrpcClientProtocolClient (GrpcClientProtocolClient.java:onNext(255)) - client-821285EC2D67->9fa9a271-7bed-4435-b477-86c6ed0ece08: receive RaftClientReply:client-821285EC2D67->9fa9a271-7bed-4435-b477-86c6ed0ece08@group-0E07FAD1B91E, cid=2477, SUCCESS, logIndex=3706, commits[9fa9a271-7bed-4435-b477-86c6ed0ece08:c3707, 06c1a879-4ae3-48dc-9686-b55cde066000:c3704, 67fae1a7-3cbe-4338-9d41-57e84498288b:c3704]
2019-07-10 10:27:37,504 INFO  client.GrpcClientProtocolClient (GrpcClientProtocolClient.java:onNext(255)) - client-821285EC2D67->9fa9a271-7bed-4435-b477-86c6ed0ece08: receive RaftClientReply:client-821285EC2D67->9fa9a271-7bed-4435-b477-86c6ed0ece08@group-0E07FAD1B91E, cid=2478, SUCCESS, logIndex=3707, commits[9fa9a271-7bed-4435-b477-86c6ed0ece08:c3708, 06c1a879-4ae3-48dc-9686-b55cde066000:c3704, 67fae1a7-3cbe-4338-9d41-57e84498288b:c3704]
2019-07-10 10:27:37,504 INFO  client.GrpcClientProtocolClient (GrpcClientProtocolClient.java:onNext(255)) - client-821285EC2D67->9fa9a271-7bed-4435-b477-86c6ed0ece08: receive RaftClientReply:client-821285EC2D67->9fa9a271-7bed-4435-b477-86c6ed0ece08@group-0E07FAD1B91E, cid=2479, SUCCESS, logIndex=3708, commits[9fa9a271-7bed-4435-b477-86c6ed0ece08:c3708, 06c1a879-4ae3-48dc-9686-b55cde066000:c3704, 67fae1a7-3cbe-4338-9d41-57e84498288b:c3704]
2019-07-10 10:27:37,505 INFO  client.GrpcClientProtocolClient (GrpcClientProtocolClient.java:onNext(255)) - client-821285EC2D67->9fa9a271-7bed-4435-b477-86c6ed0ece08: receive RaftClientReply:client-821285EC2D67->9fa9a271-7bed-4435-b477-86c6ed0ece08@group-0E07FAD1B91E, cid=2480, SUCCESS, logIndex=0, commits[9fa9a271-7bed-4435-b477-86c6ed0ece08:c3711, 06c1a879-4ae3-48dc-9686-b55cde066000:c3706, 67fae1a7-3cbe-4338-9d41-57e84498288b:c3707]
2019-07-10 10:27:37,524 INFO  client.GrpcClientProtocolClient (GrpcClientProtocolClient.java:onNext(255)) - client-821285EC2D67->9fa9a271-7bed-4435-b477-86c6ed0ece08: receive RaftClientReply:client-821285EC2D67->9fa9a271-7bed-4435-b477-86c6ed0ece08@group-0E07FAD1B91E, cid=2481, SUCCESS, logIndex=3713, commits[9fa9a271-7bed-4435-b477-86c6ed0ece08:c3714, 06c1a879-4ae3-48dc-9686-b55cde066000:c3712, 67fae1a7-3cbe-4338-9d41-57e84498288b:c3712]
2019-07-10 10:27:37,524 INFO  client.GrpcClientProtocolClient (GrpcClientProtocolClient.java:onNext(255)) - client-821285EC2D67->9fa9a271-7bed-4435-b477-86c6ed0ece08: receive RaftClientReply:client-821285EC2D67->9fa9a271-7bed-4435-b477-86c6ed0ece08@group-0E07FAD1B91E, cid=2482, SUCCESS, logIndex=3714, commits[9fa9a271-7bed-4435-b477-86c6ed0ece08:c3714, 06c1a879-4ae3-48dc-9686-b55cde066000:c3712, 67fae1a7-3cbe-4338-9d41-57e84498288b:c3712]
2019-07-10 10:27:37,538 INFO  client.GrpcClientProtocolClient (GrpcClientProtocolClient.java:onNext(255)) - client-821285EC2D67->9fa9a271-7bed-4435-b477-86c6ed0ece08: receive RaftClientReply:client-821285EC2D67->9fa9a271-7bed-4435-b477-86c6ed0ece08@group-0E07FAD1B91E, cid=2483, SUCCESS, logIndex=3717, commits[9fa9a271-7bed-4435-b477-86c6ed0ece08:c3718, 06c1a879-4ae3-48dc-9686-b55cde066000:c3714, 67fae1a7-3cbe-4338-9d41-57e84498288b:c3714]
2019-07-10 10:27:37,539 INFO  client.GrpcClientProtocolClient (GrpcClientProtocolClient.java:onNext(255)) - client-821285EC2D67->9fa9a271-7bed-4435-b477-86c6ed0ece08: receive RaftClientReply:client-821285EC2D67->9fa9a271-7bed-4435-b477-86c6ed0ece08@group-0E07FAD1B91E, cid=2484, SUCCESS, logIndex=3718, commits[9fa9a271-7bed-4435-b477-86c6ed0ece08:c3718, 06c1a879-4ae3-48dc-9686-b55cde066000:c3714, 67fae1a7-3cbe-4338-9d41-57e84498288b:c3714]
2019-07-10 10:27:37,540 INFO  client.GrpcClientProtocolClient (GrpcClientProtocolClient.java:onNext(255)) - client-821285EC2D67->9fa9a271-7bed-4435-b477-86c6ed0ece08: receive RaftClientReply:client-821285EC2D67->9fa9a271-7bed-4435-b477-86c6ed0ece08@group-0E07FAD1B91E, cid=2485, SUCCESS, logIndex=0, commits[9fa9a271-7bed-4435-b477-86c6ed0ece08:c3719, 06c1a879-4ae3-48dc-9686-b55cde066000:c3718, 67fae1a7-3cbe-4338-9d41-57e84498288b:c3718]
2019-07-10 10:27:37,559 INFO  client.GrpcClientProtocolClient (GrpcClientProtocolClient.java:onNext(255)) - client-821285EC2D67->9fa9a271-7bed-4435-b477-86c6ed0ece08: receive RaftClientReply:client-821285EC2D67->9fa9a271-7bed-4435-b477-86c6ed0ece08@group-0E07FAD1B91E, cid=2486, SUCCESS, logIndex=3721, commits[9fa9a271-7bed-4435-b477-86c6ed0ece08:c3722, 06c1a879-4ae3-48dc-9686-b55cde066000:c3720, 67fae1a7-3cbe-4338-9d41-57e84498288b:c3718]
2019-07-10 10:27:37,560 INFO  client.GrpcClientProtocolClient (GrpcClientProtocolClient.java:onNext(255)) - client-821285EC2D67->9fa9a271-7bed-4435-b477-86c6ed0ece08: receive RaftClientReply:client-821285EC2D67->9fa9a271-7bed-4435-b477-86c6ed0ece08@group-0E07FAD1B91E, cid=2487, SUCCESS, logIndex=3722, commits[9fa9a271-7bed-4435-b477-86c6ed0ece08:c3722, 06c1a879-4ae3-48dc-9686-b55cde066000:c3720, 67fae1a7-3cbe-4338-9d41-57e84498288b:c3718]
2019-07-10 10:27:37,561 INFO  client.GrpcClientProtocolClient (GrpcClientProtocolClient.java:onNext(255)) - client-821285EC2D67->9fa9a271-7bed-4435-b477-86c6ed0ece08: receive RaftClientReply:client-821285EC2D67->9fa9a271-7bed-4435-b477-86c6ed0ece08@group-0E07FAD1B91E, cid=2488, SUCCESS, logIndex=3723, commits[9fa9a271-7bed-4435-b477-86c6ed0ece08:c3725, 06c1a879-4ae3-48dc-9686-b55cde066000:c3722, 67fae1a7-3cbe-4338-9d41-57e84498288b:c3720]
2019-07-10 10:27:37,561 INFO  client.GrpcClientProtocolClient (GrpcClientProtocolClient.java:onNext(255)) - client-821285EC2D67->9fa9a271-7bed-4435-b477-86c6ed0ece08: receive RaftClientReply:client-821285EC2D67->9fa9a271-7bed-4435-b477-86c6ed0ece08@group-0E07FAD1B91E, cid=2489, SUCCESS, logIndex=3724, commits[9fa9a271-7bed-4435-b477-86c6ed0ece08:c3726, 06c1a879-4ae3-48dc-9686-b55cde066000:c3722, 67fae1a7-3cbe-4338-9d41-57e84498288b:c3720]
2019-07-10 10:27:37,562 INFO  client.GrpcClientProtocolClient (GrpcClientProtocolClient.java:onNext(255)) - client-821285EC2D67->9fa9a271-7bed-4435-b477-86c6ed0ece08: receive RaftClientReply:client-821285EC2D67->9fa9a271-7bed-4435-b477-86c6ed0ece08@group-0E07FAD1B91E, cid=2490, SUCCESS, logIndex=0, commits[9fa9a271-7bed-4435-b477-86c6ed0ece08:c3726, 06c1a879-4ae3-48dc-9686-b55cde066000:c3722, 67fae1a7-3cbe-4338-9d41-57e84498288b:c3722]
2019-07-10 10:27:37,586 INFO  client.GrpcClientProtocolClient (GrpcClientProtocolClient.java:onNext(255)) - client-821285EC2D67->9fa9a271-7bed-4435-b477-86c6ed0ece08: receive RaftClientReply:client-821285EC2D67->9fa9a271-7bed-4435-b477-86c6ed0ece08@group-0E07FAD1B91E, cid=2491, SUCCESS, logIndex=3729, commits[9fa9a271-7bed-4435-b477-86c6ed0ece08:c3730, 06c1a879-4ae3-48dc-9686-b55cde066000:c3727, 67fae1a7-3cbe-4338-9d41-57e84498288b:c3727]
2019-07-10 10:27:37,586 INFO  client.GrpcClientProtocolClient (GrpcClientProtocolClient.java:onNext(255)) - client-821285EC2D67->9fa9a271-7bed-4435-b477-86c6ed0ece08: receive RaftClientReply:client-821285EC2D67->9fa9a271-7bed-4435-b477-86c6ed0ece08@group-0E07FAD1B91E, cid=2492, SUCCESS, logIndex=3730, commits[9fa9a271-7bed-4435-b477-86c6ed0ece08:c3730, 06c1a879-4ae3-48dc-9686-b55cde066000:c3727, 67fae1a7-3cbe-4338-9d41-57e84498288b:c3727]
2019-07-10 10:27:37,599 INFO  client.GrpcClientProtocolClient (GrpcClientProtocolClient.java:onNext(255)) - client-821285EC2D67->9fa9a271-7bed-4435-b477-86c6ed0ece08: receive RaftClientReply:client-821285EC2D67->9fa9a271-7bed-4435-b477-86c6ed0ece08@group-0E07FAD1B91E, cid=2493, SUCCESS, logIndex=3733, commits[9fa9a271-7bed-4435-b477-86c6ed0ece08:c3734, 06c1a879-4ae3-48dc-9686-b55cde066000:c3730, 67fae1a7-3cbe-4338-9d41-57e84498288b:c3730]
2019-07-10 10:27:37,599 INFO  client.GrpcClientProtocolClient (GrpcClientProtocolClient.java:onNext(255)) - client-821285EC2D67->9fa9a271-7bed-4435-b477-86c6ed0ece08: receive RaftClientReply:client-821285EC2D67->9fa9a271-7bed-4435-b477-86c6ed0ece08@group-0E07FAD1B91E, cid=2494, SUCCESS, logIndex=3734, commits[9fa9a271-7bed-4435-b477-86c6ed0ece08:c3734, 06c1a879-4ae3-48dc-9686-b55cde066000:c3730, 67fae1a7-3cbe-4338-9d41-57e84498288b:c3730]
2019-07-10 10:27:37,604 INFO  client.GrpcClientProtocolClient (GrpcClientProtocolClient.java:onNext(255)) - client-821285EC2D67->9fa9a271-7bed-4435-b477-86c6ed0ece08: receive RaftClientReply:client-821285EC2D67->9fa9a271-7bed-4435-b477-86c6ed0ece08@group-0E07FAD1B91E, cid=2495, SUCCESS, logIndex=0, commits[9fa9a271-7bed-4435-b477-86c6ed0ece08:c3736, 06c1a879-4ae3-48dc-9686-b55cde066000:c3734, 67fae1a7-3cbe-4338-9d41-57e84498288b:c3734]
2019-07-10 10:27:37,628 INFO  client.GrpcClientProtocolClient (GrpcClientProtocolClient.java:onNext(255)) - client-821285EC2D67->9fa9a271-7bed-4435-b477-86c6ed0ece08: receive RaftClientReply:client-821285EC2D67->9fa9a271-7bed-4435-b477-86c6ed0ece08@group-0E07FAD1B91E, cid=2496, SUCCESS, logIndex=3737, commits[9fa9a271-7bed-4435-b477-86c6ed0ece08:c3738, 06c1a879-4ae3-48dc-9686-b55cde066000:c3736, 67fae1a7-3cbe-4338-9d41-57e84498288b:c3736]
2019-07-10 10:27:37,629 INFO  client.GrpcClientProtocolClient (GrpcClientProtocolClient.java:onNext(255)) - client-821285EC2D67->9fa9a271-7bed-4435-b477-86c6ed0ece08: receive RaftClientReply:client-821285EC2D67->9fa9a271-7bed-4435-b477-86c6ed0ece08@group-0E07FAD1B91E, cid=2497, SUCCESS, logIndex=3738, commits[9fa9a271-7bed-4435-b477-86c6ed0ece08:c3738, 06c1a879-4ae3-48dc-9686-b55cde066000:c3736, 67fae1a7-3cbe-4338-9d41-57e84498288b:c3736]
2019-07-10 10:27:37,630 INFO  client.GrpcClientProtocolClient (GrpcClientProtocolClient.java:onNext(255)) - client-821285EC2D67->9fa9a271-7bed-4435-b477-86c6ed0ece08: receive RaftClientReply:client-821285EC2D67->9fa9a271-7bed-4435-b477-86c6ed0ece08@group-0E07FAD1B91E, cid=2498, SUCCESS, logIndex=3739, commits[9fa9a271-7bed-4435-b477-86c6ed0ece08:c3740, 06c1a879-4ae3-48dc-9686-b55cde066000:c3736, 67fae1a7-3cbe-4338-9d41-57e84498288b:c3736]
2019-07-10 10:27:37,630 INFO  client.GrpcClientProtocolClient (GrpcClientProtocolClient.java:onNext(255)) - client-821285EC2D67->9fa9a271-7bed-4435-b477-86c6ed0ece08: receive RaftClientReply:client-821285EC2D67->9fa9a271-7bed-4435-b477-86c6ed0ece08@group-0E07FAD1B91E, cid=2499, SUCCESS, logIndex=3740, commits[9fa9a271-7bed-4435-b477-86c6ed0ece08:c3740, 06c1a879-4ae3-48dc-9686-b55cde066000:c3736, 67fae1a7-3cbe-4338-9d41-57e84498288b:c3736]
2019-07-10 10:27:37,632 INFO  client.GrpcClientProtocolClient (GrpcClientProtocolClient.java:onNext(255)) - client-821285EC2D67->9fa9a271-7bed-4435-b477-86c6ed0ece08: receive RaftClientReply:client-821285EC2D67->9fa9a271-7bed-4435-b477-86c6ed0ece08@group-0E07FAD1B91E, cid=2500, SUCCESS, logIndex=0, commits[9fa9a271-7bed-4435-b477-86c6ed0ece08:c3742, 06c1a879-4ae3-48dc-9686-b55cde066000:c3738, 67fae1a7-3cbe-4338-9d41-57e84498288b:c3738]
2019-07-10 10:27:37,643 INFO  client.GrpcClientProtocolClient (GrpcClientProtocolClient.java:onNext(255)) - client-821285EC2D67->9fa9a271-7bed-4435-b477-86c6ed0ece08: receive RaftClientReply:client-821285EC2D67->9fa9a271-7bed-4435-b477-86c6ed0ece08@group-0E07FAD1B91E, cid=2501, SUCCESS, logIndex=3745, commits[9fa9a271-7bed-4435-b477-86c6ed0ece08:c3746, 06c1a879-4ae3-48dc-9686-b55cde066000:c3740, 67fae1a7-3cbe-4338-9d41-57e84498288b:c3742]
2019-07-10 10:27:37,644 INFO  client.GrpcClientProtocolClient (GrpcClientProtocolClient.java:onNext(255)) - client-821285EC2D67->9fa9a271-7bed-4435-b477-86c6ed0ece08: receive RaftClientReply:client-821285EC2D67->9fa9a271-7bed-4435-b477-86c6ed0ece08@group-0E07FAD1B91E, cid=2502, SUCCESS, logIndex=3746, commits[9fa9a271-7bed-4435-b477-86c6ed0ece08:c3746, 06c1a879-4ae3-48dc-9686-b55cde066000:c3742, 67fae1a7-3cbe-4338-9d41-57e84498288b:c3742]
2019-07-10 10:27:37,662 INFO  client.GrpcClientProtocolClient (GrpcClientProtocolClient.java:onNext(255)) - client-821285EC2D67->9fa9a271-7bed-4435-b477-86c6ed0ece08: receive RaftClientReply:client-821285EC2D67->9fa9a271-7bed-4435-b477-86c6ed0ece08@group-0E07FAD1B91E, cid=2503, SUCCESS, logIndex=3749, commits[9fa9a271-7bed-4435-b477-86c6ed0ece08:c3750, 06c1a879-4ae3-48dc-9686-b55cde066000:c3748, 67fae1a7-3cbe-4338-9d41-57e84498288b:c3748]
2019-07-10 10:27:37,662 INFO  client.GrpcClientProtocolClient (GrpcClientProtocolClient.java:onNext(255)) - client-821285EC2D67->9fa9a271-7bed-4435-b477-86c6ed0ece08: receive RaftClientReply:client-821285EC2D67->9fa9a271-7bed-4435-b477-86c6ed0ece08@group-0E07FAD1B91E, cid=2504, SUCCESS, logIndex=3750, commits[9fa9a271-7bed-4435-b477-86c6ed0ece08:c3750, 06c1a879-4ae3-48dc-9686-b55cde066000:c3748, 67fae1a7-3cbe-4338-9d41-57e84498288b:c3748]
2019-07-10 10:27:37,664 INFO  client.GrpcClientProtocolClient (GrpcClientProtocolClient.java:onNext(255)) - client-821285EC2D67->9fa9a271-7bed-4435-b477-86c6ed0ece08: receive RaftClientReply:client-821285EC2D67->9fa9a271-7bed-4435-b477-86c6ed0ece08@group-0E07FAD1B91E, cid=2505, SUCCESS, logIndex=0, commits[9fa9a271-7bed-4435-b477-86c6ed0ece08:c3751, 06c1a879-4ae3-48dc-9686-b55cde066000:c3750, 67fae1a7-3cbe-4338-9d41-57e84498288b:c3750]
2019-07-10 10:27:37,690 INFO  client.GrpcClientProtocolClient (GrpcClientProtocolClient.java:onNext(255)) - client-821285EC2D67->9fa9a271-7bed-4435-b477-86c6ed0ece08: receive RaftClientReply:client-821285EC2D67->9fa9a271-7bed-4435-b477-86c6ed0ece08@group-0E07FAD1B91E, cid=2506, SUCCESS, logIndex=3753, commits[9fa9a271-7bed-4435-b477-86c6ed0ece08:c3756, 06c1a879-4ae3-48dc-9686-b55cde066000:c3752, 67fae1a7-3cbe-4338-9d41-57e84498288b:c3752]
2019-07-10 10:27:37,690 INFO  client.GrpcClientProtocolClient (GrpcClientProtocolClient.java:onNext(255)) - client-821285EC2D67->9fa9a271-7bed-4435-b477-86c6ed0ece08: receive RaftClientReply:client-821285EC2D67->9fa9a271-7bed-4435-b477-86c6ed0ece08@group-0E07FAD1B91E, cid=2507, SUCCESS, logIndex=3754, commits[9fa9a271-7bed-4435-b477-86c6ed0ece08:c3756, 06c1a879-4ae3-48dc-9686-b55cde066000:c3752, 67fae1a7-3cbe-4338-9d41-57e84498288b:c3752]
2019-07-10 10:27:37,691 INFO  client.GrpcClientProtocolClient (GrpcClientProtocolClient.java:onNext(255)) - client-821285EC2D67->9fa9a271-7bed-4435-b477-86c6ed0ece08: receive RaftClientReply:client-821285EC2D67->9fa9a271-7bed-4435-b477-86c6ed0ece08@group-0E07FAD1B91E, cid=2508, SUCCESS, logIndex=3755, commits[9fa9a271-7bed-4435-b477-86c6ed0ece08:c3756, 06c1a879-4ae3-48dc-9686-b55cde066000:c3752, 67fae1a7-3cbe-4338-9d41-57e84498288b:c3752]
2019-07-10 10:27:37,691 INFO  client.GrpcClientProtocolClient (GrpcClientProtocolClient.java:onNext(255)) - client-821285EC2D67->9fa9a271-7bed-4435-b477-86c6ed0ece08: receive RaftClientReply:client-821285EC2D67->9fa9a271-7bed-4435-b477-86c6ed0ece08@group-0E07FAD1B91E, cid=2509, SUCCESS, logIndex=3756, commits[9fa9a271-7bed-4435-b477-86c6ed0ece08:c3756, 06c1a879-4ae3-48dc-9686-b55cde066000:c3752, 67fae1a7-3cbe-4338-9d41-57e84498288b:c3752]
2019-07-10 10:27:37,692 INFO  client.GrpcClientProtocolClient (GrpcClientProtocolClient.java:onNext(255)) - client-821285EC2D67->9fa9a271-7bed-4435-b477-86c6ed0ece08: receive RaftClientReply:client-821285EC2D67->9fa9a271-7bed-4435-b477-86c6ed0ece08@group-0E07FAD1B91E, cid=2510, SUCCESS, logIndex=0, commits[9fa9a271-7bed-4435-b477-86c6ed0ece08:c3760, 06c1a879-4ae3-48dc-9686-b55cde066000:c3756, 67fae1a7-3cbe-4338-9d41-57e84498288b:c3755]
2019-07-10 10:27:37,709 INFO  client.GrpcClientProtocolClient (GrpcClientProtocolClient.java:onNext(255)) - client-821285EC2D67->9fa9a271-7bed-4435-b477-86c6ed0ece08: receive RaftClientReply:client-821285EC2D67->9fa9a271-7bed-4435-b477-86c6ed0ece08@group-0E07FAD1B91E, cid=2511, SUCCESS, logIndex=3761, commits[9fa9a271-7bed-4435-b477-86c6ed0ece08:c3762, 06c1a879-4ae3-48dc-9686-b55cde066000:c3760, 67fae1a7-3cbe-4338-9d41-57e84498288b:c3760]
2019-07-10 10:27:37,709 INFO  client.GrpcClientProtocolClient (GrpcClientProtocolClient.java:onNext(255)) - client-821285EC2D67->9fa9a271-7bed-4435-b477-86c6ed0ece08: receive RaftClientReply:client-821285EC2D67->9fa9a271-7bed-4435-b477-86c6ed0ece08@group-0E07FAD1B91E, cid=2512, SUCCESS, logIndex=3762, commits[9fa9a271-7bed-4435-b477-86c6ed0ece08:c3762, 06c1a879-4ae3-48dc-9686-b55cde066000:c3760, 67fae1a7-3cbe-4338-9d41-57e84498288b:c3760]
2019-07-10 10:27:37,722 INFO  client.GrpcClientProtocolClient (GrpcClientProtocolClient.java:onNext(255)) - client-821285EC2D67->9fa9a271-7bed-4435-b477-86c6ed0ece08: receive RaftClientReply:client-821285EC2D67->9fa9a271-7bed-4435-b477-86c6ed0ece08@group-0E07FAD1B91E, cid=2513, SUCCESS, logIndex=3765, commits[9fa9a271-7bed-4435-b477-86c6ed0ece08:c3766, 06c1a879-4ae3-48dc-9686-b55cde066000:c3762, 67fae1a7-3cbe-4338-9d41-57e84498288b:c3762]
2019-07-10 10:27:37,722 INFO  client.GrpcClientProtocolClient (GrpcClientProtocolClient.java:onNext(255)) - client-821285EC2D67->9fa9a271-7bed-4435-b477-86c6ed0ece08: receive RaftClientReply:client-821285EC2D67->9fa9a271-7bed-4435-b477-86c6ed0ece08@group-0E07FAD1B91E, cid=2514, SUCCESS, logIndex=3766, commits[9fa9a271-7bed-4435-b477-86c6ed0ece08:c3766, 06c1a879-4ae3-48dc-9686-b55cde066000:c3762, 67fae1a7-3cbe-4338-9d41-57e84498288b:c3762]
2019-07-10 10:27:37,735 INFO  client.GrpcClientProtocolClient (GrpcClientProtocolClient.java:onNext(255)) - client-821285EC2D67->9fa9a271-7bed-4435-b477-86c6ed0ece08: receive RaftClientReply:client-821285EC2D67->9fa9a271-7bed-4435-b477-86c6ed0ece08@group-0E07FAD1B91E, cid=2515, SUCCESS, logIndex=0, commits[9fa9a271-7bed-4435-b477-86c6ed0ece08:c3768, 06c1a879-4ae3-48dc-9686-b55cde066000:c3766, 67fae1a7-3cbe-4338-9d41-57e84498288b:c3766]
2019-07-10 10:27:37,759 INFO  client.GrpcClientProtocolClient (GrpcClientProtocolClient.java:onNext(255)) - client-821285EC2D67->9fa9a271-7bed-4435-b477-86c6ed0ece08: receive RaftClientReply:client-821285EC2D67->9fa9a271-7bed-4435-b477-86c6ed0ece08@group-0E07FAD1B91E, cid=2516, SUCCESS, logIndex=3769, commits[9fa9a271-7bed-4435-b477-86c6ed0ece08:c3770, 06c1a879-4ae3-48dc-9686-b55cde066000:c3768, 67fae1a7-3cbe-4338-9d41-57e84498288b:c3768]
2019-07-10 10:27:37,759 INFO  client.GrpcClientProtocolClient (GrpcClientProtocolClient.java:onNext(255)) - client-821285EC2D67->9fa9a271-7bed-4435-b477-86c6ed0ece08: receive RaftClientReply:client-821285EC2D67->9fa9a271-7bed-4435-b477-86c6ed0ece08@group-0E07FAD1B91E, cid=2517, SUCCESS, logIndex=3770, commits[9fa9a271-7bed-4435-b477-86c6ed0ece08:c3772, 06c1a879-4ae3-48dc-9686-b55cde066000:c3768, 67fae1a7-3cbe-4338-9d41-57e84498288b:c3768]
2019-07-10 10:27:37,760 INFO  client.GrpcClientProtocolClient (GrpcClientProtocolClient.java:onNext(255)) - client-821285EC2D67->9fa9a271-7bed-4435-b477-86c6ed0ece08: receive RaftClientReply:client-821285EC2D67->9fa9a271-7bed-4435-b477-86c6ed0ece08@group-0E07FAD1B91E, cid=2518, SUCCESS, logIndex=3771, commits[9fa9a271-7bed-4435-b477-86c6ed0ece08:c3772, 06c1a879-4ae3-48dc-9686-b55cde066000:c3768, 67fae1a7-3cbe-4338-9d41-57e84498288b:c3768]
2019-07-10 10:27:37,760 INFO  client.GrpcClientProtocolClient (GrpcClientProtocolClient.java:onNext(255)) - client-821285EC2D67->9fa9a271-7bed-4435-b477-86c6ed0ece08: receive RaftClientReply:client-821285EC2D67->9fa9a271-7bed-4435-b477-86c6ed0ece08@group-0E07FAD1B91E, cid=2519, SUCCESS, logIndex=3772, commits[9fa9a271-7bed-4435-b477-86c6ed0ece08:c3772, 06c1a879-4ae3-48dc-9686-b55cde066000:c3768, 67fae1a7-3cbe-4338-9d41-57e84498288b:c3768]
2019-07-10 10:27:37,763 INFO  client.GrpcClientProtocolClient (GrpcClientProtocolClient.java:onNext(255)) - client-821285EC2D67->9fa9a271-7bed-4435-b477-86c6ed0ece08: receive RaftClientReply:client-821285EC2D67->9fa9a271-7bed-4435-b477-86c6ed0ece08@group-0E07FAD1B91E, cid=2520, SUCCESS, logIndex=0, commits[9fa9a271-7bed-4435-b477-86c6ed0ece08:c3775, 06c1a879-4ae3-48dc-9686-b55cde066000:c3771, 67fae1a7-3cbe-4338-9d41-57e84498288b:c3771]
2019-07-10 10:27:37,774 INFO  client.GrpcClientProtocolClient (GrpcClientProtocolClient.java:onNext(255)) - client-821285EC2D67->9fa9a271-7bed-4435-b477-86c6ed0ece08: receive RaftClientReply:client-821285EC2D67->9fa9a271-7bed-4435-b477-86c6ed0ece08@group-0E07FAD1B91E, cid=2521, SUCCESS, logIndex=3777, commits[9fa9a271-7bed-4435-b477-86c6ed0ece08:c3778, 06c1a879-4ae3-48dc-9686-b55cde066000:c3776, 67fae1a7-3cbe-4338-9d41-57e84498288b:c3776]
2019-07-10 10:27:37,774 INFO  client.GrpcClientProtocolClient (GrpcClientProtocolClient.java:onNext(255)) - client-821285EC2D67->9fa9a271-7bed-4435-b477-86c6ed0ece08: receive RaftClientReply:client-821285EC2D67->9fa9a271-7bed-4435-b477-86c6ed0ece08@group-0E07FAD1B91E, cid=2522, SUCCESS, logIndex=3778, commits[9fa9a271-7bed-4435-b477-86c6ed0ece08:c3778, 06c1a879-4ae3-48dc-9686-b55cde066000:c3776, 67fae1a7-3cbe-4338-9d41-57e84498288b:c3776]
2019-07-10 10:27:37,788 INFO  client.GrpcClientProtocolClient (GrpcClientProtocolClient.java:onNext(255)) - client-821285EC2D67->9fa9a271-7bed-4435-b477-86c6ed0ece08: receive RaftClientReply:client-821285EC2D67->9fa9a271-7bed-4435-b477-86c6ed0ece08@group-0E07FAD1B91E, cid=2523, SUCCESS, logIndex=3781, commits[9fa9a271-7bed-4435-b477-86c6ed0ece08:c3782, 06c1a879-4ae3-48dc-9686-b55cde066000:c3778, 67fae1a7-3cbe-4338-9d41-57e84498288b:c3778]
2019-07-10 10:27:37,788 INFO  client.GrpcClientProtocolClient (GrpcClientProtocolClient.java:onNext(255)) - client-821285EC2D67->9fa9a271-7bed-4435-b477-86c6ed0ece08: receive RaftClientReply:client-821285EC2D67->9fa9a271-7bed-4435-b477-86c6ed0ece08@group-0E07FAD1B91E, cid=2524, SUCCESS, logIndex=3782, commits[9fa9a271-7bed-4435-b477-86c6ed0ece08:c3782, 06c1a879-4ae3-48dc-9686-b55cde066000:c3778, 67fae1a7-3cbe-4338-9d41-57e84498288b:c3778]
2019-07-10 10:27:37,811 INFO  client.GrpcClientProtocolClient (GrpcClientProtocolClient.java:onNext(255)) - client-821285EC2D67->9fa9a271-7bed-4435-b477-86c6ed0ece08: receive RaftClientReply:client-821285EC2D67->9fa9a271-7bed-4435-b477-86c6ed0ece08@group-0E07FAD1B91E, cid=2525, SUCCESS, logIndex=0, commits[9fa9a271-7bed-4435-b477-86c6ed0ece08:c3784, 06c1a879-4ae3-48dc-9686-b55cde066000:c3782, 67fae1a7-3cbe-4338-9d41-57e84498288b:c3782]
2019-07-10 10:27:37,841 INFO  client.GrpcClientProtocolClient (GrpcClientProtocolClient.java:onNext(255)) - client-821285EC2D67->9fa9a271-7bed-4435-b477-86c6ed0ece08: receive RaftClientReply:client-821285EC2D67->9fa9a271-7bed-4435-b477-86c6ed0ece08@group-0E07FAD1B91E, cid=2526, SUCCESS, logIndex=3785, commits[9fa9a271-7bed-4435-b477-86c6ed0ece08:c3786, 06c1a879-4ae3-48dc-9686-b55cde066000:c3784, 67fae1a7-3cbe-4338-9d41-57e84498288b:c3784]
2019-07-10 10:27:37,843 INFO  client.GrpcClientProtocolClient (GrpcClientProtocolClient.java:onNext(255)) - client-821285EC2D67->9fa9a271-7bed-4435-b477-86c6ed0ece08: receive RaftClientReply:client-821285EC2D67->9fa9a271-7bed-4435-b477-86c6ed0ece08@group-0E07FAD1B91E, cid=2527, SUCCESS, logIndex=3786, commits[9fa9a271-7bed-4435-b477-86c6ed0ece08:c3788, 06c1a879-4ae3-48dc-9686-b55cde066000:c3784, 67fae1a7-3cbe-4338-9d41-57e84498288b:c3784]
2019-07-10 10:27:37,843 INFO  client.GrpcClientProtocolClient (GrpcClientProtocolClient.java:onNext(255)) - client-821285EC2D67->9fa9a271-7bed-4435-b477-86c6ed0ece08: receive RaftClientReply:client-821285EC2D67->9fa9a271-7bed-4435-b477-86c6ed0ece08@group-0E07FAD1B91E, cid=2528, SUCCESS, logIndex=3787, commits[9fa9a271-7bed-4435-b477-86c6ed0ece08:c3788, 06c1a879-4ae3-48dc-9686-b55cde066000:c3784, 67fae1a7-3cbe-4338-9d41-57e84498288b:c3784]
2019-07-10 10:27:37,844 INFO  client.GrpcClientProtocolClient (GrpcClientProtocolClient.java:onNext(255)) - client-821285EC2D67->9fa9a271-7bed-4435-b477-86c6ed0ece08: receive RaftClientReply:client-821285EC2D67->9fa9a271-7bed-4435-b477-86c6ed0ece08@group-0E07FAD1B91E, cid=2529, SUCCESS, logIndex=3788, commits[9fa9a271-7bed-4435-b477-86c6ed0ece08:c3789, 06c1a879-4ae3-48dc-9686-b55cde066000:c3786, 67fae1a7-3cbe-4338-9d41-57e84498288b:c3784]
2019-07-10 10:27:37,845 INFO  client.GrpcClientProtocolClient (GrpcClientProtocolClient.java:onNext(255)) - client-821285EC2D67->9fa9a271-7bed-4435-b477-86c6ed0ece08: receive RaftClientReply:client-821285EC2D67->9fa9a271-7bed-4435-b477-86c6ed0ece08@group-0E07FAD1B91E, cid=2530, SUCCESS, logIndex=0, commits[9fa9a271-7bed-4435-b477-86c6ed0ece08:c3790, 06c1a879-4ae3-48dc-9686-b55cde066000:c3786, 67fae1a7-3cbe-4338-9d41-57e84498288b:c3786]
2019-07-10 10:27:37,858 INFO  client.GrpcClientProtocolClient (GrpcClientProtocolClient.java:onNext(255)) - client-821285EC2D67->9fa9a271-7bed-4435-b477-86c6ed0ece08: receive RaftClientReply:client-821285EC2D67->9fa9a271-7bed-4435-b477-86c6ed0ece08@group-0E07FAD1B91E, cid=2531, SUCCESS, logIndex=3793, commits[9fa9a271-7bed-4435-b477-86c6ed0ece08:c3794, 06c1a879-4ae3-48dc-9686-b55cde066000:c3792, 67fae1a7-3cbe-4338-9d41-57e84498288b:c3792]
2019-07-10 10:27:37,859 INFO  client.GrpcClientProtocolClient (GrpcClientProtocolClient.java:onNext(255)) - client-821285EC2D67->9fa9a271-7bed-4435-b477-86c6ed0ece08: receive RaftClientReply:client-821285EC2D67->9fa9a271-7bed-4435-b477-86c6ed0ece08@group-0E07FAD1B91E, cid=2532, SUCCESS, logIndex=3794, commits[9fa9a271-7bed-4435-b477-86c6ed0ece08:c3794, 06c1a879-4ae3-48dc-9686-b55cde066000:c3792, 67fae1a7-3cbe-4338-9d41-57e84498288b:c3792]
2019-07-10 10:27:37,878 INFO  client.GrpcClientProtocolClient (GrpcClientProtocolClient.java:onNext(255)) - client-821285EC2D67->9fa9a271-7bed-4435-b477-86c6ed0ece08: receive RaftClientReply:client-821285EC2D67->9fa9a271-7bed-4435-b477-86c6ed0ece08@group-0E07FAD1B91E, cid=2533, SUCCESS, logIndex=3796, commits[9fa9a271-7bed-4435-b477-86c6ed0ece08:c3797, 06c1a879-4ae3-48dc-9686-b55cde066000:c3795, 67fae1a7-3cbe-4338-9d41-57e84498288b:c3795]
2019-07-10 10:27:37,878 INFO  client.GrpcClientProtocolClient (GrpcClientProtocolClient.java:onNext(255)) - client-821285EC2D67->9fa9a271-7bed-4435-b477-86c6ed0ece08: receive RaftClientReply:client-821285EC2D67->9fa9a271-7bed-4435-b477-86c6ed0ece08@group-0E07FAD1B91E, cid=2534, SUCCESS, logIndex=3797, commits[9fa9a271-7bed-4435-b477-86c6ed0ece08:c3797, 06c1a879-4ae3-48dc-9686-b55cde066000:c3795, 67fae1a7-3cbe-4338-9d41-57e84498288b:c3795]
2019-07-10 10:27:37,891 INFO  client.GrpcClientProtocolClient (GrpcClientProtocolClient.java:onNext(255)) - client-821285EC2D67->9fa9a271-7bed-4435-b477-86c6ed0ece08: receive RaftClientReply:client-821285EC2D67->9fa9a271-7bed-4435-b477-86c6ed0ece08@group-0E07FAD1B91E, cid=2535, SUCCESS, logIndex=0, commits[9fa9a271-7bed-4435-b477-86c6ed0ece08:c3799, 06c1a879-4ae3-48dc-9686-b55cde066000:c3797, 67fae1a7-3cbe-4338-9d41-57e84498288b:c3797]
2019-07-10 10:27:37,918 INFO  client.GrpcClientProtocolClient (GrpcClientProtocolClient.java:onNext(255)) - client-821285EC2D67->9fa9a271-7bed-4435-b477-86c6ed0ece08: receive RaftClientReply:client-821285EC2D67->9fa9a271-7bed-4435-b477-86c6ed0ece08@group-0E07FAD1B91E, cid=2536, SUCCESS, logIndex=3800, commits[9fa9a271-7bed-4435-b477-86c6ed0ece08:c3801, 06c1a879-4ae3-48dc-9686-b55cde066000:c3799, 67fae1a7-3cbe-4338-9d41-57e84498288b:c3799]
2019-07-10 10:27:37,918 INFO  client.GrpcClientProtocolClient (GrpcClientProtocolClient.java:onNext(255)) - client-821285EC2D67->9fa9a271-7bed-4435-b477-86c6ed0ece08: receive RaftClientReply:client-821285EC2D67->9fa9a271-7bed-4435-b477-86c6ed0ece08@group-0E07FAD1B91E, cid=2537, SUCCESS, logIndex=3801, commits[9fa9a271-7bed-4435-b477-86c6ed0ece08:c3801, 06c1a879-4ae3-48dc-9686-b55cde066000:c3799, 67fae1a7-3cbe-4338-9d41-57e84498288b:c3799]
2019-07-10 10:27:37,929 INFO  client.GrpcClientProtocolClient (GrpcClientProtocolClient.java:onNext(255)) - client-821285EC2D67->9fa9a271-7bed-4435-b477-86c6ed0ece08: receive RaftClientReply:client-821285EC2D67->9fa9a271-7bed-4435-b477-86c6ed0ece08@group-0E07FAD1B91E, cid=2538, SUCCESS, logIndex=3802, commits[9fa9a271-7bed-4435-b477-86c6ed0ece08:c3803, 06c1a879-4ae3-48dc-9686-b55cde066000:c3799, 67fae1a7-3cbe-4338-9d41-57e84498288b:c3799]
2019-07-10 10:27:37,929 INFO  client.GrpcClientProtocolClient (GrpcClientProtocolClient.java:onNext(255)) - client-821285EC2D67->9fa9a271-7bed-4435-b477-86c6ed0ece08: receive RaftClientReply:client-821285EC2D67->9fa9a271-7bed-4435-b477-86c6ed0ece08@group-0E07FAD1B91E, cid=2539, SUCCESS, logIndex=3803, commits[9fa9a271-7bed-4435-b477-86c6ed0ece08:c3804, 06c1a879-4ae3-48dc-9686-b55cde066000:c3799, 67fae1a7-3cbe-4338-9d41-57e84498288b:c3801]
2019-07-10 10:27:37,931 INFO  client.GrpcClientProtocolClient (GrpcClientProtocolClient.java:onNext(255)) - client-821285EC2D67->9fa9a271-7bed-4435-b477-86c6ed0ece08: receive RaftClientReply:client-821285EC2D67->9fa9a271-7bed-4435-b477-86c6ed0ece08@group-0E07FAD1B91E, cid=2540, SUCCESS, logIndex=0, commits[9fa9a271-7bed-4435-b477-86c6ed0ece08:c3805, 06c1a879-4ae3-48dc-9686-b55cde066000:c3801, 67fae1a7-3cbe-4338-9d41-57e84498288b:c3801]
2019-07-10 10:27:37,952 INFO  client.GrpcClientProtocolClient (GrpcClientProtocolClient.java:onNext(255)) - client-821285EC2D67->9fa9a271-7bed-4435-b477-86c6ed0ece08: receive RaftClientReply:client-821285EC2D67->9fa9a271-7bed-4435-b477-86c6ed0ece08@group-0E07FAD1B91E, cid=2541, SUCCESS, logIndex=3808, commits[9fa9a271-7bed-4435-b477-86c6ed0ece08:c3809, 06c1a879-4ae3-48dc-9686-b55cde066000:c3807, 67fae1a7-3cbe-4338-9d41-57e84498288b:c3807]
2019-07-10 10:27:37,952 INFO  client.GrpcClientProtocolClient (GrpcClientProtocolClient.java:onNext(255)) - client-821285EC2D67->9fa9a271-7bed-4435-b477-86c6ed0ece08: receive RaftClientReply:client-821285EC2D67->9fa9a271-7bed-4435-b477-86c6ed0ece08@group-0E07FAD1B91E, cid=2542, SUCCESS, logIndex=3809, commits[9fa9a271-7bed-4435-b477-86c6ed0ece08:c3809, 06c1a879-4ae3-48dc-9686-b55cde066000:c3807, 67fae1a7-3cbe-4338-9d41-57e84498288b:c3807]
2019-07-10 10:27:37,987 INFO  client.GrpcClientProtocolClient (GrpcClientProtocolClient.java:onNext(255)) - client-821285EC2D67->9fa9a271-7bed-4435-b477-86c6ed0ece08: receive RaftClientReply:client-821285EC2D67->9fa9a271-7bed-4435-b477-86c6ed0ece08@group-0E07FAD1B91E, cid=2543, SUCCESS, logIndex=3812, commits[9fa9a271-7bed-4435-b477-86c6ed0ece08:c3813, 06c1a879-4ae3-48dc-9686-b55cde066000:c3809, 67fae1a7-3cbe-4338-9d41-57e84498288b:c3809]
2019-07-10 10:27:37,988 INFO  client.GrpcClientProtocolClient (GrpcClientProtocolClient.java:onNext(255)) - client-821285EC2D67->9fa9a271-7bed-4435-b477-86c6ed0ece08: receive RaftClientReply:client-821285EC2D67->9fa9a271-7bed-4435-b477-86c6ed0ece08@group-0E07FAD1B91E, cid=2544, SUCCESS, logIndex=3813, commits[9fa9a271-7bed-4435-b477-86c6ed0ece08:c3813, 06c1a879-4ae3-48dc-9686-b55cde066000:c3809, 67fae1a7-3cbe-4338-9d41-57e84498288b:c3809]
2019-07-10 10:27:37,998 INFO  client.GrpcClientProtocolClient (GrpcClientProtocolClient.java:onNext(255)) - client-821285EC2D67->9fa9a271-7bed-4435-b477-86c6ed0ece08: receive RaftClientReply:client-821285EC2D67->9fa9a271-7bed-4435-b477-86c6ed0ece08@group-0E07FAD1B91E, cid=2545, SUCCESS, logIndex=0, commits[9fa9a271-7bed-4435-b477-86c6ed0ece08:c3815, 06c1a879-4ae3-48dc-9686-b55cde066000:c3813, 67fae1a7-3cbe-4338-9d41-57e84498288b:c3813]
2019-07-10 10:27:38,025 INFO  client.GrpcClientProtocolClient (GrpcClientProtocolClient.java:onNext(255)) - client-821285EC2D67->9fa9a271-7bed-4435-b477-86c6ed0ece08: receive RaftClientReply:client-821285EC2D67->9fa9a271-7bed-4435-b477-86c6ed0ece08@group-0E07FAD1B91E, cid=2546, SUCCESS, logIndex=3816, commits[9fa9a271-7bed-4435-b477-86c6ed0ece08:c3817, 06c1a879-4ae3-48dc-9686-b55cde066000:c3815, 67fae1a7-3cbe-4338-9d41-57e84498288b:c3815]
2019-07-10 10:27:38,026 INFO  client.GrpcClientProtocolClient (GrpcClientProtocolClient.java:onNext(255)) - client-821285EC2D67->9fa9a271-7bed-4435-b477-86c6ed0ece08: receive RaftClientReply:client-821285EC2D67->9fa9a271-7bed-4435-b477-86c6ed0ece08@group-0E07FAD1B91E, cid=2547, SUCCESS, logIndex=3817, commits[9fa9a271-7bed-4435-b477-86c6ed0ece08:c3817, 06c1a879-4ae3-48dc-9686-b55cde066000:c3815, 67fae1a7-3cbe-4338-9d41-57e84498288b:c3815]
2019-07-10 10:27:38,026 INFO  client.GrpcClientProtocolClient (GrpcClientProtocolClient.java:onNext(255)) - client-821285EC2D67->9fa9a271-7bed-4435-b477-86c6ed0ece08: receive RaftClientReply:client-821285EC2D67->9fa9a271-7bed-4435-b477-86c6ed0ece08@group-0E07FAD1B91E, cid=2548, SUCCESS, logIndex=3818, commits[9fa9a271-7bed-4435-b477-86c6ed0ece08:c3819, 06c1a879-4ae3-48dc-9686-b55cde066000:c3815, 67fae1a7-3cbe-4338-9d41-57e84498288b:c3815]
2019-07-10 10:27:38,027 INFO  client.GrpcClientProtocolClient (GrpcClientProtocolClient.java:onNext(255)) - client-821285EC2D67->9fa9a271-7bed-4435-b477-86c6ed0ece08: receive RaftClientReply:client-821285EC2D67->9fa9a271-7bed-4435-b477-86c6ed0ece08@group-0E07FAD1B91E, cid=2549, SUCCESS, logIndex=3819, commits[9fa9a271-7bed-4435-b477-86c6ed0ece08:c3819, 06c1a879-4ae3-48dc-9686-b55cde066000:c3815, 67fae1a7-3cbe-4338-9d41-57e84498288b:c3815]
2019-07-10 10:27:38,030 INFO  client.GrpcClientProtocolClient (GrpcClientProtocolClient.java:onNext(255)) - client-821285EC2D67->9fa9a271-7bed-4435-b477-86c6ed0ece08: receive RaftClientReply:client-821285EC2D67->9fa9a271-7bed-4435-b477-86c6ed0ece08@group-0E07FAD1B91E, cid=2550, SUCCESS, logIndex=0, commits[9fa9a271-7bed-4435-b477-86c6ed0ece08:c3821, 06c1a879-4ae3-48dc-9686-b55cde066000:c3817, 67fae1a7-3cbe-4338-9d41-57e84498288b:c3817]
2019-07-10 10:27:38,049 INFO  client.GrpcClientProtocolClient (GrpcClientProtocolClient.java:onNext(255)) - client-821285EC2D67->9fa9a271-7bed-4435-b477-86c6ed0ece08: receive RaftClientReply:client-821285EC2D67->9fa9a271-7bed-4435-b477-86c6ed0ece08@group-0E07FAD1B91E, cid=2551, SUCCESS, logIndex=3824, commits[9fa9a271-7bed-4435-b477-86c6ed0ece08:c3825, 06c1a879-4ae3-48dc-9686-b55cde066000:c3823, 67fae1a7-3cbe-4338-9d41-57e84498288b:c3823]
2019-07-10 10:27:38,050 INFO  client.GrpcClientProtocolClient (GrpcClientProtocolClient.java:onNext(255)) - client-821285EC2D67->9fa9a271-7bed-4435-b477-86c6ed0ece08: receive RaftClientReply:client-821285EC2D67->9fa9a271-7bed-4435-b477-86c6ed0ece08@group-0E07FAD1B91E, cid=2552, SUCCESS, logIndex=3825, commits[9fa9a271-7bed-4435-b477-86c6ed0ece08:c3825, 06c1a879-4ae3-48dc-9686-b55cde066000:c3823, 67fae1a7-3cbe-4338-9d41-57e84498288b:c3823]
2019-07-10 10:27:38,078 INFO  client.GrpcClientProtocolClient (GrpcClientProtocolClient.java:onNext(255)) - client-821285EC2D67->9fa9a271-7bed-4435-b477-86c6ed0ece08: receive RaftClientReply:client-821285EC2D67->9fa9a271-7bed-4435-b477-86c6ed0ece08@group-0E07FAD1B91E, cid=2553, SUCCESS, logIndex=3828, commits[9fa9a271-7bed-4435-b477-86c6ed0ece08:c3829, 06c1a879-4ae3-48dc-9686-b55cde066000:c3827, 67fae1a7-3cbe-4338-9d41-57e84498288b:c3827]
2019-07-10 10:27:38,078 INFO  client.GrpcClientProtocolClient (GrpcClientProtocolClient.java:onNext(255)) - client-821285EC2D67->9fa9a271-7bed-4435-b477-86c6ed0ece08: receive RaftClientReply:client-821285EC2D67->9fa9a271-7bed-4435-b477-86c6ed0ece08@group-0E07FAD1B91E, cid=2554, SUCCESS, logIndex=3829, commits[9fa9a271-7bed-4435-b477-86c6ed0ece08:c3829, 06c1a879-4ae3-48dc-9686-b55cde066000:c3827, 67fae1a7-3cbe-4338-9d41-57e84498288b:c3827]
2019-07-10 10:27:38,081 INFO  client.GrpcClientProtocolClient (GrpcClientProtocolClient.java:onNext(255)) - client-821285EC2D67->9fa9a271-7bed-4435-b477-86c6ed0ece08: receive RaftClientReply:client-821285EC2D67->9fa9a271-7bed-4435-b477-86c6ed0ece08@group-0E07FAD1B91E, cid=2555, SUCCESS, logIndex=0, commits[9fa9a271-7bed-4435-b477-86c6ed0ece08:c3831, 06c1a879-4ae3-48dc-9686-b55cde066000:c3829, 67fae1a7-3cbe-4338-9d41-57e84498288b:c3829]
2019-07-10 10:27:38,107 INFO  client.GrpcClientProtocolClient (GrpcClientProtocolClient.java:onNext(255)) - client-821285EC2D67->9fa9a271-7bed-4435-b477-86c6ed0ece08: receive RaftClientReply:client-821285EC2D67->9fa9a271-7bed-4435-b477-86c6ed0ece08@group-0E07FAD1B91E, cid=2556, SUCCESS, logIndex=3832, commits[9fa9a271-7bed-4435-b477-86c6ed0ece08:c3834, 06c1a879-4ae3-48dc-9686-b55cde066000:c3831, 67fae1a7-3cbe-4338-9d41-57e84498288b:c3831]
2019-07-10 10:27:38,107 INFO  client.GrpcClientProtocolClient (GrpcClientProtocolClient.java:onNext(255)) - client-821285EC2D67->9fa9a271-7bed-4435-b477-86c6ed0ece08: receive RaftClientReply:client-821285EC2D67->9fa9a271-7bed-4435-b477-86c6ed0ece08@group-0E07FAD1B91E, cid=2557, SUCCESS, logIndex=3833, commits[9fa9a271-7bed-4435-b477-86c6ed0ece08:c3835, 06c1a879-4ae3-48dc-9686-b55cde066000:c3831, 67fae1a7-3cbe-4338-9d41-57e84498288b:c3831]
2019-07-10 10:27:38,108 INFO  client.GrpcClientProtocolClient (GrpcClientProtocolClient.java:onNext(255)) - client-821285EC2D67->9fa9a271-7bed-4435-b477-86c6ed0ece08: receive RaftClientReply:client-821285EC2D67->9fa9a271-7bed-4435-b477-86c6ed0ece08@group-0E07FAD1B91E, cid=2558, SUCCESS, logIndex=3834, commits[9fa9a271-7bed-4435-b477-86c6ed0ece08:c3835, 06c1a879-4ae3-48dc-9686-b55cde066000:c3831, 67fae1a7-3cbe-4338-9d41-57e84498288b:c3831]
2019-07-10 10:27:38,108 INFO  client.GrpcClientProtocolClient (GrpcClientProtocolClient.java:onNext(255)) - client-821285EC2D67->9fa9a271-7bed-4435-b477-86c6ed0ece08: receive RaftClientReply:client-821285EC2D67->9fa9a271-7bed-4435-b477-86c6ed0ece08@group-0E07FAD1B91E, cid=2559, SUCCESS, logIndex=3835, commits[9fa9a271-7bed-4435-b477-86c6ed0ece08:c3835, 06c1a879-4ae3-48dc-9686-b55cde066000:c3831, 67fae1a7-3cbe-4338-9d41-57e84498288b:c3831]
2019-07-10 10:27:38,109 INFO  client.GrpcClientProtocolClient (GrpcClientProtocolClient.java:onNext(255)) - client-821285EC2D67->9fa9a271-7bed-4435-b477-86c6ed0ece08: receive RaftClientReply:client-821285EC2D67->9fa9a271-7bed-4435-b477-86c6ed0ece08@group-0E07FAD1B91E, cid=2560, SUCCESS, logIndex=0, commits[9fa9a271-7bed-4435-b477-86c6ed0ece08:c3838, 06c1a879-4ae3-48dc-9686-b55cde066000:c3834, 67fae1a7-3cbe-4338-9d41-57e84498288b:c3833]
2019-07-10 10:27:38,126 INFO  client.GrpcClientProtocolClient (GrpcClientProtocolClient.java:onNext(255)) - client-821285EC2D67->9fa9a271-7bed-4435-b477-86c6ed0ece08: receive RaftClientReply:client-821285EC2D67->9fa9a271-7bed-4435-b477-86c6ed0ece08@group-0E07FAD1B91E, cid=2561, SUCCESS, logIndex=3840, commits[9fa9a271-7bed-4435-b477-86c6ed0ece08:c3841, 06c1a879-4ae3-48dc-9686-b55cde066000:c3839, 67fae1a7-3cbe-4338-9d41-57e84498288b:c3839]
2019-07-10 10:27:38,127 INFO  client.GrpcClientProtocolClient (GrpcClientProtocolClient.java:onNext(255)) - client-821285EC2D67->9fa9a271-7bed-4435-b477-86c6ed0ece08: receive RaftClientReply:client-821285EC2D67->9fa9a271-7bed-4435-b477-86c6ed0ece08@group-0E07FAD1B91E, cid=2562, SUCCESS, logIndex=3841, commits[9fa9a271-7bed-4435-b477-86c6ed0ece08:c3841, 06c1a879-4ae3-48dc-9686-b55cde066000:c3839, 67fae1a7-3cbe-4338-9d41-57e84498288b:c3839]
2019-07-10 10:27:38,244 INFO  client.GrpcClientProtocolClient (GrpcClientProtocolClient.java:onNext(255)) - client-821285EC2D67->9fa9a271-7bed-4435-b477-86c6ed0ece08: receive RaftClientReply:client-821285EC2D67->9fa9a271-7bed-4435-b477-86c6ed0ece08@group-0E07FAD1B91E, cid=2563, SUCCESS, logIndex=3844, commits[9fa9a271-7bed-4435-b477-86c6ed0ece08:c3845, 06c1a879-4ae3-48dc-9686-b55cde066000:c3841, 67fae1a7-3cbe-4338-9d41-57e84498288b:c3841]
2019-07-10 10:27:38,244 INFO  client.GrpcClientProtocolClient (GrpcClientProtocolClient.java:onNext(255)) - client-821285EC2D67->9fa9a271-7bed-4435-b477-86c6ed0ece08: receive RaftClientReply:client-821285EC2D67->9fa9a271-7bed-4435-b477-86c6ed0ece08@group-0E07FAD1B91E, cid=2564, SUCCESS, logIndex=3845, commits[9fa9a271-7bed-4435-b477-86c6ed0ece08:c3845, 06c1a879-4ae3-48dc-9686-b55cde066000:c3841, 67fae1a7-3cbe-4338-9d41-57e84498288b:c3841]
2019-07-10 10:27:38,254 INFO  client.GrpcClientProtocolClient (GrpcClientProtocolClient.java:onNext(255)) - client-821285EC2D67->9fa9a271-7bed-4435-b477-86c6ed0ece08: receive RaftClientReply:client-821285EC2D67->9fa9a271-7bed-4435-b477-86c6ed0ece08@group-0E07FAD1B91E, cid=2565, SUCCESS, logIndex=0, commits[9fa9a271-7bed-4435-b477-86c6ed0ece08:c3846, 06c1a879-4ae3-48dc-9686-b55cde066000:c3845, 67fae1a7-3cbe-4338-9d41-57e84498288b:c3845]
2019-07-10 10:27:38,285 INFO  client.GrpcClientProtocolClient (GrpcClientProtocolClient.java:onNext(255)) - client-821285EC2D67->9fa9a271-7bed-4435-b477-86c6ed0ece08: receive RaftClientReply:client-821285EC2D67->9fa9a271-7bed-4435-b477-86c6ed0ece08@group-0E07FAD1B91E, cid=2566, SUCCESS, logIndex=3848, commits[9fa9a271-7bed-4435-b477-86c6ed0ece08:c3849, 06c1a879-4ae3-48dc-9686-b55cde066000:c3847, 67fae1a7-3cbe-4338-9d41-57e84498288b:c3845]
2019-07-10 10:27:38,286 INFO  client.GrpcClientProtocolClient (GrpcClientProtocolClient.java:onNext(255)) - client-821285EC2D67->9fa9a271-7bed-4435-b477-86c6ed0ece08: receive RaftClientReply:client-821285EC2D67->9fa9a271-7bed-4435-b477-86c6ed0ece08@group-0E07FAD1B91E, cid=2567, SUCCESS, logIndex=3849, commits[9fa9a271-7bed-4435-b477-86c6ed0ece08:c3849, 06c1a879-4ae3-48dc-9686-b55cde066000:c3847, 67fae1a7-3cbe-4338-9d41-57e84498288b:c3847]
2019-07-10 10:27:38,287 INFO  client.GrpcClientProtocolClient (GrpcClientProtocolClient.java:onNext(255)) - client-821285EC2D67->9fa9a271-7bed-4435-b477-86c6ed0ece08: receive RaftClientReply:client-821285EC2D67->9fa9a271-7bed-4435-b477-86c6ed0ece08@group-0E07FAD1B91E, cid=2568, SUCCESS, logIndex=3850, commits[9fa9a271-7bed-4435-b477-86c6ed0ece08:c3851, 06c1a879-4ae3-48dc-9686-b55cde066000:c3847, 67fae1a7-3cbe-4338-9d41-57e84498288b:c3847]
2019-07-10 10:27:38,287 INFO  client.GrpcClientProtocolClient (GrpcClientProtocolClient.java:onNext(255)) - client-821285EC2D67->9fa9a271-7bed-4435-b477-86c6ed0ece08: receive RaftClientReply:client-821285EC2D67->9fa9a271-7bed-4435-b477-86c6ed0ece08@group-0E07FAD1B91E, cid=2569, SUCCESS, logIndex=3851, commits[9fa9a271-7bed-4435-b477-86c6ed0ece08:c3851, 06c1a879-4ae3-48dc-9686-b55cde066000:c3847, 67fae1a7-3cbe-4338-9d41-57e84498288b:c3847]
2019-07-10 10:27:38,289 INFO  client.GrpcClientProtocolClient (GrpcClientProtocolClient.java:onNext(255)) - client-821285EC2D67->9fa9a271-7bed-4435-b477-86c6ed0ece08: receive RaftClientReply:client-821285EC2D67->9fa9a271-7bed-4435-b477-86c6ed0ece08@group-0E07FAD1B91E, cid=2570, SUCCESS, logIndex=0, commits[9fa9a271-7bed-4435-b477-86c6ed0ece08:c3852, 06c1a879-4ae3-48dc-9686-b55cde066000:c3849, 67fae1a7-3cbe-4338-9d41-57e84498288b:c3849]
2019-07-10 10:27:38,309 INFO  client.GrpcClientProtocolClient (GrpcClientProtocolClient.java:onNext(255)) - client-821285EC2D67->9fa9a271-7bed-4435-b477-86c6ed0ece08: receive RaftClientReply:client-821285EC2D67->9fa9a271-7bed-4435-b477-86c6ed0ece08@group-0E07FAD1B91E, cid=2571, SUCCESS, logIndex=3854, commits[9fa9a271-7bed-4435-b477-86c6ed0ece08:c3855, 06c1a879-4ae3-48dc-9686-b55cde066000:c3853, 67fae1a7-3cbe-4338-9d41-57e84498288b:c3853]
2019-07-10 10:27:38,309 INFO  client.GrpcClientProtocolClient (GrpcClientProtocolClient.java:onNext(255)) - client-821285EC2D67->9fa9a271-7bed-4435-b477-86c6ed0ece08: receive RaftClientReply:client-821285EC2D67->9fa9a271-7bed-4435-b477-86c6ed0ece08@group-0E07FAD1B91E, cid=2572, SUCCESS, logIndex=3855, commits[9fa9a271-7bed-4435-b477-86c6ed0ece08:c3855, 06c1a879-4ae3-48dc-9686-b55cde066000:c3853, 67fae1a7-3cbe-4338-9d41-57e84498288b:c3853]
2019-07-10 10:27:38,324 INFO  client.GrpcClientProtocolClient (GrpcClientProtocolClient.java:onNext(255)) - client-821285EC2D67->9fa9a271-7bed-4435-b477-86c6ed0ece08: receive RaftClientReply:client-821285EC2D67->9fa9a271-7bed-4435-b477-86c6ed0ece08@group-0E07FAD1B91E, cid=2573, SUCCESS, logIndex=3858, commits[9fa9a271-7bed-4435-b477-86c6ed0ece08:c3859, 06c1a879-4ae3-48dc-9686-b55cde066000:c3855, 67fae1a7-3cbe-4338-9d41-57e84498288b:c3855]
2019-07-10 10:27:38,324 INFO  client.GrpcClientProtocolClient (GrpcClientProtocolClient.java:onNext(255)) - client-821285EC2D67->9fa9a271-7bed-4435-b477-86c6ed0ece08: receive RaftClientReply:client-821285EC2D67->9fa9a271-7bed-4435-b477-86c6ed0ece08@group-0E07FAD1B91E, cid=2574, SUCCESS, logIndex=3859, commits[9fa9a271-7bed-4435-b477-86c6ed0ece08:c3859, 06c1a879-4ae3-48dc-9686-b55cde066000:c3855, 67fae1a7-3cbe-4338-9d41-57e84498288b:c3855]
2019-07-10 10:27:38,327 INFO  client.GrpcClientProtocolClient (GrpcClientProtocolClient.java:onNext(255)) - client-821285EC2D67->9fa9a271-7bed-4435-b477-86c6ed0ece08: receive RaftClientReply:client-821285EC2D67->9fa9a271-7bed-4435-b477-86c6ed0ece08@group-0E07FAD1B91E, cid=2575, SUCCESS, logIndex=0, commits[9fa9a271-7bed-4435-b477-86c6ed0ece08:c3861, 06c1a879-4ae3-48dc-9686-b55cde066000:c3859, 67fae1a7-3cbe-4338-9d41-57e84498288b:c3859]
2019-07-10 10:27:38,359 INFO  client.GrpcClientProtocolClient (GrpcClientProtocolClient.java:onNext(255)) - client-821285EC2D67->9fa9a271-7bed-4435-b477-86c6ed0ece08: receive RaftClientReply:client-821285EC2D67->9fa9a271-7bed-4435-b477-86c6ed0ece08@group-0E07FAD1B91E, cid=2576, SUCCESS, logIndex=3862, commits[9fa9a271-7bed-4435-b477-86c6ed0ece08:c3863, 06c1a879-4ae3-48dc-9686-b55cde066000:c3861, 67fae1a7-3cbe-4338-9d41-57e84498288b:c3861]
2019-07-10 10:27:38,360 INFO  client.GrpcClientProtocolClient (GrpcClientProtocolClient.java:onNext(255)) - client-821285EC2D67->9fa9a271-7bed-4435-b477-86c6ed0ece08: receive RaftClientReply:client-821285EC2D67->9fa9a271-7bed-4435-b477-86c6ed0ece08@group-0E07FAD1B91E, cid=2577, SUCCESS, logIndex=3863, commits[9fa9a271-7bed-4435-b477-86c6ed0ece08:c3865, 06c1a879-4ae3-48dc-9686-b55cde066000:c3861, 67fae1a7-3cbe-4338-9d41-57e84498288b:c3861]
2019-07-10 10:27:38,360 INFO  client.GrpcClientProtocolClient (GrpcClientProtocolClient.java:onNext(255)) - client-821285EC2D67->9fa9a271-7bed-4435-b477-86c6ed0ece08: receive RaftClientReply:client-821285EC2D67->9fa9a271-7bed-4435-b477-86c6ed0ece08@group-0E07FAD1B91E, cid=2578, SUCCESS, logIndex=3864, commits[9fa9a271-7bed-4435-b477-86c6ed0ece08:c3865, 06c1a879-4ae3-48dc-9686-b55cde066000:c3861, 67fae1a7-3cbe-4338-9d41-57e84498288b:c3861]
2019-07-10 10:27:38,360 INFO  client.GrpcClientProtocolClient (GrpcClientProtocolClient.java:onNext(255)) - client-821285EC2D67->9fa9a271-7bed-4435-b477-86c6ed0ece08: receive RaftClientReply:client-821285EC2D67->9fa9a271-7bed-4435-b477-86c6ed0ece08@group-0E07FAD1B91E, cid=2579, SUCCESS, logIndex=3865, commits[9fa9a271-7bed-4435-b477-86c6ed0ece08:c3865, 06c1a879-4ae3-48dc-9686-b55cde066000:c3861, 67fae1a7-3cbe-4338-9d41-57e84498288b:c3863]
2019-07-10 10:27:38,362 INFO  client.GrpcClientProtocolClient (GrpcClientProtocolClient.java:onNext(255)) - client-821285EC2D67->9fa9a271-7bed-4435-b477-86c6ed0ece08: receive RaftClientReply:client-821285EC2D67->9fa9a271-7bed-4435-b477-86c6ed0ece08@group-0E07FAD1B91E, cid=2580, SUCCESS, logIndex=0, commits[9fa9a271-7bed-4435-b477-86c6ed0ece08:c3869, 06c1a879-4ae3-48dc-9686-b55cde066000:c3865, 67fae1a7-3cbe-4338-9d41-57e84498288b:c3863]
2019-07-10 10:27:38,382 INFO  client.GrpcClientProtocolClient (GrpcClientProtocolClient.java:onNext(255)) - client-821285EC2D67->9fa9a271-7bed-4435-b477-86c6ed0ece08: receive RaftClientReply:client-821285EC2D67->9fa9a271-7bed-4435-b477-86c6ed0ece08@group-0E07FAD1B91E, cid=2581, SUCCESS, logIndex=3870, commits[9fa9a271-7bed-4435-b477-86c6ed0ece08:c3871, 06c1a879-4ae3-48dc-9686-b55cde066000:c3869, 67fae1a7-3cbe-4338-9d41-57e84498288b:c3869]
2019-07-10 10:27:38,382 INFO  client.GrpcClientProtocolClient (GrpcClientProtocolClient.java:onNext(255)) - client-821285EC2D67->9fa9a271-7bed-4435-b477-86c6ed0ece08: receive RaftClientReply:client-821285EC2D67->9fa9a271-7bed-4435-b477-86c6ed0ece08@group-0E07FAD1B91E, cid=2582, SUCCESS, logIndex=3871, commits[9fa9a271-7bed-4435-b477-86c6ed0ece08:c3871, 06c1a879-4ae3-48dc-9686-b55cde066000:c3869, 67fae1a7-3cbe-4338-9d41-57e84498288b:c3869]
2019-07-10 10:27:38,401 INFO  client.GrpcClientProtocolClient (GrpcClientProtocolClient.java:onNext(255)) - client-821285EC2D67->9fa9a271-7bed-4435-b477-86c6ed0ece08: receive RaftClientReply:client-821285EC2D67->9fa9a271-7bed-4435-b477-86c6ed0ece08@group-0E07FAD1B91E, cid=2583, SUCCESS, logIndex=3874, commits[9fa9a271-7bed-4435-b477-86c6ed0ece08:c3875, 06c1a879-4ae3-48dc-9686-b55cde066000:c3873, 67fae1a7-3cbe-4338-9d41-57e84498288b:c3873]
2019-07-10 10:27:38,401 INFO  client.GrpcClientProtocolClient (GrpcClientProtocolClient.java:onNext(255)) - client-821285EC2D67->9fa9a271-7bed-4435-b477-86c6ed0ece08: receive RaftClientReply:client-821285EC2D67->9fa9a271-7bed-4435-b477-86c6ed0ece08@group-0E07FAD1B91E, cid=2584, SUCCESS, logIndex=3875, commits[9fa9a271-7bed-4435-b477-86c6ed0ece08:c3875, 06c1a879-4ae3-48dc-9686-b55cde066000:c3873, 67fae1a7-3cbe-4338-9d41-57e84498288b:c3873]
2019-07-10 10:27:38,414 INFO  client.GrpcClientProtocolClient (GrpcClientProtocolClient.java:onNext(255)) - client-821285EC2D67->9fa9a271-7bed-4435-b477-86c6ed0ece08: receive RaftClientReply:client-821285EC2D67->9fa9a271-7bed-4435-b477-86c6ed0ece08@group-0E07FAD1B91E, cid=2585, SUCCESS, logIndex=0, commits[9fa9a271-7bed-4435-b477-86c6ed0ece08:c3876, 06c1a879-4ae3-48dc-9686-b55cde066000:c3875, 67fae1a7-3cbe-4338-9d41-57e84498288b:c3875]
2019-07-10 10:27:38,438 INFO  client.GrpcClientProtocolClient (GrpcClientProtocolClient.java:onNext(255)) - client-821285EC2D67->9fa9a271-7bed-4435-b477-86c6ed0ece08: receive RaftClientReply:client-821285EC2D67->9fa9a271-7bed-4435-b477-86c6ed0ece08@group-0E07FAD1B91E, cid=2586, SUCCESS, logIndex=3878, commits[9fa9a271-7bed-4435-b477-86c6ed0ece08:c3879, 06c1a879-4ae3-48dc-9686-b55cde066000:c3877, 67fae1a7-3cbe-4338-9d41-57e84498288b:c3877]
2019-07-10 10:27:38,439 INFO  client.GrpcClientProtocolClient (GrpcClientProtocolClient.java:onNext(255)) - client-821285EC2D67->9fa9a271-7bed-4435-b477-86c6ed0ece08: receive RaftClientReply:client-821285EC2D67->9fa9a271-7bed-4435-b477-86c6ed0ece08@group-0E07FAD1B91E, cid=2587, SUCCESS, logIndex=3879, commits[9fa9a271-7bed-4435-b477-86c6ed0ece08:c3879, 06c1a879-4ae3-48dc-9686-b55cde066000:c3877, 67fae1a7-3cbe-4338-9d41-57e84498288b:c3877]
2019-07-10 10:27:38,439 INFO  client.GrpcClientProtocolClient (GrpcClientProtocolClient.java:onNext(255)) - client-821285EC2D67->9fa9a271-7bed-4435-b477-86c6ed0ece08: receive RaftClientReply:client-821285EC2D67->9fa9a271-7bed-4435-b477-86c6ed0ece08@group-0E07FAD1B91E, cid=2588, SUCCESS, logIndex=3880, commits[9fa9a271-7bed-4435-b477-86c6ed0ece08:c3881, 06c1a879-4ae3-48dc-9686-b55cde066000:c3877, 67fae1a7-3cbe-4338-9d41-57e84498288b:c3877]
2019-07-10 10:27:38,439 INFO  client.GrpcClientProtocolClient (GrpcClientProtocolClient.java:onNext(255)) - client-821285EC2D67->9fa9a271-7bed-4435-b477-86c6ed0ece08: receive RaftClientReply:client-821285EC2D67->9fa9a271-7bed-4435-b477-86c6ed0ece08@group-0E07FAD1B91E, cid=2589, SUCCESS, logIndex=3881, commits[9fa9a271-7bed-4435-b477-86c6ed0ece08:c3881, 06c1a879-4ae3-48dc-9686-b55cde066000:c3877, 67fae1a7-3cbe-4338-9d41-57e84498288b:c3877]
2019-07-10 10:27:38,452 INFO  client.GrpcClientProtocolClient (GrpcClientProtocolClient.java:onNext(255)) - client-821285EC2D67->9fa9a271-7bed-4435-b477-86c6ed0ece08: receive RaftClientReply:client-821285EC2D67->9fa9a271-7bed-4435-b477-86c6ed0ece08@group-0E07FAD1B91E, cid=2590, SUCCESS, logIndex=0, commits[9fa9a271-7bed-4435-b477-86c6ed0ece08:c3883, 06c1a879-4ae3-48dc-9686-b55cde066000:c3879, 67fae1a7-3cbe-4338-9d41-57e84498288b:c3879]
2019-07-10 10:27:38,469 INFO  client.GrpcClientProtocolClient (GrpcClientProtocolClient.java:onNext(255)) - client-821285EC2D67->9fa9a271-7bed-4435-b477-86c6ed0ece08: receive RaftClientReply:client-821285EC2D67->9fa9a271-7bed-4435-b477-86c6ed0ece08@group-0E07FAD1B91E, cid=2591, SUCCESS, logIndex=3886, commits[9fa9a271-7bed-4435-b477-86c6ed0ece08:c3887, 06c1a879-4ae3-48dc-9686-b55cde066000:c3885, 67fae1a7-3cbe-4338-9d41-57e84498288b:c3885]
2019-07-10 10:27:38,470 INFO  client.GrpcClientProtocolClient (GrpcClientProtocolClient.java:onNext(255)) - client-821285EC2D67->9fa9a271-7bed-4435-b477-86c6ed0ece08: receive RaftClientReply:client-821285EC2D67->9fa9a271-7bed-4435-b477-86c6ed0ece08@group-0E07FAD1B91E, cid=2592, SUCCESS, logIndex=3887, commits[9fa9a271-7bed-4435-b477-86c6ed0ece08:c3887, 06c1a879-4ae3-48dc-9686-b55cde066000:c3885, 67fae1a7-3cbe-4338-9d41-57e84498288b:c3885]
 0.00% |█                                                                                                    |  0/1 Time: 0:00:182019-07-10 10:27:38,482 INFO  client.GrpcClientProtocolClient (GrpcClientProtocolClient.java:onNext(255)) - client-821285EC2D67->9fa9a271-7bed-4435-b477-86c6ed0ece08: receive RaftClientReply:client-821285EC2D67->9fa9a271-7bed-4435-b477-86c6ed0ece08@group-0E07FAD1B91E, cid=2593, SUCCESS, logIndex=3890, commits[9fa9a271-7bed-4435-b477-86c6ed0ece08:c3890, 06c1a879-4ae3-48dc-9686-b55cde066000:c3887, 67fae1a7-3cbe-4338-9d41-57e84498288b:c3887]
2019-07-10 10:27:38,483 INFO  client.GrpcClientProtocolClient (GrpcClientProtocolClient.java:onNext(255)) - client-821285EC2D67->9fa9a271-7bed-4435-b477-86c6ed0ece08: receive RaftClientReply:client-821285EC2D67->9fa9a271-7bed-4435-b477-86c6ed0ece08@group-0E07FAD1B91E, cid=2594, SUCCESS, logIndex=3891, commits[9fa9a271-7bed-4435-b477-86c6ed0ece08:c3891, 06c1a879-4ae3-48dc-9686-b55cde066000:c3887, 67fae1a7-3cbe-4338-9d41-57e84498288b:c3887]
2019-07-10 10:27:38,499 INFO  client.GrpcClientProtocolClient (GrpcClientProtocolClient.java:onNext(255)) - client-821285EC2D67->9fa9a271-7bed-4435-b477-86c6ed0ece08: receive RaftClientReply:client-821285EC2D67->9fa9a271-7bed-4435-b477-86c6ed0ece08@group-0E07FAD1B91E, cid=2595, SUCCESS, logIndex=0, commits[9fa9a271-7bed-4435-b477-86c6ed0ece08:c3893, 06c1a879-4ae3-48dc-9686-b55cde066000:c3891, 67fae1a7-3cbe-4338-9d41-57e84498288b:c3891]
2019-07-10 10:27:38,527 INFO  client.GrpcClientProtocolClient (GrpcClientProtocolClient.java:onNext(255)) - client-821285EC2D67->9fa9a271-7bed-4435-b477-86c6ed0ece08: receive RaftClientReply:client-821285EC2D67->9fa9a271-7bed-4435-b477-86c6ed0ece08@group-0E07FAD1B91E, cid=2596, SUCCESS, logIndex=3894, commits[9fa9a271-7bed-4435-b477-86c6ed0ece08:c3895, 06c1a879-4ae3-48dc-9686-b55cde066000:c3893, 67fae1a7-3cbe-4338-9d41-57e84498288b:c3893]
2019-07-10 10:27:38,527 INFO  client.GrpcClientProtocolClient (GrpcClientProtocolClient.java:onNext(255)) - client-821285EC2D67->9fa9a271-7bed-4435-b477-86c6ed0ece08: receive RaftClientReply:client-821285EC2D67->9fa9a271-7bed-4435-b477-86c6ed0ece08@group-0E07FAD1B91E, cid=2597, SUCCESS, logIndex=3895, commits[9fa9a271-7bed-4435-b477-86c6ed0ece08:c3895, 06c1a879-4ae3-48dc-9686-b55cde066000:c3893, 67fae1a7-3cbe-4338-9d41-57e84498288b:c3893]
2019-07-10 10:27:38,531 INFO  client.GrpcClientProtocolClient (GrpcClientProtocolClient.java:onNext(255)) - client-821285EC2D67->9fa9a271-7bed-4435-b477-86c6ed0ece08: receive RaftClientReply:client-821285EC2D67->9fa9a271-7bed-4435-b477-86c6ed0ece08@group-0E07FAD1B91E, cid=2598, SUCCESS, logIndex=3896, commits[9fa9a271-7bed-4435-b477-86c6ed0ece08:c3897, 06c1a879-4ae3-48dc-9686-b55cde066000:c3893, 67fae1a7-3cbe-4338-9d41-57e84498288b:c3893]
2019-07-10 10:27:38,531 INFO  client.GrpcClientProtocolClient (GrpcClientProtocolClient.java:onNext(255)) - client-821285EC2D67->9fa9a271-7bed-4435-b477-86c6ed0ece08: receive RaftClientReply:client-821285EC2D67->9fa9a271-7bed-4435-b477-86c6ed0ece08@group-0E07FAD1B91E, cid=2599, SUCCESS, logIndex=3897, commits[9fa9a271-7bed-4435-b477-86c6ed0ece08:c3897, 06c1a879-4ae3-48dc-9686-b55cde066000:c3893, 67fae1a7-3cbe-4338-9d41-57e84498288b:c3893]
2019-07-10 10:27:38,532 INFO  client.GrpcClientProtocolClient (GrpcClientProtocolClient.java:onNext(255)) - client-821285EC2D67->9fa9a271-7bed-4435-b477-86c6ed0ece08: receive RaftClientReply:client-821285EC2D67->9fa9a271-7bed-4435-b477-86c6ed0ece08@group-0E07FAD1B91E, cid=2600, SUCCESS, logIndex=0, commits[9fa9a271-7bed-4435-b477-86c6ed0ece08:c3898, 06c1a879-4ae3-48dc-9686-b55cde066000:c3895, 67fae1a7-3cbe-4338-9d41-57e84498288b:c3895]
2019-07-10 10:27:38,550 INFO  client.GrpcClientProtocolClient (GrpcClientProtocolClient.java:onNext(255)) - client-821285EC2D67->9fa9a271-7bed-4435-b477-86c6ed0ece08: receive RaftClientReply:client-821285EC2D67->9fa9a271-7bed-4435-b477-86c6ed0ece08@group-0E07FAD1B91E, cid=2601, SUCCESS, logIndex=3902, commits[9fa9a271-7bed-4435-b477-86c6ed0ece08:c3903, 06c1a879-4ae3-48dc-9686-b55cde066000:c3901, 67fae1a7-3cbe-4338-9d41-57e84498288b:c3901]
2019-07-10 10:27:38,550 INFO  client.GrpcClientProtocolClient (GrpcClientProtocolClient.java:onNext(255)) - client-821285EC2D67->9fa9a271-7bed-4435-b477-86c6ed0ece08: receive RaftClientReply:client-821285EC2D67->9fa9a271-7bed-4435-b477-86c6ed0ece08@group-0E07FAD1B91E, cid=2602, SUCCESS, logIndex=3903, commits[9fa9a271-7bed-4435-b477-86c6ed0ece08:c3903, 06c1a879-4ae3-48dc-9686-b55cde066000:c3901, 67fae1a7-3cbe-4338-9d41-57e84498288b:c3901]
2019-07-10 10:27:38,566 INFO  client.GrpcClientProtocolClient (GrpcClientProtocolClient.java:onNext(255)) - client-821285EC2D67->9fa9a271-7bed-4435-b477-86c6ed0ece08: receive RaftClientReply:client-821285EC2D67->9fa9a271-7bed-4435-b477-86c6ed0ece08@group-0E07FAD1B91E, cid=2603, SUCCESS, logIndex=3906, commits[9fa9a271-7bed-4435-b477-86c6ed0ece08:c3907, 06c1a879-4ae3-48dc-9686-b55cde066000:c3903, 67fae1a7-3cbe-4338-9d41-57e84498288b:c3903]
2019-07-10 10:27:38,567 INFO  client.GrpcClientProtocolClient (GrpcClientProtocolClient.java:onNext(255)) - client-821285EC2D67->9fa9a271-7bed-4435-b477-86c6ed0ece08: receive RaftClientReply:client-821285EC2D67->9fa9a271-7bed-4435-b477-86c6ed0ece08@group-0E07FAD1B91E, cid=2604, SUCCESS, logIndex=3907, commits[9fa9a271-7bed-4435-b477-86c6ed0ece08:c3907, 06c1a879-4ae3-48dc-9686-b55cde066000:c3903, 67fae1a7-3cbe-4338-9d41-57e84498288b:c3903]
2019-07-10 10:27:38,577 INFO  client.GrpcClientProtocolClient (GrpcClientProtocolClient.java:onNext(255)) - client-821285EC2D67->9fa9a271-7bed-4435-b477-86c6ed0ece08: receive RaftClientReply:client-821285EC2D67->9fa9a271-7bed-4435-b477-86c6ed0ece08@group-0E07FAD1B91E, cid=2605, SUCCESS, logIndex=0, commits[9fa9a271-7bed-4435-b477-86c6ed0ece08:c3909, 06c1a879-4ae3-48dc-9686-b55cde066000:c3907, 67fae1a7-3cbe-4338-9d41-57e84498288b:c3907]
2019-07-10 10:27:38,602 INFO  client.GrpcClientProtocolClient (GrpcClientProtocolClient.java:onNext(255)) - client-821285EC2D67->9fa9a271-7bed-4435-b477-86c6ed0ece08: receive RaftClientReply:client-821285EC2D67->9fa9a271-7bed-4435-b477-86c6ed0ece08@group-0E07FAD1B91E, cid=2606, SUCCESS, logIndex=3910, commits[9fa9a271-7bed-4435-b477-86c6ed0ece08:c3911, 06c1a879-4ae3-48dc-9686-b55cde066000:c3909, 67fae1a7-3cbe-4338-9d41-57e84498288b:c3909]
2019-07-10 10:27:38,602 INFO  client.GrpcClientProtocolClient (GrpcClientProtocolClient.java:onNext(255)) - client-821285EC2D67->9fa9a271-7bed-4435-b477-86c6ed0ece08: receive RaftClientReply:client-821285EC2D67->9fa9a271-7bed-4435-b477-86c6ed0ece08@group-0E07FAD1B91E, cid=2607, SUCCESS, logIndex=3911, commits[9fa9a271-7bed-4435-b477-86c6ed0ece08:c3911, 06c1a879-4ae3-48dc-9686-b55cde066000:c3909, 67fae1a7-3cbe-4338-9d41-57e84498288b:c3909]
2019-07-10 10:27:38,603 INFO  client.GrpcClientProtocolClient (GrpcClientProtocolClient.java:onNext(255)) - client-821285EC2D67->9fa9a271-7bed-4435-b477-86c6ed0ece08: receive RaftClientReply:client-821285EC2D67->9fa9a271-7bed-4435-b477-86c6ed0ece08@group-0E07FAD1B91E, cid=2608, SUCCESS, logIndex=3912, commits[9fa9a271-7bed-4435-b477-86c6ed0ece08:c3913, 06c1a879-4ae3-48dc-9686-b55cde066000:c3909, 67fae1a7-3cbe-4338-9d41-57e84498288b:c3909]
2019-07-10 10:27:38,603 INFO  client.GrpcClientProtocolClient (GrpcClientProtocolClient.java:onNext(255)) - client-821285EC2D67->9fa9a271-7bed-4435-b477-86c6ed0ece08: receive RaftClientReply:client-821285EC2D67->9fa9a271-7bed-4435-b477-86c6ed0ece08@group-0E07FAD1B91E, cid=2609, SUCCESS, logIndex=3913, commits[9fa9a271-7bed-4435-b477-86c6ed0ece08:c3913, 06c1a879-4ae3-48dc-9686-b55cde066000:c3909, 67fae1a7-3cbe-4338-9d41-57e84498288b:c3909]
2019-07-10 10:27:38,604 INFO  client.GrpcClientProtocolClient (GrpcClientProtocolClient.java:onNext(255)) - client-821285EC2D67->9fa9a271-7bed-4435-b477-86c6ed0ece08: receive RaftClientReply:client-821285EC2D67->9fa9a271-7bed-4435-b477-86c6ed0ece08@group-0E07FAD1B91E, cid=2610, SUCCESS, logIndex=0, commits[9fa9a271-7bed-4435-b477-86c6ed0ece08:c3915, 06c1a879-4ae3-48dc-9686-b55cde066000:c3911, 67fae1a7-3cbe-4338-9d41-57e84498288b:c3911]
2019-07-10 10:27:38,623 INFO  client.GrpcClientProtocolClient (GrpcClientProtocolClient.java:onNext(255)) - client-821285EC2D67->9fa9a271-7bed-4435-b477-86c6ed0ece08: receive RaftClientReply:client-821285EC2D67->9fa9a271-7bed-4435-b477-86c6ed0ece08@group-0E07FAD1B91E, cid=2611, SUCCESS, logIndex=3917, commits[9fa9a271-7bed-4435-b477-86c6ed0ece08:c3918, 06c1a879-4ae3-48dc-9686-b55cde066000:c3916, 67fae1a7-3cbe-4338-9d41-57e84498288b:c3916]
2019-07-10 10:27:38,623 INFO  client.GrpcClientProtocolClient (GrpcClientProtocolClient.java:onNext(255)) - client-821285EC2D67->9fa9a271-7bed-4435-b477-86c6ed0ece08: receive RaftClientReply:client-821285EC2D67->9fa9a271-7bed-4435-b477-86c6ed0ece08@group-0E07FAD1B91E, cid=2612, SUCCESS, logIndex=3918, commits[9fa9a271-7bed-4435-b477-86c6ed0ece08:c3918, 06c1a879-4ae3-48dc-9686-b55cde066000:c3916, 67fae1a7-3cbe-4338-9d41-57e84498288b:c3916]
2019-07-10 10:27:38,635 INFO  client.GrpcClientProtocolClient (GrpcClientProtocolClient.java:onNext(255)) - client-821285EC2D67->9fa9a271-7bed-4435-b477-86c6ed0ece08: receive RaftClientReply:client-821285EC2D67->9fa9a271-7bed-4435-b477-86c6ed0ece08@group-0E07FAD1B91E, cid=2613, SUCCESS, logIndex=3921, commits[9fa9a271-7bed-4435-b477-86c6ed0ece08:c3921, 06c1a879-4ae3-48dc-9686-b55cde066000:c3918, 67fae1a7-3cbe-4338-9d41-57e84498288b:c3918]
2019-07-10 10:27:38,636 INFO  client.GrpcClientProtocolClient (GrpcClientProtocolClient.java:onNext(255)) - client-821285EC2D67->9fa9a271-7bed-4435-b477-86c6ed0ece08: receive RaftClientReply:client-821285EC2D67->9fa9a271-7bed-4435-b477-86c6ed0ece08@group-0E07FAD1B91E, cid=2614, SUCCESS, logIndex=3922, commits[9fa9a271-7bed-4435-b477-86c6ed0ece08:c3922, 06c1a879-4ae3-48dc-9686-b55cde066000:c3918, 67fae1a7-3cbe-4338-9d41-57e84498288b:c3918]
2019-07-10 10:27:38,648 INFO  client.GrpcClientProtocolClient (GrpcClientProtocolClient.java:onNext(255)) - client-821285EC2D67->9fa9a271-7bed-4435-b477-86c6ed0ece08: receive RaftClientReply:client-821285EC2D67->9fa9a271-7bed-4435-b477-86c6ed0ece08@group-0E07FAD1B91E, cid=2615, SUCCESS, logIndex=0, commits[9fa9a271-7bed-4435-b477-86c6ed0ece08:c3924, 06c1a879-4ae3-48dc-9686-b55cde066000:c3922, 67fae1a7-3cbe-4338-9d41-57e84498288b:c3922]
2019-07-10 10:27:38,674 INFO  client.GrpcClientProtocolClient (GrpcClientProtocolClient.java:onNext(255)) - client-821285EC2D67->9fa9a271-7bed-4435-b477-86c6ed0ece08: receive RaftClientReply:client-821285EC2D67->9fa9a271-7bed-4435-b477-86c6ed0ece08@group-0E07FAD1B91E, cid=2616, SUCCESS, logIndex=3925, commits[9fa9a271-7bed-4435-b477-86c6ed0ece08:c3927, 06c1a879-4ae3-48dc-9686-b55cde066000:c3924, 67fae1a7-3cbe-4338-9d41-57e84498288b:c3924]
2019-07-10 10:27:38,674 INFO  client.GrpcClientProtocolClient (GrpcClientProtocolClient.java:onNext(255)) - client-821285EC2D67->9fa9a271-7bed-4435-b477-86c6ed0ece08: receive RaftClientReply:client-821285EC2D67->9fa9a271-7bed-4435-b477-86c6ed0ece08@group-0E07FAD1B91E, cid=2617, SUCCESS, logIndex=3926, commits[9fa9a271-7bed-4435-b477-86c6ed0ece08:c3928, 06c1a879-4ae3-48dc-9686-b55cde066000:c3924, 67fae1a7-3cbe-4338-9d41-57e84498288b:c3924]
2019-07-10 10:27:38,675 INFO  client.GrpcClientProtocolClient (GrpcClientProtocolClient.java:onNext(255)) - client-821285EC2D67->9fa9a271-7bed-4435-b477-86c6ed0ece08: receive RaftClientReply:client-821285EC2D67->9fa9a271-7bed-4435-b477-86c6ed0ece08@group-0E07FAD1B91E, cid=2618, SUCCESS, logIndex=3927, commits[9fa9a271-7bed-4435-b477-86c6ed0ece08:c3928, 06c1a879-4ae3-48dc-9686-b55cde066000:c3924, 67fae1a7-3cbe-4338-9d41-57e84498288b:c3924]
2019-07-10 10:27:38,675 INFO  client.GrpcClientProtocolClient (GrpcClientProtocolClient.java:onNext(255)) - client-821285EC2D67->9fa9a271-7bed-4435-b477-86c6ed0ece08: receive RaftClientReply:client-821285EC2D67->9fa9a271-7bed-4435-b477-86c6ed0ece08@group-0E07FAD1B91E, cid=2619, SUCCESS, logIndex=3928, commits[9fa9a271-7bed-4435-b477-86c6ed0ece08:c3928, 06c1a879-4ae3-48dc-9686-b55cde066000:c3924, 67fae1a7-3cbe-4338-9d41-57e84498288b:c3924]
2019-07-10 10:27:38,678 INFO  client.GrpcClientProtocolClient (GrpcClientProtocolClient.java:onNext(255)) - client-821285EC2D67->9fa9a271-7bed-4435-b477-86c6ed0ece08: receive RaftClientReply:client-821285EC2D67->9fa9a271-7bed-4435-b477-86c6ed0ece08@group-0E07FAD1B91E, cid=2620, SUCCESS, logIndex=0, commits[9fa9a271-7bed-4435-b477-86c6ed0ece08:c3931, 06c1a879-4ae3-48dc-9686-b55cde066000:c3927, 67fae1a7-3cbe-4338-9d41-57e84498288b:c3927]
2019-07-10 10:27:38,696 INFO  client.GrpcClientProtocolClient (GrpcClientProtocolClient.java:onNext(255)) - client-821285EC2D67->9fa9a271-7bed-4435-b477-86c6ed0ece08: receive RaftClientReply:client-821285EC2D67->9fa9a271-7bed-4435-b477-86c6ed0ece08@group-0E07FAD1B91E, cid=2621, SUCCESS, logIndex=3933, commits[9fa9a271-7bed-4435-b477-86c6ed0ece08:c3934, 06c1a879-4ae3-48dc-9686-b55cde066000:c3932, 67fae1a7-3cbe-4338-9d41-57e84498288b:c3932]
2019-07-10 10:27:38,696 INFO  client.GrpcClientProtocolClient (GrpcClientProtocolClient.java:onNext(255)) - client-821285EC2D67->9fa9a271-7bed-4435-b477-86c6ed0ece08: receive RaftClientReply:client-821285EC2D67->9fa9a271-7bed-4435-b477-86c6ed0ece08@group-0E07FAD1B91E, cid=2622, SUCCESS, logIndex=3934, commits[9fa9a271-7bed-4435-b477-86c6ed0ece08:c3934, 06c1a879-4ae3-48dc-9686-b55cde066000:c3932, 67fae1a7-3cbe-4338-9d41-57e84498288b:c3932]
2019-07-10 10:27:38,710 INFO  client.GrpcClientProtocolClient (GrpcClientProtocolClient.java:onNext(255)) - client-821285EC2D67->9fa9a271-7bed-4435-b477-86c6ed0ece08: receive RaftClientReply:client-821285EC2D67->9fa9a271-7bed-4435-b477-86c6ed0ece08@group-0E07FAD1B91E, cid=2623, SUCCESS, logIndex=3937, commits[9fa9a271-7bed-4435-b477-86c6ed0ece08:c3937, 06c1a879-4ae3-48dc-9686-b55cde066000:c3934, 67fae1a7-3cbe-4338-9d41-57e84498288b:c3934]
2019-07-10 10:27:38,710 INFO  client.GrpcClientProtocolClient (GrpcClientProtocolClient.java:onNext(255)) - client-821285EC2D67->9fa9a271-7bed-4435-b477-86c6ed0ece08: receive RaftClientReply:client-821285EC2D67->9fa9a271-7bed-4435-b477-86c6ed0ece08@group-0E07FAD1B91E, cid=2624, SUCCESS, logIndex=3938, commits[9fa9a271-7bed-4435-b477-86c6ed0ece08:c3938, 06c1a879-4ae3-48dc-9686-b55cde066000:c3934, 67fae1a7-3cbe-4338-9d41-57e84498288b:c3934]
2019-07-10 10:27:38,723 INFO  client.GrpcClientProtocolClient (GrpcClientProtocolClient.java:onNext(255)) - client-821285EC2D67->9fa9a271-7bed-4435-b477-86c6ed0ece08: receive RaftClientReply:client-821285EC2D67->9fa9a271-7bed-4435-b477-86c6ed0ece08@group-0E07FAD1B91E, cid=2625, SUCCESS, logIndex=0, commits[9fa9a271-7bed-4435-b477-86c6ed0ece08:c3940, 06c1a879-4ae3-48dc-9686-b55cde066000:c3938, 67fae1a7-3cbe-4338-9d41-57e84498288b:c3938]
2019-07-10 10:27:38,749 INFO  client.GrpcClientProtocolClient (GrpcClientProtocolClient.java:onNext(255)) - client-821285EC2D67->9fa9a271-7bed-4435-b477-86c6ed0ece08: receive RaftClientReply:client-821285EC2D67->9fa9a271-7bed-4435-b477-86c6ed0ece08@group-0E07FAD1B91E, cid=2626, SUCCESS, logIndex=3941, commits[9fa9a271-7bed-4435-b477-86c6ed0ece08:c3943, 06c1a879-4ae3-48dc-9686-b55cde066000:c3940, 67fae1a7-3cbe-4338-9d41-57e84498288b:c3940]
2019-07-10 10:27:38,749 INFO  client.GrpcClientProtocolClient (GrpcClientProtocolClient.java:onNext(255)) - client-821285EC2D67->9fa9a271-7bed-4435-b477-86c6ed0ece08: receive RaftClientReply:client-821285EC2D67->9fa9a271-7bed-4435-b477-86c6ed0ece08@group-0E07FAD1B91E, cid=2627, SUCCESS, logIndex=3942, commits[9fa9a271-7bed-4435-b477-86c6ed0ece08:c3944, 06c1a879-4ae3-48dc-9686-b55cde066000:c3940, 67fae1a7-3cbe-4338-9d41-57e84498288b:c3940]
2019-07-10 10:27:38,749 INFO  client.GrpcClientProtocolClient (GrpcClientProtocolClient.java:onNext(255)) - client-821285EC2D67->9fa9a271-7bed-4435-b477-86c6ed0ece08: receive RaftClientReply:client-821285EC2D67->9fa9a271-7bed-4435-b477-86c6ed0ece08@group-0E07FAD1B91E, cid=2628, SUCCESS, logIndex=3943, commits[9fa9a271-7bed-4435-b477-86c6ed0ece08:c3944, 06c1a879-4ae3-48dc-9686-b55cde066000:c3940, 67fae1a7-3cbe-4338-9d41-57e84498288b:c3940]
2019-07-10 10:27:38,750 INFO  client.GrpcClientProtocolClient (GrpcClientProtocolClient.java:onNext(255)) - client-821285EC2D67->9fa9a271-7bed-4435-b477-86c6ed0ece08: receive RaftClientReply:client-821285EC2D67->9fa9a271-7bed-4435-b477-86c6ed0ece08@group-0E07FAD1B91E, cid=2629, SUCCESS, logIndex=3944, commits[9fa9a271-7bed-4435-b477-86c6ed0ece08:c3944, 06c1a879-4ae3-48dc-9686-b55cde066000:c3940, 67fae1a7-3cbe-4338-9d41-57e84498288b:c3940]
2019-07-10 10:27:38,751 INFO  client.GrpcClientProtocolClient (GrpcClientProtocolClient.java:onNext(255)) - client-821285EC2D67->9fa9a271-7bed-4435-b477-86c6ed0ece08: receive RaftClientReply:client-821285EC2D67->9fa9a271-7bed-4435-b477-86c6ed0ece08@group-0E07FAD1B91E, cid=2630, SUCCESS, logIndex=0, commits[9fa9a271-7bed-4435-b477-86c6ed0ece08:c3945, 06c1a879-4ae3-48dc-9686-b55cde066000:c3942, 67fae1a7-3cbe-4338-9d41-57e84498288b:c3942]
2019-07-10 10:27:38,769 INFO  client.GrpcClientProtocolClient (GrpcClientProtocolClient.java:onNext(255)) - client-821285EC2D67->9fa9a271-7bed-4435-b477-86c6ed0ece08: receive RaftClientReply:client-821285EC2D67->9fa9a271-7bed-4435-b477-86c6ed0ece08@group-0E07FAD1B91E, cid=2631, SUCCESS, logIndex=3949, commits[9fa9a271-7bed-4435-b477-86c6ed0ece08:c3950, 06c1a879-4ae3-48dc-9686-b55cde066000:c3948, 67fae1a7-3cbe-4338-9d41-57e84498288b:c3948]
2019-07-10 10:27:38,770 INFO  client.GrpcClientProtocolClient (GrpcClientProtocolClient.java:onNext(255)) - client-821285EC2D67->9fa9a271-7bed-4435-b477-86c6ed0ece08: receive RaftClientReply:client-821285EC2D67->9fa9a271-7bed-4435-b477-86c6ed0ece08@group-0E07FAD1B91E, cid=2632, SUCCESS, logIndex=3950, commits[9fa9a271-7bed-4435-b477-86c6ed0ece08:c3950, 06c1a879-4ae3-48dc-9686-b55cde066000:c3948, 67fae1a7-3cbe-4338-9d41-57e84498288b:c3948]
2019-07-10 10:27:38,781 INFO  client.GrpcClientProtocolClient (GrpcClientProtocolClient.java:onNext(255)) - client-821285EC2D67->9fa9a271-7bed-4435-b477-86c6ed0ece08: receive RaftClientReply:client-821285EC2D67->9fa9a271-7bed-4435-b477-86c6ed0ece08@group-0E07FAD1B91E, cid=2633, SUCCESS, logIndex=3953, commits[9fa9a271-7bed-4435-b477-86c6ed0ece08:c3954, 06c1a879-4ae3-48dc-9686-b55cde066000:c3950, 67fae1a7-3cbe-4338-9d41-57e84498288b:c3949]
2019-07-10 10:27:38,782 INFO  client.GrpcClientProtocolClient (GrpcClientProtocolClient.java:onNext(255)) - client-821285EC2D67->9fa9a271-7bed-4435-b477-86c6ed0ece08: receive RaftClientReply:client-821285EC2D67->9fa9a271-7bed-4435-b477-86c6ed0ece08@group-0E07FAD1B91E, cid=2634, SUCCESS, logIndex=3954, commits[9fa9a271-7bed-4435-b477-86c6ed0ece08:c3954, 06c1a879-4ae3-48dc-9686-b55cde066000:c3950, 67fae1a7-3cbe-4338-9d41-57e84498288b:c3950]
2019-07-10 10:27:38,784 INFO  client.GrpcClientProtocolClient (GrpcClientProtocolClient.java:onNext(255)) - client-821285EC2D67->9fa9a271-7bed-4435-b477-86c6ed0ece08: receive RaftClientReply:client-821285EC2D67->9fa9a271-7bed-4435-b477-86c6ed0ece08@group-0E07FAD1B91E, cid=2635, SUCCESS, logIndex=0, commits[9fa9a271-7bed-4435-b477-86c6ed0ece08:c3955, 06c1a879-4ae3-48dc-9686-b55cde066000:c3954, 67fae1a7-3cbe-4338-9d41-57e84498288b:c3954]
2019-07-10 10:27:38,808 INFO  client.GrpcClientProtocolClient (GrpcClientProtocolClient.java:onNext(255)) - client-821285EC2D67->9fa9a271-7bed-4435-b477-86c6ed0ece08: receive RaftClientReply:client-821285EC2D67->9fa9a271-7bed-4435-b477-86c6ed0ece08@group-0E07FAD1B91E, cid=2636, SUCCESS, logIndex=3957, commits[9fa9a271-7bed-4435-b477-86c6ed0ece08:c3958, 06c1a879-4ae3-48dc-9686-b55cde066000:c3956, 67fae1a7-3cbe-4338-9d41-57e84498288b:c3956]
2019-07-10 10:27:38,809 INFO  client.GrpcClientProtocolClient (GrpcClientProtocolClient.java:onNext(255)) - client-821285EC2D67->9fa9a271-7bed-4435-b477-86c6ed0ece08: receive RaftClientReply:client-821285EC2D67->9fa9a271-7bed-4435-b477-86c6ed0ece08@group-0E07FAD1B91E, cid=2637, SUCCESS, logIndex=3958, commits[9fa9a271-7bed-4435-b477-86c6ed0ece08:c3958, 06c1a879-4ae3-48dc-9686-b55cde066000:c3956, 67fae1a7-3cbe-4338-9d41-57e84498288b:c3956]
2019-07-10 10:27:38,809 INFO  client.GrpcClientProtocolClient (GrpcClientProtocolClient.java:onNext(255)) - client-821285EC2D67->9fa9a271-7bed-4435-b477-86c6ed0ece08: receive RaftClientReply:client-821285EC2D67->9fa9a271-7bed-4435-b477-86c6ed0ece08@group-0E07FAD1B91E, cid=2638, SUCCESS, logIndex=3959, commits[9fa9a271-7bed-4435-b477-86c6ed0ece08:c3959, 06c1a879-4ae3-48dc-9686-b55cde066000:c3956, 67fae1a7-3cbe-4338-9d41-57e84498288b:c3956]
2019-07-10 10:27:38,810 INFO  client.GrpcClientProtocolClient (GrpcClientProtocolClient.java:onNext(255)) - client-821285EC2D67->9fa9a271-7bed-4435-b477-86c6ed0ece08: receive RaftClientReply:client-821285EC2D67->9fa9a271-7bed-4435-b477-86c6ed0ece08@group-0E07FAD1B91E, cid=2639, SUCCESS, logIndex=3960, commits[9fa9a271-7bed-4435-b477-86c6ed0ece08:c3960, 06c1a879-4ae3-48dc-9686-b55cde066000:c3956, 67fae1a7-3cbe-4338-9d41-57e84498288b:c3956]
2019-07-10 10:27:38,813 INFO  client.GrpcClientProtocolClient (GrpcClientProtocolClient.java:onNext(255)) - client-821285EC2D67->9fa9a271-7bed-4435-b477-86c6ed0ece08: receive RaftClientReply:client-821285EC2D67->9fa9a271-7bed-4435-b477-86c6ed0ece08@group-0E07FAD1B91E, cid=2640, SUCCESS, logIndex=0, commits[9fa9a271-7bed-4435-b477-86c6ed0ece08:c3962, 06c1a879-4ae3-48dc-9686-b55cde066000:c3958, 67fae1a7-3cbe-4338-9d41-57e84498288b:c3958]
2019-07-10 10:27:38,831 INFO  client.GrpcClientProtocolClient (GrpcClientProtocolClient.java:onNext(255)) - client-821285EC2D67->9fa9a271-7bed-4435-b477-86c6ed0ece08: receive RaftClientReply:client-821285EC2D67->9fa9a271-7bed-4435-b477-86c6ed0ece08@group-0E07FAD1B91E, cid=2641, SUCCESS, logIndex=3965, commits[9fa9a271-7bed-4435-b477-86c6ed0ece08:c3966, 06c1a879-4ae3-48dc-9686-b55cde066000:c3964, 67fae1a7-3cbe-4338-9d41-57e84498288b:c3960]
2019-07-10 10:27:38,832 INFO  client.GrpcClientProtocolClient (GrpcClientProtocolClient.java:onNext(255)) - client-821285EC2D67->9fa9a271-7bed-4435-b477-86c6ed0ece08: receive RaftClientReply:client-821285EC2D67->9fa9a271-7bed-4435-b477-86c6ed0ece08@group-0E07FAD1B91E, cid=2642, SUCCESS, logIndex=3966, commits[9fa9a271-7bed-4435-b477-86c6ed0ece08:c3966, 06c1a879-4ae3-48dc-9686-b55cde066000:c3964, 67fae1a7-3cbe-4338-9d41-57e84498288b:c3964]
2019-07-10 10:27:38,851 INFO  client.GrpcClientProtocolClient (GrpcClientProtocolClient.java:onNext(255)) - client-821285EC2D67->9fa9a271-7bed-4435-b477-86c6ed0ece08: receive RaftClientReply:client-821285EC2D67->9fa9a271-7bed-4435-b477-86c6ed0ece08@group-0E07FAD1B91E, cid=2643, SUCCESS, logIndex=3968, commits[9fa9a271-7bed-4435-b477-86c6ed0ece08:c3969, 06c1a879-4ae3-48dc-9686-b55cde066000:c3966, 67fae1a7-3cbe-4338-9d41-57e84498288b:c3966]
2019-07-10 10:27:38,852 INFO  client.GrpcClientProtocolClient (GrpcClientProtocolClient.java:onNext(255)) - client-821285EC2D67->9fa9a271-7bed-4435-b477-86c6ed0ece08: receive RaftClientReply:client-821285EC2D67->9fa9a271-7bed-4435-b477-86c6ed0ece08@group-0E07FAD1B91E, cid=2644, SUCCESS, logIndex=3969, commits[9fa9a271-7bed-4435-b477-86c6ed0ece08:c3969, 06c1a879-4ae3-48dc-9686-b55cde066000:c3966, 67fae1a7-3cbe-4338-9d41-57e84498288b:c3966]
2019-07-10 10:27:38,864 INFO  client.GrpcClientProtocolClient (GrpcClientProtocolClient.java:onNext(255)) - client-821285EC2D67->9fa9a271-7bed-4435-b477-86c6ed0ece08: receive RaftClientReply:client-821285EC2D67->9fa9a271-7bed-4435-b477-86c6ed0ece08@group-0E07FAD1B91E, cid=2645, SUCCESS, logIndex=0, commits[9fa9a271-7bed-4435-b477-86c6ed0ece08:c3971, 06c1a879-4ae3-48dc-9686-b55cde066000:c3969, 67fae1a7-3cbe-4338-9d41-57e84498288b:c3969]
2019-07-10 10:27:38,891 INFO  client.GrpcClientProtocolClient (GrpcClientProtocolClient.java:onNext(255)) - client-821285EC2D67->9fa9a271-7bed-4435-b477-86c6ed0ece08: receive RaftClientReply:client-821285EC2D67->9fa9a271-7bed-4435-b477-86c6ed0ece08@group-0E07FAD1B91E, cid=2646, SUCCESS, logIndex=3972, commits[9fa9a271-7bed-4435-b477-86c6ed0ece08:c3973, 06c1a879-4ae3-48dc-9686-b55cde066000:c3971, 67fae1a7-3cbe-4338-9d41-57e84498288b:c3971]
2019-07-10 10:27:38,891 INFO  client.GrpcClientProtocolClient (GrpcClientProtocolClient.java:onNext(255)) - client-821285EC2D67->9fa9a271-7bed-4435-b477-86c6ed0ece08: receive RaftClientReply:client-821285EC2D67->9fa9a271-7bed-4435-b477-86c6ed0ece08@group-0E07FAD1B91E, cid=2647, SUCCESS, logIndex=3973, commits[9fa9a271-7bed-4435-b477-86c6ed0ece08:c3973, 06c1a879-4ae3-48dc-9686-b55cde066000:c3971, 67fae1a7-3cbe-4338-9d41-57e84498288b:c3971]
2019-07-10 10:27:38,896 INFO  client.GrpcClientProtocolClient (GrpcClientProtocolClient.java:onNext(255)) - client-821285EC2D67->9fa9a271-7bed-4435-b477-86c6ed0ece08: receive RaftClientReply:client-821285EC2D67->9fa9a271-7bed-4435-b477-86c6ed0ece08@group-0E07FAD1B91E, cid=2648, SUCCESS, logIndex=3974, commits[9fa9a271-7bed-4435-b477-86c6ed0ece08:c3975, 06c1a879-4ae3-48dc-9686-b55cde066000:c3971, 67fae1a7-3cbe-4338-9d41-57e84498288b:c3971]
2019-07-10 10:27:38,897 INFO  client.GrpcClientProtocolClient (GrpcClientProtocolClient.java:onNext(255)) - client-821285EC2D67->9fa9a271-7bed-4435-b477-86c6ed0ece08: receive RaftClientReply:client-821285EC2D67->9fa9a271-7bed-4435-b477-86c6ed0ece08@group-0E07FAD1B91E, cid=2649, SUCCESS, logIndex=3975, commits[9fa9a271-7bed-4435-b477-86c6ed0ece08:c3976, 06c1a879-4ae3-48dc-9686-b55cde066000:c3971, 67fae1a7-3cbe-4338-9d41-57e84498288b:c3972]
2019-07-10 10:27:38,898 INFO  client.GrpcClientProtocolClient (GrpcClientProtocolClient.java:onNext(255)) - client-821285EC2D67->9fa9a271-7bed-4435-b477-86c6ed0ece08: receive RaftClientReply:client-821285EC2D67->9fa9a271-7bed-4435-b477-86c6ed0ece08@group-0E07FAD1B91E, cid=2650, SUCCESS, logIndex=0, commits[9fa9a271-7bed-4435-b477-86c6ed0ece08:c3977, 06c1a879-4ae3-48dc-9686-b55cde066000:c3973, 67fae1a7-3cbe-4338-9d41-57e84498288b:c3973]
2019-07-10 10:27:39,002 INFO  client.GrpcClientProtocolClient (GrpcClientProtocolClient.java:onNext(255)) - client-821285EC2D67->9fa9a271-7bed-4435-b477-86c6ed0ece08: receive RaftClientReply:client-821285EC2D67->9fa9a271-7bed-4435-b477-86c6ed0ece08@group-0E07FAD1B91E, cid=2651, SUCCESS, logIndex=3980, commits[9fa9a271-7bed-4435-b477-86c6ed0ece08:c3981, 06c1a879-4ae3-48dc-9686-b55cde066000:c3979, 67fae1a7-3cbe-4338-9d41-57e84498288b:c3979]
2019-07-10 10:27:39,002 INFO  client.GrpcClientProtocolClient (GrpcClientProtocolClient.java:onNext(255)) - client-821285EC2D67->9fa9a271-7bed-4435-b477-86c6ed0ece08: receive RaftClientReply:client-821285EC2D67->9fa9a271-7bed-4435-b477-86c6ed0ece08@group-0E07FAD1B91E, cid=2652, SUCCESS, logIndex=3981, commits[9fa9a271-7bed-4435-b477-86c6ed0ece08:c3981, 06c1a879-4ae3-48dc-9686-b55cde066000:c3979, 67fae1a7-3cbe-4338-9d41-57e84498288b:c3979]
2019-07-10 10:27:39,024 INFO  client.GrpcClientProtocolClient (GrpcClientProtocolClient.java:onNext(255)) - client-821285EC2D67->9fa9a271-7bed-4435-b477-86c6ed0ece08: receive RaftClientReply:client-821285EC2D67->9fa9a271-7bed-4435-b477-86c6ed0ece08@group-0E07FAD1B91E, cid=2653, SUCCESS, logIndex=3984, commits[9fa9a271-7bed-4435-b477-86c6ed0ece08:c3985, 06c1a879-4ae3-48dc-9686-b55cde066000:c3981, 67fae1a7-3cbe-4338-9d41-57e84498288b:c3981]
2019-07-10 10:27:39,025 INFO  client.GrpcClientProtocolClient (GrpcClientProtocolClient.java:onNext(255)) - client-821285EC2D67->9fa9a271-7bed-4435-b477-86c6ed0ece08: receive RaftClientReply:client-821285EC2D67->9fa9a271-7bed-4435-b477-86c6ed0ece08@group-0E07FAD1B91E, cid=2654, SUCCESS, logIndex=3985, commits[9fa9a271-7bed-4435-b477-86c6ed0ece08:c3985, 06c1a879-4ae3-48dc-9686-b55cde066000:c3981, 67fae1a7-3cbe-4338-9d41-57e84498288b:c3981]
2019-07-10 10:27:39,027 INFO  client.GrpcClientProtocolClient (GrpcClientProtocolClient.java:onNext(255)) - client-821285EC2D67->9fa9a271-7bed-4435-b477-86c6ed0ece08: receive RaftClientReply:client-821285EC2D67->9fa9a271-7bed-4435-b477-86c6ed0ece08@group-0E07FAD1B91E, cid=2655, SUCCESS, logIndex=0, commits[9fa9a271-7bed-4435-b477-86c6ed0ece08:c3987, 06c1a879-4ae3-48dc-9686-b55cde066000:c3985, 67fae1a7-3cbe-4338-9d41-57e84498288b:c3985]
2019-07-10 10:27:39,058 INFO  client.GrpcClientProtocolClient (GrpcClientProtocolClient.java:onNext(255)) - client-821285EC2D67->9fa9a271-7bed-4435-b477-86c6ed0ece08: receive RaftClientReply:client-821285EC2D67->9fa9a271-7bed-4435-b477-86c6ed0ece08@group-0E07FAD1B91E, cid=2656, SUCCESS, logIndex=3988, commits[9fa9a271-7bed-4435-b477-86c6ed0ece08:c3989, 06c1a879-4ae3-48dc-9686-b55cde066000:c3987, 67fae1a7-3cbe-4338-9d41-57e84498288b:c3987]
2019-07-10 10:27:39,058 INFO  client.GrpcClientProtocolClient (GrpcClientProtocolClient.java:onNext(255)) - client-821285EC2D67->9fa9a271-7bed-4435-b477-86c6ed0ece08: receive RaftClientReply:client-821285EC2D67->9fa9a271-7bed-4435-b477-86c6ed0ece08@group-0E07FAD1B91E, cid=2657, SUCCESS, logIndex=3989, commits[9fa9a271-7bed-4435-b477-86c6ed0ece08:c3991, 06c1a879-4ae3-48dc-9686-b55cde066000:c3987, 67fae1a7-3cbe-4338-9d41-57e84498288b:c3987]
2019-07-10 10:27:39,058 INFO  client.GrpcClientProtocolClient (GrpcClientProtocolClient.java:onNext(255)) - client-821285EC2D67->9fa9a271-7bed-4435-b477-86c6ed0ece08: receive RaftClientReply:client-821285EC2D67->9fa9a271-7bed-4435-b477-86c6ed0ece08@group-0E07FAD1B91E, cid=2658, SUCCESS, logIndex=3990, commits[9fa9a271-7bed-4435-b477-86c6ed0ece08:c3991, 06c1a879-4ae3-48dc-9686-b55cde066000:c3987, 67fae1a7-3cbe-4338-9d41-57e84498288b:c3987]
2019-07-10 10:27:39,059 INFO  client.GrpcClientProtocolClient (GrpcClientProtocolClient.java:onNext(255)) - client-821285EC2D67->9fa9a271-7bed-4435-b477-86c6ed0ece08: receive RaftClientReply:client-821285EC2D67->9fa9a271-7bed-4435-b477-86c6ed0ece08@group-0E07FAD1B91E, cid=2659, SUCCESS, logIndex=3991, commits[9fa9a271-7bed-4435-b477-86c6ed0ece08:c3991, 06c1a879-4ae3-48dc-9686-b55cde066000:c3987, 67fae1a7-3cbe-4338-9d41-57e84498288b:c3987]
2019-07-10 10:27:39,068 INFO  client.GrpcClientProtocolClient (GrpcClientProtocolClient.java:onNext(255)) - client-821285EC2D67->9fa9a271-7bed-4435-b477-86c6ed0ece08: receive RaftClientReply:client-821285EC2D67->9fa9a271-7bed-4435-b477-86c6ed0ece08@group-0E07FAD1B91E, cid=2660, SUCCESS, logIndex=0, commits[9fa9a271-7bed-4435-b477-86c6ed0ece08:c3995, 06c1a879-4ae3-48dc-9686-b55cde066000:c3989, 67fae1a7-3cbe-4338-9d41-57e84498288b:c3991]
2019-07-10 10:27:39,081 INFO  client.GrpcClientProtocolClient (GrpcClientProtocolClient.java:onNext(255)) - client-821285EC2D67->9fa9a271-7bed-4435-b477-86c6ed0ece08: receive RaftClientReply:client-821285EC2D67->9fa9a271-7bed-4435-b477-86c6ed0ece08@group-0E07FAD1B91E, cid=2661, SUCCESS, logIndex=3996, commits[9fa9a271-7bed-4435-b477-86c6ed0ece08:c3997, 06c1a879-4ae3-48dc-9686-b55cde066000:c3995, 67fae1a7-3cbe-4338-9d41-57e84498288b:c3995]
2019-07-10 10:27:39,082 INFO  client.GrpcClientProtocolClient (GrpcClientProtocolClient.java:onNext(255)) - client-821285EC2D67->9fa9a271-7bed-4435-b477-86c6ed0ece08: receive RaftClientReply:client-821285EC2D67->9fa9a271-7bed-4435-b477-86c6ed0ece08@group-0E07FAD1B91E, cid=2662, SUCCESS, logIndex=3997, commits[9fa9a271-7bed-4435-b477-86c6ed0ece08:c3997, 06c1a879-4ae3-48dc-9686-b55cde066000:c3995, 67fae1a7-3cbe-4338-9d41-57e84498288b:c3995]
2019-07-10 10:27:39,095 INFO  client.GrpcClientProtocolClient (GrpcClientProtocolClient.java:onNext(255)) - client-821285EC2D67->9fa9a271-7bed-4435-b477-86c6ed0ece08: receive RaftClientReply:client-821285EC2D67->9fa9a271-7bed-4435-b477-86c6ed0ece08@group-0E07FAD1B91E, cid=2663, SUCCESS, logIndex=4000, commits[9fa9a271-7bed-4435-b477-86c6ed0ece08:c4000, 06c1a879-4ae3-48dc-9686-b55cde066000:c3997, 67fae1a7-3cbe-4338-9d41-57e84498288b:c3997]
2019-07-10 10:27:39,095 INFO  client.GrpcClientProtocolClient (GrpcClientProtocolClient.java:onNext(255)) - client-821285EC2D67->9fa9a271-7bed-4435-b477-86c6ed0ece08: receive RaftClientReply:client-821285EC2D67->9fa9a271-7bed-4435-b477-86c6ed0ece08@group-0E07FAD1B91E, cid=2664, SUCCESS, logIndex=4001, commits[9fa9a271-7bed-4435-b477-86c6ed0ece08:c4001, 06c1a879-4ae3-48dc-9686-b55cde066000:c3997, 67fae1a7-3cbe-4338-9d41-57e84498288b:c3997]
2019-07-10 10:27:39,108 INFO  client.GrpcClientProtocolClient (GrpcClientProtocolClient.java:onNext(255)) - client-821285EC2D67->9fa9a271-7bed-4435-b477-86c6ed0ece08: receive RaftClientReply:client-821285EC2D67->9fa9a271-7bed-4435-b477-86c6ed0ece08@group-0E07FAD1B91E, cid=2665, SUCCESS, logIndex=0, commits[9fa9a271-7bed-4435-b477-86c6ed0ece08:c4003, 06c1a879-4ae3-48dc-9686-b55cde066000:c4001, 67fae1a7-3cbe-4338-9d41-57e84498288b:c4001]
2019-07-10 10:27:39,147 INFO  client.GrpcClientProtocolClient (GrpcClientProtocolClient.java:onNext(255)) - client-821285EC2D67->9fa9a271-7bed-4435-b477-86c6ed0ece08: receive RaftClientReply:client-821285EC2D67->9fa9a271-7bed-4435-b477-86c6ed0ece08@group-0E07FAD1B91E, cid=2666, SUCCESS, logIndex=4004, commits[9fa9a271-7bed-4435-b477-86c6ed0ece08:c4005, 06c1a879-4ae3-48dc-9686-b55cde066000:c4003, 67fae1a7-3cbe-4338-9d41-57e84498288b:c4003]
2019-07-10 10:27:39,147 INFO  client.GrpcClientProtocolClient (GrpcClientProtocolClient.java:onNext(255)) - client-821285EC2D67->9fa9a271-7bed-4435-b477-86c6ed0ece08: receive RaftClientReply:client-821285EC2D67->9fa9a271-7bed-4435-b477-86c6ed0ece08@group-0E07FAD1B91E, cid=2667, SUCCESS, logIndex=4005, commits[9fa9a271-7bed-4435-b477-86c6ed0ece08:c4007, 06c1a879-4ae3-48dc-9686-b55cde066000:c4003, 67fae1a7-3cbe-4338-9d41-57e84498288b:c4003]
2019-07-10 10:27:39,147 INFO  client.GrpcClientProtocolClient (GrpcClientProtocolClient.java:onNext(255)) - client-821285EC2D67->9fa9a271-7bed-4435-b477-86c6ed0ece08: receive RaftClientReply:client-821285EC2D67->9fa9a271-7bed-4435-b477-86c6ed0ece08@group-0E07FAD1B91E, cid=2668, SUCCESS, logIndex=4006, commits[9fa9a271-7bed-4435-b477-86c6ed0ece08:c4007, 06c1a879-4ae3-48dc-9686-b55cde066000:c4003, 67fae1a7-3cbe-4338-9d41-57e84498288b:c4003]
2019-07-10 10:27:39,147 INFO  client.GrpcClientProtocolClient (GrpcClientProtocolClient.java:onNext(255)) - client-821285EC2D67->9fa9a271-7bed-4435-b477-86c6ed0ece08: receive RaftClientReply:client-821285EC2D67->9fa9a271-7bed-4435-b477-86c6ed0ece08@group-0E07FAD1B91E, cid=2669, SUCCESS, logIndex=4007, commits[9fa9a271-7bed-4435-b477-86c6ed0ece08:c4007, 06c1a879-4ae3-48dc-9686-b55cde066000:c4003, 67fae1a7-3cbe-4338-9d41-57e84498288b:c4003]
2019-07-10 10:27:39,156 INFO  client.GrpcClientProtocolClient (GrpcClientProtocolClient.java:onNext(255)) - client-821285EC2D67->9fa9a271-7bed-4435-b477-86c6ed0ece08: receive RaftClientReply:client-821285EC2D67->9fa9a271-7bed-4435-b477-86c6ed0ece08@group-0E07FAD1B91E, cid=2670, SUCCESS, logIndex=0, commits[9fa9a271-7bed-4435-b477-86c6ed0ece08:c4008, 06c1a879-4ae3-48dc-9686-b55cde066000:c4005, 67fae1a7-3cbe-4338-9d41-57e84498288b:c4005]
2019-07-10 10:27:39,175 INFO  client.GrpcClientProtocolClient (GrpcClientProtocolClient.java:onNext(255)) - client-821285EC2D67->9fa9a271-7bed-4435-b477-86c6ed0ece08: receive RaftClientReply:client-821285EC2D67->9fa9a271-7bed-4435-b477-86c6ed0ece08@group-0E07FAD1B91E, cid=2671, SUCCESS, logIndex=4012, commits[9fa9a271-7bed-4435-b477-86c6ed0ece08:c4013, 06c1a879-4ae3-48dc-9686-b55cde066000:c4011, 67fae1a7-3cbe-4338-9d41-57e84498288b:c4011]
2019-07-10 10:27:39,175 INFO  client.GrpcClientProtocolClient (GrpcClientProtocolClient.java:onNext(255)) - client-821285EC2D67->9fa9a271-7bed-4435-b477-86c6ed0ece08: receive RaftClientReply:client-821285EC2D67->9fa9a271-7bed-4435-b477-86c6ed0ece08@group-0E07FAD1B91E, cid=2672, SUCCESS, logIndex=4013, commits[9fa9a271-7bed-4435-b477-86c6ed0ece08:c4013, 06c1a879-4ae3-48dc-9686-b55cde066000:c4011, 67fae1a7-3cbe-4338-9d41-57e84498288b:c4011]
2019-07-10 10:27:39,187 INFO  client.GrpcClientProtocolClient (GrpcClientProtocolClient.java:onNext(255)) - client-821285EC2D67->9fa9a271-7bed-4435-b477-86c6ed0ece08: receive RaftClientReply:client-821285EC2D67->9fa9a271-7bed-4435-b477-86c6ed0ece08@group-0E07FAD1B91E, cid=2673, SUCCESS, logIndex=4016, commits[9fa9a271-7bed-4435-b477-86c6ed0ece08:c4017, 06c1a879-4ae3-48dc-9686-b55cde066000:c4013, 67fae1a7-3cbe-4338-9d41-57e84498288b:c4013]
2019-07-10 10:27:39,188 INFO  client.GrpcClientProtocolClient (GrpcClientProtocolClient.java:onNext(255)) - client-821285EC2D67->9fa9a271-7bed-4435-b477-86c6ed0ece08: receive RaftClientReply:client-821285EC2D67->9fa9a271-7bed-4435-b477-86c6ed0ece08@group-0E07FAD1B91E, cid=2674, SUCCESS, logIndex=4017, commits[9fa9a271-7bed-4435-b477-86c6ed0ece08:c4017, 06c1a879-4ae3-48dc-9686-b55cde066000:c4013, 67fae1a7-3cbe-4338-9d41-57e84498288b:c4013]
2019-07-10 10:27:39,200 INFO  client.GrpcClientProtocolClient (GrpcClientProtocolClient.java:onNext(255)) - client-821285EC2D67->9fa9a271-7bed-4435-b477-86c6ed0ece08: receive RaftClientReply:client-821285EC2D67->9fa9a271-7bed-4435-b477-86c6ed0ece08@group-0E07FAD1B91E, cid=2675, SUCCESS, logIndex=0, commits[9fa9a271-7bed-4435-b477-86c6ed0ece08:c4019, 06c1a879-4ae3-48dc-9686-b55cde066000:c4017, 67fae1a7-3cbe-4338-9d41-57e84498288b:c4017]
2019-07-10 10:27:39,273 INFO  client.GrpcClientProtocolClient (GrpcClientProtocolClient.java:onNext(255)) - client-821285EC2D67->9fa9a271-7bed-4435-b477-86c6ed0ece08: receive RaftClientReply:client-821285EC2D67->9fa9a271-7bed-4435-b477-86c6ed0ece08@group-0E07FAD1B91E, cid=2676, SUCCESS, logIndex=4020, commits[9fa9a271-7bed-4435-b477-86c6ed0ece08:c4021, 06c1a879-4ae3-48dc-9686-b55cde066000:c4019, 67fae1a7-3cbe-4338-9d41-57e84498288b:c4019]
2019-07-10 10:27:39,274 INFO  client.GrpcClientProtocolClient (GrpcClientProtocolClient.java:onNext(255)) - client-821285EC2D67->9fa9a271-7bed-4435-b477-86c6ed0ece08: receive RaftClientReply:client-821285EC2D67->9fa9a271-7bed-4435-b477-86c6ed0ece08@group-0E07FAD1B91E, cid=2677, SUCCESS, logIndex=4021, commits[9fa9a271-7bed-4435-b477-86c6ed0ece08:c4023, 06c1a879-4ae3-48dc-9686-b55cde066000:c4019, 67fae1a7-3cbe-4338-9d41-57e84498288b:c4019]
2019-07-10 10:27:39,274 INFO  client.GrpcClientProtocolClient (GrpcClientProtocolClient.java:onNext(255)) - client-821285EC2D67->9fa9a271-7bed-4435-b477-86c6ed0ece08: receive RaftClientReply:client-821285EC2D67->9fa9a271-7bed-4435-b477-86c6ed0ece08@group-0E07FAD1B91E, cid=2678, SUCCESS, logIndex=4022, commits[9fa9a271-7bed-4435-b477-86c6ed0ece08:c4023, 06c1a879-4ae3-48dc-9686-b55cde066000:c4019, 67fae1a7-3cbe-4338-9d41-57e84498288b:c4019]
2019-07-10 10:27:39,275 INFO  client.GrpcClientProtocolClient (GrpcClientProtocolClient.java:onNext(255)) - client-821285EC2D67->9fa9a271-7bed-4435-b477-86c6ed0ece08: receive RaftClientReply:client-821285EC2D67->9fa9a271-7bed-4435-b477-86c6ed0ece08@group-0E07FAD1B91E, cid=2679, SUCCESS, logIndex=4023, commits[9fa9a271-7bed-4435-b477-86c6ed0ece08:c4023, 06c1a879-4ae3-48dc-9686-b55cde066000:c4019, 67fae1a7-3cbe-4338-9d41-57e84498288b:c4019]
2019-07-10 10:27:39,276 INFO  client.GrpcClientProtocolClient (GrpcClientProtocolClient.java:onNext(255)) - client-821285EC2D67->9fa9a271-7bed-4435-b477-86c6ed0ece08: receive RaftClientReply:client-821285EC2D67->9fa9a271-7bed-4435-b477-86c6ed0ece08@group-0E07FAD1B91E, cid=2680, SUCCESS, logIndex=0, commits[9fa9a271-7bed-4435-b477-86c6ed0ece08:c4025, 06c1a879-4ae3-48dc-9686-b55cde066000:c4021, 67fae1a7-3cbe-4338-9d41-57e84498288b:c4021]
2019-07-10 10:27:39,296 INFO  client.GrpcClientProtocolClient (GrpcClientProtocolClient.java:onNext(255)) - client-821285EC2D67->9fa9a271-7bed-4435-b477-86c6ed0ece08: receive RaftClientReply:client-821285EC2D67->9fa9a271-7bed-4435-b477-86c6ed0ece08@group-0E07FAD1B91E, cid=2681, SUCCESS, logIndex=4027, commits[9fa9a271-7bed-4435-b477-86c6ed0ece08:c4027, 06c1a879-4ae3-48dc-9686-b55cde066000:c4026, 67fae1a7-3cbe-4338-9d41-57e84498288b:c4026]
2019-07-10 10:27:39,296 INFO  client.GrpcClientProtocolClient (GrpcClientProtocolClient.java:onNext(255)) - client-821285EC2D67->9fa9a271-7bed-4435-b477-86c6ed0ece08: receive RaftClientReply:client-821285EC2D67->9fa9a271-7bed-4435-b477-86c6ed0ece08@group-0E07FAD1B91E, cid=2682, SUCCESS, logIndex=4028, commits[9fa9a271-7bed-4435-b477-86c6ed0ece08:c4028, 06c1a879-4ae3-48dc-9686-b55cde066000:c4026, 67fae1a7-3cbe-4338-9d41-57e84498288b:c4026]
2019-07-10 10:27:39,319 INFO  client.GrpcClientProtocolClient (GrpcClientProtocolClient.java:onNext(255)) - client-821285EC2D67->9fa9a271-7bed-4435-b477-86c6ed0ece08: receive RaftClientReply:client-821285EC2D67->9fa9a271-7bed-4435-b477-86c6ed0ece08@group-0E07FAD1B91E, cid=2683, SUCCESS, logIndex=4031, commits[9fa9a271-7bed-4435-b477-86c6ed0ece08:c4032, 06c1a879-4ae3-48dc-9686-b55cde066000:c4028, 67fae1a7-3cbe-4338-9d41-57e84498288b:c4028]
2019-07-10 10:27:39,320 INFO  client.GrpcClientProtocolClient (GrpcClientProtocolClient.java:onNext(255)) - client-821285EC2D67->9fa9a271-7bed-4435-b477-86c6ed0ece08: receive RaftClientReply:client-821285EC2D67->9fa9a271-7bed-4435-b477-86c6ed0ece08@group-0E07FAD1B91E, cid=2684, SUCCESS, logIndex=4032, commits[9fa9a271-7bed-4435-b477-86c6ed0ece08:c4032, 06c1a879-4ae3-48dc-9686-b55cde066000:c4028, 67fae1a7-3cbe-4338-9d41-57e84498288b:c4028]
2019-07-10 10:27:39,330 INFO  client.GrpcClientProtocolClient (GrpcClientProtocolClient.java:onNext(255)) - client-821285EC2D67->9fa9a271-7bed-4435-b477-86c6ed0ece08: receive RaftClientReply:client-821285EC2D67->9fa9a271-7bed-4435-b477-86c6ed0ece08@group-0E07FAD1B91E, cid=2685, SUCCESS, logIndex=0, commits[9fa9a271-7bed-4435-b477-86c6ed0ece08:c4033, 06c1a879-4ae3-48dc-9686-b55cde066000:c4032, 67fae1a7-3cbe-4338-9d41-57e84498288b:c4032]
2019-07-10 10:27:39,365 INFO  client.GrpcClientProtocolClient (GrpcClientProtocolClient.java:onNext(255)) - client-821285EC2D67->9fa9a271-7bed-4435-b477-86c6ed0ece08: receive RaftClientReply:client-821285EC2D67->9fa9a271-7bed-4435-b477-86c6ed0ece08@group-0E07FAD1B91E, cid=2686, SUCCESS, logIndex=4035, commits[9fa9a271-7bed-4435-b477-86c6ed0ece08:c4036, 06c1a879-4ae3-48dc-9686-b55cde066000:c4034, 67fae1a7-3cbe-4338-9d41-57e84498288b:c4034]
2019-07-10 10:27:39,365 INFO  client.GrpcClientProtocolClient (GrpcClientProtocolClient.java:onNext(255)) - client-821285EC2D67->9fa9a271-7bed-4435-b477-86c6ed0ece08: receive RaftClientReply:client-821285EC2D67->9fa9a271-7bed-4435-b477-86c6ed0ece08@group-0E07FAD1B91E, cid=2687, SUCCESS, logIndex=4036, commits[9fa9a271-7bed-4435-b477-86c6ed0ece08:c4036, 06c1a879-4ae3-48dc-9686-b55cde066000:c4034, 67fae1a7-3cbe-4338-9d41-57e84498288b:c4034]
2019-07-10 10:27:39,366 INFO  client.GrpcClientProtocolClient (GrpcClientProtocolClient.java:onNext(255)) - client-821285EC2D67->9fa9a271-7bed-4435-b477-86c6ed0ece08: receive RaftClientReply:client-821285EC2D67->9fa9a271-7bed-4435-b477-86c6ed0ece08@group-0E07FAD1B91E, cid=2688, SUCCESS, logIndex=4037, commits[9fa9a271-7bed-4435-b477-86c6ed0ece08:c4038, 06c1a879-4ae3-48dc-9686-b55cde066000:c4034, 67fae1a7-3cbe-4338-9d41-57e84498288b:c4034]
2019-07-10 10:27:39,367 INFO  client.GrpcClientProtocolClient (GrpcClientProtocolClient.java:onNext(255)) - client-821285EC2D67->9fa9a271-7bed-4435-b477-86c6ed0ece08: receive RaftClientReply:client-821285EC2D67->9fa9a271-7bed-4435-b477-86c6ed0ece08@group-0E07FAD1B91E, cid=2689, SUCCESS, logIndex=4038, commits[9fa9a271-7bed-4435-b477-86c6ed0ece08:c4039, 06c1a879-4ae3-48dc-9686-b55cde066000:c4034, 67fae1a7-3cbe-4338-9d41-57e84498288b:c4036]
2019-07-10 10:27:39,368 INFO  client.GrpcClientProtocolClient (GrpcClientProtocolClient.java:onNext(255)) - client-821285EC2D67->9fa9a271-7bed-4435-b477-86c6ed0ece08: receive RaftClientReply:client-821285EC2D67->9fa9a271-7bed-4435-b477-86c6ed0ece08@group-0E07FAD1B91E, cid=2690, SUCCESS, logIndex=0, commits[9fa9a271-7bed-4435-b477-86c6ed0ece08:c4042, 06c1a879-4ae3-48dc-9686-b55cde066000:c4037, 67fae1a7-3cbe-4338-9d41-57e84498288b:c4038]
2019-07-10 10:27:39,389 INFO  client.GrpcClientProtocolClient (GrpcClientProtocolClient.java:onNext(255)) - client-821285EC2D67->9fa9a271-7bed-4435-b477-86c6ed0ece08: receive RaftClientReply:client-821285EC2D67->9fa9a271-7bed-4435-b477-86c6ed0ece08@group-0E07FAD1B91E, cid=2691, SUCCESS, logIndex=4043, commits[9fa9a271-7bed-4435-b477-86c6ed0ece08:c4044, 06c1a879-4ae3-48dc-9686-b55cde066000:c4042, 67fae1a7-3cbe-4338-9d41-57e84498288b:c4042]
2019-07-10 10:27:39,390 INFO  client.GrpcClientProtocolClient (GrpcClientProtocolClient.java:onNext(255)) - client-821285EC2D67->9fa9a271-7bed-4435-b477-86c6ed0ece08: receive RaftClientReply:client-821285EC2D67->9fa9a271-7bed-4435-b477-86c6ed0ece08@group-0E07FAD1B91E, cid=2692, SUCCESS, logIndex=4044, commits[9fa9a271-7bed-4435-b477-86c6ed0ece08:c4044, 06c1a879-4ae3-48dc-9686-b55cde066000:c4042, 67fae1a7-3cbe-4338-9d41-57e84498288b:c4042]
2019-07-10 10:27:39,413 INFO  client.GrpcClientProtocolClient (GrpcClientProtocolClient.java:onNext(255)) - client-821285EC2D67->9fa9a271-7bed-4435-b477-86c6ed0ece08: receive RaftClientReply:client-821285EC2D67->9fa9a271-7bed-4435-b477-86c6ed0ece08@group-0E07FAD1B91E, cid=2693, SUCCESS, logIndex=4047, commits[9fa9a271-7bed-4435-b477-86c6ed0ece08:c4048, 06c1a879-4ae3-48dc-9686-b55cde066000:c4044, 67fae1a7-3cbe-4338-9d41-57e84498288b:c4044]
2019-07-10 10:27:39,413 INFO  client.GrpcClientProtocolClient (GrpcClientProtocolClient.java:onNext(255)) - client-821285EC2D67->9fa9a271-7bed-4435-b477-86c6ed0ece08: receive RaftClientReply:client-821285EC2D67->9fa9a271-7bed-4435-b477-86c6ed0ece08@group-0E07FAD1B91E, cid=2694, SUCCESS, logIndex=4048, commits[9fa9a271-7bed-4435-b477-86c6ed0ece08:c4048, 06c1a879-4ae3-48dc-9686-b55cde066000:c4044, 67fae1a7-3cbe-4338-9d41-57e84498288b:c4044]
2019-07-10 10:27:39,414 INFO  client.GrpcClientProtocolClient (GrpcClientProtocolClient.java:onNext(255)) - client-821285EC2D67->9fa9a271-7bed-4435-b477-86c6ed0ece08: receive RaftClientReply:client-821285EC2D67->9fa9a271-7bed-4435-b477-86c6ed0ece08@group-0E07FAD1B91E, cid=2695, SUCCESS, logIndex=0, commits[9fa9a271-7bed-4435-b477-86c6ed0ece08:c4049, 06c1a879-4ae3-48dc-9686-b55cde066000:c4048, 67fae1a7-3cbe-4338-9d41-57e84498288b:c4048]
2019-07-10 10:27:39,455 INFO  client.GrpcClientProtocolClient (GrpcClientProtocolClient.java:onNext(255)) - client-821285EC2D67->9fa9a271-7bed-4435-b477-86c6ed0ece08: receive RaftClientReply:client-821285EC2D67->9fa9a271-7bed-4435-b477-86c6ed0ece08@group-0E07FAD1B91E, cid=2696, SUCCESS, logIndex=4051, commits[9fa9a271-7bed-4435-b477-86c6ed0ece08:c4052, 06c1a879-4ae3-48dc-9686-b55cde066000:c4050, 67fae1a7-3cbe-4338-9d41-57e84498288b:c4050]
2019-07-10 10:27:39,455 INFO  client.GrpcClientProtocolClient (GrpcClientProtocolClient.java:onNext(255)) - client-821285EC2D67->9fa9a271-7bed-4435-b477-86c6ed0ece08: receive RaftClientReply:client-821285EC2D67->9fa9a271-7bed-4435-b477-86c6ed0ece08@group-0E07FAD1B91E, cid=2697, SUCCESS, logIndex=4052, commits[9fa9a271-7bed-4435-b477-86c6ed0ece08:c4054, 06c1a879-4ae3-48dc-9686-b55cde066000:c4050, 67fae1a7-3cbe-4338-9d41-57e84498288b:c4050]
2019-07-10 10:27:39,456 INFO  client.GrpcClientProtocolClient (GrpcClientProtocolClient.java:onNext(255)) - client-821285EC2D67->9fa9a271-7bed-4435-b477-86c6ed0ece08: receive RaftClientReply:client-821285EC2D67->9fa9a271-7bed-4435-b477-86c6ed0ece08@group-0E07FAD1B91E, cid=2698, SUCCESS, logIndex=4053, commits[9fa9a271-7bed-4435-b477-86c6ed0ece08:c4054, 06c1a879-4ae3-48dc-9686-b55cde066000:c4050, 67fae1a7-3cbe-4338-9d41-57e84498288b:c4050]
2019-07-10 10:27:39,456 INFO  client.GrpcClientProtocolClient (GrpcClientProtocolClient.java:onNext(255)) - client-821285EC2D67->9fa9a271-7bed-4435-b477-86c6ed0ece08: receive RaftClientReply:client-821285EC2D67->9fa9a271-7bed-4435-b477-86c6ed0ece08@group-0E07FAD1B91E, cid=2699, SUCCESS, logIndex=4054, commits[9fa9a271-7bed-4435-b477-86c6ed0ece08:c4054, 06c1a879-4ae3-48dc-9686-b55cde066000:c4050, 67fae1a7-3cbe-4338-9d41-57e84498288b:c4050]
2019-07-10 10:27:39,465 INFO  client.GrpcClientProtocolClient (GrpcClientProtocolClient.java:onNext(255)) - client-821285EC2D67->9fa9a271-7bed-4435-b477-86c6ed0ece08: receive RaftClientReply:client-821285EC2D67->9fa9a271-7bed-4435-b477-86c6ed0ece08@group-0E07FAD1B91E, cid=2700, SUCCESS, logIndex=0, commits[9fa9a271-7bed-4435-b477-86c6ed0ece08:c4056, 06c1a879-4ae3-48dc-9686-b55cde066000:c4052, 67fae1a7-3cbe-4338-9d41-57e84498288b:c4052]
 0.00% |█                                                                                                    |  0/1 Time: 0:00:192019-07-10 10:27:39,484 INFO  client.GrpcClientProtocolClient (GrpcClientProtocolClient.java:onNext(255)) - client-821285EC2D67->9fa9a271-7bed-4435-b477-86c6ed0ece08: receive RaftClientReply:client-821285EC2D67->9fa9a271-7bed-4435-b477-86c6ed0ece08@group-0E07FAD1B91E, cid=2701, SUCCESS, logIndex=4058, commits[9fa9a271-7bed-4435-b477-86c6ed0ece08:c4059, 06c1a879-4ae3-48dc-9686-b55cde066000:c4057, 67fae1a7-3cbe-4338-9d41-57e84498288b:c4057]
2019-07-10 10:27:39,484 INFO  client.GrpcClientProtocolClient (GrpcClientProtocolClient.java:onNext(255)) - client-821285EC2D67->9fa9a271-7bed-4435-b477-86c6ed0ece08: receive RaftClientReply:client-821285EC2D67->9fa9a271-7bed-4435-b477-86c6ed0ece08@group-0E07FAD1B91E, cid=2702, SUCCESS, logIndex=4059, commits[9fa9a271-7bed-4435-b477-86c6ed0ece08:c4059, 06c1a879-4ae3-48dc-9686-b55cde066000:c4057, 67fae1a7-3cbe-4338-9d41-57e84498288b:c4057]
2019-07-10 10:27:39,496 INFO  client.GrpcClientProtocolClient (GrpcClientProtocolClient.java:onNext(255)) - client-821285EC2D67->9fa9a271-7bed-4435-b477-86c6ed0ece08: receive RaftClientReply:client-821285EC2D67->9fa9a271-7bed-4435-b477-86c6ed0ece08@group-0E07FAD1B91E, cid=2703, SUCCESS, logIndex=4062, commits[9fa9a271-7bed-4435-b477-86c6ed0ece08:c4063, 06c1a879-4ae3-48dc-9686-b55cde066000:c4059, 67fae1a7-3cbe-4338-9d41-57e84498288b:c4058]
2019-07-10 10:27:39,497 INFO  client.GrpcClientProtocolClient (GrpcClientProtocolClient.java:onNext(255)) - client-821285EC2D67->9fa9a271-7bed-4435-b477-86c6ed0ece08: receive RaftClientReply:client-821285EC2D67->9fa9a271-7bed-4435-b477-86c6ed0ece08@group-0E07FAD1B91E, cid=2704, SUCCESS, logIndex=4063, commits[9fa9a271-7bed-4435-b477-86c6ed0ece08:c4063, 06c1a879-4ae3-48dc-9686-b55cde066000:c4059, 67fae1a7-3cbe-4338-9d41-57e84498288b:c4059]
2019-07-10 10:27:39,499 INFO  client.GrpcClientProtocolClient (GrpcClientProtocolClient.java:onNext(255)) - client-821285EC2D67->9fa9a271-7bed-4435-b477-86c6ed0ece08: receive RaftClientReply:client-821285EC2D67->9fa9a271-7bed-4435-b477-86c6ed0ece08@group-0E07FAD1B91E, cid=2705, SUCCESS, logIndex=0, commits[9fa9a271-7bed-4435-b477-86c6ed0ece08:c4064, 06c1a879-4ae3-48dc-9686-b55cde066000:c4063, 67fae1a7-3cbe-4338-9d41-57e84498288b:c4063]
2019-07-10 10:27:39,527 INFO  client.GrpcClientProtocolClient (GrpcClientProtocolClient.java:onNext(255)) - client-821285EC2D67->9fa9a271-7bed-4435-b477-86c6ed0ece08: receive RaftClientReply:client-821285EC2D67->9fa9a271-7bed-4435-b477-86c6ed0ece08@group-0E07FAD1B91E, cid=2706, SUCCESS, logIndex=4066, commits[9fa9a271-7bed-4435-b477-86c6ed0ece08:c4067, 06c1a879-4ae3-48dc-9686-b55cde066000:c4065, 67fae1a7-3cbe-4338-9d41-57e84498288b:c4065]
2019-07-10 10:27:39,528 INFO  client.GrpcClientProtocolClient (GrpcClientProtocolClient.java:onNext(255)) - client-821285EC2D67->9fa9a271-7bed-4435-b477-86c6ed0ece08: receive RaftClientReply:client-821285EC2D67->9fa9a271-7bed-4435-b477-86c6ed0ece08@group-0E07FAD1B91E, cid=2707, SUCCESS, logIndex=4067, commits[9fa9a271-7bed-4435-b477-86c6ed0ece08:c4069, 06c1a879-4ae3-48dc-9686-b55cde066000:c4065, 67fae1a7-3cbe-4338-9d41-57e84498288b:c4065]
2019-07-10 10:27:39,528 INFO  client.GrpcClientProtocolClient (GrpcClientProtocolClient.java:onNext(255)) - client-821285EC2D67->9fa9a271-7bed-4435-b477-86c6ed0ece08: receive RaftClientReply:client-821285EC2D67->9fa9a271-7bed-4435-b477-86c6ed0ece08@group-0E07FAD1B91E, cid=2708, SUCCESS, logIndex=4068, commits[9fa9a271-7bed-4435-b477-86c6ed0ece08:c4069, 06c1a879-4ae3-48dc-9686-b55cde066000:c4065, 67fae1a7-3cbe-4338-9d41-57e84498288b:c4065]
2019-07-10 10:27:39,529 INFO  client.GrpcClientProtocolClient (GrpcClientProtocolClient.java:onNext(255)) - client-821285EC2D67->9fa9a271-7bed-4435-b477-86c6ed0ece08: receive RaftClientReply:client-821285EC2D67->9fa9a271-7bed-4435-b477-86c6ed0ece08@group-0E07FAD1B91E, cid=2709, SUCCESS, logIndex=4069, commits[9fa9a271-7bed-4435-b477-86c6ed0ece08:c4069, 06c1a879-4ae3-48dc-9686-b55cde066000:c4065, 67fae1a7-3cbe-4338-9d41-57e84498288b:c4065]
2019-07-10 10:27:39,530 INFO  client.GrpcClientProtocolClient (GrpcClientProtocolClient.java:onNext(255)) - client-821285EC2D67->9fa9a271-7bed-4435-b477-86c6ed0ece08: receive RaftClientReply:client-821285EC2D67->9fa9a271-7bed-4435-b477-86c6ed0ece08@group-0E07FAD1B91E, cid=2710, SUCCESS, logIndex=0, commits[9fa9a271-7bed-4435-b477-86c6ed0ece08:c4073, 06c1a879-4ae3-48dc-9686-b55cde066000:c4069, 67fae1a7-3cbe-4338-9d41-57e84498288b:c4067]
2019-07-10 10:27:39,549 INFO  client.GrpcClientProtocolClient (GrpcClientProtocolClient.java:onNext(255)) - client-821285EC2D67->9fa9a271-7bed-4435-b477-86c6ed0ece08: receive RaftClientReply:client-821285EC2D67->9fa9a271-7bed-4435-b477-86c6ed0ece08@group-0E07FAD1B91E, cid=2711, SUCCESS, logIndex=4074, commits[9fa9a271-7bed-4435-b477-86c6ed0ece08:c4075, 06c1a879-4ae3-48dc-9686-b55cde066000:c4073, 67fae1a7-3cbe-4338-9d41-57e84498288b:c4073]
2019-07-10 10:27:39,550 INFO  client.GrpcClientProtocolClient (GrpcClientProtocolClient.java:onNext(255)) - client-821285EC2D67->9fa9a271-7bed-4435-b477-86c6ed0ece08: receive RaftClientReply:client-821285EC2D67->9fa9a271-7bed-4435-b477-86c6ed0ece08@group-0E07FAD1B91E, cid=2712, SUCCESS, logIndex=4075, commits[9fa9a271-7bed-4435-b477-86c6ed0ece08:c4075, 06c1a879-4ae3-48dc-9686-b55cde066000:c4073, 67fae1a7-3cbe-4338-9d41-57e84498288b:c4073]
2019-07-10 10:27:39,570 INFO  client.GrpcClientProtocolClient (GrpcClientProtocolClient.java:onNext(255)) - client-821285EC2D67->9fa9a271-7bed-4435-b477-86c6ed0ece08: receive RaftClientReply:client-821285EC2D67->9fa9a271-7bed-4435-b477-86c6ed0ece08@group-0E07FAD1B91E, cid=2713, SUCCESS, logIndex=4078, commits[9fa9a271-7bed-4435-b477-86c6ed0ece08:c4079, 06c1a879-4ae3-48dc-9686-b55cde066000:c4075, 67fae1a7-3cbe-4338-9d41-57e84498288b:c4074]
2019-07-10 10:27:39,571 INFO  client.GrpcClientProtocolClient (GrpcClientProtocolClient.java:onNext(255)) - client-821285EC2D67->9fa9a271-7bed-4435-b477-86c6ed0ece08: receive RaftClientReply:client-821285EC2D67->9fa9a271-7bed-4435-b477-86c6ed0ece08@group-0E07FAD1B91E, cid=2714, SUCCESS, logIndex=4079, commits[9fa9a271-7bed-4435-b477-86c6ed0ece08:c4079, 06c1a879-4ae3-48dc-9686-b55cde066000:c4075, 67fae1a7-3cbe-4338-9d41-57e84498288b:c4075]
2019-07-10 10:27:39,576 INFO  client.GrpcClientProtocolClient (GrpcClientProtocolClient.java:onNext(255)) - client-821285EC2D67->9fa9a271-7bed-4435-b477-86c6ed0ece08: receive RaftClientReply:client-821285EC2D67->9fa9a271-7bed-4435-b477-86c6ed0ece08@group-0E07FAD1B91E, cid=2715, SUCCESS, logIndex=0, commits[9fa9a271-7bed-4435-b477-86c6ed0ece08:c4081, 06c1a879-4ae3-48dc-9686-b55cde066000:c4079, 67fae1a7-3cbe-4338-9d41-57e84498288b:c4079]
2019-07-10 10:27:39,618 INFO  client.GrpcClientProtocolClient (GrpcClientProtocolClient.java:onNext(255)) - client-821285EC2D67->9fa9a271-7bed-4435-b477-86c6ed0ece08: receive RaftClientReply:client-821285EC2D67->9fa9a271-7bed-4435-b477-86c6ed0ece08@group-0E07FAD1B91E, cid=2716, SUCCESS, logIndex=4082, commits[9fa9a271-7bed-4435-b477-86c6ed0ece08:c4085, 06c1a879-4ae3-48dc-9686-b55cde066000:c4081, 67fae1a7-3cbe-4338-9d41-57e84498288b:c4081]
2019-07-10 10:27:39,619 INFO  client.GrpcClientProtocolClient (GrpcClientProtocolClient.java:onNext(255)) - client-821285EC2D67->9fa9a271-7bed-4435-b477-86c6ed0ece08: receive RaftClientReply:client-821285EC2D67->9fa9a271-7bed-4435-b477-86c6ed0ece08@group-0E07FAD1B91E, cid=2717, SUCCESS, logIndex=4083, commits[9fa9a271-7bed-4435-b477-86c6ed0ece08:c4085, 06c1a879-4ae3-48dc-9686-b55cde066000:c4081, 67fae1a7-3cbe-4338-9d41-57e84498288b:c4081]
2019-07-10 10:27:39,620 INFO  client.GrpcClientProtocolClient (GrpcClientProtocolClient.java:onNext(255)) - client-821285EC2D67->9fa9a271-7bed-4435-b477-86c6ed0ece08: receive RaftClientReply:client-821285EC2D67->9fa9a271-7bed-4435-b477-86c6ed0ece08@group-0E07FAD1B91E, cid=2718, SUCCESS, logIndex=4084, commits[9fa9a271-7bed-4435-b477-86c6ed0ece08:c4085, 06c1a879-4ae3-48dc-9686-b55cde066000:c4081, 67fae1a7-3cbe-4338-9d41-57e84498288b:c4081]
2019-07-10 10:27:39,620 INFO  client.GrpcClientProtocolClient (GrpcClientProtocolClient.java:onNext(255)) - client-821285EC2D67->9fa9a271-7bed-4435-b477-86c6ed0ece08: receive RaftClientReply:client-821285EC2D67->9fa9a271-7bed-4435-b477-86c6ed0ece08@group-0E07FAD1B91E, cid=2719, SUCCESS, logIndex=4085, commits[9fa9a271-7bed-4435-b477-86c6ed0ece08:c4085, 06c1a879-4ae3-48dc-9686-b55cde066000:c4081, 67fae1a7-3cbe-4338-9d41-57e84498288b:c4081]
2019-07-10 10:27:39,628 INFO  client.GrpcClientProtocolClient (GrpcClientProtocolClient.java:onNext(255)) - client-821285EC2D67->9fa9a271-7bed-4435-b477-86c6ed0ece08: receive RaftClientReply:client-821285EC2D67->9fa9a271-7bed-4435-b477-86c6ed0ece08@group-0E07FAD1B91E, cid=2720, SUCCESS, logIndex=0, commits[9fa9a271-7bed-4435-b477-86c6ed0ece08:c4086, 06c1a879-4ae3-48dc-9686-b55cde066000:c4085, 67fae1a7-3cbe-4338-9d41-57e84498288b:c4085]
2019-07-10 10:27:39,649 INFO  client.GrpcClientProtocolClient (GrpcClientProtocolClient.java:onNext(255)) - client-821285EC2D67->9fa9a271-7bed-4435-b477-86c6ed0ece08: receive RaftClientReply:client-821285EC2D67->9fa9a271-7bed-4435-b477-86c6ed0ece08@group-0E07FAD1B91E, cid=2721, SUCCESS, logIndex=4088, commits[9fa9a271-7bed-4435-b477-86c6ed0ece08:c4089, 06c1a879-4ae3-48dc-9686-b55cde066000:c4087, 67fae1a7-3cbe-4338-9d41-57e84498288b:c4087]
2019-07-10 10:27:39,649 INFO  client.GrpcClientProtocolClient (GrpcClientProtocolClient.java:onNext(255)) - client-821285EC2D67->9fa9a271-7bed-4435-b477-86c6ed0ece08: receive RaftClientReply:client-821285EC2D67->9fa9a271-7bed-4435-b477-86c6ed0ece08@group-0E07FAD1B91E, cid=2722, SUCCESS, logIndex=4089, commits[9fa9a271-7bed-4435-b477-86c6ed0ece08:c4089, 06c1a879-4ae3-48dc-9686-b55cde066000:c4087, 67fae1a7-3cbe-4338-9d41-57e84498288b:c4087]
2019-07-10 10:27:39,664 INFO  client.GrpcClientProtocolClient (GrpcClientProtocolClient.java:onNext(255)) - client-821285EC2D67->9fa9a271-7bed-4435-b477-86c6ed0ece08: receive RaftClientReply:client-821285EC2D67->9fa9a271-7bed-4435-b477-86c6ed0ece08@group-0E07FAD1B91E, cid=2723, SUCCESS, logIndex=4092, commits[9fa9a271-7bed-4435-b477-86c6ed0ece08:c4093, 06c1a879-4ae3-48dc-9686-b55cde066000:c4089, 67fae1a7-3cbe-4338-9d41-57e84498288b:c4089]
2019-07-10 10:27:39,664 INFO  client.GrpcClientProtocolClient (GrpcClientProtocolClient.java:onNext(255)) - client-821285EC2D67->9fa9a271-7bed-4435-b477-86c6ed0ece08: receive RaftClientReply:client-821285EC2D67->9fa9a271-7bed-4435-b477-86c6ed0ece08@group-0E07FAD1B91E, cid=2724, SUCCESS, logIndex=4093, commits[9fa9a271-7bed-4435-b477-86c6ed0ece08:c4093, 06c1a879-4ae3-48dc-9686-b55cde066000:c4089, 67fae1a7-3cbe-4338-9d41-57e84498288b:c4089]
2019-07-10 10:27:39,667 INFO  client.GrpcClientProtocolClient (GrpcClientProtocolClient.java:onNext(255)) - client-821285EC2D67->9fa9a271-7bed-4435-b477-86c6ed0ece08: receive RaftClientReply:client-821285EC2D67->9fa9a271-7bed-4435-b477-86c6ed0ece08@group-0E07FAD1B91E, cid=2725, SUCCESS, logIndex=0, commits[9fa9a271-7bed-4435-b477-86c6ed0ece08:c4095, 06c1a879-4ae3-48dc-9686-b55cde066000:c4093, 67fae1a7-3cbe-4338-9d41-57e84498288b:c4093]
2019-07-10 10:27:39,698 INFO  client.GrpcClientProtocolClient (GrpcClientProtocolClient.java:onNext(255)) - client-821285EC2D67->9fa9a271-7bed-4435-b477-86c6ed0ece08: receive RaftClientReply:client-821285EC2D67->9fa9a271-7bed-4435-b477-86c6ed0ece08@group-0E07FAD1B91E, cid=2726, SUCCESS, logIndex=4096, commits[9fa9a271-7bed-4435-b477-86c6ed0ece08:c4097, 06c1a879-4ae3-48dc-9686-b55cde066000:c4095, 67fae1a7-3cbe-4338-9d41-57e84498288b:c4093]
2019-07-10 10:27:39,699 INFO  client.GrpcClientProtocolClient (GrpcClientProtocolClient.java:onNext(255)) - client-821285EC2D67->9fa9a271-7bed-4435-b477-86c6ed0ece08: receive RaftClientReply:client-821285EC2D67->9fa9a271-7bed-4435-b477-86c6ed0ece08@group-0E07FAD1B91E, cid=2727, SUCCESS, logIndex=4097, commits[9fa9a271-7bed-4435-b477-86c6ed0ece08:c4097, 06c1a879-4ae3-48dc-9686-b55cde066000:c4095, 67fae1a7-3cbe-4338-9d41-57e84498288b:c4093]
2019-07-10 10:27:39,699 INFO  client.GrpcClientProtocolClient (GrpcClientProtocolClient.java:onNext(255)) - client-821285EC2D67->9fa9a271-7bed-4435-b477-86c6ed0ece08: receive RaftClientReply:client-821285EC2D67->9fa9a271-7bed-4435-b477-86c6ed0ece08@group-0E07FAD1B91E, cid=2728, SUCCESS, logIndex=4098, commits[9fa9a271-7bed-4435-b477-86c6ed0ece08:c4099, 06c1a879-4ae3-48dc-9686-b55cde066000:c4095, 67fae1a7-3cbe-4338-9d41-57e84498288b:c4093]
2019-07-10 10:27:39,700 INFO  client.GrpcClientProtocolClient (GrpcClientProtocolClient.java:onNext(255)) - client-821285EC2D67->9fa9a271-7bed-4435-b477-86c6ed0ece08: receive RaftClientReply:client-821285EC2D67->9fa9a271-7bed-4435-b477-86c6ed0ece08@group-0E07FAD1B91E, cid=2729, SUCCESS, logIndex=4099, commits[9fa9a271-7bed-4435-b477-86c6ed0ece08:c4099, 06c1a879-4ae3-48dc-9686-b55cde066000:c4095, 67fae1a7-3cbe-4338-9d41-57e84498288b:c4095]
2019-07-10 10:27:39,702 INFO  client.GrpcClientProtocolClient (GrpcClientProtocolClient.java:onNext(255)) - client-821285EC2D67->9fa9a271-7bed-4435-b477-86c6ed0ece08: receive RaftClientReply:client-821285EC2D67->9fa9a271-7bed-4435-b477-86c6ed0ece08@group-0E07FAD1B91E, cid=2730, SUCCESS, logIndex=0, commits[9fa9a271-7bed-4435-b477-86c6ed0ece08:c4101, 06c1a879-4ae3-48dc-9686-b55cde066000:c4097, 67fae1a7-3cbe-4338-9d41-57e84498288b:c4097]
2019-07-10 10:27:39,718 INFO  client.GrpcClientProtocolClient (GrpcClientProtocolClient.java:onNext(255)) - client-821285EC2D67->9fa9a271-7bed-4435-b477-86c6ed0ece08: receive RaftClientReply:client-821285EC2D67->9fa9a271-7bed-4435-b477-86c6ed0ece08@group-0E07FAD1B91E, cid=2731, SUCCESS, logIndex=4104, commits[9fa9a271-7bed-4435-b477-86c6ed0ece08:c4104, 06c1a879-4ae3-48dc-9686-b55cde066000:c4099, 67fae1a7-3cbe-4338-9d41-57e84498288b:c4103]
2019-07-10 10:27:39,720 INFO  client.GrpcClientProtocolClient (GrpcClientProtocolClient.java:onNext(255)) - client-821285EC2D67->9fa9a271-7bed-4435-b477-86c6ed0ece08: receive RaftClientReply:client-821285EC2D67->9fa9a271-7bed-4435-b477-86c6ed0ece08@group-0E07FAD1B91E, cid=2732, SUCCESS, logIndex=4105, commits[9fa9a271-7bed-4435-b477-86c6ed0ece08:c4105, 06c1a879-4ae3-48dc-9686-b55cde066000:c4103, 67fae1a7-3cbe-4338-9d41-57e84498288b:c4103]
2019-07-10 10:27:39,733 INFO  client.GrpcClientProtocolClient (GrpcClientProtocolClient.java:onNext(255)) - client-821285EC2D67->9fa9a271-7bed-4435-b477-86c6ed0ece08: receive RaftClientReply:client-821285EC2D67->9fa9a271-7bed-4435-b477-86c6ed0ece08@group-0E07FAD1B91E, cid=2733, SUCCESS, logIndex=4108, commits[9fa9a271-7bed-4435-b477-86c6ed0ece08:c4109, 06c1a879-4ae3-48dc-9686-b55cde066000:c4106, 67fae1a7-3cbe-4338-9d41-57e84498288b:c4105]
2019-07-10 10:27:39,733 INFO  client.GrpcClientProtocolClient (GrpcClientProtocolClient.java:onNext(255)) - client-821285EC2D67->9fa9a271-7bed-4435-b477-86c6ed0ece08: receive RaftClientReply:client-821285EC2D67->9fa9a271-7bed-4435-b477-86c6ed0ece08@group-0E07FAD1B91E, cid=2734, SUCCESS, logIndex=4109, commits[9fa9a271-7bed-4435-b477-86c6ed0ece08:c4109, 06c1a879-4ae3-48dc-9686-b55cde066000:c4106, 67fae1a7-3cbe-4338-9d41-57e84498288b:c4105]
2019-07-10 10:27:39,739 INFO  client.GrpcClientProtocolClient (GrpcClientProtocolClient.java:onNext(255)) - client-821285EC2D67->9fa9a271-7bed-4435-b477-86c6ed0ece08: receive RaftClientReply:client-821285EC2D67->9fa9a271-7bed-4435-b477-86c6ed0ece08@group-0E07FAD1B91E, cid=2735, SUCCESS, logIndex=0, commits[9fa9a271-7bed-4435-b477-86c6ed0ece08:c4111, 06c1a879-4ae3-48dc-9686-b55cde066000:c4109, 67fae1a7-3cbe-4338-9d41-57e84498288b:c4109]
2019-07-10 10:27:39,770 INFO  client.GrpcClientProtocolClient (GrpcClientProtocolClient.java:onNext(255)) - client-821285EC2D67->9fa9a271-7bed-4435-b477-86c6ed0ece08: receive RaftClientReply:client-821285EC2D67->9fa9a271-7bed-4435-b477-86c6ed0ece08@group-0E07FAD1B91E, cid=2736, SUCCESS, logIndex=4112, commits[9fa9a271-7bed-4435-b477-86c6ed0ece08:c4113, 06c1a879-4ae3-48dc-9686-b55cde066000:c4111, 67fae1a7-3cbe-4338-9d41-57e84498288b:c4111]
2019-07-10 10:27:39,771 INFO  client.GrpcClientProtocolClient (GrpcClientProtocolClient.java:onNext(255)) - client-821285EC2D67->9fa9a271-7bed-4435-b477-86c6ed0ece08: receive RaftClientReply:client-821285EC2D67->9fa9a271-7bed-4435-b477-86c6ed0ece08@group-0E07FAD1B91E, cid=2737, SUCCESS, logIndex=4113, commits[9fa9a271-7bed-4435-b477-86c6ed0ece08:c4113, 06c1a879-4ae3-48dc-9686-b55cde066000:c4111, 67fae1a7-3cbe-4338-9d41-57e84498288b:c4111]
2019-07-10 10:27:39,905 INFO  client.GrpcClientProtocolClient (GrpcClientProtocolClient.java:onNext(255)) - client-821285EC2D67->9fa9a271-7bed-4435-b477-86c6ed0ece08: receive RaftClientReply:client-821285EC2D67->9fa9a271-7bed-4435-b477-86c6ed0ece08@group-0E07FAD1B91E, cid=2738, SUCCESS, logIndex=4114, commits[9fa9a271-7bed-4435-b477-86c6ed0ece08:c4115, 06c1a879-4ae3-48dc-9686-b55cde066000:c4111, 67fae1a7-3cbe-4338-9d41-57e84498288b:c4111]
2019-07-10 10:27:39,906 INFO  client.GrpcClientProtocolClient (GrpcClientProtocolClient.java:onNext(255)) - client-821285EC2D67->9fa9a271-7bed-4435-b477-86c6ed0ece08: receive RaftClientReply:client-821285EC2D67->9fa9a271-7bed-4435-b477-86c6ed0ece08@group-0E07FAD1B91E, cid=2739, SUCCESS, logIndex=4115, commits[9fa9a271-7bed-4435-b477-86c6ed0ece08:c4115, 06c1a879-4ae3-48dc-9686-b55cde066000:c4111, 67fae1a7-3cbe-4338-9d41-57e84498288b:c4111]
2019-07-10 10:27:39,907 INFO  client.GrpcClientProtocolClient (GrpcClientProtocolClient.java:onNext(255)) - client-821285EC2D67->9fa9a271-7bed-4435-b477-86c6ed0ece08: receive RaftClientReply:client-821285EC2D67->9fa9a271-7bed-4435-b477-86c6ed0ece08@group-0E07FAD1B91E, cid=2740, SUCCESS, logIndex=0, commits[9fa9a271-7bed-4435-b477-86c6ed0ece08:c4117, 06c1a879-4ae3-48dc-9686-b55cde066000:c4113, 67fae1a7-3cbe-4338-9d41-57e84498288b:c4115]
2019-07-10 10:27:39,930 INFO  client.GrpcClientProtocolClient (GrpcClientProtocolClient.java:onNext(255)) - client-821285EC2D67->9fa9a271-7bed-4435-b477-86c6ed0ece08: receive RaftClientReply:client-821285EC2D67->9fa9a271-7bed-4435-b477-86c6ed0ece08@group-0E07FAD1B91E, cid=2741, SUCCESS, logIndex=4120, commits[9fa9a271-7bed-4435-b477-86c6ed0ece08:c4121, 06c1a879-4ae3-48dc-9686-b55cde066000:c4119, 67fae1a7-3cbe-4338-9d41-57e84498288b:c4119]
2019-07-10 10:27:39,930 INFO  client.GrpcClientProtocolClient (GrpcClientProtocolClient.java:onNext(255)) - client-821285EC2D67->9fa9a271-7bed-4435-b477-86c6ed0ece08: receive RaftClientReply:client-821285EC2D67->9fa9a271-7bed-4435-b477-86c6ed0ece08@group-0E07FAD1B91E, cid=2742, SUCCESS, logIndex=4121, commits[9fa9a271-7bed-4435-b477-86c6ed0ece08:c4121, 06c1a879-4ae3-48dc-9686-b55cde066000:c4119, 67fae1a7-3cbe-4338-9d41-57e84498288b:c4119]
2019-07-10 10:27:39,952 INFO  client.GrpcClientProtocolClient (GrpcClientProtocolClient.java:onNext(255)) - client-821285EC2D67->9fa9a271-7bed-4435-b477-86c6ed0ece08: receive RaftClientReply:client-821285EC2D67->9fa9a271-7bed-4435-b477-86c6ed0ece08@group-0E07FAD1B91E, cid=2743, SUCCESS, logIndex=4124, commits[9fa9a271-7bed-4435-b477-86c6ed0ece08:c4125, 06c1a879-4ae3-48dc-9686-b55cde066000:c4122, 67fae1a7-3cbe-4338-9d41-57e84498288b:c4122]
2019-07-10 10:27:39,953 INFO  client.GrpcClientProtocolClient (GrpcClientProtocolClient.java:onNext(255)) - client-821285EC2D67->9fa9a271-7bed-4435-b477-86c6ed0ece08: receive RaftClientReply:client-821285EC2D67->9fa9a271-7bed-4435-b477-86c6ed0ece08@group-0E07FAD1B91E, cid=2744, SUCCESS, logIndex=4125, commits[9fa9a271-7bed-4435-b477-86c6ed0ece08:c4125, 06c1a879-4ae3-48dc-9686-b55cde066000:c4122, 67fae1a7-3cbe-4338-9d41-57e84498288b:c4122]
2019-07-10 10:27:39,965 INFO  client.GrpcClientProtocolClient (GrpcClientProtocolClient.java:onNext(255)) - client-821285EC2D67->9fa9a271-7bed-4435-b477-86c6ed0ece08: receive RaftClientReply:client-821285EC2D67->9fa9a271-7bed-4435-b477-86c6ed0ece08@group-0E07FAD1B91E, cid=2745, SUCCESS, logIndex=0, commits[9fa9a271-7bed-4435-b477-86c6ed0ece08:c4127, 06c1a879-4ae3-48dc-9686-b55cde066000:c4125, 67fae1a7-3cbe-4338-9d41-57e84498288b:c4125]
2019-07-10 10:27:40,000 INFO  client.GrpcClientProtocolClient (GrpcClientProtocolClient.java:onNext(255)) - client-821285EC2D67->9fa9a271-7bed-4435-b477-86c6ed0ece08: receive RaftClientReply:client-821285EC2D67->9fa9a271-7bed-4435-b477-86c6ed0ece08@group-0E07FAD1B91E, cid=2746, SUCCESS, logIndex=4128, commits[9fa9a271-7bed-4435-b477-86c6ed0ece08:c4129, 06c1a879-4ae3-48dc-9686-b55cde066000:c4127, 67fae1a7-3cbe-4338-9d41-57e84498288b:c4127]
2019-07-10 10:27:40,001 INFO  client.GrpcClientProtocolClient (GrpcClientProtocolClient.java:onNext(255)) - client-821285EC2D67->9fa9a271-7bed-4435-b477-86c6ed0ece08: receive RaftClientReply:client-821285EC2D67->9fa9a271-7bed-4435-b477-86c6ed0ece08@group-0E07FAD1B91E, cid=2747, SUCCESS, logIndex=4129, commits[9fa9a271-7bed-4435-b477-86c6ed0ece08:c4131, 06c1a879-4ae3-48dc-9686-b55cde066000:c4127, 67fae1a7-3cbe-4338-9d41-57e84498288b:c4127]
2019-07-10 10:27:40,001 INFO  client.GrpcClientProtocolClient (GrpcClientProtocolClient.java:onNext(255)) - client-821285EC2D67->9fa9a271-7bed-4435-b477-86c6ed0ece08: receive RaftClientReply:client-821285EC2D67->9fa9a271-7bed-4435-b477-86c6ed0ece08@group-0E07FAD1B91E, cid=2748, SUCCESS, logIndex=4130, commits[9fa9a271-7bed-4435-b477-86c6ed0ece08:c4131, 06c1a879-4ae3-48dc-9686-b55cde066000:c4127, 67fae1a7-3cbe-4338-9d41-57e84498288b:c4127]
2019-07-10 10:27:40,002 INFO  client.GrpcClientProtocolClient (GrpcClientProtocolClient.java:onNext(255)) - client-821285EC2D67->9fa9a271-7bed-4435-b477-86c6ed0ece08: receive RaftClientReply:client-821285EC2D67->9fa9a271-7bed-4435-b477-86c6ed0ece08@group-0E07FAD1B91E, cid=2749, SUCCESS, logIndex=4131, commits[9fa9a271-7bed-4435-b477-86c6ed0ece08:c4131, 06c1a879-4ae3-48dc-9686-b55cde066000:c4127, 67fae1a7-3cbe-4338-9d41-57e84498288b:c4127]
2019-07-10 10:27:40,004 INFO  client.GrpcClientProtocolClient (GrpcClientProtocolClient.java:onNext(255)) - client-821285EC2D67->9fa9a271-7bed-4435-b477-86c6ed0ece08: receive RaftClientReply:client-821285EC2D67->9fa9a271-7bed-4435-b477-86c6ed0ece08@group-0E07FAD1B91E, cid=2750, SUCCESS, logIndex=0, commits[9fa9a271-7bed-4435-b477-86c6ed0ece08:c4132, 06c1a879-4ae3-48dc-9686-b55cde066000:c4129, 67fae1a7-3cbe-4338-9d41-57e84498288b:c4129]
2019-07-10 10:27:40,027 INFO  client.GrpcClientProtocolClient (GrpcClientProtocolClient.java:onNext(255)) - client-821285EC2D67->9fa9a271-7bed-4435-b477-86c6ed0ece08: receive RaftClientReply:client-821285EC2D67->9fa9a271-7bed-4435-b477-86c6ed0ece08@group-0E07FAD1B91E, cid=2751, SUCCESS, logIndex=4135, commits[9fa9a271-7bed-4435-b477-86c6ed0ece08:c4136, 06c1a879-4ae3-48dc-9686-b55cde066000:c4134, 67fae1a7-3cbe-4338-9d41-57e84498288b:c4134]
2019-07-10 10:27:40,028 INFO  client.GrpcClientProtocolClient (GrpcClientProtocolClient.java:onNext(255)) - client-821285EC2D67->9fa9a271-7bed-4435-b477-86c6ed0ece08: receive RaftClientReply:client-821285EC2D67->9fa9a271-7bed-4435-b477-86c6ed0ece08@group-0E07FAD1B91E, cid=2752, SUCCESS, logIndex=4136, commits[9fa9a271-7bed-4435-b477-86c6ed0ece08:c4136, 06c1a879-4ae3-48dc-9686-b55cde066000:c4134, 67fae1a7-3cbe-4338-9d41-57e84498288b:c4134]
2019-07-10 10:27:40,051 INFO  client.GrpcClientProtocolClient (GrpcClientProtocolClient.java:onNext(255)) - client-821285EC2D67->9fa9a271-7bed-4435-b477-86c6ed0ece08: receive RaftClientReply:client-821285EC2D67->9fa9a271-7bed-4435-b477-86c6ed0ece08@group-0E07FAD1B91E, cid=2753, SUCCESS, logIndex=4139, commits[9fa9a271-7bed-4435-b477-86c6ed0ece08:c4140, 06c1a879-4ae3-48dc-9686-b55cde066000:c4136, 67fae1a7-3cbe-4338-9d41-57e84498288b:c4136]
2019-07-10 10:27:40,052 INFO  client.GrpcClientProtocolClient (GrpcClientProtocolClient.java:onNext(255)) - client-821285EC2D67->9fa9a271-7bed-4435-b477-86c6ed0ece08: receive RaftClientReply:client-821285EC2D67->9fa9a271-7bed-4435-b477-86c6ed0ece08@group-0E07FAD1B91E, cid=2754, SUCCESS, logIndex=4140, commits[9fa9a271-7bed-4435-b477-86c6ed0ece08:c4140, 06c1a879-4ae3-48dc-9686-b55cde066000:c4136, 67fae1a7-3cbe-4338-9d41-57e84498288b:c4136]
2019-07-10 10:27:40,060 INFO  client.GrpcClientProtocolClient (GrpcClientProtocolClient.java:onNext(255)) - client-821285EC2D67->9fa9a271-7bed-4435-b477-86c6ed0ece08: receive RaftClientReply:client-821285EC2D67->9fa9a271-7bed-4435-b477-86c6ed0ece08@group-0E07FAD1B91E, cid=2755, SUCCESS, logIndex=0, commits[9fa9a271-7bed-4435-b477-86c6ed0ece08:c4141, 06c1a879-4ae3-48dc-9686-b55cde066000:c4140, 67fae1a7-3cbe-4338-9d41-57e84498288b:c4140]
2019-07-10 10:27:40,089 INFO  client.GrpcClientProtocolClient (GrpcClientProtocolClient.java:onNext(255)) - client-821285EC2D67->9fa9a271-7bed-4435-b477-86c6ed0ece08: receive RaftClientReply:client-821285EC2D67->9fa9a271-7bed-4435-b477-86c6ed0ece08@group-0E07FAD1B91E, cid=2756, SUCCESS, logIndex=4143, commits[9fa9a271-7bed-4435-b477-86c6ed0ece08:c4144, 06c1a879-4ae3-48dc-9686-b55cde066000:c4142, 67fae1a7-3cbe-4338-9d41-57e84498288b:c4142]
2019-07-10 10:27:40,089 INFO  client.GrpcClientProtocolClient (GrpcClientProtocolClient.java:onNext(255)) - client-821285EC2D67->9fa9a271-7bed-4435-b477-86c6ed0ece08: receive RaftClientReply:client-821285EC2D67->9fa9a271-7bed-4435-b477-86c6ed0ece08@group-0E07FAD1B91E, cid=2757, SUCCESS, logIndex=4144, commits[9fa9a271-7bed-4435-b477-86c6ed0ece08:c4145, 06c1a879-4ae3-48dc-9686-b55cde066000:c4142, 67fae1a7-3cbe-4338-9d41-57e84498288b:c4142]
2019-07-10 10:27:40,090 INFO  client.GrpcClientProtocolClient (GrpcClientProtocolClient.java:onNext(255)) - client-821285EC2D67->9fa9a271-7bed-4435-b477-86c6ed0ece08: receive RaftClientReply:client-821285EC2D67->9fa9a271-7bed-4435-b477-86c6ed0ece08@group-0E07FAD1B91E, cid=2758, SUCCESS, logIndex=4145, commits[9fa9a271-7bed-4435-b477-86c6ed0ece08:c4146, 06c1a879-4ae3-48dc-9686-b55cde066000:c4142, 67fae1a7-3cbe-4338-9d41-57e84498288b:c4142]
2019-07-10 10:27:40,090 INFO  client.GrpcClientProtocolClient (GrpcClientProtocolClient.java:onNext(255)) - client-821285EC2D67->9fa9a271-7bed-4435-b477-86c6ed0ece08: receive RaftClientReply:client-821285EC2D67->9fa9a271-7bed-4435-b477-86c6ed0ece08@group-0E07FAD1B91E, cid=2759, SUCCESS, logIndex=4146, commits[9fa9a271-7bed-4435-b477-86c6ed0ece08:c4146, 06c1a879-4ae3-48dc-9686-b55cde066000:c4142, 67fae1a7-3cbe-4338-9d41-57e84498288b:c4142]
2019-07-10 10:27:40,093 INFO  client.GrpcClientProtocolClient (GrpcClientProtocolClient.java:onNext(255)) - client-821285EC2D67->9fa9a271-7bed-4435-b477-86c6ed0ece08: receive RaftClientReply:client-821285EC2D67->9fa9a271-7bed-4435-b477-86c6ed0ece08@group-0E07FAD1B91E, cid=2760, SUCCESS, logIndex=0, commits[9fa9a271-7bed-4435-b477-86c6ed0ece08:c4148, 06c1a879-4ae3-48dc-9686-b55cde066000:c4144, 67fae1a7-3cbe-4338-9d41-57e84498288b:c4144]
2019-07-10 10:27:40,112 INFO  client.GrpcClientProtocolClient (GrpcClientProtocolClient.java:onNext(255)) - client-821285EC2D67->9fa9a271-7bed-4435-b477-86c6ed0ece08: receive RaftClientReply:client-821285EC2D67->9fa9a271-7bed-4435-b477-86c6ed0ece08@group-0E07FAD1B91E, cid=2761, SUCCESS, logIndex=4151, commits[9fa9a271-7bed-4435-b477-86c6ed0ece08:c4152, 06c1a879-4ae3-48dc-9686-b55cde066000:c4150, 67fae1a7-3cbe-4338-9d41-57e84498288b:c4150]
2019-07-10 10:27:40,112 INFO  client.GrpcClientProtocolClient (GrpcClientProtocolClient.java:onNext(255)) - client-821285EC2D67->9fa9a271-7bed-4435-b477-86c6ed0ece08: receive RaftClientReply:client-821285EC2D67->9fa9a271-7bed-4435-b477-86c6ed0ece08@group-0E07FAD1B91E, cid=2762, SUCCESS, logIndex=4152, commits[9fa9a271-7bed-4435-b477-86c6ed0ece08:c4152, 06c1a879-4ae3-48dc-9686-b55cde066000:c4150, 67fae1a7-3cbe-4338-9d41-57e84498288b:c4150]
2019-07-10 10:27:40,124 INFO  client.GrpcClientProtocolClient (GrpcClientProtocolClient.java:onNext(255)) - client-821285EC2D67->9fa9a271-7bed-4435-b477-86c6ed0ece08: receive RaftClientReply:client-821285EC2D67->9fa9a271-7bed-4435-b477-86c6ed0ece08@group-0E07FAD1B91E, cid=2763, SUCCESS, logIndex=4155, commits[9fa9a271-7bed-4435-b477-86c6ed0ece08:c4156, 06c1a879-4ae3-48dc-9686-b55cde066000:c4152, 67fae1a7-3cbe-4338-9d41-57e84498288b:c4152]
2019-07-10 10:27:40,124 INFO  client.GrpcClientProtocolClient (GrpcClientProtocolClient.java:onNext(255)) - client-821285EC2D67->9fa9a271-7bed-4435-b477-86c6ed0ece08: receive RaftClientReply:client-821285EC2D67->9fa9a271-7bed-4435-b477-86c6ed0ece08@group-0E07FAD1B91E, cid=2764, SUCCESS, logIndex=4156, commits[9fa9a271-7bed-4435-b477-86c6ed0ece08:c4156, 06c1a879-4ae3-48dc-9686-b55cde066000:c4152, 67fae1a7-3cbe-4338-9d41-57e84498288b:c4152]
2019-07-10 10:27:40,136 INFO  client.GrpcClientProtocolClient (GrpcClientProtocolClient.java:onNext(255)) - client-821285EC2D67->9fa9a271-7bed-4435-b477-86c6ed0ece08: receive RaftClientReply:client-821285EC2D67->9fa9a271-7bed-4435-b477-86c6ed0ece08@group-0E07FAD1B91E, cid=2765, SUCCESS, logIndex=0, commits[9fa9a271-7bed-4435-b477-86c6ed0ece08:c4158, 06c1a879-4ae3-48dc-9686-b55cde066000:c4156, 67fae1a7-3cbe-4338-9d41-57e84498288b:c4156]
2019-07-10 10:27:40,156 INFO  client.GrpcClientProtocolClient (GrpcClientProtocolClient.java:onNext(255)) - client-821285EC2D67->9fa9a271-7bed-4435-b477-86c6ed0ece08: receive RaftClientReply:client-821285EC2D67->9fa9a271-7bed-4435-b477-86c6ed0ece08@group-0E07FAD1B91E, cid=2766, SUCCESS, logIndex=4159, commits[9fa9a271-7bed-4435-b477-86c6ed0ece08:c4160, 06c1a879-4ae3-48dc-9686-b55cde066000:c4158, 67fae1a7-3cbe-4338-9d41-57e84498288b:c4156]
2019-07-10 10:27:40,157 INFO  client.GrpcClientProtocolClient (GrpcClientProtocolClient.java:onNext(255)) - client-821285EC2D67->9fa9a271-7bed-4435-b477-86c6ed0ece08: receive RaftClientReply:client-821285EC2D67->9fa9a271-7bed-4435-b477-86c6ed0ece08@group-0E07FAD1B91E, cid=2767, SUCCESS, logIndex=4160, commits[9fa9a271-7bed-4435-b477-86c6ed0ece08:c4160, 06c1a879-4ae3-48dc-9686-b55cde066000:c4158, 67fae1a7-3cbe-4338-9d41-57e84498288b:c4158]
2019-07-10 10:27:40,158 INFO  client.GrpcClientProtocolClient (GrpcClientProtocolClient.java:onNext(255)) - client-821285EC2D67->9fa9a271-7bed-4435-b477-86c6ed0ece08: receive RaftClientReply:client-821285EC2D67->9fa9a271-7bed-4435-b477-86c6ed0ece08@group-0E07FAD1B91E, cid=2768, SUCCESS, logIndex=4161, commits[9fa9a271-7bed-4435-b477-86c6ed0ece08:c4162, 06c1a879-4ae3-48dc-9686-b55cde066000:c4160, 67fae1a7-3cbe-4338-9d41-57e84498288b:c4158]
2019-07-10 10:27:40,159 INFO  client.GrpcClientProtocolClient (GrpcClientProtocolClient.java:onNext(255)) - client-821285EC2D67->9fa9a271-7bed-4435-b477-86c6ed0ece08: receive RaftClientReply:client-821285EC2D67->9fa9a271-7bed-4435-b477-86c6ed0ece08@group-0E07FAD1B91E, cid=2769, SUCCESS, logIndex=4162, commits[9fa9a271-7bed-4435-b477-86c6ed0ece08:c4163, 06c1a879-4ae3-48dc-9686-b55cde066000:c4160, 67fae1a7-3cbe-4338-9d41-57e84498288b:c4158]
2019-07-10 10:27:40,160 INFO  client.GrpcClientProtocolClient (GrpcClientProtocolClient.java:onNext(255)) - client-821285EC2D67->9fa9a271-7bed-4435-b477-86c6ed0ece08: receive RaftClientReply:client-821285EC2D67->9fa9a271-7bed-4435-b477-86c6ed0ece08@group-0E07FAD1B91E, cid=2770, SUCCESS, logIndex=0, commits[9fa9a271-7bed-4435-b477-86c6ed0ece08:c4163, 06c1a879-4ae3-48dc-9686-b55cde066000:c4160, 67fae1a7-3cbe-4338-9d41-57e84498288b:c4160]
2019-07-10 10:27:40,179 INFO  client.GrpcClientProtocolClient (GrpcClientProtocolClient.java:onNext(255)) - client-821285EC2D67->9fa9a271-7bed-4435-b477-86c6ed0ece08: receive RaftClientReply:client-821285EC2D67->9fa9a271-7bed-4435-b477-86c6ed0ece08@group-0E07FAD1B91E, cid=2771, SUCCESS, logIndex=4166, commits[9fa9a271-7bed-4435-b477-86c6ed0ece08:c4167, 06c1a879-4ae3-48dc-9686-b55cde066000:c4165, 67fae1a7-3cbe-4338-9d41-57e84498288b:c4165]
2019-07-10 10:27:40,179 INFO  client.GrpcClientProtocolClient (GrpcClientProtocolClient.java:onNext(255)) - client-821285EC2D67->9fa9a271-7bed-4435-b477-86c6ed0ece08: receive RaftClientReply:client-821285EC2D67->9fa9a271-7bed-4435-b477-86c6ed0ece08@group-0E07FAD1B91E, cid=2772, SUCCESS, logIndex=4167, commits[9fa9a271-7bed-4435-b477-86c6ed0ece08:c4167, 06c1a879-4ae3-48dc-9686-b55cde066000:c4165, 67fae1a7-3cbe-4338-9d41-57e84498288b:c4165]
2019-07-10 10:27:40,191 INFO  client.GrpcClientProtocolClient (GrpcClientProtocolClient.java:onNext(255)) - client-821285EC2D67->9fa9a271-7bed-4435-b477-86c6ed0ece08: receive RaftClientReply:client-821285EC2D67->9fa9a271-7bed-4435-b477-86c6ed0ece08@group-0E07FAD1B91E, cid=2773, SUCCESS, logIndex=4170, commits[9fa9a271-7bed-4435-b477-86c6ed0ece08:c4171, 06c1a879-4ae3-48dc-9686-b55cde066000:c4167, 67fae1a7-3cbe-4338-9d41-57e84498288b:c4167]
2019-07-10 10:27:40,192 INFO  client.GrpcClientProtocolClient (GrpcClientProtocolClient.java:onNext(255)) - client-821285EC2D67->9fa9a271-7bed-4435-b477-86c6ed0ece08: receive RaftClientReply:client-821285EC2D67->9fa9a271-7bed-4435-b477-86c6ed0ece08@group-0E07FAD1B91E, cid=2774, SUCCESS, logIndex=4171, commits[9fa9a271-7bed-4435-b477-86c6ed0ece08:c4171, 06c1a879-4ae3-48dc-9686-b55cde066000:c4167, 67fae1a7-3cbe-4338-9d41-57e84498288b:c4167]
2019-07-10 10:27:40,205 INFO  client.GrpcClientProtocolClient (GrpcClientProtocolClient.java:onNext(255)) - client-821285EC2D67->9fa9a271-7bed-4435-b477-86c6ed0ece08: receive RaftClientReply:client-821285EC2D67->9fa9a271-7bed-4435-b477-86c6ed0ece08@group-0E07FAD1B91E, cid=2775, SUCCESS, logIndex=0, commits[9fa9a271-7bed-4435-b477-86c6ed0ece08:c4172, 06c1a879-4ae3-48dc-9686-b55cde066000:c4171, 67fae1a7-3cbe-4338-9d41-57e84498288b:c4171]
2019-07-10 10:27:40,234 INFO  client.GrpcClientProtocolClient (GrpcClientProtocolClient.java:onNext(255)) - client-821285EC2D67->9fa9a271-7bed-4435-b477-86c6ed0ece08: receive RaftClientReply:client-821285EC2D67->9fa9a271-7bed-4435-b477-86c6ed0ece08@group-0E07FAD1B91E, cid=2776, SUCCESS, logIndex=4174, commits[9fa9a271-7bed-4435-b477-86c6ed0ece08:c4175, 06c1a879-4ae3-48dc-9686-b55cde066000:c4173, 67fae1a7-3cbe-4338-9d41-57e84498288b:c4173]
2019-07-10 10:27:40,235 INFO  client.GrpcClientProtocolClient (GrpcClientProtocolClient.java:onNext(255)) - client-821285EC2D67->9fa9a271-7bed-4435-b477-86c6ed0ece08: receive RaftClientReply:client-821285EC2D67->9fa9a271-7bed-4435-b477-86c6ed0ece08@group-0E07FAD1B91E, cid=2777, SUCCESS, logIndex=4175, commits[9fa9a271-7bed-4435-b477-86c6ed0ece08:c4175, 06c1a879-4ae3-48dc-9686-b55cde066000:c4173, 67fae1a7-3cbe-4338-9d41-57e84498288b:c4173]
2019-07-10 10:27:40,235 INFO  client.GrpcClientProtocolClient (GrpcClientProtocolClient.java:onNext(255)) - client-821285EC2D67->9fa9a271-7bed-4435-b477-86c6ed0ece08: receive RaftClientReply:client-821285EC2D67->9fa9a271-7bed-4435-b477-86c6ed0ece08@group-0E07FAD1B91E, cid=2778, SUCCESS, logIndex=4176, commits[9fa9a271-7bed-4435-b477-86c6ed0ece08:c4177, 06c1a879-4ae3-48dc-9686-b55cde066000:c4173, 67fae1a7-3cbe-4338-9d41-57e84498288b:c4173]
2019-07-10 10:27:40,236 INFO  client.GrpcClientProtocolClient (GrpcClientProtocolClient.java:onNext(255)) - client-821285EC2D67->9fa9a271-7bed-4435-b477-86c6ed0ece08: receive RaftClientReply:client-821285EC2D67->9fa9a271-7bed-4435-b477-86c6ed0ece08@group-0E07FAD1B91E, cid=2779, SUCCESS, logIndex=4177, commits[9fa9a271-7bed-4435-b477-86c6ed0ece08:c4178, 06c1a879-4ae3-48dc-9686-b55cde066000:c4175, 67fae1a7-3cbe-4338-9d41-57e84498288b:c4173]
2019-07-10 10:27:40,237 INFO  client.GrpcClientProtocolClient (GrpcClientProtocolClient.java:onNext(255)) - client-821285EC2D67->9fa9a271-7bed-4435-b477-86c6ed0ece08: receive RaftClientReply:client-821285EC2D67->9fa9a271-7bed-4435-b477-86c6ed0ece08@group-0E07FAD1B91E, cid=2780, SUCCESS, logIndex=0, commits[9fa9a271-7bed-4435-b477-86c6ed0ece08:c4181, 06c1a879-4ae3-48dc-9686-b55cde066000:c4177, 67fae1a7-3cbe-4338-9d41-57e84498288b:c4175]
2019-07-10 10:27:40,258 INFO  client.GrpcClientProtocolClient (GrpcClientProtocolClient.java:onNext(255)) - client-821285EC2D67->9fa9a271-7bed-4435-b477-86c6ed0ece08: receive RaftClientReply:client-821285EC2D67->9fa9a271-7bed-4435-b477-86c6ed0ece08@group-0E07FAD1B91E, cid=2781, SUCCESS, logIndex=4182, commits[9fa9a271-7bed-4435-b477-86c6ed0ece08:c4183, 06c1a879-4ae3-48dc-9686-b55cde066000:c4177, 67fae1a7-3cbe-4338-9d41-57e84498288b:c4181]
2019-07-10 10:27:40,258 INFO  client.GrpcClientProtocolClient (GrpcClientProtocolClient.java:onNext(255)) - client-821285EC2D67->9fa9a271-7bed-4435-b477-86c6ed0ece08: receive RaftClientReply:client-821285EC2D67->9fa9a271-7bed-4435-b477-86c6ed0ece08@group-0E07FAD1B91E, cid=2782, SUCCESS, logIndex=4183, commits[9fa9a271-7bed-4435-b477-86c6ed0ece08:c4183, 06c1a879-4ae3-48dc-9686-b55cde066000:c4181, 67fae1a7-3cbe-4338-9d41-57e84498288b:c4181]
2019-07-10 10:27:40,280 INFO  client.GrpcClientProtocolClient (GrpcClientProtocolClient.java:onNext(255)) - client-821285EC2D67->9fa9a271-7bed-4435-b477-86c6ed0ece08: receive RaftClientReply:client-821285EC2D67->9fa9a271-7bed-4435-b477-86c6ed0ece08@group-0E07FAD1B91E, cid=2783, SUCCESS, logIndex=4186, commits[9fa9a271-7bed-4435-b477-86c6ed0ece08:c4187, 06c1a879-4ae3-48dc-9686-b55cde066000:c4185, 67fae1a7-3cbe-4338-9d41-57e84498288b:c4185]
2019-07-10 10:27:40,281 INFO  client.GrpcClientProtocolClient (GrpcClientProtocolClient.java:onNext(255)) - client-821285EC2D67->9fa9a271-7bed-4435-b477-86c6ed0ece08: receive RaftClientReply:client-821285EC2D67->9fa9a271-7bed-4435-b477-86c6ed0ece08@group-0E07FAD1B91E, cid=2784, SUCCESS, logIndex=4187, commits[9fa9a271-7bed-4435-b477-86c6ed0ece08:c4187, 06c1a879-4ae3-48dc-9686-b55cde066000:c4185, 67fae1a7-3cbe-4338-9d41-57e84498288b:c4185]
2019-07-10 10:27:40,290 INFO  client.GrpcClientProtocolClient (GrpcClientProtocolClient.java:onNext(255)) - client-821285EC2D67->9fa9a271-7bed-4435-b477-86c6ed0ece08: receive RaftClientReply:client-821285EC2D67->9fa9a271-7bed-4435-b477-86c6ed0ece08@group-0E07FAD1B91E, cid=2785, SUCCESS, logIndex=0, commits[9fa9a271-7bed-4435-b477-86c6ed0ece08:c4188, 06c1a879-4ae3-48dc-9686-b55cde066000:c4187, 67fae1a7-3cbe-4338-9d41-57e84498288b:c4187]
2019-07-10 10:27:40,317 INFO  client.GrpcClientProtocolClient (GrpcClientProtocolClient.java:onNext(255)) - client-821285EC2D67->9fa9a271-7bed-4435-b477-86c6ed0ece08: receive RaftClientReply:client-821285EC2D67->9fa9a271-7bed-4435-b477-86c6ed0ece08@group-0E07FAD1B91E, cid=2786, SUCCESS, logIndex=4190, commits[9fa9a271-7bed-4435-b477-86c6ed0ece08:c4191, 06c1a879-4ae3-48dc-9686-b55cde066000:c4189, 67fae1a7-3cbe-4338-9d41-57e84498288b:c4189]
2019-07-10 10:27:40,317 INFO  client.GrpcClientProtocolClient (GrpcClientProtocolClient.java:onNext(255)) - client-821285EC2D67->9fa9a271-7bed-4435-b477-86c6ed0ece08: receive RaftClientReply:client-821285EC2D67->9fa9a271-7bed-4435-b477-86c6ed0ece08@group-0E07FAD1B91E, cid=2787, SUCCESS, logIndex=4191, commits[9fa9a271-7bed-4435-b477-86c6ed0ece08:c4191, 06c1a879-4ae3-48dc-9686-b55cde066000:c4189, 67fae1a7-3cbe-4338-9d41-57e84498288b:c4189]
2019-07-10 10:27:40,326 INFO  client.GrpcClientProtocolClient (GrpcClientProtocolClient.java:onNext(255)) - client-821285EC2D67->9fa9a271-7bed-4435-b477-86c6ed0ece08: receive RaftClientReply:client-821285EC2D67->9fa9a271-7bed-4435-b477-86c6ed0ece08@group-0E07FAD1B91E, cid=2788, SUCCESS, logIndex=4192, commits[9fa9a271-7bed-4435-b477-86c6ed0ece08:c4193, 06c1a879-4ae3-48dc-9686-b55cde066000:c4189, 67fae1a7-3cbe-4338-9d41-57e84498288b:c4189]
2019-07-10 10:27:40,326 INFO  client.GrpcClientProtocolClient (GrpcClientProtocolClient.java:onNext(255)) - client-821285EC2D67->9fa9a271-7bed-4435-b477-86c6ed0ece08: receive RaftClientReply:client-821285EC2D67->9fa9a271-7bed-4435-b477-86c6ed0ece08@group-0E07FAD1B91E, cid=2789, SUCCESS, logIndex=4193, commits[9fa9a271-7bed-4435-b477-86c6ed0ece08:c4193, 06c1a879-4ae3-48dc-9686-b55cde066000:c4189, 67fae1a7-3cbe-4338-9d41-57e84498288b:c4189]
2019-07-10 10:27:40,337 INFO  client.GrpcClientProtocolClient (GrpcClientProtocolClient.java:onNext(255)) - client-821285EC2D67->9fa9a271-7bed-4435-b477-86c6ed0ece08: receive RaftClientReply:client-821285EC2D67->9fa9a271-7bed-4435-b477-86c6ed0ece08@group-0E07FAD1B91E, cid=2790, SUCCESS, logIndex=0, commits[9fa9a271-7bed-4435-b477-86c6ed0ece08:c4195, 06c1a879-4ae3-48dc-9686-b55cde066000:c4191, 67fae1a7-3cbe-4338-9d41-57e84498288b:c4191]
2019-07-10 10:27:40,348 INFO  client.GrpcClientProtocolClient (GrpcClientProtocolClient.java:onNext(255)) - client-821285EC2D67->9fa9a271-7bed-4435-b477-86c6ed0ece08: receive RaftClientReply:client-821285EC2D67->9fa9a271-7bed-4435-b477-86c6ed0ece08@group-0E07FAD1B91E, cid=2791, SUCCESS, logIndex=4198, commits[9fa9a271-7bed-4435-b477-86c6ed0ece08:c4199, 06c1a879-4ae3-48dc-9686-b55cde066000:c4195, 67fae1a7-3cbe-4338-9d41-57e84498288b:c4195]
2019-07-10 10:27:40,348 INFO  client.GrpcClientProtocolClient (GrpcClientProtocolClient.java:onNext(255)) - client-821285EC2D67->9fa9a271-7bed-4435-b477-86c6ed0ece08: receive RaftClientReply:client-821285EC2D67->9fa9a271-7bed-4435-b477-86c6ed0ece08@group-0E07FAD1B91E, cid=2792, SUCCESS, logIndex=4199, commits[9fa9a271-7bed-4435-b477-86c6ed0ece08:c4199, 06c1a879-4ae3-48dc-9686-b55cde066000:c4195, 67fae1a7-3cbe-4338-9d41-57e84498288b:c4195]
2019-07-10 10:27:40,367 INFO  client.GrpcClientProtocolClient (GrpcClientProtocolClient.java:onNext(255)) - client-821285EC2D67->9fa9a271-7bed-4435-b477-86c6ed0ece08: receive RaftClientReply:client-821285EC2D67->9fa9a271-7bed-4435-b477-86c6ed0ece08@group-0E07FAD1B91E, cid=2793, SUCCESS, logIndex=4202, commits[9fa9a271-7bed-4435-b477-86c6ed0ece08:c4203, 06c1a879-4ae3-48dc-9686-b55cde066000:c4199, 67fae1a7-3cbe-4338-9d41-57e84498288b:c4201]
2019-07-10 10:27:40,368 INFO  client.GrpcClientProtocolClient (GrpcClientProtocolClient.java:onNext(255)) - client-821285EC2D67->9fa9a271-7bed-4435-b477-86c6ed0ece08: receive RaftClientReply:client-821285EC2D67->9fa9a271-7bed-4435-b477-86c6ed0ece08@group-0E07FAD1B91E, cid=2794, SUCCESS, logIndex=4203, commits[9fa9a271-7bed-4435-b477-86c6ed0ece08:c4203, 06c1a879-4ae3-48dc-9686-b55cde066000:c4201, 67fae1a7-3cbe-4338-9d41-57e84498288b:c4201]
2019-07-10 10:27:40,371 INFO  client.GrpcClientProtocolClient (GrpcClientProtocolClient.java:onNext(255)) - client-821285EC2D67->9fa9a271-7bed-4435-b477-86c6ed0ece08: receive RaftClientReply:client-821285EC2D67->9fa9a271-7bed-4435-b477-86c6ed0ece08@group-0E07FAD1B91E, cid=2795, SUCCESS, logIndex=0, commits[9fa9a271-7bed-4435-b477-86c6ed0ece08:c4205, 06c1a879-4ae3-48dc-9686-b55cde066000:c4203, 67fae1a7-3cbe-4338-9d41-57e84498288b:c4203]
2019-07-10 10:27:40,397 INFO  client.GrpcClientProtocolClient (GrpcClientProtocolClient.java:onNext(255)) - client-821285EC2D67->9fa9a271-7bed-4435-b477-86c6ed0ece08: receive RaftClientReply:client-821285EC2D67->9fa9a271-7bed-4435-b477-86c6ed0ece08@group-0E07FAD1B91E, cid=2796, SUCCESS, logIndex=4206, commits[9fa9a271-7bed-4435-b477-86c6ed0ece08:c4207, 06c1a879-4ae3-48dc-9686-b55cde066000:c4205, 67fae1a7-3cbe-4338-9d41-57e84498288b:c4205]
2019-07-10 10:27:40,398 INFO  client.GrpcClientProtocolClient (GrpcClientProtocolClient.java:onNext(255)) - client-821285EC2D67->9fa9a271-7bed-4435-b477-86c6ed0ece08: receive RaftClientReply:client-821285EC2D67->9fa9a271-7bed-4435-b477-86c6ed0ece08@group-0E07FAD1B91E, cid=2797, SUCCESS, logIndex=4207, commits[9fa9a271-7bed-4435-b477-86c6ed0ece08:c4207, 06c1a879-4ae3-48dc-9686-b55cde066000:c4205, 67fae1a7-3cbe-4338-9d41-57e84498288b:c4205]
2019-07-10 10:27:40,399 INFO  client.GrpcClientProtocolClient (GrpcClientProtocolClient.java:onNext(255)) - client-821285EC2D67->9fa9a271-7bed-4435-b477-86c6ed0ece08: receive RaftClientReply:client-821285EC2D67->9fa9a271-7bed-4435-b477-86c6ed0ece08@group-0E07FAD1B91E, cid=2798, SUCCESS, logIndex=4208, commits[9fa9a271-7bed-4435-b477-86c6ed0ece08:c4209, 06c1a879-4ae3-48dc-9686-b55cde066000:c4205, 67fae1a7-3cbe-4338-9d41-57e84498288b:c4205]
2019-07-10 10:27:40,399 INFO  client.GrpcClientProtocolClient (GrpcClientProtocolClient.java:onNext(255)) - client-821285EC2D67->9fa9a271-7bed-4435-b477-86c6ed0ece08: receive RaftClientReply:client-821285EC2D67->9fa9a271-7bed-4435-b477-86c6ed0ece08@group-0E07FAD1B91E, cid=2799, SUCCESS, logIndex=4209, commits[9fa9a271-7bed-4435-b477-86c6ed0ece08:c4209, 06c1a879-4ae3-48dc-9686-b55cde066000:c4205, 67fae1a7-3cbe-4338-9d41-57e84498288b:c4205]
2019-07-10 10:27:40,400 INFO  client.GrpcClientProtocolClient (GrpcClientProtocolClient.java:onNext(255)) - client-821285EC2D67->9fa9a271-7bed-4435-b477-86c6ed0ece08: receive RaftClientReply:client-821285EC2D67->9fa9a271-7bed-4435-b477-86c6ed0ece08@group-0E07FAD1B91E, cid=2800, SUCCESS, logIndex=0, commits[9fa9a271-7bed-4435-b477-86c6ed0ece08:c4210, 06c1a879-4ae3-48dc-9686-b55cde066000:c4207, 67fae1a7-3cbe-4338-9d41-57e84498288b:c4207]
2019-07-10 10:27:40,415 INFO  client.GrpcClientProtocolClient (GrpcClientProtocolClient.java:onNext(255)) - client-821285EC2D67->9fa9a271-7bed-4435-b477-86c6ed0ece08: receive RaftClientReply:client-821285EC2D67->9fa9a271-7bed-4435-b477-86c6ed0ece08@group-0E07FAD1B91E, cid=2801, SUCCESS, logIndex=4214, commits[9fa9a271-7bed-4435-b477-86c6ed0ece08:c4214, 06c1a879-4ae3-48dc-9686-b55cde066000:c4213, 67fae1a7-3cbe-4338-9d41-57e84498288b:c4213]
2019-07-10 10:27:40,415 INFO  client.GrpcClientProtocolClient (GrpcClientProtocolClient.java:onNext(255)) - client-821285EC2D67->9fa9a271-7bed-4435-b477-86c6ed0ece08: receive RaftClientReply:client-821285EC2D67->9fa9a271-7bed-4435-b477-86c6ed0ece08@group-0E07FAD1B91E, cid=2802, SUCCESS, logIndex=4215, commits[9fa9a271-7bed-4435-b477-86c6ed0ece08:c4215, 06c1a879-4ae3-48dc-9686-b55cde066000:c4213, 67fae1a7-3cbe-4338-9d41-57e84498288b:c4213]
2019-07-10 10:27:40,431 INFO  client.GrpcClientProtocolClient (GrpcClientProtocolClient.java:onNext(255)) - client-821285EC2D67->9fa9a271-7bed-4435-b477-86c6ed0ece08: receive RaftClientReply:client-821285EC2D67->9fa9a271-7bed-4435-b477-86c6ed0ece08@group-0E07FAD1B91E, cid=2803, SUCCESS, logIndex=4218, commits[9fa9a271-7bed-4435-b477-86c6ed0ece08:c4218, 06c1a879-4ae3-48dc-9686-b55cde066000:c4215, 67fae1a7-3cbe-4338-9d41-57e84498288b:c4215]
2019-07-10 10:27:40,432 INFO  client.GrpcClientProtocolClient (GrpcClientProtocolClient.java:onNext(255)) - client-821285EC2D67->9fa9a271-7bed-4435-b477-86c6ed0ece08: receive RaftClientReply:client-821285EC2D67->9fa9a271-7bed-4435-b477-86c6ed0ece08@group-0E07FAD1B91E, cid=2804, SUCCESS, logIndex=4219, commits[9fa9a271-7bed-4435-b477-86c6ed0ece08:c4219, 06c1a879-4ae3-48dc-9686-b55cde066000:c4215, 67fae1a7-3cbe-4338-9d41-57e84498288b:c4215]
2019-07-10 10:27:40,435 INFO  client.GrpcClientProtocolClient (GrpcClientProtocolClient.java:onNext(255)) - client-821285EC2D67->9fa9a271-7bed-4435-b477-86c6ed0ece08: receive RaftClientReply:client-821285EC2D67->9fa9a271-7bed-4435-b477-86c6ed0ece08@group-0E07FAD1B91E, cid=2805, SUCCESS, logIndex=0, commits[9fa9a271-7bed-4435-b477-86c6ed0ece08:c4221, 06c1a879-4ae3-48dc-9686-b55cde066000:c4219, 67fae1a7-3cbe-4338-9d41-57e84498288b:c4219]
2019-07-10 10:27:40,462 INFO  client.GrpcClientProtocolClient (GrpcClientProtocolClient.java:onNext(255)) - client-821285EC2D67->9fa9a271-7bed-4435-b477-86c6ed0ece08: receive RaftClientReply:client-821285EC2D67->9fa9a271-7bed-4435-b477-86c6ed0ece08@group-0E07FAD1B91E, cid=2806, SUCCESS, logIndex=4222, commits[9fa9a271-7bed-4435-b477-86c6ed0ece08:c4225, 06c1a879-4ae3-48dc-9686-b55cde066000:c4221, 67fae1a7-3cbe-4338-9d41-57e84498288b:c4221]
2019-07-10 10:27:40,462 INFO  client.GrpcClientProtocolClient (GrpcClientProtocolClient.java:onNext(255)) - client-821285EC2D67->9fa9a271-7bed-4435-b477-86c6ed0ece08: receive RaftClientReply:client-821285EC2D67->9fa9a271-7bed-4435-b477-86c6ed0ece08@group-0E07FAD1B91E, cid=2807, SUCCESS, logIndex=4223, commits[9fa9a271-7bed-4435-b477-86c6ed0ece08:c4225, 06c1a879-4ae3-48dc-9686-b55cde066000:c4221, 67fae1a7-3cbe-4338-9d41-57e84498288b:c4221]
2019-07-10 10:27:40,463 INFO  client.GrpcClientProtocolClient (GrpcClientProtocolClient.java:onNext(255)) - client-821285EC2D67->9fa9a271-7bed-4435-b477-86c6ed0ece08: receive RaftClientReply:client-821285EC2D67->9fa9a271-7bed-4435-b477-86c6ed0ece08@group-0E07FAD1B91E, cid=2808, SUCCESS, logIndex=4224, commits[9fa9a271-7bed-4435-b477-86c6ed0ece08:c4225, 06c1a879-4ae3-48dc-9686-b55cde066000:c4221, 67fae1a7-3cbe-4338-9d41-57e84498288b:c4221]
2019-07-10 10:27:40,463 INFO  client.GrpcClientProtocolClient (GrpcClientProtocolClient.java:onNext(255)) - client-821285EC2D67->9fa9a271-7bed-4435-b477-86c6ed0ece08: receive RaftClientReply:client-821285EC2D67->9fa9a271-7bed-4435-b477-86c6ed0ece08@group-0E07FAD1B91E, cid=2809, SUCCESS, logIndex=4225, commits[9fa9a271-7bed-4435-b477-86c6ed0ece08:c4225, 06c1a879-4ae3-48dc-9686-b55cde066000:c4221, 67fae1a7-3cbe-4338-9d41-57e84498288b:c4221]
2019-07-10 10:27:40,464 INFO  client.GrpcClientProtocolClient (GrpcClientProtocolClient.java:onNext(255)) - client-821285EC2D67->9fa9a271-7bed-4435-b477-86c6ed0ece08: receive RaftClientReply:client-821285EC2D67->9fa9a271-7bed-4435-b477-86c6ed0ece08@group-0E07FAD1B91E, cid=2810, SUCCESS, logIndex=0, commits[9fa9a271-7bed-4435-b477-86c6ed0ece08:c4227, 06c1a879-4ae3-48dc-9686-b55cde066000:c4223, 67fae1a7-3cbe-4338-9d41-57e84498288b:c4223]
2019-07-10 10:27:40,475 INFO  client.GrpcClientProtocolClient (GrpcClientProtocolClient.java:onNext(255)) - client-821285EC2D67->9fa9a271-7bed-4435-b477-86c6ed0ece08: receive RaftClientReply:client-821285EC2D67->9fa9a271-7bed-4435-b477-86c6ed0ece08@group-0E07FAD1B91E, cid=2811, SUCCESS, logIndex=4230, commits[9fa9a271-7bed-4435-b477-86c6ed0ece08:c4231, 06c1a879-4ae3-48dc-9686-b55cde066000:c4229, 67fae1a7-3cbe-4338-9d41-57e84498288b:c4229]
2019-07-10 10:27:40,475 INFO  client.GrpcClientProtocolClient (GrpcClientProtocolClient.java:onNext(255)) - client-821285EC2D67->9fa9a271-7bed-4435-b477-86c6ed0ece08: receive RaftClientReply:client-821285EC2D67->9fa9a271-7bed-4435-b477-86c6ed0ece08@group-0E07FAD1B91E, cid=2812, SUCCESS, logIndex=4231, commits[9fa9a271-7bed-4435-b477-86c6ed0ece08:c4231, 06c1a879-4ae3-48dc-9686-b55cde066000:c4229, 67fae1a7-3cbe-4338-9d41-57e84498288b:c4229]
 0.00% |█                                                                                                    |  0/1 Time: 0:00:202019-07-10 10:27:40,487 INFO  client.GrpcClientProtocolClient (GrpcClientProtocolClient.java:onNext(255)) - client-821285EC2D67->9fa9a271-7bed-4435-b477-86c6ed0ece08: receive RaftClientReply:client-821285EC2D67->9fa9a271-7bed-4435-b477-86c6ed0ece08@group-0E07FAD1B91E, cid=2813, SUCCESS, logIndex=4234, commits[9fa9a271-7bed-4435-b477-86c6ed0ece08:c4235, 06c1a879-4ae3-48dc-9686-b55cde066000:c4231, 67fae1a7-3cbe-4338-9d41-57e84498288b:c4231]
2019-07-10 10:27:40,487 INFO  client.GrpcClientProtocolClient (GrpcClientProtocolClient.java:onNext(255)) - client-821285EC2D67->9fa9a271-7bed-4435-b477-86c6ed0ece08: receive RaftClientReply:client-821285EC2D67->9fa9a271-7bed-4435-b477-86c6ed0ece08@group-0E07FAD1B91E, cid=2814, SUCCESS, logIndex=4235, commits[9fa9a271-7bed-4435-b477-86c6ed0ece08:c4235, 06c1a879-4ae3-48dc-9686-b55cde066000:c4231, 67fae1a7-3cbe-4338-9d41-57e84498288b:c4231]
2019-07-10 10:27:40,499 INFO  client.GrpcClientProtocolClient (GrpcClientProtocolClient.java:onNext(255)) - client-821285EC2D67->9fa9a271-7bed-4435-b477-86c6ed0ece08: receive RaftClientReply:client-821285EC2D67->9fa9a271-7bed-4435-b477-86c6ed0ece08@group-0E07FAD1B91E, cid=2815, SUCCESS, logIndex=0, commits[9fa9a271-7bed-4435-b477-86c6ed0ece08:c4237, 06c1a879-4ae3-48dc-9686-b55cde066000:c4235, 67fae1a7-3cbe-4338-9d41-57e84498288b:c4235]
2019-07-10 10:27:40,524 INFO  client.GrpcClientProtocolClient (GrpcClientProtocolClient.java:onNext(255)) - client-821285EC2D67->9fa9a271-7bed-4435-b477-86c6ed0ece08: receive RaftClientReply:client-821285EC2D67->9fa9a271-7bed-4435-b477-86c6ed0ece08@group-0E07FAD1B91E, cid=2816, SUCCESS, logIndex=4238, commits[9fa9a271-7bed-4435-b477-86c6ed0ece08:c4240, 06c1a879-4ae3-48dc-9686-b55cde066000:c4237, 67fae1a7-3cbe-4338-9d41-57e84498288b:c4237]
2019-07-10 10:27:40,525 INFO  client.GrpcClientProtocolClient (GrpcClientProtocolClient.java:onNext(255)) - client-821285EC2D67->9fa9a271-7bed-4435-b477-86c6ed0ece08: receive RaftClientReply:client-821285EC2D67->9fa9a271-7bed-4435-b477-86c6ed0ece08@group-0E07FAD1B91E, cid=2817, SUCCESS, logIndex=4239, commits[9fa9a271-7bed-4435-b477-86c6ed0ece08:c4241, 06c1a879-4ae3-48dc-9686-b55cde066000:c4237, 67fae1a7-3cbe-4338-9d41-57e84498288b:c4237]
2019-07-10 10:27:40,525 INFO  client.GrpcClientProtocolClient (GrpcClientProtocolClient.java:onNext(255)) - client-821285EC2D67->9fa9a271-7bed-4435-b477-86c6ed0ece08: receive RaftClientReply:client-821285EC2D67->9fa9a271-7bed-4435-b477-86c6ed0ece08@group-0E07FAD1B91E, cid=2818, SUCCESS, logIndex=4240, commits[9fa9a271-7bed-4435-b477-86c6ed0ece08:c4241, 06c1a879-4ae3-48dc-9686-b55cde066000:c4237, 67fae1a7-3cbe-4338-9d41-57e84498288b:c4237]
2019-07-10 10:27:40,525 INFO  client.GrpcClientProtocolClient (GrpcClientProtocolClient.java:onNext(255)) - client-821285EC2D67->9fa9a271-7bed-4435-b477-86c6ed0ece08: receive RaftClientReply:client-821285EC2D67->9fa9a271-7bed-4435-b477-86c6ed0ece08@group-0E07FAD1B91E, cid=2819, SUCCESS, logIndex=4241, commits[9fa9a271-7bed-4435-b477-86c6ed0ece08:c4241, 06c1a879-4ae3-48dc-9686-b55cde066000:c4237, 67fae1a7-3cbe-4338-9d41-57e84498288b:c4237]
2019-07-10 10:27:40,527 INFO  client.GrpcClientProtocolClient (GrpcClientProtocolClient.java:onNext(255)) - client-821285EC2D67->9fa9a271-7bed-4435-b477-86c6ed0ece08: receive RaftClientReply:client-821285EC2D67->9fa9a271-7bed-4435-b477-86c6ed0ece08@group-0E07FAD1B91E, cid=2820, SUCCESS, logIndex=0, commits[9fa9a271-7bed-4435-b477-86c6ed0ece08:c4243, 06c1a879-4ae3-48dc-9686-b55cde066000:c4239, 67fae1a7-3cbe-4338-9d41-57e84498288b:c4239]
2019-07-10 10:27:40,537 INFO  client.GrpcClientProtocolClient (GrpcClientProtocolClient.java:onNext(255)) - client-821285EC2D67->9fa9a271-7bed-4435-b477-86c6ed0ece08: receive RaftClientReply:client-821285EC2D67->9fa9a271-7bed-4435-b477-86c6ed0ece08@group-0E07FAD1B91E, cid=2821, SUCCESS, logIndex=4246, commits[9fa9a271-7bed-4435-b477-86c6ed0ece08:c4247, 06c1a879-4ae3-48dc-9686-b55cde066000:c4245, 67fae1a7-3cbe-4338-9d41-57e84498288b:c4241]
2019-07-10 10:27:40,537 INFO  client.GrpcClientProtocolClient (GrpcClientProtocolClient.java:onNext(255)) - client-821285EC2D67->9fa9a271-7bed-4435-b477-86c6ed0ece08: receive RaftClientReply:client-821285EC2D67->9fa9a271-7bed-4435-b477-86c6ed0ece08@group-0E07FAD1B91E, cid=2822, SUCCESS, logIndex=4247, commits[9fa9a271-7bed-4435-b477-86c6ed0ece08:c4247, 06c1a879-4ae3-48dc-9686-b55cde066000:c4245, 67fae1a7-3cbe-4338-9d41-57e84498288b:c4241]
2019-07-10 10:27:40,554 INFO  client.GrpcClientProtocolClient (GrpcClientProtocolClient.java:onNext(255)) - client-821285EC2D67->9fa9a271-7bed-4435-b477-86c6ed0ece08: receive RaftClientReply:client-821285EC2D67->9fa9a271-7bed-4435-b477-86c6ed0ece08@group-0E07FAD1B91E, cid=2823, SUCCESS, logIndex=4250, commits[9fa9a271-7bed-4435-b477-86c6ed0ece08:c4251, 06c1a879-4ae3-48dc-9686-b55cde066000:c4249, 67fae1a7-3cbe-4338-9d41-57e84498288b:c4249]
2019-07-10 10:27:40,554 INFO  client.GrpcClientProtocolClient (GrpcClientProtocolClient.java:onNext(255)) - client-821285EC2D67->9fa9a271-7bed-4435-b477-86c6ed0ece08: receive RaftClientReply:client-821285EC2D67->9fa9a271-7bed-4435-b477-86c6ed0ece08@group-0E07FAD1B91E, cid=2824, SUCCESS, logIndex=4251, commits[9fa9a271-7bed-4435-b477-86c6ed0ece08:c4251, 06c1a879-4ae3-48dc-9686-b55cde066000:c4249, 67fae1a7-3cbe-4338-9d41-57e84498288b:c4249]
2019-07-10 10:27:40,565 INFO  client.GrpcClientProtocolClient (GrpcClientProtocolClient.java:onNext(255)) - client-821285EC2D67->9fa9a271-7bed-4435-b477-86c6ed0ece08: receive RaftClientReply:client-821285EC2D67->9fa9a271-7bed-4435-b477-86c6ed0ece08@group-0E07FAD1B91E, cid=2825, SUCCESS, logIndex=0, commits[9fa9a271-7bed-4435-b477-86c6ed0ece08:c4252, 06c1a879-4ae3-48dc-9686-b55cde066000:c4251, 67fae1a7-3cbe-4338-9d41-57e84498288b:c4251]
2019-07-10 10:27:40,697 INFO  client.GrpcClientProtocolClient (GrpcClientProtocolClient.java:onNext(255)) - client-821285EC2D67->9fa9a271-7bed-4435-b477-86c6ed0ece08: receive RaftClientReply:client-821285EC2D67->9fa9a271-7bed-4435-b477-86c6ed0ece08@group-0E07FAD1B91E, cid=2826, SUCCESS, logIndex=4254, commits[9fa9a271-7bed-4435-b477-86c6ed0ece08:c4255, 06c1a879-4ae3-48dc-9686-b55cde066000:c4253, 67fae1a7-3cbe-4338-9d41-57e84498288b:c4251]
2019-07-10 10:27:40,697 INFO  client.GrpcClientProtocolClient (GrpcClientProtocolClient.java:onNext(255)) - client-821285EC2D67->9fa9a271-7bed-4435-b477-86c6ed0ece08: receive RaftClientReply:client-821285EC2D67->9fa9a271-7bed-4435-b477-86c6ed0ece08@group-0E07FAD1B91E, cid=2827, SUCCESS, logIndex=4255, commits[9fa9a271-7bed-4435-b477-86c6ed0ece08:c4255, 06c1a879-4ae3-48dc-9686-b55cde066000:c4253, 67fae1a7-3cbe-4338-9d41-57e84498288b:c4253]
2019-07-10 10:27:40,701 INFO  client.GrpcClientProtocolClient (GrpcClientProtocolClient.java:onNext(255)) - client-821285EC2D67->9fa9a271-7bed-4435-b477-86c6ed0ece08: receive RaftClientReply:client-821285EC2D67->9fa9a271-7bed-4435-b477-86c6ed0ece08@group-0E07FAD1B91E, cid=2828, SUCCESS, logIndex=4256, commits[9fa9a271-7bed-4435-b477-86c6ed0ece08:c4257, 06c1a879-4ae3-48dc-9686-b55cde066000:c4253, 67fae1a7-3cbe-4338-9d41-57e84498288b:c4253]
2019-07-10 10:27:40,702 INFO  client.GrpcClientProtocolClient (GrpcClientProtocolClient.java:onNext(255)) - client-821285EC2D67->9fa9a271-7bed-4435-b477-86c6ed0ece08: receive RaftClientReply:client-821285EC2D67->9fa9a271-7bed-4435-b477-86c6ed0ece08@group-0E07FAD1B91E, cid=2829, SUCCESS, logIndex=4257, commits[9fa9a271-7bed-4435-b477-86c6ed0ece08:c4259, 06c1a879-4ae3-48dc-9686-b55cde066000:c4255, 67fae1a7-3cbe-4338-9d41-57e84498288b:c4253]
2019-07-10 10:27:40,703 INFO  client.GrpcClientProtocolClient (GrpcClientProtocolClient.java:onNext(255)) - client-821285EC2D67->9fa9a271-7bed-4435-b477-86c6ed0ece08: receive RaftClientReply:client-821285EC2D67->9fa9a271-7bed-4435-b477-86c6ed0ece08@group-0E07FAD1B91E, cid=2830, SUCCESS, logIndex=0, commits[9fa9a271-7bed-4435-b477-86c6ed0ece08:c4259, 06c1a879-4ae3-48dc-9686-b55cde066000:c4255, 67fae1a7-3cbe-4338-9d41-57e84498288b:c4255]
2019-07-10 10:27:40,716 INFO  client.GrpcClientProtocolClient (GrpcClientProtocolClient.java:onNext(255)) - client-821285EC2D67->9fa9a271-7bed-4435-b477-86c6ed0ece08: receive RaftClientReply:client-821285EC2D67->9fa9a271-7bed-4435-b477-86c6ed0ece08@group-0E07FAD1B91E, cid=2831, SUCCESS, logIndex=4262, commits[9fa9a271-7bed-4435-b477-86c6ed0ece08:c4263, 06c1a879-4ae3-48dc-9686-b55cde066000:c4261, 67fae1a7-3cbe-4338-9d41-57e84498288b:c4257]
2019-07-10 10:27:40,716 INFO  client.GrpcClientProtocolClient (GrpcClientProtocolClient.java:onNext(255)) - client-821285EC2D67->9fa9a271-7bed-4435-b477-86c6ed0ece08: receive RaftClientReply:client-821285EC2D67->9fa9a271-7bed-4435-b477-86c6ed0ece08@group-0E07FAD1B91E, cid=2832, SUCCESS, logIndex=4263, commits[9fa9a271-7bed-4435-b477-86c6ed0ece08:c4263, 06c1a879-4ae3-48dc-9686-b55cde066000:c4261, 67fae1a7-3cbe-4338-9d41-57e84498288b:c4261]
2019-07-10 10:27:40,738 INFO  client.GrpcClientProtocolClient (GrpcClientProtocolClient.java:onNext(255)) - client-821285EC2D67->9fa9a271-7bed-4435-b477-86c6ed0ece08: receive RaftClientReply:client-821285EC2D67->9fa9a271-7bed-4435-b477-86c6ed0ece08@group-0E07FAD1B91E, cid=2833, SUCCESS, logIndex=4266, commits[9fa9a271-7bed-4435-b477-86c6ed0ece08:c4267, 06c1a879-4ae3-48dc-9686-b55cde066000:c4265, 67fae1a7-3cbe-4338-9d41-57e84498288b:c4263]
2019-07-10 10:27:40,738 INFO  client.GrpcClientProtocolClient (GrpcClientProtocolClient.java:onNext(255)) - client-821285EC2D67->9fa9a271-7bed-4435-b477-86c6ed0ece08: receive RaftClientReply:client-821285EC2D67->9fa9a271-7bed-4435-b477-86c6ed0ece08@group-0E07FAD1B91E, cid=2834, SUCCESS, logIndex=4267, commits[9fa9a271-7bed-4435-b477-86c6ed0ece08:c4267, 06c1a879-4ae3-48dc-9686-b55cde066000:c4265, 67fae1a7-3cbe-4338-9d41-57e84498288b:c4265]
2019-07-10 10:27:40,740 INFO  client.GrpcClientProtocolClient (GrpcClientProtocolClient.java:onNext(255)) - client-821285EC2D67->9fa9a271-7bed-4435-b477-86c6ed0ece08: receive RaftClientReply:client-821285EC2D67->9fa9a271-7bed-4435-b477-86c6ed0ece08@group-0E07FAD1B91E, cid=2835, SUCCESS, logIndex=0, commits[9fa9a271-7bed-4435-b477-86c6ed0ece08:c4268, 06c1a879-4ae3-48dc-9686-b55cde066000:c4267, 67fae1a7-3cbe-4338-9d41-57e84498288b:c4267]
2019-07-10 10:27:40,771 INFO  client.GrpcClientProtocolClient (GrpcClientProtocolClient.java:onNext(255)) - client-821285EC2D67->9fa9a271-7bed-4435-b477-86c6ed0ece08: receive RaftClientReply:client-821285EC2D67->9fa9a271-7bed-4435-b477-86c6ed0ece08@group-0E07FAD1B91E, cid=2836, SUCCESS, logIndex=4270, commits[9fa9a271-7bed-4435-b477-86c6ed0ece08:c4271, 06c1a879-4ae3-48dc-9686-b55cde066000:c4269, 67fae1a7-3cbe-4338-9d41-57e84498288b:c4269]
2019-07-10 10:27:40,771 INFO  client.GrpcClientProtocolClient (GrpcClientProtocolClient.java:onNext(255)) - client-821285EC2D67->9fa9a271-7bed-4435-b477-86c6ed0ece08: receive RaftClientReply:client-821285EC2D67->9fa9a271-7bed-4435-b477-86c6ed0ece08@group-0E07FAD1B91E, cid=2837, SUCCESS, logIndex=4271, commits[9fa9a271-7bed-4435-b477-86c6ed0ece08:c4271, 06c1a879-4ae3-48dc-9686-b55cde066000:c4269, 67fae1a7-3cbe-4338-9d41-57e84498288b:c4269]
2019-07-10 10:27:40,780 INFO  client.GrpcClientProtocolClient (GrpcClientProtocolClient.java:onNext(255)) - client-821285EC2D67->9fa9a271-7bed-4435-b477-86c6ed0ece08: receive RaftClientReply:client-821285EC2D67->9fa9a271-7bed-4435-b477-86c6ed0ece08@group-0E07FAD1B91E, cid=2838, SUCCESS, logIndex=4272, commits[9fa9a271-7bed-4435-b477-86c6ed0ece08:c4273, 06c1a879-4ae3-48dc-9686-b55cde066000:c4269, 67fae1a7-3cbe-4338-9d41-57e84498288b:c4269]
2019-07-10 10:27:40,780 INFO  client.GrpcClientProtocolClient (GrpcClientProtocolClient.java:onNext(255)) - client-821285EC2D67->9fa9a271-7bed-4435-b477-86c6ed0ece08: receive RaftClientReply:client-821285EC2D67->9fa9a271-7bed-4435-b477-86c6ed0ece08@group-0E07FAD1B91E, cid=2839, SUCCESS, logIndex=4273, commits[9fa9a271-7bed-4435-b477-86c6ed0ece08:c4273, 06c1a879-4ae3-48dc-9686-b55cde066000:c4269, 67fae1a7-3cbe-4338-9d41-57e84498288b:c4269]
2019-07-10 10:27:40,782 INFO  client.GrpcClientProtocolClient (GrpcClientProtocolClient.java:onNext(255)) - client-821285EC2D67->9fa9a271-7bed-4435-b477-86c6ed0ece08: receive RaftClientReply:client-821285EC2D67->9fa9a271-7bed-4435-b477-86c6ed0ece08@group-0E07FAD1B91E, cid=2840, SUCCESS, logIndex=0, commits[9fa9a271-7bed-4435-b477-86c6ed0ece08:c4275, 06c1a879-4ae3-48dc-9686-b55cde066000:c4271, 67fae1a7-3cbe-4338-9d41-57e84498288b:c4271]
2019-07-10 10:27:40,800 INFO  client.GrpcClientProtocolClient (GrpcClientProtocolClient.java:onNext(255)) - client-821285EC2D67->9fa9a271-7bed-4435-b477-86c6ed0ece08: receive RaftClientReply:client-821285EC2D67->9fa9a271-7bed-4435-b477-86c6ed0ece08@group-0E07FAD1B91E, cid=2841, SUCCESS, logIndex=4278, commits[9fa9a271-7bed-4435-b477-86c6ed0ece08:c4278, 06c1a879-4ae3-48dc-9686-b55cde066000:c4277, 67fae1a7-3cbe-4338-9d41-57e84498288b:c4277]
2019-07-10 10:27:40,801 INFO  client.GrpcClientProtocolClient (GrpcClientProtocolClient.java:onNext(255)) - client-821285EC2D67->9fa9a271-7bed-4435-b477-86c6ed0ece08: receive RaftClientReply:client-821285EC2D67->9fa9a271-7bed-4435-b477-86c6ed0ece08@group-0E07FAD1B91E, cid=2842, SUCCESS, logIndex=4279, commits[9fa9a271-7bed-4435-b477-86c6ed0ece08:c4279, 06c1a879-4ae3-48dc-9686-b55cde066000:c4277, 67fae1a7-3cbe-4338-9d41-57e84498288b:c4277]
2019-07-10 10:27:40,814 INFO  client.GrpcClientProtocolClient (GrpcClientProtocolClient.java:onNext(255)) - client-821285EC2D67->9fa9a271-7bed-4435-b477-86c6ed0ece08: receive RaftClientReply:client-821285EC2D67->9fa9a271-7bed-4435-b477-86c6ed0ece08@group-0E07FAD1B91E, cid=2843, SUCCESS, logIndex=4282, commits[9fa9a271-7bed-4435-b477-86c6ed0ece08:c4283, 06c1a879-4ae3-48dc-9686-b55cde066000:c4281, 67fae1a7-3cbe-4338-9d41-57e84498288b:c4281]
2019-07-10 10:27:40,814 INFO  client.GrpcClientProtocolClient (GrpcClientProtocolClient.java:onNext(255)) - client-821285EC2D67->9fa9a271-7bed-4435-b477-86c6ed0ece08: receive RaftClientReply:client-821285EC2D67->9fa9a271-7bed-4435-b477-86c6ed0ece08@group-0E07FAD1B91E, cid=2844, SUCCESS, logIndex=4283, commits[9fa9a271-7bed-4435-b477-86c6ed0ece08:c4283, 06c1a879-4ae3-48dc-9686-b55cde066000:c4281, 67fae1a7-3cbe-4338-9d41-57e84498288b:c4281]
2019-07-10 10:27:40,815 INFO  client.GrpcClientProtocolClient (GrpcClientProtocolClient.java:onNext(255)) - client-821285EC2D67->9fa9a271-7bed-4435-b477-86c6ed0ece08: receive RaftClientReply:client-821285EC2D67->9fa9a271-7bed-4435-b477-86c6ed0ece08@group-0E07FAD1B91E, cid=2845, SUCCESS, logIndex=0, commits[9fa9a271-7bed-4435-b477-86c6ed0ece08:c4284, 06c1a879-4ae3-48dc-9686-b55cde066000:c4283, 67fae1a7-3cbe-4338-9d41-57e84498288b:c4283]
2019-07-10 10:27:40,844 INFO  client.GrpcClientProtocolClient (GrpcClientProtocolClient.java:onNext(255)) - client-821285EC2D67->9fa9a271-7bed-4435-b477-86c6ed0ece08: receive RaftClientReply:client-821285EC2D67->9fa9a271-7bed-4435-b477-86c6ed0ece08@group-0E07FAD1B91E, cid=2846, SUCCESS, logIndex=4286, commits[9fa9a271-7bed-4435-b477-86c6ed0ece08:c4287, 06c1a879-4ae3-48dc-9686-b55cde066000:c4285, 67fae1a7-3cbe-4338-9d41-57e84498288b:c4285]
2019-07-10 10:27:40,845 INFO  client.GrpcClientProtocolClient (GrpcClientProtocolClient.java:onNext(255)) - client-821285EC2D67->9fa9a271-7bed-4435-b477-86c6ed0ece08: receive RaftClientReply:client-821285EC2D67->9fa9a271-7bed-4435-b477-86c6ed0ece08@group-0E07FAD1B91E, cid=2847, SUCCESS, logIndex=4287, commits[9fa9a271-7bed-4435-b477-86c6ed0ece08:c4287, 06c1a879-4ae3-48dc-9686-b55cde066000:c4285, 67fae1a7-3cbe-4338-9d41-57e84498288b:c4285]
2019-07-10 10:27:40,845 INFO  client.GrpcClientProtocolClient (GrpcClientProtocolClient.java:onNext(255)) - client-821285EC2D67->9fa9a271-7bed-4435-b477-86c6ed0ece08: receive RaftClientReply:client-821285EC2D67->9fa9a271-7bed-4435-b477-86c6ed0ece08@group-0E07FAD1B91E, cid=2848, SUCCESS, logIndex=4288, commits[9fa9a271-7bed-4435-b477-86c6ed0ece08:c4289, 06c1a879-4ae3-48dc-9686-b55cde066000:c4285, 67fae1a7-3cbe-4338-9d41-57e84498288b:c4285]
2019-07-10 10:27:40,845 INFO  client.GrpcClientProtocolClient (GrpcClientProtocolClient.java:onNext(255)) - client-821285EC2D67->9fa9a271-7bed-4435-b477-86c6ed0ece08: receive RaftClientReply:client-821285EC2D67->9fa9a271-7bed-4435-b477-86c6ed0ece08@group-0E07FAD1B91E, cid=2849, SUCCESS, logIndex=4289, commits[9fa9a271-7bed-4435-b477-86c6ed0ece08:c4289, 06c1a879-4ae3-48dc-9686-b55cde066000:c4285, 67fae1a7-3cbe-4338-9d41-57e84498288b:c4285]
2019-07-10 10:27:40,849 INFO  client.GrpcClientProtocolClient (GrpcClientProtocolClient.java:onNext(255)) - client-821285EC2D67->9fa9a271-7bed-4435-b477-86c6ed0ece08: receive RaftClientReply:client-821285EC2D67->9fa9a271-7bed-4435-b477-86c6ed0ece08@group-0E07FAD1B91E, cid=2850, SUCCESS, logIndex=0, commits[9fa9a271-7bed-4435-b477-86c6ed0ece08:c4291, 06c1a879-4ae3-48dc-9686-b55cde066000:c4287, 67fae1a7-3cbe-4338-9d41-57e84498288b:c4287]
2019-07-10 10:27:40,867 INFO  client.GrpcClientProtocolClient (GrpcClientProtocolClient.java:onNext(255)) - client-821285EC2D67->9fa9a271-7bed-4435-b477-86c6ed0ece08: receive RaftClientReply:client-821285EC2D67->9fa9a271-7bed-4435-b477-86c6ed0ece08@group-0E07FAD1B91E, cid=2851, SUCCESS, logIndex=4294, commits[9fa9a271-7bed-4435-b477-86c6ed0ece08:c4295, 06c1a879-4ae3-48dc-9686-b55cde066000:c4293, 67fae1a7-3cbe-4338-9d41-57e84498288b:c4293]
2019-07-10 10:27:40,867 INFO  client.GrpcClientProtocolClient (GrpcClientProtocolClient.java:onNext(255)) - client-821285EC2D67->9fa9a271-7bed-4435-b477-86c6ed0ece08: receive RaftClientReply:client-821285EC2D67->9fa9a271-7bed-4435-b477-86c6ed0ece08@group-0E07FAD1B91E, cid=2852, SUCCESS, logIndex=4295, commits[9fa9a271-7bed-4435-b477-86c6ed0ece08:c4295, 06c1a879-4ae3-48dc-9686-b55cde066000:c4293, 67fae1a7-3cbe-4338-9d41-57e84498288b:c4293]
2019-07-10 10:27:40,903 INFO  client.GrpcClientProtocolClient (GrpcClientProtocolClient.java:onNext(255)) - client-821285EC2D67->9fa9a271-7bed-4435-b477-86c6ed0ece08: receive RaftClientReply:client-821285EC2D67->9fa9a271-7bed-4435-b477-86c6ed0ece08@group-0E07FAD1B91E, cid=2853, SUCCESS, logIndex=4298, commits[9fa9a271-7bed-4435-b477-86c6ed0ece08:c4299, 06c1a879-4ae3-48dc-9686-b55cde066000:c4295, 67fae1a7-3cbe-4338-9d41-57e84498288b:c4295]
2019-07-10 10:27:40,903 INFO  client.GrpcClientProtocolClient (GrpcClientProtocolClient.java:onNext(255)) - client-821285EC2D67->9fa9a271-7bed-4435-b477-86c6ed0ece08: receive RaftClientReply:client-821285EC2D67->9fa9a271-7bed-4435-b477-86c6ed0ece08@group-0E07FAD1B91E, cid=2854, SUCCESS, logIndex=4299, commits[9fa9a271-7bed-4435-b477-86c6ed0ece08:c4299, 06c1a879-4ae3-48dc-9686-b55cde066000:c4295, 67fae1a7-3cbe-4338-9d41-57e84498288b:c4295]
2019-07-10 10:27:40,915 INFO  client.GrpcClientProtocolClient (GrpcClientProtocolClient.java:onNext(255)) - client-821285EC2D67->9fa9a271-7bed-4435-b477-86c6ed0ece08: receive RaftClientReply:client-821285EC2D67->9fa9a271-7bed-4435-b477-86c6ed0ece08@group-0E07FAD1B91E, cid=2855, SUCCESS, logIndex=0, commits[9fa9a271-7bed-4435-b477-86c6ed0ece08:c4299, 06c1a879-4ae3-48dc-9686-b55cde066000:c4299, 67fae1a7-3cbe-4338-9d41-57e84498288b:c4299]
2019-07-10 10:27:40,941 INFO  client.GrpcClientProtocolClient (GrpcClientProtocolClient.java:onNext(255)) - client-821285EC2D67->9fa9a271-7bed-4435-b477-86c6ed0ece08: receive RaftClientReply:client-821285EC2D67->9fa9a271-7bed-4435-b477-86c6ed0ece08@group-0E07FAD1B91E, cid=2856, SUCCESS, logIndex=4302, commits[9fa9a271-7bed-4435-b477-86c6ed0ece08:c4303, 06c1a879-4ae3-48dc-9686-b55cde066000:c4301, 67fae1a7-3cbe-4338-9d41-57e84498288b:c4301]
2019-07-10 10:27:40,941 INFO  client.GrpcClientProtocolClient (GrpcClientProtocolClient.java:onNext(255)) - client-821285EC2D67->9fa9a271-7bed-4435-b477-86c6ed0ece08: receive RaftClientReply:client-821285EC2D67->9fa9a271-7bed-4435-b477-86c6ed0ece08@group-0E07FAD1B91E, cid=2857, SUCCESS, logIndex=4303, commits[9fa9a271-7bed-4435-b477-86c6ed0ece08:c4305, 06c1a879-4ae3-48dc-9686-b55cde066000:c4301, 67fae1a7-3cbe-4338-9d41-57e84498288b:c4301]
2019-07-10 10:27:40,942 INFO  client.GrpcClientProtocolClient (GrpcClientProtocolClient.java:onNext(255)) - client-821285EC2D67->9fa9a271-7bed-4435-b477-86c6ed0ece08: receive RaftClientReply:client-821285EC2D67->9fa9a271-7bed-4435-b477-86c6ed0ece08@group-0E07FAD1B91E, cid=2858, SUCCESS, logIndex=4304, commits[9fa9a271-7bed-4435-b477-86c6ed0ece08:c4305, 06c1a879-4ae3-48dc-9686-b55cde066000:c4301, 67fae1a7-3cbe-4338-9d41-57e84498288b:c4301]
2019-07-10 10:27:40,943 INFO  client.GrpcClientProtocolClient (GrpcClientProtocolClient.java:onNext(255)) - client-821285EC2D67->9fa9a271-7bed-4435-b477-86c6ed0ece08: receive RaftClientReply:client-821285EC2D67->9fa9a271-7bed-4435-b477-86c6ed0ece08@group-0E07FAD1B91E, cid=2859, SUCCESS, logIndex=4305, commits[9fa9a271-7bed-4435-b477-86c6ed0ece08:c4306, 06c1a879-4ae3-48dc-9686-b55cde066000:c4301, 67fae1a7-3cbe-4338-9d41-57e84498288b:c4303]
2019-07-10 10:27:40,944 INFO  client.GrpcClientProtocolClient (GrpcClientProtocolClient.java:onNext(255)) - client-821285EC2D67->9fa9a271-7bed-4435-b477-86c6ed0ece08: receive RaftClientReply:client-821285EC2D67->9fa9a271-7bed-4435-b477-86c6ed0ece08@group-0E07FAD1B91E, cid=2860, SUCCESS, logIndex=0, commits[9fa9a271-7bed-4435-b477-86c6ed0ece08:c4308, 06c1a879-4ae3-48dc-9686-b55cde066000:c4305, 67fae1a7-3cbe-4338-9d41-57e84498288b:c4304]
2019-07-10 10:27:40,958 INFO  client.GrpcClientProtocolClient (GrpcClientProtocolClient.java:onNext(255)) - client-821285EC2D67->9fa9a271-7bed-4435-b477-86c6ed0ece08: receive RaftClientReply:client-821285EC2D67->9fa9a271-7bed-4435-b477-86c6ed0ece08@group-0E07FAD1B91E, cid=2861, SUCCESS, logIndex=4310, commits[9fa9a271-7bed-4435-b477-86c6ed0ece08:c4311, 06c1a879-4ae3-48dc-9686-b55cde066000:c4309, 67fae1a7-3cbe-4338-9d41-57e84498288b:c4309]
2019-07-10 10:27:40,958 INFO  client.GrpcClientProtocolClient (GrpcClientProtocolClient.java:onNext(255)) - client-821285EC2D67->9fa9a271-7bed-4435-b477-86c6ed0ece08: receive RaftClientReply:client-821285EC2D67->9fa9a271-7bed-4435-b477-86c6ed0ece08@group-0E07FAD1B91E, cid=2862, SUCCESS, logIndex=4311, commits[9fa9a271-7bed-4435-b477-86c6ed0ece08:c4311, 06c1a879-4ae3-48dc-9686-b55cde066000:c4309, 67fae1a7-3cbe-4338-9d41-57e84498288b:c4309]
2019-07-10 10:27:40,972 INFO  client.GrpcClientProtocolClient (GrpcClientProtocolClient.java:onNext(255)) - client-821285EC2D67->9fa9a271-7bed-4435-b477-86c6ed0ece08: receive RaftClientReply:client-821285EC2D67->9fa9a271-7bed-4435-b477-86c6ed0ece08@group-0E07FAD1B91E, cid=2863, SUCCESS, logIndex=4314, commits[9fa9a271-7bed-4435-b477-86c6ed0ece08:c4315, 06c1a879-4ae3-48dc-9686-b55cde066000:c4311, 67fae1a7-3cbe-4338-9d41-57e84498288b:c4311]
2019-07-10 10:27:40,972 INFO  client.GrpcClientProtocolClient (GrpcClientProtocolClient.java:onNext(255)) - client-821285EC2D67->9fa9a271-7bed-4435-b477-86c6ed0ece08: receive RaftClientReply:client-821285EC2D67->9fa9a271-7bed-4435-b477-86c6ed0ece08@group-0E07FAD1B91E, cid=2864, SUCCESS, logIndex=4315, commits[9fa9a271-7bed-4435-b477-86c6ed0ece08:c4315, 06c1a879-4ae3-48dc-9686-b55cde066000:c4311, 67fae1a7-3cbe-4338-9d41-57e84498288b:c4311]
2019-07-10 10:27:40,983 INFO  client.GrpcClientProtocolClient (GrpcClientProtocolClient.java:onNext(255)) - client-821285EC2D67->9fa9a271-7bed-4435-b477-86c6ed0ece08: receive RaftClientReply:client-821285EC2D67->9fa9a271-7bed-4435-b477-86c6ed0ece08@group-0E07FAD1B91E, cid=2865, SUCCESS, logIndex=0, commits[9fa9a271-7bed-4435-b477-86c6ed0ece08:c4316, 06c1a879-4ae3-48dc-9686-b55cde066000:c4315, 67fae1a7-3cbe-4338-9d41-57e84498288b:c4315]
2019-07-10 10:27:41,012 INFO  client.GrpcClientProtocolClient (GrpcClientProtocolClient.java:onNext(255)) - client-821285EC2D67->9fa9a271-7bed-4435-b477-86c6ed0ece08: receive RaftClientReply:client-821285EC2D67->9fa9a271-7bed-4435-b477-86c6ed0ece08@group-0E07FAD1B91E, cid=2866, SUCCESS, logIndex=4318, commits[9fa9a271-7bed-4435-b477-86c6ed0ece08:c4319, 06c1a879-4ae3-48dc-9686-b55cde066000:c4317, 67fae1a7-3cbe-4338-9d41-57e84498288b:c4317]
2019-07-10 10:27:41,012 INFO  client.GrpcClientProtocolClient (GrpcClientProtocolClient.java:onNext(255)) - client-821285EC2D67->9fa9a271-7bed-4435-b477-86c6ed0ece08: receive RaftClientReply:client-821285EC2D67->9fa9a271-7bed-4435-b477-86c6ed0ece08@group-0E07FAD1B91E, cid=2867, SUCCESS, logIndex=4319, commits[9fa9a271-7bed-4435-b477-86c6ed0ece08:c4319, 06c1a879-4ae3-48dc-9686-b55cde066000:c4317, 67fae1a7-3cbe-4338-9d41-57e84498288b:c4317]
2019-07-10 10:27:41,013 INFO  client.GrpcClientProtocolClient (GrpcClientProtocolClient.java:onNext(255)) - client-821285EC2D67->9fa9a271-7bed-4435-b477-86c6ed0ece08: receive RaftClientReply:client-821285EC2D67->9fa9a271-7bed-4435-b477-86c6ed0ece08@group-0E07FAD1B91E, cid=2868, SUCCESS, logIndex=4320, commits[9fa9a271-7bed-4435-b477-86c6ed0ece08:c4321, 06c1a879-4ae3-48dc-9686-b55cde066000:c4317, 67fae1a7-3cbe-4338-9d41-57e84498288b:c4317]
2019-07-10 10:27:41,013 INFO  client.GrpcClientProtocolClient (GrpcClientProtocolClient.java:onNext(255)) - client-821285EC2D67->9fa9a271-7bed-4435-b477-86c6ed0ece08: receive RaftClientReply:client-821285EC2D67->9fa9a271-7bed-4435-b477-86c6ed0ece08@group-0E07FAD1B91E, cid=2869, SUCCESS, logIndex=4321, commits[9fa9a271-7bed-4435-b477-86c6ed0ece08:c4321, 06c1a879-4ae3-48dc-9686-b55cde066000:c4317, 67fae1a7-3cbe-4338-9d41-57e84498288b:c4317]
2019-07-10 10:27:41,015 INFO  client.GrpcClientProtocolClient (GrpcClientProtocolClient.java:onNext(255)) - client-821285EC2D67->9fa9a271-7bed-4435-b477-86c6ed0ece08: receive RaftClientReply:client-821285EC2D67->9fa9a271-7bed-4435-b477-86c6ed0ece08@group-0E07FAD1B91E, cid=2870, SUCCESS, logIndex=0, commits[9fa9a271-7bed-4435-b477-86c6ed0ece08:c4324, 06c1a879-4ae3-48dc-9686-b55cde066000:c4320, 67fae1a7-3cbe-4338-9d41-57e84498288b:c4319]
2019-07-10 10:27:41,026 INFO  client.GrpcClientProtocolClient (GrpcClientProtocolClient.java:onNext(255)) - client-821285EC2D67->9fa9a271-7bed-4435-b477-86c6ed0ece08: receive RaftClientReply:client-821285EC2D67->9fa9a271-7bed-4435-b477-86c6ed0ece08@group-0E07FAD1B91E, cid=2871, SUCCESS, logIndex=4326, commits[9fa9a271-7bed-4435-b477-86c6ed0ece08:c4327, 06c1a879-4ae3-48dc-9686-b55cde066000:c4321, 67fae1a7-3cbe-4338-9d41-57e84498288b:c4325]
2019-07-10 10:27:41,026 INFO  client.GrpcClientProtocolClient (GrpcClientProtocolClient.java:onNext(255)) - client-821285EC2D67->9fa9a271-7bed-4435-b477-86c6ed0ece08: receive RaftClientReply:client-821285EC2D67->9fa9a271-7bed-4435-b477-86c6ed0ece08@group-0E07FAD1B91E, cid=2872, SUCCESS, logIndex=4327, commits[9fa9a271-7bed-4435-b477-86c6ed0ece08:c4327, 06c1a879-4ae3-48dc-9686-b55cde066000:c4325, 67fae1a7-3cbe-4338-9d41-57e84498288b:c4325]
2019-07-10 10:27:41,043 INFO  client.GrpcClientProtocolClient (GrpcClientProtocolClient.java:onNext(255)) - client-821285EC2D67->9fa9a271-7bed-4435-b477-86c6ed0ece08: receive RaftClientReply:client-821285EC2D67->9fa9a271-7bed-4435-b477-86c6ed0ece08@group-0E07FAD1B91E, cid=2873, SUCCESS, logIndex=4330, commits[9fa9a271-7bed-4435-b477-86c6ed0ece08:c4331, 06c1a879-4ae3-48dc-9686-b55cde066000:c4329, 67fae1a7-3cbe-4338-9d41-57e84498288b:c4329]
2019-07-10 10:27:41,043 INFO  client.GrpcClientProtocolClient (GrpcClientProtocolClient.java:onNext(255)) - client-821285EC2D67->9fa9a271-7bed-4435-b477-86c6ed0ece08: receive RaftClientReply:client-821285EC2D67->9fa9a271-7bed-4435-b477-86c6ed0ece08@group-0E07FAD1B91E, cid=2874, SUCCESS, logIndex=4331, commits[9fa9a271-7bed-4435-b477-86c6ed0ece08:c4331, 06c1a879-4ae3-48dc-9686-b55cde066000:c4329, 67fae1a7-3cbe-4338-9d41-57e84498288b:c4329]
2019-07-10 10:27:41,054 INFO  client.GrpcClientProtocolClient (GrpcClientProtocolClient.java:onNext(255)) - client-821285EC2D67->9fa9a271-7bed-4435-b477-86c6ed0ece08: receive RaftClientReply:client-821285EC2D67->9fa9a271-7bed-4435-b477-86c6ed0ece08@group-0E07FAD1B91E, cid=2875, SUCCESS, logIndex=0, commits[9fa9a271-7bed-4435-b477-86c6ed0ece08:c4333, 06c1a879-4ae3-48dc-9686-b55cde066000:c4331, 67fae1a7-3cbe-4338-9d41-57e84498288b:c4331]
2019-07-10 10:27:41,083 INFO  client.GrpcClientProtocolClient (GrpcClientProtocolClient.java:onNext(255)) - client-821285EC2D67->9fa9a271-7bed-4435-b477-86c6ed0ece08: receive RaftClientReply:client-821285EC2D67->9fa9a271-7bed-4435-b477-86c6ed0ece08@group-0E07FAD1B91E, cid=2876, SUCCESS, logIndex=4334, commits[9fa9a271-7bed-4435-b477-86c6ed0ece08:c4335, 06c1a879-4ae3-48dc-9686-b55cde066000:c4333, 67fae1a7-3cbe-4338-9d41-57e84498288b:c4331]
2019-07-10 10:27:41,084 INFO  client.GrpcClientProtocolClient (GrpcClientProtocolClient.java:onNext(255)) - client-821285EC2D67->9fa9a271-7bed-4435-b477-86c6ed0ece08: receive RaftClientReply:client-821285EC2D67->9fa9a271-7bed-4435-b477-86c6ed0ece08@group-0E07FAD1B91E, cid=2877, SUCCESS, logIndex=4335, commits[9fa9a271-7bed-4435-b477-86c6ed0ece08:c4335, 06c1a879-4ae3-48dc-9686-b55cde066000:c4333, 67fae1a7-3cbe-4338-9d41-57e84498288b:c4333]
2019-07-10 10:27:41,084 INFO  client.GrpcClientProtocolClient (GrpcClientProtocolClient.java:onNext(255)) - client-821285EC2D67->9fa9a271-7bed-4435-b477-86c6ed0ece08: receive RaftClientReply:client-821285EC2D67->9fa9a271-7bed-4435-b477-86c6ed0ece08@group-0E07FAD1B91E, cid=2878, SUCCESS, logIndex=4336, commits[9fa9a271-7bed-4435-b477-86c6ed0ece08:c4337, 06c1a879-4ae3-48dc-9686-b55cde066000:c4333, 67fae1a7-3cbe-4338-9d41-57e84498288b:c4333]
2019-07-10 10:27:41,084 INFO  client.GrpcClientProtocolClient (GrpcClientProtocolClient.java:onNext(255)) - client-821285EC2D67->9fa9a271-7bed-4435-b477-86c6ed0ece08: receive RaftClientReply:client-821285EC2D67->9fa9a271-7bed-4435-b477-86c6ed0ece08@group-0E07FAD1B91E, cid=2879, SUCCESS, logIndex=4337, commits[9fa9a271-7bed-4435-b477-86c6ed0ece08:c4337, 06c1a879-4ae3-48dc-9686-b55cde066000:c4333, 67fae1a7-3cbe-4338-9d41-57e84498288b:c4333]
2019-07-10 10:27:41,086 INFO  client.GrpcClientProtocolClient (GrpcClientProtocolClient.java:onNext(255)) - client-821285EC2D67->9fa9a271-7bed-4435-b477-86c6ed0ece08: receive RaftClientReply:client-821285EC2D67->9fa9a271-7bed-4435-b477-86c6ed0ece08@group-0E07FAD1B91E, cid=2880, SUCCESS, logIndex=0, commits[9fa9a271-7bed-4435-b477-86c6ed0ece08:c4340, 06c1a879-4ae3-48dc-9686-b55cde066000:c4337, 67fae1a7-3cbe-4338-9d41-57e84498288b:c4335]
2019-07-10 10:27:41,105 INFO  client.GrpcClientProtocolClient (GrpcClientProtocolClient.java:onNext(255)) - client-821285EC2D67->9fa9a271-7bed-4435-b477-86c6ed0ece08: receive RaftClientReply:client-821285EC2D67->9fa9a271-7bed-4435-b477-86c6ed0ece08@group-0E07FAD1B91E, cid=2881, SUCCESS, logIndex=4341, commits[9fa9a271-7bed-4435-b477-86c6ed0ece08:c4342, 06c1a879-4ae3-48dc-9686-b55cde066000:c4340, 67fae1a7-3cbe-4338-9d41-57e84498288b:c4337]
2019-07-10 10:27:41,105 INFO  client.GrpcClientProtocolClient (GrpcClientProtocolClient.java:onNext(255)) - client-821285EC2D67->9fa9a271-7bed-4435-b477-86c6ed0ece08: receive RaftClientReply:client-821285EC2D67->9fa9a271-7bed-4435-b477-86c6ed0ece08@group-0E07FAD1B91E, cid=2882, SUCCESS, logIndex=4342, commits[9fa9a271-7bed-4435-b477-86c6ed0ece08:c4342, 06c1a879-4ae3-48dc-9686-b55cde066000:c4340, 67fae1a7-3cbe-4338-9d41-57e84498288b:c4340]
2019-07-10 10:27:41,125 INFO  client.GrpcClientProtocolClient (GrpcClientProtocolClient.java:onNext(255)) - client-821285EC2D67->9fa9a271-7bed-4435-b477-86c6ed0ece08: receive RaftClientReply:client-821285EC2D67->9fa9a271-7bed-4435-b477-86c6ed0ece08@group-0E07FAD1B91E, cid=2883, SUCCESS, logIndex=4345, commits[9fa9a271-7bed-4435-b477-86c6ed0ece08:c4346, 06c1a879-4ae3-48dc-9686-b55cde066000:c4344, 67fae1a7-3cbe-4338-9d41-57e84498288b:c4344]
2019-07-10 10:27:41,125 INFO  client.GrpcClientProtocolClient (GrpcClientProtocolClient.java:onNext(255)) - client-821285EC2D67->9fa9a271-7bed-4435-b477-86c6ed0ece08: receive RaftClientReply:client-821285EC2D67->9fa9a271-7bed-4435-b477-86c6ed0ece08@group-0E07FAD1B91E, cid=2884, SUCCESS, logIndex=4346, commits[9fa9a271-7bed-4435-b477-86c6ed0ece08:c4346, 06c1a879-4ae3-48dc-9686-b55cde066000:c4344, 67fae1a7-3cbe-4338-9d41-57e84498288b:c4344]
2019-07-10 10:27:41,135 INFO  client.GrpcClientProtocolClient (GrpcClientProtocolClient.java:onNext(255)) - client-821285EC2D67->9fa9a271-7bed-4435-b477-86c6ed0ece08: receive RaftClientReply:client-821285EC2D67->9fa9a271-7bed-4435-b477-86c6ed0ece08@group-0E07FAD1B91E, cid=2885, SUCCESS, logIndex=0, commits[9fa9a271-7bed-4435-b477-86c6ed0ece08:c4347, 06c1a879-4ae3-48dc-9686-b55cde066000:c4346, 67fae1a7-3cbe-4338-9d41-57e84498288b:c4346]
2019-07-10 10:27:41,155 INFO  client.GrpcClientProtocolClient (GrpcClientProtocolClient.java:onNext(255)) - client-821285EC2D67->9fa9a271-7bed-4435-b477-86c6ed0ece08: receive RaftClientReply:client-821285EC2D67->9fa9a271-7bed-4435-b477-86c6ed0ece08@group-0E07FAD1B91E, cid=2886, SUCCESS, logIndex=4349, commits[9fa9a271-7bed-4435-b477-86c6ed0ece08:c4350, 06c1a879-4ae3-48dc-9686-b55cde066000:c4348, 67fae1a7-3cbe-4338-9d41-57e84498288b:c4346]
2019-07-10 10:27:41,155 INFO  client.GrpcClientProtocolClient (GrpcClientProtocolClient.java:onNext(255)) - client-821285EC2D67->9fa9a271-7bed-4435-b477-86c6ed0ece08: receive RaftClientReply:client-821285EC2D67->9fa9a271-7bed-4435-b477-86c6ed0ece08@group-0E07FAD1B91E, cid=2887, SUCCESS, logIndex=4350, commits[9fa9a271-7bed-4435-b477-86c6ed0ece08:c4350, 06c1a879-4ae3-48dc-9686-b55cde066000:c4348, 67fae1a7-3cbe-4338-9d41-57e84498288b:c4346]
2019-07-10 10:27:41,158 INFO  client.GrpcClientProtocolClient (GrpcClientProtocolClient.java:onNext(255)) - client-821285EC2D67->9fa9a271-7bed-4435-b477-86c6ed0ece08: receive RaftClientReply:client-821285EC2D67->9fa9a271-7bed-4435-b477-86c6ed0ece08@group-0E07FAD1B91E, cid=2888, SUCCESS, logIndex=4351, commits[9fa9a271-7bed-4435-b477-86c6ed0ece08:c4353, 06c1a879-4ae3-48dc-9686-b55cde066000:c4349, 67fae1a7-3cbe-4338-9d41-57e84498288b:c4348]
2019-07-10 10:27:41,158 INFO  client.GrpcClientProtocolClient (GrpcClientProtocolClient.java:onNext(255)) - client-821285EC2D67->9fa9a271-7bed-4435-b477-86c6ed0ece08: receive RaftClientReply:client-821285EC2D67->9fa9a271-7bed-4435-b477-86c6ed0ece08@group-0E07FAD1B91E, cid=2889, SUCCESS, logIndex=4352, commits[9fa9a271-7bed-4435-b477-86c6ed0ece08:c4354, 06c1a879-4ae3-48dc-9686-b55cde066000:c4350, 67fae1a7-3cbe-4338-9d41-57e84498288b:c4348]
2019-07-10 10:27:41,159 INFO  client.GrpcClientProtocolClient (GrpcClientProtocolClient.java:onNext(255)) - client-821285EC2D67->9fa9a271-7bed-4435-b477-86c6ed0ece08: receive RaftClientReply:client-821285EC2D67->9fa9a271-7bed-4435-b477-86c6ed0ece08@group-0E07FAD1B91E, cid=2890, SUCCESS, logIndex=0, commits[9fa9a271-7bed-4435-b477-86c6ed0ece08:c4354, 06c1a879-4ae3-48dc-9686-b55cde066000:c4350, 67fae1a7-3cbe-4338-9d41-57e84498288b:c4350]
2019-07-10 10:27:41,176 INFO  client.GrpcClientProtocolClient (GrpcClientProtocolClient.java:onNext(255)) - client-821285EC2D67->9fa9a271-7bed-4435-b477-86c6ed0ece08: receive RaftClientReply:client-821285EC2D67->9fa9a271-7bed-4435-b477-86c6ed0ece08@group-0E07FAD1B91E, cid=2891, SUCCESS, logIndex=4357, commits[9fa9a271-7bed-4435-b477-86c6ed0ece08:c4358, 06c1a879-4ae3-48dc-9686-b55cde066000:c4356, 67fae1a7-3cbe-4338-9d41-57e84498288b:c4356]
2019-07-10 10:27:41,176 INFO  client.GrpcClientProtocolClient (GrpcClientProtocolClient.java:onNext(255)) - client-821285EC2D67->9fa9a271-7bed-4435-b477-86c6ed0ece08: receive RaftClientReply:client-821285EC2D67->9fa9a271-7bed-4435-b477-86c6ed0ece08@group-0E07FAD1B91E, cid=2892, SUCCESS, logIndex=4358, commits[9fa9a271-7bed-4435-b477-86c6ed0ece08:c4358, 06c1a879-4ae3-48dc-9686-b55cde066000:c4356, 67fae1a7-3cbe-4338-9d41-57e84498288b:c4356]
2019-07-10 10:27:41,188 INFO  client.GrpcClientProtocolClient (GrpcClientProtocolClient.java:onNext(255)) - client-821285EC2D67->9fa9a271-7bed-4435-b477-86c6ed0ece08: receive RaftClientReply:client-821285EC2D67->9fa9a271-7bed-4435-b477-86c6ed0ece08@group-0E07FAD1B91E, cid=2893, SUCCESS, logIndex=4361, commits[9fa9a271-7bed-4435-b477-86c6ed0ece08:c4362, 06c1a879-4ae3-48dc-9686-b55cde066000:c4358, 67fae1a7-3cbe-4338-9d41-57e84498288b:c4358]
2019-07-10 10:27:41,189 INFO  client.GrpcClientProtocolClient (GrpcClientProtocolClient.java:onNext(255)) - client-821285EC2D67->9fa9a271-7bed-4435-b477-86c6ed0ece08: receive RaftClientReply:client-821285EC2D67->9fa9a271-7bed-4435-b477-86c6ed0ece08@group-0E07FAD1B91E, cid=2894, SUCCESS, logIndex=4362, commits[9fa9a271-7bed-4435-b477-86c6ed0ece08:c4362, 06c1a879-4ae3-48dc-9686-b55cde066000:c4358, 67fae1a7-3cbe-4338-9d41-57e84498288b:c4358]
2019-07-10 10:27:41,200 INFO  client.GrpcClientProtocolClient (GrpcClientProtocolClient.java:onNext(255)) - client-821285EC2D67->9fa9a271-7bed-4435-b477-86c6ed0ece08: receive RaftClientReply:client-821285EC2D67->9fa9a271-7bed-4435-b477-86c6ed0ece08@group-0E07FAD1B91E, cid=2895, SUCCESS, logIndex=0, commits[9fa9a271-7bed-4435-b477-86c6ed0ece08:c4364, 06c1a879-4ae3-48dc-9686-b55cde066000:c4362, 67fae1a7-3cbe-4338-9d41-57e84498288b:c4362]
2019-07-10 10:27:41,218 INFO  client.GrpcClientProtocolClient (GrpcClientProtocolClient.java:onNext(255)) - client-821285EC2D67->9fa9a271-7bed-4435-b477-86c6ed0ece08: receive RaftClientReply:client-821285EC2D67->9fa9a271-7bed-4435-b477-86c6ed0ece08@group-0E07FAD1B91E, cid=2896, SUCCESS, logIndex=4365, commits[9fa9a271-7bed-4435-b477-86c6ed0ece08:c4366, 06c1a879-4ae3-48dc-9686-b55cde066000:c4364, 67fae1a7-3cbe-4338-9d41-57e84498288b:c4364]
2019-07-10 10:27:41,219 INFO  client.GrpcClientProtocolClient (GrpcClientProtocolClient.java:onNext(255)) - client-821285EC2D67->9fa9a271-7bed-4435-b477-86c6ed0ece08: receive RaftClientReply:client-821285EC2D67->9fa9a271-7bed-4435-b477-86c6ed0ece08@group-0E07FAD1B91E, cid=2897, SUCCESS, logIndex=4366, commits[9fa9a271-7bed-4435-b477-86c6ed0ece08:c4366, 06c1a879-4ae3-48dc-9686-b55cde066000:c4364, 67fae1a7-3cbe-4338-9d41-57e84498288b:c4364]
2019-07-10 10:27:41,219 INFO  client.GrpcClientProtocolClient (GrpcClientProtocolClient.java:onNext(255)) - client-821285EC2D67->9fa9a271-7bed-4435-b477-86c6ed0ece08: receive RaftClientReply:client-821285EC2D67->9fa9a271-7bed-4435-b477-86c6ed0ece08@group-0E07FAD1B91E, cid=2898, SUCCESS, logIndex=4367, commits[9fa9a271-7bed-4435-b477-86c6ed0ece08:c4368, 06c1a879-4ae3-48dc-9686-b55cde066000:c4364, 67fae1a7-3cbe-4338-9d41-57e84498288b:c4364]
2019-07-10 10:27:41,220 INFO  client.GrpcClientProtocolClient (GrpcClientProtocolClient.java:onNext(255)) - client-821285EC2D67->9fa9a271-7bed-4435-b477-86c6ed0ece08: receive RaftClientReply:client-821285EC2D67->9fa9a271-7bed-4435-b477-86c6ed0ece08@group-0E07FAD1B91E, cid=2899, SUCCESS, logIndex=4368, commits[9fa9a271-7bed-4435-b477-86c6ed0ece08:c4368, 06c1a879-4ae3-48dc-9686-b55cde066000:c4364, 67fae1a7-3cbe-4338-9d41-57e84498288b:c4364]
2019-07-10 10:27:41,221 INFO  client.GrpcClientProtocolClient (GrpcClientProtocolClient.java:onNext(255)) - client-821285EC2D67->9fa9a271-7bed-4435-b477-86c6ed0ece08: receive RaftClientReply:client-821285EC2D67->9fa9a271-7bed-4435-b477-86c6ed0ece08@group-0E07FAD1B91E, cid=2900, SUCCESS, logIndex=0, commits[9fa9a271-7bed-4435-b477-86c6ed0ece08:c4370, 06c1a879-4ae3-48dc-9686-b55cde066000:c4366, 67fae1a7-3cbe-4338-9d41-57e84498288b:c4366]
2019-07-10 10:27:41,237 INFO  client.GrpcClientProtocolClient (GrpcClientProtocolClient.java:onNext(255)) - client-821285EC2D67->9fa9a271-7bed-4435-b477-86c6ed0ece08: receive RaftClientReply:client-821285EC2D67->9fa9a271-7bed-4435-b477-86c6ed0ece08@group-0E07FAD1B91E, cid=2901, SUCCESS, logIndex=4373, commits[9fa9a271-7bed-4435-b477-86c6ed0ece08:c4374, 06c1a879-4ae3-48dc-9686-b55cde066000:c4372, 67fae1a7-3cbe-4338-9d41-57e84498288b:c4372]
2019-07-10 10:27:41,238 INFO  client.GrpcClientProtocolClient (GrpcClientProtocolClient.java:onNext(255)) - client-821285EC2D67->9fa9a271-7bed-4435-b477-86c6ed0ece08: receive RaftClientReply:client-821285EC2D67->9fa9a271-7bed-4435-b477-86c6ed0ece08@group-0E07FAD1B91E, cid=2902, SUCCESS, logIndex=4374, commits[9fa9a271-7bed-4435-b477-86c6ed0ece08:c4374, 06c1a879-4ae3-48dc-9686-b55cde066000:c4372, 67fae1a7-3cbe-4338-9d41-57e84498288b:c4372]
2019-07-10 10:27:41,250 INFO  client.GrpcClientProtocolClient (GrpcClientProtocolClient.java:onNext(255)) - client-821285EC2D67->9fa9a271-7bed-4435-b477-86c6ed0ece08: receive RaftClientReply:client-821285EC2D67->9fa9a271-7bed-4435-b477-86c6ed0ece08@group-0E07FAD1B91E, cid=2903, SUCCESS, logIndex=4377, commits[9fa9a271-7bed-4435-b477-86c6ed0ece08:c4377, 06c1a879-4ae3-48dc-9686-b55cde066000:c4374, 67fae1a7-3cbe-4338-9d41-57e84498288b:c4374]
2019-07-10 10:27:41,250 INFO  client.GrpcClientProtocolClient (GrpcClientProtocolClient.java:onNext(255)) - client-821285EC2D67->9fa9a271-7bed-4435-b477-86c6ed0ece08: receive RaftClientReply:client-821285EC2D67->9fa9a271-7bed-4435-b477-86c6ed0ece08@group-0E07FAD1B91E, cid=2904, SUCCESS, logIndex=4378, commits[9fa9a271-7bed-4435-b477-86c6ed0ece08:c4378, 06c1a879-4ae3-48dc-9686-b55cde066000:c4374, 67fae1a7-3cbe-4338-9d41-57e84498288b:c4374]
2019-07-10 10:27:41,253 INFO  client.GrpcClientProtocolClient (GrpcClientProtocolClient.java:onNext(255)) - client-821285EC2D67->9fa9a271-7bed-4435-b477-86c6ed0ece08: receive RaftClientReply:client-821285EC2D67->9fa9a271-7bed-4435-b477-86c6ed0ece08@group-0E07FAD1B91E, cid=2905, SUCCESS, logIndex=0, commits[9fa9a271-7bed-4435-b477-86c6ed0ece08:c4380, 06c1a879-4ae3-48dc-9686-b55cde066000:c4378, 67fae1a7-3cbe-4338-9d41-57e84498288b:c4378]
2019-07-10 10:27:41,292 INFO  client.GrpcClientProtocolClient (GrpcClientProtocolClient.java:onNext(255)) - client-821285EC2D67->9fa9a271-7bed-4435-b477-86c6ed0ece08: receive RaftClientReply:client-821285EC2D67->9fa9a271-7bed-4435-b477-86c6ed0ece08@group-0E07FAD1B91E, cid=2906, SUCCESS, logIndex=4381, commits[9fa9a271-7bed-4435-b477-86c6ed0ece08:c4382, 06c1a879-4ae3-48dc-9686-b55cde066000:c4380, 67fae1a7-3cbe-4338-9d41-57e84498288b:c4380]
2019-07-10 10:27:41,292 INFO  client.GrpcClientProtocolClient (GrpcClientProtocolClient.java:onNext(255)) - client-821285EC2D67->9fa9a271-7bed-4435-b477-86c6ed0ece08: receive RaftClientReply:client-821285EC2D67->9fa9a271-7bed-4435-b477-86c6ed0ece08@group-0E07FAD1B91E, cid=2907, SUCCESS, logIndex=4382, commits[9fa9a271-7bed-4435-b477-86c6ed0ece08:c4384, 06c1a879-4ae3-48dc-9686-b55cde066000:c4380, 67fae1a7-3cbe-4338-9d41-57e84498288b:c4380]
2019-07-10 10:27:41,292 INFO  client.GrpcClientProtocolClient (GrpcClientProtocolClient.java:onNext(255)) - client-821285EC2D67->9fa9a271-7bed-4435-b477-86c6ed0ece08: receive RaftClientReply:client-821285EC2D67->9fa9a271-7bed-4435-b477-86c6ed0ece08@group-0E07FAD1B91E, cid=2908, SUCCESS, logIndex=4383, commits[9fa9a271-7bed-4435-b477-86c6ed0ece08:c4384, 06c1a879-4ae3-48dc-9686-b55cde066000:c4380, 67fae1a7-3cbe-4338-9d41-57e84498288b:c4380]
2019-07-10 10:27:41,293 INFO  client.GrpcClientProtocolClient (GrpcClientProtocolClient.java:onNext(255)) - client-821285EC2D67->9fa9a271-7bed-4435-b477-86c6ed0ece08: receive RaftClientReply:client-821285EC2D67->9fa9a271-7bed-4435-b477-86c6ed0ece08@group-0E07FAD1B91E, cid=2909, SUCCESS, logIndex=4384, commits[9fa9a271-7bed-4435-b477-86c6ed0ece08:c4384, 06c1a879-4ae3-48dc-9686-b55cde066000:c4380, 67fae1a7-3cbe-4338-9d41-57e84498288b:c4380]
2019-07-10 10:27:41,303 INFO  client.GrpcClientProtocolClient (GrpcClientProtocolClient.java:onNext(255)) - client-821285EC2D67->9fa9a271-7bed-4435-b477-86c6ed0ece08: receive RaftClientReply:client-821285EC2D67->9fa9a271-7bed-4435-b477-86c6ed0ece08@group-0E07FAD1B91E, cid=2910, SUCCESS, logIndex=0, commits[9fa9a271-7bed-4435-b477-86c6ed0ece08:c4385, 06c1a879-4ae3-48dc-9686-b55cde066000:c4382, 67fae1a7-3cbe-4338-9d41-57e84498288b:c4382]
2019-07-10 10:27:41,324 INFO  client.GrpcClientProtocolClient (GrpcClientProtocolClient.java:onNext(255)) - client-821285EC2D67->9fa9a271-7bed-4435-b477-86c6ed0ece08: receive RaftClientReply:client-821285EC2D67->9fa9a271-7bed-4435-b477-86c6ed0ece08@group-0E07FAD1B91E, cid=2911, SUCCESS, logIndex=4389, commits[9fa9a271-7bed-4435-b477-86c6ed0ece08:c4390, 06c1a879-4ae3-48dc-9686-b55cde066000:c4385, 67fae1a7-3cbe-4338-9d41-57e84498288b:c4385]
2019-07-10 10:27:41,325 INFO  client.GrpcClientProtocolClient (GrpcClientProtocolClient.java:onNext(255)) - client-821285EC2D67->9fa9a271-7bed-4435-b477-86c6ed0ece08: receive RaftClientReply:client-821285EC2D67->9fa9a271-7bed-4435-b477-86c6ed0ece08@group-0E07FAD1B91E, cid=2912, SUCCESS, logIndex=4390, commits[9fa9a271-7bed-4435-b477-86c6ed0ece08:c4390, 06c1a879-4ae3-48dc-9686-b55cde066000:c4385, 67fae1a7-3cbe-4338-9d41-57e84498288b:c4385]
2019-07-10 10:27:41,461 INFO  client.GrpcClientProtocolClient (GrpcClientProtocolClient.java:onNext(255)) - client-821285EC2D67->9fa9a271-7bed-4435-b477-86c6ed0ece08: receive RaftClientReply:client-821285EC2D67->9fa9a271-7bed-4435-b477-86c6ed0ece08@group-0E07FAD1B91E, cid=2913, SUCCESS, logIndex=4393, commits[9fa9a271-7bed-4435-b477-86c6ed0ece08:c4394, 06c1a879-4ae3-48dc-9686-b55cde066000:c4392, 67fae1a7-3cbe-4338-9d41-57e84498288b:c4392]
2019-07-10 10:27:41,461 INFO  client.GrpcClientProtocolClient (GrpcClientProtocolClient.java:onNext(255)) - client-821285EC2D67->9fa9a271-7bed-4435-b477-86c6ed0ece08: receive RaftClientReply:client-821285EC2D67->9fa9a271-7bed-4435-b477-86c6ed0ece08@group-0E07FAD1B91E, cid=2914, SUCCESS, logIndex=4394, commits[9fa9a271-7bed-4435-b477-86c6ed0ece08:c4394, 06c1a879-4ae3-48dc-9686-b55cde066000:c4392, 67fae1a7-3cbe-4338-9d41-57e84498288b:c4392]
2019-07-10 10:27:41,462 INFO  client.GrpcClientProtocolClient (GrpcClientProtocolClient.java:onNext(255)) - client-821285EC2D67->9fa9a271-7bed-4435-b477-86c6ed0ece08: receive RaftClientReply:client-821285EC2D67->9fa9a271-7bed-4435-b477-86c6ed0ece08@group-0E07FAD1B91E, cid=2915, SUCCESS, logIndex=0, commits[9fa9a271-7bed-4435-b477-86c6ed0ece08:c4395, 06c1a879-4ae3-48dc-9686-b55cde066000:c4394, 67fae1a7-3cbe-4338-9d41-57e84498288b:c4394]
 0.00% |█                                                                                                    |  0/1 Time: 0:00:212019-07-10 10:27:41,489 INFO  client.GrpcClientProtocolClient (GrpcClientProtocolClient.java:onNext(255)) - client-821285EC2D67->9fa9a271-7bed-4435-b477-86c6ed0ece08: receive RaftClientReply:client-821285EC2D67->9fa9a271-7bed-4435-b477-86c6ed0ece08@group-0E07FAD1B91E, cid=2916, SUCCESS, logIndex=4397, commits[9fa9a271-7bed-4435-b477-86c6ed0ece08:c4400, 06c1a879-4ae3-48dc-9686-b55cde066000:c4396, 67fae1a7-3cbe-4338-9d41-57e84498288b:c4396]
2019-07-10 10:27:41,490 INFO  client.GrpcClientProtocolClient (GrpcClientProtocolClient.java:onNext(255)) - client-821285EC2D67->9fa9a271-7bed-4435-b477-86c6ed0ece08: receive RaftClientReply:client-821285EC2D67->9fa9a271-7bed-4435-b477-86c6ed0ece08@group-0E07FAD1B91E, cid=2917, SUCCESS, logIndex=4398, commits[9fa9a271-7bed-4435-b477-86c6ed0ece08:c4400, 06c1a879-4ae3-48dc-9686-b55cde066000:c4396, 67fae1a7-3cbe-4338-9d41-57e84498288b:c4396]
2019-07-10 10:27:41,490 INFO  client.GrpcClientProtocolClient (GrpcClientProtocolClient.java:onNext(255)) - client-821285EC2D67->9fa9a271-7bed-4435-b477-86c6ed0ece08: receive RaftClientReply:client-821285EC2D67->9fa9a271-7bed-4435-b477-86c6ed0ece08@group-0E07FAD1B91E, cid=2918, SUCCESS, logIndex=4399, commits[9fa9a271-7bed-4435-b477-86c6ed0ece08:c4400, 06c1a879-4ae3-48dc-9686-b55cde066000:c4396, 67fae1a7-3cbe-4338-9d41-57e84498288b:c4396]
2019-07-10 10:27:41,491 INFO  client.GrpcClientProtocolClient (GrpcClientProtocolClient.java:onNext(255)) - client-821285EC2D67->9fa9a271-7bed-4435-b477-86c6ed0ece08: receive RaftClientReply:client-821285EC2D67->9fa9a271-7bed-4435-b477-86c6ed0ece08@group-0E07FAD1B91E, cid=2919, SUCCESS, logIndex=4400, commits[9fa9a271-7bed-4435-b477-86c6ed0ece08:c4400, 06c1a879-4ae3-48dc-9686-b55cde066000:c4396, 67fae1a7-3cbe-4338-9d41-57e84498288b:c4396]
2019-07-10 10:27:41,500 INFO  client.GrpcClientProtocolClient (GrpcClientProtocolClient.java:onNext(255)) - client-821285EC2D67->9fa9a271-7bed-4435-b477-86c6ed0ece08: receive RaftClientReply:client-821285EC2D67->9fa9a271-7bed-4435-b477-86c6ed0ece08@group-0E07FAD1B91E, cid=2920, SUCCESS, logIndex=0, commits[9fa9a271-7bed-4435-b477-86c6ed0ece08:c4401, 06c1a879-4ae3-48dc-9686-b55cde066000:c4399, 67fae1a7-3cbe-4338-9d41-57e84498288b:c4399]
2019-07-10 10:27:41,521 INFO  client.GrpcClientProtocolClient (GrpcClientProtocolClient.java:onNext(255)) - client-821285EC2D67->9fa9a271-7bed-4435-b477-86c6ed0ece08: receive RaftClientReply:client-821285EC2D67->9fa9a271-7bed-4435-b477-86c6ed0ece08@group-0E07FAD1B91E, cid=2921, SUCCESS, logIndex=4404, commits[9fa9a271-7bed-4435-b477-86c6ed0ece08:c4405, 06c1a879-4ae3-48dc-9686-b55cde066000:c4403, 67fae1a7-3cbe-4338-9d41-57e84498288b:c4403]
2019-07-10 10:27:41,521 INFO  client.GrpcClientProtocolClient (GrpcClientProtocolClient.java:onNext(255)) - client-821285EC2D67->9fa9a271-7bed-4435-b477-86c6ed0ece08: receive RaftClientReply:client-821285EC2D67->9fa9a271-7bed-4435-b477-86c6ed0ece08@group-0E07FAD1B91E, cid=2922, SUCCESS, logIndex=4405, commits[9fa9a271-7bed-4435-b477-86c6ed0ece08:c4405, 06c1a879-4ae3-48dc-9686-b55cde066000:c4403, 67fae1a7-3cbe-4338-9d41-57e84498288b:c4403]
2019-07-10 10:27:41,542 INFO  client.GrpcClientProtocolClient (GrpcClientProtocolClient.java:onNext(255)) - client-821285EC2D67->9fa9a271-7bed-4435-b477-86c6ed0ece08: receive RaftClientReply:client-821285EC2D67->9fa9a271-7bed-4435-b477-86c6ed0ece08@group-0E07FAD1B91E, cid=2923, SUCCESS, logIndex=4408, commits[9fa9a271-7bed-4435-b477-86c6ed0ece08:c4409, 06c1a879-4ae3-48dc-9686-b55cde066000:c4404, 67fae1a7-3cbe-4338-9d41-57e84498288b:c4405]
2019-07-10 10:27:41,542 INFO  client.GrpcClientProtocolClient (GrpcClientProtocolClient.java:onNext(255)) - client-821285EC2D67->9fa9a271-7bed-4435-b477-86c6ed0ece08: receive RaftClientReply:client-821285EC2D67->9fa9a271-7bed-4435-b477-86c6ed0ece08@group-0E07FAD1B91E, cid=2924, SUCCESS, logIndex=4409, commits[9fa9a271-7bed-4435-b477-86c6ed0ece08:c4409, 06c1a879-4ae3-48dc-9686-b55cde066000:c4405, 67fae1a7-3cbe-4338-9d41-57e84498288b:c4405]
2019-07-10 10:27:41,546 INFO  client.GrpcClientProtocolClient (GrpcClientProtocolClient.java:onNext(255)) - client-821285EC2D67->9fa9a271-7bed-4435-b477-86c6ed0ece08: receive RaftClientReply:client-821285EC2D67->9fa9a271-7bed-4435-b477-86c6ed0ece08@group-0E07FAD1B91E, cid=2925, SUCCESS, logIndex=0, commits[9fa9a271-7bed-4435-b477-86c6ed0ece08:c4410, 06c1a879-4ae3-48dc-9686-b55cde066000:c4409, 67fae1a7-3cbe-4338-9d41-57e84498288b:c4409]
2019-07-10 10:27:41,571 INFO  client.GrpcClientProtocolClient (GrpcClientProtocolClient.java:onNext(255)) - client-821285EC2D67->9fa9a271-7bed-4435-b477-86c6ed0ece08: receive RaftClientReply:client-821285EC2D67->9fa9a271-7bed-4435-b477-86c6ed0ece08@group-0E07FAD1B91E, cid=2926, SUCCESS, logIndex=4412, commits[9fa9a271-7bed-4435-b477-86c6ed0ece08:c4414, 06c1a879-4ae3-48dc-9686-b55cde066000:c4411, 67fae1a7-3cbe-4338-9d41-57e84498288b:c4411]
2019-07-10 10:27:41,572 INFO  client.GrpcClientProtocolClient (GrpcClientProtocolClient.java:onNext(255)) - client-821285EC2D67->9fa9a271-7bed-4435-b477-86c6ed0ece08: receive RaftClientReply:client-821285EC2D67->9fa9a271-7bed-4435-b477-86c6ed0ece08@group-0E07FAD1B91E, cid=2927, SUCCESS, logIndex=4413, commits[9fa9a271-7bed-4435-b477-86c6ed0ece08:c4415, 06c1a879-4ae3-48dc-9686-b55cde066000:c4411, 67fae1a7-3cbe-4338-9d41-57e84498288b:c4411]
2019-07-10 10:27:41,572 INFO  client.GrpcClientProtocolClient (GrpcClientProtocolClient.java:onNext(255)) - client-821285EC2D67->9fa9a271-7bed-4435-b477-86c6ed0ece08: receive RaftClientReply:client-821285EC2D67->9fa9a271-7bed-4435-b477-86c6ed0ece08@group-0E07FAD1B91E, cid=2928, SUCCESS, logIndex=4414, commits[9fa9a271-7bed-4435-b477-86c6ed0ece08:c4415, 06c1a879-4ae3-48dc-9686-b55cde066000:c4411, 67fae1a7-3cbe-4338-9d41-57e84498288b:c4411]
2019-07-10 10:27:41,572 INFO  client.GrpcClientProtocolClient (GrpcClientProtocolClient.java:onNext(255)) - client-821285EC2D67->9fa9a271-7bed-4435-b477-86c6ed0ece08: receive RaftClientReply:client-821285EC2D67->9fa9a271-7bed-4435-b477-86c6ed0ece08@group-0E07FAD1B91E, cid=2929, SUCCESS, logIndex=4415, commits[9fa9a271-7bed-4435-b477-86c6ed0ece08:c4415, 06c1a879-4ae3-48dc-9686-b55cde066000:c4411, 67fae1a7-3cbe-4338-9d41-57e84498288b:c4411]
2019-07-10 10:27:41,575 INFO  client.GrpcClientProtocolClient (GrpcClientProtocolClient.java:onNext(255)) - client-821285EC2D67->9fa9a271-7bed-4435-b477-86c6ed0ece08: receive RaftClientReply:client-821285EC2D67->9fa9a271-7bed-4435-b477-86c6ed0ece08@group-0E07FAD1B91E, cid=2930, SUCCESS, logIndex=0, commits[9fa9a271-7bed-4435-b477-86c6ed0ece08:c4416, 06c1a879-4ae3-48dc-9686-b55cde066000:c4413, 67fae1a7-3cbe-4338-9d41-57e84498288b:c4413]
2019-07-10 10:27:41,592 INFO  client.GrpcClientProtocolClient (GrpcClientProtocolClient.java:onNext(255)) - client-821285EC2D67->9fa9a271-7bed-4435-b477-86c6ed0ece08: receive RaftClientReply:client-821285EC2D67->9fa9a271-7bed-4435-b477-86c6ed0ece08@group-0E07FAD1B91E, cid=2931, SUCCESS, logIndex=4420, commits[9fa9a271-7bed-4435-b477-86c6ed0ece08:c4421, 06c1a879-4ae3-48dc-9686-b55cde066000:c4419, 67fae1a7-3cbe-4338-9d41-57e84498288b:c4419]
2019-07-10 10:27:41,592 INFO  client.GrpcClientProtocolClient (GrpcClientProtocolClient.java:onNext(255)) - client-821285EC2D67->9fa9a271-7bed-4435-b477-86c6ed0ece08: receive RaftClientReply:client-821285EC2D67->9fa9a271-7bed-4435-b477-86c6ed0ece08@group-0E07FAD1B91E, cid=2932, SUCCESS, logIndex=4421, commits[9fa9a271-7bed-4435-b477-86c6ed0ece08:c4421, 06c1a879-4ae3-48dc-9686-b55cde066000:c4419, 67fae1a7-3cbe-4338-9d41-57e84498288b:c4419]
2019-07-10 10:27:41,604 INFO  client.GrpcClientProtocolClient (GrpcClientProtocolClient.java:onNext(255)) - client-821285EC2D67->9fa9a271-7bed-4435-b477-86c6ed0ece08: receive RaftClientReply:client-821285EC2D67->9fa9a271-7bed-4435-b477-86c6ed0ece08@group-0E07FAD1B91E, cid=2933, SUCCESS, logIndex=4424, commits[9fa9a271-7bed-4435-b477-86c6ed0ece08:c4425, 06c1a879-4ae3-48dc-9686-b55cde066000:c4421, 67fae1a7-3cbe-4338-9d41-57e84498288b:c4421]
2019-07-10 10:27:41,604 INFO  client.GrpcClientProtocolClient (GrpcClientProtocolClient.java:onNext(255)) - client-821285EC2D67->9fa9a271-7bed-4435-b477-86c6ed0ece08: receive RaftClientReply:client-821285EC2D67->9fa9a271-7bed-4435-b477-86c6ed0ece08@group-0E07FAD1B91E, cid=2934, SUCCESS, logIndex=4425, commits[9fa9a271-7bed-4435-b477-86c6ed0ece08:c4425, 06c1a879-4ae3-48dc-9686-b55cde066000:c4421, 67fae1a7-3cbe-4338-9d41-57e84498288b:c4421]
2019-07-10 10:27:41,614 INFO  client.GrpcClientProtocolClient (GrpcClientProtocolClient.java:onNext(255)) - client-821285EC2D67->9fa9a271-7bed-4435-b477-86c6ed0ece08: receive RaftClientReply:client-821285EC2D67->9fa9a271-7bed-4435-b477-86c6ed0ece08@group-0E07FAD1B91E, cid=2935, SUCCESS, logIndex=0, commits[9fa9a271-7bed-4435-b477-86c6ed0ece08:c4426, 06c1a879-4ae3-48dc-9686-b55cde066000:c4425, 67fae1a7-3cbe-4338-9d41-57e84498288b:c4425]
2019-07-10 10:27:41,640 INFO  client.GrpcClientProtocolClient (GrpcClientProtocolClient.java:onNext(255)) - client-821285EC2D67->9fa9a271-7bed-4435-b477-86c6ed0ece08: receive RaftClientReply:client-821285EC2D67->9fa9a271-7bed-4435-b477-86c6ed0ece08@group-0E07FAD1B91E, cid=2936, SUCCESS, logIndex=4428, commits[9fa9a271-7bed-4435-b477-86c6ed0ece08:c4429, 06c1a879-4ae3-48dc-9686-b55cde066000:c4427, 67fae1a7-3cbe-4338-9d41-57e84498288b:c4425]
2019-07-10 10:27:41,640 INFO  client.GrpcClientProtocolClient (GrpcClientProtocolClient.java:onNext(255)) - client-821285EC2D67->9fa9a271-7bed-4435-b477-86c6ed0ece08: receive RaftClientReply:client-821285EC2D67->9fa9a271-7bed-4435-b477-86c6ed0ece08@group-0E07FAD1B91E, cid=2937, SUCCESS, logIndex=4429, commits[9fa9a271-7bed-4435-b477-86c6ed0ece08:c4429, 06c1a879-4ae3-48dc-9686-b55cde066000:c4427, 67fae1a7-3cbe-4338-9d41-57e84498288b:c4427]
2019-07-10 10:27:41,641 INFO  client.GrpcClientProtocolClient (GrpcClientProtocolClient.java:onNext(255)) - client-821285EC2D67->9fa9a271-7bed-4435-b477-86c6ed0ece08: receive RaftClientReply:client-821285EC2D67->9fa9a271-7bed-4435-b477-86c6ed0ece08@group-0E07FAD1B91E, cid=2938, SUCCESS, logIndex=4430, commits[9fa9a271-7bed-4435-b477-86c6ed0ece08:c4431, 06c1a879-4ae3-48dc-9686-b55cde066000:c4427, 67fae1a7-3cbe-4338-9d41-57e84498288b:c4427]
2019-07-10 10:27:41,641 INFO  client.GrpcClientProtocolClient (GrpcClientProtocolClient.java:onNext(255)) - client-821285EC2D67->9fa9a271-7bed-4435-b477-86c6ed0ece08: receive RaftClientReply:client-821285EC2D67->9fa9a271-7bed-4435-b477-86c6ed0ece08@group-0E07FAD1B91E, cid=2939, SUCCESS, logIndex=4431, commits[9fa9a271-7bed-4435-b477-86c6ed0ece08:c4431, 06c1a879-4ae3-48dc-9686-b55cde066000:c4427, 67fae1a7-3cbe-4338-9d41-57e84498288b:c4427]
2019-07-10 10:27:41,644 INFO  client.GrpcClientProtocolClient (GrpcClientProtocolClient.java:onNext(255)) - client-821285EC2D67->9fa9a271-7bed-4435-b477-86c6ed0ece08: receive RaftClientReply:client-821285EC2D67->9fa9a271-7bed-4435-b477-86c6ed0ece08@group-0E07FAD1B91E, cid=2940, SUCCESS, logIndex=0, commits[9fa9a271-7bed-4435-b477-86c6ed0ece08:c4433, 06c1a879-4ae3-48dc-9686-b55cde066000:c4429, 67fae1a7-3cbe-4338-9d41-57e84498288b:c4429]
2019-07-10 10:27:41,662 INFO  client.GrpcClientProtocolClient (GrpcClientProtocolClient.java:onNext(255)) - client-821285EC2D67->9fa9a271-7bed-4435-b477-86c6ed0ece08: receive RaftClientReply:client-821285EC2D67->9fa9a271-7bed-4435-b477-86c6ed0ece08@group-0E07FAD1B91E, cid=2941, SUCCESS, logIndex=4436, commits[9fa9a271-7bed-4435-b477-86c6ed0ece08:c4437, 06c1a879-4ae3-48dc-9686-b55cde066000:c4435, 67fae1a7-3cbe-4338-9d41-57e84498288b:c4435]
2019-07-10 10:27:41,662 INFO  client.GrpcClientProtocolClient (GrpcClientProtocolClient.java:onNext(255)) - client-821285EC2D67->9fa9a271-7bed-4435-b477-86c6ed0ece08: receive RaftClientReply:client-821285EC2D67->9fa9a271-7bed-4435-b477-86c6ed0ece08@group-0E07FAD1B91E, cid=2942, SUCCESS, logIndex=4437, commits[9fa9a271-7bed-4435-b477-86c6ed0ece08:c4437, 06c1a879-4ae3-48dc-9686-b55cde066000:c4435, 67fae1a7-3cbe-4338-9d41-57e84498288b:c4435]
2019-07-10 10:27:41,676 INFO  client.GrpcClientProtocolClient (GrpcClientProtocolClient.java:onNext(255)) - client-821285EC2D67->9fa9a271-7bed-4435-b477-86c6ed0ece08: receive RaftClientReply:client-821285EC2D67->9fa9a271-7bed-4435-b477-86c6ed0ece08@group-0E07FAD1B91E, cid=2943, SUCCESS, logIndex=4440, commits[9fa9a271-7bed-4435-b477-86c6ed0ece08:c4441, 06c1a879-4ae3-48dc-9686-b55cde066000:c4437, 67fae1a7-3cbe-4338-9d41-57e84498288b:c4437]
2019-07-10 10:27:41,676 INFO  client.GrpcClientProtocolClient (GrpcClientProtocolClient.java:onNext(255)) - client-821285EC2D67->9fa9a271-7bed-4435-b477-86c6ed0ece08: receive RaftClientReply:client-821285EC2D67->9fa9a271-7bed-4435-b477-86c6ed0ece08@group-0E07FAD1B91E, cid=2944, SUCCESS, logIndex=4441, commits[9fa9a271-7bed-4435-b477-86c6ed0ece08:c4441, 06c1a879-4ae3-48dc-9686-b55cde066000:c4437, 67fae1a7-3cbe-4338-9d41-57e84498288b:c4437]
2019-07-10 10:27:41,688 INFO  client.GrpcClientProtocolClient (GrpcClientProtocolClient.java:onNext(255)) - client-821285EC2D67->9fa9a271-7bed-4435-b477-86c6ed0ece08: receive RaftClientReply:client-821285EC2D67->9fa9a271-7bed-4435-b477-86c6ed0ece08@group-0E07FAD1B91E, cid=2945, SUCCESS, logIndex=0, commits[9fa9a271-7bed-4435-b477-86c6ed0ece08:c4443, 06c1a879-4ae3-48dc-9686-b55cde066000:c4441, 67fae1a7-3cbe-4338-9d41-57e84498288b:c4441]
2019-07-10 10:27:41,711 INFO  client.GrpcClientProtocolClient (GrpcClientProtocolClient.java:onNext(255)) - client-821285EC2D67->9fa9a271-7bed-4435-b477-86c6ed0ece08: receive RaftClientReply:client-821285EC2D67->9fa9a271-7bed-4435-b477-86c6ed0ece08@group-0E07FAD1B91E, cid=2946, SUCCESS, logIndex=4444, commits[9fa9a271-7bed-4435-b477-86c6ed0ece08:c4445, 06c1a879-4ae3-48dc-9686-b55cde066000:c4443, 67fae1a7-3cbe-4338-9d41-57e84498288b:c4443]
2019-07-10 10:27:41,712 INFO  client.GrpcClientProtocolClient (GrpcClientProtocolClient.java:onNext(255)) - client-821285EC2D67->9fa9a271-7bed-4435-b477-86c6ed0ece08: receive RaftClientReply:client-821285EC2D67->9fa9a271-7bed-4435-b477-86c6ed0ece08@group-0E07FAD1B91E, cid=2947, SUCCESS, logIndex=4445, commits[9fa9a271-7bed-4435-b477-86c6ed0ece08:c4445, 06c1a879-4ae3-48dc-9686-b55cde066000:c4443, 67fae1a7-3cbe-4338-9d41-57e84498288b:c4443]
2019-07-10 10:27:41,712 INFO  client.GrpcClientProtocolClient (GrpcClientProtocolClient.java:onNext(255)) - client-821285EC2D67->9fa9a271-7bed-4435-b477-86c6ed0ece08: receive RaftClientReply:client-821285EC2D67->9fa9a271-7bed-4435-b477-86c6ed0ece08@group-0E07FAD1B91E, cid=2948, SUCCESS, logIndex=4446, commits[9fa9a271-7bed-4435-b477-86c6ed0ece08:c4447, 06c1a879-4ae3-48dc-9686-b55cde066000:c4443, 67fae1a7-3cbe-4338-9d41-57e84498288b:c4443]
2019-07-10 10:27:41,713 INFO  client.GrpcClientProtocolClient (GrpcClientProtocolClient.java:onNext(255)) - client-821285EC2D67->9fa9a271-7bed-4435-b477-86c6ed0ece08: receive RaftClientReply:client-821285EC2D67->9fa9a271-7bed-4435-b477-86c6ed0ece08@group-0E07FAD1B91E, cid=2949, SUCCESS, logIndex=4447, commits[9fa9a271-7bed-4435-b477-86c6ed0ece08:c4447, 06c1a879-4ae3-48dc-9686-b55cde066000:c4443, 67fae1a7-3cbe-4338-9d41-57e84498288b:c4443]
2019-07-10 10:27:41,714 INFO  client.GrpcClientProtocolClient (GrpcClientProtocolClient.java:onNext(255)) - client-821285EC2D67->9fa9a271-7bed-4435-b477-86c6ed0ece08: receive RaftClientReply:client-821285EC2D67->9fa9a271-7bed-4435-b477-86c6ed0ece08@group-0E07FAD1B91E, cid=2950, SUCCESS, logIndex=0, commits[9fa9a271-7bed-4435-b477-86c6ed0ece08:c4449, 06c1a879-4ae3-48dc-9686-b55cde066000:c4445, 67fae1a7-3cbe-4338-9d41-57e84498288b:c4445]
2019-07-10 10:27:41,726 INFO  client.GrpcClientProtocolClient (GrpcClientProtocolClient.java:onNext(255)) - client-821285EC2D67->9fa9a271-7bed-4435-b477-86c6ed0ece08: receive RaftClientReply:client-821285EC2D67->9fa9a271-7bed-4435-b477-86c6ed0ece08@group-0E07FAD1B91E, cid=2951, SUCCESS, logIndex=4452, commits[9fa9a271-7bed-4435-b477-86c6ed0ece08:c4453, 06c1a879-4ae3-48dc-9686-b55cde066000:c4447, 67fae1a7-3cbe-4338-9d41-57e84498288b:c4451]
2019-07-10 10:27:41,726 INFO  client.GrpcClientProtocolClient (GrpcClientProtocolClient.java:onNext(255)) - client-821285EC2D67->9fa9a271-7bed-4435-b477-86c6ed0ece08: receive RaftClientReply:client-821285EC2D67->9fa9a271-7bed-4435-b477-86c6ed0ece08@group-0E07FAD1B91E, cid=2952, SUCCESS, logIndex=4453, commits[9fa9a271-7bed-4435-b477-86c6ed0ece08:c4453, 06c1a879-4ae3-48dc-9686-b55cde066000:c4451, 67fae1a7-3cbe-4338-9d41-57e84498288b:c4451]
2019-07-10 10:27:41,736 INFO  client.GrpcClientProtocolClient (GrpcClientProtocolClient.java:onNext(255)) - client-821285EC2D67->9fa9a271-7bed-4435-b477-86c6ed0ece08: receive RaftClientReply:client-821285EC2D67->9fa9a271-7bed-4435-b477-86c6ed0ece08@group-0E07FAD1B91E, cid=2953, SUCCESS, logIndex=4456, commits[9fa9a271-7bed-4435-b477-86c6ed0ece08:c4457, 06c1a879-4ae3-48dc-9686-b55cde066000:c4455, 67fae1a7-3cbe-4338-9d41-57e84498288b:c4455]
2019-07-10 10:27:41,737 INFO  client.GrpcClientProtocolClient (GrpcClientProtocolClient.java:onNext(255)) - client-821285EC2D67->9fa9a271-7bed-4435-b477-86c6ed0ece08: receive RaftClientReply:client-821285EC2D67->9fa9a271-7bed-4435-b477-86c6ed0ece08@group-0E07FAD1B91E, cid=2954, SUCCESS, logIndex=4457, commits[9fa9a271-7bed-4435-b477-86c6ed0ece08:c4457, 06c1a879-4ae3-48dc-9686-b55cde066000:c4455, 67fae1a7-3cbe-4338-9d41-57e84498288b:c4455]
2019-07-10 10:27:41,757 INFO  client.GrpcClientProtocolClient (GrpcClientProtocolClient.java:onNext(255)) - client-821285EC2D67->9fa9a271-7bed-4435-b477-86c6ed0ece08: receive RaftClientReply:client-821285EC2D67->9fa9a271-7bed-4435-b477-86c6ed0ece08@group-0E07FAD1B91E, cid=2955, SUCCESS, logIndex=0, commits[9fa9a271-7bed-4435-b477-86c6ed0ece08:c4459, 06c1a879-4ae3-48dc-9686-b55cde066000:c4457, 67fae1a7-3cbe-4338-9d41-57e84498288b:c4457]
2019-07-10 10:27:41,785 INFO  client.GrpcClientProtocolClient (GrpcClientProtocolClient.java:onNext(255)) - client-821285EC2D67->9fa9a271-7bed-4435-b477-86c6ed0ece08: receive RaftClientReply:client-821285EC2D67->9fa9a271-7bed-4435-b477-86c6ed0ece08@group-0E07FAD1B91E, cid=2956, SUCCESS, logIndex=4460, commits[9fa9a271-7bed-4435-b477-86c6ed0ece08:c4461, 06c1a879-4ae3-48dc-9686-b55cde066000:c4459, 67fae1a7-3cbe-4338-9d41-57e84498288b:c4459]
2019-07-10 10:27:41,786 INFO  client.GrpcClientProtocolClient (GrpcClientProtocolClient.java:onNext(255)) - client-821285EC2D67->9fa9a271-7bed-4435-b477-86c6ed0ece08: receive RaftClientReply:client-821285EC2D67->9fa9a271-7bed-4435-b477-86c6ed0ece08@group-0E07FAD1B91E, cid=2957, SUCCESS, logIndex=4461, commits[9fa9a271-7bed-4435-b477-86c6ed0ece08:c4461, 06c1a879-4ae3-48dc-9686-b55cde066000:c4459, 67fae1a7-3cbe-4338-9d41-57e84498288b:c4459]
2019-07-10 10:27:41,786 INFO  client.GrpcClientProtocolClient (GrpcClientProtocolClient.java:onNext(255)) - client-821285EC2D67->9fa9a271-7bed-4435-b477-86c6ed0ece08: receive RaftClientReply:client-821285EC2D67->9fa9a271-7bed-4435-b477-86c6ed0ece08@group-0E07FAD1B91E, cid=2958, SUCCESS, logIndex=4462, commits[9fa9a271-7bed-4435-b477-86c6ed0ece08:c4463, 06c1a879-4ae3-48dc-9686-b55cde066000:c4459, 67fae1a7-3cbe-4338-9d41-57e84498288b:c4459]
2019-07-10 10:27:41,787 INFO  client.GrpcClientProtocolClient (GrpcClientProtocolClient.java:onNext(255)) - client-821285EC2D67->9fa9a271-7bed-4435-b477-86c6ed0ece08: receive RaftClientReply:client-821285EC2D67->9fa9a271-7bed-4435-b477-86c6ed0ece08@group-0E07FAD1B91E, cid=2959, SUCCESS, logIndex=4463, commits[9fa9a271-7bed-4435-b477-86c6ed0ece08:c4463, 06c1a879-4ae3-48dc-9686-b55cde066000:c4459, 67fae1a7-3cbe-4338-9d41-57e84498288b:c4459]
2019-07-10 10:27:41,793 INFO  client.GrpcClientProtocolClient (GrpcClientProtocolClient.java:onNext(255)) - client-821285EC2D67->9fa9a271-7bed-4435-b477-86c6ed0ece08: receive RaftClientReply:client-821285EC2D67->9fa9a271-7bed-4435-b477-86c6ed0ece08@group-0E07FAD1B91E, cid=2960, SUCCESS, logIndex=0, commits[9fa9a271-7bed-4435-b477-86c6ed0ece08:c4467, 06c1a879-4ae3-48dc-9686-b55cde066000:c4461, 67fae1a7-3cbe-4338-9d41-57e84498288b:c4463]
2019-07-10 10:27:41,810 INFO  client.GrpcClientProtocolClient (GrpcClientProtocolClient.java:onNext(255)) - client-821285EC2D67->9fa9a271-7bed-4435-b477-86c6ed0ece08: receive RaftClientReply:client-821285EC2D67->9fa9a271-7bed-4435-b477-86c6ed0ece08@group-0E07FAD1B91E, cid=2961, SUCCESS, logIndex=4468, commits[9fa9a271-7bed-4435-b477-86c6ed0ece08:c4469, 06c1a879-4ae3-48dc-9686-b55cde066000:c4467, 67fae1a7-3cbe-4338-9d41-57e84498288b:c4467]
2019-07-10 10:27:41,811 INFO  client.GrpcClientProtocolClient (GrpcClientProtocolClient.java:onNext(255)) - client-821285EC2D67->9fa9a271-7bed-4435-b477-86c6ed0ece08: receive RaftClientReply:client-821285EC2D67->9fa9a271-7bed-4435-b477-86c6ed0ece08@group-0E07FAD1B91E, cid=2962, SUCCESS, logIndex=4469, commits[9fa9a271-7bed-4435-b477-86c6ed0ece08:c4469, 06c1a879-4ae3-48dc-9686-b55cde066000:c4467, 67fae1a7-3cbe-4338-9d41-57e84498288b:c4467]
2019-07-10 10:27:41,827 INFO  client.GrpcClientProtocolClient (GrpcClientProtocolClient.java:onNext(255)) - client-821285EC2D67->9fa9a271-7bed-4435-b477-86c6ed0ece08: receive RaftClientReply:client-821285EC2D67->9fa9a271-7bed-4435-b477-86c6ed0ece08@group-0E07FAD1B91E, cid=2963, SUCCESS, logIndex=4472, commits[9fa9a271-7bed-4435-b477-86c6ed0ece08:c4473, 06c1a879-4ae3-48dc-9686-b55cde066000:c4469, 67fae1a7-3cbe-4338-9d41-57e84498288b:c4469]
2019-07-10 10:27:41,828 INFO  client.GrpcClientProtocolClient (GrpcClientProtocolClient.java:onNext(255)) - client-821285EC2D67->9fa9a271-7bed-4435-b477-86c6ed0ece08: receive RaftClientReply:client-821285EC2D67->9fa9a271-7bed-4435-b477-86c6ed0ece08@group-0E07FAD1B91E, cid=2964, SUCCESS, logIndex=4473, commits[9fa9a271-7bed-4435-b477-86c6ed0ece08:c4473, 06c1a879-4ae3-48dc-9686-b55cde066000:c4469, 67fae1a7-3cbe-4338-9d41-57e84498288b:c4469]
2019-07-10 10:27:41,834 INFO  client.GrpcClientProtocolClient (GrpcClientProtocolClient.java:onNext(255)) - client-821285EC2D67->9fa9a271-7bed-4435-b477-86c6ed0ece08: receive RaftClientReply:client-821285EC2D67->9fa9a271-7bed-4435-b477-86c6ed0ece08@group-0E07FAD1B91E, cid=2965, SUCCESS, logIndex=0, commits[9fa9a271-7bed-4435-b477-86c6ed0ece08:c4474, 06c1a879-4ae3-48dc-9686-b55cde066000:c4473, 67fae1a7-3cbe-4338-9d41-57e84498288b:c4473]
2019-07-10 10:27:41,863 INFO  client.GrpcClientProtocolClient (GrpcClientProtocolClient.java:onNext(255)) - client-821285EC2D67->9fa9a271-7bed-4435-b477-86c6ed0ece08: receive RaftClientReply:client-821285EC2D67->9fa9a271-7bed-4435-b477-86c6ed0ece08@group-0E07FAD1B91E, cid=2966, SUCCESS, logIndex=4476, commits[9fa9a271-7bed-4435-b477-86c6ed0ece08:c4479, 06c1a879-4ae3-48dc-9686-b55cde066000:c4475, 67fae1a7-3cbe-4338-9d41-57e84498288b:c4475]
2019-07-10 10:27:41,863 INFO  client.GrpcClientProtocolClient (GrpcClientProtocolClient.java:onNext(255)) - client-821285EC2D67->9fa9a271-7bed-4435-b477-86c6ed0ece08: receive RaftClientReply:client-821285EC2D67->9fa9a271-7bed-4435-b477-86c6ed0ece08@group-0E07FAD1B91E, cid=2967, SUCCESS, logIndex=4477, commits[9fa9a271-7bed-4435-b477-86c6ed0ece08:c4479, 06c1a879-4ae3-48dc-9686-b55cde066000:c4475, 67fae1a7-3cbe-4338-9d41-57e84498288b:c4475]
2019-07-10 10:27:41,864 INFO  client.GrpcClientProtocolClient (GrpcClientProtocolClient.java:onNext(255)) - client-821285EC2D67->9fa9a271-7bed-4435-b477-86c6ed0ece08: receive RaftClientReply:client-821285EC2D67->9fa9a271-7bed-4435-b477-86c6ed0ece08@group-0E07FAD1B91E, cid=2968, SUCCESS, logIndex=4478, commits[9fa9a271-7bed-4435-b477-86c6ed0ece08:c4479, 06c1a879-4ae3-48dc-9686-b55cde066000:c4475, 67fae1a7-3cbe-4338-9d41-57e84498288b:c4475]
2019-07-10 10:27:41,864 INFO  client.GrpcClientProtocolClient (GrpcClientProtocolClient.java:onNext(255)) - client-821285EC2D67->9fa9a271-7bed-4435-b477-86c6ed0ece08: receive RaftClientReply:client-821285EC2D67->9fa9a271-7bed-4435-b477-86c6ed0ece08@group-0E07FAD1B91E, cid=2969, SUCCESS, logIndex=4479, commits[9fa9a271-7bed-4435-b477-86c6ed0ece08:c4479, 06c1a879-4ae3-48dc-9686-b55cde066000:c4475, 67fae1a7-3cbe-4338-9d41-57e84498288b:c4475]
2019-07-10 10:27:41,867 INFO  client.GrpcClientProtocolClient (GrpcClientProtocolClient.java:onNext(255)) - client-821285EC2D67->9fa9a271-7bed-4435-b477-86c6ed0ece08: receive RaftClientReply:client-821285EC2D67->9fa9a271-7bed-4435-b477-86c6ed0ece08@group-0E07FAD1B91E, cid=2970, SUCCESS, logIndex=0, commits[9fa9a271-7bed-4435-b477-86c6ed0ece08:c4480, 06c1a879-4ae3-48dc-9686-b55cde066000:c4477, 67fae1a7-3cbe-4338-9d41-57e84498288b:c4477]
2019-07-10 10:27:41,886 INFO  client.GrpcClientProtocolClient (GrpcClientProtocolClient.java:onNext(255)) - client-821285EC2D67->9fa9a271-7bed-4435-b477-86c6ed0ece08: receive RaftClientReply:client-821285EC2D67->9fa9a271-7bed-4435-b477-86c6ed0ece08@group-0E07FAD1B91E, cid=2971, SUCCESS, logIndex=4484, commits[9fa9a271-7bed-4435-b477-86c6ed0ece08:c4485, 06c1a879-4ae3-48dc-9686-b55cde066000:c4483, 67fae1a7-3cbe-4338-9d41-57e84498288b:c4483]
2019-07-10 10:27:41,886 INFO  client.GrpcClientProtocolClient (GrpcClientProtocolClient.java:onNext(255)) - client-821285EC2D67->9fa9a271-7bed-4435-b477-86c6ed0ece08: receive RaftClientReply:client-821285EC2D67->9fa9a271-7bed-4435-b477-86c6ed0ece08@group-0E07FAD1B91E, cid=2972, SUCCESS, logIndex=4485, commits[9fa9a271-7bed-4435-b477-86c6ed0ece08:c4485, 06c1a879-4ae3-48dc-9686-b55cde066000:c4483, 67fae1a7-3cbe-4338-9d41-57e84498288b:c4483]
2019-07-10 10:27:41,898 INFO  client.GrpcClientProtocolClient (GrpcClientProtocolClient.java:onNext(255)) - client-821285EC2D67->9fa9a271-7bed-4435-b477-86c6ed0ece08: receive RaftClientReply:client-821285EC2D67->9fa9a271-7bed-4435-b477-86c6ed0ece08@group-0E07FAD1B91E, cid=2973, SUCCESS, logIndex=4488, commits[9fa9a271-7bed-4435-b477-86c6ed0ece08:c4488, 06c1a879-4ae3-48dc-9686-b55cde066000:c4485, 67fae1a7-3cbe-4338-9d41-57e84498288b:c4485]
2019-07-10 10:27:41,898 INFO  client.GrpcClientProtocolClient (GrpcClientProtocolClient.java:onNext(255)) - client-821285EC2D67->9fa9a271-7bed-4435-b477-86c6ed0ece08: receive RaftClientReply:client-821285EC2D67->9fa9a271-7bed-4435-b477-86c6ed0ece08@group-0E07FAD1B91E, cid=2974, SUCCESS, logIndex=4489, commits[9fa9a271-7bed-4435-b477-86c6ed0ece08:c4489, 06c1a879-4ae3-48dc-9686-b55cde066000:c4485, 67fae1a7-3cbe-4338-9d41-57e84498288b:c4485]
2019-07-10 10:27:41,910 INFO  client.GrpcClientProtocolClient (GrpcClientProtocolClient.java:onNext(255)) - client-821285EC2D67->9fa9a271-7bed-4435-b477-86c6ed0ece08: receive RaftClientReply:client-821285EC2D67->9fa9a271-7bed-4435-b477-86c6ed0ece08@group-0E07FAD1B91E, cid=2975, SUCCESS, logIndex=0, commits[9fa9a271-7bed-4435-b477-86c6ed0ece08:c4491, 06c1a879-4ae3-48dc-9686-b55cde066000:c4489, 67fae1a7-3cbe-4338-9d41-57e84498288b:c4489]
2019-07-10 10:27:41,930 INFO  client.GrpcClientProtocolClient (GrpcClientProtocolClient.java:onNext(255)) - client-821285EC2D67->9fa9a271-7bed-4435-b477-86c6ed0ece08: receive RaftClientReply:client-821285EC2D67->9fa9a271-7bed-4435-b477-86c6ed0ece08@group-0E07FAD1B91E, cid=2976, SUCCESS, logIndex=4492, commits[9fa9a271-7bed-4435-b477-86c6ed0ece08:c4493, 06c1a879-4ae3-48dc-9686-b55cde066000:c4491, 67fae1a7-3cbe-4338-9d41-57e84498288b:c4489]
2019-07-10 10:27:41,930 INFO  client.GrpcClientProtocolClient (GrpcClientProtocolClient.java:onNext(255)) - client-821285EC2D67->9fa9a271-7bed-4435-b477-86c6ed0ece08: receive RaftClientReply:client-821285EC2D67->9fa9a271-7bed-4435-b477-86c6ed0ece08@group-0E07FAD1B91E, cid=2977, SUCCESS, logIndex=4493, commits[9fa9a271-7bed-4435-b477-86c6ed0ece08:c4493, 06c1a879-4ae3-48dc-9686-b55cde066000:c4491, 67fae1a7-3cbe-4338-9d41-57e84498288b:c4491]
2019-07-10 10:27:41,932 INFO  client.GrpcClientProtocolClient (GrpcClientProtocolClient.java:onNext(255)) - client-821285EC2D67->9fa9a271-7bed-4435-b477-86c6ed0ece08: receive RaftClientReply:client-821285EC2D67->9fa9a271-7bed-4435-b477-86c6ed0ece08@group-0E07FAD1B91E, cid=2978, SUCCESS, logIndex=4494, commits[9fa9a271-7bed-4435-b477-86c6ed0ece08:c4495, 06c1a879-4ae3-48dc-9686-b55cde066000:c4491, 67fae1a7-3cbe-4338-9d41-57e84498288b:c4491]
2019-07-10 10:27:41,933 INFO  client.GrpcClientProtocolClient (GrpcClientProtocolClient.java:onNext(255)) - client-821285EC2D67->9fa9a271-7bed-4435-b477-86c6ed0ece08: receive RaftClientReply:client-821285EC2D67->9fa9a271-7bed-4435-b477-86c6ed0ece08@group-0E07FAD1B91E, cid=2979, SUCCESS, logIndex=4495, commits[9fa9a271-7bed-4435-b477-86c6ed0ece08:c4497, 06c1a879-4ae3-48dc-9686-b55cde066000:c4493, 67fae1a7-3cbe-4338-9d41-57e84498288b:c4491]
2019-07-10 10:27:41,934 INFO  client.GrpcClientProtocolClient (GrpcClientProtocolClient.java:onNext(255)) - client-821285EC2D67->9fa9a271-7bed-4435-b477-86c6ed0ece08: receive RaftClientReply:client-821285EC2D67->9fa9a271-7bed-4435-b477-86c6ed0ece08@group-0E07FAD1B91E, cid=2980, SUCCESS, logIndex=0, commits[9fa9a271-7bed-4435-b477-86c6ed0ece08:c4497, 06c1a879-4ae3-48dc-9686-b55cde066000:c4493, 67fae1a7-3cbe-4338-9d41-57e84498288b:c4493]
2019-07-10 10:27:41,945 INFO  client.GrpcClientProtocolClient (GrpcClientProtocolClient.java:onNext(255)) - client-821285EC2D67->9fa9a271-7bed-4435-b477-86c6ed0ece08: receive RaftClientReply:client-821285EC2D67->9fa9a271-7bed-4435-b477-86c6ed0ece08@group-0E07FAD1B91E, cid=2981, SUCCESS, logIndex=4500, commits[9fa9a271-7bed-4435-b477-86c6ed0ece08:c4501, 06c1a879-4ae3-48dc-9686-b55cde066000:c4499, 67fae1a7-3cbe-4338-9d41-57e84498288b:c4499]
2019-07-10 10:27:41,946 INFO  client.GrpcClientProtocolClient (GrpcClientProtocolClient.java:onNext(255)) - client-821285EC2D67->9fa9a271-7bed-4435-b477-86c6ed0ece08: receive RaftClientReply:client-821285EC2D67->9fa9a271-7bed-4435-b477-86c6ed0ece08@group-0E07FAD1B91E, cid=2982, SUCCESS, logIndex=4501, commits[9fa9a271-7bed-4435-b477-86c6ed0ece08:c4501, 06c1a879-4ae3-48dc-9686-b55cde066000:c4499, 67fae1a7-3cbe-4338-9d41-57e84498288b:c4499]
2019-07-10 10:27:41,963 INFO  client.GrpcClientProtocolClient (GrpcClientProtocolClient.java:onNext(255)) - client-821285EC2D67->9fa9a271-7bed-4435-b477-86c6ed0ece08: receive RaftClientReply:client-821285EC2D67->9fa9a271-7bed-4435-b477-86c6ed0ece08@group-0E07FAD1B91E, cid=2983, SUCCESS, logIndex=4504, commits[9fa9a271-7bed-4435-b477-86c6ed0ece08:c4505, 06c1a879-4ae3-48dc-9686-b55cde066000:c4503, 67fae1a7-3cbe-4338-9d41-57e84498288b:c4503]
2019-07-10 10:27:41,964 INFO  client.GrpcClientProtocolClient (GrpcClientProtocolClient.java:onNext(255)) - client-821285EC2D67->9fa9a271-7bed-4435-b477-86c6ed0ece08: receive RaftClientReply:client-821285EC2D67->9fa9a271-7bed-4435-b477-86c6ed0ece08@group-0E07FAD1B91E, cid=2984, SUCCESS, logIndex=4505, commits[9fa9a271-7bed-4435-b477-86c6ed0ece08:c4505, 06c1a879-4ae3-48dc-9686-b55cde066000:c4503, 67fae1a7-3cbe-4338-9d41-57e84498288b:c4503]
2019-07-10 10:27:41,966 INFO  client.GrpcClientProtocolClient (GrpcClientProtocolClient.java:onNext(255)) - client-821285EC2D67->9fa9a271-7bed-4435-b477-86c6ed0ece08: receive RaftClientReply:client-821285EC2D67->9fa9a271-7bed-4435-b477-86c6ed0ece08@group-0E07FAD1B91E, cid=2985, SUCCESS, logIndex=0, commits[9fa9a271-7bed-4435-b477-86c6ed0ece08:c4507, 06c1a879-4ae3-48dc-9686-b55cde066000:c4505, 67fae1a7-3cbe-4338-9d41-57e84498288b:c4505]
2019-07-10 10:27:41,986 INFO  client.GrpcClientProtocolClient (GrpcClientProtocolClient.java:onNext(255)) - client-821285EC2D67->9fa9a271-7bed-4435-b477-86c6ed0ece08: receive RaftClientReply:client-821285EC2D67->9fa9a271-7bed-4435-b477-86c6ed0ece08@group-0E07FAD1B91E, cid=2986, SUCCESS, logIndex=4508, commits[9fa9a271-7bed-4435-b477-86c6ed0ece08:c4509, 06c1a879-4ae3-48dc-9686-b55cde066000:c4507, 67fae1a7-3cbe-4338-9d41-57e84498288b:c4507]
2019-07-10 10:27:41,987 INFO  client.GrpcClientProtocolClient (GrpcClientProtocolClient.java:onNext(255)) - client-821285EC2D67->9fa9a271-7bed-4435-b477-86c6ed0ece08: receive RaftClientReply:client-821285EC2D67->9fa9a271-7bed-4435-b477-86c6ed0ece08@group-0E07FAD1B91E, cid=2987, SUCCESS, logIndex=4509, commits[9fa9a271-7bed-4435-b477-86c6ed0ece08:c4509, 06c1a879-4ae3-48dc-9686-b55cde066000:c4507, 67fae1a7-3cbe-4338-9d41-57e84498288b:c4507]
2019-07-10 10:27:41,988 INFO  client.GrpcClientProtocolClient (GrpcClientProtocolClient.java:onNext(255)) - client-821285EC2D67->9fa9a271-7bed-4435-b477-86c6ed0ece08: receive RaftClientReply:client-821285EC2D67->9fa9a271-7bed-4435-b477-86c6ed0ece08@group-0E07FAD1B91E, cid=2988, SUCCESS, logIndex=4510, commits[9fa9a271-7bed-4435-b477-86c6ed0ece08:c4511, 06c1a879-4ae3-48dc-9686-b55cde066000:c4507, 67fae1a7-3cbe-4338-9d41-57e84498288b:c4507]
2019-07-10 10:27:41,988 INFO  client.GrpcClientProtocolClient (GrpcClientProtocolClient.java:onNext(255)) - client-821285EC2D67->9fa9a271-7bed-4435-b477-86c6ed0ece08: receive RaftClientReply:client-821285EC2D67->9fa9a271-7bed-4435-b477-86c6ed0ece08@group-0E07FAD1B91E, cid=2989, SUCCESS, logIndex=4511, commits[9fa9a271-7bed-4435-b477-86c6ed0ece08:c4511, 06c1a879-4ae3-48dc-9686-b55cde066000:c4507, 67fae1a7-3cbe-4338-9d41-57e84498288b:c4507]
2019-07-10 10:27:41,990 INFO  client.GrpcClientProtocolClient (GrpcClientProtocolClient.java:onNext(255)) - client-821285EC2D67->9fa9a271-7bed-4435-b477-86c6ed0ece08: receive RaftClientReply:client-821285EC2D67->9fa9a271-7bed-4435-b477-86c6ed0ece08@group-0E07FAD1B91E, cid=2990, SUCCESS, logIndex=0, commits[9fa9a271-7bed-4435-b477-86c6ed0ece08:c4513, 06c1a879-4ae3-48dc-9686-b55cde066000:c4509, 67fae1a7-3cbe-4338-9d41-57e84498288b:c4509]
2019-07-10 10:27:42,007 INFO  client.GrpcClientProtocolClient (GrpcClientProtocolClient.java:onNext(255)) - client-821285EC2D67->9fa9a271-7bed-4435-b477-86c6ed0ece08: receive RaftClientReply:client-821285EC2D67->9fa9a271-7bed-4435-b477-86c6ed0ece08@group-0E07FAD1B91E, cid=2991, SUCCESS, logIndex=4516, commits[9fa9a271-7bed-4435-b477-86c6ed0ece08:c4517, 06c1a879-4ae3-48dc-9686-b55cde066000:c4515, 67fae1a7-3cbe-4338-9d41-57e84498288b:c4515]
2019-07-10 10:27:42,007 INFO  client.GrpcClientProtocolClient (GrpcClientProtocolClient.java:onNext(255)) - client-821285EC2D67->9fa9a271-7bed-4435-b477-86c6ed0ece08: receive RaftClientReply:client-821285EC2D67->9fa9a271-7bed-4435-b477-86c6ed0ece08@group-0E07FAD1B91E, cid=2992, SUCCESS, logIndex=4517, commits[9fa9a271-7bed-4435-b477-86c6ed0ece08:c4517, 06c1a879-4ae3-48dc-9686-b55cde066000:c4515, 67fae1a7-3cbe-4338-9d41-57e84498288b:c4515]
2019-07-10 10:27:42,025 INFO  client.GrpcClientProtocolClient (GrpcClientProtocolClient.java:onNext(255)) - client-821285EC2D67->9fa9a271-7bed-4435-b477-86c6ed0ece08: receive RaftClientReply:client-821285EC2D67->9fa9a271-7bed-4435-b477-86c6ed0ece08@group-0E07FAD1B91E, cid=2993, SUCCESS, logIndex=4520, commits[9fa9a271-7bed-4435-b477-86c6ed0ece08:c4521, 06c1a879-4ae3-48dc-9686-b55cde066000:c4519, 67fae1a7-3cbe-4338-9d41-57e84498288b:c4519]
2019-07-10 10:27:42,025 INFO  client.GrpcClientProtocolClient (GrpcClientProtocolClient.java:onNext(255)) - client-821285EC2D67->9fa9a271-7bed-4435-b477-86c6ed0ece08: receive RaftClientReply:client-821285EC2D67->9fa9a271-7bed-4435-b477-86c6ed0ece08@group-0E07FAD1B91E, cid=2994, SUCCESS, logIndex=4521, commits[9fa9a271-7bed-4435-b477-86c6ed0ece08:c4521, 06c1a879-4ae3-48dc-9686-b55cde066000:c4519, 67fae1a7-3cbe-4338-9d41-57e84498288b:c4519]
2019-07-10 10:27:42,038 INFO  client.GrpcClientProtocolClient (GrpcClientProtocolClient.java:onNext(255)) - client-821285EC2D67->9fa9a271-7bed-4435-b477-86c6ed0ece08: receive RaftClientReply:client-821285EC2D67->9fa9a271-7bed-4435-b477-86c6ed0ece08@group-0E07FAD1B91E, cid=2995, SUCCESS, logIndex=0, commits[9fa9a271-7bed-4435-b477-86c6ed0ece08:c4523, 06c1a879-4ae3-48dc-9686-b55cde066000:c4521, 67fae1a7-3cbe-4338-9d41-57e84498288b:c4521]
2019-07-10 10:27:42,064 INFO  client.GrpcClientProtocolClient (GrpcClientProtocolClient.java:onNext(255)) - client-821285EC2D67->9fa9a271-7bed-4435-b477-86c6ed0ece08: receive RaftClientReply:client-821285EC2D67->9fa9a271-7bed-4435-b477-86c6ed0ece08@group-0E07FAD1B91E, cid=2996, SUCCESS, logIndex=4524, commits[9fa9a271-7bed-4435-b477-86c6ed0ece08:c4524, 06c1a879-4ae3-48dc-9686-b55cde066000:c4523, 67fae1a7-3cbe-4338-9d41-57e84498288b:c4521]
2019-07-10 10:27:42,065 INFO  client.GrpcClientProtocolClient (GrpcClientProtocolClient.java:onNext(255)) - client-821285EC2D67->9fa9a271-7bed-4435-b477-86c6ed0ece08: receive RaftClientReply:client-821285EC2D67->9fa9a271-7bed-4435-b477-86c6ed0ece08@group-0E07FAD1B91E, cid=2997, SUCCESS, logIndex=4525, commits[9fa9a271-7bed-4435-b477-86c6ed0ece08:c4527, 06c1a879-4ae3-48dc-9686-b55cde066000:c4523, 67fae1a7-3cbe-4338-9d41-57e84498288b:c4523]
2019-07-10 10:27:42,065 INFO  client.GrpcClientProtocolClient (GrpcClientProtocolClient.java:onNext(255)) - client-821285EC2D67->9fa9a271-7bed-4435-b477-86c6ed0ece08: receive RaftClientReply:client-821285EC2D67->9fa9a271-7bed-4435-b477-86c6ed0ece08@group-0E07FAD1B91E, cid=2998, SUCCESS, logIndex=4526, commits[9fa9a271-7bed-4435-b477-86c6ed0ece08:c4527, 06c1a879-4ae3-48dc-9686-b55cde066000:c4523, 67fae1a7-3cbe-4338-9d41-57e84498288b:c4523]
2019-07-10 10:27:42,066 INFO  client.GrpcClientProtocolClient (GrpcClientProtocolClient.java:onNext(255)) - client-821285EC2D67->9fa9a271-7bed-4435-b477-86c6ed0ece08: receive RaftClientReply:client-821285EC2D67->9fa9a271-7bed-4435-b477-86c6ed0ece08@group-0E07FAD1B91E, cid=2999, SUCCESS, logIndex=4527, commits[9fa9a271-7bed-4435-b477-86c6ed0ece08:c4527, 06c1a879-4ae3-48dc-9686-b55cde066000:c4524, 67fae1a7-3cbe-4338-9d41-57e84498288b:c4523]
2019-07-10 10:27:42,070 INFO  client.GrpcClientProtocolClient (GrpcClientProtocolClient.java:onNext(255)) - client-821285EC2D67->9fa9a271-7bed-4435-b477-86c6ed0ece08: receive RaftClientReply:client-821285EC2D67->9fa9a271-7bed-4435-b477-86c6ed0ece08@group-0E07FAD1B91E, cid=3000, SUCCESS, logIndex=0, commits[9fa9a271-7bed-4435-b477-86c6ed0ece08:c4531, 06c1a879-4ae3-48dc-9686-b55cde066000:c4527, 67fae1a7-3cbe-4338-9d41-57e84498288b:c4525]
2019-07-10 10:27:42,089 INFO  client.GrpcClientProtocolClient (GrpcClientProtocolClient.java:onNext(255)) - client-821285EC2D67->9fa9a271-7bed-4435-b477-86c6ed0ece08: receive RaftClientReply:client-821285EC2D67->9fa9a271-7bed-4435-b477-86c6ed0ece08@group-0E07FAD1B91E, cid=3001, SUCCESS, logIndex=4532, commits[9fa9a271-7bed-4435-b477-86c6ed0ece08:c4533, 06c1a879-4ae3-48dc-9686-b55cde066000:c4531, 67fae1a7-3cbe-4338-9d41-57e84498288b:c4527]
2019-07-10 10:27:42,089 INFO  client.GrpcClientProtocolClient (GrpcClientProtocolClient.java:onNext(255)) - client-821285EC2D67->9fa9a271-7bed-4435-b477-86c6ed0ece08: receive RaftClientReply:client-821285EC2D67->9fa9a271-7bed-4435-b477-86c6ed0ece08@group-0E07FAD1B91E, cid=3002, SUCCESS, logIndex=4533, commits[9fa9a271-7bed-4435-b477-86c6ed0ece08:c4533, 06c1a879-4ae3-48dc-9686-b55cde066000:c4531, 67fae1a7-3cbe-4338-9d41-57e84498288b:c4531]
2019-07-10 10:27:42,222 INFO  client.GrpcClientProtocolClient (GrpcClientProtocolClient.java:onNext(255)) - client-821285EC2D67->9fa9a271-7bed-4435-b477-86c6ed0ece08: receive RaftClientReply:client-821285EC2D67->9fa9a271-7bed-4435-b477-86c6ed0ece08@group-0E07FAD1B91E, cid=3003, SUCCESS, logIndex=4536, commits[9fa9a271-7bed-4435-b477-86c6ed0ece08:c4536, 06c1a879-4ae3-48dc-9686-b55cde066000:c4535, 67fae1a7-3cbe-4338-9d41-57e84498288b:c4535]
2019-07-10 10:27:42,223 INFO  client.GrpcClientProtocolClient (GrpcClientProtocolClient.java:onNext(255)) - client-821285EC2D67->9fa9a271-7bed-4435-b477-86c6ed0ece08: receive RaftClientReply:client-821285EC2D67->9fa9a271-7bed-4435-b477-86c6ed0ece08@group-0E07FAD1B91E, cid=3004, SUCCESS, logIndex=4537, commits[9fa9a271-7bed-4435-b477-86c6ed0ece08:c4537, 06c1a879-4ae3-48dc-9686-b55cde066000:c4535, 67fae1a7-3cbe-4338-9d41-57e84498288b:c4535]
2019-07-10 10:27:42,235 INFO  client.GrpcClientProtocolClient (GrpcClientProtocolClient.java:onNext(255)) - client-821285EC2D67->9fa9a271-7bed-4435-b477-86c6ed0ece08: receive RaftClientReply:client-821285EC2D67->9fa9a271-7bed-4435-b477-86c6ed0ece08@group-0E07FAD1B91E, cid=3005, SUCCESS, logIndex=0, commits[9fa9a271-7bed-4435-b477-86c6ed0ece08:c4539, 06c1a879-4ae3-48dc-9686-b55cde066000:c4537, 67fae1a7-3cbe-4338-9d41-57e84498288b:c4537]
2019-07-10 10:27:42,259 INFO  client.GrpcClientProtocolClient (GrpcClientProtocolClient.java:onNext(255)) - client-821285EC2D67->9fa9a271-7bed-4435-b477-86c6ed0ece08: receive RaftClientReply:client-821285EC2D67->9fa9a271-7bed-4435-b477-86c6ed0ece08@group-0E07FAD1B91E, cid=3006, SUCCESS, logIndex=4540, commits[9fa9a271-7bed-4435-b477-86c6ed0ece08:c4542, 06c1a879-4ae3-48dc-9686-b55cde066000:c4539, 67fae1a7-3cbe-4338-9d41-57e84498288b:c4539]
2019-07-10 10:27:42,260 INFO  client.GrpcClientProtocolClient (GrpcClientProtocolClient.java:onNext(255)) - client-821285EC2D67->9fa9a271-7bed-4435-b477-86c6ed0ece08: receive RaftClientReply:client-821285EC2D67->9fa9a271-7bed-4435-b477-86c6ed0ece08@group-0E07FAD1B91E, cid=3007, SUCCESS, logIndex=4541, commits[9fa9a271-7bed-4435-b477-86c6ed0ece08:c4543, 06c1a879-4ae3-48dc-9686-b55cde066000:c4539, 67fae1a7-3cbe-4338-9d41-57e84498288b:c4539]
2019-07-10 10:27:42,260 INFO  client.GrpcClientProtocolClient (GrpcClientProtocolClient.java:onNext(255)) - client-821285EC2D67->9fa9a271-7bed-4435-b477-86c6ed0ece08: receive RaftClientReply:client-821285EC2D67->9fa9a271-7bed-4435-b477-86c6ed0ece08@group-0E07FAD1B91E, cid=3008, SUCCESS, logIndex=4542, commits[9fa9a271-7bed-4435-b477-86c6ed0ece08:c4543, 06c1a879-4ae3-48dc-9686-b55cde066000:c4539, 67fae1a7-3cbe-4338-9d41-57e84498288b:c4539]
2019-07-10 10:27:42,260 INFO  client.GrpcClientProtocolClient (GrpcClientProtocolClient.java:onNext(255)) - client-821285EC2D67->9fa9a271-7bed-4435-b477-86c6ed0ece08: receive RaftClientReply:client-821285EC2D67->9fa9a271-7bed-4435-b477-86c6ed0ece08@group-0E07FAD1B91E, cid=3009, SUCCESS, logIndex=4543, commits[9fa9a271-7bed-4435-b477-86c6ed0ece08:c4543, 06c1a879-4ae3-48dc-9686-b55cde066000:c4539, 67fae1a7-3cbe-4338-9d41-57e84498288b:c4539]
2019-07-10 10:27:42,270 INFO  client.GrpcClientProtocolClient (GrpcClientProtocolClient.java:onNext(255)) - client-821285EC2D67->9fa9a271-7bed-4435-b477-86c6ed0ece08: receive RaftClientReply:client-821285EC2D67->9fa9a271-7bed-4435-b477-86c6ed0ece08@group-0E07FAD1B91E, cid=3010, SUCCESS, logIndex=0, commits[9fa9a271-7bed-4435-b477-86c6ed0ece08:c4545, 06c1a879-4ae3-48dc-9686-b55cde066000:c4541, 67fae1a7-3cbe-4338-9d41-57e84498288b:c4541]
2019-07-10 10:27:42,303 INFO  client.GrpcClientProtocolClient (GrpcClientProtocolClient.java:onNext(255)) - client-821285EC2D67->9fa9a271-7bed-4435-b477-86c6ed0ece08: receive RaftClientReply:client-821285EC2D67->9fa9a271-7bed-4435-b477-86c6ed0ece08@group-0E07FAD1B91E, cid=3011, SUCCESS, logIndex=4548, commits[9fa9a271-7bed-4435-b477-86c6ed0ece08:c4549, 06c1a879-4ae3-48dc-9686-b55cde066000:c4547, 67fae1a7-3cbe-4338-9d41-57e84498288b:c4547]
2019-07-10 10:27:42,304 INFO  client.GrpcClientProtocolClient (GrpcClientProtocolClient.java:onNext(255)) - client-821285EC2D67->9fa9a271-7bed-4435-b477-86c6ed0ece08: receive RaftClientReply:client-821285EC2D67->9fa9a271-7bed-4435-b477-86c6ed0ece08@group-0E07FAD1B91E, cid=3012, SUCCESS, logIndex=4549, commits[9fa9a271-7bed-4435-b477-86c6ed0ece08:c4549, 06c1a879-4ae3-48dc-9686-b55cde066000:c4547, 67fae1a7-3cbe-4338-9d41-57e84498288b:c4547]
2019-07-10 10:27:42,317 INFO  client.GrpcClientProtocolClient (GrpcClientProtocolClient.java:onNext(255)) - client-821285EC2D67->9fa9a271-7bed-4435-b477-86c6ed0ece08: receive RaftClientReply:client-821285EC2D67->9fa9a271-7bed-4435-b477-86c6ed0ece08@group-0E07FAD1B91E, cid=3013, SUCCESS, logIndex=4552, commits[9fa9a271-7bed-4435-b477-86c6ed0ece08:c4553, 06c1a879-4ae3-48dc-9686-b55cde066000:c4548, 67fae1a7-3cbe-4338-9d41-57e84498288b:c4549]
2019-07-10 10:27:42,317 INFO  client.GrpcClientProtocolClient (GrpcClientProtocolClient.java:onNext(255)) - client-821285EC2D67->9fa9a271-7bed-4435-b477-86c6ed0ece08: receive RaftClientReply:client-821285EC2D67->9fa9a271-7bed-4435-b477-86c6ed0ece08@group-0E07FAD1B91E, cid=3014, SUCCESS, logIndex=4553, commits[9fa9a271-7bed-4435-b477-86c6ed0ece08:c4553, 06c1a879-4ae3-48dc-9686-b55cde066000:c4549, 67fae1a7-3cbe-4338-9d41-57e84498288b:c4549]
2019-07-10 10:27:42,320 INFO  client.GrpcClientProtocolClient (GrpcClientProtocolClient.java:onNext(255)) - client-821285EC2D67->9fa9a271-7bed-4435-b477-86c6ed0ece08: receive RaftClientReply:client-821285EC2D67->9fa9a271-7bed-4435-b477-86c6ed0ece08@group-0E07FAD1B91E, cid=3015, SUCCESS, logIndex=0, commits[9fa9a271-7bed-4435-b477-86c6ed0ece08:c4555, 06c1a879-4ae3-48dc-9686-b55cde066000:c4553, 67fae1a7-3cbe-4338-9d41-57e84498288b:c4553]
2019-07-10 10:27:42,350 INFO  client.GrpcClientProtocolClient (GrpcClientProtocolClient.java:onNext(255)) - client-821285EC2D67->9fa9a271-7bed-4435-b477-86c6ed0ece08: receive RaftClientReply:client-821285EC2D67->9fa9a271-7bed-4435-b477-86c6ed0ece08@group-0E07FAD1B91E, cid=3016, SUCCESS, logIndex=4556, commits[9fa9a271-7bed-4435-b477-86c6ed0ece08:c4558, 06c1a879-4ae3-48dc-9686-b55cde066000:c4555, 67fae1a7-3cbe-4338-9d41-57e84498288b:c4555]
2019-07-10 10:27:42,351 INFO  client.GrpcClientProtocolClient (GrpcClientProtocolClient.java:onNext(255)) - client-821285EC2D67->9fa9a271-7bed-4435-b477-86c6ed0ece08: receive RaftClientReply:client-821285EC2D67->9fa9a271-7bed-4435-b477-86c6ed0ece08@group-0E07FAD1B91E, cid=3017, SUCCESS, logIndex=4557, commits[9fa9a271-7bed-4435-b477-86c6ed0ece08:c4558, 06c1a879-4ae3-48dc-9686-b55cde066000:c4555, 67fae1a7-3cbe-4338-9d41-57e84498288b:c4555]
2019-07-10 10:27:42,351 INFO  client.GrpcClientProtocolClient (GrpcClientProtocolClient.java:onNext(255)) - client-821285EC2D67->9fa9a271-7bed-4435-b477-86c6ed0ece08: receive RaftClientReply:client-821285EC2D67->9fa9a271-7bed-4435-b477-86c6ed0ece08@group-0E07FAD1B91E, cid=3018, SUCCESS, logIndex=4558, commits[9fa9a271-7bed-4435-b477-86c6ed0ece08:c4559, 06c1a879-4ae3-48dc-9686-b55cde066000:c4555, 67fae1a7-3cbe-4338-9d41-57e84498288b:c4555]
2019-07-10 10:27:42,352 INFO  client.GrpcClientProtocolClient (GrpcClientProtocolClient.java:onNext(255)) - client-821285EC2D67->9fa9a271-7bed-4435-b477-86c6ed0ece08: receive RaftClientReply:client-821285EC2D67->9fa9a271-7bed-4435-b477-86c6ed0ece08@group-0E07FAD1B91E, cid=3019, SUCCESS, logIndex=4559, commits[9fa9a271-7bed-4435-b477-86c6ed0ece08:c4559, 06c1a879-4ae3-48dc-9686-b55cde066000:c4555, 67fae1a7-3cbe-4338-9d41-57e84498288b:c4555]
2019-07-10 10:27:42,353 INFO  client.GrpcClientProtocolClient (GrpcClientProtocolClient.java:onNext(255)) - client-821285EC2D67->9fa9a271-7bed-4435-b477-86c6ed0ece08: receive RaftClientReply:client-821285EC2D67->9fa9a271-7bed-4435-b477-86c6ed0ece08@group-0E07FAD1B91E, cid=3020, SUCCESS, logIndex=0, commits[9fa9a271-7bed-4435-b477-86c6ed0ece08:c4562, 06c1a879-4ae3-48dc-9686-b55cde066000:c4557, 67fae1a7-3cbe-4338-9d41-57e84498288b:c4558]
2019-07-10 10:27:42,371 INFO  client.GrpcClientProtocolClient (GrpcClientProtocolClient.java:onNext(255)) - client-821285EC2D67->9fa9a271-7bed-4435-b477-86c6ed0ece08: receive RaftClientReply:client-821285EC2D67->9fa9a271-7bed-4435-b477-86c6ed0ece08@group-0E07FAD1B91E, cid=3021, SUCCESS, logIndex=4564, commits[9fa9a271-7bed-4435-b477-86c6ed0ece08:c4565, 06c1a879-4ae3-48dc-9686-b55cde066000:c4563, 67fae1a7-3cbe-4338-9d41-57e84498288b:c4563]
2019-07-10 10:27:42,371 INFO  client.GrpcClientProtocolClient (GrpcClientProtocolClient.java:onNext(255)) - client-821285EC2D67->9fa9a271-7bed-4435-b477-86c6ed0ece08: receive RaftClientReply:client-821285EC2D67->9fa9a271-7bed-4435-b477-86c6ed0ece08@group-0E07FAD1B91E, cid=3022, SUCCESS, logIndex=4565, commits[9fa9a271-7bed-4435-b477-86c6ed0ece08:c4565, 06c1a879-4ae3-48dc-9686-b55cde066000:c4563, 67fae1a7-3cbe-4338-9d41-57e84498288b:c4563]
2019-07-10 10:27:42,390 INFO  client.GrpcClientProtocolClient (GrpcClientProtocolClient.java:onNext(255)) - client-821285EC2D67->9fa9a271-7bed-4435-b477-86c6ed0ece08: receive RaftClientReply:client-821285EC2D67->9fa9a271-7bed-4435-b477-86c6ed0ece08@group-0E07FAD1B91E, cid=3023, SUCCESS, logIndex=4568, commits[9fa9a271-7bed-4435-b477-86c6ed0ece08:c4569, 06c1a879-4ae3-48dc-9686-b55cde066000:c4565, 67fae1a7-3cbe-4338-9d41-57e84498288b:c4567]
2019-07-10 10:27:42,390 INFO  client.GrpcClientProtocolClient (GrpcClientProtocolClient.java:onNext(255)) - client-821285EC2D67->9fa9a271-7bed-4435-b477-86c6ed0ece08: receive RaftClientReply:client-821285EC2D67->9fa9a271-7bed-4435-b477-86c6ed0ece08@group-0E07FAD1B91E, cid=3024, SUCCESS, logIndex=4569, commits[9fa9a271-7bed-4435-b477-86c6ed0ece08:c4569, 06c1a879-4ae3-48dc-9686-b55cde066000:c4567, 67fae1a7-3cbe-4338-9d41-57e84498288b:c4567]
2019-07-10 10:27:42,410 INFO  client.GrpcClientProtocolClient (GrpcClientProtocolClient.java:onNext(255)) - client-821285EC2D67->9fa9a271-7bed-4435-b477-86c6ed0ece08: receive RaftClientReply:client-821285EC2D67->9fa9a271-7bed-4435-b477-86c6ed0ece08@group-0E07FAD1B91E, cid=3025, SUCCESS, logIndex=0, commits[9fa9a271-7bed-4435-b477-86c6ed0ece08:c4571, 06c1a879-4ae3-48dc-9686-b55cde066000:c4569, 67fae1a7-3cbe-4338-9d41-57e84498288b:c4569]
2019-07-10 10:27:42,440 INFO  client.GrpcClientProtocolClient (GrpcClientProtocolClient.java:onNext(255)) - client-821285EC2D67->9fa9a271-7bed-4435-b477-86c6ed0ece08: receive RaftClientReply:client-821285EC2D67->9fa9a271-7bed-4435-b477-86c6ed0ece08@group-0E07FAD1B91E, cid=3026, SUCCESS, logIndex=4572, commits[9fa9a271-7bed-4435-b477-86c6ed0ece08:c4573, 06c1a879-4ae3-48dc-9686-b55cde066000:c4571, 67fae1a7-3cbe-4338-9d41-57e84498288b:c4571]
2019-07-10 10:27:42,441 INFO  client.GrpcClientProtocolClient (GrpcClientProtocolClient.java:onNext(255)) - client-821285EC2D67->9fa9a271-7bed-4435-b477-86c6ed0ece08: receive RaftClientReply:client-821285EC2D67->9fa9a271-7bed-4435-b477-86c6ed0ece08@group-0E07FAD1B91E, cid=3027, SUCCESS, logIndex=4573, commits[9fa9a271-7bed-4435-b477-86c6ed0ece08:c4575, 06c1a879-4ae3-48dc-9686-b55cde066000:c4571, 67fae1a7-3cbe-4338-9d41-57e84498288b:c4571]
2019-07-10 10:27:42,441 INFO  client.GrpcClientProtocolClient (GrpcClientProtocolClient.java:onNext(255)) - client-821285EC2D67->9fa9a271-7bed-4435-b477-86c6ed0ece08: receive RaftClientReply:client-821285EC2D67->9fa9a271-7bed-4435-b477-86c6ed0ece08@group-0E07FAD1B91E, cid=3028, SUCCESS, logIndex=4574, commits[9fa9a271-7bed-4435-b477-86c6ed0ece08:c4575, 06c1a879-4ae3-48dc-9686-b55cde066000:c4571, 67fae1a7-3cbe-4338-9d41-57e84498288b:c4571]
2019-07-10 10:27:42,441 INFO  client.GrpcClientProtocolClient (GrpcClientProtocolClient.java:onNext(255)) - client-821285EC2D67->9fa9a271-7bed-4435-b477-86c6ed0ece08: receive RaftClientReply:client-821285EC2D67->9fa9a271-7bed-4435-b477-86c6ed0ece08@group-0E07FAD1B91E, cid=3029, SUCCESS, logIndex=4575, commits[9fa9a271-7bed-4435-b477-86c6ed0ece08:c4575, 06c1a879-4ae3-48dc-9686-b55cde066000:c4571, 67fae1a7-3cbe-4338-9d41-57e84498288b:c4571]
2019-07-10 10:27:42,453 INFO  client.GrpcClientProtocolClient (GrpcClientProtocolClient.java:onNext(255)) - client-821285EC2D67->9fa9a271-7bed-4435-b477-86c6ed0ece08: receive RaftClientReply:client-821285EC2D67->9fa9a271-7bed-4435-b477-86c6ed0ece08@group-0E07FAD1B91E, cid=3030, SUCCESS, logIndex=0, commits[9fa9a271-7bed-4435-b477-86c6ed0ece08:c4576, 06c1a879-4ae3-48dc-9686-b55cde066000:c4573, 67fae1a7-3cbe-4338-9d41-57e84498288b:c4573]
2019-07-10 10:27:42,474 INFO  client.GrpcClientProtocolClient (GrpcClientProtocolClient.java:onNext(255)) - client-821285EC2D67->9fa9a271-7bed-4435-b477-86c6ed0ece08: receive RaftClientReply:client-821285EC2D67->9fa9a271-7bed-4435-b477-86c6ed0ece08@group-0E07FAD1B91E, cid=3031, SUCCESS, logIndex=4579, commits[9fa9a271-7bed-4435-b477-86c6ed0ece08:c4580, 06c1a879-4ae3-48dc-9686-b55cde066000:c4578, 67fae1a7-3cbe-4338-9d41-57e84498288b:c4578]
2019-07-10 10:27:42,474 INFO  client.GrpcClientProtocolClient (GrpcClientProtocolClient.java:onNext(255)) - client-821285EC2D67->9fa9a271-7bed-4435-b477-86c6ed0ece08: receive RaftClientReply:client-821285EC2D67->9fa9a271-7bed-4435-b477-86c6ed0ece08@group-0E07FAD1B91E, cid=3032, SUCCESS, logIndex=4580, commits[9fa9a271-7bed-4435-b477-86c6ed0ece08:c4580, 06c1a879-4ae3-48dc-9686-b55cde066000:c4578, 67fae1a7-3cbe-4338-9d41-57e84498288b:c4578]
 0.00% |█                                                                                                    |  0/1 Time: 0:00:222019-07-10 10:27:42,496 INFO  client.GrpcClientProtocolClient (GrpcClientProtocolClient.java:onNext(255)) - client-821285EC2D67->9fa9a271-7bed-4435-b477-86c6ed0ece08: receive RaftClientReply:client-821285EC2D67->9fa9a271-7bed-4435-b477-86c6ed0ece08@group-0E07FAD1B91E, cid=3033, SUCCESS, logIndex=4583, commits[9fa9a271-7bed-4435-b477-86c6ed0ece08:c4584, 06c1a879-4ae3-48dc-9686-b55cde066000:c4580, 67fae1a7-3cbe-4338-9d41-57e84498288b:c4580]
2019-07-10 10:27:42,497 INFO  client.GrpcClientProtocolClient (GrpcClientProtocolClient.java:onNext(255)) - client-821285EC2D67->9fa9a271-7bed-4435-b477-86c6ed0ece08: receive RaftClientReply:client-821285EC2D67->9fa9a271-7bed-4435-b477-86c6ed0ece08@group-0E07FAD1B91E, cid=3034, SUCCESS, logIndex=4584, commits[9fa9a271-7bed-4435-b477-86c6ed0ece08:c4584, 06c1a879-4ae3-48dc-9686-b55cde066000:c4580, 67fae1a7-3cbe-4338-9d41-57e84498288b:c4580]
2019-07-10 10:27:42,499 INFO  client.GrpcClientProtocolClient (GrpcClientProtocolClient.java:onNext(255)) - client-821285EC2D67->9fa9a271-7bed-4435-b477-86c6ed0ece08: receive RaftClientReply:client-821285EC2D67->9fa9a271-7bed-4435-b477-86c6ed0ece08@group-0E07FAD1B91E, cid=3035, SUCCESS, logIndex=0, commits[9fa9a271-7bed-4435-b477-86c6ed0ece08:c4585, 06c1a879-4ae3-48dc-9686-b55cde066000:c4584, 67fae1a7-3cbe-4338-9d41-57e84498288b:c4584]
2019-07-10 10:27:42,532 INFO  client.GrpcClientProtocolClient (GrpcClientProtocolClient.java:onNext(255)) - client-821285EC2D67->9fa9a271-7bed-4435-b477-86c6ed0ece08: receive RaftClientReply:client-821285EC2D67->9fa9a271-7bed-4435-b477-86c6ed0ece08@group-0E07FAD1B91E, cid=3036, SUCCESS, logIndex=4587, commits[9fa9a271-7bed-4435-b477-86c6ed0ece08:c4588, 06c1a879-4ae3-48dc-9686-b55cde066000:c4586, 67fae1a7-3cbe-4338-9d41-57e84498288b:c4586]
2019-07-10 10:27:42,533 INFO  client.GrpcClientProtocolClient (GrpcClientProtocolClient.java:onNext(255)) - client-821285EC2D67->9fa9a271-7bed-4435-b477-86c6ed0ece08: receive RaftClientReply:client-821285EC2D67->9fa9a271-7bed-4435-b477-86c6ed0ece08@group-0E07FAD1B91E, cid=3037, SUCCESS, logIndex=4588, commits[9fa9a271-7bed-4435-b477-86c6ed0ece08:c4590, 06c1a879-4ae3-48dc-9686-b55cde066000:c4586, 67fae1a7-3cbe-4338-9d41-57e84498288b:c4586]
2019-07-10 10:27:42,533 INFO  client.GrpcClientProtocolClient (GrpcClientProtocolClient.java:onNext(255)) - client-821285EC2D67->9fa9a271-7bed-4435-b477-86c6ed0ece08: receive RaftClientReply:client-821285EC2D67->9fa9a271-7bed-4435-b477-86c6ed0ece08@group-0E07FAD1B91E, cid=3038, SUCCESS, logIndex=4589, commits[9fa9a271-7bed-4435-b477-86c6ed0ece08:c4590, 06c1a879-4ae3-48dc-9686-b55cde066000:c4586, 67fae1a7-3cbe-4338-9d41-57e84498288b:c4586]
2019-07-10 10:27:42,533 INFO  client.GrpcClientProtocolClient (GrpcClientProtocolClient.java:onNext(255)) - client-821285EC2D67->9fa9a271-7bed-4435-b477-86c6ed0ece08: receive RaftClientReply:client-821285EC2D67->9fa9a271-7bed-4435-b477-86c6ed0ece08@group-0E07FAD1B91E, cid=3039, SUCCESS, logIndex=4590, commits[9fa9a271-7bed-4435-b477-86c6ed0ece08:c4590, 06c1a879-4ae3-48dc-9686-b55cde066000:c4586, 67fae1a7-3cbe-4338-9d41-57e84498288b:c4586]
2019-07-10 10:27:42,534 INFO  client.GrpcClientProtocolClient (GrpcClientProtocolClient.java:onNext(255)) - client-821285EC2D67->9fa9a271-7bed-4435-b477-86c6ed0ece08: receive RaftClientReply:client-821285EC2D67->9fa9a271-7bed-4435-b477-86c6ed0ece08@group-0E07FAD1B91E, cid=3040, SUCCESS, logIndex=0, commits[9fa9a271-7bed-4435-b477-86c6ed0ece08:c4591, 06c1a879-4ae3-48dc-9686-b55cde066000:c4588, 67fae1a7-3cbe-4338-9d41-57e84498288b:c4588]
2019-07-10 10:27:42,553 INFO  client.GrpcClientProtocolClient (GrpcClientProtocolClient.java:onNext(255)) - client-821285EC2D67->9fa9a271-7bed-4435-b477-86c6ed0ece08: receive RaftClientReply:client-821285EC2D67->9fa9a271-7bed-4435-b477-86c6ed0ece08@group-0E07FAD1B91E, cid=3041, SUCCESS, logIndex=4594, commits[9fa9a271-7bed-4435-b477-86c6ed0ece08:c4595, 06c1a879-4ae3-48dc-9686-b55cde066000:c4593, 67fae1a7-3cbe-4338-9d41-57e84498288b:c4593]
2019-07-10 10:27:42,553 INFO  client.GrpcClientProtocolClient (GrpcClientProtocolClient.java:onNext(255)) - client-821285EC2D67->9fa9a271-7bed-4435-b477-86c6ed0ece08: receive RaftClientReply:client-821285EC2D67->9fa9a271-7bed-4435-b477-86c6ed0ece08@group-0E07FAD1B91E, cid=3042, SUCCESS, logIndex=4595, commits[9fa9a271-7bed-4435-b477-86c6ed0ece08:c4595, 06c1a879-4ae3-48dc-9686-b55cde066000:c4593, 67fae1a7-3cbe-4338-9d41-57e84498288b:c4593]
2019-07-10 10:27:42,566 INFO  client.GrpcClientProtocolClient (GrpcClientProtocolClient.java:onNext(255)) - client-821285EC2D67->9fa9a271-7bed-4435-b477-86c6ed0ece08: receive RaftClientReply:client-821285EC2D67->9fa9a271-7bed-4435-b477-86c6ed0ece08@group-0E07FAD1B91E, cid=3043, SUCCESS, logIndex=4598, commits[9fa9a271-7bed-4435-b477-86c6ed0ece08:c4599, 06c1a879-4ae3-48dc-9686-b55cde066000:c4597, 67fae1a7-3cbe-4338-9d41-57e84498288b:c4597]
2019-07-10 10:27:42,566 INFO  client.GrpcClientProtocolClient (GrpcClientProtocolClient.java:onNext(255)) - client-821285EC2D67->9fa9a271-7bed-4435-b477-86c6ed0ece08: receive RaftClientReply:client-821285EC2D67->9fa9a271-7bed-4435-b477-86c6ed0ece08@group-0E07FAD1B91E, cid=3044, SUCCESS, logIndex=4599, commits[9fa9a271-7bed-4435-b477-86c6ed0ece08:c4599, 06c1a879-4ae3-48dc-9686-b55cde066000:c4597, 67fae1a7-3cbe-4338-9d41-57e84498288b:c4597]
2019-07-10 10:27:42,569 INFO  client.GrpcClientProtocolClient (GrpcClientProtocolClient.java:onNext(255)) - client-821285EC2D67->9fa9a271-7bed-4435-b477-86c6ed0ece08: receive RaftClientReply:client-821285EC2D67->9fa9a271-7bed-4435-b477-86c6ed0ece08@group-0E07FAD1B91E, cid=3045, SUCCESS, logIndex=0, commits[9fa9a271-7bed-4435-b477-86c6ed0ece08:c4600, 06c1a879-4ae3-48dc-9686-b55cde066000:c4599, 67fae1a7-3cbe-4338-9d41-57e84498288b:c4599]
2019-07-10 10:27:42,597 INFO  client.GrpcClientProtocolClient (GrpcClientProtocolClient.java:onNext(255)) - client-821285EC2D67->9fa9a271-7bed-4435-b477-86c6ed0ece08: receive RaftClientReply:client-821285EC2D67->9fa9a271-7bed-4435-b477-86c6ed0ece08@group-0E07FAD1B91E, cid=3046, SUCCESS, logIndex=4601, commits[9fa9a271-7bed-4435-b477-86c6ed0ece08:c4602, 06c1a879-4ae3-48dc-9686-b55cde066000:c4600, 67fae1a7-3cbe-4338-9d41-57e84498288b:c4600]
2019-07-10 10:27:42,597 INFO  client.GrpcClientProtocolClient (GrpcClientProtocolClient.java:onNext(255)) - client-821285EC2D67->9fa9a271-7bed-4435-b477-86c6ed0ece08: receive RaftClientReply:client-821285EC2D67->9fa9a271-7bed-4435-b477-86c6ed0ece08@group-0E07FAD1B91E, cid=3047, SUCCESS, logIndex=4602, commits[9fa9a271-7bed-4435-b477-86c6ed0ece08:c4603, 06c1a879-4ae3-48dc-9686-b55cde066000:c4600, 67fae1a7-3cbe-4338-9d41-57e84498288b:c4600]
2019-07-10 10:27:42,598 INFO  client.GrpcClientProtocolClient (GrpcClientProtocolClient.java:onNext(255)) - client-821285EC2D67->9fa9a271-7bed-4435-b477-86c6ed0ece08: receive RaftClientReply:client-821285EC2D67->9fa9a271-7bed-4435-b477-86c6ed0ece08@group-0E07FAD1B91E, cid=3048, SUCCESS, logIndex=4603, commits[9fa9a271-7bed-4435-b477-86c6ed0ece08:c4604, 06c1a879-4ae3-48dc-9686-b55cde066000:c4600, 67fae1a7-3cbe-4338-9d41-57e84498288b:c4600]
2019-07-10 10:27:42,598 INFO  client.GrpcClientProtocolClient (GrpcClientProtocolClient.java:onNext(255)) - client-821285EC2D67->9fa9a271-7bed-4435-b477-86c6ed0ece08: receive RaftClientReply:client-821285EC2D67->9fa9a271-7bed-4435-b477-86c6ed0ece08@group-0E07FAD1B91E, cid=3049, SUCCESS, logIndex=4604, commits[9fa9a271-7bed-4435-b477-86c6ed0ece08:c4604, 06c1a879-4ae3-48dc-9686-b55cde066000:c4600, 67fae1a7-3cbe-4338-9d41-57e84498288b:c4600]
2019-07-10 10:27:42,599 INFO  client.GrpcClientProtocolClient (GrpcClientProtocolClient.java:onNext(255)) - client-821285EC2D67->9fa9a271-7bed-4435-b477-86c6ed0ece08: receive RaftClientReply:client-821285EC2D67->9fa9a271-7bed-4435-b477-86c6ed0ece08@group-0E07FAD1B91E, cid=3050, SUCCESS, logIndex=0, commits[9fa9a271-7bed-4435-b477-86c6ed0ece08:c4606, 06c1a879-4ae3-48dc-9686-b55cde066000:c4602, 67fae1a7-3cbe-4338-9d41-57e84498288b:c4602]
2019-07-10 10:27:42,619 INFO  client.GrpcClientProtocolClient (GrpcClientProtocolClient.java:onNext(255)) - client-821285EC2D67->9fa9a271-7bed-4435-b477-86c6ed0ece08: receive RaftClientReply:client-821285EC2D67->9fa9a271-7bed-4435-b477-86c6ed0ece08@group-0E07FAD1B91E, cid=3051, SUCCESS, logIndex=4609, commits[9fa9a271-7bed-4435-b477-86c6ed0ece08:c4610, 06c1a879-4ae3-48dc-9686-b55cde066000:c4608, 67fae1a7-3cbe-4338-9d41-57e84498288b:c4604]
2019-07-10 10:27:42,619 INFO  client.GrpcClientProtocolClient (GrpcClientProtocolClient.java:onNext(255)) - client-821285EC2D67->9fa9a271-7bed-4435-b477-86c6ed0ece08: receive RaftClientReply:client-821285EC2D67->9fa9a271-7bed-4435-b477-86c6ed0ece08@group-0E07FAD1B91E, cid=3052, SUCCESS, logIndex=4610, commits[9fa9a271-7bed-4435-b477-86c6ed0ece08:c4610, 06c1a879-4ae3-48dc-9686-b55cde066000:c4608, 67fae1a7-3cbe-4338-9d41-57e84498288b:c4608]
2019-07-10 10:27:42,635 INFO  client.GrpcClientProtocolClient (GrpcClientProtocolClient.java:onNext(255)) - client-821285EC2D67->9fa9a271-7bed-4435-b477-86c6ed0ece08: receive RaftClientReply:client-821285EC2D67->9fa9a271-7bed-4435-b477-86c6ed0ece08@group-0E07FAD1B91E, cid=3053, SUCCESS, logIndex=4613, commits[9fa9a271-7bed-4435-b477-86c6ed0ece08:c4614, 06c1a879-4ae3-48dc-9686-b55cde066000:c4612, 67fae1a7-3cbe-4338-9d41-57e84498288b:c4612]
2019-07-10 10:27:42,636 INFO  client.GrpcClientProtocolClient (GrpcClientProtocolClient.java:onNext(255)) - client-821285EC2D67->9fa9a271-7bed-4435-b477-86c6ed0ece08: receive RaftClientReply:client-821285EC2D67->9fa9a271-7bed-4435-b477-86c6ed0ece08@group-0E07FAD1B91E, cid=3054, SUCCESS, logIndex=4614, commits[9fa9a271-7bed-4435-b477-86c6ed0ece08:c4614, 06c1a879-4ae3-48dc-9686-b55cde066000:c4612, 67fae1a7-3cbe-4338-9d41-57e84498288b:c4612]
2019-07-10 10:27:42,648 INFO  client.GrpcClientProtocolClient (GrpcClientProtocolClient.java:onNext(255)) - client-821285EC2D67->9fa9a271-7bed-4435-b477-86c6ed0ece08: receive RaftClientReply:client-821285EC2D67->9fa9a271-7bed-4435-b477-86c6ed0ece08@group-0E07FAD1B91E, cid=3055, SUCCESS, logIndex=0, commits[9fa9a271-7bed-4435-b477-86c6ed0ece08:c4616, 06c1a879-4ae3-48dc-9686-b55cde066000:c4614, 67fae1a7-3cbe-4338-9d41-57e84498288b:c4614]
2019-07-10 10:27:42,681 INFO  client.GrpcClientProtocolClient (GrpcClientProtocolClient.java:onNext(255)) - client-821285EC2D67->9fa9a271-7bed-4435-b477-86c6ed0ece08: receive RaftClientReply:client-821285EC2D67->9fa9a271-7bed-4435-b477-86c6ed0ece08@group-0E07FAD1B91E, cid=3056, SUCCESS, logIndex=4617, commits[9fa9a271-7bed-4435-b477-86c6ed0ece08:c4618, 06c1a879-4ae3-48dc-9686-b55cde066000:c4616, 67fae1a7-3cbe-4338-9d41-57e84498288b:c4616]
2019-07-10 10:27:42,681 INFO  client.GrpcClientProtocolClient (GrpcClientProtocolClient.java:onNext(255)) - client-821285EC2D67->9fa9a271-7bed-4435-b477-86c6ed0ece08: receive RaftClientReply:client-821285EC2D67->9fa9a271-7bed-4435-b477-86c6ed0ece08@group-0E07FAD1B91E, cid=3057, SUCCESS, logIndex=4618, commits[9fa9a271-7bed-4435-b477-86c6ed0ece08:c4620, 06c1a879-4ae3-48dc-9686-b55cde066000:c4616, 67fae1a7-3cbe-4338-9d41-57e84498288b:c4616]
2019-07-10 10:27:42,682 INFO  client.GrpcClientProtocolClient (GrpcClientProtocolClient.java:onNext(255)) - client-821285EC2D67->9fa9a271-7bed-4435-b477-86c6ed0ece08: receive RaftClientReply:client-821285EC2D67->9fa9a271-7bed-4435-b477-86c6ed0ece08@group-0E07FAD1B91E, cid=3058, SUCCESS, logIndex=4619, commits[9fa9a271-7bed-4435-b477-86c6ed0ece08:c4620, 06c1a879-4ae3-48dc-9686-b55cde066000:c4616, 67fae1a7-3cbe-4338-9d41-57e84498288b:c4616]
2019-07-10 10:27:42,682 INFO  client.GrpcClientProtocolClient (GrpcClientProtocolClient.java:onNext(255)) - client-821285EC2D67->9fa9a271-7bed-4435-b477-86c6ed0ece08: receive RaftClientReply:client-821285EC2D67->9fa9a271-7bed-4435-b477-86c6ed0ece08@group-0E07FAD1B91E, cid=3059, SUCCESS, logIndex=4620, commits[9fa9a271-7bed-4435-b477-86c6ed0ece08:c4620, 06c1a879-4ae3-48dc-9686-b55cde066000:c4616, 67fae1a7-3cbe-4338-9d41-57e84498288b:c4616]
2019-07-10 10:27:42,685 INFO  client.GrpcClientProtocolClient (GrpcClientProtocolClient.java:onNext(255)) - client-821285EC2D67->9fa9a271-7bed-4435-b477-86c6ed0ece08: receive RaftClientReply:client-821285EC2D67->9fa9a271-7bed-4435-b477-86c6ed0ece08@group-0E07FAD1B91E, cid=3060, SUCCESS, logIndex=0, commits[9fa9a271-7bed-4435-b477-86c6ed0ece08:c4621, 06c1a879-4ae3-48dc-9686-b55cde066000:c4618, 67fae1a7-3cbe-4338-9d41-57e84498288b:c4618]
2019-07-10 10:27:42,703 INFO  client.GrpcClientProtocolClient (GrpcClientProtocolClient.java:onNext(255)) - client-821285EC2D67->9fa9a271-7bed-4435-b477-86c6ed0ece08: receive RaftClientReply:client-821285EC2D67->9fa9a271-7bed-4435-b477-86c6ed0ece08@group-0E07FAD1B91E, cid=3061, SUCCESS, logIndex=4625, commits[9fa9a271-7bed-4435-b477-86c6ed0ece08:c4626, 06c1a879-4ae3-48dc-9686-b55cde066000:c4624, 67fae1a7-3cbe-4338-9d41-57e84498288b:c4624]
2019-07-10 10:27:42,703 INFO  client.GrpcClientProtocolClient (GrpcClientProtocolClient.java:onNext(255)) - client-821285EC2D67->9fa9a271-7bed-4435-b477-86c6ed0ece08: receive RaftClientReply:client-821285EC2D67->9fa9a271-7bed-4435-b477-86c6ed0ece08@group-0E07FAD1B91E, cid=3062, SUCCESS, logIndex=4626, commits[9fa9a271-7bed-4435-b477-86c6ed0ece08:c4626, 06c1a879-4ae3-48dc-9686-b55cde066000:c4624, 67fae1a7-3cbe-4338-9d41-57e84498288b:c4624]
2019-07-10 10:27:42,721 INFO  client.GrpcClientProtocolClient (GrpcClientProtocolClient.java:onNext(255)) - client-821285EC2D67->9fa9a271-7bed-4435-b477-86c6ed0ece08: receive RaftClientReply:client-821285EC2D67->9fa9a271-7bed-4435-b477-86c6ed0ece08@group-0E07FAD1B91E, cid=3063, SUCCESS, logIndex=4629, commits[9fa9a271-7bed-4435-b477-86c6ed0ece08:c4629, 06c1a879-4ae3-48dc-9686-b55cde066000:c4626, 67fae1a7-3cbe-4338-9d41-57e84498288b:c4626]
2019-07-10 10:27:42,721 INFO  client.GrpcClientProtocolClient (GrpcClientProtocolClient.java:onNext(255)) - client-821285EC2D67->9fa9a271-7bed-4435-b477-86c6ed0ece08: receive RaftClientReply:client-821285EC2D67->9fa9a271-7bed-4435-b477-86c6ed0ece08@group-0E07FAD1B91E, cid=3064, SUCCESS, logIndex=4630, commits[9fa9a271-7bed-4435-b477-86c6ed0ece08:c4630, 06c1a879-4ae3-48dc-9686-b55cde066000:c4626, 67fae1a7-3cbe-4338-9d41-57e84498288b:c4626]
2019-07-10 10:27:42,743 INFO  client.GrpcClientProtocolClient (GrpcClientProtocolClient.java:onNext(255)) - client-821285EC2D67->9fa9a271-7bed-4435-b477-86c6ed0ece08: receive RaftClientReply:client-821285EC2D67->9fa9a271-7bed-4435-b477-86c6ed0ece08@group-0E07FAD1B91E, cid=3065, SUCCESS, logIndex=0, commits[9fa9a271-7bed-4435-b477-86c6ed0ece08:c4632, 06c1a879-4ae3-48dc-9686-b55cde066000:c4630, 67fae1a7-3cbe-4338-9d41-57e84498288b:c4630]
2019-07-10 10:27:42,772 INFO  client.GrpcClientProtocolClient (GrpcClientProtocolClient.java:onNext(255)) - client-821285EC2D67->9fa9a271-7bed-4435-b477-86c6ed0ece08: receive RaftClientReply:client-821285EC2D67->9fa9a271-7bed-4435-b477-86c6ed0ece08@group-0E07FAD1B91E, cid=3066, SUCCESS, logIndex=4633, commits[9fa9a271-7bed-4435-b477-86c6ed0ece08:c4634, 06c1a879-4ae3-48dc-9686-b55cde066000:c4632, 67fae1a7-3cbe-4338-9d41-57e84498288b:c4632]
2019-07-10 10:27:42,772 INFO  client.GrpcClientProtocolClient (GrpcClientProtocolClient.java:onNext(255)) - client-821285EC2D67->9fa9a271-7bed-4435-b477-86c6ed0ece08: receive RaftClientReply:client-821285EC2D67->9fa9a271-7bed-4435-b477-86c6ed0ece08@group-0E07FAD1B91E, cid=3067, SUCCESS, logIndex=4634, commits[9fa9a271-7bed-4435-b477-86c6ed0ece08:c4636, 06c1a879-4ae3-48dc-9686-b55cde066000:c4632, 67fae1a7-3cbe-4338-9d41-57e84498288b:c4632]
2019-07-10 10:27:42,772 INFO  client.GrpcClientProtocolClient (GrpcClientProtocolClient.java:onNext(255)) - client-821285EC2D67->9fa9a271-7bed-4435-b477-86c6ed0ece08: receive RaftClientReply:client-821285EC2D67->9fa9a271-7bed-4435-b477-86c6ed0ece08@group-0E07FAD1B91E, cid=3068, SUCCESS, logIndex=4635, commits[9fa9a271-7bed-4435-b477-86c6ed0ece08:c4636, 06c1a879-4ae3-48dc-9686-b55cde066000:c4632, 67fae1a7-3cbe-4338-9d41-57e84498288b:c4632]
2019-07-10 10:27:42,773 INFO  client.GrpcClientProtocolClient (GrpcClientProtocolClient.java:onNext(255)) - client-821285EC2D67->9fa9a271-7bed-4435-b477-86c6ed0ece08: receive RaftClientReply:client-821285EC2D67->9fa9a271-7bed-4435-b477-86c6ed0ece08@group-0E07FAD1B91E, cid=3069, SUCCESS, logIndex=4636, commits[9fa9a271-7bed-4435-b477-86c6ed0ece08:c4636, 06c1a879-4ae3-48dc-9686-b55cde066000:c4632, 67fae1a7-3cbe-4338-9d41-57e84498288b:c4632]
2019-07-10 10:27:42,774 INFO  client.GrpcClientProtocolClient (GrpcClientProtocolClient.java:onNext(255)) - client-821285EC2D67->9fa9a271-7bed-4435-b477-86c6ed0ece08: receive RaftClientReply:client-821285EC2D67->9fa9a271-7bed-4435-b477-86c6ed0ece08@group-0E07FAD1B91E, cid=3070, SUCCESS, logIndex=0, commits[9fa9a271-7bed-4435-b477-86c6ed0ece08:c4637, 06c1a879-4ae3-48dc-9686-b55cde066000:c4634, 67fae1a7-3cbe-4338-9d41-57e84498288b:c4634]
2019-07-10 10:27:42,792 INFO  client.GrpcClientProtocolClient (GrpcClientProtocolClient.java:onNext(255)) - client-821285EC2D67->9fa9a271-7bed-4435-b477-86c6ed0ece08: receive RaftClientReply:client-821285EC2D67->9fa9a271-7bed-4435-b477-86c6ed0ece08@group-0E07FAD1B91E, cid=3071, SUCCESS, logIndex=4640, commits[9fa9a271-7bed-4435-b477-86c6ed0ece08:c4641, 06c1a879-4ae3-48dc-9686-b55cde066000:c4639, 67fae1a7-3cbe-4338-9d41-57e84498288b:c4639]
2019-07-10 10:27:42,792 INFO  client.GrpcClientProtocolClient (GrpcClientProtocolClient.java:onNext(255)) - client-821285EC2D67->9fa9a271-7bed-4435-b477-86c6ed0ece08: receive RaftClientReply:client-821285EC2D67->9fa9a271-7bed-4435-b477-86c6ed0ece08@group-0E07FAD1B91E, cid=3072, SUCCESS, logIndex=4641, commits[9fa9a271-7bed-4435-b477-86c6ed0ece08:c4641, 06c1a879-4ae3-48dc-9686-b55cde066000:c4639, 67fae1a7-3cbe-4338-9d41-57e84498288b:c4639]
2019-07-10 10:27:42,804 INFO  client.GrpcClientProtocolClient (GrpcClientProtocolClient.java:onNext(255)) - client-821285EC2D67->9fa9a271-7bed-4435-b477-86c6ed0ece08: receive RaftClientReply:client-821285EC2D67->9fa9a271-7bed-4435-b477-86c6ed0ece08@group-0E07FAD1B91E, cid=3073, SUCCESS, logIndex=4644, commits[9fa9a271-7bed-4435-b477-86c6ed0ece08:c4645, 06c1a879-4ae3-48dc-9686-b55cde066000:c4640, 67fae1a7-3cbe-4338-9d41-57e84498288b:c4641]
2019-07-10 10:27:42,804 INFO  client.GrpcClientProtocolClient (GrpcClientProtocolClient.java:onNext(255)) - client-821285EC2D67->9fa9a271-7bed-4435-b477-86c6ed0ece08: receive RaftClientReply:client-821285EC2D67->9fa9a271-7bed-4435-b477-86c6ed0ece08@group-0E07FAD1B91E, cid=3074, SUCCESS, logIndex=4645, commits[9fa9a271-7bed-4435-b477-86c6ed0ece08:c4645, 06c1a879-4ae3-48dc-9686-b55cde066000:c4641, 67fae1a7-3cbe-4338-9d41-57e84498288b:c4641]
2019-07-10 10:27:42,816 INFO  client.GrpcClientProtocolClient (GrpcClientProtocolClient.java:onNext(255)) - client-821285EC2D67->9fa9a271-7bed-4435-b477-86c6ed0ece08: receive RaftClientReply:client-821285EC2D67->9fa9a271-7bed-4435-b477-86c6ed0ece08@group-0E07FAD1B91E, cid=3075, SUCCESS, logIndex=0, commits[9fa9a271-7bed-4435-b477-86c6ed0ece08:c4647, 06c1a879-4ae3-48dc-9686-b55cde066000:c4645, 67fae1a7-3cbe-4338-9d41-57e84498288b:c4645]
2019-07-10 10:27:42,850 INFO  client.GrpcClientProtocolClient (GrpcClientProtocolClient.java:onNext(255)) - client-821285EC2D67->9fa9a271-7bed-4435-b477-86c6ed0ece08: receive RaftClientReply:client-821285EC2D67->9fa9a271-7bed-4435-b477-86c6ed0ece08@group-0E07FAD1B91E, cid=3076, SUCCESS, logIndex=4648, commits[9fa9a271-7bed-4435-b477-86c6ed0ece08:c4651, 06c1a879-4ae3-48dc-9686-b55cde066000:c4647, 67fae1a7-3cbe-4338-9d41-57e84498288b:c4647]
2019-07-10 10:27:42,851 INFO  client.GrpcClientProtocolClient (GrpcClientProtocolClient.java:onNext(255)) - client-821285EC2D67->9fa9a271-7bed-4435-b477-86c6ed0ece08: receive RaftClientReply:client-821285EC2D67->9fa9a271-7bed-4435-b477-86c6ed0ece08@group-0E07FAD1B91E, cid=3077, SUCCESS, logIndex=4649, commits[9fa9a271-7bed-4435-b477-86c6ed0ece08:c4651, 06c1a879-4ae3-48dc-9686-b55cde066000:c4647, 67fae1a7-3cbe-4338-9d41-57e84498288b:c4647]
2019-07-10 10:27:42,851 INFO  client.GrpcClientProtocolClient (GrpcClientProtocolClient.java:onNext(255)) - client-821285EC2D67->9fa9a271-7bed-4435-b477-86c6ed0ece08: receive RaftClientReply:client-821285EC2D67->9fa9a271-7bed-4435-b477-86c6ed0ece08@group-0E07FAD1B91E, cid=3078, SUCCESS, logIndex=4650, commits[9fa9a271-7bed-4435-b477-86c6ed0ece08:c4651, 06c1a879-4ae3-48dc-9686-b55cde066000:c4647, 67fae1a7-3cbe-4338-9d41-57e84498288b:c4647]
2019-07-10 10:27:42,851 INFO  client.GrpcClientProtocolClient (GrpcClientProtocolClient.java:onNext(255)) - client-821285EC2D67->9fa9a271-7bed-4435-b477-86c6ed0ece08: receive RaftClientReply:client-821285EC2D67->9fa9a271-7bed-4435-b477-86c6ed0ece08@group-0E07FAD1B91E, cid=3079, SUCCESS, logIndex=4651, commits[9fa9a271-7bed-4435-b477-86c6ed0ece08:c4651, 06c1a879-4ae3-48dc-9686-b55cde066000:c4647, 67fae1a7-3cbe-4338-9d41-57e84498288b:c4647]
2019-07-10 10:27:42,859 INFO  client.GrpcClientProtocolClient (GrpcClientProtocolClient.java:onNext(255)) - client-821285EC2D67->9fa9a271-7bed-4435-b477-86c6ed0ece08: receive RaftClientReply:client-821285EC2D67->9fa9a271-7bed-4435-b477-86c6ed0ece08@group-0E07FAD1B91E, cid=3080, SUCCESS, logIndex=0, commits[9fa9a271-7bed-4435-b477-86c6ed0ece08:c4651, 06c1a879-4ae3-48dc-9686-b55cde066000:c4650, 67fae1a7-3cbe-4338-9d41-57e84498288b:c4650]
2019-07-10 10:27:42,878 INFO  client.GrpcClientProtocolClient (GrpcClientProtocolClient.java:onNext(255)) - client-821285EC2D67->9fa9a271-7bed-4435-b477-86c6ed0ece08: receive RaftClientReply:client-821285EC2D67->9fa9a271-7bed-4435-b477-86c6ed0ece08@group-0E07FAD1B91E, cid=3081, SUCCESS, logIndex=4655, commits[9fa9a271-7bed-4435-b477-86c6ed0ece08:c4656, 06c1a879-4ae3-48dc-9686-b55cde066000:c4651, 67fae1a7-3cbe-4338-9d41-57e84498288b:c4654]
2019-07-10 10:27:42,878 INFO  client.GrpcClientProtocolClient (GrpcClientProtocolClient.java:onNext(255)) - client-821285EC2D67->9fa9a271-7bed-4435-b477-86c6ed0ece08: receive RaftClientReply:client-821285EC2D67->9fa9a271-7bed-4435-b477-86c6ed0ece08@group-0E07FAD1B91E, cid=3082, SUCCESS, logIndex=4656, commits[9fa9a271-7bed-4435-b477-86c6ed0ece08:c4656, 06c1a879-4ae3-48dc-9686-b55cde066000:c4654, 67fae1a7-3cbe-4338-9d41-57e84498288b:c4654]
2019-07-10 10:27:42,896 INFO  client.GrpcClientProtocolClient (GrpcClientProtocolClient.java:onNext(255)) - client-821285EC2D67->9fa9a271-7bed-4435-b477-86c6ed0ece08: receive RaftClientReply:client-821285EC2D67->9fa9a271-7bed-4435-b477-86c6ed0ece08@group-0E07FAD1B91E, cid=3083, SUCCESS, logIndex=4659, commits[9fa9a271-7bed-4435-b477-86c6ed0ece08:c4660, 06c1a879-4ae3-48dc-9686-b55cde066000:c4658, 67fae1a7-3cbe-4338-9d41-57e84498288b:c4658]
2019-07-10 10:27:42,896 INFO  client.GrpcClientProtocolClient (GrpcClientProtocolClient.java:onNext(255)) - client-821285EC2D67->9fa9a271-7bed-4435-b477-86c6ed0ece08: receive RaftClientReply:client-821285EC2D67->9fa9a271-7bed-4435-b477-86c6ed0ece08@group-0E07FAD1B91E, cid=3084, SUCCESS, logIndex=4660, commits[9fa9a271-7bed-4435-b477-86c6ed0ece08:c4660, 06c1a879-4ae3-48dc-9686-b55cde066000:c4658, 67fae1a7-3cbe-4338-9d41-57e84498288b:c4658]
2019-07-10 10:27:42,906 INFO  client.GrpcClientProtocolClient (GrpcClientProtocolClient.java:onNext(255)) - client-821285EC2D67->9fa9a271-7bed-4435-b477-86c6ed0ece08: receive RaftClientReply:client-821285EC2D67->9fa9a271-7bed-4435-b477-86c6ed0ece08@group-0E07FAD1B91E, cid=3085, SUCCESS, logIndex=0, commits[9fa9a271-7bed-4435-b477-86c6ed0ece08:c4661, 06c1a879-4ae3-48dc-9686-b55cde066000:c4660, 67fae1a7-3cbe-4338-9d41-57e84498288b:c4660]
2019-07-10 10:27:42,935 INFO  client.GrpcClientProtocolClient (GrpcClientProtocolClient.java:onNext(255)) - client-821285EC2D67->9fa9a271-7bed-4435-b477-86c6ed0ece08: receive RaftClientReply:client-821285EC2D67->9fa9a271-7bed-4435-b477-86c6ed0ece08@group-0E07FAD1B91E, cid=3086, SUCCESS, logIndex=4663, commits[9fa9a271-7bed-4435-b477-86c6ed0ece08:c4664, 06c1a879-4ae3-48dc-9686-b55cde066000:c4662, 67fae1a7-3cbe-4338-9d41-57e84498288b:c4660]
2019-07-10 10:27:42,935 INFO  client.GrpcClientProtocolClient (GrpcClientProtocolClient.java:onNext(255)) - client-821285EC2D67->9fa9a271-7bed-4435-b477-86c6ed0ece08: receive RaftClientReply:client-821285EC2D67->9fa9a271-7bed-4435-b477-86c6ed0ece08@group-0E07FAD1B91E, cid=3087, SUCCESS, logIndex=4664, commits[9fa9a271-7bed-4435-b477-86c6ed0ece08:c4665, 06c1a879-4ae3-48dc-9686-b55cde066000:c4662, 67fae1a7-3cbe-4338-9d41-57e84498288b:c4662]
2019-07-10 10:27:42,935 INFO  client.GrpcClientProtocolClient (GrpcClientProtocolClient.java:onNext(255)) - client-821285EC2D67->9fa9a271-7bed-4435-b477-86c6ed0ece08: receive RaftClientReply:client-821285EC2D67->9fa9a271-7bed-4435-b477-86c6ed0ece08@group-0E07FAD1B91E, cid=3088, SUCCESS, logIndex=4665, commits[9fa9a271-7bed-4435-b477-86c6ed0ece08:c4666, 06c1a879-4ae3-48dc-9686-b55cde066000:c4662, 67fae1a7-3cbe-4338-9d41-57e84498288b:c4662]
2019-07-10 10:27:42,936 INFO  client.GrpcClientProtocolClient (GrpcClientProtocolClient.java:onNext(255)) - client-821285EC2D67->9fa9a271-7bed-4435-b477-86c6ed0ece08: receive RaftClientReply:client-821285EC2D67->9fa9a271-7bed-4435-b477-86c6ed0ece08@group-0E07FAD1B91E, cid=3089, SUCCESS, logIndex=4666, commits[9fa9a271-7bed-4435-b477-86c6ed0ece08:c4666, 06c1a879-4ae3-48dc-9686-b55cde066000:c4662, 67fae1a7-3cbe-4338-9d41-57e84498288b:c4662]
2019-07-10 10:27:42,937 INFO  client.GrpcClientProtocolClient (GrpcClientProtocolClient.java:onNext(255)) - client-821285EC2D67->9fa9a271-7bed-4435-b477-86c6ed0ece08: receive RaftClientReply:client-821285EC2D67->9fa9a271-7bed-4435-b477-86c6ed0ece08@group-0E07FAD1B91E, cid=3090, SUCCESS, logIndex=0, commits[9fa9a271-7bed-4435-b477-86c6ed0ece08:c4667, 06c1a879-4ae3-48dc-9686-b55cde066000:c4664, 67fae1a7-3cbe-4338-9d41-57e84498288b:c4664]
2019-07-10 10:27:43,459 INFO  client.GrpcClientProtocolClient (GrpcClientProtocolClient.java:onNext(255)) - client-821285EC2D67->9fa9a271-7bed-4435-b477-86c6ed0ece08: receive RaftClientReply:client-821285EC2D67->9fa9a271-7bed-4435-b477-86c6ed0ece08@group-0E07FAD1B91E, cid=3091, SUCCESS, logIndex=4670, commits[9fa9a271-7bed-4435-b477-86c6ed0ece08:c4671, 06c1a879-4ae3-48dc-9686-b55cde066000:c4669, 67fae1a7-3cbe-4338-9d41-57e84498288b:c4669]
2019-07-10 10:27:43,460 INFO  client.GrpcClientProtocolClient (GrpcClientProtocolClient.java:onNext(255)) - client-821285EC2D67->9fa9a271-7bed-4435-b477-86c6ed0ece08: receive RaftClientReply:client-821285EC2D67->9fa9a271-7bed-4435-b477-86c6ed0ece08@group-0E07FAD1B91E, cid=3092, SUCCESS, logIndex=4671, commits[9fa9a271-7bed-4435-b477-86c6ed0ece08:c4671, 06c1a879-4ae3-48dc-9686-b55cde066000:c4669, 67fae1a7-3cbe-4338-9d41-57e84498288b:c4669]
2019-07-10 10:27:43,482 INFO  client.GrpcClientProtocolClient (GrpcClientProtocolClient.java:onNext(255)) - client-821285EC2D67->9fa9a271-7bed-4435-b477-86c6ed0ece08: receive RaftClientReply:client-821285EC2D67->9fa9a271-7bed-4435-b477-86c6ed0ece08@group-0E07FAD1B91E, cid=3093, SUCCESS, logIndex=4674, commits[9fa9a271-7bed-4435-b477-86c6ed0ece08:c4675, 06c1a879-4ae3-48dc-9686-b55cde066000:c4673, 67fae1a7-3cbe-4338-9d41-57e84498288b:c4671]
2019-07-10 10:27:43,482 INFO  client.GrpcClientProtocolClient (GrpcClientProtocolClient.java:onNext(255)) - client-821285EC2D67->9fa9a271-7bed-4435-b477-86c6ed0ece08: receive RaftClientReply:client-821285EC2D67->9fa9a271-7bed-4435-b477-86c6ed0ece08@group-0E07FAD1B91E, cid=3094, SUCCESS, logIndex=4675, commits[9fa9a271-7bed-4435-b477-86c6ed0ece08:c4675, 06c1a879-4ae3-48dc-9686-b55cde066000:c4673, 67fae1a7-3cbe-4338-9d41-57e84498288b:c4673]
 0.00% |█                                                                                                    |  0/1 Time: 0:00:232019-07-10 10:27:43,487 INFO  client.GrpcClientProtocolClient (GrpcClientProtocolClient.java:onNext(255)) - client-821285EC2D67->9fa9a271-7bed-4435-b477-86c6ed0ece08: receive RaftClientReply:client-821285EC2D67->9fa9a271-7bed-4435-b477-86c6ed0ece08@group-0E07FAD1B91E, cid=3095, SUCCESS, logIndex=0, commits[9fa9a271-7bed-4435-b477-86c6ed0ece08:c4676, 06c1a879-4ae3-48dc-9686-b55cde066000:c4675, 67fae1a7-3cbe-4338-9d41-57e84498288b:c4675]
2019-07-10 10:27:43,516 INFO  client.GrpcClientProtocolClient (GrpcClientProtocolClient.java:onNext(255)) - client-821285EC2D67->9fa9a271-7bed-4435-b477-86c6ed0ece08: receive RaftClientReply:client-821285EC2D67->9fa9a271-7bed-4435-b477-86c6ed0ece08@group-0E07FAD1B91E, cid=3096, SUCCESS, logIndex=4678, commits[9fa9a271-7bed-4435-b477-86c6ed0ece08:c4679, 06c1a879-4ae3-48dc-9686-b55cde066000:c4677, 67fae1a7-3cbe-4338-9d41-57e84498288b:c4677]
2019-07-10 10:27:43,517 INFO  client.GrpcClientProtocolClient (GrpcClientProtocolClient.java:onNext(255)) - client-821285EC2D67->9fa9a271-7bed-4435-b477-86c6ed0ece08: receive RaftClientReply:client-821285EC2D67->9fa9a271-7bed-4435-b477-86c6ed0ece08@group-0E07FAD1B91E, cid=3097, SUCCESS, logIndex=4679, commits[9fa9a271-7bed-4435-b477-86c6ed0ece08:c4679, 06c1a879-4ae3-48dc-9686-b55cde066000:c4677, 67fae1a7-3cbe-4338-9d41-57e84498288b:c4677]
2019-07-10 10:27:43,517 INFO  client.GrpcClientProtocolClient (GrpcClientProtocolClient.java:onNext(255)) - client-821285EC2D67->9fa9a271-7bed-4435-b477-86c6ed0ece08: receive RaftClientReply:client-821285EC2D67->9fa9a271-7bed-4435-b477-86c6ed0ece08@group-0E07FAD1B91E, cid=3098, SUCCESS, logIndex=4680, commits[9fa9a271-7bed-4435-b477-86c6ed0ece08:c4681, 06c1a879-4ae3-48dc-9686-b55cde066000:c4677, 67fae1a7-3cbe-4338-9d41-57e84498288b:c4677]
2019-07-10 10:27:43,518 INFO  client.GrpcClientProtocolClient (GrpcClientProtocolClient.java:onNext(255)) - client-821285EC2D67->9fa9a271-7bed-4435-b477-86c6ed0ece08: receive RaftClientReply:client-821285EC2D67->9fa9a271-7bed-4435-b477-86c6ed0ece08@group-0E07FAD1B91E, cid=3099, SUCCESS, logIndex=4681, commits[9fa9a271-7bed-4435-b477-86c6ed0ece08:c4681, 06c1a879-4ae3-48dc-9686-b55cde066000:c4677, 67fae1a7-3cbe-4338-9d41-57e84498288b:c4677]
2019-07-10 10:27:43,520 INFO  client.GrpcClientProtocolClient (GrpcClientProtocolClient.java:onNext(255)) - client-821285EC2D67->9fa9a271-7bed-4435-b477-86c6ed0ece08: receive RaftClientReply:client-821285EC2D67->9fa9a271-7bed-4435-b477-86c6ed0ece08@group-0E07FAD1B91E, cid=3100, SUCCESS, logIndex=0, commits[9fa9a271-7bed-4435-b477-86c6ed0ece08:c4683, 06c1a879-4ae3-48dc-9686-b55cde066000:c4679, 67fae1a7-3cbe-4338-9d41-57e84498288b:c4679]
2019-07-10 10:27:43,540 INFO  client.GrpcClientProtocolClient (GrpcClientProtocolClient.java:onNext(255)) - client-821285EC2D67->9fa9a271-7bed-4435-b477-86c6ed0ece08: receive RaftClientReply:client-821285EC2D67->9fa9a271-7bed-4435-b477-86c6ed0ece08@group-0E07FAD1B91E, cid=3101, SUCCESS, logIndex=4686, commits[9fa9a271-7bed-4435-b477-86c6ed0ece08:c4686, 06c1a879-4ae3-48dc-9686-b55cde066000:c4685, 67fae1a7-3cbe-4338-9d41-57e84498288b:c4685]
2019-07-10 10:27:43,541 INFO  client.GrpcClientProtocolClient (GrpcClientProtocolClient.java:onNext(255)) - client-821285EC2D67->9fa9a271-7bed-4435-b477-86c6ed0ece08: receive RaftClientReply:client-821285EC2D67->9fa9a271-7bed-4435-b477-86c6ed0ece08@group-0E07FAD1B91E, cid=3102, SUCCESS, logIndex=4687, commits[9fa9a271-7bed-4435-b477-86c6ed0ece08:c4687, 06c1a879-4ae3-48dc-9686-b55cde066000:c4685, 67fae1a7-3cbe-4338-9d41-57e84498288b:c4685]
2019-07-10 10:27:43,564 INFO  client.GrpcClientProtocolClient (GrpcClientProtocolClient.java:onNext(255)) - client-821285EC2D67->9fa9a271-7bed-4435-b477-86c6ed0ece08: receive RaftClientReply:client-821285EC2D67->9fa9a271-7bed-4435-b477-86c6ed0ece08@group-0E07FAD1B91E, cid=3103, SUCCESS, logIndex=4690, commits[9fa9a271-7bed-4435-b477-86c6ed0ece08:c4691, 06c1a879-4ae3-48dc-9686-b55cde066000:c4687, 67fae1a7-3cbe-4338-9d41-57e84498288b:c4687]
2019-07-10 10:27:43,564 INFO  client.GrpcClientProtocolClient (GrpcClientProtocolClient.java:onNext(255)) - client-821285EC2D67->9fa9a271-7bed-4435-b477-86c6ed0ece08: receive RaftClientReply:client-821285EC2D67->9fa9a271-7bed-4435-b477-86c6ed0ece08@group-0E07FAD1B91E, cid=3104, SUCCESS, logIndex=4691, commits[9fa9a271-7bed-4435-b477-86c6ed0ece08:c4691, 06c1a879-4ae3-48dc-9686-b55cde066000:c4687, 67fae1a7-3cbe-4338-9d41-57e84498288b:c4687]
2019-07-10 10:27:43,565 INFO  client.GrpcClientProtocolClient (GrpcClientProtocolClient.java:onNext(255)) - client-821285EC2D67->9fa9a271-7bed-4435-b477-86c6ed0ece08: receive RaftClientReply:client-821285EC2D67->9fa9a271-7bed-4435-b477-86c6ed0ece08@group-0E07FAD1B91E, cid=3105, SUCCESS, logIndex=0, commits[9fa9a271-7bed-4435-b477-86c6ed0ece08:c4692, 06c1a879-4ae3-48dc-9686-b55cde066000:c4691, 67fae1a7-3cbe-4338-9d41-57e84498288b:c4691]
2019-07-10 10:27:43,592 INFO  client.GrpcClientProtocolClient (GrpcClientProtocolClient.java:onNext(255)) - client-821285EC2D67->9fa9a271-7bed-4435-b477-86c6ed0ece08: receive RaftClientReply:client-821285EC2D67->9fa9a271-7bed-4435-b477-86c6ed0ece08@group-0E07FAD1B91E, cid=3106, SUCCESS, logIndex=4694, commits[9fa9a271-7bed-4435-b477-86c6ed0ece08:c4695, 06c1a879-4ae3-48dc-9686-b55cde066000:c4693, 67fae1a7-3cbe-4338-9d41-57e84498288b:c4691]
2019-07-10 10:27:43,592 INFO  client.GrpcClientProtocolClient (GrpcClientProtocolClient.java:onNext(255)) - client-821285EC2D67->9fa9a271-7bed-4435-b477-86c6ed0ece08: receive RaftClientReply:client-821285EC2D67->9fa9a271-7bed-4435-b477-86c6ed0ece08@group-0E07FAD1B91E, cid=3107, SUCCESS, logIndex=4695, commits[9fa9a271-7bed-4435-b477-86c6ed0ece08:c4695, 06c1a879-4ae3-48dc-9686-b55cde066000:c4693, 67fae1a7-3cbe-4338-9d41-57e84498288b:c4691]
2019-07-10 10:27:43,601 INFO  client.GrpcClientProtocolClient (GrpcClientProtocolClient.java:onNext(255)) - client-821285EC2D67->9fa9a271-7bed-4435-b477-86c6ed0ece08: receive RaftClientReply:client-821285EC2D67->9fa9a271-7bed-4435-b477-86c6ed0ece08@group-0E07FAD1B91E, cid=3108, SUCCESS, logIndex=4696, commits[9fa9a271-7bed-4435-b477-86c6ed0ece08:c4697, 06c1a879-4ae3-48dc-9686-b55cde066000:c4693, 67fae1a7-3cbe-4338-9d41-57e84498288b:c4691]
2019-07-10 10:27:43,602 INFO  client.GrpcClientProtocolClient (GrpcClientProtocolClient.java:onNext(255)) - client-821285EC2D67->9fa9a271-7bed-4435-b477-86c6ed0ece08: receive RaftClientReply:client-821285EC2D67->9fa9a271-7bed-4435-b477-86c6ed0ece08@group-0E07FAD1B91E, cid=3109, SUCCESS, logIndex=4697, commits[9fa9a271-7bed-4435-b477-86c6ed0ece08:c4697, 06c1a879-4ae3-48dc-9686-b55cde066000:c4693, 67fae1a7-3cbe-4338-9d41-57e84498288b:c4693]
2019-07-10 10:27:43,603 INFO  client.GrpcClientProtocolClient (GrpcClientProtocolClient.java:onNext(255)) - client-821285EC2D67->9fa9a271-7bed-4435-b477-86c6ed0ece08: receive RaftClientReply:client-821285EC2D67->9fa9a271-7bed-4435-b477-86c6ed0ece08@group-0E07FAD1B91E, cid=3110, SUCCESS, logIndex=0, commits[9fa9a271-7bed-4435-b477-86c6ed0ece08:c4699, 06c1a879-4ae3-48dc-9686-b55cde066000:c4695, 67fae1a7-3cbe-4338-9d41-57e84498288b:c4695]
2019-07-10 10:27:43,622 INFO  client.GrpcClientProtocolClient (GrpcClientProtocolClient.java:onNext(255)) - client-821285EC2D67->9fa9a271-7bed-4435-b477-86c6ed0ece08: receive RaftClientReply:client-821285EC2D67->9fa9a271-7bed-4435-b477-86c6ed0ece08@group-0E07FAD1B91E, cid=3111, SUCCESS, logIndex=4702, commits[9fa9a271-7bed-4435-b477-86c6ed0ece08:c4703, 06c1a879-4ae3-48dc-9686-b55cde066000:c4701, 67fae1a7-3cbe-4338-9d41-57e84498288b:c4701]
2019-07-10 10:27:43,622 INFO  client.GrpcClientProtocolClient (GrpcClientProtocolClient.java:onNext(255)) - client-821285EC2D67->9fa9a271-7bed-4435-b477-86c6ed0ece08: receive RaftClientReply:client-821285EC2D67->9fa9a271-7bed-4435-b477-86c6ed0ece08@group-0E07FAD1B91E, cid=3112, SUCCESS, logIndex=4703, commits[9fa9a271-7bed-4435-b477-86c6ed0ece08:c4703, 06c1a879-4ae3-48dc-9686-b55cde066000:c4701, 67fae1a7-3cbe-4338-9d41-57e84498288b:c4701]
2019-07-10 10:27:43,637 INFO  client.GrpcClientProtocolClient (GrpcClientProtocolClient.java:onNext(255)) - client-821285EC2D67->9fa9a271-7bed-4435-b477-86c6ed0ece08: receive RaftClientReply:client-821285EC2D67->9fa9a271-7bed-4435-b477-86c6ed0ece08@group-0E07FAD1B91E, cid=3113, SUCCESS, logIndex=4706, commits[9fa9a271-7bed-4435-b477-86c6ed0ece08:c4707, 06c1a879-4ae3-48dc-9686-b55cde066000:c4702, 67fae1a7-3cbe-4338-9d41-57e84498288b:c4703]
2019-07-10 10:27:43,638 INFO  client.GrpcClientProtocolClient (GrpcClientProtocolClient.java:onNext(255)) - client-821285EC2D67->9fa9a271-7bed-4435-b477-86c6ed0ece08: receive RaftClientReply:client-821285EC2D67->9fa9a271-7bed-4435-b477-86c6ed0ece08@group-0E07FAD1B91E, cid=3114, SUCCESS, logIndex=4707, commits[9fa9a271-7bed-4435-b477-86c6ed0ece08:c4707, 06c1a879-4ae3-48dc-9686-b55cde066000:c4702, 67fae1a7-3cbe-4338-9d41-57e84498288b:c4703]
2019-07-10 10:27:43,650 INFO  client.GrpcClientProtocolClient (GrpcClientProtocolClient.java:onNext(255)) - client-821285EC2D67->9fa9a271-7bed-4435-b477-86c6ed0ece08: receive RaftClientReply:client-821285EC2D67->9fa9a271-7bed-4435-b477-86c6ed0ece08@group-0E07FAD1B91E, cid=3115, SUCCESS, logIndex=0, commits[9fa9a271-7bed-4435-b477-86c6ed0ece08:c4708, 06c1a879-4ae3-48dc-9686-b55cde066000:c4703, 67fae1a7-3cbe-4338-9d41-57e84498288b:c4706]
2019-07-10 10:27:43,651 INFO  client.GrpcClientProtocolClient (GrpcClientProtocolClient.java:onNext(255)) - client-821285EC2D67->9fa9a271-7bed-4435-b477-86c6ed0ece08: receive RaftClientReply:client-821285EC2D67->9fa9a271-7bed-4435-b477-86c6ed0ece08@group-0E07FAD1B91E, cid=3116, SUCCESS, logIndex=0, commits[9fa9a271-7bed-4435-b477-86c6ed0ece08:c4709, 06c1a879-4ae3-48dc-9686-b55cde066000:c4707, 67fae1a7-3cbe-4338-9d41-57e84498288b:c4707]
2019-07-10 10:27:43,682 INFO  client.GrpcClientProtocolClient (GrpcClientProtocolClient.java:onNext(255)) - client-821285EC2D67->9fa9a271-7bed-4435-b477-86c6ed0ece08: receive RaftClientReply:client-821285EC2D67->9fa9a271-7bed-4435-b477-86c6ed0ece08@group-0E07FAD1B91E, cid=3117, SUCCESS, logIndex=4710, commits[9fa9a271-7bed-4435-b477-86c6ed0ece08:c4711, 06c1a879-4ae3-48dc-9686-b55cde066000:c4709, 67fae1a7-3cbe-4338-9d41-57e84498288b:c4709]
2019-07-10 10:27:43,682 INFO  client.GrpcClientProtocolClient (GrpcClientProtocolClient.java:onNext(255)) - client-821285EC2D67->9fa9a271-7bed-4435-b477-86c6ed0ece08: receive RaftClientReply:client-821285EC2D67->9fa9a271-7bed-4435-b477-86c6ed0ece08@group-0E07FAD1B91E, cid=3118, SUCCESS, logIndex=4711, commits[9fa9a271-7bed-4435-b477-86c6ed0ece08:c4713, 06c1a879-4ae3-48dc-9686-b55cde066000:c4709, 67fae1a7-3cbe-4338-9d41-57e84498288b:c4709]
2019-07-10 10:27:43,683 INFO  client.GrpcClientProtocolClient (GrpcClientProtocolClient.java:onNext(255)) - client-821285EC2D67->9fa9a271-7bed-4435-b477-86c6ed0ece08: receive RaftClientReply:client-821285EC2D67->9fa9a271-7bed-4435-b477-86c6ed0ece08@group-0E07FAD1B91E, cid=3119, SUCCESS, logIndex=4712, commits[9fa9a271-7bed-4435-b477-86c6ed0ece08:c4713, 06c1a879-4ae3-48dc-9686-b55cde066000:c4709, 67fae1a7-3cbe-4338-9d41-57e84498288b:c4709]
2019-07-10 10:27:43,683 INFO  client.GrpcClientProtocolClient (GrpcClientProtocolClient.java:onNext(255)) - client-821285EC2D67->9fa9a271-7bed-4435-b477-86c6ed0ece08: receive RaftClientReply:client-821285EC2D67->9fa9a271-7bed-4435-b477-86c6ed0ece08@group-0E07FAD1B91E, cid=3120, SUCCESS, logIndex=4713, commits[9fa9a271-7bed-4435-b477-86c6ed0ece08:c4713, 06c1a879-4ae3-48dc-9686-b55cde066000:c4709, 67fae1a7-3cbe-4338-9d41-57e84498288b:c4709]
2019-07-10 10:27:43,687 INFO  client.GrpcClientProtocolClient (GrpcClientProtocolClient.java:onNext(255)) - client-821285EC2D67->9fa9a271-7bed-4435-b477-86c6ed0ece08: receive RaftClientReply:client-821285EC2D67->9fa9a271-7bed-4435-b477-86c6ed0ece08@group-0E07FAD1B91E, cid=3121, SUCCESS, logIndex=0, commits[9fa9a271-7bed-4435-b477-86c6ed0ece08:c4716, 06c1a879-4ae3-48dc-9686-b55cde066000:c4713, 67fae1a7-3cbe-4338-9d41-57e84498288b:c4711]
2019-07-10 10:27:43,705 INFO  client.GrpcClientProtocolClient (GrpcClientProtocolClient.java:onNext(255)) - client-821285EC2D67->9fa9a271-7bed-4435-b477-86c6ed0ece08: receive RaftClientReply:client-821285EC2D67->9fa9a271-7bed-4435-b477-86c6ed0ece08@group-0E07FAD1B91E, cid=3122, SUCCESS, logIndex=4717, commits[9fa9a271-7bed-4435-b477-86c6ed0ece08:c4718, 06c1a879-4ae3-48dc-9686-b55cde066000:c4716, 67fae1a7-3cbe-4338-9d41-57e84498288b:c4716]
2019-07-10 10:27:43,705 INFO  client.GrpcClientProtocolClient (GrpcClientProtocolClient.java:onNext(255)) - client-821285EC2D67->9fa9a271-7bed-4435-b477-86c6ed0ece08: receive RaftClientReply:client-821285EC2D67->9fa9a271-7bed-4435-b477-86c6ed0ece08@group-0E07FAD1B91E, cid=3123, SUCCESS, logIndex=4718, commits[9fa9a271-7bed-4435-b477-86c6ed0ece08:c4718, 06c1a879-4ae3-48dc-9686-b55cde066000:c4716, 67fae1a7-3cbe-4338-9d41-57e84498288b:c4716]
2019-07-10 10:27:43,718 INFO  client.GrpcClientProtocolClient (GrpcClientProtocolClient.java:onNext(255)) - client-821285EC2D67->9fa9a271-7bed-4435-b477-86c6ed0ece08: receive RaftClientReply:client-821285EC2D67->9fa9a271-7bed-4435-b477-86c6ed0ece08@group-0E07FAD1B91E, cid=3124, SUCCESS, logIndex=4721, commits[9fa9a271-7bed-4435-b477-86c6ed0ece08:c4721, 06c1a879-4ae3-48dc-9686-b55cde066000:c4718, 67fae1a7-3cbe-4338-9d41-57e84498288b:c4718]
2019-07-10 10:27:43,718 INFO  client.GrpcClientProtocolClient (GrpcClientProtocolClient.java:onNext(255)) - client-821285EC2D67->9fa9a271-7bed-4435-b477-86c6ed0ece08: receive RaftClientReply:client-821285EC2D67->9fa9a271-7bed-4435-b477-86c6ed0ece08@group-0E07FAD1B91E, cid=3125, SUCCESS, logIndex=4722, commits[9fa9a271-7bed-4435-b477-86c6ed0ece08:c4722, 06c1a879-4ae3-48dc-9686-b55cde066000:c4718, 67fae1a7-3cbe-4338-9d41-57e84498288b:c4718]
2019-07-10 10:27:43,729 INFO  client.GrpcClientProtocolClient (GrpcClientProtocolClient.java:onNext(255)) - client-821285EC2D67->9fa9a271-7bed-4435-b477-86c6ed0ece08: receive RaftClientReply:client-821285EC2D67->9fa9a271-7bed-4435-b477-86c6ed0ece08@group-0E07FAD1B91E, cid=3126, SUCCESS, logIndex=0, commits[9fa9a271-7bed-4435-b477-86c6ed0ece08:c4724, 06c1a879-4ae3-48dc-9686-b55cde066000:c4722, 67fae1a7-3cbe-4338-9d41-57e84498288b:c4722]
2019-07-10 10:27:43,757 INFO  client.GrpcClientProtocolClient (GrpcClientProtocolClient.java:onNext(255)) - client-821285EC2D67->9fa9a271-7bed-4435-b477-86c6ed0ece08: receive RaftClientReply:client-821285EC2D67->9fa9a271-7bed-4435-b477-86c6ed0ece08@group-0E07FAD1B91E, cid=3127, SUCCESS, logIndex=4725, commits[9fa9a271-7bed-4435-b477-86c6ed0ece08:c4727, 06c1a879-4ae3-48dc-9686-b55cde066000:c4724, 67fae1a7-3cbe-4338-9d41-57e84498288b:c4724]
2019-07-10 10:27:43,758 INFO  client.GrpcClientProtocolClient (GrpcClientProtocolClient.java:onNext(255)) - client-821285EC2D67->9fa9a271-7bed-4435-b477-86c6ed0ece08: receive RaftClientReply:client-821285EC2D67->9fa9a271-7bed-4435-b477-86c6ed0ece08@group-0E07FAD1B91E, cid=3128, SUCCESS, logIndex=4726, commits[9fa9a271-7bed-4435-b477-86c6ed0ece08:c4728, 06c1a879-4ae3-48dc-9686-b55cde066000:c4724, 67fae1a7-3cbe-4338-9d41-57e84498288b:c4724]
2019-07-10 10:27:43,758 INFO  client.GrpcClientProtocolClient (GrpcClientProtocolClient.java:onNext(255)) - client-821285EC2D67->9fa9a271-7bed-4435-b477-86c6ed0ece08: receive RaftClientReply:client-821285EC2D67->9fa9a271-7bed-4435-b477-86c6ed0ece08@group-0E07FAD1B91E, cid=3129, SUCCESS, logIndex=4727, commits[9fa9a271-7bed-4435-b477-86c6ed0ece08:c4728, 06c1a879-4ae3-48dc-9686-b55cde066000:c4724, 67fae1a7-3cbe-4338-9d41-57e84498288b:c4724]
2019-07-10 10:27:43,758 INFO  client.GrpcClientProtocolClient (GrpcClientProtocolClient.java:onNext(255)) - client-821285EC2D67->9fa9a271-7bed-4435-b477-86c6ed0ece08: receive RaftClientReply:client-821285EC2D67->9fa9a271-7bed-4435-b477-86c6ed0ece08@group-0E07FAD1B91E, cid=3130, SUCCESS, logIndex=4728, commits[9fa9a271-7bed-4435-b477-86c6ed0ece08:c4728, 06c1a879-4ae3-48dc-9686-b55cde066000:c4724, 67fae1a7-3cbe-4338-9d41-57e84498288b:c4726]
2019-07-10 10:27:43,759 INFO  client.GrpcClientProtocolClient (GrpcClientProtocolClient.java:onNext(255)) - client-821285EC2D67->9fa9a271-7bed-4435-b477-86c6ed0ece08: receive RaftClientReply:client-821285EC2D67->9fa9a271-7bed-4435-b477-86c6ed0ece08@group-0E07FAD1B91E, cid=3131, SUCCESS, logIndex=0, commits[9fa9a271-7bed-4435-b477-86c6ed0ece08:c4729, 06c1a879-4ae3-48dc-9686-b55cde066000:c4727, 67fae1a7-3cbe-4338-9d41-57e84498288b:c4726]
2019-07-10 10:27:43,778 INFO  client.GrpcClientProtocolClient (GrpcClientProtocolClient.java:onNext(255)) - client-821285EC2D67->9fa9a271-7bed-4435-b477-86c6ed0ece08: receive RaftClientReply:client-821285EC2D67->9fa9a271-7bed-4435-b477-86c6ed0ece08@group-0E07FAD1B91E, cid=3132, SUCCESS, logIndex=4733, commits[9fa9a271-7bed-4435-b477-86c6ed0ece08:c4734, 06c1a879-4ae3-48dc-9686-b55cde066000:c4732, 67fae1a7-3cbe-4338-9d41-57e84498288b:c4728]
2019-07-10 10:27:43,779 INFO  client.GrpcClientProtocolClient (GrpcClientProtocolClient.java:onNext(255)) - client-821285EC2D67->9fa9a271-7bed-4435-b477-86c6ed0ece08: receive RaftClientReply:client-821285EC2D67->9fa9a271-7bed-4435-b477-86c6ed0ece08@group-0E07FAD1B91E, cid=3133, SUCCESS, logIndex=4734, commits[9fa9a271-7bed-4435-b477-86c6ed0ece08:c4734, 06c1a879-4ae3-48dc-9686-b55cde066000:c4732, 67fae1a7-3cbe-4338-9d41-57e84498288b:c4732]
2019-07-10 10:27:43,792 INFO  client.GrpcClientProtocolClient (GrpcClientProtocolClient.java:onNext(255)) - client-821285EC2D67->9fa9a271-7bed-4435-b477-86c6ed0ece08: receive RaftClientReply:client-821285EC2D67->9fa9a271-7bed-4435-b477-86c6ed0ece08@group-0E07FAD1B91E, cid=3134, SUCCESS, logIndex=4737, commits[9fa9a271-7bed-4435-b477-86c6ed0ece08:c4738, 06c1a879-4ae3-48dc-9686-b55cde066000:c4736, 67fae1a7-3cbe-4338-9d41-57e84498288b:c4736]
2019-07-10 10:27:43,792 INFO  client.GrpcClientProtocolClient (GrpcClientProtocolClient.java:onNext(255)) - client-821285EC2D67->9fa9a271-7bed-4435-b477-86c6ed0ece08: receive RaftClientReply:client-821285EC2D67->9fa9a271-7bed-4435-b477-86c6ed0ece08@group-0E07FAD1B91E, cid=3135, SUCCESS, logIndex=4738, commits[9fa9a271-7bed-4435-b477-86c6ed0ece08:c4738, 06c1a879-4ae3-48dc-9686-b55cde066000:c4736, 67fae1a7-3cbe-4338-9d41-57e84498288b:c4736]
2019-07-10 10:27:43,795 INFO  client.GrpcClientProtocolClient (GrpcClientProtocolClient.java:onNext(255)) - client-821285EC2D67->9fa9a271-7bed-4435-b477-86c6ed0ece08: receive RaftClientReply:client-821285EC2D67->9fa9a271-7bed-4435-b477-86c6ed0ece08@group-0E07FAD1B91E, cid=3136, SUCCESS, logIndex=0, commits[9fa9a271-7bed-4435-b477-86c6ed0ece08:c4739, 06c1a879-4ae3-48dc-9686-b55cde066000:c4738, 67fae1a7-3cbe-4338-9d41-57e84498288b:c4738]
2019-07-10 10:27:43,823 INFO  client.GrpcClientProtocolClient (GrpcClientProtocolClient.java:onNext(255)) - client-821285EC2D67->9fa9a271-7bed-4435-b477-86c6ed0ece08: receive RaftClientReply:client-821285EC2D67->9fa9a271-7bed-4435-b477-86c6ed0ece08@group-0E07FAD1B91E, cid=3137, SUCCESS, logIndex=4741, commits[9fa9a271-7bed-4435-b477-86c6ed0ece08:c4742, 06c1a879-4ae3-48dc-9686-b55cde066000:c4740, 67fae1a7-3cbe-4338-9d41-57e84498288b:c4738]
2019-07-10 10:27:43,824 INFO  client.GrpcClientProtocolClient (GrpcClientProtocolClient.java:onNext(255)) - client-821285EC2D67->9fa9a271-7bed-4435-b477-86c6ed0ece08: receive RaftClientReply:client-821285EC2D67->9fa9a271-7bed-4435-b477-86c6ed0ece08@group-0E07FAD1B91E, cid=3138, SUCCESS, logIndex=4742, commits[9fa9a271-7bed-4435-b477-86c6ed0ece08:c4742, 06c1a879-4ae3-48dc-9686-b55cde066000:c4740, 67fae1a7-3cbe-4338-9d41-57e84498288b:c4740]
2019-07-10 10:27:43,825 INFO  client.GrpcClientProtocolClient (GrpcClientProtocolClient.java:onNext(255)) - client-821285EC2D67->9fa9a271-7bed-4435-b477-86c6ed0ece08: receive RaftClientReply:client-821285EC2D67->9fa9a271-7bed-4435-b477-86c6ed0ece08@group-0E07FAD1B91E, cid=3139, SUCCESS, logIndex=4743, commits[9fa9a271-7bed-4435-b477-86c6ed0ece08:c4744, 06c1a879-4ae3-48dc-9686-b55cde066000:c4740, 67fae1a7-3cbe-4338-9d41-57e84498288b:c4740]
2019-07-10 10:27:43,825 INFO  client.GrpcClientProtocolClient (GrpcClientProtocolClient.java:onNext(255)) - client-821285EC2D67->9fa9a271-7bed-4435-b477-86c6ed0ece08: receive RaftClientReply:client-821285EC2D67->9fa9a271-7bed-4435-b477-86c6ed0ece08@group-0E07FAD1B91E, cid=3140, SUCCESS, logIndex=4744, commits[9fa9a271-7bed-4435-b477-86c6ed0ece08:c4744, 06c1a879-4ae3-48dc-9686-b55cde066000:c4740, 67fae1a7-3cbe-4338-9d41-57e84498288b:c4740]
2019-07-10 10:27:43,828 INFO  client.GrpcClientProtocolClient (GrpcClientProtocolClient.java:onNext(255)) - client-821285EC2D67->9fa9a271-7bed-4435-b477-86c6ed0ece08: receive RaftClientReply:client-821285EC2D67->9fa9a271-7bed-4435-b477-86c6ed0ece08@group-0E07FAD1B91E, cid=3141, SUCCESS, logIndex=0, commits[9fa9a271-7bed-4435-b477-86c6ed0ece08:c4746, 06c1a879-4ae3-48dc-9686-b55cde066000:c4742, 67fae1a7-3cbe-4338-9d41-57e84498288b:c4742]
2019-07-10 10:27:43,842 INFO  client.GrpcClientProtocolClient (GrpcClientProtocolClient.java:onNext(255)) - client-821285EC2D67->9fa9a271-7bed-4435-b477-86c6ed0ece08: receive RaftClientReply:client-821285EC2D67->9fa9a271-7bed-4435-b477-86c6ed0ece08@group-0E07FAD1B91E, cid=3142, SUCCESS, logIndex=4749, commits[9fa9a271-7bed-4435-b477-86c6ed0ece08:c4750, 06c1a879-4ae3-48dc-9686-b55cde066000:c4748, 67fae1a7-3cbe-4338-9d41-57e84498288b:c4748]
2019-07-10 10:27:43,843 INFO  client.GrpcClientProtocolClient (GrpcClientProtocolClient.java:onNext(255)) - client-821285EC2D67->9fa9a271-7bed-4435-b477-86c6ed0ece08: receive RaftClientReply:client-821285EC2D67->9fa9a271-7bed-4435-b477-86c6ed0ece08@group-0E07FAD1B91E, cid=3143, SUCCESS, logIndex=4750, commits[9fa9a271-7bed-4435-b477-86c6ed0ece08:c4750, 06c1a879-4ae3-48dc-9686-b55cde066000:c4748, 67fae1a7-3cbe-4338-9d41-57e84498288b:c4748]
2019-07-10 10:27:43,856 INFO  client.GrpcClientProtocolClient (GrpcClientProtocolClient.java:onNext(255)) - client-821285EC2D67->9fa9a271-7bed-4435-b477-86c6ed0ece08: receive RaftClientReply:client-821285EC2D67->9fa9a271-7bed-4435-b477-86c6ed0ece08@group-0E07FAD1B91E, cid=3144, SUCCESS, logIndex=4753, commits[9fa9a271-7bed-4435-b477-86c6ed0ece08:c4754, 06c1a879-4ae3-48dc-9686-b55cde066000:c4750, 67fae1a7-3cbe-4338-9d41-57e84498288b:c4750]
2019-07-10 10:27:43,856 INFO  client.GrpcClientProtocolClient (GrpcClientProtocolClient.java:onNext(255)) - client-821285EC2D67->9fa9a271-7bed-4435-b477-86c6ed0ece08: receive RaftClientReply:client-821285EC2D67->9fa9a271-7bed-4435-b477-86c6ed0ece08@group-0E07FAD1B91E, cid=3145, SUCCESS, logIndex=4754, commits[9fa9a271-7bed-4435-b477-86c6ed0ece08:c4754, 06c1a879-4ae3-48dc-9686-b55cde066000:c4750, 67fae1a7-3cbe-4338-9d41-57e84498288b:c4750]
2019-07-10 10:27:43,869 INFO  client.GrpcClientProtocolClient (GrpcClientProtocolClient.java:onNext(255)) - client-821285EC2D67->9fa9a271-7bed-4435-b477-86c6ed0ece08: receive RaftClientReply:client-821285EC2D67->9fa9a271-7bed-4435-b477-86c6ed0ece08@group-0E07FAD1B91E, cid=3146, SUCCESS, logIndex=0, commits[9fa9a271-7bed-4435-b477-86c6ed0ece08:c4756, 06c1a879-4ae3-48dc-9686-b55cde066000:c4754, 67fae1a7-3cbe-4338-9d41-57e84498288b:c4754]
2019-07-10 10:27:43,898 INFO  client.GrpcClientProtocolClient (GrpcClientProtocolClient.java:onNext(255)) - client-821285EC2D67->9fa9a271-7bed-4435-b477-86c6ed0ece08: receive RaftClientReply:client-821285EC2D67->9fa9a271-7bed-4435-b477-86c6ed0ece08@group-0E07FAD1B91E, cid=3147, SUCCESS, logIndex=4757, commits[9fa9a271-7bed-4435-b477-86c6ed0ece08:c4758, 06c1a879-4ae3-48dc-9686-b55cde066000:c4756, 67fae1a7-3cbe-4338-9d41-57e84498288b:c4756]
2019-07-10 10:27:43,899 INFO  client.GrpcClientProtocolClient (GrpcClientProtocolClient.java:onNext(255)) - client-821285EC2D67->9fa9a271-7bed-4435-b477-86c6ed0ece08: receive RaftClientReply:client-821285EC2D67->9fa9a271-7bed-4435-b477-86c6ed0ece08@group-0E07FAD1B91E, cid=3148, SUCCESS, logIndex=4758, commits[9fa9a271-7bed-4435-b477-86c6ed0ece08:c4758, 06c1a879-4ae3-48dc-9686-b55cde066000:c4756, 67fae1a7-3cbe-4338-9d41-57e84498288b:c4756]
2019-07-10 10:27:43,899 INFO  client.GrpcClientProtocolClient (GrpcClientProtocolClient.java:onNext(255)) - client-821285EC2D67->9fa9a271-7bed-4435-b477-86c6ed0ece08: receive RaftClientReply:client-821285EC2D67->9fa9a271-7bed-4435-b477-86c6ed0ece08@group-0E07FAD1B91E, cid=3149, SUCCESS, logIndex=4759, commits[9fa9a271-7bed-4435-b477-86c6ed0ece08:c4759, 06c1a879-4ae3-48dc-9686-b55cde066000:c4756, 67fae1a7-3cbe-4338-9d41-57e84498288b:c4756]
2019-07-10 10:27:43,900 INFO  client.GrpcClientProtocolClient (GrpcClientProtocolClient.java:onNext(255)) - client-821285EC2D67->9fa9a271-7bed-4435-b477-86c6ed0ece08: receive RaftClientReply:client-821285EC2D67->9fa9a271-7bed-4435-b477-86c6ed0ece08@group-0E07FAD1B91E, cid=3150, SUCCESS, logIndex=4760, commits[9fa9a271-7bed-4435-b477-86c6ed0ece08:c4760, 06c1a879-4ae3-48dc-9686-b55cde066000:c4756, 67fae1a7-3cbe-4338-9d41-57e84498288b:c4756]
2019-07-10 10:27:43,901 INFO  client.GrpcClientProtocolClient (GrpcClientProtocolClient.java:onNext(255)) - client-821285EC2D67->9fa9a271-7bed-4435-b477-86c6ed0ece08: receive RaftClientReply:client-821285EC2D67->9fa9a271-7bed-4435-b477-86c6ed0ece08@group-0E07FAD1B91E, cid=3151, SUCCESS, logIndex=0, commits[9fa9a271-7bed-4435-b477-86c6ed0ece08:c4762, 06c1a879-4ae3-48dc-9686-b55cde066000:c4758, 67fae1a7-3cbe-4338-9d41-57e84498288b:c4758]
2019-07-10 10:27:43,919 INFO  client.GrpcClientProtocolClient (GrpcClientProtocolClient.java:onNext(255)) - client-821285EC2D67->9fa9a271-7bed-4435-b477-86c6ed0ece08: receive RaftClientReply:client-821285EC2D67->9fa9a271-7bed-4435-b477-86c6ed0ece08@group-0E07FAD1B91E, cid=3152, SUCCESS, logIndex=4765, commits[9fa9a271-7bed-4435-b477-86c6ed0ece08:c4766, 06c1a879-4ae3-48dc-9686-b55cde066000:c4764, 67fae1a7-3cbe-4338-9d41-57e84498288b:c4764]
2019-07-10 10:27:43,919 INFO  client.GrpcClientProtocolClient (GrpcClientProtocolClient.java:onNext(255)) - client-821285EC2D67->9fa9a271-7bed-4435-b477-86c6ed0ece08: receive RaftClientReply:client-821285EC2D67->9fa9a271-7bed-4435-b477-86c6ed0ece08@group-0E07FAD1B91E, cid=3153, SUCCESS, logIndex=4766, commits[9fa9a271-7bed-4435-b477-86c6ed0ece08:c4766, 06c1a879-4ae3-48dc-9686-b55cde066000:c4764, 67fae1a7-3cbe-4338-9d41-57e84498288b:c4764]
2019-07-10 10:27:43,940 INFO  client.GrpcClientProtocolClient (GrpcClientProtocolClient.java:onNext(255)) - client-821285EC2D67->9fa9a271-7bed-4435-b477-86c6ed0ece08: receive RaftClientReply:client-821285EC2D67->9fa9a271-7bed-4435-b477-86c6ed0ece08@group-0E07FAD1B91E, cid=3154, SUCCESS, logIndex=4769, commits[9fa9a271-7bed-4435-b477-86c6ed0ece08:c4770, 06c1a879-4ae3-48dc-9686-b55cde066000:c4766, 67fae1a7-3cbe-4338-9d41-57e84498288b:c4766]
2019-07-10 10:27:43,941 INFO  client.GrpcClientProtocolClient (GrpcClientProtocolClient.java:onNext(255)) - client-821285EC2D67->9fa9a271-7bed-4435-b477-86c6ed0ece08: receive RaftClientReply:client-821285EC2D67->9fa9a271-7bed-4435-b477-86c6ed0ece08@group-0E07FAD1B91E, cid=3155, SUCCESS, logIndex=4770, commits[9fa9a271-7bed-4435-b477-86c6ed0ece08:c4770, 06c1a879-4ae3-48dc-9686-b55cde066000:c4766, 67fae1a7-3cbe-4338-9d41-57e84498288b:c4766]
2019-07-10 10:27:43,942 INFO  client.GrpcClientProtocolClient (GrpcClientProtocolClient.java:onNext(255)) - client-821285EC2D67->9fa9a271-7bed-4435-b477-86c6ed0ece08: receive RaftClientReply:client-821285EC2D67->9fa9a271-7bed-4435-b477-86c6ed0ece08@group-0E07FAD1B91E, cid=3156, SUCCESS, logIndex=0, commits[9fa9a271-7bed-4435-b477-86c6ed0ece08:c4771, 06c1a879-4ae3-48dc-9686-b55cde066000:c4770, 67fae1a7-3cbe-4338-9d41-57e84498288b:c4770]
2019-07-10 10:27:43,971 INFO  client.GrpcClientProtocolClient (GrpcClientProtocolClient.java:onNext(255)) - client-821285EC2D67->9fa9a271-7bed-4435-b477-86c6ed0ece08: receive RaftClientReply:client-821285EC2D67->9fa9a271-7bed-4435-b477-86c6ed0ece08@group-0E07FAD1B91E, cid=3157, SUCCESS, logIndex=4773, commits[9fa9a271-7bed-4435-b477-86c6ed0ece08:c4774, 06c1a879-4ae3-48dc-9686-b55cde066000:c4772, 67fae1a7-3cbe-4338-9d41-57e84498288b:c4772]
2019-07-10 10:27:43,971 INFO  client.GrpcClientProtocolClient (GrpcClientProtocolClient.java:onNext(255)) - client-821285EC2D67->9fa9a271-7bed-4435-b477-86c6ed0ece08: receive RaftClientReply:client-821285EC2D67->9fa9a271-7bed-4435-b477-86c6ed0ece08@group-0E07FAD1B91E, cid=3158, SUCCESS, logIndex=4774, commits[9fa9a271-7bed-4435-b477-86c6ed0ece08:c4774, 06c1a879-4ae3-48dc-9686-b55cde066000:c4772, 67fae1a7-3cbe-4338-9d41-57e84498288b:c4772]
2019-07-10 10:27:43,981 INFO  client.GrpcClientProtocolClient (GrpcClientProtocolClient.java:onNext(255)) - client-821285EC2D67->9fa9a271-7bed-4435-b477-86c6ed0ece08: receive RaftClientReply:client-821285EC2D67->9fa9a271-7bed-4435-b477-86c6ed0ece08@group-0E07FAD1B91E, cid=3159, SUCCESS, logIndex=4775, commits[9fa9a271-7bed-4435-b477-86c6ed0ece08:c4776, 06c1a879-4ae3-48dc-9686-b55cde066000:c4772, 67fae1a7-3cbe-4338-9d41-57e84498288b:c4772]
2019-07-10 10:27:43,981 INFO  client.GrpcClientProtocolClient (GrpcClientProtocolClient.java:onNext(255)) - client-821285EC2D67->9fa9a271-7bed-4435-b477-86c6ed0ece08: receive RaftClientReply:client-821285EC2D67->9fa9a271-7bed-4435-b477-86c6ed0ece08@group-0E07FAD1B91E, cid=3160, SUCCESS, logIndex=4776, commits[9fa9a271-7bed-4435-b477-86c6ed0ece08:c4776, 06c1a879-4ae3-48dc-9686-b55cde066000:c4772, 67fae1a7-3cbe-4338-9d41-57e84498288b:c4772]
2019-07-10 10:27:43,991 INFO  client.GrpcClientProtocolClient (GrpcClientProtocolClient.java:onNext(255)) - client-821285EC2D67->9fa9a271-7bed-4435-b477-86c6ed0ece08: receive RaftClientReply:client-821285EC2D67->9fa9a271-7bed-4435-b477-86c6ed0ece08@group-0E07FAD1B91E, cid=3161, SUCCESS, logIndex=0, commits[9fa9a271-7bed-4435-b477-86c6ed0ece08:c4778, 06c1a879-4ae3-48dc-9686-b55cde066000:c4774, 67fae1a7-3cbe-4338-9d41-57e84498288b:c4774]
2019-07-10 10:27:44,011 INFO  client.GrpcClientProtocolClient (GrpcClientProtocolClient.java:onNext(255)) - client-821285EC2D67->9fa9a271-7bed-4435-b477-86c6ed0ece08: receive RaftClientReply:client-821285EC2D67->9fa9a271-7bed-4435-b477-86c6ed0ece08@group-0E07FAD1B91E, cid=3162, SUCCESS, logIndex=4781, commits[9fa9a271-7bed-4435-b477-86c6ed0ece08:c4782, 06c1a879-4ae3-48dc-9686-b55cde066000:c4780, 67fae1a7-3cbe-4338-9d41-57e84498288b:c4780]
2019-07-10 10:27:44,012 INFO  client.GrpcClientProtocolClient (GrpcClientProtocolClient.java:onNext(255)) - client-821285EC2D67->9fa9a271-7bed-4435-b477-86c6ed0ece08: receive RaftClientReply:client-821285EC2D67->9fa9a271-7bed-4435-b477-86c6ed0ece08@group-0E07FAD1B91E, cid=3163, SUCCESS, logIndex=4782, commits[9fa9a271-7bed-4435-b477-86c6ed0ece08:c4782, 06c1a879-4ae3-48dc-9686-b55cde066000:c4780, 67fae1a7-3cbe-4338-9d41-57e84498288b:c4780]
2019-07-10 10:27:44,030 INFO  client.GrpcClientProtocolClient (GrpcClientProtocolClient.java:onNext(255)) - client-821285EC2D67->9fa9a271-7bed-4435-b477-86c6ed0ece08: receive RaftClientReply:client-821285EC2D67->9fa9a271-7bed-4435-b477-86c6ed0ece08@group-0E07FAD1B91E, cid=3164, SUCCESS, logIndex=4785, commits[9fa9a271-7bed-4435-b477-86c6ed0ece08:c4786, 06c1a879-4ae3-48dc-9686-b55cde066000:c4784, 67fae1a7-3cbe-4338-9d41-57e84498288b:c4784]
2019-07-10 10:27:44,030 INFO  client.GrpcClientProtocolClient (GrpcClientProtocolClient.java:onNext(255)) - client-821285EC2D67->9fa9a271-7bed-4435-b477-86c6ed0ece08: receive RaftClientReply:client-821285EC2D67->9fa9a271-7bed-4435-b477-86c6ed0ece08@group-0E07FAD1B91E, cid=3165, SUCCESS, logIndex=4786, commits[9fa9a271-7bed-4435-b477-86c6ed0ece08:c4786, 06c1a879-4ae3-48dc-9686-b55cde066000:c4784, 67fae1a7-3cbe-4338-9d41-57e84498288b:c4784]
2019-07-10 10:27:44,042 INFO  client.GrpcClientProtocolClient (GrpcClientProtocolClient.java:onNext(255)) - client-821285EC2D67->9fa9a271-7bed-4435-b477-86c6ed0ece08: receive RaftClientReply:client-821285EC2D67->9fa9a271-7bed-4435-b477-86c6ed0ece08@group-0E07FAD1B91E, cid=3166, SUCCESS, logIndex=0, commits[9fa9a271-7bed-4435-b477-86c6ed0ece08:c4788, 06c1a879-4ae3-48dc-9686-b55cde066000:c4786, 67fae1a7-3cbe-4338-9d41-57e84498288b:c4786]
2019-07-10 10:27:44,069 INFO  client.GrpcClientProtocolClient (GrpcClientProtocolClient.java:onNext(255)) - client-821285EC2D67->9fa9a271-7bed-4435-b477-86c6ed0ece08: receive RaftClientReply:client-821285EC2D67->9fa9a271-7bed-4435-b477-86c6ed0ece08@group-0E07FAD1B91E, cid=3167, SUCCESS, logIndex=4789, commits[9fa9a271-7bed-4435-b477-86c6ed0ece08:c4790, 06c1a879-4ae3-48dc-9686-b55cde066000:c4788, 67fae1a7-3cbe-4338-9d41-57e84498288b:c4788]
2019-07-10 10:27:44,070 INFO  client.GrpcClientProtocolClient (GrpcClientProtocolClient.java:onNext(255)) - client-821285EC2D67->9fa9a271-7bed-4435-b477-86c6ed0ece08: receive RaftClientReply:client-821285EC2D67->9fa9a271-7bed-4435-b477-86c6ed0ece08@group-0E07FAD1B91E, cid=3168, SUCCESS, logIndex=4790, commits[9fa9a271-7bed-4435-b477-86c6ed0ece08:c4792, 06c1a879-4ae3-48dc-9686-b55cde066000:c4788, 67fae1a7-3cbe-4338-9d41-57e84498288b:c4788]
2019-07-10 10:27:44,070 INFO  client.GrpcClientProtocolClient (GrpcClientProtocolClient.java:onNext(255)) - client-821285EC2D67->9fa9a271-7bed-4435-b477-86c6ed0ece08: receive RaftClientReply:client-821285EC2D67->9fa9a271-7bed-4435-b477-86c6ed0ece08@group-0E07FAD1B91E, cid=3169, SUCCESS, logIndex=4791, commits[9fa9a271-7bed-4435-b477-86c6ed0ece08:c4792, 06c1a879-4ae3-48dc-9686-b55cde066000:c4788, 67fae1a7-3cbe-4338-9d41-57e84498288b:c4788]
2019-07-10 10:27:44,070 INFO  client.GrpcClientProtocolClient (GrpcClientProtocolClient.java:onNext(255)) - client-821285EC2D67->9fa9a271-7bed-4435-b477-86c6ed0ece08: receive RaftClientReply:client-821285EC2D67->9fa9a271-7bed-4435-b477-86c6ed0ece08@group-0E07FAD1B91E, cid=3170, SUCCESS, logIndex=4792, commits[9fa9a271-7bed-4435-b477-86c6ed0ece08:c4792, 06c1a879-4ae3-48dc-9686-b55cde066000:c4788, 67fae1a7-3cbe-4338-9d41-57e84498288b:c4788]
2019-07-10 10:27:44,072 INFO  client.GrpcClientProtocolClient (GrpcClientProtocolClient.java:onNext(255)) - client-821285EC2D67->9fa9a271-7bed-4435-b477-86c6ed0ece08: receive RaftClientReply:client-821285EC2D67->9fa9a271-7bed-4435-b477-86c6ed0ece08@group-0E07FAD1B91E, cid=3171, SUCCESS, logIndex=0, commits[9fa9a271-7bed-4435-b477-86c6ed0ece08:c4793, 06c1a879-4ae3-48dc-9686-b55cde066000:c4790, 67fae1a7-3cbe-4338-9d41-57e84498288b:c4790]
2019-07-10 10:27:44,091 INFO  client.GrpcClientProtocolClient (GrpcClientProtocolClient.java:onNext(255)) - client-821285EC2D67->9fa9a271-7bed-4435-b477-86c6ed0ece08: receive RaftClientReply:client-821285EC2D67->9fa9a271-7bed-4435-b477-86c6ed0ece08@group-0E07FAD1B91E, cid=3172, SUCCESS, logIndex=4796, commits[9fa9a271-7bed-4435-b477-86c6ed0ece08:c4797, 06c1a879-4ae3-48dc-9686-b55cde066000:c4795, 67fae1a7-3cbe-4338-9d41-57e84498288b:c4795]
2019-07-10 10:27:44,091 INFO  client.GrpcClientProtocolClient (GrpcClientProtocolClient.java:onNext(255)) - client-821285EC2D67->9fa9a271-7bed-4435-b477-86c6ed0ece08: receive RaftClientReply:client-821285EC2D67->9fa9a271-7bed-4435-b477-86c6ed0ece08@group-0E07FAD1B91E, cid=3173, SUCCESS, logIndex=4797, commits[9fa9a271-7bed-4435-b477-86c6ed0ece08:c4797, 06c1a879-4ae3-48dc-9686-b55cde066000:c4795, 67fae1a7-3cbe-4338-9d41-57e84498288b:c4795]
2019-07-10 10:27:44,103 INFO  client.GrpcClientProtocolClient (GrpcClientProtocolClient.java:onNext(255)) - client-821285EC2D67->9fa9a271-7bed-4435-b477-86c6ed0ece08: receive RaftClientReply:client-821285EC2D67->9fa9a271-7bed-4435-b477-86c6ed0ece08@group-0E07FAD1B91E, cid=3174, SUCCESS, logIndex=4800, commits[9fa9a271-7bed-4435-b477-86c6ed0ece08:c4801, 06c1a879-4ae3-48dc-9686-b55cde066000:c4797, 67fae1a7-3cbe-4338-9d41-57e84498288b:c4797]
2019-07-10 10:27:44,103 INFO  client.GrpcClientProtocolClient (GrpcClientProtocolClient.java:onNext(255)) - client-821285EC2D67->9fa9a271-7bed-4435-b477-86c6ed0ece08: receive RaftClientReply:client-821285EC2D67->9fa9a271-7bed-4435-b477-86c6ed0ece08@group-0E07FAD1B91E, cid=3175, SUCCESS, logIndex=4801, commits[9fa9a271-7bed-4435-b477-86c6ed0ece08:c4801, 06c1a879-4ae3-48dc-9686-b55cde066000:c4797, 67fae1a7-3cbe-4338-9d41-57e84498288b:c4797]
2019-07-10 10:27:44,113 INFO  client.GrpcClientProtocolClient (GrpcClientProtocolClient.java:onNext(255)) - client-821285EC2D67->9fa9a271-7bed-4435-b477-86c6ed0ece08: receive RaftClientReply:client-821285EC2D67->9fa9a271-7bed-4435-b477-86c6ed0ece08@group-0E07FAD1B91E, cid=3176, SUCCESS, logIndex=0, commits[9fa9a271-7bed-4435-b477-86c6ed0ece08:c4801, 06c1a879-4ae3-48dc-9686-b55cde066000:c4801, 67fae1a7-3cbe-4338-9d41-57e84498288b:c4801]
2019-07-10 10:27:44,139 INFO  client.GrpcClientProtocolClient (GrpcClientProtocolClient.java:onNext(255)) - client-821285EC2D67->9fa9a271-7bed-4435-b477-86c6ed0ece08: receive RaftClientReply:client-821285EC2D67->9fa9a271-7bed-4435-b477-86c6ed0ece08@group-0E07FAD1B91E, cid=3177, SUCCESS, logIndex=4804, commits[9fa9a271-7bed-4435-b477-86c6ed0ece08:c4805, 06c1a879-4ae3-48dc-9686-b55cde066000:c4803, 67fae1a7-3cbe-4338-9d41-57e84498288b:c4803]
2019-07-10 10:27:44,227 INFO  client.GrpcClientProtocolClient (GrpcClientProtocolClient.java:onNext(255)) - client-821285EC2D67->9fa9a271-7bed-4435-b477-86c6ed0ece08: receive RaftClientReply:client-821285EC2D67->9fa9a271-7bed-4435-b477-86c6ed0ece08@group-0E07FAD1B91E, cid=3178, SUCCESS, logIndex=4805, commits[9fa9a271-7bed-4435-b477-86c6ed0ece08:c4805, 06c1a879-4ae3-48dc-9686-b55cde066000:c4803, 67fae1a7-3cbe-4338-9d41-57e84498288b:c4803]
2019-07-10 10:27:44,228 INFO  client.GrpcClientProtocolClient (GrpcClientProtocolClient.java:onNext(255)) - client-821285EC2D67->9fa9a271-7bed-4435-b477-86c6ed0ece08: receive RaftClientReply:client-821285EC2D67->9fa9a271-7bed-4435-b477-86c6ed0ece08@group-0E07FAD1B91E, cid=3179, SUCCESS, logIndex=4806, commits[9fa9a271-7bed-4435-b477-86c6ed0ece08:c4807, 06c1a879-4ae3-48dc-9686-b55cde066000:c4803, 67fae1a7-3cbe-4338-9d41-57e84498288b:c4803]
2019-07-10 10:27:44,229 INFO  client.GrpcClientProtocolClient (GrpcClientProtocolClient.java:onNext(255)) - client-821285EC2D67->9fa9a271-7bed-4435-b477-86c6ed0ece08: receive RaftClientReply:client-821285EC2D67->9fa9a271-7bed-4435-b477-86c6ed0ece08@group-0E07FAD1B91E, cid=3180, SUCCESS, logIndex=4807, commits[9fa9a271-7bed-4435-b477-86c6ed0ece08:c4807, 06c1a879-4ae3-48dc-9686-b55cde066000:c4803, 67fae1a7-3cbe-4338-9d41-57e84498288b:c4803]
2019-07-10 10:27:44,238 INFO  client.GrpcClientProtocolClient (GrpcClientProtocolClient.java:onNext(255)) - client-821285EC2D67->9fa9a271-7bed-4435-b477-86c6ed0ece08: receive RaftClientReply:client-821285EC2D67->9fa9a271-7bed-4435-b477-86c6ed0ece08@group-0E07FAD1B91E, cid=3181, SUCCESS, logIndex=0, commits[9fa9a271-7bed-4435-b477-86c6ed0ece08:c4809, 06c1a879-4ae3-48dc-9686-b55cde066000:c4805, 67fae1a7-3cbe-4338-9d41-57e84498288b:c4805]
2019-07-10 10:27:44,257 INFO  client.GrpcClientProtocolClient (GrpcClientProtocolClient.java:onNext(255)) - client-821285EC2D67->9fa9a271-7bed-4435-b477-86c6ed0ece08: receive RaftClientReply:client-821285EC2D67->9fa9a271-7bed-4435-b477-86c6ed0ece08@group-0E07FAD1B91E, cid=3182, SUCCESS, logIndex=4812, commits[9fa9a271-7bed-4435-b477-86c6ed0ece08:c4813, 06c1a879-4ae3-48dc-9686-b55cde066000:c4811, 67fae1a7-3cbe-4338-9d41-57e84498288b:c4811]
2019-07-10 10:27:44,258 INFO  client.GrpcClientProtocolClient (GrpcClientProtocolClient.java:onNext(255)) - client-821285EC2D67->9fa9a271-7bed-4435-b477-86c6ed0ece08: receive RaftClientReply:client-821285EC2D67->9fa9a271-7bed-4435-b477-86c6ed0ece08@group-0E07FAD1B91E, cid=3183, SUCCESS, logIndex=4813, commits[9fa9a271-7bed-4435-b477-86c6ed0ece08:c4813, 06c1a879-4ae3-48dc-9686-b55cde066000:c4811, 67fae1a7-3cbe-4338-9d41-57e84498288b:c4811]
2019-07-10 10:27:44,280 INFO  client.GrpcClientProtocolClient (GrpcClientProtocolClient.java:onNext(255)) - client-821285EC2D67->9fa9a271-7bed-4435-b477-86c6ed0ece08: receive RaftClientReply:client-821285EC2D67->9fa9a271-7bed-4435-b477-86c6ed0ece08@group-0E07FAD1B91E, cid=3184, SUCCESS, logIndex=4816, commits[9fa9a271-7bed-4435-b477-86c6ed0ece08:c4817, 06c1a879-4ae3-48dc-9686-b55cde066000:c4813, 67fae1a7-3cbe-4338-9d41-57e84498288b:c4813]
2019-07-10 10:27:44,280 INFO  client.GrpcClientProtocolClient (GrpcClientProtocolClient.java:onNext(255)) - client-821285EC2D67->9fa9a271-7bed-4435-b477-86c6ed0ece08: receive RaftClientReply:client-821285EC2D67->9fa9a271-7bed-4435-b477-86c6ed0ece08@group-0E07FAD1B91E, cid=3185, SUCCESS, logIndex=4817, commits[9fa9a271-7bed-4435-b477-86c6ed0ece08:c4817, 06c1a879-4ae3-48dc-9686-b55cde066000:c4813, 67fae1a7-3cbe-4338-9d41-57e84498288b:c4813]
2019-07-10 10:27:44,283 INFO  client.GrpcClientProtocolClient (GrpcClientProtocolClient.java:onNext(255)) - client-821285EC2D67->9fa9a271-7bed-4435-b477-86c6ed0ece08: receive RaftClientReply:client-821285EC2D67->9fa9a271-7bed-4435-b477-86c6ed0ece08@group-0E07FAD1B91E, cid=3186, SUCCESS, logIndex=0, commits[9fa9a271-7bed-4435-b477-86c6ed0ece08:c4817, 06c1a879-4ae3-48dc-9686-b55cde066000:c4817, 67fae1a7-3cbe-4338-9d41-57e84498288b:c4817]
2019-07-10 10:27:44,312 INFO  client.GrpcClientProtocolClient (GrpcClientProtocolClient.java:onNext(255)) - client-821285EC2D67->9fa9a271-7bed-4435-b477-86c6ed0ece08: receive RaftClientReply:client-821285EC2D67->9fa9a271-7bed-4435-b477-86c6ed0ece08@group-0E07FAD1B91E, cid=3187, SUCCESS, logIndex=4820, commits[9fa9a271-7bed-4435-b477-86c6ed0ece08:c4821, 06c1a879-4ae3-48dc-9686-b55cde066000:c4819, 67fae1a7-3cbe-4338-9d41-57e84498288b:c4819]
2019-07-10 10:27:44,312 INFO  client.GrpcClientProtocolClient (GrpcClientProtocolClient.java:onNext(255)) - client-821285EC2D67->9fa9a271-7bed-4435-b477-86c6ed0ece08: receive RaftClientReply:client-821285EC2D67->9fa9a271-7bed-4435-b477-86c6ed0ece08@group-0E07FAD1B91E, cid=3188, SUCCESS, logIndex=4821, commits[9fa9a271-7bed-4435-b477-86c6ed0ece08:c4821, 06c1a879-4ae3-48dc-9686-b55cde066000:c4819, 67fae1a7-3cbe-4338-9d41-57e84498288b:c4819]
2019-07-10 10:27:44,313 INFO  client.GrpcClientProtocolClient (GrpcClientProtocolClient.java:onNext(255)) - client-821285EC2D67->9fa9a271-7bed-4435-b477-86c6ed0ece08: receive RaftClientReply:client-821285EC2D67->9fa9a271-7bed-4435-b477-86c6ed0ece08@group-0E07FAD1B91E, cid=3189, SUCCESS, logIndex=4822, commits[9fa9a271-7bed-4435-b477-86c6ed0ece08:c4823, 06c1a879-4ae3-48dc-9686-b55cde066000:c4819, 67fae1a7-3cbe-4338-9d41-57e84498288b:c4819]
2019-07-10 10:27:44,314 INFO  client.GrpcClientProtocolClient (GrpcClientProtocolClient.java:onNext(255)) - client-821285EC2D67->9fa9a271-7bed-4435-b477-86c6ed0ece08: receive RaftClientReply:client-821285EC2D67->9fa9a271-7bed-4435-b477-86c6ed0ece08@group-0E07FAD1B91E, cid=3190, SUCCESS, logIndex=4823, commits[9fa9a271-7bed-4435-b477-86c6ed0ece08:c4823, 06c1a879-4ae3-48dc-9686-b55cde066000:c4819, 67fae1a7-3cbe-4338-9d41-57e84498288b:c4819]
2019-07-10 10:27:44,317 INFO  client.GrpcClientProtocolClient (GrpcClientProtocolClient.java:onNext(255)) - client-821285EC2D67->9fa9a271-7bed-4435-b477-86c6ed0ece08: receive RaftClientReply:client-821285EC2D67->9fa9a271-7bed-4435-b477-86c6ed0ece08@group-0E07FAD1B91E, cid=3191, SUCCESS, logIndex=0, commits[9fa9a271-7bed-4435-b477-86c6ed0ece08:c4825, 06c1a879-4ae3-48dc-9686-b55cde066000:c4821, 67fae1a7-3cbe-4338-9d41-57e84498288b:c4821]
2019-07-10 10:27:44,335 INFO  client.GrpcClientProtocolClient (GrpcClientProtocolClient.java:onNext(255)) - client-821285EC2D67->9fa9a271-7bed-4435-b477-86c6ed0ece08: receive RaftClientReply:client-821285EC2D67->9fa9a271-7bed-4435-b477-86c6ed0ece08@group-0E07FAD1B91E, cid=3192, SUCCESS, logIndex=4828, commits[9fa9a271-7bed-4435-b477-86c6ed0ece08:c4829, 06c1a879-4ae3-48dc-9686-b55cde066000:c4827, 67fae1a7-3cbe-4338-9d41-57e84498288b:c4827]
2019-07-10 10:27:44,335 INFO  client.GrpcClientProtocolClient (GrpcClientProtocolClient.java:onNext(255)) - client-821285EC2D67->9fa9a271-7bed-4435-b477-86c6ed0ece08: receive RaftClientReply:client-821285EC2D67->9fa9a271-7bed-4435-b477-86c6ed0ece08@group-0E07FAD1B91E, cid=3193, SUCCESS, logIndex=4829, commits[9fa9a271-7bed-4435-b477-86c6ed0ece08:c4829, 06c1a879-4ae3-48dc-9686-b55cde066000:c4827, 67fae1a7-3cbe-4338-9d41-57e84498288b:c4827]
2019-07-10 10:27:44,347 INFO  client.GrpcClientProtocolClient (GrpcClientProtocolClient.java:onNext(255)) - client-821285EC2D67->9fa9a271-7bed-4435-b477-86c6ed0ece08: receive RaftClientReply:client-821285EC2D67->9fa9a271-7bed-4435-b477-86c6ed0ece08@group-0E07FAD1B91E, cid=3194, SUCCESS, logIndex=4832, commits[9fa9a271-7bed-4435-b477-86c6ed0ece08:c4833, 06c1a879-4ae3-48dc-9686-b55cde066000:c4828, 67fae1a7-3cbe-4338-9d41-57e84498288b:c4829]
2019-07-10 10:27:44,347 INFO  client.GrpcClientProtocolClient (GrpcClientProtocolClient.java:onNext(255)) - client-821285EC2D67->9fa9a271-7bed-4435-b477-86c6ed0ece08: receive RaftClientReply:client-821285EC2D67->9fa9a271-7bed-4435-b477-86c6ed0ece08@group-0E07FAD1B91E, cid=3195, SUCCESS, logIndex=4833, commits[9fa9a271-7bed-4435-b477-86c6ed0ece08:c4833, 06c1a879-4ae3-48dc-9686-b55cde066000:c4829, 67fae1a7-3cbe-4338-9d41-57e84498288b:c4829]
2019-07-10 10:27:44,351 INFO  client.GrpcClientProtocolClient (GrpcClientProtocolClient.java:onNext(255)) - client-821285EC2D67->9fa9a271-7bed-4435-b477-86c6ed0ece08: receive RaftClientReply:client-821285EC2D67->9fa9a271-7bed-4435-b477-86c6ed0ece08@group-0E07FAD1B91E, cid=3196, SUCCESS, logIndex=0, commits[9fa9a271-7bed-4435-b477-86c6ed0ece08:c4835, 06c1a879-4ae3-48dc-9686-b55cde066000:c4833, 67fae1a7-3cbe-4338-9d41-57e84498288b:c4833]
2019-07-10 10:27:44,382 INFO  client.GrpcClientProtocolClient (GrpcClientProtocolClient.java:onNext(255)) - client-821285EC2D67->9fa9a271-7bed-4435-b477-86c6ed0ece08: receive RaftClientReply:client-821285EC2D67->9fa9a271-7bed-4435-b477-86c6ed0ece08@group-0E07FAD1B91E, cid=3197, SUCCESS, logIndex=4836, commits[9fa9a271-7bed-4435-b477-86c6ed0ece08:c4837, 06c1a879-4ae3-48dc-9686-b55cde066000:c4835, 67fae1a7-3cbe-4338-9d41-57e84498288b:c4835]
2019-07-10 10:27:44,383 INFO  client.GrpcClientProtocolClient (GrpcClientProtocolClient.java:onNext(255)) - client-821285EC2D67->9fa9a271-7bed-4435-b477-86c6ed0ece08: receive RaftClientReply:client-821285EC2D67->9fa9a271-7bed-4435-b477-86c6ed0ece08@group-0E07FAD1B91E, cid=3198, SUCCESS, logIndex=4837, commits[9fa9a271-7bed-4435-b477-86c6ed0ece08:c4837, 06c1a879-4ae3-48dc-9686-b55cde066000:c4835, 67fae1a7-3cbe-4338-9d41-57e84498288b:c4835]
2019-07-10 10:27:44,383 INFO  client.GrpcClientProtocolClient (GrpcClientProtocolClient.java:onNext(255)) - client-821285EC2D67->9fa9a271-7bed-4435-b477-86c6ed0ece08: receive RaftClientReply:client-821285EC2D67->9fa9a271-7bed-4435-b477-86c6ed0ece08@group-0E07FAD1B91E, cid=3199, SUCCESS, logIndex=4838, commits[9fa9a271-7bed-4435-b477-86c6ed0ece08:c4839, 06c1a879-4ae3-48dc-9686-b55cde066000:c4835, 67fae1a7-3cbe-4338-9d41-57e84498288b:c4835]
2019-07-10 10:27:44,383 INFO  client.GrpcClientProtocolClient (GrpcClientProtocolClient.java:onNext(255)) - client-821285EC2D67->9fa9a271-7bed-4435-b477-86c6ed0ece08: receive RaftClientReply:client-821285EC2D67->9fa9a271-7bed-4435-b477-86c6ed0ece08@group-0E07FAD1B91E, cid=3200, SUCCESS, logIndex=4839, commits[9fa9a271-7bed-4435-b477-86c6ed0ece08:c4839, 06c1a879-4ae3-48dc-9686-b55cde066000:c4835, 67fae1a7-3cbe-4338-9d41-57e84498288b:c4835]
2019-07-10 10:27:44,384 INFO  client.GrpcClientProtocolClient (GrpcClientProtocolClient.java:onNext(255)) - client-821285EC2D67->9fa9a271-7bed-4435-b477-86c6ed0ece08: receive RaftClientReply:client-821285EC2D67->9fa9a271-7bed-4435-b477-86c6ed0ece08@group-0E07FAD1B91E, cid=3201, SUCCESS, logIndex=0, commits[9fa9a271-7bed-4435-b477-86c6ed0ece08:c4841, 06c1a879-4ae3-48dc-9686-b55cde066000:c4837, 67fae1a7-3cbe-4338-9d41-57e84498288b:c4837]
2019-07-10 10:27:44,402 INFO  client.GrpcClientProtocolClient (GrpcClientProtocolClient.java:onNext(255)) - client-821285EC2D67->9fa9a271-7bed-4435-b477-86c6ed0ece08: receive RaftClientReply:client-821285EC2D67->9fa9a271-7bed-4435-b477-86c6ed0ece08@group-0E07FAD1B91E, cid=3202, SUCCESS, logIndex=4844, commits[9fa9a271-7bed-4435-b477-86c6ed0ece08:c4845, 06c1a879-4ae3-48dc-9686-b55cde066000:c4843, 67fae1a7-3cbe-4338-9d41-57e84498288b:c4843]
2019-07-10 10:27:44,402 INFO  client.GrpcClientProtocolClient (GrpcClientProtocolClient.java:onNext(255)) - client-821285EC2D67->9fa9a271-7bed-4435-b477-86c6ed0ece08: receive RaftClientReply:client-821285EC2D67->9fa9a271-7bed-4435-b477-86c6ed0ece08@group-0E07FAD1B91E, cid=3203, SUCCESS, logIndex=4845, commits[9fa9a271-7bed-4435-b477-86c6ed0ece08:c4845, 06c1a879-4ae3-48dc-9686-b55cde066000:c4843, 67fae1a7-3cbe-4338-9d41-57e84498288b:c4843]
2019-07-10 10:27:44,422 INFO  client.GrpcClientProtocolClient (GrpcClientProtocolClient.java:onNext(255)) - client-821285EC2D67->9fa9a271-7bed-4435-b477-86c6ed0ece08: receive RaftClientReply:client-821285EC2D67->9fa9a271-7bed-4435-b477-86c6ed0ece08@group-0E07FAD1B91E, cid=3204, SUCCESS, logIndex=4848, commits[9fa9a271-7bed-4435-b477-86c6ed0ece08:c4849, 06c1a879-4ae3-48dc-9686-b55cde066000:c4844, 67fae1a7-3cbe-4338-9d41-57e84498288b:c4845]
2019-07-10 10:27:44,423 INFO  client.GrpcClientProtocolClient (GrpcClientProtocolClient.java:onNext(255)) - client-821285EC2D67->9fa9a271-7bed-4435-b477-86c6ed0ece08: receive RaftClientReply:client-821285EC2D67->9fa9a271-7bed-4435-b477-86c6ed0ece08@group-0E07FAD1B91E, cid=3205, SUCCESS, logIndex=4849, commits[9fa9a271-7bed-4435-b477-86c6ed0ece08:c4849, 06c1a879-4ae3-48dc-9686-b55cde066000:c4845, 67fae1a7-3cbe-4338-9d41-57e84498288b:c4845]
2019-07-10 10:27:44,424 INFO  client.GrpcClientProtocolClient (GrpcClientProtocolClient.java:onNext(255)) - client-821285EC2D67->9fa9a271-7bed-4435-b477-86c6ed0ece08: receive RaftClientReply:client-821285EC2D67->9fa9a271-7bed-4435-b477-86c6ed0ece08@group-0E07FAD1B91E, cid=3206, SUCCESS, logIndex=0, commits[9fa9a271-7bed-4435-b477-86c6ed0ece08:c4850, 06c1a879-4ae3-48dc-9686-b55cde066000:c4849, 67fae1a7-3cbe-4338-9d41-57e84498288b:c4849]
2019-07-10 10:27:44,444 INFO  client.GrpcClientProtocolClient (GrpcClientProtocolClient.java:onNext(255)) - client-821285EC2D67->9fa9a271-7bed-4435-b477-86c6ed0ece08: receive RaftClientReply:client-821285EC2D67->9fa9a271-7bed-4435-b477-86c6ed0ece08@group-0E07FAD1B91E, cid=3207, SUCCESS, logIndex=4852, commits[9fa9a271-7bed-4435-b477-86c6ed0ece08:c4853, 06c1a879-4ae3-48dc-9686-b55cde066000:c4851, 67fae1a7-3cbe-4338-9d41-57e84498288b:c4849]
2019-07-10 10:27:44,445 INFO  client.GrpcClientProtocolClient (GrpcClientProtocolClient.java:onNext(255)) - client-821285EC2D67->9fa9a271-7bed-4435-b477-86c6ed0ece08: receive RaftClientReply:client-821285EC2D67->9fa9a271-7bed-4435-b477-86c6ed0ece08@group-0E07FAD1B91E, cid=3208, SUCCESS, logIndex=4853, commits[9fa9a271-7bed-4435-b477-86c6ed0ece08:c4853, 06c1a879-4ae3-48dc-9686-b55cde066000:c4851, 67fae1a7-3cbe-4338-9d41-57e84498288b:c4849]
2019-07-10 10:27:44,454 INFO  client.GrpcClientProtocolClient (GrpcClientProtocolClient.java:onNext(255)) - client-821285EC2D67->9fa9a271-7bed-4435-b477-86c6ed0ece08: receive RaftClientReply:client-821285EC2D67->9fa9a271-7bed-4435-b477-86c6ed0ece08@group-0E07FAD1B91E, cid=3209, SUCCESS, logIndex=4854, commits[9fa9a271-7bed-4435-b477-86c6ed0ece08:c4856, 06c1a879-4ae3-48dc-9686-b55cde066000:c4853, 67fae1a7-3cbe-4338-9d41-57e84498288b:c4851]
2019-07-10 10:27:44,454 INFO  client.GrpcClientProtocolClient (GrpcClientProtocolClient.java:onNext(255)) - client-821285EC2D67->9fa9a271-7bed-4435-b477-86c6ed0ece08: receive RaftClientReply:client-821285EC2D67->9fa9a271-7bed-4435-b477-86c6ed0ece08@group-0E07FAD1B91E, cid=3210, SUCCESS, logIndex=4855, commits[9fa9a271-7bed-4435-b477-86c6ed0ece08:c4857, 06c1a879-4ae3-48dc-9686-b55cde066000:c4853, 67fae1a7-3cbe-4338-9d41-57e84498288b:c4851]
2019-07-10 10:27:44,455 INFO  client.GrpcClientProtocolClient (GrpcClientProtocolClient.java:onNext(255)) - client-821285EC2D67->9fa9a271-7bed-4435-b477-86c6ed0ece08: receive RaftClientReply:client-821285EC2D67->9fa9a271-7bed-4435-b477-86c6ed0ece08@group-0E07FAD1B91E, cid=3211, SUCCESS, logIndex=0, commits[9fa9a271-7bed-4435-b477-86c6ed0ece08:c4857, 06c1a879-4ae3-48dc-9686-b55cde066000:c4853, 67fae1a7-3cbe-4338-9d41-57e84498288b:c4853]
2019-07-10 10:27:44,475 INFO  client.GrpcClientProtocolClient (GrpcClientProtocolClient.java:onNext(255)) - client-821285EC2D67->9fa9a271-7bed-4435-b477-86c6ed0ece08: receive RaftClientReply:client-821285EC2D67->9fa9a271-7bed-4435-b477-86c6ed0ece08@group-0E07FAD1B91E, cid=3212, SUCCESS, logIndex=4860, commits[9fa9a271-7bed-4435-b477-86c6ed0ece08:c4861, 06c1a879-4ae3-48dc-9686-b55cde066000:c4855, 67fae1a7-3cbe-4338-9d41-57e84498288b:c4857]
2019-07-10 10:27:44,475 INFO  client.GrpcClientProtocolClient (GrpcClientProtocolClient.java:onNext(255)) - client-821285EC2D67->9fa9a271-7bed-4435-b477-86c6ed0ece08: receive RaftClientReply:client-821285EC2D67->9fa9a271-7bed-4435-b477-86c6ed0ece08@group-0E07FAD1B91E, cid=3213, SUCCESS, logIndex=4861, commits[9fa9a271-7bed-4435-b477-86c6ed0ece08:c4861, 06c1a879-4ae3-48dc-9686-b55cde066000:c4857, 67fae1a7-3cbe-4338-9d41-57e84498288b:c4857]
 0.00% |█                                                                                                    |  0/1 Time: 0:00:242019-07-10 10:27:44,493 INFO  client.GrpcClientProtocolClient (GrpcClientProtocolClient.java:onNext(255)) - client-821285EC2D67->9fa9a271-7bed-4435-b477-86c6ed0ece08: receive RaftClientReply:client-821285EC2D67->9fa9a271-7bed-4435-b477-86c6ed0ece08@group-0E07FAD1B91E, cid=3214, SUCCESS, logIndex=4863, commits[9fa9a271-7bed-4435-b477-86c6ed0ece08:c4864, 06c1a879-4ae3-48dc-9686-b55cde066000:c4862, 67fae1a7-3cbe-4338-9d41-57e84498288b:c4862]
2019-07-10 10:27:44,494 INFO  client.GrpcClientProtocolClient (GrpcClientProtocolClient.java:onNext(255)) - client-821285EC2D67->9fa9a271-7bed-4435-b477-86c6ed0ece08: receive RaftClientReply:client-821285EC2D67->9fa9a271-7bed-4435-b477-86c6ed0ece08@group-0E07FAD1B91E, cid=3215, SUCCESS, logIndex=4864, commits[9fa9a271-7bed-4435-b477-86c6ed0ece08:c4864, 06c1a879-4ae3-48dc-9686-b55cde066000:c4862, 67fae1a7-3cbe-4338-9d41-57e84498288b:c4862]
2019-07-10 10:27:44,506 INFO  client.GrpcClientProtocolClient (GrpcClientProtocolClient.java:onNext(255)) - client-821285EC2D67->9fa9a271-7bed-4435-b477-86c6ed0ece08: receive RaftClientReply:client-821285EC2D67->9fa9a271-7bed-4435-b477-86c6ed0ece08@group-0E07FAD1B91E, cid=3216, SUCCESS, logIndex=0, commits[9fa9a271-7bed-4435-b477-86c6ed0ece08:c4866, 06c1a879-4ae3-48dc-9686-b55cde066000:c4864, 67fae1a7-3cbe-4338-9d41-57e84498288b:c4864]
2019-07-10 10:27:44,535 INFO  client.GrpcClientProtocolClient (GrpcClientProtocolClient.java:onNext(255)) - client-821285EC2D67->9fa9a271-7bed-4435-b477-86c6ed0ece08: receive RaftClientReply:client-821285EC2D67->9fa9a271-7bed-4435-b477-86c6ed0ece08@group-0E07FAD1B91E, cid=3217, SUCCESS, logIndex=4867, commits[9fa9a271-7bed-4435-b477-86c6ed0ece08:c4868, 06c1a879-4ae3-48dc-9686-b55cde066000:c4866, 67fae1a7-3cbe-4338-9d41-57e84498288b:c4866]
2019-07-10 10:27:44,536 INFO  client.GrpcClientProtocolClient (GrpcClientProtocolClient.java:onNext(255)) - client-821285EC2D67->9fa9a271-7bed-4435-b477-86c6ed0ece08: receive RaftClientReply:client-821285EC2D67->9fa9a271-7bed-4435-b477-86c6ed0ece08@group-0E07FAD1B91E, cid=3218, SUCCESS, logIndex=4868, commits[9fa9a271-7bed-4435-b477-86c6ed0ece08:c4868, 06c1a879-4ae3-48dc-9686-b55cde066000:c4866, 67fae1a7-3cbe-4338-9d41-57e84498288b:c4866]
2019-07-10 10:27:44,545 INFO  client.GrpcClientProtocolClient (GrpcClientProtocolClient.java:onNext(255)) - client-821285EC2D67->9fa9a271-7bed-4435-b477-86c6ed0ece08: receive RaftClientReply:client-821285EC2D67->9fa9a271-7bed-4435-b477-86c6ed0ece08@group-0E07FAD1B91E, cid=3219, SUCCESS, logIndex=4869, commits[9fa9a271-7bed-4435-b477-86c6ed0ece08:c4870, 06c1a879-4ae3-48dc-9686-b55cde066000:c4866, 67fae1a7-3cbe-4338-9d41-57e84498288b:c4866]
2019-07-10 10:27:44,545 INFO  client.GrpcClientProtocolClient (GrpcClientProtocolClient.java:onNext(255)) - client-821285EC2D67->9fa9a271-7bed-4435-b477-86c6ed0ece08: receive RaftClientReply:client-821285EC2D67->9fa9a271-7bed-4435-b477-86c6ed0ece08@group-0E07FAD1B91E, cid=3220, SUCCESS, logIndex=4870, commits[9fa9a271-7bed-4435-b477-86c6ed0ece08:c4870, 06c1a879-4ae3-48dc-9686-b55cde066000:c4866, 67fae1a7-3cbe-4338-9d41-57e84498288b:c4866]
2019-07-10 10:27:44,546 INFO  client.GrpcClientProtocolClient (GrpcClientProtocolClient.java:onNext(255)) - client-821285EC2D67->9fa9a271-7bed-4435-b477-86c6ed0ece08: receive RaftClientReply:client-821285EC2D67->9fa9a271-7bed-4435-b477-86c6ed0ece08@group-0E07FAD1B91E, cid=3221, SUCCESS, logIndex=0, commits[9fa9a271-7bed-4435-b477-86c6ed0ece08:c4872, 06c1a879-4ae3-48dc-9686-b55cde066000:c4868, 67fae1a7-3cbe-4338-9d41-57e84498288b:c4868]
2019-07-10 10:27:44,564 INFO  client.GrpcClientProtocolClient (GrpcClientProtocolClient.java:onNext(255)) - client-821285EC2D67->9fa9a271-7bed-4435-b477-86c6ed0ece08: receive RaftClientReply:client-821285EC2D67->9fa9a271-7bed-4435-b477-86c6ed0ece08@group-0E07FAD1B91E, cid=3222, SUCCESS, logIndex=4875, commits[9fa9a271-7bed-4435-b477-86c6ed0ece08:c4876, 06c1a879-4ae3-48dc-9686-b55cde066000:c4874, 67fae1a7-3cbe-4338-9d41-57e84498288b:c4874]
2019-07-10 10:27:44,565 INFO  client.GrpcClientProtocolClient (GrpcClientProtocolClient.java:onNext(255)) - client-821285EC2D67->9fa9a271-7bed-4435-b477-86c6ed0ece08: receive RaftClientReply:client-821285EC2D67->9fa9a271-7bed-4435-b477-86c6ed0ece08@group-0E07FAD1B91E, cid=3223, SUCCESS, logIndex=4876, commits[9fa9a271-7bed-4435-b477-86c6ed0ece08:c4876, 06c1a879-4ae3-48dc-9686-b55cde066000:c4874, 67fae1a7-3cbe-4338-9d41-57e84498288b:c4874]
2019-07-10 10:27:44,581 INFO  client.GrpcClientProtocolClient (GrpcClientProtocolClient.java:onNext(255)) - client-821285EC2D67->9fa9a271-7bed-4435-b477-86c6ed0ece08: receive RaftClientReply:client-821285EC2D67->9fa9a271-7bed-4435-b477-86c6ed0ece08@group-0E07FAD1B91E, cid=3224, SUCCESS, logIndex=4879, commits[9fa9a271-7bed-4435-b477-86c6ed0ece08:c4880, 06c1a879-4ae3-48dc-9686-b55cde066000:c4877, 67fae1a7-3cbe-4338-9d41-57e84498288b:c4877]
2019-07-10 10:27:44,582 INFO  client.GrpcClientProtocolClient (GrpcClientProtocolClient.java:onNext(255)) - client-821285EC2D67->9fa9a271-7bed-4435-b477-86c6ed0ece08: receive RaftClientReply:client-821285EC2D67->9fa9a271-7bed-4435-b477-86c6ed0ece08@group-0E07FAD1B91E, cid=3225, SUCCESS, logIndex=4880, commits[9fa9a271-7bed-4435-b477-86c6ed0ece08:c4880, 06c1a879-4ae3-48dc-9686-b55cde066000:c4877, 67fae1a7-3cbe-4338-9d41-57e84498288b:c4877]
2019-07-10 10:27:44,599 INFO  client.GrpcClientProtocolClient (GrpcClientProtocolClient.java:onNext(255)) - client-821285EC2D67->9fa9a271-7bed-4435-b477-86c6ed0ece08: receive RaftClientReply:client-821285EC2D67->9fa9a271-7bed-4435-b477-86c6ed0ece08@group-0E07FAD1B91E, cid=3226, SUCCESS, logIndex=0, commits[9fa9a271-7bed-4435-b477-86c6ed0ece08:c4882, 06c1a879-4ae3-48dc-9686-b55cde066000:c4880, 67fae1a7-3cbe-4338-9d41-57e84498288b:c4880]
2019-07-10 10:27:44,618 INFO  client.GrpcClientProtocolClient (GrpcClientProtocolClient.java:onNext(255)) - client-821285EC2D67->9fa9a271-7bed-4435-b477-86c6ed0ece08: receive RaftClientReply:client-821285EC2D67->9fa9a271-7bed-4435-b477-86c6ed0ece08@group-0E07FAD1B91E, cid=3227, SUCCESS, logIndex=4883, commits[9fa9a271-7bed-4435-b477-86c6ed0ece08:c4884, 06c1a879-4ae3-48dc-9686-b55cde066000:c4880, 67fae1a7-3cbe-4338-9d41-57e84498288b:c4882]
2019-07-10 10:27:44,618 INFO  client.GrpcClientProtocolClient (GrpcClientProtocolClient.java:onNext(255)) - client-821285EC2D67->9fa9a271-7bed-4435-b477-86c6ed0ece08: receive RaftClientReply:client-821285EC2D67->9fa9a271-7bed-4435-b477-86c6ed0ece08@group-0E07FAD1B91E, cid=3228, SUCCESS, logIndex=4884, commits[9fa9a271-7bed-4435-b477-86c6ed0ece08:c4884, 06c1a879-4ae3-48dc-9686-b55cde066000:c4880, 67fae1a7-3cbe-4338-9d41-57e84498288b:c4882]
2019-07-10 10:27:44,619 INFO  client.GrpcClientProtocolClient (GrpcClientProtocolClient.java:onNext(255)) - client-821285EC2D67->9fa9a271-7bed-4435-b477-86c6ed0ece08: receive RaftClientReply:client-821285EC2D67->9fa9a271-7bed-4435-b477-86c6ed0ece08@group-0E07FAD1B91E, cid=3229, SUCCESS, logIndex=4885, commits[9fa9a271-7bed-4435-b477-86c6ed0ece08:c4886, 06c1a879-4ae3-48dc-9686-b55cde066000:c4882, 67fae1a7-3cbe-4338-9d41-57e84498288b:c4882]
2019-07-10 10:27:44,619 INFO  client.GrpcClientProtocolClient (GrpcClientProtocolClient.java:onNext(255)) - client-821285EC2D67->9fa9a271-7bed-4435-b477-86c6ed0ece08: receive RaftClientReply:client-821285EC2D67->9fa9a271-7bed-4435-b477-86c6ed0ece08@group-0E07FAD1B91E, cid=3230, SUCCESS, logIndex=4886, commits[9fa9a271-7bed-4435-b477-86c6ed0ece08:c4886, 06c1a879-4ae3-48dc-9686-b55cde066000:c4882, 67fae1a7-3cbe-4338-9d41-57e84498288b:c4882]
2019-07-10 10:27:44,623 INFO  client.GrpcClientProtocolClient (GrpcClientProtocolClient.java:onNext(255)) - client-821285EC2D67->9fa9a271-7bed-4435-b477-86c6ed0ece08: receive RaftClientReply:client-821285EC2D67->9fa9a271-7bed-4435-b477-86c6ed0ece08@group-0E07FAD1B91E, cid=3231, SUCCESS, logIndex=0, commits[9fa9a271-7bed-4435-b477-86c6ed0ece08:c4888, 06c1a879-4ae3-48dc-9686-b55cde066000:c4884, 67fae1a7-3cbe-4338-9d41-57e84498288b:c4884]
2019-07-10 10:27:44,640 INFO  client.GrpcClientProtocolClient (GrpcClientProtocolClient.java:onNext(255)) - client-821285EC2D67->9fa9a271-7bed-4435-b477-86c6ed0ece08: receive RaftClientReply:client-821285EC2D67->9fa9a271-7bed-4435-b477-86c6ed0ece08@group-0E07FAD1B91E, cid=3232, SUCCESS, logIndex=4891, commits[9fa9a271-7bed-4435-b477-86c6ed0ece08:c4892, 06c1a879-4ae3-48dc-9686-b55cde066000:c4890, 67fae1a7-3cbe-4338-9d41-57e84498288b:c4890]
2019-07-10 10:27:44,641 INFO  client.GrpcClientProtocolClient (GrpcClientProtocolClient.java:onNext(255)) - client-821285EC2D67->9fa9a271-7bed-4435-b477-86c6ed0ece08: receive RaftClientReply:client-821285EC2D67->9fa9a271-7bed-4435-b477-86c6ed0ece08@group-0E07FAD1B91E, cid=3233, SUCCESS, logIndex=4892, commits[9fa9a271-7bed-4435-b477-86c6ed0ece08:c4892, 06c1a879-4ae3-48dc-9686-b55cde066000:c4890, 67fae1a7-3cbe-4338-9d41-57e84498288b:c4890]
2019-07-10 10:27:44,652 INFO  client.GrpcClientProtocolClient (GrpcClientProtocolClient.java:onNext(255)) - client-821285EC2D67->9fa9a271-7bed-4435-b477-86c6ed0ece08: receive RaftClientReply:client-821285EC2D67->9fa9a271-7bed-4435-b477-86c6ed0ece08@group-0E07FAD1B91E, cid=3234, SUCCESS, logIndex=4895, commits[9fa9a271-7bed-4435-b477-86c6ed0ece08:c4896, 06c1a879-4ae3-48dc-9686-b55cde066000:c4892, 67fae1a7-3cbe-4338-9d41-57e84498288b:c4892]
2019-07-10 10:27:44,652 INFO  client.GrpcClientProtocolClient (GrpcClientProtocolClient.java:onNext(255)) - client-821285EC2D67->9fa9a271-7bed-4435-b477-86c6ed0ece08: receive RaftClientReply:client-821285EC2D67->9fa9a271-7bed-4435-b477-86c6ed0ece08@group-0E07FAD1B91E, cid=3235, SUCCESS, logIndex=4896, commits[9fa9a271-7bed-4435-b477-86c6ed0ece08:c4896, 06c1a879-4ae3-48dc-9686-b55cde066000:c4892, 67fae1a7-3cbe-4338-9d41-57e84498288b:c4892]
2019-07-10 10:27:44,665 INFO  client.GrpcClientProtocolClient (GrpcClientProtocolClient.java:onNext(255)) - client-821285EC2D67->9fa9a271-7bed-4435-b477-86c6ed0ece08: receive RaftClientReply:client-821285EC2D67->9fa9a271-7bed-4435-b477-86c6ed0ece08@group-0E07FAD1B91E, cid=3236, SUCCESS, logIndex=0, commits[9fa9a271-7bed-4435-b477-86c6ed0ece08:c4898, 06c1a879-4ae3-48dc-9686-b55cde066000:c4896, 67fae1a7-3cbe-4338-9d41-57e84498288b:c4896]
2019-07-10 10:27:44,691 INFO  client.GrpcClientProtocolClient (GrpcClientProtocolClient.java:onNext(255)) - client-821285EC2D67->9fa9a271-7bed-4435-b477-86c6ed0ece08: receive RaftClientReply:client-821285EC2D67->9fa9a271-7bed-4435-b477-86c6ed0ece08@group-0E07FAD1B91E, cid=3237, SUCCESS, logIndex=4899, commits[9fa9a271-7bed-4435-b477-86c6ed0ece08:c4900, 06c1a879-4ae3-48dc-9686-b55cde066000:c4898, 67fae1a7-3cbe-4338-9d41-57e84498288b:c4898]
2019-07-10 10:27:44,692 INFO  client.GrpcClientProtocolClient (GrpcClientProtocolClient.java:onNext(255)) - client-821285EC2D67->9fa9a271-7bed-4435-b477-86c6ed0ece08: receive RaftClientReply:client-821285EC2D67->9fa9a271-7bed-4435-b477-86c6ed0ece08@group-0E07FAD1B91E, cid=3238, SUCCESS, logIndex=4900, commits[9fa9a271-7bed-4435-b477-86c6ed0ece08:c4900, 06c1a879-4ae3-48dc-9686-b55cde066000:c4898, 67fae1a7-3cbe-4338-9d41-57e84498288b:c4898]
2019-07-10 10:27:44,694 INFO  client.GrpcClientProtocolClient (GrpcClientProtocolClient.java:onNext(255)) - client-821285EC2D67->9fa9a271-7bed-4435-b477-86c6ed0ece08: receive RaftClientReply:client-821285EC2D67->9fa9a271-7bed-4435-b477-86c6ed0ece08@group-0E07FAD1B91E, cid=3239, SUCCESS, logIndex=4901, commits[9fa9a271-7bed-4435-b477-86c6ed0ece08:c4902, 06c1a879-4ae3-48dc-9686-b55cde066000:c4898, 67fae1a7-3cbe-4338-9d41-57e84498288b:c4898]
2019-07-10 10:27:44,695 INFO  client.GrpcClientProtocolClient (GrpcClientProtocolClient.java:onNext(255)) - client-821285EC2D67->9fa9a271-7bed-4435-b477-86c6ed0ece08: receive RaftClientReply:client-821285EC2D67->9fa9a271-7bed-4435-b477-86c6ed0ece08@group-0E07FAD1B91E, cid=3240, SUCCESS, logIndex=4902, commits[9fa9a271-7bed-4435-b477-86c6ed0ece08:c4902, 06c1a879-4ae3-48dc-9686-b55cde066000:c4898, 67fae1a7-3cbe-4338-9d41-57e84498288b:c4898]
2019-07-10 10:27:44,696 INFO  client.GrpcClientProtocolClient (GrpcClientProtocolClient.java:onNext(255)) - client-821285EC2D67->9fa9a271-7bed-4435-b477-86c6ed0ece08: receive RaftClientReply:client-821285EC2D67->9fa9a271-7bed-4435-b477-86c6ed0ece08@group-0E07FAD1B91E, cid=3241, SUCCESS, logIndex=0, commits[9fa9a271-7bed-4435-b477-86c6ed0ece08:c4903, 06c1a879-4ae3-48dc-9686-b55cde066000:c4900, 67fae1a7-3cbe-4338-9d41-57e84498288b:c4900]
2019-07-10 10:27:44,705 INFO  client.GrpcClientProtocolClient (GrpcClientProtocolClient.java:onNext(255)) - client-821285EC2D67->9fa9a271-7bed-4435-b477-86c6ed0ece08: receive RaftClientReply:client-821285EC2D67->9fa9a271-7bed-4435-b477-86c6ed0ece08@group-0E07FAD1B91E, cid=3242, SUCCESS, logIndex=4907, commits[9fa9a271-7bed-4435-b477-86c6ed0ece08:c4908, 06c1a879-4ae3-48dc-9686-b55cde066000:c4906, 67fae1a7-3cbe-4338-9d41-57e84498288b:c4902]
2019-07-10 10:27:44,706 INFO  client.GrpcClientProtocolClient (GrpcClientProtocolClient.java:onNext(255)) - client-821285EC2D67->9fa9a271-7bed-4435-b477-86c6ed0ece08: receive RaftClientReply:client-821285EC2D67->9fa9a271-7bed-4435-b477-86c6ed0ece08@group-0E07FAD1B91E, cid=3243, SUCCESS, logIndex=4908, commits[9fa9a271-7bed-4435-b477-86c6ed0ece08:c4908, 06c1a879-4ae3-48dc-9686-b55cde066000:c4906, 67fae1a7-3cbe-4338-9d41-57e84498288b:c4906]
2019-07-10 10:27:44,716 INFO  client.GrpcClientProtocolClient (GrpcClientProtocolClient.java:onNext(255)) - client-821285EC2D67->9fa9a271-7bed-4435-b477-86c6ed0ece08: receive RaftClientReply:client-821285EC2D67->9fa9a271-7bed-4435-b477-86c6ed0ece08@group-0E07FAD1B91E, cid=3244, SUCCESS, logIndex=4911, commits[9fa9a271-7bed-4435-b477-86c6ed0ece08:c4912, 06c1a879-4ae3-48dc-9686-b55cde066000:c4910, 67fae1a7-3cbe-4338-9d41-57e84498288b:c4908]
2019-07-10 10:27:44,716 INFO  client.GrpcClientProtocolClient (GrpcClientProtocolClient.java:onNext(255)) - client-821285EC2D67->9fa9a271-7bed-4435-b477-86c6ed0ece08: receive RaftClientReply:client-821285EC2D67->9fa9a271-7bed-4435-b477-86c6ed0ece08@group-0E07FAD1B91E, cid=3245, SUCCESS, logIndex=4912, commits[9fa9a271-7bed-4435-b477-86c6ed0ece08:c4912, 06c1a879-4ae3-48dc-9686-b55cde066000:c4910, 67fae1a7-3cbe-4338-9d41-57e84498288b:c4910]
2019-07-10 10:27:44,719 INFO  client.GrpcClientProtocolClient (GrpcClientProtocolClient.java:onNext(255)) - client-821285EC2D67->9fa9a271-7bed-4435-b477-86c6ed0ece08: receive RaftClientReply:client-821285EC2D67->9fa9a271-7bed-4435-b477-86c6ed0ece08@group-0E07FAD1B91E, cid=3246, SUCCESS, logIndex=0, commits[9fa9a271-7bed-4435-b477-86c6ed0ece08:c4913, 06c1a879-4ae3-48dc-9686-b55cde066000:c4912, 67fae1a7-3cbe-4338-9d41-57e84498288b:c4912]
2019-07-10 10:27:44,743 INFO  client.GrpcClientProtocolClient (GrpcClientProtocolClient.java:onNext(255)) - client-821285EC2D67->9fa9a271-7bed-4435-b477-86c6ed0ece08: receive RaftClientReply:client-821285EC2D67->9fa9a271-7bed-4435-b477-86c6ed0ece08@group-0E07FAD1B91E, cid=3247, SUCCESS, logIndex=4915, commits[9fa9a271-7bed-4435-b477-86c6ed0ece08:c4916, 06c1a879-4ae3-48dc-9686-b55cde066000:c4914, 67fae1a7-3cbe-4338-9d41-57e84498288b:c4914]
2019-07-10 10:27:44,744 INFO  client.GrpcClientProtocolClient (GrpcClientProtocolClient.java:onNext(255)) - client-821285EC2D67->9fa9a271-7bed-4435-b477-86c6ed0ece08: receive RaftClientReply:client-821285EC2D67->9fa9a271-7bed-4435-b477-86c6ed0ece08@group-0E07FAD1B91E, cid=3248, SUCCESS, logIndex=4916, commits[9fa9a271-7bed-4435-b477-86c6ed0ece08:c4916, 06c1a879-4ae3-48dc-9686-b55cde066000:c4914, 67fae1a7-3cbe-4338-9d41-57e84498288b:c4914]
2019-07-10 10:27:44,747 INFO  client.GrpcClientProtocolClient (GrpcClientProtocolClient.java:onNext(255)) - client-821285EC2D67->9fa9a271-7bed-4435-b477-86c6ed0ece08: receive RaftClientReply:client-821285EC2D67->9fa9a271-7bed-4435-b477-86c6ed0ece08@group-0E07FAD1B91E, cid=3249, SUCCESS, logIndex=4917, commits[9fa9a271-7bed-4435-b477-86c6ed0ece08:c4917, 06c1a879-4ae3-48dc-9686-b55cde066000:c4914, 67fae1a7-3cbe-4338-9d41-57e84498288b:c4914]
2019-07-10 10:27:44,747 INFO  client.GrpcClientProtocolClient (GrpcClientProtocolClient.java:onNext(255)) - client-821285EC2D67->9fa9a271-7bed-4435-b477-86c6ed0ece08: receive RaftClientReply:client-821285EC2D67->9fa9a271-7bed-4435-b477-86c6ed0ece08@group-0E07FAD1B91E, cid=3250, SUCCESS, logIndex=4918, commits[9fa9a271-7bed-4435-b477-86c6ed0ece08:c4918, 06c1a879-4ae3-48dc-9686-b55cde066000:c4914, 67fae1a7-3cbe-4338-9d41-57e84498288b:c4914]
2019-07-10 10:27:44,748 INFO  client.GrpcClientProtocolClient (GrpcClientProtocolClient.java:onNext(255)) - client-821285EC2D67->9fa9a271-7bed-4435-b477-86c6ed0ece08: receive RaftClientReply:client-821285EC2D67->9fa9a271-7bed-4435-b477-86c6ed0ece08@group-0E07FAD1B91E, cid=3251, SUCCESS, logIndex=0, commits[9fa9a271-7bed-4435-b477-86c6ed0ece08:c4919, 06c1a879-4ae3-48dc-9686-b55cde066000:c4916, 67fae1a7-3cbe-4338-9d41-57e84498288b:c4916]
2019-07-10 10:27:44,767 INFO  client.GrpcClientProtocolClient (GrpcClientProtocolClient.java:onNext(255)) - client-821285EC2D67->9fa9a271-7bed-4435-b477-86c6ed0ece08: receive RaftClientReply:client-821285EC2D67->9fa9a271-7bed-4435-b477-86c6ed0ece08@group-0E07FAD1B91E, cid=3252, SUCCESS, logIndex=4923, commits[9fa9a271-7bed-4435-b477-86c6ed0ece08:c4924, 06c1a879-4ae3-48dc-9686-b55cde066000:c4922, 67fae1a7-3cbe-4338-9d41-57e84498288b:c4922]
2019-07-10 10:27:44,767 INFO  client.GrpcClientProtocolClient (GrpcClientProtocolClient.java:onNext(255)) - client-821285EC2D67->9fa9a271-7bed-4435-b477-86c6ed0ece08: receive RaftClientReply:client-821285EC2D67->9fa9a271-7bed-4435-b477-86c6ed0ece08@group-0E07FAD1B91E, cid=3253, SUCCESS, logIndex=4924, commits[9fa9a271-7bed-4435-b477-86c6ed0ece08:c4924, 06c1a879-4ae3-48dc-9686-b55cde066000:c4922, 67fae1a7-3cbe-4338-9d41-57e84498288b:c4922]
2019-07-10 10:27:44,777 INFO  client.GrpcClientProtocolClient (GrpcClientProtocolClient.java:onNext(255)) - client-821285EC2D67->9fa9a271-7bed-4435-b477-86c6ed0ece08: receive RaftClientReply:client-821285EC2D67->9fa9a271-7bed-4435-b477-86c6ed0ece08@group-0E07FAD1B91E, cid=3254, SUCCESS, logIndex=4927, commits[9fa9a271-7bed-4435-b477-86c6ed0ece08:c4928, 06c1a879-4ae3-48dc-9686-b55cde066000:c4926, 67fae1a7-3cbe-4338-9d41-57e84498288b:c4924]
2019-07-10 10:27:44,777 INFO  client.GrpcClientProtocolClient (GrpcClientProtocolClient.java:onNext(255)) - client-821285EC2D67->9fa9a271-7bed-4435-b477-86c6ed0ece08: receive RaftClientReply:client-821285EC2D67->9fa9a271-7bed-4435-b477-86c6ed0ece08@group-0E07FAD1B91E, cid=3255, SUCCESS, logIndex=4928, commits[9fa9a271-7bed-4435-b477-86c6ed0ece08:c4928, 06c1a879-4ae3-48dc-9686-b55cde066000:c4926, 67fae1a7-3cbe-4338-9d41-57e84498288b:c4924]
2019-07-10 10:27:44,779 INFO  client.GrpcClientProtocolClient (GrpcClientProtocolClient.java:onNext(255)) - client-821285EC2D67->9fa9a271-7bed-4435-b477-86c6ed0ece08: receive RaftClientReply:client-821285EC2D67->9fa9a271-7bed-4435-b477-86c6ed0ece08@group-0E07FAD1B91E, cid=3256, SUCCESS, logIndex=0, commits[9fa9a271-7bed-4435-b477-86c6ed0ece08:c4929, 06c1a879-4ae3-48dc-9686-b55cde066000:c4928, 67fae1a7-3cbe-4338-9d41-57e84498288b:c4928]
2019-07-10 10:27:44,801 INFO  client.GrpcClientProtocolClient (GrpcClientProtocolClient.java:onNext(255)) - client-821285EC2D67->9fa9a271-7bed-4435-b477-86c6ed0ece08: receive RaftClientReply:client-821285EC2D67->9fa9a271-7bed-4435-b477-86c6ed0ece08@group-0E07FAD1B91E, cid=3257, SUCCESS, logIndex=4931, commits[9fa9a271-7bed-4435-b477-86c6ed0ece08:c4932, 06c1a879-4ae3-48dc-9686-b55cde066000:c4930, 67fae1a7-3cbe-4338-9d41-57e84498288b:c4928]
2019-07-10 10:27:44,802 INFO  client.GrpcClientProtocolClient (GrpcClientProtocolClient.java:onNext(255)) - client-821285EC2D67->9fa9a271-7bed-4435-b477-86c6ed0ece08: receive RaftClientReply:client-821285EC2D67->9fa9a271-7bed-4435-b477-86c6ed0ece08@group-0E07FAD1B91E, cid=3258, SUCCESS, logIndex=4932, commits[9fa9a271-7bed-4435-b477-86c6ed0ece08:c4932, 06c1a879-4ae3-48dc-9686-b55cde066000:c4930, 67fae1a7-3cbe-4338-9d41-57e84498288b:c4930]
2019-07-10 10:27:44,802 INFO  client.GrpcClientProtocolClient (GrpcClientProtocolClient.java:onNext(255)) - client-821285EC2D67->9fa9a271-7bed-4435-b477-86c6ed0ece08: receive RaftClientReply:client-821285EC2D67->9fa9a271-7bed-4435-b477-86c6ed0ece08@group-0E07FAD1B91E, cid=3259, SUCCESS, logIndex=4933, commits[9fa9a271-7bed-4435-b477-86c6ed0ece08:c4934, 06c1a879-4ae3-48dc-9686-b55cde066000:c4930, 67fae1a7-3cbe-4338-9d41-57e84498288b:c4930]
2019-07-10 10:27:44,802 INFO  client.GrpcClientProtocolClient (GrpcClientProtocolClient.java:onNext(255)) - client-821285EC2D67->9fa9a271-7bed-4435-b477-86c6ed0ece08: receive RaftClientReply:client-821285EC2D67->9fa9a271-7bed-4435-b477-86c6ed0ece08@group-0E07FAD1B91E, cid=3260, SUCCESS, logIndex=4934, commits[9fa9a271-7bed-4435-b477-86c6ed0ece08:c4934, 06c1a879-4ae3-48dc-9686-b55cde066000:c4930, 67fae1a7-3cbe-4338-9d41-57e84498288b:c4930]
2019-07-10 10:27:44,804 INFO  client.GrpcClientProtocolClient (GrpcClientProtocolClient.java:onNext(255)) - client-821285EC2D67->9fa9a271-7bed-4435-b477-86c6ed0ece08: receive RaftClientReply:client-821285EC2D67->9fa9a271-7bed-4435-b477-86c6ed0ece08@group-0E07FAD1B91E, cid=3261, SUCCESS, logIndex=0, commits[9fa9a271-7bed-4435-b477-86c6ed0ece08:c4935, 06c1a879-4ae3-48dc-9686-b55cde066000:c4932, 67fae1a7-3cbe-4338-9d41-57e84498288b:c4932]
2019-07-10 10:27:44,816 INFO  client.GrpcClientProtocolClient (GrpcClientProtocolClient.java:onNext(255)) - client-821285EC2D67->9fa9a271-7bed-4435-b477-86c6ed0ece08: receive RaftClientReply:client-821285EC2D67->9fa9a271-7bed-4435-b477-86c6ed0ece08@group-0E07FAD1B91E, cid=3262, SUCCESS, logIndex=4938, commits[9fa9a271-7bed-4435-b477-86c6ed0ece08:c4939, 06c1a879-4ae3-48dc-9686-b55cde066000:c4934, 67fae1a7-3cbe-4338-9d41-57e84498288b:c4935]
2019-07-10 10:27:44,816 INFO  client.GrpcClientProtocolClient (GrpcClientProtocolClient.java:onNext(255)) - client-821285EC2D67->9fa9a271-7bed-4435-b477-86c6ed0ece08: receive RaftClientReply:client-821285EC2D67->9fa9a271-7bed-4435-b477-86c6ed0ece08@group-0E07FAD1B91E, cid=3263, SUCCESS, logIndex=4939, commits[9fa9a271-7bed-4435-b477-86c6ed0ece08:c4939, 06c1a879-4ae3-48dc-9686-b55cde066000:c4935, 67fae1a7-3cbe-4338-9d41-57e84498288b:c4935]
2019-07-10 10:27:44,832 INFO  client.GrpcClientProtocolClient (GrpcClientProtocolClient.java:onNext(255)) - client-821285EC2D67->9fa9a271-7bed-4435-b477-86c6ed0ece08: receive RaftClientReply:client-821285EC2D67->9fa9a271-7bed-4435-b477-86c6ed0ece08@group-0E07FAD1B91E, cid=3264, SUCCESS, logIndex=4942, commits[9fa9a271-7bed-4435-b477-86c6ed0ece08:c4943, 06c1a879-4ae3-48dc-9686-b55cde066000:c4941, 67fae1a7-3cbe-4338-9d41-57e84498288b:c4941]
2019-07-10 10:27:44,833 INFO  client.GrpcClientProtocolClient (GrpcClientProtocolClient.java:onNext(255)) - client-821285EC2D67->9fa9a271-7bed-4435-b477-86c6ed0ece08: receive RaftClientReply:client-821285EC2D67->9fa9a271-7bed-4435-b477-86c6ed0ece08@group-0E07FAD1B91E, cid=3265, SUCCESS, logIndex=4943, commits[9fa9a271-7bed-4435-b477-86c6ed0ece08:c4943, 06c1a879-4ae3-48dc-9686-b55cde066000:c4941, 67fae1a7-3cbe-4338-9d41-57e84498288b:c4941]
2019-07-10 10:27:44,844 INFO  client.GrpcClientProtocolClient (GrpcClientProtocolClient.java:onNext(255)) - client-821285EC2D67->9fa9a271-7bed-4435-b477-86c6ed0ece08: receive RaftClientReply:client-821285EC2D67->9fa9a271-7bed-4435-b477-86c6ed0ece08@group-0E07FAD1B91E, cid=3266, SUCCESS, logIndex=0, commits[9fa9a271-7bed-4435-b477-86c6ed0ece08:c4944, 06c1a879-4ae3-48dc-9686-b55cde066000:c4943, 67fae1a7-3cbe-4338-9d41-57e84498288b:c4943]
2019-07-10 10:27:44,984 INFO  client.GrpcClientProtocolClient (GrpcClientProtocolClient.java:onNext(255)) - client-821285EC2D67->9fa9a271-7bed-4435-b477-86c6ed0ece08: receive RaftClientReply:client-821285EC2D67->9fa9a271-7bed-4435-b477-86c6ed0ece08@group-0E07FAD1B91E, cid=3267, SUCCESS, logIndex=4946, commits[9fa9a271-7bed-4435-b477-86c6ed0ece08:c4948, 06c1a879-4ae3-48dc-9686-b55cde066000:c4945, 67fae1a7-3cbe-4338-9d41-57e84498288b:c4945]
2019-07-10 10:27:44,985 INFO  client.GrpcClientProtocolClient (GrpcClientProtocolClient.java:onNext(255)) - client-821285EC2D67->9fa9a271-7bed-4435-b477-86c6ed0ece08: receive RaftClientReply:client-821285EC2D67->9fa9a271-7bed-4435-b477-86c6ed0ece08@group-0E07FAD1B91E, cid=3268, SUCCESS, logIndex=4947, commits[9fa9a271-7bed-4435-b477-86c6ed0ece08:c4949, 06c1a879-4ae3-48dc-9686-b55cde066000:c4945, 67fae1a7-3cbe-4338-9d41-57e84498288b:c4945]
2019-07-10 10:27:44,985 INFO  client.GrpcClientProtocolClient (GrpcClientProtocolClient.java:onNext(255)) - client-821285EC2D67->9fa9a271-7bed-4435-b477-86c6ed0ece08: receive RaftClientReply:client-821285EC2D67->9fa9a271-7bed-4435-b477-86c6ed0ece08@group-0E07FAD1B91E, cid=3269, SUCCESS, logIndex=4948, commits[9fa9a271-7bed-4435-b477-86c6ed0ece08:c4949, 06c1a879-4ae3-48dc-9686-b55cde066000:c4945, 67fae1a7-3cbe-4338-9d41-57e84498288b:c4945]
2019-07-10 10:27:44,986 INFO  client.GrpcClientProtocolClient (GrpcClientProtocolClient.java:onNext(255)) - client-821285EC2D67->9fa9a271-7bed-4435-b477-86c6ed0ece08: receive RaftClientReply:client-821285EC2D67->9fa9a271-7bed-4435-b477-86c6ed0ece08@group-0E07FAD1B91E, cid=3270, SUCCESS, logIndex=4949, commits[9fa9a271-7bed-4435-b477-86c6ed0ece08:c4949, 06c1a879-4ae3-48dc-9686-b55cde066000:c4945, 67fae1a7-3cbe-4338-9d41-57e84498288b:c4945]
2019-07-10 10:27:44,997 INFO  client.GrpcClientProtocolClient (GrpcClientProtocolClient.java:onNext(255)) - client-821285EC2D67->9fa9a271-7bed-4435-b477-86c6ed0ece08: receive RaftClientReply:client-821285EC2D67->9fa9a271-7bed-4435-b477-86c6ed0ece08@group-0E07FAD1B91E, cid=3271, SUCCESS, logIndex=0, commits[9fa9a271-7bed-4435-b477-86c6ed0ece08:c4952, 06c1a879-4ae3-48dc-9686-b55cde066000:c4948, 67fae1a7-3cbe-4338-9d41-57e84498288b:c4947]
2019-07-10 10:27:45,020 INFO  client.GrpcClientProtocolClient (GrpcClientProtocolClient.java:onNext(255)) - client-821285EC2D67->9fa9a271-7bed-4435-b477-86c6ed0ece08: receive RaftClientReply:client-821285EC2D67->9fa9a271-7bed-4435-b477-86c6ed0ece08@group-0E07FAD1B91E, cid=3272, SUCCESS, logIndex=4954, commits[9fa9a271-7bed-4435-b477-86c6ed0ece08:c4955, 06c1a879-4ae3-48dc-9686-b55cde066000:c4953, 67fae1a7-3cbe-4338-9d41-57e84498288b:c4953]
2019-07-10 10:27:45,021 INFO  client.GrpcClientProtocolClient (GrpcClientProtocolClient.java:onNext(255)) - client-821285EC2D67->9fa9a271-7bed-4435-b477-86c6ed0ece08: receive RaftClientReply:client-821285EC2D67->9fa9a271-7bed-4435-b477-86c6ed0ece08@group-0E07FAD1B91E, cid=3273, SUCCESS, logIndex=4955, commits[9fa9a271-7bed-4435-b477-86c6ed0ece08:c4955, 06c1a879-4ae3-48dc-9686-b55cde066000:c4953, 67fae1a7-3cbe-4338-9d41-57e84498288b:c4953]
2019-07-10 10:27:45,041 INFO  client.GrpcClientProtocolClient (GrpcClientProtocolClient.java:onNext(255)) - client-821285EC2D67->9fa9a271-7bed-4435-b477-86c6ed0ece08: receive RaftClientReply:client-821285EC2D67->9fa9a271-7bed-4435-b477-86c6ed0ece08@group-0E07FAD1B91E, cid=3274, SUCCESS, logIndex=4958, commits[9fa9a271-7bed-4435-b477-86c6ed0ece08:c4959, 06c1a879-4ae3-48dc-9686-b55cde066000:c4954, 67fae1a7-3cbe-4338-9d41-57e84498288b:c4955]
2019-07-10 10:27:45,042 INFO  client.GrpcClientProtocolClient (GrpcClientProtocolClient.java:onNext(255)) - client-821285EC2D67->9fa9a271-7bed-4435-b477-86c6ed0ece08: receive RaftClientReply:client-821285EC2D67->9fa9a271-7bed-4435-b477-86c6ed0ece08@group-0E07FAD1B91E, cid=3275, SUCCESS, logIndex=4959, commits[9fa9a271-7bed-4435-b477-86c6ed0ece08:c4959, 06c1a879-4ae3-48dc-9686-b55cde066000:c4954, 67fae1a7-3cbe-4338-9d41-57e84498288b:c4955]
2019-07-10 10:27:45,043 INFO  client.GrpcClientProtocolClient (GrpcClientProtocolClient.java:onNext(255)) - client-821285EC2D67->9fa9a271-7bed-4435-b477-86c6ed0ece08: receive RaftClientReply:client-821285EC2D67->9fa9a271-7bed-4435-b477-86c6ed0ece08@group-0E07FAD1B91E, cid=3276, SUCCESS, logIndex=0, commits[9fa9a271-7bed-4435-b477-86c6ed0ece08:c4959, 06c1a879-4ae3-48dc-9686-b55cde066000:c4955, 67fae1a7-3cbe-4338-9d41-57e84498288b:c4955]
2019-07-10 10:27:45,046 INFO  client.GrpcClientProtocolClient (GrpcClientProtocolClient.java:onNext(255)) - client-821285EC2D67->9fa9a271-7bed-4435-b477-86c6ed0ece08: receive RaftClientReply:client-821285EC2D67->9fa9a271-7bed-4435-b477-86c6ed0ece08@group-0E07FAD1B91E, cid=3277, SUCCESS, logIndex=0, commits[9fa9a271-7bed-4435-b477-86c6ed0ece08:c4961, 06c1a879-4ae3-48dc-9686-b55cde066000:c4959, 67fae1a7-3cbe-4338-9d41-57e84498288b:c4959]
2019-07-10 10:27:45,076 INFO  client.GrpcClientProtocolClient (GrpcClientProtocolClient.java:onNext(255)) - client-821285EC2D67->9fa9a271-7bed-4435-b477-86c6ed0ece08: receive RaftClientReply:client-821285EC2D67->9fa9a271-7bed-4435-b477-86c6ed0ece08@group-0E07FAD1B91E, cid=3278, SUCCESS, logIndex=4962, commits[9fa9a271-7bed-4435-b477-86c6ed0ece08:c4963, 06c1a879-4ae3-48dc-9686-b55cde066000:c4961, 67fae1a7-3cbe-4338-9d41-57e84498288b:c4961]
2019-07-10 10:27:45,077 INFO  client.GrpcClientProtocolClient (GrpcClientProtocolClient.java:onNext(255)) - client-821285EC2D67->9fa9a271-7bed-4435-b477-86c6ed0ece08: receive RaftClientReply:client-821285EC2D67->9fa9a271-7bed-4435-b477-86c6ed0ece08@group-0E07FAD1B91E, cid=3279, SUCCESS, logIndex=4963, commits[9fa9a271-7bed-4435-b477-86c6ed0ece08:c4963, 06c1a879-4ae3-48dc-9686-b55cde066000:c4961, 67fae1a7-3cbe-4338-9d41-57e84498288b:c4961]
2019-07-10 10:27:45,077 INFO  client.GrpcClientProtocolClient (GrpcClientProtocolClient.java:onNext(255)) - client-821285EC2D67->9fa9a271-7bed-4435-b477-86c6ed0ece08: receive RaftClientReply:client-821285EC2D67->9fa9a271-7bed-4435-b477-86c6ed0ece08@group-0E07FAD1B91E, cid=3280, SUCCESS, logIndex=4964, commits[9fa9a271-7bed-4435-b477-86c6ed0ece08:c4965, 06c1a879-4ae3-48dc-9686-b55cde066000:c4961, 67fae1a7-3cbe-4338-9d41-57e84498288b:c4961]
2019-07-10 10:27:45,077 INFO  client.GrpcClientProtocolClient (GrpcClientProtocolClient.java:onNext(255)) - client-821285EC2D67->9fa9a271-7bed-4435-b477-86c6ed0ece08: receive RaftClientReply:client-821285EC2D67->9fa9a271-7bed-4435-b477-86c6ed0ece08@group-0E07FAD1B91E, cid=3281, SUCCESS, logIndex=4965, commits[9fa9a271-7bed-4435-b477-86c6ed0ece08:c4965, 06c1a879-4ae3-48dc-9686-b55cde066000:c4961, 67fae1a7-3cbe-4338-9d41-57e84498288b:c4961]
2019-07-10 10:27:45,081 INFO  client.GrpcClientProtocolClient (GrpcClientProtocolClient.java:onNext(255)) - client-821285EC2D67->9fa9a271-7bed-4435-b477-86c6ed0ece08: receive RaftClientReply:client-821285EC2D67->9fa9a271-7bed-4435-b477-86c6ed0ece08@group-0E07FAD1B91E, cid=3282, SUCCESS, logIndex=0, commits[9fa9a271-7bed-4435-b477-86c6ed0ece08:c4967, 06c1a879-4ae3-48dc-9686-b55cde066000:c4963, 67fae1a7-3cbe-4338-9d41-57e84498288b:c4963]
2019-07-10 10:27:45,104 INFO  client.GrpcClientProtocolClient (GrpcClientProtocolClient.java:onNext(255)) - client-821285EC2D67->9fa9a271-7bed-4435-b477-86c6ed0ece08: receive RaftClientReply:client-821285EC2D67->9fa9a271-7bed-4435-b477-86c6ed0ece08@group-0E07FAD1B91E, cid=3283, SUCCESS, logIndex=4970, commits[9fa9a271-7bed-4435-b477-86c6ed0ece08:c4971, 06c1a879-4ae3-48dc-9686-b55cde066000:c4969, 67fae1a7-3cbe-4338-9d41-57e84498288b:c4969]
2019-07-10 10:27:45,104 INFO  client.GrpcClientProtocolClient (GrpcClientProtocolClient.java:onNext(255)) - client-821285EC2D67->9fa9a271-7bed-4435-b477-86c6ed0ece08: receive RaftClientReply:client-821285EC2D67->9fa9a271-7bed-4435-b477-86c6ed0ece08@group-0E07FAD1B91E, cid=3284, SUCCESS, logIndex=4971, commits[9fa9a271-7bed-4435-b477-86c6ed0ece08:c4971, 06c1a879-4ae3-48dc-9686-b55cde066000:c4969, 67fae1a7-3cbe-4338-9d41-57e84498288b:c4969]
2019-07-10 10:27:45,116 INFO  client.GrpcClientProtocolClient (GrpcClientProtocolClient.java:onNext(255)) - client-821285EC2D67->9fa9a271-7bed-4435-b477-86c6ed0ece08: receive RaftClientReply:client-821285EC2D67->9fa9a271-7bed-4435-b477-86c6ed0ece08@group-0E07FAD1B91E, cid=3285, SUCCESS, logIndex=4974, commits[9fa9a271-7bed-4435-b477-86c6ed0ece08:c4975, 06c1a879-4ae3-48dc-9686-b55cde066000:c4971, 67fae1a7-3cbe-4338-9d41-57e84498288b:c4971]
2019-07-10 10:27:45,116 INFO  client.GrpcClientProtocolClient (GrpcClientProtocolClient.java:onNext(255)) - client-821285EC2D67->9fa9a271-7bed-4435-b477-86c6ed0ece08: receive RaftClientReply:client-821285EC2D67->9fa9a271-7bed-4435-b477-86c6ed0ece08@group-0E07FAD1B91E, cid=3286, SUCCESS, logIndex=4975, commits[9fa9a271-7bed-4435-b477-86c6ed0ece08:c4975, 06c1a879-4ae3-48dc-9686-b55cde066000:c4971, 67fae1a7-3cbe-4338-9d41-57e84498288b:c4971]
2019-07-10 10:27:45,119 INFO  client.GrpcClientProtocolClient (GrpcClientProtocolClient.java:onNext(255)) - client-821285EC2D67->9fa9a271-7bed-4435-b477-86c6ed0ece08: receive RaftClientReply:client-821285EC2D67->9fa9a271-7bed-4435-b477-86c6ed0ece08@group-0E07FAD1B91E, cid=3287, SUCCESS, logIndex=0, commits[9fa9a271-7bed-4435-b477-86c6ed0ece08:c4977, 06c1a879-4ae3-48dc-9686-b55cde066000:c4975, 67fae1a7-3cbe-4338-9d41-57e84498288b:c4975]
2019-07-10 10:27:45,141 INFO  client.GrpcClientProtocolClient (GrpcClientProtocolClient.java:onNext(255)) - client-821285EC2D67->9fa9a271-7bed-4435-b477-86c6ed0ece08: receive RaftClientReply:client-821285EC2D67->9fa9a271-7bed-4435-b477-86c6ed0ece08@group-0E07FAD1B91E, cid=3288, SUCCESS, logIndex=4978, commits[9fa9a271-7bed-4435-b477-86c6ed0ece08:c4979, 06c1a879-4ae3-48dc-9686-b55cde066000:c4977, 67fae1a7-3cbe-4338-9d41-57e84498288b:c4975]
2019-07-10 10:27:45,142 INFO  client.GrpcClientProtocolClient (GrpcClientProtocolClient.java:onNext(255)) - client-821285EC2D67->9fa9a271-7bed-4435-b477-86c6ed0ece08: receive RaftClientReply:client-821285EC2D67->9fa9a271-7bed-4435-b477-86c6ed0ece08@group-0E07FAD1B91E, cid=3289, SUCCESS, logIndex=4979, commits[9fa9a271-7bed-4435-b477-86c6ed0ece08:c4979, 06c1a879-4ae3-48dc-9686-b55cde066000:c4977, 67fae1a7-3cbe-4338-9d41-57e84498288b:c4975]
2019-07-10 10:27:45,142 INFO  client.GrpcClientProtocolClient (GrpcClientProtocolClient.java:onNext(255)) - client-821285EC2D67->9fa9a271-7bed-4435-b477-86c6ed0ece08: receive RaftClientReply:client-821285EC2D67->9fa9a271-7bed-4435-b477-86c6ed0ece08@group-0E07FAD1B91E, cid=3290, SUCCESS, logIndex=4980, commits[9fa9a271-7bed-4435-b477-86c6ed0ece08:c4981, 06c1a879-4ae3-48dc-9686-b55cde066000:c4977, 67fae1a7-3cbe-4338-9d41-57e84498288b:c4975]
2019-07-10 10:27:45,143 INFO  client.GrpcClientProtocolClient (GrpcClientProtocolClient.java:onNext(255)) - client-821285EC2D67->9fa9a271-7bed-4435-b477-86c6ed0ece08: receive RaftClientReply:client-821285EC2D67->9fa9a271-7bed-4435-b477-86c6ed0ece08@group-0E07FAD1B91E, cid=3291, SUCCESS, logIndex=4981, commits[9fa9a271-7bed-4435-b477-86c6ed0ece08:c4981, 06c1a879-4ae3-48dc-9686-b55cde066000:c4977, 67fae1a7-3cbe-4338-9d41-57e84498288b:c4975]
2019-07-10 10:27:45,146 INFO  client.GrpcClientProtocolClient (GrpcClientProtocolClient.java:onNext(255)) - client-821285EC2D67->9fa9a271-7bed-4435-b477-86c6ed0ece08: receive RaftClientReply:client-821285EC2D67->9fa9a271-7bed-4435-b477-86c6ed0ece08@group-0E07FAD1B91E, cid=3292, SUCCESS, logIndex=0, commits[9fa9a271-7bed-4435-b477-86c6ed0ece08:c4983, 06c1a879-4ae3-48dc-9686-b55cde066000:c4979, 67fae1a7-3cbe-4338-9d41-57e84498288b:c4979]
2019-07-10 10:27:45,163 INFO  client.GrpcClientProtocolClient (GrpcClientProtocolClient.java:onNext(255)) - client-821285EC2D67->9fa9a271-7bed-4435-b477-86c6ed0ece08: receive RaftClientReply:client-821285EC2D67->9fa9a271-7bed-4435-b477-86c6ed0ece08@group-0E07FAD1B91E, cid=3293, SUCCESS, logIndex=4986, commits[9fa9a271-7bed-4435-b477-86c6ed0ece08:c4986, 06c1a879-4ae3-48dc-9686-b55cde066000:c4985, 67fae1a7-3cbe-4338-9d41-57e84498288b:c4985]
2019-07-10 10:27:45,163 INFO  client.GrpcClientProtocolClient (GrpcClientProtocolClient.java:onNext(255)) - client-821285EC2D67->9fa9a271-7bed-4435-b477-86c6ed0ece08: receive RaftClientReply:client-821285EC2D67->9fa9a271-7bed-4435-b477-86c6ed0ece08@group-0E07FAD1B91E, cid=3294, SUCCESS, logIndex=4987, commits[9fa9a271-7bed-4435-b477-86c6ed0ece08:c4987, 06c1a879-4ae3-48dc-9686-b55cde066000:c4985, 67fae1a7-3cbe-4338-9d41-57e84498288b:c4985]
2019-07-10 10:27:45,183 INFO  client.GrpcClientProtocolClient (GrpcClientProtocolClient.java:onNext(255)) - client-821285EC2D67->9fa9a271-7bed-4435-b477-86c6ed0ece08: receive RaftClientReply:client-821285EC2D67->9fa9a271-7bed-4435-b477-86c6ed0ece08@group-0E07FAD1B91E, cid=3295, SUCCESS, logIndex=4990, commits[9fa9a271-7bed-4435-b477-86c6ed0ece08:c4990, 06c1a879-4ae3-48dc-9686-b55cde066000:c4987, 67fae1a7-3cbe-4338-9d41-57e84498288b:c4987]
2019-07-10 10:27:45,184 INFO  client.GrpcClientProtocolClient (GrpcClientProtocolClient.java:onNext(255)) - client-821285EC2D67->9fa9a271-7bed-4435-b477-86c6ed0ece08: receive RaftClientReply:client-821285EC2D67->9fa9a271-7bed-4435-b477-86c6ed0ece08@group-0E07FAD1B91E, cid=3296, SUCCESS, logIndex=4991, commits[9fa9a271-7bed-4435-b477-86c6ed0ece08:c4991, 06c1a879-4ae3-48dc-9686-b55cde066000:c4987, 67fae1a7-3cbe-4338-9d41-57e84498288b:c4987]
2019-07-10 10:27:45,194 INFO  client.GrpcClientProtocolClient (GrpcClientProtocolClient.java:onNext(255)) - client-821285EC2D67->9fa9a271-7bed-4435-b477-86c6ed0ece08: receive RaftClientReply:client-821285EC2D67->9fa9a271-7bed-4435-b477-86c6ed0ece08@group-0E07FAD1B91E, cid=3297, SUCCESS, logIndex=0, commits[9fa9a271-7bed-4435-b477-86c6ed0ece08:c4993, 06c1a879-4ae3-48dc-9686-b55cde066000:c4991, 67fae1a7-3cbe-4338-9d41-57e84498288b:c4991]
2019-07-10 10:27:45,222 INFO  client.GrpcClientProtocolClient (GrpcClientProtocolClient.java:onNext(255)) - client-821285EC2D67->9fa9a271-7bed-4435-b477-86c6ed0ece08: receive RaftClientReply:client-821285EC2D67->9fa9a271-7bed-4435-b477-86c6ed0ece08@group-0E07FAD1B91E, cid=3298, SUCCESS, logIndex=4994, commits[9fa9a271-7bed-4435-b477-86c6ed0ece08:c4995, 06c1a879-4ae3-48dc-9686-b55cde066000:c4993, 67fae1a7-3cbe-4338-9d41-57e84498288b:c4993]
2019-07-10 10:27:45,223 INFO  client.GrpcClientProtocolClient (GrpcClientProtocolClient.java:onNext(255)) - client-821285EC2D67->9fa9a271-7bed-4435-b477-86c6ed0ece08: receive RaftClientReply:client-821285EC2D67->9fa9a271-7bed-4435-b477-86c6ed0ece08@group-0E07FAD1B91E, cid=3299, SUCCESS, logIndex=4995, commits[9fa9a271-7bed-4435-b477-86c6ed0ece08:c4995, 06c1a879-4ae3-48dc-9686-b55cde066000:c4993, 67fae1a7-3cbe-4338-9d41-57e84498288b:c4993]
2019-07-10 10:27:45,223 INFO  client.GrpcClientProtocolClient (GrpcClientProtocolClient.java:onNext(255)) - client-821285EC2D67->9fa9a271-7bed-4435-b477-86c6ed0ece08: receive RaftClientReply:client-821285EC2D67->9fa9a271-7bed-4435-b477-86c6ed0ece08@group-0E07FAD1B91E, cid=3300, SUCCESS, logIndex=4996, commits[9fa9a271-7bed-4435-b477-86c6ed0ece08:c4997, 06c1a879-4ae3-48dc-9686-b55cde066000:c4993, 67fae1a7-3cbe-4338-9d41-57e84498288b:c4993]
2019-07-10 10:27:45,223 INFO  client.GrpcClientProtocolClient (GrpcClientProtocolClient.java:onNext(255)) - client-821285EC2D67->9fa9a271-7bed-4435-b477-86c6ed0ece08: receive RaftClientReply:client-821285EC2D67->9fa9a271-7bed-4435-b477-86c6ed0ece08@group-0E07FAD1B91E, cid=3301, SUCCESS, logIndex=4997, commits[9fa9a271-7bed-4435-b477-86c6ed0ece08:c4997, 06c1a879-4ae3-48dc-9686-b55cde066000:c4993, 67fae1a7-3cbe-4338-9d41-57e84498288b:c4993]
2019-07-10 10:27:45,227 INFO  client.GrpcClientProtocolClient (GrpcClientProtocolClient.java:onNext(255)) - client-821285EC2D67->9fa9a271-7bed-4435-b477-86c6ed0ece08: receive RaftClientReply:client-821285EC2D67->9fa9a271-7bed-4435-b477-86c6ed0ece08@group-0E07FAD1B91E, cid=3302, SUCCESS, logIndex=0, commits[9fa9a271-7bed-4435-b477-86c6ed0ece08:c4999, 06c1a879-4ae3-48dc-9686-b55cde066000:c4995, 67fae1a7-3cbe-4338-9d41-57e84498288b:c4995]
2019-07-10 10:27:45,238 INFO  client.GrpcClientProtocolClient (GrpcClientProtocolClient.java:onNext(255)) - client-821285EC2D67->9fa9a271-7bed-4435-b477-86c6ed0ece08: receive RaftClientReply:client-821285EC2D67->9fa9a271-7bed-4435-b477-86c6ed0ece08@group-0E07FAD1B91E, cid=3303, SUCCESS, logIndex=5002, commits[9fa9a271-7bed-4435-b477-86c6ed0ece08:c5003, 06c1a879-4ae3-48dc-9686-b55cde066000:c4997, 67fae1a7-3cbe-4338-9d41-57e84498288b:c5001]
2019-07-10 10:27:45,239 INFO  client.GrpcClientProtocolClient (GrpcClientProtocolClient.java:onNext(255)) - client-821285EC2D67->9fa9a271-7bed-4435-b477-86c6ed0ece08: receive RaftClientReply:client-821285EC2D67->9fa9a271-7bed-4435-b477-86c6ed0ece08@group-0E07FAD1B91E, cid=3304, SUCCESS, logIndex=5003, commits[9fa9a271-7bed-4435-b477-86c6ed0ece08:c5003, 06c1a879-4ae3-48dc-9686-b55cde066000:c5001, 67fae1a7-3cbe-4338-9d41-57e84498288b:c5001]
2019-07-10 10:27:45,260 INFO  client.GrpcClientProtocolClient (GrpcClientProtocolClient.java:onNext(255)) - client-821285EC2D67->9fa9a271-7bed-4435-b477-86c6ed0ece08: receive RaftClientReply:client-821285EC2D67->9fa9a271-7bed-4435-b477-86c6ed0ece08@group-0E07FAD1B91E, cid=3305, SUCCESS, logIndex=5006, commits[9fa9a271-7bed-4435-b477-86c6ed0ece08:c5007, 06c1a879-4ae3-48dc-9686-b55cde066000:c5004, 67fae1a7-3cbe-4338-9d41-57e84498288b:c5004]
2019-07-10 10:27:45,260 INFO  client.GrpcClientProtocolClient (GrpcClientProtocolClient.java:onNext(255)) - client-821285EC2D67->9fa9a271-7bed-4435-b477-86c6ed0ece08: receive RaftClientReply:client-821285EC2D67->9fa9a271-7bed-4435-b477-86c6ed0ece08@group-0E07FAD1B91E, cid=3306, SUCCESS, logIndex=5007, commits[9fa9a271-7bed-4435-b477-86c6ed0ece08:c5007, 06c1a879-4ae3-48dc-9686-b55cde066000:c5004, 67fae1a7-3cbe-4338-9d41-57e84498288b:c5004]
2019-07-10 10:27:45,272 INFO  client.GrpcClientProtocolClient (GrpcClientProtocolClient.java:onNext(255)) - client-821285EC2D67->9fa9a271-7bed-4435-b477-86c6ed0ece08: receive RaftClientReply:client-821285EC2D67->9fa9a271-7bed-4435-b477-86c6ed0ece08@group-0E07FAD1B91E, cid=3307, SUCCESS, logIndex=0, commits[9fa9a271-7bed-4435-b477-86c6ed0ece08:c5009, 06c1a879-4ae3-48dc-9686-b55cde066000:c5007, 67fae1a7-3cbe-4338-9d41-57e84498288b:c5007]
2019-07-10 10:27:45,300 INFO  client.GrpcClientProtocolClient (GrpcClientProtocolClient.java:onNext(255)) - client-821285EC2D67->9fa9a271-7bed-4435-b477-86c6ed0ece08: receive RaftClientReply:client-821285EC2D67->9fa9a271-7bed-4435-b477-86c6ed0ece08@group-0E07FAD1B91E, cid=3308, SUCCESS, logIndex=5010, commits[9fa9a271-7bed-4435-b477-86c6ed0ece08:c5011, 06c1a879-4ae3-48dc-9686-b55cde066000:c5009, 67fae1a7-3cbe-4338-9d41-57e84498288b:c5009]
2019-07-10 10:27:45,300 INFO  client.GrpcClientProtocolClient (GrpcClientProtocolClient.java:onNext(255)) - client-821285EC2D67->9fa9a271-7bed-4435-b477-86c6ed0ece08: receive RaftClientReply:client-821285EC2D67->9fa9a271-7bed-4435-b477-86c6ed0ece08@group-0E07FAD1B91E, cid=3309, SUCCESS, logIndex=5011, commits[9fa9a271-7bed-4435-b477-86c6ed0ece08:c5011, 06c1a879-4ae3-48dc-9686-b55cde066000:c5009, 67fae1a7-3cbe-4338-9d41-57e84498288b:c5009]
2019-07-10 10:27:45,301 INFO  client.GrpcClientProtocolClient (GrpcClientProtocolClient.java:onNext(255)) - client-821285EC2D67->9fa9a271-7bed-4435-b477-86c6ed0ece08: receive RaftClientReply:client-821285EC2D67->9fa9a271-7bed-4435-b477-86c6ed0ece08@group-0E07FAD1B91E, cid=3310, SUCCESS, logIndex=5012, commits[9fa9a271-7bed-4435-b477-86c6ed0ece08:c5013, 06c1a879-4ae3-48dc-9686-b55cde066000:c5009, 67fae1a7-3cbe-4338-9d41-57e84498288b:c5009]
2019-07-10 10:27:45,301 INFO  client.GrpcClientProtocolClient (GrpcClientProtocolClient.java:onNext(255)) - client-821285EC2D67->9fa9a271-7bed-4435-b477-86c6ed0ece08: receive RaftClientReply:client-821285EC2D67->9fa9a271-7bed-4435-b477-86c6ed0ece08@group-0E07FAD1B91E, cid=3311, SUCCESS, logIndex=5013, commits[9fa9a271-7bed-4435-b477-86c6ed0ece08:c5013, 06c1a879-4ae3-48dc-9686-b55cde066000:c5009, 67fae1a7-3cbe-4338-9d41-57e84498288b:c5009]
2019-07-10 10:27:45,304 INFO  client.GrpcClientProtocolClient (GrpcClientProtocolClient.java:onNext(255)) - client-821285EC2D67->9fa9a271-7bed-4435-b477-86c6ed0ece08: receive RaftClientReply:client-821285EC2D67->9fa9a271-7bed-4435-b477-86c6ed0ece08@group-0E07FAD1B91E, cid=3312, SUCCESS, logIndex=0, commits[9fa9a271-7bed-4435-b477-86c6ed0ece08:c5015, 06c1a879-4ae3-48dc-9686-b55cde066000:c5011, 67fae1a7-3cbe-4338-9d41-57e84498288b:c5011]
2019-07-10 10:27:45,314 INFO  client.GrpcClientProtocolClient (GrpcClientProtocolClient.java:onNext(255)) - client-821285EC2D67->9fa9a271-7bed-4435-b477-86c6ed0ece08: receive RaftClientReply:client-821285EC2D67->9fa9a271-7bed-4435-b477-86c6ed0ece08@group-0E07FAD1B91E, cid=3313, SUCCESS, logIndex=5018, commits[9fa9a271-7bed-4435-b477-86c6ed0ece08:c5019, 06c1a879-4ae3-48dc-9686-b55cde066000:c5013, 67fae1a7-3cbe-4338-9d41-57e84498288b:c5017]
2019-07-10 10:27:45,315 INFO  client.GrpcClientProtocolClient (GrpcClientProtocolClient.java:onNext(255)) - client-821285EC2D67->9fa9a271-7bed-4435-b477-86c6ed0ece08: receive RaftClientReply:client-821285EC2D67->9fa9a271-7bed-4435-b477-86c6ed0ece08@group-0E07FAD1B91E, cid=3314, SUCCESS, logIndex=5019, commits[9fa9a271-7bed-4435-b477-86c6ed0ece08:c5019, 06c1a879-4ae3-48dc-9686-b55cde066000:c5013, 67fae1a7-3cbe-4338-9d41-57e84498288b:c5017]
2019-07-10 10:27:45,331 INFO  client.GrpcClientProtocolClient (GrpcClientProtocolClient.java:onNext(255)) - client-821285EC2D67->9fa9a271-7bed-4435-b477-86c6ed0ece08: receive RaftClientReply:client-821285EC2D67->9fa9a271-7bed-4435-b477-86c6ed0ece08@group-0E07FAD1B91E, cid=3315, SUCCESS, logIndex=5022, commits[9fa9a271-7bed-4435-b477-86c6ed0ece08:c5023, 06c1a879-4ae3-48dc-9686-b55cde066000:c5021, 67fae1a7-3cbe-4338-9d41-57e84498288b:c5021]
2019-07-10 10:27:45,332 INFO  client.GrpcClientProtocolClient (GrpcClientProtocolClient.java:onNext(255)) - client-821285EC2D67->9fa9a271-7bed-4435-b477-86c6ed0ece08: receive RaftClientReply:client-821285EC2D67->9fa9a271-7bed-4435-b477-86c6ed0ece08@group-0E07FAD1B91E, cid=3316, SUCCESS, logIndex=5023, commits[9fa9a271-7bed-4435-b477-86c6ed0ece08:c5023, 06c1a879-4ae3-48dc-9686-b55cde066000:c5021, 67fae1a7-3cbe-4338-9d41-57e84498288b:c5021]
2019-07-10 10:27:45,344 INFO  client.GrpcClientProtocolClient (GrpcClientProtocolClient.java:onNext(255)) - client-821285EC2D67->9fa9a271-7bed-4435-b477-86c6ed0ece08: receive RaftClientReply:client-821285EC2D67->9fa9a271-7bed-4435-b477-86c6ed0ece08@group-0E07FAD1B91E, cid=3317, SUCCESS, logIndex=0, commits[9fa9a271-7bed-4435-b477-86c6ed0ece08:c5025, 06c1a879-4ae3-48dc-9686-b55cde066000:c5023, 67fae1a7-3cbe-4338-9d41-57e84498288b:c5023]
2019-07-10 10:27:45,364 INFO  client.GrpcClientProtocolClient (GrpcClientProtocolClient.java:onNext(255)) - client-821285EC2D67->9fa9a271-7bed-4435-b477-86c6ed0ece08: receive RaftClientReply:client-821285EC2D67->9fa9a271-7bed-4435-b477-86c6ed0ece08@group-0E07FAD1B91E, cid=3318, SUCCESS, logIndex=5026, commits[9fa9a271-7bed-4435-b477-86c6ed0ece08:c5027, 06c1a879-4ae3-48dc-9686-b55cde066000:c5025, 67fae1a7-3cbe-4338-9d41-57e84498288b:c5023]
2019-07-10 10:27:45,365 INFO  client.GrpcClientProtocolClient (GrpcClientProtocolClient.java:onNext(255)) - client-821285EC2D67->9fa9a271-7bed-4435-b477-86c6ed0ece08: receive RaftClientReply:client-821285EC2D67->9fa9a271-7bed-4435-b477-86c6ed0ece08@group-0E07FAD1B91E, cid=3319, SUCCESS, logIndex=5027, commits[9fa9a271-7bed-4435-b477-86c6ed0ece08:c5027, 06c1a879-4ae3-48dc-9686-b55cde066000:c5025, 67fae1a7-3cbe-4338-9d41-57e84498288b:c5023]
2019-07-10 10:27:45,366 INFO  client.GrpcClientProtocolClient (GrpcClientProtocolClient.java:onNext(255)) - client-821285EC2D67->9fa9a271-7bed-4435-b477-86c6ed0ece08: receive RaftClientReply:client-821285EC2D67->9fa9a271-7bed-4435-b477-86c6ed0ece08@group-0E07FAD1B91E, cid=3320, SUCCESS, logIndex=5028, commits[9fa9a271-7bed-4435-b477-86c6ed0ece08:c5030, 06c1a879-4ae3-48dc-9686-b55cde066000:c5027, 67fae1a7-3cbe-4338-9d41-57e84498288b:c5025]
2019-07-10 10:27:45,367 INFO  client.GrpcClientProtocolClient (GrpcClientProtocolClient.java:onNext(255)) - client-821285EC2D67->9fa9a271-7bed-4435-b477-86c6ed0ece08: receive RaftClientReply:client-821285EC2D67->9fa9a271-7bed-4435-b477-86c6ed0ece08@group-0E07FAD1B91E, cid=3321, SUCCESS, logIndex=5029, commits[9fa9a271-7bed-4435-b477-86c6ed0ece08:c5030, 06c1a879-4ae3-48dc-9686-b55cde066000:c5027, 67fae1a7-3cbe-4338-9d41-57e84498288b:c5025]
2019-07-10 10:27:45,367 INFO  client.GrpcClientProtocolClient (GrpcClientProtocolClient.java:onNext(255)) - client-821285EC2D67->9fa9a271-7bed-4435-b477-86c6ed0ece08: receive RaftClientReply:client-821285EC2D67->9fa9a271-7bed-4435-b477-86c6ed0ece08@group-0E07FAD1B91E, cid=3322, SUCCESS, logIndex=0, commits[9fa9a271-7bed-4435-b477-86c6ed0ece08:c5030, 06c1a879-4ae3-48dc-9686-b55cde066000:c5027, 67fae1a7-3cbe-4338-9d41-57e84498288b:c5027]
2019-07-10 10:27:45,384 INFO  client.GrpcClientProtocolClient (GrpcClientProtocolClient.java:onNext(255)) - client-821285EC2D67->9fa9a271-7bed-4435-b477-86c6ed0ece08: receive RaftClientReply:client-821285EC2D67->9fa9a271-7bed-4435-b477-86c6ed0ece08@group-0E07FAD1B91E, cid=3323, SUCCESS, logIndex=5033, commits[9fa9a271-7bed-4435-b477-86c6ed0ece08:c5034, 06c1a879-4ae3-48dc-9686-b55cde066000:c5032, 67fae1a7-3cbe-4338-9d41-57e84498288b:c5032]
2019-07-10 10:27:45,384 INFO  client.GrpcClientProtocolClient (GrpcClientProtocolClient.java:onNext(255)) - client-821285EC2D67->9fa9a271-7bed-4435-b477-86c6ed0ece08: receive RaftClientReply:client-821285EC2D67->9fa9a271-7bed-4435-b477-86c6ed0ece08@group-0E07FAD1B91E, cid=3324, SUCCESS, logIndex=5034, commits[9fa9a271-7bed-4435-b477-86c6ed0ece08:c5034, 06c1a879-4ae3-48dc-9686-b55cde066000:c5032, 67fae1a7-3cbe-4338-9d41-57e84498288b:c5032]
2019-07-10 10:27:45,400 INFO  client.GrpcClientProtocolClient (GrpcClientProtocolClient.java:onNext(255)) - client-821285EC2D67->9fa9a271-7bed-4435-b477-86c6ed0ece08: receive RaftClientReply:client-821285EC2D67->9fa9a271-7bed-4435-b477-86c6ed0ece08@group-0E07FAD1B91E, cid=3325, SUCCESS, logIndex=5037, commits[9fa9a271-7bed-4435-b477-86c6ed0ece08:c5038, 06c1a879-4ae3-48dc-9686-b55cde066000:c5034, 67fae1a7-3cbe-4338-9d41-57e84498288b:c5034]
2019-07-10 10:27:45,400 INFO  client.GrpcClientProtocolClient (GrpcClientProtocolClient.java:onNext(255)) - client-821285EC2D67->9fa9a271-7bed-4435-b477-86c6ed0ece08: receive RaftClientReply:client-821285EC2D67->9fa9a271-7bed-4435-b477-86c6ed0ece08@group-0E07FAD1B91E, cid=3326, SUCCESS, logIndex=5038, commits[9fa9a271-7bed-4435-b477-86c6ed0ece08:c5038, 06c1a879-4ae3-48dc-9686-b55cde066000:c5034, 67fae1a7-3cbe-4338-9d41-57e84498288b:c5034]
2019-07-10 10:27:45,406 INFO  client.GrpcClientProtocolClient (GrpcClientProtocolClient.java:onNext(255)) - client-821285EC2D67->9fa9a271-7bed-4435-b477-86c6ed0ece08: receive RaftClientReply:client-821285EC2D67->9fa9a271-7bed-4435-b477-86c6ed0ece08@group-0E07FAD1B91E, cid=3327, SUCCESS, logIndex=0, commits[9fa9a271-7bed-4435-b477-86c6ed0ece08:c5039, 06c1a879-4ae3-48dc-9686-b55cde066000:c5038, 67fae1a7-3cbe-4338-9d41-57e84498288b:c5038]
2019-07-10 10:27:45,432 INFO  client.GrpcClientProtocolClient (GrpcClientProtocolClient.java:onNext(255)) - client-821285EC2D67->9fa9a271-7bed-4435-b477-86c6ed0ece08: receive RaftClientReply:client-821285EC2D67->9fa9a271-7bed-4435-b477-86c6ed0ece08@group-0E07FAD1B91E, cid=3328, SUCCESS, logIndex=5041, commits[9fa9a271-7bed-4435-b477-86c6ed0ece08:c5042, 06c1a879-4ae3-48dc-9686-b55cde066000:c5040, 67fae1a7-3cbe-4338-9d41-57e84498288b:c5040]
2019-07-10 10:27:45,433 INFO  client.GrpcClientProtocolClient (GrpcClientProtocolClient.java:onNext(255)) - client-821285EC2D67->9fa9a271-7bed-4435-b477-86c6ed0ece08: receive RaftClientReply:client-821285EC2D67->9fa9a271-7bed-4435-b477-86c6ed0ece08@group-0E07FAD1B91E, cid=3329, SUCCESS, logIndex=5042, commits[9fa9a271-7bed-4435-b477-86c6ed0ece08:c5042, 06c1a879-4ae3-48dc-9686-b55cde066000:c5040, 67fae1a7-3cbe-4338-9d41-57e84498288b:c5040]
2019-07-10 10:27:45,433 INFO  client.GrpcClientProtocolClient (GrpcClientProtocolClient.java:onNext(255)) - client-821285EC2D67->9fa9a271-7bed-4435-b477-86c6ed0ece08: receive RaftClientReply:client-821285EC2D67->9fa9a271-7bed-4435-b477-86c6ed0ece08@group-0E07FAD1B91E, cid=3330, SUCCESS, logIndex=5043, commits[9fa9a271-7bed-4435-b477-86c6ed0ece08:c5044, 06c1a879-4ae3-48dc-9686-b55cde066000:c5040, 67fae1a7-3cbe-4338-9d41-57e84498288b:c5040]
2019-07-10 10:27:45,434 INFO  client.GrpcClientProtocolClient (GrpcClientProtocolClient.java:onNext(255)) - client-821285EC2D67->9fa9a271-7bed-4435-b477-86c6ed0ece08: receive RaftClientReply:client-821285EC2D67->9fa9a271-7bed-4435-b477-86c6ed0ece08@group-0E07FAD1B91E, cid=3331, SUCCESS, logIndex=5044, commits[9fa9a271-7bed-4435-b477-86c6ed0ece08:c5044, 06c1a879-4ae3-48dc-9686-b55cde066000:c5040, 67fae1a7-3cbe-4338-9d41-57e84498288b:c5040]
2019-07-10 10:27:45,435 INFO  client.GrpcClientProtocolClient (GrpcClientProtocolClient.java:onNext(255)) - client-821285EC2D67->9fa9a271-7bed-4435-b477-86c6ed0ece08: receive RaftClientReply:client-821285EC2D67->9fa9a271-7bed-4435-b477-86c6ed0ece08@group-0E07FAD1B91E, cid=3332, SUCCESS, logIndex=0, commits[9fa9a271-7bed-4435-b477-86c6ed0ece08:c5046, 06c1a879-4ae3-48dc-9686-b55cde066000:c5042, 67fae1a7-3cbe-4338-9d41-57e84498288b:c5042]
2019-07-10 10:27:45,452 INFO  client.GrpcClientProtocolClient (GrpcClientProtocolClient.java:onNext(255)) - client-821285EC2D67->9fa9a271-7bed-4435-b477-86c6ed0ece08: receive RaftClientReply:client-821285EC2D67->9fa9a271-7bed-4435-b477-86c6ed0ece08@group-0E07FAD1B91E, cid=3333, SUCCESS, logIndex=5049, commits[9fa9a271-7bed-4435-b477-86c6ed0ece08:c5050, 06c1a879-4ae3-48dc-9686-b55cde066000:c5048, 67fae1a7-3cbe-4338-9d41-57e84498288b:c5048]
2019-07-10 10:27:45,452 INFO  client.GrpcClientProtocolClient (GrpcClientProtocolClient.java:onNext(255)) - client-821285EC2D67->9fa9a271-7bed-4435-b477-86c6ed0ece08: receive RaftClientReply:client-821285EC2D67->9fa9a271-7bed-4435-b477-86c6ed0ece08@group-0E07FAD1B91E, cid=3334, SUCCESS, logIndex=5050, commits[9fa9a271-7bed-4435-b477-86c6ed0ece08:c5050, 06c1a879-4ae3-48dc-9686-b55cde066000:c5048, 67fae1a7-3cbe-4338-9d41-57e84498288b:c5048]
2019-07-10 10:27:45,472 INFO  client.GrpcClientProtocolClient (GrpcClientProtocolClient.java:onNext(255)) - client-821285EC2D67->9fa9a271-7bed-4435-b477-86c6ed0ece08: receive RaftClientReply:client-821285EC2D67->9fa9a271-7bed-4435-b477-86c6ed0ece08@group-0E07FAD1B91E, cid=3335, SUCCESS, logIndex=5053, commits[9fa9a271-7bed-4435-b477-86c6ed0ece08:c5054, 06c1a879-4ae3-48dc-9686-b55cde066000:c5050, 67fae1a7-3cbe-4338-9d41-57e84498288b:c5050]
2019-07-10 10:27:45,472 INFO  client.GrpcClientProtocolClient (GrpcClientProtocolClient.java:onNext(255)) - client-821285EC2D67->9fa9a271-7bed-4435-b477-86c6ed0ece08: receive RaftClientReply:client-821285EC2D67->9fa9a271-7bed-4435-b477-86c6ed0ece08@group-0E07FAD1B91E, cid=3336, SUCCESS, logIndex=5054, commits[9fa9a271-7bed-4435-b477-86c6ed0ece08:c5054, 06c1a879-4ae3-48dc-9686-b55cde066000:c5050, 67fae1a7-3cbe-4338-9d41-57e84498288b:c5050]
2019-07-10 10:27:45,477 INFO  client.GrpcClientProtocolClient (GrpcClientProtocolClient.java:onNext(255)) - client-821285EC2D67->9fa9a271-7bed-4435-b477-86c6ed0ece08: receive RaftClientReply:client-821285EC2D67->9fa9a271-7bed-4435-b477-86c6ed0ece08@group-0E07FAD1B91E, cid=3337, SUCCESS, logIndex=0, commits[9fa9a271-7bed-4435-b477-86c6ed0ece08:c5056, 06c1a879-4ae3-48dc-9686-b55cde066000:c5054, 67fae1a7-3cbe-4338-9d41-57e84498288b:c5054]
 0.00% |█                                                                                                    |  0/1 Time: 0:00:252019-07-10 10:27:45,504 INFO  client.GrpcClientProtocolClient (GrpcClientProtocolClient.java:onNext(255)) - client-821285EC2D67->9fa9a271-7bed-4435-b477-86c6ed0ece08: receive RaftClientReply:client-821285EC2D67->9fa9a271-7bed-4435-b477-86c6ed0ece08@group-0E07FAD1B91E, cid=3338, SUCCESS, logIndex=5057, commits[9fa9a271-7bed-4435-b477-86c6ed0ece08:c5058, 06c1a879-4ae3-48dc-9686-b55cde066000:c5056, 67fae1a7-3cbe-4338-9d41-57e84498288b:c5056]
2019-07-10 10:27:45,504 INFO  client.GrpcClientProtocolClient (GrpcClientProtocolClient.java:onNext(255)) - client-821285EC2D67->9fa9a271-7bed-4435-b477-86c6ed0ece08: receive RaftClientReply:client-821285EC2D67->9fa9a271-7bed-4435-b477-86c6ed0ece08@group-0E07FAD1B91E, cid=3339, SUCCESS, logIndex=5058, commits[9fa9a271-7bed-4435-b477-86c6ed0ece08:c5060, 06c1a879-4ae3-48dc-9686-b55cde066000:c5056, 67fae1a7-3cbe-4338-9d41-57e84498288b:c5056]
2019-07-10 10:27:45,505 INFO  client.GrpcClientProtocolClient (GrpcClientProtocolClient.java:onNext(255)) - client-821285EC2D67->9fa9a271-7bed-4435-b477-86c6ed0ece08: receive RaftClientReply:client-821285EC2D67->9fa9a271-7bed-4435-b477-86c6ed0ece08@group-0E07FAD1B91E, cid=3340, SUCCESS, logIndex=5059, commits[9fa9a271-7bed-4435-b477-86c6ed0ece08:c5060, 06c1a879-4ae3-48dc-9686-b55cde066000:c5056, 67fae1a7-3cbe-4338-9d41-57e84498288b:c5056]
2019-07-10 10:27:45,505 INFO  client.GrpcClientProtocolClient (GrpcClientProtocolClient.java:onNext(255)) - client-821285EC2D67->9fa9a271-7bed-4435-b477-86c6ed0ece08: receive RaftClientReply:client-821285EC2D67->9fa9a271-7bed-4435-b477-86c6ed0ece08@group-0E07FAD1B91E, cid=3341, SUCCESS, logIndex=5060, commits[9fa9a271-7bed-4435-b477-86c6ed0ece08:c5060, 06c1a879-4ae3-48dc-9686-b55cde066000:c5056, 67fae1a7-3cbe-4338-9d41-57e84498288b:c5056]
2019-07-10 10:27:45,517 INFO  client.GrpcClientProtocolClient (GrpcClientProtocolClient.java:onNext(255)) - client-821285EC2D67->9fa9a271-7bed-4435-b477-86c6ed0ece08: receive RaftClientReply:client-821285EC2D67->9fa9a271-7bed-4435-b477-86c6ed0ece08@group-0E07FAD1B91E, cid=3342, SUCCESS, logIndex=0, commits[9fa9a271-7bed-4435-b477-86c6ed0ece08:c5064, 06c1a879-4ae3-48dc-9686-b55cde066000:c5058, 67fae1a7-3cbe-4338-9d41-57e84498288b:c5060]
2019-07-10 10:27:45,536 INFO  client.GrpcClientProtocolClient (GrpcClientProtocolClient.java:onNext(255)) - client-821285EC2D67->9fa9a271-7bed-4435-b477-86c6ed0ece08: receive RaftClientReply:client-821285EC2D67->9fa9a271-7bed-4435-b477-86c6ed0ece08@group-0E07FAD1B91E, cid=3343, SUCCESS, logIndex=5065, commits[9fa9a271-7bed-4435-b477-86c6ed0ece08:c5066, 06c1a879-4ae3-48dc-9686-b55cde066000:c5064, 67fae1a7-3cbe-4338-9d41-57e84498288b:c5064]
2019-07-10 10:27:45,536 INFO  client.GrpcClientProtocolClient (GrpcClientProtocolClient.java:onNext(255)) - client-821285EC2D67->9fa9a271-7bed-4435-b477-86c6ed0ece08: receive RaftClientReply:client-821285EC2D67->9fa9a271-7bed-4435-b477-86c6ed0ece08@group-0E07FAD1B91E, cid=3344, SUCCESS, logIndex=5066, commits[9fa9a271-7bed-4435-b477-86c6ed0ece08:c5066, 06c1a879-4ae3-48dc-9686-b55cde066000:c5064, 67fae1a7-3cbe-4338-9d41-57e84498288b:c5064]
2019-07-10 10:27:45,553 INFO  client.GrpcClientProtocolClient (GrpcClientProtocolClient.java:onNext(255)) - client-821285EC2D67->9fa9a271-7bed-4435-b477-86c6ed0ece08: receive RaftClientReply:client-821285EC2D67->9fa9a271-7bed-4435-b477-86c6ed0ece08@group-0E07FAD1B91E, cid=3345, SUCCESS, logIndex=5069, commits[9fa9a271-7bed-4435-b477-86c6ed0ece08:c5069, 06c1a879-4ae3-48dc-9686-b55cde066000:c5068, 67fae1a7-3cbe-4338-9d41-57e84498288b:c5068]
2019-07-10 10:27:45,553 INFO  client.GrpcClientProtocolClient (GrpcClientProtocolClient.java:onNext(255)) - client-821285EC2D67->9fa9a271-7bed-4435-b477-86c6ed0ece08: receive RaftClientReply:client-821285EC2D67->9fa9a271-7bed-4435-b477-86c6ed0ece08@group-0E07FAD1B91E, cid=3346, SUCCESS, logIndex=5070, commits[9fa9a271-7bed-4435-b477-86c6ed0ece08:c5070, 06c1a879-4ae3-48dc-9686-b55cde066000:c5068, 67fae1a7-3cbe-4338-9d41-57e84498288b:c5068]
2019-07-10 10:27:45,566 INFO  client.GrpcClientProtocolClient (GrpcClientProtocolClient.java:onNext(255)) - client-821285EC2D67->9fa9a271-7bed-4435-b477-86c6ed0ece08: receive RaftClientReply:client-821285EC2D67->9fa9a271-7bed-4435-b477-86c6ed0ece08@group-0E07FAD1B91E, cid=3347, SUCCESS, logIndex=0, commits[9fa9a271-7bed-4435-b477-86c6ed0ece08:c5072, 06c1a879-4ae3-48dc-9686-b55cde066000:c5070, 67fae1a7-3cbe-4338-9d41-57e84498288b:c5070]
2019-07-10 10:27:45,594 INFO  client.GrpcClientProtocolClient (GrpcClientProtocolClient.java:onNext(255)) - client-821285EC2D67->9fa9a271-7bed-4435-b477-86c6ed0ece08: receive RaftClientReply:client-821285EC2D67->9fa9a271-7bed-4435-b477-86c6ed0ece08@group-0E07FAD1B91E, cid=3348, SUCCESS, logIndex=5073, commits[9fa9a271-7bed-4435-b477-86c6ed0ece08:c5074, 06c1a879-4ae3-48dc-9686-b55cde066000:c5072, 67fae1a7-3cbe-4338-9d41-57e84498288b:c5072]
2019-07-10 10:27:45,595 INFO  client.GrpcClientProtocolClient (GrpcClientProtocolClient.java:onNext(255)) - client-821285EC2D67->9fa9a271-7bed-4435-b477-86c6ed0ece08: receive RaftClientReply:client-821285EC2D67->9fa9a271-7bed-4435-b477-86c6ed0ece08@group-0E07FAD1B91E, cid=3349, SUCCESS, logIndex=5074, commits[9fa9a271-7bed-4435-b477-86c6ed0ece08:c5074, 06c1a879-4ae3-48dc-9686-b55cde066000:c5072, 67fae1a7-3cbe-4338-9d41-57e84498288b:c5072]
2019-07-10 10:27:45,595 INFO  client.GrpcClientProtocolClient (GrpcClientProtocolClient.java:onNext(255)) - client-821285EC2D67->9fa9a271-7bed-4435-b477-86c6ed0ece08: receive RaftClientReply:client-821285EC2D67->9fa9a271-7bed-4435-b477-86c6ed0ece08@group-0E07FAD1B91E, cid=3350, SUCCESS, logIndex=5075, commits[9fa9a271-7bed-4435-b477-86c6ed0ece08:c5076, 06c1a879-4ae3-48dc-9686-b55cde066000:c5072, 67fae1a7-3cbe-4338-9d41-57e84498288b:c5072]
2019-07-10 10:27:45,596 INFO  client.GrpcClientProtocolClient (GrpcClientProtocolClient.java:onNext(255)) - client-821285EC2D67->9fa9a271-7bed-4435-b477-86c6ed0ece08: receive RaftClientReply:client-821285EC2D67->9fa9a271-7bed-4435-b477-86c6ed0ece08@group-0E07FAD1B91E, cid=3351, SUCCESS, logIndex=5076, commits[9fa9a271-7bed-4435-b477-86c6ed0ece08:c5076, 06c1a879-4ae3-48dc-9686-b55cde066000:c5072, 67fae1a7-3cbe-4338-9d41-57e84498288b:c5072]
2019-07-10 10:27:45,599 INFO  client.GrpcClientProtocolClient (GrpcClientProtocolClient.java:onNext(255)) - client-821285EC2D67->9fa9a271-7bed-4435-b477-86c6ed0ece08: receive RaftClientReply:client-821285EC2D67->9fa9a271-7bed-4435-b477-86c6ed0ece08@group-0E07FAD1B91E, cid=3352, SUCCESS, logIndex=0, commits[9fa9a271-7bed-4435-b477-86c6ed0ece08:c5078, 06c1a879-4ae3-48dc-9686-b55cde066000:c5074, 67fae1a7-3cbe-4338-9d41-57e84498288b:c5074]
2019-07-10 10:27:45,617 INFO  client.GrpcClientProtocolClient (GrpcClientProtocolClient.java:onNext(255)) - client-821285EC2D67->9fa9a271-7bed-4435-b477-86c6ed0ece08: receive RaftClientReply:client-821285EC2D67->9fa9a271-7bed-4435-b477-86c6ed0ece08@group-0E07FAD1B91E, cid=3353, SUCCESS, logIndex=5080, commits[9fa9a271-7bed-4435-b477-86c6ed0ece08:c5081, 06c1a879-4ae3-48dc-9686-b55cde066000:c5079, 67fae1a7-3cbe-4338-9d41-57e84498288b:c5076]
2019-07-10 10:27:45,617 INFO  client.GrpcClientProtocolClient (GrpcClientProtocolClient.java:onNext(255)) - client-821285EC2D67->9fa9a271-7bed-4435-b477-86c6ed0ece08: receive RaftClientReply:client-821285EC2D67->9fa9a271-7bed-4435-b477-86c6ed0ece08@group-0E07FAD1B91E, cid=3354, SUCCESS, logIndex=5081, commits[9fa9a271-7bed-4435-b477-86c6ed0ece08:c5081, 06c1a879-4ae3-48dc-9686-b55cde066000:c5079, 67fae1a7-3cbe-4338-9d41-57e84498288b:c5079]
2019-07-10 10:27:45,634 INFO  client.GrpcClientProtocolClient (GrpcClientProtocolClient.java:onNext(255)) - client-821285EC2D67->9fa9a271-7bed-4435-b477-86c6ed0ece08: receive RaftClientReply:client-821285EC2D67->9fa9a271-7bed-4435-b477-86c6ed0ece08@group-0E07FAD1B91E, cid=3355, SUCCESS, logIndex=5084, commits[9fa9a271-7bed-4435-b477-86c6ed0ece08:c5084, 06c1a879-4ae3-48dc-9686-b55cde066000:c5083, 67fae1a7-3cbe-4338-9d41-57e84498288b:c5083]
2019-07-10 10:27:45,635 INFO  client.GrpcClientProtocolClient (GrpcClientProtocolClient.java:onNext(255)) - client-821285EC2D67->9fa9a271-7bed-4435-b477-86c6ed0ece08: receive RaftClientReply:client-821285EC2D67->9fa9a271-7bed-4435-b477-86c6ed0ece08@group-0E07FAD1B91E, cid=3356, SUCCESS, logIndex=5085, commits[9fa9a271-7bed-4435-b477-86c6ed0ece08:c5085, 06c1a879-4ae3-48dc-9686-b55cde066000:c5083, 67fae1a7-3cbe-4338-9d41-57e84498288b:c5083]
2019-07-10 10:27:45,647 INFO  client.GrpcClientProtocolClient (GrpcClientProtocolClient.java:onNext(255)) - client-821285EC2D67->9fa9a271-7bed-4435-b477-86c6ed0ece08: receive RaftClientReply:client-821285EC2D67->9fa9a271-7bed-4435-b477-86c6ed0ece08@group-0E07FAD1B91E, cid=3357, SUCCESS, logIndex=0, commits[9fa9a271-7bed-4435-b477-86c6ed0ece08:c5087, 06c1a879-4ae3-48dc-9686-b55cde066000:c5085, 67fae1a7-3cbe-4338-9d41-57e84498288b:c5085]
2019-07-10 10:27:45,777 INFO  client.GrpcClientProtocolClient (GrpcClientProtocolClient.java:onNext(255)) - client-821285EC2D67->9fa9a271-7bed-4435-b477-86c6ed0ece08: receive RaftClientReply:client-821285EC2D67->9fa9a271-7bed-4435-b477-86c6ed0ece08@group-0E07FAD1B91E, cid=3358, SUCCESS, logIndex=5088, commits[9fa9a271-7bed-4435-b477-86c6ed0ece08:c5089, 06c1a879-4ae3-48dc-9686-b55cde066000:c5087, 67fae1a7-3cbe-4338-9d41-57e84498288b:c5085]
2019-07-10 10:27:45,778 INFO  client.GrpcClientProtocolClient (GrpcClientProtocolClient.java:onNext(255)) - client-821285EC2D67->9fa9a271-7bed-4435-b477-86c6ed0ece08: receive RaftClientReply:client-821285EC2D67->9fa9a271-7bed-4435-b477-86c6ed0ece08@group-0E07FAD1B91E, cid=3359, SUCCESS, logIndex=5089, commits[9fa9a271-7bed-4435-b477-86c6ed0ece08:c5089, 06c1a879-4ae3-48dc-9686-b55cde066000:c5087, 67fae1a7-3cbe-4338-9d41-57e84498288b:c5085]
2019-07-10 10:27:45,780 INFO  client.GrpcClientProtocolClient (GrpcClientProtocolClient.java:onNext(255)) - client-821285EC2D67->9fa9a271-7bed-4435-b477-86c6ed0ece08: receive RaftClientReply:client-821285EC2D67->9fa9a271-7bed-4435-b477-86c6ed0ece08@group-0E07FAD1B91E, cid=3360, SUCCESS, logIndex=5090, commits[9fa9a271-7bed-4435-b477-86c6ed0ece08:c5091, 06c1a879-4ae3-48dc-9686-b55cde066000:c5087, 67fae1a7-3cbe-4338-9d41-57e84498288b:c5087]
2019-07-10 10:27:45,781 INFO  client.GrpcClientProtocolClient (GrpcClientProtocolClient.java:onNext(255)) - client-821285EC2D67->9fa9a271-7bed-4435-b477-86c6ed0ece08: receive RaftClientReply:client-821285EC2D67->9fa9a271-7bed-4435-b477-86c6ed0ece08@group-0E07FAD1B91E, cid=3361, SUCCESS, logIndex=5091, commits[9fa9a271-7bed-4435-b477-86c6ed0ece08:c5092, 06c1a879-4ae3-48dc-9686-b55cde066000:c5088, 67fae1a7-3cbe-4338-9d41-57e84498288b:c5088]
2019-07-10 10:27:45,782 INFO  client.GrpcClientProtocolClient (GrpcClientProtocolClient.java:onNext(255)) - client-821285EC2D67->9fa9a271-7bed-4435-b477-86c6ed0ece08: receive RaftClientReply:client-821285EC2D67->9fa9a271-7bed-4435-b477-86c6ed0ece08@group-0E07FAD1B91E, cid=3362, SUCCESS, logIndex=0, commits[9fa9a271-7bed-4435-b477-86c6ed0ece08:c5093, 06c1a879-4ae3-48dc-9686-b55cde066000:c5089, 67fae1a7-3cbe-4338-9d41-57e84498288b:c5089]
2019-07-10 10:27:45,800 INFO  client.GrpcClientProtocolClient (GrpcClientProtocolClient.java:onNext(255)) - client-821285EC2D67->9fa9a271-7bed-4435-b477-86c6ed0ece08: receive RaftClientReply:client-821285EC2D67->9fa9a271-7bed-4435-b477-86c6ed0ece08@group-0E07FAD1B91E, cid=3363, SUCCESS, logIndex=5096, commits[9fa9a271-7bed-4435-b477-86c6ed0ece08:c5097, 06c1a879-4ae3-48dc-9686-b55cde066000:c5095, 67fae1a7-3cbe-4338-9d41-57e84498288b:c5095]
2019-07-10 10:27:45,800 INFO  client.GrpcClientProtocolClient (GrpcClientProtocolClient.java:onNext(255)) - client-821285EC2D67->9fa9a271-7bed-4435-b477-86c6ed0ece08: receive RaftClientReply:client-821285EC2D67->9fa9a271-7bed-4435-b477-86c6ed0ece08@group-0E07FAD1B91E, cid=3364, SUCCESS, logIndex=5097, commits[9fa9a271-7bed-4435-b477-86c6ed0ece08:c5097, 06c1a879-4ae3-48dc-9686-b55cde066000:c5095, 67fae1a7-3cbe-4338-9d41-57e84498288b:c5095]
2019-07-10 10:27:45,812 INFO  client.GrpcClientProtocolClient (GrpcClientProtocolClient.java:onNext(255)) - client-821285EC2D67->9fa9a271-7bed-4435-b477-86c6ed0ece08: receive RaftClientReply:client-821285EC2D67->9fa9a271-7bed-4435-b477-86c6ed0ece08@group-0E07FAD1B91E, cid=3365, SUCCESS, logIndex=5100, commits[9fa9a271-7bed-4435-b477-86c6ed0ece08:c5100, 06c1a879-4ae3-48dc-9686-b55cde066000:c5097, 67fae1a7-3cbe-4338-9d41-57e84498288b:c5097]
2019-07-10 10:27:45,812 INFO  client.GrpcClientProtocolClient (GrpcClientProtocolClient.java:onNext(255)) - client-821285EC2D67->9fa9a271-7bed-4435-b477-86c6ed0ece08: receive RaftClientReply:client-821285EC2D67->9fa9a271-7bed-4435-b477-86c6ed0ece08@group-0E07FAD1B91E, cid=3366, SUCCESS, logIndex=5101, commits[9fa9a271-7bed-4435-b477-86c6ed0ece08:c5101, 06c1a879-4ae3-48dc-9686-b55cde066000:c5097, 67fae1a7-3cbe-4338-9d41-57e84498288b:c5097]
2019-07-10 10:27:45,824 INFO  client.GrpcClientProtocolClient (GrpcClientProtocolClient.java:onNext(255)) - client-821285EC2D67->9fa9a271-7bed-4435-b477-86c6ed0ece08: receive RaftClientReply:client-821285EC2D67->9fa9a271-7bed-4435-b477-86c6ed0ece08@group-0E07FAD1B91E, cid=3367, SUCCESS, logIndex=0, commits[9fa9a271-7bed-4435-b477-86c6ed0ece08:c5103, 06c1a879-4ae3-48dc-9686-b55cde066000:c5101, 67fae1a7-3cbe-4338-9d41-57e84498288b:c5101]
2019-07-10 10:27:45,852 INFO  client.GrpcClientProtocolClient (GrpcClientProtocolClient.java:onNext(255)) - client-821285EC2D67->9fa9a271-7bed-4435-b477-86c6ed0ece08: receive RaftClientReply:client-821285EC2D67->9fa9a271-7bed-4435-b477-86c6ed0ece08@group-0E07FAD1B91E, cid=3368, SUCCESS, logIndex=5104, commits[9fa9a271-7bed-4435-b477-86c6ed0ece08:c5105, 06c1a879-4ae3-48dc-9686-b55cde066000:c5103, 67fae1a7-3cbe-4338-9d41-57e84498288b:c5103]
2019-07-10 10:27:45,853 INFO  client.GrpcClientProtocolClient (GrpcClientProtocolClient.java:onNext(255)) - client-821285EC2D67->9fa9a271-7bed-4435-b477-86c6ed0ece08: receive RaftClientReply:client-821285EC2D67->9fa9a271-7bed-4435-b477-86c6ed0ece08@group-0E07FAD1B91E, cid=3369, SUCCESS, logIndex=5105, commits[9fa9a271-7bed-4435-b477-86c6ed0ece08:c5105, 06c1a879-4ae3-48dc-9686-b55cde066000:c5103, 67fae1a7-3cbe-4338-9d41-57e84498288b:c5103]
2019-07-10 10:27:45,853 INFO  client.GrpcClientProtocolClient (GrpcClientProtocolClient.java:onNext(255)) - client-821285EC2D67->9fa9a271-7bed-4435-b477-86c6ed0ece08: receive RaftClientReply:client-821285EC2D67->9fa9a271-7bed-4435-b477-86c6ed0ece08@group-0E07FAD1B91E, cid=3370, SUCCESS, logIndex=5106, commits[9fa9a271-7bed-4435-b477-86c6ed0ece08:c5106, 06c1a879-4ae3-48dc-9686-b55cde066000:c5103, 67fae1a7-3cbe-4338-9d41-57e84498288b:c5103]
2019-07-10 10:27:45,853 INFO  client.GrpcClientProtocolClient (GrpcClientProtocolClient.java:onNext(255)) - client-821285EC2D67->9fa9a271-7bed-4435-b477-86c6ed0ece08: receive RaftClientReply:client-821285EC2D67->9fa9a271-7bed-4435-b477-86c6ed0ece08@group-0E07FAD1B91E, cid=3371, SUCCESS, logIndex=5107, commits[9fa9a271-7bed-4435-b477-86c6ed0ece08:c5107, 06c1a879-4ae3-48dc-9686-b55cde066000:c5103, 67fae1a7-3cbe-4338-9d41-57e84498288b:c5103]
2019-07-10 10:27:45,857 INFO  client.GrpcClientProtocolClient (GrpcClientProtocolClient.java:onNext(255)) - client-821285EC2D67->9fa9a271-7bed-4435-b477-86c6ed0ece08: receive RaftClientReply:client-821285EC2D67->9fa9a271-7bed-4435-b477-86c6ed0ece08@group-0E07FAD1B91E, cid=3372, SUCCESS, logIndex=0, commits[9fa9a271-7bed-4435-b477-86c6ed0ece08:c5109, 06c1a879-4ae3-48dc-9686-b55cde066000:c5105, 67fae1a7-3cbe-4338-9d41-57e84498288b:c5105]
2019-07-10 10:27:45,892 INFO  client.GrpcClientProtocolClient (GrpcClientProtocolClient.java:onNext(255)) - client-821285EC2D67->9fa9a271-7bed-4435-b477-86c6ed0ece08: receive RaftClientReply:client-821285EC2D67->9fa9a271-7bed-4435-b477-86c6ed0ece08@group-0E07FAD1B91E, cid=3373, SUCCESS, logIndex=5112, commits[9fa9a271-7bed-4435-b477-86c6ed0ece08:c5113, 06c1a879-4ae3-48dc-9686-b55cde066000:c5111, 67fae1a7-3cbe-4338-9d41-57e84498288b:c5111]
2019-07-10 10:27:45,892 INFO  client.GrpcClientProtocolClient (GrpcClientProtocolClient.java:onNext(255)) - client-821285EC2D67->9fa9a271-7bed-4435-b477-86c6ed0ece08: receive RaftClientReply:client-821285EC2D67->9fa9a271-7bed-4435-b477-86c6ed0ece08@group-0E07FAD1B91E, cid=3374, SUCCESS, logIndex=5113, commits[9fa9a271-7bed-4435-b477-86c6ed0ece08:c5113, 06c1a879-4ae3-48dc-9686-b55cde066000:c5111, 67fae1a7-3cbe-4338-9d41-57e84498288b:c5111]
2019-07-10 10:27:45,913 INFO  client.GrpcClientProtocolClient (GrpcClientProtocolClient.java:onNext(255)) - client-821285EC2D67->9fa9a271-7bed-4435-b477-86c6ed0ece08: receive RaftClientReply:client-821285EC2D67->9fa9a271-7bed-4435-b477-86c6ed0ece08@group-0E07FAD1B91E, cid=3375, SUCCESS, logIndex=5116, commits[9fa9a271-7bed-4435-b477-86c6ed0ece08:c5117, 06c1a879-4ae3-48dc-9686-b55cde066000:c5113, 67fae1a7-3cbe-4338-9d41-57e84498288b:c5113]
2019-07-10 10:27:45,913 INFO  client.GrpcClientProtocolClient (GrpcClientProtocolClient.java:onNext(255)) - client-821285EC2D67->9fa9a271-7bed-4435-b477-86c6ed0ece08: receive RaftClientReply:client-821285EC2D67->9fa9a271-7bed-4435-b477-86c6ed0ece08@group-0E07FAD1B91E, cid=3376, SUCCESS, logIndex=5117, commits[9fa9a271-7bed-4435-b477-86c6ed0ece08:c5117, 06c1a879-4ae3-48dc-9686-b55cde066000:c5113, 67fae1a7-3cbe-4338-9d41-57e84498288b:c5113]
2019-07-10 10:27:45,924 INFO  client.GrpcClientProtocolClient (GrpcClientProtocolClient.java:onNext(255)) - client-821285EC2D67->9fa9a271-7bed-4435-b477-86c6ed0ece08: receive RaftClientReply:client-821285EC2D67->9fa9a271-7bed-4435-b477-86c6ed0ece08@group-0E07FAD1B91E, cid=3377, SUCCESS, logIndex=0, commits[9fa9a271-7bed-4435-b477-86c6ed0ece08:c5119, 06c1a879-4ae3-48dc-9686-b55cde066000:c5117, 67fae1a7-3cbe-4338-9d41-57e84498288b:c5117]
2019-07-10 10:27:45,949 INFO  client.GrpcClientProtocolClient (GrpcClientProtocolClient.java:onNext(255)) - client-821285EC2D67->9fa9a271-7bed-4435-b477-86c6ed0ece08: receive RaftClientReply:client-821285EC2D67->9fa9a271-7bed-4435-b477-86c6ed0ece08@group-0E07FAD1B91E, cid=3378, SUCCESS, logIndex=5120, commits[9fa9a271-7bed-4435-b477-86c6ed0ece08:c5121, 06c1a879-4ae3-48dc-9686-b55cde066000:c5119, 67fae1a7-3cbe-4338-9d41-57e84498288b:c5117]
2019-07-10 10:27:45,950 INFO  client.GrpcClientProtocolClient (GrpcClientProtocolClient.java:onNext(255)) - client-821285EC2D67->9fa9a271-7bed-4435-b477-86c6ed0ece08: receive RaftClientReply:client-821285EC2D67->9fa9a271-7bed-4435-b477-86c6ed0ece08@group-0E07FAD1B91E, cid=3379, SUCCESS, logIndex=5121, commits[9fa9a271-7bed-4435-b477-86c6ed0ece08:c5121, 06c1a879-4ae3-48dc-9686-b55cde066000:c5119, 67fae1a7-3cbe-4338-9d41-57e84498288b:c5119]
2019-07-10 10:27:45,961 INFO  client.GrpcClientProtocolClient (GrpcClientProtocolClient.java:onNext(255)) - client-821285EC2D67->9fa9a271-7bed-4435-b477-86c6ed0ece08: receive RaftClientReply:client-821285EC2D67->9fa9a271-7bed-4435-b477-86c6ed0ece08@group-0E07FAD1B91E, cid=3380, SUCCESS, logIndex=5122, commits[9fa9a271-7bed-4435-b477-86c6ed0ece08:c5125, 06c1a879-4ae3-48dc-9686-b55cde066000:c5121, 67fae1a7-3cbe-4338-9d41-57e84498288b:c5119]
2019-07-10 10:27:45,961 INFO  client.GrpcClientProtocolClient (GrpcClientProtocolClient.java:onNext(255)) - client-821285EC2D67->9fa9a271-7bed-4435-b477-86c6ed0ece08: receive RaftClientReply:client-821285EC2D67->9fa9a271-7bed-4435-b477-86c6ed0ece08@group-0E07FAD1B91E, cid=3381, SUCCESS, logIndex=5123, commits[9fa9a271-7bed-4435-b477-86c6ed0ece08:c5125, 06c1a879-4ae3-48dc-9686-b55cde066000:c5121, 67fae1a7-3cbe-4338-9d41-57e84498288b:c5121]
2019-07-10 10:27:45,978 INFO  client.GrpcClientProtocolClient (GrpcClientProtocolClient.java:onNext(255)) - client-821285EC2D67->9fa9a271-7bed-4435-b477-86c6ed0ece08: receive RaftClientReply:client-821285EC2D67->9fa9a271-7bed-4435-b477-86c6ed0ece08@group-0E07FAD1B91E, cid=3382, SUCCESS, logIndex=5128, commits[9fa9a271-7bed-4435-b477-86c6ed0ece08:c5129, 06c1a879-4ae3-48dc-9686-b55cde066000:c5127, 67fae1a7-3cbe-4338-9d41-57e84498288b:c5127]
2019-07-10 10:27:45,979 INFO  client.GrpcClientProtocolClient (GrpcClientProtocolClient.java:onNext(255)) - client-821285EC2D67->9fa9a271-7bed-4435-b477-86c6ed0ece08: receive RaftClientReply:client-821285EC2D67->9fa9a271-7bed-4435-b477-86c6ed0ece08@group-0E07FAD1B91E, cid=3383, SUCCESS, logIndex=5129, commits[9fa9a271-7bed-4435-b477-86c6ed0ece08:c5129, 06c1a879-4ae3-48dc-9686-b55cde066000:c5127, 67fae1a7-3cbe-4338-9d41-57e84498288b:c5127]
2019-07-10 10:27:45,992 INFO  client.GrpcClientProtocolClient (GrpcClientProtocolClient.java:onNext(255)) - client-821285EC2D67->9fa9a271-7bed-4435-b477-86c6ed0ece08: receive RaftClientReply:client-821285EC2D67->9fa9a271-7bed-4435-b477-86c6ed0ece08@group-0E07FAD1B91E, cid=3384, SUCCESS, logIndex=5132, commits[9fa9a271-7bed-4435-b477-86c6ed0ece08:c5133, 06c1a879-4ae3-48dc-9686-b55cde066000:c5129, 67fae1a7-3cbe-4338-9d41-57e84498288b:c5129]
2019-07-10 10:27:45,993 INFO  client.GrpcClientProtocolClient (GrpcClientProtocolClient.java:onNext(255)) - client-821285EC2D67->9fa9a271-7bed-4435-b477-86c6ed0ece08: receive RaftClientReply:client-821285EC2D67->9fa9a271-7bed-4435-b477-86c6ed0ece08@group-0E07FAD1B91E, cid=3385, SUCCESS, logIndex=5133, commits[9fa9a271-7bed-4435-b477-86c6ed0ece08:c5133, 06c1a879-4ae3-48dc-9686-b55cde066000:c5129, 67fae1a7-3cbe-4338-9d41-57e84498288b:c5129]
2019-07-10 10:27:45,994 INFO  client.GrpcClientProtocolClient (GrpcClientProtocolClient.java:onNext(255)) - client-821285EC2D67->9fa9a271-7bed-4435-b477-86c6ed0ece08: receive RaftClientReply:client-821285EC2D67->9fa9a271-7bed-4435-b477-86c6ed0ece08@group-0E07FAD1B91E, cid=3386, SUCCESS, logIndex=0, commits[9fa9a271-7bed-4435-b477-86c6ed0ece08:c5134, 06c1a879-4ae3-48dc-9686-b55cde066000:c5133, 67fae1a7-3cbe-4338-9d41-57e84498288b:c5133]
2019-07-10 10:27:46,011 INFO  client.GrpcClientProtocolClient (GrpcClientProtocolClient.java:onNext(255)) - client-821285EC2D67->9fa9a271-7bed-4435-b477-86c6ed0ece08: receive RaftClientReply:client-821285EC2D67->9fa9a271-7bed-4435-b477-86c6ed0ece08@group-0E07FAD1B91E, cid=3387, SUCCESS, logIndex=5136, commits[9fa9a271-7bed-4435-b477-86c6ed0ece08:c5137, 06c1a879-4ae3-48dc-9686-b55cde066000:c5135, 67fae1a7-3cbe-4338-9d41-57e84498288b:c5133]
2019-07-10 10:27:46,012 INFO  client.GrpcClientProtocolClient (GrpcClientProtocolClient.java:onNext(255)) - client-821285EC2D67->9fa9a271-7bed-4435-b477-86c6ed0ece08: receive RaftClientReply:client-821285EC2D67->9fa9a271-7bed-4435-b477-86c6ed0ece08@group-0E07FAD1B91E, cid=3388, SUCCESS, logIndex=5137, commits[9fa9a271-7bed-4435-b477-86c6ed0ece08:c5137, 06c1a879-4ae3-48dc-9686-b55cde066000:c5135, 67fae1a7-3cbe-4338-9d41-57e84498288b:c5133]
2019-07-10 10:27:46,023 INFO  client.GrpcClientProtocolClient (GrpcClientProtocolClient.java:onNext(255)) - client-821285EC2D67->9fa9a271-7bed-4435-b477-86c6ed0ece08: receive RaftClientReply:client-821285EC2D67->9fa9a271-7bed-4435-b477-86c6ed0ece08@group-0E07FAD1B91E, cid=3389, SUCCESS, logIndex=5138, commits[9fa9a271-7bed-4435-b477-86c6ed0ece08:c5138, 06c1a879-4ae3-48dc-9686-b55cde066000:c5137, 67fae1a7-3cbe-4338-9d41-57e84498288b:c5135]
2019-07-10 10:27:46,024 INFO  client.GrpcClientProtocolClient (GrpcClientProtocolClient.java:onNext(255)) - client-821285EC2D67->9fa9a271-7bed-4435-b477-86c6ed0ece08: receive RaftClientReply:client-821285EC2D67->9fa9a271-7bed-4435-b477-86c6ed0ece08@group-0E07FAD1B91E, cid=3390, SUCCESS, logIndex=5139, commits[9fa9a271-7bed-4435-b477-86c6ed0ece08:c5141, 06c1a879-4ae3-48dc-9686-b55cde066000:c5137, 67fae1a7-3cbe-4338-9d41-57e84498288b:c5137]
2019-07-10 10:27:46,040 INFO  client.GrpcClientProtocolClient (GrpcClientProtocolClient.java:onNext(255)) - client-821285EC2D67->9fa9a271-7bed-4435-b477-86c6ed0ece08: receive RaftClientReply:client-821285EC2D67->9fa9a271-7bed-4435-b477-86c6ed0ece08@group-0E07FAD1B91E, cid=3391, SUCCESS, logIndex=5143, commits[9fa9a271-7bed-4435-b477-86c6ed0ece08:c5144, 06c1a879-4ae3-48dc-9686-b55cde066000:c5142, 67fae1a7-3cbe-4338-9d41-57e84498288b:c5142]
2019-07-10 10:27:46,041 INFO  client.GrpcClientProtocolClient (GrpcClientProtocolClient.java:onNext(255)) - client-821285EC2D67->9fa9a271-7bed-4435-b477-86c6ed0ece08: receive RaftClientReply:client-821285EC2D67->9fa9a271-7bed-4435-b477-86c6ed0ece08@group-0E07FAD1B91E, cid=3392, SUCCESS, logIndex=5144, commits[9fa9a271-7bed-4435-b477-86c6ed0ece08:c5144, 06c1a879-4ae3-48dc-9686-b55cde066000:c5142, 67fae1a7-3cbe-4338-9d41-57e84498288b:c5142]
2019-07-10 10:27:46,053 INFO  client.GrpcClientProtocolClient (GrpcClientProtocolClient.java:onNext(255)) - client-821285EC2D67->9fa9a271-7bed-4435-b477-86c6ed0ece08: receive RaftClientReply:client-821285EC2D67->9fa9a271-7bed-4435-b477-86c6ed0ece08@group-0E07FAD1B91E, cid=3393, SUCCESS, logIndex=5147, commits[9fa9a271-7bed-4435-b477-86c6ed0ece08:c5147, 06c1a879-4ae3-48dc-9686-b55cde066000:c5144, 67fae1a7-3cbe-4338-9d41-57e84498288b:c5144]
2019-07-10 10:27:46,053 INFO  client.GrpcClientProtocolClient (GrpcClientProtocolClient.java:onNext(255)) - client-821285EC2D67->9fa9a271-7bed-4435-b477-86c6ed0ece08: receive RaftClientReply:client-821285EC2D67->9fa9a271-7bed-4435-b477-86c6ed0ece08@group-0E07FAD1B91E, cid=3394, SUCCESS, logIndex=5148, commits[9fa9a271-7bed-4435-b477-86c6ed0ece08:c5148, 06c1a879-4ae3-48dc-9686-b55cde066000:c5144, 67fae1a7-3cbe-4338-9d41-57e84498288b:c5144]
2019-07-10 10:27:46,065 INFO  client.GrpcClientProtocolClient (GrpcClientProtocolClient.java:onNext(255)) - client-821285EC2D67->9fa9a271-7bed-4435-b477-86c6ed0ece08: receive RaftClientReply:client-821285EC2D67->9fa9a271-7bed-4435-b477-86c6ed0ece08@group-0E07FAD1B91E, cid=3395, SUCCESS, logIndex=0, commits[9fa9a271-7bed-4435-b477-86c6ed0ece08:c5150, 06c1a879-4ae3-48dc-9686-b55cde066000:c5148, 67fae1a7-3cbe-4338-9d41-57e84498288b:c5148]
2019-07-10 10:27:46,129 INFO  client.GrpcClientProtocolClient (GrpcClientProtocolClient.java:onNext(255)) - client-821285EC2D67->9fa9a271-7bed-4435-b477-86c6ed0ece08: receive RaftClientReply:client-821285EC2D67->9fa9a271-7bed-4435-b477-86c6ed0ece08@group-0E07FAD1B91E, cid=3396, SUCCESS, logIndex=5151, commits[9fa9a271-7bed-4435-b477-86c6ed0ece08:c5153, 06c1a879-4ae3-48dc-9686-b55cde066000:c5150, 67fae1a7-3cbe-4338-9d41-57e84498288b:c5150]
2019-07-10 10:27:46,130 INFO  client.GrpcClientProtocolClient (GrpcClientProtocolClient.java:onNext(255)) - client-821285EC2D67->9fa9a271-7bed-4435-b477-86c6ed0ece08: receive RaftClientReply:client-821285EC2D67->9fa9a271-7bed-4435-b477-86c6ed0ece08@group-0E07FAD1B91E, cid=3397, SUCCESS, logIndex=5152, commits[9fa9a271-7bed-4435-b477-86c6ed0ece08:c5154, 06c1a879-4ae3-48dc-9686-b55cde066000:c5150, 67fae1a7-3cbe-4338-9d41-57e84498288b:c5150]
2019-07-10 10:27:46,130 INFO  client.GrpcClientProtocolClient (GrpcClientProtocolClient.java:onNext(255)) - client-821285EC2D67->9fa9a271-7bed-4435-b477-86c6ed0ece08: receive RaftClientReply:client-821285EC2D67->9fa9a271-7bed-4435-b477-86c6ed0ece08@group-0E07FAD1B91E, cid=3398, SUCCESS, logIndex=5153, commits[9fa9a271-7bed-4435-b477-86c6ed0ece08:c5154, 06c1a879-4ae3-48dc-9686-b55cde066000:c5150, 67fae1a7-3cbe-4338-9d41-57e84498288b:c5150]
2019-07-10 10:27:46,131 INFO  client.GrpcClientProtocolClient (GrpcClientProtocolClient.java:onNext(255)) - client-821285EC2D67->9fa9a271-7bed-4435-b477-86c6ed0ece08: receive RaftClientReply:client-821285EC2D67->9fa9a271-7bed-4435-b477-86c6ed0ece08@group-0E07FAD1B91E, cid=3399, SUCCESS, logIndex=5154, commits[9fa9a271-7bed-4435-b477-86c6ed0ece08:c5155, 06c1a879-4ae3-48dc-9686-b55cde066000:c5150, 67fae1a7-3cbe-4338-9d41-57e84498288b:c5151]
2019-07-10 10:27:46,132 INFO  client.GrpcClientProtocolClient (GrpcClientProtocolClient.java:onNext(255)) - client-821285EC2D67->9fa9a271-7bed-4435-b477-86c6ed0ece08: receive RaftClientReply:client-821285EC2D67->9fa9a271-7bed-4435-b477-86c6ed0ece08@group-0E07FAD1B91E, cid=3400, SUCCESS, logIndex=0, commits[9fa9a271-7bed-4435-b477-86c6ed0ece08:c5156, 06c1a879-4ae3-48dc-9686-b55cde066000:c5152, 67fae1a7-3cbe-4338-9d41-57e84498288b:c5152]
2019-07-10 10:27:46,149 INFO  client.GrpcClientProtocolClient (GrpcClientProtocolClient.java:onNext(255)) - client-821285EC2D67->9fa9a271-7bed-4435-b477-86c6ed0ece08: receive RaftClientReply:client-821285EC2D67->9fa9a271-7bed-4435-b477-86c6ed0ece08@group-0E07FAD1B91E, cid=3401, SUCCESS, logIndex=5159, commits[9fa9a271-7bed-4435-b477-86c6ed0ece08:c5160, 06c1a879-4ae3-48dc-9686-b55cde066000:c5156, 67fae1a7-3cbe-4338-9d41-57e84498288b:c5154]
2019-07-10 10:27:46,150 INFO  client.GrpcClientProtocolClient (GrpcClientProtocolClient.java:onNext(255)) - client-821285EC2D67->9fa9a271-7bed-4435-b477-86c6ed0ece08: receive RaftClientReply:client-821285EC2D67->9fa9a271-7bed-4435-b477-86c6ed0ece08@group-0E07FAD1B91E, cid=3402, SUCCESS, logIndex=5160, commits[9fa9a271-7bed-4435-b477-86c6ed0ece08:c5160, 06c1a879-4ae3-48dc-9686-b55cde066000:c5156, 67fae1a7-3cbe-4338-9d41-57e84498288b:c5156]
2019-07-10 10:27:46,165 INFO  client.GrpcClientProtocolClient (GrpcClientProtocolClient.java:onNext(255)) - client-821285EC2D67->9fa9a271-7bed-4435-b477-86c6ed0ece08: receive RaftClientReply:client-821285EC2D67->9fa9a271-7bed-4435-b477-86c6ed0ece08@group-0E07FAD1B91E, cid=3403, SUCCESS, logIndex=5163, commits[9fa9a271-7bed-4435-b477-86c6ed0ece08:c5163, 06c1a879-4ae3-48dc-9686-b55cde066000:c5161, 67fae1a7-3cbe-4338-9d41-57e84498288b:c5161]
2019-07-10 10:27:46,166 INFO  client.GrpcClientProtocolClient (GrpcClientProtocolClient.java:onNext(255)) - client-821285EC2D67->9fa9a271-7bed-4435-b477-86c6ed0ece08: receive RaftClientReply:client-821285EC2D67->9fa9a271-7bed-4435-b477-86c6ed0ece08@group-0E07FAD1B91E, cid=3404, SUCCESS, logIndex=5164, commits[9fa9a271-7bed-4435-b477-86c6ed0ece08:c5164, 06c1a879-4ae3-48dc-9686-b55cde066000:c5161, 67fae1a7-3cbe-4338-9d41-57e84498288b:c5161]
2019-07-10 10:27:46,181 INFO  client.GrpcClientProtocolClient (GrpcClientProtocolClient.java:onNext(255)) - client-821285EC2D67->9fa9a271-7bed-4435-b477-86c6ed0ece08: receive RaftClientReply:client-821285EC2D67->9fa9a271-7bed-4435-b477-86c6ed0ece08@group-0E07FAD1B91E, cid=3405, SUCCESS, logIndex=0, commits[9fa9a271-7bed-4435-b477-86c6ed0ece08:c5166, 06c1a879-4ae3-48dc-9686-b55cde066000:c5164, 67fae1a7-3cbe-4338-9d41-57e84498288b:c5164]
2019-07-10 10:27:46,209 INFO  client.GrpcClientProtocolClient (GrpcClientProtocolClient.java:onNext(255)) - client-821285EC2D67->9fa9a271-7bed-4435-b477-86c6ed0ece08: receive RaftClientReply:client-821285EC2D67->9fa9a271-7bed-4435-b477-86c6ed0ece08@group-0E07FAD1B91E, cid=3406, SUCCESS, logIndex=5167, commits[9fa9a271-7bed-4435-b477-86c6ed0ece08:c5168, 06c1a879-4ae3-48dc-9686-b55cde066000:c5166, 67fae1a7-3cbe-4338-9d41-57e84498288b:c5166]
2019-07-10 10:27:46,210 INFO  client.GrpcClientProtocolClient (GrpcClientProtocolClient.java:onNext(255)) - client-821285EC2D67->9fa9a271-7bed-4435-b477-86c6ed0ece08: receive RaftClientReply:client-821285EC2D67->9fa9a271-7bed-4435-b477-86c6ed0ece08@group-0E07FAD1B91E, cid=3407, SUCCESS, logIndex=5168, commits[9fa9a271-7bed-4435-b477-86c6ed0ece08:c5168, 06c1a879-4ae3-48dc-9686-b55cde066000:c5166, 67fae1a7-3cbe-4338-9d41-57e84498288b:c5166]
2019-07-10 10:27:46,211 INFO  client.GrpcClientProtocolClient (GrpcClientProtocolClient.java:onNext(255)) - client-821285EC2D67->9fa9a271-7bed-4435-b477-86c6ed0ece08: receive RaftClientReply:client-821285EC2D67->9fa9a271-7bed-4435-b477-86c6ed0ece08@group-0E07FAD1B91E, cid=3408, SUCCESS, logIndex=5169, commits[9fa9a271-7bed-4435-b477-86c6ed0ece08:c5170, 06c1a879-4ae3-48dc-9686-b55cde066000:c5166, 67fae1a7-3cbe-4338-9d41-57e84498288b:c5166]
2019-07-10 10:27:46,211 INFO  client.GrpcClientProtocolClient (GrpcClientProtocolClient.java:onNext(255)) - client-821285EC2D67->9fa9a271-7bed-4435-b477-86c6ed0ece08: receive RaftClientReply:client-821285EC2D67->9fa9a271-7bed-4435-b477-86c6ed0ece08@group-0E07FAD1B91E, cid=3409, SUCCESS, logIndex=5170, commits[9fa9a271-7bed-4435-b477-86c6ed0ece08:c5170, 06c1a879-4ae3-48dc-9686-b55cde066000:c5166, 67fae1a7-3cbe-4338-9d41-57e84498288b:c5166]
2019-07-10 10:27:46,230 INFO  client.GrpcClientProtocolClient (GrpcClientProtocolClient.java:onNext(255)) - client-821285EC2D67->9fa9a271-7bed-4435-b477-86c6ed0ece08: receive RaftClientReply:client-821285EC2D67->9fa9a271-7bed-4435-b477-86c6ed0ece08@group-0E07FAD1B91E, cid=3410, SUCCESS, logIndex=0, commits[9fa9a271-7bed-4435-b477-86c6ed0ece08:c5172, 06c1a879-4ae3-48dc-9686-b55cde066000:c5168, 67fae1a7-3cbe-4338-9d41-57e84498288b:c5168]
2019-07-10 10:27:46,248 INFO  client.GrpcClientProtocolClient (GrpcClientProtocolClient.java:onNext(255)) - client-821285EC2D67->9fa9a271-7bed-4435-b477-86c6ed0ece08: receive RaftClientReply:client-821285EC2D67->9fa9a271-7bed-4435-b477-86c6ed0ece08@group-0E07FAD1B91E, cid=3411, SUCCESS, logIndex=5174, commits[9fa9a271-7bed-4435-b477-86c6ed0ece08:c5175, 06c1a879-4ae3-48dc-9686-b55cde066000:c5173, 67fae1a7-3cbe-4338-9d41-57e84498288b:c5173]
2019-07-10 10:27:46,249 INFO  client.GrpcClientProtocolClient (GrpcClientProtocolClient.java:onNext(255)) - client-821285EC2D67->9fa9a271-7bed-4435-b477-86c6ed0ece08: receive RaftClientReply:client-821285EC2D67->9fa9a271-7bed-4435-b477-86c6ed0ece08@group-0E07FAD1B91E, cid=3412, SUCCESS, logIndex=5175, commits[9fa9a271-7bed-4435-b477-86c6ed0ece08:c5175, 06c1a879-4ae3-48dc-9686-b55cde066000:c5173, 67fae1a7-3cbe-4338-9d41-57e84498288b:c5173]
2019-07-10 10:27:46,268 INFO  client.GrpcClientProtocolClient (GrpcClientProtocolClient.java:onNext(255)) - client-821285EC2D67->9fa9a271-7bed-4435-b477-86c6ed0ece08: receive RaftClientReply:client-821285EC2D67->9fa9a271-7bed-4435-b477-86c6ed0ece08@group-0E07FAD1B91E, cid=3413, SUCCESS, logIndex=5178, commits[9fa9a271-7bed-4435-b477-86c6ed0ece08:c5179, 06c1a879-4ae3-48dc-9686-b55cde066000:c5177, 67fae1a7-3cbe-4338-9d41-57e84498288b:c5177]
2019-07-10 10:27:46,268 INFO  client.GrpcClientProtocolClient (GrpcClientProtocolClient.java:onNext(255)) - client-821285EC2D67->9fa9a271-7bed-4435-b477-86c6ed0ece08: receive RaftClientReply:client-821285EC2D67->9fa9a271-7bed-4435-b477-86c6ed0ece08@group-0E07FAD1B91E, cid=3414, SUCCESS, logIndex=5179, commits[9fa9a271-7bed-4435-b477-86c6ed0ece08:c5179, 06c1a879-4ae3-48dc-9686-b55cde066000:c5177, 67fae1a7-3cbe-4338-9d41-57e84498288b:c5177]
2019-07-10 10:27:46,280 INFO  client.GrpcClientProtocolClient (GrpcClientProtocolClient.java:onNext(255)) - client-821285EC2D67->9fa9a271-7bed-4435-b477-86c6ed0ece08: receive RaftClientReply:client-821285EC2D67->9fa9a271-7bed-4435-b477-86c6ed0ece08@group-0E07FAD1B91E, cid=3415, SUCCESS, logIndex=0, commits[9fa9a271-7bed-4435-b477-86c6ed0ece08:c5181, 06c1a879-4ae3-48dc-9686-b55cde066000:c5179, 67fae1a7-3cbe-4338-9d41-57e84498288b:c5179]
2019-07-10 10:27:46,309 INFO  client.GrpcClientProtocolClient (GrpcClientProtocolClient.java:onNext(255)) - client-821285EC2D67->9fa9a271-7bed-4435-b477-86c6ed0ece08: receive RaftClientReply:client-821285EC2D67->9fa9a271-7bed-4435-b477-86c6ed0ece08@group-0E07FAD1B91E, cid=3416, SUCCESS, logIndex=5182, commits[9fa9a271-7bed-4435-b477-86c6ed0ece08:c5182, 06c1a879-4ae3-48dc-9686-b55cde066000:c5181, 67fae1a7-3cbe-4338-9d41-57e84498288b:c5181]
2019-07-10 10:27:46,309 INFO  client.GrpcClientProtocolClient (GrpcClientProtocolClient.java:onNext(255)) - client-821285EC2D67->9fa9a271-7bed-4435-b477-86c6ed0ece08: receive RaftClientReply:client-821285EC2D67->9fa9a271-7bed-4435-b477-86c6ed0ece08@group-0E07FAD1B91E, cid=3417, SUCCESS, logIndex=5183, commits[9fa9a271-7bed-4435-b477-86c6ed0ece08:c5185, 06c1a879-4ae3-48dc-9686-b55cde066000:c5181, 67fae1a7-3cbe-4338-9d41-57e84498288b:c5181]
2019-07-10 10:27:46,310 INFO  client.GrpcClientProtocolClient (GrpcClientProtocolClient.java:onNext(255)) - client-821285EC2D67->9fa9a271-7bed-4435-b477-86c6ed0ece08: receive RaftClientReply:client-821285EC2D67->9fa9a271-7bed-4435-b477-86c6ed0ece08@group-0E07FAD1B91E, cid=3418, SUCCESS, logIndex=5184, commits[9fa9a271-7bed-4435-b477-86c6ed0ece08:c5185, 06c1a879-4ae3-48dc-9686-b55cde066000:c5181, 67fae1a7-3cbe-4338-9d41-57e84498288b:c5181]
2019-07-10 10:27:46,310 INFO  client.GrpcClientProtocolClient (GrpcClientProtocolClient.java:onNext(255)) - client-821285EC2D67->9fa9a271-7bed-4435-b477-86c6ed0ece08: receive RaftClientReply:client-821285EC2D67->9fa9a271-7bed-4435-b477-86c6ed0ece08@group-0E07FAD1B91E, cid=3419, SUCCESS, logIndex=5185, commits[9fa9a271-7bed-4435-b477-86c6ed0ece08:c5185, 06c1a879-4ae3-48dc-9686-b55cde066000:c5181, 67fae1a7-3cbe-4338-9d41-57e84498288b:c5181]
2019-07-10 10:27:46,312 INFO  client.GrpcClientProtocolClient (GrpcClientProtocolClient.java:onNext(255)) - client-821285EC2D67->9fa9a271-7bed-4435-b477-86c6ed0ece08: receive RaftClientReply:client-821285EC2D67->9fa9a271-7bed-4435-b477-86c6ed0ece08@group-0E07FAD1B91E, cid=3420, SUCCESS, logIndex=0, commits[9fa9a271-7bed-4435-b477-86c6ed0ece08:c5187, 06c1a879-4ae3-48dc-9686-b55cde066000:c5185, 67fae1a7-3cbe-4338-9d41-57e84498288b:c5185]
2019-07-10 10:27:46,332 INFO  client.GrpcClientProtocolClient (GrpcClientProtocolClient.java:onNext(255)) - client-821285EC2D67->9fa9a271-7bed-4435-b477-86c6ed0ece08: receive RaftClientReply:client-821285EC2D67->9fa9a271-7bed-4435-b477-86c6ed0ece08@group-0E07FAD1B91E, cid=3421, SUCCESS, logIndex=5188, commits[9fa9a271-7bed-4435-b477-86c6ed0ece08:c5189, 06c1a879-4ae3-48dc-9686-b55cde066000:c5187, 67fae1a7-3cbe-4338-9d41-57e84498288b:c5187]
2019-07-10 10:27:46,332 INFO  client.GrpcClientProtocolClient (GrpcClientProtocolClient.java:onNext(255)) - client-821285EC2D67->9fa9a271-7bed-4435-b477-86c6ed0ece08: receive RaftClientReply:client-821285EC2D67->9fa9a271-7bed-4435-b477-86c6ed0ece08@group-0E07FAD1B91E, cid=3422, SUCCESS, logIndex=5189, commits[9fa9a271-7bed-4435-b477-86c6ed0ece08:c5189, 06c1a879-4ae3-48dc-9686-b55cde066000:c5187, 67fae1a7-3cbe-4338-9d41-57e84498288b:c5187]
2019-07-10 10:27:46,343 INFO  client.GrpcClientProtocolClient (GrpcClientProtocolClient.java:onNext(255)) - client-821285EC2D67->9fa9a271-7bed-4435-b477-86c6ed0ece08: receive RaftClientReply:client-821285EC2D67->9fa9a271-7bed-4435-b477-86c6ed0ece08@group-0E07FAD1B91E, cid=3423, SUCCESS, logIndex=5192, commits[9fa9a271-7bed-4435-b477-86c6ed0ece08:c5193, 06c1a879-4ae3-48dc-9686-b55cde066000:c5189, 67fae1a7-3cbe-4338-9d41-57e84498288b:c5189]
2019-07-10 10:27:46,344 INFO  client.GrpcClientProtocolClient (GrpcClientProtocolClient.java:onNext(255)) - client-821285EC2D67->9fa9a271-7bed-4435-b477-86c6ed0ece08: receive RaftClientReply:client-821285EC2D67->9fa9a271-7bed-4435-b477-86c6ed0ece08@group-0E07FAD1B91E, cid=3424, SUCCESS, logIndex=5193, commits[9fa9a271-7bed-4435-b477-86c6ed0ece08:c5193, 06c1a879-4ae3-48dc-9686-b55cde066000:c5189, 67fae1a7-3cbe-4338-9d41-57e84498288b:c5189]
2019-07-10 10:27:46,347 INFO  client.GrpcClientProtocolClient (GrpcClientProtocolClient.java:onNext(255)) - client-821285EC2D67->9fa9a271-7bed-4435-b477-86c6ed0ece08: receive RaftClientReply:client-821285EC2D67->9fa9a271-7bed-4435-b477-86c6ed0ece08@group-0E07FAD1B91E, cid=3425, SUCCESS, logIndex=0, commits[9fa9a271-7bed-4435-b477-86c6ed0ece08:c5195, 06c1a879-4ae3-48dc-9686-b55cde066000:c5193, 67fae1a7-3cbe-4338-9d41-57e84498288b:c5193]
2019-07-10 10:27:46,381 INFO  client.GrpcClientProtocolClient (GrpcClientProtocolClient.java:onNext(255)) - client-821285EC2D67->9fa9a271-7bed-4435-b477-86c6ed0ece08: receive RaftClientReply:client-821285EC2D67->9fa9a271-7bed-4435-b477-86c6ed0ece08@group-0E07FAD1B91E, cid=3426, SUCCESS, logIndex=5196, commits[9fa9a271-7bed-4435-b477-86c6ed0ece08:c5197, 06c1a879-4ae3-48dc-9686-b55cde066000:c5195, 67fae1a7-3cbe-4338-9d41-57e84498288b:c5193]
2019-07-10 10:27:46,381 INFO  client.GrpcClientProtocolClient (GrpcClientProtocolClient.java:onNext(255)) - client-821285EC2D67->9fa9a271-7bed-4435-b477-86c6ed0ece08: receive RaftClientReply:client-821285EC2D67->9fa9a271-7bed-4435-b477-86c6ed0ece08@group-0E07FAD1B91E, cid=3427, SUCCESS, logIndex=5197, commits[9fa9a271-7bed-4435-b477-86c6ed0ece08:c5197, 06c1a879-4ae3-48dc-9686-b55cde066000:c5195, 67fae1a7-3cbe-4338-9d41-57e84498288b:c5195]
2019-07-10 10:27:46,390 INFO  client.GrpcClientProtocolClient (GrpcClientProtocolClient.java:onNext(255)) - client-821285EC2D67->9fa9a271-7bed-4435-b477-86c6ed0ece08: receive RaftClientReply:client-821285EC2D67->9fa9a271-7bed-4435-b477-86c6ed0ece08@group-0E07FAD1B91E, cid=3428, SUCCESS, logIndex=5198, commits[9fa9a271-7bed-4435-b477-86c6ed0ece08:c5199, 06c1a879-4ae3-48dc-9686-b55cde066000:c5195, 67fae1a7-3cbe-4338-9d41-57e84498288b:c5195]
2019-07-10 10:27:46,391 INFO  client.GrpcClientProtocolClient (GrpcClientProtocolClient.java:onNext(255)) - client-821285EC2D67->9fa9a271-7bed-4435-b477-86c6ed0ece08: receive RaftClientReply:client-821285EC2D67->9fa9a271-7bed-4435-b477-86c6ed0ece08@group-0E07FAD1B91E, cid=3429, SUCCESS, logIndex=5199, commits[9fa9a271-7bed-4435-b477-86c6ed0ece08:c5199, 06c1a879-4ae3-48dc-9686-b55cde066000:c5195, 67fae1a7-3cbe-4338-9d41-57e84498288b:c5195]
2019-07-10 10:27:46,392 INFO  client.GrpcClientProtocolClient (GrpcClientProtocolClient.java:onNext(255)) - client-821285EC2D67->9fa9a271-7bed-4435-b477-86c6ed0ece08: receive RaftClientReply:client-821285EC2D67->9fa9a271-7bed-4435-b477-86c6ed0ece08@group-0E07FAD1B91E, cid=3430, SUCCESS, logIndex=0, commits[9fa9a271-7bed-4435-b477-86c6ed0ece08:c5201, 06c1a879-4ae3-48dc-9686-b55cde066000:c5197, 67fae1a7-3cbe-4338-9d41-57e84498288b:c5197]
2019-07-10 10:27:46,408 INFO  client.GrpcClientProtocolClient (GrpcClientProtocolClient.java:onNext(255)) - client-821285EC2D67->9fa9a271-7bed-4435-b477-86c6ed0ece08: receive RaftClientReply:client-821285EC2D67->9fa9a271-7bed-4435-b477-86c6ed0ece08@group-0E07FAD1B91E, cid=3431, SUCCESS, logIndex=5204, commits[9fa9a271-7bed-4435-b477-86c6ed0ece08:c5205, 06c1a879-4ae3-48dc-9686-b55cde066000:c5203, 67fae1a7-3cbe-4338-9d41-57e84498288b:c5203]
2019-07-10 10:27:46,409 INFO  client.GrpcClientProtocolClient (GrpcClientProtocolClient.java:onNext(255)) - client-821285EC2D67->9fa9a271-7bed-4435-b477-86c6ed0ece08: receive RaftClientReply:client-821285EC2D67->9fa9a271-7bed-4435-b477-86c6ed0ece08@group-0E07FAD1B91E, cid=3432, SUCCESS, logIndex=5205, commits[9fa9a271-7bed-4435-b477-86c6ed0ece08:c5205, 06c1a879-4ae3-48dc-9686-b55cde066000:c5203, 67fae1a7-3cbe-4338-9d41-57e84498288b:c5203]
2019-07-10 10:27:46,431 INFO  client.GrpcClientProtocolClient (GrpcClientProtocolClient.java:onNext(255)) - client-821285EC2D67->9fa9a271-7bed-4435-b477-86c6ed0ece08: receive RaftClientReply:client-821285EC2D67->9fa9a271-7bed-4435-b477-86c6ed0ece08@group-0E07FAD1B91E, cid=3433, SUCCESS, logIndex=5208, commits[9fa9a271-7bed-4435-b477-86c6ed0ece08:c5209, 06c1a879-4ae3-48dc-9686-b55cde066000:c5204, 67fae1a7-3cbe-4338-9d41-57e84498288b:c5205]
2019-07-10 10:27:46,431 INFO  client.GrpcClientProtocolClient (GrpcClientProtocolClient.java:onNext(255)) - client-821285EC2D67->9fa9a271-7bed-4435-b477-86c6ed0ece08: receive RaftClientReply:client-821285EC2D67->9fa9a271-7bed-4435-b477-86c6ed0ece08@group-0E07FAD1B91E, cid=3434, SUCCESS, logIndex=5209, commits[9fa9a271-7bed-4435-b477-86c6ed0ece08:c5209, 06c1a879-4ae3-48dc-9686-b55cde066000:c5205, 67fae1a7-3cbe-4338-9d41-57e84498288b:c5205]
2019-07-10 10:27:46,451 INFO  client.GrpcClientProtocolClient (GrpcClientProtocolClient.java:onNext(255)) - client-821285EC2D67->9fa9a271-7bed-4435-b477-86c6ed0ece08: receive RaftClientReply:client-821285EC2D67->9fa9a271-7bed-4435-b477-86c6ed0ece08@group-0E07FAD1B91E, cid=3435, SUCCESS, logIndex=0, commits[9fa9a271-7bed-4435-b477-86c6ed0ece08:c5210, 06c1a879-4ae3-48dc-9686-b55cde066000:c5209, 67fae1a7-3cbe-4338-9d41-57e84498288b:c5209]
 0.00% |█                                                                                                    |  0/1 Time: 0:00:262019-07-10 10:27:46,486 INFO  client.GrpcClientProtocolClient (GrpcClientProtocolClient.java:onNext(255)) - client-821285EC2D67->9fa9a271-7bed-4435-b477-86c6ed0ece08: receive RaftClientReply:client-821285EC2D67->9fa9a271-7bed-4435-b477-86c6ed0ece08@group-0E07FAD1B91E, cid=3436, SUCCESS, logIndex=5212, commits[9fa9a271-7bed-4435-b477-86c6ed0ece08:c5213, 06c1a879-4ae3-48dc-9686-b55cde066000:c5211, 67fae1a7-3cbe-4338-9d41-57e84498288b:c5211]
2019-07-10 10:27:46,487 INFO  client.GrpcClientProtocolClient (GrpcClientProtocolClient.java:onNext(255)) - client-821285EC2D67->9fa9a271-7bed-4435-b477-86c6ed0ece08: receive RaftClientReply:client-821285EC2D67->9fa9a271-7bed-4435-b477-86c6ed0ece08@group-0E07FAD1B91E, cid=3437, SUCCESS, logIndex=5213, commits[9fa9a271-7bed-4435-b477-86c6ed0ece08:c5215, 06c1a879-4ae3-48dc-9686-b55cde066000:c5211, 67fae1a7-3cbe-4338-9d41-57e84498288b:c5211]
2019-07-10 10:27:46,488 INFO  client.GrpcClientProtocolClient (GrpcClientProtocolClient.java:onNext(255)) - client-821285EC2D67->9fa9a271-7bed-4435-b477-86c6ed0ece08: receive RaftClientReply:client-821285EC2D67->9fa9a271-7bed-4435-b477-86c6ed0ece08@group-0E07FAD1B91E, cid=3438, SUCCESS, logIndex=5214, commits[9fa9a271-7bed-4435-b477-86c6ed0ece08:c5216, 06c1a879-4ae3-48dc-9686-b55cde066000:c5212, 67fae1a7-3cbe-4338-9d41-57e84498288b:c5211]
2019-07-10 10:27:46,489 INFO  client.GrpcClientProtocolClient (GrpcClientProtocolClient.java:onNext(255)) - client-821285EC2D67->9fa9a271-7bed-4435-b477-86c6ed0ece08: receive RaftClientReply:client-821285EC2D67->9fa9a271-7bed-4435-b477-86c6ed0ece08@group-0E07FAD1B91E, cid=3439, SUCCESS, logIndex=5215, commits[9fa9a271-7bed-4435-b477-86c6ed0ece08:c5216, 06c1a879-4ae3-48dc-9686-b55cde066000:c5212, 67fae1a7-3cbe-4338-9d41-57e84498288b:c5211]
2019-07-10 10:27:46,491 INFO  client.GrpcClientProtocolClient (GrpcClientProtocolClient.java:onNext(255)) - client-821285EC2D67->9fa9a271-7bed-4435-b477-86c6ed0ece08: receive RaftClientReply:client-821285EC2D67->9fa9a271-7bed-4435-b477-86c6ed0ece08@group-0E07FAD1B91E, cid=3440, SUCCESS, logIndex=0, commits[9fa9a271-7bed-4435-b477-86c6ed0ece08:c5217, 06c1a879-4ae3-48dc-9686-b55cde066000:c5213, 67fae1a7-3cbe-4338-9d41-57e84498288b:c5213]
2019-07-10 10:27:46,514 INFO  client.GrpcClientProtocolClient (GrpcClientProtocolClient.java:onNext(255)) - client-821285EC2D67->9fa9a271-7bed-4435-b477-86c6ed0ece08: receive RaftClientReply:client-821285EC2D67->9fa9a271-7bed-4435-b477-86c6ed0ece08@group-0E07FAD1B91E, cid=3441, SUCCESS, logIndex=5220, commits[9fa9a271-7bed-4435-b477-86c6ed0ece08:c5221, 06c1a879-4ae3-48dc-9686-b55cde066000:c5218, 67fae1a7-3cbe-4338-9d41-57e84498288b:c5215]
2019-07-10 10:27:46,515 INFO  client.GrpcClientProtocolClient (GrpcClientProtocolClient.java:onNext(255)) - client-821285EC2D67->9fa9a271-7bed-4435-b477-86c6ed0ece08: receive RaftClientReply:client-821285EC2D67->9fa9a271-7bed-4435-b477-86c6ed0ece08@group-0E07FAD1B91E, cid=3442, SUCCESS, logIndex=5221, commits[9fa9a271-7bed-4435-b477-86c6ed0ece08:c5221, 06c1a879-4ae3-48dc-9686-b55cde066000:c5218, 67fae1a7-3cbe-4338-9d41-57e84498288b:c5218]
2019-07-10 10:27:46,528 INFO  client.GrpcClientProtocolClient (GrpcClientProtocolClient.java:onNext(255)) - client-821285EC2D67->9fa9a271-7bed-4435-b477-86c6ed0ece08: receive RaftClientReply:client-821285EC2D67->9fa9a271-7bed-4435-b477-86c6ed0ece08@group-0E07FAD1B91E, cid=3443, SUCCESS, logIndex=5224, commits[9fa9a271-7bed-4435-b477-86c6ed0ece08:c5225, 06c1a879-4ae3-48dc-9686-b55cde066000:c5221, 67fae1a7-3cbe-4338-9d41-57e84498288b:c5223]
2019-07-10 10:27:46,529 INFO  client.GrpcClientProtocolClient (GrpcClientProtocolClient.java:onNext(255)) - client-821285EC2D67->9fa9a271-7bed-4435-b477-86c6ed0ece08: receive RaftClientReply:client-821285EC2D67->9fa9a271-7bed-4435-b477-86c6ed0ece08@group-0E07FAD1B91E, cid=3444, SUCCESS, logIndex=5225, commits[9fa9a271-7bed-4435-b477-86c6ed0ece08:c5225, 06c1a879-4ae3-48dc-9686-b55cde066000:c5223, 67fae1a7-3cbe-4338-9d41-57e84498288b:c5223]
2019-07-10 10:27:46,532 INFO  client.GrpcClientProtocolClient (GrpcClientProtocolClient.java:onNext(255)) - client-821285EC2D67->9fa9a271-7bed-4435-b477-86c6ed0ece08: receive RaftClientReply:client-821285EC2D67->9fa9a271-7bed-4435-b477-86c6ed0ece08@group-0E07FAD1B91E, cid=3445, SUCCESS, logIndex=0, commits[9fa9a271-7bed-4435-b477-86c6ed0ece08:c5226, 06c1a879-4ae3-48dc-9686-b55cde066000:c5225, 67fae1a7-3cbe-4338-9d41-57e84498288b:c5225]
2019-07-10 10:27:46,698 INFO  client.GrpcClientProtocolClient (GrpcClientProtocolClient.java:onNext(255)) - client-821285EC2D67->9fa9a271-7bed-4435-b477-86c6ed0ece08: receive RaftClientReply:client-821285EC2D67->9fa9a271-7bed-4435-b477-86c6ed0ece08@group-0E07FAD1B91E, cid=3446, SUCCESS, logIndex=5228, commits[9fa9a271-7bed-4435-b477-86c6ed0ece08:c5230, 06c1a879-4ae3-48dc-9686-b55cde066000:c5227, 67fae1a7-3cbe-4338-9d41-57e84498288b:c5227]
2019-07-10 10:27:46,699 INFO  client.GrpcClientProtocolClient (GrpcClientProtocolClient.java:onNext(255)) - client-821285EC2D67->9fa9a271-7bed-4435-b477-86c6ed0ece08: receive RaftClientReply:client-821285EC2D67->9fa9a271-7bed-4435-b477-86c6ed0ece08@group-0E07FAD1B91E, cid=3447, SUCCESS, logIndex=5229, commits[9fa9a271-7bed-4435-b477-86c6ed0ece08:c5231, 06c1a879-4ae3-48dc-9686-b55cde066000:c5227, 67fae1a7-3cbe-4338-9d41-57e84498288b:c5227]
2019-07-10 10:27:46,699 INFO  client.GrpcClientProtocolClient (GrpcClientProtocolClient.java:onNext(255)) - client-821285EC2D67->9fa9a271-7bed-4435-b477-86c6ed0ece08: receive RaftClientReply:client-821285EC2D67->9fa9a271-7bed-4435-b477-86c6ed0ece08@group-0E07FAD1B91E, cid=3448, SUCCESS, logIndex=5230, commits[9fa9a271-7bed-4435-b477-86c6ed0ece08:c5231, 06c1a879-4ae3-48dc-9686-b55cde066000:c5227, 67fae1a7-3cbe-4338-9d41-57e84498288b:c5227]
2019-07-10 10:27:46,700 INFO  client.GrpcClientProtocolClient (GrpcClientProtocolClient.java:onNext(255)) - client-821285EC2D67->9fa9a271-7bed-4435-b477-86c6ed0ece08: receive RaftClientReply:client-821285EC2D67->9fa9a271-7bed-4435-b477-86c6ed0ece08@group-0E07FAD1B91E, cid=3449, SUCCESS, logIndex=5231, commits[9fa9a271-7bed-4435-b477-86c6ed0ece08:c5231, 06c1a879-4ae3-48dc-9686-b55cde066000:c5227, 67fae1a7-3cbe-4338-9d41-57e84498288b:c5227]
2019-07-10 10:27:46,708 INFO  client.GrpcClientProtocolClient (GrpcClientProtocolClient.java:onNext(255)) - client-821285EC2D67->9fa9a271-7bed-4435-b477-86c6ed0ece08: receive RaftClientReply:client-821285EC2D67->9fa9a271-7bed-4435-b477-86c6ed0ece08@group-0E07FAD1B91E, cid=3450, SUCCESS, logIndex=0, commits[9fa9a271-7bed-4435-b477-86c6ed0ece08:c5232, 06c1a879-4ae3-48dc-9686-b55cde066000:c5229, 67fae1a7-3cbe-4338-9d41-57e84498288b:c5229]
2019-07-10 10:27:46,767 INFO  client.GrpcClientProtocolClient (GrpcClientProtocolClient.java:onNext(255)) - client-821285EC2D67->9fa9a271-7bed-4435-b477-86c6ed0ece08: receive RaftClientReply:client-821285EC2D67->9fa9a271-7bed-4435-b477-86c6ed0ece08@group-0E07FAD1B91E, cid=3451, SUCCESS, logIndex=5236, commits[9fa9a271-7bed-4435-b477-86c6ed0ece08:c5237, 06c1a879-4ae3-48dc-9686-b55cde066000:c5235, 67fae1a7-3cbe-4338-9d41-57e84498288b:c5235]
2019-07-10 10:27:46,768 INFO  client.GrpcClientProtocolClient (GrpcClientProtocolClient.java:onNext(255)) - client-821285EC2D67->9fa9a271-7bed-4435-b477-86c6ed0ece08: receive RaftClientReply:client-821285EC2D67->9fa9a271-7bed-4435-b477-86c6ed0ece08@group-0E07FAD1B91E, cid=3452, SUCCESS, logIndex=5237, commits[9fa9a271-7bed-4435-b477-86c6ed0ece08:c5237, 06c1a879-4ae3-48dc-9686-b55cde066000:c5235, 67fae1a7-3cbe-4338-9d41-57e84498288b:c5235]
2019-07-10 10:27:46,790 INFO  client.GrpcClientProtocolClient (GrpcClientProtocolClient.java:onNext(255)) - client-821285EC2D67->9fa9a271-7bed-4435-b477-86c6ed0ece08: receive RaftClientReply:client-821285EC2D67->9fa9a271-7bed-4435-b477-86c6ed0ece08@group-0E07FAD1B91E, cid=3453, SUCCESS, logIndex=5240, commits[9fa9a271-7bed-4435-b477-86c6ed0ece08:c5241, 06c1a879-4ae3-48dc-9686-b55cde066000:c5237, 67fae1a7-3cbe-4338-9d41-57e84498288b:c5237]
2019-07-10 10:27:46,790 INFO  client.GrpcClientProtocolClient (GrpcClientProtocolClient.java:onNext(255)) - client-821285EC2D67->9fa9a271-7bed-4435-b477-86c6ed0ece08: receive RaftClientReply:client-821285EC2D67->9fa9a271-7bed-4435-b477-86c6ed0ece08@group-0E07FAD1B91E, cid=3454, SUCCESS, logIndex=5241, commits[9fa9a271-7bed-4435-b477-86c6ed0ece08:c5241, 06c1a879-4ae3-48dc-9686-b55cde066000:c5237, 67fae1a7-3cbe-4338-9d41-57e84498288b:c5237]
2019-07-10 10:27:46,793 INFO  client.GrpcClientProtocolClient (GrpcClientProtocolClient.java:onNext(255)) - client-821285EC2D67->9fa9a271-7bed-4435-b477-86c6ed0ece08: receive RaftClientReply:client-821285EC2D67->9fa9a271-7bed-4435-b477-86c6ed0ece08@group-0E07FAD1B91E, cid=3455, SUCCESS, logIndex=0, commits[9fa9a271-7bed-4435-b477-86c6ed0ece08:c5242, 06c1a879-4ae3-48dc-9686-b55cde066000:c5241, 67fae1a7-3cbe-4338-9d41-57e84498288b:c5241]
2019-07-10 10:27:46,827 INFO  client.GrpcClientProtocolClient (GrpcClientProtocolClient.java:onNext(255)) - client-821285EC2D67->9fa9a271-7bed-4435-b477-86c6ed0ece08: receive RaftClientReply:client-821285EC2D67->9fa9a271-7bed-4435-b477-86c6ed0ece08@group-0E07FAD1B91E, cid=3456, SUCCESS, logIndex=5244, commits[9fa9a271-7bed-4435-b477-86c6ed0ece08:c5247, 06c1a879-4ae3-48dc-9686-b55cde066000:c5243, 67fae1a7-3cbe-4338-9d41-57e84498288b:c5243]
2019-07-10 10:27:46,827 INFO  client.GrpcClientProtocolClient (GrpcClientProtocolClient.java:onNext(255)) - client-821285EC2D67->9fa9a271-7bed-4435-b477-86c6ed0ece08: receive RaftClientReply:client-821285EC2D67->9fa9a271-7bed-4435-b477-86c6ed0ece08@group-0E07FAD1B91E, cid=3457, SUCCESS, logIndex=5245, commits[9fa9a271-7bed-4435-b477-86c6ed0ece08:c5247, 06c1a879-4ae3-48dc-9686-b55cde066000:c5243, 67fae1a7-3cbe-4338-9d41-57e84498288b:c5243]
2019-07-10 10:27:46,828 INFO  client.GrpcClientProtocolClient (GrpcClientProtocolClient.java:onNext(255)) - client-821285EC2D67->9fa9a271-7bed-4435-b477-86c6ed0ece08: receive RaftClientReply:client-821285EC2D67->9fa9a271-7bed-4435-b477-86c6ed0ece08@group-0E07FAD1B91E, cid=3458, SUCCESS, logIndex=5246, commits[9fa9a271-7bed-4435-b477-86c6ed0ece08:c5247, 06c1a879-4ae3-48dc-9686-b55cde066000:c5243, 67fae1a7-3cbe-4338-9d41-57e84498288b:c5243]
2019-07-10 10:27:46,828 INFO  client.GrpcClientProtocolClient (GrpcClientProtocolClient.java:onNext(255)) - client-821285EC2D67->9fa9a271-7bed-4435-b477-86c6ed0ece08: receive RaftClientReply:client-821285EC2D67->9fa9a271-7bed-4435-b477-86c6ed0ece08@group-0E07FAD1B91E, cid=3459, SUCCESS, logIndex=5247, commits[9fa9a271-7bed-4435-b477-86c6ed0ece08:c5247, 06c1a879-4ae3-48dc-9686-b55cde066000:c5243, 67fae1a7-3cbe-4338-9d41-57e84498288b:c5243]
2019-07-10 10:27:46,836 INFO  client.GrpcClientProtocolClient (GrpcClientProtocolClient.java:onNext(255)) - client-821285EC2D67->9fa9a271-7bed-4435-b477-86c6ed0ece08: receive RaftClientReply:client-821285EC2D67->9fa9a271-7bed-4435-b477-86c6ed0ece08@group-0E07FAD1B91E, cid=3460, SUCCESS, logIndex=0, commits[9fa9a271-7bed-4435-b477-86c6ed0ece08:c5248, 06c1a879-4ae3-48dc-9686-b55cde066000:c5245, 67fae1a7-3cbe-4338-9d41-57e84498288b:c5245]
2019-07-10 10:27:46,855 INFO  client.GrpcClientProtocolClient (GrpcClientProtocolClient.java:onNext(255)) - client-821285EC2D67->9fa9a271-7bed-4435-b477-86c6ed0ece08: receive RaftClientReply:client-821285EC2D67->9fa9a271-7bed-4435-b477-86c6ed0ece08@group-0E07FAD1B91E, cid=3461, SUCCESS, logIndex=5252, commits[9fa9a271-7bed-4435-b477-86c6ed0ece08:c5253, 06c1a879-4ae3-48dc-9686-b55cde066000:c5251, 67fae1a7-3cbe-4338-9d41-57e84498288b:c5251]
2019-07-10 10:27:46,856 INFO  client.GrpcClientProtocolClient (GrpcClientProtocolClient.java:onNext(255)) - client-821285EC2D67->9fa9a271-7bed-4435-b477-86c6ed0ece08: receive RaftClientReply:client-821285EC2D67->9fa9a271-7bed-4435-b477-86c6ed0ece08@group-0E07FAD1B91E, cid=3462, SUCCESS, logIndex=5253, commits[9fa9a271-7bed-4435-b477-86c6ed0ece08:c5253, 06c1a879-4ae3-48dc-9686-b55cde066000:c5251, 67fae1a7-3cbe-4338-9d41-57e84498288b:c5251]
2019-07-10 10:27:46,867 INFO  client.GrpcClientProtocolClient (GrpcClientProtocolClient.java:onNext(255)) - client-821285EC2D67->9fa9a271-7bed-4435-b477-86c6ed0ece08: receive RaftClientReply:client-821285EC2D67->9fa9a271-7bed-4435-b477-86c6ed0ece08@group-0E07FAD1B91E, cid=3463, SUCCESS, logIndex=5256, commits[9fa9a271-7bed-4435-b477-86c6ed0ece08:c5257, 06c1a879-4ae3-48dc-9686-b55cde066000:c5252, 67fae1a7-3cbe-4338-9d41-57e84498288b:c5253]
2019-07-10 10:27:46,868 INFO  client.GrpcClientProtocolClient (GrpcClientProtocolClient.java:onNext(255)) - client-821285EC2D67->9fa9a271-7bed-4435-b477-86c6ed0ece08: receive RaftClientReply:client-821285EC2D67->9fa9a271-7bed-4435-b477-86c6ed0ece08@group-0E07FAD1B91E, cid=3464, SUCCESS, logIndex=5257, commits[9fa9a271-7bed-4435-b477-86c6ed0ece08:c5257, 06c1a879-4ae3-48dc-9686-b55cde066000:c5253, 67fae1a7-3cbe-4338-9d41-57e84498288b:c5253]
2019-07-10 10:27:46,870 INFO  client.GrpcClientProtocolClient (GrpcClientProtocolClient.java:onNext(255)) - client-821285EC2D67->9fa9a271-7bed-4435-b477-86c6ed0ece08: receive RaftClientReply:client-821285EC2D67->9fa9a271-7bed-4435-b477-86c6ed0ece08@group-0E07FAD1B91E, cid=3465, SUCCESS, logIndex=0, commits[9fa9a271-7bed-4435-b477-86c6ed0ece08:c5259, 06c1a879-4ae3-48dc-9686-b55cde066000:c5257, 67fae1a7-3cbe-4338-9d41-57e84498288b:c5257]
2019-07-10 10:27:46,902 INFO  client.GrpcClientProtocolClient (GrpcClientProtocolClient.java:onNext(255)) - client-821285EC2D67->9fa9a271-7bed-4435-b477-86c6ed0ece08: receive RaftClientReply:client-821285EC2D67->9fa9a271-7bed-4435-b477-86c6ed0ece08@group-0E07FAD1B91E, cid=3466, SUCCESS, logIndex=5260, commits[9fa9a271-7bed-4435-b477-86c6ed0ece08:c5261, 06c1a879-4ae3-48dc-9686-b55cde066000:c5259, 67fae1a7-3cbe-4338-9d41-57e84498288b:c5259]
2019-07-10 10:27:46,903 INFO  client.GrpcClientProtocolClient (GrpcClientProtocolClient.java:onNext(255)) - client-821285EC2D67->9fa9a271-7bed-4435-b477-86c6ed0ece08: receive RaftClientReply:client-821285EC2D67->9fa9a271-7bed-4435-b477-86c6ed0ece08@group-0E07FAD1B91E, cid=3467, SUCCESS, logIndex=5261, commits[9fa9a271-7bed-4435-b477-86c6ed0ece08:c5261, 06c1a879-4ae3-48dc-9686-b55cde066000:c5259, 67fae1a7-3cbe-4338-9d41-57e84498288b:c5259]
2019-07-10 10:27:46,903 INFO  client.GrpcClientProtocolClient (GrpcClientProtocolClient.java:onNext(255)) - client-821285EC2D67->9fa9a271-7bed-4435-b477-86c6ed0ece08: receive RaftClientReply:client-821285EC2D67->9fa9a271-7bed-4435-b477-86c6ed0ece08@group-0E07FAD1B91E, cid=3468, SUCCESS, logIndex=5262, commits[9fa9a271-7bed-4435-b477-86c6ed0ece08:c5263, 06c1a879-4ae3-48dc-9686-b55cde066000:c5259, 67fae1a7-3cbe-4338-9d41-57e84498288b:c5259]
2019-07-10 10:27:46,903 INFO  client.GrpcClientProtocolClient (GrpcClientProtocolClient.java:onNext(255)) - client-821285EC2D67->9fa9a271-7bed-4435-b477-86c6ed0ece08: receive RaftClientReply:client-821285EC2D67->9fa9a271-7bed-4435-b477-86c6ed0ece08@group-0E07FAD1B91E, cid=3469, SUCCESS, logIndex=5263, commits[9fa9a271-7bed-4435-b477-86c6ed0ece08:c5263, 06c1a879-4ae3-48dc-9686-b55cde066000:c5259, 67fae1a7-3cbe-4338-9d41-57e84498288b:c5259]
2019-07-10 10:27:46,907 INFO  client.GrpcClientProtocolClient (GrpcClientProtocolClient.java:onNext(255)) - client-821285EC2D67->9fa9a271-7bed-4435-b477-86c6ed0ece08: receive RaftClientReply:client-821285EC2D67->9fa9a271-7bed-4435-b477-86c6ed0ece08@group-0E07FAD1B91E, cid=3470, SUCCESS, logIndex=0, commits[9fa9a271-7bed-4435-b477-86c6ed0ece08:c5265, 06c1a879-4ae3-48dc-9686-b55cde066000:c5261, 67fae1a7-3cbe-4338-9d41-57e84498288b:c5261]
2019-07-10 10:27:46,926 INFO  client.GrpcClientProtocolClient (GrpcClientProtocolClient.java:onNext(255)) - client-821285EC2D67->9fa9a271-7bed-4435-b477-86c6ed0ece08: receive RaftClientReply:client-821285EC2D67->9fa9a271-7bed-4435-b477-86c6ed0ece08@group-0E07FAD1B91E, cid=3471, SUCCESS, logIndex=5268, commits[9fa9a271-7bed-4435-b477-86c6ed0ece08:c5269, 06c1a879-4ae3-48dc-9686-b55cde066000:c5267, 67fae1a7-3cbe-4338-9d41-57e84498288b:c5267]
2019-07-10 10:27:46,926 INFO  client.GrpcClientProtocolClient (GrpcClientProtocolClient.java:onNext(255)) - client-821285EC2D67->9fa9a271-7bed-4435-b477-86c6ed0ece08: receive RaftClientReply:client-821285EC2D67->9fa9a271-7bed-4435-b477-86c6ed0ece08@group-0E07FAD1B91E, cid=3472, SUCCESS, logIndex=5269, commits[9fa9a271-7bed-4435-b477-86c6ed0ece08:c5269, 06c1a879-4ae3-48dc-9686-b55cde066000:c5267, 67fae1a7-3cbe-4338-9d41-57e84498288b:c5267]
2019-07-10 10:27:46,939 INFO  client.GrpcClientProtocolClient (GrpcClientProtocolClient.java:onNext(255)) - client-821285EC2D67->9fa9a271-7bed-4435-b477-86c6ed0ece08: receive RaftClientReply:client-821285EC2D67->9fa9a271-7bed-4435-b477-86c6ed0ece08@group-0E07FAD1B91E, cid=3473, SUCCESS, logIndex=5272, commits[9fa9a271-7bed-4435-b477-86c6ed0ece08:c5273, 06c1a879-4ae3-48dc-9686-b55cde066000:c5269, 67fae1a7-3cbe-4338-9d41-57e84498288b:c5269]
2019-07-10 10:27:46,940 INFO  client.GrpcClientProtocolClient (GrpcClientProtocolClient.java:onNext(255)) - client-821285EC2D67->9fa9a271-7bed-4435-b477-86c6ed0ece08: receive RaftClientReply:client-821285EC2D67->9fa9a271-7bed-4435-b477-86c6ed0ece08@group-0E07FAD1B91E, cid=3474, SUCCESS, logIndex=5273, commits[9fa9a271-7bed-4435-b477-86c6ed0ece08:c5273, 06c1a879-4ae3-48dc-9686-b55cde066000:c5269, 67fae1a7-3cbe-4338-9d41-57e84498288b:c5269]
2019-07-10 10:27:46,961 INFO  client.GrpcClientProtocolClient (GrpcClientProtocolClient.java:onNext(255)) - client-821285EC2D67->9fa9a271-7bed-4435-b477-86c6ed0ece08: receive RaftClientReply:client-821285EC2D67->9fa9a271-7bed-4435-b477-86c6ed0ece08@group-0E07FAD1B91E, cid=3475, SUCCESS, logIndex=0, commits[9fa9a271-7bed-4435-b477-86c6ed0ece08:c5275, 06c1a879-4ae3-48dc-9686-b55cde066000:c5273, 67fae1a7-3cbe-4338-9d41-57e84498288b:c5273]
2019-07-10 10:27:47,008 INFO  client.GrpcClientProtocolClient (GrpcClientProtocolClient.java:onNext(255)) - client-821285EC2D67->9fa9a271-7bed-4435-b477-86c6ed0ece08: receive RaftClientReply:client-821285EC2D67->9fa9a271-7bed-4435-b477-86c6ed0ece08@group-0E07FAD1B91E, cid=3476, SUCCESS, logIndex=5276, commits[9fa9a271-7bed-4435-b477-86c6ed0ece08:c5277, 06c1a879-4ae3-48dc-9686-b55cde066000:c5275, 67fae1a7-3cbe-4338-9d41-57e84498288b:c5275]
2019-07-10 10:27:47,008 INFO  client.GrpcClientProtocolClient (GrpcClientProtocolClient.java:onNext(255)) - client-821285EC2D67->9fa9a271-7bed-4435-b477-86c6ed0ece08: receive RaftClientReply:client-821285EC2D67->9fa9a271-7bed-4435-b477-86c6ed0ece08@group-0E07FAD1B91E, cid=3477, SUCCESS, logIndex=5277, commits[9fa9a271-7bed-4435-b477-86c6ed0ece08:c5279, 06c1a879-4ae3-48dc-9686-b55cde066000:c5275, 67fae1a7-3cbe-4338-9d41-57e84498288b:c5275]
2019-07-10 10:27:47,008 INFO  client.GrpcClientProtocolClient (GrpcClientProtocolClient.java:onNext(255)) - client-821285EC2D67->9fa9a271-7bed-4435-b477-86c6ed0ece08: receive RaftClientReply:client-821285EC2D67->9fa9a271-7bed-4435-b477-86c6ed0ece08@group-0E07FAD1B91E, cid=3478, SUCCESS, logIndex=5278, commits[9fa9a271-7bed-4435-b477-86c6ed0ece08:c5279, 06c1a879-4ae3-48dc-9686-b55cde066000:c5275, 67fae1a7-3cbe-4338-9d41-57e84498288b:c5275]
2019-07-10 10:27:47,009 INFO  client.GrpcClientProtocolClient (GrpcClientProtocolClient.java:onNext(255)) - client-821285EC2D67->9fa9a271-7bed-4435-b477-86c6ed0ece08: receive RaftClientReply:client-821285EC2D67->9fa9a271-7bed-4435-b477-86c6ed0ece08@group-0E07FAD1B91E, cid=3479, SUCCESS, logIndex=5279, commits[9fa9a271-7bed-4435-b477-86c6ed0ece08:c5279, 06c1a879-4ae3-48dc-9686-b55cde066000:c5275, 67fae1a7-3cbe-4338-9d41-57e84498288b:c5275]
2019-07-10 10:27:47,011 INFO  client.GrpcClientProtocolClient (GrpcClientProtocolClient.java:onNext(255)) - client-821285EC2D67->9fa9a271-7bed-4435-b477-86c6ed0ece08: receive RaftClientReply:client-821285EC2D67->9fa9a271-7bed-4435-b477-86c6ed0ece08@group-0E07FAD1B91E, cid=3480, SUCCESS, logIndex=0, commits[9fa9a271-7bed-4435-b477-86c6ed0ece08:c5280, 06c1a879-4ae3-48dc-9686-b55cde066000:c5277, 67fae1a7-3cbe-4338-9d41-57e84498288b:c5277]
2019-07-10 10:27:47,030 INFO  client.GrpcClientProtocolClient (GrpcClientProtocolClient.java:onNext(255)) - client-821285EC2D67->9fa9a271-7bed-4435-b477-86c6ed0ece08: receive RaftClientReply:client-821285EC2D67->9fa9a271-7bed-4435-b477-86c6ed0ece08@group-0E07FAD1B91E, cid=3481, SUCCESS, logIndex=5283, commits[9fa9a271-7bed-4435-b477-86c6ed0ece08:c5284, 06c1a879-4ae3-48dc-9686-b55cde066000:c5282, 67fae1a7-3cbe-4338-9d41-57e84498288b:c5282]
2019-07-10 10:27:47,031 INFO  client.GrpcClientProtocolClient (GrpcClientProtocolClient.java:onNext(255)) - client-821285EC2D67->9fa9a271-7bed-4435-b477-86c6ed0ece08: receive RaftClientReply:client-821285EC2D67->9fa9a271-7bed-4435-b477-86c6ed0ece08@group-0E07FAD1B91E, cid=3482, SUCCESS, logIndex=5284, commits[9fa9a271-7bed-4435-b477-86c6ed0ece08:c5284, 06c1a879-4ae3-48dc-9686-b55cde066000:c5282, 67fae1a7-3cbe-4338-9d41-57e84498288b:c5282]
2019-07-10 10:27:47,044 INFO  client.GrpcClientProtocolClient (GrpcClientProtocolClient.java:onNext(255)) - client-821285EC2D67->9fa9a271-7bed-4435-b477-86c6ed0ece08: receive RaftClientReply:client-821285EC2D67->9fa9a271-7bed-4435-b477-86c6ed0ece08@group-0E07FAD1B91E, cid=3483, SUCCESS, logIndex=5287, commits[9fa9a271-7bed-4435-b477-86c6ed0ece08:c5288, 06c1a879-4ae3-48dc-9686-b55cde066000:c5283, 67fae1a7-3cbe-4338-9d41-57e84498288b:c5284]
2019-07-10 10:27:47,044 INFO  client.GrpcClientProtocolClient (GrpcClientProtocolClient.java:onNext(255)) - client-821285EC2D67->9fa9a271-7bed-4435-b477-86c6ed0ece08: receive RaftClientReply:client-821285EC2D67->9fa9a271-7bed-4435-b477-86c6ed0ece08@group-0E07FAD1B91E, cid=3484, SUCCESS, logIndex=5288, commits[9fa9a271-7bed-4435-b477-86c6ed0ece08:c5288, 06c1a879-4ae3-48dc-9686-b55cde066000:c5283, 67fae1a7-3cbe-4338-9d41-57e84498288b:c5284]
2019-07-10 10:27:47,053 INFO  client.GrpcClientProtocolClient (GrpcClientProtocolClient.java:onNext(255)) - client-821285EC2D67->9fa9a271-7bed-4435-b477-86c6ed0ece08: receive RaftClientReply:client-821285EC2D67->9fa9a271-7bed-4435-b477-86c6ed0ece08@group-0E07FAD1B91E, cid=3485, SUCCESS, logIndex=0, commits[9fa9a271-7bed-4435-b477-86c6ed0ece08:c5288, 06c1a879-4ae3-48dc-9686-b55cde066000:c5284, 67fae1a7-3cbe-4338-9d41-57e84498288b:c5284]
2019-07-10 10:27:47,054 INFO  client.GrpcClientProtocolClient (GrpcClientProtocolClient.java:onNext(255)) - client-821285EC2D67->9fa9a271-7bed-4435-b477-86c6ed0ece08: receive RaftClientReply:client-821285EC2D67->9fa9a271-7bed-4435-b477-86c6ed0ece08@group-0E07FAD1B91E, cid=3486, SUCCESS, logIndex=0, commits[9fa9a271-7bed-4435-b477-86c6ed0ece08:c5290, 06c1a879-4ae3-48dc-9686-b55cde066000:c5288, 67fae1a7-3cbe-4338-9d41-57e84498288b:c5288]
2019-07-10 10:27:47,083 INFO  client.GrpcClientProtocolClient (GrpcClientProtocolClient.java:onNext(255)) - client-821285EC2D67->9fa9a271-7bed-4435-b477-86c6ed0ece08: receive RaftClientReply:client-821285EC2D67->9fa9a271-7bed-4435-b477-86c6ed0ece08@group-0E07FAD1B91E, cid=3487, SUCCESS, logIndex=5291, commits[9fa9a271-7bed-4435-b477-86c6ed0ece08:c5291, 06c1a879-4ae3-48dc-9686-b55cde066000:c5290, 67fae1a7-3cbe-4338-9d41-57e84498288b:c5290]
2019-07-10 10:27:47,084 INFO  client.GrpcClientProtocolClient (GrpcClientProtocolClient.java:onNext(255)) - client-821285EC2D67->9fa9a271-7bed-4435-b477-86c6ed0ece08: receive RaftClientReply:client-821285EC2D67->9fa9a271-7bed-4435-b477-86c6ed0ece08@group-0E07FAD1B91E, cid=3488, SUCCESS, logIndex=5292, commits[9fa9a271-7bed-4435-b477-86c6ed0ece08:c5292, 06c1a879-4ae3-48dc-9686-b55cde066000:c5290, 67fae1a7-3cbe-4338-9d41-57e84498288b:c5290]
2019-07-10 10:27:47,084 INFO  client.GrpcClientProtocolClient (GrpcClientProtocolClient.java:onNext(255)) - client-821285EC2D67->9fa9a271-7bed-4435-b477-86c6ed0ece08: receive RaftClientReply:client-821285EC2D67->9fa9a271-7bed-4435-b477-86c6ed0ece08@group-0E07FAD1B91E, cid=3489, SUCCESS, logIndex=5293, commits[9fa9a271-7bed-4435-b477-86c6ed0ece08:c5294, 06c1a879-4ae3-48dc-9686-b55cde066000:c5290, 67fae1a7-3cbe-4338-9d41-57e84498288b:c5290]
2019-07-10 10:27:47,084 INFO  client.GrpcClientProtocolClient (GrpcClientProtocolClient.java:onNext(255)) - client-821285EC2D67->9fa9a271-7bed-4435-b477-86c6ed0ece08: receive RaftClientReply:client-821285EC2D67->9fa9a271-7bed-4435-b477-86c6ed0ece08@group-0E07FAD1B91E, cid=3490, SUCCESS, logIndex=5294, commits[9fa9a271-7bed-4435-b477-86c6ed0ece08:c5294, 06c1a879-4ae3-48dc-9686-b55cde066000:c5290, 67fae1a7-3cbe-4338-9d41-57e84498288b:c5290]
2019-07-10 10:27:47,088 INFO  client.GrpcClientProtocolClient (GrpcClientProtocolClient.java:onNext(255)) - client-821285EC2D67->9fa9a271-7bed-4435-b477-86c6ed0ece08: receive RaftClientReply:client-821285EC2D67->9fa9a271-7bed-4435-b477-86c6ed0ece08@group-0E07FAD1B91E, cid=3491, SUCCESS, logIndex=0, commits[9fa9a271-7bed-4435-b477-86c6ed0ece08:c5296, 06c1a879-4ae3-48dc-9686-b55cde066000:c5292, 67fae1a7-3cbe-4338-9d41-57e84498288b:c5292]
2019-07-10 10:27:47,103 INFO  client.GrpcClientProtocolClient (GrpcClientProtocolClient.java:onNext(255)) - client-821285EC2D67->9fa9a271-7bed-4435-b477-86c6ed0ece08: receive RaftClientReply:client-821285EC2D67->9fa9a271-7bed-4435-b477-86c6ed0ece08@group-0E07FAD1B91E, cid=3492, SUCCESS, logIndex=5299, commits[9fa9a271-7bed-4435-b477-86c6ed0ece08:c5300, 06c1a879-4ae3-48dc-9686-b55cde066000:c5298, 67fae1a7-3cbe-4338-9d41-57e84498288b:c5294]
2019-07-10 10:27:47,104 INFO  client.GrpcClientProtocolClient (GrpcClientProtocolClient.java:onNext(255)) - client-821285EC2D67->9fa9a271-7bed-4435-b477-86c6ed0ece08: receive RaftClientReply:client-821285EC2D67->9fa9a271-7bed-4435-b477-86c6ed0ece08@group-0E07FAD1B91E, cid=3493, SUCCESS, logIndex=5300, commits[9fa9a271-7bed-4435-b477-86c6ed0ece08:c5300, 06c1a879-4ae3-48dc-9686-b55cde066000:c5298, 67fae1a7-3cbe-4338-9d41-57e84498288b:c5298]
2019-07-10 10:27:47,117 INFO  client.GrpcClientProtocolClient (GrpcClientProtocolClient.java:onNext(255)) - client-821285EC2D67->9fa9a271-7bed-4435-b477-86c6ed0ece08: receive RaftClientReply:client-821285EC2D67->9fa9a271-7bed-4435-b477-86c6ed0ece08@group-0E07FAD1B91E, cid=3494, SUCCESS, logIndex=5303, commits[9fa9a271-7bed-4435-b477-86c6ed0ece08:c5304, 06c1a879-4ae3-48dc-9686-b55cde066000:c5300, 67fae1a7-3cbe-4338-9d41-57e84498288b:c5302]
2019-07-10 10:27:47,118 INFO  client.GrpcClientProtocolClient (GrpcClientProtocolClient.java:onNext(255)) - client-821285EC2D67->9fa9a271-7bed-4435-b477-86c6ed0ece08: receive RaftClientReply:client-821285EC2D67->9fa9a271-7bed-4435-b477-86c6ed0ece08@group-0E07FAD1B91E, cid=3495, SUCCESS, logIndex=5304, commits[9fa9a271-7bed-4435-b477-86c6ed0ece08:c5304, 06c1a879-4ae3-48dc-9686-b55cde066000:c5302, 67fae1a7-3cbe-4338-9d41-57e84498288b:c5302]
2019-07-10 10:27:47,119 INFO  client.GrpcClientProtocolClient (GrpcClientProtocolClient.java:onNext(255)) - client-821285EC2D67->9fa9a271-7bed-4435-b477-86c6ed0ece08: receive RaftClientReply:client-821285EC2D67->9fa9a271-7bed-4435-b477-86c6ed0ece08@group-0E07FAD1B91E, cid=3496, SUCCESS, logIndex=0, commits[9fa9a271-7bed-4435-b477-86c6ed0ece08:c5305, 06c1a879-4ae3-48dc-9686-b55cde066000:c5304, 67fae1a7-3cbe-4338-9d41-57e84498288b:c5304]
2019-07-10 10:27:47,153 INFO  client.GrpcClientProtocolClient (GrpcClientProtocolClient.java:onNext(255)) - client-821285EC2D67->9fa9a271-7bed-4435-b477-86c6ed0ece08: receive RaftClientReply:client-821285EC2D67->9fa9a271-7bed-4435-b477-86c6ed0ece08@group-0E07FAD1B91E, cid=3497, SUCCESS, logIndex=5307, commits[9fa9a271-7bed-4435-b477-86c6ed0ece08:c5308, 06c1a879-4ae3-48dc-9686-b55cde066000:c5306, 67fae1a7-3cbe-4338-9d41-57e84498288b:c5306]
2019-07-10 10:27:47,154 INFO  client.GrpcClientProtocolClient (GrpcClientProtocolClient.java:onNext(255)) - client-821285EC2D67->9fa9a271-7bed-4435-b477-86c6ed0ece08: receive RaftClientReply:client-821285EC2D67->9fa9a271-7bed-4435-b477-86c6ed0ece08@group-0E07FAD1B91E, cid=3498, SUCCESS, logIndex=5308, commits[9fa9a271-7bed-4435-b477-86c6ed0ece08:c5310, 06c1a879-4ae3-48dc-9686-b55cde066000:c5306, 67fae1a7-3cbe-4338-9d41-57e84498288b:c5306]
2019-07-10 10:27:47,154 INFO  client.GrpcClientProtocolClient (GrpcClientProtocolClient.java:onNext(255)) - client-821285EC2D67->9fa9a271-7bed-4435-b477-86c6ed0ece08: receive RaftClientReply:client-821285EC2D67->9fa9a271-7bed-4435-b477-86c6ed0ece08@group-0E07FAD1B91E, cid=3499, SUCCESS, logIndex=5309, commits[9fa9a271-7bed-4435-b477-86c6ed0ece08:c5310, 06c1a879-4ae3-48dc-9686-b55cde066000:c5306, 67fae1a7-3cbe-4338-9d41-57e84498288b:c5306]
2019-07-10 10:27:47,154 INFO  client.GrpcClientProtocolClient (GrpcClientProtocolClient.java:onNext(255)) - client-821285EC2D67->9fa9a271-7bed-4435-b477-86c6ed0ece08: receive RaftClientReply:client-821285EC2D67->9fa9a271-7bed-4435-b477-86c6ed0ece08@group-0E07FAD1B91E, cid=3500, SUCCESS, logIndex=5310, commits[9fa9a271-7bed-4435-b477-86c6ed0ece08:c5310, 06c1a879-4ae3-48dc-9686-b55cde066000:c5306, 67fae1a7-3cbe-4338-9d41-57e84498288b:c5306]
2019-07-10 10:27:47,158 INFO  client.GrpcClientProtocolClient (GrpcClientProtocolClient.java:onNext(255)) - client-821285EC2D67->9fa9a271-7bed-4435-b477-86c6ed0ece08: receive RaftClientReply:client-821285EC2D67->9fa9a271-7bed-4435-b477-86c6ed0ece08@group-0E07FAD1B91E, cid=3501, SUCCESS, logIndex=0, commits[9fa9a271-7bed-4435-b477-86c6ed0ece08:c5312, 06c1a879-4ae3-48dc-9686-b55cde066000:c5308, 67fae1a7-3cbe-4338-9d41-57e84498288b:c5308]
2019-07-10 10:27:47,177 INFO  client.GrpcClientProtocolClient (GrpcClientProtocolClient.java:onNext(255)) - client-821285EC2D67->9fa9a271-7bed-4435-b477-86c6ed0ece08: receive RaftClientReply:client-821285EC2D67->9fa9a271-7bed-4435-b477-86c6ed0ece08@group-0E07FAD1B91E, cid=3502, SUCCESS, logIndex=5314, commits[9fa9a271-7bed-4435-b477-86c6ed0ece08:c5315, 06c1a879-4ae3-48dc-9686-b55cde066000:c5313, 67fae1a7-3cbe-4338-9d41-57e84498288b:c5313]
2019-07-10 10:27:47,177 INFO  client.GrpcClientProtocolClient (GrpcClientProtocolClient.java:onNext(255)) - client-821285EC2D67->9fa9a271-7bed-4435-b477-86c6ed0ece08: receive RaftClientReply:client-821285EC2D67->9fa9a271-7bed-4435-b477-86c6ed0ece08@group-0E07FAD1B91E, cid=3503, SUCCESS, logIndex=5315, commits[9fa9a271-7bed-4435-b477-86c6ed0ece08:c5315, 06c1a879-4ae3-48dc-9686-b55cde066000:c5313, 67fae1a7-3cbe-4338-9d41-57e84498288b:c5313]
2019-07-10 10:27:47,192 INFO  client.GrpcClientProtocolClient (GrpcClientProtocolClient.java:onNext(255)) - client-821285EC2D67->9fa9a271-7bed-4435-b477-86c6ed0ece08: receive RaftClientReply:client-821285EC2D67->9fa9a271-7bed-4435-b477-86c6ed0ece08@group-0E07FAD1B91E, cid=3504, SUCCESS, logIndex=5318, commits[9fa9a271-7bed-4435-b477-86c6ed0ece08:c5319, 06c1a879-4ae3-48dc-9686-b55cde066000:c5314, 67fae1a7-3cbe-4338-9d41-57e84498288b:c5315]
2019-07-10 10:27:47,192 INFO  client.GrpcClientProtocolClient (GrpcClientProtocolClient.java:onNext(255)) - client-821285EC2D67->9fa9a271-7bed-4435-b477-86c6ed0ece08: receive RaftClientReply:client-821285EC2D67->9fa9a271-7bed-4435-b477-86c6ed0ece08@group-0E07FAD1B91E, cid=3505, SUCCESS, logIndex=5319, commits[9fa9a271-7bed-4435-b477-86c6ed0ece08:c5319, 06c1a879-4ae3-48dc-9686-b55cde066000:c5315, 67fae1a7-3cbe-4338-9d41-57e84498288b:c5315]
2019-07-10 10:27:47,202 INFO  client.GrpcClientProtocolClient (GrpcClientProtocolClient.java:onNext(255)) - client-821285EC2D67->9fa9a271-7bed-4435-b477-86c6ed0ece08: receive RaftClientReply:client-821285EC2D67->9fa9a271-7bed-4435-b477-86c6ed0ece08@group-0E07FAD1B91E, cid=3506, SUCCESS, logIndex=0, commits[9fa9a271-7bed-4435-b477-86c6ed0ece08:c5320, 06c1a879-4ae3-48dc-9686-b55cde066000:c5319, 67fae1a7-3cbe-4338-9d41-57e84498288b:c5319]
2019-07-10 10:27:47,230 INFO  client.GrpcClientProtocolClient (GrpcClientProtocolClient.java:onNext(255)) - client-821285EC2D67->9fa9a271-7bed-4435-b477-86c6ed0ece08: receive RaftClientReply:client-821285EC2D67->9fa9a271-7bed-4435-b477-86c6ed0ece08@group-0E07FAD1B91E, cid=3507, SUCCESS, logIndex=5321, commits[9fa9a271-7bed-4435-b477-86c6ed0ece08:c5322, 06c1a879-4ae3-48dc-9686-b55cde066000:c5320, 67fae1a7-3cbe-4338-9d41-57e84498288b:c5320]
2019-07-10 10:27:47,231 INFO  client.GrpcClientProtocolClient (GrpcClientProtocolClient.java:onNext(255)) - client-821285EC2D67->9fa9a271-7bed-4435-b477-86c6ed0ece08: receive RaftClientReply:client-821285EC2D67->9fa9a271-7bed-4435-b477-86c6ed0ece08@group-0E07FAD1B91E, cid=3508, SUCCESS, logIndex=5322, commits[9fa9a271-7bed-4435-b477-86c6ed0ece08:c5322, 06c1a879-4ae3-48dc-9686-b55cde066000:c5320, 67fae1a7-3cbe-4338-9d41-57e84498288b:c5320]
2019-07-10 10:27:47,231 INFO  client.GrpcClientProtocolClient (GrpcClientProtocolClient.java:onNext(255)) - client-821285EC2D67->9fa9a271-7bed-4435-b477-86c6ed0ece08: receive RaftClientReply:client-821285EC2D67->9fa9a271-7bed-4435-b477-86c6ed0ece08@group-0E07FAD1B91E, cid=3509, SUCCESS, logIndex=5323, commits[9fa9a271-7bed-4435-b477-86c6ed0ece08:c5324, 06c1a879-4ae3-48dc-9686-b55cde066000:c5320, 67fae1a7-3cbe-4338-9d41-57e84498288b:c5320]
2019-07-10 10:27:47,232 INFO  client.GrpcClientProtocolClient (GrpcClientProtocolClient.java:onNext(255)) - client-821285EC2D67->9fa9a271-7bed-4435-b477-86c6ed0ece08: receive RaftClientReply:client-821285EC2D67->9fa9a271-7bed-4435-b477-86c6ed0ece08@group-0E07FAD1B91E, cid=3510, SUCCESS, logIndex=5324, commits[9fa9a271-7bed-4435-b477-86c6ed0ece08:c5324, 06c1a879-4ae3-48dc-9686-b55cde066000:c5320, 67fae1a7-3cbe-4338-9d41-57e84498288b:c5320]
2019-07-10 10:27:47,235 INFO  client.GrpcClientProtocolClient (GrpcClientProtocolClient.java:onNext(255)) - client-821285EC2D67->9fa9a271-7bed-4435-b477-86c6ed0ece08: receive RaftClientReply:client-821285EC2D67->9fa9a271-7bed-4435-b477-86c6ed0ece08@group-0E07FAD1B91E, cid=3511, SUCCESS, logIndex=0, commits[9fa9a271-7bed-4435-b477-86c6ed0ece08:c5326, 06c1a879-4ae3-48dc-9686-b55cde066000:c5322, 67fae1a7-3cbe-4338-9d41-57e84498288b:c5322]
2019-07-10 10:27:47,256 INFO  client.GrpcClientProtocolClient (GrpcClientProtocolClient.java:onNext(255)) - client-821285EC2D67->9fa9a271-7bed-4435-b477-86c6ed0ece08: receive RaftClientReply:client-821285EC2D67->9fa9a271-7bed-4435-b477-86c6ed0ece08@group-0E07FAD1B91E, cid=3512, SUCCESS, logIndex=5329, commits[9fa9a271-7bed-4435-b477-86c6ed0ece08:c5330, 06c1a879-4ae3-48dc-9686-b55cde066000:c5324, 67fae1a7-3cbe-4338-9d41-57e84498288b:c5328]
2019-07-10 10:27:47,256 INFO  client.GrpcClientProtocolClient (GrpcClientProtocolClient.java:onNext(255)) - client-821285EC2D67->9fa9a271-7bed-4435-b477-86c6ed0ece08: receive RaftClientReply:client-821285EC2D67->9fa9a271-7bed-4435-b477-86c6ed0ece08@group-0E07FAD1B91E, cid=3513, SUCCESS, logIndex=5330, commits[9fa9a271-7bed-4435-b477-86c6ed0ece08:c5330, 06c1a879-4ae3-48dc-9686-b55cde066000:c5328, 67fae1a7-3cbe-4338-9d41-57e84498288b:c5328]
2019-07-10 10:27:47,276 INFO  client.GrpcClientProtocolClient (GrpcClientProtocolClient.java:onNext(255)) - client-821285EC2D67->9fa9a271-7bed-4435-b477-86c6ed0ece08: receive RaftClientReply:client-821285EC2D67->9fa9a271-7bed-4435-b477-86c6ed0ece08@group-0E07FAD1B91E, cid=3514, SUCCESS, logIndex=5333, commits[9fa9a271-7bed-4435-b477-86c6ed0ece08:c5334, 06c1a879-4ae3-48dc-9686-b55cde066000:c5330, 67fae1a7-3cbe-4338-9d41-57e84498288b:c5332]
2019-07-10 10:27:47,277 INFO  client.GrpcClientProtocolClient (GrpcClientProtocolClient.java:onNext(255)) - client-821285EC2D67->9fa9a271-7bed-4435-b477-86c6ed0ece08: receive RaftClientReply:client-821285EC2D67->9fa9a271-7bed-4435-b477-86c6ed0ece08@group-0E07FAD1B91E, cid=3515, SUCCESS, logIndex=5334, commits[9fa9a271-7bed-4435-b477-86c6ed0ece08:c5334, 06c1a879-4ae3-48dc-9686-b55cde066000:c5332, 67fae1a7-3cbe-4338-9d41-57e84498288b:c5332]
2019-07-10 10:27:47,282 INFO  client.GrpcClientProtocolClient (GrpcClientProtocolClient.java:onNext(255)) - client-821285EC2D67->9fa9a271-7bed-4435-b477-86c6ed0ece08: receive RaftClientReply:client-821285EC2D67->9fa9a271-7bed-4435-b477-86c6ed0ece08@group-0E07FAD1B91E, cid=3516, SUCCESS, logIndex=0, commits[9fa9a271-7bed-4435-b477-86c6ed0ece08:c5335, 06c1a879-4ae3-48dc-9686-b55cde066000:c5334, 67fae1a7-3cbe-4338-9d41-57e84498288b:c5334]
2019-07-10 10:27:47,315 INFO  client.GrpcClientProtocolClient (GrpcClientProtocolClient.java:onNext(255)) - client-821285EC2D67->9fa9a271-7bed-4435-b477-86c6ed0ece08: receive RaftClientReply:client-821285EC2D67->9fa9a271-7bed-4435-b477-86c6ed0ece08@group-0E07FAD1B91E, cid=3517, SUCCESS, logIndex=5337, commits[9fa9a271-7bed-4435-b477-86c6ed0ece08:c5338, 06c1a879-4ae3-48dc-9686-b55cde066000:c5336, 67fae1a7-3cbe-4338-9d41-57e84498288b:c5336]
2019-07-10 10:27:47,316 INFO  client.GrpcClientProtocolClient (GrpcClientProtocolClient.java:onNext(255)) - client-821285EC2D67->9fa9a271-7bed-4435-b477-86c6ed0ece08: receive RaftClientReply:client-821285EC2D67->9fa9a271-7bed-4435-b477-86c6ed0ece08@group-0E07FAD1B91E, cid=3518, SUCCESS, logIndex=5338, commits[9fa9a271-7bed-4435-b477-86c6ed0ece08:c5340, 06c1a879-4ae3-48dc-9686-b55cde066000:c5336, 67fae1a7-3cbe-4338-9d41-57e84498288b:c5336]
2019-07-10 10:27:47,316 INFO  client.GrpcClientProtocolClient (GrpcClientProtocolClient.java:onNext(255)) - client-821285EC2D67->9fa9a271-7bed-4435-b477-86c6ed0ece08: receive RaftClientReply:client-821285EC2D67->9fa9a271-7bed-4435-b477-86c6ed0ece08@group-0E07FAD1B91E, cid=3519, SUCCESS, logIndex=5339, commits[9fa9a271-7bed-4435-b477-86c6ed0ece08:c5340, 06c1a879-4ae3-48dc-9686-b55cde066000:c5336, 67fae1a7-3cbe-4338-9d41-57e84498288b:c5336]
2019-07-10 10:27:47,316 INFO  client.GrpcClientProtocolClient (GrpcClientProtocolClient.java:onNext(255)) - client-821285EC2D67->9fa9a271-7bed-4435-b477-86c6ed0ece08: receive RaftClientReply:client-821285EC2D67->9fa9a271-7bed-4435-b477-86c6ed0ece08@group-0E07FAD1B91E, cid=3520, SUCCESS, logIndex=5340, commits[9fa9a271-7bed-4435-b477-86c6ed0ece08:c5340, 06c1a879-4ae3-48dc-9686-b55cde066000:c5336, 67fae1a7-3cbe-4338-9d41-57e84498288b:c5336]
2019-07-10 10:27:47,319 INFO  client.GrpcClientProtocolClient (GrpcClientProtocolClient.java:onNext(255)) - client-821285EC2D67->9fa9a271-7bed-4435-b477-86c6ed0ece08: receive RaftClientReply:client-821285EC2D67->9fa9a271-7bed-4435-b477-86c6ed0ece08@group-0E07FAD1B91E, cid=3521, SUCCESS, logIndex=0, commits[9fa9a271-7bed-4435-b477-86c6ed0ece08:c5344, 06c1a879-4ae3-48dc-9686-b55cde066000:c5340, 67fae1a7-3cbe-4338-9d41-57e84498288b:c5338]
2019-07-10 10:27:47,337 INFO  client.GrpcClientProtocolClient (GrpcClientProtocolClient.java:onNext(255)) - client-821285EC2D67->9fa9a271-7bed-4435-b477-86c6ed0ece08: receive RaftClientReply:client-821285EC2D67->9fa9a271-7bed-4435-b477-86c6ed0ece08@group-0E07FAD1B91E, cid=3522, SUCCESS, logIndex=5345, commits[9fa9a271-7bed-4435-b477-86c6ed0ece08:c5346, 06c1a879-4ae3-48dc-9686-b55cde066000:c5344, 67fae1a7-3cbe-4338-9d41-57e84498288b:c5344]
2019-07-10 10:27:47,337 INFO  client.GrpcClientProtocolClient (GrpcClientProtocolClient.java:onNext(255)) - client-821285EC2D67->9fa9a271-7bed-4435-b477-86c6ed0ece08: receive RaftClientReply:client-821285EC2D67->9fa9a271-7bed-4435-b477-86c6ed0ece08@group-0E07FAD1B91E, cid=3523, SUCCESS, logIndex=5346, commits[9fa9a271-7bed-4435-b477-86c6ed0ece08:c5346, 06c1a879-4ae3-48dc-9686-b55cde066000:c5344, 67fae1a7-3cbe-4338-9d41-57e84498288b:c5344]
2019-07-10 10:27:47,349 INFO  client.GrpcClientProtocolClient (GrpcClientProtocolClient.java:onNext(255)) - client-821285EC2D67->9fa9a271-7bed-4435-b477-86c6ed0ece08: receive RaftClientReply:client-821285EC2D67->9fa9a271-7bed-4435-b477-86c6ed0ece08@group-0E07FAD1B91E, cid=3524, SUCCESS, logIndex=5349, commits[9fa9a271-7bed-4435-b477-86c6ed0ece08:c5350, 06c1a879-4ae3-48dc-9686-b55cde066000:c5346, 67fae1a7-3cbe-4338-9d41-57e84498288b:c5346]
2019-07-10 10:27:47,350 INFO  client.GrpcClientProtocolClient (GrpcClientProtocolClient.java:onNext(255)) - client-821285EC2D67->9fa9a271-7bed-4435-b477-86c6ed0ece08: receive RaftClientReply:client-821285EC2D67->9fa9a271-7bed-4435-b477-86c6ed0ece08@group-0E07FAD1B91E, cid=3525, SUCCESS, logIndex=5350, commits[9fa9a271-7bed-4435-b477-86c6ed0ece08:c5350, 06c1a879-4ae3-48dc-9686-b55cde066000:c5346, 67fae1a7-3cbe-4338-9d41-57e84498288b:c5346]
2019-07-10 10:27:47,360 INFO  client.GrpcClientProtocolClient (GrpcClientProtocolClient.java:onNext(255)) - client-821285EC2D67->9fa9a271-7bed-4435-b477-86c6ed0ece08: receive RaftClientReply:client-821285EC2D67->9fa9a271-7bed-4435-b477-86c6ed0ece08@group-0E07FAD1B91E, cid=3526, SUCCESS, logIndex=0, commits[9fa9a271-7bed-4435-b477-86c6ed0ece08:c5351, 06c1a879-4ae3-48dc-9686-b55cde066000:c5350, 67fae1a7-3cbe-4338-9d41-57e84498288b:c5350]
2019-07-10 10:27:47,386 INFO  client.GrpcClientProtocolClient (GrpcClientProtocolClient.java:onNext(255)) - client-821285EC2D67->9fa9a271-7bed-4435-b477-86c6ed0ece08: receive RaftClientReply:client-821285EC2D67->9fa9a271-7bed-4435-b477-86c6ed0ece08@group-0E07FAD1B91E, cid=3527, SUCCESS, logIndex=5353, commits[9fa9a271-7bed-4435-b477-86c6ed0ece08:c5355, 06c1a879-4ae3-48dc-9686-b55cde066000:c5352, 67fae1a7-3cbe-4338-9d41-57e84498288b:c5352]
2019-07-10 10:27:47,387 INFO  client.GrpcClientProtocolClient (GrpcClientProtocolClient.java:onNext(255)) - client-821285EC2D67->9fa9a271-7bed-4435-b477-86c6ed0ece08: receive RaftClientReply:client-821285EC2D67->9fa9a271-7bed-4435-b477-86c6ed0ece08@group-0E07FAD1B91E, cid=3528, SUCCESS, logIndex=5354, commits[9fa9a271-7bed-4435-b477-86c6ed0ece08:c5356, 06c1a879-4ae3-48dc-9686-b55cde066000:c5352, 67fae1a7-3cbe-4338-9d41-57e84498288b:c5352]
2019-07-10 10:27:47,387 INFO  client.GrpcClientProtocolClient (GrpcClientProtocolClient.java:onNext(255)) - client-821285EC2D67->9fa9a271-7bed-4435-b477-86c6ed0ece08: receive RaftClientReply:client-821285EC2D67->9fa9a271-7bed-4435-b477-86c6ed0ece08@group-0E07FAD1B91E, cid=3529, SUCCESS, logIndex=5355, commits[9fa9a271-7bed-4435-b477-86c6ed0ece08:c5356, 06c1a879-4ae3-48dc-9686-b55cde066000:c5352, 67fae1a7-3cbe-4338-9d41-57e84498288b:c5352]
2019-07-10 10:27:47,387 INFO  client.GrpcClientProtocolClient (GrpcClientProtocolClient.java:onNext(255)) - client-821285EC2D67->9fa9a271-7bed-4435-b477-86c6ed0ece08: receive RaftClientReply:client-821285EC2D67->9fa9a271-7bed-4435-b477-86c6ed0ece08@group-0E07FAD1B91E, cid=3530, SUCCESS, logIndex=5356, commits[9fa9a271-7bed-4435-b477-86c6ed0ece08:c5357, 06c1a879-4ae3-48dc-9686-b55cde066000:c5352, 67fae1a7-3cbe-4338-9d41-57e84498288b:c5353]
2019-07-10 10:27:47,391 INFO  client.GrpcClientProtocolClient (GrpcClientProtocolClient.java:onNext(255)) - client-821285EC2D67->9fa9a271-7bed-4435-b477-86c6ed0ece08: receive RaftClientReply:client-821285EC2D67->9fa9a271-7bed-4435-b477-86c6ed0ece08@group-0E07FAD1B91E, cid=3531, SUCCESS, logIndex=0, commits[9fa9a271-7bed-4435-b477-86c6ed0ece08:c5359, 06c1a879-4ae3-48dc-9686-b55cde066000:c5355, 67fae1a7-3cbe-4338-9d41-57e84498288b:c5354]
2019-07-10 10:27:47,396 INFO  segmented.SegmentedRaftLogWorker (SegmentedRaftLogWorker.java:rollLogSegment(385)) - 9fa9a271-7bed-4435-b477-86c6ed0ece08-SegmentedRaftLogWorker:Storage Directory /tmp/workdir/hadoop-ozone/tools/target/test-dir/MiniOzoneClusterImpl-797386fe-3fbc-4aec-904c-1025087fe903/datanode-4/data/ratis/920f9f73-7f92-4c52-87e6-0e07fad1b91e: Rolling segment log-0_5361 to index:5361
2019-07-10 10:27:47,398 INFO  segmented.SegmentedRaftLogWorker (SegmentedRaftLogWorker.java:rollLogSegment(385)) - 67fae1a7-3cbe-4338-9d41-57e84498288b-SegmentedRaftLogWorker:Storage Directory /tmp/workdir/hadoop-ozone/tools/target/test-dir/MiniOzoneClusterImpl-797386fe-3fbc-4aec-904c-1025087fe903/datanode-3/data/ratis/920f9f73-7f92-4c52-87e6-0e07fad1b91e: Rolling segment log-0_5361 to index:5361
2019-07-10 10:27:47,398 INFO  segmented.SegmentedRaftLogWorker (SegmentedRaftLogWorker.java:rollLogSegment(385)) - 06c1a879-4ae3-48dc-9686-b55cde066000-SegmentedRaftLogWorker:Storage Directory /tmp/workdir/hadoop-ozone/tools/target/test-dir/MiniOzoneClusterImpl-797386fe-3fbc-4aec-904c-1025087fe903/datanode-1/data/ratis/920f9f73-7f92-4c52-87e6-0e07fad1b91e: Rolling segment log-0_5361 to index:5361
2019-07-10 10:27:47,408 INFO  segmented.SegmentedRaftLogWorker (SegmentedRaftLogWorker.java:execute(526)) - 06c1a879-4ae3-48dc-9686-b55cde066000-SegmentedRaftLogWorker:Storage Directory /tmp/workdir/hadoop-ozone/tools/target/test-dir/MiniOzoneClusterImpl-797386fe-3fbc-4aec-904c-1025087fe903/datanode-1/data/ratis/920f9f73-7f92-4c52-87e6-0e07fad1b91e: Rolled log segment from /tmp/workdir/hadoop-ozone/tools/target/test-dir/MiniOzoneClusterImpl-797386fe-3fbc-4aec-904c-1025087fe903/datanode-1/data/ratis/920f9f73-7f92-4c52-87e6-0e07fad1b91e/current/log_inprogress_0 to /tmp/workdir/hadoop-ozone/tools/target/test-dir/MiniOzoneClusterImpl-797386fe-3fbc-4aec-904c-1025087fe903/datanode-1/data/ratis/920f9f73-7f92-4c52-87e6-0e07fad1b91e/current/log_0-5361
2019-07-10 10:27:47,408 INFO  segmented.SegmentedRaftLogWorker (SegmentedRaftLogWorker.java:execute(526)) - 9fa9a271-7bed-4435-b477-86c6ed0ece08-SegmentedRaftLogWorker:Storage Directory /tmp/workdir/hadoop-ozone/tools/target/test-dir/MiniOzoneClusterImpl-797386fe-3fbc-4aec-904c-1025087fe903/datanode-4/data/ratis/920f9f73-7f92-4c52-87e6-0e07fad1b91e: Rolled log segment from /tmp/workdir/hadoop-ozone/tools/target/test-dir/MiniOzoneClusterImpl-797386fe-3fbc-4aec-904c-1025087fe903/datanode-4/data/ratis/920f9f73-7f92-4c52-87e6-0e07fad1b91e/current/log_inprogress_0 to /tmp/workdir/hadoop-ozone/tools/target/test-dir/MiniOzoneClusterImpl-797386fe-3fbc-4aec-904c-1025087fe903/datanode-4/data/ratis/920f9f73-7f92-4c52-87e6-0e07fad1b91e/current/log_0-5361
2019-07-10 10:27:47,408 INFO  segmented.SegmentedRaftLogWorker (SegmentedRaftLogWorker.java:execute(526)) - 67fae1a7-3cbe-4338-9d41-57e84498288b-SegmentedRaftLogWorker:Storage Directory /tmp/workdir/hadoop-ozone/tools/target/test-dir/MiniOzoneClusterImpl-797386fe-3fbc-4aec-904c-1025087fe903/datanode-3/data/ratis/920f9f73-7f92-4c52-87e6-0e07fad1b91e: Rolled log segment from /tmp/workdir/hadoop-ozone/tools/target/test-dir/MiniOzoneClusterImpl-797386fe-3fbc-4aec-904c-1025087fe903/datanode-3/data/ratis/920f9f73-7f92-4c52-87e6-0e07fad1b91e/current/log_inprogress_0 to /tmp/workdir/hadoop-ozone/tools/target/test-dir/MiniOzoneClusterImpl-797386fe-3fbc-4aec-904c-1025087fe903/datanode-3/data/ratis/920f9f73-7f92-4c52-87e6-0e07fad1b91e/current/log_0-5361
2019-07-10 10:27:47,416 INFO  client.GrpcClientProtocolClient (GrpcClientProtocolClient.java:onNext(255)) - client-821285EC2D67->9fa9a271-7bed-4435-b477-86c6ed0ece08: receive RaftClientReply:client-821285EC2D67->9fa9a271-7bed-4435-b477-86c6ed0ece08@group-0E07FAD1B91E, cid=3532, SUCCESS, logIndex=5361, commits[9fa9a271-7bed-4435-b477-86c6ed0ece08:c5361, 06c1a879-4ae3-48dc-9686-b55cde066000:c5360, 67fae1a7-3cbe-4338-9d41-57e84498288b:c5360]
2019-07-10 10:27:47,454 INFO  segmented.SegmentedRaftLogWorker (SegmentedRaftLogWorker.java:execute(569)) - 67fae1a7-3cbe-4338-9d41-57e84498288b-SegmentedRaftLogWorker:Storage Directory /tmp/workdir/hadoop-ozone/tools/target/test-dir/MiniOzoneClusterImpl-797386fe-3fbc-4aec-904c-1025087fe903/datanode-3/data/ratis/920f9f73-7f92-4c52-87e6-0e07fad1b91e: created new log segment /tmp/workdir/hadoop-ozone/tools/target/test-dir/MiniOzoneClusterImpl-797386fe-3fbc-4aec-904c-1025087fe903/datanode-3/data/ratis/920f9f73-7f92-4c52-87e6-0e07fad1b91e/current/log_inprogress_5362
2019-07-10 10:27:47,454 INFO  segmented.SegmentedRaftLogWorker (SegmentedRaftLogWorker.java:execute(569)) - 06c1a879-4ae3-48dc-9686-b55cde066000-SegmentedRaftLogWorker:Storage Directory /tmp/workdir/hadoop-ozone/tools/target/test-dir/MiniOzoneClusterImpl-797386fe-3fbc-4aec-904c-1025087fe903/datanode-1/data/ratis/920f9f73-7f92-4c52-87e6-0e07fad1b91e: created new log segment /tmp/workdir/hadoop-ozone/tools/target/test-dir/MiniOzoneClusterImpl-797386fe-3fbc-4aec-904c-1025087fe903/datanode-1/data/ratis/920f9f73-7f92-4c52-87e6-0e07fad1b91e/current/log_inprogress_5362
2019-07-10 10:27:47,454 INFO  segmented.SegmentedRaftLogWorker (SegmentedRaftLogWorker.java:execute(569)) - 9fa9a271-7bed-4435-b477-86c6ed0ece08-SegmentedRaftLogWorker:Storage Directory /tmp/workdir/hadoop-ozone/tools/target/test-dir/MiniOzoneClusterImpl-797386fe-3fbc-4aec-904c-1025087fe903/datanode-4/data/ratis/920f9f73-7f92-4c52-87e6-0e07fad1b91e: created new log segment /tmp/workdir/hadoop-ozone/tools/target/test-dir/MiniOzoneClusterImpl-797386fe-3fbc-4aec-904c-1025087fe903/datanode-4/data/ratis/920f9f73-7f92-4c52-87e6-0e07fad1b91e/current/log_inprogress_5362
2019-07-10 10:27:47,483 INFO  client.GrpcClientProtocolClient (GrpcClientProtocolClient.java:onNext(255)) - client-821285EC2D67->9fa9a271-7bed-4435-b477-86c6ed0ece08: receive RaftClientReply:client-821285EC2D67->9fa9a271-7bed-4435-b477-86c6ed0ece08@group-0E07FAD1B91E, cid=3533, SUCCESS, logIndex=5362, commits[9fa9a271-7bed-4435-b477-86c6ed0ece08:c5363, 06c1a879-4ae3-48dc-9686-b55cde066000:c5360, 67fae1a7-3cbe-4338-9d41-57e84498288b:c5361]
 0.00% |█                                                                                                    |  0/1 Time: 0:00:272019-07-10 10:27:47,500 INFO  client.GrpcClientProtocolClient (GrpcClientProtocolClient.java:onNext(255)) - client-821285EC2D67->9fa9a271-7bed-4435-b477-86c6ed0ece08: receive RaftClientReply:client-821285EC2D67->9fa9a271-7bed-4435-b477-86c6ed0ece08@group-0E07FAD1B91E, cid=3534, SUCCESS, logIndex=5365, commits[9fa9a271-7bed-4435-b477-86c6ed0ece08:c5366, 06c1a879-4ae3-48dc-9686-b55cde066000:c5363, 67fae1a7-3cbe-4338-9d41-57e84498288b:c5363]
2019-07-10 10:27:47,503 INFO  client.GrpcClientProtocolClient (GrpcClientProtocolClient.java:onNext(255)) - client-821285EC2D67->9fa9a271-7bed-4435-b477-86c6ed0ece08: receive RaftClientReply:client-821285EC2D67->9fa9a271-7bed-4435-b477-86c6ed0ece08@group-0E07FAD1B91E, cid=3535, SUCCESS, logIndex=5366, commits[9fa9a271-7bed-4435-b477-86c6ed0ece08:c5366, 06c1a879-4ae3-48dc-9686-b55cde066000:c5363, 67fae1a7-3cbe-4338-9d41-57e84498288b:c5363]
2019-07-10 10:27:47,529 INFO  client.GrpcClientProtocolClient (GrpcClientProtocolClient.java:onNext(255)) - client-821285EC2D67->9fa9a271-7bed-4435-b477-86c6ed0ece08: receive RaftClientReply:client-821285EC2D67->9fa9a271-7bed-4435-b477-86c6ed0ece08@group-0E07FAD1B91E, cid=3536, SUCCESS, logIndex=0, commits[9fa9a271-7bed-4435-b477-86c6ed0ece08:c5367, 06c1a879-4ae3-48dc-9686-b55cde066000:c5366, 67fae1a7-3cbe-4338-9d41-57e84498288b:c5366]
2019-07-10 10:27:47,678 INFO  client.GrpcClientProtocolClient (GrpcClientProtocolClient.java:onNext(255)) - client-821285EC2D67->9fa9a271-7bed-4435-b477-86c6ed0ece08: receive RaftClientReply:client-821285EC2D67->9fa9a271-7bed-4435-b477-86c6ed0ece08@group-0E07FAD1B91E, cid=3537, SUCCESS, logIndex=5369, commits[9fa9a271-7bed-4435-b477-86c6ed0ece08:c5370, 06c1a879-4ae3-48dc-9686-b55cde066000:c5368, 67fae1a7-3cbe-4338-9d41-57e84498288b:c5368]
2019-07-10 10:27:47,679 INFO  client.GrpcClientProtocolClient (GrpcClientProtocolClient.java:onNext(255)) - client-821285EC2D67->9fa9a271-7bed-4435-b477-86c6ed0ece08: receive RaftClientReply:client-821285EC2D67->9fa9a271-7bed-4435-b477-86c6ed0ece08@group-0E07FAD1B91E, cid=3538, SUCCESS, logIndex=5370, commits[9fa9a271-7bed-4435-b477-86c6ed0ece08:c5372, 06c1a879-4ae3-48dc-9686-b55cde066000:c5368, 67fae1a7-3cbe-4338-9d41-57e84498288b:c5368]
2019-07-10 10:27:47,679 INFO  client.GrpcClientProtocolClient (GrpcClientProtocolClient.java:onNext(255)) - client-821285EC2D67->9fa9a271-7bed-4435-b477-86c6ed0ece08: receive RaftClientReply:client-821285EC2D67->9fa9a271-7bed-4435-b477-86c6ed0ece08@group-0E07FAD1B91E, cid=3539, SUCCESS, logIndex=5371, commits[9fa9a271-7bed-4435-b477-86c6ed0ece08:c5372, 06c1a879-4ae3-48dc-9686-b55cde066000:c5368, 67fae1a7-3cbe-4338-9d41-57e84498288b:c5368]
2019-07-10 10:27:47,680 INFO  client.GrpcClientProtocolClient (GrpcClientProtocolClient.java:onNext(255)) - client-821285EC2D67->9fa9a271-7bed-4435-b477-86c6ed0ece08: receive RaftClientReply:client-821285EC2D67->9fa9a271-7bed-4435-b477-86c6ed0ece08@group-0E07FAD1B91E, cid=3540, SUCCESS, logIndex=5372, commits[9fa9a271-7bed-4435-b477-86c6ed0ece08:c5372, 06c1a879-4ae3-48dc-9686-b55cde066000:c5368, 67fae1a7-3cbe-4338-9d41-57e84498288b:c5368]
2019-07-10 10:27:47,690 INFO  client.GrpcClientProtocolClient (GrpcClientProtocolClient.java:onNext(255)) - client-821285EC2D67->9fa9a271-7bed-4435-b477-86c6ed0ece08: receive RaftClientReply:client-821285EC2D67->9fa9a271-7bed-4435-b477-86c6ed0ece08@group-0E07FAD1B91E, cid=3541, SUCCESS, logIndex=0, commits[9fa9a271-7bed-4435-b477-86c6ed0ece08:c5373, 06c1a879-4ae3-48dc-9686-b55cde066000:c5370, 67fae1a7-3cbe-4338-9d41-57e84498288b:c5370]
2019-07-10 10:27:47,705 INFO  client.GrpcClientProtocolClient (GrpcClientProtocolClient.java:onNext(255)) - client-821285EC2D67->9fa9a271-7bed-4435-b477-86c6ed0ece08: receive RaftClientReply:client-821285EC2D67->9fa9a271-7bed-4435-b477-86c6ed0ece08@group-0E07FAD1B91E, cid=3542, SUCCESS, logIndex=5376, commits[9fa9a271-7bed-4435-b477-86c6ed0ece08:c5377, 06c1a879-4ae3-48dc-9686-b55cde066000:c5372, 67fae1a7-3cbe-4338-9d41-57e84498288b:c5375]
2019-07-10 10:27:47,705 INFO  client.GrpcClientProtocolClient (GrpcClientProtocolClient.java:onNext(255)) - client-821285EC2D67->9fa9a271-7bed-4435-b477-86c6ed0ece08: receive RaftClientReply:client-821285EC2D67->9fa9a271-7bed-4435-b477-86c6ed0ece08@group-0E07FAD1B91E, cid=3543, SUCCESS, logIndex=5377, commits[9fa9a271-7bed-4435-b477-86c6ed0ece08:c5377, 06c1a879-4ae3-48dc-9686-b55cde066000:c5375, 67fae1a7-3cbe-4338-9d41-57e84498288b:c5375]
2019-07-10 10:27:47,725 INFO  client.GrpcClientProtocolClient (GrpcClientProtocolClient.java:onNext(255)) - client-821285EC2D67->9fa9a271-7bed-4435-b477-86c6ed0ece08: receive RaftClientReply:client-821285EC2D67->9fa9a271-7bed-4435-b477-86c6ed0ece08@group-0E07FAD1B91E, cid=3544, SUCCESS, logIndex=5380, commits[9fa9a271-7bed-4435-b477-86c6ed0ece08:c5381, 06c1a879-4ae3-48dc-9686-b55cde066000:c5379, 67fae1a7-3cbe-4338-9d41-57e84498288b:c5379]
2019-07-10 10:27:47,726 INFO  client.GrpcClientProtocolClient (GrpcClientProtocolClient.java:onNext(255)) - client-821285EC2D67->9fa9a271-7bed-4435-b477-86c6ed0ece08: receive RaftClientReply:client-821285EC2D67->9fa9a271-7bed-4435-b477-86c6ed0ece08@group-0E07FAD1B91E, cid=3545, SUCCESS, logIndex=5381, commits[9fa9a271-7bed-4435-b477-86c6ed0ece08:c5381, 06c1a879-4ae3-48dc-9686-b55cde066000:c5379, 67fae1a7-3cbe-4338-9d41-57e84498288b:c5379]
2019-07-10 10:27:47,738 INFO  client.GrpcClientProtocolClient (GrpcClientProtocolClient.java:onNext(255)) - client-821285EC2D67->9fa9a271-7bed-4435-b477-86c6ed0ece08: receive RaftClientReply:client-821285EC2D67->9fa9a271-7bed-4435-b477-86c6ed0ece08@group-0E07FAD1B91E, cid=3546, SUCCESS, logIndex=0, commits[9fa9a271-7bed-4435-b477-86c6ed0ece08:c5383, 06c1a879-4ae3-48dc-9686-b55cde066000:c5381, 67fae1a7-3cbe-4338-9d41-57e84498288b:c5381]
2019-07-10 10:27:47,772 INFO  client.GrpcClientProtocolClient (GrpcClientProtocolClient.java:onNext(255)) - client-821285EC2D67->9fa9a271-7bed-4435-b477-86c6ed0ece08: receive RaftClientReply:client-821285EC2D67->9fa9a271-7bed-4435-b477-86c6ed0ece08@group-0E07FAD1B91E, cid=3547, SUCCESS, logIndex=5384, commits[9fa9a271-7bed-4435-b477-86c6ed0ece08:c5385, 06c1a879-4ae3-48dc-9686-b55cde066000:c5383, 67fae1a7-3cbe-4338-9d41-57e84498288b:c5381]
2019-07-10 10:27:47,773 INFO  client.GrpcClientProtocolClient (GrpcClientProtocolClient.java:onNext(255)) - client-821285EC2D67->9fa9a271-7bed-4435-b477-86c6ed0ece08: receive RaftClientReply:client-821285EC2D67->9fa9a271-7bed-4435-b477-86c6ed0ece08@group-0E07FAD1B91E, cid=3548, SUCCESS, logIndex=5385, commits[9fa9a271-7bed-4435-b477-86c6ed0ece08:c5385, 06c1a879-4ae3-48dc-9686-b55cde066000:c5383, 67fae1a7-3cbe-4338-9d41-57e84498288b:c5381]
2019-07-10 10:27:47,775 INFO  client.GrpcClientProtocolClient (GrpcClientProtocolClient.java:onNext(255)) - client-821285EC2D67->9fa9a271-7bed-4435-b477-86c6ed0ece08: receive RaftClientReply:client-821285EC2D67->9fa9a271-7bed-4435-b477-86c6ed0ece08@group-0E07FAD1B91E, cid=3549, SUCCESS, logIndex=5386, commits[9fa9a271-7bed-4435-b477-86c6ed0ece08:c5387, 06c1a879-4ae3-48dc-9686-b55cde066000:c5383, 67fae1a7-3cbe-4338-9d41-57e84498288b:c5383]
2019-07-10 10:27:47,776 INFO  client.GrpcClientProtocolClient (GrpcClientProtocolClient.java:onNext(255)) - client-821285EC2D67->9fa9a271-7bed-4435-b477-86c6ed0ece08: receive RaftClientReply:client-821285EC2D67->9fa9a271-7bed-4435-b477-86c6ed0ece08@group-0E07FAD1B91E, cid=3550, SUCCESS, logIndex=5387, commits[9fa9a271-7bed-4435-b477-86c6ed0ece08:c5387, 06c1a879-4ae3-48dc-9686-b55cde066000:c5383, 67fae1a7-3cbe-4338-9d41-57e84498288b:c5383]
2019-07-10 10:27:47,777 INFO  client.GrpcClientProtocolClient (GrpcClientProtocolClient.java:onNext(255)) - client-821285EC2D67->9fa9a271-7bed-4435-b477-86c6ed0ece08: receive RaftClientReply:client-821285EC2D67->9fa9a271-7bed-4435-b477-86c6ed0ece08@group-0E07FAD1B91E, cid=3551, SUCCESS, logIndex=0, commits[9fa9a271-7bed-4435-b477-86c6ed0ece08:c5389, 06c1a879-4ae3-48dc-9686-b55cde066000:c5385, 67fae1a7-3cbe-4338-9d41-57e84498288b:c5385]
2019-07-10 10:27:47,795 INFO  client.GrpcClientProtocolClient (GrpcClientProtocolClient.java:onNext(255)) - client-821285EC2D67->9fa9a271-7bed-4435-b477-86c6ed0ece08: receive RaftClientReply:client-821285EC2D67->9fa9a271-7bed-4435-b477-86c6ed0ece08@group-0E07FAD1B91E, cid=3552, SUCCESS, logIndex=5392, commits[9fa9a271-7bed-4435-b477-86c6ed0ece08:c5393, 06c1a879-4ae3-48dc-9686-b55cde066000:c5391, 67fae1a7-3cbe-4338-9d41-57e84498288b:c5391]
2019-07-10 10:27:47,796 INFO  client.GrpcClientProtocolClient (GrpcClientProtocolClient.java:onNext(255)) - client-821285EC2D67->9fa9a271-7bed-4435-b477-86c6ed0ece08: receive RaftClientReply:client-821285EC2D67->9fa9a271-7bed-4435-b477-86c6ed0ece08@group-0E07FAD1B91E, cid=3553, SUCCESS, logIndex=5393, commits[9fa9a271-7bed-4435-b477-86c6ed0ece08:c5393, 06c1a879-4ae3-48dc-9686-b55cde066000:c5391, 67fae1a7-3cbe-4338-9d41-57e84498288b:c5391]
2019-07-10 10:27:47,816 INFO  client.GrpcClientProtocolClient (GrpcClientProtocolClient.java:onNext(255)) - client-821285EC2D67->9fa9a271-7bed-4435-b477-86c6ed0ece08: receive RaftClientReply:client-821285EC2D67->9fa9a271-7bed-4435-b477-86c6ed0ece08@group-0E07FAD1B91E, cid=3554, SUCCESS, logIndex=5396, commits[9fa9a271-7bed-4435-b477-86c6ed0ece08:c5397, 06c1a879-4ae3-48dc-9686-b55cde066000:c5393, 67fae1a7-3cbe-4338-9d41-57e84498288b:c5393]
2019-07-10 10:27:47,817 INFO  client.GrpcClientProtocolClient (GrpcClientProtocolClient.java:onNext(255)) - client-821285EC2D67->9fa9a271-7bed-4435-b477-86c6ed0ece08: receive RaftClientReply:client-821285EC2D67->9fa9a271-7bed-4435-b477-86c6ed0ece08@group-0E07FAD1B91E, cid=3555, SUCCESS, logIndex=5397, commits[9fa9a271-7bed-4435-b477-86c6ed0ece08:c5397, 06c1a879-4ae3-48dc-9686-b55cde066000:c5393, 67fae1a7-3cbe-4338-9d41-57e84498288b:c5393]
2019-07-10 10:27:47,826 INFO  client.GrpcClientProtocolClient (GrpcClientProtocolClient.java:onNext(255)) - client-821285EC2D67->9fa9a271-7bed-4435-b477-86c6ed0ece08: receive RaftClientReply:client-821285EC2D67->9fa9a271-7bed-4435-b477-86c6ed0ece08@group-0E07FAD1B91E, cid=3556, SUCCESS, logIndex=0, commits[9fa9a271-7bed-4435-b477-86c6ed0ece08:c5398, 06c1a879-4ae3-48dc-9686-b55cde066000:c5397, 67fae1a7-3cbe-4338-9d41-57e84498288b:c5397]
2019-07-10 10:27:47,855 INFO  client.GrpcClientProtocolClient (GrpcClientProtocolClient.java:onNext(255)) - client-821285EC2D67->9fa9a271-7bed-4435-b477-86c6ed0ece08: receive RaftClientReply:client-821285EC2D67->9fa9a271-7bed-4435-b477-86c6ed0ece08@group-0E07FAD1B91E, cid=3557, SUCCESS, logIndex=5400, commits[9fa9a271-7bed-4435-b477-86c6ed0ece08:c5400, 06c1a879-4ae3-48dc-9686-b55cde066000:c5399, 67fae1a7-3cbe-4338-9d41-57e84498288b:c5399]
2019-07-10 10:27:47,855 INFO  client.GrpcClientProtocolClient (GrpcClientProtocolClient.java:onNext(255)) - client-821285EC2D67->9fa9a271-7bed-4435-b477-86c6ed0ece08: receive RaftClientReply:client-821285EC2D67->9fa9a271-7bed-4435-b477-86c6ed0ece08@group-0E07FAD1B91E, cid=3558, SUCCESS, logIndex=5401, commits[9fa9a271-7bed-4435-b477-86c6ed0ece08:c5403, 06c1a879-4ae3-48dc-9686-b55cde066000:c5399, 67fae1a7-3cbe-4338-9d41-57e84498288b:c5399]
2019-07-10 10:27:47,855 INFO  client.GrpcClientProtocolClient (GrpcClientProtocolClient.java:onNext(255)) - client-821285EC2D67->9fa9a271-7bed-4435-b477-86c6ed0ece08: receive RaftClientReply:client-821285EC2D67->9fa9a271-7bed-4435-b477-86c6ed0ece08@group-0E07FAD1B91E, cid=3559, SUCCESS, logIndex=5402, commits[9fa9a271-7bed-4435-b477-86c6ed0ece08:c5403, 06c1a879-4ae3-48dc-9686-b55cde066000:c5399, 67fae1a7-3cbe-4338-9d41-57e84498288b:c5399]
2019-07-10 10:27:47,856 INFO  client.GrpcClientProtocolClient (GrpcClientProtocolClient.java:onNext(255)) - client-821285EC2D67->9fa9a271-7bed-4435-b477-86c6ed0ece08: receive RaftClientReply:client-821285EC2D67->9fa9a271-7bed-4435-b477-86c6ed0ece08@group-0E07FAD1B91E, cid=3560, SUCCESS, logIndex=5403, commits[9fa9a271-7bed-4435-b477-86c6ed0ece08:c5403, 06c1a879-4ae3-48dc-9686-b55cde066000:c5399, 67fae1a7-3cbe-4338-9d41-57e84498288b:c5399]
2019-07-10 10:27:47,868 INFO  client.GrpcClientProtocolClient (GrpcClientProtocolClient.java:onNext(255)) - client-821285EC2D67->9fa9a271-7bed-4435-b477-86c6ed0ece08: receive RaftClientReply:client-821285EC2D67->9fa9a271-7bed-4435-b477-86c6ed0ece08@group-0E07FAD1B91E, cid=3561, SUCCESS, logIndex=0, commits[9fa9a271-7bed-4435-b477-86c6ed0ece08:c5405, 06c1a879-4ae3-48dc-9686-b55cde066000:c5403, 67fae1a7-3cbe-4338-9d41-57e84498288b:c5403]
2019-07-10 10:27:47,885 INFO  client.GrpcClientProtocolClient (GrpcClientProtocolClient.java:onNext(255)) - client-821285EC2D67->9fa9a271-7bed-4435-b477-86c6ed0ece08: receive RaftClientReply:client-821285EC2D67->9fa9a271-7bed-4435-b477-86c6ed0ece08@group-0E07FAD1B91E, cid=3562, SUCCESS, logIndex=5406, commits[9fa9a271-7bed-4435-b477-86c6ed0ece08:c5407, 06c1a879-4ae3-48dc-9686-b55cde066000:c5405, 67fae1a7-3cbe-4338-9d41-57e84498288b:c5405]
2019-07-10 10:27:47,886 INFO  client.GrpcClientProtocolClient (GrpcClientProtocolClient.java:onNext(255)) - client-821285EC2D67->9fa9a271-7bed-4435-b477-86c6ed0ece08: receive RaftClientReply:client-821285EC2D67->9fa9a271-7bed-4435-b477-86c6ed0ece08@group-0E07FAD1B91E, cid=3563, SUCCESS, logIndex=5407, commits[9fa9a271-7bed-4435-b477-86c6ed0ece08:c5407, 06c1a879-4ae3-48dc-9686-b55cde066000:c5405, 67fae1a7-3cbe-4338-9d41-57e84498288b:c5405]
2019-07-10 10:27:47,897 INFO  client.GrpcClientProtocolClient (GrpcClientProtocolClient.java:onNext(255)) - client-821285EC2D67->9fa9a271-7bed-4435-b477-86c6ed0ece08: receive RaftClientReply:client-821285EC2D67->9fa9a271-7bed-4435-b477-86c6ed0ece08@group-0E07FAD1B91E, cid=3564, SUCCESS, logIndex=5410, commits[9fa9a271-7bed-4435-b477-86c6ed0ece08:c5411, 06c1a879-4ae3-48dc-9686-b55cde066000:c5406, 67fae1a7-3cbe-4338-9d41-57e84498288b:c5407]
2019-07-10 10:27:47,897 INFO  client.GrpcClientProtocolClient (GrpcClientProtocolClient.java:onNext(255)) - client-821285EC2D67->9fa9a271-7bed-4435-b477-86c6ed0ece08: receive RaftClientReply:client-821285EC2D67->9fa9a271-7bed-4435-b477-86c6ed0ece08@group-0E07FAD1B91E, cid=3565, SUCCESS, logIndex=5411, commits[9fa9a271-7bed-4435-b477-86c6ed0ece08:c5411, 06c1a879-4ae3-48dc-9686-b55cde066000:c5407, 67fae1a7-3cbe-4338-9d41-57e84498288b:c5407]
2019-07-10 10:27:47,901 INFO  client.GrpcClientProtocolClient (GrpcClientProtocolClient.java:onNext(255)) - client-821285EC2D67->9fa9a271-7bed-4435-b477-86c6ed0ece08: receive RaftClientReply:client-821285EC2D67->9fa9a271-7bed-4435-b477-86c6ed0ece08@group-0E07FAD1B91E, cid=3566, SUCCESS, logIndex=0, commits[9fa9a271-7bed-4435-b477-86c6ed0ece08:c5412, 06c1a879-4ae3-48dc-9686-b55cde066000:c5411, 67fae1a7-3cbe-4338-9d41-57e84498288b:c5411]
2019-07-10 10:27:47,928 INFO  client.GrpcClientProtocolClient (GrpcClientProtocolClient.java:onNext(255)) - client-821285EC2D67->9fa9a271-7bed-4435-b477-86c6ed0ece08: receive RaftClientReply:client-821285EC2D67->9fa9a271-7bed-4435-b477-86c6ed0ece08@group-0E07FAD1B91E, cid=3567, SUCCESS, logIndex=5414, commits[9fa9a271-7bed-4435-b477-86c6ed0ece08:c5416, 06c1a879-4ae3-48dc-9686-b55cde066000:c5413, 67fae1a7-3cbe-4338-9d41-57e84498288b:c5413]
2019-07-10 10:27:47,929 INFO  client.GrpcClientProtocolClient (GrpcClientProtocolClient.java:onNext(255)) - client-821285EC2D67->9fa9a271-7bed-4435-b477-86c6ed0ece08: receive RaftClientReply:client-821285EC2D67->9fa9a271-7bed-4435-b477-86c6ed0ece08@group-0E07FAD1B91E, cid=3568, SUCCESS, logIndex=5415, commits[9fa9a271-7bed-4435-b477-86c6ed0ece08:c5417, 06c1a879-4ae3-48dc-9686-b55cde066000:c5413, 67fae1a7-3cbe-4338-9d41-57e84498288b:c5413]
2019-07-10 10:27:47,929 INFO  client.GrpcClientProtocolClient (GrpcClientProtocolClient.java:onNext(255)) - client-821285EC2D67->9fa9a271-7bed-4435-b477-86c6ed0ece08: receive RaftClientReply:client-821285EC2D67->9fa9a271-7bed-4435-b477-86c6ed0ece08@group-0E07FAD1B91E, cid=3569, SUCCESS, logIndex=5416, commits[9fa9a271-7bed-4435-b477-86c6ed0ece08:c5417, 06c1a879-4ae3-48dc-9686-b55cde066000:c5413, 67fae1a7-3cbe-4338-9d41-57e84498288b:c5413]
2019-07-10 10:27:47,929 INFO  client.GrpcClientProtocolClient (GrpcClientProtocolClient.java:onNext(255)) - client-821285EC2D67->9fa9a271-7bed-4435-b477-86c6ed0ece08: receive RaftClientReply:client-821285EC2D67->9fa9a271-7bed-4435-b477-86c6ed0ece08@group-0E07FAD1B91E, cid=3570, SUCCESS, logIndex=5417, commits[9fa9a271-7bed-4435-b477-86c6ed0ece08:c5417, 06c1a879-4ae3-48dc-9686-b55cde066000:c5413, 67fae1a7-3cbe-4338-9d41-57e84498288b:c5413]
2019-07-10 10:27:47,930 INFO  client.GrpcClientProtocolClient (GrpcClientProtocolClient.java:onNext(255)) - client-821285EC2D67->9fa9a271-7bed-4435-b477-86c6ed0ece08: receive RaftClientReply:client-821285EC2D67->9fa9a271-7bed-4435-b477-86c6ed0ece08@group-0E07FAD1B91E, cid=3571, SUCCESS, logIndex=0, commits[9fa9a271-7bed-4435-b477-86c6ed0ece08:c5419, 06c1a879-4ae3-48dc-9686-b55cde066000:c5415, 67fae1a7-3cbe-4338-9d41-57e84498288b:c5415]
2019-07-10 10:27:47,948 INFO  client.GrpcClientProtocolClient (GrpcClientProtocolClient.java:onNext(255)) - client-821285EC2D67->9fa9a271-7bed-4435-b477-86c6ed0ece08: receive RaftClientReply:client-821285EC2D67->9fa9a271-7bed-4435-b477-86c6ed0ece08@group-0E07FAD1B91E, cid=3572, SUCCESS, logIndex=5422, commits[9fa9a271-7bed-4435-b477-86c6ed0ece08:c5423, 06c1a879-4ae3-48dc-9686-b55cde066000:c5421, 67fae1a7-3cbe-4338-9d41-57e84498288b:c5421]
2019-07-10 10:27:47,948 INFO  client.GrpcClientProtocolClient (GrpcClientProtocolClient.java:onNext(255)) - client-821285EC2D67->9fa9a271-7bed-4435-b477-86c6ed0ece08: receive RaftClientReply:client-821285EC2D67->9fa9a271-7bed-4435-b477-86c6ed0ece08@group-0E07FAD1B91E, cid=3573, SUCCESS, logIndex=5423, commits[9fa9a271-7bed-4435-b477-86c6ed0ece08:c5423, 06c1a879-4ae3-48dc-9686-b55cde066000:c5421, 67fae1a7-3cbe-4338-9d41-57e84498288b:c5421]
2019-07-10 10:27:47,965 INFO  client.GrpcClientProtocolClient (GrpcClientProtocolClient.java:onNext(255)) - client-821285EC2D67->9fa9a271-7bed-4435-b477-86c6ed0ece08: receive RaftClientReply:client-821285EC2D67->9fa9a271-7bed-4435-b477-86c6ed0ece08@group-0E07FAD1B91E, cid=3574, SUCCESS, logIndex=5426, commits[9fa9a271-7bed-4435-b477-86c6ed0ece08:c5427, 06c1a879-4ae3-48dc-9686-b55cde066000:c5424, 67fae1a7-3cbe-4338-9d41-57e84498288b:c5424]
2019-07-10 10:27:47,965 INFO  client.GrpcClientProtocolClient (GrpcClientProtocolClient.java:onNext(255)) - client-821285EC2D67->9fa9a271-7bed-4435-b477-86c6ed0ece08: receive RaftClientReply:client-821285EC2D67->9fa9a271-7bed-4435-b477-86c6ed0ece08@group-0E07FAD1B91E, cid=3575, SUCCESS, logIndex=5427, commits[9fa9a271-7bed-4435-b477-86c6ed0ece08:c5427, 06c1a879-4ae3-48dc-9686-b55cde066000:c5424, 67fae1a7-3cbe-4338-9d41-57e84498288b:c5424]
2019-07-10 10:27:47,968 INFO  client.GrpcClientProtocolClient (GrpcClientProtocolClient.java:onNext(255)) - client-821285EC2D67->9fa9a271-7bed-4435-b477-86c6ed0ece08: receive RaftClientReply:client-821285EC2D67->9fa9a271-7bed-4435-b477-86c6ed0ece08@group-0E07FAD1B91E, cid=3576, SUCCESS, logIndex=0, commits[9fa9a271-7bed-4435-b477-86c6ed0ece08:c5429, 06c1a879-4ae3-48dc-9686-b55cde066000:c5427, 67fae1a7-3cbe-4338-9d41-57e84498288b:c5427]
2019-07-10 10:27:47,999 INFO  client.GrpcClientProtocolClient (GrpcClientProtocolClient.java:onNext(255)) - client-821285EC2D67->9fa9a271-7bed-4435-b477-86c6ed0ece08: receive RaftClientReply:client-821285EC2D67->9fa9a271-7bed-4435-b477-86c6ed0ece08@group-0E07FAD1B91E, cid=3577, SUCCESS, logIndex=5430, commits[9fa9a271-7bed-4435-b477-86c6ed0ece08:c5431, 06c1a879-4ae3-48dc-9686-b55cde066000:c5429, 67fae1a7-3cbe-4338-9d41-57e84498288b:c5429]
2019-07-10 10:27:47,999 INFO  client.GrpcClientProtocolClient (GrpcClientProtocolClient.java:onNext(255)) - client-821285EC2D67->9fa9a271-7bed-4435-b477-86c6ed0ece08: receive RaftClientReply:client-821285EC2D67->9fa9a271-7bed-4435-b477-86c6ed0ece08@group-0E07FAD1B91E, cid=3578, SUCCESS, logIndex=5431, commits[9fa9a271-7bed-4435-b477-86c6ed0ece08:c5433, 06c1a879-4ae3-48dc-9686-b55cde066000:c5429, 67fae1a7-3cbe-4338-9d41-57e84498288b:c5429]
2019-07-10 10:27:47,999 INFO  client.GrpcClientProtocolClient (GrpcClientProtocolClient.java:onNext(255)) - client-821285EC2D67->9fa9a271-7bed-4435-b477-86c6ed0ece08: receive RaftClientReply:client-821285EC2D67->9fa9a271-7bed-4435-b477-86c6ed0ece08@group-0E07FAD1B91E, cid=3579, SUCCESS, logIndex=5432, commits[9fa9a271-7bed-4435-b477-86c6ed0ece08:c5433, 06c1a879-4ae3-48dc-9686-b55cde066000:c5429, 67fae1a7-3cbe-4338-9d41-57e84498288b:c5429]
2019-07-10 10:27:48,000 INFO  client.GrpcClientProtocolClient (GrpcClientProtocolClient.java:onNext(255)) - client-821285EC2D67->9fa9a271-7bed-4435-b477-86c6ed0ece08: receive RaftClientReply:client-821285EC2D67->9fa9a271-7bed-4435-b477-86c6ed0ece08@group-0E07FAD1B91E, cid=3580, SUCCESS, logIndex=5433, commits[9fa9a271-7bed-4435-b477-86c6ed0ece08:c5433, 06c1a879-4ae3-48dc-9686-b55cde066000:c5429, 67fae1a7-3cbe-4338-9d41-57e84498288b:c5429]
2019-07-10 10:27:48,011 INFO  client.GrpcClientProtocolClient (GrpcClientProtocolClient.java:onNext(255)) - client-821285EC2D67->9fa9a271-7bed-4435-b477-86c6ed0ece08: receive RaftClientReply:client-821285EC2D67->9fa9a271-7bed-4435-b477-86c6ed0ece08@group-0E07FAD1B91E, cid=3581, SUCCESS, logIndex=0, commits[9fa9a271-7bed-4435-b477-86c6ed0ece08:c5435, 06c1a879-4ae3-48dc-9686-b55cde066000:c5431, 67fae1a7-3cbe-4338-9d41-57e84498288b:c5431]
2019-07-10 10:27:48,029 INFO  client.GrpcClientProtocolClient (GrpcClientProtocolClient.java:onNext(255)) - client-821285EC2D67->9fa9a271-7bed-4435-b477-86c6ed0ece08: receive RaftClientReply:client-821285EC2D67->9fa9a271-7bed-4435-b477-86c6ed0ece08@group-0E07FAD1B91E, cid=3582, SUCCESS, logIndex=5437, commits[9fa9a271-7bed-4435-b477-86c6ed0ece08:c5438, 06c1a879-4ae3-48dc-9686-b55cde066000:c5436, 67fae1a7-3cbe-4338-9d41-57e84498288b:c5436]
2019-07-10 10:27:48,030 INFO  client.GrpcClientProtocolClient (GrpcClientProtocolClient.java:onNext(255)) - client-821285EC2D67->9fa9a271-7bed-4435-b477-86c6ed0ece08: receive RaftClientReply:client-821285EC2D67->9fa9a271-7bed-4435-b477-86c6ed0ece08@group-0E07FAD1B91E, cid=3583, SUCCESS, logIndex=5438, commits[9fa9a271-7bed-4435-b477-86c6ed0ece08:c5438, 06c1a879-4ae3-48dc-9686-b55cde066000:c5436, 67fae1a7-3cbe-4338-9d41-57e84498288b:c5436]
2019-07-10 10:27:48,056 INFO  client.GrpcClientProtocolClient (GrpcClientProtocolClient.java:onNext(255)) - client-821285EC2D67->9fa9a271-7bed-4435-b477-86c6ed0ece08: receive RaftClientReply:client-821285EC2D67->9fa9a271-7bed-4435-b477-86c6ed0ece08@group-0E07FAD1B91E, cid=3584, SUCCESS, logIndex=5441, commits[9fa9a271-7bed-4435-b477-86c6ed0ece08:c5442, 06c1a879-4ae3-48dc-9686-b55cde066000:c5438, 67fae1a7-3cbe-4338-9d41-57e84498288b:c5438]
2019-07-10 10:27:48,056 INFO  client.GrpcClientProtocolClient (GrpcClientProtocolClient.java:onNext(255)) - client-821285EC2D67->9fa9a271-7bed-4435-b477-86c6ed0ece08: receive RaftClientReply:client-821285EC2D67->9fa9a271-7bed-4435-b477-86c6ed0ece08@group-0E07FAD1B91E, cid=3585, SUCCESS, logIndex=5442, commits[9fa9a271-7bed-4435-b477-86c6ed0ece08:c5442, 06c1a879-4ae3-48dc-9686-b55cde066000:c5438, 67fae1a7-3cbe-4338-9d41-57e84498288b:c5438]
2019-07-10 10:27:48,069 INFO  client.GrpcClientProtocolClient (GrpcClientProtocolClient.java:onNext(255)) - client-821285EC2D67->9fa9a271-7bed-4435-b477-86c6ed0ece08: receive RaftClientReply:client-821285EC2D67->9fa9a271-7bed-4435-b477-86c6ed0ece08@group-0E07FAD1B91E, cid=3586, SUCCESS, logIndex=0, commits[9fa9a271-7bed-4435-b477-86c6ed0ece08:c5443, 06c1a879-4ae3-48dc-9686-b55cde066000:c5442, 67fae1a7-3cbe-4338-9d41-57e84498288b:c5442]
2019-07-10 10:27:48,097 INFO  client.GrpcClientProtocolClient (GrpcClientProtocolClient.java:onNext(255)) - client-821285EC2D67->9fa9a271-7bed-4435-b477-86c6ed0ece08: receive RaftClientReply:client-821285EC2D67->9fa9a271-7bed-4435-b477-86c6ed0ece08@group-0E07FAD1B91E, cid=3587, SUCCESS, logIndex=5445, commits[9fa9a271-7bed-4435-b477-86c6ed0ece08:c5447, 06c1a879-4ae3-48dc-9686-b55cde066000:c5444, 67fae1a7-3cbe-4338-9d41-57e84498288b:c5444]
2019-07-10 10:27:48,098 INFO  client.GrpcClientProtocolClient (GrpcClientProtocolClient.java:onNext(255)) - client-821285EC2D67->9fa9a271-7bed-4435-b477-86c6ed0ece08: receive RaftClientReply:client-821285EC2D67->9fa9a271-7bed-4435-b477-86c6ed0ece08@group-0E07FAD1B91E, cid=3588, SUCCESS, logIndex=5446, commits[9fa9a271-7bed-4435-b477-86c6ed0ece08:c5448, 06c1a879-4ae3-48dc-9686-b55cde066000:c5444, 67fae1a7-3cbe-4338-9d41-57e84498288b:c5444]
2019-07-10 10:27:48,098 INFO  client.GrpcClientProtocolClient (GrpcClientProtocolClient.java:onNext(255)) - client-821285EC2D67->9fa9a271-7bed-4435-b477-86c6ed0ece08: receive RaftClientReply:client-821285EC2D67->9fa9a271-7bed-4435-b477-86c6ed0ece08@group-0E07FAD1B91E, cid=3589, SUCCESS, logIndex=5447, commits[9fa9a271-7bed-4435-b477-86c6ed0ece08:c5448, 06c1a879-4ae3-48dc-9686-b55cde066000:c5444, 67fae1a7-3cbe-4338-9d41-57e84498288b:c5444]
2019-07-10 10:27:48,098 INFO  client.GrpcClientProtocolClient (GrpcClientProtocolClient.java:onNext(255)) - client-821285EC2D67->9fa9a271-7bed-4435-b477-86c6ed0ece08: receive RaftClientReply:client-821285EC2D67->9fa9a271-7bed-4435-b477-86c6ed0ece08@group-0E07FAD1B91E, cid=3590, SUCCESS, logIndex=5448, commits[9fa9a271-7bed-4435-b477-86c6ed0ece08:c5448, 06c1a879-4ae3-48dc-9686-b55cde066000:c5444, 67fae1a7-3cbe-4338-9d41-57e84498288b:c5444]
2019-07-10 10:27:48,101 INFO  client.GrpcClientProtocolClient (GrpcClientProtocolClient.java:onNext(255)) - client-821285EC2D67->9fa9a271-7bed-4435-b477-86c6ed0ece08: receive RaftClientReply:client-821285EC2D67->9fa9a271-7bed-4435-b477-86c6ed0ece08@group-0E07FAD1B91E, cid=3591, SUCCESS, logIndex=0, commits[9fa9a271-7bed-4435-b477-86c6ed0ece08:c5451, 06c1a879-4ae3-48dc-9686-b55cde066000:c5446, 67fae1a7-3cbe-4338-9d41-57e84498288b:c5447]
2019-07-10 10:27:48,119 INFO  client.GrpcClientProtocolClient (GrpcClientProtocolClient.java:onNext(255)) - client-821285EC2D67->9fa9a271-7bed-4435-b477-86c6ed0ece08: receive RaftClientReply:client-821285EC2D67->9fa9a271-7bed-4435-b477-86c6ed0ece08@group-0E07FAD1B91E, cid=3592, SUCCESS, logIndex=5453, commits[9fa9a271-7bed-4435-b477-86c6ed0ece08:c5454, 06c1a879-4ae3-48dc-9686-b55cde066000:c5452, 67fae1a7-3cbe-4338-9d41-57e84498288b:c5452]
2019-07-10 10:27:48,120 INFO  client.GrpcClientProtocolClient (GrpcClientProtocolClient.java:onNext(255)) - client-821285EC2D67->9fa9a271-7bed-4435-b477-86c6ed0ece08: receive RaftClientReply:client-821285EC2D67->9fa9a271-7bed-4435-b477-86c6ed0ece08@group-0E07FAD1B91E, cid=3593, SUCCESS, logIndex=5454, commits[9fa9a271-7bed-4435-b477-86c6ed0ece08:c5454, 06c1a879-4ae3-48dc-9686-b55cde066000:c5452, 67fae1a7-3cbe-4338-9d41-57e84498288b:c5452]
2019-07-10 10:27:48,137 INFO  client.GrpcClientProtocolClient (GrpcClientProtocolClient.java:onNext(255)) - client-821285EC2D67->9fa9a271-7bed-4435-b477-86c6ed0ece08: receive RaftClientReply:client-821285EC2D67->9fa9a271-7bed-4435-b477-86c6ed0ece08@group-0E07FAD1B91E, cid=3594, SUCCESS, logIndex=5457, commits[9fa9a271-7bed-4435-b477-86c6ed0ece08:c5458, 06c1a879-4ae3-48dc-9686-b55cde066000:c5456, 67fae1a7-3cbe-4338-9d41-57e84498288b:c5456]
2019-07-10 10:27:48,137 INFO  client.GrpcClientProtocolClient (GrpcClientProtocolClient.java:onNext(255)) - client-821285EC2D67->9fa9a271-7bed-4435-b477-86c6ed0ece08: receive RaftClientReply:client-821285EC2D67->9fa9a271-7bed-4435-b477-86c6ed0ece08@group-0E07FAD1B91E, cid=3595, SUCCESS, logIndex=5458, commits[9fa9a271-7bed-4435-b477-86c6ed0ece08:c5458, 06c1a879-4ae3-48dc-9686-b55cde066000:c5456, 67fae1a7-3cbe-4338-9d41-57e84498288b:c5456]
2019-07-10 10:27:48,148 INFO  client.GrpcClientProtocolClient (GrpcClientProtocolClient.java:onNext(255)) - client-821285EC2D67->9fa9a271-7bed-4435-b477-86c6ed0ece08: receive RaftClientReply:client-821285EC2D67->9fa9a271-7bed-4435-b477-86c6ed0ece08@group-0E07FAD1B91E, cid=3596, SUCCESS, logIndex=0, commits[9fa9a271-7bed-4435-b477-86c6ed0ece08:c5459, 06c1a879-4ae3-48dc-9686-b55cde066000:c5458, 67fae1a7-3cbe-4338-9d41-57e84498288b:c5458]
2019-07-10 10:27:48,174 INFO  client.GrpcClientProtocolClient (GrpcClientProtocolClient.java:onNext(255)) - client-821285EC2D67->9fa9a271-7bed-4435-b477-86c6ed0ece08: receive RaftClientReply:client-821285EC2D67->9fa9a271-7bed-4435-b477-86c6ed0ece08@group-0E07FAD1B91E, cid=3597, SUCCESS, logIndex=5461, commits[9fa9a271-7bed-4435-b477-86c6ed0ece08:c5462, 06c1a879-4ae3-48dc-9686-b55cde066000:c5460, 67fae1a7-3cbe-4338-9d41-57e84498288b:c5460]
2019-07-10 10:27:48,175 INFO  client.GrpcClientProtocolClient (GrpcClientProtocolClient.java:onNext(255)) - client-821285EC2D67->9fa9a271-7bed-4435-b477-86c6ed0ece08: receive RaftClientReply:client-821285EC2D67->9fa9a271-7bed-4435-b477-86c6ed0ece08@group-0E07FAD1B91E, cid=3598, SUCCESS, logIndex=5462, commits[9fa9a271-7bed-4435-b477-86c6ed0ece08:c5462, 06c1a879-4ae3-48dc-9686-b55cde066000:c5460, 67fae1a7-3cbe-4338-9d41-57e84498288b:c5460]
2019-07-10 10:27:48,176 INFO  client.GrpcClientProtocolClient (GrpcClientProtocolClient.java:onNext(255)) - client-821285EC2D67->9fa9a271-7bed-4435-b477-86c6ed0ece08: receive RaftClientReply:client-821285EC2D67->9fa9a271-7bed-4435-b477-86c6ed0ece08@group-0E07FAD1B91E, cid=3599, SUCCESS, logIndex=5463, commits[9fa9a271-7bed-4435-b477-86c6ed0ece08:c5464, 06c1a879-4ae3-48dc-9686-b55cde066000:c5460, 67fae1a7-3cbe-4338-9d41-57e84498288b:c5460]
2019-07-10 10:27:48,176 INFO  client.GrpcClientProtocolClient (GrpcClientProtocolClient.java:onNext(255)) - client-821285EC2D67->9fa9a271-7bed-4435-b477-86c6ed0ece08: receive RaftClientReply:client-821285EC2D67->9fa9a271-7bed-4435-b477-86c6ed0ece08@group-0E07FAD1B91E, cid=3600, SUCCESS, logIndex=5464, commits[9fa9a271-7bed-4435-b477-86c6ed0ece08:c5464, 06c1a879-4ae3-48dc-9686-b55cde066000:c5460, 67fae1a7-3cbe-4338-9d41-57e84498288b:c5460]
2019-07-10 10:27:48,179 INFO  client.GrpcClientProtocolClient (GrpcClientProtocolClient.java:onNext(255)) - client-821285EC2D67->9fa9a271-7bed-4435-b477-86c6ed0ece08: receive RaftClientReply:client-821285EC2D67->9fa9a271-7bed-4435-b477-86c6ed0ece08@group-0E07FAD1B91E, cid=3601, SUCCESS, logIndex=0, commits[9fa9a271-7bed-4435-b477-86c6ed0ece08:c5466, 06c1a879-4ae3-48dc-9686-b55cde066000:c5462, 67fae1a7-3cbe-4338-9d41-57e84498288b:c5462]
2019-07-10 10:27:48,199 INFO  client.GrpcClientProtocolClient (GrpcClientProtocolClient.java:onNext(255)) - client-821285EC2D67->9fa9a271-7bed-4435-b477-86c6ed0ece08: receive RaftClientReply:client-821285EC2D67->9fa9a271-7bed-4435-b477-86c6ed0ece08@group-0E07FAD1B91E, cid=3602, SUCCESS, logIndex=5469, commits[9fa9a271-7bed-4435-b477-86c6ed0ece08:c5470, 06c1a879-4ae3-48dc-9686-b55cde066000:c5468, 67fae1a7-3cbe-4338-9d41-57e84498288b:c5464]
2019-07-10 10:27:48,199 INFO  client.GrpcClientProtocolClient (GrpcClientProtocolClient.java:onNext(255)) - client-821285EC2D67->9fa9a271-7bed-4435-b477-86c6ed0ece08: receive RaftClientReply:client-821285EC2D67->9fa9a271-7bed-4435-b477-86c6ed0ece08@group-0E07FAD1B91E, cid=3603, SUCCESS, logIndex=5470, commits[9fa9a271-7bed-4435-b477-86c6ed0ece08:c5470, 06c1a879-4ae3-48dc-9686-b55cde066000:c5468, 67fae1a7-3cbe-4338-9d41-57e84498288b:c5468]
2019-07-10 10:27:48,213 INFO  client.GrpcClientProtocolClient (GrpcClientProtocolClient.java:onNext(255)) - client-821285EC2D67->9fa9a271-7bed-4435-b477-86c6ed0ece08: receive RaftClientReply:client-821285EC2D67->9fa9a271-7bed-4435-b477-86c6ed0ece08@group-0E07FAD1B91E, cid=3604, SUCCESS, logIndex=5473, commits[9fa9a271-7bed-4435-b477-86c6ed0ece08:c5474, 06c1a879-4ae3-48dc-9686-b55cde066000:c5470, 67fae1a7-3cbe-4338-9d41-57e84498288b:c5470]
2019-07-10 10:27:48,213 INFO  client.GrpcClientProtocolClient (GrpcClientProtocolClient.java:onNext(255)) - client-821285EC2D67->9fa9a271-7bed-4435-b477-86c6ed0ece08: receive RaftClientReply:client-821285EC2D67->9fa9a271-7bed-4435-b477-86c6ed0ece08@group-0E07FAD1B91E, cid=3605, SUCCESS, logIndex=5474, commits[9fa9a271-7bed-4435-b477-86c6ed0ece08:c5474, 06c1a879-4ae3-48dc-9686-b55cde066000:c5470, 67fae1a7-3cbe-4338-9d41-57e84498288b:c5470]
2019-07-10 10:27:48,217 INFO  client.GrpcClientProtocolClient (GrpcClientProtocolClient.java:onNext(255)) - client-821285EC2D67->9fa9a271-7bed-4435-b477-86c6ed0ece08: receive RaftClientReply:client-821285EC2D67->9fa9a271-7bed-4435-b477-86c6ed0ece08@group-0E07FAD1B91E, cid=3606, SUCCESS, logIndex=0, commits[9fa9a271-7bed-4435-b477-86c6ed0ece08:c5475, 06c1a879-4ae3-48dc-9686-b55cde066000:c5474, 67fae1a7-3cbe-4338-9d41-57e84498288b:c5474]
2019-07-10 10:27:48,242 INFO  client.GrpcClientProtocolClient (GrpcClientProtocolClient.java:onNext(255)) - client-821285EC2D67->9fa9a271-7bed-4435-b477-86c6ed0ece08: receive RaftClientReply:client-821285EC2D67->9fa9a271-7bed-4435-b477-86c6ed0ece08@group-0E07FAD1B91E, cid=3607, SUCCESS, logIndex=5477, commits[9fa9a271-7bed-4435-b477-86c6ed0ece08:c5478, 06c1a879-4ae3-48dc-9686-b55cde066000:c5476, 67fae1a7-3cbe-4338-9d41-57e84498288b:c5476]
2019-07-10 10:27:48,242 INFO  client.GrpcClientProtocolClient (GrpcClientProtocolClient.java:onNext(255)) - client-821285EC2D67->9fa9a271-7bed-4435-b477-86c6ed0ece08: receive RaftClientReply:client-821285EC2D67->9fa9a271-7bed-4435-b477-86c6ed0ece08@group-0E07FAD1B91E, cid=3608, SUCCESS, logIndex=5478, commits[9fa9a271-7bed-4435-b477-86c6ed0ece08:c5478, 06c1a879-4ae3-48dc-9686-b55cde066000:c5476, 67fae1a7-3cbe-4338-9d41-57e84498288b:c5476]
2019-07-10 10:27:48,245 INFO  client.GrpcClientProtocolClient (GrpcClientProtocolClient.java:onNext(255)) - client-821285EC2D67->9fa9a271-7bed-4435-b477-86c6ed0ece08: receive RaftClientReply:client-821285EC2D67->9fa9a271-7bed-4435-b477-86c6ed0ece08@group-0E07FAD1B91E, cid=3609, SUCCESS, logIndex=5479, commits[9fa9a271-7bed-4435-b477-86c6ed0ece08:c5481, 06c1a879-4ae3-48dc-9686-b55cde066000:c5476, 67fae1a7-3cbe-4338-9d41-57e84498288b:c5478]
2019-07-10 10:27:48,245 INFO  client.GrpcClientProtocolClient (GrpcClientProtocolClient.java:onNext(255)) - client-821285EC2D67->9fa9a271-7bed-4435-b477-86c6ed0ece08: receive RaftClientReply:client-821285EC2D67->9fa9a271-7bed-4435-b477-86c6ed0ece08@group-0E07FAD1B91E, cid=3610, SUCCESS, logIndex=5480, commits[9fa9a271-7bed-4435-b477-86c6ed0ece08:c5482, 06c1a879-4ae3-48dc-9686-b55cde066000:c5476, 67fae1a7-3cbe-4338-9d41-57e84498288b:c5478]
2019-07-10 10:27:48,246 INFO  client.GrpcClientProtocolClient (GrpcClientProtocolClient.java:onNext(255)) - client-821285EC2D67->9fa9a271-7bed-4435-b477-86c6ed0ece08: receive RaftClientReply:client-821285EC2D67->9fa9a271-7bed-4435-b477-86c6ed0ece08@group-0E07FAD1B91E, cid=3611, SUCCESS, logIndex=0, commits[9fa9a271-7bed-4435-b477-86c6ed0ece08:c5483, 06c1a879-4ae3-48dc-9686-b55cde066000:c5478, 67fae1a7-3cbe-4338-9d41-57e84498288b:c5479]
2019-07-10 10:27:48,265 INFO  client.GrpcClientProtocolClient (GrpcClientProtocolClient.java:onNext(255)) - client-821285EC2D67->9fa9a271-7bed-4435-b477-86c6ed0ece08: receive RaftClientReply:client-821285EC2D67->9fa9a271-7bed-4435-b477-86c6ed0ece08@group-0E07FAD1B91E, cid=3612, SUCCESS, logIndex=5485, commits[9fa9a271-7bed-4435-b477-86c6ed0ece08:c5486, 06c1a879-4ae3-48dc-9686-b55cde066000:c5484, 67fae1a7-3cbe-4338-9d41-57e84498288b:c5484]
2019-07-10 10:27:48,265 INFO  client.GrpcClientProtocolClient (GrpcClientProtocolClient.java:onNext(255)) - client-821285EC2D67->9fa9a271-7bed-4435-b477-86c6ed0ece08: receive RaftClientReply:client-821285EC2D67->9fa9a271-7bed-4435-b477-86c6ed0ece08@group-0E07FAD1B91E, cid=3613, SUCCESS, logIndex=5486, commits[9fa9a271-7bed-4435-b477-86c6ed0ece08:c5486, 06c1a879-4ae3-48dc-9686-b55cde066000:c5484, 67fae1a7-3cbe-4338-9d41-57e84498288b:c5484]
2019-07-10 10:27:48,276 INFO  client.GrpcClientProtocolClient (GrpcClientProtocolClient.java:onNext(255)) - client-821285EC2D67->9fa9a271-7bed-4435-b477-86c6ed0ece08: receive RaftClientReply:client-821285EC2D67->9fa9a271-7bed-4435-b477-86c6ed0ece08@group-0E07FAD1B91E, cid=3614, SUCCESS, logIndex=5489, commits[9fa9a271-7bed-4435-b477-86c6ed0ece08:c5490, 06c1a879-4ae3-48dc-9686-b55cde066000:c5486, 67fae1a7-3cbe-4338-9d41-57e84498288b:c5485]
2019-07-10 10:27:48,277 INFO  client.GrpcClientProtocolClient (GrpcClientProtocolClient.java:onNext(255)) - client-821285EC2D67->9fa9a271-7bed-4435-b477-86c6ed0ece08: receive RaftClientReply:client-821285EC2D67->9fa9a271-7bed-4435-b477-86c6ed0ece08@group-0E07FAD1B91E, cid=3615, SUCCESS, logIndex=5490, commits[9fa9a271-7bed-4435-b477-86c6ed0ece08:c5490, 06c1a879-4ae3-48dc-9686-b55cde066000:c5486, 67fae1a7-3cbe-4338-9d41-57e84498288b:c5486]
2019-07-10 10:27:48,279 INFO  client.GrpcClientProtocolClient (GrpcClientProtocolClient.java:onNext(255)) - client-821285EC2D67->9fa9a271-7bed-4435-b477-86c6ed0ece08: receive RaftClientReply:client-821285EC2D67->9fa9a271-7bed-4435-b477-86c6ed0ece08@group-0E07FAD1B91E, cid=3616, SUCCESS, logIndex=0, commits[9fa9a271-7bed-4435-b477-86c6ed0ece08:c5491, 06c1a879-4ae3-48dc-9686-b55cde066000:c5490, 67fae1a7-3cbe-4338-9d41-57e84498288b:c5490]
2019-07-10 10:27:48,311 INFO  client.GrpcClientProtocolClient (GrpcClientProtocolClient.java:onNext(255)) - client-821285EC2D67->9fa9a271-7bed-4435-b477-86c6ed0ece08: receive RaftClientReply:client-821285EC2D67->9fa9a271-7bed-4435-b477-86c6ed0ece08@group-0E07FAD1B91E, cid=3617, SUCCESS, logIndex=5493, commits[9fa9a271-7bed-4435-b477-86c6ed0ece08:c5494, 06c1a879-4ae3-48dc-9686-b55cde066000:c5492, 67fae1a7-3cbe-4338-9d41-57e84498288b:c5492]
2019-07-10 10:27:48,312 INFO  client.GrpcClientProtocolClient (GrpcClientProtocolClient.java:onNext(255)) - client-821285EC2D67->9fa9a271-7bed-4435-b477-86c6ed0ece08: receive RaftClientReply:client-821285EC2D67->9fa9a271-7bed-4435-b477-86c6ed0ece08@group-0E07FAD1B91E, cid=3618, SUCCESS, logIndex=5494, commits[9fa9a271-7bed-4435-b477-86c6ed0ece08:c5494, 06c1a879-4ae3-48dc-9686-b55cde066000:c5492, 67fae1a7-3cbe-4338-9d41-57e84498288b:c5492]
2019-07-10 10:27:48,312 INFO  client.GrpcClientProtocolClient (GrpcClientProtocolClient.java:onNext(255)) - client-821285EC2D67->9fa9a271-7bed-4435-b477-86c6ed0ece08: receive RaftClientReply:client-821285EC2D67->9fa9a271-7bed-4435-b477-86c6ed0ece08@group-0E07FAD1B91E, cid=3619, SUCCESS, logIndex=5495, commits[9fa9a271-7bed-4435-b477-86c6ed0ece08:c5496, 06c1a879-4ae3-48dc-9686-b55cde066000:c5492, 67fae1a7-3cbe-4338-9d41-57e84498288b:c5492]
2019-07-10 10:27:48,312 INFO  client.GrpcClientProtocolClient (GrpcClientProtocolClient.java:onNext(255)) - client-821285EC2D67->9fa9a271-7bed-4435-b477-86c6ed0ece08: receive RaftClientReply:client-821285EC2D67->9fa9a271-7bed-4435-b477-86c6ed0ece08@group-0E07FAD1B91E, cid=3620, SUCCESS, logIndex=5496, commits[9fa9a271-7bed-4435-b477-86c6ed0ece08:c5496, 06c1a879-4ae3-48dc-9686-b55cde066000:c5492, 67fae1a7-3cbe-4338-9d41-57e84498288b:c5492]
2019-07-10 10:27:48,316 INFO  client.GrpcClientProtocolClient (GrpcClientProtocolClient.java:onNext(255)) - client-821285EC2D67->9fa9a271-7bed-4435-b477-86c6ed0ece08: receive RaftClientReply:client-821285EC2D67->9fa9a271-7bed-4435-b477-86c6ed0ece08@group-0E07FAD1B91E, cid=3621, SUCCESS, logIndex=0, commits[9fa9a271-7bed-4435-b477-86c6ed0ece08:c5498, 06c1a879-4ae3-48dc-9686-b55cde066000:c5494, 67fae1a7-3cbe-4338-9d41-57e84498288b:c5494]
2019-07-10 10:27:48,334 INFO  client.GrpcClientProtocolClient (GrpcClientProtocolClient.java:onNext(255)) - client-821285EC2D67->9fa9a271-7bed-4435-b477-86c6ed0ece08: receive RaftClientReply:client-821285EC2D67->9fa9a271-7bed-4435-b477-86c6ed0ece08@group-0E07FAD1B91E, cid=3622, SUCCESS, logIndex=5501, commits[9fa9a271-7bed-4435-b477-86c6ed0ece08:c5502, 06c1a879-4ae3-48dc-9686-b55cde066000:c5500, 67fae1a7-3cbe-4338-9d41-57e84498288b:c5500]
2019-07-10 10:27:48,335 INFO  client.GrpcClientProtocolClient (GrpcClientProtocolClient.java:onNext(255)) - client-821285EC2D67->9fa9a271-7bed-4435-b477-86c6ed0ece08: receive RaftClientReply:client-821285EC2D67->9fa9a271-7bed-4435-b477-86c6ed0ece08@group-0E07FAD1B91E, cid=3623, SUCCESS, logIndex=5502, commits[9fa9a271-7bed-4435-b477-86c6ed0ece08:c5502, 06c1a879-4ae3-48dc-9686-b55cde066000:c5500, 67fae1a7-3cbe-4338-9d41-57e84498288b:c5500]
2019-07-10 10:27:48,346 INFO  client.GrpcClientProtocolClient (GrpcClientProtocolClient.java:onNext(255)) - client-821285EC2D67->9fa9a271-7bed-4435-b477-86c6ed0ece08: receive RaftClientReply:client-821285EC2D67->9fa9a271-7bed-4435-b477-86c6ed0ece08@group-0E07FAD1B91E, cid=3624, SUCCESS, logIndex=5505, commits[9fa9a271-7bed-4435-b477-86c6ed0ece08:c5506, 06c1a879-4ae3-48dc-9686-b55cde066000:c5502, 67fae1a7-3cbe-4338-9d41-57e84498288b:c5501]
2019-07-10 10:27:48,460 INFO  client.GrpcClientProtocolClient (GrpcClientProtocolClient.java:onNext(255)) - client-821285EC2D67->9fa9a271-7bed-4435-b477-86c6ed0ece08: receive RaftClientReply:client-821285EC2D67->9fa9a271-7bed-4435-b477-86c6ed0ece08@group-0E07FAD1B91E, cid=3625, SUCCESS, logIndex=5506, commits[9fa9a271-7bed-4435-b477-86c6ed0ece08:c5506, 06c1a879-4ae3-48dc-9686-b55cde066000:c5502, 67fae1a7-3cbe-4338-9d41-57e84498288b:c5502]
 0.00% |█                                                                                                    |  0/1 Time: 0:00:282019-07-10 10:27:48,566 INFO  client.GrpcClientProtocolClient (GrpcClientProtocolClient.java:onNext(255)) - client-821285EC2D67->9fa9a271-7bed-4435-b477-86c6ed0ece08: receive RaftClientReply:client-821285EC2D67->9fa9a271-7bed-4435-b477-86c6ed0ece08@group-0E07FAD1B91E, cid=3626, SUCCESS, logIndex=0, commits[9fa9a271-7bed-4435-b477-86c6ed0ece08:c5508, 06c1a879-4ae3-48dc-9686-b55cde066000:c5506, 67fae1a7-3cbe-4338-9d41-57e84498288b:c5506]
2019-07-10 10:27:48,602 INFO  client.GrpcClientProtocolClient (GrpcClientProtocolClient.java:onNext(255)) - client-821285EC2D67->9fa9a271-7bed-4435-b477-86c6ed0ece08: receive RaftClientReply:client-821285EC2D67->9fa9a271-7bed-4435-b477-86c6ed0ece08@group-0E07FAD1B91E, cid=3627, SUCCESS, logIndex=5509, commits[9fa9a271-7bed-4435-b477-86c6ed0ece08:c5510, 06c1a879-4ae3-48dc-9686-b55cde066000:c5508, 67fae1a7-3cbe-4338-9d41-57e84498288b:c5508]
2019-07-10 10:27:48,603 INFO  client.GrpcClientProtocolClient (GrpcClientProtocolClient.java:onNext(255)) - client-821285EC2D67->9fa9a271-7bed-4435-b477-86c6ed0ece08: receive RaftClientReply:client-821285EC2D67->9fa9a271-7bed-4435-b477-86c6ed0ece08@group-0E07FAD1B91E, cid=3628, SUCCESS, logIndex=5510, commits[9fa9a271-7bed-4435-b477-86c6ed0ece08:c5510, 06c1a879-4ae3-48dc-9686-b55cde066000:c5508, 67fae1a7-3cbe-4338-9d41-57e84498288b:c5508]
2019-07-10 10:27:48,604 INFO  client.GrpcClientProtocolClient (GrpcClientProtocolClient.java:onNext(255)) - client-821285EC2D67->9fa9a271-7bed-4435-b477-86c6ed0ece08: receive RaftClientReply:client-821285EC2D67->9fa9a271-7bed-4435-b477-86c6ed0ece08@group-0E07FAD1B91E, cid=3629, SUCCESS, logIndex=5511, commits[9fa9a271-7bed-4435-b477-86c6ed0ece08:c5512, 06c1a879-4ae3-48dc-9686-b55cde066000:c5508, 67fae1a7-3cbe-4338-9d41-57e84498288b:c5508]
2019-07-10 10:27:48,604 INFO  client.GrpcClientProtocolClient (GrpcClientProtocolClient.java:onNext(255)) - client-821285EC2D67->9fa9a271-7bed-4435-b477-86c6ed0ece08: receive RaftClientReply:client-821285EC2D67->9fa9a271-7bed-4435-b477-86c6ed0ece08@group-0E07FAD1B91E, cid=3630, SUCCESS, logIndex=5512, commits[9fa9a271-7bed-4435-b477-86c6ed0ece08:c5512, 06c1a879-4ae3-48dc-9686-b55cde066000:c5508, 67fae1a7-3cbe-4338-9d41-57e84498288b:c5508]
2019-07-10 10:27:48,607 INFO  client.GrpcClientProtocolClient (GrpcClientProtocolClient.java:onNext(255)) - client-821285EC2D67->9fa9a271-7bed-4435-b477-86c6ed0ece08: receive RaftClientReply:client-821285EC2D67->9fa9a271-7bed-4435-b477-86c6ed0ece08@group-0E07FAD1B91E, cid=3631, SUCCESS, logIndex=0, commits[9fa9a271-7bed-4435-b477-86c6ed0ece08:c5514, 06c1a879-4ae3-48dc-9686-b55cde066000:c5510, 67fae1a7-3cbe-4338-9d41-57e84498288b:c5510]
2019-07-10 10:27:48,621 INFO  client.GrpcClientProtocolClient (GrpcClientProtocolClient.java:onNext(255)) - client-821285EC2D67->9fa9a271-7bed-4435-b477-86c6ed0ece08: receive RaftClientReply:client-821285EC2D67->9fa9a271-7bed-4435-b477-86c6ed0ece08@group-0E07FAD1B91E, cid=3632, SUCCESS, logIndex=5517, commits[9fa9a271-7bed-4435-b477-86c6ed0ece08:c5518, 06c1a879-4ae3-48dc-9686-b55cde066000:c5516, 67fae1a7-3cbe-4338-9d41-57e84498288b:c5512]
2019-07-10 10:27:48,621 INFO  client.GrpcClientProtocolClient (GrpcClientProtocolClient.java:onNext(255)) - client-821285EC2D67->9fa9a271-7bed-4435-b477-86c6ed0ece08: receive RaftClientReply:client-821285EC2D67->9fa9a271-7bed-4435-b477-86c6ed0ece08@group-0E07FAD1B91E, cid=3633, SUCCESS, logIndex=5518, commits[9fa9a271-7bed-4435-b477-86c6ed0ece08:c5518, 06c1a879-4ae3-48dc-9686-b55cde066000:c5516, 67fae1a7-3cbe-4338-9d41-57e84498288b:c5516]
2019-07-10 10:27:48,644 INFO  client.GrpcClientProtocolClient (GrpcClientProtocolClient.java:onNext(255)) - client-821285EC2D67->9fa9a271-7bed-4435-b477-86c6ed0ece08: receive RaftClientReply:client-821285EC2D67->9fa9a271-7bed-4435-b477-86c6ed0ece08@group-0E07FAD1B91E, cid=3634, SUCCESS, logIndex=5521, commits[9fa9a271-7bed-4435-b477-86c6ed0ece08:c5522, 06c1a879-4ae3-48dc-9686-b55cde066000:c5518, 67fae1a7-3cbe-4338-9d41-57e84498288b:c5520]
2019-07-10 10:27:48,644 INFO  client.GrpcClientProtocolClient (GrpcClientProtocolClient.java:onNext(255)) - client-821285EC2D67->9fa9a271-7bed-4435-b477-86c6ed0ece08: receive RaftClientReply:client-821285EC2D67->9fa9a271-7bed-4435-b477-86c6ed0ece08@group-0E07FAD1B91E, cid=3635, SUCCESS, logIndex=5522, commits[9fa9a271-7bed-4435-b477-86c6ed0ece08:c5522, 06c1a879-4ae3-48dc-9686-b55cde066000:c5520, 67fae1a7-3cbe-4338-9d41-57e84498288b:c5520]
2019-07-10 10:27:48,652 INFO  client.GrpcClientProtocolClient (GrpcClientProtocolClient.java:onNext(255)) - client-821285EC2D67->9fa9a271-7bed-4435-b477-86c6ed0ece08: receive RaftClientReply:client-821285EC2D67->9fa9a271-7bed-4435-b477-86c6ed0ece08@group-0E07FAD1B91E, cid=3636, SUCCESS, logIndex=0, commits[9fa9a271-7bed-4435-b477-86c6ed0ece08:c5524, 06c1a879-4ae3-48dc-9686-b55cde066000:c5522, 67fae1a7-3cbe-4338-9d41-57e84498288b:c5522]
2019-07-10 10:27:48,679 INFO  client.GrpcClientProtocolClient (GrpcClientProtocolClient.java:onNext(255)) - client-821285EC2D67->9fa9a271-7bed-4435-b477-86c6ed0ece08: receive RaftClientReply:client-821285EC2D67->9fa9a271-7bed-4435-b477-86c6ed0ece08@group-0E07FAD1B91E, cid=3637, SUCCESS, logIndex=5525, commits[9fa9a271-7bed-4435-b477-86c6ed0ece08:c5526, 06c1a879-4ae3-48dc-9686-b55cde066000:c5524, 67fae1a7-3cbe-4338-9d41-57e84498288b:c5524]
2019-07-10 10:27:48,680 INFO  client.GrpcClientProtocolClient (GrpcClientProtocolClient.java:onNext(255)) - client-821285EC2D67->9fa9a271-7bed-4435-b477-86c6ed0ece08: receive RaftClientReply:client-821285EC2D67->9fa9a271-7bed-4435-b477-86c6ed0ece08@group-0E07FAD1B91E, cid=3638, SUCCESS, logIndex=5526, commits[9fa9a271-7bed-4435-b477-86c6ed0ece08:c5526, 06c1a879-4ae3-48dc-9686-b55cde066000:c5524, 67fae1a7-3cbe-4338-9d41-57e84498288b:c5524]
2019-07-10 10:27:48,682 INFO  client.GrpcClientProtocolClient (GrpcClientProtocolClient.java:onNext(255)) - client-821285EC2D67->9fa9a271-7bed-4435-b477-86c6ed0ece08: receive RaftClientReply:client-821285EC2D67->9fa9a271-7bed-4435-b477-86c6ed0ece08@group-0E07FAD1B91E, cid=3639, SUCCESS, logIndex=5527, commits[9fa9a271-7bed-4435-b477-86c6ed0ece08:c5528, 06c1a879-4ae3-48dc-9686-b55cde066000:c5524, 67fae1a7-3cbe-4338-9d41-57e84498288b:c5524]
2019-07-10 10:27:48,682 INFO  client.GrpcClientProtocolClient (GrpcClientProtocolClient.java:onNext(255)) - client-821285EC2D67->9fa9a271-7bed-4435-b477-86c6ed0ece08: receive RaftClientReply:client-821285EC2D67->9fa9a271-7bed-4435-b477-86c6ed0ece08@group-0E07FAD1B91E, cid=3640, SUCCESS, logIndex=5528, commits[9fa9a271-7bed-4435-b477-86c6ed0ece08:c5530, 06c1a879-4ae3-48dc-9686-b55cde066000:c5526, 67fae1a7-3cbe-4338-9d41-57e84498288b:c5526]
2019-07-10 10:27:48,695 INFO  client.GrpcClientProtocolClient (GrpcClientProtocolClient.java:onNext(255)) - client-821285EC2D67->9fa9a271-7bed-4435-b477-86c6ed0ece08: receive RaftClientReply:client-821285EC2D67->9fa9a271-7bed-4435-b477-86c6ed0ece08@group-0E07FAD1B91E, cid=3641, SUCCESS, logIndex=5533, commits[9fa9a271-7bed-4435-b477-86c6ed0ece08:c5534, 06c1a879-4ae3-48dc-9686-b55cde066000:c5532, 67fae1a7-3cbe-4338-9d41-57e84498288b:c5532]
2019-07-10 10:27:48,695 INFO  client.GrpcClientProtocolClient (GrpcClientProtocolClient.java:onNext(255)) - client-821285EC2D67->9fa9a271-7bed-4435-b477-86c6ed0ece08: receive RaftClientReply:client-821285EC2D67->9fa9a271-7bed-4435-b477-86c6ed0ece08@group-0E07FAD1B91E, cid=3642, SUCCESS, logIndex=5534, commits[9fa9a271-7bed-4435-b477-86c6ed0ece08:c5534, 06c1a879-4ae3-48dc-9686-b55cde066000:c5532, 67fae1a7-3cbe-4338-9d41-57e84498288b:c5532]
2019-07-10 10:27:48,706 INFO  client.GrpcClientProtocolClient (GrpcClientProtocolClient.java:onNext(255)) - client-821285EC2D67->9fa9a271-7bed-4435-b477-86c6ed0ece08: receive RaftClientReply:client-821285EC2D67->9fa9a271-7bed-4435-b477-86c6ed0ece08@group-0E07FAD1B91E, cid=3643, SUCCESS, logIndex=5537, commits[9fa9a271-7bed-4435-b477-86c6ed0ece08:c5538, 06c1a879-4ae3-48dc-9686-b55cde066000:c5534, 67fae1a7-3cbe-4338-9d41-57e84498288b:c5533]
2019-07-10 10:27:48,707 INFO  client.GrpcClientProtocolClient (GrpcClientProtocolClient.java:onNext(255)) - client-821285EC2D67->9fa9a271-7bed-4435-b477-86c6ed0ece08: receive RaftClientReply:client-821285EC2D67->9fa9a271-7bed-4435-b477-86c6ed0ece08@group-0E07FAD1B91E, cid=3644, SUCCESS, logIndex=5538, commits[9fa9a271-7bed-4435-b477-86c6ed0ece08:c5538, 06c1a879-4ae3-48dc-9686-b55cde066000:c5534, 67fae1a7-3cbe-4338-9d41-57e84498288b:c5534]
2019-07-10 10:27:48,710 INFO  client.GrpcClientProtocolClient (GrpcClientProtocolClient.java:onNext(255)) - client-821285EC2D67->9fa9a271-7bed-4435-b477-86c6ed0ece08: receive RaftClientReply:client-821285EC2D67->9fa9a271-7bed-4435-b477-86c6ed0ece08@group-0E07FAD1B91E, cid=3645, SUCCESS, logIndex=0, commits[9fa9a271-7bed-4435-b477-86c6ed0ece08:c5540, 06c1a879-4ae3-48dc-9686-b55cde066000:c5538, 67fae1a7-3cbe-4338-9d41-57e84498288b:c5538]
2019-07-10 10:27:48,743 INFO  client.GrpcClientProtocolClient (GrpcClientProtocolClient.java:onNext(255)) - client-821285EC2D67->9fa9a271-7bed-4435-b477-86c6ed0ece08: receive RaftClientReply:client-821285EC2D67->9fa9a271-7bed-4435-b477-86c6ed0ece08@group-0E07FAD1B91E, cid=3646, SUCCESS, logIndex=5541, commits[9fa9a271-7bed-4435-b477-86c6ed0ece08:c5542, 06c1a879-4ae3-48dc-9686-b55cde066000:c5540, 67fae1a7-3cbe-4338-9d41-57e84498288b:c5540]
2019-07-10 10:27:48,743 INFO  client.GrpcClientProtocolClient (GrpcClientProtocolClient.java:onNext(255)) - client-821285EC2D67->9fa9a271-7bed-4435-b477-86c6ed0ece08: receive RaftClientReply:client-821285EC2D67->9fa9a271-7bed-4435-b477-86c6ed0ece08@group-0E07FAD1B91E, cid=3647, SUCCESS, logIndex=5542, commits[9fa9a271-7bed-4435-b477-86c6ed0ece08:c5542, 06c1a879-4ae3-48dc-9686-b55cde066000:c5540, 67fae1a7-3cbe-4338-9d41-57e84498288b:c5540]
2019-07-10 10:27:48,744 INFO  client.GrpcClientProtocolClient (GrpcClientProtocolClient.java:onNext(255)) - client-821285EC2D67->9fa9a271-7bed-4435-b477-86c6ed0ece08: receive RaftClientReply:client-821285EC2D67->9fa9a271-7bed-4435-b477-86c6ed0ece08@group-0E07FAD1B91E, cid=3648, SUCCESS, logIndex=5543, commits[9fa9a271-7bed-4435-b477-86c6ed0ece08:c5544, 06c1a879-4ae3-48dc-9686-b55cde066000:c5540, 67fae1a7-3cbe-4338-9d41-57e84498288b:c5540]
2019-07-10 10:27:48,744 INFO  client.GrpcClientProtocolClient (GrpcClientProtocolClient.java:onNext(255)) - client-821285EC2D67->9fa9a271-7bed-4435-b477-86c6ed0ece08: receive RaftClientReply:client-821285EC2D67->9fa9a271-7bed-4435-b477-86c6ed0ece08@group-0E07FAD1B91E, cid=3649, SUCCESS, logIndex=5544, commits[9fa9a271-7bed-4435-b477-86c6ed0ece08:c5544, 06c1a879-4ae3-48dc-9686-b55cde066000:c5540, 67fae1a7-3cbe-4338-9d41-57e84498288b:c5540]
2019-07-10 10:27:48,764 INFO  client.GrpcClientProtocolClient (GrpcClientProtocolClient.java:onNext(255)) - client-821285EC2D67->9fa9a271-7bed-4435-b477-86c6ed0ece08: receive RaftClientReply:client-821285EC2D67->9fa9a271-7bed-4435-b477-86c6ed0ece08@group-0E07FAD1B91E, cid=3650, SUCCESS, logIndex=0, commits[9fa9a271-7bed-4435-b477-86c6ed0ece08:c5546, 06c1a879-4ae3-48dc-9686-b55cde066000:c5542, 67fae1a7-3cbe-4338-9d41-57e84498288b:c5542]
2019-07-10 10:27:48,775 INFO  client.GrpcClientProtocolClient (GrpcClientProtocolClient.java:onNext(255)) - client-821285EC2D67->9fa9a271-7bed-4435-b477-86c6ed0ece08: receive RaftClientReply:client-821285EC2D67->9fa9a271-7bed-4435-b477-86c6ed0ece08@group-0E07FAD1B91E, cid=3651, SUCCESS, logIndex=5549, commits[9fa9a271-7bed-4435-b477-86c6ed0ece08:c5550, 06c1a879-4ae3-48dc-9686-b55cde066000:c5544, 67fae1a7-3cbe-4338-9d41-57e84498288b:c5548]
2019-07-10 10:27:48,775 INFO  client.GrpcClientProtocolClient (GrpcClientProtocolClient.java:onNext(255)) - client-821285EC2D67->9fa9a271-7bed-4435-b477-86c6ed0ece08: receive RaftClientReply:client-821285EC2D67->9fa9a271-7bed-4435-b477-86c6ed0ece08@group-0E07FAD1B91E, cid=3652, SUCCESS, logIndex=5550, commits[9fa9a271-7bed-4435-b477-86c6ed0ece08:c5550, 06c1a879-4ae3-48dc-9686-b55cde066000:c5548, 67fae1a7-3cbe-4338-9d41-57e84498288b:c5548]
2019-07-10 10:27:48,787 INFO  client.GrpcClientProtocolClient (GrpcClientProtocolClient.java:onNext(255)) - client-821285EC2D67->9fa9a271-7bed-4435-b477-86c6ed0ece08: receive RaftClientReply:client-821285EC2D67->9fa9a271-7bed-4435-b477-86c6ed0ece08@group-0E07FAD1B91E, cid=3653, SUCCESS, logIndex=5553, commits[9fa9a271-7bed-4435-b477-86c6ed0ece08:c5554, 06c1a879-4ae3-48dc-9686-b55cde066000:c5552, 67fae1a7-3cbe-4338-9d41-57e84498288b:c5552]
2019-07-10 10:27:48,787 INFO  client.GrpcClientProtocolClient (GrpcClientProtocolClient.java:onNext(255)) - client-821285EC2D67->9fa9a271-7bed-4435-b477-86c6ed0ece08: receive RaftClientReply:client-821285EC2D67->9fa9a271-7bed-4435-b477-86c6ed0ece08@group-0E07FAD1B91E, cid=3654, SUCCESS, logIndex=5554, commits[9fa9a271-7bed-4435-b477-86c6ed0ece08:c5554, 06c1a879-4ae3-48dc-9686-b55cde066000:c5552, 67fae1a7-3cbe-4338-9d41-57e84498288b:c5552]
2019-07-10 10:27:48,789 INFO  client.GrpcClientProtocolClient (GrpcClientProtocolClient.java:onNext(255)) - client-821285EC2D67->9fa9a271-7bed-4435-b477-86c6ed0ece08: receive RaftClientReply:client-821285EC2D67->9fa9a271-7bed-4435-b477-86c6ed0ece08@group-0E07FAD1B91E, cid=3655, SUCCESS, logIndex=0, commits[9fa9a271-7bed-4435-b477-86c6ed0ece08:c5555, 06c1a879-4ae3-48dc-9686-b55cde066000:c5554, 67fae1a7-3cbe-4338-9d41-57e84498288b:c5554]
2019-07-10 10:27:48,821 INFO  client.GrpcClientProtocolClient (GrpcClientProtocolClient.java:onNext(255)) - client-821285EC2D67->9fa9a271-7bed-4435-b477-86c6ed0ece08: receive RaftClientReply:client-821285EC2D67->9fa9a271-7bed-4435-b477-86c6ed0ece08@group-0E07FAD1B91E, cid=3656, SUCCESS, logIndex=5557, commits[9fa9a271-7bed-4435-b477-86c6ed0ece08:c5558, 06c1a879-4ae3-48dc-9686-b55cde066000:c5556, 67fae1a7-3cbe-4338-9d41-57e84498288b:c5556]
2019-07-10 10:27:48,821 INFO  client.GrpcClientProtocolClient (GrpcClientProtocolClient.java:onNext(255)) - client-821285EC2D67->9fa9a271-7bed-4435-b477-86c6ed0ece08: receive RaftClientReply:client-821285EC2D67->9fa9a271-7bed-4435-b477-86c6ed0ece08@group-0E07FAD1B91E, cid=3657, SUCCESS, logIndex=5558, commits[9fa9a271-7bed-4435-b477-86c6ed0ece08:c5558, 06c1a879-4ae3-48dc-9686-b55cde066000:c5556, 67fae1a7-3cbe-4338-9d41-57e84498288b:c5556]
2019-07-10 10:27:48,822 INFO  client.GrpcClientProtocolClient (GrpcClientProtocolClient.java:onNext(255)) - client-821285EC2D67->9fa9a271-7bed-4435-b477-86c6ed0ece08: receive RaftClientReply:client-821285EC2D67->9fa9a271-7bed-4435-b477-86c6ed0ece08@group-0E07FAD1B91E, cid=3658, SUCCESS, logIndex=5559, commits[9fa9a271-7bed-4435-b477-86c6ed0ece08:c5560, 06c1a879-4ae3-48dc-9686-b55cde066000:c5556, 67fae1a7-3cbe-4338-9d41-57e84498288b:c5556]
2019-07-10 10:27:48,822 INFO  client.GrpcClientProtocolClient (GrpcClientProtocolClient.java:onNext(255)) - client-821285EC2D67->9fa9a271-7bed-4435-b477-86c6ed0ece08: receive RaftClientReply:client-821285EC2D67->9fa9a271-7bed-4435-b477-86c6ed0ece08@group-0E07FAD1B91E, cid=3659, SUCCESS, logIndex=5560, commits[9fa9a271-7bed-4435-b477-86c6ed0ece08:c5560, 06c1a879-4ae3-48dc-9686-b55cde066000:c5556, 67fae1a7-3cbe-4338-9d41-57e84498288b:c5556]
2019-07-10 10:27:48,825 INFO  client.GrpcClientProtocolClient (GrpcClientProtocolClient.java:onNext(255)) - client-821285EC2D67->9fa9a271-7bed-4435-b477-86c6ed0ece08: receive RaftClientReply:client-821285EC2D67->9fa9a271-7bed-4435-b477-86c6ed0ece08@group-0E07FAD1B91E, cid=3660, SUCCESS, logIndex=0, commits[9fa9a271-7bed-4435-b477-86c6ed0ece08:c5562, 06c1a879-4ae3-48dc-9686-b55cde066000:c5558, 67fae1a7-3cbe-4338-9d41-57e84498288b:c5558]
2019-07-10 10:27:48,843 INFO  client.GrpcClientProtocolClient (GrpcClientProtocolClient.java:onNext(255)) - client-821285EC2D67->9fa9a271-7bed-4435-b477-86c6ed0ece08: receive RaftClientReply:client-821285EC2D67->9fa9a271-7bed-4435-b477-86c6ed0ece08@group-0E07FAD1B91E, cid=3661, SUCCESS, logIndex=5565, commits[9fa9a271-7bed-4435-b477-86c6ed0ece08:c5566, 06c1a879-4ae3-48dc-9686-b55cde066000:c5564, 67fae1a7-3cbe-4338-9d41-57e84498288b:c5564]
2019-07-10 10:27:48,843 INFO  client.GrpcClientProtocolClient (GrpcClientProtocolClient.java:onNext(255)) - client-821285EC2D67->9fa9a271-7bed-4435-b477-86c6ed0ece08: receive RaftClientReply:client-821285EC2D67->9fa9a271-7bed-4435-b477-86c6ed0ece08@group-0E07FAD1B91E, cid=3662, SUCCESS, logIndex=5566, commits[9fa9a271-7bed-4435-b477-86c6ed0ece08:c5566, 06c1a879-4ae3-48dc-9686-b55cde066000:c5564, 67fae1a7-3cbe-4338-9d41-57e84498288b:c5564]
2019-07-10 10:27:48,863 INFO  client.GrpcClientProtocolClient (GrpcClientProtocolClient.java:onNext(255)) - client-821285EC2D67->9fa9a271-7bed-4435-b477-86c6ed0ece08: receive RaftClientReply:client-821285EC2D67->9fa9a271-7bed-4435-b477-86c6ed0ece08@group-0E07FAD1B91E, cid=3663, SUCCESS, logIndex=5569, commits[9fa9a271-7bed-4435-b477-86c6ed0ece08:c5569, 06c1a879-4ae3-48dc-9686-b55cde066000:c5566, 67fae1a7-3cbe-4338-9d41-57e84498288b:c5566]
2019-07-10 10:27:48,864 INFO  client.GrpcClientProtocolClient (GrpcClientProtocolClient.java:onNext(255)) - client-821285EC2D67->9fa9a271-7bed-4435-b477-86c6ed0ece08: receive RaftClientReply:client-821285EC2D67->9fa9a271-7bed-4435-b477-86c6ed0ece08@group-0E07FAD1B91E, cid=3664, SUCCESS, logIndex=5570, commits[9fa9a271-7bed-4435-b477-86c6ed0ece08:c5570, 06c1a879-4ae3-48dc-9686-b55cde066000:c5566, 67fae1a7-3cbe-4338-9d41-57e84498288b:c5566]
2019-07-10 10:27:48,876 INFO  client.GrpcClientProtocolClient (GrpcClientProtocolClient.java:onNext(255)) - client-821285EC2D67->9fa9a271-7bed-4435-b477-86c6ed0ece08: receive RaftClientReply:client-821285EC2D67->9fa9a271-7bed-4435-b477-86c6ed0ece08@group-0E07FAD1B91E, cid=3665, SUCCESS, logIndex=0, commits[9fa9a271-7bed-4435-b477-86c6ed0ece08:c5572, 06c1a879-4ae3-48dc-9686-b55cde066000:c5570, 67fae1a7-3cbe-4338-9d41-57e84498288b:c5570]
2019-07-10 10:27:48,906 INFO  client.GrpcClientProtocolClient (GrpcClientProtocolClient.java:onNext(255)) - client-821285EC2D67->9fa9a271-7bed-4435-b477-86c6ed0ece08: receive RaftClientReply:client-821285EC2D67->9fa9a271-7bed-4435-b477-86c6ed0ece08@group-0E07FAD1B91E, cid=3666, SUCCESS, logIndex=5573, commits[9fa9a271-7bed-4435-b477-86c6ed0ece08:c5574, 06c1a879-4ae3-48dc-9686-b55cde066000:c5572, 67fae1a7-3cbe-4338-9d41-57e84498288b:c5572]
2019-07-10 10:27:48,906 INFO  client.GrpcClientProtocolClient (GrpcClientProtocolClient.java:onNext(255)) - client-821285EC2D67->9fa9a271-7bed-4435-b477-86c6ed0ece08: receive RaftClientReply:client-821285EC2D67->9fa9a271-7bed-4435-b477-86c6ed0ece08@group-0E07FAD1B91E, cid=3667, SUCCESS, logIndex=5574, commits[9fa9a271-7bed-4435-b477-86c6ed0ece08:c5574, 06c1a879-4ae3-48dc-9686-b55cde066000:c5572, 67fae1a7-3cbe-4338-9d41-57e84498288b:c5572]
2019-07-10 10:27:48,907 INFO  client.GrpcClientProtocolClient (GrpcClientProtocolClient.java:onNext(255)) - client-821285EC2D67->9fa9a271-7bed-4435-b477-86c6ed0ece08: receive RaftClientReply:client-821285EC2D67->9fa9a271-7bed-4435-b477-86c6ed0ece08@group-0E07FAD1B91E, cid=3668, SUCCESS, logIndex=5575, commits[9fa9a271-7bed-4435-b477-86c6ed0ece08:c5576, 06c1a879-4ae3-48dc-9686-b55cde066000:c5572, 67fae1a7-3cbe-4338-9d41-57e84498288b:c5572]
2019-07-10 10:27:48,907 INFO  client.GrpcClientProtocolClient (GrpcClientProtocolClient.java:onNext(255)) - client-821285EC2D67->9fa9a271-7bed-4435-b477-86c6ed0ece08: receive RaftClientReply:client-821285EC2D67->9fa9a271-7bed-4435-b477-86c6ed0ece08@group-0E07FAD1B91E, cid=3669, SUCCESS, logIndex=5576, commits[9fa9a271-7bed-4435-b477-86c6ed0ece08:c5576, 06c1a879-4ae3-48dc-9686-b55cde066000:c5572, 67fae1a7-3cbe-4338-9d41-57e84498288b:c5572]
2019-07-10 10:27:48,909 INFO  client.GrpcClientProtocolClient (GrpcClientProtocolClient.java:onNext(255)) - client-821285EC2D67->9fa9a271-7bed-4435-b477-86c6ed0ece08: receive RaftClientReply:client-821285EC2D67->9fa9a271-7bed-4435-b477-86c6ed0ece08@group-0E07FAD1B91E, cid=3670, SUCCESS, logIndex=0, commits[9fa9a271-7bed-4435-b477-86c6ed0ece08:c5578, 06c1a879-4ae3-48dc-9686-b55cde066000:c5574, 67fae1a7-3cbe-4338-9d41-57e84498288b:c5574]
2019-07-10 10:27:48,921 INFO  client.GrpcClientProtocolClient (GrpcClientProtocolClient.java:onNext(255)) - client-821285EC2D67->9fa9a271-7bed-4435-b477-86c6ed0ece08: receive RaftClientReply:client-821285EC2D67->9fa9a271-7bed-4435-b477-86c6ed0ece08@group-0E07FAD1B91E, cid=3671, SUCCESS, logIndex=5581, commits[9fa9a271-7bed-4435-b477-86c6ed0ece08:c5582, 06c1a879-4ae3-48dc-9686-b55cde066000:c5580, 67fae1a7-3cbe-4338-9d41-57e84498288b:c5576]
2019-07-10 10:27:48,921 INFO  client.GrpcClientProtocolClient (GrpcClientProtocolClient.java:onNext(255)) - client-821285EC2D67->9fa9a271-7bed-4435-b477-86c6ed0ece08: receive RaftClientReply:client-821285EC2D67->9fa9a271-7bed-4435-b477-86c6ed0ece08@group-0E07FAD1B91E, cid=3672, SUCCESS, logIndex=5582, commits[9fa9a271-7bed-4435-b477-86c6ed0ece08:c5582, 06c1a879-4ae3-48dc-9686-b55cde066000:c5580, 67fae1a7-3cbe-4338-9d41-57e84498288b:c5580]
2019-07-10 10:27:48,938 INFO  client.GrpcClientProtocolClient (GrpcClientProtocolClient.java:onNext(255)) - client-821285EC2D67->9fa9a271-7bed-4435-b477-86c6ed0ece08: receive RaftClientReply:client-821285EC2D67->9fa9a271-7bed-4435-b477-86c6ed0ece08@group-0E07FAD1B91E, cid=3673, SUCCESS, logIndex=5585, commits[9fa9a271-7bed-4435-b477-86c6ed0ece08:c5586, 06c1a879-4ae3-48dc-9686-b55cde066000:c5583, 67fae1a7-3cbe-4338-9d41-57e84498288b:c5583]
2019-07-10 10:27:48,938 INFO  client.GrpcClientProtocolClient (GrpcClientProtocolClient.java:onNext(255)) - client-821285EC2D67->9fa9a271-7bed-4435-b477-86c6ed0ece08: receive RaftClientReply:client-821285EC2D67->9fa9a271-7bed-4435-b477-86c6ed0ece08@group-0E07FAD1B91E, cid=3674, SUCCESS, logIndex=5586, commits[9fa9a271-7bed-4435-b477-86c6ed0ece08:c5586, 06c1a879-4ae3-48dc-9686-b55cde066000:c5583, 67fae1a7-3cbe-4338-9d41-57e84498288b:c5583]
2019-07-10 10:27:48,950 INFO  client.GrpcClientProtocolClient (GrpcClientProtocolClient.java:onNext(255)) - client-821285EC2D67->9fa9a271-7bed-4435-b477-86c6ed0ece08: receive RaftClientReply:client-821285EC2D67->9fa9a271-7bed-4435-b477-86c6ed0ece08@group-0E07FAD1B91E, cid=3675, SUCCESS, logIndex=0, commits[9fa9a271-7bed-4435-b477-86c6ed0ece08:c5587, 06c1a879-4ae3-48dc-9686-b55cde066000:c5586, 67fae1a7-3cbe-4338-9d41-57e84498288b:c5586]
2019-07-10 10:27:48,980 INFO  client.GrpcClientProtocolClient (GrpcClientProtocolClient.java:onNext(255)) - client-821285EC2D67->9fa9a271-7bed-4435-b477-86c6ed0ece08: receive RaftClientReply:client-821285EC2D67->9fa9a271-7bed-4435-b477-86c6ed0ece08@group-0E07FAD1B91E, cid=3676, SUCCESS, logIndex=5589, commits[9fa9a271-7bed-4435-b477-86c6ed0ece08:c5590, 06c1a879-4ae3-48dc-9686-b55cde066000:c5588, 67fae1a7-3cbe-4338-9d41-57e84498288b:c5588]
2019-07-10 10:27:48,981 INFO  client.GrpcClientProtocolClient (GrpcClientProtocolClient.java:onNext(255)) - client-821285EC2D67->9fa9a271-7bed-4435-b477-86c6ed0ece08: receive RaftClientReply:client-821285EC2D67->9fa9a271-7bed-4435-b477-86c6ed0ece08@group-0E07FAD1B91E, cid=3677, SUCCESS, logIndex=5590, commits[9fa9a271-7bed-4435-b477-86c6ed0ece08:c5592, 06c1a879-4ae3-48dc-9686-b55cde066000:c5588, 67fae1a7-3cbe-4338-9d41-57e84498288b:c5588]
2019-07-10 10:27:48,981 INFO  client.GrpcClientProtocolClient (GrpcClientProtocolClient.java:onNext(255)) - client-821285EC2D67->9fa9a271-7bed-4435-b477-86c6ed0ece08: receive RaftClientReply:client-821285EC2D67->9fa9a271-7bed-4435-b477-86c6ed0ece08@group-0E07FAD1B91E, cid=3678, SUCCESS, logIndex=5591, commits[9fa9a271-7bed-4435-b477-86c6ed0ece08:c5592, 06c1a879-4ae3-48dc-9686-b55cde066000:c5588, 67fae1a7-3cbe-4338-9d41-57e84498288b:c5588]
2019-07-10 10:27:48,981 INFO  client.GrpcClientProtocolClient (GrpcClientProtocolClient.java:onNext(255)) - client-821285EC2D67->9fa9a271-7bed-4435-b477-86c6ed0ece08: receive RaftClientReply:client-821285EC2D67->9fa9a271-7bed-4435-b477-86c6ed0ece08@group-0E07FAD1B91E, cid=3679, SUCCESS, logIndex=5592, commits[9fa9a271-7bed-4435-b477-86c6ed0ece08:c5592, 06c1a879-4ae3-48dc-9686-b55cde066000:c5588, 67fae1a7-3cbe-4338-9d41-57e84498288b:c5588]
2019-07-10 10:27:48,982 INFO  client.GrpcClientProtocolClient (GrpcClientProtocolClient.java:onNext(255)) - client-821285EC2D67->9fa9a271-7bed-4435-b477-86c6ed0ece08: receive RaftClientReply:client-821285EC2D67->9fa9a271-7bed-4435-b477-86c6ed0ece08@group-0E07FAD1B91E, cid=3680, SUCCESS, logIndex=0, commits[9fa9a271-7bed-4435-b477-86c6ed0ece08:c5594, 06c1a879-4ae3-48dc-9686-b55cde066000:c5590, 67fae1a7-3cbe-4338-9d41-57e84498288b:c5590]
2019-07-10 10:27:48,995 INFO  client.GrpcClientProtocolClient (GrpcClientProtocolClient.java:onNext(255)) - client-821285EC2D67->9fa9a271-7bed-4435-b477-86c6ed0ece08: receive RaftClientReply:client-821285EC2D67->9fa9a271-7bed-4435-b477-86c6ed0ece08@group-0E07FAD1B91E, cid=3681, SUCCESS, logIndex=5597, commits[9fa9a271-7bed-4435-b477-86c6ed0ece08:c5598, 06c1a879-4ae3-48dc-9686-b55cde066000:c5596, 67fae1a7-3cbe-4338-9d41-57e84498288b:c5596]
2019-07-10 10:27:48,996 INFO  client.GrpcClientProtocolClient (GrpcClientProtocolClient.java:onNext(255)) - client-821285EC2D67->9fa9a271-7bed-4435-b477-86c6ed0ece08: receive RaftClientReply:client-821285EC2D67->9fa9a271-7bed-4435-b477-86c6ed0ece08@group-0E07FAD1B91E, cid=3682, SUCCESS, logIndex=5598, commits[9fa9a271-7bed-4435-b477-86c6ed0ece08:c5598, 06c1a879-4ae3-48dc-9686-b55cde066000:c5596, 67fae1a7-3cbe-4338-9d41-57e84498288b:c5596]
2019-07-10 10:27:49,007 INFO  client.GrpcClientProtocolClient (GrpcClientProtocolClient.java:onNext(255)) - client-821285EC2D67->9fa9a271-7bed-4435-b477-86c6ed0ece08: receive RaftClientReply:client-821285EC2D67->9fa9a271-7bed-4435-b477-86c6ed0ece08@group-0E07FAD1B91E, cid=3683, SUCCESS, logIndex=5601, commits[9fa9a271-7bed-4435-b477-86c6ed0ece08:c5602, 06c1a879-4ae3-48dc-9686-b55cde066000:c5598, 67fae1a7-3cbe-4338-9d41-57e84498288b:c5598]
2019-07-10 10:27:49,007 INFO  client.GrpcClientProtocolClient (GrpcClientProtocolClient.java:onNext(255)) - client-821285EC2D67->9fa9a271-7bed-4435-b477-86c6ed0ece08: receive RaftClientReply:client-821285EC2D67->9fa9a271-7bed-4435-b477-86c6ed0ece08@group-0E07FAD1B91E, cid=3684, SUCCESS, logIndex=5602, commits[9fa9a271-7bed-4435-b477-86c6ed0ece08:c5602, 06c1a879-4ae3-48dc-9686-b55cde066000:c5598, 67fae1a7-3cbe-4338-9d41-57e84498288b:c5598]
2019-07-10 10:27:49,017 INFO  client.GrpcClientProtocolClient (GrpcClientProtocolClient.java:onNext(255)) - client-821285EC2D67->9fa9a271-7bed-4435-b477-86c6ed0ece08: receive RaftClientReply:client-821285EC2D67->9fa9a271-7bed-4435-b477-86c6ed0ece08@group-0E07FAD1B91E, cid=3685, SUCCESS, logIndex=0, commits[9fa9a271-7bed-4435-b477-86c6ed0ece08:c5603, 06c1a879-4ae3-48dc-9686-b55cde066000:c5602, 67fae1a7-3cbe-4338-9d41-57e84498288b:c5602]
2019-07-10 10:27:49,045 INFO  client.GrpcClientProtocolClient (GrpcClientProtocolClient.java:onNext(255)) - client-821285EC2D67->9fa9a271-7bed-4435-b477-86c6ed0ece08: receive RaftClientReply:client-821285EC2D67->9fa9a271-7bed-4435-b477-86c6ed0ece08@group-0E07FAD1B91E, cid=3686, SUCCESS, logIndex=5605, commits[9fa9a271-7bed-4435-b477-86c6ed0ece08:c5608, 06c1a879-4ae3-48dc-9686-b55cde066000:c5604, 67fae1a7-3cbe-4338-9d41-57e84498288b:c5602]
2019-07-10 10:27:49,045 INFO  client.GrpcClientProtocolClient (GrpcClientProtocolClient.java:onNext(255)) - client-821285EC2D67->9fa9a271-7bed-4435-b477-86c6ed0ece08: receive RaftClientReply:client-821285EC2D67->9fa9a271-7bed-4435-b477-86c6ed0ece08@group-0E07FAD1B91E, cid=3687, SUCCESS, logIndex=5606, commits[9fa9a271-7bed-4435-b477-86c6ed0ece08:c5608, 06c1a879-4ae3-48dc-9686-b55cde066000:c5604, 67fae1a7-3cbe-4338-9d41-57e84498288b:c5602]
2019-07-10 10:27:49,045 INFO  client.GrpcClientProtocolClient (GrpcClientProtocolClient.java:onNext(255)) - client-821285EC2D67->9fa9a271-7bed-4435-b477-86c6ed0ece08: receive RaftClientReply:client-821285EC2D67->9fa9a271-7bed-4435-b477-86c6ed0ece08@group-0E07FAD1B91E, cid=3688, SUCCESS, logIndex=5607, commits[9fa9a271-7bed-4435-b477-86c6ed0ece08:c5608, 06c1a879-4ae3-48dc-9686-b55cde066000:c5604, 67fae1a7-3cbe-4338-9d41-57e84498288b:c5602]
2019-07-10 10:27:49,056 INFO  client.GrpcClientProtocolClient (GrpcClientProtocolClient.java:onNext(255)) - client-821285EC2D67->9fa9a271-7bed-4435-b477-86c6ed0ece08: receive RaftClientReply:client-821285EC2D67->9fa9a271-7bed-4435-b477-86c6ed0ece08@group-0E07FAD1B91E, cid=3689, SUCCESS, logIndex=5608, commits[9fa9a271-7bed-4435-b477-86c6ed0ece08:c5608, 06c1a879-4ae3-48dc-9686-b55cde066000:c5604, 67fae1a7-3cbe-4338-9d41-57e84498288b:c5602]
2019-07-10 10:27:49,067 INFO  client.GrpcClientProtocolClient (GrpcClientProtocolClient.java:onNext(255)) - client-821285EC2D67->9fa9a271-7bed-4435-b477-86c6ed0ece08: receive RaftClientReply:client-821285EC2D67->9fa9a271-7bed-4435-b477-86c6ed0ece08@group-0E07FAD1B91E, cid=3690, SUCCESS, logIndex=0, commits[9fa9a271-7bed-4435-b477-86c6ed0ece08:c5612, 06c1a879-4ae3-48dc-9686-b55cde066000:c5608, 67fae1a7-3cbe-4338-9d41-57e84498288b:c5606]
2019-07-10 10:27:49,087 INFO  client.GrpcClientProtocolClient (GrpcClientProtocolClient.java:onNext(255)) - client-821285EC2D67->9fa9a271-7bed-4435-b477-86c6ed0ece08: receive RaftClientReply:client-821285EC2D67->9fa9a271-7bed-4435-b477-86c6ed0ece08@group-0E07FAD1B91E, cid=3691, SUCCESS, logIndex=5613, commits[9fa9a271-7bed-4435-b477-86c6ed0ece08:c5614, 06c1a879-4ae3-48dc-9686-b55cde066000:c5612, 67fae1a7-3cbe-4338-9d41-57e84498288b:c5608]
2019-07-10 10:27:49,087 INFO  client.GrpcClientProtocolClient (GrpcClientProtocolClient.java:onNext(255)) - client-821285EC2D67->9fa9a271-7bed-4435-b477-86c6ed0ece08: receive RaftClientReply:client-821285EC2D67->9fa9a271-7bed-4435-b477-86c6ed0ece08@group-0E07FAD1B91E, cid=3692, SUCCESS, logIndex=5614, commits[9fa9a271-7bed-4435-b477-86c6ed0ece08:c5614, 06c1a879-4ae3-48dc-9686-b55cde066000:c5612, 67fae1a7-3cbe-4338-9d41-57e84498288b:c5612]
2019-07-10 10:27:49,099 INFO  client.GrpcClientProtocolClient (GrpcClientProtocolClient.java:onNext(255)) - client-821285EC2D67->9fa9a271-7bed-4435-b477-86c6ed0ece08: receive RaftClientReply:client-821285EC2D67->9fa9a271-7bed-4435-b477-86c6ed0ece08@group-0E07FAD1B91E, cid=3693, SUCCESS, logIndex=5617, commits[9fa9a271-7bed-4435-b477-86c6ed0ece08:c5618, 06c1a879-4ae3-48dc-9686-b55cde066000:c5616, 67fae1a7-3cbe-4338-9d41-57e84498288b:c5614]
2019-07-10 10:27:49,099 INFO  client.GrpcClientProtocolClient (GrpcClientProtocolClient.java:onNext(255)) - client-821285EC2D67->9fa9a271-7bed-4435-b477-86c6ed0ece08: receive RaftClientReply:client-821285EC2D67->9fa9a271-7bed-4435-b477-86c6ed0ece08@group-0E07FAD1B91E, cid=3694, SUCCESS, logIndex=5618, commits[9fa9a271-7bed-4435-b477-86c6ed0ece08:c5618, 06c1a879-4ae3-48dc-9686-b55cde066000:c5616, 67fae1a7-3cbe-4338-9d41-57e84498288b:c5616]
2019-07-10 10:27:49,102 INFO  client.GrpcClientProtocolClient (GrpcClientProtocolClient.java:onNext(255)) - client-821285EC2D67->9fa9a271-7bed-4435-b477-86c6ed0ece08: receive RaftClientReply:client-821285EC2D67->9fa9a271-7bed-4435-b477-86c6ed0ece08@group-0E07FAD1B91E, cid=3695, SUCCESS, logIndex=0, commits[9fa9a271-7bed-4435-b477-86c6ed0ece08:c5619, 06c1a879-4ae3-48dc-9686-b55cde066000:c5618, 67fae1a7-3cbe-4338-9d41-57e84498288b:c5618]
2019-07-10 10:27:49,129 INFO  client.GrpcClientProtocolClient (GrpcClientProtocolClient.java:onNext(255)) - client-821285EC2D67->9fa9a271-7bed-4435-b477-86c6ed0ece08: receive RaftClientReply:client-821285EC2D67->9fa9a271-7bed-4435-b477-86c6ed0ece08@group-0E07FAD1B91E, cid=3696, SUCCESS, logIndex=5621, commits[9fa9a271-7bed-4435-b477-86c6ed0ece08:c5622, 06c1a879-4ae3-48dc-9686-b55cde066000:c5620, 67fae1a7-3cbe-4338-9d41-57e84498288b:c5620]
2019-07-10 10:27:49,129 INFO  client.GrpcClientProtocolClient (GrpcClientProtocolClient.java:onNext(255)) - client-821285EC2D67->9fa9a271-7bed-4435-b477-86c6ed0ece08: receive RaftClientReply:client-821285EC2D67->9fa9a271-7bed-4435-b477-86c6ed0ece08@group-0E07FAD1B91E, cid=3697, SUCCESS, logIndex=5622, commits[9fa9a271-7bed-4435-b477-86c6ed0ece08:c5622, 06c1a879-4ae3-48dc-9686-b55cde066000:c5620, 67fae1a7-3cbe-4338-9d41-57e84498288b:c5620]
2019-07-10 10:27:49,130 INFO  client.GrpcClientProtocolClient (GrpcClientProtocolClient.java:onNext(255)) - client-821285EC2D67->9fa9a271-7bed-4435-b477-86c6ed0ece08: receive RaftClientReply:client-821285EC2D67->9fa9a271-7bed-4435-b477-86c6ed0ece08@group-0E07FAD1B91E, cid=3698, SUCCESS, logIndex=5623, commits[9fa9a271-7bed-4435-b477-86c6ed0ece08:c5623, 06c1a879-4ae3-48dc-9686-b55cde066000:c5620, 67fae1a7-3cbe-4338-9d41-57e84498288b:c5620]
2019-07-10 10:27:49,131 INFO  client.GrpcClientProtocolClient (GrpcClientProtocolClient.java:onNext(255)) - client-821285EC2D67->9fa9a271-7bed-4435-b477-86c6ed0ece08: receive RaftClientReply:client-821285EC2D67->9fa9a271-7bed-4435-b477-86c6ed0ece08@group-0E07FAD1B91E, cid=3699, SUCCESS, logIndex=5624, commits[9fa9a271-7bed-4435-b477-86c6ed0ece08:c5624, 06c1a879-4ae3-48dc-9686-b55cde066000:c5620, 67fae1a7-3cbe-4338-9d41-57e84498288b:c5620]
2019-07-10 10:27:49,131 INFO  client.GrpcClientProtocolClient (GrpcClientProtocolClient.java:onNext(255)) - client-821285EC2D67->9fa9a271-7bed-4435-b477-86c6ed0ece08: receive RaftClientReply:client-821285EC2D67->9fa9a271-7bed-4435-b477-86c6ed0ece08@group-0E07FAD1B91E, cid=3700, SUCCESS, logIndex=0, commits[9fa9a271-7bed-4435-b477-86c6ed0ece08:c5627, 06c1a879-4ae3-48dc-9686-b55cde066000:c5623, 67fae1a7-3cbe-4338-9d41-57e84498288b:c5622]
2019-07-10 10:27:49,141 INFO  client.GrpcClientProtocolClient (GrpcClientProtocolClient.java:onNext(255)) - client-821285EC2D67->9fa9a271-7bed-4435-b477-86c6ed0ece08: receive RaftClientReply:client-821285EC2D67->9fa9a271-7bed-4435-b477-86c6ed0ece08@group-0E07FAD1B91E, cid=3701, SUCCESS, logIndex=5629, commits[9fa9a271-7bed-4435-b477-86c6ed0ece08:c5630, 06c1a879-4ae3-48dc-9686-b55cde066000:c5628, 67fae1a7-3cbe-4338-9d41-57e84498288b:c5624]
2019-07-10 10:27:49,142 INFO  client.GrpcClientProtocolClient (GrpcClientProtocolClient.java:onNext(255)) - client-821285EC2D67->9fa9a271-7bed-4435-b477-86c6ed0ece08: receive RaftClientReply:client-821285EC2D67->9fa9a271-7bed-4435-b477-86c6ed0ece08@group-0E07FAD1B91E, cid=3702, SUCCESS, logIndex=5630, commits[9fa9a271-7bed-4435-b477-86c6ed0ece08:c5630, 06c1a879-4ae3-48dc-9686-b55cde066000:c5628, 67fae1a7-3cbe-4338-9d41-57e84498288b:c5628]
2019-07-10 10:27:49,158 INFO  client.GrpcClientProtocolClient (GrpcClientProtocolClient.java:onNext(255)) - client-821285EC2D67->9fa9a271-7bed-4435-b477-86c6ed0ece08: receive RaftClientReply:client-821285EC2D67->9fa9a271-7bed-4435-b477-86c6ed0ece08@group-0E07FAD1B91E, cid=3703, SUCCESS, logIndex=5633, commits[9fa9a271-7bed-4435-b477-86c6ed0ece08:c5633, 06c1a879-4ae3-48dc-9686-b55cde066000:c5632, 67fae1a7-3cbe-4338-9d41-57e84498288b:c5632]
2019-07-10 10:27:49,158 INFO  client.GrpcClientProtocolClient (GrpcClientProtocolClient.java:onNext(255)) - client-821285EC2D67->9fa9a271-7bed-4435-b477-86c6ed0ece08: receive RaftClientReply:client-821285EC2D67->9fa9a271-7bed-4435-b477-86c6ed0ece08@group-0E07FAD1B91E, cid=3704, SUCCESS, logIndex=5634, commits[9fa9a271-7bed-4435-b477-86c6ed0ece08:c5634, 06c1a879-4ae3-48dc-9686-b55cde066000:c5632, 67fae1a7-3cbe-4338-9d41-57e84498288b:c5632]
2019-07-10 10:27:49,167 INFO  client.GrpcClientProtocolClient (GrpcClientProtocolClient.java:onNext(255)) - client-821285EC2D67->9fa9a271-7bed-4435-b477-86c6ed0ece08: receive RaftClientReply:client-821285EC2D67->9fa9a271-7bed-4435-b477-86c6ed0ece08@group-0E07FAD1B91E, cid=3705, SUCCESS, logIndex=0, commits[9fa9a271-7bed-4435-b477-86c6ed0ece08:c5636, 06c1a879-4ae3-48dc-9686-b55cde066000:c5634, 67fae1a7-3cbe-4338-9d41-57e84498288b:c5634]
2019-07-10 10:27:49,198 INFO  client.GrpcClientProtocolClient (GrpcClientProtocolClient.java:onNext(255)) - client-821285EC2D67->9fa9a271-7bed-4435-b477-86c6ed0ece08: receive RaftClientReply:client-821285EC2D67->9fa9a271-7bed-4435-b477-86c6ed0ece08@group-0E07FAD1B91E, cid=3706, SUCCESS, logIndex=5637, commits[9fa9a271-7bed-4435-b477-86c6ed0ece08:c5638, 06c1a879-4ae3-48dc-9686-b55cde066000:c5636, 67fae1a7-3cbe-4338-9d41-57e84498288b:c5636]
2019-07-10 10:27:49,198 INFO  client.GrpcClientProtocolClient (GrpcClientProtocolClient.java:onNext(255)) - client-821285EC2D67->9fa9a271-7bed-4435-b477-86c6ed0ece08: receive RaftClientReply:client-821285EC2D67->9fa9a271-7bed-4435-b477-86c6ed0ece08@group-0E07FAD1B91E, cid=3707, SUCCESS, logIndex=5638, commits[9fa9a271-7bed-4435-b477-86c6ed0ece08:c5638, 06c1a879-4ae3-48dc-9686-b55cde066000:c5636, 67fae1a7-3cbe-4338-9d41-57e84498288b:c5636]
2019-07-10 10:27:49,200 INFO  client.GrpcClientProtocolClient (GrpcClientProtocolClient.java:onNext(255)) - client-821285EC2D67->9fa9a271-7bed-4435-b477-86c6ed0ece08: receive RaftClientReply:client-821285EC2D67->9fa9a271-7bed-4435-b477-86c6ed0ece08@group-0E07FAD1B91E, cid=3708, SUCCESS, logIndex=5639, commits[9fa9a271-7bed-4435-b477-86c6ed0ece08:c5640, 06c1a879-4ae3-48dc-9686-b55cde066000:c5636, 67fae1a7-3cbe-4338-9d41-57e84498288b:c5636]
2019-07-10 10:27:49,200 INFO  client.GrpcClientProtocolClient (GrpcClientProtocolClient.java:onNext(255)) - client-821285EC2D67->9fa9a271-7bed-4435-b477-86c6ed0ece08: receive RaftClientReply:client-821285EC2D67->9fa9a271-7bed-4435-b477-86c6ed0ece08@group-0E07FAD1B91E, cid=3709, SUCCESS, logIndex=5640, commits[9fa9a271-7bed-4435-b477-86c6ed0ece08:c5640, 06c1a879-4ae3-48dc-9686-b55cde066000:c5636, 67fae1a7-3cbe-4338-9d41-57e84498288b:c5636]
2019-07-10 10:27:49,211 INFO  client.GrpcClientProtocolClient (GrpcClientProtocolClient.java:onNext(255)) - client-821285EC2D67->9fa9a271-7bed-4435-b477-86c6ed0ece08: receive RaftClientReply:client-821285EC2D67->9fa9a271-7bed-4435-b477-86c6ed0ece08@group-0E07FAD1B91E, cid=3710, SUCCESS, logIndex=0, commits[9fa9a271-7bed-4435-b477-86c6ed0ece08:c5641, 06c1a879-4ae3-48dc-9686-b55cde066000:c5638, 67fae1a7-3cbe-4338-9d41-57e84498288b:c5638]
2019-07-10 10:27:49,224 INFO  client.GrpcClientProtocolClient (GrpcClientProtocolClient.java:onNext(255)) - client-821285EC2D67->9fa9a271-7bed-4435-b477-86c6ed0ece08: receive RaftClientReply:client-821285EC2D67->9fa9a271-7bed-4435-b477-86c6ed0ece08@group-0E07FAD1B91E, cid=3711, SUCCESS, logIndex=5645, commits[9fa9a271-7bed-4435-b477-86c6ed0ece08:c5646, 06c1a879-4ae3-48dc-9686-b55cde066000:c5641, 67fae1a7-3cbe-4338-9d41-57e84498288b:c5641]
2019-07-10 10:27:49,225 INFO  client.GrpcClientProtocolClient (GrpcClientProtocolClient.java:onNext(255)) - client-821285EC2D67->9fa9a271-7bed-4435-b477-86c6ed0ece08: receive RaftClientReply:client-821285EC2D67->9fa9a271-7bed-4435-b477-86c6ed0ece08@group-0E07FAD1B91E, cid=3712, SUCCESS, logIndex=5646, commits[9fa9a271-7bed-4435-b477-86c6ed0ece08:c5646, 06c1a879-4ae3-48dc-9686-b55cde066000:c5641, 67fae1a7-3cbe-4338-9d41-57e84498288b:c5641]
2019-07-10 10:27:49,349 INFO  client.GrpcClientProtocolClient (GrpcClientProtocolClient.java:onNext(255)) - client-821285EC2D67->9fa9a271-7bed-4435-b477-86c6ed0ece08: receive RaftClientReply:client-821285EC2D67->9fa9a271-7bed-4435-b477-86c6ed0ece08@group-0E07FAD1B91E, cid=3713, SUCCESS, logIndex=5649, commits[9fa9a271-7bed-4435-b477-86c6ed0ece08:c5650, 06c1a879-4ae3-48dc-9686-b55cde066000:c5646, 67fae1a7-3cbe-4338-9d41-57e84498288b:c5646]
2019-07-10 10:27:49,349 INFO  client.GrpcClientProtocolClient (GrpcClientProtocolClient.java:onNext(255)) - client-821285EC2D67->9fa9a271-7bed-4435-b477-86c6ed0ece08: receive RaftClientReply:client-821285EC2D67->9fa9a271-7bed-4435-b477-86c6ed0ece08@group-0E07FAD1B91E, cid=3714, SUCCESS, logIndex=5650, commits[9fa9a271-7bed-4435-b477-86c6ed0ece08:c5650, 06c1a879-4ae3-48dc-9686-b55cde066000:c5646, 67fae1a7-3cbe-4338-9d41-57e84498288b:c5646]
2019-07-10 10:27:49,359 INFO  client.GrpcClientProtocolClient (GrpcClientProtocolClient.java:onNext(255)) - client-821285EC2D67->9fa9a271-7bed-4435-b477-86c6ed0ece08: receive RaftClientReply:client-821285EC2D67->9fa9a271-7bed-4435-b477-86c6ed0ece08@group-0E07FAD1B91E, cid=3715, SUCCESS, logIndex=0, commits[9fa9a271-7bed-4435-b477-86c6ed0ece08:c5651, 06c1a879-4ae3-48dc-9686-b55cde066000:c5650, 67fae1a7-3cbe-4338-9d41-57e84498288b:c5650]
2019-07-10 10:27:49,394 INFO  client.GrpcClientProtocolClient (GrpcClientProtocolClient.java:onNext(255)) - client-821285EC2D67->9fa9a271-7bed-4435-b477-86c6ed0ece08: receive RaftClientReply:client-821285EC2D67->9fa9a271-7bed-4435-b477-86c6ed0ece08@group-0E07FAD1B91E, cid=3716, SUCCESS, logIndex=5653, commits[9fa9a271-7bed-4435-b477-86c6ed0ece08:c5653, 06c1a879-4ae3-48dc-9686-b55cde066000:c5652, 67fae1a7-3cbe-4338-9d41-57e84498288b:c5652]
2019-07-10 10:27:49,395 INFO  client.GrpcClientProtocolClient (GrpcClientProtocolClient.java:onNext(255)) - client-821285EC2D67->9fa9a271-7bed-4435-b477-86c6ed0ece08: receive RaftClientReply:client-821285EC2D67->9fa9a271-7bed-4435-b477-86c6ed0ece08@group-0E07FAD1B91E, cid=3717, SUCCESS, logIndex=5654, commits[9fa9a271-7bed-4435-b477-86c6ed0ece08:c5656, 06c1a879-4ae3-48dc-9686-b55cde066000:c5652, 67fae1a7-3cbe-4338-9d41-57e84498288b:c5652]
2019-07-10 10:27:49,395 INFO  client.GrpcClientProtocolClient (GrpcClientProtocolClient.java:onNext(255)) - client-821285EC2D67->9fa9a271-7bed-4435-b477-86c6ed0ece08: receive RaftClientReply:client-821285EC2D67->9fa9a271-7bed-4435-b477-86c6ed0ece08@group-0E07FAD1B91E, cid=3718, SUCCESS, logIndex=5655, commits[9fa9a271-7bed-4435-b477-86c6ed0ece08:c5656, 06c1a879-4ae3-48dc-9686-b55cde066000:c5652, 67fae1a7-3cbe-4338-9d41-57e84498288b:c5652]
2019-07-10 10:27:49,396 INFO  client.GrpcClientProtocolClient (GrpcClientProtocolClient.java:onNext(255)) - client-821285EC2D67->9fa9a271-7bed-4435-b477-86c6ed0ece08: receive RaftClientReply:client-821285EC2D67->9fa9a271-7bed-4435-b477-86c6ed0ece08@group-0E07FAD1B91E, cid=3719, SUCCESS, logIndex=5656, commits[9fa9a271-7bed-4435-b477-86c6ed0ece08:c5657, 06c1a879-4ae3-48dc-9686-b55cde066000:c5652, 67fae1a7-3cbe-4338-9d41-57e84498288b:c5653]
2019-07-10 10:27:49,399 INFO  client.GrpcClientProtocolClient (GrpcClientProtocolClient.java:onNext(255)) - client-821285EC2D67->9fa9a271-7bed-4435-b477-86c6ed0ece08: receive RaftClientReply:client-821285EC2D67->9fa9a271-7bed-4435-b477-86c6ed0ece08@group-0E07FAD1B91E, cid=3720, SUCCESS, logIndex=0, commits[9fa9a271-7bed-4435-b477-86c6ed0ece08:c5658, 06c1a879-4ae3-48dc-9686-b55cde066000:c5655, 67fae1a7-3cbe-4338-9d41-57e84498288b:c5655]
2019-07-10 10:27:49,419 INFO  client.GrpcClientProtocolClient (GrpcClientProtocolClient.java:onNext(255)) - client-821285EC2D67->9fa9a271-7bed-4435-b477-86c6ed0ece08: receive RaftClientReply:client-821285EC2D67->9fa9a271-7bed-4435-b477-86c6ed0ece08@group-0E07FAD1B91E, cid=3721, SUCCESS, logIndex=5660, commits[9fa9a271-7bed-4435-b477-86c6ed0ece08:c5661, 06c1a879-4ae3-48dc-9686-b55cde066000:c5659, 67fae1a7-3cbe-4338-9d41-57e84498288b:c5656]
2019-07-10 10:27:49,420 INFO  client.GrpcClientProtocolClient (GrpcClientProtocolClient.java:onNext(255)) - client-821285EC2D67->9fa9a271-7bed-4435-b477-86c6ed0ece08: receive RaftClientReply:client-821285EC2D67->9fa9a271-7bed-4435-b477-86c6ed0ece08@group-0E07FAD1B91E, cid=3722, SUCCESS, logIndex=5661, commits[9fa9a271-7bed-4435-b477-86c6ed0ece08:c5661, 06c1a879-4ae3-48dc-9686-b55cde066000:c5659, 67fae1a7-3cbe-4338-9d41-57e84498288b:c5659]
2019-07-10 10:27:49,443 INFO  client.GrpcClientProtocolClient (GrpcClientProtocolClient.java:onNext(255)) - client-821285EC2D67->9fa9a271-7bed-4435-b477-86c6ed0ece08: receive RaftClientReply:client-821285EC2D67->9fa9a271-7bed-4435-b477-86c6ed0ece08@group-0E07FAD1B91E, cid=3723, SUCCESS, logIndex=5664, commits[9fa9a271-7bed-4435-b477-86c6ed0ece08:c5665, 06c1a879-4ae3-48dc-9686-b55cde066000:c5661, 67fae1a7-3cbe-4338-9d41-57e84498288b:c5661]
2019-07-10 10:27:49,444 INFO  client.GrpcClientProtocolClient (GrpcClientProtocolClient.java:onNext(255)) - client-821285EC2D67->9fa9a271-7bed-4435-b477-86c6ed0ece08: receive RaftClientReply:client-821285EC2D67->9fa9a271-7bed-4435-b477-86c6ed0ece08@group-0E07FAD1B91E, cid=3724, SUCCESS, logIndex=5665, commits[9fa9a271-7bed-4435-b477-86c6ed0ece08:c5665, 06c1a879-4ae3-48dc-9686-b55cde066000:c5661, 67fae1a7-3cbe-4338-9d41-57e84498288b:c5661]
2019-07-10 10:27:49,465 INFO  client.GrpcClientProtocolClient (GrpcClientProtocolClient.java:onNext(255)) - client-821285EC2D67->9fa9a271-7bed-4435-b477-86c6ed0ece08: receive RaftClientReply:client-821285EC2D67->9fa9a271-7bed-4435-b477-86c6ed0ece08@group-0E07FAD1B91E, cid=3725, SUCCESS, logIndex=0, commits[9fa9a271-7bed-4435-b477-86c6ed0ece08:c5667, 06c1a879-4ae3-48dc-9686-b55cde066000:c5665, 67fae1a7-3cbe-4338-9d41-57e84498288b:c5665]
 0.00% |█                                                                                                    |  0/1 Time: 0:00:292019-07-10 10:27:49,497 INFO  client.GrpcClientProtocolClient (GrpcClientProtocolClient.java:onNext(255)) - client-821285EC2D67->9fa9a271-7bed-4435-b477-86c6ed0ece08: receive RaftClientReply:client-821285EC2D67->9fa9a271-7bed-4435-b477-86c6ed0ece08@group-0E07FAD1B91E, cid=3726, SUCCESS, logIndex=5668, commits[9fa9a271-7bed-4435-b477-86c6ed0ece08:c5669, 06c1a879-4ae3-48dc-9686-b55cde066000:c5667, 67fae1a7-3cbe-4338-9d41-57e84498288b:c5667]
2019-07-10 10:27:49,497 INFO  client.GrpcClientProtocolClient (GrpcClientProtocolClient.java:onNext(255)) - client-821285EC2D67->9fa9a271-7bed-4435-b477-86c6ed0ece08: receive RaftClientReply:client-821285EC2D67->9fa9a271-7bed-4435-b477-86c6ed0ece08@group-0E07FAD1B91E, cid=3727, SUCCESS, logIndex=5669, commits[9fa9a271-7bed-4435-b477-86c6ed0ece08:c5669, 06c1a879-4ae3-48dc-9686-b55cde066000:c5667, 67fae1a7-3cbe-4338-9d41-57e84498288b:c5667]
2019-07-10 10:27:49,498 INFO  client.GrpcClientProtocolClient (GrpcClientProtocolClient.java:onNext(255)) - client-821285EC2D67->9fa9a271-7bed-4435-b477-86c6ed0ece08: receive RaftClientReply:client-821285EC2D67->9fa9a271-7bed-4435-b477-86c6ed0ece08@group-0E07FAD1B91E, cid=3728, SUCCESS, logIndex=5670, commits[9fa9a271-7bed-4435-b477-86c6ed0ece08:c5671, 06c1a879-4ae3-48dc-9686-b55cde066000:c5667, 67fae1a7-3cbe-4338-9d41-57e84498288b:c5667]
2019-07-10 10:27:49,498 INFO  client.GrpcClientProtocolClient (GrpcClientProtocolClient.java:onNext(255)) - client-821285EC2D67->9fa9a271-7bed-4435-b477-86c6ed0ece08: receive RaftClientReply:client-821285EC2D67->9fa9a271-7bed-4435-b477-86c6ed0ece08@group-0E07FAD1B91E, cid=3729, SUCCESS, logIndex=5671, commits[9fa9a271-7bed-4435-b477-86c6ed0ece08:c5671, 06c1a879-4ae3-48dc-9686-b55cde066000:c5667, 67fae1a7-3cbe-4338-9d41-57e84498288b:c5667]
2019-07-10 10:27:49,502 INFO  client.GrpcClientProtocolClient (GrpcClientProtocolClient.java:onNext(255)) - client-821285EC2D67->9fa9a271-7bed-4435-b477-86c6ed0ece08: receive RaftClientReply:client-821285EC2D67->9fa9a271-7bed-4435-b477-86c6ed0ece08@group-0E07FAD1B91E, cid=3730, SUCCESS, logIndex=0, commits[9fa9a271-7bed-4435-b477-86c6ed0ece08:c5673, 06c1a879-4ae3-48dc-9686-b55cde066000:c5669, 67fae1a7-3cbe-4338-9d41-57e84498288b:c5669]
2019-07-10 10:27:49,520 INFO  client.GrpcClientProtocolClient (GrpcClientProtocolClient.java:onNext(255)) - client-821285EC2D67->9fa9a271-7bed-4435-b477-86c6ed0ece08: receive RaftClientReply:client-821285EC2D67->9fa9a271-7bed-4435-b477-86c6ed0ece08@group-0E07FAD1B91E, cid=3731, SUCCESS, logIndex=5676, commits[9fa9a271-7bed-4435-b477-86c6ed0ece08:c5677, 06c1a879-4ae3-48dc-9686-b55cde066000:c5675, 67fae1a7-3cbe-4338-9d41-57e84498288b:c5675]
2019-07-10 10:27:49,521 INFO  client.GrpcClientProtocolClient (GrpcClientProtocolClient.java:onNext(255)) - client-821285EC2D67->9fa9a271-7bed-4435-b477-86c6ed0ece08: receive RaftClientReply:client-821285EC2D67->9fa9a271-7bed-4435-b477-86c6ed0ece08@group-0E07FAD1B91E, cid=3732, SUCCESS, logIndex=5677, commits[9fa9a271-7bed-4435-b477-86c6ed0ece08:c5677, 06c1a879-4ae3-48dc-9686-b55cde066000:c5675, 67fae1a7-3cbe-4338-9d41-57e84498288b:c5675]
2019-07-10 10:27:49,543 INFO  client.GrpcClientProtocolClient (GrpcClientProtocolClient.java:onNext(255)) - client-821285EC2D67->9fa9a271-7bed-4435-b477-86c6ed0ece08: receive RaftClientReply:client-821285EC2D67->9fa9a271-7bed-4435-b477-86c6ed0ece08@group-0E07FAD1B91E, cid=3733, SUCCESS, logIndex=5680, commits[9fa9a271-7bed-4435-b477-86c6ed0ece08:c5681, 06c1a879-4ae3-48dc-9686-b55cde066000:c5677, 67fae1a7-3cbe-4338-9d41-57e84498288b:c5677]
2019-07-10 10:27:49,544 INFO  client.GrpcClientProtocolClient (GrpcClientProtocolClient.java:onNext(255)) - client-821285EC2D67->9fa9a271-7bed-4435-b477-86c6ed0ece08: receive RaftClientReply:client-821285EC2D67->9fa9a271-7bed-4435-b477-86c6ed0ece08@group-0E07FAD1B91E, cid=3734, SUCCESS, logIndex=5681, commits[9fa9a271-7bed-4435-b477-86c6ed0ece08:c5681, 06c1a879-4ae3-48dc-9686-b55cde066000:c5677, 67fae1a7-3cbe-4338-9d41-57e84498288b:c5677]
2019-07-10 10:27:49,553 INFO  client.GrpcClientProtocolClient (GrpcClientProtocolClient.java:onNext(255)) - client-821285EC2D67->9fa9a271-7bed-4435-b477-86c6ed0ece08: receive RaftClientReply:client-821285EC2D67->9fa9a271-7bed-4435-b477-86c6ed0ece08@group-0E07FAD1B91E, cid=3735, SUCCESS, logIndex=0, commits[9fa9a271-7bed-4435-b477-86c6ed0ece08:c5682, 06c1a879-4ae3-48dc-9686-b55cde066000:c5681, 67fae1a7-3cbe-4338-9d41-57e84498288b:c5681]
2019-07-10 10:27:49,589 INFO  client.GrpcClientProtocolClient (GrpcClientProtocolClient.java:onNext(255)) - client-821285EC2D67->9fa9a271-7bed-4435-b477-86c6ed0ece08: receive RaftClientReply:client-821285EC2D67->9fa9a271-7bed-4435-b477-86c6ed0ece08@group-0E07FAD1B91E, cid=3736, SUCCESS, logIndex=5684, commits[9fa9a271-7bed-4435-b477-86c6ed0ece08:c5685, 06c1a879-4ae3-48dc-9686-b55cde066000:c5683, 67fae1a7-3cbe-4338-9d41-57e84498288b:c5683]
2019-07-10 10:27:49,590 INFO  client.GrpcClientProtocolClient (GrpcClientProtocolClient.java:onNext(255)) - client-821285EC2D67->9fa9a271-7bed-4435-b477-86c6ed0ece08: receive RaftClientReply:client-821285EC2D67->9fa9a271-7bed-4435-b477-86c6ed0ece08@group-0E07FAD1B91E, cid=3737, SUCCESS, logIndex=5685, commits[9fa9a271-7bed-4435-b477-86c6ed0ece08:c5685, 06c1a879-4ae3-48dc-9686-b55cde066000:c5683, 67fae1a7-3cbe-4338-9d41-57e84498288b:c5683]
2019-07-10 10:27:49,590 INFO  client.GrpcClientProtocolClient (GrpcClientProtocolClient.java:onNext(255)) - client-821285EC2D67->9fa9a271-7bed-4435-b477-86c6ed0ece08: receive RaftClientReply:client-821285EC2D67->9fa9a271-7bed-4435-b477-86c6ed0ece08@group-0E07FAD1B91E, cid=3738, SUCCESS, logIndex=5686, commits[9fa9a271-7bed-4435-b477-86c6ed0ece08:c5687, 06c1a879-4ae3-48dc-9686-b55cde066000:c5683, 67fae1a7-3cbe-4338-9d41-57e84498288b:c5683]
2019-07-10 10:27:49,590 INFO  client.GrpcClientProtocolClient (GrpcClientProtocolClient.java:onNext(255)) - client-821285EC2D67->9fa9a271-7bed-4435-b477-86c6ed0ece08: receive RaftClientReply:client-821285EC2D67->9fa9a271-7bed-4435-b477-86c6ed0ece08@group-0E07FAD1B91E, cid=3739, SUCCESS, logIndex=5687, commits[9fa9a271-7bed-4435-b477-86c6ed0ece08:c5687, 06c1a879-4ae3-48dc-9686-b55cde066000:c5683, 67fae1a7-3cbe-4338-9d41-57e84498288b:c5683]
2019-07-10 10:27:49,593 INFO  client.GrpcClientProtocolClient (GrpcClientProtocolClient.java:onNext(255)) - client-821285EC2D67->9fa9a271-7bed-4435-b477-86c6ed0ece08: receive RaftClientReply:client-821285EC2D67->9fa9a271-7bed-4435-b477-86c6ed0ece08@group-0E07FAD1B91E, cid=3740, SUCCESS, logIndex=0, commits[9fa9a271-7bed-4435-b477-86c6ed0ece08:c5689, 06c1a879-4ae3-48dc-9686-b55cde066000:c5685, 67fae1a7-3cbe-4338-9d41-57e84498288b:c5685]
2019-07-10 10:27:49,613 INFO  client.GrpcClientProtocolClient (GrpcClientProtocolClient.java:onNext(255)) - client-821285EC2D67->9fa9a271-7bed-4435-b477-86c6ed0ece08: receive RaftClientReply:client-821285EC2D67->9fa9a271-7bed-4435-b477-86c6ed0ece08@group-0E07FAD1B91E, cid=3741, SUCCESS, logIndex=5692, commits[9fa9a271-7bed-4435-b477-86c6ed0ece08:c5693, 06c1a879-4ae3-48dc-9686-b55cde066000:c5691, 67fae1a7-3cbe-4338-9d41-57e84498288b:c5687]
2019-07-10 10:27:49,613 INFO  client.GrpcClientProtocolClient (GrpcClientProtocolClient.java:onNext(255)) - client-821285EC2D67->9fa9a271-7bed-4435-b477-86c6ed0ece08: receive RaftClientReply:client-821285EC2D67->9fa9a271-7bed-4435-b477-86c6ed0ece08@group-0E07FAD1B91E, cid=3742, SUCCESS, logIndex=5693, commits[9fa9a271-7bed-4435-b477-86c6ed0ece08:c5693, 06c1a879-4ae3-48dc-9686-b55cde066000:c5691, 67fae1a7-3cbe-4338-9d41-57e84498288b:c5691]
2019-07-10 10:27:49,627 INFO  client.GrpcClientProtocolClient (GrpcClientProtocolClient.java:onNext(255)) - client-821285EC2D67->9fa9a271-7bed-4435-b477-86c6ed0ece08: receive RaftClientReply:client-821285EC2D67->9fa9a271-7bed-4435-b477-86c6ed0ece08@group-0E07FAD1B91E, cid=3743, SUCCESS, logIndex=5696, commits[9fa9a271-7bed-4435-b477-86c6ed0ece08:c5697, 06c1a879-4ae3-48dc-9686-b55cde066000:c5693, 67fae1a7-3cbe-4338-9d41-57e84498288b:c5695]
2019-07-10 10:27:49,627 INFO  client.GrpcClientProtocolClient (GrpcClientProtocolClient.java:onNext(255)) - client-821285EC2D67->9fa9a271-7bed-4435-b477-86c6ed0ece08: receive RaftClientReply:client-821285EC2D67->9fa9a271-7bed-4435-b477-86c6ed0ece08@group-0E07FAD1B91E, cid=3744, SUCCESS, logIndex=5697, commits[9fa9a271-7bed-4435-b477-86c6ed0ece08:c5697, 06c1a879-4ae3-48dc-9686-b55cde066000:c5695, 67fae1a7-3cbe-4338-9d41-57e84498288b:c5695]
2019-07-10 10:27:49,639 INFO  client.GrpcClientProtocolClient (GrpcClientProtocolClient.java:onNext(255)) - client-821285EC2D67->9fa9a271-7bed-4435-b477-86c6ed0ece08: receive RaftClientReply:client-821285EC2D67->9fa9a271-7bed-4435-b477-86c6ed0ece08@group-0E07FAD1B91E, cid=3745, SUCCESS, logIndex=0, commits[9fa9a271-7bed-4435-b477-86c6ed0ece08:c5699, 06c1a879-4ae3-48dc-9686-b55cde066000:c5697, 67fae1a7-3cbe-4338-9d41-57e84498288b:c5697]
2019-07-10 10:27:49,672 INFO  client.GrpcClientProtocolClient (GrpcClientProtocolClient.java:onNext(255)) - client-821285EC2D67->9fa9a271-7bed-4435-b477-86c6ed0ece08: receive RaftClientReply:client-821285EC2D67->9fa9a271-7bed-4435-b477-86c6ed0ece08@group-0E07FAD1B91E, cid=3746, SUCCESS, logIndex=5700, commits[9fa9a271-7bed-4435-b477-86c6ed0ece08:c5701, 06c1a879-4ae3-48dc-9686-b55cde066000:c5699, 67fae1a7-3cbe-4338-9d41-57e84498288b:c5699]
2019-07-10 10:27:49,673 INFO  client.GrpcClientProtocolClient (GrpcClientProtocolClient.java:onNext(255)) - client-821285EC2D67->9fa9a271-7bed-4435-b477-86c6ed0ece08: receive RaftClientReply:client-821285EC2D67->9fa9a271-7bed-4435-b477-86c6ed0ece08@group-0E07FAD1B91E, cid=3747, SUCCESS, logIndex=5701, commits[9fa9a271-7bed-4435-b477-86c6ed0ece08:c5703, 06c1a879-4ae3-48dc-9686-b55cde066000:c5699, 67fae1a7-3cbe-4338-9d41-57e84498288b:c5699]
2019-07-10 10:27:49,674 INFO  client.GrpcClientProtocolClient (GrpcClientProtocolClient.java:onNext(255)) - client-821285EC2D67->9fa9a271-7bed-4435-b477-86c6ed0ece08: receive RaftClientReply:client-821285EC2D67->9fa9a271-7bed-4435-b477-86c6ed0ece08@group-0E07FAD1B91E, cid=3748, SUCCESS, logIndex=5702, commits[9fa9a271-7bed-4435-b477-86c6ed0ece08:c5703, 06c1a879-4ae3-48dc-9686-b55cde066000:c5699, 67fae1a7-3cbe-4338-9d41-57e84498288b:c5699]
2019-07-10 10:27:49,674 INFO  client.GrpcClientProtocolClient (GrpcClientProtocolClient.java:onNext(255)) - client-821285EC2D67->9fa9a271-7bed-4435-b477-86c6ed0ece08: receive RaftClientReply:client-821285EC2D67->9fa9a271-7bed-4435-b477-86c6ed0ece08@group-0E07FAD1B91E, cid=3749, SUCCESS, logIndex=5703, commits[9fa9a271-7bed-4435-b477-86c6ed0ece08:c5703, 06c1a879-4ae3-48dc-9686-b55cde066000:c5699, 67fae1a7-3cbe-4338-9d41-57e84498288b:c5699]
2019-07-10 10:27:49,676 INFO  client.GrpcClientProtocolClient (GrpcClientProtocolClient.java:onNext(255)) - client-821285EC2D67->9fa9a271-7bed-4435-b477-86c6ed0ece08: receive RaftClientReply:client-821285EC2D67->9fa9a271-7bed-4435-b477-86c6ed0ece08@group-0E07FAD1B91E, cid=3750, SUCCESS, logIndex=0, commits[9fa9a271-7bed-4435-b477-86c6ed0ece08:c5705, 06c1a879-4ae3-48dc-9686-b55cde066000:c5701, 67fae1a7-3cbe-4338-9d41-57e84498288b:c5701]
2019-07-10 10:27:49,688 INFO  client.GrpcClientProtocolClient (GrpcClientProtocolClient.java:onNext(255)) - client-821285EC2D67->9fa9a271-7bed-4435-b477-86c6ed0ece08: receive RaftClientReply:client-821285EC2D67->9fa9a271-7bed-4435-b477-86c6ed0ece08@group-0E07FAD1B91E, cid=3751, SUCCESS, logIndex=5708, commits[9fa9a271-7bed-4435-b477-86c6ed0ece08:c5709, 06c1a879-4ae3-48dc-9686-b55cde066000:c5705, 67fae1a7-3cbe-4338-9d41-57e84498288b:c5703]
2019-07-10 10:27:49,688 INFO  client.GrpcClientProtocolClient (GrpcClientProtocolClient.java:onNext(255)) - client-821285EC2D67->9fa9a271-7bed-4435-b477-86c6ed0ece08: receive RaftClientReply:client-821285EC2D67->9fa9a271-7bed-4435-b477-86c6ed0ece08@group-0E07FAD1B91E, cid=3752, SUCCESS, logIndex=5709, commits[9fa9a271-7bed-4435-b477-86c6ed0ece08:c5709, 06c1a879-4ae3-48dc-9686-b55cde066000:c5705, 67fae1a7-3cbe-4338-9d41-57e84498288b:c5705]
2019-07-10 10:27:49,703 INFO  client.GrpcClientProtocolClient (GrpcClientProtocolClient.java:onNext(255)) - client-821285EC2D67->9fa9a271-7bed-4435-b477-86c6ed0ece08: receive RaftClientReply:client-821285EC2D67->9fa9a271-7bed-4435-b477-86c6ed0ece08@group-0E07FAD1B91E, cid=3753, SUCCESS, logIndex=5712, commits[9fa9a271-7bed-4435-b477-86c6ed0ece08:c5713, 06c1a879-4ae3-48dc-9686-b55cde066000:c5711, 67fae1a7-3cbe-4338-9d41-57e84498288b:c5711]
2019-07-10 10:27:49,704 INFO  client.GrpcClientProtocolClient (GrpcClientProtocolClient.java:onNext(255)) - client-821285EC2D67->9fa9a271-7bed-4435-b477-86c6ed0ece08: receive RaftClientReply:client-821285EC2D67->9fa9a271-7bed-4435-b477-86c6ed0ece08@group-0E07FAD1B91E, cid=3754, SUCCESS, logIndex=5713, commits[9fa9a271-7bed-4435-b477-86c6ed0ece08:c5713, 06c1a879-4ae3-48dc-9686-b55cde066000:c5711, 67fae1a7-3cbe-4338-9d41-57e84498288b:c5711]
2019-07-10 10:27:49,716 INFO  client.GrpcClientProtocolClient (GrpcClientProtocolClient.java:onNext(255)) - client-821285EC2D67->9fa9a271-7bed-4435-b477-86c6ed0ece08: receive RaftClientReply:client-821285EC2D67->9fa9a271-7bed-4435-b477-86c6ed0ece08@group-0E07FAD1B91E, cid=3755, SUCCESS, logIndex=0, commits[9fa9a271-7bed-4435-b477-86c6ed0ece08:c5715, 06c1a879-4ae3-48dc-9686-b55cde066000:c5713, 67fae1a7-3cbe-4338-9d41-57e84498288b:c5713]
2019-07-10 10:27:49,749 INFO  client.GrpcClientProtocolClient (GrpcClientProtocolClient.java:onNext(255)) - client-821285EC2D67->9fa9a271-7bed-4435-b477-86c6ed0ece08: receive RaftClientReply:client-821285EC2D67->9fa9a271-7bed-4435-b477-86c6ed0ece08@group-0E07FAD1B91E, cid=3756, SUCCESS, logIndex=5716, commits[9fa9a271-7bed-4435-b477-86c6ed0ece08:c5717, 06c1a879-4ae3-48dc-9686-b55cde066000:c5715, 67fae1a7-3cbe-4338-9d41-57e84498288b:c5715]
2019-07-10 10:27:49,750 INFO  client.GrpcClientProtocolClient (GrpcClientProtocolClient.java:onNext(255)) - client-821285EC2D67->9fa9a271-7bed-4435-b477-86c6ed0ece08: receive RaftClientReply:client-821285EC2D67->9fa9a271-7bed-4435-b477-86c6ed0ece08@group-0E07FAD1B91E, cid=3757, SUCCESS, logIndex=5717, commits[9fa9a271-7bed-4435-b477-86c6ed0ece08:c5717, 06c1a879-4ae3-48dc-9686-b55cde066000:c5715, 67fae1a7-3cbe-4338-9d41-57e84498288b:c5715]
2019-07-10 10:27:49,750 INFO  client.GrpcClientProtocolClient (GrpcClientProtocolClient.java:onNext(255)) - client-821285EC2D67->9fa9a271-7bed-4435-b477-86c6ed0ece08: receive RaftClientReply:client-821285EC2D67->9fa9a271-7bed-4435-b477-86c6ed0ece08@group-0E07FAD1B91E, cid=3758, SUCCESS, logIndex=5718, commits[9fa9a271-7bed-4435-b477-86c6ed0ece08:c5719, 06c1a879-4ae3-48dc-9686-b55cde066000:c5715, 67fae1a7-3cbe-4338-9d41-57e84498288b:c5715]
2019-07-10 10:27:49,750 INFO  client.GrpcClientProtocolClient (GrpcClientProtocolClient.java:onNext(255)) - client-821285EC2D67->9fa9a271-7bed-4435-b477-86c6ed0ece08: receive RaftClientReply:client-821285EC2D67->9fa9a271-7bed-4435-b477-86c6ed0ece08@group-0E07FAD1B91E, cid=3759, SUCCESS, logIndex=5719, commits[9fa9a271-7bed-4435-b477-86c6ed0ece08:c5719, 06c1a879-4ae3-48dc-9686-b55cde066000:c5715, 67fae1a7-3cbe-4338-9d41-57e84498288b:c5715]
2019-07-10 10:27:49,755 INFO  client.GrpcClientProtocolClient (GrpcClientProtocolClient.java:onNext(255)) - client-821285EC2D67->9fa9a271-7bed-4435-b477-86c6ed0ece08: receive RaftClientReply:client-821285EC2D67->9fa9a271-7bed-4435-b477-86c6ed0ece08@group-0E07FAD1B91E, cid=3760, SUCCESS, logIndex=0, commits[9fa9a271-7bed-4435-b477-86c6ed0ece08:c5721, 06c1a879-4ae3-48dc-9686-b55cde066000:c5717, 67fae1a7-3cbe-4338-9d41-57e84498288b:c5717]
2019-07-10 10:27:49,775 INFO  client.GrpcClientProtocolClient (GrpcClientProtocolClient.java:onNext(255)) - client-821285EC2D67->9fa9a271-7bed-4435-b477-86c6ed0ece08: receive RaftClientReply:client-821285EC2D67->9fa9a271-7bed-4435-b477-86c6ed0ece08@group-0E07FAD1B91E, cid=3761, SUCCESS, logIndex=5724, commits[9fa9a271-7bed-4435-b477-86c6ed0ece08:c5725, 06c1a879-4ae3-48dc-9686-b55cde066000:c5723, 67fae1a7-3cbe-4338-9d41-57e84498288b:c5719]
2019-07-10 10:27:49,776 INFO  client.GrpcClientProtocolClient (GrpcClientProtocolClient.java:onNext(255)) - client-821285EC2D67->9fa9a271-7bed-4435-b477-86c6ed0ece08: receive RaftClientReply:client-821285EC2D67->9fa9a271-7bed-4435-b477-86c6ed0ece08@group-0E07FAD1B91E, cid=3762, SUCCESS, logIndex=5725, commits[9fa9a271-7bed-4435-b477-86c6ed0ece08:c5725, 06c1a879-4ae3-48dc-9686-b55cde066000:c5723, 67fae1a7-3cbe-4338-9d41-57e84498288b:c5723]
2019-07-10 10:27:49,798 INFO  client.GrpcClientProtocolClient (GrpcClientProtocolClient.java:onNext(255)) - client-821285EC2D67->9fa9a271-7bed-4435-b477-86c6ed0ece08: receive RaftClientReply:client-821285EC2D67->9fa9a271-7bed-4435-b477-86c6ed0ece08@group-0E07FAD1B91E, cid=3763, SUCCESS, logIndex=5728, commits[9fa9a271-7bed-4435-b477-86c6ed0ece08:c5729, 06c1a879-4ae3-48dc-9686-b55cde066000:c5725, 67fae1a7-3cbe-4338-9d41-57e84498288b:c5725]
2019-07-10 10:27:49,799 INFO  client.GrpcClientProtocolClient (GrpcClientProtocolClient.java:onNext(255)) - client-821285EC2D67->9fa9a271-7bed-4435-b477-86c6ed0ece08: receive RaftClientReply:client-821285EC2D67->9fa9a271-7bed-4435-b477-86c6ed0ece08@group-0E07FAD1B91E, cid=3764, SUCCESS, logIndex=5729, commits[9fa9a271-7bed-4435-b477-86c6ed0ece08:c5729, 06c1a879-4ae3-48dc-9686-b55cde066000:c5725, 67fae1a7-3cbe-4338-9d41-57e84498288b:c5725]
2019-07-10 10:27:49,820 INFO  client.GrpcClientProtocolClient (GrpcClientProtocolClient.java:onNext(255)) - client-821285EC2D67->9fa9a271-7bed-4435-b477-86c6ed0ece08: receive RaftClientReply:client-821285EC2D67->9fa9a271-7bed-4435-b477-86c6ed0ece08@group-0E07FAD1B91E, cid=3765, SUCCESS, logIndex=0, commits[9fa9a271-7bed-4435-b477-86c6ed0ece08:c5731, 06c1a879-4ae3-48dc-9686-b55cde066000:c5729, 67fae1a7-3cbe-4338-9d41-57e84498288b:c5729]
2019-07-10 10:27:49,850 INFO  client.GrpcClientProtocolClient (GrpcClientProtocolClient.java:onNext(255)) - client-821285EC2D67->9fa9a271-7bed-4435-b477-86c6ed0ece08: receive RaftClientReply:client-821285EC2D67->9fa9a271-7bed-4435-b477-86c6ed0ece08@group-0E07FAD1B91E, cid=3766, SUCCESS, logIndex=5732, commits[9fa9a271-7bed-4435-b477-86c6ed0ece08:c5733, 06c1a879-4ae3-48dc-9686-b55cde066000:c5731, 67fae1a7-3cbe-4338-9d41-57e84498288b:c5731]
2019-07-10 10:27:49,851 INFO  client.GrpcClientProtocolClient (GrpcClientProtocolClient.java:onNext(255)) - client-821285EC2D67->9fa9a271-7bed-4435-b477-86c6ed0ece08: receive RaftClientReply:client-821285EC2D67->9fa9a271-7bed-4435-b477-86c6ed0ece08@group-0E07FAD1B91E, cid=3767, SUCCESS, logIndex=5733, commits[9fa9a271-7bed-4435-b477-86c6ed0ece08:c5733, 06c1a879-4ae3-48dc-9686-b55cde066000:c5731, 67fae1a7-3cbe-4338-9d41-57e84498288b:c5731]
2019-07-10 10:27:49,860 INFO  client.GrpcClientProtocolClient (GrpcClientProtocolClient.java:onNext(255)) - client-821285EC2D67->9fa9a271-7bed-4435-b477-86c6ed0ece08: receive RaftClientReply:client-821285EC2D67->9fa9a271-7bed-4435-b477-86c6ed0ece08@group-0E07FAD1B91E, cid=3768, SUCCESS, logIndex=5734, commits[9fa9a271-7bed-4435-b477-86c6ed0ece08:c5735, 06c1a879-4ae3-48dc-9686-b55cde066000:c5731, 67fae1a7-3cbe-4338-9d41-57e84498288b:c5731]
2019-07-10 10:27:49,860 INFO  client.GrpcClientProtocolClient (GrpcClientProtocolClient.java:onNext(255)) - client-821285EC2D67->9fa9a271-7bed-4435-b477-86c6ed0ece08: receive RaftClientReply:client-821285EC2D67->9fa9a271-7bed-4435-b477-86c6ed0ece08@group-0E07FAD1B91E, cid=3769, SUCCESS, logIndex=5735, commits[9fa9a271-7bed-4435-b477-86c6ed0ece08:c5735, 06c1a879-4ae3-48dc-9686-b55cde066000:c5731, 67fae1a7-3cbe-4338-9d41-57e84498288b:c5731]
2019-07-10 10:27:49,863 INFO  client.GrpcClientProtocolClient (GrpcClientProtocolClient.java:onNext(255)) - client-821285EC2D67->9fa9a271-7bed-4435-b477-86c6ed0ece08: receive RaftClientReply:client-821285EC2D67->9fa9a271-7bed-4435-b477-86c6ed0ece08@group-0E07FAD1B91E, cid=3770, SUCCESS, logIndex=0, commits[9fa9a271-7bed-4435-b477-86c6ed0ece08:c5737, 06c1a879-4ae3-48dc-9686-b55cde066000:c5733, 67fae1a7-3cbe-4338-9d41-57e84498288b:c5733]
2019-07-10 10:27:49,883 INFO  client.GrpcClientProtocolClient (GrpcClientProtocolClient.java:onNext(255)) - client-821285EC2D67->9fa9a271-7bed-4435-b477-86c6ed0ece08: receive RaftClientReply:client-821285EC2D67->9fa9a271-7bed-4435-b477-86c6ed0ece08@group-0E07FAD1B91E, cid=3771, SUCCESS, logIndex=5740, commits[9fa9a271-7bed-4435-b477-86c6ed0ece08:c5741, 06c1a879-4ae3-48dc-9686-b55cde066000:c5739, 67fae1a7-3cbe-4338-9d41-57e84498288b:c5739]
2019-07-10 10:27:49,884 INFO  client.GrpcClientProtocolClient (GrpcClientProtocolClient.java:onNext(255)) - client-821285EC2D67->9fa9a271-7bed-4435-b477-86c6ed0ece08: receive RaftClientReply:client-821285EC2D67->9fa9a271-7bed-4435-b477-86c6ed0ece08@group-0E07FAD1B91E, cid=3772, SUCCESS, logIndex=5741, commits[9fa9a271-7bed-4435-b477-86c6ed0ece08:c5741, 06c1a879-4ae3-48dc-9686-b55cde066000:c5739, 67fae1a7-3cbe-4338-9d41-57e84498288b:c5739]
2019-07-10 10:27:49,905 INFO  client.GrpcClientProtocolClient (GrpcClientProtocolClient.java:onNext(255)) - client-821285EC2D67->9fa9a271-7bed-4435-b477-86c6ed0ece08: receive RaftClientReply:client-821285EC2D67->9fa9a271-7bed-4435-b477-86c6ed0ece08@group-0E07FAD1B91E, cid=3773, SUCCESS, logIndex=5744, commits[9fa9a271-7bed-4435-b477-86c6ed0ece08:c5745, 06c1a879-4ae3-48dc-9686-b55cde066000:c5741, 67fae1a7-3cbe-4338-9d41-57e84498288b:c5740]
2019-07-10 10:27:49,906 INFO  client.GrpcClientProtocolClient (GrpcClientProtocolClient.java:onNext(255)) - client-821285EC2D67->9fa9a271-7bed-4435-b477-86c6ed0ece08: receive RaftClientReply:client-821285EC2D67->9fa9a271-7bed-4435-b477-86c6ed0ece08@group-0E07FAD1B91E, cid=3774, SUCCESS, logIndex=5745, commits[9fa9a271-7bed-4435-b477-86c6ed0ece08:c5745, 06c1a879-4ae3-48dc-9686-b55cde066000:c5741, 67fae1a7-3cbe-4338-9d41-57e84498288b:c5741]
2019-07-10 10:27:49,929 INFO  client.GrpcClientProtocolClient (GrpcClientProtocolClient.java:onNext(255)) - client-821285EC2D67->9fa9a271-7bed-4435-b477-86c6ed0ece08: receive RaftClientReply:client-821285EC2D67->9fa9a271-7bed-4435-b477-86c6ed0ece08@group-0E07FAD1B91E, cid=3775, SUCCESS, logIndex=0, commits[9fa9a271-7bed-4435-b477-86c6ed0ece08:c5747, 06c1a879-4ae3-48dc-9686-b55cde066000:c5745, 67fae1a7-3cbe-4338-9d41-57e84498288b:c5745]
2019-07-10 10:27:49,967 INFO  client.GrpcClientProtocolClient (GrpcClientProtocolClient.java:onNext(255)) - client-821285EC2D67->9fa9a271-7bed-4435-b477-86c6ed0ece08: receive RaftClientReply:client-821285EC2D67->9fa9a271-7bed-4435-b477-86c6ed0ece08@group-0E07FAD1B91E, cid=3776, SUCCESS, logIndex=5748, commits[9fa9a271-7bed-4435-b477-86c6ed0ece08:c5750, 06c1a879-4ae3-48dc-9686-b55cde066000:c5747, 67fae1a7-3cbe-4338-9d41-57e84498288b:c5747]
2019-07-10 10:27:49,968 INFO  client.GrpcClientProtocolClient (GrpcClientProtocolClient.java:onNext(255)) - client-821285EC2D67->9fa9a271-7bed-4435-b477-86c6ed0ece08: receive RaftClientReply:client-821285EC2D67->9fa9a271-7bed-4435-b477-86c6ed0ece08@group-0E07FAD1B91E, cid=3777, SUCCESS, logIndex=5749, commits[9fa9a271-7bed-4435-b477-86c6ed0ece08:c5751, 06c1a879-4ae3-48dc-9686-b55cde066000:c5747, 67fae1a7-3cbe-4338-9d41-57e84498288b:c5747]
2019-07-10 10:27:49,968 INFO  client.GrpcClientProtocolClient (GrpcClientProtocolClient.java:onNext(255)) - client-821285EC2D67->9fa9a271-7bed-4435-b477-86c6ed0ece08: receive RaftClientReply:client-821285EC2D67->9fa9a271-7bed-4435-b477-86c6ed0ece08@group-0E07FAD1B91E, cid=3778, SUCCESS, logIndex=5750, commits[9fa9a271-7bed-4435-b477-86c6ed0ece08:c5751, 06c1a879-4ae3-48dc-9686-b55cde066000:c5747, 67fae1a7-3cbe-4338-9d41-57e84498288b:c5747]
2019-07-10 10:27:49,968 INFO  client.GrpcClientProtocolClient (GrpcClientProtocolClient.java:onNext(255)) - client-821285EC2D67->9fa9a271-7bed-4435-b477-86c6ed0ece08: receive RaftClientReply:client-821285EC2D67->9fa9a271-7bed-4435-b477-86c6ed0ece08@group-0E07FAD1B91E, cid=3779, SUCCESS, logIndex=5751, commits[9fa9a271-7bed-4435-b477-86c6ed0ece08:c5751, 06c1a879-4ae3-48dc-9686-b55cde066000:c5747, 67fae1a7-3cbe-4338-9d41-57e84498288b:c5747]
2019-07-10 10:27:49,977 INFO  client.GrpcClientProtocolClient (GrpcClientProtocolClient.java:onNext(255)) - client-821285EC2D67->9fa9a271-7bed-4435-b477-86c6ed0ece08: receive RaftClientReply:client-821285EC2D67->9fa9a271-7bed-4435-b477-86c6ed0ece08@group-0E07FAD1B91E, cid=3780, SUCCESS, logIndex=0, commits[9fa9a271-7bed-4435-b477-86c6ed0ece08:c5752, 06c1a879-4ae3-48dc-9686-b55cde066000:c5749, 67fae1a7-3cbe-4338-9d41-57e84498288b:c5749]
2019-07-10 10:27:49,996 INFO  client.GrpcClientProtocolClient (GrpcClientProtocolClient.java:onNext(255)) - client-821285EC2D67->9fa9a271-7bed-4435-b477-86c6ed0ece08: receive RaftClientReply:client-821285EC2D67->9fa9a271-7bed-4435-b477-86c6ed0ece08@group-0E07FAD1B91E, cid=3781, SUCCESS, logIndex=5756, commits[9fa9a271-7bed-4435-b477-86c6ed0ece08:c5757, 06c1a879-4ae3-48dc-9686-b55cde066000:c5755, 67fae1a7-3cbe-4338-9d41-57e84498288b:c5755]
2019-07-10 10:27:49,996 INFO  client.GrpcClientProtocolClient (GrpcClientProtocolClient.java:onNext(255)) - client-821285EC2D67->9fa9a271-7bed-4435-b477-86c6ed0ece08: receive RaftClientReply:client-821285EC2D67->9fa9a271-7bed-4435-b477-86c6ed0ece08@group-0E07FAD1B91E, cid=3782, SUCCESS, logIndex=5757, commits[9fa9a271-7bed-4435-b477-86c6ed0ece08:c5757, 06c1a879-4ae3-48dc-9686-b55cde066000:c5755, 67fae1a7-3cbe-4338-9d41-57e84498288b:c5755]
2019-07-10 10:27:50,018 INFO  client.GrpcClientProtocolClient (GrpcClientProtocolClient.java:onNext(255)) - client-821285EC2D67->9fa9a271-7bed-4435-b477-86c6ed0ece08: receive RaftClientReply:client-821285EC2D67->9fa9a271-7bed-4435-b477-86c6ed0ece08@group-0E07FAD1B91E, cid=3783, SUCCESS, logIndex=5760, commits[9fa9a271-7bed-4435-b477-86c6ed0ece08:c5761, 06c1a879-4ae3-48dc-9686-b55cde066000:c5757, 67fae1a7-3cbe-4338-9d41-57e84498288b:c5756]
2019-07-10 10:27:50,018 INFO  client.GrpcClientProtocolClient (GrpcClientProtocolClient.java:onNext(255)) - client-821285EC2D67->9fa9a271-7bed-4435-b477-86c6ed0ece08: receive RaftClientReply:client-821285EC2D67->9fa9a271-7bed-4435-b477-86c6ed0ece08@group-0E07FAD1B91E, cid=3784, SUCCESS, logIndex=5761, commits[9fa9a271-7bed-4435-b477-86c6ed0ece08:c5761, 06c1a879-4ae3-48dc-9686-b55cde066000:c5757, 67fae1a7-3cbe-4338-9d41-57e84498288b:c5757]
2019-07-10 10:27:50,021 INFO  client.GrpcClientProtocolClient (GrpcClientProtocolClient.java:onNext(255)) - client-821285EC2D67->9fa9a271-7bed-4435-b477-86c6ed0ece08: receive RaftClientReply:client-821285EC2D67->9fa9a271-7bed-4435-b477-86c6ed0ece08@group-0E07FAD1B91E, cid=3785, SUCCESS, logIndex=0, commits[9fa9a271-7bed-4435-b477-86c6ed0ece08:c5762, 06c1a879-4ae3-48dc-9686-b55cde066000:c5761, 67fae1a7-3cbe-4338-9d41-57e84498288b:c5761]
2019-07-10 10:27:50,049 INFO  client.GrpcClientProtocolClient (GrpcClientProtocolClient.java:onNext(255)) - client-821285EC2D67->9fa9a271-7bed-4435-b477-86c6ed0ece08: receive RaftClientReply:client-821285EC2D67->9fa9a271-7bed-4435-b477-86c6ed0ece08@group-0E07FAD1B91E, cid=3786, SUCCESS, logIndex=5764, commits[9fa9a271-7bed-4435-b477-86c6ed0ece08:c5765, 06c1a879-4ae3-48dc-9686-b55cde066000:c5763, 67fae1a7-3cbe-4338-9d41-57e84498288b:c5763]
2019-07-10 10:27:50,049 INFO  client.GrpcClientProtocolClient (GrpcClientProtocolClient.java:onNext(255)) - client-821285EC2D67->9fa9a271-7bed-4435-b477-86c6ed0ece08: receive RaftClientReply:client-821285EC2D67->9fa9a271-7bed-4435-b477-86c6ed0ece08@group-0E07FAD1B91E, cid=3787, SUCCESS, logIndex=5765, commits[9fa9a271-7bed-4435-b477-86c6ed0ece08:c5765, 06c1a879-4ae3-48dc-9686-b55cde066000:c5763, 67fae1a7-3cbe-4338-9d41-57e84498288b:c5763]
2019-07-10 10:27:50,051 INFO  client.GrpcClientProtocolClient (GrpcClientProtocolClient.java:onNext(255)) - client-821285EC2D67->9fa9a271-7bed-4435-b477-86c6ed0ece08: receive RaftClientReply:client-821285EC2D67->9fa9a271-7bed-4435-b477-86c6ed0ece08@group-0E07FAD1B91E, cid=3788, SUCCESS, logIndex=5766, commits[9fa9a271-7bed-4435-b477-86c6ed0ece08:c5767, 06c1a879-4ae3-48dc-9686-b55cde066000:c5763, 67fae1a7-3cbe-4338-9d41-57e84498288b:c5763]
2019-07-10 10:27:50,051 INFO  client.GrpcClientProtocolClient (GrpcClientProtocolClient.java:onNext(255)) - client-821285EC2D67->9fa9a271-7bed-4435-b477-86c6ed0ece08: receive RaftClientReply:client-821285EC2D67->9fa9a271-7bed-4435-b477-86c6ed0ece08@group-0E07FAD1B91E, cid=3789, SUCCESS, logIndex=5767, commits[9fa9a271-7bed-4435-b477-86c6ed0ece08:c5767, 06c1a879-4ae3-48dc-9686-b55cde066000:c5763, 67fae1a7-3cbe-4338-9d41-57e84498288b:c5763]
2019-07-10 10:27:50,061 INFO  client.GrpcClientProtocolClient (GrpcClientProtocolClient.java:onNext(255)) - client-821285EC2D67->9fa9a271-7bed-4435-b477-86c6ed0ece08: receive RaftClientReply:client-821285EC2D67->9fa9a271-7bed-4435-b477-86c6ed0ece08@group-0E07FAD1B91E, cid=3790, SUCCESS, logIndex=0, commits[9fa9a271-7bed-4435-b477-86c6ed0ece08:c5768, 06c1a879-4ae3-48dc-9686-b55cde066000:c5765, 67fae1a7-3cbe-4338-9d41-57e84498288b:c5765]
2019-07-10 10:27:50,087 INFO  client.GrpcClientProtocolClient (GrpcClientProtocolClient.java:onNext(255)) - client-821285EC2D67->9fa9a271-7bed-4435-b477-86c6ed0ece08: receive RaftClientReply:client-821285EC2D67->9fa9a271-7bed-4435-b477-86c6ed0ece08@group-0E07FAD1B91E, cid=3791, SUCCESS, logIndex=5772, commits[9fa9a271-7bed-4435-b477-86c6ed0ece08:c5773, 06c1a879-4ae3-48dc-9686-b55cde066000:c5771, 67fae1a7-3cbe-4338-9d41-57e84498288b:c5771]
2019-07-10 10:27:50,088 INFO  client.GrpcClientProtocolClient (GrpcClientProtocolClient.java:onNext(255)) - client-821285EC2D67->9fa9a271-7bed-4435-b477-86c6ed0ece08: receive RaftClientReply:client-821285EC2D67->9fa9a271-7bed-4435-b477-86c6ed0ece08@group-0E07FAD1B91E, cid=3792, SUCCESS, logIndex=5773, commits[9fa9a271-7bed-4435-b477-86c6ed0ece08:c5773, 06c1a879-4ae3-48dc-9686-b55cde066000:c5771, 67fae1a7-3cbe-4338-9d41-57e84498288b:c5771]
2019-07-10 10:27:50,101 INFO  client.GrpcClientProtocolClient (GrpcClientProtocolClient.java:onNext(255)) - client-821285EC2D67->9fa9a271-7bed-4435-b477-86c6ed0ece08: receive RaftClientReply:client-821285EC2D67->9fa9a271-7bed-4435-b477-86c6ed0ece08@group-0E07FAD1B91E, cid=3793, SUCCESS, logIndex=5776, commits[9fa9a271-7bed-4435-b477-86c6ed0ece08:c5777, 06c1a879-4ae3-48dc-9686-b55cde066000:c5773, 67fae1a7-3cbe-4338-9d41-57e84498288b:c5773]
2019-07-10 10:27:50,102 INFO  client.GrpcClientProtocolClient (GrpcClientProtocolClient.java:onNext(255)) - client-821285EC2D67->9fa9a271-7bed-4435-b477-86c6ed0ece08: receive RaftClientReply:client-821285EC2D67->9fa9a271-7bed-4435-b477-86c6ed0ece08@group-0E07FAD1B91E, cid=3794, SUCCESS, logIndex=5777, commits[9fa9a271-7bed-4435-b477-86c6ed0ece08:c5777, 06c1a879-4ae3-48dc-9686-b55cde066000:c5773, 67fae1a7-3cbe-4338-9d41-57e84498288b:c5773]
2019-07-10 10:27:50,116 INFO  client.GrpcClientProtocolClient (GrpcClientProtocolClient.java:onNext(255)) - client-821285EC2D67->9fa9a271-7bed-4435-b477-86c6ed0ece08: receive RaftClientReply:client-821285EC2D67->9fa9a271-7bed-4435-b477-86c6ed0ece08@group-0E07FAD1B91E, cid=3795, SUCCESS, logIndex=0, commits[9fa9a271-7bed-4435-b477-86c6ed0ece08:c5779, 06c1a879-4ae3-48dc-9686-b55cde066000:c5777, 67fae1a7-3cbe-4338-9d41-57e84498288b:c5777]
2019-07-10 10:27:50,144 INFO  client.GrpcClientProtocolClient (GrpcClientProtocolClient.java:onNext(255)) - client-821285EC2D67->9fa9a271-7bed-4435-b477-86c6ed0ece08: receive RaftClientReply:client-821285EC2D67->9fa9a271-7bed-4435-b477-86c6ed0ece08@group-0E07FAD1B91E, cid=3796, SUCCESS, logIndex=5780, commits[9fa9a271-7bed-4435-b477-86c6ed0ece08:c5781, 06c1a879-4ae3-48dc-9686-b55cde066000:c5779, 67fae1a7-3cbe-4338-9d41-57e84498288b:c5779]
2019-07-10 10:27:50,144 INFO  client.GrpcClientProtocolClient (GrpcClientProtocolClient.java:onNext(255)) - client-821285EC2D67->9fa9a271-7bed-4435-b477-86c6ed0ece08: receive RaftClientReply:client-821285EC2D67->9fa9a271-7bed-4435-b477-86c6ed0ece08@group-0E07FAD1B91E, cid=3797, SUCCESS, logIndex=5781, commits[9fa9a271-7bed-4435-b477-86c6ed0ece08:c5781, 06c1a879-4ae3-48dc-9686-b55cde066000:c5779, 67fae1a7-3cbe-4338-9d41-57e84498288b:c5779]
2019-07-10 10:27:50,147 INFO  client.GrpcClientProtocolClient (GrpcClientProtocolClient.java:onNext(255)) - client-821285EC2D67->9fa9a271-7bed-4435-b477-86c6ed0ece08: receive RaftClientReply:client-821285EC2D67->9fa9a271-7bed-4435-b477-86c6ed0ece08@group-0E07FAD1B91E, cid=3798, SUCCESS, logIndex=5782, commits[9fa9a271-7bed-4435-b477-86c6ed0ece08:c5782, 06c1a879-4ae3-48dc-9686-b55cde066000:c5779, 67fae1a7-3cbe-4338-9d41-57e84498288b:c5779]
2019-07-10 10:27:50,147 INFO  client.GrpcClientProtocolClient (GrpcClientProtocolClient.java:onNext(255)) - client-821285EC2D67->9fa9a271-7bed-4435-b477-86c6ed0ece08: receive RaftClientReply:client-821285EC2D67->9fa9a271-7bed-4435-b477-86c6ed0ece08@group-0E07FAD1B91E, cid=3799, SUCCESS, logIndex=5783, commits[9fa9a271-7bed-4435-b477-86c6ed0ece08:c5783, 06c1a879-4ae3-48dc-9686-b55cde066000:c5779, 67fae1a7-3cbe-4338-9d41-57e84498288b:c5779]
2019-07-10 10:27:50,157 INFO  client.GrpcClientProtocolClient (GrpcClientProtocolClient.java:onNext(255)) - client-821285EC2D67->9fa9a271-7bed-4435-b477-86c6ed0ece08: receive RaftClientReply:client-821285EC2D67->9fa9a271-7bed-4435-b477-86c6ed0ece08@group-0E07FAD1B91E, cid=3800, SUCCESS, logIndex=0, commits[9fa9a271-7bed-4435-b477-86c6ed0ece08:c5785, 06c1a879-4ae3-48dc-9686-b55cde066000:c5781, 67fae1a7-3cbe-4338-9d41-57e84498288b:c5781]
2019-07-10 10:27:50,172 INFO  client.GrpcClientProtocolClient (GrpcClientProtocolClient.java:onNext(255)) - client-821285EC2D67->9fa9a271-7bed-4435-b477-86c6ed0ece08: receive RaftClientReply:client-821285EC2D67->9fa9a271-7bed-4435-b477-86c6ed0ece08@group-0E07FAD1B91E, cid=3801, SUCCESS, logIndex=5788, commits[9fa9a271-7bed-4435-b477-86c6ed0ece08:c5789, 06c1a879-4ae3-48dc-9686-b55cde066000:c5787, 67fae1a7-3cbe-4338-9d41-57e84498288b:c5783]
2019-07-10 10:27:50,172 INFO  client.GrpcClientProtocolClient (GrpcClientProtocolClient.java:onNext(255)) - client-821285EC2D67->9fa9a271-7bed-4435-b477-86c6ed0ece08: receive RaftClientReply:client-821285EC2D67->9fa9a271-7bed-4435-b477-86c6ed0ece08@group-0E07FAD1B91E, cid=3802, SUCCESS, logIndex=5789, commits[9fa9a271-7bed-4435-b477-86c6ed0ece08:c5789, 06c1a879-4ae3-48dc-9686-b55cde066000:c5787, 67fae1a7-3cbe-4338-9d41-57e84498288b:c5787]
2019-07-10 10:27:50,184 INFO  client.GrpcClientProtocolClient (GrpcClientProtocolClient.java:onNext(255)) - client-821285EC2D67->9fa9a271-7bed-4435-b477-86c6ed0ece08: receive RaftClientReply:client-821285EC2D67->9fa9a271-7bed-4435-b477-86c6ed0ece08@group-0E07FAD1B91E, cid=3803, SUCCESS, logIndex=5792, commits[9fa9a271-7bed-4435-b477-86c6ed0ece08:c5792, 06c1a879-4ae3-48dc-9686-b55cde066000:c5791, 67fae1a7-3cbe-4338-9d41-57e84498288b:c5791]
2019-07-10 10:27:50,184 INFO  client.GrpcClientProtocolClient (GrpcClientProtocolClient.java:onNext(255)) - client-821285EC2D67->9fa9a271-7bed-4435-b477-86c6ed0ece08: receive RaftClientReply:client-821285EC2D67->9fa9a271-7bed-4435-b477-86c6ed0ece08@group-0E07FAD1B91E, cid=3804, SUCCESS, logIndex=5793, commits[9fa9a271-7bed-4435-b477-86c6ed0ece08:c5793, 06c1a879-4ae3-48dc-9686-b55cde066000:c5791, 67fae1a7-3cbe-4338-9d41-57e84498288b:c5791]
2019-07-10 10:27:50,204 INFO  client.GrpcClientProtocolClient (GrpcClientProtocolClient.java:onNext(255)) - client-821285EC2D67->9fa9a271-7bed-4435-b477-86c6ed0ece08: receive RaftClientReply:client-821285EC2D67->9fa9a271-7bed-4435-b477-86c6ed0ece08@group-0E07FAD1B91E, cid=3805, SUCCESS, logIndex=0, commits[9fa9a271-7bed-4435-b477-86c6ed0ece08:c5795, 06c1a879-4ae3-48dc-9686-b55cde066000:c5793, 67fae1a7-3cbe-4338-9d41-57e84498288b:c5793]
2019-07-10 10:27:50,346 INFO  client.GrpcClientProtocolClient (GrpcClientProtocolClient.java:onNext(255)) - client-821285EC2D67->9fa9a271-7bed-4435-b477-86c6ed0ece08: receive RaftClientReply:client-821285EC2D67->9fa9a271-7bed-4435-b477-86c6ed0ece08@group-0E07FAD1B91E, cid=3806, SUCCESS, logIndex=5796, commits[9fa9a271-7bed-4435-b477-86c6ed0ece08:c5799, 06c1a879-4ae3-48dc-9686-b55cde066000:c5793, 67fae1a7-3cbe-4338-9d41-57e84498288b:c5795]
2019-07-10 10:27:50,347 INFO  client.GrpcClientProtocolClient (GrpcClientProtocolClient.java:onNext(255)) - client-821285EC2D67->9fa9a271-7bed-4435-b477-86c6ed0ece08: receive RaftClientReply:client-821285EC2D67->9fa9a271-7bed-4435-b477-86c6ed0ece08@group-0E07FAD1B91E, cid=3807, SUCCESS, logIndex=5797, commits[9fa9a271-7bed-4435-b477-86c6ed0ece08:c5799, 06c1a879-4ae3-48dc-9686-b55cde066000:c5795, 67fae1a7-3cbe-4338-9d41-57e84498288b:c5795]
2019-07-10 10:27:50,347 INFO  client.GrpcClientProtocolClient (GrpcClientProtocolClient.java:onNext(255)) - client-821285EC2D67->9fa9a271-7bed-4435-b477-86c6ed0ece08: receive RaftClientReply:client-821285EC2D67->9fa9a271-7bed-4435-b477-86c6ed0ece08@group-0E07FAD1B91E, cid=3808, SUCCESS, logIndex=5798, commits[9fa9a271-7bed-4435-b477-86c6ed0ece08:c5799, 06c1a879-4ae3-48dc-9686-b55cde066000:c5795, 67fae1a7-3cbe-4338-9d41-57e84498288b:c5797]
2019-07-10 10:27:50,348 INFO  client.GrpcClientProtocolClient (GrpcClientProtocolClient.java:onNext(255)) - client-821285EC2D67->9fa9a271-7bed-4435-b477-86c6ed0ece08: receive RaftClientReply:client-821285EC2D67->9fa9a271-7bed-4435-b477-86c6ed0ece08@group-0E07FAD1B91E, cid=3809, SUCCESS, logIndex=5799, commits[9fa9a271-7bed-4435-b477-86c6ed0ece08:c5800, 06c1a879-4ae3-48dc-9686-b55cde066000:c5795, 67fae1a7-3cbe-4338-9d41-57e84498288b:c5797]
2019-07-10 10:27:50,349 INFO  client.GrpcClientProtocolClient (GrpcClientProtocolClient.java:onNext(255)) - client-821285EC2D67->9fa9a271-7bed-4435-b477-86c6ed0ece08: receive RaftClientReply:client-821285EC2D67->9fa9a271-7bed-4435-b477-86c6ed0ece08@group-0E07FAD1B91E, cid=3810, SUCCESS, logIndex=0, commits[9fa9a271-7bed-4435-b477-86c6ed0ece08:c5800, 06c1a879-4ae3-48dc-9686-b55cde066000:c5798, 67fae1a7-3cbe-4338-9d41-57e84498288b:c5797]
2019-07-10 10:27:50,369 INFO  client.GrpcClientProtocolClient (GrpcClientProtocolClient.java:onNext(255)) - client-821285EC2D67->9fa9a271-7bed-4435-b477-86c6ed0ece08: receive RaftClientReply:client-821285EC2D67->9fa9a271-7bed-4435-b477-86c6ed0ece08@group-0E07FAD1B91E, cid=3811, SUCCESS, logIndex=5804, commits[9fa9a271-7bed-4435-b477-86c6ed0ece08:c5805, 06c1a879-4ae3-48dc-9686-b55cde066000:c5803, 67fae1a7-3cbe-4338-9d41-57e84498288b:c5803]
2019-07-10 10:27:50,370 INFO  client.GrpcClientProtocolClient (GrpcClientProtocolClient.java:onNext(255)) - client-821285EC2D67->9fa9a271-7bed-4435-b477-86c6ed0ece08: receive RaftClientReply:client-821285EC2D67->9fa9a271-7bed-4435-b477-86c6ed0ece08@group-0E07FAD1B91E, cid=3812, SUCCESS, logIndex=5805, commits[9fa9a271-7bed-4435-b477-86c6ed0ece08:c5805, 06c1a879-4ae3-48dc-9686-b55cde066000:c5803, 67fae1a7-3cbe-4338-9d41-57e84498288b:c5803]
2019-07-10 10:27:50,391 INFO  client.GrpcClientProtocolClient (GrpcClientProtocolClient.java:onNext(255)) - client-821285EC2D67->9fa9a271-7bed-4435-b477-86c6ed0ece08: receive RaftClientReply:client-821285EC2D67->9fa9a271-7bed-4435-b477-86c6ed0ece08@group-0E07FAD1B91E, cid=3813, SUCCESS, logIndex=5808, commits[9fa9a271-7bed-4435-b477-86c6ed0ece08:c5809, 06c1a879-4ae3-48dc-9686-b55cde066000:c5805, 67fae1a7-3cbe-4338-9d41-57e84498288b:c5804]
2019-07-10 10:27:50,391 INFO  client.GrpcClientProtocolClient (GrpcClientProtocolClient.java:onNext(255)) - client-821285EC2D67->9fa9a271-7bed-4435-b477-86c6ed0ece08: receive RaftClientReply:client-821285EC2D67->9fa9a271-7bed-4435-b477-86c6ed0ece08@group-0E07FAD1B91E, cid=3814, SUCCESS, logIndex=5809, commits[9fa9a271-7bed-4435-b477-86c6ed0ece08:c5809, 06c1a879-4ae3-48dc-9686-b55cde066000:c5805, 67fae1a7-3cbe-4338-9d41-57e84498288b:c5805]
2019-07-10 10:27:50,401 INFO  client.GrpcClientProtocolClient (GrpcClientProtocolClient.java:onNext(255)) - client-821285EC2D67->9fa9a271-7bed-4435-b477-86c6ed0ece08: receive RaftClientReply:client-821285EC2D67->9fa9a271-7bed-4435-b477-86c6ed0ece08@group-0E07FAD1B91E, cid=3815, SUCCESS, logIndex=0, commits[9fa9a271-7bed-4435-b477-86c6ed0ece08:c5810, 06c1a879-4ae3-48dc-9686-b55cde066000:c5809, 67fae1a7-3cbe-4338-9d41-57e84498288b:c5809]
2019-07-10 10:27:50,434 INFO  client.GrpcClientProtocolClient (GrpcClientProtocolClient.java:onNext(255)) - client-821285EC2D67->9fa9a271-7bed-4435-b477-86c6ed0ece08: receive RaftClientReply:client-821285EC2D67->9fa9a271-7bed-4435-b477-86c6ed0ece08@group-0E07FAD1B91E, cid=3816, SUCCESS, logIndex=5812, commits[9fa9a271-7bed-4435-b477-86c6ed0ece08:c5813, 06c1a879-4ae3-48dc-9686-b55cde066000:c5811, 67fae1a7-3cbe-4338-9d41-57e84498288b:c5811]
2019-07-10 10:27:50,434 INFO  client.GrpcClientProtocolClient (GrpcClientProtocolClient.java:onNext(255)) - client-821285EC2D67->9fa9a271-7bed-4435-b477-86c6ed0ece08: receive RaftClientReply:client-821285EC2D67->9fa9a271-7bed-4435-b477-86c6ed0ece08@group-0E07FAD1B91E, cid=3817, SUCCESS, logIndex=5813, commits[9fa9a271-7bed-4435-b477-86c6ed0ece08:c5813, 06c1a879-4ae3-48dc-9686-b55cde066000:c5811, 67fae1a7-3cbe-4338-9d41-57e84498288b:c5811]
2019-07-10 10:27:50,435 INFO  client.GrpcClientProtocolClient (GrpcClientProtocolClient.java:onNext(255)) - client-821285EC2D67->9fa9a271-7bed-4435-b477-86c6ed0ece08: receive RaftClientReply:client-821285EC2D67->9fa9a271-7bed-4435-b477-86c6ed0ece08@group-0E07FAD1B91E, cid=3818, SUCCESS, logIndex=5814, commits[9fa9a271-7bed-4435-b477-86c6ed0ece08:c5815, 06c1a879-4ae3-48dc-9686-b55cde066000:c5811, 67fae1a7-3cbe-4338-9d41-57e84498288b:c5811]
2019-07-10 10:27:50,435 INFO  client.GrpcClientProtocolClient (GrpcClientProtocolClient.java:onNext(255)) - client-821285EC2D67->9fa9a271-7bed-4435-b477-86c6ed0ece08: receive RaftClientReply:client-821285EC2D67->9fa9a271-7bed-4435-b477-86c6ed0ece08@group-0E07FAD1B91E, cid=3819, SUCCESS, logIndex=5815, commits[9fa9a271-7bed-4435-b477-86c6ed0ece08:c5815, 06c1a879-4ae3-48dc-9686-b55cde066000:c5811, 67fae1a7-3cbe-4338-9d41-57e84498288b:c5811]
2019-07-10 10:27:50,438 INFO  client.GrpcClientProtocolClient (GrpcClientProtocolClient.java:onNext(255)) - client-821285EC2D67->9fa9a271-7bed-4435-b477-86c6ed0ece08: receive RaftClientReply:client-821285EC2D67->9fa9a271-7bed-4435-b477-86c6ed0ece08@group-0E07FAD1B91E, cid=3820, SUCCESS, logIndex=0, commits[9fa9a271-7bed-4435-b477-86c6ed0ece08:c5817, 06c1a879-4ae3-48dc-9686-b55cde066000:c5813, 67fae1a7-3cbe-4338-9d41-57e84498288b:c5813]
2019-07-10 10:27:50,456 INFO  client.GrpcClientProtocolClient (GrpcClientProtocolClient.java:onNext(255)) - client-821285EC2D67->9fa9a271-7bed-4435-b477-86c6ed0ece08: receive RaftClientReply:client-821285EC2D67->9fa9a271-7bed-4435-b477-86c6ed0ece08@group-0E07FAD1B91E, cid=3821, SUCCESS, logIndex=5820, commits[9fa9a271-7bed-4435-b477-86c6ed0ece08:c5821, 06c1a879-4ae3-48dc-9686-b55cde066000:c5819, 67fae1a7-3cbe-4338-9d41-57e84498288b:c5819]
2019-07-10 10:27:50,456 INFO  client.GrpcClientProtocolClient (GrpcClientProtocolClient.java:onNext(255)) - client-821285EC2D67->9fa9a271-7bed-4435-b477-86c6ed0ece08: receive RaftClientReply:client-821285EC2D67->9fa9a271-7bed-4435-b477-86c6ed0ece08@group-0E07FAD1B91E, cid=3822, SUCCESS, logIndex=5821, commits[9fa9a271-7bed-4435-b477-86c6ed0ece08:c5821, 06c1a879-4ae3-48dc-9686-b55cde066000:c5819, 67fae1a7-3cbe-4338-9d41-57e84498288b:c5819]
2019-07-10 10:27:50,478 INFO  client.GrpcClientProtocolClient (GrpcClientProtocolClient.java:onNext(255)) - client-821285EC2D67->9fa9a271-7bed-4435-b477-86c6ed0ece08: receive RaftClientReply:client-821285EC2D67->9fa9a271-7bed-4435-b477-86c6ed0ece08@group-0E07FAD1B91E, cid=3823, SUCCESS, logIndex=5824, commits[9fa9a271-7bed-4435-b477-86c6ed0ece08:c5825, 06c1a879-4ae3-48dc-9686-b55cde066000:c5821, 67fae1a7-3cbe-4338-9d41-57e84498288b:c5821]
2019-07-10 10:27:50,478 INFO  client.GrpcClientProtocolClient (GrpcClientProtocolClient.java:onNext(255)) - client-821285EC2D67->9fa9a271-7bed-4435-b477-86c6ed0ece08: receive RaftClientReply:client-821285EC2D67->9fa9a271-7bed-4435-b477-86c6ed0ece08@group-0E07FAD1B91E, cid=3824, SUCCESS, logIndex=5825, commits[9fa9a271-7bed-4435-b477-86c6ed0ece08:c5825, 06c1a879-4ae3-48dc-9686-b55cde066000:c5821, 67fae1a7-3cbe-4338-9d41-57e84498288b:c5821]
2019-07-10 10:27:50,482 INFO  client.GrpcClientProtocolClient (GrpcClientProtocolClient.java:onNext(255)) - client-821285EC2D67->9fa9a271-7bed-4435-b477-86c6ed0ece08: receive RaftClientReply:client-821285EC2D67->9fa9a271-7bed-4435-b477-86c6ed0ece08@group-0E07FAD1B91E, cid=3825, SUCCESS, logIndex=0, commits[9fa9a271-7bed-4435-b477-86c6ed0ece08:c5827, 06c1a879-4ae3-48dc-9686-b55cde066000:c5825, 67fae1a7-3cbe-4338-9d41-57e84498288b:c5825]
 0.00% |█                                                                                                    |  0/1 Time: 0:00:302019-07-10 10:27:50,514 INFO  client.GrpcClientProtocolClient (GrpcClientProtocolClient.java:onNext(255)) - client-821285EC2D67->9fa9a271-7bed-4435-b477-86c6ed0ece08: receive RaftClientReply:client-821285EC2D67->9fa9a271-7bed-4435-b477-86c6ed0ece08@group-0E07FAD1B91E, cid=3826, SUCCESS, logIndex=5828, commits[9fa9a271-7bed-4435-b477-86c6ed0ece08:c5829, 06c1a879-4ae3-48dc-9686-b55cde066000:c5827, 67fae1a7-3cbe-4338-9d41-57e84498288b:c5827]
2019-07-10 10:27:50,515 INFO  client.GrpcClientProtocolClient (GrpcClientProtocolClient.java:onNext(255)) - client-821285EC2D67->9fa9a271-7bed-4435-b477-86c6ed0ece08: receive RaftClientReply:client-821285EC2D67->9fa9a271-7bed-4435-b477-86c6ed0ece08@group-0E07FAD1B91E, cid=3827, SUCCESS, logIndex=5829, commits[9fa9a271-7bed-4435-b477-86c6ed0ece08:c5829, 06c1a879-4ae3-48dc-9686-b55cde066000:c5827, 67fae1a7-3cbe-4338-9d41-57e84498288b:c5827]
2019-07-10 10:27:50,515 INFO  client.GrpcClientProtocolClient (GrpcClientProtocolClient.java:onNext(255)) - client-821285EC2D67->9fa9a271-7bed-4435-b477-86c6ed0ece08: receive RaftClientReply:client-821285EC2D67->9fa9a271-7bed-4435-b477-86c6ed0ece08@group-0E07FAD1B91E, cid=3828, SUCCESS, logIndex=5830, commits[9fa9a271-7bed-4435-b477-86c6ed0ece08:c5831, 06c1a879-4ae3-48dc-9686-b55cde066000:c5827, 67fae1a7-3cbe-4338-9d41-57e84498288b:c5827]
2019-07-10 10:27:50,515 INFO  client.GrpcClientProtocolClient (GrpcClientProtocolClient.java:onNext(255)) - client-821285EC2D67->9fa9a271-7bed-4435-b477-86c6ed0ece08: receive RaftClientReply:client-821285EC2D67->9fa9a271-7bed-4435-b477-86c6ed0ece08@group-0E07FAD1B91E, cid=3829, SUCCESS, logIndex=5831, commits[9fa9a271-7bed-4435-b477-86c6ed0ece08:c5831, 06c1a879-4ae3-48dc-9686-b55cde066000:c5827, 67fae1a7-3cbe-4338-9d41-57e84498288b:c5827]
2019-07-10 10:27:50,516 INFO  client.GrpcClientProtocolClient (GrpcClientProtocolClient.java:onNext(255)) - client-821285EC2D67->9fa9a271-7bed-4435-b477-86c6ed0ece08: receive RaftClientReply:client-821285EC2D67->9fa9a271-7bed-4435-b477-86c6ed0ece08@group-0E07FAD1B91E, cid=3830, SUCCESS, logIndex=0, commits[9fa9a271-7bed-4435-b477-86c6ed0ece08:c5832, 06c1a879-4ae3-48dc-9686-b55cde066000:c5829, 67fae1a7-3cbe-4338-9d41-57e84498288b:c5829]
2019-07-10 10:27:50,535 INFO  client.GrpcClientProtocolClient (GrpcClientProtocolClient.java:onNext(255)) - client-821285EC2D67->9fa9a271-7bed-4435-b477-86c6ed0ece08: receive RaftClientReply:client-821285EC2D67->9fa9a271-7bed-4435-b477-86c6ed0ece08@group-0E07FAD1B91E, cid=3831, SUCCESS, logIndex=5836, commits[9fa9a271-7bed-4435-b477-86c6ed0ece08:c5837, 06c1a879-4ae3-48dc-9686-b55cde066000:c5835, 67fae1a7-3cbe-4338-9d41-57e84498288b:c5835]
2019-07-10 10:27:50,536 INFO  client.GrpcClientProtocolClient (GrpcClientProtocolClient.java:onNext(255)) - client-821285EC2D67->9fa9a271-7bed-4435-b477-86c6ed0ece08: receive RaftClientReply:client-821285EC2D67->9fa9a271-7bed-4435-b477-86c6ed0ece08@group-0E07FAD1B91E, cid=3832, SUCCESS, logIndex=5837, commits[9fa9a271-7bed-4435-b477-86c6ed0ece08:c5837, 06c1a879-4ae3-48dc-9686-b55cde066000:c5835, 67fae1a7-3cbe-4338-9d41-57e84498288b:c5835]
2019-07-10 10:27:50,556 INFO  client.GrpcClientProtocolClient (GrpcClientProtocolClient.java:onNext(255)) - client-821285EC2D67->9fa9a271-7bed-4435-b477-86c6ed0ece08: receive RaftClientReply:client-821285EC2D67->9fa9a271-7bed-4435-b477-86c6ed0ece08@group-0E07FAD1B91E, cid=3833, SUCCESS, logIndex=5840, commits[9fa9a271-7bed-4435-b477-86c6ed0ece08:c5841, 06c1a879-4ae3-48dc-9686-b55cde066000:c5837, 67fae1a7-3cbe-4338-9d41-57e84498288b:c5836]
2019-07-10 10:27:50,557 INFO  client.GrpcClientProtocolClient (GrpcClientProtocolClient.java:onNext(255)) - client-821285EC2D67->9fa9a271-7bed-4435-b477-86c6ed0ece08: receive RaftClientReply:client-821285EC2D67->9fa9a271-7bed-4435-b477-86c6ed0ece08@group-0E07FAD1B91E, cid=3834, SUCCESS, logIndex=5841, commits[9fa9a271-7bed-4435-b477-86c6ed0ece08:c5841, 06c1a879-4ae3-48dc-9686-b55cde066000:c5837, 67fae1a7-3cbe-4338-9d41-57e84498288b:c5837]
2019-07-10 10:27:50,558 INFO  client.GrpcClientProtocolClient (GrpcClientProtocolClient.java:onNext(255)) - client-821285EC2D67->9fa9a271-7bed-4435-b477-86c6ed0ece08: receive RaftClientReply:client-821285EC2D67->9fa9a271-7bed-4435-b477-86c6ed0ece08@group-0E07FAD1B91E, cid=3835, SUCCESS, logIndex=0, commits[9fa9a271-7bed-4435-b477-86c6ed0ece08:c5842, 06c1a879-4ae3-48dc-9686-b55cde066000:c5841, 67fae1a7-3cbe-4338-9d41-57e84498288b:c5841]
2019-07-10 10:27:50,588 INFO  client.GrpcClientProtocolClient (GrpcClientProtocolClient.java:onNext(255)) - client-821285EC2D67->9fa9a271-7bed-4435-b477-86c6ed0ece08: receive RaftClientReply:client-821285EC2D67->9fa9a271-7bed-4435-b477-86c6ed0ece08@group-0E07FAD1B91E, cid=3836, SUCCESS, logIndex=5844, commits[9fa9a271-7bed-4435-b477-86c6ed0ece08:c5845, 06c1a879-4ae3-48dc-9686-b55cde066000:c5843, 67fae1a7-3cbe-4338-9d41-57e84498288b:c5843]
2019-07-10 10:27:50,588 INFO  client.GrpcClientProtocolClient (GrpcClientProtocolClient.java:onNext(255)) - client-821285EC2D67->9fa9a271-7bed-4435-b477-86c6ed0ece08: receive RaftClientReply:client-821285EC2D67->9fa9a271-7bed-4435-b477-86c6ed0ece08@group-0E07FAD1B91E, cid=3837, SUCCESS, logIndex=5845, commits[9fa9a271-7bed-4435-b477-86c6ed0ece08:c5845, 06c1a879-4ae3-48dc-9686-b55cde066000:c5843, 67fae1a7-3cbe-4338-9d41-57e84498288b:c5843]
2019-07-10 10:27:50,589 INFO  client.GrpcClientProtocolClient (GrpcClientProtocolClient.java:onNext(255)) - client-821285EC2D67->9fa9a271-7bed-4435-b477-86c6ed0ece08: receive RaftClientReply:client-821285EC2D67->9fa9a271-7bed-4435-b477-86c6ed0ece08@group-0E07FAD1B91E, cid=3838, SUCCESS, logIndex=5846, commits[9fa9a271-7bed-4435-b477-86c6ed0ece08:c5847, 06c1a879-4ae3-48dc-9686-b55cde066000:c5843, 67fae1a7-3cbe-4338-9d41-57e84498288b:c5843]
2019-07-10 10:27:50,590 INFO  client.GrpcClientProtocolClient (GrpcClientProtocolClient.java:onNext(255)) - client-821285EC2D67->9fa9a271-7bed-4435-b477-86c6ed0ece08: receive RaftClientReply:client-821285EC2D67->9fa9a271-7bed-4435-b477-86c6ed0ece08@group-0E07FAD1B91E, cid=3839, SUCCESS, logIndex=5847, commits[9fa9a271-7bed-4435-b477-86c6ed0ece08:c5847, 06c1a879-4ae3-48dc-9686-b55cde066000:c5843, 67fae1a7-3cbe-4338-9d41-57e84498288b:c5843]
2019-07-10 10:27:50,593 INFO  client.GrpcClientProtocolClient (GrpcClientProtocolClient.java:onNext(255)) - client-821285EC2D67->9fa9a271-7bed-4435-b477-86c6ed0ece08: receive RaftClientReply:client-821285EC2D67->9fa9a271-7bed-4435-b477-86c6ed0ece08@group-0E07FAD1B91E, cid=3840, SUCCESS, logIndex=0, commits[9fa9a271-7bed-4435-b477-86c6ed0ece08:c5849, 06c1a879-4ae3-48dc-9686-b55cde066000:c5845, 67fae1a7-3cbe-4338-9d41-57e84498288b:c5845]
2019-07-10 10:27:50,625 INFO  client.GrpcClientProtocolClient (GrpcClientProtocolClient.java:onNext(255)) - client-821285EC2D67->9fa9a271-7bed-4435-b477-86c6ed0ece08: receive RaftClientReply:client-821285EC2D67->9fa9a271-7bed-4435-b477-86c6ed0ece08@group-0E07FAD1B91E, cid=3841, SUCCESS, logIndex=5852, commits[9fa9a271-7bed-4435-b477-86c6ed0ece08:c5852, 06c1a879-4ae3-48dc-9686-b55cde066000:c5851, 67fae1a7-3cbe-4338-9d41-57e84498288b:c5851]
2019-07-10 10:27:50,626 INFO  client.GrpcClientProtocolClient (GrpcClientProtocolClient.java:onNext(255)) - client-821285EC2D67->9fa9a271-7bed-4435-b477-86c6ed0ece08: receive RaftClientReply:client-821285EC2D67->9fa9a271-7bed-4435-b477-86c6ed0ece08@group-0E07FAD1B91E, cid=3842, SUCCESS, logIndex=5853, commits[9fa9a271-7bed-4435-b477-86c6ed0ece08:c5853, 06c1a879-4ae3-48dc-9686-b55cde066000:c5851, 67fae1a7-3cbe-4338-9d41-57e84498288b:c5851]
2019-07-10 10:27:50,637 INFO  client.GrpcClientProtocolClient (GrpcClientProtocolClient.java:onNext(255)) - client-821285EC2D67->9fa9a271-7bed-4435-b477-86c6ed0ece08: receive RaftClientReply:client-821285EC2D67->9fa9a271-7bed-4435-b477-86c6ed0ece08@group-0E07FAD1B91E, cid=3843, SUCCESS, logIndex=5856, commits[9fa9a271-7bed-4435-b477-86c6ed0ece08:c5857, 06c1a879-4ae3-48dc-9686-b55cde066000:c5852, 67fae1a7-3cbe-4338-9d41-57e84498288b:c5853]
2019-07-10 10:27:50,637 INFO  client.GrpcClientProtocolClient (GrpcClientProtocolClient.java:onNext(255)) - client-821285EC2D67->9fa9a271-7bed-4435-b477-86c6ed0ece08: receive RaftClientReply:client-821285EC2D67->9fa9a271-7bed-4435-b477-86c6ed0ece08@group-0E07FAD1B91E, cid=3844, SUCCESS, logIndex=5857, commits[9fa9a271-7bed-4435-b477-86c6ed0ece08:c5857, 06c1a879-4ae3-48dc-9686-b55cde066000:c5852, 67fae1a7-3cbe-4338-9d41-57e84498288b:c5853]
2019-07-10 10:27:50,638 INFO  client.GrpcClientProtocolClient (GrpcClientProtocolClient.java:onNext(255)) - client-821285EC2D67->9fa9a271-7bed-4435-b477-86c6ed0ece08: receive RaftClientReply:client-821285EC2D67->9fa9a271-7bed-4435-b477-86c6ed0ece08@group-0E07FAD1B91E, cid=3845, SUCCESS, logIndex=0, commits[9fa9a271-7bed-4435-b477-86c6ed0ece08:c5857, 06c1a879-4ae3-48dc-9686-b55cde066000:c5853, 67fae1a7-3cbe-4338-9d41-57e84498288b:c5853]
2019-07-10 10:27:50,645 INFO  client.GrpcClientProtocolClient (GrpcClientProtocolClient.java:onNext(255)) - client-821285EC2D67->9fa9a271-7bed-4435-b477-86c6ed0ece08: receive RaftClientReply:client-821285EC2D67->9fa9a271-7bed-4435-b477-86c6ed0ece08@group-0E07FAD1B91E, cid=3846, SUCCESS, logIndex=0, commits[9fa9a271-7bed-4435-b477-86c6ed0ece08:c5859, 06c1a879-4ae3-48dc-9686-b55cde066000:c5857, 67fae1a7-3cbe-4338-9d41-57e84498288b:c5857]
2019-07-10 10:27:50,676 INFO  client.GrpcClientProtocolClient (GrpcClientProtocolClient.java:onNext(255)) - client-821285EC2D67->9fa9a271-7bed-4435-b477-86c6ed0ece08: receive RaftClientReply:client-821285EC2D67->9fa9a271-7bed-4435-b477-86c6ed0ece08@group-0E07FAD1B91E, cid=3847, SUCCESS, logIndex=5860, commits[9fa9a271-7bed-4435-b477-86c6ed0ece08:c5861, 06c1a879-4ae3-48dc-9686-b55cde066000:c5859, 67fae1a7-3cbe-4338-9d41-57e84498288b:c5859]
2019-07-10 10:27:50,677 INFO  client.GrpcClientProtocolClient (GrpcClientProtocolClient.java:onNext(255)) - client-821285EC2D67->9fa9a271-7bed-4435-b477-86c6ed0ece08: receive RaftClientReply:client-821285EC2D67->9fa9a271-7bed-4435-b477-86c6ed0ece08@group-0E07FAD1B91E, cid=3848, SUCCESS, logIndex=5861, commits[9fa9a271-7bed-4435-b477-86c6ed0ece08:c5863, 06c1a879-4ae3-48dc-9686-b55cde066000:c5859, 67fae1a7-3cbe-4338-9d41-57e84498288b:c5859]
2019-07-10 10:27:50,677 INFO  client.GrpcClientProtocolClient (GrpcClientProtocolClient.java:onNext(255)) - client-821285EC2D67->9fa9a271-7bed-4435-b477-86c6ed0ece08: receive RaftClientReply:client-821285EC2D67->9fa9a271-7bed-4435-b477-86c6ed0ece08@group-0E07FAD1B91E, cid=3849, SUCCESS, logIndex=5862, commits[9fa9a271-7bed-4435-b477-86c6ed0ece08:c5863, 06c1a879-4ae3-48dc-9686-b55cde066000:c5859, 67fae1a7-3cbe-4338-9d41-57e84498288b:c5859]
2019-07-10 10:27:50,677 INFO  client.GrpcClientProtocolClient (GrpcClientProtocolClient.java:onNext(255)) - client-821285EC2D67->9fa9a271-7bed-4435-b477-86c6ed0ece08: receive RaftClientReply:client-821285EC2D67->9fa9a271-7bed-4435-b477-86c6ed0ece08@group-0E07FAD1B91E, cid=3850, SUCCESS, logIndex=5863, commits[9fa9a271-7bed-4435-b477-86c6ed0ece08:c5863, 06c1a879-4ae3-48dc-9686-b55cde066000:c5859, 67fae1a7-3cbe-4338-9d41-57e84498288b:c5859]
2019-07-10 10:27:50,690 INFO  client.GrpcClientProtocolClient (GrpcClientProtocolClient.java:onNext(255)) - client-821285EC2D67->9fa9a271-7bed-4435-b477-86c6ed0ece08: receive RaftClientReply:client-821285EC2D67->9fa9a271-7bed-4435-b477-86c6ed0ece08@group-0E07FAD1B91E, cid=3851, SUCCESS, logIndex=0, commits[9fa9a271-7bed-4435-b477-86c6ed0ece08:c5866, 06c1a879-4ae3-48dc-9686-b55cde066000:c5863, 67fae1a7-3cbe-4338-9d41-57e84498288b:c5861]
2019-07-10 10:27:50,704 INFO  client.GrpcClientProtocolClient (GrpcClientProtocolClient.java:onNext(255)) - client-821285EC2D67->9fa9a271-7bed-4435-b477-86c6ed0ece08: receive RaftClientReply:client-821285EC2D67->9fa9a271-7bed-4435-b477-86c6ed0ece08@group-0E07FAD1B91E, cid=3852, SUCCESS, logIndex=5867, commits[9fa9a271-7bed-4435-b477-86c6ed0ece08:c5868, 06c1a879-4ae3-48dc-9686-b55cde066000:c5866, 67fae1a7-3cbe-4338-9d41-57e84498288b:c5866]
2019-07-10 10:27:50,704 INFO  client.GrpcClientProtocolClient (GrpcClientProtocolClient.java:onNext(255)) - client-821285EC2D67->9fa9a271-7bed-4435-b477-86c6ed0ece08: receive RaftClientReply:client-821285EC2D67->9fa9a271-7bed-4435-b477-86c6ed0ece08@group-0E07FAD1B91E, cid=3853, SUCCESS, logIndex=5868, commits[9fa9a271-7bed-4435-b477-86c6ed0ece08:c5868, 06c1a879-4ae3-48dc-9686-b55cde066000:c5866, 67fae1a7-3cbe-4338-9d41-57e84498288b:c5866]
2019-07-10 10:27:50,716 INFO  client.GrpcClientProtocolClient (GrpcClientProtocolClient.java:onNext(255)) - client-821285EC2D67->9fa9a271-7bed-4435-b477-86c6ed0ece08: receive RaftClientReply:client-821285EC2D67->9fa9a271-7bed-4435-b477-86c6ed0ece08@group-0E07FAD1B91E, cid=3854, SUCCESS, logIndex=5871, commits[9fa9a271-7bed-4435-b477-86c6ed0ece08:c5872, 06c1a879-4ae3-48dc-9686-b55cde066000:c5868, 67fae1a7-3cbe-4338-9d41-57e84498288b:c5868]
2019-07-10 10:27:50,716 INFO  client.GrpcClientProtocolClient (GrpcClientProtocolClient.java:onNext(255)) - client-821285EC2D67->9fa9a271-7bed-4435-b477-86c6ed0ece08: receive RaftClientReply:client-821285EC2D67->9fa9a271-7bed-4435-b477-86c6ed0ece08@group-0E07FAD1B91E, cid=3855, SUCCESS, logIndex=5872, commits[9fa9a271-7bed-4435-b477-86c6ed0ece08:c5872, 06c1a879-4ae3-48dc-9686-b55cde066000:c5868, 67fae1a7-3cbe-4338-9d41-57e84498288b:c5868]
2019-07-10 10:27:50,720 INFO  client.GrpcClientProtocolClient (GrpcClientProtocolClient.java:onNext(255)) - client-821285EC2D67->9fa9a271-7bed-4435-b477-86c6ed0ece08: receive RaftClientReply:client-821285EC2D67->9fa9a271-7bed-4435-b477-86c6ed0ece08@group-0E07FAD1B91E, cid=3856, SUCCESS, logIndex=0, commits[9fa9a271-7bed-4435-b477-86c6ed0ece08:c5873, 06c1a879-4ae3-48dc-9686-b55cde066000:c5872, 67fae1a7-3cbe-4338-9d41-57e84498288b:c5872]
2019-07-10 10:27:50,754 INFO  client.GrpcClientProtocolClient (GrpcClientProtocolClient.java:onNext(255)) - client-821285EC2D67->9fa9a271-7bed-4435-b477-86c6ed0ece08: receive RaftClientReply:client-821285EC2D67->9fa9a271-7bed-4435-b477-86c6ed0ece08@group-0E07FAD1B91E, cid=3857, SUCCESS, logIndex=5875, commits[9fa9a271-7bed-4435-b477-86c6ed0ece08:c5876, 06c1a879-4ae3-48dc-9686-b55cde066000:c5874, 67fae1a7-3cbe-4338-9d41-57e84498288b:c5874]
2019-07-10 10:27:50,754 INFO  client.GrpcClientProtocolClient (GrpcClientProtocolClient.java:onNext(255)) - client-821285EC2D67->9fa9a271-7bed-4435-b477-86c6ed0ece08: receive RaftClientReply:client-821285EC2D67->9fa9a271-7bed-4435-b477-86c6ed0ece08@group-0E07FAD1B91E, cid=3858, SUCCESS, logIndex=5876, commits[9fa9a271-7bed-4435-b477-86c6ed0ece08:c5876, 06c1a879-4ae3-48dc-9686-b55cde066000:c5874, 67fae1a7-3cbe-4338-9d41-57e84498288b:c5874]
2019-07-10 10:27:50,762 INFO  client.GrpcClientProtocolClient (GrpcClientProtocolClient.java:onNext(255)) - client-821285EC2D67->9fa9a271-7bed-4435-b477-86c6ed0ece08: receive RaftClientReply:client-821285EC2D67->9fa9a271-7bed-4435-b477-86c6ed0ece08@group-0E07FAD1B91E, cid=3859, SUCCESS, logIndex=5877, commits[9fa9a271-7bed-4435-b477-86c6ed0ece08:c5878, 06c1a879-4ae3-48dc-9686-b55cde066000:c5874, 67fae1a7-3cbe-4338-9d41-57e84498288b:c5874]
2019-07-10 10:27:50,762 INFO  client.GrpcClientProtocolClient (GrpcClientProtocolClient.java:onNext(255)) - client-821285EC2D67->9fa9a271-7bed-4435-b477-86c6ed0ece08: receive RaftClientReply:client-821285EC2D67->9fa9a271-7bed-4435-b477-86c6ed0ece08@group-0E07FAD1B91E, cid=3860, SUCCESS, logIndex=5878, commits[9fa9a271-7bed-4435-b477-86c6ed0ece08:c5878, 06c1a879-4ae3-48dc-9686-b55cde066000:c5874, 67fae1a7-3cbe-4338-9d41-57e84498288b:c5874]
2019-07-10 10:27:50,776 INFO  client.GrpcClientProtocolClient (GrpcClientProtocolClient.java:onNext(255)) - client-821285EC2D67->9fa9a271-7bed-4435-b477-86c6ed0ece08: receive RaftClientReply:client-821285EC2D67->9fa9a271-7bed-4435-b477-86c6ed0ece08@group-0E07FAD1B91E, cid=3861, SUCCESS, logIndex=0, commits[9fa9a271-7bed-4435-b477-86c6ed0ece08:c5881, 06c1a879-4ae3-48dc-9686-b55cde066000:c5876, 67fae1a7-3cbe-4338-9d41-57e84498288b:c5876]
2019-07-10 10:27:50,795 INFO  client.GrpcClientProtocolClient (GrpcClientProtocolClient.java:onNext(255)) - client-821285EC2D67->9fa9a271-7bed-4435-b477-86c6ed0ece08: receive RaftClientReply:client-821285EC2D67->9fa9a271-7bed-4435-b477-86c6ed0ece08@group-0E07FAD1B91E, cid=3862, SUCCESS, logIndex=5883, commits[9fa9a271-7bed-4435-b477-86c6ed0ece08:c5884, 06c1a879-4ae3-48dc-9686-b55cde066000:c5882, 67fae1a7-3cbe-4338-9d41-57e84498288b:c5882]
2019-07-10 10:27:50,796 INFO  client.GrpcClientProtocolClient (GrpcClientProtocolClient.java:onNext(255)) - client-821285EC2D67->9fa9a271-7bed-4435-b477-86c6ed0ece08: receive RaftClientReply:client-821285EC2D67->9fa9a271-7bed-4435-b477-86c6ed0ece08@group-0E07FAD1B91E, cid=3863, SUCCESS, logIndex=5884, commits[9fa9a271-7bed-4435-b477-86c6ed0ece08:c5884, 06c1a879-4ae3-48dc-9686-b55cde066000:c5882, 67fae1a7-3cbe-4338-9d41-57e84498288b:c5882]
2019-07-10 10:27:50,819 INFO  client.GrpcClientProtocolClient (GrpcClientProtocolClient.java:onNext(255)) - client-821285EC2D67->9fa9a271-7bed-4435-b477-86c6ed0ece08: receive RaftClientReply:client-821285EC2D67->9fa9a271-7bed-4435-b477-86c6ed0ece08@group-0E07FAD1B91E, cid=3864, SUCCESS, logIndex=5887, commits[9fa9a271-7bed-4435-b477-86c6ed0ece08:c5887, 06c1a879-4ae3-48dc-9686-b55cde066000:c5884, 67fae1a7-3cbe-4338-9d41-57e84498288b:c5884]
2019-07-10 10:27:50,820 INFO  client.GrpcClientProtocolClient (GrpcClientProtocolClient.java:onNext(255)) - client-821285EC2D67->9fa9a271-7bed-4435-b477-86c6ed0ece08: receive RaftClientReply:client-821285EC2D67->9fa9a271-7bed-4435-b477-86c6ed0ece08@group-0E07FAD1B91E, cid=3865, SUCCESS, logIndex=5888, commits[9fa9a271-7bed-4435-b477-86c6ed0ece08:c5888, 06c1a879-4ae3-48dc-9686-b55cde066000:c5884, 67fae1a7-3cbe-4338-9d41-57e84498288b:c5884]
2019-07-10 10:27:50,835 INFO  client.GrpcClientProtocolClient (GrpcClientProtocolClient.java:onNext(255)) - client-821285EC2D67->9fa9a271-7bed-4435-b477-86c6ed0ece08: receive RaftClientReply:client-821285EC2D67->9fa9a271-7bed-4435-b477-86c6ed0ece08@group-0E07FAD1B91E, cid=3866, SUCCESS, logIndex=0, commits[9fa9a271-7bed-4435-b477-86c6ed0ece08:c5889, 06c1a879-4ae3-48dc-9686-b55cde066000:c5888, 67fae1a7-3cbe-4338-9d41-57e84498288b:c5888]
2019-07-10 10:27:50,864 INFO  client.GrpcClientProtocolClient (GrpcClientProtocolClient.java:onNext(255)) - client-821285EC2D67->9fa9a271-7bed-4435-b477-86c6ed0ece08: receive RaftClientReply:client-821285EC2D67->9fa9a271-7bed-4435-b477-86c6ed0ece08@group-0E07FAD1B91E, cid=3867, SUCCESS, logIndex=5891, commits[9fa9a271-7bed-4435-b477-86c6ed0ece08:c5892, 06c1a879-4ae3-48dc-9686-b55cde066000:c5890, 67fae1a7-3cbe-4338-9d41-57e84498288b:c5890]
2019-07-10 10:27:50,865 INFO  client.GrpcClientProtocolClient (GrpcClientProtocolClient.java:onNext(255)) - client-821285EC2D67->9fa9a271-7bed-4435-b477-86c6ed0ece08: receive RaftClientReply:client-821285EC2D67->9fa9a271-7bed-4435-b477-86c6ed0ece08@group-0E07FAD1B91E, cid=3868, SUCCESS, logIndex=5892, commits[9fa9a271-7bed-4435-b477-86c6ed0ece08:c5893, 06c1a879-4ae3-48dc-9686-b55cde066000:c5890, 67fae1a7-3cbe-4338-9d41-57e84498288b:c5890]
2019-07-10 10:27:50,865 INFO  client.GrpcClientProtocolClient (GrpcClientProtocolClient.java:onNext(255)) - client-821285EC2D67->9fa9a271-7bed-4435-b477-86c6ed0ece08: receive RaftClientReply:client-821285EC2D67->9fa9a271-7bed-4435-b477-86c6ed0ece08@group-0E07FAD1B91E, cid=3869, SUCCESS, logIndex=5893, commits[9fa9a271-7bed-4435-b477-86c6ed0ece08:c5894, 06c1a879-4ae3-48dc-9686-b55cde066000:c5890, 67fae1a7-3cbe-4338-9d41-57e84498288b:c5890]
2019-07-10 10:27:50,865 INFO  client.GrpcClientProtocolClient (GrpcClientProtocolClient.java:onNext(255)) - client-821285EC2D67->9fa9a271-7bed-4435-b477-86c6ed0ece08: receive RaftClientReply:client-821285EC2D67->9fa9a271-7bed-4435-b477-86c6ed0ece08@group-0E07FAD1B91E, cid=3870, SUCCESS, logIndex=5894, commits[9fa9a271-7bed-4435-b477-86c6ed0ece08:c5894, 06c1a879-4ae3-48dc-9686-b55cde066000:c5890, 67fae1a7-3cbe-4338-9d41-57e84498288b:c5890]
2019-07-10 10:27:50,896 INFO  client.GrpcClientProtocolClient (GrpcClientProtocolClient.java:onNext(255)) - client-821285EC2D67->9fa9a271-7bed-4435-b477-86c6ed0ece08: receive RaftClientReply:client-821285EC2D67->9fa9a271-7bed-4435-b477-86c6ed0ece08@group-0E07FAD1B91E, cid=3871, SUCCESS, logIndex=0, commits[9fa9a271-7bed-4435-b477-86c6ed0ece08:c5897, 06c1a879-4ae3-48dc-9686-b55cde066000:c5893, 67fae1a7-3cbe-4338-9d41-57e84498288b:c5892]
2019-07-10 10:27:50,916 INFO  client.GrpcClientProtocolClient (GrpcClientProtocolClient.java:onNext(255)) - client-821285EC2D67->9fa9a271-7bed-4435-b477-86c6ed0ece08: receive RaftClientReply:client-821285EC2D67->9fa9a271-7bed-4435-b477-86c6ed0ece08@group-0E07FAD1B91E, cid=3872, SUCCESS, logIndex=5899, commits[9fa9a271-7bed-4435-b477-86c6ed0ece08:c5900, 06c1a879-4ae3-48dc-9686-b55cde066000:c5898, 67fae1a7-3cbe-4338-9d41-57e84498288b:c5898]
2019-07-10 10:27:50,916 INFO  client.GrpcClientProtocolClient (GrpcClientProtocolClient.java:onNext(255)) - client-821285EC2D67->9fa9a271-7bed-4435-b477-86c6ed0ece08: receive RaftClientReply:client-821285EC2D67->9fa9a271-7bed-4435-b477-86c6ed0ece08@group-0E07FAD1B91E, cid=3873, SUCCESS, logIndex=5900, commits[9fa9a271-7bed-4435-b477-86c6ed0ece08:c5900, 06c1a879-4ae3-48dc-9686-b55cde066000:c5898, 67fae1a7-3cbe-4338-9d41-57e84498288b:c5898]
2019-07-10 10:27:50,939 INFO  client.GrpcClientProtocolClient (GrpcClientProtocolClient.java:onNext(255)) - client-821285EC2D67->9fa9a271-7bed-4435-b477-86c6ed0ece08: receive RaftClientReply:client-821285EC2D67->9fa9a271-7bed-4435-b477-86c6ed0ece08@group-0E07FAD1B91E, cid=3874, SUCCESS, logIndex=5903, commits[9fa9a271-7bed-4435-b477-86c6ed0ece08:c5904, 06c1a879-4ae3-48dc-9686-b55cde066000:c5900, 67fae1a7-3cbe-4338-9d41-57e84498288b:c5900]
2019-07-10 10:27:50,940 INFO  client.GrpcClientProtocolClient (GrpcClientProtocolClient.java:onNext(255)) - client-821285EC2D67->9fa9a271-7bed-4435-b477-86c6ed0ece08: receive RaftClientReply:client-821285EC2D67->9fa9a271-7bed-4435-b477-86c6ed0ece08@group-0E07FAD1B91E, cid=3875, SUCCESS, logIndex=5904, commits[9fa9a271-7bed-4435-b477-86c6ed0ece08:c5904, 06c1a879-4ae3-48dc-9686-b55cde066000:c5900, 67fae1a7-3cbe-4338-9d41-57e84498288b:c5900]
2019-07-10 10:27:50,951 INFO  client.GrpcClientProtocolClient (GrpcClientProtocolClient.java:onNext(255)) - client-821285EC2D67->9fa9a271-7bed-4435-b477-86c6ed0ece08: receive RaftClientReply:client-821285EC2D67->9fa9a271-7bed-4435-b477-86c6ed0ece08@group-0E07FAD1B91E, cid=3876, SUCCESS, logIndex=0, commits[9fa9a271-7bed-4435-b477-86c6ed0ece08:c5905, 06c1a879-4ae3-48dc-9686-b55cde066000:c5904, 67fae1a7-3cbe-4338-9d41-57e84498288b:c5904]
2019-07-10 10:27:50,985 INFO  client.GrpcClientProtocolClient (GrpcClientProtocolClient.java:onNext(255)) - client-821285EC2D67->9fa9a271-7bed-4435-b477-86c6ed0ece08: receive RaftClientReply:client-821285EC2D67->9fa9a271-7bed-4435-b477-86c6ed0ece08@group-0E07FAD1B91E, cid=3877, SUCCESS, logIndex=5907, commits[9fa9a271-7bed-4435-b477-86c6ed0ece08:c5908, 06c1a879-4ae3-48dc-9686-b55cde066000:c5906, 67fae1a7-3cbe-4338-9d41-57e84498288b:c5904]
2019-07-10 10:27:50,986 INFO  client.GrpcClientProtocolClient (GrpcClientProtocolClient.java:onNext(255)) - client-821285EC2D67->9fa9a271-7bed-4435-b477-86c6ed0ece08: receive RaftClientReply:client-821285EC2D67->9fa9a271-7bed-4435-b477-86c6ed0ece08@group-0E07FAD1B91E, cid=3878, SUCCESS, logIndex=5908, commits[9fa9a271-7bed-4435-b477-86c6ed0ece08:c5908, 06c1a879-4ae3-48dc-9686-b55cde066000:c5906, 67fae1a7-3cbe-4338-9d41-57e84498288b:c5904]
2019-07-10 10:27:50,987 INFO  client.GrpcClientProtocolClient (GrpcClientProtocolClient.java:onNext(255)) - client-821285EC2D67->9fa9a271-7bed-4435-b477-86c6ed0ece08: receive RaftClientReply:client-821285EC2D67->9fa9a271-7bed-4435-b477-86c6ed0ece08@group-0E07FAD1B91E, cid=3879, SUCCESS, logIndex=5909, commits[9fa9a271-7bed-4435-b477-86c6ed0ece08:c5910, 06c1a879-4ae3-48dc-9686-b55cde066000:c5906, 67fae1a7-3cbe-4338-9d41-57e84498288b:c5906]
2019-07-10 10:27:50,987 INFO  client.GrpcClientProtocolClient (GrpcClientProtocolClient.java:onNext(255)) - client-821285EC2D67->9fa9a271-7bed-4435-b477-86c6ed0ece08: receive RaftClientReply:client-821285EC2D67->9fa9a271-7bed-4435-b477-86c6ed0ece08@group-0E07FAD1B91E, cid=3880, SUCCESS, logIndex=5910, commits[9fa9a271-7bed-4435-b477-86c6ed0ece08:c5910, 06c1a879-4ae3-48dc-9686-b55cde066000:c5906, 67fae1a7-3cbe-4338-9d41-57e84498288b:c5906]
2019-07-10 10:27:50,990 INFO  client.GrpcClientProtocolClient (GrpcClientProtocolClient.java:onNext(255)) - client-821285EC2D67->9fa9a271-7bed-4435-b477-86c6ed0ece08: receive RaftClientReply:client-821285EC2D67->9fa9a271-7bed-4435-b477-86c6ed0ece08@group-0E07FAD1B91E, cid=3881, SUCCESS, logIndex=0, commits[9fa9a271-7bed-4435-b477-86c6ed0ece08:c5912, 06c1a879-4ae3-48dc-9686-b55cde066000:c5908, 67fae1a7-3cbe-4338-9d41-57e84498288b:c5908]
2019-07-10 10:27:51,010 INFO  client.GrpcClientProtocolClient (GrpcClientProtocolClient.java:onNext(255)) - client-821285EC2D67->9fa9a271-7bed-4435-b477-86c6ed0ece08: receive RaftClientReply:client-821285EC2D67->9fa9a271-7bed-4435-b477-86c6ed0ece08@group-0E07FAD1B91E, cid=3882, SUCCESS, logIndex=5915, commits[9fa9a271-7bed-4435-b477-86c6ed0ece08:c5916, 06c1a879-4ae3-48dc-9686-b55cde066000:c5914, 67fae1a7-3cbe-4338-9d41-57e84498288b:c5914]
2019-07-10 10:27:51,011 INFO  client.GrpcClientProtocolClient (GrpcClientProtocolClient.java:onNext(255)) - client-821285EC2D67->9fa9a271-7bed-4435-b477-86c6ed0ece08: receive RaftClientReply:client-821285EC2D67->9fa9a271-7bed-4435-b477-86c6ed0ece08@group-0E07FAD1B91E, cid=3883, SUCCESS, logIndex=5916, commits[9fa9a271-7bed-4435-b477-86c6ed0ece08:c5916, 06c1a879-4ae3-48dc-9686-b55cde066000:c5914, 67fae1a7-3cbe-4338-9d41-57e84498288b:c5914]
2019-07-10 10:27:51,041 INFO  client.GrpcClientProtocolClient (GrpcClientProtocolClient.java:onNext(255)) - client-821285EC2D67->9fa9a271-7bed-4435-b477-86c6ed0ece08: receive RaftClientReply:client-821285EC2D67->9fa9a271-7bed-4435-b477-86c6ed0ece08@group-0E07FAD1B91E, cid=3884, SUCCESS, logIndex=5919, commits[9fa9a271-7bed-4435-b477-86c6ed0ece08:c5920, 06c1a879-4ae3-48dc-9686-b55cde066000:c5916, 67fae1a7-3cbe-4338-9d41-57e84498288b:c5916]
2019-07-10 10:27:51,041 INFO  client.GrpcClientProtocolClient (GrpcClientProtocolClient.java:onNext(255)) - client-821285EC2D67->9fa9a271-7bed-4435-b477-86c6ed0ece08: receive RaftClientReply:client-821285EC2D67->9fa9a271-7bed-4435-b477-86c6ed0ece08@group-0E07FAD1B91E, cid=3885, SUCCESS, logIndex=5920, commits[9fa9a271-7bed-4435-b477-86c6ed0ece08:c5920, 06c1a879-4ae3-48dc-9686-b55cde066000:c5916, 67fae1a7-3cbe-4338-9d41-57e84498288b:c5916]
2019-07-10 10:27:51,054 INFO  client.GrpcClientProtocolClient (GrpcClientProtocolClient.java:onNext(255)) - client-821285EC2D67->9fa9a271-7bed-4435-b477-86c6ed0ece08: receive RaftClientReply:client-821285EC2D67->9fa9a271-7bed-4435-b477-86c6ed0ece08@group-0E07FAD1B91E, cid=3886, SUCCESS, logIndex=0, commits[9fa9a271-7bed-4435-b477-86c6ed0ece08:c5922, 06c1a879-4ae3-48dc-9686-b55cde066000:c5920, 67fae1a7-3cbe-4338-9d41-57e84498288b:c5920]
2019-07-10 10:27:51,089 INFO  client.GrpcClientProtocolClient (GrpcClientProtocolClient.java:onNext(255)) - client-821285EC2D67->9fa9a271-7bed-4435-b477-86c6ed0ece08: receive RaftClientReply:client-821285EC2D67->9fa9a271-7bed-4435-b477-86c6ed0ece08@group-0E07FAD1B91E, cid=3887, SUCCESS, logIndex=5923, commits[9fa9a271-7bed-4435-b477-86c6ed0ece08:c5924, 06c1a879-4ae3-48dc-9686-b55cde066000:c5922, 67fae1a7-3cbe-4338-9d41-57e84498288b:c5922]
2019-07-10 10:27:51,090 INFO  client.GrpcClientProtocolClient (GrpcClientProtocolClient.java:onNext(255)) - client-821285EC2D67->9fa9a271-7bed-4435-b477-86c6ed0ece08: receive RaftClientReply:client-821285EC2D67->9fa9a271-7bed-4435-b477-86c6ed0ece08@group-0E07FAD1B91E, cid=3888, SUCCESS, logIndex=5924, commits[9fa9a271-7bed-4435-b477-86c6ed0ece08:c5924, 06c1a879-4ae3-48dc-9686-b55cde066000:c5922, 67fae1a7-3cbe-4338-9d41-57e84498288b:c5922]
2019-07-10 10:27:51,092 INFO  client.GrpcClientProtocolClient (GrpcClientProtocolClient.java:onNext(255)) - client-821285EC2D67->9fa9a271-7bed-4435-b477-86c6ed0ece08: receive RaftClientReply:client-821285EC2D67->9fa9a271-7bed-4435-b477-86c6ed0ece08@group-0E07FAD1B91E, cid=3889, SUCCESS, logIndex=5925, commits[9fa9a271-7bed-4435-b477-86c6ed0ece08:c5926, 06c1a879-4ae3-48dc-9686-b55cde066000:c5922, 67fae1a7-3cbe-4338-9d41-57e84498288b:c5922]
2019-07-10 10:27:51,092 INFO  client.GrpcClientProtocolClient (GrpcClientProtocolClient.java:onNext(255)) - client-821285EC2D67->9fa9a271-7bed-4435-b477-86c6ed0ece08: receive RaftClientReply:client-821285EC2D67->9fa9a271-7bed-4435-b477-86c6ed0ece08@group-0E07FAD1B91E, cid=3890, SUCCESS, logIndex=5926, commits[9fa9a271-7bed-4435-b477-86c6ed0ece08:c5926, 06c1a879-4ae3-48dc-9686-b55cde066000:c5922, 67fae1a7-3cbe-4338-9d41-57e84498288b:c5922]
2019-07-10 10:27:51,095 INFO  client.GrpcClientProtocolClient (GrpcClientProtocolClient.java:onNext(255)) - client-821285EC2D67->9fa9a271-7bed-4435-b477-86c6ed0ece08: receive RaftClientReply:client-821285EC2D67->9fa9a271-7bed-4435-b477-86c6ed0ece08@group-0E07FAD1B91E, cid=3891, SUCCESS, logIndex=0, commits[9fa9a271-7bed-4435-b477-86c6ed0ece08:c5928, 06c1a879-4ae3-48dc-9686-b55cde066000:c5924, 67fae1a7-3cbe-4338-9d41-57e84498288b:c5924]
2019-07-10 10:27:51,116 INFO  client.GrpcClientProtocolClient (GrpcClientProtocolClient.java:onNext(255)) - client-821285EC2D67->9fa9a271-7bed-4435-b477-86c6ed0ece08: receive RaftClientReply:client-821285EC2D67->9fa9a271-7bed-4435-b477-86c6ed0ece08@group-0E07FAD1B91E, cid=3892, SUCCESS, logIndex=5931, commits[9fa9a271-7bed-4435-b477-86c6ed0ece08:c5932, 06c1a879-4ae3-48dc-9686-b55cde066000:c5930, 67fae1a7-3cbe-4338-9d41-57e84498288b:c5930]
2019-07-10 10:27:51,116 INFO  client.GrpcClientProtocolClient (GrpcClientProtocolClient.java:onNext(255)) - client-821285EC2D67->9fa9a271-7bed-4435-b477-86c6ed0ece08: receive RaftClientReply:client-821285EC2D67->9fa9a271-7bed-4435-b477-86c6ed0ece08@group-0E07FAD1B91E, cid=3893, SUCCESS, logIndex=5932, commits[9fa9a271-7bed-4435-b477-86c6ed0ece08:c5932, 06c1a879-4ae3-48dc-9686-b55cde066000:c5930, 67fae1a7-3cbe-4338-9d41-57e84498288b:c5930]
2019-07-10 10:27:51,260 INFO  client.GrpcClientProtocolClient (GrpcClientProtocolClient.java:onNext(255)) - client-821285EC2D67->9fa9a271-7bed-4435-b477-86c6ed0ece08: receive RaftClientReply:client-821285EC2D67->9fa9a271-7bed-4435-b477-86c6ed0ece08@group-0E07FAD1B91E, cid=3894, SUCCESS, logIndex=5935, commits[9fa9a271-7bed-4435-b477-86c6ed0ece08:c5936, 06c1a879-4ae3-48dc-9686-b55cde066000:c5932, 67fae1a7-3cbe-4338-9d41-57e84498288b:c5933]
2019-07-10 10:27:51,261 INFO  client.GrpcClientProtocolClient (GrpcClientProtocolClient.java:onNext(255)) - client-821285EC2D67->9fa9a271-7bed-4435-b477-86c6ed0ece08: receive RaftClientReply:client-821285EC2D67->9fa9a271-7bed-4435-b477-86c6ed0ece08@group-0E07FAD1B91E, cid=3895, SUCCESS, logIndex=5936, commits[9fa9a271-7bed-4435-b477-86c6ed0ece08:c5936, 06c1a879-4ae3-48dc-9686-b55cde066000:c5932, 67fae1a7-3cbe-4338-9d41-57e84498288b:c5933]
2019-07-10 10:27:51,275 INFO  client.GrpcClientProtocolClient (GrpcClientProtocolClient.java:onNext(255)) - client-821285EC2D67->9fa9a271-7bed-4435-b477-86c6ed0ece08: receive RaftClientReply:client-821285EC2D67->9fa9a271-7bed-4435-b477-86c6ed0ece08@group-0E07FAD1B91E, cid=3896, SUCCESS, logIndex=0, commits[9fa9a271-7bed-4435-b477-86c6ed0ece08:c5938, 06c1a879-4ae3-48dc-9686-b55cde066000:c5936, 67fae1a7-3cbe-4338-9d41-57e84498288b:c5936]
2019-07-10 10:27:51,308 INFO  client.GrpcClientProtocolClient (GrpcClientProtocolClient.java:onNext(255)) - client-821285EC2D67->9fa9a271-7bed-4435-b477-86c6ed0ece08: receive RaftClientReply:client-821285EC2D67->9fa9a271-7bed-4435-b477-86c6ed0ece08@group-0E07FAD1B91E, cid=3897, SUCCESS, logIndex=5939, commits[9fa9a271-7bed-4435-b477-86c6ed0ece08:c5940, 06c1a879-4ae3-48dc-9686-b55cde066000:c5938, 67fae1a7-3cbe-4338-9d41-57e84498288b:c5938]
2019-07-10 10:27:51,309 INFO  client.GrpcClientProtocolClient (GrpcClientProtocolClient.java:onNext(255)) - client-821285EC2D67->9fa9a271-7bed-4435-b477-86c6ed0ece08: receive RaftClientReply:client-821285EC2D67->9fa9a271-7bed-4435-b477-86c6ed0ece08@group-0E07FAD1B91E, cid=3898, SUCCESS, logIndex=5940, commits[9fa9a271-7bed-4435-b477-86c6ed0ece08:c5940, 06c1a879-4ae3-48dc-9686-b55cde066000:c5938, 67fae1a7-3cbe-4338-9d41-57e84498288b:c5938]
2019-07-10 10:27:51,310 INFO  client.GrpcClientProtocolClient (GrpcClientProtocolClient.java:onNext(255)) - client-821285EC2D67->9fa9a271-7bed-4435-b477-86c6ed0ece08: receive RaftClientReply:client-821285EC2D67->9fa9a271-7bed-4435-b477-86c6ed0ece08@group-0E07FAD1B91E, cid=3899, SUCCESS, logIndex=5941, commits[9fa9a271-7bed-4435-b477-86c6ed0ece08:c5942, 06c1a879-4ae3-48dc-9686-b55cde066000:c5938, 67fae1a7-3cbe-4338-9d41-57e84498288b:c5938]
2019-07-10 10:27:51,310 INFO  client.GrpcClientProtocolClient (GrpcClientProtocolClient.java:onNext(255)) - client-821285EC2D67->9fa9a271-7bed-4435-b477-86c6ed0ece08: receive RaftClientReply:client-821285EC2D67->9fa9a271-7bed-4435-b477-86c6ed0ece08@group-0E07FAD1B91E, cid=3900, SUCCESS, logIndex=5942, commits[9fa9a271-7bed-4435-b477-86c6ed0ece08:c5942, 06c1a879-4ae3-48dc-9686-b55cde066000:c5938, 67fae1a7-3cbe-4338-9d41-57e84498288b:c5938]
2019-07-10 10:27:51,311 INFO  client.GrpcClientProtocolClient (GrpcClientProtocolClient.java:onNext(255)) - client-821285EC2D67->9fa9a271-7bed-4435-b477-86c6ed0ece08: receive RaftClientReply:client-821285EC2D67->9fa9a271-7bed-4435-b477-86c6ed0ece08@group-0E07FAD1B91E, cid=3901, SUCCESS, logIndex=0, commits[9fa9a271-7bed-4435-b477-86c6ed0ece08:c5944, 06c1a879-4ae3-48dc-9686-b55cde066000:c5940, 67fae1a7-3cbe-4338-9d41-57e84498288b:c5940]
2019-07-10 10:27:51,324 INFO  client.GrpcClientProtocolClient (GrpcClientProtocolClient.java:onNext(255)) - client-821285EC2D67->9fa9a271-7bed-4435-b477-86c6ed0ece08: receive RaftClientReply:client-821285EC2D67->9fa9a271-7bed-4435-b477-86c6ed0ece08@group-0E07FAD1B91E, cid=3902, SUCCESS, logIndex=5947, commits[9fa9a271-7bed-4435-b477-86c6ed0ece08:c5948, 06c1a879-4ae3-48dc-9686-b55cde066000:c5946, 67fae1a7-3cbe-4338-9d41-57e84498288b:c5942]
2019-07-10 10:27:51,325 INFO  client.GrpcClientProtocolClient (GrpcClientProtocolClient.java:onNext(255)) - client-821285EC2D67->9fa9a271-7bed-4435-b477-86c6ed0ece08: receive RaftClientReply:client-821285EC2D67->9fa9a271-7bed-4435-b477-86c6ed0ece08@group-0E07FAD1B91E, cid=3903, SUCCESS, logIndex=5948, commits[9fa9a271-7bed-4435-b477-86c6ed0ece08:c5948, 06c1a879-4ae3-48dc-9686-b55cde066000:c5946, 67fae1a7-3cbe-4338-9d41-57e84498288b:c5946]
2019-07-10 10:27:51,337 INFO  client.GrpcClientProtocolClient (GrpcClientProtocolClient.java:onNext(255)) - client-821285EC2D67->9fa9a271-7bed-4435-b477-86c6ed0ece08: receive RaftClientReply:client-821285EC2D67->9fa9a271-7bed-4435-b477-86c6ed0ece08@group-0E07FAD1B91E, cid=3904, SUCCESS, logIndex=5951, commits[9fa9a271-7bed-4435-b477-86c6ed0ece08:c5952, 06c1a879-4ae3-48dc-9686-b55cde066000:c5950, 67fae1a7-3cbe-4338-9d41-57e84498288b:c5950]
2019-07-10 10:27:51,337 INFO  client.GrpcClientProtocolClient (GrpcClientProtocolClient.java:onNext(255)) - client-821285EC2D67->9fa9a271-7bed-4435-b477-86c6ed0ece08: receive RaftClientReply:client-821285EC2D67->9fa9a271-7bed-4435-b477-86c6ed0ece08@group-0E07FAD1B91E, cid=3905, SUCCESS, logIndex=5952, commits[9fa9a271-7bed-4435-b477-86c6ed0ece08:c5952, 06c1a879-4ae3-48dc-9686-b55cde066000:c5950, 67fae1a7-3cbe-4338-9d41-57e84498288b:c5950]
2019-07-10 10:27:51,339 INFO  client.GrpcClientProtocolClient (GrpcClientProtocolClient.java:onNext(255)) - client-821285EC2D67->9fa9a271-7bed-4435-b477-86c6ed0ece08: receive RaftClientReply:client-821285EC2D67->9fa9a271-7bed-4435-b477-86c6ed0ece08@group-0E07FAD1B91E, cid=3906, SUCCESS, logIndex=0, commits[9fa9a271-7bed-4435-b477-86c6ed0ece08:c5953, 06c1a879-4ae3-48dc-9686-b55cde066000:c5952, 67fae1a7-3cbe-4338-9d41-57e84498288b:c5952]
2019-07-10 10:27:51,369 INFO  client.GrpcClientProtocolClient (GrpcClientProtocolClient.java:onNext(255)) - client-821285EC2D67->9fa9a271-7bed-4435-b477-86c6ed0ece08: receive RaftClientReply:client-821285EC2D67->9fa9a271-7bed-4435-b477-86c6ed0ece08@group-0E07FAD1B91E, cid=3907, SUCCESS, logIndex=5955, commits[9fa9a271-7bed-4435-b477-86c6ed0ece08:c5956, 06c1a879-4ae3-48dc-9686-b55cde066000:c5954, 67fae1a7-3cbe-4338-9d41-57e84498288b:c5954]
2019-07-10 10:27:51,370 INFO  client.GrpcClientProtocolClient (GrpcClientProtocolClient.java:onNext(255)) - client-821285EC2D67->9fa9a271-7bed-4435-b477-86c6ed0ece08: receive RaftClientReply:client-821285EC2D67->9fa9a271-7bed-4435-b477-86c6ed0ece08@group-0E07FAD1B91E, cid=3908, SUCCESS, logIndex=5956, commits[9fa9a271-7bed-4435-b477-86c6ed0ece08:c5956, 06c1a879-4ae3-48dc-9686-b55cde066000:c5954, 67fae1a7-3cbe-4338-9d41-57e84498288b:c5954]
2019-07-10 10:27:51,370 INFO  client.GrpcClientProtocolClient (GrpcClientProtocolClient.java:onNext(255)) - client-821285EC2D67->9fa9a271-7bed-4435-b477-86c6ed0ece08: receive RaftClientReply:client-821285EC2D67->9fa9a271-7bed-4435-b477-86c6ed0ece08@group-0E07FAD1B91E, cid=3909, SUCCESS, logIndex=5957, commits[9fa9a271-7bed-4435-b477-86c6ed0ece08:c5957, 06c1a879-4ae3-48dc-9686-b55cde066000:c5954, 67fae1a7-3cbe-4338-9d41-57e84498288b:c5954]
2019-07-10 10:27:51,371 INFO  client.GrpcClientProtocolClient (GrpcClientProtocolClient.java:onNext(255)) - client-821285EC2D67->9fa9a271-7bed-4435-b477-86c6ed0ece08: receive RaftClientReply:client-821285EC2D67->9fa9a271-7bed-4435-b477-86c6ed0ece08@group-0E07FAD1B91E, cid=3910, SUCCESS, logIndex=5958, commits[9fa9a271-7bed-4435-b477-86c6ed0ece08:c5958, 06c1a879-4ae3-48dc-9686-b55cde066000:c5954, 67fae1a7-3cbe-4338-9d41-57e84498288b:c5954]
2019-07-10 10:27:51,375 INFO  client.GrpcClientProtocolClient (GrpcClientProtocolClient.java:onNext(255)) - client-821285EC2D67->9fa9a271-7bed-4435-b477-86c6ed0ece08: receive RaftClientReply:client-821285EC2D67->9fa9a271-7bed-4435-b477-86c6ed0ece08@group-0E07FAD1B91E, cid=3911, SUCCESS, logIndex=0, commits[9fa9a271-7bed-4435-b477-86c6ed0ece08:c5960, 06c1a879-4ae3-48dc-9686-b55cde066000:c5956, 67fae1a7-3cbe-4338-9d41-57e84498288b:c5956]
2019-07-10 10:27:51,397 INFO  client.GrpcClientProtocolClient (GrpcClientProtocolClient.java:onNext(255)) - client-821285EC2D67->9fa9a271-7bed-4435-b477-86c6ed0ece08: receive RaftClientReply:client-821285EC2D67->9fa9a271-7bed-4435-b477-86c6ed0ece08@group-0E07FAD1B91E, cid=3912, SUCCESS, logIndex=5963, commits[9fa9a271-7bed-4435-b477-86c6ed0ece08:c5964, 06c1a879-4ae3-48dc-9686-b55cde066000:c5962, 67fae1a7-3cbe-4338-9d41-57e84498288b:c5962]
2019-07-10 10:27:51,397 INFO  client.GrpcClientProtocolClient (GrpcClientProtocolClient.java:onNext(255)) - client-821285EC2D67->9fa9a271-7bed-4435-b477-86c6ed0ece08: receive RaftClientReply:client-821285EC2D67->9fa9a271-7bed-4435-b477-86c6ed0ece08@group-0E07FAD1B91E, cid=3913, SUCCESS, logIndex=5964, commits[9fa9a271-7bed-4435-b477-86c6ed0ece08:c5964, 06c1a879-4ae3-48dc-9686-b55cde066000:c5962, 67fae1a7-3cbe-4338-9d41-57e84498288b:c5962]
2019-07-10 10:27:51,415 INFO  client.GrpcClientProtocolClient (GrpcClientProtocolClient.java:onNext(255)) - client-821285EC2D67->9fa9a271-7bed-4435-b477-86c6ed0ece08: receive RaftClientReply:client-821285EC2D67->9fa9a271-7bed-4435-b477-86c6ed0ece08@group-0E07FAD1B91E, cid=3914, SUCCESS, logIndex=5967, commits[9fa9a271-7bed-4435-b477-86c6ed0ece08:c5968, 06c1a879-4ae3-48dc-9686-b55cde066000:c5966, 67fae1a7-3cbe-4338-9d41-57e84498288b:c5966]
2019-07-10 10:27:51,415 INFO  client.GrpcClientProtocolClient (GrpcClientProtocolClient.java:onNext(255)) - client-821285EC2D67->9fa9a271-7bed-4435-b477-86c6ed0ece08: receive RaftClientReply:client-821285EC2D67->9fa9a271-7bed-4435-b477-86c6ed0ece08@group-0E07FAD1B91E, cid=3915, SUCCESS, logIndex=5968, commits[9fa9a271-7bed-4435-b477-86c6ed0ece08:c5968, 06c1a879-4ae3-48dc-9686-b55cde066000:c5966, 67fae1a7-3cbe-4338-9d41-57e84498288b:c5966]
2019-07-10 10:27:51,430 INFO  client.GrpcClientProtocolClient (GrpcClientProtocolClient.java:onNext(255)) - client-821285EC2D67->9fa9a271-7bed-4435-b477-86c6ed0ece08: receive RaftClientReply:client-821285EC2D67->9fa9a271-7bed-4435-b477-86c6ed0ece08@group-0E07FAD1B91E, cid=3916, SUCCESS, logIndex=0, commits[9fa9a271-7bed-4435-b477-86c6ed0ece08:c5970, 06c1a879-4ae3-48dc-9686-b55cde066000:c5968, 67fae1a7-3cbe-4338-9d41-57e84498288b:c5968]
2019-07-10 10:27:51,462 INFO  client.GrpcClientProtocolClient (GrpcClientProtocolClient.java:onNext(255)) - client-821285EC2D67->9fa9a271-7bed-4435-b477-86c6ed0ece08: receive RaftClientReply:client-821285EC2D67->9fa9a271-7bed-4435-b477-86c6ed0ece08@group-0E07FAD1B91E, cid=3917, SUCCESS, logIndex=5971, commits[9fa9a271-7bed-4435-b477-86c6ed0ece08:c5972, 06c1a879-4ae3-48dc-9686-b55cde066000:c5970, 67fae1a7-3cbe-4338-9d41-57e84498288b:c5970]
2019-07-10 10:27:51,463 INFO  client.GrpcClientProtocolClient (GrpcClientProtocolClient.java:onNext(255)) - client-821285EC2D67->9fa9a271-7bed-4435-b477-86c6ed0ece08: receive RaftClientReply:client-821285EC2D67->9fa9a271-7bed-4435-b477-86c6ed0ece08@group-0E07FAD1B91E, cid=3918, SUCCESS, logIndex=5972, commits[9fa9a271-7bed-4435-b477-86c6ed0ece08:c5974, 06c1a879-4ae3-48dc-9686-b55cde066000:c5970, 67fae1a7-3cbe-4338-9d41-57e84498288b:c5970]
2019-07-10 10:27:51,463 INFO  client.GrpcClientProtocolClient (GrpcClientProtocolClient.java:onNext(255)) - client-821285EC2D67->9fa9a271-7bed-4435-b477-86c6ed0ece08: receive RaftClientReply:client-821285EC2D67->9fa9a271-7bed-4435-b477-86c6ed0ece08@group-0E07FAD1B91E, cid=3919, SUCCESS, logIndex=5973, commits[9fa9a271-7bed-4435-b477-86c6ed0ece08:c5974, 06c1a879-4ae3-48dc-9686-b55cde066000:c5970, 67fae1a7-3cbe-4338-9d41-57e84498288b:c5970]
2019-07-10 10:27:51,463 INFO  client.GrpcClientProtocolClient (GrpcClientProtocolClient.java:onNext(255)) - client-821285EC2D67->9fa9a271-7bed-4435-b477-86c6ed0ece08: receive RaftClientReply:client-821285EC2D67->9fa9a271-7bed-4435-b477-86c6ed0ece08@group-0E07FAD1B91E, cid=3920, SUCCESS, logIndex=5974, commits[9fa9a271-7bed-4435-b477-86c6ed0ece08:c5974, 06c1a879-4ae3-48dc-9686-b55cde066000:c5970, 67fae1a7-3cbe-4338-9d41-57e84498288b:c5970]
 0.00% |█                                                                                                    |  0/1 Time: 0:00:312019-07-10 10:27:51,530 INFO  client.GrpcClientProtocolClient (GrpcClientProtocolClient.java:onNext(255)) - client-821285EC2D67->9fa9a271-7bed-4435-b477-86c6ed0ece08: receive RaftClientReply:client-821285EC2D67->9fa9a271-7bed-4435-b477-86c6ed0ece08@group-0E07FAD1B91E, cid=3921, SUCCESS, logIndex=0, commits[9fa9a271-7bed-4435-b477-86c6ed0ece08:c5977, 06c1a879-4ae3-48dc-9686-b55cde066000:c5972, 67fae1a7-3cbe-4338-9d41-57e84498288b:c5974]
2019-07-10 10:27:51,543 INFO  client.GrpcClientProtocolClient (GrpcClientProtocolClient.java:onNext(255)) - client-821285EC2D67->9fa9a271-7bed-4435-b477-86c6ed0ece08: receive RaftClientReply:client-821285EC2D67->9fa9a271-7bed-4435-b477-86c6ed0ece08@group-0E07FAD1B91E, cid=3922, SUCCESS, logIndex=5978, commits[9fa9a271-7bed-4435-b477-86c6ed0ece08:c5979, 06c1a879-4ae3-48dc-9686-b55cde066000:c5977, 67fae1a7-3cbe-4338-9d41-57e84498288b:c5977]
2019-07-10 10:27:51,543 INFO  client.GrpcClientProtocolClient (GrpcClientProtocolClient.java:onNext(255)) - client-821285EC2D67->9fa9a271-7bed-4435-b477-86c6ed0ece08: receive RaftClientReply:client-821285EC2D67->9fa9a271-7bed-4435-b477-86c6ed0ece08@group-0E07FAD1B91E, cid=3923, SUCCESS, logIndex=5979, commits[9fa9a271-7bed-4435-b477-86c6ed0ece08:c5979, 06c1a879-4ae3-48dc-9686-b55cde066000:c5977, 67fae1a7-3cbe-4338-9d41-57e84498288b:c5977]
2019-07-10 10:27:51,567 INFO  client.GrpcClientProtocolClient (GrpcClientProtocolClient.java:onNext(255)) - client-821285EC2D67->9fa9a271-7bed-4435-b477-86c6ed0ece08: receive RaftClientReply:client-821285EC2D67->9fa9a271-7bed-4435-b477-86c6ed0ece08@group-0E07FAD1B91E, cid=3924, SUCCESS, logIndex=5982, commits[9fa9a271-7bed-4435-b477-86c6ed0ece08:c5983, 06c1a879-4ae3-48dc-9686-b55cde066000:c5980, 67fae1a7-3cbe-4338-9d41-57e84498288b:c5980]
2019-07-10 10:27:51,567 INFO  client.GrpcClientProtocolClient (GrpcClientProtocolClient.java:onNext(255)) - client-821285EC2D67->9fa9a271-7bed-4435-b477-86c6ed0ece08: receive RaftClientReply:client-821285EC2D67->9fa9a271-7bed-4435-b477-86c6ed0ece08@group-0E07FAD1B91E, cid=3925, SUCCESS, logIndex=5983, commits[9fa9a271-7bed-4435-b477-86c6ed0ece08:c5983, 06c1a879-4ae3-48dc-9686-b55cde066000:c5980, 67fae1a7-3cbe-4338-9d41-57e84498288b:c5980]
2019-07-10 10:27:51,639 INFO  client.GrpcClientProtocolClient (GrpcClientProtocolClient.java:onNext(255)) - client-821285EC2D67->9fa9a271-7bed-4435-b477-86c6ed0ece08: receive RaftClientReply:client-821285EC2D67->9fa9a271-7bed-4435-b477-86c6ed0ece08@group-0E07FAD1B91E, cid=3926, SUCCESS, logIndex=0, commits[9fa9a271-7bed-4435-b477-86c6ed0ece08:c5985, 06c1a879-4ae3-48dc-9686-b55cde066000:c5983, 67fae1a7-3cbe-4338-9d41-57e84498288b:c5983]
2019-07-10 10:27:51,668 INFO  client.GrpcClientProtocolClient (GrpcClientProtocolClient.java:onNext(255)) - client-821285EC2D67->9fa9a271-7bed-4435-b477-86c6ed0ece08: receive RaftClientReply:client-821285EC2D67->9fa9a271-7bed-4435-b477-86c6ed0ece08@group-0E07FAD1B91E, cid=3927, SUCCESS, logIndex=5986, commits[9fa9a271-7bed-4435-b477-86c6ed0ece08:c5987, 06c1a879-4ae3-48dc-9686-b55cde066000:c5985, 67fae1a7-3cbe-4338-9d41-57e84498288b:c5985]
2019-07-10 10:27:51,668 INFO  client.GrpcClientProtocolClient (GrpcClientProtocolClient.java:onNext(255)) - client-821285EC2D67->9fa9a271-7bed-4435-b477-86c6ed0ece08: receive RaftClientReply:client-821285EC2D67->9fa9a271-7bed-4435-b477-86c6ed0ece08@group-0E07FAD1B91E, cid=3928, SUCCESS, logIndex=5987, commits[9fa9a271-7bed-4435-b477-86c6ed0ece08:c5987, 06c1a879-4ae3-48dc-9686-b55cde066000:c5985, 67fae1a7-3cbe-4338-9d41-57e84498288b:c5985]
2019-07-10 10:27:51,671 INFO  client.GrpcClientProtocolClient (GrpcClientProtocolClient.java:onNext(255)) - client-821285EC2D67->9fa9a271-7bed-4435-b477-86c6ed0ece08: receive RaftClientReply:client-821285EC2D67->9fa9a271-7bed-4435-b477-86c6ed0ece08@group-0E07FAD1B91E, cid=3929, SUCCESS, logIndex=5988, commits[9fa9a271-7bed-4435-b477-86c6ed0ece08:c5989, 06c1a879-4ae3-48dc-9686-b55cde066000:c5985, 67fae1a7-3cbe-4338-9d41-57e84498288b:c5985]
2019-07-10 10:27:51,671 INFO  client.GrpcClientProtocolClient (GrpcClientProtocolClient.java:onNext(255)) - client-821285EC2D67->9fa9a271-7bed-4435-b477-86c6ed0ece08: receive RaftClientReply:client-821285EC2D67->9fa9a271-7bed-4435-b477-86c6ed0ece08@group-0E07FAD1B91E, cid=3930, SUCCESS, logIndex=5989, commits[9fa9a271-7bed-4435-b477-86c6ed0ece08:c5989, 06c1a879-4ae3-48dc-9686-b55cde066000:c5985, 67fae1a7-3cbe-4338-9d41-57e84498288b:c5985]
2019-07-10 10:27:51,681 INFO  client.GrpcClientProtocolClient (GrpcClientProtocolClient.java:onNext(255)) - client-821285EC2D67->9fa9a271-7bed-4435-b477-86c6ed0ece08: receive RaftClientReply:client-821285EC2D67->9fa9a271-7bed-4435-b477-86c6ed0ece08@group-0E07FAD1B91E, cid=3931, SUCCESS, logIndex=0, commits[9fa9a271-7bed-4435-b477-86c6ed0ece08:c5991, 06c1a879-4ae3-48dc-9686-b55cde066000:c5987, 67fae1a7-3cbe-4338-9d41-57e84498288b:c5987]
2019-07-10 10:27:51,699 INFO  client.GrpcClientProtocolClient (GrpcClientProtocolClient.java:onNext(255)) - client-821285EC2D67->9fa9a271-7bed-4435-b477-86c6ed0ece08: receive RaftClientReply:client-821285EC2D67->9fa9a271-7bed-4435-b477-86c6ed0ece08@group-0E07FAD1B91E, cid=3932, SUCCESS, logIndex=5994, commits[9fa9a271-7bed-4435-b477-86c6ed0ece08:c5995, 06c1a879-4ae3-48dc-9686-b55cde066000:c5993, 67fae1a7-3cbe-4338-9d41-57e84498288b:c5993]
2019-07-10 10:27:51,700 INFO  client.GrpcClientProtocolClient (GrpcClientProtocolClient.java:onNext(255)) - client-821285EC2D67->9fa9a271-7bed-4435-b477-86c6ed0ece08: receive RaftClientReply:client-821285EC2D67->9fa9a271-7bed-4435-b477-86c6ed0ece08@group-0E07FAD1B91E, cid=3933, SUCCESS, logIndex=5995, commits[9fa9a271-7bed-4435-b477-86c6ed0ece08:c5995, 06c1a879-4ae3-48dc-9686-b55cde066000:c5993, 67fae1a7-3cbe-4338-9d41-57e84498288b:c5993]
2019-07-10 10:27:51,713 INFO  client.GrpcClientProtocolClient (GrpcClientProtocolClient.java:onNext(255)) - client-821285EC2D67->9fa9a271-7bed-4435-b477-86c6ed0ece08: receive RaftClientReply:client-821285EC2D67->9fa9a271-7bed-4435-b477-86c6ed0ece08@group-0E07FAD1B91E, cid=3934, SUCCESS, logIndex=5998, commits[9fa9a271-7bed-4435-b477-86c6ed0ece08:c5999, 06c1a879-4ae3-48dc-9686-b55cde066000:c5995, 67fae1a7-3cbe-4338-9d41-57e84498288b:c5995]
2019-07-10 10:27:51,713 INFO  client.GrpcClientProtocolClient (GrpcClientProtocolClient.java:onNext(255)) - client-821285EC2D67->9fa9a271-7bed-4435-b477-86c6ed0ece08: receive RaftClientReply:client-821285EC2D67->9fa9a271-7bed-4435-b477-86c6ed0ece08@group-0E07FAD1B91E, cid=3935, SUCCESS, logIndex=5999, commits[9fa9a271-7bed-4435-b477-86c6ed0ece08:c5999, 06c1a879-4ae3-48dc-9686-b55cde066000:c5995, 67fae1a7-3cbe-4338-9d41-57e84498288b:c5995]
2019-07-10 10:27:51,718 INFO  client.GrpcClientProtocolClient (GrpcClientProtocolClient.java:onNext(255)) - client-821285EC2D67->9fa9a271-7bed-4435-b477-86c6ed0ece08: receive RaftClientReply:client-821285EC2D67->9fa9a271-7bed-4435-b477-86c6ed0ece08@group-0E07FAD1B91E, cid=3936, SUCCESS, logIndex=0, commits[9fa9a271-7bed-4435-b477-86c6ed0ece08:c6001, 06c1a879-4ae3-48dc-9686-b55cde066000:c5999, 67fae1a7-3cbe-4338-9d41-57e84498288b:c5999]
2019-07-10 10:27:51,742 INFO  client.GrpcClientProtocolClient (GrpcClientProtocolClient.java:onNext(255)) - client-821285EC2D67->9fa9a271-7bed-4435-b477-86c6ed0ece08: receive RaftClientReply:client-821285EC2D67->9fa9a271-7bed-4435-b477-86c6ed0ece08@group-0E07FAD1B91E, cid=3937, SUCCESS, logIndex=6002, commits[9fa9a271-7bed-4435-b477-86c6ed0ece08:c6003, 06c1a879-4ae3-48dc-9686-b55cde066000:c6001, 67fae1a7-3cbe-4338-9d41-57e84498288b:c5999]
2019-07-10 10:27:51,743 INFO  client.GrpcClientProtocolClient (GrpcClientProtocolClient.java:onNext(255)) - client-821285EC2D67->9fa9a271-7bed-4435-b477-86c6ed0ece08: receive RaftClientReply:client-821285EC2D67->9fa9a271-7bed-4435-b477-86c6ed0ece08@group-0E07FAD1B91E, cid=3938, SUCCESS, logIndex=6003, commits[9fa9a271-7bed-4435-b477-86c6ed0ece08:c6003, 06c1a879-4ae3-48dc-9686-b55cde066000:c6001, 67fae1a7-3cbe-4338-9d41-57e84498288b:c5999]
2019-07-10 10:27:51,747 INFO  client.GrpcClientProtocolClient (GrpcClientProtocolClient.java:onNext(255)) - client-821285EC2D67->9fa9a271-7bed-4435-b477-86c6ed0ece08: receive RaftClientReply:client-821285EC2D67->9fa9a271-7bed-4435-b477-86c6ed0ece08@group-0E07FAD1B91E, cid=3939, SUCCESS, logIndex=6004, commits[9fa9a271-7bed-4435-b477-86c6ed0ece08:c6004, 06c1a879-4ae3-48dc-9686-b55cde066000:c6001, 67fae1a7-3cbe-4338-9d41-57e84498288b:c6001]
2019-07-10 10:27:51,747 INFO  client.GrpcClientProtocolClient (GrpcClientProtocolClient.java:onNext(255)) - client-821285EC2D67->9fa9a271-7bed-4435-b477-86c6ed0ece08: receive RaftClientReply:client-821285EC2D67->9fa9a271-7bed-4435-b477-86c6ed0ece08@group-0E07FAD1B91E, cid=3940, SUCCESS, logIndex=6005, commits[9fa9a271-7bed-4435-b477-86c6ed0ece08:c6006, 06c1a879-4ae3-48dc-9686-b55cde066000:c6003, 67fae1a7-3cbe-4338-9d41-57e84498288b:c6001]
2019-07-10 10:27:51,748 INFO  client.GrpcClientProtocolClient (GrpcClientProtocolClient.java:onNext(255)) - client-821285EC2D67->9fa9a271-7bed-4435-b477-86c6ed0ece08: receive RaftClientReply:client-821285EC2D67->9fa9a271-7bed-4435-b477-86c6ed0ece08@group-0E07FAD1B91E, cid=3941, SUCCESS, logIndex=0, commits[9fa9a271-7bed-4435-b477-86c6ed0ece08:c6007, 06c1a879-4ae3-48dc-9686-b55cde066000:c6003, 67fae1a7-3cbe-4338-9d41-57e84498288b:c6003]
2019-07-10 10:27:51,760 INFO  client.GrpcClientProtocolClient (GrpcClientProtocolClient.java:onNext(255)) - client-821285EC2D67->9fa9a271-7bed-4435-b477-86c6ed0ece08: receive RaftClientReply:client-821285EC2D67->9fa9a271-7bed-4435-b477-86c6ed0ece08@group-0E07FAD1B91E, cid=3942, SUCCESS, logIndex=6010, commits[9fa9a271-7bed-4435-b477-86c6ed0ece08:c6011, 06c1a879-4ae3-48dc-9686-b55cde066000:c6009, 67fae1a7-3cbe-4338-9d41-57e84498288b:c6005]
2019-07-10 10:27:51,761 INFO  client.GrpcClientProtocolClient (GrpcClientProtocolClient.java:onNext(255)) - client-821285EC2D67->9fa9a271-7bed-4435-b477-86c6ed0ece08: receive RaftClientReply:client-821285EC2D67->9fa9a271-7bed-4435-b477-86c6ed0ece08@group-0E07FAD1B91E, cid=3943, SUCCESS, logIndex=6011, commits[9fa9a271-7bed-4435-b477-86c6ed0ece08:c6011, 06c1a879-4ae3-48dc-9686-b55cde066000:c6009, 67fae1a7-3cbe-4338-9d41-57e84498288b:c6009]
2019-07-10 10:27:51,777 INFO  client.GrpcClientProtocolClient (GrpcClientProtocolClient.java:onNext(255)) - client-821285EC2D67->9fa9a271-7bed-4435-b477-86c6ed0ece08: receive RaftClientReply:client-821285EC2D67->9fa9a271-7bed-4435-b477-86c6ed0ece08@group-0E07FAD1B91E, cid=3944, SUCCESS, logIndex=6014, commits[9fa9a271-7bed-4435-b477-86c6ed0ece08:c6015, 06c1a879-4ae3-48dc-9686-b55cde066000:c6011, 67fae1a7-3cbe-4338-9d41-57e84498288b:c6011]
2019-07-10 10:27:51,777 INFO  client.GrpcClientProtocolClient (GrpcClientProtocolClient.java:onNext(255)) - client-821285EC2D67->9fa9a271-7bed-4435-b477-86c6ed0ece08: receive RaftClientReply:client-821285EC2D67->9fa9a271-7bed-4435-b477-86c6ed0ece08@group-0E07FAD1B91E, cid=3945, SUCCESS, logIndex=6015, commits[9fa9a271-7bed-4435-b477-86c6ed0ece08:c6015, 06c1a879-4ae3-48dc-9686-b55cde066000:c6011, 67fae1a7-3cbe-4338-9d41-57e84498288b:c6011]
2019-07-10 10:27:51,780 INFO  client.GrpcClientProtocolClient (GrpcClientProtocolClient.java:onNext(255)) - client-821285EC2D67->9fa9a271-7bed-4435-b477-86c6ed0ece08: receive RaftClientReply:client-821285EC2D67->9fa9a271-7bed-4435-b477-86c6ed0ece08@group-0E07FAD1B91E, cid=3946, SUCCESS, logIndex=0, commits[9fa9a271-7bed-4435-b477-86c6ed0ece08:c6016, 06c1a879-4ae3-48dc-9686-b55cde066000:c6015, 67fae1a7-3cbe-4338-9d41-57e84498288b:c6015]
2019-07-10 10:27:51,807 INFO  client.GrpcClientProtocolClient (GrpcClientProtocolClient.java:onNext(255)) - client-821285EC2D67->9fa9a271-7bed-4435-b477-86c6ed0ece08: receive RaftClientReply:client-821285EC2D67->9fa9a271-7bed-4435-b477-86c6ed0ece08@group-0E07FAD1B91E, cid=3947, SUCCESS, logIndex=6017, commits[9fa9a271-7bed-4435-b477-86c6ed0ece08:c6020, 06c1a879-4ae3-48dc-9686-b55cde066000:c6016, 67fae1a7-3cbe-4338-9d41-57e84498288b:c6016]
2019-07-10 10:27:51,808 INFO  client.GrpcClientProtocolClient (GrpcClientProtocolClient.java:onNext(255)) - client-821285EC2D67->9fa9a271-7bed-4435-b477-86c6ed0ece08: receive RaftClientReply:client-821285EC2D67->9fa9a271-7bed-4435-b477-86c6ed0ece08@group-0E07FAD1B91E, cid=3948, SUCCESS, logIndex=6018, commits[9fa9a271-7bed-4435-b477-86c6ed0ece08:c6020, 06c1a879-4ae3-48dc-9686-b55cde066000:c6016, 67fae1a7-3cbe-4338-9d41-57e84498288b:c6016]
2019-07-10 10:27:51,808 INFO  client.GrpcClientProtocolClient (GrpcClientProtocolClient.java:onNext(255)) - client-821285EC2D67->9fa9a271-7bed-4435-b477-86c6ed0ece08: receive RaftClientReply:client-821285EC2D67->9fa9a271-7bed-4435-b477-86c6ed0ece08@group-0E07FAD1B91E, cid=3949, SUCCESS, logIndex=6019, commits[9fa9a271-7bed-4435-b477-86c6ed0ece08:c6020, 06c1a879-4ae3-48dc-9686-b55cde066000:c6016, 67fae1a7-3cbe-4338-9d41-57e84498288b:c6016]
2019-07-10 10:27:51,809 INFO  client.GrpcClientProtocolClient (GrpcClientProtocolClient.java:onNext(255)) - client-821285EC2D67->9fa9a271-7bed-4435-b477-86c6ed0ece08: receive RaftClientReply:client-821285EC2D67->9fa9a271-7bed-4435-b477-86c6ed0ece08@group-0E07FAD1B91E, cid=3950, SUCCESS, logIndex=6020, commits[9fa9a271-7bed-4435-b477-86c6ed0ece08:c6020, 06c1a879-4ae3-48dc-9686-b55cde066000:c6016, 67fae1a7-3cbe-4338-9d41-57e84498288b:c6016]
2019-07-10 10:27:51,819 INFO  client.GrpcClientProtocolClient (GrpcClientProtocolClient.java:onNext(255)) - client-821285EC2D67->9fa9a271-7bed-4435-b477-86c6ed0ece08: receive RaftClientReply:client-821285EC2D67->9fa9a271-7bed-4435-b477-86c6ed0ece08@group-0E07FAD1B91E, cid=3951, SUCCESS, logIndex=0, commits[9fa9a271-7bed-4435-b477-86c6ed0ece08:c6021, 06c1a879-4ae3-48dc-9686-b55cde066000:c6018, 67fae1a7-3cbe-4338-9d41-57e84498288b:c6018]
2019-07-10 10:27:51,836 INFO  client.GrpcClientProtocolClient (GrpcClientProtocolClient.java:onNext(255)) - client-821285EC2D67->9fa9a271-7bed-4435-b477-86c6ed0ece08: receive RaftClientReply:client-821285EC2D67->9fa9a271-7bed-4435-b477-86c6ed0ece08@group-0E07FAD1B91E, cid=3952, SUCCESS, logIndex=6025, commits[9fa9a271-7bed-4435-b477-86c6ed0ece08:c6026, 06c1a879-4ae3-48dc-9686-b55cde066000:c6024, 67fae1a7-3cbe-4338-9d41-57e84498288b:c6020]
2019-07-10 10:27:51,837 INFO  client.GrpcClientProtocolClient (GrpcClientProtocolClient.java:onNext(255)) - client-821285EC2D67->9fa9a271-7bed-4435-b477-86c6ed0ece08: receive RaftClientReply:client-821285EC2D67->9fa9a271-7bed-4435-b477-86c6ed0ece08@group-0E07FAD1B91E, cid=3953, SUCCESS, logIndex=6026, commits[9fa9a271-7bed-4435-b477-86c6ed0ece08:c6026, 06c1a879-4ae3-48dc-9686-b55cde066000:c6024, 67fae1a7-3cbe-4338-9d41-57e84498288b:c6020]
2019-07-10 10:27:51,855 INFO  client.GrpcClientProtocolClient (GrpcClientProtocolClient.java:onNext(255)) - client-821285EC2D67->9fa9a271-7bed-4435-b477-86c6ed0ece08: receive RaftClientReply:client-821285EC2D67->9fa9a271-7bed-4435-b477-86c6ed0ece08@group-0E07FAD1B91E, cid=3954, SUCCESS, logIndex=6029, commits[9fa9a271-7bed-4435-b477-86c6ed0ece08:c6030, 06c1a879-4ae3-48dc-9686-b55cde066000:c6028, 67fae1a7-3cbe-4338-9d41-57e84498288b:c6028]
2019-07-10 10:27:51,855 INFO  client.GrpcClientProtocolClient (GrpcClientProtocolClient.java:onNext(255)) - client-821285EC2D67->9fa9a271-7bed-4435-b477-86c6ed0ece08: receive RaftClientReply:client-821285EC2D67->9fa9a271-7bed-4435-b477-86c6ed0ece08@group-0E07FAD1B91E, cid=3955, SUCCESS, logIndex=6030, commits[9fa9a271-7bed-4435-b477-86c6ed0ece08:c6030, 06c1a879-4ae3-48dc-9686-b55cde066000:c6028, 67fae1a7-3cbe-4338-9d41-57e84498288b:c6028]
2019-07-10 10:27:51,858 INFO  client.GrpcClientProtocolClient (GrpcClientProtocolClient.java:onNext(255)) - client-821285EC2D67->9fa9a271-7bed-4435-b477-86c6ed0ece08: receive RaftClientReply:client-821285EC2D67->9fa9a271-7bed-4435-b477-86c6ed0ece08@group-0E07FAD1B91E, cid=3956, SUCCESS, logIndex=0, commits[9fa9a271-7bed-4435-b477-86c6ed0ece08:c6031, 06c1a879-4ae3-48dc-9686-b55cde066000:c6030, 67fae1a7-3cbe-4338-9d41-57e84498288b:c6030]
2019-07-10 10:27:51,887 INFO  client.GrpcClientProtocolClient (GrpcClientProtocolClient.java:onNext(255)) - client-821285EC2D67->9fa9a271-7bed-4435-b477-86c6ed0ece08: receive RaftClientReply:client-821285EC2D67->9fa9a271-7bed-4435-b477-86c6ed0ece08@group-0E07FAD1B91E, cid=3957, SUCCESS, logIndex=6033, commits[9fa9a271-7bed-4435-b477-86c6ed0ece08:c6035, 06c1a879-4ae3-48dc-9686-b55cde066000:c6032, 67fae1a7-3cbe-4338-9d41-57e84498288b:c6032]
2019-07-10 10:27:51,888 INFO  client.GrpcClientProtocolClient (GrpcClientProtocolClient.java:onNext(255)) - client-821285EC2D67->9fa9a271-7bed-4435-b477-86c6ed0ece08: receive RaftClientReply:client-821285EC2D67->9fa9a271-7bed-4435-b477-86c6ed0ece08@group-0E07FAD1B91E, cid=3958, SUCCESS, logIndex=6034, commits[9fa9a271-7bed-4435-b477-86c6ed0ece08:c6036, 06c1a879-4ae3-48dc-9686-b55cde066000:c6032, 67fae1a7-3cbe-4338-9d41-57e84498288b:c6032]
2019-07-10 10:27:51,888 INFO  client.GrpcClientProtocolClient (GrpcClientProtocolClient.java:onNext(255)) - client-821285EC2D67->9fa9a271-7bed-4435-b477-86c6ed0ece08: receive RaftClientReply:client-821285EC2D67->9fa9a271-7bed-4435-b477-86c6ed0ece08@group-0E07FAD1B91E, cid=3959, SUCCESS, logIndex=6035, commits[9fa9a271-7bed-4435-b477-86c6ed0ece08:c6036, 06c1a879-4ae3-48dc-9686-b55cde066000:c6032, 67fae1a7-3cbe-4338-9d41-57e84498288b:c6033]
2019-07-10 10:27:51,889 INFO  client.GrpcClientProtocolClient (GrpcClientProtocolClient.java:onNext(255)) - client-821285EC2D67->9fa9a271-7bed-4435-b477-86c6ed0ece08: receive RaftClientReply:client-821285EC2D67->9fa9a271-7bed-4435-b477-86c6ed0ece08@group-0E07FAD1B91E, cid=3960, SUCCESS, logIndex=6036, commits[9fa9a271-7bed-4435-b477-86c6ed0ece08:c6036, 06c1a879-4ae3-48dc-9686-b55cde066000:c6032, 67fae1a7-3cbe-4338-9d41-57e84498288b:c6033]
2019-07-10 10:27:51,898 INFO  client.GrpcClientProtocolClient (GrpcClientProtocolClient.java:onNext(255)) - client-821285EC2D67->9fa9a271-7bed-4435-b477-86c6ed0ece08: receive RaftClientReply:client-821285EC2D67->9fa9a271-7bed-4435-b477-86c6ed0ece08@group-0E07FAD1B91E, cid=3961, SUCCESS, logIndex=0, commits[9fa9a271-7bed-4435-b477-86c6ed0ece08:c6038, 06c1a879-4ae3-48dc-9686-b55cde066000:c6034, 67fae1a7-3cbe-4338-9d41-57e84498288b:c6034]
2019-07-10 10:27:51,915 INFO  client.GrpcClientProtocolClient (GrpcClientProtocolClient.java:onNext(255)) - client-821285EC2D67->9fa9a271-7bed-4435-b477-86c6ed0ece08: receive RaftClientReply:client-821285EC2D67->9fa9a271-7bed-4435-b477-86c6ed0ece08@group-0E07FAD1B91E, cid=3962, SUCCESS, logIndex=6041, commits[9fa9a271-7bed-4435-b477-86c6ed0ece08:c6042, 06c1a879-4ae3-48dc-9686-b55cde066000:c6040, 67fae1a7-3cbe-4338-9d41-57e84498288b:c6040]
2019-07-10 10:27:51,915 INFO  client.GrpcClientProtocolClient (GrpcClientProtocolClient.java:onNext(255)) - client-821285EC2D67->9fa9a271-7bed-4435-b477-86c6ed0ece08: receive RaftClientReply:client-821285EC2D67->9fa9a271-7bed-4435-b477-86c6ed0ece08@group-0E07FAD1B91E, cid=3963, SUCCESS, logIndex=6042, commits[9fa9a271-7bed-4435-b477-86c6ed0ece08:c6042, 06c1a879-4ae3-48dc-9686-b55cde066000:c6040, 67fae1a7-3cbe-4338-9d41-57e84498288b:c6040]
2019-07-10 10:27:51,938 INFO  client.GrpcClientProtocolClient (GrpcClientProtocolClient.java:onNext(255)) - client-821285EC2D67->9fa9a271-7bed-4435-b477-86c6ed0ece08: receive RaftClientReply:client-821285EC2D67->9fa9a271-7bed-4435-b477-86c6ed0ece08@group-0E07FAD1B91E, cid=3964, SUCCESS, logIndex=6045, commits[9fa9a271-7bed-4435-b477-86c6ed0ece08:c6045, 06c1a879-4ae3-48dc-9686-b55cde066000:c6042, 67fae1a7-3cbe-4338-9d41-57e84498288b:c6042]
2019-07-10 10:27:51,938 INFO  client.GrpcClientProtocolClient (GrpcClientProtocolClient.java:onNext(255)) - client-821285EC2D67->9fa9a271-7bed-4435-b477-86c6ed0ece08: receive RaftClientReply:client-821285EC2D67->9fa9a271-7bed-4435-b477-86c6ed0ece08@group-0E07FAD1B91E, cid=3965, SUCCESS, logIndex=6046, commits[9fa9a271-7bed-4435-b477-86c6ed0ece08:c6046, 06c1a879-4ae3-48dc-9686-b55cde066000:c6042, 67fae1a7-3cbe-4338-9d41-57e84498288b:c6042]
2019-07-10 10:27:51,951 INFO  client.GrpcClientProtocolClient (GrpcClientProtocolClient.java:onNext(255)) - client-821285EC2D67->9fa9a271-7bed-4435-b477-86c6ed0ece08: receive RaftClientReply:client-821285EC2D67->9fa9a271-7bed-4435-b477-86c6ed0ece08@group-0E07FAD1B91E, cid=3966, SUCCESS, logIndex=0, commits[9fa9a271-7bed-4435-b477-86c6ed0ece08:c6048, 06c1a879-4ae3-48dc-9686-b55cde066000:c6046, 67fae1a7-3cbe-4338-9d41-57e84498288b:c6046]
2019-07-10 10:27:51,984 INFO  client.GrpcClientProtocolClient (GrpcClientProtocolClient.java:onNext(255)) - client-821285EC2D67->9fa9a271-7bed-4435-b477-86c6ed0ece08: receive RaftClientReply:client-821285EC2D67->9fa9a271-7bed-4435-b477-86c6ed0ece08@group-0E07FAD1B91E, cid=3967, SUCCESS, logIndex=6049, commits[9fa9a271-7bed-4435-b477-86c6ed0ece08:c6050, 06c1a879-4ae3-48dc-9686-b55cde066000:c6048, 67fae1a7-3cbe-4338-9d41-57e84498288b:c6048]
2019-07-10 10:27:51,984 INFO  client.GrpcClientProtocolClient (GrpcClientProtocolClient.java:onNext(255)) - client-821285EC2D67->9fa9a271-7bed-4435-b477-86c6ed0ece08: receive RaftClientReply:client-821285EC2D67->9fa9a271-7bed-4435-b477-86c6ed0ece08@group-0E07FAD1B91E, cid=3968, SUCCESS, logIndex=6050, commits[9fa9a271-7bed-4435-b477-86c6ed0ece08:c6052, 06c1a879-4ae3-48dc-9686-b55cde066000:c6048, 67fae1a7-3cbe-4338-9d41-57e84498288b:c6048]
2019-07-10 10:27:51,985 INFO  client.GrpcClientProtocolClient (GrpcClientProtocolClient.java:onNext(255)) - client-821285EC2D67->9fa9a271-7bed-4435-b477-86c6ed0ece08: receive RaftClientReply:client-821285EC2D67->9fa9a271-7bed-4435-b477-86c6ed0ece08@group-0E07FAD1B91E, cid=3969, SUCCESS, logIndex=6051, commits[9fa9a271-7bed-4435-b477-86c6ed0ece08:c6052, 06c1a879-4ae3-48dc-9686-b55cde066000:c6048, 67fae1a7-3cbe-4338-9d41-57e84498288b:c6048]
2019-07-10 10:27:51,985 INFO  client.GrpcClientProtocolClient (GrpcClientProtocolClient.java:onNext(255)) - client-821285EC2D67->9fa9a271-7bed-4435-b477-86c6ed0ece08: receive RaftClientReply:client-821285EC2D67->9fa9a271-7bed-4435-b477-86c6ed0ece08@group-0E07FAD1B91E, cid=3970, SUCCESS, logIndex=6052, commits[9fa9a271-7bed-4435-b477-86c6ed0ece08:c6052, 06c1a879-4ae3-48dc-9686-b55cde066000:c6048, 67fae1a7-3cbe-4338-9d41-57e84498288b:c6048]
2019-07-10 10:27:51,987 INFO  client.GrpcClientProtocolClient (GrpcClientProtocolClient.java:onNext(255)) - client-821285EC2D67->9fa9a271-7bed-4435-b477-86c6ed0ece08: receive RaftClientReply:client-821285EC2D67->9fa9a271-7bed-4435-b477-86c6ed0ece08@group-0E07FAD1B91E, cid=3971, SUCCESS, logIndex=0, commits[9fa9a271-7bed-4435-b477-86c6ed0ece08:c6054, 06c1a879-4ae3-48dc-9686-b55cde066000:c6050, 67fae1a7-3cbe-4338-9d41-57e84498288b:c6050]
2019-07-10 10:27:52,000 INFO  client.GrpcClientProtocolClient (GrpcClientProtocolClient.java:onNext(255)) - client-821285EC2D67->9fa9a271-7bed-4435-b477-86c6ed0ece08: receive RaftClientReply:client-821285EC2D67->9fa9a271-7bed-4435-b477-86c6ed0ece08@group-0E07FAD1B91E, cid=3972, SUCCESS, logIndex=6056, commits[9fa9a271-7bed-4435-b477-86c6ed0ece08:c6056, 06c1a879-4ae3-48dc-9686-b55cde066000:c6054, 67fae1a7-3cbe-4338-9d41-57e84498288b:c6054]
2019-07-10 10:27:52,001 INFO  client.GrpcClientProtocolClient (GrpcClientProtocolClient.java:onNext(255)) - client-821285EC2D67->9fa9a271-7bed-4435-b477-86c6ed0ece08: receive RaftClientReply:client-821285EC2D67->9fa9a271-7bed-4435-b477-86c6ed0ece08@group-0E07FAD1B91E, cid=3973, SUCCESS, logIndex=6057, commits[9fa9a271-7bed-4435-b477-86c6ed0ece08:c6057, 06c1a879-4ae3-48dc-9686-b55cde066000:c6054, 67fae1a7-3cbe-4338-9d41-57e84498288b:c6054]
2019-07-10 10:27:52,016 INFO  client.GrpcClientProtocolClient (GrpcClientProtocolClient.java:onNext(255)) - client-821285EC2D67->9fa9a271-7bed-4435-b477-86c6ed0ece08: receive RaftClientReply:client-821285EC2D67->9fa9a271-7bed-4435-b477-86c6ed0ece08@group-0E07FAD1B91E, cid=3974, SUCCESS, logIndex=6060, commits[9fa9a271-7bed-4435-b477-86c6ed0ece08:c6061, 06c1a879-4ae3-48dc-9686-b55cde066000:c6057, 67fae1a7-3cbe-4338-9d41-57e84498288b:c6057]
2019-07-10 10:27:52,016 INFO  client.GrpcClientProtocolClient (GrpcClientProtocolClient.java:onNext(255)) - client-821285EC2D67->9fa9a271-7bed-4435-b477-86c6ed0ece08: receive RaftClientReply:client-821285EC2D67->9fa9a271-7bed-4435-b477-86c6ed0ece08@group-0E07FAD1B91E, cid=3975, SUCCESS, logIndex=6061, commits[9fa9a271-7bed-4435-b477-86c6ed0ece08:c6061, 06c1a879-4ae3-48dc-9686-b55cde066000:c6057, 67fae1a7-3cbe-4338-9d41-57e84498288b:c6057]
2019-07-10 10:27:52,028 INFO  client.GrpcClientProtocolClient (GrpcClientProtocolClient.java:onNext(255)) - client-821285EC2D67->9fa9a271-7bed-4435-b477-86c6ed0ece08: receive RaftClientReply:client-821285EC2D67->9fa9a271-7bed-4435-b477-86c6ed0ece08@group-0E07FAD1B91E, cid=3976, SUCCESS, logIndex=0, commits[9fa9a271-7bed-4435-b477-86c6ed0ece08:c6062, 06c1a879-4ae3-48dc-9686-b55cde066000:c6061, 67fae1a7-3cbe-4338-9d41-57e84498288b:c6061]
2019-07-10 10:27:52,055 INFO  client.GrpcClientProtocolClient (GrpcClientProtocolClient.java:onNext(255)) - client-821285EC2D67->9fa9a271-7bed-4435-b477-86c6ed0ece08: receive RaftClientReply:client-821285EC2D67->9fa9a271-7bed-4435-b477-86c6ed0ece08@group-0E07FAD1B91E, cid=3977, SUCCESS, logIndex=6064, commits[9fa9a271-7bed-4435-b477-86c6ed0ece08:c6066, 06c1a879-4ae3-48dc-9686-b55cde066000:c6061, 67fae1a7-3cbe-4338-9d41-57e84498288b:c6063]
2019-07-10 10:27:52,056 INFO  client.GrpcClientProtocolClient (GrpcClientProtocolClient.java:onNext(255)) - client-821285EC2D67->9fa9a271-7bed-4435-b477-86c6ed0ece08: receive RaftClientReply:client-821285EC2D67->9fa9a271-7bed-4435-b477-86c6ed0ece08@group-0E07FAD1B91E, cid=3978, SUCCESS, logIndex=6065, commits[9fa9a271-7bed-4435-b477-86c6ed0ece08:c6067, 06c1a879-4ae3-48dc-9686-b55cde066000:c6063, 67fae1a7-3cbe-4338-9d41-57e84498288b:c6063]
2019-07-10 10:27:52,056 INFO  client.GrpcClientProtocolClient (GrpcClientProtocolClient.java:onNext(255)) - client-821285EC2D67->9fa9a271-7bed-4435-b477-86c6ed0ece08: receive RaftClientReply:client-821285EC2D67->9fa9a271-7bed-4435-b477-86c6ed0ece08@group-0E07FAD1B91E, cid=3979, SUCCESS, logIndex=6066, commits[9fa9a271-7bed-4435-b477-86c6ed0ece08:c6067, 06c1a879-4ae3-48dc-9686-b55cde066000:c6063, 67fae1a7-3cbe-4338-9d41-57e84498288b:c6063]
2019-07-10 10:27:52,056 INFO  client.GrpcClientProtocolClient (GrpcClientProtocolClient.java:onNext(255)) - client-821285EC2D67->9fa9a271-7bed-4435-b477-86c6ed0ece08: receive RaftClientReply:client-821285EC2D67->9fa9a271-7bed-4435-b477-86c6ed0ece08@group-0E07FAD1B91E, cid=3980, SUCCESS, logIndex=6067, commits[9fa9a271-7bed-4435-b477-86c6ed0ece08:c6067, 06c1a879-4ae3-48dc-9686-b55cde066000:c6063, 67fae1a7-3cbe-4338-9d41-57e84498288b:c6063]
2019-07-10 10:27:52,058 INFO  client.GrpcClientProtocolClient (GrpcClientProtocolClient.java:onNext(255)) - client-821285EC2D67->9fa9a271-7bed-4435-b477-86c6ed0ece08: receive RaftClientReply:client-821285EC2D67->9fa9a271-7bed-4435-b477-86c6ed0ece08@group-0E07FAD1B91E, cid=3981, SUCCESS, logIndex=0, commits[9fa9a271-7bed-4435-b477-86c6ed0ece08:c6068, 06c1a879-4ae3-48dc-9686-b55cde066000:c6065, 67fae1a7-3cbe-4338-9d41-57e84498288b:c6065]
2019-07-10 10:27:52,079 INFO  client.GrpcClientProtocolClient (GrpcClientProtocolClient.java:onNext(255)) - client-821285EC2D67->9fa9a271-7bed-4435-b477-86c6ed0ece08: receive RaftClientReply:client-821285EC2D67->9fa9a271-7bed-4435-b477-86c6ed0ece08@group-0E07FAD1B91E, cid=3982, SUCCESS, logIndex=6072, commits[9fa9a271-7bed-4435-b477-86c6ed0ece08:c6072, 06c1a879-4ae3-48dc-9686-b55cde066000:c6071, 67fae1a7-3cbe-4338-9d41-57e84498288b:c6067]
2019-07-10 10:27:52,080 INFO  client.GrpcClientProtocolClient (GrpcClientProtocolClient.java:onNext(255)) - client-821285EC2D67->9fa9a271-7bed-4435-b477-86c6ed0ece08: receive RaftClientReply:client-821285EC2D67->9fa9a271-7bed-4435-b477-86c6ed0ece08@group-0E07FAD1B91E, cid=3983, SUCCESS, logIndex=6073, commits[9fa9a271-7bed-4435-b477-86c6ed0ece08:c6073, 06c1a879-4ae3-48dc-9686-b55cde066000:c6071, 67fae1a7-3cbe-4338-9d41-57e84498288b:c6071]
2019-07-10 10:27:52,100 INFO  client.GrpcClientProtocolClient (GrpcClientProtocolClient.java:onNext(255)) - client-821285EC2D67->9fa9a271-7bed-4435-b477-86c6ed0ece08: receive RaftClientReply:client-821285EC2D67->9fa9a271-7bed-4435-b477-86c6ed0ece08@group-0E07FAD1B91E, cid=3984, SUCCESS, logIndex=6076, commits[9fa9a271-7bed-4435-b477-86c6ed0ece08:c6077, 06c1a879-4ae3-48dc-9686-b55cde066000:c6073, 67fae1a7-3cbe-4338-9d41-57e84498288b:c6073]
2019-07-10 10:27:52,100 INFO  client.GrpcClientProtocolClient (GrpcClientProtocolClient.java:onNext(255)) - client-821285EC2D67->9fa9a271-7bed-4435-b477-86c6ed0ece08: receive RaftClientReply:client-821285EC2D67->9fa9a271-7bed-4435-b477-86c6ed0ece08@group-0E07FAD1B91E, cid=3985, SUCCESS, logIndex=6077, commits[9fa9a271-7bed-4435-b477-86c6ed0ece08:c6077, 06c1a879-4ae3-48dc-9686-b55cde066000:c6073, 67fae1a7-3cbe-4338-9d41-57e84498288b:c6073]
2019-07-10 10:27:52,121 INFO  client.GrpcClientProtocolClient (GrpcClientProtocolClient.java:onNext(255)) - client-821285EC2D67->9fa9a271-7bed-4435-b477-86c6ed0ece08: receive RaftClientReply:client-821285EC2D67->9fa9a271-7bed-4435-b477-86c6ed0ece08@group-0E07FAD1B91E, cid=3986, SUCCESS, logIndex=0, commits[9fa9a271-7bed-4435-b477-86c6ed0ece08:c6078, 06c1a879-4ae3-48dc-9686-b55cde066000:c6077, 67fae1a7-3cbe-4338-9d41-57e84498288b:c6077]
2019-07-10 10:27:52,272 INFO  client.GrpcClientProtocolClient (GrpcClientProtocolClient.java:onNext(255)) - client-821285EC2D67->9fa9a271-7bed-4435-b477-86c6ed0ece08: receive RaftClientReply:client-821285EC2D67->9fa9a271-7bed-4435-b477-86c6ed0ece08@group-0E07FAD1B91E, cid=3987, SUCCESS, logIndex=6080, commits[9fa9a271-7bed-4435-b477-86c6ed0ece08:c6081, 06c1a879-4ae3-48dc-9686-b55cde066000:c6079, 67fae1a7-3cbe-4338-9d41-57e84498288b:c6079]
2019-07-10 10:27:52,273 INFO  client.GrpcClientProtocolClient (GrpcClientProtocolClient.java:onNext(255)) - client-821285EC2D67->9fa9a271-7bed-4435-b477-86c6ed0ece08: receive RaftClientReply:client-821285EC2D67->9fa9a271-7bed-4435-b477-86c6ed0ece08@group-0E07FAD1B91E, cid=3988, SUCCESS, logIndex=6081, commits[9fa9a271-7bed-4435-b477-86c6ed0ece08:c6081, 06c1a879-4ae3-48dc-9686-b55cde066000:c6079, 67fae1a7-3cbe-4338-9d41-57e84498288b:c6079]
2019-07-10 10:27:52,283 INFO  client.GrpcClientProtocolClient (GrpcClientProtocolClient.java:onNext(255)) - client-821285EC2D67->9fa9a271-7bed-4435-b477-86c6ed0ece08: receive RaftClientReply:client-821285EC2D67->9fa9a271-7bed-4435-b477-86c6ed0ece08@group-0E07FAD1B91E, cid=3989, SUCCESS, logIndex=6082, commits[9fa9a271-7bed-4435-b477-86c6ed0ece08:c6083, 06c1a879-4ae3-48dc-9686-b55cde066000:c6079, 67fae1a7-3cbe-4338-9d41-57e84498288b:c6079]
2019-07-10 10:27:52,284 INFO  client.GrpcClientProtocolClient (GrpcClientProtocolClient.java:onNext(255)) - client-821285EC2D67->9fa9a271-7bed-4435-b477-86c6ed0ece08: receive RaftClientReply:client-821285EC2D67->9fa9a271-7bed-4435-b477-86c6ed0ece08@group-0E07FAD1B91E, cid=3990, SUCCESS, logIndex=6083, commits[9fa9a271-7bed-4435-b477-86c6ed0ece08:c6083, 06c1a879-4ae3-48dc-9686-b55cde066000:c6079, 67fae1a7-3cbe-4338-9d41-57e84498288b:c6079]
2019-07-10 10:27:52,287 INFO  client.GrpcClientProtocolClient (GrpcClientProtocolClient.java:onNext(255)) - client-821285EC2D67->9fa9a271-7bed-4435-b477-86c6ed0ece08: receive RaftClientReply:client-821285EC2D67->9fa9a271-7bed-4435-b477-86c6ed0ece08@group-0E07FAD1B91E, cid=3991, SUCCESS, logIndex=0, commits[9fa9a271-7bed-4435-b477-86c6ed0ece08:c6085, 06c1a879-4ae3-48dc-9686-b55cde066000:c6081, 67fae1a7-3cbe-4338-9d41-57e84498288b:c6081]
2019-07-10 10:27:52,302 INFO  client.GrpcClientProtocolClient (GrpcClientProtocolClient.java:onNext(255)) - client-821285EC2D67->9fa9a271-7bed-4435-b477-86c6ed0ece08: receive RaftClientReply:client-821285EC2D67->9fa9a271-7bed-4435-b477-86c6ed0ece08@group-0E07FAD1B91E, cid=3992, SUCCESS, logIndex=6088, commits[9fa9a271-7bed-4435-b477-86c6ed0ece08:c6089, 06c1a879-4ae3-48dc-9686-b55cde066000:c6087, 67fae1a7-3cbe-4338-9d41-57e84498288b:c6087]
2019-07-10 10:27:52,303 INFO  client.GrpcClientProtocolClient (GrpcClientProtocolClient.java:onNext(255)) - client-821285EC2D67->9fa9a271-7bed-4435-b477-86c6ed0ece08: receive RaftClientReply:client-821285EC2D67->9fa9a271-7bed-4435-b477-86c6ed0ece08@group-0E07FAD1B91E, cid=3993, SUCCESS, logIndex=6089, commits[9fa9a271-7bed-4435-b477-86c6ed0ece08:c6089, 06c1a879-4ae3-48dc-9686-b55cde066000:c6087, 67fae1a7-3cbe-4338-9d41-57e84498288b:c6087]
2019-07-10 10:27:52,319 INFO  client.GrpcClientProtocolClient (GrpcClientProtocolClient.java:onNext(255)) - client-821285EC2D67->9fa9a271-7bed-4435-b477-86c6ed0ece08: receive RaftClientReply:client-821285EC2D67->9fa9a271-7bed-4435-b477-86c6ed0ece08@group-0E07FAD1B91E, cid=3994, SUCCESS, logIndex=6092, commits[9fa9a271-7bed-4435-b477-86c6ed0ece08:c6093, 06c1a879-4ae3-48dc-9686-b55cde066000:c6091, 67fae1a7-3cbe-4338-9d41-57e84498288b:c6091]
2019-07-10 10:27:52,319 INFO  client.GrpcClientProtocolClient (GrpcClientProtocolClient.java:onNext(255)) - client-821285EC2D67->9fa9a271-7bed-4435-b477-86c6ed0ece08: receive RaftClientReply:client-821285EC2D67->9fa9a271-7bed-4435-b477-86c6ed0ece08@group-0E07FAD1B91E, cid=3995, SUCCESS, logIndex=6093, commits[9fa9a271-7bed-4435-b477-86c6ed0ece08:c6093, 06c1a879-4ae3-48dc-9686-b55cde066000:c6091, 67fae1a7-3cbe-4338-9d41-57e84498288b:c6091]
2019-07-10 10:27:52,326 INFO  client.GrpcClientProtocolClient (GrpcClientProtocolClient.java:onNext(255)) - client-821285EC2D67->9fa9a271-7bed-4435-b477-86c6ed0ece08: receive RaftClientReply:client-821285EC2D67->9fa9a271-7bed-4435-b477-86c6ed0ece08@group-0E07FAD1B91E, cid=3996, SUCCESS, logIndex=0, commits[9fa9a271-7bed-4435-b477-86c6ed0ece08:c6095, 06c1a879-4ae3-48dc-9686-b55cde066000:c6093, 67fae1a7-3cbe-4338-9d41-57e84498288b:c6093]
2019-07-10 10:27:52,364 INFO  client.GrpcClientProtocolClient (GrpcClientProtocolClient.java:onNext(255)) - client-821285EC2D67->9fa9a271-7bed-4435-b477-86c6ed0ece08: receive RaftClientReply:client-821285EC2D67->9fa9a271-7bed-4435-b477-86c6ed0ece08@group-0E07FAD1B91E, cid=3997, SUCCESS, logIndex=6096, commits[9fa9a271-7bed-4435-b477-86c6ed0ece08:c6097, 06c1a879-4ae3-48dc-9686-b55cde066000:c6095, 67fae1a7-3cbe-4338-9d41-57e84498288b:c6093]
2019-07-10 10:27:52,364 INFO  client.GrpcClientProtocolClient (GrpcClientProtocolClient.java:onNext(255)) - client-821285EC2D67->9fa9a271-7bed-4435-b477-86c6ed0ece08: receive RaftClientReply:client-821285EC2D67->9fa9a271-7bed-4435-b477-86c6ed0ece08@group-0E07FAD1B91E, cid=3998, SUCCESS, logIndex=6097, commits[9fa9a271-7bed-4435-b477-86c6ed0ece08:c6097, 06c1a879-4ae3-48dc-9686-b55cde066000:c6095, 67fae1a7-3cbe-4338-9d41-57e84498288b:c6093]
2019-07-10 10:27:52,374 INFO  client.GrpcClientProtocolClient (GrpcClientProtocolClient.java:onNext(255)) - client-821285EC2D67->9fa9a271-7bed-4435-b477-86c6ed0ece08: receive RaftClientReply:client-821285EC2D67->9fa9a271-7bed-4435-b477-86c6ed0ece08@group-0E07FAD1B91E, cid=3999, SUCCESS, logIndex=6098, commits[9fa9a271-7bed-4435-b477-86c6ed0ece08:c6099, 06c1a879-4ae3-48dc-9686-b55cde066000:c6095, 67fae1a7-3cbe-4338-9d41-57e84498288b:c6095]
2019-07-10 10:27:52,375 INFO  client.GrpcClientProtocolClient (GrpcClientProtocolClient.java:onNext(255)) - client-821285EC2D67->9fa9a271-7bed-4435-b477-86c6ed0ece08: receive RaftClientReply:client-821285EC2D67->9fa9a271-7bed-4435-b477-86c6ed0ece08@group-0E07FAD1B91E, cid=4000, SUCCESS, logIndex=6099, commits[9fa9a271-7bed-4435-b477-86c6ed0ece08:c6099, 06c1a879-4ae3-48dc-9686-b55cde066000:c6095, 67fae1a7-3cbe-4338-9d41-57e84498288b:c6095]
2019-07-10 10:27:52,377 INFO  client.GrpcClientProtocolClient (GrpcClientProtocolClient.java:onNext(255)) - client-821285EC2D67->9fa9a271-7bed-4435-b477-86c6ed0ece08: receive RaftClientReply:client-821285EC2D67->9fa9a271-7bed-4435-b477-86c6ed0ece08@group-0E07FAD1B91E, cid=4001, SUCCESS, logIndex=0, commits[9fa9a271-7bed-4435-b477-86c6ed0ece08:c6101, 06c1a879-4ae3-48dc-9686-b55cde066000:c6097, 67fae1a7-3cbe-4338-9d41-57e84498288b:c6097]
2019-07-10 10:27:52,398 INFO  client.GrpcClientProtocolClient (GrpcClientProtocolClient.java:onNext(255)) - client-821285EC2D67->9fa9a271-7bed-4435-b477-86c6ed0ece08: receive RaftClientReply:client-821285EC2D67->9fa9a271-7bed-4435-b477-86c6ed0ece08@group-0E07FAD1B91E, cid=4002, SUCCESS, logIndex=6104, commits[9fa9a271-7bed-4435-b477-86c6ed0ece08:c6105, 06c1a879-4ae3-48dc-9686-b55cde066000:c6103, 67fae1a7-3cbe-4338-9d41-57e84498288b:c6103]
2019-07-10 10:27:52,399 INFO  client.GrpcClientProtocolClient (GrpcClientProtocolClient.java:onNext(255)) - client-821285EC2D67->9fa9a271-7bed-4435-b477-86c6ed0ece08: receive RaftClientReply:client-821285EC2D67->9fa9a271-7bed-4435-b477-86c6ed0ece08@group-0E07FAD1B91E, cid=4003, SUCCESS, logIndex=6105, commits[9fa9a271-7bed-4435-b477-86c6ed0ece08:c6105, 06c1a879-4ae3-48dc-9686-b55cde066000:c6103, 67fae1a7-3cbe-4338-9d41-57e84498288b:c6103]
2019-07-10 10:27:52,412 INFO  client.GrpcClientProtocolClient (GrpcClientProtocolClient.java:onNext(255)) - client-821285EC2D67->9fa9a271-7bed-4435-b477-86c6ed0ece08: receive RaftClientReply:client-821285EC2D67->9fa9a271-7bed-4435-b477-86c6ed0ece08@group-0E07FAD1B91E, cid=4004, SUCCESS, logIndex=6108, commits[9fa9a271-7bed-4435-b477-86c6ed0ece08:c6109, 06c1a879-4ae3-48dc-9686-b55cde066000:c6105, 67fae1a7-3cbe-4338-9d41-57e84498288b:c6105]
2019-07-10 10:27:52,413 INFO  client.GrpcClientProtocolClient (GrpcClientProtocolClient.java:onNext(255)) - client-821285EC2D67->9fa9a271-7bed-4435-b477-86c6ed0ece08: receive RaftClientReply:client-821285EC2D67->9fa9a271-7bed-4435-b477-86c6ed0ece08@group-0E07FAD1B91E, cid=4005, SUCCESS, logIndex=6109, commits[9fa9a271-7bed-4435-b477-86c6ed0ece08:c6109, 06c1a879-4ae3-48dc-9686-b55cde066000:c6105, 67fae1a7-3cbe-4338-9d41-57e84498288b:c6105]
2019-07-10 10:27:52,434 INFO  client.GrpcClientProtocolClient (GrpcClientProtocolClient.java:onNext(255)) - client-821285EC2D67->9fa9a271-7bed-4435-b477-86c6ed0ece08: receive RaftClientReply:client-821285EC2D67->9fa9a271-7bed-4435-b477-86c6ed0ece08@group-0E07FAD1B91E, cid=4006, SUCCESS, logIndex=0, commits[9fa9a271-7bed-4435-b477-86c6ed0ece08:c6111, 06c1a879-4ae3-48dc-9686-b55cde066000:c6109, 67fae1a7-3cbe-4338-9d41-57e84498288b:c6109]
2019-07-10 10:27:52,470 INFO  client.GrpcClientProtocolClient (GrpcClientProtocolClient.java:onNext(255)) - client-821285EC2D67->9fa9a271-7bed-4435-b477-86c6ed0ece08: receive RaftClientReply:client-821285EC2D67->9fa9a271-7bed-4435-b477-86c6ed0ece08@group-0E07FAD1B91E, cid=4007, SUCCESS, logIndex=6112, commits[9fa9a271-7bed-4435-b477-86c6ed0ece08:c6113, 06c1a879-4ae3-48dc-9686-b55cde066000:c6111, 67fae1a7-3cbe-4338-9d41-57e84498288b:c6111]
2019-07-10 10:27:52,471 INFO  client.GrpcClientProtocolClient (GrpcClientProtocolClient.java:onNext(255)) - client-821285EC2D67->9fa9a271-7bed-4435-b477-86c6ed0ece08: receive RaftClientReply:client-821285EC2D67->9fa9a271-7bed-4435-b477-86c6ed0ece08@group-0E07FAD1B91E, cid=4008, SUCCESS, logIndex=6113, commits[9fa9a271-7bed-4435-b477-86c6ed0ece08:c6113, 06c1a879-4ae3-48dc-9686-b55cde066000:c6111, 67fae1a7-3cbe-4338-9d41-57e84498288b:c6111]
2019-07-10 10:27:52,481 INFO  client.GrpcClientProtocolClient (GrpcClientProtocolClient.java:onNext(255)) - client-821285EC2D67->9fa9a271-7bed-4435-b477-86c6ed0ece08: receive RaftClientReply:client-821285EC2D67->9fa9a271-7bed-4435-b477-86c6ed0ece08@group-0E07FAD1B91E, cid=4009, SUCCESS, logIndex=6114, commits[9fa9a271-7bed-4435-b477-86c6ed0ece08:c6114, 06c1a879-4ae3-48dc-9686-b55cde066000:c6111, 67fae1a7-3cbe-4338-9d41-57e84498288b:c6111]
2019-07-10 10:27:52,482 INFO  client.GrpcClientProtocolClient (GrpcClientProtocolClient.java:onNext(255)) - client-821285EC2D67->9fa9a271-7bed-4435-b477-86c6ed0ece08: receive RaftClientReply:client-821285EC2D67->9fa9a271-7bed-4435-b477-86c6ed0ece08@group-0E07FAD1B91E, cid=4010, SUCCESS, logIndex=6115, commits[9fa9a271-7bed-4435-b477-86c6ed0ece08:c6115, 06c1a879-4ae3-48dc-9686-b55cde066000:c6111, 67fae1a7-3cbe-4338-9d41-57e84498288b:c6111]
2019-07-10 10:27:52,483 INFO  client.GrpcClientProtocolClient (GrpcClientProtocolClient.java:onNext(255)) - client-821285EC2D67->9fa9a271-7bed-4435-b477-86c6ed0ece08: receive RaftClientReply:client-821285EC2D67->9fa9a271-7bed-4435-b477-86c6ed0ece08@group-0E07FAD1B91E, cid=4011, SUCCESS, logIndex=0, commits[9fa9a271-7bed-4435-b477-86c6ed0ece08:c6116, 06c1a879-4ae3-48dc-9686-b55cde066000:c6113, 67fae1a7-3cbe-4338-9d41-57e84498288b:c6113]
 0.00% |█                                                                                                    |  0/1 Time: 0:00:322019-07-10 10:27:52,497 INFO  client.GrpcClientProtocolClient (GrpcClientProtocolClient.java:onNext(255)) - client-821285EC2D67->9fa9a271-7bed-4435-b477-86c6ed0ece08: receive RaftClientReply:client-821285EC2D67->9fa9a271-7bed-4435-b477-86c6ed0ece08@group-0E07FAD1B91E, cid=4012, SUCCESS, logIndex=6120, commits[9fa9a271-7bed-4435-b477-86c6ed0ece08:c6120, 06c1a879-4ae3-48dc-9686-b55cde066000:c6117, 67fae1a7-3cbe-4338-9d41-57e84498288b:c6117]
2019-07-10 10:27:52,497 INFO  client.GrpcClientProtocolClient (GrpcClientProtocolClient.java:onNext(255)) - client-821285EC2D67->9fa9a271-7bed-4435-b477-86c6ed0ece08: receive RaftClientReply:client-821285EC2D67->9fa9a271-7bed-4435-b477-86c6ed0ece08@group-0E07FAD1B91E, cid=4013, SUCCESS, logIndex=6121, commits[9fa9a271-7bed-4435-b477-86c6ed0ece08:c6121, 06c1a879-4ae3-48dc-9686-b55cde066000:c6117, 67fae1a7-3cbe-4338-9d41-57e84498288b:c6117]
2019-07-10 10:27:52,520 INFO  client.GrpcClientProtocolClient (GrpcClientProtocolClient.java:onNext(255)) - client-821285EC2D67->9fa9a271-7bed-4435-b477-86c6ed0ece08: receive RaftClientReply:client-821285EC2D67->9fa9a271-7bed-4435-b477-86c6ed0ece08@group-0E07FAD1B91E, cid=4014, SUCCESS, logIndex=6124, commits[9fa9a271-7bed-4435-b477-86c6ed0ece08:c6125, 06c1a879-4ae3-48dc-9686-b55cde066000:c6121, 67fae1a7-3cbe-4338-9d41-57e84498288b:c6121]
2019-07-10 10:27:52,521 INFO  client.GrpcClientProtocolClient (GrpcClientProtocolClient.java:onNext(255)) - client-821285EC2D67->9fa9a271-7bed-4435-b477-86c6ed0ece08: receive RaftClientReply:client-821285EC2D67->9fa9a271-7bed-4435-b477-86c6ed0ece08@group-0E07FAD1B91E, cid=4015, SUCCESS, logIndex=6125, commits[9fa9a271-7bed-4435-b477-86c6ed0ece08:c6125, 06c1a879-4ae3-48dc-9686-b55cde066000:c6121, 67fae1a7-3cbe-4338-9d41-57e84498288b:c6121]
2019-07-10 10:27:52,539 INFO  client.GrpcClientProtocolClient (GrpcClientProtocolClient.java:onNext(255)) - client-821285EC2D67->9fa9a271-7bed-4435-b477-86c6ed0ece08: receive RaftClientReply:client-821285EC2D67->9fa9a271-7bed-4435-b477-86c6ed0ece08@group-0E07FAD1B91E, cid=4016, SUCCESS, logIndex=0, commits[9fa9a271-7bed-4435-b477-86c6ed0ece08:c6126, 06c1a879-4ae3-48dc-9686-b55cde066000:c6125, 67fae1a7-3cbe-4338-9d41-57e84498288b:c6125]
2019-07-10 10:27:52,575 INFO  client.GrpcClientProtocolClient (GrpcClientProtocolClient.java:onNext(255)) - client-821285EC2D67->9fa9a271-7bed-4435-b477-86c6ed0ece08: receive RaftClientReply:client-821285EC2D67->9fa9a271-7bed-4435-b477-86c6ed0ece08@group-0E07FAD1B91E, cid=4017, SUCCESS, logIndex=6128, commits[9fa9a271-7bed-4435-b477-86c6ed0ece08:c6129, 06c1a879-4ae3-48dc-9686-b55cde066000:c6127, 67fae1a7-3cbe-4338-9d41-57e84498288b:c6127]
2019-07-10 10:27:52,576 INFO  client.GrpcClientProtocolClient (GrpcClientProtocolClient.java:onNext(255)) - client-821285EC2D67->9fa9a271-7bed-4435-b477-86c6ed0ece08: receive RaftClientReply:client-821285EC2D67->9fa9a271-7bed-4435-b477-86c6ed0ece08@group-0E07FAD1B91E, cid=4018, SUCCESS, logIndex=6129, commits[9fa9a271-7bed-4435-b477-86c6ed0ece08:c6129, 06c1a879-4ae3-48dc-9686-b55cde066000:c6127, 67fae1a7-3cbe-4338-9d41-57e84498288b:c6127]
2019-07-10 10:27:52,584 INFO  client.GrpcClientProtocolClient (GrpcClientProtocolClient.java:onNext(255)) - client-821285EC2D67->9fa9a271-7bed-4435-b477-86c6ed0ece08: receive RaftClientReply:client-821285EC2D67->9fa9a271-7bed-4435-b477-86c6ed0ece08@group-0E07FAD1B91E, cid=4019, SUCCESS, logIndex=6130, commits[9fa9a271-7bed-4435-b477-86c6ed0ece08:c6131, 06c1a879-4ae3-48dc-9686-b55cde066000:c6127, 67fae1a7-3cbe-4338-9d41-57e84498288b:c6127]
2019-07-10 10:27:52,584 INFO  client.GrpcClientProtocolClient (GrpcClientProtocolClient.java:onNext(255)) - client-821285EC2D67->9fa9a271-7bed-4435-b477-86c6ed0ece08: receive RaftClientReply:client-821285EC2D67->9fa9a271-7bed-4435-b477-86c6ed0ece08@group-0E07FAD1B91E, cid=4020, SUCCESS, logIndex=6131, commits[9fa9a271-7bed-4435-b477-86c6ed0ece08:c6131, 06c1a879-4ae3-48dc-9686-b55cde066000:c6127, 67fae1a7-3cbe-4338-9d41-57e84498288b:c6127]
2019-07-10 10:27:52,599 INFO  client.GrpcClientProtocolClient (GrpcClientProtocolClient.java:onNext(255)) - client-821285EC2D67->9fa9a271-7bed-4435-b477-86c6ed0ece08: receive RaftClientReply:client-821285EC2D67->9fa9a271-7bed-4435-b477-86c6ed0ece08@group-0E07FAD1B91E, cid=4021, SUCCESS, logIndex=0, commits[9fa9a271-7bed-4435-b477-86c6ed0ece08:c6134, 06c1a879-4ae3-48dc-9686-b55cde066000:c6129, 67fae1a7-3cbe-4338-9d41-57e84498288b:c6131]
2019-07-10 10:27:52,618 INFO  client.GrpcClientProtocolClient (GrpcClientProtocolClient.java:onNext(255)) - client-821285EC2D67->9fa9a271-7bed-4435-b477-86c6ed0ece08: receive RaftClientReply:client-821285EC2D67->9fa9a271-7bed-4435-b477-86c6ed0ece08@group-0E07FAD1B91E, cid=4022, SUCCESS, logIndex=6135, commits[9fa9a271-7bed-4435-b477-86c6ed0ece08:c6136, 06c1a879-4ae3-48dc-9686-b55cde066000:c6134, 67fae1a7-3cbe-4338-9d41-57e84498288b:c6134]
2019-07-10 10:27:52,618 INFO  client.GrpcClientProtocolClient (GrpcClientProtocolClient.java:onNext(255)) - client-821285EC2D67->9fa9a271-7bed-4435-b477-86c6ed0ece08: receive RaftClientReply:client-821285EC2D67->9fa9a271-7bed-4435-b477-86c6ed0ece08@group-0E07FAD1B91E, cid=4023, SUCCESS, logIndex=6136, commits[9fa9a271-7bed-4435-b477-86c6ed0ece08:c6136, 06c1a879-4ae3-48dc-9686-b55cde066000:c6134, 67fae1a7-3cbe-4338-9d41-57e84498288b:c6134]
2019-07-10 10:27:52,641 INFO  client.GrpcClientProtocolClient (GrpcClientProtocolClient.java:onNext(255)) - client-821285EC2D67->9fa9a271-7bed-4435-b477-86c6ed0ece08: receive RaftClientReply:client-821285EC2D67->9fa9a271-7bed-4435-b477-86c6ed0ece08@group-0E07FAD1B91E, cid=4024, SUCCESS, logIndex=6139, commits[9fa9a271-7bed-4435-b477-86c6ed0ece08:c6140, 06c1a879-4ae3-48dc-9686-b55cde066000:c6136, 67fae1a7-3cbe-4338-9d41-57e84498288b:c6136]
2019-07-10 10:27:52,641 INFO  client.GrpcClientProtocolClient (GrpcClientProtocolClient.java:onNext(255)) - client-821285EC2D67->9fa9a271-7bed-4435-b477-86c6ed0ece08: receive RaftClientReply:client-821285EC2D67->9fa9a271-7bed-4435-b477-86c6ed0ece08@group-0E07FAD1B91E, cid=4025, SUCCESS, logIndex=6140, commits[9fa9a271-7bed-4435-b477-86c6ed0ece08:c6140, 06c1a879-4ae3-48dc-9686-b55cde066000:c6136, 67fae1a7-3cbe-4338-9d41-57e84498288b:c6136]
2019-07-10 10:27:52,655 INFO  client.GrpcClientProtocolClient (GrpcClientProtocolClient.java:onNext(255)) - client-821285EC2D67->9fa9a271-7bed-4435-b477-86c6ed0ece08: receive RaftClientReply:client-821285EC2D67->9fa9a271-7bed-4435-b477-86c6ed0ece08@group-0E07FAD1B91E, cid=4026, SUCCESS, logIndex=0, commits[9fa9a271-7bed-4435-b477-86c6ed0ece08:c6141, 06c1a879-4ae3-48dc-9686-b55cde066000:c6140, 67fae1a7-3cbe-4338-9d41-57e84498288b:c6140]
2019-07-10 10:27:52,698 INFO  client.GrpcClientProtocolClient (GrpcClientProtocolClient.java:onNext(255)) - client-821285EC2D67->9fa9a271-7bed-4435-b477-86c6ed0ece08: receive RaftClientReply:client-821285EC2D67->9fa9a271-7bed-4435-b477-86c6ed0ece08@group-0E07FAD1B91E, cid=4027, SUCCESS, logIndex=6143, commits[9fa9a271-7bed-4435-b477-86c6ed0ece08:c6144, 06c1a879-4ae3-48dc-9686-b55cde066000:c6142, 67fae1a7-3cbe-4338-9d41-57e84498288b:c6142]
2019-07-10 10:27:52,699 INFO  client.GrpcClientProtocolClient (GrpcClientProtocolClient.java:onNext(255)) - client-821285EC2D67->9fa9a271-7bed-4435-b477-86c6ed0ece08: receive RaftClientReply:client-821285EC2D67->9fa9a271-7bed-4435-b477-86c6ed0ece08@group-0E07FAD1B91E, cid=4028, SUCCESS, logIndex=6144, commits[9fa9a271-7bed-4435-b477-86c6ed0ece08:c6144, 06c1a879-4ae3-48dc-9686-b55cde066000:c6142, 67fae1a7-3cbe-4338-9d41-57e84498288b:c6142]
2019-07-10 10:27:52,700 INFO  client.GrpcClientProtocolClient (GrpcClientProtocolClient.java:onNext(255)) - client-821285EC2D67->9fa9a271-7bed-4435-b477-86c6ed0ece08: receive RaftClientReply:client-821285EC2D67->9fa9a271-7bed-4435-b477-86c6ed0ece08@group-0E07FAD1B91E, cid=4029, SUCCESS, logIndex=6145, commits[9fa9a271-7bed-4435-b477-86c6ed0ece08:c6146, 06c1a879-4ae3-48dc-9686-b55cde066000:c6142, 67fae1a7-3cbe-4338-9d41-57e84498288b:c6142]
2019-07-10 10:27:52,700 INFO  client.GrpcClientProtocolClient (GrpcClientProtocolClient.java:onNext(255)) - client-821285EC2D67->9fa9a271-7bed-4435-b477-86c6ed0ece08: receive RaftClientReply:client-821285EC2D67->9fa9a271-7bed-4435-b477-86c6ed0ece08@group-0E07FAD1B91E, cid=4030, SUCCESS, logIndex=6146, commits[9fa9a271-7bed-4435-b477-86c6ed0ece08:c6146, 06c1a879-4ae3-48dc-9686-b55cde066000:c6142, 67fae1a7-3cbe-4338-9d41-57e84498288b:c6142]
2019-07-10 10:27:52,705 INFO  client.GrpcClientProtocolClient (GrpcClientProtocolClient.java:onNext(255)) - client-821285EC2D67->9fa9a271-7bed-4435-b477-86c6ed0ece08: receive RaftClientReply:client-821285EC2D67->9fa9a271-7bed-4435-b477-86c6ed0ece08@group-0E07FAD1B91E, cid=4031, SUCCESS, logIndex=0, commits[9fa9a271-7bed-4435-b477-86c6ed0ece08:c6148, 06c1a879-4ae3-48dc-9686-b55cde066000:c6144, 67fae1a7-3cbe-4338-9d41-57e84498288b:c6144]
2019-07-10 10:27:52,719 INFO  client.GrpcClientProtocolClient (GrpcClientProtocolClient.java:onNext(255)) - client-821285EC2D67->9fa9a271-7bed-4435-b477-86c6ed0ece08: receive RaftClientReply:client-821285EC2D67->9fa9a271-7bed-4435-b477-86c6ed0ece08@group-0E07FAD1B91E, cid=4032, SUCCESS, logIndex=6151, commits[9fa9a271-7bed-4435-b477-86c6ed0ece08:c6152, 06c1a879-4ae3-48dc-9686-b55cde066000:c6150, 67fae1a7-3cbe-4338-9d41-57e84498288b:c6146]
2019-07-10 10:27:52,719 INFO  client.GrpcClientProtocolClient (GrpcClientProtocolClient.java:onNext(255)) - client-821285EC2D67->9fa9a271-7bed-4435-b477-86c6ed0ece08: receive RaftClientReply:client-821285EC2D67->9fa9a271-7bed-4435-b477-86c6ed0ece08@group-0E07FAD1B91E, cid=4033, SUCCESS, logIndex=6152, commits[9fa9a271-7bed-4435-b477-86c6ed0ece08:c6152, 06c1a879-4ae3-48dc-9686-b55cde066000:c6150, 67fae1a7-3cbe-4338-9d41-57e84498288b:c6150]
2019-07-10 10:27:52,741 INFO  client.GrpcClientProtocolClient (GrpcClientProtocolClient.java:onNext(255)) - client-821285EC2D67->9fa9a271-7bed-4435-b477-86c6ed0ece08: receive RaftClientReply:client-821285EC2D67->9fa9a271-7bed-4435-b477-86c6ed0ece08@group-0E07FAD1B91E, cid=4034, SUCCESS, logIndex=6155, commits[9fa9a271-7bed-4435-b477-86c6ed0ece08:c6156, 06c1a879-4ae3-48dc-9686-b55cde066000:c6152, 67fae1a7-3cbe-4338-9d41-57e84498288b:c6154]
2019-07-10 10:27:52,741 INFO  client.GrpcClientProtocolClient (GrpcClientProtocolClient.java:onNext(255)) - client-821285EC2D67->9fa9a271-7bed-4435-b477-86c6ed0ece08: receive RaftClientReply:client-821285EC2D67->9fa9a271-7bed-4435-b477-86c6ed0ece08@group-0E07FAD1B91E, cid=4035, SUCCESS, logIndex=6156, commits[9fa9a271-7bed-4435-b477-86c6ed0ece08:c6156, 06c1a879-4ae3-48dc-9686-b55cde066000:c6154, 67fae1a7-3cbe-4338-9d41-57e84498288b:c6154]
2019-07-10 10:27:52,744 INFO  client.GrpcClientProtocolClient (GrpcClientProtocolClient.java:onNext(255)) - client-821285EC2D67->9fa9a271-7bed-4435-b477-86c6ed0ece08: receive RaftClientReply:client-821285EC2D67->9fa9a271-7bed-4435-b477-86c6ed0ece08@group-0E07FAD1B91E, cid=4036, SUCCESS, logIndex=0, commits[9fa9a271-7bed-4435-b477-86c6ed0ece08:c6157, 06c1a879-4ae3-48dc-9686-b55cde066000:c6156, 67fae1a7-3cbe-4338-9d41-57e84498288b:c6156]
2019-07-10 10:27:52,781 INFO  client.GrpcClientProtocolClient (GrpcClientProtocolClient.java:onNext(255)) - client-821285EC2D67->9fa9a271-7bed-4435-b477-86c6ed0ece08: receive RaftClientReply:client-821285EC2D67->9fa9a271-7bed-4435-b477-86c6ed0ece08@group-0E07FAD1B91E, cid=4037, SUCCESS, logIndex=6159, commits[9fa9a271-7bed-4435-b477-86c6ed0ece08:c6160, 06c1a879-4ae3-48dc-9686-b55cde066000:c6158, 67fae1a7-3cbe-4338-9d41-57e84498288b:c6158]
2019-07-10 10:27:52,781 INFO  client.GrpcClientProtocolClient (GrpcClientProtocolClient.java:onNext(255)) - client-821285EC2D67->9fa9a271-7bed-4435-b477-86c6ed0ece08: receive RaftClientReply:client-821285EC2D67->9fa9a271-7bed-4435-b477-86c6ed0ece08@group-0E07FAD1B91E, cid=4038, SUCCESS, logIndex=6160, commits[9fa9a271-7bed-4435-b477-86c6ed0ece08:c6160, 06c1a879-4ae3-48dc-9686-b55cde066000:c6158, 67fae1a7-3cbe-4338-9d41-57e84498288b:c6158]
2019-07-10 10:27:52,782 INFO  client.GrpcClientProtocolClient (GrpcClientProtocolClient.java:onNext(255)) - client-821285EC2D67->9fa9a271-7bed-4435-b477-86c6ed0ece08: receive RaftClientReply:client-821285EC2D67->9fa9a271-7bed-4435-b477-86c6ed0ece08@group-0E07FAD1B91E, cid=4039, SUCCESS, logIndex=6161, commits[9fa9a271-7bed-4435-b477-86c6ed0ece08:c6162, 06c1a879-4ae3-48dc-9686-b55cde066000:c6158, 67fae1a7-3cbe-4338-9d41-57e84498288b:c6158]
2019-07-10 10:27:52,782 INFO  client.GrpcClientProtocolClient (GrpcClientProtocolClient.java:onNext(255)) - client-821285EC2D67->9fa9a271-7bed-4435-b477-86c6ed0ece08: receive RaftClientReply:client-821285EC2D67->9fa9a271-7bed-4435-b477-86c6ed0ece08@group-0E07FAD1B91E, cid=4040, SUCCESS, logIndex=6162, commits[9fa9a271-7bed-4435-b477-86c6ed0ece08:c6162, 06c1a879-4ae3-48dc-9686-b55cde066000:c6158, 67fae1a7-3cbe-4338-9d41-57e84498288b:c6158]
2019-07-10 10:27:52,786 INFO  client.GrpcClientProtocolClient (GrpcClientProtocolClient.java:onNext(255)) - client-821285EC2D67->9fa9a271-7bed-4435-b477-86c6ed0ece08: receive RaftClientReply:client-821285EC2D67->9fa9a271-7bed-4435-b477-86c6ed0ece08@group-0E07FAD1B91E, cid=4041, SUCCESS, logIndex=0, commits[9fa9a271-7bed-4435-b477-86c6ed0ece08:c6165, 06c1a879-4ae3-48dc-9686-b55cde066000:c6160, 67fae1a7-3cbe-4338-9d41-57e84498288b:c6161]
2019-07-10 10:27:52,808 INFO  client.GrpcClientProtocolClient (GrpcClientProtocolClient.java:onNext(255)) - client-821285EC2D67->9fa9a271-7bed-4435-b477-86c6ed0ece08: receive RaftClientReply:client-821285EC2D67->9fa9a271-7bed-4435-b477-86c6ed0ece08@group-0E07FAD1B91E, cid=4042, SUCCESS, logIndex=6167, commits[9fa9a271-7bed-4435-b477-86c6ed0ece08:c6168, 06c1a879-4ae3-48dc-9686-b55cde066000:c6166, 67fae1a7-3cbe-4338-9d41-57e84498288b:c6162]
2019-07-10 10:27:52,808 INFO  client.GrpcClientProtocolClient (GrpcClientProtocolClient.java:onNext(255)) - client-821285EC2D67->9fa9a271-7bed-4435-b477-86c6ed0ece08: receive RaftClientReply:client-821285EC2D67->9fa9a271-7bed-4435-b477-86c6ed0ece08@group-0E07FAD1B91E, cid=4043, SUCCESS, logIndex=6168, commits[9fa9a271-7bed-4435-b477-86c6ed0ece08:c6168, 06c1a879-4ae3-48dc-9686-b55cde066000:c6166, 67fae1a7-3cbe-4338-9d41-57e84498288b:c6166]
2019-07-10 10:27:52,830 INFO  client.GrpcClientProtocolClient (GrpcClientProtocolClient.java:onNext(255)) - client-821285EC2D67->9fa9a271-7bed-4435-b477-86c6ed0ece08: receive RaftClientReply:client-821285EC2D67->9fa9a271-7bed-4435-b477-86c6ed0ece08@group-0E07FAD1B91E, cid=4044, SUCCESS, logIndex=6171, commits[9fa9a271-7bed-4435-b477-86c6ed0ece08:c6172, 06c1a879-4ae3-48dc-9686-b55cde066000:c6170, 67fae1a7-3cbe-4338-9d41-57e84498288b:c6170]
2019-07-10 10:27:52,830 INFO  client.GrpcClientProtocolClient (GrpcClientProtocolClient.java:onNext(255)) - client-821285EC2D67->9fa9a271-7bed-4435-b477-86c6ed0ece08: receive RaftClientReply:client-821285EC2D67->9fa9a271-7bed-4435-b477-86c6ed0ece08@group-0E07FAD1B91E, cid=4045, SUCCESS, logIndex=6172, commits[9fa9a271-7bed-4435-b477-86c6ed0ece08:c6172, 06c1a879-4ae3-48dc-9686-b55cde066000:c6170, 67fae1a7-3cbe-4338-9d41-57e84498288b:c6170]
2019-07-10 10:27:52,852 INFO  client.GrpcClientProtocolClient (GrpcClientProtocolClient.java:onNext(255)) - client-821285EC2D67->9fa9a271-7bed-4435-b477-86c6ed0ece08: receive RaftClientReply:client-821285EC2D67->9fa9a271-7bed-4435-b477-86c6ed0ece08@group-0E07FAD1B91E, cid=4046, SUCCESS, logIndex=0, commits[9fa9a271-7bed-4435-b477-86c6ed0ece08:c6173, 06c1a879-4ae3-48dc-9686-b55cde066000:c6172, 67fae1a7-3cbe-4338-9d41-57e84498288b:c6172]
2019-07-10 10:27:52,889 INFO  client.GrpcClientProtocolClient (GrpcClientProtocolClient.java:onNext(255)) - client-821285EC2D67->9fa9a271-7bed-4435-b477-86c6ed0ece08: receive RaftClientReply:client-821285EC2D67->9fa9a271-7bed-4435-b477-86c6ed0ece08@group-0E07FAD1B91E, cid=4047, SUCCESS, logIndex=6175, commits[9fa9a271-7bed-4435-b477-86c6ed0ece08:c6176, 06c1a879-4ae3-48dc-9686-b55cde066000:c6174, 67fae1a7-3cbe-4338-9d41-57e84498288b:c6174]
2019-07-10 10:27:52,889 INFO  client.GrpcClientProtocolClient (GrpcClientProtocolClient.java:onNext(255)) - client-821285EC2D67->9fa9a271-7bed-4435-b477-86c6ed0ece08: receive RaftClientReply:client-821285EC2D67->9fa9a271-7bed-4435-b477-86c6ed0ece08@group-0E07FAD1B91E, cid=4048, SUCCESS, logIndex=6176, commits[9fa9a271-7bed-4435-b477-86c6ed0ece08:c6176, 06c1a879-4ae3-48dc-9686-b55cde066000:c6174, 67fae1a7-3cbe-4338-9d41-57e84498288b:c6174]
2019-07-10 10:27:52,900 INFO  client.GrpcClientProtocolClient (GrpcClientProtocolClient.java:onNext(255)) - client-821285EC2D67->9fa9a271-7bed-4435-b477-86c6ed0ece08: receive RaftClientReply:client-821285EC2D67->9fa9a271-7bed-4435-b477-86c6ed0ece08@group-0E07FAD1B91E, cid=4049, SUCCESS, logIndex=6177, commits[9fa9a271-7bed-4435-b477-86c6ed0ece08:c6178, 06c1a879-4ae3-48dc-9686-b55cde066000:c6174, 67fae1a7-3cbe-4338-9d41-57e84498288b:c6174]
2019-07-10 10:27:52,900 INFO  client.GrpcClientProtocolClient (GrpcClientProtocolClient.java:onNext(255)) - client-821285EC2D67->9fa9a271-7bed-4435-b477-86c6ed0ece08: receive RaftClientReply:client-821285EC2D67->9fa9a271-7bed-4435-b477-86c6ed0ece08@group-0E07FAD1B91E, cid=4050, SUCCESS, logIndex=6178, commits[9fa9a271-7bed-4435-b477-86c6ed0ece08:c6178, 06c1a879-4ae3-48dc-9686-b55cde066000:c6174, 67fae1a7-3cbe-4338-9d41-57e84498288b:c6174]
2019-07-10 10:27:52,912 INFO  client.GrpcClientProtocolClient (GrpcClientProtocolClient.java:onNext(255)) - client-821285EC2D67->9fa9a271-7bed-4435-b477-86c6ed0ece08: receive RaftClientReply:client-821285EC2D67->9fa9a271-7bed-4435-b477-86c6ed0ece08@group-0E07FAD1B91E, cid=4051, SUCCESS, logIndex=0, commits[9fa9a271-7bed-4435-b477-86c6ed0ece08:c6180, 06c1a879-4ae3-48dc-9686-b55cde066000:c6176, 67fae1a7-3cbe-4338-9d41-57e84498288b:c6176]
2019-07-10 10:27:52,948 INFO  client.GrpcClientProtocolClient (GrpcClientProtocolClient.java:onNext(255)) - client-821285EC2D67->9fa9a271-7bed-4435-b477-86c6ed0ece08: receive RaftClientReply:client-821285EC2D67->9fa9a271-7bed-4435-b477-86c6ed0ece08@group-0E07FAD1B91E, cid=4052, SUCCESS, logIndex=6183, commits[9fa9a271-7bed-4435-b477-86c6ed0ece08:c6184, 06c1a879-4ae3-48dc-9686-b55cde066000:c6180, 67fae1a7-3cbe-4338-9d41-57e84498288b:c6180]
2019-07-10 10:27:52,948 INFO  client.GrpcClientProtocolClient (GrpcClientProtocolClient.java:onNext(255)) - client-821285EC2D67->9fa9a271-7bed-4435-b477-86c6ed0ece08: receive RaftClientReply:client-821285EC2D67->9fa9a271-7bed-4435-b477-86c6ed0ece08@group-0E07FAD1B91E, cid=4053, SUCCESS, logIndex=6184, commits[9fa9a271-7bed-4435-b477-86c6ed0ece08:c6184, 06c1a879-4ae3-48dc-9686-b55cde066000:c6180, 67fae1a7-3cbe-4338-9d41-57e84498288b:c6180]
2019-07-10 10:27:52,967 INFO  client.GrpcClientProtocolClient (GrpcClientProtocolClient.java:onNext(255)) - client-821285EC2D67->9fa9a271-7bed-4435-b477-86c6ed0ece08: receive RaftClientReply:client-821285EC2D67->9fa9a271-7bed-4435-b477-86c6ed0ece08@group-0E07FAD1B91E, cid=4054, SUCCESS, logIndex=6187, commits[9fa9a271-7bed-4435-b477-86c6ed0ece08:c6188, 06c1a879-4ae3-48dc-9686-b55cde066000:c6185, 67fae1a7-3cbe-4338-9d41-57e84498288b:c6185]
2019-07-10 10:27:52,967 INFO  client.GrpcClientProtocolClient (GrpcClientProtocolClient.java:onNext(255)) - client-821285EC2D67->9fa9a271-7bed-4435-b477-86c6ed0ece08: receive RaftClientReply:client-821285EC2D67->9fa9a271-7bed-4435-b477-86c6ed0ece08@group-0E07FAD1B91E, cid=4055, SUCCESS, logIndex=6188, commits[9fa9a271-7bed-4435-b477-86c6ed0ece08:c6188, 06c1a879-4ae3-48dc-9686-b55cde066000:c6185, 67fae1a7-3cbe-4338-9d41-57e84498288b:c6185]
2019-07-10 10:27:52,980 INFO  client.GrpcClientProtocolClient (GrpcClientProtocolClient.java:onNext(255)) - client-821285EC2D67->9fa9a271-7bed-4435-b477-86c6ed0ece08: receive RaftClientReply:client-821285EC2D67->9fa9a271-7bed-4435-b477-86c6ed0ece08@group-0E07FAD1B91E, cid=4056, SUCCESS, logIndex=0, commits[9fa9a271-7bed-4435-b477-86c6ed0ece08:c6190, 06c1a879-4ae3-48dc-9686-b55cde066000:c6188, 67fae1a7-3cbe-4338-9d41-57e84498288b:c6188]
2019-07-10 10:27:53,010 INFO  client.GrpcClientProtocolClient (GrpcClientProtocolClient.java:onNext(255)) - client-821285EC2D67->9fa9a271-7bed-4435-b477-86c6ed0ece08: receive RaftClientReply:client-821285EC2D67->9fa9a271-7bed-4435-b477-86c6ed0ece08@group-0E07FAD1B91E, cid=4057, SUCCESS, logIndex=6191, commits[9fa9a271-7bed-4435-b477-86c6ed0ece08:c6192, 06c1a879-4ae3-48dc-9686-b55cde066000:c6190, 67fae1a7-3cbe-4338-9d41-57e84498288b:c6190]
2019-07-10 10:27:53,011 INFO  client.GrpcClientProtocolClient (GrpcClientProtocolClient.java:onNext(255)) - client-821285EC2D67->9fa9a271-7bed-4435-b477-86c6ed0ece08: receive RaftClientReply:client-821285EC2D67->9fa9a271-7bed-4435-b477-86c6ed0ece08@group-0E07FAD1B91E, cid=4058, SUCCESS, logIndex=6192, commits[9fa9a271-7bed-4435-b477-86c6ed0ece08:c6194, 06c1a879-4ae3-48dc-9686-b55cde066000:c6190, 67fae1a7-3cbe-4338-9d41-57e84498288b:c6190]
2019-07-10 10:27:53,011 INFO  client.GrpcClientProtocolClient (GrpcClientProtocolClient.java:onNext(255)) - client-821285EC2D67->9fa9a271-7bed-4435-b477-86c6ed0ece08: receive RaftClientReply:client-821285EC2D67->9fa9a271-7bed-4435-b477-86c6ed0ece08@group-0E07FAD1B91E, cid=4059, SUCCESS, logIndex=6193, commits[9fa9a271-7bed-4435-b477-86c6ed0ece08:c6194, 06c1a879-4ae3-48dc-9686-b55cde066000:c6190, 67fae1a7-3cbe-4338-9d41-57e84498288b:c6190]
2019-07-10 10:27:53,011 INFO  client.GrpcClientProtocolClient (GrpcClientProtocolClient.java:onNext(255)) - client-821285EC2D67->9fa9a271-7bed-4435-b477-86c6ed0ece08: receive RaftClientReply:client-821285EC2D67->9fa9a271-7bed-4435-b477-86c6ed0ece08@group-0E07FAD1B91E, cid=4060, SUCCESS, logIndex=6194, commits[9fa9a271-7bed-4435-b477-86c6ed0ece08:c6194, 06c1a879-4ae3-48dc-9686-b55cde066000:c6190, 67fae1a7-3cbe-4338-9d41-57e84498288b:c6190]
2019-07-10 10:27:53,016 INFO  client.GrpcClientProtocolClient (GrpcClientProtocolClient.java:onNext(255)) - client-821285EC2D67->9fa9a271-7bed-4435-b477-86c6ed0ece08: receive RaftClientReply:client-821285EC2D67->9fa9a271-7bed-4435-b477-86c6ed0ece08@group-0E07FAD1B91E, cid=4061, SUCCESS, logIndex=0, commits[9fa9a271-7bed-4435-b477-86c6ed0ece08:c6197, 06c1a879-4ae3-48dc-9686-b55cde066000:c6193, 67fae1a7-3cbe-4338-9d41-57e84498288b:c6192]
2019-07-10 10:27:53,036 INFO  client.GrpcClientProtocolClient (GrpcClientProtocolClient.java:onNext(255)) - client-821285EC2D67->9fa9a271-7bed-4435-b477-86c6ed0ece08: receive RaftClientReply:client-821285EC2D67->9fa9a271-7bed-4435-b477-86c6ed0ece08@group-0E07FAD1B91E, cid=4062, SUCCESS, logIndex=6199, commits[9fa9a271-7bed-4435-b477-86c6ed0ece08:c6200, 06c1a879-4ae3-48dc-9686-b55cde066000:c6198, 67fae1a7-3cbe-4338-9d41-57e84498288b:c6198]
2019-07-10 10:27:53,037 INFO  client.GrpcClientProtocolClient (GrpcClientProtocolClient.java:onNext(255)) - client-821285EC2D67->9fa9a271-7bed-4435-b477-86c6ed0ece08: receive RaftClientReply:client-821285EC2D67->9fa9a271-7bed-4435-b477-86c6ed0ece08@group-0E07FAD1B91E, cid=4063, SUCCESS, logIndex=6200, commits[9fa9a271-7bed-4435-b477-86c6ed0ece08:c6200, 06c1a879-4ae3-48dc-9686-b55cde066000:c6198, 67fae1a7-3cbe-4338-9d41-57e84498288b:c6198]
2019-07-10 10:27:53,051 INFO  client.GrpcClientProtocolClient (GrpcClientProtocolClient.java:onNext(255)) - client-821285EC2D67->9fa9a271-7bed-4435-b477-86c6ed0ece08: receive RaftClientReply:client-821285EC2D67->9fa9a271-7bed-4435-b477-86c6ed0ece08@group-0E07FAD1B91E, cid=4064, SUCCESS, logIndex=6203, commits[9fa9a271-7bed-4435-b477-86c6ed0ece08:c6204, 06c1a879-4ae3-48dc-9686-b55cde066000:c6200, 67fae1a7-3cbe-4338-9d41-57e84498288b:c6200]
2019-07-10 10:27:53,052 INFO  client.GrpcClientProtocolClient (GrpcClientProtocolClient.java:onNext(255)) - client-821285EC2D67->9fa9a271-7bed-4435-b477-86c6ed0ece08: receive RaftClientReply:client-821285EC2D67->9fa9a271-7bed-4435-b477-86c6ed0ece08@group-0E07FAD1B91E, cid=4065, SUCCESS, logIndex=6204, commits[9fa9a271-7bed-4435-b477-86c6ed0ece08:c6204, 06c1a879-4ae3-48dc-9686-b55cde066000:c6200, 67fae1a7-3cbe-4338-9d41-57e84498288b:c6200]
2019-07-10 10:27:53,065 INFO  client.GrpcClientProtocolClient (GrpcClientProtocolClient.java:onNext(255)) - client-821285EC2D67->9fa9a271-7bed-4435-b477-86c6ed0ece08: receive RaftClientReply:client-821285EC2D67->9fa9a271-7bed-4435-b477-86c6ed0ece08@group-0E07FAD1B91E, cid=4066, SUCCESS, logIndex=0, commits[9fa9a271-7bed-4435-b477-86c6ed0ece08:c6206, 06c1a879-4ae3-48dc-9686-b55cde066000:c6204, 67fae1a7-3cbe-4338-9d41-57e84498288b:c6204]
2019-07-10 10:27:53,094 INFO  client.GrpcClientProtocolClient (GrpcClientProtocolClient.java:onNext(255)) - client-821285EC2D67->9fa9a271-7bed-4435-b477-86c6ed0ece08: receive RaftClientReply:client-821285EC2D67->9fa9a271-7bed-4435-b477-86c6ed0ece08@group-0E07FAD1B91E, cid=4067, SUCCESS, logIndex=6207, commits[9fa9a271-7bed-4435-b477-86c6ed0ece08:c6208, 06c1a879-4ae3-48dc-9686-b55cde066000:c6206, 67fae1a7-3cbe-4338-9d41-57e84498288b:c6206]
2019-07-10 10:27:53,094 INFO  client.GrpcClientProtocolClient (GrpcClientProtocolClient.java:onNext(255)) - client-821285EC2D67->9fa9a271-7bed-4435-b477-86c6ed0ece08: receive RaftClientReply:client-821285EC2D67->9fa9a271-7bed-4435-b477-86c6ed0ece08@group-0E07FAD1B91E, cid=4068, SUCCESS, logIndex=6208, commits[9fa9a271-7bed-4435-b477-86c6ed0ece08:c6210, 06c1a879-4ae3-48dc-9686-b55cde066000:c6206, 67fae1a7-3cbe-4338-9d41-57e84498288b:c6206]
2019-07-10 10:27:53,095 INFO  client.GrpcClientProtocolClient (GrpcClientProtocolClient.java:onNext(255)) - client-821285EC2D67->9fa9a271-7bed-4435-b477-86c6ed0ece08: receive RaftClientReply:client-821285EC2D67->9fa9a271-7bed-4435-b477-86c6ed0ece08@group-0E07FAD1B91E, cid=4069, SUCCESS, logIndex=6209, commits[9fa9a271-7bed-4435-b477-86c6ed0ece08:c6210, 06c1a879-4ae3-48dc-9686-b55cde066000:c6206, 67fae1a7-3cbe-4338-9d41-57e84498288b:c6206]
2019-07-10 10:27:53,095 INFO  client.GrpcClientProtocolClient (GrpcClientProtocolClient.java:onNext(255)) - client-821285EC2D67->9fa9a271-7bed-4435-b477-86c6ed0ece08: receive RaftClientReply:client-821285EC2D67->9fa9a271-7bed-4435-b477-86c6ed0ece08@group-0E07FAD1B91E, cid=4070, SUCCESS, logIndex=6210, commits[9fa9a271-7bed-4435-b477-86c6ed0ece08:c6210, 06c1a879-4ae3-48dc-9686-b55cde066000:c6206, 67fae1a7-3cbe-4338-9d41-57e84498288b:c6206]
2019-07-10 10:27:53,098 INFO  client.GrpcClientProtocolClient (GrpcClientProtocolClient.java:onNext(255)) - client-821285EC2D67->9fa9a271-7bed-4435-b477-86c6ed0ece08: receive RaftClientReply:client-821285EC2D67->9fa9a271-7bed-4435-b477-86c6ed0ece08@group-0E07FAD1B91E, cid=4071, SUCCESS, logIndex=0, commits[9fa9a271-7bed-4435-b477-86c6ed0ece08:c6211, 06c1a879-4ae3-48dc-9686-b55cde066000:c6208, 67fae1a7-3cbe-4338-9d41-57e84498288b:c6208]
2019-07-10 10:27:53,115 INFO  client.GrpcClientProtocolClient (GrpcClientProtocolClient.java:onNext(255)) - client-821285EC2D67->9fa9a271-7bed-4435-b477-86c6ed0ece08: receive RaftClientReply:client-821285EC2D67->9fa9a271-7bed-4435-b477-86c6ed0ece08@group-0E07FAD1B91E, cid=4072, SUCCESS, logIndex=6214, commits[9fa9a271-7bed-4435-b477-86c6ed0ece08:c6215, 06c1a879-4ae3-48dc-9686-b55cde066000:c6213, 67fae1a7-3cbe-4338-9d41-57e84498288b:c6213]
2019-07-10 10:27:53,115 INFO  client.GrpcClientProtocolClient (GrpcClientProtocolClient.java:onNext(255)) - client-821285EC2D67->9fa9a271-7bed-4435-b477-86c6ed0ece08: receive RaftClientReply:client-821285EC2D67->9fa9a271-7bed-4435-b477-86c6ed0ece08@group-0E07FAD1B91E, cid=4073, SUCCESS, logIndex=6215, commits[9fa9a271-7bed-4435-b477-86c6ed0ece08:c6215, 06c1a879-4ae3-48dc-9686-b55cde066000:c6213, 67fae1a7-3cbe-4338-9d41-57e84498288b:c6213]
2019-07-10 10:27:53,130 INFO  client.GrpcClientProtocolClient (GrpcClientProtocolClient.java:onNext(255)) - client-821285EC2D67->9fa9a271-7bed-4435-b477-86c6ed0ece08: receive RaftClientReply:client-821285EC2D67->9fa9a271-7bed-4435-b477-86c6ed0ece08@group-0E07FAD1B91E, cid=4074, SUCCESS, logIndex=6218, commits[9fa9a271-7bed-4435-b477-86c6ed0ece08:c6218, 06c1a879-4ae3-48dc-9686-b55cde066000:c6215, 67fae1a7-3cbe-4338-9d41-57e84498288b:c6215]
2019-07-10 10:27:53,130 INFO  client.GrpcClientProtocolClient (GrpcClientProtocolClient.java:onNext(255)) - client-821285EC2D67->9fa9a271-7bed-4435-b477-86c6ed0ece08: receive RaftClientReply:client-821285EC2D67->9fa9a271-7bed-4435-b477-86c6ed0ece08@group-0E07FAD1B91E, cid=4075, SUCCESS, logIndex=6219, commits[9fa9a271-7bed-4435-b477-86c6ed0ece08:c6219, 06c1a879-4ae3-48dc-9686-b55cde066000:c6215, 67fae1a7-3cbe-4338-9d41-57e84498288b:c6215]
2019-07-10 10:27:53,145 INFO  client.GrpcClientProtocolClient (GrpcClientProtocolClient.java:onNext(255)) - client-821285EC2D67->9fa9a271-7bed-4435-b477-86c6ed0ece08: receive RaftClientReply:client-821285EC2D67->9fa9a271-7bed-4435-b477-86c6ed0ece08@group-0E07FAD1B91E, cid=4076, SUCCESS, logIndex=0, commits[9fa9a271-7bed-4435-b477-86c6ed0ece08:c6221, 06c1a879-4ae3-48dc-9686-b55cde066000:c6219, 67fae1a7-3cbe-4338-9d41-57e84498288b:c6219]
2019-07-10 10:27:53,293 INFO  client.GrpcClientProtocolClient (GrpcClientProtocolClient.java:onNext(255)) - client-821285EC2D67->9fa9a271-7bed-4435-b477-86c6ed0ece08: receive RaftClientReply:client-821285EC2D67->9fa9a271-7bed-4435-b477-86c6ed0ece08@group-0E07FAD1B91E, cid=4077, SUCCESS, logIndex=6222, commits[9fa9a271-7bed-4435-b477-86c6ed0ece08:c6225, 06c1a879-4ae3-48dc-9686-b55cde066000:c6221, 67fae1a7-3cbe-4338-9d41-57e84498288b:c6221]
2019-07-10 10:27:53,294 INFO  client.GrpcClientProtocolClient (GrpcClientProtocolClient.java:onNext(255)) - client-821285EC2D67->9fa9a271-7bed-4435-b477-86c6ed0ece08: receive RaftClientReply:client-821285EC2D67->9fa9a271-7bed-4435-b477-86c6ed0ece08@group-0E07FAD1B91E, cid=4078, SUCCESS, logIndex=6223, commits[9fa9a271-7bed-4435-b477-86c6ed0ece08:c6225, 06c1a879-4ae3-48dc-9686-b55cde066000:c6221, 67fae1a7-3cbe-4338-9d41-57e84498288b:c6221]
2019-07-10 10:27:53,295 INFO  client.GrpcClientProtocolClient (GrpcClientProtocolClient.java:onNext(255)) - client-821285EC2D67->9fa9a271-7bed-4435-b477-86c6ed0ece08: receive RaftClientReply:client-821285EC2D67->9fa9a271-7bed-4435-b477-86c6ed0ece08@group-0E07FAD1B91E, cid=4079, SUCCESS, logIndex=6224, commits[9fa9a271-7bed-4435-b477-86c6ed0ece08:c6225, 06c1a879-4ae3-48dc-9686-b55cde066000:c6221, 67fae1a7-3cbe-4338-9d41-57e84498288b:c6221]
2019-07-10 10:27:53,295 INFO  client.GrpcClientProtocolClient (GrpcClientProtocolClient.java:onNext(255)) - client-821285EC2D67->9fa9a271-7bed-4435-b477-86c6ed0ece08: receive RaftClientReply:client-821285EC2D67->9fa9a271-7bed-4435-b477-86c6ed0ece08@group-0E07FAD1B91E, cid=4080, SUCCESS, logIndex=6225, commits[9fa9a271-7bed-4435-b477-86c6ed0ece08:c6225, 06c1a879-4ae3-48dc-9686-b55cde066000:c6221, 67fae1a7-3cbe-4338-9d41-57e84498288b:c6221]
2019-07-10 10:27:53,303 INFO  client.GrpcClientProtocolClient (GrpcClientProtocolClient.java:onNext(255)) - client-821285EC2D67->9fa9a271-7bed-4435-b477-86c6ed0ece08: receive RaftClientReply:client-821285EC2D67->9fa9a271-7bed-4435-b477-86c6ed0ece08@group-0E07FAD1B91E, cid=4081, SUCCESS, logIndex=0, commits[9fa9a271-7bed-4435-b477-86c6ed0ece08:c6226, 06c1a879-4ae3-48dc-9686-b55cde066000:c6223, 67fae1a7-3cbe-4338-9d41-57e84498288b:c6223]
2019-07-10 10:27:53,322 INFO  client.GrpcClientProtocolClient (GrpcClientProtocolClient.java:onNext(255)) - client-821285EC2D67->9fa9a271-7bed-4435-b477-86c6ed0ece08: receive RaftClientReply:client-821285EC2D67->9fa9a271-7bed-4435-b477-86c6ed0ece08@group-0E07FAD1B91E, cid=4082, SUCCESS, logIndex=6230, commits[9fa9a271-7bed-4435-b477-86c6ed0ece08:c6231, 06c1a879-4ae3-48dc-9686-b55cde066000:c6229, 67fae1a7-3cbe-4338-9d41-57e84498288b:c6229]
2019-07-10 10:27:53,322 INFO  client.GrpcClientProtocolClient (GrpcClientProtocolClient.java:onNext(255)) - client-821285EC2D67->9fa9a271-7bed-4435-b477-86c6ed0ece08: receive RaftClientReply:client-821285EC2D67->9fa9a271-7bed-4435-b477-86c6ed0ece08@group-0E07FAD1B91E, cid=4083, SUCCESS, logIndex=6231, commits[9fa9a271-7bed-4435-b477-86c6ed0ece08:c6231, 06c1a879-4ae3-48dc-9686-b55cde066000:c6229, 67fae1a7-3cbe-4338-9d41-57e84498288b:c6229]
2019-07-10 10:27:53,343 INFO  client.GrpcClientProtocolClient (GrpcClientProtocolClient.java:onNext(255)) - client-821285EC2D67->9fa9a271-7bed-4435-b477-86c6ed0ece08: receive RaftClientReply:client-821285EC2D67->9fa9a271-7bed-4435-b477-86c6ed0ece08@group-0E07FAD1B91E, cid=4084, SUCCESS, logIndex=6234, commits[9fa9a271-7bed-4435-b477-86c6ed0ece08:c6235, 06c1a879-4ae3-48dc-9686-b55cde066000:c6233, 67fae1a7-3cbe-4338-9d41-57e84498288b:c6233]
2019-07-10 10:27:53,343 INFO  client.GrpcClientProtocolClient (GrpcClientProtocolClient.java:onNext(255)) - client-821285EC2D67->9fa9a271-7bed-4435-b477-86c6ed0ece08: receive RaftClientReply:client-821285EC2D67->9fa9a271-7bed-4435-b477-86c6ed0ece08@group-0E07FAD1B91E, cid=4085, SUCCESS, logIndex=6235, commits[9fa9a271-7bed-4435-b477-86c6ed0ece08:c6235, 06c1a879-4ae3-48dc-9686-b55cde066000:c6233, 67fae1a7-3cbe-4338-9d41-57e84498288b:c6233]
2019-07-10 10:27:53,346 INFO  client.GrpcClientProtocolClient (GrpcClientProtocolClient.java:onNext(255)) - client-821285EC2D67->9fa9a271-7bed-4435-b477-86c6ed0ece08: receive RaftClientReply:client-821285EC2D67->9fa9a271-7bed-4435-b477-86c6ed0ece08@group-0E07FAD1B91E, cid=4086, SUCCESS, logIndex=0, commits[9fa9a271-7bed-4435-b477-86c6ed0ece08:c6236, 06c1a879-4ae3-48dc-9686-b55cde066000:c6235, 67fae1a7-3cbe-4338-9d41-57e84498288b:c6235]
2019-07-10 10:27:53,377 INFO  client.GrpcClientProtocolClient (GrpcClientProtocolClient.java:onNext(255)) - client-821285EC2D67->9fa9a271-7bed-4435-b477-86c6ed0ece08: receive RaftClientReply:client-821285EC2D67->9fa9a271-7bed-4435-b477-86c6ed0ece08@group-0E07FAD1B91E, cid=4087, SUCCESS, logIndex=6238, commits[9fa9a271-7bed-4435-b477-86c6ed0ece08:c6240, 06c1a879-4ae3-48dc-9686-b55cde066000:c6237, 67fae1a7-3cbe-4338-9d41-57e84498288b:c6237]
2019-07-10 10:27:53,378 INFO  client.GrpcClientProtocolClient (GrpcClientProtocolClient.java:onNext(255)) - client-821285EC2D67->9fa9a271-7bed-4435-b477-86c6ed0ece08: receive RaftClientReply:client-821285EC2D67->9fa9a271-7bed-4435-b477-86c6ed0ece08@group-0E07FAD1B91E, cid=4088, SUCCESS, logIndex=6239, commits[9fa9a271-7bed-4435-b477-86c6ed0ece08:c6241, 06c1a879-4ae3-48dc-9686-b55cde066000:c6237, 67fae1a7-3cbe-4338-9d41-57e84498288b:c6237]
2019-07-10 10:27:53,379 INFO  client.GrpcClientProtocolClient (GrpcClientProtocolClient.java:onNext(255)) - client-821285EC2D67->9fa9a271-7bed-4435-b477-86c6ed0ece08: receive RaftClientReply:client-821285EC2D67->9fa9a271-7bed-4435-b477-86c6ed0ece08@group-0E07FAD1B91E, cid=4089, SUCCESS, logIndex=6240, commits[9fa9a271-7bed-4435-b477-86c6ed0ece08:c6241, 06c1a879-4ae3-48dc-9686-b55cde066000:c6237, 67fae1a7-3cbe-4338-9d41-57e84498288b:c6237]
2019-07-10 10:27:53,379 INFO  client.GrpcClientProtocolClient (GrpcClientProtocolClient.java:onNext(255)) - client-821285EC2D67->9fa9a271-7bed-4435-b477-86c6ed0ece08: receive RaftClientReply:client-821285EC2D67->9fa9a271-7bed-4435-b477-86c6ed0ece08@group-0E07FAD1B91E, cid=4090, SUCCESS, logIndex=6241, commits[9fa9a271-7bed-4435-b477-86c6ed0ece08:c6243, 06c1a879-4ae3-48dc-9686-b55cde066000:c6237, 67fae1a7-3cbe-4338-9d41-57e84498288b:c6239]
2019-07-10 10:27:53,381 INFO  client.GrpcClientProtocolClient (GrpcClientProtocolClient.java:onNext(255)) - client-821285EC2D67->9fa9a271-7bed-4435-b477-86c6ed0ece08: receive RaftClientReply:client-821285EC2D67->9fa9a271-7bed-4435-b477-86c6ed0ece08@group-0E07FAD1B91E, cid=4091, SUCCESS, logIndex=0, commits[9fa9a271-7bed-4435-b477-86c6ed0ece08:c6243, 06c1a879-4ae3-48dc-9686-b55cde066000:c6239, 67fae1a7-3cbe-4338-9d41-57e84498288b:c6239]
2019-07-10 10:27:53,401 INFO  client.GrpcClientProtocolClient (GrpcClientProtocolClient.java:onNext(255)) - client-821285EC2D67->9fa9a271-7bed-4435-b477-86c6ed0ece08: receive RaftClientReply:client-821285EC2D67->9fa9a271-7bed-4435-b477-86c6ed0ece08@group-0E07FAD1B91E, cid=4092, SUCCESS, logIndex=6246, commits[9fa9a271-7bed-4435-b477-86c6ed0ece08:c6247, 06c1a879-4ae3-48dc-9686-b55cde066000:c6245, 67fae1a7-3cbe-4338-9d41-57e84498288b:c6245]
2019-07-10 10:27:53,401 INFO  client.GrpcClientProtocolClient (GrpcClientProtocolClient.java:onNext(255)) - client-821285EC2D67->9fa9a271-7bed-4435-b477-86c6ed0ece08: receive RaftClientReply:client-821285EC2D67->9fa9a271-7bed-4435-b477-86c6ed0ece08@group-0E07FAD1B91E, cid=4093, SUCCESS, logIndex=6247, commits[9fa9a271-7bed-4435-b477-86c6ed0ece08:c6247, 06c1a879-4ae3-48dc-9686-b55cde066000:c6245, 67fae1a7-3cbe-4338-9d41-57e84498288b:c6245]
2019-07-10 10:27:53,420 INFO  client.GrpcClientProtocolClient (GrpcClientProtocolClient.java:onNext(255)) - client-821285EC2D67->9fa9a271-7bed-4435-b477-86c6ed0ece08: receive RaftClientReply:client-821285EC2D67->9fa9a271-7bed-4435-b477-86c6ed0ece08@group-0E07FAD1B91E, cid=4094, SUCCESS, logIndex=6250, commits[9fa9a271-7bed-4435-b477-86c6ed0ece08:c6251, 06c1a879-4ae3-48dc-9686-b55cde066000:c6248, 67fae1a7-3cbe-4338-9d41-57e84498288b:c6248]
2019-07-10 10:27:53,420 INFO  client.GrpcClientProtocolClient (GrpcClientProtocolClient.java:onNext(255)) - client-821285EC2D67->9fa9a271-7bed-4435-b477-86c6ed0ece08: receive RaftClientReply:client-821285EC2D67->9fa9a271-7bed-4435-b477-86c6ed0ece08@group-0E07FAD1B91E, cid=4095, SUCCESS, logIndex=6251, commits[9fa9a271-7bed-4435-b477-86c6ed0ece08:c6251, 06c1a879-4ae3-48dc-9686-b55cde066000:c6248, 67fae1a7-3cbe-4338-9d41-57e84498288b:c6248]
2019-07-10 10:27:53,425 INFO  client.GrpcClientProtocolClient (GrpcClientProtocolClient.java:onNext(255)) - client-821285EC2D67->9fa9a271-7bed-4435-b477-86c6ed0ece08: receive RaftClientReply:client-821285EC2D67->9fa9a271-7bed-4435-b477-86c6ed0ece08@group-0E07FAD1B91E, cid=4096, SUCCESS, logIndex=0, commits[9fa9a271-7bed-4435-b477-86c6ed0ece08:c6253, 06c1a879-4ae3-48dc-9686-b55cde066000:c6251, 67fae1a7-3cbe-4338-9d41-57e84498288b:c6251]
2019-07-10 10:27:53,465 INFO  client.GrpcClientProtocolClient (GrpcClientProtocolClient.java:onNext(255)) - client-821285EC2D67->9fa9a271-7bed-4435-b477-86c6ed0ece08: receive RaftClientReply:client-821285EC2D67->9fa9a271-7bed-4435-b477-86c6ed0ece08@group-0E07FAD1B91E, cid=4097, SUCCESS, logIndex=6254, commits[9fa9a271-7bed-4435-b477-86c6ed0ece08:c6255, 06c1a879-4ae3-48dc-9686-b55cde066000:c6253, 67fae1a7-3cbe-4338-9d41-57e84498288b:c6253]
2019-07-10 10:27:53,465 INFO  client.GrpcClientProtocolClient (GrpcClientProtocolClient.java:onNext(255)) - client-821285EC2D67->9fa9a271-7bed-4435-b477-86c6ed0ece08: receive RaftClientReply:client-821285EC2D67->9fa9a271-7bed-4435-b477-86c6ed0ece08@group-0E07FAD1B91E, cid=4098, SUCCESS, logIndex=6255, commits[9fa9a271-7bed-4435-b477-86c6ed0ece08:c6255, 06c1a879-4ae3-48dc-9686-b55cde066000:c6253, 67fae1a7-3cbe-4338-9d41-57e84498288b:c6253]
2019-07-10 10:27:53,473 INFO  client.GrpcClientProtocolClient (GrpcClientProtocolClient.java:onNext(255)) - client-821285EC2D67->9fa9a271-7bed-4435-b477-86c6ed0ece08: receive RaftClientReply:client-821285EC2D67->9fa9a271-7bed-4435-b477-86c6ed0ece08@group-0E07FAD1B91E, cid=4099, SUCCESS, logIndex=6256, commits[9fa9a271-7bed-4435-b477-86c6ed0ece08:c6257, 06c1a879-4ae3-48dc-9686-b55cde066000:c6253, 67fae1a7-3cbe-4338-9d41-57e84498288b:c6253]
2019-07-10 10:27:53,474 INFO  client.GrpcClientProtocolClient (GrpcClientProtocolClient.java:onNext(255)) - client-821285EC2D67->9fa9a271-7bed-4435-b477-86c6ed0ece08: receive RaftClientReply:client-821285EC2D67->9fa9a271-7bed-4435-b477-86c6ed0ece08@group-0E07FAD1B91E, cid=4100, SUCCESS, logIndex=6257, commits[9fa9a271-7bed-4435-b477-86c6ed0ece08:c6257, 06c1a879-4ae3-48dc-9686-b55cde066000:c6253, 67fae1a7-3cbe-4338-9d41-57e84498288b:c6253]
 0.00% |█                                                                                                    |  0/1 Time: 0:00:33 0.00% |█                                                                                                    |  0/1 Time: 0:00:34 0.00% |█                                                                                                    |  0/1 Time: 0:00:352019-07-10 10:27:56,465 WARN  server.GrpcLogAppender (GrpcLogAppender.java:timeoutAppendRequest(200)) - GrpcLogAppender(9fa9a271-7bed-4435-b477-86c6ed0ece08->67fae1a7-3cbe-4338-9d41-57e84498288b): appendEntries Timeout, request=9fa9a271-7bed-4435-b477-86c6ed0ece08->67fae1a7-3cbe-4338-9d41-57e84498288b#6300-t1, previous=(t:1, i:6257), leaderCommit=6254, initializing? false, entries: size=1, first=(t:1, i:6258), METADATAENTRY(c6254)
2019-07-10 10:27:56,465 WARN  server.GrpcLogAppender (GrpcLogAppender.java:timeoutAppendRequest(200)) - GrpcLogAppender(9fa9a271-7bed-4435-b477-86c6ed0ece08->06c1a879-4ae3-48dc-9686-b55cde066000): appendEntries Timeout, request=9fa9a271-7bed-4435-b477-86c6ed0ece08->06c1a879-4ae3-48dc-9686-b55cde066000#6299-t1, previous=(t:1, i:6257), leaderCommit=6254, initializing? false, entries: size=1, first=(t:1, i:6258), METADATAENTRY(c6254)
2019-07-10 10:27:56,468 WARN  server.GrpcLogAppender (GrpcLogAppender.java:timeoutAppendRequest(200)) - GrpcLogAppender(9fa9a271-7bed-4435-b477-86c6ed0ece08->67fae1a7-3cbe-4338-9d41-57e84498288b): appendEntries Timeout, request=9fa9a271-7bed-4435-b477-86c6ed0ece08->67fae1a7-3cbe-4338-9d41-57e84498288b#6301-t1, previous=(t:1, i:6258), leaderCommit=6255, initializing? false, entries: size=1, first=(t:1, i:6259), METADATAENTRY(c6255)
2019-07-10 10:27:56,469 WARN  server.GrpcLogAppender (GrpcLogAppender.java:timeoutAppendRequest(200)) - GrpcLogAppender(9fa9a271-7bed-4435-b477-86c6ed0ece08->06c1a879-4ae3-48dc-9686-b55cde066000): appendEntries Timeout, request=9fa9a271-7bed-4435-b477-86c6ed0ece08->06c1a879-4ae3-48dc-9686-b55cde066000#6300-t1, previous=(t:1, i:6258), leaderCommit=6255, initializing? false, entries: size=1, first=(t:1, i:6259), METADATAENTRY(c6255)
2019-07-10 10:27:56,472 WARN  server.GrpcLogAppender (GrpcLogAppender.java:timeoutAppendRequest(200)) - GrpcLogAppender(9fa9a271-7bed-4435-b477-86c6ed0ece08->67fae1a7-3cbe-4338-9d41-57e84498288b): appendEntries Timeout, request=9fa9a271-7bed-4435-b477-86c6ed0ece08->67fae1a7-3cbe-4338-9d41-57e84498288b#6302-t1, previous=(t:1, i:6259), leaderCommit=6257, initializing? false, entries: size=1, first=(t:1, i:6260), METADATAENTRY(c6257)
2019-07-10 10:27:56,472 WARN  server.GrpcLogAppender (GrpcLogAppender.java:timeoutAppendRequest(200)) - GrpcLogAppender(9fa9a271-7bed-4435-b477-86c6ed0ece08->06c1a879-4ae3-48dc-9686-b55cde066000): appendEntries Timeout, request=9fa9a271-7bed-4435-b477-86c6ed0ece08->06c1a879-4ae3-48dc-9686-b55cde066000#6301-t1, previous=(t:1, i:6259), leaderCommit=6257, initializing? false, entries: size=1, first=(t:1, i:6260), METADATAENTRY(c6257)
 0.00% |█                                                                                                    |  0/1 Time: 0:00:362019-07-10 10:27:56,631 WARN  server.GrpcLogAppender (GrpcLogAppender.java:onNextImpl(250)) - org.apache.ratis.grpc.server.GrpcLogAppender$AppendLogResponseHandler@10437424: Request not found, ignoring reply: 9fa9a271-7bed-4435-b477-86c6ed0ece08<-67fae1a7-3cbe-4338-9d41-57e84498288b#6300:OK,SUCCESS,nextIndex:6259,term:1,followerCommit:6257
2019-07-10 10:27:56,631 WARN  server.GrpcLogAppender (GrpcLogAppender.java:onNextImpl(250)) - org.apache.ratis.grpc.server.GrpcLogAppender$AppendLogResponseHandler@7bbd95c1: Request not found, ignoring reply: 9fa9a271-7bed-4435-b477-86c6ed0ece08<-06c1a879-4ae3-48dc-9686-b55cde066000#6299:OK,SUCCESS,nextIndex:6259,term:1,followerCommit:6255
2019-07-10 10:27:56,632 WARN  server.GrpcLogAppender (GrpcLogAppender.java:onNextImpl(250)) - org.apache.ratis.grpc.server.GrpcLogAppender$AppendLogResponseHandler@7bbd95c1: Request not found, ignoring reply: 9fa9a271-7bed-4435-b477-86c6ed0ece08<-06c1a879-4ae3-48dc-9686-b55cde066000#6300:OK,SUCCESS,nextIndex:6260,term:1,followerCommit:6255
2019-07-10 10:27:56,632 WARN  server.GrpcLogAppender (GrpcLogAppender.java:onNextImpl(250)) - org.apache.ratis.grpc.server.GrpcLogAppender$AppendLogResponseHandler@7bbd95c1: Request not found, ignoring reply: 9fa9a271-7bed-4435-b477-86c6ed0ece08<-06c1a879-4ae3-48dc-9686-b55cde066000#6301:OK,SUCCESS,nextIndex:6261,term:1,followerCommit:6257
2019-07-10 10:27:56,973 WARN  server.GrpcLogAppender (GrpcLogAppender.java:timeoutAppendRequest(200)) - GrpcLogAppender(9fa9a271-7bed-4435-b477-86c6ed0ece08->67fae1a7-3cbe-4338-9d41-57e84498288b): appendEntries Timeout, request=9fa9a271-7bed-4435-b477-86c6ed0ece08->67fae1a7-3cbe-4338-9d41-57e84498288b#6303-t1, previous=(t:1, i:6260), leaderCommit=6257, initializing? false, entries: <empty>
2019-07-10 10:27:57,473 WARN  server.GrpcLogAppender (GrpcLogAppender.java:timeoutAppendRequest(200)) - GrpcLogAppender(9fa9a271-7bed-4435-b477-86c6ed0ece08->67fae1a7-3cbe-4338-9d41-57e84498288b): appendEntries Timeout, request=9fa9a271-7bed-4435-b477-86c6ed0ece08->67fae1a7-3cbe-4338-9d41-57e84498288b#6304-t1, previous=(t:1, i:6260), leaderCommit=6257, initializing? false, entries: <empty>
 0.00% |█                                                                                                    |  0/1 Time: 0:00:372019-07-10 10:27:57,973 WARN  server.GrpcLogAppender (GrpcLogAppender.java:timeoutAppendRequest(200)) - GrpcLogAppender(9fa9a271-7bed-4435-b477-86c6ed0ece08->67fae1a7-3cbe-4338-9d41-57e84498288b): appendEntries Timeout, request=9fa9a271-7bed-4435-b477-86c6ed0ece08->67fae1a7-3cbe-4338-9d41-57e84498288b#6305-t1, previous=(t:1, i:6260), leaderCommit=6257, initializing? false, entries: <empty>
2019-07-10 10:27:58,474 WARN  server.GrpcLogAppender (GrpcLogAppender.java:timeoutAppendRequest(200)) - GrpcLogAppender(9fa9a271-7bed-4435-b477-86c6ed0ece08->67fae1a7-3cbe-4338-9d41-57e84498288b): appendEntries Timeout, request=9fa9a271-7bed-4435-b477-86c6ed0ece08->67fae1a7-3cbe-4338-9d41-57e84498288b#6306-t1, previous=(t:1, i:6260), leaderCommit=6257, initializing? false, entries: <empty>
2019-07-10 10:27:58,476 WARN  scm.XceiverClientRatis (XceiverClientRatis.java:watchForCommit(262)) - 3 way commit failed 
java.util.concurrent.TimeoutException
	at java.util.concurrent.CompletableFuture.timedGet(CompletableFuture.java:1771)
	at java.util.concurrent.CompletableFuture.get(CompletableFuture.java:1915)
	at org.apache.hadoop.hdds.scm.XceiverClientRatis.watchForCommit(XceiverClientRatis.java:259)
	at org.apache.hadoop.hdds.scm.storage.CommitWatcher.watchForCommit(CommitWatcher.java:194)
	at org.apache.hadoop.hdds.scm.storage.CommitWatcher.watchOnFirstIndex(CommitWatcher.java:135)
	at org.apache.hadoop.hdds.scm.storage.BlockOutputStream.watchForCommit(BlockOutputStream.java:355)
	at org.apache.hadoop.hdds.scm.storage.BlockOutputStream.handleFullBuffer(BlockOutputStream.java:332)
	at org.apache.hadoop.hdds.scm.storage.BlockOutputStream.write(BlockOutputStream.java:259)
	at org.apache.hadoop.ozone.client.io.BlockOutputStreamEntry.write(BlockOutputStreamEntry.java:129)
	at org.apache.hadoop.ozone.client.io.KeyOutputStream.handleWrite(KeyOutputStream.java:211)
	at org.apache.hadoop.ozone.client.io.KeyOutputStream.write(KeyOutputStream.java:193)
	at org.apache.hadoop.ozone.client.io.OzoneOutputStream.write(OzoneOutputStream.java:49)
	at org.apache.hadoop.ozone.freon.RandomKeyGenerator$KeyProcessor.run(RandomKeyGenerator.java:693)
	at java.util.concurrent.Executors$RunnableAdapter.call(Executors.java:511)
	at java.util.concurrent.FutureTask.run(FutureTask.java:266)
	at java.util.concurrent.ThreadPoolExecutor.runWorker(ThreadPoolExecutor.java:1149)
	at java.util.concurrent.ThreadPoolExecutor$Worker.run(ThreadPoolExecutor.java:624)
	at java.lang.Thread.run(Thread.java:748)
2019-07-10 10:27:58,481 INFO  client.GrpcClientProtocolClient (GrpcClientProtocolClient.java:onNext(255)) - client-821285EC2D67->9fa9a271-7bed-4435-b477-86c6ed0ece08: receive RaftClientReply:client-821285EC2D67->9fa9a271-7bed-4435-b477-86c6ed0ece08@group-0E07FAD1B91E, cid=4102, SUCCESS, logIndex=0, commits[9fa9a271-7bed-4435-b477-86c6ed0ece08:c6257, 06c1a879-4ae3-48dc-9686-b55cde066000:c6257, 67fae1a7-3cbe-4338-9d41-57e84498288b:c6253]
2019-07-10 10:27:58,484 INFO  scm.XceiverClientRatis (XceiverClientRatis.java:lambda$watchForCommit$7(280)) - Could not commit 6255 to all the nodes. Server 67fae1a7-3cbe-4338-9d41-57e84498288b has failed. Committed by majority.
 0.00% |█                                                                                                    |  0/1 Time: 0:00:382019-07-10 10:27:58,564 WARN  server.GrpcLogAppender (GrpcLogAppender.java:onNextImpl(250)) - org.apache.ratis.grpc.server.GrpcLogAppender$AppendLogResponseHandler@10437424: Request not found, ignoring reply: 9fa9a271-7bed-4435-b477-86c6ed0ece08<-67fae1a7-3cbe-4338-9d41-57e84498288b#6301:OK,SUCCESS,nextIndex:6260,term:1,followerCommit:6257
2019-07-10 10:27:58,564 WARN  server.GrpcLogAppender (GrpcLogAppender.java:onNextImpl(250)) - org.apache.ratis.grpc.server.GrpcLogAppender$AppendLogResponseHandler@10437424: Request not found, ignoring reply: 9fa9a271-7bed-4435-b477-86c6ed0ece08<-67fae1a7-3cbe-4338-9d41-57e84498288b#6302:OK,SUCCESS,nextIndex:6261,term:1,followerCommit:6257
2019-07-10 10:27:58,565 WARN  server.GrpcLogAppender (GrpcLogAppender.java:onNextImpl(250)) - org.apache.ratis.grpc.server.GrpcLogAppender$AppendLogResponseHandler@10437424: Request not found, ignoring reply: 9fa9a271-7bed-4435-b477-86c6ed0ece08<-67fae1a7-3cbe-4338-9d41-57e84498288b#6303:OK,SUCCESS,nextIndex:6261,term:1,followerCommit:6257
2019-07-10 10:27:58,565 WARN  server.GrpcLogAppender (GrpcLogAppender.java:onNextImpl(250)) - org.apache.ratis.grpc.server.GrpcLogAppender$AppendLogResponseHandler@10437424: Request not found, ignoring reply: 9fa9a271-7bed-4435-b477-86c6ed0ece08<-67fae1a7-3cbe-4338-9d41-57e84498288b#6304:OK,SUCCESS,nextIndex:6261,term:1,followerCommit:6257
2019-07-10 10:27:58,565 WARN  server.GrpcLogAppender (GrpcLogAppender.java:onNextImpl(250)) - org.apache.ratis.grpc.server.GrpcLogAppender$AppendLogResponseHandler@10437424: Request not found, ignoring reply: 9fa9a271-7bed-4435-b477-86c6ed0ece08<-67fae1a7-3cbe-4338-9d41-57e84498288b#6305:OK,SUCCESS,nextIndex:6261,term:1,followerCommit:6257
2019-07-10 10:27:58,565 WARN  server.GrpcLogAppender (GrpcLogAppender.java:onNextImpl(250)) - org.apache.ratis.grpc.server.GrpcLogAppender$AppendLogResponseHandler@10437424: Request not found, ignoring reply: 9fa9a271-7bed-4435-b477-86c6ed0ece08<-67fae1a7-3cbe-4338-9d41-57e84498288b#6306:OK,SUCCESS,nextIndex:6261,term:1,followerCommit:6257
2019-07-10 10:27:58,566 INFO  client.GrpcClientProtocolClient (GrpcClientProtocolClient.java:onNext(255)) - client-821285EC2D67->9fa9a271-7bed-4435-b477-86c6ed0ece08: receive RaftClientReply:client-821285EC2D67->9fa9a271-7bed-4435-b477-86c6ed0ece08@group-0E07FAD1B91E, cid=4101, SUCCESS, logIndex=0, commits[9fa9a271-7bed-4435-b477-86c6ed0ece08:c6259, 06c1a879-4ae3-48dc-9686-b55cde066000:c6257, 67fae1a7-3cbe-4338-9d41-57e84498288b:c6257]
2019-07-10 10:27:58,567 INFO  client.GrpcClientProtocolClient (GrpcClientProtocolClient.java:onNext(255)) - client-821285EC2D67->9fa9a271-7bed-4435-b477-86c6ed0ece08: receive RaftClientReply:client-821285EC2D67->9fa9a271-7bed-4435-b477-86c6ed0ece08@group-0E07FAD1B91E, cid=4101, SUCCESS, logIndex=0, commits[9fa9a271-7bed-4435-b477-86c6ed0ece08:c6259, 06c1a879-4ae3-48dc-9686-b55cde066000:c6257, 67fae1a7-3cbe-4338-9d41-57e84498288b:c6257]
 0.00% |█                                                                                                    |  0/1 Time: 0:00:39 0.00% |█                                                                                                    |  0/1 Time: 0:00:402019-07-10 10:28:01,259 INFO  client.GrpcClientProtocolClient (GrpcClientProtocolClient.java:onNext(255)) - client-821285EC2D67->9fa9a271-7bed-4435-b477-86c6ed0ece08: receive RaftClientReply:client-821285EC2D67->9fa9a271-7bed-4435-b477-86c6ed0ece08@group-0E07FAD1B91E, cid=4103, SUCCESS, logIndex=6261, commits[9fa9a271-7bed-4435-b477-86c6ed0ece08:c6262, 06c1a879-4ae3-48dc-9686-b55cde066000:c6259, 67fae1a7-3cbe-4338-9d41-57e84498288b:c6257]
2019-07-10 10:28:01,260 INFO  client.GrpcClientProtocolClient (GrpcClientProtocolClient.java:onNext(255)) - client-821285EC2D67->9fa9a271-7bed-4435-b477-86c6ed0ece08: receive RaftClientReply:client-821285EC2D67->9fa9a271-7bed-4435-b477-86c6ed0ece08@group-0E07FAD1B91E, cid=4104, SUCCESS, logIndex=6262, commits[9fa9a271-7bed-4435-b477-86c6ed0ece08:c6262, 06c1a879-4ae3-48dc-9686-b55cde066000:c6259, 67fae1a7-3cbe-4338-9d41-57e84498288b:c6259]
2019-07-10 10:28:01,284 INFO  client.GrpcClientProtocolClient (GrpcClientProtocolClient.java:onNext(255)) - client-821285EC2D67->9fa9a271-7bed-4435-b477-86c6ed0ece08: receive RaftClientReply:client-821285EC2D67->9fa9a271-7bed-4435-b477-86c6ed0ece08@group-0E07FAD1B91E, cid=4105, SUCCESS, logIndex=6265, commits[9fa9a271-7bed-4435-b477-86c6ed0ece08:c6266, 06c1a879-4ae3-48dc-9686-b55cde066000:c6262, 67fae1a7-3cbe-4338-9d41-57e84498288b:c6262]
2019-07-10 10:28:01,284 INFO  client.GrpcClientProtocolClient (GrpcClientProtocolClient.java:onNext(255)) - client-821285EC2D67->9fa9a271-7bed-4435-b477-86c6ed0ece08: receive RaftClientReply:client-821285EC2D67->9fa9a271-7bed-4435-b477-86c6ed0ece08@group-0E07FAD1B91E, cid=4106, SUCCESS, logIndex=6266, commits[9fa9a271-7bed-4435-b477-86c6ed0ece08:c6266, 06c1a879-4ae3-48dc-9686-b55cde066000:c6262, 67fae1a7-3cbe-4338-9d41-57e84498288b:c6262]
2019-07-10 10:28:01,295 INFO  client.GrpcClientProtocolClient (GrpcClientProtocolClient.java:onNext(255)) - client-821285EC2D67->9fa9a271-7bed-4435-b477-86c6ed0ece08: receive RaftClientReply:client-821285EC2D67->9fa9a271-7bed-4435-b477-86c6ed0ece08@group-0E07FAD1B91E, cid=4107, SUCCESS, logIndex=0, commits[9fa9a271-7bed-4435-b477-86c6ed0ece08:c6268, 06c1a879-4ae3-48dc-9686-b55cde066000:c6266, 67fae1a7-3cbe-4338-9d41-57e84498288b:c6266]
2019-07-10 10:28:01,310 WARN  block.BlockManagerImpl (BlockManagerImpl.java:allocateBlock(192)) - Pipeline creation failed for type:RATIS factor:THREE. Retrying get pipelines call once.
org.apache.hadoop.hdds.scm.pipeline.InsufficientDatanodesException: Cannot create pipeline of factor 3 using 2 nodes.
	at org.apache.hadoop.hdds.scm.pipeline.RatisPipelineProvider.create(RatisPipelineProvider.java:151)
	at org.apache.hadoop.hdds.scm.pipeline.PipelineFactory.create(PipelineFactory.java:57)
	at org.apache.hadoop.hdds.scm.pipeline.SCMPipelineManager.createPipeline(SCMPipelineManager.java:149)
	at org.apache.hadoop.hdds.scm.block.BlockManagerImpl.allocateBlock(BlockManagerImpl.java:190)
	at org.apache.hadoop.hdds.scm.server.SCMBlockProtocolServer.allocateBlock(SCMBlockProtocolServer.java:172)
	at org.apache.hadoop.ozone.protocolPB.ScmBlockLocationProtocolServerSideTranslatorPB.allocateScmBlock(ScmBlockLocationProtocolServerSideTranslatorPB.java:144)
	at org.apache.hadoop.ozone.protocolPB.ScmBlockLocationProtocolServerSideTranslatorPB.send(ScmBlockLocationProtocolServerSideTranslatorPB.java:107)
	at org.apache.hadoop.hdds.protocol.proto.ScmBlockLocationProtocolProtos$ScmBlockLocationProtocolService$2.callBlockingMethod(ScmBlockLocationProtocolProtos.java:11281)
	at org.apache.hadoop.ipc.ProtobufRpcEngine$Server$ProtoBufRpcInvoker.call(ProtobufRpcEngine.java:524)
	at org.apache.hadoop.ipc.RPC$Server.call(RPC.java:1025)
	at org.apache.hadoop.ipc.Server$RpcCall.run(Server.java:876)
	at org.apache.hadoop.ipc.Server$RpcCall.run(Server.java:822)
	at java.security.AccessController.doPrivileged(Native Method)
	at javax.security.auth.Subject.doAs(Subject.java:422)
	at org.apache.hadoop.security.UserGroupInformation.doAs(UserGroupInformation.java:1730)
	at org.apache.hadoop.ipc.Server$Handler.run(Server.java:2682)
2019-07-10 10:28:01,311 INFO  block.BlockManagerImpl (BlockManagerImpl.java:allocateBlock(198)) - Could not find available pipeline of type:RATIS and factor:THREE even after retrying
2019-07-10 10:28:01,311 ERROR block.BlockManagerImpl (BlockManagerImpl.java:allocateBlock(222)) - Unable to allocate a block for the size: 4194304, type: RATIS, factor: THREE
10:28:01.317 [IPC Server handler 13 on 43887] ERROR OMAudit - user=jenkins1000 | ip=127.0.0.1 | op=ALLOCATE_BLOCK {volume=vol-0-07780, bucket=bucket-0-99701, key=key-0-01196, dataSize=0, replicationType=null, replicationFactor=null, keyLocationInfo=null, clientID=102416674971976082} | ret=FAILURE
org.apache.hadoop.hdds.scm.exceptions.SCMException: Allocated 0 blocks. Requested 1 blocks
	at org.apache.hadoop.hdds.scm.protocolPB.ScmBlockLocationProtocolClientSideTranslatorPB.handleError(ScmBlockLocationProtocolClientSideTranslatorPB.java:113) ~[classes/:?]
	at org.apache.hadoop.hdds.scm.protocolPB.ScmBlockLocationProtocolClientSideTranslatorPB.allocateBlock(ScmBlockLocationProtocolClientSideTranslatorPB.java:151) ~[classes/:?]
	at sun.reflect.GeneratedMethodAccessor56.invoke(Unknown Source) ~[?:?]
	at sun.reflect.DelegatingMethodAccessorImpl.invoke(DelegatingMethodAccessorImpl.java:43) ~[?:1.8.0_212]
	at java.lang.reflect.Method.invoke(Method.java:498) ~[?:1.8.0_212]
	at org.apache.hadoop.hdds.tracing.TraceAllMethod.invoke(TraceAllMethod.java:66) ~[classes/:?]
	at com.sun.proxy.$Proxy27.allocateBlock(Unknown Source) ~[?:?]
	at org.apache.hadoop.ozone.om.KeyManagerImpl.allocateBlock(KeyManagerImpl.java:348) ~[classes/:?]
	at org.apache.hadoop.ozone.om.KeyManagerImpl.allocateBlock(KeyManagerImpl.java:316) ~[classes/:?]
	at org.apache.hadoop.ozone.om.OzoneManager.allocateBlock(OzoneManager.java:2291) [classes/:?]
	at org.apache.hadoop.ozone.protocolPB.OzoneManagerRequestHandler.allocateBlock(OzoneManagerRequestHandler.java:756) [classes/:?]
	at org.apache.hadoop.ozone.protocolPB.OzoneManagerRequestHandler.handle(OzoneManagerRequestHandler.java:249) [classes/:?]
	at org.apache.hadoop.ozone.protocolPB.OzoneManagerProtocolServerSideTranslatorPB.submitRequestDirectlyToOM(OzoneManagerProtocolServerSideTranslatorPB.java:192) [classes/:?]
	at org.apache.hadoop.ozone.protocolPB.OzoneManagerProtocolServerSideTranslatorPB.submitRequest(OzoneManagerProtocolServerSideTranslatorPB.java:110) [classes/:?]
	at org.apache.hadoop.ozone.protocol.proto.OzoneManagerProtocolProtos$OzoneManagerService$2.callBlockingMethod(OzoneManagerProtocolProtos.java) [classes/:?]
	at org.apache.hadoop.ipc.ProtobufRpcEngine$Server$ProtoBufRpcInvoker.call(ProtobufRpcEngine.java:524) [hadoop-common-3.2.0.jar:?]
	at org.apache.hadoop.ipc.RPC$Server.call(RPC.java:1025) [hadoop-common-3.2.0.jar:?]
	at org.apache.hadoop.ipc.Server$RpcCall.run(Server.java:876) [hadoop-common-3.2.0.jar:?]
	at org.apache.hadoop.ipc.Server$RpcCall.run(Server.java:822) [hadoop-common-3.2.0.jar:?]
	at java.security.AccessController.doPrivileged(Native Method) [?:1.8.0_212]
	at javax.security.auth.Subject.doAs(Subject.java:422) [?:1.8.0_212]
	at org.apache.hadoop.security.UserGroupInformation.doAs(UserGroupInformation.java:1730) [hadoop-common-3.2.0.jar:?]
	at org.apache.hadoop.ipc.Server$Handler.run(Server.java:2682) [hadoop-common-3.2.0.jar:?]
2019-07-10 10:28:01,341 ERROR io.BlockOutputStreamEntryPool (BlockOutputStreamEntryPool.java:allocateBlockIfNeeded(299)) - Try to allocate more blocks for write failed, already allocated 0 blocks for this write.
INTERNAL_ERROR org.apache.hadoop.ozone.om.exceptions.OMException: Allocated 0 blocks. Requested 1 blocks
	at org.apache.hadoop.ozone.om.protocolPB.OzoneManagerProtocolClientSideTranslatorPB.handleError(OzoneManagerProtocolClientSideTranslatorPB.java:720)
	at org.apache.hadoop.ozone.om.protocolPB.OzoneManagerProtocolClientSideTranslatorPB.allocateBlock(OzoneManagerProtocolClientSideTranslatorPB.java:752)
	at org.apache.hadoop.ozone.client.io.BlockOutputStreamEntryPool.allocateNewBlock(BlockOutputStreamEntryPool.java:248)
	at org.apache.hadoop.ozone.client.io.BlockOutputStreamEntryPool.allocateBlockIfNeeded(BlockOutputStreamEntryPool.java:296)
	at org.apache.hadoop.ozone.client.io.KeyOutputStream.handleWrite(KeyOutputStream.java:201)
	at org.apache.hadoop.ozone.client.io.KeyOutputStream.write(KeyOutputStream.java:193)
	at org.apache.hadoop.ozone.client.io.OzoneOutputStream.write(OzoneOutputStream.java:49)
	at org.apache.hadoop.ozone.freon.RandomKeyGenerator$KeyProcessor.run(RandomKeyGenerator.java:693)
	at java.util.concurrent.Executors$RunnableAdapter.call(Executors.java:511)
	at java.util.concurrent.FutureTask.run(FutureTask.java:266)
	at java.util.concurrent.ThreadPoolExecutor.runWorker(ThreadPoolExecutor.java:1149)
	at java.util.concurrent.ThreadPoolExecutor$Worker.run(ThreadPoolExecutor.java:624)
	at java.lang.Thread.run(Thread.java:748)
2019-07-10 10:28:01,342 ERROR freon.RandomKeyGenerator (RandomKeyGenerator.java:run(718)) - Exception while adding key: key-0-01196 in bucket: bucket-0-99701 of volume: vol-0-07780.
INTERNAL_ERROR org.apache.hadoop.ozone.om.exceptions.OMException: Allocated 0 blocks. Requested 1 blocks
	at org.apache.hadoop.ozone.om.protocolPB.OzoneManagerProtocolClientSideTranslatorPB.handleError(OzoneManagerProtocolClientSideTranslatorPB.java:720)
	at org.apache.hadoop.ozone.om.protocolPB.OzoneManagerProtocolClientSideTranslatorPB.allocateBlock(OzoneManagerProtocolClientSideTranslatorPB.java:752)
	at org.apache.hadoop.ozone.client.io.BlockOutputStreamEntryPool.allocateNewBlock(BlockOutputStreamEntryPool.java:248)
	at org.apache.hadoop.ozone.client.io.BlockOutputStreamEntryPool.allocateBlockIfNeeded(BlockOutputStreamEntryPool.java:296)
	at org.apache.hadoop.ozone.client.io.KeyOutputStream.handleWrite(KeyOutputStream.java:201)
	at org.apache.hadoop.ozone.client.io.KeyOutputStream.write(KeyOutputStream.java:193)
	at org.apache.hadoop.ozone.client.io.OzoneOutputStream.write(OzoneOutputStream.java:49)
	at org.apache.hadoop.ozone.freon.RandomKeyGenerator$KeyProcessor.run(RandomKeyGenerator.java:693)
	at java.util.concurrent.Executors$RunnableAdapter.call(Executors.java:511)
	at java.util.concurrent.FutureTask.run(FutureTask.java:266)
	at java.util.concurrent.ThreadPoolExecutor.runWorker(ThreadPoolExecutor.java:1149)
	at java.util.concurrent.ThreadPoolExecutor$Worker.run(ThreadPoolExecutor.java:624)
	at java.lang.Thread.run(Thread.java:748)
 0.00% |█                                                                                                    |  0/1 Time: 0:00:41 0.00% |█                                                                                                    |  0/1 Time: 0:00:42 0.00% |█                                                                                                    |  0/1 Time: 0:00:43 0.00% |█                                                                                                    |  0/1 Time: 0:00:44 100.00% |█████████████████████████████████████████████████████████████████████████████████████████████████████|  1/1 Time: 0:00:45
]]></system-out>
  </testcase>
  <testcase name="multiThread" classname="org.apache.hadoop.ozone.freon.TestRandomKeyGenerator" time="10.033"/>
</testsuite>