<?xml version="1.0" encoding="UTF-8"?>
<testsuite xmlns:xsi="http://www.w3.org/2001/XMLSchema-instance" xsi:noNamespaceSchemaLocation="https://maven.apache.org/surefire/maven-surefire-plugin/xsd/surefire-test-report.xsd" name="org.apache.hadoop.ozone.client.rpc.TestBlockOutputStreamWithFailures" time="671.195" tests="8" errors="0" skipped="0" failures="1">
  <properties>
    <property name="awt.toolkit" value="sun.awt.X11.XToolkit"/>
    <property name="file.encoding.pkg" value="sun.io"/>
    <property name="java.specification.version" value="1.8"/>
    <property name="sun.cpu.isalist" value=""/>
    <property name="sun.jnu.encoding" value="UTF-8"/>
    <property name="java.class.path" value="/workdir/hadoop-ozone/integration-test/target/test-classes:/workdir/hadoop-ozone/integration-test/target/classes:/home/user/.m2/repository/org/apache/hadoop/hadoop-ozone-common/0.5.0-SNAPSHOT/hadoop-ozone-common-0.5.0-SNAPSHOT.jar:/home/user/.m2/repository/org/apache/commons/commons-compress/1.4.1/commons-compress-1.4.1.jar:/home/user/.m2/repository/org/tukaani/xz/1.0/xz-1.0.jar:/home/user/.m2/repository/org/apache/hadoop/hadoop-common/3.2.0/hadoop-common-3.2.0.jar:/home/user/.m2/repository/org/apache/hadoop/hadoop-hdfs/3.2.0/hadoop-hdfs-3.2.0.jar:/home/user/.m2/repository/org/apache/hadoop/hadoop-hdfs-client/3.2.0/hadoop-hdfs-client-3.2.0.jar:/home/user/.m2/repository/com/fasterxml/jackson/core/jackson-annotations/2.9.5/jackson-annotations-2.9.5.jar:/home/user/.m2/repository/org/apache/hadoop/hadoop-hdds-common/0.5.0-SNAPSHOT/hadoop-hdds-common-0.5.0-SNAPSHOT.jar:/home/user/.m2/repository/javax/annotation/javax.annotation-api/1.2/javax.annotation-api-1.2.jar:/home/user/.m2/repository/org/apache/ratis/ratis-server/0.4.0-2337318-SNAPSHOT/ratis-server-0.4.0-2337318-SNAPSHOT.jar:/home/user/.m2/repository/org/apache/ratis/ratis-thirdparty-misc/0.2.0/ratis-thirdparty-misc-0.2.0.jar:/home/user/.m2/repository/org/apache/ratis/ratis-proto/0.4.0-2337318-SNAPSHOT/ratis-proto-0.4.0-2337318-SNAPSHOT.jar:/home/user/.m2/repository/org/apache/ratis/ratis-common/0.4.0-2337318-SNAPSHOT/ratis-common-0.4.0-2337318-SNAPSHOT.jar:/home/user/.m2/repository/org/apache/ratis/ratis-client/0.4.0-2337318-SNAPSHOT/ratis-client-0.4.0-2337318-SNAPSHOT.jar:/home/user/.m2/repository/org/apache/ratis/ratis-metrics/0.4.0-2337318-SNAPSHOT/ratis-metrics-0.4.0-2337318-SNAPSHOT.jar:/home/user/.m2/repository/org/apache/ratis/ratis-netty/0.4.0-2337318-SNAPSHOT/ratis-netty-0.4.0-2337318-SNAPSHOT.jar:/home/user/.m2/repository/org/apache/ratis/ratis-grpc/0.4.0-2337318-SNAPSHOT/ratis-grpc-0.4.0-2337318-SNAPSHOT.jar:/home/user/.m2/repository/org/rocksdb/rocksdbjni/6.0.1/rocksdbjni-6.0.1.jar:/home/user/.m2/repository/org/apache/logging/log4j/log4j-api/2.11.0/log4j-api-2.11.0.jar:/home/user/.m2/repository/org/apache/logging/log4j/log4j-core/2.11.0/log4j-core-2.11.0.jar:/home/user/.m2/repository/com/lmax/disruptor/3.4.2/disruptor-3.4.2.jar:/home/user/.m2/repository/org/apache/commons/commons-pool2/2.6.0/commons-pool2-2.6.0.jar:/home/user/.m2/repository/org/bouncycastle/bcpkix-jdk15on/1.60/bcpkix-jdk15on-1.60.jar:/home/user/.m2/repository/commons-validator/commons-validator/1.6/commons-validator-1.6.jar:/home/user/.m2/repository/commons-digester/commons-digester/1.8.1/commons-digester-1.8.1.jar:/home/user/.m2/repository/io/jaegertracing/jaeger-client/0.33.1/jaeger-client-0.33.1.jar:/home/user/.m2/repository/io/jaegertracing/jaeger-thrift/0.33.1/jaeger-thrift-0.33.1.jar:/home/user/.m2/repository/org/apache/thrift/libthrift/0.11.0/libthrift-0.11.0.jar:/home/user/.m2/repository/com/squareup/okhttp3/okhttp/3.9.0/okhttp-3.9.0.jar:/home/user/.m2/repository/com/squareup/okio/okio/1.13.0/okio-1.13.0.jar:/home/user/.m2/repository/io/jaegertracing/jaeger-core/0.33.1/jaeger-core-0.33.1.jar:/home/user/.m2/repository/io/jaegertracing/jaeger-tracerresolver/0.33.1/jaeger-tracerresolver-0.33.1.jar:/home/user/.m2/repository/io/opentracing/contrib/opentracing-tracerresolver/0.1.5/opentracing-tracerresolver-0.1.5.jar:/home/user/.m2/repository/io/opentracing/opentracing-util/0.31.0/opentracing-util-0.31.0.jar:/home/user/.m2/repository/io/opentracing/opentracing-api/0.31.0/opentracing-api-0.31.0.jar:/home/user/.m2/repository/io/opentracing/opentracing-noop/0.31.0/opentracing-noop-0.31.0.jar:/home/user/.m2/repository/org/apache/hadoop/hadoop-hdds-server-framework/0.5.0-SNAPSHOT/hadoop-hdds-server-framework-0.5.0-SNAPSHOT.jar:/home/user/.m2/repository/org/apache/hadoop/hadoop-hdds-container-service/0.5.0-SNAPSHOT/hadoop-hdds-container-service-0.5.0-SNAPSHOT.jar:/home/user/.m2/repository/org/apache/hadoop/hadoop-hdds-client/0.5.0-SNAPSHOT/hadoop-hdds-client-0.5.0-SNAPSHOT.jar:/home/user/.m2/repository/org/apache/hadoop/hadoop-hdds-tools/0.5.0-SNAPSHOT/hadoop-hdds-tools-0.5.0-SNAPSHOT.jar:/home/user/.m2/repository/org/apache/hadoop/hadoop-hdds-server-scm/0.5.0-SNAPSHOT/hadoop-hdds-server-scm-0.5.0-SNAPSHOT.jar:/home/user/.m2/repository/org/apache/hadoop/hadoop-hdds-docs/0.5.0-SNAPSHOT/hadoop-hdds-docs-0.5.0-SNAPSHOT.jar:/home/user/.m2/repository/io/dropwizard/metrics/metrics-core/3.2.4/metrics-core-3.2.4.jar:/home/user/.m2/repository/org/hamcrest/hamcrest-all/1.3/hamcrest-all-1.3.jar:/home/user/.m2/repository/org/bouncycastle/bcprov-jdk15on/1.60/bcprov-jdk15on-1.60.jar:/home/user/.m2/repository/info/picocli/picocli/3.9.6/picocli-3.9.6.jar:/home/user/.m2/repository/com/google/protobuf/protobuf-java/2.5.0/protobuf-java-2.5.0.jar:/home/user/.m2/repository/com/google/guava/guava/11.0.2/guava-11.0.2.jar:/home/user/.m2/repository/org/apache/hadoop/hadoop-ozone-ozone-manager/0.5.0-SNAPSHOT/hadoop-ozone-ozone-manager-0.5.0-SNAPSHOT.jar:/home/user/.m2/repository/org/apache/hadoop/hadoop-minikdc/3.2.0/hadoop-minikdc-3.2.0.jar:/home/user/.m2/repository/commons-io/commons-io/2.5/commons-io-2.5.jar:/home/user/.m2/repository/org/apache/kerby/kerb-simplekdc/1.0.1/kerb-simplekdc-1.0.1.jar:/home/user/.m2/repository/org/apache/kerby/kerb-client/1.0.1/kerb-client-1.0.1.jar:/home/user/.m2/repository/org/apache/kerby/kerby-config/1.0.1/kerby-config-1.0.1.jar:/home/user/.m2/repository/org/apache/kerby/kerb-core/1.0.1/kerb-core-1.0.1.jar:/home/user/.m2/repository/org/apache/kerby/kerby-pkix/1.0.1/kerby-pkix-1.0.1.jar:/home/user/.m2/repository/org/apache/kerby/kerby-asn1/1.0.1/kerby-asn1-1.0.1.jar:/home/user/.m2/repository/org/apache/kerby/kerby-util/1.0.1/kerby-util-1.0.1.jar:/home/user/.m2/repository/org/apache/kerby/kerb-common/1.0.1/kerb-common-1.0.1.jar:/home/user/.m2/repository/org/apache/kerby/kerb-crypto/1.0.1/kerb-crypto-1.0.1.jar:/home/user/.m2/repository/org/apache/kerby/kerb-util/1.0.1/kerb-util-1.0.1.jar:/home/user/.m2/repository/org/apache/kerby/token-provider/1.0.1/token-provider-1.0.1.jar:/home/user/.m2/repository/org/apache/kerby/kerb-admin/1.0.1/kerb-admin-1.0.1.jar:/home/user/.m2/repository/org/apache/kerby/kerb-server/1.0.1/kerb-server-1.0.1.jar:/home/user/.m2/repository/org/apache/kerby/kerb-identity/1.0.1/kerb-identity-1.0.1.jar:/home/user/.m2/repository/org/apache/kerby/kerby-xdr/1.0.1/kerby-xdr-1.0.1.jar:/home/user/.m2/repository/org/slf4j/slf4j-log4j12/1.7.25/slf4j-log4j12-1.7.25.jar:/home/user/.m2/repository/org/apache/hadoop/hadoop-ozone-s3gateway/0.5.0-SNAPSHOT/hadoop-ozone-s3gateway-0.5.0-SNAPSHOT.jar:/home/user/.m2/repository/org/jboss/weld/servlet/weld-servlet/2.4.7.Final/weld-servlet-2.4.7.Final.jar:/home/user/.m2/repository/org/glassfish/jersey/containers/jersey-container-servlet-core/2.27/jersey-container-servlet-core-2.27.jar:/home/user/.m2/repository/org/glassfish/hk2/external/javax.inject/2.5.0-b42/javax.inject-2.5.0-b42.jar:/home/user/.m2/repository/org/glassfish/jersey/core/jersey-common/2.27/jersey-common-2.27.jar:/home/user/.m2/repository/org/glassfish/hk2/osgi-resource-locator/1.0.1/osgi-resource-locator-1.0.1.jar:/home/user/.m2/repository/javax/ws/rs/javax.ws.rs-api/2.1/javax.ws.rs-api-2.1.jar:/home/user/.m2/repository/org/glassfish/jersey/ext/cdi/jersey-cdi1x/2.27/jersey-cdi1x-2.27.jar:/home/user/.m2/repository/org/glassfish/jersey/inject/jersey-hk2/2.27/jersey-hk2-2.27.jar:/home/user/.m2/repository/org/glassfish/hk2/hk2-locator/2.5.0-b42/hk2-locator-2.5.0-b42.jar:/home/user/.m2/repository/org/javassist/javassist/3.22.0-CR2/javassist-3.22.0-CR2.jar:/home/user/.m2/repository/org/glassfish/hk2/hk2-api/2.5.0/hk2-api-2.5.0.jar:/home/user/.m2/repository/org/glassfish/hk2/external/jakarta.inject/2.5.0/jakarta.inject-2.5.0.jar:/home/user/.m2/repository/org/glassfish/hk2/hk2-utils/2.5.0/hk2-utils-2.5.0.jar:/home/user/.m2/repository/jakarta/annotation/jakarta.annotation-api/1.3.4/jakarta.annotation-api-1.3.4.jar:/home/user/.m2/repository/org/glassfish/hk2/external/aopalliance-repackaged/2.5.0/aopalliance-repackaged-2.5.0.jar:/home/user/.m2/repository/com/fasterxml/jackson/dataformat/jackson-dataformat-xml/2.9.0/jackson-dataformat-xml-2.9.0.jar:/home/user/.m2/repository/com/fasterxml/jackson/core/jackson-core/2.9.5/jackson-core-2.9.5.jar:/home/user/.m2/repository/com/fasterxml/jackson/module/jackson-module-jaxb-annotations/2.9.5/jackson-module-jaxb-annotations-2.9.5.jar:/home/user/.m2/repository/javax/enterprise/cdi-api/1.2/cdi-api-1.2.jar:/home/user/.m2/repository/javax/el/javax.el-api/3.0.0/javax.el-api-3.0.0.jar:/home/user/.m2/repository/javax/interceptor/javax.interceptor-api/1.2/javax.interceptor-api-1.2.jar:/home/user/.m2/repository/javax/inject/javax.inject/1/javax.inject-1.jar:/home/user/.m2/repository/com/sun/xml/bind/jaxb-impl/2.3.0.1/jaxb-impl-2.3.0.1.jar:/home/user/.m2/repository/com/sun/xml/bind/jaxb-core/2.3.0.1/jaxb-core-2.3.0.1.jar:/home/user/.m2/repository/javax/xml/bind/jaxb-api/2.3.0/jaxb-api-2.3.0.jar:/home/user/.m2/repository/javax/activation/activation/1.1.1/activation-1.1.1.jar:/home/user/.m2/repository/org/apache/hadoop/hadoop-ozone-csi/0.5.0-SNAPSHOT/hadoop-ozone-csi-0.5.0-SNAPSHOT.jar:/home/user/.m2/repository/com/google/protobuf/protobuf-java-util/3.5.1/protobuf-java-util-3.5.1.jar:/home/user/.m2/repository/org/apache/hadoop/hadoop-hdds-config/0.5.0-SNAPSHOT/hadoop-hdds-config-0.5.0-SNAPSHOT.jar:/home/user/.m2/repository/io/grpc/grpc-netty/1.17.1/grpc-netty-1.17.1.jar:/home/user/.m2/repository/io/grpc/grpc-core/1.17.1/grpc-core-1.17.1.jar:/home/user/.m2/repository/io/grpc/grpc-context/1.17.1/grpc-context-1.17.1.jar:/home/user/.m2/repository/com/google/errorprone/error_prone_annotations/2.2.0/error_prone_annotations-2.2.0.jar:/home/user/.m2/repository/org/codehaus/mojo/animal-sniffer-annotations/1.17/animal-sniffer-annotations-1.17.jar:/home/user/.m2/repository/io/opencensus/opencensus-api/0.17.0/opencensus-api-0.17.0.jar:/home/user/.m2/repository/io/opencensus/opencensus-contrib-grpc-metrics/0.17.0/opencensus-contrib-grpc-metrics-0.17.0.jar:/home/user/.m2/repository/io/netty/netty-codec-http2/4.1.30.Final/netty-codec-http2-4.1.30.Final.jar:/home/user/.m2/repository/io/netty/netty-codec-http/4.1.30.Final/netty-codec-http-4.1.30.Final.jar:/home/user/.m2/repository/io/netty/netty-codec/4.1.30.Final/netty-codec-4.1.30.Final.jar:/home/user/.m2/repository/io/netty/netty-handler/4.1.30.Final/netty-handler-4.1.30.Final.jar:/home/user/.m2/repository/io/netty/netty-handler-proxy/4.1.30.Final/netty-handler-proxy-4.1.30.Final.jar:/home/user/.m2/repository/io/netty/netty-codec-socks/4.1.30.Final/netty-codec-socks-4.1.30.Final.jar:/home/user/.m2/repository/io/netty/netty-transport-native-epoll/4.1.30.Final/netty-transport-native-epoll-4.1.30.Final.jar:/home/user/.m2/repository/io/netty/netty-common/4.1.30.Final/netty-common-4.1.30.Final.jar:/home/user/.m2/repository/io/netty/netty-buffer/4.1.30.Final/netty-buffer-4.1.30.Final.jar:/home/user/.m2/repository/io/netty/netty-transport/4.1.30.Final/netty-transport-4.1.30.Final.jar:/home/user/.m2/repository/io/netty/netty-resolver/4.1.30.Final/netty-resolver-4.1.30.Final.jar:/home/user/.m2/repository/io/netty/netty-transport-native-unix-common/4.1.30.Final/netty-transport-native-unix-common-4.1.30.Final.jar:/home/user/.m2/repository/io/grpc/grpc-protobuf/1.17.1/grpc-protobuf-1.17.1.jar:/home/user/.m2/repository/com/google/api/grpc/proto-google-common-protos/1.0.0/proto-google-common-protos-1.0.0.jar:/home/user/.m2/repository/io/grpc/grpc-protobuf-lite/1.17.1/grpc-protobuf-lite-1.17.1.jar:/home/user/.m2/repository/io/grpc/grpc-stub/1.17.1/grpc-stub-1.17.1.jar:/home/user/.m2/repository/org/apache/hadoop/hadoop-ozone-recon/0.5.0-SNAPSHOT/hadoop-ozone-recon-0.5.0-SNAPSHOT.jar:/home/user/.m2/repository/org/apache/hadoop/hadoop-ozone-reconcodegen/0.5.0-SNAPSHOT/hadoop-ozone-reconcodegen-0.5.0-SNAPSHOT.jar:/home/user/.m2/repository/com/google/inject/extensions/guice-multibindings/4.0/guice-multibindings-4.0.jar:/home/user/.m2/repository/com/google/inject/guice/4.0/guice-4.0.jar:/home/user/.m2/repository/aopalliance/aopalliance/1.0/aopalliance-1.0.jar:/home/user/.m2/repository/com/google/inject/extensions/guice-servlet/4.0/guice-servlet-4.0.jar:/home/user/.m2/repository/org/glassfish/jersey/containers/jersey-container-servlet/2.27/jersey-container-servlet-2.27.jar:/home/user/.m2/repository/org/glassfish/hk2/guice-bridge/2.5.0/guice-bridge-2.5.0.jar:/home/user/.m2/repository/org/glassfish/jersey/core/jersey-server/2.27/jersey-server-2.27.jar:/home/user/.m2/repository/org/glassfish/jersey/core/jersey-client/2.27/jersey-client-2.27.jar:/home/user/.m2/repository/org/glassfish/jersey/media/jersey-media-jaxb/2.27/jersey-media-jaxb-2.27.jar:/home/user/.m2/repository/javax/validation/validation-api/1.1.0.Final/validation-api-1.1.0.Final.jar:/home/user/.m2/repository/org/glassfish/jersey/media/jersey-media-json-jackson/2.27/jersey-media-json-jackson-2.27.jar:/home/user/.m2/repository/org/glassfish/jersey/ext/jersey-entity-filtering/2.27/jersey-entity-filtering-2.27.jar:/home/user/.m2/repository/com/google/inject/extensions/guice-assistedinject/4.0/guice-assistedinject-4.0.jar:/home/user/.m2/repository/org/jooq/jooq/3.11.10/jooq-3.11.10.jar:/home/user/.m2/repository/org/jooq/jooq-meta/3.11.10/jooq-meta-3.11.10.jar:/home/user/.m2/repository/org/jooq/jooq-codegen/3.11.10/jooq-codegen-3.11.10.jar:/home/user/.m2/repository/com/jolbox/bonecp/0.8.0.RELEASE/bonecp-0.8.0.RELEASE.jar:/home/user/.m2/repository/org/xerial/sqlite-jdbc/3.25.2/sqlite-jdbc-3.25.2.jar:/home/user/.m2/repository/org/springframework/spring-jdbc/5.1.3.RELEASE/spring-jdbc-5.1.3.RELEASE.jar:/home/user/.m2/repository/org/springframework/spring-beans/5.1.3.RELEASE/spring-beans-5.1.3.RELEASE.jar:/home/user/.m2/repository/org/springframework/spring-core/5.1.3.RELEASE/spring-core-5.1.3.RELEASE.jar:/home/user/.m2/repository/org/springframework/spring-jcl/5.1.3.RELEASE/spring-jcl-5.1.3.RELEASE.jar:/home/user/.m2/repository/org/springframework/spring-tx/5.1.3.RELEASE/spring-tx-5.1.3.RELEASE.jar:/home/user/.m2/repository/org/apache/hadoop/hadoop-ozone-client/0.5.0-SNAPSHOT/hadoop-ozone-client-0.5.0-SNAPSHOT.jar:/home/user/.m2/repository/commons-lang/commons-lang/2.6/commons-lang-2.6.jar:/home/user/.m2/repository/org/apache/hadoop/hadoop-ozone-ozone-manager/0.5.0-SNAPSHOT/hadoop-ozone-ozone-manager-0.5.0-SNAPSHOT-tests.jar:/home/user/.m2/repository/junit/junit/4.11/junit-4.11.jar:/home/user/.m2/repository/org/hamcrest/hamcrest-core/1.3/hamcrest-core-1.3.jar:/home/user/.m2/repository/org/openjdk/jmh/jmh-core/1.19/jmh-core-1.19.jar:/home/user/.m2/repository/net/sf/jopt-simple/jopt-simple/4.6/jopt-simple-4.6.jar:/home/user/.m2/repository/org/apache/commons/commons-math3/3.1.1/commons-math3-3.1.1.jar:/home/user/.m2/repository/org/openjdk/jmh/jmh-generator-annprocess/1.19/jmh-generator-annprocess-1.19.jar:/home/user/.m2/repository/org/mockito/mockito-all/1.8.5/mockito-all-1.8.5.jar:/home/user/.m2/repository/org/apache/hadoop/hadoop-kms/3.2.0/hadoop-kms-3.2.0.jar:/home/user/.m2/repository/org/apache/hadoop/hadoop-auth/3.2.0/hadoop-auth-3.2.0.jar:/home/user/.m2/repository/com/nimbusds/nimbus-jose-jwt/4.41.1/nimbus-jose-jwt-4.41.1.jar:/home/user/.m2/repository/com/github/stephenc/jcip/jcip-annotations/1.0-1/jcip-annotations-1.0-1.jar:/home/user/.m2/repository/net/minidev/json-smart/2.3/json-smart-2.3.jar:/home/user/.m2/repository/net/minidev/accessors-smart/1.2/accessors-smart-1.2.jar:/home/user/.m2/repository/org/ow2/asm/asm/5.0.4/asm-5.0.4.jar:/home/user/.m2/repository/org/apache/curator/curator-framework/2.12.0/curator-framework-2.12.0.jar:/home/user/.m2/repository/com/sun/jersey/jersey-core/1.19/jersey-core-1.19.jar:/home/user/.m2/repository/javax/ws/rs/jsr311-api/1.1.1/jsr311-api-1.1.1.jar:/home/user/.m2/repository/com/sun/jersey/jersey-server/1.19/jersey-server-1.19.jar:/home/user/.m2/repository/javax/servlet/javax.servlet-api/3.1.0/javax.servlet-api-3.1.0.jar:/home/user/.m2/repository/org/eclipse/jetty/jetty-server/9.3.24.v20180605/jetty-server-9.3.24.v20180605.jar:/home/user/.m2/repository/org/eclipse/jetty/jetty-http/9.3.24.v20180605/jetty-http-9.3.24.v20180605.jar:/home/user/.m2/repository/org/eclipse/jetty/jetty-io/9.3.24.v20180605/jetty-io-9.3.24.v20180605.jar:/home/user/.m2/repository/org/eclipse/jetty/jetty-webapp/9.3.24.v20180605/jetty-webapp-9.3.24.v20180605.jar:/home/user/.m2/repository/org/eclipse/jetty/jetty-xml/9.3.24.v20180605/jetty-xml-9.3.24.v20180605.jar:/home/user/.m2/repository/log4j/log4j/1.2.17/log4j-1.2.17.jar:/home/user/.m2/repository/org/slf4j/slf4j-api/1.7.25/slf4j-api-1.7.25.jar:/home/user/.m2/repository/org/slf4j/jul-to-slf4j/1.7.25/jul-to-slf4j-1.7.25.jar:/home/user/.m2/repository/org/eclipse/jetty/jetty-util/9.3.24.v20180605/jetty-util-9.3.24.v20180605.jar:/home/user/.m2/repository/com/fasterxml/jackson/core/jackson-databind/2.9.5/jackson-databind-2.9.5.jar:/home/user/.m2/repository/org/apache/hadoop/hadoop-kms/3.2.0/hadoop-kms-3.2.0-tests.jar:/home/user/.m2/repository/org/apache/hadoop/hadoop-hdds-server-scm/0.5.0-SNAPSHOT/hadoop-hdds-server-scm-0.5.0-SNAPSHOT-tests.jar:/home/user/.m2/repository/org/apache/hadoop/hadoop-hdds-container-service/0.5.0-SNAPSHOT/hadoop-hdds-container-service-0.5.0-SNAPSHOT-tests.jar:/home/user/.m2/repository/org/yaml/snakeyaml/1.16/snakeyaml-1.16.jar:/home/user/.m2/repository/org/apache/hadoop/hadoop-common/3.2.0/hadoop-common-3.2.0-tests.jar:/home/user/.m2/repository/org/apache/hadoop/hadoop-annotations/3.2.0/hadoop-annotations-3.2.0.jar:/usr/lib/jvm/java-1.8-openjdk/jre/../lib/tools.jar:/home/user/.m2/repository/commons-cli/commons-cli/1.2/commons-cli-1.2.jar:/home/user/.m2/repository/org/apache/httpcomponents/httpclient/4.5.2/httpclient-4.5.2.jar:/home/user/.m2/repository/org/apache/httpcomponents/httpcore/4.4.4/httpcore-4.4.4.jar:/home/user/.m2/repository/commons-codec/commons-codec/1.11/commons-codec-1.11.jar:/home/user/.m2/repository/commons-net/commons-net/3.6/commons-net-3.6.jar:/home/user/.m2/repository/commons-collections/commons-collections/3.2.2/commons-collections-3.2.2.jar:/home/user/.m2/repository/org/eclipse/jetty/jetty-servlet/9.3.24.v20180605/jetty-servlet-9.3.24.v20180605.jar:/home/user/.m2/repository/org/eclipse/jetty/jetty-security/9.3.24.v20180605/jetty-security-9.3.24.v20180605.jar:/home/user/.m2/repository/javax/servlet/jsp/jsp-api/2.1/jsp-api-2.1.jar:/home/user/.m2/repository/com/sun/jersey/jersey-servlet/1.19/jersey-servlet-1.19.jar:/home/user/.m2/repository/com/sun/jersey/jersey-json/1.19/jersey-json-1.19.jar:/home/user/.m2/repository/org/codehaus/jettison/jettison/1.1/jettison-1.1.jar:/home/user/.m2/repository/org/codehaus/jackson/jackson-core-asl/1.9.13/jackson-core-asl-1.9.13.jar:/home/user/.m2/repository/org/codehaus/jackson/jackson-mapper-asl/1.9.13/jackson-mapper-asl-1.9.13.jar:/home/user/.m2/repository/org/codehaus/jackson/jackson-jaxrs/1.9.13/jackson-jaxrs-1.9.13.jar:/home/user/.m2/repository/org/codehaus/jackson/jackson-xc/1.9.13/jackson-xc-1.9.13.jar:/home/user/.m2/repository/commons-logging/commons-logging/1.1.3/commons-logging-1.1.3.jar:/home/user/.m2/repository/commons-beanutils/commons-beanutils/1.9.3/commons-beanutils-1.9.3.jar:/home/user/.m2/repository/org/apache/commons/commons-configuration2/2.1.1/commons-configuration2-2.1.1.jar:/home/user/.m2/repository/org/apache/commons/commons-lang3/3.7/commons-lang3-3.7.jar:/home/user/.m2/repository/org/apache/commons/commons-text/1.4/commons-text-1.4.jar:/home/user/.m2/repository/org/apache/avro/avro/1.7.7/avro-1.7.7.jar:/home/user/.m2/repository/com/thoughtworks/paranamer/paranamer/2.3/paranamer-2.3.jar:/home/user/.m2/repository/org/xerial/snappy/snappy-java/1.0.5/snappy-java-1.0.5.jar:/home/user/.m2/repository/com/google/re2j/re2j/1.1/re2j-1.1.jar:/home/user/.m2/repository/com/google/code/gson/gson/2.2.4/gson-2.2.4.jar:/home/user/.m2/repository/com/jcraft/jsch/0.1.54/jsch-0.1.54.jar:/home/user/.m2/repository/org/apache/curator/curator-client/2.12.0/curator-client-2.12.0.jar:/home/user/.m2/repository/org/apache/curator/curator-recipes/2.12.0/curator-recipes-2.12.0.jar:/home/user/.m2/repository/com/google/code/findbugs/jsr305/3.0.0/jsr305-3.0.0.jar:/home/user/.m2/repository/org/apache/htrace/htrace-core4/4.1.0-incubating/htrace-core4-4.1.0-incubating.jar:/home/user/.m2/repository/org/apache/zookeeper/zookeeper/3.4.13/zookeeper-3.4.13.jar:/home/user/.m2/repository/org/apache/yetus/audience-annotations/0.5.0/audience-annotations-0.5.0.jar:/home/user/.m2/repository/org/codehaus/woodstox/stax2-api/3.1.4/stax2-api-3.1.4.jar:/home/user/.m2/repository/com/fasterxml/woodstox/woodstox-core/5.0.3/woodstox-core-5.0.3.jar:/home/user/.m2/repository/dnsjava/dnsjava/2.1.7/dnsjava-2.1.7.jar:/home/user/.m2/repository/org/apache/hadoop/hadoop-hdfs/3.2.0/hadoop-hdfs-3.2.0-tests.jar:/home/user/.m2/repository/org/eclipse/jetty/jetty-util-ajax/9.3.24.v20180605/jetty-util-ajax-9.3.24.v20180605.jar:/home/user/.m2/repository/commons-daemon/commons-daemon/1.0.13/commons-daemon-1.0.13.jar:/home/user/.m2/repository/io/netty/netty/3.10.5.Final/netty-3.10.5.Final.jar:/home/user/.m2/repository/io/netty/netty-all/4.0.52.Final/netty-all-4.0.52.Final.jar:/home/user/.m2/repository/org/fusesource/leveldbjni/leveldbjni-all/1.8/leveldbjni-all-1.8.jar:"/>
    <property name="java.vm.vendor" value="IcedTea"/>
    <property name="sun.arch.data.model" value="64"/>
    <property name="test.build.dir" value="/workdir/hadoop-ozone/integration-test/target/test-dir"/>
    <property name="test.cache.data" value=""/>
    <property name="java.vendor.url" value="https://icedtea.classpath.org"/>
    <property name="user.timezone" value=""/>
    <property name="java.vm.specification.version" value="1.8"/>
    <property name="os.name" value="Linux"/>
    <property name="test.build.data" value="/workdir/hadoop-ozone/integration-test/target/test-dir"/>
    <property name="user.country" value="US"/>
    <property name="sun.java.launcher" value="SUN_STANDARD"/>
    <property name="sun.boot.library.path" value="/usr/lib/jvm/java-1.8-openjdk/jre/lib/amd64"/>
    <property name="sun.java.command" value="/workdir/hadoop-ozone/integration-test/target/surefire/surefirebooter7849924935998311888.jar /workdir/hadoop-ozone/integration-test/target/surefire 2019-08-27T09-06-06_300-jvmRun1 surefire9207379334158907660tmp surefire_371407283083417693307tmp"/>
    <property name="test" value="!TestMiniChaosOzoneCluster"/>
    <property name="surefire.test.class.path" value="/workdir/hadoop-ozone/integration-test/target/test-classes:/workdir/hadoop-ozone/integration-test/target/classes:/home/user/.m2/repository/org/apache/hadoop/hadoop-ozone-common/0.5.0-SNAPSHOT/hadoop-ozone-common-0.5.0-SNAPSHOT.jar:/home/user/.m2/repository/org/apache/commons/commons-compress/1.4.1/commons-compress-1.4.1.jar:/home/user/.m2/repository/org/tukaani/xz/1.0/xz-1.0.jar:/home/user/.m2/repository/org/apache/hadoop/hadoop-common/3.2.0/hadoop-common-3.2.0.jar:/home/user/.m2/repository/org/apache/hadoop/hadoop-hdfs/3.2.0/hadoop-hdfs-3.2.0.jar:/home/user/.m2/repository/org/apache/hadoop/hadoop-hdfs-client/3.2.0/hadoop-hdfs-client-3.2.0.jar:/home/user/.m2/repository/com/fasterxml/jackson/core/jackson-annotations/2.9.5/jackson-annotations-2.9.5.jar:/home/user/.m2/repository/org/apache/hadoop/hadoop-hdds-common/0.5.0-SNAPSHOT/hadoop-hdds-common-0.5.0-SNAPSHOT.jar:/home/user/.m2/repository/javax/annotation/javax.annotation-api/1.2/javax.annotation-api-1.2.jar:/home/user/.m2/repository/org/apache/ratis/ratis-server/0.4.0-2337318-SNAPSHOT/ratis-server-0.4.0-2337318-SNAPSHOT.jar:/home/user/.m2/repository/org/apache/ratis/ratis-thirdparty-misc/0.2.0/ratis-thirdparty-misc-0.2.0.jar:/home/user/.m2/repository/org/apache/ratis/ratis-proto/0.4.0-2337318-SNAPSHOT/ratis-proto-0.4.0-2337318-SNAPSHOT.jar:/home/user/.m2/repository/org/apache/ratis/ratis-common/0.4.0-2337318-SNAPSHOT/ratis-common-0.4.0-2337318-SNAPSHOT.jar:/home/user/.m2/repository/org/apache/ratis/ratis-client/0.4.0-2337318-SNAPSHOT/ratis-client-0.4.0-2337318-SNAPSHOT.jar:/home/user/.m2/repository/org/apache/ratis/ratis-metrics/0.4.0-2337318-SNAPSHOT/ratis-metrics-0.4.0-2337318-SNAPSHOT.jar:/home/user/.m2/repository/org/apache/ratis/ratis-netty/0.4.0-2337318-SNAPSHOT/ratis-netty-0.4.0-2337318-SNAPSHOT.jar:/home/user/.m2/repository/org/apache/ratis/ratis-grpc/0.4.0-2337318-SNAPSHOT/ratis-grpc-0.4.0-2337318-SNAPSHOT.jar:/home/user/.m2/repository/org/rocksdb/rocksdbjni/6.0.1/rocksdbjni-6.0.1.jar:/home/user/.m2/repository/org/apache/logging/log4j/log4j-api/2.11.0/log4j-api-2.11.0.jar:/home/user/.m2/repository/org/apache/logging/log4j/log4j-core/2.11.0/log4j-core-2.11.0.jar:/home/user/.m2/repository/com/lmax/disruptor/3.4.2/disruptor-3.4.2.jar:/home/user/.m2/repository/org/apache/commons/commons-pool2/2.6.0/commons-pool2-2.6.0.jar:/home/user/.m2/repository/org/bouncycastle/bcpkix-jdk15on/1.60/bcpkix-jdk15on-1.60.jar:/home/user/.m2/repository/commons-validator/commons-validator/1.6/commons-validator-1.6.jar:/home/user/.m2/repository/commons-digester/commons-digester/1.8.1/commons-digester-1.8.1.jar:/home/user/.m2/repository/io/jaegertracing/jaeger-client/0.33.1/jaeger-client-0.33.1.jar:/home/user/.m2/repository/io/jaegertracing/jaeger-thrift/0.33.1/jaeger-thrift-0.33.1.jar:/home/user/.m2/repository/org/apache/thrift/libthrift/0.11.0/libthrift-0.11.0.jar:/home/user/.m2/repository/com/squareup/okhttp3/okhttp/3.9.0/okhttp-3.9.0.jar:/home/user/.m2/repository/com/squareup/okio/okio/1.13.0/okio-1.13.0.jar:/home/user/.m2/repository/io/jaegertracing/jaeger-core/0.33.1/jaeger-core-0.33.1.jar:/home/user/.m2/repository/io/jaegertracing/jaeger-tracerresolver/0.33.1/jaeger-tracerresolver-0.33.1.jar:/home/user/.m2/repository/io/opentracing/contrib/opentracing-tracerresolver/0.1.5/opentracing-tracerresolver-0.1.5.jar:/home/user/.m2/repository/io/opentracing/opentracing-util/0.31.0/opentracing-util-0.31.0.jar:/home/user/.m2/repository/io/opentracing/opentracing-api/0.31.0/opentracing-api-0.31.0.jar:/home/user/.m2/repository/io/opentracing/opentracing-noop/0.31.0/opentracing-noop-0.31.0.jar:/home/user/.m2/repository/org/apache/hadoop/hadoop-hdds-server-framework/0.5.0-SNAPSHOT/hadoop-hdds-server-framework-0.5.0-SNAPSHOT.jar:/home/user/.m2/repository/org/apache/hadoop/hadoop-hdds-container-service/0.5.0-SNAPSHOT/hadoop-hdds-container-service-0.5.0-SNAPSHOT.jar:/home/user/.m2/repository/org/apache/hadoop/hadoop-hdds-client/0.5.0-SNAPSHOT/hadoop-hdds-client-0.5.0-SNAPSHOT.jar:/home/user/.m2/repository/org/apache/hadoop/hadoop-hdds-tools/0.5.0-SNAPSHOT/hadoop-hdds-tools-0.5.0-SNAPSHOT.jar:/home/user/.m2/repository/org/apache/hadoop/hadoop-hdds-server-scm/0.5.0-SNAPSHOT/hadoop-hdds-server-scm-0.5.0-SNAPSHOT.jar:/home/user/.m2/repository/org/apache/hadoop/hadoop-hdds-docs/0.5.0-SNAPSHOT/hadoop-hdds-docs-0.5.0-SNAPSHOT.jar:/home/user/.m2/repository/io/dropwizard/metrics/metrics-core/3.2.4/metrics-core-3.2.4.jar:/home/user/.m2/repository/org/hamcrest/hamcrest-all/1.3/hamcrest-all-1.3.jar:/home/user/.m2/repository/org/bouncycastle/bcprov-jdk15on/1.60/bcprov-jdk15on-1.60.jar:/home/user/.m2/repository/info/picocli/picocli/3.9.6/picocli-3.9.6.jar:/home/user/.m2/repository/com/google/protobuf/protobuf-java/2.5.0/protobuf-java-2.5.0.jar:/home/user/.m2/repository/com/google/guava/guava/11.0.2/guava-11.0.2.jar:/home/user/.m2/repository/org/apache/hadoop/hadoop-ozone-ozone-manager/0.5.0-SNAPSHOT/hadoop-ozone-ozone-manager-0.5.0-SNAPSHOT.jar:/home/user/.m2/repository/org/apache/hadoop/hadoop-minikdc/3.2.0/hadoop-minikdc-3.2.0.jar:/home/user/.m2/repository/commons-io/commons-io/2.5/commons-io-2.5.jar:/home/user/.m2/repository/org/apache/kerby/kerb-simplekdc/1.0.1/kerb-simplekdc-1.0.1.jar:/home/user/.m2/repository/org/apache/kerby/kerb-client/1.0.1/kerb-client-1.0.1.jar:/home/user/.m2/repository/org/apache/kerby/kerby-config/1.0.1/kerby-config-1.0.1.jar:/home/user/.m2/repository/org/apache/kerby/kerb-core/1.0.1/kerb-core-1.0.1.jar:/home/user/.m2/repository/org/apache/kerby/kerby-pkix/1.0.1/kerby-pkix-1.0.1.jar:/home/user/.m2/repository/org/apache/kerby/kerby-asn1/1.0.1/kerby-asn1-1.0.1.jar:/home/user/.m2/repository/org/apache/kerby/kerby-util/1.0.1/kerby-util-1.0.1.jar:/home/user/.m2/repository/org/apache/kerby/kerb-common/1.0.1/kerb-common-1.0.1.jar:/home/user/.m2/repository/org/apache/kerby/kerb-crypto/1.0.1/kerb-crypto-1.0.1.jar:/home/user/.m2/repository/org/apache/kerby/kerb-util/1.0.1/kerb-util-1.0.1.jar:/home/user/.m2/repository/org/apache/kerby/token-provider/1.0.1/token-provider-1.0.1.jar:/home/user/.m2/repository/org/apache/kerby/kerb-admin/1.0.1/kerb-admin-1.0.1.jar:/home/user/.m2/repository/org/apache/kerby/kerb-server/1.0.1/kerb-server-1.0.1.jar:/home/user/.m2/repository/org/apache/kerby/kerb-identity/1.0.1/kerb-identity-1.0.1.jar:/home/user/.m2/repository/org/apache/kerby/kerby-xdr/1.0.1/kerby-xdr-1.0.1.jar:/home/user/.m2/repository/org/slf4j/slf4j-log4j12/1.7.25/slf4j-log4j12-1.7.25.jar:/home/user/.m2/repository/org/apache/hadoop/hadoop-ozone-s3gateway/0.5.0-SNAPSHOT/hadoop-ozone-s3gateway-0.5.0-SNAPSHOT.jar:/home/user/.m2/repository/org/jboss/weld/servlet/weld-servlet/2.4.7.Final/weld-servlet-2.4.7.Final.jar:/home/user/.m2/repository/org/glassfish/jersey/containers/jersey-container-servlet-core/2.27/jersey-container-servlet-core-2.27.jar:/home/user/.m2/repository/org/glassfish/hk2/external/javax.inject/2.5.0-b42/javax.inject-2.5.0-b42.jar:/home/user/.m2/repository/org/glassfish/jersey/core/jersey-common/2.27/jersey-common-2.27.jar:/home/user/.m2/repository/org/glassfish/hk2/osgi-resource-locator/1.0.1/osgi-resource-locator-1.0.1.jar:/home/user/.m2/repository/javax/ws/rs/javax.ws.rs-api/2.1/javax.ws.rs-api-2.1.jar:/home/user/.m2/repository/org/glassfish/jersey/ext/cdi/jersey-cdi1x/2.27/jersey-cdi1x-2.27.jar:/home/user/.m2/repository/org/glassfish/jersey/inject/jersey-hk2/2.27/jersey-hk2-2.27.jar:/home/user/.m2/repository/org/glassfish/hk2/hk2-locator/2.5.0-b42/hk2-locator-2.5.0-b42.jar:/home/user/.m2/repository/org/javassist/javassist/3.22.0-CR2/javassist-3.22.0-CR2.jar:/home/user/.m2/repository/org/glassfish/hk2/hk2-api/2.5.0/hk2-api-2.5.0.jar:/home/user/.m2/repository/org/glassfish/hk2/external/jakarta.inject/2.5.0/jakarta.inject-2.5.0.jar:/home/user/.m2/repository/org/glassfish/hk2/hk2-utils/2.5.0/hk2-utils-2.5.0.jar:/home/user/.m2/repository/jakarta/annotation/jakarta.annotation-api/1.3.4/jakarta.annotation-api-1.3.4.jar:/home/user/.m2/repository/org/glassfish/hk2/external/aopalliance-repackaged/2.5.0/aopalliance-repackaged-2.5.0.jar:/home/user/.m2/repository/com/fasterxml/jackson/dataformat/jackson-dataformat-xml/2.9.0/jackson-dataformat-xml-2.9.0.jar:/home/user/.m2/repository/com/fasterxml/jackson/core/jackson-core/2.9.5/jackson-core-2.9.5.jar:/home/user/.m2/repository/com/fasterxml/jackson/module/jackson-module-jaxb-annotations/2.9.5/jackson-module-jaxb-annotations-2.9.5.jar:/home/user/.m2/repository/javax/enterprise/cdi-api/1.2/cdi-api-1.2.jar:/home/user/.m2/repository/javax/el/javax.el-api/3.0.0/javax.el-api-3.0.0.jar:/home/user/.m2/repository/javax/interceptor/javax.interceptor-api/1.2/javax.interceptor-api-1.2.jar:/home/user/.m2/repository/javax/inject/javax.inject/1/javax.inject-1.jar:/home/user/.m2/repository/com/sun/xml/bind/jaxb-impl/2.3.0.1/jaxb-impl-2.3.0.1.jar:/home/user/.m2/repository/com/sun/xml/bind/jaxb-core/2.3.0.1/jaxb-core-2.3.0.1.jar:/home/user/.m2/repository/javax/xml/bind/jaxb-api/2.3.0/jaxb-api-2.3.0.jar:/home/user/.m2/repository/javax/activation/activation/1.1.1/activation-1.1.1.jar:/home/user/.m2/repository/org/apache/hadoop/hadoop-ozone-csi/0.5.0-SNAPSHOT/hadoop-ozone-csi-0.5.0-SNAPSHOT.jar:/home/user/.m2/repository/com/google/protobuf/protobuf-java-util/3.5.1/protobuf-java-util-3.5.1.jar:/home/user/.m2/repository/org/apache/hadoop/hadoop-hdds-config/0.5.0-SNAPSHOT/hadoop-hdds-config-0.5.0-SNAPSHOT.jar:/home/user/.m2/repository/io/grpc/grpc-netty/1.17.1/grpc-netty-1.17.1.jar:/home/user/.m2/repository/io/grpc/grpc-core/1.17.1/grpc-core-1.17.1.jar:/home/user/.m2/repository/io/grpc/grpc-context/1.17.1/grpc-context-1.17.1.jar:/home/user/.m2/repository/com/google/errorprone/error_prone_annotations/2.2.0/error_prone_annotations-2.2.0.jar:/home/user/.m2/repository/org/codehaus/mojo/animal-sniffer-annotations/1.17/animal-sniffer-annotations-1.17.jar:/home/user/.m2/repository/io/opencensus/opencensus-api/0.17.0/opencensus-api-0.17.0.jar:/home/user/.m2/repository/io/opencensus/opencensus-contrib-grpc-metrics/0.17.0/opencensus-contrib-grpc-metrics-0.17.0.jar:/home/user/.m2/repository/io/netty/netty-codec-http2/4.1.30.Final/netty-codec-http2-4.1.30.Final.jar:/home/user/.m2/repository/io/netty/netty-codec-http/4.1.30.Final/netty-codec-http-4.1.30.Final.jar:/home/user/.m2/repository/io/netty/netty-codec/4.1.30.Final/netty-codec-4.1.30.Final.jar:/home/user/.m2/repository/io/netty/netty-handler/4.1.30.Final/netty-handler-4.1.30.Final.jar:/home/user/.m2/repository/io/netty/netty-handler-proxy/4.1.30.Final/netty-handler-proxy-4.1.30.Final.jar:/home/user/.m2/repository/io/netty/netty-codec-socks/4.1.30.Final/netty-codec-socks-4.1.30.Final.jar:/home/user/.m2/repository/io/netty/netty-transport-native-epoll/4.1.30.Final/netty-transport-native-epoll-4.1.30.Final.jar:/home/user/.m2/repository/io/netty/netty-common/4.1.30.Final/netty-common-4.1.30.Final.jar:/home/user/.m2/repository/io/netty/netty-buffer/4.1.30.Final/netty-buffer-4.1.30.Final.jar:/home/user/.m2/repository/io/netty/netty-transport/4.1.30.Final/netty-transport-4.1.30.Final.jar:/home/user/.m2/repository/io/netty/netty-resolver/4.1.30.Final/netty-resolver-4.1.30.Final.jar:/home/user/.m2/repository/io/netty/netty-transport-native-unix-common/4.1.30.Final/netty-transport-native-unix-common-4.1.30.Final.jar:/home/user/.m2/repository/io/grpc/grpc-protobuf/1.17.1/grpc-protobuf-1.17.1.jar:/home/user/.m2/repository/com/google/api/grpc/proto-google-common-protos/1.0.0/proto-google-common-protos-1.0.0.jar:/home/user/.m2/repository/io/grpc/grpc-protobuf-lite/1.17.1/grpc-protobuf-lite-1.17.1.jar:/home/user/.m2/repository/io/grpc/grpc-stub/1.17.1/grpc-stub-1.17.1.jar:/home/user/.m2/repository/org/apache/hadoop/hadoop-ozone-recon/0.5.0-SNAPSHOT/hadoop-ozone-recon-0.5.0-SNAPSHOT.jar:/home/user/.m2/repository/org/apache/hadoop/hadoop-ozone-reconcodegen/0.5.0-SNAPSHOT/hadoop-ozone-reconcodegen-0.5.0-SNAPSHOT.jar:/home/user/.m2/repository/com/google/inject/extensions/guice-multibindings/4.0/guice-multibindings-4.0.jar:/home/user/.m2/repository/com/google/inject/guice/4.0/guice-4.0.jar:/home/user/.m2/repository/aopalliance/aopalliance/1.0/aopalliance-1.0.jar:/home/user/.m2/repository/com/google/inject/extensions/guice-servlet/4.0/guice-servlet-4.0.jar:/home/user/.m2/repository/org/glassfish/jersey/containers/jersey-container-servlet/2.27/jersey-container-servlet-2.27.jar:/home/user/.m2/repository/org/glassfish/hk2/guice-bridge/2.5.0/guice-bridge-2.5.0.jar:/home/user/.m2/repository/org/glassfish/jersey/core/jersey-server/2.27/jersey-server-2.27.jar:/home/user/.m2/repository/org/glassfish/jersey/core/jersey-client/2.27/jersey-client-2.27.jar:/home/user/.m2/repository/org/glassfish/jersey/media/jersey-media-jaxb/2.27/jersey-media-jaxb-2.27.jar:/home/user/.m2/repository/javax/validation/validation-api/1.1.0.Final/validation-api-1.1.0.Final.jar:/home/user/.m2/repository/org/glassfish/jersey/media/jersey-media-json-jackson/2.27/jersey-media-json-jackson-2.27.jar:/home/user/.m2/repository/org/glassfish/jersey/ext/jersey-entity-filtering/2.27/jersey-entity-filtering-2.27.jar:/home/user/.m2/repository/com/google/inject/extensions/guice-assistedinject/4.0/guice-assistedinject-4.0.jar:/home/user/.m2/repository/org/jooq/jooq/3.11.10/jooq-3.11.10.jar:/home/user/.m2/repository/org/jooq/jooq-meta/3.11.10/jooq-meta-3.11.10.jar:/home/user/.m2/repository/org/jooq/jooq-codegen/3.11.10/jooq-codegen-3.11.10.jar:/home/user/.m2/repository/com/jolbox/bonecp/0.8.0.RELEASE/bonecp-0.8.0.RELEASE.jar:/home/user/.m2/repository/org/xerial/sqlite-jdbc/3.25.2/sqlite-jdbc-3.25.2.jar:/home/user/.m2/repository/org/springframework/spring-jdbc/5.1.3.RELEASE/spring-jdbc-5.1.3.RELEASE.jar:/home/user/.m2/repository/org/springframework/spring-beans/5.1.3.RELEASE/spring-beans-5.1.3.RELEASE.jar:/home/user/.m2/repository/org/springframework/spring-core/5.1.3.RELEASE/spring-core-5.1.3.RELEASE.jar:/home/user/.m2/repository/org/springframework/spring-jcl/5.1.3.RELEASE/spring-jcl-5.1.3.RELEASE.jar:/home/user/.m2/repository/org/springframework/spring-tx/5.1.3.RELEASE/spring-tx-5.1.3.RELEASE.jar:/home/user/.m2/repository/org/apache/hadoop/hadoop-ozone-client/0.5.0-SNAPSHOT/hadoop-ozone-client-0.5.0-SNAPSHOT.jar:/home/user/.m2/repository/commons-lang/commons-lang/2.6/commons-lang-2.6.jar:/home/user/.m2/repository/org/apache/hadoop/hadoop-ozone-ozone-manager/0.5.0-SNAPSHOT/hadoop-ozone-ozone-manager-0.5.0-SNAPSHOT-tests.jar:/home/user/.m2/repository/junit/junit/4.11/junit-4.11.jar:/home/user/.m2/repository/org/hamcrest/hamcrest-core/1.3/hamcrest-core-1.3.jar:/home/user/.m2/repository/org/openjdk/jmh/jmh-core/1.19/jmh-core-1.19.jar:/home/user/.m2/repository/net/sf/jopt-simple/jopt-simple/4.6/jopt-simple-4.6.jar:/home/user/.m2/repository/org/apache/commons/commons-math3/3.1.1/commons-math3-3.1.1.jar:/home/user/.m2/repository/org/openjdk/jmh/jmh-generator-annprocess/1.19/jmh-generator-annprocess-1.19.jar:/home/user/.m2/repository/org/mockito/mockito-all/1.8.5/mockito-all-1.8.5.jar:/home/user/.m2/repository/org/apache/hadoop/hadoop-kms/3.2.0/hadoop-kms-3.2.0.jar:/home/user/.m2/repository/org/apache/hadoop/hadoop-auth/3.2.0/hadoop-auth-3.2.0.jar:/home/user/.m2/repository/com/nimbusds/nimbus-jose-jwt/4.41.1/nimbus-jose-jwt-4.41.1.jar:/home/user/.m2/repository/com/github/stephenc/jcip/jcip-annotations/1.0-1/jcip-annotations-1.0-1.jar:/home/user/.m2/repository/net/minidev/json-smart/2.3/json-smart-2.3.jar:/home/user/.m2/repository/net/minidev/accessors-smart/1.2/accessors-smart-1.2.jar:/home/user/.m2/repository/org/ow2/asm/asm/5.0.4/asm-5.0.4.jar:/home/user/.m2/repository/org/apache/curator/curator-framework/2.12.0/curator-framework-2.12.0.jar:/home/user/.m2/repository/com/sun/jersey/jersey-core/1.19/jersey-core-1.19.jar:/home/user/.m2/repository/javax/ws/rs/jsr311-api/1.1.1/jsr311-api-1.1.1.jar:/home/user/.m2/repository/com/sun/jersey/jersey-server/1.19/jersey-server-1.19.jar:/home/user/.m2/repository/javax/servlet/javax.servlet-api/3.1.0/javax.servlet-api-3.1.0.jar:/home/user/.m2/repository/org/eclipse/jetty/jetty-server/9.3.24.v20180605/jetty-server-9.3.24.v20180605.jar:/home/user/.m2/repository/org/eclipse/jetty/jetty-http/9.3.24.v20180605/jetty-http-9.3.24.v20180605.jar:/home/user/.m2/repository/org/eclipse/jetty/jetty-io/9.3.24.v20180605/jetty-io-9.3.24.v20180605.jar:/home/user/.m2/repository/org/eclipse/jetty/jetty-webapp/9.3.24.v20180605/jetty-webapp-9.3.24.v20180605.jar:/home/user/.m2/repository/org/eclipse/jetty/jetty-xml/9.3.24.v20180605/jetty-xml-9.3.24.v20180605.jar:/home/user/.m2/repository/log4j/log4j/1.2.17/log4j-1.2.17.jar:/home/user/.m2/repository/org/slf4j/slf4j-api/1.7.25/slf4j-api-1.7.25.jar:/home/user/.m2/repository/org/slf4j/jul-to-slf4j/1.7.25/jul-to-slf4j-1.7.25.jar:/home/user/.m2/repository/org/eclipse/jetty/jetty-util/9.3.24.v20180605/jetty-util-9.3.24.v20180605.jar:/home/user/.m2/repository/com/fasterxml/jackson/core/jackson-databind/2.9.5/jackson-databind-2.9.5.jar:/home/user/.m2/repository/org/apache/hadoop/hadoop-kms/3.2.0/hadoop-kms-3.2.0-tests.jar:/home/user/.m2/repository/org/apache/hadoop/hadoop-hdds-server-scm/0.5.0-SNAPSHOT/hadoop-hdds-server-scm-0.5.0-SNAPSHOT-tests.jar:/home/user/.m2/repository/org/apache/hadoop/hadoop-hdds-container-service/0.5.0-SNAPSHOT/hadoop-hdds-container-service-0.5.0-SNAPSHOT-tests.jar:/home/user/.m2/repository/org/yaml/snakeyaml/1.16/snakeyaml-1.16.jar:/home/user/.m2/repository/org/apache/hadoop/hadoop-common/3.2.0/hadoop-common-3.2.0-tests.jar:/home/user/.m2/repository/org/apache/hadoop/hadoop-annotations/3.2.0/hadoop-annotations-3.2.0.jar:/usr/lib/jvm/java-1.8-openjdk/jre/../lib/tools.jar:/home/user/.m2/repository/commons-cli/commons-cli/1.2/commons-cli-1.2.jar:/home/user/.m2/repository/org/apache/httpcomponents/httpclient/4.5.2/httpclient-4.5.2.jar:/home/user/.m2/repository/org/apache/httpcomponents/httpcore/4.4.4/httpcore-4.4.4.jar:/home/user/.m2/repository/commons-codec/commons-codec/1.11/commons-codec-1.11.jar:/home/user/.m2/repository/commons-net/commons-net/3.6/commons-net-3.6.jar:/home/user/.m2/repository/commons-collections/commons-collections/3.2.2/commons-collections-3.2.2.jar:/home/user/.m2/repository/org/eclipse/jetty/jetty-servlet/9.3.24.v20180605/jetty-servlet-9.3.24.v20180605.jar:/home/user/.m2/repository/org/eclipse/jetty/jetty-security/9.3.24.v20180605/jetty-security-9.3.24.v20180605.jar:/home/user/.m2/repository/javax/servlet/jsp/jsp-api/2.1/jsp-api-2.1.jar:/home/user/.m2/repository/com/sun/jersey/jersey-servlet/1.19/jersey-servlet-1.19.jar:/home/user/.m2/repository/com/sun/jersey/jersey-json/1.19/jersey-json-1.19.jar:/home/user/.m2/repository/org/codehaus/jettison/jettison/1.1/jettison-1.1.jar:/home/user/.m2/repository/org/codehaus/jackson/jackson-core-asl/1.9.13/jackson-core-asl-1.9.13.jar:/home/user/.m2/repository/org/codehaus/jackson/jackson-mapper-asl/1.9.13/jackson-mapper-asl-1.9.13.jar:/home/user/.m2/repository/org/codehaus/jackson/jackson-jaxrs/1.9.13/jackson-jaxrs-1.9.13.jar:/home/user/.m2/repository/org/codehaus/jackson/jackson-xc/1.9.13/jackson-xc-1.9.13.jar:/home/user/.m2/repository/commons-logging/commons-logging/1.1.3/commons-logging-1.1.3.jar:/home/user/.m2/repository/commons-beanutils/commons-beanutils/1.9.3/commons-beanutils-1.9.3.jar:/home/user/.m2/repository/org/apache/commons/commons-configuration2/2.1.1/commons-configuration2-2.1.1.jar:/home/user/.m2/repository/org/apache/commons/commons-lang3/3.7/commons-lang3-3.7.jar:/home/user/.m2/repository/org/apache/commons/commons-text/1.4/commons-text-1.4.jar:/home/user/.m2/repository/org/apache/avro/avro/1.7.7/avro-1.7.7.jar:/home/user/.m2/repository/com/thoughtworks/paranamer/paranamer/2.3/paranamer-2.3.jar:/home/user/.m2/repository/org/xerial/snappy/snappy-java/1.0.5/snappy-java-1.0.5.jar:/home/user/.m2/repository/com/google/re2j/re2j/1.1/re2j-1.1.jar:/home/user/.m2/repository/com/google/code/gson/gson/2.2.4/gson-2.2.4.jar:/home/user/.m2/repository/com/jcraft/jsch/0.1.54/jsch-0.1.54.jar:/home/user/.m2/repository/org/apache/curator/curator-client/2.12.0/curator-client-2.12.0.jar:/home/user/.m2/repository/org/apache/curator/curator-recipes/2.12.0/curator-recipes-2.12.0.jar:/home/user/.m2/repository/com/google/code/findbugs/jsr305/3.0.0/jsr305-3.0.0.jar:/home/user/.m2/repository/org/apache/htrace/htrace-core4/4.1.0-incubating/htrace-core4-4.1.0-incubating.jar:/home/user/.m2/repository/org/apache/zookeeper/zookeeper/3.4.13/zookeeper-3.4.13.jar:/home/user/.m2/repository/org/apache/yetus/audience-annotations/0.5.0/audience-annotations-0.5.0.jar:/home/user/.m2/repository/org/codehaus/woodstox/stax2-api/3.1.4/stax2-api-3.1.4.jar:/home/user/.m2/repository/com/fasterxml/woodstox/woodstox-core/5.0.3/woodstox-core-5.0.3.jar:/home/user/.m2/repository/dnsjava/dnsjava/2.1.7/dnsjava-2.1.7.jar:/home/user/.m2/repository/org/apache/hadoop/hadoop-hdfs/3.2.0/hadoop-hdfs-3.2.0-tests.jar:/home/user/.m2/repository/org/eclipse/jetty/jetty-util-ajax/9.3.24.v20180605/jetty-util-ajax-9.3.24.v20180605.jar:/home/user/.m2/repository/commons-daemon/commons-daemon/1.0.13/commons-daemon-1.0.13.jar:/home/user/.m2/repository/io/netty/netty/3.10.5.Final/netty-3.10.5.Final.jar:/home/user/.m2/repository/io/netty/netty-all/4.0.52.Final/netty-all-4.0.52.Final.jar:/home/user/.m2/repository/org/fusesource/leveldbjni/leveldbjni-all/1.8/leveldbjni-all-1.8.jar:"/>
    <property name="sun.cpu.endian" value="little"/>
    <property name="user.home" value="/home/user"/>
    <property name="user.language" value="en"/>
    <property name="java.specification.vendor" value="Oracle Corporation"/>
    <property name="java.home" value="/usr/lib/jvm/java-1.8-openjdk/jre"/>
    <property name="java.security.krb5.conf" value="/workdir/hadoop-ozone/integration-test/target/test-classes/krb5.conf"/>
    <property name="basedir" value="/workdir/hadoop-ozone/integration-test"/>
    <property name="file.separator" value="/"/>
    <property name="line.separator" value="&#10;"/>
    <property name="java.vm.specification.vendor" value="Oracle Corporation"/>
    <property name="java.specification.name" value="Java Platform API Specification"/>
    <property name="java.awt.graphicsenv" value="sun.awt.X11GraphicsEnvironment"/>
    <property name="surefire.real.class.path" value="/workdir/hadoop-ozone/integration-test/target/surefire/surefirebooter7849924935998311888.jar"/>
    <property name="hadoop.log.dir" value="/workdir/hadoop-ozone/integration-test/target/log"/>
    <property name="sun.boot.class.path" value="/usr/lib/jvm/java-1.8-openjdk/jre/lib/resources.jar:/usr/lib/jvm/java-1.8-openjdk/jre/lib/rt.jar:/usr/lib/jvm/java-1.8-openjdk/jre/lib/sunrsasign.jar:/usr/lib/jvm/java-1.8-openjdk/jre/lib/jsse.jar:/usr/lib/jvm/java-1.8-openjdk/jre/lib/jce.jar:/usr/lib/jvm/java-1.8-openjdk/jre/lib/charsets.jar:/usr/lib/jvm/java-1.8-openjdk/jre/lib/jfr.jar:/usr/lib/jvm/java-1.8-openjdk/jre/classes"/>
    <property name="sun.management.compiler" value="HotSpot 64-Bit Tiered Compilers"/>
    <property name="java.runtime.version" value="1.8.0_212-b04"/>
    <property name="java.net.preferIPv4Stack" value="true"/>
    <property name="user.name" value="jenkins1000"/>
    <property name="path.separator" value=":"/>
    <property name="java.security.egd" value="file:///dev/urandom"/>
    <property name="os.version" value="3.10.0-957.12.2.el7.x86_64"/>
    <property name="java.endorsed.dirs" value="/usr/lib/jvm/java-1.8-openjdk/jre/lib/endorsed"/>
    <property name="java.runtime.name" value="OpenJDK Runtime Environment"/>
    <property name="file.encoding" value="UTF-8"/>
    <property name="java.vm.name" value="OpenJDK 64-Bit Server VM"/>
    <property name="test.build.webapps" value=""/>
    <property name="localRepository" value="/home/user/.m2/repository"/>
    <property name="java.vendor.url.bug" value="https://icedtea.classpath.org/bugzilla"/>
    <property name="java.io.tmpdir" value="/tmp"/>
    <property name="require.test.libhadoop" value=""/>
    <property name="java.version" value="1.8.0_212"/>
    <property name="user.dir" value="/workdir/hadoop-ozone/integration-test"/>
    <property name="os.arch" value="amd64"/>
    <property name="java.vm.specification.name" value="Java Virtual Machine Specification"/>
    <property name="test.build.classes" value="/workdir/hadoop-ozone/integration-test/target/test-classes"/>
    <property name="java.awt.printerjob" value="sun.print.PSPrinterJob"/>
    <property name="sun.os.patch.level" value="unknown"/>
    <property name="hadoop.tmp.dir" value="/workdir/hadoop-ozone/integration-test/target/tmp"/>
    <property name="java.library.path" value="/usr/lib/jvm/java-1.8-openjdk/jre/lib/amd64/server:/usr/lib/jvm/java-1.8-openjdk/jre/lib/amd64:/usr/lib/jvm/java-1.8-openjdk/jre/../lib/amd64:/workdir/hadoop-ozone/integration-test/target/native/target/usr/local/lib:/workdir/hadoop-ozone/integration-test/../../hadoop-common-project/hadoop-common/target/native/target/usr/local/lib:/usr/java/packages/lib/amd64:/usr/lib64:/lib64:/lib:/usr/lib"/>
    <property name="java.vm.info" value="mixed mode"/>
    <property name="java.vendor" value="IcedTea"/>
    <property name="java.vm.version" value="25.212-b04"/>
    <property name="java.ext.dirs" value="/usr/lib/jvm/java-1.8-openjdk/jre/lib/ext:/usr/java/packages/lib/ext"/>
    <property name="sun.io.unicode.encoding" value="UnicodeLittle"/>
    <property name="java.class.version" value="52.0"/>
  </properties>
  <testcase name="test2DatanodesFailure" classname="org.apache.hadoop.ozone.client.rpc.TestBlockOutputStreamWithFailures" time="42.614">
    <failure message="expected:&lt;5&gt; but was:&lt;6&gt;" type="java.lang.AssertionError"><![CDATA[java.lang.AssertionError: expected:<5> but was:<6>
	at org.junit.Assert.fail(Assert.java:88)
	at org.junit.Assert.failNotEquals(Assert.java:743)
	at org.junit.Assert.assertEquals(Assert.java:118)
	at org.junit.Assert.assertEquals(Assert.java:555)
	at org.junit.Assert.assertEquals(Assert.java:542)
	at org.apache.hadoop.ozone.client.rpc.TestBlockOutputStreamWithFailures.test2DatanodesFailure(TestBlockOutputStreamWithFailures.java:467)
	at sun.reflect.NativeMethodAccessorImpl.invoke0(Native Method)
	at sun.reflect.NativeMethodAccessorImpl.invoke(NativeMethodAccessorImpl.java:62)
	at sun.reflect.DelegatingMethodAccessorImpl.invoke(DelegatingMethodAccessorImpl.java:43)
	at java.lang.reflect.Method.invoke(Method.java:498)
	at org.junit.runners.model.FrameworkMethod$1.runReflectiveCall(FrameworkMethod.java:47)
	at org.junit.internal.runners.model.ReflectiveCallable.run(ReflectiveCallable.java:12)
	at org.junit.runners.model.FrameworkMethod.invokeExplosively(FrameworkMethod.java:44)
	at org.junit.internal.runners.statements.InvokeMethod.evaluate(InvokeMethod.java:17)
	at org.junit.internal.runners.statements.RunBefores.evaluate(RunBefores.java:26)
	at org.junit.internal.runners.statements.RunAfters.evaluate(RunAfters.java:27)
	at org.junit.runners.ParentRunner.runLeaf(ParentRunner.java:271)
	at org.junit.runners.BlockJUnit4ClassRunner.runChild(BlockJUnit4ClassRunner.java:70)
	at org.junit.runners.BlockJUnit4ClassRunner.runChild(BlockJUnit4ClassRunner.java:50)
	at org.junit.runners.ParentRunner$3.run(ParentRunner.java:238)
	at org.junit.runners.ParentRunner$1.schedule(ParentRunner.java:63)
	at org.junit.runners.ParentRunner.runChildren(ParentRunner.java:236)
	at org.junit.runners.ParentRunner.access$000(ParentRunner.java:53)
	at org.junit.runners.ParentRunner$2.evaluate(ParentRunner.java:229)
	at org.junit.runners.ParentRunner.run(ParentRunner.java:309)
	at org.apache.maven.surefire.junit4.JUnit4Provider.execute(JUnit4Provider.java:365)
	at org.apache.maven.surefire.junit4.JUnit4Provider.executeWithRerun(JUnit4Provider.java:273)
	at org.apache.maven.surefire.junit4.JUnit4Provider.executeTestSet(JUnit4Provider.java:238)
	at org.apache.maven.surefire.junit4.JUnit4Provider.invoke(JUnit4Provider.java:159)
	at org.apache.maven.surefire.booter.ForkedBooter.invokeProviderInSameClassLoader(ForkedBooter.java:384)
	at org.apache.maven.surefire.booter.ForkedBooter.runSuitesInProcess(ForkedBooter.java:345)
	at org.apache.maven.surefire.booter.ForkedBooter.execute(ForkedBooter.java:126)
	at org.apache.maven.surefire.booter.ForkedBooter.main(ForkedBooter.java:418)
]]></failure>
    <system-out><![CDATA[2019-08-27 09:24:12,283 [main] WARN  server.ServerUtils (ServerUtils.java:getScmDbDir(145)) - ozone.scm.db.dirs is not configured. We recommend adding this setting. Falling back to ozone.metadata.dirs instead.
2019-08-27 09:24:12,365 [main] WARN  server.ServerUtils (ServerUtils.java:getScmDbDir(145)) - ozone.scm.db.dirs is not configured. We recommend adding this setting. Falling back to ozone.metadata.dirs instead.
2019-08-27 09:24:12,368 [main] WARN  server.ServerUtils (ServerUtils.java:getScmDbDir(145)) - ozone.scm.db.dirs is not configured. We recommend adding this setting. Falling back to ozone.metadata.dirs instead.
2019-08-27 09:24:12,384 [main] INFO  util.log (Log.java:initialized(192)) - Logging initialized @858ms
2019-08-27 09:24:12,483 [main] INFO  db.DBStoreBuilder (DBStoreBuilder.java:addTable(110)) - using custom profile for table: deletedBlocks
2019-08-27 09:24:12,484 [main] INFO  db.DBStoreBuilder (DBStoreBuilder.java:processTables(161)) - Using default column profile:DBProfile.DISK for Table:deletedBlocks
2019-08-27 09:24:12,484 [main] INFO  db.DBStoreBuilder (DBStoreBuilder.java:addTable(110)) - using custom profile for table: validCerts
2019-08-27 09:24:12,484 [main] INFO  db.DBStoreBuilder (DBStoreBuilder.java:processTables(161)) - Using default column profile:DBProfile.DISK for Table:validCerts
2019-08-27 09:24:12,485 [main] INFO  db.DBStoreBuilder (DBStoreBuilder.java:addTable(110)) - using custom profile for table: revokedCerts
2019-08-27 09:24:12,485 [main] INFO  db.DBStoreBuilder (DBStoreBuilder.java:processTables(161)) - Using default column profile:DBProfile.DISK for Table:revokedCerts
2019-08-27 09:24:12,497 [main] INFO  db.DBStoreBuilder (DBStoreBuilder.java:addTable(110)) - using custom profile for table: default
2019-08-27 09:24:12,497 [main] INFO  db.DBStoreBuilder (DBStoreBuilder.java:processTables(167)) - Using default column profile:DBProfile.DISK for Table:default
2019-08-27 09:24:12,498 [main] INFO  db.DBStoreBuilder (DBStoreBuilder.java:getDbProfile(198)) - Using default options. DBProfile.DISK
2019-08-27 09:24:12,721 [main] INFO  net.NodeSchemaLoader (NodeSchemaLoader.java:loadSchemaFromFile(125)) - Loading file from sun.misc.CompoundEnumeration@6eda5c9
2019-08-27 09:24:12,723 [main] INFO  net.NodeSchemaLoader (NodeSchemaLoader.java:loadSchema(171)) - Loading network topology layer schema file
2019-08-27 09:24:12,796 [main] INFO  node.SCMNodeManager (SCMNodeManager.java:<init>(121)) - Entering startup safe mode.
2019-08-27 09:24:12,869 [main] INFO  algorithms.ContainerPlacementPolicyFactory (ContainerPlacementPolicyFactory.java:getPolicy(55)) - Create container placement policy of type org.apache.hadoop.hdds.scm.container.placement.algorithms.SCMContainerPlacementRandom
2019-08-27 09:24:12,884 [main] WARN  server.ServerUtils (ServerUtils.java:getScmDbDir(145)) - ozone.scm.db.dirs is not configured. We recommend adding this setting. Falling back to ozone.metadata.dirs instead.
2019-08-27 09:24:12,940 [main] INFO  pipeline.SCMPipelineManager (SCMPipelineManager.java:initializePipelineState(126)) - No pipeline exists in current db
2019-08-27 09:24:12,943 [main] WARN  server.ServerUtils (ServerUtils.java:getScmDbDir(145)) - ozone.scm.db.dirs is not configured. We recommend adding this setting. Falling back to ozone.metadata.dirs instead.
2019-08-27 09:24:13,046 [main] WARN  events.EventQueue (EventQueue.java:fireEvent(175)) - No event handler registered for event TypedEvent{payloadType=SafeModeStatus, name='SafeModeStatus'}
2019-08-27 09:24:13,548 [main] INFO  ipc.CallQueueManager (CallQueueManager.java:<init>(84)) - Using callQueue: class java.util.concurrent.LinkedBlockingQueue, queueCapacity: 2000, scheduler: class org.apache.hadoop.ipc.DefaultRpcScheduler, ipcBackoff: false.
2019-08-27 09:24:13,867 [Socket Reader #1 for port 35902] INFO  ipc.Server (Server.java:run(1074)) - Starting Socket Reader #1 for port 35902
2019-08-27 09:24:13,893 [main] INFO  ipc.CallQueueManager (CallQueueManager.java:<init>(84)) - Using callQueue: class java.util.concurrent.LinkedBlockingQueue, queueCapacity: 2000, scheduler: class org.apache.hadoop.ipc.DefaultRpcScheduler, ipcBackoff: false.
2019-08-27 09:24:13,894 [Socket Reader #1 for port 37477] INFO  ipc.Server (Server.java:run(1074)) - Starting Socket Reader #1 for port 37477
2019-08-27 09:24:13,902 [main] INFO  ipc.CallQueueManager (CallQueueManager.java:<init>(84)) - Using callQueue: class java.util.concurrent.LinkedBlockingQueue, queueCapacity: 2000, scheduler: class org.apache.hadoop.ipc.DefaultRpcScheduler, ipcBackoff: false.
2019-08-27 09:24:13,903 [Socket Reader #1 for port 32963] INFO  ipc.Server (Server.java:run(1074)) - Starting Socket Reader #1 for port 32963
2019-08-27 09:24:13,925 [main] INFO  hdfs.DFSUtil (DFSUtil.java:httpServerTemplateForNNAndJN(1641)) - Starting Web-server for scm at: http://0.0.0.0:0
2019-08-27 09:24:14,073 [main] INFO  server.AuthenticationFilter (AuthenticationFilter.java:constructSecretProvider(240)) - Unable to initialize FileSignerSecretProvider, falling back to use random secrets.
2019-08-27 09:24:14,081 [main] WARN  http.HttpRequestLog (HttpRequestLog.java:getRequestLog(97)) - Jetty request log can only be enabled using Log4j
2019-08-27 09:24:14,089 [main] INFO  http.HttpServer2 (HttpServer2.java:addGlobalFilter(975)) - Added global filter 'safety' (class=org.apache.hadoop.http.HttpServer2$QuotingInputFilter)
2019-08-27 09:24:14,092 [main] INFO  http.HttpServer2 (HttpServer2.java:addFilter(948)) - Added filter static_user_filter (class=org.apache.hadoop.http.lib.StaticUserWebFilter$StaticUserFilter) to context scm
2019-08-27 09:24:14,092 [main] INFO  http.HttpServer2 (HttpServer2.java:addFilter(958)) - Added filter static_user_filter (class=org.apache.hadoop.http.lib.StaticUserWebFilter$StaticUserFilter) to context static
2019-08-27 09:24:14,092 [main] INFO  http.HttpServer2 (HttpServer2.java:addFilter(958)) - Added filter static_user_filter (class=org.apache.hadoop.http.lib.StaticUserWebFilter$StaticUserFilter) to context logs
2019-08-27 09:24:14,120 [main] INFO  server.StorageContainerManager (StorageContainerManager.java:start(759)) - StorageContainerLocationProtocol RPC server is listening at /0.0.0.0:32963
2019-08-27 09:24:14,178 [main] WARN  impl.MetricsConfig (MetricsConfig.java:loadFirst(134)) - Cannot locate configuration: tried hadoop-metrics2-storagecontainermanager.properties,hadoop-metrics2.properties
2019-08-27 09:24:14,190 [main] INFO  impl.MetricsSystemImpl (MetricsSystemImpl.java:startTimer(374)) - Scheduled Metric snapshot period at 10 second(s).
2019-08-27 09:24:14,190 [main] INFO  impl.MetricsSystemImpl (MetricsSystemImpl.java:start(191)) - StorageContainerManager metrics system started
2019-08-27 09:24:14,444 [main] INFO  server.SCMClientProtocolServer (SCMClientProtocolServer.java:start(151)) - RPC server for Client  is listening at /0.0.0.0:32963
2019-08-27 09:24:14,445 [IPC Server Responder] INFO  ipc.Server (Server.java:run(1314)) - IPC Server Responder: starting
2019-08-27 09:24:14,445 [IPC Server listener on 32963] INFO  ipc.Server (Server.java:run(1153)) - IPC Server listener on 32963: starting
2019-08-27 09:24:14,449 [main] INFO  server.StorageContainerManager (StorageContainerManager.java:start(769)) - ScmBlockLocationProtocol RPC server is listening at /0.0.0.0:37477
2019-08-27 09:24:14,449 [main] INFO  server.SCMBlockProtocolServer (SCMBlockProtocolServer.java:start(140)) - RPC server for Block Protocol is listening at /0.0.0.0:37477
2019-08-27 09:24:14,450 [IPC Server Responder] INFO  ipc.Server (Server.java:run(1314)) - IPC Server Responder: starting
2019-08-27 09:24:14,450 [IPC Server listener on 37477] INFO  ipc.Server (Server.java:run(1153)) - IPC Server listener on 37477: starting
2019-08-27 09:24:14,453 [main] INFO  server.StorageContainerManager (StorageContainerManager.java:start(773)) - ScmDatanodeProtocl RPC server is listening at /0.0.0.0:35902
2019-08-27 09:24:14,453 [main] INFO  server.SCMDatanodeProtocolServer (SCMDatanodeProtocolServer.java:start(191)) - RPC server for DataNodes is listening at /0.0.0.0:35902
2019-08-27 09:24:14,454 [IPC Server Responder] INFO  ipc.Server (Server.java:run(1314)) - IPC Server Responder: starting
2019-08-27 09:24:14,454 [IPC Server listener on 35902] INFO  ipc.Server (Server.java:run(1153)) - IPC Server listener on 35902: starting
2019-08-27 09:24:14,461 [main] INFO  http.HttpServer2 (HttpServer2.java:bindListener(1191)) - Jetty bound to port 37611
2019-08-27 09:24:14,464 [main] INFO  server.Server (Server.java:doStart(351)) - jetty-9.3.24.v20180605, build timestamp: 2018-06-05T17:11:56Z, git hash: 84205aa28f11a4f31f2a3b86d1bba2cc8ab69827
2019-08-27 09:24:14,501 [main] INFO  handler.ContextHandler (ContextHandler.java:doStart(781)) - Started o.e.j.s.ServletContextHandler@1a45193b{/logs,file:///workdir/hadoop-ozone/integration-test/target/log,AVAILABLE}
2019-08-27 09:24:14,501 [main] INFO  handler.ContextHandler (ContextHandler.java:doStart(781)) - Started o.e.j.s.ServletContextHandler@5286c33a{/static,file:///workdir/hadoop-ozone/integration-test/target/test-classes/webapps/static,AVAILABLE}
2019-08-27 09:24:14,534 [main] INFO  handler.ContextHandler (ContextHandler.java:doStart(781)) - Started o.e.j.w.WebAppContext@3676ac27{/,file:///workdir/hadoop-ozone/integration-test/target/test-classes/webapps/scm/,AVAILABLE}{/scm}
2019-08-27 09:24:14,539 [main] INFO  server.AbstractConnector (AbstractConnector.java:doStart(278)) - Started ServerConnector@50305a{HTTP/1.1,[http/1.1]}{0.0.0.0:37611}
2019-08-27 09:24:14,540 [main] INFO  server.Server (Server.java:doStart(419)) - Started @3015ms
2019-08-27 09:24:14,541 [main] INFO  server.BaseHttpServer (BaseHttpServer.java:updateConnectorAddress(213)) - HTTP server of SCM is listening at http://0.0.0.0:37611
2019-08-27 09:24:14,546 [org.apache.hadoop.util.JvmPauseMonitor$Monitor@7646731d] INFO  util.JvmPauseMonitor (JvmPauseMonitor.java:run(188)) - Starting JVM pause monitor
2019-08-27 09:24:14,549 [main] WARN  server.ServerUtils (ServerUtils.java:getDBPath(222)) - ozone.om.db.dirs is not configured. We recommend adding this setting. Falling back to ozone.metadata.dirs instead.
2019-08-27 09:24:14,695 [main] WARN  server.ServerUtils (ServerUtils.java:getDBPath(222)) - ozone.om.db.dirs is not configured. We recommend adding this setting. Falling back to ozone.metadata.dirs instead.
2019-08-27 09:24:14,696 [main] WARN  server.ServerUtils (ServerUtils.java:getDBPath(222)) - ozone.om.db.dirs is not configured. We recommend adding this setting. Falling back to ozone.metadata.dirs instead.
2019-08-27 09:24:14,697 [main] INFO  om.OzoneManager (OzoneManager.java:setOMNodeDetails(648)) - OM Service ID is not set. Setting it to the default ID: omServiceIdDefault
2019-08-27 09:24:14,697 [main] INFO  om.OzoneManager (OzoneManager.java:setOMNodeDetails(654)) - OM Node ID is not set. Setting it to the OmStorage's OmID: 239566a2-c833-4bb7-acbd-e79ab16a8802
2019-08-27 09:24:14,698 [main] INFO  om.OzoneManager (OzoneManager.java:loadOMHAConfigs(605)) - Found matching OM address with OMServiceId: null, OMNodeId: null, RPC Address: localhost:0 and Ratis port: 9872
2019-08-27 09:24:14,984 | INFO  | SCMAudit | user=jenkins1000 | ip=192.168.34.12 | op=GET_SCM_INFO null | ret=SUCCESS |  
2019-08-27 09:24:15,411 [main] WARN  server.ServerUtils (ServerUtils.java:getDBPath(222)) - ozone.om.db.dirs is not configured. We recommend adding this setting. Falling back to ozone.metadata.dirs instead.
2019-08-27 09:24:15,418 [main] INFO  db.DBStoreBuilder (DBStoreBuilder.java:addTable(110)) - using custom profile for table: userTable
2019-08-27 09:24:15,418 [main] INFO  db.DBStoreBuilder (DBStoreBuilder.java:processTables(161)) - Using default column profile:DBProfile.DISK for Table:userTable
2019-08-27 09:24:15,418 [main] INFO  db.DBStoreBuilder (DBStoreBuilder.java:addTable(110)) - using custom profile for table: volumeTable
2019-08-27 09:24:15,419 [main] INFO  db.DBStoreBuilder (DBStoreBuilder.java:processTables(161)) - Using default column profile:DBProfile.DISK for Table:volumeTable
2019-08-27 09:24:15,419 [main] INFO  db.DBStoreBuilder (DBStoreBuilder.java:addTable(110)) - using custom profile for table: bucketTable
2019-08-27 09:24:15,419 [main] INFO  db.DBStoreBuilder (DBStoreBuilder.java:processTables(161)) - Using default column profile:DBProfile.DISK for Table:bucketTable
2019-08-27 09:24:15,419 [main] INFO  db.DBStoreBuilder (DBStoreBuilder.java:addTable(110)) - using custom profile for table: keyTable
2019-08-27 09:24:15,419 [main] INFO  db.DBStoreBuilder (DBStoreBuilder.java:processTables(161)) - Using default column profile:DBProfile.DISK for Table:keyTable
2019-08-27 09:24:15,420 [main] INFO  db.DBStoreBuilder (DBStoreBuilder.java:addTable(110)) - using custom profile for table: deletedTable
2019-08-27 09:24:15,420 [main] INFO  db.DBStoreBuilder (DBStoreBuilder.java:processTables(161)) - Using default column profile:DBProfile.DISK for Table:deletedTable
2019-08-27 09:24:15,420 [main] INFO  db.DBStoreBuilder (DBStoreBuilder.java:addTable(110)) - using custom profile for table: openKeyTable
2019-08-27 09:24:15,420 [main] INFO  db.DBStoreBuilder (DBStoreBuilder.java:processTables(161)) - Using default column profile:DBProfile.DISK for Table:openKeyTable
2019-08-27 09:24:15,421 [main] INFO  db.DBStoreBuilder (DBStoreBuilder.java:addTable(110)) - using custom profile for table: s3Table
2019-08-27 09:24:15,421 [main] INFO  db.DBStoreBuilder (DBStoreBuilder.java:processTables(161)) - Using default column profile:DBProfile.DISK for Table:s3Table
2019-08-27 09:24:15,421 [main] INFO  db.DBStoreBuilder (DBStoreBuilder.java:addTable(110)) - using custom profile for table: multipartInfoTable
2019-08-27 09:24:15,421 [main] INFO  db.DBStoreBuilder (DBStoreBuilder.java:processTables(161)) - Using default column profile:DBProfile.DISK for Table:multipartInfoTable
2019-08-27 09:24:15,421 [main] INFO  db.DBStoreBuilder (DBStoreBuilder.java:addTable(110)) - using custom profile for table: dTokenTable
2019-08-27 09:24:15,422 [main] INFO  db.DBStoreBuilder (DBStoreBuilder.java:processTables(161)) - Using default column profile:DBProfile.DISK for Table:dTokenTable
2019-08-27 09:24:15,422 [main] INFO  db.DBStoreBuilder (DBStoreBuilder.java:addTable(110)) - using custom profile for table: s3SecretTable
2019-08-27 09:24:15,422 [main] INFO  db.DBStoreBuilder (DBStoreBuilder.java:processTables(161)) - Using default column profile:DBProfile.DISK for Table:s3SecretTable
2019-08-27 09:24:15,422 [main] INFO  db.DBStoreBuilder (DBStoreBuilder.java:addTable(110)) - using custom profile for table: prefixTable
2019-08-27 09:24:15,423 [main] INFO  db.DBStoreBuilder (DBStoreBuilder.java:processTables(161)) - Using default column profile:DBProfile.DISK for Table:prefixTable
2019-08-27 09:24:15,423 [main] INFO  db.DBStoreBuilder (DBStoreBuilder.java:addTable(110)) - using custom profile for table: default
2019-08-27 09:24:15,423 [main] INFO  db.DBStoreBuilder (DBStoreBuilder.java:processTables(167)) - Using default column profile:DBProfile.DISK for Table:default
2019-08-27 09:24:15,423 [main] INFO  db.DBStoreBuilder (DBStoreBuilder.java:getDbProfile(198)) - Using default options. DBProfile.DISK
2019-08-27 09:24:15,952 [main] INFO  ipc.CallQueueManager (CallQueueManager.java:<init>(84)) - Using callQueue: class java.util.concurrent.LinkedBlockingQueue, queueCapacity: 2000, scheduler: class org.apache.hadoop.ipc.DefaultRpcScheduler, ipcBackoff: false.
2019-08-27 09:24:15,953 [Socket Reader #1 for port 42074] INFO  ipc.Server (Server.java:run(1074)) - Starting Socket Reader #1 for port 42074
2019-08-27 09:24:15,975 [main] INFO  om.OzoneManager (OzoneManager.java:start(1259)) - OzoneManager RPC server is listening at localhost/127.0.0.1:42074
2019-08-27 09:24:15,975 [main] INFO  impl.MetricsSystemImpl (MetricsSystemImpl.java:init(158)) - OzoneManager metrics system started (again)
2019-08-27 09:24:15,977 [IPC Server Responder] INFO  ipc.Server (Server.java:run(1314)) - IPC Server Responder: starting
2019-08-27 09:24:15,977 [IPC Server listener on 42074] INFO  ipc.Server (Server.java:run(1153)) - IPC Server listener on 42074: starting
2019-08-27 09:24:15,983 [main] INFO  hdfs.DFSUtil (DFSUtil.java:httpServerTemplateForNNAndJN(1641)) - Starting Web-server for ozoneManager at: http://0.0.0.0:0
2019-08-27 09:24:15,985 [main] INFO  server.AuthenticationFilter (AuthenticationFilter.java:constructSecretProvider(240)) - Unable to initialize FileSignerSecretProvider, falling back to use random secrets.
2019-08-27 09:24:15,986 [main] WARN  http.HttpRequestLog (HttpRequestLog.java:getRequestLog(97)) - Jetty request log can only be enabled using Log4j
2019-08-27 09:24:15,989 [main] INFO  http.HttpServer2 (HttpServer2.java:addGlobalFilter(975)) - Added global filter 'safety' (class=org.apache.hadoop.http.HttpServer2$QuotingInputFilter)
2019-08-27 09:24:15,991 [main] INFO  http.HttpServer2 (HttpServer2.java:addFilter(948)) - Added filter static_user_filter (class=org.apache.hadoop.http.lib.StaticUserWebFilter$StaticUserFilter) to context ozoneManager
2019-08-27 09:24:15,991 [main] INFO  http.HttpServer2 (HttpServer2.java:addFilter(958)) - Added filter static_user_filter (class=org.apache.hadoop.http.lib.StaticUserWebFilter$StaticUserFilter) to context static
2019-08-27 09:24:15,991 [main] INFO  http.HttpServer2 (HttpServer2.java:addFilter(958)) - Added filter static_user_filter (class=org.apache.hadoop.http.lib.StaticUserWebFilter$StaticUserFilter) to context logs
2019-08-27 09:24:15,994 [main] INFO  http.HttpServer2 (HttpServer2.java:bindListener(1191)) - Jetty bound to port 37631
2019-08-27 09:24:15,995 [main] INFO  server.Server (Server.java:doStart(351)) - jetty-9.3.24.v20180605, build timestamp: 2018-06-05T17:11:56Z, git hash: 84205aa28f11a4f31f2a3b86d1bba2cc8ab69827
2019-08-27 09:24:15,997 [main] INFO  handler.ContextHandler (ContextHandler.java:doStart(781)) - Started o.e.j.s.ServletContextHandler@51ec2df1{/logs,file:///workdir/hadoop-ozone/integration-test/target/log,AVAILABLE}
2019-08-27 09:24:15,998 [main] INFO  handler.ContextHandler (ContextHandler.java:doStart(781)) - Started o.e.j.s.ServletContextHandler@15fa55a6{/static,file:///workdir/hadoop-ozone/integration-test/target/test-classes/webapps/static,AVAILABLE}
2019-08-27 09:24:16,231 [main] INFO  handler.ContextHandler (ContextHandler.java:doStart(781)) - Started o.e.j.w.WebAppContext@61f3fbb8{/,file:///workdir/hadoop-ozone/integration-test/target/test-classes/webapps/ozoneManager/,AVAILABLE}{/ozoneManager}
2019-08-27 09:24:16,234 [main] INFO  server.AbstractConnector (AbstractConnector.java:doStart(278)) - Started ServerConnector@7551da2a{HTTP/1.1,[http/1.1]}{0.0.0.0:37631}
2019-08-27 09:24:16,235 [main] INFO  server.Server (Server.java:doStart(419)) - Started @4710ms
2019-08-27 09:24:16,236 [main] INFO  server.BaseHttpServer (BaseHttpServer.java:updateConnectorAddress(213)) - HTTP server of OZONEMANAGER is listening at http://0.0.0.0:37631
2019-08-27 09:24:16,403 [main] INFO  impl.MetricsSystemImpl (MetricsSystemImpl.java:init(158)) - HddsDatanode metrics system started (again)
2019-08-27 09:24:16,504 [main] INFO  ozone.HddsDatanodeService (HddsDatanodeService.java:start(184)) - HddsDatanodeService host:pr-hdds-738-8rv22-2539771249 ip:192.168.34.12
2019-08-27 09:24:16,536 [main] INFO  volume.HddsVolume (HddsVolume.java:<init>(176)) - Creating Volume: /workdir/hadoop-ozone/integration-test/target/test-dir/MiniOzoneClusterImpl-58938c5f-3d8a-4dfc-b7d6-ee05bfa799f3/datanode-0/data/containers/hdds of  storage type : DISK and capacity : 1482555576320
2019-08-27 09:24:16,538 [main] INFO  volume.VolumeSet (VolumeSet.java:initializeVolumeSet(170)) - Added Volume : /workdir/hadoop-ozone/integration-test/target/test-dir/MiniOzoneClusterImpl-58938c5f-3d8a-4dfc-b7d6-ee05bfa799f3/datanode-0/data/containers/hdds to VolumeSet
2019-08-27 09:24:16,541 [main] INFO  volume.ThrottledAsyncChecker (ThrottledAsyncChecker.java:schedule(140)) - Scheduling a check for org.apache.hadoop.ozone.container.common.volume.HddsVolume@60acd609
2019-08-27 09:24:16,558 [main] INFO  volume.HddsVolumeChecker (HddsVolumeChecker.java:checkAllVolumes(203)) - Scheduled health check for volume org.apache.hadoop.ozone.container.common.volume.HddsVolume@60acd609
2019-08-27 09:24:16,666 [main] INFO  impl.RaftServerProxy (ConfUtils.java:logGet(43)) - raft.rpc.type = GRPC (default)
2019-08-27 09:24:16,747 [main] INFO  grpc.GrpcFactory (GrpcFactory.java:checkPooledByteBufAllocatorUseCacheForAllThreads(45)) - PERFORMANCE WARNING: useCacheForAllThreads is true that may cause Netty to create a lot garbage objects and, as a result, trigger GC.
	It is recommended to disable useCacheForAllThreads by setting -Dorg.apache.ratis.thirdparty.io.netty.allocator.useCacheForAllThreads=false in command line.
2019-08-27 09:24:16,762 [main] INFO  grpc.GrpcConfigKeys$Server (ConfUtils.java:logGet(43)) - raft.grpc.server.port = 0 (default)
2019-08-27 09:24:16,764 [main] INFO  server.GrpcService (ConfUtils.java:logGet(43)) - raft.grpc.message.size.max = 33570816 (custom)
2019-08-27 09:24:16,767 [main] INFO  server.RaftServerConfigKeys (ConfUtils.java:logGet(43)) - raft.server.log.appender.buffer.byte-limit = 33554432 (custom)
2019-08-27 09:24:16,769 [main] INFO  server.GrpcService (ConfUtils.java:logGet(43)) - raft.grpc.flow.control.window = 1MB (=1048576) (default)
2019-08-27 09:24:16,771 [main] INFO  server.RaftServerConfigKeys (ConfUtils.java:logGet(43)) - raft.server.rpc.request.timeout = 3000ms (default)
2019-08-27 09:24:17,004 [main] INFO  server.RaftServerConfigKeys (ConfUtils.java:logGet(43)) - raft.server.storage.dir = [/workdir/hadoop-ozone/integration-test/target/test-dir/MiniOzoneClusterImpl-58938c5f-3d8a-4dfc-b7d6-ee05bfa799f3/datanode-0/data/ratis] (custom)
2019-08-27 09:24:17,058 [main] INFO  replication.SimpleContainerDownloader (SimpleContainerDownloader.java:<init>(72)) - Starting container downloader service to copy containers to replicate.
2019-08-27 09:24:17,079 [main] INFO  hdfs.DFSUtil (DFSUtil.java:httpServerTemplateForNNAndJN(1641)) - Starting Web-server for hddsDatanode at: http://0.0.0.0:0
2019-08-27 09:24:17,082 [main] INFO  server.AuthenticationFilter (AuthenticationFilter.java:constructSecretProvider(240)) - Unable to initialize FileSignerSecretProvider, falling back to use random secrets.
2019-08-27 09:24:17,082 [main] WARN  http.HttpRequestLog (HttpRequestLog.java:getRequestLog(97)) - Jetty request log can only be enabled using Log4j
2019-08-27 09:24:17,085 [main] INFO  http.HttpServer2 (HttpServer2.java:addGlobalFilter(975)) - Added global filter 'safety' (class=org.apache.hadoop.http.HttpServer2$QuotingInputFilter)
2019-08-27 09:24:17,085 [main] INFO  http.HttpServer2 (HttpServer2.java:addFilter(948)) - Added filter static_user_filter (class=org.apache.hadoop.http.lib.StaticUserWebFilter$StaticUserFilter) to context hddsDatanode
2019-08-27 09:24:17,086 [main] INFO  http.HttpServer2 (HttpServer2.java:addFilter(958)) - Added filter static_user_filter (class=org.apache.hadoop.http.lib.StaticUserWebFilter$StaticUserFilter) to context logs
2019-08-27 09:24:17,086 [main] INFO  http.HttpServer2 (HttpServer2.java:addFilter(958)) - Added filter static_user_filter (class=org.apache.hadoop.http.lib.StaticUserWebFilter$StaticUserFilter) to context static
2019-08-27 09:24:17,087 [main] INFO  http.HttpServer2 (HttpServer2.java:bindListener(1191)) - Jetty bound to port 38040
2019-08-27 09:24:17,087 [main] INFO  server.Server (Server.java:doStart(351)) - jetty-9.3.24.v20180605, build timestamp: 2018-06-05T17:11:56Z, git hash: 84205aa28f11a4f31f2a3b86d1bba2cc8ab69827
2019-08-27 09:24:17,090 [main] INFO  handler.ContextHandler (ContextHandler.java:doStart(781)) - Started o.e.j.s.ServletContextHandler@1cc680e{/logs,file:///workdir/hadoop-ozone/integration-test/target/log,AVAILABLE}
2019-08-27 09:24:17,090 [main] INFO  handler.ContextHandler (ContextHandler.java:doStart(781)) - Started o.e.j.s.ServletContextHandler@6a1d3225{/static,jar:file:/home/user/.m2/repository/org/apache/hadoop/hadoop-hdds-container-service/0.5.0-SNAPSHOT/hadoop-hdds-container-service-0.5.0-SNAPSHOT.jar!/webapps/static,AVAILABLE}
2019-08-27 09:24:17,124 [main] INFO  handler.ContextHandler (ContextHandler.java:doStart(781)) - Started o.e.j.w.WebAppContext@4dba773d{/,file:///tmp/jetty-0.0.0.0-38040-hddsDatanode-_-any-1773370054585668014.dir/webapp/,AVAILABLE}{/hddsDatanode}
2019-08-27 09:24:17,125 [main] INFO  server.AbstractConnector (AbstractConnector.java:doStart(278)) - Started ServerConnector@1d9bd4da{HTTP/1.1,[http/1.1]}{0.0.0.0:38040}
2019-08-27 09:24:17,125 [main] INFO  server.Server (Server.java:doStart(419)) - Started @5600ms
2019-08-27 09:24:17,127 [main] INFO  server.BaseHttpServer (BaseHttpServer.java:updateConnectorAddress(213)) - HTTP server of HDDSDATANODE is listening at http://0.0.0.0:38040
2019-08-27 09:24:17,128 [main] INFO  impl.MetricsSystemImpl (MetricsSystemImpl.java:init(158)) - HddsDatanode metrics system started (again)
2019-08-27 09:24:17,132 [main] INFO  ozone.HddsDatanodeService (HddsDatanodeService.java:start(184)) - HddsDatanodeService host:pr-hdds-738-8rv22-2539771249 ip:192.168.34.12
2019-08-27 09:24:17,133 [org.apache.hadoop.util.JvmPauseMonitor$Monitor@593c75ca] INFO  util.JvmPauseMonitor (JvmPauseMonitor.java:run(188)) - Starting JVM pause monitor
2019-08-27 09:24:17,140 [main] INFO  volume.HddsVolume (HddsVolume.java:<init>(176)) - Creating Volume: /workdir/hadoop-ozone/integration-test/target/test-dir/MiniOzoneClusterImpl-58938c5f-3d8a-4dfc-b7d6-ee05bfa799f3/datanode-1/data/containers/hdds of  storage type : DISK and capacity : 1482555576320
2019-08-27 09:24:17,140 [main] INFO  volume.VolumeSet (VolumeSet.java:initializeVolumeSet(170)) - Added Volume : /workdir/hadoop-ozone/integration-test/target/test-dir/MiniOzoneClusterImpl-58938c5f-3d8a-4dfc-b7d6-ee05bfa799f3/datanode-1/data/containers/hdds to VolumeSet
2019-08-27 09:24:17,141 [main] INFO  volume.ThrottledAsyncChecker (ThrottledAsyncChecker.java:schedule(140)) - Scheduling a check for org.apache.hadoop.ozone.container.common.volume.HddsVolume@f1d0004
2019-08-27 09:24:17,141 [main] INFO  volume.HddsVolumeChecker (HddsVolumeChecker.java:checkAllVolumes(203)) - Scheduled health check for volume org.apache.hadoop.ozone.container.common.volume.HddsVolume@f1d0004
2019-08-27 09:24:17,158 [main] INFO  impl.RaftServerProxy (ConfUtils.java:logGet(43)) - raft.rpc.type = GRPC (default)
2019-08-27 09:24:17,158 [main] INFO  grpc.GrpcFactory (GrpcFactory.java:checkPooledByteBufAllocatorUseCacheForAllThreads(45)) - PERFORMANCE WARNING: useCacheForAllThreads is true that may cause Netty to create a lot garbage objects and, as a result, trigger GC.
	It is recommended to disable useCacheForAllThreads by setting -Dorg.apache.ratis.thirdparty.io.netty.allocator.useCacheForAllThreads=false in command line.
2019-08-27 09:24:17,158 [main] INFO  grpc.GrpcConfigKeys$Server (ConfUtils.java:logGet(43)) - raft.grpc.server.port = 0 (default)
2019-08-27 09:24:17,159 [main] INFO  server.GrpcService (ConfUtils.java:logGet(43)) - raft.grpc.message.size.max = 33570816 (custom)
2019-08-27 09:24:17,159 [main] INFO  server.RaftServerConfigKeys (ConfUtils.java:logGet(43)) - raft.server.log.appender.buffer.byte-limit = 33554432 (custom)
2019-08-27 09:24:17,159 [main] INFO  server.GrpcService (ConfUtils.java:logGet(43)) - raft.grpc.flow.control.window = 1MB (=1048576) (default)
2019-08-27 09:24:17,159 [main] INFO  server.RaftServerConfigKeys (ConfUtils.java:logGet(43)) - raft.server.rpc.request.timeout = 3000ms (default)
2019-08-27 09:24:17,160 [main] INFO  server.RaftServerConfigKeys (ConfUtils.java:logGet(43)) - raft.server.storage.dir = [/workdir/hadoop-ozone/integration-test/target/test-dir/MiniOzoneClusterImpl-58938c5f-3d8a-4dfc-b7d6-ee05bfa799f3/datanode-1/data/ratis] (custom)
2019-08-27 09:24:17,161 [main] INFO  replication.SimpleContainerDownloader (SimpleContainerDownloader.java:<init>(72)) - Starting container downloader service to copy containers to replicate.
2019-08-27 09:24:17,162 [main] INFO  hdfs.DFSUtil (DFSUtil.java:httpServerTemplateForNNAndJN(1641)) - Starting Web-server for hddsDatanode at: http://0.0.0.0:0
2019-08-27 09:24:17,163 [main] INFO  server.AuthenticationFilter (AuthenticationFilter.java:constructSecretProvider(240)) - Unable to initialize FileSignerSecretProvider, falling back to use random secrets.
2019-08-27 09:24:17,164 [main] WARN  http.HttpRequestLog (HttpRequestLog.java:getRequestLog(97)) - Jetty request log can only be enabled using Log4j
2019-08-27 09:24:17,166 [main] INFO  http.HttpServer2 (HttpServer2.java:addGlobalFilter(975)) - Added global filter 'safety' (class=org.apache.hadoop.http.HttpServer2$QuotingInputFilter)
2019-08-27 09:24:17,167 [main] INFO  http.HttpServer2 (HttpServer2.java:addFilter(948)) - Added filter static_user_filter (class=org.apache.hadoop.http.lib.StaticUserWebFilter$StaticUserFilter) to context hddsDatanode
2019-08-27 09:24:17,167 [main] INFO  http.HttpServer2 (HttpServer2.java:addFilter(958)) - Added filter static_user_filter (class=org.apache.hadoop.http.lib.StaticUserWebFilter$StaticUserFilter) to context static
2019-08-27 09:24:17,167 [main] INFO  http.HttpServer2 (HttpServer2.java:addFilter(958)) - Added filter static_user_filter (class=org.apache.hadoop.http.lib.StaticUserWebFilter$StaticUserFilter) to context logs
2019-08-27 09:24:17,168 [main] INFO  http.HttpServer2 (HttpServer2.java:bindListener(1191)) - Jetty bound to port 42702
2019-08-27 09:24:17,168 [main] INFO  server.Server (Server.java:doStart(351)) - jetty-9.3.24.v20180605, build timestamp: 2018-06-05T17:11:56Z, git hash: 84205aa28f11a4f31f2a3b86d1bba2cc8ab69827
2019-08-27 09:24:17,171 [main] INFO  handler.ContextHandler (ContextHandler.java:doStart(781)) - Started o.e.j.s.ServletContextHandler@58fef7f7{/logs,file:///workdir/hadoop-ozone/integration-test/target/log,AVAILABLE}
2019-08-27 09:24:17,172 [main] INFO  handler.ContextHandler (ContextHandler.java:doStart(781)) - Started o.e.j.s.ServletContextHandler@12eedfee{/static,jar:file:/home/user/.m2/repository/org/apache/hadoop/hadoop-hdds-container-service/0.5.0-SNAPSHOT/hadoop-hdds-container-service-0.5.0-SNAPSHOT.jar!/webapps/static,AVAILABLE}
2019-08-27 09:24:17,201 [main] INFO  handler.ContextHandler (ContextHandler.java:doStart(781)) - Started o.e.j.w.WebAppContext@17143b3b{/,file:///tmp/jetty-0.0.0.0-42702-hddsDatanode-_-any-143527865579620063.dir/webapp/,AVAILABLE}{/hddsDatanode}
2019-08-27 09:24:17,201 [main] INFO  server.AbstractConnector (AbstractConnector.java:doStart(278)) - Started ServerConnector@100c8b75{HTTP/1.1,[http/1.1]}{0.0.0.0:42702}
2019-08-27 09:24:17,202 [main] INFO  server.Server (Server.java:doStart(419)) - Started @5677ms
2019-08-27 09:24:17,204 [main] INFO  server.BaseHttpServer (BaseHttpServer.java:updateConnectorAddress(213)) - HTTP server of HDDSDATANODE is listening at http://0.0.0.0:42702
2019-08-27 09:24:17,204 [main] INFO  impl.MetricsSystemImpl (MetricsSystemImpl.java:init(158)) - HddsDatanode metrics system started (again)
2019-08-27 09:24:17,208 [main] INFO  ozone.HddsDatanodeService (HddsDatanodeService.java:start(184)) - HddsDatanodeService host:pr-hdds-738-8rv22-2539771249 ip:192.168.34.12
2019-08-27 09:24:17,208 [org.apache.hadoop.util.JvmPauseMonitor$Monitor@6f8cf571] INFO  util.JvmPauseMonitor (JvmPauseMonitor.java:run(188)) - Starting JVM pause monitor
2019-08-27 09:24:17,218 [main] INFO  volume.HddsVolume (HddsVolume.java:<init>(176)) - Creating Volume: /workdir/hadoop-ozone/integration-test/target/test-dir/MiniOzoneClusterImpl-58938c5f-3d8a-4dfc-b7d6-ee05bfa799f3/datanode-2/data/containers/hdds of  storage type : DISK and capacity : 1482555576320
2019-08-27 09:24:17,218 [main] INFO  volume.VolumeSet (VolumeSet.java:initializeVolumeSet(170)) - Added Volume : /workdir/hadoop-ozone/integration-test/target/test-dir/MiniOzoneClusterImpl-58938c5f-3d8a-4dfc-b7d6-ee05bfa799f3/datanode-2/data/containers/hdds to VolumeSet
2019-08-27 09:24:17,218 [main] INFO  volume.ThrottledAsyncChecker (ThrottledAsyncChecker.java:schedule(140)) - Scheduling a check for org.apache.hadoop.ozone.container.common.volume.HddsVolume@ae2db25
2019-08-27 09:24:17,219 [main] INFO  volume.HddsVolumeChecker (HddsVolumeChecker.java:checkAllVolumes(203)) - Scheduled health check for volume org.apache.hadoop.ozone.container.common.volume.HddsVolume@ae2db25
2019-08-27 09:24:17,233 [main] INFO  impl.RaftServerProxy (ConfUtils.java:logGet(43)) - raft.rpc.type = GRPC (default)
2019-08-27 09:24:17,233 [main] INFO  grpc.GrpcFactory (GrpcFactory.java:checkPooledByteBufAllocatorUseCacheForAllThreads(45)) - PERFORMANCE WARNING: useCacheForAllThreads is true that may cause Netty to create a lot garbage objects and, as a result, trigger GC.
	It is recommended to disable useCacheForAllThreads by setting -Dorg.apache.ratis.thirdparty.io.netty.allocator.useCacheForAllThreads=false in command line.
2019-08-27 09:24:17,233 [main] INFO  grpc.GrpcConfigKeys$Server (ConfUtils.java:logGet(43)) - raft.grpc.server.port = 0 (default)
2019-08-27 09:24:17,234 [main] INFO  server.GrpcService (ConfUtils.java:logGet(43)) - raft.grpc.message.size.max = 33570816 (custom)
2019-08-27 09:24:17,234 [main] INFO  server.RaftServerConfigKeys (ConfUtils.java:logGet(43)) - raft.server.log.appender.buffer.byte-limit = 33554432 (custom)
2019-08-27 09:24:17,234 [main] INFO  server.GrpcService (ConfUtils.java:logGet(43)) - raft.grpc.flow.control.window = 1MB (=1048576) (default)
2019-08-27 09:24:17,234 [main] INFO  server.RaftServerConfigKeys (ConfUtils.java:logGet(43)) - raft.server.rpc.request.timeout = 3000ms (default)
2019-08-27 09:24:17,235 [main] INFO  server.RaftServerConfigKeys (ConfUtils.java:logGet(43)) - raft.server.storage.dir = [/workdir/hadoop-ozone/integration-test/target/test-dir/MiniOzoneClusterImpl-58938c5f-3d8a-4dfc-b7d6-ee05bfa799f3/datanode-2/data/ratis] (custom)
2019-08-27 09:24:17,236 [main] INFO  replication.SimpleContainerDownloader (SimpleContainerDownloader.java:<init>(72)) - Starting container downloader service to copy containers to replicate.
2019-08-27 09:24:17,237 [main] INFO  hdfs.DFSUtil (DFSUtil.java:httpServerTemplateForNNAndJN(1641)) - Starting Web-server for hddsDatanode at: http://0.0.0.0:0
2019-08-27 09:24:17,238 [main] INFO  server.AuthenticationFilter (AuthenticationFilter.java:constructSecretProvider(240)) - Unable to initialize FileSignerSecretProvider, falling back to use random secrets.
2019-08-27 09:24:17,239 [main] WARN  http.HttpRequestLog (HttpRequestLog.java:getRequestLog(97)) - Jetty request log can only be enabled using Log4j
2019-08-27 09:24:17,240 [main] INFO  http.HttpServer2 (HttpServer2.java:addGlobalFilter(975)) - Added global filter 'safety' (class=org.apache.hadoop.http.HttpServer2$QuotingInputFilter)
2019-08-27 09:24:17,241 [main] INFO  http.HttpServer2 (HttpServer2.java:addFilter(948)) - Added filter static_user_filter (class=org.apache.hadoop.http.lib.StaticUserWebFilter$StaticUserFilter) to context hddsDatanode
2019-08-27 09:24:17,241 [main] INFO  http.HttpServer2 (HttpServer2.java:addFilter(958)) - Added filter static_user_filter (class=org.apache.hadoop.http.lib.StaticUserWebFilter$StaticUserFilter) to context logs
2019-08-27 09:24:17,241 [main] INFO  http.HttpServer2 (HttpServer2.java:addFilter(958)) - Added filter static_user_filter (class=org.apache.hadoop.http.lib.StaticUserWebFilter$StaticUserFilter) to context static
2019-08-27 09:24:17,242 [main] INFO  http.HttpServer2 (HttpServer2.java:bindListener(1191)) - Jetty bound to port 41485
2019-08-27 09:24:17,242 [main] INFO  server.Server (Server.java:doStart(351)) - jetty-9.3.24.v20180605, build timestamp: 2018-06-05T17:11:56Z, git hash: 84205aa28f11a4f31f2a3b86d1bba2cc8ab69827
2019-08-27 09:24:17,244 [main] INFO  handler.ContextHandler (ContextHandler.java:doStart(781)) - Started o.e.j.s.ServletContextHandler@1ab5f08a{/logs,file:///workdir/hadoop-ozone/integration-test/target/log,AVAILABLE}
2019-08-27 09:24:17,245 [main] INFO  handler.ContextHandler (ContextHandler.java:doStart(781)) - Started o.e.j.s.ServletContextHandler@79a04e5f{/static,jar:file:/home/user/.m2/repository/org/apache/hadoop/hadoop-hdds-container-service/0.5.0-SNAPSHOT/hadoop-hdds-container-service-0.5.0-SNAPSHOT.jar!/webapps/static,AVAILABLE}
2019-08-27 09:24:17,273 [main] INFO  handler.ContextHandler (ContextHandler.java:doStart(781)) - Started o.e.j.w.WebAppContext@26350ea2{/,file:///tmp/jetty-0.0.0.0-41485-hddsDatanode-_-any-6182349615357444581.dir/webapp/,AVAILABLE}{/hddsDatanode}
2019-08-27 09:24:17,274 [Datanode State Machine Thread - 0] INFO  datanode.InitDatanodeState (InitDatanodeState.java:persistContainerDatanodeDetails(140)) - DatanodeDetails is persisted to /workdir/hadoop-ozone/integration-test/target/test-dir/MiniOzoneClusterImpl-58938c5f-3d8a-4dfc-b7d6-ee05bfa799f3/datanode-0/meta/datanode.id
2019-08-27 09:24:17,275 [main] INFO  server.AbstractConnector (AbstractConnector.java:doStart(278)) - Started ServerConnector@1e9469b8{HTTP/1.1,[http/1.1]}{0.0.0.0:41485}
2019-08-27 09:24:17,275 [main] INFO  server.Server (Server.java:doStart(419)) - Started @5750ms
2019-08-27 09:24:17,278 [main] INFO  server.BaseHttpServer (BaseHttpServer.java:updateConnectorAddress(213)) - HTTP server of HDDSDATANODE is listening at http://0.0.0.0:41485
2019-08-27 09:24:17,280 [main] INFO  impl.MetricsSystemImpl (MetricsSystemImpl.java:init(158)) - HddsDatanode metrics system started (again)
2019-08-27 09:24:17,282 [Datanode State Machine Thread - 0] INFO  datanode.InitDatanodeState (InitDatanodeState.java:persistContainerDatanodeDetails(140)) - DatanodeDetails is persisted to /workdir/hadoop-ozone/integration-test/target/test-dir/MiniOzoneClusterImpl-58938c5f-3d8a-4dfc-b7d6-ee05bfa799f3/datanode-1/meta/datanode.id
2019-08-27 09:24:17,284 [org.apache.hadoop.util.JvmPauseMonitor$Monitor@423f890] INFO  util.JvmPauseMonitor (JvmPauseMonitor.java:run(188)) - Starting JVM pause monitor
2019-08-27 09:24:17,284 [main] INFO  ozone.HddsDatanodeService (HddsDatanodeService.java:start(184)) - HddsDatanodeService host:pr-hdds-738-8rv22-2539771249 ip:192.168.34.12
2019-08-27 09:24:17,287 [Datanode State Machine Thread - 0] INFO  datanode.InitDatanodeState (InitDatanodeState.java:persistContainerDatanodeDetails(140)) - DatanodeDetails is persisted to /workdir/hadoop-ozone/integration-test/target/test-dir/MiniOzoneClusterImpl-58938c5f-3d8a-4dfc-b7d6-ee05bfa799f3/datanode-2/meta/datanode.id
2019-08-27 09:24:17,293 [main] INFO  volume.HddsVolume (HddsVolume.java:<init>(176)) - Creating Volume: /workdir/hadoop-ozone/integration-test/target/test-dir/MiniOzoneClusterImpl-58938c5f-3d8a-4dfc-b7d6-ee05bfa799f3/datanode-3/data/containers/hdds of  storage type : DISK and capacity : 1482555576320
2019-08-27 09:24:17,294 [main] INFO  volume.VolumeSet (VolumeSet.java:initializeVolumeSet(170)) - Added Volume : /workdir/hadoop-ozone/integration-test/target/test-dir/MiniOzoneClusterImpl-58938c5f-3d8a-4dfc-b7d6-ee05bfa799f3/datanode-3/data/containers/hdds to VolumeSet
2019-08-27 09:24:17,294 [main] INFO  volume.ThrottledAsyncChecker (ThrottledAsyncChecker.java:schedule(140)) - Scheduling a check for org.apache.hadoop.ozone.container.common.volume.HddsVolume@512d6e60
2019-08-27 09:24:17,295 [main] INFO  volume.HddsVolumeChecker (HddsVolumeChecker.java:checkAllVolumes(203)) - Scheduled health check for volume org.apache.hadoop.ozone.container.common.volume.HddsVolume@512d6e60
2019-08-27 09:24:17,319 [main] INFO  impl.RaftServerProxy (ConfUtils.java:logGet(43)) - raft.rpc.type = GRPC (default)
2019-08-27 09:24:17,320 [main] INFO  grpc.GrpcFactory (GrpcFactory.java:checkPooledByteBufAllocatorUseCacheForAllThreads(45)) - PERFORMANCE WARNING: useCacheForAllThreads is true that may cause Netty to create a lot garbage objects and, as a result, trigger GC.
	It is recommended to disable useCacheForAllThreads by setting -Dorg.apache.ratis.thirdparty.io.netty.allocator.useCacheForAllThreads=false in command line.
2019-08-27 09:24:17,320 [main] INFO  grpc.GrpcConfigKeys$Server (ConfUtils.java:logGet(43)) - raft.grpc.server.port = 0 (default)
2019-08-27 09:24:17,321 [main] INFO  server.GrpcService (ConfUtils.java:logGet(43)) - raft.grpc.message.size.max = 33570816 (custom)
2019-08-27 09:24:17,321 [main] INFO  server.RaftServerConfigKeys (ConfUtils.java:logGet(43)) - raft.server.log.appender.buffer.byte-limit = 33554432 (custom)
2019-08-27 09:24:17,321 [main] INFO  server.GrpcService (ConfUtils.java:logGet(43)) - raft.grpc.flow.control.window = 1MB (=1048576) (default)
2019-08-27 09:24:17,322 [main] INFO  server.RaftServerConfigKeys (ConfUtils.java:logGet(43)) - raft.server.rpc.request.timeout = 3000ms (default)
2019-08-27 09:24:17,322 [main] INFO  server.RaftServerConfigKeys (ConfUtils.java:logGet(43)) - raft.server.storage.dir = [/workdir/hadoop-ozone/integration-test/target/test-dir/MiniOzoneClusterImpl-58938c5f-3d8a-4dfc-b7d6-ee05bfa799f3/datanode-3/data/ratis] (custom)
2019-08-27 09:24:17,323 [main] INFO  replication.SimpleContainerDownloader (SimpleContainerDownloader.java:<init>(72)) - Starting container downloader service to copy containers to replicate.
2019-08-27 09:24:17,325 [main] INFO  hdfs.DFSUtil (DFSUtil.java:httpServerTemplateForNNAndJN(1641)) - Starting Web-server for hddsDatanode at: http://0.0.0.0:0
2019-08-27 09:24:17,327 [main] INFO  server.AuthenticationFilter (AuthenticationFilter.java:constructSecretProvider(240)) - Unable to initialize FileSignerSecretProvider, falling back to use random secrets.
2019-08-27 09:24:17,327 [main] WARN  http.HttpRequestLog (HttpRequestLog.java:getRequestLog(97)) - Jetty request log can only be enabled using Log4j
2019-08-27 09:24:17,329 [main] INFO  http.HttpServer2 (HttpServer2.java:addGlobalFilter(975)) - Added global filter 'safety' (class=org.apache.hadoop.http.HttpServer2$QuotingInputFilter)
2019-08-27 09:24:17,330 [main] INFO  http.HttpServer2 (HttpServer2.java:addFilter(948)) - Added filter static_user_filter (class=org.apache.hadoop.http.lib.StaticUserWebFilter$StaticUserFilter) to context hddsDatanode
2019-08-27 09:24:17,330 [main] INFO  http.HttpServer2 (HttpServer2.java:addFilter(958)) - Added filter static_user_filter (class=org.apache.hadoop.http.lib.StaticUserWebFilter$StaticUserFilter) to context static
2019-08-27 09:24:17,331 [main] INFO  http.HttpServer2 (HttpServer2.java:addFilter(958)) - Added filter static_user_filter (class=org.apache.hadoop.http.lib.StaticUserWebFilter$StaticUserFilter) to context logs
2019-08-27 09:24:17,331 [main] INFO  http.HttpServer2 (HttpServer2.java:bindListener(1191)) - Jetty bound to port 39611
2019-08-27 09:24:17,332 [main] INFO  server.Server (Server.java:doStart(351)) - jetty-9.3.24.v20180605, build timestamp: 2018-06-05T17:11:56Z, git hash: 84205aa28f11a4f31f2a3b86d1bba2cc8ab69827
2019-08-27 09:24:17,338 [main] INFO  handler.ContextHandler (ContextHandler.java:doStart(781)) - Started o.e.j.s.ServletContextHandler@6cbd0674{/logs,file:///workdir/hadoop-ozone/integration-test/target/log,AVAILABLE}
2019-08-27 09:24:17,339 [main] INFO  handler.ContextHandler (ContextHandler.java:doStart(781)) - Started o.e.j.s.ServletContextHandler@19a64eae{/static,jar:file:/home/user/.m2/repository/org/apache/hadoop/hadoop-hdds-container-service/0.5.0-SNAPSHOT/hadoop-hdds-container-service-0.5.0-SNAPSHOT.jar!/webapps/static,AVAILABLE}
2019-08-27 09:24:17,373 [main] INFO  handler.ContextHandler (ContextHandler.java:doStart(781)) - Started o.e.j.w.WebAppContext@7a8b9166{/,file:///tmp/jetty-0.0.0.0-39611-hddsDatanode-_-any-6067564578790475595.dir/webapp/,AVAILABLE}{/hddsDatanode}
2019-08-27 09:24:17,374 [main] INFO  server.AbstractConnector (AbstractConnector.java:doStart(278)) - Started ServerConnector@4acc5dff{HTTP/1.1,[http/1.1]}{0.0.0.0:39611}
2019-08-27 09:24:17,375 [main] INFO  server.Server (Server.java:doStart(419)) - Started @5850ms
2019-08-27 09:24:17,378 [main] INFO  server.BaseHttpServer (BaseHttpServer.java:updateConnectorAddress(213)) - HTTP server of HDDSDATANODE is listening at http://0.0.0.0:39611
2019-08-27 09:24:17,378 [main] INFO  impl.MetricsSystemImpl (MetricsSystemImpl.java:init(158)) - HddsDatanode metrics system started (again)
2019-08-27 09:24:17,382 [main] INFO  ozone.HddsDatanodeService (HddsDatanodeService.java:start(184)) - HddsDatanodeService host:pr-hdds-738-8rv22-2539771249 ip:192.168.34.12
2019-08-27 09:24:17,382 [org.apache.hadoop.util.JvmPauseMonitor$Monitor@2234ee9b] INFO  util.JvmPauseMonitor (JvmPauseMonitor.java:run(188)) - Starting JVM pause monitor
2019-08-27 09:24:17,385 [Datanode State Machine Thread - 0] INFO  datanode.InitDatanodeState (InitDatanodeState.java:persistContainerDatanodeDetails(140)) - DatanodeDetails is persisted to /workdir/hadoop-ozone/integration-test/target/test-dir/MiniOzoneClusterImpl-58938c5f-3d8a-4dfc-b7d6-ee05bfa799f3/datanode-3/meta/datanode.id
2019-08-27 09:24:17,395 [main] INFO  volume.HddsVolume (HddsVolume.java:<init>(176)) - Creating Volume: /workdir/hadoop-ozone/integration-test/target/test-dir/MiniOzoneClusterImpl-58938c5f-3d8a-4dfc-b7d6-ee05bfa799f3/datanode-4/data/containers/hdds of  storage type : DISK and capacity : 1482555576320
2019-08-27 09:24:17,396 [main] INFO  volume.VolumeSet (VolumeSet.java:initializeVolumeSet(170)) - Added Volume : /workdir/hadoop-ozone/integration-test/target/test-dir/MiniOzoneClusterImpl-58938c5f-3d8a-4dfc-b7d6-ee05bfa799f3/datanode-4/data/containers/hdds to VolumeSet
2019-08-27 09:24:17,396 [main] INFO  volume.ThrottledAsyncChecker (ThrottledAsyncChecker.java:schedule(140)) - Scheduling a check for org.apache.hadoop.ozone.container.common.volume.HddsVolume@71e4b308
2019-08-27 09:24:17,397 [main] INFO  volume.HddsVolumeChecker (HddsVolumeChecker.java:checkAllVolumes(203)) - Scheduled health check for volume org.apache.hadoop.ozone.container.common.volume.HddsVolume@71e4b308
2019-08-27 09:24:17,415 [main] INFO  impl.RaftServerProxy (ConfUtils.java:logGet(43)) - raft.rpc.type = GRPC (default)
2019-08-27 09:24:17,415 [main] INFO  grpc.GrpcFactory (GrpcFactory.java:checkPooledByteBufAllocatorUseCacheForAllThreads(45)) - PERFORMANCE WARNING: useCacheForAllThreads is true that may cause Netty to create a lot garbage objects and, as a result, trigger GC.
	It is recommended to disable useCacheForAllThreads by setting -Dorg.apache.ratis.thirdparty.io.netty.allocator.useCacheForAllThreads=false in command line.
2019-08-27 09:24:17,415 [main] INFO  grpc.GrpcConfigKeys$Server (ConfUtils.java:logGet(43)) - raft.grpc.server.port = 0 (default)
2019-08-27 09:24:17,416 [main] INFO  server.GrpcService (ConfUtils.java:logGet(43)) - raft.grpc.message.size.max = 33570816 (custom)
2019-08-27 09:24:17,416 [main] INFO  server.RaftServerConfigKeys (ConfUtils.java:logGet(43)) - raft.server.log.appender.buffer.byte-limit = 33554432 (custom)
2019-08-27 09:24:17,416 [main] INFO  server.GrpcService (ConfUtils.java:logGet(43)) - raft.grpc.flow.control.window = 1MB (=1048576) (default)
2019-08-27 09:24:17,416 [main] INFO  server.RaftServerConfigKeys (ConfUtils.java:logGet(43)) - raft.server.rpc.request.timeout = 3000ms (default)
2019-08-27 09:24:17,417 [main] INFO  server.RaftServerConfigKeys (ConfUtils.java:logGet(43)) - raft.server.storage.dir = [/workdir/hadoop-ozone/integration-test/target/test-dir/MiniOzoneClusterImpl-58938c5f-3d8a-4dfc-b7d6-ee05bfa799f3/datanode-4/data/ratis] (custom)
2019-08-27 09:24:17,418 [main] INFO  replication.SimpleContainerDownloader (SimpleContainerDownloader.java:<init>(72)) - Starting container downloader service to copy containers to replicate.
2019-08-27 09:24:17,419 [main] INFO  hdfs.DFSUtil (DFSUtil.java:httpServerTemplateForNNAndJN(1641)) - Starting Web-server for hddsDatanode at: http://0.0.0.0:0
2019-08-27 09:24:17,421 [main] INFO  server.AuthenticationFilter (AuthenticationFilter.java:constructSecretProvider(240)) - Unable to initialize FileSignerSecretProvider, falling back to use random secrets.
2019-08-27 09:24:17,421 [main] WARN  http.HttpRequestLog (HttpRequestLog.java:getRequestLog(97)) - Jetty request log can only be enabled using Log4j
2019-08-27 09:24:17,423 [main] INFO  http.HttpServer2 (HttpServer2.java:addGlobalFilter(975)) - Added global filter 'safety' (class=org.apache.hadoop.http.HttpServer2$QuotingInputFilter)
2019-08-27 09:24:17,424 [main] INFO  http.HttpServer2 (HttpServer2.java:addFilter(948)) - Added filter static_user_filter (class=org.apache.hadoop.http.lib.StaticUserWebFilter$StaticUserFilter) to context hddsDatanode
2019-08-27 09:24:17,424 [main] INFO  http.HttpServer2 (HttpServer2.java:addFilter(958)) - Added filter static_user_filter (class=org.apache.hadoop.http.lib.StaticUserWebFilter$StaticUserFilter) to context logs
2019-08-27 09:24:17,424 [main] INFO  http.HttpServer2 (HttpServer2.java:addFilter(958)) - Added filter static_user_filter (class=org.apache.hadoop.http.lib.StaticUserWebFilter$StaticUserFilter) to context static
2019-08-27 09:24:17,425 [main] INFO  http.HttpServer2 (HttpServer2.java:bindListener(1191)) - Jetty bound to port 33273
2019-08-27 09:24:17,425 [main] INFO  server.Server (Server.java:doStart(351)) - jetty-9.3.24.v20180605, build timestamp: 2018-06-05T17:11:56Z, git hash: 84205aa28f11a4f31f2a3b86d1bba2cc8ab69827
2019-08-27 09:24:17,428 [main] INFO  handler.ContextHandler (ContextHandler.java:doStart(781)) - Started o.e.j.s.ServletContextHandler@72e295cc{/logs,file:///workdir/hadoop-ozone/integration-test/target/log,AVAILABLE}
2019-08-27 09:24:17,428 [main] INFO  handler.ContextHandler (ContextHandler.java:doStart(781)) - Started o.e.j.s.ServletContextHandler@6fa0450e{/static,jar:file:/home/user/.m2/repository/org/apache/hadoop/hadoop-hdds-container-service/0.5.0-SNAPSHOT/hadoop-hdds-container-service-0.5.0-SNAPSHOT.jar!/webapps/static,AVAILABLE}
2019-08-27 09:24:17,459 [main] INFO  handler.ContextHandler (ContextHandler.java:doStart(781)) - Started o.e.j.w.WebAppContext@33634f04{/,file:///tmp/jetty-0.0.0.0-33273-hddsDatanode-_-any-4868712448762660969.dir/webapp/,AVAILABLE}{/hddsDatanode}
2019-08-27 09:24:17,460 [main] INFO  server.AbstractConnector (AbstractConnector.java:doStart(278)) - Started ServerConnector@4993febc{HTTP/1.1,[http/1.1]}{0.0.0.0:33273}
2019-08-27 09:24:17,461 [main] INFO  server.Server (Server.java:doStart(419)) - Started @5936ms
2019-08-27 09:24:17,462 [main] INFO  server.BaseHttpServer (BaseHttpServer.java:updateConnectorAddress(213)) - HTTP server of HDDSDATANODE is listening at http://0.0.0.0:33273
2019-08-27 09:24:17,463 [main] INFO  impl.MetricsSystemImpl (MetricsSystemImpl.java:init(158)) - HddsDatanode metrics system started (again)
2019-08-27 09:24:17,466 [org.apache.hadoop.util.JvmPauseMonitor$Monitor@33182a0c] INFO  util.JvmPauseMonitor (JvmPauseMonitor.java:run(188)) - Starting JVM pause monitor
2019-08-27 09:24:17,467 [main] INFO  ozone.HddsDatanodeService (HddsDatanodeService.java:start(184)) - HddsDatanodeService host:pr-hdds-738-8rv22-2539771249 ip:192.168.34.12
2019-08-27 09:24:17,469 [Datanode State Machine Thread - 0] INFO  datanode.InitDatanodeState (InitDatanodeState.java:persistContainerDatanodeDetails(140)) - DatanodeDetails is persisted to /workdir/hadoop-ozone/integration-test/target/test-dir/MiniOzoneClusterImpl-58938c5f-3d8a-4dfc-b7d6-ee05bfa799f3/datanode-4/meta/datanode.id
2019-08-27 09:24:17,477 [main] INFO  volume.HddsVolume (HddsVolume.java:<init>(176)) - Creating Volume: /workdir/hadoop-ozone/integration-test/target/test-dir/MiniOzoneClusterImpl-58938c5f-3d8a-4dfc-b7d6-ee05bfa799f3/datanode-5/data/containers/hdds of  storage type : DISK and capacity : 1482555576320
2019-08-27 09:24:17,477 [main] INFO  volume.VolumeSet (VolumeSet.java:initializeVolumeSet(170)) - Added Volume : /workdir/hadoop-ozone/integration-test/target/test-dir/MiniOzoneClusterImpl-58938c5f-3d8a-4dfc-b7d6-ee05bfa799f3/datanode-5/data/containers/hdds to VolumeSet
2019-08-27 09:24:17,477 [main] INFO  volume.ThrottledAsyncChecker (ThrottledAsyncChecker.java:schedule(140)) - Scheduling a check for org.apache.hadoop.ozone.container.common.volume.HddsVolume@53d13cd4
2019-08-27 09:24:17,478 [main] INFO  volume.HddsVolumeChecker (HddsVolumeChecker.java:checkAllVolumes(203)) - Scheduled health check for volume org.apache.hadoop.ozone.container.common.volume.HddsVolume@53d13cd4
2019-08-27 09:24:17,497 [main] INFO  impl.RaftServerProxy (ConfUtils.java:logGet(43)) - raft.rpc.type = GRPC (default)
2019-08-27 09:24:17,498 [main] INFO  grpc.GrpcFactory (GrpcFactory.java:checkPooledByteBufAllocatorUseCacheForAllThreads(45)) - PERFORMANCE WARNING: useCacheForAllThreads is true that may cause Netty to create a lot garbage objects and, as a result, trigger GC.
	It is recommended to disable useCacheForAllThreads by setting -Dorg.apache.ratis.thirdparty.io.netty.allocator.useCacheForAllThreads=false in command line.
2019-08-27 09:24:17,498 [main] INFO  grpc.GrpcConfigKeys$Server (ConfUtils.java:logGet(43)) - raft.grpc.server.port = 0 (default)
2019-08-27 09:24:17,498 [main] INFO  server.GrpcService (ConfUtils.java:logGet(43)) - raft.grpc.message.size.max = 33570816 (custom)
2019-08-27 09:24:17,498 [main] INFO  server.RaftServerConfigKeys (ConfUtils.java:logGet(43)) - raft.server.log.appender.buffer.byte-limit = 33554432 (custom)
2019-08-27 09:24:17,499 [main] INFO  server.GrpcService (ConfUtils.java:logGet(43)) - raft.grpc.flow.control.window = 1MB (=1048576) (default)
2019-08-27 09:24:17,499 [main] INFO  server.RaftServerConfigKeys (ConfUtils.java:logGet(43)) - raft.server.rpc.request.timeout = 3000ms (default)
2019-08-27 09:24:17,500 [main] INFO  server.RaftServerConfigKeys (ConfUtils.java:logGet(43)) - raft.server.storage.dir = [/workdir/hadoop-ozone/integration-test/target/test-dir/MiniOzoneClusterImpl-58938c5f-3d8a-4dfc-b7d6-ee05bfa799f3/datanode-5/data/ratis] (custom)
2019-08-27 09:24:17,500 [main] INFO  replication.SimpleContainerDownloader (SimpleContainerDownloader.java:<init>(72)) - Starting container downloader service to copy containers to replicate.
2019-08-27 09:24:17,501 [main] INFO  hdfs.DFSUtil (DFSUtil.java:httpServerTemplateForNNAndJN(1641)) - Starting Web-server for hddsDatanode at: http://0.0.0.0:0
2019-08-27 09:24:17,503 [main] INFO  server.AuthenticationFilter (AuthenticationFilter.java:constructSecretProvider(240)) - Unable to initialize FileSignerSecretProvider, falling back to use random secrets.
2019-08-27 09:24:17,503 [main] WARN  http.HttpRequestLog (HttpRequestLog.java:getRequestLog(97)) - Jetty request log can only be enabled using Log4j
2019-08-27 09:24:17,505 [main] INFO  http.HttpServer2 (HttpServer2.java:addGlobalFilter(975)) - Added global filter 'safety' (class=org.apache.hadoop.http.HttpServer2$QuotingInputFilter)
2019-08-27 09:24:17,506 [main] INFO  http.HttpServer2 (HttpServer2.java:addFilter(948)) - Added filter static_user_filter (class=org.apache.hadoop.http.lib.StaticUserWebFilter$StaticUserFilter) to context hddsDatanode
2019-08-27 09:24:17,506 [main] INFO  http.HttpServer2 (HttpServer2.java:addFilter(958)) - Added filter static_user_filter (class=org.apache.hadoop.http.lib.StaticUserWebFilter$StaticUserFilter) to context logs
2019-08-27 09:24:17,506 [main] INFO  http.HttpServer2 (HttpServer2.java:addFilter(958)) - Added filter static_user_filter (class=org.apache.hadoop.http.lib.StaticUserWebFilter$StaticUserFilter) to context static
2019-08-27 09:24:17,507 [main] INFO  http.HttpServer2 (HttpServer2.java:bindListener(1191)) - Jetty bound to port 45288
2019-08-27 09:24:17,507 [main] INFO  server.Server (Server.java:doStart(351)) - jetty-9.3.24.v20180605, build timestamp: 2018-06-05T17:11:56Z, git hash: 84205aa28f11a4f31f2a3b86d1bba2cc8ab69827
2019-08-27 09:24:17,509 [main] INFO  handler.ContextHandler (ContextHandler.java:doStart(781)) - Started o.e.j.s.ServletContextHandler@6535117e{/logs,file:///workdir/hadoop-ozone/integration-test/target/log,AVAILABLE}
2019-08-27 09:24:17,509 [main] INFO  handler.ContextHandler (ContextHandler.java:doStart(781)) - Started o.e.j.s.ServletContextHandler@6fa13e6{/static,jar:file:/home/user/.m2/repository/org/apache/hadoop/hadoop-hdds-container-service/0.5.0-SNAPSHOT/hadoop-hdds-container-service-0.5.0-SNAPSHOT.jar!/webapps/static,AVAILABLE}
2019-08-27 09:24:17,538 [main] INFO  handler.ContextHandler (ContextHandler.java:doStart(781)) - Started o.e.j.w.WebAppContext@507d64aa{/,file:///tmp/jetty-0.0.0.0-45288-hddsDatanode-_-any-3639079408076182863.dir/webapp/,AVAILABLE}{/hddsDatanode}
2019-08-27 09:24:17,539 [main] INFO  server.AbstractConnector (AbstractConnector.java:doStart(278)) - Started ServerConnector@37045b48{HTTP/1.1,[http/1.1]}{0.0.0.0:45288}
2019-08-27 09:24:17,539 [main] INFO  server.Server (Server.java:doStart(419)) - Started @6014ms
2019-08-27 09:24:17,540 [main] INFO  server.BaseHttpServer (BaseHttpServer.java:updateConnectorAddress(213)) - HTTP server of HDDSDATANODE is listening at http://0.0.0.0:45288
2019-08-27 09:24:17,540 [main] INFO  impl.MetricsSystemImpl (MetricsSystemImpl.java:init(158)) - HddsDatanode metrics system started (again)
2019-08-27 09:24:17,545 [main] INFO  ozone.HddsDatanodeService (HddsDatanodeService.java:start(184)) - HddsDatanodeService host:pr-hdds-738-8rv22-2539771249 ip:192.168.34.12
2019-08-27 09:24:17,545 [org.apache.hadoop.util.JvmPauseMonitor$Monitor@27a89ffb] INFO  util.JvmPauseMonitor (JvmPauseMonitor.java:run(188)) - Starting JVM pause monitor
2019-08-27 09:24:17,548 [Datanode State Machine Thread - 0] INFO  datanode.InitDatanodeState (InitDatanodeState.java:persistContainerDatanodeDetails(140)) - DatanodeDetails is persisted to /workdir/hadoop-ozone/integration-test/target/test-dir/MiniOzoneClusterImpl-58938c5f-3d8a-4dfc-b7d6-ee05bfa799f3/datanode-5/meta/datanode.id
2019-08-27 09:24:17,555 [main] INFO  volume.HddsVolume (HddsVolume.java:<init>(176)) - Creating Volume: /workdir/hadoop-ozone/integration-test/target/test-dir/MiniOzoneClusterImpl-58938c5f-3d8a-4dfc-b7d6-ee05bfa799f3/datanode-6/data/containers/hdds of  storage type : DISK and capacity : 1482555576320
2019-08-27 09:24:17,555 [main] INFO  volume.VolumeSet (VolumeSet.java:initializeVolumeSet(170)) - Added Volume : /workdir/hadoop-ozone/integration-test/target/test-dir/MiniOzoneClusterImpl-58938c5f-3d8a-4dfc-b7d6-ee05bfa799f3/datanode-6/data/containers/hdds to VolumeSet
2019-08-27 09:24:17,555 [main] INFO  volume.ThrottledAsyncChecker (ThrottledAsyncChecker.java:schedule(140)) - Scheduling a check for org.apache.hadoop.ozone.container.common.volume.HddsVolume@2c7106d9
2019-08-27 09:24:17,556 [main] INFO  volume.HddsVolumeChecker (HddsVolumeChecker.java:checkAllVolumes(203)) - Scheduled health check for volume org.apache.hadoop.ozone.container.common.volume.HddsVolume@2c7106d9
2019-08-27 09:24:17,571 [main] INFO  impl.RaftServerProxy (ConfUtils.java:logGet(43)) - raft.rpc.type = GRPC (default)
2019-08-27 09:24:17,572 [main] INFO  grpc.GrpcFactory (GrpcFactory.java:checkPooledByteBufAllocatorUseCacheForAllThreads(45)) - PERFORMANCE WARNING: useCacheForAllThreads is true that may cause Netty to create a lot garbage objects and, as a result, trigger GC.
	It is recommended to disable useCacheForAllThreads by setting -Dorg.apache.ratis.thirdparty.io.netty.allocator.useCacheForAllThreads=false in command line.
2019-08-27 09:24:17,572 [main] INFO  grpc.GrpcConfigKeys$Server (ConfUtils.java:logGet(43)) - raft.grpc.server.port = 0 (default)
2019-08-27 09:24:17,572 [main] INFO  server.GrpcService (ConfUtils.java:logGet(43)) - raft.grpc.message.size.max = 33570816 (custom)
2019-08-27 09:24:17,572 [main] INFO  server.RaftServerConfigKeys (ConfUtils.java:logGet(43)) - raft.server.log.appender.buffer.byte-limit = 33554432 (custom)
2019-08-27 09:24:17,572 [main] INFO  server.GrpcService (ConfUtils.java:logGet(43)) - raft.grpc.flow.control.window = 1MB (=1048576) (default)
2019-08-27 09:24:17,573 [main] INFO  server.RaftServerConfigKeys (ConfUtils.java:logGet(43)) - raft.server.rpc.request.timeout = 3000ms (default)
2019-08-27 09:24:17,573 [main] INFO  server.RaftServerConfigKeys (ConfUtils.java:logGet(43)) - raft.server.storage.dir = [/workdir/hadoop-ozone/integration-test/target/test-dir/MiniOzoneClusterImpl-58938c5f-3d8a-4dfc-b7d6-ee05bfa799f3/datanode-6/data/ratis] (custom)
2019-08-27 09:24:17,574 [main] INFO  replication.SimpleContainerDownloader (SimpleContainerDownloader.java:<init>(72)) - Starting container downloader service to copy containers to replicate.
2019-08-27 09:24:17,575 [main] INFO  hdfs.DFSUtil (DFSUtil.java:httpServerTemplateForNNAndJN(1641)) - Starting Web-server for hddsDatanode at: http://0.0.0.0:0
2019-08-27 09:24:17,576 [main] INFO  server.AuthenticationFilter (AuthenticationFilter.java:constructSecretProvider(240)) - Unable to initialize FileSignerSecretProvider, falling back to use random secrets.
2019-08-27 09:24:17,576 [main] WARN  http.HttpRequestLog (HttpRequestLog.java:getRequestLog(97)) - Jetty request log can only be enabled using Log4j
2019-08-27 09:24:17,578 [main] INFO  http.HttpServer2 (HttpServer2.java:addGlobalFilter(975)) - Added global filter 'safety' (class=org.apache.hadoop.http.HttpServer2$QuotingInputFilter)
2019-08-27 09:24:17,579 [main] INFO  http.HttpServer2 (HttpServer2.java:addFilter(948)) - Added filter static_user_filter (class=org.apache.hadoop.http.lib.StaticUserWebFilter$StaticUserFilter) to context hddsDatanode
2019-08-27 09:24:17,579 [main] INFO  http.HttpServer2 (HttpServer2.java:addFilter(958)) - Added filter static_user_filter (class=org.apache.hadoop.http.lib.StaticUserWebFilter$StaticUserFilter) to context static
2019-08-27 09:24:17,579 [main] INFO  http.HttpServer2 (HttpServer2.java:addFilter(958)) - Added filter static_user_filter (class=org.apache.hadoop.http.lib.StaticUserWebFilter$StaticUserFilter) to context logs
2019-08-27 09:24:17,580 [main] INFO  http.HttpServer2 (HttpServer2.java:bindListener(1191)) - Jetty bound to port 43065
2019-08-27 09:24:17,580 [main] INFO  server.Server (Server.java:doStart(351)) - jetty-9.3.24.v20180605, build timestamp: 2018-06-05T17:11:56Z, git hash: 84205aa28f11a4f31f2a3b86d1bba2cc8ab69827
2019-08-27 09:24:17,582 [main] INFO  handler.ContextHandler (ContextHandler.java:doStart(781)) - Started o.e.j.s.ServletContextHandler@30f74e79{/logs,file:///workdir/hadoop-ozone/integration-test/target/log,AVAILABLE}
2019-08-27 09:24:17,582 [main] INFO  handler.ContextHandler (ContextHandler.java:doStart(781)) - Started o.e.j.s.ServletContextHandler@68ac9ec5{/static,jar:file:/home/user/.m2/repository/org/apache/hadoop/hadoop-hdds-container-service/0.5.0-SNAPSHOT/hadoop-hdds-container-service-0.5.0-SNAPSHOT.jar!/webapps/static,AVAILABLE}
2019-08-27 09:24:17,610 [main] INFO  handler.ContextHandler (ContextHandler.java:doStart(781)) - Started o.e.j.w.WebAppContext@6ab4a5b{/,file:///tmp/jetty-0.0.0.0-43065-hddsDatanode-_-any-4371123717003864337.dir/webapp/,AVAILABLE}{/hddsDatanode}
2019-08-27 09:24:17,611 [main] INFO  server.AbstractConnector (AbstractConnector.java:doStart(278)) - Started ServerConnector@2abe9173{HTTP/1.1,[http/1.1]}{0.0.0.0:43065}
2019-08-27 09:24:17,612 [main] INFO  server.Server (Server.java:doStart(419)) - Started @6087ms
2019-08-27 09:24:17,612 [main] INFO  server.BaseHttpServer (BaseHttpServer.java:updateConnectorAddress(213)) - HTTP server of HDDSDATANODE is listening at http://0.0.0.0:43065
2019-08-27 09:24:17,615 [main] INFO  ozone.MiniOzoneClusterImpl (MiniOzoneClusterImpl.java:lambda$waitForClusterToBeReady$0(140)) - Waiting for cluster to be ready. Got 0 of 7 DN Heartbeats.
2019-08-27 09:24:17,616 [org.apache.hadoop.util.JvmPauseMonitor$Monitor@2fad4600] INFO  util.JvmPauseMonitor (JvmPauseMonitor.java:run(188)) - Starting JVM pause monitor
2019-08-27 09:24:17,619 [Datanode State Machine Thread - 0] INFO  datanode.InitDatanodeState (InitDatanodeState.java:persistContainerDatanodeDetails(140)) - DatanodeDetails is persisted to /workdir/hadoop-ozone/integration-test/target/test-dir/MiniOzoneClusterImpl-58938c5f-3d8a-4dfc-b7d6-ee05bfa799f3/datanode-6/meta/datanode.id
2019-08-27 09:24:18,616 [main] INFO  ozone.MiniOzoneClusterImpl (MiniOzoneClusterImpl.java:lambda$waitForClusterToBeReady$0(140)) - Waiting for cluster to be ready. Got 0 of 7 DN Heartbeats.
2019-08-27 09:24:19,174 | INFO  | SCMAudit | user=jenkins1000 | ip=192.168.34.12 | op=GET_VERSION null | ret=SUCCESS |  
2019-08-27 09:24:19,195 [Datanode State Machine Thread - 0] INFO  ozoneimpl.OzoneContainer (OzoneContainer.java:start(186)) - Attempting to start container services.
2019-08-27 09:24:19,197 [Datanode State Machine Thread - 0] INFO  ozoneimpl.OzoneContainer (OzoneContainer.java:startContainerScrub(160)) - Background container scrubber has been disabled by hdds.containerscrub.enabled
2019-08-27 09:24:19,197 [Datanode State Machine Thread - 0] INFO  ratis.XceiverServerRatis (XceiverServerRatis.java:start(404)) - Starting XceiverServerRatis e0471fbb-799c-4b0e-bb57-258e588ecc79 at port 0
2019-08-27 09:24:19,213 | INFO  | SCMAudit | user=jenkins1000 | ip=192.168.34.12 | op=GET_VERSION null | ret=SUCCESS |  
2019-08-27 09:24:19,226 [Datanode State Machine Thread - 0] INFO  impl.RaftServerProxy (RaftServerProxy.java:lambda$start$3(299)) - e0471fbb-799c-4b0e-bb57-258e588ecc79: start RPC server
2019-08-27 09:24:19,228 [Datanode State Machine Thread - 0] INFO  ozoneimpl.OzoneContainer (OzoneContainer.java:start(186)) - Attempting to start container services.
2019-08-27 09:24:19,232 [Datanode State Machine Thread - 0] INFO  ozoneimpl.OzoneContainer (OzoneContainer.java:startContainerScrub(160)) - Background container scrubber has been disabled by hdds.containerscrub.enabled
2019-08-27 09:24:19,232 [Datanode State Machine Thread - 0] INFO  ratis.XceiverServerRatis (XceiverServerRatis.java:start(404)) - Starting XceiverServerRatis d2f14ea7-d66a-4e34-b16b-9d776ceaf026 at port 0
2019-08-27 09:24:19,243 [Datanode State Machine Thread - 0] INFO  impl.RaftServerProxy (RaftServerProxy.java:lambda$start$3(299)) - d2f14ea7-d66a-4e34-b16b-9d776ceaf026: start RPC server
2019-08-27 09:24:19,286 | INFO  | SCMAudit | user=jenkins1000 | ip=192.168.34.12 | op=GET_VERSION null | ret=SUCCESS |  
2019-08-27 09:24:19,300 [Datanode State Machine Thread - 0] INFO  ozoneimpl.OzoneContainer (OzoneContainer.java:start(186)) - Attempting to start container services.
2019-08-27 09:24:19,306 [Datanode State Machine Thread - 0] INFO  ozoneimpl.OzoneContainer (OzoneContainer.java:startContainerScrub(160)) - Background container scrubber has been disabled by hdds.containerscrub.enabled
2019-08-27 09:24:19,306 [Datanode State Machine Thread - 0] INFO  ratis.XceiverServerRatis (XceiverServerRatis.java:start(404)) - Starting XceiverServerRatis 7d876507-ba1b-4ebc-a5b3-10ac658fa12f at port 0
2019-08-27 09:24:19,317 [Datanode State Machine Thread - 0] INFO  impl.RaftServerProxy (RaftServerProxy.java:lambda$start$3(299)) - 7d876507-ba1b-4ebc-a5b3-10ac658fa12f: start RPC server
2019-08-27 09:24:19,384 | INFO  | SCMAudit | user=jenkins1000 | ip=192.168.34.12 | op=GET_VERSION null | ret=SUCCESS |  
2019-08-27 09:24:19,393 [Datanode State Machine Thread - 0] INFO  server.GrpcService (GrpcService.java:startImpl(149)) - 7d876507-ba1b-4ebc-a5b3-10ac658fa12f: GrpcService started, listening on 0.0.0.0/0.0.0.0:36654
2019-08-27 09:24:19,393 [Datanode State Machine Thread - 0] INFO  server.GrpcService (GrpcService.java:startImpl(149)) - d2f14ea7-d66a-4e34-b16b-9d776ceaf026: GrpcService started, listening on 0.0.0.0/0.0.0.0:42786
2019-08-27 09:24:19,393 [Datanode State Machine Thread - 0] INFO  server.GrpcService (GrpcService.java:startImpl(149)) - e0471fbb-799c-4b0e-bb57-258e588ecc79: GrpcService started, listening on 0.0.0.0/0.0.0.0:42809
2019-08-27 09:24:19,394 [Datanode State Machine Thread - 0] INFO  ratis.XceiverServerRatis (XceiverServerRatis.java:start(414)) - XceiverServerRatis d2f14ea7-d66a-4e34-b16b-9d776ceaf026 is started using port 42786
2019-08-27 09:24:19,394 [Datanode State Machine Thread - 0] INFO  ratis.XceiverServerRatis (XceiverServerRatis.java:start(414)) - XceiverServerRatis 7d876507-ba1b-4ebc-a5b3-10ac658fa12f is started using port 36654
2019-08-27 09:24:19,394 [Datanode State Machine Thread - 0] INFO  ratis.XceiverServerRatis (XceiverServerRatis.java:start(414)) - XceiverServerRatis e0471fbb-799c-4b0e-bb57-258e588ecc79 is started using port 42809
2019-08-27 09:24:19,401 [Datanode State Machine Thread - 0] INFO  ozoneimpl.OzoneContainer (OzoneContainer.java:start(186)) - Attempting to start container services.
2019-08-27 09:24:19,402 [Datanode State Machine Thread - 0] INFO  ozoneimpl.OzoneContainer (OzoneContainer.java:startContainerScrub(160)) - Background container scrubber has been disabled by hdds.containerscrub.enabled
2019-08-27 09:24:19,402 [Datanode State Machine Thread - 0] INFO  ratis.XceiverServerRatis (XceiverServerRatis.java:start(404)) - Starting XceiverServerRatis fc98e046-3719-409e-ae96-fb17601fedec at port 0
2019-08-27 09:24:19,402 [Datanode State Machine Thread - 0] INFO  server.XceiverServerGrpc (XceiverServerGrpc.java:start(161)) - XceiverServerGrpc 7d876507-ba1b-4ebc-a5b3-10ac658fa12f is started using port 44995
2019-08-27 09:24:19,403 [Datanode State Machine Thread - 0] INFO  server.XceiverServerGrpc (XceiverServerGrpc.java:start(161)) - XceiverServerGrpc d2f14ea7-d66a-4e34-b16b-9d776ceaf026 is started using port 40051
2019-08-27 09:24:19,402 [Datanode State Machine Thread - 0] INFO  server.XceiverServerGrpc (XceiverServerGrpc.java:start(161)) - XceiverServerGrpc e0471fbb-799c-4b0e-bb57-258e588ecc79 is started using port 39908
2019-08-27 09:24:19,410 [Datanode State Machine Thread - 0] INFO  impl.RaftServerProxy (RaftServerProxy.java:lambda$start$3(299)) - fc98e046-3719-409e-ae96-fb17601fedec: start RPC server
2019-08-27 09:24:19,413 [Datanode State Machine Thread - 0] INFO  server.GrpcService (GrpcService.java:startImpl(149)) - fc98e046-3719-409e-ae96-fb17601fedec: GrpcService started, listening on 0.0.0.0/0.0.0.0:46642
2019-08-27 09:24:19,413 [Datanode State Machine Thread - 0] INFO  ratis.XceiverServerRatis (XceiverServerRatis.java:start(414)) - XceiverServerRatis fc98e046-3719-409e-ae96-fb17601fedec is started using port 46642
2019-08-27 09:24:19,416 [Datanode State Machine Thread - 0] INFO  server.XceiverServerGrpc (XceiverServerGrpc.java:start(161)) - XceiverServerGrpc fc98e046-3719-409e-ae96-fb17601fedec is started using port 42626
2019-08-27 09:24:19,470 | INFO  | SCMAudit | user=jenkins1000 | ip=192.168.34.12 | op=GET_VERSION null | ret=SUCCESS |  
2019-08-27 09:24:19,484 [Datanode State Machine Thread - 0] INFO  ozoneimpl.OzoneContainer (OzoneContainer.java:start(186)) - Attempting to start container services.
2019-08-27 09:24:19,484 [Datanode State Machine Thread - 0] INFO  ozoneimpl.OzoneContainer (OzoneContainer.java:startContainerScrub(160)) - Background container scrubber has been disabled by hdds.containerscrub.enabled
2019-08-27 09:24:19,484 [Datanode State Machine Thread - 0] INFO  ratis.XceiverServerRatis (XceiverServerRatis.java:start(404)) - Starting XceiverServerRatis 56e0bca8-6099-4977-8c71-ca6e0a08dcf0 at port 0
2019-08-27 09:24:19,493 [Datanode State Machine Thread - 0] INFO  impl.RaftServerProxy (RaftServerProxy.java:lambda$start$3(299)) - 56e0bca8-6099-4977-8c71-ca6e0a08dcf0: start RPC server
2019-08-27 09:24:19,497 [Datanode State Machine Thread - 0] INFO  server.GrpcService (GrpcService.java:startImpl(149)) - 56e0bca8-6099-4977-8c71-ca6e0a08dcf0: GrpcService started, listening on 0.0.0.0/0.0.0.0:42744
2019-08-27 09:24:19,498 [Datanode State Machine Thread - 0] INFO  ratis.XceiverServerRatis (XceiverServerRatis.java:start(414)) - XceiverServerRatis 56e0bca8-6099-4977-8c71-ca6e0a08dcf0 is started using port 42744
2019-08-27 09:24:19,501 [Datanode State Machine Thread - 0] INFO  server.XceiverServerGrpc (XceiverServerGrpc.java:start(161)) - XceiverServerGrpc 56e0bca8-6099-4977-8c71-ca6e0a08dcf0 is started using port 37721
2019-08-27 09:24:19,548 | INFO  | SCMAudit | user=jenkins1000 | ip=192.168.34.12 | op=GET_VERSION null | ret=SUCCESS |  
2019-08-27 09:24:19,561 [Datanode State Machine Thread - 0] INFO  ozoneimpl.OzoneContainer (OzoneContainer.java:start(186)) - Attempting to start container services.
2019-08-27 09:24:19,562 [Datanode State Machine Thread - 0] INFO  ozoneimpl.OzoneContainer (OzoneContainer.java:startContainerScrub(160)) - Background container scrubber has been disabled by hdds.containerscrub.enabled
2019-08-27 09:24:19,562 [Datanode State Machine Thread - 0] INFO  ratis.XceiverServerRatis (XceiverServerRatis.java:start(404)) - Starting XceiverServerRatis ce8ae317-8251-4b4b-ad79-c99d4c9d019c at port 0
2019-08-27 09:24:19,571 [Datanode State Machine Thread - 0] INFO  impl.RaftServerProxy (RaftServerProxy.java:lambda$start$3(299)) - ce8ae317-8251-4b4b-ad79-c99d4c9d019c: start RPC server
2019-08-27 09:24:19,575 [Datanode State Machine Thread - 0] INFO  server.GrpcService (GrpcService.java:startImpl(149)) - ce8ae317-8251-4b4b-ad79-c99d4c9d019c: GrpcService started, listening on 0.0.0.0/0.0.0.0:40438
2019-08-27 09:24:19,575 [Datanode State Machine Thread - 0] INFO  ratis.XceiverServerRatis (XceiverServerRatis.java:start(414)) - XceiverServerRatis ce8ae317-8251-4b4b-ad79-c99d4c9d019c is started using port 40438
2019-08-27 09:24:19,578 [Datanode State Machine Thread - 0] INFO  server.XceiverServerGrpc (XceiverServerGrpc.java:start(161)) - XceiverServerGrpc ce8ae317-8251-4b4b-ad79-c99d4c9d019c is started using port 44296
2019-08-27 09:24:19,618 [main] INFO  ozone.MiniOzoneClusterImpl (MiniOzoneClusterImpl.java:lambda$waitForClusterToBeReady$0(140)) - Waiting for cluster to be ready. Got 0 of 7 DN Heartbeats.
2019-08-27 09:24:19,619 | INFO  | SCMAudit | user=jenkins1000 | ip=192.168.34.12 | op=GET_VERSION null | ret=SUCCESS |  
2019-08-27 09:24:19,633 [Datanode State Machine Thread - 0] INFO  ozoneimpl.OzoneContainer (OzoneContainer.java:start(186)) - Attempting to start container services.
2019-08-27 09:24:19,633 [Datanode State Machine Thread - 0] INFO  ozoneimpl.OzoneContainer (OzoneContainer.java:startContainerScrub(160)) - Background container scrubber has been disabled by hdds.containerscrub.enabled
2019-08-27 09:24:19,633 [Datanode State Machine Thread - 0] INFO  ratis.XceiverServerRatis (XceiverServerRatis.java:start(404)) - Starting XceiverServerRatis 79c4d2ef-606e-4498-8078-25febc5aaa5f at port 0
2019-08-27 09:24:19,643 [Datanode State Machine Thread - 0] INFO  impl.RaftServerProxy (RaftServerProxy.java:lambda$start$3(299)) - 79c4d2ef-606e-4498-8078-25febc5aaa5f: start RPC server
2019-08-27 09:24:19,649 [Datanode State Machine Thread - 0] INFO  server.GrpcService (GrpcService.java:startImpl(149)) - 79c4d2ef-606e-4498-8078-25febc5aaa5f: GrpcService started, listening on 0.0.0.0/0.0.0.0:33541
2019-08-27 09:24:19,650 [Datanode State Machine Thread - 0] INFO  ratis.XceiverServerRatis (XceiverServerRatis.java:start(414)) - XceiverServerRatis 79c4d2ef-606e-4498-8078-25febc5aaa5f is started using port 33541
2019-08-27 09:24:19,655 [Datanode State Machine Thread - 0] INFO  server.XceiverServerGrpc (XceiverServerGrpc.java:start(161)) - XceiverServerGrpc 79c4d2ef-606e-4498-8078-25febc5aaa5f is started using port 42978
2019-08-27 09:24:20,619 [main] INFO  ozone.MiniOzoneClusterImpl (MiniOzoneClusterImpl.java:lambda$waitForClusterToBeReady$0(140)) - Waiting for cluster to be ready. Got 0 of 7 DN Heartbeats.
2019-08-27 09:24:21,171 [IPC Server handler 4 on 35902] INFO  net.NetworkTopology (NetworkTopologyImpl.java:add(110)) - Added a new node: /default-rack/e0471fbb-799c-4b0e-bb57-258e588ecc79
2019-08-27 09:24:21,172 [IPC Server handler 4 on 35902] INFO  node.SCMNodeManager (SCMNodeManager.java:register(273)) - Registered Data node : e0471fbb-799c-4b0e-bb57-258e588ecc79{ip: 192.168.34.12, host: pr-hdds-738-8rv22-2539771249, networkLocation: /default-rack, certSerialId: null}
2019-08-27 09:24:21,176 [EventQueue-NodeRegistrationContainerReportForDataNodeSafeModeRule] INFO  safemode.SCMSafeModeManager (DataNodeSafeModeRule.java:process(71)) - SCM in safe mode. 1 DataNodes registered, 1 required.
2019-08-27 09:24:21,176 [EventQueue-NodeRegistrationContainerReportForDataNodeSafeModeRule] INFO  safemode.SCMSafeModeManager (SCMSafeModeManager.java:validateSafeModeExitRules(177)) - ScmSafeModeManager, all rules are successfully validated
2019-08-27 09:24:21,176 [EventQueue-NodeRegistrationContainerReportForDataNodeSafeModeRule] INFO  safemode.SCMSafeModeManager (SCMSafeModeManager.java:exitSafeMode(193)) - SCM exiting safe mode.
2019-08-27 09:24:21,181 | INFO  | SCMAudit | user=jenkins1000 | ip=192.168.34.12 | op=REGISTER {datanodeDetails=e0471fbb-799c-4b0e-bb57-258e588ecc79{ip: 192.168.34.12, host: pr-hdds-738-8rv22-2539771249, networkLocation: /default-rack, certSerialId: null}} | ret=SUCCESS |  
2019-08-27 09:24:21,211 [IPC Server handler 3 on 35902] INFO  net.NetworkTopology (NetworkTopologyImpl.java:add(110)) - Added a new node: /default-rack/d2f14ea7-d66a-4e34-b16b-9d776ceaf026
2019-08-27 09:24:21,211 [IPC Server handler 3 on 35902] INFO  node.SCMNodeManager (SCMNodeManager.java:register(273)) - Registered Data node : d2f14ea7-d66a-4e34-b16b-9d776ceaf026{ip: 192.168.34.12, host: pr-hdds-738-8rv22-2539771249, networkLocation: /default-rack, certSerialId: null}
2019-08-27 09:24:21,212 | INFO  | SCMAudit | user=jenkins1000 | ip=192.168.34.12 | op=REGISTER {datanodeDetails=d2f14ea7-d66a-4e34-b16b-9d776ceaf026{ip: 192.168.34.12, host: pr-hdds-738-8rv22-2539771249, networkLocation: /default-rack, certSerialId: null}} | ret=SUCCESS |  
2019-08-27 09:24:21,287 [IPC Server handler 5 on 35902] INFO  net.NetworkTopology (NetworkTopologyImpl.java:add(110)) - Added a new node: /default-rack/7d876507-ba1b-4ebc-a5b3-10ac658fa12f
2019-08-27 09:24:21,287 [IPC Server handler 5 on 35902] INFO  node.SCMNodeManager (SCMNodeManager.java:register(273)) - Registered Data node : 7d876507-ba1b-4ebc-a5b3-10ac658fa12f{ip: 192.168.34.12, host: pr-hdds-738-8rv22-2539771249, networkLocation: /default-rack, certSerialId: null}
2019-08-27 09:24:21,288 | INFO  | SCMAudit | user=jenkins1000 | ip=192.168.34.12 | op=REGISTER {datanodeDetails=7d876507-ba1b-4ebc-a5b3-10ac658fa12f{ip: 192.168.34.12, host: pr-hdds-738-8rv22-2539771249, networkLocation: /default-rack, certSerialId: null}} | ret=SUCCESS |  
2019-08-27 09:24:21,387 [IPC Server handler 6 on 35902] INFO  net.NetworkTopology (NetworkTopologyImpl.java:add(110)) - Added a new node: /default-rack/fc98e046-3719-409e-ae96-fb17601fedec
2019-08-27 09:24:21,387 [IPC Server handler 6 on 35902] INFO  node.SCMNodeManager (SCMNodeManager.java:register(273)) - Registered Data node : fc98e046-3719-409e-ae96-fb17601fedec{ip: 192.168.34.12, host: pr-hdds-738-8rv22-2539771249, networkLocation: /default-rack, certSerialId: null}
2019-08-27 09:24:21,387 | INFO  | SCMAudit | user=jenkins1000 | ip=192.168.34.12 | op=REGISTER {datanodeDetails=fc98e046-3719-409e-ae96-fb17601fedec{ip: 192.168.34.12, host: pr-hdds-738-8rv22-2539771249, networkLocation: /default-rack, certSerialId: null}} | ret=SUCCESS |  
2019-08-27 09:24:21,471 [IPC Server handler 0 on 35902] INFO  net.NetworkTopology (NetworkTopologyImpl.java:add(110)) - Added a new node: /default-rack/56e0bca8-6099-4977-8c71-ca6e0a08dcf0
2019-08-27 09:24:21,471 [IPC Server handler 0 on 35902] INFO  node.SCMNodeManager (SCMNodeManager.java:register(273)) - Registered Data node : 56e0bca8-6099-4977-8c71-ca6e0a08dcf0{ip: 192.168.34.12, host: pr-hdds-738-8rv22-2539771249, networkLocation: /default-rack, certSerialId: null}
2019-08-27 09:24:21,472 | INFO  | SCMAudit | user=jenkins1000 | ip=192.168.34.12 | op=REGISTER {datanodeDetails=56e0bca8-6099-4977-8c71-ca6e0a08dcf0{ip: 192.168.34.12, host: pr-hdds-738-8rv22-2539771249, networkLocation: /default-rack, certSerialId: null}} | ret=SUCCESS |  
2019-08-27 09:24:21,550 [IPC Server handler 1 on 35902] INFO  net.NetworkTopology (NetworkTopologyImpl.java:add(110)) - Added a new node: /default-rack/ce8ae317-8251-4b4b-ad79-c99d4c9d019c
2019-08-27 09:24:21,550 [IPC Server handler 1 on 35902] INFO  node.SCMNodeManager (SCMNodeManager.java:register(273)) - Registered Data node : ce8ae317-8251-4b4b-ad79-c99d4c9d019c{ip: 192.168.34.12, host: pr-hdds-738-8rv22-2539771249, networkLocation: /default-rack, certSerialId: null}
2019-08-27 09:24:21,550 | INFO  | SCMAudit | user=jenkins1000 | ip=192.168.34.12 | op=REGISTER {datanodeDetails=ce8ae317-8251-4b4b-ad79-c99d4c9d019c{ip: 192.168.34.12, host: pr-hdds-738-8rv22-2539771249, networkLocation: /default-rack, certSerialId: null}} | ret=SUCCESS |  
2019-08-27 09:24:21,620 [main] INFO  ozone.MiniOzoneClusterImpl (MiniOzoneClusterImpl.java:lambda$waitForClusterToBeReady$0(140)) - Waiting for cluster to be ready. Got 6 of 7 DN Heartbeats.
2019-08-27 09:24:21,621 [IPC Server handler 4 on 35902] INFO  net.NetworkTopology (NetworkTopologyImpl.java:add(110)) - Added a new node: /default-rack/79c4d2ef-606e-4498-8078-25febc5aaa5f
2019-08-27 09:24:21,621 [IPC Server handler 4 on 35902] INFO  node.SCMNodeManager (SCMNodeManager.java:register(273)) - Registered Data node : 79c4d2ef-606e-4498-8078-25febc5aaa5f{ip: 192.168.34.12, host: pr-hdds-738-8rv22-2539771249, networkLocation: /default-rack, certSerialId: null}
2019-08-27 09:24:21,622 | INFO  | SCMAudit | user=jenkins1000 | ip=192.168.34.12 | op=REGISTER {datanodeDetails=79c4d2ef-606e-4498-8078-25febc5aaa5f{ip: 192.168.34.12, host: pr-hdds-738-8rv22-2539771249, networkLocation: /default-rack, certSerialId: null}} | ret=SUCCESS |  
2019-08-27 09:24:21,757 [grpc-default-executor-0] INFO  impl.RaftServerProxy (RaftServerProxy.java:addNew(89)) - e0471fbb-799c-4b0e-bb57-258e588ecc79: addNew group-A1C929C98BE0:[e0471fbb-799c-4b0e-bb57-258e588ecc79:192.168.34.12:42809] returns group-A1C929C98BE0:java.util.concurrent.CompletableFuture@29b47cb2[Not completed]
2019-08-27 09:24:21,778 [pool-27-thread-1] INFO  impl.RaftServerImpl (RaftServerImpl.java:<init>(93)) - e0471fbb-799c-4b0e-bb57-258e588ecc79: new RaftServerImpl for group-A1C929C98BE0:[e0471fbb-799c-4b0e-bb57-258e588ecc79:192.168.34.12:42809] with ContainerStateMachine:uninitialized
2019-08-27 09:24:21,780 [pool-27-thread-1] INFO  server.RaftServerConfigKeys (ConfUtils.java:logGet(43)) - raft.server.rpc.timeout.min = 5s (custom)
2019-08-27 09:24:21,781 [pool-27-thread-1] INFO  server.RaftServerConfigKeys (ConfUtils.java:logGet(43)) - raft.server.rpc.timeout.max = 5200ms (custom)
2019-08-27 09:24:21,782 [pool-27-thread-1] INFO  server.RaftServerConfigKeys (ConfUtils.java:logGet(43)) - raft.server.rpcslowness.timeout = 120s (custom)
2019-08-27 09:24:21,782 [pool-27-thread-1] INFO  server.RaftServerConfigKeys (ConfUtils.java:logGet(43)) - raft.server.sleep.deviation.threshold = 300 (default)
2019-08-27 09:24:21,783 [pool-27-thread-1] INFO  server.RaftServerConfigKeys (ConfUtils.java:logGet(43)) - raft.server.log.appender.install.snapshot.enabled = false (custom)
2019-08-27 09:24:21,790 [pool-27-thread-1] INFO  impl.RaftServerImpl (ServerState.java:<init>(105)) - e0471fbb-799c-4b0e-bb57-258e588ecc79:group-A1C929C98BE0 ConfigurationManager, init=-1: [e0471fbb-799c-4b0e-bb57-258e588ecc79:192.168.34.12:42809], old=null, confs=<EMPTY_MAP>
2019-08-27 09:24:21,790 [pool-27-thread-1] INFO  server.RaftServerConfigKeys (ConfUtils.java:logGet(43)) - raft.server.storage.dir = [/workdir/hadoop-ozone/integration-test/target/test-dir/MiniOzoneClusterImpl-58938c5f-3d8a-4dfc-b7d6-ee05bfa799f3/datanode-0/data/ratis] (custom)
2019-08-27 09:24:21,797 [pool-27-thread-1] INFO  storage.RaftStorageDirectory (RaftStorageDirectory.java:analyzeStorage(246)) - The storage directory /workdir/hadoop-ozone/integration-test/target/test-dir/MiniOzoneClusterImpl-58938c5f-3d8a-4dfc-b7d6-ee05bfa799f3/datanode-0/data/ratis/a59d8e8e-a85f-436d-b611-a1c929c98be0 does not exist. Creating ...
2019-08-27 09:24:21,816 [pool-27-thread-1] INFO  storage.RaftStorageDirectory (RaftStorageDirectory.java:tryLock(328)) - Lock on /workdir/hadoop-ozone/integration-test/target/test-dir/MiniOzoneClusterImpl-58938c5f-3d8a-4dfc-b7d6-ee05bfa799f3/datanode-0/data/ratis/a59d8e8e-a85f-436d-b611-a1c929c98be0/in_use.lock acquired by nodename 2221@pr-hdds-738-8rv22-2539771249
2019-08-27 09:24:21,832 [pool-27-thread-1] INFO  storage.RaftStorage (RaftStorage.java:format(72)) - Storage directory /workdir/hadoop-ozone/integration-test/target/test-dir/MiniOzoneClusterImpl-58938c5f-3d8a-4dfc-b7d6-ee05bfa799f3/datanode-0/data/ratis/a59d8e8e-a85f-436d-b611-a1c929c98be0 has been successfully formatted.
2019-08-27 09:24:21,834 [pool-27-thread-1] INFO  ratis.ContainerStateMachine (ContainerStateMachine.java:loadSnapshot(226)) - group-A1C929C98BE0: The snapshot info is null. Setting the last applied indexto:(t:0, i:~)
2019-08-27 09:24:21,835 [pool-27-thread-1] INFO  server.RaftServerConfigKeys (ConfUtils.java:logGet(43)) - raft.server.leader.election.timeout = 120s (custom)
2019-08-27 09:24:21,837 [pool-27-thread-1] INFO  server.RaftServerConfigKeys (ConfUtils.java:logGet(43)) - raft.server.log.use.memory = false (default)
2019-08-27 09:24:21,842 [pool-27-thread-1] INFO  server.RaftServerConfigKeys (ConfUtils.java:logGet(43)) - raft.server.log.purge.gap = 1000000 (custom)
2019-08-27 09:24:21,842 [pool-27-thread-1] INFO  server.RaftServerConfigKeys (ConfUtils.java:logGet(43)) - raft.server.log.appender.buffer.byte-limit = 33554432 (custom)
2019-08-27 09:24:21,844 [pool-27-thread-1] INFO  server.RaftServerConfigKeys (ConfUtils.java:logGet(43)) - raft.server.log.segment.size.max = 1048576 (custom)
2019-08-27 09:24:21,848 [pool-27-thread-1] INFO  server.RaftServerConfigKeys (ConfUtils.java:logGet(43)) - raft.server.log.segment.cache.num.max = 2 (custom)
2019-08-27 09:24:21,853 [pool-27-thread-1] INFO  segmented.SegmentedRaftLogWorker (SegmentedRaftLogWorker.java:<init>(172)) - new e0471fbb-799c-4b0e-bb57-258e588ecc79-SegmentedRaftLogWorker:Storage Directory /workdir/hadoop-ozone/integration-test/target/test-dir/MiniOzoneClusterImpl-58938c5f-3d8a-4dfc-b7d6-ee05bfa799f3/datanode-0/data/ratis/a59d8e8e-a85f-436d-b611-a1c929c98be0 for RaftStorage:Storage Directory /workdir/hadoop-ozone/integration-test/target/test-dir/MiniOzoneClusterImpl-58938c5f-3d8a-4dfc-b7d6-ee05bfa799f3/datanode-0/data/ratis/a59d8e8e-a85f-436d-b611-a1c929c98be0
2019-08-27 09:24:21,865 [pool-27-thread-1] INFO  server.RaftServerConfigKeys (ConfUtils.java:logGet(43)) - raft.server.log.queue.byte-limit = 2147483647 (custom)
2019-08-27 09:24:21,865 [pool-27-thread-1] INFO  server.RaftServerConfigKeys (ConfUtils.java:logGet(43)) - raft.server.log.queue.element-limit = 1024 (custom)
2019-08-27 09:24:21,870 [pool-27-thread-1] INFO  server.RaftServerConfigKeys (ConfUtils.java:logGet(43)) - raft.server.log.segment.size.max = 1048576 (custom)
2019-08-27 09:24:21,870 [pool-27-thread-1] INFO  server.RaftServerConfigKeys (ConfUtils.java:logGet(43)) - raft.server.log.preallocated.size = 16384 (custom)
2019-08-27 09:24:21,871 [pool-27-thread-1] INFO  server.RaftServerConfigKeys (ConfUtils.java:logGet(43)) - raft.server.log.write.buffer.size = 33554432 (custom)
2019-08-27 09:24:21,871 [pool-27-thread-1] INFO  server.RaftServerConfigKeys (ConfUtils.java:logGet(43)) - raft.server.log.force.sync.num = 128 (default)
2019-08-27 09:24:21,872 [pool-27-thread-1] INFO  server.RaftServerConfigKeys (ConfUtils.java:logGet(43)) - raft.server.log.statemachine.data.sync = true (default)
2019-08-27 09:24:21,872 [pool-27-thread-1] INFO  server.RaftServerConfigKeys (ConfUtils.java:logGet(43)) - raft.server.log.statemachine.data.sync.timeout = 10s (default)
2019-08-27 09:24:21,873 [pool-27-thread-1] INFO  server.RaftServerConfigKeys (ConfUtils.java:logGet(43)) - raft.server.log.statemachine.data.sync.timeout.retry = -1 (default)
2019-08-27 09:24:21,881 [pool-27-thread-1] INFO  server.RaftServerConfigKeys (ConfUtils.java:logGet(43)) - raft.server.log.statemachine.data.caching.enabled = true (custom)
2019-08-27 09:24:21,886 [pool-27-thread-1] INFO  segmented.SegmentedRaftLogWorker (SegmentedRaftLogWorker.java:lambda$new$0(132)) - e0471fbb-799c-4b0e-bb57-258e588ecc79-SegmentedRaftLogWorker:Storage Directory /workdir/hadoop-ozone/integration-test/target/test-dir/MiniOzoneClusterImpl-58938c5f-3d8a-4dfc-b7d6-ee05bfa799f3/datanode-0/data/ratis/a59d8e8e-a85f-436d-b611-a1c929c98be0: flushIndex: setUnconditionally 0 -> -1
2019-08-27 09:24:21,889 [pool-27-thread-1] INFO  server.RaftServerConfigKeys (ConfUtils.java:logGet(43)) - raft.server.snapshot.auto.trigger.enabled = true (custom)
2019-08-27 09:24:21,890 [pool-27-thread-1] INFO  server.RaftServerConfigKeys (ConfUtils.java:logGet(43)) - raft.server.snapshot.auto.trigger.threshold = 10000 (custom)
2019-08-27 09:24:21,891 [pool-27-thread-1] INFO  server.RaftServerConfigKeys (ConfUtils.java:logGet(43)) - raft.server.retrycache.expirytime = 600000ms (custom)
2019-08-27 09:24:21,911 [pool-27-thread-1] INFO  impl.RaftServerImpl (RaftServerImpl.java:start(180)) - e0471fbb-799c-4b0e-bb57-258e588ecc79: start group-A1C929C98BE0
2019-08-27 09:24:21,911 [pool-27-thread-1] INFO  impl.RaftServerImpl (RaftServerImpl.java:setRole(171)) - e0471fbb-799c-4b0e-bb57-258e588ecc79:group-A1C929C98BE0 changes role from null to FOLLOWER at term 0 for startAsFollower
2019-08-27 09:24:21,913 [pool-27-thread-1] INFO  impl.RoleInfo (RoleInfo.java:updateAndGet(143)) - e0471fbb-799c-4b0e-bb57-258e588ecc79: start FollowerState
2019-08-27 09:24:21,914 [pool-27-thread-1] INFO  util.JmxRegister (JmxRegister.java:tryRegister(44)) - Successfully registered JMX Bean with object name Ratis:service=RaftServer,group=group-A1C929C98BE0,id=e0471fbb-799c-4b0e-bb57-258e588ecc79
2019-08-27 09:24:21,983 [RatisPipelineUtilsThread] INFO  pipeline.PipelineStateManager (PipelineStateManager.java:addPipeline(56)) - Created pipeline Pipeline[ Id: a59d8e8e-a85f-436d-b611-a1c929c98be0, Nodes: e0471fbb-799c-4b0e-bb57-258e588ecc79{ip: 192.168.34.12, host: pr-hdds-738-8rv22-2539771249, networkLocation: /default-rack, certSerialId: null}, Type:RATIS, Factor:ONE, State:OPEN]
2019-08-27 09:24:22,026 [grpc-default-executor-0] INFO  impl.RaftServerProxy (RaftServerProxy.java:addNew(89)) - 56e0bca8-6099-4977-8c71-ca6e0a08dcf0: addNew group-404527D9C195:[56e0bca8-6099-4977-8c71-ca6e0a08dcf0:192.168.34.12:42744] returns group-404527D9C195:java.util.concurrent.CompletableFuture@451bd8eb[Not completed]
2019-08-27 09:24:22,095 [pool-71-thread-1] INFO  impl.RaftServerImpl (RaftServerImpl.java:<init>(93)) - 56e0bca8-6099-4977-8c71-ca6e0a08dcf0: new RaftServerImpl for group-404527D9C195:[56e0bca8-6099-4977-8c71-ca6e0a08dcf0:192.168.34.12:42744] with ContainerStateMachine:uninitialized
2019-08-27 09:24:22,097 [pool-71-thread-1] INFO  server.RaftServerConfigKeys (ConfUtils.java:logGet(43)) - raft.server.rpc.timeout.min = 5s (custom)
2019-08-27 09:24:22,097 [pool-71-thread-1] INFO  server.RaftServerConfigKeys (ConfUtils.java:logGet(43)) - raft.server.rpc.timeout.max = 5200ms (custom)
2019-08-27 09:24:22,097 [pool-71-thread-1] INFO  server.RaftServerConfigKeys (ConfUtils.java:logGet(43)) - raft.server.rpcslowness.timeout = 120s (custom)
2019-08-27 09:24:22,097 [pool-71-thread-1] INFO  server.RaftServerConfigKeys (ConfUtils.java:logGet(43)) - raft.server.sleep.deviation.threshold = 300 (default)
2019-08-27 09:24:22,097 [pool-71-thread-1] INFO  server.RaftServerConfigKeys (ConfUtils.java:logGet(43)) - raft.server.log.appender.install.snapshot.enabled = false (custom)
2019-08-27 09:24:22,097 [pool-71-thread-1] INFO  impl.RaftServerImpl (ServerState.java:<init>(105)) - 56e0bca8-6099-4977-8c71-ca6e0a08dcf0:group-404527D9C195 ConfigurationManager, init=-1: [56e0bca8-6099-4977-8c71-ca6e0a08dcf0:192.168.34.12:42744], old=null, confs=<EMPTY_MAP>
2019-08-27 09:24:22,098 [pool-71-thread-1] INFO  server.RaftServerConfigKeys (ConfUtils.java:logGet(43)) - raft.server.storage.dir = [/workdir/hadoop-ozone/integration-test/target/test-dir/MiniOzoneClusterImpl-58938c5f-3d8a-4dfc-b7d6-ee05bfa799f3/datanode-4/data/ratis] (custom)
2019-08-27 09:24:22,098 [pool-71-thread-1] INFO  storage.RaftStorageDirectory (RaftStorageDirectory.java:analyzeStorage(246)) - The storage directory /workdir/hadoop-ozone/integration-test/target/test-dir/MiniOzoneClusterImpl-58938c5f-3d8a-4dfc-b7d6-ee05bfa799f3/datanode-4/data/ratis/4ec8802f-3fd5-483b-99d0-404527d9c195 does not exist. Creating ...
2019-08-27 09:24:22,119 [pool-71-thread-1] INFO  storage.RaftStorageDirectory (RaftStorageDirectory.java:tryLock(328)) - Lock on /workdir/hadoop-ozone/integration-test/target/test-dir/MiniOzoneClusterImpl-58938c5f-3d8a-4dfc-b7d6-ee05bfa799f3/datanode-4/data/ratis/4ec8802f-3fd5-483b-99d0-404527d9c195/in_use.lock acquired by nodename 2221@pr-hdds-738-8rv22-2539771249
2019-08-27 09:24:22,124 [pool-71-thread-1] INFO  storage.RaftStorage (RaftStorage.java:format(72)) - Storage directory /workdir/hadoop-ozone/integration-test/target/test-dir/MiniOzoneClusterImpl-58938c5f-3d8a-4dfc-b7d6-ee05bfa799f3/datanode-4/data/ratis/4ec8802f-3fd5-483b-99d0-404527d9c195 has been successfully formatted.
2019-08-27 09:24:22,126 [pool-71-thread-1] INFO  ratis.ContainerStateMachine (ContainerStateMachine.java:loadSnapshot(226)) - group-404527D9C195: The snapshot info is null. Setting the last applied indexto:(t:0, i:~)
2019-08-27 09:24:22,129 [pool-71-thread-1] INFO  server.RaftServerConfigKeys (ConfUtils.java:logGet(43)) - raft.server.leader.election.timeout = 120s (custom)
2019-08-27 09:24:22,129 [pool-71-thread-1] INFO  server.RaftServerConfigKeys (ConfUtils.java:logGet(43)) - raft.server.log.use.memory = false (default)
2019-08-27 09:24:22,129 [pool-71-thread-1] INFO  server.RaftServerConfigKeys (ConfUtils.java:logGet(43)) - raft.server.log.purge.gap = 1000000 (custom)
2019-08-27 09:24:22,129 [pool-71-thread-1] INFO  server.RaftServerConfigKeys (ConfUtils.java:logGet(43)) - raft.server.log.appender.buffer.byte-limit = 33554432 (custom)
2019-08-27 09:24:22,130 [pool-71-thread-1] INFO  server.RaftServerConfigKeys (ConfUtils.java:logGet(43)) - raft.server.log.segment.size.max = 1048576 (custom)
2019-08-27 09:24:22,130 [pool-71-thread-1] INFO  server.RaftServerConfigKeys (ConfUtils.java:logGet(43)) - raft.server.log.segment.cache.num.max = 2 (custom)
2019-08-27 09:24:22,130 [pool-71-thread-1] INFO  segmented.SegmentedRaftLogWorker (SegmentedRaftLogWorker.java:<init>(172)) - new 56e0bca8-6099-4977-8c71-ca6e0a08dcf0-SegmentedRaftLogWorker:Storage Directory /workdir/hadoop-ozone/integration-test/target/test-dir/MiniOzoneClusterImpl-58938c5f-3d8a-4dfc-b7d6-ee05bfa799f3/datanode-4/data/ratis/4ec8802f-3fd5-483b-99d0-404527d9c195 for RaftStorage:Storage Directory /workdir/hadoop-ozone/integration-test/target/test-dir/MiniOzoneClusterImpl-58938c5f-3d8a-4dfc-b7d6-ee05bfa799f3/datanode-4/data/ratis/4ec8802f-3fd5-483b-99d0-404527d9c195
2019-08-27 09:24:22,132 [pool-71-thread-1] INFO  server.RaftServerConfigKeys (ConfUtils.java:logGet(43)) - raft.server.log.queue.byte-limit = 2147483647 (custom)
2019-08-27 09:24:22,132 [pool-71-thread-1] INFO  server.RaftServerConfigKeys (ConfUtils.java:logGet(43)) - raft.server.log.queue.element-limit = 1024 (custom)
2019-08-27 09:24:22,133 [pool-71-thread-1] INFO  server.RaftServerConfigKeys (ConfUtils.java:logGet(43)) - raft.server.log.segment.size.max = 1048576 (custom)
2019-08-27 09:24:22,133 [pool-71-thread-1] INFO  server.RaftServerConfigKeys (ConfUtils.java:logGet(43)) - raft.server.log.preallocated.size = 16384 (custom)
2019-08-27 09:24:22,133 [pool-71-thread-1] INFO  server.RaftServerConfigKeys (ConfUtils.java:logGet(43)) - raft.server.log.write.buffer.size = 33554432 (custom)
2019-08-27 09:24:22,133 [pool-71-thread-1] INFO  server.RaftServerConfigKeys (ConfUtils.java:logGet(43)) - raft.server.log.force.sync.num = 128 (default)
2019-08-27 09:24:22,134 [pool-71-thread-1] INFO  server.RaftServerConfigKeys (ConfUtils.java:logGet(43)) - raft.server.log.statemachine.data.sync = true (default)
2019-08-27 09:24:22,134 [pool-71-thread-1] INFO  server.RaftServerConfigKeys (ConfUtils.java:logGet(43)) - raft.server.log.statemachine.data.sync.timeout = 10s (default)
2019-08-27 09:24:22,134 [pool-71-thread-1] INFO  server.RaftServerConfigKeys (ConfUtils.java:logGet(43)) - raft.server.log.statemachine.data.sync.timeout.retry = -1 (default)
2019-08-27 09:24:22,135 [pool-71-thread-1] INFO  server.RaftServerConfigKeys (ConfUtils.java:logGet(43)) - raft.server.log.statemachine.data.caching.enabled = true (custom)
2019-08-27 09:24:22,135 [pool-71-thread-1] INFO  segmented.SegmentedRaftLogWorker (SegmentedRaftLogWorker.java:lambda$new$0(132)) - 56e0bca8-6099-4977-8c71-ca6e0a08dcf0-SegmentedRaftLogWorker:Storage Directory /workdir/hadoop-ozone/integration-test/target/test-dir/MiniOzoneClusterImpl-58938c5f-3d8a-4dfc-b7d6-ee05bfa799f3/datanode-4/data/ratis/4ec8802f-3fd5-483b-99d0-404527d9c195: flushIndex: setUnconditionally 0 -> -1
2019-08-27 09:24:22,136 [pool-71-thread-1] INFO  server.RaftServerConfigKeys (ConfUtils.java:logGet(43)) - raft.server.snapshot.auto.trigger.enabled = true (custom)
2019-08-27 09:24:22,136 [pool-71-thread-1] INFO  server.RaftServerConfigKeys (ConfUtils.java:logGet(43)) - raft.server.snapshot.auto.trigger.threshold = 10000 (custom)
2019-08-27 09:24:22,136 [pool-71-thread-1] INFO  server.RaftServerConfigKeys (ConfUtils.java:logGet(43)) - raft.server.retrycache.expirytime = 600000ms (custom)
2019-08-27 09:24:22,136 [pool-71-thread-1] INFO  impl.RaftServerImpl (RaftServerImpl.java:start(180)) - 56e0bca8-6099-4977-8c71-ca6e0a08dcf0: start group-404527D9C195
2019-08-27 09:24:22,137 [pool-71-thread-1] INFO  impl.RaftServerImpl (RaftServerImpl.java:setRole(171)) - 56e0bca8-6099-4977-8c71-ca6e0a08dcf0:group-404527D9C195 changes role from null to FOLLOWER at term 0 for startAsFollower
2019-08-27 09:24:22,137 [pool-71-thread-1] INFO  impl.RoleInfo (RoleInfo.java:updateAndGet(143)) - 56e0bca8-6099-4977-8c71-ca6e0a08dcf0: start FollowerState
2019-08-27 09:24:22,139 [pool-71-thread-1] INFO  util.JmxRegister (JmxRegister.java:tryRegister(44)) - Successfully registered JMX Bean with object name Ratis:service=RaftServer,group=group-404527D9C195,id=56e0bca8-6099-4977-8c71-ca6e0a08dcf0
2019-08-27 09:24:22,154 [RatisPipelineUtilsThread] INFO  pipeline.PipelineStateManager (PipelineStateManager.java:addPipeline(56)) - Created pipeline Pipeline[ Id: 4ec8802f-3fd5-483b-99d0-404527d9c195, Nodes: 56e0bca8-6099-4977-8c71-ca6e0a08dcf0{ip: 192.168.34.12, host: pr-hdds-738-8rv22-2539771249, networkLocation: /default-rack, certSerialId: null}, Type:RATIS, Factor:ONE, State:OPEN]
2019-08-27 09:24:22,184 [grpc-default-executor-0] INFO  impl.RaftServerProxy (RaftServerProxy.java:addNew(89)) - ce8ae317-8251-4b4b-ad79-c99d4c9d019c: addNew group-4676E6DA0AA1:[ce8ae317-8251-4b4b-ad79-c99d4c9d019c:192.168.34.12:40438] returns group-4676E6DA0AA1:java.util.concurrent.CompletableFuture@37ad89ba[Not completed]
2019-08-27 09:24:22,198 [pool-82-thread-1] INFO  impl.RaftServerImpl (RaftServerImpl.java:<init>(93)) - ce8ae317-8251-4b4b-ad79-c99d4c9d019c: new RaftServerImpl for group-4676E6DA0AA1:[ce8ae317-8251-4b4b-ad79-c99d4c9d019c:192.168.34.12:40438] with ContainerStateMachine:uninitialized
2019-08-27 09:24:22,199 [pool-82-thread-1] INFO  server.RaftServerConfigKeys (ConfUtils.java:logGet(43)) - raft.server.rpc.timeout.min = 5s (custom)
2019-08-27 09:24:22,199 [pool-82-thread-1] INFO  server.RaftServerConfigKeys (ConfUtils.java:logGet(43)) - raft.server.rpc.timeout.max = 5200ms (custom)
2019-08-27 09:24:22,199 [pool-82-thread-1] INFO  server.RaftServerConfigKeys (ConfUtils.java:logGet(43)) - raft.server.rpcslowness.timeout = 120s (custom)
2019-08-27 09:24:22,200 [pool-82-thread-1] INFO  server.RaftServerConfigKeys (ConfUtils.java:logGet(43)) - raft.server.sleep.deviation.threshold = 300 (default)
2019-08-27 09:24:22,200 [pool-82-thread-1] INFO  server.RaftServerConfigKeys (ConfUtils.java:logGet(43)) - raft.server.log.appender.install.snapshot.enabled = false (custom)
2019-08-27 09:24:22,200 [pool-82-thread-1] INFO  impl.RaftServerImpl (ServerState.java:<init>(105)) - ce8ae317-8251-4b4b-ad79-c99d4c9d019c:group-4676E6DA0AA1 ConfigurationManager, init=-1: [ce8ae317-8251-4b4b-ad79-c99d4c9d019c:192.168.34.12:40438], old=null, confs=<EMPTY_MAP>
2019-08-27 09:24:22,200 [pool-82-thread-1] INFO  server.RaftServerConfigKeys (ConfUtils.java:logGet(43)) - raft.server.storage.dir = [/workdir/hadoop-ozone/integration-test/target/test-dir/MiniOzoneClusterImpl-58938c5f-3d8a-4dfc-b7d6-ee05bfa799f3/datanode-5/data/ratis] (custom)
2019-08-27 09:24:22,201 [pool-82-thread-1] INFO  storage.RaftStorageDirectory (RaftStorageDirectory.java:analyzeStorage(246)) - The storage directory /workdir/hadoop-ozone/integration-test/target/test-dir/MiniOzoneClusterImpl-58938c5f-3d8a-4dfc-b7d6-ee05bfa799f3/datanode-5/data/ratis/923ac012-1c5a-4200-ba3c-4676e6da0aa1 does not exist. Creating ...
2019-08-27 09:24:22,210 [pool-82-thread-1] INFO  storage.RaftStorageDirectory (RaftStorageDirectory.java:tryLock(328)) - Lock on /workdir/hadoop-ozone/integration-test/target/test-dir/MiniOzoneClusterImpl-58938c5f-3d8a-4dfc-b7d6-ee05bfa799f3/datanode-5/data/ratis/923ac012-1c5a-4200-ba3c-4676e6da0aa1/in_use.lock acquired by nodename 2221@pr-hdds-738-8rv22-2539771249
2019-08-27 09:24:22,223 [pool-82-thread-1] INFO  storage.RaftStorage (RaftStorage.java:format(72)) - Storage directory /workdir/hadoop-ozone/integration-test/target/test-dir/MiniOzoneClusterImpl-58938c5f-3d8a-4dfc-b7d6-ee05bfa799f3/datanode-5/data/ratis/923ac012-1c5a-4200-ba3c-4676e6da0aa1 has been successfully formatted.
2019-08-27 09:24:22,224 [pool-82-thread-1] INFO  ratis.ContainerStateMachine (ContainerStateMachine.java:loadSnapshot(226)) - group-4676E6DA0AA1: The snapshot info is null. Setting the last applied indexto:(t:0, i:~)
2019-08-27 09:24:22,224 [pool-82-thread-1] INFO  server.RaftServerConfigKeys (ConfUtils.java:logGet(43)) - raft.server.leader.election.timeout = 120s (custom)
2019-08-27 09:24:22,224 [pool-82-thread-1] INFO  server.RaftServerConfigKeys (ConfUtils.java:logGet(43)) - raft.server.log.use.memory = false (default)
2019-08-27 09:24:22,224 [pool-82-thread-1] INFO  server.RaftServerConfigKeys (ConfUtils.java:logGet(43)) - raft.server.log.purge.gap = 1000000 (custom)
2019-08-27 09:24:22,225 [pool-82-thread-1] INFO  server.RaftServerConfigKeys (ConfUtils.java:logGet(43)) - raft.server.log.appender.buffer.byte-limit = 33554432 (custom)
2019-08-27 09:24:22,225 [pool-82-thread-1] INFO  server.RaftServerConfigKeys (ConfUtils.java:logGet(43)) - raft.server.log.segment.size.max = 1048576 (custom)
2019-08-27 09:24:22,225 [pool-82-thread-1] INFO  server.RaftServerConfigKeys (ConfUtils.java:logGet(43)) - raft.server.log.segment.cache.num.max = 2 (custom)
2019-08-27 09:24:22,225 [pool-82-thread-1] INFO  segmented.SegmentedRaftLogWorker (SegmentedRaftLogWorker.java:<init>(172)) - new ce8ae317-8251-4b4b-ad79-c99d4c9d019c-SegmentedRaftLogWorker:Storage Directory /workdir/hadoop-ozone/integration-test/target/test-dir/MiniOzoneClusterImpl-58938c5f-3d8a-4dfc-b7d6-ee05bfa799f3/datanode-5/data/ratis/923ac012-1c5a-4200-ba3c-4676e6da0aa1 for RaftStorage:Storage Directory /workdir/hadoop-ozone/integration-test/target/test-dir/MiniOzoneClusterImpl-58938c5f-3d8a-4dfc-b7d6-ee05bfa799f3/datanode-5/data/ratis/923ac012-1c5a-4200-ba3c-4676e6da0aa1
2019-08-27 09:24:22,226 [pool-82-thread-1] INFO  server.RaftServerConfigKeys (ConfUtils.java:logGet(43)) - raft.server.log.queue.byte-limit = 2147483647 (custom)
2019-08-27 09:24:22,226 [pool-82-thread-1] INFO  server.RaftServerConfigKeys (ConfUtils.java:logGet(43)) - raft.server.log.queue.element-limit = 1024 (custom)
2019-08-27 09:24:22,226 [pool-82-thread-1] INFO  server.RaftServerConfigKeys (ConfUtils.java:logGet(43)) - raft.server.log.segment.size.max = 1048576 (custom)
2019-08-27 09:24:22,226 [pool-82-thread-1] INFO  server.RaftServerConfigKeys (ConfUtils.java:logGet(43)) - raft.server.log.preallocated.size = 16384 (custom)
2019-08-27 09:24:22,227 [pool-82-thread-1] INFO  server.RaftServerConfigKeys (ConfUtils.java:logGet(43)) - raft.server.log.write.buffer.size = 33554432 (custom)
2019-08-27 09:24:22,227 [pool-82-thread-1] INFO  server.RaftServerConfigKeys (ConfUtils.java:logGet(43)) - raft.server.log.force.sync.num = 128 (default)
2019-08-27 09:24:22,227 [pool-82-thread-1] INFO  server.RaftServerConfigKeys (ConfUtils.java:logGet(43)) - raft.server.log.statemachine.data.sync = true (default)
2019-08-27 09:24:22,227 [pool-82-thread-1] INFO  server.RaftServerConfigKeys (ConfUtils.java:logGet(43)) - raft.server.log.statemachine.data.sync.timeout = 10s (default)
2019-08-27 09:24:22,227 [pool-82-thread-1] INFO  server.RaftServerConfigKeys (ConfUtils.java:logGet(43)) - raft.server.log.statemachine.data.sync.timeout.retry = -1 (default)
2019-08-27 09:24:22,228 [pool-82-thread-1] INFO  server.RaftServerConfigKeys (ConfUtils.java:logGet(43)) - raft.server.log.statemachine.data.caching.enabled = true (custom)
2019-08-27 09:24:22,228 [pool-82-thread-1] INFO  segmented.SegmentedRaftLogWorker (SegmentedRaftLogWorker.java:lambda$new$0(132)) - ce8ae317-8251-4b4b-ad79-c99d4c9d019c-SegmentedRaftLogWorker:Storage Directory /workdir/hadoop-ozone/integration-test/target/test-dir/MiniOzoneClusterImpl-58938c5f-3d8a-4dfc-b7d6-ee05bfa799f3/datanode-5/data/ratis/923ac012-1c5a-4200-ba3c-4676e6da0aa1: flushIndex: setUnconditionally 0 -> -1
2019-08-27 09:24:22,229 [pool-82-thread-1] INFO  server.RaftServerConfigKeys (ConfUtils.java:logGet(43)) - raft.server.snapshot.auto.trigger.enabled = true (custom)
2019-08-27 09:24:22,229 [pool-82-thread-1] INFO  server.RaftServerConfigKeys (ConfUtils.java:logGet(43)) - raft.server.snapshot.auto.trigger.threshold = 10000 (custom)
2019-08-27 09:24:22,230 [pool-82-thread-1] INFO  server.RaftServerConfigKeys (ConfUtils.java:logGet(43)) - raft.server.retrycache.expirytime = 600000ms (custom)
2019-08-27 09:24:22,230 [pool-82-thread-1] INFO  impl.RaftServerImpl (RaftServerImpl.java:start(180)) - ce8ae317-8251-4b4b-ad79-c99d4c9d019c: start group-4676E6DA0AA1
2019-08-27 09:24:22,230 [pool-82-thread-1] INFO  impl.RaftServerImpl (RaftServerImpl.java:setRole(171)) - ce8ae317-8251-4b4b-ad79-c99d4c9d019c:group-4676E6DA0AA1 changes role from null to FOLLOWER at term 0 for startAsFollower
2019-08-27 09:24:22,230 [pool-82-thread-1] INFO  impl.RoleInfo (RoleInfo.java:updateAndGet(143)) - ce8ae317-8251-4b4b-ad79-c99d4c9d019c: start FollowerState
2019-08-27 09:24:22,231 [pool-82-thread-1] INFO  util.JmxRegister (JmxRegister.java:tryRegister(44)) - Successfully registered JMX Bean with object name Ratis:service=RaftServer,group=group-4676E6DA0AA1,id=ce8ae317-8251-4b4b-ad79-c99d4c9d019c
2019-08-27 09:24:22,242 [RatisPipelineUtilsThread] INFO  pipeline.PipelineStateManager (PipelineStateManager.java:addPipeline(56)) - Created pipeline Pipeline[ Id: 923ac012-1c5a-4200-ba3c-4676e6da0aa1, Nodes: ce8ae317-8251-4b4b-ad79-c99d4c9d019c{ip: 192.168.34.12, host: pr-hdds-738-8rv22-2539771249, networkLocation: /default-rack, certSerialId: null}, Type:RATIS, Factor:ONE, State:OPEN]
2019-08-27 09:24:22,262 [grpc-default-executor-0] INFO  impl.RaftServerProxy (RaftServerProxy.java:addNew(89)) - d2f14ea7-d66a-4e34-b16b-9d776ceaf026: addNew group-4195D49832B4:[d2f14ea7-d66a-4e34-b16b-9d776ceaf026:192.168.34.12:42786] returns group-4195D49832B4:java.util.concurrent.CompletableFuture@11e2e83e[Not completed]
2019-08-27 09:24:22,265 [pool-38-thread-1] INFO  impl.RaftServerImpl (RaftServerImpl.java:<init>(93)) - d2f14ea7-d66a-4e34-b16b-9d776ceaf026: new RaftServerImpl for group-4195D49832B4:[d2f14ea7-d66a-4e34-b16b-9d776ceaf026:192.168.34.12:42786] with ContainerStateMachine:uninitialized
2019-08-27 09:24:22,265 [pool-38-thread-1] INFO  server.RaftServerConfigKeys (ConfUtils.java:logGet(43)) - raft.server.rpc.timeout.min = 5s (custom)
2019-08-27 09:24:22,265 [pool-38-thread-1] INFO  server.RaftServerConfigKeys (ConfUtils.java:logGet(43)) - raft.server.rpc.timeout.max = 5200ms (custom)
2019-08-27 09:24:22,265 [pool-38-thread-1] INFO  server.RaftServerConfigKeys (ConfUtils.java:logGet(43)) - raft.server.rpcslowness.timeout = 120s (custom)
2019-08-27 09:24:22,266 [pool-38-thread-1] INFO  server.RaftServerConfigKeys (ConfUtils.java:logGet(43)) - raft.server.sleep.deviation.threshold = 300 (default)
2019-08-27 09:24:22,266 [pool-38-thread-1] INFO  server.RaftServerConfigKeys (ConfUtils.java:logGet(43)) - raft.server.log.appender.install.snapshot.enabled = false (custom)
2019-08-27 09:24:22,266 [pool-38-thread-1] INFO  impl.RaftServerImpl (ServerState.java:<init>(105)) - d2f14ea7-d66a-4e34-b16b-9d776ceaf026:group-4195D49832B4 ConfigurationManager, init=-1: [d2f14ea7-d66a-4e34-b16b-9d776ceaf026:192.168.34.12:42786], old=null, confs=<EMPTY_MAP>
2019-08-27 09:24:22,267 [pool-38-thread-1] INFO  server.RaftServerConfigKeys (ConfUtils.java:logGet(43)) - raft.server.storage.dir = [/workdir/hadoop-ozone/integration-test/target/test-dir/MiniOzoneClusterImpl-58938c5f-3d8a-4dfc-b7d6-ee05bfa799f3/datanode-1/data/ratis] (custom)
2019-08-27 09:24:22,267 [pool-38-thread-1] INFO  storage.RaftStorageDirectory (RaftStorageDirectory.java:analyzeStorage(246)) - The storage directory /workdir/hadoop-ozone/integration-test/target/test-dir/MiniOzoneClusterImpl-58938c5f-3d8a-4dfc-b7d6-ee05bfa799f3/datanode-1/data/ratis/19873bb3-b703-4130-98b6-4195d49832b4 does not exist. Creating ...
2019-08-27 09:24:22,280 [pool-38-thread-1] INFO  storage.RaftStorageDirectory (RaftStorageDirectory.java:tryLock(328)) - Lock on /workdir/hadoop-ozone/integration-test/target/test-dir/MiniOzoneClusterImpl-58938c5f-3d8a-4dfc-b7d6-ee05bfa799f3/datanode-1/data/ratis/19873bb3-b703-4130-98b6-4195d49832b4/in_use.lock acquired by nodename 2221@pr-hdds-738-8rv22-2539771249
2019-08-27 09:24:22,294 [pool-38-thread-1] INFO  storage.RaftStorage (RaftStorage.java:format(72)) - Storage directory /workdir/hadoop-ozone/integration-test/target/test-dir/MiniOzoneClusterImpl-58938c5f-3d8a-4dfc-b7d6-ee05bfa799f3/datanode-1/data/ratis/19873bb3-b703-4130-98b6-4195d49832b4 has been successfully formatted.
2019-08-27 09:24:22,294 [pool-38-thread-1] INFO  ratis.ContainerStateMachine (ContainerStateMachine.java:loadSnapshot(226)) - group-4195D49832B4: The snapshot info is null. Setting the last applied indexto:(t:0, i:~)
2019-08-27 09:24:22,295 [pool-38-thread-1] INFO  server.RaftServerConfigKeys (ConfUtils.java:logGet(43)) - raft.server.leader.election.timeout = 120s (custom)
2019-08-27 09:24:22,295 [pool-38-thread-1] INFO  server.RaftServerConfigKeys (ConfUtils.java:logGet(43)) - raft.server.log.use.memory = false (default)
2019-08-27 09:24:22,295 [pool-38-thread-1] INFO  server.RaftServerConfigKeys (ConfUtils.java:logGet(43)) - raft.server.log.purge.gap = 1000000 (custom)
2019-08-27 09:24:22,295 [pool-38-thread-1] INFO  server.RaftServerConfigKeys (ConfUtils.java:logGet(43)) - raft.server.log.appender.buffer.byte-limit = 33554432 (custom)
2019-08-27 09:24:22,295 [pool-38-thread-1] INFO  server.RaftServerConfigKeys (ConfUtils.java:logGet(43)) - raft.server.log.segment.size.max = 1048576 (custom)
2019-08-27 09:24:22,296 [pool-38-thread-1] INFO  server.RaftServerConfigKeys (ConfUtils.java:logGet(43)) - raft.server.log.segment.cache.num.max = 2 (custom)
2019-08-27 09:24:22,296 [pool-38-thread-1] INFO  segmented.SegmentedRaftLogWorker (SegmentedRaftLogWorker.java:<init>(172)) - new d2f14ea7-d66a-4e34-b16b-9d776ceaf026-SegmentedRaftLogWorker:Storage Directory /workdir/hadoop-ozone/integration-test/target/test-dir/MiniOzoneClusterImpl-58938c5f-3d8a-4dfc-b7d6-ee05bfa799f3/datanode-1/data/ratis/19873bb3-b703-4130-98b6-4195d49832b4 for RaftStorage:Storage Directory /workdir/hadoop-ozone/integration-test/target/test-dir/MiniOzoneClusterImpl-58938c5f-3d8a-4dfc-b7d6-ee05bfa799f3/datanode-1/data/ratis/19873bb3-b703-4130-98b6-4195d49832b4
2019-08-27 09:24:22,296 [pool-38-thread-1] INFO  server.RaftServerConfigKeys (ConfUtils.java:logGet(43)) - raft.server.log.queue.byte-limit = 2147483647 (custom)
2019-08-27 09:24:22,296 [pool-38-thread-1] INFO  server.RaftServerConfigKeys (ConfUtils.java:logGet(43)) - raft.server.log.queue.element-limit = 1024 (custom)
2019-08-27 09:24:22,296 [pool-38-thread-1] INFO  server.RaftServerConfigKeys (ConfUtils.java:logGet(43)) - raft.server.log.segment.size.max = 1048576 (custom)
2019-08-27 09:24:22,297 [pool-38-thread-1] INFO  server.RaftServerConfigKeys (ConfUtils.java:logGet(43)) - raft.server.log.preallocated.size = 16384 (custom)
2019-08-27 09:24:22,297 [pool-38-thread-1] INFO  server.RaftServerConfigKeys (ConfUtils.java:logGet(43)) - raft.server.log.write.buffer.size = 33554432 (custom)
2019-08-27 09:24:22,297 [pool-38-thread-1] INFO  server.RaftServerConfigKeys (ConfUtils.java:logGet(43)) - raft.server.log.force.sync.num = 128 (default)
2019-08-27 09:24:22,297 [pool-38-thread-1] INFO  server.RaftServerConfigKeys (ConfUtils.java:logGet(43)) - raft.server.log.statemachine.data.sync = true (default)
2019-08-27 09:24:22,297 [pool-38-thread-1] INFO  server.RaftServerConfigKeys (ConfUtils.java:logGet(43)) - raft.server.log.statemachine.data.sync.timeout = 10s (default)
2019-08-27 09:24:22,297 [pool-38-thread-1] INFO  server.RaftServerConfigKeys (ConfUtils.java:logGet(43)) - raft.server.log.statemachine.data.sync.timeout.retry = -1 (default)
2019-08-27 09:24:22,298 [pool-38-thread-1] INFO  server.RaftServerConfigKeys (ConfUtils.java:logGet(43)) - raft.server.log.statemachine.data.caching.enabled = true (custom)
2019-08-27 09:24:22,308 [pool-38-thread-1] INFO  segmented.SegmentedRaftLogWorker (SegmentedRaftLogWorker.java:lambda$new$0(132)) - d2f14ea7-d66a-4e34-b16b-9d776ceaf026-SegmentedRaftLogWorker:Storage Directory /workdir/hadoop-ozone/integration-test/target/test-dir/MiniOzoneClusterImpl-58938c5f-3d8a-4dfc-b7d6-ee05bfa799f3/datanode-1/data/ratis/19873bb3-b703-4130-98b6-4195d49832b4: flushIndex: setUnconditionally 0 -> -1
2019-08-27 09:24:22,309 [pool-38-thread-1] INFO  server.RaftServerConfigKeys (ConfUtils.java:logGet(43)) - raft.server.snapshot.auto.trigger.enabled = true (custom)
2019-08-27 09:24:22,309 [pool-38-thread-1] INFO  server.RaftServerConfigKeys (ConfUtils.java:logGet(43)) - raft.server.snapshot.auto.trigger.threshold = 10000 (custom)
2019-08-27 09:24:22,309 [pool-38-thread-1] INFO  server.RaftServerConfigKeys (ConfUtils.java:logGet(43)) - raft.server.retrycache.expirytime = 600000ms (custom)
2019-08-27 09:24:22,309 [pool-38-thread-1] INFO  impl.RaftServerImpl (RaftServerImpl.java:start(180)) - d2f14ea7-d66a-4e34-b16b-9d776ceaf026: start group-4195D49832B4
2019-08-27 09:24:22,310 [pool-38-thread-1] INFO  impl.RaftServerImpl (RaftServerImpl.java:setRole(171)) - d2f14ea7-d66a-4e34-b16b-9d776ceaf026:group-4195D49832B4 changes role from null to FOLLOWER at term 0 for startAsFollower
2019-08-27 09:24:22,310 [pool-38-thread-1] INFO  impl.RoleInfo (RoleInfo.java:updateAndGet(143)) - d2f14ea7-d66a-4e34-b16b-9d776ceaf026: start FollowerState
2019-08-27 09:24:22,311 [pool-38-thread-1] INFO  util.JmxRegister (JmxRegister.java:tryRegister(44)) - Successfully registered JMX Bean with object name Ratis:service=RaftServer,group=group-4195D49832B4,id=d2f14ea7-d66a-4e34-b16b-9d776ceaf026
2019-08-27 09:24:22,329 [RatisPipelineUtilsThread] INFO  pipeline.PipelineStateManager (PipelineStateManager.java:addPipeline(56)) - Created pipeline Pipeline[ Id: 19873bb3-b703-4130-98b6-4195d49832b4, Nodes: d2f14ea7-d66a-4e34-b16b-9d776ceaf026{ip: 192.168.34.12, host: pr-hdds-738-8rv22-2539771249, networkLocation: /default-rack, certSerialId: null}, Type:RATIS, Factor:ONE, State:OPEN]
2019-08-27 09:24:22,350 [grpc-default-executor-0] INFO  impl.RaftServerProxy (RaftServerProxy.java:addNew(89)) - 7d876507-ba1b-4ebc-a5b3-10ac658fa12f: addNew group-3C529127556E:[7d876507-ba1b-4ebc-a5b3-10ac658fa12f:192.168.34.12:36654] returns group-3C529127556E:java.util.concurrent.CompletableFuture@42878060[Not completed]
2019-08-27 09:24:22,353 [pool-49-thread-1] INFO  impl.RaftServerImpl (RaftServerImpl.java:<init>(93)) - 7d876507-ba1b-4ebc-a5b3-10ac658fa12f: new RaftServerImpl for group-3C529127556E:[7d876507-ba1b-4ebc-a5b3-10ac658fa12f:192.168.34.12:36654] with ContainerStateMachine:uninitialized
2019-08-27 09:24:22,353 [pool-49-thread-1] INFO  server.RaftServerConfigKeys (ConfUtils.java:logGet(43)) - raft.server.rpc.timeout.min = 5s (custom)
2019-08-27 09:24:22,353 [pool-49-thread-1] INFO  server.RaftServerConfigKeys (ConfUtils.java:logGet(43)) - raft.server.rpc.timeout.max = 5200ms (custom)
2019-08-27 09:24:22,354 [pool-49-thread-1] INFO  server.RaftServerConfigKeys (ConfUtils.java:logGet(43)) - raft.server.rpcslowness.timeout = 120s (custom)
2019-08-27 09:24:22,354 [pool-49-thread-1] INFO  server.RaftServerConfigKeys (ConfUtils.java:logGet(43)) - raft.server.sleep.deviation.threshold = 300 (default)
2019-08-27 09:24:22,354 [pool-49-thread-1] INFO  server.RaftServerConfigKeys (ConfUtils.java:logGet(43)) - raft.server.log.appender.install.snapshot.enabled = false (custom)
2019-08-27 09:24:22,354 [pool-49-thread-1] INFO  impl.RaftServerImpl (ServerState.java:<init>(105)) - 7d876507-ba1b-4ebc-a5b3-10ac658fa12f:group-3C529127556E ConfigurationManager, init=-1: [7d876507-ba1b-4ebc-a5b3-10ac658fa12f:192.168.34.12:36654], old=null, confs=<EMPTY_MAP>
2019-08-27 09:24:22,354 [pool-49-thread-1] INFO  server.RaftServerConfigKeys (ConfUtils.java:logGet(43)) - raft.server.storage.dir = [/workdir/hadoop-ozone/integration-test/target/test-dir/MiniOzoneClusterImpl-58938c5f-3d8a-4dfc-b7d6-ee05bfa799f3/datanode-2/data/ratis] (custom)
2019-08-27 09:24:22,354 [pool-49-thread-1] INFO  storage.RaftStorageDirectory (RaftStorageDirectory.java:analyzeStorage(246)) - The storage directory /workdir/hadoop-ozone/integration-test/target/test-dir/MiniOzoneClusterImpl-58938c5f-3d8a-4dfc-b7d6-ee05bfa799f3/datanode-2/data/ratis/bbf72026-1611-4887-9c4f-3c529127556e does not exist. Creating ...
2019-08-27 09:24:22,368 [pool-49-thread-1] INFO  storage.RaftStorageDirectory (RaftStorageDirectory.java:tryLock(328)) - Lock on /workdir/hadoop-ozone/integration-test/target/test-dir/MiniOzoneClusterImpl-58938c5f-3d8a-4dfc-b7d6-ee05bfa799f3/datanode-2/data/ratis/bbf72026-1611-4887-9c4f-3c529127556e/in_use.lock acquired by nodename 2221@pr-hdds-738-8rv22-2539771249
2019-08-27 09:24:22,371 [pool-49-thread-1] INFO  storage.RaftStorage (RaftStorage.java:format(72)) - Storage directory /workdir/hadoop-ozone/integration-test/target/test-dir/MiniOzoneClusterImpl-58938c5f-3d8a-4dfc-b7d6-ee05bfa799f3/datanode-2/data/ratis/bbf72026-1611-4887-9c4f-3c529127556e has been successfully formatted.
2019-08-27 09:24:22,371 [pool-49-thread-1] INFO  ratis.ContainerStateMachine (ContainerStateMachine.java:loadSnapshot(226)) - group-3C529127556E: The snapshot info is null. Setting the last applied indexto:(t:0, i:~)
2019-08-27 09:24:22,371 [pool-49-thread-1] INFO  server.RaftServerConfigKeys (ConfUtils.java:logGet(43)) - raft.server.leader.election.timeout = 120s (custom)
2019-08-27 09:24:22,372 [pool-49-thread-1] INFO  server.RaftServerConfigKeys (ConfUtils.java:logGet(43)) - raft.server.log.use.memory = false (default)
2019-08-27 09:24:22,372 [pool-49-thread-1] INFO  server.RaftServerConfigKeys (ConfUtils.java:logGet(43)) - raft.server.log.purge.gap = 1000000 (custom)
2019-08-27 09:24:22,372 [pool-49-thread-1] INFO  server.RaftServerConfigKeys (ConfUtils.java:logGet(43)) - raft.server.log.appender.buffer.byte-limit = 33554432 (custom)
2019-08-27 09:24:22,372 [pool-49-thread-1] INFO  server.RaftServerConfigKeys (ConfUtils.java:logGet(43)) - raft.server.log.segment.size.max = 1048576 (custom)
2019-08-27 09:24:22,372 [pool-49-thread-1] INFO  server.RaftServerConfigKeys (ConfUtils.java:logGet(43)) - raft.server.log.segment.cache.num.max = 2 (custom)
2019-08-27 09:24:22,372 [pool-49-thread-1] INFO  segmented.SegmentedRaftLogWorker (SegmentedRaftLogWorker.java:<init>(172)) - new 7d876507-ba1b-4ebc-a5b3-10ac658fa12f-SegmentedRaftLogWorker:Storage Directory /workdir/hadoop-ozone/integration-test/target/test-dir/MiniOzoneClusterImpl-58938c5f-3d8a-4dfc-b7d6-ee05bfa799f3/datanode-2/data/ratis/bbf72026-1611-4887-9c4f-3c529127556e for RaftStorage:Storage Directory /workdir/hadoop-ozone/integration-test/target/test-dir/MiniOzoneClusterImpl-58938c5f-3d8a-4dfc-b7d6-ee05bfa799f3/datanode-2/data/ratis/bbf72026-1611-4887-9c4f-3c529127556e
2019-08-27 09:24:22,372 [pool-49-thread-1] INFO  server.RaftServerConfigKeys (ConfUtils.java:logGet(43)) - raft.server.log.queue.byte-limit = 2147483647 (custom)
2019-08-27 09:24:22,372 [pool-49-thread-1] INFO  server.RaftServerConfigKeys (ConfUtils.java:logGet(43)) - raft.server.log.queue.element-limit = 1024 (custom)
2019-08-27 09:24:22,373 [pool-49-thread-1] INFO  server.RaftServerConfigKeys (ConfUtils.java:logGet(43)) - raft.server.log.segment.size.max = 1048576 (custom)
2019-08-27 09:24:22,373 [pool-49-thread-1] INFO  server.RaftServerConfigKeys (ConfUtils.java:logGet(43)) - raft.server.log.preallocated.size = 16384 (custom)
2019-08-27 09:24:22,373 [pool-49-thread-1] INFO  server.RaftServerConfigKeys (ConfUtils.java:logGet(43)) - raft.server.log.write.buffer.size = 33554432 (custom)
2019-08-27 09:24:22,373 [pool-49-thread-1] INFO  server.RaftServerConfigKeys (ConfUtils.java:logGet(43)) - raft.server.log.force.sync.num = 128 (default)
2019-08-27 09:24:22,373 [pool-49-thread-1] INFO  server.RaftServerConfigKeys (ConfUtils.java:logGet(43)) - raft.server.log.statemachine.data.sync = true (default)
2019-08-27 09:24:22,373 [pool-49-thread-1] INFO  server.RaftServerConfigKeys (ConfUtils.java:logGet(43)) - raft.server.log.statemachine.data.sync.timeout = 10s (default)
2019-08-27 09:24:22,373 [pool-49-thread-1] INFO  server.RaftServerConfigKeys (ConfUtils.java:logGet(43)) - raft.server.log.statemachine.data.sync.timeout.retry = -1 (default)
2019-08-27 09:24:22,374 [pool-49-thread-1] INFO  server.RaftServerConfigKeys (ConfUtils.java:logGet(43)) - raft.server.log.statemachine.data.caching.enabled = true (custom)
2019-08-27 09:24:22,374 [pool-49-thread-1] INFO  segmented.SegmentedRaftLogWorker (SegmentedRaftLogWorker.java:lambda$new$0(132)) - 7d876507-ba1b-4ebc-a5b3-10ac658fa12f-SegmentedRaftLogWorker:Storage Directory /workdir/hadoop-ozone/integration-test/target/test-dir/MiniOzoneClusterImpl-58938c5f-3d8a-4dfc-b7d6-ee05bfa799f3/datanode-2/data/ratis/bbf72026-1611-4887-9c4f-3c529127556e: flushIndex: setUnconditionally 0 -> -1
2019-08-27 09:24:22,374 [pool-49-thread-1] INFO  server.RaftServerConfigKeys (ConfUtils.java:logGet(43)) - raft.server.snapshot.auto.trigger.enabled = true (custom)
2019-08-27 09:24:22,374 [pool-49-thread-1] INFO  server.RaftServerConfigKeys (ConfUtils.java:logGet(43)) - raft.server.snapshot.auto.trigger.threshold = 10000 (custom)
2019-08-27 09:24:22,375 [pool-49-thread-1] INFO  server.RaftServerConfigKeys (ConfUtils.java:logGet(43)) - raft.server.retrycache.expirytime = 600000ms (custom)
2019-08-27 09:24:22,375 [pool-49-thread-1] INFO  impl.RaftServerImpl (RaftServerImpl.java:start(180)) - 7d876507-ba1b-4ebc-a5b3-10ac658fa12f: start group-3C529127556E
2019-08-27 09:24:22,375 [pool-49-thread-1] INFO  impl.RaftServerImpl (RaftServerImpl.java:setRole(171)) - 7d876507-ba1b-4ebc-a5b3-10ac658fa12f:group-3C529127556E changes role from null to FOLLOWER at term 0 for startAsFollower
2019-08-27 09:24:22,375 [pool-49-thread-1] INFO  impl.RoleInfo (RoleInfo.java:updateAndGet(143)) - 7d876507-ba1b-4ebc-a5b3-10ac658fa12f: start FollowerState
2019-08-27 09:24:22,375 [pool-49-thread-1] INFO  util.JmxRegister (JmxRegister.java:tryRegister(44)) - Successfully registered JMX Bean with object name Ratis:service=RaftServer,group=group-3C529127556E,id=7d876507-ba1b-4ebc-a5b3-10ac658fa12f
2019-08-27 09:24:22,388 [RatisPipelineUtilsThread] INFO  pipeline.PipelineStateManager (PipelineStateManager.java:addPipeline(56)) - Created pipeline Pipeline[ Id: bbf72026-1611-4887-9c4f-3c529127556e, Nodes: 7d876507-ba1b-4ebc-a5b3-10ac658fa12f{ip: 192.168.34.12, host: pr-hdds-738-8rv22-2539771249, networkLocation: /default-rack, certSerialId: null}, Type:RATIS, Factor:ONE, State:OPEN]
2019-08-27 09:24:22,412 [grpc-default-executor-0] INFO  impl.RaftServerProxy (RaftServerProxy.java:addNew(89)) - fc98e046-3719-409e-ae96-fb17601fedec: addNew group-981EEE05324F:[fc98e046-3719-409e-ae96-fb17601fedec:192.168.34.12:46642] returns group-981EEE05324F:java.util.concurrent.CompletableFuture@72510ffb[Not completed]
2019-08-27 09:24:22,415 [pool-60-thread-1] INFO  impl.RaftServerImpl (RaftServerImpl.java:<init>(93)) - fc98e046-3719-409e-ae96-fb17601fedec: new RaftServerImpl for group-981EEE05324F:[fc98e046-3719-409e-ae96-fb17601fedec:192.168.34.12:46642] with ContainerStateMachine:uninitialized
2019-08-27 09:24:22,416 [pool-60-thread-1] INFO  server.RaftServerConfigKeys (ConfUtils.java:logGet(43)) - raft.server.rpc.timeout.min = 5s (custom)
2019-08-27 09:24:22,416 [pool-60-thread-1] INFO  server.RaftServerConfigKeys (ConfUtils.java:logGet(43)) - raft.server.rpc.timeout.max = 5200ms (custom)
2019-08-27 09:24:22,416 [pool-60-thread-1] INFO  server.RaftServerConfigKeys (ConfUtils.java:logGet(43)) - raft.server.rpcslowness.timeout = 120s (custom)
2019-08-27 09:24:22,416 [pool-60-thread-1] INFO  server.RaftServerConfigKeys (ConfUtils.java:logGet(43)) - raft.server.sleep.deviation.threshold = 300 (default)
2019-08-27 09:24:22,416 [pool-60-thread-1] INFO  server.RaftServerConfigKeys (ConfUtils.java:logGet(43)) - raft.server.log.appender.install.snapshot.enabled = false (custom)
2019-08-27 09:24:22,416 [pool-60-thread-1] INFO  impl.RaftServerImpl (ServerState.java:<init>(105)) - fc98e046-3719-409e-ae96-fb17601fedec:group-981EEE05324F ConfigurationManager, init=-1: [fc98e046-3719-409e-ae96-fb17601fedec:192.168.34.12:46642], old=null, confs=<EMPTY_MAP>
2019-08-27 09:24:22,416 [pool-60-thread-1] INFO  server.RaftServerConfigKeys (ConfUtils.java:logGet(43)) - raft.server.storage.dir = [/workdir/hadoop-ozone/integration-test/target/test-dir/MiniOzoneClusterImpl-58938c5f-3d8a-4dfc-b7d6-ee05bfa799f3/datanode-3/data/ratis] (custom)
2019-08-27 09:24:22,417 [pool-60-thread-1] INFO  storage.RaftStorageDirectory (RaftStorageDirectory.java:analyzeStorage(246)) - The storage directory /workdir/hadoop-ozone/integration-test/target/test-dir/MiniOzoneClusterImpl-58938c5f-3d8a-4dfc-b7d6-ee05bfa799f3/datanode-3/data/ratis/03225c20-617a-4abe-9f28-981eee05324f does not exist. Creating ...
2019-08-27 09:24:22,429 [pool-60-thread-1] INFO  storage.RaftStorageDirectory (RaftStorageDirectory.java:tryLock(328)) - Lock on /workdir/hadoop-ozone/integration-test/target/test-dir/MiniOzoneClusterImpl-58938c5f-3d8a-4dfc-b7d6-ee05bfa799f3/datanode-3/data/ratis/03225c20-617a-4abe-9f28-981eee05324f/in_use.lock acquired by nodename 2221@pr-hdds-738-8rv22-2539771249
2019-08-27 09:24:22,442 [pool-60-thread-1] INFO  storage.RaftStorage (RaftStorage.java:format(72)) - Storage directory /workdir/hadoop-ozone/integration-test/target/test-dir/MiniOzoneClusterImpl-58938c5f-3d8a-4dfc-b7d6-ee05bfa799f3/datanode-3/data/ratis/03225c20-617a-4abe-9f28-981eee05324f has been successfully formatted.
2019-08-27 09:24:22,442 [pool-60-thread-1] INFO  ratis.ContainerStateMachine (ContainerStateMachine.java:loadSnapshot(226)) - group-981EEE05324F: The snapshot info is null. Setting the last applied indexto:(t:0, i:~)
2019-08-27 09:24:22,443 [pool-60-thread-1] INFO  server.RaftServerConfigKeys (ConfUtils.java:logGet(43)) - raft.server.leader.election.timeout = 120s (custom)
2019-08-27 09:24:22,443 [pool-60-thread-1] INFO  server.RaftServerConfigKeys (ConfUtils.java:logGet(43)) - raft.server.log.use.memory = false (default)
2019-08-27 09:24:22,443 [pool-60-thread-1] INFO  server.RaftServerConfigKeys (ConfUtils.java:logGet(43)) - raft.server.log.purge.gap = 1000000 (custom)
2019-08-27 09:24:22,443 [pool-60-thread-1] INFO  server.RaftServerConfigKeys (ConfUtils.java:logGet(43)) - raft.server.log.appender.buffer.byte-limit = 33554432 (custom)
2019-08-27 09:24:22,443 [pool-60-thread-1] INFO  server.RaftServerConfigKeys (ConfUtils.java:logGet(43)) - raft.server.log.segment.size.max = 1048576 (custom)
2019-08-27 09:24:22,443 [pool-60-thread-1] INFO  server.RaftServerConfigKeys (ConfUtils.java:logGet(43)) - raft.server.log.segment.cache.num.max = 2 (custom)
2019-08-27 09:24:22,443 [pool-60-thread-1] INFO  segmented.SegmentedRaftLogWorker (SegmentedRaftLogWorker.java:<init>(172)) - new fc98e046-3719-409e-ae96-fb17601fedec-SegmentedRaftLogWorker:Storage Directory /workdir/hadoop-ozone/integration-test/target/test-dir/MiniOzoneClusterImpl-58938c5f-3d8a-4dfc-b7d6-ee05bfa799f3/datanode-3/data/ratis/03225c20-617a-4abe-9f28-981eee05324f for RaftStorage:Storage Directory /workdir/hadoop-ozone/integration-test/target/test-dir/MiniOzoneClusterImpl-58938c5f-3d8a-4dfc-b7d6-ee05bfa799f3/datanode-3/data/ratis/03225c20-617a-4abe-9f28-981eee05324f
2019-08-27 09:24:22,443 [pool-60-thread-1] INFO  server.RaftServerConfigKeys (ConfUtils.java:logGet(43)) - raft.server.log.queue.byte-limit = 2147483647 (custom)
2019-08-27 09:24:22,444 [pool-60-thread-1] INFO  server.RaftServerConfigKeys (ConfUtils.java:logGet(43)) - raft.server.log.queue.element-limit = 1024 (custom)
2019-08-27 09:24:22,444 [pool-60-thread-1] INFO  server.RaftServerConfigKeys (ConfUtils.java:logGet(43)) - raft.server.log.segment.size.max = 1048576 (custom)
2019-08-27 09:24:22,444 [pool-60-thread-1] INFO  server.RaftServerConfigKeys (ConfUtils.java:logGet(43)) - raft.server.log.preallocated.size = 16384 (custom)
2019-08-27 09:24:22,444 [pool-60-thread-1] INFO  server.RaftServerConfigKeys (ConfUtils.java:logGet(43)) - raft.server.log.write.buffer.size = 33554432 (custom)
2019-08-27 09:24:22,444 [pool-60-thread-1] INFO  server.RaftServerConfigKeys (ConfUtils.java:logGet(43)) - raft.server.log.force.sync.num = 128 (default)
2019-08-27 09:24:22,444 [pool-60-thread-1] INFO  server.RaftServerConfigKeys (ConfUtils.java:logGet(43)) - raft.server.log.statemachine.data.sync = true (default)
2019-08-27 09:24:22,444 [pool-60-thread-1] INFO  server.RaftServerConfigKeys (ConfUtils.java:logGet(43)) - raft.server.log.statemachine.data.sync.timeout = 10s (default)
2019-08-27 09:24:22,445 [pool-60-thread-1] INFO  server.RaftServerConfigKeys (ConfUtils.java:logGet(43)) - raft.server.log.statemachine.data.sync.timeout.retry = -1 (default)
2019-08-27 09:24:22,445 [pool-60-thread-1] INFO  server.RaftServerConfigKeys (ConfUtils.java:logGet(43)) - raft.server.log.statemachine.data.caching.enabled = true (custom)
2019-08-27 09:24:22,445 [pool-60-thread-1] INFO  segmented.SegmentedRaftLogWorker (SegmentedRaftLogWorker.java:lambda$new$0(132)) - fc98e046-3719-409e-ae96-fb17601fedec-SegmentedRaftLogWorker:Storage Directory /workdir/hadoop-ozone/integration-test/target/test-dir/MiniOzoneClusterImpl-58938c5f-3d8a-4dfc-b7d6-ee05bfa799f3/datanode-3/data/ratis/03225c20-617a-4abe-9f28-981eee05324f: flushIndex: setUnconditionally 0 -> -1
2019-08-27 09:24:22,445 [pool-60-thread-1] INFO  server.RaftServerConfigKeys (ConfUtils.java:logGet(43)) - raft.server.snapshot.auto.trigger.enabled = true (custom)
2019-08-27 09:24:22,446 [pool-60-thread-1] INFO  server.RaftServerConfigKeys (ConfUtils.java:logGet(43)) - raft.server.snapshot.auto.trigger.threshold = 10000 (custom)
2019-08-27 09:24:22,446 [pool-60-thread-1] INFO  server.RaftServerConfigKeys (ConfUtils.java:logGet(43)) - raft.server.retrycache.expirytime = 600000ms (custom)
2019-08-27 09:24:22,446 [pool-60-thread-1] INFO  impl.RaftServerImpl (RaftServerImpl.java:start(180)) - fc98e046-3719-409e-ae96-fb17601fedec: start group-981EEE05324F
2019-08-27 09:24:22,446 [pool-60-thread-1] INFO  impl.RaftServerImpl (RaftServerImpl.java:setRole(171)) - fc98e046-3719-409e-ae96-fb17601fedec:group-981EEE05324F changes role from null to FOLLOWER at term 0 for startAsFollower
2019-08-27 09:24:22,446 [pool-60-thread-1] INFO  impl.RoleInfo (RoleInfo.java:updateAndGet(143)) - fc98e046-3719-409e-ae96-fb17601fedec: start FollowerState
2019-08-27 09:24:22,447 [pool-60-thread-1] INFO  util.JmxRegister (JmxRegister.java:tryRegister(44)) - Successfully registered JMX Bean with object name Ratis:service=RaftServer,group=group-981EEE05324F,id=fc98e046-3719-409e-ae96-fb17601fedec
2019-08-27 09:24:22,458 [RatisPipelineUtilsThread] INFO  pipeline.PipelineStateManager (PipelineStateManager.java:addPipeline(56)) - Created pipeline Pipeline[ Id: 03225c20-617a-4abe-9f28-981eee05324f, Nodes: fc98e046-3719-409e-ae96-fb17601fedec{ip: 192.168.34.12, host: pr-hdds-738-8rv22-2539771249, networkLocation: /default-rack, certSerialId: null}, Type:RATIS, Factor:ONE, State:OPEN]
2019-08-27 09:24:22,474 [grpc-default-executor-0] INFO  impl.RaftServerProxy (RaftServerProxy.java:addNew(89)) - 79c4d2ef-606e-4498-8078-25febc5aaa5f: addNew group-DB40618BB178:[79c4d2ef-606e-4498-8078-25febc5aaa5f:192.168.34.12:33541] returns group-DB40618BB178:java.util.concurrent.CompletableFuture@38f005a7[Not completed]
2019-08-27 09:24:22,478 [pool-93-thread-1] INFO  impl.RaftServerImpl (RaftServerImpl.java:<init>(93)) - 79c4d2ef-606e-4498-8078-25febc5aaa5f: new RaftServerImpl for group-DB40618BB178:[79c4d2ef-606e-4498-8078-25febc5aaa5f:192.168.34.12:33541] with ContainerStateMachine:uninitialized
2019-08-27 09:24:22,478 [pool-93-thread-1] INFO  server.RaftServerConfigKeys (ConfUtils.java:logGet(43)) - raft.server.rpc.timeout.min = 5s (custom)
2019-08-27 09:24:22,478 [pool-93-thread-1] INFO  server.RaftServerConfigKeys (ConfUtils.java:logGet(43)) - raft.server.rpc.timeout.max = 5200ms (custom)
2019-08-27 09:24:22,478 [pool-93-thread-1] INFO  server.RaftServerConfigKeys (ConfUtils.java:logGet(43)) - raft.server.rpcslowness.timeout = 120s (custom)
2019-08-27 09:24:22,479 [pool-93-thread-1] INFO  server.RaftServerConfigKeys (ConfUtils.java:logGet(43)) - raft.server.sleep.deviation.threshold = 300 (default)
2019-08-27 09:24:22,479 [pool-93-thread-1] INFO  server.RaftServerConfigKeys (ConfUtils.java:logGet(43)) - raft.server.log.appender.install.snapshot.enabled = false (custom)
2019-08-27 09:24:22,479 [pool-93-thread-1] INFO  impl.RaftServerImpl (ServerState.java:<init>(105)) - 79c4d2ef-606e-4498-8078-25febc5aaa5f:group-DB40618BB178 ConfigurationManager, init=-1: [79c4d2ef-606e-4498-8078-25febc5aaa5f:192.168.34.12:33541], old=null, confs=<EMPTY_MAP>
2019-08-27 09:24:22,479 [pool-93-thread-1] INFO  server.RaftServerConfigKeys (ConfUtils.java:logGet(43)) - raft.server.storage.dir = [/workdir/hadoop-ozone/integration-test/target/test-dir/MiniOzoneClusterImpl-58938c5f-3d8a-4dfc-b7d6-ee05bfa799f3/datanode-6/data/ratis] (custom)
2019-08-27 09:24:22,479 [pool-93-thread-1] INFO  storage.RaftStorageDirectory (RaftStorageDirectory.java:analyzeStorage(246)) - The storage directory /workdir/hadoop-ozone/integration-test/target/test-dir/MiniOzoneClusterImpl-58938c5f-3d8a-4dfc-b7d6-ee05bfa799f3/datanode-6/data/ratis/127d2591-8217-4acb-b225-db40618bb178 does not exist. Creating ...
2019-08-27 09:24:22,492 [pool-93-thread-1] INFO  storage.RaftStorageDirectory (RaftStorageDirectory.java:tryLock(328)) - Lock on /workdir/hadoop-ozone/integration-test/target/test-dir/MiniOzoneClusterImpl-58938c5f-3d8a-4dfc-b7d6-ee05bfa799f3/datanode-6/data/ratis/127d2591-8217-4acb-b225-db40618bb178/in_use.lock acquired by nodename 2221@pr-hdds-738-8rv22-2539771249
2019-08-27 09:24:22,505 [pool-93-thread-1] INFO  storage.RaftStorage (RaftStorage.java:format(72)) - Storage directory /workdir/hadoop-ozone/integration-test/target/test-dir/MiniOzoneClusterImpl-58938c5f-3d8a-4dfc-b7d6-ee05bfa799f3/datanode-6/data/ratis/127d2591-8217-4acb-b225-db40618bb178 has been successfully formatted.
2019-08-27 09:24:22,505 [pool-93-thread-1] INFO  ratis.ContainerStateMachine (ContainerStateMachine.java:loadSnapshot(226)) - group-DB40618BB178: The snapshot info is null. Setting the last applied indexto:(t:0, i:~)
2019-08-27 09:24:22,505 [pool-93-thread-1] INFO  server.RaftServerConfigKeys (ConfUtils.java:logGet(43)) - raft.server.leader.election.timeout = 120s (custom)
2019-08-27 09:24:22,506 [pool-93-thread-1] INFO  server.RaftServerConfigKeys (ConfUtils.java:logGet(43)) - raft.server.log.use.memory = false (default)
2019-08-27 09:24:22,506 [pool-93-thread-1] INFO  server.RaftServerConfigKeys (ConfUtils.java:logGet(43)) - raft.server.log.purge.gap = 1000000 (custom)
2019-08-27 09:24:22,506 [pool-93-thread-1] INFO  server.RaftServerConfigKeys (ConfUtils.java:logGet(43)) - raft.server.log.appender.buffer.byte-limit = 33554432 (custom)
2019-08-27 09:24:22,506 [pool-93-thread-1] INFO  server.RaftServerConfigKeys (ConfUtils.java:logGet(43)) - raft.server.log.segment.size.max = 1048576 (custom)
2019-08-27 09:24:22,506 [pool-93-thread-1] INFO  server.RaftServerConfigKeys (ConfUtils.java:logGet(43)) - raft.server.log.segment.cache.num.max = 2 (custom)
2019-08-27 09:24:22,506 [pool-93-thread-1] INFO  segmented.SegmentedRaftLogWorker (SegmentedRaftLogWorker.java:<init>(172)) - new 79c4d2ef-606e-4498-8078-25febc5aaa5f-SegmentedRaftLogWorker:Storage Directory /workdir/hadoop-ozone/integration-test/target/test-dir/MiniOzoneClusterImpl-58938c5f-3d8a-4dfc-b7d6-ee05bfa799f3/datanode-6/data/ratis/127d2591-8217-4acb-b225-db40618bb178 for RaftStorage:Storage Directory /workdir/hadoop-ozone/integration-test/target/test-dir/MiniOzoneClusterImpl-58938c5f-3d8a-4dfc-b7d6-ee05bfa799f3/datanode-6/data/ratis/127d2591-8217-4acb-b225-db40618bb178
2019-08-27 09:24:22,506 [pool-93-thread-1] INFO  server.RaftServerConfigKeys (ConfUtils.java:logGet(43)) - raft.server.log.queue.byte-limit = 2147483647 (custom)
2019-08-27 09:24:22,507 [pool-93-thread-1] INFO  server.RaftServerConfigKeys (ConfUtils.java:logGet(43)) - raft.server.log.queue.element-limit = 1024 (custom)
2019-08-27 09:24:22,507 [pool-93-thread-1] INFO  server.RaftServerConfigKeys (ConfUtils.java:logGet(43)) - raft.server.log.segment.size.max = 1048576 (custom)
2019-08-27 09:24:22,507 [pool-93-thread-1] INFO  server.RaftServerConfigKeys (ConfUtils.java:logGet(43)) - raft.server.log.preallocated.size = 16384 (custom)
2019-08-27 09:24:22,507 [pool-93-thread-1] INFO  server.RaftServerConfigKeys (ConfUtils.java:logGet(43)) - raft.server.log.write.buffer.size = 33554432 (custom)
2019-08-27 09:24:22,507 [pool-93-thread-1] INFO  server.RaftServerConfigKeys (ConfUtils.java:logGet(43)) - raft.server.log.force.sync.num = 128 (default)
2019-08-27 09:24:22,507 [pool-93-thread-1] INFO  server.RaftServerConfigKeys (ConfUtils.java:logGet(43)) - raft.server.log.statemachine.data.sync = true (default)
2019-08-27 09:24:22,507 [pool-93-thread-1] INFO  server.RaftServerConfigKeys (ConfUtils.java:logGet(43)) - raft.server.log.statemachine.data.sync.timeout = 10s (default)
2019-08-27 09:24:22,508 [pool-93-thread-1] INFO  server.RaftServerConfigKeys (ConfUtils.java:logGet(43)) - raft.server.log.statemachine.data.sync.timeout.retry = -1 (default)
2019-08-27 09:24:22,508 [pool-93-thread-1] INFO  server.RaftServerConfigKeys (ConfUtils.java:logGet(43)) - raft.server.log.statemachine.data.caching.enabled = true (custom)
2019-08-27 09:24:22,508 [pool-93-thread-1] INFO  segmented.SegmentedRaftLogWorker (SegmentedRaftLogWorker.java:lambda$new$0(132)) - 79c4d2ef-606e-4498-8078-25febc5aaa5f-SegmentedRaftLogWorker:Storage Directory /workdir/hadoop-ozone/integration-test/target/test-dir/MiniOzoneClusterImpl-58938c5f-3d8a-4dfc-b7d6-ee05bfa799f3/datanode-6/data/ratis/127d2591-8217-4acb-b225-db40618bb178: flushIndex: setUnconditionally 0 -> -1
2019-08-27 09:24:22,509 [pool-93-thread-1] INFO  server.RaftServerConfigKeys (ConfUtils.java:logGet(43)) - raft.server.snapshot.auto.trigger.enabled = true (custom)
2019-08-27 09:24:22,509 [pool-93-thread-1] INFO  server.RaftServerConfigKeys (ConfUtils.java:logGet(43)) - raft.server.snapshot.auto.trigger.threshold = 10000 (custom)
2019-08-27 09:24:22,509 [pool-93-thread-1] INFO  server.RaftServerConfigKeys (ConfUtils.java:logGet(43)) - raft.server.retrycache.expirytime = 600000ms (custom)
2019-08-27 09:24:22,509 [pool-93-thread-1] INFO  impl.RaftServerImpl (RaftServerImpl.java:start(180)) - 79c4d2ef-606e-4498-8078-25febc5aaa5f: start group-DB40618BB178
2019-08-27 09:24:22,509 [pool-93-thread-1] INFO  impl.RaftServerImpl (RaftServerImpl.java:setRole(171)) - 79c4d2ef-606e-4498-8078-25febc5aaa5f:group-DB40618BB178 changes role from null to FOLLOWER at term 0 for startAsFollower
2019-08-27 09:24:22,509 [pool-93-thread-1] INFO  impl.RoleInfo (RoleInfo.java:updateAndGet(143)) - 79c4d2ef-606e-4498-8078-25febc5aaa5f: start FollowerState
2019-08-27 09:24:22,510 [pool-93-thread-1] INFO  util.JmxRegister (JmxRegister.java:tryRegister(44)) - Successfully registered JMX Bean with object name Ratis:service=RaftServer,group=group-DB40618BB178,id=79c4d2ef-606e-4498-8078-25febc5aaa5f
2019-08-27 09:24:22,524 [RatisPipelineUtilsThread] INFO  pipeline.PipelineStateManager (PipelineStateManager.java:addPipeline(56)) - Created pipeline Pipeline[ Id: 127d2591-8217-4acb-b225-db40618bb178, Nodes: 79c4d2ef-606e-4498-8078-25febc5aaa5f{ip: 192.168.34.12, host: pr-hdds-738-8rv22-2539771249, networkLocation: /default-rack, certSerialId: null}, Type:RATIS, Factor:ONE, State:OPEN]
2019-08-27 09:24:22,556 [grpc-default-executor-1] INFO  impl.RaftServerProxy (RaftServerProxy.java:addNew(89)) - e0471fbb-799c-4b0e-bb57-258e588ecc79: addNew group-C9BB8001774F:[e0471fbb-799c-4b0e-bb57-258e588ecc79:192.168.34.12:42809, 56e0bca8-6099-4977-8c71-ca6e0a08dcf0:192.168.34.12:42744, ce8ae317-8251-4b4b-ad79-c99d4c9d019c:192.168.34.12:40438] returns group-C9BB8001774F:java.util.concurrent.CompletableFuture@797462eb[Not completed]
2019-08-27 09:24:22,556 [grpc-default-executor-0] INFO  impl.RaftServerProxy (RaftServerProxy.java:addNew(89)) - ce8ae317-8251-4b4b-ad79-c99d4c9d019c: addNew group-C9BB8001774F:[e0471fbb-799c-4b0e-bb57-258e588ecc79:192.168.34.12:42809, 56e0bca8-6099-4977-8c71-ca6e0a08dcf0:192.168.34.12:42744, ce8ae317-8251-4b4b-ad79-c99d4c9d019c:192.168.34.12:40438] returns group-C9BB8001774F:java.util.concurrent.CompletableFuture@6e276627[Not completed]
2019-08-27 09:24:22,558 [grpc-default-executor-2] INFO  impl.RaftServerProxy (RaftServerProxy.java:addNew(89)) - 56e0bca8-6099-4977-8c71-ca6e0a08dcf0: addNew group-C9BB8001774F:[e0471fbb-799c-4b0e-bb57-258e588ecc79:192.168.34.12:42809, 56e0bca8-6099-4977-8c71-ca6e0a08dcf0:192.168.34.12:42744, ce8ae317-8251-4b4b-ad79-c99d4c9d019c:192.168.34.12:40438] returns group-C9BB8001774F:java.util.concurrent.CompletableFuture@17e445b7[Not completed]
2019-08-27 09:24:22,559 [pool-27-thread-1] INFO  impl.RaftServerImpl (RaftServerImpl.java:<init>(93)) - e0471fbb-799c-4b0e-bb57-258e588ecc79: new RaftServerImpl for group-C9BB8001774F:[e0471fbb-799c-4b0e-bb57-258e588ecc79:192.168.34.12:42809, 56e0bca8-6099-4977-8c71-ca6e0a08dcf0:192.168.34.12:42744, ce8ae317-8251-4b4b-ad79-c99d4c9d019c:192.168.34.12:40438] with ContainerStateMachine:uninitialized
2019-08-27 09:24:22,560 [pool-27-thread-1] INFO  server.RaftServerConfigKeys (ConfUtils.java:logGet(43)) - raft.server.rpc.timeout.min = 5s (custom)
2019-08-27 09:24:22,560 [pool-27-thread-1] INFO  server.RaftServerConfigKeys (ConfUtils.java:logGet(43)) - raft.server.rpc.timeout.max = 5200ms (custom)
2019-08-27 09:24:22,560 [pool-27-thread-1] INFO  server.RaftServerConfigKeys (ConfUtils.java:logGet(43)) - raft.server.rpcslowness.timeout = 120s (custom)
2019-08-27 09:24:22,560 [pool-27-thread-1] INFO  server.RaftServerConfigKeys (ConfUtils.java:logGet(43)) - raft.server.sleep.deviation.threshold = 300 (default)
2019-08-27 09:24:22,560 [pool-27-thread-1] INFO  server.RaftServerConfigKeys (ConfUtils.java:logGet(43)) - raft.server.log.appender.install.snapshot.enabled = false (custom)
2019-08-27 09:24:22,561 [pool-71-thread-1] INFO  impl.RaftServerImpl (RaftServerImpl.java:<init>(93)) - 56e0bca8-6099-4977-8c71-ca6e0a08dcf0: new RaftServerImpl for group-C9BB8001774F:[e0471fbb-799c-4b0e-bb57-258e588ecc79:192.168.34.12:42809, 56e0bca8-6099-4977-8c71-ca6e0a08dcf0:192.168.34.12:42744, ce8ae317-8251-4b4b-ad79-c99d4c9d019c:192.168.34.12:40438] with ContainerStateMachine:uninitialized
2019-08-27 09:24:22,561 [pool-27-thread-1] INFO  impl.RaftServerImpl (ServerState.java:<init>(105)) - e0471fbb-799c-4b0e-bb57-258e588ecc79:group-C9BB8001774F ConfigurationManager, init=-1: [e0471fbb-799c-4b0e-bb57-258e588ecc79:192.168.34.12:42809, 56e0bca8-6099-4977-8c71-ca6e0a08dcf0:192.168.34.12:42744, ce8ae317-8251-4b4b-ad79-c99d4c9d019c:192.168.34.12:40438], old=null, confs=<EMPTY_MAP>
2019-08-27 09:24:22,561 [pool-71-thread-1] INFO  server.RaftServerConfigKeys (ConfUtils.java:logGet(43)) - raft.server.rpc.timeout.min = 5s (custom)
2019-08-27 09:24:22,561 [pool-71-thread-1] INFO  server.RaftServerConfigKeys (ConfUtils.java:logGet(43)) - raft.server.rpc.timeout.max = 5200ms (custom)
2019-08-27 09:24:22,561 [pool-27-thread-1] INFO  server.RaftServerConfigKeys (ConfUtils.java:logGet(43)) - raft.server.storage.dir = [/workdir/hadoop-ozone/integration-test/target/test-dir/MiniOzoneClusterImpl-58938c5f-3d8a-4dfc-b7d6-ee05bfa799f3/datanode-0/data/ratis] (custom)
2019-08-27 09:24:22,561 [pool-71-thread-1] INFO  server.RaftServerConfigKeys (ConfUtils.java:logGet(43)) - raft.server.rpcslowness.timeout = 120s (custom)
2019-08-27 09:24:22,562 [pool-71-thread-1] INFO  server.RaftServerConfigKeys (ConfUtils.java:logGet(43)) - raft.server.sleep.deviation.threshold = 300 (default)
2019-08-27 09:24:22,562 [pool-71-thread-1] INFO  server.RaftServerConfigKeys (ConfUtils.java:logGet(43)) - raft.server.log.appender.install.snapshot.enabled = false (custom)
2019-08-27 09:24:22,562 [pool-27-thread-1] INFO  storage.RaftStorageDirectory (RaftStorageDirectory.java:analyzeStorage(246)) - The storage directory /workdir/hadoop-ozone/integration-test/target/test-dir/MiniOzoneClusterImpl-58938c5f-3d8a-4dfc-b7d6-ee05bfa799f3/datanode-0/data/ratis/32a5b2e3-3296-4a00-92b8-c9bb8001774f does not exist. Creating ...
2019-08-27 09:24:22,562 [pool-82-thread-1] INFO  impl.RaftServerImpl (RaftServerImpl.java:<init>(93)) - ce8ae317-8251-4b4b-ad79-c99d4c9d019c: new RaftServerImpl for group-C9BB8001774F:[e0471fbb-799c-4b0e-bb57-258e588ecc79:192.168.34.12:42809, 56e0bca8-6099-4977-8c71-ca6e0a08dcf0:192.168.34.12:42744, ce8ae317-8251-4b4b-ad79-c99d4c9d019c:192.168.34.12:40438] with ContainerStateMachine:uninitialized
2019-08-27 09:24:22,562 [pool-71-thread-1] INFO  impl.RaftServerImpl (ServerState.java:<init>(105)) - 56e0bca8-6099-4977-8c71-ca6e0a08dcf0:group-C9BB8001774F ConfigurationManager, init=-1: [e0471fbb-799c-4b0e-bb57-258e588ecc79:192.168.34.12:42809, 56e0bca8-6099-4977-8c71-ca6e0a08dcf0:192.168.34.12:42744, ce8ae317-8251-4b4b-ad79-c99d4c9d019c:192.168.34.12:40438], old=null, confs=<EMPTY_MAP>
2019-08-27 09:24:22,562 [pool-82-thread-1] INFO  server.RaftServerConfigKeys (ConfUtils.java:logGet(43)) - raft.server.rpc.timeout.min = 5s (custom)
2019-08-27 09:24:22,563 [pool-71-thread-1] INFO  server.RaftServerConfigKeys (ConfUtils.java:logGet(43)) - raft.server.storage.dir = [/workdir/hadoop-ozone/integration-test/target/test-dir/MiniOzoneClusterImpl-58938c5f-3d8a-4dfc-b7d6-ee05bfa799f3/datanode-4/data/ratis] (custom)
2019-08-27 09:24:22,563 [pool-82-thread-1] INFO  server.RaftServerConfigKeys (ConfUtils.java:logGet(43)) - raft.server.rpc.timeout.max = 5200ms (custom)
2019-08-27 09:24:22,563 [pool-82-thread-1] INFO  server.RaftServerConfigKeys (ConfUtils.java:logGet(43)) - raft.server.rpcslowness.timeout = 120s (custom)
2019-08-27 09:24:22,563 [pool-71-thread-1] INFO  storage.RaftStorageDirectory (RaftStorageDirectory.java:analyzeStorage(246)) - The storage directory /workdir/hadoop-ozone/integration-test/target/test-dir/MiniOzoneClusterImpl-58938c5f-3d8a-4dfc-b7d6-ee05bfa799f3/datanode-4/data/ratis/32a5b2e3-3296-4a00-92b8-c9bb8001774f does not exist. Creating ...
2019-08-27 09:24:22,563 [pool-82-thread-1] INFO  server.RaftServerConfigKeys (ConfUtils.java:logGet(43)) - raft.server.sleep.deviation.threshold = 300 (default)
2019-08-27 09:24:22,563 [pool-82-thread-1] INFO  server.RaftServerConfigKeys (ConfUtils.java:logGet(43)) - raft.server.log.appender.install.snapshot.enabled = false (custom)
2019-08-27 09:24:22,564 [pool-82-thread-1] INFO  impl.RaftServerImpl (ServerState.java:<init>(105)) - ce8ae317-8251-4b4b-ad79-c99d4c9d019c:group-C9BB8001774F ConfigurationManager, init=-1: [e0471fbb-799c-4b0e-bb57-258e588ecc79:192.168.34.12:42809, 56e0bca8-6099-4977-8c71-ca6e0a08dcf0:192.168.34.12:42744, ce8ae317-8251-4b4b-ad79-c99d4c9d019c:192.168.34.12:40438], old=null, confs=<EMPTY_MAP>
2019-08-27 09:24:22,564 [pool-82-thread-1] INFO  server.RaftServerConfigKeys (ConfUtils.java:logGet(43)) - raft.server.storage.dir = [/workdir/hadoop-ozone/integration-test/target/test-dir/MiniOzoneClusterImpl-58938c5f-3d8a-4dfc-b7d6-ee05bfa799f3/datanode-5/data/ratis] (custom)
2019-08-27 09:24:22,564 [pool-82-thread-1] INFO  storage.RaftStorageDirectory (RaftStorageDirectory.java:analyzeStorage(246)) - The storage directory /workdir/hadoop-ozone/integration-test/target/test-dir/MiniOzoneClusterImpl-58938c5f-3d8a-4dfc-b7d6-ee05bfa799f3/datanode-5/data/ratis/32a5b2e3-3296-4a00-92b8-c9bb8001774f does not exist. Creating ...
2019-08-27 09:24:22,576 [pool-82-thread-1] INFO  storage.RaftStorageDirectory (RaftStorageDirectory.java:tryLock(328)) - Lock on /workdir/hadoop-ozone/integration-test/target/test-dir/MiniOzoneClusterImpl-58938c5f-3d8a-4dfc-b7d6-ee05bfa799f3/datanode-5/data/ratis/32a5b2e3-3296-4a00-92b8-c9bb8001774f/in_use.lock acquired by nodename 2221@pr-hdds-738-8rv22-2539771249
2019-08-27 09:24:22,576 [pool-27-thread-1] INFO  storage.RaftStorageDirectory (RaftStorageDirectory.java:tryLock(328)) - Lock on /workdir/hadoop-ozone/integration-test/target/test-dir/MiniOzoneClusterImpl-58938c5f-3d8a-4dfc-b7d6-ee05bfa799f3/datanode-0/data/ratis/32a5b2e3-3296-4a00-92b8-c9bb8001774f/in_use.lock acquired by nodename 2221@pr-hdds-738-8rv22-2539771249
2019-08-27 09:24:22,576 [pool-71-thread-1] INFO  storage.RaftStorageDirectory (RaftStorageDirectory.java:tryLock(328)) - Lock on /workdir/hadoop-ozone/integration-test/target/test-dir/MiniOzoneClusterImpl-58938c5f-3d8a-4dfc-b7d6-ee05bfa799f3/datanode-4/data/ratis/32a5b2e3-3296-4a00-92b8-c9bb8001774f/in_use.lock acquired by nodename 2221@pr-hdds-738-8rv22-2539771249
2019-08-27 09:24:22,605 [pool-82-thread-1] INFO  storage.RaftStorage (RaftStorage.java:format(72)) - Storage directory /workdir/hadoop-ozone/integration-test/target/test-dir/MiniOzoneClusterImpl-58938c5f-3d8a-4dfc-b7d6-ee05bfa799f3/datanode-5/data/ratis/32a5b2e3-3296-4a00-92b8-c9bb8001774f has been successfully formatted.
2019-08-27 09:24:22,605 [pool-27-thread-1] INFO  storage.RaftStorage (RaftStorage.java:format(72)) - Storage directory /workdir/hadoop-ozone/integration-test/target/test-dir/MiniOzoneClusterImpl-58938c5f-3d8a-4dfc-b7d6-ee05bfa799f3/datanode-0/data/ratis/32a5b2e3-3296-4a00-92b8-c9bb8001774f has been successfully formatted.
2019-08-27 09:24:22,606 [pool-82-thread-1] INFO  ratis.ContainerStateMachine (ContainerStateMachine.java:loadSnapshot(226)) - group-C9BB8001774F: The snapshot info is null. Setting the last applied indexto:(t:0, i:~)
2019-08-27 09:24:22,606 [pool-27-thread-1] INFO  ratis.ContainerStateMachine (ContainerStateMachine.java:loadSnapshot(226)) - group-C9BB8001774F: The snapshot info is null. Setting the last applied indexto:(t:0, i:~)
2019-08-27 09:24:22,606 [pool-82-thread-1] INFO  server.RaftServerConfigKeys (ConfUtils.java:logGet(43)) - raft.server.leader.election.timeout = 120s (custom)
2019-08-27 09:24:22,606 [pool-71-thread-1] INFO  storage.RaftStorage (RaftStorage.java:format(72)) - Storage directory /workdir/hadoop-ozone/integration-test/target/test-dir/MiniOzoneClusterImpl-58938c5f-3d8a-4dfc-b7d6-ee05bfa799f3/datanode-4/data/ratis/32a5b2e3-3296-4a00-92b8-c9bb8001774f has been successfully formatted.
2019-08-27 09:24:22,606 [pool-27-thread-1] INFO  server.RaftServerConfigKeys (ConfUtils.java:logGet(43)) - raft.server.leader.election.timeout = 120s (custom)
2019-08-27 09:24:22,607 [pool-71-thread-1] INFO  ratis.ContainerStateMachine (ContainerStateMachine.java:loadSnapshot(226)) - group-C9BB8001774F: The snapshot info is null. Setting the last applied indexto:(t:0, i:~)
2019-08-27 09:24:22,606 [pool-82-thread-1] INFO  server.RaftServerConfigKeys (ConfUtils.java:logGet(43)) - raft.server.log.use.memory = false (default)
2019-08-27 09:24:22,607 [pool-71-thread-1] INFO  server.RaftServerConfigKeys (ConfUtils.java:logGet(43)) - raft.server.leader.election.timeout = 120s (custom)
2019-08-27 09:24:22,607 [pool-27-thread-1] INFO  server.RaftServerConfigKeys (ConfUtils.java:logGet(43)) - raft.server.log.use.memory = false (default)
2019-08-27 09:24:22,607 [pool-71-thread-1] INFO  server.RaftServerConfigKeys (ConfUtils.java:logGet(43)) - raft.server.log.use.memory = false (default)
2019-08-27 09:24:22,607 [pool-82-thread-1] INFO  server.RaftServerConfigKeys (ConfUtils.java:logGet(43)) - raft.server.log.purge.gap = 1000000 (custom)
2019-08-27 09:24:22,607 [pool-71-thread-1] INFO  server.RaftServerConfigKeys (ConfUtils.java:logGet(43)) - raft.server.log.purge.gap = 1000000 (custom)
2019-08-27 09:24:22,607 [pool-27-thread-1] INFO  server.RaftServerConfigKeys (ConfUtils.java:logGet(43)) - raft.server.log.purge.gap = 1000000 (custom)
2019-08-27 09:24:22,608 [pool-71-thread-1] INFO  server.RaftServerConfigKeys (ConfUtils.java:logGet(43)) - raft.server.log.appender.buffer.byte-limit = 33554432 (custom)
2019-08-27 09:24:22,608 [pool-82-thread-1] INFO  server.RaftServerConfigKeys (ConfUtils.java:logGet(43)) - raft.server.log.appender.buffer.byte-limit = 33554432 (custom)
2019-08-27 09:24:22,608 [pool-71-thread-1] INFO  server.RaftServerConfigKeys (ConfUtils.java:logGet(43)) - raft.server.log.segment.size.max = 1048576 (custom)
2019-08-27 09:24:22,608 [pool-27-thread-1] INFO  server.RaftServerConfigKeys (ConfUtils.java:logGet(43)) - raft.server.log.appender.buffer.byte-limit = 33554432 (custom)
2019-08-27 09:24:22,608 [pool-71-thread-1] INFO  server.RaftServerConfigKeys (ConfUtils.java:logGet(43)) - raft.server.log.segment.cache.num.max = 2 (custom)
2019-08-27 09:24:22,608 [pool-82-thread-1] INFO  server.RaftServerConfigKeys (ConfUtils.java:logGet(43)) - raft.server.log.segment.size.max = 1048576 (custom)
2019-08-27 09:24:22,609 [pool-71-thread-1] INFO  segmented.SegmentedRaftLogWorker (SegmentedRaftLogWorker.java:<init>(172)) - new 56e0bca8-6099-4977-8c71-ca6e0a08dcf0-SegmentedRaftLogWorker:Storage Directory /workdir/hadoop-ozone/integration-test/target/test-dir/MiniOzoneClusterImpl-58938c5f-3d8a-4dfc-b7d6-ee05bfa799f3/datanode-4/data/ratis/32a5b2e3-3296-4a00-92b8-c9bb8001774f for RaftStorage:Storage Directory /workdir/hadoop-ozone/integration-test/target/test-dir/MiniOzoneClusterImpl-58938c5f-3d8a-4dfc-b7d6-ee05bfa799f3/datanode-4/data/ratis/32a5b2e3-3296-4a00-92b8-c9bb8001774f
2019-08-27 09:24:22,609 [pool-27-thread-1] INFO  server.RaftServerConfigKeys (ConfUtils.java:logGet(43)) - raft.server.log.segment.size.max = 1048576 (custom)
2019-08-27 09:24:22,609 [pool-71-thread-1] INFO  server.RaftServerConfigKeys (ConfUtils.java:logGet(43)) - raft.server.log.queue.byte-limit = 2147483647 (custom)
2019-08-27 09:24:22,609 [pool-82-thread-1] INFO  server.RaftServerConfigKeys (ConfUtils.java:logGet(43)) - raft.server.log.segment.cache.num.max = 2 (custom)
2019-08-27 09:24:22,611 [pool-71-thread-1] INFO  server.RaftServerConfigKeys (ConfUtils.java:logGet(43)) - raft.server.log.queue.element-limit = 1024 (custom)
2019-08-27 09:24:22,609 [pool-27-thread-1] INFO  server.RaftServerConfigKeys (ConfUtils.java:logGet(43)) - raft.server.log.segment.cache.num.max = 2 (custom)
2019-08-27 09:24:22,612 [pool-71-thread-1] INFO  server.RaftServerConfigKeys (ConfUtils.java:logGet(43)) - raft.server.log.segment.size.max = 1048576 (custom)
2019-08-27 09:24:22,612 [pool-82-thread-1] INFO  segmented.SegmentedRaftLogWorker (SegmentedRaftLogWorker.java:<init>(172)) - new ce8ae317-8251-4b4b-ad79-c99d4c9d019c-SegmentedRaftLogWorker:Storage Directory /workdir/hadoop-ozone/integration-test/target/test-dir/MiniOzoneClusterImpl-58938c5f-3d8a-4dfc-b7d6-ee05bfa799f3/datanode-5/data/ratis/32a5b2e3-3296-4a00-92b8-c9bb8001774f for RaftStorage:Storage Directory /workdir/hadoop-ozone/integration-test/target/test-dir/MiniOzoneClusterImpl-58938c5f-3d8a-4dfc-b7d6-ee05bfa799f3/datanode-5/data/ratis/32a5b2e3-3296-4a00-92b8-c9bb8001774f
2019-08-27 09:24:22,612 [pool-71-thread-1] INFO  server.RaftServerConfigKeys (ConfUtils.java:logGet(43)) - raft.server.log.preallocated.size = 16384 (custom)
2019-08-27 09:24:22,612 [pool-27-thread-1] INFO  segmented.SegmentedRaftLogWorker (SegmentedRaftLogWorker.java:<init>(172)) - new e0471fbb-799c-4b0e-bb57-258e588ecc79-SegmentedRaftLogWorker:Storage Directory /workdir/hadoop-ozone/integration-test/target/test-dir/MiniOzoneClusterImpl-58938c5f-3d8a-4dfc-b7d6-ee05bfa799f3/datanode-0/data/ratis/32a5b2e3-3296-4a00-92b8-c9bb8001774f for RaftStorage:Storage Directory /workdir/hadoop-ozone/integration-test/target/test-dir/MiniOzoneClusterImpl-58938c5f-3d8a-4dfc-b7d6-ee05bfa799f3/datanode-0/data/ratis/32a5b2e3-3296-4a00-92b8-c9bb8001774f
2019-08-27 09:24:22,612 [pool-71-thread-1] INFO  server.RaftServerConfigKeys (ConfUtils.java:logGet(43)) - raft.server.log.write.buffer.size = 33554432 (custom)
2019-08-27 09:24:22,612 [pool-82-thread-1] INFO  server.RaftServerConfigKeys (ConfUtils.java:logGet(43)) - raft.server.log.queue.byte-limit = 2147483647 (custom)
2019-08-27 09:24:22,615 [pool-71-thread-1] INFO  server.RaftServerConfigKeys (ConfUtils.java:logGet(43)) - raft.server.log.force.sync.num = 128 (default)
2019-08-27 09:24:22,614 [pool-27-thread-1] INFO  server.RaftServerConfigKeys (ConfUtils.java:logGet(43)) - raft.server.log.queue.byte-limit = 2147483647 (custom)
2019-08-27 09:24:22,617 [pool-71-thread-1] INFO  server.RaftServerConfigKeys (ConfUtils.java:logGet(43)) - raft.server.log.statemachine.data.sync = true (default)
2019-08-27 09:24:22,617 [pool-82-thread-1] INFO  server.RaftServerConfigKeys (ConfUtils.java:logGet(43)) - raft.server.log.queue.element-limit = 1024 (custom)
2019-08-27 09:24:22,617 [pool-71-thread-1] INFO  server.RaftServerConfigKeys (ConfUtils.java:logGet(43)) - raft.server.log.statemachine.data.sync.timeout = 10s (default)
2019-08-27 09:24:22,617 [pool-27-thread-1] INFO  server.RaftServerConfigKeys (ConfUtils.java:logGet(43)) - raft.server.log.queue.element-limit = 1024 (custom)
2019-08-27 09:24:22,617 [pool-71-thread-1] INFO  server.RaftServerConfigKeys (ConfUtils.java:logGet(43)) - raft.server.log.statemachine.data.sync.timeout.retry = -1 (default)
2019-08-27 09:24:22,617 [pool-82-thread-1] INFO  server.RaftServerConfigKeys (ConfUtils.java:logGet(43)) - raft.server.log.segment.size.max = 1048576 (custom)
2019-08-27 09:24:22,618 [pool-71-thread-1] INFO  server.RaftServerConfigKeys (ConfUtils.java:logGet(43)) - raft.server.log.statemachine.data.caching.enabled = true (custom)
2019-08-27 09:24:22,618 [pool-27-thread-1] INFO  server.RaftServerConfigKeys (ConfUtils.java:logGet(43)) - raft.server.log.segment.size.max = 1048576 (custom)
2019-08-27 09:24:22,618 [pool-82-thread-1] INFO  server.RaftServerConfigKeys (ConfUtils.java:logGet(43)) - raft.server.log.preallocated.size = 16384 (custom)
2019-08-27 09:24:22,618 [pool-27-thread-1] INFO  server.RaftServerConfigKeys (ConfUtils.java:logGet(43)) - raft.server.log.preallocated.size = 16384 (custom)
2019-08-27 09:24:22,618 [pool-82-thread-1] INFO  server.RaftServerConfigKeys (ConfUtils.java:logGet(43)) - raft.server.log.write.buffer.size = 33554432 (custom)
2019-08-27 09:24:22,619 [pool-27-thread-1] INFO  server.RaftServerConfigKeys (ConfUtils.java:logGet(43)) - raft.server.log.write.buffer.size = 33554432 (custom)
2019-08-27 09:24:22,619 [pool-82-thread-1] INFO  server.RaftServerConfigKeys (ConfUtils.java:logGet(43)) - raft.server.log.force.sync.num = 128 (default)
2019-08-27 09:24:22,619 [pool-27-thread-1] INFO  server.RaftServerConfigKeys (ConfUtils.java:logGet(43)) - raft.server.log.force.sync.num = 128 (default)
2019-08-27 09:24:22,619 [pool-82-thread-1] INFO  server.RaftServerConfigKeys (ConfUtils.java:logGet(43)) - raft.server.log.statemachine.data.sync = true (default)
2019-08-27 09:24:22,619 [pool-27-thread-1] INFO  server.RaftServerConfigKeys (ConfUtils.java:logGet(43)) - raft.server.log.statemachine.data.sync = true (default)
2019-08-27 09:24:22,619 [pool-82-thread-1] INFO  server.RaftServerConfigKeys (ConfUtils.java:logGet(43)) - raft.server.log.statemachine.data.sync.timeout = 10s (default)
2019-08-27 09:24:22,620 [pool-27-thread-1] INFO  server.RaftServerConfigKeys (ConfUtils.java:logGet(43)) - raft.server.log.statemachine.data.sync.timeout = 10s (default)
2019-08-27 09:24:22,620 [pool-82-thread-1] INFO  server.RaftServerConfigKeys (ConfUtils.java:logGet(43)) - raft.server.log.statemachine.data.sync.timeout.retry = -1 (default)
2019-08-27 09:24:22,620 [pool-27-thread-1] INFO  server.RaftServerConfigKeys (ConfUtils.java:logGet(43)) - raft.server.log.statemachine.data.sync.timeout.retry = -1 (default)
2019-08-27 09:24:22,620 [pool-82-thread-1] INFO  server.RaftServerConfigKeys (ConfUtils.java:logGet(43)) - raft.server.log.statemachine.data.caching.enabled = true (custom)
2019-08-27 09:24:22,620 [pool-27-thread-1] INFO  server.RaftServerConfigKeys (ConfUtils.java:logGet(43)) - raft.server.log.statemachine.data.caching.enabled = true (custom)
2019-08-27 09:24:22,620 [main] INFO  ozone.MiniOzoneClusterImpl (MiniOzoneClusterImpl.java:lambda$waitForClusterToBeReady$0(140)) - Cluster is ready. Got 7 of 7 DN Heartbeats.
2019-08-27 09:24:22,622 [pool-71-thread-1] INFO  segmented.SegmentedRaftLogWorker (SegmentedRaftLogWorker.java:lambda$new$0(132)) - 56e0bca8-6099-4977-8c71-ca6e0a08dcf0-SegmentedRaftLogWorker:Storage Directory /workdir/hadoop-ozone/integration-test/target/test-dir/MiniOzoneClusterImpl-58938c5f-3d8a-4dfc-b7d6-ee05bfa799f3/datanode-4/data/ratis/32a5b2e3-3296-4a00-92b8-c9bb8001774f: flushIndex: setUnconditionally 0 -> -1
2019-08-27 09:24:22,622 [pool-27-thread-1] INFO  segmented.SegmentedRaftLogWorker (SegmentedRaftLogWorker.java:lambda$new$0(132)) - e0471fbb-799c-4b0e-bb57-258e588ecc79-SegmentedRaftLogWorker:Storage Directory /workdir/hadoop-ozone/integration-test/target/test-dir/MiniOzoneClusterImpl-58938c5f-3d8a-4dfc-b7d6-ee05bfa799f3/datanode-0/data/ratis/32a5b2e3-3296-4a00-92b8-c9bb8001774f: flushIndex: setUnconditionally 0 -> -1
2019-08-27 09:24:22,622 [pool-82-thread-1] INFO  segmented.SegmentedRaftLogWorker (SegmentedRaftLogWorker.java:lambda$new$0(132)) - ce8ae317-8251-4b4b-ad79-c99d4c9d019c-SegmentedRaftLogWorker:Storage Directory /workdir/hadoop-ozone/integration-test/target/test-dir/MiniOzoneClusterImpl-58938c5f-3d8a-4dfc-b7d6-ee05bfa799f3/datanode-5/data/ratis/32a5b2e3-3296-4a00-92b8-c9bb8001774f: flushIndex: setUnconditionally 0 -> -1
2019-08-27 09:24:22,623 [pool-71-thread-1] INFO  server.RaftServerConfigKeys (ConfUtils.java:logGet(43)) - raft.server.snapshot.auto.trigger.enabled = true (custom)
2019-08-27 09:24:22,623 [pool-27-thread-1] INFO  server.RaftServerConfigKeys (ConfUtils.java:logGet(43)) - raft.server.snapshot.auto.trigger.enabled = true (custom)
2019-08-27 09:24:22,623 [pool-82-thread-1] INFO  server.RaftServerConfigKeys (ConfUtils.java:logGet(43)) - raft.server.snapshot.auto.trigger.enabled = true (custom)
2019-08-27 09:24:22,623 [pool-71-thread-1] INFO  server.RaftServerConfigKeys (ConfUtils.java:logGet(43)) - raft.server.snapshot.auto.trigger.threshold = 10000 (custom)
2019-08-27 09:24:22,623 [pool-82-thread-1] INFO  server.RaftServerConfigKeys (ConfUtils.java:logGet(43)) - raft.server.snapshot.auto.trigger.threshold = 10000 (custom)
2019-08-27 09:24:22,623 [pool-27-thread-1] INFO  server.RaftServerConfigKeys (ConfUtils.java:logGet(43)) - raft.server.snapshot.auto.trigger.threshold = 10000 (custom)
2019-08-27 09:24:22,624 [pool-82-thread-1] INFO  server.RaftServerConfigKeys (ConfUtils.java:logGet(43)) - raft.server.retrycache.expirytime = 600000ms (custom)
2019-08-27 09:24:22,623 [pool-71-thread-1] INFO  server.RaftServerConfigKeys (ConfUtils.java:logGet(43)) - raft.server.retrycache.expirytime = 600000ms (custom)
2019-08-27 09:24:22,624 [pool-27-thread-1] INFO  server.RaftServerConfigKeys (ConfUtils.java:logGet(43)) - raft.server.retrycache.expirytime = 600000ms (custom)
2019-08-27 09:24:22,624 [pool-71-thread-1] INFO  impl.RaftServerImpl (RaftServerImpl.java:start(180)) - 56e0bca8-6099-4977-8c71-ca6e0a08dcf0: start group-C9BB8001774F
2019-08-27 09:24:22,624 [pool-82-thread-1] INFO  impl.RaftServerImpl (RaftServerImpl.java:start(180)) - ce8ae317-8251-4b4b-ad79-c99d4c9d019c: start group-C9BB8001774F
2019-08-27 09:24:22,624 [pool-27-thread-1] INFO  impl.RaftServerImpl (RaftServerImpl.java:start(180)) - e0471fbb-799c-4b0e-bb57-258e588ecc79: start group-C9BB8001774F
2019-08-27 09:24:22,624 [pool-71-thread-1] INFO  impl.RaftServerImpl (RaftServerImpl.java:setRole(171)) - 56e0bca8-6099-4977-8c71-ca6e0a08dcf0:group-C9BB8001774F changes role from null to FOLLOWER at term 0 for startAsFollower
2019-08-27 09:24:22,624 [pool-27-thread-1] INFO  impl.RaftServerImpl (RaftServerImpl.java:setRole(171)) - e0471fbb-799c-4b0e-bb57-258e588ecc79:group-C9BB8001774F changes role from null to FOLLOWER at term 0 for startAsFollower
2019-08-27 09:24:22,624 [pool-82-thread-1] INFO  impl.RaftServerImpl (RaftServerImpl.java:setRole(171)) - ce8ae317-8251-4b4b-ad79-c99d4c9d019c:group-C9BB8001774F changes role from null to FOLLOWER at term 0 for startAsFollower
2019-08-27 09:24:22,625 [pool-27-thread-1] INFO  impl.RoleInfo (RoleInfo.java:updateAndGet(143)) - e0471fbb-799c-4b0e-bb57-258e588ecc79: start FollowerState
2019-08-27 09:24:22,625 [pool-71-thread-1] INFO  impl.RoleInfo (RoleInfo.java:updateAndGet(143)) - 56e0bca8-6099-4977-8c71-ca6e0a08dcf0: start FollowerState
2019-08-27 09:24:22,625 [pool-82-thread-1] INFO  impl.RoleInfo (RoleInfo.java:updateAndGet(143)) - ce8ae317-8251-4b4b-ad79-c99d4c9d019c: start FollowerState
2019-08-27 09:24:22,625 [pool-27-thread-1] INFO  util.JmxRegister (JmxRegister.java:tryRegister(44)) - Successfully registered JMX Bean with object name Ratis:service=RaftServer,group=group-C9BB8001774F,id=e0471fbb-799c-4b0e-bb57-258e588ecc79
2019-08-27 09:24:22,626 [pool-82-thread-1] INFO  util.JmxRegister (JmxRegister.java:tryRegister(44)) - Successfully registered JMX Bean with object name Ratis:service=RaftServer,group=group-C9BB8001774F,id=ce8ae317-8251-4b4b-ad79-c99d4c9d019c
2019-08-27 09:24:22,626 [pool-71-thread-1] INFO  util.JmxRegister (JmxRegister.java:tryRegister(44)) - Successfully registered JMX Bean with object name Ratis:service=RaftServer,group=group-C9BB8001774F,id=56e0bca8-6099-4977-8c71-ca6e0a08dcf0
2019-08-27 09:24:22,651 [RatisPipelineUtilsThread] INFO  pipeline.PipelineStateManager (PipelineStateManager.java:addPipeline(56)) - Created pipeline Pipeline[ Id: 32a5b2e3-3296-4a00-92b8-c9bb8001774f, Nodes: e0471fbb-799c-4b0e-bb57-258e588ecc79{ip: 192.168.34.12, host: pr-hdds-738-8rv22-2539771249, networkLocation: /default-rack, certSerialId: null}56e0bca8-6099-4977-8c71-ca6e0a08dcf0{ip: 192.168.34.12, host: pr-hdds-738-8rv22-2539771249, networkLocation: /default-rack, certSerialId: null}ce8ae317-8251-4b4b-ad79-c99d4c9d019c{ip: 192.168.34.12, host: pr-hdds-738-8rv22-2539771249, networkLocation: /default-rack, certSerialId: null}, Type:RATIS, Factor:THREE, State:OPEN]
2019-08-27 09:24:22,689 [grpc-default-executor-1] INFO  impl.RaftServerProxy (RaftServerProxy.java:addNew(89)) - 7d876507-ba1b-4ebc-a5b3-10ac658fa12f: addNew group-0C965E87BCAE:[fc98e046-3719-409e-ae96-fb17601fedec:192.168.34.12:46642, 7d876507-ba1b-4ebc-a5b3-10ac658fa12f:192.168.34.12:36654, d2f14ea7-d66a-4e34-b16b-9d776ceaf026:192.168.34.12:42786] returns group-0C965E87BCAE:java.util.concurrent.CompletableFuture@384968d0[Not completed]
2019-08-27 09:24:22,689 [grpc-default-executor-2] INFO  impl.RaftServerProxy (RaftServerProxy.java:addNew(89)) - d2f14ea7-d66a-4e34-b16b-9d776ceaf026: addNew group-0C965E87BCAE:[fc98e046-3719-409e-ae96-fb17601fedec:192.168.34.12:46642, 7d876507-ba1b-4ebc-a5b3-10ac658fa12f:192.168.34.12:36654, d2f14ea7-d66a-4e34-b16b-9d776ceaf026:192.168.34.12:42786] returns group-0C965E87BCAE:java.util.concurrent.CompletableFuture@56d94f8c[Not completed]
2019-08-27 09:24:22,691 [grpc-default-executor-0] INFO  impl.RaftServerProxy (RaftServerProxy.java:addNew(89)) - fc98e046-3719-409e-ae96-fb17601fedec: addNew group-0C965E87BCAE:[fc98e046-3719-409e-ae96-fb17601fedec:192.168.34.12:46642, 7d876507-ba1b-4ebc-a5b3-10ac658fa12f:192.168.34.12:36654, d2f14ea7-d66a-4e34-b16b-9d776ceaf026:192.168.34.12:42786] returns group-0C965E87BCAE:java.util.concurrent.CompletableFuture@2acfb286[Not completed]
2019-08-27 09:24:22,693 [pool-49-thread-1] INFO  impl.RaftServerImpl (RaftServerImpl.java:<init>(93)) - 7d876507-ba1b-4ebc-a5b3-10ac658fa12f: new RaftServerImpl for group-0C965E87BCAE:[fc98e046-3719-409e-ae96-fb17601fedec:192.168.34.12:46642, 7d876507-ba1b-4ebc-a5b3-10ac658fa12f:192.168.34.12:36654, d2f14ea7-d66a-4e34-b16b-9d776ceaf026:192.168.34.12:42786] with ContainerStateMachine:uninitialized
2019-08-27 09:24:22,693 [pool-49-thread-1] INFO  server.RaftServerConfigKeys (ConfUtils.java:logGet(43)) - raft.server.rpc.timeout.min = 5s (custom)
2019-08-27 09:24:22,693 [pool-49-thread-1] INFO  server.RaftServerConfigKeys (ConfUtils.java:logGet(43)) - raft.server.rpc.timeout.max = 5200ms (custom)
2019-08-27 09:24:22,693 [pool-49-thread-1] INFO  server.RaftServerConfigKeys (ConfUtils.java:logGet(43)) - raft.server.rpcslowness.timeout = 120s (custom)
2019-08-27 09:24:22,693 [pool-49-thread-1] INFO  server.RaftServerConfigKeys (ConfUtils.java:logGet(43)) - raft.server.sleep.deviation.threshold = 300 (default)
2019-08-27 09:24:22,693 [pool-49-thread-1] INFO  server.RaftServerConfigKeys (ConfUtils.java:logGet(43)) - raft.server.log.appender.install.snapshot.enabled = false (custom)
2019-08-27 09:24:22,694 [pool-49-thread-1] INFO  impl.RaftServerImpl (ServerState.java:<init>(105)) - 7d876507-ba1b-4ebc-a5b3-10ac658fa12f:group-0C965E87BCAE ConfigurationManager, init=-1: [fc98e046-3719-409e-ae96-fb17601fedec:192.168.34.12:46642, 7d876507-ba1b-4ebc-a5b3-10ac658fa12f:192.168.34.12:36654, d2f14ea7-d66a-4e34-b16b-9d776ceaf026:192.168.34.12:42786], old=null, confs=<EMPTY_MAP>
2019-08-27 09:24:22,694 [pool-49-thread-1] INFO  server.RaftServerConfigKeys (ConfUtils.java:logGet(43)) - raft.server.storage.dir = [/workdir/hadoop-ozone/integration-test/target/test-dir/MiniOzoneClusterImpl-58938c5f-3d8a-4dfc-b7d6-ee05bfa799f3/datanode-2/data/ratis] (custom)
2019-08-27 09:24:22,694 [pool-60-thread-1] INFO  impl.RaftServerImpl (RaftServerImpl.java:<init>(93)) - fc98e046-3719-409e-ae96-fb17601fedec: new RaftServerImpl for group-0C965E87BCAE:[fc98e046-3719-409e-ae96-fb17601fedec:192.168.34.12:46642, 7d876507-ba1b-4ebc-a5b3-10ac658fa12f:192.168.34.12:36654, d2f14ea7-d66a-4e34-b16b-9d776ceaf026:192.168.34.12:42786] with ContainerStateMachine:uninitialized
2019-08-27 09:24:22,694 [pool-49-thread-1] INFO  storage.RaftStorageDirectory (RaftStorageDirectory.java:analyzeStorage(246)) - The storage directory /workdir/hadoop-ozone/integration-test/target/test-dir/MiniOzoneClusterImpl-58938c5f-3d8a-4dfc-b7d6-ee05bfa799f3/datanode-2/data/ratis/48f4e777-915c-4a9e-8f77-0c965e87bcae does not exist. Creating ...
2019-08-27 09:24:22,694 [pool-60-thread-1] INFO  server.RaftServerConfigKeys (ConfUtils.java:logGet(43)) - raft.server.rpc.timeout.min = 5s (custom)
2019-08-27 09:24:22,695 [pool-60-thread-1] INFO  server.RaftServerConfigKeys (ConfUtils.java:logGet(43)) - raft.server.rpc.timeout.max = 5200ms (custom)
2019-08-27 09:24:22,695 [pool-60-thread-1] INFO  server.RaftServerConfigKeys (ConfUtils.java:logGet(43)) - raft.server.rpcslowness.timeout = 120s (custom)
2019-08-27 09:24:22,695 [pool-60-thread-1] INFO  server.RaftServerConfigKeys (ConfUtils.java:logGet(43)) - raft.server.sleep.deviation.threshold = 300 (default)
2019-08-27 09:24:22,695 [pool-60-thread-1] INFO  server.RaftServerConfigKeys (ConfUtils.java:logGet(43)) - raft.server.log.appender.install.snapshot.enabled = false (custom)
2019-08-27 09:24:22,695 [pool-60-thread-1] INFO  impl.RaftServerImpl (ServerState.java:<init>(105)) - fc98e046-3719-409e-ae96-fb17601fedec:group-0C965E87BCAE ConfigurationManager, init=-1: [fc98e046-3719-409e-ae96-fb17601fedec:192.168.34.12:46642, 7d876507-ba1b-4ebc-a5b3-10ac658fa12f:192.168.34.12:36654, d2f14ea7-d66a-4e34-b16b-9d776ceaf026:192.168.34.12:42786], old=null, confs=<EMPTY_MAP>
2019-08-27 09:24:22,695 [pool-38-thread-1] INFO  impl.RaftServerImpl (RaftServerImpl.java:<init>(93)) - d2f14ea7-d66a-4e34-b16b-9d776ceaf026: new RaftServerImpl for group-0C965E87BCAE:[fc98e046-3719-409e-ae96-fb17601fedec:192.168.34.12:46642, 7d876507-ba1b-4ebc-a5b3-10ac658fa12f:192.168.34.12:36654, d2f14ea7-d66a-4e34-b16b-9d776ceaf026:192.168.34.12:42786] with ContainerStateMachine:uninitialized
2019-08-27 09:24:22,696 [pool-60-thread-1] INFO  server.RaftServerConfigKeys (ConfUtils.java:logGet(43)) - raft.server.storage.dir = [/workdir/hadoop-ozone/integration-test/target/test-dir/MiniOzoneClusterImpl-58938c5f-3d8a-4dfc-b7d6-ee05bfa799f3/datanode-3/data/ratis] (custom)
2019-08-27 09:24:22,696 [pool-38-thread-1] INFO  server.RaftServerConfigKeys (ConfUtils.java:logGet(43)) - raft.server.rpc.timeout.min = 5s (custom)
2019-08-27 09:24:22,696 [pool-38-thread-1] INFO  server.RaftServerConfigKeys (ConfUtils.java:logGet(43)) - raft.server.rpc.timeout.max = 5200ms (custom)
2019-08-27 09:24:22,696 [pool-60-thread-1] INFO  storage.RaftStorageDirectory (RaftStorageDirectory.java:analyzeStorage(246)) - The storage directory /workdir/hadoop-ozone/integration-test/target/test-dir/MiniOzoneClusterImpl-58938c5f-3d8a-4dfc-b7d6-ee05bfa799f3/datanode-3/data/ratis/48f4e777-915c-4a9e-8f77-0c965e87bcae does not exist. Creating ...
2019-08-27 09:24:22,696 [pool-38-thread-1] INFO  server.RaftServerConfigKeys (ConfUtils.java:logGet(43)) - raft.server.rpcslowness.timeout = 120s (custom)
2019-08-27 09:24:22,696 [pool-38-thread-1] INFO  server.RaftServerConfigKeys (ConfUtils.java:logGet(43)) - raft.server.sleep.deviation.threshold = 300 (default)
2019-08-27 09:24:22,697 [pool-38-thread-1] INFO  server.RaftServerConfigKeys (ConfUtils.java:logGet(43)) - raft.server.log.appender.install.snapshot.enabled = false (custom)
2019-08-27 09:24:22,697 [pool-38-thread-1] INFO  impl.RaftServerImpl (ServerState.java:<init>(105)) - d2f14ea7-d66a-4e34-b16b-9d776ceaf026:group-0C965E87BCAE ConfigurationManager, init=-1: [fc98e046-3719-409e-ae96-fb17601fedec:192.168.34.12:46642, 7d876507-ba1b-4ebc-a5b3-10ac658fa12f:192.168.34.12:36654, d2f14ea7-d66a-4e34-b16b-9d776ceaf026:192.168.34.12:42786], old=null, confs=<EMPTY_MAP>
2019-08-27 09:24:22,697 [pool-38-thread-1] INFO  server.RaftServerConfigKeys (ConfUtils.java:logGet(43)) - raft.server.storage.dir = [/workdir/hadoop-ozone/integration-test/target/test-dir/MiniOzoneClusterImpl-58938c5f-3d8a-4dfc-b7d6-ee05bfa799f3/datanode-1/data/ratis] (custom)
2019-08-27 09:24:22,698 [pool-38-thread-1] INFO  storage.RaftStorageDirectory (RaftStorageDirectory.java:analyzeStorage(246)) - The storage directory /workdir/hadoop-ozone/integration-test/target/test-dir/MiniOzoneClusterImpl-58938c5f-3d8a-4dfc-b7d6-ee05bfa799f3/datanode-1/data/ratis/48f4e777-915c-4a9e-8f77-0c965e87bcae does not exist. Creating ...
2019-08-27 09:24:22,706 [pool-49-thread-1] INFO  storage.RaftStorageDirectory (RaftStorageDirectory.java:tryLock(328)) - Lock on /workdir/hadoop-ozone/integration-test/target/test-dir/MiniOzoneClusterImpl-58938c5f-3d8a-4dfc-b7d6-ee05bfa799f3/datanode-2/data/ratis/48f4e777-915c-4a9e-8f77-0c965e87bcae/in_use.lock acquired by nodename 2221@pr-hdds-738-8rv22-2539771249
2019-08-27 09:24:22,706 [pool-38-thread-1] INFO  storage.RaftStorageDirectory (RaftStorageDirectory.java:tryLock(328)) - Lock on /workdir/hadoop-ozone/integration-test/target/test-dir/MiniOzoneClusterImpl-58938c5f-3d8a-4dfc-b7d6-ee05bfa799f3/datanode-1/data/ratis/48f4e777-915c-4a9e-8f77-0c965e87bcae/in_use.lock acquired by nodename 2221@pr-hdds-738-8rv22-2539771249
2019-08-27 09:24:22,706 [pool-60-thread-1] INFO  storage.RaftStorageDirectory (RaftStorageDirectory.java:tryLock(328)) - Lock on /workdir/hadoop-ozone/integration-test/target/test-dir/MiniOzoneClusterImpl-58938c5f-3d8a-4dfc-b7d6-ee05bfa799f3/datanode-3/data/ratis/48f4e777-915c-4a9e-8f77-0c965e87bcae/in_use.lock acquired by nodename 2221@pr-hdds-738-8rv22-2539771249
2019-08-27 09:24:22,751 [pool-38-thread-1] INFO  storage.RaftStorage (RaftStorage.java:format(72)) - Storage directory /workdir/hadoop-ozone/integration-test/target/test-dir/MiniOzoneClusterImpl-58938c5f-3d8a-4dfc-b7d6-ee05bfa799f3/datanode-1/data/ratis/48f4e777-915c-4a9e-8f77-0c965e87bcae has been successfully formatted.
2019-08-27 09:24:22,751 [pool-49-thread-1] INFO  storage.RaftStorage (RaftStorage.java:format(72)) - Storage directory /workdir/hadoop-ozone/integration-test/target/test-dir/MiniOzoneClusterImpl-58938c5f-3d8a-4dfc-b7d6-ee05bfa799f3/datanode-2/data/ratis/48f4e777-915c-4a9e-8f77-0c965e87bcae has been successfully formatted.
2019-08-27 09:24:22,751 [pool-38-thread-1] INFO  ratis.ContainerStateMachine (ContainerStateMachine.java:loadSnapshot(226)) - group-0C965E87BCAE: The snapshot info is null. Setting the last applied indexto:(t:0, i:~)
2019-08-27 09:24:22,751 [pool-60-thread-1] INFO  storage.RaftStorage (RaftStorage.java:format(72)) - Storage directory /workdir/hadoop-ozone/integration-test/target/test-dir/MiniOzoneClusterImpl-58938c5f-3d8a-4dfc-b7d6-ee05bfa799f3/datanode-3/data/ratis/48f4e777-915c-4a9e-8f77-0c965e87bcae has been successfully formatted.
2019-08-27 09:24:22,751 [pool-38-thread-1] INFO  server.RaftServerConfigKeys (ConfUtils.java:logGet(43)) - raft.server.leader.election.timeout = 120s (custom)
2019-08-27 09:24:22,751 [pool-49-thread-1] INFO  ratis.ContainerStateMachine (ContainerStateMachine.java:loadSnapshot(226)) - group-0C965E87BCAE: The snapshot info is null. Setting the last applied indexto:(t:0, i:~)
2019-08-27 09:24:22,752 [pool-60-thread-1] INFO  ratis.ContainerStateMachine (ContainerStateMachine.java:loadSnapshot(226)) - group-0C965E87BCAE: The snapshot info is null. Setting the last applied indexto:(t:0, i:~)
2019-08-27 09:24:22,752 [pool-38-thread-1] INFO  server.RaftServerConfigKeys (ConfUtils.java:logGet(43)) - raft.server.log.use.memory = false (default)
2019-08-27 09:24:22,752 [pool-60-thread-1] INFO  server.RaftServerConfigKeys (ConfUtils.java:logGet(43)) - raft.server.leader.election.timeout = 120s (custom)
2019-08-27 09:24:22,752 [pool-49-thread-1] INFO  server.RaftServerConfigKeys (ConfUtils.java:logGet(43)) - raft.server.leader.election.timeout = 120s (custom)
2019-08-27 09:24:22,752 [pool-60-thread-1] INFO  server.RaftServerConfigKeys (ConfUtils.java:logGet(43)) - raft.server.log.use.memory = false (default)
2019-08-27 09:24:22,752 [pool-38-thread-1] INFO  server.RaftServerConfigKeys (ConfUtils.java:logGet(43)) - raft.server.log.purge.gap = 1000000 (custom)
2019-08-27 09:24:22,753 [pool-60-thread-1] INFO  server.RaftServerConfigKeys (ConfUtils.java:logGet(43)) - raft.server.log.purge.gap = 1000000 (custom)
2019-08-27 09:24:22,752 [pool-49-thread-1] INFO  server.RaftServerConfigKeys (ConfUtils.java:logGet(43)) - raft.server.log.use.memory = false (default)
2019-08-27 09:24:22,753 [pool-60-thread-1] INFO  server.RaftServerConfigKeys (ConfUtils.java:logGet(43)) - raft.server.log.appender.buffer.byte-limit = 33554432 (custom)
2019-08-27 09:24:22,753 [pool-38-thread-1] INFO  server.RaftServerConfigKeys (ConfUtils.java:logGet(43)) - raft.server.log.appender.buffer.byte-limit = 33554432 (custom)
2019-08-27 09:24:22,753 [pool-60-thread-1] INFO  server.RaftServerConfigKeys (ConfUtils.java:logGet(43)) - raft.server.log.segment.size.max = 1048576 (custom)
2019-08-27 09:24:22,753 [pool-49-thread-1] INFO  server.RaftServerConfigKeys (ConfUtils.java:logGet(43)) - raft.server.log.purge.gap = 1000000 (custom)
2019-08-27 09:24:22,754 [pool-60-thread-1] INFO  server.RaftServerConfigKeys (ConfUtils.java:logGet(43)) - raft.server.log.segment.cache.num.max = 2 (custom)
2019-08-27 09:24:22,753 [pool-38-thread-1] INFO  server.RaftServerConfigKeys (ConfUtils.java:logGet(43)) - raft.server.log.segment.size.max = 1048576 (custom)
2019-08-27 09:24:22,754 [pool-60-thread-1] INFO  segmented.SegmentedRaftLogWorker (SegmentedRaftLogWorker.java:<init>(172)) - new fc98e046-3719-409e-ae96-fb17601fedec-SegmentedRaftLogWorker:Storage Directory /workdir/hadoop-ozone/integration-test/target/test-dir/MiniOzoneClusterImpl-58938c5f-3d8a-4dfc-b7d6-ee05bfa799f3/datanode-3/data/ratis/48f4e777-915c-4a9e-8f77-0c965e87bcae for RaftStorage:Storage Directory /workdir/hadoop-ozone/integration-test/target/test-dir/MiniOzoneClusterImpl-58938c5f-3d8a-4dfc-b7d6-ee05bfa799f3/datanode-3/data/ratis/48f4e777-915c-4a9e-8f77-0c965e87bcae
2019-08-27 09:24:22,754 [pool-49-thread-1] INFO  server.RaftServerConfigKeys (ConfUtils.java:logGet(43)) - raft.server.log.appender.buffer.byte-limit = 33554432 (custom)
2019-08-27 09:24:22,754 [pool-60-thread-1] INFO  server.RaftServerConfigKeys (ConfUtils.java:logGet(43)) - raft.server.log.queue.byte-limit = 2147483647 (custom)
2019-08-27 09:24:22,754 [pool-38-thread-1] INFO  server.RaftServerConfigKeys (ConfUtils.java:logGet(43)) - raft.server.log.segment.cache.num.max = 2 (custom)
2019-08-27 09:24:22,757 [pool-60-thread-1] INFO  server.RaftServerConfigKeys (ConfUtils.java:logGet(43)) - raft.server.log.queue.element-limit = 1024 (custom)
2019-08-27 09:24:22,755 [pool-49-thread-1] INFO  server.RaftServerConfigKeys (ConfUtils.java:logGet(43)) - raft.server.log.segment.size.max = 1048576 (custom)
2019-08-27 09:24:22,758 [pool-60-thread-1] INFO  server.RaftServerConfigKeys (ConfUtils.java:logGet(43)) - raft.server.log.segment.size.max = 1048576 (custom)
2019-08-27 09:24:22,757 [pool-38-thread-1] INFO  segmented.SegmentedRaftLogWorker (SegmentedRaftLogWorker.java:<init>(172)) - new d2f14ea7-d66a-4e34-b16b-9d776ceaf026-SegmentedRaftLogWorker:Storage Directory /workdir/hadoop-ozone/integration-test/target/test-dir/MiniOzoneClusterImpl-58938c5f-3d8a-4dfc-b7d6-ee05bfa799f3/datanode-1/data/ratis/48f4e777-915c-4a9e-8f77-0c965e87bcae for RaftStorage:Storage Directory /workdir/hadoop-ozone/integration-test/target/test-dir/MiniOzoneClusterImpl-58938c5f-3d8a-4dfc-b7d6-ee05bfa799f3/datanode-1/data/ratis/48f4e777-915c-4a9e-8f77-0c965e87bcae
2019-08-27 09:24:22,758 [pool-60-thread-1] INFO  server.RaftServerConfigKeys (ConfUtils.java:logGet(43)) - raft.server.log.preallocated.size = 16384 (custom)
2019-08-27 09:24:22,758 [pool-49-thread-1] INFO  server.RaftServerConfigKeys (ConfUtils.java:logGet(43)) - raft.server.log.segment.cache.num.max = 2 (custom)
2019-08-27 09:24:22,758 [pool-60-thread-1] INFO  server.RaftServerConfigKeys (ConfUtils.java:logGet(43)) - raft.server.log.write.buffer.size = 33554432 (custom)
2019-08-27 09:24:22,758 [pool-38-thread-1] INFO  server.RaftServerConfigKeys (ConfUtils.java:logGet(43)) - raft.server.log.queue.byte-limit = 2147483647 (custom)
2019-08-27 09:24:22,761 [pool-60-thread-1] INFO  server.RaftServerConfigKeys (ConfUtils.java:logGet(43)) - raft.server.log.force.sync.num = 128 (default)
2019-08-27 09:24:22,761 [pool-49-thread-1] INFO  segmented.SegmentedRaftLogWorker (SegmentedRaftLogWorker.java:<init>(172)) - new 7d876507-ba1b-4ebc-a5b3-10ac658fa12f-SegmentedRaftLogWorker:Storage Directory /workdir/hadoop-ozone/integration-test/target/test-dir/MiniOzoneClusterImpl-58938c5f-3d8a-4dfc-b7d6-ee05bfa799f3/datanode-2/data/ratis/48f4e777-915c-4a9e-8f77-0c965e87bcae for RaftStorage:Storage Directory /workdir/hadoop-ozone/integration-test/target/test-dir/MiniOzoneClusterImpl-58938c5f-3d8a-4dfc-b7d6-ee05bfa799f3/datanode-2/data/ratis/48f4e777-915c-4a9e-8f77-0c965e87bcae
2019-08-27 09:24:22,761 [pool-60-thread-1] INFO  server.RaftServerConfigKeys (ConfUtils.java:logGet(43)) - raft.server.log.statemachine.data.sync = true (default)
2019-08-27 09:24:22,761 [pool-38-thread-1] INFO  server.RaftServerConfigKeys (ConfUtils.java:logGet(43)) - raft.server.log.queue.element-limit = 1024 (custom)
2019-08-27 09:24:22,762 [pool-60-thread-1] INFO  server.RaftServerConfigKeys (ConfUtils.java:logGet(43)) - raft.server.log.statemachine.data.sync.timeout = 10s (default)
2019-08-27 09:24:22,761 [pool-49-thread-1] INFO  server.RaftServerConfigKeys (ConfUtils.java:logGet(43)) - raft.server.log.queue.byte-limit = 2147483647 (custom)
2019-08-27 09:24:22,764 [pool-60-thread-1] INFO  server.RaftServerConfigKeys (ConfUtils.java:logGet(43)) - raft.server.log.statemachine.data.sync.timeout.retry = -1 (default)
2019-08-27 09:24:22,764 [pool-38-thread-1] INFO  server.RaftServerConfigKeys (ConfUtils.java:logGet(43)) - raft.server.log.segment.size.max = 1048576 (custom)
2019-08-27 09:24:22,764 [pool-60-thread-1] INFO  server.RaftServerConfigKeys (ConfUtils.java:logGet(43)) - raft.server.log.statemachine.data.caching.enabled = true (custom)
2019-08-27 09:24:22,764 [pool-49-thread-1] INFO  server.RaftServerConfigKeys (ConfUtils.java:logGet(43)) - raft.server.log.queue.element-limit = 1024 (custom)
2019-08-27 09:24:22,765 [pool-38-thread-1] INFO  server.RaftServerConfigKeys (ConfUtils.java:logGet(43)) - raft.server.log.preallocated.size = 16384 (custom)
2019-08-27 09:24:22,765 [pool-49-thread-1] INFO  server.RaftServerConfigKeys (ConfUtils.java:logGet(43)) - raft.server.log.segment.size.max = 1048576 (custom)
2019-08-27 09:24:22,765 [pool-38-thread-1] INFO  server.RaftServerConfigKeys (ConfUtils.java:logGet(43)) - raft.server.log.write.buffer.size = 33554432 (custom)
2019-08-27 09:24:22,765 [pool-49-thread-1] INFO  server.RaftServerConfigKeys (ConfUtils.java:logGet(43)) - raft.server.log.preallocated.size = 16384 (custom)
2019-08-27 09:24:22,765 [pool-38-thread-1] INFO  server.RaftServerConfigKeys (ConfUtils.java:logGet(43)) - raft.server.log.force.sync.num = 128 (default)
2019-08-27 09:24:22,766 [pool-49-thread-1] INFO  server.RaftServerConfigKeys (ConfUtils.java:logGet(43)) - raft.server.log.write.buffer.size = 33554432 (custom)
2019-08-27 09:24:22,766 [pool-38-thread-1] INFO  server.RaftServerConfigKeys (ConfUtils.java:logGet(43)) - raft.server.log.statemachine.data.sync = true (default)
2019-08-27 09:24:22,766 [pool-49-thread-1] INFO  server.RaftServerConfigKeys (ConfUtils.java:logGet(43)) - raft.server.log.force.sync.num = 128 (default)
2019-08-27 09:24:22,766 [pool-38-thread-1] INFO  server.RaftServerConfigKeys (ConfUtils.java:logGet(43)) - raft.server.log.statemachine.data.sync.timeout = 10s (default)
2019-08-27 09:24:22,766 [pool-49-thread-1] INFO  server.RaftServerConfigKeys (ConfUtils.java:logGet(43)) - raft.server.log.statemachine.data.sync = true (default)
2019-08-27 09:24:22,766 [pool-38-thread-1] INFO  server.RaftServerConfigKeys (ConfUtils.java:logGet(43)) - raft.server.log.statemachine.data.sync.timeout.retry = -1 (default)
2019-08-27 09:24:22,767 [pool-49-thread-1] INFO  server.RaftServerConfigKeys (ConfUtils.java:logGet(43)) - raft.server.log.statemachine.data.sync.timeout = 10s (default)
2019-08-27 09:24:22,767 [pool-38-thread-1] INFO  server.RaftServerConfigKeys (ConfUtils.java:logGet(43)) - raft.server.log.statemachine.data.caching.enabled = true (custom)
2019-08-27 09:24:22,767 [pool-49-thread-1] INFO  server.RaftServerConfigKeys (ConfUtils.java:logGet(43)) - raft.server.log.statemachine.data.sync.timeout.retry = -1 (default)
2019-08-27 09:24:22,767 [pool-49-thread-1] INFO  server.RaftServerConfigKeys (ConfUtils.java:logGet(43)) - raft.server.log.statemachine.data.caching.enabled = true (custom)
2019-08-27 09:24:22,772 [pool-49-thread-1] INFO  segmented.SegmentedRaftLogWorker (SegmentedRaftLogWorker.java:lambda$new$0(132)) - 7d876507-ba1b-4ebc-a5b3-10ac658fa12f-SegmentedRaftLogWorker:Storage Directory /workdir/hadoop-ozone/integration-test/target/test-dir/MiniOzoneClusterImpl-58938c5f-3d8a-4dfc-b7d6-ee05bfa799f3/datanode-2/data/ratis/48f4e777-915c-4a9e-8f77-0c965e87bcae: flushIndex: setUnconditionally 0 -> -1
2019-08-27 09:24:22,772 [pool-38-thread-1] INFO  segmented.SegmentedRaftLogWorker (SegmentedRaftLogWorker.java:lambda$new$0(132)) - d2f14ea7-d66a-4e34-b16b-9d776ceaf026-SegmentedRaftLogWorker:Storage Directory /workdir/hadoop-ozone/integration-test/target/test-dir/MiniOzoneClusterImpl-58938c5f-3d8a-4dfc-b7d6-ee05bfa799f3/datanode-1/data/ratis/48f4e777-915c-4a9e-8f77-0c965e87bcae: flushIndex: setUnconditionally 0 -> -1
2019-08-27 09:24:22,772 [pool-60-thread-1] INFO  segmented.SegmentedRaftLogWorker (SegmentedRaftLogWorker.java:lambda$new$0(132)) - fc98e046-3719-409e-ae96-fb17601fedec-SegmentedRaftLogWorker:Storage Directory /workdir/hadoop-ozone/integration-test/target/test-dir/MiniOzoneClusterImpl-58938c5f-3d8a-4dfc-b7d6-ee05bfa799f3/datanode-3/data/ratis/48f4e777-915c-4a9e-8f77-0c965e87bcae: flushIndex: setUnconditionally 0 -> -1
2019-08-27 09:24:22,772 [pool-49-thread-1] INFO  server.RaftServerConfigKeys (ConfUtils.java:logGet(43)) - raft.server.snapshot.auto.trigger.enabled = true (custom)
2019-08-27 09:24:22,772 [pool-38-thread-1] INFO  server.RaftServerConfigKeys (ConfUtils.java:logGet(43)) - raft.server.snapshot.auto.trigger.enabled = true (custom)
2019-08-27 09:24:22,773 [pool-49-thread-1] INFO  server.RaftServerConfigKeys (ConfUtils.java:logGet(43)) - raft.server.snapshot.auto.trigger.threshold = 10000 (custom)
2019-08-27 09:24:22,773 [pool-60-thread-1] INFO  server.RaftServerConfigKeys (ConfUtils.java:logGet(43)) - raft.server.snapshot.auto.trigger.enabled = true (custom)
2019-08-27 09:24:22,773 [pool-49-thread-1] INFO  server.RaftServerConfigKeys (ConfUtils.java:logGet(43)) - raft.server.retrycache.expirytime = 600000ms (custom)
2019-08-27 09:24:22,773 [pool-38-thread-1] INFO  server.RaftServerConfigKeys (ConfUtils.java:logGet(43)) - raft.server.snapshot.auto.trigger.threshold = 10000 (custom)
2019-08-27 09:24:22,773 [pool-60-thread-1] INFO  server.RaftServerConfigKeys (ConfUtils.java:logGet(43)) - raft.server.snapshot.auto.trigger.threshold = 10000 (custom)
2019-08-27 09:24:22,773 [pool-38-thread-1] INFO  server.RaftServerConfigKeys (ConfUtils.java:logGet(43)) - raft.server.retrycache.expirytime = 600000ms (custom)
2019-08-27 09:24:22,774 [pool-60-thread-1] INFO  server.RaftServerConfigKeys (ConfUtils.java:logGet(43)) - raft.server.retrycache.expirytime = 600000ms (custom)
2019-08-27 09:24:22,773 [pool-49-thread-1] INFO  impl.RaftServerImpl (RaftServerImpl.java:start(180)) - 7d876507-ba1b-4ebc-a5b3-10ac658fa12f: start group-0C965E87BCAE
2019-08-27 09:24:22,774 [pool-60-thread-1] INFO  impl.RaftServerImpl (RaftServerImpl.java:start(180)) - fc98e046-3719-409e-ae96-fb17601fedec: start group-0C965E87BCAE
2019-08-27 09:24:22,774 [pool-38-thread-1] INFO  impl.RaftServerImpl (RaftServerImpl.java:start(180)) - d2f14ea7-d66a-4e34-b16b-9d776ceaf026: start group-0C965E87BCAE
2019-08-27 09:24:22,774 [pool-60-thread-1] INFO  impl.RaftServerImpl (RaftServerImpl.java:setRole(171)) - fc98e046-3719-409e-ae96-fb17601fedec:group-0C965E87BCAE changes role from null to FOLLOWER at term 0 for startAsFollower
2019-08-27 09:24:22,774 [pool-49-thread-1] INFO  impl.RaftServerImpl (RaftServerImpl.java:setRole(171)) - 7d876507-ba1b-4ebc-a5b3-10ac658fa12f:group-0C965E87BCAE changes role from null to FOLLOWER at term 0 for startAsFollower
2019-08-27 09:24:22,774 [pool-60-thread-1] INFO  impl.RoleInfo (RoleInfo.java:updateAndGet(143)) - fc98e046-3719-409e-ae96-fb17601fedec: start FollowerState
2019-08-27 09:24:22,774 [pool-38-thread-1] INFO  impl.RaftServerImpl (RaftServerImpl.java:setRole(171)) - d2f14ea7-d66a-4e34-b16b-9d776ceaf026:group-0C965E87BCAE changes role from null to FOLLOWER at term 0 for startAsFollower
2019-08-27 09:24:22,775 [pool-49-thread-1] INFO  impl.RoleInfo (RoleInfo.java:updateAndGet(143)) - 7d876507-ba1b-4ebc-a5b3-10ac658fa12f: start FollowerState
2019-08-27 09:24:22,775 [pool-38-thread-1] INFO  impl.RoleInfo (RoleInfo.java:updateAndGet(143)) - d2f14ea7-d66a-4e34-b16b-9d776ceaf026: start FollowerState
2019-08-27 09:24:22,775 [pool-60-thread-1] INFO  util.JmxRegister (JmxRegister.java:tryRegister(44)) - Successfully registered JMX Bean with object name Ratis:service=RaftServer,group=group-0C965E87BCAE,id=fc98e046-3719-409e-ae96-fb17601fedec
2019-08-27 09:24:22,775 [pool-49-thread-1] INFO  util.JmxRegister (JmxRegister.java:tryRegister(44)) - Successfully registered JMX Bean with object name Ratis:service=RaftServer,group=group-0C965E87BCAE,id=7d876507-ba1b-4ebc-a5b3-10ac658fa12f
2019-08-27 09:24:22,776 [pool-38-thread-1] INFO  util.JmxRegister (JmxRegister.java:tryRegister(44)) - Successfully registered JMX Bean with object name Ratis:service=RaftServer,group=group-0C965E87BCAE,id=d2f14ea7-d66a-4e34-b16b-9d776ceaf026
2019-08-27 09:24:22,795 [RatisPipelineUtilsThread] INFO  pipeline.PipelineStateManager (PipelineStateManager.java:addPipeline(56)) - Created pipeline Pipeline[ Id: 48f4e777-915c-4a9e-8f77-0c965e87bcae, Nodes: d2f14ea7-d66a-4e34-b16b-9d776ceaf026{ip: 192.168.34.12, host: pr-hdds-738-8rv22-2539771249, networkLocation: /default-rack, certSerialId: null}7d876507-ba1b-4ebc-a5b3-10ac658fa12f{ip: 192.168.34.12, host: pr-hdds-738-8rv22-2539771249, networkLocation: /default-rack, certSerialId: null}fc98e046-3719-409e-ae96-fb17601fedec{ip: 192.168.34.12, host: pr-hdds-738-8rv22-2539771249, networkLocation: /default-rack, certSerialId: null}, Type:RATIS, Factor:THREE, State:OPEN]
2019-08-27 09:24:23,157 | INFO  | SCMAudit | user=jenkins1000 | ip=192.168.34.12 | op=SEND_HEARTBEAT {datanodeUUID=e0471fbb-799c-4b0e-bb57-258e588ecc79, command=[]} | ret=SUCCESS |  
2019-08-27 09:24:23,211 | INFO  | SCMAudit | user=jenkins1000 | ip=192.168.34.12 | op=SEND_HEARTBEAT {datanodeUUID=d2f14ea7-d66a-4e34-b16b-9d776ceaf026, command=[]} | ret=SUCCESS |  
2019-08-27 09:24:23,214 [main] INFO  rpc.RpcClient (RpcClient.java:createVolume(293)) - Creating Volume: testblockoutputstream, with jenkins1000 as owner.
2019-08-27 09:24:23,244 | INFO  | OMAudit | user=jenkins1000 | ip=127.0.0.1 | op=CREATE_VOLUME {admin=jenkins1000, owner=jenkins1000, volume=testblockoutputstream, creationTime=1566897863237, quotaInBytes=1152921504606846976} | ret=SUCCESS |  
2019-08-27 09:24:23,271 | INFO  | OMAudit | user=jenkins1000 | ip=127.0.0.1 | op=READ_VOLUME {volume=testblockoutputstream} | ret=SUCCESS |  
2019-08-27 09:24:23,278 [main] INFO  rpc.RpcClient (RpcClient.java:createBucket(432)) - Creating Bucket: testblockoutputstream/testblockoutputstream, with Versioning false and Storage Type set to DISK and Encryption set to false 
2019-08-27 09:24:23,289 | INFO  | SCMAudit | user=jenkins1000 | ip=192.168.34.12 | op=SEND_HEARTBEAT {datanodeUUID=7d876507-ba1b-4ebc-a5b3-10ac658fa12f, command=[]} | ret=SUCCESS |  
2019-08-27 09:24:23,300 | INFO  | OMAudit | user=jenkins1000 | ip=127.0.0.1 | op=CREATE_BUCKET {volume=testblockoutputstream, bucket=testblockoutputstream, acls=[user:jenkins1000:a[ACCESS], group:default:a[ACCESS]], isVersionEnabled=false, storageType=DISK, creationTime=0} | ret=SUCCESS |  
2019-08-27 09:24:23,301 [main] INFO  impl.MetricsSystemImpl (MetricsSystemImpl.java:init(158)) - XceiverClientMetrics metrics system started (again)
2019-08-27 09:24:23,312 | INFO  | OMAudit | user=jenkins1000 | ip=127.0.0.1 | op=READ_VOLUME {volume=testblockoutputstream} | ret=SUCCESS |  
2019-08-27 09:24:23,319 | INFO  | OMAudit | user=jenkins1000 | ip=127.0.0.1 | op=READ_BUCKET {volume=testblockoutputstream, bucket=testblockoutputstream} | ret=SUCCESS |  
2019-08-27 09:24:23,371 | INFO  | SCMAudit | user=jenkins1000 | ip=192.168.34.12 | op=ALLOCATE_BLOCK {owner=239566a2-c833-4bb7-acbd-e79ab16a8802, size=800, type=RATIS, factor=THREE} | ret=SUCCESS |  
2019-08-27 09:24:23,385 | INFO  | SCMAudit | user=jenkins1000 | ip=192.168.34.12 | op=SEND_HEARTBEAT {datanodeUUID=fc98e046-3719-409e-ae96-fb17601fedec, command=[]} | ret=SUCCESS |  
2019-08-27 09:24:23,401 | INFO  | OMAudit | user=jenkins1000 | ip=127.0.0.1 | op=ALLOCATE_KEY {volume=testblockoutputstream, bucket=testblockoutputstream, key=89ce5cbe-ef6a-4e7b-bce5-ec958e9c4945, dataSize=0, replicationType=RATIS, replicationFactor=THREE, keyLocationInfo=null} | ret=SUCCESS |  
2019-08-27 09:24:23,893 | INFO  | SCMAudit | user=jenkins1000 | ip=192.168.34.12 | op=SEND_HEARTBEAT {datanodeUUID=ce8ae317-8251-4b4b-ad79-c99d4c9d019c, command=[]} | ret=SUCCESS |  
2019-08-27 09:24:23,893 | INFO  | SCMAudit | user=jenkins1000 | ip=192.168.34.12 | op=SEND_HEARTBEAT {datanodeUUID=79c4d2ef-606e-4498-8078-25febc5aaa5f, command=[]} | ret=SUCCESS |  
2019-08-27 09:24:23,893 | INFO  | SCMAudit | user=jenkins1000 | ip=192.168.34.12 | op=SEND_HEARTBEAT {datanodeUUID=56e0bca8-6099-4977-8c71-ca6e0a08dcf0, command=[]} | ret=SUCCESS |  
2019-08-27 09:24:23,990 [grpc-default-executor-2] INFO  client.GrpcClientProtocolClient (GrpcClientProtocolClient.java:onNext(255)) - client-7857D3054285->e0471fbb-799c-4b0e-bb57-258e588ecc79: receive RaftClientReply:client-7857D3054285->e0471fbb-799c-4b0e-bb57-258e588ecc79@group-C9BB8001774F, cid=13, FAILED org.apache.ratis.protocol.NotLeaderException: Server e0471fbb-799c-4b0e-bb57-258e588ecc79 is not the leader (null). Request must be sent to leader., logIndex=0, commits[e0471fbb-799c-4b0e-bb57-258e588ecc79:c-1]
2019-08-27 09:24:24,137 | INFO  | SCMAudit | user=jenkins1000 | ip=192.168.34.12 | op=SEND_HEARTBEAT {datanodeUUID=e0471fbb-799c-4b0e-bb57-258e588ecc79, command=[]} | ret=SUCCESS |  
2019-08-27 09:24:24,178 [Thread-237] INFO  container.ReplicationManager (ReplicationManager.java:start(152)) - Starting Replication Monitor Thread.
2019-08-27 09:24:24,183 [ReplicationMonitor] INFO  container.ReplicationManager (ReplicationManager.java:run(215)) - Replication Monitor Thread took 3 milliseconds for processing 1 containers.
2019-08-27 09:24:24,212 | INFO  | SCMAudit | user=jenkins1000 | ip=192.168.34.12 | op=SEND_HEARTBEAT {datanodeUUID=d2f14ea7-d66a-4e34-b16b-9d776ceaf026, command=[]} | ret=SUCCESS |  
2019-08-27 09:24:24,288 | INFO  | SCMAudit | user=jenkins1000 | ip=192.168.34.12 | op=SEND_HEARTBEAT {datanodeUUID=7d876507-ba1b-4ebc-a5b3-10ac658fa12f, command=[]} | ret=SUCCESS |  
2019-08-27 09:24:24,386 | INFO  | SCMAudit | user=jenkins1000 | ip=192.168.34.12 | op=SEND_HEARTBEAT {datanodeUUID=fc98e046-3719-409e-ae96-fb17601fedec, command=[]} | ret=SUCCESS |  
2019-08-27 09:24:24,896 | INFO  | SCMAudit | user=jenkins1000 | ip=192.168.34.12 | op=SEND_HEARTBEAT {datanodeUUID=56e0bca8-6099-4977-8c71-ca6e0a08dcf0, command=[]} | ret=SUCCESS |  
2019-08-27 09:24:24,896 | INFO  | SCMAudit | user=jenkins1000 | ip=192.168.34.12 | op=SEND_HEARTBEAT {datanodeUUID=ce8ae317-8251-4b4b-ad79-c99d4c9d019c, command=[]} | ret=SUCCESS |  
2019-08-27 09:24:24,896 | INFO  | SCMAudit | user=jenkins1000 | ip=192.168.34.12 | op=SEND_HEARTBEAT {datanodeUUID=79c4d2ef-606e-4498-8078-25febc5aaa5f, command=[]} | ret=SUCCESS |  
2019-08-27 09:24:25,031 [grpc-default-executor-0] INFO  client.GrpcClientProtocolClient (GrpcClientProtocolClient.java:onNext(255)) - client-7857D3054285->56e0bca8-6099-4977-8c71-ca6e0a08dcf0: receive RaftClientReply:client-7857D3054285->56e0bca8-6099-4977-8c71-ca6e0a08dcf0@group-C9BB8001774F, cid=13, FAILED org.apache.ratis.protocol.NotLeaderException: Server 56e0bca8-6099-4977-8c71-ca6e0a08dcf0 is not the leader (null). Request must be sent to leader., logIndex=0, commits[56e0bca8-6099-4977-8c71-ca6e0a08dcf0:c-1]
2019-08-27 09:24:25,137 | INFO  | SCMAudit | user=jenkins1000 | ip=192.168.34.12 | op=SEND_HEARTBEAT {datanodeUUID=e0471fbb-799c-4b0e-bb57-258e588ecc79, command=[]} | ret=SUCCESS |  
2019-08-27 09:24:25,211 | INFO  | SCMAudit | user=jenkins1000 | ip=192.168.34.12 | op=SEND_HEARTBEAT {datanodeUUID=d2f14ea7-d66a-4e34-b16b-9d776ceaf026, command=[]} | ret=SUCCESS |  
2019-08-27 09:24:25,300 | INFO  | SCMAudit | user=jenkins1000 | ip=192.168.34.12 | op=SEND_HEARTBEAT {datanodeUUID=7d876507-ba1b-4ebc-a5b3-10ac658fa12f, command=[]} | ret=SUCCESS |  
2019-08-27 09:24:25,383 | INFO  | SCMAudit | user=jenkins1000 | ip=192.168.34.12 | op=SEND_HEARTBEAT {datanodeUUID=fc98e046-3719-409e-ae96-fb17601fedec, command=[]} | ret=SUCCESS |  
2019-08-27 09:24:25,888 | INFO  | SCMAudit | user=jenkins1000 | ip=192.168.34.12 | op=SEND_HEARTBEAT {datanodeUUID=ce8ae317-8251-4b4b-ad79-c99d4c9d019c, command=[]} | ret=SUCCESS |  
2019-08-27 09:24:25,888 | INFO  | SCMAudit | user=jenkins1000 | ip=192.168.34.12 | op=SEND_HEARTBEAT {datanodeUUID=79c4d2ef-606e-4498-8078-25febc5aaa5f, command=[]} | ret=SUCCESS |  
2019-08-27 09:24:25,888 | INFO  | SCMAudit | user=jenkins1000 | ip=192.168.34.12 | op=SEND_HEARTBEAT {datanodeUUID=56e0bca8-6099-4977-8c71-ca6e0a08dcf0, command=[]} | ret=SUCCESS |  
2019-08-27 09:24:26,060 [grpc-default-executor-0] INFO  client.GrpcClientProtocolClient (GrpcClientProtocolClient.java:onNext(255)) - client-7857D3054285->ce8ae317-8251-4b4b-ad79-c99d4c9d019c: receive RaftClientReply:client-7857D3054285->ce8ae317-8251-4b4b-ad79-c99d4c9d019c@group-C9BB8001774F, cid=13, FAILED org.apache.ratis.protocol.NotLeaderException: Server ce8ae317-8251-4b4b-ad79-c99d4c9d019c is not the leader (null). Request must be sent to leader., logIndex=0, commits[ce8ae317-8251-4b4b-ad79-c99d4c9d019c:c-1]
2019-08-27 09:24:26,134 | INFO  | SCMAudit | user=jenkins1000 | ip=192.168.34.12 | op=SEND_HEARTBEAT {datanodeUUID=e0471fbb-799c-4b0e-bb57-258e588ecc79, command=[]} | ret=SUCCESS |  
2019-08-27 09:24:26,209 | INFO  | SCMAudit | user=jenkins1000 | ip=192.168.34.12 | op=SEND_HEARTBEAT {datanodeUUID=d2f14ea7-d66a-4e34-b16b-9d776ceaf026, command=[]} | ret=SUCCESS |  
2019-08-27 09:24:26,285 | INFO  | SCMAudit | user=jenkins1000 | ip=192.168.34.12 | op=SEND_HEARTBEAT {datanodeUUID=7d876507-ba1b-4ebc-a5b3-10ac658fa12f, command=[]} | ret=SUCCESS |  
2019-08-27 09:24:26,383 | INFO  | SCMAudit | user=jenkins1000 | ip=192.168.34.12 | op=SEND_HEARTBEAT {datanodeUUID=fc98e046-3719-409e-ae96-fb17601fedec, command=[]} | ret=SUCCESS |  
2019-08-27 09:24:26,888 | INFO  | SCMAudit | user=jenkins1000 | ip=192.168.34.12 | op=SEND_HEARTBEAT {datanodeUUID=79c4d2ef-606e-4498-8078-25febc5aaa5f, command=[]} | ret=SUCCESS |  
2019-08-27 09:24:26,888 | INFO  | SCMAudit | user=jenkins1000 | ip=192.168.34.12 | op=SEND_HEARTBEAT {datanodeUUID=ce8ae317-8251-4b4b-ad79-c99d4c9d019c, command=[]} | ret=SUCCESS |  
2019-08-27 09:24:26,889 | INFO  | SCMAudit | user=jenkins1000 | ip=192.168.34.12 | op=SEND_HEARTBEAT {datanodeUUID=56e0bca8-6099-4977-8c71-ca6e0a08dcf0, command=[]} | ret=SUCCESS |  
2019-08-27 09:24:26,942 [Thread-239] INFO  impl.FollowerState (FollowerState.java:run(106)) - e0471fbb-799c-4b0e-bb57-258e588ecc79:group-A1C929C98BE0 changes to CANDIDATE, lastRpcTime:5030, electionTimeout:5029ms
2019-08-27 09:24:26,946 [Thread-239] INFO  impl.RoleInfo (RoleInfo.java:shutdownFollowerState(121)) - e0471fbb-799c-4b0e-bb57-258e588ecc79: shutdown FollowerState
2019-08-27 09:24:26,946 [Thread-239] INFO  impl.RaftServerImpl (RaftServerImpl.java:setRole(171)) - e0471fbb-799c-4b0e-bb57-258e588ecc79:group-A1C929C98BE0 changes role from FOLLOWER to CANDIDATE at term 0 for changeToCandidate
2019-08-27 09:24:26,953 [Thread-239] INFO  impl.RoleInfo (RoleInfo.java:updateAndGet(143)) - e0471fbb-799c-4b0e-bb57-258e588ecc79: start LeaderElection
2019-08-27 09:24:26,982 [e0471fbb-799c-4b0e-bb57-258e588ecc79:group-A1C929C98BE0:LeaderElection1] INFO  impl.LeaderElection (LeaderElection.java:askForVotes(181)) - e0471fbb-799c-4b0e-bb57-258e588ecc79:group-A1C929C98BE0:LeaderElection1: begin an election at term 1 for -1: [e0471fbb-799c-4b0e-bb57-258e588ecc79:192.168.34.12:42809], old=null
2019-08-27 09:24:26,991 [e0471fbb-799c-4b0e-bb57-258e588ecc79:group-A1C929C98BE0:LeaderElection1] INFO  impl.RoleInfo (RoleInfo.java:shutdownLeaderElection(134)) - e0471fbb-799c-4b0e-bb57-258e588ecc79: shutdown LeaderElection
2019-08-27 09:24:26,992 [e0471fbb-799c-4b0e-bb57-258e588ecc79:group-A1C929C98BE0:LeaderElection1] INFO  impl.RaftServerImpl (RaftServerImpl.java:setRole(171)) - e0471fbb-799c-4b0e-bb57-258e588ecc79:group-A1C929C98BE0 changes role from CANDIDATE to LEADER at term 1 for changeToLeader
2019-08-27 09:24:26,993 [e0471fbb-799c-4b0e-bb57-258e588ecc79:group-A1C929C98BE0:LeaderElection1] INFO  impl.RaftServerImpl (ServerState.java:setLeader(263)) - e0471fbb-799c-4b0e-bb57-258e588ecc79:group-A1C929C98BE0 change Leader from null to e0471fbb-799c-4b0e-bb57-258e588ecc79 at term 1 for becomeLeader, leader elected after 5157ms
2019-08-27 09:24:27,003 [e0471fbb-799c-4b0e-bb57-258e588ecc79:group-A1C929C98BE0:LeaderElection1] INFO  server.RaftServerConfigKeys (ConfUtils.java:logGet(43)) - raft.server.staging.catchup.gap = 1000 (default)
2019-08-27 09:24:27,003 [e0471fbb-799c-4b0e-bb57-258e588ecc79:group-A1C929C98BE0:LeaderElection1] INFO  server.RaftServerConfigKeys (ConfUtils.java:logGet(43)) - raft.server.rpc.sleep.time = 25ms (default)
2019-08-27 09:24:27,007 [e0471fbb-799c-4b0e-bb57-258e588ecc79:group-A1C929C98BE0:LeaderElection1] INFO  server.RaftServerConfigKeys (ConfUtils.java:logGet(43)) - raft.server.write.element-limit = 4096 (default)
2019-08-27 09:24:27,010 [e0471fbb-799c-4b0e-bb57-258e588ecc79:group-A1C929C98BE0:LeaderElection1] INFO  server.RaftServerConfigKeys (ConfUtils.java:logGet(43)) - raft.server.watch.timeout = 10s (default)
2019-08-27 09:24:27,010 [e0471fbb-799c-4b0e-bb57-258e588ecc79:group-A1C929C98BE0:LeaderElection1] INFO  server.RaftServerConfigKeys (ConfUtils.java:logGet(43)) - raft.server.watch.timeout.denomination = 1s (default)
2019-08-27 09:24:27,011 [e0471fbb-799c-4b0e-bb57-258e588ecc79:group-A1C929C98BE0:LeaderElection1] INFO  server.RaftServerConfigKeys (ConfUtils.java:logGet(43)) - raft.server.watch.element-limit = 65536 (default)
2019-08-27 09:24:27,020 [e0471fbb-799c-4b0e-bb57-258e588ecc79:group-A1C929C98BE0:LeaderElection1] INFO  impl.RoleInfo (RoleInfo.java:updateAndGet(143)) - e0471fbb-799c-4b0e-bb57-258e588ecc79: start LeaderState
2019-08-27 09:24:27,044 [e0471fbb-799c-4b0e-bb57-258e588ecc79:group-A1C929C98BE0:LeaderElection1] INFO  segmented.SegmentedRaftLogWorker (SegmentedRaftLogWorker.java:startLogSegment(380)) - e0471fbb-799c-4b0e-bb57-258e588ecc79-SegmentedRaftLogWorker:Storage Directory /workdir/hadoop-ozone/integration-test/target/test-dir/MiniOzoneClusterImpl-58938c5f-3d8a-4dfc-b7d6-ee05bfa799f3/datanode-0/data/ratis/a59d8e8e-a85f-436d-b611-a1c929c98be0: Starting segment from index:0
2019-08-27 09:24:27,053 [e0471fbb-799c-4b0e-bb57-258e588ecc79:group-A1C929C98BE0:LeaderElection1] INFO  impl.RaftServerImpl (ServerState.java:setRaftConf(361)) - e0471fbb-799c-4b0e-bb57-258e588ecc79:group-A1C929C98BE0 set configuration 0: [e0471fbb-799c-4b0e-bb57-258e588ecc79:192.168.34.12:42809], old=null at 0
2019-08-27 09:24:27,085 [grpc-default-executor-2] INFO  client.GrpcClientProtocolClient (GrpcClientProtocolClient.java:onNext(255)) - client-7857D3054285->56e0bca8-6099-4977-8c71-ca6e0a08dcf0: receive RaftClientReply:client-7857D3054285->56e0bca8-6099-4977-8c71-ca6e0a08dcf0@group-C9BB8001774F, cid=13, FAILED org.apache.ratis.protocol.NotLeaderException: Server 56e0bca8-6099-4977-8c71-ca6e0a08dcf0 is not the leader (null). Request must be sent to leader., logIndex=0, commits[56e0bca8-6099-4977-8c71-ca6e0a08dcf0:c-1]
2019-08-27 09:24:27,134 | INFO  | SCMAudit | user=jenkins1000 | ip=192.168.34.12 | op=SEND_HEARTBEAT {datanodeUUID=e0471fbb-799c-4b0e-bb57-258e588ecc79, command=[]} | ret=SUCCESS |  
2019-08-27 09:24:27,209 | INFO  | SCMAudit | user=jenkins1000 | ip=192.168.34.12 | op=SEND_HEARTBEAT {datanodeUUID=d2f14ea7-d66a-4e34-b16b-9d776ceaf026, command=[]} | ret=SUCCESS |  
2019-08-27 09:24:27,249 [Thread-242] INFO  impl.FollowerState (FollowerState.java:run(106)) - 56e0bca8-6099-4977-8c71-ca6e0a08dcf0:group-404527D9C195 changes to CANDIDATE, lastRpcTime:5111, electionTimeout:5110ms
2019-08-27 09:24:27,274 [Thread-242] INFO  impl.RoleInfo (RoleInfo.java:shutdownFollowerState(121)) - 56e0bca8-6099-4977-8c71-ca6e0a08dcf0: shutdown FollowerState
2019-08-27 09:24:27,274 [Thread-242] INFO  impl.RaftServerImpl (RaftServerImpl.java:setRole(171)) - 56e0bca8-6099-4977-8c71-ca6e0a08dcf0:group-404527D9C195 changes role from FOLLOWER to CANDIDATE at term 0 for changeToCandidate
2019-08-27 09:24:27,274 [Thread-242] INFO  impl.RoleInfo (RoleInfo.java:updateAndGet(143)) - 56e0bca8-6099-4977-8c71-ca6e0a08dcf0: start LeaderElection
2019-08-27 09:24:27,285 | INFO  | SCMAudit | user=jenkins1000 | ip=192.168.34.12 | op=SEND_HEARTBEAT {datanodeUUID=7d876507-ba1b-4ebc-a5b3-10ac658fa12f, command=[]} | ret=SUCCESS |  
2019-08-27 09:24:27,295 [e0471fbb-799c-4b0e-bb57-258e588ecc79-SegmentedRaftLogWorker:Storage Directory /workdir/hadoop-ozone/integration-test/target/test-dir/MiniOzoneClusterImpl-58938c5f-3d8a-4dfc-b7d6-ee05bfa799f3/datanode-0/data/ratis/a59d8e8e-a85f-436d-b611-a1c929c98be0] INFO  segmented.SegmentedRaftLogWorker (SegmentedRaftLogWorker.java:execute(569)) - e0471fbb-799c-4b0e-bb57-258e588ecc79-SegmentedRaftLogWorker:Storage Directory /workdir/hadoop-ozone/integration-test/target/test-dir/MiniOzoneClusterImpl-58938c5f-3d8a-4dfc-b7d6-ee05bfa799f3/datanode-0/data/ratis/a59d8e8e-a85f-436d-b611-a1c929c98be0: created new log segment /workdir/hadoop-ozone/integration-test/target/test-dir/MiniOzoneClusterImpl-58938c5f-3d8a-4dfc-b7d6-ee05bfa799f3/datanode-0/data/ratis/a59d8e8e-a85f-436d-b611-a1c929c98be0/current/log_inprogress_0
2019-08-27 09:24:27,297 [56e0bca8-6099-4977-8c71-ca6e0a08dcf0:group-404527D9C195:LeaderElection2] INFO  impl.LeaderElection (LeaderElection.java:askForVotes(181)) - 56e0bca8-6099-4977-8c71-ca6e0a08dcf0:group-404527D9C195:LeaderElection2: begin an election at term 1 for -1: [56e0bca8-6099-4977-8c71-ca6e0a08dcf0:192.168.34.12:42744], old=null
2019-08-27 09:24:27,299 [56e0bca8-6099-4977-8c71-ca6e0a08dcf0:group-404527D9C195:LeaderElection2] INFO  impl.RoleInfo (RoleInfo.java:shutdownLeaderElection(134)) - 56e0bca8-6099-4977-8c71-ca6e0a08dcf0: shutdown LeaderElection
2019-08-27 09:24:27,299 [56e0bca8-6099-4977-8c71-ca6e0a08dcf0:group-404527D9C195:LeaderElection2] INFO  impl.RaftServerImpl (RaftServerImpl.java:setRole(171)) - 56e0bca8-6099-4977-8c71-ca6e0a08dcf0:group-404527D9C195 changes role from CANDIDATE to LEADER at term 1 for changeToLeader
2019-08-27 09:24:27,299 [56e0bca8-6099-4977-8c71-ca6e0a08dcf0:group-404527D9C195:LeaderElection2] INFO  impl.RaftServerImpl (ServerState.java:setLeader(263)) - 56e0bca8-6099-4977-8c71-ca6e0a08dcf0:group-404527D9C195 change Leader from null to 56e0bca8-6099-4977-8c71-ca6e0a08dcf0 at term 1 for becomeLeader, leader elected after 5170ms
2019-08-27 09:24:27,301 [56e0bca8-6099-4977-8c71-ca6e0a08dcf0:group-404527D9C195:LeaderElection2] INFO  server.RaftServerConfigKeys (ConfUtils.java:logGet(43)) - raft.server.staging.catchup.gap = 1000 (default)
2019-08-27 09:24:27,301 [56e0bca8-6099-4977-8c71-ca6e0a08dcf0:group-404527D9C195:LeaderElection2] INFO  server.RaftServerConfigKeys (ConfUtils.java:logGet(43)) - raft.server.rpc.sleep.time = 25ms (default)
2019-08-27 09:24:27,301 [56e0bca8-6099-4977-8c71-ca6e0a08dcf0:group-404527D9C195:LeaderElection2] INFO  server.RaftServerConfigKeys (ConfUtils.java:logGet(43)) - raft.server.write.element-limit = 4096 (default)
2019-08-27 09:24:27,302 [56e0bca8-6099-4977-8c71-ca6e0a08dcf0:group-404527D9C195:LeaderElection2] INFO  server.RaftServerConfigKeys (ConfUtils.java:logGet(43)) - raft.server.watch.timeout = 10s (default)
2019-08-27 09:24:27,302 [56e0bca8-6099-4977-8c71-ca6e0a08dcf0:group-404527D9C195:LeaderElection2] INFO  server.RaftServerConfigKeys (ConfUtils.java:logGet(43)) - raft.server.watch.timeout.denomination = 1s (default)
2019-08-27 09:24:27,302 [56e0bca8-6099-4977-8c71-ca6e0a08dcf0:group-404527D9C195:LeaderElection2] INFO  server.RaftServerConfigKeys (ConfUtils.java:logGet(43)) - raft.server.watch.element-limit = 65536 (default)
2019-08-27 09:24:27,302 [56e0bca8-6099-4977-8c71-ca6e0a08dcf0:group-404527D9C195:LeaderElection2] INFO  impl.RoleInfo (RoleInfo.java:updateAndGet(143)) - 56e0bca8-6099-4977-8c71-ca6e0a08dcf0: start LeaderState
2019-08-27 09:24:27,303 [56e0bca8-6099-4977-8c71-ca6e0a08dcf0:group-404527D9C195:LeaderElection2] INFO  segmented.SegmentedRaftLogWorker (SegmentedRaftLogWorker.java:startLogSegment(380)) - 56e0bca8-6099-4977-8c71-ca6e0a08dcf0-SegmentedRaftLogWorker:Storage Directory /workdir/hadoop-ozone/integration-test/target/test-dir/MiniOzoneClusterImpl-58938c5f-3d8a-4dfc-b7d6-ee05bfa799f3/datanode-4/data/ratis/4ec8802f-3fd5-483b-99d0-404527d9c195: Starting segment from index:0
2019-08-27 09:24:27,303 [56e0bca8-6099-4977-8c71-ca6e0a08dcf0:group-404527D9C195:LeaderElection2] INFO  impl.RaftServerImpl (ServerState.java:setRaftConf(361)) - 56e0bca8-6099-4977-8c71-ca6e0a08dcf0:group-404527D9C195 set configuration 0: [56e0bca8-6099-4977-8c71-ca6e0a08dcf0:192.168.34.12:42744], old=null at 0
2019-08-27 09:24:27,339 [Thread-248] INFO  impl.FollowerState (FollowerState.java:run(106)) - d2f14ea7-d66a-4e34-b16b-9d776ceaf026:group-4195D49832B4 changes to CANDIDATE, lastRpcTime:5028, electionTimeout:5009ms
2019-08-27 09:24:27,339 [Thread-245] INFO  impl.FollowerState (FollowerState.java:run(106)) - ce8ae317-8251-4b4b-ad79-c99d4c9d019c:group-4676E6DA0AA1 changes to CANDIDATE, lastRpcTime:5108, electionTimeout:5078ms
2019-08-27 09:24:27,346 [Thread-248] INFO  impl.RoleInfo (RoleInfo.java:shutdownFollowerState(121)) - d2f14ea7-d66a-4e34-b16b-9d776ceaf026: shutdown FollowerState
2019-08-27 09:24:27,348 [Thread-245] INFO  impl.RoleInfo (RoleInfo.java:shutdownFollowerState(121)) - ce8ae317-8251-4b4b-ad79-c99d4c9d019c: shutdown FollowerState
2019-08-27 09:24:27,348 [Thread-248] INFO  impl.RaftServerImpl (RaftServerImpl.java:setRole(171)) - d2f14ea7-d66a-4e34-b16b-9d776ceaf026:group-4195D49832B4 changes role from FOLLOWER to CANDIDATE at term 0 for changeToCandidate
2019-08-27 09:24:27,348 [Thread-245] INFO  impl.RaftServerImpl (RaftServerImpl.java:setRole(171)) - ce8ae317-8251-4b4b-ad79-c99d4c9d019c:group-4676E6DA0AA1 changes role from FOLLOWER to CANDIDATE at term 0 for changeToCandidate
2019-08-27 09:24:27,348 [Thread-248] INFO  impl.RoleInfo (RoleInfo.java:updateAndGet(143)) - d2f14ea7-d66a-4e34-b16b-9d776ceaf026: start LeaderElection
2019-08-27 09:24:27,349 [Thread-245] INFO  impl.RoleInfo (RoleInfo.java:updateAndGet(143)) - ce8ae317-8251-4b4b-ad79-c99d4c9d019c: start LeaderElection
2019-08-27 09:24:27,355 [56e0bca8-6099-4977-8c71-ca6e0a08dcf0-SegmentedRaftLogWorker:Storage Directory /workdir/hadoop-ozone/integration-test/target/test-dir/MiniOzoneClusterImpl-58938c5f-3d8a-4dfc-b7d6-ee05bfa799f3/datanode-4/data/ratis/4ec8802f-3fd5-483b-99d0-404527d9c195] INFO  segmented.SegmentedRaftLogWorker (SegmentedRaftLogWorker.java:execute(569)) - 56e0bca8-6099-4977-8c71-ca6e0a08dcf0-SegmentedRaftLogWorker:Storage Directory /workdir/hadoop-ozone/integration-test/target/test-dir/MiniOzoneClusterImpl-58938c5f-3d8a-4dfc-b7d6-ee05bfa799f3/datanode-4/data/ratis/4ec8802f-3fd5-483b-99d0-404527d9c195: created new log segment /workdir/hadoop-ozone/integration-test/target/test-dir/MiniOzoneClusterImpl-58938c5f-3d8a-4dfc-b7d6-ee05bfa799f3/datanode-4/data/ratis/4ec8802f-3fd5-483b-99d0-404527d9c195/current/log_inprogress_0
2019-08-27 09:24:27,383 [ce8ae317-8251-4b4b-ad79-c99d4c9d019c:group-4676E6DA0AA1:LeaderElection4] INFO  impl.LeaderElection (LeaderElection.java:askForVotes(181)) - ce8ae317-8251-4b4b-ad79-c99d4c9d019c:group-4676E6DA0AA1:LeaderElection4: begin an election at term 1 for -1: [ce8ae317-8251-4b4b-ad79-c99d4c9d019c:192.168.34.12:40438], old=null
2019-08-27 09:24:27,383 [d2f14ea7-d66a-4e34-b16b-9d776ceaf026:group-4195D49832B4:LeaderElection3] INFO  impl.LeaderElection (LeaderElection.java:askForVotes(181)) - d2f14ea7-d66a-4e34-b16b-9d776ceaf026:group-4195D49832B4:LeaderElection3: begin an election at term 1 for -1: [d2f14ea7-d66a-4e34-b16b-9d776ceaf026:192.168.34.12:42786], old=null
2019-08-27 09:24:27,385 [ce8ae317-8251-4b4b-ad79-c99d4c9d019c:group-4676E6DA0AA1:LeaderElection4] INFO  impl.RoleInfo (RoleInfo.java:shutdownLeaderElection(134)) - ce8ae317-8251-4b4b-ad79-c99d4c9d019c: shutdown LeaderElection
2019-08-27 09:24:27,385 [d2f14ea7-d66a-4e34-b16b-9d776ceaf026:group-4195D49832B4:LeaderElection3] INFO  impl.RoleInfo (RoleInfo.java:shutdownLeaderElection(134)) - d2f14ea7-d66a-4e34-b16b-9d776ceaf026: shutdown LeaderElection
2019-08-27 09:24:27,385 [ce8ae317-8251-4b4b-ad79-c99d4c9d019c:group-4676E6DA0AA1:LeaderElection4] INFO  impl.RaftServerImpl (RaftServerImpl.java:setRole(171)) - ce8ae317-8251-4b4b-ad79-c99d4c9d019c:group-4676E6DA0AA1 changes role from CANDIDATE to LEADER at term 1 for changeToLeader
2019-08-27 09:24:27,385 [d2f14ea7-d66a-4e34-b16b-9d776ceaf026:group-4195D49832B4:LeaderElection3] INFO  impl.RaftServerImpl (RaftServerImpl.java:setRole(171)) - d2f14ea7-d66a-4e34-b16b-9d776ceaf026:group-4195D49832B4 changes role from CANDIDATE to LEADER at term 1 for changeToLeader
2019-08-27 09:24:27,386 | INFO  | SCMAudit | user=jenkins1000 | ip=192.168.34.12 | op=SEND_HEARTBEAT {datanodeUUID=fc98e046-3719-409e-ae96-fb17601fedec, command=[]} | ret=SUCCESS |  
2019-08-27 09:24:27,386 [ce8ae317-8251-4b4b-ad79-c99d4c9d019c:group-4676E6DA0AA1:LeaderElection4] INFO  impl.RaftServerImpl (ServerState.java:setLeader(263)) - ce8ae317-8251-4b4b-ad79-c99d4c9d019c:group-4676E6DA0AA1 change Leader from null to ce8ae317-8251-4b4b-ad79-c99d4c9d019c at term 1 for becomeLeader, leader elected after 5161ms
2019-08-27 09:24:27,386 [d2f14ea7-d66a-4e34-b16b-9d776ceaf026:group-4195D49832B4:LeaderElection3] INFO  impl.RaftServerImpl (ServerState.java:setLeader(263)) - d2f14ea7-d66a-4e34-b16b-9d776ceaf026:group-4195D49832B4 change Leader from null to d2f14ea7-d66a-4e34-b16b-9d776ceaf026 at term 1 for becomeLeader, leader elected after 5091ms
2019-08-27 09:24:27,388 [ce8ae317-8251-4b4b-ad79-c99d4c9d019c:group-4676E6DA0AA1:LeaderElection4] INFO  server.RaftServerConfigKeys (ConfUtils.java:logGet(43)) - raft.server.staging.catchup.gap = 1000 (default)
2019-08-27 09:24:27,390 [d2f14ea7-d66a-4e34-b16b-9d776ceaf026:group-4195D49832B4:LeaderElection3] INFO  server.RaftServerConfigKeys (ConfUtils.java:logGet(43)) - raft.server.staging.catchup.gap = 1000 (default)
2019-08-27 09:24:27,390 [ce8ae317-8251-4b4b-ad79-c99d4c9d019c:group-4676E6DA0AA1:LeaderElection4] INFO  server.RaftServerConfigKeys (ConfUtils.java:logGet(43)) - raft.server.rpc.sleep.time = 25ms (default)
2019-08-27 09:24:27,390 [d2f14ea7-d66a-4e34-b16b-9d776ceaf026:group-4195D49832B4:LeaderElection3] INFO  server.RaftServerConfigKeys (ConfUtils.java:logGet(43)) - raft.server.rpc.sleep.time = 25ms (default)
2019-08-27 09:24:27,391 [ce8ae317-8251-4b4b-ad79-c99d4c9d019c:group-4676E6DA0AA1:LeaderElection4] INFO  server.RaftServerConfigKeys (ConfUtils.java:logGet(43)) - raft.server.write.element-limit = 4096 (default)
2019-08-27 09:24:27,391 [d2f14ea7-d66a-4e34-b16b-9d776ceaf026:group-4195D49832B4:LeaderElection3] INFO  server.RaftServerConfigKeys (ConfUtils.java:logGet(43)) - raft.server.write.element-limit = 4096 (default)
2019-08-27 09:24:27,391 [ce8ae317-8251-4b4b-ad79-c99d4c9d019c:group-4676E6DA0AA1:LeaderElection4] INFO  server.RaftServerConfigKeys (ConfUtils.java:logGet(43)) - raft.server.watch.timeout = 10s (default)
2019-08-27 09:24:27,391 [d2f14ea7-d66a-4e34-b16b-9d776ceaf026:group-4195D49832B4:LeaderElection3] INFO  server.RaftServerConfigKeys (ConfUtils.java:logGet(43)) - raft.server.watch.timeout = 10s (default)
2019-08-27 09:24:27,391 [ce8ae317-8251-4b4b-ad79-c99d4c9d019c:group-4676E6DA0AA1:LeaderElection4] INFO  server.RaftServerConfigKeys (ConfUtils.java:logGet(43)) - raft.server.watch.timeout.denomination = 1s (default)
2019-08-27 09:24:27,391 [d2f14ea7-d66a-4e34-b16b-9d776ceaf026:group-4195D49832B4:LeaderElection3] INFO  server.RaftServerConfigKeys (ConfUtils.java:logGet(43)) - raft.server.watch.timeout.denomination = 1s (default)
2019-08-27 09:24:27,391 [ce8ae317-8251-4b4b-ad79-c99d4c9d019c:group-4676E6DA0AA1:LeaderElection4] INFO  server.RaftServerConfigKeys (ConfUtils.java:logGet(43)) - raft.server.watch.element-limit = 65536 (default)
2019-08-27 09:24:27,392 [d2f14ea7-d66a-4e34-b16b-9d776ceaf026:group-4195D49832B4:LeaderElection3] INFO  server.RaftServerConfigKeys (ConfUtils.java:logGet(43)) - raft.server.watch.element-limit = 65536 (default)
2019-08-27 09:24:27,392 [ce8ae317-8251-4b4b-ad79-c99d4c9d019c:group-4676E6DA0AA1:LeaderElection4] INFO  impl.RoleInfo (RoleInfo.java:updateAndGet(143)) - ce8ae317-8251-4b4b-ad79-c99d4c9d019c: start LeaderState
2019-08-27 09:24:27,392 [d2f14ea7-d66a-4e34-b16b-9d776ceaf026:group-4195D49832B4:LeaderElection3] INFO  impl.RoleInfo (RoleInfo.java:updateAndGet(143)) - d2f14ea7-d66a-4e34-b16b-9d776ceaf026: start LeaderState
2019-08-27 09:24:27,392 [ce8ae317-8251-4b4b-ad79-c99d4c9d019c:group-4676E6DA0AA1:LeaderElection4] INFO  segmented.SegmentedRaftLogWorker (SegmentedRaftLogWorker.java:startLogSegment(380)) - ce8ae317-8251-4b4b-ad79-c99d4c9d019c-SegmentedRaftLogWorker:Storage Directory /workdir/hadoop-ozone/integration-test/target/test-dir/MiniOzoneClusterImpl-58938c5f-3d8a-4dfc-b7d6-ee05bfa799f3/datanode-5/data/ratis/923ac012-1c5a-4200-ba3c-4676e6da0aa1: Starting segment from index:0
2019-08-27 09:24:27,392 [d2f14ea7-d66a-4e34-b16b-9d776ceaf026:group-4195D49832B4:LeaderElection3] INFO  segmented.SegmentedRaftLogWorker (SegmentedRaftLogWorker.java:startLogSegment(380)) - d2f14ea7-d66a-4e34-b16b-9d776ceaf026-SegmentedRaftLogWorker:Storage Directory /workdir/hadoop-ozone/integration-test/target/test-dir/MiniOzoneClusterImpl-58938c5f-3d8a-4dfc-b7d6-ee05bfa799f3/datanode-1/data/ratis/19873bb3-b703-4130-98b6-4195d49832b4: Starting segment from index:0
2019-08-27 09:24:27,393 [ce8ae317-8251-4b4b-ad79-c99d4c9d019c:group-4676E6DA0AA1:LeaderElection4] INFO  impl.RaftServerImpl (ServerState.java:setRaftConf(361)) - ce8ae317-8251-4b4b-ad79-c99d4c9d019c:group-4676E6DA0AA1 set configuration 0: [ce8ae317-8251-4b4b-ad79-c99d4c9d019c:192.168.34.12:40438], old=null at 0
2019-08-27 09:24:27,428 [d2f14ea7-d66a-4e34-b16b-9d776ceaf026:group-4195D49832B4:LeaderElection3] INFO  impl.RaftServerImpl (ServerState.java:setRaftConf(361)) - d2f14ea7-d66a-4e34-b16b-9d776ceaf026:group-4195D49832B4 set configuration 0: [d2f14ea7-d66a-4e34-b16b-9d776ceaf026:192.168.34.12:42786], old=null at 0
2019-08-27 09:24:27,467 [Thread-251] INFO  impl.FollowerState (FollowerState.java:run(106)) - 7d876507-ba1b-4ebc-a5b3-10ac658fa12f:group-3C529127556E changes to CANDIDATE, lastRpcTime:5092, electionTimeout:5070ms
2019-08-27 09:24:27,467 [ce8ae317-8251-4b4b-ad79-c99d4c9d019c-SegmentedRaftLogWorker:Storage Directory /workdir/hadoop-ozone/integration-test/target/test-dir/MiniOzoneClusterImpl-58938c5f-3d8a-4dfc-b7d6-ee05bfa799f3/datanode-5/data/ratis/923ac012-1c5a-4200-ba3c-4676e6da0aa1] INFO  segmented.SegmentedRaftLogWorker (SegmentedRaftLogWorker.java:execute(569)) - ce8ae317-8251-4b4b-ad79-c99d4c9d019c-SegmentedRaftLogWorker:Storage Directory /workdir/hadoop-ozone/integration-test/target/test-dir/MiniOzoneClusterImpl-58938c5f-3d8a-4dfc-b7d6-ee05bfa799f3/datanode-5/data/ratis/923ac012-1c5a-4200-ba3c-4676e6da0aa1: created new log segment /workdir/hadoop-ozone/integration-test/target/test-dir/MiniOzoneClusterImpl-58938c5f-3d8a-4dfc-b7d6-ee05bfa799f3/datanode-5/data/ratis/923ac012-1c5a-4200-ba3c-4676e6da0aa1/current/log_inprogress_0
2019-08-27 09:24:27,467 [Thread-251] INFO  impl.RoleInfo (RoleInfo.java:shutdownFollowerState(121)) - 7d876507-ba1b-4ebc-a5b3-10ac658fa12f: shutdown FollowerState
2019-08-27 09:24:27,468 [Thread-251] INFO  impl.RaftServerImpl (RaftServerImpl.java:setRole(171)) - 7d876507-ba1b-4ebc-a5b3-10ac658fa12f:group-3C529127556E changes role from FOLLOWER to CANDIDATE at term 0 for changeToCandidate
2019-08-27 09:24:27,468 [Thread-251] INFO  impl.RoleInfo (RoleInfo.java:updateAndGet(143)) - 7d876507-ba1b-4ebc-a5b3-10ac658fa12f: start LeaderElection
2019-08-27 09:24:27,470 [d2f14ea7-d66a-4e34-b16b-9d776ceaf026-SegmentedRaftLogWorker:Storage Directory /workdir/hadoop-ozone/integration-test/target/test-dir/MiniOzoneClusterImpl-58938c5f-3d8a-4dfc-b7d6-ee05bfa799f3/datanode-1/data/ratis/19873bb3-b703-4130-98b6-4195d49832b4] INFO  segmented.SegmentedRaftLogWorker (SegmentedRaftLogWorker.java:execute(569)) - d2f14ea7-d66a-4e34-b16b-9d776ceaf026-SegmentedRaftLogWorker:Storage Directory /workdir/hadoop-ozone/integration-test/target/test-dir/MiniOzoneClusterImpl-58938c5f-3d8a-4dfc-b7d6-ee05bfa799f3/datanode-1/data/ratis/19873bb3-b703-4130-98b6-4195d49832b4: created new log segment /workdir/hadoop-ozone/integration-test/target/test-dir/MiniOzoneClusterImpl-58938c5f-3d8a-4dfc-b7d6-ee05bfa799f3/datanode-1/data/ratis/19873bb3-b703-4130-98b6-4195d49832b4/current/log_inprogress_0
2019-08-27 09:24:27,477 [7d876507-ba1b-4ebc-a5b3-10ac658fa12f:group-3C529127556E:LeaderElection5] INFO  impl.LeaderElection (LeaderElection.java:askForVotes(181)) - 7d876507-ba1b-4ebc-a5b3-10ac658fa12f:group-3C529127556E:LeaderElection5: begin an election at term 1 for -1: [7d876507-ba1b-4ebc-a5b3-10ac658fa12f:192.168.34.12:36654], old=null
2019-08-27 09:24:27,477 [7d876507-ba1b-4ebc-a5b3-10ac658fa12f:group-3C529127556E:LeaderElection5] INFO  impl.RoleInfo (RoleInfo.java:shutdownLeaderElection(134)) - 7d876507-ba1b-4ebc-a5b3-10ac658fa12f: shutdown LeaderElection
2019-08-27 09:24:27,477 [7d876507-ba1b-4ebc-a5b3-10ac658fa12f:group-3C529127556E:LeaderElection5] INFO  impl.RaftServerImpl (RaftServerImpl.java:setRole(171)) - 7d876507-ba1b-4ebc-a5b3-10ac658fa12f:group-3C529127556E changes role from CANDIDATE to LEADER at term 1 for changeToLeader
2019-08-27 09:24:27,478 [7d876507-ba1b-4ebc-a5b3-10ac658fa12f:group-3C529127556E:LeaderElection5] INFO  impl.RaftServerImpl (ServerState.java:setLeader(263)) - 7d876507-ba1b-4ebc-a5b3-10ac658fa12f:group-3C529127556E change Leader from null to 7d876507-ba1b-4ebc-a5b3-10ac658fa12f at term 1 for becomeLeader, leader elected after 5106ms
2019-08-27 09:24:27,480 [7d876507-ba1b-4ebc-a5b3-10ac658fa12f:group-3C529127556E:LeaderElection5] INFO  server.RaftServerConfigKeys (ConfUtils.java:logGet(43)) - raft.server.staging.catchup.gap = 1000 (default)
2019-08-27 09:24:27,480 [7d876507-ba1b-4ebc-a5b3-10ac658fa12f:group-3C529127556E:LeaderElection5] INFO  server.RaftServerConfigKeys (ConfUtils.java:logGet(43)) - raft.server.rpc.sleep.time = 25ms (default)
2019-08-27 09:24:27,480 [7d876507-ba1b-4ebc-a5b3-10ac658fa12f:group-3C529127556E:LeaderElection5] INFO  server.RaftServerConfigKeys (ConfUtils.java:logGet(43)) - raft.server.write.element-limit = 4096 (default)
2019-08-27 09:24:27,480 [7d876507-ba1b-4ebc-a5b3-10ac658fa12f:group-3C529127556E:LeaderElection5] INFO  server.RaftServerConfigKeys (ConfUtils.java:logGet(43)) - raft.server.watch.timeout = 10s (default)
2019-08-27 09:24:27,480 [7d876507-ba1b-4ebc-a5b3-10ac658fa12f:group-3C529127556E:LeaderElection5] INFO  server.RaftServerConfigKeys (ConfUtils.java:logGet(43)) - raft.server.watch.timeout.denomination = 1s (default)
2019-08-27 09:24:27,480 [7d876507-ba1b-4ebc-a5b3-10ac658fa12f:group-3C529127556E:LeaderElection5] INFO  server.RaftServerConfigKeys (ConfUtils.java:logGet(43)) - raft.server.watch.element-limit = 65536 (default)
2019-08-27 09:24:27,481 [7d876507-ba1b-4ebc-a5b3-10ac658fa12f:group-3C529127556E:LeaderElection5] INFO  impl.RoleInfo (RoleInfo.java:updateAndGet(143)) - 7d876507-ba1b-4ebc-a5b3-10ac658fa12f: start LeaderState
2019-08-27 09:24:27,481 [7d876507-ba1b-4ebc-a5b3-10ac658fa12f:group-3C529127556E:LeaderElection5] INFO  segmented.SegmentedRaftLogWorker (SegmentedRaftLogWorker.java:startLogSegment(380)) - 7d876507-ba1b-4ebc-a5b3-10ac658fa12f-SegmentedRaftLogWorker:Storage Directory /workdir/hadoop-ozone/integration-test/target/test-dir/MiniOzoneClusterImpl-58938c5f-3d8a-4dfc-b7d6-ee05bfa799f3/datanode-2/data/ratis/bbf72026-1611-4887-9c4f-3c529127556e: Starting segment from index:0
2019-08-27 09:24:27,482 [7d876507-ba1b-4ebc-a5b3-10ac658fa12f:group-3C529127556E:LeaderElection5] INFO  impl.RaftServerImpl (ServerState.java:setRaftConf(361)) - 7d876507-ba1b-4ebc-a5b3-10ac658fa12f:group-3C529127556E set configuration 0: [7d876507-ba1b-4ebc-a5b3-10ac658fa12f:192.168.34.12:36654], old=null at 0
2019-08-27 09:24:27,516 [7d876507-ba1b-4ebc-a5b3-10ac658fa12f-SegmentedRaftLogWorker:Storage Directory /workdir/hadoop-ozone/integration-test/target/test-dir/MiniOzoneClusterImpl-58938c5f-3d8a-4dfc-b7d6-ee05bfa799f3/datanode-2/data/ratis/bbf72026-1611-4887-9c4f-3c529127556e] INFO  segmented.SegmentedRaftLogWorker (SegmentedRaftLogWorker.java:execute(569)) - 7d876507-ba1b-4ebc-a5b3-10ac658fa12f-SegmentedRaftLogWorker:Storage Directory /workdir/hadoop-ozone/integration-test/target/test-dir/MiniOzoneClusterImpl-58938c5f-3d8a-4dfc-b7d6-ee05bfa799f3/datanode-2/data/ratis/bbf72026-1611-4887-9c4f-3c529127556e: created new log segment /workdir/hadoop-ozone/integration-test/target/test-dir/MiniOzoneClusterImpl-58938c5f-3d8a-4dfc-b7d6-ee05bfa799f3/datanode-2/data/ratis/bbf72026-1611-4887-9c4f-3c529127556e/current/log_inprogress_0
2019-08-27 09:24:27,631 [Thread-257] INFO  impl.FollowerState (FollowerState.java:run(106)) - 79c4d2ef-606e-4498-8078-25febc5aaa5f:group-DB40618BB178 changes to CANDIDATE, lastRpcTime:5121, electionTimeout:5121ms
2019-08-27 09:24:27,631 [Thread-257] INFO  impl.RoleInfo (RoleInfo.java:shutdownFollowerState(121)) - 79c4d2ef-606e-4498-8078-25febc5aaa5f: shutdown FollowerState
2019-08-27 09:24:27,631 [Thread-257] INFO  impl.RaftServerImpl (RaftServerImpl.java:setRole(171)) - 79c4d2ef-606e-4498-8078-25febc5aaa5f:group-DB40618BB178 changes role from FOLLOWER to CANDIDATE at term 0 for changeToCandidate
2019-08-27 09:24:27,631 [Thread-257] INFO  impl.RoleInfo (RoleInfo.java:updateAndGet(143)) - 79c4d2ef-606e-4498-8078-25febc5aaa5f: start LeaderElection
2019-08-27 09:24:27,641 [Thread-254] INFO  impl.FollowerState (FollowerState.java:run(106)) - fc98e046-3719-409e-ae96-fb17601fedec:group-981EEE05324F changes to CANDIDATE, lastRpcTime:5194, electionTimeout:5194ms
2019-08-27 09:24:27,643 [Thread-254] INFO  impl.RoleInfo (RoleInfo.java:shutdownFollowerState(121)) - fc98e046-3719-409e-ae96-fb17601fedec: shutdown FollowerState
2019-08-27 09:24:27,643 [Thread-254] INFO  impl.RaftServerImpl (RaftServerImpl.java:setRole(171)) - fc98e046-3719-409e-ae96-fb17601fedec:group-981EEE05324F changes role from FOLLOWER to CANDIDATE at term 0 for changeToCandidate
2019-08-27 09:24:27,643 [Thread-254] INFO  impl.RoleInfo (RoleInfo.java:updateAndGet(143)) - fc98e046-3719-409e-ae96-fb17601fedec: start LeaderElection
2019-08-27 09:24:27,652 [79c4d2ef-606e-4498-8078-25febc5aaa5f:group-DB40618BB178:LeaderElection6] INFO  impl.LeaderElection (LeaderElection.java:askForVotes(181)) - 79c4d2ef-606e-4498-8078-25febc5aaa5f:group-DB40618BB178:LeaderElection6: begin an election at term 1 for -1: [79c4d2ef-606e-4498-8078-25febc5aaa5f:192.168.34.12:33541], old=null
2019-08-27 09:24:27,652 [79c4d2ef-606e-4498-8078-25febc5aaa5f:group-DB40618BB178:LeaderElection6] INFO  impl.RoleInfo (RoleInfo.java:shutdownLeaderElection(134)) - 79c4d2ef-606e-4498-8078-25febc5aaa5f: shutdown LeaderElection
2019-08-27 09:24:27,653 [79c4d2ef-606e-4498-8078-25febc5aaa5f:group-DB40618BB178:LeaderElection6] INFO  impl.RaftServerImpl (RaftServerImpl.java:setRole(171)) - 79c4d2ef-606e-4498-8078-25febc5aaa5f:group-DB40618BB178 changes role from CANDIDATE to LEADER at term 1 for changeToLeader
2019-08-27 09:24:27,653 [79c4d2ef-606e-4498-8078-25febc5aaa5f:group-DB40618BB178:LeaderElection6] INFO  impl.RaftServerImpl (ServerState.java:setLeader(263)) - 79c4d2ef-606e-4498-8078-25febc5aaa5f:group-DB40618BB178 change Leader from null to 79c4d2ef-606e-4498-8078-25febc5aaa5f at term 1 for becomeLeader, leader elected after 5147ms
2019-08-27 09:24:27,655 [79c4d2ef-606e-4498-8078-25febc5aaa5f:group-DB40618BB178:LeaderElection6] INFO  server.RaftServerConfigKeys (ConfUtils.java:logGet(43)) - raft.server.staging.catchup.gap = 1000 (default)
2019-08-27 09:24:27,655 [fc98e046-3719-409e-ae96-fb17601fedec:group-981EEE05324F:LeaderElection7] INFO  impl.LeaderElection (LeaderElection.java:askForVotes(181)) - fc98e046-3719-409e-ae96-fb17601fedec:group-981EEE05324F:LeaderElection7: begin an election at term 1 for -1: [fc98e046-3719-409e-ae96-fb17601fedec:192.168.34.12:46642], old=null
2019-08-27 09:24:27,655 [79c4d2ef-606e-4498-8078-25febc5aaa5f:group-DB40618BB178:LeaderElection6] INFO  server.RaftServerConfigKeys (ConfUtils.java:logGet(43)) - raft.server.rpc.sleep.time = 25ms (default)
2019-08-27 09:24:27,656 [fc98e046-3719-409e-ae96-fb17601fedec:group-981EEE05324F:LeaderElection7] INFO  impl.RoleInfo (RoleInfo.java:shutdownLeaderElection(134)) - fc98e046-3719-409e-ae96-fb17601fedec: shutdown LeaderElection
2019-08-27 09:24:27,656 [fc98e046-3719-409e-ae96-fb17601fedec:group-981EEE05324F:LeaderElection7] INFO  impl.RaftServerImpl (RaftServerImpl.java:setRole(171)) - fc98e046-3719-409e-ae96-fb17601fedec:group-981EEE05324F changes role from CANDIDATE to LEADER at term 1 for changeToLeader
2019-08-27 09:24:27,656 [79c4d2ef-606e-4498-8078-25febc5aaa5f:group-DB40618BB178:LeaderElection6] INFO  server.RaftServerConfigKeys (ConfUtils.java:logGet(43)) - raft.server.write.element-limit = 4096 (default)
2019-08-27 09:24:27,656 [fc98e046-3719-409e-ae96-fb17601fedec:group-981EEE05324F:LeaderElection7] INFO  impl.RaftServerImpl (ServerState.java:setLeader(263)) - fc98e046-3719-409e-ae96-fb17601fedec:group-981EEE05324F change Leader from null to fc98e046-3719-409e-ae96-fb17601fedec at term 1 for becomeLeader, leader elected after 5213ms
2019-08-27 09:24:27,656 [79c4d2ef-606e-4498-8078-25febc5aaa5f:group-DB40618BB178:LeaderElection6] INFO  server.RaftServerConfigKeys (ConfUtils.java:logGet(43)) - raft.server.watch.timeout = 10s (default)
2019-08-27 09:24:27,658 [fc98e046-3719-409e-ae96-fb17601fedec:group-981EEE05324F:LeaderElection7] INFO  server.RaftServerConfigKeys (ConfUtils.java:logGet(43)) - raft.server.staging.catchup.gap = 1000 (default)
2019-08-27 09:24:27,658 [79c4d2ef-606e-4498-8078-25febc5aaa5f:group-DB40618BB178:LeaderElection6] INFO  server.RaftServerConfigKeys (ConfUtils.java:logGet(43)) - raft.server.watch.timeout.denomination = 1s (default)
2019-08-27 09:24:27,659 [fc98e046-3719-409e-ae96-fb17601fedec:group-981EEE05324F:LeaderElection7] INFO  server.RaftServerConfigKeys (ConfUtils.java:logGet(43)) - raft.server.rpc.sleep.time = 25ms (default)
2019-08-27 09:24:27,659 [79c4d2ef-606e-4498-8078-25febc5aaa5f:group-DB40618BB178:LeaderElection6] INFO  server.RaftServerConfigKeys (ConfUtils.java:logGet(43)) - raft.server.watch.element-limit = 65536 (default)
2019-08-27 09:24:27,659 [fc98e046-3719-409e-ae96-fb17601fedec:group-981EEE05324F:LeaderElection7] INFO  server.RaftServerConfigKeys (ConfUtils.java:logGet(43)) - raft.server.write.element-limit = 4096 (default)
2019-08-27 09:24:27,659 [79c4d2ef-606e-4498-8078-25febc5aaa5f:group-DB40618BB178:LeaderElection6] INFO  impl.RoleInfo (RoleInfo.java:updateAndGet(143)) - 79c4d2ef-606e-4498-8078-25febc5aaa5f: start LeaderState
2019-08-27 09:24:27,659 [fc98e046-3719-409e-ae96-fb17601fedec:group-981EEE05324F:LeaderElection7] INFO  server.RaftServerConfigKeys (ConfUtils.java:logGet(43)) - raft.server.watch.timeout = 10s (default)
2019-08-27 09:24:27,660 [fc98e046-3719-409e-ae96-fb17601fedec:group-981EEE05324F:LeaderElection7] INFO  server.RaftServerConfigKeys (ConfUtils.java:logGet(43)) - raft.server.watch.timeout.denomination = 1s (default)
2019-08-27 09:24:27,660 [79c4d2ef-606e-4498-8078-25febc5aaa5f:group-DB40618BB178:LeaderElection6] INFO  segmented.SegmentedRaftLogWorker (SegmentedRaftLogWorker.java:startLogSegment(380)) - 79c4d2ef-606e-4498-8078-25febc5aaa5f-SegmentedRaftLogWorker:Storage Directory /workdir/hadoop-ozone/integration-test/target/test-dir/MiniOzoneClusterImpl-58938c5f-3d8a-4dfc-b7d6-ee05bfa799f3/datanode-6/data/ratis/127d2591-8217-4acb-b225-db40618bb178: Starting segment from index:0
2019-08-27 09:24:27,660 [fc98e046-3719-409e-ae96-fb17601fedec:group-981EEE05324F:LeaderElection7] INFO  server.RaftServerConfigKeys (ConfUtils.java:logGet(43)) - raft.server.watch.element-limit = 65536 (default)
2019-08-27 09:24:27,660 [fc98e046-3719-409e-ae96-fb17601fedec:group-981EEE05324F:LeaderElection7] INFO  impl.RoleInfo (RoleInfo.java:updateAndGet(143)) - fc98e046-3719-409e-ae96-fb17601fedec: start LeaderState
2019-08-27 09:24:27,660 [79c4d2ef-606e-4498-8078-25febc5aaa5f:group-DB40618BB178:LeaderElection6] INFO  impl.RaftServerImpl (ServerState.java:setRaftConf(361)) - 79c4d2ef-606e-4498-8078-25febc5aaa5f:group-DB40618BB178 set configuration 0: [79c4d2ef-606e-4498-8078-25febc5aaa5f:192.168.34.12:33541], old=null at 0
2019-08-27 09:24:27,661 [fc98e046-3719-409e-ae96-fb17601fedec:group-981EEE05324F:LeaderElection7] INFO  segmented.SegmentedRaftLogWorker (SegmentedRaftLogWorker.java:startLogSegment(380)) - fc98e046-3719-409e-ae96-fb17601fedec-SegmentedRaftLogWorker:Storage Directory /workdir/hadoop-ozone/integration-test/target/test-dir/MiniOzoneClusterImpl-58938c5f-3d8a-4dfc-b7d6-ee05bfa799f3/datanode-3/data/ratis/03225c20-617a-4abe-9f28-981eee05324f: Starting segment from index:0
2019-08-27 09:24:27,699 [Thread-263] INFO  impl.FollowerState (FollowerState.java:run(106)) - e0471fbb-799c-4b0e-bb57-258e588ecc79:group-C9BB8001774F changes to CANDIDATE, lastRpcTime:5074, electionTimeout:5063ms
2019-08-27 09:24:27,699 [Thread-263] INFO  impl.RoleInfo (RoleInfo.java:shutdownFollowerState(121)) - e0471fbb-799c-4b0e-bb57-258e588ecc79: shutdown FollowerState
2019-08-27 09:24:27,700 [Thread-263] INFO  impl.RaftServerImpl (RaftServerImpl.java:setRole(171)) - e0471fbb-799c-4b0e-bb57-258e588ecc79:group-C9BB8001774F changes role from FOLLOWER to CANDIDATE at term 0 for changeToCandidate
2019-08-27 09:24:27,700 [fc98e046-3719-409e-ae96-fb17601fedec:group-981EEE05324F:LeaderElection7] INFO  impl.RaftServerImpl (ServerState.java:setRaftConf(361)) - fc98e046-3719-409e-ae96-fb17601fedec:group-981EEE05324F set configuration 0: [fc98e046-3719-409e-ae96-fb17601fedec:192.168.34.12:46642], old=null at 0
2019-08-27 09:24:27,700 [Thread-263] INFO  impl.RoleInfo (RoleInfo.java:updateAndGet(143)) - e0471fbb-799c-4b0e-bb57-258e588ecc79: start LeaderElection
2019-08-27 09:24:27,735 [79c4d2ef-606e-4498-8078-25febc5aaa5f-SegmentedRaftLogWorker:Storage Directory /workdir/hadoop-ozone/integration-test/target/test-dir/MiniOzoneClusterImpl-58938c5f-3d8a-4dfc-b7d6-ee05bfa799f3/datanode-6/data/ratis/127d2591-8217-4acb-b225-db40618bb178] INFO  segmented.SegmentedRaftLogWorker (SegmentedRaftLogWorker.java:execute(569)) - 79c4d2ef-606e-4498-8078-25febc5aaa5f-SegmentedRaftLogWorker:Storage Directory /workdir/hadoop-ozone/integration-test/target/test-dir/MiniOzoneClusterImpl-58938c5f-3d8a-4dfc-b7d6-ee05bfa799f3/datanode-6/data/ratis/127d2591-8217-4acb-b225-db40618bb178: created new log segment /workdir/hadoop-ozone/integration-test/target/test-dir/MiniOzoneClusterImpl-58938c5f-3d8a-4dfc-b7d6-ee05bfa799f3/datanode-6/data/ratis/127d2591-8217-4acb-b225-db40618bb178/current/log_inprogress_0
2019-08-27 09:24:27,748 [fc98e046-3719-409e-ae96-fb17601fedec-SegmentedRaftLogWorker:Storage Directory /workdir/hadoop-ozone/integration-test/target/test-dir/MiniOzoneClusterImpl-58938c5f-3d8a-4dfc-b7d6-ee05bfa799f3/datanode-3/data/ratis/03225c20-617a-4abe-9f28-981eee05324f] INFO  segmented.SegmentedRaftLogWorker (SegmentedRaftLogWorker.java:execute(569)) - fc98e046-3719-409e-ae96-fb17601fedec-SegmentedRaftLogWorker:Storage Directory /workdir/hadoop-ozone/integration-test/target/test-dir/MiniOzoneClusterImpl-58938c5f-3d8a-4dfc-b7d6-ee05bfa799f3/datanode-3/data/ratis/03225c20-617a-4abe-9f28-981eee05324f: created new log segment /workdir/hadoop-ozone/integration-test/target/test-dir/MiniOzoneClusterImpl-58938c5f-3d8a-4dfc-b7d6-ee05bfa799f3/datanode-3/data/ratis/03225c20-617a-4abe-9f28-981eee05324f/current/log_inprogress_0
2019-08-27 09:24:27,748 [e0471fbb-799c-4b0e-bb57-258e588ecc79:group-C9BB8001774F:LeaderElection8] INFO  impl.LeaderElection (LeaderElection.java:askForVotes(181)) - e0471fbb-799c-4b0e-bb57-258e588ecc79:group-C9BB8001774F:LeaderElection8: begin an election at term 1 for -1: [e0471fbb-799c-4b0e-bb57-258e588ecc79:192.168.34.12:42809, 56e0bca8-6099-4977-8c71-ca6e0a08dcf0:192.168.34.12:42744, ce8ae317-8251-4b4b-ad79-c99d4c9d019c:192.168.34.12:40438], old=null
2019-08-27 09:24:27,778 [grpc-default-executor-0] INFO  impl.RaftServerImpl (RaftServerImpl.java:setRole(171)) - ce8ae317-8251-4b4b-ad79-c99d4c9d019c:group-C9BB8001774F changes role from FOLLOWER to FOLLOWER at term 1 for recognizeCandidate:e0471fbb-799c-4b0e-bb57-258e588ecc79
2019-08-27 09:24:27,778 [grpc-default-executor-2] INFO  impl.RaftServerImpl (RaftServerImpl.java:setRole(171)) - 56e0bca8-6099-4977-8c71-ca6e0a08dcf0:group-C9BB8001774F changes role from FOLLOWER to FOLLOWER at term 1 for recognizeCandidate:e0471fbb-799c-4b0e-bb57-258e588ecc79
2019-08-27 09:24:27,780 [grpc-default-executor-0] INFO  impl.RoleInfo (RoleInfo.java:shutdownFollowerState(121)) - ce8ae317-8251-4b4b-ad79-c99d4c9d019c: shutdown FollowerState
2019-08-27 09:24:27,780 [grpc-default-executor-2] INFO  impl.RoleInfo (RoleInfo.java:shutdownFollowerState(121)) - 56e0bca8-6099-4977-8c71-ca6e0a08dcf0: shutdown FollowerState
2019-08-27 09:24:27,781 [grpc-default-executor-0] INFO  impl.RoleInfo (RoleInfo.java:updateAndGet(143)) - ce8ae317-8251-4b4b-ad79-c99d4c9d019c: start FollowerState
2019-08-27 09:24:27,781 [Thread-262] INFO  impl.FollowerState (FollowerState.java:run(114)) - 56e0bca8-6099-4977-8c71-ca6e0a08dcf0: FollowerState was interrupted: java.lang.InterruptedException: sleep interrupted
2019-08-27 09:24:27,781 [grpc-default-executor-2] INFO  impl.RoleInfo (RoleInfo.java:updateAndGet(143)) - 56e0bca8-6099-4977-8c71-ca6e0a08dcf0: start FollowerState
2019-08-27 09:24:27,781 [Thread-264] INFO  impl.FollowerState (FollowerState.java:run(114)) - ce8ae317-8251-4b4b-ad79-c99d4c9d019c: FollowerState was interrupted: java.lang.InterruptedException: sleep interrupted
2019-08-27 09:24:27,806 [Thread-272] INFO  impl.FollowerState (FollowerState.java:run(106)) - 7d876507-ba1b-4ebc-a5b3-10ac658fa12f:group-0C965E87BCAE changes to CANDIDATE, lastRpcTime:5031, electionTimeout:5031ms
2019-08-27 09:24:27,810 [Thread-272] INFO  impl.RoleInfo (RoleInfo.java:shutdownFollowerState(121)) - 7d876507-ba1b-4ebc-a5b3-10ac658fa12f: shutdown FollowerState
2019-08-27 09:24:27,810 [Thread-272] INFO  impl.RaftServerImpl (RaftServerImpl.java:setRole(171)) - 7d876507-ba1b-4ebc-a5b3-10ac658fa12f:group-0C965E87BCAE changes role from FOLLOWER to CANDIDATE at term 0 for changeToCandidate
2019-08-27 09:24:27,810 [Thread-272] INFO  impl.RoleInfo (RoleInfo.java:updateAndGet(143)) - 7d876507-ba1b-4ebc-a5b3-10ac658fa12f: start LeaderElection
2019-08-27 09:24:27,816 [Thread-273] INFO  impl.FollowerState (FollowerState.java:run(106)) - d2f14ea7-d66a-4e34-b16b-9d776ceaf026:group-0C965E87BCAE changes to CANDIDATE, lastRpcTime:5037, electionTimeout:5037ms
2019-08-27 09:24:27,817 [Thread-273] INFO  impl.RoleInfo (RoleInfo.java:shutdownFollowerState(121)) - d2f14ea7-d66a-4e34-b16b-9d776ceaf026: shutdown FollowerState
2019-08-27 09:24:27,817 [Thread-273] INFO  impl.RaftServerImpl (RaftServerImpl.java:setRole(171)) - d2f14ea7-d66a-4e34-b16b-9d776ceaf026:group-0C965E87BCAE changes role from FOLLOWER to CANDIDATE at term 0 for changeToCandidate
2019-08-27 09:24:27,817 [Thread-273] INFO  impl.RoleInfo (RoleInfo.java:updateAndGet(143)) - d2f14ea7-d66a-4e34-b16b-9d776ceaf026: start LeaderElection
2019-08-27 09:24:27,825 [e0471fbb-799c-4b0e-bb57-258e588ecc79:group-C9BB8001774F:LeaderElection8] INFO  impl.LeaderElection (LeaderElection.java:logAndReturn(56)) - e0471fbb-799c-4b0e-bb57-258e588ecc79:group-C9BB8001774F:LeaderElection8: Election PASSED; received 1 response(s) [e0471fbb-799c-4b0e-bb57-258e588ecc79<-56e0bca8-6099-4977-8c71-ca6e0a08dcf0#0:OK-t1] and 0 exception(s); e0471fbb-799c-4b0e-bb57-258e588ecc79:t1, leader=null, voted=e0471fbb-799c-4b0e-bb57-258e588ecc79, raftlog=e0471fbb-799c-4b0e-bb57-258e588ecc79-SegmentedRaftLog:OPENED:c-1,f-1,i0, conf=-1: [e0471fbb-799c-4b0e-bb57-258e588ecc79:192.168.34.12:42809, 56e0bca8-6099-4977-8c71-ca6e0a08dcf0:192.168.34.12:42744, ce8ae317-8251-4b4b-ad79-c99d4c9d019c:192.168.34.12:40438], old=null
2019-08-27 09:24:27,825 [e0471fbb-799c-4b0e-bb57-258e588ecc79:group-C9BB8001774F:LeaderElection8] INFO  impl.RoleInfo (RoleInfo.java:shutdownLeaderElection(134)) - e0471fbb-799c-4b0e-bb57-258e588ecc79: shutdown LeaderElection
2019-08-27 09:24:27,826 [e0471fbb-799c-4b0e-bb57-258e588ecc79:group-C9BB8001774F:LeaderElection8] INFO  impl.RaftServerImpl (RaftServerImpl.java:setRole(171)) - e0471fbb-799c-4b0e-bb57-258e588ecc79:group-C9BB8001774F changes role from CANDIDATE to LEADER at term 1 for changeToLeader
2019-08-27 09:24:27,826 [e0471fbb-799c-4b0e-bb57-258e588ecc79:group-C9BB8001774F:LeaderElection8] INFO  impl.RaftServerImpl (ServerState.java:setLeader(263)) - e0471fbb-799c-4b0e-bb57-258e588ecc79:group-C9BB8001774F change Leader from null to e0471fbb-799c-4b0e-bb57-258e588ecc79 at term 1 for becomeLeader, leader elected after 5219ms
2019-08-27 09:24:27,830 [e0471fbb-799c-4b0e-bb57-258e588ecc79:group-C9BB8001774F:LeaderElection8] INFO  server.RaftServerConfigKeys (ConfUtils.java:logGet(43)) - raft.server.staging.catchup.gap = 1000 (default)
2019-08-27 09:24:27,830 [e0471fbb-799c-4b0e-bb57-258e588ecc79:group-C9BB8001774F:LeaderElection8] INFO  server.RaftServerConfigKeys (ConfUtils.java:logGet(43)) - raft.server.rpc.sleep.time = 25ms (default)
2019-08-27 09:24:27,830 [e0471fbb-799c-4b0e-bb57-258e588ecc79:group-C9BB8001774F:LeaderElection8] INFO  server.RaftServerConfigKeys (ConfUtils.java:logGet(43)) - raft.server.write.element-limit = 4096 (default)
2019-08-27 09:24:27,830 [e0471fbb-799c-4b0e-bb57-258e588ecc79:group-C9BB8001774F:LeaderElection8] INFO  server.RaftServerConfigKeys (ConfUtils.java:logGet(43)) - raft.server.watch.timeout = 10s (default)
2019-08-27 09:24:27,830 [e0471fbb-799c-4b0e-bb57-258e588ecc79:group-C9BB8001774F:LeaderElection8] INFO  server.RaftServerConfigKeys (ConfUtils.java:logGet(43)) - raft.server.watch.timeout.denomination = 1s (default)
2019-08-27 09:24:27,831 [e0471fbb-799c-4b0e-bb57-258e588ecc79:group-C9BB8001774F:LeaderElection8] INFO  server.RaftServerConfigKeys (ConfUtils.java:logGet(43)) - raft.server.watch.element-limit = 65536 (default)
2019-08-27 09:24:27,831 [d2f14ea7-d66a-4e34-b16b-9d776ceaf026:group-0C965E87BCAE:LeaderElection10] INFO  impl.LeaderElection (LeaderElection.java:askForVotes(181)) - d2f14ea7-d66a-4e34-b16b-9d776ceaf026:group-0C965E87BCAE:LeaderElection10: begin an election at term 1 for -1: [fc98e046-3719-409e-ae96-fb17601fedec:192.168.34.12:46642, 7d876507-ba1b-4ebc-a5b3-10ac658fa12f:192.168.34.12:36654, d2f14ea7-d66a-4e34-b16b-9d776ceaf026:192.168.34.12:42786], old=null
2019-08-27 09:24:27,831 [7d876507-ba1b-4ebc-a5b3-10ac658fa12f:group-0C965E87BCAE:LeaderElection9] INFO  impl.LeaderElection (LeaderElection.java:askForVotes(181)) - 7d876507-ba1b-4ebc-a5b3-10ac658fa12f:group-0C965E87BCAE:LeaderElection9: begin an election at term 1 for -1: [fc98e046-3719-409e-ae96-fb17601fedec:192.168.34.12:46642, 7d876507-ba1b-4ebc-a5b3-10ac658fa12f:192.168.34.12:36654, d2f14ea7-d66a-4e34-b16b-9d776ceaf026:192.168.34.12:42786], old=null
2019-08-27 09:24:27,833 [Thread-271] INFO  impl.FollowerState (FollowerState.java:run(106)) - fc98e046-3719-409e-ae96-fb17601fedec:group-0C965E87BCAE changes to CANDIDATE, lastRpcTime:5058, electionTimeout:5058ms
2019-08-27 09:24:27,833 [Thread-271] INFO  impl.RoleInfo (RoleInfo.java:shutdownFollowerState(121)) - fc98e046-3719-409e-ae96-fb17601fedec: shutdown FollowerState
2019-08-27 09:24:27,833 [Thread-271] INFO  impl.RaftServerImpl (RaftServerImpl.java:setRole(171)) - fc98e046-3719-409e-ae96-fb17601fedec:group-0C965E87BCAE changes role from FOLLOWER to CANDIDATE at term 0 for changeToCandidate
2019-08-27 09:24:27,834 [Thread-271] INFO  impl.RoleInfo (RoleInfo.java:updateAndGet(143)) - fc98e046-3719-409e-ae96-fb17601fedec: start LeaderElection
2019-08-27 09:24:27,855 [e0471fbb-799c-4b0e-bb57-258e588ecc79:group-C9BB8001774F:LeaderElection8] INFO  server.RaftServerConfigKeys (ConfUtils.java:logGet(43)) - raft.server.log.appender.snapshot.chunk.size.max = 16MB (=16777216) (default)
2019-08-27 09:24:27,856 [e0471fbb-799c-4b0e-bb57-258e588ecc79:group-C9BB8001774F:LeaderElection8] INFO  server.RaftServerConfigKeys (ConfUtils.java:logGet(43)) - raft.server.log.appender.buffer.byte-limit = 33554432 (custom)
2019-08-27 09:24:27,858 [e0471fbb-799c-4b0e-bb57-258e588ecc79:group-C9BB8001774F:LeaderElection8] INFO  server.RaftServerConfigKeys (ConfUtils.java:logGet(43)) - raft.server.log.appender.buffer.element-limit = 1 (custom)
2019-08-27 09:24:27,865 [e0471fbb-799c-4b0e-bb57-258e588ecc79:group-C9BB8001774F:LeaderElection8] INFO  grpc.GrpcConfigKeys$Server (ConfUtils.java:logGet(43)) - raft.grpc.server.leader.outstanding.appends.max = 128 (default)
2019-08-27 09:24:27,868 [e0471fbb-799c-4b0e-bb57-258e588ecc79:group-C9BB8001774F:LeaderElection8] INFO  server.RaftServerConfigKeys (ConfUtils.java:logGet(43)) - raft.server.rpc.request.timeout = 3000ms (default)
2019-08-27 09:24:27,868 [e0471fbb-799c-4b0e-bb57-258e588ecc79:group-C9BB8001774F:LeaderElection8] INFO  server.RaftServerConfigKeys (ConfUtils.java:logGet(43)) - raft.server.log.appender.install.snapshot.enabled = false (custom)
2019-08-27 09:24:27,875 [fc98e046-3719-409e-ae96-fb17601fedec:group-0C965E87BCAE:LeaderElection11] INFO  impl.LeaderElection (LeaderElection.java:askForVotes(181)) - fc98e046-3719-409e-ae96-fb17601fedec:group-0C965E87BCAE:LeaderElection11: begin an election at term 1 for -1: [fc98e046-3719-409e-ae96-fb17601fedec:192.168.34.12:46642, 7d876507-ba1b-4ebc-a5b3-10ac658fa12f:192.168.34.12:36654, d2f14ea7-d66a-4e34-b16b-9d776ceaf026:192.168.34.12:42786], old=null
2019-08-27 09:24:27,875 [e0471fbb-799c-4b0e-bb57-258e588ecc79:group-C9BB8001774F:LeaderElection8] INFO  server.RaftServerConfigKeys (ConfUtils.java:logGet(43)) - raft.server.log.appender.snapshot.chunk.size.max = 16MB (=16777216) (default)
2019-08-27 09:24:27,876 [e0471fbb-799c-4b0e-bb57-258e588ecc79:group-C9BB8001774F:LeaderElection8] INFO  server.RaftServerConfigKeys (ConfUtils.java:logGet(43)) - raft.server.log.appender.buffer.byte-limit = 33554432 (custom)
2019-08-27 09:24:27,876 [e0471fbb-799c-4b0e-bb57-258e588ecc79:group-C9BB8001774F:LeaderElection8] INFO  server.RaftServerConfigKeys (ConfUtils.java:logGet(43)) - raft.server.log.appender.buffer.element-limit = 1 (custom)
2019-08-27 09:24:27,876 [e0471fbb-799c-4b0e-bb57-258e588ecc79:group-C9BB8001774F:LeaderElection8] INFO  grpc.GrpcConfigKeys$Server (ConfUtils.java:logGet(43)) - raft.grpc.server.leader.outstanding.appends.max = 128 (default)
2019-08-27 09:24:27,882 [e0471fbb-799c-4b0e-bb57-258e588ecc79:group-C9BB8001774F:LeaderElection8] INFO  server.RaftServerConfigKeys (ConfUtils.java:logGet(43)) - raft.server.rpc.request.timeout = 3000ms (default)
2019-08-27 09:24:27,883 [e0471fbb-799c-4b0e-bb57-258e588ecc79:group-C9BB8001774F:LeaderElection8] INFO  server.RaftServerConfigKeys (ConfUtils.java:logGet(43)) - raft.server.log.appender.install.snapshot.enabled = false (custom)
2019-08-27 09:24:27,891 | INFO  | SCMAudit | user=jenkins1000 | ip=192.168.34.12 | op=SEND_HEARTBEAT {datanodeUUID=79c4d2ef-606e-4498-8078-25febc5aaa5f, command=[]} | ret=SUCCESS |  
2019-08-27 09:24:27,891 | INFO  | SCMAudit | user=jenkins1000 | ip=192.168.34.12 | op=SEND_HEARTBEAT {datanodeUUID=56e0bca8-6099-4977-8c71-ca6e0a08dcf0, command=[]} | ret=SUCCESS |  
2019-08-27 09:24:27,891 | INFO  | SCMAudit | user=jenkins1000 | ip=192.168.34.12 | op=SEND_HEARTBEAT {datanodeUUID=ce8ae317-8251-4b4b-ad79-c99d4c9d019c, command=[]} | ret=SUCCESS |  
2019-08-27 09:24:27,892 [e0471fbb-799c-4b0e-bb57-258e588ecc79:group-C9BB8001774F:LeaderElection8] INFO  impl.RoleInfo (RoleInfo.java:updateAndGet(143)) - e0471fbb-799c-4b0e-bb57-258e588ecc79: start LeaderState
2019-08-27 09:24:27,892 [e0471fbb-799c-4b0e-bb57-258e588ecc79:group-C9BB8001774F:LeaderElection8] INFO  segmented.SegmentedRaftLogWorker (SegmentedRaftLogWorker.java:startLogSegment(380)) - e0471fbb-799c-4b0e-bb57-258e588ecc79-SegmentedRaftLogWorker:Storage Directory /workdir/hadoop-ozone/integration-test/target/test-dir/MiniOzoneClusterImpl-58938c5f-3d8a-4dfc-b7d6-ee05bfa799f3/datanode-0/data/ratis/32a5b2e3-3296-4a00-92b8-c9bb8001774f: Starting segment from index:0
2019-08-27 09:24:27,893 [e0471fbb-799c-4b0e-bb57-258e588ecc79:group-C9BB8001774F:LeaderElection8] INFO  impl.RaftServerImpl (ServerState.java:setRaftConf(361)) - e0471fbb-799c-4b0e-bb57-258e588ecc79:group-C9BB8001774F set configuration 0: [e0471fbb-799c-4b0e-bb57-258e588ecc79:192.168.34.12:42809, 56e0bca8-6099-4977-8c71-ca6e0a08dcf0:192.168.34.12:42744, ce8ae317-8251-4b4b-ad79-c99d4c9d019c:192.168.34.12:40438], old=null at 0
2019-08-27 09:24:27,893 [d2f14ea7-d66a-4e34-b16b-9d776ceaf026:group-0C965E87BCAE:LeaderElection10] INFO  impl.LeaderElection (LeaderElection.java:logAndReturn(56)) - d2f14ea7-d66a-4e34-b16b-9d776ceaf026:group-0C965E87BCAE:LeaderElection10: Election REJECTED; received 2 response(s) [d2f14ea7-d66a-4e34-b16b-9d776ceaf026<-fc98e046-3719-409e-ae96-fb17601fedec#0:FAIL-t1, d2f14ea7-d66a-4e34-b16b-9d776ceaf026<-7d876507-ba1b-4ebc-a5b3-10ac658fa12f#0:FAIL-t1] and 0 exception(s); d2f14ea7-d66a-4e34-b16b-9d776ceaf026:t1, leader=null, voted=d2f14ea7-d66a-4e34-b16b-9d776ceaf026, raftlog=d2f14ea7-d66a-4e34-b16b-9d776ceaf026-SegmentedRaftLog:OPENED:c-1,f-1,i0, conf=-1: [fc98e046-3719-409e-ae96-fb17601fedec:192.168.34.12:46642, 7d876507-ba1b-4ebc-a5b3-10ac658fa12f:192.168.34.12:36654, d2f14ea7-d66a-4e34-b16b-9d776ceaf026:192.168.34.12:42786], old=null
2019-08-27 09:24:27,924 [d2f14ea7-d66a-4e34-b16b-9d776ceaf026:group-0C965E87BCAE:LeaderElection10] INFO  impl.RaftServerImpl (RaftServerImpl.java:setRole(171)) - d2f14ea7-d66a-4e34-b16b-9d776ceaf026:group-0C965E87BCAE changes role from CANDIDATE to FOLLOWER at term 1 for DISCOVERED_A_NEW_TERM
2019-08-27 09:24:27,924 [d2f14ea7-d66a-4e34-b16b-9d776ceaf026:group-0C965E87BCAE:LeaderElection10] INFO  impl.RoleInfo (RoleInfo.java:shutdownLeaderElection(134)) - d2f14ea7-d66a-4e34-b16b-9d776ceaf026: shutdown LeaderElection
2019-08-27 09:24:27,925 [7d876507-ba1b-4ebc-a5b3-10ac658fa12f:group-0C965E87BCAE:LeaderElection9] INFO  impl.LeaderElection (LeaderElection.java:logAndReturn(56)) - 7d876507-ba1b-4ebc-a5b3-10ac658fa12f:group-0C965E87BCAE:LeaderElection9: Election REJECTED; received 2 response(s) [7d876507-ba1b-4ebc-a5b3-10ac658fa12f<-fc98e046-3719-409e-ae96-fb17601fedec#0:FAIL-t1, 7d876507-ba1b-4ebc-a5b3-10ac658fa12f<-d2f14ea7-d66a-4e34-b16b-9d776ceaf026#0:FAIL-t1] and 0 exception(s); 7d876507-ba1b-4ebc-a5b3-10ac658fa12f:t1, leader=null, voted=7d876507-ba1b-4ebc-a5b3-10ac658fa12f, raftlog=7d876507-ba1b-4ebc-a5b3-10ac658fa12f-SegmentedRaftLog:OPENED:c-1,f-1,i0, conf=-1: [fc98e046-3719-409e-ae96-fb17601fedec:192.168.34.12:46642, 7d876507-ba1b-4ebc-a5b3-10ac658fa12f:192.168.34.12:36654, d2f14ea7-d66a-4e34-b16b-9d776ceaf026:192.168.34.12:42786], old=null
2019-08-27 09:24:27,929 [d2f14ea7-d66a-4e34-b16b-9d776ceaf026:group-0C965E87BCAE:LeaderElection10] INFO  impl.RoleInfo (RoleInfo.java:updateAndGet(143)) - d2f14ea7-d66a-4e34-b16b-9d776ceaf026: start FollowerState
2019-08-27 09:24:27,929 [7d876507-ba1b-4ebc-a5b3-10ac658fa12f:group-0C965E87BCAE:LeaderElection9] INFO  impl.RaftServerImpl (RaftServerImpl.java:setRole(171)) - 7d876507-ba1b-4ebc-a5b3-10ac658fa12f:group-0C965E87BCAE changes role from CANDIDATE to FOLLOWER at term 1 for DISCOVERED_A_NEW_TERM
2019-08-27 09:24:27,931 [7d876507-ba1b-4ebc-a5b3-10ac658fa12f:group-0C965E87BCAE:LeaderElection9] INFO  impl.RoleInfo (RoleInfo.java:shutdownLeaderElection(134)) - 7d876507-ba1b-4ebc-a5b3-10ac658fa12f: shutdown LeaderElection
2019-08-27 09:24:27,937 [7d876507-ba1b-4ebc-a5b3-10ac658fa12f:group-0C965E87BCAE:LeaderElection9] INFO  impl.RoleInfo (RoleInfo.java:updateAndGet(143)) - 7d876507-ba1b-4ebc-a5b3-10ac658fa12f: start FollowerState
2019-08-27 09:24:27,939 [e0471fbb-799c-4b0e-bb57-258e588ecc79-SegmentedRaftLogWorker:Storage Directory /workdir/hadoop-ozone/integration-test/target/test-dir/MiniOzoneClusterImpl-58938c5f-3d8a-4dfc-b7d6-ee05bfa799f3/datanode-0/data/ratis/32a5b2e3-3296-4a00-92b8-c9bb8001774f] INFO  segmented.SegmentedRaftLogWorker (SegmentedRaftLogWorker.java:execute(569)) - e0471fbb-799c-4b0e-bb57-258e588ecc79-SegmentedRaftLogWorker:Storage Directory /workdir/hadoop-ozone/integration-test/target/test-dir/MiniOzoneClusterImpl-58938c5f-3d8a-4dfc-b7d6-ee05bfa799f3/datanode-0/data/ratis/32a5b2e3-3296-4a00-92b8-c9bb8001774f: created new log segment /workdir/hadoop-ozone/integration-test/target/test-dir/MiniOzoneClusterImpl-58938c5f-3d8a-4dfc-b7d6-ee05bfa799f3/datanode-0/data/ratis/32a5b2e3-3296-4a00-92b8-c9bb8001774f/current/log_inprogress_0
2019-08-27 09:24:27,953 [fc98e046-3719-409e-ae96-fb17601fedec:group-0C965E87BCAE:LeaderElection11] INFO  impl.LeaderElection (LeaderElection.java:logAndReturn(56)) - fc98e046-3719-409e-ae96-fb17601fedec:group-0C965E87BCAE:LeaderElection11: Election REJECTED; received 2 response(s) [fc98e046-3719-409e-ae96-fb17601fedec<-7d876507-ba1b-4ebc-a5b3-10ac658fa12f#0:FAIL-t1, fc98e046-3719-409e-ae96-fb17601fedec<-d2f14ea7-d66a-4e34-b16b-9d776ceaf026#0:FAIL-t1] and 0 exception(s); fc98e046-3719-409e-ae96-fb17601fedec:t1, leader=null, voted=fc98e046-3719-409e-ae96-fb17601fedec, raftlog=fc98e046-3719-409e-ae96-fb17601fedec-SegmentedRaftLog:OPENED:c-1,f-1,i0, conf=-1: [fc98e046-3719-409e-ae96-fb17601fedec:192.168.34.12:46642, 7d876507-ba1b-4ebc-a5b3-10ac658fa12f:192.168.34.12:36654, d2f14ea7-d66a-4e34-b16b-9d776ceaf026:192.168.34.12:42786], old=null
2019-08-27 09:24:27,953 [fc98e046-3719-409e-ae96-fb17601fedec:group-0C965E87BCAE:LeaderElection11] INFO  impl.RaftServerImpl (RaftServerImpl.java:setRole(171)) - fc98e046-3719-409e-ae96-fb17601fedec:group-0C965E87BCAE changes role from CANDIDATE to FOLLOWER at term 1 for DISCOVERED_A_NEW_TERM
2019-08-27 09:24:27,955 [fc98e046-3719-409e-ae96-fb17601fedec:group-0C965E87BCAE:LeaderElection11] INFO  impl.RoleInfo (RoleInfo.java:shutdownLeaderElection(134)) - fc98e046-3719-409e-ae96-fb17601fedec: shutdown LeaderElection
2019-08-27 09:24:27,956 [fc98e046-3719-409e-ae96-fb17601fedec:group-0C965E87BCAE:LeaderElection11] INFO  impl.RoleInfo (RoleInfo.java:updateAndGet(143)) - fc98e046-3719-409e-ae96-fb17601fedec: start FollowerState
2019-08-27 09:24:27,968 [grpc-default-executor-5] INFO  impl.RaftServerImpl (ServerState.java:setLeader(263)) - ce8ae317-8251-4b4b-ad79-c99d4c9d019c:group-C9BB8001774F change Leader from null to e0471fbb-799c-4b0e-bb57-258e588ecc79 at term 1 for appendEntries, leader elected after 5362ms
2019-08-27 09:24:27,971 [grpc-default-executor-4] INFO  impl.RaftServerImpl (ServerState.java:setLeader(263)) - 56e0bca8-6099-4977-8c71-ca6e0a08dcf0:group-C9BB8001774F change Leader from null to e0471fbb-799c-4b0e-bb57-258e588ecc79 at term 1 for appendEntries, leader elected after 5364ms
2019-08-27 09:24:27,997 [grpc-default-executor-5] INFO  impl.RaftServerImpl (ServerState.java:setRaftConf(361)) - 56e0bca8-6099-4977-8c71-ca6e0a08dcf0:group-C9BB8001774F set configuration 0: [e0471fbb-799c-4b0e-bb57-258e588ecc79:192.168.34.12:42809, 56e0bca8-6099-4977-8c71-ca6e0a08dcf0:192.168.34.12:42744, ce8ae317-8251-4b4b-ad79-c99d4c9d019c:192.168.34.12:40438], old=null at 0
2019-08-27 09:24:27,997 [grpc-default-executor-4] INFO  impl.RaftServerImpl (ServerState.java:setRaftConf(361)) - ce8ae317-8251-4b4b-ad79-c99d4c9d019c:group-C9BB8001774F set configuration 0: [e0471fbb-799c-4b0e-bb57-258e588ecc79:192.168.34.12:42809, 56e0bca8-6099-4977-8c71-ca6e0a08dcf0:192.168.34.12:42744, ce8ae317-8251-4b4b-ad79-c99d4c9d019c:192.168.34.12:40438], old=null at 0
2019-08-27 09:24:27,997 [grpc-default-executor-5] INFO  segmented.SegmentedRaftLogWorker (SegmentedRaftLogWorker.java:startLogSegment(380)) - 56e0bca8-6099-4977-8c71-ca6e0a08dcf0-SegmentedRaftLogWorker:Storage Directory /workdir/hadoop-ozone/integration-test/target/test-dir/MiniOzoneClusterImpl-58938c5f-3d8a-4dfc-b7d6-ee05bfa799f3/datanode-4/data/ratis/32a5b2e3-3296-4a00-92b8-c9bb8001774f: Starting segment from index:0
2019-08-27 09:24:27,997 [grpc-default-executor-4] INFO  segmented.SegmentedRaftLogWorker (SegmentedRaftLogWorker.java:startLogSegment(380)) - ce8ae317-8251-4b4b-ad79-c99d4c9d019c-SegmentedRaftLogWorker:Storage Directory /workdir/hadoop-ozone/integration-test/target/test-dir/MiniOzoneClusterImpl-58938c5f-3d8a-4dfc-b7d6-ee05bfa799f3/datanode-5/data/ratis/32a5b2e3-3296-4a00-92b8-c9bb8001774f: Starting segment from index:0
2019-08-27 09:24:28,033 [ce8ae317-8251-4b4b-ad79-c99d4c9d019c-SegmentedRaftLogWorker:Storage Directory /workdir/hadoop-ozone/integration-test/target/test-dir/MiniOzoneClusterImpl-58938c5f-3d8a-4dfc-b7d6-ee05bfa799f3/datanode-5/data/ratis/32a5b2e3-3296-4a00-92b8-c9bb8001774f] INFO  segmented.SegmentedRaftLogWorker (SegmentedRaftLogWorker.java:execute(569)) - ce8ae317-8251-4b4b-ad79-c99d4c9d019c-SegmentedRaftLogWorker:Storage Directory /workdir/hadoop-ozone/integration-test/target/test-dir/MiniOzoneClusterImpl-58938c5f-3d8a-4dfc-b7d6-ee05bfa799f3/datanode-5/data/ratis/32a5b2e3-3296-4a00-92b8-c9bb8001774f: created new log segment /workdir/hadoop-ozone/integration-test/target/test-dir/MiniOzoneClusterImpl-58938c5f-3d8a-4dfc-b7d6-ee05bfa799f3/datanode-5/data/ratis/32a5b2e3-3296-4a00-92b8-c9bb8001774f/current/log_inprogress_0
2019-08-27 09:24:28,033 [56e0bca8-6099-4977-8c71-ca6e0a08dcf0-SegmentedRaftLogWorker:Storage Directory /workdir/hadoop-ozone/integration-test/target/test-dir/MiniOzoneClusterImpl-58938c5f-3d8a-4dfc-b7d6-ee05bfa799f3/datanode-4/data/ratis/32a5b2e3-3296-4a00-92b8-c9bb8001774f] INFO  segmented.SegmentedRaftLogWorker (SegmentedRaftLogWorker.java:execute(569)) - 56e0bca8-6099-4977-8c71-ca6e0a08dcf0-SegmentedRaftLogWorker:Storage Directory /workdir/hadoop-ozone/integration-test/target/test-dir/MiniOzoneClusterImpl-58938c5f-3d8a-4dfc-b7d6-ee05bfa799f3/datanode-4/data/ratis/32a5b2e3-3296-4a00-92b8-c9bb8001774f: created new log segment /workdir/hadoop-ozone/integration-test/target/test-dir/MiniOzoneClusterImpl-58938c5f-3d8a-4dfc-b7d6-ee05bfa799f3/datanode-4/data/ratis/32a5b2e3-3296-4a00-92b8-c9bb8001774f/current/log_inprogress_0
2019-08-27 09:24:28,104 [grpc-default-executor-4] INFO  client.GrpcClientProtocolClient (GrpcClientProtocolClient.java:onNext(255)) - client-7857D3054285->ce8ae317-8251-4b4b-ad79-c99d4c9d019c: receive RaftClientReply:client-7857D3054285->ce8ae317-8251-4b4b-ad79-c99d4c9d019c@group-C9BB8001774F, cid=13, FAILED org.apache.ratis.protocol.NotLeaderException: Server ce8ae317-8251-4b4b-ad79-c99d4c9d019c is not the leader (e0471fbb-799c-4b0e-bb57-258e588ecc79:192.168.34.12:42809). Request must be sent to leader., logIndex=0, commits[ce8ae317-8251-4b4b-ad79-c99d4c9d019c:c0, e0471fbb-799c-4b0e-bb57-258e588ecc79:c0, 56e0bca8-6099-4977-8c71-ca6e0a08dcf0:c-1]
2019-08-27 09:24:28,136 | INFO  | SCMAudit | user=jenkins1000 | ip=192.168.34.12 | op=SEND_HEARTBEAT {datanodeUUID=e0471fbb-799c-4b0e-bb57-258e588ecc79, command=[]} | ret=SUCCESS |  
2019-08-27 09:24:28,209 | INFO  | SCMAudit | user=jenkins1000 | ip=192.168.34.12 | op=SEND_HEARTBEAT {datanodeUUID=d2f14ea7-d66a-4e34-b16b-9d776ceaf026, command=[]} | ret=SUCCESS |  
2019-08-27 09:24:28,285 | INFO  | SCMAudit | user=jenkins1000 | ip=192.168.34.12 | op=SEND_HEARTBEAT {datanodeUUID=7d876507-ba1b-4ebc-a5b3-10ac658fa12f, command=[]} | ret=SUCCESS |  
2019-08-27 09:24:28,292 | INFO  | SCMAudit | user=jenkins1000 | ip=192.168.34.12 | op=SEND_HEARTBEAT {datanodeUUID=e0471fbb-799c-4b0e-bb57-258e588ecc79, command=[]} | ret=SUCCESS |  
2019-08-27 09:24:28,317 | INFO  | DNAudit | user=null | ip=null | op=WRITE_CHUNK {blockData=conID: 1 locID: 102688218373750785 bcsId: 0} | ret=SUCCESS |  
2019-08-27 09:24:28,354 | INFO  | DNAudit | user=null | ip=null | op=WRITE_CHUNK {blockData=conID: 1 locID: 102688218373750785 bcsId: 0} | ret=SUCCESS |  
2019-08-27 09:24:28,354 | INFO  | DNAudit | user=null | ip=null | op=WRITE_CHUNK {blockData=conID: 1 locID: 102688218373750785 bcsId: 0} | ret=SUCCESS |  
2019-08-27 09:24:28,355 | INFO  | SCMAudit | user=jenkins1000 | ip=192.168.34.12 | op=SEND_HEARTBEAT {datanodeUUID=56e0bca8-6099-4977-8c71-ca6e0a08dcf0, command=[]} | ret=SUCCESS |  
2019-08-27 09:24:28,355 | INFO  | SCMAudit | user=jenkins1000 | ip=192.168.34.12 | op=SEND_HEARTBEAT {datanodeUUID=ce8ae317-8251-4b4b-ad79-c99d4c9d019c, command=[]} | ret=SUCCESS |  
2019-08-27 09:24:28,366 | INFO  | DNAudit | user=null | ip=null | op=WRITE_CHUNK {blockData=conID: 1 locID: 102688218373750785 bcsId: 0} | ret=SUCCESS |  
2019-08-27 09:24:28,377 | INFO  | DNAudit | user=null | ip=null | op=WRITE_CHUNK {blockData=conID: 1 locID: 102688218373750785 bcsId: 0} | ret=SUCCESS |  
2019-08-27 09:24:28,379 | INFO  | DNAudit | user=null | ip=null | op=WRITE_CHUNK {blockData=conID: 1 locID: 102688218373750785 bcsId: 0} | ret=SUCCESS |  
2019-08-27 09:24:28,384 [grpc-default-executor-4] INFO  client.GrpcClientProtocolClient (GrpcClientProtocolClient.java:onNext(255)) - client-7857D3054285->e0471fbb-799c-4b0e-bb57-258e588ecc79: receive RaftClientReply:client-7857D3054285->e0471fbb-799c-4b0e-bb57-258e588ecc79@group-C9BB8001774F, cid=13, SUCCESS, logIndex=1, commits[e0471fbb-799c-4b0e-bb57-258e588ecc79:c1, 56e0bca8-6099-4977-8c71-ca6e0a08dcf0:c1, ce8ae317-8251-4b4b-ad79-c99d4c9d019c:c0]
2019-08-27 09:24:28,384 | INFO  | SCMAudit | user=jenkins1000 | ip=192.168.34.12 | op=SEND_HEARTBEAT {datanodeUUID=fc98e046-3719-409e-ae96-fb17601fedec, command=[]} | ret=SUCCESS |  
2019-08-27 09:24:28,399 | INFO  | DNAudit | user=null | ip=null | op=WRITE_CHUNK {blockData=conID: 1 locID: 102688218373750785 bcsId: 0} | ret=SUCCESS |  
2019-08-27 09:24:28,401 | INFO  | DNAudit | user=null | ip=null | op=WRITE_CHUNK {blockData=conID: 1 locID: 102688218373750785 bcsId: 0} | ret=SUCCESS |  
2019-08-27 09:24:28,402 | INFO  | DNAudit | user=null | ip=null | op=WRITE_CHUNK {blockData=conID: 1 locID: 102688218373750785 bcsId: 0} | ret=SUCCESS |  
2019-08-27 09:24:28,420 | INFO  | DNAudit | user=null | ip=null | op=WRITE_CHUNK {blockData=conID: 1 locID: 102688218373750785 bcsId: 0} | ret=SUCCESS |  
2019-08-27 09:24:28,421 | INFO  | DNAudit | user=null | ip=null | op=WRITE_CHUNK {blockData=conID: 1 locID: 102688218373750785 bcsId: 0} | ret=SUCCESS |  
2019-08-27 09:24:28,421 | INFO  | DNAudit | user=null | ip=null | op=WRITE_CHUNK {blockData=conID: 1 locID: 102688218373750785 bcsId: 0} | ret=SUCCESS |  
2019-08-27 09:24:28,421 | INFO  | DNAudit | user=null | ip=null | op=WRITE_CHUNK {blockData=conID: 1 locID: 102688218373750785 bcsId: 0} | ret=SUCCESS |  
2019-08-27 09:24:28,421 | INFO  | DNAudit | user=null | ip=null | op=WRITE_CHUNK {blockData=conID: 1 locID: 102688218373750785 bcsId: 0} | ret=SUCCESS |  
2019-08-27 09:24:28,421 | INFO  | DNAudit | user=null | ip=null | op=WRITE_CHUNK {blockData=conID: 1 locID: 102688218373750785 bcsId: 0} | ret=SUCCESS |  
2019-08-27 09:24:28,421 | INFO  | DNAudit | user=null | ip=null | op=WRITE_CHUNK {blockData=conID: 1 locID: 102688218373750785 bcsId: 0} | ret=SUCCESS |  
2019-08-27 09:24:28,424 | INFO  | DNAudit | user=null | ip=null | op=WRITE_CHUNK {blockData=conID: 1 locID: 102688218373750785 bcsId: 0} | ret=SUCCESS |  
2019-08-27 09:24:28,426 [grpc-default-executor-2] INFO  client.GrpcClientProtocolClient (GrpcClientProtocolClient.java:onNext(255)) - client-7857D3054285->e0471fbb-799c-4b0e-bb57-258e588ecc79: receive RaftClientReply:client-7857D3054285->e0471fbb-799c-4b0e-bb57-258e588ecc79@group-C9BB8001774F, cid=14, SUCCESS, logIndex=3, commits[e0471fbb-799c-4b0e-bb57-258e588ecc79:c3, 56e0bca8-6099-4977-8c71-ca6e0a08dcf0:c2, ce8ae317-8251-4b4b-ad79-c99d4c9d019c:c2]
2019-08-27 09:24:28,434 | INFO  | DNAudit | user=null | ip=null | op=WRITE_CHUNK {blockData=conID: 1 locID: 102688218373750785 bcsId: 0} | ret=SUCCESS |  
2019-08-27 09:24:28,558 | INFO  | DNAudit | user=null | ip=null | op=PUT_BLOCK {blockData=[blockId=conID: 1 locID: 102688218373750785 bcsId: 0,size=200]} | ret=SUCCESS |  
2019-08-27 09:24:28,560 | INFO  | DNAudit | user=null | ip=null | op=WRITE_CHUNK {blockData=conID: 1 locID: 102688218373750785 bcsId: 0} | ret=SUCCESS |  
2019-08-27 09:24:28,563 [grpc-default-executor-4] INFO  client.GrpcClientProtocolClient (GrpcClientProtocolClient.java:onNext(255)) - client-7857D3054285->e0471fbb-799c-4b0e-bb57-258e588ecc79: receive RaftClientReply:client-7857D3054285->e0471fbb-799c-4b0e-bb57-258e588ecc79@group-C9BB8001774F, cid=15, SUCCESS, logIndex=5, commits[e0471fbb-799c-4b0e-bb57-258e588ecc79:c11, 56e0bca8-6099-4977-8c71-ca6e0a08dcf0:c8, ce8ae317-8251-4b4b-ad79-c99d4c9d019c:c8]
2019-08-27 09:24:28,566 [grpc-default-executor-4] INFO  client.GrpcClientProtocolClient (GrpcClientProtocolClient.java:onNext(255)) - client-7857D3054285->e0471fbb-799c-4b0e-bb57-258e588ecc79: receive RaftClientReply:client-7857D3054285->e0471fbb-799c-4b0e-bb57-258e588ecc79@group-C9BB8001774F, cid=16, SUCCESS, logIndex=6, commits[e0471fbb-799c-4b0e-bb57-258e588ecc79:c11, 56e0bca8-6099-4977-8c71-ca6e0a08dcf0:c8, ce8ae317-8251-4b4b-ad79-c99d4c9d019c:c8]
2019-08-27 09:24:28,572 | INFO  | DNAudit | user=null | ip=null | op=WRITE_CHUNK {blockData=conID: 1 locID: 102688218373750785 bcsId: 0} | ret=SUCCESS |  
2019-08-27 09:24:28,574 [grpc-default-executor-4] INFO  client.GrpcClientProtocolClient (GrpcClientProtocolClient.java:onNext(255)) - client-7857D3054285->e0471fbb-799c-4b0e-bb57-258e588ecc79: receive RaftClientReply:client-7857D3054285->e0471fbb-799c-4b0e-bb57-258e588ecc79@group-C9BB8001774F, cid=17, SUCCESS, logIndex=7, commits[e0471fbb-799c-4b0e-bb57-258e588ecc79:c11, 56e0bca8-6099-4977-8c71-ca6e0a08dcf0:c8, ce8ae317-8251-4b4b-ad79-c99d4c9d019c:c8]
2019-08-27 09:24:28,592 | INFO  | DNAudit | user=null | ip=null | op=PUT_BLOCK {blockData=[blockId=conID: 1 locID: 102688218373750785 bcsId: 0,size=200]} | ret=SUCCESS |  
2019-08-27 09:24:28,593 | INFO  | DNAudit | user=null | ip=null | op=WRITE_CHUNK {blockData=conID: 1 locID: 102688218373750785 bcsId: 0} | ret=SUCCESS |  
2019-08-27 09:24:28,594 | INFO  | DNAudit | user=null | ip=null | op=WRITE_CHUNK {blockData=conID: 1 locID: 102688218373750785 bcsId: 0} | ret=SUCCESS |  
2019-08-27 09:24:28,632 | INFO  | DNAudit | user=null | ip=null | op=PUT_BLOCK {blockData=[blockId=conID: 1 locID: 102688218373750785 bcsId: 0,size=400]} | ret=SUCCESS |  
2019-08-27 09:24:28,634 | INFO  | DNAudit | user=null | ip=null | op=PUT_BLOCK {blockData=[blockId=conID: 1 locID: 102688218373750785 bcsId: 0,size=400]} | ret=SUCCESS |  
2019-08-27 09:24:28,634 | INFO  | DNAudit | user=null | ip=null | op=PUT_BLOCK {blockData=[blockId=conID: 1 locID: 102688218373750785 bcsId: 0,size=200]} | ret=SUCCESS |  
2019-08-27 09:24:28,635 | INFO  | DNAudit | user=null | ip=null | op=WRITE_CHUNK {blockData=conID: 1 locID: 102688218373750785 bcsId: 0} | ret=SUCCESS |  
2019-08-27 09:24:28,635 | INFO  | DNAudit | user=null | ip=null | op=WRITE_CHUNK {blockData=conID: 1 locID: 102688218373750785 bcsId: 0} | ret=SUCCESS |  
2019-08-27 09:24:28,636 [grpc-default-executor-4] INFO  client.GrpcClientProtocolClient (GrpcClientProtocolClient.java:onNext(255)) - client-7857D3054285->e0471fbb-799c-4b0e-bb57-258e588ecc79: receive RaftClientReply:client-7857D3054285->e0471fbb-799c-4b0e-bb57-258e588ecc79@group-C9BB8001774F, cid=18, SUCCESS, logIndex=8, commits[e0471fbb-799c-4b0e-bb57-258e588ecc79:c11, 56e0bca8-6099-4977-8c71-ca6e0a08dcf0:c8, ce8ae317-8251-4b4b-ad79-c99d4c9d019c:c8]
2019-08-27 09:24:28,637 | INFO  | DNAudit | user=null | ip=null | op=PUT_BLOCK {blockData=[blockId=conID: 1 locID: 102688218373750785 bcsId: 0,size=400]} | ret=SUCCESS |  
2019-08-27 09:24:28,647 | INFO  | DNAudit | user=null | ip=null | op=WRITE_CHUNK {blockData=conID: 1 locID: 102688218373750785 bcsId: 8} | ret=SUCCESS |  
2019-08-27 09:24:28,653 | INFO  | DNAudit | user=null | ip=null | op=WRITE_CHUNK {blockData=conID: 1 locID: 102688218373750785 bcsId: 8} | ret=SUCCESS |  
2019-08-27 09:24:28,653 | INFO  | DNAudit | user=null | ip=null | op=WRITE_CHUNK {blockData=conID: 1 locID: 102688218373750785 bcsId: 8} | ret=SUCCESS |  
2019-08-27 09:24:28,679 | INFO  | DNAudit | user=null | ip=null | op=WRITE_CHUNK {blockData=conID: 1 locID: 102688218373750785 bcsId: 8} | ret=SUCCESS |  
2019-08-27 09:24:28,686 | INFO  | DNAudit | user=null | ip=null | op=WRITE_CHUNK {blockData=conID: 1 locID: 102688218373750785 bcsId: 8} | ret=SUCCESS |  
2019-08-27 09:24:28,686 | INFO  | DNAudit | user=null | ip=null | op=PUT_BLOCK {blockData=[blockId=conID: 1 locID: 102688218373750785 bcsId: 0,size=450]} | ret=SUCCESS |  
2019-08-27 09:24:28,686 | INFO  | DNAudit | user=null | ip=null | op=WRITE_CHUNK {blockData=conID: 1 locID: 102688218373750785 bcsId: 8} | ret=SUCCESS |  
2019-08-27 09:24:28,687 [grpc-default-executor-4] INFO  client.GrpcClientProtocolClient (GrpcClientProtocolClient.java:onNext(255)) - client-7857D3054285->e0471fbb-799c-4b0e-bb57-258e588ecc79: receive RaftClientReply:client-7857D3054285->e0471fbb-799c-4b0e-bb57-258e588ecc79@group-C9BB8001774F, cid=19, SUCCESS, logIndex=12, commits[e0471fbb-799c-4b0e-bb57-258e588ecc79:c12, 56e0bca8-6099-4977-8c71-ca6e0a08dcf0:c11, ce8ae317-8251-4b4b-ad79-c99d4c9d019c:c11]
2019-08-27 09:24:28,688 [grpc-default-executor-4] INFO  client.GrpcClientProtocolClient (GrpcClientProtocolClient.java:onNext(255)) - client-7857D3054285->e0471fbb-799c-4b0e-bb57-258e588ecc79: receive RaftClientReply:client-7857D3054285->e0471fbb-799c-4b0e-bb57-258e588ecc79@group-C9BB8001774F, cid=20, SUCCESS, logIndex=13, commits[e0471fbb-799c-4b0e-bb57-258e588ecc79:c13, 56e0bca8-6099-4977-8c71-ca6e0a08dcf0:c11, ce8ae317-8251-4b4b-ad79-c99d4c9d019c:c11]
2019-08-27 09:24:28,891 | INFO  | SCMAudit | user=jenkins1000 | ip=192.168.34.12 | op=SEND_HEARTBEAT {datanodeUUID=79c4d2ef-606e-4498-8078-25febc5aaa5f, command=[]} | ret=SUCCESS |  
2019-08-27 09:24:29,210 | INFO  | SCMAudit | user=jenkins1000 | ip=192.168.34.12 | op=SEND_HEARTBEAT {datanodeUUID=d2f14ea7-d66a-4e34-b16b-9d776ceaf026, command=[]} | ret=SUCCESS |  
2019-08-27 09:24:29,280 | INFO  | SCMAudit | user=jenkins1000 | ip=192.168.34.12 | op=SEND_HEARTBEAT {datanodeUUID=e0471fbb-799c-4b0e-bb57-258e588ecc79, command=[]} | ret=SUCCESS |  
2019-08-27 09:24:29,285 | INFO  | SCMAudit | user=jenkins1000 | ip=192.168.34.12 | op=SEND_HEARTBEAT {datanodeUUID=7d876507-ba1b-4ebc-a5b3-10ac658fa12f, command=[]} | ret=SUCCESS |  
2019-08-27 09:24:29,353 | INFO  | SCMAudit | user=jenkins1000 | ip=192.168.34.12 | op=SEND_HEARTBEAT {datanodeUUID=ce8ae317-8251-4b4b-ad79-c99d4c9d019c, command=[]} | ret=SUCCESS |  
2019-08-27 09:24:29,354 | INFO  | SCMAudit | user=jenkins1000 | ip=192.168.34.12 | op=SEND_HEARTBEAT {datanodeUUID=56e0bca8-6099-4977-8c71-ca6e0a08dcf0, command=[]} | ret=SUCCESS |  
2019-08-27 09:24:29,383 | INFO  | SCMAudit | user=jenkins1000 | ip=192.168.34.12 | op=SEND_HEARTBEAT {datanodeUUID=fc98e046-3719-409e-ae96-fb17601fedec, command=[]} | ret=SUCCESS |  
2019-08-27 09:24:29,703 [main] WARN  scm.XceiverClientRatis (XceiverClientRatis.java:watchForCommit(262)) - 3 way commit failed on pipeline Pipeline[ Id: 32a5b2e3-3296-4a00-92b8-c9bb8001774f, Nodes: e0471fbb-799c-4b0e-bb57-258e588ecc79{ip: 192.168.34.12, host: pr-hdds-738-8rv22-2539771249, networkLocation: /default-rack, certSerialId: null}56e0bca8-6099-4977-8c71-ca6e0a08dcf0{ip: 192.168.34.12, host: pr-hdds-738-8rv22-2539771249, networkLocation: /default-rack, certSerialId: null}ce8ae317-8251-4b4b-ad79-c99d4c9d019c{ip: 192.168.34.12, host: pr-hdds-738-8rv22-2539771249, networkLocation: /default-rack, certSerialId: null}, Type:RATIS, Factor:THREE, State:OPEN]
java.util.concurrent.TimeoutException
	at java.util.concurrent.CompletableFuture.timedGet(CompletableFuture.java:1771)
	at java.util.concurrent.CompletableFuture.get(CompletableFuture.java:1915)
	at org.apache.hadoop.hdds.scm.XceiverClientRatis.watchForCommit(XceiverClientRatis.java:259)
	at org.apache.hadoop.hdds.scm.storage.CommitWatcher.watchForCommit(CommitWatcher.java:194)
	at org.apache.hadoop.hdds.scm.storage.CommitWatcher.watchOnLastIndex(CommitWatcher.java:157)
	at org.apache.hadoop.hdds.scm.storage.BlockOutputStream.watchForCommit(BlockOutputStream.java:347)
	at org.apache.hadoop.hdds.scm.storage.BlockOutputStream.handleFlush(BlockOutputStream.java:479)
	at org.apache.hadoop.hdds.scm.storage.BlockOutputStream.flush(BlockOutputStream.java:428)
	at org.apache.hadoop.ozone.client.io.BlockOutputStreamEntry.flush(BlockOutputStreamEntry.java:136)
	at org.apache.hadoop.ozone.client.io.KeyOutputStream.handleFlushOrClose(KeyOutputStream.java:442)
	at org.apache.hadoop.ozone.client.io.KeyOutputStream.flush(KeyOutputStream.java:396)
	at org.apache.hadoop.ozone.client.io.OzoneOutputStream.flush(OzoneOutputStream.java:54)
	at org.apache.hadoop.ozone.client.rpc.TestBlockOutputStreamWithFailures.test2DatanodesFailure(TestBlockOutputStreamWithFailures.java:461)
	at sun.reflect.NativeMethodAccessorImpl.invoke0(Native Method)
	at sun.reflect.NativeMethodAccessorImpl.invoke(NativeMethodAccessorImpl.java:62)
	at sun.reflect.DelegatingMethodAccessorImpl.invoke(DelegatingMethodAccessorImpl.java:43)
	at java.lang.reflect.Method.invoke(Method.java:498)
	at org.junit.runners.model.FrameworkMethod$1.runReflectiveCall(FrameworkMethod.java:47)
	at org.junit.internal.runners.model.ReflectiveCallable.run(ReflectiveCallable.java:12)
	at org.junit.runners.model.FrameworkMethod.invokeExplosively(FrameworkMethod.java:44)
	at org.junit.internal.runners.statements.InvokeMethod.evaluate(InvokeMethod.java:17)
	at org.junit.internal.runners.statements.RunBefores.evaluate(RunBefores.java:26)
	at org.junit.internal.runners.statements.RunAfters.evaluate(RunAfters.java:27)
	at org.junit.runners.ParentRunner.runLeaf(ParentRunner.java:271)
	at org.junit.runners.BlockJUnit4ClassRunner.runChild(BlockJUnit4ClassRunner.java:70)
	at org.junit.runners.BlockJUnit4ClassRunner.runChild(BlockJUnit4ClassRunner.java:50)
	at org.junit.runners.ParentRunner$3.run(ParentRunner.java:238)
	at org.junit.runners.ParentRunner$1.schedule(ParentRunner.java:63)
	at org.junit.runners.ParentRunner.runChildren(ParentRunner.java:236)
	at org.junit.runners.ParentRunner.access$000(ParentRunner.java:53)
	at org.junit.runners.ParentRunner$2.evaluate(ParentRunner.java:229)
	at org.junit.runners.ParentRunner.run(ParentRunner.java:309)
	at org.apache.maven.surefire.junit4.JUnit4Provider.execute(JUnit4Provider.java:365)
	at org.apache.maven.surefire.junit4.JUnit4Provider.executeWithRerun(JUnit4Provider.java:273)
	at org.apache.maven.surefire.junit4.JUnit4Provider.executeTestSet(JUnit4Provider.java:238)
	at org.apache.maven.surefire.junit4.JUnit4Provider.invoke(JUnit4Provider.java:159)
	at org.apache.maven.surefire.booter.ForkedBooter.invokeProviderInSameClassLoader(ForkedBooter.java:384)
	at org.apache.maven.surefire.booter.ForkedBooter.runSuitesInProcess(ForkedBooter.java:345)
	at org.apache.maven.surefire.booter.ForkedBooter.execute(ForkedBooter.java:126)
	at org.apache.maven.surefire.booter.ForkedBooter.main(ForkedBooter.java:418)
2019-08-27 09:24:29,890 | INFO  | SCMAudit | user=jenkins1000 | ip=192.168.34.12 | op=SEND_HEARTBEAT {datanodeUUID=79c4d2ef-606e-4498-8078-25febc5aaa5f, command=[]} | ret=SUCCESS |  
2019-08-27 09:24:30,211 | INFO  | SCMAudit | user=jenkins1000 | ip=192.168.34.12 | op=SEND_HEARTBEAT {datanodeUUID=d2f14ea7-d66a-4e34-b16b-9d776ceaf026, command=[]} | ret=SUCCESS |  
2019-08-27 09:24:30,280 | INFO  | SCMAudit | user=jenkins1000 | ip=192.168.34.12 | op=SEND_HEARTBEAT {datanodeUUID=e0471fbb-799c-4b0e-bb57-258e588ecc79, command=[]} | ret=SUCCESS |  
2019-08-27 09:24:30,284 | INFO  | SCMAudit | user=jenkins1000 | ip=192.168.34.12 | op=SEND_HEARTBEAT {datanodeUUID=7d876507-ba1b-4ebc-a5b3-10ac658fa12f, command=[]} | ret=SUCCESS |  
2019-08-27 09:24:30,353 | INFO  | SCMAudit | user=jenkins1000 | ip=192.168.34.12 | op=SEND_HEARTBEAT {datanodeUUID=56e0bca8-6099-4977-8c71-ca6e0a08dcf0, command=[]} | ret=SUCCESS |  
2019-08-27 09:24:30,353 | INFO  | SCMAudit | user=jenkins1000 | ip=192.168.34.12 | op=SEND_HEARTBEAT {datanodeUUID=ce8ae317-8251-4b4b-ad79-c99d4c9d019c, command=[]} | ret=SUCCESS |  
2019-08-27 09:24:30,384 | INFO  | SCMAudit | user=jenkins1000 | ip=192.168.34.12 | op=SEND_HEARTBEAT {datanodeUUID=fc98e046-3719-409e-ae96-fb17601fedec, command=[]} | ret=SUCCESS |  
2019-08-27 09:24:30,707 [main] WARN  storage.CommitWatcher (CommitWatcher.java:watchForCommit(203)) - watchForCommit failed for index 13
java.util.concurrent.TimeoutException
	at java.util.concurrent.CompletableFuture.timedGet(CompletableFuture.java:1771)
	at java.util.concurrent.CompletableFuture.get(CompletableFuture.java:1915)
	at org.apache.hadoop.hdds.scm.XceiverClientRatis.watchForCommit(XceiverClientRatis.java:268)
	at org.apache.hadoop.hdds.scm.storage.CommitWatcher.watchForCommit(CommitWatcher.java:194)
	at org.apache.hadoop.hdds.scm.storage.CommitWatcher.watchOnLastIndex(CommitWatcher.java:157)
	at org.apache.hadoop.hdds.scm.storage.BlockOutputStream.watchForCommit(BlockOutputStream.java:347)
	at org.apache.hadoop.hdds.scm.storage.BlockOutputStream.handleFlush(BlockOutputStream.java:479)
	at org.apache.hadoop.hdds.scm.storage.BlockOutputStream.flush(BlockOutputStream.java:428)
	at org.apache.hadoop.ozone.client.io.BlockOutputStreamEntry.flush(BlockOutputStreamEntry.java:136)
	at org.apache.hadoop.ozone.client.io.KeyOutputStream.handleFlushOrClose(KeyOutputStream.java:442)
	at org.apache.hadoop.ozone.client.io.KeyOutputStream.flush(KeyOutputStream.java:396)
	at org.apache.hadoop.ozone.client.io.OzoneOutputStream.flush(OzoneOutputStream.java:54)
	at org.apache.hadoop.ozone.client.rpc.TestBlockOutputStreamWithFailures.test2DatanodesFailure(TestBlockOutputStreamWithFailures.java:461)
	at sun.reflect.NativeMethodAccessorImpl.invoke0(Native Method)
	at sun.reflect.NativeMethodAccessorImpl.invoke(NativeMethodAccessorImpl.java:62)
	at sun.reflect.DelegatingMethodAccessorImpl.invoke(DelegatingMethodAccessorImpl.java:43)
	at java.lang.reflect.Method.invoke(Method.java:498)
	at org.junit.runners.model.FrameworkMethod$1.runReflectiveCall(FrameworkMethod.java:47)
	at org.junit.internal.runners.model.ReflectiveCallable.run(ReflectiveCallable.java:12)
	at org.junit.runners.model.FrameworkMethod.invokeExplosively(FrameworkMethod.java:44)
	at org.junit.internal.runners.statements.InvokeMethod.evaluate(InvokeMethod.java:17)
	at org.junit.internal.runners.statements.RunBefores.evaluate(RunBefores.java:26)
	at org.junit.internal.runners.statements.RunAfters.evaluate(RunAfters.java:27)
	at org.junit.runners.ParentRunner.runLeaf(ParentRunner.java:271)
	at org.junit.runners.BlockJUnit4ClassRunner.runChild(BlockJUnit4ClassRunner.java:70)
	at org.junit.runners.BlockJUnit4ClassRunner.runChild(BlockJUnit4ClassRunner.java:50)
	at org.junit.runners.ParentRunner$3.run(ParentRunner.java:238)
	at org.junit.runners.ParentRunner$1.schedule(ParentRunner.java:63)
	at org.junit.runners.ParentRunner.runChildren(ParentRunner.java:236)
	at org.junit.runners.ParentRunner.access$000(ParentRunner.java:53)
	at org.junit.runners.ParentRunner$2.evaluate(ParentRunner.java:229)
	at org.junit.runners.ParentRunner.run(ParentRunner.java:309)
	at org.apache.maven.surefire.junit4.JUnit4Provider.execute(JUnit4Provider.java:365)
	at org.apache.maven.surefire.junit4.JUnit4Provider.executeWithRerun(JUnit4Provider.java:273)
	at org.apache.maven.surefire.junit4.JUnit4Provider.executeTestSet(JUnit4Provider.java:238)
	at org.apache.maven.surefire.junit4.JUnit4Provider.invoke(JUnit4Provider.java:159)
	at org.apache.maven.surefire.booter.ForkedBooter.invokeProviderInSameClassLoader(ForkedBooter.java:384)
	at org.apache.maven.surefire.booter.ForkedBooter.runSuitesInProcess(ForkedBooter.java:345)
	at org.apache.maven.surefire.booter.ForkedBooter.execute(ForkedBooter.java:126)
	at org.apache.maven.surefire.booter.ForkedBooter.main(ForkedBooter.java:418)
2019-08-27 09:24:30,711 [main] WARN  io.KeyOutputStream (KeyOutputStream.java:handleException(276)) - Encountered exception java.io.IOException: Unexpected Storage Container Exception: java.io.IOException: Unexpected Storage Container Exception: java.util.concurrent.TimeoutException on the pipeline Pipeline[ Id: 32a5b2e3-3296-4a00-92b8-c9bb8001774f, Nodes: e0471fbb-799c-4b0e-bb57-258e588ecc79{ip: 192.168.34.12, host: pr-hdds-738-8rv22-2539771249, networkLocation: /default-rack, certSerialId: null}56e0bca8-6099-4977-8c71-ca6e0a08dcf0{ip: 192.168.34.12, host: pr-hdds-738-8rv22-2539771249, networkLocation: /default-rack, certSerialId: null}ce8ae317-8251-4b4b-ad79-c99d4c9d019c{ip: 192.168.34.12, host: pr-hdds-738-8rv22-2539771249, networkLocation: /default-rack, certSerialId: null}, Type:RATIS, Factor:THREE, State:OPEN]. The last committed block length is 400, uncommitted data length is 50 retry count 0
2019-08-27 09:24:30,728 | INFO  | SCMAudit | user=jenkins1000 | ip=192.168.34.12 | op=ALLOCATE_BLOCK {owner=239566a2-c833-4bb7-acbd-e79ab16a8802, size=800, type=RATIS, factor=THREE} | ret=SUCCESS |  
2019-08-27 09:24:30,730 | INFO  | OMAudit | user=jenkins1000 | ip=127.0.0.1 | op=ALLOCATE_BLOCK {volume=testblockoutputstream, bucket=testblockoutputstream, key=89ce5cbe-ef6a-4e7b-bce5-ec958e9c4945, dataSize=0, replicationType=null, replicationFactor=null, keyLocationInfo=null, clientID=102688218371588096} | ret=SUCCESS |  
2019-08-27 09:24:30,751 [grpc-default-executor-4] INFO  client.GrpcClientProtocolClient (GrpcClientProtocolClient.java:onNext(255)) - client-6ACF11BC3B39->d2f14ea7-d66a-4e34-b16b-9d776ceaf026: receive RaftClientReply:client-6ACF11BC3B39->d2f14ea7-d66a-4e34-b16b-9d776ceaf026@group-0C965E87BCAE, cid=23, FAILED org.apache.ratis.protocol.NotLeaderException: Server d2f14ea7-d66a-4e34-b16b-9d776ceaf026 is not the leader (null). Request must be sent to leader., logIndex=0, commits[d2f14ea7-d66a-4e34-b16b-9d776ceaf026:c-1]
2019-08-27 09:24:30,891 | INFO  | SCMAudit | user=jenkins1000 | ip=192.168.34.12 | op=SEND_HEARTBEAT {datanodeUUID=79c4d2ef-606e-4498-8078-25febc5aaa5f, command=[]} | ret=SUCCESS |  
2019-08-27 09:24:31,203 | INFO  | DNAudit | user=null | ip=null | op=PUT_BLOCK {blockData=[blockId=conID: 1 locID: 102688218373750785 bcsId: 0,size=450]} | ret=SUCCESS |  
2019-08-27 09:24:31,203 | INFO  | DNAudit | user=null | ip=null | op=PUT_BLOCK {blockData=[blockId=conID: 1 locID: 102688218373750785 bcsId: 0,size=450]} | ret=SUCCESS |  
2019-08-27 09:24:31,208 [grpc-default-executor-5] INFO  client.GrpcClientProtocolClient (GrpcClientProtocolClient.java:onNext(255)) - client-7857D3054285->e0471fbb-799c-4b0e-bb57-258e588ecc79: receive RaftClientReply:client-7857D3054285->e0471fbb-799c-4b0e-bb57-258e588ecc79@group-C9BB8001774F, cid=22, SUCCESS, logIndex=0, commits[e0471fbb-799c-4b0e-bb57-258e588ecc79:c15, 56e0bca8-6099-4977-8c71-ca6e0a08dcf0:c15, ce8ae317-8251-4b4b-ad79-c99d4c9d019c:c15]
2019-08-27 09:24:31,211 [grpc-default-executor-5] INFO  client.GrpcClientProtocolClient (GrpcClientProtocolClient.java:onNext(255)) - client-7857D3054285->e0471fbb-799c-4b0e-bb57-258e588ecc79: receive RaftClientReply:client-7857D3054285->e0471fbb-799c-4b0e-bb57-258e588ecc79@group-C9BB8001774F, cid=21, SUCCESS, logIndex=0, commits[e0471fbb-799c-4b0e-bb57-258e588ecc79:c15, 56e0bca8-6099-4977-8c71-ca6e0a08dcf0:c15, ce8ae317-8251-4b4b-ad79-c99d4c9d019c:c15]
2019-08-27 09:24:31,211 | INFO  | SCMAudit | user=jenkins1000 | ip=192.168.34.12 | op=SEND_HEARTBEAT {datanodeUUID=d2f14ea7-d66a-4e34-b16b-9d776ceaf026, command=[]} | ret=SUCCESS |  
2019-08-27 09:24:31,280 | INFO  | SCMAudit | user=jenkins1000 | ip=192.168.34.12 | op=SEND_HEARTBEAT {datanodeUUID=e0471fbb-799c-4b0e-bb57-258e588ecc79, command=[]} | ret=SUCCESS |  
2019-08-27 09:24:31,285 | INFO  | SCMAudit | user=jenkins1000 | ip=192.168.34.12 | op=SEND_HEARTBEAT {datanodeUUID=7d876507-ba1b-4ebc-a5b3-10ac658fa12f, command=[]} | ret=SUCCESS |  
2019-08-27 09:24:31,353 | INFO  | SCMAudit | user=jenkins1000 | ip=192.168.34.12 | op=SEND_HEARTBEAT {datanodeUUID=56e0bca8-6099-4977-8c71-ca6e0a08dcf0, command=[]} | ret=SUCCESS |  
2019-08-27 09:24:31,353 | INFO  | SCMAudit | user=jenkins1000 | ip=192.168.34.12 | op=SEND_HEARTBEAT {datanodeUUID=ce8ae317-8251-4b4b-ad79-c99d4c9d019c, command=[]} | ret=SUCCESS |  
2019-08-27 09:24:31,384 | INFO  | SCMAudit | user=jenkins1000 | ip=192.168.34.12 | op=SEND_HEARTBEAT {datanodeUUID=fc98e046-3719-409e-ae96-fb17601fedec, command=[]} | ret=SUCCESS |  
2019-08-27 09:24:31,786 [grpc-default-executor-5] INFO  client.GrpcClientProtocolClient (GrpcClientProtocolClient.java:onNext(255)) - client-6ACF11BC3B39->7d876507-ba1b-4ebc-a5b3-10ac658fa12f: receive RaftClientReply:client-6ACF11BC3B39->7d876507-ba1b-4ebc-a5b3-10ac658fa12f@group-0C965E87BCAE, cid=23, FAILED org.apache.ratis.protocol.NotLeaderException: Server 7d876507-ba1b-4ebc-a5b3-10ac658fa12f is not the leader (null). Request must be sent to leader., logIndex=0, commits[7d876507-ba1b-4ebc-a5b3-10ac658fa12f:c-1]
2019-08-27 09:24:31,891 | INFO  | SCMAudit | user=jenkins1000 | ip=192.168.34.12 | op=SEND_HEARTBEAT {datanodeUUID=79c4d2ef-606e-4498-8078-25febc5aaa5f, command=[]} | ret=SUCCESS |  
2019-08-27 09:24:32,211 | INFO  | SCMAudit | user=jenkins1000 | ip=192.168.34.12 | op=SEND_HEARTBEAT {datanodeUUID=d2f14ea7-d66a-4e34-b16b-9d776ceaf026, command=[]} | ret=SUCCESS |  
2019-08-27 09:24:32,280 | INFO  | SCMAudit | user=jenkins1000 | ip=192.168.34.12 | op=SEND_HEARTBEAT {datanodeUUID=e0471fbb-799c-4b0e-bb57-258e588ecc79, command=[]} | ret=SUCCESS |  
2019-08-27 09:24:32,285 | INFO  | SCMAudit | user=jenkins1000 | ip=192.168.34.12 | op=SEND_HEARTBEAT {datanodeUUID=7d876507-ba1b-4ebc-a5b3-10ac658fa12f, command=[]} | ret=SUCCESS |  
2019-08-27 09:24:32,354 | INFO  | SCMAudit | user=jenkins1000 | ip=192.168.34.12 | op=SEND_HEARTBEAT {datanodeUUID=56e0bca8-6099-4977-8c71-ca6e0a08dcf0, command=[]} | ret=SUCCESS |  
2019-08-27 09:24:32,354 | INFO  | SCMAudit | user=jenkins1000 | ip=192.168.34.12 | op=SEND_HEARTBEAT {datanodeUUID=ce8ae317-8251-4b4b-ad79-c99d4c9d019c, command=[]} | ret=SUCCESS |  
2019-08-27 09:24:32,384 | INFO  | SCMAudit | user=jenkins1000 | ip=192.168.34.12 | op=SEND_HEARTBEAT {datanodeUUID=fc98e046-3719-409e-ae96-fb17601fedec, command=[]} | ret=SUCCESS |  
2019-08-27 09:24:32,809 [grpc-default-executor-4] INFO  client.GrpcClientProtocolClient (GrpcClientProtocolClient.java:onNext(255)) - client-6ACF11BC3B39->d2f14ea7-d66a-4e34-b16b-9d776ceaf026: receive RaftClientReply:client-6ACF11BC3B39->d2f14ea7-d66a-4e34-b16b-9d776ceaf026@group-0C965E87BCAE, cid=23, FAILED org.apache.ratis.protocol.NotLeaderException: Server d2f14ea7-d66a-4e34-b16b-9d776ceaf026 is not the leader (null). Request must be sent to leader., logIndex=0, commits[d2f14ea7-d66a-4e34-b16b-9d776ceaf026:c-1]
2019-08-27 09:24:32,891 | INFO  | SCMAudit | user=jenkins1000 | ip=192.168.34.12 | op=SEND_HEARTBEAT {datanodeUUID=79c4d2ef-606e-4498-8078-25febc5aaa5f, command=[]} | ret=SUCCESS |  
2019-08-27 09:24:32,941 [Thread-324] INFO  impl.FollowerState (FollowerState.java:run(106)) - d2f14ea7-d66a-4e34-b16b-9d776ceaf026:group-0C965E87BCAE changes to CANDIDATE, lastRpcTime:5012, electionTimeout:5006ms
2019-08-27 09:24:32,944 [Thread-324] INFO  impl.RoleInfo (RoleInfo.java:shutdownFollowerState(121)) - d2f14ea7-d66a-4e34-b16b-9d776ceaf026: shutdown FollowerState
2019-08-27 09:24:32,945 [Thread-324] INFO  impl.RaftServerImpl (RaftServerImpl.java:setRole(171)) - d2f14ea7-d66a-4e34-b16b-9d776ceaf026:group-0C965E87BCAE changes role from FOLLOWER to CANDIDATE at term 1 for changeToCandidate
2019-08-27 09:24:32,945 [Thread-324] INFO  impl.RoleInfo (RoleInfo.java:updateAndGet(143)) - d2f14ea7-d66a-4e34-b16b-9d776ceaf026: start LeaderElection
2019-08-27 09:24:32,961 [d2f14ea7-d66a-4e34-b16b-9d776ceaf026:group-0C965E87BCAE:LeaderElection12] INFO  impl.LeaderElection (LeaderElection.java:askForVotes(181)) - d2f14ea7-d66a-4e34-b16b-9d776ceaf026:group-0C965E87BCAE:LeaderElection12: begin an election at term 2 for -1: [fc98e046-3719-409e-ae96-fb17601fedec:192.168.34.12:46642, 7d876507-ba1b-4ebc-a5b3-10ac658fa12f:192.168.34.12:36654, d2f14ea7-d66a-4e34-b16b-9d776ceaf026:192.168.34.12:42786], old=null
2019-08-27 09:24:32,972 [grpc-default-executor-5] INFO  impl.RaftServerImpl (RaftServerImpl.java:setRole(171)) - 7d876507-ba1b-4ebc-a5b3-10ac658fa12f:group-0C965E87BCAE changes role from FOLLOWER to FOLLOWER at term 2 for recognizeCandidate:d2f14ea7-d66a-4e34-b16b-9d776ceaf026
2019-08-27 09:24:32,972 [grpc-default-executor-5] INFO  impl.RoleInfo (RoleInfo.java:shutdownFollowerState(121)) - 7d876507-ba1b-4ebc-a5b3-10ac658fa12f: shutdown FollowerState
2019-08-27 09:24:32,972 [grpc-default-executor-4] INFO  impl.RaftServerImpl (RaftServerImpl.java:setRole(171)) - fc98e046-3719-409e-ae96-fb17601fedec:group-0C965E87BCAE changes role from FOLLOWER to FOLLOWER at term 2 for recognizeCandidate:d2f14ea7-d66a-4e34-b16b-9d776ceaf026
2019-08-27 09:24:32,972 [Thread-325] INFO  impl.FollowerState (FollowerState.java:run(114)) - 7d876507-ba1b-4ebc-a5b3-10ac658fa12f: FollowerState was interrupted: java.lang.InterruptedException: sleep interrupted
2019-08-27 09:24:32,972 [grpc-default-executor-5] INFO  impl.RoleInfo (RoleInfo.java:updateAndGet(143)) - 7d876507-ba1b-4ebc-a5b3-10ac658fa12f: start FollowerState
2019-08-27 09:24:32,972 [grpc-default-executor-4] INFO  impl.RoleInfo (RoleInfo.java:shutdownFollowerState(121)) - fc98e046-3719-409e-ae96-fb17601fedec: shutdown FollowerState
2019-08-27 09:24:32,974 [Thread-326] INFO  impl.FollowerState (FollowerState.java:run(114)) - fc98e046-3719-409e-ae96-fb17601fedec: FollowerState was interrupted: java.lang.InterruptedException: sleep interrupted
2019-08-27 09:24:32,974 [grpc-default-executor-4] INFO  impl.RoleInfo (RoleInfo.java:updateAndGet(143)) - fc98e046-3719-409e-ae96-fb17601fedec: start FollowerState
2019-08-27 09:24:33,004 [d2f14ea7-d66a-4e34-b16b-9d776ceaf026:group-0C965E87BCAE:LeaderElection12] INFO  impl.LeaderElection (LeaderElection.java:logAndReturn(56)) - d2f14ea7-d66a-4e34-b16b-9d776ceaf026:group-0C965E87BCAE:LeaderElection12: Election PASSED; received 1 response(s) [d2f14ea7-d66a-4e34-b16b-9d776ceaf026<-fc98e046-3719-409e-ae96-fb17601fedec#0:OK-t2] and 0 exception(s); d2f14ea7-d66a-4e34-b16b-9d776ceaf026:t2, leader=null, voted=d2f14ea7-d66a-4e34-b16b-9d776ceaf026, raftlog=d2f14ea7-d66a-4e34-b16b-9d776ceaf026-SegmentedRaftLog:OPENED:c-1,f-1,i0, conf=-1: [fc98e046-3719-409e-ae96-fb17601fedec:192.168.34.12:46642, 7d876507-ba1b-4ebc-a5b3-10ac658fa12f:192.168.34.12:36654, d2f14ea7-d66a-4e34-b16b-9d776ceaf026:192.168.34.12:42786], old=null
2019-08-27 09:24:33,005 [d2f14ea7-d66a-4e34-b16b-9d776ceaf026:group-0C965E87BCAE:LeaderElection12] INFO  impl.RoleInfo (RoleInfo.java:shutdownLeaderElection(134)) - d2f14ea7-d66a-4e34-b16b-9d776ceaf026: shutdown LeaderElection
2019-08-27 09:24:33,016 [d2f14ea7-d66a-4e34-b16b-9d776ceaf026:group-0C965E87BCAE:LeaderElection12] INFO  impl.RaftServerImpl (RaftServerImpl.java:setRole(171)) - d2f14ea7-d66a-4e34-b16b-9d776ceaf026:group-0C965E87BCAE changes role from CANDIDATE to LEADER at term 2 for changeToLeader
2019-08-27 09:24:33,016 [d2f14ea7-d66a-4e34-b16b-9d776ceaf026:group-0C965E87BCAE:LeaderElection12] INFO  impl.RaftServerImpl (ServerState.java:setLeader(263)) - d2f14ea7-d66a-4e34-b16b-9d776ceaf026:group-0C965E87BCAE change Leader from null to d2f14ea7-d66a-4e34-b16b-9d776ceaf026 at term 2 for becomeLeader, leader elected after 10265ms
2019-08-27 09:24:33,016 [d2f14ea7-d66a-4e34-b16b-9d776ceaf026:group-0C965E87BCAE:LeaderElection12] INFO  server.RaftServerConfigKeys (ConfUtils.java:logGet(43)) - raft.server.staging.catchup.gap = 1000 (default)
2019-08-27 09:24:33,017 [d2f14ea7-d66a-4e34-b16b-9d776ceaf026:group-0C965E87BCAE:LeaderElection12] INFO  server.RaftServerConfigKeys (ConfUtils.java:logGet(43)) - raft.server.rpc.sleep.time = 25ms (default)
2019-08-27 09:24:33,017 [d2f14ea7-d66a-4e34-b16b-9d776ceaf026:group-0C965E87BCAE:LeaderElection12] INFO  server.RaftServerConfigKeys (ConfUtils.java:logGet(43)) - raft.server.write.element-limit = 4096 (default)
2019-08-27 09:24:33,017 [d2f14ea7-d66a-4e34-b16b-9d776ceaf026:group-0C965E87BCAE:LeaderElection12] INFO  server.RaftServerConfigKeys (ConfUtils.java:logGet(43)) - raft.server.watch.timeout = 10s (default)
2019-08-27 09:24:33,017 [d2f14ea7-d66a-4e34-b16b-9d776ceaf026:group-0C965E87BCAE:LeaderElection12] INFO  server.RaftServerConfigKeys (ConfUtils.java:logGet(43)) - raft.server.watch.timeout.denomination = 1s (default)
2019-08-27 09:24:33,017 [d2f14ea7-d66a-4e34-b16b-9d776ceaf026:group-0C965E87BCAE:LeaderElection12] INFO  server.RaftServerConfigKeys (ConfUtils.java:logGet(43)) - raft.server.watch.element-limit = 65536 (default)
2019-08-27 09:24:33,018 [d2f14ea7-d66a-4e34-b16b-9d776ceaf026:group-0C965E87BCAE:LeaderElection12] INFO  server.RaftServerConfigKeys (ConfUtils.java:logGet(43)) - raft.server.log.appender.snapshot.chunk.size.max = 16MB (=16777216) (default)
2019-08-27 09:24:33,018 [d2f14ea7-d66a-4e34-b16b-9d776ceaf026:group-0C965E87BCAE:LeaderElection12] INFO  server.RaftServerConfigKeys (ConfUtils.java:logGet(43)) - raft.server.log.appender.buffer.byte-limit = 33554432 (custom)
2019-08-27 09:24:33,018 [d2f14ea7-d66a-4e34-b16b-9d776ceaf026:group-0C965E87BCAE:LeaderElection12] INFO  server.RaftServerConfigKeys (ConfUtils.java:logGet(43)) - raft.server.log.appender.buffer.element-limit = 1 (custom)
2019-08-27 09:24:33,018 [d2f14ea7-d66a-4e34-b16b-9d776ceaf026:group-0C965E87BCAE:LeaderElection12] INFO  grpc.GrpcConfigKeys$Server (ConfUtils.java:logGet(43)) - raft.grpc.server.leader.outstanding.appends.max = 128 (default)
2019-08-27 09:24:33,018 [d2f14ea7-d66a-4e34-b16b-9d776ceaf026:group-0C965E87BCAE:LeaderElection12] INFO  server.RaftServerConfigKeys (ConfUtils.java:logGet(43)) - raft.server.rpc.request.timeout = 3000ms (default)
2019-08-27 09:24:33,019 [d2f14ea7-d66a-4e34-b16b-9d776ceaf026:group-0C965E87BCAE:LeaderElection12] INFO  server.RaftServerConfigKeys (ConfUtils.java:logGet(43)) - raft.server.log.appender.install.snapshot.enabled = false (custom)
2019-08-27 09:24:33,019 [d2f14ea7-d66a-4e34-b16b-9d776ceaf026:group-0C965E87BCAE:LeaderElection12] INFO  server.RaftServerConfigKeys (ConfUtils.java:logGet(43)) - raft.server.log.appender.snapshot.chunk.size.max = 16MB (=16777216) (default)
2019-08-27 09:24:33,019 [d2f14ea7-d66a-4e34-b16b-9d776ceaf026:group-0C965E87BCAE:LeaderElection12] INFO  server.RaftServerConfigKeys (ConfUtils.java:logGet(43)) - raft.server.log.appender.buffer.byte-limit = 33554432 (custom)
2019-08-27 09:24:33,019 [d2f14ea7-d66a-4e34-b16b-9d776ceaf026:group-0C965E87BCAE:LeaderElection12] INFO  server.RaftServerConfigKeys (ConfUtils.java:logGet(43)) - raft.server.log.appender.buffer.element-limit = 1 (custom)
2019-08-27 09:24:33,019 [d2f14ea7-d66a-4e34-b16b-9d776ceaf026:group-0C965E87BCAE:LeaderElection12] INFO  grpc.GrpcConfigKeys$Server (ConfUtils.java:logGet(43)) - raft.grpc.server.leader.outstanding.appends.max = 128 (default)
2019-08-27 09:24:33,019 [d2f14ea7-d66a-4e34-b16b-9d776ceaf026:group-0C965E87BCAE:LeaderElection12] INFO  server.RaftServerConfigKeys (ConfUtils.java:logGet(43)) - raft.server.rpc.request.timeout = 3000ms (default)
2019-08-27 09:24:33,020 [d2f14ea7-d66a-4e34-b16b-9d776ceaf026:group-0C965E87BCAE:LeaderElection12] INFO  server.RaftServerConfigKeys (ConfUtils.java:logGet(43)) - raft.server.log.appender.install.snapshot.enabled = false (custom)
2019-08-27 09:24:33,020 [d2f14ea7-d66a-4e34-b16b-9d776ceaf026:group-0C965E87BCAE:LeaderElection12] INFO  impl.RoleInfo (RoleInfo.java:updateAndGet(143)) - d2f14ea7-d66a-4e34-b16b-9d776ceaf026: start LeaderState
2019-08-27 09:24:33,020 [d2f14ea7-d66a-4e34-b16b-9d776ceaf026:group-0C965E87BCAE:LeaderElection12] INFO  segmented.SegmentedRaftLogWorker (SegmentedRaftLogWorker.java:startLogSegment(380)) - d2f14ea7-d66a-4e34-b16b-9d776ceaf026-SegmentedRaftLogWorker:Storage Directory /workdir/hadoop-ozone/integration-test/target/test-dir/MiniOzoneClusterImpl-58938c5f-3d8a-4dfc-b7d6-ee05bfa799f3/datanode-1/data/ratis/48f4e777-915c-4a9e-8f77-0c965e87bcae: Starting segment from index:0
2019-08-27 09:24:33,021 [d2f14ea7-d66a-4e34-b16b-9d776ceaf026:group-0C965E87BCAE:LeaderElection12] INFO  impl.RaftServerImpl (ServerState.java:setRaftConf(361)) - d2f14ea7-d66a-4e34-b16b-9d776ceaf026:group-0C965E87BCAE set configuration 0: [fc98e046-3719-409e-ae96-fb17601fedec:192.168.34.12:46642, 7d876507-ba1b-4ebc-a5b3-10ac658fa12f:192.168.34.12:36654, d2f14ea7-d66a-4e34-b16b-9d776ceaf026:192.168.34.12:42786], old=null at 0
2019-08-27 09:24:33,024 [grpc-default-executor-5] INFO  impl.RaftServerImpl (ServerState.java:setLeader(263)) - 7d876507-ba1b-4ebc-a5b3-10ac658fa12f:group-0C965E87BCAE change Leader from null to d2f14ea7-d66a-4e34-b16b-9d776ceaf026 at term 2 for appendEntries, leader elected after 10272ms
2019-08-27 09:24:33,024 [grpc-default-executor-4] INFO  impl.RaftServerImpl (ServerState.java:setLeader(263)) - fc98e046-3719-409e-ae96-fb17601fedec:group-0C965E87BCAE change Leader from null to d2f14ea7-d66a-4e34-b16b-9d776ceaf026 at term 2 for appendEntries, leader elected after 10271ms
2019-08-27 09:24:33,061 [grpc-default-executor-5] INFO  impl.RaftServerImpl (ServerState.java:setRaftConf(361)) - fc98e046-3719-409e-ae96-fb17601fedec:group-0C965E87BCAE set configuration 0: [fc98e046-3719-409e-ae96-fb17601fedec:192.168.34.12:46642, 7d876507-ba1b-4ebc-a5b3-10ac658fa12f:192.168.34.12:36654, d2f14ea7-d66a-4e34-b16b-9d776ceaf026:192.168.34.12:42786], old=null at 0
2019-08-27 09:24:33,061 [grpc-default-executor-4] INFO  impl.RaftServerImpl (ServerState.java:setRaftConf(361)) - 7d876507-ba1b-4ebc-a5b3-10ac658fa12f:group-0C965E87BCAE set configuration 0: [fc98e046-3719-409e-ae96-fb17601fedec:192.168.34.12:46642, 7d876507-ba1b-4ebc-a5b3-10ac658fa12f:192.168.34.12:36654, d2f14ea7-d66a-4e34-b16b-9d776ceaf026:192.168.34.12:42786], old=null at 0
2019-08-27 09:24:33,062 [grpc-default-executor-5] INFO  segmented.SegmentedRaftLogWorker (SegmentedRaftLogWorker.java:startLogSegment(380)) - fc98e046-3719-409e-ae96-fb17601fedec-SegmentedRaftLogWorker:Storage Directory /workdir/hadoop-ozone/integration-test/target/test-dir/MiniOzoneClusterImpl-58938c5f-3d8a-4dfc-b7d6-ee05bfa799f3/datanode-3/data/ratis/48f4e777-915c-4a9e-8f77-0c965e87bcae: Starting segment from index:0
2019-08-27 09:24:33,062 [grpc-default-executor-4] INFO  segmented.SegmentedRaftLogWorker (SegmentedRaftLogWorker.java:startLogSegment(380)) - 7d876507-ba1b-4ebc-a5b3-10ac658fa12f-SegmentedRaftLogWorker:Storage Directory /workdir/hadoop-ozone/integration-test/target/test-dir/MiniOzoneClusterImpl-58938c5f-3d8a-4dfc-b7d6-ee05bfa799f3/datanode-2/data/ratis/48f4e777-915c-4a9e-8f77-0c965e87bcae: Starting segment from index:0
2019-08-27 09:24:33,069 [d2f14ea7-d66a-4e34-b16b-9d776ceaf026-SegmentedRaftLogWorker:Storage Directory /workdir/hadoop-ozone/integration-test/target/test-dir/MiniOzoneClusterImpl-58938c5f-3d8a-4dfc-b7d6-ee05bfa799f3/datanode-1/data/ratis/48f4e777-915c-4a9e-8f77-0c965e87bcae] INFO  segmented.SegmentedRaftLogWorker (SegmentedRaftLogWorker.java:execute(569)) - d2f14ea7-d66a-4e34-b16b-9d776ceaf026-SegmentedRaftLogWorker:Storage Directory /workdir/hadoop-ozone/integration-test/target/test-dir/MiniOzoneClusterImpl-58938c5f-3d8a-4dfc-b7d6-ee05bfa799f3/datanode-1/data/ratis/48f4e777-915c-4a9e-8f77-0c965e87bcae: created new log segment /workdir/hadoop-ozone/integration-test/target/test-dir/MiniOzoneClusterImpl-58938c5f-3d8a-4dfc-b7d6-ee05bfa799f3/datanode-1/data/ratis/48f4e777-915c-4a9e-8f77-0c965e87bcae/current/log_inprogress_0
2019-08-27 09:24:33,100 [7d876507-ba1b-4ebc-a5b3-10ac658fa12f-SegmentedRaftLogWorker:Storage Directory /workdir/hadoop-ozone/integration-test/target/test-dir/MiniOzoneClusterImpl-58938c5f-3d8a-4dfc-b7d6-ee05bfa799f3/datanode-2/data/ratis/48f4e777-915c-4a9e-8f77-0c965e87bcae] INFO  segmented.SegmentedRaftLogWorker (SegmentedRaftLogWorker.java:execute(569)) - 7d876507-ba1b-4ebc-a5b3-10ac658fa12f-SegmentedRaftLogWorker:Storage Directory /workdir/hadoop-ozone/integration-test/target/test-dir/MiniOzoneClusterImpl-58938c5f-3d8a-4dfc-b7d6-ee05bfa799f3/datanode-2/data/ratis/48f4e777-915c-4a9e-8f77-0c965e87bcae: created new log segment /workdir/hadoop-ozone/integration-test/target/test-dir/MiniOzoneClusterImpl-58938c5f-3d8a-4dfc-b7d6-ee05bfa799f3/datanode-2/data/ratis/48f4e777-915c-4a9e-8f77-0c965e87bcae/current/log_inprogress_0
2019-08-27 09:24:33,125 [fc98e046-3719-409e-ae96-fb17601fedec-SegmentedRaftLogWorker:Storage Directory /workdir/hadoop-ozone/integration-test/target/test-dir/MiniOzoneClusterImpl-58938c5f-3d8a-4dfc-b7d6-ee05bfa799f3/datanode-3/data/ratis/48f4e777-915c-4a9e-8f77-0c965e87bcae] INFO  segmented.SegmentedRaftLogWorker (SegmentedRaftLogWorker.java:execute(569)) - fc98e046-3719-409e-ae96-fb17601fedec-SegmentedRaftLogWorker:Storage Directory /workdir/hadoop-ozone/integration-test/target/test-dir/MiniOzoneClusterImpl-58938c5f-3d8a-4dfc-b7d6-ee05bfa799f3/datanode-3/data/ratis/48f4e777-915c-4a9e-8f77-0c965e87bcae: created new log segment /workdir/hadoop-ozone/integration-test/target/test-dir/MiniOzoneClusterImpl-58938c5f-3d8a-4dfc-b7d6-ee05bfa799f3/datanode-3/data/ratis/48f4e777-915c-4a9e-8f77-0c965e87bcae/current/log_inprogress_0
2019-08-27 09:24:33,212 | INFO  | SCMAudit | user=jenkins1000 | ip=192.168.34.12 | op=SEND_HEARTBEAT {datanodeUUID=d2f14ea7-d66a-4e34-b16b-9d776ceaf026, command=[]} | ret=SUCCESS |  
2019-08-27 09:24:33,280 | INFO  | SCMAudit | user=jenkins1000 | ip=192.168.34.12 | op=SEND_HEARTBEAT {datanodeUUID=e0471fbb-799c-4b0e-bb57-258e588ecc79, command=[]} | ret=SUCCESS |  
2019-08-27 09:24:33,285 | INFO  | SCMAudit | user=jenkins1000 | ip=192.168.34.12 | op=SEND_HEARTBEAT {datanodeUUID=7d876507-ba1b-4ebc-a5b3-10ac658fa12f, command=[]} | ret=SUCCESS |  
2019-08-27 09:24:33,354 | INFO  | SCMAudit | user=jenkins1000 | ip=192.168.34.12 | op=SEND_HEARTBEAT {datanodeUUID=ce8ae317-8251-4b4b-ad79-c99d4c9d019c, command=[]} | ret=SUCCESS |  
2019-08-27 09:24:33,354 | INFO  | SCMAudit | user=jenkins1000 | ip=192.168.34.12 | op=SEND_HEARTBEAT {datanodeUUID=56e0bca8-6099-4977-8c71-ca6e0a08dcf0, command=[]} | ret=SUCCESS |  
2019-08-27 09:24:33,384 | INFO  | SCMAudit | user=jenkins1000 | ip=192.168.34.12 | op=SEND_HEARTBEAT {datanodeUUID=fc98e046-3719-409e-ae96-fb17601fedec, command=[]} | ret=SUCCESS |  
2019-08-27 09:24:33,837 [grpc-default-executor-4] INFO  client.GrpcClientProtocolClient (GrpcClientProtocolClient.java:onNext(255)) - client-6ACF11BC3B39->fc98e046-3719-409e-ae96-fb17601fedec: receive RaftClientReply:client-6ACF11BC3B39->fc98e046-3719-409e-ae96-fb17601fedec@group-0C965E87BCAE, cid=23, FAILED org.apache.ratis.protocol.NotLeaderException: Server fc98e046-3719-409e-ae96-fb17601fedec is not the leader (d2f14ea7-d66a-4e34-b16b-9d776ceaf026:192.168.34.12:42786). Request must be sent to leader., logIndex=0, commits[fc98e046-3719-409e-ae96-fb17601fedec:c-1, 7d876507-ba1b-4ebc-a5b3-10ac658fa12f:c-1, d2f14ea7-d66a-4e34-b16b-9d776ceaf026:c-1]
2019-08-27 09:24:33,892 | INFO  | SCMAudit | user=jenkins1000 | ip=192.168.34.12 | op=SEND_HEARTBEAT {datanodeUUID=79c4d2ef-606e-4498-8078-25febc5aaa5f, command=[]} | ret=SUCCESS |  
2019-08-27 09:24:34,013 | INFO  | DNAudit | user=null | ip=null | op=WRITE_CHUNK {blockData=conID: 2 locID: 102688218856030210 bcsId: 0} | ret=SUCCESS |  
2019-08-27 09:24:34,013 | INFO  | DNAudit | user=null | ip=null | op=WRITE_CHUNK {blockData=conID: 2 locID: 102688218856030210 bcsId: 0} | ret=SUCCESS |  
2019-08-27 09:24:34,013 | INFO  | DNAudit | user=null | ip=null | op=WRITE_CHUNK {blockData=conID: 2 locID: 102688218856030210 bcsId: 0} | ret=SUCCESS |  
2019-08-27 09:24:34,014 | INFO  | SCMAudit | user=jenkins1000 | ip=192.168.34.12 | op=SEND_HEARTBEAT {datanodeUUID=7d876507-ba1b-4ebc-a5b3-10ac658fa12f, command=[]} | ret=SUCCESS |  
2019-08-27 09:24:34,014 | INFO  | SCMAudit | user=jenkins1000 | ip=192.168.34.12 | op=SEND_HEARTBEAT {datanodeUUID=d2f14ea7-d66a-4e34-b16b-9d776ceaf026, command=[]} | ret=SUCCESS |  
2019-08-27 09:24:34,014 | INFO  | SCMAudit | user=jenkins1000 | ip=192.168.34.12 | op=SEND_HEARTBEAT {datanodeUUID=fc98e046-3719-409e-ae96-fb17601fedec, command=[]} | ret=SUCCESS |  
2019-08-27 09:24:34,029 | INFO  | DNAudit | user=null | ip=null | op=WRITE_CHUNK {blockData=conID: 2 locID: 102688218856030210 bcsId: 0} | ret=SUCCESS |  
2019-08-27 09:24:34,037 [grpc-default-executor-5] INFO  client.GrpcClientProtocolClient (GrpcClientProtocolClient.java:onNext(255)) - client-6ACF11BC3B39->d2f14ea7-d66a-4e34-b16b-9d776ceaf026: receive RaftClientReply:client-6ACF11BC3B39->d2f14ea7-d66a-4e34-b16b-9d776ceaf026@group-0C965E87BCAE, cid=23, SUCCESS, logIndex=1, commits[d2f14ea7-d66a-4e34-b16b-9d776ceaf026:c1, fc98e046-3719-409e-ae96-fb17601fedec:c0, 7d876507-ba1b-4ebc-a5b3-10ac658fa12f:c0]
2019-08-27 09:24:34,044 | INFO  | DNAudit | user=null | ip=null | op=WRITE_CHUNK {blockData=conID: 2 locID: 102688218856030210 bcsId: 0} | ret=SUCCESS |  
2019-08-27 09:24:34,045 | INFO  | DNAudit | user=null | ip=null | op=WRITE_CHUNK {blockData=conID: 2 locID: 102688218856030210 bcsId: 0} | ret=SUCCESS |  
2019-08-27 09:24:34,117 | INFO  | DNAudit | user=null | ip=null | op=PUT_BLOCK {blockData=[blockId=conID: 2 locID: 102688218856030210 bcsId: 0,size=50]} | ret=SUCCESS |  
2019-08-27 09:24:34,128 [grpc-default-executor-4] INFO  client.GrpcClientProtocolClient (GrpcClientProtocolClient.java:onNext(255)) - client-6ACF11BC3B39->d2f14ea7-d66a-4e34-b16b-9d776ceaf026: receive RaftClientReply:client-6ACF11BC3B39->d2f14ea7-d66a-4e34-b16b-9d776ceaf026@group-0C965E87BCAE, cid=24, SUCCESS, logIndex=3, commits[d2f14ea7-d66a-4e34-b16b-9d776ceaf026:c4, fc98e046-3719-409e-ae96-fb17601fedec:c3, 7d876507-ba1b-4ebc-a5b3-10ac658fa12f:c3]
2019-08-27 09:24:34,131 [main] INFO  ozone.MiniOzoneClusterImpl (MiniOzoneClusterImpl.java:shutdown(307)) - Shutting down the Mini Ozone Cluster
2019-08-27 09:24:34,131 | INFO  | SCMAudit | user=null | ip=null | op=GET_SCM_INFO null | ret=SUCCESS |  
2019-08-27 09:24:34,132 [main] INFO  ozone.MiniOzoneClusterImpl (MiniOzoneClusterImpl.java:stop(322)) - Stopping the Mini Ozone Cluster
2019-08-27 09:24:34,132 [main] INFO  ozone.MiniOzoneClusterImpl (MiniOzoneClusterImpl.java:stop(324)) - Stopping the OzoneManager
2019-08-27 09:24:34,132 [main] INFO  ipc.Server (Server.java:stop(3082)) - Stopping server on 42074
2019-08-27 09:24:34,144 | INFO  | DNAudit | user=null | ip=null | op=PUT_BLOCK {blockData=[blockId=conID: 2 locID: 102688218856030210 bcsId: 0,size=50]} | ret=SUCCESS |  
2019-08-27 09:24:34,164 [IPC Server listener on 42074] INFO  ipc.Server (Server.java:run(1185)) - Stopping IPC Server listener on 42074
2019-08-27 09:24:34,164 [main] INFO  ratis.OzoneManagerDoubleBuffer (OzoneManagerDoubleBuffer.java:stop(248)) - Stopping OMDoubleBuffer flush thread
2019-08-27 09:24:34,166 [IPC Server Responder] INFO  ipc.Server (Server.java:run(1319)) - Stopping IPC Server Responder
2019-08-27 09:24:34,166 [OMDoubleBufferFlushThread] INFO  ratis.OzoneManagerDoubleBuffer (OzoneManagerDoubleBuffer.java:flushTransactions(191)) - OMDoubleBuffer flush thread OMDoubleBufferFlushThread is interrupted and will exit. OMDoubleBufferFlushThread
2019-08-27 09:24:34,172 | INFO  | DNAudit | user=null | ip=null | op=PUT_BLOCK {blockData=[blockId=conID: 2 locID: 102688218856030210 bcsId: 0,size=50]} | ret=SUCCESS |  
2019-08-27 09:24:34,173 [main] INFO  utils.BackgroundService (BackgroundService.java:shutdown(148)) - Shutting down service KeyDeletingService
2019-08-27 09:24:34,179 [main] INFO  handler.ContextHandler (ContextHandler.java:doStop(910)) - Stopped o.e.j.w.WebAppContext@61f3fbb8{/,null,UNAVAILABLE}{/ozoneManager}
2019-08-27 09:24:34,186 [main] INFO  server.AbstractConnector (AbstractConnector.java:doStop(318)) - Stopped ServerConnector@7551da2a{HTTP/1.1,[http/1.1]}{0.0.0.0:0}
2019-08-27 09:24:34,186 [main] INFO  handler.ContextHandler (ContextHandler.java:doStop(910)) - Stopped o.e.j.s.ServletContextHandler@15fa55a6{/static,file:///workdir/hadoop-ozone/integration-test/target/test-classes/webapps/static,UNAVAILABLE}
2019-08-27 09:24:34,187 [main] INFO  handler.ContextHandler (ContextHandler.java:doStop(910)) - Stopped o.e.j.s.ServletContextHandler@51ec2df1{/logs,file:///workdir/hadoop-ozone/integration-test/target/log,UNAVAILABLE}
2019-08-27 09:24:34,191 [main] INFO  ozone.MiniOzoneClusterImpl (MiniOzoneClusterImpl.java:stop(330)) - Shutting the HddsDatanodes
2019-08-27 09:24:34,280 | INFO  | SCMAudit | user=jenkins1000 | ip=192.168.34.12 | op=SEND_HEARTBEAT {datanodeUUID=e0471fbb-799c-4b0e-bb57-258e588ecc79, command=[]} | ret=SUCCESS |  
2019-08-27 09:24:34,352 [Datanode State Machine Thread - 0] INFO  statemachine.DatanodeStateMachine (DatanodeStateMachine.java:lambda$startDaemon$0(350)) - Ozone container server started.
2019-08-27 09:24:34,353 | INFO  | SCMAudit | user=jenkins1000 | ip=192.168.34.12 | op=SEND_HEARTBEAT {datanodeUUID=ce8ae317-8251-4b4b-ad79-c99d4c9d019c, command=[]} | ret=SUCCESS |  
2019-08-27 09:24:34,893 | INFO  | SCMAudit | user=jenkins1000 | ip=192.168.34.12 | op=SEND_HEARTBEAT {datanodeUUID=79c4d2ef-606e-4498-8078-25febc5aaa5f, command=[]} | ret=SUCCESS |  
2019-08-27 09:24:35,010 [Datanode State Machine Thread - 0] INFO  statemachine.DatanodeStateMachine (DatanodeStateMachine.java:lambda$startDaemon$0(350)) - Ozone container server started.
2019-08-27 09:24:35,015 | INFO  | SCMAudit | user=jenkins1000 | ip=192.168.34.12 | op=SEND_HEARTBEAT {datanodeUUID=fc98e046-3719-409e-ae96-fb17601fedec, command=[]} | ret=SUCCESS |  
2019-08-27 09:24:35,015 | INFO  | SCMAudit | user=jenkins1000 | ip=192.168.34.12 | op=SEND_HEARTBEAT {datanodeUUID=7d876507-ba1b-4ebc-a5b3-10ac658fa12f, command=[]} | ret=SUCCESS |  
2019-08-27 09:24:35,280 | INFO  | SCMAudit | user=jenkins1000 | ip=192.168.34.12 | op=SEND_HEARTBEAT {datanodeUUID=e0471fbb-799c-4b0e-bb57-258e588ecc79, command=[]} | ret=SUCCESS |  
2019-08-27 09:24:35,353 | INFO  | SCMAudit | user=jenkins1000 | ip=192.168.34.12 | op=SEND_HEARTBEAT {datanodeUUID=ce8ae317-8251-4b4b-ad79-c99d4c9d019c, command=[]} | ret=SUCCESS |  
2019-08-27 09:24:35,894 | INFO  | SCMAudit | user=jenkins1000 | ip=192.168.34.12 | op=SEND_HEARTBEAT {datanodeUUID=79c4d2ef-606e-4498-8078-25febc5aaa5f, command=[]} | ret=SUCCESS |  
2019-08-27 09:24:36,012 | INFO  | SCMAudit | user=jenkins1000 | ip=192.168.34.12 | op=SEND_HEARTBEAT {datanodeUUID=7d876507-ba1b-4ebc-a5b3-10ac658fa12f, command=[]} | ret=SUCCESS |  
2019-08-27 09:24:36,015 | INFO  | SCMAudit | user=jenkins1000 | ip=192.168.34.12 | op=SEND_HEARTBEAT {datanodeUUID=fc98e046-3719-409e-ae96-fb17601fedec, command=[]} | ret=SUCCESS |  
2019-08-27 09:24:36,280 | INFO  | SCMAudit | user=jenkins1000 | ip=192.168.34.12 | op=SEND_HEARTBEAT {datanodeUUID=e0471fbb-799c-4b0e-bb57-258e588ecc79, command=[]} | ret=SUCCESS |  
2019-08-27 09:24:36,353 | INFO  | SCMAudit | user=jenkins1000 | ip=192.168.34.12 | op=SEND_HEARTBEAT {datanodeUUID=ce8ae317-8251-4b4b-ad79-c99d4c9d019c, command=[]} | ret=SUCCESS |  
2019-08-27 09:24:36,893 | INFO  | SCMAudit | user=jenkins1000 | ip=192.168.34.12 | op=SEND_HEARTBEAT {datanodeUUID=79c4d2ef-606e-4498-8078-25febc5aaa5f, command=[]} | ret=SUCCESS |  
2019-08-27 09:24:37,012 | INFO  | SCMAudit | user=jenkins1000 | ip=192.168.34.12 | op=SEND_HEARTBEAT {datanodeUUID=7d876507-ba1b-4ebc-a5b3-10ac658fa12f, command=[]} | ret=SUCCESS |  
2019-08-27 09:24:37,015 | INFO  | SCMAudit | user=jenkins1000 | ip=192.168.34.12 | op=SEND_HEARTBEAT {datanodeUUID=fc98e046-3719-409e-ae96-fb17601fedec, command=[]} | ret=SUCCESS |  
2019-08-27 09:24:37,280 | INFO  | SCMAudit | user=jenkins1000 | ip=192.168.34.12 | op=SEND_HEARTBEAT {datanodeUUID=e0471fbb-799c-4b0e-bb57-258e588ecc79, command=[]} | ret=SUCCESS |  
2019-08-27 09:24:37,353 | INFO  | SCMAudit | user=jenkins1000 | ip=192.168.34.12 | op=SEND_HEARTBEAT {datanodeUUID=ce8ae317-8251-4b4b-ad79-c99d4c9d019c, command=[]} | ret=SUCCESS |  
2019-08-27 09:24:37,893 | INFO  | SCMAudit | user=jenkins1000 | ip=192.168.34.12 | op=SEND_HEARTBEAT {datanodeUUID=79c4d2ef-606e-4498-8078-25febc5aaa5f, command=[]} | ret=SUCCESS |  
2019-08-27 09:24:38,012 | INFO  | SCMAudit | user=jenkins1000 | ip=192.168.34.12 | op=SEND_HEARTBEAT {datanodeUUID=7d876507-ba1b-4ebc-a5b3-10ac658fa12f, command=[]} | ret=SUCCESS |  
2019-08-27 09:24:38,014 | INFO  | SCMAudit | user=jenkins1000 | ip=192.168.34.12 | op=SEND_HEARTBEAT {datanodeUUID=fc98e046-3719-409e-ae96-fb17601fedec, command=[]} | ret=SUCCESS |  
2019-08-27 09:24:38,281 | INFO  | SCMAudit | user=jenkins1000 | ip=192.168.34.12 | op=SEND_HEARTBEAT {datanodeUUID=e0471fbb-799c-4b0e-bb57-258e588ecc79, command=[]} | ret=SUCCESS |  
2019-08-27 09:24:38,353 | INFO  | SCMAudit | user=jenkins1000 | ip=192.168.34.12 | op=SEND_HEARTBEAT {datanodeUUID=ce8ae317-8251-4b4b-ad79-c99d4c9d019c, command=[]} | ret=SUCCESS |  
2019-08-27 09:24:38,372 [EventQueue-StaleNodeForStaleNodeHandler] INFO  node.StaleNodeHandler (StaleNodeHandler.java:onMessage(58)) - Datanode 56e0bca8-6099-4977-8c71-ca6e0a08dcf0{ip: 192.168.34.12, host: pr-hdds-738-8rv22-2539771249, networkLocation: /default-rack, certSerialId: null} moved to stale state. Finalizing its pipelines [PipelineID=4ec8802f-3fd5-483b-99d0-404527d9c195, PipelineID=32a5b2e3-3296-4a00-92b8-c9bb8001774f]
2019-08-27 09:24:38,373 [EventQueue-StaleNodeForStaleNodeHandler] INFO  pipeline.SCMPipelineManager (SCMPipelineManager.java:finalizeAndDestroyPipeline(309)) - destroying pipeline:Pipeline[ Id: 4ec8802f-3fd5-483b-99d0-404527d9c195, Nodes: 56e0bca8-6099-4977-8c71-ca6e0a08dcf0{ip: 192.168.34.12, host: pr-hdds-738-8rv22-2539771249, networkLocation: /default-rack, certSerialId: null}, Type:RATIS, Factor:ONE, State:OPEN]
2019-08-27 09:24:38,375 [EventQueue-StaleNodeForStaleNodeHandler] INFO  pipeline.PipelineStateManager (PipelineStateManager.java:finalizePipeline(123)) - Pipeline Pipeline[ Id: 4ec8802f-3fd5-483b-99d0-404527d9c195, Nodes: 56e0bca8-6099-4977-8c71-ca6e0a08dcf0{ip: 192.168.34.12, host: pr-hdds-738-8rv22-2539771249, networkLocation: /default-rack, certSerialId: null}, Type:RATIS, Factor:ONE, State:CLOSED] moved to CLOSED state
2019-08-27 09:24:38,377 [EventQueue-StaleNodeForStaleNodeHandler] INFO  pipeline.SCMPipelineManager (SCMPipelineManager.java:finalizeAndDestroyPipeline(309)) - destroying pipeline:Pipeline[ Id: 32a5b2e3-3296-4a00-92b8-c9bb8001774f, Nodes: e0471fbb-799c-4b0e-bb57-258e588ecc79{ip: 192.168.34.12, host: pr-hdds-738-8rv22-2539771249, networkLocation: /default-rack, certSerialId: null}56e0bca8-6099-4977-8c71-ca6e0a08dcf0{ip: 192.168.34.12, host: pr-hdds-738-8rv22-2539771249, networkLocation: /default-rack, certSerialId: null}ce8ae317-8251-4b4b-ad79-c99d4c9d019c{ip: 192.168.34.12, host: pr-hdds-738-8rv22-2539771249, networkLocation: /default-rack, certSerialId: null}, Type:RATIS, Factor:THREE, State:OPEN]
2019-08-27 09:24:38,377 [EventQueue-StaleNodeForStaleNodeHandler] INFO  pipeline.PipelineStateManager (PipelineStateManager.java:finalizePipeline(123)) - Pipeline Pipeline[ Id: 32a5b2e3-3296-4a00-92b8-c9bb8001774f, Nodes: e0471fbb-799c-4b0e-bb57-258e588ecc79{ip: 192.168.34.12, host: pr-hdds-738-8rv22-2539771249, networkLocation: /default-rack, certSerialId: null}56e0bca8-6099-4977-8c71-ca6e0a08dcf0{ip: 192.168.34.12, host: pr-hdds-738-8rv22-2539771249, networkLocation: /default-rack, certSerialId: null}ce8ae317-8251-4b4b-ad79-c99d4c9d019c{ip: 192.168.34.12, host: pr-hdds-738-8rv22-2539771249, networkLocation: /default-rack, certSerialId: null}, Type:RATIS, Factor:THREE, State:CLOSED] moved to CLOSED state
2019-08-27 09:24:38,378 [EventQueue-CloseContainerForCloseContainerEventHandler] INFO  container.CloseContainerEventHandler (CloseContainerEventHandler.java:onMessage(61)) - Close container Event triggered for container : #1
2019-08-27 09:24:38,893 | INFO  | SCMAudit | user=jenkins1000 | ip=192.168.34.12 | op=SEND_HEARTBEAT {datanodeUUID=79c4d2ef-606e-4498-8078-25febc5aaa5f, command=[]} | ret=SUCCESS |  
2019-08-27 09:24:39,013 | INFO  | SCMAudit | user=jenkins1000 | ip=192.168.34.12 | op=SEND_HEARTBEAT {datanodeUUID=7d876507-ba1b-4ebc-a5b3-10ac658fa12f, command=[]} | ret=SUCCESS |  
2019-08-27 09:24:39,014 | INFO  | SCMAudit | user=jenkins1000 | ip=192.168.34.12 | op=SEND_HEARTBEAT {datanodeUUID=fc98e046-3719-409e-ae96-fb17601fedec, command=[]} | ret=SUCCESS |  
2019-08-27 09:24:39,074 [EventQueue-StaleNodeForStaleNodeHandler] INFO  node.StaleNodeHandler (StaleNodeHandler.java:onMessage(58)) - Datanode d2f14ea7-d66a-4e34-b16b-9d776ceaf026{ip: 192.168.34.12, host: pr-hdds-738-8rv22-2539771249, networkLocation: /default-rack, certSerialId: null} moved to stale state. Finalizing its pipelines [PipelineID=19873bb3-b703-4130-98b6-4195d49832b4, PipelineID=48f4e777-915c-4a9e-8f77-0c965e87bcae]
2019-08-27 09:24:39,074 [EventQueue-StaleNodeForStaleNodeHandler] INFO  pipeline.SCMPipelineManager (SCMPipelineManager.java:finalizeAndDestroyPipeline(309)) - destroying pipeline:Pipeline[ Id: 19873bb3-b703-4130-98b6-4195d49832b4, Nodes: d2f14ea7-d66a-4e34-b16b-9d776ceaf026{ip: 192.168.34.12, host: pr-hdds-738-8rv22-2539771249, networkLocation: /default-rack, certSerialId: null}, Type:RATIS, Factor:ONE, State:OPEN]
2019-08-27 09:24:39,075 [EventQueue-StaleNodeForStaleNodeHandler] INFO  pipeline.PipelineStateManager (PipelineStateManager.java:finalizePipeline(123)) - Pipeline Pipeline[ Id: 19873bb3-b703-4130-98b6-4195d49832b4, Nodes: d2f14ea7-d66a-4e34-b16b-9d776ceaf026{ip: 192.168.34.12, host: pr-hdds-738-8rv22-2539771249, networkLocation: /default-rack, certSerialId: null}, Type:RATIS, Factor:ONE, State:CLOSED] moved to CLOSED state
2019-08-27 09:24:39,075 [EventQueue-StaleNodeForStaleNodeHandler] INFO  pipeline.SCMPipelineManager (SCMPipelineManager.java:finalizeAndDestroyPipeline(309)) - destroying pipeline:Pipeline[ Id: 48f4e777-915c-4a9e-8f77-0c965e87bcae, Nodes: d2f14ea7-d66a-4e34-b16b-9d776ceaf026{ip: 192.168.34.12, host: pr-hdds-738-8rv22-2539771249, networkLocation: /default-rack, certSerialId: null}7d876507-ba1b-4ebc-a5b3-10ac658fa12f{ip: 192.168.34.12, host: pr-hdds-738-8rv22-2539771249, networkLocation: /default-rack, certSerialId: null}fc98e046-3719-409e-ae96-fb17601fedec{ip: 192.168.34.12, host: pr-hdds-738-8rv22-2539771249, networkLocation: /default-rack, certSerialId: null}, Type:RATIS, Factor:THREE, State:OPEN]
2019-08-27 09:24:39,075 [EventQueue-StaleNodeForStaleNodeHandler] INFO  pipeline.PipelineStateManager (PipelineStateManager.java:finalizePipeline(123)) - Pipeline Pipeline[ Id: 48f4e777-915c-4a9e-8f77-0c965e87bcae, Nodes: d2f14ea7-d66a-4e34-b16b-9d776ceaf026{ip: 192.168.34.12, host: pr-hdds-738-8rv22-2539771249, networkLocation: /default-rack, certSerialId: null}7d876507-ba1b-4ebc-a5b3-10ac658fa12f{ip: 192.168.34.12, host: pr-hdds-738-8rv22-2539771249, networkLocation: /default-rack, certSerialId: null}fc98e046-3719-409e-ae96-fb17601fedec{ip: 192.168.34.12, host: pr-hdds-738-8rv22-2539771249, networkLocation: /default-rack, certSerialId: null}, Type:RATIS, Factor:THREE, State:CLOSED] moved to CLOSED state
2019-08-27 09:24:39,076 [EventQueue-CloseContainerForCloseContainerEventHandler] INFO  container.CloseContainerEventHandler (CloseContainerEventHandler.java:onMessage(61)) - Close container Event triggered for container : #2
2019-08-27 09:24:39,194 [main] INFO  ozoneimpl.OzoneContainer (OzoneContainer.java:stop(199)) - Attempting to stop container services.
2019-08-27 09:24:39,194 [ForkJoinPool.commonPool-worker-0] INFO  ozoneimpl.OzoneContainer (OzoneContainer.java:stop(199)) - Attempting to stop container services.
2019-08-27 09:24:39,195 [main] INFO  impl.RaftServerProxy (RaftServerProxy.java:lambda$close$4(314)) - 56e0bca8-6099-4977-8c71-ca6e0a08dcf0: close
2019-08-27 09:24:39,195 [ForkJoinPool.commonPool-worker-0] INFO  impl.RaftServerProxy (RaftServerProxy.java:lambda$close$4(314)) - d2f14ea7-d66a-4e34-b16b-9d776ceaf026: close
2019-08-27 09:24:39,197 [ForkJoinPool.commonPool-worker-0] INFO  impl.RaftServerImpl (RaftServerImpl.java:lambda$shutdown$3(245)) - d2f14ea7-d66a-4e34-b16b-9d776ceaf026: shutdown group-4195D49832B4
2019-08-27 09:24:39,197 [main] INFO  impl.RaftServerImpl (RaftServerImpl.java:lambda$shutdown$3(245)) - 56e0bca8-6099-4977-8c71-ca6e0a08dcf0: shutdown group-404527D9C195
2019-08-27 09:24:39,198 [ForkJoinPool.commonPool-worker-0] INFO  util.JmxRegister (JmxRegister.java:unregister(73)) - Successfully un-registered JMX Bean with object name Ratis:service=RaftServer,group=group-4195D49832B4,id=d2f14ea7-d66a-4e34-b16b-9d776ceaf026
2019-08-27 09:24:39,198 [main] INFO  util.JmxRegister (JmxRegister.java:unregister(73)) - Successfully un-registered JMX Bean with object name Ratis:service=RaftServer,group=group-404527D9C195,id=56e0bca8-6099-4977-8c71-ca6e0a08dcf0
2019-08-27 09:24:39,198 [ForkJoinPool.commonPool-worker-0] INFO  impl.RoleInfo (RoleInfo.java:shutdownLeaderState(104)) - d2f14ea7-d66a-4e34-b16b-9d776ceaf026: shutdown LeaderState
2019-08-27 09:24:39,199 [main] INFO  impl.RoleInfo (RoleInfo.java:shutdownLeaderState(104)) - 56e0bca8-6099-4977-8c71-ca6e0a08dcf0: shutdown LeaderState
2019-08-27 09:24:39,200 [ForkJoinPool.commonPool-worker-0] INFO  impl.PendingRequests (PendingRequests.java:sendNotLeaderResponses(202)) - d2f14ea7-d66a-4e34-b16b-9d776ceaf026-PendingRequests: sendNotLeaderResponses
2019-08-27 09:24:39,200 [main] INFO  impl.PendingRequests (PendingRequests.java:sendNotLeaderResponses(202)) - 56e0bca8-6099-4977-8c71-ca6e0a08dcf0-PendingRequests: sendNotLeaderResponses
2019-08-27 09:24:39,206 [main] INFO  impl.StateMachineUpdater (StateMachineUpdater.java:stopAndJoin(115)) - StateMachineUpdater:56e0bca8-6099-4977-8c71-ca6e0a08dcf0:group-404527D9C195: set stopIndex = 0
2019-08-27 09:24:39,206 [ForkJoinPool.commonPool-worker-0] INFO  impl.StateMachineUpdater (StateMachineUpdater.java:stopAndJoin(115)) - StateMachineUpdater:d2f14ea7-d66a-4e34-b16b-9d776ceaf026:group-4195D49832B4: set stopIndex = 0
2019-08-27 09:24:39,211 [main] INFO  impl.RaftServerImpl (ServerState.java:close(394)) - 56e0bca8-6099-4977-8c71-ca6e0a08dcf0:group-404527D9C195 closes. The last applied log index is 0
2019-08-27 09:24:39,211 [ForkJoinPool.commonPool-worker-0] INFO  impl.RaftServerImpl (ServerState.java:close(394)) - d2f14ea7-d66a-4e34-b16b-9d776ceaf026:group-4195D49832B4 closes. The last applied log index is 0
2019-08-27 09:24:39,214 [56e0bca8-6099-4977-8c71-ca6e0a08dcf0-SegmentedRaftLogWorker:Storage Directory /workdir/hadoop-ozone/integration-test/target/test-dir/MiniOzoneClusterImpl-58938c5f-3d8a-4dfc-b7d6-ee05bfa799f3/datanode-4/data/ratis/4ec8802f-3fd5-483b-99d0-404527d9c195] INFO  segmented.SegmentedRaftLogWorker (SegmentedRaftLogWorker.java:run(313)) - 56e0bca8-6099-4977-8c71-ca6e0a08dcf0-SegmentedRaftLogWorker:Storage Directory /workdir/hadoop-ozone/integration-test/target/test-dir/MiniOzoneClusterImpl-58938c5f-3d8a-4dfc-b7d6-ee05bfa799f3/datanode-4/data/ratis/4ec8802f-3fd5-483b-99d0-404527d9c195 was interrupted, exiting. There are 0 tasks remaining in the queue.
2019-08-27 09:24:39,214 [d2f14ea7-d66a-4e34-b16b-9d776ceaf026-SegmentedRaftLogWorker:Storage Directory /workdir/hadoop-ozone/integration-test/target/test-dir/MiniOzoneClusterImpl-58938c5f-3d8a-4dfc-b7d6-ee05bfa799f3/datanode-1/data/ratis/19873bb3-b703-4130-98b6-4195d49832b4] INFO  segmented.SegmentedRaftLogWorker (SegmentedRaftLogWorker.java:run(313)) - d2f14ea7-d66a-4e34-b16b-9d776ceaf026-SegmentedRaftLogWorker:Storage Directory /workdir/hadoop-ozone/integration-test/target/test-dir/MiniOzoneClusterImpl-58938c5f-3d8a-4dfc-b7d6-ee05bfa799f3/datanode-1/data/ratis/19873bb3-b703-4130-98b6-4195d49832b4 was interrupted, exiting. There are 0 tasks remaining in the queue.
2019-08-27 09:24:39,218 [main] INFO  segmented.SegmentedRaftLogWorker (SegmentedRaftLogWorker.java:close(228)) - 56e0bca8-6099-4977-8c71-ca6e0a08dcf0-SegmentedRaftLogWorker:Storage Directory /workdir/hadoop-ozone/integration-test/target/test-dir/MiniOzoneClusterImpl-58938c5f-3d8a-4dfc-b7d6-ee05bfa799f3/datanode-4/data/ratis/4ec8802f-3fd5-483b-99d0-404527d9c195 close()
2019-08-27 09:24:39,218 [ForkJoinPool.commonPool-worker-0] INFO  segmented.SegmentedRaftLogWorker (SegmentedRaftLogWorker.java:close(228)) - d2f14ea7-d66a-4e34-b16b-9d776ceaf026-SegmentedRaftLogWorker:Storage Directory /workdir/hadoop-ozone/integration-test/target/test-dir/MiniOzoneClusterImpl-58938c5f-3d8a-4dfc-b7d6-ee05bfa799f3/datanode-1/data/ratis/19873bb3-b703-4130-98b6-4195d49832b4 close()
2019-08-27 09:24:39,222 [main] INFO  impl.RaftServerImpl (RaftServerImpl.java:lambda$shutdown$3(245)) - 56e0bca8-6099-4977-8c71-ca6e0a08dcf0: shutdown group-C9BB8001774F
2019-08-27 09:24:39,226 [ForkJoinPool.commonPool-worker-0] INFO  impl.RaftServerImpl (RaftServerImpl.java:lambda$shutdown$3(245)) - d2f14ea7-d66a-4e34-b16b-9d776ceaf026: shutdown group-0C965E87BCAE
2019-08-27 09:24:39,227 [main] INFO  util.JmxRegister (JmxRegister.java:unregister(73)) - Successfully un-registered JMX Bean with object name Ratis:service=RaftServer,group=group-C9BB8001774F,id=56e0bca8-6099-4977-8c71-ca6e0a08dcf0
2019-08-27 09:24:39,227 [ForkJoinPool.commonPool-worker-0] INFO  util.JmxRegister (JmxRegister.java:unregister(73)) - Successfully un-registered JMX Bean with object name Ratis:service=RaftServer,group=group-0C965E87BCAE,id=d2f14ea7-d66a-4e34-b16b-9d776ceaf026
2019-08-27 09:24:39,227 [main] INFO  impl.RoleInfo (RoleInfo.java:shutdownFollowerState(121)) - 56e0bca8-6099-4977-8c71-ca6e0a08dcf0: shutdown FollowerState
2019-08-27 09:24:39,228 [ForkJoinPool.commonPool-worker-0] INFO  impl.RoleInfo (RoleInfo.java:shutdownLeaderState(104)) - d2f14ea7-d66a-4e34-b16b-9d776ceaf026: shutdown LeaderState
2019-08-27 09:24:39,228 [StateMachineUpdater:56e0bca8-6099-4977-8c71-ca6e0a08dcf0:group-C9BB8001774F] INFO  ratis.ContainerStateMachine (ContainerStateMachine.java:takeSnapshot(283)) - group-C9BB8001774F: Taking a snapshot at:(t:1, i:15) file /workdir/hadoop-ozone/integration-test/target/test-dir/MiniOzoneClusterImpl-58938c5f-3d8a-4dfc-b7d6-ee05bfa799f3/datanode-4/data/ratis/32a5b2e3-3296-4a00-92b8-c9bb8001774f/sm/snapshot.1_15
2019-08-27 09:24:39,228 [Thread-311] INFO  impl.FollowerState (FollowerState.java:run(114)) - 56e0bca8-6099-4977-8c71-ca6e0a08dcf0: FollowerState was interrupted: java.lang.InterruptedException: sleep interrupted
2019-08-27 09:24:39,228 [main] INFO  impl.StateMachineUpdater (StateMachineUpdater.java:stopAndJoin(115)) - StateMachineUpdater:56e0bca8-6099-4977-8c71-ca6e0a08dcf0:group-C9BB8001774F: set stopIndex = 15
2019-08-27 09:24:39,235 [org.apache.ratis.server.impl.LogAppender$AppenderDaemon$$Lambda$460/1962514954@4cee42b6] WARN  server.GrpcLogAppender (GrpcLogAppender.java:mayWait(143)) - GrpcLogAppender(d2f14ea7-d66a-4e34-b16b-9d776ceaf026->7d876507-ba1b-4ebc-a5b3-10ac658fa12f): Wait interrupted by java.lang.InterruptedException
2019-08-27 09:24:39,235 [org.apache.ratis.server.impl.LogAppender$AppenderDaemon$$Lambda$460/1962514954@9ecddef] WARN  server.GrpcLogAppender (GrpcLogAppender.java:mayWait(143)) - GrpcLogAppender(d2f14ea7-d66a-4e34-b16b-9d776ceaf026->fc98e046-3719-409e-ae96-fb17601fedec): Wait interrupted by java.lang.InterruptedException
2019-08-27 09:24:39,235 [ForkJoinPool.commonPool-worker-0] INFO  impl.PendingRequests (PendingRequests.java:sendNotLeaderResponses(202)) - d2f14ea7-d66a-4e34-b16b-9d776ceaf026-PendingRequests: sendNotLeaderResponses
2019-08-27 09:24:39,242 [grpc-default-executor-4] INFO  server.GrpcServerProtocolService (GrpcServerProtocolService.java:onCompleted(104)) - 7d876507-ba1b-4ebc-a5b3-10ac658fa12f: appendEntries completed
2019-08-27 09:24:39,242 [grpc-default-executor-5] INFO  server.GrpcServerProtocolService (GrpcServerProtocolService.java:onCompleted(104)) - fc98e046-3719-409e-ae96-fb17601fedec: appendEntries completed
2019-08-27 09:24:39,248 [grpc-default-executor-5] INFO  server.GrpcLogAppender (GrpcLogAppender.java:onCompleted(292)) - d2f14ea7-d66a-4e34-b16b-9d776ceaf026->7d876507-ba1b-4ebc-a5b3-10ac658fa12f: follower responses appendEntries COMPLETED
2019-08-27 09:24:39,248 [grpc-default-executor-4] INFO  server.GrpcLogAppender (GrpcLogAppender.java:onCompleted(292)) - d2f14ea7-d66a-4e34-b16b-9d776ceaf026->fc98e046-3719-409e-ae96-fb17601fedec: follower responses appendEntries COMPLETED
2019-08-27 09:24:39,257 [grpc-default-executor-4] INFO  impl.FollowerInfo (FollowerInfo.java:lambda$new$0(50)) - d2f14ea7-d66a-4e34-b16b-9d776ceaf026->fc98e046-3719-409e-ae96-fb17601fedec: nextIndex: updateUnconditionally 5 -> 4
2019-08-27 09:24:39,257 [grpc-default-executor-5] INFO  impl.FollowerInfo (FollowerInfo.java:lambda$new$0(50)) - d2f14ea7-d66a-4e34-b16b-9d776ceaf026->7d876507-ba1b-4ebc-a5b3-10ac658fa12f: nextIndex: updateUnconditionally 5 -> 4
2019-08-27 09:24:39,283 [ForkJoinPool.commonPool-worker-0] INFO  impl.StateMachineUpdater (StateMachineUpdater.java:stopAndJoin(115)) - StateMachineUpdater:d2f14ea7-d66a-4e34-b16b-9d776ceaf026:group-0C965E87BCAE: set stopIndex = 4
2019-08-27 09:24:39,283 [StateMachineUpdater:d2f14ea7-d66a-4e34-b16b-9d776ceaf026:group-0C965E87BCAE] INFO  ratis.ContainerStateMachine (ContainerStateMachine.java:takeSnapshot(283)) - group-0C965E87BCAE: Taking a snapshot at:(t:2, i:4) file /workdir/hadoop-ozone/integration-test/target/test-dir/MiniOzoneClusterImpl-58938c5f-3d8a-4dfc-b7d6-ee05bfa799f3/datanode-1/data/ratis/48f4e777-915c-4a9e-8f77-0c965e87bcae/sm/snapshot.2_4
2019-08-27 09:24:39,313 [StateMachineUpdater:56e0bca8-6099-4977-8c71-ca6e0a08dcf0:group-C9BB8001774F] INFO  ratis.ContainerStateMachine (ContainerStateMachine.java:takeSnapshot(294)) - group-C9BB8001774F: Finished taking a snapshot at:(t:1, i:15) file:/workdir/hadoop-ozone/integration-test/target/test-dir/MiniOzoneClusterImpl-58938c5f-3d8a-4dfc-b7d6-ee05bfa799f3/datanode-4/data/ratis/32a5b2e3-3296-4a00-92b8-c9bb8001774f/sm/snapshot.1_15 time:86
2019-08-27 09:24:39,313 [StateMachineUpdater:d2f14ea7-d66a-4e34-b16b-9d776ceaf026:group-0C965E87BCAE] INFO  ratis.ContainerStateMachine (ContainerStateMachine.java:takeSnapshot(294)) - group-0C965E87BCAE: Finished taking a snapshot at:(t:2, i:4) file:/workdir/hadoop-ozone/integration-test/target/test-dir/MiniOzoneClusterImpl-58938c5f-3d8a-4dfc-b7d6-ee05bfa799f3/datanode-1/data/ratis/48f4e777-915c-4a9e-8f77-0c965e87bcae/sm/snapshot.2_4 time:31
2019-08-27 09:24:39,314 [StateMachineUpdater:56e0bca8-6099-4977-8c71-ca6e0a08dcf0:group-C9BB8001774F] INFO  impl.StateMachineUpdater (StateMachineUpdater.java:takeSnapshot(242)) - StateMachineUpdater:56e0bca8-6099-4977-8c71-ca6e0a08dcf0:group-C9BB8001774F: Took a snapshot at index 15
2019-08-27 09:24:39,314 [StateMachineUpdater:d2f14ea7-d66a-4e34-b16b-9d776ceaf026:group-0C965E87BCAE] INFO  impl.StateMachineUpdater (StateMachineUpdater.java:takeSnapshot(242)) - StateMachineUpdater:d2f14ea7-d66a-4e34-b16b-9d776ceaf026:group-0C965E87BCAE: Took a snapshot at index 4
2019-08-27 09:24:39,314 [StateMachineUpdater:56e0bca8-6099-4977-8c71-ca6e0a08dcf0:group-C9BB8001774F] INFO  impl.StateMachineUpdater (StateMachineUpdater.java:lambda$new$0(80)) - StateMachineUpdater:56e0bca8-6099-4977-8c71-ca6e0a08dcf0:group-C9BB8001774F: snapshotIndex: updateIncreasingly -1 -> 15
2019-08-27 09:24:39,314 [StateMachineUpdater:d2f14ea7-d66a-4e34-b16b-9d776ceaf026:group-0C965E87BCAE] INFO  impl.StateMachineUpdater (StateMachineUpdater.java:lambda$new$0(80)) - StateMachineUpdater:d2f14ea7-d66a-4e34-b16b-9d776ceaf026:group-0C965E87BCAE: snapshotIndex: updateIncreasingly -1 -> 4
2019-08-27 09:24:39,317 | INFO  | SCMAudit | user=jenkins1000 | ip=192.168.34.12 | op=SEND_HEARTBEAT {datanodeUUID=e0471fbb-799c-4b0e-bb57-258e588ecc79, command=[commandType: closeContainerCommand closeContainerCommandProto { containerID: 1 pipelineID { id: "32a5b2e3-3296-4a00-92b8-c9bb8001774f" } cmdId: 1 force: false } ]} | ret=SUCCESS |  
2019-08-27 09:24:39,323 [main] INFO  impl.RaftServerImpl (ServerState.java:close(394)) - 56e0bca8-6099-4977-8c71-ca6e0a08dcf0:group-C9BB8001774F closes. The last applied log index is 15
2019-08-27 09:24:39,323 [ForkJoinPool.commonPool-worker-0] INFO  impl.RaftServerImpl (ServerState.java:close(394)) - d2f14ea7-d66a-4e34-b16b-9d776ceaf026:group-0C965E87BCAE closes. The last applied log index is 4
2019-08-27 09:24:39,324 [56e0bca8-6099-4977-8c71-ca6e0a08dcf0-SegmentedRaftLogWorker:Storage Directory /workdir/hadoop-ozone/integration-test/target/test-dir/MiniOzoneClusterImpl-58938c5f-3d8a-4dfc-b7d6-ee05bfa799f3/datanode-4/data/ratis/32a5b2e3-3296-4a00-92b8-c9bb8001774f] INFO  segmented.SegmentedRaftLogWorker (SegmentedRaftLogWorker.java:run(313)) - 56e0bca8-6099-4977-8c71-ca6e0a08dcf0-SegmentedRaftLogWorker:Storage Directory /workdir/hadoop-ozone/integration-test/target/test-dir/MiniOzoneClusterImpl-58938c5f-3d8a-4dfc-b7d6-ee05bfa799f3/datanode-4/data/ratis/32a5b2e3-3296-4a00-92b8-c9bb8001774f was interrupted, exiting. There are 0 tasks remaining in the queue.
2019-08-27 09:24:39,324 [d2f14ea7-d66a-4e34-b16b-9d776ceaf026-SegmentedRaftLogWorker:Storage Directory /workdir/hadoop-ozone/integration-test/target/test-dir/MiniOzoneClusterImpl-58938c5f-3d8a-4dfc-b7d6-ee05bfa799f3/datanode-1/data/ratis/48f4e777-915c-4a9e-8f77-0c965e87bcae] INFO  segmented.SegmentedRaftLogWorker (SegmentedRaftLogWorker.java:run(313)) - d2f14ea7-d66a-4e34-b16b-9d776ceaf026-SegmentedRaftLogWorker:Storage Directory /workdir/hadoop-ozone/integration-test/target/test-dir/MiniOzoneClusterImpl-58938c5f-3d8a-4dfc-b7d6-ee05bfa799f3/datanode-1/data/ratis/48f4e777-915c-4a9e-8f77-0c965e87bcae was interrupted, exiting. There are 0 tasks remaining in the queue.
2019-08-27 09:24:39,326 [main] INFO  segmented.SegmentedRaftLogWorker (SegmentedRaftLogWorker.java:close(228)) - 56e0bca8-6099-4977-8c71-ca6e0a08dcf0-SegmentedRaftLogWorker:Storage Directory /workdir/hadoop-ozone/integration-test/target/test-dir/MiniOzoneClusterImpl-58938c5f-3d8a-4dfc-b7d6-ee05bfa799f3/datanode-4/data/ratis/32a5b2e3-3296-4a00-92b8-c9bb8001774f close()
2019-08-27 09:24:39,329 [ForkJoinPool.commonPool-worker-0] INFO  segmented.SegmentedRaftLogWorker (SegmentedRaftLogWorker.java:close(228)) - d2f14ea7-d66a-4e34-b16b-9d776ceaf026-SegmentedRaftLogWorker:Storage Directory /workdir/hadoop-ozone/integration-test/target/test-dir/MiniOzoneClusterImpl-58938c5f-3d8a-4dfc-b7d6-ee05bfa799f3/datanode-1/data/ratis/48f4e777-915c-4a9e-8f77-0c965e87bcae close()
2019-08-27 09:24:39,336 [main] INFO  server.GrpcService (GrpcService.java:closeImpl(155)) - 56e0bca8-6099-4977-8c71-ca6e0a08dcf0: shutdown server with port 42744 now
2019-08-27 09:24:39,336 [ForkJoinPool.commonPool-worker-0] INFO  server.GrpcService (GrpcService.java:closeImpl(155)) - d2f14ea7-d66a-4e34-b16b-9d776ceaf026: shutdown server with port 42786 now
2019-08-27 09:24:39,341 [main] INFO  server.GrpcService (GrpcService.java:closeImpl(163)) - 56e0bca8-6099-4977-8c71-ca6e0a08dcf0: shutdown server with port 42744 successfully
2019-08-27 09:24:39,342 [grpc-default-executor-4] WARN  server.GrpcServerProtocolService (LogUtils.java:warn(134)) - 56e0bca8-6099-4977-8c71-ca6e0a08dcf0: appendEntries onError: org.apache.ratis.thirdparty.io.grpc.StatusRuntimeException: CANCELLED: cancelled before receiving half close
2019-08-27 09:24:39,342 [ForkJoinPool.commonPool-worker-0] INFO  server.GrpcService (GrpcService.java:closeImpl(163)) - d2f14ea7-d66a-4e34-b16b-9d776ceaf026: shutdown server with port 42786 successfully
2019-08-27 09:24:39,347 [grpc-default-executor-3] WARN  server.GrpcLogAppender (LogUtils.java:warn(134)) - e0471fbb-799c-4b0e-bb57-258e588ecc79->56e0bca8-6099-4977-8c71-ca6e0a08dcf0: Failed appendEntries: org.apache.ratis.thirdparty.io.grpc.StatusRuntimeException: CANCELLED: HTTP/2 error code: CANCEL
Received Rst Stream
2019-08-27 09:24:39,349 [grpc-default-executor-3] INFO  impl.FollowerInfo (FollowerInfo.java:lambda$new$0(50)) - e0471fbb-799c-4b0e-bb57-258e588ecc79->56e0bca8-6099-4977-8c71-ca6e0a08dcf0: nextIndex: updateUnconditionally 16 -> 15
2019-08-27 09:24:39,349 [ForkJoinPool.commonPool-worker-0] INFO  utils.BackgroundService (BackgroundService.java:shutdown(148)) - Shutting down service BlockDeletingService
2019-08-27 09:24:39,349 [main] INFO  utils.BackgroundService (BackgroundService.java:shutdown(148)) - Shutting down service BlockDeletingService
2019-08-27 09:24:39,351 [refreshUsed-/workdir/hadoop-ozone/integration-test/target/test-dir/MiniOzoneClusterImpl-58938c5f-3d8a-4dfc-b7d6-ee05bfa799f3/datanode-1/data/containers] WARN  fs.CachingGetSpaceUsed (CachingGetSpaceUsed.java:run(183)) - Thread Interrupted waiting to refresh disk information: sleep interrupted
2019-08-27 09:24:39,352 [refreshUsed-/workdir/hadoop-ozone/integration-test/target/test-dir/MiniOzoneClusterImpl-58938c5f-3d8a-4dfc-b7d6-ee05bfa799f3/datanode-4/data/containers] WARN  fs.CachingGetSpaceUsed (CachingGetSpaceUsed.java:run(183)) - Thread Interrupted waiting to refresh disk information: sleep interrupted
2019-08-27 09:24:39,356 | INFO  | SCMAudit | user=jenkins1000 | ip=192.168.34.12 | op=SEND_HEARTBEAT {datanodeUUID=ce8ae317-8251-4b4b-ad79-c99d4c9d019c, command=[commandType: closeContainerCommand closeContainerCommandProto { containerID: 1 pipelineID { id: "32a5b2e3-3296-4a00-92b8-c9bb8001774f" } cmdId: 1 force: false } ]} | ret=SUCCESS |  
2019-08-27 09:24:39,387 [main] INFO  statemachine.DatanodeStateMachine (DatanodeStateMachine.java:stopDaemon(395)) - Ozone container server stopped.
2019-08-27 09:24:39,389 [main] INFO  handler.ContextHandler (ContextHandler.java:doStop(910)) - Stopped o.e.j.w.WebAppContext@33634f04{/,null,UNAVAILABLE}{/hddsDatanode}
2019-08-27 09:24:39,390 [main] INFO  server.AbstractConnector (AbstractConnector.java:doStop(318)) - Stopped ServerConnector@4993febc{HTTP/1.1,[http/1.1]}{0.0.0.0:0}
2019-08-27 09:24:39,390 [main] INFO  handler.ContextHandler (ContextHandler.java:doStop(910)) - Stopped o.e.j.s.ServletContextHandler@6fa0450e{/static,jar:file:/home/user/.m2/repository/org/apache/hadoop/hadoop-hdds-container-service/0.5.0-SNAPSHOT/hadoop-hdds-container-service-0.5.0-SNAPSHOT.jar!/webapps/static,UNAVAILABLE}
2019-08-27 09:24:39,390 [main] INFO  handler.ContextHandler (ContextHandler.java:doStop(910)) - Stopped o.e.j.s.ServletContextHandler@72e295cc{/logs,file:///workdir/hadoop-ozone/integration-test/target/log,UNAVAILABLE}
2019-08-27 09:24:39,400 [ForkJoinPool.commonPool-worker-0] INFO  statemachine.DatanodeStateMachine (DatanodeStateMachine.java:stopDaemon(395)) - Ozone container server stopped.
2019-08-27 09:24:39,406 [ForkJoinPool.commonPool-worker-0] INFO  handler.ContextHandler (ContextHandler.java:doStop(910)) - Stopped o.e.j.w.WebAppContext@17143b3b{/,null,UNAVAILABLE}{/hddsDatanode}
2019-08-27 09:24:39,406 [ForkJoinPool.commonPool-worker-0] INFO  server.AbstractConnector (AbstractConnector.java:doStop(318)) - Stopped ServerConnector@100c8b75{HTTP/1.1,[http/1.1]}{0.0.0.0:0}
2019-08-27 09:24:39,408 [ForkJoinPool.commonPool-worker-0] INFO  handler.ContextHandler (ContextHandler.java:doStop(910)) - Stopped o.e.j.s.ServletContextHandler@12eedfee{/static,jar:file:/home/user/.m2/repository/org/apache/hadoop/hadoop-hdds-container-service/0.5.0-SNAPSHOT/hadoop-hdds-container-service-0.5.0-SNAPSHOT.jar!/webapps/static,UNAVAILABLE}
2019-08-27 09:24:39,410 [ForkJoinPool.commonPool-worker-0] INFO  handler.ContextHandler (ContextHandler.java:doStop(910)) - Stopped o.e.j.s.ServletContextHandler@58fef7f7{/logs,file:///workdir/hadoop-ozone/integration-test/target/log,UNAVAILABLE}
2019-08-27 09:24:39,893 | INFO  | SCMAudit | user=jenkins1000 | ip=192.168.34.12 | op=SEND_HEARTBEAT {datanodeUUID=79c4d2ef-606e-4498-8078-25febc5aaa5f, command=[]} | ret=SUCCESS |  
2019-08-27 09:24:40,012 [Datanode State Machine Thread - 0] INFO  statemachine.DatanodeStateMachine (DatanodeStateMachine.java:lambda$startDaemon$0(350)) - Ozone container server started.
2019-08-27 09:24:40,013 [Datanode State Machine Thread - 0] INFO  statemachine.DatanodeStateMachine (DatanodeStateMachine.java:lambda$startDaemon$0(350)) - Ozone container server started.
2019-08-27 09:24:40,284 | INFO  | SCMAudit | user=jenkins1000 | ip=192.168.34.12 | op=SEND_HEARTBEAT {datanodeUUID=e0471fbb-799c-4b0e-bb57-258e588ecc79, command=[]} | ret=SUCCESS |  
2019-08-27 09:24:40,353 | INFO  | SCMAudit | user=jenkins1000 | ip=192.168.34.12 | op=SEND_HEARTBEAT {datanodeUUID=ce8ae317-8251-4b4b-ad79-c99d4c9d019c, command=[]} | ret=SUCCESS |  
2019-08-27 09:24:40,893 | INFO  | SCMAudit | user=jenkins1000 | ip=192.168.34.12 | op=SEND_HEARTBEAT {datanodeUUID=79c4d2ef-606e-4498-8078-25febc5aaa5f, command=[]} | ret=SUCCESS |  
2019-08-27 09:24:41,236 [grpc-default-executor-3] WARN  server.GrpcLogAppender (LogUtils.java:warn(134)) - e0471fbb-799c-4b0e-bb57-258e588ecc79->56e0bca8-6099-4977-8c71-ca6e0a08dcf0: Failed appendEntries: org.apache.ratis.thirdparty.io.grpc.StatusRuntimeException: UNAVAILABLE: io exception
2019-08-27 09:24:41,239 [grpc-default-executor-3] INFO  impl.FollowerInfo (FollowerInfo.java:lambda$new$0(50)) - e0471fbb-799c-4b0e-bb57-258e588ecc79->56e0bca8-6099-4977-8c71-ca6e0a08dcf0: nextIndex: updateUnconditionally 15 -> 14
2019-08-27 09:24:41,284 | INFO  | SCMAudit | user=jenkins1000 | ip=192.168.34.12 | op=SEND_HEARTBEAT {datanodeUUID=e0471fbb-799c-4b0e-bb57-258e588ecc79, command=[]} | ret=SUCCESS |  
2019-08-27 09:24:41,304 | INFO  | SCMAudit | user=jenkins1000 | ip=192.168.34.12 | op=SEND_HEARTBEAT {datanodeUUID=e0471fbb-799c-4b0e-bb57-258e588ecc79, command=[]} | ret=SUCCESS |  
2019-08-27 09:24:41,311 [grpc-default-executor-5] WARN  server.GrpcLogAppender (LogUtils.java:warn(134)) - e0471fbb-799c-4b0e-bb57-258e588ecc79->56e0bca8-6099-4977-8c71-ca6e0a08dcf0: Failed appendEntries: org.apache.ratis.thirdparty.io.grpc.StatusRuntimeException: UNAVAILABLE: io exception
2019-08-27 09:24:41,314 [grpc-default-executor-5] INFO  impl.FollowerInfo (FollowerInfo.java:lambda$new$0(50)) - e0471fbb-799c-4b0e-bb57-258e588ecc79->56e0bca8-6099-4977-8c71-ca6e0a08dcf0: nextIndex: updateUnconditionally 15 -> 14
2019-08-27 09:24:41,326 [grpc-default-executor-4] WARN  server.GrpcLogAppender (LogUtils.java:warn(134)) - e0471fbb-799c-4b0e-bb57-258e588ecc79->56e0bca8-6099-4977-8c71-ca6e0a08dcf0: Failed appendEntries: org.apache.ratis.thirdparty.io.grpc.StatusRuntimeException: UNAVAILABLE: io exception
2019-08-27 09:24:41,329 [grpc-default-executor-4] INFO  impl.FollowerInfo (FollowerInfo.java:lambda$new$0(50)) - e0471fbb-799c-4b0e-bb57-258e588ecc79->56e0bca8-6099-4977-8c71-ca6e0a08dcf0: nextIndex: updateUnconditionally 15 -> 14
2019-08-27 09:24:41,344 [grpc-default-executor-3] WARN  server.GrpcLogAppender (LogUtils.java:warn(134)) - e0471fbb-799c-4b0e-bb57-258e588ecc79->56e0bca8-6099-4977-8c71-ca6e0a08dcf0: Failed appendEntries: org.apache.ratis.thirdparty.io.grpc.StatusRuntimeException: UNAVAILABLE: io exception
2019-08-27 09:24:41,346 [grpc-default-executor-3] INFO  impl.FollowerInfo (FollowerInfo.java:lambda$new$0(50)) - e0471fbb-799c-4b0e-bb57-258e588ecc79->56e0bca8-6099-4977-8c71-ca6e0a08dcf0: nextIndex: updateUnconditionally 15 -> 14
2019-08-27 09:24:41,353 | INFO  | SCMAudit | user=jenkins1000 | ip=192.168.34.12 | op=SEND_HEARTBEAT {datanodeUUID=ce8ae317-8251-4b4b-ad79-c99d4c9d019c, command=[]} | ret=SUCCESS |  
2019-08-27 09:24:41,356 | INFO  | SCMAudit | user=jenkins1000 | ip=192.168.34.12 | op=SEND_HEARTBEAT {datanodeUUID=ce8ae317-8251-4b4b-ad79-c99d4c9d019c, command=[]} | ret=SUCCESS |  
2019-08-27 09:24:41,368 [RatisApplyTransactionExecutor 1] INFO  interfaces.Container (KeyValueContainer.java:compactDB(356)) - Container 1 is closed with bcsId 13.
2019-08-27 09:24:41,369 | INFO  | DNAudit | user=null | ip=null | op=CLOSE_CONTAINER {containerID=1} | ret=SUCCESS |  
2019-08-27 09:24:41,370 | INFO  | SCMAudit | user=jenkins1000 | ip=192.168.34.12 | op=SEND_HEARTBEAT {datanodeUUID=e0471fbb-799c-4b0e-bb57-258e588ecc79, command=[]} | ret=SUCCESS |  
2019-08-27 09:24:41,370 [EventQueue-IncrementalContainerReportForIncrementalContainerReportHandler] INFO  container.IncrementalContainerReportHandler (AbstractContainerReportHandler.java:updateContainerState(176)) - Moving container #1 to CLOSED state, datanode e0471fbb-799c-4b0e-bb57-258e588ecc79{ip: 192.168.34.12, host: pr-hdds-738-8rv22-2539771249, networkLocation: /default-rack, certSerialId: null} reported CLOSED replica.
2019-08-27 09:24:41,408 [RatisApplyTransactionExecutor 1] INFO  interfaces.Container (KeyValueContainer.java:compactDB(356)) - Container 1 is closed with bcsId 13.
2019-08-27 09:24:41,410 | INFO  | DNAudit | user=null | ip=null | op=CLOSE_CONTAINER {containerID=1} | ret=SUCCESS |  
2019-08-27 09:24:41,411 | INFO  | SCMAudit | user=jenkins1000 | ip=192.168.34.12 | op=SEND_HEARTBEAT {datanodeUUID=ce8ae317-8251-4b4b-ad79-c99d4c9d019c, command=[]} | ret=SUCCESS |  
2019-08-27 09:24:41,893 | INFO  | SCMAudit | user=jenkins1000 | ip=192.168.34.12 | op=SEND_HEARTBEAT {datanodeUUID=79c4d2ef-606e-4498-8078-25febc5aaa5f, command=[]} | ret=SUCCESS |  
2019-08-27 09:24:42,370 | INFO  | SCMAudit | user=jenkins1000 | ip=192.168.34.12 | op=SEND_HEARTBEAT {datanodeUUID=e0471fbb-799c-4b0e-bb57-258e588ecc79, command=[]} | ret=SUCCESS |  
2019-08-27 09:24:42,412 | INFO  | SCMAudit | user=jenkins1000 | ip=192.168.34.12 | op=SEND_HEARTBEAT {datanodeUUID=ce8ae317-8251-4b4b-ad79-c99d4c9d019c, command=[]} | ret=SUCCESS |  
2019-08-27 09:24:42,894 | INFO  | SCMAudit | user=jenkins1000 | ip=192.168.34.12 | op=SEND_HEARTBEAT {datanodeUUID=79c4d2ef-606e-4498-8078-25febc5aaa5f, command=[]} | ret=SUCCESS |  
2019-08-27 09:24:43,370 | INFO  | SCMAudit | user=jenkins1000 | ip=192.168.34.12 | op=SEND_HEARTBEAT {datanodeUUID=e0471fbb-799c-4b0e-bb57-258e588ecc79, command=[]} | ret=SUCCESS |  
2019-08-27 09:24:43,412 | INFO  | SCMAudit | user=jenkins1000 | ip=192.168.34.12 | op=SEND_HEARTBEAT {datanodeUUID=ce8ae317-8251-4b4b-ad79-c99d4c9d019c, command=[]} | ret=SUCCESS |  
2019-08-27 09:24:43,848 [grpc-default-executor-5] WARN  server.GrpcLogAppender (LogUtils.java:warn(134)) - e0471fbb-799c-4b0e-bb57-258e588ecc79->56e0bca8-6099-4977-8c71-ca6e0a08dcf0: Failed appendEntries: org.apache.ratis.thirdparty.io.grpc.StatusRuntimeException: UNAVAILABLE: io exception
2019-08-27 09:24:43,851 [grpc-default-executor-5] INFO  impl.FollowerInfo (FollowerInfo.java:lambda$new$0(50)) - e0471fbb-799c-4b0e-bb57-258e588ecc79->56e0bca8-6099-4977-8c71-ca6e0a08dcf0: nextIndex: updateUnconditionally 14 -> 13
2019-08-27 09:24:43,893 | INFO  | SCMAudit | user=jenkins1000 | ip=192.168.34.12 | op=SEND_HEARTBEAT {datanodeUUID=79c4d2ef-606e-4498-8078-25febc5aaa5f, command=[]} | ret=SUCCESS |  
2019-08-27 09:24:44,092 [EventQueue-StaleNodeForStaleNodeHandler] INFO  node.StaleNodeHandler (StaleNodeHandler.java:onMessage(58)) - Datanode 7d876507-ba1b-4ebc-a5b3-10ac658fa12f{ip: 192.168.34.12, host: pr-hdds-738-8rv22-2539771249, networkLocation: /default-rack, certSerialId: null} moved to stale state. Finalizing its pipelines [PipelineID=bbf72026-1611-4887-9c4f-3c529127556e, PipelineID=48f4e777-915c-4a9e-8f77-0c965e87bcae]
2019-08-27 09:24:44,093 [EventQueue-StaleNodeForStaleNodeHandler] INFO  pipeline.SCMPipelineManager (SCMPipelineManager.java:finalizeAndDestroyPipeline(309)) - destroying pipeline:Pipeline[ Id: bbf72026-1611-4887-9c4f-3c529127556e, Nodes: 7d876507-ba1b-4ebc-a5b3-10ac658fa12f{ip: 192.168.34.12, host: pr-hdds-738-8rv22-2539771249, networkLocation: /default-rack, certSerialId: null}, Type:RATIS, Factor:ONE, State:OPEN]
2019-08-27 09:24:44,093 [EventQueue-StaleNodeForStaleNodeHandler] INFO  pipeline.PipelineStateManager (PipelineStateManager.java:finalizePipeline(123)) - Pipeline Pipeline[ Id: bbf72026-1611-4887-9c4f-3c529127556e, Nodes: 7d876507-ba1b-4ebc-a5b3-10ac658fa12f{ip: 192.168.34.12, host: pr-hdds-738-8rv22-2539771249, networkLocation: /default-rack, certSerialId: null}, Type:RATIS, Factor:ONE, State:CLOSED] moved to CLOSED state
2019-08-27 09:24:44,093 [EventQueue-StaleNodeForStaleNodeHandler] INFO  pipeline.SCMPipelineManager (SCMPipelineManager.java:finalizeAndDestroyPipeline(309)) - destroying pipeline:Pipeline[ Id: 48f4e777-915c-4a9e-8f77-0c965e87bcae, Nodes: d2f14ea7-d66a-4e34-b16b-9d776ceaf026{ip: 192.168.34.12, host: pr-hdds-738-8rv22-2539771249, networkLocation: /default-rack, certSerialId: null}7d876507-ba1b-4ebc-a5b3-10ac658fa12f{ip: 192.168.34.12, host: pr-hdds-738-8rv22-2539771249, networkLocation: /default-rack, certSerialId: null}fc98e046-3719-409e-ae96-fb17601fedec{ip: 192.168.34.12, host: pr-hdds-738-8rv22-2539771249, networkLocation: /default-rack, certSerialId: null}, Type:RATIS, Factor:THREE, State:CLOSED]
2019-08-27 09:24:44,093 [EventQueue-StaleNodeForStaleNodeHandler] INFO  node.StaleNodeHandler (StaleNodeHandler.java:onMessage(58)) - Datanode fc98e046-3719-409e-ae96-fb17601fedec{ip: 192.168.34.12, host: pr-hdds-738-8rv22-2539771249, networkLocation: /default-rack, certSerialId: null} moved to stale state. Finalizing its pipelines [PipelineID=48f4e777-915c-4a9e-8f77-0c965e87bcae, PipelineID=03225c20-617a-4abe-9f28-981eee05324f]
2019-08-27 09:24:44,094 [EventQueue-StaleNodeForStaleNodeHandler] INFO  pipeline.SCMPipelineManager (SCMPipelineManager.java:finalizeAndDestroyPipeline(309)) - destroying pipeline:Pipeline[ Id: 48f4e777-915c-4a9e-8f77-0c965e87bcae, Nodes: d2f14ea7-d66a-4e34-b16b-9d776ceaf026{ip: 192.168.34.12, host: pr-hdds-738-8rv22-2539771249, networkLocation: /default-rack, certSerialId: null}7d876507-ba1b-4ebc-a5b3-10ac658fa12f{ip: 192.168.34.12, host: pr-hdds-738-8rv22-2539771249, networkLocation: /default-rack, certSerialId: null}fc98e046-3719-409e-ae96-fb17601fedec{ip: 192.168.34.12, host: pr-hdds-738-8rv22-2539771249, networkLocation: /default-rack, certSerialId: null}, Type:RATIS, Factor:THREE, State:CLOSED]
2019-08-27 09:24:44,094 [EventQueue-StaleNodeForStaleNodeHandler] INFO  pipeline.SCMPipelineManager (SCMPipelineManager.java:finalizeAndDestroyPipeline(309)) - destroying pipeline:Pipeline[ Id: 03225c20-617a-4abe-9f28-981eee05324f, Nodes: fc98e046-3719-409e-ae96-fb17601fedec{ip: 192.168.34.12, host: pr-hdds-738-8rv22-2539771249, networkLocation: /default-rack, certSerialId: null}, Type:RATIS, Factor:ONE, State:OPEN]
2019-08-27 09:24:44,094 [EventQueue-StaleNodeForStaleNodeHandler] INFO  pipeline.PipelineStateManager (PipelineStateManager.java:finalizePipeline(123)) - Pipeline Pipeline[ Id: 03225c20-617a-4abe-9f28-981eee05324f, Nodes: fc98e046-3719-409e-ae96-fb17601fedec{ip: 192.168.34.12, host: pr-hdds-738-8rv22-2539771249, networkLocation: /default-rack, certSerialId: null}, Type:RATIS, Factor:ONE, State:CLOSED] moved to CLOSED state
2019-08-27 09:24:44,370 | INFO  | SCMAudit | user=jenkins1000 | ip=192.168.34.12 | op=SEND_HEARTBEAT {datanodeUUID=e0471fbb-799c-4b0e-bb57-258e588ecc79, command=[]} | ret=SUCCESS |  
2019-08-27 09:24:44,392 [main] INFO  ozoneimpl.OzoneContainer (OzoneContainer.java:stop(199)) - Attempting to stop container services.
2019-08-27 09:24:44,393 [main] INFO  impl.RaftServerProxy (RaftServerProxy.java:lambda$close$4(314)) - fc98e046-3719-409e-ae96-fb17601fedec: close
2019-08-27 09:24:44,393 [main] INFO  impl.RaftServerImpl (RaftServerImpl.java:lambda$shutdown$3(245)) - fc98e046-3719-409e-ae96-fb17601fedec: shutdown group-0C965E87BCAE
2019-08-27 09:24:44,394 [main] INFO  util.JmxRegister (JmxRegister.java:unregister(73)) - Successfully un-registered JMX Bean with object name Ratis:service=RaftServer,group=group-0C965E87BCAE,id=fc98e046-3719-409e-ae96-fb17601fedec
2019-08-27 09:24:44,394 [main] INFO  impl.RoleInfo (RoleInfo.java:shutdownFollowerState(121)) - fc98e046-3719-409e-ae96-fb17601fedec: shutdown FollowerState
2019-08-27 09:24:44,394 [main] INFO  impl.StateMachineUpdater (StateMachineUpdater.java:stopAndJoin(115)) - StateMachineUpdater:fc98e046-3719-409e-ae96-fb17601fedec:group-0C965E87BCAE: set stopIndex = 4
2019-08-27 09:24:44,394 [Thread-405] INFO  impl.FollowerState (FollowerState.java:run(114)) - fc98e046-3719-409e-ae96-fb17601fedec: FollowerState was interrupted: java.lang.InterruptedException: sleep interrupted
2019-08-27 09:24:44,394 [StateMachineUpdater:fc98e046-3719-409e-ae96-fb17601fedec:group-0C965E87BCAE] INFO  ratis.ContainerStateMachine (ContainerStateMachine.java:takeSnapshot(283)) - group-0C965E87BCAE: Taking a snapshot at:(t:2, i:3) file /workdir/hadoop-ozone/integration-test/target/test-dir/MiniOzoneClusterImpl-58938c5f-3d8a-4dfc-b7d6-ee05bfa799f3/datanode-3/data/ratis/48f4e777-915c-4a9e-8f77-0c965e87bcae/sm/snapshot.2_3
2019-08-27 09:24:44,410 [StateMachineUpdater:fc98e046-3719-409e-ae96-fb17601fedec:group-0C965E87BCAE] INFO  ratis.ContainerStateMachine (ContainerStateMachine.java:takeSnapshot(294)) - group-0C965E87BCAE: Finished taking a snapshot at:(t:2, i:3) file:/workdir/hadoop-ozone/integration-test/target/test-dir/MiniOzoneClusterImpl-58938c5f-3d8a-4dfc-b7d6-ee05bfa799f3/datanode-3/data/ratis/48f4e777-915c-4a9e-8f77-0c965e87bcae/sm/snapshot.2_3 time:15
2019-08-27 09:24:44,410 [StateMachineUpdater:fc98e046-3719-409e-ae96-fb17601fedec:group-0C965E87BCAE] INFO  impl.StateMachineUpdater (StateMachineUpdater.java:takeSnapshot(242)) - StateMachineUpdater:fc98e046-3719-409e-ae96-fb17601fedec:group-0C965E87BCAE: Took a snapshot at index 3
2019-08-27 09:24:44,410 [StateMachineUpdater:fc98e046-3719-409e-ae96-fb17601fedec:group-0C965E87BCAE] INFO  impl.StateMachineUpdater (StateMachineUpdater.java:lambda$new$0(80)) - StateMachineUpdater:fc98e046-3719-409e-ae96-fb17601fedec:group-0C965E87BCAE: snapshotIndex: updateIncreasingly -1 -> 3
2019-08-27 09:24:44,411 [main] INFO  impl.RaftServerImpl (ServerState.java:close(394)) - fc98e046-3719-409e-ae96-fb17601fedec:group-0C965E87BCAE closes. The last applied log index is 4
2019-08-27 09:24:44,411 [fc98e046-3719-409e-ae96-fb17601fedec-SegmentedRaftLogWorker:Storage Directory /workdir/hadoop-ozone/integration-test/target/test-dir/MiniOzoneClusterImpl-58938c5f-3d8a-4dfc-b7d6-ee05bfa799f3/datanode-3/data/ratis/48f4e777-915c-4a9e-8f77-0c965e87bcae] INFO  segmented.SegmentedRaftLogWorker (SegmentedRaftLogWorker.java:run(313)) - fc98e046-3719-409e-ae96-fb17601fedec-SegmentedRaftLogWorker:Storage Directory /workdir/hadoop-ozone/integration-test/target/test-dir/MiniOzoneClusterImpl-58938c5f-3d8a-4dfc-b7d6-ee05bfa799f3/datanode-3/data/ratis/48f4e777-915c-4a9e-8f77-0c965e87bcae was interrupted, exiting. There are 0 tasks remaining in the queue.
2019-08-27 09:24:44,414 [main] INFO  segmented.SegmentedRaftLogWorker (SegmentedRaftLogWorker.java:close(228)) - fc98e046-3719-409e-ae96-fb17601fedec-SegmentedRaftLogWorker:Storage Directory /workdir/hadoop-ozone/integration-test/target/test-dir/MiniOzoneClusterImpl-58938c5f-3d8a-4dfc-b7d6-ee05bfa799f3/datanode-3/data/ratis/48f4e777-915c-4a9e-8f77-0c965e87bcae close()
2019-08-27 09:24:44,414 [ForkJoinPool.commonPool-worker-0] INFO  ozoneimpl.OzoneContainer (OzoneContainer.java:stop(199)) - Attempting to stop container services.
2019-08-27 09:24:44,417 [main] INFO  impl.RaftServerImpl (RaftServerImpl.java:lambda$shutdown$3(245)) - fc98e046-3719-409e-ae96-fb17601fedec: shutdown group-981EEE05324F
2019-08-27 09:24:44,418 | INFO  | SCMAudit | user=jenkins1000 | ip=192.168.34.12 | op=SEND_HEARTBEAT {datanodeUUID=ce8ae317-8251-4b4b-ad79-c99d4c9d019c, command=[]} | ret=SUCCESS |  
2019-08-27 09:24:44,418 [main] INFO  util.JmxRegister (JmxRegister.java:unregister(73)) - Successfully un-registered JMX Bean with object name Ratis:service=RaftServer,group=group-981EEE05324F,id=fc98e046-3719-409e-ae96-fb17601fedec
2019-08-27 09:24:44,418 [ForkJoinPool.commonPool-worker-0] INFO  impl.RaftServerProxy (RaftServerProxy.java:lambda$close$4(314)) - 7d876507-ba1b-4ebc-a5b3-10ac658fa12f: close
2019-08-27 09:24:44,418 [main] INFO  impl.RoleInfo (RoleInfo.java:shutdownLeaderState(104)) - fc98e046-3719-409e-ae96-fb17601fedec: shutdown LeaderState
2019-08-27 09:24:44,419 [ForkJoinPool.commonPool-worker-0] INFO  impl.RaftServerImpl (RaftServerImpl.java:lambda$shutdown$3(245)) - 7d876507-ba1b-4ebc-a5b3-10ac658fa12f: shutdown group-3C529127556E
2019-08-27 09:24:44,419 [main] INFO  impl.PendingRequests (PendingRequests.java:sendNotLeaderResponses(202)) - fc98e046-3719-409e-ae96-fb17601fedec-PendingRequests: sendNotLeaderResponses
2019-08-27 09:24:44,419 [ForkJoinPool.commonPool-worker-0] INFO  util.JmxRegister (JmxRegister.java:unregister(73)) - Successfully un-registered JMX Bean with object name Ratis:service=RaftServer,group=group-3C529127556E,id=7d876507-ba1b-4ebc-a5b3-10ac658fa12f
2019-08-27 09:24:44,420 [main] INFO  impl.StateMachineUpdater (StateMachineUpdater.java:stopAndJoin(115)) - StateMachineUpdater:fc98e046-3719-409e-ae96-fb17601fedec:group-981EEE05324F: set stopIndex = 0
2019-08-27 09:24:44,420 [main] INFO  impl.RaftServerImpl (ServerState.java:close(394)) - fc98e046-3719-409e-ae96-fb17601fedec:group-981EEE05324F closes. The last applied log index is 0
2019-08-27 09:24:44,420 [ForkJoinPool.commonPool-worker-0] INFO  impl.RoleInfo (RoleInfo.java:shutdownLeaderState(104)) - 7d876507-ba1b-4ebc-a5b3-10ac658fa12f: shutdown LeaderState
2019-08-27 09:24:44,421 [fc98e046-3719-409e-ae96-fb17601fedec-SegmentedRaftLogWorker:Storage Directory /workdir/hadoop-ozone/integration-test/target/test-dir/MiniOzoneClusterImpl-58938c5f-3d8a-4dfc-b7d6-ee05bfa799f3/datanode-3/data/ratis/03225c20-617a-4abe-9f28-981eee05324f] INFO  segmented.SegmentedRaftLogWorker (SegmentedRaftLogWorker.java:run(313)) - fc98e046-3719-409e-ae96-fb17601fedec-SegmentedRaftLogWorker:Storage Directory /workdir/hadoop-ozone/integration-test/target/test-dir/MiniOzoneClusterImpl-58938c5f-3d8a-4dfc-b7d6-ee05bfa799f3/datanode-3/data/ratis/03225c20-617a-4abe-9f28-981eee05324f was interrupted, exiting. There are 0 tasks remaining in the queue.
2019-08-27 09:24:44,421 [ForkJoinPool.commonPool-worker-0] INFO  impl.PendingRequests (PendingRequests.java:sendNotLeaderResponses(202)) - 7d876507-ba1b-4ebc-a5b3-10ac658fa12f-PendingRequests: sendNotLeaderResponses
2019-08-27 09:24:44,423 [main] INFO  segmented.SegmentedRaftLogWorker (SegmentedRaftLogWorker.java:close(228)) - fc98e046-3719-409e-ae96-fb17601fedec-SegmentedRaftLogWorker:Storage Directory /workdir/hadoop-ozone/integration-test/target/test-dir/MiniOzoneClusterImpl-58938c5f-3d8a-4dfc-b7d6-ee05bfa799f3/datanode-3/data/ratis/03225c20-617a-4abe-9f28-981eee05324f close()
2019-08-27 09:24:44,423 [ForkJoinPool.commonPool-worker-0] INFO  impl.StateMachineUpdater (StateMachineUpdater.java:stopAndJoin(115)) - StateMachineUpdater:7d876507-ba1b-4ebc-a5b3-10ac658fa12f:group-3C529127556E: set stopIndex = 0
2019-08-27 09:24:44,427 [main] INFO  server.GrpcService (GrpcService.java:closeImpl(155)) - fc98e046-3719-409e-ae96-fb17601fedec: shutdown server with port 46642 now
2019-08-27 09:24:44,427 [ForkJoinPool.commonPool-worker-0] INFO  impl.RaftServerImpl (ServerState.java:close(394)) - 7d876507-ba1b-4ebc-a5b3-10ac658fa12f:group-3C529127556E closes. The last applied log index is 0
2019-08-27 09:24:44,430 [7d876507-ba1b-4ebc-a5b3-10ac658fa12f-SegmentedRaftLogWorker:Storage Directory /workdir/hadoop-ozone/integration-test/target/test-dir/MiniOzoneClusterImpl-58938c5f-3d8a-4dfc-b7d6-ee05bfa799f3/datanode-2/data/ratis/bbf72026-1611-4887-9c4f-3c529127556e] INFO  segmented.SegmentedRaftLogWorker (SegmentedRaftLogWorker.java:run(313)) - 7d876507-ba1b-4ebc-a5b3-10ac658fa12f-SegmentedRaftLogWorker:Storage Directory /workdir/hadoop-ozone/integration-test/target/test-dir/MiniOzoneClusterImpl-58938c5f-3d8a-4dfc-b7d6-ee05bfa799f3/datanode-2/data/ratis/bbf72026-1611-4887-9c4f-3c529127556e was interrupted, exiting. There are 0 tasks remaining in the queue.
2019-08-27 09:24:44,432 [ForkJoinPool.commonPool-worker-0] INFO  segmented.SegmentedRaftLogWorker (SegmentedRaftLogWorker.java:close(228)) - 7d876507-ba1b-4ebc-a5b3-10ac658fa12f-SegmentedRaftLogWorker:Storage Directory /workdir/hadoop-ozone/integration-test/target/test-dir/MiniOzoneClusterImpl-58938c5f-3d8a-4dfc-b7d6-ee05bfa799f3/datanode-2/data/ratis/bbf72026-1611-4887-9c4f-3c529127556e close()
2019-08-27 09:24:44,436 [ForkJoinPool.commonPool-worker-0] INFO  impl.RaftServerImpl (RaftServerImpl.java:lambda$shutdown$3(245)) - 7d876507-ba1b-4ebc-a5b3-10ac658fa12f: shutdown group-0C965E87BCAE
2019-08-27 09:24:44,436 [main] INFO  server.GrpcService (GrpcService.java:closeImpl(163)) - fc98e046-3719-409e-ae96-fb17601fedec: shutdown server with port 46642 successfully
2019-08-27 09:24:44,436 [ForkJoinPool.commonPool-worker-0] INFO  util.JmxRegister (JmxRegister.java:unregister(73)) - Successfully un-registered JMX Bean with object name Ratis:service=RaftServer,group=group-0C965E87BCAE,id=7d876507-ba1b-4ebc-a5b3-10ac658fa12f
2019-08-27 09:24:44,437 [ForkJoinPool.commonPool-worker-0] INFO  impl.RoleInfo (RoleInfo.java:shutdownFollowerState(121)) - 7d876507-ba1b-4ebc-a5b3-10ac658fa12f: shutdown FollowerState
2019-08-27 09:24:44,437 [ForkJoinPool.commonPool-worker-0] INFO  impl.StateMachineUpdater (StateMachineUpdater.java:stopAndJoin(115)) - StateMachineUpdater:7d876507-ba1b-4ebc-a5b3-10ac658fa12f:group-0C965E87BCAE: set stopIndex = 4
2019-08-27 09:24:44,437 [Thread-404] INFO  impl.FollowerState (FollowerState.java:run(114)) - 7d876507-ba1b-4ebc-a5b3-10ac658fa12f: FollowerState was interrupted: java.lang.InterruptedException: sleep interrupted
2019-08-27 09:24:44,437 [StateMachineUpdater:7d876507-ba1b-4ebc-a5b3-10ac658fa12f:group-0C965E87BCAE] INFO  ratis.ContainerStateMachine (ContainerStateMachine.java:takeSnapshot(283)) - group-0C965E87BCAE: Taking a snapshot at:(t:2, i:3) file /workdir/hadoop-ozone/integration-test/target/test-dir/MiniOzoneClusterImpl-58938c5f-3d8a-4dfc-b7d6-ee05bfa799f3/datanode-2/data/ratis/48f4e777-915c-4a9e-8f77-0c965e87bcae/sm/snapshot.2_3
2019-08-27 09:24:44,443 [main] INFO  utils.BackgroundService (BackgroundService.java:shutdown(148)) - Shutting down service BlockDeletingService
2019-08-27 09:24:44,453 [StateMachineUpdater:7d876507-ba1b-4ebc-a5b3-10ac658fa12f:group-0C965E87BCAE] INFO  ratis.ContainerStateMachine (ContainerStateMachine.java:takeSnapshot(294)) - group-0C965E87BCAE: Finished taking a snapshot at:(t:2, i:3) file:/workdir/hadoop-ozone/integration-test/target/test-dir/MiniOzoneClusterImpl-58938c5f-3d8a-4dfc-b7d6-ee05bfa799f3/datanode-2/data/ratis/48f4e777-915c-4a9e-8f77-0c965e87bcae/sm/snapshot.2_3 time:15
2019-08-27 09:24:44,453 [StateMachineUpdater:7d876507-ba1b-4ebc-a5b3-10ac658fa12f:group-0C965E87BCAE] INFO  impl.StateMachineUpdater (StateMachineUpdater.java:takeSnapshot(242)) - StateMachineUpdater:7d876507-ba1b-4ebc-a5b3-10ac658fa12f:group-0C965E87BCAE: Took a snapshot at index 3
2019-08-27 09:24:44,453 [refreshUsed-/workdir/hadoop-ozone/integration-test/target/test-dir/MiniOzoneClusterImpl-58938c5f-3d8a-4dfc-b7d6-ee05bfa799f3/datanode-3/data/containers] WARN  fs.CachingGetSpaceUsed (CachingGetSpaceUsed.java:run(183)) - Thread Interrupted waiting to refresh disk information: sleep interrupted
2019-08-27 09:24:44,453 [StateMachineUpdater:7d876507-ba1b-4ebc-a5b3-10ac658fa12f:group-0C965E87BCAE] INFO  impl.StateMachineUpdater (StateMachineUpdater.java:lambda$new$0(80)) - StateMachineUpdater:7d876507-ba1b-4ebc-a5b3-10ac658fa12f:group-0C965E87BCAE: snapshotIndex: updateIncreasingly -1 -> 3
2019-08-27 09:24:44,454 [ForkJoinPool.commonPool-worker-0] INFO  impl.RaftServerImpl (ServerState.java:close(394)) - 7d876507-ba1b-4ebc-a5b3-10ac658fa12f:group-0C965E87BCAE closes. The last applied log index is 4
2019-08-27 09:24:44,455 [7d876507-ba1b-4ebc-a5b3-10ac658fa12f-SegmentedRaftLogWorker:Storage Directory /workdir/hadoop-ozone/integration-test/target/test-dir/MiniOzoneClusterImpl-58938c5f-3d8a-4dfc-b7d6-ee05bfa799f3/datanode-2/data/ratis/48f4e777-915c-4a9e-8f77-0c965e87bcae] INFO  segmented.SegmentedRaftLogWorker (SegmentedRaftLogWorker.java:run(313)) - 7d876507-ba1b-4ebc-a5b3-10ac658fa12f-SegmentedRaftLogWorker:Storage Directory /workdir/hadoop-ozone/integration-test/target/test-dir/MiniOzoneClusterImpl-58938c5f-3d8a-4dfc-b7d6-ee05bfa799f3/datanode-2/data/ratis/48f4e777-915c-4a9e-8f77-0c965e87bcae was interrupted, exiting. There are 0 tasks remaining in the queue.
2019-08-27 09:24:44,457 [ForkJoinPool.commonPool-worker-0] INFO  segmented.SegmentedRaftLogWorker (SegmentedRaftLogWorker.java:close(228)) - 7d876507-ba1b-4ebc-a5b3-10ac658fa12f-SegmentedRaftLogWorker:Storage Directory /workdir/hadoop-ozone/integration-test/target/test-dir/MiniOzoneClusterImpl-58938c5f-3d8a-4dfc-b7d6-ee05bfa799f3/datanode-2/data/ratis/48f4e777-915c-4a9e-8f77-0c965e87bcae close()
2019-08-27 09:24:44,460 [ForkJoinPool.commonPool-worker-0] INFO  server.GrpcService (GrpcService.java:closeImpl(155)) - 7d876507-ba1b-4ebc-a5b3-10ac658fa12f: shutdown server with port 36654 now
2019-08-27 09:24:44,469 [ForkJoinPool.commonPool-worker-0] INFO  server.GrpcService (GrpcService.java:closeImpl(163)) - 7d876507-ba1b-4ebc-a5b3-10ac658fa12f: shutdown server with port 36654 successfully
2019-08-27 09:24:44,471 [ForkJoinPool.commonPool-worker-0] INFO  utils.BackgroundService (BackgroundService.java:shutdown(148)) - Shutting down service BlockDeletingService
2019-08-27 09:24:44,472 [refreshUsed-/workdir/hadoop-ozone/integration-test/target/test-dir/MiniOzoneClusterImpl-58938c5f-3d8a-4dfc-b7d6-ee05bfa799f3/datanode-2/data/containers] WARN  fs.CachingGetSpaceUsed (CachingGetSpaceUsed.java:run(183)) - Thread Interrupted waiting to refresh disk information: sleep interrupted
2019-08-27 09:24:44,489 [main] INFO  statemachine.DatanodeStateMachine (DatanodeStateMachine.java:stopDaemon(395)) - Ozone container server stopped.
2019-08-27 09:24:44,490 [main] INFO  handler.ContextHandler (ContextHandler.java:doStop(910)) - Stopped o.e.j.w.WebAppContext@7a8b9166{/,null,UNAVAILABLE}{/hddsDatanode}
2019-08-27 09:24:44,491 [main] INFO  server.AbstractConnector (AbstractConnector.java:doStop(318)) - Stopped ServerConnector@4acc5dff{HTTP/1.1,[http/1.1]}{0.0.0.0:0}
2019-08-27 09:24:44,492 [main] INFO  handler.ContextHandler (ContextHandler.java:doStop(910)) - Stopped o.e.j.s.ServletContextHandler@19a64eae{/static,jar:file:/home/user/.m2/repository/org/apache/hadoop/hadoop-hdds-container-service/0.5.0-SNAPSHOT/hadoop-hdds-container-service-0.5.0-SNAPSHOT.jar!/webapps/static,UNAVAILABLE}
2019-08-27 09:24:44,492 [main] INFO  handler.ContextHandler (ContextHandler.java:doStop(910)) - Stopped o.e.j.s.ServletContextHandler@6cbd0674{/logs,file:///workdir/hadoop-ozone/integration-test/target/log,UNAVAILABLE}
2019-08-27 09:24:44,502 [ForkJoinPool.commonPool-worker-0] INFO  statemachine.DatanodeStateMachine (DatanodeStateMachine.java:stopDaemon(395)) - Ozone container server stopped.
2019-08-27 09:24:44,506 [ForkJoinPool.commonPool-worker-0] INFO  handler.ContextHandler (ContextHandler.java:doStop(910)) - Stopped o.e.j.w.WebAppContext@26350ea2{/,null,UNAVAILABLE}{/hddsDatanode}
2019-08-27 09:24:44,507 [ForkJoinPool.commonPool-worker-0] INFO  server.AbstractConnector (AbstractConnector.java:doStop(318)) - Stopped ServerConnector@1e9469b8{HTTP/1.1,[http/1.1]}{0.0.0.0:0}
2019-08-27 09:24:44,509 [ForkJoinPool.commonPool-worker-0] INFO  handler.ContextHandler (ContextHandler.java:doStop(910)) - Stopped o.e.j.s.ServletContextHandler@79a04e5f{/static,jar:file:/home/user/.m2/repository/org/apache/hadoop/hadoop-hdds-container-service/0.5.0-SNAPSHOT/hadoop-hdds-container-service-0.5.0-SNAPSHOT.jar!/webapps/static,UNAVAILABLE}
2019-08-27 09:24:44,510 [ForkJoinPool.commonPool-worker-0] INFO  handler.ContextHandler (ContextHandler.java:doStop(910)) - Stopped o.e.j.s.ServletContextHandler@1ab5f08a{/logs,file:///workdir/hadoop-ozone/integration-test/target/log,UNAVAILABLE}
2019-08-27 09:24:44,893 [Datanode State Machine Thread - 0] INFO  statemachine.DatanodeStateMachine (DatanodeStateMachine.java:lambda$startDaemon$0(350)) - Ozone container server started.
2019-08-27 09:24:45,369 [Datanode State Machine Thread - 0] INFO  statemachine.DatanodeStateMachine (DatanodeStateMachine.java:lambda$startDaemon$0(350)) - Ozone container server started.
2019-08-27 09:24:45,414 | INFO  | SCMAudit | user=jenkins1000 | ip=192.168.34.12 | op=SEND_HEARTBEAT {datanodeUUID=ce8ae317-8251-4b4b-ad79-c99d4c9d019c, command=[]} | ret=SUCCESS |  
2019-08-27 09:24:46,354 [grpc-default-executor-5] WARN  server.GrpcLogAppender (LogUtils.java:warn(134)) - e0471fbb-799c-4b0e-bb57-258e588ecc79->56e0bca8-6099-4977-8c71-ca6e0a08dcf0: Failed appendEntries: org.apache.ratis.thirdparty.io.grpc.StatusRuntimeException: UNAVAILABLE: io exception
2019-08-27 09:24:46,356 [grpc-default-executor-5] INFO  impl.FollowerInfo (FollowerInfo.java:lambda$new$0(50)) - e0471fbb-799c-4b0e-bb57-258e588ecc79->56e0bca8-6099-4977-8c71-ca6e0a08dcf0: nextIndex: updateUnconditionally 13 -> 12
2019-08-27 09:24:46,413 | INFO  | SCMAudit | user=jenkins1000 | ip=192.168.34.12 | op=SEND_HEARTBEAT {datanodeUUID=ce8ae317-8251-4b4b-ad79-c99d4c9d019c, command=[]} | ret=SUCCESS |  
2019-08-27 09:24:47,414 | INFO  | SCMAudit | user=jenkins1000 | ip=192.168.34.12 | op=SEND_HEARTBEAT {datanodeUUID=ce8ae317-8251-4b4b-ad79-c99d4c9d019c, command=[]} | ret=SUCCESS |  
2019-08-27 09:24:48,414 | INFO  | SCMAudit | user=jenkins1000 | ip=192.168.34.12 | op=SEND_HEARTBEAT {datanodeUUID=ce8ae317-8251-4b4b-ad79-c99d4c9d019c, command=[]} | ret=SUCCESS |  
2019-08-27 09:24:48,865 [grpc-default-executor-4] WARN  server.GrpcLogAppender (LogUtils.java:warn(134)) - e0471fbb-799c-4b0e-bb57-258e588ecc79->56e0bca8-6099-4977-8c71-ca6e0a08dcf0: Failed appendEntries: org.apache.ratis.thirdparty.io.grpc.StatusRuntimeException: UNAVAILABLE: io exception
2019-08-27 09:24:48,867 [grpc-default-executor-4] INFO  impl.FollowerInfo (FollowerInfo.java:lambda$new$0(50)) - e0471fbb-799c-4b0e-bb57-258e588ecc79->56e0bca8-6099-4977-8c71-ca6e0a08dcf0: nextIndex: updateUnconditionally 12 -> 11
2019-08-27 09:24:48,901 [EventQueue-StaleNodeForStaleNodeHandler] INFO  node.StaleNodeHandler (StaleNodeHandler.java:onMessage(58)) - Datanode 79c4d2ef-606e-4498-8078-25febc5aaa5f{ip: 192.168.34.12, host: pr-hdds-738-8rv22-2539771249, networkLocation: /default-rack, certSerialId: null} moved to stale state. Finalizing its pipelines [PipelineID=127d2591-8217-4acb-b225-db40618bb178]
2019-08-27 09:24:48,902 [EventQueue-StaleNodeForStaleNodeHandler] INFO  pipeline.SCMPipelineManager (SCMPipelineManager.java:finalizeAndDestroyPipeline(309)) - destroying pipeline:Pipeline[ Id: 127d2591-8217-4acb-b225-db40618bb178, Nodes: 79c4d2ef-606e-4498-8078-25febc5aaa5f{ip: 192.168.34.12, host: pr-hdds-738-8rv22-2539771249, networkLocation: /default-rack, certSerialId: null}, Type:RATIS, Factor:ONE, State:OPEN]
2019-08-27 09:24:48,902 [EventQueue-StaleNodeForStaleNodeHandler] INFO  pipeline.PipelineStateManager (PipelineStateManager.java:finalizePipeline(123)) - Pipeline Pipeline[ Id: 127d2591-8217-4acb-b225-db40618bb178, Nodes: 79c4d2ef-606e-4498-8078-25febc5aaa5f{ip: 192.168.34.12, host: pr-hdds-738-8rv22-2539771249, networkLocation: /default-rack, certSerialId: null}, Type:RATIS, Factor:ONE, State:CLOSED] moved to CLOSED state
2019-08-27 09:24:49,402 [EventQueue-StaleNodeForStaleNodeHandler] INFO  node.StaleNodeHandler (StaleNodeHandler.java:onMessage(58)) - Datanode e0471fbb-799c-4b0e-bb57-258e588ecc79{ip: 192.168.34.12, host: pr-hdds-738-8rv22-2539771249, networkLocation: /default-rack, certSerialId: null} moved to stale state. Finalizing its pipelines [PipelineID=a59d8e8e-a85f-436d-b611-a1c929c98be0, PipelineID=32a5b2e3-3296-4a00-92b8-c9bb8001774f]
2019-08-27 09:24:49,403 [EventQueue-StaleNodeForStaleNodeHandler] INFO  pipeline.SCMPipelineManager (SCMPipelineManager.java:finalizeAndDestroyPipeline(309)) - destroying pipeline:Pipeline[ Id: a59d8e8e-a85f-436d-b611-a1c929c98be0, Nodes: e0471fbb-799c-4b0e-bb57-258e588ecc79{ip: 192.168.34.12, host: pr-hdds-738-8rv22-2539771249, networkLocation: /default-rack, certSerialId: null}, Type:RATIS, Factor:ONE, State:OPEN]
2019-08-27 09:24:49,403 [EventQueue-StaleNodeForStaleNodeHandler] INFO  pipeline.PipelineStateManager (PipelineStateManager.java:finalizePipeline(123)) - Pipeline Pipeline[ Id: a59d8e8e-a85f-436d-b611-a1c929c98be0, Nodes: e0471fbb-799c-4b0e-bb57-258e588ecc79{ip: 192.168.34.12, host: pr-hdds-738-8rv22-2539771249, networkLocation: /default-rack, certSerialId: null}, Type:RATIS, Factor:ONE, State:CLOSED] moved to CLOSED state
2019-08-27 09:24:49,404 [EventQueue-StaleNodeForStaleNodeHandler] INFO  pipeline.SCMPipelineManager (SCMPipelineManager.java:finalizeAndDestroyPipeline(309)) - destroying pipeline:Pipeline[ Id: 32a5b2e3-3296-4a00-92b8-c9bb8001774f, Nodes: e0471fbb-799c-4b0e-bb57-258e588ecc79{ip: 192.168.34.12, host: pr-hdds-738-8rv22-2539771249, networkLocation: /default-rack, certSerialId: null}56e0bca8-6099-4977-8c71-ca6e0a08dcf0{ip: 192.168.34.12, host: pr-hdds-738-8rv22-2539771249, networkLocation: /default-rack, certSerialId: null}ce8ae317-8251-4b4b-ad79-c99d4c9d019c{ip: 192.168.34.12, host: pr-hdds-738-8rv22-2539771249, networkLocation: /default-rack, certSerialId: null}, Type:RATIS, Factor:THREE, State:CLOSED]
2019-08-27 09:24:49,413 | INFO  | SCMAudit | user=jenkins1000 | ip=192.168.34.12 | op=SEND_HEARTBEAT {datanodeUUID=ce8ae317-8251-4b4b-ad79-c99d4c9d019c, command=[]} | ret=SUCCESS |  
2019-08-27 09:24:49,494 [main] INFO  ozoneimpl.OzoneContainer (OzoneContainer.java:stop(199)) - Attempting to stop container services.
2019-08-27 09:24:49,495 [main] INFO  impl.RaftServerProxy (RaftServerProxy.java:lambda$close$4(314)) - 79c4d2ef-606e-4498-8078-25febc5aaa5f: close
2019-08-27 09:24:49,495 [main] INFO  impl.RaftServerImpl (RaftServerImpl.java:lambda$shutdown$3(245)) - 79c4d2ef-606e-4498-8078-25febc5aaa5f: shutdown group-DB40618BB178
2019-08-27 09:24:49,496 [main] INFO  util.JmxRegister (JmxRegister.java:unregister(73)) - Successfully un-registered JMX Bean with object name Ratis:service=RaftServer,group=group-DB40618BB178,id=79c4d2ef-606e-4498-8078-25febc5aaa5f
2019-08-27 09:24:49,496 [main] INFO  impl.RoleInfo (RoleInfo.java:shutdownLeaderState(104)) - 79c4d2ef-606e-4498-8078-25febc5aaa5f: shutdown LeaderState
2019-08-27 09:24:49,497 [main] INFO  impl.PendingRequests (PendingRequests.java:sendNotLeaderResponses(202)) - 79c4d2ef-606e-4498-8078-25febc5aaa5f-PendingRequests: sendNotLeaderResponses
2019-08-27 09:24:49,498 [main] INFO  impl.StateMachineUpdater (StateMachineUpdater.java:stopAndJoin(115)) - StateMachineUpdater:79c4d2ef-606e-4498-8078-25febc5aaa5f:group-DB40618BB178: set stopIndex = 0
2019-08-27 09:24:49,498 [main] INFO  impl.RaftServerImpl (ServerState.java:close(394)) - 79c4d2ef-606e-4498-8078-25febc5aaa5f:group-DB40618BB178 closes. The last applied log index is 0
2019-08-27 09:24:49,499 [79c4d2ef-606e-4498-8078-25febc5aaa5f-SegmentedRaftLogWorker:Storage Directory /workdir/hadoop-ozone/integration-test/target/test-dir/MiniOzoneClusterImpl-58938c5f-3d8a-4dfc-b7d6-ee05bfa799f3/datanode-6/data/ratis/127d2591-8217-4acb-b225-db40618bb178] INFO  segmented.SegmentedRaftLogWorker (SegmentedRaftLogWorker.java:run(313)) - 79c4d2ef-606e-4498-8078-25febc5aaa5f-SegmentedRaftLogWorker:Storage Directory /workdir/hadoop-ozone/integration-test/target/test-dir/MiniOzoneClusterImpl-58938c5f-3d8a-4dfc-b7d6-ee05bfa799f3/datanode-6/data/ratis/127d2591-8217-4acb-b225-db40618bb178 was interrupted, exiting. There are 0 tasks remaining in the queue.
2019-08-27 09:24:49,501 [main] INFO  segmented.SegmentedRaftLogWorker (SegmentedRaftLogWorker.java:close(228)) - 79c4d2ef-606e-4498-8078-25febc5aaa5f-SegmentedRaftLogWorker:Storage Directory /workdir/hadoop-ozone/integration-test/target/test-dir/MiniOzoneClusterImpl-58938c5f-3d8a-4dfc-b7d6-ee05bfa799f3/datanode-6/data/ratis/127d2591-8217-4acb-b225-db40618bb178 close()
2019-08-27 09:24:49,504 [main] INFO  server.GrpcService (GrpcService.java:closeImpl(155)) - 79c4d2ef-606e-4498-8078-25febc5aaa5f: shutdown server with port 33541 now
2019-08-27 09:24:49,506 [main] INFO  server.GrpcService (GrpcService.java:closeImpl(163)) - 79c4d2ef-606e-4498-8078-25febc5aaa5f: shutdown server with port 33541 successfully
2019-08-27 09:24:49,508 [main] INFO  utils.BackgroundService (BackgroundService.java:shutdown(148)) - Shutting down service BlockDeletingService
2019-08-27 09:24:49,509 [refreshUsed-/workdir/hadoop-ozone/integration-test/target/test-dir/MiniOzoneClusterImpl-58938c5f-3d8a-4dfc-b7d6-ee05bfa799f3/datanode-6/data/containers] WARN  fs.CachingGetSpaceUsed (CachingGetSpaceUsed.java:run(183)) - Thread Interrupted waiting to refresh disk information: sleep interrupted
2019-08-27 09:24:49,512 [ForkJoinPool.commonPool-worker-0] INFO  ozoneimpl.OzoneContainer (OzoneContainer.java:stop(199)) - Attempting to stop container services.
2019-08-27 09:24:49,513 [ForkJoinPool.commonPool-worker-0] INFO  impl.RaftServerProxy (RaftServerProxy.java:lambda$close$4(314)) - e0471fbb-799c-4b0e-bb57-258e588ecc79: close
2019-08-27 09:24:49,513 [ForkJoinPool.commonPool-worker-0] INFO  impl.RaftServerImpl (RaftServerImpl.java:lambda$shutdown$3(245)) - e0471fbb-799c-4b0e-bb57-258e588ecc79: shutdown group-A1C929C98BE0
2019-08-27 09:24:49,515 [ForkJoinPool.commonPool-worker-0] INFO  util.JmxRegister (JmxRegister.java:unregister(73)) - Successfully un-registered JMX Bean with object name Ratis:service=RaftServer,group=group-A1C929C98BE0,id=e0471fbb-799c-4b0e-bb57-258e588ecc79
2019-08-27 09:24:49,515 [ForkJoinPool.commonPool-worker-0] INFO  impl.RoleInfo (RoleInfo.java:shutdownLeaderState(104)) - e0471fbb-799c-4b0e-bb57-258e588ecc79: shutdown LeaderState
2019-08-27 09:24:49,515 [ForkJoinPool.commonPool-worker-0] INFO  impl.PendingRequests (PendingRequests.java:sendNotLeaderResponses(202)) - e0471fbb-799c-4b0e-bb57-258e588ecc79-PendingRequests: sendNotLeaderResponses
2019-08-27 09:24:49,516 [ForkJoinPool.commonPool-worker-0] INFO  impl.StateMachineUpdater (StateMachineUpdater.java:stopAndJoin(115)) - StateMachineUpdater:e0471fbb-799c-4b0e-bb57-258e588ecc79:group-A1C929C98BE0: set stopIndex = 0
2019-08-27 09:24:49,517 [ForkJoinPool.commonPool-worker-0] INFO  impl.RaftServerImpl (ServerState.java:close(394)) - e0471fbb-799c-4b0e-bb57-258e588ecc79:group-A1C929C98BE0 closes. The last applied log index is 0
2019-08-27 09:24:49,517 [e0471fbb-799c-4b0e-bb57-258e588ecc79-SegmentedRaftLogWorker:Storage Directory /workdir/hadoop-ozone/integration-test/target/test-dir/MiniOzoneClusterImpl-58938c5f-3d8a-4dfc-b7d6-ee05bfa799f3/datanode-0/data/ratis/a59d8e8e-a85f-436d-b611-a1c929c98be0] INFO  segmented.SegmentedRaftLogWorker (SegmentedRaftLogWorker.java:run(313)) - e0471fbb-799c-4b0e-bb57-258e588ecc79-SegmentedRaftLogWorker:Storage Directory /workdir/hadoop-ozone/integration-test/target/test-dir/MiniOzoneClusterImpl-58938c5f-3d8a-4dfc-b7d6-ee05bfa799f3/datanode-0/data/ratis/a59d8e8e-a85f-436d-b611-a1c929c98be0 was interrupted, exiting. There are 0 tasks remaining in the queue.
2019-08-27 09:24:49,519 [ForkJoinPool.commonPool-worker-0] INFO  segmented.SegmentedRaftLogWorker (SegmentedRaftLogWorker.java:close(228)) - e0471fbb-799c-4b0e-bb57-258e588ecc79-SegmentedRaftLogWorker:Storage Directory /workdir/hadoop-ozone/integration-test/target/test-dir/MiniOzoneClusterImpl-58938c5f-3d8a-4dfc-b7d6-ee05bfa799f3/datanode-0/data/ratis/a59d8e8e-a85f-436d-b611-a1c929c98be0 close()
2019-08-27 09:24:49,524 [ForkJoinPool.commonPool-worker-0] INFO  impl.RaftServerImpl (RaftServerImpl.java:lambda$shutdown$3(245)) - e0471fbb-799c-4b0e-bb57-258e588ecc79: shutdown group-C9BB8001774F
2019-08-27 09:24:49,525 [ForkJoinPool.commonPool-worker-0] INFO  util.JmxRegister (JmxRegister.java:unregister(73)) - Successfully un-registered JMX Bean with object name Ratis:service=RaftServer,group=group-C9BB8001774F,id=e0471fbb-799c-4b0e-bb57-258e588ecc79
2019-08-27 09:24:49,525 [ForkJoinPool.commonPool-worker-0] INFO  impl.RoleInfo (RoleInfo.java:shutdownLeaderState(104)) - e0471fbb-799c-4b0e-bb57-258e588ecc79: shutdown LeaderState
2019-08-27 09:24:49,527 [ForkJoinPool.commonPool-worker-0] INFO  impl.PendingRequests (PendingRequests.java:sendNotLeaderResponses(202)) - e0471fbb-799c-4b0e-bb57-258e588ecc79-PendingRequests: sendNotLeaderResponses
2019-08-27 09:24:49,528 [org.apache.ratis.server.impl.LogAppender$AppenderDaemon$$Lambda$460/1962514954@1985a580] WARN  server.GrpcLogAppender (GrpcLogAppender.java:mayWait(143)) - GrpcLogAppender(e0471fbb-799c-4b0e-bb57-258e588ecc79->56e0bca8-6099-4977-8c71-ca6e0a08dcf0): Wait interrupted by java.lang.InterruptedException
2019-08-27 09:24:49,527 [org.apache.ratis.server.impl.LogAppender$AppenderDaemon$$Lambda$460/1962514954@1d80af76] WARN  server.GrpcLogAppender (GrpcLogAppender.java:mayWait(143)) - GrpcLogAppender(e0471fbb-799c-4b0e-bb57-258e588ecc79->ce8ae317-8251-4b4b-ad79-c99d4c9d019c): Wait interrupted by java.lang.InterruptedException
2019-08-27 09:24:49,530 [ForkJoinPool.commonPool-worker-0] INFO  impl.StateMachineUpdater (StateMachineUpdater.java:stopAndJoin(115)) - StateMachineUpdater:e0471fbb-799c-4b0e-bb57-258e588ecc79:group-C9BB8001774F: set stopIndex = 17
2019-08-27 09:24:49,530 [grpc-default-executor-4] INFO  server.GrpcServerProtocolService (GrpcServerProtocolService.java:onCompleted(104)) - ce8ae317-8251-4b4b-ad79-c99d4c9d019c: appendEntries completed
2019-08-27 09:24:49,532 [StateMachineUpdater:e0471fbb-799c-4b0e-bb57-258e588ecc79:group-C9BB8001774F] INFO  ratis.ContainerStateMachine (ContainerStateMachine.java:takeSnapshot(283)) - group-C9BB8001774F: Taking a snapshot at:(t:1, i:17) file /workdir/hadoop-ozone/integration-test/target/test-dir/MiniOzoneClusterImpl-58938c5f-3d8a-4dfc-b7d6-ee05bfa799f3/datanode-0/data/ratis/32a5b2e3-3296-4a00-92b8-c9bb8001774f/sm/snapshot.1_17
2019-08-27 09:24:49,533 [grpc-default-executor-4] INFO  server.GrpcLogAppender (GrpcLogAppender.java:onCompleted(292)) - e0471fbb-799c-4b0e-bb57-258e588ecc79->ce8ae317-8251-4b4b-ad79-c99d4c9d019c: follower responses appendEntries COMPLETED
2019-08-27 09:24:49,534 [grpc-default-executor-4] INFO  impl.FollowerInfo (FollowerInfo.java:lambda$new$0(50)) - e0471fbb-799c-4b0e-bb57-258e588ecc79->ce8ae317-8251-4b4b-ad79-c99d4c9d019c: nextIndex: updateUnconditionally 18 -> 17
2019-08-27 09:24:49,545 [main] INFO  statemachine.DatanodeStateMachine (DatanodeStateMachine.java:stopDaemon(395)) - Ozone container server stopped.
2019-08-27 09:24:49,546 [StateMachineUpdater:e0471fbb-799c-4b0e-bb57-258e588ecc79:group-C9BB8001774F] INFO  ratis.ContainerStateMachine (ContainerStateMachine.java:takeSnapshot(294)) - group-C9BB8001774F: Finished taking a snapshot at:(t:1, i:17) file:/workdir/hadoop-ozone/integration-test/target/test-dir/MiniOzoneClusterImpl-58938c5f-3d8a-4dfc-b7d6-ee05bfa799f3/datanode-0/data/ratis/32a5b2e3-3296-4a00-92b8-c9bb8001774f/sm/snapshot.1_17 time:15
2019-08-27 09:24:49,546 [StateMachineUpdater:e0471fbb-799c-4b0e-bb57-258e588ecc79:group-C9BB8001774F] INFO  impl.StateMachineUpdater (StateMachineUpdater.java:takeSnapshot(242)) - StateMachineUpdater:e0471fbb-799c-4b0e-bb57-258e588ecc79:group-C9BB8001774F: Took a snapshot at index 17
2019-08-27 09:24:49,546 [StateMachineUpdater:e0471fbb-799c-4b0e-bb57-258e588ecc79:group-C9BB8001774F] INFO  impl.StateMachineUpdater (StateMachineUpdater.java:lambda$new$0(80)) - StateMachineUpdater:e0471fbb-799c-4b0e-bb57-258e588ecc79:group-C9BB8001774F: snapshotIndex: updateIncreasingly -1 -> 17
2019-08-27 09:24:49,546 [main] INFO  handler.ContextHandler (ContextHandler.java:doStop(910)) - Stopped o.e.j.w.WebAppContext@6ab4a5b{/,null,UNAVAILABLE}{/hddsDatanode}
2019-08-27 09:24:49,546 [ForkJoinPool.commonPool-worker-0] INFO  impl.RaftServerImpl (ServerState.java:close(394)) - e0471fbb-799c-4b0e-bb57-258e588ecc79:group-C9BB8001774F closes. The last applied log index is 17
2019-08-27 09:24:49,547 [main] INFO  server.AbstractConnector (AbstractConnector.java:doStop(318)) - Stopped ServerConnector@2abe9173{HTTP/1.1,[http/1.1]}{0.0.0.0:0}
2019-08-27 09:24:49,547 [e0471fbb-799c-4b0e-bb57-258e588ecc79-SegmentedRaftLogWorker:Storage Directory /workdir/hadoop-ozone/integration-test/target/test-dir/MiniOzoneClusterImpl-58938c5f-3d8a-4dfc-b7d6-ee05bfa799f3/datanode-0/data/ratis/32a5b2e3-3296-4a00-92b8-c9bb8001774f] INFO  segmented.SegmentedRaftLogWorker (SegmentedRaftLogWorker.java:run(313)) - e0471fbb-799c-4b0e-bb57-258e588ecc79-SegmentedRaftLogWorker:Storage Directory /workdir/hadoop-ozone/integration-test/target/test-dir/MiniOzoneClusterImpl-58938c5f-3d8a-4dfc-b7d6-ee05bfa799f3/datanode-0/data/ratis/32a5b2e3-3296-4a00-92b8-c9bb8001774f was interrupted, exiting. There are 0 tasks remaining in the queue.
2019-08-27 09:24:49,547 [main] INFO  handler.ContextHandler (ContextHandler.java:doStop(910)) - Stopped o.e.j.s.ServletContextHandler@68ac9ec5{/static,jar:file:/home/user/.m2/repository/org/apache/hadoop/hadoop-hdds-container-service/0.5.0-SNAPSHOT/hadoop-hdds-container-service-0.5.0-SNAPSHOT.jar!/webapps/static,UNAVAILABLE}
2019-08-27 09:24:49,548 [ForkJoinPool.commonPool-worker-0] INFO  segmented.SegmentedRaftLogWorker (SegmentedRaftLogWorker.java:close(228)) - e0471fbb-799c-4b0e-bb57-258e588ecc79-SegmentedRaftLogWorker:Storage Directory /workdir/hadoop-ozone/integration-test/target/test-dir/MiniOzoneClusterImpl-58938c5f-3d8a-4dfc-b7d6-ee05bfa799f3/datanode-0/data/ratis/32a5b2e3-3296-4a00-92b8-c9bb8001774f close()
2019-08-27 09:24:49,548 [main] INFO  handler.ContextHandler (ContextHandler.java:doStop(910)) - Stopped o.e.j.s.ServletContextHandler@30f74e79{/logs,file:///workdir/hadoop-ozone/integration-test/target/log,UNAVAILABLE}
2019-08-27 09:24:49,549 [ForkJoinPool.commonPool-worker-0] INFO  server.GrpcService (GrpcService.java:closeImpl(155)) - e0471fbb-799c-4b0e-bb57-258e588ecc79: shutdown server with port 42809 now
2019-08-27 09:24:49,551 [ForkJoinPool.commonPool-worker-0] INFO  server.GrpcService (GrpcService.java:closeImpl(163)) - e0471fbb-799c-4b0e-bb57-258e588ecc79: shutdown server with port 42809 successfully
2019-08-27 09:24:49,552 [grpc-default-executor-5] WARN  client.GrpcClientProtocolService (LogUtils.java:warn(134)) - 2-UnorderedRequestStreamObserver2: onError: org.apache.ratis.thirdparty.io.grpc.StatusRuntimeException: CANCELLED: cancelled before receiving half close
2019-08-27 09:24:49,556 [ForkJoinPool.commonPool-worker-0] INFO  utils.BackgroundService (BackgroundService.java:shutdown(148)) - Shutting down service BlockDeletingService
2019-08-27 09:24:49,561 [refreshUsed-/workdir/hadoop-ozone/integration-test/target/test-dir/MiniOzoneClusterImpl-58938c5f-3d8a-4dfc-b7d6-ee05bfa799f3/datanode-0/data/containers] WARN  fs.CachingGetSpaceUsed (CachingGetSpaceUsed.java:run(183)) - Thread Interrupted waiting to refresh disk information: sleep interrupted
2019-08-27 09:24:49,579 [ForkJoinPool.commonPool-worker-0] INFO  statemachine.DatanodeStateMachine (DatanodeStateMachine.java:stopDaemon(395)) - Ozone container server stopped.
2019-08-27 09:24:49,582 [ForkJoinPool.commonPool-worker-0] INFO  handler.ContextHandler (ContextHandler.java:doStop(910)) - Stopped o.e.j.w.WebAppContext@4dba773d{/,null,UNAVAILABLE}{/hddsDatanode}
2019-08-27 09:24:49,583 [ForkJoinPool.commonPool-worker-0] INFO  server.AbstractConnector (AbstractConnector.java:doStop(318)) - Stopped ServerConnector@1d9bd4da{HTTP/1.1,[http/1.1]}{0.0.0.0:0}
2019-08-27 09:24:49,584 [ForkJoinPool.commonPool-worker-0] INFO  handler.ContextHandler (ContextHandler.java:doStop(910)) - Stopped o.e.j.s.ServletContextHandler@6a1d3225{/static,jar:file:/home/user/.m2/repository/org/apache/hadoop/hadoop-hdds-container-service/0.5.0-SNAPSHOT/hadoop-hdds-container-service-0.5.0-SNAPSHOT.jar!/webapps/static,UNAVAILABLE}
2019-08-27 09:24:49,585 [ForkJoinPool.commonPool-worker-0] INFO  handler.ContextHandler (ContextHandler.java:doStop(910)) - Stopped o.e.j.s.ServletContextHandler@1cc680e{/logs,file:///workdir/hadoop-ozone/integration-test/target/log,UNAVAILABLE}
2019-08-27 09:24:50,412 [Datanode State Machine Thread - 0] INFO  statemachine.DatanodeStateMachine (DatanodeStateMachine.java:lambda$startDaemon$0(350)) - Ozone container server started.
2019-08-27 09:24:54,512 [EventQueue-StaleNodeForStaleNodeHandler] INFO  node.StaleNodeHandler (StaleNodeHandler.java:onMessage(58)) - Datanode ce8ae317-8251-4b4b-ad79-c99d4c9d019c{ip: 192.168.34.12, host: pr-hdds-738-8rv22-2539771249, networkLocation: /default-rack, certSerialId: null} moved to stale state. Finalizing its pipelines [PipelineID=923ac012-1c5a-4200-ba3c-4676e6da0aa1, PipelineID=32a5b2e3-3296-4a00-92b8-c9bb8001774f]
2019-08-27 09:24:54,513 [EventQueue-StaleNodeForStaleNodeHandler] INFO  pipeline.SCMPipelineManager (SCMPipelineManager.java:finalizeAndDestroyPipeline(309)) - destroying pipeline:Pipeline[ Id: 923ac012-1c5a-4200-ba3c-4676e6da0aa1, Nodes: ce8ae317-8251-4b4b-ad79-c99d4c9d019c{ip: 192.168.34.12, host: pr-hdds-738-8rv22-2539771249, networkLocation: /default-rack, certSerialId: null}, Type:RATIS, Factor:ONE, State:OPEN]
2019-08-27 09:24:54,513 [EventQueue-StaleNodeForStaleNodeHandler] INFO  pipeline.PipelineStateManager (PipelineStateManager.java:finalizePipeline(123)) - Pipeline Pipeline[ Id: 923ac012-1c5a-4200-ba3c-4676e6da0aa1, Nodes: ce8ae317-8251-4b4b-ad79-c99d4c9d019c{ip: 192.168.34.12, host: pr-hdds-738-8rv22-2539771249, networkLocation: /default-rack, certSerialId: null}, Type:RATIS, Factor:ONE, State:CLOSED] moved to CLOSED state
2019-08-27 09:24:54,514 [EventQueue-StaleNodeForStaleNodeHandler] INFO  pipeline.SCMPipelineManager (SCMPipelineManager.java:finalizeAndDestroyPipeline(309)) - destroying pipeline:Pipeline[ Id: 32a5b2e3-3296-4a00-92b8-c9bb8001774f, Nodes: e0471fbb-799c-4b0e-bb57-258e588ecc79{ip: 192.168.34.12, host: pr-hdds-738-8rv22-2539771249, networkLocation: /default-rack, certSerialId: null}56e0bca8-6099-4977-8c71-ca6e0a08dcf0{ip: 192.168.34.12, host: pr-hdds-738-8rv22-2539771249, networkLocation: /default-rack, certSerialId: null}ce8ae317-8251-4b4b-ad79-c99d4c9d019c{ip: 192.168.34.12, host: pr-hdds-738-8rv22-2539771249, networkLocation: /default-rack, certSerialId: null}, Type:RATIS, Factor:THREE, State:CLOSED]
2019-08-27 09:24:54,551 [main] INFO  ozoneimpl.OzoneContainer (OzoneContainer.java:stop(199)) - Attempting to stop container services.
2019-08-27 09:24:54,552 [main] INFO  impl.RaftServerProxy (RaftServerProxy.java:lambda$close$4(314)) - ce8ae317-8251-4b4b-ad79-c99d4c9d019c: close
2019-08-27 09:24:54,553 [main] INFO  impl.RaftServerImpl (RaftServerImpl.java:lambda$shutdown$3(245)) - ce8ae317-8251-4b4b-ad79-c99d4c9d019c: shutdown group-4676E6DA0AA1
2019-08-27 09:24:54,553 [ForkJoinPool.commonPool-worker-1] INFO  impl.RaftServerImpl (RaftServerImpl.java:lambda$shutdown$3(245)) - ce8ae317-8251-4b4b-ad79-c99d4c9d019c: shutdown group-C9BB8001774F
2019-08-27 09:24:54,553 [main] INFO  util.JmxRegister (JmxRegister.java:unregister(73)) - Successfully un-registered JMX Bean with object name Ratis:service=RaftServer,group=group-4676E6DA0AA1,id=ce8ae317-8251-4b4b-ad79-c99d4c9d019c
2019-08-27 09:24:54,554 [ForkJoinPool.commonPool-worker-1] INFO  util.JmxRegister (JmxRegister.java:unregister(73)) - Successfully un-registered JMX Bean with object name Ratis:service=RaftServer,group=group-C9BB8001774F,id=ce8ae317-8251-4b4b-ad79-c99d4c9d019c
2019-08-27 09:24:54,554 [main] INFO  impl.RoleInfo (RoleInfo.java:shutdownLeaderState(104)) - ce8ae317-8251-4b4b-ad79-c99d4c9d019c: shutdown LeaderState
2019-08-27 09:24:54,554 [ForkJoinPool.commonPool-worker-1] INFO  impl.RoleInfo (RoleInfo.java:shutdownFollowerState(121)) - ce8ae317-8251-4b4b-ad79-c99d4c9d019c: shutdown FollowerState
2019-08-27 09:24:54,555 [main] INFO  impl.PendingRequests (PendingRequests.java:sendNotLeaderResponses(202)) - ce8ae317-8251-4b4b-ad79-c99d4c9d019c-PendingRequests: sendNotLeaderResponses
2019-08-27 09:24:54,555 [StateMachineUpdater:ce8ae317-8251-4b4b-ad79-c99d4c9d019c:group-C9BB8001774F] INFO  ratis.ContainerStateMachine (ContainerStateMachine.java:takeSnapshot(283)) - group-C9BB8001774F: Taking a snapshot at:(t:1, i:16) file /workdir/hadoop-ozone/integration-test/target/test-dir/MiniOzoneClusterImpl-58938c5f-3d8a-4dfc-b7d6-ee05bfa799f3/datanode-5/data/ratis/32a5b2e3-3296-4a00-92b8-c9bb8001774f/sm/snapshot.1_16
2019-08-27 09:24:54,556 [main] INFO  impl.StateMachineUpdater (StateMachineUpdater.java:stopAndJoin(115)) - StateMachineUpdater:ce8ae317-8251-4b4b-ad79-c99d4c9d019c:group-4676E6DA0AA1: set stopIndex = 0
2019-08-27 09:24:54,556 [main] INFO  impl.RaftServerImpl (ServerState.java:close(394)) - ce8ae317-8251-4b4b-ad79-c99d4c9d019c:group-4676E6DA0AA1 closes. The last applied log index is 0
2019-08-27 09:24:54,555 [Thread-310] INFO  impl.FollowerState (FollowerState.java:run(114)) - ce8ae317-8251-4b4b-ad79-c99d4c9d019c: FollowerState was interrupted: java.lang.InterruptedException: sleep interrupted
2019-08-27 09:24:54,555 [ForkJoinPool.commonPool-worker-1] INFO  impl.StateMachineUpdater (StateMachineUpdater.java:stopAndJoin(115)) - StateMachineUpdater:ce8ae317-8251-4b4b-ad79-c99d4c9d019c:group-C9BB8001774F: set stopIndex = 17
2019-08-27 09:24:54,557 [ce8ae317-8251-4b4b-ad79-c99d4c9d019c-SegmentedRaftLogWorker:Storage Directory /workdir/hadoop-ozone/integration-test/target/test-dir/MiniOzoneClusterImpl-58938c5f-3d8a-4dfc-b7d6-ee05bfa799f3/datanode-5/data/ratis/923ac012-1c5a-4200-ba3c-4676e6da0aa1] INFO  segmented.SegmentedRaftLogWorker (SegmentedRaftLogWorker.java:run(313)) - ce8ae317-8251-4b4b-ad79-c99d4c9d019c-SegmentedRaftLogWorker:Storage Directory /workdir/hadoop-ozone/integration-test/target/test-dir/MiniOzoneClusterImpl-58938c5f-3d8a-4dfc-b7d6-ee05bfa799f3/datanode-5/data/ratis/923ac012-1c5a-4200-ba3c-4676e6da0aa1 was interrupted, exiting. There are 0 tasks remaining in the queue.
2019-08-27 09:24:54,562 [main] INFO  segmented.SegmentedRaftLogWorker (SegmentedRaftLogWorker.java:close(228)) - ce8ae317-8251-4b4b-ad79-c99d4c9d019c-SegmentedRaftLogWorker:Storage Directory /workdir/hadoop-ozone/integration-test/target/test-dir/MiniOzoneClusterImpl-58938c5f-3d8a-4dfc-b7d6-ee05bfa799f3/datanode-5/data/ratis/923ac012-1c5a-4200-ba3c-4676e6da0aa1 close()
2019-08-27 09:24:54,569 [StateMachineUpdater:ce8ae317-8251-4b4b-ad79-c99d4c9d019c:group-C9BB8001774F] INFO  ratis.ContainerStateMachine (ContainerStateMachine.java:takeSnapshot(294)) - group-C9BB8001774F: Finished taking a snapshot at:(t:1, i:16) file:/workdir/hadoop-ozone/integration-test/target/test-dir/MiniOzoneClusterImpl-58938c5f-3d8a-4dfc-b7d6-ee05bfa799f3/datanode-5/data/ratis/32a5b2e3-3296-4a00-92b8-c9bb8001774f/sm/snapshot.1_16 time:14
2019-08-27 09:24:54,569 [StateMachineUpdater:ce8ae317-8251-4b4b-ad79-c99d4c9d019c:group-C9BB8001774F] INFO  impl.StateMachineUpdater (StateMachineUpdater.java:takeSnapshot(242)) - StateMachineUpdater:ce8ae317-8251-4b4b-ad79-c99d4c9d019c:group-C9BB8001774F: Took a snapshot at index 16
2019-08-27 09:24:54,570 [StateMachineUpdater:ce8ae317-8251-4b4b-ad79-c99d4c9d019c:group-C9BB8001774F] INFO  impl.StateMachineUpdater (StateMachineUpdater.java:lambda$new$0(80)) - StateMachineUpdater:ce8ae317-8251-4b4b-ad79-c99d4c9d019c:group-C9BB8001774F: snapshotIndex: updateIncreasingly -1 -> 16
2019-08-27 09:24:54,570 [ForkJoinPool.commonPool-worker-1] INFO  impl.RaftServerImpl (ServerState.java:close(394)) - ce8ae317-8251-4b4b-ad79-c99d4c9d019c:group-C9BB8001774F closes. The last applied log index is 17
2019-08-27 09:24:54,571 [ce8ae317-8251-4b4b-ad79-c99d4c9d019c-SegmentedRaftLogWorker:Storage Directory /workdir/hadoop-ozone/integration-test/target/test-dir/MiniOzoneClusterImpl-58938c5f-3d8a-4dfc-b7d6-ee05bfa799f3/datanode-5/data/ratis/32a5b2e3-3296-4a00-92b8-c9bb8001774f] INFO  segmented.SegmentedRaftLogWorker (SegmentedRaftLogWorker.java:run(313)) - ce8ae317-8251-4b4b-ad79-c99d4c9d019c-SegmentedRaftLogWorker:Storage Directory /workdir/hadoop-ozone/integration-test/target/test-dir/MiniOzoneClusterImpl-58938c5f-3d8a-4dfc-b7d6-ee05bfa799f3/datanode-5/data/ratis/32a5b2e3-3296-4a00-92b8-c9bb8001774f was interrupted, exiting. There are 0 tasks remaining in the queue.
2019-08-27 09:24:54,571 [ForkJoinPool.commonPool-worker-1] INFO  segmented.SegmentedRaftLogWorker (SegmentedRaftLogWorker.java:close(228)) - ce8ae317-8251-4b4b-ad79-c99d4c9d019c-SegmentedRaftLogWorker:Storage Directory /workdir/hadoop-ozone/integration-test/target/test-dir/MiniOzoneClusterImpl-58938c5f-3d8a-4dfc-b7d6-ee05bfa799f3/datanode-5/data/ratis/32a5b2e3-3296-4a00-92b8-c9bb8001774f close()
2019-08-27 09:24:54,572 [main] INFO  server.GrpcService (GrpcService.java:closeImpl(155)) - ce8ae317-8251-4b4b-ad79-c99d4c9d019c: shutdown server with port 40438 now
2019-08-27 09:24:54,573 [main] INFO  server.GrpcService (GrpcService.java:closeImpl(163)) - ce8ae317-8251-4b4b-ad79-c99d4c9d019c: shutdown server with port 40438 successfully
2019-08-27 09:24:54,575 [main] INFO  utils.BackgroundService (BackgroundService.java:shutdown(148)) - Shutting down service BlockDeletingService
2019-08-27 09:24:54,577 [refreshUsed-/workdir/hadoop-ozone/integration-test/target/test-dir/MiniOzoneClusterImpl-58938c5f-3d8a-4dfc-b7d6-ee05bfa799f3/datanode-5/data/containers] WARN  fs.CachingGetSpaceUsed (CachingGetSpaceUsed.java:run(183)) - Thread Interrupted waiting to refresh disk information: sleep interrupted
2019-08-27 09:24:54,597 [main] INFO  statemachine.DatanodeStateMachine (DatanodeStateMachine.java:stopDaemon(395)) - Ozone container server stopped.
2019-08-27 09:24:54,599 [main] INFO  handler.ContextHandler (ContextHandler.java:doStop(910)) - Stopped o.e.j.w.WebAppContext@507d64aa{/,null,UNAVAILABLE}{/hddsDatanode}
2019-08-27 09:24:54,599 [main] INFO  server.AbstractConnector (AbstractConnector.java:doStop(318)) - Stopped ServerConnector@37045b48{HTTP/1.1,[http/1.1]}{0.0.0.0:0}
2019-08-27 09:24:54,600 [main] INFO  handler.ContextHandler (ContextHandler.java:doStop(910)) - Stopped o.e.j.s.ServletContextHandler@6fa13e6{/static,jar:file:/home/user/.m2/repository/org/apache/hadoop/hadoop-hdds-container-service/0.5.0-SNAPSHOT/hadoop-hdds-container-service-0.5.0-SNAPSHOT.jar!/webapps/static,UNAVAILABLE}
2019-08-27 09:24:54,601 [main] INFO  handler.ContextHandler (ContextHandler.java:doStop(910)) - Stopped o.e.j.s.ServletContextHandler@6535117e{/logs,file:///workdir/hadoop-ozone/integration-test/target/log,UNAVAILABLE}
2019-08-27 09:24:54,602 [main] INFO  ozone.MiniOzoneClusterImpl (MiniOzoneClusterImpl.java:stop(339)) - Stopping the StorageContainerManager
2019-08-27 09:24:54,602 [main] INFO  server.StorageContainerManager (StorageContainerManager.java:stop(797)) - Stopping Replication Manager Service.
2019-08-27 09:24:54,602 [main] INFO  container.ReplicationManager (ReplicationManager.java:stop(193)) - Stopping Replication Monitor Thread.
2019-08-27 09:24:54,602 [main] INFO  server.StorageContainerManager (StorageContainerManager.java:stop(804)) - Stopping Lease Manager of the command watchers
2019-08-27 09:24:54,603 [main] INFO  server.StorageContainerManager (StorageContainerManager.java:stop(811)) - Stopping datanode service RPC server
2019-08-27 09:24:54,603 [main] INFO  server.SCMDatanodeProtocolServer (SCMDatanodeProtocolServer.java:stop(367)) - Stopping the RPC server for DataNodes
2019-08-27 09:24:54,603 [main] INFO  ipc.Server (Server.java:stop(3082)) - Stopping server on 35902
2019-08-27 09:24:54,605 [IPC Server listener on 35902] INFO  ipc.Server (Server.java:run(1185)) - Stopping IPC Server listener on 35902
2019-08-27 09:24:54,606 [IPC Server Responder] INFO  ipc.Server (Server.java:run(1319)) - Stopping IPC Server Responder
2019-08-27 09:24:54,612 [SCM Heartbeat Processing Thread - 0] WARN  node.NodeStateManager (NodeStateManager.java:scheduleNextHealthCheck(646)) - Current Thread is interrupted, shutting down HB processing thread for Node Manager.
2019-08-27 09:24:54,613 [main] INFO  server.StorageContainerManager (StorageContainerManager.java:stop(819)) - Stopping block service RPC server
2019-08-27 09:24:54,613 [main] INFO  server.SCMBlockProtocolServer (SCMBlockProtocolServer.java:stop(148)) - Stopping the RPC server for Block Protocol
2019-08-27 09:24:54,613 [main] INFO  ipc.Server (Server.java:stop(3082)) - Stopping server on 37477
2019-08-27 09:24:54,614 [main] INFO  server.StorageContainerManager (StorageContainerManager.java:stop(826)) - Stopping the StorageContainerLocationProtocol RPC server
2019-08-27 09:24:54,615 [main] INFO  server.SCMClientProtocolServer (SCMClientProtocolServer.java:stop(159)) - Stopping the RPC server for Client Protocol
2019-08-27 09:24:54,615 [main] INFO  ipc.Server (Server.java:stop(3082)) - Stopping server on 32963
2019-08-27 09:24:54,615 [IPC Server Responder] INFO  ipc.Server (Server.java:run(1319)) - Stopping IPC Server Responder
2019-08-27 09:24:54,618 [IPC Server listener on 32963] INFO  ipc.Server (Server.java:run(1185)) - Stopping IPC Server listener on 32963
2019-08-27 09:24:54,618 [main] INFO  server.StorageContainerManager (StorageContainerManager.java:stop(833)) - Stopping Storage Container Manager HTTP server.
2019-08-27 09:24:54,618 [IPC Server listener on 37477] INFO  ipc.Server (Server.java:run(1185)) - Stopping IPC Server listener on 37477
2019-08-27 09:24:54,618 [IPC Server Responder] INFO  ipc.Server (Server.java:run(1319)) - Stopping IPC Server Responder
2019-08-27 09:24:54,619 [main] INFO  handler.ContextHandler (ContextHandler.java:doStop(910)) - Stopped o.e.j.w.WebAppContext@3676ac27{/,null,UNAVAILABLE}{/scm}
2019-08-27 09:24:54,620 [main] INFO  server.AbstractConnector (AbstractConnector.java:doStop(318)) - Stopped ServerConnector@50305a{HTTP/1.1,[http/1.1]}{0.0.0.0:0}
2019-08-27 09:24:54,620 [main] INFO  handler.ContextHandler (ContextHandler.java:doStop(910)) - Stopped o.e.j.s.ServletContextHandler@5286c33a{/static,file:///workdir/hadoop-ozone/integration-test/target/test-classes/webapps/static,UNAVAILABLE}
2019-08-27 09:24:54,621 [main] INFO  handler.ContextHandler (ContextHandler.java:doStop(910)) - Stopped o.e.j.s.ServletContextHandler@1a45193b{/logs,file:///workdir/hadoop-ozone/integration-test/target/log,UNAVAILABLE}
2019-08-27 09:24:54,622 [main] INFO  server.StorageContainerManager (StorageContainerManager.java:stop(844)) - Stopping Block Manager Service.
2019-08-27 09:24:54,622 [main] INFO  utils.BackgroundService (BackgroundService.java:shutdown(148)) - Shutting down service SCMBlockDeletingService
2019-08-27 09:24:54,623 [main] INFO  utils.BackgroundService (BackgroundService.java:shutdown(148)) - Shutting down service SCMBlockDeletingService
2019-08-27 09:24:54,623 [main] INFO  server.StorageContainerManager (StorageContainerManager.java:stop(866)) - Stopping SCM Event Queue.
2019-08-27 09:24:54,630 [main] INFO  impl.MetricsSystemImpl (MetricsSystemImpl.java:stop(210)) - Stopping XceiverClientMetrics metrics system...
2019-08-27 09:24:54,637 [main] INFO  impl.MetricsSystemImpl (MetricsSystemImpl.java:stop(216)) - XceiverClientMetrics metrics system stopped.
]]></system-out>
  </testcase>
  <testcase name="testDatanodeFailureWithPreAllocation" classname="org.apache.hadoop.ozone.client.rpc.TestBlockOutputStreamWithFailures" time="226.263"/>
  <testcase name="testDatanodeFailureWithSingleNodeRatis" classname="org.apache.hadoop.ozone.client.rpc.TestBlockOutputStreamWithFailures" time="223.692"/>
  <testcase name="testWatchForCommitWithSingleNodeRatis" classname="org.apache.hadoop.ozone.client.rpc.TestBlockOutputStreamWithFailures" time="35.915"/>
  <testcase name="testWatchForCommitDatanodeFailure" classname="org.apache.hadoop.ozone.client.rpc.TestBlockOutputStreamWithFailures" time="33.07"/>
  <testcase name="testFailureWithPrimeSizedData" classname="org.apache.hadoop.ozone.client.rpc.TestBlockOutputStreamWithFailures" time="33.727"/>
  <testcase name="testWatchForCommitWithCloseContainerException" classname="org.apache.hadoop.ozone.client.rpc.TestBlockOutputStreamWithFailures" time="41.105"/>
  <testcase name="testExceptionDuringClose" classname="org.apache.hadoop.ozone.client.rpc.TestBlockOutputStreamWithFailures" time="34.552"/>
</testsuite>