<?xml version="1.0" encoding="UTF-8"?>
<testsuite xmlns:xsi="http://www.w3.org/2001/XMLSchema-instance" xsi:noNamespaceSchemaLocation="https://maven.apache.org/surefire/maven-surefire-plugin/xsd/surefire-test-report.xsd" name="org.apache.hadoop.ozone.client.rpc.TestOzoneClientRetriesOnException" time="75.753" tests="2" errors="1" skipped="0" failures="0">
  <properties>
    <property name="awt.toolkit" value="sun.awt.X11.XToolkit"/>
    <property name="file.encoding.pkg" value="sun.io"/>
    <property name="java.specification.version" value="1.8"/>
    <property name="sun.cpu.isalist" value=""/>
    <property name="sun.jnu.encoding" value="UTF-8"/>
    <property name="java.class.path" value="/workdir/hadoop-ozone/integration-test/target/test-classes:/workdir/hadoop-ozone/integration-test/target/classes:/home/user/.m2/repository/org/apache/hadoop/hadoop-ozone-common/0.4.1-SNAPSHOT/hadoop-ozone-common-0.4.1-SNAPSHOT.jar:/home/user/.m2/repository/org/apache/commons/commons-compress/1.4.1/commons-compress-1.4.1.jar:/home/user/.m2/repository/org/tukaani/xz/1.0/xz-1.0.jar:/home/user/.m2/repository/org/apache/hadoop/hadoop-common/3.2.0/hadoop-common-3.2.0.jar:/home/user/.m2/repository/org/apache/hadoop/hadoop-hdfs/3.2.0/hadoop-hdfs-3.2.0.jar:/home/user/.m2/repository/org/apache/hadoop/hadoop-hdfs-client/3.2.0/hadoop-hdfs-client-3.2.0.jar:/home/user/.m2/repository/com/fasterxml/jackson/core/jackson-annotations/2.9.5/jackson-annotations-2.9.5.jar:/home/user/.m2/repository/org/apache/hadoop/hadoop-hdds-common/0.4.1-SNAPSHOT/hadoop-hdds-common-0.4.1-SNAPSHOT.jar:/home/user/.m2/repository/javax/annotation/javax.annotation-api/1.2/javax.annotation-api-1.2.jar:/home/user/.m2/repository/org/apache/ratis/ratis-server/0.4.0-2337318-SNAPSHOT/ratis-server-0.4.0-2337318-SNAPSHOT.jar:/home/user/.m2/repository/org/apache/ratis/ratis-thirdparty-misc/0.2.0/ratis-thirdparty-misc-0.2.0.jar:/home/user/.m2/repository/org/apache/ratis/ratis-proto/0.4.0-2337318-SNAPSHOT/ratis-proto-0.4.0-2337318-SNAPSHOT.jar:/home/user/.m2/repository/org/apache/ratis/ratis-common/0.4.0-2337318-SNAPSHOT/ratis-common-0.4.0-2337318-SNAPSHOT.jar:/home/user/.m2/repository/org/apache/ratis/ratis-client/0.4.0-2337318-SNAPSHOT/ratis-client-0.4.0-2337318-SNAPSHOT.jar:/home/user/.m2/repository/org/apache/ratis/ratis-metrics/0.4.0-2337318-SNAPSHOT/ratis-metrics-0.4.0-2337318-SNAPSHOT.jar:/home/user/.m2/repository/org/apache/ratis/ratis-netty/0.4.0-2337318-SNAPSHOT/ratis-netty-0.4.0-2337318-SNAPSHOT.jar:/home/user/.m2/repository/org/apache/ratis/ratis-grpc/0.4.0-2337318-SNAPSHOT/ratis-grpc-0.4.0-2337318-SNAPSHOT.jar:/home/user/.m2/repository/org/rocksdb/rocksdbjni/6.0.1/rocksdbjni-6.0.1.jar:/home/user/.m2/repository/org/apache/logging/log4j/log4j-api/2.11.0/log4j-api-2.11.0.jar:/home/user/.m2/repository/org/apache/logging/log4j/log4j-core/2.11.0/log4j-core-2.11.0.jar:/home/user/.m2/repository/com/lmax/disruptor/3.4.2/disruptor-3.4.2.jar:/home/user/.m2/repository/org/apache/commons/commons-pool2/2.6.0/commons-pool2-2.6.0.jar:/home/user/.m2/repository/org/bouncycastle/bcpkix-jdk15on/1.60/bcpkix-jdk15on-1.60.jar:/home/user/.m2/repository/commons-validator/commons-validator/1.6/commons-validator-1.6.jar:/home/user/.m2/repository/commons-digester/commons-digester/1.8.1/commons-digester-1.8.1.jar:/home/user/.m2/repository/io/jaegertracing/jaeger-client/0.33.1/jaeger-client-0.33.1.jar:/home/user/.m2/repository/io/jaegertracing/jaeger-thrift/0.33.1/jaeger-thrift-0.33.1.jar:/home/user/.m2/repository/org/apache/thrift/libthrift/0.11.0/libthrift-0.11.0.jar:/home/user/.m2/repository/com/squareup/okhttp3/okhttp/3.9.0/okhttp-3.9.0.jar:/home/user/.m2/repository/com/squareup/okio/okio/1.13.0/okio-1.13.0.jar:/home/user/.m2/repository/io/jaegertracing/jaeger-core/0.33.1/jaeger-core-0.33.1.jar:/home/user/.m2/repository/io/jaegertracing/jaeger-tracerresolver/0.33.1/jaeger-tracerresolver-0.33.1.jar:/home/user/.m2/repository/io/opentracing/contrib/opentracing-tracerresolver/0.1.5/opentracing-tracerresolver-0.1.5.jar:/home/user/.m2/repository/io/opentracing/opentracing-util/0.31.0/opentracing-util-0.31.0.jar:/home/user/.m2/repository/io/opentracing/opentracing-api/0.31.0/opentracing-api-0.31.0.jar:/home/user/.m2/repository/io/opentracing/opentracing-noop/0.31.0/opentracing-noop-0.31.0.jar:/home/user/.m2/repository/org/apache/hadoop/hadoop-hdds-server-framework/0.4.1-SNAPSHOT/hadoop-hdds-server-framework-0.4.1-SNAPSHOT.jar:/home/user/.m2/repository/org/apache/hadoop/hadoop-hdds-container-service/0.4.1-SNAPSHOT/hadoop-hdds-container-service-0.4.1-SNAPSHOT.jar:/home/user/.m2/repository/org/apache/hadoop/hadoop-hdds-client/0.4.1-SNAPSHOT/hadoop-hdds-client-0.4.1-SNAPSHOT.jar:/home/user/.m2/repository/org/apache/hadoop/hadoop-hdds-tools/0.4.1-SNAPSHOT/hadoop-hdds-tools-0.4.1-SNAPSHOT.jar:/home/user/.m2/repository/org/apache/hadoop/hadoop-hdds-server-scm/0.4.1-SNAPSHOT/hadoop-hdds-server-scm-0.4.1-SNAPSHOT.jar:/home/user/.m2/repository/org/apache/hadoop/hadoop-hdds-docs/0.4.1-SNAPSHOT/hadoop-hdds-docs-0.4.1-SNAPSHOT.jar:/home/user/.m2/repository/io/dropwizard/metrics/metrics-core/3.2.4/metrics-core-3.2.4.jar:/home/user/.m2/repository/org/hamcrest/hamcrest-all/1.3/hamcrest-all-1.3.jar:/home/user/.m2/repository/org/bouncycastle/bcprov-jdk15on/1.60/bcprov-jdk15on-1.60.jar:/home/user/.m2/repository/info/picocli/picocli/3.9.6/picocli-3.9.6.jar:/home/user/.m2/repository/com/google/protobuf/protobuf-java/2.5.0/protobuf-java-2.5.0.jar:/home/user/.m2/repository/com/google/guava/guava/11.0.2/guava-11.0.2.jar:/home/user/.m2/repository/org/apache/hadoop/hadoop-ozone-ozone-manager/0.4.1-SNAPSHOT/hadoop-ozone-ozone-manager-0.4.1-SNAPSHOT.jar:/home/user/.m2/repository/org/apache/hadoop/hadoop-minikdc/3.2.0/hadoop-minikdc-3.2.0.jar:/home/user/.m2/repository/commons-io/commons-io/2.5/commons-io-2.5.jar:/home/user/.m2/repository/org/apache/kerby/kerb-simplekdc/1.0.1/kerb-simplekdc-1.0.1.jar:/home/user/.m2/repository/org/apache/kerby/kerb-client/1.0.1/kerb-client-1.0.1.jar:/home/user/.m2/repository/org/apache/kerby/kerby-config/1.0.1/kerby-config-1.0.1.jar:/home/user/.m2/repository/org/apache/kerby/kerb-core/1.0.1/kerb-core-1.0.1.jar:/home/user/.m2/repository/org/apache/kerby/kerby-pkix/1.0.1/kerby-pkix-1.0.1.jar:/home/user/.m2/repository/org/apache/kerby/kerby-asn1/1.0.1/kerby-asn1-1.0.1.jar:/home/user/.m2/repository/org/apache/kerby/kerby-util/1.0.1/kerby-util-1.0.1.jar:/home/user/.m2/repository/org/apache/kerby/kerb-common/1.0.1/kerb-common-1.0.1.jar:/home/user/.m2/repository/org/apache/kerby/kerb-crypto/1.0.1/kerb-crypto-1.0.1.jar:/home/user/.m2/repository/org/apache/kerby/kerb-util/1.0.1/kerb-util-1.0.1.jar:/home/user/.m2/repository/org/apache/kerby/token-provider/1.0.1/token-provider-1.0.1.jar:/home/user/.m2/repository/org/apache/kerby/kerb-admin/1.0.1/kerb-admin-1.0.1.jar:/home/user/.m2/repository/org/apache/kerby/kerb-server/1.0.1/kerb-server-1.0.1.jar:/home/user/.m2/repository/org/apache/kerby/kerb-identity/1.0.1/kerb-identity-1.0.1.jar:/home/user/.m2/repository/org/apache/kerby/kerby-xdr/1.0.1/kerby-xdr-1.0.1.jar:/home/user/.m2/repository/org/slf4j/slf4j-log4j12/1.7.25/slf4j-log4j12-1.7.25.jar:/home/user/.m2/repository/org/apache/hadoop/hadoop-ozone-objectstore-service/0.4.1-SNAPSHOT/hadoop-ozone-objectstore-service-0.4.1-SNAPSHOT.jar:/home/user/.m2/repository/org/apache/hadoop/hadoop-ozone-s3gateway/0.4.1-SNAPSHOT/hadoop-ozone-s3gateway-0.4.1-SNAPSHOT.jar:/home/user/.m2/repository/org/jboss/weld/servlet/weld-servlet/2.4.7.Final/weld-servlet-2.4.7.Final.jar:/home/user/.m2/repository/org/glassfish/jersey/containers/jersey-container-servlet-core/2.27/jersey-container-servlet-core-2.27.jar:/home/user/.m2/repository/org/glassfish/hk2/external/javax.inject/2.5.0-b42/javax.inject-2.5.0-b42.jar:/home/user/.m2/repository/org/glassfish/jersey/core/jersey-common/2.27/jersey-common-2.27.jar:/home/user/.m2/repository/org/glassfish/hk2/osgi-resource-locator/1.0.1/osgi-resource-locator-1.0.1.jar:/home/user/.m2/repository/javax/ws/rs/javax.ws.rs-api/2.1/javax.ws.rs-api-2.1.jar:/home/user/.m2/repository/org/glassfish/jersey/ext/cdi/jersey-cdi1x/2.27/jersey-cdi1x-2.27.jar:/home/user/.m2/repository/org/glassfish/jersey/inject/jersey-hk2/2.27/jersey-hk2-2.27.jar:/home/user/.m2/repository/org/glassfish/hk2/hk2-locator/2.5.0-b42/hk2-locator-2.5.0-b42.jar:/home/user/.m2/repository/org/javassist/javassist/3.22.0-CR2/javassist-3.22.0-CR2.jar:/home/user/.m2/repository/org/glassfish/hk2/hk2-api/2.5.0/hk2-api-2.5.0.jar:/home/user/.m2/repository/org/glassfish/hk2/external/jakarta.inject/2.5.0/jakarta.inject-2.5.0.jar:/home/user/.m2/repository/org/glassfish/hk2/hk2-utils/2.5.0/hk2-utils-2.5.0.jar:/home/user/.m2/repository/jakarta/annotation/jakarta.annotation-api/1.3.4/jakarta.annotation-api-1.3.4.jar:/home/user/.m2/repository/org/glassfish/hk2/external/aopalliance-repackaged/2.5.0/aopalliance-repackaged-2.5.0.jar:/home/user/.m2/repository/com/fasterxml/jackson/dataformat/jackson-dataformat-xml/2.9.0/jackson-dataformat-xml-2.9.0.jar:/home/user/.m2/repository/com/fasterxml/jackson/core/jackson-core/2.9.5/jackson-core-2.9.5.jar:/home/user/.m2/repository/com/fasterxml/jackson/module/jackson-module-jaxb-annotations/2.9.5/jackson-module-jaxb-annotations-2.9.5.jar:/home/user/.m2/repository/javax/enterprise/cdi-api/1.2/cdi-api-1.2.jar:/home/user/.m2/repository/javax/el/javax.el-api/3.0.0/javax.el-api-3.0.0.jar:/home/user/.m2/repository/javax/interceptor/javax.interceptor-api/1.2/javax.interceptor-api-1.2.jar:/home/user/.m2/repository/javax/inject/javax.inject/1/javax.inject-1.jar:/home/user/.m2/repository/com/sun/xml/bind/jaxb-impl/2.3.0.1/jaxb-impl-2.3.0.1.jar:/home/user/.m2/repository/com/sun/xml/bind/jaxb-core/2.3.0.1/jaxb-core-2.3.0.1.jar:/home/user/.m2/repository/javax/xml/bind/jaxb-api/2.3.0/jaxb-api-2.3.0.jar:/home/user/.m2/repository/javax/activation/activation/1.1.1/activation-1.1.1.jar:/home/user/.m2/repository/org/apache/hadoop/hadoop-ozone-csi/0.4.1-SNAPSHOT/hadoop-ozone-csi-0.4.1-SNAPSHOT.jar:/home/user/.m2/repository/com/google/protobuf/protobuf-java-util/3.5.1/protobuf-java-util-3.5.1.jar:/home/user/.m2/repository/org/apache/hadoop/hadoop-hdds-config/0.4.1-SNAPSHOT/hadoop-hdds-config-0.4.1-SNAPSHOT.jar:/home/user/.m2/repository/io/grpc/grpc-netty/1.17.1/grpc-netty-1.17.1.jar:/home/user/.m2/repository/io/grpc/grpc-core/1.17.1/grpc-core-1.17.1.jar:/home/user/.m2/repository/io/grpc/grpc-context/1.17.1/grpc-context-1.17.1.jar:/home/user/.m2/repository/com/google/errorprone/error_prone_annotations/2.2.0/error_prone_annotations-2.2.0.jar:/home/user/.m2/repository/org/codehaus/mojo/animal-sniffer-annotations/1.17/animal-sniffer-annotations-1.17.jar:/home/user/.m2/repository/io/opencensus/opencensus-api/0.17.0/opencensus-api-0.17.0.jar:/home/user/.m2/repository/io/opencensus/opencensus-contrib-grpc-metrics/0.17.0/opencensus-contrib-grpc-metrics-0.17.0.jar:/home/user/.m2/repository/io/netty/netty-codec-http2/4.1.30.Final/netty-codec-http2-4.1.30.Final.jar:/home/user/.m2/repository/io/netty/netty-codec-http/4.1.30.Final/netty-codec-http-4.1.30.Final.jar:/home/user/.m2/repository/io/netty/netty-codec/4.1.30.Final/netty-codec-4.1.30.Final.jar:/home/user/.m2/repository/io/netty/netty-handler/4.1.30.Final/netty-handler-4.1.30.Final.jar:/home/user/.m2/repository/io/netty/netty-handler-proxy/4.1.30.Final/netty-handler-proxy-4.1.30.Final.jar:/home/user/.m2/repository/io/netty/netty-codec-socks/4.1.30.Final/netty-codec-socks-4.1.30.Final.jar:/home/user/.m2/repository/io/netty/netty-transport-native-epoll/4.1.30.Final/netty-transport-native-epoll-4.1.30.Final.jar:/home/user/.m2/repository/io/netty/netty-common/4.1.30.Final/netty-common-4.1.30.Final.jar:/home/user/.m2/repository/io/netty/netty-buffer/4.1.30.Final/netty-buffer-4.1.30.Final.jar:/home/user/.m2/repository/io/netty/netty-transport/4.1.30.Final/netty-transport-4.1.30.Final.jar:/home/user/.m2/repository/io/netty/netty-resolver/4.1.30.Final/netty-resolver-4.1.30.Final.jar:/home/user/.m2/repository/io/netty/netty-transport-native-unix-common/4.1.30.Final/netty-transport-native-unix-common-4.1.30.Final.jar:/home/user/.m2/repository/io/grpc/grpc-protobuf/1.17.1/grpc-protobuf-1.17.1.jar:/home/user/.m2/repository/com/google/api/grpc/proto-google-common-protos/1.0.0/proto-google-common-protos-1.0.0.jar:/home/user/.m2/repository/io/grpc/grpc-protobuf-lite/1.17.1/grpc-protobuf-lite-1.17.1.jar:/home/user/.m2/repository/io/grpc/grpc-stub/1.17.1/grpc-stub-1.17.1.jar:/home/user/.m2/repository/org/apache/hadoop/hadoop-ozone-recon/0.4.1-SNAPSHOT/hadoop-ozone-recon-0.4.1-SNAPSHOT.jar:/home/user/.m2/repository/org/apache/hadoop/hadoop-ozone-reconcodegen/0.4.1-SNAPSHOT/hadoop-ozone-reconcodegen-0.4.1-SNAPSHOT.jar:/home/user/.m2/repository/com/google/inject/extensions/guice-multibindings/4.0/guice-multibindings-4.0.jar:/home/user/.m2/repository/com/google/inject/guice/4.0/guice-4.0.jar:/home/user/.m2/repository/aopalliance/aopalliance/1.0/aopalliance-1.0.jar:/home/user/.m2/repository/com/google/inject/extensions/guice-servlet/4.0/guice-servlet-4.0.jar:/home/user/.m2/repository/org/glassfish/jersey/containers/jersey-container-servlet/2.27/jersey-container-servlet-2.27.jar:/home/user/.m2/repository/org/glassfish/hk2/guice-bridge/2.5.0/guice-bridge-2.5.0.jar:/home/user/.m2/repository/org/glassfish/jersey/core/jersey-server/2.27/jersey-server-2.27.jar:/home/user/.m2/repository/org/glassfish/jersey/core/jersey-client/2.27/jersey-client-2.27.jar:/home/user/.m2/repository/org/glassfish/jersey/media/jersey-media-jaxb/2.27/jersey-media-jaxb-2.27.jar:/home/user/.m2/repository/javax/validation/validation-api/1.1.0.Final/validation-api-1.1.0.Final.jar:/home/user/.m2/repository/org/glassfish/jersey/media/jersey-media-json-jackson/2.27/jersey-media-json-jackson-2.27.jar:/home/user/.m2/repository/org/glassfish/jersey/ext/jersey-entity-filtering/2.27/jersey-entity-filtering-2.27.jar:/home/user/.m2/repository/com/google/inject/extensions/guice-assistedinject/4.0/guice-assistedinject-4.0.jar:/home/user/.m2/repository/org/jooq/jooq/3.11.10/jooq-3.11.10.jar:/home/user/.m2/repository/org/jooq/jooq-meta/3.11.10/jooq-meta-3.11.10.jar:/home/user/.m2/repository/org/jooq/jooq-codegen/3.11.10/jooq-codegen-3.11.10.jar:/home/user/.m2/repository/com/jolbox/bonecp/0.8.0.RELEASE/bonecp-0.8.0.RELEASE.jar:/home/user/.m2/repository/org/xerial/sqlite-jdbc/3.25.2/sqlite-jdbc-3.25.2.jar:/home/user/.m2/repository/org/springframework/spring-jdbc/5.1.3.RELEASE/spring-jdbc-5.1.3.RELEASE.jar:/home/user/.m2/repository/org/springframework/spring-beans/5.1.3.RELEASE/spring-beans-5.1.3.RELEASE.jar:/home/user/.m2/repository/org/springframework/spring-core/5.1.3.RELEASE/spring-core-5.1.3.RELEASE.jar:/home/user/.m2/repository/org/springframework/spring-jcl/5.1.3.RELEASE/spring-jcl-5.1.3.RELEASE.jar:/home/user/.m2/repository/org/springframework/spring-tx/5.1.3.RELEASE/spring-tx-5.1.3.RELEASE.jar:/home/user/.m2/repository/org/apache/hadoop/hadoop-ozone-client/0.4.1-SNAPSHOT/hadoop-ozone-client-0.4.1-SNAPSHOT.jar:/home/user/.m2/repository/commons-lang/commons-lang/2.6/commons-lang-2.6.jar:/home/user/.m2/repository/org/apache/hadoop/hadoop-ozone-ozone-manager/0.4.1-SNAPSHOT/hadoop-ozone-ozone-manager-0.4.1-SNAPSHOT-tests.jar:/home/user/.m2/repository/junit/junit/4.11/junit-4.11.jar:/home/user/.m2/repository/org/hamcrest/hamcrest-core/1.3/hamcrest-core-1.3.jar:/home/user/.m2/repository/org/openjdk/jmh/jmh-core/1.19/jmh-core-1.19.jar:/home/user/.m2/repository/net/sf/jopt-simple/jopt-simple/4.6/jopt-simple-4.6.jar:/home/user/.m2/repository/org/apache/commons/commons-math3/3.1.1/commons-math3-3.1.1.jar:/home/user/.m2/repository/org/openjdk/jmh/jmh-generator-annprocess/1.19/jmh-generator-annprocess-1.19.jar:/home/user/.m2/repository/org/mockito/mockito-all/1.8.5/mockito-all-1.8.5.jar:/home/user/.m2/repository/org/apache/hadoop/hadoop-kms/3.2.0/hadoop-kms-3.2.0.jar:/home/user/.m2/repository/org/apache/hadoop/hadoop-auth/3.2.0/hadoop-auth-3.2.0.jar:/home/user/.m2/repository/com/nimbusds/nimbus-jose-jwt/4.41.1/nimbus-jose-jwt-4.41.1.jar:/home/user/.m2/repository/com/github/stephenc/jcip/jcip-annotations/1.0-1/jcip-annotations-1.0-1.jar:/home/user/.m2/repository/net/minidev/json-smart/2.3/json-smart-2.3.jar:/home/user/.m2/repository/net/minidev/accessors-smart/1.2/accessors-smart-1.2.jar:/home/user/.m2/repository/org/ow2/asm/asm/5.0.4/asm-5.0.4.jar:/home/user/.m2/repository/org/apache/curator/curator-framework/2.12.0/curator-framework-2.12.0.jar:/home/user/.m2/repository/com/sun/jersey/jersey-core/1.19/jersey-core-1.19.jar:/home/user/.m2/repository/javax/ws/rs/jsr311-api/1.1.1/jsr311-api-1.1.1.jar:/home/user/.m2/repository/com/sun/jersey/jersey-server/1.19/jersey-server-1.19.jar:/home/user/.m2/repository/javax/servlet/javax.servlet-api/3.1.0/javax.servlet-api-3.1.0.jar:/home/user/.m2/repository/org/eclipse/jetty/jetty-server/9.3.24.v20180605/jetty-server-9.3.24.v20180605.jar:/home/user/.m2/repository/org/eclipse/jetty/jetty-http/9.3.24.v20180605/jetty-http-9.3.24.v20180605.jar:/home/user/.m2/repository/org/eclipse/jetty/jetty-io/9.3.24.v20180605/jetty-io-9.3.24.v20180605.jar:/home/user/.m2/repository/org/eclipse/jetty/jetty-webapp/9.3.24.v20180605/jetty-webapp-9.3.24.v20180605.jar:/home/user/.m2/repository/org/eclipse/jetty/jetty-xml/9.3.24.v20180605/jetty-xml-9.3.24.v20180605.jar:/home/user/.m2/repository/log4j/log4j/1.2.17/log4j-1.2.17.jar:/home/user/.m2/repository/org/slf4j/slf4j-api/1.7.25/slf4j-api-1.7.25.jar:/home/user/.m2/repository/org/slf4j/jul-to-slf4j/1.7.25/jul-to-slf4j-1.7.25.jar:/home/user/.m2/repository/org/eclipse/jetty/jetty-util/9.3.24.v20180605/jetty-util-9.3.24.v20180605.jar:/home/user/.m2/repository/com/fasterxml/jackson/core/jackson-databind/2.9.5/jackson-databind-2.9.5.jar:/home/user/.m2/repository/org/apache/hadoop/hadoop-kms/3.2.0/hadoop-kms-3.2.0-tests.jar:/home/user/.m2/repository/org/apache/hadoop/hadoop-hdds-server-scm/0.4.1-SNAPSHOT/hadoop-hdds-server-scm-0.4.1-SNAPSHOT-tests.jar:/home/user/.m2/repository/org/apache/hadoop/hadoop-hdds-container-service/0.4.1-SNAPSHOT/hadoop-hdds-container-service-0.4.1-SNAPSHOT-tests.jar:/home/user/.m2/repository/org/yaml/snakeyaml/1.16/snakeyaml-1.16.jar:/home/user/.m2/repository/org/apache/hadoop/hadoop-common/3.2.0/hadoop-common-3.2.0-tests.jar:/home/user/.m2/repository/org/apache/hadoop/hadoop-annotations/3.2.0/hadoop-annotations-3.2.0.jar:/usr/lib/jvm/java-1.8-openjdk/jre/../lib/tools.jar:/home/user/.m2/repository/commons-cli/commons-cli/1.2/commons-cli-1.2.jar:/home/user/.m2/repository/org/apache/httpcomponents/httpclient/4.5.2/httpclient-4.5.2.jar:/home/user/.m2/repository/org/apache/httpcomponents/httpcore/4.4.4/httpcore-4.4.4.jar:/home/user/.m2/repository/commons-codec/commons-codec/1.11/commons-codec-1.11.jar:/home/user/.m2/repository/commons-net/commons-net/3.6/commons-net-3.6.jar:/home/user/.m2/repository/commons-collections/commons-collections/3.2.2/commons-collections-3.2.2.jar:/home/user/.m2/repository/org/eclipse/jetty/jetty-servlet/9.3.24.v20180605/jetty-servlet-9.3.24.v20180605.jar:/home/user/.m2/repository/org/eclipse/jetty/jetty-security/9.3.24.v20180605/jetty-security-9.3.24.v20180605.jar:/home/user/.m2/repository/javax/servlet/jsp/jsp-api/2.1/jsp-api-2.1.jar:/home/user/.m2/repository/com/sun/jersey/jersey-servlet/1.19/jersey-servlet-1.19.jar:/home/user/.m2/repository/com/sun/jersey/jersey-json/1.19/jersey-json-1.19.jar:/home/user/.m2/repository/org/codehaus/jettison/jettison/1.1/jettison-1.1.jar:/home/user/.m2/repository/org/codehaus/jackson/jackson-core-asl/1.9.13/jackson-core-asl-1.9.13.jar:/home/user/.m2/repository/org/codehaus/jackson/jackson-mapper-asl/1.9.13/jackson-mapper-asl-1.9.13.jar:/home/user/.m2/repository/org/codehaus/jackson/jackson-jaxrs/1.9.13/jackson-jaxrs-1.9.13.jar:/home/user/.m2/repository/org/codehaus/jackson/jackson-xc/1.9.13/jackson-xc-1.9.13.jar:/home/user/.m2/repository/commons-logging/commons-logging/1.1.3/commons-logging-1.1.3.jar:/home/user/.m2/repository/commons-beanutils/commons-beanutils/1.9.3/commons-beanutils-1.9.3.jar:/home/user/.m2/repository/org/apache/commons/commons-configuration2/2.1.1/commons-configuration2-2.1.1.jar:/home/user/.m2/repository/org/apache/commons/commons-lang3/3.7/commons-lang3-3.7.jar:/home/user/.m2/repository/org/apache/commons/commons-text/1.4/commons-text-1.4.jar:/home/user/.m2/repository/org/apache/avro/avro/1.7.7/avro-1.7.7.jar:/home/user/.m2/repository/com/thoughtworks/paranamer/paranamer/2.3/paranamer-2.3.jar:/home/user/.m2/repository/org/xerial/snappy/snappy-java/1.0.5/snappy-java-1.0.5.jar:/home/user/.m2/repository/com/google/re2j/re2j/1.1/re2j-1.1.jar:/home/user/.m2/repository/com/google/code/gson/gson/2.2.4/gson-2.2.4.jar:/home/user/.m2/repository/com/jcraft/jsch/0.1.54/jsch-0.1.54.jar:/home/user/.m2/repository/org/apache/curator/curator-client/2.12.0/curator-client-2.12.0.jar:/home/user/.m2/repository/org/apache/curator/curator-recipes/2.12.0/curator-recipes-2.12.0.jar:/home/user/.m2/repository/com/google/code/findbugs/jsr305/3.0.0/jsr305-3.0.0.jar:/home/user/.m2/repository/org/apache/htrace/htrace-core4/4.1.0-incubating/htrace-core4-4.1.0-incubating.jar:/home/user/.m2/repository/org/apache/zookeeper/zookeeper/3.4.13/zookeeper-3.4.13.jar:/home/user/.m2/repository/org/apache/yetus/audience-annotations/0.5.0/audience-annotations-0.5.0.jar:/home/user/.m2/repository/org/codehaus/woodstox/stax2-api/3.1.4/stax2-api-3.1.4.jar:/home/user/.m2/repository/com/fasterxml/woodstox/woodstox-core/5.0.3/woodstox-core-5.0.3.jar:/home/user/.m2/repository/dnsjava/dnsjava/2.1.7/dnsjava-2.1.7.jar:/home/user/.m2/repository/org/apache/hadoop/hadoop-hdfs/3.2.0/hadoop-hdfs-3.2.0-tests.jar:/home/user/.m2/repository/org/eclipse/jetty/jetty-util-ajax/9.3.24.v20180605/jetty-util-ajax-9.3.24.v20180605.jar:/home/user/.m2/repository/commons-daemon/commons-daemon/1.0.13/commons-daemon-1.0.13.jar:/home/user/.m2/repository/io/netty/netty/3.10.5.Final/netty-3.10.5.Final.jar:/home/user/.m2/repository/io/netty/netty-all/4.0.52.Final/netty-all-4.0.52.Final.jar:/home/user/.m2/repository/org/fusesource/leveldbjni/leveldbjni-all/1.8/leveldbjni-all-1.8.jar:"/>
    <property name="java.vm.vendor" value="IcedTea"/>
    <property name="sun.arch.data.model" value="64"/>
    <property name="test.build.dir" value="/workdir/hadoop-ozone/integration-test/target/test-dir"/>
    <property name="test.cache.data" value=""/>
    <property name="java.vendor.url" value="https://icedtea.classpath.org"/>
    <property name="user.timezone" value=""/>
    <property name="java.vm.specification.version" value="1.8"/>
    <property name="os.name" value="Linux"/>
    <property name="test.build.data" value="/workdir/hadoop-ozone/integration-test/target/test-dir"/>
    <property name="user.country" value="US"/>
    <property name="sun.java.launcher" value="SUN_STANDARD"/>
    <property name="sun.boot.library.path" value="/usr/lib/jvm/java-1.8-openjdk/jre/lib/amd64"/>
    <property name="sun.java.command" value="/workdir/hadoop-ozone/integration-test/target/surefire/surefirebooter5587065336375438374.jar /workdir/hadoop-ozone/integration-test/target/surefire 2019-07-30T16-43-04_662-jvmRun1 surefire6402667989160433914tmp surefire_419028642063989605492tmp"/>
    <property name="surefire.test.class.path" value="/workdir/hadoop-ozone/integration-test/target/test-classes:/workdir/hadoop-ozone/integration-test/target/classes:/home/user/.m2/repository/org/apache/hadoop/hadoop-ozone-common/0.4.1-SNAPSHOT/hadoop-ozone-common-0.4.1-SNAPSHOT.jar:/home/user/.m2/repository/org/apache/commons/commons-compress/1.4.1/commons-compress-1.4.1.jar:/home/user/.m2/repository/org/tukaani/xz/1.0/xz-1.0.jar:/home/user/.m2/repository/org/apache/hadoop/hadoop-common/3.2.0/hadoop-common-3.2.0.jar:/home/user/.m2/repository/org/apache/hadoop/hadoop-hdfs/3.2.0/hadoop-hdfs-3.2.0.jar:/home/user/.m2/repository/org/apache/hadoop/hadoop-hdfs-client/3.2.0/hadoop-hdfs-client-3.2.0.jar:/home/user/.m2/repository/com/fasterxml/jackson/core/jackson-annotations/2.9.5/jackson-annotations-2.9.5.jar:/home/user/.m2/repository/org/apache/hadoop/hadoop-hdds-common/0.4.1-SNAPSHOT/hadoop-hdds-common-0.4.1-SNAPSHOT.jar:/home/user/.m2/repository/javax/annotation/javax.annotation-api/1.2/javax.annotation-api-1.2.jar:/home/user/.m2/repository/org/apache/ratis/ratis-server/0.4.0-2337318-SNAPSHOT/ratis-server-0.4.0-2337318-SNAPSHOT.jar:/home/user/.m2/repository/org/apache/ratis/ratis-thirdparty-misc/0.2.0/ratis-thirdparty-misc-0.2.0.jar:/home/user/.m2/repository/org/apache/ratis/ratis-proto/0.4.0-2337318-SNAPSHOT/ratis-proto-0.4.0-2337318-SNAPSHOT.jar:/home/user/.m2/repository/org/apache/ratis/ratis-common/0.4.0-2337318-SNAPSHOT/ratis-common-0.4.0-2337318-SNAPSHOT.jar:/home/user/.m2/repository/org/apache/ratis/ratis-client/0.4.0-2337318-SNAPSHOT/ratis-client-0.4.0-2337318-SNAPSHOT.jar:/home/user/.m2/repository/org/apache/ratis/ratis-metrics/0.4.0-2337318-SNAPSHOT/ratis-metrics-0.4.0-2337318-SNAPSHOT.jar:/home/user/.m2/repository/org/apache/ratis/ratis-netty/0.4.0-2337318-SNAPSHOT/ratis-netty-0.4.0-2337318-SNAPSHOT.jar:/home/user/.m2/repository/org/apache/ratis/ratis-grpc/0.4.0-2337318-SNAPSHOT/ratis-grpc-0.4.0-2337318-SNAPSHOT.jar:/home/user/.m2/repository/org/rocksdb/rocksdbjni/6.0.1/rocksdbjni-6.0.1.jar:/home/user/.m2/repository/org/apache/logging/log4j/log4j-api/2.11.0/log4j-api-2.11.0.jar:/home/user/.m2/repository/org/apache/logging/log4j/log4j-core/2.11.0/log4j-core-2.11.0.jar:/home/user/.m2/repository/com/lmax/disruptor/3.4.2/disruptor-3.4.2.jar:/home/user/.m2/repository/org/apache/commons/commons-pool2/2.6.0/commons-pool2-2.6.0.jar:/home/user/.m2/repository/org/bouncycastle/bcpkix-jdk15on/1.60/bcpkix-jdk15on-1.60.jar:/home/user/.m2/repository/commons-validator/commons-validator/1.6/commons-validator-1.6.jar:/home/user/.m2/repository/commons-digester/commons-digester/1.8.1/commons-digester-1.8.1.jar:/home/user/.m2/repository/io/jaegertracing/jaeger-client/0.33.1/jaeger-client-0.33.1.jar:/home/user/.m2/repository/io/jaegertracing/jaeger-thrift/0.33.1/jaeger-thrift-0.33.1.jar:/home/user/.m2/repository/org/apache/thrift/libthrift/0.11.0/libthrift-0.11.0.jar:/home/user/.m2/repository/com/squareup/okhttp3/okhttp/3.9.0/okhttp-3.9.0.jar:/home/user/.m2/repository/com/squareup/okio/okio/1.13.0/okio-1.13.0.jar:/home/user/.m2/repository/io/jaegertracing/jaeger-core/0.33.1/jaeger-core-0.33.1.jar:/home/user/.m2/repository/io/jaegertracing/jaeger-tracerresolver/0.33.1/jaeger-tracerresolver-0.33.1.jar:/home/user/.m2/repository/io/opentracing/contrib/opentracing-tracerresolver/0.1.5/opentracing-tracerresolver-0.1.5.jar:/home/user/.m2/repository/io/opentracing/opentracing-util/0.31.0/opentracing-util-0.31.0.jar:/home/user/.m2/repository/io/opentracing/opentracing-api/0.31.0/opentracing-api-0.31.0.jar:/home/user/.m2/repository/io/opentracing/opentracing-noop/0.31.0/opentracing-noop-0.31.0.jar:/home/user/.m2/repository/org/apache/hadoop/hadoop-hdds-server-framework/0.4.1-SNAPSHOT/hadoop-hdds-server-framework-0.4.1-SNAPSHOT.jar:/home/user/.m2/repository/org/apache/hadoop/hadoop-hdds-container-service/0.4.1-SNAPSHOT/hadoop-hdds-container-service-0.4.1-SNAPSHOT.jar:/home/user/.m2/repository/org/apache/hadoop/hadoop-hdds-client/0.4.1-SNAPSHOT/hadoop-hdds-client-0.4.1-SNAPSHOT.jar:/home/user/.m2/repository/org/apache/hadoop/hadoop-hdds-tools/0.4.1-SNAPSHOT/hadoop-hdds-tools-0.4.1-SNAPSHOT.jar:/home/user/.m2/repository/org/apache/hadoop/hadoop-hdds-server-scm/0.4.1-SNAPSHOT/hadoop-hdds-server-scm-0.4.1-SNAPSHOT.jar:/home/user/.m2/repository/org/apache/hadoop/hadoop-hdds-docs/0.4.1-SNAPSHOT/hadoop-hdds-docs-0.4.1-SNAPSHOT.jar:/home/user/.m2/repository/io/dropwizard/metrics/metrics-core/3.2.4/metrics-core-3.2.4.jar:/home/user/.m2/repository/org/hamcrest/hamcrest-all/1.3/hamcrest-all-1.3.jar:/home/user/.m2/repository/org/bouncycastle/bcprov-jdk15on/1.60/bcprov-jdk15on-1.60.jar:/home/user/.m2/repository/info/picocli/picocli/3.9.6/picocli-3.9.6.jar:/home/user/.m2/repository/com/google/protobuf/protobuf-java/2.5.0/protobuf-java-2.5.0.jar:/home/user/.m2/repository/com/google/guava/guava/11.0.2/guava-11.0.2.jar:/home/user/.m2/repository/org/apache/hadoop/hadoop-ozone-ozone-manager/0.4.1-SNAPSHOT/hadoop-ozone-ozone-manager-0.4.1-SNAPSHOT.jar:/home/user/.m2/repository/org/apache/hadoop/hadoop-minikdc/3.2.0/hadoop-minikdc-3.2.0.jar:/home/user/.m2/repository/commons-io/commons-io/2.5/commons-io-2.5.jar:/home/user/.m2/repository/org/apache/kerby/kerb-simplekdc/1.0.1/kerb-simplekdc-1.0.1.jar:/home/user/.m2/repository/org/apache/kerby/kerb-client/1.0.1/kerb-client-1.0.1.jar:/home/user/.m2/repository/org/apache/kerby/kerby-config/1.0.1/kerby-config-1.0.1.jar:/home/user/.m2/repository/org/apache/kerby/kerb-core/1.0.1/kerb-core-1.0.1.jar:/home/user/.m2/repository/org/apache/kerby/kerby-pkix/1.0.1/kerby-pkix-1.0.1.jar:/home/user/.m2/repository/org/apache/kerby/kerby-asn1/1.0.1/kerby-asn1-1.0.1.jar:/home/user/.m2/repository/org/apache/kerby/kerby-util/1.0.1/kerby-util-1.0.1.jar:/home/user/.m2/repository/org/apache/kerby/kerb-common/1.0.1/kerb-common-1.0.1.jar:/home/user/.m2/repository/org/apache/kerby/kerb-crypto/1.0.1/kerb-crypto-1.0.1.jar:/home/user/.m2/repository/org/apache/kerby/kerb-util/1.0.1/kerb-util-1.0.1.jar:/home/user/.m2/repository/org/apache/kerby/token-provider/1.0.1/token-provider-1.0.1.jar:/home/user/.m2/repository/org/apache/kerby/kerb-admin/1.0.1/kerb-admin-1.0.1.jar:/home/user/.m2/repository/org/apache/kerby/kerb-server/1.0.1/kerb-server-1.0.1.jar:/home/user/.m2/repository/org/apache/kerby/kerb-identity/1.0.1/kerb-identity-1.0.1.jar:/home/user/.m2/repository/org/apache/kerby/kerby-xdr/1.0.1/kerby-xdr-1.0.1.jar:/home/user/.m2/repository/org/slf4j/slf4j-log4j12/1.7.25/slf4j-log4j12-1.7.25.jar:/home/user/.m2/repository/org/apache/hadoop/hadoop-ozone-objectstore-service/0.4.1-SNAPSHOT/hadoop-ozone-objectstore-service-0.4.1-SNAPSHOT.jar:/home/user/.m2/repository/org/apache/hadoop/hadoop-ozone-s3gateway/0.4.1-SNAPSHOT/hadoop-ozone-s3gateway-0.4.1-SNAPSHOT.jar:/home/user/.m2/repository/org/jboss/weld/servlet/weld-servlet/2.4.7.Final/weld-servlet-2.4.7.Final.jar:/home/user/.m2/repository/org/glassfish/jersey/containers/jersey-container-servlet-core/2.27/jersey-container-servlet-core-2.27.jar:/home/user/.m2/repository/org/glassfish/hk2/external/javax.inject/2.5.0-b42/javax.inject-2.5.0-b42.jar:/home/user/.m2/repository/org/glassfish/jersey/core/jersey-common/2.27/jersey-common-2.27.jar:/home/user/.m2/repository/org/glassfish/hk2/osgi-resource-locator/1.0.1/osgi-resource-locator-1.0.1.jar:/home/user/.m2/repository/javax/ws/rs/javax.ws.rs-api/2.1/javax.ws.rs-api-2.1.jar:/home/user/.m2/repository/org/glassfish/jersey/ext/cdi/jersey-cdi1x/2.27/jersey-cdi1x-2.27.jar:/home/user/.m2/repository/org/glassfish/jersey/inject/jersey-hk2/2.27/jersey-hk2-2.27.jar:/home/user/.m2/repository/org/glassfish/hk2/hk2-locator/2.5.0-b42/hk2-locator-2.5.0-b42.jar:/home/user/.m2/repository/org/javassist/javassist/3.22.0-CR2/javassist-3.22.0-CR2.jar:/home/user/.m2/repository/org/glassfish/hk2/hk2-api/2.5.0/hk2-api-2.5.0.jar:/home/user/.m2/repository/org/glassfish/hk2/external/jakarta.inject/2.5.0/jakarta.inject-2.5.0.jar:/home/user/.m2/repository/org/glassfish/hk2/hk2-utils/2.5.0/hk2-utils-2.5.0.jar:/home/user/.m2/repository/jakarta/annotation/jakarta.annotation-api/1.3.4/jakarta.annotation-api-1.3.4.jar:/home/user/.m2/repository/org/glassfish/hk2/external/aopalliance-repackaged/2.5.0/aopalliance-repackaged-2.5.0.jar:/home/user/.m2/repository/com/fasterxml/jackson/dataformat/jackson-dataformat-xml/2.9.0/jackson-dataformat-xml-2.9.0.jar:/home/user/.m2/repository/com/fasterxml/jackson/core/jackson-core/2.9.5/jackson-core-2.9.5.jar:/home/user/.m2/repository/com/fasterxml/jackson/module/jackson-module-jaxb-annotations/2.9.5/jackson-module-jaxb-annotations-2.9.5.jar:/home/user/.m2/repository/javax/enterprise/cdi-api/1.2/cdi-api-1.2.jar:/home/user/.m2/repository/javax/el/javax.el-api/3.0.0/javax.el-api-3.0.0.jar:/home/user/.m2/repository/javax/interceptor/javax.interceptor-api/1.2/javax.interceptor-api-1.2.jar:/home/user/.m2/repository/javax/inject/javax.inject/1/javax.inject-1.jar:/home/user/.m2/repository/com/sun/xml/bind/jaxb-impl/2.3.0.1/jaxb-impl-2.3.0.1.jar:/home/user/.m2/repository/com/sun/xml/bind/jaxb-core/2.3.0.1/jaxb-core-2.3.0.1.jar:/home/user/.m2/repository/javax/xml/bind/jaxb-api/2.3.0/jaxb-api-2.3.0.jar:/home/user/.m2/repository/javax/activation/activation/1.1.1/activation-1.1.1.jar:/home/user/.m2/repository/org/apache/hadoop/hadoop-ozone-csi/0.4.1-SNAPSHOT/hadoop-ozone-csi-0.4.1-SNAPSHOT.jar:/home/user/.m2/repository/com/google/protobuf/protobuf-java-util/3.5.1/protobuf-java-util-3.5.1.jar:/home/user/.m2/repository/org/apache/hadoop/hadoop-hdds-config/0.4.1-SNAPSHOT/hadoop-hdds-config-0.4.1-SNAPSHOT.jar:/home/user/.m2/repository/io/grpc/grpc-netty/1.17.1/grpc-netty-1.17.1.jar:/home/user/.m2/repository/io/grpc/grpc-core/1.17.1/grpc-core-1.17.1.jar:/home/user/.m2/repository/io/grpc/grpc-context/1.17.1/grpc-context-1.17.1.jar:/home/user/.m2/repository/com/google/errorprone/error_prone_annotations/2.2.0/error_prone_annotations-2.2.0.jar:/home/user/.m2/repository/org/codehaus/mojo/animal-sniffer-annotations/1.17/animal-sniffer-annotations-1.17.jar:/home/user/.m2/repository/io/opencensus/opencensus-api/0.17.0/opencensus-api-0.17.0.jar:/home/user/.m2/repository/io/opencensus/opencensus-contrib-grpc-metrics/0.17.0/opencensus-contrib-grpc-metrics-0.17.0.jar:/home/user/.m2/repository/io/netty/netty-codec-http2/4.1.30.Final/netty-codec-http2-4.1.30.Final.jar:/home/user/.m2/repository/io/netty/netty-codec-http/4.1.30.Final/netty-codec-http-4.1.30.Final.jar:/home/user/.m2/repository/io/netty/netty-codec/4.1.30.Final/netty-codec-4.1.30.Final.jar:/home/user/.m2/repository/io/netty/netty-handler/4.1.30.Final/netty-handler-4.1.30.Final.jar:/home/user/.m2/repository/io/netty/netty-handler-proxy/4.1.30.Final/netty-handler-proxy-4.1.30.Final.jar:/home/user/.m2/repository/io/netty/netty-codec-socks/4.1.30.Final/netty-codec-socks-4.1.30.Final.jar:/home/user/.m2/repository/io/netty/netty-transport-native-epoll/4.1.30.Final/netty-transport-native-epoll-4.1.30.Final.jar:/home/user/.m2/repository/io/netty/netty-common/4.1.30.Final/netty-common-4.1.30.Final.jar:/home/user/.m2/repository/io/netty/netty-buffer/4.1.30.Final/netty-buffer-4.1.30.Final.jar:/home/user/.m2/repository/io/netty/netty-transport/4.1.30.Final/netty-transport-4.1.30.Final.jar:/home/user/.m2/repository/io/netty/netty-resolver/4.1.30.Final/netty-resolver-4.1.30.Final.jar:/home/user/.m2/repository/io/netty/netty-transport-native-unix-common/4.1.30.Final/netty-transport-native-unix-common-4.1.30.Final.jar:/home/user/.m2/repository/io/grpc/grpc-protobuf/1.17.1/grpc-protobuf-1.17.1.jar:/home/user/.m2/repository/com/google/api/grpc/proto-google-common-protos/1.0.0/proto-google-common-protos-1.0.0.jar:/home/user/.m2/repository/io/grpc/grpc-protobuf-lite/1.17.1/grpc-protobuf-lite-1.17.1.jar:/home/user/.m2/repository/io/grpc/grpc-stub/1.17.1/grpc-stub-1.17.1.jar:/home/user/.m2/repository/org/apache/hadoop/hadoop-ozone-recon/0.4.1-SNAPSHOT/hadoop-ozone-recon-0.4.1-SNAPSHOT.jar:/home/user/.m2/repository/org/apache/hadoop/hadoop-ozone-reconcodegen/0.4.1-SNAPSHOT/hadoop-ozone-reconcodegen-0.4.1-SNAPSHOT.jar:/home/user/.m2/repository/com/google/inject/extensions/guice-multibindings/4.0/guice-multibindings-4.0.jar:/home/user/.m2/repository/com/google/inject/guice/4.0/guice-4.0.jar:/home/user/.m2/repository/aopalliance/aopalliance/1.0/aopalliance-1.0.jar:/home/user/.m2/repository/com/google/inject/extensions/guice-servlet/4.0/guice-servlet-4.0.jar:/home/user/.m2/repository/org/glassfish/jersey/containers/jersey-container-servlet/2.27/jersey-container-servlet-2.27.jar:/home/user/.m2/repository/org/glassfish/hk2/guice-bridge/2.5.0/guice-bridge-2.5.0.jar:/home/user/.m2/repository/org/glassfish/jersey/core/jersey-server/2.27/jersey-server-2.27.jar:/home/user/.m2/repository/org/glassfish/jersey/core/jersey-client/2.27/jersey-client-2.27.jar:/home/user/.m2/repository/org/glassfish/jersey/media/jersey-media-jaxb/2.27/jersey-media-jaxb-2.27.jar:/home/user/.m2/repository/javax/validation/validation-api/1.1.0.Final/validation-api-1.1.0.Final.jar:/home/user/.m2/repository/org/glassfish/jersey/media/jersey-media-json-jackson/2.27/jersey-media-json-jackson-2.27.jar:/home/user/.m2/repository/org/glassfish/jersey/ext/jersey-entity-filtering/2.27/jersey-entity-filtering-2.27.jar:/home/user/.m2/repository/com/google/inject/extensions/guice-assistedinject/4.0/guice-assistedinject-4.0.jar:/home/user/.m2/repository/org/jooq/jooq/3.11.10/jooq-3.11.10.jar:/home/user/.m2/repository/org/jooq/jooq-meta/3.11.10/jooq-meta-3.11.10.jar:/home/user/.m2/repository/org/jooq/jooq-codegen/3.11.10/jooq-codegen-3.11.10.jar:/home/user/.m2/repository/com/jolbox/bonecp/0.8.0.RELEASE/bonecp-0.8.0.RELEASE.jar:/home/user/.m2/repository/org/xerial/sqlite-jdbc/3.25.2/sqlite-jdbc-3.25.2.jar:/home/user/.m2/repository/org/springframework/spring-jdbc/5.1.3.RELEASE/spring-jdbc-5.1.3.RELEASE.jar:/home/user/.m2/repository/org/springframework/spring-beans/5.1.3.RELEASE/spring-beans-5.1.3.RELEASE.jar:/home/user/.m2/repository/org/springframework/spring-core/5.1.3.RELEASE/spring-core-5.1.3.RELEASE.jar:/home/user/.m2/repository/org/springframework/spring-jcl/5.1.3.RELEASE/spring-jcl-5.1.3.RELEASE.jar:/home/user/.m2/repository/org/springframework/spring-tx/5.1.3.RELEASE/spring-tx-5.1.3.RELEASE.jar:/home/user/.m2/repository/org/apache/hadoop/hadoop-ozone-client/0.4.1-SNAPSHOT/hadoop-ozone-client-0.4.1-SNAPSHOT.jar:/home/user/.m2/repository/commons-lang/commons-lang/2.6/commons-lang-2.6.jar:/home/user/.m2/repository/org/apache/hadoop/hadoop-ozone-ozone-manager/0.4.1-SNAPSHOT/hadoop-ozone-ozone-manager-0.4.1-SNAPSHOT-tests.jar:/home/user/.m2/repository/junit/junit/4.11/junit-4.11.jar:/home/user/.m2/repository/org/hamcrest/hamcrest-core/1.3/hamcrest-core-1.3.jar:/home/user/.m2/repository/org/openjdk/jmh/jmh-core/1.19/jmh-core-1.19.jar:/home/user/.m2/repository/net/sf/jopt-simple/jopt-simple/4.6/jopt-simple-4.6.jar:/home/user/.m2/repository/org/apache/commons/commons-math3/3.1.1/commons-math3-3.1.1.jar:/home/user/.m2/repository/org/openjdk/jmh/jmh-generator-annprocess/1.19/jmh-generator-annprocess-1.19.jar:/home/user/.m2/repository/org/mockito/mockito-all/1.8.5/mockito-all-1.8.5.jar:/home/user/.m2/repository/org/apache/hadoop/hadoop-kms/3.2.0/hadoop-kms-3.2.0.jar:/home/user/.m2/repository/org/apache/hadoop/hadoop-auth/3.2.0/hadoop-auth-3.2.0.jar:/home/user/.m2/repository/com/nimbusds/nimbus-jose-jwt/4.41.1/nimbus-jose-jwt-4.41.1.jar:/home/user/.m2/repository/com/github/stephenc/jcip/jcip-annotations/1.0-1/jcip-annotations-1.0-1.jar:/home/user/.m2/repository/net/minidev/json-smart/2.3/json-smart-2.3.jar:/home/user/.m2/repository/net/minidev/accessors-smart/1.2/accessors-smart-1.2.jar:/home/user/.m2/repository/org/ow2/asm/asm/5.0.4/asm-5.0.4.jar:/home/user/.m2/repository/org/apache/curator/curator-framework/2.12.0/curator-framework-2.12.0.jar:/home/user/.m2/repository/com/sun/jersey/jersey-core/1.19/jersey-core-1.19.jar:/home/user/.m2/repository/javax/ws/rs/jsr311-api/1.1.1/jsr311-api-1.1.1.jar:/home/user/.m2/repository/com/sun/jersey/jersey-server/1.19/jersey-server-1.19.jar:/home/user/.m2/repository/javax/servlet/javax.servlet-api/3.1.0/javax.servlet-api-3.1.0.jar:/home/user/.m2/repository/org/eclipse/jetty/jetty-server/9.3.24.v20180605/jetty-server-9.3.24.v20180605.jar:/home/user/.m2/repository/org/eclipse/jetty/jetty-http/9.3.24.v20180605/jetty-http-9.3.24.v20180605.jar:/home/user/.m2/repository/org/eclipse/jetty/jetty-io/9.3.24.v20180605/jetty-io-9.3.24.v20180605.jar:/home/user/.m2/repository/org/eclipse/jetty/jetty-webapp/9.3.24.v20180605/jetty-webapp-9.3.24.v20180605.jar:/home/user/.m2/repository/org/eclipse/jetty/jetty-xml/9.3.24.v20180605/jetty-xml-9.3.24.v20180605.jar:/home/user/.m2/repository/log4j/log4j/1.2.17/log4j-1.2.17.jar:/home/user/.m2/repository/org/slf4j/slf4j-api/1.7.25/slf4j-api-1.7.25.jar:/home/user/.m2/repository/org/slf4j/jul-to-slf4j/1.7.25/jul-to-slf4j-1.7.25.jar:/home/user/.m2/repository/org/eclipse/jetty/jetty-util/9.3.24.v20180605/jetty-util-9.3.24.v20180605.jar:/home/user/.m2/repository/com/fasterxml/jackson/core/jackson-databind/2.9.5/jackson-databind-2.9.5.jar:/home/user/.m2/repository/org/apache/hadoop/hadoop-kms/3.2.0/hadoop-kms-3.2.0-tests.jar:/home/user/.m2/repository/org/apache/hadoop/hadoop-hdds-server-scm/0.4.1-SNAPSHOT/hadoop-hdds-server-scm-0.4.1-SNAPSHOT-tests.jar:/home/user/.m2/repository/org/apache/hadoop/hadoop-hdds-container-service/0.4.1-SNAPSHOT/hadoop-hdds-container-service-0.4.1-SNAPSHOT-tests.jar:/home/user/.m2/repository/org/yaml/snakeyaml/1.16/snakeyaml-1.16.jar:/home/user/.m2/repository/org/apache/hadoop/hadoop-common/3.2.0/hadoop-common-3.2.0-tests.jar:/home/user/.m2/repository/org/apache/hadoop/hadoop-annotations/3.2.0/hadoop-annotations-3.2.0.jar:/usr/lib/jvm/java-1.8-openjdk/jre/../lib/tools.jar:/home/user/.m2/repository/commons-cli/commons-cli/1.2/commons-cli-1.2.jar:/home/user/.m2/repository/org/apache/httpcomponents/httpclient/4.5.2/httpclient-4.5.2.jar:/home/user/.m2/repository/org/apache/httpcomponents/httpcore/4.4.4/httpcore-4.4.4.jar:/home/user/.m2/repository/commons-codec/commons-codec/1.11/commons-codec-1.11.jar:/home/user/.m2/repository/commons-net/commons-net/3.6/commons-net-3.6.jar:/home/user/.m2/repository/commons-collections/commons-collections/3.2.2/commons-collections-3.2.2.jar:/home/user/.m2/repository/org/eclipse/jetty/jetty-servlet/9.3.24.v20180605/jetty-servlet-9.3.24.v20180605.jar:/home/user/.m2/repository/org/eclipse/jetty/jetty-security/9.3.24.v20180605/jetty-security-9.3.24.v20180605.jar:/home/user/.m2/repository/javax/servlet/jsp/jsp-api/2.1/jsp-api-2.1.jar:/home/user/.m2/repository/com/sun/jersey/jersey-servlet/1.19/jersey-servlet-1.19.jar:/home/user/.m2/repository/com/sun/jersey/jersey-json/1.19/jersey-json-1.19.jar:/home/user/.m2/repository/org/codehaus/jettison/jettison/1.1/jettison-1.1.jar:/home/user/.m2/repository/org/codehaus/jackson/jackson-core-asl/1.9.13/jackson-core-asl-1.9.13.jar:/home/user/.m2/repository/org/codehaus/jackson/jackson-mapper-asl/1.9.13/jackson-mapper-asl-1.9.13.jar:/home/user/.m2/repository/org/codehaus/jackson/jackson-jaxrs/1.9.13/jackson-jaxrs-1.9.13.jar:/home/user/.m2/repository/org/codehaus/jackson/jackson-xc/1.9.13/jackson-xc-1.9.13.jar:/home/user/.m2/repository/commons-logging/commons-logging/1.1.3/commons-logging-1.1.3.jar:/home/user/.m2/repository/commons-beanutils/commons-beanutils/1.9.3/commons-beanutils-1.9.3.jar:/home/user/.m2/repository/org/apache/commons/commons-configuration2/2.1.1/commons-configuration2-2.1.1.jar:/home/user/.m2/repository/org/apache/commons/commons-lang3/3.7/commons-lang3-3.7.jar:/home/user/.m2/repository/org/apache/commons/commons-text/1.4/commons-text-1.4.jar:/home/user/.m2/repository/org/apache/avro/avro/1.7.7/avro-1.7.7.jar:/home/user/.m2/repository/com/thoughtworks/paranamer/paranamer/2.3/paranamer-2.3.jar:/home/user/.m2/repository/org/xerial/snappy/snappy-java/1.0.5/snappy-java-1.0.5.jar:/home/user/.m2/repository/com/google/re2j/re2j/1.1/re2j-1.1.jar:/home/user/.m2/repository/com/google/code/gson/gson/2.2.4/gson-2.2.4.jar:/home/user/.m2/repository/com/jcraft/jsch/0.1.54/jsch-0.1.54.jar:/home/user/.m2/repository/org/apache/curator/curator-client/2.12.0/curator-client-2.12.0.jar:/home/user/.m2/repository/org/apache/curator/curator-recipes/2.12.0/curator-recipes-2.12.0.jar:/home/user/.m2/repository/com/google/code/findbugs/jsr305/3.0.0/jsr305-3.0.0.jar:/home/user/.m2/repository/org/apache/htrace/htrace-core4/4.1.0-incubating/htrace-core4-4.1.0-incubating.jar:/home/user/.m2/repository/org/apache/zookeeper/zookeeper/3.4.13/zookeeper-3.4.13.jar:/home/user/.m2/repository/org/apache/yetus/audience-annotations/0.5.0/audience-annotations-0.5.0.jar:/home/user/.m2/repository/org/codehaus/woodstox/stax2-api/3.1.4/stax2-api-3.1.4.jar:/home/user/.m2/repository/com/fasterxml/woodstox/woodstox-core/5.0.3/woodstox-core-5.0.3.jar:/home/user/.m2/repository/dnsjava/dnsjava/2.1.7/dnsjava-2.1.7.jar:/home/user/.m2/repository/org/apache/hadoop/hadoop-hdfs/3.2.0/hadoop-hdfs-3.2.0-tests.jar:/home/user/.m2/repository/org/eclipse/jetty/jetty-util-ajax/9.3.24.v20180605/jetty-util-ajax-9.3.24.v20180605.jar:/home/user/.m2/repository/commons-daemon/commons-daemon/1.0.13/commons-daemon-1.0.13.jar:/home/user/.m2/repository/io/netty/netty/3.10.5.Final/netty-3.10.5.Final.jar:/home/user/.m2/repository/io/netty/netty-all/4.0.52.Final/netty-all-4.0.52.Final.jar:/home/user/.m2/repository/org/fusesource/leveldbjni/leveldbjni-all/1.8/leveldbjni-all-1.8.jar:"/>
    <property name="sun.cpu.endian" value="little"/>
    <property name="user.home" value="/home/user"/>
    <property name="user.language" value="en"/>
    <property name="java.specification.vendor" value="Oracle Corporation"/>
    <property name="java.home" value="/usr/lib/jvm/java-1.8-openjdk/jre"/>
    <property name="java.security.krb5.conf" value="/workdir/hadoop-ozone/integration-test/target/test-classes/krb5.conf"/>
    <property name="basedir" value="/workdir/hadoop-ozone/integration-test"/>
    <property name="file.separator" value="/"/>
    <property name="line.separator" value="&#10;"/>
    <property name="java.vm.specification.vendor" value="Oracle Corporation"/>
    <property name="java.specification.name" value="Java Platform API Specification"/>
    <property name="java.awt.graphicsenv" value="sun.awt.X11GraphicsEnvironment"/>
    <property name="surefire.real.class.path" value="/workdir/hadoop-ozone/integration-test/target/surefire/surefirebooter5587065336375438374.jar"/>
    <property name="hadoop.log.dir" value="/workdir/hadoop-ozone/integration-test/target/log"/>
    <property name="sun.boot.class.path" value="/usr/lib/jvm/java-1.8-openjdk/jre/lib/resources.jar:/usr/lib/jvm/java-1.8-openjdk/jre/lib/rt.jar:/usr/lib/jvm/java-1.8-openjdk/jre/lib/sunrsasign.jar:/usr/lib/jvm/java-1.8-openjdk/jre/lib/jsse.jar:/usr/lib/jvm/java-1.8-openjdk/jre/lib/jce.jar:/usr/lib/jvm/java-1.8-openjdk/jre/lib/charsets.jar:/usr/lib/jvm/java-1.8-openjdk/jre/lib/jfr.jar:/usr/lib/jvm/java-1.8-openjdk/jre/classes"/>
    <property name="sun.management.compiler" value="HotSpot 64-Bit Tiered Compilers"/>
    <property name="java.runtime.version" value="1.8.0_212-b04"/>
    <property name="java.net.preferIPv4Stack" value="true"/>
    <property name="user.name" value="jenkins1000"/>
    <property name="path.separator" value=":"/>
    <property name="java.security.egd" value="file:///dev/urandom"/>
    <property name="os.version" value="3.10.0-957.12.2.el7.x86_64"/>
    <property name="java.endorsed.dirs" value="/usr/lib/jvm/java-1.8-openjdk/jre/lib/endorsed"/>
    <property name="java.runtime.name" value="OpenJDK Runtime Environment"/>
    <property name="file.encoding" value="UTF-8"/>
    <property name="java.vm.name" value="OpenJDK 64-Bit Server VM"/>
    <property name="test.build.webapps" value=""/>
    <property name="localRepository" value="/home/user/.m2/repository"/>
    <property name="java.vendor.url.bug" value="https://icedtea.classpath.org/bugzilla"/>
    <property name="java.io.tmpdir" value="/tmp"/>
    <property name="require.test.libhadoop" value=""/>
    <property name="java.version" value="1.8.0_212"/>
    <property name="user.dir" value="/workdir/hadoop-ozone/integration-test"/>
    <property name="os.arch" value="amd64"/>
    <property name="java.vm.specification.name" value="Java Virtual Machine Specification"/>
    <property name="test.build.classes" value="/workdir/hadoop-ozone/integration-test/target/test-classes"/>
    <property name="java.awt.printerjob" value="sun.print.PSPrinterJob"/>
    <property name="sun.os.patch.level" value="unknown"/>
    <property name="hadoop.tmp.dir" value="/workdir/hadoop-ozone/integration-test/target/tmp"/>
    <property name="java.library.path" value="/usr/lib/jvm/java-1.8-openjdk/jre/lib/amd64/server:/usr/lib/jvm/java-1.8-openjdk/jre/lib/amd64:/usr/lib/jvm/java-1.8-openjdk/jre/../lib/amd64:/workdir/hadoop-ozone/integration-test/target/native/target/usr/local/lib:/workdir/hadoop-ozone/integration-test/../../hadoop-common-project/hadoop-common/target/native/target/usr/local/lib:/usr/java/packages/lib/amd64:/usr/lib64:/lib64:/lib:/usr/lib"/>
    <property name="java.vm.info" value="mixed mode"/>
    <property name="java.vendor" value="IcedTea"/>
    <property name="java.vm.version" value="25.212-b04"/>
    <property name="java.ext.dirs" value="/usr/lib/jvm/java-1.8-openjdk/jre/lib/ext:/usr/java/packages/lib/ext"/>
    <property name="sun.io.unicode.encoding" value="UnicodeLittle"/>
    <property name="java.class.version" value="52.0"/>
  </properties>
  <testcase name="testGroupMismatchExceptionHandling" classname="org.apache.hadoop.ozone.client.rpc.TestOzoneClientRetriesOnException" time="43.195"/>
  <testcase name="testMaxRetriesByOzoneClient" classname="org.apache.hadoop.ozone.client.rpc.TestOzoneClientRetriesOnException" time="32.308">
    <error message="Failed to command cmdType: CreateContainer&#10;containerID: 1&#10;datanodeUuid: &quot;b62a6e62-05c5-4b06-91dc-725b110dfd52&quot;&#10;createContainer {&#10;}&#10;" type="java.io.IOException">java.io.IOException: 
Failed to command cmdType: CreateContainer
containerID: 1
datanodeUuid: "b62a6e62-05c5-4b06-91dc-725b110dfd52"
createContainer {
}

	at org.apache.hadoop.hdds.scm.XceiverClientSpi.sendCommand(XceiverClientSpi.java:113)
	at org.apache.hadoop.ozone.client.rpc.TestOzoneClientRetriesOnException.testMaxRetriesByOzoneClient(TestOzoneClientRetriesOnException.java:190)
	at sun.reflect.NativeMethodAccessorImpl.invoke0(Native Method)
	at sun.reflect.NativeMethodAccessorImpl.invoke(NativeMethodAccessorImpl.java:62)
	at sun.reflect.DelegatingMethodAccessorImpl.invoke(DelegatingMethodAccessorImpl.java:43)
	at java.lang.reflect.Method.invoke(Method.java:498)
	at org.junit.runners.model.FrameworkMethod$1.runReflectiveCall(FrameworkMethod.java:47)
	at org.junit.internal.runners.model.ReflectiveCallable.run(ReflectiveCallable.java:12)
	at org.junit.runners.model.FrameworkMethod.invokeExplosively(FrameworkMethod.java:44)
	at org.junit.internal.runners.statements.InvokeMethod.evaluate(InvokeMethod.java:17)
	at org.junit.internal.runners.statements.RunBefores.evaluate(RunBefores.java:26)
	at org.junit.internal.runners.statements.RunAfters.evaluate(RunAfters.java:27)
	at org.junit.runners.ParentRunner.runLeaf(ParentRunner.java:271)
	at org.junit.runners.BlockJUnit4ClassRunner.runChild(BlockJUnit4ClassRunner.java:70)
	at org.junit.runners.BlockJUnit4ClassRunner.runChild(BlockJUnit4ClassRunner.java:50)
	at org.junit.runners.ParentRunner$3.run(ParentRunner.java:238)
	at org.junit.runners.ParentRunner$1.schedule(ParentRunner.java:63)
	at org.junit.runners.ParentRunner.runChildren(ParentRunner.java:236)
	at org.junit.runners.ParentRunner.access$000(ParentRunner.java:53)
	at org.junit.runners.ParentRunner$2.evaluate(ParentRunner.java:229)
	at org.junit.runners.ParentRunner.run(ParentRunner.java:309)
	at org.apache.maven.surefire.junit4.JUnit4Provider.execute(JUnit4Provider.java:365)
	at org.apache.maven.surefire.junit4.JUnit4Provider.executeWithRerun(JUnit4Provider.java:273)
	at org.apache.maven.surefire.junit4.JUnit4Provider.executeTestSet(JUnit4Provider.java:238)
	at org.apache.maven.surefire.junit4.JUnit4Provider.invoke(JUnit4Provider.java:159)
	at org.apache.maven.surefire.booter.ForkedBooter.invokeProviderInSameClassLoader(ForkedBooter.java:384)
	at org.apache.maven.surefire.booter.ForkedBooter.runSuitesInProcess(ForkedBooter.java:345)
	at org.apache.maven.surefire.booter.ForkedBooter.execute(ForkedBooter.java:126)
	at org.apache.maven.surefire.booter.ForkedBooter.main(ForkedBooter.java:418)
Caused by: java.util.concurrent.ExecutionException: org.apache.ratis.protocol.StateMachineException: java.util.concurrent.CompletionException: java.lang.IllegalArgumentException
	at java.util.concurrent.CompletableFuture.reportGet(CompletableFuture.java:357)
	at java.util.concurrent.CompletableFuture.get(CompletableFuture.java:1895)
	at org.apache.hadoop.hdds.scm.XceiverClientSpi.sendCommand(XceiverClientSpi.java:110)
	... 28 more
Caused by: org.apache.ratis.protocol.StateMachineException: java.util.concurrent.CompletionException: java.lang.IllegalArgumentException
	at java.util.concurrent.CompletableFuture.encodeThrowable(CompletableFuture.java:273)
	at java.util.concurrent.CompletableFuture.completeThrowable(CompletableFuture.java:280)
	at java.util.concurrent.CompletableFuture$AsyncSupply.run(CompletableFuture.java:1592)
	at java.util.concurrent.ThreadPoolExecutor.runWorker(ThreadPoolExecutor.java:1149)
	at java.util.concurrent.ThreadPoolExecutor$Worker.run(ThreadPoolExecutor.java:624)
	at java.lang.Thread.run(Thread.java:748)
</error>
    <system-out><![CDATA[2019-07-30 17:29:32,891 WARN  server.ServerUtils (ServerUtils.java:getScmDbDir(145)) - ozone.scm.db.dirs is not configured. We recommend adding this setting. Falling back to ozone.metadata.dirs instead.
2019-07-30 17:29:32,905 WARN  server.ServerUtils (ServerUtils.java:getScmDbDir(145)) - ozone.scm.db.dirs is not configured. We recommend adding this setting. Falling back to ozone.metadata.dirs instead.
2019-07-30 17:29:32,906 WARN  server.ServerUtils (ServerUtils.java:getScmDbDir(145)) - ozone.scm.db.dirs is not configured. We recommend adding this setting. Falling back to ozone.metadata.dirs instead.
2019-07-30 17:29:32,906 INFO  db.DBStoreBuilder (DBStoreBuilder.java:addTable(110)) - using custom profile for table: deletedBlocks
2019-07-30 17:29:32,906 INFO  db.DBStoreBuilder (DBStoreBuilder.java:processTables(161)) - Using default column profile:DBProfile.DISK for Table:deletedBlocks
2019-07-30 17:29:32,907 INFO  db.DBStoreBuilder (DBStoreBuilder.java:addTable(110)) - using custom profile for table: validCerts
2019-07-30 17:29:32,907 INFO  db.DBStoreBuilder (DBStoreBuilder.java:processTables(161)) - Using default column profile:DBProfile.DISK for Table:validCerts
2019-07-30 17:29:32,907 INFO  db.DBStoreBuilder (DBStoreBuilder.java:addTable(110)) - using custom profile for table: revokedCerts
2019-07-30 17:29:32,907 INFO  db.DBStoreBuilder (DBStoreBuilder.java:processTables(161)) - Using default column profile:DBProfile.DISK for Table:revokedCerts
2019-07-30 17:29:32,907 INFO  db.DBStoreBuilder (DBStoreBuilder.java:addTable(110)) - using custom profile for table: default
2019-07-30 17:29:32,908 INFO  db.DBStoreBuilder (DBStoreBuilder.java:processTables(167)) - Using default column profile:DBProfile.DISK for Table:default
2019-07-30 17:29:32,908 INFO  db.DBStoreBuilder (DBStoreBuilder.java:getDbProfile(198)) - Using default options. DBProfile.DISK
2019-07-30 17:29:32,978 INFO  net.NodeSchemaLoader (NodeSchemaLoader.java:loadSchemaFromFile(125)) - Loading file from sun.misc.CompoundEnumeration@b5312df
2019-07-30 17:29:32,978 INFO  net.NodeSchemaLoader (NodeSchemaLoader.java:loadSchema(171)) - Loading network topology layer schema file
2019-07-30 17:29:32,983 WARN  server.ServerUtils (ServerUtils.java:sanitizeUserArgs(70)) - ozone.scm.stale.node.interval value = 300000 is larger than max = 100000 based on the key value of ozone.scm.heartbeat.thread.interval, reset to the max value 100000.
2019-07-30 17:29:32,983 WARN  server.ServerUtils (ServerUtils.java:sanitizeUserArgs(70)) - ozone.scm.stale.node.interval value = 300000 is larger than max = 100000 based on the key value of ozone.scm.heartbeat.thread.interval, reset to the max value 100000.
2019-07-30 17:29:32,984 INFO  node.SCMNodeManager (SCMNodeManager.java:<init>(121)) - Entering startup safe mode.
2019-07-30 17:29:32,985 WARN  server.ServerUtils (ServerUtils.java:getScmDbDir(145)) - ozone.scm.db.dirs is not configured. We recommend adding this setting. Falling back to ozone.metadata.dirs instead.
2019-07-30 17:29:33,016 INFO  pipeline.SCMPipelineManager (SCMPipelineManager.java:initializePipelineState(126)) - No pipeline exists in current db
2019-07-30 17:29:33,016 WARN  server.ServerUtils (ServerUtils.java:getScmDbDir(145)) - ozone.scm.db.dirs is not configured. We recommend adding this setting. Falling back to ozone.metadata.dirs instead.
2019-07-30 17:29:33,054 WARN  events.EventQueue (EventQueue.java:fireEvent(175)) - No event handler registered for event TypedEvent{payloadType=SafeModeStatus, name='SafeModeStatus'}
2019-07-30 17:29:33,055 INFO  ipc.CallQueueManager (CallQueueManager.java:<init>(84)) - Using callQueue: class java.util.concurrent.LinkedBlockingQueue, queueCapacity: 2000, scheduler: class org.apache.hadoop.ipc.DefaultRpcScheduler, ipcBackoff: false.
2019-07-30 17:29:33,057 INFO  ipc.Server (Server.java:run(1074)) - Starting Socket Reader #1 for port 46527
2019-07-30 17:29:33,059 INFO  ipc.CallQueueManager (CallQueueManager.java:<init>(84)) - Using callQueue: class java.util.concurrent.LinkedBlockingQueue, queueCapacity: 2000, scheduler: class org.apache.hadoop.ipc.DefaultRpcScheduler, ipcBackoff: false.
2019-07-30 17:29:33,060 INFO  ipc.Server (Server.java:run(1074)) - Starting Socket Reader #1 for port 41025
2019-07-30 17:29:33,061 INFO  ipc.CallQueueManager (CallQueueManager.java:<init>(84)) - Using callQueue: class java.util.concurrent.LinkedBlockingQueue, queueCapacity: 2000, scheduler: class org.apache.hadoop.ipc.DefaultRpcScheduler, ipcBackoff: false.
2019-07-30 17:29:33,062 INFO  ipc.Server (Server.java:run(1074)) - Starting Socket Reader #1 for port 46421
2019-07-30 17:29:33,067 INFO  hdfs.DFSUtil (DFSUtil.java:httpServerTemplateForNNAndJN(1641)) - Starting Web-server for scm at: http://0.0.0.0:0
2019-07-30 17:29:33,069 INFO  server.AuthenticationFilter (AuthenticationFilter.java:constructSecretProvider(240)) - Unable to initialize FileSignerSecretProvider, falling back to use random secrets.
2019-07-30 17:29:33,070 WARN  http.HttpRequestLog (HttpRequestLog.java:getRequestLog(97)) - Jetty request log can only be enabled using Log4j
2019-07-30 17:29:33,072 INFO  http.HttpServer2 (HttpServer2.java:addGlobalFilter(975)) - Added global filter 'safety' (class=org.apache.hadoop.http.HttpServer2$QuotingInputFilter)
2019-07-30 17:29:33,074 INFO  http.HttpServer2 (HttpServer2.java:addFilter(948)) - Added filter static_user_filter (class=org.apache.hadoop.http.lib.StaticUserWebFilter$StaticUserFilter) to context scm
2019-07-30 17:29:33,074 INFO  http.HttpServer2 (HttpServer2.java:addFilter(958)) - Added filter static_user_filter (class=org.apache.hadoop.http.lib.StaticUserWebFilter$StaticUserFilter) to context logs
2019-07-30 17:29:33,074 INFO  http.HttpServer2 (HttpServer2.java:addFilter(958)) - Added filter static_user_filter (class=org.apache.hadoop.http.lib.StaticUserWebFilter$StaticUserFilter) to context static
2019-07-30 17:29:33,077 INFO  server.StorageContainerManager (StorageContainerManager.java:start(758)) - StorageContainerLocationProtocol RPC server is listening at /0.0.0.0:46421
2019-07-30 17:29:33,079 WARN  impl.MetricsConfig (MetricsConfig.java:loadFirst(134)) - Cannot locate configuration: tried hadoop-metrics2-storagecontainermanager.properties,hadoop-metrics2.properties
2019-07-30 17:29:33,081 INFO  impl.MetricsSystemImpl (MetricsSystemImpl.java:startTimer(374)) - Scheduled Metric snapshot period at 10 second(s).
2019-07-30 17:29:33,081 INFO  impl.MetricsSystemImpl (MetricsSystemImpl.java:start(191)) - StorageContainerManager metrics system started
2019-07-30 17:29:33,130 INFO  server.SCMClientProtocolServer (SCMClientProtocolServer.java:start(151)) - RPC server for Client  is listening at /0.0.0.0:46421
2019-07-30 17:29:33,131 INFO  ipc.Server (Server.java:run(1314)) - IPC Server Responder: starting
2019-07-30 17:29:33,131 INFO  ipc.Server (Server.java:run(1153)) - IPC Server listener on 46421: starting
2019-07-30 17:29:33,136 INFO  server.StorageContainerManager (StorageContainerManager.java:start(768)) - ScmBlockLocationProtocol RPC server is listening at /0.0.0.0:41025
2019-07-30 17:29:33,136 INFO  server.SCMBlockProtocolServer (SCMBlockProtocolServer.java:start(140)) - RPC server for Block Protocol is listening at /0.0.0.0:41025
2019-07-30 17:29:33,137 INFO  ipc.Server (Server.java:run(1314)) - IPC Server Responder: starting
2019-07-30 17:29:33,137 INFO  ipc.Server (Server.java:run(1153)) - IPC Server listener on 41025: starting
2019-07-30 17:29:33,141 INFO  server.StorageContainerManager (StorageContainerManager.java:start(772)) - ScmDatanodeProtocl RPC server is listening at /0.0.0.0:46527
2019-07-30 17:29:33,141 INFO  server.SCMDatanodeProtocolServer (SCMDatanodeProtocolServer.java:start(191)) - RPC server for DataNodes is listening at /0.0.0.0:46527
2019-07-30 17:29:33,142 INFO  ipc.Server (Server.java:run(1314)) - IPC Server Responder: starting
2019-07-30 17:29:33,142 INFO  ipc.Server (Server.java:run(1153)) - IPC Server listener on 46527: starting
2019-07-30 17:29:33,148 INFO  http.HttpServer2 (HttpServer2.java:bindListener(1191)) - Jetty bound to port 45149
2019-07-30 17:29:33,148 INFO  server.Server (Server.java:doStart(351)) - jetty-9.3.24.v20180605, build timestamp: 2018-06-05T17:11:56Z, git hash: 84205aa28f11a4f31f2a3b86d1bba2cc8ab69827
2019-07-30 17:29:33,150 INFO  handler.ContextHandler (ContextHandler.java:doStart(781)) - Started o.e.j.s.ServletContextHandler@6f867b0c{/logs,file:///workdir/hadoop-ozone/integration-test/target/log,AVAILABLE}
2019-07-30 17:29:33,151 INFO  handler.ContextHandler (ContextHandler.java:doStart(781)) - Started o.e.j.s.ServletContextHandler@54be6213{/static,file:///workdir/hadoop-ozone/integration-test/target/test-classes/webapps/static,AVAILABLE}
2019-07-30 17:29:33,156 INFO  handler.ContextHandler (ContextHandler.java:doStart(781)) - Started o.e.j.w.WebAppContext@15e08615{/,file:///workdir/hadoop-ozone/integration-test/target/test-classes/webapps/scm/,AVAILABLE}{/scm}
2019-07-30 17:29:33,157 INFO  server.AbstractConnector (AbstractConnector.java:doStart(278)) - Started ServerConnector@19dac2d6{HTTP/1.1,[http/1.1]}{0.0.0.0:45149}
2019-07-30 17:29:33,158 INFO  server.Server (Server.java:doStart(419)) - Started @44109ms
2019-07-30 17:29:33,158 INFO  server.BaseHttpServer (BaseHttpServer.java:updateConnectorAddress(207)) - HTTP server of SCM is listening at http://0.0.0.0:45149
2019-07-30 17:29:33,159 WARN  server.ServerUtils (ServerUtils.java:getDBPath(222)) - ozone.om.db.dirs is not configured. We recommend adding this setting. Falling back to ozone.metadata.dirs instead.
2019-07-30 17:29:33,159 INFO  util.JvmPauseMonitor (JvmPauseMonitor.java:run(188)) - Starting JVM pause monitor
2019-07-30 17:29:33,172 WARN  server.ServerUtils (ServerUtils.java:getDBPath(222)) - ozone.om.db.dirs is not configured. We recommend adding this setting. Falling back to ozone.metadata.dirs instead.
2019-07-30 17:29:33,172 WARN  server.ServerUtils (ServerUtils.java:getDBPath(222)) - ozone.om.db.dirs is not configured. We recommend adding this setting. Falling back to ozone.metadata.dirs instead.
2019-07-30 17:29:33,173 INFO  om.OzoneManager (OzoneManager.java:setOMNodeDetails(644)) - OM Service ID is not set. Setting it to the default ID: omServiceIdDefault
2019-07-30 17:29:33,173 INFO  om.OzoneManager (OzoneManager.java:setOMNodeDetails(650)) - OM Node ID is not set. Setting it to the OmStorage's OmID: c4321325-ac3c-4ed6-aa26-e4c684d5efca
2019-07-30 17:29:33,173 INFO  om.OzoneManager (OzoneManager.java:loadOMHAConfigs(601)) - Found matching OM address with OMServiceId: null, OMNodeId: null, RPC Address: localhost:0 and Ratis port: 9872
2019-07-30 17:29:33,182 WARN  server.ServerUtils (ServerUtils.java:getDBPath(222)) - ozone.om.db.dirs is not configured. We recommend adding this setting. Falling back to ozone.metadata.dirs instead.
2019-07-30 17:29:33,182 INFO  db.DBStoreBuilder (DBStoreBuilder.java:addTable(110)) - using custom profile for table: userTable
2019-07-30 17:29:33,183 INFO  db.DBStoreBuilder (DBStoreBuilder.java:processTables(161)) - Using default column profile:DBProfile.DISK for Table:userTable
2019-07-30 17:29:33,183 INFO  db.DBStoreBuilder (DBStoreBuilder.java:addTable(110)) - using custom profile for table: volumeTable
2019-07-30 17:29:33,183 INFO  db.DBStoreBuilder (DBStoreBuilder.java:processTables(161)) - Using default column profile:DBProfile.DISK for Table:volumeTable
2019-07-30 17:29:33,183 INFO  db.DBStoreBuilder (DBStoreBuilder.java:addTable(110)) - using custom profile for table: bucketTable
2019-07-30 17:29:33,184 INFO  db.DBStoreBuilder (DBStoreBuilder.java:processTables(161)) - Using default column profile:DBProfile.DISK for Table:bucketTable
2019-07-30 17:29:33,184 INFO  db.DBStoreBuilder (DBStoreBuilder.java:addTable(110)) - using custom profile for table: keyTable
2019-07-30 17:29:33,184 INFO  db.DBStoreBuilder (DBStoreBuilder.java:processTables(161)) - Using default column profile:DBProfile.DISK for Table:keyTable
2019-07-30 17:29:33,184 INFO  db.DBStoreBuilder (DBStoreBuilder.java:addTable(110)) - using custom profile for table: deletedTable
2019-07-30 17:29:33,185 INFO  db.DBStoreBuilder (DBStoreBuilder.java:processTables(161)) - Using default column profile:DBProfile.DISK for Table:deletedTable
2019-07-30 17:29:33,185 INFO  db.DBStoreBuilder (DBStoreBuilder.java:addTable(110)) - using custom profile for table: openKeyTable
2019-07-30 17:29:33,185 INFO  db.DBStoreBuilder (DBStoreBuilder.java:processTables(161)) - Using default column profile:DBProfile.DISK for Table:openKeyTable
2019-07-30 17:29:33,185 INFO  db.DBStoreBuilder (DBStoreBuilder.java:addTable(110)) - using custom profile for table: s3Table
2019-07-30 17:29:33,185 INFO  db.DBStoreBuilder (DBStoreBuilder.java:processTables(161)) - Using default column profile:DBProfile.DISK for Table:s3Table
2019-07-30 17:29:33,186 INFO  db.DBStoreBuilder (DBStoreBuilder.java:addTable(110)) - using custom profile for table: multipartInfoTable
2019-07-30 17:29:33,186 INFO  db.DBStoreBuilder (DBStoreBuilder.java:processTables(161)) - Using default column profile:DBProfile.DISK for Table:multipartInfoTable
2019-07-30 17:29:33,186 INFO  db.DBStoreBuilder (DBStoreBuilder.java:addTable(110)) - using custom profile for table: dTokenTable
2019-07-30 17:29:33,186 INFO  db.DBStoreBuilder (DBStoreBuilder.java:processTables(161)) - Using default column profile:DBProfile.DISK for Table:dTokenTable
2019-07-30 17:29:33,187 INFO  db.DBStoreBuilder (DBStoreBuilder.java:addTable(110)) - using custom profile for table: s3SecretTable
2019-07-30 17:29:33,187 INFO  db.DBStoreBuilder (DBStoreBuilder.java:processTables(161)) - Using default column profile:DBProfile.DISK for Table:s3SecretTable
2019-07-30 17:29:33,187 INFO  db.DBStoreBuilder (DBStoreBuilder.java:addTable(110)) - using custom profile for table: prefixTable
2019-07-30 17:29:33,187 INFO  db.DBStoreBuilder (DBStoreBuilder.java:processTables(161)) - Using default column profile:DBProfile.DISK for Table:prefixTable
2019-07-30 17:29:33,188 INFO  db.DBStoreBuilder (DBStoreBuilder.java:addTable(110)) - using custom profile for table: default
2019-07-30 17:29:33,188 INFO  db.DBStoreBuilder (DBStoreBuilder.java:processTables(167)) - Using default column profile:DBProfile.DISK for Table:default
2019-07-30 17:29:33,188 INFO  db.DBStoreBuilder (DBStoreBuilder.java:getDbProfile(198)) - Using default options. DBProfile.DISK
2019-07-30 17:29:33,442 INFO  ipc.CallQueueManager (CallQueueManager.java:<init>(84)) - Using callQueue: class java.util.concurrent.LinkedBlockingQueue, queueCapacity: 2000, scheduler: class org.apache.hadoop.ipc.DefaultRpcScheduler, ipcBackoff: false.
2019-07-30 17:29:33,443 INFO  ipc.Server (Server.java:run(1074)) - Starting Socket Reader #1 for port 39728
2019-07-30 17:29:33,463 INFO  om.OzoneManager (OzoneManager.java:start(1255)) - OzoneManager RPC server is listening at localhost/127.0.0.1:39728
2019-07-30 17:29:33,463 INFO  impl.MetricsSystemImpl (MetricsSystemImpl.java:init(158)) - OzoneManager metrics system started (again)
2019-07-30 17:29:33,464 INFO  ipc.Server (Server.java:run(1314)) - IPC Server Responder: starting
2019-07-30 17:29:33,465 INFO  ipc.Server (Server.java:run(1153)) - IPC Server listener on 39728: starting
2019-07-30 17:29:33,472 INFO  hdfs.DFSUtil (DFSUtil.java:httpServerTemplateForNNAndJN(1641)) - Starting Web-server for ozoneManager at: http://0.0.0.0:0
2019-07-30 17:29:33,474 INFO  server.AuthenticationFilter (AuthenticationFilter.java:constructSecretProvider(240)) - Unable to initialize FileSignerSecretProvider, falling back to use random secrets.
2019-07-30 17:29:33,475 WARN  http.HttpRequestLog (HttpRequestLog.java:getRequestLog(97)) - Jetty request log can only be enabled using Log4j
2019-07-30 17:29:33,477 INFO  http.HttpServer2 (HttpServer2.java:addGlobalFilter(975)) - Added global filter 'safety' (class=org.apache.hadoop.http.HttpServer2$QuotingInputFilter)
2019-07-30 17:29:33,478 INFO  http.HttpServer2 (HttpServer2.java:addFilter(948)) - Added filter static_user_filter (class=org.apache.hadoop.http.lib.StaticUserWebFilter$StaticUserFilter) to context ozoneManager
2019-07-30 17:29:33,478 INFO  http.HttpServer2 (HttpServer2.java:addFilter(958)) - Added filter static_user_filter (class=org.apache.hadoop.http.lib.StaticUserWebFilter$StaticUserFilter) to context static
2019-07-30 17:29:33,479 INFO  http.HttpServer2 (HttpServer2.java:addFilter(958)) - Added filter static_user_filter (class=org.apache.hadoop.http.lib.StaticUserWebFilter$StaticUserFilter) to context logs
2019-07-30 17:29:33,480 INFO  http.HttpServer2 (HttpServer2.java:bindListener(1191)) - Jetty bound to port 44368
2019-07-30 17:29:33,480 INFO  server.Server (Server.java:doStart(351)) - jetty-9.3.24.v20180605, build timestamp: 2018-06-05T17:11:56Z, git hash: 84205aa28f11a4f31f2a3b86d1bba2cc8ab69827
2019-07-30 17:29:33,483 INFO  handler.ContextHandler (ContextHandler.java:doStart(781)) - Started o.e.j.s.ServletContextHandler@63187d63{/logs,file:///workdir/hadoop-ozone/integration-test/target/log,AVAILABLE}
2019-07-30 17:29:33,484 INFO  handler.ContextHandler (ContextHandler.java:doStart(781)) - Started o.e.j.s.ServletContextHandler@1a536164{/static,file:///workdir/hadoop-ozone/integration-test/target/test-classes/webapps/static,AVAILABLE}
2019-07-30 17:29:33,491 INFO  handler.ContextHandler (ContextHandler.java:doStart(781)) - Started o.e.j.w.WebAppContext@3212d853{/,file:///workdir/hadoop-ozone/integration-test/target/test-classes/webapps/ozoneManager/,AVAILABLE}{/ozoneManager}
2019-07-30 17:29:33,491 INFO  server.AbstractConnector (AbstractConnector.java:doStart(278)) - Started ServerConnector@74c7522c{HTTP/1.1,[http/1.1]}{0.0.0.0:44368}
2019-07-30 17:29:33,492 INFO  server.Server (Server.java:doStart(419)) - Started @44444ms
2019-07-30 17:29:33,493 INFO  server.BaseHttpServer (BaseHttpServer.java:updateConnectorAddress(207)) - HTTP server of OZONEMANAGER is listening at http://0.0.0.0:44368
2019-07-30 17:29:33,515 INFO  impl.MetricsSystemImpl (MetricsSystemImpl.java:init(158)) - HddsDatanode metrics system started (again)
2019-07-30 17:29:33,518 INFO  ozone.HddsDatanodeService (HddsDatanodeService.java:start(184)) - HddsDatanodeService host:byscane-nightly-5w6vj-1288709143 ip:192.168.5.177
2019-07-30 17:29:33,526 INFO  volume.HddsVolume (HddsVolume.java:<init>(176)) - Creating Volume: /workdir/hadoop-ozone/integration-test/target/test-dir/MiniOzoneClusterImpl-2cb30d7a-e74d-4778-a9d8-49d98bdf9b48/datanode-0/data/containers/hdds of  storage type : DISK and capacity : 52710309888
2019-07-30 17:29:33,526 INFO  volume.VolumeSet (VolumeSet.java:initializeVolumeSet(170)) - Added Volume : /workdir/hadoop-ozone/integration-test/target/test-dir/MiniOzoneClusterImpl-2cb30d7a-e74d-4778-a9d8-49d98bdf9b48/datanode-0/data/containers/hdds to VolumeSet
2019-07-30 17:29:33,527 INFO  volume.ThrottledAsyncChecker (ThrottledAsyncChecker.java:schedule(140)) - Scheduling a check for org.apache.hadoop.ozone.container.common.volume.HddsVolume@4fad51a3
2019-07-30 17:29:33,527 INFO  volume.HddsVolumeChecker (HddsVolumeChecker.java:checkAllVolumes(203)) - Scheduled health check for volume org.apache.hadoop.ozone.container.common.volume.HddsVolume@4fad51a3
2019-07-30 17:29:33,549 INFO  impl.RaftServerProxy (ConfUtils.java:logGet(43)) - raft.rpc.type = GRPC (default)
2019-07-30 17:29:33,549 INFO  grpc.GrpcFactory (GrpcFactory.java:checkPooledByteBufAllocatorUseCacheForAllThreads(45)) - PERFORMANCE WARNING: useCacheForAllThreads is true that may cause Netty to create a lot garbage objects and, as a result, trigger GC.
	It is recommended to disable useCacheForAllThreads by setting -Dorg.apache.ratis.thirdparty.io.netty.allocator.useCacheForAllThreads=false in command line.
2019-07-30 17:29:33,550 INFO  grpc.GrpcConfigKeys$Server (ConfUtils.java:logGet(43)) - raft.grpc.server.port = 0 (default)
2019-07-30 17:29:33,550 INFO  server.GrpcService (ConfUtils.java:logGet(43)) - raft.grpc.message.size.max = 33570816 (custom)
2019-07-30 17:29:33,550 INFO  server.RaftServerConfigKeys (ConfUtils.java:logGet(43)) - raft.server.log.appender.buffer.byte-limit = 33554432 (custom)
2019-07-30 17:29:33,551 INFO  server.GrpcService (ConfUtils.java:logGet(43)) - raft.grpc.flow.control.window = 1MB (=1048576) (default)
2019-07-30 17:29:33,551 INFO  server.RaftServerConfigKeys (ConfUtils.java:logGet(43)) - raft.server.rpc.request.timeout = 3000ms (default)
2019-07-30 17:29:33,552 INFO  server.RaftServerConfigKeys (ConfUtils.java:logGet(43)) - raft.server.storage.dir = [/workdir/hadoop-ozone/integration-test/target/test-dir/MiniOzoneClusterImpl-2cb30d7a-e74d-4778-a9d8-49d98bdf9b48/datanode-0/data/ratis] (custom)
2019-07-30 17:29:33,552 INFO  replication.SimpleContainerDownloader (SimpleContainerDownloader.java:<init>(72)) - Starting container downloader service to copy containers to replicate.
2019-07-30 17:29:33,554 INFO  hdfs.DFSUtil (DFSUtil.java:httpServerTemplateForNNAndJN(1641)) - Starting Web-server for hddsDatanode at: http://0.0.0.0:0
2019-07-30 17:29:33,556 INFO  server.AuthenticationFilter (AuthenticationFilter.java:constructSecretProvider(240)) - Unable to initialize FileSignerSecretProvider, falling back to use random secrets.
2019-07-30 17:29:33,557 WARN  http.HttpRequestLog (HttpRequestLog.java:getRequestLog(97)) - Jetty request log can only be enabled using Log4j
2019-07-30 17:29:33,559 INFO  http.HttpServer2 (HttpServer2.java:addGlobalFilter(975)) - Added global filter 'safety' (class=org.apache.hadoop.http.HttpServer2$QuotingInputFilter)
2019-07-30 17:29:33,560 INFO  http.HttpServer2 (HttpServer2.java:addFilter(948)) - Added filter static_user_filter (class=org.apache.hadoop.http.lib.StaticUserWebFilter$StaticUserFilter) to context hddsDatanode
2019-07-30 17:29:33,560 INFO  http.HttpServer2 (HttpServer2.java:addFilter(958)) - Added filter static_user_filter (class=org.apache.hadoop.http.lib.StaticUserWebFilter$StaticUserFilter) to context logs
2019-07-30 17:29:33,560 INFO  http.HttpServer2 (HttpServer2.java:addFilter(958)) - Added filter static_user_filter (class=org.apache.hadoop.http.lib.StaticUserWebFilter$StaticUserFilter) to context static
2019-07-30 17:29:33,561 INFO  http.HttpServer2 (HttpServer2.java:bindListener(1191)) - Jetty bound to port 43290
2019-07-30 17:29:33,562 INFO  server.Server (Server.java:doStart(351)) - jetty-9.3.24.v20180605, build timestamp: 2018-06-05T17:11:56Z, git hash: 84205aa28f11a4f31f2a3b86d1bba2cc8ab69827
2019-07-30 17:29:33,564 INFO  handler.ContextHandler (ContextHandler.java:doStart(781)) - Started o.e.j.s.ServletContextHandler@1d226f27{/logs,file:///workdir/hadoop-ozone/integration-test/target/log,AVAILABLE}
2019-07-30 17:29:33,565 INFO  handler.ContextHandler (ContextHandler.java:doStart(781)) - Started o.e.j.s.ServletContextHandler@7c3c453b{/static,jar:file:/home/user/.m2/repository/org/apache/hadoop/hadoop-hdds-container-service/0.4.1-SNAPSHOT/hadoop-hdds-container-service-0.4.1-SNAPSHOT.jar!/webapps/static,AVAILABLE}
2019-07-30 17:29:33,608 INFO  handler.ContextHandler (ContextHandler.java:doStart(781)) - Started o.e.j.w.WebAppContext@58739e5e{/,file:///tmp/jetty-0.0.0.0-43290-hddsDatanode-_-any-475054788546405182.dir/webapp/,AVAILABLE}{/hddsDatanode}
2019-07-30 17:29:33,608 INFO  server.AbstractConnector (AbstractConnector.java:doStart(278)) - Started ServerConnector@4e2cdc51{HTTP/1.1,[http/1.1]}{0.0.0.0:43290}
2019-07-30 17:29:33,609 INFO  server.Server (Server.java:doStart(419)) - Started @44561ms
2019-07-30 17:29:33,610 INFO  server.BaseHttpServer (BaseHttpServer.java:updateConnectorAddress(207)) - HTTP server of HDDSDATANODE is listening at http://0.0.0.0:43290
2019-07-30 17:29:33,738 INFO  ozone.HddsDatanodeService (HddsDatanodeService.java:startPlugins(395)) - Started plug-in org.apache.hadoop.ozone.web.OzoneHddsDatanodeService@47c96f2c
2019-07-30 17:29:33,739 INFO  impl.MetricsSystemImpl (MetricsSystemImpl.java:init(158)) - HddsDatanode metrics system started (again)
2019-07-30 17:29:33,744 INFO  ozone.HddsDatanodeService (HddsDatanodeService.java:start(184)) - HddsDatanodeService host:byscane-nightly-5w6vj-1288709143 ip:192.168.5.177
2019-07-30 17:29:33,744 INFO  util.JvmPauseMonitor (JvmPauseMonitor.java:run(188)) - Starting JVM pause monitor
2019-07-30 17:29:33,747 INFO  datanode.InitDatanodeState (InitDatanodeState.java:persistContainerDatanodeDetails(140)) - DatanodeDetails is persisted to /workdir/hadoop-ozone/integration-test/target/test-dir/MiniOzoneClusterImpl-2cb30d7a-e74d-4778-a9d8-49d98bdf9b48/datanode-0/meta/datanode.id
2019-07-30 17:29:33,751 INFO  volume.HddsVolume (HddsVolume.java:<init>(176)) - Creating Volume: /workdir/hadoop-ozone/integration-test/target/test-dir/MiniOzoneClusterImpl-2cb30d7a-e74d-4778-a9d8-49d98bdf9b48/datanode-1/data/containers/hdds of  storage type : DISK and capacity : 52710309888
2019-07-30 17:29:33,752 INFO  volume.VolumeSet (VolumeSet.java:initializeVolumeSet(170)) - Added Volume : /workdir/hadoop-ozone/integration-test/target/test-dir/MiniOzoneClusterImpl-2cb30d7a-e74d-4778-a9d8-49d98bdf9b48/datanode-1/data/containers/hdds to VolumeSet
2019-07-30 17:29:33,752 INFO  volume.ThrottledAsyncChecker (ThrottledAsyncChecker.java:schedule(140)) - Scheduling a check for org.apache.hadoop.ozone.container.common.volume.HddsVolume@4751cd3
2019-07-30 17:29:33,752 INFO  volume.HddsVolumeChecker (HddsVolumeChecker.java:checkAllVolumes(203)) - Scheduled health check for volume org.apache.hadoop.ozone.container.common.volume.HddsVolume@4751cd3
2019-07-30 17:29:33,766 INFO  impl.RaftServerProxy (ConfUtils.java:logGet(43)) - raft.rpc.type = GRPC (default)
2019-07-30 17:29:33,766 INFO  grpc.GrpcFactory (GrpcFactory.java:checkPooledByteBufAllocatorUseCacheForAllThreads(45)) - PERFORMANCE WARNING: useCacheForAllThreads is true that may cause Netty to create a lot garbage objects and, as a result, trigger GC.
	It is recommended to disable useCacheForAllThreads by setting -Dorg.apache.ratis.thirdparty.io.netty.allocator.useCacheForAllThreads=false in command line.
2019-07-30 17:29:33,766 INFO  grpc.GrpcConfigKeys$Server (ConfUtils.java:logGet(43)) - raft.grpc.server.port = 0 (default)
2019-07-30 17:29:33,767 INFO  server.GrpcService (ConfUtils.java:logGet(43)) - raft.grpc.message.size.max = 33570816 (custom)
2019-07-30 17:29:33,767 INFO  server.RaftServerConfigKeys (ConfUtils.java:logGet(43)) - raft.server.log.appender.buffer.byte-limit = 33554432 (custom)
2019-07-30 17:29:33,767 INFO  server.GrpcService (ConfUtils.java:logGet(43)) - raft.grpc.flow.control.window = 1MB (=1048576) (default)
2019-07-30 17:29:33,768 INFO  server.RaftServerConfigKeys (ConfUtils.java:logGet(43)) - raft.server.rpc.request.timeout = 3000ms (default)
2019-07-30 17:29:33,768 INFO  server.RaftServerConfigKeys (ConfUtils.java:logGet(43)) - raft.server.storage.dir = [/workdir/hadoop-ozone/integration-test/target/test-dir/MiniOzoneClusterImpl-2cb30d7a-e74d-4778-a9d8-49d98bdf9b48/datanode-1/data/ratis] (custom)
2019-07-30 17:29:33,769 INFO  replication.SimpleContainerDownloader (SimpleContainerDownloader.java:<init>(72)) - Starting container downloader service to copy containers to replicate.
2019-07-30 17:29:33,770 INFO  hdfs.DFSUtil (DFSUtil.java:httpServerTemplateForNNAndJN(1641)) - Starting Web-server for hddsDatanode at: http://0.0.0.0:0
2019-07-30 17:29:33,772 INFO  server.AuthenticationFilter (AuthenticationFilter.java:constructSecretProvider(240)) - Unable to initialize FileSignerSecretProvider, falling back to use random secrets.
2019-07-30 17:29:33,773 WARN  http.HttpRequestLog (HttpRequestLog.java:getRequestLog(97)) - Jetty request log can only be enabled using Log4j
2019-07-30 17:29:33,774 INFO  http.HttpServer2 (HttpServer2.java:addGlobalFilter(975)) - Added global filter 'safety' (class=org.apache.hadoop.http.HttpServer2$QuotingInputFilter)
2019-07-30 17:29:33,775 INFO  http.HttpServer2 (HttpServer2.java:addFilter(948)) - Added filter static_user_filter (class=org.apache.hadoop.http.lib.StaticUserWebFilter$StaticUserFilter) to context hddsDatanode
2019-07-30 17:29:33,775 INFO  http.HttpServer2 (HttpServer2.java:addFilter(958)) - Added filter static_user_filter (class=org.apache.hadoop.http.lib.StaticUserWebFilter$StaticUserFilter) to context static
2019-07-30 17:29:33,776 INFO  http.HttpServer2 (HttpServer2.java:addFilter(958)) - Added filter static_user_filter (class=org.apache.hadoop.http.lib.StaticUserWebFilter$StaticUserFilter) to context logs
2019-07-30 17:29:33,776 INFO  http.HttpServer2 (HttpServer2.java:bindListener(1191)) - Jetty bound to port 34925
2019-07-30 17:29:33,777 INFO  server.Server (Server.java:doStart(351)) - jetty-9.3.24.v20180605, build timestamp: 2018-06-05T17:11:56Z, git hash: 84205aa28f11a4f31f2a3b86d1bba2cc8ab69827
2019-07-30 17:29:33,779 INFO  handler.ContextHandler (ContextHandler.java:doStart(781)) - Started o.e.j.s.ServletContextHandler@5ed65e4b{/logs,file:///workdir/hadoop-ozone/integration-test/target/log,AVAILABLE}
2019-07-30 17:29:33,780 INFO  handler.ContextHandler (ContextHandler.java:doStart(781)) - Started o.e.j.s.ServletContextHandler@40cf6254{/static,jar:file:/home/user/.m2/repository/org/apache/hadoop/hadoop-hdds-container-service/0.4.1-SNAPSHOT/hadoop-hdds-container-service-0.4.1-SNAPSHOT.jar!/webapps/static,AVAILABLE}
2019-07-30 17:29:33,814 INFO  handler.ContextHandler (ContextHandler.java:doStart(781)) - Started o.e.j.w.WebAppContext@8851ec{/,file:///tmp/jetty-0.0.0.0-34925-hddsDatanode-_-any-3727806538965369455.dir/webapp/,AVAILABLE}{/hddsDatanode}
2019-07-30 17:29:33,815 INFO  server.AbstractConnector (AbstractConnector.java:doStart(278)) - Started ServerConnector@18b40fe6{HTTP/1.1,[http/1.1]}{0.0.0.0:34925}
2019-07-30 17:29:33,816 INFO  server.Server (Server.java:doStart(419)) - Started @44768ms
2019-07-30 17:29:33,817 INFO  server.BaseHttpServer (BaseHttpServer.java:updateConnectorAddress(207)) - HTTP server of HDDSDATANODE is listening at http://0.0.0.0:34925
2019-07-30 17:29:33,930 INFO  ozone.HddsDatanodeService (HddsDatanodeService.java:startPlugins(395)) - Started plug-in org.apache.hadoop.ozone.web.OzoneHddsDatanodeService@34cf0e80
2019-07-30 17:29:33,930 INFO  impl.MetricsSystemImpl (MetricsSystemImpl.java:init(158)) - HddsDatanode metrics system started (again)
2019-07-30 17:29:33,935 INFO  ozone.HddsDatanodeService (HddsDatanodeService.java:start(184)) - HddsDatanodeService host:byscane-nightly-5w6vj-1288709143 ip:192.168.5.177
2019-07-30 17:29:33,935 INFO  util.JvmPauseMonitor (JvmPauseMonitor.java:run(188)) - Starting JVM pause monitor
2019-07-30 17:29:33,936 INFO  datanode.InitDatanodeState (InitDatanodeState.java:persistContainerDatanodeDetails(140)) - DatanodeDetails is persisted to /workdir/hadoop-ozone/integration-test/target/test-dir/MiniOzoneClusterImpl-2cb30d7a-e74d-4778-a9d8-49d98bdf9b48/datanode-1/meta/datanode.id
2019-07-30 17:29:33,942 INFO  volume.HddsVolume (HddsVolume.java:<init>(176)) - Creating Volume: /workdir/hadoop-ozone/integration-test/target/test-dir/MiniOzoneClusterImpl-2cb30d7a-e74d-4778-a9d8-49d98bdf9b48/datanode-2/data/containers/hdds of  storage type : DISK and capacity : 52710309888
2019-07-30 17:29:33,942 INFO  volume.VolumeSet (VolumeSet.java:initializeVolumeSet(170)) - Added Volume : /workdir/hadoop-ozone/integration-test/target/test-dir/MiniOzoneClusterImpl-2cb30d7a-e74d-4778-a9d8-49d98bdf9b48/datanode-2/data/containers/hdds to VolumeSet
2019-07-30 17:29:33,943 INFO  volume.ThrottledAsyncChecker (ThrottledAsyncChecker.java:schedule(140)) - Scheduling a check for org.apache.hadoop.ozone.container.common.volume.HddsVolume@498a4d62
2019-07-30 17:29:33,943 INFO  volume.HddsVolumeChecker (HddsVolumeChecker.java:checkAllVolumes(203)) - Scheduled health check for volume org.apache.hadoop.ozone.container.common.volume.HddsVolume@498a4d62
2019-07-30 17:29:33,965 INFO  impl.RaftServerProxy (ConfUtils.java:logGet(43)) - raft.rpc.type = GRPC (default)
2019-07-30 17:29:33,965 INFO  grpc.GrpcFactory (GrpcFactory.java:checkPooledByteBufAllocatorUseCacheForAllThreads(45)) - PERFORMANCE WARNING: useCacheForAllThreads is true that may cause Netty to create a lot garbage objects and, as a result, trigger GC.
	It is recommended to disable useCacheForAllThreads by setting -Dorg.apache.ratis.thirdparty.io.netty.allocator.useCacheForAllThreads=false in command line.
2019-07-30 17:29:33,966 INFO  grpc.GrpcConfigKeys$Server (ConfUtils.java:logGet(43)) - raft.grpc.server.port = 0 (default)
2019-07-30 17:29:33,966 INFO  server.GrpcService (ConfUtils.java:logGet(43)) - raft.grpc.message.size.max = 33570816 (custom)
2019-07-30 17:29:33,966 INFO  server.RaftServerConfigKeys (ConfUtils.java:logGet(43)) - raft.server.log.appender.buffer.byte-limit = 33554432 (custom)
2019-07-30 17:29:33,967 INFO  server.GrpcService (ConfUtils.java:logGet(43)) - raft.grpc.flow.control.window = 1MB (=1048576) (default)
2019-07-30 17:29:33,967 INFO  server.RaftServerConfigKeys (ConfUtils.java:logGet(43)) - raft.server.rpc.request.timeout = 3000ms (default)
2019-07-30 17:29:33,968 INFO  server.RaftServerConfigKeys (ConfUtils.java:logGet(43)) - raft.server.storage.dir = [/workdir/hadoop-ozone/integration-test/target/test-dir/MiniOzoneClusterImpl-2cb30d7a-e74d-4778-a9d8-49d98bdf9b48/datanode-2/data/ratis] (custom)
2019-07-30 17:29:33,968 INFO  replication.SimpleContainerDownloader (SimpleContainerDownloader.java:<init>(72)) - Starting container downloader service to copy containers to replicate.
2019-07-30 17:29:33,970 INFO  hdfs.DFSUtil (DFSUtil.java:httpServerTemplateForNNAndJN(1641)) - Starting Web-server for hddsDatanode at: http://0.0.0.0:0
2019-07-30 17:29:33,972 INFO  server.AuthenticationFilter (AuthenticationFilter.java:constructSecretProvider(240)) - Unable to initialize FileSignerSecretProvider, falling back to use random secrets.
2019-07-30 17:29:33,972 WARN  http.HttpRequestLog (HttpRequestLog.java:getRequestLog(97)) - Jetty request log can only be enabled using Log4j
2019-07-30 17:29:33,974 INFO  http.HttpServer2 (HttpServer2.java:addGlobalFilter(975)) - Added global filter 'safety' (class=org.apache.hadoop.http.HttpServer2$QuotingInputFilter)
2019-07-30 17:29:33,975 INFO  http.HttpServer2 (HttpServer2.java:addFilter(948)) - Added filter static_user_filter (class=org.apache.hadoop.http.lib.StaticUserWebFilter$StaticUserFilter) to context hddsDatanode
2019-07-30 17:29:33,976 INFO  http.HttpServer2 (HttpServer2.java:addFilter(958)) - Added filter static_user_filter (class=org.apache.hadoop.http.lib.StaticUserWebFilter$StaticUserFilter) to context logs
2019-07-30 17:29:33,976 INFO  http.HttpServer2 (HttpServer2.java:addFilter(958)) - Added filter static_user_filter (class=org.apache.hadoop.http.lib.StaticUserWebFilter$StaticUserFilter) to context static
2019-07-30 17:29:33,977 INFO  http.HttpServer2 (HttpServer2.java:bindListener(1191)) - Jetty bound to port 43488
2019-07-30 17:29:33,977 INFO  server.Server (Server.java:doStart(351)) - jetty-9.3.24.v20180605, build timestamp: 2018-06-05T17:11:56Z, git hash: 84205aa28f11a4f31f2a3b86d1bba2cc8ab69827
2019-07-30 17:29:33,980 INFO  handler.ContextHandler (ContextHandler.java:doStart(781)) - Started o.e.j.s.ServletContextHandler@1bec1589{/logs,file:///workdir/hadoop-ozone/integration-test/target/log,AVAILABLE}
2019-07-30 17:29:33,981 INFO  handler.ContextHandler (ContextHandler.java:doStart(781)) - Started o.e.j.s.ServletContextHandler@14590fe2{/static,jar:file:/home/user/.m2/repository/org/apache/hadoop/hadoop-hdds-container-service/0.4.1-SNAPSHOT/hadoop-hdds-container-service-0.4.1-SNAPSHOT.jar!/webapps/static,AVAILABLE}
2019-07-30 17:29:34,025 INFO  handler.ContextHandler (ContextHandler.java:doStart(781)) - Started o.e.j.w.WebAppContext@1de85972{/,file:///tmp/jetty-0.0.0.0-43488-hddsDatanode-_-any-4858438089245366867.dir/webapp/,AVAILABLE}{/hddsDatanode}
2019-07-30 17:29:34,026 INFO  server.AbstractConnector (AbstractConnector.java:doStart(278)) - Started ServerConnector@280ecc33{HTTP/1.1,[http/1.1]}{0.0.0.0:43488}
2019-07-30 17:29:34,027 INFO  server.Server (Server.java:doStart(419)) - Started @44979ms
2019-07-30 17:29:34,028 INFO  server.BaseHttpServer (BaseHttpServer.java:updateConnectorAddress(207)) - HTTP server of HDDSDATANODE is listening at http://0.0.0.0:43488
2019-07-30 17:29:34,145 INFO  ozone.HddsDatanodeService (HddsDatanodeService.java:startPlugins(395)) - Started plug-in org.apache.hadoop.ozone.web.OzoneHddsDatanodeService@23ec2bdc
2019-07-30 17:29:34,145 INFO  impl.MetricsSystemImpl (MetricsSystemImpl.java:init(158)) - HddsDatanode metrics system started (again)
2019-07-30 17:29:34,151 INFO  util.JvmPauseMonitor (JvmPauseMonitor.java:run(188)) - Starting JVM pause monitor
2019-07-30 17:29:34,152 INFO  ozone.HddsDatanodeService (HddsDatanodeService.java:start(184)) - HddsDatanodeService host:byscane-nightly-5w6vj-1288709143 ip:192.168.5.177
2019-07-30 17:29:34,152 INFO  datanode.InitDatanodeState (InitDatanodeState.java:persistContainerDatanodeDetails(140)) - DatanodeDetails is persisted to /workdir/hadoop-ozone/integration-test/target/test-dir/MiniOzoneClusterImpl-2cb30d7a-e74d-4778-a9d8-49d98bdf9b48/datanode-2/meta/datanode.id
2019-07-30 17:29:34,160 INFO  volume.HddsVolume (HddsVolume.java:<init>(176)) - Creating Volume: /workdir/hadoop-ozone/integration-test/target/test-dir/MiniOzoneClusterImpl-2cb30d7a-e74d-4778-a9d8-49d98bdf9b48/datanode-3/data/containers/hdds of  storage type : DISK and capacity : 52710309888
2019-07-30 17:29:34,161 INFO  volume.VolumeSet (VolumeSet.java:initializeVolumeSet(170)) - Added Volume : /workdir/hadoop-ozone/integration-test/target/test-dir/MiniOzoneClusterImpl-2cb30d7a-e74d-4778-a9d8-49d98bdf9b48/datanode-3/data/containers/hdds to VolumeSet
2019-07-30 17:29:34,161 INFO  volume.ThrottledAsyncChecker (ThrottledAsyncChecker.java:schedule(140)) - Scheduling a check for org.apache.hadoop.ozone.container.common.volume.HddsVolume@56478522
2019-07-30 17:29:34,162 INFO  volume.HddsVolumeChecker (HddsVolumeChecker.java:checkAllVolumes(203)) - Scheduled health check for volume org.apache.hadoop.ozone.container.common.volume.HddsVolume@56478522
2019-07-30 17:29:34,181 INFO  impl.RaftServerProxy (ConfUtils.java:logGet(43)) - raft.rpc.type = GRPC (default)
2019-07-30 17:29:34,181 INFO  grpc.GrpcFactory (GrpcFactory.java:checkPooledByteBufAllocatorUseCacheForAllThreads(45)) - PERFORMANCE WARNING: useCacheForAllThreads is true that may cause Netty to create a lot garbage objects and, as a result, trigger GC.
	It is recommended to disable useCacheForAllThreads by setting -Dorg.apache.ratis.thirdparty.io.netty.allocator.useCacheForAllThreads=false in command line.
2019-07-30 17:29:34,182 INFO  grpc.GrpcConfigKeys$Server (ConfUtils.java:logGet(43)) - raft.grpc.server.port = 0 (default)
2019-07-30 17:29:34,182 INFO  server.GrpcService (ConfUtils.java:logGet(43)) - raft.grpc.message.size.max = 33570816 (custom)
2019-07-30 17:29:34,182 INFO  server.RaftServerConfigKeys (ConfUtils.java:logGet(43)) - raft.server.log.appender.buffer.byte-limit = 33554432 (custom)
2019-07-30 17:29:34,183 INFO  server.GrpcService (ConfUtils.java:logGet(43)) - raft.grpc.flow.control.window = 1MB (=1048576) (default)
2019-07-30 17:29:34,183 INFO  server.RaftServerConfigKeys (ConfUtils.java:logGet(43)) - raft.server.rpc.request.timeout = 3000ms (default)
2019-07-30 17:29:34,184 INFO  server.RaftServerConfigKeys (ConfUtils.java:logGet(43)) - raft.server.storage.dir = [/workdir/hadoop-ozone/integration-test/target/test-dir/MiniOzoneClusterImpl-2cb30d7a-e74d-4778-a9d8-49d98bdf9b48/datanode-3/data/ratis] (custom)
2019-07-30 17:29:34,184 INFO  replication.SimpleContainerDownloader (SimpleContainerDownloader.java:<init>(72)) - Starting container downloader service to copy containers to replicate.
2019-07-30 17:29:34,186 INFO  hdfs.DFSUtil (DFSUtil.java:httpServerTemplateForNNAndJN(1641)) - Starting Web-server for hddsDatanode at: http://0.0.0.0:0
2019-07-30 17:29:34,187 INFO  server.AuthenticationFilter (AuthenticationFilter.java:constructSecretProvider(240)) - Unable to initialize FileSignerSecretProvider, falling back to use random secrets.
2019-07-30 17:29:34,188 WARN  http.HttpRequestLog (HttpRequestLog.java:getRequestLog(97)) - Jetty request log can only be enabled using Log4j
2019-07-30 17:29:34,190 INFO  http.HttpServer2 (HttpServer2.java:addGlobalFilter(975)) - Added global filter 'safety' (class=org.apache.hadoop.http.HttpServer2$QuotingInputFilter)
2019-07-30 17:29:34,191 INFO  http.HttpServer2 (HttpServer2.java:addFilter(948)) - Added filter static_user_filter (class=org.apache.hadoop.http.lib.StaticUserWebFilter$StaticUserFilter) to context hddsDatanode
2019-07-30 17:29:34,191 INFO  http.HttpServer2 (HttpServer2.java:addFilter(958)) - Added filter static_user_filter (class=org.apache.hadoop.http.lib.StaticUserWebFilter$StaticUserFilter) to context static
2019-07-30 17:29:34,192 INFO  http.HttpServer2 (HttpServer2.java:addFilter(958)) - Added filter static_user_filter (class=org.apache.hadoop.http.lib.StaticUserWebFilter$StaticUserFilter) to context logs
2019-07-30 17:29:34,192 INFO  http.HttpServer2 (HttpServer2.java:bindListener(1191)) - Jetty bound to port 37418
2019-07-30 17:29:34,193 INFO  server.Server (Server.java:doStart(351)) - jetty-9.3.24.v20180605, build timestamp: 2018-06-05T17:11:56Z, git hash: 84205aa28f11a4f31f2a3b86d1bba2cc8ab69827
2019-07-30 17:29:34,195 INFO  handler.ContextHandler (ContextHandler.java:doStart(781)) - Started o.e.j.s.ServletContextHandler@7e1a9173{/logs,file:///workdir/hadoop-ozone/integration-test/target/log,AVAILABLE}
2019-07-30 17:29:34,196 INFO  handler.ContextHandler (ContextHandler.java:doStart(781)) - Started o.e.j.s.ServletContextHandler@5d800a56{/static,jar:file:/home/user/.m2/repository/org/apache/hadoop/hadoop-hdds-container-service/0.4.1-SNAPSHOT/hadoop-hdds-container-service-0.4.1-SNAPSHOT.jar!/webapps/static,AVAILABLE}
2019-07-30 17:29:34,239 INFO  handler.ContextHandler (ContextHandler.java:doStart(781)) - Started o.e.j.w.WebAppContext@25d0b918{/,file:///tmp/jetty-0.0.0.0-37418-hddsDatanode-_-any-8906236920065683359.dir/webapp/,AVAILABLE}{/hddsDatanode}
2019-07-30 17:29:34,239 INFO  server.AbstractConnector (AbstractConnector.java:doStart(278)) - Started ServerConnector@9bf63d2{HTTP/1.1,[http/1.1]}{0.0.0.0:37418}
2019-07-30 17:29:34,241 INFO  server.Server (Server.java:doStart(419)) - Started @45193ms
2019-07-30 17:29:34,242 INFO  server.BaseHttpServer (BaseHttpServer.java:updateConnectorAddress(207)) - HTTP server of HDDSDATANODE is listening at http://0.0.0.0:37418
2019-07-30 17:29:34,359 INFO  ozone.HddsDatanodeService (HddsDatanodeService.java:startPlugins(395)) - Started plug-in org.apache.hadoop.ozone.web.OzoneHddsDatanodeService@19a7906c
2019-07-30 17:29:34,359 INFO  impl.MetricsSystemImpl (MetricsSystemImpl.java:init(158)) - HddsDatanode metrics system started (again)
2019-07-30 17:29:34,364 INFO  util.JvmPauseMonitor (JvmPauseMonitor.java:run(188)) - Starting JVM pause monitor
2019-07-30 17:29:34,365 INFO  ozone.HddsDatanodeService (HddsDatanodeService.java:start(184)) - HddsDatanodeService host:byscane-nightly-5w6vj-1288709143 ip:192.168.5.177
2019-07-30 17:29:34,366 INFO  datanode.InitDatanodeState (InitDatanodeState.java:persistContainerDatanodeDetails(140)) - DatanodeDetails is persisted to /workdir/hadoop-ozone/integration-test/target/test-dir/MiniOzoneClusterImpl-2cb30d7a-e74d-4778-a9d8-49d98bdf9b48/datanode-3/meta/datanode.id
2019-07-30 17:29:34,373 INFO  volume.HddsVolume (HddsVolume.java:<init>(176)) - Creating Volume: /workdir/hadoop-ozone/integration-test/target/test-dir/MiniOzoneClusterImpl-2cb30d7a-e74d-4778-a9d8-49d98bdf9b48/datanode-4/data/containers/hdds of  storage type : DISK and capacity : 52710309888
2019-07-30 17:29:34,373 INFO  volume.VolumeSet (VolumeSet.java:initializeVolumeSet(170)) - Added Volume : /workdir/hadoop-ozone/integration-test/target/test-dir/MiniOzoneClusterImpl-2cb30d7a-e74d-4778-a9d8-49d98bdf9b48/datanode-4/data/containers/hdds to VolumeSet
2019-07-30 17:29:34,373 INFO  volume.ThrottledAsyncChecker (ThrottledAsyncChecker.java:schedule(140)) - Scheduling a check for org.apache.hadoop.ozone.container.common.volume.HddsVolume@74830d73
2019-07-30 17:29:34,374 INFO  volume.HddsVolumeChecker (HddsVolumeChecker.java:checkAllVolumes(203)) - Scheduled health check for volume org.apache.hadoop.ozone.container.common.volume.HddsVolume@74830d73
2019-07-30 17:29:34,389 INFO  impl.RaftServerProxy (ConfUtils.java:logGet(43)) - raft.rpc.type = GRPC (default)
2019-07-30 17:29:34,389 INFO  grpc.GrpcFactory (GrpcFactory.java:checkPooledByteBufAllocatorUseCacheForAllThreads(45)) - PERFORMANCE WARNING: useCacheForAllThreads is true that may cause Netty to create a lot garbage objects and, as a result, trigger GC.
	It is recommended to disable useCacheForAllThreads by setting -Dorg.apache.ratis.thirdparty.io.netty.allocator.useCacheForAllThreads=false in command line.
2019-07-30 17:29:34,389 INFO  grpc.GrpcConfigKeys$Server (ConfUtils.java:logGet(43)) - raft.grpc.server.port = 0 (default)
2019-07-30 17:29:34,389 INFO  server.GrpcService (ConfUtils.java:logGet(43)) - raft.grpc.message.size.max = 33570816 (custom)
2019-07-30 17:29:34,390 INFO  server.RaftServerConfigKeys (ConfUtils.java:logGet(43)) - raft.server.log.appender.buffer.byte-limit = 33554432 (custom)
2019-07-30 17:29:34,390 INFO  server.GrpcService (ConfUtils.java:logGet(43)) - raft.grpc.flow.control.window = 1MB (=1048576) (default)
2019-07-30 17:29:34,390 INFO  server.RaftServerConfigKeys (ConfUtils.java:logGet(43)) - raft.server.rpc.request.timeout = 3000ms (default)
2019-07-30 17:29:34,390 INFO  server.RaftServerConfigKeys (ConfUtils.java:logGet(43)) - raft.server.storage.dir = [/workdir/hadoop-ozone/integration-test/target/test-dir/MiniOzoneClusterImpl-2cb30d7a-e74d-4778-a9d8-49d98bdf9b48/datanode-4/data/ratis] (custom)
2019-07-30 17:29:34,391 INFO  replication.SimpleContainerDownloader (SimpleContainerDownloader.java:<init>(72)) - Starting container downloader service to copy containers to replicate.
2019-07-30 17:29:34,392 INFO  hdfs.DFSUtil (DFSUtil.java:httpServerTemplateForNNAndJN(1641)) - Starting Web-server for hddsDatanode at: http://0.0.0.0:0
2019-07-30 17:29:34,393 INFO  server.AuthenticationFilter (AuthenticationFilter.java:constructSecretProvider(240)) - Unable to initialize FileSignerSecretProvider, falling back to use random secrets.
2019-07-30 17:29:34,394 WARN  http.HttpRequestLog (HttpRequestLog.java:getRequestLog(97)) - Jetty request log can only be enabled using Log4j
2019-07-30 17:29:34,395 INFO  http.HttpServer2 (HttpServer2.java:addGlobalFilter(975)) - Added global filter 'safety' (class=org.apache.hadoop.http.HttpServer2$QuotingInputFilter)
2019-07-30 17:29:34,396 INFO  http.HttpServer2 (HttpServer2.java:addFilter(948)) - Added filter static_user_filter (class=org.apache.hadoop.http.lib.StaticUserWebFilter$StaticUserFilter) to context hddsDatanode
2019-07-30 17:29:34,396 INFO  http.HttpServer2 (HttpServer2.java:addFilter(958)) - Added filter static_user_filter (class=org.apache.hadoop.http.lib.StaticUserWebFilter$StaticUserFilter) to context logs
2019-07-30 17:29:34,396 INFO  http.HttpServer2 (HttpServer2.java:addFilter(958)) - Added filter static_user_filter (class=org.apache.hadoop.http.lib.StaticUserWebFilter$StaticUserFilter) to context static
2019-07-30 17:29:34,397 INFO  http.HttpServer2 (HttpServer2.java:bindListener(1191)) - Jetty bound to port 45602
2019-07-30 17:29:34,397 INFO  server.Server (Server.java:doStart(351)) - jetty-9.3.24.v20180605, build timestamp: 2018-06-05T17:11:56Z, git hash: 84205aa28f11a4f31f2a3b86d1bba2cc8ab69827
2019-07-30 17:29:34,399 INFO  handler.ContextHandler (ContextHandler.java:doStart(781)) - Started o.e.j.s.ServletContextHandler@4fc3529{/logs,file:///workdir/hadoop-ozone/integration-test/target/log,AVAILABLE}
2019-07-30 17:29:34,399 INFO  handler.ContextHandler (ContextHandler.java:doStart(781)) - Started o.e.j.s.ServletContextHandler@192f5f39{/static,jar:file:/home/user/.m2/repository/org/apache/hadoop/hadoop-hdds-container-service/0.4.1-SNAPSHOT/hadoop-hdds-container-service-0.4.1-SNAPSHOT.jar!/webapps/static,AVAILABLE}
2019-07-30 17:29:34,427 INFO  handler.ContextHandler (ContextHandler.java:doStart(781)) - Started o.e.j.w.WebAppContext@3a7469ca{/,file:///tmp/jetty-0.0.0.0-45602-hddsDatanode-_-any-2748686896939928953.dir/webapp/,AVAILABLE}{/hddsDatanode}
2019-07-30 17:29:34,428 INFO  server.AbstractConnector (AbstractConnector.java:doStart(278)) - Started ServerConnector@1c8e8fed{HTTP/1.1,[http/1.1]}{0.0.0.0:45602}
2019-07-30 17:29:34,429 INFO  server.Server (Server.java:doStart(419)) - Started @45380ms
2019-07-30 17:29:34,429 INFO  server.BaseHttpServer (BaseHttpServer.java:updateConnectorAddress(207)) - HTTP server of HDDSDATANODE is listening at http://0.0.0.0:45602
2019-07-30 17:29:34,674 INFO  ozone.HddsDatanodeService (HddsDatanodeService.java:startPlugins(395)) - Started plug-in org.apache.hadoop.ozone.web.OzoneHddsDatanodeService@69de72ec
2019-07-30 17:29:34,675 INFO  impl.MetricsSystemImpl (MetricsSystemImpl.java:init(158)) - HddsDatanode metrics system started (again)
2019-07-30 17:29:34,681 INFO  util.JvmPauseMonitor (JvmPauseMonitor.java:run(188)) - Starting JVM pause monitor
2019-07-30 17:29:34,681 INFO  ozone.HddsDatanodeService (HddsDatanodeService.java:start(184)) - HddsDatanodeService host:byscane-nightly-5w6vj-1288709143 ip:192.168.5.177
2019-07-30 17:29:34,683 INFO  datanode.InitDatanodeState (InitDatanodeState.java:persistContainerDatanodeDetails(140)) - DatanodeDetails is persisted to /workdir/hadoop-ozone/integration-test/target/test-dir/MiniOzoneClusterImpl-2cb30d7a-e74d-4778-a9d8-49d98bdf9b48/datanode-4/meta/datanode.id
2019-07-30 17:29:34,690 INFO  volume.HddsVolume (HddsVolume.java:<init>(176)) - Creating Volume: /workdir/hadoop-ozone/integration-test/target/test-dir/MiniOzoneClusterImpl-2cb30d7a-e74d-4778-a9d8-49d98bdf9b48/datanode-5/data/containers/hdds of  storage type : DISK and capacity : 52710309888
2019-07-30 17:29:34,691 INFO  volume.VolumeSet (VolumeSet.java:initializeVolumeSet(170)) - Added Volume : /workdir/hadoop-ozone/integration-test/target/test-dir/MiniOzoneClusterImpl-2cb30d7a-e74d-4778-a9d8-49d98bdf9b48/datanode-5/data/containers/hdds to VolumeSet
2019-07-30 17:29:34,691 INFO  volume.ThrottledAsyncChecker (ThrottledAsyncChecker.java:schedule(140)) - Scheduling a check for org.apache.hadoop.ozone.container.common.volume.HddsVolume@4c13ca07
2019-07-30 17:29:34,692 INFO  volume.HddsVolumeChecker (HddsVolumeChecker.java:checkAllVolumes(203)) - Scheduled health check for volume org.apache.hadoop.ozone.container.common.volume.HddsVolume@4c13ca07
2019-07-30 17:29:34,712 INFO  impl.RaftServerProxy (ConfUtils.java:logGet(43)) - raft.rpc.type = GRPC (default)
2019-07-30 17:29:34,713 INFO  grpc.GrpcFactory (GrpcFactory.java:checkPooledByteBufAllocatorUseCacheForAllThreads(45)) - PERFORMANCE WARNING: useCacheForAllThreads is true that may cause Netty to create a lot garbage objects and, as a result, trigger GC.
	It is recommended to disable useCacheForAllThreads by setting -Dorg.apache.ratis.thirdparty.io.netty.allocator.useCacheForAllThreads=false in command line.
2019-07-30 17:29:34,713 INFO  grpc.GrpcConfigKeys$Server (ConfUtils.java:logGet(43)) - raft.grpc.server.port = 0 (default)
2019-07-30 17:29:34,713 INFO  server.GrpcService (ConfUtils.java:logGet(43)) - raft.grpc.message.size.max = 33570816 (custom)
2019-07-30 17:29:34,714 INFO  server.RaftServerConfigKeys (ConfUtils.java:logGet(43)) - raft.server.log.appender.buffer.byte-limit = 33554432 (custom)
2019-07-30 17:29:34,714 INFO  server.GrpcService (ConfUtils.java:logGet(43)) - raft.grpc.flow.control.window = 1MB (=1048576) (default)
2019-07-30 17:29:34,714 INFO  server.RaftServerConfigKeys (ConfUtils.java:logGet(43)) - raft.server.rpc.request.timeout = 3000ms (default)
2019-07-30 17:29:34,715 INFO  server.RaftServerConfigKeys (ConfUtils.java:logGet(43)) - raft.server.storage.dir = [/workdir/hadoop-ozone/integration-test/target/test-dir/MiniOzoneClusterImpl-2cb30d7a-e74d-4778-a9d8-49d98bdf9b48/datanode-5/data/ratis] (custom)
2019-07-30 17:29:34,716 INFO  replication.SimpleContainerDownloader (SimpleContainerDownloader.java:<init>(72)) - Starting container downloader service to copy containers to replicate.
2019-07-30 17:29:34,717 INFO  hdfs.DFSUtil (DFSUtil.java:httpServerTemplateForNNAndJN(1641)) - Starting Web-server for hddsDatanode at: http://0.0.0.0:0
2019-07-30 17:29:34,719 INFO  server.AuthenticationFilter (AuthenticationFilter.java:constructSecretProvider(240)) - Unable to initialize FileSignerSecretProvider, falling back to use random secrets.
2019-07-30 17:29:34,720 WARN  http.HttpRequestLog (HttpRequestLog.java:getRequestLog(97)) - Jetty request log can only be enabled using Log4j
2019-07-30 17:29:34,722 INFO  http.HttpServer2 (HttpServer2.java:addGlobalFilter(975)) - Added global filter 'safety' (class=org.apache.hadoop.http.HttpServer2$QuotingInputFilter)
2019-07-30 17:29:34,723 INFO  http.HttpServer2 (HttpServer2.java:addFilter(948)) - Added filter static_user_filter (class=org.apache.hadoop.http.lib.StaticUserWebFilter$StaticUserFilter) to context hddsDatanode
2019-07-30 17:29:34,723 INFO  http.HttpServer2 (HttpServer2.java:addFilter(958)) - Added filter static_user_filter (class=org.apache.hadoop.http.lib.StaticUserWebFilter$StaticUserFilter) to context logs
2019-07-30 17:29:34,723 INFO  http.HttpServer2 (HttpServer2.java:addFilter(958)) - Added filter static_user_filter (class=org.apache.hadoop.http.lib.StaticUserWebFilter$StaticUserFilter) to context static
2019-07-30 17:29:34,724 INFO  http.HttpServer2 (HttpServer2.java:bindListener(1191)) - Jetty bound to port 40238
2019-07-30 17:29:34,724 INFO  server.Server (Server.java:doStart(351)) - jetty-9.3.24.v20180605, build timestamp: 2018-06-05T17:11:56Z, git hash: 84205aa28f11a4f31f2a3b86d1bba2cc8ab69827
2019-07-30 17:29:34,727 INFO  handler.ContextHandler (ContextHandler.java:doStart(781)) - Started o.e.j.s.ServletContextHandler@5b5b9521{/logs,file:///workdir/hadoop-ozone/integration-test/target/log,AVAILABLE}
2019-07-30 17:29:34,727 INFO  handler.ContextHandler (ContextHandler.java:doStart(781)) - Started o.e.j.s.ServletContextHandler@66314fee{/static,jar:file:/home/user/.m2/repository/org/apache/hadoop/hadoop-hdds-container-service/0.4.1-SNAPSHOT/hadoop-hdds-container-service-0.4.1-SNAPSHOT.jar!/webapps/static,AVAILABLE}
2019-07-30 17:29:34,770 INFO  handler.ContextHandler (ContextHandler.java:doStart(781)) - Started o.e.j.w.WebAppContext@2d230cff{/,file:///tmp/jetty-0.0.0.0-40238-hddsDatanode-_-any-6046037266675059969.dir/webapp/,AVAILABLE}{/hddsDatanode}
2019-07-30 17:29:34,770 INFO  server.AbstractConnector (AbstractConnector.java:doStart(278)) - Started ServerConnector@30bd39d5{HTTP/1.1,[http/1.1]}{0.0.0.0:40238}
2019-07-30 17:29:34,772 INFO  server.Server (Server.java:doStart(419)) - Started @45723ms
2019-07-30 17:29:34,772 INFO  server.BaseHttpServer (BaseHttpServer.java:updateConnectorAddress(207)) - HTTP server of HDDSDATANODE is listening at http://0.0.0.0:40238
2019-07-30 17:29:34,911 INFO  ozone.HddsDatanodeService (HddsDatanodeService.java:startPlugins(395)) - Started plug-in org.apache.hadoop.ozone.web.OzoneHddsDatanodeService@702cfbde
2019-07-30 17:29:34,912 INFO  impl.MetricsSystemImpl (MetricsSystemImpl.java:init(158)) - HddsDatanode metrics system started (again)
2019-07-30 17:29:34,918 INFO  util.JvmPauseMonitor (JvmPauseMonitor.java:run(188)) - Starting JVM pause monitor
2019-07-30 17:29:34,919 INFO  ozone.HddsDatanodeService (HddsDatanodeService.java:start(184)) - HddsDatanodeService host:byscane-nightly-5w6vj-1288709143 ip:192.168.5.177
2019-07-30 17:29:34,919 INFO  datanode.InitDatanodeState (InitDatanodeState.java:persistContainerDatanodeDetails(140)) - DatanodeDetails is persisted to /workdir/hadoop-ozone/integration-test/target/test-dir/MiniOzoneClusterImpl-2cb30d7a-e74d-4778-a9d8-49d98bdf9b48/datanode-5/meta/datanode.id
2019-07-30 17:29:34,927 INFO  volume.HddsVolume (HddsVolume.java:<init>(176)) - Creating Volume: /workdir/hadoop-ozone/integration-test/target/test-dir/MiniOzoneClusterImpl-2cb30d7a-e74d-4778-a9d8-49d98bdf9b48/datanode-6/data/containers/hdds of  storage type : DISK and capacity : 52710309888
2019-07-30 17:29:34,928 INFO  volume.VolumeSet (VolumeSet.java:initializeVolumeSet(170)) - Added Volume : /workdir/hadoop-ozone/integration-test/target/test-dir/MiniOzoneClusterImpl-2cb30d7a-e74d-4778-a9d8-49d98bdf9b48/datanode-6/data/containers/hdds to VolumeSet
2019-07-30 17:29:34,928 INFO  volume.ThrottledAsyncChecker (ThrottledAsyncChecker.java:schedule(140)) - Scheduling a check for org.apache.hadoop.ozone.container.common.volume.HddsVolume@6e0d058a
2019-07-30 17:29:34,929 INFO  volume.HddsVolumeChecker (HddsVolumeChecker.java:checkAllVolumes(203)) - Scheduled health check for volume org.apache.hadoop.ozone.container.common.volume.HddsVolume@6e0d058a
2019-07-30 17:29:34,952 INFO  impl.RaftServerProxy (ConfUtils.java:logGet(43)) - raft.rpc.type = GRPC (default)
2019-07-30 17:29:34,952 INFO  grpc.GrpcFactory (GrpcFactory.java:checkPooledByteBufAllocatorUseCacheForAllThreads(45)) - PERFORMANCE WARNING: useCacheForAllThreads is true that may cause Netty to create a lot garbage objects and, as a result, trigger GC.
	It is recommended to disable useCacheForAllThreads by setting -Dorg.apache.ratis.thirdparty.io.netty.allocator.useCacheForAllThreads=false in command line.
2019-07-30 17:29:34,953 INFO  grpc.GrpcConfigKeys$Server (ConfUtils.java:logGet(43)) - raft.grpc.server.port = 0 (default)
2019-07-30 17:29:34,953 INFO  server.GrpcService (ConfUtils.java:logGet(43)) - raft.grpc.message.size.max = 33570816 (custom)
2019-07-30 17:29:34,953 INFO  server.RaftServerConfigKeys (ConfUtils.java:logGet(43)) - raft.server.log.appender.buffer.byte-limit = 33554432 (custom)
2019-07-30 17:29:34,953 INFO  server.GrpcService (ConfUtils.java:logGet(43)) - raft.grpc.flow.control.window = 1MB (=1048576) (default)
2019-07-30 17:29:34,954 INFO  server.RaftServerConfigKeys (ConfUtils.java:logGet(43)) - raft.server.rpc.request.timeout = 3000ms (default)
2019-07-30 17:29:34,954 INFO  server.RaftServerConfigKeys (ConfUtils.java:logGet(43)) - raft.server.storage.dir = [/workdir/hadoop-ozone/integration-test/target/test-dir/MiniOzoneClusterImpl-2cb30d7a-e74d-4778-a9d8-49d98bdf9b48/datanode-6/data/ratis] (custom)
2019-07-30 17:29:34,955 INFO  replication.SimpleContainerDownloader (SimpleContainerDownloader.java:<init>(72)) - Starting container downloader service to copy containers to replicate.
2019-07-30 17:29:34,956 INFO  hdfs.DFSUtil (DFSUtil.java:httpServerTemplateForNNAndJN(1641)) - Starting Web-server for hddsDatanode at: http://0.0.0.0:0
2019-07-30 17:29:34,958 INFO  server.AuthenticationFilter (AuthenticationFilter.java:constructSecretProvider(240)) - Unable to initialize FileSignerSecretProvider, falling back to use random secrets.
2019-07-30 17:29:34,959 WARN  http.HttpRequestLog (HttpRequestLog.java:getRequestLog(97)) - Jetty request log can only be enabled using Log4j
2019-07-30 17:29:34,961 INFO  http.HttpServer2 (HttpServer2.java:addGlobalFilter(975)) - Added global filter 'safety' (class=org.apache.hadoop.http.HttpServer2$QuotingInputFilter)
2019-07-30 17:29:34,962 INFO  http.HttpServer2 (HttpServer2.java:addFilter(948)) - Added filter static_user_filter (class=org.apache.hadoop.http.lib.StaticUserWebFilter$StaticUserFilter) to context hddsDatanode
2019-07-30 17:29:34,962 INFO  http.HttpServer2 (HttpServer2.java:addFilter(958)) - Added filter static_user_filter (class=org.apache.hadoop.http.lib.StaticUserWebFilter$StaticUserFilter) to context logs
2019-07-30 17:29:34,962 INFO  http.HttpServer2 (HttpServer2.java:addFilter(958)) - Added filter static_user_filter (class=org.apache.hadoop.http.lib.StaticUserWebFilter$StaticUserFilter) to context static
2019-07-30 17:29:34,963 INFO  http.HttpServer2 (HttpServer2.java:bindListener(1191)) - Jetty bound to port 41713
2019-07-30 17:29:34,964 INFO  server.Server (Server.java:doStart(351)) - jetty-9.3.24.v20180605, build timestamp: 2018-06-05T17:11:56Z, git hash: 84205aa28f11a4f31f2a3b86d1bba2cc8ab69827
2019-07-30 17:29:34,966 INFO  handler.ContextHandler (ContextHandler.java:doStart(781)) - Started o.e.j.s.ServletContextHandler@fa11fda{/logs,file:///workdir/hadoop-ozone/integration-test/target/log,AVAILABLE}
2019-07-30 17:29:34,967 INFO  handler.ContextHandler (ContextHandler.java:doStart(781)) - Started o.e.j.s.ServletContextHandler@7d95166a{/static,jar:file:/home/user/.m2/repository/org/apache/hadoop/hadoop-hdds-container-service/0.4.1-SNAPSHOT/hadoop-hdds-container-service-0.4.1-SNAPSHOT.jar!/webapps/static,AVAILABLE}
2019-07-30 17:29:35,008 INFO  handler.ContextHandler (ContextHandler.java:doStart(781)) - Started o.e.j.w.WebAppContext@2aafa84f{/,file:///tmp/jetty-0.0.0.0-41713-hddsDatanode-_-any-7740290934292442338.dir/webapp/,AVAILABLE}{/hddsDatanode}
2019-07-30 17:29:35,009 INFO  server.AbstractConnector (AbstractConnector.java:doStart(278)) - Started ServerConnector@448892f1{HTTP/1.1,[http/1.1]}{0.0.0.0:41713}
2019-07-30 17:29:35,010 INFO  server.Server (Server.java:doStart(419)) - Started @45962ms
2019-07-30 17:29:35,011 INFO  server.BaseHttpServer (BaseHttpServer.java:updateConnectorAddress(207)) - HTTP server of HDDSDATANODE is listening at http://0.0.0.0:41713
2019-07-30 17:29:35,134 INFO  ozone.HddsDatanodeService (HddsDatanodeService.java:startPlugins(395)) - Started plug-in org.apache.hadoop.ozone.web.OzoneHddsDatanodeService@126af200
2019-07-30 17:29:35,134 INFO  ozone.MiniOzoneClusterImpl (MiniOzoneClusterImpl.java:lambda$waitForClusterToBeReady$0(142)) - Waiting for cluster to be ready. Got 0 of 7 DN Heartbeats.
2019-07-30 17:29:35,138 INFO  util.JvmPauseMonitor (JvmPauseMonitor.java:run(188)) - Starting JVM pause monitor
2019-07-30 17:29:35,139 INFO  datanode.InitDatanodeState (InitDatanodeState.java:persistContainerDatanodeDetails(140)) - DatanodeDetails is persisted to /workdir/hadoop-ozone/integration-test/target/test-dir/MiniOzoneClusterImpl-2cb30d7a-e74d-4778-a9d8-49d98bdf9b48/datanode-6/meta/datanode.id
2019-07-30 17:29:35,780 INFO  ozoneimpl.OzoneContainer (OzoneContainer.java:start(186)) - Attempting to start container services.
2019-07-30 17:29:35,783 INFO  ozoneimpl.OzoneContainer (OzoneContainer.java:startContainerScrub(160)) - Background container scrubber has been disabled by hdds.containerscrub.enabled
2019-07-30 17:29:35,783 INFO  ratis.XceiverServerRatis (XceiverServerRatis.java:start(404)) - Starting XceiverServerRatis 17c291a8-e7ad-46d9-a2ed-c76b788eab4f at port 0
2019-07-30 17:29:35,791 INFO  impl.RaftServerProxy (RaftServerProxy.java:lambda$start$3(299)) - 17c291a8-e7ad-46d9-a2ed-c76b788eab4f: start RPC server
2019-07-30 17:29:35,793 INFO  server.GrpcService (GrpcService.java:startImpl(149)) - 17c291a8-e7ad-46d9-a2ed-c76b788eab4f: GrpcService started, listening on 0.0.0.0/0.0.0.0:45632
2019-07-30 17:29:35,794 INFO  ratis.XceiverServerRatis (XceiverServerRatis.java:start(414)) - XceiverServerRatis 17c291a8-e7ad-46d9-a2ed-c76b788eab4f is started using port 45632
2019-07-30 17:29:35,796 INFO  server.XceiverServerGrpc (XceiverServerGrpc.java:start(161)) - XceiverServerGrpc 17c291a8-e7ad-46d9-a2ed-c76b788eab4f is started using port 37392
2019-07-30 17:29:35,951 INFO  ozoneimpl.OzoneContainer (OzoneContainer.java:start(186)) - Attempting to start container services.
2019-07-30 17:29:35,958 INFO  ozoneimpl.OzoneContainer (OzoneContainer.java:startContainerScrub(160)) - Background container scrubber has been disabled by hdds.containerscrub.enabled
2019-07-30 17:29:35,958 INFO  ratis.XceiverServerRatis (XceiverServerRatis.java:start(404)) - Starting XceiverServerRatis 1bfa9654-7d7b-491a-884c-918bbb9d6c3f at port 0
2019-07-30 17:29:35,967 INFO  impl.RaftServerProxy (RaftServerProxy.java:lambda$start$3(299)) - 1bfa9654-7d7b-491a-884c-918bbb9d6c3f: start RPC server
2019-07-30 17:29:35,974 INFO  server.GrpcService (GrpcService.java:startImpl(149)) - 1bfa9654-7d7b-491a-884c-918bbb9d6c3f: GrpcService started, listening on 0.0.0.0/0.0.0.0:41595
2019-07-30 17:29:35,974 INFO  ratis.XceiverServerRatis (XceiverServerRatis.java:start(414)) - XceiverServerRatis 1bfa9654-7d7b-491a-884c-918bbb9d6c3f is started using port 41595
2019-07-30 17:29:35,977 INFO  server.XceiverServerGrpc (XceiverServerGrpc.java:start(161)) - XceiverServerGrpc 1bfa9654-7d7b-491a-884c-918bbb9d6c3f is started using port 41740
2019-07-30 17:29:36,138 INFO  ozone.MiniOzoneClusterImpl (MiniOzoneClusterImpl.java:lambda$waitForClusterToBeReady$0(142)) - Waiting for cluster to be ready. Got 0 of 7 DN Heartbeats.
2019-07-30 17:29:36,167 INFO  ozoneimpl.OzoneContainer (OzoneContainer.java:start(186)) - Attempting to start container services.
2019-07-30 17:29:36,168 INFO  ozoneimpl.OzoneContainer (OzoneContainer.java:startContainerScrub(160)) - Background container scrubber has been disabled by hdds.containerscrub.enabled
2019-07-30 17:29:36,168 INFO  ratis.XceiverServerRatis (XceiverServerRatis.java:start(404)) - Starting XceiverServerRatis b62a6e62-05c5-4b06-91dc-725b110dfd52 at port 0
2019-07-30 17:29:36,175 INFO  impl.RaftServerProxy (RaftServerProxy.java:lambda$start$3(299)) - b62a6e62-05c5-4b06-91dc-725b110dfd52: start RPC server
2019-07-30 17:29:36,177 INFO  server.GrpcService (GrpcService.java:startImpl(149)) - b62a6e62-05c5-4b06-91dc-725b110dfd52: GrpcService started, listening on 0.0.0.0/0.0.0.0:40594
2019-07-30 17:29:36,177 INFO  ratis.XceiverServerRatis (XceiverServerRatis.java:start(414)) - XceiverServerRatis b62a6e62-05c5-4b06-91dc-725b110dfd52 is started using port 40594
2019-07-30 17:29:36,187 INFO  server.XceiverServerGrpc (XceiverServerGrpc.java:start(161)) - XceiverServerGrpc b62a6e62-05c5-4b06-91dc-725b110dfd52 is started using port 38167
2019-07-30 17:29:36,372 INFO  ozoneimpl.OzoneContainer (OzoneContainer.java:start(186)) - Attempting to start container services.
2019-07-30 17:29:36,372 INFO  ozoneimpl.OzoneContainer (OzoneContainer.java:startContainerScrub(160)) - Background container scrubber has been disabled by hdds.containerscrub.enabled
2019-07-30 17:29:36,372 INFO  ratis.XceiverServerRatis (XceiverServerRatis.java:start(404)) - Starting XceiverServerRatis 31a59b49-0d6e-4847-9fd7-4dce12dbd624 at port 0
2019-07-30 17:29:36,381 INFO  impl.RaftServerProxy (RaftServerProxy.java:lambda$start$3(299)) - 31a59b49-0d6e-4847-9fd7-4dce12dbd624: start RPC server
2019-07-30 17:29:36,382 INFO  server.GrpcService (GrpcService.java:startImpl(149)) - 31a59b49-0d6e-4847-9fd7-4dce12dbd624: GrpcService started, listening on 0.0.0.0/0.0.0.0:33799
2019-07-30 17:29:36,382 INFO  ratis.XceiverServerRatis (XceiverServerRatis.java:start(414)) - XceiverServerRatis 31a59b49-0d6e-4847-9fd7-4dce12dbd624 is started using port 33799
2019-07-30 17:29:36,383 INFO  server.XceiverServerGrpc (XceiverServerGrpc.java:start(161)) - XceiverServerGrpc 31a59b49-0d6e-4847-9fd7-4dce12dbd624 is started using port 41872
2019-07-30 17:29:36,687 INFO  ozoneimpl.OzoneContainer (OzoneContainer.java:start(186)) - Attempting to start container services.
2019-07-30 17:29:36,687 INFO  ozoneimpl.OzoneContainer (OzoneContainer.java:startContainerScrub(160)) - Background container scrubber has been disabled by hdds.containerscrub.enabled
2019-07-30 17:29:36,687 INFO  ratis.XceiverServerRatis (XceiverServerRatis.java:start(404)) - Starting XceiverServerRatis db4c36da-b98b-4ba5-a1c9-f857ffceeaab at port 0
2019-07-30 17:29:36,695 INFO  impl.RaftServerProxy (RaftServerProxy.java:lambda$start$3(299)) - db4c36da-b98b-4ba5-a1c9-f857ffceeaab: start RPC server
2019-07-30 17:29:36,696 INFO  server.GrpcService (GrpcService.java:startImpl(149)) - db4c36da-b98b-4ba5-a1c9-f857ffceeaab: GrpcService started, listening on 0.0.0.0/0.0.0.0:37378
2019-07-30 17:29:36,696 INFO  ratis.XceiverServerRatis (XceiverServerRatis.java:start(414)) - XceiverServerRatis db4c36da-b98b-4ba5-a1c9-f857ffceeaab is started using port 37378
2019-07-30 17:29:36,701 INFO  server.XceiverServerGrpc (XceiverServerGrpc.java:start(161)) - XceiverServerGrpc db4c36da-b98b-4ba5-a1c9-f857ffceeaab is started using port 37251
2019-07-30 17:29:36,933 INFO  ozoneimpl.OzoneContainer (OzoneContainer.java:start(186)) - Attempting to start container services.
2019-07-30 17:29:36,933 INFO  ozoneimpl.OzoneContainer (OzoneContainer.java:startContainerScrub(160)) - Background container scrubber has been disabled by hdds.containerscrub.enabled
2019-07-30 17:29:36,934 INFO  ratis.XceiverServerRatis (XceiverServerRatis.java:start(404)) - Starting XceiverServerRatis ff2430b7-14fd-494f-a51d-9dc76984be1f at port 0
2019-07-30 17:29:36,941 INFO  impl.RaftServerProxy (RaftServerProxy.java:lambda$start$3(299)) - ff2430b7-14fd-494f-a51d-9dc76984be1f: start RPC server
2019-07-30 17:29:36,942 INFO  server.GrpcService (GrpcService.java:startImpl(149)) - ff2430b7-14fd-494f-a51d-9dc76984be1f: GrpcService started, listening on 0.0.0.0/0.0.0.0:44003
2019-07-30 17:29:36,942 INFO  ratis.XceiverServerRatis (XceiverServerRatis.java:start(414)) - XceiverServerRatis ff2430b7-14fd-494f-a51d-9dc76984be1f is started using port 44003
2019-07-30 17:29:36,943 INFO  server.XceiverServerGrpc (XceiverServerGrpc.java:start(161)) - XceiverServerGrpc ff2430b7-14fd-494f-a51d-9dc76984be1f is started using port 35735
2019-07-30 17:29:37,138 INFO  ozone.MiniOzoneClusterImpl (MiniOzoneClusterImpl.java:lambda$waitForClusterToBeReady$0(142)) - Waiting for cluster to be ready. Got 0 of 7 DN Heartbeats.
2019-07-30 17:29:37,153 INFO  ozoneimpl.OzoneContainer (OzoneContainer.java:start(186)) - Attempting to start container services.
2019-07-30 17:29:37,153 INFO  ozoneimpl.OzoneContainer (OzoneContainer.java:startContainerScrub(160)) - Background container scrubber has been disabled by hdds.containerscrub.enabled
2019-07-30 17:29:37,153 INFO  ratis.XceiverServerRatis (XceiverServerRatis.java:start(404)) - Starting XceiverServerRatis 2b36bdea-5609-4f94-a26e-9eaaa12a3a7f at port 0
2019-07-30 17:29:37,161 INFO  impl.RaftServerProxy (RaftServerProxy.java:lambda$start$3(299)) - 2b36bdea-5609-4f94-a26e-9eaaa12a3a7f: start RPC server
2019-07-30 17:29:37,162 INFO  server.GrpcService (GrpcService.java:startImpl(149)) - 2b36bdea-5609-4f94-a26e-9eaaa12a3a7f: GrpcService started, listening on 0.0.0.0/0.0.0.0:33130
2019-07-30 17:29:37,162 INFO  ratis.XceiverServerRatis (XceiverServerRatis.java:start(414)) - XceiverServerRatis 2b36bdea-5609-4f94-a26e-9eaaa12a3a7f is started using port 33130
2019-07-30 17:29:37,165 INFO  server.XceiverServerGrpc (XceiverServerGrpc.java:start(161)) - XceiverServerGrpc 2b36bdea-5609-4f94-a26e-9eaaa12a3a7f is started using port 45954
2019-07-30 17:29:37,750 INFO  net.NetworkTopology (NetworkTopologyImpl.java:add(110)) - Added a new node: /default-rack/17c291a8-e7ad-46d9-a2ed-c76b788eab4f
2019-07-30 17:29:37,753 INFO  node.SCMNodeManager (SCMNodeManager.java:register(273)) - Registered Data node : 17c291a8-e7ad-46d9-a2ed-c76b788eab4f{ip: 192.168.5.177, host: byscane-nightly-5w6vj-1288709143, networkLocation: /default-rack, certSerialId: null}
2019-07-30 17:29:37,754 INFO  safemode.SCMSafeModeManager (DataNodeSafeModeRule.java:process(71)) - SCM in safe mode. 1 DataNodes registered, 1 required.
2019-07-30 17:29:37,756 INFO  safemode.SCMSafeModeManager (SCMSafeModeManager.java:validateSafeModeExitRules(177)) - ScmSafeModeManager, all rules are successfully validated
2019-07-30 17:29:37,757 INFO  safemode.SCMSafeModeManager (SCMSafeModeManager.java:exitSafeMode(193)) - SCM exiting safe mode.
2019-07-30 17:29:37,774 INFO  impl.RaftServerProxy (RaftServerProxy.java:addNew(89)) - 17c291a8-e7ad-46d9-a2ed-c76b788eab4f: addNew group-12C4235C80B7:[17c291a8-e7ad-46d9-a2ed-c76b788eab4f:192.168.5.177:45632] returns group-12C4235C80B7:java.util.concurrent.CompletableFuture@60df1c60[Not completed]
2019-07-30 17:29:37,776 INFO  impl.RaftServerImpl (RaftServerImpl.java:<init>(93)) - 17c291a8-e7ad-46d9-a2ed-c76b788eab4f: new RaftServerImpl for group-12C4235C80B7:[17c291a8-e7ad-46d9-a2ed-c76b788eab4f:192.168.5.177:45632] with ContainerStateMachine:uninitialized
2019-07-30 17:29:37,776 INFO  server.RaftServerConfigKeys (ConfUtils.java:logGet(43)) - raft.server.rpc.timeout.min = 5s (custom)
2019-07-30 17:29:37,776 INFO  server.RaftServerConfigKeys (ConfUtils.java:logGet(43)) - raft.server.rpc.timeout.max = 5200ms (custom)
2019-07-30 17:29:37,777 INFO  server.RaftServerConfigKeys (ConfUtils.java:logGet(43)) - raft.server.rpcslowness.timeout = 120s (custom)
2019-07-30 17:29:37,777 INFO  server.RaftServerConfigKeys (ConfUtils.java:logGet(43)) - raft.server.sleep.deviation.threshold = 300 (default)
2019-07-30 17:29:37,777 INFO  server.RaftServerConfigKeys (ConfUtils.java:logGet(43)) - raft.server.log.appender.install.snapshot.enabled = false (custom)
2019-07-30 17:29:37,777 INFO  impl.RaftServerImpl (ServerState.java:<init>(105)) - 17c291a8-e7ad-46d9-a2ed-c76b788eab4f:group-12C4235C80B7 ConfigurationManager, init=-1: [17c291a8-e7ad-46d9-a2ed-c76b788eab4f:192.168.5.177:45632], old=null, confs=<EMPTY_MAP>
2019-07-30 17:29:37,777 INFO  server.RaftServerConfigKeys (ConfUtils.java:logGet(43)) - raft.server.storage.dir = [/workdir/hadoop-ozone/integration-test/target/test-dir/MiniOzoneClusterImpl-2cb30d7a-e74d-4778-a9d8-49d98bdf9b48/datanode-0/data/ratis] (custom)
2019-07-30 17:29:37,778 INFO  storage.RaftStorageDirectory (RaftStorageDirectory.java:analyzeStorage(246)) - The storage directory /workdir/hadoop-ozone/integration-test/target/test-dir/MiniOzoneClusterImpl-2cb30d7a-e74d-4778-a9d8-49d98bdf9b48/datanode-0/data/ratis/7de567c7-386f-4434-9277-12c4235c80b7 does not exist. Creating ...
2019-07-30 17:29:37,791 INFO  storage.RaftStorageDirectory (RaftStorageDirectory.java:tryLock(328)) - Lock on /workdir/hadoop-ozone/integration-test/target/test-dir/MiniOzoneClusterImpl-2cb30d7a-e74d-4778-a9d8-49d98bdf9b48/datanode-0/data/ratis/7de567c7-386f-4434-9277-12c4235c80b7/in_use.lock acquired by nodename 12726@byscane-nightly-5w6vj-1288709143
2019-07-30 17:29:37,798 INFO  storage.RaftStorage (RaftStorage.java:format(72)) - Storage directory /workdir/hadoop-ozone/integration-test/target/test-dir/MiniOzoneClusterImpl-2cb30d7a-e74d-4778-a9d8-49d98bdf9b48/datanode-0/data/ratis/7de567c7-386f-4434-9277-12c4235c80b7 has been successfully formatted.
2019-07-30 17:29:37,798 INFO  ratis.ContainerStateMachine (ContainerStateMachine.java:loadSnapshot(213)) - group-12C4235C80B7: The snapshot info is null. Setting the last applied indexto:(t:0, i:~)
2019-07-30 17:29:37,799 INFO  server.RaftServerConfigKeys (ConfUtils.java:logGet(43)) - raft.server.leader.election.timeout = 120s (custom)
2019-07-30 17:29:37,799 INFO  server.RaftServerConfigKeys (ConfUtils.java:logGet(43)) - raft.server.log.use.memory = false (default)
2019-07-30 17:29:37,799 INFO  server.RaftServerConfigKeys (ConfUtils.java:logGet(43)) - raft.server.log.purge.gap = 1000000000 (custom)
2019-07-30 17:29:37,799 INFO  server.RaftServerConfigKeys (ConfUtils.java:logGet(43)) - raft.server.log.appender.buffer.byte-limit = 33554432 (custom)
2019-07-30 17:29:37,800 INFO  server.RaftServerConfigKeys (ConfUtils.java:logGet(43)) - raft.server.log.segment.size.max = 1048576 (custom)
2019-07-30 17:29:37,800 INFO  server.RaftServerConfigKeys (ConfUtils.java:logGet(43)) - raft.server.log.segment.cache.num.max = 2 (custom)
2019-07-30 17:29:37,800 INFO  segmented.SegmentedRaftLogWorker (SegmentedRaftLogWorker.java:<init>(172)) - new 17c291a8-e7ad-46d9-a2ed-c76b788eab4f-SegmentedRaftLogWorker:Storage Directory /workdir/hadoop-ozone/integration-test/target/test-dir/MiniOzoneClusterImpl-2cb30d7a-e74d-4778-a9d8-49d98bdf9b48/datanode-0/data/ratis/7de567c7-386f-4434-9277-12c4235c80b7 for RaftStorage:Storage Directory /workdir/hadoop-ozone/integration-test/target/test-dir/MiniOzoneClusterImpl-2cb30d7a-e74d-4778-a9d8-49d98bdf9b48/datanode-0/data/ratis/7de567c7-386f-4434-9277-12c4235c80b7
2019-07-30 17:29:37,800 INFO  server.RaftServerConfigKeys (ConfUtils.java:logGet(43)) - raft.server.log.queue.byte-limit = 2147483647 (custom)
2019-07-30 17:29:37,800 INFO  server.RaftServerConfigKeys (ConfUtils.java:logGet(43)) - raft.server.log.queue.element-limit = 1024 (custom)
2019-07-30 17:29:37,801 INFO  server.RaftServerConfigKeys (ConfUtils.java:logGet(43)) - raft.server.log.segment.size.max = 1048576 (custom)
2019-07-30 17:29:37,801 INFO  server.RaftServerConfigKeys (ConfUtils.java:logGet(43)) - raft.server.log.preallocated.size = 16384 (custom)
2019-07-30 17:29:37,801 INFO  server.RaftServerConfigKeys (ConfUtils.java:logGet(43)) - raft.server.log.write.buffer.size = 33554432 (custom)
2019-07-30 17:29:37,801 INFO  server.RaftServerConfigKeys (ConfUtils.java:logGet(43)) - raft.server.log.force.sync.num = 128 (default)
2019-07-30 17:29:37,802 INFO  server.RaftServerConfigKeys (ConfUtils.java:logGet(43)) - raft.server.log.statemachine.data.sync = true (default)
2019-07-30 17:29:37,802 INFO  server.RaftServerConfigKeys (ConfUtils.java:logGet(43)) - raft.server.log.statemachine.data.sync.timeout = 10s (default)
2019-07-30 17:29:37,802 INFO  server.RaftServerConfigKeys (ConfUtils.java:logGet(43)) - raft.server.log.statemachine.data.sync.timeout.retry = -1 (default)
2019-07-30 17:29:37,802 INFO  server.RaftServerConfigKeys (ConfUtils.java:logGet(43)) - raft.server.log.statemachine.data.caching.enabled = true (custom)
2019-07-30 17:29:37,803 INFO  segmented.SegmentedRaftLogWorker (SegmentedRaftLogWorker.java:lambda$new$0(132)) - 17c291a8-e7ad-46d9-a2ed-c76b788eab4f-SegmentedRaftLogWorker:Storage Directory /workdir/hadoop-ozone/integration-test/target/test-dir/MiniOzoneClusterImpl-2cb30d7a-e74d-4778-a9d8-49d98bdf9b48/datanode-0/data/ratis/7de567c7-386f-4434-9277-12c4235c80b7: flushIndex: setUnconditionally 0 -> -1
2019-07-30 17:29:37,803 INFO  server.RaftServerConfigKeys (ConfUtils.java:logGet(43)) - raft.server.snapshot.auto.trigger.enabled = true (custom)
2019-07-30 17:29:37,803 INFO  server.RaftServerConfigKeys (ConfUtils.java:logGet(43)) - raft.server.snapshot.auto.trigger.threshold = 10000 (custom)
2019-07-30 17:29:37,803 INFO  server.RaftServerConfigKeys (ConfUtils.java:logGet(43)) - raft.server.retrycache.expirytime = 600000ms (custom)
2019-07-30 17:29:37,804 INFO  impl.RaftServerImpl (RaftServerImpl.java:start(180)) - 17c291a8-e7ad-46d9-a2ed-c76b788eab4f: start group-12C4235C80B7
2019-07-30 17:29:37,804 INFO  impl.RaftServerImpl (RaftServerImpl.java:setRole(171)) - 17c291a8-e7ad-46d9-a2ed-c76b788eab4f:group-12C4235C80B7 changes role from null to FOLLOWER at term 0 for startAsFollower
2019-07-30 17:29:37,805 INFO  impl.RoleInfo (RoleInfo.java:updateAndGet(143)) - 17c291a8-e7ad-46d9-a2ed-c76b788eab4f: start FollowerState
2019-07-30 17:29:37,806 INFO  util.JmxRegister (JmxRegister.java:tryRegister(44)) - Successfully registered JMX Bean with object name Ratis:service=RaftServer,group=group-12C4235C80B7,id=17c291a8-e7ad-46d9-a2ed-c76b788eab4f
2019-07-30 17:29:37,810 INFO  pipeline.PipelineStateManager (PipelineStateManager.java:addPipeline(56)) - Created pipeline Pipeline[ Id: 7de567c7-386f-4434-9277-12c4235c80b7, Nodes: 17c291a8-e7ad-46d9-a2ed-c76b788eab4f{ip: 192.168.5.177, host: byscane-nightly-5w6vj-1288709143, networkLocation: /default-rack, certSerialId: null}, Type:RATIS, Factor:ONE, State:OPEN]
2019-07-30 17:29:37,937 INFO  net.NetworkTopology (NetworkTopologyImpl.java:add(110)) - Added a new node: /default-rack/1bfa9654-7d7b-491a-884c-918bbb9d6c3f
2019-07-30 17:29:37,938 INFO  node.SCMNodeManager (SCMNodeManager.java:register(273)) - Registered Data node : 1bfa9654-7d7b-491a-884c-918bbb9d6c3f{ip: 192.168.5.177, host: byscane-nightly-5w6vj-1288709143, networkLocation: /default-rack, certSerialId: null}
2019-07-30 17:29:37,953 INFO  impl.RaftServerProxy (RaftServerProxy.java:addNew(89)) - 1bfa9654-7d7b-491a-884c-918bbb9d6c3f: addNew group-0C973E65093B:[1bfa9654-7d7b-491a-884c-918bbb9d6c3f:192.168.5.177:41595] returns group-0C973E65093B:java.util.concurrent.CompletableFuture@472c56a6[Not completed]
2019-07-30 17:29:37,956 INFO  impl.RaftServerImpl (RaftServerImpl.java:<init>(93)) - 1bfa9654-7d7b-491a-884c-918bbb9d6c3f: new RaftServerImpl for group-0C973E65093B:[1bfa9654-7d7b-491a-884c-918bbb9d6c3f:192.168.5.177:41595] with ContainerStateMachine:uninitialized
2019-07-30 17:29:37,956 INFO  server.RaftServerConfigKeys (ConfUtils.java:logGet(43)) - raft.server.rpc.timeout.min = 5s (custom)
2019-07-30 17:29:37,956 INFO  server.RaftServerConfigKeys (ConfUtils.java:logGet(43)) - raft.server.rpc.timeout.max = 5200ms (custom)
2019-07-30 17:29:37,957 INFO  server.RaftServerConfigKeys (ConfUtils.java:logGet(43)) - raft.server.rpcslowness.timeout = 120s (custom)
2019-07-30 17:29:37,957 INFO  server.RaftServerConfigKeys (ConfUtils.java:logGet(43)) - raft.server.sleep.deviation.threshold = 300 (default)
2019-07-30 17:29:37,957 INFO  server.RaftServerConfigKeys (ConfUtils.java:logGet(43)) - raft.server.log.appender.install.snapshot.enabled = false (custom)
2019-07-30 17:29:37,957 INFO  impl.RaftServerImpl (ServerState.java:<init>(105)) - 1bfa9654-7d7b-491a-884c-918bbb9d6c3f:group-0C973E65093B ConfigurationManager, init=-1: [1bfa9654-7d7b-491a-884c-918bbb9d6c3f:192.168.5.177:41595], old=null, confs=<EMPTY_MAP>
2019-07-30 17:29:37,957 INFO  server.RaftServerConfigKeys (ConfUtils.java:logGet(43)) - raft.server.storage.dir = [/workdir/hadoop-ozone/integration-test/target/test-dir/MiniOzoneClusterImpl-2cb30d7a-e74d-4778-a9d8-49d98bdf9b48/datanode-1/data/ratis] (custom)
2019-07-30 17:29:37,958 INFO  storage.RaftStorageDirectory (RaftStorageDirectory.java:analyzeStorage(246)) - The storage directory /workdir/hadoop-ozone/integration-test/target/test-dir/MiniOzoneClusterImpl-2cb30d7a-e74d-4778-a9d8-49d98bdf9b48/datanode-1/data/ratis/6310aca2-2c5b-44fd-8638-0c973e65093b does not exist. Creating ...
2019-07-30 17:29:37,962 INFO  storage.RaftStorageDirectory (RaftStorageDirectory.java:tryLock(328)) - Lock on /workdir/hadoop-ozone/integration-test/target/test-dir/MiniOzoneClusterImpl-2cb30d7a-e74d-4778-a9d8-49d98bdf9b48/datanode-1/data/ratis/6310aca2-2c5b-44fd-8638-0c973e65093b/in_use.lock acquired by nodename 12726@byscane-nightly-5w6vj-1288709143
2019-07-30 17:29:37,966 INFO  storage.RaftStorage (RaftStorage.java:format(72)) - Storage directory /workdir/hadoop-ozone/integration-test/target/test-dir/MiniOzoneClusterImpl-2cb30d7a-e74d-4778-a9d8-49d98bdf9b48/datanode-1/data/ratis/6310aca2-2c5b-44fd-8638-0c973e65093b has been successfully formatted.
2019-07-30 17:29:37,967 INFO  ratis.ContainerStateMachine (ContainerStateMachine.java:loadSnapshot(213)) - group-0C973E65093B: The snapshot info is null. Setting the last applied indexto:(t:0, i:~)
2019-07-30 17:29:37,967 INFO  server.RaftServerConfigKeys (ConfUtils.java:logGet(43)) - raft.server.leader.election.timeout = 120s (custom)
2019-07-30 17:29:37,967 INFO  server.RaftServerConfigKeys (ConfUtils.java:logGet(43)) - raft.server.log.use.memory = false (default)
2019-07-30 17:29:37,967 INFO  server.RaftServerConfigKeys (ConfUtils.java:logGet(43)) - raft.server.log.purge.gap = 1000000000 (custom)
2019-07-30 17:29:37,967 INFO  server.RaftServerConfigKeys (ConfUtils.java:logGet(43)) - raft.server.log.appender.buffer.byte-limit = 33554432 (custom)
2019-07-30 17:29:37,967 INFO  server.RaftServerConfigKeys (ConfUtils.java:logGet(43)) - raft.server.log.segment.size.max = 1048576 (custom)
2019-07-30 17:29:37,968 INFO  server.RaftServerConfigKeys (ConfUtils.java:logGet(43)) - raft.server.log.segment.cache.num.max = 2 (custom)
2019-07-30 17:29:37,968 INFO  segmented.SegmentedRaftLogWorker (SegmentedRaftLogWorker.java:<init>(172)) - new 1bfa9654-7d7b-491a-884c-918bbb9d6c3f-SegmentedRaftLogWorker:Storage Directory /workdir/hadoop-ozone/integration-test/target/test-dir/MiniOzoneClusterImpl-2cb30d7a-e74d-4778-a9d8-49d98bdf9b48/datanode-1/data/ratis/6310aca2-2c5b-44fd-8638-0c973e65093b for RaftStorage:Storage Directory /workdir/hadoop-ozone/integration-test/target/test-dir/MiniOzoneClusterImpl-2cb30d7a-e74d-4778-a9d8-49d98bdf9b48/datanode-1/data/ratis/6310aca2-2c5b-44fd-8638-0c973e65093b
2019-07-30 17:29:37,968 INFO  server.RaftServerConfigKeys (ConfUtils.java:logGet(43)) - raft.server.log.queue.byte-limit = 2147483647 (custom)
2019-07-30 17:29:37,968 INFO  server.RaftServerConfigKeys (ConfUtils.java:logGet(43)) - raft.server.log.queue.element-limit = 1024 (custom)
2019-07-30 17:29:37,968 INFO  server.RaftServerConfigKeys (ConfUtils.java:logGet(43)) - raft.server.log.segment.size.max = 1048576 (custom)
2019-07-30 17:29:37,969 INFO  server.RaftServerConfigKeys (ConfUtils.java:logGet(43)) - raft.server.log.preallocated.size = 16384 (custom)
2019-07-30 17:29:37,969 INFO  server.RaftServerConfigKeys (ConfUtils.java:logGet(43)) - raft.server.log.write.buffer.size = 33554432 (custom)
2019-07-30 17:29:37,969 INFO  server.RaftServerConfigKeys (ConfUtils.java:logGet(43)) - raft.server.log.force.sync.num = 128 (default)
2019-07-30 17:29:37,969 INFO  server.RaftServerConfigKeys (ConfUtils.java:logGet(43)) - raft.server.log.statemachine.data.sync = true (default)
2019-07-30 17:29:37,969 INFO  server.RaftServerConfigKeys (ConfUtils.java:logGet(43)) - raft.server.log.statemachine.data.sync.timeout = 10s (default)
2019-07-30 17:29:37,969 INFO  server.RaftServerConfigKeys (ConfUtils.java:logGet(43)) - raft.server.log.statemachine.data.sync.timeout.retry = -1 (default)
2019-07-30 17:29:37,970 INFO  server.RaftServerConfigKeys (ConfUtils.java:logGet(43)) - raft.server.log.statemachine.data.caching.enabled = true (custom)
2019-07-30 17:29:37,970 INFO  segmented.SegmentedRaftLogWorker (SegmentedRaftLogWorker.java:lambda$new$0(132)) - 1bfa9654-7d7b-491a-884c-918bbb9d6c3f-SegmentedRaftLogWorker:Storage Directory /workdir/hadoop-ozone/integration-test/target/test-dir/MiniOzoneClusterImpl-2cb30d7a-e74d-4778-a9d8-49d98bdf9b48/datanode-1/data/ratis/6310aca2-2c5b-44fd-8638-0c973e65093b: flushIndex: setUnconditionally 0 -> -1
2019-07-30 17:29:37,970 INFO  server.RaftServerConfigKeys (ConfUtils.java:logGet(43)) - raft.server.snapshot.auto.trigger.enabled = true (custom)
2019-07-30 17:29:37,971 INFO  server.RaftServerConfigKeys (ConfUtils.java:logGet(43)) - raft.server.snapshot.auto.trigger.threshold = 10000 (custom)
2019-07-30 17:29:37,971 INFO  server.RaftServerConfigKeys (ConfUtils.java:logGet(43)) - raft.server.retrycache.expirytime = 600000ms (custom)
2019-07-30 17:29:37,971 INFO  impl.RaftServerImpl (RaftServerImpl.java:start(180)) - 1bfa9654-7d7b-491a-884c-918bbb9d6c3f: start group-0C973E65093B
2019-07-30 17:29:37,971 INFO  impl.RaftServerImpl (RaftServerImpl.java:setRole(171)) - 1bfa9654-7d7b-491a-884c-918bbb9d6c3f:group-0C973E65093B changes role from null to FOLLOWER at term 0 for startAsFollower
2019-07-30 17:29:37,971 INFO  impl.RoleInfo (RoleInfo.java:updateAndGet(143)) - 1bfa9654-7d7b-491a-884c-918bbb9d6c3f: start FollowerState
2019-07-30 17:29:37,972 INFO  util.JmxRegister (JmxRegister.java:tryRegister(44)) - Successfully registered JMX Bean with object name Ratis:service=RaftServer,group=group-0C973E65093B,id=1bfa9654-7d7b-491a-884c-918bbb9d6c3f
2019-07-30 17:29:37,975 INFO  pipeline.PipelineStateManager (PipelineStateManager.java:addPipeline(56)) - Created pipeline Pipeline[ Id: 6310aca2-2c5b-44fd-8638-0c973e65093b, Nodes: 1bfa9654-7d7b-491a-884c-918bbb9d6c3f{ip: 192.168.5.177, host: byscane-nightly-5w6vj-1288709143, networkLocation: /default-rack, certSerialId: null}, Type:RATIS, Factor:ONE, State:OPEN]
2019-07-30 17:29:38,139 INFO  ozone.MiniOzoneClusterImpl (MiniOzoneClusterImpl.java:lambda$waitForClusterToBeReady$0(142)) - Waiting for cluster to be ready. Got 2 of 7 DN Heartbeats.
2019-07-30 17:29:38,154 INFO  net.NetworkTopology (NetworkTopologyImpl.java:add(110)) - Added a new node: /default-rack/b62a6e62-05c5-4b06-91dc-725b110dfd52
2019-07-30 17:29:38,154 INFO  node.SCMNodeManager (SCMNodeManager.java:register(273)) - Registered Data node : b62a6e62-05c5-4b06-91dc-725b110dfd52{ip: 192.168.5.177, host: byscane-nightly-5w6vj-1288709143, networkLocation: /default-rack, certSerialId: null}
2019-07-30 17:29:38,169 INFO  impl.RaftServerProxy (RaftServerProxy.java:addNew(89)) - b62a6e62-05c5-4b06-91dc-725b110dfd52: addNew group-854AB88D19E3:[b62a6e62-05c5-4b06-91dc-725b110dfd52:192.168.5.177:40594] returns group-854AB88D19E3:java.util.concurrent.CompletableFuture@2350e103[Not completed]
2019-07-30 17:29:38,175 INFO  impl.RaftServerImpl (RaftServerImpl.java:<init>(93)) - b62a6e62-05c5-4b06-91dc-725b110dfd52: new RaftServerImpl for group-854AB88D19E3:[b62a6e62-05c5-4b06-91dc-725b110dfd52:192.168.5.177:40594] with ContainerStateMachine:uninitialized
2019-07-30 17:29:38,175 INFO  server.RaftServerConfigKeys (ConfUtils.java:logGet(43)) - raft.server.rpc.timeout.min = 5s (custom)
2019-07-30 17:29:38,175 INFO  server.RaftServerConfigKeys (ConfUtils.java:logGet(43)) - raft.server.rpc.timeout.max = 5200ms (custom)
2019-07-30 17:29:38,176 INFO  server.RaftServerConfigKeys (ConfUtils.java:logGet(43)) - raft.server.rpcslowness.timeout = 120s (custom)
2019-07-30 17:29:38,176 INFO  server.RaftServerConfigKeys (ConfUtils.java:logGet(43)) - raft.server.sleep.deviation.threshold = 300 (default)
2019-07-30 17:29:38,176 INFO  server.RaftServerConfigKeys (ConfUtils.java:logGet(43)) - raft.server.log.appender.install.snapshot.enabled = false (custom)
2019-07-30 17:29:38,176 INFO  impl.RaftServerImpl (ServerState.java:<init>(105)) - b62a6e62-05c5-4b06-91dc-725b110dfd52:group-854AB88D19E3 ConfigurationManager, init=-1: [b62a6e62-05c5-4b06-91dc-725b110dfd52:192.168.5.177:40594], old=null, confs=<EMPTY_MAP>
2019-07-30 17:29:38,176 INFO  server.RaftServerConfigKeys (ConfUtils.java:logGet(43)) - raft.server.storage.dir = [/workdir/hadoop-ozone/integration-test/target/test-dir/MiniOzoneClusterImpl-2cb30d7a-e74d-4778-a9d8-49d98bdf9b48/datanode-2/data/ratis] (custom)
2019-07-30 17:29:38,177 INFO  storage.RaftStorageDirectory (RaftStorageDirectory.java:analyzeStorage(246)) - The storage directory /workdir/hadoop-ozone/integration-test/target/test-dir/MiniOzoneClusterImpl-2cb30d7a-e74d-4778-a9d8-49d98bdf9b48/datanode-2/data/ratis/4f3b951a-f0a6-42e1-9f9d-854ab88d19e3 does not exist. Creating ...
2019-07-30 17:29:38,190 INFO  storage.RaftStorageDirectory (RaftStorageDirectory.java:tryLock(328)) - Lock on /workdir/hadoop-ozone/integration-test/target/test-dir/MiniOzoneClusterImpl-2cb30d7a-e74d-4778-a9d8-49d98bdf9b48/datanode-2/data/ratis/4f3b951a-f0a6-42e1-9f9d-854ab88d19e3/in_use.lock acquired by nodename 12726@byscane-nightly-5w6vj-1288709143
2019-07-30 17:29:38,193 INFO  storage.RaftStorage (RaftStorage.java:format(72)) - Storage directory /workdir/hadoop-ozone/integration-test/target/test-dir/MiniOzoneClusterImpl-2cb30d7a-e74d-4778-a9d8-49d98bdf9b48/datanode-2/data/ratis/4f3b951a-f0a6-42e1-9f9d-854ab88d19e3 has been successfully formatted.
2019-07-30 17:29:38,194 INFO  ratis.ContainerStateMachine (ContainerStateMachine.java:loadSnapshot(213)) - group-854AB88D19E3: The snapshot info is null. Setting the last applied indexto:(t:0, i:~)
2019-07-30 17:29:38,194 INFO  server.RaftServerConfigKeys (ConfUtils.java:logGet(43)) - raft.server.leader.election.timeout = 120s (custom)
2019-07-30 17:29:38,194 INFO  server.RaftServerConfigKeys (ConfUtils.java:logGet(43)) - raft.server.log.use.memory = false (default)
2019-07-30 17:29:38,194 INFO  server.RaftServerConfigKeys (ConfUtils.java:logGet(43)) - raft.server.log.purge.gap = 1000000000 (custom)
2019-07-30 17:29:38,194 INFO  server.RaftServerConfigKeys (ConfUtils.java:logGet(43)) - raft.server.log.appender.buffer.byte-limit = 33554432 (custom)
2019-07-30 17:29:38,195 INFO  server.RaftServerConfigKeys (ConfUtils.java:logGet(43)) - raft.server.log.segment.size.max = 1048576 (custom)
2019-07-30 17:29:38,195 INFO  server.RaftServerConfigKeys (ConfUtils.java:logGet(43)) - raft.server.log.segment.cache.num.max = 2 (custom)
2019-07-30 17:29:38,195 INFO  segmented.SegmentedRaftLogWorker (SegmentedRaftLogWorker.java:<init>(172)) - new b62a6e62-05c5-4b06-91dc-725b110dfd52-SegmentedRaftLogWorker:Storage Directory /workdir/hadoop-ozone/integration-test/target/test-dir/MiniOzoneClusterImpl-2cb30d7a-e74d-4778-a9d8-49d98bdf9b48/datanode-2/data/ratis/4f3b951a-f0a6-42e1-9f9d-854ab88d19e3 for RaftStorage:Storage Directory /workdir/hadoop-ozone/integration-test/target/test-dir/MiniOzoneClusterImpl-2cb30d7a-e74d-4778-a9d8-49d98bdf9b48/datanode-2/data/ratis/4f3b951a-f0a6-42e1-9f9d-854ab88d19e3
2019-07-30 17:29:38,195 INFO  server.RaftServerConfigKeys (ConfUtils.java:logGet(43)) - raft.server.log.queue.byte-limit = 2147483647 (custom)
2019-07-30 17:29:38,195 INFO  server.RaftServerConfigKeys (ConfUtils.java:logGet(43)) - raft.server.log.queue.element-limit = 1024 (custom)
2019-07-30 17:29:38,196 INFO  server.RaftServerConfigKeys (ConfUtils.java:logGet(43)) - raft.server.log.segment.size.max = 1048576 (custom)
2019-07-30 17:29:38,196 INFO  server.RaftServerConfigKeys (ConfUtils.java:logGet(43)) - raft.server.log.preallocated.size = 16384 (custom)
2019-07-30 17:29:38,196 INFO  server.RaftServerConfigKeys (ConfUtils.java:logGet(43)) - raft.server.log.write.buffer.size = 33554432 (custom)
2019-07-30 17:29:38,196 INFO  server.RaftServerConfigKeys (ConfUtils.java:logGet(43)) - raft.server.log.force.sync.num = 128 (default)
2019-07-30 17:29:38,196 INFO  server.RaftServerConfigKeys (ConfUtils.java:logGet(43)) - raft.server.log.statemachine.data.sync = true (default)
2019-07-30 17:29:38,197 INFO  server.RaftServerConfigKeys (ConfUtils.java:logGet(43)) - raft.server.log.statemachine.data.sync.timeout = 10s (default)
2019-07-30 17:29:38,197 INFO  server.RaftServerConfigKeys (ConfUtils.java:logGet(43)) - raft.server.log.statemachine.data.sync.timeout.retry = -1 (default)
2019-07-30 17:29:38,197 INFO  server.RaftServerConfigKeys (ConfUtils.java:logGet(43)) - raft.server.log.statemachine.data.caching.enabled = true (custom)
2019-07-30 17:29:38,198 INFO  segmented.SegmentedRaftLogWorker (SegmentedRaftLogWorker.java:lambda$new$0(132)) - b62a6e62-05c5-4b06-91dc-725b110dfd52-SegmentedRaftLogWorker:Storage Directory /workdir/hadoop-ozone/integration-test/target/test-dir/MiniOzoneClusterImpl-2cb30d7a-e74d-4778-a9d8-49d98bdf9b48/datanode-2/data/ratis/4f3b951a-f0a6-42e1-9f9d-854ab88d19e3: flushIndex: setUnconditionally 0 -> -1
2019-07-30 17:29:38,198 INFO  server.RaftServerConfigKeys (ConfUtils.java:logGet(43)) - raft.server.snapshot.auto.trigger.enabled = true (custom)
2019-07-30 17:29:38,198 INFO  server.RaftServerConfigKeys (ConfUtils.java:logGet(43)) - raft.server.snapshot.auto.trigger.threshold = 10000 (custom)
2019-07-30 17:29:38,198 INFO  server.RaftServerConfigKeys (ConfUtils.java:logGet(43)) - raft.server.retrycache.expirytime = 600000ms (custom)
2019-07-30 17:29:38,199 INFO  impl.RaftServerImpl (RaftServerImpl.java:start(180)) - b62a6e62-05c5-4b06-91dc-725b110dfd52: start group-854AB88D19E3
2019-07-30 17:29:38,199 INFO  impl.RaftServerImpl (RaftServerImpl.java:setRole(171)) - b62a6e62-05c5-4b06-91dc-725b110dfd52:group-854AB88D19E3 changes role from null to FOLLOWER at term 0 for startAsFollower
2019-07-30 17:29:38,199 INFO  impl.RoleInfo (RoleInfo.java:updateAndGet(143)) - b62a6e62-05c5-4b06-91dc-725b110dfd52: start FollowerState
2019-07-30 17:29:38,199 INFO  util.JmxRegister (JmxRegister.java:tryRegister(44)) - Successfully registered JMX Bean with object name Ratis:service=RaftServer,group=group-854AB88D19E3,id=b62a6e62-05c5-4b06-91dc-725b110dfd52
2019-07-30 17:29:38,203 INFO  pipeline.PipelineStateManager (PipelineStateManager.java:addPipeline(56)) - Created pipeline Pipeline[ Id: 4f3b951a-f0a6-42e1-9f9d-854ab88d19e3, Nodes: b62a6e62-05c5-4b06-91dc-725b110dfd52{ip: 192.168.5.177, host: byscane-nightly-5w6vj-1288709143, networkLocation: /default-rack, certSerialId: null}, Type:RATIS, Factor:ONE, State:OPEN]
2019-07-30 17:29:38,220 INFO  impl.RaftServerProxy (RaftServerProxy.java:addNew(89)) - 17c291a8-e7ad-46d9-a2ed-c76b788eab4f: addNew group-2D02AB898737:[17c291a8-e7ad-46d9-a2ed-c76b788eab4f:192.168.5.177:45632, b62a6e62-05c5-4b06-91dc-725b110dfd52:192.168.5.177:40594, 1bfa9654-7d7b-491a-884c-918bbb9d6c3f:192.168.5.177:41595] returns group-2D02AB898737:java.util.concurrent.CompletableFuture@7a5b128d[Not completed]
2019-07-30 17:29:38,223 INFO  impl.RaftServerProxy (RaftServerProxy.java:addNew(89)) - 1bfa9654-7d7b-491a-884c-918bbb9d6c3f: addNew group-2D02AB898737:[17c291a8-e7ad-46d9-a2ed-c76b788eab4f:192.168.5.177:45632, b62a6e62-05c5-4b06-91dc-725b110dfd52:192.168.5.177:40594, 1bfa9654-7d7b-491a-884c-918bbb9d6c3f:192.168.5.177:41595] returns group-2D02AB898737:java.util.concurrent.CompletableFuture@7ffc23b1[Not completed]
2019-07-30 17:29:38,226 INFO  impl.RaftServerProxy (RaftServerProxy.java:addNew(89)) - b62a6e62-05c5-4b06-91dc-725b110dfd52: addNew group-2D02AB898737:[17c291a8-e7ad-46d9-a2ed-c76b788eab4f:192.168.5.177:45632, b62a6e62-05c5-4b06-91dc-725b110dfd52:192.168.5.177:40594, 1bfa9654-7d7b-491a-884c-918bbb9d6c3f:192.168.5.177:41595] returns group-2D02AB898737:java.util.concurrent.CompletableFuture@7f651b93[Not completed]
2019-07-30 17:29:38,226 INFO  impl.RaftServerImpl (RaftServerImpl.java:<init>(93)) - 17c291a8-e7ad-46d9-a2ed-c76b788eab4f: new RaftServerImpl for group-2D02AB898737:[17c291a8-e7ad-46d9-a2ed-c76b788eab4f:192.168.5.177:45632, b62a6e62-05c5-4b06-91dc-725b110dfd52:192.168.5.177:40594, 1bfa9654-7d7b-491a-884c-918bbb9d6c3f:192.168.5.177:41595] with ContainerStateMachine:uninitialized
2019-07-30 17:29:38,226 INFO  server.RaftServerConfigKeys (ConfUtils.java:logGet(43)) - raft.server.rpc.timeout.min = 5s (custom)
2019-07-30 17:29:38,226 INFO  server.RaftServerConfigKeys (ConfUtils.java:logGet(43)) - raft.server.rpc.timeout.max = 5200ms (custom)
2019-07-30 17:29:38,226 INFO  server.RaftServerConfigKeys (ConfUtils.java:logGet(43)) - raft.server.rpcslowness.timeout = 120s (custom)
2019-07-30 17:29:38,227 INFO  server.RaftServerConfigKeys (ConfUtils.java:logGet(43)) - raft.server.sleep.deviation.threshold = 300 (default)
2019-07-30 17:29:38,227 INFO  server.RaftServerConfigKeys (ConfUtils.java:logGet(43)) - raft.server.log.appender.install.snapshot.enabled = false (custom)
2019-07-30 17:29:38,227 INFO  impl.RaftServerImpl (RaftServerImpl.java:<init>(93)) - 1bfa9654-7d7b-491a-884c-918bbb9d6c3f: new RaftServerImpl for group-2D02AB898737:[17c291a8-e7ad-46d9-a2ed-c76b788eab4f:192.168.5.177:45632, b62a6e62-05c5-4b06-91dc-725b110dfd52:192.168.5.177:40594, 1bfa9654-7d7b-491a-884c-918bbb9d6c3f:192.168.5.177:41595] with ContainerStateMachine:uninitialized
2019-07-30 17:29:38,227 INFO  impl.RaftServerImpl (ServerState.java:<init>(105)) - 17c291a8-e7ad-46d9-a2ed-c76b788eab4f:group-2D02AB898737 ConfigurationManager, init=-1: [17c291a8-e7ad-46d9-a2ed-c76b788eab4f:192.168.5.177:45632, b62a6e62-05c5-4b06-91dc-725b110dfd52:192.168.5.177:40594, 1bfa9654-7d7b-491a-884c-918bbb9d6c3f:192.168.5.177:41595], old=null, confs=<EMPTY_MAP>
2019-07-30 17:29:38,227 INFO  server.RaftServerConfigKeys (ConfUtils.java:logGet(43)) - raft.server.rpc.timeout.min = 5s (custom)
2019-07-30 17:29:38,227 INFO  server.RaftServerConfigKeys (ConfUtils.java:logGet(43)) - raft.server.storage.dir = [/workdir/hadoop-ozone/integration-test/target/test-dir/MiniOzoneClusterImpl-2cb30d7a-e74d-4778-a9d8-49d98bdf9b48/datanode-0/data/ratis] (custom)
2019-07-30 17:29:38,227 INFO  server.RaftServerConfigKeys (ConfUtils.java:logGet(43)) - raft.server.rpc.timeout.max = 5200ms (custom)
2019-07-30 17:29:38,228 INFO  server.RaftServerConfigKeys (ConfUtils.java:logGet(43)) - raft.server.rpcslowness.timeout = 120s (custom)
2019-07-30 17:29:38,228 INFO  storage.RaftStorageDirectory (RaftStorageDirectory.java:analyzeStorage(246)) - The storage directory /workdir/hadoop-ozone/integration-test/target/test-dir/MiniOzoneClusterImpl-2cb30d7a-e74d-4778-a9d8-49d98bdf9b48/datanode-0/data/ratis/d8900fbc-2de6-4085-a2c5-2d02ab898737 does not exist. Creating ...
2019-07-30 17:29:38,228 INFO  impl.RaftServerImpl (RaftServerImpl.java:<init>(93)) - b62a6e62-05c5-4b06-91dc-725b110dfd52: new RaftServerImpl for group-2D02AB898737:[17c291a8-e7ad-46d9-a2ed-c76b788eab4f:192.168.5.177:45632, b62a6e62-05c5-4b06-91dc-725b110dfd52:192.168.5.177:40594, 1bfa9654-7d7b-491a-884c-918bbb9d6c3f:192.168.5.177:41595] with ContainerStateMachine:uninitialized
2019-07-30 17:29:38,228 INFO  server.RaftServerConfigKeys (ConfUtils.java:logGet(43)) - raft.server.sleep.deviation.threshold = 300 (default)
2019-07-30 17:29:38,228 INFO  server.RaftServerConfigKeys (ConfUtils.java:logGet(43)) - raft.server.rpc.timeout.min = 5s (custom)
2019-07-30 17:29:38,228 INFO  server.RaftServerConfigKeys (ConfUtils.java:logGet(43)) - raft.server.log.appender.install.snapshot.enabled = false (custom)
2019-07-30 17:29:38,228 INFO  server.RaftServerConfigKeys (ConfUtils.java:logGet(43)) - raft.server.rpc.timeout.max = 5200ms (custom)
2019-07-30 17:29:38,229 INFO  impl.RaftServerImpl (ServerState.java:<init>(105)) - 1bfa9654-7d7b-491a-884c-918bbb9d6c3f:group-2D02AB898737 ConfigurationManager, init=-1: [17c291a8-e7ad-46d9-a2ed-c76b788eab4f:192.168.5.177:45632, b62a6e62-05c5-4b06-91dc-725b110dfd52:192.168.5.177:40594, 1bfa9654-7d7b-491a-884c-918bbb9d6c3f:192.168.5.177:41595], old=null, confs=<EMPTY_MAP>
2019-07-30 17:29:38,229 INFO  server.RaftServerConfigKeys (ConfUtils.java:logGet(43)) - raft.server.rpcslowness.timeout = 120s (custom)
2019-07-30 17:29:38,229 INFO  server.RaftServerConfigKeys (ConfUtils.java:logGet(43)) - raft.server.storage.dir = [/workdir/hadoop-ozone/integration-test/target/test-dir/MiniOzoneClusterImpl-2cb30d7a-e74d-4778-a9d8-49d98bdf9b48/datanode-1/data/ratis] (custom)
2019-07-30 17:29:38,229 INFO  server.RaftServerConfigKeys (ConfUtils.java:logGet(43)) - raft.server.sleep.deviation.threshold = 300 (default)
2019-07-30 17:29:38,230 INFO  server.RaftServerConfigKeys (ConfUtils.java:logGet(43)) - raft.server.log.appender.install.snapshot.enabled = false (custom)
2019-07-30 17:29:38,230 INFO  storage.RaftStorageDirectory (RaftStorageDirectory.java:analyzeStorage(246)) - The storage directory /workdir/hadoop-ozone/integration-test/target/test-dir/MiniOzoneClusterImpl-2cb30d7a-e74d-4778-a9d8-49d98bdf9b48/datanode-1/data/ratis/d8900fbc-2de6-4085-a2c5-2d02ab898737 does not exist. Creating ...
2019-07-30 17:29:38,230 INFO  impl.RaftServerImpl (ServerState.java:<init>(105)) - b62a6e62-05c5-4b06-91dc-725b110dfd52:group-2D02AB898737 ConfigurationManager, init=-1: [17c291a8-e7ad-46d9-a2ed-c76b788eab4f:192.168.5.177:45632, b62a6e62-05c5-4b06-91dc-725b110dfd52:192.168.5.177:40594, 1bfa9654-7d7b-491a-884c-918bbb9d6c3f:192.168.5.177:41595], old=null, confs=<EMPTY_MAP>
2019-07-30 17:29:38,230 INFO  server.RaftServerConfigKeys (ConfUtils.java:logGet(43)) - raft.server.storage.dir = [/workdir/hadoop-ozone/integration-test/target/test-dir/MiniOzoneClusterImpl-2cb30d7a-e74d-4778-a9d8-49d98bdf9b48/datanode-2/data/ratis] (custom)
2019-07-30 17:29:38,231 INFO  storage.RaftStorageDirectory (RaftStorageDirectory.java:analyzeStorage(246)) - The storage directory /workdir/hadoop-ozone/integration-test/target/test-dir/MiniOzoneClusterImpl-2cb30d7a-e74d-4778-a9d8-49d98bdf9b48/datanode-2/data/ratis/d8900fbc-2de6-4085-a2c5-2d02ab898737 does not exist. Creating ...
2019-07-30 17:29:38,231 INFO  storage.RaftStorageDirectory (RaftStorageDirectory.java:tryLock(328)) - Lock on /workdir/hadoop-ozone/integration-test/target/test-dir/MiniOzoneClusterImpl-2cb30d7a-e74d-4778-a9d8-49d98bdf9b48/datanode-0/data/ratis/d8900fbc-2de6-4085-a2c5-2d02ab898737/in_use.lock acquired by nodename 12726@byscane-nightly-5w6vj-1288709143
2019-07-30 17:29:38,234 INFO  storage.RaftStorageDirectory (RaftStorageDirectory.java:tryLock(328)) - Lock on /workdir/hadoop-ozone/integration-test/target/test-dir/MiniOzoneClusterImpl-2cb30d7a-e74d-4778-a9d8-49d98bdf9b48/datanode-1/data/ratis/d8900fbc-2de6-4085-a2c5-2d02ab898737/in_use.lock acquired by nodename 12726@byscane-nightly-5w6vj-1288709143
2019-07-30 17:29:38,234 INFO  storage.RaftStorageDirectory (RaftStorageDirectory.java:tryLock(328)) - Lock on /workdir/hadoop-ozone/integration-test/target/test-dir/MiniOzoneClusterImpl-2cb30d7a-e74d-4778-a9d8-49d98bdf9b48/datanode-2/data/ratis/d8900fbc-2de6-4085-a2c5-2d02ab898737/in_use.lock acquired by nodename 12726@byscane-nightly-5w6vj-1288709143
2019-07-30 17:29:38,236 INFO  storage.RaftStorage (RaftStorage.java:format(72)) - Storage directory /workdir/hadoop-ozone/integration-test/target/test-dir/MiniOzoneClusterImpl-2cb30d7a-e74d-4778-a9d8-49d98bdf9b48/datanode-0/data/ratis/d8900fbc-2de6-4085-a2c5-2d02ab898737 has been successfully formatted.
2019-07-30 17:29:38,236 INFO  ratis.ContainerStateMachine (ContainerStateMachine.java:loadSnapshot(213)) - group-2D02AB898737: The snapshot info is null. Setting the last applied indexto:(t:0, i:~)
2019-07-30 17:29:38,236 INFO  server.RaftServerConfigKeys (ConfUtils.java:logGet(43)) - raft.server.leader.election.timeout = 120s (custom)
2019-07-30 17:29:38,237 INFO  server.RaftServerConfigKeys (ConfUtils.java:logGet(43)) - raft.server.log.use.memory = false (default)
2019-07-30 17:29:38,237 INFO  server.RaftServerConfigKeys (ConfUtils.java:logGet(43)) - raft.server.log.purge.gap = 1000000000 (custom)
2019-07-30 17:29:38,237 INFO  server.RaftServerConfigKeys (ConfUtils.java:logGet(43)) - raft.server.log.appender.buffer.byte-limit = 33554432 (custom)
2019-07-30 17:29:38,237 INFO  server.RaftServerConfigKeys (ConfUtils.java:logGet(43)) - raft.server.log.segment.size.max = 1048576 (custom)
2019-07-30 17:29:38,237 INFO  server.RaftServerConfigKeys (ConfUtils.java:logGet(43)) - raft.server.log.segment.cache.num.max = 2 (custom)
2019-07-30 17:29:38,238 INFO  segmented.SegmentedRaftLogWorker (SegmentedRaftLogWorker.java:<init>(172)) - new 17c291a8-e7ad-46d9-a2ed-c76b788eab4f-SegmentedRaftLogWorker:Storage Directory /workdir/hadoop-ozone/integration-test/target/test-dir/MiniOzoneClusterImpl-2cb30d7a-e74d-4778-a9d8-49d98bdf9b48/datanode-0/data/ratis/d8900fbc-2de6-4085-a2c5-2d02ab898737 for RaftStorage:Storage Directory /workdir/hadoop-ozone/integration-test/target/test-dir/MiniOzoneClusterImpl-2cb30d7a-e74d-4778-a9d8-49d98bdf9b48/datanode-0/data/ratis/d8900fbc-2de6-4085-a2c5-2d02ab898737
2019-07-30 17:29:38,238 INFO  server.RaftServerConfigKeys (ConfUtils.java:logGet(43)) - raft.server.log.queue.byte-limit = 2147483647 (custom)
2019-07-30 17:29:38,238 INFO  server.RaftServerConfigKeys (ConfUtils.java:logGet(43)) - raft.server.log.queue.element-limit = 1024 (custom)
2019-07-30 17:29:38,238 INFO  server.RaftServerConfigKeys (ConfUtils.java:logGet(43)) - raft.server.log.segment.size.max = 1048576 (custom)
2019-07-30 17:29:38,238 INFO  server.RaftServerConfigKeys (ConfUtils.java:logGet(43)) - raft.server.log.preallocated.size = 16384 (custom)
2019-07-30 17:29:38,239 INFO  server.RaftServerConfigKeys (ConfUtils.java:logGet(43)) - raft.server.log.write.buffer.size = 33554432 (custom)
2019-07-30 17:29:38,239 INFO  server.RaftServerConfigKeys (ConfUtils.java:logGet(43)) - raft.server.log.force.sync.num = 128 (default)
2019-07-30 17:29:38,239 INFO  server.RaftServerConfigKeys (ConfUtils.java:logGet(43)) - raft.server.log.statemachine.data.sync = true (default)
2019-07-30 17:29:38,239 INFO  server.RaftServerConfigKeys (ConfUtils.java:logGet(43)) - raft.server.log.statemachine.data.sync.timeout = 10s (default)
2019-07-30 17:29:38,239 INFO  server.RaftServerConfigKeys (ConfUtils.java:logGet(43)) - raft.server.log.statemachine.data.sync.timeout.retry = -1 (default)
2019-07-30 17:29:38,239 INFO  server.RaftServerConfigKeys (ConfUtils.java:logGet(43)) - raft.server.log.statemachine.data.caching.enabled = true (custom)
2019-07-30 17:29:38,240 INFO  storage.RaftStorage (RaftStorage.java:format(72)) - Storage directory /workdir/hadoop-ozone/integration-test/target/test-dir/MiniOzoneClusterImpl-2cb30d7a-e74d-4778-a9d8-49d98bdf9b48/datanode-2/data/ratis/d8900fbc-2de6-4085-a2c5-2d02ab898737 has been successfully formatted.
2019-07-30 17:29:38,240 INFO  storage.RaftStorage (RaftStorage.java:format(72)) - Storage directory /workdir/hadoop-ozone/integration-test/target/test-dir/MiniOzoneClusterImpl-2cb30d7a-e74d-4778-a9d8-49d98bdf9b48/datanode-1/data/ratis/d8900fbc-2de6-4085-a2c5-2d02ab898737 has been successfully formatted.
2019-07-30 17:29:38,240 INFO  segmented.SegmentedRaftLogWorker (SegmentedRaftLogWorker.java:lambda$new$0(132)) - 17c291a8-e7ad-46d9-a2ed-c76b788eab4f-SegmentedRaftLogWorker:Storage Directory /workdir/hadoop-ozone/integration-test/target/test-dir/MiniOzoneClusterImpl-2cb30d7a-e74d-4778-a9d8-49d98bdf9b48/datanode-0/data/ratis/d8900fbc-2de6-4085-a2c5-2d02ab898737: flushIndex: setUnconditionally 0 -> -1
2019-07-30 17:29:38,240 INFO  ratis.ContainerStateMachine (ContainerStateMachine.java:loadSnapshot(213)) - group-2D02AB898737: The snapshot info is null. Setting the last applied indexto:(t:0, i:~)
2019-07-30 17:29:38,240 INFO  ratis.ContainerStateMachine (ContainerStateMachine.java:loadSnapshot(213)) - group-2D02AB898737: The snapshot info is null. Setting the last applied indexto:(t:0, i:~)
2019-07-30 17:29:38,241 INFO  server.RaftServerConfigKeys (ConfUtils.java:logGet(43)) - raft.server.snapshot.auto.trigger.enabled = true (custom)
2019-07-30 17:29:38,241 INFO  server.RaftServerConfigKeys (ConfUtils.java:logGet(43)) - raft.server.leader.election.timeout = 120s (custom)
2019-07-30 17:29:38,241 INFO  server.RaftServerConfigKeys (ConfUtils.java:logGet(43)) - raft.server.snapshot.auto.trigger.threshold = 10000 (custom)
2019-07-30 17:29:38,241 INFO  server.RaftServerConfigKeys (ConfUtils.java:logGet(43)) - raft.server.leader.election.timeout = 120s (custom)
2019-07-30 17:29:38,241 INFO  server.RaftServerConfigKeys (ConfUtils.java:logGet(43)) - raft.server.retrycache.expirytime = 600000ms (custom)
2019-07-30 17:29:38,241 INFO  server.RaftServerConfigKeys (ConfUtils.java:logGet(43)) - raft.server.log.use.memory = false (default)
2019-07-30 17:29:38,242 INFO  impl.RaftServerImpl (RaftServerImpl.java:start(180)) - 17c291a8-e7ad-46d9-a2ed-c76b788eab4f: start group-2D02AB898737
2019-07-30 17:29:38,242 INFO  impl.RaftServerImpl (RaftServerImpl.java:setRole(171)) - 17c291a8-e7ad-46d9-a2ed-c76b788eab4f:group-2D02AB898737 changes role from null to FOLLOWER at term 0 for startAsFollower
2019-07-30 17:29:38,242 INFO  server.RaftServerConfigKeys (ConfUtils.java:logGet(43)) - raft.server.log.use.memory = false (default)
2019-07-30 17:29:38,242 INFO  impl.RoleInfo (RoleInfo.java:updateAndGet(143)) - 17c291a8-e7ad-46d9-a2ed-c76b788eab4f: start FollowerState
2019-07-30 17:29:38,242 INFO  server.RaftServerConfigKeys (ConfUtils.java:logGet(43)) - raft.server.log.purge.gap = 1000000000 (custom)
2019-07-30 17:29:38,242 INFO  server.RaftServerConfigKeys (ConfUtils.java:logGet(43)) - raft.server.log.purge.gap = 1000000000 (custom)
2019-07-30 17:29:38,243 INFO  server.RaftServerConfigKeys (ConfUtils.java:logGet(43)) - raft.server.log.appender.buffer.byte-limit = 33554432 (custom)
2019-07-30 17:29:38,260 INFO  util.JmxRegister (JmxRegister.java:tryRegister(44)) - Successfully registered JMX Bean with object name Ratis:service=RaftServer,group=group-2D02AB898737,id=17c291a8-e7ad-46d9-a2ed-c76b788eab4f
2019-07-30 17:29:38,260 INFO  server.RaftServerConfigKeys (ConfUtils.java:logGet(43)) - raft.server.log.appender.buffer.byte-limit = 33554432 (custom)
2019-07-30 17:29:38,261 INFO  server.RaftServerConfigKeys (ConfUtils.java:logGet(43)) - raft.server.log.segment.size.max = 1048576 (custom)
2019-07-30 17:29:38,261 INFO  server.RaftServerConfigKeys (ConfUtils.java:logGet(43)) - raft.server.log.segment.size.max = 1048576 (custom)
2019-07-30 17:29:38,270 INFO  server.RaftServerConfigKeys (ConfUtils.java:logGet(43)) - raft.server.log.segment.cache.num.max = 2 (custom)
2019-07-30 17:29:38,271 INFO  server.RaftServerConfigKeys (ConfUtils.java:logGet(43)) - raft.server.log.segment.cache.num.max = 2 (custom)
2019-07-30 17:29:38,271 INFO  segmented.SegmentedRaftLogWorker (SegmentedRaftLogWorker.java:<init>(172)) - new 1bfa9654-7d7b-491a-884c-918bbb9d6c3f-SegmentedRaftLogWorker:Storage Directory /workdir/hadoop-ozone/integration-test/target/test-dir/MiniOzoneClusterImpl-2cb30d7a-e74d-4778-a9d8-49d98bdf9b48/datanode-1/data/ratis/d8900fbc-2de6-4085-a2c5-2d02ab898737 for RaftStorage:Storage Directory /workdir/hadoop-ozone/integration-test/target/test-dir/MiniOzoneClusterImpl-2cb30d7a-e74d-4778-a9d8-49d98bdf9b48/datanode-1/data/ratis/d8900fbc-2de6-4085-a2c5-2d02ab898737
2019-07-30 17:29:38,271 INFO  segmented.SegmentedRaftLogWorker (SegmentedRaftLogWorker.java:<init>(172)) - new b62a6e62-05c5-4b06-91dc-725b110dfd52-SegmentedRaftLogWorker:Storage Directory /workdir/hadoop-ozone/integration-test/target/test-dir/MiniOzoneClusterImpl-2cb30d7a-e74d-4778-a9d8-49d98bdf9b48/datanode-2/data/ratis/d8900fbc-2de6-4085-a2c5-2d02ab898737 for RaftStorage:Storage Directory /workdir/hadoop-ozone/integration-test/target/test-dir/MiniOzoneClusterImpl-2cb30d7a-e74d-4778-a9d8-49d98bdf9b48/datanode-2/data/ratis/d8900fbc-2de6-4085-a2c5-2d02ab898737
2019-07-30 17:29:38,271 INFO  server.RaftServerConfigKeys (ConfUtils.java:logGet(43)) - raft.server.log.queue.byte-limit = 2147483647 (custom)
2019-07-30 17:29:38,271 INFO  server.RaftServerConfigKeys (ConfUtils.java:logGet(43)) - raft.server.log.queue.byte-limit = 2147483647 (custom)
2019-07-30 17:29:38,272 INFO  server.RaftServerConfigKeys (ConfUtils.java:logGet(43)) - raft.server.log.queue.element-limit = 1024 (custom)
2019-07-30 17:29:38,272 INFO  server.RaftServerConfigKeys (ConfUtils.java:logGet(43)) - raft.server.log.queue.element-limit = 1024 (custom)
2019-07-30 17:29:38,272 INFO  server.RaftServerConfigKeys (ConfUtils.java:logGet(43)) - raft.server.log.segment.size.max = 1048576 (custom)
2019-07-30 17:29:38,272 INFO  server.RaftServerConfigKeys (ConfUtils.java:logGet(43)) - raft.server.log.segment.size.max = 1048576 (custom)
2019-07-30 17:29:38,272 INFO  server.RaftServerConfigKeys (ConfUtils.java:logGet(43)) - raft.server.log.preallocated.size = 16384 (custom)
2019-07-30 17:29:38,273 INFO  server.RaftServerConfigKeys (ConfUtils.java:logGet(43)) - raft.server.log.preallocated.size = 16384 (custom)
2019-07-30 17:29:38,273 INFO  server.RaftServerConfigKeys (ConfUtils.java:logGet(43)) - raft.server.log.write.buffer.size = 33554432 (custom)
2019-07-30 17:29:38,273 INFO  server.RaftServerConfigKeys (ConfUtils.java:logGet(43)) - raft.server.log.write.buffer.size = 33554432 (custom)
2019-07-30 17:29:38,273 INFO  server.RaftServerConfigKeys (ConfUtils.java:logGet(43)) - raft.server.log.force.sync.num = 128 (default)
2019-07-30 17:29:38,273 INFO  server.RaftServerConfigKeys (ConfUtils.java:logGet(43)) - raft.server.log.force.sync.num = 128 (default)
2019-07-30 17:29:38,273 INFO  server.RaftServerConfigKeys (ConfUtils.java:logGet(43)) - raft.server.log.statemachine.data.sync = true (default)
2019-07-30 17:29:38,274 INFO  server.RaftServerConfigKeys (ConfUtils.java:logGet(43)) - raft.server.log.statemachine.data.sync = true (default)
2019-07-30 17:29:38,274 INFO  server.RaftServerConfigKeys (ConfUtils.java:logGet(43)) - raft.server.log.statemachine.data.sync.timeout = 10s (default)
2019-07-30 17:29:38,274 INFO  server.RaftServerConfigKeys (ConfUtils.java:logGet(43)) - raft.server.log.statemachine.data.sync.timeout = 10s (default)
2019-07-30 17:29:38,274 INFO  server.RaftServerConfigKeys (ConfUtils.java:logGet(43)) - raft.server.log.statemachine.data.sync.timeout.retry = -1 (default)
2019-07-30 17:29:38,275 INFO  server.RaftServerConfigKeys (ConfUtils.java:logGet(43)) - raft.server.log.statemachine.data.sync.timeout.retry = -1 (default)
2019-07-30 17:29:38,275 INFO  server.RaftServerConfigKeys (ConfUtils.java:logGet(43)) - raft.server.log.statemachine.data.caching.enabled = true (custom)
2019-07-30 17:29:38,275 INFO  server.RaftServerConfigKeys (ConfUtils.java:logGet(43)) - raft.server.log.statemachine.data.caching.enabled = true (custom)
2019-07-30 17:29:38,275 INFO  segmented.SegmentedRaftLogWorker (SegmentedRaftLogWorker.java:lambda$new$0(132)) - 1bfa9654-7d7b-491a-884c-918bbb9d6c3f-SegmentedRaftLogWorker:Storage Directory /workdir/hadoop-ozone/integration-test/target/test-dir/MiniOzoneClusterImpl-2cb30d7a-e74d-4778-a9d8-49d98bdf9b48/datanode-1/data/ratis/d8900fbc-2de6-4085-a2c5-2d02ab898737: flushIndex: setUnconditionally 0 -> -1
2019-07-30 17:29:38,275 INFO  segmented.SegmentedRaftLogWorker (SegmentedRaftLogWorker.java:lambda$new$0(132)) - b62a6e62-05c5-4b06-91dc-725b110dfd52-SegmentedRaftLogWorker:Storage Directory /workdir/hadoop-ozone/integration-test/target/test-dir/MiniOzoneClusterImpl-2cb30d7a-e74d-4778-a9d8-49d98bdf9b48/datanode-2/data/ratis/d8900fbc-2de6-4085-a2c5-2d02ab898737: flushIndex: setUnconditionally 0 -> -1
2019-07-30 17:29:38,276 INFO  server.RaftServerConfigKeys (ConfUtils.java:logGet(43)) - raft.server.snapshot.auto.trigger.enabled = true (custom)
2019-07-30 17:29:38,276 INFO  server.RaftServerConfigKeys (ConfUtils.java:logGet(43)) - raft.server.snapshot.auto.trigger.enabled = true (custom)
2019-07-30 17:29:38,276 INFO  server.RaftServerConfigKeys (ConfUtils.java:logGet(43)) - raft.server.snapshot.auto.trigger.threshold = 10000 (custom)
2019-07-30 17:29:38,276 INFO  server.RaftServerConfigKeys (ConfUtils.java:logGet(43)) - raft.server.snapshot.auto.trigger.threshold = 10000 (custom)
2019-07-30 17:29:38,277 INFO  server.RaftServerConfigKeys (ConfUtils.java:logGet(43)) - raft.server.retrycache.expirytime = 600000ms (custom)
2019-07-30 17:29:38,277 INFO  server.RaftServerConfigKeys (ConfUtils.java:logGet(43)) - raft.server.retrycache.expirytime = 600000ms (custom)
2019-07-30 17:29:38,277 INFO  impl.RaftServerImpl (RaftServerImpl.java:start(180)) - 1bfa9654-7d7b-491a-884c-918bbb9d6c3f: start group-2D02AB898737
2019-07-30 17:29:38,277 INFO  impl.RaftServerImpl (RaftServerImpl.java:start(180)) - b62a6e62-05c5-4b06-91dc-725b110dfd52: start group-2D02AB898737
2019-07-30 17:29:38,277 INFO  impl.RaftServerImpl (RaftServerImpl.java:setRole(171)) - 1bfa9654-7d7b-491a-884c-918bbb9d6c3f:group-2D02AB898737 changes role from null to FOLLOWER at term 0 for startAsFollower
2019-07-30 17:29:38,277 INFO  impl.RaftServerImpl (RaftServerImpl.java:setRole(171)) - b62a6e62-05c5-4b06-91dc-725b110dfd52:group-2D02AB898737 changes role from null to FOLLOWER at term 0 for startAsFollower
2019-07-30 17:29:38,278 INFO  impl.RoleInfo (RoleInfo.java:updateAndGet(143)) - 1bfa9654-7d7b-491a-884c-918bbb9d6c3f: start FollowerState
2019-07-30 17:29:38,278 INFO  impl.RoleInfo (RoleInfo.java:updateAndGet(143)) - b62a6e62-05c5-4b06-91dc-725b110dfd52: start FollowerState
2019-07-30 17:29:38,278 INFO  util.JmxRegister (JmxRegister.java:tryRegister(44)) - Successfully registered JMX Bean with object name Ratis:service=RaftServer,group=group-2D02AB898737,id=1bfa9654-7d7b-491a-884c-918bbb9d6c3f
2019-07-30 17:29:38,278 INFO  util.JmxRegister (JmxRegister.java:tryRegister(44)) - Successfully registered JMX Bean with object name Ratis:service=RaftServer,group=group-2D02AB898737,id=b62a6e62-05c5-4b06-91dc-725b110dfd52
2019-07-30 17:29:38,282 INFO  pipeline.PipelineStateManager (PipelineStateManager.java:addPipeline(56)) - Created pipeline Pipeline[ Id: d8900fbc-2de6-4085-a2c5-2d02ab898737, Nodes: b62a6e62-05c5-4b06-91dc-725b110dfd52{ip: 192.168.5.177, host: byscane-nightly-5w6vj-1288709143, networkLocation: /default-rack, certSerialId: null}17c291a8-e7ad-46d9-a2ed-c76b788eab4f{ip: 192.168.5.177, host: byscane-nightly-5w6vj-1288709143, networkLocation: /default-rack, certSerialId: null}1bfa9654-7d7b-491a-884c-918bbb9d6c3f{ip: 192.168.5.177, host: byscane-nightly-5w6vj-1288709143, networkLocation: /default-rack, certSerialId: null}, Type:RATIS, Factor:THREE, State:OPEN]
2019-07-30 17:29:38,366 INFO  net.NetworkTopology (NetworkTopologyImpl.java:add(110)) - Added a new node: /default-rack/31a59b49-0d6e-4847-9fd7-4dce12dbd624
2019-07-30 17:29:38,367 INFO  node.SCMNodeManager (SCMNodeManager.java:register(273)) - Registered Data node : 31a59b49-0d6e-4847-9fd7-4dce12dbd624{ip: 192.168.5.177, host: byscane-nightly-5w6vj-1288709143, networkLocation: /default-rack, certSerialId: null}
2019-07-30 17:29:38,382 INFO  impl.RaftServerProxy (RaftServerProxy.java:addNew(89)) - 31a59b49-0d6e-4847-9fd7-4dce12dbd624: addNew group-CEE528F16015:[31a59b49-0d6e-4847-9fd7-4dce12dbd624:192.168.5.177:33799] returns group-CEE528F16015:java.util.concurrent.CompletableFuture@5cbe8b2b[Not completed]
2019-07-30 17:29:38,388 INFO  impl.RaftServerImpl (RaftServerImpl.java:<init>(93)) - 31a59b49-0d6e-4847-9fd7-4dce12dbd624: new RaftServerImpl for group-CEE528F16015:[31a59b49-0d6e-4847-9fd7-4dce12dbd624:192.168.5.177:33799] with ContainerStateMachine:uninitialized
2019-07-30 17:29:38,388 INFO  server.RaftServerConfigKeys (ConfUtils.java:logGet(43)) - raft.server.rpc.timeout.min = 5s (custom)
2019-07-30 17:29:38,389 INFO  server.RaftServerConfigKeys (ConfUtils.java:logGet(43)) - raft.server.rpc.timeout.max = 5200ms (custom)
2019-07-30 17:29:38,389 INFO  server.RaftServerConfigKeys (ConfUtils.java:logGet(43)) - raft.server.rpcslowness.timeout = 120s (custom)
2019-07-30 17:29:38,389 INFO  server.RaftServerConfigKeys (ConfUtils.java:logGet(43)) - raft.server.sleep.deviation.threshold = 300 (default)
2019-07-30 17:29:38,389 INFO  server.RaftServerConfigKeys (ConfUtils.java:logGet(43)) - raft.server.log.appender.install.snapshot.enabled = false (custom)
2019-07-30 17:29:38,389 INFO  impl.RaftServerImpl (ServerState.java:<init>(105)) - 31a59b49-0d6e-4847-9fd7-4dce12dbd624:group-CEE528F16015 ConfigurationManager, init=-1: [31a59b49-0d6e-4847-9fd7-4dce12dbd624:192.168.5.177:33799], old=null, confs=<EMPTY_MAP>
2019-07-30 17:29:38,390 INFO  server.RaftServerConfigKeys (ConfUtils.java:logGet(43)) - raft.server.storage.dir = [/workdir/hadoop-ozone/integration-test/target/test-dir/MiniOzoneClusterImpl-2cb30d7a-e74d-4778-a9d8-49d98bdf9b48/datanode-3/data/ratis] (custom)
2019-07-30 17:29:38,390 INFO  storage.RaftStorageDirectory (RaftStorageDirectory.java:analyzeStorage(246)) - The storage directory /workdir/hadoop-ozone/integration-test/target/test-dir/MiniOzoneClusterImpl-2cb30d7a-e74d-4778-a9d8-49d98bdf9b48/datanode-3/data/ratis/720d5d91-bc16-44a8-a699-cee528f16015 does not exist. Creating ...
2019-07-30 17:29:38,397 INFO  storage.RaftStorageDirectory (RaftStorageDirectory.java:tryLock(328)) - Lock on /workdir/hadoop-ozone/integration-test/target/test-dir/MiniOzoneClusterImpl-2cb30d7a-e74d-4778-a9d8-49d98bdf9b48/datanode-3/data/ratis/720d5d91-bc16-44a8-a699-cee528f16015/in_use.lock acquired by nodename 12726@byscane-nightly-5w6vj-1288709143
2019-07-30 17:29:38,402 INFO  storage.RaftStorage (RaftStorage.java:format(72)) - Storage directory /workdir/hadoop-ozone/integration-test/target/test-dir/MiniOzoneClusterImpl-2cb30d7a-e74d-4778-a9d8-49d98bdf9b48/datanode-3/data/ratis/720d5d91-bc16-44a8-a699-cee528f16015 has been successfully formatted.
2019-07-30 17:29:38,403 INFO  ratis.ContainerStateMachine (ContainerStateMachine.java:loadSnapshot(213)) - group-CEE528F16015: The snapshot info is null. Setting the last applied indexto:(t:0, i:~)
2019-07-30 17:29:38,403 INFO  server.RaftServerConfigKeys (ConfUtils.java:logGet(43)) - raft.server.leader.election.timeout = 120s (custom)
2019-07-30 17:29:38,403 INFO  server.RaftServerConfigKeys (ConfUtils.java:logGet(43)) - raft.server.log.use.memory = false (default)
2019-07-30 17:29:38,403 INFO  server.RaftServerConfigKeys (ConfUtils.java:logGet(43)) - raft.server.log.purge.gap = 1000000000 (custom)
2019-07-30 17:29:38,404 INFO  server.RaftServerConfigKeys (ConfUtils.java:logGet(43)) - raft.server.log.appender.buffer.byte-limit = 33554432 (custom)
2019-07-30 17:29:38,404 INFO  server.RaftServerConfigKeys (ConfUtils.java:logGet(43)) - raft.server.log.segment.size.max = 1048576 (custom)
2019-07-30 17:29:38,404 INFO  server.RaftServerConfigKeys (ConfUtils.java:logGet(43)) - raft.server.log.segment.cache.num.max = 2 (custom)
2019-07-30 17:29:38,404 INFO  segmented.SegmentedRaftLogWorker (SegmentedRaftLogWorker.java:<init>(172)) - new 31a59b49-0d6e-4847-9fd7-4dce12dbd624-SegmentedRaftLogWorker:Storage Directory /workdir/hadoop-ozone/integration-test/target/test-dir/MiniOzoneClusterImpl-2cb30d7a-e74d-4778-a9d8-49d98bdf9b48/datanode-3/data/ratis/720d5d91-bc16-44a8-a699-cee528f16015 for RaftStorage:Storage Directory /workdir/hadoop-ozone/integration-test/target/test-dir/MiniOzoneClusterImpl-2cb30d7a-e74d-4778-a9d8-49d98bdf9b48/datanode-3/data/ratis/720d5d91-bc16-44a8-a699-cee528f16015
2019-07-30 17:29:38,404 INFO  server.RaftServerConfigKeys (ConfUtils.java:logGet(43)) - raft.server.log.queue.byte-limit = 2147483647 (custom)
2019-07-30 17:29:38,405 INFO  server.RaftServerConfigKeys (ConfUtils.java:logGet(43)) - raft.server.log.queue.element-limit = 1024 (custom)
2019-07-30 17:29:38,405 INFO  server.RaftServerConfigKeys (ConfUtils.java:logGet(43)) - raft.server.log.segment.size.max = 1048576 (custom)
2019-07-30 17:29:38,405 INFO  server.RaftServerConfigKeys (ConfUtils.java:logGet(43)) - raft.server.log.preallocated.size = 16384 (custom)
2019-07-30 17:29:38,406 INFO  server.RaftServerConfigKeys (ConfUtils.java:logGet(43)) - raft.server.log.write.buffer.size = 33554432 (custom)
2019-07-30 17:29:38,406 INFO  server.RaftServerConfigKeys (ConfUtils.java:logGet(43)) - raft.server.log.force.sync.num = 128 (default)
2019-07-30 17:29:38,406 INFO  server.RaftServerConfigKeys (ConfUtils.java:logGet(43)) - raft.server.log.statemachine.data.sync = true (default)
2019-07-30 17:29:38,406 INFO  server.RaftServerConfigKeys (ConfUtils.java:logGet(43)) - raft.server.log.statemachine.data.sync.timeout = 10s (default)
2019-07-30 17:29:38,406 INFO  server.RaftServerConfigKeys (ConfUtils.java:logGet(43)) - raft.server.log.statemachine.data.sync.timeout.retry = -1 (default)
2019-07-30 17:29:38,407 INFO  server.RaftServerConfigKeys (ConfUtils.java:logGet(43)) - raft.server.log.statemachine.data.caching.enabled = true (custom)
2019-07-30 17:29:38,407 INFO  segmented.SegmentedRaftLogWorker (SegmentedRaftLogWorker.java:lambda$new$0(132)) - 31a59b49-0d6e-4847-9fd7-4dce12dbd624-SegmentedRaftLogWorker:Storage Directory /workdir/hadoop-ozone/integration-test/target/test-dir/MiniOzoneClusterImpl-2cb30d7a-e74d-4778-a9d8-49d98bdf9b48/datanode-3/data/ratis/720d5d91-bc16-44a8-a699-cee528f16015: flushIndex: setUnconditionally 0 -> -1
2019-07-30 17:29:38,408 INFO  server.RaftServerConfigKeys (ConfUtils.java:logGet(43)) - raft.server.snapshot.auto.trigger.enabled = true (custom)
2019-07-30 17:29:38,408 INFO  server.RaftServerConfigKeys (ConfUtils.java:logGet(43)) - raft.server.snapshot.auto.trigger.threshold = 10000 (custom)
2019-07-30 17:29:38,408 INFO  server.RaftServerConfigKeys (ConfUtils.java:logGet(43)) - raft.server.retrycache.expirytime = 600000ms (custom)
2019-07-30 17:29:38,409 INFO  impl.RaftServerImpl (RaftServerImpl.java:start(180)) - 31a59b49-0d6e-4847-9fd7-4dce12dbd624: start group-CEE528F16015
2019-07-30 17:29:38,409 INFO  impl.RaftServerImpl (RaftServerImpl.java:setRole(171)) - 31a59b49-0d6e-4847-9fd7-4dce12dbd624:group-CEE528F16015 changes role from null to FOLLOWER at term 0 for startAsFollower
2019-07-30 17:29:38,409 INFO  impl.RoleInfo (RoleInfo.java:updateAndGet(143)) - 31a59b49-0d6e-4847-9fd7-4dce12dbd624: start FollowerState
2019-07-30 17:29:38,409 INFO  util.JmxRegister (JmxRegister.java:tryRegister(44)) - Successfully registered JMX Bean with object name Ratis:service=RaftServer,group=group-CEE528F16015,id=31a59b49-0d6e-4847-9fd7-4dce12dbd624
2019-07-30 17:29:38,412 INFO  pipeline.PipelineStateManager (PipelineStateManager.java:addPipeline(56)) - Created pipeline Pipeline[ Id: 720d5d91-bc16-44a8-a699-cee528f16015, Nodes: 31a59b49-0d6e-4847-9fd7-4dce12dbd624{ip: 192.168.5.177, host: byscane-nightly-5w6vj-1288709143, networkLocation: /default-rack, certSerialId: null}, Type:RATIS, Factor:ONE, State:OPEN]
2019-07-30 17:29:38,682 INFO  net.NetworkTopology (NetworkTopologyImpl.java:add(110)) - Added a new node: /default-rack/db4c36da-b98b-4ba5-a1c9-f857ffceeaab
2019-07-30 17:29:38,682 INFO  node.SCMNodeManager (SCMNodeManager.java:register(273)) - Registered Data node : db4c36da-b98b-4ba5-a1c9-f857ffceeaab{ip: 192.168.5.177, host: byscane-nightly-5w6vj-1288709143, networkLocation: /default-rack, certSerialId: null}
2019-07-30 17:29:38,700 INFO  impl.RaftServerProxy (RaftServerProxy.java:addNew(89)) - db4c36da-b98b-4ba5-a1c9-f857ffceeaab: addNew group-101D19A4408C:[db4c36da-b98b-4ba5-a1c9-f857ffceeaab:192.168.5.177:37378] returns group-101D19A4408C:java.util.concurrent.CompletableFuture@28e30fb4[Not completed]
2019-07-30 17:29:38,707 INFO  impl.RaftServerImpl (RaftServerImpl.java:<init>(93)) - db4c36da-b98b-4ba5-a1c9-f857ffceeaab: new RaftServerImpl for group-101D19A4408C:[db4c36da-b98b-4ba5-a1c9-f857ffceeaab:192.168.5.177:37378] with ContainerStateMachine:uninitialized
2019-07-30 17:29:38,707 INFO  server.RaftServerConfigKeys (ConfUtils.java:logGet(43)) - raft.server.rpc.timeout.min = 5s (custom)
2019-07-30 17:29:38,707 INFO  server.RaftServerConfigKeys (ConfUtils.java:logGet(43)) - raft.server.rpc.timeout.max = 5200ms (custom)
2019-07-30 17:29:38,708 INFO  server.RaftServerConfigKeys (ConfUtils.java:logGet(43)) - raft.server.rpcslowness.timeout = 120s (custom)
2019-07-30 17:29:38,708 INFO  server.RaftServerConfigKeys (ConfUtils.java:logGet(43)) - raft.server.sleep.deviation.threshold = 300 (default)
2019-07-30 17:29:38,708 INFO  server.RaftServerConfigKeys (ConfUtils.java:logGet(43)) - raft.server.log.appender.install.snapshot.enabled = false (custom)
2019-07-30 17:29:38,708 INFO  impl.RaftServerImpl (ServerState.java:<init>(105)) - db4c36da-b98b-4ba5-a1c9-f857ffceeaab:group-101D19A4408C ConfigurationManager, init=-1: [db4c36da-b98b-4ba5-a1c9-f857ffceeaab:192.168.5.177:37378], old=null, confs=<EMPTY_MAP>
2019-07-30 17:29:38,708 INFO  server.RaftServerConfigKeys (ConfUtils.java:logGet(43)) - raft.server.storage.dir = [/workdir/hadoop-ozone/integration-test/target/test-dir/MiniOzoneClusterImpl-2cb30d7a-e74d-4778-a9d8-49d98bdf9b48/datanode-4/data/ratis] (custom)
2019-07-30 17:29:38,709 INFO  storage.RaftStorageDirectory (RaftStorageDirectory.java:analyzeStorage(246)) - The storage directory /workdir/hadoop-ozone/integration-test/target/test-dir/MiniOzoneClusterImpl-2cb30d7a-e74d-4778-a9d8-49d98bdf9b48/datanode-4/data/ratis/25fdf89c-b358-4c4a-8bf1-101d19a4408c does not exist. Creating ...
2019-07-30 17:29:38,713 INFO  storage.RaftStorageDirectory (RaftStorageDirectory.java:tryLock(328)) - Lock on /workdir/hadoop-ozone/integration-test/target/test-dir/MiniOzoneClusterImpl-2cb30d7a-e74d-4778-a9d8-49d98bdf9b48/datanode-4/data/ratis/25fdf89c-b358-4c4a-8bf1-101d19a4408c/in_use.lock acquired by nodename 12726@byscane-nightly-5w6vj-1288709143
2019-07-30 17:29:38,717 INFO  storage.RaftStorage (RaftStorage.java:format(72)) - Storage directory /workdir/hadoop-ozone/integration-test/target/test-dir/MiniOzoneClusterImpl-2cb30d7a-e74d-4778-a9d8-49d98bdf9b48/datanode-4/data/ratis/25fdf89c-b358-4c4a-8bf1-101d19a4408c has been successfully formatted.
2019-07-30 17:29:38,717 INFO  ratis.ContainerStateMachine (ContainerStateMachine.java:loadSnapshot(213)) - group-101D19A4408C: The snapshot info is null. Setting the last applied indexto:(t:0, i:~)
2019-07-30 17:29:38,718 INFO  server.RaftServerConfigKeys (ConfUtils.java:logGet(43)) - raft.server.leader.election.timeout = 120s (custom)
2019-07-30 17:29:38,718 INFO  server.RaftServerConfigKeys (ConfUtils.java:logGet(43)) - raft.server.log.use.memory = false (default)
2019-07-30 17:29:38,718 INFO  server.RaftServerConfigKeys (ConfUtils.java:logGet(43)) - raft.server.log.purge.gap = 1000000000 (custom)
2019-07-30 17:29:38,718 INFO  server.RaftServerConfigKeys (ConfUtils.java:logGet(43)) - raft.server.log.appender.buffer.byte-limit = 33554432 (custom)
2019-07-30 17:29:38,719 INFO  server.RaftServerConfigKeys (ConfUtils.java:logGet(43)) - raft.server.log.segment.size.max = 1048576 (custom)
2019-07-30 17:29:38,719 INFO  server.RaftServerConfigKeys (ConfUtils.java:logGet(43)) - raft.server.log.segment.cache.num.max = 2 (custom)
2019-07-30 17:29:38,719 INFO  segmented.SegmentedRaftLogWorker (SegmentedRaftLogWorker.java:<init>(172)) - new db4c36da-b98b-4ba5-a1c9-f857ffceeaab-SegmentedRaftLogWorker:Storage Directory /workdir/hadoop-ozone/integration-test/target/test-dir/MiniOzoneClusterImpl-2cb30d7a-e74d-4778-a9d8-49d98bdf9b48/datanode-4/data/ratis/25fdf89c-b358-4c4a-8bf1-101d19a4408c for RaftStorage:Storage Directory /workdir/hadoop-ozone/integration-test/target/test-dir/MiniOzoneClusterImpl-2cb30d7a-e74d-4778-a9d8-49d98bdf9b48/datanode-4/data/ratis/25fdf89c-b358-4c4a-8bf1-101d19a4408c
2019-07-30 17:29:38,719 INFO  server.RaftServerConfigKeys (ConfUtils.java:logGet(43)) - raft.server.log.queue.byte-limit = 2147483647 (custom)
2019-07-30 17:29:38,720 INFO  server.RaftServerConfigKeys (ConfUtils.java:logGet(43)) - raft.server.log.queue.element-limit = 1024 (custom)
2019-07-30 17:29:38,720 INFO  server.RaftServerConfigKeys (ConfUtils.java:logGet(43)) - raft.server.log.segment.size.max = 1048576 (custom)
2019-07-30 17:29:38,720 INFO  server.RaftServerConfigKeys (ConfUtils.java:logGet(43)) - raft.server.log.preallocated.size = 16384 (custom)
2019-07-30 17:29:38,720 INFO  server.RaftServerConfigKeys (ConfUtils.java:logGet(43)) - raft.server.log.write.buffer.size = 33554432 (custom)
2019-07-30 17:29:38,721 INFO  server.RaftServerConfigKeys (ConfUtils.java:logGet(43)) - raft.server.log.force.sync.num = 128 (default)
2019-07-30 17:29:38,721 INFO  server.RaftServerConfigKeys (ConfUtils.java:logGet(43)) - raft.server.log.statemachine.data.sync = true (default)
2019-07-30 17:29:38,721 INFO  server.RaftServerConfigKeys (ConfUtils.java:logGet(43)) - raft.server.log.statemachine.data.sync.timeout = 10s (default)
2019-07-30 17:29:38,721 INFO  server.RaftServerConfigKeys (ConfUtils.java:logGet(43)) - raft.server.log.statemachine.data.sync.timeout.retry = -1 (default)
2019-07-30 17:29:38,722 INFO  server.RaftServerConfigKeys (ConfUtils.java:logGet(43)) - raft.server.log.statemachine.data.caching.enabled = true (custom)
2019-07-30 17:29:38,722 INFO  segmented.SegmentedRaftLogWorker (SegmentedRaftLogWorker.java:lambda$new$0(132)) - db4c36da-b98b-4ba5-a1c9-f857ffceeaab-SegmentedRaftLogWorker:Storage Directory /workdir/hadoop-ozone/integration-test/target/test-dir/MiniOzoneClusterImpl-2cb30d7a-e74d-4778-a9d8-49d98bdf9b48/datanode-4/data/ratis/25fdf89c-b358-4c4a-8bf1-101d19a4408c: flushIndex: setUnconditionally 0 -> -1
2019-07-30 17:29:38,723 INFO  server.RaftServerConfigKeys (ConfUtils.java:logGet(43)) - raft.server.snapshot.auto.trigger.enabled = true (custom)
2019-07-30 17:29:38,723 INFO  server.RaftServerConfigKeys (ConfUtils.java:logGet(43)) - raft.server.snapshot.auto.trigger.threshold = 10000 (custom)
2019-07-30 17:29:38,723 INFO  server.RaftServerConfigKeys (ConfUtils.java:logGet(43)) - raft.server.retrycache.expirytime = 600000ms (custom)
2019-07-30 17:29:38,724 INFO  impl.RaftServerImpl (RaftServerImpl.java:start(180)) - db4c36da-b98b-4ba5-a1c9-f857ffceeaab: start group-101D19A4408C
2019-07-30 17:29:38,724 INFO  impl.RaftServerImpl (RaftServerImpl.java:setRole(171)) - db4c36da-b98b-4ba5-a1c9-f857ffceeaab:group-101D19A4408C changes role from null to FOLLOWER at term 0 for startAsFollower
2019-07-30 17:29:38,724 INFO  impl.RoleInfo (RoleInfo.java:updateAndGet(143)) - db4c36da-b98b-4ba5-a1c9-f857ffceeaab: start FollowerState
2019-07-30 17:29:38,725 INFO  util.JmxRegister (JmxRegister.java:tryRegister(44)) - Successfully registered JMX Bean with object name Ratis:service=RaftServer,group=group-101D19A4408C,id=db4c36da-b98b-4ba5-a1c9-f857ffceeaab
2019-07-30 17:29:38,728 INFO  pipeline.PipelineStateManager (PipelineStateManager.java:addPipeline(56)) - Created pipeline Pipeline[ Id: 25fdf89c-b358-4c4a-8bf1-101d19a4408c, Nodes: db4c36da-b98b-4ba5-a1c9-f857ffceeaab{ip: 192.168.5.177, host: byscane-nightly-5w6vj-1288709143, networkLocation: /default-rack, certSerialId: null}, Type:RATIS, Factor:ONE, State:OPEN]
2019-07-30 17:29:38,920 INFO  net.NetworkTopology (NetworkTopologyImpl.java:add(110)) - Added a new node: /default-rack/ff2430b7-14fd-494f-a51d-9dc76984be1f
2019-07-30 17:29:38,920 INFO  node.SCMNodeManager (SCMNodeManager.java:register(273)) - Registered Data node : ff2430b7-14fd-494f-a51d-9dc76984be1f{ip: 192.168.5.177, host: byscane-nightly-5w6vj-1288709143, networkLocation: /default-rack, certSerialId: null}
2019-07-30 17:29:38,933 INFO  impl.RaftServerProxy (RaftServerProxy.java:addNew(89)) - ff2430b7-14fd-494f-a51d-9dc76984be1f: addNew group-4B39DBF03CAF:[ff2430b7-14fd-494f-a51d-9dc76984be1f:192.168.5.177:44003] returns group-4B39DBF03CAF:java.util.concurrent.CompletableFuture@420c4f67[Not completed]
2019-07-30 17:29:38,939 INFO  impl.RaftServerImpl (RaftServerImpl.java:<init>(93)) - ff2430b7-14fd-494f-a51d-9dc76984be1f: new RaftServerImpl for group-4B39DBF03CAF:[ff2430b7-14fd-494f-a51d-9dc76984be1f:192.168.5.177:44003] with ContainerStateMachine:uninitialized
2019-07-30 17:29:38,939 INFO  server.RaftServerConfigKeys (ConfUtils.java:logGet(43)) - raft.server.rpc.timeout.min = 5s (custom)
2019-07-30 17:29:38,939 INFO  server.RaftServerConfigKeys (ConfUtils.java:logGet(43)) - raft.server.rpc.timeout.max = 5200ms (custom)
2019-07-30 17:29:38,939 INFO  server.RaftServerConfigKeys (ConfUtils.java:logGet(43)) - raft.server.rpcslowness.timeout = 120s (custom)
2019-07-30 17:29:38,939 INFO  server.RaftServerConfigKeys (ConfUtils.java:logGet(43)) - raft.server.sleep.deviation.threshold = 300 (default)
2019-07-30 17:29:38,940 INFO  server.RaftServerConfigKeys (ConfUtils.java:logGet(43)) - raft.server.log.appender.install.snapshot.enabled = false (custom)
2019-07-30 17:29:38,940 INFO  impl.RaftServerImpl (ServerState.java:<init>(105)) - ff2430b7-14fd-494f-a51d-9dc76984be1f:group-4B39DBF03CAF ConfigurationManager, init=-1: [ff2430b7-14fd-494f-a51d-9dc76984be1f:192.168.5.177:44003], old=null, confs=<EMPTY_MAP>
2019-07-30 17:29:38,940 INFO  server.RaftServerConfigKeys (ConfUtils.java:logGet(43)) - raft.server.storage.dir = [/workdir/hadoop-ozone/integration-test/target/test-dir/MiniOzoneClusterImpl-2cb30d7a-e74d-4778-a9d8-49d98bdf9b48/datanode-5/data/ratis] (custom)
2019-07-30 17:29:38,940 INFO  storage.RaftStorageDirectory (RaftStorageDirectory.java:analyzeStorage(246)) - The storage directory /workdir/hadoop-ozone/integration-test/target/test-dir/MiniOzoneClusterImpl-2cb30d7a-e74d-4778-a9d8-49d98bdf9b48/datanode-5/data/ratis/00d1c817-aeb5-4798-acc1-4b39dbf03caf does not exist. Creating ...
2019-07-30 17:29:38,960 INFO  storage.RaftStorageDirectory (RaftStorageDirectory.java:tryLock(328)) - Lock on /workdir/hadoop-ozone/integration-test/target/test-dir/MiniOzoneClusterImpl-2cb30d7a-e74d-4778-a9d8-49d98bdf9b48/datanode-5/data/ratis/00d1c817-aeb5-4798-acc1-4b39dbf03caf/in_use.lock acquired by nodename 12726@byscane-nightly-5w6vj-1288709143
2019-07-30 17:29:38,964 INFO  storage.RaftStorage (RaftStorage.java:format(72)) - Storage directory /workdir/hadoop-ozone/integration-test/target/test-dir/MiniOzoneClusterImpl-2cb30d7a-e74d-4778-a9d8-49d98bdf9b48/datanode-5/data/ratis/00d1c817-aeb5-4798-acc1-4b39dbf03caf has been successfully formatted.
2019-07-30 17:29:38,964 INFO  ratis.ContainerStateMachine (ContainerStateMachine.java:loadSnapshot(213)) - group-4B39DBF03CAF: The snapshot info is null. Setting the last applied indexto:(t:0, i:~)
2019-07-30 17:29:38,964 INFO  server.RaftServerConfigKeys (ConfUtils.java:logGet(43)) - raft.server.leader.election.timeout = 120s (custom)
2019-07-30 17:29:38,964 INFO  server.RaftServerConfigKeys (ConfUtils.java:logGet(43)) - raft.server.log.use.memory = false (default)
2019-07-30 17:29:38,965 INFO  server.RaftServerConfigKeys (ConfUtils.java:logGet(43)) - raft.server.log.purge.gap = 1000000000 (custom)
2019-07-30 17:29:38,965 INFO  server.RaftServerConfigKeys (ConfUtils.java:logGet(43)) - raft.server.log.appender.buffer.byte-limit = 33554432 (custom)
2019-07-30 17:29:38,965 INFO  server.RaftServerConfigKeys (ConfUtils.java:logGet(43)) - raft.server.log.segment.size.max = 1048576 (custom)
2019-07-30 17:29:38,965 INFO  server.RaftServerConfigKeys (ConfUtils.java:logGet(43)) - raft.server.log.segment.cache.num.max = 2 (custom)
2019-07-30 17:29:38,966 INFO  segmented.SegmentedRaftLogWorker (SegmentedRaftLogWorker.java:<init>(172)) - new ff2430b7-14fd-494f-a51d-9dc76984be1f-SegmentedRaftLogWorker:Storage Directory /workdir/hadoop-ozone/integration-test/target/test-dir/MiniOzoneClusterImpl-2cb30d7a-e74d-4778-a9d8-49d98bdf9b48/datanode-5/data/ratis/00d1c817-aeb5-4798-acc1-4b39dbf03caf for RaftStorage:Storage Directory /workdir/hadoop-ozone/integration-test/target/test-dir/MiniOzoneClusterImpl-2cb30d7a-e74d-4778-a9d8-49d98bdf9b48/datanode-5/data/ratis/00d1c817-aeb5-4798-acc1-4b39dbf03caf
2019-07-30 17:29:38,966 INFO  server.RaftServerConfigKeys (ConfUtils.java:logGet(43)) - raft.server.log.queue.byte-limit = 2147483647 (custom)
2019-07-30 17:29:38,966 INFO  server.RaftServerConfigKeys (ConfUtils.java:logGet(43)) - raft.server.log.queue.element-limit = 1024 (custom)
2019-07-30 17:29:38,966 INFO  server.RaftServerConfigKeys (ConfUtils.java:logGet(43)) - raft.server.log.segment.size.max = 1048576 (custom)
2019-07-30 17:29:38,967 INFO  server.RaftServerConfigKeys (ConfUtils.java:logGet(43)) - raft.server.log.preallocated.size = 16384 (custom)
2019-07-30 17:29:38,967 INFO  server.RaftServerConfigKeys (ConfUtils.java:logGet(43)) - raft.server.log.write.buffer.size = 33554432 (custom)
2019-07-30 17:29:38,967 INFO  server.RaftServerConfigKeys (ConfUtils.java:logGet(43)) - raft.server.log.force.sync.num = 128 (default)
2019-07-30 17:29:38,967 INFO  server.RaftServerConfigKeys (ConfUtils.java:logGet(43)) - raft.server.log.statemachine.data.sync = true (default)
2019-07-30 17:29:38,967 INFO  server.RaftServerConfigKeys (ConfUtils.java:logGet(43)) - raft.server.log.statemachine.data.sync.timeout = 10s (default)
2019-07-30 17:29:38,968 INFO  server.RaftServerConfigKeys (ConfUtils.java:logGet(43)) - raft.server.log.statemachine.data.sync.timeout.retry = -1 (default)
2019-07-30 17:29:38,968 INFO  server.RaftServerConfigKeys (ConfUtils.java:logGet(43)) - raft.server.log.statemachine.data.caching.enabled = true (custom)
2019-07-30 17:29:38,968 INFO  segmented.SegmentedRaftLogWorker (SegmentedRaftLogWorker.java:lambda$new$0(132)) - ff2430b7-14fd-494f-a51d-9dc76984be1f-SegmentedRaftLogWorker:Storage Directory /workdir/hadoop-ozone/integration-test/target/test-dir/MiniOzoneClusterImpl-2cb30d7a-e74d-4778-a9d8-49d98bdf9b48/datanode-5/data/ratis/00d1c817-aeb5-4798-acc1-4b39dbf03caf: flushIndex: setUnconditionally 0 -> -1
2019-07-30 17:29:38,969 INFO  server.RaftServerConfigKeys (ConfUtils.java:logGet(43)) - raft.server.snapshot.auto.trigger.enabled = true (custom)
2019-07-30 17:29:38,969 INFO  server.RaftServerConfigKeys (ConfUtils.java:logGet(43)) - raft.server.snapshot.auto.trigger.threshold = 10000 (custom)
2019-07-30 17:29:38,969 INFO  server.RaftServerConfigKeys (ConfUtils.java:logGet(43)) - raft.server.retrycache.expirytime = 600000ms (custom)
2019-07-30 17:29:38,970 INFO  impl.RaftServerImpl (RaftServerImpl.java:start(180)) - ff2430b7-14fd-494f-a51d-9dc76984be1f: start group-4B39DBF03CAF
2019-07-30 17:29:38,970 INFO  impl.RaftServerImpl (RaftServerImpl.java:setRole(171)) - ff2430b7-14fd-494f-a51d-9dc76984be1f:group-4B39DBF03CAF changes role from null to FOLLOWER at term 0 for startAsFollower
2019-07-30 17:29:38,970 INFO  impl.RoleInfo (RoleInfo.java:updateAndGet(143)) - ff2430b7-14fd-494f-a51d-9dc76984be1f: start FollowerState
2019-07-30 17:29:38,970 INFO  util.JmxRegister (JmxRegister.java:tryRegister(44)) - Successfully registered JMX Bean with object name Ratis:service=RaftServer,group=group-4B39DBF03CAF,id=ff2430b7-14fd-494f-a51d-9dc76984be1f
2019-07-30 17:29:38,974 INFO  pipeline.PipelineStateManager (PipelineStateManager.java:addPipeline(56)) - Created pipeline Pipeline[ Id: 00d1c817-aeb5-4798-acc1-4b39dbf03caf, Nodes: ff2430b7-14fd-494f-a51d-9dc76984be1f{ip: 192.168.5.177, host: byscane-nightly-5w6vj-1288709143, networkLocation: /default-rack, certSerialId: null}, Type:RATIS, Factor:ONE, State:OPEN]
2019-07-30 17:29:38,994 INFO  impl.RaftServerProxy (RaftServerProxy.java:addNew(89)) - 31a59b49-0d6e-4847-9fd7-4dce12dbd624: addNew group-051042233452:[31a59b49-0d6e-4847-9fd7-4dce12dbd624:192.168.5.177:33799, ff2430b7-14fd-494f-a51d-9dc76984be1f:192.168.5.177:44003, db4c36da-b98b-4ba5-a1c9-f857ffceeaab:192.168.5.177:37378] returns group-051042233452:java.util.concurrent.CompletableFuture@58299d4f[Not completed]
2019-07-30 17:29:38,997 INFO  impl.RaftServerProxy (RaftServerProxy.java:addNew(89)) - ff2430b7-14fd-494f-a51d-9dc76984be1f: addNew group-051042233452:[31a59b49-0d6e-4847-9fd7-4dce12dbd624:192.168.5.177:33799, ff2430b7-14fd-494f-a51d-9dc76984be1f:192.168.5.177:44003, db4c36da-b98b-4ba5-a1c9-f857ffceeaab:192.168.5.177:37378] returns group-051042233452:java.util.concurrent.CompletableFuture@7cd537b0[Not completed]
2019-07-30 17:29:38,997 INFO  impl.RaftServerImpl (RaftServerImpl.java:<init>(93)) - 31a59b49-0d6e-4847-9fd7-4dce12dbd624: new RaftServerImpl for group-051042233452:[31a59b49-0d6e-4847-9fd7-4dce12dbd624:192.168.5.177:33799, ff2430b7-14fd-494f-a51d-9dc76984be1f:192.168.5.177:44003, db4c36da-b98b-4ba5-a1c9-f857ffceeaab:192.168.5.177:37378] with ContainerStateMachine:uninitialized
2019-07-30 17:29:39,000 INFO  server.RaftServerConfigKeys (ConfUtils.java:logGet(43)) - raft.server.rpc.timeout.min = 5s (custom)
2019-07-30 17:29:39,000 INFO  server.RaftServerConfigKeys (ConfUtils.java:logGet(43)) - raft.server.rpc.timeout.max = 5200ms (custom)
2019-07-30 17:29:39,000 INFO  impl.RaftServerProxy (RaftServerProxy.java:addNew(89)) - db4c36da-b98b-4ba5-a1c9-f857ffceeaab: addNew group-051042233452:[31a59b49-0d6e-4847-9fd7-4dce12dbd624:192.168.5.177:33799, ff2430b7-14fd-494f-a51d-9dc76984be1f:192.168.5.177:44003, db4c36da-b98b-4ba5-a1c9-f857ffceeaab:192.168.5.177:37378] returns group-051042233452:java.util.concurrent.CompletableFuture@1a8ac3d1[Not completed]
2019-07-30 17:29:39,000 INFO  impl.RaftServerImpl (RaftServerImpl.java:<init>(93)) - ff2430b7-14fd-494f-a51d-9dc76984be1f: new RaftServerImpl for group-051042233452:[31a59b49-0d6e-4847-9fd7-4dce12dbd624:192.168.5.177:33799, ff2430b7-14fd-494f-a51d-9dc76984be1f:192.168.5.177:44003, db4c36da-b98b-4ba5-a1c9-f857ffceeaab:192.168.5.177:37378] with ContainerStateMachine:uninitialized
2019-07-30 17:29:39,000 INFO  server.RaftServerConfigKeys (ConfUtils.java:logGet(43)) - raft.server.rpcslowness.timeout = 120s (custom)
2019-07-30 17:29:39,000 INFO  server.RaftServerConfigKeys (ConfUtils.java:logGet(43)) - raft.server.rpc.timeout.min = 5s (custom)
2019-07-30 17:29:39,000 INFO  server.RaftServerConfigKeys (ConfUtils.java:logGet(43)) - raft.server.sleep.deviation.threshold = 300 (default)
2019-07-30 17:29:39,001 INFO  server.RaftServerConfigKeys (ConfUtils.java:logGet(43)) - raft.server.rpc.timeout.max = 5200ms (custom)
2019-07-30 17:29:39,001 INFO  server.RaftServerConfigKeys (ConfUtils.java:logGet(43)) - raft.server.log.appender.install.snapshot.enabled = false (custom)
2019-07-30 17:29:39,001 INFO  impl.RaftServerImpl (RaftServerImpl.java:<init>(93)) - db4c36da-b98b-4ba5-a1c9-f857ffceeaab: new RaftServerImpl for group-051042233452:[31a59b49-0d6e-4847-9fd7-4dce12dbd624:192.168.5.177:33799, ff2430b7-14fd-494f-a51d-9dc76984be1f:192.168.5.177:44003, db4c36da-b98b-4ba5-a1c9-f857ffceeaab:192.168.5.177:37378] with ContainerStateMachine:uninitialized
2019-07-30 17:29:39,001 INFO  server.RaftServerConfigKeys (ConfUtils.java:logGet(43)) - raft.server.rpcslowness.timeout = 120s (custom)
2019-07-30 17:29:39,001 INFO  server.RaftServerConfigKeys (ConfUtils.java:logGet(43)) - raft.server.rpc.timeout.min = 5s (custom)
2019-07-30 17:29:39,001 INFO  impl.RaftServerImpl (ServerState.java:<init>(105)) - 31a59b49-0d6e-4847-9fd7-4dce12dbd624:group-051042233452 ConfigurationManager, init=-1: [31a59b49-0d6e-4847-9fd7-4dce12dbd624:192.168.5.177:33799, ff2430b7-14fd-494f-a51d-9dc76984be1f:192.168.5.177:44003, db4c36da-b98b-4ba5-a1c9-f857ffceeaab:192.168.5.177:37378], old=null, confs=<EMPTY_MAP>
2019-07-30 17:29:39,002 INFO  server.RaftServerConfigKeys (ConfUtils.java:logGet(43)) - raft.server.rpc.timeout.max = 5200ms (custom)
2019-07-30 17:29:39,001 INFO  server.RaftServerConfigKeys (ConfUtils.java:logGet(43)) - raft.server.sleep.deviation.threshold = 300 (default)
2019-07-30 17:29:39,002 INFO  server.RaftServerConfigKeys (ConfUtils.java:logGet(43)) - raft.server.rpcslowness.timeout = 120s (custom)
2019-07-30 17:29:39,002 INFO  server.RaftServerConfigKeys (ConfUtils.java:logGet(43)) - raft.server.storage.dir = [/workdir/hadoop-ozone/integration-test/target/test-dir/MiniOzoneClusterImpl-2cb30d7a-e74d-4778-a9d8-49d98bdf9b48/datanode-3/data/ratis] (custom)
2019-07-30 17:29:39,002 INFO  server.RaftServerConfigKeys (ConfUtils.java:logGet(43)) - raft.server.sleep.deviation.threshold = 300 (default)
2019-07-30 17:29:39,002 INFO  server.RaftServerConfigKeys (ConfUtils.java:logGet(43)) - raft.server.log.appender.install.snapshot.enabled = false (custom)
2019-07-30 17:29:39,002 INFO  server.RaftServerConfigKeys (ConfUtils.java:logGet(43)) - raft.server.log.appender.install.snapshot.enabled = false (custom)
2019-07-30 17:29:39,003 INFO  impl.RaftServerImpl (ServerState.java:<init>(105)) - db4c36da-b98b-4ba5-a1c9-f857ffceeaab:group-051042233452 ConfigurationManager, init=-1: [31a59b49-0d6e-4847-9fd7-4dce12dbd624:192.168.5.177:33799, ff2430b7-14fd-494f-a51d-9dc76984be1f:192.168.5.177:44003, db4c36da-b98b-4ba5-a1c9-f857ffceeaab:192.168.5.177:37378], old=null, confs=<EMPTY_MAP>
2019-07-30 17:29:39,003 INFO  storage.RaftStorageDirectory (RaftStorageDirectory.java:analyzeStorage(246)) - The storage directory /workdir/hadoop-ozone/integration-test/target/test-dir/MiniOzoneClusterImpl-2cb30d7a-e74d-4778-a9d8-49d98bdf9b48/datanode-3/data/ratis/d4ec5d87-636e-46ae-b9b0-051042233452 does not exist. Creating ...
2019-07-30 17:29:39,003 INFO  impl.RaftServerImpl (ServerState.java:<init>(105)) - ff2430b7-14fd-494f-a51d-9dc76984be1f:group-051042233452 ConfigurationManager, init=-1: [31a59b49-0d6e-4847-9fd7-4dce12dbd624:192.168.5.177:33799, ff2430b7-14fd-494f-a51d-9dc76984be1f:192.168.5.177:44003, db4c36da-b98b-4ba5-a1c9-f857ffceeaab:192.168.5.177:37378], old=null, confs=<EMPTY_MAP>
2019-07-30 17:29:39,003 INFO  server.RaftServerConfigKeys (ConfUtils.java:logGet(43)) - raft.server.storage.dir = [/workdir/hadoop-ozone/integration-test/target/test-dir/MiniOzoneClusterImpl-2cb30d7a-e74d-4778-a9d8-49d98bdf9b48/datanode-4/data/ratis] (custom)
2019-07-30 17:29:39,003 INFO  server.RaftServerConfigKeys (ConfUtils.java:logGet(43)) - raft.server.storage.dir = [/workdir/hadoop-ozone/integration-test/target/test-dir/MiniOzoneClusterImpl-2cb30d7a-e74d-4778-a9d8-49d98bdf9b48/datanode-5/data/ratis] (custom)
2019-07-30 17:29:39,004 INFO  storage.RaftStorageDirectory (RaftStorageDirectory.java:analyzeStorage(246)) - The storage directory /workdir/hadoop-ozone/integration-test/target/test-dir/MiniOzoneClusterImpl-2cb30d7a-e74d-4778-a9d8-49d98bdf9b48/datanode-4/data/ratis/d4ec5d87-636e-46ae-b9b0-051042233452 does not exist. Creating ...
2019-07-30 17:29:39,004 INFO  storage.RaftStorageDirectory (RaftStorageDirectory.java:analyzeStorage(246)) - The storage directory /workdir/hadoop-ozone/integration-test/target/test-dir/MiniOzoneClusterImpl-2cb30d7a-e74d-4778-a9d8-49d98bdf9b48/datanode-5/data/ratis/d4ec5d87-636e-46ae-b9b0-051042233452 does not exist. Creating ...
2019-07-30 17:29:39,016 INFO  storage.RaftStorageDirectory (RaftStorageDirectory.java:tryLock(328)) - Lock on /workdir/hadoop-ozone/integration-test/target/test-dir/MiniOzoneClusterImpl-2cb30d7a-e74d-4778-a9d8-49d98bdf9b48/datanode-5/data/ratis/d4ec5d87-636e-46ae-b9b0-051042233452/in_use.lock acquired by nodename 12726@byscane-nightly-5w6vj-1288709143
2019-07-30 17:29:39,016 INFO  storage.RaftStorageDirectory (RaftStorageDirectory.java:tryLock(328)) - Lock on /workdir/hadoop-ozone/integration-test/target/test-dir/MiniOzoneClusterImpl-2cb30d7a-e74d-4778-a9d8-49d98bdf9b48/datanode-3/data/ratis/d4ec5d87-636e-46ae-b9b0-051042233452/in_use.lock acquired by nodename 12726@byscane-nightly-5w6vj-1288709143
2019-07-30 17:29:39,016 INFO  storage.RaftStorageDirectory (RaftStorageDirectory.java:tryLock(328)) - Lock on /workdir/hadoop-ozone/integration-test/target/test-dir/MiniOzoneClusterImpl-2cb30d7a-e74d-4778-a9d8-49d98bdf9b48/datanode-4/data/ratis/d4ec5d87-636e-46ae-b9b0-051042233452/in_use.lock acquired by nodename 12726@byscane-nightly-5w6vj-1288709143
2019-07-30 17:29:39,020 INFO  storage.RaftStorage (RaftStorage.java:format(72)) - Storage directory /workdir/hadoop-ozone/integration-test/target/test-dir/MiniOzoneClusterImpl-2cb30d7a-e74d-4778-a9d8-49d98bdf9b48/datanode-3/data/ratis/d4ec5d87-636e-46ae-b9b0-051042233452 has been successfully formatted.
2019-07-30 17:29:39,020 INFO  storage.RaftStorage (RaftStorage.java:format(72)) - Storage directory /workdir/hadoop-ozone/integration-test/target/test-dir/MiniOzoneClusterImpl-2cb30d7a-e74d-4778-a9d8-49d98bdf9b48/datanode-4/data/ratis/d4ec5d87-636e-46ae-b9b0-051042233452 has been successfully formatted.
2019-07-30 17:29:39,020 INFO  storage.RaftStorage (RaftStorage.java:format(72)) - Storage directory /workdir/hadoop-ozone/integration-test/target/test-dir/MiniOzoneClusterImpl-2cb30d7a-e74d-4778-a9d8-49d98bdf9b48/datanode-5/data/ratis/d4ec5d87-636e-46ae-b9b0-051042233452 has been successfully formatted.
2019-07-30 17:29:39,021 INFO  ratis.ContainerStateMachine (ContainerStateMachine.java:loadSnapshot(213)) - group-051042233452: The snapshot info is null. Setting the last applied indexto:(t:0, i:~)
2019-07-30 17:29:39,021 INFO  ratis.ContainerStateMachine (ContainerStateMachine.java:loadSnapshot(213)) - group-051042233452: The snapshot info is null. Setting the last applied indexto:(t:0, i:~)
2019-07-30 17:29:39,021 INFO  ratis.ContainerStateMachine (ContainerStateMachine.java:loadSnapshot(213)) - group-051042233452: The snapshot info is null. Setting the last applied indexto:(t:0, i:~)
2019-07-30 17:29:39,021 INFO  server.RaftServerConfigKeys (ConfUtils.java:logGet(43)) - raft.server.leader.election.timeout = 120s (custom)
2019-07-30 17:29:39,021 INFO  server.RaftServerConfigKeys (ConfUtils.java:logGet(43)) - raft.server.leader.election.timeout = 120s (custom)
2019-07-30 17:29:39,022 INFO  server.RaftServerConfigKeys (ConfUtils.java:logGet(43)) - raft.server.log.use.memory = false (default)
2019-07-30 17:29:39,021 INFO  server.RaftServerConfigKeys (ConfUtils.java:logGet(43)) - raft.server.leader.election.timeout = 120s (custom)
2019-07-30 17:29:39,022 INFO  server.RaftServerConfigKeys (ConfUtils.java:logGet(43)) - raft.server.log.purge.gap = 1000000000 (custom)
2019-07-30 17:29:39,022 INFO  server.RaftServerConfigKeys (ConfUtils.java:logGet(43)) - raft.server.log.use.memory = false (default)
2019-07-30 17:29:39,022 INFO  server.RaftServerConfigKeys (ConfUtils.java:logGet(43)) - raft.server.log.appender.buffer.byte-limit = 33554432 (custom)
2019-07-30 17:29:39,022 INFO  server.RaftServerConfigKeys (ConfUtils.java:logGet(43)) - raft.server.log.use.memory = false (default)
2019-07-30 17:29:39,023 INFO  server.RaftServerConfigKeys (ConfUtils.java:logGet(43)) - raft.server.log.segment.size.max = 1048576 (custom)
2019-07-30 17:29:39,022 INFO  server.RaftServerConfigKeys (ConfUtils.java:logGet(43)) - raft.server.log.purge.gap = 1000000000 (custom)
2019-07-30 17:29:39,023 INFO  server.RaftServerConfigKeys (ConfUtils.java:logGet(43)) - raft.server.log.segment.cache.num.max = 2 (custom)
2019-07-30 17:29:39,023 INFO  server.RaftServerConfigKeys (ConfUtils.java:logGet(43)) - raft.server.log.purge.gap = 1000000000 (custom)
2019-07-30 17:29:39,023 INFO  segmented.SegmentedRaftLogWorker (SegmentedRaftLogWorker.java:<init>(172)) - new ff2430b7-14fd-494f-a51d-9dc76984be1f-SegmentedRaftLogWorker:Storage Directory /workdir/hadoop-ozone/integration-test/target/test-dir/MiniOzoneClusterImpl-2cb30d7a-e74d-4778-a9d8-49d98bdf9b48/datanode-5/data/ratis/d4ec5d87-636e-46ae-b9b0-051042233452 for RaftStorage:Storage Directory /workdir/hadoop-ozone/integration-test/target/test-dir/MiniOzoneClusterImpl-2cb30d7a-e74d-4778-a9d8-49d98bdf9b48/datanode-5/data/ratis/d4ec5d87-636e-46ae-b9b0-051042233452
2019-07-30 17:29:39,023 INFO  server.RaftServerConfigKeys (ConfUtils.java:logGet(43)) - raft.server.log.appender.buffer.byte-limit = 33554432 (custom)
2019-07-30 17:29:39,024 INFO  server.RaftServerConfigKeys (ConfUtils.java:logGet(43)) - raft.server.log.queue.byte-limit = 2147483647 (custom)
2019-07-30 17:29:39,023 INFO  server.RaftServerConfigKeys (ConfUtils.java:logGet(43)) - raft.server.log.appender.buffer.byte-limit = 33554432 (custom)
2019-07-30 17:29:39,024 INFO  server.RaftServerConfigKeys (ConfUtils.java:logGet(43)) - raft.server.log.queue.element-limit = 1024 (custom)
2019-07-30 17:29:39,024 INFO  server.RaftServerConfigKeys (ConfUtils.java:logGet(43)) - raft.server.log.segment.size.max = 1048576 (custom)
2019-07-30 17:29:39,024 INFO  server.RaftServerConfigKeys (ConfUtils.java:logGet(43)) - raft.server.log.segment.size.max = 1048576 (custom)
2019-07-30 17:29:39,024 INFO  server.RaftServerConfigKeys (ConfUtils.java:logGet(43)) - raft.server.log.segment.size.max = 1048576 (custom)
2019-07-30 17:29:39,025 INFO  server.RaftServerConfigKeys (ConfUtils.java:logGet(43)) - raft.server.log.preallocated.size = 16384 (custom)
2019-07-30 17:29:39,024 INFO  server.RaftServerConfigKeys (ConfUtils.java:logGet(43)) - raft.server.log.segment.cache.num.max = 2 (custom)
2019-07-30 17:29:39,025 INFO  server.RaftServerConfigKeys (ConfUtils.java:logGet(43)) - raft.server.log.write.buffer.size = 33554432 (custom)
2019-07-30 17:29:39,025 INFO  server.RaftServerConfigKeys (ConfUtils.java:logGet(43)) - raft.server.log.segment.cache.num.max = 2 (custom)
2019-07-30 17:29:39,025 INFO  server.RaftServerConfigKeys (ConfUtils.java:logGet(43)) - raft.server.log.force.sync.num = 128 (default)
2019-07-30 17:29:39,025 INFO  segmented.SegmentedRaftLogWorker (SegmentedRaftLogWorker.java:<init>(172)) - new db4c36da-b98b-4ba5-a1c9-f857ffceeaab-SegmentedRaftLogWorker:Storage Directory /workdir/hadoop-ozone/integration-test/target/test-dir/MiniOzoneClusterImpl-2cb30d7a-e74d-4778-a9d8-49d98bdf9b48/datanode-4/data/ratis/d4ec5d87-636e-46ae-b9b0-051042233452 for RaftStorage:Storage Directory /workdir/hadoop-ozone/integration-test/target/test-dir/MiniOzoneClusterImpl-2cb30d7a-e74d-4778-a9d8-49d98bdf9b48/datanode-4/data/ratis/d4ec5d87-636e-46ae-b9b0-051042233452
2019-07-30 17:29:39,026 INFO  server.RaftServerConfigKeys (ConfUtils.java:logGet(43)) - raft.server.log.statemachine.data.sync = true (default)
2019-07-30 17:29:39,025 INFO  segmented.SegmentedRaftLogWorker (SegmentedRaftLogWorker.java:<init>(172)) - new 31a59b49-0d6e-4847-9fd7-4dce12dbd624-SegmentedRaftLogWorker:Storage Directory /workdir/hadoop-ozone/integration-test/target/test-dir/MiniOzoneClusterImpl-2cb30d7a-e74d-4778-a9d8-49d98bdf9b48/datanode-3/data/ratis/d4ec5d87-636e-46ae-b9b0-051042233452 for RaftStorage:Storage Directory /workdir/hadoop-ozone/integration-test/target/test-dir/MiniOzoneClusterImpl-2cb30d7a-e74d-4778-a9d8-49d98bdf9b48/datanode-3/data/ratis/d4ec5d87-636e-46ae-b9b0-051042233452
2019-07-30 17:29:39,026 INFO  server.RaftServerConfigKeys (ConfUtils.java:logGet(43)) - raft.server.log.queue.byte-limit = 2147483647 (custom)
2019-07-30 17:29:39,026 INFO  server.RaftServerConfigKeys (ConfUtils.java:logGet(43)) - raft.server.log.statemachine.data.sync.timeout = 10s (default)
2019-07-30 17:29:39,026 INFO  server.RaftServerConfigKeys (ConfUtils.java:logGet(43)) - raft.server.log.queue.byte-limit = 2147483647 (custom)
2019-07-30 17:29:39,026 INFO  server.RaftServerConfigKeys (ConfUtils.java:logGet(43)) - raft.server.log.queue.element-limit = 1024 (custom)
2019-07-30 17:29:39,027 INFO  server.RaftServerConfigKeys (ConfUtils.java:logGet(43)) - raft.server.log.queue.element-limit = 1024 (custom)
2019-07-30 17:29:39,027 INFO  server.RaftServerConfigKeys (ConfUtils.java:logGet(43)) - raft.server.log.statemachine.data.sync.timeout.retry = -1 (default)
2019-07-30 17:29:39,027 INFO  server.RaftServerConfigKeys (ConfUtils.java:logGet(43)) - raft.server.log.segment.size.max = 1048576 (custom)
2019-07-30 17:29:39,027 INFO  server.RaftServerConfigKeys (ConfUtils.java:logGet(43)) - raft.server.log.segment.size.max = 1048576 (custom)
2019-07-30 17:29:39,027 INFO  server.RaftServerConfigKeys (ConfUtils.java:logGet(43)) - raft.server.log.statemachine.data.caching.enabled = true (custom)
2019-07-30 17:29:39,027 INFO  server.RaftServerConfigKeys (ConfUtils.java:logGet(43)) - raft.server.log.preallocated.size = 16384 (custom)
2019-07-30 17:29:39,027 INFO  server.RaftServerConfigKeys (ConfUtils.java:logGet(43)) - raft.server.log.preallocated.size = 16384 (custom)
2019-07-30 17:29:39,028 INFO  segmented.SegmentedRaftLogWorker (SegmentedRaftLogWorker.java:lambda$new$0(132)) - ff2430b7-14fd-494f-a51d-9dc76984be1f-SegmentedRaftLogWorker:Storage Directory /workdir/hadoop-ozone/integration-test/target/test-dir/MiniOzoneClusterImpl-2cb30d7a-e74d-4778-a9d8-49d98bdf9b48/datanode-5/data/ratis/d4ec5d87-636e-46ae-b9b0-051042233452: flushIndex: setUnconditionally 0 -> -1
2019-07-30 17:29:39,028 INFO  server.RaftServerConfigKeys (ConfUtils.java:logGet(43)) - raft.server.log.write.buffer.size = 33554432 (custom)
2019-07-30 17:29:39,028 INFO  server.RaftServerConfigKeys (ConfUtils.java:logGet(43)) - raft.server.log.write.buffer.size = 33554432 (custom)
2019-07-30 17:29:39,028 INFO  server.RaftServerConfigKeys (ConfUtils.java:logGet(43)) - raft.server.log.force.sync.num = 128 (default)
2019-07-30 17:29:39,028 INFO  server.RaftServerConfigKeys (ConfUtils.java:logGet(43)) - raft.server.log.force.sync.num = 128 (default)
2019-07-30 17:29:39,029 INFO  server.RaftServerConfigKeys (ConfUtils.java:logGet(43)) - raft.server.log.statemachine.data.sync = true (default)
2019-07-30 17:29:39,028 INFO  server.RaftServerConfigKeys (ConfUtils.java:logGet(43)) - raft.server.snapshot.auto.trigger.enabled = true (custom)
2019-07-30 17:29:39,029 INFO  server.RaftServerConfigKeys (ConfUtils.java:logGet(43)) - raft.server.log.statemachine.data.sync.timeout = 10s (default)
2019-07-30 17:29:39,028 INFO  server.RaftServerConfigKeys (ConfUtils.java:logGet(43)) - raft.server.log.statemachine.data.sync = true (default)
2019-07-30 17:29:39,029 INFO  server.RaftServerConfigKeys (ConfUtils.java:logGet(43)) - raft.server.log.statemachine.data.sync.timeout.retry = -1 (default)
2019-07-30 17:29:39,029 INFO  server.RaftServerConfigKeys (ConfUtils.java:logGet(43)) - raft.server.snapshot.auto.trigger.threshold = 10000 (custom)
2019-07-30 17:29:39,030 INFO  server.RaftServerConfigKeys (ConfUtils.java:logGet(43)) - raft.server.log.statemachine.data.caching.enabled = true (custom)
2019-07-30 17:29:39,029 INFO  server.RaftServerConfigKeys (ConfUtils.java:logGet(43)) - raft.server.log.statemachine.data.sync.timeout = 10s (default)
2019-07-30 17:29:39,030 INFO  server.RaftServerConfigKeys (ConfUtils.java:logGet(43)) - raft.server.retrycache.expirytime = 600000ms (custom)
2019-07-30 17:29:39,030 INFO  server.RaftServerConfigKeys (ConfUtils.java:logGet(43)) - raft.server.log.statemachine.data.sync.timeout.retry = -1 (default)
2019-07-30 17:29:39,030 INFO  impl.RaftServerImpl (RaftServerImpl.java:start(180)) - ff2430b7-14fd-494f-a51d-9dc76984be1f: start group-051042233452
2019-07-30 17:29:39,030 INFO  segmented.SegmentedRaftLogWorker (SegmentedRaftLogWorker.java:lambda$new$0(132)) - db4c36da-b98b-4ba5-a1c9-f857ffceeaab-SegmentedRaftLogWorker:Storage Directory /workdir/hadoop-ozone/integration-test/target/test-dir/MiniOzoneClusterImpl-2cb30d7a-e74d-4778-a9d8-49d98bdf9b48/datanode-4/data/ratis/d4ec5d87-636e-46ae-b9b0-051042233452: flushIndex: setUnconditionally 0 -> -1
2019-07-30 17:29:39,030 INFO  impl.RaftServerImpl (RaftServerImpl.java:setRole(171)) - ff2430b7-14fd-494f-a51d-9dc76984be1f:group-051042233452 changes role from null to FOLLOWER at term 0 for startAsFollower
2019-07-30 17:29:39,030 INFO  server.RaftServerConfigKeys (ConfUtils.java:logGet(43)) - raft.server.log.statemachine.data.caching.enabled = true (custom)
2019-07-30 17:29:39,031 INFO  server.RaftServerConfigKeys (ConfUtils.java:logGet(43)) - raft.server.snapshot.auto.trigger.enabled = true (custom)
2019-07-30 17:29:39,031 INFO  impl.RoleInfo (RoleInfo.java:updateAndGet(143)) - ff2430b7-14fd-494f-a51d-9dc76984be1f: start FollowerState
2019-07-30 17:29:39,031 INFO  server.RaftServerConfigKeys (ConfUtils.java:logGet(43)) - raft.server.snapshot.auto.trigger.threshold = 10000 (custom)
2019-07-30 17:29:39,031 INFO  segmented.SegmentedRaftLogWorker (SegmentedRaftLogWorker.java:lambda$new$0(132)) - 31a59b49-0d6e-4847-9fd7-4dce12dbd624-SegmentedRaftLogWorker:Storage Directory /workdir/hadoop-ozone/integration-test/target/test-dir/MiniOzoneClusterImpl-2cb30d7a-e74d-4778-a9d8-49d98bdf9b48/datanode-3/data/ratis/d4ec5d87-636e-46ae-b9b0-051042233452: flushIndex: setUnconditionally 0 -> -1
2019-07-30 17:29:39,031 INFO  server.RaftServerConfigKeys (ConfUtils.java:logGet(43)) - raft.server.retrycache.expirytime = 600000ms (custom)
2019-07-30 17:29:39,032 INFO  util.JmxRegister (JmxRegister.java:tryRegister(44)) - Successfully registered JMX Bean with object name Ratis:service=RaftServer,group=group-051042233452,id=ff2430b7-14fd-494f-a51d-9dc76984be1f
2019-07-30 17:29:39,032 INFO  impl.RaftServerImpl (RaftServerImpl.java:start(180)) - db4c36da-b98b-4ba5-a1c9-f857ffceeaab: start group-051042233452
2019-07-30 17:29:39,032 INFO  server.RaftServerConfigKeys (ConfUtils.java:logGet(43)) - raft.server.snapshot.auto.trigger.enabled = true (custom)
2019-07-30 17:29:39,032 INFO  impl.RaftServerImpl (RaftServerImpl.java:setRole(171)) - db4c36da-b98b-4ba5-a1c9-f857ffceeaab:group-051042233452 changes role from null to FOLLOWER at term 0 for startAsFollower
2019-07-30 17:29:39,032 INFO  server.RaftServerConfigKeys (ConfUtils.java:logGet(43)) - raft.server.snapshot.auto.trigger.threshold = 10000 (custom)
2019-07-30 17:29:39,032 INFO  impl.RoleInfo (RoleInfo.java:updateAndGet(143)) - db4c36da-b98b-4ba5-a1c9-f857ffceeaab: start FollowerState
2019-07-30 17:29:39,033 INFO  server.RaftServerConfigKeys (ConfUtils.java:logGet(43)) - raft.server.retrycache.expirytime = 600000ms (custom)
2019-07-30 17:29:39,033 INFO  impl.RaftServerImpl (RaftServerImpl.java:start(180)) - 31a59b49-0d6e-4847-9fd7-4dce12dbd624: start group-051042233452
2019-07-30 17:29:39,033 INFO  impl.RaftServerImpl (RaftServerImpl.java:setRole(171)) - 31a59b49-0d6e-4847-9fd7-4dce12dbd624:group-051042233452 changes role from null to FOLLOWER at term 0 for startAsFollower
2019-07-30 17:29:39,033 INFO  util.JmxRegister (JmxRegister.java:tryRegister(44)) - Successfully registered JMX Bean with object name Ratis:service=RaftServer,group=group-051042233452,id=db4c36da-b98b-4ba5-a1c9-f857ffceeaab
2019-07-30 17:29:39,033 INFO  impl.RoleInfo (RoleInfo.java:updateAndGet(143)) - 31a59b49-0d6e-4847-9fd7-4dce12dbd624: start FollowerState
2019-07-30 17:29:39,034 INFO  util.JmxRegister (JmxRegister.java:tryRegister(44)) - Successfully registered JMX Bean with object name Ratis:service=RaftServer,group=group-051042233452,id=31a59b49-0d6e-4847-9fd7-4dce12dbd624
2019-07-30 17:29:39,037 INFO  pipeline.PipelineStateManager (PipelineStateManager.java:addPipeline(56)) - Created pipeline Pipeline[ Id: d4ec5d87-636e-46ae-b9b0-051042233452, Nodes: ff2430b7-14fd-494f-a51d-9dc76984be1f{ip: 192.168.5.177, host: byscane-nightly-5w6vj-1288709143, networkLocation: /default-rack, certSerialId: null}31a59b49-0d6e-4847-9fd7-4dce12dbd624{ip: 192.168.5.177, host: byscane-nightly-5w6vj-1288709143, networkLocation: /default-rack, certSerialId: null}db4c36da-b98b-4ba5-a1c9-f857ffceeaab{ip: 192.168.5.177, host: byscane-nightly-5w6vj-1288709143, networkLocation: /default-rack, certSerialId: null}, Type:RATIS, Factor:THREE, State:OPEN]
2019-07-30 17:29:39,139 INFO  ozone.MiniOzoneClusterImpl (MiniOzoneClusterImpl.java:lambda$waitForClusterToBeReady$0(142)) - Waiting for cluster to be ready. Got 6 of 7 DN Heartbeats.
2019-07-30 17:29:39,140 INFO  net.NetworkTopology (NetworkTopologyImpl.java:add(110)) - Added a new node: /default-rack/2b36bdea-5609-4f94-a26e-9eaaa12a3a7f
2019-07-30 17:29:39,140 INFO  node.SCMNodeManager (SCMNodeManager.java:register(273)) - Registered Data node : 2b36bdea-5609-4f94-a26e-9eaaa12a3a7f{ip: 192.168.5.177, host: byscane-nightly-5w6vj-1288709143, networkLocation: /default-rack, certSerialId: null}
2019-07-30 17:29:39,154 INFO  impl.RaftServerProxy (RaftServerProxy.java:addNew(89)) - 2b36bdea-5609-4f94-a26e-9eaaa12a3a7f: addNew group-4D6A3F42AFAD:[2b36bdea-5609-4f94-a26e-9eaaa12a3a7f:192.168.5.177:33130] returns group-4D6A3F42AFAD:java.util.concurrent.CompletableFuture@e9211f7[Not completed]
2019-07-30 17:29:39,159 INFO  impl.RaftServerImpl (RaftServerImpl.java:<init>(93)) - 2b36bdea-5609-4f94-a26e-9eaaa12a3a7f: new RaftServerImpl for group-4D6A3F42AFAD:[2b36bdea-5609-4f94-a26e-9eaaa12a3a7f:192.168.5.177:33130] with ContainerStateMachine:uninitialized
2019-07-30 17:29:39,160 INFO  server.RaftServerConfigKeys (ConfUtils.java:logGet(43)) - raft.server.rpc.timeout.min = 5s (custom)
2019-07-30 17:29:39,160 INFO  server.RaftServerConfigKeys (ConfUtils.java:logGet(43)) - raft.server.rpc.timeout.max = 5200ms (custom)
2019-07-30 17:29:39,160 INFO  server.RaftServerConfigKeys (ConfUtils.java:logGet(43)) - raft.server.rpcslowness.timeout = 120s (custom)
2019-07-30 17:29:39,160 INFO  server.RaftServerConfigKeys (ConfUtils.java:logGet(43)) - raft.server.sleep.deviation.threshold = 300 (default)
2019-07-30 17:29:39,160 INFO  server.RaftServerConfigKeys (ConfUtils.java:logGet(43)) - raft.server.log.appender.install.snapshot.enabled = false (custom)
2019-07-30 17:29:39,160 INFO  impl.RaftServerImpl (ServerState.java:<init>(105)) - 2b36bdea-5609-4f94-a26e-9eaaa12a3a7f:group-4D6A3F42AFAD ConfigurationManager, init=-1: [2b36bdea-5609-4f94-a26e-9eaaa12a3a7f:192.168.5.177:33130], old=null, confs=<EMPTY_MAP>
2019-07-30 17:29:39,161 INFO  server.RaftServerConfigKeys (ConfUtils.java:logGet(43)) - raft.server.storage.dir = [/workdir/hadoop-ozone/integration-test/target/test-dir/MiniOzoneClusterImpl-2cb30d7a-e74d-4778-a9d8-49d98bdf9b48/datanode-6/data/ratis] (custom)
2019-07-30 17:29:39,161 INFO  storage.RaftStorageDirectory (RaftStorageDirectory.java:analyzeStorage(246)) - The storage directory /workdir/hadoop-ozone/integration-test/target/test-dir/MiniOzoneClusterImpl-2cb30d7a-e74d-4778-a9d8-49d98bdf9b48/datanode-6/data/ratis/c0457ec3-1fa1-4b7e-b599-4d6a3f42afad does not exist. Creating ...
2019-07-30 17:29:39,167 INFO  storage.RaftStorageDirectory (RaftStorageDirectory.java:tryLock(328)) - Lock on /workdir/hadoop-ozone/integration-test/target/test-dir/MiniOzoneClusterImpl-2cb30d7a-e74d-4778-a9d8-49d98bdf9b48/datanode-6/data/ratis/c0457ec3-1fa1-4b7e-b599-4d6a3f42afad/in_use.lock acquired by nodename 12726@byscane-nightly-5w6vj-1288709143
2019-07-30 17:29:39,170 INFO  storage.RaftStorage (RaftStorage.java:format(72)) - Storage directory /workdir/hadoop-ozone/integration-test/target/test-dir/MiniOzoneClusterImpl-2cb30d7a-e74d-4778-a9d8-49d98bdf9b48/datanode-6/data/ratis/c0457ec3-1fa1-4b7e-b599-4d6a3f42afad has been successfully formatted.
2019-07-30 17:29:39,171 INFO  ratis.ContainerStateMachine (ContainerStateMachine.java:loadSnapshot(213)) - group-4D6A3F42AFAD: The snapshot info is null. Setting the last applied indexto:(t:0, i:~)
2019-07-30 17:29:39,171 INFO  server.RaftServerConfigKeys (ConfUtils.java:logGet(43)) - raft.server.leader.election.timeout = 120s (custom)
2019-07-30 17:29:39,171 INFO  server.RaftServerConfigKeys (ConfUtils.java:logGet(43)) - raft.server.log.use.memory = false (default)
2019-07-30 17:29:39,171 INFO  server.RaftServerConfigKeys (ConfUtils.java:logGet(43)) - raft.server.log.purge.gap = 1000000000 (custom)
2019-07-30 17:29:39,171 INFO  server.RaftServerConfigKeys (ConfUtils.java:logGet(43)) - raft.server.log.appender.buffer.byte-limit = 33554432 (custom)
2019-07-30 17:29:39,171 INFO  server.RaftServerConfigKeys (ConfUtils.java:logGet(43)) - raft.server.log.segment.size.max = 1048576 (custom)
2019-07-30 17:29:39,172 INFO  server.RaftServerConfigKeys (ConfUtils.java:logGet(43)) - raft.server.log.segment.cache.num.max = 2 (custom)
2019-07-30 17:29:39,172 INFO  segmented.SegmentedRaftLogWorker (SegmentedRaftLogWorker.java:<init>(172)) - new 2b36bdea-5609-4f94-a26e-9eaaa12a3a7f-SegmentedRaftLogWorker:Storage Directory /workdir/hadoop-ozone/integration-test/target/test-dir/MiniOzoneClusterImpl-2cb30d7a-e74d-4778-a9d8-49d98bdf9b48/datanode-6/data/ratis/c0457ec3-1fa1-4b7e-b599-4d6a3f42afad for RaftStorage:Storage Directory /workdir/hadoop-ozone/integration-test/target/test-dir/MiniOzoneClusterImpl-2cb30d7a-e74d-4778-a9d8-49d98bdf9b48/datanode-6/data/ratis/c0457ec3-1fa1-4b7e-b599-4d6a3f42afad
2019-07-30 17:29:39,172 INFO  server.RaftServerConfigKeys (ConfUtils.java:logGet(43)) - raft.server.log.queue.byte-limit = 2147483647 (custom)
2019-07-30 17:29:39,172 INFO  server.RaftServerConfigKeys (ConfUtils.java:logGet(43)) - raft.server.log.queue.element-limit = 1024 (custom)
2019-07-30 17:29:39,172 INFO  server.RaftServerConfigKeys (ConfUtils.java:logGet(43)) - raft.server.log.segment.size.max = 1048576 (custom)
2019-07-30 17:29:39,173 INFO  server.RaftServerConfigKeys (ConfUtils.java:logGet(43)) - raft.server.log.preallocated.size = 16384 (custom)
2019-07-30 17:29:39,173 INFO  server.RaftServerConfigKeys (ConfUtils.java:logGet(43)) - raft.server.log.write.buffer.size = 33554432 (custom)
2019-07-30 17:29:39,173 INFO  server.RaftServerConfigKeys (ConfUtils.java:logGet(43)) - raft.server.log.force.sync.num = 128 (default)
2019-07-30 17:29:39,173 INFO  server.RaftServerConfigKeys (ConfUtils.java:logGet(43)) - raft.server.log.statemachine.data.sync = true (default)
2019-07-30 17:29:39,173 INFO  server.RaftServerConfigKeys (ConfUtils.java:logGet(43)) - raft.server.log.statemachine.data.sync.timeout = 10s (default)
2019-07-30 17:29:39,173 INFO  server.RaftServerConfigKeys (ConfUtils.java:logGet(43)) - raft.server.log.statemachine.data.sync.timeout.retry = -1 (default)
2019-07-30 17:29:39,174 INFO  server.RaftServerConfigKeys (ConfUtils.java:logGet(43)) - raft.server.log.statemachine.data.caching.enabled = true (custom)
2019-07-30 17:29:39,174 INFO  segmented.SegmentedRaftLogWorker (SegmentedRaftLogWorker.java:lambda$new$0(132)) - 2b36bdea-5609-4f94-a26e-9eaaa12a3a7f-SegmentedRaftLogWorker:Storage Directory /workdir/hadoop-ozone/integration-test/target/test-dir/MiniOzoneClusterImpl-2cb30d7a-e74d-4778-a9d8-49d98bdf9b48/datanode-6/data/ratis/c0457ec3-1fa1-4b7e-b599-4d6a3f42afad: flushIndex: setUnconditionally 0 -> -1
2019-07-30 17:29:39,175 INFO  server.RaftServerConfigKeys (ConfUtils.java:logGet(43)) - raft.server.snapshot.auto.trigger.enabled = true (custom)
2019-07-30 17:29:39,175 INFO  server.RaftServerConfigKeys (ConfUtils.java:logGet(43)) - raft.server.snapshot.auto.trigger.threshold = 10000 (custom)
2019-07-30 17:29:39,175 INFO  server.RaftServerConfigKeys (ConfUtils.java:logGet(43)) - raft.server.retrycache.expirytime = 600000ms (custom)
2019-07-30 17:29:39,175 INFO  impl.RaftServerImpl (RaftServerImpl.java:start(180)) - 2b36bdea-5609-4f94-a26e-9eaaa12a3a7f: start group-4D6A3F42AFAD
2019-07-30 17:29:39,175 INFO  impl.RaftServerImpl (RaftServerImpl.java:setRole(171)) - 2b36bdea-5609-4f94-a26e-9eaaa12a3a7f:group-4D6A3F42AFAD changes role from null to FOLLOWER at term 0 for startAsFollower
2019-07-30 17:29:39,175 INFO  impl.RoleInfo (RoleInfo.java:updateAndGet(143)) - 2b36bdea-5609-4f94-a26e-9eaaa12a3a7f: start FollowerState
2019-07-30 17:29:39,176 INFO  util.JmxRegister (JmxRegister.java:tryRegister(44)) - Successfully registered JMX Bean with object name Ratis:service=RaftServer,group=group-4D6A3F42AFAD,id=2b36bdea-5609-4f94-a26e-9eaaa12a3a7f
2019-07-30 17:29:39,179 INFO  pipeline.PipelineStateManager (PipelineStateManager.java:addPipeline(56)) - Created pipeline Pipeline[ Id: c0457ec3-1fa1-4b7e-b599-4d6a3f42afad, Nodes: 2b36bdea-5609-4f94-a26e-9eaaa12a3a7f{ip: 192.168.5.177, host: byscane-nightly-5w6vj-1288709143, networkLocation: /default-rack, certSerialId: null}, Type:RATIS, Factor:ONE, State:OPEN]
2019-07-30 17:29:40,140 INFO  ozone.MiniOzoneClusterImpl (MiniOzoneClusterImpl.java:lambda$waitForClusterToBeReady$0(142)) - Cluster is ready. Got 7 of 7 DN Heartbeats.
2019-07-30 17:29:40,188 INFO  rpc.RpcClient (RpcClient.java:createVolume(288)) - Creating Volume: testblockoutputstreamwithretries, with jenkins1000 as owner.
2019-07-30 17:29:40,204 INFO  rpc.RpcClient (RpcClient.java:createBucket(425)) - Creating Bucket: testblockoutputstreamwithretries/testblockoutputstreamwithretries, with Versioning false and Storage Type set to DISK and Encryption set to false 
2019-07-30 17:29:40,254 INFO  client.GrpcClientProtocolClient (GrpcClientProtocolClient.java:onNext(255)) - client-F5376F6B12B6->b62a6e62-05c5-4b06-91dc-725b110dfd52: receive RaftClientReply:client-F5376F6B12B6->b62a6e62-05c5-4b06-91dc-725b110dfd52@group-2D02AB898737, cid=42, FAILED org.apache.ratis.protocol.NotLeaderException: Server b62a6e62-05c5-4b06-91dc-725b110dfd52 is not the leader (null). Request must be sent to leader., logIndex=0, commits[b62a6e62-05c5-4b06-91dc-725b110dfd52:c-1]
2019-07-30 17:29:40,760 INFO  container.ReplicationManager (ReplicationManager.java:start(155)) - Starting Replication Monitor Thread.
2019-07-30 17:29:40,766 INFO  container.ReplicationManager (ReplicationManager.java:run(207)) - Replication Monitor Thread took 0 milliseconds for processing 3 containers.
2019-07-30 17:29:41,284 INFO  client.GrpcClientProtocolClient (GrpcClientProtocolClient.java:onNext(255)) - client-F5376F6B12B6->17c291a8-e7ad-46d9-a2ed-c76b788eab4f: receive RaftClientReply:client-F5376F6B12B6->17c291a8-e7ad-46d9-a2ed-c76b788eab4f@group-2D02AB898737, cid=42, FAILED org.apache.ratis.protocol.NotLeaderException: Server 17c291a8-e7ad-46d9-a2ed-c76b788eab4f is not the leader (null). Request must be sent to leader., logIndex=0, commits[17c291a8-e7ad-46d9-a2ed-c76b788eab4f:c-1]
2019-07-30 17:29:42,308 INFO  client.GrpcClientProtocolClient (GrpcClientProtocolClient.java:onNext(255)) - client-F5376F6B12B6->b62a6e62-05c5-4b06-91dc-725b110dfd52: receive RaftClientReply:client-F5376F6B12B6->b62a6e62-05c5-4b06-91dc-725b110dfd52@group-2D02AB898737, cid=42, FAILED org.apache.ratis.protocol.NotLeaderException: Server b62a6e62-05c5-4b06-91dc-725b110dfd52 is not the leader (null). Request must be sent to leader., logIndex=0, commits[b62a6e62-05c5-4b06-91dc-725b110dfd52:c-1]
2019-07-30 17:29:42,813 INFO  impl.FollowerState (FollowerState.java:run(106)) - 17c291a8-e7ad-46d9-a2ed-c76b788eab4f:group-12C4235C80B7 changes to CANDIDATE, lastRpcTime:5009, electionTimeout:5008ms
2019-07-30 17:29:42,814 INFO  impl.RoleInfo (RoleInfo.java:shutdownFollowerState(121)) - 17c291a8-e7ad-46d9-a2ed-c76b788eab4f: shutdown FollowerState
2019-07-30 17:29:42,814 INFO  impl.RaftServerImpl (RaftServerImpl.java:setRole(171)) - 17c291a8-e7ad-46d9-a2ed-c76b788eab4f:group-12C4235C80B7 changes role from FOLLOWER to CANDIDATE at term 0 for changeToCandidate
2019-07-30 17:29:42,814 INFO  impl.RoleInfo (RoleInfo.java:updateAndGet(143)) - 17c291a8-e7ad-46d9-a2ed-c76b788eab4f: start LeaderElection
2019-07-30 17:29:42,842 INFO  impl.LeaderElection (LeaderElection.java:askForVotes(181)) - 17c291a8-e7ad-46d9-a2ed-c76b788eab4f:group-12C4235C80B7:LeaderElection13: begin an election at term 1 for -1: [17c291a8-e7ad-46d9-a2ed-c76b788eab4f:192.168.5.177:45632], old=null
2019-07-30 17:29:42,843 INFO  impl.RoleInfo (RoleInfo.java:shutdownLeaderElection(134)) - 17c291a8-e7ad-46d9-a2ed-c76b788eab4f: shutdown LeaderElection
2019-07-30 17:29:42,843 INFO  impl.RaftServerImpl (RaftServerImpl.java:setRole(171)) - 17c291a8-e7ad-46d9-a2ed-c76b788eab4f:group-12C4235C80B7 changes role from CANDIDATE to LEADER at term 1 for changeToLeader
2019-07-30 17:29:42,844 INFO  impl.RaftServerImpl (ServerState.java:setLeader(263)) - 17c291a8-e7ad-46d9-a2ed-c76b788eab4f:group-12C4235C80B7 change Leader from null to 17c291a8-e7ad-46d9-a2ed-c76b788eab4f at term 1 for becomeLeader, leader elected after 5045ms
2019-07-30 17:29:42,847 INFO  server.RaftServerConfigKeys (ConfUtils.java:logGet(43)) - raft.server.staging.catchup.gap = 1000 (default)
2019-07-30 17:29:42,847 INFO  server.RaftServerConfigKeys (ConfUtils.java:logGet(43)) - raft.server.rpc.sleep.time = 25ms (default)
2019-07-30 17:29:42,847 INFO  server.RaftServerConfigKeys (ConfUtils.java:logGet(43)) - raft.server.write.element-limit = 4096 (default)
2019-07-30 17:29:42,848 INFO  server.RaftServerConfigKeys (ConfUtils.java:logGet(43)) - raft.server.watch.timeout = 10s (default)
2019-07-30 17:29:42,848 INFO  server.RaftServerConfigKeys (ConfUtils.java:logGet(43)) - raft.server.watch.timeout.denomination = 1s (default)
2019-07-30 17:29:42,848 INFO  server.RaftServerConfigKeys (ConfUtils.java:logGet(43)) - raft.server.watch.element-limit = 65536 (default)
2019-07-30 17:29:42,849 INFO  impl.RoleInfo (RoleInfo.java:updateAndGet(143)) - 17c291a8-e7ad-46d9-a2ed-c76b788eab4f: start LeaderState
2019-07-30 17:29:42,849 INFO  segmented.SegmentedRaftLogWorker (SegmentedRaftLogWorker.java:startLogSegment(380)) - 17c291a8-e7ad-46d9-a2ed-c76b788eab4f-SegmentedRaftLogWorker:Storage Directory /workdir/hadoop-ozone/integration-test/target/test-dir/MiniOzoneClusterImpl-2cb30d7a-e74d-4778-a9d8-49d98bdf9b48/datanode-0/data/ratis/7de567c7-386f-4434-9277-12c4235c80b7: Starting segment from index:0
2019-07-30 17:29:42,851 INFO  impl.RaftServerImpl (ServerState.java:setRaftConf(361)) - 17c291a8-e7ad-46d9-a2ed-c76b788eab4f:group-12C4235C80B7 set configuration 0: [17c291a8-e7ad-46d9-a2ed-c76b788eab4f:192.168.5.177:45632], old=null at 0
2019-07-30 17:29:42,874 INFO  segmented.SegmentedRaftLogWorker (SegmentedRaftLogWorker.java:execute(569)) - 17c291a8-e7ad-46d9-a2ed-c76b788eab4f-SegmentedRaftLogWorker:Storage Directory /workdir/hadoop-ozone/integration-test/target/test-dir/MiniOzoneClusterImpl-2cb30d7a-e74d-4778-a9d8-49d98bdf9b48/datanode-0/data/ratis/7de567c7-386f-4434-9277-12c4235c80b7: created new log segment /workdir/hadoop-ozone/integration-test/target/test-dir/MiniOzoneClusterImpl-2cb30d7a-e74d-4778-a9d8-49d98bdf9b48/datanode-0/data/ratis/7de567c7-386f-4434-9277-12c4235c80b7/current/log_inprogress_0
2019-07-30 17:29:43,092 INFO  impl.FollowerState (FollowerState.java:run(106)) - 1bfa9654-7d7b-491a-884c-918bbb9d6c3f:group-0C973E65093B changes to CANDIDATE, lastRpcTime:5120, electionTimeout:5120ms
2019-07-30 17:29:43,092 INFO  impl.RoleInfo (RoleInfo.java:shutdownFollowerState(121)) - 1bfa9654-7d7b-491a-884c-918bbb9d6c3f: shutdown FollowerState
2019-07-30 17:29:43,092 INFO  impl.RaftServerImpl (RaftServerImpl.java:setRole(171)) - 1bfa9654-7d7b-491a-884c-918bbb9d6c3f:group-0C973E65093B changes role from FOLLOWER to CANDIDATE at term 0 for changeToCandidate
2019-07-30 17:29:43,092 INFO  impl.RoleInfo (RoleInfo.java:updateAndGet(143)) - 1bfa9654-7d7b-491a-884c-918bbb9d6c3f: start LeaderElection
2019-07-30 17:29:43,122 INFO  impl.LeaderElection (LeaderElection.java:askForVotes(181)) - 1bfa9654-7d7b-491a-884c-918bbb9d6c3f:group-0C973E65093B:LeaderElection14: begin an election at term 1 for -1: [1bfa9654-7d7b-491a-884c-918bbb9d6c3f:192.168.5.177:41595], old=null
2019-07-30 17:29:43,122 INFO  impl.RoleInfo (RoleInfo.java:shutdownLeaderElection(134)) - 1bfa9654-7d7b-491a-884c-918bbb9d6c3f: shutdown LeaderElection
2019-07-30 17:29:43,123 INFO  impl.RaftServerImpl (RaftServerImpl.java:setRole(171)) - 1bfa9654-7d7b-491a-884c-918bbb9d6c3f:group-0C973E65093B changes role from CANDIDATE to LEADER at term 1 for changeToLeader
2019-07-30 17:29:43,123 INFO  impl.RaftServerImpl (ServerState.java:setLeader(263)) - 1bfa9654-7d7b-491a-884c-918bbb9d6c3f:group-0C973E65093B change Leader from null to 1bfa9654-7d7b-491a-884c-918bbb9d6c3f at term 1 for becomeLeader, leader elected after 5156ms
2019-07-30 17:29:43,125 INFO  server.RaftServerConfigKeys (ConfUtils.java:logGet(43)) - raft.server.staging.catchup.gap = 1000 (default)
2019-07-30 17:29:43,125 INFO  server.RaftServerConfigKeys (ConfUtils.java:logGet(43)) - raft.server.rpc.sleep.time = 25ms (default)
2019-07-30 17:29:43,125 INFO  server.RaftServerConfigKeys (ConfUtils.java:logGet(43)) - raft.server.write.element-limit = 4096 (default)
2019-07-30 17:29:43,126 INFO  server.RaftServerConfigKeys (ConfUtils.java:logGet(43)) - raft.server.watch.timeout = 10s (default)
2019-07-30 17:29:43,126 INFO  server.RaftServerConfigKeys (ConfUtils.java:logGet(43)) - raft.server.watch.timeout.denomination = 1s (default)
2019-07-30 17:29:43,126 INFO  server.RaftServerConfigKeys (ConfUtils.java:logGet(43)) - raft.server.watch.element-limit = 65536 (default)
2019-07-30 17:29:43,126 INFO  impl.RoleInfo (RoleInfo.java:updateAndGet(143)) - 1bfa9654-7d7b-491a-884c-918bbb9d6c3f: start LeaderState
2019-07-30 17:29:43,127 INFO  segmented.SegmentedRaftLogWorker (SegmentedRaftLogWorker.java:startLogSegment(380)) - 1bfa9654-7d7b-491a-884c-918bbb9d6c3f-SegmentedRaftLogWorker:Storage Directory /workdir/hadoop-ozone/integration-test/target/test-dir/MiniOzoneClusterImpl-2cb30d7a-e74d-4778-a9d8-49d98bdf9b48/datanode-1/data/ratis/6310aca2-2c5b-44fd-8638-0c973e65093b: Starting segment from index:0
2019-07-30 17:29:43,127 INFO  impl.RaftServerImpl (ServerState.java:setRaftConf(361)) - 1bfa9654-7d7b-491a-884c-918bbb9d6c3f:group-0C973E65093B set configuration 0: [1bfa9654-7d7b-491a-884c-918bbb9d6c3f:192.168.5.177:41595], old=null at 0
2019-07-30 17:29:43,156 INFO  segmented.SegmentedRaftLogWorker (SegmentedRaftLogWorker.java:execute(569)) - 1bfa9654-7d7b-491a-884c-918bbb9d6c3f-SegmentedRaftLogWorker:Storage Directory /workdir/hadoop-ozone/integration-test/target/test-dir/MiniOzoneClusterImpl-2cb30d7a-e74d-4778-a9d8-49d98bdf9b48/datanode-1/data/ratis/6310aca2-2c5b-44fd-8638-0c973e65093b: created new log segment /workdir/hadoop-ozone/integration-test/target/test-dir/MiniOzoneClusterImpl-2cb30d7a-e74d-4778-a9d8-49d98bdf9b48/datanode-1/data/ratis/6310aca2-2c5b-44fd-8638-0c973e65093b/current/log_inprogress_0
2019-07-30 17:29:43,312 INFO  impl.FollowerState (FollowerState.java:run(106)) - 17c291a8-e7ad-46d9-a2ed-c76b788eab4f:group-2D02AB898737 changes to CANDIDATE, lastRpcTime:5069, electionTimeout:5069ms
2019-07-30 17:29:43,312 INFO  impl.RoleInfo (RoleInfo.java:shutdownFollowerState(121)) - 17c291a8-e7ad-46d9-a2ed-c76b788eab4f: shutdown FollowerState
2019-07-30 17:29:43,312 INFO  impl.RaftServerImpl (RaftServerImpl.java:setRole(171)) - 17c291a8-e7ad-46d9-a2ed-c76b788eab4f:group-2D02AB898737 changes role from FOLLOWER to CANDIDATE at term 0 for changeToCandidate
2019-07-30 17:29:43,312 INFO  impl.RoleInfo (RoleInfo.java:updateAndGet(143)) - 17c291a8-e7ad-46d9-a2ed-c76b788eab4f: start LeaderElection
2019-07-30 17:29:43,331 INFO  impl.LeaderElection (LeaderElection.java:askForVotes(181)) - 17c291a8-e7ad-46d9-a2ed-c76b788eab4f:group-2D02AB898737:LeaderElection15: begin an election at term 1 for -1: [17c291a8-e7ad-46d9-a2ed-c76b788eab4f:192.168.5.177:45632, b62a6e62-05c5-4b06-91dc-725b110dfd52:192.168.5.177:40594, 1bfa9654-7d7b-491a-884c-918bbb9d6c3f:192.168.5.177:41595], old=null
2019-07-30 17:29:43,332 INFO  client.GrpcClientProtocolClient (GrpcClientProtocolClient.java:onNext(255)) - client-F5376F6B12B6->17c291a8-e7ad-46d9-a2ed-c76b788eab4f: receive RaftClientReply:client-F5376F6B12B6->17c291a8-e7ad-46d9-a2ed-c76b788eab4f@group-2D02AB898737, cid=42, FAILED org.apache.ratis.protocol.NotLeaderException: Server 17c291a8-e7ad-46d9-a2ed-c76b788eab4f is not the leader (null). Request must be sent to leader., logIndex=0, commits[17c291a8-e7ad-46d9-a2ed-c76b788eab4f:c-1]
2019-07-30 17:29:43,351 INFO  impl.FollowerState (FollowerState.java:run(106)) - b62a6e62-05c5-4b06-91dc-725b110dfd52:group-854AB88D19E3 changes to CANDIDATE, lastRpcTime:5152, electionTimeout:5151ms
2019-07-30 17:29:43,352 INFO  impl.RoleInfo (RoleInfo.java:shutdownFollowerState(121)) - b62a6e62-05c5-4b06-91dc-725b110dfd52: shutdown FollowerState
2019-07-30 17:29:43,352 INFO  impl.RaftServerImpl (RaftServerImpl.java:setRole(171)) - b62a6e62-05c5-4b06-91dc-725b110dfd52:group-854AB88D19E3 changes role from FOLLOWER to CANDIDATE at term 0 for changeToCandidate
2019-07-30 17:29:43,352 INFO  impl.RoleInfo (RoleInfo.java:updateAndGet(143)) - b62a6e62-05c5-4b06-91dc-725b110dfd52: start LeaderElection
2019-07-30 17:29:43,352 INFO  impl.RaftServerImpl (RaftServerImpl.java:setRole(171)) - b62a6e62-05c5-4b06-91dc-725b110dfd52:group-2D02AB898737 changes role from FOLLOWER to FOLLOWER at term 1 for recognizeCandidate:17c291a8-e7ad-46d9-a2ed-c76b788eab4f
2019-07-30 17:29:43,357 INFO  impl.RaftServerImpl (RaftServerImpl.java:setRole(171)) - 1bfa9654-7d7b-491a-884c-918bbb9d6c3f:group-2D02AB898737 changes role from FOLLOWER to FOLLOWER at term 1 for recognizeCandidate:17c291a8-e7ad-46d9-a2ed-c76b788eab4f
2019-07-30 17:29:43,367 INFO  impl.RoleInfo (RoleInfo.java:shutdownFollowerState(121)) - b62a6e62-05c5-4b06-91dc-725b110dfd52: shutdown FollowerState
2019-07-30 17:29:43,367 INFO  impl.RoleInfo (RoleInfo.java:shutdownFollowerState(121)) - 1bfa9654-7d7b-491a-884c-918bbb9d6c3f: shutdown FollowerState
2019-07-30 17:29:43,367 INFO  impl.RoleInfo (RoleInfo.java:updateAndGet(143)) - b62a6e62-05c5-4b06-91dc-725b110dfd52: start FollowerState
2019-07-30 17:29:43,367 INFO  impl.FollowerState (FollowerState.java:run(114)) - b62a6e62-05c5-4b06-91dc-725b110dfd52: FollowerState was interrupted: java.lang.InterruptedException: sleep interrupted
2019-07-30 17:29:43,367 INFO  impl.RoleInfo (RoleInfo.java:updateAndGet(143)) - 1bfa9654-7d7b-491a-884c-918bbb9d6c3f: start FollowerState
2019-07-30 17:29:43,368 INFO  impl.FollowerState (FollowerState.java:run(114)) - 1bfa9654-7d7b-491a-884c-918bbb9d6c3f: FollowerState was interrupted: java.lang.InterruptedException: sleep interrupted
2019-07-30 17:29:43,382 INFO  impl.LeaderElection (LeaderElection.java:askForVotes(181)) - b62a6e62-05c5-4b06-91dc-725b110dfd52:group-854AB88D19E3:LeaderElection16: begin an election at term 1 for -1: [b62a6e62-05c5-4b06-91dc-725b110dfd52:192.168.5.177:40594], old=null
2019-07-30 17:29:43,382 INFO  impl.RoleInfo (RoleInfo.java:shutdownLeaderElection(134)) - b62a6e62-05c5-4b06-91dc-725b110dfd52: shutdown LeaderElection
2019-07-30 17:29:43,382 INFO  impl.RaftServerImpl (RaftServerImpl.java:setRole(171)) - b62a6e62-05c5-4b06-91dc-725b110dfd52:group-854AB88D19E3 changes role from CANDIDATE to LEADER at term 1 for changeToLeader
2019-07-30 17:29:43,382 INFO  impl.RaftServerImpl (ServerState.java:setLeader(263)) - b62a6e62-05c5-4b06-91dc-725b110dfd52:group-854AB88D19E3 change Leader from null to b62a6e62-05c5-4b06-91dc-725b110dfd52 at term 1 for becomeLeader, leader elected after 5188ms
2019-07-30 17:29:43,385 INFO  server.RaftServerConfigKeys (ConfUtils.java:logGet(43)) - raft.server.staging.catchup.gap = 1000 (default)
2019-07-30 17:29:43,385 INFO  server.RaftServerConfigKeys (ConfUtils.java:logGet(43)) - raft.server.rpc.sleep.time = 25ms (default)
2019-07-30 17:29:43,385 INFO  server.RaftServerConfigKeys (ConfUtils.java:logGet(43)) - raft.server.write.element-limit = 4096 (default)
2019-07-30 17:29:43,385 INFO  server.RaftServerConfigKeys (ConfUtils.java:logGet(43)) - raft.server.watch.timeout = 10s (default)
2019-07-30 17:29:43,385 INFO  server.RaftServerConfigKeys (ConfUtils.java:logGet(43)) - raft.server.watch.timeout.denomination = 1s (default)
2019-07-30 17:29:43,386 INFO  server.RaftServerConfigKeys (ConfUtils.java:logGet(43)) - raft.server.watch.element-limit = 65536 (default)
2019-07-30 17:29:43,386 INFO  impl.LeaderElection (LeaderElection.java:logAndReturn(56)) - 17c291a8-e7ad-46d9-a2ed-c76b788eab4f:group-2D02AB898737:LeaderElection15: Election PASSED; received 1 response(s) [17c291a8-e7ad-46d9-a2ed-c76b788eab4f<-b62a6e62-05c5-4b06-91dc-725b110dfd52#0:OK-t1] and 0 exception(s); 17c291a8-e7ad-46d9-a2ed-c76b788eab4f:t1, leader=null, voted=17c291a8-e7ad-46d9-a2ed-c76b788eab4f, raftlog=17c291a8-e7ad-46d9-a2ed-c76b788eab4f-SegmentedRaftLog:OPENED:c-1,f-1,i0, conf=-1: [17c291a8-e7ad-46d9-a2ed-c76b788eab4f:192.168.5.177:45632, b62a6e62-05c5-4b06-91dc-725b110dfd52:192.168.5.177:40594, 1bfa9654-7d7b-491a-884c-918bbb9d6c3f:192.168.5.177:41595], old=null
2019-07-30 17:29:43,386 INFO  impl.RoleInfo (RoleInfo.java:updateAndGet(143)) - b62a6e62-05c5-4b06-91dc-725b110dfd52: start LeaderState
2019-07-30 17:29:43,386 INFO  impl.RoleInfo (RoleInfo.java:shutdownLeaderElection(134)) - 17c291a8-e7ad-46d9-a2ed-c76b788eab4f: shutdown LeaderElection
2019-07-30 17:29:43,389 INFO  impl.RaftServerImpl (RaftServerImpl.java:setRole(171)) - 17c291a8-e7ad-46d9-a2ed-c76b788eab4f:group-2D02AB898737 changes role from CANDIDATE to LEADER at term 1 for changeToLeader
2019-07-30 17:29:43,389 INFO  segmented.SegmentedRaftLogWorker (SegmentedRaftLogWorker.java:startLogSegment(380)) - b62a6e62-05c5-4b06-91dc-725b110dfd52-SegmentedRaftLogWorker:Storage Directory /workdir/hadoop-ozone/integration-test/target/test-dir/MiniOzoneClusterImpl-2cb30d7a-e74d-4778-a9d8-49d98bdf9b48/datanode-2/data/ratis/4f3b951a-f0a6-42e1-9f9d-854ab88d19e3: Starting segment from index:0
2019-07-30 17:29:43,389 INFO  impl.RaftServerImpl (ServerState.java:setLeader(263)) - 17c291a8-e7ad-46d9-a2ed-c76b788eab4f:group-2D02AB898737 change Leader from null to 17c291a8-e7ad-46d9-a2ed-c76b788eab4f at term 1 for becomeLeader, leader elected after 5152ms
2019-07-30 17:29:43,389 INFO  server.RaftServerConfigKeys (ConfUtils.java:logGet(43)) - raft.server.staging.catchup.gap = 1000 (default)
2019-07-30 17:29:43,389 INFO  server.RaftServerConfigKeys (ConfUtils.java:logGet(43)) - raft.server.rpc.sleep.time = 25ms (default)
2019-07-30 17:29:43,390 INFO  server.RaftServerConfigKeys (ConfUtils.java:logGet(43)) - raft.server.write.element-limit = 4096 (default)
2019-07-30 17:29:43,390 INFO  impl.RaftServerImpl (ServerState.java:setRaftConf(361)) - b62a6e62-05c5-4b06-91dc-725b110dfd52:group-854AB88D19E3 set configuration 0: [b62a6e62-05c5-4b06-91dc-725b110dfd52:192.168.5.177:40594], old=null at 0
2019-07-30 17:29:43,390 INFO  server.RaftServerConfigKeys (ConfUtils.java:logGet(43)) - raft.server.watch.timeout = 10s (default)
2019-07-30 17:29:43,412 INFO  server.RaftServerConfigKeys (ConfUtils.java:logGet(43)) - raft.server.watch.timeout.denomination = 1s (default)
2019-07-30 17:29:43,412 INFO  server.RaftServerConfigKeys (ConfUtils.java:logGet(43)) - raft.server.watch.element-limit = 65536 (default)
2019-07-30 17:29:43,412 INFO  server.RaftServerConfigKeys (ConfUtils.java:logGet(43)) - raft.server.log.appender.snapshot.chunk.size.max = 16MB (=16777216) (default)
2019-07-30 17:29:43,413 INFO  server.RaftServerConfigKeys (ConfUtils.java:logGet(43)) - raft.server.log.appender.buffer.byte-limit = 33554432 (custom)
2019-07-30 17:29:43,413 INFO  server.RaftServerConfigKeys (ConfUtils.java:logGet(43)) - raft.server.log.appender.buffer.element-limit = 1 (custom)
2019-07-30 17:29:43,413 INFO  grpc.GrpcConfigKeys$Server (ConfUtils.java:logGet(43)) - raft.grpc.server.leader.outstanding.appends.max = 128 (default)
2019-07-30 17:29:43,413 INFO  server.RaftServerConfigKeys (ConfUtils.java:logGet(43)) - raft.server.rpc.request.timeout = 3000ms (default)
2019-07-30 17:29:43,414 INFO  server.RaftServerConfigKeys (ConfUtils.java:logGet(43)) - raft.server.log.appender.install.snapshot.enabled = false (custom)
2019-07-30 17:29:43,414 INFO  server.RaftServerConfigKeys (ConfUtils.java:logGet(43)) - raft.server.log.appender.snapshot.chunk.size.max = 16MB (=16777216) (default)
2019-07-30 17:29:43,414 INFO  server.RaftServerConfigKeys (ConfUtils.java:logGet(43)) - raft.server.log.appender.buffer.byte-limit = 33554432 (custom)
2019-07-30 17:29:43,414 INFO  server.RaftServerConfigKeys (ConfUtils.java:logGet(43)) - raft.server.log.appender.buffer.element-limit = 1 (custom)
2019-07-30 17:29:43,414 INFO  grpc.GrpcConfigKeys$Server (ConfUtils.java:logGet(43)) - raft.grpc.server.leader.outstanding.appends.max = 128 (default)
2019-07-30 17:29:43,414 INFO  server.RaftServerConfigKeys (ConfUtils.java:logGet(43)) - raft.server.rpc.request.timeout = 3000ms (default)
2019-07-30 17:29:43,415 INFO  server.RaftServerConfigKeys (ConfUtils.java:logGet(43)) - raft.server.log.appender.install.snapshot.enabled = false (custom)
2019-07-30 17:29:43,415 INFO  impl.RoleInfo (RoleInfo.java:updateAndGet(143)) - 17c291a8-e7ad-46d9-a2ed-c76b788eab4f: start LeaderState
2019-07-30 17:29:43,415 INFO  segmented.SegmentedRaftLogWorker (SegmentedRaftLogWorker.java:startLogSegment(380)) - 17c291a8-e7ad-46d9-a2ed-c76b788eab4f-SegmentedRaftLogWorker:Storage Directory /workdir/hadoop-ozone/integration-test/target/test-dir/MiniOzoneClusterImpl-2cb30d7a-e74d-4778-a9d8-49d98bdf9b48/datanode-0/data/ratis/d8900fbc-2de6-4085-a2c5-2d02ab898737: Starting segment from index:0
2019-07-30 17:29:43,416 INFO  impl.RaftServerImpl (ServerState.java:setRaftConf(361)) - 17c291a8-e7ad-46d9-a2ed-c76b788eab4f:group-2D02AB898737 set configuration 0: [17c291a8-e7ad-46d9-a2ed-c76b788eab4f:192.168.5.177:45632, b62a6e62-05c5-4b06-91dc-725b110dfd52:192.168.5.177:40594, 1bfa9654-7d7b-491a-884c-918bbb9d6c3f:192.168.5.177:41595], old=null at 0
2019-07-30 17:29:43,419 INFO  segmented.SegmentedRaftLogWorker (SegmentedRaftLogWorker.java:execute(569)) - b62a6e62-05c5-4b06-91dc-725b110dfd52-SegmentedRaftLogWorker:Storage Directory /workdir/hadoop-ozone/integration-test/target/test-dir/MiniOzoneClusterImpl-2cb30d7a-e74d-4778-a9d8-49d98bdf9b48/datanode-2/data/ratis/4f3b951a-f0a6-42e1-9f9d-854ab88d19e3: created new log segment /workdir/hadoop-ozone/integration-test/target/test-dir/MiniOzoneClusterImpl-2cb30d7a-e74d-4778-a9d8-49d98bdf9b48/datanode-2/data/ratis/4f3b951a-f0a6-42e1-9f9d-854ab88d19e3/current/log_inprogress_0
2019-07-30 17:29:43,459 INFO  impl.RaftServerImpl (ServerState.java:setLeader(263)) - 1bfa9654-7d7b-491a-884c-918bbb9d6c3f:group-2D02AB898737 change Leader from null to 17c291a8-e7ad-46d9-a2ed-c76b788eab4f at term 1 for appendEntries, leader elected after 5218ms
2019-07-30 17:29:43,459 INFO  impl.RaftServerImpl (ServerState.java:setLeader(263)) - b62a6e62-05c5-4b06-91dc-725b110dfd52:group-2D02AB898737 change Leader from null to 17c291a8-e7ad-46d9-a2ed-c76b788eab4f at term 1 for appendEntries, leader elected after 5218ms
2019-07-30 17:29:43,464 INFO  impl.RaftServerImpl (ServerState.java:setRaftConf(361)) - 1bfa9654-7d7b-491a-884c-918bbb9d6c3f:group-2D02AB898737 set configuration 0: [17c291a8-e7ad-46d9-a2ed-c76b788eab4f:192.168.5.177:45632, b62a6e62-05c5-4b06-91dc-725b110dfd52:192.168.5.177:40594, 1bfa9654-7d7b-491a-884c-918bbb9d6c3f:192.168.5.177:41595], old=null at 0
2019-07-30 17:29:43,464 INFO  impl.RaftServerImpl (ServerState.java:setRaftConf(361)) - b62a6e62-05c5-4b06-91dc-725b110dfd52:group-2D02AB898737 set configuration 0: [17c291a8-e7ad-46d9-a2ed-c76b788eab4f:192.168.5.177:45632, b62a6e62-05c5-4b06-91dc-725b110dfd52:192.168.5.177:40594, 1bfa9654-7d7b-491a-884c-918bbb9d6c3f:192.168.5.177:41595], old=null at 0
2019-07-30 17:29:43,465 INFO  segmented.SegmentedRaftLogWorker (SegmentedRaftLogWorker.java:startLogSegment(380)) - 1bfa9654-7d7b-491a-884c-918bbb9d6c3f-SegmentedRaftLogWorker:Storage Directory /workdir/hadoop-ozone/integration-test/target/test-dir/MiniOzoneClusterImpl-2cb30d7a-e74d-4778-a9d8-49d98bdf9b48/datanode-1/data/ratis/d8900fbc-2de6-4085-a2c5-2d02ab898737: Starting segment from index:0
2019-07-30 17:29:43,465 INFO  segmented.SegmentedRaftLogWorker (SegmentedRaftLogWorker.java:startLogSegment(380)) - b62a6e62-05c5-4b06-91dc-725b110dfd52-SegmentedRaftLogWorker:Storage Directory /workdir/hadoop-ozone/integration-test/target/test-dir/MiniOzoneClusterImpl-2cb30d7a-e74d-4778-a9d8-49d98bdf9b48/datanode-2/data/ratis/d8900fbc-2de6-4085-a2c5-2d02ab898737: Starting segment from index:0
2019-07-30 17:29:43,473 INFO  segmented.SegmentedRaftLogWorker (SegmentedRaftLogWorker.java:execute(569)) - 17c291a8-e7ad-46d9-a2ed-c76b788eab4f-SegmentedRaftLogWorker:Storage Directory /workdir/hadoop-ozone/integration-test/target/test-dir/MiniOzoneClusterImpl-2cb30d7a-e74d-4778-a9d8-49d98bdf9b48/datanode-0/data/ratis/d8900fbc-2de6-4085-a2c5-2d02ab898737: created new log segment /workdir/hadoop-ozone/integration-test/target/test-dir/MiniOzoneClusterImpl-2cb30d7a-e74d-4778-a9d8-49d98bdf9b48/datanode-0/data/ratis/d8900fbc-2de6-4085-a2c5-2d02ab898737/current/log_inprogress_0
2019-07-30 17:29:43,485 INFO  segmented.SegmentedRaftLogWorker (SegmentedRaftLogWorker.java:execute(569)) - 1bfa9654-7d7b-491a-884c-918bbb9d6c3f-SegmentedRaftLogWorker:Storage Directory /workdir/hadoop-ozone/integration-test/target/test-dir/MiniOzoneClusterImpl-2cb30d7a-e74d-4778-a9d8-49d98bdf9b48/datanode-1/data/ratis/d8900fbc-2de6-4085-a2c5-2d02ab898737: created new log segment /workdir/hadoop-ozone/integration-test/target/test-dir/MiniOzoneClusterImpl-2cb30d7a-e74d-4778-a9d8-49d98bdf9b48/datanode-1/data/ratis/d8900fbc-2de6-4085-a2c5-2d02ab898737/current/log_inprogress_0
2019-07-30 17:29:43,505 INFO  segmented.SegmentedRaftLogWorker (SegmentedRaftLogWorker.java:execute(569)) - b62a6e62-05c5-4b06-91dc-725b110dfd52-SegmentedRaftLogWorker:Storage Directory /workdir/hadoop-ozone/integration-test/target/test-dir/MiniOzoneClusterImpl-2cb30d7a-e74d-4778-a9d8-49d98bdf9b48/datanode-2/data/ratis/d8900fbc-2de6-4085-a2c5-2d02ab898737: created new log segment /workdir/hadoop-ozone/integration-test/target/test-dir/MiniOzoneClusterImpl-2cb30d7a-e74d-4778-a9d8-49d98bdf9b48/datanode-2/data/ratis/d8900fbc-2de6-4085-a2c5-2d02ab898737/current/log_inprogress_0
2019-07-30 17:29:43,565 INFO  impl.FollowerState (FollowerState.java:run(106)) - 31a59b49-0d6e-4847-9fd7-4dce12dbd624:group-CEE528F16015 changes to CANDIDATE, lastRpcTime:5155, electionTimeout:5155ms
2019-07-30 17:29:43,565 INFO  impl.RoleInfo (RoleInfo.java:shutdownFollowerState(121)) - 31a59b49-0d6e-4847-9fd7-4dce12dbd624: shutdown FollowerState
2019-07-30 17:29:43,565 INFO  impl.RaftServerImpl (RaftServerImpl.java:setRole(171)) - 31a59b49-0d6e-4847-9fd7-4dce12dbd624:group-CEE528F16015 changes role from FOLLOWER to CANDIDATE at term 0 for changeToCandidate
2019-07-30 17:29:43,565 INFO  impl.RoleInfo (RoleInfo.java:updateAndGet(143)) - 31a59b49-0d6e-4847-9fd7-4dce12dbd624: start LeaderElection
2019-07-30 17:29:43,585 INFO  impl.LeaderElection (LeaderElection.java:askForVotes(181)) - 31a59b49-0d6e-4847-9fd7-4dce12dbd624:group-CEE528F16015:LeaderElection17: begin an election at term 1 for -1: [31a59b49-0d6e-4847-9fd7-4dce12dbd624:192.168.5.177:33799], old=null
2019-07-30 17:29:43,585 INFO  impl.RoleInfo (RoleInfo.java:shutdownLeaderElection(134)) - 31a59b49-0d6e-4847-9fd7-4dce12dbd624: shutdown LeaderElection
2019-07-30 17:29:43,585 INFO  impl.RaftServerImpl (RaftServerImpl.java:setRole(171)) - 31a59b49-0d6e-4847-9fd7-4dce12dbd624:group-CEE528F16015 changes role from CANDIDATE to LEADER at term 1 for changeToLeader
2019-07-30 17:29:43,585 INFO  impl.RaftServerImpl (ServerState.java:setLeader(263)) - 31a59b49-0d6e-4847-9fd7-4dce12dbd624:group-CEE528F16015 change Leader from null to 31a59b49-0d6e-4847-9fd7-4dce12dbd624 at term 1 for becomeLeader, leader elected after 5182ms
2019-07-30 17:29:43,588 INFO  server.RaftServerConfigKeys (ConfUtils.java:logGet(43)) - raft.server.staging.catchup.gap = 1000 (default)
2019-07-30 17:29:43,588 INFO  server.RaftServerConfigKeys (ConfUtils.java:logGet(43)) - raft.server.rpc.sleep.time = 25ms (default)
2019-07-30 17:29:43,588 INFO  server.RaftServerConfigKeys (ConfUtils.java:logGet(43)) - raft.server.write.element-limit = 4096 (default)
2019-07-30 17:29:43,588 INFO  server.RaftServerConfigKeys (ConfUtils.java:logGet(43)) - raft.server.watch.timeout = 10s (default)
2019-07-30 17:29:43,588 INFO  server.RaftServerConfigKeys (ConfUtils.java:logGet(43)) - raft.server.watch.timeout.denomination = 1s (default)
2019-07-30 17:29:43,589 INFO  server.RaftServerConfigKeys (ConfUtils.java:logGet(43)) - raft.server.watch.element-limit = 65536 (default)
2019-07-30 17:29:43,589 INFO  impl.RoleInfo (RoleInfo.java:updateAndGet(143)) - 31a59b49-0d6e-4847-9fd7-4dce12dbd624: start LeaderState
2019-07-30 17:29:43,589 INFO  segmented.SegmentedRaftLogWorker (SegmentedRaftLogWorker.java:startLogSegment(380)) - 31a59b49-0d6e-4847-9fd7-4dce12dbd624-SegmentedRaftLogWorker:Storage Directory /workdir/hadoop-ozone/integration-test/target/test-dir/MiniOzoneClusterImpl-2cb30d7a-e74d-4778-a9d8-49d98bdf9b48/datanode-3/data/ratis/720d5d91-bc16-44a8-a699-cee528f16015: Starting segment from index:0
2019-07-30 17:29:43,590 INFO  impl.RaftServerImpl (ServerState.java:setRaftConf(361)) - 31a59b49-0d6e-4847-9fd7-4dce12dbd624:group-CEE528F16015 set configuration 0: [31a59b49-0d6e-4847-9fd7-4dce12dbd624:192.168.5.177:33799], old=null at 0
2019-07-30 17:29:43,645 INFO  segmented.SegmentedRaftLogWorker (SegmentedRaftLogWorker.java:execute(569)) - 31a59b49-0d6e-4847-9fd7-4dce12dbd624-SegmentedRaftLogWorker:Storage Directory /workdir/hadoop-ozone/integration-test/target/test-dir/MiniOzoneClusterImpl-2cb30d7a-e74d-4778-a9d8-49d98bdf9b48/datanode-3/data/ratis/720d5d91-bc16-44a8-a699-cee528f16015: created new log segment /workdir/hadoop-ozone/integration-test/target/test-dir/MiniOzoneClusterImpl-2cb30d7a-e74d-4778-a9d8-49d98bdf9b48/datanode-3/data/ratis/720d5d91-bc16-44a8-a699-cee528f16015/current/log_inprogress_0
2019-07-30 17:29:43,920 INFO  impl.FollowerState (FollowerState.java:run(106)) - db4c36da-b98b-4ba5-a1c9-f857ffceeaab:group-101D19A4408C changes to CANDIDATE, lastRpcTime:5195, electionTimeout:5195ms
2019-07-30 17:29:43,920 INFO  impl.RoleInfo (RoleInfo.java:shutdownFollowerState(121)) - db4c36da-b98b-4ba5-a1c9-f857ffceeaab: shutdown FollowerState
2019-07-30 17:29:43,920 INFO  impl.RaftServerImpl (RaftServerImpl.java:setRole(171)) - db4c36da-b98b-4ba5-a1c9-f857ffceeaab:group-101D19A4408C changes role from FOLLOWER to CANDIDATE at term 0 for changeToCandidate
2019-07-30 17:29:43,920 INFO  impl.RoleInfo (RoleInfo.java:updateAndGet(143)) - db4c36da-b98b-4ba5-a1c9-f857ffceeaab: start LeaderElection
2019-07-30 17:29:43,932 INFO  impl.LeaderElection (LeaderElection.java:askForVotes(181)) - db4c36da-b98b-4ba5-a1c9-f857ffceeaab:group-101D19A4408C:LeaderElection18: begin an election at term 1 for -1: [db4c36da-b98b-4ba5-a1c9-f857ffceeaab:192.168.5.177:37378], old=null
2019-07-30 17:29:43,932 INFO  impl.RoleInfo (RoleInfo.java:shutdownLeaderElection(134)) - db4c36da-b98b-4ba5-a1c9-f857ffceeaab: shutdown LeaderElection
2019-07-30 17:29:43,932 INFO  impl.RaftServerImpl (RaftServerImpl.java:setRole(171)) - db4c36da-b98b-4ba5-a1c9-f857ffceeaab:group-101D19A4408C changes role from CANDIDATE to LEADER at term 1 for changeToLeader
2019-07-30 17:29:43,932 INFO  impl.RaftServerImpl (ServerState.java:setLeader(263)) - db4c36da-b98b-4ba5-a1c9-f857ffceeaab:group-101D19A4408C change Leader from null to db4c36da-b98b-4ba5-a1c9-f857ffceeaab at term 1 for becomeLeader, leader elected after 5214ms
2019-07-30 17:29:43,935 INFO  server.RaftServerConfigKeys (ConfUtils.java:logGet(43)) - raft.server.staging.catchup.gap = 1000 (default)
2019-07-30 17:29:43,935 INFO  server.RaftServerConfigKeys (ConfUtils.java:logGet(43)) - raft.server.rpc.sleep.time = 25ms (default)
2019-07-30 17:29:43,935 INFO  server.RaftServerConfigKeys (ConfUtils.java:logGet(43)) - raft.server.write.element-limit = 4096 (default)
2019-07-30 17:29:43,936 INFO  server.RaftServerConfigKeys (ConfUtils.java:logGet(43)) - raft.server.watch.timeout = 10s (default)
2019-07-30 17:29:43,936 INFO  server.RaftServerConfigKeys (ConfUtils.java:logGet(43)) - raft.server.watch.timeout.denomination = 1s (default)
2019-07-30 17:29:43,936 INFO  server.RaftServerConfigKeys (ConfUtils.java:logGet(43)) - raft.server.watch.element-limit = 65536 (default)
2019-07-30 17:29:43,936 INFO  impl.RoleInfo (RoleInfo.java:updateAndGet(143)) - db4c36da-b98b-4ba5-a1c9-f857ffceeaab: start LeaderState
2019-07-30 17:29:43,936 INFO  segmented.SegmentedRaftLogWorker (SegmentedRaftLogWorker.java:startLogSegment(380)) - db4c36da-b98b-4ba5-a1c9-f857ffceeaab-SegmentedRaftLogWorker:Storage Directory /workdir/hadoop-ozone/integration-test/target/test-dir/MiniOzoneClusterImpl-2cb30d7a-e74d-4778-a9d8-49d98bdf9b48/datanode-4/data/ratis/25fdf89c-b358-4c4a-8bf1-101d19a4408c: Starting segment from index:0
2019-07-30 17:29:43,937 INFO  impl.RaftServerImpl (ServerState.java:setRaftConf(361)) - db4c36da-b98b-4ba5-a1c9-f857ffceeaab:group-101D19A4408C set configuration 0: [db4c36da-b98b-4ba5-a1c9-f857ffceeaab:192.168.5.177:37378], old=null at 0
2019-07-30 17:29:43,961 INFO  segmented.SegmentedRaftLogWorker (SegmentedRaftLogWorker.java:execute(569)) - db4c36da-b98b-4ba5-a1c9-f857ffceeaab-SegmentedRaftLogWorker:Storage Directory /workdir/hadoop-ozone/integration-test/target/test-dir/MiniOzoneClusterImpl-2cb30d7a-e74d-4778-a9d8-49d98bdf9b48/datanode-4/data/ratis/25fdf89c-b358-4c4a-8bf1-101d19a4408c: created new log segment /workdir/hadoop-ozone/integration-test/target/test-dir/MiniOzoneClusterImpl-2cb30d7a-e74d-4778-a9d8-49d98bdf9b48/datanode-4/data/ratis/25fdf89c-b358-4c4a-8bf1-101d19a4408c/current/log_inprogress_0
2019-07-30 17:29:44,034 INFO  impl.FollowerState (FollowerState.java:run(106)) - ff2430b7-14fd-494f-a51d-9dc76984be1f:group-4B39DBF03CAF changes to CANDIDATE, lastRpcTime:5063, electionTimeout:5063ms
2019-07-30 17:29:44,034 INFO  impl.RoleInfo (RoleInfo.java:shutdownFollowerState(121)) - ff2430b7-14fd-494f-a51d-9dc76984be1f: shutdown FollowerState
2019-07-30 17:29:44,034 INFO  impl.RaftServerImpl (RaftServerImpl.java:setRole(171)) - ff2430b7-14fd-494f-a51d-9dc76984be1f:group-4B39DBF03CAF changes role from FOLLOWER to CANDIDATE at term 0 for changeToCandidate
2019-07-30 17:29:44,034 INFO  impl.RoleInfo (RoleInfo.java:updateAndGet(143)) - ff2430b7-14fd-494f-a51d-9dc76984be1f: start LeaderElection
2019-07-30 17:29:44,051 INFO  impl.LeaderElection (LeaderElection.java:askForVotes(181)) - ff2430b7-14fd-494f-a51d-9dc76984be1f:group-4B39DBF03CAF:LeaderElection19: begin an election at term 1 for -1: [ff2430b7-14fd-494f-a51d-9dc76984be1f:192.168.5.177:44003], old=null
2019-07-30 17:29:44,051 INFO  impl.RoleInfo (RoleInfo.java:shutdownLeaderElection(134)) - ff2430b7-14fd-494f-a51d-9dc76984be1f: shutdown LeaderElection
2019-07-30 17:29:44,052 INFO  impl.RaftServerImpl (RaftServerImpl.java:setRole(171)) - ff2430b7-14fd-494f-a51d-9dc76984be1f:group-4B39DBF03CAF changes role from CANDIDATE to LEADER at term 1 for changeToLeader
2019-07-30 17:29:44,052 INFO  impl.RaftServerImpl (ServerState.java:setLeader(263)) - ff2430b7-14fd-494f-a51d-9dc76984be1f:group-4B39DBF03CAF change Leader from null to ff2430b7-14fd-494f-a51d-9dc76984be1f at term 1 for becomeLeader, leader elected after 5087ms
2019-07-30 17:29:44,054 INFO  server.RaftServerConfigKeys (ConfUtils.java:logGet(43)) - raft.server.staging.catchup.gap = 1000 (default)
2019-07-30 17:29:44,054 INFO  server.RaftServerConfigKeys (ConfUtils.java:logGet(43)) - raft.server.rpc.sleep.time = 25ms (default)
2019-07-30 17:29:44,055 INFO  server.RaftServerConfigKeys (ConfUtils.java:logGet(43)) - raft.server.write.element-limit = 4096 (default)
2019-07-30 17:29:44,055 INFO  server.RaftServerConfigKeys (ConfUtils.java:logGet(43)) - raft.server.watch.timeout = 10s (default)
2019-07-30 17:29:44,055 INFO  server.RaftServerConfigKeys (ConfUtils.java:logGet(43)) - raft.server.watch.timeout.denomination = 1s (default)
2019-07-30 17:29:44,055 INFO  server.RaftServerConfigKeys (ConfUtils.java:logGet(43)) - raft.server.watch.element-limit = 65536 (default)
2019-07-30 17:29:44,056 INFO  impl.RoleInfo (RoleInfo.java:updateAndGet(143)) - ff2430b7-14fd-494f-a51d-9dc76984be1f: start LeaderState
2019-07-30 17:29:44,056 INFO  segmented.SegmentedRaftLogWorker (SegmentedRaftLogWorker.java:startLogSegment(380)) - ff2430b7-14fd-494f-a51d-9dc76984be1f-SegmentedRaftLogWorker:Storage Directory /workdir/hadoop-ozone/integration-test/target/test-dir/MiniOzoneClusterImpl-2cb30d7a-e74d-4778-a9d8-49d98bdf9b48/datanode-5/data/ratis/00d1c817-aeb5-4798-acc1-4b39dbf03caf: Starting segment from index:0
2019-07-30 17:29:44,057 INFO  impl.RaftServerImpl (ServerState.java:setRaftConf(361)) - ff2430b7-14fd-494f-a51d-9dc76984be1f:group-4B39DBF03CAF set configuration 0: [ff2430b7-14fd-494f-a51d-9dc76984be1f:192.168.5.177:44003], old=null at 0
2019-07-30 17:29:44,082 INFO  segmented.SegmentedRaftLogWorker (SegmentedRaftLogWorker.java:execute(569)) - ff2430b7-14fd-494f-a51d-9dc76984be1f-SegmentedRaftLogWorker:Storage Directory /workdir/hadoop-ozone/integration-test/target/test-dir/MiniOzoneClusterImpl-2cb30d7a-e74d-4778-a9d8-49d98bdf9b48/datanode-5/data/ratis/00d1c817-aeb5-4798-acc1-4b39dbf03caf: created new log segment /workdir/hadoop-ozone/integration-test/target/test-dir/MiniOzoneClusterImpl-2cb30d7a-e74d-4778-a9d8-49d98bdf9b48/datanode-5/data/ratis/00d1c817-aeb5-4798-acc1-4b39dbf03caf/current/log_inprogress_0
2019-07-30 17:29:44,108 INFO  impl.FollowerState (FollowerState.java:run(106)) - ff2430b7-14fd-494f-a51d-9dc76984be1f:group-051042233452 changes to CANDIDATE, lastRpcTime:5076, electionTimeout:5076ms
2019-07-30 17:29:44,108 INFO  impl.RoleInfo (RoleInfo.java:shutdownFollowerState(121)) - ff2430b7-14fd-494f-a51d-9dc76984be1f: shutdown FollowerState
2019-07-30 17:29:44,108 INFO  impl.RaftServerImpl (RaftServerImpl.java:setRole(171)) - ff2430b7-14fd-494f-a51d-9dc76984be1f:group-051042233452 changes role from FOLLOWER to CANDIDATE at term 0 for changeToCandidate
2019-07-30 17:29:44,108 INFO  impl.RoleInfo (RoleInfo.java:updateAndGet(143)) - ff2430b7-14fd-494f-a51d-9dc76984be1f: start LeaderElection
2019-07-30 17:29:44,119 INFO  impl.LeaderElection (LeaderElection.java:askForVotes(181)) - ff2430b7-14fd-494f-a51d-9dc76984be1f:group-051042233452:LeaderElection20: begin an election at term 1 for -1: [31a59b49-0d6e-4847-9fd7-4dce12dbd624:192.168.5.177:33799, ff2430b7-14fd-494f-a51d-9dc76984be1f:192.168.5.177:44003, db4c36da-b98b-4ba5-a1c9-f857ffceeaab:192.168.5.177:37378], old=null
2019-07-30 17:29:44,140 INFO  impl.RaftServerImpl (RaftServerImpl.java:setRole(171)) - 31a59b49-0d6e-4847-9fd7-4dce12dbd624:group-051042233452 changes role from FOLLOWER to FOLLOWER at term 1 for recognizeCandidate:ff2430b7-14fd-494f-a51d-9dc76984be1f
2019-07-30 17:29:44,140 INFO  impl.RaftServerImpl (RaftServerImpl.java:setRole(171)) - db4c36da-b98b-4ba5-a1c9-f857ffceeaab:group-051042233452 changes role from FOLLOWER to FOLLOWER at term 1 for recognizeCandidate:ff2430b7-14fd-494f-a51d-9dc76984be1f
2019-07-30 17:29:44,140 INFO  impl.RoleInfo (RoleInfo.java:shutdownFollowerState(121)) - 31a59b49-0d6e-4847-9fd7-4dce12dbd624: shutdown FollowerState
2019-07-30 17:29:44,140 INFO  impl.RoleInfo (RoleInfo.java:shutdownFollowerState(121)) - db4c36da-b98b-4ba5-a1c9-f857ffceeaab: shutdown FollowerState
2019-07-30 17:29:44,141 INFO  impl.RoleInfo (RoleInfo.java:updateAndGet(143)) - 31a59b49-0d6e-4847-9fd7-4dce12dbd624: start FollowerState
2019-07-30 17:29:44,141 INFO  impl.FollowerState (FollowerState.java:run(114)) - db4c36da-b98b-4ba5-a1c9-f857ffceeaab: FollowerState was interrupted: java.lang.InterruptedException: sleep interrupted
2019-07-30 17:29:44,141 INFO  impl.FollowerState (FollowerState.java:run(114)) - 31a59b49-0d6e-4847-9fd7-4dce12dbd624: FollowerState was interrupted: java.lang.InterruptedException: sleep interrupted
2019-07-30 17:29:44,141 INFO  impl.RoleInfo (RoleInfo.java:updateAndGet(143)) - db4c36da-b98b-4ba5-a1c9-f857ffceeaab: start FollowerState
2019-07-30 17:29:44,152 INFO  impl.LeaderElection (LeaderElection.java:logAndReturn(56)) - ff2430b7-14fd-494f-a51d-9dc76984be1f:group-051042233452:LeaderElection20: Election PASSED; received 1 response(s) [ff2430b7-14fd-494f-a51d-9dc76984be1f<-db4c36da-b98b-4ba5-a1c9-f857ffceeaab#0:OK-t1] and 0 exception(s); ff2430b7-14fd-494f-a51d-9dc76984be1f:t1, leader=null, voted=ff2430b7-14fd-494f-a51d-9dc76984be1f, raftlog=ff2430b7-14fd-494f-a51d-9dc76984be1f-SegmentedRaftLog:OPENED:c-1,f-1,i0, conf=-1: [31a59b49-0d6e-4847-9fd7-4dce12dbd624:192.168.5.177:33799, ff2430b7-14fd-494f-a51d-9dc76984be1f:192.168.5.177:44003, db4c36da-b98b-4ba5-a1c9-f857ffceeaab:192.168.5.177:37378], old=null
2019-07-30 17:29:44,152 INFO  impl.RoleInfo (RoleInfo.java:shutdownLeaderElection(134)) - ff2430b7-14fd-494f-a51d-9dc76984be1f: shutdown LeaderElection
2019-07-30 17:29:44,156 INFO  impl.RaftServerImpl (RaftServerImpl.java:setRole(171)) - ff2430b7-14fd-494f-a51d-9dc76984be1f:group-051042233452 changes role from CANDIDATE to LEADER at term 1 for changeToLeader
2019-07-30 17:29:44,156 INFO  impl.RaftServerImpl (ServerState.java:setLeader(263)) - ff2430b7-14fd-494f-a51d-9dc76984be1f:group-051042233452 change Leader from null to ff2430b7-14fd-494f-a51d-9dc76984be1f at term 1 for becomeLeader, leader elected after 5134ms
2019-07-30 17:29:44,156 INFO  server.RaftServerConfigKeys (ConfUtils.java:logGet(43)) - raft.server.staging.catchup.gap = 1000 (default)
2019-07-30 17:29:44,157 INFO  server.RaftServerConfigKeys (ConfUtils.java:logGet(43)) - raft.server.rpc.sleep.time = 25ms (default)
2019-07-30 17:29:44,157 INFO  server.RaftServerConfigKeys (ConfUtils.java:logGet(43)) - raft.server.write.element-limit = 4096 (default)
2019-07-30 17:29:44,157 INFO  server.RaftServerConfigKeys (ConfUtils.java:logGet(43)) - raft.server.watch.timeout = 10s (default)
2019-07-30 17:29:44,157 INFO  server.RaftServerConfigKeys (ConfUtils.java:logGet(43)) - raft.server.watch.timeout.denomination = 1s (default)
2019-07-30 17:29:44,158 INFO  server.RaftServerConfigKeys (ConfUtils.java:logGet(43)) - raft.server.watch.element-limit = 65536 (default)
2019-07-30 17:29:44,158 INFO  server.RaftServerConfigKeys (ConfUtils.java:logGet(43)) - raft.server.log.appender.snapshot.chunk.size.max = 16MB (=16777216) (default)
2019-07-30 17:29:44,158 INFO  server.RaftServerConfigKeys (ConfUtils.java:logGet(43)) - raft.server.log.appender.buffer.byte-limit = 33554432 (custom)
2019-07-30 17:29:44,159 INFO  server.RaftServerConfigKeys (ConfUtils.java:logGet(43)) - raft.server.log.appender.buffer.element-limit = 1 (custom)
2019-07-30 17:29:44,159 INFO  grpc.GrpcConfigKeys$Server (ConfUtils.java:logGet(43)) - raft.grpc.server.leader.outstanding.appends.max = 128 (default)
2019-07-30 17:29:44,159 INFO  server.RaftServerConfigKeys (ConfUtils.java:logGet(43)) - raft.server.rpc.request.timeout = 3000ms (default)
2019-07-30 17:29:44,160 INFO  server.RaftServerConfigKeys (ConfUtils.java:logGet(43)) - raft.server.log.appender.install.snapshot.enabled = false (custom)
2019-07-30 17:29:44,160 INFO  server.RaftServerConfigKeys (ConfUtils.java:logGet(43)) - raft.server.log.appender.snapshot.chunk.size.max = 16MB (=16777216) (default)
2019-07-30 17:29:44,160 INFO  server.RaftServerConfigKeys (ConfUtils.java:logGet(43)) - raft.server.log.appender.buffer.byte-limit = 33554432 (custom)
2019-07-30 17:29:44,161 INFO  server.RaftServerConfigKeys (ConfUtils.java:logGet(43)) - raft.server.log.appender.buffer.element-limit = 1 (custom)
2019-07-30 17:29:44,161 INFO  grpc.GrpcConfigKeys$Server (ConfUtils.java:logGet(43)) - raft.grpc.server.leader.outstanding.appends.max = 128 (default)
2019-07-30 17:29:44,161 INFO  server.RaftServerConfigKeys (ConfUtils.java:logGet(43)) - raft.server.rpc.request.timeout = 3000ms (default)
2019-07-30 17:29:44,161 INFO  server.RaftServerConfigKeys (ConfUtils.java:logGet(43)) - raft.server.log.appender.install.snapshot.enabled = false (custom)
2019-07-30 17:29:44,162 INFO  impl.RoleInfo (RoleInfo.java:updateAndGet(143)) - ff2430b7-14fd-494f-a51d-9dc76984be1f: start LeaderState
2019-07-30 17:29:44,162 INFO  segmented.SegmentedRaftLogWorker (SegmentedRaftLogWorker.java:startLogSegment(380)) - ff2430b7-14fd-494f-a51d-9dc76984be1f-SegmentedRaftLogWorker:Storage Directory /workdir/hadoop-ozone/integration-test/target/test-dir/MiniOzoneClusterImpl-2cb30d7a-e74d-4778-a9d8-49d98bdf9b48/datanode-5/data/ratis/d4ec5d87-636e-46ae-b9b0-051042233452: Starting segment from index:0
2019-07-30 17:29:44,164 INFO  impl.RaftServerImpl (ServerState.java:setRaftConf(361)) - ff2430b7-14fd-494f-a51d-9dc76984be1f:group-051042233452 set configuration 0: [31a59b49-0d6e-4847-9fd7-4dce12dbd624:192.168.5.177:33799, ff2430b7-14fd-494f-a51d-9dc76984be1f:192.168.5.177:44003, db4c36da-b98b-4ba5-a1c9-f857ffceeaab:192.168.5.177:37378], old=null at 0
2019-07-30 17:29:44,206 INFO  segmented.SegmentedRaftLogWorker (SegmentedRaftLogWorker.java:execute(569)) - ff2430b7-14fd-494f-a51d-9dc76984be1f-SegmentedRaftLogWorker:Storage Directory /workdir/hadoop-ozone/integration-test/target/test-dir/MiniOzoneClusterImpl-2cb30d7a-e74d-4778-a9d8-49d98bdf9b48/datanode-5/data/ratis/d4ec5d87-636e-46ae-b9b0-051042233452: created new log segment /workdir/hadoop-ozone/integration-test/target/test-dir/MiniOzoneClusterImpl-2cb30d7a-e74d-4778-a9d8-49d98bdf9b48/datanode-5/data/ratis/d4ec5d87-636e-46ae-b9b0-051042233452/current/log_inprogress_0
2019-07-30 17:29:44,208 INFO  impl.RaftServerImpl (ServerState.java:setLeader(263)) - db4c36da-b98b-4ba5-a1c9-f857ffceeaab:group-051042233452 change Leader from null to ff2430b7-14fd-494f-a51d-9dc76984be1f at term 1 for appendEntries, leader elected after 5187ms
2019-07-30 17:29:44,208 INFO  impl.RaftServerImpl (ServerState.java:setLeader(263)) - 31a59b49-0d6e-4847-9fd7-4dce12dbd624:group-051042233452 change Leader from null to ff2430b7-14fd-494f-a51d-9dc76984be1f at term 1 for appendEntries, leader elected after 5186ms
2019-07-30 17:29:44,211 INFO  impl.RaftServerImpl (ServerState.java:setRaftConf(361)) - db4c36da-b98b-4ba5-a1c9-f857ffceeaab:group-051042233452 set configuration 0: [31a59b49-0d6e-4847-9fd7-4dce12dbd624:192.168.5.177:33799, ff2430b7-14fd-494f-a51d-9dc76984be1f:192.168.5.177:44003, db4c36da-b98b-4ba5-a1c9-f857ffceeaab:192.168.5.177:37378], old=null at 0
2019-07-30 17:29:44,211 INFO  impl.RaftServerImpl (ServerState.java:setRaftConf(361)) - 31a59b49-0d6e-4847-9fd7-4dce12dbd624:group-051042233452 set configuration 0: [31a59b49-0d6e-4847-9fd7-4dce12dbd624:192.168.5.177:33799, ff2430b7-14fd-494f-a51d-9dc76984be1f:192.168.5.177:44003, db4c36da-b98b-4ba5-a1c9-f857ffceeaab:192.168.5.177:37378], old=null at 0
2019-07-30 17:29:44,212 INFO  segmented.SegmentedRaftLogWorker (SegmentedRaftLogWorker.java:startLogSegment(380)) - db4c36da-b98b-4ba5-a1c9-f857ffceeaab-SegmentedRaftLogWorker:Storage Directory /workdir/hadoop-ozone/integration-test/target/test-dir/MiniOzoneClusterImpl-2cb30d7a-e74d-4778-a9d8-49d98bdf9b48/datanode-4/data/ratis/d4ec5d87-636e-46ae-b9b0-051042233452: Starting segment from index:0
2019-07-30 17:29:44,212 INFO  segmented.SegmentedRaftLogWorker (SegmentedRaftLogWorker.java:startLogSegment(380)) - 31a59b49-0d6e-4847-9fd7-4dce12dbd624-SegmentedRaftLogWorker:Storage Directory /workdir/hadoop-ozone/integration-test/target/test-dir/MiniOzoneClusterImpl-2cb30d7a-e74d-4778-a9d8-49d98bdf9b48/datanode-3/data/ratis/d4ec5d87-636e-46ae-b9b0-051042233452: Starting segment from index:0
2019-07-30 17:29:44,245 INFO  segmented.SegmentedRaftLogWorker (SegmentedRaftLogWorker.java:execute(569)) - 31a59b49-0d6e-4847-9fd7-4dce12dbd624-SegmentedRaftLogWorker:Storage Directory /workdir/hadoop-ozone/integration-test/target/test-dir/MiniOzoneClusterImpl-2cb30d7a-e74d-4778-a9d8-49d98bdf9b48/datanode-3/data/ratis/d4ec5d87-636e-46ae-b9b0-051042233452: created new log segment /workdir/hadoop-ozone/integration-test/target/test-dir/MiniOzoneClusterImpl-2cb30d7a-e74d-4778-a9d8-49d98bdf9b48/datanode-3/data/ratis/d4ec5d87-636e-46ae-b9b0-051042233452/current/log_inprogress_0
2019-07-30 17:29:44,251 INFO  segmented.SegmentedRaftLogWorker (SegmentedRaftLogWorker.java:execute(569)) - db4c36da-b98b-4ba5-a1c9-f857ffceeaab-SegmentedRaftLogWorker:Storage Directory /workdir/hadoop-ozone/integration-test/target/test-dir/MiniOzoneClusterImpl-2cb30d7a-e74d-4778-a9d8-49d98bdf9b48/datanode-4/data/ratis/d4ec5d87-636e-46ae-b9b0-051042233452: created new log segment /workdir/hadoop-ozone/integration-test/target/test-dir/MiniOzoneClusterImpl-2cb30d7a-e74d-4778-a9d8-49d98bdf9b48/datanode-4/data/ratis/d4ec5d87-636e-46ae-b9b0-051042233452/current/log_inprogress_0
2019-07-30 17:29:44,301 INFO  impl.FollowerState (FollowerState.java:run(106)) - 2b36bdea-5609-4f94-a26e-9eaaa12a3a7f:group-4D6A3F42AFAD changes to CANDIDATE, lastRpcTime:5125, electionTimeout:5125ms
2019-07-30 17:29:44,301 INFO  impl.RoleInfo (RoleInfo.java:shutdownFollowerState(121)) - 2b36bdea-5609-4f94-a26e-9eaaa12a3a7f: shutdown FollowerState
2019-07-30 17:29:44,301 INFO  impl.RaftServerImpl (RaftServerImpl.java:setRole(171)) - 2b36bdea-5609-4f94-a26e-9eaaa12a3a7f:group-4D6A3F42AFAD changes role from FOLLOWER to CANDIDATE at term 0 for changeToCandidate
2019-07-30 17:29:44,301 INFO  impl.RoleInfo (RoleInfo.java:updateAndGet(143)) - 2b36bdea-5609-4f94-a26e-9eaaa12a3a7f: start LeaderElection
2019-07-30 17:29:44,320 INFO  impl.LeaderElection (LeaderElection.java:askForVotes(181)) - 2b36bdea-5609-4f94-a26e-9eaaa12a3a7f:group-4D6A3F42AFAD:LeaderElection21: begin an election at term 1 for -1: [2b36bdea-5609-4f94-a26e-9eaaa12a3a7f:192.168.5.177:33130], old=null
2019-07-30 17:29:44,320 INFO  impl.RoleInfo (RoleInfo.java:shutdownLeaderElection(134)) - 2b36bdea-5609-4f94-a26e-9eaaa12a3a7f: shutdown LeaderElection
2019-07-30 17:29:44,320 INFO  impl.RaftServerImpl (RaftServerImpl.java:setRole(171)) - 2b36bdea-5609-4f94-a26e-9eaaa12a3a7f:group-4D6A3F42AFAD changes role from CANDIDATE to LEADER at term 1 for changeToLeader
2019-07-30 17:29:44,320 INFO  impl.RaftServerImpl (ServerState.java:setLeader(263)) - 2b36bdea-5609-4f94-a26e-9eaaa12a3a7f:group-4D6A3F42AFAD change Leader from null to 2b36bdea-5609-4f94-a26e-9eaaa12a3a7f at term 1 for becomeLeader, leader elected after 5149ms
2019-07-30 17:29:44,333 INFO  server.RaftServerConfigKeys (ConfUtils.java:logGet(43)) - raft.server.staging.catchup.gap = 1000 (default)
2019-07-30 17:29:44,333 INFO  server.RaftServerConfigKeys (ConfUtils.java:logGet(43)) - raft.server.rpc.sleep.time = 25ms (default)
2019-07-30 17:29:44,333 INFO  server.RaftServerConfigKeys (ConfUtils.java:logGet(43)) - raft.server.write.element-limit = 4096 (default)
2019-07-30 17:29:44,333 INFO  server.RaftServerConfigKeys (ConfUtils.java:logGet(43)) - raft.server.watch.timeout = 10s (default)
2019-07-30 17:29:44,333 INFO  server.RaftServerConfigKeys (ConfUtils.java:logGet(43)) - raft.server.watch.timeout.denomination = 1s (default)
2019-07-30 17:29:44,334 INFO  server.RaftServerConfigKeys (ConfUtils.java:logGet(43)) - raft.server.watch.element-limit = 65536 (default)
2019-07-30 17:29:44,334 INFO  impl.RoleInfo (RoleInfo.java:updateAndGet(143)) - 2b36bdea-5609-4f94-a26e-9eaaa12a3a7f: start LeaderState
2019-07-30 17:29:44,334 INFO  segmented.SegmentedRaftLogWorker (SegmentedRaftLogWorker.java:startLogSegment(380)) - 2b36bdea-5609-4f94-a26e-9eaaa12a3a7f-SegmentedRaftLogWorker:Storage Directory /workdir/hadoop-ozone/integration-test/target/test-dir/MiniOzoneClusterImpl-2cb30d7a-e74d-4778-a9d8-49d98bdf9b48/datanode-6/data/ratis/c0457ec3-1fa1-4b7e-b599-4d6a3f42afad: Starting segment from index:0
2019-07-30 17:29:44,334 INFO  impl.RaftServerImpl (ServerState.java:setRaftConf(361)) - 2b36bdea-5609-4f94-a26e-9eaaa12a3a7f:group-4D6A3F42AFAD set configuration 0: [2b36bdea-5609-4f94-a26e-9eaaa12a3a7f:192.168.5.177:33130], old=null at 0
2019-07-30 17:29:44,383 INFO  client.GrpcClientProtocolClient (GrpcClientProtocolClient.java:onNext(255)) - client-F5376F6B12B6->b62a6e62-05c5-4b06-91dc-725b110dfd52: receive RaftClientReply:client-F5376F6B12B6->b62a6e62-05c5-4b06-91dc-725b110dfd52@group-2D02AB898737, cid=42, FAILED org.apache.ratis.protocol.NotLeaderException: Server b62a6e62-05c5-4b06-91dc-725b110dfd52 is not the leader (17c291a8-e7ad-46d9-a2ed-c76b788eab4f:192.168.5.177:45632). Request must be sent to leader., logIndex=0, commits[b62a6e62-05c5-4b06-91dc-725b110dfd52:c-1, 17c291a8-e7ad-46d9-a2ed-c76b788eab4f:c-1, 1bfa9654-7d7b-491a-884c-918bbb9d6c3f:c-1]
2019-07-30 17:29:44,393 INFO  segmented.SegmentedRaftLogWorker (SegmentedRaftLogWorker.java:execute(569)) - 2b36bdea-5609-4f94-a26e-9eaaa12a3a7f-SegmentedRaftLogWorker:Storage Directory /workdir/hadoop-ozone/integration-test/target/test-dir/MiniOzoneClusterImpl-2cb30d7a-e74d-4778-a9d8-49d98bdf9b48/datanode-6/data/ratis/c0457ec3-1fa1-4b7e-b599-4d6a3f42afad: created new log segment /workdir/hadoop-ozone/integration-test/target/test-dir/MiniOzoneClusterImpl-2cb30d7a-e74d-4778-a9d8-49d98bdf9b48/datanode-6/data/ratis/c0457ec3-1fa1-4b7e-b599-4d6a3f42afad/current/log_inprogress_0
2019-07-30 17:29:44,476 INFO  client.GrpcClientProtocolClient (GrpcClientProtocolClient.java:onNext(255)) - client-F5376F6B12B6->17c291a8-e7ad-46d9-a2ed-c76b788eab4f: receive RaftClientReply:client-F5376F6B12B6->17c291a8-e7ad-46d9-a2ed-c76b788eab4f@group-2D02AB898737, cid=42, SUCCESS, logIndex=1, commits[17c291a8-e7ad-46d9-a2ed-c76b788eab4f:c2, b62a6e62-05c5-4b06-91dc-725b110dfd52:c1, 1bfa9654-7d7b-491a-884c-918bbb9d6c3f:c1]
2019-07-30 17:29:44,560 INFO  client.GrpcClientProtocolClient (GrpcClientProtocolClient.java:onNext(255)) - client-F5376F6B12B6->17c291a8-e7ad-46d9-a2ed-c76b788eab4f: receive RaftClientReply:client-F5376F6B12B6->17c291a8-e7ad-46d9-a2ed-c76b788eab4f@group-2D02AB898737, cid=43, SUCCESS, logIndex=3, commits[17c291a8-e7ad-46d9-a2ed-c76b788eab4f:c4, b62a6e62-05c5-4b06-91dc-725b110dfd52:c3, 1bfa9654-7d7b-491a-884c-918bbb9d6c3f:c3]
2019-07-30 17:29:44,622 INFO  client.GrpcClientProtocolClient (GrpcClientProtocolClient.java:onNext(255)) - client-F5376F6B12B6->17c291a8-e7ad-46d9-a2ed-c76b788eab4f: receive RaftClientReply:client-F5376F6B12B6->17c291a8-e7ad-46d9-a2ed-c76b788eab4f@group-2D02AB898737, cid=44, SUCCESS, logIndex=5, commits[17c291a8-e7ad-46d9-a2ed-c76b788eab4f:c6, b62a6e62-05c5-4b06-91dc-725b110dfd52:c5, 1bfa9654-7d7b-491a-884c-918bbb9d6c3f:c5]
2019-07-30 17:29:44,639 INFO  client.GrpcClientProtocolClient (GrpcClientProtocolClient.java:onNext(255)) - client-F5376F6B12B6->17c291a8-e7ad-46d9-a2ed-c76b788eab4f: receive RaftClientReply:client-F5376F6B12B6->17c291a8-e7ad-46d9-a2ed-c76b788eab4f@group-2D02AB898737, cid=45, FAILED org.apache.ratis.protocol.StateMachineException: java.util.concurrent.CompletionException: java.lang.IllegalArgumentException, logIndex=7, commits[17c291a8-e7ad-46d9-a2ed-c76b788eab4f:c7, b62a6e62-05c5-4b06-91dc-725b110dfd52:c6, 1bfa9654-7d7b-491a-884c-918bbb9d6c3f:c6]
2019-07-30 17:29:44,643 INFO  ozone.MiniOzoneClusterImpl (MiniOzoneClusterImpl.java:shutdown(321)) - Shutting down the Mini Ozone Cluster
2019-07-30 17:29:44,644 INFO  ozone.MiniOzoneClusterImpl (MiniOzoneClusterImpl.java:stop(336)) - Stopping the Mini Ozone Cluster
2019-07-30 17:29:44,644 INFO  ozone.MiniOzoneClusterImpl (MiniOzoneClusterImpl.java:stop(338)) - Stopping the OzoneManager
2019-07-30 17:29:44,644 INFO  ipc.Server (Server.java:stop(3082)) - Stopping server on 39728
2019-07-30 17:29:44,654 INFO  ipc.Server (Server.java:run(1185)) - Stopping IPC Server listener on 39728
2019-07-30 17:29:44,656 INFO  utils.BackgroundService (BackgroundService.java:shutdown(148)) - Shutting down service KeyDeletingService
2019-07-30 17:29:44,658 INFO  ipc.Server (Server.java:run(1319)) - Stopping IPC Server Responder
2019-07-30 17:29:44,668 INFO  handler.ContextHandler (ContextHandler.java:doStop(910)) - Stopped o.e.j.w.WebAppContext@3212d853{/,null,UNAVAILABLE}{/ozoneManager}
2019-07-30 17:29:44,669 INFO  server.AbstractConnector (AbstractConnector.java:doStop(318)) - Stopped ServerConnector@74c7522c{HTTP/1.1,[http/1.1]}{0.0.0.0:0}
2019-07-30 17:29:44,669 INFO  handler.ContextHandler (ContextHandler.java:doStop(910)) - Stopped o.e.j.s.ServletContextHandler@1a536164{/static,file:///workdir/hadoop-ozone/integration-test/target/test-classes/webapps/static,UNAVAILABLE}
2019-07-30 17:29:44,670 INFO  handler.ContextHandler (ContextHandler.java:doStop(910)) - Stopped o.e.j.s.ServletContextHandler@63187d63{/logs,file:///workdir/hadoop-ozone/integration-test/target/log,UNAVAILABLE}
2019-07-30 17:29:44,674 INFO  ozone.MiniOzoneClusterImpl (MiniOzoneClusterImpl.java:stop(344)) - Shutting the HddsDatanodes
2019-07-30 17:29:44,674 INFO  datanode.ObjectStoreHandler (ObjectStoreHandler.java:close(155)) - Closing ObjectStoreHandler.
2019-07-30 17:29:44,674 INFO  datanode.ObjectStoreHandler (ObjectStoreHandler.java:close(155)) - Closing ObjectStoreHandler.
2019-07-30 17:29:44,676 INFO  ozone.HddsDatanodeService (HddsDatanodeService.java:stop(451)) - Stopped plug-in org.apache.hadoop.ozone.web.OzoneHddsDatanodeService@69de72ec
2019-07-30 17:29:44,676 INFO  ozone.HddsDatanodeService (HddsDatanodeService.java:stop(451)) - Stopped plug-in org.apache.hadoop.ozone.web.OzoneHddsDatanodeService@34cf0e80
2019-07-30 17:29:44,680 INFO  statemachine.DatanodeStateMachine (DatanodeStateMachine.java:lambda$startDaemon$0(350)) - Ozone container server started.
2019-07-30 17:29:45,627 INFO  statemachine.DatanodeStateMachine (DatanodeStateMachine.java:lambda$startDaemon$0(350)) - Ozone container server started.
2019-07-30 17:29:49,677 INFO  ozoneimpl.OzoneContainer (OzoneContainer.java:stop(199)) - Attempting to stop container services.
2019-07-30 17:29:49,677 INFO  ozoneimpl.OzoneContainer (OzoneContainer.java:stop(199)) - Attempting to stop container services.
2019-07-30 17:29:49,677 INFO  impl.RaftServerProxy (RaftServerProxy.java:lambda$close$4(314)) - db4c36da-b98b-4ba5-a1c9-f857ffceeaab: close
2019-07-30 17:29:49,678 INFO  impl.RaftServerProxy (RaftServerProxy.java:lambda$close$4(314)) - 1bfa9654-7d7b-491a-884c-918bbb9d6c3f: close
2019-07-30 17:29:49,678 INFO  impl.RaftServerImpl (RaftServerImpl.java:lambda$shutdown$3(245)) - db4c36da-b98b-4ba5-a1c9-f857ffceeaab: shutdown group-101D19A4408C
2019-07-30 17:29:49,678 INFO  impl.RaftServerImpl (RaftServerImpl.java:lambda$shutdown$3(245)) - 1bfa9654-7d7b-491a-884c-918bbb9d6c3f: shutdown group-0C973E65093B
2019-07-30 17:29:49,679 INFO  util.JmxRegister (JmxRegister.java:unregister(73)) - Successfully un-registered JMX Bean with object name Ratis:service=RaftServer,group=group-101D19A4408C,id=db4c36da-b98b-4ba5-a1c9-f857ffceeaab
2019-07-30 17:29:49,679 INFO  util.JmxRegister (JmxRegister.java:unregister(73)) - Successfully un-registered JMX Bean with object name Ratis:service=RaftServer,group=group-0C973E65093B,id=1bfa9654-7d7b-491a-884c-918bbb9d6c3f
2019-07-30 17:29:49,679 INFO  impl.RoleInfo (RoleInfo.java:shutdownLeaderState(104)) - db4c36da-b98b-4ba5-a1c9-f857ffceeaab: shutdown LeaderState
2019-07-30 17:29:49,679 INFO  impl.RoleInfo (RoleInfo.java:shutdownLeaderState(104)) - 1bfa9654-7d7b-491a-884c-918bbb9d6c3f: shutdown LeaderState
2019-07-30 17:29:49,680 INFO  impl.PendingRequests (PendingRequests.java:sendNotLeaderResponses(202)) - db4c36da-b98b-4ba5-a1c9-f857ffceeaab-PendingRequests: sendNotLeaderResponses
2019-07-30 17:29:49,680 INFO  impl.PendingRequests (PendingRequests.java:sendNotLeaderResponses(202)) - 1bfa9654-7d7b-491a-884c-918bbb9d6c3f-PendingRequests: sendNotLeaderResponses
2019-07-30 17:29:49,681 INFO  impl.StateMachineUpdater (StateMachineUpdater.java:stopAndJoin(115)) - StateMachineUpdater:db4c36da-b98b-4ba5-a1c9-f857ffceeaab:group-101D19A4408C: set stopIndex = 0
2019-07-30 17:29:49,685 INFO  impl.StateMachineUpdater (StateMachineUpdater.java:stopAndJoin(115)) - StateMachineUpdater:1bfa9654-7d7b-491a-884c-918bbb9d6c3f:group-0C973E65093B: set stopIndex = 0
2019-07-30 17:29:49,688 INFO  impl.RaftServerImpl (ServerState.java:close(394)) - db4c36da-b98b-4ba5-a1c9-f857ffceeaab:group-101D19A4408C closes. The last applied log index is 0
2019-07-30 17:29:49,688 INFO  impl.RaftServerImpl (ServerState.java:close(394)) - 1bfa9654-7d7b-491a-884c-918bbb9d6c3f:group-0C973E65093B closes. The last applied log index is 0
2019-07-30 17:29:49,689 INFO  segmented.SegmentedRaftLogWorker (SegmentedRaftLogWorker.java:run(313)) - db4c36da-b98b-4ba5-a1c9-f857ffceeaab-SegmentedRaftLogWorker:Storage Directory /workdir/hadoop-ozone/integration-test/target/test-dir/MiniOzoneClusterImpl-2cb30d7a-e74d-4778-a9d8-49d98bdf9b48/datanode-4/data/ratis/25fdf89c-b358-4c4a-8bf1-101d19a4408c was interrupted, exiting. There are 0 tasks remaining in the queue.
2019-07-30 17:29:49,689 INFO  segmented.SegmentedRaftLogWorker (SegmentedRaftLogWorker.java:run(313)) - 1bfa9654-7d7b-491a-884c-918bbb9d6c3f-SegmentedRaftLogWorker:Storage Directory /workdir/hadoop-ozone/integration-test/target/test-dir/MiniOzoneClusterImpl-2cb30d7a-e74d-4778-a9d8-49d98bdf9b48/datanode-1/data/ratis/6310aca2-2c5b-44fd-8638-0c973e65093b was interrupted, exiting. There are 0 tasks remaining in the queue.
2019-07-30 17:29:49,694 INFO  segmented.SegmentedRaftLogWorker (SegmentedRaftLogWorker.java:close(228)) - db4c36da-b98b-4ba5-a1c9-f857ffceeaab-SegmentedRaftLogWorker:Storage Directory /workdir/hadoop-ozone/integration-test/target/test-dir/MiniOzoneClusterImpl-2cb30d7a-e74d-4778-a9d8-49d98bdf9b48/datanode-4/data/ratis/25fdf89c-b358-4c4a-8bf1-101d19a4408c close()
2019-07-30 17:29:49,694 INFO  segmented.SegmentedRaftLogWorker (SegmentedRaftLogWorker.java:close(228)) - 1bfa9654-7d7b-491a-884c-918bbb9d6c3f-SegmentedRaftLogWorker:Storage Directory /workdir/hadoop-ozone/integration-test/target/test-dir/MiniOzoneClusterImpl-2cb30d7a-e74d-4778-a9d8-49d98bdf9b48/datanode-1/data/ratis/6310aca2-2c5b-44fd-8638-0c973e65093b close()
2019-07-30 17:29:49,697 INFO  impl.RaftServerImpl (RaftServerImpl.java:lambda$shutdown$3(245)) - db4c36da-b98b-4ba5-a1c9-f857ffceeaab: shutdown group-051042233452
2019-07-30 17:29:49,700 INFO  impl.RaftServerImpl (RaftServerImpl.java:lambda$shutdown$3(245)) - 1bfa9654-7d7b-491a-884c-918bbb9d6c3f: shutdown group-2D02AB898737
2019-07-30 17:29:49,700 INFO  util.JmxRegister (JmxRegister.java:unregister(73)) - Successfully un-registered JMX Bean with object name Ratis:service=RaftServer,group=group-051042233452,id=db4c36da-b98b-4ba5-a1c9-f857ffceeaab
2019-07-30 17:29:49,701 INFO  impl.RoleInfo (RoleInfo.java:shutdownFollowerState(121)) - db4c36da-b98b-4ba5-a1c9-f857ffceeaab: shutdown FollowerState
2019-07-30 17:29:49,701 INFO  util.JmxRegister (JmxRegister.java:unregister(73)) - Successfully un-registered JMX Bean with object name Ratis:service=RaftServer,group=group-2D02AB898737,id=1bfa9654-7d7b-491a-884c-918bbb9d6c3f
2019-07-30 17:29:49,701 INFO  impl.FollowerState (FollowerState.java:run(114)) - db4c36da-b98b-4ba5-a1c9-f857ffceeaab: FollowerState was interrupted: java.lang.InterruptedException: sleep interrupted
2019-07-30 17:29:49,701 INFO  impl.StateMachineUpdater (StateMachineUpdater.java:stopAndJoin(115)) - StateMachineUpdater:db4c36da-b98b-4ba5-a1c9-f857ffceeaab:group-051042233452: set stopIndex = 0
2019-07-30 17:29:49,705 INFO  impl.RaftServerImpl (ServerState.java:close(394)) - db4c36da-b98b-4ba5-a1c9-f857ffceeaab:group-051042233452 closes. The last applied log index is 0
2019-07-30 17:29:49,703 INFO  impl.RoleInfo (RoleInfo.java:shutdownFollowerState(121)) - 1bfa9654-7d7b-491a-884c-918bbb9d6c3f: shutdown FollowerState
2019-07-30 17:29:49,706 INFO  segmented.SegmentedRaftLogWorker (SegmentedRaftLogWorker.java:run(313)) - db4c36da-b98b-4ba5-a1c9-f857ffceeaab-SegmentedRaftLogWorker:Storage Directory /workdir/hadoop-ozone/integration-test/target/test-dir/MiniOzoneClusterImpl-2cb30d7a-e74d-4778-a9d8-49d98bdf9b48/datanode-4/data/ratis/d4ec5d87-636e-46ae-b9b0-051042233452 was interrupted, exiting. There are 0 tasks remaining in the queue.
2019-07-30 17:29:49,706 INFO  impl.FollowerState (FollowerState.java:run(114)) - 1bfa9654-7d7b-491a-884c-918bbb9d6c3f: FollowerState was interrupted: java.lang.InterruptedException: sleep interrupted
2019-07-30 17:29:49,707 INFO  segmented.SegmentedRaftLogWorker (SegmentedRaftLogWorker.java:close(228)) - db4c36da-b98b-4ba5-a1c9-f857ffceeaab-SegmentedRaftLogWorker:Storage Directory /workdir/hadoop-ozone/integration-test/target/test-dir/MiniOzoneClusterImpl-2cb30d7a-e74d-4778-a9d8-49d98bdf9b48/datanode-4/data/ratis/d4ec5d87-636e-46ae-b9b0-051042233452 close()
2019-07-30 17:29:49,706 INFO  impl.StateMachineUpdater (StateMachineUpdater.java:stopAndJoin(115)) - StateMachineUpdater:1bfa9654-7d7b-491a-884c-918bbb9d6c3f:group-2D02AB898737: set stopIndex = 8
2019-07-30 17:29:49,712 INFO  server.GrpcService (GrpcService.java:closeImpl(155)) - db4c36da-b98b-4ba5-a1c9-f857ffceeaab: shutdown server with port 37378 now
2019-07-30 17:29:49,706 INFO  ratis.ContainerStateMachine (ContainerStateMachine.java:takeSnapshot(262)) - group-2D02AB898737: Taking a snapshot at:(t:1, i:6) file /workdir/hadoop-ozone/integration-test/target/test-dir/MiniOzoneClusterImpl-2cb30d7a-e74d-4778-a9d8-49d98bdf9b48/datanode-1/data/ratis/d8900fbc-2de6-4085-a2c5-2d02ab898737/sm/snapshot.1_6
2019-07-30 17:29:49,716 WARN  server.GrpcServerProtocolService (LogUtils.java:warn(134)) - db4c36da-b98b-4ba5-a1c9-f857ffceeaab: appendEntries onError: org.apache.ratis.thirdparty.io.grpc.StatusRuntimeException: CANCELLED: cancelled before receiving half close
2019-07-30 17:29:49,717 INFO  server.GrpcService (GrpcService.java:closeImpl(163)) - db4c36da-b98b-4ba5-a1c9-f857ffceeaab: shutdown server with port 37378 successfully
2019-07-30 17:29:49,717 WARN  server.GrpcLogAppender (LogUtils.java:warn(134)) - ff2430b7-14fd-494f-a51d-9dc76984be1f->db4c36da-b98b-4ba5-a1c9-f857ffceeaab: Failed appendEntries: org.apache.ratis.thirdparty.io.grpc.StatusRuntimeException: CANCELLED: HTTP/2 error code: CANCEL
Received Rst Stream
2019-07-30 17:29:49,721 INFO  impl.FollowerInfo (FollowerInfo.java:lambda$new$0(50)) - ff2430b7-14fd-494f-a51d-9dc76984be1f->db4c36da-b98b-4ba5-a1c9-f857ffceeaab: nextIndex: updateUnconditionally 1 -> 0
2019-07-30 17:29:49,721 INFO  utils.BackgroundService (BackgroundService.java:shutdown(148)) - Shutting down service BlockDeletingService
2019-07-30 17:29:49,727 INFO  ratis.ContainerStateMachine (ContainerStateMachine.java:takeSnapshot(273)) - group-2D02AB898737: Finished taking a snapshot at:(t:1, i:6) file:/workdir/hadoop-ozone/integration-test/target/test-dir/MiniOzoneClusterImpl-2cb30d7a-e74d-4778-a9d8-49d98bdf9b48/datanode-1/data/ratis/d8900fbc-2de6-4085-a2c5-2d02ab898737/sm/snapshot.1_6 time:21
2019-07-30 17:29:49,727 WARN  fs.CachingGetSpaceUsed (CachingGetSpaceUsed.java:run(183)) - Thread Interrupted waiting to refresh disk information: sleep interrupted
2019-07-30 17:29:49,727 INFO  impl.StateMachineUpdater (StateMachineUpdater.java:takeSnapshot(242)) - StateMachineUpdater:1bfa9654-7d7b-491a-884c-918bbb9d6c3f:group-2D02AB898737: Took a snapshot at index 6
2019-07-30 17:29:49,727 INFO  impl.StateMachineUpdater (StateMachineUpdater.java:lambda$new$0(80)) - StateMachineUpdater:1bfa9654-7d7b-491a-884c-918bbb9d6c3f:group-2D02AB898737: snapshotIndex: updateIncreasingly -1 -> 6
2019-07-30 17:29:49,728 INFO  impl.RaftServerImpl (ServerState.java:close(394)) - 1bfa9654-7d7b-491a-884c-918bbb9d6c3f:group-2D02AB898737 closes. The last applied log index is 8
2019-07-30 17:29:49,728 INFO  segmented.SegmentedRaftLogWorker (SegmentedRaftLogWorker.java:run(313)) - 1bfa9654-7d7b-491a-884c-918bbb9d6c3f-SegmentedRaftLogWorker:Storage Directory /workdir/hadoop-ozone/integration-test/target/test-dir/MiniOzoneClusterImpl-2cb30d7a-e74d-4778-a9d8-49d98bdf9b48/datanode-1/data/ratis/d8900fbc-2de6-4085-a2c5-2d02ab898737 was interrupted, exiting. There are 0 tasks remaining in the queue.
2019-07-30 17:29:49,731 INFO  segmented.SegmentedRaftLogWorker (SegmentedRaftLogWorker.java:close(228)) - 1bfa9654-7d7b-491a-884c-918bbb9d6c3f-SegmentedRaftLogWorker:Storage Directory /workdir/hadoop-ozone/integration-test/target/test-dir/MiniOzoneClusterImpl-2cb30d7a-e74d-4778-a9d8-49d98bdf9b48/datanode-1/data/ratis/d8900fbc-2de6-4085-a2c5-2d02ab898737 close()
2019-07-30 17:29:49,744 INFO  server.GrpcService (GrpcService.java:closeImpl(155)) - 1bfa9654-7d7b-491a-884c-918bbb9d6c3f: shutdown server with port 41595 now
2019-07-30 17:29:49,745 WARN  server.GrpcServerProtocolService (LogUtils.java:warn(134)) - 1bfa9654-7d7b-491a-884c-918bbb9d6c3f: appendEntries onError: org.apache.ratis.thirdparty.io.grpc.StatusRuntimeException: CANCELLED: cancelled before receiving half close
2019-07-30 17:29:49,746 INFO  server.GrpcService (GrpcService.java:closeImpl(163)) - 1bfa9654-7d7b-491a-884c-918bbb9d6c3f: shutdown server with port 41595 successfully
2019-07-30 17:29:49,748 WARN  server.GrpcLogAppender (LogUtils.java:warn(134)) - 17c291a8-e7ad-46d9-a2ed-c76b788eab4f->1bfa9654-7d7b-491a-884c-918bbb9d6c3f: Failed appendEntries: org.apache.ratis.thirdparty.io.grpc.StatusRuntimeException: CANCELLED: HTTP/2 error code: CANCEL
Received Rst Stream
2019-07-30 17:29:49,751 INFO  impl.FollowerInfo (FollowerInfo.java:lambda$new$0(50)) - 17c291a8-e7ad-46d9-a2ed-c76b788eab4f->1bfa9654-7d7b-491a-884c-918bbb9d6c3f: nextIndex: updateUnconditionally 9 -> 8
2019-07-30 17:29:49,751 INFO  utils.BackgroundService (BackgroundService.java:shutdown(148)) - Shutting down service BlockDeletingService
2019-07-30 17:29:49,753 WARN  fs.CachingGetSpaceUsed (CachingGetSpaceUsed.java:run(183)) - Thread Interrupted waiting to refresh disk information: sleep interrupted
2019-07-30 17:29:49,771 INFO  statemachine.DatanodeStateMachine (DatanodeStateMachine.java:stopDaemon(395)) - Ozone container server stopped.
2019-07-30 17:29:49,777 INFO  statemachine.DatanodeStateMachine (DatanodeStateMachine.java:stopDaemon(395)) - Ozone container server stopped.
2019-07-30 17:29:49,785 INFO  handler.ContextHandler (ContextHandler.java:doStop(910)) - Stopped o.e.j.w.WebAppContext@8851ec{/,null,UNAVAILABLE}{/hddsDatanode}
2019-07-30 17:29:49,785 INFO  handler.ContextHandler (ContextHandler.java:doStop(910)) - Stopped o.e.j.w.WebAppContext@3a7469ca{/,null,UNAVAILABLE}{/hddsDatanode}
2019-07-30 17:29:49,786 INFO  server.AbstractConnector (AbstractConnector.java:doStop(318)) - Stopped ServerConnector@18b40fe6{HTTP/1.1,[http/1.1]}{0.0.0.0:0}
2019-07-30 17:29:49,786 INFO  server.AbstractConnector (AbstractConnector.java:doStop(318)) - Stopped ServerConnector@1c8e8fed{HTTP/1.1,[http/1.1]}{0.0.0.0:0}
2019-07-30 17:29:49,787 INFO  handler.ContextHandler (ContextHandler.java:doStop(910)) - Stopped o.e.j.s.ServletContextHandler@40cf6254{/static,jar:file:/home/user/.m2/repository/org/apache/hadoop/hadoop-hdds-container-service/0.4.1-SNAPSHOT/hadoop-hdds-container-service-0.4.1-SNAPSHOT.jar!/webapps/static,UNAVAILABLE}
2019-07-30 17:29:49,788 INFO  handler.ContextHandler (ContextHandler.java:doStop(910)) - Stopped o.e.j.s.ServletContextHandler@192f5f39{/static,jar:file:/home/user/.m2/repository/org/apache/hadoop/hadoop-hdds-container-service/0.4.1-SNAPSHOT/hadoop-hdds-container-service-0.4.1-SNAPSHOT.jar!/webapps/static,UNAVAILABLE}
2019-07-30 17:29:49,790 INFO  handler.ContextHandler (ContextHandler.java:doStop(910)) - Stopped o.e.j.s.ServletContextHandler@5ed65e4b{/logs,file:///workdir/hadoop-ozone/integration-test/target/log,UNAVAILABLE}
2019-07-30 17:29:49,790 INFO  handler.ContextHandler (ContextHandler.java:doStop(910)) - Stopped o.e.j.s.ServletContextHandler@4fc3529{/logs,file:///workdir/hadoop-ozone/integration-test/target/log,UNAVAILABLE}
2019-07-30 17:29:49,792 INFO  datanode.ObjectStoreHandler (ObjectStoreHandler.java:close(155)) - Closing ObjectStoreHandler.
2019-07-30 17:29:49,792 INFO  ozone.HddsDatanodeService (HddsDatanodeService.java:stop(451)) - Stopped plug-in org.apache.hadoop.ozone.web.OzoneHddsDatanodeService@23ec2bdc
2019-07-30 17:29:49,792 INFO  datanode.ObjectStoreHandler (ObjectStoreHandler.java:close(155)) - Closing ObjectStoreHandler.
2019-07-30 17:29:49,793 INFO  ozone.HddsDatanodeService (HddsDatanodeService.java:stop(451)) - Stopped plug-in org.apache.hadoop.ozone.web.OzoneHddsDatanodeService@19a7906c
2019-07-30 17:29:50,375 INFO  statemachine.DatanodeStateMachine (DatanodeStateMachine.java:lambda$startDaemon$0(350)) - Ozone container server started.
2019-07-30 17:29:50,629 INFO  statemachine.DatanodeStateMachine (DatanodeStateMachine.java:lambda$startDaemon$0(350)) - Ozone container server started.
2019-07-30 17:29:51,764 WARN  server.GrpcLogAppender (LogUtils.java:warn(134)) - ff2430b7-14fd-494f-a51d-9dc76984be1f->db4c36da-b98b-4ba5-a1c9-f857ffceeaab: Failed appendEntries: org.apache.ratis.thirdparty.io.grpc.StatusRuntimeException: UNAVAILABLE: io exception
2019-07-30 17:29:51,767 INFO  impl.FollowerInfo (FollowerInfo.java:lambda$new$0(50)) - ff2430b7-14fd-494f-a51d-9dc76984be1f->db4c36da-b98b-4ba5-a1c9-f857ffceeaab: nextIndex: updateUnconditionally 0 -> 0
2019-07-30 17:29:52,143 WARN  server.GrpcLogAppender (LogUtils.java:warn(134)) - 17c291a8-e7ad-46d9-a2ed-c76b788eab4f->1bfa9654-7d7b-491a-884c-918bbb9d6c3f: Failed appendEntries: org.apache.ratis.thirdparty.io.grpc.StatusRuntimeException: UNAVAILABLE: io exception
2019-07-30 17:29:52,147 INFO  impl.FollowerInfo (FollowerInfo.java:lambda$new$0(50)) - 17c291a8-e7ad-46d9-a2ed-c76b788eab4f->1bfa9654-7d7b-491a-884c-918bbb9d6c3f: nextIndex: updateUnconditionally 8 -> 7
2019-07-30 17:29:54,265 WARN  server.GrpcLogAppender (LogUtils.java:warn(134)) - ff2430b7-14fd-494f-a51d-9dc76984be1f->db4c36da-b98b-4ba5-a1c9-f857ffceeaab: Failed appendEntries: org.apache.ratis.thirdparty.io.grpc.StatusRuntimeException: UNAVAILABLE: io exception
2019-07-30 17:29:54,269 INFO  impl.FollowerInfo (FollowerInfo.java:lambda$new$0(50)) - ff2430b7-14fd-494f-a51d-9dc76984be1f->db4c36da-b98b-4ba5-a1c9-f857ffceeaab: nextIndex: updateUnconditionally 0 -> 0
2019-07-30 17:29:54,643 WARN  server.GrpcLogAppender (LogUtils.java:warn(134)) - 17c291a8-e7ad-46d9-a2ed-c76b788eab4f->1bfa9654-7d7b-491a-884c-918bbb9d6c3f: Failed appendEntries: org.apache.ratis.thirdparty.io.grpc.StatusRuntimeException: UNAVAILABLE: io exception
2019-07-30 17:29:54,646 INFO  impl.FollowerInfo (FollowerInfo.java:lambda$new$0(50)) - 17c291a8-e7ad-46d9-a2ed-c76b788eab4f->1bfa9654-7d7b-491a-884c-918bbb9d6c3f: nextIndex: updateUnconditionally 7 -> 6
2019-07-30 17:29:54,793 INFO  ozoneimpl.OzoneContainer (OzoneContainer.java:stop(199)) - Attempting to stop container services.
2019-07-30 17:29:54,794 INFO  ozoneimpl.OzoneContainer (OzoneContainer.java:stop(199)) - Attempting to stop container services.
2019-07-30 17:29:54,794 INFO  impl.RaftServerProxy (RaftServerProxy.java:lambda$close$4(314)) - b62a6e62-05c5-4b06-91dc-725b110dfd52: close
2019-07-30 17:29:54,794 INFO  impl.RaftServerProxy (RaftServerProxy.java:lambda$close$4(314)) - 31a59b49-0d6e-4847-9fd7-4dce12dbd624: close
2019-07-30 17:29:54,794 INFO  impl.RaftServerImpl (RaftServerImpl.java:lambda$shutdown$3(245)) - b62a6e62-05c5-4b06-91dc-725b110dfd52: shutdown group-2D02AB898737
2019-07-30 17:29:54,795 INFO  impl.RaftServerImpl (RaftServerImpl.java:lambda$shutdown$3(245)) - 31a59b49-0d6e-4847-9fd7-4dce12dbd624: shutdown group-CEE528F16015
2019-07-30 17:29:54,795 INFO  util.JmxRegister (JmxRegister.java:unregister(73)) - Successfully un-registered JMX Bean with object name Ratis:service=RaftServer,group=group-2D02AB898737,id=b62a6e62-05c5-4b06-91dc-725b110dfd52
2019-07-30 17:29:54,796 INFO  util.JmxRegister (JmxRegister.java:unregister(73)) - Successfully un-registered JMX Bean with object name Ratis:service=RaftServer,group=group-CEE528F16015,id=31a59b49-0d6e-4847-9fd7-4dce12dbd624
2019-07-30 17:29:54,796 INFO  impl.RoleInfo (RoleInfo.java:shutdownFollowerState(121)) - b62a6e62-05c5-4b06-91dc-725b110dfd52: shutdown FollowerState
2019-07-30 17:29:54,796 INFO  impl.RoleInfo (RoleInfo.java:shutdownLeaderState(104)) - 31a59b49-0d6e-4847-9fd7-4dce12dbd624: shutdown LeaderState
2019-07-30 17:29:54,797 INFO  ratis.ContainerStateMachine (ContainerStateMachine.java:takeSnapshot(262)) - group-2D02AB898737: Taking a snapshot at:(t:1, i:6) file /workdir/hadoop-ozone/integration-test/target/test-dir/MiniOzoneClusterImpl-2cb30d7a-e74d-4778-a9d8-49d98bdf9b48/datanode-2/data/ratis/d8900fbc-2de6-4085-a2c5-2d02ab898737/sm/snapshot.1_6
2019-07-30 17:29:54,797 INFO  impl.FollowerState (FollowerState.java:run(114)) - b62a6e62-05c5-4b06-91dc-725b110dfd52: FollowerState was interrupted: java.lang.InterruptedException: sleep interrupted
2019-07-30 17:29:54,797 INFO  impl.StateMachineUpdater (StateMachineUpdater.java:stopAndJoin(115)) - StateMachineUpdater:b62a6e62-05c5-4b06-91dc-725b110dfd52:group-2D02AB898737: set stopIndex = 8
2019-07-30 17:29:54,797 INFO  impl.PendingRequests (PendingRequests.java:sendNotLeaderResponses(202)) - 31a59b49-0d6e-4847-9fd7-4dce12dbd624-PendingRequests: sendNotLeaderResponses
2019-07-30 17:29:54,803 INFO  impl.StateMachineUpdater (StateMachineUpdater.java:stopAndJoin(115)) - StateMachineUpdater:31a59b49-0d6e-4847-9fd7-4dce12dbd624:group-CEE528F16015: set stopIndex = 0
2019-07-30 17:29:54,806 INFO  impl.RaftServerImpl (ServerState.java:close(394)) - 31a59b49-0d6e-4847-9fd7-4dce12dbd624:group-CEE528F16015 closes. The last applied log index is 0
2019-07-30 17:29:54,806 INFO  segmented.SegmentedRaftLogWorker (SegmentedRaftLogWorker.java:run(313)) - 31a59b49-0d6e-4847-9fd7-4dce12dbd624-SegmentedRaftLogWorker:Storage Directory /workdir/hadoop-ozone/integration-test/target/test-dir/MiniOzoneClusterImpl-2cb30d7a-e74d-4778-a9d8-49d98bdf9b48/datanode-3/data/ratis/720d5d91-bc16-44a8-a699-cee528f16015 was interrupted, exiting. There are 0 tasks remaining in the queue.
2019-07-30 17:29:54,809 INFO  segmented.SegmentedRaftLogWorker (SegmentedRaftLogWorker.java:close(228)) - 31a59b49-0d6e-4847-9fd7-4dce12dbd624-SegmentedRaftLogWorker:Storage Directory /workdir/hadoop-ozone/integration-test/target/test-dir/MiniOzoneClusterImpl-2cb30d7a-e74d-4778-a9d8-49d98bdf9b48/datanode-3/data/ratis/720d5d91-bc16-44a8-a699-cee528f16015 close()
2019-07-30 17:29:54,812 INFO  impl.RaftServerImpl (RaftServerImpl.java:lambda$shutdown$3(245)) - 31a59b49-0d6e-4847-9fd7-4dce12dbd624: shutdown group-051042233452
2019-07-30 17:29:54,812 INFO  ratis.ContainerStateMachine (ContainerStateMachine.java:takeSnapshot(273)) - group-2D02AB898737: Finished taking a snapshot at:(t:1, i:6) file:/workdir/hadoop-ozone/integration-test/target/test-dir/MiniOzoneClusterImpl-2cb30d7a-e74d-4778-a9d8-49d98bdf9b48/datanode-2/data/ratis/d8900fbc-2de6-4085-a2c5-2d02ab898737/sm/snapshot.1_6 time:15
2019-07-30 17:29:54,812 INFO  util.JmxRegister (JmxRegister.java:unregister(73)) - Successfully un-registered JMX Bean with object name Ratis:service=RaftServer,group=group-051042233452,id=31a59b49-0d6e-4847-9fd7-4dce12dbd624
2019-07-30 17:29:54,812 INFO  impl.StateMachineUpdater (StateMachineUpdater.java:takeSnapshot(242)) - StateMachineUpdater:b62a6e62-05c5-4b06-91dc-725b110dfd52:group-2D02AB898737: Took a snapshot at index 6
2019-07-30 17:29:54,813 INFO  impl.RoleInfo (RoleInfo.java:shutdownFollowerState(121)) - 31a59b49-0d6e-4847-9fd7-4dce12dbd624: shutdown FollowerState
2019-07-30 17:29:54,813 INFO  impl.StateMachineUpdater (StateMachineUpdater.java:stopAndJoin(115)) - StateMachineUpdater:31a59b49-0d6e-4847-9fd7-4dce12dbd624:group-051042233452: set stopIndex = 0
2019-07-30 17:29:54,823 INFO  impl.RaftServerImpl (ServerState.java:close(394)) - 31a59b49-0d6e-4847-9fd7-4dce12dbd624:group-051042233452 closes. The last applied log index is 0
2019-07-30 17:29:54,813 INFO  impl.StateMachineUpdater (StateMachineUpdater.java:lambda$new$0(80)) - StateMachineUpdater:b62a6e62-05c5-4b06-91dc-725b110dfd52:group-2D02AB898737: snapshotIndex: updateIncreasingly -1 -> 6
2019-07-30 17:29:54,823 INFO  segmented.SegmentedRaftLogWorker (SegmentedRaftLogWorker.java:run(313)) - 31a59b49-0d6e-4847-9fd7-4dce12dbd624-SegmentedRaftLogWorker:Storage Directory /workdir/hadoop-ozone/integration-test/target/test-dir/MiniOzoneClusterImpl-2cb30d7a-e74d-4778-a9d8-49d98bdf9b48/datanode-3/data/ratis/d4ec5d87-636e-46ae-b9b0-051042233452 was interrupted, exiting. There are 0 tasks remaining in the queue.
2019-07-30 17:29:54,813 INFO  impl.FollowerState (FollowerState.java:run(114)) - 31a59b49-0d6e-4847-9fd7-4dce12dbd624: FollowerState was interrupted: java.lang.InterruptedException: sleep interrupted
2019-07-30 17:29:54,826 INFO  impl.RaftServerImpl (ServerState.java:close(394)) - b62a6e62-05c5-4b06-91dc-725b110dfd52:group-2D02AB898737 closes. The last applied log index is 8
2019-07-30 17:29:54,826 INFO  segmented.SegmentedRaftLogWorker (SegmentedRaftLogWorker.java:close(228)) - 31a59b49-0d6e-4847-9fd7-4dce12dbd624-SegmentedRaftLogWorker:Storage Directory /workdir/hadoop-ozone/integration-test/target/test-dir/MiniOzoneClusterImpl-2cb30d7a-e74d-4778-a9d8-49d98bdf9b48/datanode-3/data/ratis/d4ec5d87-636e-46ae-b9b0-051042233452 close()
2019-07-30 17:29:54,826 INFO  segmented.SegmentedRaftLogWorker (SegmentedRaftLogWorker.java:run(313)) - b62a6e62-05c5-4b06-91dc-725b110dfd52-SegmentedRaftLogWorker:Storage Directory /workdir/hadoop-ozone/integration-test/target/test-dir/MiniOzoneClusterImpl-2cb30d7a-e74d-4778-a9d8-49d98bdf9b48/datanode-2/data/ratis/d8900fbc-2de6-4085-a2c5-2d02ab898737 was interrupted, exiting. There are 0 tasks remaining in the queue.
2019-07-30 17:29:54,829 INFO  server.GrpcService (GrpcService.java:closeImpl(155)) - 31a59b49-0d6e-4847-9fd7-4dce12dbd624: shutdown server with port 33799 now
2019-07-30 17:29:54,831 INFO  segmented.SegmentedRaftLogWorker (SegmentedRaftLogWorker.java:close(228)) - b62a6e62-05c5-4b06-91dc-725b110dfd52-SegmentedRaftLogWorker:Storage Directory /workdir/hadoop-ozone/integration-test/target/test-dir/MiniOzoneClusterImpl-2cb30d7a-e74d-4778-a9d8-49d98bdf9b48/datanode-2/data/ratis/d8900fbc-2de6-4085-a2c5-2d02ab898737 close()
2019-07-30 17:29:54,833 INFO  impl.RaftServerImpl (RaftServerImpl.java:lambda$shutdown$3(245)) - b62a6e62-05c5-4b06-91dc-725b110dfd52: shutdown group-854AB88D19E3
2019-07-30 17:29:54,836 WARN  server.GrpcServerProtocolService (LogUtils.java:warn(134)) - 31a59b49-0d6e-4847-9fd7-4dce12dbd624: appendEntries onError: org.apache.ratis.thirdparty.io.grpc.StatusRuntimeException: CANCELLED: cancelled before receiving half close
2019-07-30 17:29:54,836 INFO  util.JmxRegister (JmxRegister.java:unregister(73)) - Successfully un-registered JMX Bean with object name Ratis:service=RaftServer,group=group-854AB88D19E3,id=b62a6e62-05c5-4b06-91dc-725b110dfd52
2019-07-30 17:29:54,836 WARN  server.GrpcLogAppender (LogUtils.java:warn(134)) - ff2430b7-14fd-494f-a51d-9dc76984be1f->31a59b49-0d6e-4847-9fd7-4dce12dbd624: Failed appendEntries: org.apache.ratis.thirdparty.io.grpc.StatusRuntimeException: CANCELLED: HTTP/2 error code: CANCEL
Received Rst Stream
2019-07-30 17:29:54,836 INFO  server.GrpcService (GrpcService.java:closeImpl(163)) - 31a59b49-0d6e-4847-9fd7-4dce12dbd624: shutdown server with port 33799 successfully
2019-07-30 17:29:54,839 INFO  impl.FollowerInfo (FollowerInfo.java:lambda$new$0(50)) - ff2430b7-14fd-494f-a51d-9dc76984be1f->31a59b49-0d6e-4847-9fd7-4dce12dbd624: nextIndex: updateUnconditionally 1 -> 0
2019-07-30 17:29:54,836 INFO  impl.RoleInfo (RoleInfo.java:shutdownLeaderState(104)) - b62a6e62-05c5-4b06-91dc-725b110dfd52: shutdown LeaderState
2019-07-30 17:29:54,839 INFO  impl.PendingRequests (PendingRequests.java:sendNotLeaderResponses(202)) - b62a6e62-05c5-4b06-91dc-725b110dfd52-PendingRequests: sendNotLeaderResponses
2019-07-30 17:29:54,840 INFO  utils.BackgroundService (BackgroundService.java:shutdown(148)) - Shutting down service BlockDeletingService
2019-07-30 17:29:54,840 INFO  impl.StateMachineUpdater (StateMachineUpdater.java:stopAndJoin(115)) - StateMachineUpdater:b62a6e62-05c5-4b06-91dc-725b110dfd52:group-854AB88D19E3: set stopIndex = 0
2019-07-30 17:29:54,841 INFO  impl.RaftServerImpl (ServerState.java:close(394)) - b62a6e62-05c5-4b06-91dc-725b110dfd52:group-854AB88D19E3 closes. The last applied log index is 0
2019-07-30 17:29:54,841 INFO  segmented.SegmentedRaftLogWorker (SegmentedRaftLogWorker.java:run(313)) - b62a6e62-05c5-4b06-91dc-725b110dfd52-SegmentedRaftLogWorker:Storage Directory /workdir/hadoop-ozone/integration-test/target/test-dir/MiniOzoneClusterImpl-2cb30d7a-e74d-4778-a9d8-49d98bdf9b48/datanode-2/data/ratis/4f3b951a-f0a6-42e1-9f9d-854ab88d19e3 was interrupted, exiting. There are 0 tasks remaining in the queue.
2019-07-30 17:29:54,843 INFO  segmented.SegmentedRaftLogWorker (SegmentedRaftLogWorker.java:close(228)) - b62a6e62-05c5-4b06-91dc-725b110dfd52-SegmentedRaftLogWorker:Storage Directory /workdir/hadoop-ozone/integration-test/target/test-dir/MiniOzoneClusterImpl-2cb30d7a-e74d-4778-a9d8-49d98bdf9b48/datanode-2/data/ratis/4f3b951a-f0a6-42e1-9f9d-854ab88d19e3 close()
2019-07-30 17:29:54,844 WARN  fs.CachingGetSpaceUsed (CachingGetSpaceUsed.java:run(183)) - Thread Interrupted waiting to refresh disk information: sleep interrupted
2019-07-30 17:29:54,846 INFO  server.GrpcService (GrpcService.java:closeImpl(155)) - b62a6e62-05c5-4b06-91dc-725b110dfd52: shutdown server with port 40594 now
2019-07-30 17:29:54,847 WARN  server.GrpcServerProtocolService (LogUtils.java:warn(134)) - b62a6e62-05c5-4b06-91dc-725b110dfd52: appendEntries onError: org.apache.ratis.thirdparty.io.grpc.StatusRuntimeException: CANCELLED: cancelled before receiving half close
2019-07-30 17:29:54,849 INFO  server.GrpcService (GrpcService.java:closeImpl(163)) - b62a6e62-05c5-4b06-91dc-725b110dfd52: shutdown server with port 40594 successfully
2019-07-30 17:29:54,850 WARN  server.GrpcLogAppender (LogUtils.java:warn(134)) - 17c291a8-e7ad-46d9-a2ed-c76b788eab4f->b62a6e62-05c5-4b06-91dc-725b110dfd52: Failed appendEntries: org.apache.ratis.thirdparty.io.grpc.StatusRuntimeException: CANCELLED: HTTP/2 error code: CANCEL
Received Rst Stream
2019-07-30 17:29:54,852 INFO  impl.FollowerInfo (FollowerInfo.java:lambda$new$0(50)) - 17c291a8-e7ad-46d9-a2ed-c76b788eab4f->b62a6e62-05c5-4b06-91dc-725b110dfd52: nextIndex: updateUnconditionally 9 -> 8
2019-07-30 17:29:54,853 INFO  utils.BackgroundService (BackgroundService.java:shutdown(148)) - Shutting down service BlockDeletingService
2019-07-30 17:29:54,854 WARN  fs.CachingGetSpaceUsed (CachingGetSpaceUsed.java:run(183)) - Thread Interrupted waiting to refresh disk information: sleep interrupted
2019-07-30 17:29:54,871 INFO  statemachine.DatanodeStateMachine (DatanodeStateMachine.java:stopDaemon(395)) - Ozone container server stopped.
2019-07-30 17:29:54,877 INFO  statemachine.DatanodeStateMachine (DatanodeStateMachine.java:stopDaemon(395)) - Ozone container server stopped.
2019-07-30 17:29:54,885 INFO  handler.ContextHandler (ContextHandler.java:doStop(910)) - Stopped o.e.j.w.WebAppContext@1de85972{/,null,UNAVAILABLE}{/hddsDatanode}
2019-07-30 17:29:54,885 INFO  handler.ContextHandler (ContextHandler.java:doStop(910)) - Stopped o.e.j.w.WebAppContext@25d0b918{/,null,UNAVAILABLE}{/hddsDatanode}
2019-07-30 17:29:54,886 INFO  server.AbstractConnector (AbstractConnector.java:doStop(318)) - Stopped ServerConnector@280ecc33{HTTP/1.1,[http/1.1]}{0.0.0.0:0}
2019-07-30 17:29:54,886 INFO  server.AbstractConnector (AbstractConnector.java:doStop(318)) - Stopped ServerConnector@9bf63d2{HTTP/1.1,[http/1.1]}{0.0.0.0:0}
2019-07-30 17:29:54,888 INFO  handler.ContextHandler (ContextHandler.java:doStop(910)) - Stopped o.e.j.s.ServletContextHandler@14590fe2{/static,jar:file:/home/user/.m2/repository/org/apache/hadoop/hadoop-hdds-container-service/0.4.1-SNAPSHOT/hadoop-hdds-container-service-0.4.1-SNAPSHOT.jar!/webapps/static,UNAVAILABLE}
2019-07-30 17:29:54,888 INFO  handler.ContextHandler (ContextHandler.java:doStop(910)) - Stopped o.e.j.s.ServletContextHandler@5d800a56{/static,jar:file:/home/user/.m2/repository/org/apache/hadoop/hadoop-hdds-container-service/0.4.1-SNAPSHOT/hadoop-hdds-container-service-0.4.1-SNAPSHOT.jar!/webapps/static,UNAVAILABLE}
2019-07-30 17:29:54,890 INFO  handler.ContextHandler (ContextHandler.java:doStop(910)) - Stopped o.e.j.s.ServletContextHandler@1bec1589{/logs,file:///workdir/hadoop-ozone/integration-test/target/log,UNAVAILABLE}
2019-07-30 17:29:54,891 INFO  handler.ContextHandler (ContextHandler.java:doStop(910)) - Stopped o.e.j.s.ServletContextHandler@7e1a9173{/logs,file:///workdir/hadoop-ozone/integration-test/target/log,UNAVAILABLE}
2019-07-30 17:29:54,893 INFO  datanode.ObjectStoreHandler (ObjectStoreHandler.java:close(155)) - Closing ObjectStoreHandler.
2019-07-30 17:29:54,893 INFO  datanode.ObjectStoreHandler (ObjectStoreHandler.java:close(155)) - Closing ObjectStoreHandler.
2019-07-30 17:29:54,893 INFO  ozone.HddsDatanodeService (HddsDatanodeService.java:stop(451)) - Stopped plug-in org.apache.hadoop.ozone.web.OzoneHddsDatanodeService@126af200
2019-07-30 17:29:54,893 INFO  ozone.HddsDatanodeService (HddsDatanodeService.java:stop(451)) - Stopped plug-in org.apache.hadoop.ozone.web.OzoneHddsDatanodeService@47c96f2c
2019-07-30 17:29:55,152 INFO  statemachine.DatanodeStateMachine (DatanodeStateMachine.java:lambda$startDaemon$0(350)) - Ozone container server started.
2019-07-30 17:29:55,622 INFO  statemachine.DatanodeStateMachine (DatanodeStateMachine.java:lambda$startDaemon$0(350)) - Ozone container server started.
2019-07-30 17:29:56,766 WARN  server.GrpcLogAppender (LogUtils.java:warn(134)) - ff2430b7-14fd-494f-a51d-9dc76984be1f->31a59b49-0d6e-4847-9fd7-4dce12dbd624: Failed appendEntries: org.apache.ratis.thirdparty.io.grpc.StatusRuntimeException: UNAVAILABLE: io exception
2019-07-30 17:29:56,770 WARN  server.GrpcLogAppender (LogUtils.java:warn(134)) - ff2430b7-14fd-494f-a51d-9dc76984be1f->db4c36da-b98b-4ba5-a1c9-f857ffceeaab: Failed appendEntries: org.apache.ratis.thirdparty.io.grpc.StatusRuntimeException: UNAVAILABLE: io exception
2019-07-30 17:29:56,770 INFO  impl.FollowerInfo (FollowerInfo.java:lambda$new$0(50)) - ff2430b7-14fd-494f-a51d-9dc76984be1f->31a59b49-0d6e-4847-9fd7-4dce12dbd624: nextIndex: updateUnconditionally 0 -> 0
2019-07-30 17:29:56,772 INFO  impl.FollowerInfo (FollowerInfo.java:lambda$new$0(50)) - ff2430b7-14fd-494f-a51d-9dc76984be1f->db4c36da-b98b-4ba5-a1c9-f857ffceeaab: nextIndex: updateUnconditionally 0 -> 0
2019-07-30 17:29:57,145 WARN  server.GrpcLogAppender (LogUtils.java:warn(134)) - 17c291a8-e7ad-46d9-a2ed-c76b788eab4f->1bfa9654-7d7b-491a-884c-918bbb9d6c3f: Failed appendEntries: org.apache.ratis.thirdparty.io.grpc.StatusRuntimeException: UNAVAILABLE: io exception
2019-07-30 17:29:57,147 INFO  impl.FollowerInfo (FollowerInfo.java:lambda$new$0(50)) - 17c291a8-e7ad-46d9-a2ed-c76b788eab4f->1bfa9654-7d7b-491a-884c-918bbb9d6c3f: nextIndex: updateUnconditionally 6 -> 5
2019-07-30 17:29:57,151 WARN  server.GrpcLogAppender (LogUtils.java:warn(134)) - 17c291a8-e7ad-46d9-a2ed-c76b788eab4f->b62a6e62-05c5-4b06-91dc-725b110dfd52: Failed appendEntries: org.apache.ratis.thirdparty.io.grpc.StatusRuntimeException: UNAVAILABLE: io exception
2019-07-30 17:29:57,153 INFO  impl.FollowerInfo (FollowerInfo.java:lambda$new$0(50)) - 17c291a8-e7ad-46d9-a2ed-c76b788eab4f->b62a6e62-05c5-4b06-91dc-725b110dfd52: nextIndex: updateUnconditionally 8 -> 7
2019-07-30 17:29:59,268 WARN  server.GrpcLogAppender (LogUtils.java:warn(134)) - ff2430b7-14fd-494f-a51d-9dc76984be1f->db4c36da-b98b-4ba5-a1c9-f857ffceeaab: Failed appendEntries: org.apache.ratis.thirdparty.io.grpc.StatusRuntimeException: UNAVAILABLE: io exception
2019-07-30 17:29:59,268 WARN  server.GrpcLogAppender (LogUtils.java:warn(134)) - ff2430b7-14fd-494f-a51d-9dc76984be1f->31a59b49-0d6e-4847-9fd7-4dce12dbd624: Failed appendEntries: org.apache.ratis.thirdparty.io.grpc.StatusRuntimeException: UNAVAILABLE: io exception
2019-07-30 17:29:59,270 INFO  impl.FollowerInfo (FollowerInfo.java:lambda$new$0(50)) - ff2430b7-14fd-494f-a51d-9dc76984be1f->db4c36da-b98b-4ba5-a1c9-f857ffceeaab: nextIndex: updateUnconditionally 0 -> 0
2019-07-30 17:29:59,272 INFO  impl.FollowerInfo (FollowerInfo.java:lambda$new$0(50)) - ff2430b7-14fd-494f-a51d-9dc76984be1f->31a59b49-0d6e-4847-9fd7-4dce12dbd624: nextIndex: updateUnconditionally 0 -> 0
2019-07-30 17:29:59,645 WARN  server.GrpcLogAppender (LogUtils.java:warn(134)) - 17c291a8-e7ad-46d9-a2ed-c76b788eab4f->1bfa9654-7d7b-491a-884c-918bbb9d6c3f: Failed appendEntries: org.apache.ratis.thirdparty.io.grpc.StatusRuntimeException: UNAVAILABLE: io exception
2019-07-30 17:29:59,647 INFO  impl.FollowerInfo (FollowerInfo.java:lambda$new$0(50)) - 17c291a8-e7ad-46d9-a2ed-c76b788eab4f->1bfa9654-7d7b-491a-884c-918bbb9d6c3f: nextIndex: updateUnconditionally 5 -> 4
2019-07-30 17:29:59,662 WARN  server.GrpcLogAppender (LogUtils.java:warn(134)) - 17c291a8-e7ad-46d9-a2ed-c76b788eab4f->b62a6e62-05c5-4b06-91dc-725b110dfd52: Failed appendEntries: org.apache.ratis.thirdparty.io.grpc.StatusRuntimeException: UNAVAILABLE: io exception
2019-07-30 17:29:59,664 INFO  impl.FollowerInfo (FollowerInfo.java:lambda$new$0(50)) - 17c291a8-e7ad-46d9-a2ed-c76b788eab4f->b62a6e62-05c5-4b06-91dc-725b110dfd52: nextIndex: updateUnconditionally 7 -> 6
2019-07-30 17:29:59,894 INFO  ozoneimpl.OzoneContainer (OzoneContainer.java:stop(199)) - Attempting to stop container services.
2019-07-30 17:29:59,894 INFO  ozoneimpl.OzoneContainer (OzoneContainer.java:stop(199)) - Attempting to stop container services.
2019-07-30 17:29:59,895 INFO  impl.RaftServerProxy (RaftServerProxy.java:lambda$close$4(314)) - 2b36bdea-5609-4f94-a26e-9eaaa12a3a7f: close
2019-07-30 17:29:59,895 INFO  impl.RaftServerProxy (RaftServerProxy.java:lambda$close$4(314)) - 17c291a8-e7ad-46d9-a2ed-c76b788eab4f: close
2019-07-30 17:29:59,895 INFO  impl.RaftServerImpl (RaftServerImpl.java:lambda$shutdown$3(245)) - 2b36bdea-5609-4f94-a26e-9eaaa12a3a7f: shutdown group-4D6A3F42AFAD
2019-07-30 17:29:59,896 INFO  impl.RaftServerImpl (RaftServerImpl.java:lambda$shutdown$3(245)) - 17c291a8-e7ad-46d9-a2ed-c76b788eab4f: shutdown group-12C4235C80B7
2019-07-30 17:29:59,896 INFO  util.JmxRegister (JmxRegister.java:unregister(73)) - Successfully un-registered JMX Bean with object name Ratis:service=RaftServer,group=group-4D6A3F42AFAD,id=2b36bdea-5609-4f94-a26e-9eaaa12a3a7f
2019-07-30 17:29:59,896 INFO  util.JmxRegister (JmxRegister.java:unregister(73)) - Successfully un-registered JMX Bean with object name Ratis:service=RaftServer,group=group-12C4235C80B7,id=17c291a8-e7ad-46d9-a2ed-c76b788eab4f
2019-07-30 17:29:59,897 INFO  impl.RoleInfo (RoleInfo.java:shutdownLeaderState(104)) - 2b36bdea-5609-4f94-a26e-9eaaa12a3a7f: shutdown LeaderState
2019-07-30 17:29:59,897 INFO  impl.RoleInfo (RoleInfo.java:shutdownLeaderState(104)) - 17c291a8-e7ad-46d9-a2ed-c76b788eab4f: shutdown LeaderState
2019-07-30 17:29:59,898 INFO  impl.PendingRequests (PendingRequests.java:sendNotLeaderResponses(202)) - 2b36bdea-5609-4f94-a26e-9eaaa12a3a7f-PendingRequests: sendNotLeaderResponses
2019-07-30 17:29:59,898 INFO  impl.PendingRequests (PendingRequests.java:sendNotLeaderResponses(202)) - 17c291a8-e7ad-46d9-a2ed-c76b788eab4f-PendingRequests: sendNotLeaderResponses
2019-07-30 17:29:59,899 INFO  impl.StateMachineUpdater (StateMachineUpdater.java:stopAndJoin(115)) - StateMachineUpdater:2b36bdea-5609-4f94-a26e-9eaaa12a3a7f:group-4D6A3F42AFAD: set stopIndex = 0
2019-07-30 17:29:59,899 INFO  impl.StateMachineUpdater (StateMachineUpdater.java:stopAndJoin(115)) - StateMachineUpdater:17c291a8-e7ad-46d9-a2ed-c76b788eab4f:group-12C4235C80B7: set stopIndex = 0
2019-07-30 17:29:59,899 INFO  impl.RaftServerImpl (ServerState.java:close(394)) - 2b36bdea-5609-4f94-a26e-9eaaa12a3a7f:group-4D6A3F42AFAD closes. The last applied log index is 0
2019-07-30 17:29:59,900 INFO  impl.RaftServerImpl (ServerState.java:close(394)) - 17c291a8-e7ad-46d9-a2ed-c76b788eab4f:group-12C4235C80B7 closes. The last applied log index is 0
2019-07-30 17:29:59,900 INFO  segmented.SegmentedRaftLogWorker (SegmentedRaftLogWorker.java:run(313)) - 2b36bdea-5609-4f94-a26e-9eaaa12a3a7f-SegmentedRaftLogWorker:Storage Directory /workdir/hadoop-ozone/integration-test/target/test-dir/MiniOzoneClusterImpl-2cb30d7a-e74d-4778-a9d8-49d98bdf9b48/datanode-6/data/ratis/c0457ec3-1fa1-4b7e-b599-4d6a3f42afad was interrupted, exiting. There are 0 tasks remaining in the queue.
2019-07-30 17:29:59,900 INFO  segmented.SegmentedRaftLogWorker (SegmentedRaftLogWorker.java:run(313)) - 17c291a8-e7ad-46d9-a2ed-c76b788eab4f-SegmentedRaftLogWorker:Storage Directory /workdir/hadoop-ozone/integration-test/target/test-dir/MiniOzoneClusterImpl-2cb30d7a-e74d-4778-a9d8-49d98bdf9b48/datanode-0/data/ratis/7de567c7-386f-4434-9277-12c4235c80b7 was interrupted, exiting. There are 0 tasks remaining in the queue.
2019-07-30 17:29:59,904 INFO  segmented.SegmentedRaftLogWorker (SegmentedRaftLogWorker.java:close(228)) - 2b36bdea-5609-4f94-a26e-9eaaa12a3a7f-SegmentedRaftLogWorker:Storage Directory /workdir/hadoop-ozone/integration-test/target/test-dir/MiniOzoneClusterImpl-2cb30d7a-e74d-4778-a9d8-49d98bdf9b48/datanode-6/data/ratis/c0457ec3-1fa1-4b7e-b599-4d6a3f42afad close()
2019-07-30 17:29:59,904 INFO  segmented.SegmentedRaftLogWorker (SegmentedRaftLogWorker.java:close(228)) - 17c291a8-e7ad-46d9-a2ed-c76b788eab4f-SegmentedRaftLogWorker:Storage Directory /workdir/hadoop-ozone/integration-test/target/test-dir/MiniOzoneClusterImpl-2cb30d7a-e74d-4778-a9d8-49d98bdf9b48/datanode-0/data/ratis/7de567c7-386f-4434-9277-12c4235c80b7 close()
2019-07-30 17:29:59,906 INFO  server.GrpcService (GrpcService.java:closeImpl(155)) - 2b36bdea-5609-4f94-a26e-9eaaa12a3a7f: shutdown server with port 33130 now
2019-07-30 17:29:59,912 INFO  impl.RaftServerImpl (RaftServerImpl.java:lambda$shutdown$3(245)) - 17c291a8-e7ad-46d9-a2ed-c76b788eab4f: shutdown group-2D02AB898737
2019-07-30 17:29:59,914 INFO  server.GrpcService (GrpcService.java:closeImpl(163)) - 2b36bdea-5609-4f94-a26e-9eaaa12a3a7f: shutdown server with port 33130 successfully
2019-07-30 17:29:59,914 INFO  util.JmxRegister (JmxRegister.java:unregister(73)) - Successfully un-registered JMX Bean with object name Ratis:service=RaftServer,group=group-2D02AB898737,id=17c291a8-e7ad-46d9-a2ed-c76b788eab4f
2019-07-30 17:29:59,915 INFO  impl.RoleInfo (RoleInfo.java:shutdownLeaderState(104)) - 17c291a8-e7ad-46d9-a2ed-c76b788eab4f: shutdown LeaderState
2019-07-30 17:29:59,919 INFO  impl.PendingRequests (PendingRequests.java:sendNotLeaderResponses(202)) - 17c291a8-e7ad-46d9-a2ed-c76b788eab4f-PendingRequests: sendNotLeaderResponses
2019-07-30 17:29:59,919 WARN  server.GrpcLogAppender (GrpcLogAppender.java:mayWait(143)) - GrpcLogAppender(17c291a8-e7ad-46d9-a2ed-c76b788eab4f->1bfa9654-7d7b-491a-884c-918bbb9d6c3f): Wait interrupted by java.lang.InterruptedException
2019-07-30 17:29:59,919 INFO  utils.BackgroundService (BackgroundService.java:shutdown(148)) - Shutting down service BlockDeletingService
2019-07-30 17:29:59,919 WARN  server.GrpcLogAppender (GrpcLogAppender.java:mayWait(143)) - GrpcLogAppender(17c291a8-e7ad-46d9-a2ed-c76b788eab4f->b62a6e62-05c5-4b06-91dc-725b110dfd52): Wait interrupted by java.lang.InterruptedException
2019-07-30 17:29:59,923 INFO  ratis.ContainerStateMachine (ContainerStateMachine.java:takeSnapshot(262)) - group-2D02AB898737: Taking a snapshot at:(t:1, i:6) file /workdir/hadoop-ozone/integration-test/target/test-dir/MiniOzoneClusterImpl-2cb30d7a-e74d-4778-a9d8-49d98bdf9b48/datanode-0/data/ratis/d8900fbc-2de6-4085-a2c5-2d02ab898737/sm/snapshot.1_6
2019-07-30 17:29:59,923 INFO  impl.StateMachineUpdater (StateMachineUpdater.java:stopAndJoin(115)) - StateMachineUpdater:17c291a8-e7ad-46d9-a2ed-c76b788eab4f:group-2D02AB898737: set stopIndex = 8
2019-07-30 17:29:59,928 WARN  fs.CachingGetSpaceUsed (CachingGetSpaceUsed.java:run(183)) - Thread Interrupted waiting to refresh disk information: sleep interrupted
2019-07-30 17:29:59,929 INFO  ratis.ContainerStateMachine (ContainerStateMachine.java:takeSnapshot(273)) - group-2D02AB898737: Finished taking a snapshot at:(t:1, i:6) file:/workdir/hadoop-ozone/integration-test/target/test-dir/MiniOzoneClusterImpl-2cb30d7a-e74d-4778-a9d8-49d98bdf9b48/datanode-0/data/ratis/d8900fbc-2de6-4085-a2c5-2d02ab898737/sm/snapshot.1_6 time:6
2019-07-30 17:29:59,929 INFO  impl.StateMachineUpdater (StateMachineUpdater.java:takeSnapshot(242)) - StateMachineUpdater:17c291a8-e7ad-46d9-a2ed-c76b788eab4f:group-2D02AB898737: Took a snapshot at index 6
2019-07-30 17:29:59,929 INFO  impl.StateMachineUpdater (StateMachineUpdater.java:lambda$new$0(80)) - StateMachineUpdater:17c291a8-e7ad-46d9-a2ed-c76b788eab4f:group-2D02AB898737: snapshotIndex: updateIncreasingly -1 -> 6
2019-07-30 17:29:59,930 INFO  impl.RaftServerImpl (ServerState.java:close(394)) - 17c291a8-e7ad-46d9-a2ed-c76b788eab4f:group-2D02AB898737 closes. The last applied log index is 8
2019-07-30 17:29:59,930 INFO  segmented.SegmentedRaftLogWorker (SegmentedRaftLogWorker.java:run(313)) - 17c291a8-e7ad-46d9-a2ed-c76b788eab4f-SegmentedRaftLogWorker:Storage Directory /workdir/hadoop-ozone/integration-test/target/test-dir/MiniOzoneClusterImpl-2cb30d7a-e74d-4778-a9d8-49d98bdf9b48/datanode-0/data/ratis/d8900fbc-2de6-4085-a2c5-2d02ab898737 was interrupted, exiting. There are 0 tasks remaining in the queue.
2019-07-30 17:29:59,930 INFO  segmented.SegmentedRaftLogWorker (SegmentedRaftLogWorker.java:close(228)) - 17c291a8-e7ad-46d9-a2ed-c76b788eab4f-SegmentedRaftLogWorker:Storage Directory /workdir/hadoop-ozone/integration-test/target/test-dir/MiniOzoneClusterImpl-2cb30d7a-e74d-4778-a9d8-49d98bdf9b48/datanode-0/data/ratis/d8900fbc-2de6-4085-a2c5-2d02ab898737 close()
2019-07-30 17:29:59,931 INFO  server.GrpcService (GrpcService.java:closeImpl(155)) - 17c291a8-e7ad-46d9-a2ed-c76b788eab4f: shutdown server with port 45632 now
2019-07-30 17:29:59,932 INFO  server.GrpcService (GrpcService.java:closeImpl(163)) - 17c291a8-e7ad-46d9-a2ed-c76b788eab4f: shutdown server with port 45632 successfully
2019-07-30 17:29:59,933 INFO  utils.BackgroundService (BackgroundService.java:shutdown(148)) - Shutting down service BlockDeletingService
2019-07-30 17:29:59,934 WARN  fs.CachingGetSpaceUsed (CachingGetSpaceUsed.java:run(183)) - Thread Interrupted waiting to refresh disk information: sleep interrupted
2019-07-30 17:29:59,946 INFO  statemachine.DatanodeStateMachine (DatanodeStateMachine.java:stopDaemon(395)) - Ozone container server stopped.
2019-07-30 17:29:59,956 INFO  statemachine.DatanodeStateMachine (DatanodeStateMachine.java:stopDaemon(395)) - Ozone container server stopped.
2019-07-30 17:29:59,960 INFO  handler.ContextHandler (ContextHandler.java:doStop(910)) - Stopped o.e.j.w.WebAppContext@58739e5e{/,null,UNAVAILABLE}{/hddsDatanode}
2019-07-30 17:29:59,960 INFO  handler.ContextHandler (ContextHandler.java:doStop(910)) - Stopped o.e.j.w.WebAppContext@2aafa84f{/,null,UNAVAILABLE}{/hddsDatanode}
2019-07-30 17:29:59,961 INFO  server.AbstractConnector (AbstractConnector.java:doStop(318)) - Stopped ServerConnector@4e2cdc51{HTTP/1.1,[http/1.1]}{0.0.0.0:0}
2019-07-30 17:29:59,965 INFO  server.AbstractConnector (AbstractConnector.java:doStop(318)) - Stopped ServerConnector@448892f1{HTTP/1.1,[http/1.1]}{0.0.0.0:0}
2019-07-30 17:29:59,965 INFO  handler.ContextHandler (ContextHandler.java:doStop(910)) - Stopped o.e.j.s.ServletContextHandler@7c3c453b{/static,jar:file:/home/user/.m2/repository/org/apache/hadoop/hadoop-hdds-container-service/0.4.1-SNAPSHOT/hadoop-hdds-container-service-0.4.1-SNAPSHOT.jar!/webapps/static,UNAVAILABLE}
2019-07-30 17:29:59,965 INFO  handler.ContextHandler (ContextHandler.java:doStop(910)) - Stopped o.e.j.s.ServletContextHandler@7d95166a{/static,jar:file:/home/user/.m2/repository/org/apache/hadoop/hadoop-hdds-container-service/0.4.1-SNAPSHOT/hadoop-hdds-container-service-0.4.1-SNAPSHOT.jar!/webapps/static,UNAVAILABLE}
2019-07-30 17:29:59,965 INFO  handler.ContextHandler (ContextHandler.java:doStop(910)) - Stopped o.e.j.s.ServletContextHandler@1d226f27{/logs,file:///workdir/hadoop-ozone/integration-test/target/log,UNAVAILABLE}
2019-07-30 17:29:59,966 INFO  handler.ContextHandler (ContextHandler.java:doStop(910)) - Stopped o.e.j.s.ServletContextHandler@fa11fda{/logs,file:///workdir/hadoop-ozone/integration-test/target/log,UNAVAILABLE}
2019-07-30 17:29:59,967 INFO  datanode.ObjectStoreHandler (ObjectStoreHandler.java:close(155)) - Closing ObjectStoreHandler.
2019-07-30 17:29:59,968 INFO  ozone.HddsDatanodeService (HddsDatanodeService.java:stop(451)) - Stopped plug-in org.apache.hadoop.ozone.web.OzoneHddsDatanodeService@702cfbde
2019-07-30 17:30:00,926 INFO  statemachine.DatanodeStateMachine (DatanodeStateMachine.java:lambda$startDaemon$0(350)) - Ozone container server started.
2019-07-30 17:30:01,769 WARN  server.GrpcLogAppender (LogUtils.java:warn(134)) - ff2430b7-14fd-494f-a51d-9dc76984be1f->db4c36da-b98b-4ba5-a1c9-f857ffceeaab: Failed appendEntries: org.apache.ratis.thirdparty.io.grpc.StatusRuntimeException: UNAVAILABLE: io exception
2019-07-30 17:30:01,769 WARN  server.GrpcLogAppender (LogUtils.java:warn(134)) - ff2430b7-14fd-494f-a51d-9dc76984be1f->31a59b49-0d6e-4847-9fd7-4dce12dbd624: Failed appendEntries: org.apache.ratis.thirdparty.io.grpc.StatusRuntimeException: UNAVAILABLE: io exception
2019-07-30 17:30:01,772 INFO  impl.FollowerInfo (FollowerInfo.java:lambda$new$0(50)) - ff2430b7-14fd-494f-a51d-9dc76984be1f->db4c36da-b98b-4ba5-a1c9-f857ffceeaab: nextIndex: updateUnconditionally 0 -> 0
2019-07-30 17:30:01,772 INFO  impl.FollowerInfo (FollowerInfo.java:lambda$new$0(50)) - ff2430b7-14fd-494f-a51d-9dc76984be1f->31a59b49-0d6e-4847-9fd7-4dce12dbd624: nextIndex: updateUnconditionally 0 -> 0
2019-07-30 17:30:04,271 WARN  server.GrpcLogAppender (LogUtils.java:warn(134)) - ff2430b7-14fd-494f-a51d-9dc76984be1f->31a59b49-0d6e-4847-9fd7-4dce12dbd624: Failed appendEntries: org.apache.ratis.thirdparty.io.grpc.StatusRuntimeException: UNAVAILABLE: io exception
2019-07-30 17:30:04,271 WARN  server.GrpcLogAppender (LogUtils.java:warn(134)) - ff2430b7-14fd-494f-a51d-9dc76984be1f->db4c36da-b98b-4ba5-a1c9-f857ffceeaab: Failed appendEntries: org.apache.ratis.thirdparty.io.grpc.StatusRuntimeException: UNAVAILABLE: io exception
2019-07-30 17:30:04,273 INFO  impl.FollowerInfo (FollowerInfo.java:lambda$new$0(50)) - ff2430b7-14fd-494f-a51d-9dc76984be1f->31a59b49-0d6e-4847-9fd7-4dce12dbd624: nextIndex: updateUnconditionally 0 -> 0
2019-07-30 17:30:04,275 INFO  impl.FollowerInfo (FollowerInfo.java:lambda$new$0(50)) - ff2430b7-14fd-494f-a51d-9dc76984be1f->db4c36da-b98b-4ba5-a1c9-f857ffceeaab: nextIndex: updateUnconditionally 0 -> 0
2019-07-30 17:30:04,969 INFO  ozoneimpl.OzoneContainer (OzoneContainer.java:stop(199)) - Attempting to stop container services.
2019-07-30 17:30:04,969 INFO  impl.RaftServerProxy (RaftServerProxy.java:lambda$close$4(314)) - ff2430b7-14fd-494f-a51d-9dc76984be1f: close
2019-07-30 17:30:04,969 INFO  impl.RaftServerImpl (RaftServerImpl.java:lambda$shutdown$3(245)) - ff2430b7-14fd-494f-a51d-9dc76984be1f: shutdown group-051042233452
2019-07-30 17:30:04,970 INFO  util.JmxRegister (JmxRegister.java:unregister(73)) - Successfully un-registered JMX Bean with object name Ratis:service=RaftServer,group=group-051042233452,id=ff2430b7-14fd-494f-a51d-9dc76984be1f
2019-07-30 17:30:04,970 INFO  impl.RoleInfo (RoleInfo.java:shutdownLeaderState(104)) - ff2430b7-14fd-494f-a51d-9dc76984be1f: shutdown LeaderState
2019-07-30 17:30:04,973 WARN  server.GrpcLogAppender (GrpcLogAppender.java:mayWait(143)) - GrpcLogAppender(ff2430b7-14fd-494f-a51d-9dc76984be1f->31a59b49-0d6e-4847-9fd7-4dce12dbd624): Wait interrupted by java.lang.InterruptedException
2019-07-30 17:30:04,973 WARN  server.GrpcLogAppender (GrpcLogAppender.java:mayWait(143)) - GrpcLogAppender(ff2430b7-14fd-494f-a51d-9dc76984be1f->db4c36da-b98b-4ba5-a1c9-f857ffceeaab): Wait interrupted by java.lang.InterruptedException
2019-07-30 17:30:04,973 INFO  impl.PendingRequests (PendingRequests.java:sendNotLeaderResponses(202)) - ff2430b7-14fd-494f-a51d-9dc76984be1f-PendingRequests: sendNotLeaderResponses
2019-07-30 17:30:04,974 INFO  impl.StateMachineUpdater (StateMachineUpdater.java:stopAndJoin(115)) - StateMachineUpdater:ff2430b7-14fd-494f-a51d-9dc76984be1f:group-051042233452: set stopIndex = 0
2019-07-30 17:30:04,974 INFO  impl.RaftServerImpl (ServerState.java:close(394)) - ff2430b7-14fd-494f-a51d-9dc76984be1f:group-051042233452 closes. The last applied log index is 0
2019-07-30 17:30:04,974 INFO  segmented.SegmentedRaftLogWorker (SegmentedRaftLogWorker.java:run(313)) - ff2430b7-14fd-494f-a51d-9dc76984be1f-SegmentedRaftLogWorker:Storage Directory /workdir/hadoop-ozone/integration-test/target/test-dir/MiniOzoneClusterImpl-2cb30d7a-e74d-4778-a9d8-49d98bdf9b48/datanode-5/data/ratis/d4ec5d87-636e-46ae-b9b0-051042233452 was interrupted, exiting. There are 0 tasks remaining in the queue.
2019-07-30 17:30:04,975 INFO  segmented.SegmentedRaftLogWorker (SegmentedRaftLogWorker.java:close(228)) - ff2430b7-14fd-494f-a51d-9dc76984be1f-SegmentedRaftLogWorker:Storage Directory /workdir/hadoop-ozone/integration-test/target/test-dir/MiniOzoneClusterImpl-2cb30d7a-e74d-4778-a9d8-49d98bdf9b48/datanode-5/data/ratis/d4ec5d87-636e-46ae-b9b0-051042233452 close()
2019-07-30 17:30:04,975 INFO  impl.RaftServerImpl (RaftServerImpl.java:lambda$shutdown$3(245)) - ff2430b7-14fd-494f-a51d-9dc76984be1f: shutdown group-4B39DBF03CAF
2019-07-30 17:30:04,976 INFO  util.JmxRegister (JmxRegister.java:unregister(73)) - Successfully un-registered JMX Bean with object name Ratis:service=RaftServer,group=group-4B39DBF03CAF,id=ff2430b7-14fd-494f-a51d-9dc76984be1f
2019-07-30 17:30:04,976 INFO  impl.RoleInfo (RoleInfo.java:shutdownLeaderState(104)) - ff2430b7-14fd-494f-a51d-9dc76984be1f: shutdown LeaderState
2019-07-30 17:30:04,976 INFO  impl.PendingRequests (PendingRequests.java:sendNotLeaderResponses(202)) - ff2430b7-14fd-494f-a51d-9dc76984be1f-PendingRequests: sendNotLeaderResponses
2019-07-30 17:30:04,977 INFO  impl.StateMachineUpdater (StateMachineUpdater.java:stopAndJoin(115)) - StateMachineUpdater:ff2430b7-14fd-494f-a51d-9dc76984be1f:group-4B39DBF03CAF: set stopIndex = 0
2019-07-30 17:30:04,977 INFO  impl.RaftServerImpl (ServerState.java:close(394)) - ff2430b7-14fd-494f-a51d-9dc76984be1f:group-4B39DBF03CAF closes. The last applied log index is 0
2019-07-30 17:30:04,977 INFO  segmented.SegmentedRaftLogWorker (SegmentedRaftLogWorker.java:run(313)) - ff2430b7-14fd-494f-a51d-9dc76984be1f-SegmentedRaftLogWorker:Storage Directory /workdir/hadoop-ozone/integration-test/target/test-dir/MiniOzoneClusterImpl-2cb30d7a-e74d-4778-a9d8-49d98bdf9b48/datanode-5/data/ratis/00d1c817-aeb5-4798-acc1-4b39dbf03caf was interrupted, exiting. There are 0 tasks remaining in the queue.
2019-07-30 17:30:04,978 INFO  segmented.SegmentedRaftLogWorker (SegmentedRaftLogWorker.java:close(228)) - ff2430b7-14fd-494f-a51d-9dc76984be1f-SegmentedRaftLogWorker:Storage Directory /workdir/hadoop-ozone/integration-test/target/test-dir/MiniOzoneClusterImpl-2cb30d7a-e74d-4778-a9d8-49d98bdf9b48/datanode-5/data/ratis/00d1c817-aeb5-4798-acc1-4b39dbf03caf close()
2019-07-30 17:30:04,978 INFO  server.GrpcService (GrpcService.java:closeImpl(155)) - ff2430b7-14fd-494f-a51d-9dc76984be1f: shutdown server with port 44003 now
2019-07-30 17:30:04,978 INFO  server.GrpcService (GrpcService.java:closeImpl(163)) - ff2430b7-14fd-494f-a51d-9dc76984be1f: shutdown server with port 44003 successfully
2019-07-30 17:30:04,980 INFO  utils.BackgroundService (BackgroundService.java:shutdown(148)) - Shutting down service BlockDeletingService
2019-07-30 17:30:04,987 WARN  fs.CachingGetSpaceUsed (CachingGetSpaceUsed.java:run(183)) - Thread Interrupted waiting to refresh disk information: sleep interrupted
2019-07-30 17:30:05,005 INFO  statemachine.DatanodeStateMachine (DatanodeStateMachine.java:stopDaemon(395)) - Ozone container server stopped.
2019-07-30 17:30:05,019 INFO  handler.ContextHandler (ContextHandler.java:doStop(910)) - Stopped o.e.j.w.WebAppContext@2d230cff{/,null,UNAVAILABLE}{/hddsDatanode}
2019-07-30 17:30:05,020 INFO  server.AbstractConnector (AbstractConnector.java:doStop(318)) - Stopped ServerConnector@30bd39d5{HTTP/1.1,[http/1.1]}{0.0.0.0:0}
2019-07-30 17:30:05,021 INFO  handler.ContextHandler (ContextHandler.java:doStop(910)) - Stopped o.e.j.s.ServletContextHandler@66314fee{/static,jar:file:/home/user/.m2/repository/org/apache/hadoop/hadoop-hdds-container-service/0.4.1-SNAPSHOT/hadoop-hdds-container-service-0.4.1-SNAPSHOT.jar!/webapps/static,UNAVAILABLE}
2019-07-30 17:30:05,021 INFO  handler.ContextHandler (ContextHandler.java:doStop(910)) - Stopped o.e.j.s.ServletContextHandler@5b5b9521{/logs,file:///workdir/hadoop-ozone/integration-test/target/log,UNAVAILABLE}
2019-07-30 17:30:05,023 INFO  ozone.MiniOzoneClusterImpl (MiniOzoneClusterImpl.java:stop(353)) - Stopping the StorageContainerManager
2019-07-30 17:30:05,023 INFO  server.StorageContainerManager (StorageContainerManager.java:stop(796)) - Stopping Replication Manager Service.
2019-07-30 17:30:05,023 INFO  container.ReplicationManager (ReplicationManager.java:stop(187)) - Stopping Replication Monitor Thread.
2019-07-30 17:30:05,023 INFO  server.StorageContainerManager (StorageContainerManager.java:stop(803)) - Stopping Lease Manager of the command watchers
2019-07-30 17:30:05,024 INFO  server.StorageContainerManager (StorageContainerManager.java:stop(810)) - Stopping datanode service RPC server
2019-07-30 17:30:05,024 INFO  server.SCMDatanodeProtocolServer (SCMDatanodeProtocolServer.java:stop(367)) - Stopping the RPC server for DataNodes
2019-07-30 17:30:05,024 INFO  ipc.Server (Server.java:stop(3082)) - Stopping server on 46527
2019-07-30 17:30:05,027 INFO  ipc.Server (Server.java:run(1185)) - Stopping IPC Server listener on 46527
2019-07-30 17:30:05,027 INFO  ipc.Server (Server.java:run(1319)) - Stopping IPC Server Responder
2019-07-30 17:30:05,110 WARN  node.NodeStateManager (NodeStateManager.java:scheduleNextHealthCheck(631)) - Current Thread is interrupted, shutting down HB processing thread for Node Manager.
2019-07-30 17:30:05,111 INFO  server.StorageContainerManager (StorageContainerManager.java:stop(818)) - Stopping block service RPC server
2019-07-30 17:30:05,111 INFO  server.SCMBlockProtocolServer (SCMBlockProtocolServer.java:stop(148)) - Stopping the RPC server for Block Protocol
2019-07-30 17:30:05,111 INFO  ipc.Server (Server.java:stop(3082)) - Stopping server on 41025
2019-07-30 17:30:05,113 INFO  ipc.Server (Server.java:run(1185)) - Stopping IPC Server listener on 41025
2019-07-30 17:30:05,113 INFO  server.StorageContainerManager (StorageContainerManager.java:stop(825)) - Stopping the StorageContainerLocationProtocol RPC server
2019-07-30 17:30:05,115 INFO  ipc.Server (Server.java:run(1319)) - Stopping IPC Server Responder
2019-07-30 17:30:05,115 INFO  server.SCMClientProtocolServer (SCMClientProtocolServer.java:stop(159)) - Stopping the RPC server for Client Protocol
2019-07-30 17:30:05,116 INFO  ipc.Server (Server.java:stop(3082)) - Stopping server on 46421
2019-07-30 17:30:05,118 INFO  server.StorageContainerManager (StorageContainerManager.java:stop(832)) - Stopping Storage Container Manager HTTP server.
2019-07-30 17:30:05,119 INFO  handler.ContextHandler (ContextHandler.java:doStop(910)) - Stopped o.e.j.w.WebAppContext@15e08615{/,null,UNAVAILABLE}{/scm}
2019-07-30 17:30:05,120 INFO  ipc.Server (Server.java:run(1319)) - Stopping IPC Server Responder
2019-07-30 17:30:05,120 INFO  ipc.Server (Server.java:run(1185)) - Stopping IPC Server listener on 46421
2019-07-30 17:30:05,121 INFO  server.AbstractConnector (AbstractConnector.java:doStop(318)) - Stopped ServerConnector@19dac2d6{HTTP/1.1,[http/1.1]}{0.0.0.0:0}
2019-07-30 17:30:05,122 INFO  handler.ContextHandler (ContextHandler.java:doStop(910)) - Stopped o.e.j.s.ServletContextHandler@54be6213{/static,file:///workdir/hadoop-ozone/integration-test/target/test-classes/webapps/static,UNAVAILABLE}
2019-07-30 17:30:05,122 INFO  handler.ContextHandler (ContextHandler.java:doStop(910)) - Stopped o.e.j.s.ServletContextHandler@6f867b0c{/logs,file:///workdir/hadoop-ozone/integration-test/target/log,UNAVAILABLE}
2019-07-30 17:30:05,124 INFO  server.StorageContainerManager (StorageContainerManager.java:stop(843)) - Stopping Block Manager Service.
2019-07-30 17:30:05,124 INFO  utils.BackgroundService (BackgroundService.java:shutdown(148)) - Shutting down service SCMBlockDeletingService
2019-07-30 17:30:05,125 INFO  utils.BackgroundService (BackgroundService.java:shutdown(148)) - Shutting down service SCMBlockDeletingService
2019-07-30 17:30:05,126 INFO  server.StorageContainerManager (StorageContainerManager.java:stop(865)) - Stopping SCM Event Queue.
2019-07-30 17:30:05,130 INFO  impl.MetricsSystemImpl (MetricsSystemImpl.java:stop(210)) - Stopping HddsDatanode metrics system...
2019-07-30 17:30:05,137 INFO  impl.MetricsSystemImpl (MetricsSystemImpl.java:stop(216)) - HddsDatanode metrics system stopped.
]]></system-out>
    <system-err><![CDATA[Jul 30, 2019 5:29:33 PM com.sun.jersey.server.impl.application.WebApplicationImpl _initiate
INFO: Initiating Jersey application, version 'Jersey: 1.19 02/11/2015 03:25 AM'
Jul 30, 2019 5:29:33 PM com.sun.jersey.server.impl.application.WebApplicationImpl _initiate
INFO: Initiating Jersey application, version 'Jersey: 1.19 02/11/2015 03:25 AM'
Jul 30, 2019 5:29:34 PM com.sun.jersey.server.impl.application.WebApplicationImpl _initiate
INFO: Initiating Jersey application, version 'Jersey: 1.19 02/11/2015 03:25 AM'
Jul 30, 2019 5:29:34 PM com.sun.jersey.server.impl.application.WebApplicationImpl _initiate
INFO: Initiating Jersey application, version 'Jersey: 1.19 02/11/2015 03:25 AM'
Jul 30, 2019 5:29:34 PM com.sun.jersey.server.impl.application.WebApplicationImpl _initiate
INFO: Initiating Jersey application, version 'Jersey: 1.19 02/11/2015 03:25 AM'
Jul 30, 2019 5:29:34 PM com.sun.jersey.server.impl.application.WebApplicationImpl _initiate
INFO: Initiating Jersey application, version 'Jersey: 1.19 02/11/2015 03:25 AM'
Jul 30, 2019 5:29:35 PM com.sun.jersey.server.impl.application.WebApplicationImpl _initiate
INFO: Initiating Jersey application, version 'Jersey: 1.19 02/11/2015 03:25 AM'
]]></system-err>
  </testcase>
</testsuite>