<?xml version="1.0" encoding="UTF-8"?>
<testsuite xmlns:xsi="http://www.w3.org/2001/XMLSchema-instance" xsi:noNamespaceSchemaLocation="https://maven.apache.org/surefire/maven-surefire-plugin/xsd/surefire-test-report.xsd" name="org.apache.hadoop.hdds.scm.pipeline.TestRatisPipelineCreateAndDestory" time="75.613" tests="2" errors="1" skipped="0" failures="0">
  <properties>
    <property name="awt.toolkit" value="sun.awt.X11.XToolkit"/>
    <property name="file.encoding.pkg" value="sun.io"/>
    <property name="java.specification.version" value="1.8"/>
    <property name="sun.cpu.isalist" value=""/>
    <property name="sun.jnu.encoding" value="UTF-8"/>
    <property name="java.class.path" value="/workdir/hadoop-ozone/integration-test/target/test-classes:/workdir/hadoop-ozone/integration-test/target/classes:/home/user/.m2/repository/org/apache/hadoop/hadoop-ozone-common/0.5.0-SNAPSHOT/hadoop-ozone-common-0.5.0-SNAPSHOT.jar:/home/user/.m2/repository/org/apache/commons/commons-compress/1.4.1/commons-compress-1.4.1.jar:/home/user/.m2/repository/org/tukaani/xz/1.0/xz-1.0.jar:/home/user/.m2/repository/org/apache/hadoop/hadoop-common/3.2.0/hadoop-common-3.2.0.jar:/home/user/.m2/repository/org/apache/hadoop/hadoop-hdfs/3.2.0/hadoop-hdfs-3.2.0.jar:/home/user/.m2/repository/org/apache/hadoop/hadoop-hdfs-client/3.2.0/hadoop-hdfs-client-3.2.0.jar:/home/user/.m2/repository/com/fasterxml/jackson/core/jackson-annotations/2.9.5/jackson-annotations-2.9.5.jar:/home/user/.m2/repository/org/apache/hadoop/hadoop-hdds-common/0.5.0-SNAPSHOT/hadoop-hdds-common-0.5.0-SNAPSHOT.jar:/home/user/.m2/repository/javax/annotation/javax.annotation-api/1.2/javax.annotation-api-1.2.jar:/home/user/.m2/repository/org/apache/ratis/ratis-server/0.4.0-2337318-SNAPSHOT/ratis-server-0.4.0-2337318-SNAPSHOT.jar:/home/user/.m2/repository/org/apache/ratis/ratis-thirdparty-misc/0.2.0/ratis-thirdparty-misc-0.2.0.jar:/home/user/.m2/repository/org/apache/ratis/ratis-proto/0.4.0-2337318-SNAPSHOT/ratis-proto-0.4.0-2337318-SNAPSHOT.jar:/home/user/.m2/repository/org/apache/ratis/ratis-common/0.4.0-2337318-SNAPSHOT/ratis-common-0.4.0-2337318-SNAPSHOT.jar:/home/user/.m2/repository/org/apache/ratis/ratis-client/0.4.0-2337318-SNAPSHOT/ratis-client-0.4.0-2337318-SNAPSHOT.jar:/home/user/.m2/repository/org/apache/ratis/ratis-metrics/0.4.0-2337318-SNAPSHOT/ratis-metrics-0.4.0-2337318-SNAPSHOT.jar:/home/user/.m2/repository/org/apache/ratis/ratis-netty/0.4.0-2337318-SNAPSHOT/ratis-netty-0.4.0-2337318-SNAPSHOT.jar:/home/user/.m2/repository/org/apache/ratis/ratis-grpc/0.4.0-2337318-SNAPSHOT/ratis-grpc-0.4.0-2337318-SNAPSHOT.jar:/home/user/.m2/repository/org/rocksdb/rocksdbjni/6.0.1/rocksdbjni-6.0.1.jar:/home/user/.m2/repository/org/apache/logging/log4j/log4j-api/2.11.0/log4j-api-2.11.0.jar:/home/user/.m2/repository/org/apache/logging/log4j/log4j-core/2.11.0/log4j-core-2.11.0.jar:/home/user/.m2/repository/com/lmax/disruptor/3.4.2/disruptor-3.4.2.jar:/home/user/.m2/repository/org/apache/commons/commons-pool2/2.6.0/commons-pool2-2.6.0.jar:/home/user/.m2/repository/org/bouncycastle/bcpkix-jdk15on/1.60/bcpkix-jdk15on-1.60.jar:/home/user/.m2/repository/commons-validator/commons-validator/1.6/commons-validator-1.6.jar:/home/user/.m2/repository/commons-digester/commons-digester/1.8.1/commons-digester-1.8.1.jar:/home/user/.m2/repository/io/jaegertracing/jaeger-client/0.33.1/jaeger-client-0.33.1.jar:/home/user/.m2/repository/io/jaegertracing/jaeger-thrift/0.33.1/jaeger-thrift-0.33.1.jar:/home/user/.m2/repository/org/apache/thrift/libthrift/0.11.0/libthrift-0.11.0.jar:/home/user/.m2/repository/com/squareup/okhttp3/okhttp/3.9.0/okhttp-3.9.0.jar:/home/user/.m2/repository/com/squareup/okio/okio/1.13.0/okio-1.13.0.jar:/home/user/.m2/repository/io/jaegertracing/jaeger-core/0.33.1/jaeger-core-0.33.1.jar:/home/user/.m2/repository/io/jaegertracing/jaeger-tracerresolver/0.33.1/jaeger-tracerresolver-0.33.1.jar:/home/user/.m2/repository/io/opentracing/contrib/opentracing-tracerresolver/0.1.5/opentracing-tracerresolver-0.1.5.jar:/home/user/.m2/repository/io/opentracing/opentracing-util/0.31.0/opentracing-util-0.31.0.jar:/home/user/.m2/repository/io/opentracing/opentracing-api/0.31.0/opentracing-api-0.31.0.jar:/home/user/.m2/repository/io/opentracing/opentracing-noop/0.31.0/opentracing-noop-0.31.0.jar:/home/user/.m2/repository/org/apache/hadoop/hadoop-hdds-server-framework/0.5.0-SNAPSHOT/hadoop-hdds-server-framework-0.5.0-SNAPSHOT.jar:/home/user/.m2/repository/org/apache/hadoop/hadoop-hdds-container-service/0.5.0-SNAPSHOT/hadoop-hdds-container-service-0.5.0-SNAPSHOT.jar:/home/user/.m2/repository/org/apache/hadoop/hadoop-hdds-client/0.5.0-SNAPSHOT/hadoop-hdds-client-0.5.0-SNAPSHOT.jar:/home/user/.m2/repository/org/apache/hadoop/hadoop-hdds-tools/0.5.0-SNAPSHOT/hadoop-hdds-tools-0.5.0-SNAPSHOT.jar:/home/user/.m2/repository/org/apache/hadoop/hadoop-hdds-server-scm/0.5.0-SNAPSHOT/hadoop-hdds-server-scm-0.5.0-SNAPSHOT.jar:/home/user/.m2/repository/org/apache/hadoop/hadoop-hdds-docs/0.5.0-SNAPSHOT/hadoop-hdds-docs-0.5.0-SNAPSHOT.jar:/home/user/.m2/repository/io/dropwizard/metrics/metrics-core/3.2.4/metrics-core-3.2.4.jar:/home/user/.m2/repository/org/hamcrest/hamcrest-all/1.3/hamcrest-all-1.3.jar:/home/user/.m2/repository/org/bouncycastle/bcprov-jdk15on/1.60/bcprov-jdk15on-1.60.jar:/home/user/.m2/repository/info/picocli/picocli/3.9.6/picocli-3.9.6.jar:/home/user/.m2/repository/com/google/protobuf/protobuf-java/2.5.0/protobuf-java-2.5.0.jar:/home/user/.m2/repository/com/google/guava/guava/11.0.2/guava-11.0.2.jar:/home/user/.m2/repository/org/apache/hadoop/hadoop-ozone-ozone-manager/0.5.0-SNAPSHOT/hadoop-ozone-ozone-manager-0.5.0-SNAPSHOT.jar:/home/user/.m2/repository/org/apache/hadoop/hadoop-minikdc/3.2.0/hadoop-minikdc-3.2.0.jar:/home/user/.m2/repository/commons-io/commons-io/2.5/commons-io-2.5.jar:/home/user/.m2/repository/org/apache/kerby/kerb-simplekdc/1.0.1/kerb-simplekdc-1.0.1.jar:/home/user/.m2/repository/org/apache/kerby/kerb-client/1.0.1/kerb-client-1.0.1.jar:/home/user/.m2/repository/org/apache/kerby/kerby-config/1.0.1/kerby-config-1.0.1.jar:/home/user/.m2/repository/org/apache/kerby/kerb-core/1.0.1/kerb-core-1.0.1.jar:/home/user/.m2/repository/org/apache/kerby/kerby-pkix/1.0.1/kerby-pkix-1.0.1.jar:/home/user/.m2/repository/org/apache/kerby/kerby-asn1/1.0.1/kerby-asn1-1.0.1.jar:/home/user/.m2/repository/org/apache/kerby/kerby-util/1.0.1/kerby-util-1.0.1.jar:/home/user/.m2/repository/org/apache/kerby/kerb-common/1.0.1/kerb-common-1.0.1.jar:/home/user/.m2/repository/org/apache/kerby/kerb-crypto/1.0.1/kerb-crypto-1.0.1.jar:/home/user/.m2/repository/org/apache/kerby/kerb-util/1.0.1/kerb-util-1.0.1.jar:/home/user/.m2/repository/org/apache/kerby/token-provider/1.0.1/token-provider-1.0.1.jar:/home/user/.m2/repository/org/apache/kerby/kerb-admin/1.0.1/kerb-admin-1.0.1.jar:/home/user/.m2/repository/org/apache/kerby/kerb-server/1.0.1/kerb-server-1.0.1.jar:/home/user/.m2/repository/org/apache/kerby/kerb-identity/1.0.1/kerb-identity-1.0.1.jar:/home/user/.m2/repository/org/apache/kerby/kerby-xdr/1.0.1/kerby-xdr-1.0.1.jar:/home/user/.m2/repository/org/slf4j/slf4j-log4j12/1.7.25/slf4j-log4j12-1.7.25.jar:/home/user/.m2/repository/org/apache/hadoop/hadoop-ozone-objectstore-service/0.5.0-SNAPSHOT/hadoop-ozone-objectstore-service-0.5.0-SNAPSHOT.jar:/home/user/.m2/repository/org/apache/hadoop/hadoop-ozone-s3gateway/0.5.0-SNAPSHOT/hadoop-ozone-s3gateway-0.5.0-SNAPSHOT.jar:/home/user/.m2/repository/org/jboss/weld/servlet/weld-servlet/2.4.7.Final/weld-servlet-2.4.7.Final.jar:/home/user/.m2/repository/org/glassfish/jersey/containers/jersey-container-servlet-core/2.27/jersey-container-servlet-core-2.27.jar:/home/user/.m2/repository/org/glassfish/hk2/external/javax.inject/2.5.0-b42/javax.inject-2.5.0-b42.jar:/home/user/.m2/repository/org/glassfish/jersey/core/jersey-common/2.27/jersey-common-2.27.jar:/home/user/.m2/repository/org/glassfish/hk2/osgi-resource-locator/1.0.1/osgi-resource-locator-1.0.1.jar:/home/user/.m2/repository/javax/ws/rs/javax.ws.rs-api/2.1/javax.ws.rs-api-2.1.jar:/home/user/.m2/repository/org/glassfish/jersey/ext/cdi/jersey-cdi1x/2.27/jersey-cdi1x-2.27.jar:/home/user/.m2/repository/org/glassfish/jersey/inject/jersey-hk2/2.27/jersey-hk2-2.27.jar:/home/user/.m2/repository/org/glassfish/hk2/hk2-locator/2.5.0-b42/hk2-locator-2.5.0-b42.jar:/home/user/.m2/repository/org/javassist/javassist/3.22.0-CR2/javassist-3.22.0-CR2.jar:/home/user/.m2/repository/org/glassfish/hk2/hk2-api/2.5.0/hk2-api-2.5.0.jar:/home/user/.m2/repository/org/glassfish/hk2/external/jakarta.inject/2.5.0/jakarta.inject-2.5.0.jar:/home/user/.m2/repository/org/glassfish/hk2/hk2-utils/2.5.0/hk2-utils-2.5.0.jar:/home/user/.m2/repository/jakarta/annotation/jakarta.annotation-api/1.3.4/jakarta.annotation-api-1.3.4.jar:/home/user/.m2/repository/org/glassfish/hk2/external/aopalliance-repackaged/2.5.0/aopalliance-repackaged-2.5.0.jar:/home/user/.m2/repository/com/fasterxml/jackson/dataformat/jackson-dataformat-xml/2.9.0/jackson-dataformat-xml-2.9.0.jar:/home/user/.m2/repository/com/fasterxml/jackson/core/jackson-core/2.9.5/jackson-core-2.9.5.jar:/home/user/.m2/repository/com/fasterxml/jackson/module/jackson-module-jaxb-annotations/2.9.5/jackson-module-jaxb-annotations-2.9.5.jar:/home/user/.m2/repository/javax/enterprise/cdi-api/1.2/cdi-api-1.2.jar:/home/user/.m2/repository/javax/el/javax.el-api/3.0.0/javax.el-api-3.0.0.jar:/home/user/.m2/repository/javax/interceptor/javax.interceptor-api/1.2/javax.interceptor-api-1.2.jar:/home/user/.m2/repository/javax/inject/javax.inject/1/javax.inject-1.jar:/home/user/.m2/repository/com/sun/xml/bind/jaxb-impl/2.3.0.1/jaxb-impl-2.3.0.1.jar:/home/user/.m2/repository/com/sun/xml/bind/jaxb-core/2.3.0.1/jaxb-core-2.3.0.1.jar:/home/user/.m2/repository/javax/xml/bind/jaxb-api/2.3.0/jaxb-api-2.3.0.jar:/home/user/.m2/repository/javax/activation/activation/1.1.1/activation-1.1.1.jar:/home/user/.m2/repository/org/apache/hadoop/hadoop-ozone-csi/0.5.0-SNAPSHOT/hadoop-ozone-csi-0.5.0-SNAPSHOT.jar:/home/user/.m2/repository/com/google/protobuf/protobuf-java-util/3.5.1/protobuf-java-util-3.5.1.jar:/home/user/.m2/repository/org/apache/hadoop/hadoop-hdds-config/0.5.0-SNAPSHOT/hadoop-hdds-config-0.5.0-SNAPSHOT.jar:/home/user/.m2/repository/io/grpc/grpc-netty/1.17.1/grpc-netty-1.17.1.jar:/home/user/.m2/repository/io/grpc/grpc-core/1.17.1/grpc-core-1.17.1.jar:/home/user/.m2/repository/io/grpc/grpc-context/1.17.1/grpc-context-1.17.1.jar:/home/user/.m2/repository/com/google/errorprone/error_prone_annotations/2.2.0/error_prone_annotations-2.2.0.jar:/home/user/.m2/repository/org/codehaus/mojo/animal-sniffer-annotations/1.17/animal-sniffer-annotations-1.17.jar:/home/user/.m2/repository/io/opencensus/opencensus-api/0.17.0/opencensus-api-0.17.0.jar:/home/user/.m2/repository/io/opencensus/opencensus-contrib-grpc-metrics/0.17.0/opencensus-contrib-grpc-metrics-0.17.0.jar:/home/user/.m2/repository/io/netty/netty-codec-http2/4.1.30.Final/netty-codec-http2-4.1.30.Final.jar:/home/user/.m2/repository/io/netty/netty-codec-http/4.1.30.Final/netty-codec-http-4.1.30.Final.jar:/home/user/.m2/repository/io/netty/netty-codec/4.1.30.Final/netty-codec-4.1.30.Final.jar:/home/user/.m2/repository/io/netty/netty-handler/4.1.30.Final/netty-handler-4.1.30.Final.jar:/home/user/.m2/repository/io/netty/netty-handler-proxy/4.1.30.Final/netty-handler-proxy-4.1.30.Final.jar:/home/user/.m2/repository/io/netty/netty-codec-socks/4.1.30.Final/netty-codec-socks-4.1.30.Final.jar:/home/user/.m2/repository/io/netty/netty-transport-native-epoll/4.1.30.Final/netty-transport-native-epoll-4.1.30.Final.jar:/home/user/.m2/repository/io/netty/netty-common/4.1.30.Final/netty-common-4.1.30.Final.jar:/home/user/.m2/repository/io/netty/netty-buffer/4.1.30.Final/netty-buffer-4.1.30.Final.jar:/home/user/.m2/repository/io/netty/netty-transport/4.1.30.Final/netty-transport-4.1.30.Final.jar:/home/user/.m2/repository/io/netty/netty-resolver/4.1.30.Final/netty-resolver-4.1.30.Final.jar:/home/user/.m2/repository/io/netty/netty-transport-native-unix-common/4.1.30.Final/netty-transport-native-unix-common-4.1.30.Final.jar:/home/user/.m2/repository/io/grpc/grpc-protobuf/1.17.1/grpc-protobuf-1.17.1.jar:/home/user/.m2/repository/com/google/api/grpc/proto-google-common-protos/1.0.0/proto-google-common-protos-1.0.0.jar:/home/user/.m2/repository/io/grpc/grpc-protobuf-lite/1.17.1/grpc-protobuf-lite-1.17.1.jar:/home/user/.m2/repository/io/grpc/grpc-stub/1.17.1/grpc-stub-1.17.1.jar:/home/user/.m2/repository/org/apache/hadoop/hadoop-ozone-recon/0.5.0-SNAPSHOT/hadoop-ozone-recon-0.5.0-SNAPSHOT.jar:/home/user/.m2/repository/org/apache/hadoop/hadoop-ozone-reconcodegen/0.5.0-SNAPSHOT/hadoop-ozone-reconcodegen-0.5.0-SNAPSHOT.jar:/home/user/.m2/repository/com/google/inject/extensions/guice-multibindings/4.0/guice-multibindings-4.0.jar:/home/user/.m2/repository/com/google/inject/guice/4.0/guice-4.0.jar:/home/user/.m2/repository/aopalliance/aopalliance/1.0/aopalliance-1.0.jar:/home/user/.m2/repository/com/google/inject/extensions/guice-servlet/4.0/guice-servlet-4.0.jar:/home/user/.m2/repository/org/glassfish/jersey/containers/jersey-container-servlet/2.27/jersey-container-servlet-2.27.jar:/home/user/.m2/repository/org/glassfish/hk2/guice-bridge/2.5.0/guice-bridge-2.5.0.jar:/home/user/.m2/repository/org/glassfish/jersey/core/jersey-server/2.27/jersey-server-2.27.jar:/home/user/.m2/repository/org/glassfish/jersey/core/jersey-client/2.27/jersey-client-2.27.jar:/home/user/.m2/repository/org/glassfish/jersey/media/jersey-media-jaxb/2.27/jersey-media-jaxb-2.27.jar:/home/user/.m2/repository/javax/validation/validation-api/1.1.0.Final/validation-api-1.1.0.Final.jar:/home/user/.m2/repository/org/glassfish/jersey/media/jersey-media-json-jackson/2.27/jersey-media-json-jackson-2.27.jar:/home/user/.m2/repository/org/glassfish/jersey/ext/jersey-entity-filtering/2.27/jersey-entity-filtering-2.27.jar:/home/user/.m2/repository/com/google/inject/extensions/guice-assistedinject/4.0/guice-assistedinject-4.0.jar:/home/user/.m2/repository/org/jooq/jooq/3.11.10/jooq-3.11.10.jar:/home/user/.m2/repository/org/jooq/jooq-meta/3.11.10/jooq-meta-3.11.10.jar:/home/user/.m2/repository/org/jooq/jooq-codegen/3.11.10/jooq-codegen-3.11.10.jar:/home/user/.m2/repository/com/jolbox/bonecp/0.8.0.RELEASE/bonecp-0.8.0.RELEASE.jar:/home/user/.m2/repository/org/xerial/sqlite-jdbc/3.25.2/sqlite-jdbc-3.25.2.jar:/home/user/.m2/repository/org/springframework/spring-jdbc/5.1.3.RELEASE/spring-jdbc-5.1.3.RELEASE.jar:/home/user/.m2/repository/org/springframework/spring-beans/5.1.3.RELEASE/spring-beans-5.1.3.RELEASE.jar:/home/user/.m2/repository/org/springframework/spring-core/5.1.3.RELEASE/spring-core-5.1.3.RELEASE.jar:/home/user/.m2/repository/org/springframework/spring-jcl/5.1.3.RELEASE/spring-jcl-5.1.3.RELEASE.jar:/home/user/.m2/repository/org/springframework/spring-tx/5.1.3.RELEASE/spring-tx-5.1.3.RELEASE.jar:/home/user/.m2/repository/org/apache/hadoop/hadoop-ozone-client/0.5.0-SNAPSHOT/hadoop-ozone-client-0.5.0-SNAPSHOT.jar:/home/user/.m2/repository/commons-lang/commons-lang/2.6/commons-lang-2.6.jar:/home/user/.m2/repository/org/apache/hadoop/hadoop-ozone-ozone-manager/0.5.0-SNAPSHOT/hadoop-ozone-ozone-manager-0.5.0-SNAPSHOT-tests.jar:/home/user/.m2/repository/junit/junit/4.11/junit-4.11.jar:/home/user/.m2/repository/org/hamcrest/hamcrest-core/1.3/hamcrest-core-1.3.jar:/home/user/.m2/repository/org/openjdk/jmh/jmh-core/1.19/jmh-core-1.19.jar:/home/user/.m2/repository/net/sf/jopt-simple/jopt-simple/4.6/jopt-simple-4.6.jar:/home/user/.m2/repository/org/apache/commons/commons-math3/3.1.1/commons-math3-3.1.1.jar:/home/user/.m2/repository/org/openjdk/jmh/jmh-generator-annprocess/1.19/jmh-generator-annprocess-1.19.jar:/home/user/.m2/repository/org/mockito/mockito-all/1.8.5/mockito-all-1.8.5.jar:/home/user/.m2/repository/org/apache/hadoop/hadoop-kms/3.2.0/hadoop-kms-3.2.0.jar:/home/user/.m2/repository/org/apache/hadoop/hadoop-auth/3.2.0/hadoop-auth-3.2.0.jar:/home/user/.m2/repository/com/nimbusds/nimbus-jose-jwt/4.41.1/nimbus-jose-jwt-4.41.1.jar:/home/user/.m2/repository/com/github/stephenc/jcip/jcip-annotations/1.0-1/jcip-annotations-1.0-1.jar:/home/user/.m2/repository/net/minidev/json-smart/2.3/json-smart-2.3.jar:/home/user/.m2/repository/net/minidev/accessors-smart/1.2/accessors-smart-1.2.jar:/home/user/.m2/repository/org/ow2/asm/asm/5.0.4/asm-5.0.4.jar:/home/user/.m2/repository/org/apache/curator/curator-framework/2.12.0/curator-framework-2.12.0.jar:/home/user/.m2/repository/com/sun/jersey/jersey-core/1.19/jersey-core-1.19.jar:/home/user/.m2/repository/javax/ws/rs/jsr311-api/1.1.1/jsr311-api-1.1.1.jar:/home/user/.m2/repository/com/sun/jersey/jersey-server/1.19/jersey-server-1.19.jar:/home/user/.m2/repository/javax/servlet/javax.servlet-api/3.1.0/javax.servlet-api-3.1.0.jar:/home/user/.m2/repository/org/eclipse/jetty/jetty-server/9.3.24.v20180605/jetty-server-9.3.24.v20180605.jar:/home/user/.m2/repository/org/eclipse/jetty/jetty-http/9.3.24.v20180605/jetty-http-9.3.24.v20180605.jar:/home/user/.m2/repository/org/eclipse/jetty/jetty-io/9.3.24.v20180605/jetty-io-9.3.24.v20180605.jar:/home/user/.m2/repository/org/eclipse/jetty/jetty-webapp/9.3.24.v20180605/jetty-webapp-9.3.24.v20180605.jar:/home/user/.m2/repository/org/eclipse/jetty/jetty-xml/9.3.24.v20180605/jetty-xml-9.3.24.v20180605.jar:/home/user/.m2/repository/log4j/log4j/1.2.17/log4j-1.2.17.jar:/home/user/.m2/repository/org/slf4j/slf4j-api/1.7.25/slf4j-api-1.7.25.jar:/home/user/.m2/repository/org/slf4j/jul-to-slf4j/1.7.25/jul-to-slf4j-1.7.25.jar:/home/user/.m2/repository/org/eclipse/jetty/jetty-util/9.3.24.v20180605/jetty-util-9.3.24.v20180605.jar:/home/user/.m2/repository/com/fasterxml/jackson/core/jackson-databind/2.9.5/jackson-databind-2.9.5.jar:/home/user/.m2/repository/org/apache/hadoop/hadoop-kms/3.2.0/hadoop-kms-3.2.0-tests.jar:/home/user/.m2/repository/org/apache/hadoop/hadoop-hdds-server-scm/0.5.0-SNAPSHOT/hadoop-hdds-server-scm-0.5.0-SNAPSHOT-tests.jar:/home/user/.m2/repository/org/apache/hadoop/hadoop-hdds-container-service/0.5.0-SNAPSHOT/hadoop-hdds-container-service-0.5.0-SNAPSHOT-tests.jar:/home/user/.m2/repository/org/yaml/snakeyaml/1.16/snakeyaml-1.16.jar:/home/user/.m2/repository/org/apache/hadoop/hadoop-common/3.2.0/hadoop-common-3.2.0-tests.jar:/home/user/.m2/repository/org/apache/hadoop/hadoop-annotations/3.2.0/hadoop-annotations-3.2.0.jar:/usr/lib/jvm/java-1.8-openjdk/jre/../lib/tools.jar:/home/user/.m2/repository/commons-cli/commons-cli/1.2/commons-cli-1.2.jar:/home/user/.m2/repository/org/apache/httpcomponents/httpclient/4.5.2/httpclient-4.5.2.jar:/home/user/.m2/repository/org/apache/httpcomponents/httpcore/4.4.4/httpcore-4.4.4.jar:/home/user/.m2/repository/commons-codec/commons-codec/1.11/commons-codec-1.11.jar:/home/user/.m2/repository/commons-net/commons-net/3.6/commons-net-3.6.jar:/home/user/.m2/repository/commons-collections/commons-collections/3.2.2/commons-collections-3.2.2.jar:/home/user/.m2/repository/org/eclipse/jetty/jetty-servlet/9.3.24.v20180605/jetty-servlet-9.3.24.v20180605.jar:/home/user/.m2/repository/org/eclipse/jetty/jetty-security/9.3.24.v20180605/jetty-security-9.3.24.v20180605.jar:/home/user/.m2/repository/javax/servlet/jsp/jsp-api/2.1/jsp-api-2.1.jar:/home/user/.m2/repository/com/sun/jersey/jersey-servlet/1.19/jersey-servlet-1.19.jar:/home/user/.m2/repository/com/sun/jersey/jersey-json/1.19/jersey-json-1.19.jar:/home/user/.m2/repository/org/codehaus/jettison/jettison/1.1/jettison-1.1.jar:/home/user/.m2/repository/org/codehaus/jackson/jackson-core-asl/1.9.13/jackson-core-asl-1.9.13.jar:/home/user/.m2/repository/org/codehaus/jackson/jackson-mapper-asl/1.9.13/jackson-mapper-asl-1.9.13.jar:/home/user/.m2/repository/org/codehaus/jackson/jackson-jaxrs/1.9.13/jackson-jaxrs-1.9.13.jar:/home/user/.m2/repository/org/codehaus/jackson/jackson-xc/1.9.13/jackson-xc-1.9.13.jar:/home/user/.m2/repository/commons-logging/commons-logging/1.1.3/commons-logging-1.1.3.jar:/home/user/.m2/repository/commons-beanutils/commons-beanutils/1.9.3/commons-beanutils-1.9.3.jar:/home/user/.m2/repository/org/apache/commons/commons-configuration2/2.1.1/commons-configuration2-2.1.1.jar:/home/user/.m2/repository/org/apache/commons/commons-lang3/3.7/commons-lang3-3.7.jar:/home/user/.m2/repository/org/apache/commons/commons-text/1.4/commons-text-1.4.jar:/home/user/.m2/repository/org/apache/avro/avro/1.7.7/avro-1.7.7.jar:/home/user/.m2/repository/com/thoughtworks/paranamer/paranamer/2.3/paranamer-2.3.jar:/home/user/.m2/repository/org/xerial/snappy/snappy-java/1.0.5/snappy-java-1.0.5.jar:/home/user/.m2/repository/com/google/re2j/re2j/1.1/re2j-1.1.jar:/home/user/.m2/repository/com/google/code/gson/gson/2.2.4/gson-2.2.4.jar:/home/user/.m2/repository/com/jcraft/jsch/0.1.54/jsch-0.1.54.jar:/home/user/.m2/repository/org/apache/curator/curator-client/2.12.0/curator-client-2.12.0.jar:/home/user/.m2/repository/org/apache/curator/curator-recipes/2.12.0/curator-recipes-2.12.0.jar:/home/user/.m2/repository/com/google/code/findbugs/jsr305/3.0.0/jsr305-3.0.0.jar:/home/user/.m2/repository/org/apache/htrace/htrace-core4/4.1.0-incubating/htrace-core4-4.1.0-incubating.jar:/home/user/.m2/repository/org/apache/zookeeper/zookeeper/3.4.13/zookeeper-3.4.13.jar:/home/user/.m2/repository/org/apache/yetus/audience-annotations/0.5.0/audience-annotations-0.5.0.jar:/home/user/.m2/repository/org/codehaus/woodstox/stax2-api/3.1.4/stax2-api-3.1.4.jar:/home/user/.m2/repository/com/fasterxml/woodstox/woodstox-core/5.0.3/woodstox-core-5.0.3.jar:/home/user/.m2/repository/dnsjava/dnsjava/2.1.7/dnsjava-2.1.7.jar:/home/user/.m2/repository/org/apache/hadoop/hadoop-hdfs/3.2.0/hadoop-hdfs-3.2.0-tests.jar:/home/user/.m2/repository/org/eclipse/jetty/jetty-util-ajax/9.3.24.v20180605/jetty-util-ajax-9.3.24.v20180605.jar:/home/user/.m2/repository/commons-daemon/commons-daemon/1.0.13/commons-daemon-1.0.13.jar:/home/user/.m2/repository/io/netty/netty/3.10.5.Final/netty-3.10.5.Final.jar:/home/user/.m2/repository/io/netty/netty-all/4.0.52.Final/netty-all-4.0.52.Final.jar:/home/user/.m2/repository/org/fusesource/leveldbjni/leveldbjni-all/1.8/leveldbjni-all-1.8.jar:"/>
    <property name="java.vm.vendor" value="IcedTea"/>
    <property name="sun.arch.data.model" value="64"/>
    <property name="test.build.dir" value="/workdir/hadoop-ozone/integration-test/target/test-dir"/>
    <property name="test.cache.data" value=""/>
    <property name="java.vendor.url" value="https://icedtea.classpath.org"/>
    <property name="user.timezone" value=""/>
    <property name="java.vm.specification.version" value="1.8"/>
    <property name="os.name" value="Linux"/>
    <property name="test.build.data" value="/workdir/hadoop-ozone/integration-test/target/test-dir"/>
    <property name="user.country" value="US"/>
    <property name="sun.java.launcher" value="SUN_STANDARD"/>
    <property name="sun.boot.library.path" value="/usr/lib/jvm/java-1.8-openjdk/jre/lib/amd64"/>
    <property name="sun.java.command" value="/workdir/hadoop-ozone/integration-test/target/surefire/surefirebooter4802020012670497127.jar /workdir/hadoop-ozone/integration-test/target/surefire 2019-08-23T08-31-36_134-jvmRun1 surefire6517293000445121409tmp surefire_46174597435479255144tmp"/>
    <property name="test" value="!TestMiniChaosOzoneCluster"/>
    <property name="surefire.test.class.path" value="/workdir/hadoop-ozone/integration-test/target/test-classes:/workdir/hadoop-ozone/integration-test/target/classes:/home/user/.m2/repository/org/apache/hadoop/hadoop-ozone-common/0.5.0-SNAPSHOT/hadoop-ozone-common-0.5.0-SNAPSHOT.jar:/home/user/.m2/repository/org/apache/commons/commons-compress/1.4.1/commons-compress-1.4.1.jar:/home/user/.m2/repository/org/tukaani/xz/1.0/xz-1.0.jar:/home/user/.m2/repository/org/apache/hadoop/hadoop-common/3.2.0/hadoop-common-3.2.0.jar:/home/user/.m2/repository/org/apache/hadoop/hadoop-hdfs/3.2.0/hadoop-hdfs-3.2.0.jar:/home/user/.m2/repository/org/apache/hadoop/hadoop-hdfs-client/3.2.0/hadoop-hdfs-client-3.2.0.jar:/home/user/.m2/repository/com/fasterxml/jackson/core/jackson-annotations/2.9.5/jackson-annotations-2.9.5.jar:/home/user/.m2/repository/org/apache/hadoop/hadoop-hdds-common/0.5.0-SNAPSHOT/hadoop-hdds-common-0.5.0-SNAPSHOT.jar:/home/user/.m2/repository/javax/annotation/javax.annotation-api/1.2/javax.annotation-api-1.2.jar:/home/user/.m2/repository/org/apache/ratis/ratis-server/0.4.0-2337318-SNAPSHOT/ratis-server-0.4.0-2337318-SNAPSHOT.jar:/home/user/.m2/repository/org/apache/ratis/ratis-thirdparty-misc/0.2.0/ratis-thirdparty-misc-0.2.0.jar:/home/user/.m2/repository/org/apache/ratis/ratis-proto/0.4.0-2337318-SNAPSHOT/ratis-proto-0.4.0-2337318-SNAPSHOT.jar:/home/user/.m2/repository/org/apache/ratis/ratis-common/0.4.0-2337318-SNAPSHOT/ratis-common-0.4.0-2337318-SNAPSHOT.jar:/home/user/.m2/repository/org/apache/ratis/ratis-client/0.4.0-2337318-SNAPSHOT/ratis-client-0.4.0-2337318-SNAPSHOT.jar:/home/user/.m2/repository/org/apache/ratis/ratis-metrics/0.4.0-2337318-SNAPSHOT/ratis-metrics-0.4.0-2337318-SNAPSHOT.jar:/home/user/.m2/repository/org/apache/ratis/ratis-netty/0.4.0-2337318-SNAPSHOT/ratis-netty-0.4.0-2337318-SNAPSHOT.jar:/home/user/.m2/repository/org/apache/ratis/ratis-grpc/0.4.0-2337318-SNAPSHOT/ratis-grpc-0.4.0-2337318-SNAPSHOT.jar:/home/user/.m2/repository/org/rocksdb/rocksdbjni/6.0.1/rocksdbjni-6.0.1.jar:/home/user/.m2/repository/org/apache/logging/log4j/log4j-api/2.11.0/log4j-api-2.11.0.jar:/home/user/.m2/repository/org/apache/logging/log4j/log4j-core/2.11.0/log4j-core-2.11.0.jar:/home/user/.m2/repository/com/lmax/disruptor/3.4.2/disruptor-3.4.2.jar:/home/user/.m2/repository/org/apache/commons/commons-pool2/2.6.0/commons-pool2-2.6.0.jar:/home/user/.m2/repository/org/bouncycastle/bcpkix-jdk15on/1.60/bcpkix-jdk15on-1.60.jar:/home/user/.m2/repository/commons-validator/commons-validator/1.6/commons-validator-1.6.jar:/home/user/.m2/repository/commons-digester/commons-digester/1.8.1/commons-digester-1.8.1.jar:/home/user/.m2/repository/io/jaegertracing/jaeger-client/0.33.1/jaeger-client-0.33.1.jar:/home/user/.m2/repository/io/jaegertracing/jaeger-thrift/0.33.1/jaeger-thrift-0.33.1.jar:/home/user/.m2/repository/org/apache/thrift/libthrift/0.11.0/libthrift-0.11.0.jar:/home/user/.m2/repository/com/squareup/okhttp3/okhttp/3.9.0/okhttp-3.9.0.jar:/home/user/.m2/repository/com/squareup/okio/okio/1.13.0/okio-1.13.0.jar:/home/user/.m2/repository/io/jaegertracing/jaeger-core/0.33.1/jaeger-core-0.33.1.jar:/home/user/.m2/repository/io/jaegertracing/jaeger-tracerresolver/0.33.1/jaeger-tracerresolver-0.33.1.jar:/home/user/.m2/repository/io/opentracing/contrib/opentracing-tracerresolver/0.1.5/opentracing-tracerresolver-0.1.5.jar:/home/user/.m2/repository/io/opentracing/opentracing-util/0.31.0/opentracing-util-0.31.0.jar:/home/user/.m2/repository/io/opentracing/opentracing-api/0.31.0/opentracing-api-0.31.0.jar:/home/user/.m2/repository/io/opentracing/opentracing-noop/0.31.0/opentracing-noop-0.31.0.jar:/home/user/.m2/repository/org/apache/hadoop/hadoop-hdds-server-framework/0.5.0-SNAPSHOT/hadoop-hdds-server-framework-0.5.0-SNAPSHOT.jar:/home/user/.m2/repository/org/apache/hadoop/hadoop-hdds-container-service/0.5.0-SNAPSHOT/hadoop-hdds-container-service-0.5.0-SNAPSHOT.jar:/home/user/.m2/repository/org/apache/hadoop/hadoop-hdds-client/0.5.0-SNAPSHOT/hadoop-hdds-client-0.5.0-SNAPSHOT.jar:/home/user/.m2/repository/org/apache/hadoop/hadoop-hdds-tools/0.5.0-SNAPSHOT/hadoop-hdds-tools-0.5.0-SNAPSHOT.jar:/home/user/.m2/repository/org/apache/hadoop/hadoop-hdds-server-scm/0.5.0-SNAPSHOT/hadoop-hdds-server-scm-0.5.0-SNAPSHOT.jar:/home/user/.m2/repository/org/apache/hadoop/hadoop-hdds-docs/0.5.0-SNAPSHOT/hadoop-hdds-docs-0.5.0-SNAPSHOT.jar:/home/user/.m2/repository/io/dropwizard/metrics/metrics-core/3.2.4/metrics-core-3.2.4.jar:/home/user/.m2/repository/org/hamcrest/hamcrest-all/1.3/hamcrest-all-1.3.jar:/home/user/.m2/repository/org/bouncycastle/bcprov-jdk15on/1.60/bcprov-jdk15on-1.60.jar:/home/user/.m2/repository/info/picocli/picocli/3.9.6/picocli-3.9.6.jar:/home/user/.m2/repository/com/google/protobuf/protobuf-java/2.5.0/protobuf-java-2.5.0.jar:/home/user/.m2/repository/com/google/guava/guava/11.0.2/guava-11.0.2.jar:/home/user/.m2/repository/org/apache/hadoop/hadoop-ozone-ozone-manager/0.5.0-SNAPSHOT/hadoop-ozone-ozone-manager-0.5.0-SNAPSHOT.jar:/home/user/.m2/repository/org/apache/hadoop/hadoop-minikdc/3.2.0/hadoop-minikdc-3.2.0.jar:/home/user/.m2/repository/commons-io/commons-io/2.5/commons-io-2.5.jar:/home/user/.m2/repository/org/apache/kerby/kerb-simplekdc/1.0.1/kerb-simplekdc-1.0.1.jar:/home/user/.m2/repository/org/apache/kerby/kerb-client/1.0.1/kerb-client-1.0.1.jar:/home/user/.m2/repository/org/apache/kerby/kerby-config/1.0.1/kerby-config-1.0.1.jar:/home/user/.m2/repository/org/apache/kerby/kerb-core/1.0.1/kerb-core-1.0.1.jar:/home/user/.m2/repository/org/apache/kerby/kerby-pkix/1.0.1/kerby-pkix-1.0.1.jar:/home/user/.m2/repository/org/apache/kerby/kerby-asn1/1.0.1/kerby-asn1-1.0.1.jar:/home/user/.m2/repository/org/apache/kerby/kerby-util/1.0.1/kerby-util-1.0.1.jar:/home/user/.m2/repository/org/apache/kerby/kerb-common/1.0.1/kerb-common-1.0.1.jar:/home/user/.m2/repository/org/apache/kerby/kerb-crypto/1.0.1/kerb-crypto-1.0.1.jar:/home/user/.m2/repository/org/apache/kerby/kerb-util/1.0.1/kerb-util-1.0.1.jar:/home/user/.m2/repository/org/apache/kerby/token-provider/1.0.1/token-provider-1.0.1.jar:/home/user/.m2/repository/org/apache/kerby/kerb-admin/1.0.1/kerb-admin-1.0.1.jar:/home/user/.m2/repository/org/apache/kerby/kerb-server/1.0.1/kerb-server-1.0.1.jar:/home/user/.m2/repository/org/apache/kerby/kerb-identity/1.0.1/kerb-identity-1.0.1.jar:/home/user/.m2/repository/org/apache/kerby/kerby-xdr/1.0.1/kerby-xdr-1.0.1.jar:/home/user/.m2/repository/org/slf4j/slf4j-log4j12/1.7.25/slf4j-log4j12-1.7.25.jar:/home/user/.m2/repository/org/apache/hadoop/hadoop-ozone-objectstore-service/0.5.0-SNAPSHOT/hadoop-ozone-objectstore-service-0.5.0-SNAPSHOT.jar:/home/user/.m2/repository/org/apache/hadoop/hadoop-ozone-s3gateway/0.5.0-SNAPSHOT/hadoop-ozone-s3gateway-0.5.0-SNAPSHOT.jar:/home/user/.m2/repository/org/jboss/weld/servlet/weld-servlet/2.4.7.Final/weld-servlet-2.4.7.Final.jar:/home/user/.m2/repository/org/glassfish/jersey/containers/jersey-container-servlet-core/2.27/jersey-container-servlet-core-2.27.jar:/home/user/.m2/repository/org/glassfish/hk2/external/javax.inject/2.5.0-b42/javax.inject-2.5.0-b42.jar:/home/user/.m2/repository/org/glassfish/jersey/core/jersey-common/2.27/jersey-common-2.27.jar:/home/user/.m2/repository/org/glassfish/hk2/osgi-resource-locator/1.0.1/osgi-resource-locator-1.0.1.jar:/home/user/.m2/repository/javax/ws/rs/javax.ws.rs-api/2.1/javax.ws.rs-api-2.1.jar:/home/user/.m2/repository/org/glassfish/jersey/ext/cdi/jersey-cdi1x/2.27/jersey-cdi1x-2.27.jar:/home/user/.m2/repository/org/glassfish/jersey/inject/jersey-hk2/2.27/jersey-hk2-2.27.jar:/home/user/.m2/repository/org/glassfish/hk2/hk2-locator/2.5.0-b42/hk2-locator-2.5.0-b42.jar:/home/user/.m2/repository/org/javassist/javassist/3.22.0-CR2/javassist-3.22.0-CR2.jar:/home/user/.m2/repository/org/glassfish/hk2/hk2-api/2.5.0/hk2-api-2.5.0.jar:/home/user/.m2/repository/org/glassfish/hk2/external/jakarta.inject/2.5.0/jakarta.inject-2.5.0.jar:/home/user/.m2/repository/org/glassfish/hk2/hk2-utils/2.5.0/hk2-utils-2.5.0.jar:/home/user/.m2/repository/jakarta/annotation/jakarta.annotation-api/1.3.4/jakarta.annotation-api-1.3.4.jar:/home/user/.m2/repository/org/glassfish/hk2/external/aopalliance-repackaged/2.5.0/aopalliance-repackaged-2.5.0.jar:/home/user/.m2/repository/com/fasterxml/jackson/dataformat/jackson-dataformat-xml/2.9.0/jackson-dataformat-xml-2.9.0.jar:/home/user/.m2/repository/com/fasterxml/jackson/core/jackson-core/2.9.5/jackson-core-2.9.5.jar:/home/user/.m2/repository/com/fasterxml/jackson/module/jackson-module-jaxb-annotations/2.9.5/jackson-module-jaxb-annotations-2.9.5.jar:/home/user/.m2/repository/javax/enterprise/cdi-api/1.2/cdi-api-1.2.jar:/home/user/.m2/repository/javax/el/javax.el-api/3.0.0/javax.el-api-3.0.0.jar:/home/user/.m2/repository/javax/interceptor/javax.interceptor-api/1.2/javax.interceptor-api-1.2.jar:/home/user/.m2/repository/javax/inject/javax.inject/1/javax.inject-1.jar:/home/user/.m2/repository/com/sun/xml/bind/jaxb-impl/2.3.0.1/jaxb-impl-2.3.0.1.jar:/home/user/.m2/repository/com/sun/xml/bind/jaxb-core/2.3.0.1/jaxb-core-2.3.0.1.jar:/home/user/.m2/repository/javax/xml/bind/jaxb-api/2.3.0/jaxb-api-2.3.0.jar:/home/user/.m2/repository/javax/activation/activation/1.1.1/activation-1.1.1.jar:/home/user/.m2/repository/org/apache/hadoop/hadoop-ozone-csi/0.5.0-SNAPSHOT/hadoop-ozone-csi-0.5.0-SNAPSHOT.jar:/home/user/.m2/repository/com/google/protobuf/protobuf-java-util/3.5.1/protobuf-java-util-3.5.1.jar:/home/user/.m2/repository/org/apache/hadoop/hadoop-hdds-config/0.5.0-SNAPSHOT/hadoop-hdds-config-0.5.0-SNAPSHOT.jar:/home/user/.m2/repository/io/grpc/grpc-netty/1.17.1/grpc-netty-1.17.1.jar:/home/user/.m2/repository/io/grpc/grpc-core/1.17.1/grpc-core-1.17.1.jar:/home/user/.m2/repository/io/grpc/grpc-context/1.17.1/grpc-context-1.17.1.jar:/home/user/.m2/repository/com/google/errorprone/error_prone_annotations/2.2.0/error_prone_annotations-2.2.0.jar:/home/user/.m2/repository/org/codehaus/mojo/animal-sniffer-annotations/1.17/animal-sniffer-annotations-1.17.jar:/home/user/.m2/repository/io/opencensus/opencensus-api/0.17.0/opencensus-api-0.17.0.jar:/home/user/.m2/repository/io/opencensus/opencensus-contrib-grpc-metrics/0.17.0/opencensus-contrib-grpc-metrics-0.17.0.jar:/home/user/.m2/repository/io/netty/netty-codec-http2/4.1.30.Final/netty-codec-http2-4.1.30.Final.jar:/home/user/.m2/repository/io/netty/netty-codec-http/4.1.30.Final/netty-codec-http-4.1.30.Final.jar:/home/user/.m2/repository/io/netty/netty-codec/4.1.30.Final/netty-codec-4.1.30.Final.jar:/home/user/.m2/repository/io/netty/netty-handler/4.1.30.Final/netty-handler-4.1.30.Final.jar:/home/user/.m2/repository/io/netty/netty-handler-proxy/4.1.30.Final/netty-handler-proxy-4.1.30.Final.jar:/home/user/.m2/repository/io/netty/netty-codec-socks/4.1.30.Final/netty-codec-socks-4.1.30.Final.jar:/home/user/.m2/repository/io/netty/netty-transport-native-epoll/4.1.30.Final/netty-transport-native-epoll-4.1.30.Final.jar:/home/user/.m2/repository/io/netty/netty-common/4.1.30.Final/netty-common-4.1.30.Final.jar:/home/user/.m2/repository/io/netty/netty-buffer/4.1.30.Final/netty-buffer-4.1.30.Final.jar:/home/user/.m2/repository/io/netty/netty-transport/4.1.30.Final/netty-transport-4.1.30.Final.jar:/home/user/.m2/repository/io/netty/netty-resolver/4.1.30.Final/netty-resolver-4.1.30.Final.jar:/home/user/.m2/repository/io/netty/netty-transport-native-unix-common/4.1.30.Final/netty-transport-native-unix-common-4.1.30.Final.jar:/home/user/.m2/repository/io/grpc/grpc-protobuf/1.17.1/grpc-protobuf-1.17.1.jar:/home/user/.m2/repository/com/google/api/grpc/proto-google-common-protos/1.0.0/proto-google-common-protos-1.0.0.jar:/home/user/.m2/repository/io/grpc/grpc-protobuf-lite/1.17.1/grpc-protobuf-lite-1.17.1.jar:/home/user/.m2/repository/io/grpc/grpc-stub/1.17.1/grpc-stub-1.17.1.jar:/home/user/.m2/repository/org/apache/hadoop/hadoop-ozone-recon/0.5.0-SNAPSHOT/hadoop-ozone-recon-0.5.0-SNAPSHOT.jar:/home/user/.m2/repository/org/apache/hadoop/hadoop-ozone-reconcodegen/0.5.0-SNAPSHOT/hadoop-ozone-reconcodegen-0.5.0-SNAPSHOT.jar:/home/user/.m2/repository/com/google/inject/extensions/guice-multibindings/4.0/guice-multibindings-4.0.jar:/home/user/.m2/repository/com/google/inject/guice/4.0/guice-4.0.jar:/home/user/.m2/repository/aopalliance/aopalliance/1.0/aopalliance-1.0.jar:/home/user/.m2/repository/com/google/inject/extensions/guice-servlet/4.0/guice-servlet-4.0.jar:/home/user/.m2/repository/org/glassfish/jersey/containers/jersey-container-servlet/2.27/jersey-container-servlet-2.27.jar:/home/user/.m2/repository/org/glassfish/hk2/guice-bridge/2.5.0/guice-bridge-2.5.0.jar:/home/user/.m2/repository/org/glassfish/jersey/core/jersey-server/2.27/jersey-server-2.27.jar:/home/user/.m2/repository/org/glassfish/jersey/core/jersey-client/2.27/jersey-client-2.27.jar:/home/user/.m2/repository/org/glassfish/jersey/media/jersey-media-jaxb/2.27/jersey-media-jaxb-2.27.jar:/home/user/.m2/repository/javax/validation/validation-api/1.1.0.Final/validation-api-1.1.0.Final.jar:/home/user/.m2/repository/org/glassfish/jersey/media/jersey-media-json-jackson/2.27/jersey-media-json-jackson-2.27.jar:/home/user/.m2/repository/org/glassfish/jersey/ext/jersey-entity-filtering/2.27/jersey-entity-filtering-2.27.jar:/home/user/.m2/repository/com/google/inject/extensions/guice-assistedinject/4.0/guice-assistedinject-4.0.jar:/home/user/.m2/repository/org/jooq/jooq/3.11.10/jooq-3.11.10.jar:/home/user/.m2/repository/org/jooq/jooq-meta/3.11.10/jooq-meta-3.11.10.jar:/home/user/.m2/repository/org/jooq/jooq-codegen/3.11.10/jooq-codegen-3.11.10.jar:/home/user/.m2/repository/com/jolbox/bonecp/0.8.0.RELEASE/bonecp-0.8.0.RELEASE.jar:/home/user/.m2/repository/org/xerial/sqlite-jdbc/3.25.2/sqlite-jdbc-3.25.2.jar:/home/user/.m2/repository/org/springframework/spring-jdbc/5.1.3.RELEASE/spring-jdbc-5.1.3.RELEASE.jar:/home/user/.m2/repository/org/springframework/spring-beans/5.1.3.RELEASE/spring-beans-5.1.3.RELEASE.jar:/home/user/.m2/repository/org/springframework/spring-core/5.1.3.RELEASE/spring-core-5.1.3.RELEASE.jar:/home/user/.m2/repository/org/springframework/spring-jcl/5.1.3.RELEASE/spring-jcl-5.1.3.RELEASE.jar:/home/user/.m2/repository/org/springframework/spring-tx/5.1.3.RELEASE/spring-tx-5.1.3.RELEASE.jar:/home/user/.m2/repository/org/apache/hadoop/hadoop-ozone-client/0.5.0-SNAPSHOT/hadoop-ozone-client-0.5.0-SNAPSHOT.jar:/home/user/.m2/repository/commons-lang/commons-lang/2.6/commons-lang-2.6.jar:/home/user/.m2/repository/org/apache/hadoop/hadoop-ozone-ozone-manager/0.5.0-SNAPSHOT/hadoop-ozone-ozone-manager-0.5.0-SNAPSHOT-tests.jar:/home/user/.m2/repository/junit/junit/4.11/junit-4.11.jar:/home/user/.m2/repository/org/hamcrest/hamcrest-core/1.3/hamcrest-core-1.3.jar:/home/user/.m2/repository/org/openjdk/jmh/jmh-core/1.19/jmh-core-1.19.jar:/home/user/.m2/repository/net/sf/jopt-simple/jopt-simple/4.6/jopt-simple-4.6.jar:/home/user/.m2/repository/org/apache/commons/commons-math3/3.1.1/commons-math3-3.1.1.jar:/home/user/.m2/repository/org/openjdk/jmh/jmh-generator-annprocess/1.19/jmh-generator-annprocess-1.19.jar:/home/user/.m2/repository/org/mockito/mockito-all/1.8.5/mockito-all-1.8.5.jar:/home/user/.m2/repository/org/apache/hadoop/hadoop-kms/3.2.0/hadoop-kms-3.2.0.jar:/home/user/.m2/repository/org/apache/hadoop/hadoop-auth/3.2.0/hadoop-auth-3.2.0.jar:/home/user/.m2/repository/com/nimbusds/nimbus-jose-jwt/4.41.1/nimbus-jose-jwt-4.41.1.jar:/home/user/.m2/repository/com/github/stephenc/jcip/jcip-annotations/1.0-1/jcip-annotations-1.0-1.jar:/home/user/.m2/repository/net/minidev/json-smart/2.3/json-smart-2.3.jar:/home/user/.m2/repository/net/minidev/accessors-smart/1.2/accessors-smart-1.2.jar:/home/user/.m2/repository/org/ow2/asm/asm/5.0.4/asm-5.0.4.jar:/home/user/.m2/repository/org/apache/curator/curator-framework/2.12.0/curator-framework-2.12.0.jar:/home/user/.m2/repository/com/sun/jersey/jersey-core/1.19/jersey-core-1.19.jar:/home/user/.m2/repository/javax/ws/rs/jsr311-api/1.1.1/jsr311-api-1.1.1.jar:/home/user/.m2/repository/com/sun/jersey/jersey-server/1.19/jersey-server-1.19.jar:/home/user/.m2/repository/javax/servlet/javax.servlet-api/3.1.0/javax.servlet-api-3.1.0.jar:/home/user/.m2/repository/org/eclipse/jetty/jetty-server/9.3.24.v20180605/jetty-server-9.3.24.v20180605.jar:/home/user/.m2/repository/org/eclipse/jetty/jetty-http/9.3.24.v20180605/jetty-http-9.3.24.v20180605.jar:/home/user/.m2/repository/org/eclipse/jetty/jetty-io/9.3.24.v20180605/jetty-io-9.3.24.v20180605.jar:/home/user/.m2/repository/org/eclipse/jetty/jetty-webapp/9.3.24.v20180605/jetty-webapp-9.3.24.v20180605.jar:/home/user/.m2/repository/org/eclipse/jetty/jetty-xml/9.3.24.v20180605/jetty-xml-9.3.24.v20180605.jar:/home/user/.m2/repository/log4j/log4j/1.2.17/log4j-1.2.17.jar:/home/user/.m2/repository/org/slf4j/slf4j-api/1.7.25/slf4j-api-1.7.25.jar:/home/user/.m2/repository/org/slf4j/jul-to-slf4j/1.7.25/jul-to-slf4j-1.7.25.jar:/home/user/.m2/repository/org/eclipse/jetty/jetty-util/9.3.24.v20180605/jetty-util-9.3.24.v20180605.jar:/home/user/.m2/repository/com/fasterxml/jackson/core/jackson-databind/2.9.5/jackson-databind-2.9.5.jar:/home/user/.m2/repository/org/apache/hadoop/hadoop-kms/3.2.0/hadoop-kms-3.2.0-tests.jar:/home/user/.m2/repository/org/apache/hadoop/hadoop-hdds-server-scm/0.5.0-SNAPSHOT/hadoop-hdds-server-scm-0.5.0-SNAPSHOT-tests.jar:/home/user/.m2/repository/org/apache/hadoop/hadoop-hdds-container-service/0.5.0-SNAPSHOT/hadoop-hdds-container-service-0.5.0-SNAPSHOT-tests.jar:/home/user/.m2/repository/org/yaml/snakeyaml/1.16/snakeyaml-1.16.jar:/home/user/.m2/repository/org/apache/hadoop/hadoop-common/3.2.0/hadoop-common-3.2.0-tests.jar:/home/user/.m2/repository/org/apache/hadoop/hadoop-annotations/3.2.0/hadoop-annotations-3.2.0.jar:/usr/lib/jvm/java-1.8-openjdk/jre/../lib/tools.jar:/home/user/.m2/repository/commons-cli/commons-cli/1.2/commons-cli-1.2.jar:/home/user/.m2/repository/org/apache/httpcomponents/httpclient/4.5.2/httpclient-4.5.2.jar:/home/user/.m2/repository/org/apache/httpcomponents/httpcore/4.4.4/httpcore-4.4.4.jar:/home/user/.m2/repository/commons-codec/commons-codec/1.11/commons-codec-1.11.jar:/home/user/.m2/repository/commons-net/commons-net/3.6/commons-net-3.6.jar:/home/user/.m2/repository/commons-collections/commons-collections/3.2.2/commons-collections-3.2.2.jar:/home/user/.m2/repository/org/eclipse/jetty/jetty-servlet/9.3.24.v20180605/jetty-servlet-9.3.24.v20180605.jar:/home/user/.m2/repository/org/eclipse/jetty/jetty-security/9.3.24.v20180605/jetty-security-9.3.24.v20180605.jar:/home/user/.m2/repository/javax/servlet/jsp/jsp-api/2.1/jsp-api-2.1.jar:/home/user/.m2/repository/com/sun/jersey/jersey-servlet/1.19/jersey-servlet-1.19.jar:/home/user/.m2/repository/com/sun/jersey/jersey-json/1.19/jersey-json-1.19.jar:/home/user/.m2/repository/org/codehaus/jettison/jettison/1.1/jettison-1.1.jar:/home/user/.m2/repository/org/codehaus/jackson/jackson-core-asl/1.9.13/jackson-core-asl-1.9.13.jar:/home/user/.m2/repository/org/codehaus/jackson/jackson-mapper-asl/1.9.13/jackson-mapper-asl-1.9.13.jar:/home/user/.m2/repository/org/codehaus/jackson/jackson-jaxrs/1.9.13/jackson-jaxrs-1.9.13.jar:/home/user/.m2/repository/org/codehaus/jackson/jackson-xc/1.9.13/jackson-xc-1.9.13.jar:/home/user/.m2/repository/commons-logging/commons-logging/1.1.3/commons-logging-1.1.3.jar:/home/user/.m2/repository/commons-beanutils/commons-beanutils/1.9.3/commons-beanutils-1.9.3.jar:/home/user/.m2/repository/org/apache/commons/commons-configuration2/2.1.1/commons-configuration2-2.1.1.jar:/home/user/.m2/repository/org/apache/commons/commons-lang3/3.7/commons-lang3-3.7.jar:/home/user/.m2/repository/org/apache/commons/commons-text/1.4/commons-text-1.4.jar:/home/user/.m2/repository/org/apache/avro/avro/1.7.7/avro-1.7.7.jar:/home/user/.m2/repository/com/thoughtworks/paranamer/paranamer/2.3/paranamer-2.3.jar:/home/user/.m2/repository/org/xerial/snappy/snappy-java/1.0.5/snappy-java-1.0.5.jar:/home/user/.m2/repository/com/google/re2j/re2j/1.1/re2j-1.1.jar:/home/user/.m2/repository/com/google/code/gson/gson/2.2.4/gson-2.2.4.jar:/home/user/.m2/repository/com/jcraft/jsch/0.1.54/jsch-0.1.54.jar:/home/user/.m2/repository/org/apache/curator/curator-client/2.12.0/curator-client-2.12.0.jar:/home/user/.m2/repository/org/apache/curator/curator-recipes/2.12.0/curator-recipes-2.12.0.jar:/home/user/.m2/repository/com/google/code/findbugs/jsr305/3.0.0/jsr305-3.0.0.jar:/home/user/.m2/repository/org/apache/htrace/htrace-core4/4.1.0-incubating/htrace-core4-4.1.0-incubating.jar:/home/user/.m2/repository/org/apache/zookeeper/zookeeper/3.4.13/zookeeper-3.4.13.jar:/home/user/.m2/repository/org/apache/yetus/audience-annotations/0.5.0/audience-annotations-0.5.0.jar:/home/user/.m2/repository/org/codehaus/woodstox/stax2-api/3.1.4/stax2-api-3.1.4.jar:/home/user/.m2/repository/com/fasterxml/woodstox/woodstox-core/5.0.3/woodstox-core-5.0.3.jar:/home/user/.m2/repository/dnsjava/dnsjava/2.1.7/dnsjava-2.1.7.jar:/home/user/.m2/repository/org/apache/hadoop/hadoop-hdfs/3.2.0/hadoop-hdfs-3.2.0-tests.jar:/home/user/.m2/repository/org/eclipse/jetty/jetty-util-ajax/9.3.24.v20180605/jetty-util-ajax-9.3.24.v20180605.jar:/home/user/.m2/repository/commons-daemon/commons-daemon/1.0.13/commons-daemon-1.0.13.jar:/home/user/.m2/repository/io/netty/netty/3.10.5.Final/netty-3.10.5.Final.jar:/home/user/.m2/repository/io/netty/netty-all/4.0.52.Final/netty-all-4.0.52.Final.jar:/home/user/.m2/repository/org/fusesource/leveldbjni/leveldbjni-all/1.8/leveldbjni-all-1.8.jar:"/>
    <property name="sun.cpu.endian" value="little"/>
    <property name="user.home" value="/home/user"/>
    <property name="user.language" value="en"/>
    <property name="java.specification.vendor" value="Oracle Corporation"/>
    <property name="java.home" value="/usr/lib/jvm/java-1.8-openjdk/jre"/>
    <property name="java.security.krb5.conf" value="/workdir/hadoop-ozone/integration-test/target/test-classes/krb5.conf"/>
    <property name="basedir" value="/workdir/hadoop-ozone/integration-test"/>
    <property name="file.separator" value="/"/>
    <property name="line.separator" value="&#10;"/>
    <property name="java.vm.specification.vendor" value="Oracle Corporation"/>
    <property name="java.specification.name" value="Java Platform API Specification"/>
    <property name="java.awt.graphicsenv" value="sun.awt.X11GraphicsEnvironment"/>
    <property name="surefire.real.class.path" value="/workdir/hadoop-ozone/integration-test/target/surefire/surefirebooter4802020012670497127.jar"/>
    <property name="hadoop.log.dir" value="/workdir/hadoop-ozone/integration-test/target/log"/>
    <property name="sun.boot.class.path" value="/usr/lib/jvm/java-1.8-openjdk/jre/lib/resources.jar:/usr/lib/jvm/java-1.8-openjdk/jre/lib/rt.jar:/usr/lib/jvm/java-1.8-openjdk/jre/lib/sunrsasign.jar:/usr/lib/jvm/java-1.8-openjdk/jre/lib/jsse.jar:/usr/lib/jvm/java-1.8-openjdk/jre/lib/jce.jar:/usr/lib/jvm/java-1.8-openjdk/jre/lib/charsets.jar:/usr/lib/jvm/java-1.8-openjdk/jre/lib/jfr.jar:/usr/lib/jvm/java-1.8-openjdk/jre/classes"/>
    <property name="sun.management.compiler" value="HotSpot 64-Bit Tiered Compilers"/>
    <property name="java.runtime.version" value="1.8.0_212-b04"/>
    <property name="java.net.preferIPv4Stack" value="true"/>
    <property name="user.name" value="jenkins1000"/>
    <property name="path.separator" value=":"/>
    <property name="java.security.egd" value="file:///dev/urandom"/>
    <property name="os.version" value="3.10.0-957.12.2.el7.x86_64"/>
    <property name="java.endorsed.dirs" value="/usr/lib/jvm/java-1.8-openjdk/jre/lib/endorsed"/>
    <property name="java.runtime.name" value="OpenJDK Runtime Environment"/>
    <property name="file.encoding" value="UTF-8"/>
    <property name="java.vm.name" value="OpenJDK 64-Bit Server VM"/>
    <property name="test.build.webapps" value=""/>
    <property name="localRepository" value="/home/user/.m2/repository"/>
    <property name="java.vendor.url.bug" value="https://icedtea.classpath.org/bugzilla"/>
    <property name="java.io.tmpdir" value="/tmp"/>
    <property name="require.test.libhadoop" value=""/>
    <property name="java.version" value="1.8.0_212"/>
    <property name="user.dir" value="/workdir/hadoop-ozone/integration-test"/>
    <property name="os.arch" value="amd64"/>
    <property name="java.vm.specification.name" value="Java Virtual Machine Specification"/>
    <property name="test.build.classes" value="/workdir/hadoop-ozone/integration-test/target/test-classes"/>
    <property name="java.awt.printerjob" value="sun.print.PSPrinterJob"/>
    <property name="sun.os.patch.level" value="unknown"/>
    <property name="hadoop.tmp.dir" value="/workdir/hadoop-ozone/integration-test/target/tmp"/>
    <property name="java.library.path" value="/usr/lib/jvm/java-1.8-openjdk/jre/lib/amd64/server:/usr/lib/jvm/java-1.8-openjdk/jre/lib/amd64:/usr/lib/jvm/java-1.8-openjdk/jre/../lib/amd64:/workdir/hadoop-ozone/integration-test/target/native/target/usr/local/lib:/workdir/hadoop-ozone/integration-test/../../hadoop-common-project/hadoop-common/target/native/target/usr/local/lib:/usr/java/packages/lib/amd64:/usr/lib64:/lib64:/lib:/usr/lib"/>
    <property name="java.vm.info" value="mixed mode"/>
    <property name="java.vendor" value="IcedTea"/>
    <property name="java.vm.version" value="25.212-b04"/>
    <property name="java.ext.dirs" value="/usr/lib/jvm/java-1.8-openjdk/jre/lib/ext:/usr/java/packages/lib/ext"/>
    <property name="sun.io.unicode.encoding" value="UnicodeLittle"/>
    <property name="java.class.version" value="52.0"/>
  </properties>
  <testcase name="testAutomaticPipelineCreationOnPipelineDestroy" classname="org.apache.hadoop.hdds.scm.pipeline.TestRatisPipelineCreateAndDestory" time="34.611"/>
  <testcase name="testPipelineCreationOnNodeRestart" classname="org.apache.hadoop.hdds.scm.pipeline.TestRatisPipelineCreateAndDestory" time="40.769">
    <error message="test timed out after 30000 milliseconds" type="java.lang.Exception">java.lang.Exception: test timed out after 30000 milliseconds
	at sun.misc.Unsafe.park(Native Method)
	at java.util.concurrent.locks.LockSupport.park(LockSupport.java:175)
	at java.util.concurrent.locks.AbstractQueuedSynchronizer.parkAndCheckInterrupt(AbstractQueuedSynchronizer.java:836)
	at java.util.concurrent.locks.AbstractQueuedSynchronizer.doAcquireShared(AbstractQueuedSynchronizer.java:967)
	at java.util.concurrent.locks.AbstractQueuedSynchronizer.acquireShared(AbstractQueuedSynchronizer.java:1283)
	at java.util.concurrent.locks.ReentrantReadWriteLock$ReadLock.lock(ReentrantReadWriteLock.java:727)
	at org.apache.hadoop.hdds.scm.pipeline.SCMPipelineManager.getPipelines(SCMPipelineManager.java:225)
	at org.apache.hadoop.hdds.scm.pipeline.TestRatisPipelineCreateAndDestory.lambda$waitForPipelines$0(TestRatisPipelineCreateAndDestory.java:127)
	at org.apache.hadoop.hdds.scm.pipeline.TestRatisPipelineCreateAndDestory$$Lambda$278/963530459.get(Unknown Source)
	at org.apache.hadoop.test.GenericTestUtils.waitFor(GenericTestUtils.java:383)
	at org.apache.hadoop.hdds.scm.pipeline.TestRatisPipelineCreateAndDestory.waitForPipelines(TestRatisPipelineCreateAndDestory.java:126)
	at org.apache.hadoop.hdds.scm.pipeline.TestRatisPipelineCreateAndDestory.testPipelineCreationOnNodeRestart(TestRatisPipelineCreateAndDestory.java:121)
	at sun.reflect.NativeMethodAccessorImpl.invoke0(Native Method)
	at sun.reflect.NativeMethodAccessorImpl.invoke(NativeMethodAccessorImpl.java:62)
	at sun.reflect.DelegatingMethodAccessorImpl.invoke(DelegatingMethodAccessorImpl.java:43)
	at java.lang.reflect.Method.invoke(Method.java:498)
	at org.junit.runners.model.FrameworkMethod$1.runReflectiveCall(FrameworkMethod.java:47)
	at org.junit.internal.runners.model.ReflectiveCallable.run(ReflectiveCallable.java:12)
	at org.junit.runners.model.FrameworkMethod.invokeExplosively(FrameworkMethod.java:44)
	at org.junit.internal.runners.statements.InvokeMethod.evaluate(InvokeMethod.java:17)
	at org.junit.internal.runners.statements.FailOnTimeout$StatementThread.run(FailOnTimeout.java:74)
</error>
    <system-out><![CDATA[2019-08-23 08:34:43,678 [Thread-322] WARN  server.ServerUtils (ServerUtils.java:getScmDbDir(145)) - ozone.scm.db.dirs is not configured. We recommend adding this setting. Falling back to ozone.metadata.dirs instead.
2019-08-23 08:34:43,949 [Thread-322] WARN  server.ServerUtils (ServerUtils.java:getScmDbDir(145)) - ozone.scm.db.dirs is not configured. We recommend adding this setting. Falling back to ozone.metadata.dirs instead.
2019-08-23 08:34:43,949 [Thread-322] WARN  server.ServerUtils (ServerUtils.java:getScmDbDir(145)) - ozone.scm.db.dirs is not configured. We recommend adding this setting. Falling back to ozone.metadata.dirs instead.
2019-08-23 08:34:43,950 [Thread-322] INFO  db.DBStoreBuilder (DBStoreBuilder.java:addTable(110)) - using custom profile for table: deletedBlocks
2019-08-23 08:34:43,951 [Thread-322] INFO  db.DBStoreBuilder (DBStoreBuilder.java:processTables(161)) - Using default column profile:DBProfile.DISK for Table:deletedBlocks
2019-08-23 08:34:43,951 [Thread-322] INFO  db.DBStoreBuilder (DBStoreBuilder.java:addTable(110)) - using custom profile for table: validCerts
2019-08-23 08:34:43,951 [Thread-322] INFO  db.DBStoreBuilder (DBStoreBuilder.java:processTables(161)) - Using default column profile:DBProfile.DISK for Table:validCerts
2019-08-23 08:34:43,952 [Thread-322] INFO  db.DBStoreBuilder (DBStoreBuilder.java:addTable(110)) - using custom profile for table: revokedCerts
2019-08-23 08:34:43,952 [Thread-322] INFO  db.DBStoreBuilder (DBStoreBuilder.java:processTables(161)) - Using default column profile:DBProfile.DISK for Table:revokedCerts
2019-08-23 08:34:43,953 [Thread-322] INFO  db.DBStoreBuilder (DBStoreBuilder.java:addTable(110)) - using custom profile for table: default
2019-08-23 08:34:43,953 [Thread-322] INFO  db.DBStoreBuilder (DBStoreBuilder.java:processTables(167)) - Using default column profile:DBProfile.DISK for Table:default
2019-08-23 08:34:43,953 [Thread-322] INFO  db.DBStoreBuilder (DBStoreBuilder.java:getDbProfile(198)) - Using default options. DBProfile.DISK
2019-08-23 08:34:44,338 [Thread-322] INFO  net.NodeSchemaLoader (NodeSchemaLoader.java:loadSchemaFromFile(125)) - Loading file from sun.misc.CompoundEnumeration@28c5831
2019-08-23 08:34:44,338 [Thread-322] INFO  net.NodeSchemaLoader (NodeSchemaLoader.java:loadSchema(171)) - Loading network topology layer schema file
2019-08-23 08:34:44,344 [Thread-322] INFO  node.SCMNodeManager (SCMNodeManager.java:<init>(121)) - Entering startup safe mode.
2019-08-23 08:34:44,346 [Thread-322] INFO  algorithms.ContainerPlacementPolicyFactory (ContainerPlacementPolicyFactory.java:getPolicy(55)) - Create container placement policy of type org.apache.hadoop.hdds.scm.container.placement.algorithms.SCMContainerPlacementRandom
2019-08-23 08:34:44,347 [Thread-322] WARN  server.ServerUtils (ServerUtils.java:getScmDbDir(145)) - ozone.scm.db.dirs is not configured. We recommend adding this setting. Falling back to ozone.metadata.dirs instead.
2019-08-23 08:34:44,430 [Thread-322] INFO  pipeline.SCMPipelineManager (SCMPipelineManager.java:initializePipelineState(126)) - No pipeline exists in current db
2019-08-23 08:34:44,430 [Thread-322] WARN  server.ServerUtils (ServerUtils.java:getScmDbDir(145)) - ozone.scm.db.dirs is not configured. We recommend adding this setting. Falling back to ozone.metadata.dirs instead.
2019-08-23 08:34:44,486 [Thread-322] WARN  events.EventQueue (EventQueue.java:fireEvent(175)) - No event handler registered for event TypedEvent{payloadType=SafeModeStatus, name='SafeModeStatus'}
2019-08-23 08:34:44,487 [Thread-322] INFO  ipc.CallQueueManager (CallQueueManager.java:<init>(84)) - Using callQueue: class java.util.concurrent.LinkedBlockingQueue, queueCapacity: 2000, scheduler: class org.apache.hadoop.ipc.DefaultRpcScheduler, ipcBackoff: false.
2019-08-23 08:34:44,488 [Socket Reader #1 for port 42119] INFO  ipc.Server (Server.java:run(1074)) - Starting Socket Reader #1 for port 42119
2019-08-23 08:34:44,490 [Thread-322] INFO  ipc.CallQueueManager (CallQueueManager.java:<init>(84)) - Using callQueue: class java.util.concurrent.LinkedBlockingQueue, queueCapacity: 2000, scheduler: class org.apache.hadoop.ipc.DefaultRpcScheduler, ipcBackoff: false.
2019-08-23 08:34:44,491 [Socket Reader #1 for port 42538] INFO  ipc.Server (Server.java:run(1074)) - Starting Socket Reader #1 for port 42538
2019-08-23 08:34:44,492 [Thread-322] INFO  ipc.CallQueueManager (CallQueueManager.java:<init>(84)) - Using callQueue: class java.util.concurrent.LinkedBlockingQueue, queueCapacity: 2000, scheduler: class org.apache.hadoop.ipc.DefaultRpcScheduler, ipcBackoff: false.
2019-08-23 08:34:44,493 [Socket Reader #1 for port 36576] INFO  ipc.Server (Server.java:run(1074)) - Starting Socket Reader #1 for port 36576
2019-08-23 08:34:44,495 [Thread-322] INFO  hdfs.DFSUtil (DFSUtil.java:httpServerTemplateForNNAndJN(1641)) - Starting Web-server for scm at: http://0.0.0.0:0
2019-08-23 08:34:44,498 [Thread-322] INFO  server.AuthenticationFilter (AuthenticationFilter.java:constructSecretProvider(240)) - Unable to initialize FileSignerSecretProvider, falling back to use random secrets.
2019-08-23 08:34:44,498 [Thread-322] WARN  http.HttpRequestLog (HttpRequestLog.java:getRequestLog(97)) - Jetty request log can only be enabled using Log4j
2019-08-23 08:34:44,501 [Thread-322] INFO  http.HttpServer2 (HttpServer2.java:addGlobalFilter(975)) - Added global filter 'safety' (class=org.apache.hadoop.http.HttpServer2$QuotingInputFilter)
2019-08-23 08:34:44,502 [Thread-322] INFO  http.HttpServer2 (HttpServer2.java:addFilter(948)) - Added filter static_user_filter (class=org.apache.hadoop.http.lib.StaticUserWebFilter$StaticUserFilter) to context scm
2019-08-23 08:34:44,502 [Thread-322] INFO  http.HttpServer2 (HttpServer2.java:addFilter(958)) - Added filter static_user_filter (class=org.apache.hadoop.http.lib.StaticUserWebFilter$StaticUserFilter) to context logs
2019-08-23 08:34:44,502 [Thread-322] INFO  http.HttpServer2 (HttpServer2.java:addFilter(958)) - Added filter static_user_filter (class=org.apache.hadoop.http.lib.StaticUserWebFilter$StaticUserFilter) to context static
2019-08-23 08:34:44,505 [Thread-322] INFO  server.StorageContainerManager (StorageContainerManager.java:start(759)) - StorageContainerLocationProtocol RPC server is listening at /0.0.0.0:36576
2019-08-23 08:34:44,508 [Thread-322] WARN  impl.MetricsConfig (MetricsConfig.java:loadFirst(134)) - Cannot locate configuration: tried hadoop-metrics2-storagecontainermanager.properties,hadoop-metrics2.properties
2019-08-23 08:34:44,509 [Thread-322] INFO  impl.MetricsSystemImpl (MetricsSystemImpl.java:startTimer(374)) - Scheduled Metric snapshot period at 10 second(s).
2019-08-23 08:34:44,510 [Thread-322] INFO  impl.MetricsSystemImpl (MetricsSystemImpl.java:start(191)) - StorageContainerManager metrics system started
2019-08-23 08:34:44,552 [Thread-322] INFO  server.SCMClientProtocolServer (SCMClientProtocolServer.java:start(151)) - RPC server for Client  is listening at /0.0.0.0:36576
2019-08-23 08:34:44,554 [IPC Server Responder] INFO  ipc.Server (Server.java:run(1314)) - IPC Server Responder: starting
2019-08-23 08:34:44,554 [IPC Server listener on 36576] INFO  ipc.Server (Server.java:run(1153)) - IPC Server listener on 36576: starting
2019-08-23 08:34:44,557 [Thread-322] INFO  server.StorageContainerManager (StorageContainerManager.java:start(769)) - ScmBlockLocationProtocol RPC server is listening at /0.0.0.0:42538
2019-08-23 08:34:44,557 [Thread-322] INFO  server.SCMBlockProtocolServer (SCMBlockProtocolServer.java:start(140)) - RPC server for Block Protocol is listening at /0.0.0.0:42538
2019-08-23 08:34:44,557 [IPC Server listener on 42538] INFO  ipc.Server (Server.java:run(1153)) - IPC Server listener on 42538: starting
2019-08-23 08:34:44,558 [IPC Server Responder] INFO  ipc.Server (Server.java:run(1314)) - IPC Server Responder: starting
2019-08-23 08:34:44,561 [Thread-322] INFO  server.StorageContainerManager (StorageContainerManager.java:start(773)) - ScmDatanodeProtocl RPC server is listening at /0.0.0.0:42119
2019-08-23 08:34:44,561 [Thread-322] INFO  server.SCMDatanodeProtocolServer (SCMDatanodeProtocolServer.java:start(191)) - RPC server for DataNodes is listening at /0.0.0.0:42119
2019-08-23 08:34:44,562 [IPC Server Responder] INFO  ipc.Server (Server.java:run(1314)) - IPC Server Responder: starting
2019-08-23 08:34:44,562 [IPC Server listener on 42119] INFO  ipc.Server (Server.java:run(1153)) - IPC Server listener on 42119: starting
2019-08-23 08:34:44,565 [Thread-322] INFO  http.HttpServer2 (HttpServer2.java:bindListener(1191)) - Jetty bound to port 38411
2019-08-23 08:34:44,565 [Thread-322] INFO  server.Server (Server.java:doStart(351)) - jetty-9.3.24.v20180605, build timestamp: 2018-06-05T17:11:56Z, git hash: 84205aa28f11a4f31f2a3b86d1bba2cc8ab69827
2019-08-23 08:34:44,567 [Thread-322] INFO  handler.ContextHandler (ContextHandler.java:doStart(781)) - Started o.e.j.s.ServletContextHandler@63f8ba0f{/logs,file:///workdir/hadoop-ozone/integration-test/target/log,AVAILABLE}
2019-08-23 08:34:44,567 [Thread-322] INFO  handler.ContextHandler (ContextHandler.java:doStart(781)) - Started o.e.j.s.ServletContextHandler@7cc9bc64{/static,file:///workdir/hadoop-ozone/integration-test/target/test-classes/webapps/static,AVAILABLE}
2019-08-23 08:34:44,573 [Thread-322] INFO  handler.ContextHandler (ContextHandler.java:doStart(781)) - Started o.e.j.w.WebAppContext@b0b4c91{/,file:///workdir/hadoop-ozone/integration-test/target/test-classes/webapps/scm/,AVAILABLE}{/scm}
2019-08-23 08:34:44,573 [Thread-322] INFO  server.AbstractConnector (AbstractConnector.java:doStart(278)) - Started ServerConnector@6fc7c5f9{HTTP/1.1,[http/1.1]}{0.0.0.0:38411}
2019-08-23 08:34:44,574 [Thread-322] INFO  server.Server (Server.java:doStart(419)) - Started @36089ms
2019-08-23 08:34:44,574 [Thread-322] INFO  server.BaseHttpServer (BaseHttpServer.java:updateConnectorAddress(213)) - HTTP server of SCM is listening at http://0.0.0.0:38411
2019-08-23 08:34:44,575 [Thread-322] WARN  server.ServerUtils (ServerUtils.java:getDBPath(222)) - ozone.om.db.dirs is not configured. We recommend adding this setting. Falling back to ozone.metadata.dirs instead.
2019-08-23 08:34:44,576 [org.apache.hadoop.util.JvmPauseMonitor$Monitor@17713912] INFO  util.JvmPauseMonitor (JvmPauseMonitor.java:run(188)) - Starting JVM pause monitor
2019-08-23 08:34:44,591 [Thread-322] WARN  server.ServerUtils (ServerUtils.java:getDBPath(222)) - ozone.om.db.dirs is not configured. We recommend adding this setting. Falling back to ozone.metadata.dirs instead.
2019-08-23 08:34:44,592 [Thread-322] WARN  server.ServerUtils (ServerUtils.java:getDBPath(222)) - ozone.om.db.dirs is not configured. We recommend adding this setting. Falling back to ozone.metadata.dirs instead.
2019-08-23 08:34:44,592 [Thread-322] INFO  om.OzoneManager (OzoneManager.java:setOMNodeDetails(648)) - OM Service ID is not set. Setting it to the default ID: omServiceIdDefault
2019-08-23 08:34:44,593 [Thread-322] INFO  om.OzoneManager (OzoneManager.java:setOMNodeDetails(654)) - OM Node ID is not set. Setting it to the OmStorage's OmID: 837cc314-27df-4857-b196-4ed3717d9e98
2019-08-23 08:34:44,593 [Thread-322] INFO  om.OzoneManager (OzoneManager.java:loadOMHAConfigs(605)) - Found matching OM address with OMServiceId: null, OMNodeId: null, RPC Address: localhost:0 and Ratis port: 9872
2019-08-23 08:34:44,599 | INFO  | SCMAudit | user=jenkins1000 | ip=192.168.36.124 | op=GET_SCM_INFO null | ret=SUCCESS |  
2019-08-23 08:34:44,601 [Thread-322] WARN  server.ServerUtils (ServerUtils.java:getDBPath(222)) - ozone.om.db.dirs is not configured. We recommend adding this setting. Falling back to ozone.metadata.dirs instead.
2019-08-23 08:34:44,602 [Thread-322] INFO  db.DBStoreBuilder (DBStoreBuilder.java:addTable(110)) - using custom profile for table: userTable
2019-08-23 08:34:44,602 [Thread-322] INFO  db.DBStoreBuilder (DBStoreBuilder.java:processTables(161)) - Using default column profile:DBProfile.DISK for Table:userTable
2019-08-23 08:34:44,602 [Thread-322] INFO  db.DBStoreBuilder (DBStoreBuilder.java:addTable(110)) - using custom profile for table: volumeTable
2019-08-23 08:34:44,603 [Thread-322] INFO  db.DBStoreBuilder (DBStoreBuilder.java:processTables(161)) - Using default column profile:DBProfile.DISK for Table:volumeTable
2019-08-23 08:34:44,603 [Thread-322] INFO  db.DBStoreBuilder (DBStoreBuilder.java:addTable(110)) - using custom profile for table: bucketTable
2019-08-23 08:34:44,603 [Thread-322] INFO  db.DBStoreBuilder (DBStoreBuilder.java:processTables(161)) - Using default column profile:DBProfile.DISK for Table:bucketTable
2019-08-23 08:34:44,603 [Thread-322] INFO  db.DBStoreBuilder (DBStoreBuilder.java:addTable(110)) - using custom profile for table: keyTable
2019-08-23 08:34:44,603 [Thread-322] INFO  db.DBStoreBuilder (DBStoreBuilder.java:processTables(161)) - Using default column profile:DBProfile.DISK for Table:keyTable
2019-08-23 08:34:44,604 [Thread-322] INFO  db.DBStoreBuilder (DBStoreBuilder.java:addTable(110)) - using custom profile for table: deletedTable
2019-08-23 08:34:44,604 [Thread-322] INFO  db.DBStoreBuilder (DBStoreBuilder.java:processTables(161)) - Using default column profile:DBProfile.DISK for Table:deletedTable
2019-08-23 08:34:44,604 [Thread-322] INFO  db.DBStoreBuilder (DBStoreBuilder.java:addTable(110)) - using custom profile for table: openKeyTable
2019-08-23 08:34:44,604 [Thread-322] INFO  db.DBStoreBuilder (DBStoreBuilder.java:processTables(161)) - Using default column profile:DBProfile.DISK for Table:openKeyTable
2019-08-23 08:34:44,605 [Thread-322] INFO  db.DBStoreBuilder (DBStoreBuilder.java:addTable(110)) - using custom profile for table: s3Table
2019-08-23 08:34:44,605 [Thread-322] INFO  db.DBStoreBuilder (DBStoreBuilder.java:processTables(161)) - Using default column profile:DBProfile.DISK for Table:s3Table
2019-08-23 08:34:44,605 [Thread-322] INFO  db.DBStoreBuilder (DBStoreBuilder.java:addTable(110)) - using custom profile for table: multipartInfoTable
2019-08-23 08:34:44,605 [Thread-322] INFO  db.DBStoreBuilder (DBStoreBuilder.java:processTables(161)) - Using default column profile:DBProfile.DISK for Table:multipartInfoTable
2019-08-23 08:34:44,605 [Thread-322] INFO  db.DBStoreBuilder (DBStoreBuilder.java:addTable(110)) - using custom profile for table: dTokenTable
2019-08-23 08:34:44,606 [Thread-322] INFO  db.DBStoreBuilder (DBStoreBuilder.java:processTables(161)) - Using default column profile:DBProfile.DISK for Table:dTokenTable
2019-08-23 08:34:44,606 [Thread-322] INFO  db.DBStoreBuilder (DBStoreBuilder.java:addTable(110)) - using custom profile for table: s3SecretTable
2019-08-23 08:34:44,606 [Thread-322] INFO  db.DBStoreBuilder (DBStoreBuilder.java:processTables(161)) - Using default column profile:DBProfile.DISK for Table:s3SecretTable
2019-08-23 08:34:44,606 [Thread-322] INFO  db.DBStoreBuilder (DBStoreBuilder.java:addTable(110)) - using custom profile for table: prefixTable
2019-08-23 08:34:44,606 [Thread-322] INFO  db.DBStoreBuilder (DBStoreBuilder.java:processTables(161)) - Using default column profile:DBProfile.DISK for Table:prefixTable
2019-08-23 08:34:44,607 [Thread-322] INFO  db.DBStoreBuilder (DBStoreBuilder.java:addTable(110)) - using custom profile for table: default
2019-08-23 08:34:44,607 [Thread-322] INFO  db.DBStoreBuilder (DBStoreBuilder.java:processTables(167)) - Using default column profile:DBProfile.DISK for Table:default
2019-08-23 08:34:44,607 [Thread-322] INFO  db.DBStoreBuilder (DBStoreBuilder.java:getDbProfile(198)) - Using default options. DBProfile.DISK
2019-08-23 08:34:45,293 [Thread-322] INFO  ipc.CallQueueManager (CallQueueManager.java:<init>(84)) - Using callQueue: class java.util.concurrent.LinkedBlockingQueue, queueCapacity: 2000, scheduler: class org.apache.hadoop.ipc.DefaultRpcScheduler, ipcBackoff: false.
2019-08-23 08:34:45,295 [Socket Reader #1 for port 45064] INFO  ipc.Server (Server.java:run(1074)) - Starting Socket Reader #1 for port 45064
2019-08-23 08:34:45,312 [Thread-322] INFO  om.OzoneManager (OzoneManager.java:start(1259)) - OzoneManager RPC server is listening at localhost/127.0.0.1:45064
2019-08-23 08:34:45,312 [Thread-322] INFO  impl.MetricsSystemImpl (MetricsSystemImpl.java:init(158)) - OzoneManager metrics system started (again)
2019-08-23 08:34:45,313 [IPC Server Responder] INFO  ipc.Server (Server.java:run(1314)) - IPC Server Responder: starting
2019-08-23 08:34:45,313 [IPC Server listener on 45064] INFO  ipc.Server (Server.java:run(1153)) - IPC Server listener on 45064: starting
2019-08-23 08:34:45,318 [Thread-322] INFO  hdfs.DFSUtil (DFSUtil.java:httpServerTemplateForNNAndJN(1641)) - Starting Web-server for ozoneManager at: http://0.0.0.0:0
2019-08-23 08:34:45,321 [Thread-322] INFO  server.AuthenticationFilter (AuthenticationFilter.java:constructSecretProvider(240)) - Unable to initialize FileSignerSecretProvider, falling back to use random secrets.
2019-08-23 08:34:45,321 [Thread-322] WARN  http.HttpRequestLog (HttpRequestLog.java:getRequestLog(97)) - Jetty request log can only be enabled using Log4j
2019-08-23 08:34:45,324 [Thread-322] INFO  http.HttpServer2 (HttpServer2.java:addGlobalFilter(975)) - Added global filter 'safety' (class=org.apache.hadoop.http.HttpServer2$QuotingInputFilter)
2019-08-23 08:34:45,325 [Thread-322] INFO  http.HttpServer2 (HttpServer2.java:addFilter(948)) - Added filter static_user_filter (class=org.apache.hadoop.http.lib.StaticUserWebFilter$StaticUserFilter) to context ozoneManager
2019-08-23 08:34:45,325 [Thread-322] INFO  http.HttpServer2 (HttpServer2.java:addFilter(958)) - Added filter static_user_filter (class=org.apache.hadoop.http.lib.StaticUserWebFilter$StaticUserFilter) to context logs
2019-08-23 08:34:45,326 [Thread-322] INFO  http.HttpServer2 (HttpServer2.java:addFilter(958)) - Added filter static_user_filter (class=org.apache.hadoop.http.lib.StaticUserWebFilter$StaticUserFilter) to context static
2019-08-23 08:34:45,327 [Thread-322] INFO  http.HttpServer2 (HttpServer2.java:bindListener(1191)) - Jetty bound to port 37272
2019-08-23 08:34:45,327 [Thread-322] INFO  server.Server (Server.java:doStart(351)) - jetty-9.3.24.v20180605, build timestamp: 2018-06-05T17:11:56Z, git hash: 84205aa28f11a4f31f2a3b86d1bba2cc8ab69827
2019-08-23 08:34:45,330 [Thread-322] INFO  handler.ContextHandler (ContextHandler.java:doStart(781)) - Started o.e.j.s.ServletContextHandler@954072e{/logs,file:///workdir/hadoop-ozone/integration-test/target/log,AVAILABLE}
2019-08-23 08:34:45,331 [Thread-322] INFO  handler.ContextHandler (ContextHandler.java:doStart(781)) - Started o.e.j.s.ServletContextHandler@30dc020{/static,file:///workdir/hadoop-ozone/integration-test/target/test-classes/webapps/static,AVAILABLE}
2019-08-23 08:34:45,337 [Thread-322] INFO  handler.ContextHandler (ContextHandler.java:doStart(781)) - Started o.e.j.w.WebAppContext@61875674{/,file:///workdir/hadoop-ozone/integration-test/target/test-classes/webapps/ozoneManager/,AVAILABLE}{/ozoneManager}
2019-08-23 08:34:45,338 [Thread-322] INFO  server.AbstractConnector (AbstractConnector.java:doStart(278)) - Started ServerConnector@1ac1569a{HTTP/1.1,[http/1.1]}{0.0.0.0:37272}
2019-08-23 08:34:45,339 [Thread-322] INFO  server.Server (Server.java:doStart(419)) - Started @36854ms
2019-08-23 08:34:45,340 [Thread-322] INFO  server.BaseHttpServer (BaseHttpServer.java:updateConnectorAddress(213)) - HTTP server of OZONEMANAGER is listening at http://0.0.0.0:37272
2019-08-23 08:34:45,350 [Thread-322] INFO  impl.MetricsSystemImpl (MetricsSystemImpl.java:init(158)) - HddsDatanode metrics system started (again)
2019-08-23 08:34:45,353 [Thread-322] INFO  ozone.HddsDatanodeService (HddsDatanodeService.java:start(184)) - HddsDatanodeService host:pr-hdds-2022-djmxw-136905289 ip:192.168.36.124
2019-08-23 08:34:45,361 [Thread-322] INFO  volume.HddsVolume (HddsVolume.java:<init>(176)) - Creating Volume: /workdir/hadoop-ozone/integration-test/target/test-dir/MiniOzoneClusterImpl-b0e68d79-38a8-42f3-82e9-8c7446ce8347/datanode-0/data/containers/hdds of  storage type : DISK and capacity : 1482555576320
2019-08-23 08:34:45,362 [Thread-322] INFO  volume.VolumeSet (VolumeSet.java:initializeVolumeSet(170)) - Added Volume : /workdir/hadoop-ozone/integration-test/target/test-dir/MiniOzoneClusterImpl-b0e68d79-38a8-42f3-82e9-8c7446ce8347/datanode-0/data/containers/hdds to VolumeSet
2019-08-23 08:34:45,362 [Thread-322] INFO  volume.ThrottledAsyncChecker (ThrottledAsyncChecker.java:schedule(140)) - Scheduling a check for org.apache.hadoop.ozone.container.common.volume.HddsVolume@7d6e4e5e
2019-08-23 08:34:45,363 [Thread-322] INFO  volume.HddsVolumeChecker (HddsVolumeChecker.java:checkAllVolumes(203)) - Scheduled health check for volume org.apache.hadoop.ozone.container.common.volume.HddsVolume@7d6e4e5e
2019-08-23 08:34:45,385 [Thread-322] INFO  impl.RaftServerProxy (ConfUtils.java:logGet(43)) - raft.rpc.type = GRPC (default)
2019-08-23 08:34:45,386 [Thread-322] INFO  grpc.GrpcFactory (GrpcFactory.java:checkPooledByteBufAllocatorUseCacheForAllThreads(45)) - PERFORMANCE WARNING: useCacheForAllThreads is true that may cause Netty to create a lot garbage objects and, as a result, trigger GC.
	It is recommended to disable useCacheForAllThreads by setting -Dorg.apache.ratis.thirdparty.io.netty.allocator.useCacheForAllThreads=false in command line.
2019-08-23 08:34:45,386 [Thread-322] INFO  grpc.GrpcConfigKeys$Server (ConfUtils.java:logGet(43)) - raft.grpc.server.port = 0 (default)
2019-08-23 08:34:45,386 [Thread-322] INFO  server.GrpcService (ConfUtils.java:logGet(43)) - raft.grpc.message.size.max = 33570816 (custom)
2019-08-23 08:34:45,387 [Thread-322] INFO  server.RaftServerConfigKeys (ConfUtils.java:logGet(43)) - raft.server.log.appender.buffer.byte-limit = 33554432 (custom)
2019-08-23 08:34:45,387 [Thread-322] INFO  server.GrpcService (ConfUtils.java:logGet(43)) - raft.grpc.flow.control.window = 1MB (=1048576) (default)
2019-08-23 08:34:45,387 [Thread-322] INFO  server.RaftServerConfigKeys (ConfUtils.java:logGet(43)) - raft.server.rpc.request.timeout = 3000ms (default)
2019-08-23 08:34:45,388 [Thread-322] INFO  server.RaftServerConfigKeys (ConfUtils.java:logGet(43)) - raft.server.storage.dir = [/workdir/hadoop-ozone/integration-test/target/test-dir/MiniOzoneClusterImpl-b0e68d79-38a8-42f3-82e9-8c7446ce8347/datanode-0/data/ratis] (custom)
2019-08-23 08:34:45,389 [Thread-322] INFO  replication.SimpleContainerDownloader (SimpleContainerDownloader.java:<init>(72)) - Starting container downloader service to copy containers to replicate.
2019-08-23 08:34:45,391 [Thread-322] INFO  hdfs.DFSUtil (DFSUtil.java:httpServerTemplateForNNAndJN(1641)) - Starting Web-server for hddsDatanode at: http://0.0.0.0:0
2019-08-23 08:34:45,392 [Thread-322] INFO  server.AuthenticationFilter (AuthenticationFilter.java:constructSecretProvider(240)) - Unable to initialize FileSignerSecretProvider, falling back to use random secrets.
2019-08-23 08:34:45,393 [Thread-322] WARN  http.HttpRequestLog (HttpRequestLog.java:getRequestLog(97)) - Jetty request log can only be enabled using Log4j
2019-08-23 08:34:45,395 [Thread-322] INFO  http.HttpServer2 (HttpServer2.java:addGlobalFilter(975)) - Added global filter 'safety' (class=org.apache.hadoop.http.HttpServer2$QuotingInputFilter)
2019-08-23 08:34:45,396 [Thread-322] INFO  http.HttpServer2 (HttpServer2.java:addFilter(948)) - Added filter static_user_filter (class=org.apache.hadoop.http.lib.StaticUserWebFilter$StaticUserFilter) to context hddsDatanode
2019-08-23 08:34:45,396 [Thread-322] INFO  http.HttpServer2 (HttpServer2.java:addFilter(958)) - Added filter static_user_filter (class=org.apache.hadoop.http.lib.StaticUserWebFilter$StaticUserFilter) to context logs
2019-08-23 08:34:45,396 [Thread-322] INFO  http.HttpServer2 (HttpServer2.java:addFilter(958)) - Added filter static_user_filter (class=org.apache.hadoop.http.lib.StaticUserWebFilter$StaticUserFilter) to context static
2019-08-23 08:34:45,397 [Thread-322] INFO  http.HttpServer2 (HttpServer2.java:bindListener(1191)) - Jetty bound to port 33279
2019-08-23 08:34:45,397 [Thread-322] INFO  server.Server (Server.java:doStart(351)) - jetty-9.3.24.v20180605, build timestamp: 2018-06-05T17:11:56Z, git hash: 84205aa28f11a4f31f2a3b86d1bba2cc8ab69827
2019-08-23 08:34:45,400 [Thread-322] INFO  handler.ContextHandler (ContextHandler.java:doStart(781)) - Started o.e.j.s.ServletContextHandler@4100a6c4{/logs,file:///workdir/hadoop-ozone/integration-test/target/log,AVAILABLE}
2019-08-23 08:34:45,400 [Thread-322] INFO  handler.ContextHandler (ContextHandler.java:doStart(781)) - Started o.e.j.s.ServletContextHandler@58a6f883{/static,jar:file:/home/user/.m2/repository/org/apache/hadoop/hadoop-hdds-container-service/0.5.0-SNAPSHOT/hadoop-hdds-container-service-0.5.0-SNAPSHOT.jar!/webapps/static,AVAILABLE}
2019-08-23 08:34:45,440 [Thread-322] INFO  handler.ContextHandler (ContextHandler.java:doStart(781)) - Started o.e.j.w.WebAppContext@662a26b5{/,file:///tmp/jetty-0.0.0.0-33279-hddsDatanode-_-any-7905597810380437860.dir/webapp/,AVAILABLE}{/hddsDatanode}
2019-08-23 08:34:45,441 [Thread-322] INFO  server.AbstractConnector (AbstractConnector.java:doStart(278)) - Started ServerConnector@4bc40fa{HTTP/1.1,[http/1.1]}{0.0.0.0:33279}
2019-08-23 08:34:45,442 [Thread-322] INFO  server.Server (Server.java:doStart(419)) - Started @36956ms
2019-08-23 08:34:45,442 [Thread-322] INFO  server.BaseHttpServer (BaseHttpServer.java:updateConnectorAddress(213)) - HTTP server of HDDSDATANODE is listening at http://0.0.0.0:33279
2019-08-23 08:34:45,610 | INFO  | ObjectStoreRestHttpServer | Listening HDDS REST traffic on /0.0.0.0:43715 |  
2019-08-23 08:34:45,610 [Thread-322] INFO  ozone.HddsDatanodeService (HddsDatanodeService.java:startPlugins(395)) - Started plug-in org.apache.hadoop.ozone.web.OzoneHddsDatanodeService@30da8895
2019-08-23 08:34:45,610 [Thread-322] INFO  impl.MetricsSystemImpl (MetricsSystemImpl.java:init(158)) - HddsDatanode metrics system started (again)
2019-08-23 08:34:45,613 [Thread-322] INFO  ozone.HddsDatanodeService (HddsDatanodeService.java:start(184)) - HddsDatanodeService host:pr-hdds-2022-djmxw-136905289 ip:192.168.36.124
2019-08-23 08:34:45,613 [org.apache.hadoop.util.JvmPauseMonitor$Monitor@71143737] INFO  util.JvmPauseMonitor (JvmPauseMonitor.java:run(188)) - Starting JVM pause monitor
2019-08-23 08:34:45,620 [Datanode State Machine Thread - 0] INFO  datanode.InitDatanodeState (InitDatanodeState.java:persistContainerDatanodeDetails(140)) - DatanodeDetails is persisted to /workdir/hadoop-ozone/integration-test/target/test-dir/MiniOzoneClusterImpl-b0e68d79-38a8-42f3-82e9-8c7446ce8347/datanode-0/meta/datanode.id
2019-08-23 08:34:45,623 [Thread-322] INFO  volume.HddsVolume (HddsVolume.java:<init>(176)) - Creating Volume: /workdir/hadoop-ozone/integration-test/target/test-dir/MiniOzoneClusterImpl-b0e68d79-38a8-42f3-82e9-8c7446ce8347/datanode-1/data/containers/hdds of  storage type : DISK and capacity : 1482555576320
2019-08-23 08:34:45,623 [Thread-322] INFO  volume.VolumeSet (VolumeSet.java:initializeVolumeSet(170)) - Added Volume : /workdir/hadoop-ozone/integration-test/target/test-dir/MiniOzoneClusterImpl-b0e68d79-38a8-42f3-82e9-8c7446ce8347/datanode-1/data/containers/hdds to VolumeSet
2019-08-23 08:34:45,624 [Thread-322] INFO  volume.ThrottledAsyncChecker (ThrottledAsyncChecker.java:schedule(140)) - Scheduling a check for org.apache.hadoop.ozone.container.common.volume.HddsVolume@3a795694
2019-08-23 08:34:45,624 [Thread-322] INFO  volume.HddsVolumeChecker (HddsVolumeChecker.java:checkAllVolumes(203)) - Scheduled health check for volume org.apache.hadoop.ozone.container.common.volume.HddsVolume@3a795694
2019-08-23 08:34:45,638 [Thread-322] INFO  impl.RaftServerProxy (ConfUtils.java:logGet(43)) - raft.rpc.type = GRPC (default)
2019-08-23 08:34:45,638 [Thread-322] INFO  grpc.GrpcFactory (GrpcFactory.java:checkPooledByteBufAllocatorUseCacheForAllThreads(45)) - PERFORMANCE WARNING: useCacheForAllThreads is true that may cause Netty to create a lot garbage objects and, as a result, trigger GC.
	It is recommended to disable useCacheForAllThreads by setting -Dorg.apache.ratis.thirdparty.io.netty.allocator.useCacheForAllThreads=false in command line.
2019-08-23 08:34:45,639 [Thread-322] INFO  grpc.GrpcConfigKeys$Server (ConfUtils.java:logGet(43)) - raft.grpc.server.port = 0 (default)
2019-08-23 08:34:45,639 [Thread-322] INFO  server.GrpcService (ConfUtils.java:logGet(43)) - raft.grpc.message.size.max = 33570816 (custom)
2019-08-23 08:34:45,639 [Thread-322] INFO  server.RaftServerConfigKeys (ConfUtils.java:logGet(43)) - raft.server.log.appender.buffer.byte-limit = 33554432 (custom)
2019-08-23 08:34:45,639 [Thread-322] INFO  server.GrpcService (ConfUtils.java:logGet(43)) - raft.grpc.flow.control.window = 1MB (=1048576) (default)
2019-08-23 08:34:45,639 [Thread-322] INFO  server.RaftServerConfigKeys (ConfUtils.java:logGet(43)) - raft.server.rpc.request.timeout = 3000ms (default)
2019-08-23 08:34:45,640 [Thread-322] INFO  server.RaftServerConfigKeys (ConfUtils.java:logGet(43)) - raft.server.storage.dir = [/workdir/hadoop-ozone/integration-test/target/test-dir/MiniOzoneClusterImpl-b0e68d79-38a8-42f3-82e9-8c7446ce8347/datanode-1/data/ratis] (custom)
2019-08-23 08:34:45,640 [Thread-322] INFO  replication.SimpleContainerDownloader (SimpleContainerDownloader.java:<init>(72)) - Starting container downloader service to copy containers to replicate.
2019-08-23 08:34:45,641 [Thread-322] INFO  hdfs.DFSUtil (DFSUtil.java:httpServerTemplateForNNAndJN(1641)) - Starting Web-server for hddsDatanode at: http://0.0.0.0:0
2019-08-23 08:34:45,644 [Thread-322] INFO  server.AuthenticationFilter (AuthenticationFilter.java:constructSecretProvider(240)) - Unable to initialize FileSignerSecretProvider, falling back to use random secrets.
2019-08-23 08:34:45,644 [Thread-322] WARN  http.HttpRequestLog (HttpRequestLog.java:getRequestLog(97)) - Jetty request log can only be enabled using Log4j
2019-08-23 08:34:45,647 [Thread-322] INFO  http.HttpServer2 (HttpServer2.java:addGlobalFilter(975)) - Added global filter 'safety' (class=org.apache.hadoop.http.HttpServer2$QuotingInputFilter)
2019-08-23 08:34:45,647 [Thread-322] INFO  http.HttpServer2 (HttpServer2.java:addFilter(948)) - Added filter static_user_filter (class=org.apache.hadoop.http.lib.StaticUserWebFilter$StaticUserFilter) to context hddsDatanode
2019-08-23 08:34:45,648 [Thread-322] INFO  http.HttpServer2 (HttpServer2.java:addFilter(958)) - Added filter static_user_filter (class=org.apache.hadoop.http.lib.StaticUserWebFilter$StaticUserFilter) to context logs
2019-08-23 08:34:45,648 [Thread-322] INFO  http.HttpServer2 (HttpServer2.java:addFilter(958)) - Added filter static_user_filter (class=org.apache.hadoop.http.lib.StaticUserWebFilter$StaticUserFilter) to context static
2019-08-23 08:34:45,649 [Thread-322] INFO  http.HttpServer2 (HttpServer2.java:bindListener(1191)) - Jetty bound to port 39383
2019-08-23 08:34:45,649 [Thread-322] INFO  server.Server (Server.java:doStart(351)) - jetty-9.3.24.v20180605, build timestamp: 2018-06-05T17:11:56Z, git hash: 84205aa28f11a4f31f2a3b86d1bba2cc8ab69827
2019-08-23 08:34:45,651 [Thread-322] INFO  handler.ContextHandler (ContextHandler.java:doStart(781)) - Started o.e.j.s.ServletContextHandler@5b5cd3ee{/logs,file:///workdir/hadoop-ozone/integration-test/target/log,AVAILABLE}
2019-08-23 08:34:45,652 [Thread-322] INFO  handler.ContextHandler (ContextHandler.java:doStart(781)) - Started o.e.j.s.ServletContextHandler@568bfce6{/static,jar:file:/home/user/.m2/repository/org/apache/hadoop/hadoop-hdds-container-service/0.5.0-SNAPSHOT/hadoop-hdds-container-service-0.5.0-SNAPSHOT.jar!/webapps/static,AVAILABLE}
2019-08-23 08:34:45,691 [Thread-322] INFO  handler.ContextHandler (ContextHandler.java:doStart(781)) - Started o.e.j.w.WebAppContext@9604827{/,file:///tmp/jetty-0.0.0.0-39383-hddsDatanode-_-any-873978782137374208.dir/webapp/,AVAILABLE}{/hddsDatanode}
2019-08-23 08:34:45,692 [Thread-322] INFO  server.AbstractConnector (AbstractConnector.java:doStart(278)) - Started ServerConnector@55532b31{HTTP/1.1,[http/1.1]}{0.0.0.0:39383}
2019-08-23 08:34:45,693 [Thread-322] INFO  server.Server (Server.java:doStart(419)) - Started @37208ms
2019-08-23 08:34:45,694 [Thread-322] INFO  server.BaseHttpServer (BaseHttpServer.java:updateConnectorAddress(213)) - HTTP server of HDDSDATANODE is listening at http://0.0.0.0:39383
2019-08-23 08:34:45,868 | INFO  | ObjectStoreRestHttpServer | Listening HDDS REST traffic on /0.0.0.0:34043 |  
2019-08-23 08:34:45,868 [Thread-322] INFO  ozone.HddsDatanodeService (HddsDatanodeService.java:startPlugins(395)) - Started plug-in org.apache.hadoop.ozone.web.OzoneHddsDatanodeService@5194d53b
2019-08-23 08:34:45,868 [Thread-322] INFO  impl.MetricsSystemImpl (MetricsSystemImpl.java:init(158)) - HddsDatanode metrics system started (again)
2019-08-23 08:34:45,872 [Thread-322] INFO  ozone.HddsDatanodeService (HddsDatanodeService.java:start(184)) - HddsDatanodeService host:pr-hdds-2022-djmxw-136905289 ip:192.168.36.124
2019-08-23 08:34:45,872 [org.apache.hadoop.util.JvmPauseMonitor$Monitor@28110b56] INFO  util.JvmPauseMonitor (JvmPauseMonitor.java:run(188)) - Starting JVM pause monitor
2019-08-23 08:34:45,875 [Datanode State Machine Thread - 0] INFO  datanode.InitDatanodeState (InitDatanodeState.java:persistContainerDatanodeDetails(140)) - DatanodeDetails is persisted to /workdir/hadoop-ozone/integration-test/target/test-dir/MiniOzoneClusterImpl-b0e68d79-38a8-42f3-82e9-8c7446ce8347/datanode-1/meta/datanode.id
2019-08-23 08:34:45,880 [Thread-322] INFO  volume.HddsVolume (HddsVolume.java:<init>(176)) - Creating Volume: /workdir/hadoop-ozone/integration-test/target/test-dir/MiniOzoneClusterImpl-b0e68d79-38a8-42f3-82e9-8c7446ce8347/datanode-2/data/containers/hdds of  storage type : DISK and capacity : 1482555576320
2019-08-23 08:34:45,880 [Thread-322] INFO  volume.VolumeSet (VolumeSet.java:initializeVolumeSet(170)) - Added Volume : /workdir/hadoop-ozone/integration-test/target/test-dir/MiniOzoneClusterImpl-b0e68d79-38a8-42f3-82e9-8c7446ce8347/datanode-2/data/containers/hdds to VolumeSet
2019-08-23 08:34:45,880 [Thread-322] INFO  volume.ThrottledAsyncChecker (ThrottledAsyncChecker.java:schedule(140)) - Scheduling a check for org.apache.hadoop.ozone.container.common.volume.HddsVolume@3a61fa2b
2019-08-23 08:34:45,881 [Thread-322] INFO  volume.HddsVolumeChecker (HddsVolumeChecker.java:checkAllVolumes(203)) - Scheduled health check for volume org.apache.hadoop.ozone.container.common.volume.HddsVolume@3a61fa2b
2019-08-23 08:34:45,903 [Thread-322] INFO  impl.RaftServerProxy (ConfUtils.java:logGet(43)) - raft.rpc.type = GRPC (default)
2019-08-23 08:34:45,903 [Thread-322] INFO  grpc.GrpcFactory (GrpcFactory.java:checkPooledByteBufAllocatorUseCacheForAllThreads(45)) - PERFORMANCE WARNING: useCacheForAllThreads is true that may cause Netty to create a lot garbage objects and, as a result, trigger GC.
	It is recommended to disable useCacheForAllThreads by setting -Dorg.apache.ratis.thirdparty.io.netty.allocator.useCacheForAllThreads=false in command line.
2019-08-23 08:34:45,903 [Thread-322] INFO  grpc.GrpcConfigKeys$Server (ConfUtils.java:logGet(43)) - raft.grpc.server.port = 0 (default)
2019-08-23 08:34:45,904 [Thread-322] INFO  server.GrpcService (ConfUtils.java:logGet(43)) - raft.grpc.message.size.max = 33570816 (custom)
2019-08-23 08:34:45,904 [Thread-322] INFO  server.RaftServerConfigKeys (ConfUtils.java:logGet(43)) - raft.server.log.appender.buffer.byte-limit = 33554432 (custom)
2019-08-23 08:34:45,904 [Thread-322] INFO  server.GrpcService (ConfUtils.java:logGet(43)) - raft.grpc.flow.control.window = 1MB (=1048576) (default)
2019-08-23 08:34:45,904 [Thread-322] INFO  server.RaftServerConfigKeys (ConfUtils.java:logGet(43)) - raft.server.rpc.request.timeout = 3000ms (default)
2019-08-23 08:34:45,905 [Thread-322] INFO  server.RaftServerConfigKeys (ConfUtils.java:logGet(43)) - raft.server.storage.dir = [/workdir/hadoop-ozone/integration-test/target/test-dir/MiniOzoneClusterImpl-b0e68d79-38a8-42f3-82e9-8c7446ce8347/datanode-2/data/ratis] (custom)
2019-08-23 08:34:45,906 [Thread-322] INFO  replication.SimpleContainerDownloader (SimpleContainerDownloader.java:<init>(72)) - Starting container downloader service to copy containers to replicate.
2019-08-23 08:34:45,907 [Thread-322] INFO  hdfs.DFSUtil (DFSUtil.java:httpServerTemplateForNNAndJN(1641)) - Starting Web-server for hddsDatanode at: http://0.0.0.0:0
2019-08-23 08:34:45,909 [Thread-322] INFO  server.AuthenticationFilter (AuthenticationFilter.java:constructSecretProvider(240)) - Unable to initialize FileSignerSecretProvider, falling back to use random secrets.
2019-08-23 08:34:45,910 [Thread-322] WARN  http.HttpRequestLog (HttpRequestLog.java:getRequestLog(97)) - Jetty request log can only be enabled using Log4j
2019-08-23 08:34:45,912 [Thread-322] INFO  http.HttpServer2 (HttpServer2.java:addGlobalFilter(975)) - Added global filter 'safety' (class=org.apache.hadoop.http.HttpServer2$QuotingInputFilter)
2019-08-23 08:34:45,913 [Thread-322] INFO  http.HttpServer2 (HttpServer2.java:addFilter(948)) - Added filter static_user_filter (class=org.apache.hadoop.http.lib.StaticUserWebFilter$StaticUserFilter) to context hddsDatanode
2019-08-23 08:34:45,913 [Thread-322] INFO  http.HttpServer2 (HttpServer2.java:addFilter(958)) - Added filter static_user_filter (class=org.apache.hadoop.http.lib.StaticUserWebFilter$StaticUserFilter) to context logs
2019-08-23 08:34:45,913 [Thread-322] INFO  http.HttpServer2 (HttpServer2.java:addFilter(958)) - Added filter static_user_filter (class=org.apache.hadoop.http.lib.StaticUserWebFilter$StaticUserFilter) to context static
2019-08-23 08:34:45,914 [Thread-322] INFO  http.HttpServer2 (HttpServer2.java:bindListener(1191)) - Jetty bound to port 40459
2019-08-23 08:34:45,914 [Thread-322] INFO  server.Server (Server.java:doStart(351)) - jetty-9.3.24.v20180605, build timestamp: 2018-06-05T17:11:56Z, git hash: 84205aa28f11a4f31f2a3b86d1bba2cc8ab69827
2019-08-23 08:34:45,917 [Thread-322] INFO  handler.ContextHandler (ContextHandler.java:doStart(781)) - Started o.e.j.s.ServletContextHandler@52e75f37{/logs,file:///workdir/hadoop-ozone/integration-test/target/log,AVAILABLE}
2019-08-23 08:34:45,917 [Thread-322] INFO  handler.ContextHandler (ContextHandler.java:doStart(781)) - Started o.e.j.s.ServletContextHandler@d881056{/static,jar:file:/home/user/.m2/repository/org/apache/hadoop/hadoop-hdds-container-service/0.5.0-SNAPSHOT/hadoop-hdds-container-service-0.5.0-SNAPSHOT.jar!/webapps/static,AVAILABLE}
2019-08-23 08:34:45,962 [Thread-322] INFO  handler.ContextHandler (ContextHandler.java:doStart(781)) - Started o.e.j.w.WebAppContext@4d72349a{/,file:///tmp/jetty-0.0.0.0-40459-hddsDatanode-_-any-2200201148236904327.dir/webapp/,AVAILABLE}{/hddsDatanode}
2019-08-23 08:34:45,962 [Thread-322] INFO  server.AbstractConnector (AbstractConnector.java:doStart(278)) - Started ServerConnector@4d53e00{HTTP/1.1,[http/1.1]}{0.0.0.0:40459}
2019-08-23 08:34:45,966 [Thread-322] INFO  server.Server (Server.java:doStart(419)) - Started @37481ms
2019-08-23 08:34:45,966 [Thread-322] INFO  server.BaseHttpServer (BaseHttpServer.java:updateConnectorAddress(213)) - HTTP server of HDDSDATANODE is listening at http://0.0.0.0:40459
2019-08-23 08:34:46,118 | INFO  | ObjectStoreRestHttpServer | Listening HDDS REST traffic on /0.0.0.0:38979 |  
2019-08-23 08:34:46,118 [Thread-322] INFO  ozone.HddsDatanodeService (HddsDatanodeService.java:startPlugins(395)) - Started plug-in org.apache.hadoop.ozone.web.OzoneHddsDatanodeService@75bd1ab0
2019-08-23 08:34:46,118 [Thread-322] INFO  ozone.MiniOzoneClusterImpl (MiniOzoneClusterImpl.java:lambda$waitForClusterToBeReady$0(142)) - Waiting for cluster to be ready. Got 0 of 3 DN Heartbeats.
2019-08-23 08:34:46,124 [org.apache.hadoop.util.JvmPauseMonitor$Monitor@22c3d1e5] INFO  util.JvmPauseMonitor (JvmPauseMonitor.java:run(188)) - Starting JVM pause monitor
2019-08-23 08:34:46,128 [Datanode State Machine Thread - 0] INFO  datanode.InitDatanodeState (InitDatanodeState.java:persistContainerDatanodeDetails(140)) - DatanodeDetails is persisted to /workdir/hadoop-ozone/integration-test/target/test-dir/MiniOzoneClusterImpl-b0e68d79-38a8-42f3-82e9-8c7446ce8347/datanode-2/meta/datanode.id
2019-08-23 08:34:47,120 [Thread-322] INFO  ozone.MiniOzoneClusterImpl (MiniOzoneClusterImpl.java:lambda$waitForClusterToBeReady$0(142)) - Waiting for cluster to be ready. Got 0 of 3 DN Heartbeats.
2019-08-23 08:34:47,618 | INFO  | SCMAudit | user=jenkins1000 | ip=192.168.36.124 | op=GET_VERSION null | ret=SUCCESS |  
2019-08-23 08:34:47,645 [Datanode State Machine Thread - 0] INFO  ozoneimpl.OzoneContainer (OzoneContainer.java:start(186)) - Attempting to start container services.
2019-08-23 08:34:47,645 [Datanode State Machine Thread - 0] INFO  ozoneimpl.OzoneContainer (OzoneContainer.java:startContainerScrub(160)) - Background container scrubber has been disabled by hdds.containerscrub.enabled
2019-08-23 08:34:47,645 [Datanode State Machine Thread - 0] INFO  ratis.XceiverServerRatis (XceiverServerRatis.java:start(404)) - Starting XceiverServerRatis 4a27d5c5-e706-4f49-9c3b-ede305044aa5 at port 0
2019-08-23 08:34:47,651 [Datanode State Machine Thread - 0] INFO  impl.RaftServerProxy (RaftServerProxy.java:lambda$start$3(299)) - 4a27d5c5-e706-4f49-9c3b-ede305044aa5: start RPC server
2019-08-23 08:34:47,654 [Datanode State Machine Thread - 0] INFO  server.GrpcService (GrpcService.java:startImpl(149)) - 4a27d5c5-e706-4f49-9c3b-ede305044aa5: GrpcService started, listening on 0.0.0.0/0.0.0.0:45959
2019-08-23 08:34:47,654 [Datanode State Machine Thread - 0] INFO  ratis.XceiverServerRatis (XceiverServerRatis.java:start(414)) - XceiverServerRatis 4a27d5c5-e706-4f49-9c3b-ede305044aa5 is started using port 45959
2019-08-23 08:34:47,654 [Datanode State Machine Thread - 0] INFO  server.XceiverServerGrpc (XceiverServerGrpc.java:start(161)) - XceiverServerGrpc 4a27d5c5-e706-4f49-9c3b-ede305044aa5 is started using port 40732
2019-08-23 08:34:47,873 | INFO  | SCMAudit | user=jenkins1000 | ip=192.168.36.124 | op=GET_VERSION null | ret=SUCCESS |  
2019-08-23 08:34:47,899 [Datanode State Machine Thread - 0] INFO  ozoneimpl.OzoneContainer (OzoneContainer.java:start(186)) - Attempting to start container services.
2019-08-23 08:34:47,900 [Datanode State Machine Thread - 0] INFO  ozoneimpl.OzoneContainer (OzoneContainer.java:startContainerScrub(160)) - Background container scrubber has been disabled by hdds.containerscrub.enabled
2019-08-23 08:34:47,900 [Datanode State Machine Thread - 0] INFO  ratis.XceiverServerRatis (XceiverServerRatis.java:start(404)) - Starting XceiverServerRatis 898070de-5342-4931-8fd1-72ad9058b7b1 at port 0
2019-08-23 08:34:47,909 [Datanode State Machine Thread - 0] INFO  impl.RaftServerProxy (RaftServerProxy.java:lambda$start$3(299)) - 898070de-5342-4931-8fd1-72ad9058b7b1: start RPC server
2019-08-23 08:34:47,910 [Datanode State Machine Thread - 0] INFO  server.GrpcService (GrpcService.java:startImpl(149)) - 898070de-5342-4931-8fd1-72ad9058b7b1: GrpcService started, listening on 0.0.0.0/0.0.0.0:42057
2019-08-23 08:34:47,910 [Datanode State Machine Thread - 0] INFO  ratis.XceiverServerRatis (XceiverServerRatis.java:start(414)) - XceiverServerRatis 898070de-5342-4931-8fd1-72ad9058b7b1 is started using port 42057
2019-08-23 08:34:47,912 [Datanode State Machine Thread - 0] INFO  server.XceiverServerGrpc (XceiverServerGrpc.java:start(161)) - XceiverServerGrpc 898070de-5342-4931-8fd1-72ad9058b7b1 is started using port 33406
2019-08-23 08:34:48,120 [Thread-322] INFO  ozone.MiniOzoneClusterImpl (MiniOzoneClusterImpl.java:lambda$waitForClusterToBeReady$0(142)) - Waiting for cluster to be ready. Got 0 of 3 DN Heartbeats.
2019-08-23 08:34:48,125 | INFO  | SCMAudit | user=jenkins1000 | ip=192.168.36.124 | op=GET_VERSION null | ret=SUCCESS |  
2019-08-23 08:34:48,145 [Datanode State Machine Thread - 0] INFO  ozoneimpl.OzoneContainer (OzoneContainer.java:start(186)) - Attempting to start container services.
2019-08-23 08:34:48,145 [Datanode State Machine Thread - 0] INFO  ozoneimpl.OzoneContainer (OzoneContainer.java:startContainerScrub(160)) - Background container scrubber has been disabled by hdds.containerscrub.enabled
2019-08-23 08:34:48,145 [Datanode State Machine Thread - 0] INFO  ratis.XceiverServerRatis (XceiverServerRatis.java:start(404)) - Starting XceiverServerRatis 7e5aa902-2e53-4970-88d9-946662ba2918 at port 0
2019-08-23 08:34:48,153 [Datanode State Machine Thread - 0] INFO  impl.RaftServerProxy (RaftServerProxy.java:lambda$start$3(299)) - 7e5aa902-2e53-4970-88d9-946662ba2918: start RPC server
2019-08-23 08:34:48,154 [Datanode State Machine Thread - 0] INFO  server.GrpcService (GrpcService.java:startImpl(149)) - 7e5aa902-2e53-4970-88d9-946662ba2918: GrpcService started, listening on 0.0.0.0/0.0.0.0:40946
2019-08-23 08:34:48,155 [Datanode State Machine Thread - 0] INFO  ratis.XceiverServerRatis (XceiverServerRatis.java:start(414)) - XceiverServerRatis 7e5aa902-2e53-4970-88d9-946662ba2918 is started using port 40946
2019-08-23 08:34:48,161 [Datanode State Machine Thread - 0] INFO  server.XceiverServerGrpc (XceiverServerGrpc.java:start(161)) - XceiverServerGrpc 7e5aa902-2e53-4970-88d9-946662ba2918 is started using port 36037
2019-08-23 08:34:49,121 [Thread-322] INFO  ozone.MiniOzoneClusterImpl (MiniOzoneClusterImpl.java:lambda$waitForClusterToBeReady$0(142)) - Waiting for cluster to be ready. Got 0 of 3 DN Heartbeats.
2019-08-23 08:34:49,618 [IPC Server handler 1 on 42119] INFO  net.NetworkTopology (NetworkTopologyImpl.java:add(110)) - Added a new node: /default-rack/4a27d5c5-e706-4f49-9c3b-ede305044aa5
2019-08-23 08:34:49,619 [IPC Server handler 1 on 42119] INFO  node.SCMNodeManager (SCMNodeManager.java:register(273)) - Registered Data node : 4a27d5c5-e706-4f49-9c3b-ede305044aa5{ip: 192.168.36.124, host: pr-hdds-2022-djmxw-136905289, networkLocation: /default-rack, certSerialId: null}
2019-08-23 08:34:49,620 [EventQueue-NodeRegistrationContainerReportForDataNodeSafeModeRule] INFO  safemode.SCMSafeModeManager (DataNodeSafeModeRule.java:process(71)) - SCM in safe mode. 1 DataNodes registered, 1 required.
2019-08-23 08:34:49,622 [EventQueue-NodeRegistrationContainerReportForContainerSafeModeRule] INFO  safemode.SCMSafeModeManager (SCMSafeModeManager.java:validateSafeModeExitRules(177)) - ScmSafeModeManager, all rules are successfully validated
2019-08-23 08:34:49,623 [EventQueue-NodeRegistrationContainerReportForContainerSafeModeRule] INFO  safemode.SCMSafeModeManager (SCMSafeModeManager.java:exitSafeMode(193)) - SCM exiting safe mode.
2019-08-23 08:34:49,623 | INFO  | SCMAudit | user=jenkins1000 | ip=192.168.36.124 | op=REGISTER {datanodeDetails=4a27d5c5-e706-4f49-9c3b-ede305044aa5{ip: 192.168.36.124, host: pr-hdds-2022-djmxw-136905289, networkLocation: /default-rack, certSerialId: null}} | ret=SUCCESS |  
2019-08-23 08:34:49,647 [grpc-default-executor-0] INFO  impl.RaftServerProxy (RaftServerProxy.java:addNew(89)) - 4a27d5c5-e706-4f49-9c3b-ede305044aa5: addNew group-643F8C4DDBBD:[4a27d5c5-e706-4f49-9c3b-ede305044aa5:192.168.36.124:45959] returns group-643F8C4DDBBD:java.util.concurrent.CompletableFuture@390df896[Not completed]
2019-08-23 08:34:49,650 [pool-113-thread-1] INFO  impl.RaftServerImpl (RaftServerImpl.java:<init>(93)) - 4a27d5c5-e706-4f49-9c3b-ede305044aa5: new RaftServerImpl for group-643F8C4DDBBD:[4a27d5c5-e706-4f49-9c3b-ede305044aa5:192.168.36.124:45959] with ContainerStateMachine:uninitialized
2019-08-23 08:34:49,650 [pool-113-thread-1] INFO  server.RaftServerConfigKeys (ConfUtils.java:logGet(43)) - raft.server.rpc.timeout.min = 5s (custom)
2019-08-23 08:34:49,650 [pool-113-thread-1] INFO  server.RaftServerConfigKeys (ConfUtils.java:logGet(43)) - raft.server.rpc.timeout.max = 5200ms (custom)
2019-08-23 08:34:49,650 [pool-113-thread-1] INFO  server.RaftServerConfigKeys (ConfUtils.java:logGet(43)) - raft.server.rpcslowness.timeout = 120s (custom)
2019-08-23 08:34:49,651 [pool-113-thread-1] INFO  server.RaftServerConfigKeys (ConfUtils.java:logGet(43)) - raft.server.sleep.deviation.threshold = 300 (default)
2019-08-23 08:34:49,651 [pool-113-thread-1] INFO  server.RaftServerConfigKeys (ConfUtils.java:logGet(43)) - raft.server.log.appender.install.snapshot.enabled = false (custom)
2019-08-23 08:34:49,651 [pool-113-thread-1] INFO  impl.RaftServerImpl (ServerState.java:<init>(105)) - 4a27d5c5-e706-4f49-9c3b-ede305044aa5:group-643F8C4DDBBD ConfigurationManager, init=-1: [4a27d5c5-e706-4f49-9c3b-ede305044aa5:192.168.36.124:45959], old=null, confs=<EMPTY_MAP>
2019-08-23 08:34:49,651 [pool-113-thread-1] INFO  server.RaftServerConfigKeys (ConfUtils.java:logGet(43)) - raft.server.storage.dir = [/workdir/hadoop-ozone/integration-test/target/test-dir/MiniOzoneClusterImpl-b0e68d79-38a8-42f3-82e9-8c7446ce8347/datanode-0/data/ratis] (custom)
2019-08-23 08:34:49,652 [pool-113-thread-1] INFO  storage.RaftStorageDirectory (RaftStorageDirectory.java:analyzeStorage(246)) - The storage directory /workdir/hadoop-ozone/integration-test/target/test-dir/MiniOzoneClusterImpl-b0e68d79-38a8-42f3-82e9-8c7446ce8347/datanode-0/data/ratis/a8033735-a061-4110-b1ea-643f8c4ddbbd does not exist. Creating ...
2019-08-23 08:34:49,677 [pool-113-thread-1] INFO  storage.RaftStorageDirectory (RaftStorageDirectory.java:tryLock(328)) - Lock on /workdir/hadoop-ozone/integration-test/target/test-dir/MiniOzoneClusterImpl-b0e68d79-38a8-42f3-82e9-8c7446ce8347/datanode-0/data/ratis/a8033735-a061-4110-b1ea-643f8c4ddbbd/in_use.lock acquired by nodename 4939@pr-hdds-2022-djmxw-136905289
2019-08-23 08:34:49,703 [pool-113-thread-1] INFO  storage.RaftStorage (RaftStorage.java:format(72)) - Storage directory /workdir/hadoop-ozone/integration-test/target/test-dir/MiniOzoneClusterImpl-b0e68d79-38a8-42f3-82e9-8c7446ce8347/datanode-0/data/ratis/a8033735-a061-4110-b1ea-643f8c4ddbbd has been successfully formatted.
2019-08-23 08:34:49,704 [pool-113-thread-1] INFO  ratis.ContainerStateMachine (ContainerStateMachine.java:loadSnapshot(226)) - group-643F8C4DDBBD: The snapshot info is null. Setting the last applied indexto:(t:0, i:~)
2019-08-23 08:34:49,704 [pool-113-thread-1] INFO  server.RaftServerConfigKeys (ConfUtils.java:logGet(43)) - raft.server.leader.election.timeout = 120s (custom)
2019-08-23 08:34:49,704 [pool-113-thread-1] INFO  server.RaftServerConfigKeys (ConfUtils.java:logGet(43)) - raft.server.log.use.memory = false (default)
2019-08-23 08:34:49,704 [pool-113-thread-1] INFO  server.RaftServerConfigKeys (ConfUtils.java:logGet(43)) - raft.server.log.purge.gap = 1000000 (custom)
2019-08-23 08:34:49,705 [pool-113-thread-1] INFO  server.RaftServerConfigKeys (ConfUtils.java:logGet(43)) - raft.server.log.appender.buffer.byte-limit = 33554432 (custom)
2019-08-23 08:34:49,705 [pool-113-thread-1] INFO  server.RaftServerConfigKeys (ConfUtils.java:logGet(43)) - raft.server.log.segment.size.max = 1048576 (custom)
2019-08-23 08:34:49,705 [pool-113-thread-1] INFO  server.RaftServerConfigKeys (ConfUtils.java:logGet(43)) - raft.server.log.segment.cache.num.max = 2 (custom)
2019-08-23 08:34:49,705 [pool-113-thread-1] INFO  segmented.SegmentedRaftLogWorker (SegmentedRaftLogWorker.java:<init>(172)) - new 4a27d5c5-e706-4f49-9c3b-ede305044aa5-SegmentedRaftLogWorker:Storage Directory /workdir/hadoop-ozone/integration-test/target/test-dir/MiniOzoneClusterImpl-b0e68d79-38a8-42f3-82e9-8c7446ce8347/datanode-0/data/ratis/a8033735-a061-4110-b1ea-643f8c4ddbbd for RaftStorage:Storage Directory /workdir/hadoop-ozone/integration-test/target/test-dir/MiniOzoneClusterImpl-b0e68d79-38a8-42f3-82e9-8c7446ce8347/datanode-0/data/ratis/a8033735-a061-4110-b1ea-643f8c4ddbbd
2019-08-23 08:34:49,706 [pool-113-thread-1] INFO  server.RaftServerConfigKeys (ConfUtils.java:logGet(43)) - raft.server.log.queue.byte-limit = 2147483647 (custom)
2019-08-23 08:34:49,706 [pool-113-thread-1] INFO  server.RaftServerConfigKeys (ConfUtils.java:logGet(43)) - raft.server.log.queue.element-limit = 1024 (custom)
2019-08-23 08:34:49,706 [pool-113-thread-1] INFO  server.RaftServerConfigKeys (ConfUtils.java:logGet(43)) - raft.server.log.segment.size.max = 1048576 (custom)
2019-08-23 08:34:49,706 [pool-113-thread-1] INFO  server.RaftServerConfigKeys (ConfUtils.java:logGet(43)) - raft.server.log.preallocated.size = 16384 (custom)
2019-08-23 08:34:49,707 [pool-113-thread-1] INFO  server.RaftServerConfigKeys (ConfUtils.java:logGet(43)) - raft.server.log.write.buffer.size = 33554432 (custom)
2019-08-23 08:34:49,707 [pool-113-thread-1] INFO  server.RaftServerConfigKeys (ConfUtils.java:logGet(43)) - raft.server.log.force.sync.num = 128 (default)
2019-08-23 08:34:49,707 [pool-113-thread-1] INFO  server.RaftServerConfigKeys (ConfUtils.java:logGet(43)) - raft.server.log.statemachine.data.sync = true (default)
2019-08-23 08:34:49,707 [pool-113-thread-1] INFO  server.RaftServerConfigKeys (ConfUtils.java:logGet(43)) - raft.server.log.statemachine.data.sync.timeout = 10s (default)
2019-08-23 08:34:49,707 [pool-113-thread-1] INFO  server.RaftServerConfigKeys (ConfUtils.java:logGet(43)) - raft.server.log.statemachine.data.sync.timeout.retry = -1 (default)
2019-08-23 08:34:49,708 [pool-113-thread-1] INFO  server.RaftServerConfigKeys (ConfUtils.java:logGet(43)) - raft.server.log.statemachine.data.caching.enabled = true (custom)
2019-08-23 08:34:49,708 [pool-113-thread-1] INFO  segmented.SegmentedRaftLogWorker (SegmentedRaftLogWorker.java:lambda$new$0(132)) - 4a27d5c5-e706-4f49-9c3b-ede305044aa5-SegmentedRaftLogWorker:Storage Directory /workdir/hadoop-ozone/integration-test/target/test-dir/MiniOzoneClusterImpl-b0e68d79-38a8-42f3-82e9-8c7446ce8347/datanode-0/data/ratis/a8033735-a061-4110-b1ea-643f8c4ddbbd: flushIndex: setUnconditionally 0 -> -1
2019-08-23 08:34:49,708 [pool-113-thread-1] INFO  server.RaftServerConfigKeys (ConfUtils.java:logGet(43)) - raft.server.snapshot.auto.trigger.enabled = true (custom)
2019-08-23 08:34:49,709 [pool-113-thread-1] INFO  server.RaftServerConfigKeys (ConfUtils.java:logGet(43)) - raft.server.snapshot.auto.trigger.threshold = 10000 (custom)
2019-08-23 08:34:49,709 [pool-113-thread-1] INFO  server.RaftServerConfigKeys (ConfUtils.java:logGet(43)) - raft.server.retrycache.expirytime = 600000ms (custom)
2019-08-23 08:34:49,709 [pool-113-thread-1] INFO  impl.RaftServerImpl (RaftServerImpl.java:start(180)) - 4a27d5c5-e706-4f49-9c3b-ede305044aa5: start group-643F8C4DDBBD
2019-08-23 08:34:49,709 [pool-113-thread-1] INFO  impl.RaftServerImpl (RaftServerImpl.java:setRole(171)) - 4a27d5c5-e706-4f49-9c3b-ede305044aa5:group-643F8C4DDBBD changes role from null to FOLLOWER at term 0 for startAsFollower
2019-08-23 08:34:49,710 [pool-113-thread-1] INFO  impl.RoleInfo (RoleInfo.java:updateAndGet(143)) - 4a27d5c5-e706-4f49-9c3b-ede305044aa5: start FollowerState
2019-08-23 08:34:49,710 [pool-113-thread-1] INFO  util.JmxRegister (JmxRegister.java:tryRegister(44)) - Successfully registered JMX Bean with object name Ratis:service=RaftServer,group=group-643F8C4DDBBD,id=4a27d5c5-e706-4f49-9c3b-ede305044aa5
2019-08-23 08:34:49,719 [RatisPipelineUtilsThread] INFO  pipeline.PipelineStateManager (PipelineStateManager.java:addPipeline(56)) - Created pipeline Pipeline[ Id: a8033735-a061-4110-b1ea-643f8c4ddbbd, Nodes: 4a27d5c5-e706-4f49-9c3b-ede305044aa5{ip: 192.168.36.124, host: pr-hdds-2022-djmxw-136905289, networkLocation: /default-rack, certSerialId: null}, Type:RATIS, Factor:ONE, State:OPEN]
2019-08-23 08:34:49,873 [IPC Server handler 0 on 42119] INFO  net.NetworkTopology (NetworkTopologyImpl.java:add(110)) - Added a new node: /default-rack/898070de-5342-4931-8fd1-72ad9058b7b1
2019-08-23 08:34:49,874 [IPC Server handler 0 on 42119] INFO  node.SCMNodeManager (SCMNodeManager.java:register(273)) - Registered Data node : 898070de-5342-4931-8fd1-72ad9058b7b1{ip: 192.168.36.124, host: pr-hdds-2022-djmxw-136905289, networkLocation: /default-rack, certSerialId: null}
2019-08-23 08:34:49,874 | INFO  | SCMAudit | user=jenkins1000 | ip=192.168.36.124 | op=REGISTER {datanodeDetails=898070de-5342-4931-8fd1-72ad9058b7b1{ip: 192.168.36.124, host: pr-hdds-2022-djmxw-136905289, networkLocation: /default-rack, certSerialId: null}} | ret=SUCCESS |  
2019-08-23 08:34:49,887 [grpc-default-executor-0] INFO  impl.RaftServerProxy (RaftServerProxy.java:addNew(89)) - 898070de-5342-4931-8fd1-72ad9058b7b1: addNew group-ED3C4AACA453:[898070de-5342-4931-8fd1-72ad9058b7b1:192.168.36.124:42057] returns group-ED3C4AACA453:java.util.concurrent.CompletableFuture@f3d97e0[Not completed]
2019-08-23 08:34:49,890 [pool-124-thread-1] INFO  impl.RaftServerImpl (RaftServerImpl.java:<init>(93)) - 898070de-5342-4931-8fd1-72ad9058b7b1: new RaftServerImpl for group-ED3C4AACA453:[898070de-5342-4931-8fd1-72ad9058b7b1:192.168.36.124:42057] with ContainerStateMachine:uninitialized
2019-08-23 08:34:49,890 [pool-124-thread-1] INFO  server.RaftServerConfigKeys (ConfUtils.java:logGet(43)) - raft.server.rpc.timeout.min = 5s (custom)
2019-08-23 08:34:49,890 [pool-124-thread-1] INFO  server.RaftServerConfigKeys (ConfUtils.java:logGet(43)) - raft.server.rpc.timeout.max = 5200ms (custom)
2019-08-23 08:34:49,890 [pool-124-thread-1] INFO  server.RaftServerConfigKeys (ConfUtils.java:logGet(43)) - raft.server.rpcslowness.timeout = 120s (custom)
2019-08-23 08:34:49,890 [pool-124-thread-1] INFO  server.RaftServerConfigKeys (ConfUtils.java:logGet(43)) - raft.server.sleep.deviation.threshold = 300 (default)
2019-08-23 08:34:49,891 [pool-124-thread-1] INFO  server.RaftServerConfigKeys (ConfUtils.java:logGet(43)) - raft.server.log.appender.install.snapshot.enabled = false (custom)
2019-08-23 08:34:49,891 [pool-124-thread-1] INFO  impl.RaftServerImpl (ServerState.java:<init>(105)) - 898070de-5342-4931-8fd1-72ad9058b7b1:group-ED3C4AACA453 ConfigurationManager, init=-1: [898070de-5342-4931-8fd1-72ad9058b7b1:192.168.36.124:42057], old=null, confs=<EMPTY_MAP>
2019-08-23 08:34:49,891 [pool-124-thread-1] INFO  server.RaftServerConfigKeys (ConfUtils.java:logGet(43)) - raft.server.storage.dir = [/workdir/hadoop-ozone/integration-test/target/test-dir/MiniOzoneClusterImpl-b0e68d79-38a8-42f3-82e9-8c7446ce8347/datanode-1/data/ratis] (custom)
2019-08-23 08:34:49,891 [pool-124-thread-1] INFO  storage.RaftStorageDirectory (RaftStorageDirectory.java:analyzeStorage(246)) - The storage directory /workdir/hadoop-ozone/integration-test/target/test-dir/MiniOzoneClusterImpl-b0e68d79-38a8-42f3-82e9-8c7446ce8347/datanode-1/data/ratis/bb2f293c-cd80-47bb-a715-ed3c4aaca453 does not exist. Creating ...
2019-08-23 08:34:49,920 [pool-124-thread-1] INFO  storage.RaftStorageDirectory (RaftStorageDirectory.java:tryLock(328)) - Lock on /workdir/hadoop-ozone/integration-test/target/test-dir/MiniOzoneClusterImpl-b0e68d79-38a8-42f3-82e9-8c7446ce8347/datanode-1/data/ratis/bb2f293c-cd80-47bb-a715-ed3c4aaca453/in_use.lock acquired by nodename 4939@pr-hdds-2022-djmxw-136905289
2019-08-23 08:34:49,954 [pool-124-thread-1] INFO  storage.RaftStorage (RaftStorage.java:format(72)) - Storage directory /workdir/hadoop-ozone/integration-test/target/test-dir/MiniOzoneClusterImpl-b0e68d79-38a8-42f3-82e9-8c7446ce8347/datanode-1/data/ratis/bb2f293c-cd80-47bb-a715-ed3c4aaca453 has been successfully formatted.
2019-08-23 08:34:49,955 [pool-124-thread-1] INFO  ratis.ContainerStateMachine (ContainerStateMachine.java:loadSnapshot(226)) - group-ED3C4AACA453: The snapshot info is null. Setting the last applied indexto:(t:0, i:~)
2019-08-23 08:34:49,955 [pool-124-thread-1] INFO  server.RaftServerConfigKeys (ConfUtils.java:logGet(43)) - raft.server.leader.election.timeout = 120s (custom)
2019-08-23 08:34:49,955 [pool-124-thread-1] INFO  server.RaftServerConfigKeys (ConfUtils.java:logGet(43)) - raft.server.log.use.memory = false (default)
2019-08-23 08:34:49,955 [pool-124-thread-1] INFO  server.RaftServerConfigKeys (ConfUtils.java:logGet(43)) - raft.server.log.purge.gap = 1000000 (custom)
2019-08-23 08:34:49,955 [pool-124-thread-1] INFO  server.RaftServerConfigKeys (ConfUtils.java:logGet(43)) - raft.server.log.appender.buffer.byte-limit = 33554432 (custom)
2019-08-23 08:34:49,956 [pool-124-thread-1] INFO  server.RaftServerConfigKeys (ConfUtils.java:logGet(43)) - raft.server.log.segment.size.max = 1048576 (custom)
2019-08-23 08:34:49,956 [pool-124-thread-1] INFO  server.RaftServerConfigKeys (ConfUtils.java:logGet(43)) - raft.server.log.segment.cache.num.max = 2 (custom)
2019-08-23 08:34:49,956 [pool-124-thread-1] INFO  segmented.SegmentedRaftLogWorker (SegmentedRaftLogWorker.java:<init>(172)) - new 898070de-5342-4931-8fd1-72ad9058b7b1-SegmentedRaftLogWorker:Storage Directory /workdir/hadoop-ozone/integration-test/target/test-dir/MiniOzoneClusterImpl-b0e68d79-38a8-42f3-82e9-8c7446ce8347/datanode-1/data/ratis/bb2f293c-cd80-47bb-a715-ed3c4aaca453 for RaftStorage:Storage Directory /workdir/hadoop-ozone/integration-test/target/test-dir/MiniOzoneClusterImpl-b0e68d79-38a8-42f3-82e9-8c7446ce8347/datanode-1/data/ratis/bb2f293c-cd80-47bb-a715-ed3c4aaca453
2019-08-23 08:34:49,956 [pool-124-thread-1] INFO  server.RaftServerConfigKeys (ConfUtils.java:logGet(43)) - raft.server.log.queue.byte-limit = 2147483647 (custom)
2019-08-23 08:34:49,956 [pool-124-thread-1] INFO  server.RaftServerConfigKeys (ConfUtils.java:logGet(43)) - raft.server.log.queue.element-limit = 1024 (custom)
2019-08-23 08:34:49,957 [pool-124-thread-1] INFO  server.RaftServerConfigKeys (ConfUtils.java:logGet(43)) - raft.server.log.segment.size.max = 1048576 (custom)
2019-08-23 08:34:49,957 [pool-124-thread-1] INFO  server.RaftServerConfigKeys (ConfUtils.java:logGet(43)) - raft.server.log.preallocated.size = 16384 (custom)
2019-08-23 08:34:49,957 [pool-124-thread-1] INFO  server.RaftServerConfigKeys (ConfUtils.java:logGet(43)) - raft.server.log.write.buffer.size = 33554432 (custom)
2019-08-23 08:34:49,957 [pool-124-thread-1] INFO  server.RaftServerConfigKeys (ConfUtils.java:logGet(43)) - raft.server.log.force.sync.num = 128 (default)
2019-08-23 08:34:49,957 [pool-124-thread-1] INFO  server.RaftServerConfigKeys (ConfUtils.java:logGet(43)) - raft.server.log.statemachine.data.sync = true (default)
2019-08-23 08:34:49,958 [pool-124-thread-1] INFO  server.RaftServerConfigKeys (ConfUtils.java:logGet(43)) - raft.server.log.statemachine.data.sync.timeout = 10s (default)
2019-08-23 08:34:49,958 [pool-124-thread-1] INFO  server.RaftServerConfigKeys (ConfUtils.java:logGet(43)) - raft.server.log.statemachine.data.sync.timeout.retry = -1 (default)
2019-08-23 08:34:49,958 [pool-124-thread-1] INFO  server.RaftServerConfigKeys (ConfUtils.java:logGet(43)) - raft.server.log.statemachine.data.caching.enabled = true (custom)
2019-08-23 08:34:49,959 [pool-124-thread-1] INFO  segmented.SegmentedRaftLogWorker (SegmentedRaftLogWorker.java:lambda$new$0(132)) - 898070de-5342-4931-8fd1-72ad9058b7b1-SegmentedRaftLogWorker:Storage Directory /workdir/hadoop-ozone/integration-test/target/test-dir/MiniOzoneClusterImpl-b0e68d79-38a8-42f3-82e9-8c7446ce8347/datanode-1/data/ratis/bb2f293c-cd80-47bb-a715-ed3c4aaca453: flushIndex: setUnconditionally 0 -> -1
2019-08-23 08:34:49,959 [pool-124-thread-1] INFO  server.RaftServerConfigKeys (ConfUtils.java:logGet(43)) - raft.server.snapshot.auto.trigger.enabled = true (custom)
2019-08-23 08:34:49,959 [pool-124-thread-1] INFO  server.RaftServerConfigKeys (ConfUtils.java:logGet(43)) - raft.server.snapshot.auto.trigger.threshold = 10000 (custom)
2019-08-23 08:34:49,960 [pool-124-thread-1] INFO  server.RaftServerConfigKeys (ConfUtils.java:logGet(43)) - raft.server.retrycache.expirytime = 600000ms (custom)
2019-08-23 08:34:49,960 [pool-124-thread-1] INFO  impl.RaftServerImpl (RaftServerImpl.java:start(180)) - 898070de-5342-4931-8fd1-72ad9058b7b1: start group-ED3C4AACA453
2019-08-23 08:34:49,960 [pool-124-thread-1] INFO  impl.RaftServerImpl (RaftServerImpl.java:setRole(171)) - 898070de-5342-4931-8fd1-72ad9058b7b1:group-ED3C4AACA453 changes role from null to FOLLOWER at term 0 for startAsFollower
2019-08-23 08:34:49,960 [pool-124-thread-1] INFO  impl.RoleInfo (RoleInfo.java:updateAndGet(143)) - 898070de-5342-4931-8fd1-72ad9058b7b1: start FollowerState
2019-08-23 08:34:49,966 [pool-124-thread-1] INFO  util.JmxRegister (JmxRegister.java:tryRegister(44)) - Successfully registered JMX Bean with object name Ratis:service=RaftServer,group=group-ED3C4AACA453,id=898070de-5342-4931-8fd1-72ad9058b7b1
2019-08-23 08:34:49,975 [RatisPipelineUtilsThread] INFO  pipeline.PipelineStateManager (PipelineStateManager.java:addPipeline(56)) - Created pipeline Pipeline[ Id: bb2f293c-cd80-47bb-a715-ed3c4aaca453, Nodes: 898070de-5342-4931-8fd1-72ad9058b7b1{ip: 192.168.36.124, host: pr-hdds-2022-djmxw-136905289, networkLocation: /default-rack, certSerialId: null}, Type:RATIS, Factor:ONE, State:OPEN]
2019-08-23 08:34:50,121 [Thread-322] INFO  ozone.MiniOzoneClusterImpl (MiniOzoneClusterImpl.java:lambda$waitForClusterToBeReady$0(142)) - Waiting for cluster to be ready. Got 2 of 3 DN Heartbeats.
2019-08-23 08:34:50,126 [IPC Server handler 5 on 42119] INFO  net.NetworkTopology (NetworkTopologyImpl.java:add(110)) - Added a new node: /default-rack/7e5aa902-2e53-4970-88d9-946662ba2918
2019-08-23 08:34:50,126 [IPC Server handler 5 on 42119] INFO  node.SCMNodeManager (SCMNodeManager.java:register(273)) - Registered Data node : 7e5aa902-2e53-4970-88d9-946662ba2918{ip: 192.168.36.124, host: pr-hdds-2022-djmxw-136905289, networkLocation: /default-rack, certSerialId: null}
2019-08-23 08:34:50,129 | INFO  | SCMAudit | user=jenkins1000 | ip=192.168.36.124 | op=REGISTER {datanodeDetails=7e5aa902-2e53-4970-88d9-946662ba2918{ip: 192.168.36.124, host: pr-hdds-2022-djmxw-136905289, networkLocation: /default-rack, certSerialId: null}} | ret=SUCCESS |  
2019-08-23 08:34:50,141 [grpc-default-executor-0] INFO  impl.RaftServerProxy (RaftServerProxy.java:addNew(89)) - 7e5aa902-2e53-4970-88d9-946662ba2918: addNew group-2630C53BC54E:[7e5aa902-2e53-4970-88d9-946662ba2918:192.168.36.124:40946] returns group-2630C53BC54E:java.util.concurrent.CompletableFuture@77d8f05f[Not completed]
2019-08-23 08:34:50,144 [pool-135-thread-1] INFO  impl.RaftServerImpl (RaftServerImpl.java:<init>(93)) - 7e5aa902-2e53-4970-88d9-946662ba2918: new RaftServerImpl for group-2630C53BC54E:[7e5aa902-2e53-4970-88d9-946662ba2918:192.168.36.124:40946] with ContainerStateMachine:uninitialized
2019-08-23 08:34:50,144 [pool-135-thread-1] INFO  server.RaftServerConfigKeys (ConfUtils.java:logGet(43)) - raft.server.rpc.timeout.min = 5s (custom)
2019-08-23 08:34:50,144 [pool-135-thread-1] INFO  server.RaftServerConfigKeys (ConfUtils.java:logGet(43)) - raft.server.rpc.timeout.max = 5200ms (custom)
2019-08-23 08:34:50,145 [pool-135-thread-1] INFO  server.RaftServerConfigKeys (ConfUtils.java:logGet(43)) - raft.server.rpcslowness.timeout = 120s (custom)
2019-08-23 08:34:50,145 [pool-135-thread-1] INFO  server.RaftServerConfigKeys (ConfUtils.java:logGet(43)) - raft.server.sleep.deviation.threshold = 300 (default)
2019-08-23 08:34:50,145 [pool-135-thread-1] INFO  server.RaftServerConfigKeys (ConfUtils.java:logGet(43)) - raft.server.log.appender.install.snapshot.enabled = false (custom)
2019-08-23 08:34:50,145 [pool-135-thread-1] INFO  impl.RaftServerImpl (ServerState.java:<init>(105)) - 7e5aa902-2e53-4970-88d9-946662ba2918:group-2630C53BC54E ConfigurationManager, init=-1: [7e5aa902-2e53-4970-88d9-946662ba2918:192.168.36.124:40946], old=null, confs=<EMPTY_MAP>
2019-08-23 08:34:50,145 [pool-135-thread-1] INFO  server.RaftServerConfigKeys (ConfUtils.java:logGet(43)) - raft.server.storage.dir = [/workdir/hadoop-ozone/integration-test/target/test-dir/MiniOzoneClusterImpl-b0e68d79-38a8-42f3-82e9-8c7446ce8347/datanode-2/data/ratis] (custom)
2019-08-23 08:34:50,146 [pool-135-thread-1] INFO  storage.RaftStorageDirectory (RaftStorageDirectory.java:analyzeStorage(246)) - The storage directory /workdir/hadoop-ozone/integration-test/target/test-dir/MiniOzoneClusterImpl-b0e68d79-38a8-42f3-82e9-8c7446ce8347/datanode-2/data/ratis/4539ed5e-35ce-4ada-b1be-2630c53bc54e does not exist. Creating ...
2019-08-23 08:34:50,171 [pool-135-thread-1] INFO  storage.RaftStorageDirectory (RaftStorageDirectory.java:tryLock(328)) - Lock on /workdir/hadoop-ozone/integration-test/target/test-dir/MiniOzoneClusterImpl-b0e68d79-38a8-42f3-82e9-8c7446ce8347/datanode-2/data/ratis/4539ed5e-35ce-4ada-b1be-2630c53bc54e/in_use.lock acquired by nodename 4939@pr-hdds-2022-djmxw-136905289
2019-08-23 08:34:50,196 [pool-135-thread-1] INFO  storage.RaftStorage (RaftStorage.java:format(72)) - Storage directory /workdir/hadoop-ozone/integration-test/target/test-dir/MiniOzoneClusterImpl-b0e68d79-38a8-42f3-82e9-8c7446ce8347/datanode-2/data/ratis/4539ed5e-35ce-4ada-b1be-2630c53bc54e has been successfully formatted.
2019-08-23 08:34:50,197 [pool-135-thread-1] INFO  ratis.ContainerStateMachine (ContainerStateMachine.java:loadSnapshot(226)) - group-2630C53BC54E: The snapshot info is null. Setting the last applied indexto:(t:0, i:~)
2019-08-23 08:34:50,197 [pool-135-thread-1] INFO  server.RaftServerConfigKeys (ConfUtils.java:logGet(43)) - raft.server.leader.election.timeout = 120s (custom)
2019-08-23 08:34:50,197 [pool-135-thread-1] INFO  server.RaftServerConfigKeys (ConfUtils.java:logGet(43)) - raft.server.log.use.memory = false (default)
2019-08-23 08:34:50,197 [pool-135-thread-1] INFO  server.RaftServerConfigKeys (ConfUtils.java:logGet(43)) - raft.server.log.purge.gap = 1000000 (custom)
2019-08-23 08:34:50,197 [pool-135-thread-1] INFO  server.RaftServerConfigKeys (ConfUtils.java:logGet(43)) - raft.server.log.appender.buffer.byte-limit = 33554432 (custom)
2019-08-23 08:34:50,198 [pool-135-thread-1] INFO  server.RaftServerConfigKeys (ConfUtils.java:logGet(43)) - raft.server.log.segment.size.max = 1048576 (custom)
2019-08-23 08:34:50,198 [pool-135-thread-1] INFO  server.RaftServerConfigKeys (ConfUtils.java:logGet(43)) - raft.server.log.segment.cache.num.max = 2 (custom)
2019-08-23 08:34:50,198 [pool-135-thread-1] INFO  segmented.SegmentedRaftLogWorker (SegmentedRaftLogWorker.java:<init>(172)) - new 7e5aa902-2e53-4970-88d9-946662ba2918-SegmentedRaftLogWorker:Storage Directory /workdir/hadoop-ozone/integration-test/target/test-dir/MiniOzoneClusterImpl-b0e68d79-38a8-42f3-82e9-8c7446ce8347/datanode-2/data/ratis/4539ed5e-35ce-4ada-b1be-2630c53bc54e for RaftStorage:Storage Directory /workdir/hadoop-ozone/integration-test/target/test-dir/MiniOzoneClusterImpl-b0e68d79-38a8-42f3-82e9-8c7446ce8347/datanode-2/data/ratis/4539ed5e-35ce-4ada-b1be-2630c53bc54e
2019-08-23 08:34:50,198 [pool-135-thread-1] INFO  server.RaftServerConfigKeys (ConfUtils.java:logGet(43)) - raft.server.log.queue.byte-limit = 2147483647 (custom)
2019-08-23 08:34:50,198 [pool-135-thread-1] INFO  server.RaftServerConfigKeys (ConfUtils.java:logGet(43)) - raft.server.log.queue.element-limit = 1024 (custom)
2019-08-23 08:34:50,199 [pool-135-thread-1] INFO  server.RaftServerConfigKeys (ConfUtils.java:logGet(43)) - raft.server.log.segment.size.max = 1048576 (custom)
2019-08-23 08:34:50,199 [pool-135-thread-1] INFO  server.RaftServerConfigKeys (ConfUtils.java:logGet(43)) - raft.server.log.preallocated.size = 16384 (custom)
2019-08-23 08:34:50,199 [pool-135-thread-1] INFO  server.RaftServerConfigKeys (ConfUtils.java:logGet(43)) - raft.server.log.write.buffer.size = 33554432 (custom)
2019-08-23 08:34:50,199 [pool-135-thread-1] INFO  server.RaftServerConfigKeys (ConfUtils.java:logGet(43)) - raft.server.log.force.sync.num = 128 (default)
2019-08-23 08:34:50,199 [pool-135-thread-1] INFO  server.RaftServerConfigKeys (ConfUtils.java:logGet(43)) - raft.server.log.statemachine.data.sync = true (default)
2019-08-23 08:34:50,200 [pool-135-thread-1] INFO  server.RaftServerConfigKeys (ConfUtils.java:logGet(43)) - raft.server.log.statemachine.data.sync.timeout = 10s (default)
2019-08-23 08:34:50,200 [pool-135-thread-1] INFO  server.RaftServerConfigKeys (ConfUtils.java:logGet(43)) - raft.server.log.statemachine.data.sync.timeout.retry = -1 (default)
2019-08-23 08:34:50,200 [pool-135-thread-1] INFO  server.RaftServerConfigKeys (ConfUtils.java:logGet(43)) - raft.server.log.statemachine.data.caching.enabled = true (custom)
2019-08-23 08:34:50,201 [pool-135-thread-1] INFO  segmented.SegmentedRaftLogWorker (SegmentedRaftLogWorker.java:lambda$new$0(132)) - 7e5aa902-2e53-4970-88d9-946662ba2918-SegmentedRaftLogWorker:Storage Directory /workdir/hadoop-ozone/integration-test/target/test-dir/MiniOzoneClusterImpl-b0e68d79-38a8-42f3-82e9-8c7446ce8347/datanode-2/data/ratis/4539ed5e-35ce-4ada-b1be-2630c53bc54e: flushIndex: setUnconditionally 0 -> -1
2019-08-23 08:34:50,201 [pool-135-thread-1] INFO  server.RaftServerConfigKeys (ConfUtils.java:logGet(43)) - raft.server.snapshot.auto.trigger.enabled = true (custom)
2019-08-23 08:34:50,201 [pool-135-thread-1] INFO  server.RaftServerConfigKeys (ConfUtils.java:logGet(43)) - raft.server.snapshot.auto.trigger.threshold = 10000 (custom)
2019-08-23 08:34:50,201 [pool-135-thread-1] INFO  server.RaftServerConfigKeys (ConfUtils.java:logGet(43)) - raft.server.retrycache.expirytime = 600000ms (custom)
2019-08-23 08:34:50,202 [pool-135-thread-1] INFO  impl.RaftServerImpl (RaftServerImpl.java:start(180)) - 7e5aa902-2e53-4970-88d9-946662ba2918: start group-2630C53BC54E
2019-08-23 08:34:50,202 [pool-135-thread-1] INFO  impl.RaftServerImpl (RaftServerImpl.java:setRole(171)) - 7e5aa902-2e53-4970-88d9-946662ba2918:group-2630C53BC54E changes role from null to FOLLOWER at term 0 for startAsFollower
2019-08-23 08:34:50,202 [pool-135-thread-1] INFO  impl.RoleInfo (RoleInfo.java:updateAndGet(143)) - 7e5aa902-2e53-4970-88d9-946662ba2918: start FollowerState
2019-08-23 08:34:50,203 [pool-135-thread-1] INFO  util.JmxRegister (JmxRegister.java:tryRegister(44)) - Successfully registered JMX Bean with object name Ratis:service=RaftServer,group=group-2630C53BC54E,id=7e5aa902-2e53-4970-88d9-946662ba2918
2019-08-23 08:34:50,208 [RatisPipelineUtilsThread] INFO  pipeline.PipelineStateManager (PipelineStateManager.java:addPipeline(56)) - Created pipeline Pipeline[ Id: 4539ed5e-35ce-4ada-b1be-2630c53bc54e, Nodes: 7e5aa902-2e53-4970-88d9-946662ba2918{ip: 192.168.36.124, host: pr-hdds-2022-djmxw-136905289, networkLocation: /default-rack, certSerialId: null}, Type:RATIS, Factor:ONE, State:OPEN]
2019-08-23 08:34:50,236 [grpc-default-executor-1] INFO  impl.RaftServerProxy (RaftServerProxy.java:addNew(89)) - 898070de-5342-4931-8fd1-72ad9058b7b1: addNew group-77053E6F4BA6:[7e5aa902-2e53-4970-88d9-946662ba2918:192.168.36.124:40946, 4a27d5c5-e706-4f49-9c3b-ede305044aa5:192.168.36.124:45959, 898070de-5342-4931-8fd1-72ad9058b7b1:192.168.36.124:42057] returns group-77053E6F4BA6:java.util.concurrent.CompletableFuture@3bfa7288[Not completed]
2019-08-23 08:34:50,237 [grpc-default-executor-0] INFO  impl.RaftServerProxy (RaftServerProxy.java:addNew(89)) - 4a27d5c5-e706-4f49-9c3b-ede305044aa5: addNew group-77053E6F4BA6:[7e5aa902-2e53-4970-88d9-946662ba2918:192.168.36.124:40946, 4a27d5c5-e706-4f49-9c3b-ede305044aa5:192.168.36.124:45959, 898070de-5342-4931-8fd1-72ad9058b7b1:192.168.36.124:42057] returns group-77053E6F4BA6:java.util.concurrent.CompletableFuture@75794b89[Not completed]
2019-08-23 08:34:50,237 [grpc-default-executor-2] INFO  impl.RaftServerProxy (RaftServerProxy.java:addNew(89)) - 7e5aa902-2e53-4970-88d9-946662ba2918: addNew group-77053E6F4BA6:[7e5aa902-2e53-4970-88d9-946662ba2918:192.168.36.124:40946, 4a27d5c5-e706-4f49-9c3b-ede305044aa5:192.168.36.124:45959, 898070de-5342-4931-8fd1-72ad9058b7b1:192.168.36.124:42057] returns group-77053E6F4BA6:java.util.concurrent.CompletableFuture@70d121b[Not completed]
2019-08-23 08:34:50,239 [pool-124-thread-1] INFO  impl.RaftServerImpl (RaftServerImpl.java:<init>(93)) - 898070de-5342-4931-8fd1-72ad9058b7b1: new RaftServerImpl for group-77053E6F4BA6:[7e5aa902-2e53-4970-88d9-946662ba2918:192.168.36.124:40946, 4a27d5c5-e706-4f49-9c3b-ede305044aa5:192.168.36.124:45959, 898070de-5342-4931-8fd1-72ad9058b7b1:192.168.36.124:42057] with ContainerStateMachine:uninitialized
2019-08-23 08:34:50,239 [pool-124-thread-1] INFO  server.RaftServerConfigKeys (ConfUtils.java:logGet(43)) - raft.server.rpc.timeout.min = 5s (custom)
2019-08-23 08:34:50,239 [pool-124-thread-1] INFO  server.RaftServerConfigKeys (ConfUtils.java:logGet(43)) - raft.server.rpc.timeout.max = 5200ms (custom)
2019-08-23 08:34:50,239 [pool-124-thread-1] INFO  server.RaftServerConfigKeys (ConfUtils.java:logGet(43)) - raft.server.rpcslowness.timeout = 120s (custom)
2019-08-23 08:34:50,239 [pool-124-thread-1] INFO  server.RaftServerConfigKeys (ConfUtils.java:logGet(43)) - raft.server.sleep.deviation.threshold = 300 (default)
2019-08-23 08:34:50,240 [pool-124-thread-1] INFO  server.RaftServerConfigKeys (ConfUtils.java:logGet(43)) - raft.server.log.appender.install.snapshot.enabled = false (custom)
2019-08-23 08:34:50,240 [pool-124-thread-1] INFO  impl.RaftServerImpl (ServerState.java:<init>(105)) - 898070de-5342-4931-8fd1-72ad9058b7b1:group-77053E6F4BA6 ConfigurationManager, init=-1: [7e5aa902-2e53-4970-88d9-946662ba2918:192.168.36.124:40946, 4a27d5c5-e706-4f49-9c3b-ede305044aa5:192.168.36.124:45959, 898070de-5342-4931-8fd1-72ad9058b7b1:192.168.36.124:42057], old=null, confs=<EMPTY_MAP>
2019-08-23 08:34:50,240 [pool-124-thread-1] INFO  server.RaftServerConfigKeys (ConfUtils.java:logGet(43)) - raft.server.storage.dir = [/workdir/hadoop-ozone/integration-test/target/test-dir/MiniOzoneClusterImpl-b0e68d79-38a8-42f3-82e9-8c7446ce8347/datanode-1/data/ratis] (custom)
2019-08-23 08:34:50,240 [pool-135-thread-1] INFO  impl.RaftServerImpl (RaftServerImpl.java:<init>(93)) - 7e5aa902-2e53-4970-88d9-946662ba2918: new RaftServerImpl for group-77053E6F4BA6:[7e5aa902-2e53-4970-88d9-946662ba2918:192.168.36.124:40946, 4a27d5c5-e706-4f49-9c3b-ede305044aa5:192.168.36.124:45959, 898070de-5342-4931-8fd1-72ad9058b7b1:192.168.36.124:42057] with ContainerStateMachine:uninitialized
2019-08-23 08:34:50,240 [pool-135-thread-1] INFO  server.RaftServerConfigKeys (ConfUtils.java:logGet(43)) - raft.server.rpc.timeout.min = 5s (custom)
2019-08-23 08:34:50,241 [pool-124-thread-1] INFO  storage.RaftStorageDirectory (RaftStorageDirectory.java:analyzeStorage(246)) - The storage directory /workdir/hadoop-ozone/integration-test/target/test-dir/MiniOzoneClusterImpl-b0e68d79-38a8-42f3-82e9-8c7446ce8347/datanode-1/data/ratis/0c9c5023-0155-4edc-b2c2-77053e6f4ba6 does not exist. Creating ...
2019-08-23 08:34:50,241 [pool-135-thread-1] INFO  server.RaftServerConfigKeys (ConfUtils.java:logGet(43)) - raft.server.rpc.timeout.max = 5200ms (custom)
2019-08-23 08:34:50,241 [pool-113-thread-1] INFO  impl.RaftServerImpl (RaftServerImpl.java:<init>(93)) - 4a27d5c5-e706-4f49-9c3b-ede305044aa5: new RaftServerImpl for group-77053E6F4BA6:[7e5aa902-2e53-4970-88d9-946662ba2918:192.168.36.124:40946, 4a27d5c5-e706-4f49-9c3b-ede305044aa5:192.168.36.124:45959, 898070de-5342-4931-8fd1-72ad9058b7b1:192.168.36.124:42057] with ContainerStateMachine:uninitialized
2019-08-23 08:34:50,241 [pool-135-thread-1] INFO  server.RaftServerConfigKeys (ConfUtils.java:logGet(43)) - raft.server.rpcslowness.timeout = 120s (custom)
2019-08-23 08:34:50,241 [pool-113-thread-1] INFO  server.RaftServerConfigKeys (ConfUtils.java:logGet(43)) - raft.server.rpc.timeout.min = 5s (custom)
2019-08-23 08:34:50,241 [pool-135-thread-1] INFO  server.RaftServerConfigKeys (ConfUtils.java:logGet(43)) - raft.server.sleep.deviation.threshold = 300 (default)
2019-08-23 08:34:50,241 [pool-113-thread-1] INFO  server.RaftServerConfigKeys (ConfUtils.java:logGet(43)) - raft.server.rpc.timeout.max = 5200ms (custom)
2019-08-23 08:34:50,242 [pool-135-thread-1] INFO  server.RaftServerConfigKeys (ConfUtils.java:logGet(43)) - raft.server.log.appender.install.snapshot.enabled = false (custom)
2019-08-23 08:34:50,242 [pool-113-thread-1] INFO  server.RaftServerConfigKeys (ConfUtils.java:logGet(43)) - raft.server.rpcslowness.timeout = 120s (custom)
2019-08-23 08:34:50,242 [pool-135-thread-1] INFO  impl.RaftServerImpl (ServerState.java:<init>(105)) - 7e5aa902-2e53-4970-88d9-946662ba2918:group-77053E6F4BA6 ConfigurationManager, init=-1: [7e5aa902-2e53-4970-88d9-946662ba2918:192.168.36.124:40946, 4a27d5c5-e706-4f49-9c3b-ede305044aa5:192.168.36.124:45959, 898070de-5342-4931-8fd1-72ad9058b7b1:192.168.36.124:42057], old=null, confs=<EMPTY_MAP>
2019-08-23 08:34:50,242 [pool-113-thread-1] INFO  server.RaftServerConfigKeys (ConfUtils.java:logGet(43)) - raft.server.sleep.deviation.threshold = 300 (default)
2019-08-23 08:34:50,242 [pool-135-thread-1] INFO  server.RaftServerConfigKeys (ConfUtils.java:logGet(43)) - raft.server.storage.dir = [/workdir/hadoop-ozone/integration-test/target/test-dir/MiniOzoneClusterImpl-b0e68d79-38a8-42f3-82e9-8c7446ce8347/datanode-2/data/ratis] (custom)
2019-08-23 08:34:50,242 [pool-113-thread-1] INFO  server.RaftServerConfigKeys (ConfUtils.java:logGet(43)) - raft.server.log.appender.install.snapshot.enabled = false (custom)
2019-08-23 08:34:50,243 [pool-113-thread-1] INFO  impl.RaftServerImpl (ServerState.java:<init>(105)) - 4a27d5c5-e706-4f49-9c3b-ede305044aa5:group-77053E6F4BA6 ConfigurationManager, init=-1: [7e5aa902-2e53-4970-88d9-946662ba2918:192.168.36.124:40946, 4a27d5c5-e706-4f49-9c3b-ede305044aa5:192.168.36.124:45959, 898070de-5342-4931-8fd1-72ad9058b7b1:192.168.36.124:42057], old=null, confs=<EMPTY_MAP>
2019-08-23 08:34:50,243 [pool-135-thread-1] INFO  storage.RaftStorageDirectory (RaftStorageDirectory.java:analyzeStorage(246)) - The storage directory /workdir/hadoop-ozone/integration-test/target/test-dir/MiniOzoneClusterImpl-b0e68d79-38a8-42f3-82e9-8c7446ce8347/datanode-2/data/ratis/0c9c5023-0155-4edc-b2c2-77053e6f4ba6 does not exist. Creating ...
2019-08-23 08:34:50,243 [pool-113-thread-1] INFO  server.RaftServerConfigKeys (ConfUtils.java:logGet(43)) - raft.server.storage.dir = [/workdir/hadoop-ozone/integration-test/target/test-dir/MiniOzoneClusterImpl-b0e68d79-38a8-42f3-82e9-8c7446ce8347/datanode-0/data/ratis] (custom)
2019-08-23 08:34:50,243 [pool-113-thread-1] INFO  storage.RaftStorageDirectory (RaftStorageDirectory.java:analyzeStorage(246)) - The storage directory /workdir/hadoop-ozone/integration-test/target/test-dir/MiniOzoneClusterImpl-b0e68d79-38a8-42f3-82e9-8c7446ce8347/datanode-0/data/ratis/0c9c5023-0155-4edc-b2c2-77053e6f4ba6 does not exist. Creating ...
2019-08-23 08:34:50,264 [pool-113-thread-1] INFO  storage.RaftStorageDirectory (RaftStorageDirectory.java:tryLock(328)) - Lock on /workdir/hadoop-ozone/integration-test/target/test-dir/MiniOzoneClusterImpl-b0e68d79-38a8-42f3-82e9-8c7446ce8347/datanode-0/data/ratis/0c9c5023-0155-4edc-b2c2-77053e6f4ba6/in_use.lock acquired by nodename 4939@pr-hdds-2022-djmxw-136905289
2019-08-23 08:34:50,264 [pool-135-thread-1] INFO  storage.RaftStorageDirectory (RaftStorageDirectory.java:tryLock(328)) - Lock on /workdir/hadoop-ozone/integration-test/target/test-dir/MiniOzoneClusterImpl-b0e68d79-38a8-42f3-82e9-8c7446ce8347/datanode-2/data/ratis/0c9c5023-0155-4edc-b2c2-77053e6f4ba6/in_use.lock acquired by nodename 4939@pr-hdds-2022-djmxw-136905289
2019-08-23 08:34:50,264 [pool-124-thread-1] INFO  storage.RaftStorageDirectory (RaftStorageDirectory.java:tryLock(328)) - Lock on /workdir/hadoop-ozone/integration-test/target/test-dir/MiniOzoneClusterImpl-b0e68d79-38a8-42f3-82e9-8c7446ce8347/datanode-1/data/ratis/0c9c5023-0155-4edc-b2c2-77053e6f4ba6/in_use.lock acquired by nodename 4939@pr-hdds-2022-djmxw-136905289
2019-08-23 08:34:50,289 [pool-124-thread-1] INFO  storage.RaftStorage (RaftStorage.java:format(72)) - Storage directory /workdir/hadoop-ozone/integration-test/target/test-dir/MiniOzoneClusterImpl-b0e68d79-38a8-42f3-82e9-8c7446ce8347/datanode-1/data/ratis/0c9c5023-0155-4edc-b2c2-77053e6f4ba6 has been successfully formatted.
2019-08-23 08:34:50,289 [pool-135-thread-1] INFO  storage.RaftStorage (RaftStorage.java:format(72)) - Storage directory /workdir/hadoop-ozone/integration-test/target/test-dir/MiniOzoneClusterImpl-b0e68d79-38a8-42f3-82e9-8c7446ce8347/datanode-2/data/ratis/0c9c5023-0155-4edc-b2c2-77053e6f4ba6 has been successfully formatted.
2019-08-23 08:34:50,290 [pool-124-thread-1] INFO  ratis.ContainerStateMachine (ContainerStateMachine.java:loadSnapshot(226)) - group-77053E6F4BA6: The snapshot info is null. Setting the last applied indexto:(t:0, i:~)
2019-08-23 08:34:50,289 [pool-113-thread-1] INFO  storage.RaftStorage (RaftStorage.java:format(72)) - Storage directory /workdir/hadoop-ozone/integration-test/target/test-dir/MiniOzoneClusterImpl-b0e68d79-38a8-42f3-82e9-8c7446ce8347/datanode-0/data/ratis/0c9c5023-0155-4edc-b2c2-77053e6f4ba6 has been successfully formatted.
2019-08-23 08:34:50,290 [pool-135-thread-1] INFO  ratis.ContainerStateMachine (ContainerStateMachine.java:loadSnapshot(226)) - group-77053E6F4BA6: The snapshot info is null. Setting the last applied indexto:(t:0, i:~)
2019-08-23 08:34:50,290 [pool-113-thread-1] INFO  ratis.ContainerStateMachine (ContainerStateMachine.java:loadSnapshot(226)) - group-77053E6F4BA6: The snapshot info is null. Setting the last applied indexto:(t:0, i:~)
2019-08-23 08:34:50,290 [pool-124-thread-1] INFO  server.RaftServerConfigKeys (ConfUtils.java:logGet(43)) - raft.server.leader.election.timeout = 120s (custom)
2019-08-23 08:34:50,291 [pool-113-thread-1] INFO  server.RaftServerConfigKeys (ConfUtils.java:logGet(43)) - raft.server.leader.election.timeout = 120s (custom)
2019-08-23 08:34:50,290 [pool-135-thread-1] INFO  server.RaftServerConfigKeys (ConfUtils.java:logGet(43)) - raft.server.leader.election.timeout = 120s (custom)
2019-08-23 08:34:50,291 [pool-113-thread-1] INFO  server.RaftServerConfigKeys (ConfUtils.java:logGet(43)) - raft.server.log.use.memory = false (default)
2019-08-23 08:34:50,291 [pool-124-thread-1] INFO  server.RaftServerConfigKeys (ConfUtils.java:logGet(43)) - raft.server.log.use.memory = false (default)
2019-08-23 08:34:50,291 [pool-113-thread-1] INFO  server.RaftServerConfigKeys (ConfUtils.java:logGet(43)) - raft.server.log.purge.gap = 1000000 (custom)
2019-08-23 08:34:50,291 [pool-135-thread-1] INFO  server.RaftServerConfigKeys (ConfUtils.java:logGet(43)) - raft.server.log.use.memory = false (default)
2019-08-23 08:34:50,291 [pool-113-thread-1] INFO  server.RaftServerConfigKeys (ConfUtils.java:logGet(43)) - raft.server.log.appender.buffer.byte-limit = 33554432 (custom)
2019-08-23 08:34:50,291 [pool-124-thread-1] INFO  server.RaftServerConfigKeys (ConfUtils.java:logGet(43)) - raft.server.log.purge.gap = 1000000 (custom)
2019-08-23 08:34:50,292 [pool-113-thread-1] INFO  server.RaftServerConfigKeys (ConfUtils.java:logGet(43)) - raft.server.log.segment.size.max = 1048576 (custom)
2019-08-23 08:34:50,292 [pool-135-thread-1] INFO  server.RaftServerConfigKeys (ConfUtils.java:logGet(43)) - raft.server.log.purge.gap = 1000000 (custom)
2019-08-23 08:34:50,292 [pool-113-thread-1] INFO  server.RaftServerConfigKeys (ConfUtils.java:logGet(43)) - raft.server.log.segment.cache.num.max = 2 (custom)
2019-08-23 08:34:50,292 [pool-124-thread-1] INFO  server.RaftServerConfigKeys (ConfUtils.java:logGet(43)) - raft.server.log.appender.buffer.byte-limit = 33554432 (custom)
2019-08-23 08:34:50,293 [pool-113-thread-1] INFO  segmented.SegmentedRaftLogWorker (SegmentedRaftLogWorker.java:<init>(172)) - new 4a27d5c5-e706-4f49-9c3b-ede305044aa5-SegmentedRaftLogWorker:Storage Directory /workdir/hadoop-ozone/integration-test/target/test-dir/MiniOzoneClusterImpl-b0e68d79-38a8-42f3-82e9-8c7446ce8347/datanode-0/data/ratis/0c9c5023-0155-4edc-b2c2-77053e6f4ba6 for RaftStorage:Storage Directory /workdir/hadoop-ozone/integration-test/target/test-dir/MiniOzoneClusterImpl-b0e68d79-38a8-42f3-82e9-8c7446ce8347/datanode-0/data/ratis/0c9c5023-0155-4edc-b2c2-77053e6f4ba6
2019-08-23 08:34:50,292 [pool-135-thread-1] INFO  server.RaftServerConfigKeys (ConfUtils.java:logGet(43)) - raft.server.log.appender.buffer.byte-limit = 33554432 (custom)
2019-08-23 08:34:50,293 [pool-113-thread-1] INFO  server.RaftServerConfigKeys (ConfUtils.java:logGet(43)) - raft.server.log.queue.byte-limit = 2147483647 (custom)
2019-08-23 08:34:50,293 [pool-124-thread-1] INFO  server.RaftServerConfigKeys (ConfUtils.java:logGet(43)) - raft.server.log.segment.size.max = 1048576 (custom)
2019-08-23 08:34:50,293 [pool-113-thread-1] INFO  server.RaftServerConfigKeys (ConfUtils.java:logGet(43)) - raft.server.log.queue.element-limit = 1024 (custom)
2019-08-23 08:34:50,293 [pool-135-thread-1] INFO  server.RaftServerConfigKeys (ConfUtils.java:logGet(43)) - raft.server.log.segment.size.max = 1048576 (custom)
2019-08-23 08:34:50,294 [pool-113-thread-1] INFO  server.RaftServerConfigKeys (ConfUtils.java:logGet(43)) - raft.server.log.segment.size.max = 1048576 (custom)
2019-08-23 08:34:50,293 [pool-124-thread-1] INFO  server.RaftServerConfigKeys (ConfUtils.java:logGet(43)) - raft.server.log.segment.cache.num.max = 2 (custom)
2019-08-23 08:34:50,294 [pool-113-thread-1] INFO  server.RaftServerConfigKeys (ConfUtils.java:logGet(43)) - raft.server.log.preallocated.size = 16384 (custom)
2019-08-23 08:34:50,294 [pool-135-thread-1] INFO  server.RaftServerConfigKeys (ConfUtils.java:logGet(43)) - raft.server.log.segment.cache.num.max = 2 (custom)
2019-08-23 08:34:50,294 [pool-113-thread-1] INFO  server.RaftServerConfigKeys (ConfUtils.java:logGet(43)) - raft.server.log.write.buffer.size = 33554432 (custom)
2019-08-23 08:34:50,294 [pool-124-thread-1] INFO  segmented.SegmentedRaftLogWorker (SegmentedRaftLogWorker.java:<init>(172)) - new 898070de-5342-4931-8fd1-72ad9058b7b1-SegmentedRaftLogWorker:Storage Directory /workdir/hadoop-ozone/integration-test/target/test-dir/MiniOzoneClusterImpl-b0e68d79-38a8-42f3-82e9-8c7446ce8347/datanode-1/data/ratis/0c9c5023-0155-4edc-b2c2-77053e6f4ba6 for RaftStorage:Storage Directory /workdir/hadoop-ozone/integration-test/target/test-dir/MiniOzoneClusterImpl-b0e68d79-38a8-42f3-82e9-8c7446ce8347/datanode-1/data/ratis/0c9c5023-0155-4edc-b2c2-77053e6f4ba6
2019-08-23 08:34:50,295 [pool-113-thread-1] INFO  server.RaftServerConfigKeys (ConfUtils.java:logGet(43)) - raft.server.log.force.sync.num = 128 (default)
2019-08-23 08:34:50,294 [pool-135-thread-1] INFO  segmented.SegmentedRaftLogWorker (SegmentedRaftLogWorker.java:<init>(172)) - new 7e5aa902-2e53-4970-88d9-946662ba2918-SegmentedRaftLogWorker:Storage Directory /workdir/hadoop-ozone/integration-test/target/test-dir/MiniOzoneClusterImpl-b0e68d79-38a8-42f3-82e9-8c7446ce8347/datanode-2/data/ratis/0c9c5023-0155-4edc-b2c2-77053e6f4ba6 for RaftStorage:Storage Directory /workdir/hadoop-ozone/integration-test/target/test-dir/MiniOzoneClusterImpl-b0e68d79-38a8-42f3-82e9-8c7446ce8347/datanode-2/data/ratis/0c9c5023-0155-4edc-b2c2-77053e6f4ba6
2019-08-23 08:34:50,295 [pool-113-thread-1] INFO  server.RaftServerConfigKeys (ConfUtils.java:logGet(43)) - raft.server.log.statemachine.data.sync = true (default)
2019-08-23 08:34:50,295 [pool-124-thread-1] INFO  server.RaftServerConfigKeys (ConfUtils.java:logGet(43)) - raft.server.log.queue.byte-limit = 2147483647 (custom)
2019-08-23 08:34:50,295 [pool-113-thread-1] INFO  server.RaftServerConfigKeys (ConfUtils.java:logGet(43)) - raft.server.log.statemachine.data.sync.timeout = 10s (default)
2019-08-23 08:34:50,295 [pool-135-thread-1] INFO  server.RaftServerConfigKeys (ConfUtils.java:logGet(43)) - raft.server.log.queue.byte-limit = 2147483647 (custom)
2019-08-23 08:34:50,296 [pool-113-thread-1] INFO  server.RaftServerConfigKeys (ConfUtils.java:logGet(43)) - raft.server.log.statemachine.data.sync.timeout.retry = -1 (default)
2019-08-23 08:34:50,295 [pool-124-thread-1] INFO  server.RaftServerConfigKeys (ConfUtils.java:logGet(43)) - raft.server.log.queue.element-limit = 1024 (custom)
2019-08-23 08:34:50,296 [pool-113-thread-1] INFO  server.RaftServerConfigKeys (ConfUtils.java:logGet(43)) - raft.server.log.statemachine.data.caching.enabled = true (custom)
2019-08-23 08:34:50,296 [pool-135-thread-1] INFO  server.RaftServerConfigKeys (ConfUtils.java:logGet(43)) - raft.server.log.queue.element-limit = 1024 (custom)
2019-08-23 08:34:50,296 [pool-124-thread-1] INFO  server.RaftServerConfigKeys (ConfUtils.java:logGet(43)) - raft.server.log.segment.size.max = 1048576 (custom)
2019-08-23 08:34:50,297 [pool-135-thread-1] INFO  server.RaftServerConfigKeys (ConfUtils.java:logGet(43)) - raft.server.log.segment.size.max = 1048576 (custom)
2019-08-23 08:34:50,297 [pool-113-thread-1] INFO  segmented.SegmentedRaftLogWorker (SegmentedRaftLogWorker.java:lambda$new$0(132)) - 4a27d5c5-e706-4f49-9c3b-ede305044aa5-SegmentedRaftLogWorker:Storage Directory /workdir/hadoop-ozone/integration-test/target/test-dir/MiniOzoneClusterImpl-b0e68d79-38a8-42f3-82e9-8c7446ce8347/datanode-0/data/ratis/0c9c5023-0155-4edc-b2c2-77053e6f4ba6: flushIndex: setUnconditionally 0 -> -1
2019-08-23 08:34:50,297 [pool-135-thread-1] INFO  server.RaftServerConfigKeys (ConfUtils.java:logGet(43)) - raft.server.log.preallocated.size = 16384 (custom)
2019-08-23 08:34:50,297 [pool-124-thread-1] INFO  server.RaftServerConfigKeys (ConfUtils.java:logGet(43)) - raft.server.log.preallocated.size = 16384 (custom)
2019-08-23 08:34:50,297 [pool-135-thread-1] INFO  server.RaftServerConfigKeys (ConfUtils.java:logGet(43)) - raft.server.log.write.buffer.size = 33554432 (custom)
2019-08-23 08:34:50,297 [pool-113-thread-1] INFO  server.RaftServerConfigKeys (ConfUtils.java:logGet(43)) - raft.server.snapshot.auto.trigger.enabled = true (custom)
2019-08-23 08:34:50,298 [pool-135-thread-1] INFO  server.RaftServerConfigKeys (ConfUtils.java:logGet(43)) - raft.server.log.force.sync.num = 128 (default)
2019-08-23 08:34:50,298 [pool-124-thread-1] INFO  server.RaftServerConfigKeys (ConfUtils.java:logGet(43)) - raft.server.log.write.buffer.size = 33554432 (custom)
2019-08-23 08:34:50,298 [pool-135-thread-1] INFO  server.RaftServerConfigKeys (ConfUtils.java:logGet(43)) - raft.server.log.statemachine.data.sync = true (default)
2019-08-23 08:34:50,298 [pool-113-thread-1] INFO  server.RaftServerConfigKeys (ConfUtils.java:logGet(43)) - raft.server.snapshot.auto.trigger.threshold = 10000 (custom)
2019-08-23 08:34:50,299 [pool-135-thread-1] INFO  server.RaftServerConfigKeys (ConfUtils.java:logGet(43)) - raft.server.log.statemachine.data.sync.timeout = 10s (default)
2019-08-23 08:34:50,298 [pool-124-thread-1] INFO  server.RaftServerConfigKeys (ConfUtils.java:logGet(43)) - raft.server.log.force.sync.num = 128 (default)
2019-08-23 08:34:50,299 [pool-135-thread-1] INFO  server.RaftServerConfigKeys (ConfUtils.java:logGet(43)) - raft.server.log.statemachine.data.sync.timeout.retry = -1 (default)
2019-08-23 08:34:50,299 [pool-113-thread-1] INFO  server.RaftServerConfigKeys (ConfUtils.java:logGet(43)) - raft.server.retrycache.expirytime = 600000ms (custom)
2019-08-23 08:34:50,299 [pool-135-thread-1] INFO  server.RaftServerConfigKeys (ConfUtils.java:logGet(43)) - raft.server.log.statemachine.data.caching.enabled = true (custom)
2019-08-23 08:34:50,299 [pool-124-thread-1] INFO  server.RaftServerConfigKeys (ConfUtils.java:logGet(43)) - raft.server.log.statemachine.data.sync = true (default)
2019-08-23 08:34:50,300 [pool-113-thread-1] INFO  impl.RaftServerImpl (RaftServerImpl.java:start(180)) - 4a27d5c5-e706-4f49-9c3b-ede305044aa5: start group-77053E6F4BA6
2019-08-23 08:34:50,300 [pool-135-thread-1] INFO  segmented.SegmentedRaftLogWorker (SegmentedRaftLogWorker.java:lambda$new$0(132)) - 7e5aa902-2e53-4970-88d9-946662ba2918-SegmentedRaftLogWorker:Storage Directory /workdir/hadoop-ozone/integration-test/target/test-dir/MiniOzoneClusterImpl-b0e68d79-38a8-42f3-82e9-8c7446ce8347/datanode-2/data/ratis/0c9c5023-0155-4edc-b2c2-77053e6f4ba6: flushIndex: setUnconditionally 0 -> -1
2019-08-23 08:34:50,300 [pool-124-thread-1] INFO  server.RaftServerConfigKeys (ConfUtils.java:logGet(43)) - raft.server.log.statemachine.data.sync.timeout = 10s (default)
2019-08-23 08:34:50,300 [pool-113-thread-1] INFO  impl.RaftServerImpl (RaftServerImpl.java:setRole(171)) - 4a27d5c5-e706-4f49-9c3b-ede305044aa5:group-77053E6F4BA6 changes role from null to FOLLOWER at term 0 for startAsFollower
2019-08-23 08:34:50,300 [pool-135-thread-1] INFO  server.RaftServerConfigKeys (ConfUtils.java:logGet(43)) - raft.server.snapshot.auto.trigger.enabled = true (custom)
2019-08-23 08:34:50,300 [pool-124-thread-1] INFO  server.RaftServerConfigKeys (ConfUtils.java:logGet(43)) - raft.server.log.statemachine.data.sync.timeout.retry = -1 (default)
2019-08-23 08:34:50,301 [pool-135-thread-1] INFO  server.RaftServerConfigKeys (ConfUtils.java:logGet(43)) - raft.server.snapshot.auto.trigger.threshold = 10000 (custom)
2019-08-23 08:34:50,301 [pool-113-thread-1] INFO  impl.RoleInfo (RoleInfo.java:updateAndGet(143)) - 4a27d5c5-e706-4f49-9c3b-ede305044aa5: start FollowerState
2019-08-23 08:34:50,301 [pool-135-thread-1] INFO  server.RaftServerConfigKeys (ConfUtils.java:logGet(43)) - raft.server.retrycache.expirytime = 600000ms (custom)
2019-08-23 08:34:50,301 [pool-124-thread-1] INFO  server.RaftServerConfigKeys (ConfUtils.java:logGet(43)) - raft.server.log.statemachine.data.caching.enabled = true (custom)
2019-08-23 08:34:50,302 [pool-135-thread-1] INFO  impl.RaftServerImpl (RaftServerImpl.java:start(180)) - 7e5aa902-2e53-4970-88d9-946662ba2918: start group-77053E6F4BA6
2019-08-23 08:34:50,302 [pool-113-thread-1] INFO  util.JmxRegister (JmxRegister.java:tryRegister(44)) - Successfully registered JMX Bean with object name Ratis:service=RaftServer,group=group-77053E6F4BA6,id=4a27d5c5-e706-4f49-9c3b-ede305044aa5
2019-08-23 08:34:50,302 [pool-135-thread-1] INFO  impl.RaftServerImpl (RaftServerImpl.java:setRole(171)) - 7e5aa902-2e53-4970-88d9-946662ba2918:group-77053E6F4BA6 changes role from null to FOLLOWER at term 0 for startAsFollower
2019-08-23 08:34:50,302 [pool-124-thread-1] INFO  segmented.SegmentedRaftLogWorker (SegmentedRaftLogWorker.java:lambda$new$0(132)) - 898070de-5342-4931-8fd1-72ad9058b7b1-SegmentedRaftLogWorker:Storage Directory /workdir/hadoop-ozone/integration-test/target/test-dir/MiniOzoneClusterImpl-b0e68d79-38a8-42f3-82e9-8c7446ce8347/datanode-1/data/ratis/0c9c5023-0155-4edc-b2c2-77053e6f4ba6: flushIndex: setUnconditionally 0 -> -1
2019-08-23 08:34:50,302 [pool-135-thread-1] INFO  impl.RoleInfo (RoleInfo.java:updateAndGet(143)) - 7e5aa902-2e53-4970-88d9-946662ba2918: start FollowerState
2019-08-23 08:34:50,303 [pool-124-thread-1] INFO  server.RaftServerConfigKeys (ConfUtils.java:logGet(43)) - raft.server.snapshot.auto.trigger.enabled = true (custom)
2019-08-23 08:34:50,303 [pool-124-thread-1] INFO  server.RaftServerConfigKeys (ConfUtils.java:logGet(43)) - raft.server.snapshot.auto.trigger.threshold = 10000 (custom)
2019-08-23 08:34:50,303 [pool-135-thread-1] INFO  util.JmxRegister (JmxRegister.java:tryRegister(44)) - Successfully registered JMX Bean with object name Ratis:service=RaftServer,group=group-77053E6F4BA6,id=7e5aa902-2e53-4970-88d9-946662ba2918
2019-08-23 08:34:50,303 [pool-124-thread-1] INFO  server.RaftServerConfigKeys (ConfUtils.java:logGet(43)) - raft.server.retrycache.expirytime = 600000ms (custom)
2019-08-23 08:34:50,304 [pool-124-thread-1] INFO  impl.RaftServerImpl (RaftServerImpl.java:start(180)) - 898070de-5342-4931-8fd1-72ad9058b7b1: start group-77053E6F4BA6
2019-08-23 08:34:50,304 [pool-124-thread-1] INFO  impl.RaftServerImpl (RaftServerImpl.java:setRole(171)) - 898070de-5342-4931-8fd1-72ad9058b7b1:group-77053E6F4BA6 changes role from null to FOLLOWER at term 0 for startAsFollower
2019-08-23 08:34:50,304 [pool-124-thread-1] INFO  impl.RoleInfo (RoleInfo.java:updateAndGet(143)) - 898070de-5342-4931-8fd1-72ad9058b7b1: start FollowerState
2019-08-23 08:34:50,307 [pool-124-thread-1] INFO  util.JmxRegister (JmxRegister.java:tryRegister(44)) - Successfully registered JMX Bean with object name Ratis:service=RaftServer,group=group-77053E6F4BA6,id=898070de-5342-4931-8fd1-72ad9058b7b1
2019-08-23 08:34:50,314 [RatisPipelineUtilsThread] INFO  pipeline.PipelineStateManager (PipelineStateManager.java:addPipeline(56)) - Created pipeline Pipeline[ Id: 0c9c5023-0155-4edc-b2c2-77053e6f4ba6, Nodes: 4a27d5c5-e706-4f49-9c3b-ede305044aa5{ip: 192.168.36.124, host: pr-hdds-2022-djmxw-136905289, networkLocation: /default-rack, certSerialId: null}7e5aa902-2e53-4970-88d9-946662ba2918{ip: 192.168.36.124, host: pr-hdds-2022-djmxw-136905289, networkLocation: /default-rack, certSerialId: null}898070de-5342-4931-8fd1-72ad9058b7b1{ip: 192.168.36.124, host: pr-hdds-2022-djmxw-136905289, networkLocation: /default-rack, certSerialId: null}, Type:RATIS, Factor:THREE, State:OPEN]
2019-08-23 08:34:51,122 [Thread-322] INFO  ozone.MiniOzoneClusterImpl (MiniOzoneClusterImpl.java:lambda$waitForClusterToBeReady$0(142)) - Cluster is ready. Got 3 of 3 DN Heartbeats.
2019-08-23 08:34:51,122 [Thread-322] INFO  datanode.ObjectStoreHandler (ObjectStoreHandler.java:close(155)) - Closing ObjectStoreHandler.
2019-08-23 08:34:51,123 [Thread-322] INFO  ozone.HddsDatanodeService (HddsDatanodeService.java:stop(451)) - Stopped plug-in org.apache.hadoop.ozone.web.OzoneHddsDatanodeService@30da8895
2019-08-23 08:34:51,613 [Datanode State Machine Thread - 0] INFO  statemachine.DatanodeStateMachine (DatanodeStateMachine.java:lambda$startDaemon$0(350)) - Ozone container server started.
2019-08-23 08:34:51,876 | INFO  | SCMAudit | user=jenkins1000 | ip=192.168.36.124 | op=SEND_HEARTBEAT {datanodeUUID=898070de-5342-4931-8fd1-72ad9058b7b1, command=[]} | ret=SUCCESS |  
2019-08-23 08:34:52,125 | INFO  | SCMAudit | user=jenkins1000 | ip=192.168.36.124 | op=SEND_HEARTBEAT {datanodeUUID=7e5aa902-2e53-4970-88d9-946662ba2918, command=[]} | ret=SUCCESS |  
2019-08-23 08:34:52,624 [Thread-494] INFO  container.ReplicationManager (ReplicationManager.java:start(152)) - Starting Replication Monitor Thread.
2019-08-23 08:34:52,627 [ReplicationMonitor] INFO  container.ReplicationManager (ReplicationManager.java:run(215)) - Replication Monitor Thread took 0 milliseconds for processing 0 containers.
2019-08-23 08:34:52,873 | INFO  | SCMAudit | user=jenkins1000 | ip=192.168.36.124 | op=SEND_HEARTBEAT {datanodeUUID=898070de-5342-4931-8fd1-72ad9058b7b1, command=[]} | ret=SUCCESS |  
2019-08-23 08:34:53,126 | INFO  | SCMAudit | user=jenkins1000 | ip=192.168.36.124 | op=SEND_HEARTBEAT {datanodeUUID=7e5aa902-2e53-4970-88d9-946662ba2918, command=[]} | ret=SUCCESS |  
2019-08-23 08:34:53,874 | INFO  | SCMAudit | user=jenkins1000 | ip=192.168.36.124 | op=SEND_HEARTBEAT {datanodeUUID=898070de-5342-4931-8fd1-72ad9058b7b1, command=[]} | ret=SUCCESS |  
2019-08-23 08:34:54,126 | INFO  | SCMAudit | user=jenkins1000 | ip=192.168.36.124 | op=SEND_HEARTBEAT {datanodeUUID=7e5aa902-2e53-4970-88d9-946662ba2918, command=[]} | ret=SUCCESS |  
2019-08-23 08:34:54,874 | INFO  | SCMAudit | user=jenkins1000 | ip=192.168.36.124 | op=SEND_HEARTBEAT {datanodeUUID=898070de-5342-4931-8fd1-72ad9058b7b1, command=[]} | ret=SUCCESS |  
2019-08-23 08:34:54,889 [Thread-496] INFO  impl.FollowerState (FollowerState.java:run(106)) - 4a27d5c5-e706-4f49-9c3b-ede305044aa5:group-643F8C4DDBBD changes to CANDIDATE, lastRpcTime:5179, electionTimeout:5179ms
2019-08-23 08:34:54,890 [Thread-496] INFO  impl.RoleInfo (RoleInfo.java:shutdownFollowerState(121)) - 4a27d5c5-e706-4f49-9c3b-ede305044aa5: shutdown FollowerState
2019-08-23 08:34:54,890 [Thread-496] INFO  impl.RaftServerImpl (RaftServerImpl.java:setRole(171)) - 4a27d5c5-e706-4f49-9c3b-ede305044aa5:group-643F8C4DDBBD changes role from FOLLOWER to CANDIDATE at term 0 for changeToCandidate
2019-08-23 08:34:54,890 [Thread-496] INFO  impl.RoleInfo (RoleInfo.java:updateAndGet(143)) - 4a27d5c5-e706-4f49-9c3b-ede305044aa5: start LeaderElection
2019-08-23 08:34:54,911 [4a27d5c5-e706-4f49-9c3b-ede305044aa5:group-643F8C4DDBBD:LeaderElection14] INFO  impl.LeaderElection (LeaderElection.java:askForVotes(181)) - 4a27d5c5-e706-4f49-9c3b-ede305044aa5:group-643F8C4DDBBD:LeaderElection14: begin an election at term 1 for -1: [4a27d5c5-e706-4f49-9c3b-ede305044aa5:192.168.36.124:45959], old=null
2019-08-23 08:34:54,911 [4a27d5c5-e706-4f49-9c3b-ede305044aa5:group-643F8C4DDBBD:LeaderElection14] INFO  impl.RoleInfo (RoleInfo.java:shutdownLeaderElection(134)) - 4a27d5c5-e706-4f49-9c3b-ede305044aa5: shutdown LeaderElection
2019-08-23 08:34:54,912 [4a27d5c5-e706-4f49-9c3b-ede305044aa5:group-643F8C4DDBBD:LeaderElection14] INFO  impl.RaftServerImpl (RaftServerImpl.java:setRole(171)) - 4a27d5c5-e706-4f49-9c3b-ede305044aa5:group-643F8C4DDBBD changes role from CANDIDATE to LEADER at term 1 for changeToLeader
2019-08-23 08:34:54,912 [4a27d5c5-e706-4f49-9c3b-ede305044aa5:group-643F8C4DDBBD:LeaderElection14] INFO  impl.RaftServerImpl (ServerState.java:setLeader(263)) - 4a27d5c5-e706-4f49-9c3b-ede305044aa5:group-643F8C4DDBBD change Leader from null to 4a27d5c5-e706-4f49-9c3b-ede305044aa5 at term 1 for becomeLeader, leader elected after 5207ms
2019-08-23 08:34:54,912 [4a27d5c5-e706-4f49-9c3b-ede305044aa5:group-643F8C4DDBBD:LeaderElection14] INFO  server.RaftServerConfigKeys (ConfUtils.java:logGet(43)) - raft.server.staging.catchup.gap = 1000 (default)
2019-08-23 08:34:54,912 [4a27d5c5-e706-4f49-9c3b-ede305044aa5:group-643F8C4DDBBD:LeaderElection14] INFO  server.RaftServerConfigKeys (ConfUtils.java:logGet(43)) - raft.server.rpc.sleep.time = 25ms (default)
2019-08-23 08:34:54,912 [4a27d5c5-e706-4f49-9c3b-ede305044aa5:group-643F8C4DDBBD:LeaderElection14] INFO  server.RaftServerConfigKeys (ConfUtils.java:logGet(43)) - raft.server.write.element-limit = 4096 (default)
2019-08-23 08:34:54,913 [4a27d5c5-e706-4f49-9c3b-ede305044aa5:group-643F8C4DDBBD:LeaderElection14] INFO  server.RaftServerConfigKeys (ConfUtils.java:logGet(43)) - raft.server.watch.timeout = 10s (default)
2019-08-23 08:34:54,913 [4a27d5c5-e706-4f49-9c3b-ede305044aa5:group-643F8C4DDBBD:LeaderElection14] INFO  server.RaftServerConfigKeys (ConfUtils.java:logGet(43)) - raft.server.watch.timeout.denomination = 1s (default)
2019-08-23 08:34:54,913 [4a27d5c5-e706-4f49-9c3b-ede305044aa5:group-643F8C4DDBBD:LeaderElection14] INFO  server.RaftServerConfigKeys (ConfUtils.java:logGet(43)) - raft.server.watch.element-limit = 65536 (default)
2019-08-23 08:34:54,913 [4a27d5c5-e706-4f49-9c3b-ede305044aa5:group-643F8C4DDBBD:LeaderElection14] INFO  impl.RoleInfo (RoleInfo.java:updateAndGet(143)) - 4a27d5c5-e706-4f49-9c3b-ede305044aa5: start LeaderState
2019-08-23 08:34:54,914 [4a27d5c5-e706-4f49-9c3b-ede305044aa5:group-643F8C4DDBBD:LeaderElection14] INFO  segmented.SegmentedRaftLogWorker (SegmentedRaftLogWorker.java:startLogSegment(380)) - 4a27d5c5-e706-4f49-9c3b-ede305044aa5-SegmentedRaftLogWorker:Storage Directory /workdir/hadoop-ozone/integration-test/target/test-dir/MiniOzoneClusterImpl-b0e68d79-38a8-42f3-82e9-8c7446ce8347/datanode-0/data/ratis/a8033735-a061-4110-b1ea-643f8c4ddbbd: Starting segment from index:0
2019-08-23 08:34:54,915 [4a27d5c5-e706-4f49-9c3b-ede305044aa5:group-643F8C4DDBBD:LeaderElection14] INFO  impl.RaftServerImpl (ServerState.java:setRaftConf(361)) - 4a27d5c5-e706-4f49-9c3b-ede305044aa5:group-643F8C4DDBBD set configuration 0: [4a27d5c5-e706-4f49-9c3b-ede305044aa5:192.168.36.124:45959], old=null at 0
2019-08-23 08:34:54,968 [4a27d5c5-e706-4f49-9c3b-ede305044aa5-SegmentedRaftLogWorker:Storage Directory /workdir/hadoop-ozone/integration-test/target/test-dir/MiniOzoneClusterImpl-b0e68d79-38a8-42f3-82e9-8c7446ce8347/datanode-0/data/ratis/a8033735-a061-4110-b1ea-643f8c4ddbbd] INFO  segmented.SegmentedRaftLogWorker (SegmentedRaftLogWorker.java:execute(569)) - 4a27d5c5-e706-4f49-9c3b-ede305044aa5-SegmentedRaftLogWorker:Storage Directory /workdir/hadoop-ozone/integration-test/target/test-dir/MiniOzoneClusterImpl-b0e68d79-38a8-42f3-82e9-8c7446ce8347/datanode-0/data/ratis/a8033735-a061-4110-b1ea-643f8c4ddbbd: created new log segment /workdir/hadoop-ozone/integration-test/target/test-dir/MiniOzoneClusterImpl-b0e68d79-38a8-42f3-82e9-8c7446ce8347/datanode-0/data/ratis/a8033735-a061-4110-b1ea-643f8c4ddbbd/current/log_inprogress_0
2019-08-23 08:34:55,110 [Thread-499] INFO  impl.FollowerState (FollowerState.java:run(106)) - 898070de-5342-4931-8fd1-72ad9058b7b1:group-ED3C4AACA453 changes to CANDIDATE, lastRpcTime:5149, electionTimeout:5149ms
2019-08-23 08:34:55,110 [Thread-499] INFO  impl.RoleInfo (RoleInfo.java:shutdownFollowerState(121)) - 898070de-5342-4931-8fd1-72ad9058b7b1: shutdown FollowerState
2019-08-23 08:34:55,110 [Thread-499] INFO  impl.RaftServerImpl (RaftServerImpl.java:setRole(171)) - 898070de-5342-4931-8fd1-72ad9058b7b1:group-ED3C4AACA453 changes role from FOLLOWER to CANDIDATE at term 0 for changeToCandidate
2019-08-23 08:34:55,110 [Thread-499] INFO  impl.RoleInfo (RoleInfo.java:updateAndGet(143)) - 898070de-5342-4931-8fd1-72ad9058b7b1: start LeaderElection
2019-08-23 08:34:55,127 | INFO  | SCMAudit | user=jenkins1000 | ip=192.168.36.124 | op=SEND_HEARTBEAT {datanodeUUID=7e5aa902-2e53-4970-88d9-946662ba2918, command=[]} | ret=SUCCESS |  
2019-08-23 08:34:55,138 [898070de-5342-4931-8fd1-72ad9058b7b1:group-ED3C4AACA453:LeaderElection15] INFO  impl.LeaderElection (LeaderElection.java:askForVotes(181)) - 898070de-5342-4931-8fd1-72ad9058b7b1:group-ED3C4AACA453:LeaderElection15: begin an election at term 1 for -1: [898070de-5342-4931-8fd1-72ad9058b7b1:192.168.36.124:42057], old=null
2019-08-23 08:34:55,139 [898070de-5342-4931-8fd1-72ad9058b7b1:group-ED3C4AACA453:LeaderElection15] INFO  impl.RoleInfo (RoleInfo.java:shutdownLeaderElection(134)) - 898070de-5342-4931-8fd1-72ad9058b7b1: shutdown LeaderElection
2019-08-23 08:34:55,139 [898070de-5342-4931-8fd1-72ad9058b7b1:group-ED3C4AACA453:LeaderElection15] INFO  impl.RaftServerImpl (RaftServerImpl.java:setRole(171)) - 898070de-5342-4931-8fd1-72ad9058b7b1:group-ED3C4AACA453 changes role from CANDIDATE to LEADER at term 1 for changeToLeader
2019-08-23 08:34:55,139 [898070de-5342-4931-8fd1-72ad9058b7b1:group-ED3C4AACA453:LeaderElection15] INFO  impl.RaftServerImpl (ServerState.java:setLeader(263)) - 898070de-5342-4931-8fd1-72ad9058b7b1:group-ED3C4AACA453 change Leader from null to 898070de-5342-4931-8fd1-72ad9058b7b1 at term 1 for becomeLeader, leader elected after 5184ms
2019-08-23 08:34:55,139 [898070de-5342-4931-8fd1-72ad9058b7b1:group-ED3C4AACA453:LeaderElection15] INFO  server.RaftServerConfigKeys (ConfUtils.java:logGet(43)) - raft.server.staging.catchup.gap = 1000 (default)
2019-08-23 08:34:55,139 [898070de-5342-4931-8fd1-72ad9058b7b1:group-ED3C4AACA453:LeaderElection15] INFO  server.RaftServerConfigKeys (ConfUtils.java:logGet(43)) - raft.server.rpc.sleep.time = 25ms (default)
2019-08-23 08:34:55,140 [898070de-5342-4931-8fd1-72ad9058b7b1:group-ED3C4AACA453:LeaderElection15] INFO  server.RaftServerConfigKeys (ConfUtils.java:logGet(43)) - raft.server.write.element-limit = 4096 (default)
2019-08-23 08:34:55,140 [898070de-5342-4931-8fd1-72ad9058b7b1:group-ED3C4AACA453:LeaderElection15] INFO  server.RaftServerConfigKeys (ConfUtils.java:logGet(43)) - raft.server.watch.timeout = 10s (default)
2019-08-23 08:34:55,140 [898070de-5342-4931-8fd1-72ad9058b7b1:group-ED3C4AACA453:LeaderElection15] INFO  server.RaftServerConfigKeys (ConfUtils.java:logGet(43)) - raft.server.watch.timeout.denomination = 1s (default)
2019-08-23 08:34:55,140 [898070de-5342-4931-8fd1-72ad9058b7b1:group-ED3C4AACA453:LeaderElection15] INFO  server.RaftServerConfigKeys (ConfUtils.java:logGet(43)) - raft.server.watch.element-limit = 65536 (default)
2019-08-23 08:34:55,140 [898070de-5342-4931-8fd1-72ad9058b7b1:group-ED3C4AACA453:LeaderElection15] INFO  impl.RoleInfo (RoleInfo.java:updateAndGet(143)) - 898070de-5342-4931-8fd1-72ad9058b7b1: start LeaderState
2019-08-23 08:34:55,141 [898070de-5342-4931-8fd1-72ad9058b7b1:group-ED3C4AACA453:LeaderElection15] INFO  segmented.SegmentedRaftLogWorker (SegmentedRaftLogWorker.java:startLogSegment(380)) - 898070de-5342-4931-8fd1-72ad9058b7b1-SegmentedRaftLogWorker:Storage Directory /workdir/hadoop-ozone/integration-test/target/test-dir/MiniOzoneClusterImpl-b0e68d79-38a8-42f3-82e9-8c7446ce8347/datanode-1/data/ratis/bb2f293c-cd80-47bb-a715-ed3c4aaca453: Starting segment from index:0
2019-08-23 08:34:55,141 [898070de-5342-4931-8fd1-72ad9058b7b1:group-ED3C4AACA453:LeaderElection15] INFO  impl.RaftServerImpl (ServerState.java:setRaftConf(361)) - 898070de-5342-4931-8fd1-72ad9058b7b1:group-ED3C4AACA453 set configuration 0: [898070de-5342-4931-8fd1-72ad9058b7b1:192.168.36.124:42057], old=null at 0
2019-08-23 08:34:55,191 [898070de-5342-4931-8fd1-72ad9058b7b1-SegmentedRaftLogWorker:Storage Directory /workdir/hadoop-ozone/integration-test/target/test-dir/MiniOzoneClusterImpl-b0e68d79-38a8-42f3-82e9-8c7446ce8347/datanode-1/data/ratis/bb2f293c-cd80-47bb-a715-ed3c4aaca453] INFO  segmented.SegmentedRaftLogWorker (SegmentedRaftLogWorker.java:execute(569)) - 898070de-5342-4931-8fd1-72ad9058b7b1-SegmentedRaftLogWorker:Storage Directory /workdir/hadoop-ozone/integration-test/target/test-dir/MiniOzoneClusterImpl-b0e68d79-38a8-42f3-82e9-8c7446ce8347/datanode-1/data/ratis/bb2f293c-cd80-47bb-a715-ed3c4aaca453: created new log segment /workdir/hadoop-ozone/integration-test/target/test-dir/MiniOzoneClusterImpl-b0e68d79-38a8-42f3-82e9-8c7446ce8347/datanode-1/data/ratis/bb2f293c-cd80-47bb-a715-ed3c4aaca453/current/log_inprogress_0
2019-08-23 08:34:55,219 [Thread-502] INFO  impl.FollowerState (FollowerState.java:run(106)) - 7e5aa902-2e53-4970-88d9-946662ba2918:group-2630C53BC54E changes to CANDIDATE, lastRpcTime:5016, electionTimeout:5016ms
2019-08-23 08:34:55,219 [Thread-502] INFO  impl.RoleInfo (RoleInfo.java:shutdownFollowerState(121)) - 7e5aa902-2e53-4970-88d9-946662ba2918: shutdown FollowerState
2019-08-23 08:34:55,219 [Thread-502] INFO  impl.RaftServerImpl (RaftServerImpl.java:setRole(171)) - 7e5aa902-2e53-4970-88d9-946662ba2918:group-2630C53BC54E changes role from FOLLOWER to CANDIDATE at term 0 for changeToCandidate
2019-08-23 08:34:55,219 [Thread-502] INFO  impl.RoleInfo (RoleInfo.java:updateAndGet(143)) - 7e5aa902-2e53-4970-88d9-946662ba2918: start LeaderElection
2019-08-23 08:34:55,247 [7e5aa902-2e53-4970-88d9-946662ba2918:group-2630C53BC54E:LeaderElection16] INFO  impl.LeaderElection (LeaderElection.java:askForVotes(181)) - 7e5aa902-2e53-4970-88d9-946662ba2918:group-2630C53BC54E:LeaderElection16: begin an election at term 1 for -1: [7e5aa902-2e53-4970-88d9-946662ba2918:192.168.36.124:40946], old=null
2019-08-23 08:34:55,248 [7e5aa902-2e53-4970-88d9-946662ba2918:group-2630C53BC54E:LeaderElection16] INFO  impl.RoleInfo (RoleInfo.java:shutdownLeaderElection(134)) - 7e5aa902-2e53-4970-88d9-946662ba2918: shutdown LeaderElection
2019-08-23 08:34:55,248 [7e5aa902-2e53-4970-88d9-946662ba2918:group-2630C53BC54E:LeaderElection16] INFO  impl.RaftServerImpl (RaftServerImpl.java:setRole(171)) - 7e5aa902-2e53-4970-88d9-946662ba2918:group-2630C53BC54E changes role from CANDIDATE to LEADER at term 1 for changeToLeader
2019-08-23 08:34:55,248 [7e5aa902-2e53-4970-88d9-946662ba2918:group-2630C53BC54E:LeaderElection16] INFO  impl.RaftServerImpl (ServerState.java:setLeader(263)) - 7e5aa902-2e53-4970-88d9-946662ba2918:group-2630C53BC54E change Leader from null to 7e5aa902-2e53-4970-88d9-946662ba2918 at term 1 for becomeLeader, leader elected after 5051ms
2019-08-23 08:34:55,248 [7e5aa902-2e53-4970-88d9-946662ba2918:group-2630C53BC54E:LeaderElection16] INFO  server.RaftServerConfigKeys (ConfUtils.java:logGet(43)) - raft.server.staging.catchup.gap = 1000 (default)
2019-08-23 08:34:55,248 [7e5aa902-2e53-4970-88d9-946662ba2918:group-2630C53BC54E:LeaderElection16] INFO  server.RaftServerConfigKeys (ConfUtils.java:logGet(43)) - raft.server.rpc.sleep.time = 25ms (default)
2019-08-23 08:34:55,248 [7e5aa902-2e53-4970-88d9-946662ba2918:group-2630C53BC54E:LeaderElection16] INFO  server.RaftServerConfigKeys (ConfUtils.java:logGet(43)) - raft.server.write.element-limit = 4096 (default)
2019-08-23 08:34:55,249 [7e5aa902-2e53-4970-88d9-946662ba2918:group-2630C53BC54E:LeaderElection16] INFO  server.RaftServerConfigKeys (ConfUtils.java:logGet(43)) - raft.server.watch.timeout = 10s (default)
2019-08-23 08:34:55,249 [7e5aa902-2e53-4970-88d9-946662ba2918:group-2630C53BC54E:LeaderElection16] INFO  server.RaftServerConfigKeys (ConfUtils.java:logGet(43)) - raft.server.watch.timeout.denomination = 1s (default)
2019-08-23 08:34:55,249 [7e5aa902-2e53-4970-88d9-946662ba2918:group-2630C53BC54E:LeaderElection16] INFO  server.RaftServerConfigKeys (ConfUtils.java:logGet(43)) - raft.server.watch.element-limit = 65536 (default)
2019-08-23 08:34:55,249 [7e5aa902-2e53-4970-88d9-946662ba2918:group-2630C53BC54E:LeaderElection16] INFO  impl.RoleInfo (RoleInfo.java:updateAndGet(143)) - 7e5aa902-2e53-4970-88d9-946662ba2918: start LeaderState
2019-08-23 08:34:55,249 [7e5aa902-2e53-4970-88d9-946662ba2918:group-2630C53BC54E:LeaderElection16] INFO  segmented.SegmentedRaftLogWorker (SegmentedRaftLogWorker.java:startLogSegment(380)) - 7e5aa902-2e53-4970-88d9-946662ba2918-SegmentedRaftLogWorker:Storage Directory /workdir/hadoop-ozone/integration-test/target/test-dir/MiniOzoneClusterImpl-b0e68d79-38a8-42f3-82e9-8c7446ce8347/datanode-2/data/ratis/4539ed5e-35ce-4ada-b1be-2630c53bc54e: Starting segment from index:0
2019-08-23 08:34:55,250 [7e5aa902-2e53-4970-88d9-946662ba2918:group-2630C53BC54E:LeaderElection16] INFO  impl.RaftServerImpl (ServerState.java:setRaftConf(361)) - 7e5aa902-2e53-4970-88d9-946662ba2918:group-2630C53BC54E set configuration 0: [7e5aa902-2e53-4970-88d9-946662ba2918:192.168.36.124:40946], old=null at 0
2019-08-23 08:34:55,347 [Thread-505] INFO  impl.FollowerState (FollowerState.java:run(106)) - 4a27d5c5-e706-4f49-9c3b-ede305044aa5:group-77053E6F4BA6 changes to CANDIDATE, lastRpcTime:5046, electionTimeout:5045ms
2019-08-23 08:34:55,347 [Thread-505] INFO  impl.RoleInfo (RoleInfo.java:shutdownFollowerState(121)) - 4a27d5c5-e706-4f49-9c3b-ede305044aa5: shutdown FollowerState
2019-08-23 08:34:55,347 [Thread-505] INFO  impl.RaftServerImpl (RaftServerImpl.java:setRole(171)) - 4a27d5c5-e706-4f49-9c3b-ede305044aa5:group-77053E6F4BA6 changes role from FOLLOWER to CANDIDATE at term 0 for changeToCandidate
2019-08-23 08:34:55,348 [Thread-505] INFO  impl.RoleInfo (RoleInfo.java:updateAndGet(143)) - 4a27d5c5-e706-4f49-9c3b-ede305044aa5: start LeaderElection
2019-08-23 08:34:55,353 [EventQueue-StaleNodeForStaleNodeHandler] INFO  node.StaleNodeHandler (StaleNodeHandler.java:onMessage(58)) - Datanode 4a27d5c5-e706-4f49-9c3b-ede305044aa5{ip: 192.168.36.124, host: pr-hdds-2022-djmxw-136905289, networkLocation: /default-rack, certSerialId: null} moved to stale state. Finalizing its pipelines [PipelineID=a8033735-a061-4110-b1ea-643f8c4ddbbd, PipelineID=0c9c5023-0155-4edc-b2c2-77053e6f4ba6]
2019-08-23 08:34:55,354 [EventQueue-StaleNodeForStaleNodeHandler] INFO  pipeline.SCMPipelineManager (SCMPipelineManager.java:finalizeAndDestroyPipeline(309)) - destroying pipeline:Pipeline[ Id: a8033735-a061-4110-b1ea-643f8c4ddbbd, Nodes: 4a27d5c5-e706-4f49-9c3b-ede305044aa5{ip: 192.168.36.124, host: pr-hdds-2022-djmxw-136905289, networkLocation: /default-rack, certSerialId: null}, Type:RATIS, Factor:ONE, State:OPEN]
2019-08-23 08:34:55,356 [EventQueue-StaleNodeForStaleNodeHandler] INFO  pipeline.PipelineStateManager (PipelineStateManager.java:finalizePipeline(123)) - Pipeline Pipeline[ Id: a8033735-a061-4110-b1ea-643f8c4ddbbd, Nodes: 4a27d5c5-e706-4f49-9c3b-ede305044aa5{ip: 192.168.36.124, host: pr-hdds-2022-djmxw-136905289, networkLocation: /default-rack, certSerialId: null}, Type:RATIS, Factor:ONE, State:CLOSED] moved to CLOSED state
2019-08-23 08:34:55,362 [EventQueue-StaleNodeForStaleNodeHandler] INFO  pipeline.SCMPipelineManager (SCMPipelineManager.java:finalizeAndDestroyPipeline(309)) - destroying pipeline:Pipeline[ Id: 0c9c5023-0155-4edc-b2c2-77053e6f4ba6, Nodes: 4a27d5c5-e706-4f49-9c3b-ede305044aa5{ip: 192.168.36.124, host: pr-hdds-2022-djmxw-136905289, networkLocation: /default-rack, certSerialId: null}7e5aa902-2e53-4970-88d9-946662ba2918{ip: 192.168.36.124, host: pr-hdds-2022-djmxw-136905289, networkLocation: /default-rack, certSerialId: null}898070de-5342-4931-8fd1-72ad9058b7b1{ip: 192.168.36.124, host: pr-hdds-2022-djmxw-136905289, networkLocation: /default-rack, certSerialId: null}, Type:RATIS, Factor:THREE, State:OPEN]
2019-08-23 08:34:55,362 [EventQueue-StaleNodeForStaleNodeHandler] INFO  pipeline.PipelineStateManager (PipelineStateManager.java:finalizePipeline(123)) - Pipeline Pipeline[ Id: 0c9c5023-0155-4edc-b2c2-77053e6f4ba6, Nodes: 4a27d5c5-e706-4f49-9c3b-ede305044aa5{ip: 192.168.36.124, host: pr-hdds-2022-djmxw-136905289, networkLocation: /default-rack, certSerialId: null}7e5aa902-2e53-4970-88d9-946662ba2918{ip: 192.168.36.124, host: pr-hdds-2022-djmxw-136905289, networkLocation: /default-rack, certSerialId: null}898070de-5342-4931-8fd1-72ad9058b7b1{ip: 192.168.36.124, host: pr-hdds-2022-djmxw-136905289, networkLocation: /default-rack, certSerialId: null}, Type:RATIS, Factor:THREE, State:CLOSED] moved to CLOSED state
2019-08-23 08:34:55,373 [7e5aa902-2e53-4970-88d9-946662ba2918-SegmentedRaftLogWorker:Storage Directory /workdir/hadoop-ozone/integration-test/target/test-dir/MiniOzoneClusterImpl-b0e68d79-38a8-42f3-82e9-8c7446ce8347/datanode-2/data/ratis/4539ed5e-35ce-4ada-b1be-2630c53bc54e] INFO  segmented.SegmentedRaftLogWorker (SegmentedRaftLogWorker.java:execute(569)) - 7e5aa902-2e53-4970-88d9-946662ba2918-SegmentedRaftLogWorker:Storage Directory /workdir/hadoop-ozone/integration-test/target/test-dir/MiniOzoneClusterImpl-b0e68d79-38a8-42f3-82e9-8c7446ce8347/datanode-2/data/ratis/4539ed5e-35ce-4ada-b1be-2630c53bc54e: created new log segment /workdir/hadoop-ozone/integration-test/target/test-dir/MiniOzoneClusterImpl-b0e68d79-38a8-42f3-82e9-8c7446ce8347/datanode-2/data/ratis/4539ed5e-35ce-4ada-b1be-2630c53bc54e/current/log_inprogress_0
2019-08-23 08:34:55,373 [4a27d5c5-e706-4f49-9c3b-ede305044aa5:group-77053E6F4BA6:LeaderElection17] INFO  impl.LeaderElection (LeaderElection.java:askForVotes(181)) - 4a27d5c5-e706-4f49-9c3b-ede305044aa5:group-77053E6F4BA6:LeaderElection17: begin an election at term 1 for -1: [7e5aa902-2e53-4970-88d9-946662ba2918:192.168.36.124:40946, 4a27d5c5-e706-4f49-9c3b-ede305044aa5:192.168.36.124:45959, 898070de-5342-4931-8fd1-72ad9058b7b1:192.168.36.124:42057], old=null
2019-08-23 08:34:55,390 [grpc-default-executor-0] INFO  impl.RaftServerImpl (RaftServerImpl.java:setRole(171)) - 898070de-5342-4931-8fd1-72ad9058b7b1:group-77053E6F4BA6 changes role from FOLLOWER to FOLLOWER at term 1 for recognizeCandidate:4a27d5c5-e706-4f49-9c3b-ede305044aa5
2019-08-23 08:34:55,390 [grpc-default-executor-0] INFO  impl.RoleInfo (RoleInfo.java:shutdownFollowerState(121)) - 898070de-5342-4931-8fd1-72ad9058b7b1: shutdown FollowerState
2019-08-23 08:34:55,390 [grpc-default-executor-2] INFO  impl.RaftServerImpl (RaftServerImpl.java:setRole(171)) - 7e5aa902-2e53-4970-88d9-946662ba2918:group-77053E6F4BA6 changes role from FOLLOWER to FOLLOWER at term 1 for recognizeCandidate:4a27d5c5-e706-4f49-9c3b-ede305044aa5
2019-08-23 08:34:55,390 [Thread-511] INFO  impl.FollowerState (FollowerState.java:run(114)) - 898070de-5342-4931-8fd1-72ad9058b7b1: FollowerState was interrupted: java.lang.InterruptedException: sleep interrupted
2019-08-23 08:34:55,390 [grpc-default-executor-0] INFO  impl.RoleInfo (RoleInfo.java:updateAndGet(143)) - 898070de-5342-4931-8fd1-72ad9058b7b1: start FollowerState
2019-08-23 08:34:55,391 [grpc-default-executor-2] INFO  impl.RoleInfo (RoleInfo.java:shutdownFollowerState(121)) - 7e5aa902-2e53-4970-88d9-946662ba2918: shutdown FollowerState
2019-08-23 08:34:55,393 [Thread-507] INFO  impl.FollowerState (FollowerState.java:run(114)) - 7e5aa902-2e53-4970-88d9-946662ba2918: FollowerState was interrupted: java.lang.InterruptedException: sleep interrupted
2019-08-23 08:34:55,393 [grpc-default-executor-2] INFO  impl.RoleInfo (RoleInfo.java:updateAndGet(143)) - 7e5aa902-2e53-4970-88d9-946662ba2918: start FollowerState
2019-08-23 08:34:55,423 [4a27d5c5-e706-4f49-9c3b-ede305044aa5:group-77053E6F4BA6:LeaderElection17] INFO  impl.LeaderElection (LeaderElection.java:logAndReturn(56)) - 4a27d5c5-e706-4f49-9c3b-ede305044aa5:group-77053E6F4BA6:LeaderElection17: Election PASSED; received 1 response(s) [4a27d5c5-e706-4f49-9c3b-ede305044aa5<-898070de-5342-4931-8fd1-72ad9058b7b1#0:OK-t1] and 0 exception(s); 4a27d5c5-e706-4f49-9c3b-ede305044aa5:t1, leader=null, voted=4a27d5c5-e706-4f49-9c3b-ede305044aa5, raftlog=4a27d5c5-e706-4f49-9c3b-ede305044aa5-SegmentedRaftLog:OPENED:c-1,f-1,i0, conf=-1: [7e5aa902-2e53-4970-88d9-946662ba2918:192.168.36.124:40946, 4a27d5c5-e706-4f49-9c3b-ede305044aa5:192.168.36.124:45959, 898070de-5342-4931-8fd1-72ad9058b7b1:192.168.36.124:42057], old=null
2019-08-23 08:34:55,423 [4a27d5c5-e706-4f49-9c3b-ede305044aa5:group-77053E6F4BA6:LeaderElection17] INFO  impl.RoleInfo (RoleInfo.java:shutdownLeaderElection(134)) - 4a27d5c5-e706-4f49-9c3b-ede305044aa5: shutdown LeaderElection
2019-08-23 08:34:55,424 [4a27d5c5-e706-4f49-9c3b-ede305044aa5:group-77053E6F4BA6:LeaderElection17] INFO  impl.RaftServerImpl (RaftServerImpl.java:setRole(171)) - 4a27d5c5-e706-4f49-9c3b-ede305044aa5:group-77053E6F4BA6 changes role from CANDIDATE to LEADER at term 1 for changeToLeader
2019-08-23 08:34:55,425 [4a27d5c5-e706-4f49-9c3b-ede305044aa5:group-77053E6F4BA6:LeaderElection17] INFO  impl.RaftServerImpl (ServerState.java:setLeader(263)) - 4a27d5c5-e706-4f49-9c3b-ede305044aa5:group-77053E6F4BA6 change Leader from null to 4a27d5c5-e706-4f49-9c3b-ede305044aa5 at term 1 for becomeLeader, leader elected after 5134ms
2019-08-23 08:34:55,425 [4a27d5c5-e706-4f49-9c3b-ede305044aa5:group-77053E6F4BA6:LeaderElection17] INFO  server.RaftServerConfigKeys (ConfUtils.java:logGet(43)) - raft.server.staging.catchup.gap = 1000 (default)
2019-08-23 08:34:55,425 [4a27d5c5-e706-4f49-9c3b-ede305044aa5:group-77053E6F4BA6:LeaderElection17] INFO  server.RaftServerConfigKeys (ConfUtils.java:logGet(43)) - raft.server.rpc.sleep.time = 25ms (default)
2019-08-23 08:34:55,425 [4a27d5c5-e706-4f49-9c3b-ede305044aa5:group-77053E6F4BA6:LeaderElection17] INFO  server.RaftServerConfigKeys (ConfUtils.java:logGet(43)) - raft.server.write.element-limit = 4096 (default)
2019-08-23 08:34:55,425 [4a27d5c5-e706-4f49-9c3b-ede305044aa5:group-77053E6F4BA6:LeaderElection17] INFO  server.RaftServerConfigKeys (ConfUtils.java:logGet(43)) - raft.server.watch.timeout = 10s (default)
2019-08-23 08:34:55,426 [4a27d5c5-e706-4f49-9c3b-ede305044aa5:group-77053E6F4BA6:LeaderElection17] INFO  server.RaftServerConfigKeys (ConfUtils.java:logGet(43)) - raft.server.watch.timeout.denomination = 1s (default)
2019-08-23 08:34:55,426 [4a27d5c5-e706-4f49-9c3b-ede305044aa5:group-77053E6F4BA6:LeaderElection17] INFO  server.RaftServerConfigKeys (ConfUtils.java:logGet(43)) - raft.server.watch.element-limit = 65536 (default)
2019-08-23 08:34:55,429 [4a27d5c5-e706-4f49-9c3b-ede305044aa5:group-77053E6F4BA6:LeaderElection17] INFO  server.RaftServerConfigKeys (ConfUtils.java:logGet(43)) - raft.server.log.appender.snapshot.chunk.size.max = 16MB (=16777216) (default)
2019-08-23 08:34:55,430 [4a27d5c5-e706-4f49-9c3b-ede305044aa5:group-77053E6F4BA6:LeaderElection17] INFO  server.RaftServerConfigKeys (ConfUtils.java:logGet(43)) - raft.server.log.appender.buffer.byte-limit = 33554432 (custom)
2019-08-23 08:34:55,430 [4a27d5c5-e706-4f49-9c3b-ede305044aa5:group-77053E6F4BA6:LeaderElection17] INFO  server.RaftServerConfigKeys (ConfUtils.java:logGet(43)) - raft.server.log.appender.buffer.element-limit = 1 (custom)
2019-08-23 08:34:55,434 [4a27d5c5-e706-4f49-9c3b-ede305044aa5:group-77053E6F4BA6:LeaderElection17] INFO  grpc.GrpcConfigKeys$Server (ConfUtils.java:logGet(43)) - raft.grpc.server.leader.outstanding.appends.max = 128 (default)
2019-08-23 08:34:55,436 [4a27d5c5-e706-4f49-9c3b-ede305044aa5:group-77053E6F4BA6:LeaderElection17] INFO  server.RaftServerConfigKeys (ConfUtils.java:logGet(43)) - raft.server.rpc.request.timeout = 3000ms (default)
2019-08-23 08:34:55,436 [4a27d5c5-e706-4f49-9c3b-ede305044aa5:group-77053E6F4BA6:LeaderElection17] INFO  server.RaftServerConfigKeys (ConfUtils.java:logGet(43)) - raft.server.log.appender.install.snapshot.enabled = false (custom)
2019-08-23 08:34:55,436 [4a27d5c5-e706-4f49-9c3b-ede305044aa5:group-77053E6F4BA6:LeaderElection17] INFO  server.RaftServerConfigKeys (ConfUtils.java:logGet(43)) - raft.server.log.appender.snapshot.chunk.size.max = 16MB (=16777216) (default)
2019-08-23 08:34:55,436 [4a27d5c5-e706-4f49-9c3b-ede305044aa5:group-77053E6F4BA6:LeaderElection17] INFO  server.RaftServerConfigKeys (ConfUtils.java:logGet(43)) - raft.server.log.appender.buffer.byte-limit = 33554432 (custom)
2019-08-23 08:34:55,437 [4a27d5c5-e706-4f49-9c3b-ede305044aa5:group-77053E6F4BA6:LeaderElection17] INFO  server.RaftServerConfigKeys (ConfUtils.java:logGet(43)) - raft.server.log.appender.buffer.element-limit = 1 (custom)
2019-08-23 08:34:55,437 [4a27d5c5-e706-4f49-9c3b-ede305044aa5:group-77053E6F4BA6:LeaderElection17] INFO  grpc.GrpcConfigKeys$Server (ConfUtils.java:logGet(43)) - raft.grpc.server.leader.outstanding.appends.max = 128 (default)
2019-08-23 08:34:55,437 [4a27d5c5-e706-4f49-9c3b-ede305044aa5:group-77053E6F4BA6:LeaderElection17] INFO  server.RaftServerConfigKeys (ConfUtils.java:logGet(43)) - raft.server.rpc.request.timeout = 3000ms (default)
2019-08-23 08:34:55,437 [4a27d5c5-e706-4f49-9c3b-ede305044aa5:group-77053E6F4BA6:LeaderElection17] INFO  server.RaftServerConfigKeys (ConfUtils.java:logGet(43)) - raft.server.log.appender.install.snapshot.enabled = false (custom)
2019-08-23 08:34:55,441 [4a27d5c5-e706-4f49-9c3b-ede305044aa5:group-77053E6F4BA6:LeaderElection17] INFO  impl.RoleInfo (RoleInfo.java:updateAndGet(143)) - 4a27d5c5-e706-4f49-9c3b-ede305044aa5: start LeaderState
2019-08-23 08:34:55,442 [4a27d5c5-e706-4f49-9c3b-ede305044aa5:group-77053E6F4BA6:LeaderElection17] INFO  segmented.SegmentedRaftLogWorker (SegmentedRaftLogWorker.java:startLogSegment(380)) - 4a27d5c5-e706-4f49-9c3b-ede305044aa5-SegmentedRaftLogWorker:Storage Directory /workdir/hadoop-ozone/integration-test/target/test-dir/MiniOzoneClusterImpl-b0e68d79-38a8-42f3-82e9-8c7446ce8347/datanode-0/data/ratis/0c9c5023-0155-4edc-b2c2-77053e6f4ba6: Starting segment from index:0
2019-08-23 08:34:55,443 [4a27d5c5-e706-4f49-9c3b-ede305044aa5:group-77053E6F4BA6:LeaderElection17] INFO  impl.RaftServerImpl (ServerState.java:setRaftConf(361)) - 4a27d5c5-e706-4f49-9c3b-ede305044aa5:group-77053E6F4BA6 set configuration 0: [7e5aa902-2e53-4970-88d9-946662ba2918:192.168.36.124:40946, 4a27d5c5-e706-4f49-9c3b-ede305044aa5:192.168.36.124:45959, 898070de-5342-4931-8fd1-72ad9058b7b1:192.168.36.124:42057], old=null at 0
2019-08-23 08:34:55,501 [grpc-default-executor-2] INFO  impl.RaftServerImpl (ServerState.java:setLeader(263)) - 7e5aa902-2e53-4970-88d9-946662ba2918:group-77053E6F4BA6 change Leader from null to 4a27d5c5-e706-4f49-9c3b-ede305044aa5 at term 1 for appendEntries, leader elected after 5210ms
2019-08-23 08:34:55,501 [grpc-default-executor-0] INFO  impl.RaftServerImpl (ServerState.java:setLeader(263)) - 898070de-5342-4931-8fd1-72ad9058b7b1:group-77053E6F4BA6 change Leader from null to 4a27d5c5-e706-4f49-9c3b-ede305044aa5 at term 1 for appendEntries, leader elected after 5211ms
2019-08-23 08:34:55,518 [4a27d5c5-e706-4f49-9c3b-ede305044aa5-SegmentedRaftLogWorker:Storage Directory /workdir/hadoop-ozone/integration-test/target/test-dir/MiniOzoneClusterImpl-b0e68d79-38a8-42f3-82e9-8c7446ce8347/datanode-0/data/ratis/0c9c5023-0155-4edc-b2c2-77053e6f4ba6] INFO  segmented.SegmentedRaftLogWorker (SegmentedRaftLogWorker.java:execute(569)) - 4a27d5c5-e706-4f49-9c3b-ede305044aa5-SegmentedRaftLogWorker:Storage Directory /workdir/hadoop-ozone/integration-test/target/test-dir/MiniOzoneClusterImpl-b0e68d79-38a8-42f3-82e9-8c7446ce8347/datanode-0/data/ratis/0c9c5023-0155-4edc-b2c2-77053e6f4ba6: created new log segment /workdir/hadoop-ozone/integration-test/target/test-dir/MiniOzoneClusterImpl-b0e68d79-38a8-42f3-82e9-8c7446ce8347/datanode-0/data/ratis/0c9c5023-0155-4edc-b2c2-77053e6f4ba6/current/log_inprogress_0
2019-08-23 08:34:55,535 [grpc-default-executor-0] INFO  impl.RaftServerImpl (ServerState.java:setRaftConf(361)) - 898070de-5342-4931-8fd1-72ad9058b7b1:group-77053E6F4BA6 set configuration 0: [7e5aa902-2e53-4970-88d9-946662ba2918:192.168.36.124:40946, 4a27d5c5-e706-4f49-9c3b-ede305044aa5:192.168.36.124:45959, 898070de-5342-4931-8fd1-72ad9058b7b1:192.168.36.124:42057], old=null at 0
2019-08-23 08:34:55,535 [grpc-default-executor-2] INFO  impl.RaftServerImpl (ServerState.java:setRaftConf(361)) - 7e5aa902-2e53-4970-88d9-946662ba2918:group-77053E6F4BA6 set configuration 0: [7e5aa902-2e53-4970-88d9-946662ba2918:192.168.36.124:40946, 4a27d5c5-e706-4f49-9c3b-ede305044aa5:192.168.36.124:45959, 898070de-5342-4931-8fd1-72ad9058b7b1:192.168.36.124:42057], old=null at 0
2019-08-23 08:34:55,536 [grpc-default-executor-0] INFO  segmented.SegmentedRaftLogWorker (SegmentedRaftLogWorker.java:startLogSegment(380)) - 898070de-5342-4931-8fd1-72ad9058b7b1-SegmentedRaftLogWorker:Storage Directory /workdir/hadoop-ozone/integration-test/target/test-dir/MiniOzoneClusterImpl-b0e68d79-38a8-42f3-82e9-8c7446ce8347/datanode-1/data/ratis/0c9c5023-0155-4edc-b2c2-77053e6f4ba6: Starting segment from index:0
2019-08-23 08:34:55,536 [grpc-default-executor-2] INFO  segmented.SegmentedRaftLogWorker (SegmentedRaftLogWorker.java:startLogSegment(380)) - 7e5aa902-2e53-4970-88d9-946662ba2918-SegmentedRaftLogWorker:Storage Directory /workdir/hadoop-ozone/integration-test/target/test-dir/MiniOzoneClusterImpl-b0e68d79-38a8-42f3-82e9-8c7446ce8347/datanode-2/data/ratis/0c9c5023-0155-4edc-b2c2-77053e6f4ba6: Starting segment from index:0
2019-08-23 08:34:55,593 [898070de-5342-4931-8fd1-72ad9058b7b1-SegmentedRaftLogWorker:Storage Directory /workdir/hadoop-ozone/integration-test/target/test-dir/MiniOzoneClusterImpl-b0e68d79-38a8-42f3-82e9-8c7446ce8347/datanode-1/data/ratis/0c9c5023-0155-4edc-b2c2-77053e6f4ba6] INFO  segmented.SegmentedRaftLogWorker (SegmentedRaftLogWorker.java:execute(569)) - 898070de-5342-4931-8fd1-72ad9058b7b1-SegmentedRaftLogWorker:Storage Directory /workdir/hadoop-ozone/integration-test/target/test-dir/MiniOzoneClusterImpl-b0e68d79-38a8-42f3-82e9-8c7446ce8347/datanode-1/data/ratis/0c9c5023-0155-4edc-b2c2-77053e6f4ba6: created new log segment /workdir/hadoop-ozone/integration-test/target/test-dir/MiniOzoneClusterImpl-b0e68d79-38a8-42f3-82e9-8c7446ce8347/datanode-1/data/ratis/0c9c5023-0155-4edc-b2c2-77053e6f4ba6/current/log_inprogress_0
2019-08-23 08:34:55,611 [7e5aa902-2e53-4970-88d9-946662ba2918-SegmentedRaftLogWorker:Storage Directory /workdir/hadoop-ozone/integration-test/target/test-dir/MiniOzoneClusterImpl-b0e68d79-38a8-42f3-82e9-8c7446ce8347/datanode-2/data/ratis/0c9c5023-0155-4edc-b2c2-77053e6f4ba6] INFO  segmented.SegmentedRaftLogWorker (SegmentedRaftLogWorker.java:execute(569)) - 7e5aa902-2e53-4970-88d9-946662ba2918-SegmentedRaftLogWorker:Storage Directory /workdir/hadoop-ozone/integration-test/target/test-dir/MiniOzoneClusterImpl-b0e68d79-38a8-42f3-82e9-8c7446ce8347/datanode-2/data/ratis/0c9c5023-0155-4edc-b2c2-77053e6f4ba6: created new log segment /workdir/hadoop-ozone/integration-test/target/test-dir/MiniOzoneClusterImpl-b0e68d79-38a8-42f3-82e9-8c7446ce8347/datanode-2/data/ratis/0c9c5023-0155-4edc-b2c2-77053e6f4ba6/current/log_inprogress_0
2019-08-23 08:34:55,874 | INFO  | SCMAudit | user=jenkins1000 | ip=192.168.36.124 | op=SEND_HEARTBEAT {datanodeUUID=898070de-5342-4931-8fd1-72ad9058b7b1, command=[]} | ret=SUCCESS |  
2019-08-23 08:34:56,124 [Thread-322] INFO  ozoneimpl.OzoneContainer (OzoneContainer.java:stop(199)) - Attempting to stop container services.
2019-08-23 08:34:56,125 [Thread-322] INFO  impl.RaftServerProxy (RaftServerProxy.java:lambda$close$4(314)) - 4a27d5c5-e706-4f49-9c3b-ede305044aa5: close
2019-08-23 08:34:56,125 [Thread-322] INFO  impl.RaftServerImpl (RaftServerImpl.java:lambda$shutdown$3(245)) - 4a27d5c5-e706-4f49-9c3b-ede305044aa5: shutdown group-643F8C4DDBBD
2019-08-23 08:34:56,126 [ForkJoinPool.commonPool-worker-1] INFO  impl.RaftServerImpl (RaftServerImpl.java:lambda$shutdown$3(245)) - 4a27d5c5-e706-4f49-9c3b-ede305044aa5: shutdown group-77053E6F4BA6
2019-08-23 08:34:56,126 [Thread-322] INFO  util.JmxRegister (JmxRegister.java:unregister(73)) - Successfully un-registered JMX Bean with object name Ratis:service=RaftServer,group=group-643F8C4DDBBD,id=4a27d5c5-e706-4f49-9c3b-ede305044aa5
2019-08-23 08:34:56,126 | INFO  | SCMAudit | user=jenkins1000 | ip=192.168.36.124 | op=SEND_HEARTBEAT {datanodeUUID=7e5aa902-2e53-4970-88d9-946662ba2918, command=[]} | ret=SUCCESS |  
2019-08-23 08:34:56,126 [ForkJoinPool.commonPool-worker-1] INFO  util.JmxRegister (JmxRegister.java:unregister(73)) - Successfully un-registered JMX Bean with object name Ratis:service=RaftServer,group=group-77053E6F4BA6,id=4a27d5c5-e706-4f49-9c3b-ede305044aa5
2019-08-23 08:34:56,126 [Thread-322] INFO  impl.RoleInfo (RoleInfo.java:shutdownLeaderState(104)) - 4a27d5c5-e706-4f49-9c3b-ede305044aa5: shutdown LeaderState
2019-08-23 08:34:56,126 [ForkJoinPool.commonPool-worker-1] INFO  impl.RoleInfo (RoleInfo.java:shutdownLeaderState(104)) - 4a27d5c5-e706-4f49-9c3b-ede305044aa5: shutdown LeaderState
2019-08-23 08:34:56,127 [Thread-322] INFO  impl.PendingRequests (PendingRequests.java:sendNotLeaderResponses(202)) - 4a27d5c5-e706-4f49-9c3b-ede305044aa5-PendingRequests: sendNotLeaderResponses
2019-08-23 08:34:56,130 [org.apache.ratis.server.impl.LogAppender$AppenderDaemon$$Lambda$408/1376795983@36c4aa62] WARN  server.GrpcLogAppender (GrpcLogAppender.java:mayWait(143)) - GrpcLogAppender(4a27d5c5-e706-4f49-9c3b-ede305044aa5->7e5aa902-2e53-4970-88d9-946662ba2918): Wait interrupted by java.lang.InterruptedException
2019-08-23 08:34:56,130 [org.apache.ratis.server.impl.LogAppender$AppenderDaemon$$Lambda$408/1376795983@777dccb0] WARN  server.GrpcLogAppender (GrpcLogAppender.java:mayWait(143)) - GrpcLogAppender(4a27d5c5-e706-4f49-9c3b-ede305044aa5->898070de-5342-4931-8fd1-72ad9058b7b1): Wait interrupted by java.lang.InterruptedException
2019-08-23 08:34:56,130 [ForkJoinPool.commonPool-worker-1] INFO  impl.PendingRequests (PendingRequests.java:sendNotLeaderResponses(202)) - 4a27d5c5-e706-4f49-9c3b-ede305044aa5-PendingRequests: sendNotLeaderResponses
2019-08-23 08:34:56,132 [Thread-322] INFO  impl.StateMachineUpdater (StateMachineUpdater.java:stopAndJoin(115)) - StateMachineUpdater:4a27d5c5-e706-4f49-9c3b-ede305044aa5:group-643F8C4DDBBD: set stopIndex = 0
2019-08-23 08:34:56,136 [Thread-322] INFO  impl.RaftServerImpl (ServerState.java:close(394)) - 4a27d5c5-e706-4f49-9c3b-ede305044aa5:group-643F8C4DDBBD closes. The last applied log index is 0
2019-08-23 08:34:56,134 [ForkJoinPool.commonPool-worker-1] INFO  impl.StateMachineUpdater (StateMachineUpdater.java:stopAndJoin(115)) - StateMachineUpdater:4a27d5c5-e706-4f49-9c3b-ede305044aa5:group-77053E6F4BA6: set stopIndex = 0
2019-08-23 08:34:56,138 [4a27d5c5-e706-4f49-9c3b-ede305044aa5-SegmentedRaftLogWorker:Storage Directory /workdir/hadoop-ozone/integration-test/target/test-dir/MiniOzoneClusterImpl-b0e68d79-38a8-42f3-82e9-8c7446ce8347/datanode-0/data/ratis/a8033735-a061-4110-b1ea-643f8c4ddbbd] INFO  segmented.SegmentedRaftLogWorker (SegmentedRaftLogWorker.java:run(313)) - 4a27d5c5-e706-4f49-9c3b-ede305044aa5-SegmentedRaftLogWorker:Storage Directory /workdir/hadoop-ozone/integration-test/target/test-dir/MiniOzoneClusterImpl-b0e68d79-38a8-42f3-82e9-8c7446ce8347/datanode-0/data/ratis/a8033735-a061-4110-b1ea-643f8c4ddbbd was interrupted, exiting. There are 0 tasks remaining in the queue.
2019-08-23 08:34:56,138 [ForkJoinPool.commonPool-worker-1] INFO  impl.RaftServerImpl (ServerState.java:close(394)) - 4a27d5c5-e706-4f49-9c3b-ede305044aa5:group-77053E6F4BA6 closes. The last applied log index is 0
2019-08-23 08:34:56,140 [4a27d5c5-e706-4f49-9c3b-ede305044aa5-SegmentedRaftLogWorker:Storage Directory /workdir/hadoop-ozone/integration-test/target/test-dir/MiniOzoneClusterImpl-b0e68d79-38a8-42f3-82e9-8c7446ce8347/datanode-0/data/ratis/0c9c5023-0155-4edc-b2c2-77053e6f4ba6] INFO  segmented.SegmentedRaftLogWorker (SegmentedRaftLogWorker.java:run(313)) - 4a27d5c5-e706-4f49-9c3b-ede305044aa5-SegmentedRaftLogWorker:Storage Directory /workdir/hadoop-ozone/integration-test/target/test-dir/MiniOzoneClusterImpl-b0e68d79-38a8-42f3-82e9-8c7446ce8347/datanode-0/data/ratis/0c9c5023-0155-4edc-b2c2-77053e6f4ba6 was interrupted, exiting. There are 0 tasks remaining in the queue.
2019-08-23 08:34:56,140 [grpc-default-executor-0] INFO  server.GrpcServerProtocolService (GrpcServerProtocolService.java:onCompleted(104)) - 898070de-5342-4931-8fd1-72ad9058b7b1: appendEntries completed
2019-08-23 08:34:56,140 [grpc-default-executor-2] INFO  server.GrpcServerProtocolService (GrpcServerProtocolService.java:onCompleted(104)) - 7e5aa902-2e53-4970-88d9-946662ba2918: appendEntries completed
2019-08-23 08:34:56,140 [Thread-322] INFO  segmented.SegmentedRaftLogWorker (SegmentedRaftLogWorker.java:close(228)) - 4a27d5c5-e706-4f49-9c3b-ede305044aa5-SegmentedRaftLogWorker:Storage Directory /workdir/hadoop-ozone/integration-test/target/test-dir/MiniOzoneClusterImpl-b0e68d79-38a8-42f3-82e9-8c7446ce8347/datanode-0/data/ratis/a8033735-a061-4110-b1ea-643f8c4ddbbd close()
2019-08-23 08:34:56,143 [ForkJoinPool.commonPool-worker-1] INFO  segmented.SegmentedRaftLogWorker (SegmentedRaftLogWorker.java:close(228)) - 4a27d5c5-e706-4f49-9c3b-ede305044aa5-SegmentedRaftLogWorker:Storage Directory /workdir/hadoop-ozone/integration-test/target/test-dir/MiniOzoneClusterImpl-b0e68d79-38a8-42f3-82e9-8c7446ce8347/datanode-0/data/ratis/0c9c5023-0155-4edc-b2c2-77053e6f4ba6 close()
2019-08-23 08:34:56,148 [grpc-default-executor-0] INFO  server.GrpcLogAppender (GrpcLogAppender.java:onCompleted(292)) - 4a27d5c5-e706-4f49-9c3b-ede305044aa5->898070de-5342-4931-8fd1-72ad9058b7b1: follower responses appendEntries COMPLETED
2019-08-23 08:34:56,148 [grpc-default-executor-2] INFO  server.GrpcLogAppender (GrpcLogAppender.java:onCompleted(292)) - 4a27d5c5-e706-4f49-9c3b-ede305044aa5->7e5aa902-2e53-4970-88d9-946662ba2918: follower responses appendEntries COMPLETED
2019-08-23 08:34:56,148 [Thread-322] INFO  server.GrpcService (GrpcService.java:closeImpl(155)) - 4a27d5c5-e706-4f49-9c3b-ede305044aa5: shutdown server with port 45959 now
2019-08-23 08:34:56,152 [grpc-default-executor-0] INFO  impl.FollowerInfo (FollowerInfo.java:lambda$new$0(50)) - 4a27d5c5-e706-4f49-9c3b-ede305044aa5->898070de-5342-4931-8fd1-72ad9058b7b1: nextIndex: updateUnconditionally 1 -> 0
2019-08-23 08:34:56,154 [Thread-322] INFO  server.GrpcService (GrpcService.java:closeImpl(163)) - 4a27d5c5-e706-4f49-9c3b-ede305044aa5: shutdown server with port 45959 successfully
2019-08-23 08:34:56,152 [grpc-default-executor-2] INFO  impl.FollowerInfo (FollowerInfo.java:lambda$new$0(50)) - 4a27d5c5-e706-4f49-9c3b-ede305044aa5->7e5aa902-2e53-4970-88d9-946662ba2918: nextIndex: updateUnconditionally 1 -> 0
2019-08-23 08:34:56,155 [Thread-322] INFO  utils.BackgroundService (BackgroundService.java:shutdown(148)) - Shutting down service BlockDeletingService
2019-08-23 08:34:56,157 [refreshUsed-/workdir/hadoop-ozone/integration-test/target/test-dir/MiniOzoneClusterImpl-b0e68d79-38a8-42f3-82e9-8c7446ce8347/datanode-0/data/containers] WARN  fs.CachingGetSpaceUsed (CachingGetSpaceUsed.java:run(183)) - Thread Interrupted waiting to refresh disk information: sleep interrupted
2019-08-23 08:34:56,177 [Thread-322] INFO  statemachine.DatanodeStateMachine (DatanodeStateMachine.java:stopDaemon(395)) - Ozone container server stopped.
2019-08-23 08:34:56,179 [Thread-322] INFO  handler.ContextHandler (ContextHandler.java:doStop(910)) - Stopped o.e.j.w.WebAppContext@662a26b5{/,null,UNAVAILABLE}{/hddsDatanode}
2019-08-23 08:34:56,180 [Thread-322] INFO  server.AbstractConnector (AbstractConnector.java:doStop(318)) - Stopped ServerConnector@4bc40fa{HTTP/1.1,[http/1.1]}{0.0.0.0:0}
2019-08-23 08:34:56,180 [Thread-322] INFO  handler.ContextHandler (ContextHandler.java:doStop(910)) - Stopped o.e.j.s.ServletContextHandler@58a6f883{/static,jar:file:/home/user/.m2/repository/org/apache/hadoop/hadoop-hdds-container-service/0.5.0-SNAPSHOT/hadoop-hdds-container-service-0.5.0-SNAPSHOT.jar!/webapps/static,UNAVAILABLE}
2019-08-23 08:34:56,180 [Thread-322] INFO  handler.ContextHandler (ContextHandler.java:doStop(910)) - Stopped o.e.j.s.ServletContextHandler@4100a6c4{/logs,file:///workdir/hadoop-ozone/integration-test/target/log,UNAVAILABLE}
2019-08-23 08:34:56,182 [Thread-322] INFO  datanode.ObjectStoreHandler (ObjectStoreHandler.java:close(155)) - Closing ObjectStoreHandler.
2019-08-23 08:34:56,183 [Thread-322] INFO  ozone.HddsDatanodeService (HddsDatanodeService.java:stop(451)) - Stopped plug-in org.apache.hadoop.ozone.web.OzoneHddsDatanodeService@5194d53b
2019-08-23 08:34:56,872 [Datanode State Machine Thread - 0] INFO  statemachine.DatanodeStateMachine (DatanodeStateMachine.java:lambda$startDaemon$0(350)) - Ozone container server started.
2019-08-23 08:34:57,126 | INFO  | SCMAudit | user=jenkins1000 | ip=192.168.36.124 | op=SEND_HEARTBEAT {datanodeUUID=7e5aa902-2e53-4970-88d9-946662ba2918, command=[]} | ret=SUCCESS |  
2019-08-23 08:34:58,126 | INFO  | SCMAudit | user=jenkins1000 | ip=192.168.36.124 | op=SEND_HEARTBEAT {datanodeUUID=7e5aa902-2e53-4970-88d9-946662ba2918, command=[]} | ret=SUCCESS |  
2019-08-23 08:34:59,126 | INFO  | SCMAudit | user=jenkins1000 | ip=192.168.36.124 | op=SEND_HEARTBEAT {datanodeUUID=7e5aa902-2e53-4970-88d9-946662ba2918, command=[]} | ret=SUCCESS |  
2019-08-23 08:35:00,127 | INFO  | SCMAudit | user=jenkins1000 | ip=192.168.36.124 | op=SEND_HEARTBEAT {datanodeUUID=7e5aa902-2e53-4970-88d9-946662ba2918, command=[]} | ret=SUCCESS |  
2019-08-23 08:35:01,126 | INFO  | SCMAudit | user=jenkins1000 | ip=192.168.36.124 | op=SEND_HEARTBEAT {datanodeUUID=7e5aa902-2e53-4970-88d9-946662ba2918, command=[]} | ret=SUCCESS |  
2019-08-23 08:35:01,184 [Thread-322] INFO  ozoneimpl.OzoneContainer (OzoneContainer.java:stop(199)) - Attempting to stop container services.
2019-08-23 08:35:01,184 [Thread-322] INFO  impl.RaftServerProxy (RaftServerProxy.java:lambda$close$4(314)) - 898070de-5342-4931-8fd1-72ad9058b7b1: close
2019-08-23 08:35:01,185 [Thread-322] INFO  impl.RaftServerImpl (RaftServerImpl.java:lambda$shutdown$3(245)) - 898070de-5342-4931-8fd1-72ad9058b7b1: shutdown group-77053E6F4BA6
2019-08-23 08:35:01,185 [Thread-322] INFO  util.JmxRegister (JmxRegister.java:unregister(73)) - Successfully un-registered JMX Bean with object name Ratis:service=RaftServer,group=group-77053E6F4BA6,id=898070de-5342-4931-8fd1-72ad9058b7b1
2019-08-23 08:35:01,185 [Thread-322] INFO  impl.RoleInfo (RoleInfo.java:shutdownFollowerState(121)) - 898070de-5342-4931-8fd1-72ad9058b7b1: shutdown FollowerState
2019-08-23 08:35:01,185 [Thread-322] INFO  impl.StateMachineUpdater (StateMachineUpdater.java:stopAndJoin(115)) - StateMachineUpdater:898070de-5342-4931-8fd1-72ad9058b7b1:group-77053E6F4BA6: set stopIndex = 0
2019-08-23 08:35:01,186 [Thread-524] INFO  impl.FollowerState (FollowerState.java:run(114)) - 898070de-5342-4931-8fd1-72ad9058b7b1: FollowerState was interrupted: java.lang.InterruptedException: sleep interrupted
2019-08-23 08:35:01,187 [Thread-322] INFO  impl.RaftServerImpl (ServerState.java:close(394)) - 898070de-5342-4931-8fd1-72ad9058b7b1:group-77053E6F4BA6 closes. The last applied log index is 0
2019-08-23 08:35:01,188 [898070de-5342-4931-8fd1-72ad9058b7b1-SegmentedRaftLogWorker:Storage Directory /workdir/hadoop-ozone/integration-test/target/test-dir/MiniOzoneClusterImpl-b0e68d79-38a8-42f3-82e9-8c7446ce8347/datanode-1/data/ratis/0c9c5023-0155-4edc-b2c2-77053e6f4ba6] INFO  segmented.SegmentedRaftLogWorker (SegmentedRaftLogWorker.java:run(313)) - 898070de-5342-4931-8fd1-72ad9058b7b1-SegmentedRaftLogWorker:Storage Directory /workdir/hadoop-ozone/integration-test/target/test-dir/MiniOzoneClusterImpl-b0e68d79-38a8-42f3-82e9-8c7446ce8347/datanode-1/data/ratis/0c9c5023-0155-4edc-b2c2-77053e6f4ba6 was interrupted, exiting. There are 0 tasks remaining in the queue.
2019-08-23 08:35:01,189 [Thread-322] INFO  segmented.SegmentedRaftLogWorker (SegmentedRaftLogWorker.java:close(228)) - 898070de-5342-4931-8fd1-72ad9058b7b1-SegmentedRaftLogWorker:Storage Directory /workdir/hadoop-ozone/integration-test/target/test-dir/MiniOzoneClusterImpl-b0e68d79-38a8-42f3-82e9-8c7446ce8347/datanode-1/data/ratis/0c9c5023-0155-4edc-b2c2-77053e6f4ba6 close()
2019-08-23 08:35:01,193 [Thread-322] INFO  impl.RaftServerImpl (RaftServerImpl.java:lambda$shutdown$3(245)) - 898070de-5342-4931-8fd1-72ad9058b7b1: shutdown group-ED3C4AACA453
2019-08-23 08:35:01,194 [Thread-322] INFO  util.JmxRegister (JmxRegister.java:unregister(73)) - Successfully un-registered JMX Bean with object name Ratis:service=RaftServer,group=group-ED3C4AACA453,id=898070de-5342-4931-8fd1-72ad9058b7b1
2019-08-23 08:35:01,194 [Thread-322] INFO  impl.RoleInfo (RoleInfo.java:shutdownLeaderState(104)) - 898070de-5342-4931-8fd1-72ad9058b7b1: shutdown LeaderState
2019-08-23 08:35:01,194 [Thread-322] INFO  impl.PendingRequests (PendingRequests.java:sendNotLeaderResponses(202)) - 898070de-5342-4931-8fd1-72ad9058b7b1-PendingRequests: sendNotLeaderResponses
2019-08-23 08:35:01,194 [Thread-322] INFO  impl.StateMachineUpdater (StateMachineUpdater.java:stopAndJoin(115)) - StateMachineUpdater:898070de-5342-4931-8fd1-72ad9058b7b1:group-ED3C4AACA453: set stopIndex = 0
2019-08-23 08:35:01,195 [Thread-322] INFO  impl.RaftServerImpl (ServerState.java:close(394)) - 898070de-5342-4931-8fd1-72ad9058b7b1:group-ED3C4AACA453 closes. The last applied log index is 0
2019-08-23 08:35:01,196 [898070de-5342-4931-8fd1-72ad9058b7b1-SegmentedRaftLogWorker:Storage Directory /workdir/hadoop-ozone/integration-test/target/test-dir/MiniOzoneClusterImpl-b0e68d79-38a8-42f3-82e9-8c7446ce8347/datanode-1/data/ratis/bb2f293c-cd80-47bb-a715-ed3c4aaca453] INFO  segmented.SegmentedRaftLogWorker (SegmentedRaftLogWorker.java:run(313)) - 898070de-5342-4931-8fd1-72ad9058b7b1-SegmentedRaftLogWorker:Storage Directory /workdir/hadoop-ozone/integration-test/target/test-dir/MiniOzoneClusterImpl-b0e68d79-38a8-42f3-82e9-8c7446ce8347/datanode-1/data/ratis/bb2f293c-cd80-47bb-a715-ed3c4aaca453 was interrupted, exiting. There are 0 tasks remaining in the queue.
2019-08-23 08:35:01,202 [Thread-322] INFO  segmented.SegmentedRaftLogWorker (SegmentedRaftLogWorker.java:close(228)) - 898070de-5342-4931-8fd1-72ad9058b7b1-SegmentedRaftLogWorker:Storage Directory /workdir/hadoop-ozone/integration-test/target/test-dir/MiniOzoneClusterImpl-b0e68d79-38a8-42f3-82e9-8c7446ce8347/datanode-1/data/ratis/bb2f293c-cd80-47bb-a715-ed3c4aaca453 close()
2019-08-23 08:35:01,203 [Thread-322] INFO  server.GrpcService (GrpcService.java:closeImpl(155)) - 898070de-5342-4931-8fd1-72ad9058b7b1: shutdown server with port 42057 now
2019-08-23 08:35:01,204 [Thread-322] INFO  server.GrpcService (GrpcService.java:closeImpl(163)) - 898070de-5342-4931-8fd1-72ad9058b7b1: shutdown server with port 42057 successfully
2019-08-23 08:35:01,204 [Thread-322] INFO  utils.BackgroundService (BackgroundService.java:shutdown(148)) - Shutting down service BlockDeletingService
2019-08-23 08:35:01,206 [refreshUsed-/workdir/hadoop-ozone/integration-test/target/test-dir/MiniOzoneClusterImpl-b0e68d79-38a8-42f3-82e9-8c7446ce8347/datanode-1/data/containers] WARN  fs.CachingGetSpaceUsed (CachingGetSpaceUsed.java:run(183)) - Thread Interrupted waiting to refresh disk information: sleep interrupted
2019-08-23 08:35:01,229 [Thread-322] INFO  statemachine.DatanodeStateMachine (DatanodeStateMachine.java:stopDaemon(395)) - Ozone container server stopped.
2019-08-23 08:35:01,231 [Thread-322] INFO  handler.ContextHandler (ContextHandler.java:doStop(910)) - Stopped o.e.j.w.WebAppContext@9604827{/,null,UNAVAILABLE}{/hddsDatanode}
2019-08-23 08:35:01,232 [Thread-322] INFO  server.AbstractConnector (AbstractConnector.java:doStop(318)) - Stopped ServerConnector@55532b31{HTTP/1.1,[http/1.1]}{0.0.0.0:0}
2019-08-23 08:35:01,232 [Thread-322] INFO  handler.ContextHandler (ContextHandler.java:doStop(910)) - Stopped o.e.j.s.ServletContextHandler@568bfce6{/static,jar:file:/home/user/.m2/repository/org/apache/hadoop/hadoop-hdds-container-service/0.5.0-SNAPSHOT/hadoop-hdds-container-service-0.5.0-SNAPSHOT.jar!/webapps/static,UNAVAILABLE}
2019-08-23 08:35:01,232 [Thread-322] INFO  handler.ContextHandler (ContextHandler.java:doStop(910)) - Stopped o.e.j.s.ServletContextHandler@5b5cd3ee{/logs,file:///workdir/hadoop-ozone/integration-test/target/log,UNAVAILABLE}
2019-08-23 08:35:01,233 [Thread-322] INFO  datanode.ObjectStoreHandler (ObjectStoreHandler.java:close(155)) - Closing ObjectStoreHandler.
2019-08-23 08:35:01,234 [Thread-322] INFO  ozone.HddsDatanodeService (HddsDatanodeService.java:stop(451)) - Stopped plug-in org.apache.hadoop.ozone.web.OzoneHddsDatanodeService@75bd1ab0
2019-08-23 08:35:01,350 [EventQueue-StaleNodeForStaleNodeHandler] INFO  node.StaleNodeHandler (StaleNodeHandler.java:onMessage(58)) - Datanode 898070de-5342-4931-8fd1-72ad9058b7b1{ip: 192.168.36.124, host: pr-hdds-2022-djmxw-136905289, networkLocation: /default-rack, certSerialId: null} moved to stale state. Finalizing its pipelines [PipelineID=0c9c5023-0155-4edc-b2c2-77053e6f4ba6, PipelineID=bb2f293c-cd80-47bb-a715-ed3c4aaca453]
2019-08-23 08:35:01,350 [EventQueue-StaleNodeForStaleNodeHandler] INFO  pipeline.SCMPipelineManager (SCMPipelineManager.java:finalizeAndDestroyPipeline(309)) - destroying pipeline:Pipeline[ Id: 0c9c5023-0155-4edc-b2c2-77053e6f4ba6, Nodes: 4a27d5c5-e706-4f49-9c3b-ede305044aa5{ip: 192.168.36.124, host: pr-hdds-2022-djmxw-136905289, networkLocation: /default-rack, certSerialId: null}7e5aa902-2e53-4970-88d9-946662ba2918{ip: 192.168.36.124, host: pr-hdds-2022-djmxw-136905289, networkLocation: /default-rack, certSerialId: null}898070de-5342-4931-8fd1-72ad9058b7b1{ip: 192.168.36.124, host: pr-hdds-2022-djmxw-136905289, networkLocation: /default-rack, certSerialId: null}, Type:RATIS, Factor:THREE, State:CLOSED]
2019-08-23 08:35:01,350 [EventQueue-StaleNodeForStaleNodeHandler] INFO  pipeline.SCMPipelineManager (SCMPipelineManager.java:finalizeAndDestroyPipeline(309)) - destroying pipeline:Pipeline[ Id: bb2f293c-cd80-47bb-a715-ed3c4aaca453, Nodes: 898070de-5342-4931-8fd1-72ad9058b7b1{ip: 192.168.36.124, host: pr-hdds-2022-djmxw-136905289, networkLocation: /default-rack, certSerialId: null}, Type:RATIS, Factor:ONE, State:OPEN]
2019-08-23 08:35:01,351 [EventQueue-StaleNodeForStaleNodeHandler] INFO  pipeline.PipelineStateManager (PipelineStateManager.java:finalizePipeline(123)) - Pipeline Pipeline[ Id: bb2f293c-cd80-47bb-a715-ed3c4aaca453, Nodes: 898070de-5342-4931-8fd1-72ad9058b7b1{ip: 192.168.36.124, host: pr-hdds-2022-djmxw-136905289, networkLocation: /default-rack, certSerialId: null}, Type:RATIS, Factor:ONE, State:CLOSED] moved to CLOSED state
2019-08-23 08:35:02,125 [Datanode State Machine Thread - 0] INFO  statemachine.DatanodeStateMachine (DatanodeStateMachine.java:lambda$startDaemon$0(350)) - Ozone container server started.
2019-08-23 08:35:05,685 [Thread-525] INFO  impl.FollowerState (FollowerState.java:run(106)) - 7e5aa902-2e53-4970-88d9-946662ba2918:group-77053E6F4BA6 changes to CANDIDATE, lastRpcTime:10064, electionTimeout:5156ms
2019-08-23 08:35:05,685 [Thread-525] INFO  impl.RoleInfo (RoleInfo.java:shutdownFollowerState(121)) - 7e5aa902-2e53-4970-88d9-946662ba2918: shutdown FollowerState
2019-08-23 08:35:05,685 [Thread-525] INFO  impl.RaftServerImpl (RaftServerImpl.java:setRole(171)) - 7e5aa902-2e53-4970-88d9-946662ba2918:group-77053E6F4BA6 changes role from FOLLOWER to CANDIDATE at term 1 for changeToCandidate
2019-08-23 08:35:05,685 [Thread-525] INFO  impl.RoleInfo (RoleInfo.java:updateAndGet(143)) - 7e5aa902-2e53-4970-88d9-946662ba2918: start LeaderElection
2019-08-23 08:35:05,687 [7e5aa902-2e53-4970-88d9-946662ba2918:group-77053E6F4BA6:LeaderElection18] INFO  impl.RaftServerImpl (ServerState.java:setLeader(263)) - 7e5aa902-2e53-4970-88d9-946662ba2918:group-77053E6F4BA6 change Leader from 4a27d5c5-e706-4f49-9c3b-ede305044aa5 to null at term 1 for initElection
2019-08-23 08:35:05,704 [7e5aa902-2e53-4970-88d9-946662ba2918:group-77053E6F4BA6:LeaderElection18] INFO  impl.LeaderElection (LeaderElection.java:askForVotes(181)) - 7e5aa902-2e53-4970-88d9-946662ba2918:group-77053E6F4BA6:LeaderElection18: begin an election at term 2 for 0: [7e5aa902-2e53-4970-88d9-946662ba2918:192.168.36.124:40946, 4a27d5c5-e706-4f49-9c3b-ede305044aa5:192.168.36.124:45959, 898070de-5342-4931-8fd1-72ad9058b7b1:192.168.36.124:42057], old=null
2019-08-23 08:35:05,711 [7e5aa902-2e53-4970-88d9-946662ba2918:group-77053E6F4BA6:LeaderElection18] INFO  impl.LeaderElection (LogUtils.java:infoOrTrace(149)) - 7e5aa902-2e53-4970-88d9-946662ba2918:group-77053E6F4BA6:LeaderElection18 got exception when requesting votes: {}
java.util.concurrent.ExecutionException: org.apache.ratis.thirdparty.io.grpc.StatusRuntimeException: UNAVAILABLE: io exception
	at java.util.concurrent.FutureTask.report(FutureTask.java:122)
	at java.util.concurrent.FutureTask.get(FutureTask.java:192)
	at org.apache.ratis.server.impl.LeaderElection.waitForResults(LeaderElection.java:262)
	at org.apache.ratis.server.impl.LeaderElection.askForVotes(LeaderElection.java:200)
	at org.apache.ratis.server.impl.LeaderElection.run(LeaderElection.java:130)
	at java.lang.Thread.run(Thread.java:748)
Caused by: org.apache.ratis.thirdparty.io.grpc.StatusRuntimeException: UNAVAILABLE: io exception
	at org.apache.ratis.thirdparty.io.grpc.stub.ClientCalls.toStatusRuntimeException(ClientCalls.java:233)
	at org.apache.ratis.thirdparty.io.grpc.stub.ClientCalls.getUnchecked(ClientCalls.java:214)
	at org.apache.ratis.thirdparty.io.grpc.stub.ClientCalls.blockingUnaryCall(ClientCalls.java:139)
	at org.apache.ratis.proto.grpc.RaftServerProtocolServiceGrpc$RaftServerProtocolServiceBlockingStub.requestVote(RaftServerProtocolServiceGrpc.java:265)
	at org.apache.ratis.grpc.server.GrpcServerProtocolClient.requestVote(GrpcServerProtocolClient.java:83)
	at org.apache.ratis.grpc.server.GrpcService.requestVote(GrpcService.java:195)
	at org.apache.ratis.server.impl.LeaderElection.lambda$submitRequests$1(LeaderElection.java:237)
	at java.util.concurrent.FutureTask.run(FutureTask.java:266)
	at java.util.concurrent.Executors$RunnableAdapter.call(Executors.java:511)
	at java.util.concurrent.FutureTask.run(FutureTask.java:266)
	at java.util.concurrent.ThreadPoolExecutor.runWorker(ThreadPoolExecutor.java:1149)
	at java.util.concurrent.ThreadPoolExecutor$Worker.run(ThreadPoolExecutor.java:624)
	... 1 more
Caused by: org.apache.ratis.thirdparty.io.netty.channel.AbstractChannel$AnnotatedConnectException: Connection refused: /192.168.36.124:45959
	at sun.nio.ch.SocketChannelImpl.checkConnect(Native Method)
	at sun.nio.ch.SocketChannelImpl.finishConnect(SocketChannelImpl.java:717)
	at org.apache.ratis.thirdparty.io.netty.channel.socket.nio.NioSocketChannel.doFinishConnect(NioSocketChannel.java:327)
	at org.apache.ratis.thirdparty.io.netty.channel.nio.AbstractNioChannel$AbstractNioUnsafe.finishConnect(AbstractNioChannel.java:340)
	at org.apache.ratis.thirdparty.io.netty.channel.nio.NioEventLoop.processSelectedKey(NioEventLoop.java:632)
	at org.apache.ratis.thirdparty.io.netty.channel.nio.NioEventLoop.processSelectedKeysOptimized(NioEventLoop.java:579)
	at org.apache.ratis.thirdparty.io.netty.channel.nio.NioEventLoop.processSelectedKeys(NioEventLoop.java:496)
	at org.apache.ratis.thirdparty.io.netty.channel.nio.NioEventLoop.run(NioEventLoop.java:458)
	at org.apache.ratis.thirdparty.io.netty.util.concurrent.SingleThreadEventExecutor$5.run(SingleThreadEventExecutor.java:897)
	at org.apache.ratis.thirdparty.io.netty.util.concurrent.FastThreadLocalRunnable.run(FastThreadLocalRunnable.java:30)
	... 1 more
Caused by: java.net.ConnectException: Connection refused
	... 11 more
2019-08-23 08:35:05,712 [7e5aa902-2e53-4970-88d9-946662ba2918:group-77053E6F4BA6:LeaderElection18] INFO  impl.LeaderElection (LogUtils.java:infoOrTrace(149)) - 7e5aa902-2e53-4970-88d9-946662ba2918:group-77053E6F4BA6:LeaderElection18 got exception when requesting votes: {}
java.util.concurrent.ExecutionException: org.apache.ratis.thirdparty.io.grpc.StatusRuntimeException: UNAVAILABLE: io exception
	at java.util.concurrent.FutureTask.report(FutureTask.java:122)
	at java.util.concurrent.FutureTask.get(FutureTask.java:192)
	at org.apache.ratis.server.impl.LeaderElection.waitForResults(LeaderElection.java:262)
	at org.apache.ratis.server.impl.LeaderElection.askForVotes(LeaderElection.java:200)
	at org.apache.ratis.server.impl.LeaderElection.run(LeaderElection.java:130)
	at java.lang.Thread.run(Thread.java:748)
Caused by: org.apache.ratis.thirdparty.io.grpc.StatusRuntimeException: UNAVAILABLE: io exception
	at org.apache.ratis.thirdparty.io.grpc.stub.ClientCalls.toStatusRuntimeException(ClientCalls.java:233)
	at org.apache.ratis.thirdparty.io.grpc.stub.ClientCalls.getUnchecked(ClientCalls.java:214)
	at org.apache.ratis.thirdparty.io.grpc.stub.ClientCalls.blockingUnaryCall(ClientCalls.java:139)
	at org.apache.ratis.proto.grpc.RaftServerProtocolServiceGrpc$RaftServerProtocolServiceBlockingStub.requestVote(RaftServerProtocolServiceGrpc.java:265)
	at org.apache.ratis.grpc.server.GrpcServerProtocolClient.requestVote(GrpcServerProtocolClient.java:83)
	at org.apache.ratis.grpc.server.GrpcService.requestVote(GrpcService.java:195)
	at org.apache.ratis.server.impl.LeaderElection.lambda$submitRequests$1(LeaderElection.java:237)
	at java.util.concurrent.FutureTask.run(FutureTask.java:266)
	at java.util.concurrent.Executors$RunnableAdapter.call(Executors.java:511)
	at java.util.concurrent.FutureTask.run(FutureTask.java:266)
	at java.util.concurrent.ThreadPoolExecutor.runWorker(ThreadPoolExecutor.java:1149)
	at java.util.concurrent.ThreadPoolExecutor$Worker.run(ThreadPoolExecutor.java:624)
	... 1 more
Caused by: org.apache.ratis.thirdparty.io.netty.channel.AbstractChannel$AnnotatedConnectException: Connection refused: /192.168.36.124:42057
	at sun.nio.ch.SocketChannelImpl.checkConnect(Native Method)
	at sun.nio.ch.SocketChannelImpl.finishConnect(SocketChannelImpl.java:717)
	at org.apache.ratis.thirdparty.io.netty.channel.socket.nio.NioSocketChannel.doFinishConnect(NioSocketChannel.java:327)
	at org.apache.ratis.thirdparty.io.netty.channel.nio.AbstractNioChannel$AbstractNioUnsafe.finishConnect(AbstractNioChannel.java:340)
	at org.apache.ratis.thirdparty.io.netty.channel.nio.NioEventLoop.processSelectedKey(NioEventLoop.java:632)
	at org.apache.ratis.thirdparty.io.netty.channel.nio.NioEventLoop.processSelectedKeysOptimized(NioEventLoop.java:579)
	at org.apache.ratis.thirdparty.io.netty.channel.nio.NioEventLoop.processSelectedKeys(NioEventLoop.java:496)
	at org.apache.ratis.thirdparty.io.netty.channel.nio.NioEventLoop.run(NioEventLoop.java:458)
	at org.apache.ratis.thirdparty.io.netty.util.concurrent.SingleThreadEventExecutor$5.run(SingleThreadEventExecutor.java:897)
	at org.apache.ratis.thirdparty.io.netty.util.concurrent.FastThreadLocalRunnable.run(FastThreadLocalRunnable.java:30)
	... 1 more
Caused by: java.net.ConnectException: Connection refused
	... 11 more
2019-08-23 08:35:05,713 [7e5aa902-2e53-4970-88d9-946662ba2918:group-77053E6F4BA6:LeaderElection18] INFO  impl.LeaderElection (LeaderElection.java:logAndReturn(56)) - 7e5aa902-2e53-4970-88d9-946662ba2918:group-77053E6F4BA6:LeaderElection18: Election REJECTED; received 0 response(s) [] and 2 exception(s); 7e5aa902-2e53-4970-88d9-946662ba2918:t2, leader=null, voted=7e5aa902-2e53-4970-88d9-946662ba2918, raftlog=7e5aa902-2e53-4970-88d9-946662ba2918-SegmentedRaftLog:OPENED:c0,f0,i0, conf=0: [7e5aa902-2e53-4970-88d9-946662ba2918:192.168.36.124:40946, 4a27d5c5-e706-4f49-9c3b-ede305044aa5:192.168.36.124:45959, 898070de-5342-4931-8fd1-72ad9058b7b1:192.168.36.124:42057], old=null
2019-08-23 08:35:05,713 [7e5aa902-2e53-4970-88d9-946662ba2918:group-77053E6F4BA6:LeaderElection18] INFO  impl.LeaderElection (LogUtils.java:infoOrTrace(149)) -   Exception 0: {}
java.util.concurrent.ExecutionException: org.apache.ratis.thirdparty.io.grpc.StatusRuntimeException: UNAVAILABLE: io exception
	at java.util.concurrent.FutureTask.report(FutureTask.java:122)
	at java.util.concurrent.FutureTask.get(FutureTask.java:192)
	at org.apache.ratis.server.impl.LeaderElection.waitForResults(LeaderElection.java:262)
	at org.apache.ratis.server.impl.LeaderElection.askForVotes(LeaderElection.java:200)
	at org.apache.ratis.server.impl.LeaderElection.run(LeaderElection.java:130)
	at java.lang.Thread.run(Thread.java:748)
Caused by: org.apache.ratis.thirdparty.io.grpc.StatusRuntimeException: UNAVAILABLE: io exception
	at org.apache.ratis.thirdparty.io.grpc.stub.ClientCalls.toStatusRuntimeException(ClientCalls.java:233)
	at org.apache.ratis.thirdparty.io.grpc.stub.ClientCalls.getUnchecked(ClientCalls.java:214)
	at org.apache.ratis.thirdparty.io.grpc.stub.ClientCalls.blockingUnaryCall(ClientCalls.java:139)
	at org.apache.ratis.proto.grpc.RaftServerProtocolServiceGrpc$RaftServerProtocolServiceBlockingStub.requestVote(RaftServerProtocolServiceGrpc.java:265)
	at org.apache.ratis.grpc.server.GrpcServerProtocolClient.requestVote(GrpcServerProtocolClient.java:83)
	at org.apache.ratis.grpc.server.GrpcService.requestVote(GrpcService.java:195)
	at org.apache.ratis.server.impl.LeaderElection.lambda$submitRequests$1(LeaderElection.java:237)
	at java.util.concurrent.FutureTask.run(FutureTask.java:266)
	at java.util.concurrent.Executors$RunnableAdapter.call(Executors.java:511)
	at java.util.concurrent.FutureTask.run(FutureTask.java:266)
	at java.util.concurrent.ThreadPoolExecutor.runWorker(ThreadPoolExecutor.java:1149)
	at java.util.concurrent.ThreadPoolExecutor$Worker.run(ThreadPoolExecutor.java:624)
	... 1 more
Caused by: org.apache.ratis.thirdparty.io.netty.channel.AbstractChannel$AnnotatedConnectException: Connection refused: /192.168.36.124:45959
	at sun.nio.ch.SocketChannelImpl.checkConnect(Native Method)
	at sun.nio.ch.SocketChannelImpl.finishConnect(SocketChannelImpl.java:717)
	at org.apache.ratis.thirdparty.io.netty.channel.socket.nio.NioSocketChannel.doFinishConnect(NioSocketChannel.java:327)
	at org.apache.ratis.thirdparty.io.netty.channel.nio.AbstractNioChannel$AbstractNioUnsafe.finishConnect(AbstractNioChannel.java:340)
	at org.apache.ratis.thirdparty.io.netty.channel.nio.NioEventLoop.processSelectedKey(NioEventLoop.java:632)
	at org.apache.ratis.thirdparty.io.netty.channel.nio.NioEventLoop.processSelectedKeysOptimized(NioEventLoop.java:579)
	at org.apache.ratis.thirdparty.io.netty.channel.nio.NioEventLoop.processSelectedKeys(NioEventLoop.java:496)
	at org.apache.ratis.thirdparty.io.netty.channel.nio.NioEventLoop.run(NioEventLoop.java:458)
	at org.apache.ratis.thirdparty.io.netty.util.concurrent.SingleThreadEventExecutor$5.run(SingleThreadEventExecutor.java:897)
	at org.apache.ratis.thirdparty.io.netty.util.concurrent.FastThreadLocalRunnable.run(FastThreadLocalRunnable.java:30)
	... 1 more
Caused by: java.net.ConnectException: Connection refused
	... 11 more
2019-08-23 08:35:05,714 [7e5aa902-2e53-4970-88d9-946662ba2918:group-77053E6F4BA6:LeaderElection18] INFO  impl.LeaderElection (LogUtils.java:infoOrTrace(149)) -   Exception 1: {}
java.util.concurrent.ExecutionException: org.apache.ratis.thirdparty.io.grpc.StatusRuntimeException: UNAVAILABLE: io exception
	at java.util.concurrent.FutureTask.report(FutureTask.java:122)
	at java.util.concurrent.FutureTask.get(FutureTask.java:192)
	at org.apache.ratis.server.impl.LeaderElection.waitForResults(LeaderElection.java:262)
	at org.apache.ratis.server.impl.LeaderElection.askForVotes(LeaderElection.java:200)
	at org.apache.ratis.server.impl.LeaderElection.run(LeaderElection.java:130)
	at java.lang.Thread.run(Thread.java:748)
Caused by: org.apache.ratis.thirdparty.io.grpc.StatusRuntimeException: UNAVAILABLE: io exception
	at org.apache.ratis.thirdparty.io.grpc.stub.ClientCalls.toStatusRuntimeException(ClientCalls.java:233)
	at org.apache.ratis.thirdparty.io.grpc.stub.ClientCalls.getUnchecked(ClientCalls.java:214)
	at org.apache.ratis.thirdparty.io.grpc.stub.ClientCalls.blockingUnaryCall(ClientCalls.java:139)
	at org.apache.ratis.proto.grpc.RaftServerProtocolServiceGrpc$RaftServerProtocolServiceBlockingStub.requestVote(RaftServerProtocolServiceGrpc.java:265)
	at org.apache.ratis.grpc.server.GrpcServerProtocolClient.requestVote(GrpcServerProtocolClient.java:83)
	at org.apache.ratis.grpc.server.GrpcService.requestVote(GrpcService.java:195)
	at org.apache.ratis.server.impl.LeaderElection.lambda$submitRequests$1(LeaderElection.java:237)
	at java.util.concurrent.FutureTask.run(FutureTask.java:266)
	at java.util.concurrent.Executors$RunnableAdapter.call(Executors.java:511)
	at java.util.concurrent.FutureTask.run(FutureTask.java:266)
	at java.util.concurrent.ThreadPoolExecutor.runWorker(ThreadPoolExecutor.java:1149)
	at java.util.concurrent.ThreadPoolExecutor$Worker.run(ThreadPoolExecutor.java:624)
	... 1 more
Caused by: org.apache.ratis.thirdparty.io.netty.channel.AbstractChannel$AnnotatedConnectException: Connection refused: /192.168.36.124:42057
	at sun.nio.ch.SocketChannelImpl.checkConnect(Native Method)
	at sun.nio.ch.SocketChannelImpl.finishConnect(SocketChannelImpl.java:717)
	at org.apache.ratis.thirdparty.io.netty.channel.socket.nio.NioSocketChannel.doFinishConnect(NioSocketChannel.java:327)
	at org.apache.ratis.thirdparty.io.netty.channel.nio.AbstractNioChannel$AbstractNioUnsafe.finishConnect(AbstractNioChannel.java:340)
	at org.apache.ratis.thirdparty.io.netty.channel.nio.NioEventLoop.processSelectedKey(NioEventLoop.java:632)
	at org.apache.ratis.thirdparty.io.netty.channel.nio.NioEventLoop.processSelectedKeysOptimized(NioEventLoop.java:579)
	at org.apache.ratis.thirdparty.io.netty.channel.nio.NioEventLoop.processSelectedKeys(NioEventLoop.java:496)
	at org.apache.ratis.thirdparty.io.netty.channel.nio.NioEventLoop.run(NioEventLoop.java:458)
	at org.apache.ratis.thirdparty.io.netty.util.concurrent.SingleThreadEventExecutor$5.run(SingleThreadEventExecutor.java:897)
	at org.apache.ratis.thirdparty.io.netty.util.concurrent.FastThreadLocalRunnable.run(FastThreadLocalRunnable.java:30)
	... 1 more
Caused by: java.net.ConnectException: Connection refused
	... 11 more
2019-08-23 08:35:05,714 [7e5aa902-2e53-4970-88d9-946662ba2918:group-77053E6F4BA6:LeaderElection18] INFO  impl.RaftServerImpl (RaftServerImpl.java:setRole(171)) - 7e5aa902-2e53-4970-88d9-946662ba2918:group-77053E6F4BA6 changes role from CANDIDATE to FOLLOWER at term 2 for DISCOVERED_A_NEW_TERM
2019-08-23 08:35:05,715 [7e5aa902-2e53-4970-88d9-946662ba2918:group-77053E6F4BA6:LeaderElection18] INFO  impl.RoleInfo (RoleInfo.java:shutdownLeaderElection(134)) - 7e5aa902-2e53-4970-88d9-946662ba2918: shutdown LeaderElection
2019-08-23 08:35:05,715 [7e5aa902-2e53-4970-88d9-946662ba2918:group-77053E6F4BA6:LeaderElection18] INFO  impl.RoleInfo (RoleInfo.java:updateAndGet(143)) - 7e5aa902-2e53-4970-88d9-946662ba2918: start FollowerState
2019-08-23 08:35:06,235 [Thread-322] INFO  ozoneimpl.OzoneContainer (OzoneContainer.java:stop(199)) - Attempting to stop container services.
2019-08-23 08:35:06,235 [Thread-322] INFO  impl.RaftServerProxy (RaftServerProxy.java:lambda$close$4(314)) - 7e5aa902-2e53-4970-88d9-946662ba2918: close
2019-08-23 08:35:06,236 [Thread-322] INFO  impl.RaftServerImpl (RaftServerImpl.java:lambda$shutdown$3(245)) - 7e5aa902-2e53-4970-88d9-946662ba2918: shutdown group-2630C53BC54E
2019-08-23 08:35:06,236 [Thread-322] INFO  util.JmxRegister (JmxRegister.java:unregister(73)) - Successfully un-registered JMX Bean with object name Ratis:service=RaftServer,group=group-2630C53BC54E,id=7e5aa902-2e53-4970-88d9-946662ba2918
2019-08-23 08:35:06,236 [Thread-322] INFO  impl.RoleInfo (RoleInfo.java:shutdownLeaderState(104)) - 7e5aa902-2e53-4970-88d9-946662ba2918: shutdown LeaderState
2019-08-23 08:35:06,236 [Thread-322] INFO  impl.PendingRequests (PendingRequests.java:sendNotLeaderResponses(202)) - 7e5aa902-2e53-4970-88d9-946662ba2918-PendingRequests: sendNotLeaderResponses
2019-08-23 08:35:06,237 [Thread-322] INFO  impl.StateMachineUpdater (StateMachineUpdater.java:stopAndJoin(115)) - StateMachineUpdater:7e5aa902-2e53-4970-88d9-946662ba2918:group-2630C53BC54E: set stopIndex = 0
2019-08-23 08:35:06,238 [Thread-322] INFO  impl.RaftServerImpl (ServerState.java:close(394)) - 7e5aa902-2e53-4970-88d9-946662ba2918:group-2630C53BC54E closes. The last applied log index is 0
2019-08-23 08:35:06,238 [7e5aa902-2e53-4970-88d9-946662ba2918-SegmentedRaftLogWorker:Storage Directory /workdir/hadoop-ozone/integration-test/target/test-dir/MiniOzoneClusterImpl-b0e68d79-38a8-42f3-82e9-8c7446ce8347/datanode-2/data/ratis/4539ed5e-35ce-4ada-b1be-2630c53bc54e] INFO  segmented.SegmentedRaftLogWorker (SegmentedRaftLogWorker.java:run(313)) - 7e5aa902-2e53-4970-88d9-946662ba2918-SegmentedRaftLogWorker:Storage Directory /workdir/hadoop-ozone/integration-test/target/test-dir/MiniOzoneClusterImpl-b0e68d79-38a8-42f3-82e9-8c7446ce8347/datanode-2/data/ratis/4539ed5e-35ce-4ada-b1be-2630c53bc54e was interrupted, exiting. There are 0 tasks remaining in the queue.
2019-08-23 08:35:06,239 [Thread-322] INFO  segmented.SegmentedRaftLogWorker (SegmentedRaftLogWorker.java:close(228)) - 7e5aa902-2e53-4970-88d9-946662ba2918-SegmentedRaftLogWorker:Storage Directory /workdir/hadoop-ozone/integration-test/target/test-dir/MiniOzoneClusterImpl-b0e68d79-38a8-42f3-82e9-8c7446ce8347/datanode-2/data/ratis/4539ed5e-35ce-4ada-b1be-2630c53bc54e close()
2019-08-23 08:35:06,240 [Thread-322] INFO  impl.RaftServerImpl (RaftServerImpl.java:lambda$shutdown$3(245)) - 7e5aa902-2e53-4970-88d9-946662ba2918: shutdown group-77053E6F4BA6
2019-08-23 08:35:06,240 [Thread-322] INFO  util.JmxRegister (JmxRegister.java:unregister(73)) - Successfully un-registered JMX Bean with object name Ratis:service=RaftServer,group=group-77053E6F4BA6,id=7e5aa902-2e53-4970-88d9-946662ba2918
2019-08-23 08:35:06,240 [Thread-322] INFO  impl.RoleInfo (RoleInfo.java:shutdownFollowerState(121)) - 7e5aa902-2e53-4970-88d9-946662ba2918: shutdown FollowerState
2019-08-23 08:35:06,240 [Thread-322] INFO  impl.StateMachineUpdater (StateMachineUpdater.java:stopAndJoin(115)) - StateMachineUpdater:7e5aa902-2e53-4970-88d9-946662ba2918:group-77053E6F4BA6: set stopIndex = 0
2019-08-23 08:35:06,240 [Thread-538] INFO  impl.FollowerState (FollowerState.java:run(114)) - 7e5aa902-2e53-4970-88d9-946662ba2918: FollowerState was interrupted: java.lang.InterruptedException: sleep interrupted
2019-08-23 08:35:06,241 [Thread-322] INFO  impl.RaftServerImpl (ServerState.java:close(394)) - 7e5aa902-2e53-4970-88d9-946662ba2918:group-77053E6F4BA6 closes. The last applied log index is 0
2019-08-23 08:35:06,242 [7e5aa902-2e53-4970-88d9-946662ba2918-SegmentedRaftLogWorker:Storage Directory /workdir/hadoop-ozone/integration-test/target/test-dir/MiniOzoneClusterImpl-b0e68d79-38a8-42f3-82e9-8c7446ce8347/datanode-2/data/ratis/0c9c5023-0155-4edc-b2c2-77053e6f4ba6] INFO  segmented.SegmentedRaftLogWorker (SegmentedRaftLogWorker.java:run(313)) - 7e5aa902-2e53-4970-88d9-946662ba2918-SegmentedRaftLogWorker:Storage Directory /workdir/hadoop-ozone/integration-test/target/test-dir/MiniOzoneClusterImpl-b0e68d79-38a8-42f3-82e9-8c7446ce8347/datanode-2/data/ratis/0c9c5023-0155-4edc-b2c2-77053e6f4ba6 was interrupted, exiting. There are 0 tasks remaining in the queue.
2019-08-23 08:35:06,243 [Thread-322] INFO  segmented.SegmentedRaftLogWorker (SegmentedRaftLogWorker.java:close(228)) - 7e5aa902-2e53-4970-88d9-946662ba2918-SegmentedRaftLogWorker:Storage Directory /workdir/hadoop-ozone/integration-test/target/test-dir/MiniOzoneClusterImpl-b0e68d79-38a8-42f3-82e9-8c7446ce8347/datanode-2/data/ratis/0c9c5023-0155-4edc-b2c2-77053e6f4ba6 close()
2019-08-23 08:35:06,243 [Thread-322] INFO  server.GrpcService (GrpcService.java:closeImpl(155)) - 7e5aa902-2e53-4970-88d9-946662ba2918: shutdown server with port 40946 now
2019-08-23 08:35:06,245 [Thread-322] INFO  server.GrpcService (GrpcService.java:closeImpl(163)) - 7e5aa902-2e53-4970-88d9-946662ba2918: shutdown server with port 40946 successfully
2019-08-23 08:35:06,246 [Thread-322] INFO  utils.BackgroundService (BackgroundService.java:shutdown(148)) - Shutting down service BlockDeletingService
2019-08-23 08:35:06,247 [refreshUsed-/workdir/hadoop-ozone/integration-test/target/test-dir/MiniOzoneClusterImpl-b0e68d79-38a8-42f3-82e9-8c7446ce8347/datanode-2/data/containers] WARN  fs.CachingGetSpaceUsed (CachingGetSpaceUsed.java:run(183)) - Thread Interrupted waiting to refresh disk information: sleep interrupted
2019-08-23 08:35:06,260 [Thread-322] INFO  statemachine.DatanodeStateMachine (DatanodeStateMachine.java:stopDaemon(395)) - Ozone container server stopped.
2019-08-23 08:35:06,261 [Thread-322] INFO  handler.ContextHandler (ContextHandler.java:doStop(910)) - Stopped o.e.j.w.WebAppContext@4d72349a{/,null,UNAVAILABLE}{/hddsDatanode}
2019-08-23 08:35:06,262 [Thread-322] INFO  server.AbstractConnector (AbstractConnector.java:doStop(318)) - Stopped ServerConnector@4d53e00{HTTP/1.1,[http/1.1]}{0.0.0.0:0}
2019-08-23 08:35:06,262 [Thread-322] INFO  handler.ContextHandler (ContextHandler.java:doStop(910)) - Stopped o.e.j.s.ServletContextHandler@d881056{/static,jar:file:/home/user/.m2/repository/org/apache/hadoop/hadoop-hdds-container-service/0.5.0-SNAPSHOT/hadoop-hdds-container-service-0.5.0-SNAPSHOT.jar!/webapps/static,UNAVAILABLE}
2019-08-23 08:35:06,262 [Thread-322] INFO  handler.ContextHandler (ContextHandler.java:doStop(910)) - Stopped o.e.j.s.ServletContextHandler@52e75f37{/logs,file:///workdir/hadoop-ozone/integration-test/target/log,UNAVAILABLE}
2019-08-23 08:35:06,265 [Thread-322] INFO  impl.MetricsSystemImpl (MetricsSystemImpl.java:init(158)) - HddsDatanode metrics system started (again)
2019-08-23 08:35:06,298 [Thread-322] INFO  ozone.HddsDatanodeService (HddsDatanodeService.java:start(184)) - HddsDatanodeService host:pr-hdds-2022-djmxw-136905289 ip:192.168.36.124
2019-08-23 08:35:06,302 [Thread-322] INFO  volume.VolumeUsage (VolumeUsage.java:loadScmUsed(144)) - Cached ScmUsed found for /workdir/hadoop-ozone/integration-test/target/test-dir/MiniOzoneClusterImpl-b0e68d79-38a8-42f3-82e9-8c7446ce8347/datanode-0/data/containers : 4096 
2019-08-23 08:35:06,302 [Thread-322] INFO  volume.HddsVolume (HddsVolume.java:<init>(176)) - Creating Volume: /workdir/hadoop-ozone/integration-test/target/test-dir/MiniOzoneClusterImpl-b0e68d79-38a8-42f3-82e9-8c7446ce8347/datanode-0/data/containers/hdds of  storage type : DISK and capacity : 1482555576320
2019-08-23 08:35:06,303 [Thread-322] INFO  volume.VolumeSet (VolumeSet.java:initializeVolumeSet(170)) - Added Volume : /workdir/hadoop-ozone/integration-test/target/test-dir/MiniOzoneClusterImpl-b0e68d79-38a8-42f3-82e9-8c7446ce8347/datanode-0/data/containers/hdds to VolumeSet
2019-08-23 08:35:06,303 [Thread-322] INFO  volume.ThrottledAsyncChecker (ThrottledAsyncChecker.java:schedule(140)) - Scheduling a check for org.apache.hadoop.ozone.container.common.volume.HddsVolume@5a5ce61c
2019-08-23 08:35:06,304 [Thread-322] INFO  volume.HddsVolumeChecker (HddsVolumeChecker.java:checkAllVolumes(203)) - Scheduled health check for volume org.apache.hadoop.ozone.container.common.volume.HddsVolume@5a5ce61c
2019-08-23 08:35:06,320 [Thread-322] INFO  impl.RaftServerProxy (ConfUtils.java:logGet(43)) - raft.rpc.type = GRPC (default)
2019-08-23 08:35:06,320 [Thread-322] INFO  grpc.GrpcFactory (GrpcFactory.java:checkPooledByteBufAllocatorUseCacheForAllThreads(45)) - PERFORMANCE WARNING: useCacheForAllThreads is true that may cause Netty to create a lot garbage objects and, as a result, trigger GC.
	It is recommended to disable useCacheForAllThreads by setting -Dorg.apache.ratis.thirdparty.io.netty.allocator.useCacheForAllThreads=false in command line.
2019-08-23 08:35:06,320 [Thread-322] INFO  grpc.GrpcConfigKeys$Server (ConfUtils.java:logGet(43)) - raft.grpc.server.port = 45959 (custom)
2019-08-23 08:35:06,320 [Thread-322] INFO  server.GrpcService (ConfUtils.java:logGet(43)) - raft.grpc.message.size.max = 33570816 (custom)
2019-08-23 08:35:06,320 [Thread-322] INFO  server.RaftServerConfigKeys (ConfUtils.java:logGet(43)) - raft.server.log.appender.buffer.byte-limit = 33554432 (custom)
2019-08-23 08:35:06,321 [Thread-322] INFO  server.GrpcService (ConfUtils.java:logGet(43)) - raft.grpc.flow.control.window = 1MB (=1048576) (default)
2019-08-23 08:35:06,321 [Thread-322] INFO  server.RaftServerConfigKeys (ConfUtils.java:logGet(43)) - raft.server.rpc.request.timeout = 3000ms (default)
2019-08-23 08:35:06,321 [Thread-322] INFO  server.RaftServerConfigKeys (ConfUtils.java:logGet(43)) - raft.server.storage.dir = [/workdir/hadoop-ozone/integration-test/target/test-dir/MiniOzoneClusterImpl-b0e68d79-38a8-42f3-82e9-8c7446ce8347/datanode-0/data/ratis] (custom)
2019-08-23 08:35:06,322 [Thread-322] INFO  impl.RaftServerProxy (RaftServerProxy.java:lambda$null$0(191)) - 4a27d5c5-e706-4f49-9c3b-ede305044aa5: found a subdirectory /workdir/hadoop-ozone/integration-test/target/test-dir/MiniOzoneClusterImpl-b0e68d79-38a8-42f3-82e9-8c7446ce8347/datanode-0/data/ratis/a8033735-a061-4110-b1ea-643f8c4ddbbd
2019-08-23 08:35:06,323 [Thread-322] INFO  impl.RaftServerProxy (RaftServerProxy.java:addNew(89)) - 4a27d5c5-e706-4f49-9c3b-ede305044aa5: addNew group-643F8C4DDBBD:[] returns group-643F8C4DDBBD:java.util.concurrent.CompletableFuture@4f82623a[Not completed]
2019-08-23 08:35:06,323 [Thread-322] INFO  impl.RaftServerProxy (RaftServerProxy.java:lambda$null$0(191)) - 4a27d5c5-e706-4f49-9c3b-ede305044aa5: found a subdirectory /workdir/hadoop-ozone/integration-test/target/test-dir/MiniOzoneClusterImpl-b0e68d79-38a8-42f3-82e9-8c7446ce8347/datanode-0/data/ratis/0c9c5023-0155-4edc-b2c2-77053e6f4ba6
2019-08-23 08:35:06,323 [Thread-322] INFO  impl.RaftServerProxy (RaftServerProxy.java:addNew(89)) - 4a27d5c5-e706-4f49-9c3b-ede305044aa5: addNew group-77053E6F4BA6:[] returns group-77053E6F4BA6:java.util.concurrent.CompletableFuture@62903415[Not completed]
2019-08-23 08:35:06,324 [Thread-322] INFO  replication.SimpleContainerDownloader (SimpleContainerDownloader.java:<init>(72)) - Starting container downloader service to copy containers to replicate.
2019-08-23 08:35:06,324 [pool-148-thread-1] INFO  impl.RaftServerImpl (RaftServerImpl.java:<init>(93)) - 4a27d5c5-e706-4f49-9c3b-ede305044aa5: new RaftServerImpl for group-643F8C4DDBBD:[] with ContainerStateMachine:uninitialized
2019-08-23 08:35:06,325 [pool-148-thread-1] INFO  server.RaftServerConfigKeys (ConfUtils.java:logGet(43)) - raft.server.rpc.timeout.min = 5s (custom)
2019-08-23 08:35:06,325 [pool-148-thread-1] INFO  server.RaftServerConfigKeys (ConfUtils.java:logGet(43)) - raft.server.rpc.timeout.max = 5200ms (custom)
2019-08-23 08:35:06,325 [pool-148-thread-1] INFO  server.RaftServerConfigKeys (ConfUtils.java:logGet(43)) - raft.server.rpcslowness.timeout = 120s (custom)
2019-08-23 08:35:06,325 [pool-148-thread-1] INFO  server.RaftServerConfigKeys (ConfUtils.java:logGet(43)) - raft.server.sleep.deviation.threshold = 300 (default)
2019-08-23 08:35:06,325 [pool-148-thread-1] INFO  server.RaftServerConfigKeys (ConfUtils.java:logGet(43)) - raft.server.log.appender.install.snapshot.enabled = false (custom)
2019-08-23 08:35:06,325 [pool-148-thread-1] INFO  impl.RaftServerImpl (ServerState.java:<init>(105)) - 4a27d5c5-e706-4f49-9c3b-ede305044aa5:group-643F8C4DDBBD ConfigurationManager, init=-1: [], old=null, confs=<EMPTY_MAP>
2019-08-23 08:35:06,325 [pool-148-thread-1] INFO  server.RaftServerConfigKeys (ConfUtils.java:logGet(43)) - raft.server.storage.dir = [/workdir/hadoop-ozone/integration-test/target/test-dir/MiniOzoneClusterImpl-b0e68d79-38a8-42f3-82e9-8c7446ce8347/datanode-0/data/ratis] (custom)
2019-08-23 08:35:06,326 [Thread-322] INFO  hdfs.DFSUtil (DFSUtil.java:httpServerTemplateForNNAndJN(1641)) - Starting Web-server for hddsDatanode at: http://0.0.0.0:33279
2019-08-23 08:35:06,328 [Thread-322] INFO  server.AuthenticationFilter (AuthenticationFilter.java:constructSecretProvider(240)) - Unable to initialize FileSignerSecretProvider, falling back to use random secrets.
2019-08-23 08:35:06,328 [Thread-322] WARN  http.HttpRequestLog (HttpRequestLog.java:getRequestLog(97)) - Jetty request log can only be enabled using Log4j
2019-08-23 08:35:06,329 [Thread-322] INFO  http.HttpServer2 (HttpServer2.java:addGlobalFilter(975)) - Added global filter 'safety' (class=org.apache.hadoop.http.HttpServer2$QuotingInputFilter)
2019-08-23 08:35:06,330 [Thread-322] INFO  http.HttpServer2 (HttpServer2.java:addFilter(948)) - Added filter static_user_filter (class=org.apache.hadoop.http.lib.StaticUserWebFilter$StaticUserFilter) to context hddsDatanode
2019-08-23 08:35:06,330 [Thread-322] INFO  http.HttpServer2 (HttpServer2.java:addFilter(958)) - Added filter static_user_filter (class=org.apache.hadoop.http.lib.StaticUserWebFilter$StaticUserFilter) to context static
2019-08-23 08:35:06,330 [Thread-322] INFO  http.HttpServer2 (HttpServer2.java:addFilter(958)) - Added filter static_user_filter (class=org.apache.hadoop.http.lib.StaticUserWebFilter$StaticUserFilter) to context logs
2019-08-23 08:35:06,331 [Thread-322] INFO  http.HttpServer2 (HttpServer2.java:bindListener(1191)) - Jetty bound to port 33279
2019-08-23 08:35:06,331 [Thread-322] INFO  server.Server (Server.java:doStart(351)) - jetty-9.3.24.v20180605, build timestamp: 2018-06-05T17:11:56Z, git hash: 84205aa28f11a4f31f2a3b86d1bba2cc8ab69827
2019-08-23 08:35:06,333 [Thread-322] INFO  handler.ContextHandler (ContextHandler.java:doStart(781)) - Started o.e.j.s.ServletContextHandler@7d7161c9{/logs,file:///workdir/hadoop-ozone/integration-test/target/log,AVAILABLE}
2019-08-23 08:35:06,333 [Thread-322] INFO  handler.ContextHandler (ContextHandler.java:doStart(781)) - Started o.e.j.s.ServletContextHandler@3c76a15{/static,jar:file:/home/user/.m2/repository/org/apache/hadoop/hadoop-hdds-container-service/0.5.0-SNAPSHOT/hadoop-hdds-container-service-0.5.0-SNAPSHOT.jar!/webapps/static,AVAILABLE}
2019-08-23 08:35:06,344 [pool-148-thread-1] INFO  storage.RaftStorageDirectory (RaftStorageDirectory.java:tryLock(328)) - Lock on /workdir/hadoop-ozone/integration-test/target/test-dir/MiniOzoneClusterImpl-b0e68d79-38a8-42f3-82e9-8c7446ce8347/datanode-0/data/ratis/a8033735-a061-4110-b1ea-643f8c4ddbbd/in_use.lock acquired by nodename 4939@pr-hdds-2022-djmxw-136905289
2019-08-23 08:35:06,346 [pool-148-thread-1] INFO  ratis.ContainerStateMachine (ContainerStateMachine.java:loadSnapshot(226)) - group-643F8C4DDBBD: The snapshot info is null. Setting the last applied indexto:(t:0, i:~)
2019-08-23 08:35:06,346 [pool-148-thread-1] INFO  server.RaftServerConfigKeys (ConfUtils.java:logGet(43)) - raft.server.leader.election.timeout = 120s (custom)
2019-08-23 08:35:06,346 [pool-148-thread-1] INFO  server.RaftServerConfigKeys (ConfUtils.java:logGet(43)) - raft.server.log.use.memory = false (default)
2019-08-23 08:35:06,346 [pool-148-thread-1] INFO  server.RaftServerConfigKeys (ConfUtils.java:logGet(43)) - raft.server.log.purge.gap = 1000000 (custom)
2019-08-23 08:35:06,346 [pool-148-thread-1] INFO  server.RaftServerConfigKeys (ConfUtils.java:logGet(43)) - raft.server.log.appender.buffer.byte-limit = 33554432 (custom)
2019-08-23 08:35:06,346 [pool-148-thread-1] INFO  server.RaftServerConfigKeys (ConfUtils.java:logGet(43)) - raft.server.log.segment.size.max = 1048576 (custom)
2019-08-23 08:35:06,346 [pool-148-thread-1] INFO  server.RaftServerConfigKeys (ConfUtils.java:logGet(43)) - raft.server.log.segment.cache.num.max = 2 (custom)
2019-08-23 08:35:06,346 [pool-148-thread-1] INFO  segmented.SegmentedRaftLogWorker (SegmentedRaftLogWorker.java:<init>(172)) - new 4a27d5c5-e706-4f49-9c3b-ede305044aa5-SegmentedRaftLogWorker:Storage Directory /workdir/hadoop-ozone/integration-test/target/test-dir/MiniOzoneClusterImpl-b0e68d79-38a8-42f3-82e9-8c7446ce8347/datanode-0/data/ratis/a8033735-a061-4110-b1ea-643f8c4ddbbd for RaftStorage:Storage Directory /workdir/hadoop-ozone/integration-test/target/test-dir/MiniOzoneClusterImpl-b0e68d79-38a8-42f3-82e9-8c7446ce8347/datanode-0/data/ratis/a8033735-a061-4110-b1ea-643f8c4ddbbd
2019-08-23 08:35:06,347 [pool-148-thread-1] INFO  server.RaftServerConfigKeys (ConfUtils.java:logGet(43)) - raft.server.log.queue.byte-limit = 2147483647 (custom)
2019-08-23 08:35:06,347 [pool-148-thread-1] INFO  server.RaftServerConfigKeys (ConfUtils.java:logGet(43)) - raft.server.log.queue.element-limit = 1024 (custom)
2019-08-23 08:35:06,347 [pool-148-thread-1] INFO  server.RaftServerConfigKeys (ConfUtils.java:logGet(43)) - raft.server.log.segment.size.max = 1048576 (custom)
2019-08-23 08:35:06,347 [pool-148-thread-1] INFO  server.RaftServerConfigKeys (ConfUtils.java:logGet(43)) - raft.server.log.preallocated.size = 16384 (custom)
2019-08-23 08:35:06,347 [pool-148-thread-1] INFO  server.RaftServerConfigKeys (ConfUtils.java:logGet(43)) - raft.server.log.write.buffer.size = 33554432 (custom)
2019-08-23 08:35:06,347 [pool-148-thread-1] INFO  server.RaftServerConfigKeys (ConfUtils.java:logGet(43)) - raft.server.log.force.sync.num = 128 (default)
2019-08-23 08:35:06,347 [pool-148-thread-1] INFO  server.RaftServerConfigKeys (ConfUtils.java:logGet(43)) - raft.server.log.statemachine.data.sync = true (default)
2019-08-23 08:35:06,347 [pool-148-thread-1] INFO  server.RaftServerConfigKeys (ConfUtils.java:logGet(43)) - raft.server.log.statemachine.data.sync.timeout = 10s (default)
2019-08-23 08:35:06,347 [pool-148-thread-1] INFO  server.RaftServerConfigKeys (ConfUtils.java:logGet(43)) - raft.server.log.statemachine.data.sync.timeout.retry = -1 (default)
2019-08-23 08:35:06,348 [pool-148-thread-1] INFO  server.RaftServerConfigKeys (ConfUtils.java:logGet(43)) - raft.server.log.statemachine.data.caching.enabled = true (custom)
2019-08-23 08:35:06,351 [EventQueue-StaleNodeForStaleNodeHandler] INFO  node.StaleNodeHandler (StaleNodeHandler.java:onMessage(58)) - Datanode 7e5aa902-2e53-4970-88d9-946662ba2918{ip: 192.168.36.124, host: pr-hdds-2022-djmxw-136905289, networkLocation: /default-rack, certSerialId: null} moved to stale state. Finalizing its pipelines [PipelineID=4539ed5e-35ce-4ada-b1be-2630c53bc54e, PipelineID=0c9c5023-0155-4edc-b2c2-77053e6f4ba6]
2019-08-23 08:35:06,351 [EventQueue-StaleNodeForStaleNodeHandler] INFO  pipeline.SCMPipelineManager (SCMPipelineManager.java:finalizeAndDestroyPipeline(309)) - destroying pipeline:Pipeline[ Id: 4539ed5e-35ce-4ada-b1be-2630c53bc54e, Nodes: 7e5aa902-2e53-4970-88d9-946662ba2918{ip: 192.168.36.124, host: pr-hdds-2022-djmxw-136905289, networkLocation: /default-rack, certSerialId: null}, Type:RATIS, Factor:ONE, State:OPEN]
2019-08-23 08:35:06,351 [EventQueue-StaleNodeForStaleNodeHandler] INFO  pipeline.PipelineStateManager (PipelineStateManager.java:finalizePipeline(123)) - Pipeline Pipeline[ Id: 4539ed5e-35ce-4ada-b1be-2630c53bc54e, Nodes: 7e5aa902-2e53-4970-88d9-946662ba2918{ip: 192.168.36.124, host: pr-hdds-2022-djmxw-136905289, networkLocation: /default-rack, certSerialId: null}, Type:RATIS, Factor:ONE, State:CLOSED] moved to CLOSED state
2019-08-23 08:35:06,352 [EventQueue-StaleNodeForStaleNodeHandler] INFO  pipeline.SCMPipelineManager (SCMPipelineManager.java:finalizeAndDestroyPipeline(309)) - destroying pipeline:Pipeline[ Id: 0c9c5023-0155-4edc-b2c2-77053e6f4ba6, Nodes: 4a27d5c5-e706-4f49-9c3b-ede305044aa5{ip: 192.168.36.124, host: pr-hdds-2022-djmxw-136905289, networkLocation: /default-rack, certSerialId: null}7e5aa902-2e53-4970-88d9-946662ba2918{ip: 192.168.36.124, host: pr-hdds-2022-djmxw-136905289, networkLocation: /default-rack, certSerialId: null}898070de-5342-4931-8fd1-72ad9058b7b1{ip: 192.168.36.124, host: pr-hdds-2022-djmxw-136905289, networkLocation: /default-rack, certSerialId: null}, Type:RATIS, Factor:THREE, State:CLOSED]
2019-08-23 08:35:06,353 [pool-148-thread-1] INFO  impl.RaftServerImpl (ServerState.java:setRaftConf(361)) - 4a27d5c5-e706-4f49-9c3b-ede305044aa5:group-643F8C4DDBBD set configuration 0: [4a27d5c5-e706-4f49-9c3b-ede305044aa5:192.168.36.124:45959], old=null at 0
2019-08-23 08:35:06,354 [pool-148-thread-1] INFO  segmented.LogSegment (LogSegment.java:loadSegment(145)) - Successfully read 1 entries from segment file /workdir/hadoop-ozone/integration-test/target/test-dir/MiniOzoneClusterImpl-b0e68d79-38a8-42f3-82e9-8c7446ce8347/datanode-0/data/ratis/a8033735-a061-4110-b1ea-643f8c4ddbbd/current/log_inprogress_0
2019-08-23 08:35:06,354 [pool-148-thread-1] INFO  segmented.SegmentedRaftLogWorker (SegmentedRaftLogWorker.java:lambda$new$0(132)) - 4a27d5c5-e706-4f49-9c3b-ede305044aa5-SegmentedRaftLogWorker:Storage Directory /workdir/hadoop-ozone/integration-test/target/test-dir/MiniOzoneClusterImpl-b0e68d79-38a8-42f3-82e9-8c7446ce8347/datanode-0/data/ratis/a8033735-a061-4110-b1ea-643f8c4ddbbd: flushIndex: setUnconditionally 0 -> 0
2019-08-23 08:35:06,363 [Thread-322] INFO  handler.ContextHandler (ContextHandler.java:doStart(781)) - Started o.e.j.w.WebAppContext@46c949d4{/,file:///tmp/jetty-0.0.0.0-33279-hddsDatanode-_-any-3047611604434420105.dir/webapp/,AVAILABLE}{/hddsDatanode}
2019-08-23 08:35:06,363 [Thread-322] INFO  server.AbstractConnector (AbstractConnector.java:doStart(278)) - Started ServerConnector@325b436e{HTTP/1.1,[http/1.1]}{0.0.0.0:33279}
2019-08-23 08:35:06,379 [Thread-322] INFO  server.Server (Server.java:doStart(419)) - Started @57894ms
2019-08-23 08:35:06,379 [pool-148-thread-1] INFO  server.RaftServerConfigKeys (ConfUtils.java:logGet(43)) - raft.server.snapshot.auto.trigger.enabled = true (custom)
2019-08-23 08:35:06,379 [pool-148-thread-1] INFO  server.RaftServerConfigKeys (ConfUtils.java:logGet(43)) - raft.server.snapshot.auto.trigger.threshold = 10000 (custom)
2019-08-23 08:35:06,379 [pool-148-thread-1] INFO  server.RaftServerConfigKeys (ConfUtils.java:logGet(43)) - raft.server.retrycache.expirytime = 600000ms (custom)
2019-08-23 08:35:06,379 [Thread-322] INFO  server.BaseHttpServer (BaseHttpServer.java:updateConnectorAddress(213)) - HTTP server of HDDSDATANODE is listening at http://0.0.0.0:33279
2019-08-23 08:35:06,381 [pool-148-thread-1] INFO  impl.RaftServerImpl (RaftServerImpl.java:<init>(93)) - 4a27d5c5-e706-4f49-9c3b-ede305044aa5: new RaftServerImpl for group-77053E6F4BA6:[] with ContainerStateMachine:uninitialized
2019-08-23 08:35:06,381 [pool-148-thread-1] INFO  server.RaftServerConfigKeys (ConfUtils.java:logGet(43)) - raft.server.rpc.timeout.min = 5s (custom)
2019-08-23 08:35:06,381 [pool-148-thread-1] INFO  server.RaftServerConfigKeys (ConfUtils.java:logGet(43)) - raft.server.rpc.timeout.max = 5200ms (custom)
2019-08-23 08:35:06,381 [pool-148-thread-1] INFO  server.RaftServerConfigKeys (ConfUtils.java:logGet(43)) - raft.server.rpcslowness.timeout = 120s (custom)
2019-08-23 08:35:06,381 [pool-148-thread-1] INFO  server.RaftServerConfigKeys (ConfUtils.java:logGet(43)) - raft.server.sleep.deviation.threshold = 300 (default)
2019-08-23 08:35:06,381 [pool-148-thread-1] INFO  server.RaftServerConfigKeys (ConfUtils.java:logGet(43)) - raft.server.log.appender.install.snapshot.enabled = false (custom)
2019-08-23 08:35:06,381 [pool-148-thread-1] INFO  impl.RaftServerImpl (ServerState.java:<init>(105)) - 4a27d5c5-e706-4f49-9c3b-ede305044aa5:group-77053E6F4BA6 ConfigurationManager, init=-1: [], old=null, confs=<EMPTY_MAP>
2019-08-23 08:35:06,381 [pool-148-thread-1] INFO  server.RaftServerConfigKeys (ConfUtils.java:logGet(43)) - raft.server.storage.dir = [/workdir/hadoop-ozone/integration-test/target/test-dir/MiniOzoneClusterImpl-b0e68d79-38a8-42f3-82e9-8c7446ce8347/datanode-0/data/ratis] (custom)
2019-08-23 08:35:06,395 [pool-148-thread-1] INFO  storage.RaftStorageDirectory (RaftStorageDirectory.java:tryLock(328)) - Lock on /workdir/hadoop-ozone/integration-test/target/test-dir/MiniOzoneClusterImpl-b0e68d79-38a8-42f3-82e9-8c7446ce8347/datanode-0/data/ratis/0c9c5023-0155-4edc-b2c2-77053e6f4ba6/in_use.lock acquired by nodename 4939@pr-hdds-2022-djmxw-136905289
2019-08-23 08:35:06,396 [pool-148-thread-1] INFO  ratis.ContainerStateMachine (ContainerStateMachine.java:loadSnapshot(226)) - group-77053E6F4BA6: The snapshot info is null. Setting the last applied indexto:(t:0, i:~)
2019-08-23 08:35:06,396 [pool-148-thread-1] INFO  server.RaftServerConfigKeys (ConfUtils.java:logGet(43)) - raft.server.leader.election.timeout = 120s (custom)
2019-08-23 08:35:06,396 [pool-148-thread-1] INFO  server.RaftServerConfigKeys (ConfUtils.java:logGet(43)) - raft.server.log.use.memory = false (default)
2019-08-23 08:35:06,396 [pool-148-thread-1] INFO  server.RaftServerConfigKeys (ConfUtils.java:logGet(43)) - raft.server.log.purge.gap = 1000000 (custom)
2019-08-23 08:35:06,396 [pool-148-thread-1] INFO  server.RaftServerConfigKeys (ConfUtils.java:logGet(43)) - raft.server.log.appender.buffer.byte-limit = 33554432 (custom)
2019-08-23 08:35:06,396 [pool-148-thread-1] INFO  server.RaftServerConfigKeys (ConfUtils.java:logGet(43)) - raft.server.log.segment.size.max = 1048576 (custom)
2019-08-23 08:35:06,396 [pool-148-thread-1] INFO  server.RaftServerConfigKeys (ConfUtils.java:logGet(43)) - raft.server.log.segment.cache.num.max = 2 (custom)
2019-08-23 08:35:06,397 [pool-148-thread-1] INFO  segmented.SegmentedRaftLogWorker (SegmentedRaftLogWorker.java:<init>(172)) - new 4a27d5c5-e706-4f49-9c3b-ede305044aa5-SegmentedRaftLogWorker:Storage Directory /workdir/hadoop-ozone/integration-test/target/test-dir/MiniOzoneClusterImpl-b0e68d79-38a8-42f3-82e9-8c7446ce8347/datanode-0/data/ratis/0c9c5023-0155-4edc-b2c2-77053e6f4ba6 for RaftStorage:Storage Directory /workdir/hadoop-ozone/integration-test/target/test-dir/MiniOzoneClusterImpl-b0e68d79-38a8-42f3-82e9-8c7446ce8347/datanode-0/data/ratis/0c9c5023-0155-4edc-b2c2-77053e6f4ba6
2019-08-23 08:35:06,397 [pool-148-thread-1] INFO  server.RaftServerConfigKeys (ConfUtils.java:logGet(43)) - raft.server.log.queue.byte-limit = 2147483647 (custom)
2019-08-23 08:35:06,397 [pool-148-thread-1] INFO  server.RaftServerConfigKeys (ConfUtils.java:logGet(43)) - raft.server.log.queue.element-limit = 1024 (custom)
2019-08-23 08:35:06,397 [pool-148-thread-1] INFO  server.RaftServerConfigKeys (ConfUtils.java:logGet(43)) - raft.server.log.segment.size.max = 1048576 (custom)
2019-08-23 08:35:06,397 [pool-148-thread-1] INFO  server.RaftServerConfigKeys (ConfUtils.java:logGet(43)) - raft.server.log.preallocated.size = 16384 (custom)
2019-08-23 08:35:06,397 [pool-148-thread-1] INFO  server.RaftServerConfigKeys (ConfUtils.java:logGet(43)) - raft.server.log.write.buffer.size = 33554432 (custom)
2019-08-23 08:35:06,397 [pool-148-thread-1] INFO  server.RaftServerConfigKeys (ConfUtils.java:logGet(43)) - raft.server.log.force.sync.num = 128 (default)
2019-08-23 08:35:06,397 [pool-148-thread-1] INFO  server.RaftServerConfigKeys (ConfUtils.java:logGet(43)) - raft.server.log.statemachine.data.sync = true (default)
2019-08-23 08:35:06,398 [pool-148-thread-1] INFO  server.RaftServerConfigKeys (ConfUtils.java:logGet(43)) - raft.server.log.statemachine.data.sync.timeout = 10s (default)
2019-08-23 08:35:06,398 [pool-148-thread-1] INFO  server.RaftServerConfigKeys (ConfUtils.java:logGet(43)) - raft.server.log.statemachine.data.sync.timeout.retry = -1 (default)
2019-08-23 08:35:06,398 [pool-148-thread-1] INFO  server.RaftServerConfigKeys (ConfUtils.java:logGet(43)) - raft.server.log.statemachine.data.caching.enabled = true (custom)
2019-08-23 08:35:06,398 [pool-148-thread-1] INFO  impl.RaftServerImpl (ServerState.java:setRaftConf(361)) - 4a27d5c5-e706-4f49-9c3b-ede305044aa5:group-77053E6F4BA6 set configuration 0: [7e5aa902-2e53-4970-88d9-946662ba2918:192.168.36.124:40946, 4a27d5c5-e706-4f49-9c3b-ede305044aa5:192.168.36.124:45959, 898070de-5342-4931-8fd1-72ad9058b7b1:192.168.36.124:42057], old=null at 0
2019-08-23 08:35:06,399 [pool-148-thread-1] INFO  segmented.LogSegment (LogSegment.java:loadSegment(145)) - Successfully read 1 entries from segment file /workdir/hadoop-ozone/integration-test/target/test-dir/MiniOzoneClusterImpl-b0e68d79-38a8-42f3-82e9-8c7446ce8347/datanode-0/data/ratis/0c9c5023-0155-4edc-b2c2-77053e6f4ba6/current/log_inprogress_0
2019-08-23 08:35:06,399 [pool-148-thread-1] INFO  segmented.SegmentedRaftLogWorker (SegmentedRaftLogWorker.java:lambda$new$0(132)) - 4a27d5c5-e706-4f49-9c3b-ede305044aa5-SegmentedRaftLogWorker:Storage Directory /workdir/hadoop-ozone/integration-test/target/test-dir/MiniOzoneClusterImpl-b0e68d79-38a8-42f3-82e9-8c7446ce8347/datanode-0/data/ratis/0c9c5023-0155-4edc-b2c2-77053e6f4ba6: flushIndex: setUnconditionally 0 -> 0
2019-08-23 08:35:06,423 [pool-148-thread-1] INFO  server.RaftServerConfigKeys (ConfUtils.java:logGet(43)) - raft.server.snapshot.auto.trigger.enabled = true (custom)
2019-08-23 08:35:06,423 [pool-148-thread-1] INFO  server.RaftServerConfigKeys (ConfUtils.java:logGet(43)) - raft.server.snapshot.auto.trigger.threshold = 10000 (custom)
2019-08-23 08:35:06,423 [pool-148-thread-1] INFO  server.RaftServerConfigKeys (ConfUtils.java:logGet(43)) - raft.server.retrycache.expirytime = 600000ms (custom)
2019-08-23 08:35:06,519 | INFO  | ObjectStoreRestHttpServer | Listening HDDS REST traffic on /0.0.0.0:39021 |  
2019-08-23 08:35:06,519 [Thread-322] INFO  ozone.HddsDatanodeService (HddsDatanodeService.java:startPlugins(395)) - Started plug-in org.apache.hadoop.ozone.web.OzoneHddsDatanodeService@5d412142
2019-08-23 08:35:06,520 [org.apache.hadoop.util.JvmPauseMonitor$Monitor@382bbb9d] INFO  util.JvmPauseMonitor (JvmPauseMonitor.java:run(188)) - Starting JVM pause monitor
2019-08-23 08:35:06,521 [Thread-322] INFO  impl.MetricsSystemImpl (MetricsSystemImpl.java:init(158)) - HddsDatanode metrics system started (again)
2019-08-23 08:35:06,524 [Thread-322] INFO  ozone.HddsDatanodeService (HddsDatanodeService.java:start(184)) - HddsDatanodeService host:pr-hdds-2022-djmxw-136905289 ip:192.168.36.124
2019-08-23 08:35:06,526 [Thread-322] INFO  volume.VolumeUsage (VolumeUsage.java:loadScmUsed(144)) - Cached ScmUsed found for /workdir/hadoop-ozone/integration-test/target/test-dir/MiniOzoneClusterImpl-b0e68d79-38a8-42f3-82e9-8c7446ce8347/datanode-1/data/containers : 4096 
2019-08-23 08:35:06,527 [Thread-322] INFO  volume.HddsVolume (HddsVolume.java:<init>(176)) - Creating Volume: /workdir/hadoop-ozone/integration-test/target/test-dir/MiniOzoneClusterImpl-b0e68d79-38a8-42f3-82e9-8c7446ce8347/datanode-1/data/containers/hdds of  storage type : DISK and capacity : 1482555576320
2019-08-23 08:35:06,527 [Thread-322] INFO  volume.VolumeSet (VolumeSet.java:initializeVolumeSet(170)) - Added Volume : /workdir/hadoop-ozone/integration-test/target/test-dir/MiniOzoneClusterImpl-b0e68d79-38a8-42f3-82e9-8c7446ce8347/datanode-1/data/containers/hdds to VolumeSet
2019-08-23 08:35:06,527 [Thread-322] INFO  volume.ThrottledAsyncChecker (ThrottledAsyncChecker.java:schedule(140)) - Scheduling a check for org.apache.hadoop.ozone.container.common.volume.HddsVolume@6e5ef3b5
2019-08-23 08:35:06,528 [Thread-322] INFO  volume.HddsVolumeChecker (HddsVolumeChecker.java:checkAllVolumes(203)) - Scheduled health check for volume org.apache.hadoop.ozone.container.common.volume.HddsVolume@6e5ef3b5
2019-08-23 08:35:06,542 [Thread-322] INFO  impl.RaftServerProxy (ConfUtils.java:logGet(43)) - raft.rpc.type = GRPC (default)
2019-08-23 08:35:06,542 [Thread-322] INFO  grpc.GrpcFactory (GrpcFactory.java:checkPooledByteBufAllocatorUseCacheForAllThreads(45)) - PERFORMANCE WARNING: useCacheForAllThreads is true that may cause Netty to create a lot garbage objects and, as a result, trigger GC.
	It is recommended to disable useCacheForAllThreads by setting -Dorg.apache.ratis.thirdparty.io.netty.allocator.useCacheForAllThreads=false in command line.
2019-08-23 08:35:06,542 [Thread-322] INFO  grpc.GrpcConfigKeys$Server (ConfUtils.java:logGet(43)) - raft.grpc.server.port = 42057 (custom)
2019-08-23 08:35:06,542 [Thread-322] INFO  server.GrpcService (ConfUtils.java:logGet(43)) - raft.grpc.message.size.max = 33570816 (custom)
2019-08-23 08:35:06,542 [Thread-322] INFO  server.RaftServerConfigKeys (ConfUtils.java:logGet(43)) - raft.server.log.appender.buffer.byte-limit = 33554432 (custom)
2019-08-23 08:35:06,543 [Thread-322] INFO  server.GrpcService (ConfUtils.java:logGet(43)) - raft.grpc.flow.control.window = 1MB (=1048576) (default)
2019-08-23 08:35:06,543 [Thread-322] INFO  server.RaftServerConfigKeys (ConfUtils.java:logGet(43)) - raft.server.rpc.request.timeout = 3000ms (default)
2019-08-23 08:35:06,543 [Thread-322] INFO  server.RaftServerConfigKeys (ConfUtils.java:logGet(43)) - raft.server.storage.dir = [/workdir/hadoop-ozone/integration-test/target/test-dir/MiniOzoneClusterImpl-b0e68d79-38a8-42f3-82e9-8c7446ce8347/datanode-1/data/ratis] (custom)
2019-08-23 08:35:06,543 [Thread-322] INFO  impl.RaftServerProxy (RaftServerProxy.java:lambda$null$0(191)) - 898070de-5342-4931-8fd1-72ad9058b7b1: found a subdirectory /workdir/hadoop-ozone/integration-test/target/test-dir/MiniOzoneClusterImpl-b0e68d79-38a8-42f3-82e9-8c7446ce8347/datanode-1/data/ratis/0c9c5023-0155-4edc-b2c2-77053e6f4ba6
2019-08-23 08:35:06,544 [Thread-322] INFO  impl.RaftServerProxy (RaftServerProxy.java:addNew(89)) - 898070de-5342-4931-8fd1-72ad9058b7b1: addNew group-77053E6F4BA6:[] returns group-77053E6F4BA6:java.util.concurrent.CompletableFuture@167af536[Not completed]
2019-08-23 08:35:06,544 [Thread-322] INFO  impl.RaftServerProxy (RaftServerProxy.java:lambda$null$0(191)) - 898070de-5342-4931-8fd1-72ad9058b7b1: found a subdirectory /workdir/hadoop-ozone/integration-test/target/test-dir/MiniOzoneClusterImpl-b0e68d79-38a8-42f3-82e9-8c7446ce8347/datanode-1/data/ratis/bb2f293c-cd80-47bb-a715-ed3c4aaca453
2019-08-23 08:35:06,544 [Thread-322] INFO  impl.RaftServerProxy (RaftServerProxy.java:addNew(89)) - 898070de-5342-4931-8fd1-72ad9058b7b1: addNew group-ED3C4AACA453:[] returns group-ED3C4AACA453:java.util.concurrent.CompletableFuture@461273c8[Not completed]
2019-08-23 08:35:06,545 [Thread-322] INFO  replication.SimpleContainerDownloader (SimpleContainerDownloader.java:<init>(72)) - Starting container downloader service to copy containers to replicate.
2019-08-23 08:35:06,545 [pool-159-thread-1] INFO  impl.RaftServerImpl (RaftServerImpl.java:<init>(93)) - 898070de-5342-4931-8fd1-72ad9058b7b1: new RaftServerImpl for group-77053E6F4BA6:[] with ContainerStateMachine:uninitialized
2019-08-23 08:35:06,546 [pool-159-thread-1] INFO  server.RaftServerConfigKeys (ConfUtils.java:logGet(43)) - raft.server.rpc.timeout.min = 5s (custom)
2019-08-23 08:35:06,546 [Thread-322] INFO  hdfs.DFSUtil (DFSUtil.java:httpServerTemplateForNNAndJN(1641)) - Starting Web-server for hddsDatanode at: http://0.0.0.0:39383
2019-08-23 08:35:06,546 [pool-159-thread-1] INFO  server.RaftServerConfigKeys (ConfUtils.java:logGet(43)) - raft.server.rpc.timeout.max = 5200ms (custom)
2019-08-23 08:35:06,546 [pool-159-thread-1] INFO  server.RaftServerConfigKeys (ConfUtils.java:logGet(43)) - raft.server.rpcslowness.timeout = 120s (custom)
2019-08-23 08:35:06,546 [pool-159-thread-1] INFO  server.RaftServerConfigKeys (ConfUtils.java:logGet(43)) - raft.server.sleep.deviation.threshold = 300 (default)
2019-08-23 08:35:06,546 [pool-159-thread-1] INFO  server.RaftServerConfigKeys (ConfUtils.java:logGet(43)) - raft.server.log.appender.install.snapshot.enabled = false (custom)
2019-08-23 08:35:06,546 [pool-159-thread-1] INFO  impl.RaftServerImpl (ServerState.java:<init>(105)) - 898070de-5342-4931-8fd1-72ad9058b7b1:group-77053E6F4BA6 ConfigurationManager, init=-1: [], old=null, confs=<EMPTY_MAP>
2019-08-23 08:35:06,546 [pool-159-thread-1] INFO  server.RaftServerConfigKeys (ConfUtils.java:logGet(43)) - raft.server.storage.dir = [/workdir/hadoop-ozone/integration-test/target/test-dir/MiniOzoneClusterImpl-b0e68d79-38a8-42f3-82e9-8c7446ce8347/datanode-1/data/ratis] (custom)
2019-08-23 08:35:06,547 [Thread-322] INFO  server.AuthenticationFilter (AuthenticationFilter.java:constructSecretProvider(240)) - Unable to initialize FileSignerSecretProvider, falling back to use random secrets.
2019-08-23 08:35:06,548 [Thread-322] WARN  http.HttpRequestLog (HttpRequestLog.java:getRequestLog(97)) - Jetty request log can only be enabled using Log4j
2019-08-23 08:35:06,550 [Thread-322] INFO  http.HttpServer2 (HttpServer2.java:addGlobalFilter(975)) - Added global filter 'safety' (class=org.apache.hadoop.http.HttpServer2$QuotingInputFilter)
2019-08-23 08:35:06,551 [Thread-322] INFO  http.HttpServer2 (HttpServer2.java:addFilter(948)) - Added filter static_user_filter (class=org.apache.hadoop.http.lib.StaticUserWebFilter$StaticUserFilter) to context hddsDatanode
2019-08-23 08:35:06,551 [Thread-322] INFO  http.HttpServer2 (HttpServer2.java:addFilter(958)) - Added filter static_user_filter (class=org.apache.hadoop.http.lib.StaticUserWebFilter$StaticUserFilter) to context static
2019-08-23 08:35:06,551 [Thread-322] INFO  http.HttpServer2 (HttpServer2.java:addFilter(958)) - Added filter static_user_filter (class=org.apache.hadoop.http.lib.StaticUserWebFilter$StaticUserFilter) to context logs
2019-08-23 08:35:06,552 [Thread-322] INFO  http.HttpServer2 (HttpServer2.java:bindListener(1191)) - Jetty bound to port 39383
2019-08-23 08:35:06,552 [Thread-322] INFO  server.Server (Server.java:doStart(351)) - jetty-9.3.24.v20180605, build timestamp: 2018-06-05T17:11:56Z, git hash: 84205aa28f11a4f31f2a3b86d1bba2cc8ab69827
2019-08-23 08:35:06,553 [Thread-322] INFO  handler.ContextHandler (ContextHandler.java:doStart(781)) - Started o.e.j.s.ServletContextHandler@1f0bd370{/logs,file:///workdir/hadoop-ozone/integration-test/target/log,AVAILABLE}
2019-08-23 08:35:06,554 [Thread-322] INFO  handler.ContextHandler (ContextHandler.java:doStart(781)) - Started o.e.j.s.ServletContextHandler@7f51364{/static,jar:file:/home/user/.m2/repository/org/apache/hadoop/hadoop-hdds-container-service/0.5.0-SNAPSHOT/hadoop-hdds-container-service-0.5.0-SNAPSHOT.jar!/webapps/static,AVAILABLE}
2019-08-23 08:35:06,562 [pool-159-thread-1] INFO  storage.RaftStorageDirectory (RaftStorageDirectory.java:tryLock(328)) - Lock on /workdir/hadoop-ozone/integration-test/target/test-dir/MiniOzoneClusterImpl-b0e68d79-38a8-42f3-82e9-8c7446ce8347/datanode-1/data/ratis/0c9c5023-0155-4edc-b2c2-77053e6f4ba6/in_use.lock acquired by nodename 4939@pr-hdds-2022-djmxw-136905289
2019-08-23 08:35:06,562 [pool-159-thread-1] INFO  ratis.ContainerStateMachine (ContainerStateMachine.java:loadSnapshot(226)) - group-77053E6F4BA6: The snapshot info is null. Setting the last applied indexto:(t:0, i:~)
2019-08-23 08:35:06,563 [pool-159-thread-1] INFO  server.RaftServerConfigKeys (ConfUtils.java:logGet(43)) - raft.server.leader.election.timeout = 120s (custom)
2019-08-23 08:35:06,563 [pool-159-thread-1] INFO  server.RaftServerConfigKeys (ConfUtils.java:logGet(43)) - raft.server.log.use.memory = false (default)
2019-08-23 08:35:06,563 [pool-159-thread-1] INFO  server.RaftServerConfigKeys (ConfUtils.java:logGet(43)) - raft.server.log.purge.gap = 1000000 (custom)
2019-08-23 08:35:06,563 [pool-159-thread-1] INFO  server.RaftServerConfigKeys (ConfUtils.java:logGet(43)) - raft.server.log.appender.buffer.byte-limit = 33554432 (custom)
2019-08-23 08:35:06,563 [pool-159-thread-1] INFO  server.RaftServerConfigKeys (ConfUtils.java:logGet(43)) - raft.server.log.segment.size.max = 1048576 (custom)
2019-08-23 08:35:06,564 [pool-159-thread-1] INFO  server.RaftServerConfigKeys (ConfUtils.java:logGet(43)) - raft.server.log.segment.cache.num.max = 2 (custom)
2019-08-23 08:35:06,564 [pool-159-thread-1] INFO  segmented.SegmentedRaftLogWorker (SegmentedRaftLogWorker.java:<init>(172)) - new 898070de-5342-4931-8fd1-72ad9058b7b1-SegmentedRaftLogWorker:Storage Directory /workdir/hadoop-ozone/integration-test/target/test-dir/MiniOzoneClusterImpl-b0e68d79-38a8-42f3-82e9-8c7446ce8347/datanode-1/data/ratis/0c9c5023-0155-4edc-b2c2-77053e6f4ba6 for RaftStorage:Storage Directory /workdir/hadoop-ozone/integration-test/target/test-dir/MiniOzoneClusterImpl-b0e68d79-38a8-42f3-82e9-8c7446ce8347/datanode-1/data/ratis/0c9c5023-0155-4edc-b2c2-77053e6f4ba6
2019-08-23 08:35:06,564 [pool-159-thread-1] INFO  server.RaftServerConfigKeys (ConfUtils.java:logGet(43)) - raft.server.log.queue.byte-limit = 2147483647 (custom)
2019-08-23 08:35:06,564 [pool-159-thread-1] INFO  server.RaftServerConfigKeys (ConfUtils.java:logGet(43)) - raft.server.log.queue.element-limit = 1024 (custom)
2019-08-23 08:35:06,564 [pool-159-thread-1] INFO  server.RaftServerConfigKeys (ConfUtils.java:logGet(43)) - raft.server.log.segment.size.max = 1048576 (custom)
2019-08-23 08:35:06,565 [pool-159-thread-1] INFO  server.RaftServerConfigKeys (ConfUtils.java:logGet(43)) - raft.server.log.preallocated.size = 16384 (custom)
2019-08-23 08:35:06,565 [pool-159-thread-1] INFO  server.RaftServerConfigKeys (ConfUtils.java:logGet(43)) - raft.server.log.write.buffer.size = 33554432 (custom)
2019-08-23 08:35:06,565 [pool-159-thread-1] INFO  server.RaftServerConfigKeys (ConfUtils.java:logGet(43)) - raft.server.log.force.sync.num = 128 (default)
2019-08-23 08:35:06,565 [pool-159-thread-1] INFO  server.RaftServerConfigKeys (ConfUtils.java:logGet(43)) - raft.server.log.statemachine.data.sync = true (default)
2019-08-23 08:35:06,565 [pool-159-thread-1] INFO  server.RaftServerConfigKeys (ConfUtils.java:logGet(43)) - raft.server.log.statemachine.data.sync.timeout = 10s (default)
2019-08-23 08:35:06,565 [pool-159-thread-1] INFO  server.RaftServerConfigKeys (ConfUtils.java:logGet(43)) - raft.server.log.statemachine.data.sync.timeout.retry = -1 (default)
2019-08-23 08:35:06,566 [pool-159-thread-1] INFO  server.RaftServerConfigKeys (ConfUtils.java:logGet(43)) - raft.server.log.statemachine.data.caching.enabled = true (custom)
2019-08-23 08:35:06,567 [pool-159-thread-1] INFO  impl.RaftServerImpl (ServerState.java:setRaftConf(361)) - 898070de-5342-4931-8fd1-72ad9058b7b1:group-77053E6F4BA6 set configuration 0: [7e5aa902-2e53-4970-88d9-946662ba2918:192.168.36.124:40946, 4a27d5c5-e706-4f49-9c3b-ede305044aa5:192.168.36.124:45959, 898070de-5342-4931-8fd1-72ad9058b7b1:192.168.36.124:42057], old=null at 0
2019-08-23 08:35:06,567 [pool-159-thread-1] INFO  segmented.LogSegment (LogSegment.java:loadSegment(145)) - Successfully read 1 entries from segment file /workdir/hadoop-ozone/integration-test/target/test-dir/MiniOzoneClusterImpl-b0e68d79-38a8-42f3-82e9-8c7446ce8347/datanode-1/data/ratis/0c9c5023-0155-4edc-b2c2-77053e6f4ba6/current/log_inprogress_0
2019-08-23 08:35:06,568 [pool-159-thread-1] INFO  segmented.SegmentedRaftLogWorker (SegmentedRaftLogWorker.java:lambda$new$0(132)) - 898070de-5342-4931-8fd1-72ad9058b7b1-SegmentedRaftLogWorker:Storage Directory /workdir/hadoop-ozone/integration-test/target/test-dir/MiniOzoneClusterImpl-b0e68d79-38a8-42f3-82e9-8c7446ce8347/datanode-1/data/ratis/0c9c5023-0155-4edc-b2c2-77053e6f4ba6: flushIndex: setUnconditionally 0 -> 0
2019-08-23 08:35:06,584 [Thread-322] INFO  handler.ContextHandler (ContextHandler.java:doStart(781)) - Started o.e.j.w.WebAppContext@1098513a{/,file:///tmp/jetty-0.0.0.0-39383-hddsDatanode-_-any-1337485129612931654.dir/webapp/,AVAILABLE}{/hddsDatanode}
2019-08-23 08:35:06,584 [Thread-322] INFO  server.AbstractConnector (AbstractConnector.java:doStart(278)) - Started ServerConnector@5aa75dc6{HTTP/1.1,[http/1.1]}{0.0.0.0:39383}
2019-08-23 08:35:06,598 [pool-159-thread-1] INFO  server.RaftServerConfigKeys (ConfUtils.java:logGet(43)) - raft.server.snapshot.auto.trigger.enabled = true (custom)
2019-08-23 08:35:06,598 [pool-159-thread-1] INFO  server.RaftServerConfigKeys (ConfUtils.java:logGet(43)) - raft.server.snapshot.auto.trigger.threshold = 10000 (custom)
2019-08-23 08:35:06,598 [Thread-322] INFO  server.Server (Server.java:doStart(419)) - Started @58113ms
2019-08-23 08:35:06,598 [pool-159-thread-1] INFO  server.RaftServerConfigKeys (ConfUtils.java:logGet(43)) - raft.server.retrycache.expirytime = 600000ms (custom)
2019-08-23 08:35:06,599 [Thread-322] INFO  server.BaseHttpServer (BaseHttpServer.java:updateConnectorAddress(213)) - HTTP server of HDDSDATANODE is listening at http://0.0.0.0:39383
2019-08-23 08:35:06,601 [pool-159-thread-1] INFO  impl.RaftServerImpl (RaftServerImpl.java:<init>(93)) - 898070de-5342-4931-8fd1-72ad9058b7b1: new RaftServerImpl for group-ED3C4AACA453:[] with ContainerStateMachine:uninitialized
2019-08-23 08:35:06,601 [pool-159-thread-1] INFO  server.RaftServerConfigKeys (ConfUtils.java:logGet(43)) - raft.server.rpc.timeout.min = 5s (custom)
2019-08-23 08:35:06,601 [pool-159-thread-1] INFO  server.RaftServerConfigKeys (ConfUtils.java:logGet(43)) - raft.server.rpc.timeout.max = 5200ms (custom)
2019-08-23 08:35:06,601 [pool-159-thread-1] INFO  server.RaftServerConfigKeys (ConfUtils.java:logGet(43)) - raft.server.rpcslowness.timeout = 120s (custom)
2019-08-23 08:35:06,601 [pool-159-thread-1] INFO  server.RaftServerConfigKeys (ConfUtils.java:logGet(43)) - raft.server.sleep.deviation.threshold = 300 (default)
2019-08-23 08:35:06,601 [pool-159-thread-1] INFO  server.RaftServerConfigKeys (ConfUtils.java:logGet(43)) - raft.server.log.appender.install.snapshot.enabled = false (custom)
2019-08-23 08:35:06,601 [pool-159-thread-1] INFO  impl.RaftServerImpl (ServerState.java:<init>(105)) - 898070de-5342-4931-8fd1-72ad9058b7b1:group-ED3C4AACA453 ConfigurationManager, init=-1: [], old=null, confs=<EMPTY_MAP>
2019-08-23 08:35:06,602 [pool-159-thread-1] INFO  server.RaftServerConfigKeys (ConfUtils.java:logGet(43)) - raft.server.storage.dir = [/workdir/hadoop-ozone/integration-test/target/test-dir/MiniOzoneClusterImpl-b0e68d79-38a8-42f3-82e9-8c7446ce8347/datanode-1/data/ratis] (custom)
2019-08-23 08:35:06,616 [pool-159-thread-1] INFO  storage.RaftStorageDirectory (RaftStorageDirectory.java:tryLock(328)) - Lock on /workdir/hadoop-ozone/integration-test/target/test-dir/MiniOzoneClusterImpl-b0e68d79-38a8-42f3-82e9-8c7446ce8347/datanode-1/data/ratis/bb2f293c-cd80-47bb-a715-ed3c4aaca453/in_use.lock acquired by nodename 4939@pr-hdds-2022-djmxw-136905289
2019-08-23 08:35:06,617 [pool-159-thread-1] INFO  ratis.ContainerStateMachine (ContainerStateMachine.java:loadSnapshot(226)) - group-ED3C4AACA453: The snapshot info is null. Setting the last applied indexto:(t:0, i:~)
2019-08-23 08:35:06,617 [pool-159-thread-1] INFO  server.RaftServerConfigKeys (ConfUtils.java:logGet(43)) - raft.server.leader.election.timeout = 120s (custom)
2019-08-23 08:35:06,617 [pool-159-thread-1] INFO  server.RaftServerConfigKeys (ConfUtils.java:logGet(43)) - raft.server.log.use.memory = false (default)
2019-08-23 08:35:06,617 [pool-159-thread-1] INFO  server.RaftServerConfigKeys (ConfUtils.java:logGet(43)) - raft.server.log.purge.gap = 1000000 (custom)
2019-08-23 08:35:06,618 [pool-159-thread-1] INFO  server.RaftServerConfigKeys (ConfUtils.java:logGet(43)) - raft.server.log.appender.buffer.byte-limit = 33554432 (custom)
2019-08-23 08:35:06,618 [pool-159-thread-1] INFO  server.RaftServerConfigKeys (ConfUtils.java:logGet(43)) - raft.server.log.segment.size.max = 1048576 (custom)
2019-08-23 08:35:06,618 [pool-159-thread-1] INFO  server.RaftServerConfigKeys (ConfUtils.java:logGet(43)) - raft.server.log.segment.cache.num.max = 2 (custom)
2019-08-23 08:35:06,618 [pool-159-thread-1] INFO  segmented.SegmentedRaftLogWorker (SegmentedRaftLogWorker.java:<init>(172)) - new 898070de-5342-4931-8fd1-72ad9058b7b1-SegmentedRaftLogWorker:Storage Directory /workdir/hadoop-ozone/integration-test/target/test-dir/MiniOzoneClusterImpl-b0e68d79-38a8-42f3-82e9-8c7446ce8347/datanode-1/data/ratis/bb2f293c-cd80-47bb-a715-ed3c4aaca453 for RaftStorage:Storage Directory /workdir/hadoop-ozone/integration-test/target/test-dir/MiniOzoneClusterImpl-b0e68d79-38a8-42f3-82e9-8c7446ce8347/datanode-1/data/ratis/bb2f293c-cd80-47bb-a715-ed3c4aaca453
2019-08-23 08:35:06,618 [pool-159-thread-1] INFO  server.RaftServerConfigKeys (ConfUtils.java:logGet(43)) - raft.server.log.queue.byte-limit = 2147483647 (custom)
2019-08-23 08:35:06,618 [pool-159-thread-1] INFO  server.RaftServerConfigKeys (ConfUtils.java:logGet(43)) - raft.server.log.queue.element-limit = 1024 (custom)
2019-08-23 08:35:06,619 [pool-159-thread-1] INFO  server.RaftServerConfigKeys (ConfUtils.java:logGet(43)) - raft.server.log.segment.size.max = 1048576 (custom)
2019-08-23 08:35:06,619 [pool-159-thread-1] INFO  server.RaftServerConfigKeys (ConfUtils.java:logGet(43)) - raft.server.log.preallocated.size = 16384 (custom)
2019-08-23 08:35:06,619 [pool-159-thread-1] INFO  server.RaftServerConfigKeys (ConfUtils.java:logGet(43)) - raft.server.log.write.buffer.size = 33554432 (custom)
2019-08-23 08:35:06,619 [pool-159-thread-1] INFO  server.RaftServerConfigKeys (ConfUtils.java:logGet(43)) - raft.server.log.force.sync.num = 128 (default)
2019-08-23 08:35:06,619 [pool-159-thread-1] INFO  server.RaftServerConfigKeys (ConfUtils.java:logGet(43)) - raft.server.log.statemachine.data.sync = true (default)
2019-08-23 08:35:06,619 [pool-159-thread-1] INFO  server.RaftServerConfigKeys (ConfUtils.java:logGet(43)) - raft.server.log.statemachine.data.sync.timeout = 10s (default)
2019-08-23 08:35:06,620 [pool-159-thread-1] INFO  server.RaftServerConfigKeys (ConfUtils.java:logGet(43)) - raft.server.log.statemachine.data.sync.timeout.retry = -1 (default)
2019-08-23 08:35:06,620 [pool-159-thread-1] INFO  server.RaftServerConfigKeys (ConfUtils.java:logGet(43)) - raft.server.log.statemachine.data.caching.enabled = true (custom)
2019-08-23 08:35:06,621 [pool-159-thread-1] INFO  impl.RaftServerImpl (ServerState.java:setRaftConf(361)) - 898070de-5342-4931-8fd1-72ad9058b7b1:group-ED3C4AACA453 set configuration 0: [898070de-5342-4931-8fd1-72ad9058b7b1:192.168.36.124:42057], old=null at 0
2019-08-23 08:35:06,621 [pool-159-thread-1] INFO  segmented.LogSegment (LogSegment.java:loadSegment(145)) - Successfully read 1 entries from segment file /workdir/hadoop-ozone/integration-test/target/test-dir/MiniOzoneClusterImpl-b0e68d79-38a8-42f3-82e9-8c7446ce8347/datanode-1/data/ratis/bb2f293c-cd80-47bb-a715-ed3c4aaca453/current/log_inprogress_0
2019-08-23 08:35:06,621 [pool-159-thread-1] INFO  segmented.SegmentedRaftLogWorker (SegmentedRaftLogWorker.java:lambda$new$0(132)) - 898070de-5342-4931-8fd1-72ad9058b7b1-SegmentedRaftLogWorker:Storage Directory /workdir/hadoop-ozone/integration-test/target/test-dir/MiniOzoneClusterImpl-b0e68d79-38a8-42f3-82e9-8c7446ce8347/datanode-1/data/ratis/bb2f293c-cd80-47bb-a715-ed3c4aaca453: flushIndex: setUnconditionally 0 -> 0
2019-08-23 08:35:06,648 [pool-159-thread-1] INFO  server.RaftServerConfigKeys (ConfUtils.java:logGet(43)) - raft.server.snapshot.auto.trigger.enabled = true (custom)
2019-08-23 08:35:06,648 [pool-159-thread-1] INFO  server.RaftServerConfigKeys (ConfUtils.java:logGet(43)) - raft.server.snapshot.auto.trigger.threshold = 10000 (custom)
2019-08-23 08:35:06,648 [pool-159-thread-1] INFO  server.RaftServerConfigKeys (ConfUtils.java:logGet(43)) - raft.server.retrycache.expirytime = 600000ms (custom)
2019-08-23 08:35:06,730 | INFO  | ObjectStoreRestHttpServer | Listening HDDS REST traffic on /0.0.0.0:42030 |  
2019-08-23 08:35:06,730 [Thread-322] INFO  ozone.HddsDatanodeService (HddsDatanodeService.java:startPlugins(395)) - Started plug-in org.apache.hadoop.ozone.web.OzoneHddsDatanodeService@6f20bdfd
2019-08-23 08:35:06,731 [org.apache.hadoop.util.JvmPauseMonitor$Monitor@416dbc2b] INFO  util.JvmPauseMonitor (JvmPauseMonitor.java:run(188)) - Starting JVM pause monitor
2019-08-23 08:35:06,732 [Thread-322] INFO  impl.MetricsSystemImpl (MetricsSystemImpl.java:init(158)) - HddsDatanode metrics system started (again)
2019-08-23 08:35:06,737 [Thread-322] INFO  ozone.HddsDatanodeService (HddsDatanodeService.java:start(184)) - HddsDatanodeService host:pr-hdds-2022-djmxw-136905289 ip:192.168.36.124
2019-08-23 08:35:06,740 [Thread-322] INFO  volume.VolumeUsage (VolumeUsage.java:loadScmUsed(144)) - Cached ScmUsed found for /workdir/hadoop-ozone/integration-test/target/test-dir/MiniOzoneClusterImpl-b0e68d79-38a8-42f3-82e9-8c7446ce8347/datanode-2/data/containers : 4096 
2019-08-23 08:35:06,740 [Thread-322] INFO  volume.HddsVolume (HddsVolume.java:<init>(176)) - Creating Volume: /workdir/hadoop-ozone/integration-test/target/test-dir/MiniOzoneClusterImpl-b0e68d79-38a8-42f3-82e9-8c7446ce8347/datanode-2/data/containers/hdds of  storage type : DISK and capacity : 1482555576320
2019-08-23 08:35:06,741 [Thread-322] INFO  volume.VolumeSet (VolumeSet.java:initializeVolumeSet(170)) - Added Volume : /workdir/hadoop-ozone/integration-test/target/test-dir/MiniOzoneClusterImpl-b0e68d79-38a8-42f3-82e9-8c7446ce8347/datanode-2/data/containers/hdds to VolumeSet
2019-08-23 08:35:06,741 [Thread-322] INFO  volume.ThrottledAsyncChecker (ThrottledAsyncChecker.java:schedule(140)) - Scheduling a check for org.apache.hadoop.ozone.container.common.volume.HddsVolume@5c857b27
2019-08-23 08:35:06,742 [Thread-322] INFO  volume.HddsVolumeChecker (HddsVolumeChecker.java:checkAllVolumes(203)) - Scheduled health check for volume org.apache.hadoop.ozone.container.common.volume.HddsVolume@5c857b27
2019-08-23 08:35:06,762 [Thread-322] INFO  impl.RaftServerProxy (ConfUtils.java:logGet(43)) - raft.rpc.type = GRPC (default)
2019-08-23 08:35:06,763 [Thread-322] INFO  grpc.GrpcFactory (GrpcFactory.java:checkPooledByteBufAllocatorUseCacheForAllThreads(45)) - PERFORMANCE WARNING: useCacheForAllThreads is true that may cause Netty to create a lot garbage objects and, as a result, trigger GC.
	It is recommended to disable useCacheForAllThreads by setting -Dorg.apache.ratis.thirdparty.io.netty.allocator.useCacheForAllThreads=false in command line.
2019-08-23 08:35:06,763 [Thread-322] INFO  grpc.GrpcConfigKeys$Server (ConfUtils.java:logGet(43)) - raft.grpc.server.port = 40946 (custom)
2019-08-23 08:35:06,763 [Thread-322] INFO  server.GrpcService (ConfUtils.java:logGet(43)) - raft.grpc.message.size.max = 33570816 (custom)
2019-08-23 08:35:06,763 [Thread-322] INFO  server.RaftServerConfigKeys (ConfUtils.java:logGet(43)) - raft.server.log.appender.buffer.byte-limit = 33554432 (custom)
2019-08-23 08:35:06,764 [Thread-322] INFO  server.GrpcService (ConfUtils.java:logGet(43)) - raft.grpc.flow.control.window = 1MB (=1048576) (default)
2019-08-23 08:35:06,764 [Thread-322] INFO  server.RaftServerConfigKeys (ConfUtils.java:logGet(43)) - raft.server.rpc.request.timeout = 3000ms (default)
2019-08-23 08:35:06,765 [Thread-322] INFO  server.RaftServerConfigKeys (ConfUtils.java:logGet(43)) - raft.server.storage.dir = [/workdir/hadoop-ozone/integration-test/target/test-dir/MiniOzoneClusterImpl-b0e68d79-38a8-42f3-82e9-8c7446ce8347/datanode-2/data/ratis] (custom)
2019-08-23 08:35:06,765 [Thread-322] INFO  impl.RaftServerProxy (RaftServerProxy.java:lambda$null$0(191)) - 7e5aa902-2e53-4970-88d9-946662ba2918: found a subdirectory /workdir/hadoop-ozone/integration-test/target/test-dir/MiniOzoneClusterImpl-b0e68d79-38a8-42f3-82e9-8c7446ce8347/datanode-2/data/ratis/4539ed5e-35ce-4ada-b1be-2630c53bc54e
2019-08-23 08:35:06,765 [Thread-322] INFO  impl.RaftServerProxy (RaftServerProxy.java:addNew(89)) - 7e5aa902-2e53-4970-88d9-946662ba2918: addNew group-2630C53BC54E:[] returns group-2630C53BC54E:java.util.concurrent.CompletableFuture@653bdbba[Not completed]
2019-08-23 08:35:06,766 [Thread-322] INFO  impl.RaftServerProxy (RaftServerProxy.java:lambda$null$0(191)) - 7e5aa902-2e53-4970-88d9-946662ba2918: found a subdirectory /workdir/hadoop-ozone/integration-test/target/test-dir/MiniOzoneClusterImpl-b0e68d79-38a8-42f3-82e9-8c7446ce8347/datanode-2/data/ratis/0c9c5023-0155-4edc-b2c2-77053e6f4ba6
2019-08-23 08:35:06,766 [Thread-322] INFO  impl.RaftServerProxy (RaftServerProxy.java:addNew(89)) - 7e5aa902-2e53-4970-88d9-946662ba2918: addNew group-77053E6F4BA6:[] returns group-77053E6F4BA6:java.util.concurrent.CompletableFuture@3b3ed283[Not completed]
2019-08-23 08:35:06,766 [Thread-322] INFO  replication.SimpleContainerDownloader (SimpleContainerDownloader.java:<init>(72)) - Starting container downloader service to copy containers to replicate.
2019-08-23 08:35:06,767 [pool-170-thread-1] INFO  impl.RaftServerImpl (RaftServerImpl.java:<init>(93)) - 7e5aa902-2e53-4970-88d9-946662ba2918: new RaftServerImpl for group-2630C53BC54E:[] with ContainerStateMachine:uninitialized
2019-08-23 08:35:06,767 [pool-170-thread-1] INFO  server.RaftServerConfigKeys (ConfUtils.java:logGet(43)) - raft.server.rpc.timeout.min = 5s (custom)
2019-08-23 08:35:06,767 [pool-170-thread-1] INFO  server.RaftServerConfigKeys (ConfUtils.java:logGet(43)) - raft.server.rpc.timeout.max = 5200ms (custom)
2019-08-23 08:35:06,767 [pool-170-thread-1] INFO  server.RaftServerConfigKeys (ConfUtils.java:logGet(43)) - raft.server.rpcslowness.timeout = 120s (custom)
2019-08-23 08:35:06,767 [pool-170-thread-1] INFO  server.RaftServerConfigKeys (ConfUtils.java:logGet(43)) - raft.server.sleep.deviation.threshold = 300 (default)
2019-08-23 08:35:06,767 [Thread-322] INFO  hdfs.DFSUtil (DFSUtil.java:httpServerTemplateForNNAndJN(1641)) - Starting Web-server for hddsDatanode at: http://0.0.0.0:40459
2019-08-23 08:35:06,767 [pool-170-thread-1] INFO  server.RaftServerConfigKeys (ConfUtils.java:logGet(43)) - raft.server.log.appender.install.snapshot.enabled = false (custom)
2019-08-23 08:35:06,768 [pool-170-thread-1] INFO  impl.RaftServerImpl (ServerState.java:<init>(105)) - 7e5aa902-2e53-4970-88d9-946662ba2918:group-2630C53BC54E ConfigurationManager, init=-1: [], old=null, confs=<EMPTY_MAP>
2019-08-23 08:35:06,768 [pool-170-thread-1] INFO  server.RaftServerConfigKeys (ConfUtils.java:logGet(43)) - raft.server.storage.dir = [/workdir/hadoop-ozone/integration-test/target/test-dir/MiniOzoneClusterImpl-b0e68d79-38a8-42f3-82e9-8c7446ce8347/datanode-2/data/ratis] (custom)
2019-08-23 08:35:06,769 [Thread-322] INFO  server.AuthenticationFilter (AuthenticationFilter.java:constructSecretProvider(240)) - Unable to initialize FileSignerSecretProvider, falling back to use random secrets.
2019-08-23 08:35:06,770 [Thread-322] WARN  http.HttpRequestLog (HttpRequestLog.java:getRequestLog(97)) - Jetty request log can only be enabled using Log4j
2019-08-23 08:35:06,771 [Thread-322] INFO  http.HttpServer2 (HttpServer2.java:addGlobalFilter(975)) - Added global filter 'safety' (class=org.apache.hadoop.http.HttpServer2$QuotingInputFilter)
2019-08-23 08:35:06,772 [Thread-322] INFO  http.HttpServer2 (HttpServer2.java:addFilter(948)) - Added filter static_user_filter (class=org.apache.hadoop.http.lib.StaticUserWebFilter$StaticUserFilter) to context hddsDatanode
2019-08-23 08:35:06,772 [Thread-322] INFO  http.HttpServer2 (HttpServer2.java:addFilter(958)) - Added filter static_user_filter (class=org.apache.hadoop.http.lib.StaticUserWebFilter$StaticUserFilter) to context logs
2019-08-23 08:35:06,772 [Thread-322] INFO  http.HttpServer2 (HttpServer2.java:addFilter(958)) - Added filter static_user_filter (class=org.apache.hadoop.http.lib.StaticUserWebFilter$StaticUserFilter) to context static
2019-08-23 08:35:06,773 [Thread-322] INFO  http.HttpServer2 (HttpServer2.java:bindListener(1191)) - Jetty bound to port 40459
2019-08-23 08:35:06,773 [Thread-322] INFO  server.Server (Server.java:doStart(351)) - jetty-9.3.24.v20180605, build timestamp: 2018-06-05T17:11:56Z, git hash: 84205aa28f11a4f31f2a3b86d1bba2cc8ab69827
2019-08-23 08:35:06,775 [Thread-322] INFO  handler.ContextHandler (ContextHandler.java:doStart(781)) - Started o.e.j.s.ServletContextHandler@62ee09ff{/logs,file:///workdir/hadoop-ozone/integration-test/target/log,AVAILABLE}
2019-08-23 08:35:06,775 [Thread-322] INFO  handler.ContextHandler (ContextHandler.java:doStart(781)) - Started o.e.j.s.ServletContextHandler@129c8ccb{/static,jar:file:/home/user/.m2/repository/org/apache/hadoop/hadoop-hdds-container-service/0.5.0-SNAPSHOT/hadoop-hdds-container-service-0.5.0-SNAPSHOT.jar!/webapps/static,AVAILABLE}
2019-08-23 08:35:06,802 [pool-170-thread-1] INFO  storage.RaftStorageDirectory (RaftStorageDirectory.java:tryLock(328)) - Lock on /workdir/hadoop-ozone/integration-test/target/test-dir/MiniOzoneClusterImpl-b0e68d79-38a8-42f3-82e9-8c7446ce8347/datanode-2/data/ratis/4539ed5e-35ce-4ada-b1be-2630c53bc54e/in_use.lock acquired by nodename 4939@pr-hdds-2022-djmxw-136905289
2019-08-23 08:35:06,803 [pool-170-thread-1] INFO  ratis.ContainerStateMachine (ContainerStateMachine.java:loadSnapshot(226)) - group-2630C53BC54E: The snapshot info is null. Setting the last applied indexto:(t:0, i:~)
2019-08-23 08:35:06,803 [pool-170-thread-1] INFO  server.RaftServerConfigKeys (ConfUtils.java:logGet(43)) - raft.server.leader.election.timeout = 120s (custom)
2019-08-23 08:35:06,804 [pool-170-thread-1] INFO  server.RaftServerConfigKeys (ConfUtils.java:logGet(43)) - raft.server.log.use.memory = false (default)
2019-08-23 08:35:06,804 [pool-170-thread-1] INFO  server.RaftServerConfigKeys (ConfUtils.java:logGet(43)) - raft.server.log.purge.gap = 1000000 (custom)
2019-08-23 08:35:06,804 [pool-170-thread-1] INFO  server.RaftServerConfigKeys (ConfUtils.java:logGet(43)) - raft.server.log.appender.buffer.byte-limit = 33554432 (custom)
2019-08-23 08:35:06,804 [pool-170-thread-1] INFO  server.RaftServerConfigKeys (ConfUtils.java:logGet(43)) - raft.server.log.segment.size.max = 1048576 (custom)
2019-08-23 08:35:06,804 [pool-170-thread-1] INFO  server.RaftServerConfigKeys (ConfUtils.java:logGet(43)) - raft.server.log.segment.cache.num.max = 2 (custom)
2019-08-23 08:35:06,804 [pool-170-thread-1] INFO  segmented.SegmentedRaftLogWorker (SegmentedRaftLogWorker.java:<init>(172)) - new 7e5aa902-2e53-4970-88d9-946662ba2918-SegmentedRaftLogWorker:Storage Directory /workdir/hadoop-ozone/integration-test/target/test-dir/MiniOzoneClusterImpl-b0e68d79-38a8-42f3-82e9-8c7446ce8347/datanode-2/data/ratis/4539ed5e-35ce-4ada-b1be-2630c53bc54e for RaftStorage:Storage Directory /workdir/hadoop-ozone/integration-test/target/test-dir/MiniOzoneClusterImpl-b0e68d79-38a8-42f3-82e9-8c7446ce8347/datanode-2/data/ratis/4539ed5e-35ce-4ada-b1be-2630c53bc54e
2019-08-23 08:35:06,804 [pool-170-thread-1] INFO  server.RaftServerConfigKeys (ConfUtils.java:logGet(43)) - raft.server.log.queue.byte-limit = 2147483647 (custom)
2019-08-23 08:35:06,804 [pool-170-thread-1] INFO  server.RaftServerConfigKeys (ConfUtils.java:logGet(43)) - raft.server.log.queue.element-limit = 1024 (custom)
2019-08-23 08:35:06,804 [pool-170-thread-1] INFO  server.RaftServerConfigKeys (ConfUtils.java:logGet(43)) - raft.server.log.segment.size.max = 1048576 (custom)
2019-08-23 08:35:06,805 [pool-170-thread-1] INFO  server.RaftServerConfigKeys (ConfUtils.java:logGet(43)) - raft.server.log.preallocated.size = 16384 (custom)
2019-08-23 08:35:06,805 [pool-170-thread-1] INFO  server.RaftServerConfigKeys (ConfUtils.java:logGet(43)) - raft.server.log.write.buffer.size = 33554432 (custom)
2019-08-23 08:35:06,805 [pool-170-thread-1] INFO  server.RaftServerConfigKeys (ConfUtils.java:logGet(43)) - raft.server.log.force.sync.num = 128 (default)
2019-08-23 08:35:06,805 [pool-170-thread-1] INFO  server.RaftServerConfigKeys (ConfUtils.java:logGet(43)) - raft.server.log.statemachine.data.sync = true (default)
2019-08-23 08:35:06,805 [pool-170-thread-1] INFO  server.RaftServerConfigKeys (ConfUtils.java:logGet(43)) - raft.server.log.statemachine.data.sync.timeout = 10s (default)
2019-08-23 08:35:06,805 [pool-170-thread-1] INFO  server.RaftServerConfigKeys (ConfUtils.java:logGet(43)) - raft.server.log.statemachine.data.sync.timeout.retry = -1 (default)
2019-08-23 08:35:06,805 [pool-170-thread-1] INFO  server.RaftServerConfigKeys (ConfUtils.java:logGet(43)) - raft.server.log.statemachine.data.caching.enabled = true (custom)
2019-08-23 08:35:06,806 [pool-170-thread-1] INFO  impl.RaftServerImpl (ServerState.java:setRaftConf(361)) - 7e5aa902-2e53-4970-88d9-946662ba2918:group-2630C53BC54E set configuration 0: [7e5aa902-2e53-4970-88d9-946662ba2918:192.168.36.124:40946], old=null at 0
2019-08-23 08:35:06,806 [pool-170-thread-1] INFO  segmented.LogSegment (LogSegment.java:loadSegment(145)) - Successfully read 1 entries from segment file /workdir/hadoop-ozone/integration-test/target/test-dir/MiniOzoneClusterImpl-b0e68d79-38a8-42f3-82e9-8c7446ce8347/datanode-2/data/ratis/4539ed5e-35ce-4ada-b1be-2630c53bc54e/current/log_inprogress_0
2019-08-23 08:35:06,806 [pool-170-thread-1] INFO  segmented.SegmentedRaftLogWorker (SegmentedRaftLogWorker.java:lambda$new$0(132)) - 7e5aa902-2e53-4970-88d9-946662ba2918-SegmentedRaftLogWorker:Storage Directory /workdir/hadoop-ozone/integration-test/target/test-dir/MiniOzoneClusterImpl-b0e68d79-38a8-42f3-82e9-8c7446ce8347/datanode-2/data/ratis/4539ed5e-35ce-4ada-b1be-2630c53bc54e: flushIndex: setUnconditionally 0 -> 0
2019-08-23 08:35:06,818 [Thread-322] INFO  handler.ContextHandler (ContextHandler.java:doStart(781)) - Started o.e.j.w.WebAppContext@4ae25335{/,file:///tmp/jetty-0.0.0.0-40459-hddsDatanode-_-any-1828798452984998215.dir/webapp/,AVAILABLE}{/hddsDatanode}
2019-08-23 08:35:06,819 [Thread-322] INFO  server.AbstractConnector (AbstractConnector.java:doStart(278)) - Started ServerConnector@1337447b{HTTP/1.1,[http/1.1]}{0.0.0.0:40459}
2019-08-23 08:35:06,831 [Thread-322] INFO  server.Server (Server.java:doStart(419)) - Started @58346ms
2019-08-23 08:35:06,831 [pool-170-thread-1] INFO  server.RaftServerConfigKeys (ConfUtils.java:logGet(43)) - raft.server.snapshot.auto.trigger.enabled = true (custom)
2019-08-23 08:35:06,831 [pool-170-thread-1] INFO  server.RaftServerConfigKeys (ConfUtils.java:logGet(43)) - raft.server.snapshot.auto.trigger.threshold = 10000 (custom)
2019-08-23 08:35:06,831 [pool-170-thread-1] INFO  server.RaftServerConfigKeys (ConfUtils.java:logGet(43)) - raft.server.retrycache.expirytime = 600000ms (custom)
2019-08-23 08:35:06,832 [Thread-322] INFO  server.BaseHttpServer (BaseHttpServer.java:updateConnectorAddress(213)) - HTTP server of HDDSDATANODE is listening at http://0.0.0.0:40459
2019-08-23 08:35:06,833 [pool-170-thread-1] INFO  impl.RaftServerImpl (RaftServerImpl.java:<init>(93)) - 7e5aa902-2e53-4970-88d9-946662ba2918: new RaftServerImpl for group-77053E6F4BA6:[] with ContainerStateMachine:uninitialized
2019-08-23 08:35:06,833 [pool-170-thread-1] INFO  server.RaftServerConfigKeys (ConfUtils.java:logGet(43)) - raft.server.rpc.timeout.min = 5s (custom)
2019-08-23 08:35:06,833 [pool-170-thread-1] INFO  server.RaftServerConfigKeys (ConfUtils.java:logGet(43)) - raft.server.rpc.timeout.max = 5200ms (custom)
2019-08-23 08:35:06,833 [pool-170-thread-1] INFO  server.RaftServerConfigKeys (ConfUtils.java:logGet(43)) - raft.server.rpcslowness.timeout = 120s (custom)
2019-08-23 08:35:06,833 [pool-170-thread-1] INFO  server.RaftServerConfigKeys (ConfUtils.java:logGet(43)) - raft.server.sleep.deviation.threshold = 300 (default)
2019-08-23 08:35:06,833 [pool-170-thread-1] INFO  server.RaftServerConfigKeys (ConfUtils.java:logGet(43)) - raft.server.log.appender.install.snapshot.enabled = false (custom)
2019-08-23 08:35:06,833 [pool-170-thread-1] INFO  impl.RaftServerImpl (ServerState.java:<init>(105)) - 7e5aa902-2e53-4970-88d9-946662ba2918:group-77053E6F4BA6 ConfigurationManager, init=-1: [], old=null, confs=<EMPTY_MAP>
2019-08-23 08:35:06,833 [pool-170-thread-1] INFO  server.RaftServerConfigKeys (ConfUtils.java:logGet(43)) - raft.server.storage.dir = [/workdir/hadoop-ozone/integration-test/target/test-dir/MiniOzoneClusterImpl-b0e68d79-38a8-42f3-82e9-8c7446ce8347/datanode-2/data/ratis] (custom)
2019-08-23 08:35:06,865 [pool-170-thread-1] INFO  storage.RaftStorageDirectory (RaftStorageDirectory.java:tryLock(328)) - Lock on /workdir/hadoop-ozone/integration-test/target/test-dir/MiniOzoneClusterImpl-b0e68d79-38a8-42f3-82e9-8c7446ce8347/datanode-2/data/ratis/0c9c5023-0155-4edc-b2c2-77053e6f4ba6/in_use.lock acquired by nodename 4939@pr-hdds-2022-djmxw-136905289
2019-08-23 08:35:06,865 [pool-170-thread-1] INFO  ratis.ContainerStateMachine (ContainerStateMachine.java:loadSnapshot(226)) - group-77053E6F4BA6: The snapshot info is null. Setting the last applied indexto:(t:0, i:~)
2019-08-23 08:35:06,865 [pool-170-thread-1] INFO  server.RaftServerConfigKeys (ConfUtils.java:logGet(43)) - raft.server.leader.election.timeout = 120s (custom)
2019-08-23 08:35:06,866 [pool-170-thread-1] INFO  server.RaftServerConfigKeys (ConfUtils.java:logGet(43)) - raft.server.log.use.memory = false (default)
2019-08-23 08:35:06,866 [pool-170-thread-1] INFO  server.RaftServerConfigKeys (ConfUtils.java:logGet(43)) - raft.server.log.purge.gap = 1000000 (custom)
2019-08-23 08:35:06,866 [pool-170-thread-1] INFO  server.RaftServerConfigKeys (ConfUtils.java:logGet(43)) - raft.server.log.appender.buffer.byte-limit = 33554432 (custom)
2019-08-23 08:35:06,866 [pool-170-thread-1] INFO  server.RaftServerConfigKeys (ConfUtils.java:logGet(43)) - raft.server.log.segment.size.max = 1048576 (custom)
2019-08-23 08:35:06,866 [pool-170-thread-1] INFO  server.RaftServerConfigKeys (ConfUtils.java:logGet(43)) - raft.server.log.segment.cache.num.max = 2 (custom)
2019-08-23 08:35:06,866 [pool-170-thread-1] INFO  segmented.SegmentedRaftLogWorker (SegmentedRaftLogWorker.java:<init>(172)) - new 7e5aa902-2e53-4970-88d9-946662ba2918-SegmentedRaftLogWorker:Storage Directory /workdir/hadoop-ozone/integration-test/target/test-dir/MiniOzoneClusterImpl-b0e68d79-38a8-42f3-82e9-8c7446ce8347/datanode-2/data/ratis/0c9c5023-0155-4edc-b2c2-77053e6f4ba6 for RaftStorage:Storage Directory /workdir/hadoop-ozone/integration-test/target/test-dir/MiniOzoneClusterImpl-b0e68d79-38a8-42f3-82e9-8c7446ce8347/datanode-2/data/ratis/0c9c5023-0155-4edc-b2c2-77053e6f4ba6
2019-08-23 08:35:06,866 [pool-170-thread-1] INFO  server.RaftServerConfigKeys (ConfUtils.java:logGet(43)) - raft.server.log.queue.byte-limit = 2147483647 (custom)
2019-08-23 08:35:06,866 [pool-170-thread-1] INFO  server.RaftServerConfigKeys (ConfUtils.java:logGet(43)) - raft.server.log.queue.element-limit = 1024 (custom)
2019-08-23 08:35:06,867 [pool-170-thread-1] INFO  server.RaftServerConfigKeys (ConfUtils.java:logGet(43)) - raft.server.log.segment.size.max = 1048576 (custom)
2019-08-23 08:35:06,867 [pool-170-thread-1] INFO  server.RaftServerConfigKeys (ConfUtils.java:logGet(43)) - raft.server.log.preallocated.size = 16384 (custom)
2019-08-23 08:35:06,867 [pool-170-thread-1] INFO  server.RaftServerConfigKeys (ConfUtils.java:logGet(43)) - raft.server.log.write.buffer.size = 33554432 (custom)
2019-08-23 08:35:06,867 [pool-170-thread-1] INFO  server.RaftServerConfigKeys (ConfUtils.java:logGet(43)) - raft.server.log.force.sync.num = 128 (default)
2019-08-23 08:35:06,867 [pool-170-thread-1] INFO  server.RaftServerConfigKeys (ConfUtils.java:logGet(43)) - raft.server.log.statemachine.data.sync = true (default)
2019-08-23 08:35:06,867 [pool-170-thread-1] INFO  server.RaftServerConfigKeys (ConfUtils.java:logGet(43)) - raft.server.log.statemachine.data.sync.timeout = 10s (default)
2019-08-23 08:35:06,867 [pool-170-thread-1] INFO  server.RaftServerConfigKeys (ConfUtils.java:logGet(43)) - raft.server.log.statemachine.data.sync.timeout.retry = -1 (default)
2019-08-23 08:35:06,867 [pool-170-thread-1] INFO  server.RaftServerConfigKeys (ConfUtils.java:logGet(43)) - raft.server.log.statemachine.data.caching.enabled = true (custom)
2019-08-23 08:35:06,868 [pool-170-thread-1] INFO  impl.RaftServerImpl (ServerState.java:setRaftConf(361)) - 7e5aa902-2e53-4970-88d9-946662ba2918:group-77053E6F4BA6 set configuration 0: [7e5aa902-2e53-4970-88d9-946662ba2918:192.168.36.124:40946, 4a27d5c5-e706-4f49-9c3b-ede305044aa5:192.168.36.124:45959, 898070de-5342-4931-8fd1-72ad9058b7b1:192.168.36.124:42057], old=null at 0
2019-08-23 08:35:06,868 [pool-170-thread-1] INFO  segmented.LogSegment (LogSegment.java:loadSegment(145)) - Successfully read 1 entries from segment file /workdir/hadoop-ozone/integration-test/target/test-dir/MiniOzoneClusterImpl-b0e68d79-38a8-42f3-82e9-8c7446ce8347/datanode-2/data/ratis/0c9c5023-0155-4edc-b2c2-77053e6f4ba6/current/log_inprogress_0
2019-08-23 08:35:06,868 [pool-170-thread-1] INFO  segmented.SegmentedRaftLogWorker (SegmentedRaftLogWorker.java:lambda$new$0(132)) - 7e5aa902-2e53-4970-88d9-946662ba2918-SegmentedRaftLogWorker:Storage Directory /workdir/hadoop-ozone/integration-test/target/test-dir/MiniOzoneClusterImpl-b0e68d79-38a8-42f3-82e9-8c7446ce8347/datanode-2/data/ratis/0c9c5023-0155-4edc-b2c2-77053e6f4ba6: flushIndex: setUnconditionally 0 -> 0
2019-08-23 08:35:06,892 [pool-170-thread-1] INFO  server.RaftServerConfigKeys (ConfUtils.java:logGet(43)) - raft.server.snapshot.auto.trigger.enabled = true (custom)
2019-08-23 08:35:06,892 [pool-170-thread-1] INFO  server.RaftServerConfigKeys (ConfUtils.java:logGet(43)) - raft.server.snapshot.auto.trigger.threshold = 10000 (custom)
2019-08-23 08:35:06,892 [pool-170-thread-1] INFO  server.RaftServerConfigKeys (ConfUtils.java:logGet(43)) - raft.server.retrycache.expirytime = 600000ms (custom)
2019-08-23 08:35:07,100 | INFO  | ObjectStoreRestHttpServer | Listening HDDS REST traffic on /0.0.0.0:38145 |  
2019-08-23 08:35:07,100 [Thread-322] INFO  ozone.HddsDatanodeService (HddsDatanodeService.java:startPlugins(395)) - Started plug-in org.apache.hadoop.ozone.web.OzoneHddsDatanodeService@22275102
2019-08-23 08:35:07,100 [Thread-322] INFO  pipeline.SCMPipelineManager (SCMPipelineManager.java:finalizeAndDestroyPipeline(309)) - destroying pipeline:Pipeline[ Id: 0c9c5023-0155-4edc-b2c2-77053e6f4ba6, Nodes: 4a27d5c5-e706-4f49-9c3b-ede305044aa5{ip: 192.168.36.124, host: pr-hdds-2022-djmxw-136905289, networkLocation: /default-rack, certSerialId: null}7e5aa902-2e53-4970-88d9-946662ba2918{ip: 192.168.36.124, host: pr-hdds-2022-djmxw-136905289, networkLocation: /default-rack, certSerialId: null}898070de-5342-4931-8fd1-72ad9058b7b1{ip: 192.168.36.124, host: pr-hdds-2022-djmxw-136905289, networkLocation: /default-rack, certSerialId: null}, Type:RATIS, Factor:THREE, State:OPEN]
2019-08-23 08:35:07,102 [org.apache.hadoop.util.JvmPauseMonitor$Monitor@12b6add2] INFO  util.JvmPauseMonitor (JvmPauseMonitor.java:run(188)) - Starting JVM pause monitor
2019-08-23 08:35:07,106 [Thread-322] WARN  pipeline.RatisPipelineUtils (RatisPipelineUtils.java:destroyPipeline(66)) - Pipeline destroy failed for pipeline=PipelineID=0c9c5023-0155-4edc-b2c2-77053e6f4ba6 dn=4a27d5c5-e706-4f49-9c3b-ede305044aa5{ip: 192.168.36.124, host: pr-hdds-2022-djmxw-136905289, networkLocation: /default-rack, certSerialId: null}
2019-08-23 08:35:07,110 [Thread-322] WARN  pipeline.RatisPipelineUtils (RatisPipelineUtils.java:destroyPipeline(66)) - Pipeline destroy failed for pipeline=PipelineID=0c9c5023-0155-4edc-b2c2-77053e6f4ba6 dn=7e5aa902-2e53-4970-88d9-946662ba2918{ip: 192.168.36.124, host: pr-hdds-2022-djmxw-136905289, networkLocation: /default-rack, certSerialId: null}
2019-08-23 08:35:07,113 [Thread-322] WARN  pipeline.RatisPipelineUtils (RatisPipelineUtils.java:destroyPipeline(66)) - Pipeline destroy failed for pipeline=PipelineID=0c9c5023-0155-4edc-b2c2-77053e6f4ba6 dn=898070de-5342-4931-8fd1-72ad9058b7b1{ip: 192.168.36.124, host: pr-hdds-2022-djmxw-136905289, networkLocation: /default-rack, certSerialId: null}
2019-08-23 08:35:07,113 [Thread-322] INFO  pipeline.PipelineStateManager (PipelineStateManager.java:removePipeline(108)) - Pipeline Pipeline[ Id: 0c9c5023-0155-4edc-b2c2-77053e6f4ba6, Nodes: 4a27d5c5-e706-4f49-9c3b-ede305044aa5{ip: 192.168.36.124, host: pr-hdds-2022-djmxw-136905289, networkLocation: /default-rack, certSerialId: null}7e5aa902-2e53-4970-88d9-946662ba2918{ip: 192.168.36.124, host: pr-hdds-2022-djmxw-136905289, networkLocation: /default-rack, certSerialId: null}898070de-5342-4931-8fd1-72ad9058b7b1{ip: 192.168.36.124, host: pr-hdds-2022-djmxw-136905289, networkLocation: /default-rack, certSerialId: null}, Type:RATIS, Factor:THREE, State:CLOSED] removed from db
2019-08-23 08:35:08,522 | INFO  | SCMAudit | user=jenkins1000 | ip=192.168.36.124 | op=GET_VERSION null | ret=SUCCESS |  
2019-08-23 08:35:08,523 [Datanode State Machine Thread - 0] INFO  ozoneimpl.OzoneContainer (OzoneContainer.java:start(186)) - Attempting to start container services.
2019-08-23 08:35:08,524 [Datanode State Machine Thread - 0] INFO  ozoneimpl.OzoneContainer (OzoneContainer.java:startContainerScrub(160)) - Background container scrubber has been disabled by hdds.containerscrub.enabled
2019-08-23 08:35:08,524 [Datanode State Machine Thread - 0] INFO  ratis.XceiverServerRatis (XceiverServerRatis.java:start(404)) - Starting XceiverServerRatis 4a27d5c5-e706-4f49-9c3b-ede305044aa5 at port 45959
2019-08-23 08:35:08,530 [Datanode State Machine Thread - 0] INFO  impl.RaftServerImpl (RaftServerImpl.java:start(180)) - 4a27d5c5-e706-4f49-9c3b-ede305044aa5: start group-77053E6F4BA6
2019-08-23 08:35:08,530 [ForkJoinPool.commonPool-worker-0] INFO  impl.RaftServerImpl (RaftServerImpl.java:start(180)) - 4a27d5c5-e706-4f49-9c3b-ede305044aa5: start group-643F8C4DDBBD
2019-08-23 08:35:08,530 [Datanode State Machine Thread - 0] INFO  impl.RaftServerImpl (RaftServerImpl.java:setRole(171)) - 4a27d5c5-e706-4f49-9c3b-ede305044aa5:group-77053E6F4BA6 changes role from null to FOLLOWER at term 1 for startAsFollower
2019-08-23 08:35:08,531 [ForkJoinPool.commonPool-worker-0] INFO  impl.RaftServerImpl (RaftServerImpl.java:setRole(171)) - 4a27d5c5-e706-4f49-9c3b-ede305044aa5:group-643F8C4DDBBD changes role from null to FOLLOWER at term 1 for startAsFollower
2019-08-23 08:35:08,531 [Datanode State Machine Thread - 0] INFO  impl.RoleInfo (RoleInfo.java:updateAndGet(143)) - 4a27d5c5-e706-4f49-9c3b-ede305044aa5: start FollowerState
2019-08-23 08:35:08,531 [ForkJoinPool.commonPool-worker-0] INFO  impl.RoleInfo (RoleInfo.java:updateAndGet(143)) - 4a27d5c5-e706-4f49-9c3b-ede305044aa5: start FollowerState
2019-08-23 08:35:08,532 [Datanode State Machine Thread - 0] INFO  util.JmxRegister (JmxRegister.java:tryRegister(44)) - Successfully registered JMX Bean with object name Ratis:service=RaftServer,group=group-77053E6F4BA6,id=4a27d5c5-e706-4f49-9c3b-ede305044aa5
2019-08-23 08:35:08,532 [ForkJoinPool.commonPool-worker-0] INFO  util.JmxRegister (JmxRegister.java:tryRegister(44)) - Successfully registered JMX Bean with object name Ratis:service=RaftServer,group=group-643F8C4DDBBD,id=4a27d5c5-e706-4f49-9c3b-ede305044aa5
2019-08-23 08:35:08,534 [Datanode State Machine Thread - 0] INFO  impl.RaftServerProxy (RaftServerProxy.java:lambda$start$3(299)) - 4a27d5c5-e706-4f49-9c3b-ede305044aa5: start RPC server
2019-08-23 08:35:08,536 [Datanode State Machine Thread - 0] INFO  server.GrpcService (GrpcService.java:startImpl(149)) - 4a27d5c5-e706-4f49-9c3b-ede305044aa5: GrpcService started, listening on 0.0.0.0/0.0.0.0:45959
2019-08-23 08:35:08,732 | INFO  | SCMAudit | user=jenkins1000 | ip=192.168.36.124 | op=GET_VERSION null | ret=SUCCESS |  
2019-08-23 08:35:08,733 [Datanode State Machine Thread - 0] INFO  ozoneimpl.OzoneContainer (OzoneContainer.java:start(186)) - Attempting to start container services.
2019-08-23 08:35:08,733 [Datanode State Machine Thread - 0] INFO  ozoneimpl.OzoneContainer (OzoneContainer.java:startContainerScrub(160)) - Background container scrubber has been disabled by hdds.containerscrub.enabled
2019-08-23 08:35:08,734 [Datanode State Machine Thread - 0] INFO  ratis.XceiverServerRatis (XceiverServerRatis.java:start(404)) - Starting XceiverServerRatis 898070de-5342-4931-8fd1-72ad9058b7b1 at port 42057
2019-08-23 08:35:08,741 [Datanode State Machine Thread - 0] INFO  impl.RaftServerImpl (RaftServerImpl.java:start(180)) - 898070de-5342-4931-8fd1-72ad9058b7b1: start group-ED3C4AACA453
2019-08-23 08:35:08,741 [ForkJoinPool.commonPool-worker-0] INFO  impl.RaftServerImpl (RaftServerImpl.java:start(180)) - 898070de-5342-4931-8fd1-72ad9058b7b1: start group-77053E6F4BA6
2019-08-23 08:35:08,742 [Datanode State Machine Thread - 0] INFO  impl.RaftServerImpl (RaftServerImpl.java:setRole(171)) - 898070de-5342-4931-8fd1-72ad9058b7b1:group-ED3C4AACA453 changes role from null to FOLLOWER at term 1 for startAsFollower
2019-08-23 08:35:08,743 [ForkJoinPool.commonPool-worker-0] INFO  impl.RaftServerImpl (RaftServerImpl.java:setRole(171)) - 898070de-5342-4931-8fd1-72ad9058b7b1:group-77053E6F4BA6 changes role from null to FOLLOWER at term 1 for startAsFollower
2019-08-23 08:35:08,743 [Datanode State Machine Thread - 0] INFO  impl.RoleInfo (RoleInfo.java:updateAndGet(143)) - 898070de-5342-4931-8fd1-72ad9058b7b1: start FollowerState
2019-08-23 08:35:08,743 [ForkJoinPool.commonPool-worker-0] INFO  impl.RoleInfo (RoleInfo.java:updateAndGet(143)) - 898070de-5342-4931-8fd1-72ad9058b7b1: start FollowerState
2019-08-23 08:35:08,744 [Datanode State Machine Thread - 0] INFO  util.JmxRegister (JmxRegister.java:tryRegister(44)) - Successfully registered JMX Bean with object name Ratis:service=RaftServer,group=group-ED3C4AACA453,id=898070de-5342-4931-8fd1-72ad9058b7b1
2019-08-23 08:35:08,744 [ForkJoinPool.commonPool-worker-0] INFO  util.JmxRegister (JmxRegister.java:tryRegister(44)) - Successfully registered JMX Bean with object name Ratis:service=RaftServer,group=group-77053E6F4BA6,id=898070de-5342-4931-8fd1-72ad9058b7b1
2019-08-23 08:35:08,746 [Datanode State Machine Thread - 0] INFO  impl.RaftServerProxy (RaftServerProxy.java:lambda$start$3(299)) - 898070de-5342-4931-8fd1-72ad9058b7b1: start RPC server
2019-08-23 08:35:08,746 [Datanode State Machine Thread - 0] INFO  server.GrpcService (GrpcService.java:startImpl(149)) - 898070de-5342-4931-8fd1-72ad9058b7b1: GrpcService started, listening on 0.0.0.0/0.0.0.0:42057
2019-08-23 08:35:09,103 | INFO  | SCMAudit | user=jenkins1000 | ip=192.168.36.124 | op=GET_VERSION null | ret=SUCCESS |  
2019-08-23 08:35:09,105 [Datanode State Machine Thread - 0] INFO  ozoneimpl.OzoneContainer (OzoneContainer.java:start(186)) - Attempting to start container services.
2019-08-23 08:35:09,105 [Datanode State Machine Thread - 0] INFO  ozoneimpl.OzoneContainer (OzoneContainer.java:startContainerScrub(160)) - Background container scrubber has been disabled by hdds.containerscrub.enabled
2019-08-23 08:35:09,106 [Datanode State Machine Thread - 0] INFO  ratis.XceiverServerRatis (XceiverServerRatis.java:start(404)) - Starting XceiverServerRatis 7e5aa902-2e53-4970-88d9-946662ba2918 at port 40946
2019-08-23 08:35:09,115 [Datanode State Machine Thread - 0] INFO  impl.RaftServerImpl (RaftServerImpl.java:start(180)) - 7e5aa902-2e53-4970-88d9-946662ba2918: start group-77053E6F4BA6
2019-08-23 08:35:09,116 [ForkJoinPool.commonPool-worker-0] INFO  impl.RaftServerImpl (RaftServerImpl.java:start(180)) - 7e5aa902-2e53-4970-88d9-946662ba2918: start group-2630C53BC54E
2019-08-23 08:35:09,117 [Datanode State Machine Thread - 0] INFO  impl.RaftServerImpl (RaftServerImpl.java:setRole(171)) - 7e5aa902-2e53-4970-88d9-946662ba2918:group-77053E6F4BA6 changes role from null to FOLLOWER at term 2 for startAsFollower
2019-08-23 08:35:09,118 [ForkJoinPool.commonPool-worker-0] INFO  impl.RaftServerImpl (RaftServerImpl.java:setRole(171)) - 7e5aa902-2e53-4970-88d9-946662ba2918:group-2630C53BC54E changes role from null to FOLLOWER at term 1 for startAsFollower
2019-08-23 08:35:09,118 [Datanode State Machine Thread - 0] INFO  impl.RoleInfo (RoleInfo.java:updateAndGet(143)) - 7e5aa902-2e53-4970-88d9-946662ba2918: start FollowerState
2019-08-23 08:35:09,118 [ForkJoinPool.commonPool-worker-0] INFO  impl.RoleInfo (RoleInfo.java:updateAndGet(143)) - 7e5aa902-2e53-4970-88d9-946662ba2918: start FollowerState
2019-08-23 08:35:09,119 [Datanode State Machine Thread - 0] INFO  util.JmxRegister (JmxRegister.java:tryRegister(44)) - Successfully registered JMX Bean with object name Ratis:service=RaftServer,group=group-77053E6F4BA6,id=7e5aa902-2e53-4970-88d9-946662ba2918
2019-08-23 08:35:09,119 [ForkJoinPool.commonPool-worker-0] INFO  util.JmxRegister (JmxRegister.java:tryRegister(44)) - Successfully registered JMX Bean with object name Ratis:service=RaftServer,group=group-2630C53BC54E,id=7e5aa902-2e53-4970-88d9-946662ba2918
2019-08-23 08:35:09,121 [Datanode State Machine Thread - 0] INFO  impl.RaftServerProxy (RaftServerProxy.java:lambda$start$3(299)) - 7e5aa902-2e53-4970-88d9-946662ba2918: start RPC server
2019-08-23 08:35:09,122 [Datanode State Machine Thread - 0] INFO  server.GrpcService (GrpcService.java:startImpl(149)) - 7e5aa902-2e53-4970-88d9-946662ba2918: GrpcService started, listening on 0.0.0.0/0.0.0.0:40946
2019-08-23 08:35:10,528 | INFO  | SCMAudit | user=jenkins1000 | ip=192.168.36.124 | op=REGISTER {datanodeDetails=4a27d5c5-e706-4f49-9c3b-ede305044aa5{ip: 192.168.36.124, host: pr-hdds-2022-djmxw-136905289, networkLocation: /default-rack, certSerialId: null}} | ret=SUCCESS |  
2019-08-23 08:35:10,547 [grpc-default-executor-0] INFO  impl.RaftServerProxy (RaftServerProxy.java:remove(95)) - 4a27d5c5-e706-4f49-9c3b-ede305044aa5: remove FOLLOWER group-77053E6F4BA6 4a27d5c5-e706-4f49-9c3b-ede305044aa5:t1, leader=null, voted=4a27d5c5-e706-4f49-9c3b-ede305044aa5, raftlog=4a27d5c5-e706-4f49-9c3b-ede305044aa5-SegmentedRaftLog:OPENED:c-1,f0,i0, conf=0: [7e5aa902-2e53-4970-88d9-946662ba2918:192.168.36.124:40946, 4a27d5c5-e706-4f49-9c3b-ede305044aa5:192.168.36.124:45959, 898070de-5342-4931-8fd1-72ad9058b7b1:192.168.36.124:42057], old=null RUNNING
2019-08-23 08:35:10,548 [grpc-default-executor-0] INFO  impl.RaftServerImpl (RaftServerImpl.java:lambda$shutdown$3(245)) - 4a27d5c5-e706-4f49-9c3b-ede305044aa5: shutdown group-77053E6F4BA6
2019-08-23 08:35:10,548 [grpc-default-executor-0] INFO  util.JmxRegister (JmxRegister.java:unregister(73)) - Successfully un-registered JMX Bean with object name Ratis:service=RaftServer,group=group-77053E6F4BA6,id=4a27d5c5-e706-4f49-9c3b-ede305044aa5
2019-08-23 08:35:10,548 [grpc-default-executor-0] INFO  impl.RoleInfo (RoleInfo.java:shutdownFollowerState(121)) - 4a27d5c5-e706-4f49-9c3b-ede305044aa5: shutdown FollowerState
2019-08-23 08:35:10,548 [grpc-default-executor-0] INFO  impl.StateMachineUpdater (StateMachineUpdater.java:stopAndJoin(115)) - StateMachineUpdater:4a27d5c5-e706-4f49-9c3b-ede305044aa5:group-77053E6F4BA6: set stopIndex = -1
2019-08-23 08:35:10,549 [Thread-587] INFO  impl.FollowerState (FollowerState.java:run(114)) - 4a27d5c5-e706-4f49-9c3b-ede305044aa5: FollowerState was interrupted: java.lang.InterruptedException: sleep interrupted
2019-08-23 08:35:10,549 [grpc-default-executor-0] INFO  impl.RaftServerImpl (ServerState.java:close(394)) - 4a27d5c5-e706-4f49-9c3b-ede305044aa5:group-77053E6F4BA6 closes. The last applied log index is -1
2019-08-23 08:35:10,551 [4a27d5c5-e706-4f49-9c3b-ede305044aa5-SegmentedRaftLogWorker:Storage Directory /workdir/hadoop-ozone/integration-test/target/test-dir/MiniOzoneClusterImpl-b0e68d79-38a8-42f3-82e9-8c7446ce8347/datanode-0/data/ratis/0c9c5023-0155-4edc-b2c2-77053e6f4ba6] INFO  segmented.SegmentedRaftLogWorker (SegmentedRaftLogWorker.java:run(313)) - 4a27d5c5-e706-4f49-9c3b-ede305044aa5-SegmentedRaftLogWorker:Storage Directory /workdir/hadoop-ozone/integration-test/target/test-dir/MiniOzoneClusterImpl-b0e68d79-38a8-42f3-82e9-8c7446ce8347/datanode-0/data/ratis/0c9c5023-0155-4edc-b2c2-77053e6f4ba6 was interrupted, exiting. There are 0 tasks remaining in the queue.
2019-08-23 08:35:10,552 [grpc-default-executor-0] INFO  segmented.SegmentedRaftLogWorker (SegmentedRaftLogWorker.java:close(228)) - 4a27d5c5-e706-4f49-9c3b-ede305044aa5-SegmentedRaftLogWorker:Storage Directory /workdir/hadoop-ozone/integration-test/target/test-dir/MiniOzoneClusterImpl-b0e68d79-38a8-42f3-82e9-8c7446ce8347/datanode-0/data/ratis/0c9c5023-0155-4edc-b2c2-77053e6f4ba6 close()
2019-08-23 08:35:10,734 | INFO  | SCMAudit | user=jenkins1000 | ip=192.168.36.124 | op=REGISTER {datanodeDetails=898070de-5342-4931-8fd1-72ad9058b7b1{ip: 192.168.36.124, host: pr-hdds-2022-djmxw-136905289, networkLocation: /default-rack, certSerialId: null}} | ret=SUCCESS |  
2019-08-23 08:35:10,744 [grpc-default-executor-0] INFO  impl.RaftServerProxy (RaftServerProxy.java:remove(95)) - 898070de-5342-4931-8fd1-72ad9058b7b1: remove FOLLOWER group-77053E6F4BA6 898070de-5342-4931-8fd1-72ad9058b7b1:t1, leader=null, voted=4a27d5c5-e706-4f49-9c3b-ede305044aa5, raftlog=898070de-5342-4931-8fd1-72ad9058b7b1-SegmentedRaftLog:OPENED:c-1,f0,i0, conf=0: [7e5aa902-2e53-4970-88d9-946662ba2918:192.168.36.124:40946, 4a27d5c5-e706-4f49-9c3b-ede305044aa5:192.168.36.124:45959, 898070de-5342-4931-8fd1-72ad9058b7b1:192.168.36.124:42057], old=null RUNNING
2019-08-23 08:35:10,745 [grpc-default-executor-0] INFO  impl.RaftServerImpl (RaftServerImpl.java:lambda$shutdown$3(245)) - 898070de-5342-4931-8fd1-72ad9058b7b1: shutdown group-77053E6F4BA6
2019-08-23 08:35:10,745 [grpc-default-executor-0] INFO  util.JmxRegister (JmxRegister.java:unregister(73)) - Successfully un-registered JMX Bean with object name Ratis:service=RaftServer,group=group-77053E6F4BA6,id=898070de-5342-4931-8fd1-72ad9058b7b1
2019-08-23 08:35:10,745 [grpc-default-executor-0] INFO  impl.RoleInfo (RoleInfo.java:shutdownFollowerState(121)) - 898070de-5342-4931-8fd1-72ad9058b7b1: shutdown FollowerState
2019-08-23 08:35:10,746 [grpc-default-executor-0] INFO  impl.StateMachineUpdater (StateMachineUpdater.java:stopAndJoin(115)) - StateMachineUpdater:898070de-5342-4931-8fd1-72ad9058b7b1:group-77053E6F4BA6: set stopIndex = -1
2019-08-23 08:35:10,746 [Thread-590] INFO  impl.FollowerState (FollowerState.java:run(114)) - 898070de-5342-4931-8fd1-72ad9058b7b1: FollowerState was interrupted: java.lang.InterruptedException: sleep interrupted
2019-08-23 08:35:10,746 [grpc-default-executor-0] INFO  impl.RaftServerImpl (ServerState.java:close(394)) - 898070de-5342-4931-8fd1-72ad9058b7b1:group-77053E6F4BA6 closes. The last applied log index is -1
2019-08-23 08:35:10,748 [898070de-5342-4931-8fd1-72ad9058b7b1-SegmentedRaftLogWorker:Storage Directory /workdir/hadoop-ozone/integration-test/target/test-dir/MiniOzoneClusterImpl-b0e68d79-38a8-42f3-82e9-8c7446ce8347/datanode-1/data/ratis/0c9c5023-0155-4edc-b2c2-77053e6f4ba6] INFO  segmented.SegmentedRaftLogWorker (SegmentedRaftLogWorker.java:run(313)) - 898070de-5342-4931-8fd1-72ad9058b7b1-SegmentedRaftLogWorker:Storage Directory /workdir/hadoop-ozone/integration-test/target/test-dir/MiniOzoneClusterImpl-b0e68d79-38a8-42f3-82e9-8c7446ce8347/datanode-1/data/ratis/0c9c5023-0155-4edc-b2c2-77053e6f4ba6 was interrupted, exiting. There are 0 tasks remaining in the queue.
2019-08-23 08:35:10,750 [grpc-default-executor-0] INFO  segmented.SegmentedRaftLogWorker (SegmentedRaftLogWorker.java:close(228)) - 898070de-5342-4931-8fd1-72ad9058b7b1-SegmentedRaftLogWorker:Storage Directory /workdir/hadoop-ozone/integration-test/target/test-dir/MiniOzoneClusterImpl-b0e68d79-38a8-42f3-82e9-8c7446ce8347/datanode-1/data/ratis/0c9c5023-0155-4edc-b2c2-77053e6f4ba6 close()
2019-08-23 08:35:11,105 | INFO  | SCMAudit | user=jenkins1000 | ip=192.168.36.124 | op=REGISTER {datanodeDetails=7e5aa902-2e53-4970-88d9-946662ba2918{ip: 192.168.36.124, host: pr-hdds-2022-djmxw-136905289, networkLocation: /default-rack, certSerialId: null}} | ret=SUCCESS |  
2019-08-23 08:35:11,118 [grpc-default-executor-0] INFO  impl.RaftServerProxy (RaftServerProxy.java:remove(95)) - 7e5aa902-2e53-4970-88d9-946662ba2918: remove FOLLOWER group-77053E6F4BA6 7e5aa902-2e53-4970-88d9-946662ba2918:t2, leader=null, voted=7e5aa902-2e53-4970-88d9-946662ba2918, raftlog=7e5aa902-2e53-4970-88d9-946662ba2918-SegmentedRaftLog:OPENED:c-1,f0,i0, conf=0: [7e5aa902-2e53-4970-88d9-946662ba2918:192.168.36.124:40946, 4a27d5c5-e706-4f49-9c3b-ede305044aa5:192.168.36.124:45959, 898070de-5342-4931-8fd1-72ad9058b7b1:192.168.36.124:42057], old=null RUNNING
2019-08-23 08:35:11,118 [grpc-default-executor-0] INFO  impl.RaftServerImpl (RaftServerImpl.java:lambda$shutdown$3(245)) - 7e5aa902-2e53-4970-88d9-946662ba2918: shutdown group-77053E6F4BA6
2019-08-23 08:35:11,119 [grpc-default-executor-0] INFO  util.JmxRegister (JmxRegister.java:unregister(73)) - Successfully un-registered JMX Bean with object name Ratis:service=RaftServer,group=group-77053E6F4BA6,id=7e5aa902-2e53-4970-88d9-946662ba2918
2019-08-23 08:35:11,119 [grpc-default-executor-0] INFO  impl.RoleInfo (RoleInfo.java:shutdownFollowerState(121)) - 7e5aa902-2e53-4970-88d9-946662ba2918: shutdown FollowerState
2019-08-23 08:35:11,119 [grpc-default-executor-0] INFO  impl.StateMachineUpdater (StateMachineUpdater.java:stopAndJoin(115)) - StateMachineUpdater:7e5aa902-2e53-4970-88d9-946662ba2918:group-77053E6F4BA6: set stopIndex = -1
2019-08-23 08:35:11,119 [Thread-591] INFO  impl.FollowerState (FollowerState.java:run(114)) - 7e5aa902-2e53-4970-88d9-946662ba2918: FollowerState was interrupted: java.lang.InterruptedException: sleep interrupted
2019-08-23 08:35:11,119 [grpc-default-executor-0] INFO  impl.RaftServerImpl (ServerState.java:close(394)) - 7e5aa902-2e53-4970-88d9-946662ba2918:group-77053E6F4BA6 closes. The last applied log index is -1
2019-08-23 08:35:11,123 [7e5aa902-2e53-4970-88d9-946662ba2918-SegmentedRaftLogWorker:Storage Directory /workdir/hadoop-ozone/integration-test/target/test-dir/MiniOzoneClusterImpl-b0e68d79-38a8-42f3-82e9-8c7446ce8347/datanode-2/data/ratis/0c9c5023-0155-4edc-b2c2-77053e6f4ba6] INFO  segmented.SegmentedRaftLogWorker (SegmentedRaftLogWorker.java:run(313)) - 7e5aa902-2e53-4970-88d9-946662ba2918-SegmentedRaftLogWorker:Storage Directory /workdir/hadoop-ozone/integration-test/target/test-dir/MiniOzoneClusterImpl-b0e68d79-38a8-42f3-82e9-8c7446ce8347/datanode-2/data/ratis/0c9c5023-0155-4edc-b2c2-77053e6f4ba6 was interrupted, exiting. There are 0 tasks remaining in the queue.
2019-08-23 08:35:11,124 [grpc-default-executor-0] INFO  segmented.SegmentedRaftLogWorker (SegmentedRaftLogWorker.java:close(228)) - 7e5aa902-2e53-4970-88d9-946662ba2918-SegmentedRaftLogWorker:Storage Directory /workdir/hadoop-ozone/integration-test/target/test-dir/MiniOzoneClusterImpl-b0e68d79-38a8-42f3-82e9-8c7446ce8347/datanode-2/data/ratis/0c9c5023-0155-4edc-b2c2-77053e6f4ba6 close()
2019-08-23 08:35:12,523 | INFO  | SCMAudit | user=jenkins1000 | ip=192.168.36.124 | op=SEND_HEARTBEAT {datanodeUUID=4a27d5c5-e706-4f49-9c3b-ede305044aa5, command=[]} | ret=SUCCESS |  
2019-08-23 08:35:12,732 | INFO  | SCMAudit | user=jenkins1000 | ip=192.168.36.124 | op=SEND_HEARTBEAT {datanodeUUID=898070de-5342-4931-8fd1-72ad9058b7b1, command=[]} | ret=SUCCESS |  
2019-08-23 08:35:13,104 | INFO  | SCMAudit | user=jenkins1000 | ip=192.168.36.124 | op=SEND_HEARTBEAT {datanodeUUID=7e5aa902-2e53-4970-88d9-946662ba2918, command=[]} | ret=SUCCESS |  
2019-08-23 08:35:13,364 [grpc-default-executor-0] INFO  impl.RaftServerProxy (RaftServerProxy.java:addNew(89)) - 4a27d5c5-e706-4f49-9c3b-ede305044aa5: addNew group-343EB948D0A3:[4a27d5c5-e706-4f49-9c3b-ede305044aa5:192.168.36.124:45959] returns group-343EB948D0A3:java.util.concurrent.CompletableFuture@26a85527[Not completed]
2019-08-23 08:35:13,365 [pool-148-thread-1] INFO  impl.RaftServerImpl (RaftServerImpl.java:<init>(93)) - 4a27d5c5-e706-4f49-9c3b-ede305044aa5: new RaftServerImpl for group-343EB948D0A3:[4a27d5c5-e706-4f49-9c3b-ede305044aa5:192.168.36.124:45959] with ContainerStateMachine:uninitialized
2019-08-23 08:35:13,365 [pool-148-thread-1] INFO  server.RaftServerConfigKeys (ConfUtils.java:logGet(43)) - raft.server.rpc.timeout.min = 5s (custom)
2019-08-23 08:35:13,365 [pool-148-thread-1] INFO  server.RaftServerConfigKeys (ConfUtils.java:logGet(43)) - raft.server.rpc.timeout.max = 5200ms (custom)
2019-08-23 08:35:13,366 [pool-148-thread-1] INFO  server.RaftServerConfigKeys (ConfUtils.java:logGet(43)) - raft.server.rpcslowness.timeout = 120s (custom)
2019-08-23 08:35:13,366 [pool-148-thread-1] INFO  server.RaftServerConfigKeys (ConfUtils.java:logGet(43)) - raft.server.sleep.deviation.threshold = 300 (default)
2019-08-23 08:35:13,366 [pool-148-thread-1] INFO  server.RaftServerConfigKeys (ConfUtils.java:logGet(43)) - raft.server.log.appender.install.snapshot.enabled = false (custom)
2019-08-23 08:35:13,366 [pool-148-thread-1] INFO  impl.RaftServerImpl (ServerState.java:<init>(105)) - 4a27d5c5-e706-4f49-9c3b-ede305044aa5:group-343EB948D0A3 ConfigurationManager, init=-1: [4a27d5c5-e706-4f49-9c3b-ede305044aa5:192.168.36.124:45959], old=null, confs=<EMPTY_MAP>
2019-08-23 08:35:13,366 [pool-148-thread-1] INFO  server.RaftServerConfigKeys (ConfUtils.java:logGet(43)) - raft.server.storage.dir = [/workdir/hadoop-ozone/integration-test/target/test-dir/MiniOzoneClusterImpl-b0e68d79-38a8-42f3-82e9-8c7446ce8347/datanode-0/data/ratis] (custom)
2019-08-23 08:35:13,366 [pool-148-thread-1] INFO  storage.RaftStorageDirectory (RaftStorageDirectory.java:analyzeStorage(246)) - The storage directory /workdir/hadoop-ozone/integration-test/target/test-dir/MiniOzoneClusterImpl-b0e68d79-38a8-42f3-82e9-8c7446ce8347/datanode-0/data/ratis/a95d28c3-52f4-4c0b-8770-343eb948d0a3 does not exist. Creating ...
2019-08-23 08:35:13,393 [pool-148-thread-1] INFO  storage.RaftStorageDirectory (RaftStorageDirectory.java:tryLock(328)) - Lock on /workdir/hadoop-ozone/integration-test/target/test-dir/MiniOzoneClusterImpl-b0e68d79-38a8-42f3-82e9-8c7446ce8347/datanode-0/data/ratis/a95d28c3-52f4-4c0b-8770-343eb948d0a3/in_use.lock acquired by nodename 4939@pr-hdds-2022-djmxw-136905289
2019-08-23 08:35:13,410 [pool-148-thread-1] INFO  storage.RaftStorage (RaftStorage.java:format(72)) - Storage directory /workdir/hadoop-ozone/integration-test/target/test-dir/MiniOzoneClusterImpl-b0e68d79-38a8-42f3-82e9-8c7446ce8347/datanode-0/data/ratis/a95d28c3-52f4-4c0b-8770-343eb948d0a3 has been successfully formatted.
2019-08-23 08:35:13,410 [pool-148-thread-1] INFO  ratis.ContainerStateMachine (ContainerStateMachine.java:loadSnapshot(226)) - group-343EB948D0A3: The snapshot info is null. Setting the last applied indexto:(t:0, i:~)
2019-08-23 08:35:13,410 [pool-148-thread-1] INFO  server.RaftServerConfigKeys (ConfUtils.java:logGet(43)) - raft.server.leader.election.timeout = 120s (custom)
2019-08-23 08:35:13,410 [pool-148-thread-1] INFO  server.RaftServerConfigKeys (ConfUtils.java:logGet(43)) - raft.server.log.use.memory = false (default)
2019-08-23 08:35:13,410 [pool-148-thread-1] INFO  server.RaftServerConfigKeys (ConfUtils.java:logGet(43)) - raft.server.log.purge.gap = 1000000 (custom)
2019-08-23 08:35:13,411 [pool-148-thread-1] INFO  server.RaftServerConfigKeys (ConfUtils.java:logGet(43)) - raft.server.log.appender.buffer.byte-limit = 33554432 (custom)
2019-08-23 08:35:13,411 [pool-148-thread-1] INFO  server.RaftServerConfigKeys (ConfUtils.java:logGet(43)) - raft.server.log.segment.size.max = 1048576 (custom)
2019-08-23 08:35:13,411 [pool-148-thread-1] INFO  server.RaftServerConfigKeys (ConfUtils.java:logGet(43)) - raft.server.log.segment.cache.num.max = 2 (custom)
2019-08-23 08:35:13,411 [pool-148-thread-1] INFO  segmented.SegmentedRaftLogWorker (SegmentedRaftLogWorker.java:<init>(172)) - new 4a27d5c5-e706-4f49-9c3b-ede305044aa5-SegmentedRaftLogWorker:Storage Directory /workdir/hadoop-ozone/integration-test/target/test-dir/MiniOzoneClusterImpl-b0e68d79-38a8-42f3-82e9-8c7446ce8347/datanode-0/data/ratis/a95d28c3-52f4-4c0b-8770-343eb948d0a3 for RaftStorage:Storage Directory /workdir/hadoop-ozone/integration-test/target/test-dir/MiniOzoneClusterImpl-b0e68d79-38a8-42f3-82e9-8c7446ce8347/datanode-0/data/ratis/a95d28c3-52f4-4c0b-8770-343eb948d0a3
2019-08-23 08:35:13,411 [pool-148-thread-1] INFO  server.RaftServerConfigKeys (ConfUtils.java:logGet(43)) - raft.server.log.queue.byte-limit = 2147483647 (custom)
2019-08-23 08:35:13,411 [pool-148-thread-1] INFO  server.RaftServerConfigKeys (ConfUtils.java:logGet(43)) - raft.server.log.queue.element-limit = 1024 (custom)
2019-08-23 08:35:13,411 [pool-148-thread-1] INFO  server.RaftServerConfigKeys (ConfUtils.java:logGet(43)) - raft.server.log.segment.size.max = 1048576 (custom)
2019-08-23 08:35:13,411 [pool-148-thread-1] INFO  server.RaftServerConfigKeys (ConfUtils.java:logGet(43)) - raft.server.log.preallocated.size = 16384 (custom)
2019-08-23 08:35:13,412 [pool-148-thread-1] INFO  server.RaftServerConfigKeys (ConfUtils.java:logGet(43)) - raft.server.log.write.buffer.size = 33554432 (custom)
2019-08-23 08:35:13,412 [pool-148-thread-1] INFO  server.RaftServerConfigKeys (ConfUtils.java:logGet(43)) - raft.server.log.force.sync.num = 128 (default)
2019-08-23 08:35:13,412 [pool-148-thread-1] INFO  server.RaftServerConfigKeys (ConfUtils.java:logGet(43)) - raft.server.log.statemachine.data.sync = true (default)
2019-08-23 08:35:13,412 [pool-148-thread-1] INFO  server.RaftServerConfigKeys (ConfUtils.java:logGet(43)) - raft.server.log.statemachine.data.sync.timeout = 10s (default)
2019-08-23 08:35:13,412 [pool-148-thread-1] INFO  server.RaftServerConfigKeys (ConfUtils.java:logGet(43)) - raft.server.log.statemachine.data.sync.timeout.retry = -1 (default)
2019-08-23 08:35:13,412 [pool-148-thread-1] INFO  server.RaftServerConfigKeys (ConfUtils.java:logGet(43)) - raft.server.log.statemachine.data.caching.enabled = true (custom)
2019-08-23 08:35:13,412 [pool-148-thread-1] INFO  segmented.SegmentedRaftLogWorker (SegmentedRaftLogWorker.java:lambda$new$0(132)) - 4a27d5c5-e706-4f49-9c3b-ede305044aa5-SegmentedRaftLogWorker:Storage Directory /workdir/hadoop-ozone/integration-test/target/test-dir/MiniOzoneClusterImpl-b0e68d79-38a8-42f3-82e9-8c7446ce8347/datanode-0/data/ratis/a95d28c3-52f4-4c0b-8770-343eb948d0a3: flushIndex: setUnconditionally 0 -> -1
2019-08-23 08:35:13,413 [pool-148-thread-1] INFO  server.RaftServerConfigKeys (ConfUtils.java:logGet(43)) - raft.server.snapshot.auto.trigger.enabled = true (custom)
2019-08-23 08:35:13,413 [pool-148-thread-1] INFO  server.RaftServerConfigKeys (ConfUtils.java:logGet(43)) - raft.server.snapshot.auto.trigger.threshold = 10000 (custom)
2019-08-23 08:35:13,413 [pool-148-thread-1] INFO  server.RaftServerConfigKeys (ConfUtils.java:logGet(43)) - raft.server.retrycache.expirytime = 600000ms (custom)
2019-08-23 08:35:13,413 [pool-148-thread-1] INFO  impl.RaftServerImpl (RaftServerImpl.java:start(180)) - 4a27d5c5-e706-4f49-9c3b-ede305044aa5: start group-343EB948D0A3
2019-08-23 08:35:13,413 [pool-148-thread-1] INFO  impl.RaftServerImpl (RaftServerImpl.java:setRole(171)) - 4a27d5c5-e706-4f49-9c3b-ede305044aa5:group-343EB948D0A3 changes role from null to FOLLOWER at term 0 for startAsFollower
2019-08-23 08:35:13,413 [pool-148-thread-1] INFO  impl.RoleInfo (RoleInfo.java:updateAndGet(143)) - 4a27d5c5-e706-4f49-9c3b-ede305044aa5: start FollowerState
2019-08-23 08:35:13,414 [pool-148-thread-1] INFO  util.JmxRegister (JmxRegister.java:tryRegister(44)) - Successfully registered JMX Bean with object name Ratis:service=RaftServer,group=group-343EB948D0A3,id=4a27d5c5-e706-4f49-9c3b-ede305044aa5
2019-08-23 08:35:13,419 [RatisPipelineUtilsThread] INFO  pipeline.PipelineStateManager (PipelineStateManager.java:addPipeline(56)) - Created pipeline Pipeline[ Id: a95d28c3-52f4-4c0b-8770-343eb948d0a3, Nodes: 4a27d5c5-e706-4f49-9c3b-ede305044aa5{ip: 192.168.36.124, host: pr-hdds-2022-djmxw-136905289, networkLocation: /default-rack, certSerialId: null}, Type:RATIS, Factor:ONE, State:OPEN]
2019-08-23 08:35:13,427 [grpc-default-executor-0] INFO  impl.RaftServerProxy (RaftServerProxy.java:addNew(89)) - 7e5aa902-2e53-4970-88d9-946662ba2918: addNew group-C16CC8B5352A:[7e5aa902-2e53-4970-88d9-946662ba2918:192.168.36.124:40946] returns group-C16CC8B5352A:java.util.concurrent.CompletableFuture@775a3fde[Not completed]
2019-08-23 08:35:13,428 [pool-170-thread-1] INFO  impl.RaftServerImpl (RaftServerImpl.java:<init>(93)) - 7e5aa902-2e53-4970-88d9-946662ba2918: new RaftServerImpl for group-C16CC8B5352A:[7e5aa902-2e53-4970-88d9-946662ba2918:192.168.36.124:40946] with ContainerStateMachine:uninitialized
2019-08-23 08:35:13,428 [pool-170-thread-1] INFO  server.RaftServerConfigKeys (ConfUtils.java:logGet(43)) - raft.server.rpc.timeout.min = 5s (custom)
2019-08-23 08:35:13,429 [pool-170-thread-1] INFO  server.RaftServerConfigKeys (ConfUtils.java:logGet(43)) - raft.server.rpc.timeout.max = 5200ms (custom)
2019-08-23 08:35:13,429 [pool-170-thread-1] INFO  server.RaftServerConfigKeys (ConfUtils.java:logGet(43)) - raft.server.rpcslowness.timeout = 120s (custom)
2019-08-23 08:35:13,429 [pool-170-thread-1] INFO  server.RaftServerConfigKeys (ConfUtils.java:logGet(43)) - raft.server.sleep.deviation.threshold = 300 (default)
2019-08-23 08:35:13,429 [pool-170-thread-1] INFO  server.RaftServerConfigKeys (ConfUtils.java:logGet(43)) - raft.server.log.appender.install.snapshot.enabled = false (custom)
2019-08-23 08:35:13,429 [pool-170-thread-1] INFO  impl.RaftServerImpl (ServerState.java:<init>(105)) - 7e5aa902-2e53-4970-88d9-946662ba2918:group-C16CC8B5352A ConfigurationManager, init=-1: [7e5aa902-2e53-4970-88d9-946662ba2918:192.168.36.124:40946], old=null, confs=<EMPTY_MAP>
2019-08-23 08:35:13,429 [pool-170-thread-1] INFO  server.RaftServerConfigKeys (ConfUtils.java:logGet(43)) - raft.server.storage.dir = [/workdir/hadoop-ozone/integration-test/target/test-dir/MiniOzoneClusterImpl-b0e68d79-38a8-42f3-82e9-8c7446ce8347/datanode-2/data/ratis] (custom)
2019-08-23 08:35:13,430 [pool-170-thread-1] INFO  storage.RaftStorageDirectory (RaftStorageDirectory.java:analyzeStorage(246)) - The storage directory /workdir/hadoop-ozone/integration-test/target/test-dir/MiniOzoneClusterImpl-b0e68d79-38a8-42f3-82e9-8c7446ce8347/datanode-2/data/ratis/15ce5989-5581-4ca8-8fe7-c16cc8b5352a does not exist. Creating ...
2019-08-23 08:35:13,453 [pool-170-thread-1] INFO  storage.RaftStorageDirectory (RaftStorageDirectory.java:tryLock(328)) - Lock on /workdir/hadoop-ozone/integration-test/target/test-dir/MiniOzoneClusterImpl-b0e68d79-38a8-42f3-82e9-8c7446ce8347/datanode-2/data/ratis/15ce5989-5581-4ca8-8fe7-c16cc8b5352a/in_use.lock acquired by nodename 4939@pr-hdds-2022-djmxw-136905289
2019-08-23 08:35:13,476 [pool-170-thread-1] INFO  storage.RaftStorage (RaftStorage.java:format(72)) - Storage directory /workdir/hadoop-ozone/integration-test/target/test-dir/MiniOzoneClusterImpl-b0e68d79-38a8-42f3-82e9-8c7446ce8347/datanode-2/data/ratis/15ce5989-5581-4ca8-8fe7-c16cc8b5352a has been successfully formatted.
2019-08-23 08:35:13,476 [pool-170-thread-1] INFO  ratis.ContainerStateMachine (ContainerStateMachine.java:loadSnapshot(226)) - group-C16CC8B5352A: The snapshot info is null. Setting the last applied indexto:(t:0, i:~)
2019-08-23 08:35:13,476 [pool-170-thread-1] INFO  server.RaftServerConfigKeys (ConfUtils.java:logGet(43)) - raft.server.leader.election.timeout = 120s (custom)
2019-08-23 08:35:13,476 [pool-170-thread-1] INFO  server.RaftServerConfigKeys (ConfUtils.java:logGet(43)) - raft.server.log.use.memory = false (default)
2019-08-23 08:35:13,476 [pool-170-thread-1] INFO  server.RaftServerConfigKeys (ConfUtils.java:logGet(43)) - raft.server.log.purge.gap = 1000000 (custom)
2019-08-23 08:35:13,477 [pool-170-thread-1] INFO  server.RaftServerConfigKeys (ConfUtils.java:logGet(43)) - raft.server.log.appender.buffer.byte-limit = 33554432 (custom)
2019-08-23 08:35:13,477 [pool-170-thread-1] INFO  server.RaftServerConfigKeys (ConfUtils.java:logGet(43)) - raft.server.log.segment.size.max = 1048576 (custom)
2019-08-23 08:35:13,477 [pool-170-thread-1] INFO  server.RaftServerConfigKeys (ConfUtils.java:logGet(43)) - raft.server.log.segment.cache.num.max = 2 (custom)
2019-08-23 08:35:13,477 [pool-170-thread-1] INFO  segmented.SegmentedRaftLogWorker (SegmentedRaftLogWorker.java:<init>(172)) - new 7e5aa902-2e53-4970-88d9-946662ba2918-SegmentedRaftLogWorker:Storage Directory /workdir/hadoop-ozone/integration-test/target/test-dir/MiniOzoneClusterImpl-b0e68d79-38a8-42f3-82e9-8c7446ce8347/datanode-2/data/ratis/15ce5989-5581-4ca8-8fe7-c16cc8b5352a for RaftStorage:Storage Directory /workdir/hadoop-ozone/integration-test/target/test-dir/MiniOzoneClusterImpl-b0e68d79-38a8-42f3-82e9-8c7446ce8347/datanode-2/data/ratis/15ce5989-5581-4ca8-8fe7-c16cc8b5352a
2019-08-23 08:35:13,477 [pool-170-thread-1] INFO  server.RaftServerConfigKeys (ConfUtils.java:logGet(43)) - raft.server.log.queue.byte-limit = 2147483647 (custom)
2019-08-23 08:35:13,477 [pool-170-thread-1] INFO  server.RaftServerConfigKeys (ConfUtils.java:logGet(43)) - raft.server.log.queue.element-limit = 1024 (custom)
2019-08-23 08:35:13,477 [pool-170-thread-1] INFO  server.RaftServerConfigKeys (ConfUtils.java:logGet(43)) - raft.server.log.segment.size.max = 1048576 (custom)
2019-08-23 08:35:13,477 [pool-170-thread-1] INFO  server.RaftServerConfigKeys (ConfUtils.java:logGet(43)) - raft.server.log.preallocated.size = 16384 (custom)
2019-08-23 08:35:13,478 [pool-170-thread-1] INFO  server.RaftServerConfigKeys (ConfUtils.java:logGet(43)) - raft.server.log.write.buffer.size = 33554432 (custom)
2019-08-23 08:35:13,478 [pool-170-thread-1] INFO  server.RaftServerConfigKeys (ConfUtils.java:logGet(43)) - raft.server.log.force.sync.num = 128 (default)
2019-08-23 08:35:13,478 [pool-170-thread-1] INFO  server.RaftServerConfigKeys (ConfUtils.java:logGet(43)) - raft.server.log.statemachine.data.sync = true (default)
2019-08-23 08:35:13,478 [pool-170-thread-1] INFO  server.RaftServerConfigKeys (ConfUtils.java:logGet(43)) - raft.server.log.statemachine.data.sync.timeout = 10s (default)
2019-08-23 08:35:13,478 [pool-170-thread-1] INFO  server.RaftServerConfigKeys (ConfUtils.java:logGet(43)) - raft.server.log.statemachine.data.sync.timeout.retry = -1 (default)
2019-08-23 08:35:13,478 [pool-170-thread-1] INFO  server.RaftServerConfigKeys (ConfUtils.java:logGet(43)) - raft.server.log.statemachine.data.caching.enabled = true (custom)
2019-08-23 08:35:13,479 [pool-170-thread-1] INFO  segmented.SegmentedRaftLogWorker (SegmentedRaftLogWorker.java:lambda$new$0(132)) - 7e5aa902-2e53-4970-88d9-946662ba2918-SegmentedRaftLogWorker:Storage Directory /workdir/hadoop-ozone/integration-test/target/test-dir/MiniOzoneClusterImpl-b0e68d79-38a8-42f3-82e9-8c7446ce8347/datanode-2/data/ratis/15ce5989-5581-4ca8-8fe7-c16cc8b5352a: flushIndex: setUnconditionally 0 -> -1
2019-08-23 08:35:13,479 [pool-170-thread-1] INFO  server.RaftServerConfigKeys (ConfUtils.java:logGet(43)) - raft.server.snapshot.auto.trigger.enabled = true (custom)
2019-08-23 08:35:13,479 [pool-170-thread-1] INFO  server.RaftServerConfigKeys (ConfUtils.java:logGet(43)) - raft.server.snapshot.auto.trigger.threshold = 10000 (custom)
2019-08-23 08:35:13,479 [pool-170-thread-1] INFO  server.RaftServerConfigKeys (ConfUtils.java:logGet(43)) - raft.server.retrycache.expirytime = 600000ms (custom)
2019-08-23 08:35:13,479 [pool-170-thread-1] INFO  impl.RaftServerImpl (RaftServerImpl.java:start(180)) - 7e5aa902-2e53-4970-88d9-946662ba2918: start group-C16CC8B5352A
2019-08-23 08:35:13,479 [pool-170-thread-1] INFO  impl.RaftServerImpl (RaftServerImpl.java:setRole(171)) - 7e5aa902-2e53-4970-88d9-946662ba2918:group-C16CC8B5352A changes role from null to FOLLOWER at term 0 for startAsFollower
2019-08-23 08:35:13,480 [pool-170-thread-1] INFO  impl.RoleInfo (RoleInfo.java:updateAndGet(143)) - 7e5aa902-2e53-4970-88d9-946662ba2918: start FollowerState
2019-08-23 08:35:13,480 [pool-170-thread-1] INFO  util.JmxRegister (JmxRegister.java:tryRegister(44)) - Successfully registered JMX Bean with object name Ratis:service=RaftServer,group=group-C16CC8B5352A,id=7e5aa902-2e53-4970-88d9-946662ba2918
2019-08-23 08:35:13,484 [RatisPipelineUtilsThread] INFO  pipeline.PipelineStateManager (PipelineStateManager.java:addPipeline(56)) - Created pipeline Pipeline[ Id: 15ce5989-5581-4ca8-8fe7-c16cc8b5352a, Nodes: 7e5aa902-2e53-4970-88d9-946662ba2918{ip: 192.168.36.124, host: pr-hdds-2022-djmxw-136905289, networkLocation: /default-rack, certSerialId: null}, Type:RATIS, Factor:ONE, State:OPEN]
2019-08-23 08:35:13,492 [grpc-default-executor-0] INFO  impl.RaftServerProxy (RaftServerProxy.java:addNew(89)) - 898070de-5342-4931-8fd1-72ad9058b7b1: addNew group-B8DA615751E6:[898070de-5342-4931-8fd1-72ad9058b7b1:192.168.36.124:42057] returns group-B8DA615751E6:java.util.concurrent.CompletableFuture@ba41f08[Not completed]
2019-08-23 08:35:13,493 [pool-159-thread-1] INFO  impl.RaftServerImpl (RaftServerImpl.java:<init>(93)) - 898070de-5342-4931-8fd1-72ad9058b7b1: new RaftServerImpl for group-B8DA615751E6:[898070de-5342-4931-8fd1-72ad9058b7b1:192.168.36.124:42057] with ContainerStateMachine:uninitialized
2019-08-23 08:35:13,494 [pool-159-thread-1] INFO  server.RaftServerConfigKeys (ConfUtils.java:logGet(43)) - raft.server.rpc.timeout.min = 5s (custom)
2019-08-23 08:35:13,494 [pool-159-thread-1] INFO  server.RaftServerConfigKeys (ConfUtils.java:logGet(43)) - raft.server.rpc.timeout.max = 5200ms (custom)
2019-08-23 08:35:13,494 [pool-159-thread-1] INFO  server.RaftServerConfigKeys (ConfUtils.java:logGet(43)) - raft.server.rpcslowness.timeout = 120s (custom)
2019-08-23 08:35:13,494 [pool-159-thread-1] INFO  server.RaftServerConfigKeys (ConfUtils.java:logGet(43)) - raft.server.sleep.deviation.threshold = 300 (default)
2019-08-23 08:35:13,494 [pool-159-thread-1] INFO  server.RaftServerConfigKeys (ConfUtils.java:logGet(43)) - raft.server.log.appender.install.snapshot.enabled = false (custom)
2019-08-23 08:35:13,494 [pool-159-thread-1] INFO  impl.RaftServerImpl (ServerState.java:<init>(105)) - 898070de-5342-4931-8fd1-72ad9058b7b1:group-B8DA615751E6 ConfigurationManager, init=-1: [898070de-5342-4931-8fd1-72ad9058b7b1:192.168.36.124:42057], old=null, confs=<EMPTY_MAP>
2019-08-23 08:35:13,494 [pool-159-thread-1] INFO  server.RaftServerConfigKeys (ConfUtils.java:logGet(43)) - raft.server.storage.dir = [/workdir/hadoop-ozone/integration-test/target/test-dir/MiniOzoneClusterImpl-b0e68d79-38a8-42f3-82e9-8c7446ce8347/datanode-1/data/ratis] (custom)
2019-08-23 08:35:13,495 [pool-159-thread-1] INFO  storage.RaftStorageDirectory (RaftStorageDirectory.java:analyzeStorage(246)) - The storage directory /workdir/hadoop-ozone/integration-test/target/test-dir/MiniOzoneClusterImpl-b0e68d79-38a8-42f3-82e9-8c7446ce8347/datanode-1/data/ratis/dbab0f08-0141-4807-8d7d-b8da615751e6 does not exist. Creating ...
2019-08-23 08:35:13,517 [pool-159-thread-1] INFO  storage.RaftStorageDirectory (RaftStorageDirectory.java:tryLock(328)) - Lock on /workdir/hadoop-ozone/integration-test/target/test-dir/MiniOzoneClusterImpl-b0e68d79-38a8-42f3-82e9-8c7446ce8347/datanode-1/data/ratis/dbab0f08-0141-4807-8d7d-b8da615751e6/in_use.lock acquired by nodename 4939@pr-hdds-2022-djmxw-136905289
2019-08-23 08:35:13,522 | INFO  | SCMAudit | user=jenkins1000 | ip=192.168.36.124 | op=SEND_HEARTBEAT {datanodeUUID=4a27d5c5-e706-4f49-9c3b-ede305044aa5, command=[]} | ret=SUCCESS |  
2019-08-23 08:35:13,540 [pool-159-thread-1] INFO  storage.RaftStorage (RaftStorage.java:format(72)) - Storage directory /workdir/hadoop-ozone/integration-test/target/test-dir/MiniOzoneClusterImpl-b0e68d79-38a8-42f3-82e9-8c7446ce8347/datanode-1/data/ratis/dbab0f08-0141-4807-8d7d-b8da615751e6 has been successfully formatted.
2019-08-23 08:35:13,540 [pool-159-thread-1] INFO  ratis.ContainerStateMachine (ContainerStateMachine.java:loadSnapshot(226)) - group-B8DA615751E6: The snapshot info is null. Setting the last applied indexto:(t:0, i:~)
2019-08-23 08:35:13,540 [pool-159-thread-1] INFO  server.RaftServerConfigKeys (ConfUtils.java:logGet(43)) - raft.server.leader.election.timeout = 120s (custom)
2019-08-23 08:35:13,541 [pool-159-thread-1] INFO  server.RaftServerConfigKeys (ConfUtils.java:logGet(43)) - raft.server.log.use.memory = false (default)
2019-08-23 08:35:13,541 [pool-159-thread-1] INFO  server.RaftServerConfigKeys (ConfUtils.java:logGet(43)) - raft.server.log.purge.gap = 1000000 (custom)
2019-08-23 08:35:13,541 [pool-159-thread-1] INFO  server.RaftServerConfigKeys (ConfUtils.java:logGet(43)) - raft.server.log.appender.buffer.byte-limit = 33554432 (custom)
2019-08-23 08:35:13,541 [pool-159-thread-1] INFO  server.RaftServerConfigKeys (ConfUtils.java:logGet(43)) - raft.server.log.segment.size.max = 1048576 (custom)
2019-08-23 08:35:13,541 [pool-159-thread-1] INFO  server.RaftServerConfigKeys (ConfUtils.java:logGet(43)) - raft.server.log.segment.cache.num.max = 2 (custom)
2019-08-23 08:35:13,541 [pool-159-thread-1] INFO  segmented.SegmentedRaftLogWorker (SegmentedRaftLogWorker.java:<init>(172)) - new 898070de-5342-4931-8fd1-72ad9058b7b1-SegmentedRaftLogWorker:Storage Directory /workdir/hadoop-ozone/integration-test/target/test-dir/MiniOzoneClusterImpl-b0e68d79-38a8-42f3-82e9-8c7446ce8347/datanode-1/data/ratis/dbab0f08-0141-4807-8d7d-b8da615751e6 for RaftStorage:Storage Directory /workdir/hadoop-ozone/integration-test/target/test-dir/MiniOzoneClusterImpl-b0e68d79-38a8-42f3-82e9-8c7446ce8347/datanode-1/data/ratis/dbab0f08-0141-4807-8d7d-b8da615751e6
2019-08-23 08:35:13,541 [pool-159-thread-1] INFO  server.RaftServerConfigKeys (ConfUtils.java:logGet(43)) - raft.server.log.queue.byte-limit = 2147483647 (custom)
2019-08-23 08:35:13,541 [pool-159-thread-1] INFO  server.RaftServerConfigKeys (ConfUtils.java:logGet(43)) - raft.server.log.queue.element-limit = 1024 (custom)
2019-08-23 08:35:13,541 [pool-159-thread-1] INFO  server.RaftServerConfigKeys (ConfUtils.java:logGet(43)) - raft.server.log.segment.size.max = 1048576 (custom)
2019-08-23 08:35:13,542 [pool-159-thread-1] INFO  server.RaftServerConfigKeys (ConfUtils.java:logGet(43)) - raft.server.log.preallocated.size = 16384 (custom)
2019-08-23 08:35:13,542 [pool-159-thread-1] INFO  server.RaftServerConfigKeys (ConfUtils.java:logGet(43)) - raft.server.log.write.buffer.size = 33554432 (custom)
2019-08-23 08:35:13,542 [pool-159-thread-1] INFO  server.RaftServerConfigKeys (ConfUtils.java:logGet(43)) - raft.server.log.force.sync.num = 128 (default)
2019-08-23 08:35:13,542 [pool-159-thread-1] INFO  server.RaftServerConfigKeys (ConfUtils.java:logGet(43)) - raft.server.log.statemachine.data.sync = true (default)
2019-08-23 08:35:13,542 [pool-159-thread-1] INFO  server.RaftServerConfigKeys (ConfUtils.java:logGet(43)) - raft.server.log.statemachine.data.sync.timeout = 10s (default)
2019-08-23 08:35:13,542 [pool-159-thread-1] INFO  server.RaftServerConfigKeys (ConfUtils.java:logGet(43)) - raft.server.log.statemachine.data.sync.timeout.retry = -1 (default)
2019-08-23 08:35:13,542 [pool-159-thread-1] INFO  server.RaftServerConfigKeys (ConfUtils.java:logGet(43)) - raft.server.log.statemachine.data.caching.enabled = true (custom)
2019-08-23 08:35:13,542 [pool-159-thread-1] INFO  segmented.SegmentedRaftLogWorker (SegmentedRaftLogWorker.java:lambda$new$0(132)) - 898070de-5342-4931-8fd1-72ad9058b7b1-SegmentedRaftLogWorker:Storage Directory /workdir/hadoop-ozone/integration-test/target/test-dir/MiniOzoneClusterImpl-b0e68d79-38a8-42f3-82e9-8c7446ce8347/datanode-1/data/ratis/dbab0f08-0141-4807-8d7d-b8da615751e6: flushIndex: setUnconditionally 0 -> -1
2019-08-23 08:35:13,543 [pool-159-thread-1] INFO  server.RaftServerConfigKeys (ConfUtils.java:logGet(43)) - raft.server.snapshot.auto.trigger.enabled = true (custom)
2019-08-23 08:35:13,543 [pool-159-thread-1] INFO  server.RaftServerConfigKeys (ConfUtils.java:logGet(43)) - raft.server.snapshot.auto.trigger.threshold = 10000 (custom)
2019-08-23 08:35:13,543 [pool-159-thread-1] INFO  server.RaftServerConfigKeys (ConfUtils.java:logGet(43)) - raft.server.retrycache.expirytime = 600000ms (custom)
2019-08-23 08:35:13,543 [pool-159-thread-1] INFO  impl.RaftServerImpl (RaftServerImpl.java:start(180)) - 898070de-5342-4931-8fd1-72ad9058b7b1: start group-B8DA615751E6
2019-08-23 08:35:13,543 [pool-159-thread-1] INFO  impl.RaftServerImpl (RaftServerImpl.java:setRole(171)) - 898070de-5342-4931-8fd1-72ad9058b7b1:group-B8DA615751E6 changes role from null to FOLLOWER at term 0 for startAsFollower
2019-08-23 08:35:13,543 [pool-159-thread-1] INFO  impl.RoleInfo (RoleInfo.java:updateAndGet(143)) - 898070de-5342-4931-8fd1-72ad9058b7b1: start FollowerState
2019-08-23 08:35:13,544 [pool-159-thread-1] INFO  util.JmxRegister (JmxRegister.java:tryRegister(44)) - Successfully registered JMX Bean with object name Ratis:service=RaftServer,group=group-B8DA615751E6,id=898070de-5342-4931-8fd1-72ad9058b7b1
2019-08-23 08:35:13,548 [RatisPipelineUtilsThread] INFO  pipeline.PipelineStateManager (PipelineStateManager.java:addPipeline(56)) - Created pipeline Pipeline[ Id: dbab0f08-0141-4807-8d7d-b8da615751e6, Nodes: 898070de-5342-4931-8fd1-72ad9058b7b1{ip: 192.168.36.124, host: pr-hdds-2022-djmxw-136905289, networkLocation: /default-rack, certSerialId: null}, Type:RATIS, Factor:ONE, State:OPEN]
2019-08-23 08:35:13,570 [grpc-default-executor-1] INFO  impl.RaftServerProxy (RaftServerProxy.java:addNew(89)) - 898070de-5342-4931-8fd1-72ad9058b7b1: addNew group-A3CED0891DC9:[7e5aa902-2e53-4970-88d9-946662ba2918:192.168.36.124:40946, 4a27d5c5-e706-4f49-9c3b-ede305044aa5:192.168.36.124:45959, 898070de-5342-4931-8fd1-72ad9058b7b1:192.168.36.124:42057] returns group-A3CED0891DC9:java.util.concurrent.CompletableFuture@360f6b5a[Not completed]
2019-08-23 08:35:13,571 [grpc-default-executor-2] INFO  impl.RaftServerProxy (RaftServerProxy.java:addNew(89)) - 4a27d5c5-e706-4f49-9c3b-ede305044aa5: addNew group-A3CED0891DC9:[7e5aa902-2e53-4970-88d9-946662ba2918:192.168.36.124:40946, 4a27d5c5-e706-4f49-9c3b-ede305044aa5:192.168.36.124:45959, 898070de-5342-4931-8fd1-72ad9058b7b1:192.168.36.124:42057] returns group-A3CED0891DC9:java.util.concurrent.CompletableFuture@10293f55[Not completed]
2019-08-23 08:35:13,571 [grpc-default-executor-0] INFO  impl.RaftServerProxy (RaftServerProxy.java:addNew(89)) - 7e5aa902-2e53-4970-88d9-946662ba2918: addNew group-A3CED0891DC9:[7e5aa902-2e53-4970-88d9-946662ba2918:192.168.36.124:40946, 4a27d5c5-e706-4f49-9c3b-ede305044aa5:192.168.36.124:45959, 898070de-5342-4931-8fd1-72ad9058b7b1:192.168.36.124:42057] returns group-A3CED0891DC9:java.util.concurrent.CompletableFuture@1744304b[Not completed]
2019-08-23 08:35:13,572 [pool-159-thread-1] INFO  impl.RaftServerImpl (RaftServerImpl.java:<init>(93)) - 898070de-5342-4931-8fd1-72ad9058b7b1: new RaftServerImpl for group-A3CED0891DC9:[7e5aa902-2e53-4970-88d9-946662ba2918:192.168.36.124:40946, 4a27d5c5-e706-4f49-9c3b-ede305044aa5:192.168.36.124:45959, 898070de-5342-4931-8fd1-72ad9058b7b1:192.168.36.124:42057] with ContainerStateMachine:uninitialized
2019-08-23 08:35:13,572 [pool-159-thread-1] INFO  server.RaftServerConfigKeys (ConfUtils.java:logGet(43)) - raft.server.rpc.timeout.min = 5s (custom)
2019-08-23 08:35:13,572 [pool-159-thread-1] INFO  server.RaftServerConfigKeys (ConfUtils.java:logGet(43)) - raft.server.rpc.timeout.max = 5200ms (custom)
2019-08-23 08:35:13,572 [pool-159-thread-1] INFO  server.RaftServerConfigKeys (ConfUtils.java:logGet(43)) - raft.server.rpcslowness.timeout = 120s (custom)
2019-08-23 08:35:13,573 [pool-148-thread-1] INFO  impl.RaftServerImpl (RaftServerImpl.java:<init>(93)) - 4a27d5c5-e706-4f49-9c3b-ede305044aa5: new RaftServerImpl for group-A3CED0891DC9:[7e5aa902-2e53-4970-88d9-946662ba2918:192.168.36.124:40946, 4a27d5c5-e706-4f49-9c3b-ede305044aa5:192.168.36.124:45959, 898070de-5342-4931-8fd1-72ad9058b7b1:192.168.36.124:42057] with ContainerStateMachine:uninitialized
2019-08-23 08:35:13,573 [pool-159-thread-1] INFO  server.RaftServerConfigKeys (ConfUtils.java:logGet(43)) - raft.server.sleep.deviation.threshold = 300 (default)
2019-08-23 08:35:13,573 [pool-148-thread-1] INFO  server.RaftServerConfigKeys (ConfUtils.java:logGet(43)) - raft.server.rpc.timeout.min = 5s (custom)
2019-08-23 08:35:13,573 [pool-159-thread-1] INFO  server.RaftServerConfigKeys (ConfUtils.java:logGet(43)) - raft.server.log.appender.install.snapshot.enabled = false (custom)
2019-08-23 08:35:13,573 [pool-148-thread-1] INFO  server.RaftServerConfigKeys (ConfUtils.java:logGet(43)) - raft.server.rpc.timeout.max = 5200ms (custom)
2019-08-23 08:35:13,573 [pool-159-thread-1] INFO  impl.RaftServerImpl (ServerState.java:<init>(105)) - 898070de-5342-4931-8fd1-72ad9058b7b1:group-A3CED0891DC9 ConfigurationManager, init=-1: [7e5aa902-2e53-4970-88d9-946662ba2918:192.168.36.124:40946, 4a27d5c5-e706-4f49-9c3b-ede305044aa5:192.168.36.124:45959, 898070de-5342-4931-8fd1-72ad9058b7b1:192.168.36.124:42057], old=null, confs=<EMPTY_MAP>
2019-08-23 08:35:13,573 [pool-148-thread-1] INFO  server.RaftServerConfigKeys (ConfUtils.java:logGet(43)) - raft.server.rpcslowness.timeout = 120s (custom)
2019-08-23 08:35:13,573 [pool-159-thread-1] INFO  server.RaftServerConfigKeys (ConfUtils.java:logGet(43)) - raft.server.storage.dir = [/workdir/hadoop-ozone/integration-test/target/test-dir/MiniOzoneClusterImpl-b0e68d79-38a8-42f3-82e9-8c7446ce8347/datanode-1/data/ratis] (custom)
2019-08-23 08:35:13,573 [pool-148-thread-1] INFO  server.RaftServerConfigKeys (ConfUtils.java:logGet(43)) - raft.server.sleep.deviation.threshold = 300 (default)
2019-08-23 08:35:13,573 [pool-148-thread-1] INFO  server.RaftServerConfigKeys (ConfUtils.java:logGet(43)) - raft.server.log.appender.install.snapshot.enabled = false (custom)
2019-08-23 08:35:13,573 [pool-148-thread-1] INFO  impl.RaftServerImpl (ServerState.java:<init>(105)) - 4a27d5c5-e706-4f49-9c3b-ede305044aa5:group-A3CED0891DC9 ConfigurationManager, init=-1: [7e5aa902-2e53-4970-88d9-946662ba2918:192.168.36.124:40946, 4a27d5c5-e706-4f49-9c3b-ede305044aa5:192.168.36.124:45959, 898070de-5342-4931-8fd1-72ad9058b7b1:192.168.36.124:42057], old=null, confs=<EMPTY_MAP>
2019-08-23 08:35:13,574 [pool-159-thread-1] INFO  storage.RaftStorageDirectory (RaftStorageDirectory.java:analyzeStorage(246)) - The storage directory /workdir/hadoop-ozone/integration-test/target/test-dir/MiniOzoneClusterImpl-b0e68d79-38a8-42f3-82e9-8c7446ce8347/datanode-1/data/ratis/ea820b34-658e-473b-a154-a3ced0891dc9 does not exist. Creating ...
2019-08-23 08:35:13,574 [pool-148-thread-1] INFO  server.RaftServerConfigKeys (ConfUtils.java:logGet(43)) - raft.server.storage.dir = [/workdir/hadoop-ozone/integration-test/target/test-dir/MiniOzoneClusterImpl-b0e68d79-38a8-42f3-82e9-8c7446ce8347/datanode-0/data/ratis] (custom)
2019-08-23 08:35:13,574 [pool-148-thread-1] INFO  storage.RaftStorageDirectory (RaftStorageDirectory.java:analyzeStorage(246)) - The storage directory /workdir/hadoop-ozone/integration-test/target/test-dir/MiniOzoneClusterImpl-b0e68d79-38a8-42f3-82e9-8c7446ce8347/datanode-0/data/ratis/ea820b34-658e-473b-a154-a3ced0891dc9 does not exist. Creating ...
2019-08-23 08:35:13,574 [pool-170-thread-1] INFO  impl.RaftServerImpl (RaftServerImpl.java:<init>(93)) - 7e5aa902-2e53-4970-88d9-946662ba2918: new RaftServerImpl for group-A3CED0891DC9:[7e5aa902-2e53-4970-88d9-946662ba2918:192.168.36.124:40946, 4a27d5c5-e706-4f49-9c3b-ede305044aa5:192.168.36.124:45959, 898070de-5342-4931-8fd1-72ad9058b7b1:192.168.36.124:42057] with ContainerStateMachine:uninitialized
2019-08-23 08:35:13,574 [pool-170-thread-1] INFO  server.RaftServerConfigKeys (ConfUtils.java:logGet(43)) - raft.server.rpc.timeout.min = 5s (custom)
2019-08-23 08:35:13,575 [pool-170-thread-1] INFO  server.RaftServerConfigKeys (ConfUtils.java:logGet(43)) - raft.server.rpc.timeout.max = 5200ms (custom)
2019-08-23 08:35:13,575 [pool-170-thread-1] INFO  server.RaftServerConfigKeys (ConfUtils.java:logGet(43)) - raft.server.rpcslowness.timeout = 120s (custom)
2019-08-23 08:35:13,575 [pool-170-thread-1] INFO  server.RaftServerConfigKeys (ConfUtils.java:logGet(43)) - raft.server.sleep.deviation.threshold = 300 (default)
2019-08-23 08:35:13,575 [pool-170-thread-1] INFO  server.RaftServerConfigKeys (ConfUtils.java:logGet(43)) - raft.server.log.appender.install.snapshot.enabled = false (custom)
2019-08-23 08:35:13,575 [pool-170-thread-1] INFO  impl.RaftServerImpl (ServerState.java:<init>(105)) - 7e5aa902-2e53-4970-88d9-946662ba2918:group-A3CED0891DC9 ConfigurationManager, init=-1: [7e5aa902-2e53-4970-88d9-946662ba2918:192.168.36.124:40946, 4a27d5c5-e706-4f49-9c3b-ede305044aa5:192.168.36.124:45959, 898070de-5342-4931-8fd1-72ad9058b7b1:192.168.36.124:42057], old=null, confs=<EMPTY_MAP>
2019-08-23 08:35:13,575 [pool-170-thread-1] INFO  server.RaftServerConfigKeys (ConfUtils.java:logGet(43)) - raft.server.storage.dir = [/workdir/hadoop-ozone/integration-test/target/test-dir/MiniOzoneClusterImpl-b0e68d79-38a8-42f3-82e9-8c7446ce8347/datanode-2/data/ratis] (custom)
2019-08-23 08:35:13,576 [pool-170-thread-1] INFO  storage.RaftStorageDirectory (RaftStorageDirectory.java:analyzeStorage(246)) - The storage directory /workdir/hadoop-ozone/integration-test/target/test-dir/MiniOzoneClusterImpl-b0e68d79-38a8-42f3-82e9-8c7446ce8347/datanode-2/data/ratis/ea820b34-658e-473b-a154-a3ced0891dc9 does not exist. Creating ...
2019-08-23 08:35:13,579 [Thread-588] INFO  impl.FollowerState (FollowerState.java:run(106)) - 4a27d5c5-e706-4f49-9c3b-ede305044aa5:group-643F8C4DDBBD changes to CANDIDATE, lastRpcTime:5047, electionTimeout:5047ms
2019-08-23 08:35:13,579 [Thread-588] INFO  impl.RoleInfo (RoleInfo.java:shutdownFollowerState(121)) - 4a27d5c5-e706-4f49-9c3b-ede305044aa5: shutdown FollowerState
2019-08-23 08:35:13,579 [Thread-588] INFO  impl.RaftServerImpl (RaftServerImpl.java:setRole(171)) - 4a27d5c5-e706-4f49-9c3b-ede305044aa5:group-643F8C4DDBBD changes role from FOLLOWER to CANDIDATE at term 1 for changeToCandidate
2019-08-23 08:35:13,579 [Thread-588] INFO  impl.RoleInfo (RoleInfo.java:updateAndGet(143)) - 4a27d5c5-e706-4f49-9c3b-ede305044aa5: start LeaderElection
2019-08-23 08:35:13,610 [pool-170-thread-1] INFO  storage.RaftStorageDirectory (RaftStorageDirectory.java:tryLock(328)) - Lock on /workdir/hadoop-ozone/integration-test/target/test-dir/MiniOzoneClusterImpl-b0e68d79-38a8-42f3-82e9-8c7446ce8347/datanode-2/data/ratis/ea820b34-658e-473b-a154-a3ced0891dc9/in_use.lock acquired by nodename 4939@pr-hdds-2022-djmxw-136905289
2019-08-23 08:35:13,610 [4a27d5c5-e706-4f49-9c3b-ede305044aa5:group-643F8C4DDBBD:LeaderElection19] INFO  impl.LeaderElection (LeaderElection.java:askForVotes(181)) - 4a27d5c5-e706-4f49-9c3b-ede305044aa5:group-643F8C4DDBBD:LeaderElection19: begin an election at term 2 for 0: [4a27d5c5-e706-4f49-9c3b-ede305044aa5:192.168.36.124:45959], old=null
2019-08-23 08:35:13,610 [pool-148-thread-1] INFO  storage.RaftStorageDirectory (RaftStorageDirectory.java:tryLock(328)) - Lock on /workdir/hadoop-ozone/integration-test/target/test-dir/MiniOzoneClusterImpl-b0e68d79-38a8-42f3-82e9-8c7446ce8347/datanode-0/data/ratis/ea820b34-658e-473b-a154-a3ced0891dc9/in_use.lock acquired by nodename 4939@pr-hdds-2022-djmxw-136905289
2019-08-23 08:35:13,610 [pool-159-thread-1] INFO  storage.RaftStorageDirectory (RaftStorageDirectory.java:tryLock(328)) - Lock on /workdir/hadoop-ozone/integration-test/target/test-dir/MiniOzoneClusterImpl-b0e68d79-38a8-42f3-82e9-8c7446ce8347/datanode-1/data/ratis/ea820b34-658e-473b-a154-a3ced0891dc9/in_use.lock acquired by nodename 4939@pr-hdds-2022-djmxw-136905289
2019-08-23 08:35:13,610 [4a27d5c5-e706-4f49-9c3b-ede305044aa5:group-643F8C4DDBBD:LeaderElection19] INFO  impl.RoleInfo (RoleInfo.java:shutdownLeaderElection(134)) - 4a27d5c5-e706-4f49-9c3b-ede305044aa5: shutdown LeaderElection
2019-08-23 08:35:13,611 [4a27d5c5-e706-4f49-9c3b-ede305044aa5:group-643F8C4DDBBD:LeaderElection19] INFO  impl.RaftServerImpl (RaftServerImpl.java:setRole(171)) - 4a27d5c5-e706-4f49-9c3b-ede305044aa5:group-643F8C4DDBBD changes role from CANDIDATE to LEADER at term 2 for changeToLeader
2019-08-23 08:35:13,611 [4a27d5c5-e706-4f49-9c3b-ede305044aa5:group-643F8C4DDBBD:LeaderElection19] INFO  impl.RaftServerImpl (ServerState.java:setLeader(263)) - 4a27d5c5-e706-4f49-9c3b-ede305044aa5:group-643F8C4DDBBD change Leader from null to 4a27d5c5-e706-4f49-9c3b-ede305044aa5 at term 2 for becomeLeader, leader elected after 7265ms
2019-08-23 08:35:13,611 [4a27d5c5-e706-4f49-9c3b-ede305044aa5:group-643F8C4DDBBD:LeaderElection19] INFO  server.RaftServerConfigKeys (ConfUtils.java:logGet(43)) - raft.server.staging.catchup.gap = 1000 (default)
2019-08-23 08:35:13,611 [4a27d5c5-e706-4f49-9c3b-ede305044aa5:group-643F8C4DDBBD:LeaderElection19] INFO  server.RaftServerConfigKeys (ConfUtils.java:logGet(43)) - raft.server.rpc.sleep.time = 25ms (default)
2019-08-23 08:35:13,612 [4a27d5c5-e706-4f49-9c3b-ede305044aa5:group-643F8C4DDBBD:LeaderElection19] INFO  server.RaftServerConfigKeys (ConfUtils.java:logGet(43)) - raft.server.write.element-limit = 4096 (default)
2019-08-23 08:35:13,612 [4a27d5c5-e706-4f49-9c3b-ede305044aa5:group-643F8C4DDBBD:LeaderElection19] INFO  server.RaftServerConfigKeys (ConfUtils.java:logGet(43)) - raft.server.watch.timeout = 10s (default)
2019-08-23 08:35:13,612 [4a27d5c5-e706-4f49-9c3b-ede305044aa5:group-643F8C4DDBBD:LeaderElection19] INFO  server.RaftServerConfigKeys (ConfUtils.java:logGet(43)) - raft.server.watch.timeout.denomination = 1s (default)
2019-08-23 08:35:13,612 [4a27d5c5-e706-4f49-9c3b-ede305044aa5:group-643F8C4DDBBD:LeaderElection19] INFO  server.RaftServerConfigKeys (ConfUtils.java:logGet(43)) - raft.server.watch.element-limit = 65536 (default)
2019-08-23 08:35:13,613 [4a27d5c5-e706-4f49-9c3b-ede305044aa5:group-643F8C4DDBBD:LeaderElection19] INFO  impl.RoleInfo (RoleInfo.java:updateAndGet(143)) - 4a27d5c5-e706-4f49-9c3b-ede305044aa5: start LeaderState
2019-08-23 08:35:13,613 [4a27d5c5-e706-4f49-9c3b-ede305044aa5:group-643F8C4DDBBD:LeaderElection19] INFO  segmented.SegmentedRaftLogWorker (SegmentedRaftLogWorker.java:rollLogSegment(385)) - 4a27d5c5-e706-4f49-9c3b-ede305044aa5-SegmentedRaftLogWorker:Storage Directory /workdir/hadoop-ozone/integration-test/target/test-dir/MiniOzoneClusterImpl-b0e68d79-38a8-42f3-82e9-8c7446ce8347/datanode-0/data/ratis/a8033735-a061-4110-b1ea-643f8c4ddbbd: Rolling segment log-0_0 to index:0
2019-08-23 08:35:13,618 [4a27d5c5-e706-4f49-9c3b-ede305044aa5-SegmentedRaftLogWorker:Storage Directory /workdir/hadoop-ozone/integration-test/target/test-dir/MiniOzoneClusterImpl-b0e68d79-38a8-42f3-82e9-8c7446ce8347/datanode-0/data/ratis/a8033735-a061-4110-b1ea-643f8c4ddbbd] INFO  segmented.SegmentedRaftLogWorker (SegmentedRaftLogWorker.java:execute(526)) - 4a27d5c5-e706-4f49-9c3b-ede305044aa5-SegmentedRaftLogWorker:Storage Directory /workdir/hadoop-ozone/integration-test/target/test-dir/MiniOzoneClusterImpl-b0e68d79-38a8-42f3-82e9-8c7446ce8347/datanode-0/data/ratis/a8033735-a061-4110-b1ea-643f8c4ddbbd: Rolled log segment from /workdir/hadoop-ozone/integration-test/target/test-dir/MiniOzoneClusterImpl-b0e68d79-38a8-42f3-82e9-8c7446ce8347/datanode-0/data/ratis/a8033735-a061-4110-b1ea-643f8c4ddbbd/current/log_inprogress_0 to /workdir/hadoop-ozone/integration-test/target/test-dir/MiniOzoneClusterImpl-b0e68d79-38a8-42f3-82e9-8c7446ce8347/datanode-0/data/ratis/a8033735-a061-4110-b1ea-643f8c4ddbbd/current/log_0-0
2019-08-23 08:35:13,622 [4a27d5c5-e706-4f49-9c3b-ede305044aa5:group-643F8C4DDBBD:LeaderElection19] INFO  impl.RaftServerImpl (ServerState.java:setRaftConf(361)) - 4a27d5c5-e706-4f49-9c3b-ede305044aa5:group-643F8C4DDBBD set configuration 1: [4a27d5c5-e706-4f49-9c3b-ede305044aa5:192.168.36.124:45959], old=null at 1
2019-08-23 08:35:13,656 [pool-170-thread-1] INFO  storage.RaftStorage (RaftStorage.java:format(72)) - Storage directory /workdir/hadoop-ozone/integration-test/target/test-dir/MiniOzoneClusterImpl-b0e68d79-38a8-42f3-82e9-8c7446ce8347/datanode-2/data/ratis/ea820b34-658e-473b-a154-a3ced0891dc9 has been successfully formatted.
2019-08-23 08:35:13,656 [pool-159-thread-1] INFO  storage.RaftStorage (RaftStorage.java:format(72)) - Storage directory /workdir/hadoop-ozone/integration-test/target/test-dir/MiniOzoneClusterImpl-b0e68d79-38a8-42f3-82e9-8c7446ce8347/datanode-1/data/ratis/ea820b34-658e-473b-a154-a3ced0891dc9 has been successfully formatted.
2019-08-23 08:35:13,656 [pool-170-thread-1] INFO  ratis.ContainerStateMachine (ContainerStateMachine.java:loadSnapshot(226)) - group-A3CED0891DC9: The snapshot info is null. Setting the last applied indexto:(t:0, i:~)
2019-08-23 08:35:13,656 [main] INFO  ozone.MiniOzoneClusterImpl (MiniOzoneClusterImpl.java:shutdown(321)) - Shutting down the Mini Ozone Cluster
2019-08-23 08:35:13,656 [pool-148-thread-1] INFO  storage.RaftStorage (RaftStorage.java:format(72)) - Storage directory /workdir/hadoop-ozone/integration-test/target/test-dir/MiniOzoneClusterImpl-b0e68d79-38a8-42f3-82e9-8c7446ce8347/datanode-0/data/ratis/ea820b34-658e-473b-a154-a3ced0891dc9 has been successfully formatted.
2019-08-23 08:35:13,657 | INFO  | SCMAudit | user=null | ip=null | op=GET_SCM_INFO null | ret=SUCCESS |  
2019-08-23 08:35:13,657 [pool-159-thread-1] INFO  ratis.ContainerStateMachine (ContainerStateMachine.java:loadSnapshot(226)) - group-A3CED0891DC9: The snapshot info is null. Setting the last applied indexto:(t:0, i:~)
2019-08-23 08:35:13,657 [pool-170-thread-1] INFO  server.RaftServerConfigKeys (ConfUtils.java:logGet(43)) - raft.server.leader.election.timeout = 120s (custom)
2019-08-23 08:35:13,657 [pool-159-thread-1] INFO  server.RaftServerConfigKeys (ConfUtils.java:logGet(43)) - raft.server.leader.election.timeout = 120s (custom)
2019-08-23 08:35:13,657 [pool-148-thread-1] INFO  ratis.ContainerStateMachine (ContainerStateMachine.java:loadSnapshot(226)) - group-A3CED0891DC9: The snapshot info is null. Setting the last applied indexto:(t:0, i:~)
2019-08-23 08:35:13,657 [main] INFO  ozone.MiniOzoneClusterImpl (MiniOzoneClusterImpl.java:stop(336)) - Stopping the Mini Ozone Cluster
2019-08-23 08:35:13,658 [main] INFO  ozone.MiniOzoneClusterImpl (MiniOzoneClusterImpl.java:stop(338)) - Stopping the OzoneManager
2019-08-23 08:35:13,658 [pool-148-thread-1] INFO  server.RaftServerConfigKeys (ConfUtils.java:logGet(43)) - raft.server.leader.election.timeout = 120s (custom)
2019-08-23 08:35:13,658 [pool-159-thread-1] INFO  server.RaftServerConfigKeys (ConfUtils.java:logGet(43)) - raft.server.log.use.memory = false (default)
2019-08-23 08:35:13,657 [pool-170-thread-1] INFO  server.RaftServerConfigKeys (ConfUtils.java:logGet(43)) - raft.server.log.use.memory = false (default)
2019-08-23 08:35:13,661 [pool-159-thread-1] INFO  server.RaftServerConfigKeys (ConfUtils.java:logGet(43)) - raft.server.log.purge.gap = 1000000 (custom)
2019-08-23 08:35:13,661 [pool-148-thread-1] INFO  server.RaftServerConfigKeys (ConfUtils.java:logGet(43)) - raft.server.log.use.memory = false (default)
2019-08-23 08:35:13,660 [main] INFO  ipc.Server (Server.java:stop(3082)) - Stopping server on 45064
2019-08-23 08:35:13,662 [pool-148-thread-1] INFO  server.RaftServerConfigKeys (ConfUtils.java:logGet(43)) - raft.server.log.purge.gap = 1000000 (custom)
2019-08-23 08:35:13,662 [pool-159-thread-1] INFO  server.RaftServerConfigKeys (ConfUtils.java:logGet(43)) - raft.server.log.appender.buffer.byte-limit = 33554432 (custom)
2019-08-23 08:35:13,661 [pool-170-thread-1] INFO  server.RaftServerConfigKeys (ConfUtils.java:logGet(43)) - raft.server.log.purge.gap = 1000000 (custom)
2019-08-23 08:35:13,665 [pool-148-thread-1] INFO  server.RaftServerConfigKeys (ConfUtils.java:logGet(43)) - raft.server.log.appender.buffer.byte-limit = 33554432 (custom)
2019-08-23 08:35:13,670 [pool-170-thread-1] INFO  server.RaftServerConfigKeys (ConfUtils.java:logGet(43)) - raft.server.log.appender.buffer.byte-limit = 33554432 (custom)
2019-08-23 08:35:13,668 [pool-159-thread-1] INFO  server.RaftServerConfigKeys (ConfUtils.java:logGet(43)) - raft.server.log.segment.size.max = 1048576 (custom)
2019-08-23 08:35:13,678 [IPC Server listener on 45064] INFO  ipc.Server (Server.java:run(1185)) - Stopping IPC Server listener on 45064
2019-08-23 08:35:13,672 [pool-170-thread-1] INFO  server.RaftServerConfigKeys (ConfUtils.java:logGet(43)) - raft.server.log.segment.size.max = 1048576 (custom)
2019-08-23 08:35:13,679 [IPC Server Responder] INFO  ipc.Server (Server.java:run(1319)) - Stopping IPC Server Responder
2019-08-23 08:35:13,672 [main] INFO  ratis.OzoneManagerDoubleBuffer (OzoneManagerDoubleBuffer.java:stop(248)) - Stopping OMDoubleBuffer flush thread
2019-08-23 08:35:13,672 [pool-148-thread-1] INFO  server.RaftServerConfigKeys (ConfUtils.java:logGet(43)) - raft.server.log.segment.size.max = 1048576 (custom)
2019-08-23 08:35:13,681 [OMDoubleBufferFlushThread] INFO  ratis.OzoneManagerDoubleBuffer (OzoneManagerDoubleBuffer.java:flushTransactions(191)) - OMDoubleBuffer flush thread OMDoubleBufferFlushThread is interrupted and will exit. OMDoubleBufferFlushThread
2019-08-23 08:35:13,679 [pool-170-thread-1] INFO  server.RaftServerConfigKeys (ConfUtils.java:logGet(43)) - raft.server.log.segment.cache.num.max = 2 (custom)
2019-08-23 08:35:13,679 [4a27d5c5-e706-4f49-9c3b-ede305044aa5-SegmentedRaftLogWorker:Storage Directory /workdir/hadoop-ozone/integration-test/target/test-dir/MiniOzoneClusterImpl-b0e68d79-38a8-42f3-82e9-8c7446ce8347/datanode-0/data/ratis/a8033735-a061-4110-b1ea-643f8c4ddbbd] INFO  segmented.SegmentedRaftLogWorker (SegmentedRaftLogWorker.java:execute(569)) - 4a27d5c5-e706-4f49-9c3b-ede305044aa5-SegmentedRaftLogWorker:Storage Directory /workdir/hadoop-ozone/integration-test/target/test-dir/MiniOzoneClusterImpl-b0e68d79-38a8-42f3-82e9-8c7446ce8347/datanode-0/data/ratis/a8033735-a061-4110-b1ea-643f8c4ddbbd: created new log segment /workdir/hadoop-ozone/integration-test/target/test-dir/MiniOzoneClusterImpl-b0e68d79-38a8-42f3-82e9-8c7446ce8347/datanode-0/data/ratis/a8033735-a061-4110-b1ea-643f8c4ddbbd/current/log_inprogress_1
2019-08-23 08:35:13,678 [pool-159-thread-1] INFO  server.RaftServerConfigKeys (ConfUtils.java:logGet(43)) - raft.server.log.segment.cache.num.max = 2 (custom)
2019-08-23 08:35:13,683 [pool-170-thread-1] INFO  segmented.SegmentedRaftLogWorker (SegmentedRaftLogWorker.java:<init>(172)) - new 7e5aa902-2e53-4970-88d9-946662ba2918-SegmentedRaftLogWorker:Storage Directory /workdir/hadoop-ozone/integration-test/target/test-dir/MiniOzoneClusterImpl-b0e68d79-38a8-42f3-82e9-8c7446ce8347/datanode-2/data/ratis/ea820b34-658e-473b-a154-a3ced0891dc9 for RaftStorage:Storage Directory /workdir/hadoop-ozone/integration-test/target/test-dir/MiniOzoneClusterImpl-b0e68d79-38a8-42f3-82e9-8c7446ce8347/datanode-2/data/ratis/ea820b34-658e-473b-a154-a3ced0891dc9
2019-08-23 08:35:13,683 [main] INFO  utils.BackgroundService (BackgroundService.java:shutdown(148)) - Shutting down service KeyDeletingService
2019-08-23 08:35:13,681 [pool-148-thread-1] INFO  server.RaftServerConfigKeys (ConfUtils.java:logGet(43)) - raft.server.log.segment.cache.num.max = 2 (custom)
2019-08-23 08:35:13,683 [pool-170-thread-1] INFO  server.RaftServerConfigKeys (ConfUtils.java:logGet(43)) - raft.server.log.queue.byte-limit = 2147483647 (custom)
2019-08-23 08:35:13,683 [pool-159-thread-1] INFO  segmented.SegmentedRaftLogWorker (SegmentedRaftLogWorker.java:<init>(172)) - new 898070de-5342-4931-8fd1-72ad9058b7b1-SegmentedRaftLogWorker:Storage Directory /workdir/hadoop-ozone/integration-test/target/test-dir/MiniOzoneClusterImpl-b0e68d79-38a8-42f3-82e9-8c7446ce8347/datanode-1/data/ratis/ea820b34-658e-473b-a154-a3ced0891dc9 for RaftStorage:Storage Directory /workdir/hadoop-ozone/integration-test/target/test-dir/MiniOzoneClusterImpl-b0e68d79-38a8-42f3-82e9-8c7446ce8347/datanode-1/data/ratis/ea820b34-658e-473b-a154-a3ced0891dc9
2019-08-23 08:35:13,685 [pool-170-thread-1] INFO  server.RaftServerConfigKeys (ConfUtils.java:logGet(43)) - raft.server.log.queue.element-limit = 1024 (custom)
2019-08-23 08:35:13,684 [pool-148-thread-1] INFO  segmented.SegmentedRaftLogWorker (SegmentedRaftLogWorker.java:<init>(172)) - new 4a27d5c5-e706-4f49-9c3b-ede305044aa5-SegmentedRaftLogWorker:Storage Directory /workdir/hadoop-ozone/integration-test/target/test-dir/MiniOzoneClusterImpl-b0e68d79-38a8-42f3-82e9-8c7446ce8347/datanode-0/data/ratis/ea820b34-658e-473b-a154-a3ced0891dc9 for RaftStorage:Storage Directory /workdir/hadoop-ozone/integration-test/target/test-dir/MiniOzoneClusterImpl-b0e68d79-38a8-42f3-82e9-8c7446ce8347/datanode-0/data/ratis/ea820b34-658e-473b-a154-a3ced0891dc9
2019-08-23 08:35:13,687 [pool-170-thread-1] INFO  server.RaftServerConfigKeys (ConfUtils.java:logGet(43)) - raft.server.log.segment.size.max = 1048576 (custom)
2019-08-23 08:35:13,686 [pool-159-thread-1] INFO  server.RaftServerConfigKeys (ConfUtils.java:logGet(43)) - raft.server.log.queue.byte-limit = 2147483647 (custom)
2019-08-23 08:35:13,688 [pool-170-thread-1] INFO  server.RaftServerConfigKeys (ConfUtils.java:logGet(43)) - raft.server.log.preallocated.size = 16384 (custom)
2019-08-23 08:35:13,688 [main] INFO  handler.ContextHandler (ContextHandler.java:doStop(910)) - Stopped o.e.j.w.WebAppContext@61875674{/,null,UNAVAILABLE}{/ozoneManager}
2019-08-23 08:35:13,688 [pool-148-thread-1] INFO  server.RaftServerConfigKeys (ConfUtils.java:logGet(43)) - raft.server.log.queue.byte-limit = 2147483647 (custom)
2019-08-23 08:35:13,688 [pool-170-thread-1] INFO  server.RaftServerConfigKeys (ConfUtils.java:logGet(43)) - raft.server.log.write.buffer.size = 33554432 (custom)
2019-08-23 08:35:13,688 [pool-159-thread-1] INFO  server.RaftServerConfigKeys (ConfUtils.java:logGet(43)) - raft.server.log.queue.element-limit = 1024 (custom)
2019-08-23 08:35:13,689 [pool-170-thread-1] INFO  server.RaftServerConfigKeys (ConfUtils.java:logGet(43)) - raft.server.log.force.sync.num = 128 (default)
2019-08-23 08:35:13,689 [pool-148-thread-1] INFO  server.RaftServerConfigKeys (ConfUtils.java:logGet(43)) - raft.server.log.queue.element-limit = 1024 (custom)
2019-08-23 08:35:13,689 [pool-170-thread-1] INFO  server.RaftServerConfigKeys (ConfUtils.java:logGet(43)) - raft.server.log.statemachine.data.sync = true (default)
2019-08-23 08:35:13,689 [pool-159-thread-1] INFO  server.RaftServerConfigKeys (ConfUtils.java:logGet(43)) - raft.server.log.segment.size.max = 1048576 (custom)
2019-08-23 08:35:13,689 [main] INFO  server.AbstractConnector (AbstractConnector.java:doStop(318)) - Stopped ServerConnector@1ac1569a{HTTP/1.1,[http/1.1]}{0.0.0.0:0}
2019-08-23 08:35:13,690 [pool-159-thread-1] INFO  server.RaftServerConfigKeys (ConfUtils.java:logGet(43)) - raft.server.log.preallocated.size = 16384 (custom)
2019-08-23 08:35:13,690 [pool-170-thread-1] INFO  server.RaftServerConfigKeys (ConfUtils.java:logGet(43)) - raft.server.log.statemachine.data.sync.timeout = 10s (default)
2019-08-23 08:35:13,690 [pool-148-thread-1] INFO  server.RaftServerConfigKeys (ConfUtils.java:logGet(43)) - raft.server.log.segment.size.max = 1048576 (custom)
2019-08-23 08:35:13,692 [pool-170-thread-1] INFO  server.RaftServerConfigKeys (ConfUtils.java:logGet(43)) - raft.server.log.statemachine.data.sync.timeout.retry = -1 (default)
2019-08-23 08:35:13,691 [main] INFO  handler.ContextHandler (ContextHandler.java:doStop(910)) - Stopped o.e.j.s.ServletContextHandler@30dc020{/static,file:///workdir/hadoop-ozone/integration-test/target/test-classes/webapps/static,UNAVAILABLE}
2019-08-23 08:35:13,691 [pool-159-thread-1] INFO  server.RaftServerConfigKeys (ConfUtils.java:logGet(43)) - raft.server.log.write.buffer.size = 33554432 (custom)
2019-08-23 08:35:13,694 [main] INFO  handler.ContextHandler (ContextHandler.java:doStop(910)) - Stopped o.e.j.s.ServletContextHandler@954072e{/logs,file:///workdir/hadoop-ozone/integration-test/target/log,UNAVAILABLE}
2019-08-23 08:35:13,692 [pool-170-thread-1] INFO  server.RaftServerConfigKeys (ConfUtils.java:logGet(43)) - raft.server.log.statemachine.data.caching.enabled = true (custom)
2019-08-23 08:35:13,692 [pool-148-thread-1] INFO  server.RaftServerConfigKeys (ConfUtils.java:logGet(43)) - raft.server.log.preallocated.size = 16384 (custom)
2019-08-23 08:35:13,694 [pool-159-thread-1] INFO  server.RaftServerConfigKeys (ConfUtils.java:logGet(43)) - raft.server.log.force.sync.num = 128 (default)
2019-08-23 08:35:13,695 [pool-148-thread-1] INFO  server.RaftServerConfigKeys (ConfUtils.java:logGet(43)) - raft.server.log.write.buffer.size = 33554432 (custom)
2019-08-23 08:35:13,695 [pool-159-thread-1] INFO  server.RaftServerConfigKeys (ConfUtils.java:logGet(43)) - raft.server.log.statemachine.data.sync = true (default)
2019-08-23 08:35:13,695 [pool-148-thread-1] INFO  server.RaftServerConfigKeys (ConfUtils.java:logGet(43)) - raft.server.log.force.sync.num = 128 (default)
2019-08-23 08:35:13,695 [pool-159-thread-1] INFO  server.RaftServerConfigKeys (ConfUtils.java:logGet(43)) - raft.server.log.statemachine.data.sync.timeout = 10s (default)
2019-08-23 08:35:13,695 [pool-170-thread-1] INFO  segmented.SegmentedRaftLogWorker (SegmentedRaftLogWorker.java:lambda$new$0(132)) - 7e5aa902-2e53-4970-88d9-946662ba2918-SegmentedRaftLogWorker:Storage Directory /workdir/hadoop-ozone/integration-test/target/test-dir/MiniOzoneClusterImpl-b0e68d79-38a8-42f3-82e9-8c7446ce8347/datanode-2/data/ratis/ea820b34-658e-473b-a154-a3ced0891dc9: flushIndex: setUnconditionally 0 -> -1
2019-08-23 08:35:13,695 [pool-148-thread-1] INFO  server.RaftServerConfigKeys (ConfUtils.java:logGet(43)) - raft.server.log.statemachine.data.sync = true (default)
2019-08-23 08:35:13,695 [pool-159-thread-1] INFO  server.RaftServerConfigKeys (ConfUtils.java:logGet(43)) - raft.server.log.statemachine.data.sync.timeout.retry = -1 (default)
2019-08-23 08:35:13,696 [pool-170-thread-1] INFO  server.RaftServerConfigKeys (ConfUtils.java:logGet(43)) - raft.server.snapshot.auto.trigger.enabled = true (custom)
2019-08-23 08:35:13,696 [pool-148-thread-1] INFO  server.RaftServerConfigKeys (ConfUtils.java:logGet(43)) - raft.server.log.statemachine.data.sync.timeout = 10s (default)
2019-08-23 08:35:13,696 [pool-170-thread-1] INFO  server.RaftServerConfigKeys (ConfUtils.java:logGet(43)) - raft.server.snapshot.auto.trigger.threshold = 10000 (custom)
2019-08-23 08:35:13,696 [pool-159-thread-1] INFO  server.RaftServerConfigKeys (ConfUtils.java:logGet(43)) - raft.server.log.statemachine.data.caching.enabled = true (custom)
2019-08-23 08:35:13,697 [pool-170-thread-1] INFO  server.RaftServerConfigKeys (ConfUtils.java:logGet(43)) - raft.server.retrycache.expirytime = 600000ms (custom)
2019-08-23 08:35:13,697 [main] INFO  ozone.MiniOzoneClusterImpl (MiniOzoneClusterImpl.java:stop(344)) - Shutting the HddsDatanodes
2019-08-23 08:35:13,698 [pool-170-thread-1] INFO  impl.RaftServerImpl (RaftServerImpl.java:start(180)) - 7e5aa902-2e53-4970-88d9-946662ba2918: start group-A3CED0891DC9
2019-08-23 08:35:13,696 [pool-148-thread-1] INFO  server.RaftServerConfigKeys (ConfUtils.java:logGet(43)) - raft.server.log.statemachine.data.sync.timeout.retry = -1 (default)
2019-08-23 08:35:13,698 [pool-170-thread-1] INFO  impl.RaftServerImpl (RaftServerImpl.java:setRole(171)) - 7e5aa902-2e53-4970-88d9-946662ba2918:group-A3CED0891DC9 changes role from null to FOLLOWER at term 0 for startAsFollower
2019-08-23 08:35:13,698 [ForkJoinPool.commonPool-worker-1] INFO  datanode.ObjectStoreHandler (ObjectStoreHandler.java:close(155)) - Closing ObjectStoreHandler.
2019-08-23 08:35:13,698 [main] INFO  datanode.ObjectStoreHandler (ObjectStoreHandler.java:close(155)) - Closing ObjectStoreHandler.
2019-08-23 08:35:13,698 [pool-159-thread-1] INFO  segmented.SegmentedRaftLogWorker (SegmentedRaftLogWorker.java:lambda$new$0(132)) - 898070de-5342-4931-8fd1-72ad9058b7b1-SegmentedRaftLogWorker:Storage Directory /workdir/hadoop-ozone/integration-test/target/test-dir/MiniOzoneClusterImpl-b0e68d79-38a8-42f3-82e9-8c7446ce8347/datanode-1/data/ratis/ea820b34-658e-473b-a154-a3ced0891dc9: flushIndex: setUnconditionally 0 -> -1
2019-08-23 08:35:13,699 [ForkJoinPool.commonPool-worker-1] INFO  ozone.HddsDatanodeService (HddsDatanodeService.java:stop(451)) - Stopped plug-in org.apache.hadoop.ozone.web.OzoneHddsDatanodeService@5d412142
2019-08-23 08:35:13,698 [pool-170-thread-1] INFO  impl.RoleInfo (RoleInfo.java:updateAndGet(143)) - 7e5aa902-2e53-4970-88d9-946662ba2918: start FollowerState
2019-08-23 08:35:13,699 [pool-159-thread-1] INFO  server.RaftServerConfigKeys (ConfUtils.java:logGet(43)) - raft.server.snapshot.auto.trigger.enabled = true (custom)
2019-08-23 08:35:13,698 [pool-148-thread-1] INFO  server.RaftServerConfigKeys (ConfUtils.java:logGet(43)) - raft.server.log.statemachine.data.caching.enabled = true (custom)
2019-08-23 08:35:13,699 [pool-159-thread-1] INFO  server.RaftServerConfigKeys (ConfUtils.java:logGet(43)) - raft.server.snapshot.auto.trigger.threshold = 10000 (custom)
2019-08-23 08:35:13,699 [main] INFO  ozone.HddsDatanodeService (HddsDatanodeService.java:stop(451)) - Stopped plug-in org.apache.hadoop.ozone.web.OzoneHddsDatanodeService@6f20bdfd
2019-08-23 08:35:13,699 [pool-159-thread-1] INFO  server.RaftServerConfigKeys (ConfUtils.java:logGet(43)) - raft.server.retrycache.expirytime = 600000ms (custom)
2019-08-23 08:35:13,699 [pool-148-thread-1] INFO  segmented.SegmentedRaftLogWorker (SegmentedRaftLogWorker.java:lambda$new$0(132)) - 4a27d5c5-e706-4f49-9c3b-ede305044aa5-SegmentedRaftLogWorker:Storage Directory /workdir/hadoop-ozone/integration-test/target/test-dir/MiniOzoneClusterImpl-b0e68d79-38a8-42f3-82e9-8c7446ce8347/datanode-0/data/ratis/ea820b34-658e-473b-a154-a3ced0891dc9: flushIndex: setUnconditionally 0 -> -1
2019-08-23 08:35:13,699 [pool-170-thread-1] INFO  util.JmxRegister (JmxRegister.java:tryRegister(44)) - Successfully registered JMX Bean with object name Ratis:service=RaftServer,group=group-A3CED0891DC9,id=7e5aa902-2e53-4970-88d9-946662ba2918
2019-08-23 08:35:13,700 [pool-159-thread-1] INFO  impl.RaftServerImpl (RaftServerImpl.java:start(180)) - 898070de-5342-4931-8fd1-72ad9058b7b1: start group-A3CED0891DC9
2019-08-23 08:35:13,700 [pool-148-thread-1] INFO  server.RaftServerConfigKeys (ConfUtils.java:logGet(43)) - raft.server.snapshot.auto.trigger.enabled = true (custom)
2019-08-23 08:35:13,700 [pool-159-thread-1] INFO  impl.RaftServerImpl (RaftServerImpl.java:setRole(171)) - 898070de-5342-4931-8fd1-72ad9058b7b1:group-A3CED0891DC9 changes role from null to FOLLOWER at term 0 for startAsFollower
2019-08-23 08:35:13,700 [pool-148-thread-1] INFO  server.RaftServerConfigKeys (ConfUtils.java:logGet(43)) - raft.server.snapshot.auto.trigger.threshold = 10000 (custom)
2019-08-23 08:35:13,700 [pool-159-thread-1] INFO  impl.RoleInfo (RoleInfo.java:updateAndGet(143)) - 898070de-5342-4931-8fd1-72ad9058b7b1: start FollowerState
2019-08-23 08:35:13,701 [pool-148-thread-1] INFO  server.RaftServerConfigKeys (ConfUtils.java:logGet(43)) - raft.server.retrycache.expirytime = 600000ms (custom)
2019-08-23 08:35:13,701 [pool-148-thread-1] INFO  impl.RaftServerImpl (RaftServerImpl.java:start(180)) - 4a27d5c5-e706-4f49-9c3b-ede305044aa5: start group-A3CED0891DC9
2019-08-23 08:35:13,701 [pool-159-thread-1] INFO  util.JmxRegister (JmxRegister.java:tryRegister(44)) - Successfully registered JMX Bean with object name Ratis:service=RaftServer,group=group-A3CED0891DC9,id=898070de-5342-4931-8fd1-72ad9058b7b1
2019-08-23 08:35:13,701 [pool-148-thread-1] INFO  impl.RaftServerImpl (RaftServerImpl.java:setRole(171)) - 4a27d5c5-e706-4f49-9c3b-ede305044aa5:group-A3CED0891DC9 changes role from null to FOLLOWER at term 0 for startAsFollower
2019-08-23 08:35:13,701 [pool-148-thread-1] INFO  impl.RoleInfo (RoleInfo.java:updateAndGet(143)) - 4a27d5c5-e706-4f49-9c3b-ede305044aa5: start FollowerState
2019-08-23 08:35:13,703 [pool-148-thread-1] INFO  util.JmxRegister (JmxRegister.java:tryRegister(44)) - Successfully registered JMX Bean with object name Ratis:service=RaftServer,group=group-A3CED0891DC9,id=4a27d5c5-e706-4f49-9c3b-ede305044aa5
2019-08-23 08:35:13,708 [RatisPipelineUtilsThread] INFO  pipeline.PipelineStateManager (PipelineStateManager.java:addPipeline(56)) - Created pipeline Pipeline[ Id: ea820b34-658e-473b-a154-a3ced0891dc9, Nodes: 4a27d5c5-e706-4f49-9c3b-ede305044aa5{ip: 192.168.36.124, host: pr-hdds-2022-djmxw-136905289, networkLocation: /default-rack, certSerialId: null}7e5aa902-2e53-4970-88d9-946662ba2918{ip: 192.168.36.124, host: pr-hdds-2022-djmxw-136905289, networkLocation: /default-rack, certSerialId: null}898070de-5342-4931-8fd1-72ad9058b7b1{ip: 192.168.36.124, host: pr-hdds-2022-djmxw-136905289, networkLocation: /default-rack, certSerialId: null}, Type:RATIS, Factor:THREE, State:OPEN]
2019-08-23 08:35:13,731 [Datanode State Machine Thread - 0] INFO  statemachine.DatanodeStateMachine (DatanodeStateMachine.java:lambda$startDaemon$0(350)) - Ozone container server started.
2019-08-23 08:35:13,836 [Thread-589] INFO  impl.FollowerState (FollowerState.java:run(106)) - 898070de-5342-4931-8fd1-72ad9058b7b1:group-ED3C4AACA453 changes to CANDIDATE, lastRpcTime:5092, electionTimeout:5092ms
2019-08-23 08:35:13,836 [Thread-589] INFO  impl.RoleInfo (RoleInfo.java:shutdownFollowerState(121)) - 898070de-5342-4931-8fd1-72ad9058b7b1: shutdown FollowerState
2019-08-23 08:35:13,836 [Thread-589] INFO  impl.RaftServerImpl (RaftServerImpl.java:setRole(171)) - 898070de-5342-4931-8fd1-72ad9058b7b1:group-ED3C4AACA453 changes role from FOLLOWER to CANDIDATE at term 1 for changeToCandidate
2019-08-23 08:35:13,836 [Thread-589] INFO  impl.RoleInfo (RoleInfo.java:updateAndGet(143)) - 898070de-5342-4931-8fd1-72ad9058b7b1: start LeaderElection
2019-08-23 08:35:13,865 [898070de-5342-4931-8fd1-72ad9058b7b1:group-ED3C4AACA453:LeaderElection20] INFO  impl.LeaderElection (LeaderElection.java:askForVotes(181)) - 898070de-5342-4931-8fd1-72ad9058b7b1:group-ED3C4AACA453:LeaderElection20: begin an election at term 2 for 0: [898070de-5342-4931-8fd1-72ad9058b7b1:192.168.36.124:42057], old=null
2019-08-23 08:35:13,865 [898070de-5342-4931-8fd1-72ad9058b7b1:group-ED3C4AACA453:LeaderElection20] INFO  impl.RoleInfo (RoleInfo.java:shutdownLeaderElection(134)) - 898070de-5342-4931-8fd1-72ad9058b7b1: shutdown LeaderElection
2019-08-23 08:35:13,865 [898070de-5342-4931-8fd1-72ad9058b7b1:group-ED3C4AACA453:LeaderElection20] INFO  impl.RaftServerImpl (RaftServerImpl.java:setRole(171)) - 898070de-5342-4931-8fd1-72ad9058b7b1:group-ED3C4AACA453 changes role from CANDIDATE to LEADER at term 2 for changeToLeader
2019-08-23 08:35:13,865 [898070de-5342-4931-8fd1-72ad9058b7b1:group-ED3C4AACA453:LeaderElection20] INFO  impl.RaftServerImpl (ServerState.java:setLeader(263)) - 898070de-5342-4931-8fd1-72ad9058b7b1:group-ED3C4AACA453 change Leader from null to 898070de-5342-4931-8fd1-72ad9058b7b1 at term 2 for becomeLeader, leader elected after 7248ms
2019-08-23 08:35:13,865 [898070de-5342-4931-8fd1-72ad9058b7b1:group-ED3C4AACA453:LeaderElection20] INFO  server.RaftServerConfigKeys (ConfUtils.java:logGet(43)) - raft.server.staging.catchup.gap = 1000 (default)
2019-08-23 08:35:13,866 [898070de-5342-4931-8fd1-72ad9058b7b1:group-ED3C4AACA453:LeaderElection20] INFO  server.RaftServerConfigKeys (ConfUtils.java:logGet(43)) - raft.server.rpc.sleep.time = 25ms (default)
2019-08-23 08:35:13,866 [898070de-5342-4931-8fd1-72ad9058b7b1:group-ED3C4AACA453:LeaderElection20] INFO  server.RaftServerConfigKeys (ConfUtils.java:logGet(43)) - raft.server.write.element-limit = 4096 (default)
2019-08-23 08:35:13,866 [898070de-5342-4931-8fd1-72ad9058b7b1:group-ED3C4AACA453:LeaderElection20] INFO  server.RaftServerConfigKeys (ConfUtils.java:logGet(43)) - raft.server.watch.timeout = 10s (default)
2019-08-23 08:35:13,866 [898070de-5342-4931-8fd1-72ad9058b7b1:group-ED3C4AACA453:LeaderElection20] INFO  server.RaftServerConfigKeys (ConfUtils.java:logGet(43)) - raft.server.watch.timeout.denomination = 1s (default)
2019-08-23 08:35:13,866 [898070de-5342-4931-8fd1-72ad9058b7b1:group-ED3C4AACA453:LeaderElection20] INFO  server.RaftServerConfigKeys (ConfUtils.java:logGet(43)) - raft.server.watch.element-limit = 65536 (default)
2019-08-23 08:35:13,867 [898070de-5342-4931-8fd1-72ad9058b7b1:group-ED3C4AACA453:LeaderElection20] INFO  impl.RoleInfo (RoleInfo.java:updateAndGet(143)) - 898070de-5342-4931-8fd1-72ad9058b7b1: start LeaderState
2019-08-23 08:35:13,867 [898070de-5342-4931-8fd1-72ad9058b7b1:group-ED3C4AACA453:LeaderElection20] INFO  segmented.SegmentedRaftLogWorker (SegmentedRaftLogWorker.java:rollLogSegment(385)) - 898070de-5342-4931-8fd1-72ad9058b7b1-SegmentedRaftLogWorker:Storage Directory /workdir/hadoop-ozone/integration-test/target/test-dir/MiniOzoneClusterImpl-b0e68d79-38a8-42f3-82e9-8c7446ce8347/datanode-1/data/ratis/bb2f293c-cd80-47bb-a715-ed3c4aaca453: Rolling segment log-0_0 to index:0
2019-08-23 08:35:13,869 [898070de-5342-4931-8fd1-72ad9058b7b1:group-ED3C4AACA453:LeaderElection20] INFO  impl.RaftServerImpl (ServerState.java:setRaftConf(361)) - 898070de-5342-4931-8fd1-72ad9058b7b1:group-ED3C4AACA453 set configuration 1: [898070de-5342-4931-8fd1-72ad9058b7b1:192.168.36.124:42057], old=null at 1
2019-08-23 08:35:13,869 [898070de-5342-4931-8fd1-72ad9058b7b1-SegmentedRaftLogWorker:Storage Directory /workdir/hadoop-ozone/integration-test/target/test-dir/MiniOzoneClusterImpl-b0e68d79-38a8-42f3-82e9-8c7446ce8347/datanode-1/data/ratis/bb2f293c-cd80-47bb-a715-ed3c4aaca453] INFO  segmented.SegmentedRaftLogWorker (SegmentedRaftLogWorker.java:execute(526)) - 898070de-5342-4931-8fd1-72ad9058b7b1-SegmentedRaftLogWorker:Storage Directory /workdir/hadoop-ozone/integration-test/target/test-dir/MiniOzoneClusterImpl-b0e68d79-38a8-42f3-82e9-8c7446ce8347/datanode-1/data/ratis/bb2f293c-cd80-47bb-a715-ed3c4aaca453: Rolled log segment from /workdir/hadoop-ozone/integration-test/target/test-dir/MiniOzoneClusterImpl-b0e68d79-38a8-42f3-82e9-8c7446ce8347/datanode-1/data/ratis/bb2f293c-cd80-47bb-a715-ed3c4aaca453/current/log_inprogress_0 to /workdir/hadoop-ozone/integration-test/target/test-dir/MiniOzoneClusterImpl-b0e68d79-38a8-42f3-82e9-8c7446ce8347/datanode-1/data/ratis/bb2f293c-cd80-47bb-a715-ed3c4aaca453/current/log_0-0
2019-08-23 08:35:13,927 [898070de-5342-4931-8fd1-72ad9058b7b1-SegmentedRaftLogWorker:Storage Directory /workdir/hadoop-ozone/integration-test/target/test-dir/MiniOzoneClusterImpl-b0e68d79-38a8-42f3-82e9-8c7446ce8347/datanode-1/data/ratis/bb2f293c-cd80-47bb-a715-ed3c4aaca453] INFO  segmented.SegmentedRaftLogWorker (SegmentedRaftLogWorker.java:execute(569)) - 898070de-5342-4931-8fd1-72ad9058b7b1-SegmentedRaftLogWorker:Storage Directory /workdir/hadoop-ozone/integration-test/target/test-dir/MiniOzoneClusterImpl-b0e68d79-38a8-42f3-82e9-8c7446ce8347/datanode-1/data/ratis/bb2f293c-cd80-47bb-a715-ed3c4aaca453: created new log segment /workdir/hadoop-ozone/integration-test/target/test-dir/MiniOzoneClusterImpl-b0e68d79-38a8-42f3-82e9-8c7446ce8347/datanode-1/data/ratis/bb2f293c-cd80-47bb-a715-ed3c4aaca453/current/log_inprogress_1
2019-08-23 08:35:14,104 | INFO  | SCMAudit | user=jenkins1000 | ip=192.168.36.124 | op=SEND_HEARTBEAT {datanodeUUID=7e5aa902-2e53-4970-88d9-946662ba2918, command=[]} | ret=SUCCESS |  
2019-08-23 08:35:14,202 [Thread-592] INFO  impl.FollowerState (FollowerState.java:run(106)) - 7e5aa902-2e53-4970-88d9-946662ba2918:group-2630C53BC54E changes to CANDIDATE, lastRpcTime:5083, electionTimeout:5083ms
2019-08-23 08:35:14,202 [Thread-592] INFO  impl.RoleInfo (RoleInfo.java:shutdownFollowerState(121)) - 7e5aa902-2e53-4970-88d9-946662ba2918: shutdown FollowerState
2019-08-23 08:35:14,202 [Thread-592] INFO  impl.RaftServerImpl (RaftServerImpl.java:setRole(171)) - 7e5aa902-2e53-4970-88d9-946662ba2918:group-2630C53BC54E changes role from FOLLOWER to CANDIDATE at term 1 for changeToCandidate
2019-08-23 08:35:14,203 [Thread-592] INFO  impl.RoleInfo (RoleInfo.java:updateAndGet(143)) - 7e5aa902-2e53-4970-88d9-946662ba2918: start LeaderElection
2019-08-23 08:35:14,248 [7e5aa902-2e53-4970-88d9-946662ba2918:group-2630C53BC54E:LeaderElection21] INFO  impl.LeaderElection (LeaderElection.java:askForVotes(181)) - 7e5aa902-2e53-4970-88d9-946662ba2918:group-2630C53BC54E:LeaderElection21: begin an election at term 2 for 0: [7e5aa902-2e53-4970-88d9-946662ba2918:192.168.36.124:40946], old=null
2019-08-23 08:35:14,248 [7e5aa902-2e53-4970-88d9-946662ba2918:group-2630C53BC54E:LeaderElection21] INFO  impl.RoleInfo (RoleInfo.java:shutdownLeaderElection(134)) - 7e5aa902-2e53-4970-88d9-946662ba2918: shutdown LeaderElection
2019-08-23 08:35:14,249 [7e5aa902-2e53-4970-88d9-946662ba2918:group-2630C53BC54E:LeaderElection21] INFO  impl.RaftServerImpl (RaftServerImpl.java:setRole(171)) - 7e5aa902-2e53-4970-88d9-946662ba2918:group-2630C53BC54E changes role from CANDIDATE to LEADER at term 2 for changeToLeader
2019-08-23 08:35:14,249 [7e5aa902-2e53-4970-88d9-946662ba2918:group-2630C53BC54E:LeaderElection21] INFO  impl.RaftServerImpl (ServerState.java:setLeader(263)) - 7e5aa902-2e53-4970-88d9-946662ba2918:group-2630C53BC54E change Leader from null to 7e5aa902-2e53-4970-88d9-946662ba2918 at term 2 for becomeLeader, leader elected after 7445ms
2019-08-23 08:35:14,249 [7e5aa902-2e53-4970-88d9-946662ba2918:group-2630C53BC54E:LeaderElection21] INFO  server.RaftServerConfigKeys (ConfUtils.java:logGet(43)) - raft.server.staging.catchup.gap = 1000 (default)
2019-08-23 08:35:14,249 [7e5aa902-2e53-4970-88d9-946662ba2918:group-2630C53BC54E:LeaderElection21] INFO  server.RaftServerConfigKeys (ConfUtils.java:logGet(43)) - raft.server.rpc.sleep.time = 25ms (default)
2019-08-23 08:35:14,249 [7e5aa902-2e53-4970-88d9-946662ba2918:group-2630C53BC54E:LeaderElection21] INFO  server.RaftServerConfigKeys (ConfUtils.java:logGet(43)) - raft.server.write.element-limit = 4096 (default)
2019-08-23 08:35:14,249 [7e5aa902-2e53-4970-88d9-946662ba2918:group-2630C53BC54E:LeaderElection21] INFO  server.RaftServerConfigKeys (ConfUtils.java:logGet(43)) - raft.server.watch.timeout = 10s (default)
2019-08-23 08:35:14,250 [7e5aa902-2e53-4970-88d9-946662ba2918:group-2630C53BC54E:LeaderElection21] INFO  server.RaftServerConfigKeys (ConfUtils.java:logGet(43)) - raft.server.watch.timeout.denomination = 1s (default)
2019-08-23 08:35:14,250 [7e5aa902-2e53-4970-88d9-946662ba2918:group-2630C53BC54E:LeaderElection21] INFO  server.RaftServerConfigKeys (ConfUtils.java:logGet(43)) - raft.server.watch.element-limit = 65536 (default)
2019-08-23 08:35:14,250 [7e5aa902-2e53-4970-88d9-946662ba2918:group-2630C53BC54E:LeaderElection21] INFO  impl.RoleInfo (RoleInfo.java:updateAndGet(143)) - 7e5aa902-2e53-4970-88d9-946662ba2918: start LeaderState
2019-08-23 08:35:14,250 [7e5aa902-2e53-4970-88d9-946662ba2918:group-2630C53BC54E:LeaderElection21] INFO  segmented.SegmentedRaftLogWorker (SegmentedRaftLogWorker.java:rollLogSegment(385)) - 7e5aa902-2e53-4970-88d9-946662ba2918-SegmentedRaftLogWorker:Storage Directory /workdir/hadoop-ozone/integration-test/target/test-dir/MiniOzoneClusterImpl-b0e68d79-38a8-42f3-82e9-8c7446ce8347/datanode-2/data/ratis/4539ed5e-35ce-4ada-b1be-2630c53bc54e: Rolling segment log-0_0 to index:0
2019-08-23 08:35:14,254 [7e5aa902-2e53-4970-88d9-946662ba2918:group-2630C53BC54E:LeaderElection21] INFO  impl.RaftServerImpl (ServerState.java:setRaftConf(361)) - 7e5aa902-2e53-4970-88d9-946662ba2918:group-2630C53BC54E set configuration 1: [7e5aa902-2e53-4970-88d9-946662ba2918:192.168.36.124:40946], old=null at 1
2019-08-23 08:35:14,255 [7e5aa902-2e53-4970-88d9-946662ba2918-SegmentedRaftLogWorker:Storage Directory /workdir/hadoop-ozone/integration-test/target/test-dir/MiniOzoneClusterImpl-b0e68d79-38a8-42f3-82e9-8c7446ce8347/datanode-2/data/ratis/4539ed5e-35ce-4ada-b1be-2630c53bc54e] INFO  segmented.SegmentedRaftLogWorker (SegmentedRaftLogWorker.java:execute(526)) - 7e5aa902-2e53-4970-88d9-946662ba2918-SegmentedRaftLogWorker:Storage Directory /workdir/hadoop-ozone/integration-test/target/test-dir/MiniOzoneClusterImpl-b0e68d79-38a8-42f3-82e9-8c7446ce8347/datanode-2/data/ratis/4539ed5e-35ce-4ada-b1be-2630c53bc54e: Rolled log segment from /workdir/hadoop-ozone/integration-test/target/test-dir/MiniOzoneClusterImpl-b0e68d79-38a8-42f3-82e9-8c7446ce8347/datanode-2/data/ratis/4539ed5e-35ce-4ada-b1be-2630c53bc54e/current/log_inprogress_0 to /workdir/hadoop-ozone/integration-test/target/test-dir/MiniOzoneClusterImpl-b0e68d79-38a8-42f3-82e9-8c7446ce8347/datanode-2/data/ratis/4539ed5e-35ce-4ada-b1be-2630c53bc54e/current/log_0-0
2019-08-23 08:35:14,319 [7e5aa902-2e53-4970-88d9-946662ba2918-SegmentedRaftLogWorker:Storage Directory /workdir/hadoop-ozone/integration-test/target/test-dir/MiniOzoneClusterImpl-b0e68d79-38a8-42f3-82e9-8c7446ce8347/datanode-2/data/ratis/4539ed5e-35ce-4ada-b1be-2630c53bc54e] INFO  segmented.SegmentedRaftLogWorker (SegmentedRaftLogWorker.java:execute(569)) - 7e5aa902-2e53-4970-88d9-946662ba2918-SegmentedRaftLogWorker:Storage Directory /workdir/hadoop-ozone/integration-test/target/test-dir/MiniOzoneClusterImpl-b0e68d79-38a8-42f3-82e9-8c7446ce8347/datanode-2/data/ratis/4539ed5e-35ce-4ada-b1be-2630c53bc54e: created new log segment /workdir/hadoop-ozone/integration-test/target/test-dir/MiniOzoneClusterImpl-b0e68d79-38a8-42f3-82e9-8c7446ce8347/datanode-2/data/ratis/4539ed5e-35ce-4ada-b1be-2630c53bc54e/current/log_inprogress_1
2019-08-23 08:35:14,521 [Datanode State Machine Thread - 0] INFO  statemachine.DatanodeStateMachine (DatanodeStateMachine.java:lambda$startDaemon$0(350)) - Ozone container server started.
2019-08-23 08:35:15,105 | INFO  | SCMAudit | user=jenkins1000 | ip=192.168.36.124 | op=SEND_HEARTBEAT {datanodeUUID=7e5aa902-2e53-4970-88d9-946662ba2918, command=[]} | ret=SUCCESS |  
2019-08-23 08:35:16,105 | INFO  | SCMAudit | user=jenkins1000 | ip=192.168.36.124 | op=SEND_HEARTBEAT {datanodeUUID=7e5aa902-2e53-4970-88d9-946662ba2918, command=[]} | ret=SUCCESS |  
2019-08-23 08:35:17,105 | INFO  | SCMAudit | user=jenkins1000 | ip=192.168.36.124 | op=SEND_HEARTBEAT {datanodeUUID=7e5aa902-2e53-4970-88d9-946662ba2918, command=[]} | ret=SUCCESS |  
2019-08-23 08:35:18,104 | INFO  | SCMAudit | user=jenkins1000 | ip=192.168.36.124 | op=SEND_HEARTBEAT {datanodeUUID=7e5aa902-2e53-4970-88d9-946662ba2918, command=[]} | ret=SUCCESS |  
2019-08-23 08:35:18,354 [EventQueue-StaleNodeForStaleNodeHandler] INFO  node.StaleNodeHandler (StaleNodeHandler.java:onMessage(58)) - Datanode 898070de-5342-4931-8fd1-72ad9058b7b1{ip: 192.168.36.124, host: pr-hdds-2022-djmxw-136905289, networkLocation: /default-rack, certSerialId: null} moved to stale state. Finalizing its pipelines [PipelineID=dbab0f08-0141-4807-8d7d-b8da615751e6, PipelineID=ea820b34-658e-473b-a154-a3ced0891dc9, PipelineID=bb2f293c-cd80-47bb-a715-ed3c4aaca453]
2019-08-23 08:35:18,355 [EventQueue-StaleNodeForStaleNodeHandler] INFO  pipeline.SCMPipelineManager (SCMPipelineManager.java:finalizeAndDestroyPipeline(309)) - destroying pipeline:Pipeline[ Id: dbab0f08-0141-4807-8d7d-b8da615751e6, Nodes: 898070de-5342-4931-8fd1-72ad9058b7b1{ip: 192.168.36.124, host: pr-hdds-2022-djmxw-136905289, networkLocation: /default-rack, certSerialId: null}, Type:RATIS, Factor:ONE, State:OPEN]
2019-08-23 08:35:18,358 [EventQueue-StaleNodeForStaleNodeHandler] INFO  pipeline.PipelineStateManager (PipelineStateManager.java:finalizePipeline(123)) - Pipeline Pipeline[ Id: dbab0f08-0141-4807-8d7d-b8da615751e6, Nodes: 898070de-5342-4931-8fd1-72ad9058b7b1{ip: 192.168.36.124, host: pr-hdds-2022-djmxw-136905289, networkLocation: /default-rack, certSerialId: null}, Type:RATIS, Factor:ONE, State:CLOSED] moved to CLOSED state
2019-08-23 08:35:18,358 [EventQueue-StaleNodeForStaleNodeHandler] INFO  pipeline.SCMPipelineManager (SCMPipelineManager.java:finalizeAndDestroyPipeline(309)) - destroying pipeline:Pipeline[ Id: ea820b34-658e-473b-a154-a3ced0891dc9, Nodes: 4a27d5c5-e706-4f49-9c3b-ede305044aa5{ip: 192.168.36.124, host: pr-hdds-2022-djmxw-136905289, networkLocation: /default-rack, certSerialId: null}7e5aa902-2e53-4970-88d9-946662ba2918{ip: 192.168.36.124, host: pr-hdds-2022-djmxw-136905289, networkLocation: /default-rack, certSerialId: null}898070de-5342-4931-8fd1-72ad9058b7b1{ip: 192.168.36.124, host: pr-hdds-2022-djmxw-136905289, networkLocation: /default-rack, certSerialId: null}, Type:RATIS, Factor:THREE, State:OPEN]
2019-08-23 08:35:18,359 [EventQueue-StaleNodeForStaleNodeHandler] INFO  pipeline.PipelineStateManager (PipelineStateManager.java:finalizePipeline(123)) - Pipeline Pipeline[ Id: ea820b34-658e-473b-a154-a3ced0891dc9, Nodes: 4a27d5c5-e706-4f49-9c3b-ede305044aa5{ip: 192.168.36.124, host: pr-hdds-2022-djmxw-136905289, networkLocation: /default-rack, certSerialId: null}7e5aa902-2e53-4970-88d9-946662ba2918{ip: 192.168.36.124, host: pr-hdds-2022-djmxw-136905289, networkLocation: /default-rack, certSerialId: null}898070de-5342-4931-8fd1-72ad9058b7b1{ip: 192.168.36.124, host: pr-hdds-2022-djmxw-136905289, networkLocation: /default-rack, certSerialId: null}, Type:RATIS, Factor:THREE, State:CLOSED] moved to CLOSED state
2019-08-23 08:35:18,359 [EventQueue-StaleNodeForStaleNodeHandler] INFO  pipeline.SCMPipelineManager (SCMPipelineManager.java:finalizeAndDestroyPipeline(309)) - destroying pipeline:Pipeline[ Id: bb2f293c-cd80-47bb-a715-ed3c4aaca453, Nodes: 898070de-5342-4931-8fd1-72ad9058b7b1{ip: 192.168.36.124, host: pr-hdds-2022-djmxw-136905289, networkLocation: /default-rack, certSerialId: null}, Type:RATIS, Factor:ONE, State:CLOSED]
2019-08-23 08:35:18,560 [Thread-601] INFO  impl.FollowerState (FollowerState.java:run(106)) - 7e5aa902-2e53-4970-88d9-946662ba2918:group-C16CC8B5352A changes to CANDIDATE, lastRpcTime:5080, electionTimeout:5080ms
2019-08-23 08:35:18,560 [Thread-601] INFO  impl.RoleInfo (RoleInfo.java:shutdownFollowerState(121)) - 7e5aa902-2e53-4970-88d9-946662ba2918: shutdown FollowerState
2019-08-23 08:35:18,560 [Thread-601] INFO  impl.RaftServerImpl (RaftServerImpl.java:setRole(171)) - 7e5aa902-2e53-4970-88d9-946662ba2918:group-C16CC8B5352A changes role from FOLLOWER to CANDIDATE at term 0 for changeToCandidate
2019-08-23 08:35:18,561 [Thread-601] INFO  impl.RoleInfo (RoleInfo.java:updateAndGet(143)) - 7e5aa902-2e53-4970-88d9-946662ba2918: start LeaderElection
2019-08-23 08:35:18,604 [Thread-598] INFO  impl.FollowerState (FollowerState.java:run(106)) - 4a27d5c5-e706-4f49-9c3b-ede305044aa5:group-343EB948D0A3 changes to CANDIDATE, lastRpcTime:5190, electionTimeout:5190ms
2019-08-23 08:35:18,604 [Thread-598] INFO  impl.RoleInfo (RoleInfo.java:shutdownFollowerState(121)) - 4a27d5c5-e706-4f49-9c3b-ede305044aa5: shutdown FollowerState
2019-08-23 08:35:18,604 [Thread-598] INFO  impl.RaftServerImpl (RaftServerImpl.java:setRole(171)) - 4a27d5c5-e706-4f49-9c3b-ede305044aa5:group-343EB948D0A3 changes role from FOLLOWER to CANDIDATE at term 0 for changeToCandidate
2019-08-23 08:35:18,604 [Thread-598] INFO  impl.RoleInfo (RoleInfo.java:updateAndGet(143)) - 4a27d5c5-e706-4f49-9c3b-ede305044aa5: start LeaderElection
2019-08-23 08:35:18,699 [ForkJoinPool.commonPool-worker-1] INFO  ozoneimpl.OzoneContainer (OzoneContainer.java:stop(199)) - Attempting to stop container services.
2019-08-23 08:35:18,700 [ForkJoinPool.commonPool-worker-1] INFO  impl.RaftServerProxy (RaftServerProxy.java:lambda$close$4(314)) - 4a27d5c5-e706-4f49-9c3b-ede305044aa5: close
2019-08-23 08:35:18,700 [main] INFO  ozoneimpl.OzoneContainer (OzoneContainer.java:stop(199)) - Attempting to stop container services.
2019-08-23 08:35:18,700 [ForkJoinPool.commonPool-worker-1] INFO  impl.RaftServerImpl (RaftServerImpl.java:lambda$shutdown$3(245)) - 4a27d5c5-e706-4f49-9c3b-ede305044aa5: shutdown group-643F8C4DDBBD
2019-08-23 08:35:18,701 [main] INFO  impl.RaftServerProxy (RaftServerProxy.java:lambda$close$4(314)) - 898070de-5342-4931-8fd1-72ad9058b7b1: close
2019-08-23 08:35:18,701 [ForkJoinPool.commonPool-worker-1] INFO  util.JmxRegister (JmxRegister.java:unregister(73)) - Successfully un-registered JMX Bean with object name Ratis:service=RaftServer,group=group-643F8C4DDBBD,id=4a27d5c5-e706-4f49-9c3b-ede305044aa5
2019-08-23 08:35:18,701 [main] INFO  impl.RaftServerImpl (RaftServerImpl.java:lambda$shutdown$3(245)) - 898070de-5342-4931-8fd1-72ad9058b7b1: shutdown group-B8DA615751E6
2019-08-23 08:35:18,701 [ForkJoinPool.commonPool-worker-1] INFO  impl.RoleInfo (RoleInfo.java:shutdownLeaderState(104)) - 4a27d5c5-e706-4f49-9c3b-ede305044aa5: shutdown LeaderState
2019-08-23 08:35:18,702 [main] INFO  util.JmxRegister (JmxRegister.java:unregister(73)) - Successfully un-registered JMX Bean with object name Ratis:service=RaftServer,group=group-B8DA615751E6,id=898070de-5342-4931-8fd1-72ad9058b7b1
2019-08-23 08:35:18,702 [ForkJoinPool.commonPool-worker-1] INFO  impl.PendingRequests (PendingRequests.java:sendNotLeaderResponses(202)) - 4a27d5c5-e706-4f49-9c3b-ede305044aa5-PendingRequests: sendNotLeaderResponses
2019-08-23 08:35:18,702 [main] INFO  impl.RoleInfo (RoleInfo.java:shutdownFollowerState(121)) - 898070de-5342-4931-8fd1-72ad9058b7b1: shutdown FollowerState
2019-08-23 08:35:18,709 [ForkJoinPool.commonPool-worker-1] INFO  impl.StateMachineUpdater (StateMachineUpdater.java:stopAndJoin(115)) - StateMachineUpdater:4a27d5c5-e706-4f49-9c3b-ede305044aa5:group-643F8C4DDBBD: set stopIndex = 2
2019-08-23 08:35:18,710 [Thread-609] INFO  impl.FollowerState (FollowerState.java:run(106)) - 7e5aa902-2e53-4970-88d9-946662ba2918:group-A3CED0891DC9 changes to CANDIDATE, lastRpcTime:5011, electionTimeout:5010ms
2019-08-23 08:35:18,709 [Thread-604] INFO  impl.FollowerState (FollowerState.java:run(114)) - 898070de-5342-4931-8fd1-72ad9058b7b1: FollowerState was interrupted: java.lang.InterruptedException: sleep interrupted
2019-08-23 08:35:18,709 [main] INFO  impl.StateMachineUpdater (StateMachineUpdater.java:stopAndJoin(115)) - StateMachineUpdater:898070de-5342-4931-8fd1-72ad9058b7b1:group-B8DA615751E6: set stopIndex = -1
2019-08-23 08:35:18,712 [main] INFO  impl.RaftServerImpl (ServerState.java:close(394)) - 898070de-5342-4931-8fd1-72ad9058b7b1:group-B8DA615751E6 closes. The last applied log index is -1
2019-08-23 08:35:18,710 [Thread-609] INFO  impl.RoleInfo (RoleInfo.java:shutdownFollowerState(121)) - 7e5aa902-2e53-4970-88d9-946662ba2918: shutdown FollowerState
2019-08-23 08:35:18,713 [898070de-5342-4931-8fd1-72ad9058b7b1-SegmentedRaftLogWorker:Storage Directory /workdir/hadoop-ozone/integration-test/target/test-dir/MiniOzoneClusterImpl-b0e68d79-38a8-42f3-82e9-8c7446ce8347/datanode-1/data/ratis/dbab0f08-0141-4807-8d7d-b8da615751e6] INFO  segmented.SegmentedRaftLogWorker (SegmentedRaftLogWorker.java:run(313)) - 898070de-5342-4931-8fd1-72ad9058b7b1-SegmentedRaftLogWorker:Storage Directory /workdir/hadoop-ozone/integration-test/target/test-dir/MiniOzoneClusterImpl-b0e68d79-38a8-42f3-82e9-8c7446ce8347/datanode-1/data/ratis/dbab0f08-0141-4807-8d7d-b8da615751e6 was interrupted, exiting. There are 0 tasks remaining in the queue.
2019-08-23 08:35:18,710 [ForkJoinPool.commonPool-worker-1] INFO  impl.RaftServerImpl (ServerState.java:close(394)) - 4a27d5c5-e706-4f49-9c3b-ede305044aa5:group-643F8C4DDBBD closes. The last applied log index is 2
2019-08-23 08:35:18,713 [main] INFO  segmented.SegmentedRaftLogWorker (SegmentedRaftLogWorker.java:close(228)) - 898070de-5342-4931-8fd1-72ad9058b7b1-SegmentedRaftLogWorker:Storage Directory /workdir/hadoop-ozone/integration-test/target/test-dir/MiniOzoneClusterImpl-b0e68d79-38a8-42f3-82e9-8c7446ce8347/datanode-1/data/ratis/dbab0f08-0141-4807-8d7d-b8da615751e6 close()
2019-08-23 08:35:18,713 [Thread-609] INFO  impl.RaftServerImpl (RaftServerImpl.java:setRole(171)) - 7e5aa902-2e53-4970-88d9-946662ba2918:group-A3CED0891DC9 changes role from FOLLOWER to CANDIDATE at term 0 for changeToCandidate
2019-08-23 08:35:18,716 [main] INFO  impl.RaftServerImpl (RaftServerImpl.java:lambda$shutdown$3(245)) - 898070de-5342-4931-8fd1-72ad9058b7b1: shutdown group-A3CED0891DC9
2019-08-23 08:35:18,713 [4a27d5c5-e706-4f49-9c3b-ede305044aa5-SegmentedRaftLogWorker:Storage Directory /workdir/hadoop-ozone/integration-test/target/test-dir/MiniOzoneClusterImpl-b0e68d79-38a8-42f3-82e9-8c7446ce8347/datanode-0/data/ratis/a8033735-a061-4110-b1ea-643f8c4ddbbd] INFO  segmented.SegmentedRaftLogWorker (SegmentedRaftLogWorker.java:run(313)) - 4a27d5c5-e706-4f49-9c3b-ede305044aa5-SegmentedRaftLogWorker:Storage Directory /workdir/hadoop-ozone/integration-test/target/test-dir/MiniOzoneClusterImpl-b0e68d79-38a8-42f3-82e9-8c7446ce8347/datanode-0/data/ratis/a8033735-a061-4110-b1ea-643f8c4ddbbd was interrupted, exiting. There are 0 tasks remaining in the queue.
2019-08-23 08:35:18,717 [main] INFO  util.JmxRegister (JmxRegister.java:unregister(73)) - Successfully un-registered JMX Bean with object name Ratis:service=RaftServer,group=group-A3CED0891DC9,id=898070de-5342-4931-8fd1-72ad9058b7b1
2019-08-23 08:35:18,718 [main] INFO  impl.RoleInfo (RoleInfo.java:shutdownFollowerState(121)) - 898070de-5342-4931-8fd1-72ad9058b7b1: shutdown FollowerState
2019-08-23 08:35:18,716 [Thread-609] INFO  impl.RoleInfo (RoleInfo.java:updateAndGet(143)) - 7e5aa902-2e53-4970-88d9-946662ba2918: start LeaderElection
2019-08-23 08:35:18,719 [Thread-612] INFO  impl.FollowerState (FollowerState.java:run(114)) - 898070de-5342-4931-8fd1-72ad9058b7b1: FollowerState was interrupted: java.lang.InterruptedException: sleep interrupted
2019-08-23 08:35:18,719 [main] INFO  impl.StateMachineUpdater (StateMachineUpdater.java:stopAndJoin(115)) - StateMachineUpdater:898070de-5342-4931-8fd1-72ad9058b7b1:group-A3CED0891DC9: set stopIndex = -1
2019-08-23 08:35:18,726 [main] INFO  impl.RaftServerImpl (ServerState.java:close(394)) - 898070de-5342-4931-8fd1-72ad9058b7b1:group-A3CED0891DC9 closes. The last applied log index is -1
2019-08-23 08:35:18,718 [ForkJoinPool.commonPool-worker-1] INFO  segmented.SegmentedRaftLogWorker (SegmentedRaftLogWorker.java:close(228)) - 4a27d5c5-e706-4f49-9c3b-ede305044aa5-SegmentedRaftLogWorker:Storage Directory /workdir/hadoop-ozone/integration-test/target/test-dir/MiniOzoneClusterImpl-b0e68d79-38a8-42f3-82e9-8c7446ce8347/datanode-0/data/ratis/a8033735-a061-4110-b1ea-643f8c4ddbbd close()
2019-08-23 08:35:18,726 [898070de-5342-4931-8fd1-72ad9058b7b1-SegmentedRaftLogWorker:Storage Directory /workdir/hadoop-ozone/integration-test/target/test-dir/MiniOzoneClusterImpl-b0e68d79-38a8-42f3-82e9-8c7446ce8347/datanode-1/data/ratis/ea820b34-658e-473b-a154-a3ced0891dc9] INFO  segmented.SegmentedRaftLogWorker (SegmentedRaftLogWorker.java:run(313)) - 898070de-5342-4931-8fd1-72ad9058b7b1-SegmentedRaftLogWorker:Storage Directory /workdir/hadoop-ozone/integration-test/target/test-dir/MiniOzoneClusterImpl-b0e68d79-38a8-42f3-82e9-8c7446ce8347/datanode-1/data/ratis/ea820b34-658e-473b-a154-a3ced0891dc9 was interrupted, exiting. There are 0 tasks remaining in the queue.
2019-08-23 08:35:18,729 [ForkJoinPool.commonPool-worker-1] INFO  impl.RaftServerImpl (RaftServerImpl.java:lambda$shutdown$3(245)) - 4a27d5c5-e706-4f49-9c3b-ede305044aa5: shutdown group-343EB948D0A3
2019-08-23 08:35:18,729 [main] INFO  segmented.SegmentedRaftLogWorker (SegmentedRaftLogWorker.java:close(228)) - 898070de-5342-4931-8fd1-72ad9058b7b1-SegmentedRaftLogWorker:Storage Directory /workdir/hadoop-ozone/integration-test/target/test-dir/MiniOzoneClusterImpl-b0e68d79-38a8-42f3-82e9-8c7446ce8347/datanode-1/data/ratis/ea820b34-658e-473b-a154-a3ced0891dc9 close()
2019-08-23 08:35:18,729 [ForkJoinPool.commonPool-worker-1] INFO  util.JmxRegister (JmxRegister.java:unregister(73)) - Successfully un-registered JMX Bean with object name Ratis:service=RaftServer,group=group-343EB948D0A3,id=4a27d5c5-e706-4f49-9c3b-ede305044aa5
2019-08-23 08:35:18,732 [main] INFO  impl.RaftServerImpl (RaftServerImpl.java:lambda$shutdown$3(245)) - 898070de-5342-4931-8fd1-72ad9058b7b1: shutdown group-ED3C4AACA453
2019-08-23 08:35:18,732 [ForkJoinPool.commonPool-worker-1] INFO  impl.RoleInfo (RoleInfo.java:shutdownLeaderElection(134)) - 4a27d5c5-e706-4f49-9c3b-ede305044aa5: shutdown LeaderElection
2019-08-23 08:35:18,732 [main] INFO  util.JmxRegister (JmxRegister.java:unregister(73)) - Successfully un-registered JMX Bean with object name Ratis:service=RaftServer,group=group-ED3C4AACA453,id=898070de-5342-4931-8fd1-72ad9058b7b1
2019-08-23 08:35:18,732 [ForkJoinPool.commonPool-worker-1] INFO  impl.StateMachineUpdater (StateMachineUpdater.java:stopAndJoin(115)) - StateMachineUpdater:4a27d5c5-e706-4f49-9c3b-ede305044aa5:group-343EB948D0A3: set stopIndex = -1
2019-08-23 08:35:18,738 [main] INFO  impl.RoleInfo (RoleInfo.java:shutdownLeaderState(104)) - 898070de-5342-4931-8fd1-72ad9058b7b1: shutdown LeaderState
2019-08-23 08:35:18,738 [ForkJoinPool.commonPool-worker-1] INFO  impl.RaftServerImpl (ServerState.java:close(394)) - 4a27d5c5-e706-4f49-9c3b-ede305044aa5:group-343EB948D0A3 closes. The last applied log index is -1
2019-08-23 08:35:18,739 [main] INFO  impl.PendingRequests (PendingRequests.java:sendNotLeaderResponses(202)) - 898070de-5342-4931-8fd1-72ad9058b7b1-PendingRequests: sendNotLeaderResponses
2019-08-23 08:35:18,739 [4a27d5c5-e706-4f49-9c3b-ede305044aa5-SegmentedRaftLogWorker:Storage Directory /workdir/hadoop-ozone/integration-test/target/test-dir/MiniOzoneClusterImpl-b0e68d79-38a8-42f3-82e9-8c7446ce8347/datanode-0/data/ratis/a95d28c3-52f4-4c0b-8770-343eb948d0a3] INFO  segmented.SegmentedRaftLogWorker (SegmentedRaftLogWorker.java:run(313)) - 4a27d5c5-e706-4f49-9c3b-ede305044aa5-SegmentedRaftLogWorker:Storage Directory /workdir/hadoop-ozone/integration-test/target/test-dir/MiniOzoneClusterImpl-b0e68d79-38a8-42f3-82e9-8c7446ce8347/datanode-0/data/ratis/a95d28c3-52f4-4c0b-8770-343eb948d0a3 was interrupted, exiting. There are 0 tasks remaining in the queue.
2019-08-23 08:35:18,742 [ForkJoinPool.commonPool-worker-1] INFO  segmented.SegmentedRaftLogWorker (SegmentedRaftLogWorker.java:close(228)) - 4a27d5c5-e706-4f49-9c3b-ede305044aa5-SegmentedRaftLogWorker:Storage Directory /workdir/hadoop-ozone/integration-test/target/test-dir/MiniOzoneClusterImpl-b0e68d79-38a8-42f3-82e9-8c7446ce8347/datanode-0/data/ratis/a95d28c3-52f4-4c0b-8770-343eb948d0a3 close()
2019-08-23 08:35:18,743 [main] INFO  impl.StateMachineUpdater (StateMachineUpdater.java:stopAndJoin(115)) - StateMachineUpdater:898070de-5342-4931-8fd1-72ad9058b7b1:group-ED3C4AACA453: set stopIndex = 2
2019-08-23 08:35:18,746 [ForkJoinPool.commonPool-worker-1] INFO  impl.RaftServerImpl (RaftServerImpl.java:lambda$shutdown$3(245)) - 4a27d5c5-e706-4f49-9c3b-ede305044aa5: shutdown group-A3CED0891DC9
2019-08-23 08:35:18,746 [main] INFO  impl.RaftServerImpl (ServerState.java:close(394)) - 898070de-5342-4931-8fd1-72ad9058b7b1:group-ED3C4AACA453 closes. The last applied log index is 2
2019-08-23 08:35:18,746 [ForkJoinPool.commonPool-worker-1] INFO  util.JmxRegister (JmxRegister.java:unregister(73)) - Successfully un-registered JMX Bean with object name Ratis:service=RaftServer,group=group-A3CED0891DC9,id=4a27d5c5-e706-4f49-9c3b-ede305044aa5
2019-08-23 08:35:18,747 [ForkJoinPool.commonPool-worker-1] INFO  impl.RoleInfo (RoleInfo.java:shutdownFollowerState(121)) - 4a27d5c5-e706-4f49-9c3b-ede305044aa5: shutdown FollowerState
2019-08-23 08:35:18,747 [898070de-5342-4931-8fd1-72ad9058b7b1-SegmentedRaftLogWorker:Storage Directory /workdir/hadoop-ozone/integration-test/target/test-dir/MiniOzoneClusterImpl-b0e68d79-38a8-42f3-82e9-8c7446ce8347/datanode-1/data/ratis/bb2f293c-cd80-47bb-a715-ed3c4aaca453] INFO  segmented.SegmentedRaftLogWorker (SegmentedRaftLogWorker.java:run(313)) - 898070de-5342-4931-8fd1-72ad9058b7b1-SegmentedRaftLogWorker:Storage Directory /workdir/hadoop-ozone/integration-test/target/test-dir/MiniOzoneClusterImpl-b0e68d79-38a8-42f3-82e9-8c7446ce8347/datanode-1/data/ratis/bb2f293c-cd80-47bb-a715-ed3c4aaca453 was interrupted, exiting. There are 0 tasks remaining in the queue.
2019-08-23 08:35:18,747 [Thread-614] INFO  impl.FollowerState (FollowerState.java:run(114)) - 4a27d5c5-e706-4f49-9c3b-ede305044aa5: FollowerState was interrupted: java.lang.InterruptedException: sleep interrupted
2019-08-23 08:35:18,747 [ForkJoinPool.commonPool-worker-1] INFO  impl.StateMachineUpdater (StateMachineUpdater.java:stopAndJoin(115)) - StateMachineUpdater:4a27d5c5-e706-4f49-9c3b-ede305044aa5:group-A3CED0891DC9: set stopIndex = -1
2019-08-23 08:35:18,750 [main] INFO  segmented.SegmentedRaftLogWorker (SegmentedRaftLogWorker.java:close(228)) - 898070de-5342-4931-8fd1-72ad9058b7b1-SegmentedRaftLogWorker:Storage Directory /workdir/hadoop-ozone/integration-test/target/test-dir/MiniOzoneClusterImpl-b0e68d79-38a8-42f3-82e9-8c7446ce8347/datanode-1/data/ratis/bb2f293c-cd80-47bb-a715-ed3c4aaca453 close()
2019-08-23 08:35:18,750 [ForkJoinPool.commonPool-worker-1] INFO  impl.RaftServerImpl (ServerState.java:close(394)) - 4a27d5c5-e706-4f49-9c3b-ede305044aa5:group-A3CED0891DC9 closes. The last applied log index is -1
2019-08-23 08:35:18,753 [main] INFO  server.GrpcService (GrpcService.java:closeImpl(155)) - 898070de-5342-4931-8fd1-72ad9058b7b1: shutdown server with port 42057 now
2019-08-23 08:35:18,753 [4a27d5c5-e706-4f49-9c3b-ede305044aa5-SegmentedRaftLogWorker:Storage Directory /workdir/hadoop-ozone/integration-test/target/test-dir/MiniOzoneClusterImpl-b0e68d79-38a8-42f3-82e9-8c7446ce8347/datanode-0/data/ratis/ea820b34-658e-473b-a154-a3ced0891dc9] INFO  segmented.SegmentedRaftLogWorker (SegmentedRaftLogWorker.java:run(313)) - 4a27d5c5-e706-4f49-9c3b-ede305044aa5-SegmentedRaftLogWorker:Storage Directory /workdir/hadoop-ozone/integration-test/target/test-dir/MiniOzoneClusterImpl-b0e68d79-38a8-42f3-82e9-8c7446ce8347/datanode-0/data/ratis/ea820b34-658e-473b-a154-a3ced0891dc9 was interrupted, exiting. There are 0 tasks remaining in the queue.
2019-08-23 08:35:18,754 [ForkJoinPool.commonPool-worker-1] INFO  segmented.SegmentedRaftLogWorker (SegmentedRaftLogWorker.java:close(228)) - 4a27d5c5-e706-4f49-9c3b-ede305044aa5-SegmentedRaftLogWorker:Storage Directory /workdir/hadoop-ozone/integration-test/target/test-dir/MiniOzoneClusterImpl-b0e68d79-38a8-42f3-82e9-8c7446ce8347/datanode-0/data/ratis/ea820b34-658e-473b-a154-a3ced0891dc9 close()
2019-08-23 08:35:18,755 [main] INFO  server.GrpcService (GrpcService.java:closeImpl(163)) - 898070de-5342-4931-8fd1-72ad9058b7b1: shutdown server with port 42057 successfully
2019-08-23 08:35:18,757 [ForkJoinPool.commonPool-worker-1] INFO  server.GrpcService (GrpcService.java:closeImpl(155)) - 4a27d5c5-e706-4f49-9c3b-ede305044aa5: shutdown server with port 45959 now
2019-08-23 08:35:18,758 [ForkJoinPool.commonPool-worker-1] INFO  server.GrpcService (GrpcService.java:closeImpl(163)) - 4a27d5c5-e706-4f49-9c3b-ede305044aa5: shutdown server with port 45959 successfully
2019-08-23 08:35:18,758 [main] INFO  utils.BackgroundService (BackgroundService.java:shutdown(148)) - Shutting down service BlockDeletingService
2019-08-23 08:35:18,759 [ForkJoinPool.commonPool-worker-1] INFO  utils.BackgroundService (BackgroundService.java:shutdown(148)) - Shutting down service BlockDeletingService
2019-08-23 08:35:18,759 [refreshUsed-/workdir/hadoop-ozone/integration-test/target/test-dir/MiniOzoneClusterImpl-b0e68d79-38a8-42f3-82e9-8c7446ce8347/datanode-1/data/containers] WARN  fs.CachingGetSpaceUsed (CachingGetSpaceUsed.java:run(183)) - Thread Interrupted waiting to refresh disk information: sleep interrupted
2019-08-23 08:35:18,760 [refreshUsed-/workdir/hadoop-ozone/integration-test/target/test-dir/MiniOzoneClusterImpl-b0e68d79-38a8-42f3-82e9-8c7446ce8347/datanode-0/data/containers] WARN  fs.CachingGetSpaceUsed (CachingGetSpaceUsed.java:run(183)) - Thread Interrupted waiting to refresh disk information: sleep interrupted
2019-08-23 08:35:18,779 [ForkJoinPool.commonPool-worker-1] INFO  statemachine.DatanodeStateMachine (DatanodeStateMachine.java:stopDaemon(395)) - Ozone container server stopped.
2019-08-23 08:35:18,782 [ForkJoinPool.commonPool-worker-1] INFO  handler.ContextHandler (ContextHandler.java:doStop(910)) - Stopped o.e.j.w.WebAppContext@46c949d4{/,null,UNAVAILABLE}{/hddsDatanode}
2019-08-23 08:35:18,782 [ForkJoinPool.commonPool-worker-1] INFO  server.AbstractConnector (AbstractConnector.java:doStop(318)) - Stopped ServerConnector@325b436e{HTTP/1.1,[http/1.1]}{0.0.0.0:33279}
2019-08-23 08:35:18,783 [ForkJoinPool.commonPool-worker-1] INFO  handler.ContextHandler (ContextHandler.java:doStop(910)) - Stopped o.e.j.s.ServletContextHandler@3c76a15{/static,jar:file:/home/user/.m2/repository/org/apache/hadoop/hadoop-hdds-container-service/0.5.0-SNAPSHOT/hadoop-hdds-container-service-0.5.0-SNAPSHOT.jar!/webapps/static,UNAVAILABLE}
2019-08-23 08:35:18,784 [ForkJoinPool.commonPool-worker-1] INFO  handler.ContextHandler (ContextHandler.java:doStop(910)) - Stopped o.e.j.s.ServletContextHandler@7d7161c9{/logs,file:///workdir/hadoop-ozone/integration-test/target/log,UNAVAILABLE}
2019-08-23 08:35:18,785 [ForkJoinPool.commonPool-worker-1] INFO  datanode.ObjectStoreHandler (ObjectStoreHandler.java:close(155)) - Closing ObjectStoreHandler.
2019-08-23 08:35:18,785 [ForkJoinPool.commonPool-worker-1] INFO  ozone.HddsDatanodeService (HddsDatanodeService.java:stop(451)) - Stopped plug-in org.apache.hadoop.ozone.web.OzoneHddsDatanodeService@22275102
2019-08-23 08:35:18,788 [main] INFO  statemachine.DatanodeStateMachine (DatanodeStateMachine.java:stopDaemon(395)) - Ozone container server stopped.
2019-08-23 08:35:18,791 [main] INFO  handler.ContextHandler (ContextHandler.java:doStop(910)) - Stopped o.e.j.w.WebAppContext@1098513a{/,null,UNAVAILABLE}{/hddsDatanode}
2019-08-23 08:35:18,791 [main] INFO  server.AbstractConnector (AbstractConnector.java:doStop(318)) - Stopped ServerConnector@5aa75dc6{HTTP/1.1,[http/1.1]}{0.0.0.0:39383}
2019-08-23 08:35:18,792 [main] INFO  handler.ContextHandler (ContextHandler.java:doStop(910)) - Stopped o.e.j.s.ServletContextHandler@7f51364{/static,jar:file:/home/user/.m2/repository/org/apache/hadoop/hadoop-hdds-container-service/0.5.0-SNAPSHOT/hadoop-hdds-container-service-0.5.0-SNAPSHOT.jar!/webapps/static,UNAVAILABLE}
2019-08-23 08:35:18,793 [main] INFO  handler.ContextHandler (ContextHandler.java:doStop(910)) - Stopped o.e.j.s.ServletContextHandler@1f0bd370{/logs,file:///workdir/hadoop-ozone/integration-test/target/log,UNAVAILABLE}
2019-08-23 08:35:19,103 [Datanode State Machine Thread - 0] INFO  statemachine.DatanodeStateMachine (DatanodeStateMachine.java:lambda$startDaemon$0(350)) - Ozone container server started.
2019-08-23 08:35:19,123 [7e5aa902-2e53-4970-88d9-946662ba2918:group-C16CC8B5352A:LeaderElection22] INFO  impl.LeaderElection (LeaderElection.java:askForVotes(181)) - 7e5aa902-2e53-4970-88d9-946662ba2918:group-C16CC8B5352A:LeaderElection22: begin an election at term 1 for -1: [7e5aa902-2e53-4970-88d9-946662ba2918:192.168.36.124:40946], old=null
2019-08-23 08:35:19,123 [4a27d5c5-e706-4f49-9c3b-ede305044aa5:group-343EB948D0A3:LeaderElection23] INFO  impl.LeaderElection (LeaderElection.java:askForVotes(181)) - 4a27d5c5-e706-4f49-9c3b-ede305044aa5:group-343EB948D0A3:LeaderElection23: begin an election at term 1 for -1: [4a27d5c5-e706-4f49-9c3b-ede305044aa5:192.168.36.124:45959], old=null
2019-08-23 08:35:19,123 [7e5aa902-2e53-4970-88d9-946662ba2918:group-A3CED0891DC9:LeaderElection24] INFO  impl.LeaderElection (LeaderElection.java:askForVotes(181)) - 7e5aa902-2e53-4970-88d9-946662ba2918:group-A3CED0891DC9:LeaderElection24: begin an election at term 1 for -1: [7e5aa902-2e53-4970-88d9-946662ba2918:192.168.36.124:40946, 4a27d5c5-e706-4f49-9c3b-ede305044aa5:192.168.36.124:45959, 898070de-5342-4931-8fd1-72ad9058b7b1:192.168.36.124:42057], old=null
2019-08-23 08:35:19,123 [4a27d5c5-e706-4f49-9c3b-ede305044aa5:group-343EB948D0A3:LeaderElection23] INFO  impl.LeaderElection (LogUtils.java:infoOrTrace(149)) - Failed 4a27d5c5-e706-4f49-9c3b-ede305044aa5:group-343EB948D0A3:LeaderElection23, state=CLOSING: {}
java.lang.IllegalArgumentException: 4a27d5c5-e706-4f49-9c3b-ede305044aa5-SegmentedRaftLog is expected to be opened but it is CLOSED
	at org.apache.ratis.util.OpenCloseState.assertOpen(OpenCloseState.java:63)
	at org.apache.ratis.server.raftlog.RaftLog.checkLogState(RaftLog.java:101)
	at org.apache.ratis.server.raftlog.segmented.SegmentedRaftLog.getLastEntryTermIndex(SegmentedRaftLog.java:263)
	at org.apache.ratis.server.impl.LeaderElection.askForVotes(LeaderElection.java:183)
	at org.apache.ratis.server.impl.LeaderElection.run(LeaderElection.java:130)
	at java.lang.Thread.run(Thread.java:748)
Caused by: org.apache.ratis.util.OpenCloseState$CloseTrace: Close 4a27d5c5-e706-4f49-9c3b-ede305044aa5-SegmentedRaftLog
	at org.apache.ratis.util.OpenCloseState.lambda$close$1(OpenCloseState.java:109)
	at java.util.concurrent.atomic.AtomicReference.getAndUpdate(AtomicReference.java:160)
	at org.apache.ratis.util.OpenCloseState.close(OpenCloseState.java:109)
	at org.apache.ratis.server.raftlog.RaftLog.close(RaftLog.java:437)
	at org.apache.ratis.server.raftlog.segmented.SegmentedRaftLog.close(SegmentedRaftLog.java:428)
	at org.apache.ratis.server.impl.ServerState.close(ServerState.java:397)
	at org.apache.ratis.server.impl.RaftServerImpl.lambda$shutdown$3(RaftServerImpl.java:267)
	at org.apache.ratis.util.LifeCycle.lambda$checkStateAndClose$2(LifeCycle.java:231)
	at org.apache.ratis.util.LifeCycle.checkStateAndClose(LifeCycle.java:251)
	at org.apache.ratis.util.LifeCycle.checkStateAndClose(LifeCycle.java:229)
	at org.apache.ratis.server.impl.RaftServerImpl.shutdown(RaftServerImpl.java:244)
	at org.apache.ratis.server.impl.RaftServerProxy$ImplMap.lambda$close$0(RaftServerProxy.java:107)
	at java.util.stream.ForEachOps$ForEachOp$OfRef.accept(ForEachOps.java:184)
	at java.util.stream.ReferencePipeline$3$1.accept(ReferencePipeline.java:193)
	at java.util.concurrent.ConcurrentHashMap$ValueSpliterator.forEachRemaining(ConcurrentHashMap.java:3566)
	at java.util.stream.AbstractPipeline.copyInto(AbstractPipeline.java:482)
	at java.util.stream.ForEachOps$ForEachTask.compute(ForEachOps.java:291)
	at java.util.concurrent.CountedCompleter.exec(CountedCompleter.java:731)
	at java.util.concurrent.ForkJoinTask.doExec(ForkJoinTask.java:289)
	at java.util.concurrent.ForkJoinTask.doInvoke(ForkJoinTask.java:401)
	at java.util.concurrent.ForkJoinTask.invoke(ForkJoinTask.java:734)
	at java.util.stream.ForEachOps$ForEachOp.evaluateParallel(ForEachOps.java:160)
	at java.util.stream.ForEachOps$ForEachOp$OfRef.evaluateParallel(ForEachOps.java:174)
	at java.util.stream.AbstractPipeline.evaluate(AbstractPipeline.java:233)
	at java.util.stream.ReferencePipeline.forEach(ReferencePipeline.java:418)
	at org.apache.ratis.server.impl.RaftServerProxy$ImplMap.close(RaftServerProxy.java:107)
	at org.apache.ratis.server.impl.RaftServerProxy.lambda$close$4(RaftServerProxy.java:315)
	at org.apache.ratis.util.LifeCycle.lambda$checkStateAndClose$2(LifeCycle.java:231)
	at org.apache.ratis.util.LifeCycle.checkStateAndClose(LifeCycle.java:251)
	at org.apache.ratis.util.LifeCycle.checkStateAndClose(LifeCycle.java:229)
	at org.apache.ratis.server.impl.RaftServerProxy.close(RaftServerProxy.java:313)
	at org.apache.hadoop.ozone.container.common.transport.server.ratis.XceiverServerRatis.stop(XceiverServerRatis.java:434)
	at org.apache.hadoop.ozone.container.ozoneimpl.OzoneContainer.stop(OzoneContainer.java:201)
	at org.apache.hadoop.ozone.container.common.statemachine.DatanodeStateMachine.close(DatanodeStateMachine.java:270)
	at org.apache.hadoop.ozone.container.common.statemachine.DatanodeStateMachine.stopDaemon(DatanodeStateMachine.java:394)
	at org.apache.hadoop.ozone.HddsDatanodeService.stop(HddsDatanodeService.java:458)
	at org.apache.hadoop.ozone.MiniOzoneClusterImpl.lambda$stop$2(MiniOzoneClusterImpl.java:347)
	at java.util.stream.ForEachOps$ForEachOp$OfRef.accept(ForEachOps.java:184)
	at java.util.ArrayList$ArrayListSpliterator.forEachRemaining(ArrayList.java:1382)
	at java.util.stream.AbstractPipeline.copyInto(AbstractPipeline.java:482)
	at java.util.stream.ForEachOps$ForEachTask.compute(ForEachOps.java:291)
	at java.util.concurrent.CountedCompleter.exec(CountedCompleter.java:731)
	at java.util.concurrent.ForkJoinTask.doExec(ForkJoinTask.java:289)
	at java.util.concurrent.ForkJoinPool$WorkQueue.runTask(ForkJoinPool.java:1056)
	at java.util.concurrent.ForkJoinPool.runWorker(ForkJoinPool.java:1692)
	at java.util.concurrent.ForkJoinWorkerThread.run(ForkJoinWorkerThread.java:157)
2019-08-23 08:35:19,123 [7e5aa902-2e53-4970-88d9-946662ba2918:group-C16CC8B5352A:LeaderElection22] INFO  impl.RoleInfo (RoleInfo.java:shutdownLeaderElection(134)) - 7e5aa902-2e53-4970-88d9-946662ba2918: shutdown LeaderElection
2019-08-23 08:35:19,126 [4a27d5c5-e706-4f49-9c3b-ede305044aa5:group-343EB948D0A3:LeaderElection23] INFO  impl.LeaderElection (LeaderElection.java:run(141)) - 4a27d5c5-e706-4f49-9c3b-ede305044aa5:group-343EB948D0A3:LeaderElection23: IllegalArgumentException is safely ignored since this is already CLOSING
2019-08-23 08:35:19,126 [7e5aa902-2e53-4970-88d9-946662ba2918:group-C16CC8B5352A:LeaderElection22] INFO  impl.RaftServerImpl (RaftServerImpl.java:setRole(171)) - 7e5aa902-2e53-4970-88d9-946662ba2918:group-C16CC8B5352A changes role from CANDIDATE to LEADER at term 1 for changeToLeader
2019-08-23 08:35:19,126 [7e5aa902-2e53-4970-88d9-946662ba2918:group-C16CC8B5352A:LeaderElection22] INFO  impl.RaftServerImpl (ServerState.java:setLeader(263)) - 7e5aa902-2e53-4970-88d9-946662ba2918:group-C16CC8B5352A change Leader from null to 7e5aa902-2e53-4970-88d9-946662ba2918 at term 1 for becomeLeader, leader elected after 5650ms
2019-08-23 08:35:19,129 [7e5aa902-2e53-4970-88d9-946662ba2918:group-C16CC8B5352A:LeaderElection22] INFO  server.RaftServerConfigKeys (ConfUtils.java:logGet(43)) - raft.server.staging.catchup.gap = 1000 (default)
2019-08-23 08:35:19,129 [7e5aa902-2e53-4970-88d9-946662ba2918:group-C16CC8B5352A:LeaderElection22] INFO  server.RaftServerConfigKeys (ConfUtils.java:logGet(43)) - raft.server.rpc.sleep.time = 25ms (default)
2019-08-23 08:35:19,129 [7e5aa902-2e53-4970-88d9-946662ba2918:group-C16CC8B5352A:LeaderElection22] INFO  server.RaftServerConfigKeys (ConfUtils.java:logGet(43)) - raft.server.write.element-limit = 4096 (default)
2019-08-23 08:35:19,129 [7e5aa902-2e53-4970-88d9-946662ba2918:group-C16CC8B5352A:LeaderElection22] INFO  server.RaftServerConfigKeys (ConfUtils.java:logGet(43)) - raft.server.watch.timeout = 10s (default)
2019-08-23 08:35:19,130 [7e5aa902-2e53-4970-88d9-946662ba2918:group-C16CC8B5352A:LeaderElection22] INFO  server.RaftServerConfigKeys (ConfUtils.java:logGet(43)) - raft.server.watch.timeout.denomination = 1s (default)
2019-08-23 08:35:19,130 [7e5aa902-2e53-4970-88d9-946662ba2918:group-C16CC8B5352A:LeaderElection22] INFO  server.RaftServerConfigKeys (ConfUtils.java:logGet(43)) - raft.server.watch.element-limit = 65536 (default)
2019-08-23 08:35:19,130 [7e5aa902-2e53-4970-88d9-946662ba2918:group-C16CC8B5352A:LeaderElection22] INFO  impl.RoleInfo (RoleInfo.java:updateAndGet(143)) - 7e5aa902-2e53-4970-88d9-946662ba2918: start LeaderState
2019-08-23 08:35:19,130 [7e5aa902-2e53-4970-88d9-946662ba2918:group-C16CC8B5352A:LeaderElection22] INFO  segmented.SegmentedRaftLogWorker (SegmentedRaftLogWorker.java:startLogSegment(380)) - 7e5aa902-2e53-4970-88d9-946662ba2918-SegmentedRaftLogWorker:Storage Directory /workdir/hadoop-ozone/integration-test/target/test-dir/MiniOzoneClusterImpl-b0e68d79-38a8-42f3-82e9-8c7446ce8347/datanode-2/data/ratis/15ce5989-5581-4ca8-8fe7-c16cc8b5352a: Starting segment from index:0
2019-08-23 08:35:19,131 [7e5aa902-2e53-4970-88d9-946662ba2918:group-C16CC8B5352A:LeaderElection22] INFO  impl.RaftServerImpl (ServerState.java:setRaftConf(361)) - 7e5aa902-2e53-4970-88d9-946662ba2918:group-C16CC8B5352A set configuration 0: [7e5aa902-2e53-4970-88d9-946662ba2918:192.168.36.124:40946], old=null at 0
2019-08-23 08:35:19,132 [7e5aa902-2e53-4970-88d9-946662ba2918:group-A3CED0891DC9:LeaderElection24] INFO  impl.LeaderElection (LogUtils.java:infoOrTrace(149)) - 7e5aa902-2e53-4970-88d9-946662ba2918:group-A3CED0891DC9:LeaderElection24 got exception when requesting votes: {}
java.util.concurrent.ExecutionException: org.apache.ratis.thirdparty.io.grpc.StatusRuntimeException: UNAVAILABLE: io exception
	at java.util.concurrent.FutureTask.report(FutureTask.java:122)
	at java.util.concurrent.FutureTask.get(FutureTask.java:192)
	at org.apache.ratis.server.impl.LeaderElection.waitForResults(LeaderElection.java:262)
	at org.apache.ratis.server.impl.LeaderElection.askForVotes(LeaderElection.java:200)
	at org.apache.ratis.server.impl.LeaderElection.run(LeaderElection.java:130)
	at java.lang.Thread.run(Thread.java:748)
Caused by: org.apache.ratis.thirdparty.io.grpc.StatusRuntimeException: UNAVAILABLE: io exception
	at org.apache.ratis.thirdparty.io.grpc.stub.ClientCalls.toStatusRuntimeException(ClientCalls.java:233)
	at org.apache.ratis.thirdparty.io.grpc.stub.ClientCalls.getUnchecked(ClientCalls.java:214)
	at org.apache.ratis.thirdparty.io.grpc.stub.ClientCalls.blockingUnaryCall(ClientCalls.java:139)
	at org.apache.ratis.proto.grpc.RaftServerProtocolServiceGrpc$RaftServerProtocolServiceBlockingStub.requestVote(RaftServerProtocolServiceGrpc.java:265)
	at org.apache.ratis.grpc.server.GrpcServerProtocolClient.requestVote(GrpcServerProtocolClient.java:83)
	at org.apache.ratis.grpc.server.GrpcService.requestVote(GrpcService.java:195)
	at org.apache.ratis.server.impl.LeaderElection.lambda$submitRequests$1(LeaderElection.java:237)
	at java.util.concurrent.FutureTask.run(FutureTask.java:266)
	at java.util.concurrent.Executors$RunnableAdapter.call(Executors.java:511)
	at java.util.concurrent.FutureTask.run(FutureTask.java:266)
	at java.util.concurrent.ThreadPoolExecutor.runWorker(ThreadPoolExecutor.java:1149)
	at java.util.concurrent.ThreadPoolExecutor$Worker.run(ThreadPoolExecutor.java:624)
	... 1 more
Caused by: org.apache.ratis.thirdparty.io.netty.channel.AbstractChannel$AnnotatedConnectException: Connection refused: /192.168.36.124:42057
	at sun.nio.ch.SocketChannelImpl.checkConnect(Native Method)
	at sun.nio.ch.SocketChannelImpl.finishConnect(SocketChannelImpl.java:717)
	at org.apache.ratis.thirdparty.io.netty.channel.socket.nio.NioSocketChannel.doFinishConnect(NioSocketChannel.java:327)
	at org.apache.ratis.thirdparty.io.netty.channel.nio.AbstractNioChannel$AbstractNioUnsafe.finishConnect(AbstractNioChannel.java:340)
	at org.apache.ratis.thirdparty.io.netty.channel.nio.NioEventLoop.processSelectedKey(NioEventLoop.java:632)
	at org.apache.ratis.thirdparty.io.netty.channel.nio.NioEventLoop.processSelectedKeysOptimized(NioEventLoop.java:579)
	at org.apache.ratis.thirdparty.io.netty.channel.nio.NioEventLoop.processSelectedKeys(NioEventLoop.java:496)
	at org.apache.ratis.thirdparty.io.netty.channel.nio.NioEventLoop.run(NioEventLoop.java:458)
	at org.apache.ratis.thirdparty.io.netty.util.concurrent.SingleThreadEventExecutor$5.run(SingleThreadEventExecutor.java:897)
	at org.apache.ratis.thirdparty.io.netty.util.concurrent.FastThreadLocalRunnable.run(FastThreadLocalRunnable.java:30)
	... 1 more
Caused by: java.net.ConnectException: Connection refused
	... 11 more
2019-08-23 08:35:19,164 [7e5aa902-2e53-4970-88d9-946662ba2918:group-A3CED0891DC9:LeaderElection24] INFO  impl.LeaderElection (LogUtils.java:infoOrTrace(149)) - 7e5aa902-2e53-4970-88d9-946662ba2918:group-A3CED0891DC9:LeaderElection24 got exception when requesting votes: {}
java.util.concurrent.ExecutionException: org.apache.ratis.thirdparty.io.grpc.StatusRuntimeException: UNAVAILABLE: io exception
	at java.util.concurrent.FutureTask.report(FutureTask.java:122)
	at java.util.concurrent.FutureTask.get(FutureTask.java:192)
	at org.apache.ratis.server.impl.LeaderElection.waitForResults(LeaderElection.java:262)
	at org.apache.ratis.server.impl.LeaderElection.askForVotes(LeaderElection.java:200)
	at org.apache.ratis.server.impl.LeaderElection.run(LeaderElection.java:130)
	at java.lang.Thread.run(Thread.java:748)
Caused by: org.apache.ratis.thirdparty.io.grpc.StatusRuntimeException: UNAVAILABLE: io exception
	at org.apache.ratis.thirdparty.io.grpc.stub.ClientCalls.toStatusRuntimeException(ClientCalls.java:233)
	at org.apache.ratis.thirdparty.io.grpc.stub.ClientCalls.getUnchecked(ClientCalls.java:214)
	at org.apache.ratis.thirdparty.io.grpc.stub.ClientCalls.blockingUnaryCall(ClientCalls.java:139)
	at org.apache.ratis.proto.grpc.RaftServerProtocolServiceGrpc$RaftServerProtocolServiceBlockingStub.requestVote(RaftServerProtocolServiceGrpc.java:265)
	at org.apache.ratis.grpc.server.GrpcServerProtocolClient.requestVote(GrpcServerProtocolClient.java:83)
	at org.apache.ratis.grpc.server.GrpcService.requestVote(GrpcService.java:195)
	at org.apache.ratis.server.impl.LeaderElection.lambda$submitRequests$1(LeaderElection.java:237)
	at java.util.concurrent.FutureTask.run(FutureTask.java:266)
	at java.util.concurrent.Executors$RunnableAdapter.call(Executors.java:511)
	at java.util.concurrent.FutureTask.run(FutureTask.java:266)
	at java.util.concurrent.ThreadPoolExecutor.runWorker(ThreadPoolExecutor.java:1149)
	at java.util.concurrent.ThreadPoolExecutor$Worker.run(ThreadPoolExecutor.java:624)
	... 1 more
Caused by: org.apache.ratis.thirdparty.io.netty.channel.AbstractChannel$AnnotatedConnectException: Connection refused: /192.168.36.124:45959
	at sun.nio.ch.SocketChannelImpl.checkConnect(Native Method)
	at sun.nio.ch.SocketChannelImpl.finishConnect(SocketChannelImpl.java:717)
	at org.apache.ratis.thirdparty.io.netty.channel.socket.nio.NioSocketChannel.doFinishConnect(NioSocketChannel.java:327)
	at org.apache.ratis.thirdparty.io.netty.channel.nio.AbstractNioChannel$AbstractNioUnsafe.finishConnect(AbstractNioChannel.java:340)
	at org.apache.ratis.thirdparty.io.netty.channel.nio.NioEventLoop.processSelectedKey(NioEventLoop.java:632)
	at org.apache.ratis.thirdparty.io.netty.channel.nio.NioEventLoop.processSelectedKeysOptimized(NioEventLoop.java:579)
	at org.apache.ratis.thirdparty.io.netty.channel.nio.NioEventLoop.processSelectedKeys(NioEventLoop.java:496)
	at org.apache.ratis.thirdparty.io.netty.channel.nio.NioEventLoop.run(NioEventLoop.java:458)
	at org.apache.ratis.thirdparty.io.netty.util.concurrent.SingleThreadEventExecutor$5.run(SingleThreadEventExecutor.java:897)
	at org.apache.ratis.thirdparty.io.netty.util.concurrent.FastThreadLocalRunnable.run(FastThreadLocalRunnable.java:30)
	... 1 more
Caused by: java.net.ConnectException: Connection refused
	... 11 more
2019-08-23 08:35:19,165 [7e5aa902-2e53-4970-88d9-946662ba2918:group-A3CED0891DC9:LeaderElection24] INFO  impl.LeaderElection (LeaderElection.java:logAndReturn(56)) - 7e5aa902-2e53-4970-88d9-946662ba2918:group-A3CED0891DC9:LeaderElection24: Election REJECTED; received 0 response(s) [] and 2 exception(s); 7e5aa902-2e53-4970-88d9-946662ba2918:t1, leader=null, voted=7e5aa902-2e53-4970-88d9-946662ba2918, raftlog=7e5aa902-2e53-4970-88d9-946662ba2918-SegmentedRaftLog:OPENED:c-1,f-1,i0, conf=-1: [7e5aa902-2e53-4970-88d9-946662ba2918:192.168.36.124:40946, 4a27d5c5-e706-4f49-9c3b-ede305044aa5:192.168.36.124:45959, 898070de-5342-4931-8fd1-72ad9058b7b1:192.168.36.124:42057], old=null
2019-08-23 08:35:19,165 [7e5aa902-2e53-4970-88d9-946662ba2918:group-A3CED0891DC9:LeaderElection24] INFO  impl.LeaderElection (LogUtils.java:infoOrTrace(149)) -   Exception 0: {}
java.util.concurrent.ExecutionException: org.apache.ratis.thirdparty.io.grpc.StatusRuntimeException: UNAVAILABLE: io exception
	at java.util.concurrent.FutureTask.report(FutureTask.java:122)
	at java.util.concurrent.FutureTask.get(FutureTask.java:192)
	at org.apache.ratis.server.impl.LeaderElection.waitForResults(LeaderElection.java:262)
	at org.apache.ratis.server.impl.LeaderElection.askForVotes(LeaderElection.java:200)
	at org.apache.ratis.server.impl.LeaderElection.run(LeaderElection.java:130)
	at java.lang.Thread.run(Thread.java:748)
Caused by: org.apache.ratis.thirdparty.io.grpc.StatusRuntimeException: UNAVAILABLE: io exception
	at org.apache.ratis.thirdparty.io.grpc.stub.ClientCalls.toStatusRuntimeException(ClientCalls.java:233)
	at org.apache.ratis.thirdparty.io.grpc.stub.ClientCalls.getUnchecked(ClientCalls.java:214)
	at org.apache.ratis.thirdparty.io.grpc.stub.ClientCalls.blockingUnaryCall(ClientCalls.java:139)
	at org.apache.ratis.proto.grpc.RaftServerProtocolServiceGrpc$RaftServerProtocolServiceBlockingStub.requestVote(RaftServerProtocolServiceGrpc.java:265)
	at org.apache.ratis.grpc.server.GrpcServerProtocolClient.requestVote(GrpcServerProtocolClient.java:83)
	at org.apache.ratis.grpc.server.GrpcService.requestVote(GrpcService.java:195)
	at org.apache.ratis.server.impl.LeaderElection.lambda$submitRequests$1(LeaderElection.java:237)
	at java.util.concurrent.FutureTask.run(FutureTask.java:266)
	at java.util.concurrent.Executors$RunnableAdapter.call(Executors.java:511)
	at java.util.concurrent.FutureTask.run(FutureTask.java:266)
	at java.util.concurrent.ThreadPoolExecutor.runWorker(ThreadPoolExecutor.java:1149)
	at java.util.concurrent.ThreadPoolExecutor$Worker.run(ThreadPoolExecutor.java:624)
	... 1 more
Caused by: org.apache.ratis.thirdparty.io.netty.channel.AbstractChannel$AnnotatedConnectException: Connection refused: /192.168.36.124:42057
	at sun.nio.ch.SocketChannelImpl.checkConnect(Native Method)
	at sun.nio.ch.SocketChannelImpl.finishConnect(SocketChannelImpl.java:717)
	at org.apache.ratis.thirdparty.io.netty.channel.socket.nio.NioSocketChannel.doFinishConnect(NioSocketChannel.java:327)
	at org.apache.ratis.thirdparty.io.netty.channel.nio.AbstractNioChannel$AbstractNioUnsafe.finishConnect(AbstractNioChannel.java:340)
	at org.apache.ratis.thirdparty.io.netty.channel.nio.NioEventLoop.processSelectedKey(NioEventLoop.java:632)
	at org.apache.ratis.thirdparty.io.netty.channel.nio.NioEventLoop.processSelectedKeysOptimized(NioEventLoop.java:579)
	at org.apache.ratis.thirdparty.io.netty.channel.nio.NioEventLoop.processSelectedKeys(NioEventLoop.java:496)
	at org.apache.ratis.thirdparty.io.netty.channel.nio.NioEventLoop.run(NioEventLoop.java:458)
	at org.apache.ratis.thirdparty.io.netty.util.concurrent.SingleThreadEventExecutor$5.run(SingleThreadEventExecutor.java:897)
	at org.apache.ratis.thirdparty.io.netty.util.concurrent.FastThreadLocalRunnable.run(FastThreadLocalRunnable.java:30)
	... 1 more
Caused by: java.net.ConnectException: Connection refused
	... 11 more
2019-08-23 08:35:19,166 [7e5aa902-2e53-4970-88d9-946662ba2918:group-A3CED0891DC9:LeaderElection24] INFO  impl.LeaderElection (LogUtils.java:infoOrTrace(149)) -   Exception 1: {}
java.util.concurrent.ExecutionException: org.apache.ratis.thirdparty.io.grpc.StatusRuntimeException: UNAVAILABLE: io exception
	at java.util.concurrent.FutureTask.report(FutureTask.java:122)
	at java.util.concurrent.FutureTask.get(FutureTask.java:192)
	at org.apache.ratis.server.impl.LeaderElection.waitForResults(LeaderElection.java:262)
	at org.apache.ratis.server.impl.LeaderElection.askForVotes(LeaderElection.java:200)
	at org.apache.ratis.server.impl.LeaderElection.run(LeaderElection.java:130)
	at java.lang.Thread.run(Thread.java:748)
Caused by: org.apache.ratis.thirdparty.io.grpc.StatusRuntimeException: UNAVAILABLE: io exception
	at org.apache.ratis.thirdparty.io.grpc.stub.ClientCalls.toStatusRuntimeException(ClientCalls.java:233)
	at org.apache.ratis.thirdparty.io.grpc.stub.ClientCalls.getUnchecked(ClientCalls.java:214)
	at org.apache.ratis.thirdparty.io.grpc.stub.ClientCalls.blockingUnaryCall(ClientCalls.java:139)
	at org.apache.ratis.proto.grpc.RaftServerProtocolServiceGrpc$RaftServerProtocolServiceBlockingStub.requestVote(RaftServerProtocolServiceGrpc.java:265)
	at org.apache.ratis.grpc.server.GrpcServerProtocolClient.requestVote(GrpcServerProtocolClient.java:83)
	at org.apache.ratis.grpc.server.GrpcService.requestVote(GrpcService.java:195)
	at org.apache.ratis.server.impl.LeaderElection.lambda$submitRequests$1(LeaderElection.java:237)
	at java.util.concurrent.FutureTask.run(FutureTask.java:266)
	at java.util.concurrent.Executors$RunnableAdapter.call(Executors.java:511)
	at java.util.concurrent.FutureTask.run(FutureTask.java:266)
	at java.util.concurrent.ThreadPoolExecutor.runWorker(ThreadPoolExecutor.java:1149)
	at java.util.concurrent.ThreadPoolExecutor$Worker.run(ThreadPoolExecutor.java:624)
	... 1 more
Caused by: org.apache.ratis.thirdparty.io.netty.channel.AbstractChannel$AnnotatedConnectException: Connection refused: /192.168.36.124:45959
	at sun.nio.ch.SocketChannelImpl.checkConnect(Native Method)
	at sun.nio.ch.SocketChannelImpl.finishConnect(SocketChannelImpl.java:717)
	at org.apache.ratis.thirdparty.io.netty.channel.socket.nio.NioSocketChannel.doFinishConnect(NioSocketChannel.java:327)
	at org.apache.ratis.thirdparty.io.netty.channel.nio.AbstractNioChannel$AbstractNioUnsafe.finishConnect(AbstractNioChannel.java:340)
	at org.apache.ratis.thirdparty.io.netty.channel.nio.NioEventLoop.processSelectedKey(NioEventLoop.java:632)
	at org.apache.ratis.thirdparty.io.netty.channel.nio.NioEventLoop.processSelectedKeysOptimized(NioEventLoop.java:579)
	at org.apache.ratis.thirdparty.io.netty.channel.nio.NioEventLoop.processSelectedKeys(NioEventLoop.java:496)
	at org.apache.ratis.thirdparty.io.netty.channel.nio.NioEventLoop.run(NioEventLoop.java:458)
	at org.apache.ratis.thirdparty.io.netty.util.concurrent.SingleThreadEventExecutor$5.run(SingleThreadEventExecutor.java:897)
	at org.apache.ratis.thirdparty.io.netty.util.concurrent.FastThreadLocalRunnable.run(FastThreadLocalRunnable.java:30)
	... 1 more
Caused by: java.net.ConnectException: Connection refused
	... 11 more
2019-08-23 08:35:19,166 [7e5aa902-2e53-4970-88d9-946662ba2918:group-A3CED0891DC9:LeaderElection24] INFO  impl.RaftServerImpl (RaftServerImpl.java:setRole(171)) - 7e5aa902-2e53-4970-88d9-946662ba2918:group-A3CED0891DC9 changes role from CANDIDATE to FOLLOWER at term 1 for DISCOVERED_A_NEW_TERM
2019-08-23 08:35:19,167 [7e5aa902-2e53-4970-88d9-946662ba2918:group-A3CED0891DC9:LeaderElection24] INFO  impl.RoleInfo (RoleInfo.java:shutdownLeaderElection(134)) - 7e5aa902-2e53-4970-88d9-946662ba2918: shutdown LeaderElection
2019-08-23 08:35:19,167 [7e5aa902-2e53-4970-88d9-946662ba2918:group-A3CED0891DC9:LeaderElection24] INFO  impl.RoleInfo (RoleInfo.java:updateAndGet(143)) - 7e5aa902-2e53-4970-88d9-946662ba2918: start FollowerState
2019-08-23 08:35:19,355 [EventQueue-StaleNodeForStaleNodeHandler] INFO  node.StaleNodeHandler (StaleNodeHandler.java:onMessage(58)) - Datanode 4a27d5c5-e706-4f49-9c3b-ede305044aa5{ip: 192.168.36.124, host: pr-hdds-2022-djmxw-136905289, networkLocation: /default-rack, certSerialId: null} moved to stale state. Finalizing its pipelines [PipelineID=a8033735-a061-4110-b1ea-643f8c4ddbbd, PipelineID=a95d28c3-52f4-4c0b-8770-343eb948d0a3, PipelineID=ea820b34-658e-473b-a154-a3ced0891dc9]
2019-08-23 08:35:19,355 [EventQueue-StaleNodeForStaleNodeHandler] INFO  pipeline.SCMPipelineManager (SCMPipelineManager.java:finalizeAndDestroyPipeline(309)) - destroying pipeline:Pipeline[ Id: a8033735-a061-4110-b1ea-643f8c4ddbbd, Nodes: 4a27d5c5-e706-4f49-9c3b-ede305044aa5{ip: 192.168.36.124, host: pr-hdds-2022-djmxw-136905289, networkLocation: /default-rack, certSerialId: null}, Type:RATIS, Factor:ONE, State:CLOSED]
2019-08-23 08:35:19,356 [EventQueue-StaleNodeForStaleNodeHandler] INFO  pipeline.SCMPipelineManager (SCMPipelineManager.java:finalizeAndDestroyPipeline(309)) - destroying pipeline:Pipeline[ Id: a95d28c3-52f4-4c0b-8770-343eb948d0a3, Nodes: 4a27d5c5-e706-4f49-9c3b-ede305044aa5{ip: 192.168.36.124, host: pr-hdds-2022-djmxw-136905289, networkLocation: /default-rack, certSerialId: null}, Type:RATIS, Factor:ONE, State:OPEN]
2019-08-23 08:35:19,356 [EventQueue-StaleNodeForStaleNodeHandler] INFO  pipeline.PipelineStateManager (PipelineStateManager.java:finalizePipeline(123)) - Pipeline Pipeline[ Id: a95d28c3-52f4-4c0b-8770-343eb948d0a3, Nodes: 4a27d5c5-e706-4f49-9c3b-ede305044aa5{ip: 192.168.36.124, host: pr-hdds-2022-djmxw-136905289, networkLocation: /default-rack, certSerialId: null}, Type:RATIS, Factor:ONE, State:CLOSED] moved to CLOSED state
2019-08-23 08:35:19,356 [EventQueue-StaleNodeForStaleNodeHandler] INFO  pipeline.SCMPipelineManager (SCMPipelineManager.java:finalizeAndDestroyPipeline(309)) - destroying pipeline:Pipeline[ Id: ea820b34-658e-473b-a154-a3ced0891dc9, Nodes: 4a27d5c5-e706-4f49-9c3b-ede305044aa5{ip: 192.168.36.124, host: pr-hdds-2022-djmxw-136905289, networkLocation: /default-rack, certSerialId: null}7e5aa902-2e53-4970-88d9-946662ba2918{ip: 192.168.36.124, host: pr-hdds-2022-djmxw-136905289, networkLocation: /default-rack, certSerialId: null}898070de-5342-4931-8fd1-72ad9058b7b1{ip: 192.168.36.124, host: pr-hdds-2022-djmxw-136905289, networkLocation: /default-rack, certSerialId: null}, Type:RATIS, Factor:THREE, State:CLOSED]
2019-08-23 08:35:20,283 [7e5aa902-2e53-4970-88d9-946662ba2918-SegmentedRaftLogWorker:Storage Directory /workdir/hadoop-ozone/integration-test/target/test-dir/MiniOzoneClusterImpl-b0e68d79-38a8-42f3-82e9-8c7446ce8347/datanode-2/data/ratis/15ce5989-5581-4ca8-8fe7-c16cc8b5352a] INFO  segmented.SegmentedRaftLogWorker (SegmentedRaftLogWorker.java:execute(569)) - 7e5aa902-2e53-4970-88d9-946662ba2918-SegmentedRaftLogWorker:Storage Directory /workdir/hadoop-ozone/integration-test/target/test-dir/MiniOzoneClusterImpl-b0e68d79-38a8-42f3-82e9-8c7446ce8347/datanode-2/data/ratis/15ce5989-5581-4ca8-8fe7-c16cc8b5352a: created new log segment /workdir/hadoop-ozone/integration-test/target/test-dir/MiniOzoneClusterImpl-b0e68d79-38a8-42f3-82e9-8c7446ce8347/datanode-2/data/ratis/15ce5989-5581-4ca8-8fe7-c16cc8b5352a/current/log_inprogress_0
2019-08-23 08:35:23,356 [EventQueue-StaleNodeForStaleNodeHandler] INFO  node.StaleNodeHandler (StaleNodeHandler.java:onMessage(58)) - Datanode 7e5aa902-2e53-4970-88d9-946662ba2918{ip: 192.168.36.124, host: pr-hdds-2022-djmxw-136905289, networkLocation: /default-rack, certSerialId: null} moved to stale state. Finalizing its pipelines [PipelineID=4539ed5e-35ce-4ada-b1be-2630c53bc54e, PipelineID=ea820b34-658e-473b-a154-a3ced0891dc9, PipelineID=15ce5989-5581-4ca8-8fe7-c16cc8b5352a]
2019-08-23 08:35:23,357 [EventQueue-StaleNodeForStaleNodeHandler] INFO  pipeline.SCMPipelineManager (SCMPipelineManager.java:finalizeAndDestroyPipeline(309)) - destroying pipeline:Pipeline[ Id: 4539ed5e-35ce-4ada-b1be-2630c53bc54e, Nodes: 7e5aa902-2e53-4970-88d9-946662ba2918{ip: 192.168.36.124, host: pr-hdds-2022-djmxw-136905289, networkLocation: /default-rack, certSerialId: null}, Type:RATIS, Factor:ONE, State:CLOSED]
2019-08-23 08:35:23,357 [EventQueue-StaleNodeForStaleNodeHandler] INFO  pipeline.SCMPipelineManager (SCMPipelineManager.java:finalizeAndDestroyPipeline(309)) - destroying pipeline:Pipeline[ Id: ea820b34-658e-473b-a154-a3ced0891dc9, Nodes: 4a27d5c5-e706-4f49-9c3b-ede305044aa5{ip: 192.168.36.124, host: pr-hdds-2022-djmxw-136905289, networkLocation: /default-rack, certSerialId: null}7e5aa902-2e53-4970-88d9-946662ba2918{ip: 192.168.36.124, host: pr-hdds-2022-djmxw-136905289, networkLocation: /default-rack, certSerialId: null}898070de-5342-4931-8fd1-72ad9058b7b1{ip: 192.168.36.124, host: pr-hdds-2022-djmxw-136905289, networkLocation: /default-rack, certSerialId: null}, Type:RATIS, Factor:THREE, State:CLOSED]
2019-08-23 08:35:23,357 [EventQueue-StaleNodeForStaleNodeHandler] INFO  pipeline.SCMPipelineManager (SCMPipelineManager.java:finalizeAndDestroyPipeline(309)) - destroying pipeline:Pipeline[ Id: 15ce5989-5581-4ca8-8fe7-c16cc8b5352a, Nodes: 7e5aa902-2e53-4970-88d9-946662ba2918{ip: 192.168.36.124, host: pr-hdds-2022-djmxw-136905289, networkLocation: /default-rack, certSerialId: null}, Type:RATIS, Factor:ONE, State:OPEN]
2019-08-23 08:35:23,358 [EventQueue-StaleNodeForStaleNodeHandler] INFO  pipeline.PipelineStateManager (PipelineStateManager.java:finalizePipeline(123)) - Pipeline Pipeline[ Id: 15ce5989-5581-4ca8-8fe7-c16cc8b5352a, Nodes: 7e5aa902-2e53-4970-88d9-946662ba2918{ip: 192.168.36.124, host: pr-hdds-2022-djmxw-136905289, networkLocation: /default-rack, certSerialId: null}, Type:RATIS, Factor:ONE, State:CLOSED] moved to CLOSED state
2019-08-23 08:35:23,786 [ForkJoinPool.commonPool-worker-1] INFO  ozoneimpl.OzoneContainer (OzoneContainer.java:stop(199)) - Attempting to stop container services.
2019-08-23 08:35:23,787 [ForkJoinPool.commonPool-worker-1] INFO  impl.RaftServerProxy (RaftServerProxy.java:lambda$close$4(314)) - 7e5aa902-2e53-4970-88d9-946662ba2918: close
2019-08-23 08:35:23,787 [ForkJoinPool.commonPool-worker-1] INFO  impl.RaftServerImpl (RaftServerImpl.java:lambda$shutdown$3(245)) - 7e5aa902-2e53-4970-88d9-946662ba2918: shutdown group-2630C53BC54E
2019-08-23 08:35:23,787 [ForkJoinPool.commonPool-worker-1] INFO  util.JmxRegister (JmxRegister.java:unregister(73)) - Successfully un-registered JMX Bean with object name Ratis:service=RaftServer,group=group-2630C53BC54E,id=7e5aa902-2e53-4970-88d9-946662ba2918
2019-08-23 08:35:23,787 [ForkJoinPool.commonPool-worker-1] INFO  impl.RoleInfo (RoleInfo.java:shutdownLeaderState(104)) - 7e5aa902-2e53-4970-88d9-946662ba2918: shutdown LeaderState
2019-08-23 08:35:23,788 [ForkJoinPool.commonPool-worker-1] INFO  impl.PendingRequests (PendingRequests.java:sendNotLeaderResponses(202)) - 7e5aa902-2e53-4970-88d9-946662ba2918-PendingRequests: sendNotLeaderResponses
2019-08-23 08:35:23,791 [ForkJoinPool.commonPool-worker-1] INFO  impl.StateMachineUpdater (StateMachineUpdater.java:stopAndJoin(115)) - StateMachineUpdater:7e5aa902-2e53-4970-88d9-946662ba2918:group-2630C53BC54E: set stopIndex = 2
2019-08-23 08:35:23,791 [ForkJoinPool.commonPool-worker-1] INFO  impl.RaftServerImpl (ServerState.java:close(394)) - 7e5aa902-2e53-4970-88d9-946662ba2918:group-2630C53BC54E closes. The last applied log index is 2
2019-08-23 08:35:23,792 [7e5aa902-2e53-4970-88d9-946662ba2918-SegmentedRaftLogWorker:Storage Directory /workdir/hadoop-ozone/integration-test/target/test-dir/MiniOzoneClusterImpl-b0e68d79-38a8-42f3-82e9-8c7446ce8347/datanode-2/data/ratis/4539ed5e-35ce-4ada-b1be-2630c53bc54e] INFO  segmented.SegmentedRaftLogWorker (SegmentedRaftLogWorker.java:run(313)) - 7e5aa902-2e53-4970-88d9-946662ba2918-SegmentedRaftLogWorker:Storage Directory /workdir/hadoop-ozone/integration-test/target/test-dir/MiniOzoneClusterImpl-b0e68d79-38a8-42f3-82e9-8c7446ce8347/datanode-2/data/ratis/4539ed5e-35ce-4ada-b1be-2630c53bc54e was interrupted, exiting. There are 0 tasks remaining in the queue.
2019-08-23 08:35:23,793 [ForkJoinPool.commonPool-worker-1] INFO  segmented.SegmentedRaftLogWorker (SegmentedRaftLogWorker.java:close(228)) - 7e5aa902-2e53-4970-88d9-946662ba2918-SegmentedRaftLogWorker:Storage Directory /workdir/hadoop-ozone/integration-test/target/test-dir/MiniOzoneClusterImpl-b0e68d79-38a8-42f3-82e9-8c7446ce8347/datanode-2/data/ratis/4539ed5e-35ce-4ada-b1be-2630c53bc54e close()
2019-08-23 08:35:23,794 [ForkJoinPool.commonPool-worker-1] INFO  impl.RaftServerImpl (RaftServerImpl.java:lambda$shutdown$3(245)) - 7e5aa902-2e53-4970-88d9-946662ba2918: shutdown group-A3CED0891DC9
2019-08-23 08:35:23,794 [ForkJoinPool.commonPool-worker-1] INFO  util.JmxRegister (JmxRegister.java:unregister(73)) - Successfully un-registered JMX Bean with object name Ratis:service=RaftServer,group=group-A3CED0891DC9,id=7e5aa902-2e53-4970-88d9-946662ba2918
2019-08-23 08:35:23,794 [ForkJoinPool.commonPool-worker-1] INFO  impl.RoleInfo (RoleInfo.java:shutdownFollowerState(121)) - 7e5aa902-2e53-4970-88d9-946662ba2918: shutdown FollowerState
2019-08-23 08:35:23,795 [ForkJoinPool.commonPool-worker-1] INFO  impl.StateMachineUpdater (StateMachineUpdater.java:stopAndJoin(115)) - StateMachineUpdater:7e5aa902-2e53-4970-88d9-946662ba2918:group-A3CED0891DC9: set stopIndex = -1
2019-08-23 08:35:23,795 [Thread-627] INFO  impl.FollowerState (FollowerState.java:run(114)) - 7e5aa902-2e53-4970-88d9-946662ba2918: FollowerState was interrupted: java.lang.InterruptedException: sleep interrupted
2019-08-23 08:35:23,795 [ForkJoinPool.commonPool-worker-1] INFO  impl.RaftServerImpl (ServerState.java:close(394)) - 7e5aa902-2e53-4970-88d9-946662ba2918:group-A3CED0891DC9 closes. The last applied log index is -1
2019-08-23 08:35:23,796 [7e5aa902-2e53-4970-88d9-946662ba2918-SegmentedRaftLogWorker:Storage Directory /workdir/hadoop-ozone/integration-test/target/test-dir/MiniOzoneClusterImpl-b0e68d79-38a8-42f3-82e9-8c7446ce8347/datanode-2/data/ratis/ea820b34-658e-473b-a154-a3ced0891dc9] INFO  segmented.SegmentedRaftLogWorker (SegmentedRaftLogWorker.java:run(313)) - 7e5aa902-2e53-4970-88d9-946662ba2918-SegmentedRaftLogWorker:Storage Directory /workdir/hadoop-ozone/integration-test/target/test-dir/MiniOzoneClusterImpl-b0e68d79-38a8-42f3-82e9-8c7446ce8347/datanode-2/data/ratis/ea820b34-658e-473b-a154-a3ced0891dc9 was interrupted, exiting. There are 0 tasks remaining in the queue.
2019-08-23 08:35:23,796 [ForkJoinPool.commonPool-worker-1] INFO  segmented.SegmentedRaftLogWorker (SegmentedRaftLogWorker.java:close(228)) - 7e5aa902-2e53-4970-88d9-946662ba2918-SegmentedRaftLogWorker:Storage Directory /workdir/hadoop-ozone/integration-test/target/test-dir/MiniOzoneClusterImpl-b0e68d79-38a8-42f3-82e9-8c7446ce8347/datanode-2/data/ratis/ea820b34-658e-473b-a154-a3ced0891dc9 close()
2019-08-23 08:35:23,800 [ForkJoinPool.commonPool-worker-1] INFO  impl.RaftServerImpl (RaftServerImpl.java:lambda$shutdown$3(245)) - 7e5aa902-2e53-4970-88d9-946662ba2918: shutdown group-C16CC8B5352A
2019-08-23 08:35:23,800 [ForkJoinPool.commonPool-worker-1] INFO  util.JmxRegister (JmxRegister.java:unregister(73)) - Successfully un-registered JMX Bean with object name Ratis:service=RaftServer,group=group-C16CC8B5352A,id=7e5aa902-2e53-4970-88d9-946662ba2918
2019-08-23 08:35:23,800 [ForkJoinPool.commonPool-worker-1] INFO  impl.RoleInfo (RoleInfo.java:shutdownLeaderState(104)) - 7e5aa902-2e53-4970-88d9-946662ba2918: shutdown LeaderState
2019-08-23 08:35:23,800 [ForkJoinPool.commonPool-worker-1] INFO  impl.PendingRequests (PendingRequests.java:sendNotLeaderResponses(202)) - 7e5aa902-2e53-4970-88d9-946662ba2918-PendingRequests: sendNotLeaderResponses
2019-08-23 08:35:23,801 [ForkJoinPool.commonPool-worker-1] INFO  impl.StateMachineUpdater (StateMachineUpdater.java:stopAndJoin(115)) - StateMachineUpdater:7e5aa902-2e53-4970-88d9-946662ba2918:group-C16CC8B5352A: set stopIndex = 0
2019-08-23 08:35:23,801 [ForkJoinPool.commonPool-worker-1] INFO  impl.RaftServerImpl (ServerState.java:close(394)) - 7e5aa902-2e53-4970-88d9-946662ba2918:group-C16CC8B5352A closes. The last applied log index is 0
2019-08-23 08:35:23,801 [7e5aa902-2e53-4970-88d9-946662ba2918-SegmentedRaftLogWorker:Storage Directory /workdir/hadoop-ozone/integration-test/target/test-dir/MiniOzoneClusterImpl-b0e68d79-38a8-42f3-82e9-8c7446ce8347/datanode-2/data/ratis/15ce5989-5581-4ca8-8fe7-c16cc8b5352a] INFO  segmented.SegmentedRaftLogWorker (SegmentedRaftLogWorker.java:run(313)) - 7e5aa902-2e53-4970-88d9-946662ba2918-SegmentedRaftLogWorker:Storage Directory /workdir/hadoop-ozone/integration-test/target/test-dir/MiniOzoneClusterImpl-b0e68d79-38a8-42f3-82e9-8c7446ce8347/datanode-2/data/ratis/15ce5989-5581-4ca8-8fe7-c16cc8b5352a was interrupted, exiting. There are 0 tasks remaining in the queue.
2019-08-23 08:35:23,801 [ForkJoinPool.commonPool-worker-1] INFO  segmented.SegmentedRaftLogWorker (SegmentedRaftLogWorker.java:close(228)) - 7e5aa902-2e53-4970-88d9-946662ba2918-SegmentedRaftLogWorker:Storage Directory /workdir/hadoop-ozone/integration-test/target/test-dir/MiniOzoneClusterImpl-b0e68d79-38a8-42f3-82e9-8c7446ce8347/datanode-2/data/ratis/15ce5989-5581-4ca8-8fe7-c16cc8b5352a close()
2019-08-23 08:35:23,802 [ForkJoinPool.commonPool-worker-1] INFO  server.GrpcService (GrpcService.java:closeImpl(155)) - 7e5aa902-2e53-4970-88d9-946662ba2918: shutdown server with port 40946 now
2019-08-23 08:35:23,804 [ForkJoinPool.commonPool-worker-1] INFO  server.GrpcService (GrpcService.java:closeImpl(163)) - 7e5aa902-2e53-4970-88d9-946662ba2918: shutdown server with port 40946 successfully
2019-08-23 08:35:23,810 [ForkJoinPool.commonPool-worker-1] INFO  utils.BackgroundService (BackgroundService.java:shutdown(148)) - Shutting down service BlockDeletingService
2019-08-23 08:35:23,811 [refreshUsed-/workdir/hadoop-ozone/integration-test/target/test-dir/MiniOzoneClusterImpl-b0e68d79-38a8-42f3-82e9-8c7446ce8347/datanode-2/data/containers] WARN  fs.CachingGetSpaceUsed (CachingGetSpaceUsed.java:run(183)) - Thread Interrupted waiting to refresh disk information: sleep interrupted
2019-08-23 08:35:23,828 [ForkJoinPool.commonPool-worker-1] INFO  statemachine.DatanodeStateMachine (DatanodeStateMachine.java:stopDaemon(395)) - Ozone container server stopped.
2019-08-23 08:35:23,830 [ForkJoinPool.commonPool-worker-1] INFO  handler.ContextHandler (ContextHandler.java:doStop(910)) - Stopped o.e.j.w.WebAppContext@4ae25335{/,null,UNAVAILABLE}{/hddsDatanode}
2019-08-23 08:35:23,831 [ForkJoinPool.commonPool-worker-1] INFO  server.AbstractConnector (AbstractConnector.java:doStop(318)) - Stopped ServerConnector@1337447b{HTTP/1.1,[http/1.1]}{0.0.0.0:40459}
2019-08-23 08:35:23,832 [ForkJoinPool.commonPool-worker-1] INFO  handler.ContextHandler (ContextHandler.java:doStop(910)) - Stopped o.e.j.s.ServletContextHandler@129c8ccb{/static,jar:file:/home/user/.m2/repository/org/apache/hadoop/hadoop-hdds-container-service/0.5.0-SNAPSHOT/hadoop-hdds-container-service-0.5.0-SNAPSHOT.jar!/webapps/static,UNAVAILABLE}
2019-08-23 08:35:23,833 [ForkJoinPool.commonPool-worker-1] INFO  handler.ContextHandler (ContextHandler.java:doStop(910)) - Stopped o.e.j.s.ServletContextHandler@62ee09ff{/logs,file:///workdir/hadoop-ozone/integration-test/target/log,UNAVAILABLE}
2019-08-23 08:35:23,833 [main] INFO  ozone.MiniOzoneClusterImpl (MiniOzoneClusterImpl.java:stop(353)) - Stopping the StorageContainerManager
2019-08-23 08:35:23,834 [main] INFO  server.StorageContainerManager (StorageContainerManager.java:stop(797)) - Stopping Replication Manager Service.
2019-08-23 08:35:23,834 [main] INFO  container.ReplicationManager (ReplicationManager.java:stop(193)) - Stopping Replication Monitor Thread.
2019-08-23 08:35:23,834 [main] INFO  server.StorageContainerManager (StorageContainerManager.java:stop(804)) - Stopping Lease Manager of the command watchers
2019-08-23 08:35:23,834 [main] INFO  server.StorageContainerManager (StorageContainerManager.java:stop(811)) - Stopping datanode service RPC server
2019-08-23 08:35:23,835 [main] INFO  server.SCMDatanodeProtocolServer (SCMDatanodeProtocolServer.java:stop(367)) - Stopping the RPC server for DataNodes
2019-08-23 08:35:23,835 [main] INFO  ipc.Server (Server.java:stop(3082)) - Stopping server on 42119
2019-08-23 08:35:23,838 [IPC Server listener on 42119] INFO  ipc.Server (Server.java:run(1185)) - Stopping IPC Server listener on 42119
2019-08-23 08:35:23,838 [IPC Server Responder] INFO  ipc.Server (Server.java:run(1319)) - Stopping IPC Server Responder
2019-08-23 08:35:24,356 [SCM Heartbeat Processing Thread - 0] WARN  node.NodeStateManager (NodeStateManager.java:scheduleNextHealthCheck(646)) - Current Thread is interrupted, shutting down HB processing thread for Node Manager.
2019-08-23 08:35:24,357 [main] INFO  server.StorageContainerManager (StorageContainerManager.java:stop(819)) - Stopping block service RPC server
2019-08-23 08:35:24,357 [main] INFO  server.SCMBlockProtocolServer (SCMBlockProtocolServer.java:stop(148)) - Stopping the RPC server for Block Protocol
2019-08-23 08:35:24,358 [main] INFO  ipc.Server (Server.java:stop(3082)) - Stopping server on 42538
2019-08-23 08:35:24,359 [main] INFO  server.StorageContainerManager (StorageContainerManager.java:stop(826)) - Stopping the StorageContainerLocationProtocol RPC server
2019-08-23 08:35:24,360 [IPC Server listener on 42538] INFO  ipc.Server (Server.java:run(1185)) - Stopping IPC Server listener on 42538
2019-08-23 08:35:24,360 [main] INFO  server.SCMClientProtocolServer (SCMClientProtocolServer.java:stop(159)) - Stopping the RPC server for Client Protocol
2019-08-23 08:35:24,362 [IPC Server Responder] INFO  ipc.Server (Server.java:run(1319)) - Stopping IPC Server Responder
2019-08-23 08:35:24,362 [main] INFO  ipc.Server (Server.java:stop(3082)) - Stopping server on 36576
2019-08-23 08:35:24,365 [IPC Server listener on 36576] INFO  ipc.Server (Server.java:run(1185)) - Stopping IPC Server listener on 36576
2019-08-23 08:35:24,365 [main] INFO  server.StorageContainerManager (StorageContainerManager.java:stop(833)) - Stopping Storage Container Manager HTTP server.
2019-08-23 08:35:24,365 [IPC Server Responder] INFO  ipc.Server (Server.java:run(1319)) - Stopping IPC Server Responder
2019-08-23 08:35:24,368 [main] INFO  handler.ContextHandler (ContextHandler.java:doStop(910)) - Stopped o.e.j.w.WebAppContext@b0b4c91{/,null,UNAVAILABLE}{/scm}
2019-08-23 08:35:24,369 [main] INFO  server.AbstractConnector (AbstractConnector.java:doStop(318)) - Stopped ServerConnector@6fc7c5f9{HTTP/1.1,[http/1.1]}{0.0.0.0:0}
2019-08-23 08:35:24,370 [main] INFO  handler.ContextHandler (ContextHandler.java:doStop(910)) - Stopped o.e.j.s.ServletContextHandler@7cc9bc64{/static,file:///workdir/hadoop-ozone/integration-test/target/test-classes/webapps/static,UNAVAILABLE}
2019-08-23 08:35:24,371 [main] INFO  handler.ContextHandler (ContextHandler.java:doStop(910)) - Stopped o.e.j.s.ServletContextHandler@63f8ba0f{/logs,file:///workdir/hadoop-ozone/integration-test/target/log,UNAVAILABLE}
2019-08-23 08:35:24,372 [main] INFO  server.StorageContainerManager (StorageContainerManager.java:stop(844)) - Stopping Block Manager Service.
2019-08-23 08:35:24,372 [main] INFO  utils.BackgroundService (BackgroundService.java:shutdown(148)) - Shutting down service SCMBlockDeletingService
2019-08-23 08:35:24,373 [main] INFO  utils.BackgroundService (BackgroundService.java:shutdown(148)) - Shutting down service SCMBlockDeletingService
2019-08-23 08:35:24,374 [main] INFO  server.StorageContainerManager (StorageContainerManager.java:stop(866)) - Stopping SCM Event Queue.
2019-08-23 08:35:24,381 [main] INFO  impl.MetricsSystemImpl (MetricsSystemImpl.java:stop(210)) - Stopping HddsDatanode metrics system...
2019-08-23 08:35:24,391 [main] INFO  impl.MetricsSystemImpl (MetricsSystemImpl.java:stop(216)) - HddsDatanode metrics system stopped.
]]></system-out>
    <system-err><![CDATA[Aug 23, 2019 8:34:45 AM com.sun.jersey.server.impl.application.WebApplicationImpl _initiate
INFO: Initiating Jersey application, version 'Jersey: 1.19 02/11/2015 03:25 AM'
Aug 23, 2019 8:34:45 AM com.sun.jersey.server.impl.application.WebApplicationImpl _initiate
INFO: Initiating Jersey application, version 'Jersey: 1.19 02/11/2015 03:25 AM'
Aug 23, 2019 8:34:45 AM com.sun.jersey.server.impl.application.WebApplicationImpl _initiate
INFO: Initiating Jersey application, version 'Jersey: 1.19 02/11/2015 03:25 AM'
Aug 23, 2019 8:35:06 AM com.sun.jersey.server.impl.application.WebApplicationImpl _initiate
INFO: Initiating Jersey application, version 'Jersey: 1.19 02/11/2015 03:25 AM'
Aug 23, 2019 8:35:06 AM com.sun.jersey.server.impl.application.WebApplicationImpl _initiate
INFO: Initiating Jersey application, version 'Jersey: 1.19 02/11/2015 03:25 AM'
Aug 23, 2019 8:35:06 AM com.sun.jersey.server.impl.application.WebApplicationImpl _initiate
INFO: Initiating Jersey application, version 'Jersey: 1.19 02/11/2015 03:25 AM'
]]></system-err>
  </testcase>
</testsuite>