<?xml version="1.0" encoding="UTF-8"?>
<testsuite xmlns:xsi="http://www.w3.org/2001/XMLSchema-instance" xsi:noNamespaceSchemaLocation="https://maven.apache.org/surefire/maven-surefire-plugin/xsd/surefire-test-report.xsd" name="org.apache.hadoop.ozone.client.rpc.TestWatchForCommit" time="246.615" tests="5" errors="1" skipped="0" failures="0">
  <properties>
    <property name="awt.toolkit" value="sun.awt.X11.XToolkit"/>
    <property name="file.encoding.pkg" value="sun.io"/>
    <property name="java.specification.version" value="1.8"/>
    <property name="sun.cpu.isalist" value=""/>
    <property name="sun.jnu.encoding" value="UTF-8"/>
    <property name="java.class.path" value="/workdir/hadoop-ozone/integration-test/target/test-classes:/workdir/hadoop-ozone/integration-test/target/classes:/home/user/.m2/repository/org/apache/hadoop/hadoop-ozone-common/0.5.0-SNAPSHOT/hadoop-ozone-common-0.5.0-SNAPSHOT.jar:/home/user/.m2/repository/org/apache/commons/commons-compress/1.4.1/commons-compress-1.4.1.jar:/home/user/.m2/repository/org/tukaani/xz/1.0/xz-1.0.jar:/home/user/.m2/repository/org/apache/hadoop/hadoop-common/3.2.0/hadoop-common-3.2.0.jar:/home/user/.m2/repository/org/apache/hadoop/hadoop-hdfs/3.2.0/hadoop-hdfs-3.2.0.jar:/home/user/.m2/repository/org/apache/hadoop/hadoop-hdfs-client/3.2.0/hadoop-hdfs-client-3.2.0.jar:/home/user/.m2/repository/com/fasterxml/jackson/core/jackson-annotations/2.9.5/jackson-annotations-2.9.5.jar:/home/user/.m2/repository/org/apache/hadoop/hadoop-hdds-common/0.5.0-SNAPSHOT/hadoop-hdds-common-0.5.0-SNAPSHOT.jar:/home/user/.m2/repository/javax/annotation/javax.annotation-api/1.2/javax.annotation-api-1.2.jar:/home/user/.m2/repository/org/apache/ratis/ratis-server/0.4.0-2337318-SNAPSHOT/ratis-server-0.4.0-2337318-SNAPSHOT.jar:/home/user/.m2/repository/org/apache/ratis/ratis-thirdparty-misc/0.2.0/ratis-thirdparty-misc-0.2.0.jar:/home/user/.m2/repository/org/apache/ratis/ratis-proto/0.4.0-2337318-SNAPSHOT/ratis-proto-0.4.0-2337318-SNAPSHOT.jar:/home/user/.m2/repository/org/apache/ratis/ratis-common/0.4.0-2337318-SNAPSHOT/ratis-common-0.4.0-2337318-SNAPSHOT.jar:/home/user/.m2/repository/org/apache/ratis/ratis-client/0.4.0-2337318-SNAPSHOT/ratis-client-0.4.0-2337318-SNAPSHOT.jar:/home/user/.m2/repository/org/apache/ratis/ratis-metrics/0.4.0-2337318-SNAPSHOT/ratis-metrics-0.4.0-2337318-SNAPSHOT.jar:/home/user/.m2/repository/org/apache/ratis/ratis-netty/0.4.0-2337318-SNAPSHOT/ratis-netty-0.4.0-2337318-SNAPSHOT.jar:/home/user/.m2/repository/org/apache/ratis/ratis-grpc/0.4.0-2337318-SNAPSHOT/ratis-grpc-0.4.0-2337318-SNAPSHOT.jar:/home/user/.m2/repository/org/rocksdb/rocksdbjni/6.0.1/rocksdbjni-6.0.1.jar:/home/user/.m2/repository/org/apache/logging/log4j/log4j-api/2.11.0/log4j-api-2.11.0.jar:/home/user/.m2/repository/org/apache/logging/log4j/log4j-core/2.11.0/log4j-core-2.11.0.jar:/home/user/.m2/repository/com/lmax/disruptor/3.4.2/disruptor-3.4.2.jar:/home/user/.m2/repository/org/apache/commons/commons-pool2/2.6.0/commons-pool2-2.6.0.jar:/home/user/.m2/repository/org/bouncycastle/bcpkix-jdk15on/1.60/bcpkix-jdk15on-1.60.jar:/home/user/.m2/repository/commons-validator/commons-validator/1.6/commons-validator-1.6.jar:/home/user/.m2/repository/commons-digester/commons-digester/1.8.1/commons-digester-1.8.1.jar:/home/user/.m2/repository/io/jaegertracing/jaeger-client/0.33.1/jaeger-client-0.33.1.jar:/home/user/.m2/repository/io/jaegertracing/jaeger-thrift/0.33.1/jaeger-thrift-0.33.1.jar:/home/user/.m2/repository/org/apache/thrift/libthrift/0.11.0/libthrift-0.11.0.jar:/home/user/.m2/repository/com/squareup/okhttp3/okhttp/3.9.0/okhttp-3.9.0.jar:/home/user/.m2/repository/com/squareup/okio/okio/1.13.0/okio-1.13.0.jar:/home/user/.m2/repository/io/jaegertracing/jaeger-core/0.33.1/jaeger-core-0.33.1.jar:/home/user/.m2/repository/io/jaegertracing/jaeger-tracerresolver/0.33.1/jaeger-tracerresolver-0.33.1.jar:/home/user/.m2/repository/io/opentracing/contrib/opentracing-tracerresolver/0.1.5/opentracing-tracerresolver-0.1.5.jar:/home/user/.m2/repository/io/opentracing/opentracing-util/0.31.0/opentracing-util-0.31.0.jar:/home/user/.m2/repository/io/opentracing/opentracing-api/0.31.0/opentracing-api-0.31.0.jar:/home/user/.m2/repository/io/opentracing/opentracing-noop/0.31.0/opentracing-noop-0.31.0.jar:/home/user/.m2/repository/org/apache/hadoop/hadoop-hdds-server-framework/0.5.0-SNAPSHOT/hadoop-hdds-server-framework-0.5.0-SNAPSHOT.jar:/home/user/.m2/repository/org/apache/hadoop/hadoop-hdds-container-service/0.5.0-SNAPSHOT/hadoop-hdds-container-service-0.5.0-SNAPSHOT.jar:/home/user/.m2/repository/org/apache/hadoop/hadoop-hdds-client/0.5.0-SNAPSHOT/hadoop-hdds-client-0.5.0-SNAPSHOT.jar:/home/user/.m2/repository/org/apache/hadoop/hadoop-hdds-tools/0.5.0-SNAPSHOT/hadoop-hdds-tools-0.5.0-SNAPSHOT.jar:/home/user/.m2/repository/org/apache/hadoop/hadoop-hdds-server-scm/0.5.0-SNAPSHOT/hadoop-hdds-server-scm-0.5.0-SNAPSHOT.jar:/home/user/.m2/repository/org/apache/hadoop/hadoop-hdds-docs/0.5.0-SNAPSHOT/hadoop-hdds-docs-0.5.0-SNAPSHOT.jar:/home/user/.m2/repository/io/dropwizard/metrics/metrics-core/3.2.4/metrics-core-3.2.4.jar:/home/user/.m2/repository/org/hamcrest/hamcrest-all/1.3/hamcrest-all-1.3.jar:/home/user/.m2/repository/org/bouncycastle/bcprov-jdk15on/1.60/bcprov-jdk15on-1.60.jar:/home/user/.m2/repository/info/picocli/picocli/3.9.6/picocli-3.9.6.jar:/home/user/.m2/repository/com/google/protobuf/protobuf-java/2.5.0/protobuf-java-2.5.0.jar:/home/user/.m2/repository/com/google/guava/guava/11.0.2/guava-11.0.2.jar:/home/user/.m2/repository/org/apache/hadoop/hadoop-ozone-ozone-manager/0.5.0-SNAPSHOT/hadoop-ozone-ozone-manager-0.5.0-SNAPSHOT.jar:/home/user/.m2/repository/org/apache/hadoop/hadoop-minikdc/3.2.0/hadoop-minikdc-3.2.0.jar:/home/user/.m2/repository/commons-io/commons-io/2.5/commons-io-2.5.jar:/home/user/.m2/repository/org/apache/kerby/kerb-simplekdc/1.0.1/kerb-simplekdc-1.0.1.jar:/home/user/.m2/repository/org/apache/kerby/kerb-client/1.0.1/kerb-client-1.0.1.jar:/home/user/.m2/repository/org/apache/kerby/kerby-config/1.0.1/kerby-config-1.0.1.jar:/home/user/.m2/repository/org/apache/kerby/kerb-core/1.0.1/kerb-core-1.0.1.jar:/home/user/.m2/repository/org/apache/kerby/kerby-pkix/1.0.1/kerby-pkix-1.0.1.jar:/home/user/.m2/repository/org/apache/kerby/kerby-asn1/1.0.1/kerby-asn1-1.0.1.jar:/home/user/.m2/repository/org/apache/kerby/kerby-util/1.0.1/kerby-util-1.0.1.jar:/home/user/.m2/repository/org/apache/kerby/kerb-common/1.0.1/kerb-common-1.0.1.jar:/home/user/.m2/repository/org/apache/kerby/kerb-crypto/1.0.1/kerb-crypto-1.0.1.jar:/home/user/.m2/repository/org/apache/kerby/kerb-util/1.0.1/kerb-util-1.0.1.jar:/home/user/.m2/repository/org/apache/kerby/token-provider/1.0.1/token-provider-1.0.1.jar:/home/user/.m2/repository/org/apache/kerby/kerb-admin/1.0.1/kerb-admin-1.0.1.jar:/home/user/.m2/repository/org/apache/kerby/kerb-server/1.0.1/kerb-server-1.0.1.jar:/home/user/.m2/repository/org/apache/kerby/kerb-identity/1.0.1/kerb-identity-1.0.1.jar:/home/user/.m2/repository/org/apache/kerby/kerby-xdr/1.0.1/kerby-xdr-1.0.1.jar:/home/user/.m2/repository/org/slf4j/slf4j-log4j12/1.7.25/slf4j-log4j12-1.7.25.jar:/home/user/.m2/repository/org/apache/hadoop/hadoop-ozone-objectstore-service/0.5.0-SNAPSHOT/hadoop-ozone-objectstore-service-0.5.0-SNAPSHOT.jar:/home/user/.m2/repository/org/apache/hadoop/hadoop-ozone-s3gateway/0.5.0-SNAPSHOT/hadoop-ozone-s3gateway-0.5.0-SNAPSHOT.jar:/home/user/.m2/repository/org/jboss/weld/servlet/weld-servlet/2.4.7.Final/weld-servlet-2.4.7.Final.jar:/home/user/.m2/repository/org/glassfish/jersey/containers/jersey-container-servlet-core/2.27/jersey-container-servlet-core-2.27.jar:/home/user/.m2/repository/org/glassfish/hk2/external/javax.inject/2.5.0-b42/javax.inject-2.5.0-b42.jar:/home/user/.m2/repository/org/glassfish/jersey/core/jersey-common/2.27/jersey-common-2.27.jar:/home/user/.m2/repository/org/glassfish/hk2/osgi-resource-locator/1.0.1/osgi-resource-locator-1.0.1.jar:/home/user/.m2/repository/javax/ws/rs/javax.ws.rs-api/2.1/javax.ws.rs-api-2.1.jar:/home/user/.m2/repository/org/glassfish/jersey/ext/cdi/jersey-cdi1x/2.27/jersey-cdi1x-2.27.jar:/home/user/.m2/repository/org/glassfish/jersey/inject/jersey-hk2/2.27/jersey-hk2-2.27.jar:/home/user/.m2/repository/org/glassfish/hk2/hk2-locator/2.5.0-b42/hk2-locator-2.5.0-b42.jar:/home/user/.m2/repository/org/javassist/javassist/3.22.0-CR2/javassist-3.22.0-CR2.jar:/home/user/.m2/repository/org/glassfish/hk2/hk2-api/2.5.0/hk2-api-2.5.0.jar:/home/user/.m2/repository/org/glassfish/hk2/external/jakarta.inject/2.5.0/jakarta.inject-2.5.0.jar:/home/user/.m2/repository/org/glassfish/hk2/hk2-utils/2.5.0/hk2-utils-2.5.0.jar:/home/user/.m2/repository/jakarta/annotation/jakarta.annotation-api/1.3.4/jakarta.annotation-api-1.3.4.jar:/home/user/.m2/repository/org/glassfish/hk2/external/aopalliance-repackaged/2.5.0/aopalliance-repackaged-2.5.0.jar:/home/user/.m2/repository/com/fasterxml/jackson/dataformat/jackson-dataformat-xml/2.9.0/jackson-dataformat-xml-2.9.0.jar:/home/user/.m2/repository/com/fasterxml/jackson/core/jackson-core/2.9.5/jackson-core-2.9.5.jar:/home/user/.m2/repository/com/fasterxml/jackson/module/jackson-module-jaxb-annotations/2.9.5/jackson-module-jaxb-annotations-2.9.5.jar:/home/user/.m2/repository/javax/enterprise/cdi-api/1.2/cdi-api-1.2.jar:/home/user/.m2/repository/javax/el/javax.el-api/3.0.0/javax.el-api-3.0.0.jar:/home/user/.m2/repository/javax/interceptor/javax.interceptor-api/1.2/javax.interceptor-api-1.2.jar:/home/user/.m2/repository/javax/inject/javax.inject/1/javax.inject-1.jar:/home/user/.m2/repository/com/sun/xml/bind/jaxb-impl/2.3.0.1/jaxb-impl-2.3.0.1.jar:/home/user/.m2/repository/com/sun/xml/bind/jaxb-core/2.3.0.1/jaxb-core-2.3.0.1.jar:/home/user/.m2/repository/javax/xml/bind/jaxb-api/2.3.0/jaxb-api-2.3.0.jar:/home/user/.m2/repository/javax/activation/activation/1.1.1/activation-1.1.1.jar:/home/user/.m2/repository/org/apache/hadoop/hadoop-ozone-csi/0.5.0-SNAPSHOT/hadoop-ozone-csi-0.5.0-SNAPSHOT.jar:/home/user/.m2/repository/com/google/protobuf/protobuf-java-util/3.5.1/protobuf-java-util-3.5.1.jar:/home/user/.m2/repository/org/apache/hadoop/hadoop-hdds-config/0.5.0-SNAPSHOT/hadoop-hdds-config-0.5.0-SNAPSHOT.jar:/home/user/.m2/repository/io/grpc/grpc-netty/1.17.1/grpc-netty-1.17.1.jar:/home/user/.m2/repository/io/grpc/grpc-core/1.17.1/grpc-core-1.17.1.jar:/home/user/.m2/repository/io/grpc/grpc-context/1.17.1/grpc-context-1.17.1.jar:/home/user/.m2/repository/com/google/errorprone/error_prone_annotations/2.2.0/error_prone_annotations-2.2.0.jar:/home/user/.m2/repository/org/codehaus/mojo/animal-sniffer-annotations/1.17/animal-sniffer-annotations-1.17.jar:/home/user/.m2/repository/io/opencensus/opencensus-api/0.17.0/opencensus-api-0.17.0.jar:/home/user/.m2/repository/io/opencensus/opencensus-contrib-grpc-metrics/0.17.0/opencensus-contrib-grpc-metrics-0.17.0.jar:/home/user/.m2/repository/io/netty/netty-codec-http2/4.1.30.Final/netty-codec-http2-4.1.30.Final.jar:/home/user/.m2/repository/io/netty/netty-codec-http/4.1.30.Final/netty-codec-http-4.1.30.Final.jar:/home/user/.m2/repository/io/netty/netty-codec/4.1.30.Final/netty-codec-4.1.30.Final.jar:/home/user/.m2/repository/io/netty/netty-handler/4.1.30.Final/netty-handler-4.1.30.Final.jar:/home/user/.m2/repository/io/netty/netty-handler-proxy/4.1.30.Final/netty-handler-proxy-4.1.30.Final.jar:/home/user/.m2/repository/io/netty/netty-codec-socks/4.1.30.Final/netty-codec-socks-4.1.30.Final.jar:/home/user/.m2/repository/io/netty/netty-transport-native-epoll/4.1.30.Final/netty-transport-native-epoll-4.1.30.Final.jar:/home/user/.m2/repository/io/netty/netty-common/4.1.30.Final/netty-common-4.1.30.Final.jar:/home/user/.m2/repository/io/netty/netty-buffer/4.1.30.Final/netty-buffer-4.1.30.Final.jar:/home/user/.m2/repository/io/netty/netty-transport/4.1.30.Final/netty-transport-4.1.30.Final.jar:/home/user/.m2/repository/io/netty/netty-resolver/4.1.30.Final/netty-resolver-4.1.30.Final.jar:/home/user/.m2/repository/io/netty/netty-transport-native-unix-common/4.1.30.Final/netty-transport-native-unix-common-4.1.30.Final.jar:/home/user/.m2/repository/io/grpc/grpc-protobuf/1.17.1/grpc-protobuf-1.17.1.jar:/home/user/.m2/repository/com/google/api/grpc/proto-google-common-protos/1.0.0/proto-google-common-protos-1.0.0.jar:/home/user/.m2/repository/io/grpc/grpc-protobuf-lite/1.17.1/grpc-protobuf-lite-1.17.1.jar:/home/user/.m2/repository/io/grpc/grpc-stub/1.17.1/grpc-stub-1.17.1.jar:/home/user/.m2/repository/org/apache/hadoop/hadoop-ozone-recon/0.5.0-SNAPSHOT/hadoop-ozone-recon-0.5.0-SNAPSHOT.jar:/home/user/.m2/repository/org/apache/hadoop/hadoop-ozone-reconcodegen/0.5.0-SNAPSHOT/hadoop-ozone-reconcodegen-0.5.0-SNAPSHOT.jar:/home/user/.m2/repository/com/google/inject/extensions/guice-multibindings/4.0/guice-multibindings-4.0.jar:/home/user/.m2/repository/com/google/inject/guice/4.0/guice-4.0.jar:/home/user/.m2/repository/aopalliance/aopalliance/1.0/aopalliance-1.0.jar:/home/user/.m2/repository/com/google/inject/extensions/guice-servlet/4.0/guice-servlet-4.0.jar:/home/user/.m2/repository/org/glassfish/jersey/containers/jersey-container-servlet/2.27/jersey-container-servlet-2.27.jar:/home/user/.m2/repository/org/glassfish/hk2/guice-bridge/2.5.0/guice-bridge-2.5.0.jar:/home/user/.m2/repository/org/glassfish/jersey/core/jersey-server/2.27/jersey-server-2.27.jar:/home/user/.m2/repository/org/glassfish/jersey/core/jersey-client/2.27/jersey-client-2.27.jar:/home/user/.m2/repository/org/glassfish/jersey/media/jersey-media-jaxb/2.27/jersey-media-jaxb-2.27.jar:/home/user/.m2/repository/javax/validation/validation-api/1.1.0.Final/validation-api-1.1.0.Final.jar:/home/user/.m2/repository/org/glassfish/jersey/media/jersey-media-json-jackson/2.27/jersey-media-json-jackson-2.27.jar:/home/user/.m2/repository/org/glassfish/jersey/ext/jersey-entity-filtering/2.27/jersey-entity-filtering-2.27.jar:/home/user/.m2/repository/com/google/inject/extensions/guice-assistedinject/4.0/guice-assistedinject-4.0.jar:/home/user/.m2/repository/org/jooq/jooq/3.11.10/jooq-3.11.10.jar:/home/user/.m2/repository/org/jooq/jooq-meta/3.11.10/jooq-meta-3.11.10.jar:/home/user/.m2/repository/org/jooq/jooq-codegen/3.11.10/jooq-codegen-3.11.10.jar:/home/user/.m2/repository/com/jolbox/bonecp/0.8.0.RELEASE/bonecp-0.8.0.RELEASE.jar:/home/user/.m2/repository/org/xerial/sqlite-jdbc/3.25.2/sqlite-jdbc-3.25.2.jar:/home/user/.m2/repository/org/springframework/spring-jdbc/5.1.3.RELEASE/spring-jdbc-5.1.3.RELEASE.jar:/home/user/.m2/repository/org/springframework/spring-beans/5.1.3.RELEASE/spring-beans-5.1.3.RELEASE.jar:/home/user/.m2/repository/org/springframework/spring-core/5.1.3.RELEASE/spring-core-5.1.3.RELEASE.jar:/home/user/.m2/repository/org/springframework/spring-jcl/5.1.3.RELEASE/spring-jcl-5.1.3.RELEASE.jar:/home/user/.m2/repository/org/springframework/spring-tx/5.1.3.RELEASE/spring-tx-5.1.3.RELEASE.jar:/home/user/.m2/repository/org/apache/hadoop/hadoop-ozone-client/0.5.0-SNAPSHOT/hadoop-ozone-client-0.5.0-SNAPSHOT.jar:/home/user/.m2/repository/commons-lang/commons-lang/2.6/commons-lang-2.6.jar:/home/user/.m2/repository/org/apache/hadoop/hadoop-ozone-ozone-manager/0.5.0-SNAPSHOT/hadoop-ozone-ozone-manager-0.5.0-SNAPSHOT-tests.jar:/home/user/.m2/repository/junit/junit/4.11/junit-4.11.jar:/home/user/.m2/repository/org/hamcrest/hamcrest-core/1.3/hamcrest-core-1.3.jar:/home/user/.m2/repository/org/openjdk/jmh/jmh-core/1.19/jmh-core-1.19.jar:/home/user/.m2/repository/net/sf/jopt-simple/jopt-simple/4.6/jopt-simple-4.6.jar:/home/user/.m2/repository/org/apache/commons/commons-math3/3.1.1/commons-math3-3.1.1.jar:/home/user/.m2/repository/org/openjdk/jmh/jmh-generator-annprocess/1.19/jmh-generator-annprocess-1.19.jar:/home/user/.m2/repository/org/mockito/mockito-all/1.8.5/mockito-all-1.8.5.jar:/home/user/.m2/repository/org/apache/hadoop/hadoop-kms/3.2.0/hadoop-kms-3.2.0.jar:/home/user/.m2/repository/org/apache/hadoop/hadoop-auth/3.2.0/hadoop-auth-3.2.0.jar:/home/user/.m2/repository/com/nimbusds/nimbus-jose-jwt/4.41.1/nimbus-jose-jwt-4.41.1.jar:/home/user/.m2/repository/com/github/stephenc/jcip/jcip-annotations/1.0-1/jcip-annotations-1.0-1.jar:/home/user/.m2/repository/net/minidev/json-smart/2.3/json-smart-2.3.jar:/home/user/.m2/repository/net/minidev/accessors-smart/1.2/accessors-smart-1.2.jar:/home/user/.m2/repository/org/ow2/asm/asm/5.0.4/asm-5.0.4.jar:/home/user/.m2/repository/org/apache/curator/curator-framework/2.12.0/curator-framework-2.12.0.jar:/home/user/.m2/repository/com/sun/jersey/jersey-core/1.19/jersey-core-1.19.jar:/home/user/.m2/repository/javax/ws/rs/jsr311-api/1.1.1/jsr311-api-1.1.1.jar:/home/user/.m2/repository/com/sun/jersey/jersey-server/1.19/jersey-server-1.19.jar:/home/user/.m2/repository/javax/servlet/javax.servlet-api/3.1.0/javax.servlet-api-3.1.0.jar:/home/user/.m2/repository/org/eclipse/jetty/jetty-server/9.3.24.v20180605/jetty-server-9.3.24.v20180605.jar:/home/user/.m2/repository/org/eclipse/jetty/jetty-http/9.3.24.v20180605/jetty-http-9.3.24.v20180605.jar:/home/user/.m2/repository/org/eclipse/jetty/jetty-io/9.3.24.v20180605/jetty-io-9.3.24.v20180605.jar:/home/user/.m2/repository/org/eclipse/jetty/jetty-webapp/9.3.24.v20180605/jetty-webapp-9.3.24.v20180605.jar:/home/user/.m2/repository/org/eclipse/jetty/jetty-xml/9.3.24.v20180605/jetty-xml-9.3.24.v20180605.jar:/home/user/.m2/repository/log4j/log4j/1.2.17/log4j-1.2.17.jar:/home/user/.m2/repository/org/slf4j/slf4j-api/1.7.25/slf4j-api-1.7.25.jar:/home/user/.m2/repository/org/slf4j/jul-to-slf4j/1.7.25/jul-to-slf4j-1.7.25.jar:/home/user/.m2/repository/org/eclipse/jetty/jetty-util/9.3.24.v20180605/jetty-util-9.3.24.v20180605.jar:/home/user/.m2/repository/com/fasterxml/jackson/core/jackson-databind/2.9.5/jackson-databind-2.9.5.jar:/home/user/.m2/repository/org/apache/hadoop/hadoop-kms/3.2.0/hadoop-kms-3.2.0-tests.jar:/home/user/.m2/repository/org/apache/hadoop/hadoop-hdds-server-scm/0.5.0-SNAPSHOT/hadoop-hdds-server-scm-0.5.0-SNAPSHOT-tests.jar:/home/user/.m2/repository/org/apache/hadoop/hadoop-hdds-container-service/0.5.0-SNAPSHOT/hadoop-hdds-container-service-0.5.0-SNAPSHOT-tests.jar:/home/user/.m2/repository/org/yaml/snakeyaml/1.16/snakeyaml-1.16.jar:/home/user/.m2/repository/org/apache/hadoop/hadoop-common/3.2.0/hadoop-common-3.2.0-tests.jar:/home/user/.m2/repository/org/apache/hadoop/hadoop-annotations/3.2.0/hadoop-annotations-3.2.0.jar:/usr/lib/jvm/java-1.8-openjdk/jre/../lib/tools.jar:/home/user/.m2/repository/commons-cli/commons-cli/1.2/commons-cli-1.2.jar:/home/user/.m2/repository/org/apache/httpcomponents/httpclient/4.5.2/httpclient-4.5.2.jar:/home/user/.m2/repository/org/apache/httpcomponents/httpcore/4.4.4/httpcore-4.4.4.jar:/home/user/.m2/repository/commons-codec/commons-codec/1.11/commons-codec-1.11.jar:/home/user/.m2/repository/commons-net/commons-net/3.6/commons-net-3.6.jar:/home/user/.m2/repository/commons-collections/commons-collections/3.2.2/commons-collections-3.2.2.jar:/home/user/.m2/repository/org/eclipse/jetty/jetty-servlet/9.3.24.v20180605/jetty-servlet-9.3.24.v20180605.jar:/home/user/.m2/repository/org/eclipse/jetty/jetty-security/9.3.24.v20180605/jetty-security-9.3.24.v20180605.jar:/home/user/.m2/repository/javax/servlet/jsp/jsp-api/2.1/jsp-api-2.1.jar:/home/user/.m2/repository/com/sun/jersey/jersey-servlet/1.19/jersey-servlet-1.19.jar:/home/user/.m2/repository/com/sun/jersey/jersey-json/1.19/jersey-json-1.19.jar:/home/user/.m2/repository/org/codehaus/jettison/jettison/1.1/jettison-1.1.jar:/home/user/.m2/repository/org/codehaus/jackson/jackson-core-asl/1.9.13/jackson-core-asl-1.9.13.jar:/home/user/.m2/repository/org/codehaus/jackson/jackson-mapper-asl/1.9.13/jackson-mapper-asl-1.9.13.jar:/home/user/.m2/repository/org/codehaus/jackson/jackson-jaxrs/1.9.13/jackson-jaxrs-1.9.13.jar:/home/user/.m2/repository/org/codehaus/jackson/jackson-xc/1.9.13/jackson-xc-1.9.13.jar:/home/user/.m2/repository/commons-logging/commons-logging/1.1.3/commons-logging-1.1.3.jar:/home/user/.m2/repository/commons-beanutils/commons-beanutils/1.9.3/commons-beanutils-1.9.3.jar:/home/user/.m2/repository/org/apache/commons/commons-configuration2/2.1.1/commons-configuration2-2.1.1.jar:/home/user/.m2/repository/org/apache/commons/commons-lang3/3.7/commons-lang3-3.7.jar:/home/user/.m2/repository/org/apache/commons/commons-text/1.4/commons-text-1.4.jar:/home/user/.m2/repository/org/apache/avro/avro/1.7.7/avro-1.7.7.jar:/home/user/.m2/repository/com/thoughtworks/paranamer/paranamer/2.3/paranamer-2.3.jar:/home/user/.m2/repository/org/xerial/snappy/snappy-java/1.0.5/snappy-java-1.0.5.jar:/home/user/.m2/repository/com/google/re2j/re2j/1.1/re2j-1.1.jar:/home/user/.m2/repository/com/google/code/gson/gson/2.2.4/gson-2.2.4.jar:/home/user/.m2/repository/com/jcraft/jsch/0.1.54/jsch-0.1.54.jar:/home/user/.m2/repository/org/apache/curator/curator-client/2.12.0/curator-client-2.12.0.jar:/home/user/.m2/repository/org/apache/curator/curator-recipes/2.12.0/curator-recipes-2.12.0.jar:/home/user/.m2/repository/com/google/code/findbugs/jsr305/3.0.0/jsr305-3.0.0.jar:/home/user/.m2/repository/org/apache/htrace/htrace-core4/4.1.0-incubating/htrace-core4-4.1.0-incubating.jar:/home/user/.m2/repository/org/apache/zookeeper/zookeeper/3.4.13/zookeeper-3.4.13.jar:/home/user/.m2/repository/org/apache/yetus/audience-annotations/0.5.0/audience-annotations-0.5.0.jar:/home/user/.m2/repository/org/codehaus/woodstox/stax2-api/3.1.4/stax2-api-3.1.4.jar:/home/user/.m2/repository/com/fasterxml/woodstox/woodstox-core/5.0.3/woodstox-core-5.0.3.jar:/home/user/.m2/repository/dnsjava/dnsjava/2.1.7/dnsjava-2.1.7.jar:/home/user/.m2/repository/org/apache/hadoop/hadoop-hdfs/3.2.0/hadoop-hdfs-3.2.0-tests.jar:/home/user/.m2/repository/org/eclipse/jetty/jetty-util-ajax/9.3.24.v20180605/jetty-util-ajax-9.3.24.v20180605.jar:/home/user/.m2/repository/commons-daemon/commons-daemon/1.0.13/commons-daemon-1.0.13.jar:/home/user/.m2/repository/io/netty/netty/3.10.5.Final/netty-3.10.5.Final.jar:/home/user/.m2/repository/io/netty/netty-all/4.0.52.Final/netty-all-4.0.52.Final.jar:/home/user/.m2/repository/org/fusesource/leveldbjni/leveldbjni-all/1.8/leveldbjni-all-1.8.jar:"/>
    <property name="java.vm.vendor" value="IcedTea"/>
    <property name="sun.arch.data.model" value="64"/>
    <property name="test.build.dir" value="/workdir/hadoop-ozone/integration-test/target/test-dir"/>
    <property name="test.cache.data" value=""/>
    <property name="java.vendor.url" value="https://icedtea.classpath.org"/>
    <property name="user.timezone" value=""/>
    <property name="java.vm.specification.version" value="1.8"/>
    <property name="os.name" value="Linux"/>
    <property name="test.build.data" value="/workdir/hadoop-ozone/integration-test/target/test-dir"/>
    <property name="user.country" value="US"/>
    <property name="sun.java.launcher" value="SUN_STANDARD"/>
    <property name="sun.boot.library.path" value="/usr/lib/jvm/java-1.8-openjdk/jre/lib/amd64"/>
    <property name="sun.java.command" value="/workdir/hadoop-ozone/integration-test/target/surefire/surefirebooter7634281324831391072.jar /workdir/hadoop-ozone/integration-test/target/surefire 2019-08-23T08-31-36_134-jvmRun1 surefire5823483438216046307tmp surefire_186288307107898113498tmp"/>
    <property name="test" value="!TestMiniChaosOzoneCluster"/>
    <property name="surefire.test.class.path" value="/workdir/hadoop-ozone/integration-test/target/test-classes:/workdir/hadoop-ozone/integration-test/target/classes:/home/user/.m2/repository/org/apache/hadoop/hadoop-ozone-common/0.5.0-SNAPSHOT/hadoop-ozone-common-0.5.0-SNAPSHOT.jar:/home/user/.m2/repository/org/apache/commons/commons-compress/1.4.1/commons-compress-1.4.1.jar:/home/user/.m2/repository/org/tukaani/xz/1.0/xz-1.0.jar:/home/user/.m2/repository/org/apache/hadoop/hadoop-common/3.2.0/hadoop-common-3.2.0.jar:/home/user/.m2/repository/org/apache/hadoop/hadoop-hdfs/3.2.0/hadoop-hdfs-3.2.0.jar:/home/user/.m2/repository/org/apache/hadoop/hadoop-hdfs-client/3.2.0/hadoop-hdfs-client-3.2.0.jar:/home/user/.m2/repository/com/fasterxml/jackson/core/jackson-annotations/2.9.5/jackson-annotations-2.9.5.jar:/home/user/.m2/repository/org/apache/hadoop/hadoop-hdds-common/0.5.0-SNAPSHOT/hadoop-hdds-common-0.5.0-SNAPSHOT.jar:/home/user/.m2/repository/javax/annotation/javax.annotation-api/1.2/javax.annotation-api-1.2.jar:/home/user/.m2/repository/org/apache/ratis/ratis-server/0.4.0-2337318-SNAPSHOT/ratis-server-0.4.0-2337318-SNAPSHOT.jar:/home/user/.m2/repository/org/apache/ratis/ratis-thirdparty-misc/0.2.0/ratis-thirdparty-misc-0.2.0.jar:/home/user/.m2/repository/org/apache/ratis/ratis-proto/0.4.0-2337318-SNAPSHOT/ratis-proto-0.4.0-2337318-SNAPSHOT.jar:/home/user/.m2/repository/org/apache/ratis/ratis-common/0.4.0-2337318-SNAPSHOT/ratis-common-0.4.0-2337318-SNAPSHOT.jar:/home/user/.m2/repository/org/apache/ratis/ratis-client/0.4.0-2337318-SNAPSHOT/ratis-client-0.4.0-2337318-SNAPSHOT.jar:/home/user/.m2/repository/org/apache/ratis/ratis-metrics/0.4.0-2337318-SNAPSHOT/ratis-metrics-0.4.0-2337318-SNAPSHOT.jar:/home/user/.m2/repository/org/apache/ratis/ratis-netty/0.4.0-2337318-SNAPSHOT/ratis-netty-0.4.0-2337318-SNAPSHOT.jar:/home/user/.m2/repository/org/apache/ratis/ratis-grpc/0.4.0-2337318-SNAPSHOT/ratis-grpc-0.4.0-2337318-SNAPSHOT.jar:/home/user/.m2/repository/org/rocksdb/rocksdbjni/6.0.1/rocksdbjni-6.0.1.jar:/home/user/.m2/repository/org/apache/logging/log4j/log4j-api/2.11.0/log4j-api-2.11.0.jar:/home/user/.m2/repository/org/apache/logging/log4j/log4j-core/2.11.0/log4j-core-2.11.0.jar:/home/user/.m2/repository/com/lmax/disruptor/3.4.2/disruptor-3.4.2.jar:/home/user/.m2/repository/org/apache/commons/commons-pool2/2.6.0/commons-pool2-2.6.0.jar:/home/user/.m2/repository/org/bouncycastle/bcpkix-jdk15on/1.60/bcpkix-jdk15on-1.60.jar:/home/user/.m2/repository/commons-validator/commons-validator/1.6/commons-validator-1.6.jar:/home/user/.m2/repository/commons-digester/commons-digester/1.8.1/commons-digester-1.8.1.jar:/home/user/.m2/repository/io/jaegertracing/jaeger-client/0.33.1/jaeger-client-0.33.1.jar:/home/user/.m2/repository/io/jaegertracing/jaeger-thrift/0.33.1/jaeger-thrift-0.33.1.jar:/home/user/.m2/repository/org/apache/thrift/libthrift/0.11.0/libthrift-0.11.0.jar:/home/user/.m2/repository/com/squareup/okhttp3/okhttp/3.9.0/okhttp-3.9.0.jar:/home/user/.m2/repository/com/squareup/okio/okio/1.13.0/okio-1.13.0.jar:/home/user/.m2/repository/io/jaegertracing/jaeger-core/0.33.1/jaeger-core-0.33.1.jar:/home/user/.m2/repository/io/jaegertracing/jaeger-tracerresolver/0.33.1/jaeger-tracerresolver-0.33.1.jar:/home/user/.m2/repository/io/opentracing/contrib/opentracing-tracerresolver/0.1.5/opentracing-tracerresolver-0.1.5.jar:/home/user/.m2/repository/io/opentracing/opentracing-util/0.31.0/opentracing-util-0.31.0.jar:/home/user/.m2/repository/io/opentracing/opentracing-api/0.31.0/opentracing-api-0.31.0.jar:/home/user/.m2/repository/io/opentracing/opentracing-noop/0.31.0/opentracing-noop-0.31.0.jar:/home/user/.m2/repository/org/apache/hadoop/hadoop-hdds-server-framework/0.5.0-SNAPSHOT/hadoop-hdds-server-framework-0.5.0-SNAPSHOT.jar:/home/user/.m2/repository/org/apache/hadoop/hadoop-hdds-container-service/0.5.0-SNAPSHOT/hadoop-hdds-container-service-0.5.0-SNAPSHOT.jar:/home/user/.m2/repository/org/apache/hadoop/hadoop-hdds-client/0.5.0-SNAPSHOT/hadoop-hdds-client-0.5.0-SNAPSHOT.jar:/home/user/.m2/repository/org/apache/hadoop/hadoop-hdds-tools/0.5.0-SNAPSHOT/hadoop-hdds-tools-0.5.0-SNAPSHOT.jar:/home/user/.m2/repository/org/apache/hadoop/hadoop-hdds-server-scm/0.5.0-SNAPSHOT/hadoop-hdds-server-scm-0.5.0-SNAPSHOT.jar:/home/user/.m2/repository/org/apache/hadoop/hadoop-hdds-docs/0.5.0-SNAPSHOT/hadoop-hdds-docs-0.5.0-SNAPSHOT.jar:/home/user/.m2/repository/io/dropwizard/metrics/metrics-core/3.2.4/metrics-core-3.2.4.jar:/home/user/.m2/repository/org/hamcrest/hamcrest-all/1.3/hamcrest-all-1.3.jar:/home/user/.m2/repository/org/bouncycastle/bcprov-jdk15on/1.60/bcprov-jdk15on-1.60.jar:/home/user/.m2/repository/info/picocli/picocli/3.9.6/picocli-3.9.6.jar:/home/user/.m2/repository/com/google/protobuf/protobuf-java/2.5.0/protobuf-java-2.5.0.jar:/home/user/.m2/repository/com/google/guava/guava/11.0.2/guava-11.0.2.jar:/home/user/.m2/repository/org/apache/hadoop/hadoop-ozone-ozone-manager/0.5.0-SNAPSHOT/hadoop-ozone-ozone-manager-0.5.0-SNAPSHOT.jar:/home/user/.m2/repository/org/apache/hadoop/hadoop-minikdc/3.2.0/hadoop-minikdc-3.2.0.jar:/home/user/.m2/repository/commons-io/commons-io/2.5/commons-io-2.5.jar:/home/user/.m2/repository/org/apache/kerby/kerb-simplekdc/1.0.1/kerb-simplekdc-1.0.1.jar:/home/user/.m2/repository/org/apache/kerby/kerb-client/1.0.1/kerb-client-1.0.1.jar:/home/user/.m2/repository/org/apache/kerby/kerby-config/1.0.1/kerby-config-1.0.1.jar:/home/user/.m2/repository/org/apache/kerby/kerb-core/1.0.1/kerb-core-1.0.1.jar:/home/user/.m2/repository/org/apache/kerby/kerby-pkix/1.0.1/kerby-pkix-1.0.1.jar:/home/user/.m2/repository/org/apache/kerby/kerby-asn1/1.0.1/kerby-asn1-1.0.1.jar:/home/user/.m2/repository/org/apache/kerby/kerby-util/1.0.1/kerby-util-1.0.1.jar:/home/user/.m2/repository/org/apache/kerby/kerb-common/1.0.1/kerb-common-1.0.1.jar:/home/user/.m2/repository/org/apache/kerby/kerb-crypto/1.0.1/kerb-crypto-1.0.1.jar:/home/user/.m2/repository/org/apache/kerby/kerb-util/1.0.1/kerb-util-1.0.1.jar:/home/user/.m2/repository/org/apache/kerby/token-provider/1.0.1/token-provider-1.0.1.jar:/home/user/.m2/repository/org/apache/kerby/kerb-admin/1.0.1/kerb-admin-1.0.1.jar:/home/user/.m2/repository/org/apache/kerby/kerb-server/1.0.1/kerb-server-1.0.1.jar:/home/user/.m2/repository/org/apache/kerby/kerb-identity/1.0.1/kerb-identity-1.0.1.jar:/home/user/.m2/repository/org/apache/kerby/kerby-xdr/1.0.1/kerby-xdr-1.0.1.jar:/home/user/.m2/repository/org/slf4j/slf4j-log4j12/1.7.25/slf4j-log4j12-1.7.25.jar:/home/user/.m2/repository/org/apache/hadoop/hadoop-ozone-objectstore-service/0.5.0-SNAPSHOT/hadoop-ozone-objectstore-service-0.5.0-SNAPSHOT.jar:/home/user/.m2/repository/org/apache/hadoop/hadoop-ozone-s3gateway/0.5.0-SNAPSHOT/hadoop-ozone-s3gateway-0.5.0-SNAPSHOT.jar:/home/user/.m2/repository/org/jboss/weld/servlet/weld-servlet/2.4.7.Final/weld-servlet-2.4.7.Final.jar:/home/user/.m2/repository/org/glassfish/jersey/containers/jersey-container-servlet-core/2.27/jersey-container-servlet-core-2.27.jar:/home/user/.m2/repository/org/glassfish/hk2/external/javax.inject/2.5.0-b42/javax.inject-2.5.0-b42.jar:/home/user/.m2/repository/org/glassfish/jersey/core/jersey-common/2.27/jersey-common-2.27.jar:/home/user/.m2/repository/org/glassfish/hk2/osgi-resource-locator/1.0.1/osgi-resource-locator-1.0.1.jar:/home/user/.m2/repository/javax/ws/rs/javax.ws.rs-api/2.1/javax.ws.rs-api-2.1.jar:/home/user/.m2/repository/org/glassfish/jersey/ext/cdi/jersey-cdi1x/2.27/jersey-cdi1x-2.27.jar:/home/user/.m2/repository/org/glassfish/jersey/inject/jersey-hk2/2.27/jersey-hk2-2.27.jar:/home/user/.m2/repository/org/glassfish/hk2/hk2-locator/2.5.0-b42/hk2-locator-2.5.0-b42.jar:/home/user/.m2/repository/org/javassist/javassist/3.22.0-CR2/javassist-3.22.0-CR2.jar:/home/user/.m2/repository/org/glassfish/hk2/hk2-api/2.5.0/hk2-api-2.5.0.jar:/home/user/.m2/repository/org/glassfish/hk2/external/jakarta.inject/2.5.0/jakarta.inject-2.5.0.jar:/home/user/.m2/repository/org/glassfish/hk2/hk2-utils/2.5.0/hk2-utils-2.5.0.jar:/home/user/.m2/repository/jakarta/annotation/jakarta.annotation-api/1.3.4/jakarta.annotation-api-1.3.4.jar:/home/user/.m2/repository/org/glassfish/hk2/external/aopalliance-repackaged/2.5.0/aopalliance-repackaged-2.5.0.jar:/home/user/.m2/repository/com/fasterxml/jackson/dataformat/jackson-dataformat-xml/2.9.0/jackson-dataformat-xml-2.9.0.jar:/home/user/.m2/repository/com/fasterxml/jackson/core/jackson-core/2.9.5/jackson-core-2.9.5.jar:/home/user/.m2/repository/com/fasterxml/jackson/module/jackson-module-jaxb-annotations/2.9.5/jackson-module-jaxb-annotations-2.9.5.jar:/home/user/.m2/repository/javax/enterprise/cdi-api/1.2/cdi-api-1.2.jar:/home/user/.m2/repository/javax/el/javax.el-api/3.0.0/javax.el-api-3.0.0.jar:/home/user/.m2/repository/javax/interceptor/javax.interceptor-api/1.2/javax.interceptor-api-1.2.jar:/home/user/.m2/repository/javax/inject/javax.inject/1/javax.inject-1.jar:/home/user/.m2/repository/com/sun/xml/bind/jaxb-impl/2.3.0.1/jaxb-impl-2.3.0.1.jar:/home/user/.m2/repository/com/sun/xml/bind/jaxb-core/2.3.0.1/jaxb-core-2.3.0.1.jar:/home/user/.m2/repository/javax/xml/bind/jaxb-api/2.3.0/jaxb-api-2.3.0.jar:/home/user/.m2/repository/javax/activation/activation/1.1.1/activation-1.1.1.jar:/home/user/.m2/repository/org/apache/hadoop/hadoop-ozone-csi/0.5.0-SNAPSHOT/hadoop-ozone-csi-0.5.0-SNAPSHOT.jar:/home/user/.m2/repository/com/google/protobuf/protobuf-java-util/3.5.1/protobuf-java-util-3.5.1.jar:/home/user/.m2/repository/org/apache/hadoop/hadoop-hdds-config/0.5.0-SNAPSHOT/hadoop-hdds-config-0.5.0-SNAPSHOT.jar:/home/user/.m2/repository/io/grpc/grpc-netty/1.17.1/grpc-netty-1.17.1.jar:/home/user/.m2/repository/io/grpc/grpc-core/1.17.1/grpc-core-1.17.1.jar:/home/user/.m2/repository/io/grpc/grpc-context/1.17.1/grpc-context-1.17.1.jar:/home/user/.m2/repository/com/google/errorprone/error_prone_annotations/2.2.0/error_prone_annotations-2.2.0.jar:/home/user/.m2/repository/org/codehaus/mojo/animal-sniffer-annotations/1.17/animal-sniffer-annotations-1.17.jar:/home/user/.m2/repository/io/opencensus/opencensus-api/0.17.0/opencensus-api-0.17.0.jar:/home/user/.m2/repository/io/opencensus/opencensus-contrib-grpc-metrics/0.17.0/opencensus-contrib-grpc-metrics-0.17.0.jar:/home/user/.m2/repository/io/netty/netty-codec-http2/4.1.30.Final/netty-codec-http2-4.1.30.Final.jar:/home/user/.m2/repository/io/netty/netty-codec-http/4.1.30.Final/netty-codec-http-4.1.30.Final.jar:/home/user/.m2/repository/io/netty/netty-codec/4.1.30.Final/netty-codec-4.1.30.Final.jar:/home/user/.m2/repository/io/netty/netty-handler/4.1.30.Final/netty-handler-4.1.30.Final.jar:/home/user/.m2/repository/io/netty/netty-handler-proxy/4.1.30.Final/netty-handler-proxy-4.1.30.Final.jar:/home/user/.m2/repository/io/netty/netty-codec-socks/4.1.30.Final/netty-codec-socks-4.1.30.Final.jar:/home/user/.m2/repository/io/netty/netty-transport-native-epoll/4.1.30.Final/netty-transport-native-epoll-4.1.30.Final.jar:/home/user/.m2/repository/io/netty/netty-common/4.1.30.Final/netty-common-4.1.30.Final.jar:/home/user/.m2/repository/io/netty/netty-buffer/4.1.30.Final/netty-buffer-4.1.30.Final.jar:/home/user/.m2/repository/io/netty/netty-transport/4.1.30.Final/netty-transport-4.1.30.Final.jar:/home/user/.m2/repository/io/netty/netty-resolver/4.1.30.Final/netty-resolver-4.1.30.Final.jar:/home/user/.m2/repository/io/netty/netty-transport-native-unix-common/4.1.30.Final/netty-transport-native-unix-common-4.1.30.Final.jar:/home/user/.m2/repository/io/grpc/grpc-protobuf/1.17.1/grpc-protobuf-1.17.1.jar:/home/user/.m2/repository/com/google/api/grpc/proto-google-common-protos/1.0.0/proto-google-common-protos-1.0.0.jar:/home/user/.m2/repository/io/grpc/grpc-protobuf-lite/1.17.1/grpc-protobuf-lite-1.17.1.jar:/home/user/.m2/repository/io/grpc/grpc-stub/1.17.1/grpc-stub-1.17.1.jar:/home/user/.m2/repository/org/apache/hadoop/hadoop-ozone-recon/0.5.0-SNAPSHOT/hadoop-ozone-recon-0.5.0-SNAPSHOT.jar:/home/user/.m2/repository/org/apache/hadoop/hadoop-ozone-reconcodegen/0.5.0-SNAPSHOT/hadoop-ozone-reconcodegen-0.5.0-SNAPSHOT.jar:/home/user/.m2/repository/com/google/inject/extensions/guice-multibindings/4.0/guice-multibindings-4.0.jar:/home/user/.m2/repository/com/google/inject/guice/4.0/guice-4.0.jar:/home/user/.m2/repository/aopalliance/aopalliance/1.0/aopalliance-1.0.jar:/home/user/.m2/repository/com/google/inject/extensions/guice-servlet/4.0/guice-servlet-4.0.jar:/home/user/.m2/repository/org/glassfish/jersey/containers/jersey-container-servlet/2.27/jersey-container-servlet-2.27.jar:/home/user/.m2/repository/org/glassfish/hk2/guice-bridge/2.5.0/guice-bridge-2.5.0.jar:/home/user/.m2/repository/org/glassfish/jersey/core/jersey-server/2.27/jersey-server-2.27.jar:/home/user/.m2/repository/org/glassfish/jersey/core/jersey-client/2.27/jersey-client-2.27.jar:/home/user/.m2/repository/org/glassfish/jersey/media/jersey-media-jaxb/2.27/jersey-media-jaxb-2.27.jar:/home/user/.m2/repository/javax/validation/validation-api/1.1.0.Final/validation-api-1.1.0.Final.jar:/home/user/.m2/repository/org/glassfish/jersey/media/jersey-media-json-jackson/2.27/jersey-media-json-jackson-2.27.jar:/home/user/.m2/repository/org/glassfish/jersey/ext/jersey-entity-filtering/2.27/jersey-entity-filtering-2.27.jar:/home/user/.m2/repository/com/google/inject/extensions/guice-assistedinject/4.0/guice-assistedinject-4.0.jar:/home/user/.m2/repository/org/jooq/jooq/3.11.10/jooq-3.11.10.jar:/home/user/.m2/repository/org/jooq/jooq-meta/3.11.10/jooq-meta-3.11.10.jar:/home/user/.m2/repository/org/jooq/jooq-codegen/3.11.10/jooq-codegen-3.11.10.jar:/home/user/.m2/repository/com/jolbox/bonecp/0.8.0.RELEASE/bonecp-0.8.0.RELEASE.jar:/home/user/.m2/repository/org/xerial/sqlite-jdbc/3.25.2/sqlite-jdbc-3.25.2.jar:/home/user/.m2/repository/org/springframework/spring-jdbc/5.1.3.RELEASE/spring-jdbc-5.1.3.RELEASE.jar:/home/user/.m2/repository/org/springframework/spring-beans/5.1.3.RELEASE/spring-beans-5.1.3.RELEASE.jar:/home/user/.m2/repository/org/springframework/spring-core/5.1.3.RELEASE/spring-core-5.1.3.RELEASE.jar:/home/user/.m2/repository/org/springframework/spring-jcl/5.1.3.RELEASE/spring-jcl-5.1.3.RELEASE.jar:/home/user/.m2/repository/org/springframework/spring-tx/5.1.3.RELEASE/spring-tx-5.1.3.RELEASE.jar:/home/user/.m2/repository/org/apache/hadoop/hadoop-ozone-client/0.5.0-SNAPSHOT/hadoop-ozone-client-0.5.0-SNAPSHOT.jar:/home/user/.m2/repository/commons-lang/commons-lang/2.6/commons-lang-2.6.jar:/home/user/.m2/repository/org/apache/hadoop/hadoop-ozone-ozone-manager/0.5.0-SNAPSHOT/hadoop-ozone-ozone-manager-0.5.0-SNAPSHOT-tests.jar:/home/user/.m2/repository/junit/junit/4.11/junit-4.11.jar:/home/user/.m2/repository/org/hamcrest/hamcrest-core/1.3/hamcrest-core-1.3.jar:/home/user/.m2/repository/org/openjdk/jmh/jmh-core/1.19/jmh-core-1.19.jar:/home/user/.m2/repository/net/sf/jopt-simple/jopt-simple/4.6/jopt-simple-4.6.jar:/home/user/.m2/repository/org/apache/commons/commons-math3/3.1.1/commons-math3-3.1.1.jar:/home/user/.m2/repository/org/openjdk/jmh/jmh-generator-annprocess/1.19/jmh-generator-annprocess-1.19.jar:/home/user/.m2/repository/org/mockito/mockito-all/1.8.5/mockito-all-1.8.5.jar:/home/user/.m2/repository/org/apache/hadoop/hadoop-kms/3.2.0/hadoop-kms-3.2.0.jar:/home/user/.m2/repository/org/apache/hadoop/hadoop-auth/3.2.0/hadoop-auth-3.2.0.jar:/home/user/.m2/repository/com/nimbusds/nimbus-jose-jwt/4.41.1/nimbus-jose-jwt-4.41.1.jar:/home/user/.m2/repository/com/github/stephenc/jcip/jcip-annotations/1.0-1/jcip-annotations-1.0-1.jar:/home/user/.m2/repository/net/minidev/json-smart/2.3/json-smart-2.3.jar:/home/user/.m2/repository/net/minidev/accessors-smart/1.2/accessors-smart-1.2.jar:/home/user/.m2/repository/org/ow2/asm/asm/5.0.4/asm-5.0.4.jar:/home/user/.m2/repository/org/apache/curator/curator-framework/2.12.0/curator-framework-2.12.0.jar:/home/user/.m2/repository/com/sun/jersey/jersey-core/1.19/jersey-core-1.19.jar:/home/user/.m2/repository/javax/ws/rs/jsr311-api/1.1.1/jsr311-api-1.1.1.jar:/home/user/.m2/repository/com/sun/jersey/jersey-server/1.19/jersey-server-1.19.jar:/home/user/.m2/repository/javax/servlet/javax.servlet-api/3.1.0/javax.servlet-api-3.1.0.jar:/home/user/.m2/repository/org/eclipse/jetty/jetty-server/9.3.24.v20180605/jetty-server-9.3.24.v20180605.jar:/home/user/.m2/repository/org/eclipse/jetty/jetty-http/9.3.24.v20180605/jetty-http-9.3.24.v20180605.jar:/home/user/.m2/repository/org/eclipse/jetty/jetty-io/9.3.24.v20180605/jetty-io-9.3.24.v20180605.jar:/home/user/.m2/repository/org/eclipse/jetty/jetty-webapp/9.3.24.v20180605/jetty-webapp-9.3.24.v20180605.jar:/home/user/.m2/repository/org/eclipse/jetty/jetty-xml/9.3.24.v20180605/jetty-xml-9.3.24.v20180605.jar:/home/user/.m2/repository/log4j/log4j/1.2.17/log4j-1.2.17.jar:/home/user/.m2/repository/org/slf4j/slf4j-api/1.7.25/slf4j-api-1.7.25.jar:/home/user/.m2/repository/org/slf4j/jul-to-slf4j/1.7.25/jul-to-slf4j-1.7.25.jar:/home/user/.m2/repository/org/eclipse/jetty/jetty-util/9.3.24.v20180605/jetty-util-9.3.24.v20180605.jar:/home/user/.m2/repository/com/fasterxml/jackson/core/jackson-databind/2.9.5/jackson-databind-2.9.5.jar:/home/user/.m2/repository/org/apache/hadoop/hadoop-kms/3.2.0/hadoop-kms-3.2.0-tests.jar:/home/user/.m2/repository/org/apache/hadoop/hadoop-hdds-server-scm/0.5.0-SNAPSHOT/hadoop-hdds-server-scm-0.5.0-SNAPSHOT-tests.jar:/home/user/.m2/repository/org/apache/hadoop/hadoop-hdds-container-service/0.5.0-SNAPSHOT/hadoop-hdds-container-service-0.5.0-SNAPSHOT-tests.jar:/home/user/.m2/repository/org/yaml/snakeyaml/1.16/snakeyaml-1.16.jar:/home/user/.m2/repository/org/apache/hadoop/hadoop-common/3.2.0/hadoop-common-3.2.0-tests.jar:/home/user/.m2/repository/org/apache/hadoop/hadoop-annotations/3.2.0/hadoop-annotations-3.2.0.jar:/usr/lib/jvm/java-1.8-openjdk/jre/../lib/tools.jar:/home/user/.m2/repository/commons-cli/commons-cli/1.2/commons-cli-1.2.jar:/home/user/.m2/repository/org/apache/httpcomponents/httpclient/4.5.2/httpclient-4.5.2.jar:/home/user/.m2/repository/org/apache/httpcomponents/httpcore/4.4.4/httpcore-4.4.4.jar:/home/user/.m2/repository/commons-codec/commons-codec/1.11/commons-codec-1.11.jar:/home/user/.m2/repository/commons-net/commons-net/3.6/commons-net-3.6.jar:/home/user/.m2/repository/commons-collections/commons-collections/3.2.2/commons-collections-3.2.2.jar:/home/user/.m2/repository/org/eclipse/jetty/jetty-servlet/9.3.24.v20180605/jetty-servlet-9.3.24.v20180605.jar:/home/user/.m2/repository/org/eclipse/jetty/jetty-security/9.3.24.v20180605/jetty-security-9.3.24.v20180605.jar:/home/user/.m2/repository/javax/servlet/jsp/jsp-api/2.1/jsp-api-2.1.jar:/home/user/.m2/repository/com/sun/jersey/jersey-servlet/1.19/jersey-servlet-1.19.jar:/home/user/.m2/repository/com/sun/jersey/jersey-json/1.19/jersey-json-1.19.jar:/home/user/.m2/repository/org/codehaus/jettison/jettison/1.1/jettison-1.1.jar:/home/user/.m2/repository/org/codehaus/jackson/jackson-core-asl/1.9.13/jackson-core-asl-1.9.13.jar:/home/user/.m2/repository/org/codehaus/jackson/jackson-mapper-asl/1.9.13/jackson-mapper-asl-1.9.13.jar:/home/user/.m2/repository/org/codehaus/jackson/jackson-jaxrs/1.9.13/jackson-jaxrs-1.9.13.jar:/home/user/.m2/repository/org/codehaus/jackson/jackson-xc/1.9.13/jackson-xc-1.9.13.jar:/home/user/.m2/repository/commons-logging/commons-logging/1.1.3/commons-logging-1.1.3.jar:/home/user/.m2/repository/commons-beanutils/commons-beanutils/1.9.3/commons-beanutils-1.9.3.jar:/home/user/.m2/repository/org/apache/commons/commons-configuration2/2.1.1/commons-configuration2-2.1.1.jar:/home/user/.m2/repository/org/apache/commons/commons-lang3/3.7/commons-lang3-3.7.jar:/home/user/.m2/repository/org/apache/commons/commons-text/1.4/commons-text-1.4.jar:/home/user/.m2/repository/org/apache/avro/avro/1.7.7/avro-1.7.7.jar:/home/user/.m2/repository/com/thoughtworks/paranamer/paranamer/2.3/paranamer-2.3.jar:/home/user/.m2/repository/org/xerial/snappy/snappy-java/1.0.5/snappy-java-1.0.5.jar:/home/user/.m2/repository/com/google/re2j/re2j/1.1/re2j-1.1.jar:/home/user/.m2/repository/com/google/code/gson/gson/2.2.4/gson-2.2.4.jar:/home/user/.m2/repository/com/jcraft/jsch/0.1.54/jsch-0.1.54.jar:/home/user/.m2/repository/org/apache/curator/curator-client/2.12.0/curator-client-2.12.0.jar:/home/user/.m2/repository/org/apache/curator/curator-recipes/2.12.0/curator-recipes-2.12.0.jar:/home/user/.m2/repository/com/google/code/findbugs/jsr305/3.0.0/jsr305-3.0.0.jar:/home/user/.m2/repository/org/apache/htrace/htrace-core4/4.1.0-incubating/htrace-core4-4.1.0-incubating.jar:/home/user/.m2/repository/org/apache/zookeeper/zookeeper/3.4.13/zookeeper-3.4.13.jar:/home/user/.m2/repository/org/apache/yetus/audience-annotations/0.5.0/audience-annotations-0.5.0.jar:/home/user/.m2/repository/org/codehaus/woodstox/stax2-api/3.1.4/stax2-api-3.1.4.jar:/home/user/.m2/repository/com/fasterxml/woodstox/woodstox-core/5.0.3/woodstox-core-5.0.3.jar:/home/user/.m2/repository/dnsjava/dnsjava/2.1.7/dnsjava-2.1.7.jar:/home/user/.m2/repository/org/apache/hadoop/hadoop-hdfs/3.2.0/hadoop-hdfs-3.2.0-tests.jar:/home/user/.m2/repository/org/eclipse/jetty/jetty-util-ajax/9.3.24.v20180605/jetty-util-ajax-9.3.24.v20180605.jar:/home/user/.m2/repository/commons-daemon/commons-daemon/1.0.13/commons-daemon-1.0.13.jar:/home/user/.m2/repository/io/netty/netty/3.10.5.Final/netty-3.10.5.Final.jar:/home/user/.m2/repository/io/netty/netty-all/4.0.52.Final/netty-all-4.0.52.Final.jar:/home/user/.m2/repository/org/fusesource/leveldbjni/leveldbjni-all/1.8/leveldbjni-all-1.8.jar:"/>
    <property name="sun.cpu.endian" value="little"/>
    <property name="user.home" value="/home/user"/>
    <property name="user.language" value="en"/>
    <property name="java.specification.vendor" value="Oracle Corporation"/>
    <property name="java.home" value="/usr/lib/jvm/java-1.8-openjdk/jre"/>
    <property name="java.security.krb5.conf" value="/workdir/hadoop-ozone/integration-test/target/test-classes/krb5.conf"/>
    <property name="basedir" value="/workdir/hadoop-ozone/integration-test"/>
    <property name="file.separator" value="/"/>
    <property name="line.separator" value="&#10;"/>
    <property name="java.vm.specification.vendor" value="Oracle Corporation"/>
    <property name="java.specification.name" value="Java Platform API Specification"/>
    <property name="java.awt.graphicsenv" value="sun.awt.X11GraphicsEnvironment"/>
    <property name="surefire.real.class.path" value="/workdir/hadoop-ozone/integration-test/target/surefire/surefirebooter7634281324831391072.jar"/>
    <property name="hadoop.log.dir" value="/workdir/hadoop-ozone/integration-test/target/log"/>
    <property name="sun.boot.class.path" value="/usr/lib/jvm/java-1.8-openjdk/jre/lib/resources.jar:/usr/lib/jvm/java-1.8-openjdk/jre/lib/rt.jar:/usr/lib/jvm/java-1.8-openjdk/jre/lib/sunrsasign.jar:/usr/lib/jvm/java-1.8-openjdk/jre/lib/jsse.jar:/usr/lib/jvm/java-1.8-openjdk/jre/lib/jce.jar:/usr/lib/jvm/java-1.8-openjdk/jre/lib/charsets.jar:/usr/lib/jvm/java-1.8-openjdk/jre/lib/jfr.jar:/usr/lib/jvm/java-1.8-openjdk/jre/classes"/>
    <property name="sun.management.compiler" value="HotSpot 64-Bit Tiered Compilers"/>
    <property name="java.runtime.version" value="1.8.0_212-b04"/>
    <property name="java.net.preferIPv4Stack" value="true"/>
    <property name="user.name" value="jenkins1000"/>
    <property name="path.separator" value=":"/>
    <property name="java.security.egd" value="file:///dev/urandom"/>
    <property name="os.version" value="3.10.0-957.12.2.el7.x86_64"/>
    <property name="java.endorsed.dirs" value="/usr/lib/jvm/java-1.8-openjdk/jre/lib/endorsed"/>
    <property name="java.runtime.name" value="OpenJDK Runtime Environment"/>
    <property name="file.encoding" value="UTF-8"/>
    <property name="java.vm.name" value="OpenJDK 64-Bit Server VM"/>
    <property name="test.build.webapps" value=""/>
    <property name="localRepository" value="/home/user/.m2/repository"/>
    <property name="java.vendor.url.bug" value="https://icedtea.classpath.org/bugzilla"/>
    <property name="java.io.tmpdir" value="/tmp"/>
    <property name="require.test.libhadoop" value=""/>
    <property name="java.version" value="1.8.0_212"/>
    <property name="user.dir" value="/workdir/hadoop-ozone/integration-test"/>
    <property name="os.arch" value="amd64"/>
    <property name="java.vm.specification.name" value="Java Virtual Machine Specification"/>
    <property name="test.build.classes" value="/workdir/hadoop-ozone/integration-test/target/test-classes"/>
    <property name="java.awt.printerjob" value="sun.print.PSPrinterJob"/>
    <property name="sun.os.patch.level" value="unknown"/>
    <property name="hadoop.tmp.dir" value="/workdir/hadoop-ozone/integration-test/target/tmp"/>
    <property name="java.library.path" value="/usr/lib/jvm/java-1.8-openjdk/jre/lib/amd64/server:/usr/lib/jvm/java-1.8-openjdk/jre/lib/amd64:/usr/lib/jvm/java-1.8-openjdk/jre/../lib/amd64:/workdir/hadoop-ozone/integration-test/target/native/target/usr/local/lib:/workdir/hadoop-ozone/integration-test/../../hadoop-common-project/hadoop-common/target/native/target/usr/local/lib:/usr/java/packages/lib/amd64:/usr/lib64:/lib64:/lib:/usr/lib"/>
    <property name="java.vm.info" value="mixed mode"/>
    <property name="java.vendor" value="IcedTea"/>
    <property name="java.vm.version" value="25.212-b04"/>
    <property name="java.ext.dirs" value="/usr/lib/jvm/java-1.8-openjdk/jre/lib/ext:/usr/java/packages/lib/ext"/>
    <property name="sun.io.unicode.encoding" value="UnicodeLittle"/>
    <property name="java.class.version" value="52.0"/>
  </properties>
  <testcase name="testWatchForCommitWithKeyWrite" classname="org.apache.hadoop.ozone.client.rpc.TestWatchForCommit" time="80.177"/>
  <testcase name="testWatchForCommitWithSmallerTimeoutValue" classname="org.apache.hadoop.ozone.client.rpc.TestWatchForCommit" time="27.641">
    <error message="org.apache.ratis.protocol.RaftRetryFailureException: Failed RaftClientRequest:client-B274DF0A3B7A-&gt;e7db1942-ce57-4ac0-b83a-1ab5d1f3726b@group-1232FC6AE750, cid=50, seq=1*, RW, org.apache.hadoop.hdds.scm.XceiverClientRatis$$Lambda$350/1251709638@4da792f9 for 20 attempts with RetryLimited(maxAttempts=20, sleepTime=1000ms)" type="java.util.concurrent.ExecutionException">java.util.concurrent.ExecutionException: org.apache.ratis.protocol.RaftRetryFailureException: Failed RaftClientRequest:client-B274DF0A3B7A->e7db1942-ce57-4ac0-b83a-1ab5d1f3726b@group-1232FC6AE750, cid=50, seq=1*, RW, org.apache.hadoop.hdds.scm.XceiverClientRatis$$Lambda$350/1251709638@4da792f9 for 20 attempts with RetryLimited(maxAttempts=20, sleepTime=1000ms)
	at java.util.concurrent.CompletableFuture.reportGet(CompletableFuture.java:357)
	at java.util.concurrent.CompletableFuture.get(CompletableFuture.java:1895)
	at org.apache.hadoop.ozone.client.rpc.TestWatchForCommit.testWatchForCommitWithSmallerTimeoutValue(TestWatchForCommit.java:293)
	at sun.reflect.NativeMethodAccessorImpl.invoke0(Native Method)
	at sun.reflect.NativeMethodAccessorImpl.invoke(NativeMethodAccessorImpl.java:62)
	at sun.reflect.DelegatingMethodAccessorImpl.invoke(DelegatingMethodAccessorImpl.java:43)
	at java.lang.reflect.Method.invoke(Method.java:498)
	at org.junit.runners.model.FrameworkMethod$1.runReflectiveCall(FrameworkMethod.java:47)
	at org.junit.internal.runners.model.ReflectiveCallable.run(ReflectiveCallable.java:12)
	at org.junit.runners.model.FrameworkMethod.invokeExplosively(FrameworkMethod.java:44)
	at org.junit.internal.runners.statements.InvokeMethod.evaluate(InvokeMethod.java:17)
	at org.junit.runners.ParentRunner.runLeaf(ParentRunner.java:271)
	at org.junit.runners.BlockJUnit4ClassRunner.runChild(BlockJUnit4ClassRunner.java:70)
	at org.junit.runners.BlockJUnit4ClassRunner.runChild(BlockJUnit4ClassRunner.java:50)
	at org.junit.runners.ParentRunner$3.run(ParentRunner.java:238)
	at org.junit.runners.ParentRunner$1.schedule(ParentRunner.java:63)
	at org.junit.runners.ParentRunner.runChildren(ParentRunner.java:236)
	at org.junit.runners.ParentRunner.access$000(ParentRunner.java:53)
	at org.junit.runners.ParentRunner$2.evaluate(ParentRunner.java:229)
	at org.junit.runners.ParentRunner.run(ParentRunner.java:309)
	at org.apache.maven.surefire.junit4.JUnit4Provider.execute(JUnit4Provider.java:365)
	at org.apache.maven.surefire.junit4.JUnit4Provider.executeWithRerun(JUnit4Provider.java:273)
	at org.apache.maven.surefire.junit4.JUnit4Provider.executeTestSet(JUnit4Provider.java:238)
	at org.apache.maven.surefire.junit4.JUnit4Provider.invoke(JUnit4Provider.java:159)
	at org.apache.maven.surefire.booter.ForkedBooter.invokeProviderInSameClassLoader(ForkedBooter.java:384)
	at org.apache.maven.surefire.booter.ForkedBooter.runSuitesInProcess(ForkedBooter.java:345)
	at org.apache.maven.surefire.booter.ForkedBooter.execute(ForkedBooter.java:126)
	at org.apache.maven.surefire.booter.ForkedBooter.main(ForkedBooter.java:418)
Caused by: org.apache.ratis.protocol.RaftRetryFailureException: Failed RaftClientRequest:client-B274DF0A3B7A->e7db1942-ce57-4ac0-b83a-1ab5d1f3726b@group-1232FC6AE750, cid=50, seq=1*, RW, org.apache.hadoop.hdds.scm.XceiverClientRatis$$Lambda$350/1251709638@4da792f9 for 20 attempts with RetryLimited(maxAttempts=20, sleepTime=1000ms)
	at org.apache.ratis.client.impl.RaftClientImpl.noMoreRetries(RaftClientImpl.java:272)
	at org.apache.ratis.client.impl.OrderedAsync.handleAsyncRetryFailure(OrderedAsync.java:138)
	at org.apache.ratis.client.impl.OrderedAsync.lambda$sendRequest$10(OrderedAsync.java:230)
	at java.util.concurrent.CompletableFuture.uniExceptionally(CompletableFuture.java:870)
	at java.util.concurrent.CompletableFuture$UniExceptionally.tryFire(CompletableFuture.java:852)
	at java.util.concurrent.CompletableFuture.postComplete(CompletableFuture.java:474)
	at java.util.concurrent.CompletableFuture.completeExceptionally(CompletableFuture.java:1977)
	at org.apache.ratis.grpc.client.GrpcClientProtocolClient$AsyncStreamObservers.completeReplyExceptionally(GrpcClientProtocolClient.java:330)
	at org.apache.ratis.grpc.client.GrpcClientProtocolClient$AsyncStreamObservers.access$000(GrpcClientProtocolClient.java:246)
	at org.apache.ratis.grpc.client.GrpcClientProtocolClient$AsyncStreamObservers$1.onNext(GrpcClientProtocolClient.java:258)
	at org.apache.ratis.grpc.client.GrpcClientProtocolClient$AsyncStreamObservers$1.onNext(GrpcClientProtocolClient.java:249)
	at org.apache.ratis.thirdparty.io.grpc.stub.ClientCalls$StreamObserverToCallListenerAdapter.onMessage(ClientCalls.java:421)
	at org.apache.ratis.thirdparty.io.grpc.ForwardingClientCallListener.onMessage(ForwardingClientCallListener.java:33)
	at org.apache.ratis.thirdparty.io.grpc.ForwardingClientCallListener.onMessage(ForwardingClientCallListener.java:33)
	at org.apache.ratis.thirdparty.io.grpc.internal.ClientCallImpl$ClientStreamListenerImpl$1MessagesAvailable.runInContext(ClientCallImpl.java:519)
	at org.apache.ratis.thirdparty.io.grpc.internal.ContextRunnable.run(ContextRunnable.java:37)
	at org.apache.ratis.thirdparty.io.grpc.internal.SerializingExecutor.run(SerializingExecutor.java:123)
	at java.util.concurrent.ThreadPoolExecutor.runWorker(ThreadPoolExecutor.java:1149)
	at java.util.concurrent.ThreadPoolExecutor$Worker.run(ThreadPoolExecutor.java:624)
	at java.lang.Thread.run(Thread.java:748)
Caused by: org.apache.ratis.protocol.NotLeaderException: Server e7db1942-ce57-4ac0-b83a-1ab5d1f3726b is not the leader (null). Request must be sent to leader.
	at org.apache.ratis.client.impl.ClientProtoUtils.toRaftClientReply(ClientProtoUtils.java:242)
	at org.apache.ratis.grpc.client.GrpcClientProtocolClient$AsyncStreamObservers$1.onNext(GrpcClientProtocolClient.java:254)
	... 10 more
</error>
    <system-out><![CDATA[2019-08-23 08:59:44,044 [main] WARN  server.ServerUtils (ServerUtils.java:getScmDbDir(145)) - ozone.scm.db.dirs is not configured. We recommend adding this setting. Falling back to ozone.metadata.dirs instead.
2019-08-23 08:59:44,078 [main] WARN  server.ServerUtils (ServerUtils.java:getScmDbDir(145)) - ozone.scm.db.dirs is not configured. We recommend adding this setting. Falling back to ozone.metadata.dirs instead.
2019-08-23 08:59:44,078 [main] WARN  server.ServerUtils (ServerUtils.java:getScmDbDir(145)) - ozone.scm.db.dirs is not configured. We recommend adding this setting. Falling back to ozone.metadata.dirs instead.
2019-08-23 08:59:44,079 [main] INFO  db.DBStoreBuilder (DBStoreBuilder.java:addTable(110)) - using custom profile for table: deletedBlocks
2019-08-23 08:59:44,079 [main] INFO  db.DBStoreBuilder (DBStoreBuilder.java:processTables(161)) - Using default column profile:DBProfile.DISK for Table:deletedBlocks
2019-08-23 08:59:44,079 [main] INFO  db.DBStoreBuilder (DBStoreBuilder.java:addTable(110)) - using custom profile for table: validCerts
2019-08-23 08:59:44,079 [main] INFO  db.DBStoreBuilder (DBStoreBuilder.java:processTables(161)) - Using default column profile:DBProfile.DISK for Table:validCerts
2019-08-23 08:59:44,080 [main] INFO  db.DBStoreBuilder (DBStoreBuilder.java:addTable(110)) - using custom profile for table: revokedCerts
2019-08-23 08:59:44,080 [main] INFO  db.DBStoreBuilder (DBStoreBuilder.java:processTables(161)) - Using default column profile:DBProfile.DISK for Table:revokedCerts
2019-08-23 08:59:44,080 [main] INFO  db.DBStoreBuilder (DBStoreBuilder.java:addTable(110)) - using custom profile for table: default
2019-08-23 08:59:44,081 [main] INFO  db.DBStoreBuilder (DBStoreBuilder.java:processTables(167)) - Using default column profile:DBProfile.DISK for Table:default
2019-08-23 08:59:44,081 [main] INFO  db.DBStoreBuilder (DBStoreBuilder.java:getDbProfile(198)) - Using default options. DBProfile.DISK
2019-08-23 08:59:44,294 [main] INFO  net.NodeSchemaLoader (NodeSchemaLoader.java:loadSchemaFromFile(125)) - Loading file from sun.misc.CompoundEnumeration@2086d469
2019-08-23 08:59:44,294 [main] INFO  net.NodeSchemaLoader (NodeSchemaLoader.java:loadSchema(171)) - Loading network topology layer schema file
2019-08-23 08:59:44,301 [main] WARN  server.ServerUtils (ServerUtils.java:sanitizeUserArgs(70)) - ozone.scm.stale.node.interval value = 300000 is larger than max = 100000 based on the key value of ozone.scm.heartbeat.thread.interval, reset to the max value 100000.
2019-08-23 08:59:44,301 [main] WARN  server.ServerUtils (ServerUtils.java:sanitizeUserArgs(70)) - ozone.scm.stale.node.interval value = 300000 is larger than max = 100000 based on the key value of ozone.scm.heartbeat.thread.interval, reset to the max value 100000.
2019-08-23 08:59:44,302 [main] INFO  node.SCMNodeManager (SCMNodeManager.java:<init>(121)) - Entering startup safe mode.
2019-08-23 08:59:44,303 [main] INFO  algorithms.ContainerPlacementPolicyFactory (ContainerPlacementPolicyFactory.java:getPolicy(55)) - Create container placement policy of type org.apache.hadoop.hdds.scm.container.placement.algorithms.SCMContainerPlacementRandom
2019-08-23 08:59:44,303 [main] WARN  server.ServerUtils (ServerUtils.java:getScmDbDir(145)) - ozone.scm.db.dirs is not configured. We recommend adding this setting. Falling back to ozone.metadata.dirs instead.
2019-08-23 08:59:44,381 [main] INFO  pipeline.SCMPipelineManager (SCMPipelineManager.java:initializePipelineState(126)) - No pipeline exists in current db
2019-08-23 08:59:44,382 [main] WARN  server.ServerUtils (ServerUtils.java:getScmDbDir(145)) - ozone.scm.db.dirs is not configured. We recommend adding this setting. Falling back to ozone.metadata.dirs instead.
2019-08-23 08:59:44,483 [main] WARN  events.EventQueue (EventQueue.java:fireEvent(175)) - No event handler registered for event TypedEvent{payloadType=SafeModeStatus, name='SafeModeStatus'}
2019-08-23 08:59:44,484 [main] INFO  ipc.CallQueueManager (CallQueueManager.java:<init>(84)) - Using callQueue: class java.util.concurrent.LinkedBlockingQueue, queueCapacity: 2000, scheduler: class org.apache.hadoop.ipc.DefaultRpcScheduler, ipcBackoff: false.
2019-08-23 08:59:44,485 [Socket Reader #1 for port 40571] INFO  ipc.Server (Server.java:run(1074)) - Starting Socket Reader #1 for port 40571
2019-08-23 08:59:44,488 [main] INFO  ipc.CallQueueManager (CallQueueManager.java:<init>(84)) - Using callQueue: class java.util.concurrent.LinkedBlockingQueue, queueCapacity: 2000, scheduler: class org.apache.hadoop.ipc.DefaultRpcScheduler, ipcBackoff: false.
2019-08-23 08:59:44,489 [Socket Reader #1 for port 40440] INFO  ipc.Server (Server.java:run(1074)) - Starting Socket Reader #1 for port 40440
2019-08-23 08:59:44,491 [main] INFO  ipc.CallQueueManager (CallQueueManager.java:<init>(84)) - Using callQueue: class java.util.concurrent.LinkedBlockingQueue, queueCapacity: 2000, scheduler: class org.apache.hadoop.ipc.DefaultRpcScheduler, ipcBackoff: false.
2019-08-23 08:59:44,492 [Socket Reader #1 for port 41830] INFO  ipc.Server (Server.java:run(1074)) - Starting Socket Reader #1 for port 41830
2019-08-23 08:59:44,494 [main] INFO  hdfs.DFSUtil (DFSUtil.java:httpServerTemplateForNNAndJN(1641)) - Starting Web-server for scm at: http://0.0.0.0:0
2019-08-23 08:59:44,497 [main] INFO  server.AuthenticationFilter (AuthenticationFilter.java:constructSecretProvider(240)) - Unable to initialize FileSignerSecretProvider, falling back to use random secrets.
2019-08-23 08:59:44,497 [main] WARN  http.HttpRequestLog (HttpRequestLog.java:getRequestLog(97)) - Jetty request log can only be enabled using Log4j
2019-08-23 08:59:44,500 [main] INFO  http.HttpServer2 (HttpServer2.java:addGlobalFilter(975)) - Added global filter 'safety' (class=org.apache.hadoop.http.HttpServer2$QuotingInputFilter)
2019-08-23 08:59:44,501 [main] INFO  http.HttpServer2 (HttpServer2.java:addFilter(948)) - Added filter static_user_filter (class=org.apache.hadoop.http.lib.StaticUserWebFilter$StaticUserFilter) to context scm
2019-08-23 08:59:44,502 [main] INFO  http.HttpServer2 (HttpServer2.java:addFilter(958)) - Added filter static_user_filter (class=org.apache.hadoop.http.lib.StaticUserWebFilter$StaticUserFilter) to context logs
2019-08-23 08:59:44,502 [main] INFO  http.HttpServer2 (HttpServer2.java:addFilter(958)) - Added filter static_user_filter (class=org.apache.hadoop.http.lib.StaticUserWebFilter$StaticUserFilter) to context static
2019-08-23 08:59:44,505 [main] INFO  server.StorageContainerManager (StorageContainerManager.java:start(759)) - StorageContainerLocationProtocol RPC server is listening at /0.0.0.0:41830
2019-08-23 08:59:44,507 [main] WARN  impl.MetricsConfig (MetricsConfig.java:loadFirst(134)) - Cannot locate configuration: tried hadoop-metrics2-storagecontainermanager.properties,hadoop-metrics2.properties
2019-08-23 08:59:44,509 [main] INFO  impl.MetricsSystemImpl (MetricsSystemImpl.java:startTimer(374)) - Scheduled Metric snapshot period at 10 second(s).
2019-08-23 08:59:44,509 [main] INFO  impl.MetricsSystemImpl (MetricsSystemImpl.java:start(191)) - StorageContainerManager metrics system started
2019-08-23 08:59:44,563 [main] INFO  server.SCMClientProtocolServer (SCMClientProtocolServer.java:start(151)) - RPC server for Client  is listening at /0.0.0.0:41830
2019-08-23 08:59:44,564 [IPC Server Responder] INFO  ipc.Server (Server.java:run(1314)) - IPC Server Responder: starting
2019-08-23 08:59:44,564 [IPC Server listener on 41830] INFO  ipc.Server (Server.java:run(1153)) - IPC Server listener on 41830: starting
2019-08-23 08:59:44,569 [main] INFO  server.StorageContainerManager (StorageContainerManager.java:start(769)) - ScmBlockLocationProtocol RPC server is listening at /0.0.0.0:40440
2019-08-23 08:59:44,569 [main] INFO  server.SCMBlockProtocolServer (SCMBlockProtocolServer.java:start(140)) - RPC server for Block Protocol is listening at /0.0.0.0:40440
2019-08-23 08:59:44,570 [IPC Server Responder] INFO  ipc.Server (Server.java:run(1314)) - IPC Server Responder: starting
2019-08-23 08:59:44,570 [IPC Server listener on 40440] INFO  ipc.Server (Server.java:run(1153)) - IPC Server listener on 40440: starting
2019-08-23 08:59:44,574 [main] INFO  server.StorageContainerManager (StorageContainerManager.java:start(773)) - ScmDatanodeProtocl RPC server is listening at /0.0.0.0:40571
2019-08-23 08:59:44,574 [main] INFO  server.SCMDatanodeProtocolServer (SCMDatanodeProtocolServer.java:start(191)) - RPC server for DataNodes is listening at /0.0.0.0:40571
2019-08-23 08:59:44,575 [IPC Server Responder] INFO  ipc.Server (Server.java:run(1314)) - IPC Server Responder: starting
2019-08-23 08:59:44,575 [IPC Server listener on 40571] INFO  ipc.Server (Server.java:run(1153)) - IPC Server listener on 40571: starting
2019-08-23 08:59:44,580 [main] INFO  http.HttpServer2 (HttpServer2.java:bindListener(1191)) - Jetty bound to port 46485
2019-08-23 08:59:44,580 [main] INFO  server.Server (Server.java:doStart(351)) - jetty-9.3.24.v20180605, build timestamp: 2018-06-05T17:11:56Z, git hash: 84205aa28f11a4f31f2a3b86d1bba2cc8ab69827
2019-08-23 08:59:44,582 [main] INFO  handler.ContextHandler (ContextHandler.java:doStart(781)) - Started o.e.j.s.ServletContextHandler@79d4ff58{/logs,file:///workdir/hadoop-ozone/integration-test/target/log,AVAILABLE}
2019-08-23 08:59:44,583 [main] INFO  handler.ContextHandler (ContextHandler.java:doStart(781)) - Started o.e.j.s.ServletContextHandler@14485747{/static,file:///workdir/hadoop-ozone/integration-test/target/test-classes/webapps/static,AVAILABLE}
2019-08-23 08:59:44,587 [main] INFO  handler.ContextHandler (ContextHandler.java:doStart(781)) - Started o.e.j.w.WebAppContext@1109730f{/,file:///workdir/hadoop-ozone/integration-test/target/test-classes/webapps/scm/,AVAILABLE}{/scm}
2019-08-23 08:59:44,588 [main] INFO  server.AbstractConnector (AbstractConnector.java:doStart(278)) - Started ServerConnector@1f42366{HTTP/1.1,[http/1.1]}{0.0.0.0:46485}
2019-08-23 08:59:44,589 [main] INFO  server.Server (Server.java:doStart(419)) - Started @81178ms
2019-08-23 08:59:44,590 [main] INFO  server.BaseHttpServer (BaseHttpServer.java:updateConnectorAddress(213)) - HTTP server of SCM is listening at http://0.0.0.0:46485
2019-08-23 08:59:44,590 [main] WARN  server.ServerUtils (ServerUtils.java:getDBPath(222)) - ozone.om.db.dirs is not configured. We recommend adding this setting. Falling back to ozone.metadata.dirs instead.
2019-08-23 08:59:44,590 [org.apache.hadoop.util.JvmPauseMonitor$Monitor@4afdfc0f] INFO  util.JvmPauseMonitor (JvmPauseMonitor.java:run(188)) - Starting JVM pause monitor
2019-08-23 08:59:44,611 [main] WARN  server.ServerUtils (ServerUtils.java:getDBPath(222)) - ozone.om.db.dirs is not configured. We recommend adding this setting. Falling back to ozone.metadata.dirs instead.
2019-08-23 08:59:44,612 [main] WARN  server.ServerUtils (ServerUtils.java:getDBPath(222)) - ozone.om.db.dirs is not configured. We recommend adding this setting. Falling back to ozone.metadata.dirs instead.
2019-08-23 08:59:44,612 [main] INFO  om.OzoneManager (OzoneManager.java:setOMNodeDetails(648)) - OM Service ID is not set. Setting it to the default ID: omServiceIdDefault
2019-08-23 08:59:44,612 [main] INFO  om.OzoneManager (OzoneManager.java:setOMNodeDetails(654)) - OM Node ID is not set. Setting it to the OmStorage's OmID: dea8eefa-d9ea-4f42-9866-7e4398c0da6d
2019-08-23 08:59:44,613 [main] INFO  om.OzoneManager (OzoneManager.java:loadOMHAConfigs(605)) - Found matching OM address with OMServiceId: null, OMNodeId: null, RPC Address: localhost:0 and Ratis port: 9872
2019-08-23 08:59:44,619 | INFO  | SCMAudit | user=jenkins1000 | ip=192.168.36.124 | op=GET_SCM_INFO null | ret=SUCCESS |  
2019-08-23 08:59:44,623 [main] WARN  server.ServerUtils (ServerUtils.java:getDBPath(222)) - ozone.om.db.dirs is not configured. We recommend adding this setting. Falling back to ozone.metadata.dirs instead.
2019-08-23 08:59:44,623 [main] INFO  db.DBStoreBuilder (DBStoreBuilder.java:addTable(110)) - using custom profile for table: userTable
2019-08-23 08:59:44,624 [main] INFO  db.DBStoreBuilder (DBStoreBuilder.java:processTables(161)) - Using default column profile:DBProfile.DISK for Table:userTable
2019-08-23 08:59:44,624 [main] INFO  db.DBStoreBuilder (DBStoreBuilder.java:addTable(110)) - using custom profile for table: volumeTable
2019-08-23 08:59:44,624 [main] INFO  db.DBStoreBuilder (DBStoreBuilder.java:processTables(161)) - Using default column profile:DBProfile.DISK for Table:volumeTable
2019-08-23 08:59:44,625 [main] INFO  db.DBStoreBuilder (DBStoreBuilder.java:addTable(110)) - using custom profile for table: bucketTable
2019-08-23 08:59:44,625 [main] INFO  db.DBStoreBuilder (DBStoreBuilder.java:processTables(161)) - Using default column profile:DBProfile.DISK for Table:bucketTable
2019-08-23 08:59:44,625 [main] INFO  db.DBStoreBuilder (DBStoreBuilder.java:addTable(110)) - using custom profile for table: keyTable
2019-08-23 08:59:44,625 [main] INFO  db.DBStoreBuilder (DBStoreBuilder.java:processTables(161)) - Using default column profile:DBProfile.DISK for Table:keyTable
2019-08-23 08:59:44,626 [main] INFO  db.DBStoreBuilder (DBStoreBuilder.java:addTable(110)) - using custom profile for table: deletedTable
2019-08-23 08:59:44,626 [main] INFO  db.DBStoreBuilder (DBStoreBuilder.java:processTables(161)) - Using default column profile:DBProfile.DISK for Table:deletedTable
2019-08-23 08:59:44,626 [main] INFO  db.DBStoreBuilder (DBStoreBuilder.java:addTable(110)) - using custom profile for table: openKeyTable
2019-08-23 08:59:44,627 [main] INFO  db.DBStoreBuilder (DBStoreBuilder.java:processTables(161)) - Using default column profile:DBProfile.DISK for Table:openKeyTable
2019-08-23 08:59:44,627 [main] INFO  db.DBStoreBuilder (DBStoreBuilder.java:addTable(110)) - using custom profile for table: s3Table
2019-08-23 08:59:44,627 [main] INFO  db.DBStoreBuilder (DBStoreBuilder.java:processTables(161)) - Using default column profile:DBProfile.DISK for Table:s3Table
2019-08-23 08:59:44,627 [main] INFO  db.DBStoreBuilder (DBStoreBuilder.java:addTable(110)) - using custom profile for table: multipartInfoTable
2019-08-23 08:59:44,628 [main] INFO  db.DBStoreBuilder (DBStoreBuilder.java:processTables(161)) - Using default column profile:DBProfile.DISK for Table:multipartInfoTable
2019-08-23 08:59:44,628 [main] INFO  db.DBStoreBuilder (DBStoreBuilder.java:addTable(110)) - using custom profile for table: dTokenTable
2019-08-23 08:59:44,628 [main] INFO  db.DBStoreBuilder (DBStoreBuilder.java:processTables(161)) - Using default column profile:DBProfile.DISK for Table:dTokenTable
2019-08-23 08:59:44,629 [main] INFO  db.DBStoreBuilder (DBStoreBuilder.java:addTable(110)) - using custom profile for table: s3SecretTable
2019-08-23 08:59:44,629 [main] INFO  db.DBStoreBuilder (DBStoreBuilder.java:processTables(161)) - Using default column profile:DBProfile.DISK for Table:s3SecretTable
2019-08-23 08:59:44,629 [main] INFO  db.DBStoreBuilder (DBStoreBuilder.java:addTable(110)) - using custom profile for table: prefixTable
2019-08-23 08:59:44,629 [main] INFO  db.DBStoreBuilder (DBStoreBuilder.java:processTables(161)) - Using default column profile:DBProfile.DISK for Table:prefixTable
2019-08-23 08:59:44,630 [main] INFO  db.DBStoreBuilder (DBStoreBuilder.java:addTable(110)) - using custom profile for table: default
2019-08-23 08:59:44,630 [main] INFO  db.DBStoreBuilder (DBStoreBuilder.java:processTables(167)) - Using default column profile:DBProfile.DISK for Table:default
2019-08-23 08:59:44,630 [main] INFO  db.DBStoreBuilder (DBStoreBuilder.java:getDbProfile(198)) - Using default options. DBProfile.DISK
2019-08-23 08:59:45,269 [main] INFO  ipc.CallQueueManager (CallQueueManager.java:<init>(84)) - Using callQueue: class java.util.concurrent.LinkedBlockingQueue, queueCapacity: 2000, scheduler: class org.apache.hadoop.ipc.DefaultRpcScheduler, ipcBackoff: false.
2019-08-23 08:59:45,270 [Socket Reader #1 for port 43466] INFO  ipc.Server (Server.java:run(1074)) - Starting Socket Reader #1 for port 43466
2019-08-23 08:59:45,289 [main] INFO  om.OzoneManager (OzoneManager.java:start(1259)) - OzoneManager RPC server is listening at localhost/127.0.0.1:43466
2019-08-23 08:59:45,289 [main] INFO  impl.MetricsSystemImpl (MetricsSystemImpl.java:init(158)) - OzoneManager metrics system started (again)
2019-08-23 08:59:45,290 [IPC Server Responder] INFO  ipc.Server (Server.java:run(1314)) - IPC Server Responder: starting
2019-08-23 08:59:45,290 [IPC Server listener on 43466] INFO  ipc.Server (Server.java:run(1153)) - IPC Server listener on 43466: starting
2019-08-23 08:59:45,297 [main] INFO  hdfs.DFSUtil (DFSUtil.java:httpServerTemplateForNNAndJN(1641)) - Starting Web-server for ozoneManager at: http://0.0.0.0:0
2019-08-23 08:59:45,298 [main] INFO  server.AuthenticationFilter (AuthenticationFilter.java:constructSecretProvider(240)) - Unable to initialize FileSignerSecretProvider, falling back to use random secrets.
2019-08-23 08:59:45,299 [main] WARN  http.HttpRequestLog (HttpRequestLog.java:getRequestLog(97)) - Jetty request log can only be enabled using Log4j
2019-08-23 08:59:45,301 [main] INFO  http.HttpServer2 (HttpServer2.java:addGlobalFilter(975)) - Added global filter 'safety' (class=org.apache.hadoop.http.HttpServer2$QuotingInputFilter)
2019-08-23 08:59:45,302 [main] INFO  http.HttpServer2 (HttpServer2.java:addFilter(948)) - Added filter static_user_filter (class=org.apache.hadoop.http.lib.StaticUserWebFilter$StaticUserFilter) to context ozoneManager
2019-08-23 08:59:45,302 [main] INFO  http.HttpServer2 (HttpServer2.java:addFilter(958)) - Added filter static_user_filter (class=org.apache.hadoop.http.lib.StaticUserWebFilter$StaticUserFilter) to context static
2019-08-23 08:59:45,302 [main] INFO  http.HttpServer2 (HttpServer2.java:addFilter(958)) - Added filter static_user_filter (class=org.apache.hadoop.http.lib.StaticUserWebFilter$StaticUserFilter) to context logs
2019-08-23 08:59:45,303 [main] INFO  http.HttpServer2 (HttpServer2.java:bindListener(1191)) - Jetty bound to port 46256
2019-08-23 08:59:45,304 [main] INFO  server.Server (Server.java:doStart(351)) - jetty-9.3.24.v20180605, build timestamp: 2018-06-05T17:11:56Z, git hash: 84205aa28f11a4f31f2a3b86d1bba2cc8ab69827
2019-08-23 08:59:45,306 [main] INFO  handler.ContextHandler (ContextHandler.java:doStart(781)) - Started o.e.j.s.ServletContextHandler@8f6b4ab{/logs,file:///workdir/hadoop-ozone/integration-test/target/log,AVAILABLE}
2019-08-23 08:59:45,307 [main] INFO  handler.ContextHandler (ContextHandler.java:doStart(781)) - Started o.e.j.s.ServletContextHandler@770cae59{/static,file:///workdir/hadoop-ozone/integration-test/target/test-classes/webapps/static,AVAILABLE}
2019-08-23 08:59:45,312 [main] INFO  handler.ContextHandler (ContextHandler.java:doStart(781)) - Started o.e.j.w.WebAppContext@148ab138{/,file:///workdir/hadoop-ozone/integration-test/target/test-classes/webapps/ozoneManager/,AVAILABLE}{/ozoneManager}
2019-08-23 08:59:45,313 [main] INFO  server.AbstractConnector (AbstractConnector.java:doStart(278)) - Started ServerConnector@6f106af8{HTTP/1.1,[http/1.1]}{0.0.0.0:46256}
2019-08-23 08:59:45,314 [main] INFO  server.Server (Server.java:doStart(419)) - Started @81903ms
2019-08-23 08:59:45,315 [main] INFO  server.BaseHttpServer (BaseHttpServer.java:updateConnectorAddress(213)) - HTTP server of OZONEMANAGER is listening at http://0.0.0.0:46256
2019-08-23 08:59:45,333 [main] INFO  impl.MetricsSystemImpl (MetricsSystemImpl.java:init(158)) - HddsDatanode metrics system started (again)
2019-08-23 08:59:45,335 [main] INFO  ozone.HddsDatanodeService (HddsDatanodeService.java:start(184)) - HddsDatanodeService host:pr-hdds-2022-djmxw-136905289 ip:192.168.36.124
2019-08-23 08:59:45,342 [main] INFO  volume.HddsVolume (HddsVolume.java:<init>(176)) - Creating Volume: /workdir/hadoop-ozone/integration-test/target/test-dir/MiniOzoneClusterImpl-66700af5-9a29-4abd-b0b3-55e500eee43d/datanode-0/data/containers/hdds of  storage type : DISK and capacity : 1482555576320
2019-08-23 08:59:45,343 [main] INFO  volume.VolumeSet (VolumeSet.java:initializeVolumeSet(170)) - Added Volume : /workdir/hadoop-ozone/integration-test/target/test-dir/MiniOzoneClusterImpl-66700af5-9a29-4abd-b0b3-55e500eee43d/datanode-0/data/containers/hdds to VolumeSet
2019-08-23 08:59:45,343 [main] INFO  volume.ThrottledAsyncChecker (ThrottledAsyncChecker.java:schedule(140)) - Scheduling a check for org.apache.hadoop.ozone.container.common.volume.HddsVolume@995ad50
2019-08-23 08:59:45,344 [main] INFO  volume.HddsVolumeChecker (HddsVolumeChecker.java:checkAllVolumes(203)) - Scheduled health check for volume org.apache.hadoop.ozone.container.common.volume.HddsVolume@995ad50
2019-08-23 08:59:45,358 [main] INFO  impl.RaftServerProxy (ConfUtils.java:logGet(43)) - raft.rpc.type = GRPC (default)
2019-08-23 08:59:45,359 [main] INFO  grpc.GrpcFactory (GrpcFactory.java:checkPooledByteBufAllocatorUseCacheForAllThreads(45)) - PERFORMANCE WARNING: useCacheForAllThreads is true that may cause Netty to create a lot garbage objects and, as a result, trigger GC.
	It is recommended to disable useCacheForAllThreads by setting -Dorg.apache.ratis.thirdparty.io.netty.allocator.useCacheForAllThreads=false in command line.
2019-08-23 08:59:45,359 [main] INFO  grpc.GrpcConfigKeys$Server (ConfUtils.java:logGet(43)) - raft.grpc.server.port = 0 (default)
2019-08-23 08:59:45,359 [main] INFO  server.GrpcService (ConfUtils.java:logGet(43)) - raft.grpc.message.size.max = 33570816 (custom)
2019-08-23 08:59:45,359 [main] INFO  server.RaftServerConfigKeys (ConfUtils.java:logGet(43)) - raft.server.log.appender.buffer.byte-limit = 33554432 (custom)
2019-08-23 08:59:45,360 [main] INFO  server.GrpcService (ConfUtils.java:logGet(43)) - raft.grpc.flow.control.window = 1MB (=1048576) (default)
2019-08-23 08:59:45,360 [main] INFO  server.RaftServerConfigKeys (ConfUtils.java:logGet(43)) - raft.server.rpc.request.timeout = 3000ms (default)
2019-08-23 08:59:45,360 [main] INFO  server.RaftServerConfigKeys (ConfUtils.java:logGet(43)) - raft.server.storage.dir = [/workdir/hadoop-ozone/integration-test/target/test-dir/MiniOzoneClusterImpl-66700af5-9a29-4abd-b0b3-55e500eee43d/datanode-0/data/ratis] (custom)
2019-08-23 08:59:45,361 [main] INFO  replication.SimpleContainerDownloader (SimpleContainerDownloader.java:<init>(72)) - Starting container downloader service to copy containers to replicate.
2019-08-23 08:59:45,362 [main] INFO  hdfs.DFSUtil (DFSUtil.java:httpServerTemplateForNNAndJN(1641)) - Starting Web-server for hddsDatanode at: http://0.0.0.0:0
2019-08-23 08:59:45,364 [main] INFO  server.AuthenticationFilter (AuthenticationFilter.java:constructSecretProvider(240)) - Unable to initialize FileSignerSecretProvider, falling back to use random secrets.
2019-08-23 08:59:45,365 [main] WARN  http.HttpRequestLog (HttpRequestLog.java:getRequestLog(97)) - Jetty request log can only be enabled using Log4j
2019-08-23 08:59:45,367 [main] INFO  http.HttpServer2 (HttpServer2.java:addGlobalFilter(975)) - Added global filter 'safety' (class=org.apache.hadoop.http.HttpServer2$QuotingInputFilter)
2019-08-23 08:59:45,367 [main] INFO  http.HttpServer2 (HttpServer2.java:addFilter(948)) - Added filter static_user_filter (class=org.apache.hadoop.http.lib.StaticUserWebFilter$StaticUserFilter) to context hddsDatanode
2019-08-23 08:59:45,367 [main] INFO  http.HttpServer2 (HttpServer2.java:addFilter(958)) - Added filter static_user_filter (class=org.apache.hadoop.http.lib.StaticUserWebFilter$StaticUserFilter) to context logs
2019-08-23 08:59:45,368 [main] INFO  http.HttpServer2 (HttpServer2.java:addFilter(958)) - Added filter static_user_filter (class=org.apache.hadoop.http.lib.StaticUserWebFilter$StaticUserFilter) to context static
2019-08-23 08:59:45,369 [main] INFO  http.HttpServer2 (HttpServer2.java:bindListener(1191)) - Jetty bound to port 36133
2019-08-23 08:59:45,369 [main] INFO  server.Server (Server.java:doStart(351)) - jetty-9.3.24.v20180605, build timestamp: 2018-06-05T17:11:56Z, git hash: 84205aa28f11a4f31f2a3b86d1bba2cc8ab69827
2019-08-23 08:59:45,371 [main] INFO  handler.ContextHandler (ContextHandler.java:doStart(781)) - Started o.e.j.s.ServletContextHandler@6f289728{/logs,file:///workdir/hadoop-ozone/integration-test/target/log,AVAILABLE}
2019-08-23 08:59:45,371 [main] INFO  handler.ContextHandler (ContextHandler.java:doStart(781)) - Started o.e.j.s.ServletContextHandler@350d26f3{/static,jar:file:/home/user/.m2/repository/org/apache/hadoop/hadoop-hdds-container-service/0.5.0-SNAPSHOT/hadoop-hdds-container-service-0.5.0-SNAPSHOT.jar!/webapps/static,AVAILABLE}
2019-08-23 08:59:45,403 [main] INFO  handler.ContextHandler (ContextHandler.java:doStart(781)) - Started o.e.j.w.WebAppContext@27dc335a{/,file:///tmp/jetty-0.0.0.0-36133-hddsDatanode-_-any-1609140044508123608.dir/webapp/,AVAILABLE}{/hddsDatanode}
2019-08-23 08:59:45,403 [main] INFO  server.AbstractConnector (AbstractConnector.java:doStart(278)) - Started ServerConnector@a95cb11{HTTP/1.1,[http/1.1]}{0.0.0.0:36133}
2019-08-23 08:59:45,404 [main] INFO  server.Server (Server.java:doStart(419)) - Started @81993ms
2019-08-23 08:59:45,405 [main] INFO  server.BaseHttpServer (BaseHttpServer.java:updateConnectorAddress(213)) - HTTP server of HDDSDATANODE is listening at http://0.0.0.0:36133
2019-08-23 08:59:45,590 | INFO  | ObjectStoreRestHttpServer | Listening HDDS REST traffic on /0.0.0.0:39193 |  
2019-08-23 08:59:45,590 [main] INFO  ozone.HddsDatanodeService (HddsDatanodeService.java:startPlugins(395)) - Started plug-in org.apache.hadoop.ozone.web.OzoneHddsDatanodeService@1a89414e
2019-08-23 08:59:45,591 [main] INFO  impl.MetricsSystemImpl (MetricsSystemImpl.java:init(158)) - HddsDatanode metrics system started (again)
2019-08-23 08:59:45,595 [org.apache.hadoop.util.JvmPauseMonitor$Monitor@5c91f262] INFO  util.JvmPauseMonitor (JvmPauseMonitor.java:run(188)) - Starting JVM pause monitor
2019-08-23 08:59:45,595 [main] INFO  ozone.HddsDatanodeService (HddsDatanodeService.java:start(184)) - HddsDatanodeService host:pr-hdds-2022-djmxw-136905289 ip:192.168.36.124
2019-08-23 08:59:45,597 [Datanode State Machine Thread - 0] INFO  datanode.InitDatanodeState (InitDatanodeState.java:persistContainerDatanodeDetails(140)) - DatanodeDetails is persisted to /workdir/hadoop-ozone/integration-test/target/test-dir/MiniOzoneClusterImpl-66700af5-9a29-4abd-b0b3-55e500eee43d/datanode-0/meta/datanode.id
2019-08-23 08:59:45,602 [main] INFO  volume.HddsVolume (HddsVolume.java:<init>(176)) - Creating Volume: /workdir/hadoop-ozone/integration-test/target/test-dir/MiniOzoneClusterImpl-66700af5-9a29-4abd-b0b3-55e500eee43d/datanode-1/data/containers/hdds of  storage type : DISK and capacity : 1482555576320
2019-08-23 08:59:45,602 [main] INFO  volume.VolumeSet (VolumeSet.java:initializeVolumeSet(170)) - Added Volume : /workdir/hadoop-ozone/integration-test/target/test-dir/MiniOzoneClusterImpl-66700af5-9a29-4abd-b0b3-55e500eee43d/datanode-1/data/containers/hdds to VolumeSet
2019-08-23 08:59:45,602 [main] INFO  volume.ThrottledAsyncChecker (ThrottledAsyncChecker.java:schedule(140)) - Scheduling a check for org.apache.hadoop.ozone.container.common.volume.HddsVolume@6076c66
2019-08-23 08:59:45,603 [main] INFO  volume.HddsVolumeChecker (HddsVolumeChecker.java:checkAllVolumes(203)) - Scheduled health check for volume org.apache.hadoop.ozone.container.common.volume.HddsVolume@6076c66
2019-08-23 08:59:45,620 [main] INFO  impl.RaftServerProxy (ConfUtils.java:logGet(43)) - raft.rpc.type = GRPC (default)
2019-08-23 08:59:45,620 [main] INFO  grpc.GrpcFactory (GrpcFactory.java:checkPooledByteBufAllocatorUseCacheForAllThreads(45)) - PERFORMANCE WARNING: useCacheForAllThreads is true that may cause Netty to create a lot garbage objects and, as a result, trigger GC.
	It is recommended to disable useCacheForAllThreads by setting -Dorg.apache.ratis.thirdparty.io.netty.allocator.useCacheForAllThreads=false in command line.
2019-08-23 08:59:45,620 [main] INFO  grpc.GrpcConfigKeys$Server (ConfUtils.java:logGet(43)) - raft.grpc.server.port = 0 (default)
2019-08-23 08:59:45,621 [main] INFO  server.GrpcService (ConfUtils.java:logGet(43)) - raft.grpc.message.size.max = 33570816 (custom)
2019-08-23 08:59:45,621 [main] INFO  server.RaftServerConfigKeys (ConfUtils.java:logGet(43)) - raft.server.log.appender.buffer.byte-limit = 33554432 (custom)
2019-08-23 08:59:45,621 [main] INFO  server.GrpcService (ConfUtils.java:logGet(43)) - raft.grpc.flow.control.window = 1MB (=1048576) (default)
2019-08-23 08:59:45,621 [main] INFO  server.RaftServerConfigKeys (ConfUtils.java:logGet(43)) - raft.server.rpc.request.timeout = 3000ms (default)
2019-08-23 08:59:45,622 [main] INFO  server.RaftServerConfigKeys (ConfUtils.java:logGet(43)) - raft.server.storage.dir = [/workdir/hadoop-ozone/integration-test/target/test-dir/MiniOzoneClusterImpl-66700af5-9a29-4abd-b0b3-55e500eee43d/datanode-1/data/ratis] (custom)
2019-08-23 08:59:45,622 [main] INFO  replication.SimpleContainerDownloader (SimpleContainerDownloader.java:<init>(72)) - Starting container downloader service to copy containers to replicate.
2019-08-23 08:59:45,623 [main] INFO  hdfs.DFSUtil (DFSUtil.java:httpServerTemplateForNNAndJN(1641)) - Starting Web-server for hddsDatanode at: http://0.0.0.0:0
2019-08-23 08:59:45,625 [main] INFO  server.AuthenticationFilter (AuthenticationFilter.java:constructSecretProvider(240)) - Unable to initialize FileSignerSecretProvider, falling back to use random secrets.
2019-08-23 08:59:45,626 [main] WARN  http.HttpRequestLog (HttpRequestLog.java:getRequestLog(97)) - Jetty request log can only be enabled using Log4j
2019-08-23 08:59:45,627 [main] INFO  http.HttpServer2 (HttpServer2.java:addGlobalFilter(975)) - Added global filter 'safety' (class=org.apache.hadoop.http.HttpServer2$QuotingInputFilter)
2019-08-23 08:59:45,628 [main] INFO  http.HttpServer2 (HttpServer2.java:addFilter(948)) - Added filter static_user_filter (class=org.apache.hadoop.http.lib.StaticUserWebFilter$StaticUserFilter) to context hddsDatanode
2019-08-23 08:59:45,628 [main] INFO  http.HttpServer2 (HttpServer2.java:addFilter(958)) - Added filter static_user_filter (class=org.apache.hadoop.http.lib.StaticUserWebFilter$StaticUserFilter) to context static
2019-08-23 08:59:45,628 [main] INFO  http.HttpServer2 (HttpServer2.java:addFilter(958)) - Added filter static_user_filter (class=org.apache.hadoop.http.lib.StaticUserWebFilter$StaticUserFilter) to context logs
2019-08-23 08:59:45,629 [main] INFO  http.HttpServer2 (HttpServer2.java:bindListener(1191)) - Jetty bound to port 43442
2019-08-23 08:59:45,629 [main] INFO  server.Server (Server.java:doStart(351)) - jetty-9.3.24.v20180605, build timestamp: 2018-06-05T17:11:56Z, git hash: 84205aa28f11a4f31f2a3b86d1bba2cc8ab69827
2019-08-23 08:59:45,631 [main] INFO  handler.ContextHandler (ContextHandler.java:doStart(781)) - Started o.e.j.s.ServletContextHandler@dd20ebc{/logs,file:///workdir/hadoop-ozone/integration-test/target/log,AVAILABLE}
2019-08-23 08:59:45,632 [main] INFO  handler.ContextHandler (ContextHandler.java:doStart(781)) - Started o.e.j.s.ServletContextHandler@16a09809{/static,jar:file:/home/user/.m2/repository/org/apache/hadoop/hadoop-hdds-container-service/0.5.0-SNAPSHOT/hadoop-hdds-container-service-0.5.0-SNAPSHOT.jar!/webapps/static,AVAILABLE}
2019-08-23 08:59:45,663 [main] INFO  handler.ContextHandler (ContextHandler.java:doStart(781)) - Started o.e.j.w.WebAppContext@56266bda{/,file:///tmp/jetty-0.0.0.0-43442-hddsDatanode-_-any-4995445694723708627.dir/webapp/,AVAILABLE}{/hddsDatanode}
2019-08-23 08:59:45,664 [main] INFO  server.AbstractConnector (AbstractConnector.java:doStart(278)) - Started ServerConnector@18bb1b88{HTTP/1.1,[http/1.1]}{0.0.0.0:43442}
2019-08-23 08:59:45,665 [main] INFO  server.Server (Server.java:doStart(419)) - Started @82254ms
2019-08-23 08:59:45,666 [main] INFO  server.BaseHttpServer (BaseHttpServer.java:updateConnectorAddress(213)) - HTTP server of HDDSDATANODE is listening at http://0.0.0.0:43442
2019-08-23 08:59:45,804 | INFO  | ObjectStoreRestHttpServer | Listening HDDS REST traffic on /0.0.0.0:33409 |  
2019-08-23 08:59:45,804 [main] INFO  ozone.HddsDatanodeService (HddsDatanodeService.java:startPlugins(395)) - Started plug-in org.apache.hadoop.ozone.web.OzoneHddsDatanodeService@121cf6f4
2019-08-23 08:59:45,805 [main] INFO  impl.MetricsSystemImpl (MetricsSystemImpl.java:init(158)) - HddsDatanode metrics system started (again)
2019-08-23 08:59:45,809 [org.apache.hadoop.util.JvmPauseMonitor$Monitor@133cf2ec] INFO  util.JvmPauseMonitor (JvmPauseMonitor.java:run(188)) - Starting JVM pause monitor
2019-08-23 08:59:45,810 [main] INFO  ozone.HddsDatanodeService (HddsDatanodeService.java:start(184)) - HddsDatanodeService host:pr-hdds-2022-djmxw-136905289 ip:192.168.36.124
2019-08-23 08:59:45,812 [Datanode State Machine Thread - 0] INFO  datanode.InitDatanodeState (InitDatanodeState.java:persistContainerDatanodeDetails(140)) - DatanodeDetails is persisted to /workdir/hadoop-ozone/integration-test/target/test-dir/MiniOzoneClusterImpl-66700af5-9a29-4abd-b0b3-55e500eee43d/datanode-1/meta/datanode.id
2019-08-23 08:59:45,817 [main] INFO  volume.HddsVolume (HddsVolume.java:<init>(176)) - Creating Volume: /workdir/hadoop-ozone/integration-test/target/test-dir/MiniOzoneClusterImpl-66700af5-9a29-4abd-b0b3-55e500eee43d/datanode-2/data/containers/hdds of  storage type : DISK and capacity : 1482555576320
2019-08-23 08:59:45,817 [main] INFO  volume.VolumeSet (VolumeSet.java:initializeVolumeSet(170)) - Added Volume : /workdir/hadoop-ozone/integration-test/target/test-dir/MiniOzoneClusterImpl-66700af5-9a29-4abd-b0b3-55e500eee43d/datanode-2/data/containers/hdds to VolumeSet
2019-08-23 08:59:45,818 [main] INFO  volume.ThrottledAsyncChecker (ThrottledAsyncChecker.java:schedule(140)) - Scheduling a check for org.apache.hadoop.ozone.container.common.volume.HddsVolume@27dfd12b
2019-08-23 08:59:45,818 [main] INFO  volume.HddsVolumeChecker (HddsVolumeChecker.java:checkAllVolumes(203)) - Scheduled health check for volume org.apache.hadoop.ozone.container.common.volume.HddsVolume@27dfd12b
2019-08-23 08:59:45,833 [main] INFO  impl.RaftServerProxy (ConfUtils.java:logGet(43)) - raft.rpc.type = GRPC (default)
2019-08-23 08:59:45,834 [main] INFO  grpc.GrpcFactory (GrpcFactory.java:checkPooledByteBufAllocatorUseCacheForAllThreads(45)) - PERFORMANCE WARNING: useCacheForAllThreads is true that may cause Netty to create a lot garbage objects and, as a result, trigger GC.
	It is recommended to disable useCacheForAllThreads by setting -Dorg.apache.ratis.thirdparty.io.netty.allocator.useCacheForAllThreads=false in command line.
2019-08-23 08:59:45,834 [main] INFO  grpc.GrpcConfigKeys$Server (ConfUtils.java:logGet(43)) - raft.grpc.server.port = 0 (default)
2019-08-23 08:59:45,834 [main] INFO  server.GrpcService (ConfUtils.java:logGet(43)) - raft.grpc.message.size.max = 33570816 (custom)
2019-08-23 08:59:45,834 [main] INFO  server.RaftServerConfigKeys (ConfUtils.java:logGet(43)) - raft.server.log.appender.buffer.byte-limit = 33554432 (custom)
2019-08-23 08:59:45,835 [main] INFO  server.GrpcService (ConfUtils.java:logGet(43)) - raft.grpc.flow.control.window = 1MB (=1048576) (default)
2019-08-23 08:59:45,835 [main] INFO  server.RaftServerConfigKeys (ConfUtils.java:logGet(43)) - raft.server.rpc.request.timeout = 3000ms (default)
2019-08-23 08:59:45,835 [main] INFO  server.RaftServerConfigKeys (ConfUtils.java:logGet(43)) - raft.server.storage.dir = [/workdir/hadoop-ozone/integration-test/target/test-dir/MiniOzoneClusterImpl-66700af5-9a29-4abd-b0b3-55e500eee43d/datanode-2/data/ratis] (custom)
2019-08-23 08:59:45,836 [main] INFO  replication.SimpleContainerDownloader (SimpleContainerDownloader.java:<init>(72)) - Starting container downloader service to copy containers to replicate.
2019-08-23 08:59:45,836 [main] INFO  hdfs.DFSUtil (DFSUtil.java:httpServerTemplateForNNAndJN(1641)) - Starting Web-server for hddsDatanode at: http://0.0.0.0:0
2019-08-23 08:59:45,838 [main] INFO  server.AuthenticationFilter (AuthenticationFilter.java:constructSecretProvider(240)) - Unable to initialize FileSignerSecretProvider, falling back to use random secrets.
2019-08-23 08:59:45,838 [main] WARN  http.HttpRequestLog (HttpRequestLog.java:getRequestLog(97)) - Jetty request log can only be enabled using Log4j
2019-08-23 08:59:45,840 [main] INFO  http.HttpServer2 (HttpServer2.java:addGlobalFilter(975)) - Added global filter 'safety' (class=org.apache.hadoop.http.HttpServer2$QuotingInputFilter)
2019-08-23 08:59:45,840 [main] INFO  http.HttpServer2 (HttpServer2.java:addFilter(948)) - Added filter static_user_filter (class=org.apache.hadoop.http.lib.StaticUserWebFilter$StaticUserFilter) to context hddsDatanode
2019-08-23 08:59:45,840 [main] INFO  http.HttpServer2 (HttpServer2.java:addFilter(958)) - Added filter static_user_filter (class=org.apache.hadoop.http.lib.StaticUserWebFilter$StaticUserFilter) to context logs
2019-08-23 08:59:45,840 [main] INFO  http.HttpServer2 (HttpServer2.java:addFilter(958)) - Added filter static_user_filter (class=org.apache.hadoop.http.lib.StaticUserWebFilter$StaticUserFilter) to context static
2019-08-23 08:59:45,841 [main] INFO  http.HttpServer2 (HttpServer2.java:bindListener(1191)) - Jetty bound to port 43578
2019-08-23 08:59:45,841 [main] INFO  server.Server (Server.java:doStart(351)) - jetty-9.3.24.v20180605, build timestamp: 2018-06-05T17:11:56Z, git hash: 84205aa28f11a4f31f2a3b86d1bba2cc8ab69827
2019-08-23 08:59:45,843 [main] INFO  handler.ContextHandler (ContextHandler.java:doStart(781)) - Started o.e.j.s.ServletContextHandler@4489f60f{/logs,file:///workdir/hadoop-ozone/integration-test/target/log,AVAILABLE}
2019-08-23 08:59:45,843 [main] INFO  handler.ContextHandler (ContextHandler.java:doStart(781)) - Started o.e.j.s.ServletContextHandler@6fd9dbe6{/static,jar:file:/home/user/.m2/repository/org/apache/hadoop/hadoop-hdds-container-service/0.5.0-SNAPSHOT/hadoop-hdds-container-service-0.5.0-SNAPSHOT.jar!/webapps/static,AVAILABLE}
2019-08-23 08:59:45,873 [main] INFO  handler.ContextHandler (ContextHandler.java:doStart(781)) - Started o.e.j.w.WebAppContext@51813065{/,file:///tmp/jetty-0.0.0.0-43578-hddsDatanode-_-any-4543788888062763611.dir/webapp/,AVAILABLE}{/hddsDatanode}
2019-08-23 08:59:45,873 [main] INFO  server.AbstractConnector (AbstractConnector.java:doStart(278)) - Started ServerConnector@4f581211{HTTP/1.1,[http/1.1]}{0.0.0.0:43578}
2019-08-23 08:59:45,874 [main] INFO  server.Server (Server.java:doStart(419)) - Started @82464ms
2019-08-23 08:59:45,875 [main] INFO  server.BaseHttpServer (BaseHttpServer.java:updateConnectorAddress(213)) - HTTP server of HDDSDATANODE is listening at http://0.0.0.0:43578
2019-08-23 08:59:46,330 | INFO  | ObjectStoreRestHttpServer | Listening HDDS REST traffic on /0.0.0.0:42202 |  
2019-08-23 08:59:46,330 [main] INFO  ozone.HddsDatanodeService (HddsDatanodeService.java:startPlugins(395)) - Started plug-in org.apache.hadoop.ozone.web.OzoneHddsDatanodeService@459d2ee6
2019-08-23 08:59:46,330 [main] INFO  impl.MetricsSystemImpl (MetricsSystemImpl.java:init(158)) - HddsDatanode metrics system started (again)
2019-08-23 08:59:46,335 [org.apache.hadoop.util.JvmPauseMonitor$Monitor@2fd6aa0b] INFO  util.JvmPauseMonitor (JvmPauseMonitor.java:run(188)) - Starting JVM pause monitor
2019-08-23 08:59:46,336 [main] INFO  ozone.HddsDatanodeService (HddsDatanodeService.java:start(184)) - HddsDatanodeService host:pr-hdds-2022-djmxw-136905289 ip:192.168.36.124
2019-08-23 08:59:46,337 [Datanode State Machine Thread - 0] INFO  datanode.InitDatanodeState (InitDatanodeState.java:persistContainerDatanodeDetails(140)) - DatanodeDetails is persisted to /workdir/hadoop-ozone/integration-test/target/test-dir/MiniOzoneClusterImpl-66700af5-9a29-4abd-b0b3-55e500eee43d/datanode-2/meta/datanode.id
2019-08-23 08:59:46,343 [main] INFO  volume.HddsVolume (HddsVolume.java:<init>(176)) - Creating Volume: /workdir/hadoop-ozone/integration-test/target/test-dir/MiniOzoneClusterImpl-66700af5-9a29-4abd-b0b3-55e500eee43d/datanode-3/data/containers/hdds of  storage type : DISK and capacity : 1482555576320
2019-08-23 08:59:46,344 [main] INFO  volume.VolumeSet (VolumeSet.java:initializeVolumeSet(170)) - Added Volume : /workdir/hadoop-ozone/integration-test/target/test-dir/MiniOzoneClusterImpl-66700af5-9a29-4abd-b0b3-55e500eee43d/datanode-3/data/containers/hdds to VolumeSet
2019-08-23 08:59:46,344 [main] INFO  volume.ThrottledAsyncChecker (ThrottledAsyncChecker.java:schedule(140)) - Scheduling a check for org.apache.hadoop.ozone.container.common.volume.HddsVolume@6bfdaa7a
2019-08-23 08:59:46,344 [main] INFO  volume.HddsVolumeChecker (HddsVolumeChecker.java:checkAllVolumes(203)) - Scheduled health check for volume org.apache.hadoop.ozone.container.common.volume.HddsVolume@6bfdaa7a
2019-08-23 08:59:46,360 [main] INFO  impl.RaftServerProxy (ConfUtils.java:logGet(43)) - raft.rpc.type = GRPC (default)
2019-08-23 08:59:46,360 [main] INFO  grpc.GrpcFactory (GrpcFactory.java:checkPooledByteBufAllocatorUseCacheForAllThreads(45)) - PERFORMANCE WARNING: useCacheForAllThreads is true that may cause Netty to create a lot garbage objects and, as a result, trigger GC.
	It is recommended to disable useCacheForAllThreads by setting -Dorg.apache.ratis.thirdparty.io.netty.allocator.useCacheForAllThreads=false in command line.
2019-08-23 08:59:46,360 [main] INFO  grpc.GrpcConfigKeys$Server (ConfUtils.java:logGet(43)) - raft.grpc.server.port = 0 (default)
2019-08-23 08:59:46,360 [main] INFO  server.GrpcService (ConfUtils.java:logGet(43)) - raft.grpc.message.size.max = 33570816 (custom)
2019-08-23 08:59:46,361 [main] INFO  server.RaftServerConfigKeys (ConfUtils.java:logGet(43)) - raft.server.log.appender.buffer.byte-limit = 33554432 (custom)
2019-08-23 08:59:46,361 [main] INFO  server.GrpcService (ConfUtils.java:logGet(43)) - raft.grpc.flow.control.window = 1MB (=1048576) (default)
2019-08-23 08:59:46,361 [main] INFO  server.RaftServerConfigKeys (ConfUtils.java:logGet(43)) - raft.server.rpc.request.timeout = 3000ms (default)
2019-08-23 08:59:46,362 [main] INFO  server.RaftServerConfigKeys (ConfUtils.java:logGet(43)) - raft.server.storage.dir = [/workdir/hadoop-ozone/integration-test/target/test-dir/MiniOzoneClusterImpl-66700af5-9a29-4abd-b0b3-55e500eee43d/datanode-3/data/ratis] (custom)
2019-08-23 08:59:46,362 [main] INFO  replication.SimpleContainerDownloader (SimpleContainerDownloader.java:<init>(72)) - Starting container downloader service to copy containers to replicate.
2019-08-23 08:59:46,363 [main] INFO  hdfs.DFSUtil (DFSUtil.java:httpServerTemplateForNNAndJN(1641)) - Starting Web-server for hddsDatanode at: http://0.0.0.0:0
2019-08-23 08:59:46,365 [main] INFO  server.AuthenticationFilter (AuthenticationFilter.java:constructSecretProvider(240)) - Unable to initialize FileSignerSecretProvider, falling back to use random secrets.
2019-08-23 08:59:46,365 [main] WARN  http.HttpRequestLog (HttpRequestLog.java:getRequestLog(97)) - Jetty request log can only be enabled using Log4j
2019-08-23 08:59:46,366 [main] INFO  http.HttpServer2 (HttpServer2.java:addGlobalFilter(975)) - Added global filter 'safety' (class=org.apache.hadoop.http.HttpServer2$QuotingInputFilter)
2019-08-23 08:59:46,367 [main] INFO  http.HttpServer2 (HttpServer2.java:addFilter(948)) - Added filter static_user_filter (class=org.apache.hadoop.http.lib.StaticUserWebFilter$StaticUserFilter) to context hddsDatanode
2019-08-23 08:59:46,367 [main] INFO  http.HttpServer2 (HttpServer2.java:addFilter(958)) - Added filter static_user_filter (class=org.apache.hadoop.http.lib.StaticUserWebFilter$StaticUserFilter) to context static
2019-08-23 08:59:46,367 [main] INFO  http.HttpServer2 (HttpServer2.java:addFilter(958)) - Added filter static_user_filter (class=org.apache.hadoop.http.lib.StaticUserWebFilter$StaticUserFilter) to context logs
2019-08-23 08:59:46,368 [main] INFO  http.HttpServer2 (HttpServer2.java:bindListener(1191)) - Jetty bound to port 34027
2019-08-23 08:59:46,368 [main] INFO  server.Server (Server.java:doStart(351)) - jetty-9.3.24.v20180605, build timestamp: 2018-06-05T17:11:56Z, git hash: 84205aa28f11a4f31f2a3b86d1bba2cc8ab69827
2019-08-23 08:59:46,370 [main] INFO  handler.ContextHandler (ContextHandler.java:doStart(781)) - Started o.e.j.s.ServletContextHandler@533e2f4{/logs,file:///workdir/hadoop-ozone/integration-test/target/log,AVAILABLE}
2019-08-23 08:59:46,370 [main] INFO  handler.ContextHandler (ContextHandler.java:doStart(781)) - Started o.e.j.s.ServletContextHandler@538e74fc{/static,jar:file:/home/user/.m2/repository/org/apache/hadoop/hadoop-hdds-container-service/0.5.0-SNAPSHOT/hadoop-hdds-container-service-0.5.0-SNAPSHOT.jar!/webapps/static,AVAILABLE}
2019-08-23 08:59:46,398 [main] INFO  handler.ContextHandler (ContextHandler.java:doStart(781)) - Started o.e.j.w.WebAppContext@3ee258{/,file:///tmp/jetty-0.0.0.0-34027-hddsDatanode-_-any-4236742539752580152.dir/webapp/,AVAILABLE}{/hddsDatanode}
2019-08-23 08:59:46,398 [main] INFO  server.AbstractConnector (AbstractConnector.java:doStart(278)) - Started ServerConnector@4f676900{HTTP/1.1,[http/1.1]}{0.0.0.0:34027}
2019-08-23 08:59:46,400 [main] INFO  server.Server (Server.java:doStart(419)) - Started @82989ms
2019-08-23 08:59:46,400 [main] INFO  server.BaseHttpServer (BaseHttpServer.java:updateConnectorAddress(213)) - HTTP server of HDDSDATANODE is listening at http://0.0.0.0:34027
2019-08-23 08:59:46,523 | INFO  | ObjectStoreRestHttpServer | Listening HDDS REST traffic on /0.0.0.0:39563 |  
2019-08-23 08:59:46,523 [main] INFO  ozone.HddsDatanodeService (HddsDatanodeService.java:startPlugins(395)) - Started plug-in org.apache.hadoop.ozone.web.OzoneHddsDatanodeService@71668a67
2019-08-23 08:59:46,524 [main] INFO  impl.MetricsSystemImpl (MetricsSystemImpl.java:init(158)) - HddsDatanode metrics system started (again)
2019-08-23 08:59:46,529 [org.apache.hadoop.util.JvmPauseMonitor$Monitor@4abe9fe0] INFO  util.JvmPauseMonitor (JvmPauseMonitor.java:run(188)) - Starting JVM pause monitor
2019-08-23 08:59:46,529 [main] INFO  ozone.HddsDatanodeService (HddsDatanodeService.java:start(184)) - HddsDatanodeService host:pr-hdds-2022-djmxw-136905289 ip:192.168.36.124
2019-08-23 08:59:46,531 [Datanode State Machine Thread - 0] INFO  datanode.InitDatanodeState (InitDatanodeState.java:persistContainerDatanodeDetails(140)) - DatanodeDetails is persisted to /workdir/hadoop-ozone/integration-test/target/test-dir/MiniOzoneClusterImpl-66700af5-9a29-4abd-b0b3-55e500eee43d/datanode-3/meta/datanode.id
2019-08-23 08:59:46,537 [main] INFO  volume.HddsVolume (HddsVolume.java:<init>(176)) - Creating Volume: /workdir/hadoop-ozone/integration-test/target/test-dir/MiniOzoneClusterImpl-66700af5-9a29-4abd-b0b3-55e500eee43d/datanode-4/data/containers/hdds of  storage type : DISK and capacity : 1482555576320
2019-08-23 08:59:46,537 [main] INFO  volume.VolumeSet (VolumeSet.java:initializeVolumeSet(170)) - Added Volume : /workdir/hadoop-ozone/integration-test/target/test-dir/MiniOzoneClusterImpl-66700af5-9a29-4abd-b0b3-55e500eee43d/datanode-4/data/containers/hdds to VolumeSet
2019-08-23 08:59:46,538 [main] INFO  volume.ThrottledAsyncChecker (ThrottledAsyncChecker.java:schedule(140)) - Scheduling a check for org.apache.hadoop.ozone.container.common.volume.HddsVolume@2d3b0978
2019-08-23 08:59:46,538 [main] INFO  volume.HddsVolumeChecker (HddsVolumeChecker.java:checkAllVolumes(203)) - Scheduled health check for volume org.apache.hadoop.ozone.container.common.volume.HddsVolume@2d3b0978
2019-08-23 08:59:46,552 [main] INFO  impl.RaftServerProxy (ConfUtils.java:logGet(43)) - raft.rpc.type = GRPC (default)
2019-08-23 08:59:46,552 [main] INFO  grpc.GrpcFactory (GrpcFactory.java:checkPooledByteBufAllocatorUseCacheForAllThreads(45)) - PERFORMANCE WARNING: useCacheForAllThreads is true that may cause Netty to create a lot garbage objects and, as a result, trigger GC.
	It is recommended to disable useCacheForAllThreads by setting -Dorg.apache.ratis.thirdparty.io.netty.allocator.useCacheForAllThreads=false in command line.
2019-08-23 08:59:46,552 [main] INFO  grpc.GrpcConfigKeys$Server (ConfUtils.java:logGet(43)) - raft.grpc.server.port = 0 (default)
2019-08-23 08:59:46,552 [main] INFO  server.GrpcService (ConfUtils.java:logGet(43)) - raft.grpc.message.size.max = 33570816 (custom)
2019-08-23 08:59:46,552 [main] INFO  server.RaftServerConfigKeys (ConfUtils.java:logGet(43)) - raft.server.log.appender.buffer.byte-limit = 33554432 (custom)
2019-08-23 08:59:46,552 [main] INFO  server.GrpcService (ConfUtils.java:logGet(43)) - raft.grpc.flow.control.window = 1MB (=1048576) (default)
2019-08-23 08:59:46,553 [main] INFO  server.RaftServerConfigKeys (ConfUtils.java:logGet(43)) - raft.server.rpc.request.timeout = 3000ms (default)
2019-08-23 08:59:46,553 [main] INFO  server.RaftServerConfigKeys (ConfUtils.java:logGet(43)) - raft.server.storage.dir = [/workdir/hadoop-ozone/integration-test/target/test-dir/MiniOzoneClusterImpl-66700af5-9a29-4abd-b0b3-55e500eee43d/datanode-4/data/ratis] (custom)
2019-08-23 08:59:46,554 [main] INFO  replication.SimpleContainerDownloader (SimpleContainerDownloader.java:<init>(72)) - Starting container downloader service to copy containers to replicate.
2019-08-23 08:59:46,554 [main] INFO  hdfs.DFSUtil (DFSUtil.java:httpServerTemplateForNNAndJN(1641)) - Starting Web-server for hddsDatanode at: http://0.0.0.0:0
2019-08-23 08:59:46,556 [main] INFO  server.AuthenticationFilter (AuthenticationFilter.java:constructSecretProvider(240)) - Unable to initialize FileSignerSecretProvider, falling back to use random secrets.
2019-08-23 08:59:46,556 [main] WARN  http.HttpRequestLog (HttpRequestLog.java:getRequestLog(97)) - Jetty request log can only be enabled using Log4j
2019-08-23 08:59:46,557 [main] INFO  http.HttpServer2 (HttpServer2.java:addGlobalFilter(975)) - Added global filter 'safety' (class=org.apache.hadoop.http.HttpServer2$QuotingInputFilter)
2019-08-23 08:59:46,558 [main] INFO  http.HttpServer2 (HttpServer2.java:addFilter(948)) - Added filter static_user_filter (class=org.apache.hadoop.http.lib.StaticUserWebFilter$StaticUserFilter) to context hddsDatanode
2019-08-23 08:59:46,558 [main] INFO  http.HttpServer2 (HttpServer2.java:addFilter(958)) - Added filter static_user_filter (class=org.apache.hadoop.http.lib.StaticUserWebFilter$StaticUserFilter) to context logs
2019-08-23 08:59:46,558 [main] INFO  http.HttpServer2 (HttpServer2.java:addFilter(958)) - Added filter static_user_filter (class=org.apache.hadoop.http.lib.StaticUserWebFilter$StaticUserFilter) to context static
2019-08-23 08:59:46,559 [main] INFO  http.HttpServer2 (HttpServer2.java:bindListener(1191)) - Jetty bound to port 44319
2019-08-23 08:59:46,559 [main] INFO  server.Server (Server.java:doStart(351)) - jetty-9.3.24.v20180605, build timestamp: 2018-06-05T17:11:56Z, git hash: 84205aa28f11a4f31f2a3b86d1bba2cc8ab69827
2019-08-23 08:59:46,561 [main] INFO  handler.ContextHandler (ContextHandler.java:doStart(781)) - Started o.e.j.s.ServletContextHandler@152891f8{/logs,file:///workdir/hadoop-ozone/integration-test/target/log,AVAILABLE}
2019-08-23 08:59:46,562 [main] INFO  handler.ContextHandler (ContextHandler.java:doStart(781)) - Started o.e.j.s.ServletContextHandler@15a484a9{/static,jar:file:/home/user/.m2/repository/org/apache/hadoop/hadoop-hdds-container-service/0.5.0-SNAPSHOT/hadoop-hdds-container-service-0.5.0-SNAPSHOT.jar!/webapps/static,AVAILABLE}
2019-08-23 08:59:46,590 [main] INFO  handler.ContextHandler (ContextHandler.java:doStart(781)) - Started o.e.j.w.WebAppContext@9cc0505{/,file:///tmp/jetty-0.0.0.0-44319-hddsDatanode-_-any-1277925229432792546.dir/webapp/,AVAILABLE}{/hddsDatanode}
2019-08-23 08:59:46,590 [main] INFO  server.AbstractConnector (AbstractConnector.java:doStart(278)) - Started ServerConnector@645d4639{HTTP/1.1,[http/1.1]}{0.0.0.0:44319}
2019-08-23 08:59:46,592 [main] INFO  server.Server (Server.java:doStart(419)) - Started @83181ms
2019-08-23 08:59:46,592 [main] INFO  server.BaseHttpServer (BaseHttpServer.java:updateConnectorAddress(213)) - HTTP server of HDDSDATANODE is listening at http://0.0.0.0:44319
2019-08-23 08:59:46,710 | INFO  | ObjectStoreRestHttpServer | Listening HDDS REST traffic on /0.0.0.0:32859 |  
2019-08-23 08:59:46,710 [main] INFO  ozone.HddsDatanodeService (HddsDatanodeService.java:startPlugins(395)) - Started plug-in org.apache.hadoop.ozone.web.OzoneHddsDatanodeService@74b7497b
2019-08-23 08:59:46,710 [main] INFO  impl.MetricsSystemImpl (MetricsSystemImpl.java:init(158)) - HddsDatanode metrics system started (again)
2019-08-23 08:59:46,716 [org.apache.hadoop.util.JvmPauseMonitor$Monitor@4f34a552] INFO  util.JvmPauseMonitor (JvmPauseMonitor.java:run(188)) - Starting JVM pause monitor
2019-08-23 08:59:46,716 [main] INFO  ozone.HddsDatanodeService (HddsDatanodeService.java:start(184)) - HddsDatanodeService host:pr-hdds-2022-djmxw-136905289 ip:192.168.36.124
2019-08-23 08:59:46,718 [Datanode State Machine Thread - 0] INFO  datanode.InitDatanodeState (InitDatanodeState.java:persistContainerDatanodeDetails(140)) - DatanodeDetails is persisted to /workdir/hadoop-ozone/integration-test/target/test-dir/MiniOzoneClusterImpl-66700af5-9a29-4abd-b0b3-55e500eee43d/datanode-4/meta/datanode.id
2019-08-23 08:59:46,724 [main] INFO  volume.HddsVolume (HddsVolume.java:<init>(176)) - Creating Volume: /workdir/hadoop-ozone/integration-test/target/test-dir/MiniOzoneClusterImpl-66700af5-9a29-4abd-b0b3-55e500eee43d/datanode-5/data/containers/hdds of  storage type : DISK and capacity : 1482555576320
2019-08-23 08:59:46,725 [main] INFO  volume.VolumeSet (VolumeSet.java:initializeVolumeSet(170)) - Added Volume : /workdir/hadoop-ozone/integration-test/target/test-dir/MiniOzoneClusterImpl-66700af5-9a29-4abd-b0b3-55e500eee43d/datanode-5/data/containers/hdds to VolumeSet
2019-08-23 08:59:46,725 [main] INFO  volume.ThrottledAsyncChecker (ThrottledAsyncChecker.java:schedule(140)) - Scheduling a check for org.apache.hadoop.ozone.container.common.volume.HddsVolume@651cedfb
2019-08-23 08:59:46,725 [main] INFO  volume.HddsVolumeChecker (HddsVolumeChecker.java:checkAllVolumes(203)) - Scheduled health check for volume org.apache.hadoop.ozone.container.common.volume.HddsVolume@651cedfb
2019-08-23 08:59:46,740 [main] INFO  impl.RaftServerProxy (ConfUtils.java:logGet(43)) - raft.rpc.type = GRPC (default)
2019-08-23 08:59:46,740 [main] INFO  grpc.GrpcFactory (GrpcFactory.java:checkPooledByteBufAllocatorUseCacheForAllThreads(45)) - PERFORMANCE WARNING: useCacheForAllThreads is true that may cause Netty to create a lot garbage objects and, as a result, trigger GC.
	It is recommended to disable useCacheForAllThreads by setting -Dorg.apache.ratis.thirdparty.io.netty.allocator.useCacheForAllThreads=false in command line.
2019-08-23 08:59:46,740 [main] INFO  grpc.GrpcConfigKeys$Server (ConfUtils.java:logGet(43)) - raft.grpc.server.port = 0 (default)
2019-08-23 08:59:46,741 [main] INFO  server.GrpcService (ConfUtils.java:logGet(43)) - raft.grpc.message.size.max = 33570816 (custom)
2019-08-23 08:59:46,741 [main] INFO  server.RaftServerConfigKeys (ConfUtils.java:logGet(43)) - raft.server.log.appender.buffer.byte-limit = 33554432 (custom)
2019-08-23 08:59:46,741 [main] INFO  server.GrpcService (ConfUtils.java:logGet(43)) - raft.grpc.flow.control.window = 1MB (=1048576) (default)
2019-08-23 08:59:46,741 [main] INFO  server.RaftServerConfigKeys (ConfUtils.java:logGet(43)) - raft.server.rpc.request.timeout = 3000ms (default)
2019-08-23 08:59:46,742 [main] INFO  server.RaftServerConfigKeys (ConfUtils.java:logGet(43)) - raft.server.storage.dir = [/workdir/hadoop-ozone/integration-test/target/test-dir/MiniOzoneClusterImpl-66700af5-9a29-4abd-b0b3-55e500eee43d/datanode-5/data/ratis] (custom)
2019-08-23 08:59:46,742 [main] INFO  replication.SimpleContainerDownloader (SimpleContainerDownloader.java:<init>(72)) - Starting container downloader service to copy containers to replicate.
2019-08-23 08:59:46,743 [main] INFO  hdfs.DFSUtil (DFSUtil.java:httpServerTemplateForNNAndJN(1641)) - Starting Web-server for hddsDatanode at: http://0.0.0.0:0
2019-08-23 08:59:46,744 [main] INFO  server.AuthenticationFilter (AuthenticationFilter.java:constructSecretProvider(240)) - Unable to initialize FileSignerSecretProvider, falling back to use random secrets.
2019-08-23 08:59:46,745 [main] WARN  http.HttpRequestLog (HttpRequestLog.java:getRequestLog(97)) - Jetty request log can only be enabled using Log4j
2019-08-23 08:59:46,746 [main] INFO  http.HttpServer2 (HttpServer2.java:addGlobalFilter(975)) - Added global filter 'safety' (class=org.apache.hadoop.http.HttpServer2$QuotingInputFilter)
2019-08-23 08:59:46,746 [main] INFO  http.HttpServer2 (HttpServer2.java:addFilter(948)) - Added filter static_user_filter (class=org.apache.hadoop.http.lib.StaticUserWebFilter$StaticUserFilter) to context hddsDatanode
2019-08-23 08:59:46,746 [main] INFO  http.HttpServer2 (HttpServer2.java:addFilter(958)) - Added filter static_user_filter (class=org.apache.hadoop.http.lib.StaticUserWebFilter$StaticUserFilter) to context static
2019-08-23 08:59:46,747 [main] INFO  http.HttpServer2 (HttpServer2.java:addFilter(958)) - Added filter static_user_filter (class=org.apache.hadoop.http.lib.StaticUserWebFilter$StaticUserFilter) to context logs
2019-08-23 08:59:46,747 [main] INFO  http.HttpServer2 (HttpServer2.java:bindListener(1191)) - Jetty bound to port 38527
2019-08-23 08:59:46,747 [main] INFO  server.Server (Server.java:doStart(351)) - jetty-9.3.24.v20180605, build timestamp: 2018-06-05T17:11:56Z, git hash: 84205aa28f11a4f31f2a3b86d1bba2cc8ab69827
2019-08-23 08:59:46,749 [main] INFO  handler.ContextHandler (ContextHandler.java:doStart(781)) - Started o.e.j.s.ServletContextHandler@1ab9c735{/logs,file:///workdir/hadoop-ozone/integration-test/target/log,AVAILABLE}
2019-08-23 08:59:46,750 [main] INFO  handler.ContextHandler (ContextHandler.java:doStart(781)) - Started o.e.j.s.ServletContextHandler@464a3430{/static,jar:file:/home/user/.m2/repository/org/apache/hadoop/hadoop-hdds-container-service/0.5.0-SNAPSHOT/hadoop-hdds-container-service-0.5.0-SNAPSHOT.jar!/webapps/static,AVAILABLE}
2019-08-23 08:59:46,791 [main] INFO  handler.ContextHandler (ContextHandler.java:doStart(781)) - Started o.e.j.w.WebAppContext@24f90aff{/,file:///tmp/jetty-0.0.0.0-38527-hddsDatanode-_-any-2574442769966236928.dir/webapp/,AVAILABLE}{/hddsDatanode}
2019-08-23 08:59:46,791 [main] INFO  server.AbstractConnector (AbstractConnector.java:doStart(278)) - Started ServerConnector@7252bdb{HTTP/1.1,[http/1.1]}{0.0.0.0:38527}
2019-08-23 08:59:46,793 [main] INFO  server.Server (Server.java:doStart(419)) - Started @83382ms
2019-08-23 08:59:46,794 [main] INFO  server.BaseHttpServer (BaseHttpServer.java:updateConnectorAddress(213)) - HTTP server of HDDSDATANODE is listening at http://0.0.0.0:38527
2019-08-23 08:59:46,944 | INFO  | ObjectStoreRestHttpServer | Listening HDDS REST traffic on /0.0.0.0:40342 |  
2019-08-23 08:59:46,944 [main] INFO  ozone.HddsDatanodeService (HddsDatanodeService.java:startPlugins(395)) - Started plug-in org.apache.hadoop.ozone.web.OzoneHddsDatanodeService@33fec21
2019-08-23 08:59:46,944 [main] INFO  impl.MetricsSystemImpl (MetricsSystemImpl.java:init(158)) - HddsDatanode metrics system started (again)
2019-08-23 08:59:46,951 [org.apache.hadoop.util.JvmPauseMonitor$Monitor@6eee7ec9] INFO  util.JvmPauseMonitor (JvmPauseMonitor.java:run(188)) - Starting JVM pause monitor
2019-08-23 08:59:46,951 [main] INFO  ozone.HddsDatanodeService (HddsDatanodeService.java:start(184)) - HddsDatanodeService host:pr-hdds-2022-djmxw-136905289 ip:192.168.36.124
2019-08-23 08:59:46,953 [Datanode State Machine Thread - 0] INFO  datanode.InitDatanodeState (InitDatanodeState.java:persistContainerDatanodeDetails(140)) - DatanodeDetails is persisted to /workdir/hadoop-ozone/integration-test/target/test-dir/MiniOzoneClusterImpl-66700af5-9a29-4abd-b0b3-55e500eee43d/datanode-5/meta/datanode.id
2019-08-23 08:59:46,960 [main] INFO  volume.HddsVolume (HddsVolume.java:<init>(176)) - Creating Volume: /workdir/hadoop-ozone/integration-test/target/test-dir/MiniOzoneClusterImpl-66700af5-9a29-4abd-b0b3-55e500eee43d/datanode-6/data/containers/hdds of  storage type : DISK and capacity : 1482555576320
2019-08-23 08:59:46,960 [main] INFO  volume.VolumeSet (VolumeSet.java:initializeVolumeSet(170)) - Added Volume : /workdir/hadoop-ozone/integration-test/target/test-dir/MiniOzoneClusterImpl-66700af5-9a29-4abd-b0b3-55e500eee43d/datanode-6/data/containers/hdds to VolumeSet
2019-08-23 08:59:46,960 [main] INFO  volume.ThrottledAsyncChecker (ThrottledAsyncChecker.java:schedule(140)) - Scheduling a check for org.apache.hadoop.ozone.container.common.volume.HddsVolume@3c9ef37b
2019-08-23 08:59:46,961 [main] INFO  volume.HddsVolumeChecker (HddsVolumeChecker.java:checkAllVolumes(203)) - Scheduled health check for volume org.apache.hadoop.ozone.container.common.volume.HddsVolume@3c9ef37b
2019-08-23 08:59:46,983 [main] INFO  impl.RaftServerProxy (ConfUtils.java:logGet(43)) - raft.rpc.type = GRPC (default)
2019-08-23 08:59:46,983 [main] INFO  grpc.GrpcFactory (GrpcFactory.java:checkPooledByteBufAllocatorUseCacheForAllThreads(45)) - PERFORMANCE WARNING: useCacheForAllThreads is true that may cause Netty to create a lot garbage objects and, as a result, trigger GC.
	It is recommended to disable useCacheForAllThreads by setting -Dorg.apache.ratis.thirdparty.io.netty.allocator.useCacheForAllThreads=false in command line.
2019-08-23 08:59:46,983 [main] INFO  grpc.GrpcConfigKeys$Server (ConfUtils.java:logGet(43)) - raft.grpc.server.port = 0 (default)
2019-08-23 08:59:46,984 [main] INFO  server.GrpcService (ConfUtils.java:logGet(43)) - raft.grpc.message.size.max = 33570816 (custom)
2019-08-23 08:59:46,984 [main] INFO  server.RaftServerConfigKeys (ConfUtils.java:logGet(43)) - raft.server.log.appender.buffer.byte-limit = 33554432 (custom)
2019-08-23 08:59:46,984 [main] INFO  server.GrpcService (ConfUtils.java:logGet(43)) - raft.grpc.flow.control.window = 1MB (=1048576) (default)
2019-08-23 08:59:46,985 [main] INFO  server.RaftServerConfigKeys (ConfUtils.java:logGet(43)) - raft.server.rpc.request.timeout = 3000ms (default)
2019-08-23 08:59:46,985 [main] INFO  server.RaftServerConfigKeys (ConfUtils.java:logGet(43)) - raft.server.storage.dir = [/workdir/hadoop-ozone/integration-test/target/test-dir/MiniOzoneClusterImpl-66700af5-9a29-4abd-b0b3-55e500eee43d/datanode-6/data/ratis] (custom)
2019-08-23 08:59:46,986 [main] INFO  replication.SimpleContainerDownloader (SimpleContainerDownloader.java:<init>(72)) - Starting container downloader service to copy containers to replicate.
2019-08-23 08:59:46,987 [main] INFO  hdfs.DFSUtil (DFSUtil.java:httpServerTemplateForNNAndJN(1641)) - Starting Web-server for hddsDatanode at: http://0.0.0.0:0
2019-08-23 08:59:46,989 [main] INFO  server.AuthenticationFilter (AuthenticationFilter.java:constructSecretProvider(240)) - Unable to initialize FileSignerSecretProvider, falling back to use random secrets.
2019-08-23 08:59:46,989 [main] WARN  http.HttpRequestLog (HttpRequestLog.java:getRequestLog(97)) - Jetty request log can only be enabled using Log4j
2019-08-23 08:59:46,991 [main] INFO  http.HttpServer2 (HttpServer2.java:addGlobalFilter(975)) - Added global filter 'safety' (class=org.apache.hadoop.http.HttpServer2$QuotingInputFilter)
2019-08-23 08:59:46,992 [main] INFO  http.HttpServer2 (HttpServer2.java:addFilter(948)) - Added filter static_user_filter (class=org.apache.hadoop.http.lib.StaticUserWebFilter$StaticUserFilter) to context hddsDatanode
2019-08-23 08:59:46,992 [main] INFO  http.HttpServer2 (HttpServer2.java:addFilter(958)) - Added filter static_user_filter (class=org.apache.hadoop.http.lib.StaticUserWebFilter$StaticUserFilter) to context logs
2019-08-23 08:59:46,992 [main] INFO  http.HttpServer2 (HttpServer2.java:addFilter(958)) - Added filter static_user_filter (class=org.apache.hadoop.http.lib.StaticUserWebFilter$StaticUserFilter) to context static
2019-08-23 08:59:46,993 [main] INFO  http.HttpServer2 (HttpServer2.java:bindListener(1191)) - Jetty bound to port 35860
2019-08-23 08:59:46,993 [main] INFO  server.Server (Server.java:doStart(351)) - jetty-9.3.24.v20180605, build timestamp: 2018-06-05T17:11:56Z, git hash: 84205aa28f11a4f31f2a3b86d1bba2cc8ab69827
2019-08-23 08:59:46,995 [main] INFO  handler.ContextHandler (ContextHandler.java:doStart(781)) - Started o.e.j.s.ServletContextHandler@4efe014f{/logs,file:///workdir/hadoop-ozone/integration-test/target/log,AVAILABLE}
2019-08-23 08:59:46,996 [main] INFO  handler.ContextHandler (ContextHandler.java:doStart(781)) - Started o.e.j.s.ServletContextHandler@7c5ac0{/static,jar:file:/home/user/.m2/repository/org/apache/hadoop/hadoop-hdds-container-service/0.5.0-SNAPSHOT/hadoop-hdds-container-service-0.5.0-SNAPSHOT.jar!/webapps/static,AVAILABLE}
2019-08-23 08:59:47,032 [main] INFO  handler.ContextHandler (ContextHandler.java:doStart(781)) - Started o.e.j.w.WebAppContext@278cb145{/,file:///tmp/jetty-0.0.0.0-35860-hddsDatanode-_-any-1522425906532250029.dir/webapp/,AVAILABLE}{/hddsDatanode}
2019-08-23 08:59:47,032 [main] INFO  server.AbstractConnector (AbstractConnector.java:doStart(278)) - Started ServerConnector@2aa0feb2{HTTP/1.1,[http/1.1]}{0.0.0.0:35860}
2019-08-23 08:59:47,034 [main] INFO  server.Server (Server.java:doStart(419)) - Started @83624ms
2019-08-23 08:59:47,035 [main] INFO  server.BaseHttpServer (BaseHttpServer.java:updateConnectorAddress(213)) - HTTP server of HDDSDATANODE is listening at http://0.0.0.0:35860
2019-08-23 08:59:47,157 | INFO  | ObjectStoreRestHttpServer | Listening HDDS REST traffic on /0.0.0.0:44658 |  
2019-08-23 08:59:47,157 [main] INFO  ozone.HddsDatanodeService (HddsDatanodeService.java:startPlugins(395)) - Started plug-in org.apache.hadoop.ozone.web.OzoneHddsDatanodeService@414e8b31
2019-08-23 08:59:47,157 [main] INFO  ozone.MiniOzoneClusterImpl (MiniOzoneClusterImpl.java:lambda$waitForClusterToBeReady$0(142)) - Waiting for cluster to be ready. Got 0 of 7 DN Heartbeats.
2019-08-23 08:59:47,161 [org.apache.hadoop.util.JvmPauseMonitor$Monitor@89c4e0a] INFO  util.JvmPauseMonitor (JvmPauseMonitor.java:run(188)) - Starting JVM pause monitor
2019-08-23 08:59:47,163 [Datanode State Machine Thread - 0] INFO  datanode.InitDatanodeState (InitDatanodeState.java:persistContainerDatanodeDetails(140)) - DatanodeDetails is persisted to /workdir/hadoop-ozone/integration-test/target/test-dir/MiniOzoneClusterImpl-66700af5-9a29-4abd-b0b3-55e500eee43d/datanode-6/meta/datanode.id
2019-08-23 08:59:47,603 | INFO  | SCMAudit | user=jenkins1000 | ip=192.168.36.124 | op=GET_VERSION null | ret=SUCCESS |  
2019-08-23 08:59:47,622 [Datanode State Machine Thread - 0] INFO  ozoneimpl.OzoneContainer (OzoneContainer.java:start(186)) - Attempting to start container services.
2019-08-23 08:59:47,625 [Datanode State Machine Thread - 0] INFO  ozoneimpl.OzoneContainer (OzoneContainer.java:startContainerScrub(160)) - Background container scrubber has been disabled by hdds.containerscrub.enabled
2019-08-23 08:59:47,625 [Datanode State Machine Thread - 0] INFO  ratis.XceiverServerRatis (XceiverServerRatis.java:start(404)) - Starting XceiverServerRatis a044e505-5a19-4c44-8ca7-fe19de178d0f at port 0
2019-08-23 08:59:47,630 [Datanode State Machine Thread - 0] INFO  impl.RaftServerProxy (RaftServerProxy.java:lambda$start$3(299)) - a044e505-5a19-4c44-8ca7-fe19de178d0f: start RPC server
2019-08-23 08:59:47,632 [Datanode State Machine Thread - 0] INFO  server.GrpcService (GrpcService.java:startImpl(149)) - a044e505-5a19-4c44-8ca7-fe19de178d0f: GrpcService started, listening on 0.0.0.0/0.0.0.0:37365
2019-08-23 08:59:47,632 [Datanode State Machine Thread - 0] INFO  ratis.XceiverServerRatis (XceiverServerRatis.java:start(414)) - XceiverServerRatis a044e505-5a19-4c44-8ca7-fe19de178d0f is started using port 37365
2019-08-23 08:59:47,633 [Datanode State Machine Thread - 0] INFO  server.XceiverServerGrpc (XceiverServerGrpc.java:start(161)) - XceiverServerGrpc a044e505-5a19-4c44-8ca7-fe19de178d0f is started using port 35211
2019-08-23 08:59:47,810 | INFO  | SCMAudit | user=jenkins1000 | ip=192.168.36.124 | op=GET_VERSION null | ret=SUCCESS |  
2019-08-23 08:59:47,837 [Datanode State Machine Thread - 0] INFO  ozoneimpl.OzoneContainer (OzoneContainer.java:start(186)) - Attempting to start container services.
2019-08-23 08:59:47,843 [Datanode State Machine Thread - 0] INFO  ozoneimpl.OzoneContainer (OzoneContainer.java:startContainerScrub(160)) - Background container scrubber has been disabled by hdds.containerscrub.enabled
2019-08-23 08:59:47,843 [Datanode State Machine Thread - 0] INFO  ratis.XceiverServerRatis (XceiverServerRatis.java:start(404)) - Starting XceiverServerRatis ad86c749-0bfc-4170-98eb-eedec0f3acc2 at port 0
2019-08-23 08:59:47,850 [Datanode State Machine Thread - 0] INFO  impl.RaftServerProxy (RaftServerProxy.java:lambda$start$3(299)) - ad86c749-0bfc-4170-98eb-eedec0f3acc2: start RPC server
2019-08-23 08:59:47,852 [Datanode State Machine Thread - 0] INFO  server.GrpcService (GrpcService.java:startImpl(149)) - ad86c749-0bfc-4170-98eb-eedec0f3acc2: GrpcService started, listening on 0.0.0.0/0.0.0.0:46385
2019-08-23 08:59:47,852 [Datanode State Machine Thread - 0] INFO  ratis.XceiverServerRatis (XceiverServerRatis.java:start(414)) - XceiverServerRatis ad86c749-0bfc-4170-98eb-eedec0f3acc2 is started using port 46385
2019-08-23 08:59:47,857 [Datanode State Machine Thread - 0] INFO  server.XceiverServerGrpc (XceiverServerGrpc.java:start(161)) - XceiverServerGrpc ad86c749-0bfc-4170-98eb-eedec0f3acc2 is started using port 36581
2019-08-23 08:59:48,158 [main] INFO  ozone.MiniOzoneClusterImpl (MiniOzoneClusterImpl.java:lambda$waitForClusterToBeReady$0(142)) - Waiting for cluster to be ready. Got 0 of 7 DN Heartbeats.
2019-08-23 08:59:48,336 | INFO  | SCMAudit | user=jenkins1000 | ip=192.168.36.124 | op=GET_VERSION null | ret=SUCCESS |  
2019-08-23 08:59:48,531 | INFO  | SCMAudit | user=jenkins1000 | ip=192.168.36.124 | op=GET_VERSION null | ret=SUCCESS |  
2019-08-23 08:59:48,717 | INFO  | SCMAudit | user=jenkins1000 | ip=192.168.36.124 | op=GET_VERSION null | ret=SUCCESS |  
2019-08-23 08:59:48,952 | INFO  | SCMAudit | user=jenkins1000 | ip=192.168.36.124 | op=GET_VERSION null | ret=SUCCESS |  
2019-08-23 08:59:49,022 [Datanode State Machine Thread - 0] INFO  ozoneimpl.OzoneContainer (OzoneContainer.java:start(186)) - Attempting to start container services.
2019-08-23 08:59:49,022 [Datanode State Machine Thread - 0] INFO  ozoneimpl.OzoneContainer (OzoneContainer.java:start(186)) - Attempting to start container services.
2019-08-23 08:59:49,022 [Datanode State Machine Thread - 0] INFO  ozoneimpl.OzoneContainer (OzoneContainer.java:start(186)) - Attempting to start container services.
2019-08-23 08:59:49,022 [Datanode State Machine Thread - 0] INFO  ozoneimpl.OzoneContainer (OzoneContainer.java:start(186)) - Attempting to start container services.
2019-08-23 08:59:49,023 [Datanode State Machine Thread - 0] INFO  ozoneimpl.OzoneContainer (OzoneContainer.java:startContainerScrub(160)) - Background container scrubber has been disabled by hdds.containerscrub.enabled
2019-08-23 08:59:49,023 [Datanode State Machine Thread - 0] INFO  ozoneimpl.OzoneContainer (OzoneContainer.java:startContainerScrub(160)) - Background container scrubber has been disabled by hdds.containerscrub.enabled
2019-08-23 08:59:49,023 [Datanode State Machine Thread - 0] INFO  ozoneimpl.OzoneContainer (OzoneContainer.java:startContainerScrub(160)) - Background container scrubber has been disabled by hdds.containerscrub.enabled
2019-08-23 08:59:49,024 [Datanode State Machine Thread - 0] INFO  ratis.XceiverServerRatis (XceiverServerRatis.java:start(404)) - Starting XceiverServerRatis 53ccca58-9df7-41e3-9a4c-33135d9d5679 at port 0
2019-08-23 08:59:49,023 [Datanode State Machine Thread - 0] INFO  ratis.XceiverServerRatis (XceiverServerRatis.java:start(404)) - Starting XceiverServerRatis 6bf3a110-7368-45bc-babb-68f4f8b3c82b at port 0
2019-08-23 08:59:49,023 [Datanode State Machine Thread - 0] INFO  ozoneimpl.OzoneContainer (OzoneContainer.java:startContainerScrub(160)) - Background container scrubber has been disabled by hdds.containerscrub.enabled
2019-08-23 08:59:49,024 [Datanode State Machine Thread - 0] INFO  ratis.XceiverServerRatis (XceiverServerRatis.java:start(404)) - Starting XceiverServerRatis 7058706c-0601-4f99-98c3-fb17e47fe4d1 at port 0
2019-08-23 08:59:49,024 [Datanode State Machine Thread - 0] INFO  ratis.XceiverServerRatis (XceiverServerRatis.java:start(404)) - Starting XceiverServerRatis e7db1942-ce57-4ac0-b83a-1ab5d1f3726b at port 0
2019-08-23 08:59:49,054 [Datanode State Machine Thread - 0] INFO  impl.RaftServerProxy (RaftServerProxy.java:lambda$start$3(299)) - 6bf3a110-7368-45bc-babb-68f4f8b3c82b: start RPC server
2019-08-23 08:59:49,055 [Datanode State Machine Thread - 0] INFO  impl.RaftServerProxy (RaftServerProxy.java:lambda$start$3(299)) - e7db1942-ce57-4ac0-b83a-1ab5d1f3726b: start RPC server
2019-08-23 08:59:49,055 [Datanode State Machine Thread - 0] INFO  impl.RaftServerProxy (RaftServerProxy.java:lambda$start$3(299)) - 7058706c-0601-4f99-98c3-fb17e47fe4d1: start RPC server
2019-08-23 08:59:49,055 [Datanode State Machine Thread - 0] INFO  impl.RaftServerProxy (RaftServerProxy.java:lambda$start$3(299)) - 53ccca58-9df7-41e3-9a4c-33135d9d5679: start RPC server
2019-08-23 08:59:49,068 [Datanode State Machine Thread - 0] INFO  server.GrpcService (GrpcService.java:startImpl(149)) - 6bf3a110-7368-45bc-babb-68f4f8b3c82b: GrpcService started, listening on 0.0.0.0/0.0.0.0:44172
2019-08-23 08:59:49,068 [Datanode State Machine Thread - 0] INFO  server.GrpcService (GrpcService.java:startImpl(149)) - 53ccca58-9df7-41e3-9a4c-33135d9d5679: GrpcService started, listening on 0.0.0.0/0.0.0.0:41449
2019-08-23 08:59:49,068 [Datanode State Machine Thread - 0] INFO  server.GrpcService (GrpcService.java:startImpl(149)) - e7db1942-ce57-4ac0-b83a-1ab5d1f3726b: GrpcService started, listening on 0.0.0.0/0.0.0.0:35352
2019-08-23 08:59:49,068 [Datanode State Machine Thread - 0] INFO  server.GrpcService (GrpcService.java:startImpl(149)) - 7058706c-0601-4f99-98c3-fb17e47fe4d1: GrpcService started, listening on 0.0.0.0/0.0.0.0:33809
2019-08-23 08:59:49,069 [Datanode State Machine Thread - 0] INFO  ratis.XceiverServerRatis (XceiverServerRatis.java:start(414)) - XceiverServerRatis e7db1942-ce57-4ac0-b83a-1ab5d1f3726b is started using port 35352
2019-08-23 08:59:49,069 [Datanode State Machine Thread - 0] INFO  ratis.XceiverServerRatis (XceiverServerRatis.java:start(414)) - XceiverServerRatis 53ccca58-9df7-41e3-9a4c-33135d9d5679 is started using port 41449
2019-08-23 08:59:49,068 [Datanode State Machine Thread - 0] INFO  ratis.XceiverServerRatis (XceiverServerRatis.java:start(414)) - XceiverServerRatis 6bf3a110-7368-45bc-babb-68f4f8b3c82b is started using port 44172
2019-08-23 08:59:49,069 [Datanode State Machine Thread - 0] INFO  ratis.XceiverServerRatis (XceiverServerRatis.java:start(414)) - XceiverServerRatis 7058706c-0601-4f99-98c3-fb17e47fe4d1 is started using port 33809
2019-08-23 08:59:49,070 [Datanode State Machine Thread - 0] INFO  server.XceiverServerGrpc (XceiverServerGrpc.java:start(161)) - XceiverServerGrpc e7db1942-ce57-4ac0-b83a-1ab5d1f3726b is started using port 39534
2019-08-23 08:59:49,070 [Datanode State Machine Thread - 0] INFO  server.XceiverServerGrpc (XceiverServerGrpc.java:start(161)) - XceiverServerGrpc 6bf3a110-7368-45bc-babb-68f4f8b3c82b is started using port 34937
2019-08-23 08:59:49,070 [Datanode State Machine Thread - 0] INFO  server.XceiverServerGrpc (XceiverServerGrpc.java:start(161)) - XceiverServerGrpc 53ccca58-9df7-41e3-9a4c-33135d9d5679 is started using port 33232
2019-08-23 08:59:49,073 [Datanode State Machine Thread - 0] INFO  server.XceiverServerGrpc (XceiverServerGrpc.java:start(161)) - XceiverServerGrpc 7058706c-0601-4f99-98c3-fb17e47fe4d1 is started using port 40713
2019-08-23 08:59:49,158 [main] INFO  ozone.MiniOzoneClusterImpl (MiniOzoneClusterImpl.java:lambda$waitForClusterToBeReady$0(142)) - Waiting for cluster to be ready. Got 0 of 7 DN Heartbeats.
2019-08-23 08:59:49,162 | INFO  | SCMAudit | user=jenkins1000 | ip=192.168.36.124 | op=GET_VERSION null | ret=SUCCESS |  
2019-08-23 08:59:49,348 [Datanode State Machine Thread - 0] INFO  ozoneimpl.OzoneContainer (OzoneContainer.java:start(186)) - Attempting to start container services.
2019-08-23 08:59:49,348 [Datanode State Machine Thread - 0] INFO  ozoneimpl.OzoneContainer (OzoneContainer.java:startContainerScrub(160)) - Background container scrubber has been disabled by hdds.containerscrub.enabled
2019-08-23 08:59:49,348 [Datanode State Machine Thread - 0] INFO  ratis.XceiverServerRatis (XceiverServerRatis.java:start(404)) - Starting XceiverServerRatis 73a09e5f-1e5e-4ec9-bd35-9dc9ec1f0104 at port 0
2019-08-23 08:59:49,358 [Datanode State Machine Thread - 0] INFO  impl.RaftServerProxy (RaftServerProxy.java:lambda$start$3(299)) - 73a09e5f-1e5e-4ec9-bd35-9dc9ec1f0104: start RPC server
2019-08-23 08:59:49,359 [Datanode State Machine Thread - 0] INFO  server.GrpcService (GrpcService.java:startImpl(149)) - 73a09e5f-1e5e-4ec9-bd35-9dc9ec1f0104: GrpcService started, listening on 0.0.0.0/0.0.0.0:45785
2019-08-23 08:59:49,359 [Datanode State Machine Thread - 0] INFO  ratis.XceiverServerRatis (XceiverServerRatis.java:start(414)) - XceiverServerRatis 73a09e5f-1e5e-4ec9-bd35-9dc9ec1f0104 is started using port 45785
2019-08-23 08:59:49,363 [Datanode State Machine Thread - 0] INFO  server.XceiverServerGrpc (XceiverServerGrpc.java:start(161)) - XceiverServerGrpc 73a09e5f-1e5e-4ec9-bd35-9dc9ec1f0104 is started using port 43215
2019-08-23 08:59:49,602 [IPC Server handler 0 on 40571] INFO  net.NetworkTopology (NetworkTopologyImpl.java:add(110)) - Added a new node: /default-rack/a044e505-5a19-4c44-8ca7-fe19de178d0f
2019-08-23 08:59:49,605 [IPC Server handler 0 on 40571] INFO  node.SCMNodeManager (SCMNodeManager.java:register(273)) - Registered Data node : a044e505-5a19-4c44-8ca7-fe19de178d0f{ip: 192.168.36.124, host: pr-hdds-2022-djmxw-136905289, networkLocation: /default-rack, certSerialId: null}
2019-08-23 08:59:49,606 | INFO  | SCMAudit | user=jenkins1000 | ip=192.168.36.124 | op=REGISTER {datanodeDetails=a044e505-5a19-4c44-8ca7-fe19de178d0f{ip: 192.168.36.124, host: pr-hdds-2022-djmxw-136905289, networkLocation: /default-rack, certSerialId: null}} | ret=SUCCESS |  
2019-08-23 08:59:49,606 [EventQueue-NodeRegistrationContainerReportForDataNodeSafeModeRule] INFO  safemode.SCMSafeModeManager (DataNodeSafeModeRule.java:process(71)) - SCM in safe mode. 1 DataNodes registered, 1 required.
2019-08-23 08:59:49,609 [EventQueue-NodeRegistrationContainerReportForDataNodeSafeModeRule] INFO  safemode.SCMSafeModeManager (SCMSafeModeManager.java:validateSafeModeExitRules(177)) - ScmSafeModeManager, all rules are successfully validated
2019-08-23 08:59:49,609 [EventQueue-NodeRegistrationContainerReportForDataNodeSafeModeRule] INFO  safemode.SCMSafeModeManager (SCMSafeModeManager.java:exitSafeMode(193)) - SCM exiting safe mode.
2019-08-23 08:59:49,623 [grpc-default-executor-5] INFO  impl.RaftServerProxy (RaftServerProxy.java:addNew(89)) - a044e505-5a19-4c44-8ca7-fe19de178d0f: addNew group-4DC8E86C9323:[a044e505-5a19-4c44-8ca7-fe19de178d0f:192.168.36.124:37365] returns group-4DC8E86C9323:java.util.concurrent.CompletableFuture@6d97c47[Not completed]
2019-08-23 08:59:49,625 [pool-126-thread-1] INFO  impl.RaftServerImpl (RaftServerImpl.java:<init>(93)) - a044e505-5a19-4c44-8ca7-fe19de178d0f: new RaftServerImpl for group-4DC8E86C9323:[a044e505-5a19-4c44-8ca7-fe19de178d0f:192.168.36.124:37365] with ContainerStateMachine:uninitialized
2019-08-23 08:59:49,625 [pool-126-thread-1] INFO  server.RaftServerConfigKeys (ConfUtils.java:logGet(43)) - raft.server.rpc.timeout.min = 5s (custom)
2019-08-23 08:59:49,626 [pool-126-thread-1] INFO  server.RaftServerConfigKeys (ConfUtils.java:logGet(43)) - raft.server.rpc.timeout.max = 5200ms (custom)
2019-08-23 08:59:49,626 [pool-126-thread-1] INFO  server.RaftServerConfigKeys (ConfUtils.java:logGet(43)) - raft.server.rpcslowness.timeout = 120s (custom)
2019-08-23 08:59:49,626 [pool-126-thread-1] INFO  server.RaftServerConfigKeys (ConfUtils.java:logGet(43)) - raft.server.sleep.deviation.threshold = 300 (default)
2019-08-23 08:59:49,626 [pool-126-thread-1] INFO  server.RaftServerConfigKeys (ConfUtils.java:logGet(43)) - raft.server.log.appender.install.snapshot.enabled = false (custom)
2019-08-23 08:59:49,626 [pool-126-thread-1] INFO  impl.RaftServerImpl (ServerState.java:<init>(105)) - a044e505-5a19-4c44-8ca7-fe19de178d0f:group-4DC8E86C9323 ConfigurationManager, init=-1: [a044e505-5a19-4c44-8ca7-fe19de178d0f:192.168.36.124:37365], old=null, confs=<EMPTY_MAP>
2019-08-23 08:59:49,627 [pool-126-thread-1] INFO  server.RaftServerConfigKeys (ConfUtils.java:logGet(43)) - raft.server.storage.dir = [/workdir/hadoop-ozone/integration-test/target/test-dir/MiniOzoneClusterImpl-66700af5-9a29-4abd-b0b3-55e500eee43d/datanode-0/data/ratis] (custom)
2019-08-23 08:59:49,627 [pool-126-thread-1] INFO  storage.RaftStorageDirectory (RaftStorageDirectory.java:analyzeStorage(246)) - The storage directory /workdir/hadoop-ozone/integration-test/target/test-dir/MiniOzoneClusterImpl-66700af5-9a29-4abd-b0b3-55e500eee43d/datanode-0/data/ratis/92e3b580-aac8-4953-bd96-4dc8e86c9323 does not exist. Creating ...
2019-08-23 08:59:49,648 [pool-126-thread-1] INFO  storage.RaftStorageDirectory (RaftStorageDirectory.java:tryLock(328)) - Lock on /workdir/hadoop-ozone/integration-test/target/test-dir/MiniOzoneClusterImpl-66700af5-9a29-4abd-b0b3-55e500eee43d/datanode-0/data/ratis/92e3b580-aac8-4953-bd96-4dc8e86c9323/in_use.lock acquired by nodename 4570@pr-hdds-2022-djmxw-136905289
2019-08-23 08:59:49,666 [pool-126-thread-1] INFO  storage.RaftStorage (RaftStorage.java:format(72)) - Storage directory /workdir/hadoop-ozone/integration-test/target/test-dir/MiniOzoneClusterImpl-66700af5-9a29-4abd-b0b3-55e500eee43d/datanode-0/data/ratis/92e3b580-aac8-4953-bd96-4dc8e86c9323 has been successfully formatted.
2019-08-23 08:59:49,666 [pool-126-thread-1] INFO  ratis.ContainerStateMachine (ContainerStateMachine.java:loadSnapshot(226)) - group-4DC8E86C9323: The snapshot info is null. Setting the last applied indexto:(t:0, i:~)
2019-08-23 08:59:49,666 [pool-126-thread-1] INFO  server.RaftServerConfigKeys (ConfUtils.java:logGet(43)) - raft.server.leader.election.timeout = 120s (custom)
2019-08-23 08:59:49,667 [pool-126-thread-1] INFO  server.RaftServerConfigKeys (ConfUtils.java:logGet(43)) - raft.server.log.use.memory = false (default)
2019-08-23 08:59:49,667 [pool-126-thread-1] INFO  server.RaftServerConfigKeys (ConfUtils.java:logGet(43)) - raft.server.log.purge.gap = 1000000 (custom)
2019-08-23 08:59:49,667 [pool-126-thread-1] INFO  server.RaftServerConfigKeys (ConfUtils.java:logGet(43)) - raft.server.log.appender.buffer.byte-limit = 33554432 (custom)
2019-08-23 08:59:49,667 [pool-126-thread-1] INFO  server.RaftServerConfigKeys (ConfUtils.java:logGet(43)) - raft.server.log.segment.size.max = 1048576 (custom)
2019-08-23 08:59:49,667 [pool-126-thread-1] INFO  server.RaftServerConfigKeys (ConfUtils.java:logGet(43)) - raft.server.log.segment.cache.num.max = 2 (custom)
2019-08-23 08:59:49,668 [pool-126-thread-1] INFO  segmented.SegmentedRaftLogWorker (SegmentedRaftLogWorker.java:<init>(172)) - new a044e505-5a19-4c44-8ca7-fe19de178d0f-SegmentedRaftLogWorker:Storage Directory /workdir/hadoop-ozone/integration-test/target/test-dir/MiniOzoneClusterImpl-66700af5-9a29-4abd-b0b3-55e500eee43d/datanode-0/data/ratis/92e3b580-aac8-4953-bd96-4dc8e86c9323 for RaftStorage:Storage Directory /workdir/hadoop-ozone/integration-test/target/test-dir/MiniOzoneClusterImpl-66700af5-9a29-4abd-b0b3-55e500eee43d/datanode-0/data/ratis/92e3b580-aac8-4953-bd96-4dc8e86c9323
2019-08-23 08:59:49,668 [pool-126-thread-1] INFO  server.RaftServerConfigKeys (ConfUtils.java:logGet(43)) - raft.server.log.queue.byte-limit = 2147483647 (custom)
2019-08-23 08:59:49,668 [pool-126-thread-1] INFO  server.RaftServerConfigKeys (ConfUtils.java:logGet(43)) - raft.server.log.queue.element-limit = 1024 (custom)
2019-08-23 08:59:49,668 [pool-126-thread-1] INFO  server.RaftServerConfigKeys (ConfUtils.java:logGet(43)) - raft.server.log.segment.size.max = 1048576 (custom)
2019-08-23 08:59:49,669 [pool-126-thread-1] INFO  server.RaftServerConfigKeys (ConfUtils.java:logGet(43)) - raft.server.log.preallocated.size = 16384 (custom)
2019-08-23 08:59:49,669 [pool-126-thread-1] INFO  server.RaftServerConfigKeys (ConfUtils.java:logGet(43)) - raft.server.log.write.buffer.size = 33554432 (custom)
2019-08-23 08:59:49,669 [pool-126-thread-1] INFO  server.RaftServerConfigKeys (ConfUtils.java:logGet(43)) - raft.server.log.force.sync.num = 128 (default)
2019-08-23 08:59:49,669 [pool-126-thread-1] INFO  server.RaftServerConfigKeys (ConfUtils.java:logGet(43)) - raft.server.log.statemachine.data.sync = true (default)
2019-08-23 08:59:49,669 [pool-126-thread-1] INFO  server.RaftServerConfigKeys (ConfUtils.java:logGet(43)) - raft.server.log.statemachine.data.sync.timeout = 10s (default)
2019-08-23 08:59:49,670 [pool-126-thread-1] INFO  server.RaftServerConfigKeys (ConfUtils.java:logGet(43)) - raft.server.log.statemachine.data.sync.timeout.retry = -1 (default)
2019-08-23 08:59:49,670 [pool-126-thread-1] INFO  server.RaftServerConfigKeys (ConfUtils.java:logGet(43)) - raft.server.log.statemachine.data.caching.enabled = true (custom)
2019-08-23 08:59:49,670 [pool-126-thread-1] INFO  segmented.SegmentedRaftLogWorker (SegmentedRaftLogWorker.java:lambda$new$0(132)) - a044e505-5a19-4c44-8ca7-fe19de178d0f-SegmentedRaftLogWorker:Storage Directory /workdir/hadoop-ozone/integration-test/target/test-dir/MiniOzoneClusterImpl-66700af5-9a29-4abd-b0b3-55e500eee43d/datanode-0/data/ratis/92e3b580-aac8-4953-bd96-4dc8e86c9323: flushIndex: setUnconditionally 0 -> -1
2019-08-23 08:59:49,671 [pool-126-thread-1] INFO  server.RaftServerConfigKeys (ConfUtils.java:logGet(43)) - raft.server.snapshot.auto.trigger.enabled = true (custom)
2019-08-23 08:59:49,671 [pool-126-thread-1] INFO  server.RaftServerConfigKeys (ConfUtils.java:logGet(43)) - raft.server.snapshot.auto.trigger.threshold = 10000 (custom)
2019-08-23 08:59:49,671 [pool-126-thread-1] INFO  server.RaftServerConfigKeys (ConfUtils.java:logGet(43)) - raft.server.retrycache.expirytime = 600000ms (custom)
2019-08-23 08:59:49,672 [pool-126-thread-1] INFO  impl.RaftServerImpl (RaftServerImpl.java:start(180)) - a044e505-5a19-4c44-8ca7-fe19de178d0f: start group-4DC8E86C9323
2019-08-23 08:59:49,672 [pool-126-thread-1] INFO  impl.RaftServerImpl (RaftServerImpl.java:setRole(171)) - a044e505-5a19-4c44-8ca7-fe19de178d0f:group-4DC8E86C9323 changes role from null to FOLLOWER at term 0 for startAsFollower
2019-08-23 08:59:49,672 [pool-126-thread-1] INFO  impl.RoleInfo (RoleInfo.java:updateAndGet(143)) - a044e505-5a19-4c44-8ca7-fe19de178d0f: start FollowerState
2019-08-23 08:59:49,673 [pool-126-thread-1] INFO  util.JmxRegister (JmxRegister.java:tryRegister(44)) - Successfully registered JMX Bean with object name Ratis:service=RaftServer,group=group-4DC8E86C9323,id=a044e505-5a19-4c44-8ca7-fe19de178d0f
2019-08-23 08:59:49,680 [RatisPipelineUtilsThread] INFO  pipeline.PipelineStateManager (PipelineStateManager.java:addPipeline(56)) - Created pipeline Pipeline[ Id: 92e3b580-aac8-4953-bd96-4dc8e86c9323, Nodes: a044e505-5a19-4c44-8ca7-fe19de178d0f{ip: 192.168.36.124, host: pr-hdds-2022-djmxw-136905289, networkLocation: /default-rack, certSerialId: null}, Type:RATIS, Factor:ONE, State:OPEN]
2019-08-23 08:59:49,810 [IPC Server handler 3 on 40571] INFO  net.NetworkTopology (NetworkTopologyImpl.java:add(110)) - Added a new node: /default-rack/ad86c749-0bfc-4170-98eb-eedec0f3acc2
2019-08-23 08:59:49,810 [IPC Server handler 3 on 40571] INFO  node.SCMNodeManager (SCMNodeManager.java:register(273)) - Registered Data node : ad86c749-0bfc-4170-98eb-eedec0f3acc2{ip: 192.168.36.124, host: pr-hdds-2022-djmxw-136905289, networkLocation: /default-rack, certSerialId: null}
2019-08-23 08:59:49,811 | INFO  | SCMAudit | user=jenkins1000 | ip=192.168.36.124 | op=REGISTER {datanodeDetails=ad86c749-0bfc-4170-98eb-eedec0f3acc2{ip: 192.168.36.124, host: pr-hdds-2022-djmxw-136905289, networkLocation: /default-rack, certSerialId: null}} | ret=SUCCESS |  
2019-08-23 08:59:49,822 [grpc-default-executor-5] INFO  impl.RaftServerProxy (RaftServerProxy.java:addNew(89)) - ad86c749-0bfc-4170-98eb-eedec0f3acc2: addNew group-AFF70963126D:[ad86c749-0bfc-4170-98eb-eedec0f3acc2:192.168.36.124:46385] returns group-AFF70963126D:java.util.concurrent.CompletableFuture@40778bbb[Not completed]
2019-08-23 08:59:49,829 [pool-137-thread-1] INFO  impl.RaftServerImpl (RaftServerImpl.java:<init>(93)) - ad86c749-0bfc-4170-98eb-eedec0f3acc2: new RaftServerImpl for group-AFF70963126D:[ad86c749-0bfc-4170-98eb-eedec0f3acc2:192.168.36.124:46385] with ContainerStateMachine:uninitialized
2019-08-23 08:59:49,829 [pool-137-thread-1] INFO  server.RaftServerConfigKeys (ConfUtils.java:logGet(43)) - raft.server.rpc.timeout.min = 5s (custom)
2019-08-23 08:59:49,830 [pool-137-thread-1] INFO  server.RaftServerConfigKeys (ConfUtils.java:logGet(43)) - raft.server.rpc.timeout.max = 5200ms (custom)
2019-08-23 08:59:49,830 [pool-137-thread-1] INFO  server.RaftServerConfigKeys (ConfUtils.java:logGet(43)) - raft.server.rpcslowness.timeout = 120s (custom)
2019-08-23 08:59:49,830 [pool-137-thread-1] INFO  server.RaftServerConfigKeys (ConfUtils.java:logGet(43)) - raft.server.sleep.deviation.threshold = 300 (default)
2019-08-23 08:59:49,831 [pool-137-thread-1] INFO  server.RaftServerConfigKeys (ConfUtils.java:logGet(43)) - raft.server.log.appender.install.snapshot.enabled = false (custom)
2019-08-23 08:59:49,831 [pool-137-thread-1] INFO  impl.RaftServerImpl (ServerState.java:<init>(105)) - ad86c749-0bfc-4170-98eb-eedec0f3acc2:group-AFF70963126D ConfigurationManager, init=-1: [ad86c749-0bfc-4170-98eb-eedec0f3acc2:192.168.36.124:46385], old=null, confs=<EMPTY_MAP>
2019-08-23 08:59:49,831 [pool-137-thread-1] INFO  server.RaftServerConfigKeys (ConfUtils.java:logGet(43)) - raft.server.storage.dir = [/workdir/hadoop-ozone/integration-test/target/test-dir/MiniOzoneClusterImpl-66700af5-9a29-4abd-b0b3-55e500eee43d/datanode-1/data/ratis] (custom)
2019-08-23 08:59:49,832 [pool-137-thread-1] INFO  storage.RaftStorageDirectory (RaftStorageDirectory.java:analyzeStorage(246)) - The storage directory /workdir/hadoop-ozone/integration-test/target/test-dir/MiniOzoneClusterImpl-66700af5-9a29-4abd-b0b3-55e500eee43d/datanode-1/data/ratis/f74acae5-872e-4616-a874-aff70963126d does not exist. Creating ...
2019-08-23 08:59:49,858 [pool-137-thread-1] INFO  storage.RaftStorageDirectory (RaftStorageDirectory.java:tryLock(328)) - Lock on /workdir/hadoop-ozone/integration-test/target/test-dir/MiniOzoneClusterImpl-66700af5-9a29-4abd-b0b3-55e500eee43d/datanode-1/data/ratis/f74acae5-872e-4616-a874-aff70963126d/in_use.lock acquired by nodename 4570@pr-hdds-2022-djmxw-136905289
2019-08-23 08:59:49,883 [pool-137-thread-1] INFO  storage.RaftStorage (RaftStorage.java:format(72)) - Storage directory /workdir/hadoop-ozone/integration-test/target/test-dir/MiniOzoneClusterImpl-66700af5-9a29-4abd-b0b3-55e500eee43d/datanode-1/data/ratis/f74acae5-872e-4616-a874-aff70963126d has been successfully formatted.
2019-08-23 08:59:49,884 [pool-137-thread-1] INFO  ratis.ContainerStateMachine (ContainerStateMachine.java:loadSnapshot(226)) - group-AFF70963126D: The snapshot info is null. Setting the last applied indexto:(t:0, i:~)
2019-08-23 08:59:49,884 [pool-137-thread-1] INFO  server.RaftServerConfigKeys (ConfUtils.java:logGet(43)) - raft.server.leader.election.timeout = 120s (custom)
2019-08-23 08:59:49,884 [pool-137-thread-1] INFO  server.RaftServerConfigKeys (ConfUtils.java:logGet(43)) - raft.server.log.use.memory = false (default)
2019-08-23 08:59:49,884 [pool-137-thread-1] INFO  server.RaftServerConfigKeys (ConfUtils.java:logGet(43)) - raft.server.log.purge.gap = 1000000 (custom)
2019-08-23 08:59:49,884 [pool-137-thread-1] INFO  server.RaftServerConfigKeys (ConfUtils.java:logGet(43)) - raft.server.log.appender.buffer.byte-limit = 33554432 (custom)
2019-08-23 08:59:49,885 [pool-137-thread-1] INFO  server.RaftServerConfigKeys (ConfUtils.java:logGet(43)) - raft.server.log.segment.size.max = 1048576 (custom)
2019-08-23 08:59:49,885 [pool-137-thread-1] INFO  server.RaftServerConfigKeys (ConfUtils.java:logGet(43)) - raft.server.log.segment.cache.num.max = 2 (custom)
2019-08-23 08:59:49,885 [pool-137-thread-1] INFO  segmented.SegmentedRaftLogWorker (SegmentedRaftLogWorker.java:<init>(172)) - new ad86c749-0bfc-4170-98eb-eedec0f3acc2-SegmentedRaftLogWorker:Storage Directory /workdir/hadoop-ozone/integration-test/target/test-dir/MiniOzoneClusterImpl-66700af5-9a29-4abd-b0b3-55e500eee43d/datanode-1/data/ratis/f74acae5-872e-4616-a874-aff70963126d for RaftStorage:Storage Directory /workdir/hadoop-ozone/integration-test/target/test-dir/MiniOzoneClusterImpl-66700af5-9a29-4abd-b0b3-55e500eee43d/datanode-1/data/ratis/f74acae5-872e-4616-a874-aff70963126d
2019-08-23 08:59:49,885 [pool-137-thread-1] INFO  server.RaftServerConfigKeys (ConfUtils.java:logGet(43)) - raft.server.log.queue.byte-limit = 2147483647 (custom)
2019-08-23 08:59:49,885 [pool-137-thread-1] INFO  server.RaftServerConfigKeys (ConfUtils.java:logGet(43)) - raft.server.log.queue.element-limit = 1024 (custom)
2019-08-23 08:59:49,886 [pool-137-thread-1] INFO  server.RaftServerConfigKeys (ConfUtils.java:logGet(43)) - raft.server.log.segment.size.max = 1048576 (custom)
2019-08-23 08:59:49,886 [pool-137-thread-1] INFO  server.RaftServerConfigKeys (ConfUtils.java:logGet(43)) - raft.server.log.preallocated.size = 16384 (custom)
2019-08-23 08:59:49,886 [pool-137-thread-1] INFO  server.RaftServerConfigKeys (ConfUtils.java:logGet(43)) - raft.server.log.write.buffer.size = 33554432 (custom)
2019-08-23 08:59:49,886 [pool-137-thread-1] INFO  server.RaftServerConfigKeys (ConfUtils.java:logGet(43)) - raft.server.log.force.sync.num = 128 (default)
2019-08-23 08:59:49,887 [pool-137-thread-1] INFO  server.RaftServerConfigKeys (ConfUtils.java:logGet(43)) - raft.server.log.statemachine.data.sync = true (default)
2019-08-23 08:59:49,887 [pool-137-thread-1] INFO  server.RaftServerConfigKeys (ConfUtils.java:logGet(43)) - raft.server.log.statemachine.data.sync.timeout = 10s (default)
2019-08-23 08:59:49,887 [pool-137-thread-1] INFO  server.RaftServerConfigKeys (ConfUtils.java:logGet(43)) - raft.server.log.statemachine.data.sync.timeout.retry = -1 (default)
2019-08-23 08:59:49,887 [pool-137-thread-1] INFO  server.RaftServerConfigKeys (ConfUtils.java:logGet(43)) - raft.server.log.statemachine.data.caching.enabled = true (custom)
2019-08-23 08:59:49,888 [pool-137-thread-1] INFO  segmented.SegmentedRaftLogWorker (SegmentedRaftLogWorker.java:lambda$new$0(132)) - ad86c749-0bfc-4170-98eb-eedec0f3acc2-SegmentedRaftLogWorker:Storage Directory /workdir/hadoop-ozone/integration-test/target/test-dir/MiniOzoneClusterImpl-66700af5-9a29-4abd-b0b3-55e500eee43d/datanode-1/data/ratis/f74acae5-872e-4616-a874-aff70963126d: flushIndex: setUnconditionally 0 -> -1
2019-08-23 08:59:49,888 [pool-137-thread-1] INFO  server.RaftServerConfigKeys (ConfUtils.java:logGet(43)) - raft.server.snapshot.auto.trigger.enabled = true (custom)
2019-08-23 08:59:49,888 [pool-137-thread-1] INFO  server.RaftServerConfigKeys (ConfUtils.java:logGet(43)) - raft.server.snapshot.auto.trigger.threshold = 10000 (custom)
2019-08-23 08:59:49,889 [pool-137-thread-1] INFO  server.RaftServerConfigKeys (ConfUtils.java:logGet(43)) - raft.server.retrycache.expirytime = 600000ms (custom)
2019-08-23 08:59:49,889 [pool-137-thread-1] INFO  impl.RaftServerImpl (RaftServerImpl.java:start(180)) - ad86c749-0bfc-4170-98eb-eedec0f3acc2: start group-AFF70963126D
2019-08-23 08:59:49,889 [pool-137-thread-1] INFO  impl.RaftServerImpl (RaftServerImpl.java:setRole(171)) - ad86c749-0bfc-4170-98eb-eedec0f3acc2:group-AFF70963126D changes role from null to FOLLOWER at term 0 for startAsFollower
2019-08-23 08:59:49,889 [pool-137-thread-1] INFO  impl.RoleInfo (RoleInfo.java:updateAndGet(143)) - ad86c749-0bfc-4170-98eb-eedec0f3acc2: start FollowerState
2019-08-23 08:59:49,890 [pool-137-thread-1] INFO  util.JmxRegister (JmxRegister.java:tryRegister(44)) - Successfully registered JMX Bean with object name Ratis:service=RaftServer,group=group-AFF70963126D,id=ad86c749-0bfc-4170-98eb-eedec0f3acc2
2019-08-23 08:59:49,895 [RatisPipelineUtilsThread] INFO  pipeline.PipelineStateManager (PipelineStateManager.java:addPipeline(56)) - Created pipeline Pipeline[ Id: f74acae5-872e-4616-a874-aff70963126d, Nodes: ad86c749-0bfc-4170-98eb-eedec0f3acc2{ip: 192.168.36.124, host: pr-hdds-2022-djmxw-136905289, networkLocation: /default-rack, certSerialId: null}, Type:RATIS, Factor:ONE, State:OPEN]
2019-08-23 08:59:50,159 [main] INFO  ozone.MiniOzoneClusterImpl (MiniOzoneClusterImpl.java:lambda$waitForClusterToBeReady$0(142)) - Waiting for cluster to be ready. Got 2 of 7 DN Heartbeats.
2019-08-23 08:59:50,337 [IPC Server handler 4 on 40571] INFO  net.NetworkTopology (NetworkTopologyImpl.java:add(110)) - Added a new node: /default-rack/e7db1942-ce57-4ac0-b83a-1ab5d1f3726b
2019-08-23 08:59:50,337 [IPC Server handler 4 on 40571] INFO  node.SCMNodeManager (SCMNodeManager.java:register(273)) - Registered Data node : e7db1942-ce57-4ac0-b83a-1ab5d1f3726b{ip: 192.168.36.124, host: pr-hdds-2022-djmxw-136905289, networkLocation: /default-rack, certSerialId: null}
2019-08-23 08:59:50,338 | INFO  | SCMAudit | user=jenkins1000 | ip=192.168.36.124 | op=REGISTER {datanodeDetails=e7db1942-ce57-4ac0-b83a-1ab5d1f3726b{ip: 192.168.36.124, host: pr-hdds-2022-djmxw-136905289, networkLocation: /default-rack, certSerialId: null}} | ret=SUCCESS |  
2019-08-23 08:59:50,351 [grpc-default-executor-5] INFO  impl.RaftServerProxy (RaftServerProxy.java:addNew(89)) - e7db1942-ce57-4ac0-b83a-1ab5d1f3726b: addNew group-10AEBD761EF8:[e7db1942-ce57-4ac0-b83a-1ab5d1f3726b:192.168.36.124:35352] returns group-10AEBD761EF8:java.util.concurrent.CompletableFuture@c61435d[Not completed]
2019-08-23 08:59:50,357 [pool-148-thread-1] INFO  impl.RaftServerImpl (RaftServerImpl.java:<init>(93)) - e7db1942-ce57-4ac0-b83a-1ab5d1f3726b: new RaftServerImpl for group-10AEBD761EF8:[e7db1942-ce57-4ac0-b83a-1ab5d1f3726b:192.168.36.124:35352] with ContainerStateMachine:uninitialized
2019-08-23 08:59:50,358 [pool-148-thread-1] INFO  server.RaftServerConfigKeys (ConfUtils.java:logGet(43)) - raft.server.rpc.timeout.min = 5s (custom)
2019-08-23 08:59:50,358 [pool-148-thread-1] INFO  server.RaftServerConfigKeys (ConfUtils.java:logGet(43)) - raft.server.rpc.timeout.max = 5200ms (custom)
2019-08-23 08:59:50,358 [pool-148-thread-1] INFO  server.RaftServerConfigKeys (ConfUtils.java:logGet(43)) - raft.server.rpcslowness.timeout = 120s (custom)
2019-08-23 08:59:50,358 [pool-148-thread-1] INFO  server.RaftServerConfigKeys (ConfUtils.java:logGet(43)) - raft.server.sleep.deviation.threshold = 300 (default)
2019-08-23 08:59:50,359 [pool-148-thread-1] INFO  server.RaftServerConfigKeys (ConfUtils.java:logGet(43)) - raft.server.log.appender.install.snapshot.enabled = false (custom)
2019-08-23 08:59:50,359 [pool-148-thread-1] INFO  impl.RaftServerImpl (ServerState.java:<init>(105)) - e7db1942-ce57-4ac0-b83a-1ab5d1f3726b:group-10AEBD761EF8 ConfigurationManager, init=-1: [e7db1942-ce57-4ac0-b83a-1ab5d1f3726b:192.168.36.124:35352], old=null, confs=<EMPTY_MAP>
2019-08-23 08:59:50,359 [pool-148-thread-1] INFO  server.RaftServerConfigKeys (ConfUtils.java:logGet(43)) - raft.server.storage.dir = [/workdir/hadoop-ozone/integration-test/target/test-dir/MiniOzoneClusterImpl-66700af5-9a29-4abd-b0b3-55e500eee43d/datanode-2/data/ratis] (custom)
2019-08-23 08:59:50,360 [pool-148-thread-1] INFO  storage.RaftStorageDirectory (RaftStorageDirectory.java:analyzeStorage(246)) - The storage directory /workdir/hadoop-ozone/integration-test/target/test-dir/MiniOzoneClusterImpl-66700af5-9a29-4abd-b0b3-55e500eee43d/datanode-2/data/ratis/04ec3c66-99b2-4514-82c1-10aebd761ef8 does not exist. Creating ...
2019-08-23 08:59:50,384 [pool-148-thread-1] INFO  storage.RaftStorageDirectory (RaftStorageDirectory.java:tryLock(328)) - Lock on /workdir/hadoop-ozone/integration-test/target/test-dir/MiniOzoneClusterImpl-66700af5-9a29-4abd-b0b3-55e500eee43d/datanode-2/data/ratis/04ec3c66-99b2-4514-82c1-10aebd761ef8/in_use.lock acquired by nodename 4570@pr-hdds-2022-djmxw-136905289
2019-08-23 08:59:50,401 [pool-148-thread-1] INFO  storage.RaftStorage (RaftStorage.java:format(72)) - Storage directory /workdir/hadoop-ozone/integration-test/target/test-dir/MiniOzoneClusterImpl-66700af5-9a29-4abd-b0b3-55e500eee43d/datanode-2/data/ratis/04ec3c66-99b2-4514-82c1-10aebd761ef8 has been successfully formatted.
2019-08-23 08:59:50,401 [pool-148-thread-1] INFO  ratis.ContainerStateMachine (ContainerStateMachine.java:loadSnapshot(226)) - group-10AEBD761EF8: The snapshot info is null. Setting the last applied indexto:(t:0, i:~)
2019-08-23 08:59:50,401 [pool-148-thread-1] INFO  server.RaftServerConfigKeys (ConfUtils.java:logGet(43)) - raft.server.leader.election.timeout = 120s (custom)
2019-08-23 08:59:50,401 [pool-148-thread-1] INFO  server.RaftServerConfigKeys (ConfUtils.java:logGet(43)) - raft.server.log.use.memory = false (default)
2019-08-23 08:59:50,402 [pool-148-thread-1] INFO  server.RaftServerConfigKeys (ConfUtils.java:logGet(43)) - raft.server.log.purge.gap = 1000000 (custom)
2019-08-23 08:59:50,402 [pool-148-thread-1] INFO  server.RaftServerConfigKeys (ConfUtils.java:logGet(43)) - raft.server.log.appender.buffer.byte-limit = 33554432 (custom)
2019-08-23 08:59:50,402 [pool-148-thread-1] INFO  server.RaftServerConfigKeys (ConfUtils.java:logGet(43)) - raft.server.log.segment.size.max = 1048576 (custom)
2019-08-23 08:59:50,402 [pool-148-thread-1] INFO  server.RaftServerConfigKeys (ConfUtils.java:logGet(43)) - raft.server.log.segment.cache.num.max = 2 (custom)
2019-08-23 08:59:50,402 [pool-148-thread-1] INFO  segmented.SegmentedRaftLogWorker (SegmentedRaftLogWorker.java:<init>(172)) - new e7db1942-ce57-4ac0-b83a-1ab5d1f3726b-SegmentedRaftLogWorker:Storage Directory /workdir/hadoop-ozone/integration-test/target/test-dir/MiniOzoneClusterImpl-66700af5-9a29-4abd-b0b3-55e500eee43d/datanode-2/data/ratis/04ec3c66-99b2-4514-82c1-10aebd761ef8 for RaftStorage:Storage Directory /workdir/hadoop-ozone/integration-test/target/test-dir/MiniOzoneClusterImpl-66700af5-9a29-4abd-b0b3-55e500eee43d/datanode-2/data/ratis/04ec3c66-99b2-4514-82c1-10aebd761ef8
2019-08-23 08:59:50,403 [pool-148-thread-1] INFO  server.RaftServerConfigKeys (ConfUtils.java:logGet(43)) - raft.server.log.queue.byte-limit = 2147483647 (custom)
2019-08-23 08:59:50,403 [pool-148-thread-1] INFO  server.RaftServerConfigKeys (ConfUtils.java:logGet(43)) - raft.server.log.queue.element-limit = 1024 (custom)
2019-08-23 08:59:50,403 [pool-148-thread-1] INFO  server.RaftServerConfigKeys (ConfUtils.java:logGet(43)) - raft.server.log.segment.size.max = 1048576 (custom)
2019-08-23 08:59:50,403 [pool-148-thread-1] INFO  server.RaftServerConfigKeys (ConfUtils.java:logGet(43)) - raft.server.log.preallocated.size = 16384 (custom)
2019-08-23 08:59:50,404 [pool-148-thread-1] INFO  server.RaftServerConfigKeys (ConfUtils.java:logGet(43)) - raft.server.log.write.buffer.size = 33554432 (custom)
2019-08-23 08:59:50,404 [pool-148-thread-1] INFO  server.RaftServerConfigKeys (ConfUtils.java:logGet(43)) - raft.server.log.force.sync.num = 128 (default)
2019-08-23 08:59:50,404 [pool-148-thread-1] INFO  server.RaftServerConfigKeys (ConfUtils.java:logGet(43)) - raft.server.log.statemachine.data.sync = true (default)
2019-08-23 08:59:50,404 [pool-148-thread-1] INFO  server.RaftServerConfigKeys (ConfUtils.java:logGet(43)) - raft.server.log.statemachine.data.sync.timeout = 10s (default)
2019-08-23 08:59:50,404 [pool-148-thread-1] INFO  server.RaftServerConfigKeys (ConfUtils.java:logGet(43)) - raft.server.log.statemachine.data.sync.timeout.retry = -1 (default)
2019-08-23 08:59:50,405 [pool-148-thread-1] INFO  server.RaftServerConfigKeys (ConfUtils.java:logGet(43)) - raft.server.log.statemachine.data.caching.enabled = true (custom)
2019-08-23 08:59:50,405 [pool-148-thread-1] INFO  segmented.SegmentedRaftLogWorker (SegmentedRaftLogWorker.java:lambda$new$0(132)) - e7db1942-ce57-4ac0-b83a-1ab5d1f3726b-SegmentedRaftLogWorker:Storage Directory /workdir/hadoop-ozone/integration-test/target/test-dir/MiniOzoneClusterImpl-66700af5-9a29-4abd-b0b3-55e500eee43d/datanode-2/data/ratis/04ec3c66-99b2-4514-82c1-10aebd761ef8: flushIndex: setUnconditionally 0 -> -1
2019-08-23 08:59:50,405 [pool-148-thread-1] INFO  server.RaftServerConfigKeys (ConfUtils.java:logGet(43)) - raft.server.snapshot.auto.trigger.enabled = true (custom)
2019-08-23 08:59:50,406 [pool-148-thread-1] INFO  server.RaftServerConfigKeys (ConfUtils.java:logGet(43)) - raft.server.snapshot.auto.trigger.threshold = 10000 (custom)
2019-08-23 08:59:50,406 [pool-148-thread-1] INFO  server.RaftServerConfigKeys (ConfUtils.java:logGet(43)) - raft.server.retrycache.expirytime = 600000ms (custom)
2019-08-23 08:59:50,406 [pool-148-thread-1] INFO  impl.RaftServerImpl (RaftServerImpl.java:start(180)) - e7db1942-ce57-4ac0-b83a-1ab5d1f3726b: start group-10AEBD761EF8
2019-08-23 08:59:50,406 [pool-148-thread-1] INFO  impl.RaftServerImpl (RaftServerImpl.java:setRole(171)) - e7db1942-ce57-4ac0-b83a-1ab5d1f3726b:group-10AEBD761EF8 changes role from null to FOLLOWER at term 0 for startAsFollower
2019-08-23 08:59:50,406 [pool-148-thread-1] INFO  impl.RoleInfo (RoleInfo.java:updateAndGet(143)) - e7db1942-ce57-4ac0-b83a-1ab5d1f3726b: start FollowerState
2019-08-23 08:59:50,407 [pool-148-thread-1] INFO  util.JmxRegister (JmxRegister.java:tryRegister(44)) - Successfully registered JMX Bean with object name Ratis:service=RaftServer,group=group-10AEBD761EF8,id=e7db1942-ce57-4ac0-b83a-1ab5d1f3726b
2019-08-23 08:59:50,413 [RatisPipelineUtilsThread] INFO  pipeline.PipelineStateManager (PipelineStateManager.java:addPipeline(56)) - Created pipeline Pipeline[ Id: 04ec3c66-99b2-4514-82c1-10aebd761ef8, Nodes: e7db1942-ce57-4ac0-b83a-1ab5d1f3726b{ip: 192.168.36.124, host: pr-hdds-2022-djmxw-136905289, networkLocation: /default-rack, certSerialId: null}, Type:RATIS, Factor:ONE, State:OPEN]
2019-08-23 08:59:50,449 [grpc-default-executor-5] INFO  impl.RaftServerProxy (RaftServerProxy.java:addNew(89)) - e7db1942-ce57-4ac0-b83a-1ab5d1f3726b: addNew group-1232FC6AE750:[a044e505-5a19-4c44-8ca7-fe19de178d0f:192.168.36.124:37365, ad86c749-0bfc-4170-98eb-eedec0f3acc2:192.168.36.124:46385, e7db1942-ce57-4ac0-b83a-1ab5d1f3726b:192.168.36.124:35352] returns group-1232FC6AE750:java.util.concurrent.CompletableFuture@72510dd5[Not completed]
2019-08-23 08:59:50,451 [grpc-default-executor-4] INFO  impl.RaftServerProxy (RaftServerProxy.java:addNew(89)) - ad86c749-0bfc-4170-98eb-eedec0f3acc2: addNew group-1232FC6AE750:[a044e505-5a19-4c44-8ca7-fe19de178d0f:192.168.36.124:37365, ad86c749-0bfc-4170-98eb-eedec0f3acc2:192.168.36.124:46385, e7db1942-ce57-4ac0-b83a-1ab5d1f3726b:192.168.36.124:35352] returns group-1232FC6AE750:java.util.concurrent.CompletableFuture@6bd1ce93[Not completed]
2019-08-23 08:59:50,451 [grpc-default-executor-1] INFO  impl.RaftServerProxy (RaftServerProxy.java:addNew(89)) - a044e505-5a19-4c44-8ca7-fe19de178d0f: addNew group-1232FC6AE750:[a044e505-5a19-4c44-8ca7-fe19de178d0f:192.168.36.124:37365, ad86c749-0bfc-4170-98eb-eedec0f3acc2:192.168.36.124:46385, e7db1942-ce57-4ac0-b83a-1ab5d1f3726b:192.168.36.124:35352] returns group-1232FC6AE750:java.util.concurrent.CompletableFuture@175ef849[Not completed]
2019-08-23 08:59:50,452 [pool-148-thread-1] INFO  impl.RaftServerImpl (RaftServerImpl.java:<init>(93)) - e7db1942-ce57-4ac0-b83a-1ab5d1f3726b: new RaftServerImpl for group-1232FC6AE750:[a044e505-5a19-4c44-8ca7-fe19de178d0f:192.168.36.124:37365, ad86c749-0bfc-4170-98eb-eedec0f3acc2:192.168.36.124:46385, e7db1942-ce57-4ac0-b83a-1ab5d1f3726b:192.168.36.124:35352] with ContainerStateMachine:uninitialized
2019-08-23 08:59:50,453 [pool-148-thread-1] INFO  server.RaftServerConfigKeys (ConfUtils.java:logGet(43)) - raft.server.rpc.timeout.min = 5s (custom)
2019-08-23 08:59:50,453 [pool-148-thread-1] INFO  server.RaftServerConfigKeys (ConfUtils.java:logGet(43)) - raft.server.rpc.timeout.max = 5200ms (custom)
2019-08-23 08:59:50,453 [pool-148-thread-1] INFO  server.RaftServerConfigKeys (ConfUtils.java:logGet(43)) - raft.server.rpcslowness.timeout = 120s (custom)
2019-08-23 08:59:50,453 [pool-148-thread-1] INFO  server.RaftServerConfigKeys (ConfUtils.java:logGet(43)) - raft.server.sleep.deviation.threshold = 300 (default)
2019-08-23 08:59:50,453 [pool-126-thread-1] INFO  impl.RaftServerImpl (RaftServerImpl.java:<init>(93)) - a044e505-5a19-4c44-8ca7-fe19de178d0f: new RaftServerImpl for group-1232FC6AE750:[a044e505-5a19-4c44-8ca7-fe19de178d0f:192.168.36.124:37365, ad86c749-0bfc-4170-98eb-eedec0f3acc2:192.168.36.124:46385, e7db1942-ce57-4ac0-b83a-1ab5d1f3726b:192.168.36.124:35352] with ContainerStateMachine:uninitialized
2019-08-23 08:59:50,453 [pool-148-thread-1] INFO  server.RaftServerConfigKeys (ConfUtils.java:logGet(43)) - raft.server.log.appender.install.snapshot.enabled = false (custom)
2019-08-23 08:59:50,454 [pool-126-thread-1] INFO  server.RaftServerConfigKeys (ConfUtils.java:logGet(43)) - raft.server.rpc.timeout.min = 5s (custom)
2019-08-23 08:59:50,454 [pool-148-thread-1] INFO  impl.RaftServerImpl (ServerState.java:<init>(105)) - e7db1942-ce57-4ac0-b83a-1ab5d1f3726b:group-1232FC6AE750 ConfigurationManager, init=-1: [a044e505-5a19-4c44-8ca7-fe19de178d0f:192.168.36.124:37365, ad86c749-0bfc-4170-98eb-eedec0f3acc2:192.168.36.124:46385, e7db1942-ce57-4ac0-b83a-1ab5d1f3726b:192.168.36.124:35352], old=null, confs=<EMPTY_MAP>
2019-08-23 08:59:50,454 [pool-137-thread-1] INFO  impl.RaftServerImpl (RaftServerImpl.java:<init>(93)) - ad86c749-0bfc-4170-98eb-eedec0f3acc2: new RaftServerImpl for group-1232FC6AE750:[a044e505-5a19-4c44-8ca7-fe19de178d0f:192.168.36.124:37365, ad86c749-0bfc-4170-98eb-eedec0f3acc2:192.168.36.124:46385, e7db1942-ce57-4ac0-b83a-1ab5d1f3726b:192.168.36.124:35352] with ContainerStateMachine:uninitialized
2019-08-23 08:59:50,454 [pool-126-thread-1] INFO  server.RaftServerConfigKeys (ConfUtils.java:logGet(43)) - raft.server.rpc.timeout.max = 5200ms (custom)
2019-08-23 08:59:50,454 [pool-137-thread-1] INFO  server.RaftServerConfigKeys (ConfUtils.java:logGet(43)) - raft.server.rpc.timeout.min = 5s (custom)
2019-08-23 08:59:50,454 [pool-148-thread-1] INFO  server.RaftServerConfigKeys (ConfUtils.java:logGet(43)) - raft.server.storage.dir = [/workdir/hadoop-ozone/integration-test/target/test-dir/MiniOzoneClusterImpl-66700af5-9a29-4abd-b0b3-55e500eee43d/datanode-2/data/ratis] (custom)
2019-08-23 08:59:50,455 [pool-137-thread-1] INFO  server.RaftServerConfigKeys (ConfUtils.java:logGet(43)) - raft.server.rpc.timeout.max = 5200ms (custom)
2019-08-23 08:59:50,454 [pool-126-thread-1] INFO  server.RaftServerConfigKeys (ConfUtils.java:logGet(43)) - raft.server.rpcslowness.timeout = 120s (custom)
2019-08-23 08:59:50,455 [pool-137-thread-1] INFO  server.RaftServerConfigKeys (ConfUtils.java:logGet(43)) - raft.server.rpcslowness.timeout = 120s (custom)
2019-08-23 08:59:50,455 [pool-126-thread-1] INFO  server.RaftServerConfigKeys (ConfUtils.java:logGet(43)) - raft.server.sleep.deviation.threshold = 300 (default)
2019-08-23 08:59:50,455 [pool-148-thread-1] INFO  storage.RaftStorageDirectory (RaftStorageDirectory.java:analyzeStorage(246)) - The storage directory /workdir/hadoop-ozone/integration-test/target/test-dir/MiniOzoneClusterImpl-66700af5-9a29-4abd-b0b3-55e500eee43d/datanode-2/data/ratis/de55a504-d559-482d-9cfb-1232fc6ae750 does not exist. Creating ...
2019-08-23 08:59:50,455 [pool-126-thread-1] INFO  server.RaftServerConfigKeys (ConfUtils.java:logGet(43)) - raft.server.log.appender.install.snapshot.enabled = false (custom)
2019-08-23 08:59:50,455 [pool-137-thread-1] INFO  server.RaftServerConfigKeys (ConfUtils.java:logGet(43)) - raft.server.sleep.deviation.threshold = 300 (default)
2019-08-23 08:59:50,456 [pool-126-thread-1] INFO  impl.RaftServerImpl (ServerState.java:<init>(105)) - a044e505-5a19-4c44-8ca7-fe19de178d0f:group-1232FC6AE750 ConfigurationManager, init=-1: [a044e505-5a19-4c44-8ca7-fe19de178d0f:192.168.36.124:37365, ad86c749-0bfc-4170-98eb-eedec0f3acc2:192.168.36.124:46385, e7db1942-ce57-4ac0-b83a-1ab5d1f3726b:192.168.36.124:35352], old=null, confs=<EMPTY_MAP>
2019-08-23 08:59:50,456 [pool-137-thread-1] INFO  server.RaftServerConfigKeys (ConfUtils.java:logGet(43)) - raft.server.log.appender.install.snapshot.enabled = false (custom)
2019-08-23 08:59:50,456 [pool-126-thread-1] INFO  server.RaftServerConfigKeys (ConfUtils.java:logGet(43)) - raft.server.storage.dir = [/workdir/hadoop-ozone/integration-test/target/test-dir/MiniOzoneClusterImpl-66700af5-9a29-4abd-b0b3-55e500eee43d/datanode-0/data/ratis] (custom)
2019-08-23 08:59:50,456 [pool-137-thread-1] INFO  impl.RaftServerImpl (ServerState.java:<init>(105)) - ad86c749-0bfc-4170-98eb-eedec0f3acc2:group-1232FC6AE750 ConfigurationManager, init=-1: [a044e505-5a19-4c44-8ca7-fe19de178d0f:192.168.36.124:37365, ad86c749-0bfc-4170-98eb-eedec0f3acc2:192.168.36.124:46385, e7db1942-ce57-4ac0-b83a-1ab5d1f3726b:192.168.36.124:35352], old=null, confs=<EMPTY_MAP>
2019-08-23 08:59:50,457 [pool-137-thread-1] INFO  server.RaftServerConfigKeys (ConfUtils.java:logGet(43)) - raft.server.storage.dir = [/workdir/hadoop-ozone/integration-test/target/test-dir/MiniOzoneClusterImpl-66700af5-9a29-4abd-b0b3-55e500eee43d/datanode-1/data/ratis] (custom)
2019-08-23 08:59:50,457 [pool-126-thread-1] INFO  storage.RaftStorageDirectory (RaftStorageDirectory.java:analyzeStorage(246)) - The storage directory /workdir/hadoop-ozone/integration-test/target/test-dir/MiniOzoneClusterImpl-66700af5-9a29-4abd-b0b3-55e500eee43d/datanode-0/data/ratis/de55a504-d559-482d-9cfb-1232fc6ae750 does not exist. Creating ...
2019-08-23 08:59:50,457 [pool-137-thread-1] INFO  storage.RaftStorageDirectory (RaftStorageDirectory.java:analyzeStorage(246)) - The storage directory /workdir/hadoop-ozone/integration-test/target/test-dir/MiniOzoneClusterImpl-66700af5-9a29-4abd-b0b3-55e500eee43d/datanode-1/data/ratis/de55a504-d559-482d-9cfb-1232fc6ae750 does not exist. Creating ...
2019-08-23 08:59:50,476 [pool-148-thread-1] INFO  storage.RaftStorageDirectory (RaftStorageDirectory.java:tryLock(328)) - Lock on /workdir/hadoop-ozone/integration-test/target/test-dir/MiniOzoneClusterImpl-66700af5-9a29-4abd-b0b3-55e500eee43d/datanode-2/data/ratis/de55a504-d559-482d-9cfb-1232fc6ae750/in_use.lock acquired by nodename 4570@pr-hdds-2022-djmxw-136905289
2019-08-23 08:59:50,476 [pool-137-thread-1] INFO  storage.RaftStorageDirectory (RaftStorageDirectory.java:tryLock(328)) - Lock on /workdir/hadoop-ozone/integration-test/target/test-dir/MiniOzoneClusterImpl-66700af5-9a29-4abd-b0b3-55e500eee43d/datanode-1/data/ratis/de55a504-d559-482d-9cfb-1232fc6ae750/in_use.lock acquired by nodename 4570@pr-hdds-2022-djmxw-136905289
2019-08-23 08:59:50,476 [pool-126-thread-1] INFO  storage.RaftStorageDirectory (RaftStorageDirectory.java:tryLock(328)) - Lock on /workdir/hadoop-ozone/integration-test/target/test-dir/MiniOzoneClusterImpl-66700af5-9a29-4abd-b0b3-55e500eee43d/datanode-0/data/ratis/de55a504-d559-482d-9cfb-1232fc6ae750/in_use.lock acquired by nodename 4570@pr-hdds-2022-djmxw-136905289
2019-08-23 08:59:50,494 [pool-126-thread-1] INFO  storage.RaftStorage (RaftStorage.java:format(72)) - Storage directory /workdir/hadoop-ozone/integration-test/target/test-dir/MiniOzoneClusterImpl-66700af5-9a29-4abd-b0b3-55e500eee43d/datanode-0/data/ratis/de55a504-d559-482d-9cfb-1232fc6ae750 has been successfully formatted.
2019-08-23 08:59:50,494 [pool-137-thread-1] INFO  storage.RaftStorage (RaftStorage.java:format(72)) - Storage directory /workdir/hadoop-ozone/integration-test/target/test-dir/MiniOzoneClusterImpl-66700af5-9a29-4abd-b0b3-55e500eee43d/datanode-1/data/ratis/de55a504-d559-482d-9cfb-1232fc6ae750 has been successfully formatted.
2019-08-23 08:59:50,494 [pool-148-thread-1] INFO  storage.RaftStorage (RaftStorage.java:format(72)) - Storage directory /workdir/hadoop-ozone/integration-test/target/test-dir/MiniOzoneClusterImpl-66700af5-9a29-4abd-b0b3-55e500eee43d/datanode-2/data/ratis/de55a504-d559-482d-9cfb-1232fc6ae750 has been successfully formatted.
2019-08-23 08:59:50,495 [pool-148-thread-1] INFO  ratis.ContainerStateMachine (ContainerStateMachine.java:loadSnapshot(226)) - group-1232FC6AE750: The snapshot info is null. Setting the last applied indexto:(t:0, i:~)
2019-08-23 08:59:50,495 [pool-137-thread-1] INFO  ratis.ContainerStateMachine (ContainerStateMachine.java:loadSnapshot(226)) - group-1232FC6AE750: The snapshot info is null. Setting the last applied indexto:(t:0, i:~)
2019-08-23 08:59:50,495 [pool-148-thread-1] INFO  server.RaftServerConfigKeys (ConfUtils.java:logGet(43)) - raft.server.leader.election.timeout = 120s (custom)
2019-08-23 08:59:50,495 [pool-126-thread-1] INFO  ratis.ContainerStateMachine (ContainerStateMachine.java:loadSnapshot(226)) - group-1232FC6AE750: The snapshot info is null. Setting the last applied indexto:(t:0, i:~)
2019-08-23 08:59:50,495 [pool-148-thread-1] INFO  server.RaftServerConfigKeys (ConfUtils.java:logGet(43)) - raft.server.log.use.memory = false (default)
2019-08-23 08:59:50,495 [pool-137-thread-1] INFO  server.RaftServerConfigKeys (ConfUtils.java:logGet(43)) - raft.server.leader.election.timeout = 120s (custom)
2019-08-23 08:59:50,496 [pool-148-thread-1] INFO  server.RaftServerConfigKeys (ConfUtils.java:logGet(43)) - raft.server.log.purge.gap = 1000000 (custom)
2019-08-23 08:59:50,496 [pool-126-thread-1] INFO  server.RaftServerConfigKeys (ConfUtils.java:logGet(43)) - raft.server.leader.election.timeout = 120s (custom)
2019-08-23 08:59:50,496 [pool-148-thread-1] INFO  server.RaftServerConfigKeys (ConfUtils.java:logGet(43)) - raft.server.log.appender.buffer.byte-limit = 33554432 (custom)
2019-08-23 08:59:50,496 [pool-137-thread-1] INFO  server.RaftServerConfigKeys (ConfUtils.java:logGet(43)) - raft.server.log.use.memory = false (default)
2019-08-23 08:59:50,496 [pool-148-thread-1] INFO  server.RaftServerConfigKeys (ConfUtils.java:logGet(43)) - raft.server.log.segment.size.max = 1048576 (custom)
2019-08-23 08:59:50,496 [pool-126-thread-1] INFO  server.RaftServerConfigKeys (ConfUtils.java:logGet(43)) - raft.server.log.use.memory = false (default)
2019-08-23 08:59:50,497 [pool-148-thread-1] INFO  server.RaftServerConfigKeys (ConfUtils.java:logGet(43)) - raft.server.log.segment.cache.num.max = 2 (custom)
2019-08-23 08:59:50,496 [pool-137-thread-1] INFO  server.RaftServerConfigKeys (ConfUtils.java:logGet(43)) - raft.server.log.purge.gap = 1000000 (custom)
2019-08-23 08:59:50,497 [pool-148-thread-1] INFO  segmented.SegmentedRaftLogWorker (SegmentedRaftLogWorker.java:<init>(172)) - new e7db1942-ce57-4ac0-b83a-1ab5d1f3726b-SegmentedRaftLogWorker:Storage Directory /workdir/hadoop-ozone/integration-test/target/test-dir/MiniOzoneClusterImpl-66700af5-9a29-4abd-b0b3-55e500eee43d/datanode-2/data/ratis/de55a504-d559-482d-9cfb-1232fc6ae750 for RaftStorage:Storage Directory /workdir/hadoop-ozone/integration-test/target/test-dir/MiniOzoneClusterImpl-66700af5-9a29-4abd-b0b3-55e500eee43d/datanode-2/data/ratis/de55a504-d559-482d-9cfb-1232fc6ae750
2019-08-23 08:59:50,497 [pool-126-thread-1] INFO  server.RaftServerConfigKeys (ConfUtils.java:logGet(43)) - raft.server.log.purge.gap = 1000000 (custom)
2019-08-23 08:59:50,497 [pool-148-thread-1] INFO  server.RaftServerConfigKeys (ConfUtils.java:logGet(43)) - raft.server.log.queue.byte-limit = 2147483647 (custom)
2019-08-23 08:59:50,497 [pool-137-thread-1] INFO  server.RaftServerConfigKeys (ConfUtils.java:logGet(43)) - raft.server.log.appender.buffer.byte-limit = 33554432 (custom)
2019-08-23 08:59:50,500 [pool-148-thread-1] INFO  server.RaftServerConfigKeys (ConfUtils.java:logGet(43)) - raft.server.log.queue.element-limit = 1024 (custom)
2019-08-23 08:59:50,497 [pool-126-thread-1] INFO  server.RaftServerConfigKeys (ConfUtils.java:logGet(43)) - raft.server.log.appender.buffer.byte-limit = 33554432 (custom)
2019-08-23 08:59:50,501 [pool-148-thread-1] INFO  server.RaftServerConfigKeys (ConfUtils.java:logGet(43)) - raft.server.log.segment.size.max = 1048576 (custom)
2019-08-23 08:59:50,501 [pool-148-thread-1] INFO  server.RaftServerConfigKeys (ConfUtils.java:logGet(43)) - raft.server.log.preallocated.size = 16384 (custom)
2019-08-23 08:59:50,501 [pool-137-thread-1] INFO  server.RaftServerConfigKeys (ConfUtils.java:logGet(43)) - raft.server.log.segment.size.max = 1048576 (custom)
2019-08-23 08:59:50,501 [pool-148-thread-1] INFO  server.RaftServerConfigKeys (ConfUtils.java:logGet(43)) - raft.server.log.write.buffer.size = 33554432 (custom)
2019-08-23 08:59:50,502 [pool-148-thread-1] INFO  server.RaftServerConfigKeys (ConfUtils.java:logGet(43)) - raft.server.log.force.sync.num = 128 (default)
2019-08-23 08:59:50,501 [pool-126-thread-1] INFO  server.RaftServerConfigKeys (ConfUtils.java:logGet(43)) - raft.server.log.segment.size.max = 1048576 (custom)
2019-08-23 08:59:50,502 [pool-148-thread-1] INFO  server.RaftServerConfigKeys (ConfUtils.java:logGet(43)) - raft.server.log.statemachine.data.sync = true (default)
2019-08-23 08:59:50,502 [pool-137-thread-1] INFO  server.RaftServerConfigKeys (ConfUtils.java:logGet(43)) - raft.server.log.segment.cache.num.max = 2 (custom)
2019-08-23 08:59:50,502 [pool-148-thread-1] INFO  server.RaftServerConfigKeys (ConfUtils.java:logGet(43)) - raft.server.log.statemachine.data.sync.timeout = 10s (default)
2019-08-23 08:59:50,502 [pool-126-thread-1] INFO  server.RaftServerConfigKeys (ConfUtils.java:logGet(43)) - raft.server.log.segment.cache.num.max = 2 (custom)
2019-08-23 08:59:50,502 [pool-148-thread-1] INFO  server.RaftServerConfigKeys (ConfUtils.java:logGet(43)) - raft.server.log.statemachine.data.sync.timeout.retry = -1 (default)
2019-08-23 08:59:50,502 [pool-137-thread-1] INFO  segmented.SegmentedRaftLogWorker (SegmentedRaftLogWorker.java:<init>(172)) - new ad86c749-0bfc-4170-98eb-eedec0f3acc2-SegmentedRaftLogWorker:Storage Directory /workdir/hadoop-ozone/integration-test/target/test-dir/MiniOzoneClusterImpl-66700af5-9a29-4abd-b0b3-55e500eee43d/datanode-1/data/ratis/de55a504-d559-482d-9cfb-1232fc6ae750 for RaftStorage:Storage Directory /workdir/hadoop-ozone/integration-test/target/test-dir/MiniOzoneClusterImpl-66700af5-9a29-4abd-b0b3-55e500eee43d/datanode-1/data/ratis/de55a504-d559-482d-9cfb-1232fc6ae750
2019-08-23 08:59:50,503 [pool-126-thread-1] INFO  segmented.SegmentedRaftLogWorker (SegmentedRaftLogWorker.java:<init>(172)) - new a044e505-5a19-4c44-8ca7-fe19de178d0f-SegmentedRaftLogWorker:Storage Directory /workdir/hadoop-ozone/integration-test/target/test-dir/MiniOzoneClusterImpl-66700af5-9a29-4abd-b0b3-55e500eee43d/datanode-0/data/ratis/de55a504-d559-482d-9cfb-1232fc6ae750 for RaftStorage:Storage Directory /workdir/hadoop-ozone/integration-test/target/test-dir/MiniOzoneClusterImpl-66700af5-9a29-4abd-b0b3-55e500eee43d/datanode-0/data/ratis/de55a504-d559-482d-9cfb-1232fc6ae750
2019-08-23 08:59:50,503 [pool-137-thread-1] INFO  server.RaftServerConfigKeys (ConfUtils.java:logGet(43)) - raft.server.log.queue.byte-limit = 2147483647 (custom)
2019-08-23 08:59:50,503 [pool-148-thread-1] INFO  server.RaftServerConfigKeys (ConfUtils.java:logGet(43)) - raft.server.log.statemachine.data.caching.enabled = true (custom)
2019-08-23 08:59:50,506 [pool-137-thread-1] INFO  server.RaftServerConfigKeys (ConfUtils.java:logGet(43)) - raft.server.log.queue.element-limit = 1024 (custom)
2019-08-23 08:59:50,503 [pool-126-thread-1] INFO  server.RaftServerConfigKeys (ConfUtils.java:logGet(43)) - raft.server.log.queue.byte-limit = 2147483647 (custom)
2019-08-23 08:59:50,509 [pool-148-thread-1] INFO  segmented.SegmentedRaftLogWorker (SegmentedRaftLogWorker.java:lambda$new$0(132)) - e7db1942-ce57-4ac0-b83a-1ab5d1f3726b-SegmentedRaftLogWorker:Storage Directory /workdir/hadoop-ozone/integration-test/target/test-dir/MiniOzoneClusterImpl-66700af5-9a29-4abd-b0b3-55e500eee43d/datanode-2/data/ratis/de55a504-d559-482d-9cfb-1232fc6ae750: flushIndex: setUnconditionally 0 -> -1
2019-08-23 08:59:50,509 [pool-137-thread-1] INFO  server.RaftServerConfigKeys (ConfUtils.java:logGet(43)) - raft.server.log.segment.size.max = 1048576 (custom)
2019-08-23 08:59:50,509 [pool-126-thread-1] INFO  server.RaftServerConfigKeys (ConfUtils.java:logGet(43)) - raft.server.log.queue.element-limit = 1024 (custom)
2019-08-23 08:59:50,509 [pool-148-thread-1] INFO  server.RaftServerConfigKeys (ConfUtils.java:logGet(43)) - raft.server.snapshot.auto.trigger.enabled = true (custom)
2019-08-23 08:59:50,509 [pool-137-thread-1] INFO  server.RaftServerConfigKeys (ConfUtils.java:logGet(43)) - raft.server.log.preallocated.size = 16384 (custom)
2019-08-23 08:59:50,510 [pool-148-thread-1] INFO  server.RaftServerConfigKeys (ConfUtils.java:logGet(43)) - raft.server.snapshot.auto.trigger.threshold = 10000 (custom)
2019-08-23 08:59:50,510 [pool-126-thread-1] INFO  server.RaftServerConfigKeys (ConfUtils.java:logGet(43)) - raft.server.log.segment.size.max = 1048576 (custom)
2019-08-23 08:59:50,510 [pool-148-thread-1] INFO  server.RaftServerConfigKeys (ConfUtils.java:logGet(43)) - raft.server.retrycache.expirytime = 600000ms (custom)
2019-08-23 08:59:50,510 [pool-137-thread-1] INFO  server.RaftServerConfigKeys (ConfUtils.java:logGet(43)) - raft.server.log.write.buffer.size = 33554432 (custom)
2019-08-23 08:59:50,510 [pool-148-thread-1] INFO  impl.RaftServerImpl (RaftServerImpl.java:start(180)) - e7db1942-ce57-4ac0-b83a-1ab5d1f3726b: start group-1232FC6AE750
2019-08-23 08:59:50,510 [pool-126-thread-1] INFO  server.RaftServerConfigKeys (ConfUtils.java:logGet(43)) - raft.server.log.preallocated.size = 16384 (custom)
2019-08-23 08:59:50,511 [pool-148-thread-1] INFO  impl.RaftServerImpl (RaftServerImpl.java:setRole(171)) - e7db1942-ce57-4ac0-b83a-1ab5d1f3726b:group-1232FC6AE750 changes role from null to FOLLOWER at term 0 for startAsFollower
2019-08-23 08:59:50,510 [pool-137-thread-1] INFO  server.RaftServerConfigKeys (ConfUtils.java:logGet(43)) - raft.server.log.force.sync.num = 128 (default)
2019-08-23 08:59:50,511 [pool-148-thread-1] INFO  impl.RoleInfo (RoleInfo.java:updateAndGet(143)) - e7db1942-ce57-4ac0-b83a-1ab5d1f3726b: start FollowerState
2019-08-23 08:59:50,511 [pool-126-thread-1] INFO  server.RaftServerConfigKeys (ConfUtils.java:logGet(43)) - raft.server.log.write.buffer.size = 33554432 (custom)
2019-08-23 08:59:50,511 [pool-137-thread-1] INFO  server.RaftServerConfigKeys (ConfUtils.java:logGet(43)) - raft.server.log.statemachine.data.sync = true (default)
2019-08-23 08:59:50,511 [pool-126-thread-1] INFO  server.RaftServerConfigKeys (ConfUtils.java:logGet(43)) - raft.server.log.force.sync.num = 128 (default)
2019-08-23 08:59:50,512 [pool-148-thread-1] INFO  util.JmxRegister (JmxRegister.java:tryRegister(44)) - Successfully registered JMX Bean with object name Ratis:service=RaftServer,group=group-1232FC6AE750,id=e7db1942-ce57-4ac0-b83a-1ab5d1f3726b
2019-08-23 08:59:50,512 [pool-137-thread-1] INFO  server.RaftServerConfigKeys (ConfUtils.java:logGet(43)) - raft.server.log.statemachine.data.sync.timeout = 10s (default)
2019-08-23 08:59:50,512 [pool-126-thread-1] INFO  server.RaftServerConfigKeys (ConfUtils.java:logGet(43)) - raft.server.log.statemachine.data.sync = true (default)
2019-08-23 08:59:50,512 [pool-137-thread-1] INFO  server.RaftServerConfigKeys (ConfUtils.java:logGet(43)) - raft.server.log.statemachine.data.sync.timeout.retry = -1 (default)
2019-08-23 08:59:50,512 [pool-126-thread-1] INFO  server.RaftServerConfigKeys (ConfUtils.java:logGet(43)) - raft.server.log.statemachine.data.sync.timeout = 10s (default)
2019-08-23 08:59:50,513 [pool-137-thread-1] INFO  server.RaftServerConfigKeys (ConfUtils.java:logGet(43)) - raft.server.log.statemachine.data.caching.enabled = true (custom)
2019-08-23 08:59:50,513 [pool-126-thread-1] INFO  server.RaftServerConfigKeys (ConfUtils.java:logGet(43)) - raft.server.log.statemachine.data.sync.timeout.retry = -1 (default)
2019-08-23 08:59:50,513 [pool-126-thread-1] INFO  server.RaftServerConfigKeys (ConfUtils.java:logGet(43)) - raft.server.log.statemachine.data.caching.enabled = true (custom)
2019-08-23 08:59:50,513 [pool-137-thread-1] INFO  segmented.SegmentedRaftLogWorker (SegmentedRaftLogWorker.java:lambda$new$0(132)) - ad86c749-0bfc-4170-98eb-eedec0f3acc2-SegmentedRaftLogWorker:Storage Directory /workdir/hadoop-ozone/integration-test/target/test-dir/MiniOzoneClusterImpl-66700af5-9a29-4abd-b0b3-55e500eee43d/datanode-1/data/ratis/de55a504-d559-482d-9cfb-1232fc6ae750: flushIndex: setUnconditionally 0 -> -1
2019-08-23 08:59:50,513 [pool-126-thread-1] INFO  segmented.SegmentedRaftLogWorker (SegmentedRaftLogWorker.java:lambda$new$0(132)) - a044e505-5a19-4c44-8ca7-fe19de178d0f-SegmentedRaftLogWorker:Storage Directory /workdir/hadoop-ozone/integration-test/target/test-dir/MiniOzoneClusterImpl-66700af5-9a29-4abd-b0b3-55e500eee43d/datanode-0/data/ratis/de55a504-d559-482d-9cfb-1232fc6ae750: flushIndex: setUnconditionally 0 -> -1
2019-08-23 08:59:50,514 [pool-137-thread-1] INFO  server.RaftServerConfigKeys (ConfUtils.java:logGet(43)) - raft.server.snapshot.auto.trigger.enabled = true (custom)
2019-08-23 08:59:50,514 [pool-137-thread-1] INFO  server.RaftServerConfigKeys (ConfUtils.java:logGet(43)) - raft.server.snapshot.auto.trigger.threshold = 10000 (custom)
2019-08-23 08:59:50,514 [pool-126-thread-1] INFO  server.RaftServerConfigKeys (ConfUtils.java:logGet(43)) - raft.server.snapshot.auto.trigger.enabled = true (custom)
2019-08-23 08:59:50,514 [pool-137-thread-1] INFO  server.RaftServerConfigKeys (ConfUtils.java:logGet(43)) - raft.server.retrycache.expirytime = 600000ms (custom)
2019-08-23 08:59:50,514 [pool-126-thread-1] INFO  server.RaftServerConfigKeys (ConfUtils.java:logGet(43)) - raft.server.snapshot.auto.trigger.threshold = 10000 (custom)
2019-08-23 08:59:50,514 [pool-137-thread-1] INFO  impl.RaftServerImpl (RaftServerImpl.java:start(180)) - ad86c749-0bfc-4170-98eb-eedec0f3acc2: start group-1232FC6AE750
2019-08-23 08:59:50,514 [pool-126-thread-1] INFO  server.RaftServerConfigKeys (ConfUtils.java:logGet(43)) - raft.server.retrycache.expirytime = 600000ms (custom)
2019-08-23 08:59:50,514 [pool-137-thread-1] INFO  impl.RaftServerImpl (RaftServerImpl.java:setRole(171)) - ad86c749-0bfc-4170-98eb-eedec0f3acc2:group-1232FC6AE750 changes role from null to FOLLOWER at term 0 for startAsFollower
2019-08-23 08:59:50,517 [pool-126-thread-1] INFO  impl.RaftServerImpl (RaftServerImpl.java:start(180)) - a044e505-5a19-4c44-8ca7-fe19de178d0f: start group-1232FC6AE750
2019-08-23 08:59:50,517 [pool-137-thread-1] INFO  impl.RoleInfo (RoleInfo.java:updateAndGet(143)) - ad86c749-0bfc-4170-98eb-eedec0f3acc2: start FollowerState
2019-08-23 08:59:50,517 [pool-126-thread-1] INFO  impl.RaftServerImpl (RaftServerImpl.java:setRole(171)) - a044e505-5a19-4c44-8ca7-fe19de178d0f:group-1232FC6AE750 changes role from null to FOLLOWER at term 0 for startAsFollower
2019-08-23 08:59:50,517 [pool-126-thread-1] INFO  impl.RoleInfo (RoleInfo.java:updateAndGet(143)) - a044e505-5a19-4c44-8ca7-fe19de178d0f: start FollowerState
2019-08-23 08:59:50,518 [pool-137-thread-1] INFO  util.JmxRegister (JmxRegister.java:tryRegister(44)) - Successfully registered JMX Bean with object name Ratis:service=RaftServer,group=group-1232FC6AE750,id=ad86c749-0bfc-4170-98eb-eedec0f3acc2
2019-08-23 08:59:50,518 [pool-126-thread-1] INFO  util.JmxRegister (JmxRegister.java:tryRegister(44)) - Successfully registered JMX Bean with object name Ratis:service=RaftServer,group=group-1232FC6AE750,id=a044e505-5a19-4c44-8ca7-fe19de178d0f
2019-08-23 08:59:50,526 [RatisPipelineUtilsThread] INFO  pipeline.PipelineStateManager (PipelineStateManager.java:addPipeline(56)) - Created pipeline Pipeline[ Id: de55a504-d559-482d-9cfb-1232fc6ae750, Nodes: ad86c749-0bfc-4170-98eb-eedec0f3acc2{ip: 192.168.36.124, host: pr-hdds-2022-djmxw-136905289, networkLocation: /default-rack, certSerialId: null}e7db1942-ce57-4ac0-b83a-1ab5d1f3726b{ip: 192.168.36.124, host: pr-hdds-2022-djmxw-136905289, networkLocation: /default-rack, certSerialId: null}a044e505-5a19-4c44-8ca7-fe19de178d0f{ip: 192.168.36.124, host: pr-hdds-2022-djmxw-136905289, networkLocation: /default-rack, certSerialId: null}, Type:RATIS, Factor:THREE, State:OPEN]
2019-08-23 08:59:50,533 [IPC Server handler 7 on 40571] INFO  net.NetworkTopology (NetworkTopologyImpl.java:add(110)) - Added a new node: /default-rack/6bf3a110-7368-45bc-babb-68f4f8b3c82b
2019-08-23 08:59:50,533 [IPC Server handler 7 on 40571] INFO  node.SCMNodeManager (SCMNodeManager.java:register(273)) - Registered Data node : 6bf3a110-7368-45bc-babb-68f4f8b3c82b{ip: 192.168.36.124, host: pr-hdds-2022-djmxw-136905289, networkLocation: /default-rack, certSerialId: null}
2019-08-23 08:59:50,534 | INFO  | SCMAudit | user=jenkins1000 | ip=192.168.36.124 | op=REGISTER {datanodeDetails=6bf3a110-7368-45bc-babb-68f4f8b3c82b{ip: 192.168.36.124, host: pr-hdds-2022-djmxw-136905289, networkLocation: /default-rack, certSerialId: null}} | ret=SUCCESS |  
2019-08-23 08:59:50,544 [grpc-default-executor-1] INFO  impl.RaftServerProxy (RaftServerProxy.java:addNew(89)) - 6bf3a110-7368-45bc-babb-68f4f8b3c82b: addNew group-7E7318E1A5F7:[6bf3a110-7368-45bc-babb-68f4f8b3c82b:192.168.36.124:44172] returns group-7E7318E1A5F7:java.util.concurrent.CompletableFuture@56e8b460[Not completed]
2019-08-23 08:59:50,554 [pool-159-thread-1] INFO  impl.RaftServerImpl (RaftServerImpl.java:<init>(93)) - 6bf3a110-7368-45bc-babb-68f4f8b3c82b: new RaftServerImpl for group-7E7318E1A5F7:[6bf3a110-7368-45bc-babb-68f4f8b3c82b:192.168.36.124:44172] with ContainerStateMachine:uninitialized
2019-08-23 08:59:50,554 [pool-159-thread-1] INFO  server.RaftServerConfigKeys (ConfUtils.java:logGet(43)) - raft.server.rpc.timeout.min = 5s (custom)
2019-08-23 08:59:50,554 [pool-159-thread-1] INFO  server.RaftServerConfigKeys (ConfUtils.java:logGet(43)) - raft.server.rpc.timeout.max = 5200ms (custom)
2019-08-23 08:59:50,555 [pool-159-thread-1] INFO  server.RaftServerConfigKeys (ConfUtils.java:logGet(43)) - raft.server.rpcslowness.timeout = 120s (custom)
2019-08-23 08:59:50,555 [pool-159-thread-1] INFO  server.RaftServerConfigKeys (ConfUtils.java:logGet(43)) - raft.server.sleep.deviation.threshold = 300 (default)
2019-08-23 08:59:50,555 [pool-159-thread-1] INFO  server.RaftServerConfigKeys (ConfUtils.java:logGet(43)) - raft.server.log.appender.install.snapshot.enabled = false (custom)
2019-08-23 08:59:50,555 [pool-159-thread-1] INFO  impl.RaftServerImpl (ServerState.java:<init>(105)) - 6bf3a110-7368-45bc-babb-68f4f8b3c82b:group-7E7318E1A5F7 ConfigurationManager, init=-1: [6bf3a110-7368-45bc-babb-68f4f8b3c82b:192.168.36.124:44172], old=null, confs=<EMPTY_MAP>
2019-08-23 08:59:50,555 [pool-159-thread-1] INFO  server.RaftServerConfigKeys (ConfUtils.java:logGet(43)) - raft.server.storage.dir = [/workdir/hadoop-ozone/integration-test/target/test-dir/MiniOzoneClusterImpl-66700af5-9a29-4abd-b0b3-55e500eee43d/datanode-3/data/ratis] (custom)
2019-08-23 08:59:50,556 [pool-159-thread-1] INFO  storage.RaftStorageDirectory (RaftStorageDirectory.java:analyzeStorage(246)) - The storage directory /workdir/hadoop-ozone/integration-test/target/test-dir/MiniOzoneClusterImpl-66700af5-9a29-4abd-b0b3-55e500eee43d/datanode-3/data/ratis/879cbe9c-bf2e-483c-99e6-7e7318e1a5f7 does not exist. Creating ...
2019-08-23 08:59:50,577 [pool-159-thread-1] INFO  storage.RaftStorageDirectory (RaftStorageDirectory.java:tryLock(328)) - Lock on /workdir/hadoop-ozone/integration-test/target/test-dir/MiniOzoneClusterImpl-66700af5-9a29-4abd-b0b3-55e500eee43d/datanode-3/data/ratis/879cbe9c-bf2e-483c-99e6-7e7318e1a5f7/in_use.lock acquired by nodename 4570@pr-hdds-2022-djmxw-136905289
2019-08-23 08:59:50,603 [pool-159-thread-1] INFO  storage.RaftStorage (RaftStorage.java:format(72)) - Storage directory /workdir/hadoop-ozone/integration-test/target/test-dir/MiniOzoneClusterImpl-66700af5-9a29-4abd-b0b3-55e500eee43d/datanode-3/data/ratis/879cbe9c-bf2e-483c-99e6-7e7318e1a5f7 has been successfully formatted.
2019-08-23 08:59:50,603 [pool-159-thread-1] INFO  ratis.ContainerStateMachine (ContainerStateMachine.java:loadSnapshot(226)) - group-7E7318E1A5F7: The snapshot info is null. Setting the last applied indexto:(t:0, i:~)
2019-08-23 08:59:50,603 [pool-159-thread-1] INFO  server.RaftServerConfigKeys (ConfUtils.java:logGet(43)) - raft.server.leader.election.timeout = 120s (custom)
2019-08-23 08:59:50,603 [pool-159-thread-1] INFO  server.RaftServerConfigKeys (ConfUtils.java:logGet(43)) - raft.server.log.use.memory = false (default)
2019-08-23 08:59:50,603 [pool-159-thread-1] INFO  server.RaftServerConfigKeys (ConfUtils.java:logGet(43)) - raft.server.log.purge.gap = 1000000 (custom)
2019-08-23 08:59:50,603 [pool-159-thread-1] INFO  server.RaftServerConfigKeys (ConfUtils.java:logGet(43)) - raft.server.log.appender.buffer.byte-limit = 33554432 (custom)
2019-08-23 08:59:50,604 [pool-159-thread-1] INFO  server.RaftServerConfigKeys (ConfUtils.java:logGet(43)) - raft.server.log.segment.size.max = 1048576 (custom)
2019-08-23 08:59:50,604 [pool-159-thread-1] INFO  server.RaftServerConfigKeys (ConfUtils.java:logGet(43)) - raft.server.log.segment.cache.num.max = 2 (custom)
2019-08-23 08:59:50,604 [pool-159-thread-1] INFO  segmented.SegmentedRaftLogWorker (SegmentedRaftLogWorker.java:<init>(172)) - new 6bf3a110-7368-45bc-babb-68f4f8b3c82b-SegmentedRaftLogWorker:Storage Directory /workdir/hadoop-ozone/integration-test/target/test-dir/MiniOzoneClusterImpl-66700af5-9a29-4abd-b0b3-55e500eee43d/datanode-3/data/ratis/879cbe9c-bf2e-483c-99e6-7e7318e1a5f7 for RaftStorage:Storage Directory /workdir/hadoop-ozone/integration-test/target/test-dir/MiniOzoneClusterImpl-66700af5-9a29-4abd-b0b3-55e500eee43d/datanode-3/data/ratis/879cbe9c-bf2e-483c-99e6-7e7318e1a5f7
2019-08-23 08:59:50,604 [pool-159-thread-1] INFO  server.RaftServerConfigKeys (ConfUtils.java:logGet(43)) - raft.server.log.queue.byte-limit = 2147483647 (custom)
2019-08-23 08:59:50,604 [pool-159-thread-1] INFO  server.RaftServerConfigKeys (ConfUtils.java:logGet(43)) - raft.server.log.queue.element-limit = 1024 (custom)
2019-08-23 08:59:50,605 [pool-159-thread-1] INFO  server.RaftServerConfigKeys (ConfUtils.java:logGet(43)) - raft.server.log.segment.size.max = 1048576 (custom)
2019-08-23 08:59:50,605 [pool-159-thread-1] INFO  server.RaftServerConfigKeys (ConfUtils.java:logGet(43)) - raft.server.log.preallocated.size = 16384 (custom)
2019-08-23 08:59:50,605 [pool-159-thread-1] INFO  server.RaftServerConfigKeys (ConfUtils.java:logGet(43)) - raft.server.log.write.buffer.size = 33554432 (custom)
2019-08-23 08:59:50,605 [pool-159-thread-1] INFO  server.RaftServerConfigKeys (ConfUtils.java:logGet(43)) - raft.server.log.force.sync.num = 128 (default)
2019-08-23 08:59:50,605 [pool-159-thread-1] INFO  server.RaftServerConfigKeys (ConfUtils.java:logGet(43)) - raft.server.log.statemachine.data.sync = true (default)
2019-08-23 08:59:50,605 [pool-159-thread-1] INFO  server.RaftServerConfigKeys (ConfUtils.java:logGet(43)) - raft.server.log.statemachine.data.sync.timeout = 10s (default)
2019-08-23 08:59:50,605 [pool-159-thread-1] INFO  server.RaftServerConfigKeys (ConfUtils.java:logGet(43)) - raft.server.log.statemachine.data.sync.timeout.retry = -1 (default)
2019-08-23 08:59:50,606 [pool-159-thread-1] INFO  server.RaftServerConfigKeys (ConfUtils.java:logGet(43)) - raft.server.log.statemachine.data.caching.enabled = true (custom)
2019-08-23 08:59:50,606 [pool-159-thread-1] INFO  segmented.SegmentedRaftLogWorker (SegmentedRaftLogWorker.java:lambda$new$0(132)) - 6bf3a110-7368-45bc-babb-68f4f8b3c82b-SegmentedRaftLogWorker:Storage Directory /workdir/hadoop-ozone/integration-test/target/test-dir/MiniOzoneClusterImpl-66700af5-9a29-4abd-b0b3-55e500eee43d/datanode-3/data/ratis/879cbe9c-bf2e-483c-99e6-7e7318e1a5f7: flushIndex: setUnconditionally 0 -> -1
2019-08-23 08:59:50,606 [pool-159-thread-1] INFO  server.RaftServerConfigKeys (ConfUtils.java:logGet(43)) - raft.server.snapshot.auto.trigger.enabled = true (custom)
2019-08-23 08:59:50,606 [pool-159-thread-1] INFO  server.RaftServerConfigKeys (ConfUtils.java:logGet(43)) - raft.server.snapshot.auto.trigger.threshold = 10000 (custom)
2019-08-23 08:59:50,606 [pool-159-thread-1] INFO  server.RaftServerConfigKeys (ConfUtils.java:logGet(43)) - raft.server.retrycache.expirytime = 600000ms (custom)
2019-08-23 08:59:50,607 [pool-159-thread-1] INFO  impl.RaftServerImpl (RaftServerImpl.java:start(180)) - 6bf3a110-7368-45bc-babb-68f4f8b3c82b: start group-7E7318E1A5F7
2019-08-23 08:59:50,607 [pool-159-thread-1] INFO  impl.RaftServerImpl (RaftServerImpl.java:setRole(171)) - 6bf3a110-7368-45bc-babb-68f4f8b3c82b:group-7E7318E1A5F7 changes role from null to FOLLOWER at term 0 for startAsFollower
2019-08-23 08:59:50,607 [pool-159-thread-1] INFO  impl.RoleInfo (RoleInfo.java:updateAndGet(143)) - 6bf3a110-7368-45bc-babb-68f4f8b3c82b: start FollowerState
2019-08-23 08:59:50,620 [pool-159-thread-1] INFO  util.JmxRegister (JmxRegister.java:tryRegister(44)) - Successfully registered JMX Bean with object name Ratis:service=RaftServer,group=group-7E7318E1A5F7,id=6bf3a110-7368-45bc-babb-68f4f8b3c82b
2019-08-23 08:59:50,633 [RatisPipelineUtilsThread] INFO  pipeline.PipelineStateManager (PipelineStateManager.java:addPipeline(56)) - Created pipeline Pipeline[ Id: 879cbe9c-bf2e-483c-99e6-7e7318e1a5f7, Nodes: 6bf3a110-7368-45bc-babb-68f4f8b3c82b{ip: 192.168.36.124, host: pr-hdds-2022-djmxw-136905289, networkLocation: /default-rack, certSerialId: null}, Type:RATIS, Factor:ONE, State:OPEN]
2019-08-23 08:59:50,717 [IPC Server handler 2 on 40571] INFO  net.NetworkTopology (NetworkTopologyImpl.java:add(110)) - Added a new node: /default-rack/7058706c-0601-4f99-98c3-fb17e47fe4d1
2019-08-23 08:59:50,718 [IPC Server handler 2 on 40571] INFO  node.SCMNodeManager (SCMNodeManager.java:register(273)) - Registered Data node : 7058706c-0601-4f99-98c3-fb17e47fe4d1{ip: 192.168.36.124, host: pr-hdds-2022-djmxw-136905289, networkLocation: /default-rack, certSerialId: null}
2019-08-23 08:59:50,721 | INFO  | SCMAudit | user=jenkins1000 | ip=192.168.36.124 | op=REGISTER {datanodeDetails=7058706c-0601-4f99-98c3-fb17e47fe4d1{ip: 192.168.36.124, host: pr-hdds-2022-djmxw-136905289, networkLocation: /default-rack, certSerialId: null}} | ret=SUCCESS |  
2019-08-23 08:59:50,730 [grpc-default-executor-1] INFO  impl.RaftServerProxy (RaftServerProxy.java:addNew(89)) - 7058706c-0601-4f99-98c3-fb17e47fe4d1: addNew group-D161976053CE:[7058706c-0601-4f99-98c3-fb17e47fe4d1:192.168.36.124:33809] returns group-D161976053CE:java.util.concurrent.CompletableFuture@3e91deb3[Not completed]
2019-08-23 08:59:50,734 [pool-170-thread-1] INFO  impl.RaftServerImpl (RaftServerImpl.java:<init>(93)) - 7058706c-0601-4f99-98c3-fb17e47fe4d1: new RaftServerImpl for group-D161976053CE:[7058706c-0601-4f99-98c3-fb17e47fe4d1:192.168.36.124:33809] with ContainerStateMachine:uninitialized
2019-08-23 08:59:50,735 [pool-170-thread-1] INFO  server.RaftServerConfigKeys (ConfUtils.java:logGet(43)) - raft.server.rpc.timeout.min = 5s (custom)
2019-08-23 08:59:50,735 [pool-170-thread-1] INFO  server.RaftServerConfigKeys (ConfUtils.java:logGet(43)) - raft.server.rpc.timeout.max = 5200ms (custom)
2019-08-23 08:59:50,735 [pool-170-thread-1] INFO  server.RaftServerConfigKeys (ConfUtils.java:logGet(43)) - raft.server.rpcslowness.timeout = 120s (custom)
2019-08-23 08:59:50,735 [pool-170-thread-1] INFO  server.RaftServerConfigKeys (ConfUtils.java:logGet(43)) - raft.server.sleep.deviation.threshold = 300 (default)
2019-08-23 08:59:50,735 [pool-170-thread-1] INFO  server.RaftServerConfigKeys (ConfUtils.java:logGet(43)) - raft.server.log.appender.install.snapshot.enabled = false (custom)
2019-08-23 08:59:50,736 [pool-170-thread-1] INFO  impl.RaftServerImpl (ServerState.java:<init>(105)) - 7058706c-0601-4f99-98c3-fb17e47fe4d1:group-D161976053CE ConfigurationManager, init=-1: [7058706c-0601-4f99-98c3-fb17e47fe4d1:192.168.36.124:33809], old=null, confs=<EMPTY_MAP>
2019-08-23 08:59:50,736 [pool-170-thread-1] INFO  server.RaftServerConfigKeys (ConfUtils.java:logGet(43)) - raft.server.storage.dir = [/workdir/hadoop-ozone/integration-test/target/test-dir/MiniOzoneClusterImpl-66700af5-9a29-4abd-b0b3-55e500eee43d/datanode-4/data/ratis] (custom)
2019-08-23 08:59:50,736 [pool-170-thread-1] INFO  storage.RaftStorageDirectory (RaftStorageDirectory.java:analyzeStorage(246)) - The storage directory /workdir/hadoop-ozone/integration-test/target/test-dir/MiniOzoneClusterImpl-66700af5-9a29-4abd-b0b3-55e500eee43d/datanode-4/data/ratis/c7085a30-7ee6-484c-a345-d161976053ce does not exist. Creating ...
2019-08-23 08:59:50,753 [pool-170-thread-1] INFO  storage.RaftStorageDirectory (RaftStorageDirectory.java:tryLock(328)) - Lock on /workdir/hadoop-ozone/integration-test/target/test-dir/MiniOzoneClusterImpl-66700af5-9a29-4abd-b0b3-55e500eee43d/datanode-4/data/ratis/c7085a30-7ee6-484c-a345-d161976053ce/in_use.lock acquired by nodename 4570@pr-hdds-2022-djmxw-136905289
2019-08-23 08:59:50,770 [pool-170-thread-1] INFO  storage.RaftStorage (RaftStorage.java:format(72)) - Storage directory /workdir/hadoop-ozone/integration-test/target/test-dir/MiniOzoneClusterImpl-66700af5-9a29-4abd-b0b3-55e500eee43d/datanode-4/data/ratis/c7085a30-7ee6-484c-a345-d161976053ce has been successfully formatted.
2019-08-23 08:59:50,770 [pool-170-thread-1] INFO  ratis.ContainerStateMachine (ContainerStateMachine.java:loadSnapshot(226)) - group-D161976053CE: The snapshot info is null. Setting the last applied indexto:(t:0, i:~)
2019-08-23 08:59:50,771 [pool-170-thread-1] INFO  server.RaftServerConfigKeys (ConfUtils.java:logGet(43)) - raft.server.leader.election.timeout = 120s (custom)
2019-08-23 08:59:50,771 [pool-170-thread-1] INFO  server.RaftServerConfigKeys (ConfUtils.java:logGet(43)) - raft.server.log.use.memory = false (default)
2019-08-23 08:59:50,771 [pool-170-thread-1] INFO  server.RaftServerConfigKeys (ConfUtils.java:logGet(43)) - raft.server.log.purge.gap = 1000000 (custom)
2019-08-23 08:59:50,771 [pool-170-thread-1] INFO  server.RaftServerConfigKeys (ConfUtils.java:logGet(43)) - raft.server.log.appender.buffer.byte-limit = 33554432 (custom)
2019-08-23 08:59:50,771 [pool-170-thread-1] INFO  server.RaftServerConfigKeys (ConfUtils.java:logGet(43)) - raft.server.log.segment.size.max = 1048576 (custom)
2019-08-23 08:59:50,771 [pool-170-thread-1] INFO  server.RaftServerConfigKeys (ConfUtils.java:logGet(43)) - raft.server.log.segment.cache.num.max = 2 (custom)
2019-08-23 08:59:50,771 [pool-170-thread-1] INFO  segmented.SegmentedRaftLogWorker (SegmentedRaftLogWorker.java:<init>(172)) - new 7058706c-0601-4f99-98c3-fb17e47fe4d1-SegmentedRaftLogWorker:Storage Directory /workdir/hadoop-ozone/integration-test/target/test-dir/MiniOzoneClusterImpl-66700af5-9a29-4abd-b0b3-55e500eee43d/datanode-4/data/ratis/c7085a30-7ee6-484c-a345-d161976053ce for RaftStorage:Storage Directory /workdir/hadoop-ozone/integration-test/target/test-dir/MiniOzoneClusterImpl-66700af5-9a29-4abd-b0b3-55e500eee43d/datanode-4/data/ratis/c7085a30-7ee6-484c-a345-d161976053ce
2019-08-23 08:59:50,772 [pool-170-thread-1] INFO  server.RaftServerConfigKeys (ConfUtils.java:logGet(43)) - raft.server.log.queue.byte-limit = 2147483647 (custom)
2019-08-23 08:59:50,772 [pool-170-thread-1] INFO  server.RaftServerConfigKeys (ConfUtils.java:logGet(43)) - raft.server.log.queue.element-limit = 1024 (custom)
2019-08-23 08:59:50,772 [pool-170-thread-1] INFO  server.RaftServerConfigKeys (ConfUtils.java:logGet(43)) - raft.server.log.segment.size.max = 1048576 (custom)
2019-08-23 08:59:50,772 [pool-170-thread-1] INFO  server.RaftServerConfigKeys (ConfUtils.java:logGet(43)) - raft.server.log.preallocated.size = 16384 (custom)
2019-08-23 08:59:50,772 [pool-170-thread-1] INFO  server.RaftServerConfigKeys (ConfUtils.java:logGet(43)) - raft.server.log.write.buffer.size = 33554432 (custom)
2019-08-23 08:59:50,772 [pool-170-thread-1] INFO  server.RaftServerConfigKeys (ConfUtils.java:logGet(43)) - raft.server.log.force.sync.num = 128 (default)
2019-08-23 08:59:50,772 [pool-170-thread-1] INFO  server.RaftServerConfigKeys (ConfUtils.java:logGet(43)) - raft.server.log.statemachine.data.sync = true (default)
2019-08-23 08:59:50,773 [pool-170-thread-1] INFO  server.RaftServerConfigKeys (ConfUtils.java:logGet(43)) - raft.server.log.statemachine.data.sync.timeout = 10s (default)
2019-08-23 08:59:50,773 [pool-170-thread-1] INFO  server.RaftServerConfigKeys (ConfUtils.java:logGet(43)) - raft.server.log.statemachine.data.sync.timeout.retry = -1 (default)
2019-08-23 08:59:50,773 [pool-170-thread-1] INFO  server.RaftServerConfigKeys (ConfUtils.java:logGet(43)) - raft.server.log.statemachine.data.caching.enabled = true (custom)
2019-08-23 08:59:50,773 [pool-170-thread-1] INFO  segmented.SegmentedRaftLogWorker (SegmentedRaftLogWorker.java:lambda$new$0(132)) - 7058706c-0601-4f99-98c3-fb17e47fe4d1-SegmentedRaftLogWorker:Storage Directory /workdir/hadoop-ozone/integration-test/target/test-dir/MiniOzoneClusterImpl-66700af5-9a29-4abd-b0b3-55e500eee43d/datanode-4/data/ratis/c7085a30-7ee6-484c-a345-d161976053ce: flushIndex: setUnconditionally 0 -> -1
2019-08-23 08:59:50,774 [pool-170-thread-1] INFO  server.RaftServerConfigKeys (ConfUtils.java:logGet(43)) - raft.server.snapshot.auto.trigger.enabled = true (custom)
2019-08-23 08:59:50,774 [pool-170-thread-1] INFO  server.RaftServerConfigKeys (ConfUtils.java:logGet(43)) - raft.server.snapshot.auto.trigger.threshold = 10000 (custom)
2019-08-23 08:59:50,774 [pool-170-thread-1] INFO  server.RaftServerConfigKeys (ConfUtils.java:logGet(43)) - raft.server.retrycache.expirytime = 600000ms (custom)
2019-08-23 08:59:50,774 [pool-170-thread-1] INFO  impl.RaftServerImpl (RaftServerImpl.java:start(180)) - 7058706c-0601-4f99-98c3-fb17e47fe4d1: start group-D161976053CE
2019-08-23 08:59:50,774 [pool-170-thread-1] INFO  impl.RaftServerImpl (RaftServerImpl.java:setRole(171)) - 7058706c-0601-4f99-98c3-fb17e47fe4d1:group-D161976053CE changes role from null to FOLLOWER at term 0 for startAsFollower
2019-08-23 08:59:50,774 [pool-170-thread-1] INFO  impl.RoleInfo (RoleInfo.java:updateAndGet(143)) - 7058706c-0601-4f99-98c3-fb17e47fe4d1: start FollowerState
2019-08-23 08:59:50,775 [pool-170-thread-1] INFO  util.JmxRegister (JmxRegister.java:tryRegister(44)) - Successfully registered JMX Bean with object name Ratis:service=RaftServer,group=group-D161976053CE,id=7058706c-0601-4f99-98c3-fb17e47fe4d1
2019-08-23 08:59:50,780 [RatisPipelineUtilsThread] INFO  pipeline.PipelineStateManager (PipelineStateManager.java:addPipeline(56)) - Created pipeline Pipeline[ Id: c7085a30-7ee6-484c-a345-d161976053ce, Nodes: 7058706c-0601-4f99-98c3-fb17e47fe4d1{ip: 192.168.36.124, host: pr-hdds-2022-djmxw-136905289, networkLocation: /default-rack, certSerialId: null}, Type:RATIS, Factor:ONE, State:OPEN]
2019-08-23 08:59:50,954 [IPC Server handler 1 on 40571] INFO  net.NetworkTopology (NetworkTopologyImpl.java:add(110)) - Added a new node: /default-rack/53ccca58-9df7-41e3-9a4c-33135d9d5679
2019-08-23 08:59:50,954 [IPC Server handler 1 on 40571] INFO  node.SCMNodeManager (SCMNodeManager.java:register(273)) - Registered Data node : 53ccca58-9df7-41e3-9a4c-33135d9d5679{ip: 192.168.36.124, host: pr-hdds-2022-djmxw-136905289, networkLocation: /default-rack, certSerialId: null}
2019-08-23 08:59:50,954 | INFO  | SCMAudit | user=jenkins1000 | ip=192.168.36.124 | op=REGISTER {datanodeDetails=53ccca58-9df7-41e3-9a4c-33135d9d5679{ip: 192.168.36.124, host: pr-hdds-2022-djmxw-136905289, networkLocation: /default-rack, certSerialId: null}} | ret=SUCCESS |  
2019-08-23 08:59:50,966 [grpc-default-executor-1] INFO  impl.RaftServerProxy (RaftServerProxy.java:addNew(89)) - 53ccca58-9df7-41e3-9a4c-33135d9d5679: addNew group-7344FE9296BE:[53ccca58-9df7-41e3-9a4c-33135d9d5679:192.168.36.124:41449] returns group-7344FE9296BE:java.util.concurrent.CompletableFuture@7204906[Not completed]
2019-08-23 08:59:50,973 [pool-181-thread-1] INFO  impl.RaftServerImpl (RaftServerImpl.java:<init>(93)) - 53ccca58-9df7-41e3-9a4c-33135d9d5679: new RaftServerImpl for group-7344FE9296BE:[53ccca58-9df7-41e3-9a4c-33135d9d5679:192.168.36.124:41449] with ContainerStateMachine:uninitialized
2019-08-23 08:59:50,973 [pool-181-thread-1] INFO  server.RaftServerConfigKeys (ConfUtils.java:logGet(43)) - raft.server.rpc.timeout.min = 5s (custom)
2019-08-23 08:59:50,973 [pool-181-thread-1] INFO  server.RaftServerConfigKeys (ConfUtils.java:logGet(43)) - raft.server.rpc.timeout.max = 5200ms (custom)
2019-08-23 08:59:50,973 [pool-181-thread-1] INFO  server.RaftServerConfigKeys (ConfUtils.java:logGet(43)) - raft.server.rpcslowness.timeout = 120s (custom)
2019-08-23 08:59:50,973 [pool-181-thread-1] INFO  server.RaftServerConfigKeys (ConfUtils.java:logGet(43)) - raft.server.sleep.deviation.threshold = 300 (default)
2019-08-23 08:59:50,973 [pool-181-thread-1] INFO  server.RaftServerConfigKeys (ConfUtils.java:logGet(43)) - raft.server.log.appender.install.snapshot.enabled = false (custom)
2019-08-23 08:59:50,974 [pool-181-thread-1] INFO  impl.RaftServerImpl (ServerState.java:<init>(105)) - 53ccca58-9df7-41e3-9a4c-33135d9d5679:group-7344FE9296BE ConfigurationManager, init=-1: [53ccca58-9df7-41e3-9a4c-33135d9d5679:192.168.36.124:41449], old=null, confs=<EMPTY_MAP>
2019-08-23 08:59:50,974 [pool-181-thread-1] INFO  server.RaftServerConfigKeys (ConfUtils.java:logGet(43)) - raft.server.storage.dir = [/workdir/hadoop-ozone/integration-test/target/test-dir/MiniOzoneClusterImpl-66700af5-9a29-4abd-b0b3-55e500eee43d/datanode-5/data/ratis] (custom)
2019-08-23 08:59:50,974 [pool-181-thread-1] INFO  storage.RaftStorageDirectory (RaftStorageDirectory.java:analyzeStorage(246)) - The storage directory /workdir/hadoop-ozone/integration-test/target/test-dir/MiniOzoneClusterImpl-66700af5-9a29-4abd-b0b3-55e500eee43d/datanode-5/data/ratis/3be864b4-492d-4d81-b738-7344fe9296be does not exist. Creating ...
2019-08-23 08:59:50,995 [pool-181-thread-1] INFO  storage.RaftStorageDirectory (RaftStorageDirectory.java:tryLock(328)) - Lock on /workdir/hadoop-ozone/integration-test/target/test-dir/MiniOzoneClusterImpl-66700af5-9a29-4abd-b0b3-55e500eee43d/datanode-5/data/ratis/3be864b4-492d-4d81-b738-7344fe9296be/in_use.lock acquired by nodename 4570@pr-hdds-2022-djmxw-136905289
2019-08-23 08:59:51,021 [pool-181-thread-1] INFO  storage.RaftStorage (RaftStorage.java:format(72)) - Storage directory /workdir/hadoop-ozone/integration-test/target/test-dir/MiniOzoneClusterImpl-66700af5-9a29-4abd-b0b3-55e500eee43d/datanode-5/data/ratis/3be864b4-492d-4d81-b738-7344fe9296be has been successfully formatted.
2019-08-23 08:59:51,021 [pool-181-thread-1] INFO  ratis.ContainerStateMachine (ContainerStateMachine.java:loadSnapshot(226)) - group-7344FE9296BE: The snapshot info is null. Setting the last applied indexto:(t:0, i:~)
2019-08-23 08:59:51,022 [pool-181-thread-1] INFO  server.RaftServerConfigKeys (ConfUtils.java:logGet(43)) - raft.server.leader.election.timeout = 120s (custom)
2019-08-23 08:59:51,022 [pool-181-thread-1] INFO  server.RaftServerConfigKeys (ConfUtils.java:logGet(43)) - raft.server.log.use.memory = false (default)
2019-08-23 08:59:51,022 [pool-181-thread-1] INFO  server.RaftServerConfigKeys (ConfUtils.java:logGet(43)) - raft.server.log.purge.gap = 1000000 (custom)
2019-08-23 08:59:51,022 [pool-181-thread-1] INFO  server.RaftServerConfigKeys (ConfUtils.java:logGet(43)) - raft.server.log.appender.buffer.byte-limit = 33554432 (custom)
2019-08-23 08:59:51,022 [pool-181-thread-1] INFO  server.RaftServerConfigKeys (ConfUtils.java:logGet(43)) - raft.server.log.segment.size.max = 1048576 (custom)
2019-08-23 08:59:51,022 [pool-181-thread-1] INFO  server.RaftServerConfigKeys (ConfUtils.java:logGet(43)) - raft.server.log.segment.cache.num.max = 2 (custom)
2019-08-23 08:59:51,022 [pool-181-thread-1] INFO  segmented.SegmentedRaftLogWorker (SegmentedRaftLogWorker.java:<init>(172)) - new 53ccca58-9df7-41e3-9a4c-33135d9d5679-SegmentedRaftLogWorker:Storage Directory /workdir/hadoop-ozone/integration-test/target/test-dir/MiniOzoneClusterImpl-66700af5-9a29-4abd-b0b3-55e500eee43d/datanode-5/data/ratis/3be864b4-492d-4d81-b738-7344fe9296be for RaftStorage:Storage Directory /workdir/hadoop-ozone/integration-test/target/test-dir/MiniOzoneClusterImpl-66700af5-9a29-4abd-b0b3-55e500eee43d/datanode-5/data/ratis/3be864b4-492d-4d81-b738-7344fe9296be
2019-08-23 08:59:51,023 [pool-181-thread-1] INFO  server.RaftServerConfigKeys (ConfUtils.java:logGet(43)) - raft.server.log.queue.byte-limit = 2147483647 (custom)
2019-08-23 08:59:51,023 [pool-181-thread-1] INFO  server.RaftServerConfigKeys (ConfUtils.java:logGet(43)) - raft.server.log.queue.element-limit = 1024 (custom)
2019-08-23 08:59:51,023 [pool-181-thread-1] INFO  server.RaftServerConfigKeys (ConfUtils.java:logGet(43)) - raft.server.log.segment.size.max = 1048576 (custom)
2019-08-23 08:59:51,023 [pool-181-thread-1] INFO  server.RaftServerConfigKeys (ConfUtils.java:logGet(43)) - raft.server.log.preallocated.size = 16384 (custom)
2019-08-23 08:59:51,023 [pool-181-thread-1] INFO  server.RaftServerConfigKeys (ConfUtils.java:logGet(43)) - raft.server.log.write.buffer.size = 33554432 (custom)
2019-08-23 08:59:51,024 [pool-181-thread-1] INFO  server.RaftServerConfigKeys (ConfUtils.java:logGet(43)) - raft.server.log.force.sync.num = 128 (default)
2019-08-23 08:59:51,024 [pool-181-thread-1] INFO  server.RaftServerConfigKeys (ConfUtils.java:logGet(43)) - raft.server.log.statemachine.data.sync = true (default)
2019-08-23 08:59:51,024 [pool-181-thread-1] INFO  server.RaftServerConfigKeys (ConfUtils.java:logGet(43)) - raft.server.log.statemachine.data.sync.timeout = 10s (default)
2019-08-23 08:59:51,024 [pool-181-thread-1] INFO  server.RaftServerConfigKeys (ConfUtils.java:logGet(43)) - raft.server.log.statemachine.data.sync.timeout.retry = -1 (default)
2019-08-23 08:59:51,024 [pool-181-thread-1] INFO  server.RaftServerConfigKeys (ConfUtils.java:logGet(43)) - raft.server.log.statemachine.data.caching.enabled = true (custom)
2019-08-23 08:59:51,025 [pool-181-thread-1] INFO  segmented.SegmentedRaftLogWorker (SegmentedRaftLogWorker.java:lambda$new$0(132)) - 53ccca58-9df7-41e3-9a4c-33135d9d5679-SegmentedRaftLogWorker:Storage Directory /workdir/hadoop-ozone/integration-test/target/test-dir/MiniOzoneClusterImpl-66700af5-9a29-4abd-b0b3-55e500eee43d/datanode-5/data/ratis/3be864b4-492d-4d81-b738-7344fe9296be: flushIndex: setUnconditionally 0 -> -1
2019-08-23 08:59:51,025 [pool-181-thread-1] INFO  server.RaftServerConfigKeys (ConfUtils.java:logGet(43)) - raft.server.snapshot.auto.trigger.enabled = true (custom)
2019-08-23 08:59:51,025 [pool-181-thread-1] INFO  server.RaftServerConfigKeys (ConfUtils.java:logGet(43)) - raft.server.snapshot.auto.trigger.threshold = 10000 (custom)
2019-08-23 08:59:51,025 [pool-181-thread-1] INFO  server.RaftServerConfigKeys (ConfUtils.java:logGet(43)) - raft.server.retrycache.expirytime = 600000ms (custom)
2019-08-23 08:59:51,026 [pool-181-thread-1] INFO  impl.RaftServerImpl (RaftServerImpl.java:start(180)) - 53ccca58-9df7-41e3-9a4c-33135d9d5679: start group-7344FE9296BE
2019-08-23 08:59:51,026 [pool-181-thread-1] INFO  impl.RaftServerImpl (RaftServerImpl.java:setRole(171)) - 53ccca58-9df7-41e3-9a4c-33135d9d5679:group-7344FE9296BE changes role from null to FOLLOWER at term 0 for startAsFollower
2019-08-23 08:59:51,026 [pool-181-thread-1] INFO  impl.RoleInfo (RoleInfo.java:updateAndGet(143)) - 53ccca58-9df7-41e3-9a4c-33135d9d5679: start FollowerState
2019-08-23 08:59:51,026 [pool-181-thread-1] INFO  util.JmxRegister (JmxRegister.java:tryRegister(44)) - Successfully registered JMX Bean with object name Ratis:service=RaftServer,group=group-7344FE9296BE,id=53ccca58-9df7-41e3-9a4c-33135d9d5679
2019-08-23 08:59:51,031 [RatisPipelineUtilsThread] INFO  pipeline.PipelineStateManager (PipelineStateManager.java:addPipeline(56)) - Created pipeline Pipeline[ Id: 3be864b4-492d-4d81-b738-7344fe9296be, Nodes: 53ccca58-9df7-41e3-9a4c-33135d9d5679{ip: 192.168.36.124, host: pr-hdds-2022-djmxw-136905289, networkLocation: /default-rack, certSerialId: null}, Type:RATIS, Factor:ONE, State:OPEN]
2019-08-23 08:59:51,051 [grpc-default-executor-4] INFO  impl.RaftServerProxy (RaftServerProxy.java:addNew(89)) - 6bf3a110-7368-45bc-babb-68f4f8b3c82b: addNew group-A2B0B8B21AC5:[6bf3a110-7368-45bc-babb-68f4f8b3c82b:192.168.36.124:44172, 7058706c-0601-4f99-98c3-fb17e47fe4d1:192.168.36.124:33809, 53ccca58-9df7-41e3-9a4c-33135d9d5679:192.168.36.124:41449] returns group-A2B0B8B21AC5:java.util.concurrent.CompletableFuture@578bc3e[Not completed]
2019-08-23 08:59:51,051 [grpc-default-executor-1] INFO  impl.RaftServerProxy (RaftServerProxy.java:addNew(89)) - 7058706c-0601-4f99-98c3-fb17e47fe4d1: addNew group-A2B0B8B21AC5:[6bf3a110-7368-45bc-babb-68f4f8b3c82b:192.168.36.124:44172, 7058706c-0601-4f99-98c3-fb17e47fe4d1:192.168.36.124:33809, 53ccca58-9df7-41e3-9a4c-33135d9d5679:192.168.36.124:41449] returns group-A2B0B8B21AC5:java.util.concurrent.CompletableFuture@53ec8fd2[Not completed]
2019-08-23 08:59:51,051 [grpc-default-executor-5] INFO  impl.RaftServerProxy (RaftServerProxy.java:addNew(89)) - 53ccca58-9df7-41e3-9a4c-33135d9d5679: addNew group-A2B0B8B21AC5:[6bf3a110-7368-45bc-babb-68f4f8b3c82b:192.168.36.124:44172, 7058706c-0601-4f99-98c3-fb17e47fe4d1:192.168.36.124:33809, 53ccca58-9df7-41e3-9a4c-33135d9d5679:192.168.36.124:41449] returns group-A2B0B8B21AC5:java.util.concurrent.CompletableFuture@1a01dd30[Not completed]
2019-08-23 08:59:51,053 [pool-159-thread-1] INFO  impl.RaftServerImpl (RaftServerImpl.java:<init>(93)) - 6bf3a110-7368-45bc-babb-68f4f8b3c82b: new RaftServerImpl for group-A2B0B8B21AC5:[6bf3a110-7368-45bc-babb-68f4f8b3c82b:192.168.36.124:44172, 7058706c-0601-4f99-98c3-fb17e47fe4d1:192.168.36.124:33809, 53ccca58-9df7-41e3-9a4c-33135d9d5679:192.168.36.124:41449] with ContainerStateMachine:uninitialized
2019-08-23 08:59:51,053 [pool-159-thread-1] INFO  server.RaftServerConfigKeys (ConfUtils.java:logGet(43)) - raft.server.rpc.timeout.min = 5s (custom)
2019-08-23 08:59:51,053 [pool-159-thread-1] INFO  server.RaftServerConfigKeys (ConfUtils.java:logGet(43)) - raft.server.rpc.timeout.max = 5200ms (custom)
2019-08-23 08:59:51,053 [pool-159-thread-1] INFO  server.RaftServerConfigKeys (ConfUtils.java:logGet(43)) - raft.server.rpcslowness.timeout = 120s (custom)
2019-08-23 08:59:51,053 [pool-159-thread-1] INFO  server.RaftServerConfigKeys (ConfUtils.java:logGet(43)) - raft.server.sleep.deviation.threshold = 300 (default)
2019-08-23 08:59:51,053 [pool-170-thread-1] INFO  impl.RaftServerImpl (RaftServerImpl.java:<init>(93)) - 7058706c-0601-4f99-98c3-fb17e47fe4d1: new RaftServerImpl for group-A2B0B8B21AC5:[6bf3a110-7368-45bc-babb-68f4f8b3c82b:192.168.36.124:44172, 7058706c-0601-4f99-98c3-fb17e47fe4d1:192.168.36.124:33809, 53ccca58-9df7-41e3-9a4c-33135d9d5679:192.168.36.124:41449] with ContainerStateMachine:uninitialized
2019-08-23 08:59:51,053 [pool-159-thread-1] INFO  server.RaftServerConfigKeys (ConfUtils.java:logGet(43)) - raft.server.log.appender.install.snapshot.enabled = false (custom)
2019-08-23 08:59:51,054 [pool-170-thread-1] INFO  server.RaftServerConfigKeys (ConfUtils.java:logGet(43)) - raft.server.rpc.timeout.min = 5s (custom)
2019-08-23 08:59:51,054 [pool-159-thread-1] INFO  impl.RaftServerImpl (ServerState.java:<init>(105)) - 6bf3a110-7368-45bc-babb-68f4f8b3c82b:group-A2B0B8B21AC5 ConfigurationManager, init=-1: [6bf3a110-7368-45bc-babb-68f4f8b3c82b:192.168.36.124:44172, 7058706c-0601-4f99-98c3-fb17e47fe4d1:192.168.36.124:33809, 53ccca58-9df7-41e3-9a4c-33135d9d5679:192.168.36.124:41449], old=null, confs=<EMPTY_MAP>
2019-08-23 08:59:51,054 [pool-170-thread-1] INFO  server.RaftServerConfigKeys (ConfUtils.java:logGet(43)) - raft.server.rpc.timeout.max = 5200ms (custom)
2019-08-23 08:59:51,054 [pool-159-thread-1] INFO  server.RaftServerConfigKeys (ConfUtils.java:logGet(43)) - raft.server.storage.dir = [/workdir/hadoop-ozone/integration-test/target/test-dir/MiniOzoneClusterImpl-66700af5-9a29-4abd-b0b3-55e500eee43d/datanode-3/data/ratis] (custom)
2019-08-23 08:59:51,054 [pool-170-thread-1] INFO  server.RaftServerConfigKeys (ConfUtils.java:logGet(43)) - raft.server.rpcslowness.timeout = 120s (custom)
2019-08-23 08:59:51,054 [pool-170-thread-1] INFO  server.RaftServerConfigKeys (ConfUtils.java:logGet(43)) - raft.server.sleep.deviation.threshold = 300 (default)
2019-08-23 08:59:51,054 [pool-181-thread-1] INFO  impl.RaftServerImpl (RaftServerImpl.java:<init>(93)) - 53ccca58-9df7-41e3-9a4c-33135d9d5679: new RaftServerImpl for group-A2B0B8B21AC5:[6bf3a110-7368-45bc-babb-68f4f8b3c82b:192.168.36.124:44172, 7058706c-0601-4f99-98c3-fb17e47fe4d1:192.168.36.124:33809, 53ccca58-9df7-41e3-9a4c-33135d9d5679:192.168.36.124:41449] with ContainerStateMachine:uninitialized
2019-08-23 08:59:51,054 [pool-170-thread-1] INFO  server.RaftServerConfigKeys (ConfUtils.java:logGet(43)) - raft.server.log.appender.install.snapshot.enabled = false (custom)
2019-08-23 08:59:51,054 [pool-159-thread-1] INFO  storage.RaftStorageDirectory (RaftStorageDirectory.java:analyzeStorage(246)) - The storage directory /workdir/hadoop-ozone/integration-test/target/test-dir/MiniOzoneClusterImpl-66700af5-9a29-4abd-b0b3-55e500eee43d/datanode-3/data/ratis/786837d1-76f5-4ead-86d5-a2b0b8b21ac5 does not exist. Creating ...
2019-08-23 08:59:51,055 [pool-170-thread-1] INFO  impl.RaftServerImpl (ServerState.java:<init>(105)) - 7058706c-0601-4f99-98c3-fb17e47fe4d1:group-A2B0B8B21AC5 ConfigurationManager, init=-1: [6bf3a110-7368-45bc-babb-68f4f8b3c82b:192.168.36.124:44172, 7058706c-0601-4f99-98c3-fb17e47fe4d1:192.168.36.124:33809, 53ccca58-9df7-41e3-9a4c-33135d9d5679:192.168.36.124:41449], old=null, confs=<EMPTY_MAP>
2019-08-23 08:59:51,055 [pool-181-thread-1] INFO  server.RaftServerConfigKeys (ConfUtils.java:logGet(43)) - raft.server.rpc.timeout.min = 5s (custom)
2019-08-23 08:59:51,055 [pool-170-thread-1] INFO  server.RaftServerConfigKeys (ConfUtils.java:logGet(43)) - raft.server.storage.dir = [/workdir/hadoop-ozone/integration-test/target/test-dir/MiniOzoneClusterImpl-66700af5-9a29-4abd-b0b3-55e500eee43d/datanode-4/data/ratis] (custom)
2019-08-23 08:59:51,055 [pool-181-thread-1] INFO  server.RaftServerConfigKeys (ConfUtils.java:logGet(43)) - raft.server.rpc.timeout.max = 5200ms (custom)
2019-08-23 08:59:51,055 [pool-181-thread-1] INFO  server.RaftServerConfigKeys (ConfUtils.java:logGet(43)) - raft.server.rpcslowness.timeout = 120s (custom)
2019-08-23 08:59:51,055 [pool-170-thread-1] INFO  storage.RaftStorageDirectory (RaftStorageDirectory.java:analyzeStorage(246)) - The storage directory /workdir/hadoop-ozone/integration-test/target/test-dir/MiniOzoneClusterImpl-66700af5-9a29-4abd-b0b3-55e500eee43d/datanode-4/data/ratis/786837d1-76f5-4ead-86d5-a2b0b8b21ac5 does not exist. Creating ...
2019-08-23 08:59:51,056 [pool-181-thread-1] INFO  server.RaftServerConfigKeys (ConfUtils.java:logGet(43)) - raft.server.sleep.deviation.threshold = 300 (default)
2019-08-23 08:59:51,056 [pool-181-thread-1] INFO  server.RaftServerConfigKeys (ConfUtils.java:logGet(43)) - raft.server.log.appender.install.snapshot.enabled = false (custom)
2019-08-23 08:59:51,056 [pool-181-thread-1] INFO  impl.RaftServerImpl (ServerState.java:<init>(105)) - 53ccca58-9df7-41e3-9a4c-33135d9d5679:group-A2B0B8B21AC5 ConfigurationManager, init=-1: [6bf3a110-7368-45bc-babb-68f4f8b3c82b:192.168.36.124:44172, 7058706c-0601-4f99-98c3-fb17e47fe4d1:192.168.36.124:33809, 53ccca58-9df7-41e3-9a4c-33135d9d5679:192.168.36.124:41449], old=null, confs=<EMPTY_MAP>
2019-08-23 08:59:51,056 [pool-181-thread-1] INFO  server.RaftServerConfigKeys (ConfUtils.java:logGet(43)) - raft.server.storage.dir = [/workdir/hadoop-ozone/integration-test/target/test-dir/MiniOzoneClusterImpl-66700af5-9a29-4abd-b0b3-55e500eee43d/datanode-5/data/ratis] (custom)
2019-08-23 08:59:51,057 [pool-181-thread-1] INFO  storage.RaftStorageDirectory (RaftStorageDirectory.java:analyzeStorage(246)) - The storage directory /workdir/hadoop-ozone/integration-test/target/test-dir/MiniOzoneClusterImpl-66700af5-9a29-4abd-b0b3-55e500eee43d/datanode-5/data/ratis/786837d1-76f5-4ead-86d5-a2b0b8b21ac5 does not exist. Creating ...
2019-08-23 08:59:51,071 [pool-170-thread-1] INFO  storage.RaftStorageDirectory (RaftStorageDirectory.java:tryLock(328)) - Lock on /workdir/hadoop-ozone/integration-test/target/test-dir/MiniOzoneClusterImpl-66700af5-9a29-4abd-b0b3-55e500eee43d/datanode-4/data/ratis/786837d1-76f5-4ead-86d5-a2b0b8b21ac5/in_use.lock acquired by nodename 4570@pr-hdds-2022-djmxw-136905289
2019-08-23 08:59:51,071 [pool-181-thread-1] INFO  storage.RaftStorageDirectory (RaftStorageDirectory.java:tryLock(328)) - Lock on /workdir/hadoop-ozone/integration-test/target/test-dir/MiniOzoneClusterImpl-66700af5-9a29-4abd-b0b3-55e500eee43d/datanode-5/data/ratis/786837d1-76f5-4ead-86d5-a2b0b8b21ac5/in_use.lock acquired by nodename 4570@pr-hdds-2022-djmxw-136905289
2019-08-23 08:59:51,071 [pool-159-thread-1] INFO  storage.RaftStorageDirectory (RaftStorageDirectory.java:tryLock(328)) - Lock on /workdir/hadoop-ozone/integration-test/target/test-dir/MiniOzoneClusterImpl-66700af5-9a29-4abd-b0b3-55e500eee43d/datanode-3/data/ratis/786837d1-76f5-4ead-86d5-a2b0b8b21ac5/in_use.lock acquired by nodename 4570@pr-hdds-2022-djmxw-136905289
2019-08-23 08:59:51,097 [pool-159-thread-1] INFO  storage.RaftStorage (RaftStorage.java:format(72)) - Storage directory /workdir/hadoop-ozone/integration-test/target/test-dir/MiniOzoneClusterImpl-66700af5-9a29-4abd-b0b3-55e500eee43d/datanode-3/data/ratis/786837d1-76f5-4ead-86d5-a2b0b8b21ac5 has been successfully formatted.
2019-08-23 08:59:51,097 [pool-170-thread-1] INFO  storage.RaftStorage (RaftStorage.java:format(72)) - Storage directory /workdir/hadoop-ozone/integration-test/target/test-dir/MiniOzoneClusterImpl-66700af5-9a29-4abd-b0b3-55e500eee43d/datanode-4/data/ratis/786837d1-76f5-4ead-86d5-a2b0b8b21ac5 has been successfully formatted.
2019-08-23 08:59:51,097 [pool-159-thread-1] INFO  ratis.ContainerStateMachine (ContainerStateMachine.java:loadSnapshot(226)) - group-A2B0B8B21AC5: The snapshot info is null. Setting the last applied indexto:(t:0, i:~)
2019-08-23 08:59:51,097 [pool-181-thread-1] INFO  storage.RaftStorage (RaftStorage.java:format(72)) - Storage directory /workdir/hadoop-ozone/integration-test/target/test-dir/MiniOzoneClusterImpl-66700af5-9a29-4abd-b0b3-55e500eee43d/datanode-5/data/ratis/786837d1-76f5-4ead-86d5-a2b0b8b21ac5 has been successfully formatted.
2019-08-23 08:59:51,097 [pool-159-thread-1] INFO  server.RaftServerConfigKeys (ConfUtils.java:logGet(43)) - raft.server.leader.election.timeout = 120s (custom)
2019-08-23 08:59:51,098 [pool-181-thread-1] INFO  ratis.ContainerStateMachine (ContainerStateMachine.java:loadSnapshot(226)) - group-A2B0B8B21AC5: The snapshot info is null. Setting the last applied indexto:(t:0, i:~)
2019-08-23 08:59:51,097 [pool-170-thread-1] INFO  ratis.ContainerStateMachine (ContainerStateMachine.java:loadSnapshot(226)) - group-A2B0B8B21AC5: The snapshot info is null. Setting the last applied indexto:(t:0, i:~)
2019-08-23 08:59:51,098 [pool-181-thread-1] INFO  server.RaftServerConfigKeys (ConfUtils.java:logGet(43)) - raft.server.leader.election.timeout = 120s (custom)
2019-08-23 08:59:51,098 [pool-159-thread-1] INFO  server.RaftServerConfigKeys (ConfUtils.java:logGet(43)) - raft.server.log.use.memory = false (default)
2019-08-23 08:59:51,098 [pool-181-thread-1] INFO  server.RaftServerConfigKeys (ConfUtils.java:logGet(43)) - raft.server.log.use.memory = false (default)
2019-08-23 08:59:51,098 [pool-170-thread-1] INFO  server.RaftServerConfigKeys (ConfUtils.java:logGet(43)) - raft.server.leader.election.timeout = 120s (custom)
2019-08-23 08:59:51,098 [pool-181-thread-1] INFO  server.RaftServerConfigKeys (ConfUtils.java:logGet(43)) - raft.server.log.purge.gap = 1000000 (custom)
2019-08-23 08:59:51,098 [pool-159-thread-1] INFO  server.RaftServerConfigKeys (ConfUtils.java:logGet(43)) - raft.server.log.purge.gap = 1000000 (custom)
2019-08-23 08:59:51,099 [pool-181-thread-1] INFO  server.RaftServerConfigKeys (ConfUtils.java:logGet(43)) - raft.server.log.appender.buffer.byte-limit = 33554432 (custom)
2019-08-23 08:59:51,099 [pool-170-thread-1] INFO  server.RaftServerConfigKeys (ConfUtils.java:logGet(43)) - raft.server.log.use.memory = false (default)
2019-08-23 08:59:51,099 [pool-181-thread-1] INFO  server.RaftServerConfigKeys (ConfUtils.java:logGet(43)) - raft.server.log.segment.size.max = 1048576 (custom)
2019-08-23 08:59:51,099 [pool-159-thread-1] INFO  server.RaftServerConfigKeys (ConfUtils.java:logGet(43)) - raft.server.log.appender.buffer.byte-limit = 33554432 (custom)
2019-08-23 08:59:51,099 [pool-181-thread-1] INFO  server.RaftServerConfigKeys (ConfUtils.java:logGet(43)) - raft.server.log.segment.cache.num.max = 2 (custom)
2019-08-23 08:59:51,099 [pool-170-thread-1] INFO  server.RaftServerConfigKeys (ConfUtils.java:logGet(43)) - raft.server.log.purge.gap = 1000000 (custom)
2019-08-23 08:59:51,100 [pool-181-thread-1] INFO  segmented.SegmentedRaftLogWorker (SegmentedRaftLogWorker.java:<init>(172)) - new 53ccca58-9df7-41e3-9a4c-33135d9d5679-SegmentedRaftLogWorker:Storage Directory /workdir/hadoop-ozone/integration-test/target/test-dir/MiniOzoneClusterImpl-66700af5-9a29-4abd-b0b3-55e500eee43d/datanode-5/data/ratis/786837d1-76f5-4ead-86d5-a2b0b8b21ac5 for RaftStorage:Storage Directory /workdir/hadoop-ozone/integration-test/target/test-dir/MiniOzoneClusterImpl-66700af5-9a29-4abd-b0b3-55e500eee43d/datanode-5/data/ratis/786837d1-76f5-4ead-86d5-a2b0b8b21ac5
2019-08-23 08:59:51,100 [pool-159-thread-1] INFO  server.RaftServerConfigKeys (ConfUtils.java:logGet(43)) - raft.server.log.segment.size.max = 1048576 (custom)
2019-08-23 08:59:51,100 [pool-181-thread-1] INFO  server.RaftServerConfigKeys (ConfUtils.java:logGet(43)) - raft.server.log.queue.byte-limit = 2147483647 (custom)
2019-08-23 08:59:51,100 [pool-170-thread-1] INFO  server.RaftServerConfigKeys (ConfUtils.java:logGet(43)) - raft.server.log.appender.buffer.byte-limit = 33554432 (custom)
2019-08-23 08:59:51,103 [pool-181-thread-1] INFO  server.RaftServerConfigKeys (ConfUtils.java:logGet(43)) - raft.server.log.queue.element-limit = 1024 (custom)
2019-08-23 08:59:51,100 [pool-159-thread-1] INFO  server.RaftServerConfigKeys (ConfUtils.java:logGet(43)) - raft.server.log.segment.cache.num.max = 2 (custom)
2019-08-23 08:59:51,103 [pool-181-thread-1] INFO  server.RaftServerConfigKeys (ConfUtils.java:logGet(43)) - raft.server.log.segment.size.max = 1048576 (custom)
2019-08-23 08:59:51,103 [pool-170-thread-1] INFO  server.RaftServerConfigKeys (ConfUtils.java:logGet(43)) - raft.server.log.segment.size.max = 1048576 (custom)
2019-08-23 08:59:51,103 [pool-181-thread-1] INFO  server.RaftServerConfigKeys (ConfUtils.java:logGet(43)) - raft.server.log.preallocated.size = 16384 (custom)
2019-08-23 08:59:51,104 [pool-181-thread-1] INFO  server.RaftServerConfigKeys (ConfUtils.java:logGet(43)) - raft.server.log.write.buffer.size = 33554432 (custom)
2019-08-23 08:59:51,103 [pool-159-thread-1] INFO  segmented.SegmentedRaftLogWorker (SegmentedRaftLogWorker.java:<init>(172)) - new 6bf3a110-7368-45bc-babb-68f4f8b3c82b-SegmentedRaftLogWorker:Storage Directory /workdir/hadoop-ozone/integration-test/target/test-dir/MiniOzoneClusterImpl-66700af5-9a29-4abd-b0b3-55e500eee43d/datanode-3/data/ratis/786837d1-76f5-4ead-86d5-a2b0b8b21ac5 for RaftStorage:Storage Directory /workdir/hadoop-ozone/integration-test/target/test-dir/MiniOzoneClusterImpl-66700af5-9a29-4abd-b0b3-55e500eee43d/datanode-3/data/ratis/786837d1-76f5-4ead-86d5-a2b0b8b21ac5
2019-08-23 08:59:51,104 [pool-181-thread-1] INFO  server.RaftServerConfigKeys (ConfUtils.java:logGet(43)) - raft.server.log.force.sync.num = 128 (default)
2019-08-23 08:59:51,103 [pool-170-thread-1] INFO  server.RaftServerConfigKeys (ConfUtils.java:logGet(43)) - raft.server.log.segment.cache.num.max = 2 (custom)
2019-08-23 08:59:51,104 [pool-181-thread-1] INFO  server.RaftServerConfigKeys (ConfUtils.java:logGet(43)) - raft.server.log.statemachine.data.sync = true (default)
2019-08-23 08:59:51,104 [pool-159-thread-1] INFO  server.RaftServerConfigKeys (ConfUtils.java:logGet(43)) - raft.server.log.queue.byte-limit = 2147483647 (custom)
2019-08-23 08:59:51,107 [pool-181-thread-1] INFO  server.RaftServerConfigKeys (ConfUtils.java:logGet(43)) - raft.server.log.statemachine.data.sync.timeout = 10s (default)
2019-08-23 08:59:51,106 [pool-170-thread-1] INFO  segmented.SegmentedRaftLogWorker (SegmentedRaftLogWorker.java:<init>(172)) - new 7058706c-0601-4f99-98c3-fb17e47fe4d1-SegmentedRaftLogWorker:Storage Directory /workdir/hadoop-ozone/integration-test/target/test-dir/MiniOzoneClusterImpl-66700af5-9a29-4abd-b0b3-55e500eee43d/datanode-4/data/ratis/786837d1-76f5-4ead-86d5-a2b0b8b21ac5 for RaftStorage:Storage Directory /workdir/hadoop-ozone/integration-test/target/test-dir/MiniOzoneClusterImpl-66700af5-9a29-4abd-b0b3-55e500eee43d/datanode-4/data/ratis/786837d1-76f5-4ead-86d5-a2b0b8b21ac5
2019-08-23 08:59:51,107 [pool-181-thread-1] INFO  server.RaftServerConfigKeys (ConfUtils.java:logGet(43)) - raft.server.log.statemachine.data.sync.timeout.retry = -1 (default)
2019-08-23 08:59:51,107 [pool-159-thread-1] INFO  server.RaftServerConfigKeys (ConfUtils.java:logGet(43)) - raft.server.log.queue.element-limit = 1024 (custom)
2019-08-23 08:59:51,107 [pool-181-thread-1] INFO  server.RaftServerConfigKeys (ConfUtils.java:logGet(43)) - raft.server.log.statemachine.data.caching.enabled = true (custom)
2019-08-23 08:59:51,107 [pool-170-thread-1] INFO  server.RaftServerConfigKeys (ConfUtils.java:logGet(43)) - raft.server.log.queue.byte-limit = 2147483647 (custom)
2019-08-23 08:59:51,110 [pool-159-thread-1] INFO  server.RaftServerConfigKeys (ConfUtils.java:logGet(43)) - raft.server.log.segment.size.max = 1048576 (custom)
2019-08-23 08:59:51,110 [pool-170-thread-1] INFO  server.RaftServerConfigKeys (ConfUtils.java:logGet(43)) - raft.server.log.queue.element-limit = 1024 (custom)
2019-08-23 08:59:51,110 [pool-181-thread-1] INFO  segmented.SegmentedRaftLogWorker (SegmentedRaftLogWorker.java:lambda$new$0(132)) - 53ccca58-9df7-41e3-9a4c-33135d9d5679-SegmentedRaftLogWorker:Storage Directory /workdir/hadoop-ozone/integration-test/target/test-dir/MiniOzoneClusterImpl-66700af5-9a29-4abd-b0b3-55e500eee43d/datanode-5/data/ratis/786837d1-76f5-4ead-86d5-a2b0b8b21ac5: flushIndex: setUnconditionally 0 -> -1
2019-08-23 08:59:51,110 [pool-170-thread-1] INFO  server.RaftServerConfigKeys (ConfUtils.java:logGet(43)) - raft.server.log.segment.size.max = 1048576 (custom)
2019-08-23 08:59:51,110 [pool-159-thread-1] INFO  server.RaftServerConfigKeys (ConfUtils.java:logGet(43)) - raft.server.log.preallocated.size = 16384 (custom)
2019-08-23 08:59:51,111 [pool-170-thread-1] INFO  server.RaftServerConfigKeys (ConfUtils.java:logGet(43)) - raft.server.log.preallocated.size = 16384 (custom)
2019-08-23 08:59:51,111 [pool-181-thread-1] INFO  server.RaftServerConfigKeys (ConfUtils.java:logGet(43)) - raft.server.snapshot.auto.trigger.enabled = true (custom)
2019-08-23 08:59:51,111 [pool-170-thread-1] INFO  server.RaftServerConfigKeys (ConfUtils.java:logGet(43)) - raft.server.log.write.buffer.size = 33554432 (custom)
2019-08-23 08:59:51,111 [pool-159-thread-1] INFO  server.RaftServerConfigKeys (ConfUtils.java:logGet(43)) - raft.server.log.write.buffer.size = 33554432 (custom)
2019-08-23 08:59:51,112 [pool-170-thread-1] INFO  server.RaftServerConfigKeys (ConfUtils.java:logGet(43)) - raft.server.log.force.sync.num = 128 (default)
2019-08-23 08:59:51,111 [pool-181-thread-1] INFO  server.RaftServerConfigKeys (ConfUtils.java:logGet(43)) - raft.server.snapshot.auto.trigger.threshold = 10000 (custom)
2019-08-23 08:59:51,112 [pool-170-thread-1] INFO  server.RaftServerConfigKeys (ConfUtils.java:logGet(43)) - raft.server.log.statemachine.data.sync = true (default)
2019-08-23 08:59:51,112 [pool-159-thread-1] INFO  server.RaftServerConfigKeys (ConfUtils.java:logGet(43)) - raft.server.log.force.sync.num = 128 (default)
2019-08-23 08:59:51,112 [pool-170-thread-1] INFO  server.RaftServerConfigKeys (ConfUtils.java:logGet(43)) - raft.server.log.statemachine.data.sync.timeout = 10s (default)
2019-08-23 08:59:51,112 [pool-181-thread-1] INFO  server.RaftServerConfigKeys (ConfUtils.java:logGet(43)) - raft.server.retrycache.expirytime = 600000ms (custom)
2019-08-23 08:59:51,113 [pool-170-thread-1] INFO  server.RaftServerConfigKeys (ConfUtils.java:logGet(43)) - raft.server.log.statemachine.data.sync.timeout.retry = -1 (default)
2019-08-23 08:59:51,113 [pool-181-thread-1] INFO  impl.RaftServerImpl (RaftServerImpl.java:start(180)) - 53ccca58-9df7-41e3-9a4c-33135d9d5679: start group-A2B0B8B21AC5
2019-08-23 08:59:51,112 [pool-159-thread-1] INFO  server.RaftServerConfigKeys (ConfUtils.java:logGet(43)) - raft.server.log.statemachine.data.sync = true (default)
2019-08-23 08:59:51,113 [pool-181-thread-1] INFO  impl.RaftServerImpl (RaftServerImpl.java:setRole(171)) - 53ccca58-9df7-41e3-9a4c-33135d9d5679:group-A2B0B8B21AC5 changes role from null to FOLLOWER at term 0 for startAsFollower
2019-08-23 08:59:51,113 [pool-170-thread-1] INFO  server.RaftServerConfigKeys (ConfUtils.java:logGet(43)) - raft.server.log.statemachine.data.caching.enabled = true (custom)
2019-08-23 08:59:51,113 [pool-181-thread-1] INFO  impl.RoleInfo (RoleInfo.java:updateAndGet(143)) - 53ccca58-9df7-41e3-9a4c-33135d9d5679: start FollowerState
2019-08-23 08:59:51,113 [pool-159-thread-1] INFO  server.RaftServerConfigKeys (ConfUtils.java:logGet(43)) - raft.server.log.statemachine.data.sync.timeout = 10s (default)
2019-08-23 08:59:51,114 [pool-170-thread-1] INFO  segmented.SegmentedRaftLogWorker (SegmentedRaftLogWorker.java:lambda$new$0(132)) - 7058706c-0601-4f99-98c3-fb17e47fe4d1-SegmentedRaftLogWorker:Storage Directory /workdir/hadoop-ozone/integration-test/target/test-dir/MiniOzoneClusterImpl-66700af5-9a29-4abd-b0b3-55e500eee43d/datanode-4/data/ratis/786837d1-76f5-4ead-86d5-a2b0b8b21ac5: flushIndex: setUnconditionally 0 -> -1
2019-08-23 08:59:51,114 [pool-159-thread-1] INFO  server.RaftServerConfigKeys (ConfUtils.java:logGet(43)) - raft.server.log.statemachine.data.sync.timeout.retry = -1 (default)
2019-08-23 08:59:51,114 [pool-181-thread-1] INFO  util.JmxRegister (JmxRegister.java:tryRegister(44)) - Successfully registered JMX Bean with object name Ratis:service=RaftServer,group=group-A2B0B8B21AC5,id=53ccca58-9df7-41e3-9a4c-33135d9d5679
2019-08-23 08:59:51,114 [pool-159-thread-1] INFO  server.RaftServerConfigKeys (ConfUtils.java:logGet(43)) - raft.server.log.statemachine.data.caching.enabled = true (custom)
2019-08-23 08:59:51,114 [pool-170-thread-1] INFO  server.RaftServerConfigKeys (ConfUtils.java:logGet(43)) - raft.server.snapshot.auto.trigger.enabled = true (custom)
2019-08-23 08:59:51,115 [pool-159-thread-1] INFO  segmented.SegmentedRaftLogWorker (SegmentedRaftLogWorker.java:lambda$new$0(132)) - 6bf3a110-7368-45bc-babb-68f4f8b3c82b-SegmentedRaftLogWorker:Storage Directory /workdir/hadoop-ozone/integration-test/target/test-dir/MiniOzoneClusterImpl-66700af5-9a29-4abd-b0b3-55e500eee43d/datanode-3/data/ratis/786837d1-76f5-4ead-86d5-a2b0b8b21ac5: flushIndex: setUnconditionally 0 -> -1
2019-08-23 08:59:51,115 [pool-170-thread-1] INFO  server.RaftServerConfigKeys (ConfUtils.java:logGet(43)) - raft.server.snapshot.auto.trigger.threshold = 10000 (custom)
2019-08-23 08:59:51,115 [pool-159-thread-1] INFO  server.RaftServerConfigKeys (ConfUtils.java:logGet(43)) - raft.server.snapshot.auto.trigger.enabled = true (custom)
2019-08-23 08:59:51,115 [pool-170-thread-1] INFO  server.RaftServerConfigKeys (ConfUtils.java:logGet(43)) - raft.server.retrycache.expirytime = 600000ms (custom)
2019-08-23 08:59:51,115 [pool-159-thread-1] INFO  server.RaftServerConfigKeys (ConfUtils.java:logGet(43)) - raft.server.snapshot.auto.trigger.threshold = 10000 (custom)
2019-08-23 08:59:51,116 [pool-170-thread-1] INFO  impl.RaftServerImpl (RaftServerImpl.java:start(180)) - 7058706c-0601-4f99-98c3-fb17e47fe4d1: start group-A2B0B8B21AC5
2019-08-23 08:59:51,118 [pool-170-thread-1] INFO  impl.RaftServerImpl (RaftServerImpl.java:setRole(171)) - 7058706c-0601-4f99-98c3-fb17e47fe4d1:group-A2B0B8B21AC5 changes role from null to FOLLOWER at term 0 for startAsFollower
2019-08-23 08:59:51,118 [pool-159-thread-1] INFO  server.RaftServerConfigKeys (ConfUtils.java:logGet(43)) - raft.server.retrycache.expirytime = 600000ms (custom)
2019-08-23 08:59:51,118 [pool-170-thread-1] INFO  impl.RoleInfo (RoleInfo.java:updateAndGet(143)) - 7058706c-0601-4f99-98c3-fb17e47fe4d1: start FollowerState
2019-08-23 08:59:51,118 [pool-159-thread-1] INFO  impl.RaftServerImpl (RaftServerImpl.java:start(180)) - 6bf3a110-7368-45bc-babb-68f4f8b3c82b: start group-A2B0B8B21AC5
2019-08-23 08:59:51,118 [pool-159-thread-1] INFO  impl.RaftServerImpl (RaftServerImpl.java:setRole(171)) - 6bf3a110-7368-45bc-babb-68f4f8b3c82b:group-A2B0B8B21AC5 changes role from null to FOLLOWER at term 0 for startAsFollower
2019-08-23 08:59:51,119 [pool-159-thread-1] INFO  impl.RoleInfo (RoleInfo.java:updateAndGet(143)) - 6bf3a110-7368-45bc-babb-68f4f8b3c82b: start FollowerState
2019-08-23 08:59:51,119 [pool-170-thread-1] INFO  util.JmxRegister (JmxRegister.java:tryRegister(44)) - Successfully registered JMX Bean with object name Ratis:service=RaftServer,group=group-A2B0B8B21AC5,id=7058706c-0601-4f99-98c3-fb17e47fe4d1
2019-08-23 08:59:51,119 [pool-159-thread-1] INFO  util.JmxRegister (JmxRegister.java:tryRegister(44)) - Successfully registered JMX Bean with object name Ratis:service=RaftServer,group=group-A2B0B8B21AC5,id=6bf3a110-7368-45bc-babb-68f4f8b3c82b
2019-08-23 08:59:51,126 [RatisPipelineUtilsThread] INFO  pipeline.PipelineStateManager (PipelineStateManager.java:addPipeline(56)) - Created pipeline Pipeline[ Id: 786837d1-76f5-4ead-86d5-a2b0b8b21ac5, Nodes: 6bf3a110-7368-45bc-babb-68f4f8b3c82b{ip: 192.168.36.124, host: pr-hdds-2022-djmxw-136905289, networkLocation: /default-rack, certSerialId: null}7058706c-0601-4f99-98c3-fb17e47fe4d1{ip: 192.168.36.124, host: pr-hdds-2022-djmxw-136905289, networkLocation: /default-rack, certSerialId: null}53ccca58-9df7-41e3-9a4c-33135d9d5679{ip: 192.168.36.124, host: pr-hdds-2022-djmxw-136905289, networkLocation: /default-rack, certSerialId: null}, Type:RATIS, Factor:THREE, State:OPEN]
2019-08-23 08:59:51,159 [main] INFO  ozone.MiniOzoneClusterImpl (MiniOzoneClusterImpl.java:lambda$waitForClusterToBeReady$0(142)) - Waiting for cluster to be ready. Got 6 of 7 DN Heartbeats.
2019-08-23 08:59:51,162 [IPC Server handler 4 on 40571] INFO  net.NetworkTopology (NetworkTopologyImpl.java:add(110)) - Added a new node: /default-rack/73a09e5f-1e5e-4ec9-bd35-9dc9ec1f0104
2019-08-23 08:59:51,165 [IPC Server handler 4 on 40571] INFO  node.SCMNodeManager (SCMNodeManager.java:register(273)) - Registered Data node : 73a09e5f-1e5e-4ec9-bd35-9dc9ec1f0104{ip: 192.168.36.124, host: pr-hdds-2022-djmxw-136905289, networkLocation: /default-rack, certSerialId: null}
2019-08-23 08:59:51,167 | INFO  | SCMAudit | user=jenkins1000 | ip=192.168.36.124 | op=REGISTER {datanodeDetails=73a09e5f-1e5e-4ec9-bd35-9dc9ec1f0104{ip: 192.168.36.124, host: pr-hdds-2022-djmxw-136905289, networkLocation: /default-rack, certSerialId: null}} | ret=SUCCESS |  
2019-08-23 08:59:51,177 [grpc-default-executor-5] INFO  impl.RaftServerProxy (RaftServerProxy.java:addNew(89)) - 73a09e5f-1e5e-4ec9-bd35-9dc9ec1f0104: addNew group-8FAE21852BA5:[73a09e5f-1e5e-4ec9-bd35-9dc9ec1f0104:192.168.36.124:45785] returns group-8FAE21852BA5:java.util.concurrent.CompletableFuture@55111e0d[Not completed]
2019-08-23 08:59:51,183 [pool-192-thread-1] INFO  impl.RaftServerImpl (RaftServerImpl.java:<init>(93)) - 73a09e5f-1e5e-4ec9-bd35-9dc9ec1f0104: new RaftServerImpl for group-8FAE21852BA5:[73a09e5f-1e5e-4ec9-bd35-9dc9ec1f0104:192.168.36.124:45785] with ContainerStateMachine:uninitialized
2019-08-23 08:59:51,183 [pool-192-thread-1] INFO  server.RaftServerConfigKeys (ConfUtils.java:logGet(43)) - raft.server.rpc.timeout.min = 5s (custom)
2019-08-23 08:59:51,184 [pool-192-thread-1] INFO  server.RaftServerConfigKeys (ConfUtils.java:logGet(43)) - raft.server.rpc.timeout.max = 5200ms (custom)
2019-08-23 08:59:51,184 [pool-192-thread-1] INFO  server.RaftServerConfigKeys (ConfUtils.java:logGet(43)) - raft.server.rpcslowness.timeout = 120s (custom)
2019-08-23 08:59:51,184 [pool-192-thread-1] INFO  server.RaftServerConfigKeys (ConfUtils.java:logGet(43)) - raft.server.sleep.deviation.threshold = 300 (default)
2019-08-23 08:59:51,184 [pool-192-thread-1] INFO  server.RaftServerConfigKeys (ConfUtils.java:logGet(43)) - raft.server.log.appender.install.snapshot.enabled = false (custom)
2019-08-23 08:59:51,184 [pool-192-thread-1] INFO  impl.RaftServerImpl (ServerState.java:<init>(105)) - 73a09e5f-1e5e-4ec9-bd35-9dc9ec1f0104:group-8FAE21852BA5 ConfigurationManager, init=-1: [73a09e5f-1e5e-4ec9-bd35-9dc9ec1f0104:192.168.36.124:45785], old=null, confs=<EMPTY_MAP>
2019-08-23 08:59:51,184 [pool-192-thread-1] INFO  server.RaftServerConfigKeys (ConfUtils.java:logGet(43)) - raft.server.storage.dir = [/workdir/hadoop-ozone/integration-test/target/test-dir/MiniOzoneClusterImpl-66700af5-9a29-4abd-b0b3-55e500eee43d/datanode-6/data/ratis] (custom)
2019-08-23 08:59:51,185 [pool-192-thread-1] INFO  storage.RaftStorageDirectory (RaftStorageDirectory.java:analyzeStorage(246)) - The storage directory /workdir/hadoop-ozone/integration-test/target/test-dir/MiniOzoneClusterImpl-66700af5-9a29-4abd-b0b3-55e500eee43d/datanode-6/data/ratis/13776983-f686-4bf5-a730-8fae21852ba5 does not exist. Creating ...
2019-08-23 08:59:51,198 [pool-192-thread-1] INFO  storage.RaftStorageDirectory (RaftStorageDirectory.java:tryLock(328)) - Lock on /workdir/hadoop-ozone/integration-test/target/test-dir/MiniOzoneClusterImpl-66700af5-9a29-4abd-b0b3-55e500eee43d/datanode-6/data/ratis/13776983-f686-4bf5-a730-8fae21852ba5/in_use.lock acquired by nodename 4570@pr-hdds-2022-djmxw-136905289
2019-08-23 08:59:51,214 [pool-192-thread-1] INFO  storage.RaftStorage (RaftStorage.java:format(72)) - Storage directory /workdir/hadoop-ozone/integration-test/target/test-dir/MiniOzoneClusterImpl-66700af5-9a29-4abd-b0b3-55e500eee43d/datanode-6/data/ratis/13776983-f686-4bf5-a730-8fae21852ba5 has been successfully formatted.
2019-08-23 08:59:51,215 [pool-192-thread-1] INFO  ratis.ContainerStateMachine (ContainerStateMachine.java:loadSnapshot(226)) - group-8FAE21852BA5: The snapshot info is null. Setting the last applied indexto:(t:0, i:~)
2019-08-23 08:59:51,215 [pool-192-thread-1] INFO  server.RaftServerConfigKeys (ConfUtils.java:logGet(43)) - raft.server.leader.election.timeout = 120s (custom)
2019-08-23 08:59:51,215 [pool-192-thread-1] INFO  server.RaftServerConfigKeys (ConfUtils.java:logGet(43)) - raft.server.log.use.memory = false (default)
2019-08-23 08:59:51,215 [pool-192-thread-1] INFO  server.RaftServerConfigKeys (ConfUtils.java:logGet(43)) - raft.server.log.purge.gap = 1000000 (custom)
2019-08-23 08:59:51,216 [pool-192-thread-1] INFO  server.RaftServerConfigKeys (ConfUtils.java:logGet(43)) - raft.server.log.appender.buffer.byte-limit = 33554432 (custom)
2019-08-23 08:59:51,216 [pool-192-thread-1] INFO  server.RaftServerConfigKeys (ConfUtils.java:logGet(43)) - raft.server.log.segment.size.max = 1048576 (custom)
2019-08-23 08:59:51,216 [pool-192-thread-1] INFO  server.RaftServerConfigKeys (ConfUtils.java:logGet(43)) - raft.server.log.segment.cache.num.max = 2 (custom)
2019-08-23 08:59:51,216 [pool-192-thread-1] INFO  segmented.SegmentedRaftLogWorker (SegmentedRaftLogWorker.java:<init>(172)) - new 73a09e5f-1e5e-4ec9-bd35-9dc9ec1f0104-SegmentedRaftLogWorker:Storage Directory /workdir/hadoop-ozone/integration-test/target/test-dir/MiniOzoneClusterImpl-66700af5-9a29-4abd-b0b3-55e500eee43d/datanode-6/data/ratis/13776983-f686-4bf5-a730-8fae21852ba5 for RaftStorage:Storage Directory /workdir/hadoop-ozone/integration-test/target/test-dir/MiniOzoneClusterImpl-66700af5-9a29-4abd-b0b3-55e500eee43d/datanode-6/data/ratis/13776983-f686-4bf5-a730-8fae21852ba5
2019-08-23 08:59:51,216 [pool-192-thread-1] INFO  server.RaftServerConfigKeys (ConfUtils.java:logGet(43)) - raft.server.log.queue.byte-limit = 2147483647 (custom)
2019-08-23 08:59:51,217 [pool-192-thread-1] INFO  server.RaftServerConfigKeys (ConfUtils.java:logGet(43)) - raft.server.log.queue.element-limit = 1024 (custom)
2019-08-23 08:59:51,217 [pool-192-thread-1] INFO  server.RaftServerConfigKeys (ConfUtils.java:logGet(43)) - raft.server.log.segment.size.max = 1048576 (custom)
2019-08-23 08:59:51,217 [pool-192-thread-1] INFO  server.RaftServerConfigKeys (ConfUtils.java:logGet(43)) - raft.server.log.preallocated.size = 16384 (custom)
2019-08-23 08:59:51,217 [pool-192-thread-1] INFO  server.RaftServerConfigKeys (ConfUtils.java:logGet(43)) - raft.server.log.write.buffer.size = 33554432 (custom)
2019-08-23 08:59:51,218 [pool-192-thread-1] INFO  server.RaftServerConfigKeys (ConfUtils.java:logGet(43)) - raft.server.log.force.sync.num = 128 (default)
2019-08-23 08:59:51,218 [pool-192-thread-1] INFO  server.RaftServerConfigKeys (ConfUtils.java:logGet(43)) - raft.server.log.statemachine.data.sync = true (default)
2019-08-23 08:59:51,218 [pool-192-thread-1] INFO  server.RaftServerConfigKeys (ConfUtils.java:logGet(43)) - raft.server.log.statemachine.data.sync.timeout = 10s (default)
2019-08-23 08:59:51,218 [pool-192-thread-1] INFO  server.RaftServerConfigKeys (ConfUtils.java:logGet(43)) - raft.server.log.statemachine.data.sync.timeout.retry = -1 (default)
2019-08-23 08:59:51,219 [pool-192-thread-1] INFO  server.RaftServerConfigKeys (ConfUtils.java:logGet(43)) - raft.server.log.statemachine.data.caching.enabled = true (custom)
2019-08-23 08:59:51,219 [pool-192-thread-1] INFO  segmented.SegmentedRaftLogWorker (SegmentedRaftLogWorker.java:lambda$new$0(132)) - 73a09e5f-1e5e-4ec9-bd35-9dc9ec1f0104-SegmentedRaftLogWorker:Storage Directory /workdir/hadoop-ozone/integration-test/target/test-dir/MiniOzoneClusterImpl-66700af5-9a29-4abd-b0b3-55e500eee43d/datanode-6/data/ratis/13776983-f686-4bf5-a730-8fae21852ba5: flushIndex: setUnconditionally 0 -> -1
2019-08-23 08:59:51,219 [pool-192-thread-1] INFO  server.RaftServerConfigKeys (ConfUtils.java:logGet(43)) - raft.server.snapshot.auto.trigger.enabled = true (custom)
2019-08-23 08:59:51,220 [pool-192-thread-1] INFO  server.RaftServerConfigKeys (ConfUtils.java:logGet(43)) - raft.server.snapshot.auto.trigger.threshold = 10000 (custom)
2019-08-23 08:59:51,220 [pool-192-thread-1] INFO  server.RaftServerConfigKeys (ConfUtils.java:logGet(43)) - raft.server.retrycache.expirytime = 600000ms (custom)
2019-08-23 08:59:51,220 [pool-192-thread-1] INFO  impl.RaftServerImpl (RaftServerImpl.java:start(180)) - 73a09e5f-1e5e-4ec9-bd35-9dc9ec1f0104: start group-8FAE21852BA5
2019-08-23 08:59:51,220 [pool-192-thread-1] INFO  impl.RaftServerImpl (RaftServerImpl.java:setRole(171)) - 73a09e5f-1e5e-4ec9-bd35-9dc9ec1f0104:group-8FAE21852BA5 changes role from null to FOLLOWER at term 0 for startAsFollower
2019-08-23 08:59:51,220 [pool-192-thread-1] INFO  impl.RoleInfo (RoleInfo.java:updateAndGet(143)) - 73a09e5f-1e5e-4ec9-bd35-9dc9ec1f0104: start FollowerState
2019-08-23 08:59:51,221 [pool-192-thread-1] INFO  util.JmxRegister (JmxRegister.java:tryRegister(44)) - Successfully registered JMX Bean with object name Ratis:service=RaftServer,group=group-8FAE21852BA5,id=73a09e5f-1e5e-4ec9-bd35-9dc9ec1f0104
2019-08-23 08:59:51,226 [RatisPipelineUtilsThread] INFO  pipeline.PipelineStateManager (PipelineStateManager.java:addPipeline(56)) - Created pipeline Pipeline[ Id: 13776983-f686-4bf5-a730-8fae21852ba5, Nodes: 73a09e5f-1e5e-4ec9-bd35-9dc9ec1f0104{ip: 192.168.36.124, host: pr-hdds-2022-djmxw-136905289, networkLocation: /default-rack, certSerialId: null}, Type:RATIS, Factor:ONE, State:OPEN]
2019-08-23 08:59:51,598 | INFO  | SCMAudit | user=jenkins1000 | ip=192.168.36.124 | op=SEND_HEARTBEAT {datanodeUUID=a044e505-5a19-4c44-8ca7-fe19de178d0f, command=[]} | ret=SUCCESS |  
2019-08-23 08:59:51,810 | INFO  | SCMAudit | user=jenkins1000 | ip=192.168.36.124 | op=SEND_HEARTBEAT {datanodeUUID=ad86c749-0bfc-4170-98eb-eedec0f3acc2, command=[]} | ret=SUCCESS |  
2019-08-23 08:59:52,160 [main] INFO  ozone.MiniOzoneClusterImpl (MiniOzoneClusterImpl.java:lambda$waitForClusterToBeReady$0(142)) - Cluster is ready. Got 7 of 7 DN Heartbeats.
2019-08-23 08:59:52,204 [main] INFO  rpc.RpcClient (RpcClient.java:createVolume(293)) - Creating Volume: watchforcommithandlingtest, with jenkins1000 as owner.
2019-08-23 08:59:52,207 | INFO  | OMAudit | user=jenkins1000 | ip=127.0.0.1 | op=CREATE_VOLUME {admin=jenkins1000, owner=jenkins1000, volume=watchforcommithandlingtest, creationTime=1566550792207, quotaInBytes=1152921504606846976} | ret=SUCCESS |  
2019-08-23 08:59:52,220 | INFO  | OMAudit | user=jenkins1000 | ip=127.0.0.1 | op=READ_VOLUME {volume=watchforcommithandlingtest} | ret=SUCCESS |  
2019-08-23 08:59:52,222 [main] INFO  rpc.RpcClient (RpcClient.java:createBucket(432)) - Creating Bucket: watchforcommithandlingtest/watchforcommithandlingtest, with Versioning false and Storage Type set to DISK and Encryption set to false 
2019-08-23 08:59:52,227 | INFO  | OMAudit | user=jenkins1000 | ip=127.0.0.1 | op=CREATE_BUCKET {volume=watchforcommithandlingtest, bucket=watchforcommithandlingtest, acls=[user:jenkins1000:a[ACCESS], group:default:a[ACCESS]], isVersionEnabled=false, storageType=DISK, creationTime=0} | ret=SUCCESS |  
2019-08-23 08:59:52,228 [main] INFO  ozone.MiniOzoneClusterImpl (MiniOzoneClusterImpl.java:getStorageContainerLocationClient(241)) - Creating StorageContainerLocationProtocol RPC client with address /0.0.0.0:41830
2019-08-23 08:59:52,260 [grpc-default-executor-5] INFO  client.GrpcClientProtocolClient (GrpcClientProtocolClient.java:onNext(255)) - client-B274DF0A3B7A->ad86c749-0bfc-4170-98eb-eedec0f3acc2: receive RaftClientReply:client-B274DF0A3B7A->ad86c749-0bfc-4170-98eb-eedec0f3acc2@group-1232FC6AE750, cid=50, FAILED org.apache.ratis.protocol.NotLeaderException: Server ad86c749-0bfc-4170-98eb-eedec0f3acc2 is not the leader (null). Request must be sent to leader., logIndex=0, commits[ad86c749-0bfc-4170-98eb-eedec0f3acc2:c-1]
2019-08-23 08:59:52,337 | INFO  | SCMAudit | user=jenkins1000 | ip=192.168.36.124 | op=SEND_HEARTBEAT {datanodeUUID=e7db1942-ce57-4ac0-b83a-1ab5d1f3726b, command=[]} | ret=SUCCESS |  
2019-08-23 08:59:52,531 | INFO  | SCMAudit | user=jenkins1000 | ip=192.168.36.124 | op=SEND_HEARTBEAT {datanodeUUID=6bf3a110-7368-45bc-babb-68f4f8b3c82b, command=[]} | ret=SUCCESS |  
2019-08-23 08:59:52,598 | INFO  | SCMAudit | user=jenkins1000 | ip=192.168.36.124 | op=SEND_HEARTBEAT {datanodeUUID=a044e505-5a19-4c44-8ca7-fe19de178d0f, command=[]} | ret=SUCCESS |  
2019-08-23 08:59:52,612 [Thread-978] INFO  container.ReplicationManager (ReplicationManager.java:start(152)) - Starting Replication Monitor Thread.
2019-08-23 08:59:52,617 [ReplicationMonitor] INFO  container.ReplicationManager (ReplicationManager.java:run(215)) - Replication Monitor Thread took 0 milliseconds for processing 1 containers.
2019-08-23 08:59:52,717 | INFO  | SCMAudit | user=jenkins1000 | ip=192.168.36.124 | op=SEND_HEARTBEAT {datanodeUUID=7058706c-0601-4f99-98c3-fb17e47fe4d1, command=[]} | ret=SUCCESS |  
2019-08-23 08:59:52,810 | INFO  | SCMAudit | user=jenkins1000 | ip=192.168.36.124 | op=SEND_HEARTBEAT {datanodeUUID=ad86c749-0bfc-4170-98eb-eedec0f3acc2, command=[]} | ret=SUCCESS |  
2019-08-23 08:59:52,953 | INFO  | SCMAudit | user=jenkins1000 | ip=192.168.36.124 | op=SEND_HEARTBEAT {datanodeUUID=53ccca58-9df7-41e3-9a4c-33135d9d5679, command=[]} | ret=SUCCESS |  
2019-08-23 08:59:53,162 | INFO  | SCMAudit | user=jenkins1000 | ip=192.168.36.124 | op=SEND_HEARTBEAT {datanodeUUID=73a09e5f-1e5e-4ec9-bd35-9dc9ec1f0104, command=[]} | ret=SUCCESS |  
2019-08-23 08:59:53,290 [grpc-default-executor-5] INFO  client.GrpcClientProtocolClient (GrpcClientProtocolClient.java:onNext(255)) - client-B274DF0A3B7A->e7db1942-ce57-4ac0-b83a-1ab5d1f3726b: receive RaftClientReply:client-B274DF0A3B7A->e7db1942-ce57-4ac0-b83a-1ab5d1f3726b@group-1232FC6AE750, cid=50, FAILED org.apache.ratis.protocol.NotLeaderException: Server e7db1942-ce57-4ac0-b83a-1ab5d1f3726b is not the leader (null). Request must be sent to leader., logIndex=0, commits[e7db1942-ce57-4ac0-b83a-1ab5d1f3726b:c-1]
2019-08-23 08:59:53,337 | INFO  | SCMAudit | user=jenkins1000 | ip=192.168.36.124 | op=SEND_HEARTBEAT {datanodeUUID=e7db1942-ce57-4ac0-b83a-1ab5d1f3726b, command=[]} | ret=SUCCESS |  
2019-08-23 08:59:53,531 | INFO  | SCMAudit | user=jenkins1000 | ip=192.168.36.124 | op=SEND_HEARTBEAT {datanodeUUID=6bf3a110-7368-45bc-babb-68f4f8b3c82b, command=[]} | ret=SUCCESS |  
2019-08-23 08:59:53,598 | INFO  | SCMAudit | user=jenkins1000 | ip=192.168.36.124 | op=SEND_HEARTBEAT {datanodeUUID=a044e505-5a19-4c44-8ca7-fe19de178d0f, command=[]} | ret=SUCCESS |  
2019-08-23 08:59:53,717 | INFO  | SCMAudit | user=jenkins1000 | ip=192.168.36.124 | op=SEND_HEARTBEAT {datanodeUUID=7058706c-0601-4f99-98c3-fb17e47fe4d1, command=[]} | ret=SUCCESS |  
2019-08-23 08:59:53,810 | INFO  | SCMAudit | user=jenkins1000 | ip=192.168.36.124 | op=SEND_HEARTBEAT {datanodeUUID=ad86c749-0bfc-4170-98eb-eedec0f3acc2, command=[]} | ret=SUCCESS |  
2019-08-23 08:59:53,954 | INFO  | SCMAudit | user=jenkins1000 | ip=192.168.36.124 | op=SEND_HEARTBEAT {datanodeUUID=53ccca58-9df7-41e3-9a4c-33135d9d5679, command=[]} | ret=SUCCESS |  
2019-08-23 08:59:54,162 | INFO  | SCMAudit | user=jenkins1000 | ip=192.168.36.124 | op=SEND_HEARTBEAT {datanodeUUID=73a09e5f-1e5e-4ec9-bd35-9dc9ec1f0104, command=[]} | ret=SUCCESS |  
2019-08-23 08:59:54,330 [grpc-default-executor-5] INFO  client.GrpcClientProtocolClient (GrpcClientProtocolClient.java:onNext(255)) - client-B274DF0A3B7A->a044e505-5a19-4c44-8ca7-fe19de178d0f: receive RaftClientReply:client-B274DF0A3B7A->a044e505-5a19-4c44-8ca7-fe19de178d0f@group-1232FC6AE750, cid=50, FAILED org.apache.ratis.protocol.NotLeaderException: Server a044e505-5a19-4c44-8ca7-fe19de178d0f is not the leader (null). Request must be sent to leader., logIndex=0, commits[a044e505-5a19-4c44-8ca7-fe19de178d0f:c-1]
2019-08-23 08:59:54,339 | INFO  | SCMAudit | user=jenkins1000 | ip=192.168.36.124 | op=SEND_HEARTBEAT {datanodeUUID=e7db1942-ce57-4ac0-b83a-1ab5d1f3726b, command=[]} | ret=SUCCESS |  
2019-08-23 08:59:54,532 | INFO  | SCMAudit | user=jenkins1000 | ip=192.168.36.124 | op=SEND_HEARTBEAT {datanodeUUID=6bf3a110-7368-45bc-babb-68f4f8b3c82b, command=[]} | ret=SUCCESS |  
2019-08-23 08:59:54,598 | INFO  | SCMAudit | user=jenkins1000 | ip=192.168.36.124 | op=SEND_HEARTBEAT {datanodeUUID=a044e505-5a19-4c44-8ca7-fe19de178d0f, command=[]} | ret=SUCCESS |  
2019-08-23 08:59:54,717 | INFO  | SCMAudit | user=jenkins1000 | ip=192.168.36.124 | op=SEND_HEARTBEAT {datanodeUUID=7058706c-0601-4f99-98c3-fb17e47fe4d1, command=[]} | ret=SUCCESS |  
2019-08-23 08:59:54,734 [Thread-980] INFO  impl.FollowerState (FollowerState.java:run(106)) - a044e505-5a19-4c44-8ca7-fe19de178d0f:group-4DC8E86C9323 changes to CANDIDATE, lastRpcTime:5061, electionTimeout:5061ms
2019-08-23 08:59:54,736 [Thread-980] INFO  impl.RoleInfo (RoleInfo.java:shutdownFollowerState(121)) - a044e505-5a19-4c44-8ca7-fe19de178d0f: shutdown FollowerState
2019-08-23 08:59:54,737 [Thread-980] INFO  impl.RaftServerImpl (RaftServerImpl.java:setRole(171)) - a044e505-5a19-4c44-8ca7-fe19de178d0f:group-4DC8E86C9323 changes role from FOLLOWER to CANDIDATE at term 0 for changeToCandidate
2019-08-23 08:59:54,737 [Thread-980] INFO  impl.RoleInfo (RoleInfo.java:updateAndGet(143)) - a044e505-5a19-4c44-8ca7-fe19de178d0f: start LeaderElection
2019-08-23 08:59:54,787 [a044e505-5a19-4c44-8ca7-fe19de178d0f:group-4DC8E86C9323:LeaderElection16] INFO  impl.LeaderElection (LeaderElection.java:askForVotes(181)) - a044e505-5a19-4c44-8ca7-fe19de178d0f:group-4DC8E86C9323:LeaderElection16: begin an election at term 1 for -1: [a044e505-5a19-4c44-8ca7-fe19de178d0f:192.168.36.124:37365], old=null
2019-08-23 08:59:54,789 [a044e505-5a19-4c44-8ca7-fe19de178d0f:group-4DC8E86C9323:LeaderElection16] INFO  impl.RoleInfo (RoleInfo.java:shutdownLeaderElection(134)) - a044e505-5a19-4c44-8ca7-fe19de178d0f: shutdown LeaderElection
2019-08-23 08:59:54,789 [a044e505-5a19-4c44-8ca7-fe19de178d0f:group-4DC8E86C9323:LeaderElection16] INFO  impl.RaftServerImpl (RaftServerImpl.java:setRole(171)) - a044e505-5a19-4c44-8ca7-fe19de178d0f:group-4DC8E86C9323 changes role from CANDIDATE to LEADER at term 1 for changeToLeader
2019-08-23 08:59:54,790 [a044e505-5a19-4c44-8ca7-fe19de178d0f:group-4DC8E86C9323:LeaderElection16] INFO  impl.RaftServerImpl (ServerState.java:setLeader(263)) - a044e505-5a19-4c44-8ca7-fe19de178d0f:group-4DC8E86C9323 change Leader from null to a044e505-5a19-4c44-8ca7-fe19de178d0f at term 1 for becomeLeader, leader elected after 5123ms
2019-08-23 08:59:54,792 [a044e505-5a19-4c44-8ca7-fe19de178d0f:group-4DC8E86C9323:LeaderElection16] INFO  server.RaftServerConfigKeys (ConfUtils.java:logGet(43)) - raft.server.staging.catchup.gap = 1000 (default)
2019-08-23 08:59:54,793 [a044e505-5a19-4c44-8ca7-fe19de178d0f:group-4DC8E86C9323:LeaderElection16] INFO  server.RaftServerConfigKeys (ConfUtils.java:logGet(43)) - raft.server.rpc.sleep.time = 25ms (default)
2019-08-23 08:59:54,793 [a044e505-5a19-4c44-8ca7-fe19de178d0f:group-4DC8E86C9323:LeaderElection16] INFO  server.RaftServerConfigKeys (ConfUtils.java:logGet(43)) - raft.server.write.element-limit = 4096 (default)
2019-08-23 08:59:54,793 [a044e505-5a19-4c44-8ca7-fe19de178d0f:group-4DC8E86C9323:LeaderElection16] INFO  server.RaftServerConfigKeys (ConfUtils.java:logGet(43)) - raft.server.watch.timeout = 10s (default)
2019-08-23 08:59:54,793 [a044e505-5a19-4c44-8ca7-fe19de178d0f:group-4DC8E86C9323:LeaderElection16] INFO  server.RaftServerConfigKeys (ConfUtils.java:logGet(43)) - raft.server.watch.timeout.denomination = 1s (default)
2019-08-23 08:59:54,793 [a044e505-5a19-4c44-8ca7-fe19de178d0f:group-4DC8E86C9323:LeaderElection16] INFO  server.RaftServerConfigKeys (ConfUtils.java:logGet(43)) - raft.server.watch.element-limit = 65536 (default)
2019-08-23 08:59:54,794 [a044e505-5a19-4c44-8ca7-fe19de178d0f:group-4DC8E86C9323:LeaderElection16] INFO  impl.RoleInfo (RoleInfo.java:updateAndGet(143)) - a044e505-5a19-4c44-8ca7-fe19de178d0f: start LeaderState
2019-08-23 08:59:54,794 [a044e505-5a19-4c44-8ca7-fe19de178d0f:group-4DC8E86C9323:LeaderElection16] INFO  segmented.SegmentedRaftLogWorker (SegmentedRaftLogWorker.java:startLogSegment(380)) - a044e505-5a19-4c44-8ca7-fe19de178d0f-SegmentedRaftLogWorker:Storage Directory /workdir/hadoop-ozone/integration-test/target/test-dir/MiniOzoneClusterImpl-66700af5-9a29-4abd-b0b3-55e500eee43d/datanode-0/data/ratis/92e3b580-aac8-4953-bd96-4dc8e86c9323: Starting segment from index:0
2019-08-23 08:59:54,795 [a044e505-5a19-4c44-8ca7-fe19de178d0f:group-4DC8E86C9323:LeaderElection16] INFO  impl.RaftServerImpl (ServerState.java:setRaftConf(361)) - a044e505-5a19-4c44-8ca7-fe19de178d0f:group-4DC8E86C9323 set configuration 0: [a044e505-5a19-4c44-8ca7-fe19de178d0f:192.168.36.124:37365], old=null at 0
2019-08-23 08:59:54,810 | INFO  | SCMAudit | user=jenkins1000 | ip=192.168.36.124 | op=SEND_HEARTBEAT {datanodeUUID=ad86c749-0bfc-4170-98eb-eedec0f3acc2, command=[]} | ret=SUCCESS |  
2019-08-23 08:59:54,845 [a044e505-5a19-4c44-8ca7-fe19de178d0f-SegmentedRaftLogWorker:Storage Directory /workdir/hadoop-ozone/integration-test/target/test-dir/MiniOzoneClusterImpl-66700af5-9a29-4abd-b0b3-55e500eee43d/datanode-0/data/ratis/92e3b580-aac8-4953-bd96-4dc8e86c9323] INFO  segmented.SegmentedRaftLogWorker (SegmentedRaftLogWorker.java:execute(569)) - a044e505-5a19-4c44-8ca7-fe19de178d0f-SegmentedRaftLogWorker:Storage Directory /workdir/hadoop-ozone/integration-test/target/test-dir/MiniOzoneClusterImpl-66700af5-9a29-4abd-b0b3-55e500eee43d/datanode-0/data/ratis/92e3b580-aac8-4953-bd96-4dc8e86c9323: created new log segment /workdir/hadoop-ozone/integration-test/target/test-dir/MiniOzoneClusterImpl-66700af5-9a29-4abd-b0b3-55e500eee43d/datanode-0/data/ratis/92e3b580-aac8-4953-bd96-4dc8e86c9323/current/log_inprogress_0
2019-08-23 08:59:54,954 | INFO  | SCMAudit | user=jenkins1000 | ip=192.168.36.124 | op=SEND_HEARTBEAT {datanodeUUID=53ccca58-9df7-41e3-9a4c-33135d9d5679, command=[]} | ret=SUCCESS |  
2019-08-23 08:59:55,008 [Thread-983] INFO  impl.FollowerState (FollowerState.java:run(106)) - ad86c749-0bfc-4170-98eb-eedec0f3acc2:group-AFF70963126D changes to CANDIDATE, lastRpcTime:5118, electionTimeout:5118ms
2019-08-23 08:59:55,008 [Thread-983] INFO  impl.RoleInfo (RoleInfo.java:shutdownFollowerState(121)) - ad86c749-0bfc-4170-98eb-eedec0f3acc2: shutdown FollowerState
2019-08-23 08:59:55,008 [Thread-983] INFO  impl.RaftServerImpl (RaftServerImpl.java:setRole(171)) - ad86c749-0bfc-4170-98eb-eedec0f3acc2:group-AFF70963126D changes role from FOLLOWER to CANDIDATE at term 0 for changeToCandidate
2019-08-23 08:59:55,008 [Thread-983] INFO  impl.RoleInfo (RoleInfo.java:updateAndGet(143)) - ad86c749-0bfc-4170-98eb-eedec0f3acc2: start LeaderElection
2019-08-23 08:59:55,033 [ad86c749-0bfc-4170-98eb-eedec0f3acc2:group-AFF70963126D:LeaderElection17] INFO  impl.LeaderElection (LeaderElection.java:askForVotes(181)) - ad86c749-0bfc-4170-98eb-eedec0f3acc2:group-AFF70963126D:LeaderElection17: begin an election at term 1 for -1: [ad86c749-0bfc-4170-98eb-eedec0f3acc2:192.168.36.124:46385], old=null
2019-08-23 08:59:55,036 [ad86c749-0bfc-4170-98eb-eedec0f3acc2:group-AFF70963126D:LeaderElection17] INFO  impl.RoleInfo (RoleInfo.java:shutdownLeaderElection(134)) - ad86c749-0bfc-4170-98eb-eedec0f3acc2: shutdown LeaderElection
2019-08-23 08:59:55,036 [ad86c749-0bfc-4170-98eb-eedec0f3acc2:group-AFF70963126D:LeaderElection17] INFO  impl.RaftServerImpl (RaftServerImpl.java:setRole(171)) - ad86c749-0bfc-4170-98eb-eedec0f3acc2:group-AFF70963126D changes role from CANDIDATE to LEADER at term 1 for changeToLeader
2019-08-23 08:59:55,036 [ad86c749-0bfc-4170-98eb-eedec0f3acc2:group-AFF70963126D:LeaderElection17] INFO  impl.RaftServerImpl (ServerState.java:setLeader(263)) - ad86c749-0bfc-4170-98eb-eedec0f3acc2:group-AFF70963126D change Leader from null to ad86c749-0bfc-4170-98eb-eedec0f3acc2 at term 1 for becomeLeader, leader elected after 5152ms
2019-08-23 08:59:55,038 [ad86c749-0bfc-4170-98eb-eedec0f3acc2:group-AFF70963126D:LeaderElection17] INFO  server.RaftServerConfigKeys (ConfUtils.java:logGet(43)) - raft.server.staging.catchup.gap = 1000 (default)
2019-08-23 08:59:55,038 [ad86c749-0bfc-4170-98eb-eedec0f3acc2:group-AFF70963126D:LeaderElection17] INFO  server.RaftServerConfigKeys (ConfUtils.java:logGet(43)) - raft.server.rpc.sleep.time = 25ms (default)
2019-08-23 08:59:55,039 [ad86c749-0bfc-4170-98eb-eedec0f3acc2:group-AFF70963126D:LeaderElection17] INFO  server.RaftServerConfigKeys (ConfUtils.java:logGet(43)) - raft.server.write.element-limit = 4096 (default)
2019-08-23 08:59:55,039 [ad86c749-0bfc-4170-98eb-eedec0f3acc2:group-AFF70963126D:LeaderElection17] INFO  server.RaftServerConfigKeys (ConfUtils.java:logGet(43)) - raft.server.watch.timeout = 10s (default)
2019-08-23 08:59:55,039 [ad86c749-0bfc-4170-98eb-eedec0f3acc2:group-AFF70963126D:LeaderElection17] INFO  server.RaftServerConfigKeys (ConfUtils.java:logGet(43)) - raft.server.watch.timeout.denomination = 1s (default)
2019-08-23 08:59:55,039 [ad86c749-0bfc-4170-98eb-eedec0f3acc2:group-AFF70963126D:LeaderElection17] INFO  server.RaftServerConfigKeys (ConfUtils.java:logGet(43)) - raft.server.watch.element-limit = 65536 (default)
2019-08-23 08:59:55,039 [ad86c749-0bfc-4170-98eb-eedec0f3acc2:group-AFF70963126D:LeaderElection17] INFO  impl.RoleInfo (RoleInfo.java:updateAndGet(143)) - ad86c749-0bfc-4170-98eb-eedec0f3acc2: start LeaderState
2019-08-23 08:59:55,040 [ad86c749-0bfc-4170-98eb-eedec0f3acc2:group-AFF70963126D:LeaderElection17] INFO  segmented.SegmentedRaftLogWorker (SegmentedRaftLogWorker.java:startLogSegment(380)) - ad86c749-0bfc-4170-98eb-eedec0f3acc2-SegmentedRaftLogWorker:Storage Directory /workdir/hadoop-ozone/integration-test/target/test-dir/MiniOzoneClusterImpl-66700af5-9a29-4abd-b0b3-55e500eee43d/datanode-1/data/ratis/f74acae5-872e-4616-a874-aff70963126d: Starting segment from index:0
2019-08-23 08:59:55,040 [ad86c749-0bfc-4170-98eb-eedec0f3acc2:group-AFF70963126D:LeaderElection17] INFO  impl.RaftServerImpl (ServerState.java:setRaftConf(361)) - ad86c749-0bfc-4170-98eb-eedec0f3acc2:group-AFF70963126D set configuration 0: [ad86c749-0bfc-4170-98eb-eedec0f3acc2:192.168.36.124:46385], old=null at 0
2019-08-23 08:59:55,093 [ad86c749-0bfc-4170-98eb-eedec0f3acc2-SegmentedRaftLogWorker:Storage Directory /workdir/hadoop-ozone/integration-test/target/test-dir/MiniOzoneClusterImpl-66700af5-9a29-4abd-b0b3-55e500eee43d/datanode-1/data/ratis/f74acae5-872e-4616-a874-aff70963126d] INFO  segmented.SegmentedRaftLogWorker (SegmentedRaftLogWorker.java:execute(569)) - ad86c749-0bfc-4170-98eb-eedec0f3acc2-SegmentedRaftLogWorker:Storage Directory /workdir/hadoop-ozone/integration-test/target/test-dir/MiniOzoneClusterImpl-66700af5-9a29-4abd-b0b3-55e500eee43d/datanode-1/data/ratis/f74acae5-872e-4616-a874-aff70963126d: created new log segment /workdir/hadoop-ozone/integration-test/target/test-dir/MiniOzoneClusterImpl-66700af5-9a29-4abd-b0b3-55e500eee43d/datanode-1/data/ratis/f74acae5-872e-4616-a874-aff70963126d/current/log_inprogress_0
2019-08-23 08:59:55,162 | INFO  | SCMAudit | user=jenkins1000 | ip=192.168.36.124 | op=SEND_HEARTBEAT {datanodeUUID=73a09e5f-1e5e-4ec9-bd35-9dc9ec1f0104, command=[]} | ret=SUCCESS |  
2019-08-23 08:59:55,340 | INFO  | SCMAudit | user=jenkins1000 | ip=192.168.36.124 | op=SEND_HEARTBEAT {datanodeUUID=e7db1942-ce57-4ac0-b83a-1ab5d1f3726b, command=[]} | ret=SUCCESS |  
2019-08-23 08:59:55,350 [grpc-default-executor-5] INFO  client.GrpcClientProtocolClient (GrpcClientProtocolClient.java:onNext(255)) - client-B274DF0A3B7A->ad86c749-0bfc-4170-98eb-eedec0f3acc2: receive RaftClientReply:client-B274DF0A3B7A->ad86c749-0bfc-4170-98eb-eedec0f3acc2@group-1232FC6AE750, cid=50, FAILED org.apache.ratis.protocol.NotLeaderException: Server ad86c749-0bfc-4170-98eb-eedec0f3acc2 is not the leader (null). Request must be sent to leader., logIndex=0, commits[ad86c749-0bfc-4170-98eb-eedec0f3acc2:c-1]
2019-08-23 08:59:55,489 [Thread-986] INFO  impl.FollowerState (FollowerState.java:run(106)) - e7db1942-ce57-4ac0-b83a-1ab5d1f3726b:group-10AEBD761EF8 changes to CANDIDATE, lastRpcTime:5082, electionTimeout:5082ms
2019-08-23 08:59:55,492 [Thread-986] INFO  impl.RoleInfo (RoleInfo.java:shutdownFollowerState(121)) - e7db1942-ce57-4ac0-b83a-1ab5d1f3726b: shutdown FollowerState
2019-08-23 08:59:55,492 [Thread-986] INFO  impl.RaftServerImpl (RaftServerImpl.java:setRole(171)) - e7db1942-ce57-4ac0-b83a-1ab5d1f3726b:group-10AEBD761EF8 changes role from FOLLOWER to CANDIDATE at term 0 for changeToCandidate
2019-08-23 08:59:55,492 [Thread-986] INFO  impl.RoleInfo (RoleInfo.java:updateAndGet(143)) - e7db1942-ce57-4ac0-b83a-1ab5d1f3726b: start LeaderElection
2019-08-23 08:59:55,516 [e7db1942-ce57-4ac0-b83a-1ab5d1f3726b:group-10AEBD761EF8:LeaderElection18] INFO  impl.LeaderElection (LeaderElection.java:askForVotes(181)) - e7db1942-ce57-4ac0-b83a-1ab5d1f3726b:group-10AEBD761EF8:LeaderElection18: begin an election at term 1 for -1: [e7db1942-ce57-4ac0-b83a-1ab5d1f3726b:192.168.36.124:35352], old=null
2019-08-23 08:59:55,519 [e7db1942-ce57-4ac0-b83a-1ab5d1f3726b:group-10AEBD761EF8:LeaderElection18] INFO  impl.RoleInfo (RoleInfo.java:shutdownLeaderElection(134)) - e7db1942-ce57-4ac0-b83a-1ab5d1f3726b: shutdown LeaderElection
2019-08-23 08:59:55,519 [e7db1942-ce57-4ac0-b83a-1ab5d1f3726b:group-10AEBD761EF8:LeaderElection18] INFO  impl.RaftServerImpl (RaftServerImpl.java:setRole(171)) - e7db1942-ce57-4ac0-b83a-1ab5d1f3726b:group-10AEBD761EF8 changes role from CANDIDATE to LEADER at term 1 for changeToLeader
2019-08-23 08:59:55,519 [e7db1942-ce57-4ac0-b83a-1ab5d1f3726b:group-10AEBD761EF8:LeaderElection18] INFO  impl.RaftServerImpl (ServerState.java:setLeader(263)) - e7db1942-ce57-4ac0-b83a-1ab5d1f3726b:group-10AEBD761EF8 change Leader from null to e7db1942-ce57-4ac0-b83a-1ab5d1f3726b at term 1 for becomeLeader, leader elected after 5118ms
2019-08-23 08:59:55,523 [e7db1942-ce57-4ac0-b83a-1ab5d1f3726b:group-10AEBD761EF8:LeaderElection18] INFO  server.RaftServerConfigKeys (ConfUtils.java:logGet(43)) - raft.server.staging.catchup.gap = 1000 (default)
2019-08-23 08:59:55,524 [e7db1942-ce57-4ac0-b83a-1ab5d1f3726b:group-10AEBD761EF8:LeaderElection18] INFO  server.RaftServerConfigKeys (ConfUtils.java:logGet(43)) - raft.server.rpc.sleep.time = 25ms (default)
2019-08-23 08:59:55,524 [e7db1942-ce57-4ac0-b83a-1ab5d1f3726b:group-10AEBD761EF8:LeaderElection18] INFO  server.RaftServerConfigKeys (ConfUtils.java:logGet(43)) - raft.server.write.element-limit = 4096 (default)
2019-08-23 08:59:55,525 [e7db1942-ce57-4ac0-b83a-1ab5d1f3726b:group-10AEBD761EF8:LeaderElection18] INFO  server.RaftServerConfigKeys (ConfUtils.java:logGet(43)) - raft.server.watch.timeout = 10s (default)
2019-08-23 08:59:55,525 [e7db1942-ce57-4ac0-b83a-1ab5d1f3726b:group-10AEBD761EF8:LeaderElection18] INFO  server.RaftServerConfigKeys (ConfUtils.java:logGet(43)) - raft.server.watch.timeout.denomination = 1s (default)
2019-08-23 08:59:55,525 [e7db1942-ce57-4ac0-b83a-1ab5d1f3726b:group-10AEBD761EF8:LeaderElection18] INFO  server.RaftServerConfigKeys (ConfUtils.java:logGet(43)) - raft.server.watch.element-limit = 65536 (default)
2019-08-23 08:59:55,526 [e7db1942-ce57-4ac0-b83a-1ab5d1f3726b:group-10AEBD761EF8:LeaderElection18] INFO  impl.RoleInfo (RoleInfo.java:updateAndGet(143)) - e7db1942-ce57-4ac0-b83a-1ab5d1f3726b: start LeaderState
2019-08-23 08:59:55,526 [e7db1942-ce57-4ac0-b83a-1ab5d1f3726b:group-10AEBD761EF8:LeaderElection18] INFO  segmented.SegmentedRaftLogWorker (SegmentedRaftLogWorker.java:startLogSegment(380)) - e7db1942-ce57-4ac0-b83a-1ab5d1f3726b-SegmentedRaftLogWorker:Storage Directory /workdir/hadoop-ozone/integration-test/target/test-dir/MiniOzoneClusterImpl-66700af5-9a29-4abd-b0b3-55e500eee43d/datanode-2/data/ratis/04ec3c66-99b2-4514-82c1-10aebd761ef8: Starting segment from index:0
2019-08-23 08:59:55,527 [e7db1942-ce57-4ac0-b83a-1ab5d1f3726b:group-10AEBD761EF8:LeaderElection18] INFO  impl.RaftServerImpl (ServerState.java:setRaftConf(361)) - e7db1942-ce57-4ac0-b83a-1ab5d1f3726b:group-10AEBD761EF8 set configuration 0: [e7db1942-ce57-4ac0-b83a-1ab5d1f3726b:192.168.36.124:35352], old=null at 0
2019-08-23 08:59:55,534 | INFO  | SCMAudit | user=jenkins1000 | ip=192.168.36.124 | op=SEND_HEARTBEAT {datanodeUUID=6bf3a110-7368-45bc-babb-68f4f8b3c82b, command=[]} | ret=SUCCESS |  
2019-08-23 08:59:55,598 | INFO  | SCMAudit | user=jenkins1000 | ip=192.168.36.124 | op=SEND_HEARTBEAT {datanodeUUID=a044e505-5a19-4c44-8ca7-fe19de178d0f, command=[]} | ret=SUCCESS |  
2019-08-23 08:59:55,601 [e7db1942-ce57-4ac0-b83a-1ab5d1f3726b-SegmentedRaftLogWorker:Storage Directory /workdir/hadoop-ozone/integration-test/target/test-dir/MiniOzoneClusterImpl-66700af5-9a29-4abd-b0b3-55e500eee43d/datanode-2/data/ratis/04ec3c66-99b2-4514-82c1-10aebd761ef8] INFO  segmented.SegmentedRaftLogWorker (SegmentedRaftLogWorker.java:execute(569)) - e7db1942-ce57-4ac0-b83a-1ab5d1f3726b-SegmentedRaftLogWorker:Storage Directory /workdir/hadoop-ozone/integration-test/target/test-dir/MiniOzoneClusterImpl-66700af5-9a29-4abd-b0b3-55e500eee43d/datanode-2/data/ratis/04ec3c66-99b2-4514-82c1-10aebd761ef8: created new log segment /workdir/hadoop-ozone/integration-test/target/test-dir/MiniOzoneClusterImpl-66700af5-9a29-4abd-b0b3-55e500eee43d/datanode-2/data/ratis/04ec3c66-99b2-4514-82c1-10aebd761ef8/current/log_inprogress_0
2019-08-23 08:59:55,625 [Thread-993] INFO  impl.FollowerState (FollowerState.java:run(106)) - ad86c749-0bfc-4170-98eb-eedec0f3acc2:group-1232FC6AE750 changes to CANDIDATE, lastRpcTime:5107, electionTimeout:5107ms
2019-08-23 08:59:55,625 [Thread-993] INFO  impl.RoleInfo (RoleInfo.java:shutdownFollowerState(121)) - ad86c749-0bfc-4170-98eb-eedec0f3acc2: shutdown FollowerState
2019-08-23 08:59:55,625 [Thread-993] INFO  impl.RaftServerImpl (RaftServerImpl.java:setRole(171)) - ad86c749-0bfc-4170-98eb-eedec0f3acc2:group-1232FC6AE750 changes role from FOLLOWER to CANDIDATE at term 0 for changeToCandidate
2019-08-23 08:59:55,625 [Thread-993] INFO  impl.RoleInfo (RoleInfo.java:updateAndGet(143)) - ad86c749-0bfc-4170-98eb-eedec0f3acc2: start LeaderElection
2019-08-23 08:59:55,634 [Thread-989] INFO  impl.FollowerState (FollowerState.java:run(106)) - e7db1942-ce57-4ac0-b83a-1ab5d1f3726b:group-1232FC6AE750 changes to CANDIDATE, lastRpcTime:5123, electionTimeout:5123ms
2019-08-23 08:59:55,650 [Thread-989] INFO  impl.RoleInfo (RoleInfo.java:shutdownFollowerState(121)) - e7db1942-ce57-4ac0-b83a-1ab5d1f3726b: shutdown FollowerState
2019-08-23 08:59:55,650 [Thread-989] INFO  impl.RaftServerImpl (RaftServerImpl.java:setRole(171)) - e7db1942-ce57-4ac0-b83a-1ab5d1f3726b:group-1232FC6AE750 changes role from FOLLOWER to CANDIDATE at term 0 for changeToCandidate
2019-08-23 08:59:55,650 [Thread-989] INFO  impl.RoleInfo (RoleInfo.java:updateAndGet(143)) - e7db1942-ce57-4ac0-b83a-1ab5d1f3726b: start LeaderElection
2019-08-23 08:59:55,668 [ad86c749-0bfc-4170-98eb-eedec0f3acc2:group-1232FC6AE750:LeaderElection19] INFO  impl.LeaderElection (LeaderElection.java:askForVotes(181)) - ad86c749-0bfc-4170-98eb-eedec0f3acc2:group-1232FC6AE750:LeaderElection19: begin an election at term 1 for -1: [a044e505-5a19-4c44-8ca7-fe19de178d0f:192.168.36.124:37365, ad86c749-0bfc-4170-98eb-eedec0f3acc2:192.168.36.124:46385, e7db1942-ce57-4ac0-b83a-1ab5d1f3726b:192.168.36.124:35352], old=null
2019-08-23 08:59:55,672 [Thread-998] INFO  impl.FollowerState (FollowerState.java:run(106)) - 6bf3a110-7368-45bc-babb-68f4f8b3c82b:group-7E7318E1A5F7 changes to CANDIDATE, lastRpcTime:5065, electionTimeout:5065ms
2019-08-23 08:59:55,672 [Thread-998] INFO  impl.RoleInfo (RoleInfo.java:shutdownFollowerState(121)) - 6bf3a110-7368-45bc-babb-68f4f8b3c82b: shutdown FollowerState
2019-08-23 08:59:55,673 [Thread-998] INFO  impl.RaftServerImpl (RaftServerImpl.java:setRole(171)) - 6bf3a110-7368-45bc-babb-68f4f8b3c82b:group-7E7318E1A5F7 changes role from FOLLOWER to CANDIDATE at term 0 for changeToCandidate
2019-08-23 08:59:55,673 [Thread-998] INFO  impl.RoleInfo (RoleInfo.java:updateAndGet(143)) - 6bf3a110-7368-45bc-babb-68f4f8b3c82b: start LeaderElection
2019-08-23 08:59:55,686 [e7db1942-ce57-4ac0-b83a-1ab5d1f3726b:group-1232FC6AE750:LeaderElection20] INFO  impl.LeaderElection (LeaderElection.java:askForVotes(181)) - e7db1942-ce57-4ac0-b83a-1ab5d1f3726b:group-1232FC6AE750:LeaderElection20: begin an election at term 1 for -1: [a044e505-5a19-4c44-8ca7-fe19de178d0f:192.168.36.124:37365, ad86c749-0bfc-4170-98eb-eedec0f3acc2:192.168.36.124:46385, e7db1942-ce57-4ac0-b83a-1ab5d1f3726b:192.168.36.124:35352], old=null
2019-08-23 08:59:55,703 [Thread-994] INFO  impl.FollowerState (FollowerState.java:run(106)) - a044e505-5a19-4c44-8ca7-fe19de178d0f:group-1232FC6AE750 changes to CANDIDATE, lastRpcTime:5185, electionTimeout:5173ms
2019-08-23 08:59:55,703 [Thread-994] INFO  impl.RoleInfo (RoleInfo.java:shutdownFollowerState(121)) - a044e505-5a19-4c44-8ca7-fe19de178d0f: shutdown FollowerState
2019-08-23 08:59:55,703 [Thread-994] INFO  impl.RaftServerImpl (RaftServerImpl.java:setRole(171)) - a044e505-5a19-4c44-8ca7-fe19de178d0f:group-1232FC6AE750 changes role from FOLLOWER to CANDIDATE at term 0 for changeToCandidate
2019-08-23 08:59:55,703 [Thread-994] INFO  impl.RoleInfo (RoleInfo.java:updateAndGet(143)) - a044e505-5a19-4c44-8ca7-fe19de178d0f: start LeaderElection
2019-08-23 08:59:55,716 [grpc-default-executor-5] INFO  impl.RaftServerImpl (RaftServerImpl.java:setRole(171)) - a044e505-5a19-4c44-8ca7-fe19de178d0f:group-1232FC6AE750 changes role from CANDIDATE to FOLLOWER at term 1 for recognizeCandidate:ad86c749-0bfc-4170-98eb-eedec0f3acc2
2019-08-23 08:59:55,716 [grpc-default-executor-5] INFO  impl.RoleInfo (RoleInfo.java:shutdownLeaderElection(134)) - a044e505-5a19-4c44-8ca7-fe19de178d0f: shutdown LeaderElection
2019-08-23 08:59:55,717 [grpc-default-executor-5] INFO  impl.RoleInfo (RoleInfo.java:updateAndGet(143)) - a044e505-5a19-4c44-8ca7-fe19de178d0f: start FollowerState
2019-08-23 08:59:55,720 [6bf3a110-7368-45bc-babb-68f4f8b3c82b:group-7E7318E1A5F7:LeaderElection21] INFO  impl.LeaderElection (LeaderElection.java:askForVotes(181)) - 6bf3a110-7368-45bc-babb-68f4f8b3c82b:group-7E7318E1A5F7:LeaderElection21: begin an election at term 1 for -1: [6bf3a110-7368-45bc-babb-68f4f8b3c82b:192.168.36.124:44172], old=null
2019-08-23 08:59:55,717 | INFO  | SCMAudit | user=jenkins1000 | ip=192.168.36.124 | op=SEND_HEARTBEAT {datanodeUUID=7058706c-0601-4f99-98c3-fb17e47fe4d1, command=[]} | ret=SUCCESS |  
2019-08-23 08:59:55,722 [6bf3a110-7368-45bc-babb-68f4f8b3c82b:group-7E7318E1A5F7:LeaderElection21] INFO  impl.RoleInfo (RoleInfo.java:shutdownLeaderElection(134)) - 6bf3a110-7368-45bc-babb-68f4f8b3c82b: shutdown LeaderElection
2019-08-23 08:59:55,722 [6bf3a110-7368-45bc-babb-68f4f8b3c82b:group-7E7318E1A5F7:LeaderElection21] INFO  impl.RaftServerImpl (RaftServerImpl.java:setRole(171)) - 6bf3a110-7368-45bc-babb-68f4f8b3c82b:group-7E7318E1A5F7 changes role from CANDIDATE to LEADER at term 1 for changeToLeader
2019-08-23 08:59:55,722 [6bf3a110-7368-45bc-babb-68f4f8b3c82b:group-7E7318E1A5F7:LeaderElection21] INFO  impl.RaftServerImpl (ServerState.java:setLeader(263)) - 6bf3a110-7368-45bc-babb-68f4f8b3c82b:group-7E7318E1A5F7 change Leader from null to 6bf3a110-7368-45bc-babb-68f4f8b3c82b at term 1 for becomeLeader, leader elected after 5119ms
2019-08-23 08:59:55,727 [6bf3a110-7368-45bc-babb-68f4f8b3c82b:group-7E7318E1A5F7:LeaderElection21] INFO  server.RaftServerConfigKeys (ConfUtils.java:logGet(43)) - raft.server.staging.catchup.gap = 1000 (default)
2019-08-23 08:59:55,727 [6bf3a110-7368-45bc-babb-68f4f8b3c82b:group-7E7318E1A5F7:LeaderElection21] INFO  server.RaftServerConfigKeys (ConfUtils.java:logGet(43)) - raft.server.rpc.sleep.time = 25ms (default)
2019-08-23 08:59:55,727 [6bf3a110-7368-45bc-babb-68f4f8b3c82b:group-7E7318E1A5F7:LeaderElection21] INFO  server.RaftServerConfigKeys (ConfUtils.java:logGet(43)) - raft.server.write.element-limit = 4096 (default)
2019-08-23 08:59:55,727 [6bf3a110-7368-45bc-babb-68f4f8b3c82b:group-7E7318E1A5F7:LeaderElection21] INFO  server.RaftServerConfigKeys (ConfUtils.java:logGet(43)) - raft.server.watch.timeout = 10s (default)
2019-08-23 08:59:55,728 [6bf3a110-7368-45bc-babb-68f4f8b3c82b:group-7E7318E1A5F7:LeaderElection21] INFO  server.RaftServerConfigKeys (ConfUtils.java:logGet(43)) - raft.server.watch.timeout.denomination = 1s (default)
2019-08-23 08:59:55,728 [6bf3a110-7368-45bc-babb-68f4f8b3c82b:group-7E7318E1A5F7:LeaderElection21] INFO  server.RaftServerConfigKeys (ConfUtils.java:logGet(43)) - raft.server.watch.element-limit = 65536 (default)
2019-08-23 08:59:55,728 [6bf3a110-7368-45bc-babb-68f4f8b3c82b:group-7E7318E1A5F7:LeaderElection21] INFO  impl.RoleInfo (RoleInfo.java:updateAndGet(143)) - 6bf3a110-7368-45bc-babb-68f4f8b3c82b: start LeaderState
2019-08-23 08:59:55,728 [6bf3a110-7368-45bc-babb-68f4f8b3c82b:group-7E7318E1A5F7:LeaderElection21] INFO  segmented.SegmentedRaftLogWorker (SegmentedRaftLogWorker.java:startLogSegment(380)) - 6bf3a110-7368-45bc-babb-68f4f8b3c82b-SegmentedRaftLogWorker:Storage Directory /workdir/hadoop-ozone/integration-test/target/test-dir/MiniOzoneClusterImpl-66700af5-9a29-4abd-b0b3-55e500eee43d/datanode-3/data/ratis/879cbe9c-bf2e-483c-99e6-7e7318e1a5f7: Starting segment from index:0
2019-08-23 08:59:55,729 [6bf3a110-7368-45bc-babb-68f4f8b3c82b:group-7E7318E1A5F7:LeaderElection21] INFO  impl.RaftServerImpl (ServerState.java:setRaftConf(361)) - 6bf3a110-7368-45bc-babb-68f4f8b3c82b:group-7E7318E1A5F7 set configuration 0: [6bf3a110-7368-45bc-babb-68f4f8b3c82b:192.168.36.124:44172], old=null at 0
2019-08-23 08:59:55,766 [grpc-default-executor-1] INFO  impl.RaftServerImpl (RaftServerImpl.java:setRole(171)) - a044e505-5a19-4c44-8ca7-fe19de178d0f:group-1232FC6AE750 changes role from FOLLOWER to FOLLOWER at term 1 for recognizeCandidate:e7db1942-ce57-4ac0-b83a-1ab5d1f3726b
2019-08-23 08:59:55,766 [grpc-default-executor-1] INFO  impl.RoleInfo (RoleInfo.java:shutdownFollowerState(121)) - a044e505-5a19-4c44-8ca7-fe19de178d0f: shutdown FollowerState
2019-08-23 08:59:55,766 [grpc-default-executor-1] INFO  impl.RoleInfo (RoleInfo.java:updateAndGet(143)) - a044e505-5a19-4c44-8ca7-fe19de178d0f: start FollowerState
2019-08-23 08:59:55,768 [Thread-1047] INFO  impl.FollowerState (FollowerState.java:run(114)) - a044e505-5a19-4c44-8ca7-fe19de178d0f: FollowerState was interrupted: java.lang.InterruptedException: sleep interrupted
2019-08-23 08:59:55,771 [ad86c749-0bfc-4170-98eb-eedec0f3acc2:group-1232FC6AE750:LeaderElection19] INFO  impl.LeaderElection (LeaderElection.java:logAndReturn(56)) - ad86c749-0bfc-4170-98eb-eedec0f3acc2:group-1232FC6AE750:LeaderElection19: Election REJECTED; received 2 response(s) [ad86c749-0bfc-4170-98eb-eedec0f3acc2<-a044e505-5a19-4c44-8ca7-fe19de178d0f#0:FAIL-t1, ad86c749-0bfc-4170-98eb-eedec0f3acc2<-e7db1942-ce57-4ac0-b83a-1ab5d1f3726b#0:FAIL-t1] and 0 exception(s); ad86c749-0bfc-4170-98eb-eedec0f3acc2:t1, leader=null, voted=ad86c749-0bfc-4170-98eb-eedec0f3acc2, raftlog=ad86c749-0bfc-4170-98eb-eedec0f3acc2-SegmentedRaftLog:OPENED:c-1,f-1,i0, conf=-1: [a044e505-5a19-4c44-8ca7-fe19de178d0f:192.168.36.124:37365, ad86c749-0bfc-4170-98eb-eedec0f3acc2:192.168.36.124:46385, e7db1942-ce57-4ac0-b83a-1ab5d1f3726b:192.168.36.124:35352], old=null
2019-08-23 08:59:55,771 [ad86c749-0bfc-4170-98eb-eedec0f3acc2:group-1232FC6AE750:LeaderElection19] INFO  impl.RaftServerImpl (RaftServerImpl.java:setRole(171)) - ad86c749-0bfc-4170-98eb-eedec0f3acc2:group-1232FC6AE750 changes role from CANDIDATE to FOLLOWER at term 1 for DISCOVERED_A_NEW_TERM
2019-08-23 08:59:55,771 [ad86c749-0bfc-4170-98eb-eedec0f3acc2:group-1232FC6AE750:LeaderElection19] INFO  impl.RoleInfo (RoleInfo.java:shutdownLeaderElection(134)) - ad86c749-0bfc-4170-98eb-eedec0f3acc2: shutdown LeaderElection
2019-08-23 08:59:55,771 [ad86c749-0bfc-4170-98eb-eedec0f3acc2:group-1232FC6AE750:LeaderElection19] INFO  impl.RoleInfo (RoleInfo.java:updateAndGet(143)) - ad86c749-0bfc-4170-98eb-eedec0f3acc2: start FollowerState
2019-08-23 08:59:55,786 [6bf3a110-7368-45bc-babb-68f4f8b3c82b-SegmentedRaftLogWorker:Storage Directory /workdir/hadoop-ozone/integration-test/target/test-dir/MiniOzoneClusterImpl-66700af5-9a29-4abd-b0b3-55e500eee43d/datanode-3/data/ratis/879cbe9c-bf2e-483c-99e6-7e7318e1a5f7] INFO  segmented.SegmentedRaftLogWorker (SegmentedRaftLogWorker.java:execute(569)) - 6bf3a110-7368-45bc-babb-68f4f8b3c82b-SegmentedRaftLogWorker:Storage Directory /workdir/hadoop-ozone/integration-test/target/test-dir/MiniOzoneClusterImpl-66700af5-9a29-4abd-b0b3-55e500eee43d/datanode-3/data/ratis/879cbe9c-bf2e-483c-99e6-7e7318e1a5f7: created new log segment /workdir/hadoop-ozone/integration-test/target/test-dir/MiniOzoneClusterImpl-66700af5-9a29-4abd-b0b3-55e500eee43d/datanode-3/data/ratis/879cbe9c-bf2e-483c-99e6-7e7318e1a5f7/current/log_inprogress_0
2019-08-23 08:59:55,808 [e7db1942-ce57-4ac0-b83a-1ab5d1f3726b:group-1232FC6AE750:LeaderElection20] INFO  impl.LeaderElection (LeaderElection.java:logAndReturn(56)) - e7db1942-ce57-4ac0-b83a-1ab5d1f3726b:group-1232FC6AE750:LeaderElection20: Election PASSED; received 2 response(s) [e7db1942-ce57-4ac0-b83a-1ab5d1f3726b<-a044e505-5a19-4c44-8ca7-fe19de178d0f#0:OK-t1, e7db1942-ce57-4ac0-b83a-1ab5d1f3726b<-ad86c749-0bfc-4170-98eb-eedec0f3acc2#0:FAIL-t1] and 0 exception(s); e7db1942-ce57-4ac0-b83a-1ab5d1f3726b:t1, leader=null, voted=e7db1942-ce57-4ac0-b83a-1ab5d1f3726b, raftlog=e7db1942-ce57-4ac0-b83a-1ab5d1f3726b-SegmentedRaftLog:OPENED:c-1,f-1,i0, conf=-1: [a044e505-5a19-4c44-8ca7-fe19de178d0f:192.168.36.124:37365, ad86c749-0bfc-4170-98eb-eedec0f3acc2:192.168.36.124:46385, e7db1942-ce57-4ac0-b83a-1ab5d1f3726b:192.168.36.124:35352], old=null
2019-08-23 08:59:55,809 [e7db1942-ce57-4ac0-b83a-1ab5d1f3726b:group-1232FC6AE750:LeaderElection20] INFO  impl.RoleInfo (RoleInfo.java:shutdownLeaderElection(134)) - e7db1942-ce57-4ac0-b83a-1ab5d1f3726b: shutdown LeaderElection
2019-08-23 08:59:55,809 [e7db1942-ce57-4ac0-b83a-1ab5d1f3726b:group-1232FC6AE750:LeaderElection20] INFO  impl.RaftServerImpl (RaftServerImpl.java:setRole(171)) - e7db1942-ce57-4ac0-b83a-1ab5d1f3726b:group-1232FC6AE750 changes role from CANDIDATE to LEADER at term 1 for changeToLeader
2019-08-23 08:59:55,809 [e7db1942-ce57-4ac0-b83a-1ab5d1f3726b:group-1232FC6AE750:LeaderElection20] INFO  impl.RaftServerImpl (ServerState.java:setLeader(263)) - e7db1942-ce57-4ac0-b83a-1ab5d1f3726b:group-1232FC6AE750 change Leader from null to e7db1942-ce57-4ac0-b83a-1ab5d1f3726b at term 1 for becomeLeader, leader elected after 5314ms
2019-08-23 08:59:55,809 [e7db1942-ce57-4ac0-b83a-1ab5d1f3726b:group-1232FC6AE750:LeaderElection20] INFO  server.RaftServerConfigKeys (ConfUtils.java:logGet(43)) - raft.server.staging.catchup.gap = 1000 (default)
2019-08-23 08:59:55,809 [e7db1942-ce57-4ac0-b83a-1ab5d1f3726b:group-1232FC6AE750:LeaderElection20] INFO  server.RaftServerConfigKeys (ConfUtils.java:logGet(43)) - raft.server.rpc.sleep.time = 25ms (default)
2019-08-23 08:59:55,810 [e7db1942-ce57-4ac0-b83a-1ab5d1f3726b:group-1232FC6AE750:LeaderElection20] INFO  server.RaftServerConfigKeys (ConfUtils.java:logGet(43)) - raft.server.write.element-limit = 4096 (default)
2019-08-23 08:59:55,810 | INFO  | SCMAudit | user=jenkins1000 | ip=192.168.36.124 | op=SEND_HEARTBEAT {datanodeUUID=ad86c749-0bfc-4170-98eb-eedec0f3acc2, command=[]} | ret=SUCCESS |  
2019-08-23 08:59:55,810 [e7db1942-ce57-4ac0-b83a-1ab5d1f3726b:group-1232FC6AE750:LeaderElection20] INFO  server.RaftServerConfigKeys (ConfUtils.java:logGet(43)) - raft.server.watch.timeout = 10s (default)
2019-08-23 08:59:55,810 [e7db1942-ce57-4ac0-b83a-1ab5d1f3726b:group-1232FC6AE750:LeaderElection20] INFO  server.RaftServerConfigKeys (ConfUtils.java:logGet(43)) - raft.server.watch.timeout.denomination = 1s (default)
2019-08-23 08:59:55,810 [e7db1942-ce57-4ac0-b83a-1ab5d1f3726b:group-1232FC6AE750:LeaderElection20] INFO  server.RaftServerConfigKeys (ConfUtils.java:logGet(43)) - raft.server.watch.element-limit = 65536 (default)
2019-08-23 08:59:55,811 [e7db1942-ce57-4ac0-b83a-1ab5d1f3726b:group-1232FC6AE750:LeaderElection20] INFO  server.RaftServerConfigKeys (ConfUtils.java:logGet(43)) - raft.server.log.appender.snapshot.chunk.size.max = 16MB (=16777216) (default)
2019-08-23 08:59:55,811 [e7db1942-ce57-4ac0-b83a-1ab5d1f3726b:group-1232FC6AE750:LeaderElection20] INFO  server.RaftServerConfigKeys (ConfUtils.java:logGet(43)) - raft.server.log.appender.buffer.byte-limit = 33554432 (custom)
2019-08-23 08:59:55,811 [e7db1942-ce57-4ac0-b83a-1ab5d1f3726b:group-1232FC6AE750:LeaderElection20] INFO  server.RaftServerConfigKeys (ConfUtils.java:logGet(43)) - raft.server.log.appender.buffer.element-limit = 1 (custom)
2019-08-23 08:59:55,811 [e7db1942-ce57-4ac0-b83a-1ab5d1f3726b:group-1232FC6AE750:LeaderElection20] INFO  grpc.GrpcConfigKeys$Server (ConfUtils.java:logGet(43)) - raft.grpc.server.leader.outstanding.appends.max = 128 (default)
2019-08-23 08:59:55,812 [e7db1942-ce57-4ac0-b83a-1ab5d1f3726b:group-1232FC6AE750:LeaderElection20] INFO  server.RaftServerConfigKeys (ConfUtils.java:logGet(43)) - raft.server.rpc.request.timeout = 3000ms (default)
2019-08-23 08:59:55,812 [e7db1942-ce57-4ac0-b83a-1ab5d1f3726b:group-1232FC6AE750:LeaderElection20] INFO  server.RaftServerConfigKeys (ConfUtils.java:logGet(43)) - raft.server.log.appender.install.snapshot.enabled = false (custom)
2019-08-23 08:59:55,812 [e7db1942-ce57-4ac0-b83a-1ab5d1f3726b:group-1232FC6AE750:LeaderElection20] INFO  server.RaftServerConfigKeys (ConfUtils.java:logGet(43)) - raft.server.log.appender.snapshot.chunk.size.max = 16MB (=16777216) (default)
2019-08-23 08:59:55,812 [e7db1942-ce57-4ac0-b83a-1ab5d1f3726b:group-1232FC6AE750:LeaderElection20] INFO  server.RaftServerConfigKeys (ConfUtils.java:logGet(43)) - raft.server.log.appender.buffer.byte-limit = 33554432 (custom)
2019-08-23 08:59:55,813 [e7db1942-ce57-4ac0-b83a-1ab5d1f3726b:group-1232FC6AE750:LeaderElection20] INFO  server.RaftServerConfigKeys (ConfUtils.java:logGet(43)) - raft.server.log.appender.buffer.element-limit = 1 (custom)
2019-08-23 08:59:55,813 [e7db1942-ce57-4ac0-b83a-1ab5d1f3726b:group-1232FC6AE750:LeaderElection20] INFO  grpc.GrpcConfigKeys$Server (ConfUtils.java:logGet(43)) - raft.grpc.server.leader.outstanding.appends.max = 128 (default)
2019-08-23 08:59:55,813 [e7db1942-ce57-4ac0-b83a-1ab5d1f3726b:group-1232FC6AE750:LeaderElection20] INFO  server.RaftServerConfigKeys (ConfUtils.java:logGet(43)) - raft.server.rpc.request.timeout = 3000ms (default)
2019-08-23 08:59:55,813 [e7db1942-ce57-4ac0-b83a-1ab5d1f3726b:group-1232FC6AE750:LeaderElection20] INFO  server.RaftServerConfigKeys (ConfUtils.java:logGet(43)) - raft.server.log.appender.install.snapshot.enabled = false (custom)
2019-08-23 08:59:55,814 [e7db1942-ce57-4ac0-b83a-1ab5d1f3726b:group-1232FC6AE750:LeaderElection20] INFO  impl.RoleInfo (RoleInfo.java:updateAndGet(143)) - e7db1942-ce57-4ac0-b83a-1ab5d1f3726b: start LeaderState
2019-08-23 08:59:55,814 [e7db1942-ce57-4ac0-b83a-1ab5d1f3726b:group-1232FC6AE750:LeaderElection20] INFO  segmented.SegmentedRaftLogWorker (SegmentedRaftLogWorker.java:startLogSegment(380)) - e7db1942-ce57-4ac0-b83a-1ab5d1f3726b-SegmentedRaftLogWorker:Storage Directory /workdir/hadoop-ozone/integration-test/target/test-dir/MiniOzoneClusterImpl-66700af5-9a29-4abd-b0b3-55e500eee43d/datanode-2/data/ratis/de55a504-d559-482d-9cfb-1232fc6ae750: Starting segment from index:0
2019-08-23 08:59:55,815 [e7db1942-ce57-4ac0-b83a-1ab5d1f3726b:group-1232FC6AE750:LeaderElection20] INFO  impl.RaftServerImpl (ServerState.java:setRaftConf(361)) - e7db1942-ce57-4ac0-b83a-1ab5d1f3726b:group-1232FC6AE750 set configuration 0: [a044e505-5a19-4c44-8ca7-fe19de178d0f:192.168.36.124:37365, ad86c749-0bfc-4170-98eb-eedec0f3acc2:192.168.36.124:46385, e7db1942-ce57-4ac0-b83a-1ab5d1f3726b:192.168.36.124:35352], old=null at 0
2019-08-23 08:59:55,845 [a044e505-5a19-4c44-8ca7-fe19de178d0f:group-1232FC6AE750:LeaderElection22] INFO  impl.LeaderElection (LeaderElection.java:askForVotes(181)) - a044e505-5a19-4c44-8ca7-fe19de178d0f:group-1232FC6AE750:LeaderElection22: begin an election at term 2 for -1: [a044e505-5a19-4c44-8ca7-fe19de178d0f:192.168.36.124:37365, ad86c749-0bfc-4170-98eb-eedec0f3acc2:192.168.36.124:46385, e7db1942-ce57-4ac0-b83a-1ab5d1f3726b:192.168.36.124:35352], old=null
2019-08-23 08:59:55,846 [a044e505-5a19-4c44-8ca7-fe19de178d0f:group-1232FC6AE750:LeaderElection22] INFO  impl.LeaderElection (LeaderElection.java:logAndReturn(56)) - a044e505-5a19-4c44-8ca7-fe19de178d0f:group-1232FC6AE750:LeaderElection22: Election REJECTED; received 0 response(s) [] and 0 exception(s); a044e505-5a19-4c44-8ca7-fe19de178d0f:t2, leader=null, voted=a044e505-5a19-4c44-8ca7-fe19de178d0f, raftlog=a044e505-5a19-4c44-8ca7-fe19de178d0f-SegmentedRaftLog:OPENED:c-1,f-1,i0, conf=-1: [a044e505-5a19-4c44-8ca7-fe19de178d0f:192.168.36.124:37365, ad86c749-0bfc-4170-98eb-eedec0f3acc2:192.168.36.124:46385, e7db1942-ce57-4ac0-b83a-1ab5d1f3726b:192.168.36.124:35352], old=null
2019-08-23 08:59:55,847 [grpc-default-executor-1] INFO  impl.RaftServerImpl (ServerState.java:setLeader(263)) - ad86c749-0bfc-4170-98eb-eedec0f3acc2:group-1232FC6AE750 change Leader from null to e7db1942-ce57-4ac0-b83a-1ab5d1f3726b at term 1 for appendEntries, leader elected after 5352ms
2019-08-23 08:59:55,855 [Thread-1051] INFO  impl.RaftServerImpl (ServerState.java:setLeader(263)) - e7db1942-ce57-4ac0-b83a-1ab5d1f3726b:group-1232FC6AE750 change Leader from e7db1942-ce57-4ac0-b83a-1ab5d1f3726b to null at term 2 for updateCurrentTerm
2019-08-23 08:59:55,855 [grpc-default-executor-4] INFO  impl.RaftServerImpl (ServerState.java:setRaftConf(361)) - ad86c749-0bfc-4170-98eb-eedec0f3acc2:group-1232FC6AE750 set configuration 0: [a044e505-5a19-4c44-8ca7-fe19de178d0f:192.168.36.124:37365, ad86c749-0bfc-4170-98eb-eedec0f3acc2:192.168.36.124:46385, e7db1942-ce57-4ac0-b83a-1ab5d1f3726b:192.168.36.124:35352], old=null at 0
2019-08-23 08:59:55,855 [Thread-1051] INFO  impl.RaftServerImpl (RaftServerImpl.java:setRole(171)) - e7db1942-ce57-4ac0-b83a-1ab5d1f3726b:group-1232FC6AE750 changes role from LEADER to FOLLOWER at term 2 for stepDown
2019-08-23 08:59:55,858 [grpc-default-executor-1] INFO  impl.RaftServerImpl (ServerState.java:setLeader(263)) - ad86c749-0bfc-4170-98eb-eedec0f3acc2:group-1232FC6AE750 change Leader from e7db1942-ce57-4ac0-b83a-1ab5d1f3726b to null at term 2 for updateCurrentTerm
2019-08-23 08:59:55,858 [grpc-default-executor-4] INFO  segmented.SegmentedRaftLogWorker (SegmentedRaftLogWorker.java:startLogSegment(380)) - ad86c749-0bfc-4170-98eb-eedec0f3acc2-SegmentedRaftLogWorker:Storage Directory /workdir/hadoop-ozone/integration-test/target/test-dir/MiniOzoneClusterImpl-66700af5-9a29-4abd-b0b3-55e500eee43d/datanode-1/data/ratis/de55a504-d559-482d-9cfb-1232fc6ae750: Starting segment from index:0
2019-08-23 08:59:55,859 [grpc-default-executor-1] INFO  impl.RaftServerImpl (RaftServerImpl.java:setRole(171)) - ad86c749-0bfc-4170-98eb-eedec0f3acc2:group-1232FC6AE750 changes role from FOLLOWER to FOLLOWER at term 2 for recognizeCandidate:a044e505-5a19-4c44-8ca7-fe19de178d0f
2019-08-23 08:59:55,862 [grpc-default-executor-1] INFO  impl.RoleInfo (RoleInfo.java:shutdownFollowerState(121)) - ad86c749-0bfc-4170-98eb-eedec0f3acc2: shutdown FollowerState
2019-08-23 08:59:55,858 [Thread-1051] INFO  impl.RoleInfo (RoleInfo.java:shutdownLeaderState(104)) - e7db1942-ce57-4ac0-b83a-1ab5d1f3726b: shutdown LeaderState
2019-08-23 08:59:55,862 [Thread-1050] INFO  impl.FollowerState (FollowerState.java:run(114)) - ad86c749-0bfc-4170-98eb-eedec0f3acc2: FollowerState was interrupted: java.lang.InterruptedException: sleep interrupted
2019-08-23 08:59:55,902 [org.apache.ratis.server.impl.LogAppender$AppenderDaemon$$Lambda$475/759994702@5f9ceb36] WARN  server.GrpcLogAppender (GrpcLogAppender.java:mayWait(143)) - GrpcLogAppender(e7db1942-ce57-4ac0-b83a-1ab5d1f3726b->a044e505-5a19-4c44-8ca7-fe19de178d0f): Wait interrupted by java.lang.InterruptedException
2019-08-23 08:59:55,862 [grpc-default-executor-1] INFO  impl.RoleInfo (RoleInfo.java:updateAndGet(143)) - ad86c749-0bfc-4170-98eb-eedec0f3acc2: start FollowerState
2019-08-23 08:59:55,905 [e7db1942-ce57-4ac0-b83a-1ab5d1f3726b-SegmentedRaftLogWorker:Storage Directory /workdir/hadoop-ozone/integration-test/target/test-dir/MiniOzoneClusterImpl-66700af5-9a29-4abd-b0b3-55e500eee43d/datanode-2/data/ratis/de55a504-d559-482d-9cfb-1232fc6ae750] INFO  segmented.SegmentedRaftLogWorker (SegmentedRaftLogWorker.java:execute(569)) - e7db1942-ce57-4ac0-b83a-1ab5d1f3726b-SegmentedRaftLogWorker:Storage Directory /workdir/hadoop-ozone/integration-test/target/test-dir/MiniOzoneClusterImpl-66700af5-9a29-4abd-b0b3-55e500eee43d/datanode-2/data/ratis/de55a504-d559-482d-9cfb-1232fc6ae750: created new log segment /workdir/hadoop-ozone/integration-test/target/test-dir/MiniOzoneClusterImpl-66700af5-9a29-4abd-b0b3-55e500eee43d/datanode-2/data/ratis/de55a504-d559-482d-9cfb-1232fc6ae750/current/log_inprogress_0
2019-08-23 08:59:55,902 [Thread-1001] INFO  impl.FollowerState (FollowerState.java:run(106)) - 7058706c-0601-4f99-98c3-fb17e47fe4d1:group-D161976053CE changes to CANDIDATE, lastRpcTime:5127, electionTimeout:5092ms
2019-08-23 08:59:55,902 [Thread-1051] INFO  impl.PendingRequests (PendingRequests.java:sendNotLeaderResponses(202)) - e7db1942-ce57-4ac0-b83a-1ab5d1f3726b-PendingRequests: sendNotLeaderResponses
2019-08-23 08:59:55,902 [org.apache.ratis.server.impl.LogAppender$AppenderDaemon$$Lambda$475/759994702@1a9e7ea1] WARN  server.GrpcLogAppender (GrpcLogAppender.java:mayWait(143)) - GrpcLogAppender(e7db1942-ce57-4ac0-b83a-1ab5d1f3726b->ad86c749-0bfc-4170-98eb-eedec0f3acc2): Wait interrupted by java.lang.InterruptedException
2019-08-23 08:59:55,906 [Thread-1001] INFO  impl.RoleInfo (RoleInfo.java:shutdownFollowerState(121)) - 7058706c-0601-4f99-98c3-fb17e47fe4d1: shutdown FollowerState
2019-08-23 08:59:55,905 [grpc-default-executor-4] INFO  server.GrpcServerProtocolService (GrpcServerProtocolService.java:onCompleted(104)) - a044e505-5a19-4c44-8ca7-fe19de178d0f: appendEntries completed
2019-08-23 08:59:55,906 [Thread-1001] INFO  impl.RaftServerImpl (RaftServerImpl.java:setRole(171)) - 7058706c-0601-4f99-98c3-fb17e47fe4d1:group-D161976053CE changes role from FOLLOWER to CANDIDATE at term 0 for changeToCandidate
2019-08-23 08:59:55,906 [Thread-1051] INFO  impl.RoleInfo (RoleInfo.java:updateAndGet(143)) - e7db1942-ce57-4ac0-b83a-1ab5d1f3726b: start FollowerState
2019-08-23 08:59:55,906 [Thread-1001] INFO  impl.RoleInfo (RoleInfo.java:updateAndGet(143)) - 7058706c-0601-4f99-98c3-fb17e47fe4d1: start LeaderElection
2019-08-23 08:59:55,906 [grpc-default-executor-5] INFO  server.GrpcServerProtocolService (GrpcServerProtocolService.java:onCompleted(104)) - ad86c749-0bfc-4170-98eb-eedec0f3acc2: appendEntries completed
2019-08-23 08:59:55,912 [grpc-default-executor-3] INFO  server.GrpcLogAppender (GrpcLogAppender.java:onCompleted(292)) - e7db1942-ce57-4ac0-b83a-1ab5d1f3726b->a044e505-5a19-4c44-8ca7-fe19de178d0f: follower responses appendEntries COMPLETED
2019-08-23 08:59:55,915 [grpc-default-executor-3] INFO  impl.FollowerInfo (FollowerInfo.java:lambda$new$0(50)) - e7db1942-ce57-4ac0-b83a-1ab5d1f3726b->a044e505-5a19-4c44-8ca7-fe19de178d0f: nextIndex: updateUnconditionally 0 -> 0
2019-08-23 08:59:55,917 [grpc-default-executor-4] INFO  server.GrpcLogAppender (GrpcLogAppender.java:onCompleted(292)) - e7db1942-ce57-4ac0-b83a-1ab5d1f3726b->ad86c749-0bfc-4170-98eb-eedec0f3acc2: follower responses appendEntries COMPLETED
2019-08-23 08:59:55,918 [grpc-default-executor-4] INFO  impl.FollowerInfo (FollowerInfo.java:lambda$new$0(50)) - e7db1942-ce57-4ac0-b83a-1ab5d1f3726b->ad86c749-0bfc-4170-98eb-eedec0f3acc2: nextIndex: updateUnconditionally 1 -> 0
2019-08-23 08:59:55,920 [ad86c749-0bfc-4170-98eb-eedec0f3acc2-SegmentedRaftLogWorker:Storage Directory /workdir/hadoop-ozone/integration-test/target/test-dir/MiniOzoneClusterImpl-66700af5-9a29-4abd-b0b3-55e500eee43d/datanode-1/data/ratis/de55a504-d559-482d-9cfb-1232fc6ae750] INFO  segmented.SegmentedRaftLogWorker (SegmentedRaftLogWorker.java:execute(569)) - ad86c749-0bfc-4170-98eb-eedec0f3acc2-SegmentedRaftLogWorker:Storage Directory /workdir/hadoop-ozone/integration-test/target/test-dir/MiniOzoneClusterImpl-66700af5-9a29-4abd-b0b3-55e500eee43d/datanode-1/data/ratis/de55a504-d559-482d-9cfb-1232fc6ae750: created new log segment /workdir/hadoop-ozone/integration-test/target/test-dir/MiniOzoneClusterImpl-66700af5-9a29-4abd-b0b3-55e500eee43d/datanode-1/data/ratis/de55a504-d559-482d-9cfb-1232fc6ae750/current/log_inprogress_0
2019-08-23 08:59:55,937 [7058706c-0601-4f99-98c3-fb17e47fe4d1:group-D161976053CE:LeaderElection23] INFO  impl.LeaderElection (LeaderElection.java:askForVotes(181)) - 7058706c-0601-4f99-98c3-fb17e47fe4d1:group-D161976053CE:LeaderElection23: begin an election at term 1 for -1: [7058706c-0601-4f99-98c3-fb17e47fe4d1:192.168.36.124:33809], old=null
2019-08-23 08:59:55,940 [grpc-default-executor-2] INFO  impl.RaftServerImpl (RaftServerImpl.java:setRole(171)) - e7db1942-ce57-4ac0-b83a-1ab5d1f3726b:group-1232FC6AE750 changes role from FOLLOWER to FOLLOWER at term 2 for recognizeCandidate:a044e505-5a19-4c44-8ca7-fe19de178d0f
2019-08-23 08:59:55,940 [7058706c-0601-4f99-98c3-fb17e47fe4d1:group-D161976053CE:LeaderElection23] INFO  impl.RoleInfo (RoleInfo.java:shutdownLeaderElection(134)) - 7058706c-0601-4f99-98c3-fb17e47fe4d1: shutdown LeaderElection
2019-08-23 08:59:55,940 [grpc-default-executor-2] INFO  impl.RoleInfo (RoleInfo.java:shutdownFollowerState(121)) - e7db1942-ce57-4ac0-b83a-1ab5d1f3726b: shutdown FollowerState
2019-08-23 08:59:55,940 [7058706c-0601-4f99-98c3-fb17e47fe4d1:group-D161976053CE:LeaderElection23] INFO  impl.RaftServerImpl (RaftServerImpl.java:setRole(171)) - 7058706c-0601-4f99-98c3-fb17e47fe4d1:group-D161976053CE changes role from CANDIDATE to LEADER at term 1 for changeToLeader
2019-08-23 08:59:55,940 [grpc-default-executor-2] INFO  impl.RoleInfo (RoleInfo.java:updateAndGet(143)) - e7db1942-ce57-4ac0-b83a-1ab5d1f3726b: start FollowerState
2019-08-23 08:59:55,941 [7058706c-0601-4f99-98c3-fb17e47fe4d1:group-D161976053CE:LeaderElection23] INFO  impl.RaftServerImpl (ServerState.java:setLeader(263)) - 7058706c-0601-4f99-98c3-fb17e47fe4d1:group-D161976053CE change Leader from null to 7058706c-0601-4f99-98c3-fb17e47fe4d1 at term 1 for becomeLeader, leader elected after 5170ms
2019-08-23 08:59:55,941 [Thread-1060] INFO  impl.FollowerState (FollowerState.java:run(114)) - e7db1942-ce57-4ac0-b83a-1ab5d1f3726b: FollowerState was interrupted: java.lang.InterruptedException: sleep interrupted
2019-08-23 08:59:55,943 [7058706c-0601-4f99-98c3-fb17e47fe4d1:group-D161976053CE:LeaderElection23] INFO  server.RaftServerConfigKeys (ConfUtils.java:logGet(43)) - raft.server.staging.catchup.gap = 1000 (default)
2019-08-23 08:59:55,944 [7058706c-0601-4f99-98c3-fb17e47fe4d1:group-D161976053CE:LeaderElection23] INFO  server.RaftServerConfigKeys (ConfUtils.java:logGet(43)) - raft.server.rpc.sleep.time = 25ms (default)
2019-08-23 08:59:55,944 [7058706c-0601-4f99-98c3-fb17e47fe4d1:group-D161976053CE:LeaderElection23] INFO  server.RaftServerConfigKeys (ConfUtils.java:logGet(43)) - raft.server.write.element-limit = 4096 (default)
2019-08-23 08:59:55,946 [7058706c-0601-4f99-98c3-fb17e47fe4d1:group-D161976053CE:LeaderElection23] INFO  server.RaftServerConfigKeys (ConfUtils.java:logGet(43)) - raft.server.watch.timeout = 10s (default)
2019-08-23 08:59:55,946 [7058706c-0601-4f99-98c3-fb17e47fe4d1:group-D161976053CE:LeaderElection23] INFO  server.RaftServerConfigKeys (ConfUtils.java:logGet(43)) - raft.server.watch.timeout.denomination = 1s (default)
2019-08-23 08:59:55,946 [7058706c-0601-4f99-98c3-fb17e47fe4d1:group-D161976053CE:LeaderElection23] INFO  server.RaftServerConfigKeys (ConfUtils.java:logGet(43)) - raft.server.watch.element-limit = 65536 (default)
2019-08-23 08:59:55,947 [7058706c-0601-4f99-98c3-fb17e47fe4d1:group-D161976053CE:LeaderElection23] INFO  impl.RoleInfo (RoleInfo.java:updateAndGet(143)) - 7058706c-0601-4f99-98c3-fb17e47fe4d1: start LeaderState
2019-08-23 08:59:55,947 [7058706c-0601-4f99-98c3-fb17e47fe4d1:group-D161976053CE:LeaderElection23] INFO  segmented.SegmentedRaftLogWorker (SegmentedRaftLogWorker.java:startLogSegment(380)) - 7058706c-0601-4f99-98c3-fb17e47fe4d1-SegmentedRaftLogWorker:Storage Directory /workdir/hadoop-ozone/integration-test/target/test-dir/MiniOzoneClusterImpl-66700af5-9a29-4abd-b0b3-55e500eee43d/datanode-4/data/ratis/c7085a30-7ee6-484c-a345-d161976053ce: Starting segment from index:0
2019-08-23 08:59:55,947 [7058706c-0601-4f99-98c3-fb17e47fe4d1:group-D161976053CE:LeaderElection23] INFO  impl.RaftServerImpl (ServerState.java:setRaftConf(361)) - 7058706c-0601-4f99-98c3-fb17e47fe4d1:group-D161976053CE set configuration 0: [7058706c-0601-4f99-98c3-fb17e47fe4d1:192.168.36.124:33809], old=null at 0
2019-08-23 08:59:55,989 | INFO  | SCMAudit | user=jenkins1000 | ip=192.168.36.124 | op=SEND_HEARTBEAT {datanodeUUID=53ccca58-9df7-41e3-9a4c-33135d9d5679, command=[]} | ret=SUCCESS |  
2019-08-23 08:59:56,013 [7058706c-0601-4f99-98c3-fb17e47fe4d1-SegmentedRaftLogWorker:Storage Directory /workdir/hadoop-ozone/integration-test/target/test-dir/MiniOzoneClusterImpl-66700af5-9a29-4abd-b0b3-55e500eee43d/datanode-4/data/ratis/c7085a30-7ee6-484c-a345-d161976053ce] INFO  segmented.SegmentedRaftLogWorker (SegmentedRaftLogWorker.java:execute(569)) - 7058706c-0601-4f99-98c3-fb17e47fe4d1-SegmentedRaftLogWorker:Storage Directory /workdir/hadoop-ozone/integration-test/target/test-dir/MiniOzoneClusterImpl-66700af5-9a29-4abd-b0b3-55e500eee43d/datanode-4/data/ratis/c7085a30-7ee6-484c-a345-d161976053ce: created new log segment /workdir/hadoop-ozone/integration-test/target/test-dir/MiniOzoneClusterImpl-66700af5-9a29-4abd-b0b3-55e500eee43d/datanode-4/data/ratis/c7085a30-7ee6-484c-a345-d161976053ce/current/log_inprogress_0
2019-08-23 08:59:56,061 [Thread-1004] INFO  impl.FollowerState (FollowerState.java:run(106)) - 53ccca58-9df7-41e3-9a4c-33135d9d5679:group-7344FE9296BE changes to CANDIDATE, lastRpcTime:5035, electionTimeout:5035ms
2019-08-23 08:59:56,062 [Thread-1004] INFO  impl.RoleInfo (RoleInfo.java:shutdownFollowerState(121)) - 53ccca58-9df7-41e3-9a4c-33135d9d5679: shutdown FollowerState
2019-08-23 08:59:56,062 [Thread-1004] INFO  impl.RaftServerImpl (RaftServerImpl.java:setRole(171)) - 53ccca58-9df7-41e3-9a4c-33135d9d5679:group-7344FE9296BE changes role from FOLLOWER to CANDIDATE at term 0 for changeToCandidate
2019-08-23 08:59:56,062 [Thread-1004] INFO  impl.RoleInfo (RoleInfo.java:updateAndGet(143)) - 53ccca58-9df7-41e3-9a4c-33135d9d5679: start LeaderElection
2019-08-23 08:59:56,088 [53ccca58-9df7-41e3-9a4c-33135d9d5679:group-7344FE9296BE:LeaderElection24] INFO  impl.LeaderElection (LeaderElection.java:askForVotes(181)) - 53ccca58-9df7-41e3-9a4c-33135d9d5679:group-7344FE9296BE:LeaderElection24: begin an election at term 1 for -1: [53ccca58-9df7-41e3-9a4c-33135d9d5679:192.168.36.124:41449], old=null
2019-08-23 08:59:56,089 [53ccca58-9df7-41e3-9a4c-33135d9d5679:group-7344FE9296BE:LeaderElection24] INFO  impl.RoleInfo (RoleInfo.java:shutdownLeaderElection(134)) - 53ccca58-9df7-41e3-9a4c-33135d9d5679: shutdown LeaderElection
2019-08-23 08:59:56,089 [53ccca58-9df7-41e3-9a4c-33135d9d5679:group-7344FE9296BE:LeaderElection24] INFO  impl.RaftServerImpl (RaftServerImpl.java:setRole(171)) - 53ccca58-9df7-41e3-9a4c-33135d9d5679:group-7344FE9296BE changes role from CANDIDATE to LEADER at term 1 for changeToLeader
2019-08-23 08:59:56,089 [53ccca58-9df7-41e3-9a4c-33135d9d5679:group-7344FE9296BE:LeaderElection24] INFO  impl.RaftServerImpl (ServerState.java:setLeader(263)) - 53ccca58-9df7-41e3-9a4c-33135d9d5679:group-7344FE9296BE change Leader from null to 53ccca58-9df7-41e3-9a4c-33135d9d5679 at term 1 for becomeLeader, leader elected after 5067ms
2019-08-23 08:59:56,099 [53ccca58-9df7-41e3-9a4c-33135d9d5679:group-7344FE9296BE:LeaderElection24] INFO  server.RaftServerConfigKeys (ConfUtils.java:logGet(43)) - raft.server.staging.catchup.gap = 1000 (default)
2019-08-23 08:59:56,099 [53ccca58-9df7-41e3-9a4c-33135d9d5679:group-7344FE9296BE:LeaderElection24] INFO  server.RaftServerConfigKeys (ConfUtils.java:logGet(43)) - raft.server.rpc.sleep.time = 25ms (default)
2019-08-23 08:59:56,099 [53ccca58-9df7-41e3-9a4c-33135d9d5679:group-7344FE9296BE:LeaderElection24] INFO  server.RaftServerConfigKeys (ConfUtils.java:logGet(43)) - raft.server.write.element-limit = 4096 (default)
2019-08-23 08:59:56,099 [53ccca58-9df7-41e3-9a4c-33135d9d5679:group-7344FE9296BE:LeaderElection24] INFO  server.RaftServerConfigKeys (ConfUtils.java:logGet(43)) - raft.server.watch.timeout = 10s (default)
2019-08-23 08:59:56,100 [53ccca58-9df7-41e3-9a4c-33135d9d5679:group-7344FE9296BE:LeaderElection24] INFO  server.RaftServerConfigKeys (ConfUtils.java:logGet(43)) - raft.server.watch.timeout.denomination = 1s (default)
2019-08-23 08:59:56,100 [53ccca58-9df7-41e3-9a4c-33135d9d5679:group-7344FE9296BE:LeaderElection24] INFO  server.RaftServerConfigKeys (ConfUtils.java:logGet(43)) - raft.server.watch.element-limit = 65536 (default)
2019-08-23 08:59:56,100 [53ccca58-9df7-41e3-9a4c-33135d9d5679:group-7344FE9296BE:LeaderElection24] INFO  impl.RoleInfo (RoleInfo.java:updateAndGet(143)) - 53ccca58-9df7-41e3-9a4c-33135d9d5679: start LeaderState
2019-08-23 08:59:56,100 [53ccca58-9df7-41e3-9a4c-33135d9d5679:group-7344FE9296BE:LeaderElection24] INFO  segmented.SegmentedRaftLogWorker (SegmentedRaftLogWorker.java:startLogSegment(380)) - 53ccca58-9df7-41e3-9a4c-33135d9d5679-SegmentedRaftLogWorker:Storage Directory /workdir/hadoop-ozone/integration-test/target/test-dir/MiniOzoneClusterImpl-66700af5-9a29-4abd-b0b3-55e500eee43d/datanode-5/data/ratis/3be864b4-492d-4d81-b738-7344fe9296be: Starting segment from index:0
2019-08-23 08:59:56,101 [53ccca58-9df7-41e3-9a4c-33135d9d5679:group-7344FE9296BE:LeaderElection24] INFO  impl.RaftServerImpl (ServerState.java:setRaftConf(361)) - 53ccca58-9df7-41e3-9a4c-33135d9d5679:group-7344FE9296BE set configuration 0: [53ccca58-9df7-41e3-9a4c-33135d9d5679:192.168.36.124:41449], old=null at 0
2019-08-23 08:59:56,162 | INFO  | SCMAudit | user=jenkins1000 | ip=192.168.36.124 | op=SEND_HEARTBEAT {datanodeUUID=73a09e5f-1e5e-4ec9-bd35-9dc9ec1f0104, command=[]} | ret=SUCCESS |  
2019-08-23 08:59:56,164 [Thread-1012] INFO  impl.FollowerState (FollowerState.java:run(106)) - 6bf3a110-7368-45bc-babb-68f4f8b3c82b:group-A2B0B8B21AC5 changes to CANDIDATE, lastRpcTime:5045, electionTimeout:5045ms
2019-08-23 08:59:56,164 [Thread-1012] INFO  impl.RoleInfo (RoleInfo.java:shutdownFollowerState(121)) - 6bf3a110-7368-45bc-babb-68f4f8b3c82b: shutdown FollowerState
2019-08-23 08:59:56,165 [Thread-1012] INFO  impl.RaftServerImpl (RaftServerImpl.java:setRole(171)) - 6bf3a110-7368-45bc-babb-68f4f8b3c82b:group-A2B0B8B21AC5 changes role from FOLLOWER to CANDIDATE at term 0 for changeToCandidate
2019-08-23 08:59:56,165 [Thread-1012] INFO  impl.RoleInfo (RoleInfo.java:updateAndGet(143)) - 6bf3a110-7368-45bc-babb-68f4f8b3c82b: start LeaderElection
2019-08-23 08:59:56,172 [53ccca58-9df7-41e3-9a4c-33135d9d5679-SegmentedRaftLogWorker:Storage Directory /workdir/hadoop-ozone/integration-test/target/test-dir/MiniOzoneClusterImpl-66700af5-9a29-4abd-b0b3-55e500eee43d/datanode-5/data/ratis/3be864b4-492d-4d81-b738-7344fe9296be] INFO  segmented.SegmentedRaftLogWorker (SegmentedRaftLogWorker.java:execute(569)) - 53ccca58-9df7-41e3-9a4c-33135d9d5679-SegmentedRaftLogWorker:Storage Directory /workdir/hadoop-ozone/integration-test/target/test-dir/MiniOzoneClusterImpl-66700af5-9a29-4abd-b0b3-55e500eee43d/datanode-5/data/ratis/3be864b4-492d-4d81-b738-7344fe9296be: created new log segment /workdir/hadoop-ozone/integration-test/target/test-dir/MiniOzoneClusterImpl-66700af5-9a29-4abd-b0b3-55e500eee43d/datanode-5/data/ratis/3be864b4-492d-4d81-b738-7344fe9296be/current/log_inprogress_0
2019-08-23 08:59:56,189 [6bf3a110-7368-45bc-babb-68f4f8b3c82b:group-A2B0B8B21AC5:LeaderElection25] INFO  impl.LeaderElection (LeaderElection.java:askForVotes(181)) - 6bf3a110-7368-45bc-babb-68f4f8b3c82b:group-A2B0B8B21AC5:LeaderElection25: begin an election at term 1 for -1: [6bf3a110-7368-45bc-babb-68f4f8b3c82b:192.168.36.124:44172, 7058706c-0601-4f99-98c3-fb17e47fe4d1:192.168.36.124:33809, 53ccca58-9df7-41e3-9a4c-33135d9d5679:192.168.36.124:41449], old=null
2019-08-23 08:59:56,198 [grpc-default-executor-2] INFO  impl.RaftServerImpl (RaftServerImpl.java:setRole(171)) - 7058706c-0601-4f99-98c3-fb17e47fe4d1:group-A2B0B8B21AC5 changes role from FOLLOWER to FOLLOWER at term 1 for recognizeCandidate:6bf3a110-7368-45bc-babb-68f4f8b3c82b
2019-08-23 08:59:56,198 [grpc-default-executor-1] INFO  impl.RaftServerImpl (RaftServerImpl.java:setRole(171)) - 53ccca58-9df7-41e3-9a4c-33135d9d5679:group-A2B0B8B21AC5 changes role from FOLLOWER to FOLLOWER at term 1 for recognizeCandidate:6bf3a110-7368-45bc-babb-68f4f8b3c82b
2019-08-23 08:59:56,198 [grpc-default-executor-2] INFO  impl.RoleInfo (RoleInfo.java:shutdownFollowerState(121)) - 7058706c-0601-4f99-98c3-fb17e47fe4d1: shutdown FollowerState
2019-08-23 08:59:56,198 [grpc-default-executor-1] INFO  impl.RoleInfo (RoleInfo.java:shutdownFollowerState(121)) - 53ccca58-9df7-41e3-9a4c-33135d9d5679: shutdown FollowerState
2019-08-23 08:59:56,199 [Thread-1011] INFO  impl.FollowerState (FollowerState.java:run(114)) - 7058706c-0601-4f99-98c3-fb17e47fe4d1: FollowerState was interrupted: java.lang.InterruptedException: sleep interrupted
2019-08-23 08:59:56,198 [grpc-default-executor-2] INFO  impl.RoleInfo (RoleInfo.java:updateAndGet(143)) - 7058706c-0601-4f99-98c3-fb17e47fe4d1: start FollowerState
2019-08-23 08:59:56,199 [Thread-1007] INFO  impl.FollowerState (FollowerState.java:run(114)) - 53ccca58-9df7-41e3-9a4c-33135d9d5679: FollowerState was interrupted: java.lang.InterruptedException: sleep interrupted
2019-08-23 08:59:56,199 [grpc-default-executor-1] INFO  impl.RoleInfo (RoleInfo.java:updateAndGet(143)) - 53ccca58-9df7-41e3-9a4c-33135d9d5679: start FollowerState
2019-08-23 08:59:56,235 [6bf3a110-7368-45bc-babb-68f4f8b3c82b:group-A2B0B8B21AC5:LeaderElection25] INFO  impl.LeaderElection (LeaderElection.java:logAndReturn(56)) - 6bf3a110-7368-45bc-babb-68f4f8b3c82b:group-A2B0B8B21AC5:LeaderElection25: Election PASSED; received 1 response(s) [6bf3a110-7368-45bc-babb-68f4f8b3c82b<-7058706c-0601-4f99-98c3-fb17e47fe4d1#0:OK-t1] and 0 exception(s); 6bf3a110-7368-45bc-babb-68f4f8b3c82b:t1, leader=null, voted=6bf3a110-7368-45bc-babb-68f4f8b3c82b, raftlog=6bf3a110-7368-45bc-babb-68f4f8b3c82b-SegmentedRaftLog:OPENED:c-1,f-1,i0, conf=-1: [6bf3a110-7368-45bc-babb-68f4f8b3c82b:192.168.36.124:44172, 7058706c-0601-4f99-98c3-fb17e47fe4d1:192.168.36.124:33809, 53ccca58-9df7-41e3-9a4c-33135d9d5679:192.168.36.124:41449], old=null
2019-08-23 08:59:56,236 [6bf3a110-7368-45bc-babb-68f4f8b3c82b:group-A2B0B8B21AC5:LeaderElection25] INFO  impl.RoleInfo (RoleInfo.java:shutdownLeaderElection(134)) - 6bf3a110-7368-45bc-babb-68f4f8b3c82b: shutdown LeaderElection
2019-08-23 08:59:56,236 [6bf3a110-7368-45bc-babb-68f4f8b3c82b:group-A2B0B8B21AC5:LeaderElection25] INFO  impl.RaftServerImpl (RaftServerImpl.java:setRole(171)) - 6bf3a110-7368-45bc-babb-68f4f8b3c82b:group-A2B0B8B21AC5 changes role from CANDIDATE to LEADER at term 1 for changeToLeader
2019-08-23 08:59:56,236 [6bf3a110-7368-45bc-babb-68f4f8b3c82b:group-A2B0B8B21AC5:LeaderElection25] INFO  impl.RaftServerImpl (ServerState.java:setLeader(263)) - 6bf3a110-7368-45bc-babb-68f4f8b3c82b:group-A2B0B8B21AC5 change Leader from null to 6bf3a110-7368-45bc-babb-68f4f8b3c82b at term 1 for becomeLeader, leader elected after 5138ms
2019-08-23 08:59:56,236 [6bf3a110-7368-45bc-babb-68f4f8b3c82b:group-A2B0B8B21AC5:LeaderElection25] INFO  server.RaftServerConfigKeys (ConfUtils.java:logGet(43)) - raft.server.staging.catchup.gap = 1000 (default)
2019-08-23 08:59:56,236 [6bf3a110-7368-45bc-babb-68f4f8b3c82b:group-A2B0B8B21AC5:LeaderElection25] INFO  server.RaftServerConfigKeys (ConfUtils.java:logGet(43)) - raft.server.rpc.sleep.time = 25ms (default)
2019-08-23 08:59:56,237 [6bf3a110-7368-45bc-babb-68f4f8b3c82b:group-A2B0B8B21AC5:LeaderElection25] INFO  server.RaftServerConfigKeys (ConfUtils.java:logGet(43)) - raft.server.write.element-limit = 4096 (default)
2019-08-23 08:59:56,237 [6bf3a110-7368-45bc-babb-68f4f8b3c82b:group-A2B0B8B21AC5:LeaderElection25] INFO  server.RaftServerConfigKeys (ConfUtils.java:logGet(43)) - raft.server.watch.timeout = 10s (default)
2019-08-23 08:59:56,237 [6bf3a110-7368-45bc-babb-68f4f8b3c82b:group-A2B0B8B21AC5:LeaderElection25] INFO  server.RaftServerConfigKeys (ConfUtils.java:logGet(43)) - raft.server.watch.timeout.denomination = 1s (default)
2019-08-23 08:59:56,237 [6bf3a110-7368-45bc-babb-68f4f8b3c82b:group-A2B0B8B21AC5:LeaderElection25] INFO  server.RaftServerConfigKeys (ConfUtils.java:logGet(43)) - raft.server.watch.element-limit = 65536 (default)
2019-08-23 08:59:56,237 [6bf3a110-7368-45bc-babb-68f4f8b3c82b:group-A2B0B8B21AC5:LeaderElection25] INFO  server.RaftServerConfigKeys (ConfUtils.java:logGet(43)) - raft.server.log.appender.snapshot.chunk.size.max = 16MB (=16777216) (default)
2019-08-23 08:59:56,238 [6bf3a110-7368-45bc-babb-68f4f8b3c82b:group-A2B0B8B21AC5:LeaderElection25] INFO  server.RaftServerConfigKeys (ConfUtils.java:logGet(43)) - raft.server.log.appender.buffer.byte-limit = 33554432 (custom)
2019-08-23 08:59:56,238 [6bf3a110-7368-45bc-babb-68f4f8b3c82b:group-A2B0B8B21AC5:LeaderElection25] INFO  server.RaftServerConfigKeys (ConfUtils.java:logGet(43)) - raft.server.log.appender.buffer.element-limit = 1 (custom)
2019-08-23 08:59:56,238 [6bf3a110-7368-45bc-babb-68f4f8b3c82b:group-A2B0B8B21AC5:LeaderElection25] INFO  grpc.GrpcConfigKeys$Server (ConfUtils.java:logGet(43)) - raft.grpc.server.leader.outstanding.appends.max = 128 (default)
2019-08-23 08:59:56,239 [6bf3a110-7368-45bc-babb-68f4f8b3c82b:group-A2B0B8B21AC5:LeaderElection25] INFO  server.RaftServerConfigKeys (ConfUtils.java:logGet(43)) - raft.server.rpc.request.timeout = 3000ms (default)
2019-08-23 08:59:56,239 [6bf3a110-7368-45bc-babb-68f4f8b3c82b:group-A2B0B8B21AC5:LeaderElection25] INFO  server.RaftServerConfigKeys (ConfUtils.java:logGet(43)) - raft.server.log.appender.install.snapshot.enabled = false (custom)
2019-08-23 08:59:56,239 [6bf3a110-7368-45bc-babb-68f4f8b3c82b:group-A2B0B8B21AC5:LeaderElection25] INFO  server.RaftServerConfigKeys (ConfUtils.java:logGet(43)) - raft.server.log.appender.snapshot.chunk.size.max = 16MB (=16777216) (default)
2019-08-23 08:59:56,239 [6bf3a110-7368-45bc-babb-68f4f8b3c82b:group-A2B0B8B21AC5:LeaderElection25] INFO  server.RaftServerConfigKeys (ConfUtils.java:logGet(43)) - raft.server.log.appender.buffer.byte-limit = 33554432 (custom)
2019-08-23 08:59:56,239 [6bf3a110-7368-45bc-babb-68f4f8b3c82b:group-A2B0B8B21AC5:LeaderElection25] INFO  server.RaftServerConfigKeys (ConfUtils.java:logGet(43)) - raft.server.log.appender.buffer.element-limit = 1 (custom)
2019-08-23 08:59:56,240 [6bf3a110-7368-45bc-babb-68f4f8b3c82b:group-A2B0B8B21AC5:LeaderElection25] INFO  grpc.GrpcConfigKeys$Server (ConfUtils.java:logGet(43)) - raft.grpc.server.leader.outstanding.appends.max = 128 (default)
2019-08-23 08:59:56,240 [6bf3a110-7368-45bc-babb-68f4f8b3c82b:group-A2B0B8B21AC5:LeaderElection25] INFO  server.RaftServerConfigKeys (ConfUtils.java:logGet(43)) - raft.server.rpc.request.timeout = 3000ms (default)
2019-08-23 08:59:56,240 [6bf3a110-7368-45bc-babb-68f4f8b3c82b:group-A2B0B8B21AC5:LeaderElection25] INFO  server.RaftServerConfigKeys (ConfUtils.java:logGet(43)) - raft.server.log.appender.install.snapshot.enabled = false (custom)
2019-08-23 08:59:56,240 [6bf3a110-7368-45bc-babb-68f4f8b3c82b:group-A2B0B8B21AC5:LeaderElection25] INFO  impl.RoleInfo (RoleInfo.java:updateAndGet(143)) - 6bf3a110-7368-45bc-babb-68f4f8b3c82b: start LeaderState
2019-08-23 08:59:56,241 [6bf3a110-7368-45bc-babb-68f4f8b3c82b:group-A2B0B8B21AC5:LeaderElection25] INFO  segmented.SegmentedRaftLogWorker (SegmentedRaftLogWorker.java:startLogSegment(380)) - 6bf3a110-7368-45bc-babb-68f4f8b3c82b-SegmentedRaftLogWorker:Storage Directory /workdir/hadoop-ozone/integration-test/target/test-dir/MiniOzoneClusterImpl-66700af5-9a29-4abd-b0b3-55e500eee43d/datanode-3/data/ratis/786837d1-76f5-4ead-86d5-a2b0b8b21ac5: Starting segment from index:0
2019-08-23 08:59:56,242 [6bf3a110-7368-45bc-babb-68f4f8b3c82b:group-A2B0B8B21AC5:LeaderElection25] INFO  impl.RaftServerImpl (ServerState.java:setRaftConf(361)) - 6bf3a110-7368-45bc-babb-68f4f8b3c82b:group-A2B0B8B21AC5 set configuration 0: [6bf3a110-7368-45bc-babb-68f4f8b3c82b:192.168.36.124:44172, 7058706c-0601-4f99-98c3-fb17e47fe4d1:192.168.36.124:33809, 53ccca58-9df7-41e3-9a4c-33135d9d5679:192.168.36.124:41449], old=null at 0
2019-08-23 08:59:56,288 [grpc-default-executor-2] INFO  impl.RaftServerImpl (ServerState.java:setLeader(263)) - 53ccca58-9df7-41e3-9a4c-33135d9d5679:group-A2B0B8B21AC5 change Leader from null to 6bf3a110-7368-45bc-babb-68f4f8b3c82b at term 1 for appendEntries, leader elected after 5190ms
2019-08-23 08:59:56,289 [grpc-default-executor-1] INFO  impl.RaftServerImpl (ServerState.java:setLeader(263)) - 7058706c-0601-4f99-98c3-fb17e47fe4d1:group-A2B0B8B21AC5 change Leader from null to 6bf3a110-7368-45bc-babb-68f4f8b3c82b at term 1 for appendEntries, leader elected after 5190ms
2019-08-23 08:59:56,294 [grpc-default-executor-2] INFO  impl.RaftServerImpl (ServerState.java:setRaftConf(361)) - 53ccca58-9df7-41e3-9a4c-33135d9d5679:group-A2B0B8B21AC5 set configuration 0: [6bf3a110-7368-45bc-babb-68f4f8b3c82b:192.168.36.124:44172, 7058706c-0601-4f99-98c3-fb17e47fe4d1:192.168.36.124:33809, 53ccca58-9df7-41e3-9a4c-33135d9d5679:192.168.36.124:41449], old=null at 0
2019-08-23 08:59:56,297 [grpc-default-executor-1] INFO  impl.RaftServerImpl (ServerState.java:setRaftConf(361)) - 7058706c-0601-4f99-98c3-fb17e47fe4d1:group-A2B0B8B21AC5 set configuration 0: [6bf3a110-7368-45bc-babb-68f4f8b3c82b:192.168.36.124:44172, 7058706c-0601-4f99-98c3-fb17e47fe4d1:192.168.36.124:33809, 53ccca58-9df7-41e3-9a4c-33135d9d5679:192.168.36.124:41449], old=null at 0
2019-08-23 08:59:56,297 [grpc-default-executor-2] INFO  segmented.SegmentedRaftLogWorker (SegmentedRaftLogWorker.java:startLogSegment(380)) - 53ccca58-9df7-41e3-9a4c-33135d9d5679-SegmentedRaftLogWorker:Storage Directory /workdir/hadoop-ozone/integration-test/target/test-dir/MiniOzoneClusterImpl-66700af5-9a29-4abd-b0b3-55e500eee43d/datanode-5/data/ratis/786837d1-76f5-4ead-86d5-a2b0b8b21ac5: Starting segment from index:0
2019-08-23 08:59:56,297 [grpc-default-executor-1] INFO  segmented.SegmentedRaftLogWorker (SegmentedRaftLogWorker.java:startLogSegment(380)) - 7058706c-0601-4f99-98c3-fb17e47fe4d1-SegmentedRaftLogWorker:Storage Directory /workdir/hadoop-ozone/integration-test/target/test-dir/MiniOzoneClusterImpl-66700af5-9a29-4abd-b0b3-55e500eee43d/datanode-4/data/ratis/786837d1-76f5-4ead-86d5-a2b0b8b21ac5: Starting segment from index:0
2019-08-23 08:59:56,323 [6bf3a110-7368-45bc-babb-68f4f8b3c82b-SegmentedRaftLogWorker:Storage Directory /workdir/hadoop-ozone/integration-test/target/test-dir/MiniOzoneClusterImpl-66700af5-9a29-4abd-b0b3-55e500eee43d/datanode-3/data/ratis/786837d1-76f5-4ead-86d5-a2b0b8b21ac5] INFO  segmented.SegmentedRaftLogWorker (SegmentedRaftLogWorker.java:execute(569)) - 6bf3a110-7368-45bc-babb-68f4f8b3c82b-SegmentedRaftLogWorker:Storage Directory /workdir/hadoop-ozone/integration-test/target/test-dir/MiniOzoneClusterImpl-66700af5-9a29-4abd-b0b3-55e500eee43d/datanode-3/data/ratis/786837d1-76f5-4ead-86d5-a2b0b8b21ac5: created new log segment /workdir/hadoop-ozone/integration-test/target/test-dir/MiniOzoneClusterImpl-66700af5-9a29-4abd-b0b3-55e500eee43d/datanode-3/data/ratis/786837d1-76f5-4ead-86d5-a2b0b8b21ac5/current/log_inprogress_0
2019-08-23 08:59:56,341 | INFO  | SCMAudit | user=jenkins1000 | ip=192.168.36.124 | op=SEND_HEARTBEAT {datanodeUUID=e7db1942-ce57-4ac0-b83a-1ab5d1f3726b, command=[]} | ret=SUCCESS |  
2019-08-23 08:59:56,369 [grpc-default-executor-1] INFO  client.GrpcClientProtocolClient (GrpcClientProtocolClient.java:onNext(255)) - client-B274DF0A3B7A->e7db1942-ce57-4ac0-b83a-1ab5d1f3726b: receive RaftClientReply:client-B274DF0A3B7A->e7db1942-ce57-4ac0-b83a-1ab5d1f3726b@group-1232FC6AE750, cid=50, FAILED org.apache.ratis.protocol.NotLeaderException: Server e7db1942-ce57-4ac0-b83a-1ab5d1f3726b is not the leader (null). Request must be sent to leader., logIndex=0, commits[e7db1942-ce57-4ac0-b83a-1ab5d1f3726b:c-1, a044e505-5a19-4c44-8ca7-fe19de178d0f:c-1, ad86c749-0bfc-4170-98eb-eedec0f3acc2:c-1]
2019-08-23 08:59:56,382 [7058706c-0601-4f99-98c3-fb17e47fe4d1-SegmentedRaftLogWorker:Storage Directory /workdir/hadoop-ozone/integration-test/target/test-dir/MiniOzoneClusterImpl-66700af5-9a29-4abd-b0b3-55e500eee43d/datanode-4/data/ratis/786837d1-76f5-4ead-86d5-a2b0b8b21ac5] INFO  segmented.SegmentedRaftLogWorker (SegmentedRaftLogWorker.java:execute(569)) - 7058706c-0601-4f99-98c3-fb17e47fe4d1-SegmentedRaftLogWorker:Storage Directory /workdir/hadoop-ozone/integration-test/target/test-dir/MiniOzoneClusterImpl-66700af5-9a29-4abd-b0b3-55e500eee43d/datanode-4/data/ratis/786837d1-76f5-4ead-86d5-a2b0b8b21ac5: created new log segment /workdir/hadoop-ozone/integration-test/target/test-dir/MiniOzoneClusterImpl-66700af5-9a29-4abd-b0b3-55e500eee43d/datanode-4/data/ratis/786837d1-76f5-4ead-86d5-a2b0b8b21ac5/current/log_inprogress_0
2019-08-23 08:59:56,382 [53ccca58-9df7-41e3-9a4c-33135d9d5679-SegmentedRaftLogWorker:Storage Directory /workdir/hadoop-ozone/integration-test/target/test-dir/MiniOzoneClusterImpl-66700af5-9a29-4abd-b0b3-55e500eee43d/datanode-5/data/ratis/786837d1-76f5-4ead-86d5-a2b0b8b21ac5] INFO  segmented.SegmentedRaftLogWorker (SegmentedRaftLogWorker.java:execute(569)) - 53ccca58-9df7-41e3-9a4c-33135d9d5679-SegmentedRaftLogWorker:Storage Directory /workdir/hadoop-ozone/integration-test/target/test-dir/MiniOzoneClusterImpl-66700af5-9a29-4abd-b0b3-55e500eee43d/datanode-5/data/ratis/786837d1-76f5-4ead-86d5-a2b0b8b21ac5: created new log segment /workdir/hadoop-ozone/integration-test/target/test-dir/MiniOzoneClusterImpl-66700af5-9a29-4abd-b0b3-55e500eee43d/datanode-5/data/ratis/786837d1-76f5-4ead-86d5-a2b0b8b21ac5/current/log_inprogress_0
2019-08-23 08:59:56,416 [Thread-1016] INFO  impl.FollowerState (FollowerState.java:run(106)) - 73a09e5f-1e5e-4ec9-bd35-9dc9ec1f0104:group-8FAE21852BA5 changes to CANDIDATE, lastRpcTime:5195, electionTimeout:5195ms
2019-08-23 08:59:56,416 [Thread-1016] INFO  impl.RoleInfo (RoleInfo.java:shutdownFollowerState(121)) - 73a09e5f-1e5e-4ec9-bd35-9dc9ec1f0104: shutdown FollowerState
2019-08-23 08:59:56,416 [Thread-1016] INFO  impl.RaftServerImpl (RaftServerImpl.java:setRole(171)) - 73a09e5f-1e5e-4ec9-bd35-9dc9ec1f0104:group-8FAE21852BA5 changes role from FOLLOWER to CANDIDATE at term 0 for changeToCandidate
2019-08-23 08:59:56,417 [Thread-1016] INFO  impl.RoleInfo (RoleInfo.java:updateAndGet(143)) - 73a09e5f-1e5e-4ec9-bd35-9dc9ec1f0104: start LeaderElection
2019-08-23 08:59:56,449 [73a09e5f-1e5e-4ec9-bd35-9dc9ec1f0104:group-8FAE21852BA5:LeaderElection26] INFO  impl.LeaderElection (LeaderElection.java:askForVotes(181)) - 73a09e5f-1e5e-4ec9-bd35-9dc9ec1f0104:group-8FAE21852BA5:LeaderElection26: begin an election at term 1 for -1: [73a09e5f-1e5e-4ec9-bd35-9dc9ec1f0104:192.168.36.124:45785], old=null
2019-08-23 08:59:56,449 [73a09e5f-1e5e-4ec9-bd35-9dc9ec1f0104:group-8FAE21852BA5:LeaderElection26] INFO  impl.RoleInfo (RoleInfo.java:shutdownLeaderElection(134)) - 73a09e5f-1e5e-4ec9-bd35-9dc9ec1f0104: shutdown LeaderElection
2019-08-23 08:59:56,449 [73a09e5f-1e5e-4ec9-bd35-9dc9ec1f0104:group-8FAE21852BA5:LeaderElection26] INFO  impl.RaftServerImpl (RaftServerImpl.java:setRole(171)) - 73a09e5f-1e5e-4ec9-bd35-9dc9ec1f0104:group-8FAE21852BA5 changes role from CANDIDATE to LEADER at term 1 for changeToLeader
2019-08-23 08:59:56,449 [73a09e5f-1e5e-4ec9-bd35-9dc9ec1f0104:group-8FAE21852BA5:LeaderElection26] INFO  impl.RaftServerImpl (ServerState.java:setLeader(263)) - 73a09e5f-1e5e-4ec9-bd35-9dc9ec1f0104:group-8FAE21852BA5 change Leader from null to 73a09e5f-1e5e-4ec9-bd35-9dc9ec1f0104 at term 1 for becomeLeader, leader elected after 5234ms
2019-08-23 08:59:56,450 [73a09e5f-1e5e-4ec9-bd35-9dc9ec1f0104:group-8FAE21852BA5:LeaderElection26] INFO  server.RaftServerConfigKeys (ConfUtils.java:logGet(43)) - raft.server.staging.catchup.gap = 1000 (default)
2019-08-23 08:59:56,450 [73a09e5f-1e5e-4ec9-bd35-9dc9ec1f0104:group-8FAE21852BA5:LeaderElection26] INFO  server.RaftServerConfigKeys (ConfUtils.java:logGet(43)) - raft.server.rpc.sleep.time = 25ms (default)
2019-08-23 08:59:56,450 [73a09e5f-1e5e-4ec9-bd35-9dc9ec1f0104:group-8FAE21852BA5:LeaderElection26] INFO  server.RaftServerConfigKeys (ConfUtils.java:logGet(43)) - raft.server.write.element-limit = 4096 (default)
2019-08-23 08:59:56,450 [73a09e5f-1e5e-4ec9-bd35-9dc9ec1f0104:group-8FAE21852BA5:LeaderElection26] INFO  server.RaftServerConfigKeys (ConfUtils.java:logGet(43)) - raft.server.watch.timeout = 10s (default)
2019-08-23 08:59:56,450 [73a09e5f-1e5e-4ec9-bd35-9dc9ec1f0104:group-8FAE21852BA5:LeaderElection26] INFO  server.RaftServerConfigKeys (ConfUtils.java:logGet(43)) - raft.server.watch.timeout.denomination = 1s (default)
2019-08-23 08:59:56,450 [73a09e5f-1e5e-4ec9-bd35-9dc9ec1f0104:group-8FAE21852BA5:LeaderElection26] INFO  server.RaftServerConfigKeys (ConfUtils.java:logGet(43)) - raft.server.watch.element-limit = 65536 (default)
2019-08-23 08:59:56,451 [73a09e5f-1e5e-4ec9-bd35-9dc9ec1f0104:group-8FAE21852BA5:LeaderElection26] INFO  impl.RoleInfo (RoleInfo.java:updateAndGet(143)) - 73a09e5f-1e5e-4ec9-bd35-9dc9ec1f0104: start LeaderState
2019-08-23 08:59:56,451 [73a09e5f-1e5e-4ec9-bd35-9dc9ec1f0104:group-8FAE21852BA5:LeaderElection26] INFO  segmented.SegmentedRaftLogWorker (SegmentedRaftLogWorker.java:startLogSegment(380)) - 73a09e5f-1e5e-4ec9-bd35-9dc9ec1f0104-SegmentedRaftLogWorker:Storage Directory /workdir/hadoop-ozone/integration-test/target/test-dir/MiniOzoneClusterImpl-66700af5-9a29-4abd-b0b3-55e500eee43d/datanode-6/data/ratis/13776983-f686-4bf5-a730-8fae21852ba5: Starting segment from index:0
2019-08-23 08:59:56,451 [73a09e5f-1e5e-4ec9-bd35-9dc9ec1f0104:group-8FAE21852BA5:LeaderElection26] INFO  impl.RaftServerImpl (ServerState.java:setRaftConf(361)) - 73a09e5f-1e5e-4ec9-bd35-9dc9ec1f0104:group-8FAE21852BA5 set configuration 0: [73a09e5f-1e5e-4ec9-bd35-9dc9ec1f0104:192.168.36.124:45785], old=null at 0
2019-08-23 08:59:56,516 [73a09e5f-1e5e-4ec9-bd35-9dc9ec1f0104-SegmentedRaftLogWorker:Storage Directory /workdir/hadoop-ozone/integration-test/target/test-dir/MiniOzoneClusterImpl-66700af5-9a29-4abd-b0b3-55e500eee43d/datanode-6/data/ratis/13776983-f686-4bf5-a730-8fae21852ba5] INFO  segmented.SegmentedRaftLogWorker (SegmentedRaftLogWorker.java:execute(569)) - 73a09e5f-1e5e-4ec9-bd35-9dc9ec1f0104-SegmentedRaftLogWorker:Storage Directory /workdir/hadoop-ozone/integration-test/target/test-dir/MiniOzoneClusterImpl-66700af5-9a29-4abd-b0b3-55e500eee43d/datanode-6/data/ratis/13776983-f686-4bf5-a730-8fae21852ba5: created new log segment /workdir/hadoop-ozone/integration-test/target/test-dir/MiniOzoneClusterImpl-66700af5-9a29-4abd-b0b3-55e500eee43d/datanode-6/data/ratis/13776983-f686-4bf5-a730-8fae21852ba5/current/log_inprogress_0
2019-08-23 08:59:56,532 | INFO  | SCMAudit | user=jenkins1000 | ip=192.168.36.124 | op=SEND_HEARTBEAT {datanodeUUID=6bf3a110-7368-45bc-babb-68f4f8b3c82b, command=[]} | ret=SUCCESS |  
2019-08-23 08:59:56,597 | INFO  | SCMAudit | user=jenkins1000 | ip=192.168.36.124 | op=SEND_HEARTBEAT {datanodeUUID=a044e505-5a19-4c44-8ca7-fe19de178d0f, command=[]} | ret=SUCCESS |  
2019-08-23 08:59:56,717 | INFO  | SCMAudit | user=jenkins1000 | ip=192.168.36.124 | op=SEND_HEARTBEAT {datanodeUUID=7058706c-0601-4f99-98c3-fb17e47fe4d1, command=[]} | ret=SUCCESS |  
2019-08-23 08:59:56,810 | INFO  | SCMAudit | user=jenkins1000 | ip=192.168.36.124 | op=SEND_HEARTBEAT {datanodeUUID=ad86c749-0bfc-4170-98eb-eedec0f3acc2, command=[]} | ret=SUCCESS |  
2019-08-23 08:59:56,989 | INFO  | SCMAudit | user=jenkins1000 | ip=192.168.36.124 | op=SEND_HEARTBEAT {datanodeUUID=53ccca58-9df7-41e3-9a4c-33135d9d5679, command=[]} | ret=SUCCESS |  
2019-08-23 08:59:57,162 | INFO  | SCMAudit | user=jenkins1000 | ip=192.168.36.124 | op=SEND_HEARTBEAT {datanodeUUID=73a09e5f-1e5e-4ec9-bd35-9dc9ec1f0104, command=[]} | ret=SUCCESS |  
2019-08-23 08:59:57,341 | INFO  | SCMAudit | user=jenkins1000 | ip=192.168.36.124 | op=SEND_HEARTBEAT {datanodeUUID=e7db1942-ce57-4ac0-b83a-1ab5d1f3726b, command=[]} | ret=SUCCESS |  
2019-08-23 08:59:57,386 [grpc-default-executor-1] INFO  client.GrpcClientProtocolClient (GrpcClientProtocolClient.java:onNext(255)) - client-B274DF0A3B7A->a044e505-5a19-4c44-8ca7-fe19de178d0f: receive RaftClientReply:client-B274DF0A3B7A->a044e505-5a19-4c44-8ca7-fe19de178d0f@group-1232FC6AE750, cid=50, FAILED org.apache.ratis.protocol.NotLeaderException: Server a044e505-5a19-4c44-8ca7-fe19de178d0f is not the leader (null). Request must be sent to leader., logIndex=0, commits[a044e505-5a19-4c44-8ca7-fe19de178d0f:c-1]
2019-08-23 08:59:57,532 | INFO  | SCMAudit | user=jenkins1000 | ip=192.168.36.124 | op=SEND_HEARTBEAT {datanodeUUID=6bf3a110-7368-45bc-babb-68f4f8b3c82b, command=[]} | ret=SUCCESS |  
2019-08-23 08:59:57,598 | INFO  | SCMAudit | user=jenkins1000 | ip=192.168.36.124 | op=SEND_HEARTBEAT {datanodeUUID=a044e505-5a19-4c44-8ca7-fe19de178d0f, command=[]} | ret=SUCCESS |  
2019-08-23 08:59:57,717 | INFO  | SCMAudit | user=jenkins1000 | ip=192.168.36.124 | op=SEND_HEARTBEAT {datanodeUUID=7058706c-0601-4f99-98c3-fb17e47fe4d1, command=[]} | ret=SUCCESS |  
2019-08-23 08:59:57,811 | INFO  | SCMAudit | user=jenkins1000 | ip=192.168.36.124 | op=SEND_HEARTBEAT {datanodeUUID=ad86c749-0bfc-4170-98eb-eedec0f3acc2, command=[]} | ret=SUCCESS |  
2019-08-23 08:59:57,989 | INFO  | SCMAudit | user=jenkins1000 | ip=192.168.36.124 | op=SEND_HEARTBEAT {datanodeUUID=53ccca58-9df7-41e3-9a4c-33135d9d5679, command=[]} | ret=SUCCESS |  
2019-08-23 08:59:58,163 | INFO  | SCMAudit | user=jenkins1000 | ip=192.168.36.124 | op=SEND_HEARTBEAT {datanodeUUID=73a09e5f-1e5e-4ec9-bd35-9dc9ec1f0104, command=[]} | ret=SUCCESS |  
2019-08-23 08:59:58,342 | INFO  | SCMAudit | user=jenkins1000 | ip=192.168.36.124 | op=SEND_HEARTBEAT {datanodeUUID=e7db1942-ce57-4ac0-b83a-1ab5d1f3726b, command=[]} | ret=SUCCESS |  
2019-08-23 08:59:58,402 [grpc-default-executor-2] INFO  client.GrpcClientProtocolClient (GrpcClientProtocolClient.java:onNext(255)) - client-B274DF0A3B7A->e7db1942-ce57-4ac0-b83a-1ab5d1f3726b: receive RaftClientReply:client-B274DF0A3B7A->e7db1942-ce57-4ac0-b83a-1ab5d1f3726b@group-1232FC6AE750, cid=50, FAILED org.apache.ratis.protocol.NotLeaderException: Server e7db1942-ce57-4ac0-b83a-1ab5d1f3726b is not the leader (null). Request must be sent to leader., logIndex=0, commits[e7db1942-ce57-4ac0-b83a-1ab5d1f3726b:c-1, a044e505-5a19-4c44-8ca7-fe19de178d0f:c-1, ad86c749-0bfc-4170-98eb-eedec0f3acc2:c-1]
2019-08-23 08:59:58,532 | INFO  | SCMAudit | user=jenkins1000 | ip=192.168.36.124 | op=SEND_HEARTBEAT {datanodeUUID=6bf3a110-7368-45bc-babb-68f4f8b3c82b, command=[]} | ret=SUCCESS |  
2019-08-23 08:59:58,598 | INFO  | SCMAudit | user=jenkins1000 | ip=192.168.36.124 | op=SEND_HEARTBEAT {datanodeUUID=a044e505-5a19-4c44-8ca7-fe19de178d0f, command=[]} | ret=SUCCESS |  
2019-08-23 08:59:58,718 | INFO  | SCMAudit | user=jenkins1000 | ip=192.168.36.124 | op=SEND_HEARTBEAT {datanodeUUID=7058706c-0601-4f99-98c3-fb17e47fe4d1, command=[]} | ret=SUCCESS |  
2019-08-23 08:59:58,811 | INFO  | SCMAudit | user=jenkins1000 | ip=192.168.36.124 | op=SEND_HEARTBEAT {datanodeUUID=ad86c749-0bfc-4170-98eb-eedec0f3acc2, command=[]} | ret=SUCCESS |  
2019-08-23 08:59:58,990 | INFO  | SCMAudit | user=jenkins1000 | ip=192.168.36.124 | op=SEND_HEARTBEAT {datanodeUUID=53ccca58-9df7-41e3-9a4c-33135d9d5679, command=[]} | ret=SUCCESS |  
2019-08-23 08:59:59,162 | INFO  | SCMAudit | user=jenkins1000 | ip=192.168.36.124 | op=SEND_HEARTBEAT {datanodeUUID=73a09e5f-1e5e-4ec9-bd35-9dc9ec1f0104, command=[]} | ret=SUCCESS |  
2019-08-23 08:59:59,340 | INFO  | SCMAudit | user=jenkins1000 | ip=192.168.36.124 | op=SEND_HEARTBEAT {datanodeUUID=e7db1942-ce57-4ac0-b83a-1ab5d1f3726b, command=[]} | ret=SUCCESS |  
2019-08-23 08:59:59,419 [grpc-default-executor-1] INFO  client.GrpcClientProtocolClient (GrpcClientProtocolClient.java:onNext(255)) - client-B274DF0A3B7A->ad86c749-0bfc-4170-98eb-eedec0f3acc2: receive RaftClientReply:client-B274DF0A3B7A->ad86c749-0bfc-4170-98eb-eedec0f3acc2@group-1232FC6AE750, cid=50, FAILED org.apache.ratis.protocol.NotLeaderException: Server ad86c749-0bfc-4170-98eb-eedec0f3acc2 is not the leader (null). Request must be sent to leader., logIndex=0, commits[ad86c749-0bfc-4170-98eb-eedec0f3acc2:c-1, a044e505-5a19-4c44-8ca7-fe19de178d0f:c-1, e7db1942-ce57-4ac0-b83a-1ab5d1f3726b:c-1]
2019-08-23 08:59:59,532 | INFO  | SCMAudit | user=jenkins1000 | ip=192.168.36.124 | op=SEND_HEARTBEAT {datanodeUUID=6bf3a110-7368-45bc-babb-68f4f8b3c82b, command=[]} | ret=SUCCESS |  
2019-08-23 08:59:59,598 | INFO  | SCMAudit | user=jenkins1000 | ip=192.168.36.124 | op=SEND_HEARTBEAT {datanodeUUID=a044e505-5a19-4c44-8ca7-fe19de178d0f, command=[]} | ret=SUCCESS |  
2019-08-23 08:59:59,718 | INFO  | SCMAudit | user=jenkins1000 | ip=192.168.36.124 | op=SEND_HEARTBEAT {datanodeUUID=7058706c-0601-4f99-98c3-fb17e47fe4d1, command=[]} | ret=SUCCESS |  
2019-08-23 08:59:59,811 | INFO  | SCMAudit | user=jenkins1000 | ip=192.168.36.124 | op=SEND_HEARTBEAT {datanodeUUID=ad86c749-0bfc-4170-98eb-eedec0f3acc2, command=[]} | ret=SUCCESS |  
2019-08-23 08:59:59,990 | INFO  | SCMAudit | user=jenkins1000 | ip=192.168.36.124 | op=SEND_HEARTBEAT {datanodeUUID=53ccca58-9df7-41e3-9a4c-33135d9d5679, command=[]} | ret=SUCCESS |  
2019-08-23 09:00:00,162 | INFO  | SCMAudit | user=jenkins1000 | ip=192.168.36.124 | op=SEND_HEARTBEAT {datanodeUUID=73a09e5f-1e5e-4ec9-bd35-9dc9ec1f0104, command=[]} | ret=SUCCESS |  
2019-08-23 09:00:00,342 | INFO  | SCMAudit | user=jenkins1000 | ip=192.168.36.124 | op=SEND_HEARTBEAT {datanodeUUID=e7db1942-ce57-4ac0-b83a-1ab5d1f3726b, command=[]} | ret=SUCCESS |  
2019-08-23 09:00:00,435 [grpc-default-executor-2] INFO  client.GrpcClientProtocolClient (GrpcClientProtocolClient.java:onNext(255)) - client-B274DF0A3B7A->e7db1942-ce57-4ac0-b83a-1ab5d1f3726b: receive RaftClientReply:client-B274DF0A3B7A->e7db1942-ce57-4ac0-b83a-1ab5d1f3726b@group-1232FC6AE750, cid=50, FAILED org.apache.ratis.protocol.NotLeaderException: Server e7db1942-ce57-4ac0-b83a-1ab5d1f3726b is not the leader (null). Request must be sent to leader., logIndex=0, commits[e7db1942-ce57-4ac0-b83a-1ab5d1f3726b:c-1, a044e505-5a19-4c44-8ca7-fe19de178d0f:c-1, ad86c749-0bfc-4170-98eb-eedec0f3acc2:c-1]
2019-08-23 09:00:00,532 | INFO  | SCMAudit | user=jenkins1000 | ip=192.168.36.124 | op=SEND_HEARTBEAT {datanodeUUID=6bf3a110-7368-45bc-babb-68f4f8b3c82b, command=[]} | ret=SUCCESS |  
2019-08-23 09:00:00,598 | INFO  | SCMAudit | user=jenkins1000 | ip=192.168.36.124 | op=SEND_HEARTBEAT {datanodeUUID=a044e505-5a19-4c44-8ca7-fe19de178d0f, command=[]} | ret=SUCCESS |  
2019-08-23 09:00:00,718 | INFO  | SCMAudit | user=jenkins1000 | ip=192.168.36.124 | op=SEND_HEARTBEAT {datanodeUUID=7058706c-0601-4f99-98c3-fb17e47fe4d1, command=[]} | ret=SUCCESS |  
2019-08-23 09:00:00,785 [Thread-1049] INFO  impl.FollowerState (FollowerState.java:run(106)) - a044e505-5a19-4c44-8ca7-fe19de178d0f:group-1232FC6AE750 changes to CANDIDATE, lastRpcTime:5018, electionTimeout:5014ms
2019-08-23 09:00:00,785 [Thread-1049] INFO  impl.RoleInfo (RoleInfo.java:shutdownFollowerState(121)) - a044e505-5a19-4c44-8ca7-fe19de178d0f: shutdown FollowerState
2019-08-23 09:00:00,785 [Thread-1049] INFO  impl.RaftServerImpl (RaftServerImpl.java:setRole(171)) - a044e505-5a19-4c44-8ca7-fe19de178d0f:group-1232FC6AE750 changes role from FOLLOWER to CANDIDATE at term 2 for changeToCandidate
2019-08-23 09:00:00,785 [Thread-1049] INFO  impl.RoleInfo (RoleInfo.java:updateAndGet(143)) - a044e505-5a19-4c44-8ca7-fe19de178d0f: start LeaderElection
2019-08-23 09:00:00,811 | INFO  | SCMAudit | user=jenkins1000 | ip=192.168.36.124 | op=SEND_HEARTBEAT {datanodeUUID=ad86c749-0bfc-4170-98eb-eedec0f3acc2, command=[]} | ret=SUCCESS |  
2019-08-23 09:00:00,813 [a044e505-5a19-4c44-8ca7-fe19de178d0f:group-1232FC6AE750:LeaderElection27] INFO  impl.LeaderElection (LeaderElection.java:askForVotes(181)) - a044e505-5a19-4c44-8ca7-fe19de178d0f:group-1232FC6AE750:LeaderElection27: begin an election at term 3 for -1: [a044e505-5a19-4c44-8ca7-fe19de178d0f:192.168.36.124:37365, ad86c749-0bfc-4170-98eb-eedec0f3acc2:192.168.36.124:46385, e7db1942-ce57-4ac0-b83a-1ab5d1f3726b:192.168.36.124:35352], old=null
2019-08-23 09:00:00,819 [grpc-default-executor-1] INFO  impl.RaftServerImpl (RaftServerImpl.java:setRole(171)) - ad86c749-0bfc-4170-98eb-eedec0f3acc2:group-1232FC6AE750 changes role from FOLLOWER to FOLLOWER at term 3 for recognizeCandidate:a044e505-5a19-4c44-8ca7-fe19de178d0f
2019-08-23 09:00:00,820 [grpc-default-executor-2] INFO  impl.RaftServerImpl (RaftServerImpl.java:setRole(171)) - e7db1942-ce57-4ac0-b83a-1ab5d1f3726b:group-1232FC6AE750 changes role from FOLLOWER to FOLLOWER at term 3 for recognizeCandidate:a044e505-5a19-4c44-8ca7-fe19de178d0f
2019-08-23 09:00:00,820 [grpc-default-executor-1] INFO  impl.RoleInfo (RoleInfo.java:shutdownFollowerState(121)) - ad86c749-0bfc-4170-98eb-eedec0f3acc2: shutdown FollowerState
2019-08-23 09:00:00,820 [grpc-default-executor-2] INFO  impl.RoleInfo (RoleInfo.java:shutdownFollowerState(121)) - e7db1942-ce57-4ac0-b83a-1ab5d1f3726b: shutdown FollowerState
2019-08-23 09:00:00,820 [Thread-1059] INFO  impl.FollowerState (FollowerState.java:run(114)) - ad86c749-0bfc-4170-98eb-eedec0f3acc2: FollowerState was interrupted: java.lang.InterruptedException: sleep interrupted
2019-08-23 09:00:00,820 [Thread-1063] INFO  impl.FollowerState (FollowerState.java:run(114)) - e7db1942-ce57-4ac0-b83a-1ab5d1f3726b: FollowerState was interrupted: java.lang.InterruptedException: sleep interrupted
2019-08-23 09:00:00,820 [grpc-default-executor-1] INFO  impl.RoleInfo (RoleInfo.java:updateAndGet(143)) - ad86c749-0bfc-4170-98eb-eedec0f3acc2: start FollowerState
2019-08-23 09:00:00,820 [grpc-default-executor-2] INFO  impl.RoleInfo (RoleInfo.java:updateAndGet(143)) - e7db1942-ce57-4ac0-b83a-1ab5d1f3726b: start FollowerState
2019-08-23 09:00:00,835 [a044e505-5a19-4c44-8ca7-fe19de178d0f:group-1232FC6AE750:LeaderElection27] INFO  impl.LeaderElection (LeaderElection.java:logAndReturn(56)) - a044e505-5a19-4c44-8ca7-fe19de178d0f:group-1232FC6AE750:LeaderElection27: Election REJECTED; received 2 response(s) [a044e505-5a19-4c44-8ca7-fe19de178d0f<-ad86c749-0bfc-4170-98eb-eedec0f3acc2#0:FAIL-t3, a044e505-5a19-4c44-8ca7-fe19de178d0f<-e7db1942-ce57-4ac0-b83a-1ab5d1f3726b#0:FAIL-t3] and 0 exception(s); a044e505-5a19-4c44-8ca7-fe19de178d0f:t3, leader=null, voted=a044e505-5a19-4c44-8ca7-fe19de178d0f, raftlog=a044e505-5a19-4c44-8ca7-fe19de178d0f-SegmentedRaftLog:OPENED:c-1,f-1,i0, conf=-1: [a044e505-5a19-4c44-8ca7-fe19de178d0f:192.168.36.124:37365, ad86c749-0bfc-4170-98eb-eedec0f3acc2:192.168.36.124:46385, e7db1942-ce57-4ac0-b83a-1ab5d1f3726b:192.168.36.124:35352], old=null
2019-08-23 09:00:00,836 [a044e505-5a19-4c44-8ca7-fe19de178d0f:group-1232FC6AE750:LeaderElection27] INFO  impl.RaftServerImpl (RaftServerImpl.java:setRole(171)) - a044e505-5a19-4c44-8ca7-fe19de178d0f:group-1232FC6AE750 changes role from CANDIDATE to FOLLOWER at term 3 for DISCOVERED_A_NEW_TERM
2019-08-23 09:00:00,836 [a044e505-5a19-4c44-8ca7-fe19de178d0f:group-1232FC6AE750:LeaderElection27] INFO  impl.RoleInfo (RoleInfo.java:shutdownLeaderElection(134)) - a044e505-5a19-4c44-8ca7-fe19de178d0f: shutdown LeaderElection
2019-08-23 09:00:00,836 [a044e505-5a19-4c44-8ca7-fe19de178d0f:group-1232FC6AE750:LeaderElection27] INFO  impl.RoleInfo (RoleInfo.java:updateAndGet(143)) - a044e505-5a19-4c44-8ca7-fe19de178d0f: start FollowerState
2019-08-23 09:00:00,990 | INFO  | SCMAudit | user=jenkins1000 | ip=192.168.36.124 | op=SEND_HEARTBEAT {datanodeUUID=53ccca58-9df7-41e3-9a4c-33135d9d5679, command=[]} | ret=SUCCESS |  
2019-08-23 09:00:01,162 | INFO  | SCMAudit | user=jenkins1000 | ip=192.168.36.124 | op=SEND_HEARTBEAT {datanodeUUID=73a09e5f-1e5e-4ec9-bd35-9dc9ec1f0104, command=[]} | ret=SUCCESS |  
2019-08-23 09:00:01,340 | INFO  | SCMAudit | user=jenkins1000 | ip=192.168.36.124 | op=SEND_HEARTBEAT {datanodeUUID=e7db1942-ce57-4ac0-b83a-1ab5d1f3726b, command=[]} | ret=SUCCESS |  
2019-08-23 09:00:01,452 [grpc-default-executor-1] INFO  client.GrpcClientProtocolClient (GrpcClientProtocolClient.java:onNext(255)) - client-B274DF0A3B7A->ad86c749-0bfc-4170-98eb-eedec0f3acc2: receive RaftClientReply:client-B274DF0A3B7A->ad86c749-0bfc-4170-98eb-eedec0f3acc2@group-1232FC6AE750, cid=50, FAILED org.apache.ratis.protocol.NotLeaderException: Server ad86c749-0bfc-4170-98eb-eedec0f3acc2 is not the leader (null). Request must be sent to leader., logIndex=0, commits[ad86c749-0bfc-4170-98eb-eedec0f3acc2:c-1, a044e505-5a19-4c44-8ca7-fe19de178d0f:c-1, e7db1942-ce57-4ac0-b83a-1ab5d1f3726b:c-1]
2019-08-23 09:00:01,532 | INFO  | SCMAudit | user=jenkins1000 | ip=192.168.36.124 | op=SEND_HEARTBEAT {datanodeUUID=6bf3a110-7368-45bc-babb-68f4f8b3c82b, command=[]} | ret=SUCCESS |  
2019-08-23 09:00:01,598 | INFO  | SCMAudit | user=jenkins1000 | ip=192.168.36.124 | op=SEND_HEARTBEAT {datanodeUUID=a044e505-5a19-4c44-8ca7-fe19de178d0f, command=[]} | ret=SUCCESS |  
2019-08-23 09:00:01,718 | INFO  | SCMAudit | user=jenkins1000 | ip=192.168.36.124 | op=SEND_HEARTBEAT {datanodeUUID=7058706c-0601-4f99-98c3-fb17e47fe4d1, command=[]} | ret=SUCCESS |  
2019-08-23 09:00:01,811 | INFO  | SCMAudit | user=jenkins1000 | ip=192.168.36.124 | op=SEND_HEARTBEAT {datanodeUUID=ad86c749-0bfc-4170-98eb-eedec0f3acc2, command=[]} | ret=SUCCESS |  
2019-08-23 09:00:01,990 | INFO  | SCMAudit | user=jenkins1000 | ip=192.168.36.124 | op=SEND_HEARTBEAT {datanodeUUID=53ccca58-9df7-41e3-9a4c-33135d9d5679, command=[]} | ret=SUCCESS |  
2019-08-23 09:00:02,161 | INFO  | SCMAudit | user=jenkins1000 | ip=192.168.36.124 | op=SEND_HEARTBEAT {datanodeUUID=73a09e5f-1e5e-4ec9-bd35-9dc9ec1f0104, command=[]} | ret=SUCCESS |  
2019-08-23 09:00:02,342 | INFO  | SCMAudit | user=jenkins1000 | ip=192.168.36.124 | op=SEND_HEARTBEAT {datanodeUUID=e7db1942-ce57-4ac0-b83a-1ab5d1f3726b, command=[]} | ret=SUCCESS |  
2019-08-23 09:00:02,468 [grpc-default-executor-1] INFO  client.GrpcClientProtocolClient (GrpcClientProtocolClient.java:onNext(255)) - client-B274DF0A3B7A->e7db1942-ce57-4ac0-b83a-1ab5d1f3726b: receive RaftClientReply:client-B274DF0A3B7A->e7db1942-ce57-4ac0-b83a-1ab5d1f3726b@group-1232FC6AE750, cid=50, FAILED org.apache.ratis.protocol.NotLeaderException: Server e7db1942-ce57-4ac0-b83a-1ab5d1f3726b is not the leader (null). Request must be sent to leader., logIndex=0, commits[e7db1942-ce57-4ac0-b83a-1ab5d1f3726b:c-1, a044e505-5a19-4c44-8ca7-fe19de178d0f:c-1, ad86c749-0bfc-4170-98eb-eedec0f3acc2:c-1]
2019-08-23 09:00:02,533 | INFO  | SCMAudit | user=jenkins1000 | ip=192.168.36.124 | op=SEND_HEARTBEAT {datanodeUUID=6bf3a110-7368-45bc-babb-68f4f8b3c82b, command=[]} | ret=SUCCESS |  
2019-08-23 09:00:02,598 | INFO  | SCMAudit | user=jenkins1000 | ip=192.168.36.124 | op=SEND_HEARTBEAT {datanodeUUID=a044e505-5a19-4c44-8ca7-fe19de178d0f, command=[]} | ret=SUCCESS |  
2019-08-23 09:00:02,718 | INFO  | SCMAudit | user=jenkins1000 | ip=192.168.36.124 | op=SEND_HEARTBEAT {datanodeUUID=7058706c-0601-4f99-98c3-fb17e47fe4d1, command=[]} | ret=SUCCESS |  
2019-08-23 09:00:02,811 | INFO  | SCMAudit | user=jenkins1000 | ip=192.168.36.124 | op=SEND_HEARTBEAT {datanodeUUID=ad86c749-0bfc-4170-98eb-eedec0f3acc2, command=[]} | ret=SUCCESS |  
2019-08-23 09:00:02,990 | INFO  | SCMAudit | user=jenkins1000 | ip=192.168.36.124 | op=SEND_HEARTBEAT {datanodeUUID=53ccca58-9df7-41e3-9a4c-33135d9d5679, command=[]} | ret=SUCCESS |  
2019-08-23 09:00:03,162 | INFO  | SCMAudit | user=jenkins1000 | ip=192.168.36.124 | op=SEND_HEARTBEAT {datanodeUUID=73a09e5f-1e5e-4ec9-bd35-9dc9ec1f0104, command=[]} | ret=SUCCESS |  
2019-08-23 09:00:03,342 | INFO  | SCMAudit | user=jenkins1000 | ip=192.168.36.124 | op=SEND_HEARTBEAT {datanodeUUID=e7db1942-ce57-4ac0-b83a-1ab5d1f3726b, command=[]} | ret=SUCCESS |  
2019-08-23 09:00:03,495 [grpc-default-executor-1] INFO  client.GrpcClientProtocolClient (GrpcClientProtocolClient.java:onNext(255)) - client-B274DF0A3B7A->ad86c749-0bfc-4170-98eb-eedec0f3acc2: receive RaftClientReply:client-B274DF0A3B7A->ad86c749-0bfc-4170-98eb-eedec0f3acc2@group-1232FC6AE750, cid=50, FAILED org.apache.ratis.protocol.NotLeaderException: Server ad86c749-0bfc-4170-98eb-eedec0f3acc2 is not the leader (null). Request must be sent to leader., logIndex=0, commits[ad86c749-0bfc-4170-98eb-eedec0f3acc2:c-1, a044e505-5a19-4c44-8ca7-fe19de178d0f:c-1, e7db1942-ce57-4ac0-b83a-1ab5d1f3726b:c-1]
2019-08-23 09:00:03,534 | INFO  | SCMAudit | user=jenkins1000 | ip=192.168.36.124 | op=SEND_HEARTBEAT {datanodeUUID=6bf3a110-7368-45bc-babb-68f4f8b3c82b, command=[]} | ret=SUCCESS |  
2019-08-23 09:00:03,598 | INFO  | SCMAudit | user=jenkins1000 | ip=192.168.36.124 | op=SEND_HEARTBEAT {datanodeUUID=a044e505-5a19-4c44-8ca7-fe19de178d0f, command=[]} | ret=SUCCESS |  
2019-08-23 09:00:03,718 | INFO  | SCMAudit | user=jenkins1000 | ip=192.168.36.124 | op=SEND_HEARTBEAT {datanodeUUID=7058706c-0601-4f99-98c3-fb17e47fe4d1, command=[]} | ret=SUCCESS |  
2019-08-23 09:00:03,811 | INFO  | SCMAudit | user=jenkins1000 | ip=192.168.36.124 | op=SEND_HEARTBEAT {datanodeUUID=ad86c749-0bfc-4170-98eb-eedec0f3acc2, command=[]} | ret=SUCCESS |  
2019-08-23 09:00:03,990 | INFO  | SCMAudit | user=jenkins1000 | ip=192.168.36.124 | op=SEND_HEARTBEAT {datanodeUUID=53ccca58-9df7-41e3-9a4c-33135d9d5679, command=[]} | ret=SUCCESS |  
2019-08-23 09:00:04,162 | INFO  | SCMAudit | user=jenkins1000 | ip=192.168.36.124 | op=SEND_HEARTBEAT {datanodeUUID=73a09e5f-1e5e-4ec9-bd35-9dc9ec1f0104, command=[]} | ret=SUCCESS |  
2019-08-23 09:00:04,341 | INFO  | SCMAudit | user=jenkins1000 | ip=192.168.36.124 | op=SEND_HEARTBEAT {datanodeUUID=e7db1942-ce57-4ac0-b83a-1ab5d1f3726b, command=[]} | ret=SUCCESS |  
2019-08-23 09:00:04,512 [grpc-default-executor-2] INFO  client.GrpcClientProtocolClient (GrpcClientProtocolClient.java:onNext(255)) - client-B274DF0A3B7A->e7db1942-ce57-4ac0-b83a-1ab5d1f3726b: receive RaftClientReply:client-B274DF0A3B7A->e7db1942-ce57-4ac0-b83a-1ab5d1f3726b@group-1232FC6AE750, cid=50, FAILED org.apache.ratis.protocol.NotLeaderException: Server e7db1942-ce57-4ac0-b83a-1ab5d1f3726b is not the leader (null). Request must be sent to leader., logIndex=0, commits[e7db1942-ce57-4ac0-b83a-1ab5d1f3726b:c-1, a044e505-5a19-4c44-8ca7-fe19de178d0f:c-1, ad86c749-0bfc-4170-98eb-eedec0f3acc2:c-1]
2019-08-23 09:00:04,534 | INFO  | SCMAudit | user=jenkins1000 | ip=192.168.36.124 | op=SEND_HEARTBEAT {datanodeUUID=6bf3a110-7368-45bc-babb-68f4f8b3c82b, command=[]} | ret=SUCCESS |  
2019-08-23 09:00:04,599 | INFO  | SCMAudit | user=jenkins1000 | ip=192.168.36.124 | op=SEND_HEARTBEAT {datanodeUUID=a044e505-5a19-4c44-8ca7-fe19de178d0f, command=[]} | ret=SUCCESS |  
2019-08-23 09:00:04,718 | INFO  | SCMAudit | user=jenkins1000 | ip=192.168.36.124 | op=SEND_HEARTBEAT {datanodeUUID=7058706c-0601-4f99-98c3-fb17e47fe4d1, command=[]} | ret=SUCCESS |  
2019-08-23 09:00:04,811 | INFO  | SCMAudit | user=jenkins1000 | ip=192.168.36.124 | op=SEND_HEARTBEAT {datanodeUUID=ad86c749-0bfc-4170-98eb-eedec0f3acc2, command=[]} | ret=SUCCESS |  
2019-08-23 09:00:04,990 | INFO  | SCMAudit | user=jenkins1000 | ip=192.168.36.124 | op=SEND_HEARTBEAT {datanodeUUID=53ccca58-9df7-41e3-9a4c-33135d9d5679, command=[]} | ret=SUCCESS |  
2019-08-23 09:00:05,163 | INFO  | SCMAudit | user=jenkins1000 | ip=192.168.36.124 | op=SEND_HEARTBEAT {datanodeUUID=73a09e5f-1e5e-4ec9-bd35-9dc9ec1f0104, command=[]} | ret=SUCCESS |  
2019-08-23 09:00:05,341 | INFO  | SCMAudit | user=jenkins1000 | ip=192.168.36.124 | op=SEND_HEARTBEAT {datanodeUUID=e7db1942-ce57-4ac0-b83a-1ab5d1f3726b, command=[]} | ret=SUCCESS |  
2019-08-23 09:00:05,531 [grpc-default-executor-1] INFO  client.GrpcClientProtocolClient (GrpcClientProtocolClient.java:onNext(255)) - client-B274DF0A3B7A->a044e505-5a19-4c44-8ca7-fe19de178d0f: receive RaftClientReply:client-B274DF0A3B7A->a044e505-5a19-4c44-8ca7-fe19de178d0f@group-1232FC6AE750, cid=50, FAILED org.apache.ratis.protocol.NotLeaderException: Server a044e505-5a19-4c44-8ca7-fe19de178d0f is not the leader (null). Request must be sent to leader., logIndex=0, commits[a044e505-5a19-4c44-8ca7-fe19de178d0f:c-1]
2019-08-23 09:00:05,542 | INFO  | SCMAudit | user=jenkins1000 | ip=192.168.36.124 | op=SEND_HEARTBEAT {datanodeUUID=6bf3a110-7368-45bc-babb-68f4f8b3c82b, command=[]} | ret=SUCCESS |  
2019-08-23 09:00:05,599 | INFO  | SCMAudit | user=jenkins1000 | ip=192.168.36.124 | op=SEND_HEARTBEAT {datanodeUUID=a044e505-5a19-4c44-8ca7-fe19de178d0f, command=[]} | ret=SUCCESS |  
2019-08-23 09:00:05,718 | INFO  | SCMAudit | user=jenkins1000 | ip=192.168.36.124 | op=SEND_HEARTBEAT {datanodeUUID=7058706c-0601-4f99-98c3-fb17e47fe4d1, command=[]} | ret=SUCCESS |  
2019-08-23 09:00:05,811 | INFO  | SCMAudit | user=jenkins1000 | ip=192.168.36.124 | op=SEND_HEARTBEAT {datanodeUUID=ad86c749-0bfc-4170-98eb-eedec0f3acc2, command=[]} | ret=SUCCESS |  
2019-08-23 09:00:05,858 [Thread-1104] INFO  impl.FollowerState (FollowerState.java:run(106)) - e7db1942-ce57-4ac0-b83a-1ab5d1f3726b:group-1232FC6AE750 changes to CANDIDATE, lastRpcTime:5037, electionTimeout:5037ms
2019-08-23 09:00:05,858 [Thread-1104] INFO  impl.RoleInfo (RoleInfo.java:shutdownFollowerState(121)) - e7db1942-ce57-4ac0-b83a-1ab5d1f3726b: shutdown FollowerState
2019-08-23 09:00:05,859 [Thread-1104] INFO  impl.RaftServerImpl (RaftServerImpl.java:setRole(171)) - e7db1942-ce57-4ac0-b83a-1ab5d1f3726b:group-1232FC6AE750 changes role from FOLLOWER to CANDIDATE at term 3 for changeToCandidate
2019-08-23 09:00:05,859 [Thread-1104] INFO  impl.RoleInfo (RoleInfo.java:updateAndGet(143)) - e7db1942-ce57-4ac0-b83a-1ab5d1f3726b: start LeaderElection
2019-08-23 09:00:05,900 [Thread-1105] INFO  impl.FollowerState (FollowerState.java:run(106)) - a044e505-5a19-4c44-8ca7-fe19de178d0f:group-1232FC6AE750 changes to CANDIDATE, lastRpcTime:5064, electionTimeout:5064ms
2019-08-23 09:00:05,901 [Thread-1105] INFO  impl.RoleInfo (RoleInfo.java:shutdownFollowerState(121)) - a044e505-5a19-4c44-8ca7-fe19de178d0f: shutdown FollowerState
2019-08-23 09:00:05,901 [Thread-1105] INFO  impl.RaftServerImpl (RaftServerImpl.java:setRole(171)) - a044e505-5a19-4c44-8ca7-fe19de178d0f:group-1232FC6AE750 changes role from FOLLOWER to CANDIDATE at term 3 for changeToCandidate
2019-08-23 09:00:05,901 [Thread-1105] INFO  impl.RoleInfo (RoleInfo.java:updateAndGet(143)) - a044e505-5a19-4c44-8ca7-fe19de178d0f: start LeaderElection
2019-08-23 09:00:05,949 [Thread-1103] INFO  impl.FollowerState (FollowerState.java:run(106)) - ad86c749-0bfc-4170-98eb-eedec0f3acc2:group-1232FC6AE750 changes to CANDIDATE, lastRpcTime:5128, electionTimeout:5128ms
2019-08-23 09:00:05,949 [Thread-1103] INFO  impl.RoleInfo (RoleInfo.java:shutdownFollowerState(121)) - ad86c749-0bfc-4170-98eb-eedec0f3acc2: shutdown FollowerState
2019-08-23 09:00:05,949 [Thread-1103] INFO  impl.RaftServerImpl (RaftServerImpl.java:setRole(171)) - ad86c749-0bfc-4170-98eb-eedec0f3acc2:group-1232FC6AE750 changes role from FOLLOWER to CANDIDATE at term 3 for changeToCandidate
2019-08-23 09:00:05,949 [Thread-1103] INFO  impl.RoleInfo (RoleInfo.java:updateAndGet(143)) - ad86c749-0bfc-4170-98eb-eedec0f3acc2: start LeaderElection
2019-08-23 09:00:05,990 | INFO  | SCMAudit | user=jenkins1000 | ip=192.168.36.124 | op=SEND_HEARTBEAT {datanodeUUID=53ccca58-9df7-41e3-9a4c-33135d9d5679, command=[]} | ret=SUCCESS |  
2019-08-23 09:00:06,163 | INFO  | SCMAudit | user=jenkins1000 | ip=192.168.36.124 | op=SEND_HEARTBEAT {datanodeUUID=73a09e5f-1e5e-4ec9-bd35-9dc9ec1f0104, command=[]} | ret=SUCCESS |  
2019-08-23 09:00:06,341 | INFO  | SCMAudit | user=jenkins1000 | ip=192.168.36.124 | op=SEND_HEARTBEAT {datanodeUUID=e7db1942-ce57-4ac0-b83a-1ab5d1f3726b, command=[]} | ret=SUCCESS |  
2019-08-23 09:00:06,538 | INFO  | SCMAudit | user=jenkins1000 | ip=192.168.36.124 | op=SEND_HEARTBEAT {datanodeUUID=6bf3a110-7368-45bc-babb-68f4f8b3c82b, command=[]} | ret=SUCCESS |  
2019-08-23 09:00:06,563 [grpc-default-executor-1] INFO  client.GrpcClientProtocolClient (GrpcClientProtocolClient.java:onNext(255)) - client-B274DF0A3B7A->e7db1942-ce57-4ac0-b83a-1ab5d1f3726b: receive RaftClientReply:client-B274DF0A3B7A->e7db1942-ce57-4ac0-b83a-1ab5d1f3726b@group-1232FC6AE750, cid=50, FAILED org.apache.ratis.protocol.NotLeaderException: Server e7db1942-ce57-4ac0-b83a-1ab5d1f3726b is not the leader (null). Request must be sent to leader., logIndex=0, commits[e7db1942-ce57-4ac0-b83a-1ab5d1f3726b:c-1, a044e505-5a19-4c44-8ca7-fe19de178d0f:c-1, ad86c749-0bfc-4170-98eb-eedec0f3acc2:c-1]
2019-08-23 09:00:06,599 | INFO  | SCMAudit | user=jenkins1000 | ip=192.168.36.124 | op=SEND_HEARTBEAT {datanodeUUID=a044e505-5a19-4c44-8ca7-fe19de178d0f, command=[]} | ret=SUCCESS |  
2019-08-23 09:00:06,718 | INFO  | SCMAudit | user=jenkins1000 | ip=192.168.36.124 | op=SEND_HEARTBEAT {datanodeUUID=7058706c-0601-4f99-98c3-fb17e47fe4d1, command=[]} | ret=SUCCESS |  
2019-08-23 09:00:06,810 | INFO  | SCMAudit | user=jenkins1000 | ip=192.168.36.124 | op=SEND_HEARTBEAT {datanodeUUID=ad86c749-0bfc-4170-98eb-eedec0f3acc2, command=[]} | ret=SUCCESS |  
2019-08-23 09:00:06,989 | INFO  | SCMAudit | user=jenkins1000 | ip=192.168.36.124 | op=SEND_HEARTBEAT {datanodeUUID=53ccca58-9df7-41e3-9a4c-33135d9d5679, command=[]} | ret=SUCCESS |  
2019-08-23 09:00:07,163 | INFO  | SCMAudit | user=jenkins1000 | ip=192.168.36.124 | op=SEND_HEARTBEAT {datanodeUUID=73a09e5f-1e5e-4ec9-bd35-9dc9ec1f0104, command=[]} | ret=SUCCESS |  
2019-08-23 09:00:07,342 | INFO  | SCMAudit | user=jenkins1000 | ip=192.168.36.124 | op=SEND_HEARTBEAT {datanodeUUID=e7db1942-ce57-4ac0-b83a-1ab5d1f3726b, command=[]} | ret=SUCCESS |  
2019-08-23 09:00:07,540 | INFO  | SCMAudit | user=jenkins1000 | ip=192.168.36.124 | op=SEND_HEARTBEAT {datanodeUUID=6bf3a110-7368-45bc-babb-68f4f8b3c82b, command=[]} | ret=SUCCESS |  
2019-08-23 09:00:07,579 [grpc-default-executor-2] INFO  client.GrpcClientProtocolClient (GrpcClientProtocolClient.java:onNext(255)) - client-B274DF0A3B7A->a044e505-5a19-4c44-8ca7-fe19de178d0f: receive RaftClientReply:client-B274DF0A3B7A->a044e505-5a19-4c44-8ca7-fe19de178d0f@group-1232FC6AE750, cid=50, FAILED org.apache.ratis.protocol.NotLeaderException: Server a044e505-5a19-4c44-8ca7-fe19de178d0f is not the leader (null). Request must be sent to leader., logIndex=0, commits[a044e505-5a19-4c44-8ca7-fe19de178d0f:c-1]
2019-08-23 09:00:07,600 | INFO  | SCMAudit | user=jenkins1000 | ip=192.168.36.124 | op=SEND_HEARTBEAT {datanodeUUID=a044e505-5a19-4c44-8ca7-fe19de178d0f, command=[]} | ret=SUCCESS |  
2019-08-23 09:00:07,718 | INFO  | SCMAudit | user=jenkins1000 | ip=192.168.36.124 | op=SEND_HEARTBEAT {datanodeUUID=7058706c-0601-4f99-98c3-fb17e47fe4d1, command=[]} | ret=SUCCESS |  
2019-08-23 09:00:07,811 | INFO  | SCMAudit | user=jenkins1000 | ip=192.168.36.124 | op=SEND_HEARTBEAT {datanodeUUID=ad86c749-0bfc-4170-98eb-eedec0f3acc2, command=[]} | ret=SUCCESS |  
2019-08-23 09:00:07,990 | INFO  | SCMAudit | user=jenkins1000 | ip=192.168.36.124 | op=SEND_HEARTBEAT {datanodeUUID=53ccca58-9df7-41e3-9a4c-33135d9d5679, command=[]} | ret=SUCCESS |  
2019-08-23 09:00:08,163 | INFO  | SCMAudit | user=jenkins1000 | ip=192.168.36.124 | op=SEND_HEARTBEAT {datanodeUUID=73a09e5f-1e5e-4ec9-bd35-9dc9ec1f0104, command=[]} | ret=SUCCESS |  
2019-08-23 09:00:08,342 | INFO  | SCMAudit | user=jenkins1000 | ip=192.168.36.124 | op=SEND_HEARTBEAT {datanodeUUID=e7db1942-ce57-4ac0-b83a-1ab5d1f3726b, command=[]} | ret=SUCCESS |  
2019-08-23 09:00:08,539 | INFO  | SCMAudit | user=jenkins1000 | ip=192.168.36.124 | op=SEND_HEARTBEAT {datanodeUUID=6bf3a110-7368-45bc-babb-68f4f8b3c82b, command=[]} | ret=SUCCESS |  
2019-08-23 09:00:08,595 [grpc-default-executor-1] INFO  client.GrpcClientProtocolClient (GrpcClientProtocolClient.java:onNext(255)) - client-B274DF0A3B7A->ad86c749-0bfc-4170-98eb-eedec0f3acc2: receive RaftClientReply:client-B274DF0A3B7A->ad86c749-0bfc-4170-98eb-eedec0f3acc2@group-1232FC6AE750, cid=50, FAILED org.apache.ratis.protocol.NotLeaderException: Server ad86c749-0bfc-4170-98eb-eedec0f3acc2 is not the leader (null). Request must be sent to leader., logIndex=0, commits[ad86c749-0bfc-4170-98eb-eedec0f3acc2:c-1, a044e505-5a19-4c44-8ca7-fe19de178d0f:c-1, e7db1942-ce57-4ac0-b83a-1ab5d1f3726b:c-1]
2019-08-23 09:00:08,608 | INFO  | SCMAudit | user=jenkins1000 | ip=192.168.36.124 | op=SEND_HEARTBEAT {datanodeUUID=a044e505-5a19-4c44-8ca7-fe19de178d0f, command=[]} | ret=SUCCESS |  
2019-08-23 09:00:08,718 | INFO  | SCMAudit | user=jenkins1000 | ip=192.168.36.124 | op=SEND_HEARTBEAT {datanodeUUID=7058706c-0601-4f99-98c3-fb17e47fe4d1, command=[]} | ret=SUCCESS |  
2019-08-23 09:00:08,812 | INFO  | SCMAudit | user=jenkins1000 | ip=192.168.36.124 | op=SEND_HEARTBEAT {datanodeUUID=ad86c749-0bfc-4170-98eb-eedec0f3acc2, command=[]} | ret=SUCCESS |  
2019-08-23 09:00:08,990 | INFO  | SCMAudit | user=jenkins1000 | ip=192.168.36.124 | op=SEND_HEARTBEAT {datanodeUUID=53ccca58-9df7-41e3-9a4c-33135d9d5679, command=[]} | ret=SUCCESS |  
2019-08-23 09:00:09,083 [ad86c749-0bfc-4170-98eb-eedec0f3acc2:group-1232FC6AE750:LeaderElection30] INFO  impl.LeaderElection (LeaderElection.java:askForVotes(181)) - ad86c749-0bfc-4170-98eb-eedec0f3acc2:group-1232FC6AE750:LeaderElection30: begin an election at term 4 for 0: [a044e505-5a19-4c44-8ca7-fe19de178d0f:192.168.36.124:37365, ad86c749-0bfc-4170-98eb-eedec0f3acc2:192.168.36.124:46385, e7db1942-ce57-4ac0-b83a-1ab5d1f3726b:192.168.36.124:35352], old=null
2019-08-23 09:00:09,083 [a044e505-5a19-4c44-8ca7-fe19de178d0f:group-1232FC6AE750:LeaderElection29] INFO  impl.LeaderElection (LeaderElection.java:askForVotes(181)) - a044e505-5a19-4c44-8ca7-fe19de178d0f:group-1232FC6AE750:LeaderElection29: begin an election at term 4 for -1: [a044e505-5a19-4c44-8ca7-fe19de178d0f:192.168.36.124:37365, ad86c749-0bfc-4170-98eb-eedec0f3acc2:192.168.36.124:46385, e7db1942-ce57-4ac0-b83a-1ab5d1f3726b:192.168.36.124:35352], old=null
2019-08-23 09:00:09,096 [e7db1942-ce57-4ac0-b83a-1ab5d1f3726b:group-1232FC6AE750:LeaderElection28] INFO  impl.LeaderElection (LeaderElection.java:askForVotes(181)) - e7db1942-ce57-4ac0-b83a-1ab5d1f3726b:group-1232FC6AE750:LeaderElection28: begin an election at term 4 for 0: [a044e505-5a19-4c44-8ca7-fe19de178d0f:192.168.36.124:37365, ad86c749-0bfc-4170-98eb-eedec0f3acc2:192.168.36.124:46385, e7db1942-ce57-4ac0-b83a-1ab5d1f3726b:192.168.36.124:35352], old=null
2019-08-23 09:00:09,100 [a044e505-5a19-4c44-8ca7-fe19de178d0f:group-1232FC6AE750:LeaderElection29] INFO  impl.LeaderElection (LeaderElection.java:logAndReturn(56)) - a044e505-5a19-4c44-8ca7-fe19de178d0f:group-1232FC6AE750:LeaderElection29: Election REJECTED; received 2 response(s) [a044e505-5a19-4c44-8ca7-fe19de178d0f<-ad86c749-0bfc-4170-98eb-eedec0f3acc2#0:FAIL-t4, a044e505-5a19-4c44-8ca7-fe19de178d0f<-e7db1942-ce57-4ac0-b83a-1ab5d1f3726b#0:FAIL-t4] and 0 exception(s); a044e505-5a19-4c44-8ca7-fe19de178d0f:t4, leader=null, voted=a044e505-5a19-4c44-8ca7-fe19de178d0f, raftlog=a044e505-5a19-4c44-8ca7-fe19de178d0f-SegmentedRaftLog:OPENED:c-1,f-1,i0, conf=-1: [a044e505-5a19-4c44-8ca7-fe19de178d0f:192.168.36.124:37365, ad86c749-0bfc-4170-98eb-eedec0f3acc2:192.168.36.124:46385, e7db1942-ce57-4ac0-b83a-1ab5d1f3726b:192.168.36.124:35352], old=null
2019-08-23 09:00:09,100 [a044e505-5a19-4c44-8ca7-fe19de178d0f:group-1232FC6AE750:LeaderElection29] INFO  impl.RaftServerImpl (RaftServerImpl.java:setRole(171)) - a044e505-5a19-4c44-8ca7-fe19de178d0f:group-1232FC6AE750 changes role from CANDIDATE to FOLLOWER at term 4 for DISCOVERED_A_NEW_TERM
2019-08-23 09:00:09,100 [a044e505-5a19-4c44-8ca7-fe19de178d0f:group-1232FC6AE750:LeaderElection29] INFO  impl.RoleInfo (RoleInfo.java:shutdownLeaderElection(134)) - a044e505-5a19-4c44-8ca7-fe19de178d0f: shutdown LeaderElection
2019-08-23 09:00:09,101 [ad86c749-0bfc-4170-98eb-eedec0f3acc2:group-1232FC6AE750:LeaderElection30] INFO  impl.LeaderElection (LeaderElection.java:logAndReturn(56)) - ad86c749-0bfc-4170-98eb-eedec0f3acc2:group-1232FC6AE750:LeaderElection30: Election REJECTED; received 2 response(s) [ad86c749-0bfc-4170-98eb-eedec0f3acc2<-a044e505-5a19-4c44-8ca7-fe19de178d0f#0:FAIL-t4, ad86c749-0bfc-4170-98eb-eedec0f3acc2<-e7db1942-ce57-4ac0-b83a-1ab5d1f3726b#0:FAIL-t4] and 0 exception(s); ad86c749-0bfc-4170-98eb-eedec0f3acc2:t4, leader=null, voted=ad86c749-0bfc-4170-98eb-eedec0f3acc2, raftlog=ad86c749-0bfc-4170-98eb-eedec0f3acc2-SegmentedRaftLog:OPENED:c-1,f0,i0, conf=0: [a044e505-5a19-4c44-8ca7-fe19de178d0f:192.168.36.124:37365, ad86c749-0bfc-4170-98eb-eedec0f3acc2:192.168.36.124:46385, e7db1942-ce57-4ac0-b83a-1ab5d1f3726b:192.168.36.124:35352], old=null
2019-08-23 09:00:09,101 [a044e505-5a19-4c44-8ca7-fe19de178d0f:group-1232FC6AE750:LeaderElection29] INFO  impl.RoleInfo (RoleInfo.java:updateAndGet(143)) - a044e505-5a19-4c44-8ca7-fe19de178d0f: start FollowerState
2019-08-23 09:00:09,101 [ad86c749-0bfc-4170-98eb-eedec0f3acc2:group-1232FC6AE750:LeaderElection30] INFO  impl.RaftServerImpl (RaftServerImpl.java:setRole(171)) - ad86c749-0bfc-4170-98eb-eedec0f3acc2:group-1232FC6AE750 changes role from CANDIDATE to FOLLOWER at term 4 for DISCOVERED_A_NEW_TERM
2019-08-23 09:00:09,101 [ad86c749-0bfc-4170-98eb-eedec0f3acc2:group-1232FC6AE750:LeaderElection30] INFO  impl.RoleInfo (RoleInfo.java:shutdownLeaderElection(134)) - ad86c749-0bfc-4170-98eb-eedec0f3acc2: shutdown LeaderElection
2019-08-23 09:00:09,102 [ad86c749-0bfc-4170-98eb-eedec0f3acc2:group-1232FC6AE750:LeaderElection30] INFO  impl.RoleInfo (RoleInfo.java:updateAndGet(143)) - ad86c749-0bfc-4170-98eb-eedec0f3acc2: start FollowerState
2019-08-23 09:00:09,110 [e7db1942-ce57-4ac0-b83a-1ab5d1f3726b:group-1232FC6AE750:LeaderElection28] INFO  impl.LeaderElection (LeaderElection.java:logAndReturn(56)) - e7db1942-ce57-4ac0-b83a-1ab5d1f3726b:group-1232FC6AE750:LeaderElection28: Election REJECTED; received 2 response(s) [e7db1942-ce57-4ac0-b83a-1ab5d1f3726b<-a044e505-5a19-4c44-8ca7-fe19de178d0f#0:FAIL-t4, e7db1942-ce57-4ac0-b83a-1ab5d1f3726b<-ad86c749-0bfc-4170-98eb-eedec0f3acc2#0:FAIL-t4] and 0 exception(s); e7db1942-ce57-4ac0-b83a-1ab5d1f3726b:t4, leader=null, voted=e7db1942-ce57-4ac0-b83a-1ab5d1f3726b, raftlog=e7db1942-ce57-4ac0-b83a-1ab5d1f3726b-SegmentedRaftLog:OPENED:c-1,f0,i0, conf=0: [a044e505-5a19-4c44-8ca7-fe19de178d0f:192.168.36.124:37365, ad86c749-0bfc-4170-98eb-eedec0f3acc2:192.168.36.124:46385, e7db1942-ce57-4ac0-b83a-1ab5d1f3726b:192.168.36.124:35352], old=null
2019-08-23 09:00:09,110 [e7db1942-ce57-4ac0-b83a-1ab5d1f3726b:group-1232FC6AE750:LeaderElection28] INFO  impl.RaftServerImpl (RaftServerImpl.java:setRole(171)) - e7db1942-ce57-4ac0-b83a-1ab5d1f3726b:group-1232FC6AE750 changes role from CANDIDATE to FOLLOWER at term 4 for DISCOVERED_A_NEW_TERM
2019-08-23 09:00:09,111 [e7db1942-ce57-4ac0-b83a-1ab5d1f3726b:group-1232FC6AE750:LeaderElection28] INFO  impl.RoleInfo (RoleInfo.java:shutdownLeaderElection(134)) - e7db1942-ce57-4ac0-b83a-1ab5d1f3726b: shutdown LeaderElection
2019-08-23 09:00:09,111 [e7db1942-ce57-4ac0-b83a-1ab5d1f3726b:group-1232FC6AE750:LeaderElection28] INFO  impl.RoleInfo (RoleInfo.java:updateAndGet(143)) - e7db1942-ce57-4ac0-b83a-1ab5d1f3726b: start FollowerState
2019-08-23 09:00:09,163 | INFO  | SCMAudit | user=jenkins1000 | ip=192.168.36.124 | op=SEND_HEARTBEAT {datanodeUUID=73a09e5f-1e5e-4ec9-bd35-9dc9ec1f0104, command=[]} | ret=SUCCESS |  
2019-08-23 09:00:09,343 | INFO  | SCMAudit | user=jenkins1000 | ip=192.168.36.124 | op=SEND_HEARTBEAT {datanodeUUID=e7db1942-ce57-4ac0-b83a-1ab5d1f3726b, command=[]} | ret=SUCCESS |  
2019-08-23 09:00:09,556 | INFO  | SCMAudit | user=jenkins1000 | ip=192.168.36.124 | op=SEND_HEARTBEAT {datanodeUUID=6bf3a110-7368-45bc-babb-68f4f8b3c82b, command=[]} | ret=SUCCESS |  
2019-08-23 09:00:09,600 | INFO  | SCMAudit | user=jenkins1000 | ip=192.168.36.124 | op=SEND_HEARTBEAT {datanodeUUID=a044e505-5a19-4c44-8ca7-fe19de178d0f, command=[]} | ret=SUCCESS |  
2019-08-23 09:00:09,609 [grpc-default-executor-2] INFO  client.GrpcClientProtocolClient (GrpcClientProtocolClient.java:onNext(255)) - client-B274DF0A3B7A->a044e505-5a19-4c44-8ca7-fe19de178d0f: receive RaftClientReply:client-B274DF0A3B7A->a044e505-5a19-4c44-8ca7-fe19de178d0f@group-1232FC6AE750, cid=50, FAILED org.apache.ratis.protocol.NotLeaderException: Server a044e505-5a19-4c44-8ca7-fe19de178d0f is not the leader (null). Request must be sent to leader., logIndex=0, commits[a044e505-5a19-4c44-8ca7-fe19de178d0f:c-1]
2019-08-23 09:00:09,718 | INFO  | SCMAudit | user=jenkins1000 | ip=192.168.36.124 | op=SEND_HEARTBEAT {datanodeUUID=7058706c-0601-4f99-98c3-fb17e47fe4d1, command=[]} | ret=SUCCESS |  
2019-08-23 09:00:09,812 | INFO  | SCMAudit | user=jenkins1000 | ip=192.168.36.124 | op=SEND_HEARTBEAT {datanodeUUID=ad86c749-0bfc-4170-98eb-eedec0f3acc2, command=[]} | ret=SUCCESS |  
2019-08-23 09:00:09,990 | INFO  | SCMAudit | user=jenkins1000 | ip=192.168.36.124 | op=SEND_HEARTBEAT {datanodeUUID=53ccca58-9df7-41e3-9a4c-33135d9d5679, command=[]} | ret=SUCCESS |  
2019-08-23 09:00:10,163 | INFO  | SCMAudit | user=jenkins1000 | ip=192.168.36.124 | op=SEND_HEARTBEAT {datanodeUUID=73a09e5f-1e5e-4ec9-bd35-9dc9ec1f0104, command=[]} | ret=SUCCESS |  
2019-08-23 09:00:10,342 | INFO  | SCMAudit | user=jenkins1000 | ip=192.168.36.124 | op=SEND_HEARTBEAT {datanodeUUID=e7db1942-ce57-4ac0-b83a-1ab5d1f3726b, command=[]} | ret=SUCCESS |  
2019-08-23 09:00:10,540 | INFO  | SCMAudit | user=jenkins1000 | ip=192.168.36.124 | op=SEND_HEARTBEAT {datanodeUUID=6bf3a110-7368-45bc-babb-68f4f8b3c82b, command=[]} | ret=SUCCESS |  
2019-08-23 09:00:10,600 | INFO  | SCMAudit | user=jenkins1000 | ip=192.168.36.124 | op=SEND_HEARTBEAT {datanodeUUID=a044e505-5a19-4c44-8ca7-fe19de178d0f, command=[]} | ret=SUCCESS |  
2019-08-23 09:00:10,629 [grpc-default-executor-2] INFO  client.GrpcClientProtocolClient (GrpcClientProtocolClient.java:onNext(255)) - client-B274DF0A3B7A->ad86c749-0bfc-4170-98eb-eedec0f3acc2: receive RaftClientReply:client-B274DF0A3B7A->ad86c749-0bfc-4170-98eb-eedec0f3acc2@group-1232FC6AE750, cid=50, FAILED org.apache.ratis.protocol.NotLeaderException: Server ad86c749-0bfc-4170-98eb-eedec0f3acc2 is not the leader (null). Request must be sent to leader., logIndex=0, commits[ad86c749-0bfc-4170-98eb-eedec0f3acc2:c-1, a044e505-5a19-4c44-8ca7-fe19de178d0f:c-1, e7db1942-ce57-4ac0-b83a-1ab5d1f3726b:c-1]
2019-08-23 09:00:10,718 | INFO  | SCMAudit | user=jenkins1000 | ip=192.168.36.124 | op=SEND_HEARTBEAT {datanodeUUID=7058706c-0601-4f99-98c3-fb17e47fe4d1, command=[]} | ret=SUCCESS |  
2019-08-23 09:00:10,812 | INFO  | SCMAudit | user=jenkins1000 | ip=192.168.36.124 | op=SEND_HEARTBEAT {datanodeUUID=ad86c749-0bfc-4170-98eb-eedec0f3acc2, command=[]} | ret=SUCCESS |  
2019-08-23 09:00:10,990 | INFO  | SCMAudit | user=jenkins1000 | ip=192.168.36.124 | op=SEND_HEARTBEAT {datanodeUUID=53ccca58-9df7-41e3-9a4c-33135d9d5679, command=[]} | ret=SUCCESS |  
2019-08-23 09:00:11,164 | INFO  | SCMAudit | user=jenkins1000 | ip=192.168.36.124 | op=SEND_HEARTBEAT {datanodeUUID=73a09e5f-1e5e-4ec9-bd35-9dc9ec1f0104, command=[]} | ret=SUCCESS |  
2019-08-23 09:00:11,343 | INFO  | SCMAudit | user=jenkins1000 | ip=192.168.36.124 | op=SEND_HEARTBEAT {datanodeUUID=e7db1942-ce57-4ac0-b83a-1ab5d1f3726b, command=[]} | ret=SUCCESS |  
2019-08-23 09:00:11,540 | INFO  | SCMAudit | user=jenkins1000 | ip=192.168.36.124 | op=SEND_HEARTBEAT {datanodeUUID=6bf3a110-7368-45bc-babb-68f4f8b3c82b, command=[]} | ret=SUCCESS |  
2019-08-23 09:00:11,600 | INFO  | SCMAudit | user=jenkins1000 | ip=192.168.36.124 | op=SEND_HEARTBEAT {datanodeUUID=a044e505-5a19-4c44-8ca7-fe19de178d0f, command=[]} | ret=SUCCESS |  
2019-08-23 09:00:11,644 [grpc-default-executor-2] INFO  client.GrpcClientProtocolClient (GrpcClientProtocolClient.java:onNext(255)) - client-B274DF0A3B7A->e7db1942-ce57-4ac0-b83a-1ab5d1f3726b: receive RaftClientReply:client-B274DF0A3B7A->e7db1942-ce57-4ac0-b83a-1ab5d1f3726b@group-1232FC6AE750, cid=50, FAILED org.apache.ratis.protocol.NotLeaderException: Server e7db1942-ce57-4ac0-b83a-1ab5d1f3726b is not the leader (null). Request must be sent to leader., logIndex=0, commits[e7db1942-ce57-4ac0-b83a-1ab5d1f3726b:c-1, a044e505-5a19-4c44-8ca7-fe19de178d0f:c-1, ad86c749-0bfc-4170-98eb-eedec0f3acc2:c-1]
]]></system-out>
    <system-err><![CDATA[Aug 23, 2019 8:59:45 AM com.sun.jersey.server.impl.application.WebApplicationImpl _initiate
INFO: Initiating Jersey application, version 'Jersey: 1.19 02/11/2015 03:25 AM'
Aug 23, 2019 8:59:45 AM com.sun.jersey.server.impl.application.WebApplicationImpl _initiate
INFO: Initiating Jersey application, version 'Jersey: 1.19 02/11/2015 03:25 AM'
Aug 23, 2019 8:59:45 AM com.sun.jersey.server.impl.application.WebApplicationImpl _initiate
INFO: Initiating Jersey application, version 'Jersey: 1.19 02/11/2015 03:25 AM'
Aug 23, 2019 8:59:46 AM com.sun.jersey.server.impl.application.WebApplicationImpl _initiate
INFO: Initiating Jersey application, version 'Jersey: 1.19 02/11/2015 03:25 AM'
Aug 23, 2019 8:59:46 AM com.sun.jersey.server.impl.application.WebApplicationImpl _initiate
INFO: Initiating Jersey application, version 'Jersey: 1.19 02/11/2015 03:25 AM'
Aug 23, 2019 8:59:46 AM com.sun.jersey.server.impl.application.WebApplicationImpl _initiate
INFO: Initiating Jersey application, version 'Jersey: 1.19 02/11/2015 03:25 AM'
Aug 23, 2019 8:59:47 AM com.sun.jersey.server.impl.application.WebApplicationImpl _initiate
INFO: Initiating Jersey application, version 'Jersey: 1.19 02/11/2015 03:25 AM'
]]></system-err>
  </testcase>
  <testcase name="testWatchForCommitForRetryfailure" classname="org.apache.hadoop.ozone.client.rpc.TestWatchForCommit" time="59.48"/>
  <testcase name="testWatchForCommitForGroupMismatchException" classname="org.apache.hadoop.ozone.client.rpc.TestWatchForCommit" time="34.697"/>
  <testcase name="test2WayCommitForTimeoutException" classname="org.apache.hadoop.ozone.client.rpc.TestWatchForCommit" time="44.554"/>
</testsuite>