<?xml version="1.0" encoding="UTF-8"?>
<testsuite xmlns:xsi="http://www.w3.org/2001/XMLSchema-instance" xsi:noNamespaceSchemaLocation="https://maven.apache.org/surefire/maven-surefire-plugin/xsd/surefire-test-report.xsd" name="org.apache.hadoop.ozone.client.rpc.Test2WayCommitInRatis" time="54.331" tests="1" errors="1" skipped="0" failures="0">
  <properties>
    <property name="awt.toolkit" value="sun.awt.X11.XToolkit"/>
    <property name="file.encoding.pkg" value="sun.io"/>
    <property name="java.specification.version" value="1.8"/>
    <property name="sun.cpu.isalist" value=""/>
    <property name="sun.jnu.encoding" value="UTF-8"/>
    <property name="java.class.path" value="/workdir/hadoop-ozone/integration-test/target/test-classes:/workdir/hadoop-ozone/integration-test/target/classes:/home/user/.m2/repository/org/apache/hadoop/hadoop-ozone-common/0.5.0-SNAPSHOT/hadoop-ozone-common-0.5.0-SNAPSHOT.jar:/home/user/.m2/repository/org/apache/commons/commons-compress/1.4.1/commons-compress-1.4.1.jar:/home/user/.m2/repository/org/tukaani/xz/1.0/xz-1.0.jar:/home/user/.m2/repository/org/apache/hadoop/hadoop-common/3.2.0/hadoop-common-3.2.0.jar:/home/user/.m2/repository/org/apache/hadoop/hadoop-hdfs/3.2.0/hadoop-hdfs-3.2.0.jar:/home/user/.m2/repository/org/apache/hadoop/hadoop-hdfs-client/3.2.0/hadoop-hdfs-client-3.2.0.jar:/home/user/.m2/repository/com/fasterxml/jackson/core/jackson-annotations/2.9.5/jackson-annotations-2.9.5.jar:/home/user/.m2/repository/org/apache/hadoop/hadoop-hdds-common/0.5.0-SNAPSHOT/hadoop-hdds-common-0.5.0-SNAPSHOT.jar:/home/user/.m2/repository/javax/annotation/javax.annotation-api/1.2/javax.annotation-api-1.2.jar:/home/user/.m2/repository/org/apache/ratis/ratis-server/0.4.0-2337318-SNAPSHOT/ratis-server-0.4.0-2337318-SNAPSHOT.jar:/home/user/.m2/repository/org/apache/ratis/ratis-thirdparty-misc/0.2.0/ratis-thirdparty-misc-0.2.0.jar:/home/user/.m2/repository/org/apache/ratis/ratis-proto/0.4.0-2337318-SNAPSHOT/ratis-proto-0.4.0-2337318-SNAPSHOT.jar:/home/user/.m2/repository/org/apache/ratis/ratis-common/0.4.0-2337318-SNAPSHOT/ratis-common-0.4.0-2337318-SNAPSHOT.jar:/home/user/.m2/repository/org/apache/ratis/ratis-client/0.4.0-2337318-SNAPSHOT/ratis-client-0.4.0-2337318-SNAPSHOT.jar:/home/user/.m2/repository/org/apache/ratis/ratis-metrics/0.4.0-2337318-SNAPSHOT/ratis-metrics-0.4.0-2337318-SNAPSHOT.jar:/home/user/.m2/repository/org/apache/ratis/ratis-netty/0.4.0-2337318-SNAPSHOT/ratis-netty-0.4.0-2337318-SNAPSHOT.jar:/home/user/.m2/repository/org/apache/ratis/ratis-grpc/0.4.0-2337318-SNAPSHOT/ratis-grpc-0.4.0-2337318-SNAPSHOT.jar:/home/user/.m2/repository/org/rocksdb/rocksdbjni/6.0.1/rocksdbjni-6.0.1.jar:/home/user/.m2/repository/org/apache/logging/log4j/log4j-api/2.11.0/log4j-api-2.11.0.jar:/home/user/.m2/repository/org/apache/logging/log4j/log4j-core/2.11.0/log4j-core-2.11.0.jar:/home/user/.m2/repository/com/lmax/disruptor/3.4.2/disruptor-3.4.2.jar:/home/user/.m2/repository/org/apache/commons/commons-pool2/2.6.0/commons-pool2-2.6.0.jar:/home/user/.m2/repository/org/bouncycastle/bcpkix-jdk15on/1.60/bcpkix-jdk15on-1.60.jar:/home/user/.m2/repository/commons-validator/commons-validator/1.6/commons-validator-1.6.jar:/home/user/.m2/repository/commons-digester/commons-digester/1.8.1/commons-digester-1.8.1.jar:/home/user/.m2/repository/io/jaegertracing/jaeger-client/0.33.1/jaeger-client-0.33.1.jar:/home/user/.m2/repository/io/jaegertracing/jaeger-thrift/0.33.1/jaeger-thrift-0.33.1.jar:/home/user/.m2/repository/org/apache/thrift/libthrift/0.11.0/libthrift-0.11.0.jar:/home/user/.m2/repository/com/squareup/okhttp3/okhttp/3.9.0/okhttp-3.9.0.jar:/home/user/.m2/repository/com/squareup/okio/okio/1.13.0/okio-1.13.0.jar:/home/user/.m2/repository/io/jaegertracing/jaeger-core/0.33.1/jaeger-core-0.33.1.jar:/home/user/.m2/repository/io/jaegertracing/jaeger-tracerresolver/0.33.1/jaeger-tracerresolver-0.33.1.jar:/home/user/.m2/repository/io/opentracing/contrib/opentracing-tracerresolver/0.1.5/opentracing-tracerresolver-0.1.5.jar:/home/user/.m2/repository/io/opentracing/opentracing-util/0.31.0/opentracing-util-0.31.0.jar:/home/user/.m2/repository/io/opentracing/opentracing-api/0.31.0/opentracing-api-0.31.0.jar:/home/user/.m2/repository/io/opentracing/opentracing-noop/0.31.0/opentracing-noop-0.31.0.jar:/home/user/.m2/repository/org/apache/hadoop/hadoop-hdds-server-framework/0.5.0-SNAPSHOT/hadoop-hdds-server-framework-0.5.0-SNAPSHOT.jar:/home/user/.m2/repository/org/apache/hadoop/hadoop-hdds-container-service/0.5.0-SNAPSHOT/hadoop-hdds-container-service-0.5.0-SNAPSHOT.jar:/home/user/.m2/repository/org/apache/hadoop/hadoop-hdds-client/0.5.0-SNAPSHOT/hadoop-hdds-client-0.5.0-SNAPSHOT.jar:/home/user/.m2/repository/org/apache/hadoop/hadoop-hdds-tools/0.5.0-SNAPSHOT/hadoop-hdds-tools-0.5.0-SNAPSHOT.jar:/home/user/.m2/repository/org/apache/hadoop/hadoop-hdds-server-scm/0.5.0-SNAPSHOT/hadoop-hdds-server-scm-0.5.0-SNAPSHOT.jar:/home/user/.m2/repository/org/apache/hadoop/hadoop-hdds-docs/0.5.0-SNAPSHOT/hadoop-hdds-docs-0.5.0-SNAPSHOT.jar:/home/user/.m2/repository/io/dropwizard/metrics/metrics-core/3.2.4/metrics-core-3.2.4.jar:/home/user/.m2/repository/org/hamcrest/hamcrest-all/1.3/hamcrest-all-1.3.jar:/home/user/.m2/repository/org/bouncycastle/bcprov-jdk15on/1.60/bcprov-jdk15on-1.60.jar:/home/user/.m2/repository/info/picocli/picocli/3.9.6/picocli-3.9.6.jar:/home/user/.m2/repository/com/google/protobuf/protobuf-java/2.5.0/protobuf-java-2.5.0.jar:/home/user/.m2/repository/com/google/guava/guava/11.0.2/guava-11.0.2.jar:/home/user/.m2/repository/org/apache/hadoop/hadoop-ozone-ozone-manager/0.5.0-SNAPSHOT/hadoop-ozone-ozone-manager-0.5.0-SNAPSHOT.jar:/home/user/.m2/repository/org/apache/hadoop/hadoop-minikdc/3.2.0/hadoop-minikdc-3.2.0.jar:/home/user/.m2/repository/commons-io/commons-io/2.5/commons-io-2.5.jar:/home/user/.m2/repository/org/apache/kerby/kerb-simplekdc/1.0.1/kerb-simplekdc-1.0.1.jar:/home/user/.m2/repository/org/apache/kerby/kerb-client/1.0.1/kerb-client-1.0.1.jar:/home/user/.m2/repository/org/apache/kerby/kerby-config/1.0.1/kerby-config-1.0.1.jar:/home/user/.m2/repository/org/apache/kerby/kerb-core/1.0.1/kerb-core-1.0.1.jar:/home/user/.m2/repository/org/apache/kerby/kerby-pkix/1.0.1/kerby-pkix-1.0.1.jar:/home/user/.m2/repository/org/apache/kerby/kerby-asn1/1.0.1/kerby-asn1-1.0.1.jar:/home/user/.m2/repository/org/apache/kerby/kerby-util/1.0.1/kerby-util-1.0.1.jar:/home/user/.m2/repository/org/apache/kerby/kerb-common/1.0.1/kerb-common-1.0.1.jar:/home/user/.m2/repository/org/apache/kerby/kerb-crypto/1.0.1/kerb-crypto-1.0.1.jar:/home/user/.m2/repository/org/apache/kerby/kerb-util/1.0.1/kerb-util-1.0.1.jar:/home/user/.m2/repository/org/apache/kerby/token-provider/1.0.1/token-provider-1.0.1.jar:/home/user/.m2/repository/org/apache/kerby/kerb-admin/1.0.1/kerb-admin-1.0.1.jar:/home/user/.m2/repository/org/apache/kerby/kerb-server/1.0.1/kerb-server-1.0.1.jar:/home/user/.m2/repository/org/apache/kerby/kerb-identity/1.0.1/kerb-identity-1.0.1.jar:/home/user/.m2/repository/org/apache/kerby/kerby-xdr/1.0.1/kerby-xdr-1.0.1.jar:/home/user/.m2/repository/org/slf4j/slf4j-log4j12/1.7.25/slf4j-log4j12-1.7.25.jar:/home/user/.m2/repository/org/apache/hadoop/hadoop-ozone-objectstore-service/0.5.0-SNAPSHOT/hadoop-ozone-objectstore-service-0.5.0-SNAPSHOT.jar:/home/user/.m2/repository/org/apache/hadoop/hadoop-ozone-s3gateway/0.5.0-SNAPSHOT/hadoop-ozone-s3gateway-0.5.0-SNAPSHOT.jar:/home/user/.m2/repository/org/jboss/weld/servlet/weld-servlet/2.4.7.Final/weld-servlet-2.4.7.Final.jar:/home/user/.m2/repository/org/glassfish/jersey/containers/jersey-container-servlet-core/2.27/jersey-container-servlet-core-2.27.jar:/home/user/.m2/repository/org/glassfish/hk2/external/javax.inject/2.5.0-b42/javax.inject-2.5.0-b42.jar:/home/user/.m2/repository/org/glassfish/jersey/core/jersey-common/2.27/jersey-common-2.27.jar:/home/user/.m2/repository/org/glassfish/hk2/osgi-resource-locator/1.0.1/osgi-resource-locator-1.0.1.jar:/home/user/.m2/repository/javax/ws/rs/javax.ws.rs-api/2.1/javax.ws.rs-api-2.1.jar:/home/user/.m2/repository/org/glassfish/jersey/ext/cdi/jersey-cdi1x/2.27/jersey-cdi1x-2.27.jar:/home/user/.m2/repository/org/glassfish/jersey/inject/jersey-hk2/2.27/jersey-hk2-2.27.jar:/home/user/.m2/repository/org/glassfish/hk2/hk2-locator/2.5.0-b42/hk2-locator-2.5.0-b42.jar:/home/user/.m2/repository/org/javassist/javassist/3.22.0-CR2/javassist-3.22.0-CR2.jar:/home/user/.m2/repository/org/glassfish/hk2/hk2-api/2.5.0/hk2-api-2.5.0.jar:/home/user/.m2/repository/org/glassfish/hk2/external/jakarta.inject/2.5.0/jakarta.inject-2.5.0.jar:/home/user/.m2/repository/org/glassfish/hk2/hk2-utils/2.5.0/hk2-utils-2.5.0.jar:/home/user/.m2/repository/jakarta/annotation/jakarta.annotation-api/1.3.4/jakarta.annotation-api-1.3.4.jar:/home/user/.m2/repository/org/glassfish/hk2/external/aopalliance-repackaged/2.5.0/aopalliance-repackaged-2.5.0.jar:/home/user/.m2/repository/com/fasterxml/jackson/dataformat/jackson-dataformat-xml/2.9.0/jackson-dataformat-xml-2.9.0.jar:/home/user/.m2/repository/com/fasterxml/jackson/core/jackson-core/2.9.5/jackson-core-2.9.5.jar:/home/user/.m2/repository/com/fasterxml/jackson/module/jackson-module-jaxb-annotations/2.9.5/jackson-module-jaxb-annotations-2.9.5.jar:/home/user/.m2/repository/javax/enterprise/cdi-api/1.2/cdi-api-1.2.jar:/home/user/.m2/repository/javax/el/javax.el-api/3.0.0/javax.el-api-3.0.0.jar:/home/user/.m2/repository/javax/interceptor/javax.interceptor-api/1.2/javax.interceptor-api-1.2.jar:/home/user/.m2/repository/javax/inject/javax.inject/1/javax.inject-1.jar:/home/user/.m2/repository/com/sun/xml/bind/jaxb-impl/2.3.0.1/jaxb-impl-2.3.0.1.jar:/home/user/.m2/repository/com/sun/xml/bind/jaxb-core/2.3.0.1/jaxb-core-2.3.0.1.jar:/home/user/.m2/repository/javax/xml/bind/jaxb-api/2.3.0/jaxb-api-2.3.0.jar:/home/user/.m2/repository/javax/activation/activation/1.1.1/activation-1.1.1.jar:/home/user/.m2/repository/org/apache/hadoop/hadoop-ozone-csi/0.5.0-SNAPSHOT/hadoop-ozone-csi-0.5.0-SNAPSHOT.jar:/home/user/.m2/repository/com/google/protobuf/protobuf-java-util/3.5.1/protobuf-java-util-3.5.1.jar:/home/user/.m2/repository/org/apache/hadoop/hadoop-hdds-config/0.5.0-SNAPSHOT/hadoop-hdds-config-0.5.0-SNAPSHOT.jar:/home/user/.m2/repository/io/grpc/grpc-netty/1.17.1/grpc-netty-1.17.1.jar:/home/user/.m2/repository/io/grpc/grpc-core/1.17.1/grpc-core-1.17.1.jar:/home/user/.m2/repository/io/grpc/grpc-context/1.17.1/grpc-context-1.17.1.jar:/home/user/.m2/repository/com/google/errorprone/error_prone_annotations/2.2.0/error_prone_annotations-2.2.0.jar:/home/user/.m2/repository/org/codehaus/mojo/animal-sniffer-annotations/1.17/animal-sniffer-annotations-1.17.jar:/home/user/.m2/repository/io/opencensus/opencensus-api/0.17.0/opencensus-api-0.17.0.jar:/home/user/.m2/repository/io/opencensus/opencensus-contrib-grpc-metrics/0.17.0/opencensus-contrib-grpc-metrics-0.17.0.jar:/home/user/.m2/repository/io/netty/netty-codec-http2/4.1.30.Final/netty-codec-http2-4.1.30.Final.jar:/home/user/.m2/repository/io/netty/netty-codec-http/4.1.30.Final/netty-codec-http-4.1.30.Final.jar:/home/user/.m2/repository/io/netty/netty-codec/4.1.30.Final/netty-codec-4.1.30.Final.jar:/home/user/.m2/repository/io/netty/netty-handler/4.1.30.Final/netty-handler-4.1.30.Final.jar:/home/user/.m2/repository/io/netty/netty-handler-proxy/4.1.30.Final/netty-handler-proxy-4.1.30.Final.jar:/home/user/.m2/repository/io/netty/netty-codec-socks/4.1.30.Final/netty-codec-socks-4.1.30.Final.jar:/home/user/.m2/repository/io/netty/netty-transport-native-epoll/4.1.30.Final/netty-transport-native-epoll-4.1.30.Final.jar:/home/user/.m2/repository/io/netty/netty-common/4.1.30.Final/netty-common-4.1.30.Final.jar:/home/user/.m2/repository/io/netty/netty-buffer/4.1.30.Final/netty-buffer-4.1.30.Final.jar:/home/user/.m2/repository/io/netty/netty-transport/4.1.30.Final/netty-transport-4.1.30.Final.jar:/home/user/.m2/repository/io/netty/netty-resolver/4.1.30.Final/netty-resolver-4.1.30.Final.jar:/home/user/.m2/repository/io/netty/netty-transport-native-unix-common/4.1.30.Final/netty-transport-native-unix-common-4.1.30.Final.jar:/home/user/.m2/repository/io/grpc/grpc-protobuf/1.17.1/grpc-protobuf-1.17.1.jar:/home/user/.m2/repository/com/google/api/grpc/proto-google-common-protos/1.0.0/proto-google-common-protos-1.0.0.jar:/home/user/.m2/repository/io/grpc/grpc-protobuf-lite/1.17.1/grpc-protobuf-lite-1.17.1.jar:/home/user/.m2/repository/io/grpc/grpc-stub/1.17.1/grpc-stub-1.17.1.jar:/home/user/.m2/repository/org/apache/hadoop/hadoop-ozone-recon/0.5.0-SNAPSHOT/hadoop-ozone-recon-0.5.0-SNAPSHOT.jar:/home/user/.m2/repository/org/apache/hadoop/hadoop-ozone-reconcodegen/0.5.0-SNAPSHOT/hadoop-ozone-reconcodegen-0.5.0-SNAPSHOT.jar:/home/user/.m2/repository/com/google/inject/extensions/guice-multibindings/4.0/guice-multibindings-4.0.jar:/home/user/.m2/repository/com/google/inject/guice/4.0/guice-4.0.jar:/home/user/.m2/repository/aopalliance/aopalliance/1.0/aopalliance-1.0.jar:/home/user/.m2/repository/com/google/inject/extensions/guice-servlet/4.0/guice-servlet-4.0.jar:/home/user/.m2/repository/org/glassfish/jersey/containers/jersey-container-servlet/2.27/jersey-container-servlet-2.27.jar:/home/user/.m2/repository/org/glassfish/hk2/guice-bridge/2.5.0/guice-bridge-2.5.0.jar:/home/user/.m2/repository/org/glassfish/jersey/core/jersey-server/2.27/jersey-server-2.27.jar:/home/user/.m2/repository/org/glassfish/jersey/core/jersey-client/2.27/jersey-client-2.27.jar:/home/user/.m2/repository/org/glassfish/jersey/media/jersey-media-jaxb/2.27/jersey-media-jaxb-2.27.jar:/home/user/.m2/repository/javax/validation/validation-api/1.1.0.Final/validation-api-1.1.0.Final.jar:/home/user/.m2/repository/org/glassfish/jersey/media/jersey-media-json-jackson/2.27/jersey-media-json-jackson-2.27.jar:/home/user/.m2/repository/org/glassfish/jersey/ext/jersey-entity-filtering/2.27/jersey-entity-filtering-2.27.jar:/home/user/.m2/repository/com/google/inject/extensions/guice-assistedinject/4.0/guice-assistedinject-4.0.jar:/home/user/.m2/repository/org/jooq/jooq/3.11.10/jooq-3.11.10.jar:/home/user/.m2/repository/org/jooq/jooq-meta/3.11.10/jooq-meta-3.11.10.jar:/home/user/.m2/repository/org/jooq/jooq-codegen/3.11.10/jooq-codegen-3.11.10.jar:/home/user/.m2/repository/com/jolbox/bonecp/0.8.0.RELEASE/bonecp-0.8.0.RELEASE.jar:/home/user/.m2/repository/org/xerial/sqlite-jdbc/3.25.2/sqlite-jdbc-3.25.2.jar:/home/user/.m2/repository/org/springframework/spring-jdbc/5.1.3.RELEASE/spring-jdbc-5.1.3.RELEASE.jar:/home/user/.m2/repository/org/springframework/spring-beans/5.1.3.RELEASE/spring-beans-5.1.3.RELEASE.jar:/home/user/.m2/repository/org/springframework/spring-core/5.1.3.RELEASE/spring-core-5.1.3.RELEASE.jar:/home/user/.m2/repository/org/springframework/spring-jcl/5.1.3.RELEASE/spring-jcl-5.1.3.RELEASE.jar:/home/user/.m2/repository/org/springframework/spring-tx/5.1.3.RELEASE/spring-tx-5.1.3.RELEASE.jar:/home/user/.m2/repository/org/apache/hadoop/hadoop-ozone-client/0.5.0-SNAPSHOT/hadoop-ozone-client-0.5.0-SNAPSHOT.jar:/home/user/.m2/repository/commons-lang/commons-lang/2.6/commons-lang-2.6.jar:/home/user/.m2/repository/org/apache/hadoop/hadoop-ozone-ozone-manager/0.5.0-SNAPSHOT/hadoop-ozone-ozone-manager-0.5.0-SNAPSHOT-tests.jar:/home/user/.m2/repository/junit/junit/4.11/junit-4.11.jar:/home/user/.m2/repository/org/hamcrest/hamcrest-core/1.3/hamcrest-core-1.3.jar:/home/user/.m2/repository/org/openjdk/jmh/jmh-core/1.19/jmh-core-1.19.jar:/home/user/.m2/repository/net/sf/jopt-simple/jopt-simple/4.6/jopt-simple-4.6.jar:/home/user/.m2/repository/org/apache/commons/commons-math3/3.1.1/commons-math3-3.1.1.jar:/home/user/.m2/repository/org/openjdk/jmh/jmh-generator-annprocess/1.19/jmh-generator-annprocess-1.19.jar:/home/user/.m2/repository/org/mockito/mockito-all/1.8.5/mockito-all-1.8.5.jar:/home/user/.m2/repository/org/apache/hadoop/hadoop-kms/3.2.0/hadoop-kms-3.2.0.jar:/home/user/.m2/repository/org/apache/hadoop/hadoop-auth/3.2.0/hadoop-auth-3.2.0.jar:/home/user/.m2/repository/com/nimbusds/nimbus-jose-jwt/4.41.1/nimbus-jose-jwt-4.41.1.jar:/home/user/.m2/repository/com/github/stephenc/jcip/jcip-annotations/1.0-1/jcip-annotations-1.0-1.jar:/home/user/.m2/repository/net/minidev/json-smart/2.3/json-smart-2.3.jar:/home/user/.m2/repository/net/minidev/accessors-smart/1.2/accessors-smart-1.2.jar:/home/user/.m2/repository/org/ow2/asm/asm/5.0.4/asm-5.0.4.jar:/home/user/.m2/repository/org/apache/curator/curator-framework/2.12.0/curator-framework-2.12.0.jar:/home/user/.m2/repository/com/sun/jersey/jersey-core/1.19/jersey-core-1.19.jar:/home/user/.m2/repository/javax/ws/rs/jsr311-api/1.1.1/jsr311-api-1.1.1.jar:/home/user/.m2/repository/com/sun/jersey/jersey-server/1.19/jersey-server-1.19.jar:/home/user/.m2/repository/javax/servlet/javax.servlet-api/3.1.0/javax.servlet-api-3.1.0.jar:/home/user/.m2/repository/org/eclipse/jetty/jetty-server/9.3.24.v20180605/jetty-server-9.3.24.v20180605.jar:/home/user/.m2/repository/org/eclipse/jetty/jetty-http/9.3.24.v20180605/jetty-http-9.3.24.v20180605.jar:/home/user/.m2/repository/org/eclipse/jetty/jetty-io/9.3.24.v20180605/jetty-io-9.3.24.v20180605.jar:/home/user/.m2/repository/org/eclipse/jetty/jetty-webapp/9.3.24.v20180605/jetty-webapp-9.3.24.v20180605.jar:/home/user/.m2/repository/org/eclipse/jetty/jetty-xml/9.3.24.v20180605/jetty-xml-9.3.24.v20180605.jar:/home/user/.m2/repository/log4j/log4j/1.2.17/log4j-1.2.17.jar:/home/user/.m2/repository/org/slf4j/slf4j-api/1.7.25/slf4j-api-1.7.25.jar:/home/user/.m2/repository/org/slf4j/jul-to-slf4j/1.7.25/jul-to-slf4j-1.7.25.jar:/home/user/.m2/repository/org/eclipse/jetty/jetty-util/9.3.24.v20180605/jetty-util-9.3.24.v20180605.jar:/home/user/.m2/repository/com/fasterxml/jackson/core/jackson-databind/2.9.5/jackson-databind-2.9.5.jar:/home/user/.m2/repository/org/apache/hadoop/hadoop-kms/3.2.0/hadoop-kms-3.2.0-tests.jar:/home/user/.m2/repository/org/apache/hadoop/hadoop-hdds-server-scm/0.5.0-SNAPSHOT/hadoop-hdds-server-scm-0.5.0-SNAPSHOT-tests.jar:/home/user/.m2/repository/org/apache/hadoop/hadoop-hdds-container-service/0.5.0-SNAPSHOT/hadoop-hdds-container-service-0.5.0-SNAPSHOT-tests.jar:/home/user/.m2/repository/org/yaml/snakeyaml/1.16/snakeyaml-1.16.jar:/home/user/.m2/repository/org/apache/hadoop/hadoop-common/3.2.0/hadoop-common-3.2.0-tests.jar:/home/user/.m2/repository/org/apache/hadoop/hadoop-annotations/3.2.0/hadoop-annotations-3.2.0.jar:/usr/lib/jvm/java-1.8-openjdk/jre/../lib/tools.jar:/home/user/.m2/repository/commons-cli/commons-cli/1.2/commons-cli-1.2.jar:/home/user/.m2/repository/org/apache/httpcomponents/httpclient/4.5.2/httpclient-4.5.2.jar:/home/user/.m2/repository/org/apache/httpcomponents/httpcore/4.4.4/httpcore-4.4.4.jar:/home/user/.m2/repository/commons-codec/commons-codec/1.11/commons-codec-1.11.jar:/home/user/.m2/repository/commons-net/commons-net/3.6/commons-net-3.6.jar:/home/user/.m2/repository/commons-collections/commons-collections/3.2.2/commons-collections-3.2.2.jar:/home/user/.m2/repository/org/eclipse/jetty/jetty-servlet/9.3.24.v20180605/jetty-servlet-9.3.24.v20180605.jar:/home/user/.m2/repository/org/eclipse/jetty/jetty-security/9.3.24.v20180605/jetty-security-9.3.24.v20180605.jar:/home/user/.m2/repository/javax/servlet/jsp/jsp-api/2.1/jsp-api-2.1.jar:/home/user/.m2/repository/com/sun/jersey/jersey-servlet/1.19/jersey-servlet-1.19.jar:/home/user/.m2/repository/com/sun/jersey/jersey-json/1.19/jersey-json-1.19.jar:/home/user/.m2/repository/org/codehaus/jettison/jettison/1.1/jettison-1.1.jar:/home/user/.m2/repository/org/codehaus/jackson/jackson-core-asl/1.9.13/jackson-core-asl-1.9.13.jar:/home/user/.m2/repository/org/codehaus/jackson/jackson-mapper-asl/1.9.13/jackson-mapper-asl-1.9.13.jar:/home/user/.m2/repository/org/codehaus/jackson/jackson-jaxrs/1.9.13/jackson-jaxrs-1.9.13.jar:/home/user/.m2/repository/org/codehaus/jackson/jackson-xc/1.9.13/jackson-xc-1.9.13.jar:/home/user/.m2/repository/commons-logging/commons-logging/1.1.3/commons-logging-1.1.3.jar:/home/user/.m2/repository/commons-beanutils/commons-beanutils/1.9.3/commons-beanutils-1.9.3.jar:/home/user/.m2/repository/org/apache/commons/commons-configuration2/2.1.1/commons-configuration2-2.1.1.jar:/home/user/.m2/repository/org/apache/commons/commons-lang3/3.7/commons-lang3-3.7.jar:/home/user/.m2/repository/org/apache/commons/commons-text/1.4/commons-text-1.4.jar:/home/user/.m2/repository/org/apache/avro/avro/1.7.7/avro-1.7.7.jar:/home/user/.m2/repository/com/thoughtworks/paranamer/paranamer/2.3/paranamer-2.3.jar:/home/user/.m2/repository/org/xerial/snappy/snappy-java/1.0.5/snappy-java-1.0.5.jar:/home/user/.m2/repository/com/google/re2j/re2j/1.1/re2j-1.1.jar:/home/user/.m2/repository/com/google/code/gson/gson/2.2.4/gson-2.2.4.jar:/home/user/.m2/repository/com/jcraft/jsch/0.1.54/jsch-0.1.54.jar:/home/user/.m2/repository/org/apache/curator/curator-client/2.12.0/curator-client-2.12.0.jar:/home/user/.m2/repository/org/apache/curator/curator-recipes/2.12.0/curator-recipes-2.12.0.jar:/home/user/.m2/repository/com/google/code/findbugs/jsr305/3.0.0/jsr305-3.0.0.jar:/home/user/.m2/repository/org/apache/htrace/htrace-core4/4.1.0-incubating/htrace-core4-4.1.0-incubating.jar:/home/user/.m2/repository/org/apache/zookeeper/zookeeper/3.4.13/zookeeper-3.4.13.jar:/home/user/.m2/repository/org/apache/yetus/audience-annotations/0.5.0/audience-annotations-0.5.0.jar:/home/user/.m2/repository/org/codehaus/woodstox/stax2-api/3.1.4/stax2-api-3.1.4.jar:/home/user/.m2/repository/com/fasterxml/woodstox/woodstox-core/5.0.3/woodstox-core-5.0.3.jar:/home/user/.m2/repository/dnsjava/dnsjava/2.1.7/dnsjava-2.1.7.jar:/home/user/.m2/repository/org/apache/hadoop/hadoop-hdfs/3.2.0/hadoop-hdfs-3.2.0-tests.jar:/home/user/.m2/repository/org/eclipse/jetty/jetty-util-ajax/9.3.24.v20180605/jetty-util-ajax-9.3.24.v20180605.jar:/home/user/.m2/repository/commons-daemon/commons-daemon/1.0.13/commons-daemon-1.0.13.jar:/home/user/.m2/repository/io/netty/netty/3.10.5.Final/netty-3.10.5.Final.jar:/home/user/.m2/repository/io/netty/netty-all/4.0.52.Final/netty-all-4.0.52.Final.jar:/home/user/.m2/repository/org/fusesource/leveldbjni/leveldbjni-all/1.8/leveldbjni-all-1.8.jar:"/>
    <property name="java.vm.vendor" value="IcedTea"/>
    <property name="sun.arch.data.model" value="64"/>
    <property name="test.build.dir" value="/workdir/hadoop-ozone/integration-test/target/test-dir"/>
    <property name="test.cache.data" value=""/>
    <property name="java.vendor.url" value="https://icedtea.classpath.org"/>
    <property name="user.timezone" value=""/>
    <property name="java.vm.specification.version" value="1.8"/>
    <property name="os.name" value="Linux"/>
    <property name="test.build.data" value="/workdir/hadoop-ozone/integration-test/target/test-dir"/>
    <property name="user.country" value="US"/>
    <property name="sun.java.launcher" value="SUN_STANDARD"/>
    <property name="sun.boot.library.path" value="/usr/lib/jvm/java-1.8-openjdk/jre/lib/amd64"/>
    <property name="sun.java.command" value="/workdir/hadoop-ozone/integration-test/target/surefire/surefirebooter3567708498361382748.jar /workdir/hadoop-ozone/integration-test/target/surefire 2019-08-23T08-31-36_134-jvmRun1 surefire8620393040520595645tmp surefire_159204601655117538392tmp"/>
    <property name="test" value="!TestMiniChaosOzoneCluster"/>
    <property name="surefire.test.class.path" value="/workdir/hadoop-ozone/integration-test/target/test-classes:/workdir/hadoop-ozone/integration-test/target/classes:/home/user/.m2/repository/org/apache/hadoop/hadoop-ozone-common/0.5.0-SNAPSHOT/hadoop-ozone-common-0.5.0-SNAPSHOT.jar:/home/user/.m2/repository/org/apache/commons/commons-compress/1.4.1/commons-compress-1.4.1.jar:/home/user/.m2/repository/org/tukaani/xz/1.0/xz-1.0.jar:/home/user/.m2/repository/org/apache/hadoop/hadoop-common/3.2.0/hadoop-common-3.2.0.jar:/home/user/.m2/repository/org/apache/hadoop/hadoop-hdfs/3.2.0/hadoop-hdfs-3.2.0.jar:/home/user/.m2/repository/org/apache/hadoop/hadoop-hdfs-client/3.2.0/hadoop-hdfs-client-3.2.0.jar:/home/user/.m2/repository/com/fasterxml/jackson/core/jackson-annotations/2.9.5/jackson-annotations-2.9.5.jar:/home/user/.m2/repository/org/apache/hadoop/hadoop-hdds-common/0.5.0-SNAPSHOT/hadoop-hdds-common-0.5.0-SNAPSHOT.jar:/home/user/.m2/repository/javax/annotation/javax.annotation-api/1.2/javax.annotation-api-1.2.jar:/home/user/.m2/repository/org/apache/ratis/ratis-server/0.4.0-2337318-SNAPSHOT/ratis-server-0.4.0-2337318-SNAPSHOT.jar:/home/user/.m2/repository/org/apache/ratis/ratis-thirdparty-misc/0.2.0/ratis-thirdparty-misc-0.2.0.jar:/home/user/.m2/repository/org/apache/ratis/ratis-proto/0.4.0-2337318-SNAPSHOT/ratis-proto-0.4.0-2337318-SNAPSHOT.jar:/home/user/.m2/repository/org/apache/ratis/ratis-common/0.4.0-2337318-SNAPSHOT/ratis-common-0.4.0-2337318-SNAPSHOT.jar:/home/user/.m2/repository/org/apache/ratis/ratis-client/0.4.0-2337318-SNAPSHOT/ratis-client-0.4.0-2337318-SNAPSHOT.jar:/home/user/.m2/repository/org/apache/ratis/ratis-metrics/0.4.0-2337318-SNAPSHOT/ratis-metrics-0.4.0-2337318-SNAPSHOT.jar:/home/user/.m2/repository/org/apache/ratis/ratis-netty/0.4.0-2337318-SNAPSHOT/ratis-netty-0.4.0-2337318-SNAPSHOT.jar:/home/user/.m2/repository/org/apache/ratis/ratis-grpc/0.4.0-2337318-SNAPSHOT/ratis-grpc-0.4.0-2337318-SNAPSHOT.jar:/home/user/.m2/repository/org/rocksdb/rocksdbjni/6.0.1/rocksdbjni-6.0.1.jar:/home/user/.m2/repository/org/apache/logging/log4j/log4j-api/2.11.0/log4j-api-2.11.0.jar:/home/user/.m2/repository/org/apache/logging/log4j/log4j-core/2.11.0/log4j-core-2.11.0.jar:/home/user/.m2/repository/com/lmax/disruptor/3.4.2/disruptor-3.4.2.jar:/home/user/.m2/repository/org/apache/commons/commons-pool2/2.6.0/commons-pool2-2.6.0.jar:/home/user/.m2/repository/org/bouncycastle/bcpkix-jdk15on/1.60/bcpkix-jdk15on-1.60.jar:/home/user/.m2/repository/commons-validator/commons-validator/1.6/commons-validator-1.6.jar:/home/user/.m2/repository/commons-digester/commons-digester/1.8.1/commons-digester-1.8.1.jar:/home/user/.m2/repository/io/jaegertracing/jaeger-client/0.33.1/jaeger-client-0.33.1.jar:/home/user/.m2/repository/io/jaegertracing/jaeger-thrift/0.33.1/jaeger-thrift-0.33.1.jar:/home/user/.m2/repository/org/apache/thrift/libthrift/0.11.0/libthrift-0.11.0.jar:/home/user/.m2/repository/com/squareup/okhttp3/okhttp/3.9.0/okhttp-3.9.0.jar:/home/user/.m2/repository/com/squareup/okio/okio/1.13.0/okio-1.13.0.jar:/home/user/.m2/repository/io/jaegertracing/jaeger-core/0.33.1/jaeger-core-0.33.1.jar:/home/user/.m2/repository/io/jaegertracing/jaeger-tracerresolver/0.33.1/jaeger-tracerresolver-0.33.1.jar:/home/user/.m2/repository/io/opentracing/contrib/opentracing-tracerresolver/0.1.5/opentracing-tracerresolver-0.1.5.jar:/home/user/.m2/repository/io/opentracing/opentracing-util/0.31.0/opentracing-util-0.31.0.jar:/home/user/.m2/repository/io/opentracing/opentracing-api/0.31.0/opentracing-api-0.31.0.jar:/home/user/.m2/repository/io/opentracing/opentracing-noop/0.31.0/opentracing-noop-0.31.0.jar:/home/user/.m2/repository/org/apache/hadoop/hadoop-hdds-server-framework/0.5.0-SNAPSHOT/hadoop-hdds-server-framework-0.5.0-SNAPSHOT.jar:/home/user/.m2/repository/org/apache/hadoop/hadoop-hdds-container-service/0.5.0-SNAPSHOT/hadoop-hdds-container-service-0.5.0-SNAPSHOT.jar:/home/user/.m2/repository/org/apache/hadoop/hadoop-hdds-client/0.5.0-SNAPSHOT/hadoop-hdds-client-0.5.0-SNAPSHOT.jar:/home/user/.m2/repository/org/apache/hadoop/hadoop-hdds-tools/0.5.0-SNAPSHOT/hadoop-hdds-tools-0.5.0-SNAPSHOT.jar:/home/user/.m2/repository/org/apache/hadoop/hadoop-hdds-server-scm/0.5.0-SNAPSHOT/hadoop-hdds-server-scm-0.5.0-SNAPSHOT.jar:/home/user/.m2/repository/org/apache/hadoop/hadoop-hdds-docs/0.5.0-SNAPSHOT/hadoop-hdds-docs-0.5.0-SNAPSHOT.jar:/home/user/.m2/repository/io/dropwizard/metrics/metrics-core/3.2.4/metrics-core-3.2.4.jar:/home/user/.m2/repository/org/hamcrest/hamcrest-all/1.3/hamcrest-all-1.3.jar:/home/user/.m2/repository/org/bouncycastle/bcprov-jdk15on/1.60/bcprov-jdk15on-1.60.jar:/home/user/.m2/repository/info/picocli/picocli/3.9.6/picocli-3.9.6.jar:/home/user/.m2/repository/com/google/protobuf/protobuf-java/2.5.0/protobuf-java-2.5.0.jar:/home/user/.m2/repository/com/google/guava/guava/11.0.2/guava-11.0.2.jar:/home/user/.m2/repository/org/apache/hadoop/hadoop-ozone-ozone-manager/0.5.0-SNAPSHOT/hadoop-ozone-ozone-manager-0.5.0-SNAPSHOT.jar:/home/user/.m2/repository/org/apache/hadoop/hadoop-minikdc/3.2.0/hadoop-minikdc-3.2.0.jar:/home/user/.m2/repository/commons-io/commons-io/2.5/commons-io-2.5.jar:/home/user/.m2/repository/org/apache/kerby/kerb-simplekdc/1.0.1/kerb-simplekdc-1.0.1.jar:/home/user/.m2/repository/org/apache/kerby/kerb-client/1.0.1/kerb-client-1.0.1.jar:/home/user/.m2/repository/org/apache/kerby/kerby-config/1.0.1/kerby-config-1.0.1.jar:/home/user/.m2/repository/org/apache/kerby/kerb-core/1.0.1/kerb-core-1.0.1.jar:/home/user/.m2/repository/org/apache/kerby/kerby-pkix/1.0.1/kerby-pkix-1.0.1.jar:/home/user/.m2/repository/org/apache/kerby/kerby-asn1/1.0.1/kerby-asn1-1.0.1.jar:/home/user/.m2/repository/org/apache/kerby/kerby-util/1.0.1/kerby-util-1.0.1.jar:/home/user/.m2/repository/org/apache/kerby/kerb-common/1.0.1/kerb-common-1.0.1.jar:/home/user/.m2/repository/org/apache/kerby/kerb-crypto/1.0.1/kerb-crypto-1.0.1.jar:/home/user/.m2/repository/org/apache/kerby/kerb-util/1.0.1/kerb-util-1.0.1.jar:/home/user/.m2/repository/org/apache/kerby/token-provider/1.0.1/token-provider-1.0.1.jar:/home/user/.m2/repository/org/apache/kerby/kerb-admin/1.0.1/kerb-admin-1.0.1.jar:/home/user/.m2/repository/org/apache/kerby/kerb-server/1.0.1/kerb-server-1.0.1.jar:/home/user/.m2/repository/org/apache/kerby/kerb-identity/1.0.1/kerb-identity-1.0.1.jar:/home/user/.m2/repository/org/apache/kerby/kerby-xdr/1.0.1/kerby-xdr-1.0.1.jar:/home/user/.m2/repository/org/slf4j/slf4j-log4j12/1.7.25/slf4j-log4j12-1.7.25.jar:/home/user/.m2/repository/org/apache/hadoop/hadoop-ozone-objectstore-service/0.5.0-SNAPSHOT/hadoop-ozone-objectstore-service-0.5.0-SNAPSHOT.jar:/home/user/.m2/repository/org/apache/hadoop/hadoop-ozone-s3gateway/0.5.0-SNAPSHOT/hadoop-ozone-s3gateway-0.5.0-SNAPSHOT.jar:/home/user/.m2/repository/org/jboss/weld/servlet/weld-servlet/2.4.7.Final/weld-servlet-2.4.7.Final.jar:/home/user/.m2/repository/org/glassfish/jersey/containers/jersey-container-servlet-core/2.27/jersey-container-servlet-core-2.27.jar:/home/user/.m2/repository/org/glassfish/hk2/external/javax.inject/2.5.0-b42/javax.inject-2.5.0-b42.jar:/home/user/.m2/repository/org/glassfish/jersey/core/jersey-common/2.27/jersey-common-2.27.jar:/home/user/.m2/repository/org/glassfish/hk2/osgi-resource-locator/1.0.1/osgi-resource-locator-1.0.1.jar:/home/user/.m2/repository/javax/ws/rs/javax.ws.rs-api/2.1/javax.ws.rs-api-2.1.jar:/home/user/.m2/repository/org/glassfish/jersey/ext/cdi/jersey-cdi1x/2.27/jersey-cdi1x-2.27.jar:/home/user/.m2/repository/org/glassfish/jersey/inject/jersey-hk2/2.27/jersey-hk2-2.27.jar:/home/user/.m2/repository/org/glassfish/hk2/hk2-locator/2.5.0-b42/hk2-locator-2.5.0-b42.jar:/home/user/.m2/repository/org/javassist/javassist/3.22.0-CR2/javassist-3.22.0-CR2.jar:/home/user/.m2/repository/org/glassfish/hk2/hk2-api/2.5.0/hk2-api-2.5.0.jar:/home/user/.m2/repository/org/glassfish/hk2/external/jakarta.inject/2.5.0/jakarta.inject-2.5.0.jar:/home/user/.m2/repository/org/glassfish/hk2/hk2-utils/2.5.0/hk2-utils-2.5.0.jar:/home/user/.m2/repository/jakarta/annotation/jakarta.annotation-api/1.3.4/jakarta.annotation-api-1.3.4.jar:/home/user/.m2/repository/org/glassfish/hk2/external/aopalliance-repackaged/2.5.0/aopalliance-repackaged-2.5.0.jar:/home/user/.m2/repository/com/fasterxml/jackson/dataformat/jackson-dataformat-xml/2.9.0/jackson-dataformat-xml-2.9.0.jar:/home/user/.m2/repository/com/fasterxml/jackson/core/jackson-core/2.9.5/jackson-core-2.9.5.jar:/home/user/.m2/repository/com/fasterxml/jackson/module/jackson-module-jaxb-annotations/2.9.5/jackson-module-jaxb-annotations-2.9.5.jar:/home/user/.m2/repository/javax/enterprise/cdi-api/1.2/cdi-api-1.2.jar:/home/user/.m2/repository/javax/el/javax.el-api/3.0.0/javax.el-api-3.0.0.jar:/home/user/.m2/repository/javax/interceptor/javax.interceptor-api/1.2/javax.interceptor-api-1.2.jar:/home/user/.m2/repository/javax/inject/javax.inject/1/javax.inject-1.jar:/home/user/.m2/repository/com/sun/xml/bind/jaxb-impl/2.3.0.1/jaxb-impl-2.3.0.1.jar:/home/user/.m2/repository/com/sun/xml/bind/jaxb-core/2.3.0.1/jaxb-core-2.3.0.1.jar:/home/user/.m2/repository/javax/xml/bind/jaxb-api/2.3.0/jaxb-api-2.3.0.jar:/home/user/.m2/repository/javax/activation/activation/1.1.1/activation-1.1.1.jar:/home/user/.m2/repository/org/apache/hadoop/hadoop-ozone-csi/0.5.0-SNAPSHOT/hadoop-ozone-csi-0.5.0-SNAPSHOT.jar:/home/user/.m2/repository/com/google/protobuf/protobuf-java-util/3.5.1/protobuf-java-util-3.5.1.jar:/home/user/.m2/repository/org/apache/hadoop/hadoop-hdds-config/0.5.0-SNAPSHOT/hadoop-hdds-config-0.5.0-SNAPSHOT.jar:/home/user/.m2/repository/io/grpc/grpc-netty/1.17.1/grpc-netty-1.17.1.jar:/home/user/.m2/repository/io/grpc/grpc-core/1.17.1/grpc-core-1.17.1.jar:/home/user/.m2/repository/io/grpc/grpc-context/1.17.1/grpc-context-1.17.1.jar:/home/user/.m2/repository/com/google/errorprone/error_prone_annotations/2.2.0/error_prone_annotations-2.2.0.jar:/home/user/.m2/repository/org/codehaus/mojo/animal-sniffer-annotations/1.17/animal-sniffer-annotations-1.17.jar:/home/user/.m2/repository/io/opencensus/opencensus-api/0.17.0/opencensus-api-0.17.0.jar:/home/user/.m2/repository/io/opencensus/opencensus-contrib-grpc-metrics/0.17.0/opencensus-contrib-grpc-metrics-0.17.0.jar:/home/user/.m2/repository/io/netty/netty-codec-http2/4.1.30.Final/netty-codec-http2-4.1.30.Final.jar:/home/user/.m2/repository/io/netty/netty-codec-http/4.1.30.Final/netty-codec-http-4.1.30.Final.jar:/home/user/.m2/repository/io/netty/netty-codec/4.1.30.Final/netty-codec-4.1.30.Final.jar:/home/user/.m2/repository/io/netty/netty-handler/4.1.30.Final/netty-handler-4.1.30.Final.jar:/home/user/.m2/repository/io/netty/netty-handler-proxy/4.1.30.Final/netty-handler-proxy-4.1.30.Final.jar:/home/user/.m2/repository/io/netty/netty-codec-socks/4.1.30.Final/netty-codec-socks-4.1.30.Final.jar:/home/user/.m2/repository/io/netty/netty-transport-native-epoll/4.1.30.Final/netty-transport-native-epoll-4.1.30.Final.jar:/home/user/.m2/repository/io/netty/netty-common/4.1.30.Final/netty-common-4.1.30.Final.jar:/home/user/.m2/repository/io/netty/netty-buffer/4.1.30.Final/netty-buffer-4.1.30.Final.jar:/home/user/.m2/repository/io/netty/netty-transport/4.1.30.Final/netty-transport-4.1.30.Final.jar:/home/user/.m2/repository/io/netty/netty-resolver/4.1.30.Final/netty-resolver-4.1.30.Final.jar:/home/user/.m2/repository/io/netty/netty-transport-native-unix-common/4.1.30.Final/netty-transport-native-unix-common-4.1.30.Final.jar:/home/user/.m2/repository/io/grpc/grpc-protobuf/1.17.1/grpc-protobuf-1.17.1.jar:/home/user/.m2/repository/com/google/api/grpc/proto-google-common-protos/1.0.0/proto-google-common-protos-1.0.0.jar:/home/user/.m2/repository/io/grpc/grpc-protobuf-lite/1.17.1/grpc-protobuf-lite-1.17.1.jar:/home/user/.m2/repository/io/grpc/grpc-stub/1.17.1/grpc-stub-1.17.1.jar:/home/user/.m2/repository/org/apache/hadoop/hadoop-ozone-recon/0.5.0-SNAPSHOT/hadoop-ozone-recon-0.5.0-SNAPSHOT.jar:/home/user/.m2/repository/org/apache/hadoop/hadoop-ozone-reconcodegen/0.5.0-SNAPSHOT/hadoop-ozone-reconcodegen-0.5.0-SNAPSHOT.jar:/home/user/.m2/repository/com/google/inject/extensions/guice-multibindings/4.0/guice-multibindings-4.0.jar:/home/user/.m2/repository/com/google/inject/guice/4.0/guice-4.0.jar:/home/user/.m2/repository/aopalliance/aopalliance/1.0/aopalliance-1.0.jar:/home/user/.m2/repository/com/google/inject/extensions/guice-servlet/4.0/guice-servlet-4.0.jar:/home/user/.m2/repository/org/glassfish/jersey/containers/jersey-container-servlet/2.27/jersey-container-servlet-2.27.jar:/home/user/.m2/repository/org/glassfish/hk2/guice-bridge/2.5.0/guice-bridge-2.5.0.jar:/home/user/.m2/repository/org/glassfish/jersey/core/jersey-server/2.27/jersey-server-2.27.jar:/home/user/.m2/repository/org/glassfish/jersey/core/jersey-client/2.27/jersey-client-2.27.jar:/home/user/.m2/repository/org/glassfish/jersey/media/jersey-media-jaxb/2.27/jersey-media-jaxb-2.27.jar:/home/user/.m2/repository/javax/validation/validation-api/1.1.0.Final/validation-api-1.1.0.Final.jar:/home/user/.m2/repository/org/glassfish/jersey/media/jersey-media-json-jackson/2.27/jersey-media-json-jackson-2.27.jar:/home/user/.m2/repository/org/glassfish/jersey/ext/jersey-entity-filtering/2.27/jersey-entity-filtering-2.27.jar:/home/user/.m2/repository/com/google/inject/extensions/guice-assistedinject/4.0/guice-assistedinject-4.0.jar:/home/user/.m2/repository/org/jooq/jooq/3.11.10/jooq-3.11.10.jar:/home/user/.m2/repository/org/jooq/jooq-meta/3.11.10/jooq-meta-3.11.10.jar:/home/user/.m2/repository/org/jooq/jooq-codegen/3.11.10/jooq-codegen-3.11.10.jar:/home/user/.m2/repository/com/jolbox/bonecp/0.8.0.RELEASE/bonecp-0.8.0.RELEASE.jar:/home/user/.m2/repository/org/xerial/sqlite-jdbc/3.25.2/sqlite-jdbc-3.25.2.jar:/home/user/.m2/repository/org/springframework/spring-jdbc/5.1.3.RELEASE/spring-jdbc-5.1.3.RELEASE.jar:/home/user/.m2/repository/org/springframework/spring-beans/5.1.3.RELEASE/spring-beans-5.1.3.RELEASE.jar:/home/user/.m2/repository/org/springframework/spring-core/5.1.3.RELEASE/spring-core-5.1.3.RELEASE.jar:/home/user/.m2/repository/org/springframework/spring-jcl/5.1.3.RELEASE/spring-jcl-5.1.3.RELEASE.jar:/home/user/.m2/repository/org/springframework/spring-tx/5.1.3.RELEASE/spring-tx-5.1.3.RELEASE.jar:/home/user/.m2/repository/org/apache/hadoop/hadoop-ozone-client/0.5.0-SNAPSHOT/hadoop-ozone-client-0.5.0-SNAPSHOT.jar:/home/user/.m2/repository/commons-lang/commons-lang/2.6/commons-lang-2.6.jar:/home/user/.m2/repository/org/apache/hadoop/hadoop-ozone-ozone-manager/0.5.0-SNAPSHOT/hadoop-ozone-ozone-manager-0.5.0-SNAPSHOT-tests.jar:/home/user/.m2/repository/junit/junit/4.11/junit-4.11.jar:/home/user/.m2/repository/org/hamcrest/hamcrest-core/1.3/hamcrest-core-1.3.jar:/home/user/.m2/repository/org/openjdk/jmh/jmh-core/1.19/jmh-core-1.19.jar:/home/user/.m2/repository/net/sf/jopt-simple/jopt-simple/4.6/jopt-simple-4.6.jar:/home/user/.m2/repository/org/apache/commons/commons-math3/3.1.1/commons-math3-3.1.1.jar:/home/user/.m2/repository/org/openjdk/jmh/jmh-generator-annprocess/1.19/jmh-generator-annprocess-1.19.jar:/home/user/.m2/repository/org/mockito/mockito-all/1.8.5/mockito-all-1.8.5.jar:/home/user/.m2/repository/org/apache/hadoop/hadoop-kms/3.2.0/hadoop-kms-3.2.0.jar:/home/user/.m2/repository/org/apache/hadoop/hadoop-auth/3.2.0/hadoop-auth-3.2.0.jar:/home/user/.m2/repository/com/nimbusds/nimbus-jose-jwt/4.41.1/nimbus-jose-jwt-4.41.1.jar:/home/user/.m2/repository/com/github/stephenc/jcip/jcip-annotations/1.0-1/jcip-annotations-1.0-1.jar:/home/user/.m2/repository/net/minidev/json-smart/2.3/json-smart-2.3.jar:/home/user/.m2/repository/net/minidev/accessors-smart/1.2/accessors-smart-1.2.jar:/home/user/.m2/repository/org/ow2/asm/asm/5.0.4/asm-5.0.4.jar:/home/user/.m2/repository/org/apache/curator/curator-framework/2.12.0/curator-framework-2.12.0.jar:/home/user/.m2/repository/com/sun/jersey/jersey-core/1.19/jersey-core-1.19.jar:/home/user/.m2/repository/javax/ws/rs/jsr311-api/1.1.1/jsr311-api-1.1.1.jar:/home/user/.m2/repository/com/sun/jersey/jersey-server/1.19/jersey-server-1.19.jar:/home/user/.m2/repository/javax/servlet/javax.servlet-api/3.1.0/javax.servlet-api-3.1.0.jar:/home/user/.m2/repository/org/eclipse/jetty/jetty-server/9.3.24.v20180605/jetty-server-9.3.24.v20180605.jar:/home/user/.m2/repository/org/eclipse/jetty/jetty-http/9.3.24.v20180605/jetty-http-9.3.24.v20180605.jar:/home/user/.m2/repository/org/eclipse/jetty/jetty-io/9.3.24.v20180605/jetty-io-9.3.24.v20180605.jar:/home/user/.m2/repository/org/eclipse/jetty/jetty-webapp/9.3.24.v20180605/jetty-webapp-9.3.24.v20180605.jar:/home/user/.m2/repository/org/eclipse/jetty/jetty-xml/9.3.24.v20180605/jetty-xml-9.3.24.v20180605.jar:/home/user/.m2/repository/log4j/log4j/1.2.17/log4j-1.2.17.jar:/home/user/.m2/repository/org/slf4j/slf4j-api/1.7.25/slf4j-api-1.7.25.jar:/home/user/.m2/repository/org/slf4j/jul-to-slf4j/1.7.25/jul-to-slf4j-1.7.25.jar:/home/user/.m2/repository/org/eclipse/jetty/jetty-util/9.3.24.v20180605/jetty-util-9.3.24.v20180605.jar:/home/user/.m2/repository/com/fasterxml/jackson/core/jackson-databind/2.9.5/jackson-databind-2.9.5.jar:/home/user/.m2/repository/org/apache/hadoop/hadoop-kms/3.2.0/hadoop-kms-3.2.0-tests.jar:/home/user/.m2/repository/org/apache/hadoop/hadoop-hdds-server-scm/0.5.0-SNAPSHOT/hadoop-hdds-server-scm-0.5.0-SNAPSHOT-tests.jar:/home/user/.m2/repository/org/apache/hadoop/hadoop-hdds-container-service/0.5.0-SNAPSHOT/hadoop-hdds-container-service-0.5.0-SNAPSHOT-tests.jar:/home/user/.m2/repository/org/yaml/snakeyaml/1.16/snakeyaml-1.16.jar:/home/user/.m2/repository/org/apache/hadoop/hadoop-common/3.2.0/hadoop-common-3.2.0-tests.jar:/home/user/.m2/repository/org/apache/hadoop/hadoop-annotations/3.2.0/hadoop-annotations-3.2.0.jar:/usr/lib/jvm/java-1.8-openjdk/jre/../lib/tools.jar:/home/user/.m2/repository/commons-cli/commons-cli/1.2/commons-cli-1.2.jar:/home/user/.m2/repository/org/apache/httpcomponents/httpclient/4.5.2/httpclient-4.5.2.jar:/home/user/.m2/repository/org/apache/httpcomponents/httpcore/4.4.4/httpcore-4.4.4.jar:/home/user/.m2/repository/commons-codec/commons-codec/1.11/commons-codec-1.11.jar:/home/user/.m2/repository/commons-net/commons-net/3.6/commons-net-3.6.jar:/home/user/.m2/repository/commons-collections/commons-collections/3.2.2/commons-collections-3.2.2.jar:/home/user/.m2/repository/org/eclipse/jetty/jetty-servlet/9.3.24.v20180605/jetty-servlet-9.3.24.v20180605.jar:/home/user/.m2/repository/org/eclipse/jetty/jetty-security/9.3.24.v20180605/jetty-security-9.3.24.v20180605.jar:/home/user/.m2/repository/javax/servlet/jsp/jsp-api/2.1/jsp-api-2.1.jar:/home/user/.m2/repository/com/sun/jersey/jersey-servlet/1.19/jersey-servlet-1.19.jar:/home/user/.m2/repository/com/sun/jersey/jersey-json/1.19/jersey-json-1.19.jar:/home/user/.m2/repository/org/codehaus/jettison/jettison/1.1/jettison-1.1.jar:/home/user/.m2/repository/org/codehaus/jackson/jackson-core-asl/1.9.13/jackson-core-asl-1.9.13.jar:/home/user/.m2/repository/org/codehaus/jackson/jackson-mapper-asl/1.9.13/jackson-mapper-asl-1.9.13.jar:/home/user/.m2/repository/org/codehaus/jackson/jackson-jaxrs/1.9.13/jackson-jaxrs-1.9.13.jar:/home/user/.m2/repository/org/codehaus/jackson/jackson-xc/1.9.13/jackson-xc-1.9.13.jar:/home/user/.m2/repository/commons-logging/commons-logging/1.1.3/commons-logging-1.1.3.jar:/home/user/.m2/repository/commons-beanutils/commons-beanutils/1.9.3/commons-beanutils-1.9.3.jar:/home/user/.m2/repository/org/apache/commons/commons-configuration2/2.1.1/commons-configuration2-2.1.1.jar:/home/user/.m2/repository/org/apache/commons/commons-lang3/3.7/commons-lang3-3.7.jar:/home/user/.m2/repository/org/apache/commons/commons-text/1.4/commons-text-1.4.jar:/home/user/.m2/repository/org/apache/avro/avro/1.7.7/avro-1.7.7.jar:/home/user/.m2/repository/com/thoughtworks/paranamer/paranamer/2.3/paranamer-2.3.jar:/home/user/.m2/repository/org/xerial/snappy/snappy-java/1.0.5/snappy-java-1.0.5.jar:/home/user/.m2/repository/com/google/re2j/re2j/1.1/re2j-1.1.jar:/home/user/.m2/repository/com/google/code/gson/gson/2.2.4/gson-2.2.4.jar:/home/user/.m2/repository/com/jcraft/jsch/0.1.54/jsch-0.1.54.jar:/home/user/.m2/repository/org/apache/curator/curator-client/2.12.0/curator-client-2.12.0.jar:/home/user/.m2/repository/org/apache/curator/curator-recipes/2.12.0/curator-recipes-2.12.0.jar:/home/user/.m2/repository/com/google/code/findbugs/jsr305/3.0.0/jsr305-3.0.0.jar:/home/user/.m2/repository/org/apache/htrace/htrace-core4/4.1.0-incubating/htrace-core4-4.1.0-incubating.jar:/home/user/.m2/repository/org/apache/zookeeper/zookeeper/3.4.13/zookeeper-3.4.13.jar:/home/user/.m2/repository/org/apache/yetus/audience-annotations/0.5.0/audience-annotations-0.5.0.jar:/home/user/.m2/repository/org/codehaus/woodstox/stax2-api/3.1.4/stax2-api-3.1.4.jar:/home/user/.m2/repository/com/fasterxml/woodstox/woodstox-core/5.0.3/woodstox-core-5.0.3.jar:/home/user/.m2/repository/dnsjava/dnsjava/2.1.7/dnsjava-2.1.7.jar:/home/user/.m2/repository/org/apache/hadoop/hadoop-hdfs/3.2.0/hadoop-hdfs-3.2.0-tests.jar:/home/user/.m2/repository/org/eclipse/jetty/jetty-util-ajax/9.3.24.v20180605/jetty-util-ajax-9.3.24.v20180605.jar:/home/user/.m2/repository/commons-daemon/commons-daemon/1.0.13/commons-daemon-1.0.13.jar:/home/user/.m2/repository/io/netty/netty/3.10.5.Final/netty-3.10.5.Final.jar:/home/user/.m2/repository/io/netty/netty-all/4.0.52.Final/netty-all-4.0.52.Final.jar:/home/user/.m2/repository/org/fusesource/leveldbjni/leveldbjni-all/1.8/leveldbjni-all-1.8.jar:"/>
    <property name="sun.cpu.endian" value="little"/>
    <property name="user.home" value="/home/user"/>
    <property name="user.language" value="en"/>
    <property name="java.specification.vendor" value="Oracle Corporation"/>
    <property name="java.home" value="/usr/lib/jvm/java-1.8-openjdk/jre"/>
    <property name="java.security.krb5.conf" value="/workdir/hadoop-ozone/integration-test/target/test-classes/krb5.conf"/>
    <property name="basedir" value="/workdir/hadoop-ozone/integration-test"/>
    <property name="file.separator" value="/"/>
    <property name="line.separator" value="&#10;"/>
    <property name="java.vm.specification.vendor" value="Oracle Corporation"/>
    <property name="java.specification.name" value="Java Platform API Specification"/>
    <property name="java.awt.graphicsenv" value="sun.awt.X11GraphicsEnvironment"/>
    <property name="surefire.real.class.path" value="/workdir/hadoop-ozone/integration-test/target/surefire/surefirebooter3567708498361382748.jar"/>
    <property name="hadoop.log.dir" value="/workdir/hadoop-ozone/integration-test/target/log"/>
    <property name="sun.boot.class.path" value="/usr/lib/jvm/java-1.8-openjdk/jre/lib/resources.jar:/usr/lib/jvm/java-1.8-openjdk/jre/lib/rt.jar:/usr/lib/jvm/java-1.8-openjdk/jre/lib/sunrsasign.jar:/usr/lib/jvm/java-1.8-openjdk/jre/lib/jsse.jar:/usr/lib/jvm/java-1.8-openjdk/jre/lib/jce.jar:/usr/lib/jvm/java-1.8-openjdk/jre/lib/charsets.jar:/usr/lib/jvm/java-1.8-openjdk/jre/lib/jfr.jar:/usr/lib/jvm/java-1.8-openjdk/jre/classes"/>
    <property name="sun.management.compiler" value="HotSpot 64-Bit Tiered Compilers"/>
    <property name="java.runtime.version" value="1.8.0_212-b04"/>
    <property name="java.net.preferIPv4Stack" value="true"/>
    <property name="user.name" value="jenkins1000"/>
    <property name="path.separator" value=":"/>
    <property name="java.security.egd" value="file:///dev/urandom"/>
    <property name="os.version" value="3.10.0-957.12.2.el7.x86_64"/>
    <property name="java.endorsed.dirs" value="/usr/lib/jvm/java-1.8-openjdk/jre/lib/endorsed"/>
    <property name="java.runtime.name" value="OpenJDK Runtime Environment"/>
    <property name="file.encoding" value="UTF-8"/>
    <property name="java.vm.name" value="OpenJDK 64-Bit Server VM"/>
    <property name="test.build.webapps" value=""/>
    <property name="localRepository" value="/home/user/.m2/repository"/>
    <property name="java.vendor.url.bug" value="https://icedtea.classpath.org/bugzilla"/>
    <property name="java.io.tmpdir" value="/tmp"/>
    <property name="require.test.libhadoop" value=""/>
    <property name="java.version" value="1.8.0_212"/>
    <property name="user.dir" value="/workdir/hadoop-ozone/integration-test"/>
    <property name="os.arch" value="amd64"/>
    <property name="java.vm.specification.name" value="Java Virtual Machine Specification"/>
    <property name="test.build.classes" value="/workdir/hadoop-ozone/integration-test/target/test-classes"/>
    <property name="java.awt.printerjob" value="sun.print.PSPrinterJob"/>
    <property name="sun.os.patch.level" value="unknown"/>
    <property name="hadoop.tmp.dir" value="/workdir/hadoop-ozone/integration-test/target/tmp"/>
    <property name="java.library.path" value="/usr/lib/jvm/java-1.8-openjdk/jre/lib/amd64/server:/usr/lib/jvm/java-1.8-openjdk/jre/lib/amd64:/usr/lib/jvm/java-1.8-openjdk/jre/../lib/amd64:/workdir/hadoop-ozone/integration-test/target/native/target/usr/local/lib:/workdir/hadoop-ozone/integration-test/../../hadoop-common-project/hadoop-common/target/native/target/usr/local/lib:/usr/java/packages/lib/amd64:/usr/lib64:/lib64:/lib:/usr/lib"/>
    <property name="java.vm.info" value="mixed mode"/>
    <property name="java.vendor" value="IcedTea"/>
    <property name="java.vm.version" value="25.212-b04"/>
    <property name="java.ext.dirs" value="/usr/lib/jvm/java-1.8-openjdk/jre/lib/ext:/usr/java/packages/lib/ext"/>
    <property name="sun.io.unicode.encoding" value="UnicodeLittle"/>
    <property name="java.class.version" value="52.0"/>
  </properties>
  <testcase name="test2WayCommitForRetryfailure" classname="org.apache.hadoop.ozone.client.rpc.Test2WayCommitInRatis" time="54.266">
    <error message="org.apache.ratis.protocol.RaftRetryFailureException: Failed RaftClientRequest:client-594D477ACB77-&gt;814796da-c9aa-44ae-b4d2-a94a982d530c@group-D6425B254B44, cid=14, seq=2*, RW, org.apache.hadoop.hdds.scm.XceiverClientRatis$$Lambda$297/1592713508@56396ec9 for 20 attempts with RetryLimited(maxAttempts=20, sleepTime=1000ms)" type="java.util.concurrent.ExecutionException">java.util.concurrent.ExecutionException: org.apache.ratis.protocol.RaftRetryFailureException: Failed RaftClientRequest:client-594D477ACB77->814796da-c9aa-44ae-b4d2-a94a982d530c@group-D6425B254B44, cid=14, seq=2*, RW, org.apache.hadoop.hdds.scm.XceiverClientRatis$$Lambda$297/1592713508@56396ec9 for 20 attempts with RetryLimited(maxAttempts=20, sleepTime=1000ms)
	at java.util.concurrent.CompletableFuture.reportGet(CompletableFuture.java:357)
	at java.util.concurrent.CompletableFuture.get(CompletableFuture.java:1895)
	at org.apache.hadoop.ozone.client.rpc.Test2WayCommitInRatis.test2WayCommitForRetryfailure(Test2WayCommitInRatis.java:144)
	at sun.reflect.NativeMethodAccessorImpl.invoke0(Native Method)
	at sun.reflect.NativeMethodAccessorImpl.invoke(NativeMethodAccessorImpl.java:62)
	at sun.reflect.DelegatingMethodAccessorImpl.invoke(DelegatingMethodAccessorImpl.java:43)
	at java.lang.reflect.Method.invoke(Method.java:498)
	at org.junit.runners.model.FrameworkMethod$1.runReflectiveCall(FrameworkMethod.java:47)
	at org.junit.internal.runners.model.ReflectiveCallable.run(ReflectiveCallable.java:12)
	at org.junit.runners.model.FrameworkMethod.invokeExplosively(FrameworkMethod.java:44)
	at org.junit.internal.runners.statements.InvokeMethod.evaluate(InvokeMethod.java:17)
	at org.junit.runners.ParentRunner.runLeaf(ParentRunner.java:271)
	at org.junit.runners.BlockJUnit4ClassRunner.runChild(BlockJUnit4ClassRunner.java:70)
	at org.junit.runners.BlockJUnit4ClassRunner.runChild(BlockJUnit4ClassRunner.java:50)
	at org.junit.runners.ParentRunner$3.run(ParentRunner.java:238)
	at org.junit.runners.ParentRunner$1.schedule(ParentRunner.java:63)
	at org.junit.runners.ParentRunner.runChildren(ParentRunner.java:236)
	at org.junit.runners.ParentRunner.access$000(ParentRunner.java:53)
	at org.junit.runners.ParentRunner$2.evaluate(ParentRunner.java:229)
	at org.junit.runners.ParentRunner.run(ParentRunner.java:309)
	at org.apache.maven.surefire.junit4.JUnit4Provider.execute(JUnit4Provider.java:365)
	at org.apache.maven.surefire.junit4.JUnit4Provider.executeWithRerun(JUnit4Provider.java:273)
	at org.apache.maven.surefire.junit4.JUnit4Provider.executeTestSet(JUnit4Provider.java:238)
	at org.apache.maven.surefire.junit4.JUnit4Provider.invoke(JUnit4Provider.java:159)
	at org.apache.maven.surefire.booter.ForkedBooter.invokeProviderInSameClassLoader(ForkedBooter.java:384)
	at org.apache.maven.surefire.booter.ForkedBooter.runSuitesInProcess(ForkedBooter.java:345)
	at org.apache.maven.surefire.booter.ForkedBooter.execute(ForkedBooter.java:126)
	at org.apache.maven.surefire.booter.ForkedBooter.main(ForkedBooter.java:418)
Caused by: org.apache.ratis.protocol.RaftRetryFailureException: Failed RaftClientRequest:client-594D477ACB77->814796da-c9aa-44ae-b4d2-a94a982d530c@group-D6425B254B44, cid=14, seq=2*, RW, org.apache.hadoop.hdds.scm.XceiverClientRatis$$Lambda$297/1592713508@56396ec9 for 20 attempts with RetryLimited(maxAttempts=20, sleepTime=1000ms)
	at org.apache.ratis.client.impl.RaftClientImpl.noMoreRetries(RaftClientImpl.java:272)
	at org.apache.ratis.client.impl.OrderedAsync.handleAsyncRetryFailure(OrderedAsync.java:138)
	at org.apache.ratis.client.impl.OrderedAsync.lambda$sendRequest$10(OrderedAsync.java:230)
	at java.util.concurrent.CompletableFuture.uniExceptionally(CompletableFuture.java:870)
	at java.util.concurrent.CompletableFuture$UniExceptionally.tryFire(CompletableFuture.java:852)
	at java.util.concurrent.CompletableFuture.postComplete(CompletableFuture.java:474)
	at java.util.concurrent.CompletableFuture.completeExceptionally(CompletableFuture.java:1977)
	at org.apache.ratis.grpc.client.GrpcClientProtocolClient$AsyncStreamObservers.completeReplyExceptionally(GrpcClientProtocolClient.java:330)
	at org.apache.ratis.grpc.client.GrpcClientProtocolClient$AsyncStreamObservers.access$000(GrpcClientProtocolClient.java:246)
	at org.apache.ratis.grpc.client.GrpcClientProtocolClient$AsyncStreamObservers$1.onNext(GrpcClientProtocolClient.java:258)
	at org.apache.ratis.grpc.client.GrpcClientProtocolClient$AsyncStreamObservers$1.onNext(GrpcClientProtocolClient.java:249)
	at org.apache.ratis.thirdparty.io.grpc.stub.ClientCalls$StreamObserverToCallListenerAdapter.onMessage(ClientCalls.java:421)
	at org.apache.ratis.thirdparty.io.grpc.ForwardingClientCallListener.onMessage(ForwardingClientCallListener.java:33)
	at org.apache.ratis.thirdparty.io.grpc.ForwardingClientCallListener.onMessage(ForwardingClientCallListener.java:33)
	at org.apache.ratis.thirdparty.io.grpc.internal.ClientCallImpl$ClientStreamListenerImpl$1MessagesAvailable.runInContext(ClientCallImpl.java:519)
	at org.apache.ratis.thirdparty.io.grpc.internal.ContextRunnable.run(ContextRunnable.java:37)
	at org.apache.ratis.thirdparty.io.grpc.internal.SerializingExecutor.run(SerializingExecutor.java:123)
	at java.util.concurrent.ThreadPoolExecutor.runWorker(ThreadPoolExecutor.java:1149)
	at java.util.concurrent.ThreadPoolExecutor$Worker.run(ThreadPoolExecutor.java:624)
	at java.lang.Thread.run(Thread.java:748)
Caused by: org.apache.ratis.protocol.NotLeaderException: Server 814796da-c9aa-44ae-b4d2-a94a982d530c is not the leader (null). Request must be sent to leader.
	at org.apache.ratis.client.impl.ClientProtoUtils.toRaftClientReply(ClientProtoUtils.java:242)
	at org.apache.ratis.grpc.client.GrpcClientProtocolClient$AsyncStreamObservers$1.onNext(GrpcClientProtocolClient.java:254)
	... 10 more
</error>
    <system-out><![CDATA[2019-08-23 08:44:00,213 [main] WARN  server.ServerUtils (ServerUtils.java:getScmDbDir(145)) - ozone.scm.db.dirs is not configured. We recommend adding this setting. Falling back to ozone.metadata.dirs instead.
2019-08-23 08:44:00,350 [main] WARN  server.ServerUtils (ServerUtils.java:getScmDbDir(145)) - ozone.scm.db.dirs is not configured. We recommend adding this setting. Falling back to ozone.metadata.dirs instead.
2019-08-23 08:44:00,355 [main] WARN  server.ServerUtils (ServerUtils.java:getScmDbDir(145)) - ozone.scm.db.dirs is not configured. We recommend adding this setting. Falling back to ozone.metadata.dirs instead.
2019-08-23 08:44:00,378 [main] INFO  util.log (Log.java:initialized(192)) - Logging initialized @903ms
2019-08-23 08:44:00,505 [main] INFO  db.DBStoreBuilder (DBStoreBuilder.java:addTable(110)) - using custom profile for table: deletedBlocks
2019-08-23 08:44:00,506 [main] INFO  db.DBStoreBuilder (DBStoreBuilder.java:processTables(161)) - Using default column profile:DBProfile.DISK for Table:deletedBlocks
2019-08-23 08:44:00,506 [main] INFO  db.DBStoreBuilder (DBStoreBuilder.java:addTable(110)) - using custom profile for table: validCerts
2019-08-23 08:44:00,507 [main] INFO  db.DBStoreBuilder (DBStoreBuilder.java:processTables(161)) - Using default column profile:DBProfile.DISK for Table:validCerts
2019-08-23 08:44:00,507 [main] INFO  db.DBStoreBuilder (DBStoreBuilder.java:addTable(110)) - using custom profile for table: revokedCerts
2019-08-23 08:44:00,508 [main] INFO  db.DBStoreBuilder (DBStoreBuilder.java:processTables(161)) - Using default column profile:DBProfile.DISK for Table:revokedCerts
2019-08-23 08:44:00,528 [main] INFO  db.DBStoreBuilder (DBStoreBuilder.java:addTable(110)) - using custom profile for table: default
2019-08-23 08:44:00,528 [main] INFO  db.DBStoreBuilder (DBStoreBuilder.java:processTables(167)) - Using default column profile:DBProfile.DISK for Table:default
2019-08-23 08:44:00,530 [main] INFO  db.DBStoreBuilder (DBStoreBuilder.java:getDbProfile(198)) - Using default options. DBProfile.DISK
2019-08-23 08:44:00,861 [main] INFO  net.NodeSchemaLoader (NodeSchemaLoader.java:loadSchemaFromFile(125)) - Loading file from sun.misc.CompoundEnumeration@6eda5c9
2019-08-23 08:44:00,864 [main] INFO  net.NodeSchemaLoader (NodeSchemaLoader.java:loadSchema(171)) - Loading network topology layer schema file
2019-08-23 08:44:00,943 [main] WARN  server.ServerUtils (ServerUtils.java:sanitizeUserArgs(70)) - ozone.scm.stale.node.interval value = 300000 is larger than max = 100000 based on the key value of ozone.scm.heartbeat.thread.interval, reset to the max value 100000.
2019-08-23 08:44:00,945 [main] WARN  server.ServerUtils (ServerUtils.java:sanitizeUserArgs(70)) - ozone.scm.stale.node.interval value = 300000 is larger than max = 100000 based on the key value of ozone.scm.heartbeat.thread.interval, reset to the max value 100000.
2019-08-23 08:44:00,947 [main] INFO  node.SCMNodeManager (SCMNodeManager.java:<init>(121)) - Entering startup safe mode.
2019-08-23 08:44:01,020 [main] INFO  algorithms.ContainerPlacementPolicyFactory (ContainerPlacementPolicyFactory.java:getPolicy(55)) - Create container placement policy of type org.apache.hadoop.hdds.scm.container.placement.algorithms.SCMContainerPlacementRandom
2019-08-23 08:44:01,037 [main] WARN  server.ServerUtils (ServerUtils.java:getScmDbDir(145)) - ozone.scm.db.dirs is not configured. We recommend adding this setting. Falling back to ozone.metadata.dirs instead.
2019-08-23 08:44:01,174 [main] INFO  pipeline.SCMPipelineManager (SCMPipelineManager.java:initializePipelineState(126)) - No pipeline exists in current db
2019-08-23 08:44:01,177 [main] WARN  server.ServerUtils (ServerUtils.java:getScmDbDir(145)) - ozone.scm.db.dirs is not configured. We recommend adding this setting. Falling back to ozone.metadata.dirs instead.
2019-08-23 08:44:01,391 [main] WARN  events.EventQueue (EventQueue.java:fireEvent(175)) - No event handler registered for event TypedEvent{payloadType=SafeModeStatus, name='SafeModeStatus'}
2019-08-23 08:44:01,901 [main] INFO  ipc.CallQueueManager (CallQueueManager.java:<init>(84)) - Using callQueue: class java.util.concurrent.LinkedBlockingQueue, queueCapacity: 2000, scheduler: class org.apache.hadoop.ipc.DefaultRpcScheduler, ipcBackoff: false.
2019-08-23 08:44:02,240 [Socket Reader #1 for port 43549] INFO  ipc.Server (Server.java:run(1074)) - Starting Socket Reader #1 for port 43549
2019-08-23 08:44:02,272 [main] INFO  ipc.CallQueueManager (CallQueueManager.java:<init>(84)) - Using callQueue: class java.util.concurrent.LinkedBlockingQueue, queueCapacity: 2000, scheduler: class org.apache.hadoop.ipc.DefaultRpcScheduler, ipcBackoff: false.
2019-08-23 08:44:02,273 [Socket Reader #1 for port 40465] INFO  ipc.Server (Server.java:run(1074)) - Starting Socket Reader #1 for port 40465
2019-08-23 08:44:02,282 [main] INFO  ipc.CallQueueManager (CallQueueManager.java:<init>(84)) - Using callQueue: class java.util.concurrent.LinkedBlockingQueue, queueCapacity: 2000, scheduler: class org.apache.hadoop.ipc.DefaultRpcScheduler, ipcBackoff: false.
2019-08-23 08:44:02,283 [Socket Reader #1 for port 43296] INFO  ipc.Server (Server.java:run(1074)) - Starting Socket Reader #1 for port 43296
2019-08-23 08:44:02,305 [main] INFO  hdfs.DFSUtil (DFSUtil.java:httpServerTemplateForNNAndJN(1641)) - Starting Web-server for scm at: http://0.0.0.0:0
2019-08-23 08:44:02,446 [main] INFO  server.AuthenticationFilter (AuthenticationFilter.java:constructSecretProvider(240)) - Unable to initialize FileSignerSecretProvider, falling back to use random secrets.
2019-08-23 08:44:02,455 [main] WARN  http.HttpRequestLog (HttpRequestLog.java:getRequestLog(97)) - Jetty request log can only be enabled using Log4j
2019-08-23 08:44:02,463 [main] INFO  http.HttpServer2 (HttpServer2.java:addGlobalFilter(975)) - Added global filter 'safety' (class=org.apache.hadoop.http.HttpServer2$QuotingInputFilter)
2019-08-23 08:44:02,466 [main] INFO  http.HttpServer2 (HttpServer2.java:addFilter(948)) - Added filter static_user_filter (class=org.apache.hadoop.http.lib.StaticUserWebFilter$StaticUserFilter) to context scm
2019-08-23 08:44:02,466 [main] INFO  http.HttpServer2 (HttpServer2.java:addFilter(958)) - Added filter static_user_filter (class=org.apache.hadoop.http.lib.StaticUserWebFilter$StaticUserFilter) to context logs
2019-08-23 08:44:02,466 [main] INFO  http.HttpServer2 (HttpServer2.java:addFilter(958)) - Added filter static_user_filter (class=org.apache.hadoop.http.lib.StaticUserWebFilter$StaticUserFilter) to context static
2019-08-23 08:44:02,493 [main] INFO  server.StorageContainerManager (StorageContainerManager.java:start(759)) - StorageContainerLocationProtocol RPC server is listening at /0.0.0.0:43296
2019-08-23 08:44:02,553 [main] WARN  impl.MetricsConfig (MetricsConfig.java:loadFirst(134)) - Cannot locate configuration: tried hadoop-metrics2-storagecontainermanager.properties,hadoop-metrics2.properties
2019-08-23 08:44:02,566 [main] INFO  impl.MetricsSystemImpl (MetricsSystemImpl.java:startTimer(374)) - Scheduled Metric snapshot period at 10 second(s).
2019-08-23 08:44:02,566 [main] INFO  impl.MetricsSystemImpl (MetricsSystemImpl.java:start(191)) - StorageContainerManager metrics system started
2019-08-23 08:44:02,806 [main] INFO  server.SCMClientProtocolServer (SCMClientProtocolServer.java:start(151)) - RPC server for Client  is listening at /0.0.0.0:43296
2019-08-23 08:44:02,807 [IPC Server Responder] INFO  ipc.Server (Server.java:run(1314)) - IPC Server Responder: starting
2019-08-23 08:44:02,807 [IPC Server listener on 43296] INFO  ipc.Server (Server.java:run(1153)) - IPC Server listener on 43296: starting
2019-08-23 08:44:02,810 [main] INFO  server.StorageContainerManager (StorageContainerManager.java:start(769)) - ScmBlockLocationProtocol RPC server is listening at /0.0.0.0:40465
2019-08-23 08:44:02,810 [main] INFO  server.SCMBlockProtocolServer (SCMBlockProtocolServer.java:start(140)) - RPC server for Block Protocol is listening at /0.0.0.0:40465
2019-08-23 08:44:02,811 [IPC Server Responder] INFO  ipc.Server (Server.java:run(1314)) - IPC Server Responder: starting
2019-08-23 08:44:02,811 [IPC Server listener on 40465] INFO  ipc.Server (Server.java:run(1153)) - IPC Server listener on 40465: starting
2019-08-23 08:44:02,813 [main] INFO  server.StorageContainerManager (StorageContainerManager.java:start(773)) - ScmDatanodeProtocl RPC server is listening at /0.0.0.0:43549
2019-08-23 08:44:02,813 [main] INFO  server.SCMDatanodeProtocolServer (SCMDatanodeProtocolServer.java:start(191)) - RPC server for DataNodes is listening at /0.0.0.0:43549
2019-08-23 08:44:02,814 [IPC Server Responder] INFO  ipc.Server (Server.java:run(1314)) - IPC Server Responder: starting
2019-08-23 08:44:02,814 [IPC Server listener on 43549] INFO  ipc.Server (Server.java:run(1153)) - IPC Server listener on 43549: starting
2019-08-23 08:44:02,818 [main] INFO  http.HttpServer2 (HttpServer2.java:bindListener(1191)) - Jetty bound to port 42960
2019-08-23 08:44:02,820 [main] INFO  server.Server (Server.java:doStart(351)) - jetty-9.3.24.v20180605, build timestamp: 2018-06-05T17:11:56Z, git hash: 84205aa28f11a4f31f2a3b86d1bba2cc8ab69827
2019-08-23 08:44:02,858 [main] INFO  handler.ContextHandler (ContextHandler.java:doStart(781)) - Started o.e.j.s.ServletContextHandler@47a5b70d{/logs,file:///workdir/hadoop-ozone/integration-test/target/log,AVAILABLE}
2019-08-23 08:44:02,859 [main] INFO  handler.ContextHandler (ContextHandler.java:doStart(781)) - Started o.e.j.s.ServletContextHandler@1a45193b{/static,file:///workdir/hadoop-ozone/integration-test/target/test-classes/webapps/static,AVAILABLE}
2019-08-23 08:44:02,893 [main] INFO  handler.ContextHandler (ContextHandler.java:doStart(781)) - Started o.e.j.w.WebAppContext@30b34287{/,file:///workdir/hadoop-ozone/integration-test/target/test-classes/webapps/scm/,AVAILABLE}{/scm}
2019-08-23 08:44:02,899 [main] INFO  server.AbstractConnector (AbstractConnector.java:doStart(278)) - Started ServerConnector@672f11c2{HTTP/1.1,[http/1.1]}{0.0.0.0:42960}
2019-08-23 08:44:02,900 [main] INFO  server.Server (Server.java:doStart(419)) - Started @3424ms
2019-08-23 08:44:02,901 [main] INFO  server.BaseHttpServer (BaseHttpServer.java:updateConnectorAddress(213)) - HTTP server of SCM is listening at http://0.0.0.0:42960
2019-08-23 08:44:02,906 [org.apache.hadoop.util.JvmPauseMonitor$Monitor@173b9122] INFO  util.JvmPauseMonitor (JvmPauseMonitor.java:run(188)) - Starting JVM pause monitor
2019-08-23 08:44:02,909 [main] WARN  server.ServerUtils (ServerUtils.java:getDBPath(222)) - ozone.om.db.dirs is not configured. We recommend adding this setting. Falling back to ozone.metadata.dirs instead.
2019-08-23 08:44:03,062 [main] WARN  server.ServerUtils (ServerUtils.java:getDBPath(222)) - ozone.om.db.dirs is not configured. We recommend adding this setting. Falling back to ozone.metadata.dirs instead.
2019-08-23 08:44:03,063 [main] WARN  server.ServerUtils (ServerUtils.java:getDBPath(222)) - ozone.om.db.dirs is not configured. We recommend adding this setting. Falling back to ozone.metadata.dirs instead.
2019-08-23 08:44:03,064 [main] INFO  om.OzoneManager (OzoneManager.java:setOMNodeDetails(648)) - OM Service ID is not set. Setting it to the default ID: omServiceIdDefault
2019-08-23 08:44:03,064 [main] INFO  om.OzoneManager (OzoneManager.java:setOMNodeDetails(654)) - OM Node ID is not set. Setting it to the OmStorage's OmID: de075b38-a0f6-430f-8de0-5ae742c303e3
2019-08-23 08:44:03,066 [main] INFO  om.OzoneManager (OzoneManager.java:loadOMHAConfigs(605)) - Found matching OM address with OMServiceId: null, OMNodeId: null, RPC Address: localhost:0 and Ratis port: 9872
2019-08-23 08:44:03,346 | INFO  | SCMAudit | user=jenkins1000 | ip=192.168.36.124 | op=GET_SCM_INFO null | ret=SUCCESS |  
2019-08-23 08:44:03,775 [main] WARN  server.ServerUtils (ServerUtils.java:getDBPath(222)) - ozone.om.db.dirs is not configured. We recommend adding this setting. Falling back to ozone.metadata.dirs instead.
2019-08-23 08:44:03,782 [main] INFO  db.DBStoreBuilder (DBStoreBuilder.java:addTable(110)) - using custom profile for table: userTable
2019-08-23 08:44:03,783 [main] INFO  db.DBStoreBuilder (DBStoreBuilder.java:processTables(161)) - Using default column profile:DBProfile.DISK for Table:userTable
2019-08-23 08:44:03,783 [main] INFO  db.DBStoreBuilder (DBStoreBuilder.java:addTable(110)) - using custom profile for table: volumeTable
2019-08-23 08:44:03,783 [main] INFO  db.DBStoreBuilder (DBStoreBuilder.java:processTables(161)) - Using default column profile:DBProfile.DISK for Table:volumeTable
2019-08-23 08:44:03,784 [main] INFO  db.DBStoreBuilder (DBStoreBuilder.java:addTable(110)) - using custom profile for table: bucketTable
2019-08-23 08:44:03,784 [main] INFO  db.DBStoreBuilder (DBStoreBuilder.java:processTables(161)) - Using default column profile:DBProfile.DISK for Table:bucketTable
2019-08-23 08:44:03,784 [main] INFO  db.DBStoreBuilder (DBStoreBuilder.java:addTable(110)) - using custom profile for table: keyTable
2019-08-23 08:44:03,784 [main] INFO  db.DBStoreBuilder (DBStoreBuilder.java:processTables(161)) - Using default column profile:DBProfile.DISK for Table:keyTable
2019-08-23 08:44:03,785 [main] INFO  db.DBStoreBuilder (DBStoreBuilder.java:addTable(110)) - using custom profile for table: deletedTable
2019-08-23 08:44:03,785 [main] INFO  db.DBStoreBuilder (DBStoreBuilder.java:processTables(161)) - Using default column profile:DBProfile.DISK for Table:deletedTable
2019-08-23 08:44:03,785 [main] INFO  db.DBStoreBuilder (DBStoreBuilder.java:addTable(110)) - using custom profile for table: openKeyTable
2019-08-23 08:44:03,785 [main] INFO  db.DBStoreBuilder (DBStoreBuilder.java:processTables(161)) - Using default column profile:DBProfile.DISK for Table:openKeyTable
2019-08-23 08:44:03,786 [main] INFO  db.DBStoreBuilder (DBStoreBuilder.java:addTable(110)) - using custom profile for table: s3Table
2019-08-23 08:44:03,786 [main] INFO  db.DBStoreBuilder (DBStoreBuilder.java:processTables(161)) - Using default column profile:DBProfile.DISK for Table:s3Table
2019-08-23 08:44:03,786 [main] INFO  db.DBStoreBuilder (DBStoreBuilder.java:addTable(110)) - using custom profile for table: multipartInfoTable
2019-08-23 08:44:03,786 [main] INFO  db.DBStoreBuilder (DBStoreBuilder.java:processTables(161)) - Using default column profile:DBProfile.DISK for Table:multipartInfoTable
2019-08-23 08:44:03,787 [main] INFO  db.DBStoreBuilder (DBStoreBuilder.java:addTable(110)) - using custom profile for table: dTokenTable
2019-08-23 08:44:03,787 [main] INFO  db.DBStoreBuilder (DBStoreBuilder.java:processTables(161)) - Using default column profile:DBProfile.DISK for Table:dTokenTable
2019-08-23 08:44:03,787 [main] INFO  db.DBStoreBuilder (DBStoreBuilder.java:addTable(110)) - using custom profile for table: s3SecretTable
2019-08-23 08:44:03,787 [main] INFO  db.DBStoreBuilder (DBStoreBuilder.java:processTables(161)) - Using default column profile:DBProfile.DISK for Table:s3SecretTable
2019-08-23 08:44:03,788 [main] INFO  db.DBStoreBuilder (DBStoreBuilder.java:addTable(110)) - using custom profile for table: prefixTable
2019-08-23 08:44:03,788 [main] INFO  db.DBStoreBuilder (DBStoreBuilder.java:processTables(161)) - Using default column profile:DBProfile.DISK for Table:prefixTable
2019-08-23 08:44:03,788 [main] INFO  db.DBStoreBuilder (DBStoreBuilder.java:addTable(110)) - using custom profile for table: default
2019-08-23 08:44:03,788 [main] INFO  db.DBStoreBuilder (DBStoreBuilder.java:processTables(167)) - Using default column profile:DBProfile.DISK for Table:default
2019-08-23 08:44:03,789 [main] INFO  db.DBStoreBuilder (DBStoreBuilder.java:getDbProfile(198)) - Using default options. DBProfile.DISK
2019-08-23 08:44:04,469 [main] INFO  ipc.CallQueueManager (CallQueueManager.java:<init>(84)) - Using callQueue: class java.util.concurrent.LinkedBlockingQueue, queueCapacity: 2000, scheduler: class org.apache.hadoop.ipc.DefaultRpcScheduler, ipcBackoff: false.
2019-08-23 08:44:04,470 [Socket Reader #1 for port 33162] INFO  ipc.Server (Server.java:run(1074)) - Starting Socket Reader #1 for port 33162
2019-08-23 08:44:04,490 [main] INFO  om.OzoneManager (OzoneManager.java:start(1259)) - OzoneManager RPC server is listening at localhost/127.0.0.1:33162
2019-08-23 08:44:04,490 [main] INFO  impl.MetricsSystemImpl (MetricsSystemImpl.java:init(158)) - OzoneManager metrics system started (again)
2019-08-23 08:44:04,492 [IPC Server Responder] INFO  ipc.Server (Server.java:run(1314)) - IPC Server Responder: starting
2019-08-23 08:44:04,492 [IPC Server listener on 33162] INFO  ipc.Server (Server.java:run(1153)) - IPC Server listener on 33162: starting
2019-08-23 08:44:04,497 [main] INFO  hdfs.DFSUtil (DFSUtil.java:httpServerTemplateForNNAndJN(1641)) - Starting Web-server for ozoneManager at: http://0.0.0.0:0
2019-08-23 08:44:04,499 [main] INFO  server.AuthenticationFilter (AuthenticationFilter.java:constructSecretProvider(240)) - Unable to initialize FileSignerSecretProvider, falling back to use random secrets.
2019-08-23 08:44:04,500 [main] WARN  http.HttpRequestLog (HttpRequestLog.java:getRequestLog(97)) - Jetty request log can only be enabled using Log4j
2019-08-23 08:44:04,503 [main] INFO  http.HttpServer2 (HttpServer2.java:addGlobalFilter(975)) - Added global filter 'safety' (class=org.apache.hadoop.http.HttpServer2$QuotingInputFilter)
2019-08-23 08:44:04,504 [main] INFO  http.HttpServer2 (HttpServer2.java:addFilter(948)) - Added filter static_user_filter (class=org.apache.hadoop.http.lib.StaticUserWebFilter$StaticUserFilter) to context ozoneManager
2019-08-23 08:44:04,504 [main] INFO  http.HttpServer2 (HttpServer2.java:addFilter(958)) - Added filter static_user_filter (class=org.apache.hadoop.http.lib.StaticUserWebFilter$StaticUserFilter) to context static
2019-08-23 08:44:04,504 [main] INFO  http.HttpServer2 (HttpServer2.java:addFilter(958)) - Added filter static_user_filter (class=org.apache.hadoop.http.lib.StaticUserWebFilter$StaticUserFilter) to context logs
2019-08-23 08:44:04,506 [main] INFO  http.HttpServer2 (HttpServer2.java:bindListener(1191)) - Jetty bound to port 35544
2019-08-23 08:44:04,507 [main] INFO  server.Server (Server.java:doStart(351)) - jetty-9.3.24.v20180605, build timestamp: 2018-06-05T17:11:56Z, git hash: 84205aa28f11a4f31f2a3b86d1bba2cc8ab69827
2019-08-23 08:44:04,509 [main] INFO  handler.ContextHandler (ContextHandler.java:doStart(781)) - Started o.e.j.s.ServletContextHandler@2c16fadb{/logs,file:///workdir/hadoop-ozone/integration-test/target/log,AVAILABLE}
2019-08-23 08:44:04,510 [main] INFO  handler.ContextHandler (ContextHandler.java:doStart(781)) - Started o.e.j.s.ServletContextHandler@2227a6c1{/static,file:///workdir/hadoop-ozone/integration-test/target/test-classes/webapps/static,AVAILABLE}
2019-08-23 08:44:04,516 [main] INFO  handler.ContextHandler (ContextHandler.java:doStart(781)) - Started o.e.j.w.WebAppContext@49601f82{/,file:///workdir/hadoop-ozone/integration-test/target/test-classes/webapps/ozoneManager/,AVAILABLE}{/ozoneManager}
2019-08-23 08:44:04,517 [main] INFO  server.AbstractConnector (AbstractConnector.java:doStart(278)) - Started ServerConnector@23e44287{HTTP/1.1,[http/1.1]}{0.0.0.0:35544}
2019-08-23 08:44:04,518 [main] INFO  server.Server (Server.java:doStart(419)) - Started @5043ms
2019-08-23 08:44:04,519 [main] INFO  server.BaseHttpServer (BaseHttpServer.java:updateConnectorAddress(213)) - HTTP server of OZONEMANAGER is listening at http://0.0.0.0:35544
2019-08-23 08:44:04,898 [main] INFO  impl.MetricsSystemImpl (MetricsSystemImpl.java:init(158)) - HddsDatanode metrics system started (again)
2019-08-23 08:44:04,987 [main] INFO  ozone.HddsDatanodeService (HddsDatanodeService.java:start(184)) - HddsDatanodeService host:pr-hdds-2022-djmxw-136905289 ip:192.168.36.124
2019-08-23 08:44:05,019 [main] INFO  volume.HddsVolume (HddsVolume.java:<init>(176)) - Creating Volume: /workdir/hadoop-ozone/integration-test/target/test-dir/MiniOzoneClusterImpl-ee747063-c070-4170-8f1b-294adf81e4a4/datanode-0/data/containers/hdds of  storage type : DISK and capacity : 1482555576320
2019-08-23 08:44:05,021 [main] INFO  volume.VolumeSet (VolumeSet.java:initializeVolumeSet(170)) - Added Volume : /workdir/hadoop-ozone/integration-test/target/test-dir/MiniOzoneClusterImpl-ee747063-c070-4170-8f1b-294adf81e4a4/datanode-0/data/containers/hdds to VolumeSet
2019-08-23 08:44:05,024 [main] INFO  volume.ThrottledAsyncChecker (ThrottledAsyncChecker.java:schedule(140)) - Scheduling a check for org.apache.hadoop.ozone.container.common.volume.HddsVolume@468be356
2019-08-23 08:44:05,042 [main] INFO  volume.HddsVolumeChecker (HddsVolumeChecker.java:checkAllVolumes(203)) - Scheduled health check for volume org.apache.hadoop.ozone.container.common.volume.HddsVolume@468be356
2019-08-23 08:44:05,174 [main] INFO  impl.RaftServerProxy (ConfUtils.java:logGet(43)) - raft.rpc.type = GRPC (default)
2019-08-23 08:44:05,260 [main] INFO  grpc.GrpcFactory (GrpcFactory.java:checkPooledByteBufAllocatorUseCacheForAllThreads(45)) - PERFORMANCE WARNING: useCacheForAllThreads is true that may cause Netty to create a lot garbage objects and, as a result, trigger GC.
	It is recommended to disable useCacheForAllThreads by setting -Dorg.apache.ratis.thirdparty.io.netty.allocator.useCacheForAllThreads=false in command line.
2019-08-23 08:44:05,266 [main] INFO  grpc.GrpcConfigKeys$Server (ConfUtils.java:logGet(43)) - raft.grpc.server.port = 0 (default)
2019-08-23 08:44:05,267 [main] INFO  server.GrpcService (ConfUtils.java:logGet(43)) - raft.grpc.message.size.max = 33570816 (custom)
2019-08-23 08:44:05,269 [main] INFO  server.RaftServerConfigKeys (ConfUtils.java:logGet(43)) - raft.server.log.appender.buffer.byte-limit = 33554432 (custom)
2019-08-23 08:44:05,270 [main] INFO  server.GrpcService (ConfUtils.java:logGet(43)) - raft.grpc.flow.control.window = 1MB (=1048576) (default)
2019-08-23 08:44:05,271 [main] INFO  server.RaftServerConfigKeys (ConfUtils.java:logGet(43)) - raft.server.rpc.request.timeout = 3000ms (default)
2019-08-23 08:44:05,433 [main] INFO  server.RaftServerConfigKeys (ConfUtils.java:logGet(43)) - raft.server.storage.dir = [/workdir/hadoop-ozone/integration-test/target/test-dir/MiniOzoneClusterImpl-ee747063-c070-4170-8f1b-294adf81e4a4/datanode-0/data/ratis] (custom)
2019-08-23 08:44:05,471 [main] INFO  replication.SimpleContainerDownloader (SimpleContainerDownloader.java:<init>(72)) - Starting container downloader service to copy containers to replicate.
2019-08-23 08:44:05,484 [main] INFO  hdfs.DFSUtil (DFSUtil.java:httpServerTemplateForNNAndJN(1641)) - Starting Web-server for hddsDatanode at: http://0.0.0.0:0
2019-08-23 08:44:05,486 [main] INFO  server.AuthenticationFilter (AuthenticationFilter.java:constructSecretProvider(240)) - Unable to initialize FileSignerSecretProvider, falling back to use random secrets.
2019-08-23 08:44:05,487 [main] WARN  http.HttpRequestLog (HttpRequestLog.java:getRequestLog(97)) - Jetty request log can only be enabled using Log4j
2019-08-23 08:44:05,489 [main] INFO  http.HttpServer2 (HttpServer2.java:addGlobalFilter(975)) - Added global filter 'safety' (class=org.apache.hadoop.http.HttpServer2$QuotingInputFilter)
2019-08-23 08:44:05,489 [main] INFO  http.HttpServer2 (HttpServer2.java:addFilter(948)) - Added filter static_user_filter (class=org.apache.hadoop.http.lib.StaticUserWebFilter$StaticUserFilter) to context hddsDatanode
2019-08-23 08:44:05,489 [main] INFO  http.HttpServer2 (HttpServer2.java:addFilter(958)) - Added filter static_user_filter (class=org.apache.hadoop.http.lib.StaticUserWebFilter$StaticUserFilter) to context static
2019-08-23 08:44:05,490 [main] INFO  http.HttpServer2 (HttpServer2.java:addFilter(958)) - Added filter static_user_filter (class=org.apache.hadoop.http.lib.StaticUserWebFilter$StaticUserFilter) to context logs
2019-08-23 08:44:05,491 [main] INFO  http.HttpServer2 (HttpServer2.java:bindListener(1191)) - Jetty bound to port 45430
2019-08-23 08:44:05,491 [main] INFO  server.Server (Server.java:doStart(351)) - jetty-9.3.24.v20180605, build timestamp: 2018-06-05T17:11:56Z, git hash: 84205aa28f11a4f31f2a3b86d1bba2cc8ab69827
2019-08-23 08:44:05,493 [main] INFO  handler.ContextHandler (ContextHandler.java:doStart(781)) - Started o.e.j.s.ServletContextHandler@22eaa86e{/logs,file:///workdir/hadoop-ozone/integration-test/target/log,AVAILABLE}
2019-08-23 08:44:05,494 [main] INFO  handler.ContextHandler (ContextHandler.java:doStart(781)) - Started o.e.j.s.ServletContextHandler@1cc680e{/static,jar:file:/home/user/.m2/repository/org/apache/hadoop/hadoop-hdds-container-service/0.5.0-SNAPSHOT/hadoop-hdds-container-service-0.5.0-SNAPSHOT.jar!/webapps/static,AVAILABLE}
2019-08-23 08:44:05,540 [main] INFO  handler.ContextHandler (ContextHandler.java:doStart(781)) - Started o.e.j.w.WebAppContext@a5272be{/,file:///tmp/jetty-0.0.0.0-45430-hddsDatanode-_-any-2587067788557859634.dir/webapp/,AVAILABLE}{/hddsDatanode}
2019-08-23 08:44:05,542 [main] INFO  server.AbstractConnector (AbstractConnector.java:doStart(278)) - Started ServerConnector@58ba5b30{HTTP/1.1,[http/1.1]}{0.0.0.0:45430}
2019-08-23 08:44:05,543 [main] INFO  server.Server (Server.java:doStart(419)) - Started @6067ms
2019-08-23 08:44:05,544 [main] INFO  server.BaseHttpServer (BaseHttpServer.java:updateConnectorAddress(213)) - HTTP server of HDDSDATANODE is listening at http://0.0.0.0:45430
2019-08-23 08:44:06,761 | INFO  | ObjectStoreRestHttpServer | Listening HDDS REST traffic on /0.0.0.0:43347 |  
2019-08-23 08:44:06,762 [main] INFO  ozone.HddsDatanodeService (HddsDatanodeService.java:startPlugins(395)) - Started plug-in org.apache.hadoop.ozone.web.OzoneHddsDatanodeService@1213ffbc
2019-08-23 08:44:06,763 [main] INFO  impl.MetricsSystemImpl (MetricsSystemImpl.java:init(158)) - HddsDatanode metrics system started (again)
2019-08-23 08:44:06,766 [main] INFO  ozone.HddsDatanodeService (HddsDatanodeService.java:start(184)) - HddsDatanodeService host:pr-hdds-2022-djmxw-136905289 ip:192.168.36.124
2019-08-23 08:44:06,770 [org.apache.hadoop.util.JvmPauseMonitor$Monitor@259e5b9d] INFO  util.JvmPauseMonitor (JvmPauseMonitor.java:run(188)) - Starting JVM pause monitor
2019-08-23 08:44:06,774 [main] INFO  volume.HddsVolume (HddsVolume.java:<init>(176)) - Creating Volume: /workdir/hadoop-ozone/integration-test/target/test-dir/MiniOzoneClusterImpl-ee747063-c070-4170-8f1b-294adf81e4a4/datanode-1/data/containers/hdds of  storage type : DISK and capacity : 1482555576320
2019-08-23 08:44:06,775 [main] INFO  volume.VolumeSet (VolumeSet.java:initializeVolumeSet(170)) - Added Volume : /workdir/hadoop-ozone/integration-test/target/test-dir/MiniOzoneClusterImpl-ee747063-c070-4170-8f1b-294adf81e4a4/datanode-1/data/containers/hdds to VolumeSet
2019-08-23 08:44:06,775 [main] INFO  volume.ThrottledAsyncChecker (ThrottledAsyncChecker.java:schedule(140)) - Scheduling a check for org.apache.hadoop.ozone.container.common.volume.HddsVolume@2abafa97
2019-08-23 08:44:06,776 [main] INFO  volume.HddsVolumeChecker (HddsVolumeChecker.java:checkAllVolumes(203)) - Scheduled health check for volume org.apache.hadoop.ozone.container.common.volume.HddsVolume@2abafa97
2019-08-23 08:44:06,796 [main] INFO  impl.RaftServerProxy (ConfUtils.java:logGet(43)) - raft.rpc.type = GRPC (default)
2019-08-23 08:44:06,796 [main] INFO  grpc.GrpcFactory (GrpcFactory.java:checkPooledByteBufAllocatorUseCacheForAllThreads(45)) - PERFORMANCE WARNING: useCacheForAllThreads is true that may cause Netty to create a lot garbage objects and, as a result, trigger GC.
	It is recommended to disable useCacheForAllThreads by setting -Dorg.apache.ratis.thirdparty.io.netty.allocator.useCacheForAllThreads=false in command line.
2019-08-23 08:44:06,796 [main] INFO  grpc.GrpcConfigKeys$Server (ConfUtils.java:logGet(43)) - raft.grpc.server.port = 0 (default)
2019-08-23 08:44:06,797 [main] INFO  server.GrpcService (ConfUtils.java:logGet(43)) - raft.grpc.message.size.max = 33570816 (custom)
2019-08-23 08:44:06,797 [main] INFO  server.RaftServerConfigKeys (ConfUtils.java:logGet(43)) - raft.server.log.appender.buffer.byte-limit = 33554432 (custom)
2019-08-23 08:44:06,797 [main] INFO  server.GrpcService (ConfUtils.java:logGet(43)) - raft.grpc.flow.control.window = 1MB (=1048576) (default)
2019-08-23 08:44:06,797 [main] INFO  server.RaftServerConfigKeys (ConfUtils.java:logGet(43)) - raft.server.rpc.request.timeout = 3000ms (default)
2019-08-23 08:44:06,798 [main] INFO  server.RaftServerConfigKeys (ConfUtils.java:logGet(43)) - raft.server.storage.dir = [/workdir/hadoop-ozone/integration-test/target/test-dir/MiniOzoneClusterImpl-ee747063-c070-4170-8f1b-294adf81e4a4/datanode-1/data/ratis] (custom)
2019-08-23 08:44:06,799 [main] INFO  replication.SimpleContainerDownloader (SimpleContainerDownloader.java:<init>(72)) - Starting container downloader service to copy containers to replicate.
2019-08-23 08:44:06,800 [main] INFO  hdfs.DFSUtil (DFSUtil.java:httpServerTemplateForNNAndJN(1641)) - Starting Web-server for hddsDatanode at: http://0.0.0.0:0
2019-08-23 08:44:06,802 [main] INFO  server.AuthenticationFilter (AuthenticationFilter.java:constructSecretProvider(240)) - Unable to initialize FileSignerSecretProvider, falling back to use random secrets.
2019-08-23 08:44:06,803 [main] WARN  http.HttpRequestLog (HttpRequestLog.java:getRequestLog(97)) - Jetty request log can only be enabled using Log4j
2019-08-23 08:44:06,804 [main] INFO  http.HttpServer2 (HttpServer2.java:addGlobalFilter(975)) - Added global filter 'safety' (class=org.apache.hadoop.http.HttpServer2$QuotingInputFilter)
2019-08-23 08:44:06,805 [main] INFO  http.HttpServer2 (HttpServer2.java:addFilter(948)) - Added filter static_user_filter (class=org.apache.hadoop.http.lib.StaticUserWebFilter$StaticUserFilter) to context hddsDatanode
2019-08-23 08:44:06,805 [main] INFO  http.HttpServer2 (HttpServer2.java:addFilter(958)) - Added filter static_user_filter (class=org.apache.hadoop.http.lib.StaticUserWebFilter$StaticUserFilter) to context static
2019-08-23 08:44:06,805 [main] INFO  http.HttpServer2 (HttpServer2.java:addFilter(958)) - Added filter static_user_filter (class=org.apache.hadoop.http.lib.StaticUserWebFilter$StaticUserFilter) to context logs
2019-08-23 08:44:06,806 [main] INFO  http.HttpServer2 (HttpServer2.java:bindListener(1191)) - Jetty bound to port 34477
2019-08-23 08:44:06,806 [main] INFO  server.Server (Server.java:doStart(351)) - jetty-9.3.24.v20180605, build timestamp: 2018-06-05T17:11:56Z, git hash: 84205aa28f11a4f31f2a3b86d1bba2cc8ab69827
2019-08-23 08:44:06,810 [main] INFO  handler.ContextHandler (ContextHandler.java:doStart(781)) - Started o.e.j.s.ServletContextHandler@dbddbe3{/logs,file:///workdir/hadoop-ozone/integration-test/target/log,AVAILABLE}
2019-08-23 08:44:06,810 [main] INFO  handler.ContextHandler (ContextHandler.java:doStart(781)) - Started o.e.j.s.ServletContextHandler@44aa2e13{/static,jar:file:/home/user/.m2/repository/org/apache/hadoop/hadoop-hdds-container-service/0.5.0-SNAPSHOT/hadoop-hdds-container-service-0.5.0-SNAPSHOT.jar!/webapps/static,AVAILABLE}
2019-08-23 08:44:06,845 [main] INFO  handler.ContextHandler (ContextHandler.java:doStart(781)) - Started o.e.j.w.WebAppContext@28ee0a3c{/,file:///tmp/jetty-0.0.0.0-34477-hddsDatanode-_-any-1103213175047873048.dir/webapp/,AVAILABLE}{/hddsDatanode}
2019-08-23 08:44:06,847 [main] INFO  server.AbstractConnector (AbstractConnector.java:doStart(278)) - Started ServerConnector@2dd1086{HTTP/1.1,[http/1.1]}{0.0.0.0:34477}
2019-08-23 08:44:06,848 [main] INFO  server.Server (Server.java:doStart(419)) - Started @7373ms
2019-08-23 08:44:06,849 [main] INFO  server.BaseHttpServer (BaseHttpServer.java:updateConnectorAddress(213)) - HTTP server of HDDSDATANODE is listening at http://0.0.0.0:34477
2019-08-23 08:44:06,907 [Datanode State Machine Thread - 0] INFO  datanode.InitDatanodeState (InitDatanodeState.java:persistContainerDatanodeDetails(140)) - DatanodeDetails is persisted to /workdir/hadoop-ozone/integration-test/target/test-dir/MiniOzoneClusterImpl-ee747063-c070-4170-8f1b-294adf81e4a4/datanode-0/meta/datanode.id
2019-08-23 08:44:07,035 | INFO  | ObjectStoreRestHttpServer | Listening HDDS REST traffic on /0.0.0.0:45798 |  
2019-08-23 08:44:07,035 [main] INFO  ozone.HddsDatanodeService (HddsDatanodeService.java:startPlugins(395)) - Started plug-in org.apache.hadoop.ozone.web.OzoneHddsDatanodeService@4a864d4d
2019-08-23 08:44:07,036 [main] INFO  impl.MetricsSystemImpl (MetricsSystemImpl.java:init(158)) - HddsDatanode metrics system started (again)
2019-08-23 08:44:07,039 [org.apache.hadoop.util.JvmPauseMonitor$Monitor@5056f24d] INFO  util.JvmPauseMonitor (JvmPauseMonitor.java:run(188)) - Starting JVM pause monitor
2019-08-23 08:44:07,040 [main] INFO  ozone.HddsDatanodeService (HddsDatanodeService.java:start(184)) - HddsDatanodeService host:pr-hdds-2022-djmxw-136905289 ip:192.168.36.124
2019-08-23 08:44:07,043 [Datanode State Machine Thread - 0] INFO  datanode.InitDatanodeState (InitDatanodeState.java:persistContainerDatanodeDetails(140)) - DatanodeDetails is persisted to /workdir/hadoop-ozone/integration-test/target/test-dir/MiniOzoneClusterImpl-ee747063-c070-4170-8f1b-294adf81e4a4/datanode-1/meta/datanode.id
2019-08-23 08:44:07,049 [main] INFO  volume.HddsVolume (HddsVolume.java:<init>(176)) - Creating Volume: /workdir/hadoop-ozone/integration-test/target/test-dir/MiniOzoneClusterImpl-ee747063-c070-4170-8f1b-294adf81e4a4/datanode-2/data/containers/hdds of  storage type : DISK and capacity : 1482555576320
2019-08-23 08:44:07,051 [main] INFO  volume.VolumeSet (VolumeSet.java:initializeVolumeSet(170)) - Added Volume : /workdir/hadoop-ozone/integration-test/target/test-dir/MiniOzoneClusterImpl-ee747063-c070-4170-8f1b-294adf81e4a4/datanode-2/data/containers/hdds to VolumeSet
2019-08-23 08:44:07,052 [main] INFO  volume.ThrottledAsyncChecker (ThrottledAsyncChecker.java:schedule(140)) - Scheduling a check for org.apache.hadoop.ozone.container.common.volume.HddsVolume@5db3d57c
2019-08-23 08:44:07,052 [main] INFO  volume.HddsVolumeChecker (HddsVolumeChecker.java:checkAllVolumes(203)) - Scheduled health check for volume org.apache.hadoop.ozone.container.common.volume.HddsVolume@5db3d57c
2019-08-23 08:44:07,069 [main] INFO  impl.RaftServerProxy (ConfUtils.java:logGet(43)) - raft.rpc.type = GRPC (default)
2019-08-23 08:44:07,069 [main] INFO  grpc.GrpcFactory (GrpcFactory.java:checkPooledByteBufAllocatorUseCacheForAllThreads(45)) - PERFORMANCE WARNING: useCacheForAllThreads is true that may cause Netty to create a lot garbage objects and, as a result, trigger GC.
	It is recommended to disable useCacheForAllThreads by setting -Dorg.apache.ratis.thirdparty.io.netty.allocator.useCacheForAllThreads=false in command line.
2019-08-23 08:44:07,069 [main] INFO  grpc.GrpcConfigKeys$Server (ConfUtils.java:logGet(43)) - raft.grpc.server.port = 0 (default)
2019-08-23 08:44:07,070 [main] INFO  server.GrpcService (ConfUtils.java:logGet(43)) - raft.grpc.message.size.max = 33570816 (custom)
2019-08-23 08:44:07,070 [main] INFO  server.RaftServerConfigKeys (ConfUtils.java:logGet(43)) - raft.server.log.appender.buffer.byte-limit = 33554432 (custom)
2019-08-23 08:44:07,070 [main] INFO  server.GrpcService (ConfUtils.java:logGet(43)) - raft.grpc.flow.control.window = 1MB (=1048576) (default)
2019-08-23 08:44:07,070 [main] INFO  server.RaftServerConfigKeys (ConfUtils.java:logGet(43)) - raft.server.rpc.request.timeout = 3000ms (default)
2019-08-23 08:44:07,071 [main] INFO  server.RaftServerConfigKeys (ConfUtils.java:logGet(43)) - raft.server.storage.dir = [/workdir/hadoop-ozone/integration-test/target/test-dir/MiniOzoneClusterImpl-ee747063-c070-4170-8f1b-294adf81e4a4/datanode-2/data/ratis] (custom)
2019-08-23 08:44:07,072 [main] INFO  replication.SimpleContainerDownloader (SimpleContainerDownloader.java:<init>(72)) - Starting container downloader service to copy containers to replicate.
2019-08-23 08:44:07,073 [main] INFO  hdfs.DFSUtil (DFSUtil.java:httpServerTemplateForNNAndJN(1641)) - Starting Web-server for hddsDatanode at: http://0.0.0.0:0
2019-08-23 08:44:07,074 [main] INFO  server.AuthenticationFilter (AuthenticationFilter.java:constructSecretProvider(240)) - Unable to initialize FileSignerSecretProvider, falling back to use random secrets.
2019-08-23 08:44:07,075 [main] WARN  http.HttpRequestLog (HttpRequestLog.java:getRequestLog(97)) - Jetty request log can only be enabled using Log4j
2019-08-23 08:44:07,076 [main] INFO  http.HttpServer2 (HttpServer2.java:addGlobalFilter(975)) - Added global filter 'safety' (class=org.apache.hadoop.http.HttpServer2$QuotingInputFilter)
2019-08-23 08:44:07,077 [main] INFO  http.HttpServer2 (HttpServer2.java:addFilter(948)) - Added filter static_user_filter (class=org.apache.hadoop.http.lib.StaticUserWebFilter$StaticUserFilter) to context hddsDatanode
2019-08-23 08:44:07,077 [main] INFO  http.HttpServer2 (HttpServer2.java:addFilter(958)) - Added filter static_user_filter (class=org.apache.hadoop.http.lib.StaticUserWebFilter$StaticUserFilter) to context static
2019-08-23 08:44:07,077 [main] INFO  http.HttpServer2 (HttpServer2.java:addFilter(958)) - Added filter static_user_filter (class=org.apache.hadoop.http.lib.StaticUserWebFilter$StaticUserFilter) to context logs
2019-08-23 08:44:07,078 [main] INFO  http.HttpServer2 (HttpServer2.java:bindListener(1191)) - Jetty bound to port 37129
2019-08-23 08:44:07,078 [main] INFO  server.Server (Server.java:doStart(351)) - jetty-9.3.24.v20180605, build timestamp: 2018-06-05T17:11:56Z, git hash: 84205aa28f11a4f31f2a3b86d1bba2cc8ab69827
2019-08-23 08:44:07,080 [main] INFO  handler.ContextHandler (ContextHandler.java:doStart(781)) - Started o.e.j.s.ServletContextHandler@5e85c21b{/logs,file:///workdir/hadoop-ozone/integration-test/target/log,AVAILABLE}
2019-08-23 08:44:07,081 [main] INFO  handler.ContextHandler (ContextHandler.java:doStart(781)) - Started o.e.j.s.ServletContextHandler@38e83838{/static,jar:file:/home/user/.m2/repository/org/apache/hadoop/hadoop-hdds-container-service/0.5.0-SNAPSHOT/hadoop-hdds-container-service-0.5.0-SNAPSHOT.jar!/webapps/static,AVAILABLE}
2019-08-23 08:44:07,110 [main] INFO  handler.ContextHandler (ContextHandler.java:doStart(781)) - Started o.e.j.w.WebAppContext@40df6090{/,file:///tmp/jetty-0.0.0.0-37129-hddsDatanode-_-any-1353191464411669710.dir/webapp/,AVAILABLE}{/hddsDatanode}
2019-08-23 08:44:07,112 [main] INFO  server.AbstractConnector (AbstractConnector.java:doStart(278)) - Started ServerConnector@8c0a23f{HTTP/1.1,[http/1.1]}{0.0.0.0:37129}
2019-08-23 08:44:07,112 [main] INFO  server.Server (Server.java:doStart(419)) - Started @7636ms
2019-08-23 08:44:07,113 [main] INFO  server.BaseHttpServer (BaseHttpServer.java:updateConnectorAddress(213)) - HTTP server of HDDSDATANODE is listening at http://0.0.0.0:37129
2019-08-23 08:44:07,270 | INFO  | ObjectStoreRestHttpServer | Listening HDDS REST traffic on /0.0.0.0:43124 |  
2019-08-23 08:44:07,270 [main] INFO  ozone.HddsDatanodeService (HddsDatanodeService.java:startPlugins(395)) - Started plug-in org.apache.hadoop.ozone.web.OzoneHddsDatanodeService@2801827a
2019-08-23 08:44:07,270 [main] INFO  impl.MetricsSystemImpl (MetricsSystemImpl.java:init(158)) - HddsDatanode metrics system started (again)
2019-08-23 08:44:07,273 [org.apache.hadoop.util.JvmPauseMonitor$Monitor@2ee2d28c] INFO  util.JvmPauseMonitor (JvmPauseMonitor.java:run(188)) - Starting JVM pause monitor
2019-08-23 08:44:07,274 [main] INFO  ozone.HddsDatanodeService (HddsDatanodeService.java:start(184)) - HddsDatanodeService host:pr-hdds-2022-djmxw-136905289 ip:192.168.36.124
2019-08-23 08:44:07,275 [Datanode State Machine Thread - 0] INFO  datanode.InitDatanodeState (InitDatanodeState.java:persistContainerDatanodeDetails(140)) - DatanodeDetails is persisted to /workdir/hadoop-ozone/integration-test/target/test-dir/MiniOzoneClusterImpl-ee747063-c070-4170-8f1b-294adf81e4a4/datanode-2/meta/datanode.id
2019-08-23 08:44:07,280 [main] INFO  volume.HddsVolume (HddsVolume.java:<init>(176)) - Creating Volume: /workdir/hadoop-ozone/integration-test/target/test-dir/MiniOzoneClusterImpl-ee747063-c070-4170-8f1b-294adf81e4a4/datanode-3/data/containers/hdds of  storage type : DISK and capacity : 1482555576320
2019-08-23 08:44:07,281 [main] INFO  volume.VolumeSet (VolumeSet.java:initializeVolumeSet(170)) - Added Volume : /workdir/hadoop-ozone/integration-test/target/test-dir/MiniOzoneClusterImpl-ee747063-c070-4170-8f1b-294adf81e4a4/datanode-3/data/containers/hdds to VolumeSet
2019-08-23 08:44:07,281 [main] INFO  volume.ThrottledAsyncChecker (ThrottledAsyncChecker.java:schedule(140)) - Scheduling a check for org.apache.hadoop.ozone.container.common.volume.HddsVolume@2725ca05
2019-08-23 08:44:07,281 [main] INFO  volume.HddsVolumeChecker (HddsVolumeChecker.java:checkAllVolumes(203)) - Scheduled health check for volume org.apache.hadoop.ozone.container.common.volume.HddsVolume@2725ca05
2019-08-23 08:44:07,296 [main] INFO  impl.RaftServerProxy (ConfUtils.java:logGet(43)) - raft.rpc.type = GRPC (default)
2019-08-23 08:44:07,297 [main] INFO  grpc.GrpcFactory (GrpcFactory.java:checkPooledByteBufAllocatorUseCacheForAllThreads(45)) - PERFORMANCE WARNING: useCacheForAllThreads is true that may cause Netty to create a lot garbage objects and, as a result, trigger GC.
	It is recommended to disable useCacheForAllThreads by setting -Dorg.apache.ratis.thirdparty.io.netty.allocator.useCacheForAllThreads=false in command line.
2019-08-23 08:44:07,297 [main] INFO  grpc.GrpcConfigKeys$Server (ConfUtils.java:logGet(43)) - raft.grpc.server.port = 0 (default)
2019-08-23 08:44:07,297 [main] INFO  server.GrpcService (ConfUtils.java:logGet(43)) - raft.grpc.message.size.max = 33570816 (custom)
2019-08-23 08:44:07,297 [main] INFO  server.RaftServerConfigKeys (ConfUtils.java:logGet(43)) - raft.server.log.appender.buffer.byte-limit = 33554432 (custom)
2019-08-23 08:44:07,298 [main] INFO  server.GrpcService (ConfUtils.java:logGet(43)) - raft.grpc.flow.control.window = 1MB (=1048576) (default)
2019-08-23 08:44:07,298 [main] INFO  server.RaftServerConfigKeys (ConfUtils.java:logGet(43)) - raft.server.rpc.request.timeout = 3000ms (default)
2019-08-23 08:44:07,298 [main] INFO  server.RaftServerConfigKeys (ConfUtils.java:logGet(43)) - raft.server.storage.dir = [/workdir/hadoop-ozone/integration-test/target/test-dir/MiniOzoneClusterImpl-ee747063-c070-4170-8f1b-294adf81e4a4/datanode-3/data/ratis] (custom)
2019-08-23 08:44:07,299 [main] INFO  replication.SimpleContainerDownloader (SimpleContainerDownloader.java:<init>(72)) - Starting container downloader service to copy containers to replicate.
2019-08-23 08:44:07,301 [main] INFO  hdfs.DFSUtil (DFSUtil.java:httpServerTemplateForNNAndJN(1641)) - Starting Web-server for hddsDatanode at: http://0.0.0.0:0
2019-08-23 08:44:07,302 [main] INFO  server.AuthenticationFilter (AuthenticationFilter.java:constructSecretProvider(240)) - Unable to initialize FileSignerSecretProvider, falling back to use random secrets.
2019-08-23 08:44:07,303 [main] WARN  http.HttpRequestLog (HttpRequestLog.java:getRequestLog(97)) - Jetty request log can only be enabled using Log4j
2019-08-23 08:44:07,305 [main] INFO  http.HttpServer2 (HttpServer2.java:addGlobalFilter(975)) - Added global filter 'safety' (class=org.apache.hadoop.http.HttpServer2$QuotingInputFilter)
2019-08-23 08:44:07,305 [main] INFO  http.HttpServer2 (HttpServer2.java:addFilter(948)) - Added filter static_user_filter (class=org.apache.hadoop.http.lib.StaticUserWebFilter$StaticUserFilter) to context hddsDatanode
2019-08-23 08:44:07,306 [main] INFO  http.HttpServer2 (HttpServer2.java:addFilter(958)) - Added filter static_user_filter (class=org.apache.hadoop.http.lib.StaticUserWebFilter$StaticUserFilter) to context static
2019-08-23 08:44:07,306 [main] INFO  http.HttpServer2 (HttpServer2.java:addFilter(958)) - Added filter static_user_filter (class=org.apache.hadoop.http.lib.StaticUserWebFilter$StaticUserFilter) to context logs
2019-08-23 08:44:07,307 [main] INFO  http.HttpServer2 (HttpServer2.java:bindListener(1191)) - Jetty bound to port 39044
2019-08-23 08:44:07,307 [main] INFO  server.Server (Server.java:doStart(351)) - jetty-9.3.24.v20180605, build timestamp: 2018-06-05T17:11:56Z, git hash: 84205aa28f11a4f31f2a3b86d1bba2cc8ab69827
2019-08-23 08:44:07,311 [main] INFO  handler.ContextHandler (ContextHandler.java:doStart(781)) - Started o.e.j.s.ServletContextHandler@6b70d1fb{/logs,file:///workdir/hadoop-ozone/integration-test/target/log,AVAILABLE}
2019-08-23 08:44:07,312 [main] INFO  handler.ContextHandler (ContextHandler.java:doStart(781)) - Started o.e.j.s.ServletContextHandler@7da1e005{/static,jar:file:/home/user/.m2/repository/org/apache/hadoop/hadoop-hdds-container-service/0.5.0-SNAPSHOT/hadoop-hdds-container-service-0.5.0-SNAPSHOT.jar!/webapps/static,AVAILABLE}
2019-08-23 08:44:07,341 [main] INFO  handler.ContextHandler (ContextHandler.java:doStart(781)) - Started o.e.j.w.WebAppContext@4f3356c0{/,file:///tmp/jetty-0.0.0.0-39044-hddsDatanode-_-any-1072323678285654906.dir/webapp/,AVAILABLE}{/hddsDatanode}
2019-08-23 08:44:07,342 [main] INFO  server.AbstractConnector (AbstractConnector.java:doStart(278)) - Started ServerConnector@586cc15d{HTTP/1.1,[http/1.1]}{0.0.0.0:39044}
2019-08-23 08:44:07,343 [main] INFO  server.Server (Server.java:doStart(419)) - Started @7867ms
2019-08-23 08:44:07,343 [main] INFO  server.BaseHttpServer (BaseHttpServer.java:updateConnectorAddress(213)) - HTTP server of HDDSDATANODE is listening at http://0.0.0.0:39044
2019-08-23 08:44:07,529 | INFO  | ObjectStoreRestHttpServer | Listening HDDS REST traffic on /0.0.0.0:33823 |  
2019-08-23 08:44:07,529 [main] INFO  ozone.HddsDatanodeService (HddsDatanodeService.java:startPlugins(395)) - Started plug-in org.apache.hadoop.ozone.web.OzoneHddsDatanodeService@2fde9469
2019-08-23 08:44:07,530 [main] INFO  impl.MetricsSystemImpl (MetricsSystemImpl.java:init(158)) - HddsDatanode metrics system started (again)
2019-08-23 08:44:07,534 [org.apache.hadoop.util.JvmPauseMonitor$Monitor@36ab4c8e] INFO  util.JvmPauseMonitor (JvmPauseMonitor.java:run(188)) - Starting JVM pause monitor
2019-08-23 08:44:07,534 [main] INFO  ozone.HddsDatanodeService (HddsDatanodeService.java:start(184)) - HddsDatanodeService host:pr-hdds-2022-djmxw-136905289 ip:192.168.36.124
2019-08-23 08:44:07,536 [Datanode State Machine Thread - 0] INFO  datanode.InitDatanodeState (InitDatanodeState.java:persistContainerDatanodeDetails(140)) - DatanodeDetails is persisted to /workdir/hadoop-ozone/integration-test/target/test-dir/MiniOzoneClusterImpl-ee747063-c070-4170-8f1b-294adf81e4a4/datanode-3/meta/datanode.id
2019-08-23 08:44:07,542 [main] INFO  volume.HddsVolume (HddsVolume.java:<init>(176)) - Creating Volume: /workdir/hadoop-ozone/integration-test/target/test-dir/MiniOzoneClusterImpl-ee747063-c070-4170-8f1b-294adf81e4a4/datanode-4/data/containers/hdds of  storage type : DISK and capacity : 1482555576320
2019-08-23 08:44:07,543 [main] INFO  volume.VolumeSet (VolumeSet.java:initializeVolumeSet(170)) - Added Volume : /workdir/hadoop-ozone/integration-test/target/test-dir/MiniOzoneClusterImpl-ee747063-c070-4170-8f1b-294adf81e4a4/datanode-4/data/containers/hdds to VolumeSet
2019-08-23 08:44:07,543 [main] INFO  volume.ThrottledAsyncChecker (ThrottledAsyncChecker.java:schedule(140)) - Scheduling a check for org.apache.hadoop.ozone.container.common.volume.HddsVolume@646d810b
2019-08-23 08:44:07,543 [main] INFO  volume.HddsVolumeChecker (HddsVolumeChecker.java:checkAllVolumes(203)) - Scheduled health check for volume org.apache.hadoop.ozone.container.common.volume.HddsVolume@646d810b
2019-08-23 08:44:07,563 [main] INFO  impl.RaftServerProxy (ConfUtils.java:logGet(43)) - raft.rpc.type = GRPC (default)
2019-08-23 08:44:07,563 [main] INFO  grpc.GrpcFactory (GrpcFactory.java:checkPooledByteBufAllocatorUseCacheForAllThreads(45)) - PERFORMANCE WARNING: useCacheForAllThreads is true that may cause Netty to create a lot garbage objects and, as a result, trigger GC.
	It is recommended to disable useCacheForAllThreads by setting -Dorg.apache.ratis.thirdparty.io.netty.allocator.useCacheForAllThreads=false in command line.
2019-08-23 08:44:07,564 [main] INFO  grpc.GrpcConfigKeys$Server (ConfUtils.java:logGet(43)) - raft.grpc.server.port = 0 (default)
2019-08-23 08:44:07,564 [main] INFO  server.GrpcService (ConfUtils.java:logGet(43)) - raft.grpc.message.size.max = 33570816 (custom)
2019-08-23 08:44:07,565 [main] INFO  server.RaftServerConfigKeys (ConfUtils.java:logGet(43)) - raft.server.log.appender.buffer.byte-limit = 33554432 (custom)
2019-08-23 08:44:07,565 [main] INFO  server.GrpcService (ConfUtils.java:logGet(43)) - raft.grpc.flow.control.window = 1MB (=1048576) (default)
2019-08-23 08:44:07,565 [main] INFO  server.RaftServerConfigKeys (ConfUtils.java:logGet(43)) - raft.server.rpc.request.timeout = 3000ms (default)
2019-08-23 08:44:07,567 [main] INFO  server.RaftServerConfigKeys (ConfUtils.java:logGet(43)) - raft.server.storage.dir = [/workdir/hadoop-ozone/integration-test/target/test-dir/MiniOzoneClusterImpl-ee747063-c070-4170-8f1b-294adf81e4a4/datanode-4/data/ratis] (custom)
2019-08-23 08:44:07,568 [main] INFO  replication.SimpleContainerDownloader (SimpleContainerDownloader.java:<init>(72)) - Starting container downloader service to copy containers to replicate.
2019-08-23 08:44:07,569 [main] INFO  hdfs.DFSUtil (DFSUtil.java:httpServerTemplateForNNAndJN(1641)) - Starting Web-server for hddsDatanode at: http://0.0.0.0:0
2019-08-23 08:44:07,571 [main] INFO  server.AuthenticationFilter (AuthenticationFilter.java:constructSecretProvider(240)) - Unable to initialize FileSignerSecretProvider, falling back to use random secrets.
2019-08-23 08:44:07,572 [main] WARN  http.HttpRequestLog (HttpRequestLog.java:getRequestLog(97)) - Jetty request log can only be enabled using Log4j
2019-08-23 08:44:07,574 [main] INFO  http.HttpServer2 (HttpServer2.java:addGlobalFilter(975)) - Added global filter 'safety' (class=org.apache.hadoop.http.HttpServer2$QuotingInputFilter)
2019-08-23 08:44:07,575 [main] INFO  http.HttpServer2 (HttpServer2.java:addFilter(948)) - Added filter static_user_filter (class=org.apache.hadoop.http.lib.StaticUserWebFilter$StaticUserFilter) to context hddsDatanode
2019-08-23 08:44:07,576 [main] INFO  http.HttpServer2 (HttpServer2.java:addFilter(958)) - Added filter static_user_filter (class=org.apache.hadoop.http.lib.StaticUserWebFilter$StaticUserFilter) to context logs
2019-08-23 08:44:07,576 [main] INFO  http.HttpServer2 (HttpServer2.java:addFilter(958)) - Added filter static_user_filter (class=org.apache.hadoop.http.lib.StaticUserWebFilter$StaticUserFilter) to context static
2019-08-23 08:44:07,577 [main] INFO  http.HttpServer2 (HttpServer2.java:bindListener(1191)) - Jetty bound to port 33373
2019-08-23 08:44:07,577 [main] INFO  server.Server (Server.java:doStart(351)) - jetty-9.3.24.v20180605, build timestamp: 2018-06-05T17:11:56Z, git hash: 84205aa28f11a4f31f2a3b86d1bba2cc8ab69827
2019-08-23 08:44:07,580 [main] INFO  handler.ContextHandler (ContextHandler.java:doStart(781)) - Started o.e.j.s.ServletContextHandler@5329f6b3{/logs,file:///workdir/hadoop-ozone/integration-test/target/log,AVAILABLE}
2019-08-23 08:44:07,581 [main] INFO  handler.ContextHandler (ContextHandler.java:doStart(781)) - Started o.e.j.s.ServletContextHandler@77324a58{/static,jar:file:/home/user/.m2/repository/org/apache/hadoop/hadoop-hdds-container-service/0.5.0-SNAPSHOT/hadoop-hdds-container-service-0.5.0-SNAPSHOT.jar!/webapps/static,AVAILABLE}
2019-08-23 08:44:07,620 [main] INFO  handler.ContextHandler (ContextHandler.java:doStart(781)) - Started o.e.j.w.WebAppContext@6dd79214{/,file:///tmp/jetty-0.0.0.0-33373-hddsDatanode-_-any-5201901143023935360.dir/webapp/,AVAILABLE}{/hddsDatanode}
2019-08-23 08:44:07,622 [main] INFO  server.AbstractConnector (AbstractConnector.java:doStart(278)) - Started ServerConnector@ef86c72{HTTP/1.1,[http/1.1]}{0.0.0.0:33373}
2019-08-23 08:44:07,622 [main] INFO  server.Server (Server.java:doStart(419)) - Started @8147ms
2019-08-23 08:44:07,623 [main] INFO  server.BaseHttpServer (BaseHttpServer.java:updateConnectorAddress(213)) - HTTP server of HDDSDATANODE is listening at http://0.0.0.0:33373
2019-08-23 08:44:07,777 | INFO  | ObjectStoreRestHttpServer | Listening HDDS REST traffic on /0.0.0.0:38381 |  
2019-08-23 08:44:07,777 [main] INFO  ozone.HddsDatanodeService (HddsDatanodeService.java:startPlugins(395)) - Started plug-in org.apache.hadoop.ozone.web.OzoneHddsDatanodeService@1a2773a8
2019-08-23 08:44:07,777 [main] INFO  impl.MetricsSystemImpl (MetricsSystemImpl.java:init(158)) - HddsDatanode metrics system started (again)
2019-08-23 08:44:07,781 [org.apache.hadoop.util.JvmPauseMonitor$Monitor@265fc950] INFO  util.JvmPauseMonitor (JvmPauseMonitor.java:run(188)) - Starting JVM pause monitor
2019-08-23 08:44:07,781 [main] INFO  ozone.HddsDatanodeService (HddsDatanodeService.java:start(184)) - HddsDatanodeService host:pr-hdds-2022-djmxw-136905289 ip:192.168.36.124
2019-08-23 08:44:07,783 [Datanode State Machine Thread - 0] INFO  datanode.InitDatanodeState (InitDatanodeState.java:persistContainerDatanodeDetails(140)) - DatanodeDetails is persisted to /workdir/hadoop-ozone/integration-test/target/test-dir/MiniOzoneClusterImpl-ee747063-c070-4170-8f1b-294adf81e4a4/datanode-4/meta/datanode.id
2019-08-23 08:44:07,790 [main] INFO  volume.HddsVolume (HddsVolume.java:<init>(176)) - Creating Volume: /workdir/hadoop-ozone/integration-test/target/test-dir/MiniOzoneClusterImpl-ee747063-c070-4170-8f1b-294adf81e4a4/datanode-5/data/containers/hdds of  storage type : DISK and capacity : 1482555576320
2019-08-23 08:44:07,790 [main] INFO  volume.VolumeSet (VolumeSet.java:initializeVolumeSet(170)) - Added Volume : /workdir/hadoop-ozone/integration-test/target/test-dir/MiniOzoneClusterImpl-ee747063-c070-4170-8f1b-294adf81e4a4/datanode-5/data/containers/hdds to VolumeSet
2019-08-23 08:44:07,790 [main] INFO  volume.ThrottledAsyncChecker (ThrottledAsyncChecker.java:schedule(140)) - Scheduling a check for org.apache.hadoop.ozone.container.common.volume.HddsVolume@21d9cd04
2019-08-23 08:44:07,791 [main] INFO  volume.HddsVolumeChecker (HddsVolumeChecker.java:checkAllVolumes(203)) - Scheduled health check for volume org.apache.hadoop.ozone.container.common.volume.HddsVolume@21d9cd04
2019-08-23 08:44:07,806 [main] INFO  impl.RaftServerProxy (ConfUtils.java:logGet(43)) - raft.rpc.type = GRPC (default)
2019-08-23 08:44:07,806 [main] INFO  grpc.GrpcFactory (GrpcFactory.java:checkPooledByteBufAllocatorUseCacheForAllThreads(45)) - PERFORMANCE WARNING: useCacheForAllThreads is true that may cause Netty to create a lot garbage objects and, as a result, trigger GC.
	It is recommended to disable useCacheForAllThreads by setting -Dorg.apache.ratis.thirdparty.io.netty.allocator.useCacheForAllThreads=false in command line.
2019-08-23 08:44:07,806 [main] INFO  grpc.GrpcConfigKeys$Server (ConfUtils.java:logGet(43)) - raft.grpc.server.port = 0 (default)
2019-08-23 08:44:07,806 [main] INFO  server.GrpcService (ConfUtils.java:logGet(43)) - raft.grpc.message.size.max = 33570816 (custom)
2019-08-23 08:44:07,806 [main] INFO  server.RaftServerConfigKeys (ConfUtils.java:logGet(43)) - raft.server.log.appender.buffer.byte-limit = 33554432 (custom)
2019-08-23 08:44:07,807 [main] INFO  server.GrpcService (ConfUtils.java:logGet(43)) - raft.grpc.flow.control.window = 1MB (=1048576) (default)
2019-08-23 08:44:07,807 [main] INFO  server.RaftServerConfigKeys (ConfUtils.java:logGet(43)) - raft.server.rpc.request.timeout = 3000ms (default)
2019-08-23 08:44:07,808 [main] INFO  server.RaftServerConfigKeys (ConfUtils.java:logGet(43)) - raft.server.storage.dir = [/workdir/hadoop-ozone/integration-test/target/test-dir/MiniOzoneClusterImpl-ee747063-c070-4170-8f1b-294adf81e4a4/datanode-5/data/ratis] (custom)
2019-08-23 08:44:07,808 [main] INFO  replication.SimpleContainerDownloader (SimpleContainerDownloader.java:<init>(72)) - Starting container downloader service to copy containers to replicate.
2019-08-23 08:44:07,809 [main] INFO  hdfs.DFSUtil (DFSUtil.java:httpServerTemplateForNNAndJN(1641)) - Starting Web-server for hddsDatanode at: http://0.0.0.0:0
2019-08-23 08:44:07,810 [main] INFO  server.AuthenticationFilter (AuthenticationFilter.java:constructSecretProvider(240)) - Unable to initialize FileSignerSecretProvider, falling back to use random secrets.
2019-08-23 08:44:07,811 [main] WARN  http.HttpRequestLog (HttpRequestLog.java:getRequestLog(97)) - Jetty request log can only be enabled using Log4j
2019-08-23 08:44:07,812 [main] INFO  http.HttpServer2 (HttpServer2.java:addGlobalFilter(975)) - Added global filter 'safety' (class=org.apache.hadoop.http.HttpServer2$QuotingInputFilter)
2019-08-23 08:44:07,813 [main] INFO  http.HttpServer2 (HttpServer2.java:addFilter(948)) - Added filter static_user_filter (class=org.apache.hadoop.http.lib.StaticUserWebFilter$StaticUserFilter) to context hddsDatanode
2019-08-23 08:44:07,813 [main] INFO  http.HttpServer2 (HttpServer2.java:addFilter(958)) - Added filter static_user_filter (class=org.apache.hadoop.http.lib.StaticUserWebFilter$StaticUserFilter) to context logs
2019-08-23 08:44:07,813 [main] INFO  http.HttpServer2 (HttpServer2.java:addFilter(958)) - Added filter static_user_filter (class=org.apache.hadoop.http.lib.StaticUserWebFilter$StaticUserFilter) to context static
2019-08-23 08:44:07,814 [main] INFO  http.HttpServer2 (HttpServer2.java:bindListener(1191)) - Jetty bound to port 46584
2019-08-23 08:44:07,814 [main] INFO  server.Server (Server.java:doStart(351)) - jetty-9.3.24.v20180605, build timestamp: 2018-06-05T17:11:56Z, git hash: 84205aa28f11a4f31f2a3b86d1bba2cc8ab69827
2019-08-23 08:44:07,885 [main] INFO  handler.ContextHandler (ContextHandler.java:doStart(781)) - Started o.e.j.s.ServletContextHandler@26a4f9ed{/logs,file:///workdir/hadoop-ozone/integration-test/target/log,AVAILABLE}
2019-08-23 08:44:07,886 [main] INFO  handler.ContextHandler (ContextHandler.java:doStart(781)) - Started o.e.j.s.ServletContextHandler@45287377{/static,jar:file:/home/user/.m2/repository/org/apache/hadoop/hadoop-hdds-container-service/0.5.0-SNAPSHOT/hadoop-hdds-container-service-0.5.0-SNAPSHOT.jar!/webapps/static,AVAILABLE}
2019-08-23 08:44:07,929 [main] INFO  handler.ContextHandler (ContextHandler.java:doStart(781)) - Started o.e.j.w.WebAppContext@a056b26{/,file:///tmp/jetty-0.0.0.0-46584-hddsDatanode-_-any-7574916916297848945.dir/webapp/,AVAILABLE}{/hddsDatanode}
2019-08-23 08:44:07,930 [main] INFO  server.AbstractConnector (AbstractConnector.java:doStart(278)) - Started ServerConnector@2a5abd3c{HTTP/1.1,[http/1.1]}{0.0.0.0:46584}
2019-08-23 08:44:07,931 [main] INFO  server.Server (Server.java:doStart(419)) - Started @8456ms
2019-08-23 08:44:07,932 [main] INFO  server.BaseHttpServer (BaseHttpServer.java:updateConnectorAddress(213)) - HTTP server of HDDSDATANODE is listening at http://0.0.0.0:46584
2019-08-23 08:44:08,128 | INFO  | ObjectStoreRestHttpServer | Listening HDDS REST traffic on /0.0.0.0:35968 |  
2019-08-23 08:44:08,128 [main] INFO  ozone.HddsDatanodeService (HddsDatanodeService.java:startPlugins(395)) - Started plug-in org.apache.hadoop.ozone.web.OzoneHddsDatanodeService@6e0d16a4
2019-08-23 08:44:08,129 [main] INFO  impl.MetricsSystemImpl (MetricsSystemImpl.java:init(158)) - HddsDatanode metrics system started (again)
2019-08-23 08:44:08,132 [org.apache.hadoop.util.JvmPauseMonitor$Monitor@5e1ae6df] INFO  util.JvmPauseMonitor (JvmPauseMonitor.java:run(188)) - Starting JVM pause monitor
2019-08-23 08:44:08,132 [main] INFO  ozone.HddsDatanodeService (HddsDatanodeService.java:start(184)) - HddsDatanodeService host:pr-hdds-2022-djmxw-136905289 ip:192.168.36.124
2019-08-23 08:44:08,134 [Datanode State Machine Thread - 0] INFO  datanode.InitDatanodeState (InitDatanodeState.java:persistContainerDatanodeDetails(140)) - DatanodeDetails is persisted to /workdir/hadoop-ozone/integration-test/target/test-dir/MiniOzoneClusterImpl-ee747063-c070-4170-8f1b-294adf81e4a4/datanode-5/meta/datanode.id
2019-08-23 08:44:08,140 [main] INFO  volume.HddsVolume (HddsVolume.java:<init>(176)) - Creating Volume: /workdir/hadoop-ozone/integration-test/target/test-dir/MiniOzoneClusterImpl-ee747063-c070-4170-8f1b-294adf81e4a4/datanode-6/data/containers/hdds of  storage type : DISK and capacity : 1482555576320
2019-08-23 08:44:08,140 [main] INFO  volume.VolumeSet (VolumeSet.java:initializeVolumeSet(170)) - Added Volume : /workdir/hadoop-ozone/integration-test/target/test-dir/MiniOzoneClusterImpl-ee747063-c070-4170-8f1b-294adf81e4a4/datanode-6/data/containers/hdds to VolumeSet
2019-08-23 08:44:08,141 [main] INFO  volume.ThrottledAsyncChecker (ThrottledAsyncChecker.java:schedule(140)) - Scheduling a check for org.apache.hadoop.ozone.container.common.volume.HddsVolume@6a5dd083
2019-08-23 08:44:08,141 [main] INFO  volume.HddsVolumeChecker (HddsVolumeChecker.java:checkAllVolumes(203)) - Scheduled health check for volume org.apache.hadoop.ozone.container.common.volume.HddsVolume@6a5dd083
2019-08-23 08:44:08,156 [main] INFO  impl.RaftServerProxy (ConfUtils.java:logGet(43)) - raft.rpc.type = GRPC (default)
2019-08-23 08:44:08,157 [main] INFO  grpc.GrpcFactory (GrpcFactory.java:checkPooledByteBufAllocatorUseCacheForAllThreads(45)) - PERFORMANCE WARNING: useCacheForAllThreads is true that may cause Netty to create a lot garbage objects and, as a result, trigger GC.
	It is recommended to disable useCacheForAllThreads by setting -Dorg.apache.ratis.thirdparty.io.netty.allocator.useCacheForAllThreads=false in command line.
2019-08-23 08:44:08,157 [main] INFO  grpc.GrpcConfigKeys$Server (ConfUtils.java:logGet(43)) - raft.grpc.server.port = 0 (default)
2019-08-23 08:44:08,157 [main] INFO  server.GrpcService (ConfUtils.java:logGet(43)) - raft.grpc.message.size.max = 33570816 (custom)
2019-08-23 08:44:08,157 [main] INFO  server.RaftServerConfigKeys (ConfUtils.java:logGet(43)) - raft.server.log.appender.buffer.byte-limit = 33554432 (custom)
2019-08-23 08:44:08,158 [main] INFO  server.GrpcService (ConfUtils.java:logGet(43)) - raft.grpc.flow.control.window = 1MB (=1048576) (default)
2019-08-23 08:44:08,158 [main] INFO  server.RaftServerConfigKeys (ConfUtils.java:logGet(43)) - raft.server.rpc.request.timeout = 3000ms (default)
2019-08-23 08:44:08,158 [main] INFO  server.RaftServerConfigKeys (ConfUtils.java:logGet(43)) - raft.server.storage.dir = [/workdir/hadoop-ozone/integration-test/target/test-dir/MiniOzoneClusterImpl-ee747063-c070-4170-8f1b-294adf81e4a4/datanode-6/data/ratis] (custom)
2019-08-23 08:44:08,159 [main] INFO  replication.SimpleContainerDownloader (SimpleContainerDownloader.java:<init>(72)) - Starting container downloader service to copy containers to replicate.
2019-08-23 08:44:08,160 [main] INFO  hdfs.DFSUtil (DFSUtil.java:httpServerTemplateForNNAndJN(1641)) - Starting Web-server for hddsDatanode at: http://0.0.0.0:0
2019-08-23 08:44:08,162 [main] INFO  server.AuthenticationFilter (AuthenticationFilter.java:constructSecretProvider(240)) - Unable to initialize FileSignerSecretProvider, falling back to use random secrets.
2019-08-23 08:44:08,162 [main] WARN  http.HttpRequestLog (HttpRequestLog.java:getRequestLog(97)) - Jetty request log can only be enabled using Log4j
2019-08-23 08:44:08,164 [main] INFO  http.HttpServer2 (HttpServer2.java:addGlobalFilter(975)) - Added global filter 'safety' (class=org.apache.hadoop.http.HttpServer2$QuotingInputFilter)
2019-08-23 08:44:08,164 [main] INFO  http.HttpServer2 (HttpServer2.java:addFilter(948)) - Added filter static_user_filter (class=org.apache.hadoop.http.lib.StaticUserWebFilter$StaticUserFilter) to context hddsDatanode
2019-08-23 08:44:08,164 [main] INFO  http.HttpServer2 (HttpServer2.java:addFilter(958)) - Added filter static_user_filter (class=org.apache.hadoop.http.lib.StaticUserWebFilter$StaticUserFilter) to context static
2019-08-23 08:44:08,165 [main] INFO  http.HttpServer2 (HttpServer2.java:addFilter(958)) - Added filter static_user_filter (class=org.apache.hadoop.http.lib.StaticUserWebFilter$StaticUserFilter) to context logs
2019-08-23 08:44:08,165 [main] INFO  http.HttpServer2 (HttpServer2.java:bindListener(1191)) - Jetty bound to port 42483
2019-08-23 08:44:08,165 [main] INFO  server.Server (Server.java:doStart(351)) - jetty-9.3.24.v20180605, build timestamp: 2018-06-05T17:11:56Z, git hash: 84205aa28f11a4f31f2a3b86d1bba2cc8ab69827
2019-08-23 08:44:08,167 [main] INFO  handler.ContextHandler (ContextHandler.java:doStart(781)) - Started o.e.j.s.ServletContextHandler@675ec28b{/logs,file:///workdir/hadoop-ozone/integration-test/target/log,AVAILABLE}
2019-08-23 08:44:08,168 [main] INFO  handler.ContextHandler (ContextHandler.java:doStart(781)) - Started o.e.j.s.ServletContextHandler@610fbe1c{/static,jar:file:/home/user/.m2/repository/org/apache/hadoop/hadoop-hdds-container-service/0.5.0-SNAPSHOT/hadoop-hdds-container-service-0.5.0-SNAPSHOT.jar!/webapps/static,AVAILABLE}
2019-08-23 08:44:08,196 [main] INFO  handler.ContextHandler (ContextHandler.java:doStart(781)) - Started o.e.j.w.WebAppContext@42730828{/,file:///tmp/jetty-0.0.0.0-42483-hddsDatanode-_-any-2779005964322658312.dir/webapp/,AVAILABLE}{/hddsDatanode}
2019-08-23 08:44:08,196 [main] INFO  server.AbstractConnector (AbstractConnector.java:doStart(278)) - Started ServerConnector@18c7f6b5{HTTP/1.1,[http/1.1]}{0.0.0.0:42483}
2019-08-23 08:44:08,198 [main] INFO  server.Server (Server.java:doStart(419)) - Started @8722ms
2019-08-23 08:44:08,198 [main] INFO  server.BaseHttpServer (BaseHttpServer.java:updateConnectorAddress(213)) - HTTP server of HDDSDATANODE is listening at http://0.0.0.0:42483
2019-08-23 08:44:08,343 | INFO  | ObjectStoreRestHttpServer | Listening HDDS REST traffic on /0.0.0.0:46071 |  
2019-08-23 08:44:08,343 [main] INFO  ozone.HddsDatanodeService (HddsDatanodeService.java:startPlugins(395)) - Started plug-in org.apache.hadoop.ozone.web.OzoneHddsDatanodeService@1805383
2019-08-23 08:44:08,346 [main] INFO  ozone.MiniOzoneClusterImpl (MiniOzoneClusterImpl.java:lambda$waitForClusterToBeReady$0(142)) - Waiting for cluster to be ready. Got 0 of 7 DN Heartbeats.
2019-08-23 08:44:08,346 [org.apache.hadoop.util.JvmPauseMonitor$Monitor@558aab] INFO  util.JvmPauseMonitor (JvmPauseMonitor.java:run(188)) - Starting JVM pause monitor
2019-08-23 08:44:08,348 [Datanode State Machine Thread - 0] INFO  datanode.InitDatanodeState (InitDatanodeState.java:persistContainerDatanodeDetails(140)) - DatanodeDetails is persisted to /workdir/hadoop-ozone/integration-test/target/test-dir/MiniOzoneClusterImpl-ee747063-c070-4170-8f1b-294adf81e4a4/datanode-6/meta/datanode.id
2019-08-23 08:44:08,800 | INFO  | SCMAudit | user=jenkins1000 | ip=192.168.36.124 | op=GET_VERSION null | ret=SUCCESS |  
2019-08-23 08:44:08,824 [Datanode State Machine Thread - 0] INFO  ozoneimpl.OzoneContainer (OzoneContainer.java:start(186)) - Attempting to start container services.
2019-08-23 08:44:08,825 [Datanode State Machine Thread - 0] INFO  ozoneimpl.OzoneContainer (OzoneContainer.java:startContainerScrub(160)) - Background container scrubber has been disabled by hdds.containerscrub.enabled
2019-08-23 08:44:08,826 [Datanode State Machine Thread - 0] INFO  ratis.XceiverServerRatis (XceiverServerRatis.java:start(404)) - Starting XceiverServerRatis 06ff8c32-d6a1-4424-b29b-4c2a415942d4 at port 0
2019-08-23 08:44:08,848 [Datanode State Machine Thread - 0] INFO  impl.RaftServerProxy (RaftServerProxy.java:lambda$start$3(299)) - 06ff8c32-d6a1-4424-b29b-4c2a415942d4: start RPC server
2019-08-23 08:44:08,989 [Datanode State Machine Thread - 0] INFO  server.GrpcService (GrpcService.java:startImpl(149)) - 06ff8c32-d6a1-4424-b29b-4c2a415942d4: GrpcService started, listening on 0.0.0.0/0.0.0.0:45802
2019-08-23 08:44:08,990 [Datanode State Machine Thread - 0] INFO  ratis.XceiverServerRatis (XceiverServerRatis.java:start(414)) - XceiverServerRatis 06ff8c32-d6a1-4424-b29b-4c2a415942d4 is started using port 45802
2019-08-23 08:44:08,993 [Datanode State Machine Thread - 0] INFO  server.XceiverServerGrpc (XceiverServerGrpc.java:start(161)) - XceiverServerGrpc 06ff8c32-d6a1-4424-b29b-4c2a415942d4 is started using port 36549
2019-08-23 08:44:09,045 | INFO  | SCMAudit | user=jenkins1000 | ip=192.168.36.124 | op=GET_VERSION null | ret=SUCCESS |  
2019-08-23 08:44:09,059 [Datanode State Machine Thread - 0] INFO  ozoneimpl.OzoneContainer (OzoneContainer.java:start(186)) - Attempting to start container services.
2019-08-23 08:44:09,061 [Datanode State Machine Thread - 0] INFO  ozoneimpl.OzoneContainer (OzoneContainer.java:startContainerScrub(160)) - Background container scrubber has been disabled by hdds.containerscrub.enabled
2019-08-23 08:44:09,061 [Datanode State Machine Thread - 0] INFO  ratis.XceiverServerRatis (XceiverServerRatis.java:start(404)) - Starting XceiverServerRatis c8614be4-ba7c-4b3e-bf92-2a79013b63c7 at port 0
2019-08-23 08:44:09,068 [Datanode State Machine Thread - 0] INFO  impl.RaftServerProxy (RaftServerProxy.java:lambda$start$3(299)) - c8614be4-ba7c-4b3e-bf92-2a79013b63c7: start RPC server
2019-08-23 08:44:09,071 [Datanode State Machine Thread - 0] INFO  server.GrpcService (GrpcService.java:startImpl(149)) - c8614be4-ba7c-4b3e-bf92-2a79013b63c7: GrpcService started, listening on 0.0.0.0/0.0.0.0:36113
2019-08-23 08:44:09,071 [Datanode State Machine Thread - 0] INFO  ratis.XceiverServerRatis (XceiverServerRatis.java:start(414)) - XceiverServerRatis c8614be4-ba7c-4b3e-bf92-2a79013b63c7 is started using port 36113
2019-08-23 08:44:09,072 [Datanode State Machine Thread - 0] INFO  server.XceiverServerGrpc (XceiverServerGrpc.java:start(161)) - XceiverServerGrpc c8614be4-ba7c-4b3e-bf92-2a79013b63c7 is started using port 37475
2019-08-23 08:44:09,275 | INFO  | SCMAudit | user=jenkins1000 | ip=192.168.36.124 | op=GET_VERSION null | ret=SUCCESS |  
2019-08-23 08:44:09,297 [Datanode State Machine Thread - 0] INFO  ozoneimpl.OzoneContainer (OzoneContainer.java:start(186)) - Attempting to start container services.
2019-08-23 08:44:09,302 [Datanode State Machine Thread - 0] INFO  ozoneimpl.OzoneContainer (OzoneContainer.java:startContainerScrub(160)) - Background container scrubber has been disabled by hdds.containerscrub.enabled
2019-08-23 08:44:09,302 [Datanode State Machine Thread - 0] INFO  ratis.XceiverServerRatis (XceiverServerRatis.java:start(404)) - Starting XceiverServerRatis 282270cf-20fb-461f-9c8a-9450796f87ad at port 0
2019-08-23 08:44:09,309 [Datanode State Machine Thread - 0] INFO  impl.RaftServerProxy (RaftServerProxy.java:lambda$start$3(299)) - 282270cf-20fb-461f-9c8a-9450796f87ad: start RPC server
2019-08-23 08:44:09,312 [Datanode State Machine Thread - 0] INFO  server.GrpcService (GrpcService.java:startImpl(149)) - 282270cf-20fb-461f-9c8a-9450796f87ad: GrpcService started, listening on 0.0.0.0/0.0.0.0:42592
2019-08-23 08:44:09,313 [Datanode State Machine Thread - 0] INFO  ratis.XceiverServerRatis (XceiverServerRatis.java:start(414)) - XceiverServerRatis 282270cf-20fb-461f-9c8a-9450796f87ad is started using port 42592
2019-08-23 08:44:09,315 [Datanode State Machine Thread - 0] INFO  server.XceiverServerGrpc (XceiverServerGrpc.java:start(161)) - XceiverServerGrpc 282270cf-20fb-461f-9c8a-9450796f87ad is started using port 35881
2019-08-23 08:44:09,346 [main] INFO  ozone.MiniOzoneClusterImpl (MiniOzoneClusterImpl.java:lambda$waitForClusterToBeReady$0(142)) - Waiting for cluster to be ready. Got 0 of 7 DN Heartbeats.
2019-08-23 08:44:09,536 | INFO  | SCMAudit | user=jenkins1000 | ip=192.168.36.124 | op=GET_VERSION null | ret=SUCCESS |  
2019-08-23 08:44:09,560 [Datanode State Machine Thread - 0] INFO  ozoneimpl.OzoneContainer (OzoneContainer.java:start(186)) - Attempting to start container services.
2019-08-23 08:44:09,560 [Datanode State Machine Thread - 0] INFO  ozoneimpl.OzoneContainer (OzoneContainer.java:startContainerScrub(160)) - Background container scrubber has been disabled by hdds.containerscrub.enabled
2019-08-23 08:44:09,560 [Datanode State Machine Thread - 0] INFO  ratis.XceiverServerRatis (XceiverServerRatis.java:start(404)) - Starting XceiverServerRatis 814796da-c9aa-44ae-b4d2-a94a982d530c at port 0
2019-08-23 08:44:09,567 [Datanode State Machine Thread - 0] INFO  impl.RaftServerProxy (RaftServerProxy.java:lambda$start$3(299)) - 814796da-c9aa-44ae-b4d2-a94a982d530c: start RPC server
2019-08-23 08:44:09,571 [Datanode State Machine Thread - 0] INFO  server.GrpcService (GrpcService.java:startImpl(149)) - 814796da-c9aa-44ae-b4d2-a94a982d530c: GrpcService started, listening on 0.0.0.0/0.0.0.0:45643
2019-08-23 08:44:09,571 [Datanode State Machine Thread - 0] INFO  ratis.XceiverServerRatis (XceiverServerRatis.java:start(414)) - XceiverServerRatis 814796da-c9aa-44ae-b4d2-a94a982d530c is started using port 45643
2019-08-23 08:44:09,574 [Datanode State Machine Thread - 0] INFO  server.XceiverServerGrpc (XceiverServerGrpc.java:start(161)) - XceiverServerGrpc 814796da-c9aa-44ae-b4d2-a94a982d530c is started using port 37951
2019-08-23 08:44:09,784 | INFO  | SCMAudit | user=jenkins1000 | ip=192.168.36.124 | op=GET_VERSION null | ret=SUCCESS |  
2019-08-23 08:44:09,801 [Datanode State Machine Thread - 0] INFO  ozoneimpl.OzoneContainer (OzoneContainer.java:start(186)) - Attempting to start container services.
2019-08-23 08:44:09,801 [Datanode State Machine Thread - 0] INFO  ozoneimpl.OzoneContainer (OzoneContainer.java:startContainerScrub(160)) - Background container scrubber has been disabled by hdds.containerscrub.enabled
2019-08-23 08:44:09,801 [Datanode State Machine Thread - 0] INFO  ratis.XceiverServerRatis (XceiverServerRatis.java:start(404)) - Starting XceiverServerRatis 5f42c09d-68f5-43be-ab10-ef5f897cf19a at port 0
2019-08-23 08:44:09,808 [Datanode State Machine Thread - 0] INFO  impl.RaftServerProxy (RaftServerProxy.java:lambda$start$3(299)) - 5f42c09d-68f5-43be-ab10-ef5f897cf19a: start RPC server
2019-08-23 08:44:09,814 [Datanode State Machine Thread - 0] INFO  server.GrpcService (GrpcService.java:startImpl(149)) - 5f42c09d-68f5-43be-ab10-ef5f897cf19a: GrpcService started, listening on 0.0.0.0/0.0.0.0:46842
2019-08-23 08:44:09,814 [Datanode State Machine Thread - 0] INFO  ratis.XceiverServerRatis (XceiverServerRatis.java:start(414)) - XceiverServerRatis 5f42c09d-68f5-43be-ab10-ef5f897cf19a is started using port 46842
2019-08-23 08:44:09,817 [Datanode State Machine Thread - 0] INFO  server.XceiverServerGrpc (XceiverServerGrpc.java:start(161)) - XceiverServerGrpc 5f42c09d-68f5-43be-ab10-ef5f897cf19a is started using port 44701
2019-08-23 08:44:10,136 | INFO  | SCMAudit | user=jenkins1000 | ip=192.168.36.124 | op=GET_VERSION null | ret=SUCCESS |  
2019-08-23 08:44:10,152 [Datanode State Machine Thread - 0] INFO  ozoneimpl.OzoneContainer (OzoneContainer.java:start(186)) - Attempting to start container services.
2019-08-23 08:44:10,152 [Datanode State Machine Thread - 0] INFO  ozoneimpl.OzoneContainer (OzoneContainer.java:startContainerScrub(160)) - Background container scrubber has been disabled by hdds.containerscrub.enabled
2019-08-23 08:44:10,152 [Datanode State Machine Thread - 0] INFO  ratis.XceiverServerRatis (XceiverServerRatis.java:start(404)) - Starting XceiverServerRatis d25e1fb2-dc34-4d59-84ce-3be5e962ff3d at port 0
2019-08-23 08:44:10,160 [Datanode State Machine Thread - 0] INFO  impl.RaftServerProxy (RaftServerProxy.java:lambda$start$3(299)) - d25e1fb2-dc34-4d59-84ce-3be5e962ff3d: start RPC server
2019-08-23 08:44:10,166 [Datanode State Machine Thread - 0] INFO  server.GrpcService (GrpcService.java:startImpl(149)) - d25e1fb2-dc34-4d59-84ce-3be5e962ff3d: GrpcService started, listening on 0.0.0.0/0.0.0.0:41699
2019-08-23 08:44:10,166 [Datanode State Machine Thread - 0] INFO  ratis.XceiverServerRatis (XceiverServerRatis.java:start(414)) - XceiverServerRatis d25e1fb2-dc34-4d59-84ce-3be5e962ff3d is started using port 41699
2019-08-23 08:44:10,169 [Datanode State Machine Thread - 0] INFO  server.XceiverServerGrpc (XceiverServerGrpc.java:start(161)) - XceiverServerGrpc d25e1fb2-dc34-4d59-84ce-3be5e962ff3d is started using port 43689
2019-08-23 08:44:10,349 [main] INFO  ozone.MiniOzoneClusterImpl (MiniOzoneClusterImpl.java:lambda$waitForClusterToBeReady$0(142)) - Waiting for cluster to be ready. Got 0 of 7 DN Heartbeats.
2019-08-23 08:44:10,350 | INFO  | SCMAudit | user=jenkins1000 | ip=192.168.36.124 | op=GET_VERSION null | ret=SUCCESS |  
2019-08-23 08:44:10,368 [Datanode State Machine Thread - 0] INFO  ozoneimpl.OzoneContainer (OzoneContainer.java:start(186)) - Attempting to start container services.
2019-08-23 08:44:10,368 [Datanode State Machine Thread - 0] INFO  ozoneimpl.OzoneContainer (OzoneContainer.java:startContainerScrub(160)) - Background container scrubber has been disabled by hdds.containerscrub.enabled
2019-08-23 08:44:10,368 [Datanode State Machine Thread - 0] INFO  ratis.XceiverServerRatis (XceiverServerRatis.java:start(404)) - Starting XceiverServerRatis 6130611f-ea3a-4a14-895f-35c381f9efc4 at port 0
2019-08-23 08:44:10,375 [Datanode State Machine Thread - 0] INFO  impl.RaftServerProxy (RaftServerProxy.java:lambda$start$3(299)) - 6130611f-ea3a-4a14-895f-35c381f9efc4: start RPC server
2019-08-23 08:44:10,381 [Datanode State Machine Thread - 0] INFO  server.GrpcService (GrpcService.java:startImpl(149)) - 6130611f-ea3a-4a14-895f-35c381f9efc4: GrpcService started, listening on 0.0.0.0/0.0.0.0:37607
2019-08-23 08:44:10,382 [Datanode State Machine Thread - 0] INFO  ratis.XceiverServerRatis (XceiverServerRatis.java:start(414)) - XceiverServerRatis 6130611f-ea3a-4a14-895f-35c381f9efc4 is started using port 37607
2019-08-23 08:44:10,386 [Datanode State Machine Thread - 0] INFO  server.XceiverServerGrpc (XceiverServerGrpc.java:start(161)) - XceiverServerGrpc 6130611f-ea3a-4a14-895f-35c381f9efc4 is started using port 41793
2019-08-23 08:44:10,807 [IPC Server handler 7 on 43549] INFO  net.NetworkTopology (NetworkTopologyImpl.java:add(110)) - Added a new node: /default-rack/06ff8c32-d6a1-4424-b29b-4c2a415942d4
2019-08-23 08:44:10,808 [IPC Server handler 7 on 43549] INFO  node.SCMNodeManager (SCMNodeManager.java:register(273)) - Registered Data node : 06ff8c32-d6a1-4424-b29b-4c2a415942d4{ip: 192.168.36.124, host: pr-hdds-2022-djmxw-136905289, networkLocation: /default-rack, certSerialId: null}
2019-08-23 08:44:10,814 [EventQueue-NodeRegistrationContainerReportForDataNodeSafeModeRule] INFO  safemode.SCMSafeModeManager (DataNodeSafeModeRule.java:process(71)) - SCM in safe mode. 1 DataNodes registered, 1 required.
2019-08-23 08:44:10,814 [EventQueue-NodeRegistrationContainerReportForDataNodeSafeModeRule] INFO  safemode.SCMSafeModeManager (SCMSafeModeManager.java:validateSafeModeExitRules(177)) - ScmSafeModeManager, all rules are successfully validated
2019-08-23 08:44:10,815 [EventQueue-NodeRegistrationContainerReportForDataNodeSafeModeRule] INFO  safemode.SCMSafeModeManager (SCMSafeModeManager.java:exitSafeMode(193)) - SCM exiting safe mode.
2019-08-23 08:44:10,822 | INFO  | SCMAudit | user=jenkins1000 | ip=192.168.36.124 | op=REGISTER {datanodeDetails=06ff8c32-d6a1-4424-b29b-4c2a415942d4{ip: 192.168.36.124, host: pr-hdds-2022-djmxw-136905289, networkLocation: /default-rack, certSerialId: null}} | ret=SUCCESS |  
2019-08-23 08:44:11,047 [IPC Server handler 1 on 43549] INFO  net.NetworkTopology (NetworkTopologyImpl.java:add(110)) - Added a new node: /default-rack/c8614be4-ba7c-4b3e-bf92-2a79013b63c7
2019-08-23 08:44:11,047 [IPC Server handler 1 on 43549] INFO  node.SCMNodeManager (SCMNodeManager.java:register(273)) - Registered Data node : c8614be4-ba7c-4b3e-bf92-2a79013b63c7{ip: 192.168.36.124, host: pr-hdds-2022-djmxw-136905289, networkLocation: /default-rack, certSerialId: null}
2019-08-23 08:44:11,048 | INFO  | SCMAudit | user=jenkins1000 | ip=192.168.36.124 | op=REGISTER {datanodeDetails=c8614be4-ba7c-4b3e-bf92-2a79013b63c7{ip: 192.168.36.124, host: pr-hdds-2022-djmxw-136905289, networkLocation: /default-rack, certSerialId: null}} | ret=SUCCESS |  
2019-08-23 08:44:11,671 [main] INFO  ozone.MiniOzoneClusterImpl (MiniOzoneClusterImpl.java:lambda$waitForClusterToBeReady$0(142)) - Waiting for cluster to be ready. Got 2 of 7 DN Heartbeats.
2019-08-23 08:44:11,675 [IPC Server handler 3 on 43549] INFO  net.NetworkTopology (NetworkTopologyImpl.java:add(110)) - Added a new node: /default-rack/814796da-c9aa-44ae-b4d2-a94a982d530c
2019-08-23 08:44:11,675 [IPC Server handler 8 on 43549] INFO  net.NetworkTopology (NetworkTopologyImpl.java:add(110)) - Added a new node: /default-rack/282270cf-20fb-461f-9c8a-9450796f87ad
2019-08-23 08:44:11,676 [IPC Server handler 3 on 43549] INFO  node.SCMNodeManager (SCMNodeManager.java:register(273)) - Registered Data node : 814796da-c9aa-44ae-b4d2-a94a982d530c{ip: 192.168.36.124, host: pr-hdds-2022-djmxw-136905289, networkLocation: /default-rack, certSerialId: null}
2019-08-23 08:44:11,676 [IPC Server handler 8 on 43549] INFO  node.SCMNodeManager (SCMNodeManager.java:register(273)) - Registered Data node : 282270cf-20fb-461f-9c8a-9450796f87ad{ip: 192.168.36.124, host: pr-hdds-2022-djmxw-136905289, networkLocation: /default-rack, certSerialId: null}
2019-08-23 08:44:11,683 | INFO  | SCMAudit | user=jenkins1000 | ip=192.168.36.124 | op=REGISTER {datanodeDetails=814796da-c9aa-44ae-b4d2-a94a982d530c{ip: 192.168.36.124, host: pr-hdds-2022-djmxw-136905289, networkLocation: /default-rack, certSerialId: null}} | ret=SUCCESS |  
2019-08-23 08:44:11,685 | INFO  | SCMAudit | user=jenkins1000 | ip=192.168.36.124 | op=REGISTER {datanodeDetails=282270cf-20fb-461f-9c8a-9450796f87ad{ip: 192.168.36.124, host: pr-hdds-2022-djmxw-136905289, networkLocation: /default-rack, certSerialId: null}} | ret=SUCCESS |  
2019-08-23 08:44:11,783 [IPC Server handler 6 on 43549] INFO  net.NetworkTopology (NetworkTopologyImpl.java:add(110)) - Added a new node: /default-rack/5f42c09d-68f5-43be-ab10-ef5f897cf19a
2019-08-23 08:44:11,784 [IPC Server handler 6 on 43549] INFO  node.SCMNodeManager (SCMNodeManager.java:register(273)) - Registered Data node : 5f42c09d-68f5-43be-ab10-ef5f897cf19a{ip: 192.168.36.124, host: pr-hdds-2022-djmxw-136905289, networkLocation: /default-rack, certSerialId: null}
2019-08-23 08:44:11,784 | INFO  | SCMAudit | user=jenkins1000 | ip=192.168.36.124 | op=REGISTER {datanodeDetails=5f42c09d-68f5-43be-ab10-ef5f897cf19a{ip: 192.168.36.124, host: pr-hdds-2022-djmxw-136905289, networkLocation: /default-rack, certSerialId: null}} | ret=SUCCESS |  
2019-08-23 08:44:11,863 [grpc-default-executor-0] INFO  impl.RaftServerProxy (RaftServerProxy.java:addNew(89)) - 06ff8c32-d6a1-4424-b29b-4c2a415942d4: addNew group-B81D0162A033:[06ff8c32-d6a1-4424-b29b-4c2a415942d4:192.168.36.124:45802] returns group-B81D0162A033:java.util.concurrent.CompletableFuture@2ef6e0e6[Not completed]
2019-08-23 08:44:11,883 [pool-27-thread-1] INFO  impl.RaftServerImpl (RaftServerImpl.java:<init>(93)) - 06ff8c32-d6a1-4424-b29b-4c2a415942d4: new RaftServerImpl for group-B81D0162A033:[06ff8c32-d6a1-4424-b29b-4c2a415942d4:192.168.36.124:45802] with ContainerStateMachine:uninitialized
2019-08-23 08:44:11,885 [pool-27-thread-1] INFO  server.RaftServerConfigKeys (ConfUtils.java:logGet(43)) - raft.server.rpc.timeout.min = 5s (custom)
2019-08-23 08:44:11,887 [pool-27-thread-1] INFO  server.RaftServerConfigKeys (ConfUtils.java:logGet(43)) - raft.server.rpc.timeout.max = 5200ms (custom)
2019-08-23 08:44:11,887 [pool-27-thread-1] INFO  server.RaftServerConfigKeys (ConfUtils.java:logGet(43)) - raft.server.rpcslowness.timeout = 120s (custom)
2019-08-23 08:44:11,888 [pool-27-thread-1] INFO  server.RaftServerConfigKeys (ConfUtils.java:logGet(43)) - raft.server.sleep.deviation.threshold = 300 (default)
2019-08-23 08:44:11,889 [pool-27-thread-1] INFO  server.RaftServerConfigKeys (ConfUtils.java:logGet(43)) - raft.server.log.appender.install.snapshot.enabled = false (custom)
2019-08-23 08:44:11,896 [pool-27-thread-1] INFO  impl.RaftServerImpl (ServerState.java:<init>(105)) - 06ff8c32-d6a1-4424-b29b-4c2a415942d4:group-B81D0162A033 ConfigurationManager, init=-1: [06ff8c32-d6a1-4424-b29b-4c2a415942d4:192.168.36.124:45802], old=null, confs=<EMPTY_MAP>
2019-08-23 08:44:11,897 [pool-27-thread-1] INFO  server.RaftServerConfigKeys (ConfUtils.java:logGet(43)) - raft.server.storage.dir = [/workdir/hadoop-ozone/integration-test/target/test-dir/MiniOzoneClusterImpl-ee747063-c070-4170-8f1b-294adf81e4a4/datanode-0/data/ratis] (custom)
2019-08-23 08:44:11,904 [pool-27-thread-1] INFO  storage.RaftStorageDirectory (RaftStorageDirectory.java:analyzeStorage(246)) - The storage directory /workdir/hadoop-ozone/integration-test/target/test-dir/MiniOzoneClusterImpl-ee747063-c070-4170-8f1b-294adf81e4a4/datanode-0/data/ratis/f2dad930-5fa0-4d2c-a1b4-b81d0162a033 does not exist. Creating ...
2019-08-23 08:44:11,930 [pool-27-thread-1] INFO  storage.RaftStorageDirectory (RaftStorageDirectory.java:tryLock(328)) - Lock on /workdir/hadoop-ozone/integration-test/target/test-dir/MiniOzoneClusterImpl-ee747063-c070-4170-8f1b-294adf81e4a4/datanode-0/data/ratis/f2dad930-5fa0-4d2c-a1b4-b81d0162a033/in_use.lock acquired by nodename 22422@pr-hdds-2022-djmxw-136905289
2019-08-23 08:44:11,948 [pool-27-thread-1] INFO  storage.RaftStorage (RaftStorage.java:format(72)) - Storage directory /workdir/hadoop-ozone/integration-test/target/test-dir/MiniOzoneClusterImpl-ee747063-c070-4170-8f1b-294adf81e4a4/datanode-0/data/ratis/f2dad930-5fa0-4d2c-a1b4-b81d0162a033 has been successfully formatted.
2019-08-23 08:44:11,950 [pool-27-thread-1] INFO  ratis.ContainerStateMachine (ContainerStateMachine.java:loadSnapshot(226)) - group-B81D0162A033: The snapshot info is null. Setting the last applied indexto:(t:0, i:~)
2019-08-23 08:44:11,951 [pool-27-thread-1] INFO  server.RaftServerConfigKeys (ConfUtils.java:logGet(43)) - raft.server.leader.election.timeout = 120s (custom)
2019-08-23 08:44:11,953 [pool-27-thread-1] INFO  server.RaftServerConfigKeys (ConfUtils.java:logGet(43)) - raft.server.log.use.memory = false (default)
2019-08-23 08:44:11,959 [pool-27-thread-1] INFO  server.RaftServerConfigKeys (ConfUtils.java:logGet(43)) - raft.server.log.purge.gap = 1000000 (custom)
2019-08-23 08:44:11,959 [pool-27-thread-1] INFO  server.RaftServerConfigKeys (ConfUtils.java:logGet(43)) - raft.server.log.appender.buffer.byte-limit = 33554432 (custom)
2019-08-23 08:44:11,960 [pool-27-thread-1] INFO  server.RaftServerConfigKeys (ConfUtils.java:logGet(43)) - raft.server.log.segment.size.max = 1048576 (custom)
2019-08-23 08:44:11,965 [pool-27-thread-1] INFO  server.RaftServerConfigKeys (ConfUtils.java:logGet(43)) - raft.server.log.segment.cache.num.max = 2 (custom)
2019-08-23 08:44:11,970 [pool-27-thread-1] INFO  segmented.SegmentedRaftLogWorker (SegmentedRaftLogWorker.java:<init>(172)) - new 06ff8c32-d6a1-4424-b29b-4c2a415942d4-SegmentedRaftLogWorker:Storage Directory /workdir/hadoop-ozone/integration-test/target/test-dir/MiniOzoneClusterImpl-ee747063-c070-4170-8f1b-294adf81e4a4/datanode-0/data/ratis/f2dad930-5fa0-4d2c-a1b4-b81d0162a033 for RaftStorage:Storage Directory /workdir/hadoop-ozone/integration-test/target/test-dir/MiniOzoneClusterImpl-ee747063-c070-4170-8f1b-294adf81e4a4/datanode-0/data/ratis/f2dad930-5fa0-4d2c-a1b4-b81d0162a033
2019-08-23 08:44:11,982 [pool-27-thread-1] INFO  server.RaftServerConfigKeys (ConfUtils.java:logGet(43)) - raft.server.log.queue.byte-limit = 2147483647 (custom)
2019-08-23 08:44:11,983 [pool-27-thread-1] INFO  server.RaftServerConfigKeys (ConfUtils.java:logGet(43)) - raft.server.log.queue.element-limit = 1024 (custom)
2019-08-23 08:44:11,988 [pool-27-thread-1] INFO  server.RaftServerConfigKeys (ConfUtils.java:logGet(43)) - raft.server.log.segment.size.max = 1048576 (custom)
2019-08-23 08:44:11,989 [pool-27-thread-1] INFO  server.RaftServerConfigKeys (ConfUtils.java:logGet(43)) - raft.server.log.preallocated.size = 16384 (custom)
2019-08-23 08:44:11,989 [pool-27-thread-1] INFO  server.RaftServerConfigKeys (ConfUtils.java:logGet(43)) - raft.server.log.write.buffer.size = 33554432 (custom)
2019-08-23 08:44:11,990 [pool-27-thread-1] INFO  server.RaftServerConfigKeys (ConfUtils.java:logGet(43)) - raft.server.log.force.sync.num = 128 (default)
2019-08-23 08:44:11,991 [pool-27-thread-1] INFO  server.RaftServerConfigKeys (ConfUtils.java:logGet(43)) - raft.server.log.statemachine.data.sync = true (default)
2019-08-23 08:44:11,991 [pool-27-thread-1] INFO  server.RaftServerConfigKeys (ConfUtils.java:logGet(43)) - raft.server.log.statemachine.data.sync.timeout = 10s (default)
2019-08-23 08:44:11,992 [pool-27-thread-1] INFO  server.RaftServerConfigKeys (ConfUtils.java:logGet(43)) - raft.server.log.statemachine.data.sync.timeout.retry = -1 (default)
2019-08-23 08:44:12,001 [pool-27-thread-1] INFO  server.RaftServerConfigKeys (ConfUtils.java:logGet(43)) - raft.server.log.statemachine.data.caching.enabled = true (custom)
2019-08-23 08:44:12,006 [pool-27-thread-1] INFO  segmented.SegmentedRaftLogWorker (SegmentedRaftLogWorker.java:lambda$new$0(132)) - 06ff8c32-d6a1-4424-b29b-4c2a415942d4-SegmentedRaftLogWorker:Storage Directory /workdir/hadoop-ozone/integration-test/target/test-dir/MiniOzoneClusterImpl-ee747063-c070-4170-8f1b-294adf81e4a4/datanode-0/data/ratis/f2dad930-5fa0-4d2c-a1b4-b81d0162a033: flushIndex: setUnconditionally 0 -> -1
2019-08-23 08:44:12,011 [pool-27-thread-1] INFO  server.RaftServerConfigKeys (ConfUtils.java:logGet(43)) - raft.server.snapshot.auto.trigger.enabled = true (custom)
2019-08-23 08:44:12,012 [pool-27-thread-1] INFO  server.RaftServerConfigKeys (ConfUtils.java:logGet(43)) - raft.server.snapshot.auto.trigger.threshold = 10000 (custom)
2019-08-23 08:44:12,012 [pool-27-thread-1] INFO  server.RaftServerConfigKeys (ConfUtils.java:logGet(43)) - raft.server.retrycache.expirytime = 600000ms (custom)
2019-08-23 08:44:12,034 [pool-27-thread-1] INFO  impl.RaftServerImpl (RaftServerImpl.java:start(180)) - 06ff8c32-d6a1-4424-b29b-4c2a415942d4: start group-B81D0162A033
2019-08-23 08:44:12,035 [pool-27-thread-1] INFO  impl.RaftServerImpl (RaftServerImpl.java:setRole(171)) - 06ff8c32-d6a1-4424-b29b-4c2a415942d4:group-B81D0162A033 changes role from null to FOLLOWER at term 0 for startAsFollower
2019-08-23 08:44:12,037 [pool-27-thread-1] INFO  impl.RoleInfo (RoleInfo.java:updateAndGet(143)) - 06ff8c32-d6a1-4424-b29b-4c2a415942d4: start FollowerState
2019-08-23 08:44:12,040 [pool-27-thread-1] INFO  util.JmxRegister (JmxRegister.java:tryRegister(44)) - Successfully registered JMX Bean with object name Ratis:service=RaftServer,group=group-B81D0162A033,id=06ff8c32-d6a1-4424-b29b-4c2a415942d4
2019-08-23 08:44:12,097 [RatisPipelineUtilsThread] INFO  pipeline.PipelineStateManager (PipelineStateManager.java:addPipeline(56)) - Created pipeline Pipeline[ Id: f2dad930-5fa0-4d2c-a1b4-b81d0162a033, Nodes: 06ff8c32-d6a1-4424-b29b-4c2a415942d4{ip: 192.168.36.124, host: pr-hdds-2022-djmxw-136905289, networkLocation: /default-rack, certSerialId: null}, Type:RATIS, Factor:ONE, State:OPEN]
2019-08-23 08:44:12,125 [grpc-default-executor-0] INFO  impl.RaftServerProxy (RaftServerProxy.java:addNew(89)) - c8614be4-ba7c-4b3e-bf92-2a79013b63c7: addNew group-BC88F2A4A109:[c8614be4-ba7c-4b3e-bf92-2a79013b63c7:192.168.36.124:36113] returns group-BC88F2A4A109:java.util.concurrent.CompletableFuture@35e1c38[Not completed]
2019-08-23 08:44:12,180 [pool-38-thread-1] INFO  impl.RaftServerImpl (RaftServerImpl.java:<init>(93)) - c8614be4-ba7c-4b3e-bf92-2a79013b63c7: new RaftServerImpl for group-BC88F2A4A109:[c8614be4-ba7c-4b3e-bf92-2a79013b63c7:192.168.36.124:36113] with ContainerStateMachine:uninitialized
2019-08-23 08:44:12,182 [pool-38-thread-1] INFO  server.RaftServerConfigKeys (ConfUtils.java:logGet(43)) - raft.server.rpc.timeout.min = 5s (custom)
2019-08-23 08:44:12,182 [pool-38-thread-1] INFO  server.RaftServerConfigKeys (ConfUtils.java:logGet(43)) - raft.server.rpc.timeout.max = 5200ms (custom)
2019-08-23 08:44:12,182 [IPC Server handler 2 on 43549] INFO  net.NetworkTopology (NetworkTopologyImpl.java:add(110)) - Added a new node: /default-rack/d25e1fb2-dc34-4d59-84ce-3be5e962ff3d
2019-08-23 08:44:12,182 [pool-38-thread-1] INFO  server.RaftServerConfigKeys (ConfUtils.java:logGet(43)) - raft.server.rpcslowness.timeout = 120s (custom)
2019-08-23 08:44:12,182 [IPC Server handler 2 on 43549] INFO  node.SCMNodeManager (SCMNodeManager.java:register(273)) - Registered Data node : d25e1fb2-dc34-4d59-84ce-3be5e962ff3d{ip: 192.168.36.124, host: pr-hdds-2022-djmxw-136905289, networkLocation: /default-rack, certSerialId: null}
2019-08-23 08:44:12,182 [pool-38-thread-1] INFO  server.RaftServerConfigKeys (ConfUtils.java:logGet(43)) - raft.server.sleep.deviation.threshold = 300 (default)
2019-08-23 08:44:12,183 [pool-38-thread-1] INFO  server.RaftServerConfigKeys (ConfUtils.java:logGet(43)) - raft.server.log.appender.install.snapshot.enabled = false (custom)
2019-08-23 08:44:12,183 [pool-38-thread-1] INFO  impl.RaftServerImpl (ServerState.java:<init>(105)) - c8614be4-ba7c-4b3e-bf92-2a79013b63c7:group-BC88F2A4A109 ConfigurationManager, init=-1: [c8614be4-ba7c-4b3e-bf92-2a79013b63c7:192.168.36.124:36113], old=null, confs=<EMPTY_MAP>
2019-08-23 08:44:12,183 | INFO  | SCMAudit | user=jenkins1000 | ip=192.168.36.124 | op=REGISTER {datanodeDetails=d25e1fb2-dc34-4d59-84ce-3be5e962ff3d{ip: 192.168.36.124, host: pr-hdds-2022-djmxw-136905289, networkLocation: /default-rack, certSerialId: null}} | ret=SUCCESS |  
2019-08-23 08:44:12,183 [pool-38-thread-1] INFO  server.RaftServerConfigKeys (ConfUtils.java:logGet(43)) - raft.server.storage.dir = [/workdir/hadoop-ozone/integration-test/target/test-dir/MiniOzoneClusterImpl-ee747063-c070-4170-8f1b-294adf81e4a4/datanode-1/data/ratis] (custom)
2019-08-23 08:44:12,183 [pool-38-thread-1] INFO  storage.RaftStorageDirectory (RaftStorageDirectory.java:analyzeStorage(246)) - The storage directory /workdir/hadoop-ozone/integration-test/target/test-dir/MiniOzoneClusterImpl-ee747063-c070-4170-8f1b-294adf81e4a4/datanode-1/data/ratis/903f8282-708f-4162-be25-bc88f2a4a109 does not exist. Creating ...
2019-08-23 08:44:12,223 [pool-38-thread-1] INFO  storage.RaftStorageDirectory (RaftStorageDirectory.java:tryLock(328)) - Lock on /workdir/hadoop-ozone/integration-test/target/test-dir/MiniOzoneClusterImpl-ee747063-c070-4170-8f1b-294adf81e4a4/datanode-1/data/ratis/903f8282-708f-4162-be25-bc88f2a4a109/in_use.lock acquired by nodename 22422@pr-hdds-2022-djmxw-136905289
2019-08-23 08:44:12,248 [pool-38-thread-1] INFO  storage.RaftStorage (RaftStorage.java:format(72)) - Storage directory /workdir/hadoop-ozone/integration-test/target/test-dir/MiniOzoneClusterImpl-ee747063-c070-4170-8f1b-294adf81e4a4/datanode-1/data/ratis/903f8282-708f-4162-be25-bc88f2a4a109 has been successfully formatted.
2019-08-23 08:44:12,251 [pool-38-thread-1] INFO  ratis.ContainerStateMachine (ContainerStateMachine.java:loadSnapshot(226)) - group-BC88F2A4A109: The snapshot info is null. Setting the last applied indexto:(t:0, i:~)
2019-08-23 08:44:12,253 [pool-38-thread-1] INFO  server.RaftServerConfigKeys (ConfUtils.java:logGet(43)) - raft.server.leader.election.timeout = 120s (custom)
2019-08-23 08:44:12,253 [pool-38-thread-1] INFO  server.RaftServerConfigKeys (ConfUtils.java:logGet(43)) - raft.server.log.use.memory = false (default)
2019-08-23 08:44:12,253 [pool-38-thread-1] INFO  server.RaftServerConfigKeys (ConfUtils.java:logGet(43)) - raft.server.log.purge.gap = 1000000 (custom)
2019-08-23 08:44:12,253 [pool-38-thread-1] INFO  server.RaftServerConfigKeys (ConfUtils.java:logGet(43)) - raft.server.log.appender.buffer.byte-limit = 33554432 (custom)
2019-08-23 08:44:12,253 [pool-38-thread-1] INFO  server.RaftServerConfigKeys (ConfUtils.java:logGet(43)) - raft.server.log.segment.size.max = 1048576 (custom)
2019-08-23 08:44:12,254 [pool-38-thread-1] INFO  server.RaftServerConfigKeys (ConfUtils.java:logGet(43)) - raft.server.log.segment.cache.num.max = 2 (custom)
2019-08-23 08:44:12,254 [pool-38-thread-1] INFO  segmented.SegmentedRaftLogWorker (SegmentedRaftLogWorker.java:<init>(172)) - new c8614be4-ba7c-4b3e-bf92-2a79013b63c7-SegmentedRaftLogWorker:Storage Directory /workdir/hadoop-ozone/integration-test/target/test-dir/MiniOzoneClusterImpl-ee747063-c070-4170-8f1b-294adf81e4a4/datanode-1/data/ratis/903f8282-708f-4162-be25-bc88f2a4a109 for RaftStorage:Storage Directory /workdir/hadoop-ozone/integration-test/target/test-dir/MiniOzoneClusterImpl-ee747063-c070-4170-8f1b-294adf81e4a4/datanode-1/data/ratis/903f8282-708f-4162-be25-bc88f2a4a109
2019-08-23 08:44:12,255 [pool-38-thread-1] INFO  server.RaftServerConfigKeys (ConfUtils.java:logGet(43)) - raft.server.log.queue.byte-limit = 2147483647 (custom)
2019-08-23 08:44:12,255 [pool-38-thread-1] INFO  server.RaftServerConfigKeys (ConfUtils.java:logGet(43)) - raft.server.log.queue.element-limit = 1024 (custom)
2019-08-23 08:44:12,256 [pool-38-thread-1] INFO  server.RaftServerConfigKeys (ConfUtils.java:logGet(43)) - raft.server.log.segment.size.max = 1048576 (custom)
2019-08-23 08:44:12,256 [pool-38-thread-1] INFO  server.RaftServerConfigKeys (ConfUtils.java:logGet(43)) - raft.server.log.preallocated.size = 16384 (custom)
2019-08-23 08:44:12,256 [pool-38-thread-1] INFO  server.RaftServerConfigKeys (ConfUtils.java:logGet(43)) - raft.server.log.write.buffer.size = 33554432 (custom)
2019-08-23 08:44:12,256 [pool-38-thread-1] INFO  server.RaftServerConfigKeys (ConfUtils.java:logGet(43)) - raft.server.log.force.sync.num = 128 (default)
2019-08-23 08:44:12,257 [pool-38-thread-1] INFO  server.RaftServerConfigKeys (ConfUtils.java:logGet(43)) - raft.server.log.statemachine.data.sync = true (default)
2019-08-23 08:44:12,257 [pool-38-thread-1] INFO  server.RaftServerConfigKeys (ConfUtils.java:logGet(43)) - raft.server.log.statemachine.data.sync.timeout = 10s (default)
2019-08-23 08:44:12,257 [pool-38-thread-1] INFO  server.RaftServerConfigKeys (ConfUtils.java:logGet(43)) - raft.server.log.statemachine.data.sync.timeout.retry = -1 (default)
2019-08-23 08:44:12,257 [pool-38-thread-1] INFO  server.RaftServerConfigKeys (ConfUtils.java:logGet(43)) - raft.server.log.statemachine.data.caching.enabled = true (custom)
2019-08-23 08:44:12,258 [pool-38-thread-1] INFO  segmented.SegmentedRaftLogWorker (SegmentedRaftLogWorker.java:lambda$new$0(132)) - c8614be4-ba7c-4b3e-bf92-2a79013b63c7-SegmentedRaftLogWorker:Storage Directory /workdir/hadoop-ozone/integration-test/target/test-dir/MiniOzoneClusterImpl-ee747063-c070-4170-8f1b-294adf81e4a4/datanode-1/data/ratis/903f8282-708f-4162-be25-bc88f2a4a109: flushIndex: setUnconditionally 0 -> -1
2019-08-23 08:44:12,258 [pool-38-thread-1] INFO  server.RaftServerConfigKeys (ConfUtils.java:logGet(43)) - raft.server.snapshot.auto.trigger.enabled = true (custom)
2019-08-23 08:44:12,258 [pool-38-thread-1] INFO  server.RaftServerConfigKeys (ConfUtils.java:logGet(43)) - raft.server.snapshot.auto.trigger.threshold = 10000 (custom)
2019-08-23 08:44:12,259 [pool-38-thread-1] INFO  server.RaftServerConfigKeys (ConfUtils.java:logGet(43)) - raft.server.retrycache.expirytime = 600000ms (custom)
2019-08-23 08:44:12,259 [pool-38-thread-1] INFO  impl.RaftServerImpl (RaftServerImpl.java:start(180)) - c8614be4-ba7c-4b3e-bf92-2a79013b63c7: start group-BC88F2A4A109
2019-08-23 08:44:12,259 [pool-38-thread-1] INFO  impl.RaftServerImpl (RaftServerImpl.java:setRole(171)) - c8614be4-ba7c-4b3e-bf92-2a79013b63c7:group-BC88F2A4A109 changes role from null to FOLLOWER at term 0 for startAsFollower
2019-08-23 08:44:12,259 [pool-38-thread-1] INFO  impl.RoleInfo (RoleInfo.java:updateAndGet(143)) - c8614be4-ba7c-4b3e-bf92-2a79013b63c7: start FollowerState
2019-08-23 08:44:12,261 [pool-38-thread-1] INFO  util.JmxRegister (JmxRegister.java:tryRegister(44)) - Successfully registered JMX Bean with object name Ratis:service=RaftServer,group=group-BC88F2A4A109,id=c8614be4-ba7c-4b3e-bf92-2a79013b63c7
2019-08-23 08:44:12,281 [RatisPipelineUtilsThread] INFO  pipeline.PipelineStateManager (PipelineStateManager.java:addPipeline(56)) - Created pipeline Pipeline[ Id: 903f8282-708f-4162-be25-bc88f2a4a109, Nodes: c8614be4-ba7c-4b3e-bf92-2a79013b63c7{ip: 192.168.36.124, host: pr-hdds-2022-djmxw-136905289, networkLocation: /default-rack, certSerialId: null}, Type:RATIS, Factor:ONE, State:OPEN]
2019-08-23 08:44:12,312 [grpc-default-executor-0] INFO  impl.RaftServerProxy (RaftServerProxy.java:addNew(89)) - 814796da-c9aa-44ae-b4d2-a94a982d530c: addNew group-C7C65F17D744:[814796da-c9aa-44ae-b4d2-a94a982d530c:192.168.36.124:45643] returns group-C7C65F17D744:java.util.concurrent.CompletableFuture@11cd913[Not completed]
2019-08-23 08:44:12,328 [pool-60-thread-1] INFO  impl.RaftServerImpl (RaftServerImpl.java:<init>(93)) - 814796da-c9aa-44ae-b4d2-a94a982d530c: new RaftServerImpl for group-C7C65F17D744:[814796da-c9aa-44ae-b4d2-a94a982d530c:192.168.36.124:45643] with ContainerStateMachine:uninitialized
2019-08-23 08:44:12,329 [pool-60-thread-1] INFO  server.RaftServerConfigKeys (ConfUtils.java:logGet(43)) - raft.server.rpc.timeout.min = 5s (custom)
2019-08-23 08:44:12,329 [pool-60-thread-1] INFO  server.RaftServerConfigKeys (ConfUtils.java:logGet(43)) - raft.server.rpc.timeout.max = 5200ms (custom)
2019-08-23 08:44:12,329 [pool-60-thread-1] INFO  server.RaftServerConfigKeys (ConfUtils.java:logGet(43)) - raft.server.rpcslowness.timeout = 120s (custom)
2019-08-23 08:44:12,329 [pool-60-thread-1] INFO  server.RaftServerConfigKeys (ConfUtils.java:logGet(43)) - raft.server.sleep.deviation.threshold = 300 (default)
2019-08-23 08:44:12,329 [pool-60-thread-1] INFO  server.RaftServerConfigKeys (ConfUtils.java:logGet(43)) - raft.server.log.appender.install.snapshot.enabled = false (custom)
2019-08-23 08:44:12,329 [pool-60-thread-1] INFO  impl.RaftServerImpl (ServerState.java:<init>(105)) - 814796da-c9aa-44ae-b4d2-a94a982d530c:group-C7C65F17D744 ConfigurationManager, init=-1: [814796da-c9aa-44ae-b4d2-a94a982d530c:192.168.36.124:45643], old=null, confs=<EMPTY_MAP>
2019-08-23 08:44:12,329 [pool-60-thread-1] INFO  server.RaftServerConfigKeys (ConfUtils.java:logGet(43)) - raft.server.storage.dir = [/workdir/hadoop-ozone/integration-test/target/test-dir/MiniOzoneClusterImpl-ee747063-c070-4170-8f1b-294adf81e4a4/datanode-3/data/ratis] (custom)
2019-08-23 08:44:12,330 [pool-60-thread-1] INFO  storage.RaftStorageDirectory (RaftStorageDirectory.java:analyzeStorage(246)) - The storage directory /workdir/hadoop-ozone/integration-test/target/test-dir/MiniOzoneClusterImpl-ee747063-c070-4170-8f1b-294adf81e4a4/datanode-3/data/ratis/f1feaac6-02c7-4e4f-93bc-c7c65f17d744 does not exist. Creating ...
2019-08-23 08:44:12,351 [IPC Server handler 3 on 43549] INFO  net.NetworkTopology (NetworkTopologyImpl.java:add(110)) - Added a new node: /default-rack/6130611f-ea3a-4a14-895f-35c381f9efc4
2019-08-23 08:44:12,351 [IPC Server handler 3 on 43549] INFO  node.SCMNodeManager (SCMNodeManager.java:register(273)) - Registered Data node : 6130611f-ea3a-4a14-895f-35c381f9efc4{ip: 192.168.36.124, host: pr-hdds-2022-djmxw-136905289, networkLocation: /default-rack, certSerialId: null}
2019-08-23 08:44:12,351 | INFO  | SCMAudit | user=jenkins1000 | ip=192.168.36.124 | op=REGISTER {datanodeDetails=6130611f-ea3a-4a14-895f-35c381f9efc4{ip: 192.168.36.124, host: pr-hdds-2022-djmxw-136905289, networkLocation: /default-rack, certSerialId: null}} | ret=SUCCESS |  
2019-08-23 08:44:12,357 [pool-60-thread-1] INFO  storage.RaftStorageDirectory (RaftStorageDirectory.java:tryLock(328)) - Lock on /workdir/hadoop-ozone/integration-test/target/test-dir/MiniOzoneClusterImpl-ee747063-c070-4170-8f1b-294adf81e4a4/datanode-3/data/ratis/f1feaac6-02c7-4e4f-93bc-c7c65f17d744/in_use.lock acquired by nodename 22422@pr-hdds-2022-djmxw-136905289
2019-08-23 08:44:12,382 [pool-60-thread-1] INFO  storage.RaftStorage (RaftStorage.java:format(72)) - Storage directory /workdir/hadoop-ozone/integration-test/target/test-dir/MiniOzoneClusterImpl-ee747063-c070-4170-8f1b-294adf81e4a4/datanode-3/data/ratis/f1feaac6-02c7-4e4f-93bc-c7c65f17d744 has been successfully formatted.
2019-08-23 08:44:12,383 [pool-60-thread-1] INFO  ratis.ContainerStateMachine (ContainerStateMachine.java:loadSnapshot(226)) - group-C7C65F17D744: The snapshot info is null. Setting the last applied indexto:(t:0, i:~)
2019-08-23 08:44:12,383 [pool-60-thread-1] INFO  server.RaftServerConfigKeys (ConfUtils.java:logGet(43)) - raft.server.leader.election.timeout = 120s (custom)
2019-08-23 08:44:12,383 [pool-60-thread-1] INFO  server.RaftServerConfigKeys (ConfUtils.java:logGet(43)) - raft.server.log.use.memory = false (default)
2019-08-23 08:44:12,384 [pool-60-thread-1] INFO  server.RaftServerConfigKeys (ConfUtils.java:logGet(43)) - raft.server.log.purge.gap = 1000000 (custom)
2019-08-23 08:44:12,384 [pool-60-thread-1] INFO  server.RaftServerConfigKeys (ConfUtils.java:logGet(43)) - raft.server.log.appender.buffer.byte-limit = 33554432 (custom)
2019-08-23 08:44:12,384 [pool-60-thread-1] INFO  server.RaftServerConfigKeys (ConfUtils.java:logGet(43)) - raft.server.log.segment.size.max = 1048576 (custom)
2019-08-23 08:44:12,384 [pool-60-thread-1] INFO  server.RaftServerConfigKeys (ConfUtils.java:logGet(43)) - raft.server.log.segment.cache.num.max = 2 (custom)
2019-08-23 08:44:12,385 [pool-60-thread-1] INFO  segmented.SegmentedRaftLogWorker (SegmentedRaftLogWorker.java:<init>(172)) - new 814796da-c9aa-44ae-b4d2-a94a982d530c-SegmentedRaftLogWorker:Storage Directory /workdir/hadoop-ozone/integration-test/target/test-dir/MiniOzoneClusterImpl-ee747063-c070-4170-8f1b-294adf81e4a4/datanode-3/data/ratis/f1feaac6-02c7-4e4f-93bc-c7c65f17d744 for RaftStorage:Storage Directory /workdir/hadoop-ozone/integration-test/target/test-dir/MiniOzoneClusterImpl-ee747063-c070-4170-8f1b-294adf81e4a4/datanode-3/data/ratis/f1feaac6-02c7-4e4f-93bc-c7c65f17d744
2019-08-23 08:44:12,385 [pool-60-thread-1] INFO  server.RaftServerConfigKeys (ConfUtils.java:logGet(43)) - raft.server.log.queue.byte-limit = 2147483647 (custom)
2019-08-23 08:44:12,385 [pool-60-thread-1] INFO  server.RaftServerConfigKeys (ConfUtils.java:logGet(43)) - raft.server.log.queue.element-limit = 1024 (custom)
2019-08-23 08:44:12,386 [pool-60-thread-1] INFO  server.RaftServerConfigKeys (ConfUtils.java:logGet(43)) - raft.server.log.segment.size.max = 1048576 (custom)
2019-08-23 08:44:12,386 [pool-60-thread-1] INFO  server.RaftServerConfigKeys (ConfUtils.java:logGet(43)) - raft.server.log.preallocated.size = 16384 (custom)
2019-08-23 08:44:12,386 [pool-60-thread-1] INFO  server.RaftServerConfigKeys (ConfUtils.java:logGet(43)) - raft.server.log.write.buffer.size = 33554432 (custom)
2019-08-23 08:44:12,387 [pool-60-thread-1] INFO  server.RaftServerConfigKeys (ConfUtils.java:logGet(43)) - raft.server.log.force.sync.num = 128 (default)
2019-08-23 08:44:12,387 [pool-60-thread-1] INFO  server.RaftServerConfigKeys (ConfUtils.java:logGet(43)) - raft.server.log.statemachine.data.sync = true (default)
2019-08-23 08:44:12,387 [pool-60-thread-1] INFO  server.RaftServerConfigKeys (ConfUtils.java:logGet(43)) - raft.server.log.statemachine.data.sync.timeout = 10s (default)
2019-08-23 08:44:12,387 [pool-60-thread-1] INFO  server.RaftServerConfigKeys (ConfUtils.java:logGet(43)) - raft.server.log.statemachine.data.sync.timeout.retry = -1 (default)
2019-08-23 08:44:12,388 [pool-60-thread-1] INFO  server.RaftServerConfigKeys (ConfUtils.java:logGet(43)) - raft.server.log.statemachine.data.caching.enabled = true (custom)
2019-08-23 08:44:12,388 [pool-60-thread-1] INFO  segmented.SegmentedRaftLogWorker (SegmentedRaftLogWorker.java:lambda$new$0(132)) - 814796da-c9aa-44ae-b4d2-a94a982d530c-SegmentedRaftLogWorker:Storage Directory /workdir/hadoop-ozone/integration-test/target/test-dir/MiniOzoneClusterImpl-ee747063-c070-4170-8f1b-294adf81e4a4/datanode-3/data/ratis/f1feaac6-02c7-4e4f-93bc-c7c65f17d744: flushIndex: setUnconditionally 0 -> -1
2019-08-23 08:44:12,389 [pool-60-thread-1] INFO  server.RaftServerConfigKeys (ConfUtils.java:logGet(43)) - raft.server.snapshot.auto.trigger.enabled = true (custom)
2019-08-23 08:44:12,389 [pool-60-thread-1] INFO  server.RaftServerConfigKeys (ConfUtils.java:logGet(43)) - raft.server.snapshot.auto.trigger.threshold = 10000 (custom)
2019-08-23 08:44:12,389 [pool-60-thread-1] INFO  server.RaftServerConfigKeys (ConfUtils.java:logGet(43)) - raft.server.retrycache.expirytime = 600000ms (custom)
2019-08-23 08:44:12,390 [pool-60-thread-1] INFO  impl.RaftServerImpl (RaftServerImpl.java:start(180)) - 814796da-c9aa-44ae-b4d2-a94a982d530c: start group-C7C65F17D744
2019-08-23 08:44:12,390 [pool-60-thread-1] INFO  impl.RaftServerImpl (RaftServerImpl.java:setRole(171)) - 814796da-c9aa-44ae-b4d2-a94a982d530c:group-C7C65F17D744 changes role from null to FOLLOWER at term 0 for startAsFollower
2019-08-23 08:44:12,390 [pool-60-thread-1] INFO  impl.RoleInfo (RoleInfo.java:updateAndGet(143)) - 814796da-c9aa-44ae-b4d2-a94a982d530c: start FollowerState
2019-08-23 08:44:12,391 [pool-60-thread-1] INFO  util.JmxRegister (JmxRegister.java:tryRegister(44)) - Successfully registered JMX Bean with object name Ratis:service=RaftServer,group=group-C7C65F17D744,id=814796da-c9aa-44ae-b4d2-a94a982d530c
2019-08-23 08:44:12,407 [RatisPipelineUtilsThread] INFO  pipeline.PipelineStateManager (PipelineStateManager.java:addPipeline(56)) - Created pipeline Pipeline[ Id: f1feaac6-02c7-4e4f-93bc-c7c65f17d744, Nodes: 814796da-c9aa-44ae-b4d2-a94a982d530c{ip: 192.168.36.124, host: pr-hdds-2022-djmxw-136905289, networkLocation: /default-rack, certSerialId: null}, Type:RATIS, Factor:ONE, State:OPEN]
2019-08-23 08:44:12,434 [grpc-default-executor-0] INFO  impl.RaftServerProxy (RaftServerProxy.java:addNew(89)) - 6130611f-ea3a-4a14-895f-35c381f9efc4: addNew group-DFA5839A413E:[6130611f-ea3a-4a14-895f-35c381f9efc4:192.168.36.124:37607] returns group-DFA5839A413E:java.util.concurrent.CompletableFuture@24072e1a[Not completed]
2019-08-23 08:44:12,439 [pool-93-thread-1] INFO  impl.RaftServerImpl (RaftServerImpl.java:<init>(93)) - 6130611f-ea3a-4a14-895f-35c381f9efc4: new RaftServerImpl for group-DFA5839A413E:[6130611f-ea3a-4a14-895f-35c381f9efc4:192.168.36.124:37607] with ContainerStateMachine:uninitialized
2019-08-23 08:44:12,440 [pool-93-thread-1] INFO  server.RaftServerConfigKeys (ConfUtils.java:logGet(43)) - raft.server.rpc.timeout.min = 5s (custom)
2019-08-23 08:44:12,440 [pool-93-thread-1] INFO  server.RaftServerConfigKeys (ConfUtils.java:logGet(43)) - raft.server.rpc.timeout.max = 5200ms (custom)
2019-08-23 08:44:12,440 [pool-93-thread-1] INFO  server.RaftServerConfigKeys (ConfUtils.java:logGet(43)) - raft.server.rpcslowness.timeout = 120s (custom)
2019-08-23 08:44:12,440 [pool-93-thread-1] INFO  server.RaftServerConfigKeys (ConfUtils.java:logGet(43)) - raft.server.sleep.deviation.threshold = 300 (default)
2019-08-23 08:44:12,440 [pool-93-thread-1] INFO  server.RaftServerConfigKeys (ConfUtils.java:logGet(43)) - raft.server.log.appender.install.snapshot.enabled = false (custom)
2019-08-23 08:44:12,441 [pool-93-thread-1] INFO  impl.RaftServerImpl (ServerState.java:<init>(105)) - 6130611f-ea3a-4a14-895f-35c381f9efc4:group-DFA5839A413E ConfigurationManager, init=-1: [6130611f-ea3a-4a14-895f-35c381f9efc4:192.168.36.124:37607], old=null, confs=<EMPTY_MAP>
2019-08-23 08:44:12,441 [pool-93-thread-1] INFO  server.RaftServerConfigKeys (ConfUtils.java:logGet(43)) - raft.server.storage.dir = [/workdir/hadoop-ozone/integration-test/target/test-dir/MiniOzoneClusterImpl-ee747063-c070-4170-8f1b-294adf81e4a4/datanode-6/data/ratis] (custom)
2019-08-23 08:44:12,441 [pool-93-thread-1] INFO  storage.RaftStorageDirectory (RaftStorageDirectory.java:analyzeStorage(246)) - The storage directory /workdir/hadoop-ozone/integration-test/target/test-dir/MiniOzoneClusterImpl-ee747063-c070-4170-8f1b-294adf81e4a4/datanode-6/data/ratis/c1fa7c58-533e-4e9d-afdf-dfa5839a413e does not exist. Creating ...
2019-08-23 08:44:12,466 [pool-93-thread-1] INFO  storage.RaftStorageDirectory (RaftStorageDirectory.java:tryLock(328)) - Lock on /workdir/hadoop-ozone/integration-test/target/test-dir/MiniOzoneClusterImpl-ee747063-c070-4170-8f1b-294adf81e4a4/datanode-6/data/ratis/c1fa7c58-533e-4e9d-afdf-dfa5839a413e/in_use.lock acquired by nodename 22422@pr-hdds-2022-djmxw-136905289
2019-08-23 08:44:12,491 [pool-93-thread-1] INFO  storage.RaftStorage (RaftStorage.java:format(72)) - Storage directory /workdir/hadoop-ozone/integration-test/target/test-dir/MiniOzoneClusterImpl-ee747063-c070-4170-8f1b-294adf81e4a4/datanode-6/data/ratis/c1fa7c58-533e-4e9d-afdf-dfa5839a413e has been successfully formatted.
2019-08-23 08:44:12,492 [pool-93-thread-1] INFO  ratis.ContainerStateMachine (ContainerStateMachine.java:loadSnapshot(226)) - group-DFA5839A413E: The snapshot info is null. Setting the last applied indexto:(t:0, i:~)
2019-08-23 08:44:12,492 [pool-93-thread-1] INFO  server.RaftServerConfigKeys (ConfUtils.java:logGet(43)) - raft.server.leader.election.timeout = 120s (custom)
2019-08-23 08:44:12,493 [pool-93-thread-1] INFO  server.RaftServerConfigKeys (ConfUtils.java:logGet(43)) - raft.server.log.use.memory = false (default)
2019-08-23 08:44:12,493 [pool-93-thread-1] INFO  server.RaftServerConfigKeys (ConfUtils.java:logGet(43)) - raft.server.log.purge.gap = 1000000 (custom)
2019-08-23 08:44:12,493 [pool-93-thread-1] INFO  server.RaftServerConfigKeys (ConfUtils.java:logGet(43)) - raft.server.log.appender.buffer.byte-limit = 33554432 (custom)
2019-08-23 08:44:12,493 [pool-93-thread-1] INFO  server.RaftServerConfigKeys (ConfUtils.java:logGet(43)) - raft.server.log.segment.size.max = 1048576 (custom)
2019-08-23 08:44:12,494 [pool-93-thread-1] INFO  server.RaftServerConfigKeys (ConfUtils.java:logGet(43)) - raft.server.log.segment.cache.num.max = 2 (custom)
2019-08-23 08:44:12,494 [pool-93-thread-1] INFO  segmented.SegmentedRaftLogWorker (SegmentedRaftLogWorker.java:<init>(172)) - new 6130611f-ea3a-4a14-895f-35c381f9efc4-SegmentedRaftLogWorker:Storage Directory /workdir/hadoop-ozone/integration-test/target/test-dir/MiniOzoneClusterImpl-ee747063-c070-4170-8f1b-294adf81e4a4/datanode-6/data/ratis/c1fa7c58-533e-4e9d-afdf-dfa5839a413e for RaftStorage:Storage Directory /workdir/hadoop-ozone/integration-test/target/test-dir/MiniOzoneClusterImpl-ee747063-c070-4170-8f1b-294adf81e4a4/datanode-6/data/ratis/c1fa7c58-533e-4e9d-afdf-dfa5839a413e
2019-08-23 08:44:12,494 [pool-93-thread-1] INFO  server.RaftServerConfigKeys (ConfUtils.java:logGet(43)) - raft.server.log.queue.byte-limit = 2147483647 (custom)
2019-08-23 08:44:12,494 [pool-93-thread-1] INFO  server.RaftServerConfigKeys (ConfUtils.java:logGet(43)) - raft.server.log.queue.element-limit = 1024 (custom)
2019-08-23 08:44:12,495 [pool-93-thread-1] INFO  server.RaftServerConfigKeys (ConfUtils.java:logGet(43)) - raft.server.log.segment.size.max = 1048576 (custom)
2019-08-23 08:44:12,495 [pool-93-thread-1] INFO  server.RaftServerConfigKeys (ConfUtils.java:logGet(43)) - raft.server.log.preallocated.size = 16384 (custom)
2019-08-23 08:44:12,495 [pool-93-thread-1] INFO  server.RaftServerConfigKeys (ConfUtils.java:logGet(43)) - raft.server.log.write.buffer.size = 33554432 (custom)
2019-08-23 08:44:12,495 [pool-93-thread-1] INFO  server.RaftServerConfigKeys (ConfUtils.java:logGet(43)) - raft.server.log.force.sync.num = 128 (default)
2019-08-23 08:44:12,495 [pool-93-thread-1] INFO  server.RaftServerConfigKeys (ConfUtils.java:logGet(43)) - raft.server.log.statemachine.data.sync = true (default)
2019-08-23 08:44:12,495 [pool-93-thread-1] INFO  server.RaftServerConfigKeys (ConfUtils.java:logGet(43)) - raft.server.log.statemachine.data.sync.timeout = 10s (default)
2019-08-23 08:44:12,495 [pool-93-thread-1] INFO  server.RaftServerConfigKeys (ConfUtils.java:logGet(43)) - raft.server.log.statemachine.data.sync.timeout.retry = -1 (default)
2019-08-23 08:44:12,496 [pool-93-thread-1] INFO  server.RaftServerConfigKeys (ConfUtils.java:logGet(43)) - raft.server.log.statemachine.data.caching.enabled = true (custom)
2019-08-23 08:44:12,496 [pool-93-thread-1] INFO  segmented.SegmentedRaftLogWorker (SegmentedRaftLogWorker.java:lambda$new$0(132)) - 6130611f-ea3a-4a14-895f-35c381f9efc4-SegmentedRaftLogWorker:Storage Directory /workdir/hadoop-ozone/integration-test/target/test-dir/MiniOzoneClusterImpl-ee747063-c070-4170-8f1b-294adf81e4a4/datanode-6/data/ratis/c1fa7c58-533e-4e9d-afdf-dfa5839a413e: flushIndex: setUnconditionally 0 -> -1
2019-08-23 08:44:12,497 [pool-93-thread-1] INFO  server.RaftServerConfigKeys (ConfUtils.java:logGet(43)) - raft.server.snapshot.auto.trigger.enabled = true (custom)
2019-08-23 08:44:12,497 [pool-93-thread-1] INFO  server.RaftServerConfigKeys (ConfUtils.java:logGet(43)) - raft.server.snapshot.auto.trigger.threshold = 10000 (custom)
2019-08-23 08:44:12,497 [pool-93-thread-1] INFO  server.RaftServerConfigKeys (ConfUtils.java:logGet(43)) - raft.server.retrycache.expirytime = 600000ms (custom)
2019-08-23 08:44:12,497 [pool-93-thread-1] INFO  impl.RaftServerImpl (RaftServerImpl.java:start(180)) - 6130611f-ea3a-4a14-895f-35c381f9efc4: start group-DFA5839A413E
2019-08-23 08:44:12,498 [pool-93-thread-1] INFO  impl.RaftServerImpl (RaftServerImpl.java:setRole(171)) - 6130611f-ea3a-4a14-895f-35c381f9efc4:group-DFA5839A413E changes role from null to FOLLOWER at term 0 for startAsFollower
2019-08-23 08:44:12,498 [pool-93-thread-1] INFO  impl.RoleInfo (RoleInfo.java:updateAndGet(143)) - 6130611f-ea3a-4a14-895f-35c381f9efc4: start FollowerState
2019-08-23 08:44:12,498 [pool-93-thread-1] INFO  util.JmxRegister (JmxRegister.java:tryRegister(44)) - Successfully registered JMX Bean with object name Ratis:service=RaftServer,group=group-DFA5839A413E,id=6130611f-ea3a-4a14-895f-35c381f9efc4
2019-08-23 08:44:12,514 [RatisPipelineUtilsThread] INFO  pipeline.PipelineStateManager (PipelineStateManager.java:addPipeline(56)) - Created pipeline Pipeline[ Id: c1fa7c58-533e-4e9d-afdf-dfa5839a413e, Nodes: 6130611f-ea3a-4a14-895f-35c381f9efc4{ip: 192.168.36.124, host: pr-hdds-2022-djmxw-136905289, networkLocation: /default-rack, certSerialId: null}, Type:RATIS, Factor:ONE, State:OPEN]
2019-08-23 08:44:12,538 [grpc-default-executor-0] INFO  impl.RaftServerProxy (RaftServerProxy.java:addNew(89)) - 282270cf-20fb-461f-9c8a-9450796f87ad: addNew group-A8FCBD3F6D92:[282270cf-20fb-461f-9c8a-9450796f87ad:192.168.36.124:42592] returns group-A8FCBD3F6D92:java.util.concurrent.CompletableFuture@79df642d[Not completed]
2019-08-23 08:44:12,541 [pool-49-thread-1] INFO  impl.RaftServerImpl (RaftServerImpl.java:<init>(93)) - 282270cf-20fb-461f-9c8a-9450796f87ad: new RaftServerImpl for group-A8FCBD3F6D92:[282270cf-20fb-461f-9c8a-9450796f87ad:192.168.36.124:42592] with ContainerStateMachine:uninitialized
2019-08-23 08:44:12,542 [pool-49-thread-1] INFO  server.RaftServerConfigKeys (ConfUtils.java:logGet(43)) - raft.server.rpc.timeout.min = 5s (custom)
2019-08-23 08:44:12,542 [pool-49-thread-1] INFO  server.RaftServerConfigKeys (ConfUtils.java:logGet(43)) - raft.server.rpc.timeout.max = 5200ms (custom)
2019-08-23 08:44:12,542 [pool-49-thread-1] INFO  server.RaftServerConfigKeys (ConfUtils.java:logGet(43)) - raft.server.rpcslowness.timeout = 120s (custom)
2019-08-23 08:44:12,542 [pool-49-thread-1] INFO  server.RaftServerConfigKeys (ConfUtils.java:logGet(43)) - raft.server.sleep.deviation.threshold = 300 (default)
2019-08-23 08:44:12,542 [pool-49-thread-1] INFO  server.RaftServerConfigKeys (ConfUtils.java:logGet(43)) - raft.server.log.appender.install.snapshot.enabled = false (custom)
2019-08-23 08:44:12,542 [pool-49-thread-1] INFO  impl.RaftServerImpl (ServerState.java:<init>(105)) - 282270cf-20fb-461f-9c8a-9450796f87ad:group-A8FCBD3F6D92 ConfigurationManager, init=-1: [282270cf-20fb-461f-9c8a-9450796f87ad:192.168.36.124:42592], old=null, confs=<EMPTY_MAP>
2019-08-23 08:44:12,543 [pool-49-thread-1] INFO  server.RaftServerConfigKeys (ConfUtils.java:logGet(43)) - raft.server.storage.dir = [/workdir/hadoop-ozone/integration-test/target/test-dir/MiniOzoneClusterImpl-ee747063-c070-4170-8f1b-294adf81e4a4/datanode-2/data/ratis] (custom)
2019-08-23 08:44:12,543 [pool-49-thread-1] INFO  storage.RaftStorageDirectory (RaftStorageDirectory.java:analyzeStorage(246)) - The storage directory /workdir/hadoop-ozone/integration-test/target/test-dir/MiniOzoneClusterImpl-ee747063-c070-4170-8f1b-294adf81e4a4/datanode-2/data/ratis/adde406c-024a-43f5-9359-a8fcbd3f6d92 does not exist. Creating ...
2019-08-23 08:44:12,567 [pool-49-thread-1] INFO  storage.RaftStorageDirectory (RaftStorageDirectory.java:tryLock(328)) - Lock on /workdir/hadoop-ozone/integration-test/target/test-dir/MiniOzoneClusterImpl-ee747063-c070-4170-8f1b-294adf81e4a4/datanode-2/data/ratis/adde406c-024a-43f5-9359-a8fcbd3f6d92/in_use.lock acquired by nodename 22422@pr-hdds-2022-djmxw-136905289
2019-08-23 08:44:12,584 [pool-49-thread-1] INFO  storage.RaftStorage (RaftStorage.java:format(72)) - Storage directory /workdir/hadoop-ozone/integration-test/target/test-dir/MiniOzoneClusterImpl-ee747063-c070-4170-8f1b-294adf81e4a4/datanode-2/data/ratis/adde406c-024a-43f5-9359-a8fcbd3f6d92 has been successfully formatted.
2019-08-23 08:44:12,584 [pool-49-thread-1] INFO  ratis.ContainerStateMachine (ContainerStateMachine.java:loadSnapshot(226)) - group-A8FCBD3F6D92: The snapshot info is null. Setting the last applied indexto:(t:0, i:~)
2019-08-23 08:44:12,584 [pool-49-thread-1] INFO  server.RaftServerConfigKeys (ConfUtils.java:logGet(43)) - raft.server.leader.election.timeout = 120s (custom)
2019-08-23 08:44:12,585 [pool-49-thread-1] INFO  server.RaftServerConfigKeys (ConfUtils.java:logGet(43)) - raft.server.log.use.memory = false (default)
2019-08-23 08:44:12,585 [pool-49-thread-1] INFO  server.RaftServerConfigKeys (ConfUtils.java:logGet(43)) - raft.server.log.purge.gap = 1000000 (custom)
2019-08-23 08:44:12,585 [pool-49-thread-1] INFO  server.RaftServerConfigKeys (ConfUtils.java:logGet(43)) - raft.server.log.appender.buffer.byte-limit = 33554432 (custom)
2019-08-23 08:44:12,585 [pool-49-thread-1] INFO  server.RaftServerConfigKeys (ConfUtils.java:logGet(43)) - raft.server.log.segment.size.max = 1048576 (custom)
2019-08-23 08:44:12,585 [pool-49-thread-1] INFO  server.RaftServerConfigKeys (ConfUtils.java:logGet(43)) - raft.server.log.segment.cache.num.max = 2 (custom)
2019-08-23 08:44:12,586 [pool-49-thread-1] INFO  segmented.SegmentedRaftLogWorker (SegmentedRaftLogWorker.java:<init>(172)) - new 282270cf-20fb-461f-9c8a-9450796f87ad-SegmentedRaftLogWorker:Storage Directory /workdir/hadoop-ozone/integration-test/target/test-dir/MiniOzoneClusterImpl-ee747063-c070-4170-8f1b-294adf81e4a4/datanode-2/data/ratis/adde406c-024a-43f5-9359-a8fcbd3f6d92 for RaftStorage:Storage Directory /workdir/hadoop-ozone/integration-test/target/test-dir/MiniOzoneClusterImpl-ee747063-c070-4170-8f1b-294adf81e4a4/datanode-2/data/ratis/adde406c-024a-43f5-9359-a8fcbd3f6d92
2019-08-23 08:44:12,586 [pool-49-thread-1] INFO  server.RaftServerConfigKeys (ConfUtils.java:logGet(43)) - raft.server.log.queue.byte-limit = 2147483647 (custom)
2019-08-23 08:44:12,586 [pool-49-thread-1] INFO  server.RaftServerConfigKeys (ConfUtils.java:logGet(43)) - raft.server.log.queue.element-limit = 1024 (custom)
2019-08-23 08:44:12,586 [pool-49-thread-1] INFO  server.RaftServerConfigKeys (ConfUtils.java:logGet(43)) - raft.server.log.segment.size.max = 1048576 (custom)
2019-08-23 08:44:12,587 [pool-49-thread-1] INFO  server.RaftServerConfigKeys (ConfUtils.java:logGet(43)) - raft.server.log.preallocated.size = 16384 (custom)
2019-08-23 08:44:12,587 [pool-49-thread-1] INFO  server.RaftServerConfigKeys (ConfUtils.java:logGet(43)) - raft.server.log.write.buffer.size = 33554432 (custom)
2019-08-23 08:44:12,587 [pool-49-thread-1] INFO  server.RaftServerConfigKeys (ConfUtils.java:logGet(43)) - raft.server.log.force.sync.num = 128 (default)
2019-08-23 08:44:12,587 [pool-49-thread-1] INFO  server.RaftServerConfigKeys (ConfUtils.java:logGet(43)) - raft.server.log.statemachine.data.sync = true (default)
2019-08-23 08:44:12,587 [pool-49-thread-1] INFO  server.RaftServerConfigKeys (ConfUtils.java:logGet(43)) - raft.server.log.statemachine.data.sync.timeout = 10s (default)
2019-08-23 08:44:12,587 [pool-49-thread-1] INFO  server.RaftServerConfigKeys (ConfUtils.java:logGet(43)) - raft.server.log.statemachine.data.sync.timeout.retry = -1 (default)
2019-08-23 08:44:12,588 [pool-49-thread-1] INFO  server.RaftServerConfigKeys (ConfUtils.java:logGet(43)) - raft.server.log.statemachine.data.caching.enabled = true (custom)
2019-08-23 08:44:12,588 [pool-49-thread-1] INFO  segmented.SegmentedRaftLogWorker (SegmentedRaftLogWorker.java:lambda$new$0(132)) - 282270cf-20fb-461f-9c8a-9450796f87ad-SegmentedRaftLogWorker:Storage Directory /workdir/hadoop-ozone/integration-test/target/test-dir/MiniOzoneClusterImpl-ee747063-c070-4170-8f1b-294adf81e4a4/datanode-2/data/ratis/adde406c-024a-43f5-9359-a8fcbd3f6d92: flushIndex: setUnconditionally 0 -> -1
2019-08-23 08:44:12,589 [pool-49-thread-1] INFO  server.RaftServerConfigKeys (ConfUtils.java:logGet(43)) - raft.server.snapshot.auto.trigger.enabled = true (custom)
2019-08-23 08:44:12,589 [pool-49-thread-1] INFO  server.RaftServerConfigKeys (ConfUtils.java:logGet(43)) - raft.server.snapshot.auto.trigger.threshold = 10000 (custom)
2019-08-23 08:44:12,589 [pool-49-thread-1] INFO  server.RaftServerConfigKeys (ConfUtils.java:logGet(43)) - raft.server.retrycache.expirytime = 600000ms (custom)
2019-08-23 08:44:12,589 [pool-49-thread-1] INFO  impl.RaftServerImpl (RaftServerImpl.java:start(180)) - 282270cf-20fb-461f-9c8a-9450796f87ad: start group-A8FCBD3F6D92
2019-08-23 08:44:12,589 [pool-49-thread-1] INFO  impl.RaftServerImpl (RaftServerImpl.java:setRole(171)) - 282270cf-20fb-461f-9c8a-9450796f87ad:group-A8FCBD3F6D92 changes role from null to FOLLOWER at term 0 for startAsFollower
2019-08-23 08:44:12,590 [pool-49-thread-1] INFO  impl.RoleInfo (RoleInfo.java:updateAndGet(143)) - 282270cf-20fb-461f-9c8a-9450796f87ad: start FollowerState
2019-08-23 08:44:12,590 [pool-49-thread-1] INFO  util.JmxRegister (JmxRegister.java:tryRegister(44)) - Successfully registered JMX Bean with object name Ratis:service=RaftServer,group=group-A8FCBD3F6D92,id=282270cf-20fb-461f-9c8a-9450796f87ad
2019-08-23 08:44:12,606 [RatisPipelineUtilsThread] INFO  pipeline.PipelineStateManager (PipelineStateManager.java:addPipeline(56)) - Created pipeline Pipeline[ Id: adde406c-024a-43f5-9359-a8fcbd3f6d92, Nodes: 282270cf-20fb-461f-9c8a-9450796f87ad{ip: 192.168.36.124, host: pr-hdds-2022-djmxw-136905289, networkLocation: /default-rack, certSerialId: null}, Type:RATIS, Factor:ONE, State:OPEN]
2019-08-23 08:44:12,638 [grpc-default-executor-0] INFO  impl.RaftServerProxy (RaftServerProxy.java:addNew(89)) - d25e1fb2-dc34-4d59-84ce-3be5e962ff3d: addNew group-F5ED6E85C6A1:[d25e1fb2-dc34-4d59-84ce-3be5e962ff3d:192.168.36.124:41699] returns group-F5ED6E85C6A1:java.util.concurrent.CompletableFuture@1f9a6e5b[Not completed]
2019-08-23 08:44:12,643 [pool-82-thread-1] INFO  impl.RaftServerImpl (RaftServerImpl.java:<init>(93)) - d25e1fb2-dc34-4d59-84ce-3be5e962ff3d: new RaftServerImpl for group-F5ED6E85C6A1:[d25e1fb2-dc34-4d59-84ce-3be5e962ff3d:192.168.36.124:41699] with ContainerStateMachine:uninitialized
2019-08-23 08:44:12,643 [pool-82-thread-1] INFO  server.RaftServerConfigKeys (ConfUtils.java:logGet(43)) - raft.server.rpc.timeout.min = 5s (custom)
2019-08-23 08:44:12,643 [pool-82-thread-1] INFO  server.RaftServerConfigKeys (ConfUtils.java:logGet(43)) - raft.server.rpc.timeout.max = 5200ms (custom)
2019-08-23 08:44:12,643 [pool-82-thread-1] INFO  server.RaftServerConfigKeys (ConfUtils.java:logGet(43)) - raft.server.rpcslowness.timeout = 120s (custom)
2019-08-23 08:44:12,643 [pool-82-thread-1] INFO  server.RaftServerConfigKeys (ConfUtils.java:logGet(43)) - raft.server.sleep.deviation.threshold = 300 (default)
2019-08-23 08:44:12,644 [pool-82-thread-1] INFO  server.RaftServerConfigKeys (ConfUtils.java:logGet(43)) - raft.server.log.appender.install.snapshot.enabled = false (custom)
2019-08-23 08:44:12,644 [pool-82-thread-1] INFO  impl.RaftServerImpl (ServerState.java:<init>(105)) - d25e1fb2-dc34-4d59-84ce-3be5e962ff3d:group-F5ED6E85C6A1 ConfigurationManager, init=-1: [d25e1fb2-dc34-4d59-84ce-3be5e962ff3d:192.168.36.124:41699], old=null, confs=<EMPTY_MAP>
2019-08-23 08:44:12,644 [pool-82-thread-1] INFO  server.RaftServerConfigKeys (ConfUtils.java:logGet(43)) - raft.server.storage.dir = [/workdir/hadoop-ozone/integration-test/target/test-dir/MiniOzoneClusterImpl-ee747063-c070-4170-8f1b-294adf81e4a4/datanode-5/data/ratis] (custom)
2019-08-23 08:44:12,644 [pool-82-thread-1] INFO  storage.RaftStorageDirectory (RaftStorageDirectory.java:analyzeStorage(246)) - The storage directory /workdir/hadoop-ozone/integration-test/target/test-dir/MiniOzoneClusterImpl-ee747063-c070-4170-8f1b-294adf81e4a4/datanode-5/data/ratis/da49b08b-1ec2-483f-b780-f5ed6e85c6a1 does not exist. Creating ...
2019-08-23 08:44:12,668 [pool-82-thread-1] INFO  storage.RaftStorageDirectory (RaftStorageDirectory.java:tryLock(328)) - Lock on /workdir/hadoop-ozone/integration-test/target/test-dir/MiniOzoneClusterImpl-ee747063-c070-4170-8f1b-294adf81e4a4/datanode-5/data/ratis/da49b08b-1ec2-483f-b780-f5ed6e85c6a1/in_use.lock acquired by nodename 22422@pr-hdds-2022-djmxw-136905289
2019-08-23 08:44:12,671 [main] INFO  ozone.MiniOzoneClusterImpl (MiniOzoneClusterImpl.java:lambda$waitForClusterToBeReady$0(142)) - Cluster is ready. Got 7 of 7 DN Heartbeats.
2019-08-23 08:44:12,694 [pool-82-thread-1] INFO  storage.RaftStorage (RaftStorage.java:format(72)) - Storage directory /workdir/hadoop-ozone/integration-test/target/test-dir/MiniOzoneClusterImpl-ee747063-c070-4170-8f1b-294adf81e4a4/datanode-5/data/ratis/da49b08b-1ec2-483f-b780-f5ed6e85c6a1 has been successfully formatted.
2019-08-23 08:44:12,695 [pool-82-thread-1] INFO  ratis.ContainerStateMachine (ContainerStateMachine.java:loadSnapshot(226)) - group-F5ED6E85C6A1: The snapshot info is null. Setting the last applied indexto:(t:0, i:~)
2019-08-23 08:44:12,696 [pool-82-thread-1] INFO  server.RaftServerConfigKeys (ConfUtils.java:logGet(43)) - raft.server.leader.election.timeout = 120s (custom)
2019-08-23 08:44:12,696 [pool-82-thread-1] INFO  server.RaftServerConfigKeys (ConfUtils.java:logGet(43)) - raft.server.log.use.memory = false (default)
2019-08-23 08:44:12,696 [pool-82-thread-1] INFO  server.RaftServerConfigKeys (ConfUtils.java:logGet(43)) - raft.server.log.purge.gap = 1000000 (custom)
2019-08-23 08:44:12,696 [pool-82-thread-1] INFO  server.RaftServerConfigKeys (ConfUtils.java:logGet(43)) - raft.server.log.appender.buffer.byte-limit = 33554432 (custom)
2019-08-23 08:44:12,696 [pool-82-thread-1] INFO  server.RaftServerConfigKeys (ConfUtils.java:logGet(43)) - raft.server.log.segment.size.max = 1048576 (custom)
2019-08-23 08:44:12,697 [pool-82-thread-1] INFO  server.RaftServerConfigKeys (ConfUtils.java:logGet(43)) - raft.server.log.segment.cache.num.max = 2 (custom)
2019-08-23 08:44:12,697 [pool-82-thread-1] INFO  segmented.SegmentedRaftLogWorker (SegmentedRaftLogWorker.java:<init>(172)) - new d25e1fb2-dc34-4d59-84ce-3be5e962ff3d-SegmentedRaftLogWorker:Storage Directory /workdir/hadoop-ozone/integration-test/target/test-dir/MiniOzoneClusterImpl-ee747063-c070-4170-8f1b-294adf81e4a4/datanode-5/data/ratis/da49b08b-1ec2-483f-b780-f5ed6e85c6a1 for RaftStorage:Storage Directory /workdir/hadoop-ozone/integration-test/target/test-dir/MiniOzoneClusterImpl-ee747063-c070-4170-8f1b-294adf81e4a4/datanode-5/data/ratis/da49b08b-1ec2-483f-b780-f5ed6e85c6a1
2019-08-23 08:44:12,697 [pool-82-thread-1] INFO  server.RaftServerConfigKeys (ConfUtils.java:logGet(43)) - raft.server.log.queue.byte-limit = 2147483647 (custom)
2019-08-23 08:44:12,697 [pool-82-thread-1] INFO  server.RaftServerConfigKeys (ConfUtils.java:logGet(43)) - raft.server.log.queue.element-limit = 1024 (custom)
2019-08-23 08:44:12,697 [pool-82-thread-1] INFO  server.RaftServerConfigKeys (ConfUtils.java:logGet(43)) - raft.server.log.segment.size.max = 1048576 (custom)
2019-08-23 08:44:12,697 [pool-82-thread-1] INFO  server.RaftServerConfigKeys (ConfUtils.java:logGet(43)) - raft.server.log.preallocated.size = 16384 (custom)
2019-08-23 08:44:12,698 [pool-82-thread-1] INFO  server.RaftServerConfigKeys (ConfUtils.java:logGet(43)) - raft.server.log.write.buffer.size = 33554432 (custom)
2019-08-23 08:44:12,698 [pool-82-thread-1] INFO  server.RaftServerConfigKeys (ConfUtils.java:logGet(43)) - raft.server.log.force.sync.num = 128 (default)
2019-08-23 08:44:12,698 [pool-82-thread-1] INFO  server.RaftServerConfigKeys (ConfUtils.java:logGet(43)) - raft.server.log.statemachine.data.sync = true (default)
2019-08-23 08:44:12,698 [pool-82-thread-1] INFO  server.RaftServerConfigKeys (ConfUtils.java:logGet(43)) - raft.server.log.statemachine.data.sync.timeout = 10s (default)
2019-08-23 08:44:12,698 [pool-82-thread-1] INFO  server.RaftServerConfigKeys (ConfUtils.java:logGet(43)) - raft.server.log.statemachine.data.sync.timeout.retry = -1 (default)
2019-08-23 08:44:12,698 [pool-82-thread-1] INFO  server.RaftServerConfigKeys (ConfUtils.java:logGet(43)) - raft.server.log.statemachine.data.caching.enabled = true (custom)
2019-08-23 08:44:12,699 [pool-82-thread-1] INFO  segmented.SegmentedRaftLogWorker (SegmentedRaftLogWorker.java:lambda$new$0(132)) - d25e1fb2-dc34-4d59-84ce-3be5e962ff3d-SegmentedRaftLogWorker:Storage Directory /workdir/hadoop-ozone/integration-test/target/test-dir/MiniOzoneClusterImpl-ee747063-c070-4170-8f1b-294adf81e4a4/datanode-5/data/ratis/da49b08b-1ec2-483f-b780-f5ed6e85c6a1: flushIndex: setUnconditionally 0 -> -1
2019-08-23 08:44:12,699 [pool-82-thread-1] INFO  server.RaftServerConfigKeys (ConfUtils.java:logGet(43)) - raft.server.snapshot.auto.trigger.enabled = true (custom)
2019-08-23 08:44:12,699 [pool-82-thread-1] INFO  server.RaftServerConfigKeys (ConfUtils.java:logGet(43)) - raft.server.snapshot.auto.trigger.threshold = 10000 (custom)
2019-08-23 08:44:12,699 [pool-82-thread-1] INFO  server.RaftServerConfigKeys (ConfUtils.java:logGet(43)) - raft.server.retrycache.expirytime = 600000ms (custom)
2019-08-23 08:44:12,700 [pool-82-thread-1] INFO  impl.RaftServerImpl (RaftServerImpl.java:start(180)) - d25e1fb2-dc34-4d59-84ce-3be5e962ff3d: start group-F5ED6E85C6A1
2019-08-23 08:44:12,700 [pool-82-thread-1] INFO  impl.RaftServerImpl (RaftServerImpl.java:setRole(171)) - d25e1fb2-dc34-4d59-84ce-3be5e962ff3d:group-F5ED6E85C6A1 changes role from null to FOLLOWER at term 0 for startAsFollower
2019-08-23 08:44:12,700 [pool-82-thread-1] INFO  impl.RoleInfo (RoleInfo.java:updateAndGet(143)) - d25e1fb2-dc34-4d59-84ce-3be5e962ff3d: start FollowerState
2019-08-23 08:44:12,700 [pool-82-thread-1] INFO  util.JmxRegister (JmxRegister.java:tryRegister(44)) - Successfully registered JMX Bean with object name Ratis:service=RaftServer,group=group-F5ED6E85C6A1,id=d25e1fb2-dc34-4d59-84ce-3be5e962ff3d
2019-08-23 08:44:12,716 [RatisPipelineUtilsThread] INFO  pipeline.PipelineStateManager (PipelineStateManager.java:addPipeline(56)) - Created pipeline Pipeline[ Id: da49b08b-1ec2-483f-b780-f5ed6e85c6a1, Nodes: d25e1fb2-dc34-4d59-84ce-3be5e962ff3d{ip: 192.168.36.124, host: pr-hdds-2022-djmxw-136905289, networkLocation: /default-rack, certSerialId: null}, Type:RATIS, Factor:ONE, State:OPEN]
2019-08-23 08:44:12,744 [grpc-default-executor-0] INFO  impl.RaftServerProxy (RaftServerProxy.java:addNew(89)) - 5f42c09d-68f5-43be-ab10-ef5f897cf19a: addNew group-8F830BAFE17D:[5f42c09d-68f5-43be-ab10-ef5f897cf19a:192.168.36.124:46842] returns group-8F830BAFE17D:java.util.concurrent.CompletableFuture@1a80c674[Not completed]
2019-08-23 08:44:12,749 [pool-71-thread-1] INFO  impl.RaftServerImpl (RaftServerImpl.java:<init>(93)) - 5f42c09d-68f5-43be-ab10-ef5f897cf19a: new RaftServerImpl for group-8F830BAFE17D:[5f42c09d-68f5-43be-ab10-ef5f897cf19a:192.168.36.124:46842] with ContainerStateMachine:uninitialized
2019-08-23 08:44:12,749 [pool-71-thread-1] INFO  server.RaftServerConfigKeys (ConfUtils.java:logGet(43)) - raft.server.rpc.timeout.min = 5s (custom)
2019-08-23 08:44:12,750 [pool-71-thread-1] INFO  server.RaftServerConfigKeys (ConfUtils.java:logGet(43)) - raft.server.rpc.timeout.max = 5200ms (custom)
2019-08-23 08:44:12,750 [pool-71-thread-1] INFO  server.RaftServerConfigKeys (ConfUtils.java:logGet(43)) - raft.server.rpcslowness.timeout = 120s (custom)
2019-08-23 08:44:12,750 [pool-71-thread-1] INFO  server.RaftServerConfigKeys (ConfUtils.java:logGet(43)) - raft.server.sleep.deviation.threshold = 300 (default)
2019-08-23 08:44:12,750 [pool-71-thread-1] INFO  server.RaftServerConfigKeys (ConfUtils.java:logGet(43)) - raft.server.log.appender.install.snapshot.enabled = false (custom)
2019-08-23 08:44:12,750 [pool-71-thread-1] INFO  impl.RaftServerImpl (ServerState.java:<init>(105)) - 5f42c09d-68f5-43be-ab10-ef5f897cf19a:group-8F830BAFE17D ConfigurationManager, init=-1: [5f42c09d-68f5-43be-ab10-ef5f897cf19a:192.168.36.124:46842], old=null, confs=<EMPTY_MAP>
2019-08-23 08:44:12,750 [pool-71-thread-1] INFO  server.RaftServerConfigKeys (ConfUtils.java:logGet(43)) - raft.server.storage.dir = [/workdir/hadoop-ozone/integration-test/target/test-dir/MiniOzoneClusterImpl-ee747063-c070-4170-8f1b-294adf81e4a4/datanode-4/data/ratis] (custom)
2019-08-23 08:44:12,751 [pool-71-thread-1] INFO  storage.RaftStorageDirectory (RaftStorageDirectory.java:analyzeStorage(246)) - The storage directory /workdir/hadoop-ozone/integration-test/target/test-dir/MiniOzoneClusterImpl-ee747063-c070-4170-8f1b-294adf81e4a4/datanode-4/data/ratis/f6befb9a-dc2c-47e1-bdad-8f830bafe17d does not exist. Creating ...
2019-08-23 08:44:12,781 [pool-71-thread-1] INFO  storage.RaftStorageDirectory (RaftStorageDirectory.java:tryLock(328)) - Lock on /workdir/hadoop-ozone/integration-test/target/test-dir/MiniOzoneClusterImpl-ee747063-c070-4170-8f1b-294adf81e4a4/datanode-4/data/ratis/f6befb9a-dc2c-47e1-bdad-8f830bafe17d/in_use.lock acquired by nodename 22422@pr-hdds-2022-djmxw-136905289
2019-08-23 08:44:12,789 | INFO  | SCMAudit | user=jenkins1000 | ip=192.168.36.124 | op=SEND_HEARTBEAT {datanodeUUID=06ff8c32-d6a1-4424-b29b-4c2a415942d4, command=[]} | ret=SUCCESS |  
2019-08-23 08:44:12,803 [pool-71-thread-1] INFO  storage.RaftStorage (RaftStorage.java:format(72)) - Storage directory /workdir/hadoop-ozone/integration-test/target/test-dir/MiniOzoneClusterImpl-ee747063-c070-4170-8f1b-294adf81e4a4/datanode-4/data/ratis/f6befb9a-dc2c-47e1-bdad-8f830bafe17d has been successfully formatted.
2019-08-23 08:44:12,803 [pool-71-thread-1] INFO  ratis.ContainerStateMachine (ContainerStateMachine.java:loadSnapshot(226)) - group-8F830BAFE17D: The snapshot info is null. Setting the last applied indexto:(t:0, i:~)
2019-08-23 08:44:12,803 [pool-71-thread-1] INFO  server.RaftServerConfigKeys (ConfUtils.java:logGet(43)) - raft.server.leader.election.timeout = 120s (custom)
2019-08-23 08:44:12,803 [pool-71-thread-1] INFO  server.RaftServerConfigKeys (ConfUtils.java:logGet(43)) - raft.server.log.use.memory = false (default)
2019-08-23 08:44:12,804 [pool-71-thread-1] INFO  server.RaftServerConfigKeys (ConfUtils.java:logGet(43)) - raft.server.log.purge.gap = 1000000 (custom)
2019-08-23 08:44:12,804 [pool-71-thread-1] INFO  server.RaftServerConfigKeys (ConfUtils.java:logGet(43)) - raft.server.log.appender.buffer.byte-limit = 33554432 (custom)
2019-08-23 08:44:12,804 [pool-71-thread-1] INFO  server.RaftServerConfigKeys (ConfUtils.java:logGet(43)) - raft.server.log.segment.size.max = 1048576 (custom)
2019-08-23 08:44:12,804 [pool-71-thread-1] INFO  server.RaftServerConfigKeys (ConfUtils.java:logGet(43)) - raft.server.log.segment.cache.num.max = 2 (custom)
2019-08-23 08:44:12,804 [pool-71-thread-1] INFO  segmented.SegmentedRaftLogWorker (SegmentedRaftLogWorker.java:<init>(172)) - new 5f42c09d-68f5-43be-ab10-ef5f897cf19a-SegmentedRaftLogWorker:Storage Directory /workdir/hadoop-ozone/integration-test/target/test-dir/MiniOzoneClusterImpl-ee747063-c070-4170-8f1b-294adf81e4a4/datanode-4/data/ratis/f6befb9a-dc2c-47e1-bdad-8f830bafe17d for RaftStorage:Storage Directory /workdir/hadoop-ozone/integration-test/target/test-dir/MiniOzoneClusterImpl-ee747063-c070-4170-8f1b-294adf81e4a4/datanode-4/data/ratis/f6befb9a-dc2c-47e1-bdad-8f830bafe17d
2019-08-23 08:44:12,804 [pool-71-thread-1] INFO  server.RaftServerConfigKeys (ConfUtils.java:logGet(43)) - raft.server.log.queue.byte-limit = 2147483647 (custom)
2019-08-23 08:44:12,804 [pool-71-thread-1] INFO  server.RaftServerConfigKeys (ConfUtils.java:logGet(43)) - raft.server.log.queue.element-limit = 1024 (custom)
2019-08-23 08:44:12,805 [pool-71-thread-1] INFO  server.RaftServerConfigKeys (ConfUtils.java:logGet(43)) - raft.server.log.segment.size.max = 1048576 (custom)
2019-08-23 08:44:12,805 [pool-71-thread-1] INFO  server.RaftServerConfigKeys (ConfUtils.java:logGet(43)) - raft.server.log.preallocated.size = 16384 (custom)
2019-08-23 08:44:12,805 [pool-71-thread-1] INFO  server.RaftServerConfigKeys (ConfUtils.java:logGet(43)) - raft.server.log.write.buffer.size = 33554432 (custom)
2019-08-23 08:44:12,805 [pool-71-thread-1] INFO  server.RaftServerConfigKeys (ConfUtils.java:logGet(43)) - raft.server.log.force.sync.num = 128 (default)
2019-08-23 08:44:12,805 [pool-71-thread-1] INFO  server.RaftServerConfigKeys (ConfUtils.java:logGet(43)) - raft.server.log.statemachine.data.sync = true (default)
2019-08-23 08:44:12,806 [pool-71-thread-1] INFO  server.RaftServerConfigKeys (ConfUtils.java:logGet(43)) - raft.server.log.statemachine.data.sync.timeout = 10s (default)
2019-08-23 08:44:12,806 [pool-71-thread-1] INFO  server.RaftServerConfigKeys (ConfUtils.java:logGet(43)) - raft.server.log.statemachine.data.sync.timeout.retry = -1 (default)
2019-08-23 08:44:12,806 [pool-71-thread-1] INFO  server.RaftServerConfigKeys (ConfUtils.java:logGet(43)) - raft.server.log.statemachine.data.caching.enabled = true (custom)
2019-08-23 08:44:12,807 [pool-71-thread-1] INFO  segmented.SegmentedRaftLogWorker (SegmentedRaftLogWorker.java:lambda$new$0(132)) - 5f42c09d-68f5-43be-ab10-ef5f897cf19a-SegmentedRaftLogWorker:Storage Directory /workdir/hadoop-ozone/integration-test/target/test-dir/MiniOzoneClusterImpl-ee747063-c070-4170-8f1b-294adf81e4a4/datanode-4/data/ratis/f6befb9a-dc2c-47e1-bdad-8f830bafe17d: flushIndex: setUnconditionally 0 -> -1
2019-08-23 08:44:12,807 [pool-71-thread-1] INFO  server.RaftServerConfigKeys (ConfUtils.java:logGet(43)) - raft.server.snapshot.auto.trigger.enabled = true (custom)
2019-08-23 08:44:12,807 [pool-71-thread-1] INFO  server.RaftServerConfigKeys (ConfUtils.java:logGet(43)) - raft.server.snapshot.auto.trigger.threshold = 10000 (custom)
2019-08-23 08:44:12,808 [pool-71-thread-1] INFO  server.RaftServerConfigKeys (ConfUtils.java:logGet(43)) - raft.server.retrycache.expirytime = 600000ms (custom)
2019-08-23 08:44:12,808 [pool-71-thread-1] INFO  impl.RaftServerImpl (RaftServerImpl.java:start(180)) - 5f42c09d-68f5-43be-ab10-ef5f897cf19a: start group-8F830BAFE17D
2019-08-23 08:44:12,808 [pool-71-thread-1] INFO  impl.RaftServerImpl (RaftServerImpl.java:setRole(171)) - 5f42c09d-68f5-43be-ab10-ef5f897cf19a:group-8F830BAFE17D changes role from null to FOLLOWER at term 0 for startAsFollower
2019-08-23 08:44:12,808 [pool-71-thread-1] INFO  impl.RoleInfo (RoleInfo.java:updateAndGet(143)) - 5f42c09d-68f5-43be-ab10-ef5f897cf19a: start FollowerState
2019-08-23 08:44:12,809 [pool-71-thread-1] INFO  util.JmxRegister (JmxRegister.java:tryRegister(44)) - Successfully registered JMX Bean with object name Ratis:service=RaftServer,group=group-8F830BAFE17D,id=5f42c09d-68f5-43be-ab10-ef5f897cf19a
2019-08-23 08:44:12,825 [RatisPipelineUtilsThread] INFO  pipeline.PipelineStateManager (PipelineStateManager.java:addPipeline(56)) - Created pipeline Pipeline[ Id: f6befb9a-dc2c-47e1-bdad-8f830bafe17d, Nodes: 5f42c09d-68f5-43be-ab10-ef5f897cf19a{ip: 192.168.36.124, host: pr-hdds-2022-djmxw-136905289, networkLocation: /default-rack, certSerialId: null}, Type:RATIS, Factor:ONE, State:OPEN]
2019-08-23 08:44:12,863 [grpc-default-executor-1] INFO  impl.RaftServerProxy (RaftServerProxy.java:addNew(89)) - 814796da-c9aa-44ae-b4d2-a94a982d530c: addNew group-D6425B254B44:[814796da-c9aa-44ae-b4d2-a94a982d530c:192.168.36.124:45643, c8614be4-ba7c-4b3e-bf92-2a79013b63c7:192.168.36.124:36113, 6130611f-ea3a-4a14-895f-35c381f9efc4:192.168.36.124:37607] returns group-D6425B254B44:java.util.concurrent.CompletableFuture@3a77d661[Not completed]
2019-08-23 08:44:12,863 [grpc-default-executor-2] INFO  impl.RaftServerProxy (RaftServerProxy.java:addNew(89)) - 6130611f-ea3a-4a14-895f-35c381f9efc4: addNew group-D6425B254B44:[814796da-c9aa-44ae-b4d2-a94a982d530c:192.168.36.124:45643, c8614be4-ba7c-4b3e-bf92-2a79013b63c7:192.168.36.124:36113, 6130611f-ea3a-4a14-895f-35c381f9efc4:192.168.36.124:37607] returns group-D6425B254B44:java.util.concurrent.CompletableFuture@53bc7528[Not completed]
2019-08-23 08:44:12,867 [grpc-default-executor-2] INFO  impl.RaftServerProxy (RaftServerProxy.java:addNew(89)) - c8614be4-ba7c-4b3e-bf92-2a79013b63c7: addNew group-D6425B254B44:[814796da-c9aa-44ae-b4d2-a94a982d530c:192.168.36.124:45643, c8614be4-ba7c-4b3e-bf92-2a79013b63c7:192.168.36.124:36113, 6130611f-ea3a-4a14-895f-35c381f9efc4:192.168.36.124:37607] returns group-D6425B254B44:java.util.concurrent.CompletableFuture@5783eb87[Not completed]
2019-08-23 08:44:12,867 [pool-60-thread-1] INFO  impl.RaftServerImpl (RaftServerImpl.java:<init>(93)) - 814796da-c9aa-44ae-b4d2-a94a982d530c: new RaftServerImpl for group-D6425B254B44:[814796da-c9aa-44ae-b4d2-a94a982d530c:192.168.36.124:45643, c8614be4-ba7c-4b3e-bf92-2a79013b63c7:192.168.36.124:36113, 6130611f-ea3a-4a14-895f-35c381f9efc4:192.168.36.124:37607] with ContainerStateMachine:uninitialized
2019-08-23 08:44:12,868 [pool-60-thread-1] INFO  server.RaftServerConfigKeys (ConfUtils.java:logGet(43)) - raft.server.rpc.timeout.min = 5s (custom)
2019-08-23 08:44:12,868 [pool-60-thread-1] INFO  server.RaftServerConfigKeys (ConfUtils.java:logGet(43)) - raft.server.rpc.timeout.max = 5200ms (custom)
2019-08-23 08:44:12,868 [pool-60-thread-1] INFO  server.RaftServerConfigKeys (ConfUtils.java:logGet(43)) - raft.server.rpcslowness.timeout = 120s (custom)
2019-08-23 08:44:12,868 [pool-60-thread-1] INFO  server.RaftServerConfigKeys (ConfUtils.java:logGet(43)) - raft.server.sleep.deviation.threshold = 300 (default)
2019-08-23 08:44:12,868 [pool-60-thread-1] INFO  server.RaftServerConfigKeys (ConfUtils.java:logGet(43)) - raft.server.log.appender.install.snapshot.enabled = false (custom)
2019-08-23 08:44:12,868 [pool-60-thread-1] INFO  impl.RaftServerImpl (ServerState.java:<init>(105)) - 814796da-c9aa-44ae-b4d2-a94a982d530c:group-D6425B254B44 ConfigurationManager, init=-1: [814796da-c9aa-44ae-b4d2-a94a982d530c:192.168.36.124:45643, c8614be4-ba7c-4b3e-bf92-2a79013b63c7:192.168.36.124:36113, 6130611f-ea3a-4a14-895f-35c381f9efc4:192.168.36.124:37607], old=null, confs=<EMPTY_MAP>
2019-08-23 08:44:12,868 [pool-60-thread-1] INFO  server.RaftServerConfigKeys (ConfUtils.java:logGet(43)) - raft.server.storage.dir = [/workdir/hadoop-ozone/integration-test/target/test-dir/MiniOzoneClusterImpl-ee747063-c070-4170-8f1b-294adf81e4a4/datanode-3/data/ratis] (custom)
2019-08-23 08:44:12,869 [pool-93-thread-1] INFO  impl.RaftServerImpl (RaftServerImpl.java:<init>(93)) - 6130611f-ea3a-4a14-895f-35c381f9efc4: new RaftServerImpl for group-D6425B254B44:[814796da-c9aa-44ae-b4d2-a94a982d530c:192.168.36.124:45643, c8614be4-ba7c-4b3e-bf92-2a79013b63c7:192.168.36.124:36113, 6130611f-ea3a-4a14-895f-35c381f9efc4:192.168.36.124:37607] with ContainerStateMachine:uninitialized
2019-08-23 08:44:12,869 [pool-93-thread-1] INFO  server.RaftServerConfigKeys (ConfUtils.java:logGet(43)) - raft.server.rpc.timeout.min = 5s (custom)
2019-08-23 08:44:12,869 [pool-93-thread-1] INFO  server.RaftServerConfigKeys (ConfUtils.java:logGet(43)) - raft.server.rpc.timeout.max = 5200ms (custom)
2019-08-23 08:44:12,869 [pool-60-thread-1] INFO  storage.RaftStorageDirectory (RaftStorageDirectory.java:analyzeStorage(246)) - The storage directory /workdir/hadoop-ozone/integration-test/target/test-dir/MiniOzoneClusterImpl-ee747063-c070-4170-8f1b-294adf81e4a4/datanode-3/data/ratis/613432a9-1655-456d-8a93-d6425b254b44 does not exist. Creating ...
2019-08-23 08:44:12,869 [pool-93-thread-1] INFO  server.RaftServerConfigKeys (ConfUtils.java:logGet(43)) - raft.server.rpcslowness.timeout = 120s (custom)
2019-08-23 08:44:12,869 [pool-93-thread-1] INFO  server.RaftServerConfigKeys (ConfUtils.java:logGet(43)) - raft.server.sleep.deviation.threshold = 300 (default)
2019-08-23 08:44:12,869 [pool-93-thread-1] INFO  server.RaftServerConfigKeys (ConfUtils.java:logGet(43)) - raft.server.log.appender.install.snapshot.enabled = false (custom)
2019-08-23 08:44:12,869 [pool-93-thread-1] INFO  impl.RaftServerImpl (ServerState.java:<init>(105)) - 6130611f-ea3a-4a14-895f-35c381f9efc4:group-D6425B254B44 ConfigurationManager, init=-1: [814796da-c9aa-44ae-b4d2-a94a982d530c:192.168.36.124:45643, c8614be4-ba7c-4b3e-bf92-2a79013b63c7:192.168.36.124:36113, 6130611f-ea3a-4a14-895f-35c381f9efc4:192.168.36.124:37607], old=null, confs=<EMPTY_MAP>
2019-08-23 08:44:12,870 [pool-93-thread-1] INFO  server.RaftServerConfigKeys (ConfUtils.java:logGet(43)) - raft.server.storage.dir = [/workdir/hadoop-ozone/integration-test/target/test-dir/MiniOzoneClusterImpl-ee747063-c070-4170-8f1b-294adf81e4a4/datanode-6/data/ratis] (custom)
2019-08-23 08:44:12,870 [pool-93-thread-1] INFO  storage.RaftStorageDirectory (RaftStorageDirectory.java:analyzeStorage(246)) - The storage directory /workdir/hadoop-ozone/integration-test/target/test-dir/MiniOzoneClusterImpl-ee747063-c070-4170-8f1b-294adf81e4a4/datanode-6/data/ratis/613432a9-1655-456d-8a93-d6425b254b44 does not exist. Creating ...
2019-08-23 08:44:12,870 [pool-38-thread-1] INFO  impl.RaftServerImpl (RaftServerImpl.java:<init>(93)) - c8614be4-ba7c-4b3e-bf92-2a79013b63c7: new RaftServerImpl for group-D6425B254B44:[814796da-c9aa-44ae-b4d2-a94a982d530c:192.168.36.124:45643, c8614be4-ba7c-4b3e-bf92-2a79013b63c7:192.168.36.124:36113, 6130611f-ea3a-4a14-895f-35c381f9efc4:192.168.36.124:37607] with ContainerStateMachine:uninitialized
2019-08-23 08:44:12,870 [pool-38-thread-1] INFO  server.RaftServerConfigKeys (ConfUtils.java:logGet(43)) - raft.server.rpc.timeout.min = 5s (custom)
2019-08-23 08:44:12,870 [pool-38-thread-1] INFO  server.RaftServerConfigKeys (ConfUtils.java:logGet(43)) - raft.server.rpc.timeout.max = 5200ms (custom)
2019-08-23 08:44:12,871 [pool-38-thread-1] INFO  server.RaftServerConfigKeys (ConfUtils.java:logGet(43)) - raft.server.rpcslowness.timeout = 120s (custom)
2019-08-23 08:44:12,871 [pool-38-thread-1] INFO  server.RaftServerConfigKeys (ConfUtils.java:logGet(43)) - raft.server.sleep.deviation.threshold = 300 (default)
2019-08-23 08:44:12,871 [pool-38-thread-1] INFO  server.RaftServerConfigKeys (ConfUtils.java:logGet(43)) - raft.server.log.appender.install.snapshot.enabled = false (custom)
2019-08-23 08:44:12,871 [pool-38-thread-1] INFO  impl.RaftServerImpl (ServerState.java:<init>(105)) - c8614be4-ba7c-4b3e-bf92-2a79013b63c7:group-D6425B254B44 ConfigurationManager, init=-1: [814796da-c9aa-44ae-b4d2-a94a982d530c:192.168.36.124:45643, c8614be4-ba7c-4b3e-bf92-2a79013b63c7:192.168.36.124:36113, 6130611f-ea3a-4a14-895f-35c381f9efc4:192.168.36.124:37607], old=null, confs=<EMPTY_MAP>
2019-08-23 08:44:12,871 [pool-38-thread-1] INFO  server.RaftServerConfigKeys (ConfUtils.java:logGet(43)) - raft.server.storage.dir = [/workdir/hadoop-ozone/integration-test/target/test-dir/MiniOzoneClusterImpl-ee747063-c070-4170-8f1b-294adf81e4a4/datanode-1/data/ratis] (custom)
2019-08-23 08:44:12,872 [pool-38-thread-1] INFO  storage.RaftStorageDirectory (RaftStorageDirectory.java:analyzeStorage(246)) - The storage directory /workdir/hadoop-ozone/integration-test/target/test-dir/MiniOzoneClusterImpl-ee747063-c070-4170-8f1b-294adf81e4a4/datanode-1/data/ratis/613432a9-1655-456d-8a93-d6425b254b44 does not exist. Creating ...
2019-08-23 08:44:12,886 [pool-60-thread-1] INFO  storage.RaftStorageDirectory (RaftStorageDirectory.java:tryLock(328)) - Lock on /workdir/hadoop-ozone/integration-test/target/test-dir/MiniOzoneClusterImpl-ee747063-c070-4170-8f1b-294adf81e4a4/datanode-3/data/ratis/613432a9-1655-456d-8a93-d6425b254b44/in_use.lock acquired by nodename 22422@pr-hdds-2022-djmxw-136905289
2019-08-23 08:44:12,904 [pool-93-thread-1] INFO  storage.RaftStorageDirectory (RaftStorageDirectory.java:tryLock(328)) - Lock on /workdir/hadoop-ozone/integration-test/target/test-dir/MiniOzoneClusterImpl-ee747063-c070-4170-8f1b-294adf81e4a4/datanode-6/data/ratis/613432a9-1655-456d-8a93-d6425b254b44/in_use.lock acquired by nodename 22422@pr-hdds-2022-djmxw-136905289
2019-08-23 08:44:12,904 [pool-38-thread-1] INFO  storage.RaftStorageDirectory (RaftStorageDirectory.java:tryLock(328)) - Lock on /workdir/hadoop-ozone/integration-test/target/test-dir/MiniOzoneClusterImpl-ee747063-c070-4170-8f1b-294adf81e4a4/datanode-1/data/ratis/613432a9-1655-456d-8a93-d6425b254b44/in_use.lock acquired by nodename 22422@pr-hdds-2022-djmxw-136905289
2019-08-23 08:44:12,921 [pool-60-thread-1] INFO  storage.RaftStorage (RaftStorage.java:format(72)) - Storage directory /workdir/hadoop-ozone/integration-test/target/test-dir/MiniOzoneClusterImpl-ee747063-c070-4170-8f1b-294adf81e4a4/datanode-3/data/ratis/613432a9-1655-456d-8a93-d6425b254b44 has been successfully formatted.
2019-08-23 08:44:12,921 [pool-60-thread-1] INFO  ratis.ContainerStateMachine (ContainerStateMachine.java:loadSnapshot(226)) - group-D6425B254B44: The snapshot info is null. Setting the last applied indexto:(t:0, i:~)
2019-08-23 08:44:12,921 [pool-60-thread-1] INFO  server.RaftServerConfigKeys (ConfUtils.java:logGet(43)) - raft.server.leader.election.timeout = 120s (custom)
2019-08-23 08:44:12,921 [pool-60-thread-1] INFO  server.RaftServerConfigKeys (ConfUtils.java:logGet(43)) - raft.server.log.use.memory = false (default)
2019-08-23 08:44:12,922 [pool-60-thread-1] INFO  server.RaftServerConfigKeys (ConfUtils.java:logGet(43)) - raft.server.log.purge.gap = 1000000 (custom)
2019-08-23 08:44:12,922 [pool-60-thread-1] INFO  server.RaftServerConfigKeys (ConfUtils.java:logGet(43)) - raft.server.log.appender.buffer.byte-limit = 33554432 (custom)
2019-08-23 08:44:12,922 [pool-60-thread-1] INFO  server.RaftServerConfigKeys (ConfUtils.java:logGet(43)) - raft.server.log.segment.size.max = 1048576 (custom)
2019-08-23 08:44:12,922 [pool-60-thread-1] INFO  server.RaftServerConfigKeys (ConfUtils.java:logGet(43)) - raft.server.log.segment.cache.num.max = 2 (custom)
2019-08-23 08:44:12,922 [pool-60-thread-1] INFO  segmented.SegmentedRaftLogWorker (SegmentedRaftLogWorker.java:<init>(172)) - new 814796da-c9aa-44ae-b4d2-a94a982d530c-SegmentedRaftLogWorker:Storage Directory /workdir/hadoop-ozone/integration-test/target/test-dir/MiniOzoneClusterImpl-ee747063-c070-4170-8f1b-294adf81e4a4/datanode-3/data/ratis/613432a9-1655-456d-8a93-d6425b254b44 for RaftStorage:Storage Directory /workdir/hadoop-ozone/integration-test/target/test-dir/MiniOzoneClusterImpl-ee747063-c070-4170-8f1b-294adf81e4a4/datanode-3/data/ratis/613432a9-1655-456d-8a93-d6425b254b44
2019-08-23 08:44:12,922 [pool-60-thread-1] INFO  server.RaftServerConfigKeys (ConfUtils.java:logGet(43)) - raft.server.log.queue.byte-limit = 2147483647 (custom)
2019-08-23 08:44:12,922 [pool-60-thread-1] INFO  server.RaftServerConfigKeys (ConfUtils.java:logGet(43)) - raft.server.log.queue.element-limit = 1024 (custom)
2019-08-23 08:44:12,922 [pool-60-thread-1] INFO  server.RaftServerConfigKeys (ConfUtils.java:logGet(43)) - raft.server.log.segment.size.max = 1048576 (custom)
2019-08-23 08:44:12,923 [pool-60-thread-1] INFO  server.RaftServerConfigKeys (ConfUtils.java:logGet(43)) - raft.server.log.preallocated.size = 16384 (custom)
2019-08-23 08:44:12,923 [pool-60-thread-1] INFO  server.RaftServerConfigKeys (ConfUtils.java:logGet(43)) - raft.server.log.write.buffer.size = 33554432 (custom)
2019-08-23 08:44:12,923 [pool-60-thread-1] INFO  server.RaftServerConfigKeys (ConfUtils.java:logGet(43)) - raft.server.log.force.sync.num = 128 (default)
2019-08-23 08:44:12,923 [pool-60-thread-1] INFO  server.RaftServerConfigKeys (ConfUtils.java:logGet(43)) - raft.server.log.statemachine.data.sync = true (default)
2019-08-23 08:44:12,923 [pool-60-thread-1] INFO  server.RaftServerConfigKeys (ConfUtils.java:logGet(43)) - raft.server.log.statemachine.data.sync.timeout = 10s (default)
2019-08-23 08:44:12,923 [pool-60-thread-1] INFO  server.RaftServerConfigKeys (ConfUtils.java:logGet(43)) - raft.server.log.statemachine.data.sync.timeout.retry = -1 (default)
2019-08-23 08:44:12,923 [pool-60-thread-1] INFO  server.RaftServerConfigKeys (ConfUtils.java:logGet(43)) - raft.server.log.statemachine.data.caching.enabled = true (custom)
2019-08-23 08:44:12,930 [pool-60-thread-1] INFO  segmented.SegmentedRaftLogWorker (SegmentedRaftLogWorker.java:lambda$new$0(132)) - 814796da-c9aa-44ae-b4d2-a94a982d530c-SegmentedRaftLogWorker:Storage Directory /workdir/hadoop-ozone/integration-test/target/test-dir/MiniOzoneClusterImpl-ee747063-c070-4170-8f1b-294adf81e4a4/datanode-3/data/ratis/613432a9-1655-456d-8a93-d6425b254b44: flushIndex: setUnconditionally 0 -> -1
2019-08-23 08:44:12,930 [pool-60-thread-1] INFO  server.RaftServerConfigKeys (ConfUtils.java:logGet(43)) - raft.server.snapshot.auto.trigger.enabled = true (custom)
2019-08-23 08:44:12,930 [pool-60-thread-1] INFO  server.RaftServerConfigKeys (ConfUtils.java:logGet(43)) - raft.server.snapshot.auto.trigger.threshold = 10000 (custom)
2019-08-23 08:44:12,931 [pool-60-thread-1] INFO  server.RaftServerConfigKeys (ConfUtils.java:logGet(43)) - raft.server.retrycache.expirytime = 600000ms (custom)
2019-08-23 08:44:12,931 [pool-60-thread-1] INFO  impl.RaftServerImpl (RaftServerImpl.java:start(180)) - 814796da-c9aa-44ae-b4d2-a94a982d530c: start group-D6425B254B44
2019-08-23 08:44:12,931 [pool-60-thread-1] INFO  impl.RaftServerImpl (RaftServerImpl.java:setRole(171)) - 814796da-c9aa-44ae-b4d2-a94a982d530c:group-D6425B254B44 changes role from null to FOLLOWER at term 0 for startAsFollower
2019-08-23 08:44:12,931 [pool-60-thread-1] INFO  impl.RoleInfo (RoleInfo.java:updateAndGet(143)) - 814796da-c9aa-44ae-b4d2-a94a982d530c: start FollowerState
2019-08-23 08:44:12,932 [pool-60-thread-1] INFO  util.JmxRegister (JmxRegister.java:tryRegister(44)) - Successfully registered JMX Bean with object name Ratis:service=RaftServer,group=group-D6425B254B44,id=814796da-c9aa-44ae-b4d2-a94a982d530c
2019-08-23 08:44:12,939 [pool-38-thread-1] INFO  storage.RaftStorage (RaftStorage.java:format(72)) - Storage directory /workdir/hadoop-ozone/integration-test/target/test-dir/MiniOzoneClusterImpl-ee747063-c070-4170-8f1b-294adf81e4a4/datanode-1/data/ratis/613432a9-1655-456d-8a93-d6425b254b44 has been successfully formatted.
2019-08-23 08:44:12,939 [pool-93-thread-1] INFO  storage.RaftStorage (RaftStorage.java:format(72)) - Storage directory /workdir/hadoop-ozone/integration-test/target/test-dir/MiniOzoneClusterImpl-ee747063-c070-4170-8f1b-294adf81e4a4/datanode-6/data/ratis/613432a9-1655-456d-8a93-d6425b254b44 has been successfully formatted.
2019-08-23 08:44:12,945 [pool-38-thread-1] INFO  ratis.ContainerStateMachine (ContainerStateMachine.java:loadSnapshot(226)) - group-D6425B254B44: The snapshot info is null. Setting the last applied indexto:(t:0, i:~)
2019-08-23 08:44:12,945 [pool-38-thread-1] INFO  server.RaftServerConfigKeys (ConfUtils.java:logGet(43)) - raft.server.leader.election.timeout = 120s (custom)
2019-08-23 08:44:12,945 [pool-93-thread-1] INFO  ratis.ContainerStateMachine (ContainerStateMachine.java:loadSnapshot(226)) - group-D6425B254B44: The snapshot info is null. Setting the last applied indexto:(t:0, i:~)
2019-08-23 08:44:12,949 [pool-38-thread-1] INFO  server.RaftServerConfigKeys (ConfUtils.java:logGet(43)) - raft.server.log.use.memory = false (default)
2019-08-23 08:44:12,954 [pool-93-thread-1] INFO  server.RaftServerConfigKeys (ConfUtils.java:logGet(43)) - raft.server.leader.election.timeout = 120s (custom)
2019-08-23 08:44:12,954 [pool-38-thread-1] INFO  server.RaftServerConfigKeys (ConfUtils.java:logGet(43)) - raft.server.log.purge.gap = 1000000 (custom)
2019-08-23 08:44:12,954 [pool-93-thread-1] INFO  server.RaftServerConfigKeys (ConfUtils.java:logGet(43)) - raft.server.log.use.memory = false (default)
2019-08-23 08:44:12,956 [pool-38-thread-1] INFO  server.RaftServerConfigKeys (ConfUtils.java:logGet(43)) - raft.server.log.appender.buffer.byte-limit = 33554432 (custom)
2019-08-23 08:44:12,956 [pool-93-thread-1] INFO  server.RaftServerConfigKeys (ConfUtils.java:logGet(43)) - raft.server.log.purge.gap = 1000000 (custom)
2019-08-23 08:44:12,956 [pool-38-thread-1] INFO  server.RaftServerConfigKeys (ConfUtils.java:logGet(43)) - raft.server.log.segment.size.max = 1048576 (custom)
2019-08-23 08:44:12,957 [pool-93-thread-1] INFO  server.RaftServerConfigKeys (ConfUtils.java:logGet(43)) - raft.server.log.appender.buffer.byte-limit = 33554432 (custom)
2019-08-23 08:44:12,958 [pool-38-thread-1] INFO  server.RaftServerConfigKeys (ConfUtils.java:logGet(43)) - raft.server.log.segment.cache.num.max = 2 (custom)
2019-08-23 08:44:12,958 [pool-93-thread-1] INFO  server.RaftServerConfigKeys (ConfUtils.java:logGet(43)) - raft.server.log.segment.size.max = 1048576 (custom)
2019-08-23 08:44:12,958 [pool-38-thread-1] INFO  segmented.SegmentedRaftLogWorker (SegmentedRaftLogWorker.java:<init>(172)) - new c8614be4-ba7c-4b3e-bf92-2a79013b63c7-SegmentedRaftLogWorker:Storage Directory /workdir/hadoop-ozone/integration-test/target/test-dir/MiniOzoneClusterImpl-ee747063-c070-4170-8f1b-294adf81e4a4/datanode-1/data/ratis/613432a9-1655-456d-8a93-d6425b254b44 for RaftStorage:Storage Directory /workdir/hadoop-ozone/integration-test/target/test-dir/MiniOzoneClusterImpl-ee747063-c070-4170-8f1b-294adf81e4a4/datanode-1/data/ratis/613432a9-1655-456d-8a93-d6425b254b44
2019-08-23 08:44:12,958 [pool-93-thread-1] INFO  server.RaftServerConfigKeys (ConfUtils.java:logGet(43)) - raft.server.log.segment.cache.num.max = 2 (custom)
2019-08-23 08:44:12,958 [pool-38-thread-1] INFO  server.RaftServerConfigKeys (ConfUtils.java:logGet(43)) - raft.server.log.queue.byte-limit = 2147483647 (custom)
2019-08-23 08:44:12,961 [pool-93-thread-1] INFO  segmented.SegmentedRaftLogWorker (SegmentedRaftLogWorker.java:<init>(172)) - new 6130611f-ea3a-4a14-895f-35c381f9efc4-SegmentedRaftLogWorker:Storage Directory /workdir/hadoop-ozone/integration-test/target/test-dir/MiniOzoneClusterImpl-ee747063-c070-4170-8f1b-294adf81e4a4/datanode-6/data/ratis/613432a9-1655-456d-8a93-d6425b254b44 for RaftStorage:Storage Directory /workdir/hadoop-ozone/integration-test/target/test-dir/MiniOzoneClusterImpl-ee747063-c070-4170-8f1b-294adf81e4a4/datanode-6/data/ratis/613432a9-1655-456d-8a93-d6425b254b44
2019-08-23 08:44:12,961 [pool-38-thread-1] INFO  server.RaftServerConfigKeys (ConfUtils.java:logGet(43)) - raft.server.log.queue.element-limit = 1024 (custom)
2019-08-23 08:44:12,961 [pool-93-thread-1] INFO  server.RaftServerConfigKeys (ConfUtils.java:logGet(43)) - raft.server.log.queue.byte-limit = 2147483647 (custom)
2019-08-23 08:44:12,963 [pool-38-thread-1] INFO  server.RaftServerConfigKeys (ConfUtils.java:logGet(43)) - raft.server.log.segment.size.max = 1048576 (custom)
2019-08-23 08:44:12,963 [pool-93-thread-1] INFO  server.RaftServerConfigKeys (ConfUtils.java:logGet(43)) - raft.server.log.queue.element-limit = 1024 (custom)
2019-08-23 08:44:12,963 [pool-38-thread-1] INFO  server.RaftServerConfigKeys (ConfUtils.java:logGet(43)) - raft.server.log.preallocated.size = 16384 (custom)
2019-08-23 08:44:12,964 [pool-93-thread-1] INFO  server.RaftServerConfigKeys (ConfUtils.java:logGet(43)) - raft.server.log.segment.size.max = 1048576 (custom)
2019-08-23 08:44:12,964 [pool-38-thread-1] INFO  server.RaftServerConfigKeys (ConfUtils.java:logGet(43)) - raft.server.log.write.buffer.size = 33554432 (custom)
2019-08-23 08:44:12,964 [pool-93-thread-1] INFO  server.RaftServerConfigKeys (ConfUtils.java:logGet(43)) - raft.server.log.preallocated.size = 16384 (custom)
2019-08-23 08:44:12,964 [pool-38-thread-1] INFO  server.RaftServerConfigKeys (ConfUtils.java:logGet(43)) - raft.server.log.force.sync.num = 128 (default)
2019-08-23 08:44:12,964 [pool-93-thread-1] INFO  server.RaftServerConfigKeys (ConfUtils.java:logGet(43)) - raft.server.log.write.buffer.size = 33554432 (custom)
2019-08-23 08:44:12,964 [pool-38-thread-1] INFO  server.RaftServerConfigKeys (ConfUtils.java:logGet(43)) - raft.server.log.statemachine.data.sync = true (default)
2019-08-23 08:44:12,964 [pool-93-thread-1] INFO  server.RaftServerConfigKeys (ConfUtils.java:logGet(43)) - raft.server.log.force.sync.num = 128 (default)
2019-08-23 08:44:12,964 [pool-38-thread-1] INFO  server.RaftServerConfigKeys (ConfUtils.java:logGet(43)) - raft.server.log.statemachine.data.sync.timeout = 10s (default)
2019-08-23 08:44:12,965 [pool-93-thread-1] INFO  server.RaftServerConfigKeys (ConfUtils.java:logGet(43)) - raft.server.log.statemachine.data.sync = true (default)
2019-08-23 08:44:12,965 [pool-38-thread-1] INFO  server.RaftServerConfigKeys (ConfUtils.java:logGet(43)) - raft.server.log.statemachine.data.sync.timeout.retry = -1 (default)
2019-08-23 08:44:12,965 [pool-93-thread-1] INFO  server.RaftServerConfigKeys (ConfUtils.java:logGet(43)) - raft.server.log.statemachine.data.sync.timeout = 10s (default)
2019-08-23 08:44:12,965 [pool-38-thread-1] INFO  server.RaftServerConfigKeys (ConfUtils.java:logGet(43)) - raft.server.log.statemachine.data.caching.enabled = true (custom)
2019-08-23 08:44:12,965 [pool-93-thread-1] INFO  server.RaftServerConfigKeys (ConfUtils.java:logGet(43)) - raft.server.log.statemachine.data.sync.timeout.retry = -1 (default)
2019-08-23 08:44:12,965 [pool-93-thread-1] INFO  server.RaftServerConfigKeys (ConfUtils.java:logGet(43)) - raft.server.log.statemachine.data.caching.enabled = true (custom)
2019-08-23 08:44:12,965 [pool-38-thread-1] INFO  segmented.SegmentedRaftLogWorker (SegmentedRaftLogWorker.java:lambda$new$0(132)) - c8614be4-ba7c-4b3e-bf92-2a79013b63c7-SegmentedRaftLogWorker:Storage Directory /workdir/hadoop-ozone/integration-test/target/test-dir/MiniOzoneClusterImpl-ee747063-c070-4170-8f1b-294adf81e4a4/datanode-1/data/ratis/613432a9-1655-456d-8a93-d6425b254b44: flushIndex: setUnconditionally 0 -> -1
2019-08-23 08:44:12,966 [pool-93-thread-1] INFO  segmented.SegmentedRaftLogWorker (SegmentedRaftLogWorker.java:lambda$new$0(132)) - 6130611f-ea3a-4a14-895f-35c381f9efc4-SegmentedRaftLogWorker:Storage Directory /workdir/hadoop-ozone/integration-test/target/test-dir/MiniOzoneClusterImpl-ee747063-c070-4170-8f1b-294adf81e4a4/datanode-6/data/ratis/613432a9-1655-456d-8a93-d6425b254b44: flushIndex: setUnconditionally 0 -> -1
2019-08-23 08:44:12,966 [pool-38-thread-1] INFO  server.RaftServerConfigKeys (ConfUtils.java:logGet(43)) - raft.server.snapshot.auto.trigger.enabled = true (custom)
2019-08-23 08:44:12,966 [pool-38-thread-1] INFO  server.RaftServerConfigKeys (ConfUtils.java:logGet(43)) - raft.server.snapshot.auto.trigger.threshold = 10000 (custom)
2019-08-23 08:44:12,966 [pool-93-thread-1] INFO  server.RaftServerConfigKeys (ConfUtils.java:logGet(43)) - raft.server.snapshot.auto.trigger.enabled = true (custom)
2019-08-23 08:44:12,966 [pool-38-thread-1] INFO  server.RaftServerConfigKeys (ConfUtils.java:logGet(43)) - raft.server.retrycache.expirytime = 600000ms (custom)
2019-08-23 08:44:12,966 [pool-93-thread-1] INFO  server.RaftServerConfigKeys (ConfUtils.java:logGet(43)) - raft.server.snapshot.auto.trigger.threshold = 10000 (custom)
2019-08-23 08:44:12,966 [pool-38-thread-1] INFO  impl.RaftServerImpl (RaftServerImpl.java:start(180)) - c8614be4-ba7c-4b3e-bf92-2a79013b63c7: start group-D6425B254B44
2019-08-23 08:44:12,967 [pool-93-thread-1] INFO  server.RaftServerConfigKeys (ConfUtils.java:logGet(43)) - raft.server.retrycache.expirytime = 600000ms (custom)
2019-08-23 08:44:12,967 [pool-38-thread-1] INFO  impl.RaftServerImpl (RaftServerImpl.java:setRole(171)) - c8614be4-ba7c-4b3e-bf92-2a79013b63c7:group-D6425B254B44 changes role from null to FOLLOWER at term 0 for startAsFollower
2019-08-23 08:44:12,967 [pool-93-thread-1] INFO  impl.RaftServerImpl (RaftServerImpl.java:start(180)) - 6130611f-ea3a-4a14-895f-35c381f9efc4: start group-D6425B254B44
2019-08-23 08:44:12,967 [pool-38-thread-1] INFO  impl.RoleInfo (RoleInfo.java:updateAndGet(143)) - c8614be4-ba7c-4b3e-bf92-2a79013b63c7: start FollowerState
2019-08-23 08:44:12,967 [pool-93-thread-1] INFO  impl.RaftServerImpl (RaftServerImpl.java:setRole(171)) - 6130611f-ea3a-4a14-895f-35c381f9efc4:group-D6425B254B44 changes role from null to FOLLOWER at term 0 for startAsFollower
2019-08-23 08:44:12,967 [pool-93-thread-1] INFO  impl.RoleInfo (RoleInfo.java:updateAndGet(143)) - 6130611f-ea3a-4a14-895f-35c381f9efc4: start FollowerState
2019-08-23 08:44:12,967 [pool-38-thread-1] INFO  util.JmxRegister (JmxRegister.java:tryRegister(44)) - Successfully registered JMX Bean with object name Ratis:service=RaftServer,group=group-D6425B254B44,id=c8614be4-ba7c-4b3e-bf92-2a79013b63c7
2019-08-23 08:44:12,968 [pool-93-thread-1] INFO  util.JmxRegister (JmxRegister.java:tryRegister(44)) - Successfully registered JMX Bean with object name Ratis:service=RaftServer,group=group-D6425B254B44,id=6130611f-ea3a-4a14-895f-35c381f9efc4
2019-08-23 08:44:12,982 [RatisPipelineUtilsThread] INFO  pipeline.PipelineStateManager (PipelineStateManager.java:addPipeline(56)) - Created pipeline Pipeline[ Id: 613432a9-1655-456d-8a93-d6425b254b44, Nodes: c8614be4-ba7c-4b3e-bf92-2a79013b63c7{ip: 192.168.36.124, host: pr-hdds-2022-djmxw-136905289, networkLocation: /default-rack, certSerialId: null}814796da-c9aa-44ae-b4d2-a94a982d530c{ip: 192.168.36.124, host: pr-hdds-2022-djmxw-136905289, networkLocation: /default-rack, certSerialId: null}6130611f-ea3a-4a14-895f-35c381f9efc4{ip: 192.168.36.124, host: pr-hdds-2022-djmxw-136905289, networkLocation: /default-rack, certSerialId: null}, Type:RATIS, Factor:THREE, State:OPEN]
2019-08-23 08:44:13,019 [grpc-default-executor-2] INFO  impl.RaftServerProxy (RaftServerProxy.java:addNew(89)) - 06ff8c32-d6a1-4424-b29b-4c2a415942d4: addNew group-7637BB79E84D:[06ff8c32-d6a1-4424-b29b-4c2a415942d4:192.168.36.124:45802, 282270cf-20fb-461f-9c8a-9450796f87ad:192.168.36.124:42592, d25e1fb2-dc34-4d59-84ce-3be5e962ff3d:192.168.36.124:41699] returns group-7637BB79E84D:java.util.concurrent.CompletableFuture@23590bfe[Not completed]
2019-08-23 08:44:13,019 [grpc-default-executor-1] INFO  impl.RaftServerProxy (RaftServerProxy.java:addNew(89)) - d25e1fb2-dc34-4d59-84ce-3be5e962ff3d: addNew group-7637BB79E84D:[06ff8c32-d6a1-4424-b29b-4c2a415942d4:192.168.36.124:45802, 282270cf-20fb-461f-9c8a-9450796f87ad:192.168.36.124:42592, d25e1fb2-dc34-4d59-84ce-3be5e962ff3d:192.168.36.124:41699] returns group-7637BB79E84D:java.util.concurrent.CompletableFuture@32df0281[Not completed]
2019-08-23 08:44:13,019 [grpc-default-executor-0] INFO  impl.RaftServerProxy (RaftServerProxy.java:addNew(89)) - 282270cf-20fb-461f-9c8a-9450796f87ad: addNew group-7637BB79E84D:[06ff8c32-d6a1-4424-b29b-4c2a415942d4:192.168.36.124:45802, 282270cf-20fb-461f-9c8a-9450796f87ad:192.168.36.124:42592, d25e1fb2-dc34-4d59-84ce-3be5e962ff3d:192.168.36.124:41699] returns group-7637BB79E84D:java.util.concurrent.CompletableFuture@57d54d60[Not completed]
2019-08-23 08:44:13,025 [pool-49-thread-1] INFO  impl.RaftServerImpl (RaftServerImpl.java:<init>(93)) - 282270cf-20fb-461f-9c8a-9450796f87ad: new RaftServerImpl for group-7637BB79E84D:[06ff8c32-d6a1-4424-b29b-4c2a415942d4:192.168.36.124:45802, 282270cf-20fb-461f-9c8a-9450796f87ad:192.168.36.124:42592, d25e1fb2-dc34-4d59-84ce-3be5e962ff3d:192.168.36.124:41699] with ContainerStateMachine:uninitialized
2019-08-23 08:44:13,026 [pool-49-thread-1] INFO  server.RaftServerConfigKeys (ConfUtils.java:logGet(43)) - raft.server.rpc.timeout.min = 5s (custom)
2019-08-23 08:44:13,026 [pool-49-thread-1] INFO  server.RaftServerConfigKeys (ConfUtils.java:logGet(43)) - raft.server.rpc.timeout.max = 5200ms (custom)
2019-08-23 08:44:13,026 [pool-49-thread-1] INFO  server.RaftServerConfigKeys (ConfUtils.java:logGet(43)) - raft.server.rpcslowness.timeout = 120s (custom)
2019-08-23 08:44:13,026 [pool-49-thread-1] INFO  server.RaftServerConfigKeys (ConfUtils.java:logGet(43)) - raft.server.sleep.deviation.threshold = 300 (default)
2019-08-23 08:44:13,026 [pool-49-thread-1] INFO  server.RaftServerConfigKeys (ConfUtils.java:logGet(43)) - raft.server.log.appender.install.snapshot.enabled = false (custom)
2019-08-23 08:44:13,026 [pool-49-thread-1] INFO  impl.RaftServerImpl (ServerState.java:<init>(105)) - 282270cf-20fb-461f-9c8a-9450796f87ad:group-7637BB79E84D ConfigurationManager, init=-1: [06ff8c32-d6a1-4424-b29b-4c2a415942d4:192.168.36.124:45802, 282270cf-20fb-461f-9c8a-9450796f87ad:192.168.36.124:42592, d25e1fb2-dc34-4d59-84ce-3be5e962ff3d:192.168.36.124:41699], old=null, confs=<EMPTY_MAP>
2019-08-23 08:44:13,027 [pool-49-thread-1] INFO  server.RaftServerConfigKeys (ConfUtils.java:logGet(43)) - raft.server.storage.dir = [/workdir/hadoop-ozone/integration-test/target/test-dir/MiniOzoneClusterImpl-ee747063-c070-4170-8f1b-294adf81e4a4/datanode-2/data/ratis] (custom)
2019-08-23 08:44:13,027 [pool-49-thread-1] INFO  storage.RaftStorageDirectory (RaftStorageDirectory.java:analyzeStorage(246)) - The storage directory /workdir/hadoop-ozone/integration-test/target/test-dir/MiniOzoneClusterImpl-ee747063-c070-4170-8f1b-294adf81e4a4/datanode-2/data/ratis/05e1b1da-1480-4d96-ae3f-7637bb79e84d does not exist. Creating ...
2019-08-23 08:44:13,030 [pool-27-thread-1] INFO  impl.RaftServerImpl (RaftServerImpl.java:<init>(93)) - 06ff8c32-d6a1-4424-b29b-4c2a415942d4: new RaftServerImpl for group-7637BB79E84D:[06ff8c32-d6a1-4424-b29b-4c2a415942d4:192.168.36.124:45802, 282270cf-20fb-461f-9c8a-9450796f87ad:192.168.36.124:42592, d25e1fb2-dc34-4d59-84ce-3be5e962ff3d:192.168.36.124:41699] with ContainerStateMachine:uninitialized
2019-08-23 08:44:13,031 [pool-27-thread-1] INFO  server.RaftServerConfigKeys (ConfUtils.java:logGet(43)) - raft.server.rpc.timeout.min = 5s (custom)
2019-08-23 08:44:13,031 [pool-27-thread-1] INFO  server.RaftServerConfigKeys (ConfUtils.java:logGet(43)) - raft.server.rpc.timeout.max = 5200ms (custom)
2019-08-23 08:44:13,031 [pool-27-thread-1] INFO  server.RaftServerConfigKeys (ConfUtils.java:logGet(43)) - raft.server.rpcslowness.timeout = 120s (custom)
2019-08-23 08:44:13,031 [pool-82-thread-1] INFO  impl.RaftServerImpl (RaftServerImpl.java:<init>(93)) - d25e1fb2-dc34-4d59-84ce-3be5e962ff3d: new RaftServerImpl for group-7637BB79E84D:[06ff8c32-d6a1-4424-b29b-4c2a415942d4:192.168.36.124:45802, 282270cf-20fb-461f-9c8a-9450796f87ad:192.168.36.124:42592, d25e1fb2-dc34-4d59-84ce-3be5e962ff3d:192.168.36.124:41699] with ContainerStateMachine:uninitialized
2019-08-23 08:44:13,031 [pool-27-thread-1] INFO  server.RaftServerConfigKeys (ConfUtils.java:logGet(43)) - raft.server.sleep.deviation.threshold = 300 (default)
2019-08-23 08:44:13,031 [pool-82-thread-1] INFO  server.RaftServerConfigKeys (ConfUtils.java:logGet(43)) - raft.server.rpc.timeout.min = 5s (custom)
2019-08-23 08:44:13,031 [pool-27-thread-1] INFO  server.RaftServerConfigKeys (ConfUtils.java:logGet(43)) - raft.server.log.appender.install.snapshot.enabled = false (custom)
2019-08-23 08:44:13,031 [pool-82-thread-1] INFO  server.RaftServerConfigKeys (ConfUtils.java:logGet(43)) - raft.server.rpc.timeout.max = 5200ms (custom)
2019-08-23 08:44:13,032 [pool-27-thread-1] INFO  impl.RaftServerImpl (ServerState.java:<init>(105)) - 06ff8c32-d6a1-4424-b29b-4c2a415942d4:group-7637BB79E84D ConfigurationManager, init=-1: [06ff8c32-d6a1-4424-b29b-4c2a415942d4:192.168.36.124:45802, 282270cf-20fb-461f-9c8a-9450796f87ad:192.168.36.124:42592, d25e1fb2-dc34-4d59-84ce-3be5e962ff3d:192.168.36.124:41699], old=null, confs=<EMPTY_MAP>
2019-08-23 08:44:13,032 [pool-82-thread-1] INFO  server.RaftServerConfigKeys (ConfUtils.java:logGet(43)) - raft.server.rpcslowness.timeout = 120s (custom)
2019-08-23 08:44:13,032 [pool-82-thread-1] INFO  server.RaftServerConfigKeys (ConfUtils.java:logGet(43)) - raft.server.sleep.deviation.threshold = 300 (default)
2019-08-23 08:44:13,032 [pool-27-thread-1] INFO  server.RaftServerConfigKeys (ConfUtils.java:logGet(43)) - raft.server.storage.dir = [/workdir/hadoop-ozone/integration-test/target/test-dir/MiniOzoneClusterImpl-ee747063-c070-4170-8f1b-294adf81e4a4/datanode-0/data/ratis] (custom)
2019-08-23 08:44:13,032 [pool-82-thread-1] INFO  server.RaftServerConfigKeys (ConfUtils.java:logGet(43)) - raft.server.log.appender.install.snapshot.enabled = false (custom)
2019-08-23 08:44:13,032 [pool-82-thread-1] INFO  impl.RaftServerImpl (ServerState.java:<init>(105)) - d25e1fb2-dc34-4d59-84ce-3be5e962ff3d:group-7637BB79E84D ConfigurationManager, init=-1: [06ff8c32-d6a1-4424-b29b-4c2a415942d4:192.168.36.124:45802, 282270cf-20fb-461f-9c8a-9450796f87ad:192.168.36.124:42592, d25e1fb2-dc34-4d59-84ce-3be5e962ff3d:192.168.36.124:41699], old=null, confs=<EMPTY_MAP>
2019-08-23 08:44:13,032 [pool-27-thread-1] INFO  storage.RaftStorageDirectory (RaftStorageDirectory.java:analyzeStorage(246)) - The storage directory /workdir/hadoop-ozone/integration-test/target/test-dir/MiniOzoneClusterImpl-ee747063-c070-4170-8f1b-294adf81e4a4/datanode-0/data/ratis/05e1b1da-1480-4d96-ae3f-7637bb79e84d does not exist. Creating ...
2019-08-23 08:44:13,032 [pool-82-thread-1] INFO  server.RaftServerConfigKeys (ConfUtils.java:logGet(43)) - raft.server.storage.dir = [/workdir/hadoop-ozone/integration-test/target/test-dir/MiniOzoneClusterImpl-ee747063-c070-4170-8f1b-294adf81e4a4/datanode-5/data/ratis] (custom)
2019-08-23 08:44:13,033 [pool-82-thread-1] INFO  storage.RaftStorageDirectory (RaftStorageDirectory.java:analyzeStorage(246)) - The storage directory /workdir/hadoop-ozone/integration-test/target/test-dir/MiniOzoneClusterImpl-ee747063-c070-4170-8f1b-294adf81e4a4/datanode-5/data/ratis/05e1b1da-1480-4d96-ae3f-7637bb79e84d does not exist. Creating ...
2019-08-23 08:44:13,045 | INFO  | SCMAudit | user=jenkins1000 | ip=192.168.36.124 | op=SEND_HEARTBEAT {datanodeUUID=c8614be4-ba7c-4b3e-bf92-2a79013b63c7, command=[]} | ret=SUCCESS |  
2019-08-23 08:44:13,055 [pool-82-thread-1] INFO  storage.RaftStorageDirectory (RaftStorageDirectory.java:tryLock(328)) - Lock on /workdir/hadoop-ozone/integration-test/target/test-dir/MiniOzoneClusterImpl-ee747063-c070-4170-8f1b-294adf81e4a4/datanode-5/data/ratis/05e1b1da-1480-4d96-ae3f-7637bb79e84d/in_use.lock acquired by nodename 22422@pr-hdds-2022-djmxw-136905289
2019-08-23 08:44:13,055 [pool-27-thread-1] INFO  storage.RaftStorageDirectory (RaftStorageDirectory.java:tryLock(328)) - Lock on /workdir/hadoop-ozone/integration-test/target/test-dir/MiniOzoneClusterImpl-ee747063-c070-4170-8f1b-294adf81e4a4/datanode-0/data/ratis/05e1b1da-1480-4d96-ae3f-7637bb79e84d/in_use.lock acquired by nodename 22422@pr-hdds-2022-djmxw-136905289
2019-08-23 08:44:13,055 [pool-49-thread-1] INFO  storage.RaftStorageDirectory (RaftStorageDirectory.java:tryLock(328)) - Lock on /workdir/hadoop-ozone/integration-test/target/test-dir/MiniOzoneClusterImpl-ee747063-c070-4170-8f1b-294adf81e4a4/datanode-2/data/ratis/05e1b1da-1480-4d96-ae3f-7637bb79e84d/in_use.lock acquired by nodename 22422@pr-hdds-2022-djmxw-136905289
2019-08-23 08:44:13,075 [main] INFO  rpc.RpcClient (RpcClient.java:createVolume(293)) - Creating Volume: watchforcommithandlingtest, with jenkins1000 as owner.
2019-08-23 08:44:13,082 [pool-82-thread-1] INFO  storage.RaftStorage (RaftStorage.java:format(72)) - Storage directory /workdir/hadoop-ozone/integration-test/target/test-dir/MiniOzoneClusterImpl-ee747063-c070-4170-8f1b-294adf81e4a4/datanode-5/data/ratis/05e1b1da-1480-4d96-ae3f-7637bb79e84d has been successfully formatted.
2019-08-23 08:44:13,082 [pool-49-thread-1] INFO  storage.RaftStorage (RaftStorage.java:format(72)) - Storage directory /workdir/hadoop-ozone/integration-test/target/test-dir/MiniOzoneClusterImpl-ee747063-c070-4170-8f1b-294adf81e4a4/datanode-2/data/ratis/05e1b1da-1480-4d96-ae3f-7637bb79e84d has been successfully formatted.
2019-08-23 08:44:13,082 [pool-27-thread-1] INFO  storage.RaftStorage (RaftStorage.java:format(72)) - Storage directory /workdir/hadoop-ozone/integration-test/target/test-dir/MiniOzoneClusterImpl-ee747063-c070-4170-8f1b-294adf81e4a4/datanode-0/data/ratis/05e1b1da-1480-4d96-ae3f-7637bb79e84d has been successfully formatted.
2019-08-23 08:44:13,082 [pool-82-thread-1] INFO  ratis.ContainerStateMachine (ContainerStateMachine.java:loadSnapshot(226)) - group-7637BB79E84D: The snapshot info is null. Setting the last applied indexto:(t:0, i:~)
2019-08-23 08:44:13,082 [pool-27-thread-1] INFO  ratis.ContainerStateMachine (ContainerStateMachine.java:loadSnapshot(226)) - group-7637BB79E84D: The snapshot info is null. Setting the last applied indexto:(t:0, i:~)
2019-08-23 08:44:13,082 [pool-49-thread-1] INFO  ratis.ContainerStateMachine (ContainerStateMachine.java:loadSnapshot(226)) - group-7637BB79E84D: The snapshot info is null. Setting the last applied indexto:(t:0, i:~)
2019-08-23 08:44:13,082 [pool-82-thread-1] INFO  server.RaftServerConfigKeys (ConfUtils.java:logGet(43)) - raft.server.leader.election.timeout = 120s (custom)
2019-08-23 08:44:13,082 [pool-27-thread-1] INFO  server.RaftServerConfigKeys (ConfUtils.java:logGet(43)) - raft.server.leader.election.timeout = 120s (custom)
2019-08-23 08:44:13,083 [pool-82-thread-1] INFO  server.RaftServerConfigKeys (ConfUtils.java:logGet(43)) - raft.server.log.use.memory = false (default)
2019-08-23 08:44:13,083 [pool-49-thread-1] INFO  server.RaftServerConfigKeys (ConfUtils.java:logGet(43)) - raft.server.leader.election.timeout = 120s (custom)
2019-08-23 08:44:13,083 [pool-82-thread-1] INFO  server.RaftServerConfigKeys (ConfUtils.java:logGet(43)) - raft.server.log.purge.gap = 1000000 (custom)
2019-08-23 08:44:13,083 [pool-27-thread-1] INFO  server.RaftServerConfigKeys (ConfUtils.java:logGet(43)) - raft.server.log.use.memory = false (default)
2019-08-23 08:44:13,083 [pool-82-thread-1] INFO  server.RaftServerConfigKeys (ConfUtils.java:logGet(43)) - raft.server.log.appender.buffer.byte-limit = 33554432 (custom)
2019-08-23 08:44:13,083 [pool-49-thread-1] INFO  server.RaftServerConfigKeys (ConfUtils.java:logGet(43)) - raft.server.log.use.memory = false (default)
2019-08-23 08:44:13,083 [pool-82-thread-1] INFO  server.RaftServerConfigKeys (ConfUtils.java:logGet(43)) - raft.server.log.segment.size.max = 1048576 (custom)
2019-08-23 08:44:13,083 [pool-27-thread-1] INFO  server.RaftServerConfigKeys (ConfUtils.java:logGet(43)) - raft.server.log.purge.gap = 1000000 (custom)
2019-08-23 08:44:13,083 [pool-82-thread-1] INFO  server.RaftServerConfigKeys (ConfUtils.java:logGet(43)) - raft.server.log.segment.cache.num.max = 2 (custom)
2019-08-23 08:44:13,083 [pool-49-thread-1] INFO  server.RaftServerConfigKeys (ConfUtils.java:logGet(43)) - raft.server.log.purge.gap = 1000000 (custom)
2019-08-23 08:44:13,084 [pool-82-thread-1] INFO  segmented.SegmentedRaftLogWorker (SegmentedRaftLogWorker.java:<init>(172)) - new d25e1fb2-dc34-4d59-84ce-3be5e962ff3d-SegmentedRaftLogWorker:Storage Directory /workdir/hadoop-ozone/integration-test/target/test-dir/MiniOzoneClusterImpl-ee747063-c070-4170-8f1b-294adf81e4a4/datanode-5/data/ratis/05e1b1da-1480-4d96-ae3f-7637bb79e84d for RaftStorage:Storage Directory /workdir/hadoop-ozone/integration-test/target/test-dir/MiniOzoneClusterImpl-ee747063-c070-4170-8f1b-294adf81e4a4/datanode-5/data/ratis/05e1b1da-1480-4d96-ae3f-7637bb79e84d
2019-08-23 08:44:13,083 [pool-27-thread-1] INFO  server.RaftServerConfigKeys (ConfUtils.java:logGet(43)) - raft.server.log.appender.buffer.byte-limit = 33554432 (custom)
2019-08-23 08:44:13,084 [pool-82-thread-1] INFO  server.RaftServerConfigKeys (ConfUtils.java:logGet(43)) - raft.server.log.queue.byte-limit = 2147483647 (custom)
2019-08-23 08:44:13,084 [pool-49-thread-1] INFO  server.RaftServerConfigKeys (ConfUtils.java:logGet(43)) - raft.server.log.appender.buffer.byte-limit = 33554432 (custom)
2019-08-23 08:44:13,085 [pool-27-thread-1] INFO  server.RaftServerConfigKeys (ConfUtils.java:logGet(43)) - raft.server.log.segment.size.max = 1048576 (custom)
2019-08-23 08:44:13,085 [pool-82-thread-1] INFO  server.RaftServerConfigKeys (ConfUtils.java:logGet(43)) - raft.server.log.queue.element-limit = 1024 (custom)
2019-08-23 08:44:13,086 [pool-27-thread-1] INFO  server.RaftServerConfigKeys (ConfUtils.java:logGet(43)) - raft.server.log.segment.cache.num.max = 2 (custom)
2019-08-23 08:44:13,085 [pool-49-thread-1] INFO  server.RaftServerConfigKeys (ConfUtils.java:logGet(43)) - raft.server.log.segment.size.max = 1048576 (custom)
2019-08-23 08:44:13,086 [pool-27-thread-1] INFO  segmented.SegmentedRaftLogWorker (SegmentedRaftLogWorker.java:<init>(172)) - new 06ff8c32-d6a1-4424-b29b-4c2a415942d4-SegmentedRaftLogWorker:Storage Directory /workdir/hadoop-ozone/integration-test/target/test-dir/MiniOzoneClusterImpl-ee747063-c070-4170-8f1b-294adf81e4a4/datanode-0/data/ratis/05e1b1da-1480-4d96-ae3f-7637bb79e84d for RaftStorage:Storage Directory /workdir/hadoop-ozone/integration-test/target/test-dir/MiniOzoneClusterImpl-ee747063-c070-4170-8f1b-294adf81e4a4/datanode-0/data/ratis/05e1b1da-1480-4d96-ae3f-7637bb79e84d
2019-08-23 08:44:13,086 [pool-82-thread-1] INFO  server.RaftServerConfigKeys (ConfUtils.java:logGet(43)) - raft.server.log.segment.size.max = 1048576 (custom)
2019-08-23 08:44:13,086 [pool-27-thread-1] INFO  server.RaftServerConfigKeys (ConfUtils.java:logGet(43)) - raft.server.log.queue.byte-limit = 2147483647 (custom)
2019-08-23 08:44:13,087 [pool-27-thread-1] INFO  server.RaftServerConfigKeys (ConfUtils.java:logGet(43)) - raft.server.log.queue.element-limit = 1024 (custom)
2019-08-23 08:44:13,086 [pool-49-thread-1] INFO  server.RaftServerConfigKeys (ConfUtils.java:logGet(43)) - raft.server.log.segment.cache.num.max = 2 (custom)
2019-08-23 08:44:13,087 [pool-27-thread-1] INFO  server.RaftServerConfigKeys (ConfUtils.java:logGet(43)) - raft.server.log.segment.size.max = 1048576 (custom)
2019-08-23 08:44:13,086 [pool-82-thread-1] INFO  server.RaftServerConfigKeys (ConfUtils.java:logGet(43)) - raft.server.log.preallocated.size = 16384 (custom)
2019-08-23 08:44:13,087 [pool-27-thread-1] INFO  server.RaftServerConfigKeys (ConfUtils.java:logGet(43)) - raft.server.log.preallocated.size = 16384 (custom)
2019-08-23 08:44:13,087 [pool-49-thread-1] INFO  segmented.SegmentedRaftLogWorker (SegmentedRaftLogWorker.java:<init>(172)) - new 282270cf-20fb-461f-9c8a-9450796f87ad-SegmentedRaftLogWorker:Storage Directory /workdir/hadoop-ozone/integration-test/target/test-dir/MiniOzoneClusterImpl-ee747063-c070-4170-8f1b-294adf81e4a4/datanode-2/data/ratis/05e1b1da-1480-4d96-ae3f-7637bb79e84d for RaftStorage:Storage Directory /workdir/hadoop-ozone/integration-test/target/test-dir/MiniOzoneClusterImpl-ee747063-c070-4170-8f1b-294adf81e4a4/datanode-2/data/ratis/05e1b1da-1480-4d96-ae3f-7637bb79e84d
2019-08-23 08:44:13,088 [pool-27-thread-1] INFO  server.RaftServerConfigKeys (ConfUtils.java:logGet(43)) - raft.server.log.write.buffer.size = 33554432 (custom)
2019-08-23 08:44:13,088 [pool-82-thread-1] INFO  server.RaftServerConfigKeys (ConfUtils.java:logGet(43)) - raft.server.log.write.buffer.size = 33554432 (custom)
2019-08-23 08:44:13,088 [pool-27-thread-1] INFO  server.RaftServerConfigKeys (ConfUtils.java:logGet(43)) - raft.server.log.force.sync.num = 128 (default)
2019-08-23 08:44:13,088 [pool-49-thread-1] INFO  server.RaftServerConfigKeys (ConfUtils.java:logGet(43)) - raft.server.log.queue.byte-limit = 2147483647 (custom)
2019-08-23 08:44:13,090 [pool-27-thread-1] INFO  server.RaftServerConfigKeys (ConfUtils.java:logGet(43)) - raft.server.log.statemachine.data.sync = true (default)
2019-08-23 08:44:13,089 [pool-82-thread-1] INFO  server.RaftServerConfigKeys (ConfUtils.java:logGet(43)) - raft.server.log.force.sync.num = 128 (default)
2019-08-23 08:44:13,090 [pool-27-thread-1] INFO  server.RaftServerConfigKeys (ConfUtils.java:logGet(43)) - raft.server.log.statemachine.data.sync.timeout = 10s (default)
2019-08-23 08:44:13,090 [pool-49-thread-1] INFO  server.RaftServerConfigKeys (ConfUtils.java:logGet(43)) - raft.server.log.queue.element-limit = 1024 (custom)
2019-08-23 08:44:13,090 [pool-27-thread-1] INFO  server.RaftServerConfigKeys (ConfUtils.java:logGet(43)) - raft.server.log.statemachine.data.sync.timeout.retry = -1 (default)
2019-08-23 08:44:13,090 [pool-82-thread-1] INFO  server.RaftServerConfigKeys (ConfUtils.java:logGet(43)) - raft.server.log.statemachine.data.sync = true (default)
2019-08-23 08:44:13,090 [pool-49-thread-1] INFO  server.RaftServerConfigKeys (ConfUtils.java:logGet(43)) - raft.server.log.segment.size.max = 1048576 (custom)
2019-08-23 08:44:13,091 [pool-27-thread-1] INFO  server.RaftServerConfigKeys (ConfUtils.java:logGet(43)) - raft.server.log.statemachine.data.caching.enabled = true (custom)
2019-08-23 08:44:13,091 [pool-82-thread-1] INFO  server.RaftServerConfigKeys (ConfUtils.java:logGet(43)) - raft.server.log.statemachine.data.sync.timeout = 10s (default)
2019-08-23 08:44:13,091 [pool-49-thread-1] INFO  server.RaftServerConfigKeys (ConfUtils.java:logGet(43)) - raft.server.log.preallocated.size = 16384 (custom)
2019-08-23 08:44:13,091 [pool-27-thread-1] INFO  segmented.SegmentedRaftLogWorker (SegmentedRaftLogWorker.java:lambda$new$0(132)) - 06ff8c32-d6a1-4424-b29b-4c2a415942d4-SegmentedRaftLogWorker:Storage Directory /workdir/hadoop-ozone/integration-test/target/test-dir/MiniOzoneClusterImpl-ee747063-c070-4170-8f1b-294adf81e4a4/datanode-0/data/ratis/05e1b1da-1480-4d96-ae3f-7637bb79e84d: flushIndex: setUnconditionally 0 -> -1
2019-08-23 08:44:13,091 [pool-82-thread-1] INFO  server.RaftServerConfigKeys (ConfUtils.java:logGet(43)) - raft.server.log.statemachine.data.sync.timeout.retry = -1 (default)
2019-08-23 08:44:13,091 [pool-27-thread-1] INFO  server.RaftServerConfigKeys (ConfUtils.java:logGet(43)) - raft.server.snapshot.auto.trigger.enabled = true (custom)
2019-08-23 08:44:13,091 [pool-49-thread-1] INFO  server.RaftServerConfigKeys (ConfUtils.java:logGet(43)) - raft.server.log.write.buffer.size = 33554432 (custom)
2019-08-23 08:44:13,092 [pool-27-thread-1] INFO  server.RaftServerConfigKeys (ConfUtils.java:logGet(43)) - raft.server.snapshot.auto.trigger.threshold = 10000 (custom)
2019-08-23 08:44:13,092 [pool-82-thread-1] INFO  server.RaftServerConfigKeys (ConfUtils.java:logGet(43)) - raft.server.log.statemachine.data.caching.enabled = true (custom)
2019-08-23 08:44:13,092 [pool-27-thread-1] INFO  server.RaftServerConfigKeys (ConfUtils.java:logGet(43)) - raft.server.retrycache.expirytime = 600000ms (custom)
2019-08-23 08:44:13,092 [pool-49-thread-1] INFO  server.RaftServerConfigKeys (ConfUtils.java:logGet(43)) - raft.server.log.force.sync.num = 128 (default)
2019-08-23 08:44:13,092 [pool-27-thread-1] INFO  impl.RaftServerImpl (RaftServerImpl.java:start(180)) - 06ff8c32-d6a1-4424-b29b-4c2a415942d4: start group-7637BB79E84D
2019-08-23 08:44:13,092 [pool-82-thread-1] INFO  segmented.SegmentedRaftLogWorker (SegmentedRaftLogWorker.java:lambda$new$0(132)) - d25e1fb2-dc34-4d59-84ce-3be5e962ff3d-SegmentedRaftLogWorker:Storage Directory /workdir/hadoop-ozone/integration-test/target/test-dir/MiniOzoneClusterImpl-ee747063-c070-4170-8f1b-294adf81e4a4/datanode-5/data/ratis/05e1b1da-1480-4d96-ae3f-7637bb79e84d: flushIndex: setUnconditionally 0 -> -1
2019-08-23 08:44:13,092 [pool-27-thread-1] INFO  impl.RaftServerImpl (RaftServerImpl.java:setRole(171)) - 06ff8c32-d6a1-4424-b29b-4c2a415942d4:group-7637BB79E84D changes role from null to FOLLOWER at term 0 for startAsFollower
2019-08-23 08:44:13,092 [pool-49-thread-1] INFO  server.RaftServerConfigKeys (ConfUtils.java:logGet(43)) - raft.server.log.statemachine.data.sync = true (default)
2019-08-23 08:44:13,092 [pool-27-thread-1] INFO  impl.RoleInfo (RoleInfo.java:updateAndGet(143)) - 06ff8c32-d6a1-4424-b29b-4c2a415942d4: start FollowerState
2019-08-23 08:44:13,093 [pool-49-thread-1] INFO  server.RaftServerConfigKeys (ConfUtils.java:logGet(43)) - raft.server.log.statemachine.data.sync.timeout = 10s (default)
2019-08-23 08:44:13,093 [pool-82-thread-1] INFO  server.RaftServerConfigKeys (ConfUtils.java:logGet(43)) - raft.server.snapshot.auto.trigger.enabled = true (custom)
2019-08-23 08:44:13,093 [pool-49-thread-1] INFO  server.RaftServerConfigKeys (ConfUtils.java:logGet(43)) - raft.server.log.statemachine.data.sync.timeout.retry = -1 (default)
2019-08-23 08:44:13,093 [pool-27-thread-1] INFO  util.JmxRegister (JmxRegister.java:tryRegister(44)) - Successfully registered JMX Bean with object name Ratis:service=RaftServer,group=group-7637BB79E84D,id=06ff8c32-d6a1-4424-b29b-4c2a415942d4
2019-08-23 08:44:13,093 [pool-82-thread-1] INFO  server.RaftServerConfigKeys (ConfUtils.java:logGet(43)) - raft.server.snapshot.auto.trigger.threshold = 10000 (custom)
2019-08-23 08:44:13,093 [pool-49-thread-1] INFO  server.RaftServerConfigKeys (ConfUtils.java:logGet(43)) - raft.server.log.statemachine.data.caching.enabled = true (custom)
2019-08-23 08:44:13,093 [pool-82-thread-1] INFO  server.RaftServerConfigKeys (ConfUtils.java:logGet(43)) - raft.server.retrycache.expirytime = 600000ms (custom)
2019-08-23 08:44:13,093 [pool-82-thread-1] INFO  impl.RaftServerImpl (RaftServerImpl.java:start(180)) - d25e1fb2-dc34-4d59-84ce-3be5e962ff3d: start group-7637BB79E84D
2019-08-23 08:44:13,093 [pool-49-thread-1] INFO  segmented.SegmentedRaftLogWorker (SegmentedRaftLogWorker.java:lambda$new$0(132)) - 282270cf-20fb-461f-9c8a-9450796f87ad-SegmentedRaftLogWorker:Storage Directory /workdir/hadoop-ozone/integration-test/target/test-dir/MiniOzoneClusterImpl-ee747063-c070-4170-8f1b-294adf81e4a4/datanode-2/data/ratis/05e1b1da-1480-4d96-ae3f-7637bb79e84d: flushIndex: setUnconditionally 0 -> -1
2019-08-23 08:44:13,093 [pool-82-thread-1] INFO  impl.RaftServerImpl (RaftServerImpl.java:setRole(171)) - d25e1fb2-dc34-4d59-84ce-3be5e962ff3d:group-7637BB79E84D changes role from null to FOLLOWER at term 0 for startAsFollower
2019-08-23 08:44:13,094 [pool-82-thread-1] INFO  impl.RoleInfo (RoleInfo.java:updateAndGet(143)) - d25e1fb2-dc34-4d59-84ce-3be5e962ff3d: start FollowerState
2019-08-23 08:44:13,094 [pool-49-thread-1] INFO  server.RaftServerConfigKeys (ConfUtils.java:logGet(43)) - raft.server.snapshot.auto.trigger.enabled = true (custom)
2019-08-23 08:44:13,094 [pool-49-thread-1] INFO  server.RaftServerConfigKeys (ConfUtils.java:logGet(43)) - raft.server.snapshot.auto.trigger.threshold = 10000 (custom)
2019-08-23 08:44:13,094 [pool-82-thread-1] INFO  util.JmxRegister (JmxRegister.java:tryRegister(44)) - Successfully registered JMX Bean with object name Ratis:service=RaftServer,group=group-7637BB79E84D,id=d25e1fb2-dc34-4d59-84ce-3be5e962ff3d
2019-08-23 08:44:13,094 [pool-49-thread-1] INFO  server.RaftServerConfigKeys (ConfUtils.java:logGet(43)) - raft.server.retrycache.expirytime = 600000ms (custom)
2019-08-23 08:44:13,094 [pool-49-thread-1] INFO  impl.RaftServerImpl (RaftServerImpl.java:start(180)) - 282270cf-20fb-461f-9c8a-9450796f87ad: start group-7637BB79E84D
2019-08-23 08:44:13,094 [pool-49-thread-1] INFO  impl.RaftServerImpl (RaftServerImpl.java:setRole(171)) - 282270cf-20fb-461f-9c8a-9450796f87ad:group-7637BB79E84D changes role from null to FOLLOWER at term 0 for startAsFollower
2019-08-23 08:44:13,095 [pool-49-thread-1] INFO  impl.RoleInfo (RoleInfo.java:updateAndGet(143)) - 282270cf-20fb-461f-9c8a-9450796f87ad: start FollowerState
2019-08-23 08:44:13,097 [pool-49-thread-1] INFO  util.JmxRegister (JmxRegister.java:tryRegister(44)) - Successfully registered JMX Bean with object name Ratis:service=RaftServer,group=group-7637BB79E84D,id=282270cf-20fb-461f-9c8a-9450796f87ad
2019-08-23 08:44:13,118 [RatisPipelineUtilsThread] INFO  pipeline.PipelineStateManager (PipelineStateManager.java:addPipeline(56)) - Created pipeline Pipeline[ Id: 05e1b1da-1480-4d96-ae3f-7637bb79e84d, Nodes: 282270cf-20fb-461f-9c8a-9450796f87ad{ip: 192.168.36.124, host: pr-hdds-2022-djmxw-136905289, networkLocation: /default-rack, certSerialId: null}06ff8c32-d6a1-4424-b29b-4c2a415942d4{ip: 192.168.36.124, host: pr-hdds-2022-djmxw-136905289, networkLocation: /default-rack, certSerialId: null}d25e1fb2-dc34-4d59-84ce-3be5e962ff3d{ip: 192.168.36.124, host: pr-hdds-2022-djmxw-136905289, networkLocation: /default-rack, certSerialId: null}, Type:RATIS, Factor:THREE, State:OPEN]
2019-08-23 08:44:13,113 | INFO  | OMAudit | user=jenkins1000 | ip=127.0.0.1 | op=CREATE_VOLUME {admin=jenkins1000, owner=jenkins1000, volume=watchforcommithandlingtest, creationTime=1566549853094, quotaInBytes=1152921504606846976} | ret=SUCCESS |  
2019-08-23 08:44:13,145 | INFO  | OMAudit | user=jenkins1000 | ip=127.0.0.1 | op=READ_VOLUME {volume=watchforcommithandlingtest} | ret=SUCCESS |  
2019-08-23 08:44:13,150 [main] INFO  rpc.RpcClient (RpcClient.java:createBucket(432)) - Creating Bucket: watchforcommithandlingtest/watchforcommithandlingtest, with Versioning false and Storage Type set to DISK and Encryption set to false 
2019-08-23 08:44:13,165 | INFO  | OMAudit | user=jenkins1000 | ip=127.0.0.1 | op=CREATE_BUCKET {volume=watchforcommithandlingtest, bucket=watchforcommithandlingtest, acls=[user:jenkins1000:a[ACCESS], group:default:a[ACCESS]], isVersionEnabled=false, storageType=DISK, creationTime=0} | ret=SUCCESS |  
2019-08-23 08:44:13,166 [main] INFO  ozone.MiniOzoneClusterImpl (MiniOzoneClusterImpl.java:getStorageContainerLocationClient(241)) - Creating StorageContainerLocationProtocol RPC client with address /0.0.0.0:43296
2019-08-23 08:44:13,202 [main] INFO  impl.MetricsSystemImpl (MetricsSystemImpl.java:init(158)) - XceiverClientMetrics metrics system started (again)
2019-08-23 08:44:13,289 [grpc-default-executor-0] INFO  client.GrpcClientProtocolClient (GrpcClientProtocolClient.java:onNext(255)) - client-594D477ACB77->c8614be4-ba7c-4b3e-bf92-2a79013b63c7: receive RaftClientReply:client-594D477ACB77->c8614be4-ba7c-4b3e-bf92-2a79013b63c7@group-D6425B254B44, cid=13, FAILED org.apache.ratis.protocol.NotLeaderException: Server c8614be4-ba7c-4b3e-bf92-2a79013b63c7 is not the leader (null). Request must be sent to leader., logIndex=0, commits[c8614be4-ba7c-4b3e-bf92-2a79013b63c7:c-1]
2019-08-23 08:44:13,675 | INFO  | SCMAudit | user=jenkins1000 | ip=192.168.36.124 | op=SEND_HEARTBEAT {datanodeUUID=814796da-c9aa-44ae-b4d2-a94a982d530c, command=[]} | ret=SUCCESS |  
2019-08-23 08:44:13,676 | INFO  | SCMAudit | user=jenkins1000 | ip=192.168.36.124 | op=SEND_HEARTBEAT {datanodeUUID=282270cf-20fb-461f-9c8a-9450796f87ad, command=[]} | ret=SUCCESS |  
2019-08-23 08:44:13,774 | INFO  | SCMAudit | user=jenkins1000 | ip=192.168.36.124 | op=SEND_HEARTBEAT {datanodeUUID=06ff8c32-d6a1-4424-b29b-4c2a415942d4, command=[]} | ret=SUCCESS |  
2019-08-23 08:44:13,784 | INFO  | SCMAudit | user=jenkins1000 | ip=192.168.36.124 | op=SEND_HEARTBEAT {datanodeUUID=5f42c09d-68f5-43be-ab10-ef5f897cf19a, command=[]} | ret=SUCCESS |  
2019-08-23 08:44:13,816 [Thread-237] INFO  container.ReplicationManager (ReplicationManager.java:start(152)) - Starting Replication Monitor Thread.
2019-08-23 08:44:13,821 [ReplicationMonitor] INFO  container.ReplicationManager (ReplicationManager.java:run(215)) - Replication Monitor Thread took 4 milliseconds for processing 1 containers.
2019-08-23 08:44:14,047 | INFO  | SCMAudit | user=jenkins1000 | ip=192.168.36.124 | op=SEND_HEARTBEAT {datanodeUUID=c8614be4-ba7c-4b3e-bf92-2a79013b63c7, command=[]} | ret=SUCCESS |  
2019-08-23 08:44:14,138 | INFO  | SCMAudit | user=jenkins1000 | ip=192.168.36.124 | op=SEND_HEARTBEAT {datanodeUUID=d25e1fb2-dc34-4d59-84ce-3be5e962ff3d, command=[]} | ret=SUCCESS |  
2019-08-23 08:44:14,339 [grpc-default-executor-1] INFO  client.GrpcClientProtocolClient (GrpcClientProtocolClient.java:onNext(255)) - client-594D477ACB77->814796da-c9aa-44ae-b4d2-a94a982d530c: receive RaftClientReply:client-594D477ACB77->814796da-c9aa-44ae-b4d2-a94a982d530c@group-D6425B254B44, cid=13, FAILED org.apache.ratis.protocol.NotLeaderException: Server 814796da-c9aa-44ae-b4d2-a94a982d530c is not the leader (null). Request must be sent to leader., logIndex=0, commits[814796da-c9aa-44ae-b4d2-a94a982d530c:c-1]
2019-08-23 08:44:14,352 | INFO  | SCMAudit | user=jenkins1000 | ip=192.168.36.124 | op=SEND_HEARTBEAT {datanodeUUID=6130611f-ea3a-4a14-895f-35c381f9efc4, command=[]} | ret=SUCCESS |  
2019-08-23 08:44:14,677 | INFO  | SCMAudit | user=jenkins1000 | ip=192.168.36.124 | op=SEND_HEARTBEAT {datanodeUUID=814796da-c9aa-44ae-b4d2-a94a982d530c, command=[]} | ret=SUCCESS |  
2019-08-23 08:44:14,678 | INFO  | SCMAudit | user=jenkins1000 | ip=192.168.36.124 | op=SEND_HEARTBEAT {datanodeUUID=282270cf-20fb-461f-9c8a-9450796f87ad, command=[]} | ret=SUCCESS |  
2019-08-23 08:44:14,773 | INFO  | SCMAudit | user=jenkins1000 | ip=192.168.36.124 | op=SEND_HEARTBEAT {datanodeUUID=06ff8c32-d6a1-4424-b29b-4c2a415942d4, command=[]} | ret=SUCCESS |  
2019-08-23 08:44:14,784 | INFO  | SCMAudit | user=jenkins1000 | ip=192.168.36.124 | op=SEND_HEARTBEAT {datanodeUUID=5f42c09d-68f5-43be-ab10-ef5f897cf19a, command=[]} | ret=SUCCESS |  
2019-08-23 08:44:15,047 | INFO  | SCMAudit | user=jenkins1000 | ip=192.168.36.124 | op=SEND_HEARTBEAT {datanodeUUID=c8614be4-ba7c-4b3e-bf92-2a79013b63c7, command=[]} | ret=SUCCESS |  
2019-08-23 08:44:15,138 | INFO  | SCMAudit | user=jenkins1000 | ip=192.168.36.124 | op=SEND_HEARTBEAT {datanodeUUID=d25e1fb2-dc34-4d59-84ce-3be5e962ff3d, command=[]} | ret=SUCCESS |  
2019-08-23 08:44:15,351 | INFO  | SCMAudit | user=jenkins1000 | ip=192.168.36.124 | op=SEND_HEARTBEAT {datanodeUUID=6130611f-ea3a-4a14-895f-35c381f9efc4, command=[]} | ret=SUCCESS |  
2019-08-23 08:44:15,370 [grpc-default-executor-0] INFO  client.GrpcClientProtocolClient (GrpcClientProtocolClient.java:onNext(255)) - client-594D477ACB77->c8614be4-ba7c-4b3e-bf92-2a79013b63c7: receive RaftClientReply:client-594D477ACB77->c8614be4-ba7c-4b3e-bf92-2a79013b63c7@group-D6425B254B44, cid=13, FAILED org.apache.ratis.protocol.NotLeaderException: Server c8614be4-ba7c-4b3e-bf92-2a79013b63c7 is not the leader (null). Request must be sent to leader., logIndex=0, commits[c8614be4-ba7c-4b3e-bf92-2a79013b63c7:c-1]
2019-08-23 08:44:15,674 | INFO  | SCMAudit | user=jenkins1000 | ip=192.168.36.124 | op=SEND_HEARTBEAT {datanodeUUID=814796da-c9aa-44ae-b4d2-a94a982d530c, command=[]} | ret=SUCCESS |  
2019-08-23 08:44:15,677 | INFO  | SCMAudit | user=jenkins1000 | ip=192.168.36.124 | op=SEND_HEARTBEAT {datanodeUUID=282270cf-20fb-461f-9c8a-9450796f87ad, command=[]} | ret=SUCCESS |  
2019-08-23 08:44:15,801 | INFO  | SCMAudit | user=jenkins1000 | ip=192.168.36.124 | op=SEND_HEARTBEAT {datanodeUUID=06ff8c32-d6a1-4424-b29b-4c2a415942d4, command=[]} | ret=SUCCESS |  
2019-08-23 08:44:15,801 | INFO  | SCMAudit | user=jenkins1000 | ip=192.168.36.124 | op=SEND_HEARTBEAT {datanodeUUID=5f42c09d-68f5-43be-ab10-ef5f897cf19a, command=[]} | ret=SUCCESS |  
2019-08-23 08:44:16,044 | INFO  | SCMAudit | user=jenkins1000 | ip=192.168.36.124 | op=SEND_HEARTBEAT {datanodeUUID=c8614be4-ba7c-4b3e-bf92-2a79013b63c7, command=[]} | ret=SUCCESS |  
2019-08-23 08:44:16,135 | INFO  | SCMAudit | user=jenkins1000 | ip=192.168.36.124 | op=SEND_HEARTBEAT {datanodeUUID=d25e1fb2-dc34-4d59-84ce-3be5e962ff3d, command=[]} | ret=SUCCESS |  
2019-08-23 08:44:16,348 | INFO  | SCMAudit | user=jenkins1000 | ip=192.168.36.124 | op=SEND_HEARTBEAT {datanodeUUID=6130611f-ea3a-4a14-895f-35c381f9efc4, command=[]} | ret=SUCCESS |  
2019-08-23 08:44:16,397 [grpc-default-executor-1] INFO  client.GrpcClientProtocolClient (GrpcClientProtocolClient.java:onNext(255)) - client-594D477ACB77->6130611f-ea3a-4a14-895f-35c381f9efc4: receive RaftClientReply:client-594D477ACB77->6130611f-ea3a-4a14-895f-35c381f9efc4@group-D6425B254B44, cid=13, FAILED org.apache.ratis.protocol.NotLeaderException: Server 6130611f-ea3a-4a14-895f-35c381f9efc4 is not the leader (null). Request must be sent to leader., logIndex=0, commits[6130611f-ea3a-4a14-895f-35c381f9efc4:c-1]
2019-08-23 08:44:16,671 | INFO  | SCMAudit | user=jenkins1000 | ip=192.168.36.124 | op=SEND_HEARTBEAT {datanodeUUID=814796da-c9aa-44ae-b4d2-a94a982d530c, command=[]} | ret=SUCCESS |  
2019-08-23 08:44:16,676 | INFO  | SCMAudit | user=jenkins1000 | ip=192.168.36.124 | op=SEND_HEARTBEAT {datanodeUUID=282270cf-20fb-461f-9c8a-9450796f87ad, command=[]} | ret=SUCCESS |  
2019-08-23 08:44:16,771 | INFO  | SCMAudit | user=jenkins1000 | ip=192.168.36.124 | op=SEND_HEARTBEAT {datanodeUUID=06ff8c32-d6a1-4424-b29b-4c2a415942d4, command=[]} | ret=SUCCESS |  
2019-08-23 08:44:16,784 | INFO  | SCMAudit | user=jenkins1000 | ip=192.168.36.124 | op=SEND_HEARTBEAT {datanodeUUID=5f42c09d-68f5-43be-ab10-ef5f897cf19a, command=[]} | ret=SUCCESS |  
2019-08-23 08:44:17,044 | INFO  | SCMAudit | user=jenkins1000 | ip=192.168.36.124 | op=SEND_HEARTBEAT {datanodeUUID=c8614be4-ba7c-4b3e-bf92-2a79013b63c7, command=[]} | ret=SUCCESS |  
2019-08-23 08:44:17,120 [Thread-239] INFO  impl.FollowerState (FollowerState.java:run(106)) - 06ff8c32-d6a1-4424-b29b-4c2a415942d4:group-B81D0162A033 changes to CANDIDATE, lastRpcTime:5083, electionTimeout:5082ms
2019-08-23 08:44:17,124 [Thread-239] INFO  impl.RoleInfo (RoleInfo.java:shutdownFollowerState(121)) - 06ff8c32-d6a1-4424-b29b-4c2a415942d4: shutdown FollowerState
2019-08-23 08:44:17,124 [Thread-239] INFO  impl.RaftServerImpl (RaftServerImpl.java:setRole(171)) - 06ff8c32-d6a1-4424-b29b-4c2a415942d4:group-B81D0162A033 changes role from FOLLOWER to CANDIDATE at term 0 for changeToCandidate
2019-08-23 08:44:17,132 [Thread-239] INFO  impl.RoleInfo (RoleInfo.java:updateAndGet(143)) - 06ff8c32-d6a1-4424-b29b-4c2a415942d4: start LeaderElection
2019-08-23 08:44:17,140 | INFO  | SCMAudit | user=jenkins1000 | ip=192.168.36.124 | op=SEND_HEARTBEAT {datanodeUUID=d25e1fb2-dc34-4d59-84ce-3be5e962ff3d, command=[]} | ret=SUCCESS |  
2019-08-23 08:44:17,163 [06ff8c32-d6a1-4424-b29b-4c2a415942d4:group-B81D0162A033:LeaderElection1] INFO  impl.LeaderElection (LeaderElection.java:askForVotes(181)) - 06ff8c32-d6a1-4424-b29b-4c2a415942d4:group-B81D0162A033:LeaderElection1: begin an election at term 1 for -1: [06ff8c32-d6a1-4424-b29b-4c2a415942d4:192.168.36.124:45802], old=null
2019-08-23 08:44:17,167 [06ff8c32-d6a1-4424-b29b-4c2a415942d4:group-B81D0162A033:LeaderElection1] INFO  impl.RoleInfo (RoleInfo.java:shutdownLeaderElection(134)) - 06ff8c32-d6a1-4424-b29b-4c2a415942d4: shutdown LeaderElection
2019-08-23 08:44:17,168 [06ff8c32-d6a1-4424-b29b-4c2a415942d4:group-B81D0162A033:LeaderElection1] INFO  impl.RaftServerImpl (RaftServerImpl.java:setRole(171)) - 06ff8c32-d6a1-4424-b29b-4c2a415942d4:group-B81D0162A033 changes role from CANDIDATE to LEADER at term 1 for changeToLeader
2019-08-23 08:44:17,168 [06ff8c32-d6a1-4424-b29b-4c2a415942d4:group-B81D0162A033:LeaderElection1] INFO  impl.RaftServerImpl (ServerState.java:setLeader(263)) - 06ff8c32-d6a1-4424-b29b-4c2a415942d4:group-B81D0162A033 change Leader from null to 06ff8c32-d6a1-4424-b29b-4c2a415942d4 at term 1 for becomeLeader, leader elected after 5217ms
2019-08-23 08:44:17,178 [06ff8c32-d6a1-4424-b29b-4c2a415942d4:group-B81D0162A033:LeaderElection1] INFO  server.RaftServerConfigKeys (ConfUtils.java:logGet(43)) - raft.server.staging.catchup.gap = 1000 (default)
2019-08-23 08:44:17,178 [06ff8c32-d6a1-4424-b29b-4c2a415942d4:group-B81D0162A033:LeaderElection1] INFO  server.RaftServerConfigKeys (ConfUtils.java:logGet(43)) - raft.server.rpc.sleep.time = 25ms (default)
2019-08-23 08:44:17,182 [06ff8c32-d6a1-4424-b29b-4c2a415942d4:group-B81D0162A033:LeaderElection1] INFO  server.RaftServerConfigKeys (ConfUtils.java:logGet(43)) - raft.server.write.element-limit = 4096 (default)
2019-08-23 08:44:17,186 [06ff8c32-d6a1-4424-b29b-4c2a415942d4:group-B81D0162A033:LeaderElection1] INFO  server.RaftServerConfigKeys (ConfUtils.java:logGet(43)) - raft.server.watch.timeout = 10s (default)
2019-08-23 08:44:17,186 [06ff8c32-d6a1-4424-b29b-4c2a415942d4:group-B81D0162A033:LeaderElection1] INFO  server.RaftServerConfigKeys (ConfUtils.java:logGet(43)) - raft.server.watch.timeout.denomination = 1s (default)
2019-08-23 08:44:17,187 [06ff8c32-d6a1-4424-b29b-4c2a415942d4:group-B81D0162A033:LeaderElection1] INFO  server.RaftServerConfigKeys (ConfUtils.java:logGet(43)) - raft.server.watch.element-limit = 65536 (default)
2019-08-23 08:44:17,198 [06ff8c32-d6a1-4424-b29b-4c2a415942d4:group-B81D0162A033:LeaderElection1] INFO  impl.RoleInfo (RoleInfo.java:updateAndGet(143)) - 06ff8c32-d6a1-4424-b29b-4c2a415942d4: start LeaderState
2019-08-23 08:44:17,233 [06ff8c32-d6a1-4424-b29b-4c2a415942d4:group-B81D0162A033:LeaderElection1] INFO  segmented.SegmentedRaftLogWorker (SegmentedRaftLogWorker.java:startLogSegment(380)) - 06ff8c32-d6a1-4424-b29b-4c2a415942d4-SegmentedRaftLogWorker:Storage Directory /workdir/hadoop-ozone/integration-test/target/test-dir/MiniOzoneClusterImpl-ee747063-c070-4170-8f1b-294adf81e4a4/datanode-0/data/ratis/f2dad930-5fa0-4d2c-a1b4-b81d0162a033: Starting segment from index:0
2019-08-23 08:44:17,245 [06ff8c32-d6a1-4424-b29b-4c2a415942d4:group-B81D0162A033:LeaderElection1] INFO  impl.RaftServerImpl (ServerState.java:setRaftConf(361)) - 06ff8c32-d6a1-4424-b29b-4c2a415942d4:group-B81D0162A033 set configuration 0: [06ff8c32-d6a1-4424-b29b-4c2a415942d4:192.168.36.124:45802], old=null at 0
2019-08-23 08:44:17,348 | INFO  | SCMAudit | user=jenkins1000 | ip=192.168.36.124 | op=SEND_HEARTBEAT {datanodeUUID=6130611f-ea3a-4a14-895f-35c381f9efc4, command=[]} | ret=SUCCESS |  
2019-08-23 08:44:17,441 [grpc-default-executor-1] INFO  client.GrpcClientProtocolClient (GrpcClientProtocolClient.java:onNext(255)) - client-594D477ACB77->814796da-c9aa-44ae-b4d2-a94a982d530c: receive RaftClientReply:client-594D477ACB77->814796da-c9aa-44ae-b4d2-a94a982d530c@group-D6425B254B44, cid=13, FAILED org.apache.ratis.protocol.NotLeaderException: Server 814796da-c9aa-44ae-b4d2-a94a982d530c is not the leader (null). Request must be sent to leader., logIndex=0, commits[814796da-c9aa-44ae-b4d2-a94a982d530c:c-1]
2019-08-23 08:44:17,443 [Thread-242] INFO  impl.FollowerState (FollowerState.java:run(106)) - c8614be4-ba7c-4b3e-bf92-2a79013b63c7:group-BC88F2A4A109 changes to CANDIDATE, lastRpcTime:5183, electionTimeout:5182ms
2019-08-23 08:44:17,446 [Thread-242] INFO  impl.RoleInfo (RoleInfo.java:shutdownFollowerState(121)) - c8614be4-ba7c-4b3e-bf92-2a79013b63c7: shutdown FollowerState
2019-08-23 08:44:17,447 [Thread-242] INFO  impl.RaftServerImpl (RaftServerImpl.java:setRole(171)) - c8614be4-ba7c-4b3e-bf92-2a79013b63c7:group-BC88F2A4A109 changes role from FOLLOWER to CANDIDATE at term 0 for changeToCandidate
2019-08-23 08:44:17,447 [Thread-242] INFO  impl.RoleInfo (RoleInfo.java:updateAndGet(143)) - c8614be4-ba7c-4b3e-bf92-2a79013b63c7: start LeaderElection
2019-08-23 08:44:17,460 [06ff8c32-d6a1-4424-b29b-4c2a415942d4-SegmentedRaftLogWorker:Storage Directory /workdir/hadoop-ozone/integration-test/target/test-dir/MiniOzoneClusterImpl-ee747063-c070-4170-8f1b-294adf81e4a4/datanode-0/data/ratis/f2dad930-5fa0-4d2c-a1b4-b81d0162a033] INFO  segmented.SegmentedRaftLogWorker (SegmentedRaftLogWorker.java:execute(569)) - 06ff8c32-d6a1-4424-b29b-4c2a415942d4-SegmentedRaftLogWorker:Storage Directory /workdir/hadoop-ozone/integration-test/target/test-dir/MiniOzoneClusterImpl-ee747063-c070-4170-8f1b-294adf81e4a4/datanode-0/data/ratis/f2dad930-5fa0-4d2c-a1b4-b81d0162a033: created new log segment /workdir/hadoop-ozone/integration-test/target/test-dir/MiniOzoneClusterImpl-ee747063-c070-4170-8f1b-294adf81e4a4/datanode-0/data/ratis/f2dad930-5fa0-4d2c-a1b4-b81d0162a033/current/log_inprogress_0
2019-08-23 08:44:17,482 [c8614be4-ba7c-4b3e-bf92-2a79013b63c7:group-BC88F2A4A109:LeaderElection2] INFO  impl.LeaderElection (LeaderElection.java:askForVotes(181)) - c8614be4-ba7c-4b3e-bf92-2a79013b63c7:group-BC88F2A4A109:LeaderElection2: begin an election at term 1 for -1: [c8614be4-ba7c-4b3e-bf92-2a79013b63c7:192.168.36.124:36113], old=null
2019-08-23 08:44:17,485 [c8614be4-ba7c-4b3e-bf92-2a79013b63c7:group-BC88F2A4A109:LeaderElection2] INFO  impl.RoleInfo (RoleInfo.java:shutdownLeaderElection(134)) - c8614be4-ba7c-4b3e-bf92-2a79013b63c7: shutdown LeaderElection
2019-08-23 08:44:17,486 [c8614be4-ba7c-4b3e-bf92-2a79013b63c7:group-BC88F2A4A109:LeaderElection2] INFO  impl.RaftServerImpl (RaftServerImpl.java:setRole(171)) - c8614be4-ba7c-4b3e-bf92-2a79013b63c7:group-BC88F2A4A109 changes role from CANDIDATE to LEADER at term 1 for changeToLeader
2019-08-23 08:44:17,487 [c8614be4-ba7c-4b3e-bf92-2a79013b63c7:group-BC88F2A4A109:LeaderElection2] INFO  impl.RaftServerImpl (ServerState.java:setLeader(263)) - c8614be4-ba7c-4b3e-bf92-2a79013b63c7:group-BC88F2A4A109 change Leader from null to c8614be4-ba7c-4b3e-bf92-2a79013b63c7 at term 1 for becomeLeader, leader elected after 5234ms
2019-08-23 08:44:17,488 [c8614be4-ba7c-4b3e-bf92-2a79013b63c7:group-BC88F2A4A109:LeaderElection2] INFO  server.RaftServerConfigKeys (ConfUtils.java:logGet(43)) - raft.server.staging.catchup.gap = 1000 (default)
2019-08-23 08:44:17,488 [c8614be4-ba7c-4b3e-bf92-2a79013b63c7:group-BC88F2A4A109:LeaderElection2] INFO  server.RaftServerConfigKeys (ConfUtils.java:logGet(43)) - raft.server.rpc.sleep.time = 25ms (default)
2019-08-23 08:44:17,488 [c8614be4-ba7c-4b3e-bf92-2a79013b63c7:group-BC88F2A4A109:LeaderElection2] INFO  server.RaftServerConfigKeys (ConfUtils.java:logGet(43)) - raft.server.write.element-limit = 4096 (default)
2019-08-23 08:44:17,488 [c8614be4-ba7c-4b3e-bf92-2a79013b63c7:group-BC88F2A4A109:LeaderElection2] INFO  server.RaftServerConfigKeys (ConfUtils.java:logGet(43)) - raft.server.watch.timeout = 10s (default)
2019-08-23 08:44:17,488 [c8614be4-ba7c-4b3e-bf92-2a79013b63c7:group-BC88F2A4A109:LeaderElection2] INFO  server.RaftServerConfigKeys (ConfUtils.java:logGet(43)) - raft.server.watch.timeout.denomination = 1s (default)
2019-08-23 08:44:17,489 [c8614be4-ba7c-4b3e-bf92-2a79013b63c7:group-BC88F2A4A109:LeaderElection2] INFO  server.RaftServerConfigKeys (ConfUtils.java:logGet(43)) - raft.server.watch.element-limit = 65536 (default)
2019-08-23 08:44:17,489 [c8614be4-ba7c-4b3e-bf92-2a79013b63c7:group-BC88F2A4A109:LeaderElection2] INFO  impl.RoleInfo (RoleInfo.java:updateAndGet(143)) - c8614be4-ba7c-4b3e-bf92-2a79013b63c7: start LeaderState
2019-08-23 08:44:17,489 [c8614be4-ba7c-4b3e-bf92-2a79013b63c7:group-BC88F2A4A109:LeaderElection2] INFO  segmented.SegmentedRaftLogWorker (SegmentedRaftLogWorker.java:startLogSegment(380)) - c8614be4-ba7c-4b3e-bf92-2a79013b63c7-SegmentedRaftLogWorker:Storage Directory /workdir/hadoop-ozone/integration-test/target/test-dir/MiniOzoneClusterImpl-ee747063-c070-4170-8f1b-294adf81e4a4/datanode-1/data/ratis/903f8282-708f-4162-be25-bc88f2a4a109: Starting segment from index:0
2019-08-23 08:44:17,490 [c8614be4-ba7c-4b3e-bf92-2a79013b63c7:group-BC88F2A4A109:LeaderElection2] INFO  impl.RaftServerImpl (ServerState.java:setRaftConf(361)) - c8614be4-ba7c-4b3e-bf92-2a79013b63c7:group-BC88F2A4A109 set configuration 0: [c8614be4-ba7c-4b3e-bf92-2a79013b63c7:192.168.36.124:36113], old=null at 0
2019-08-23 08:44:17,540 [c8614be4-ba7c-4b3e-bf92-2a79013b63c7-SegmentedRaftLogWorker:Storage Directory /workdir/hadoop-ozone/integration-test/target/test-dir/MiniOzoneClusterImpl-ee747063-c070-4170-8f1b-294adf81e4a4/datanode-1/data/ratis/903f8282-708f-4162-be25-bc88f2a4a109] INFO  segmented.SegmentedRaftLogWorker (SegmentedRaftLogWorker.java:execute(569)) - c8614be4-ba7c-4b3e-bf92-2a79013b63c7-SegmentedRaftLogWorker:Storage Directory /workdir/hadoop-ozone/integration-test/target/test-dir/MiniOzoneClusterImpl-ee747063-c070-4170-8f1b-294adf81e4a4/datanode-1/data/ratis/903f8282-708f-4162-be25-bc88f2a4a109: created new log segment /workdir/hadoop-ozone/integration-test/target/test-dir/MiniOzoneClusterImpl-ee747063-c070-4170-8f1b-294adf81e4a4/datanode-1/data/ratis/903f8282-708f-4162-be25-bc88f2a4a109/current/log_inprogress_0
2019-08-23 08:44:17,546 [Thread-245] INFO  impl.FollowerState (FollowerState.java:run(106)) - 814796da-c9aa-44ae-b4d2-a94a982d530c:group-C7C65F17D744 changes to CANDIDATE, lastRpcTime:5155, electionTimeout:5155ms
2019-08-23 08:44:17,546 [Thread-245] INFO  impl.RoleInfo (RoleInfo.java:shutdownFollowerState(121)) - 814796da-c9aa-44ae-b4d2-a94a982d530c: shutdown FollowerState
2019-08-23 08:44:17,546 [Thread-245] INFO  impl.RaftServerImpl (RaftServerImpl.java:setRole(171)) - 814796da-c9aa-44ae-b4d2-a94a982d530c:group-C7C65F17D744 changes role from FOLLOWER to CANDIDATE at term 0 for changeToCandidate
2019-08-23 08:44:17,546 [Thread-245] INFO  impl.RoleInfo (RoleInfo.java:updateAndGet(143)) - 814796da-c9aa-44ae-b4d2-a94a982d530c: start LeaderElection
2019-08-23 08:44:17,567 [814796da-c9aa-44ae-b4d2-a94a982d530c:group-C7C65F17D744:LeaderElection3] INFO  impl.LeaderElection (LeaderElection.java:askForVotes(181)) - 814796da-c9aa-44ae-b4d2-a94a982d530c:group-C7C65F17D744:LeaderElection3: begin an election at term 1 for -1: [814796da-c9aa-44ae-b4d2-a94a982d530c:192.168.36.124:45643], old=null
2019-08-23 08:44:17,568 [814796da-c9aa-44ae-b4d2-a94a982d530c:group-C7C65F17D744:LeaderElection3] INFO  impl.RoleInfo (RoleInfo.java:shutdownLeaderElection(134)) - 814796da-c9aa-44ae-b4d2-a94a982d530c: shutdown LeaderElection
2019-08-23 08:44:17,568 [814796da-c9aa-44ae-b4d2-a94a982d530c:group-C7C65F17D744:LeaderElection3] INFO  impl.RaftServerImpl (RaftServerImpl.java:setRole(171)) - 814796da-c9aa-44ae-b4d2-a94a982d530c:group-C7C65F17D744 changes role from CANDIDATE to LEADER at term 1 for changeToLeader
2019-08-23 08:44:17,568 [814796da-c9aa-44ae-b4d2-a94a982d530c:group-C7C65F17D744:LeaderElection3] INFO  impl.RaftServerImpl (ServerState.java:setLeader(263)) - 814796da-c9aa-44ae-b4d2-a94a982d530c:group-C7C65F17D744 change Leader from null to 814796da-c9aa-44ae-b4d2-a94a982d530c at term 1 for becomeLeader, leader elected after 5185ms
2019-08-23 08:44:17,569 [814796da-c9aa-44ae-b4d2-a94a982d530c:group-C7C65F17D744:LeaderElection3] INFO  server.RaftServerConfigKeys (ConfUtils.java:logGet(43)) - raft.server.staging.catchup.gap = 1000 (default)
2019-08-23 08:44:17,570 [814796da-c9aa-44ae-b4d2-a94a982d530c:group-C7C65F17D744:LeaderElection3] INFO  server.RaftServerConfigKeys (ConfUtils.java:logGet(43)) - raft.server.rpc.sleep.time = 25ms (default)
2019-08-23 08:44:17,570 [814796da-c9aa-44ae-b4d2-a94a982d530c:group-C7C65F17D744:LeaderElection3] INFO  server.RaftServerConfigKeys (ConfUtils.java:logGet(43)) - raft.server.write.element-limit = 4096 (default)
2019-08-23 08:44:17,570 [814796da-c9aa-44ae-b4d2-a94a982d530c:group-C7C65F17D744:LeaderElection3] INFO  server.RaftServerConfigKeys (ConfUtils.java:logGet(43)) - raft.server.watch.timeout = 10s (default)
2019-08-23 08:44:17,570 [814796da-c9aa-44ae-b4d2-a94a982d530c:group-C7C65F17D744:LeaderElection3] INFO  server.RaftServerConfigKeys (ConfUtils.java:logGet(43)) - raft.server.watch.timeout.denomination = 1s (default)
2019-08-23 08:44:17,570 [814796da-c9aa-44ae-b4d2-a94a982d530c:group-C7C65F17D744:LeaderElection3] INFO  server.RaftServerConfigKeys (ConfUtils.java:logGet(43)) - raft.server.watch.element-limit = 65536 (default)
2019-08-23 08:44:17,570 [814796da-c9aa-44ae-b4d2-a94a982d530c:group-C7C65F17D744:LeaderElection3] INFO  impl.RoleInfo (RoleInfo.java:updateAndGet(143)) - 814796da-c9aa-44ae-b4d2-a94a982d530c: start LeaderState
2019-08-23 08:44:17,571 [814796da-c9aa-44ae-b4d2-a94a982d530c:group-C7C65F17D744:LeaderElection3] INFO  segmented.SegmentedRaftLogWorker (SegmentedRaftLogWorker.java:startLogSegment(380)) - 814796da-c9aa-44ae-b4d2-a94a982d530c-SegmentedRaftLogWorker:Storage Directory /workdir/hadoop-ozone/integration-test/target/test-dir/MiniOzoneClusterImpl-ee747063-c070-4170-8f1b-294adf81e4a4/datanode-3/data/ratis/f1feaac6-02c7-4e4f-93bc-c7c65f17d744: Starting segment from index:0
2019-08-23 08:44:17,571 [814796da-c9aa-44ae-b4d2-a94a982d530c:group-C7C65F17D744:LeaderElection3] INFO  impl.RaftServerImpl (ServerState.java:setRaftConf(361)) - 814796da-c9aa-44ae-b4d2-a94a982d530c:group-C7C65F17D744 set configuration 0: [814796da-c9aa-44ae-b4d2-a94a982d530c:192.168.36.124:45643], old=null at 0
2019-08-23 08:44:17,612 [Thread-248] INFO  impl.FollowerState (FollowerState.java:run(106)) - 6130611f-ea3a-4a14-895f-35c381f9efc4:group-DFA5839A413E changes to CANDIDATE, lastRpcTime:5114, electionTimeout:5114ms
2019-08-23 08:44:17,613 [Thread-248] INFO  impl.RoleInfo (RoleInfo.java:shutdownFollowerState(121)) - 6130611f-ea3a-4a14-895f-35c381f9efc4: shutdown FollowerState
2019-08-23 08:44:17,613 [Thread-248] INFO  impl.RaftServerImpl (RaftServerImpl.java:setRole(171)) - 6130611f-ea3a-4a14-895f-35c381f9efc4:group-DFA5839A413E changes role from FOLLOWER to CANDIDATE at term 0 for changeToCandidate
2019-08-23 08:44:17,613 [Thread-248] INFO  impl.RoleInfo (RoleInfo.java:updateAndGet(143)) - 6130611f-ea3a-4a14-895f-35c381f9efc4: start LeaderElection
2019-08-23 08:44:17,634 [814796da-c9aa-44ae-b4d2-a94a982d530c-SegmentedRaftLogWorker:Storage Directory /workdir/hadoop-ozone/integration-test/target/test-dir/MiniOzoneClusterImpl-ee747063-c070-4170-8f1b-294adf81e4a4/datanode-3/data/ratis/f1feaac6-02c7-4e4f-93bc-c7c65f17d744] INFO  segmented.SegmentedRaftLogWorker (SegmentedRaftLogWorker.java:execute(569)) - 814796da-c9aa-44ae-b4d2-a94a982d530c-SegmentedRaftLogWorker:Storage Directory /workdir/hadoop-ozone/integration-test/target/test-dir/MiniOzoneClusterImpl-ee747063-c070-4170-8f1b-294adf81e4a4/datanode-3/data/ratis/f1feaac6-02c7-4e4f-93bc-c7c65f17d744: created new log segment /workdir/hadoop-ozone/integration-test/target/test-dir/MiniOzoneClusterImpl-ee747063-c070-4170-8f1b-294adf81e4a4/datanode-3/data/ratis/f1feaac6-02c7-4e4f-93bc-c7c65f17d744/current/log_inprogress_0
2019-08-23 08:44:17,634 [6130611f-ea3a-4a14-895f-35c381f9efc4:group-DFA5839A413E:LeaderElection4] INFO  impl.LeaderElection (LeaderElection.java:askForVotes(181)) - 6130611f-ea3a-4a14-895f-35c381f9efc4:group-DFA5839A413E:LeaderElection4: begin an election at term 1 for -1: [6130611f-ea3a-4a14-895f-35c381f9efc4:192.168.36.124:37607], old=null
2019-08-23 08:44:17,634 [6130611f-ea3a-4a14-895f-35c381f9efc4:group-DFA5839A413E:LeaderElection4] INFO  impl.RoleInfo (RoleInfo.java:shutdownLeaderElection(134)) - 6130611f-ea3a-4a14-895f-35c381f9efc4: shutdown LeaderElection
2019-08-23 08:44:17,634 [6130611f-ea3a-4a14-895f-35c381f9efc4:group-DFA5839A413E:LeaderElection4] INFO  impl.RaftServerImpl (RaftServerImpl.java:setRole(171)) - 6130611f-ea3a-4a14-895f-35c381f9efc4:group-DFA5839A413E changes role from CANDIDATE to LEADER at term 1 for changeToLeader
2019-08-23 08:44:17,635 [6130611f-ea3a-4a14-895f-35c381f9efc4:group-DFA5839A413E:LeaderElection4] INFO  impl.RaftServerImpl (ServerState.java:setLeader(263)) - 6130611f-ea3a-4a14-895f-35c381f9efc4:group-DFA5839A413E change Leader from null to 6130611f-ea3a-4a14-895f-35c381f9efc4 at term 1 for becomeLeader, leader elected after 5142ms
2019-08-23 08:44:17,636 [6130611f-ea3a-4a14-895f-35c381f9efc4:group-DFA5839A413E:LeaderElection4] INFO  server.RaftServerConfigKeys (ConfUtils.java:logGet(43)) - raft.server.staging.catchup.gap = 1000 (default)
2019-08-23 08:44:17,637 [6130611f-ea3a-4a14-895f-35c381f9efc4:group-DFA5839A413E:LeaderElection4] INFO  server.RaftServerConfigKeys (ConfUtils.java:logGet(43)) - raft.server.rpc.sleep.time = 25ms (default)
2019-08-23 08:44:17,637 [6130611f-ea3a-4a14-895f-35c381f9efc4:group-DFA5839A413E:LeaderElection4] INFO  server.RaftServerConfigKeys (ConfUtils.java:logGet(43)) - raft.server.write.element-limit = 4096 (default)
2019-08-23 08:44:17,637 [6130611f-ea3a-4a14-895f-35c381f9efc4:group-DFA5839A413E:LeaderElection4] INFO  server.RaftServerConfigKeys (ConfUtils.java:logGet(43)) - raft.server.watch.timeout = 10s (default)
2019-08-23 08:44:17,637 [6130611f-ea3a-4a14-895f-35c381f9efc4:group-DFA5839A413E:LeaderElection4] INFO  server.RaftServerConfigKeys (ConfUtils.java:logGet(43)) - raft.server.watch.timeout.denomination = 1s (default)
2019-08-23 08:44:17,637 [6130611f-ea3a-4a14-895f-35c381f9efc4:group-DFA5839A413E:LeaderElection4] INFO  server.RaftServerConfigKeys (ConfUtils.java:logGet(43)) - raft.server.watch.element-limit = 65536 (default)
2019-08-23 08:44:17,637 [6130611f-ea3a-4a14-895f-35c381f9efc4:group-DFA5839A413E:LeaderElection4] INFO  impl.RoleInfo (RoleInfo.java:updateAndGet(143)) - 6130611f-ea3a-4a14-895f-35c381f9efc4: start LeaderState
2019-08-23 08:44:17,638 [6130611f-ea3a-4a14-895f-35c381f9efc4:group-DFA5839A413E:LeaderElection4] INFO  segmented.SegmentedRaftLogWorker (SegmentedRaftLogWorker.java:startLogSegment(380)) - 6130611f-ea3a-4a14-895f-35c381f9efc4-SegmentedRaftLogWorker:Storage Directory /workdir/hadoop-ozone/integration-test/target/test-dir/MiniOzoneClusterImpl-ee747063-c070-4170-8f1b-294adf81e4a4/datanode-6/data/ratis/c1fa7c58-533e-4e9d-afdf-dfa5839a413e: Starting segment from index:0
2019-08-23 08:44:17,638 [6130611f-ea3a-4a14-895f-35c381f9efc4:group-DFA5839A413E:LeaderElection4] INFO  impl.RaftServerImpl (ServerState.java:setRaftConf(361)) - 6130611f-ea3a-4a14-895f-35c381f9efc4:group-DFA5839A413E set configuration 0: [6130611f-ea3a-4a14-895f-35c381f9efc4:192.168.36.124:37607], old=null at 0
2019-08-23 08:44:17,678 | INFO  | SCMAudit | user=jenkins1000 | ip=192.168.36.124 | op=SEND_HEARTBEAT {datanodeUUID=814796da-c9aa-44ae-b4d2-a94a982d530c, command=[]} | ret=SUCCESS |  
2019-08-23 08:44:17,678 | INFO  | SCMAudit | user=jenkins1000 | ip=192.168.36.124 | op=SEND_HEARTBEAT {datanodeUUID=282270cf-20fb-461f-9c8a-9450796f87ad, command=[]} | ret=SUCCESS |  
2019-08-23 08:44:17,699 [6130611f-ea3a-4a14-895f-35c381f9efc4-SegmentedRaftLogWorker:Storage Directory /workdir/hadoop-ozone/integration-test/target/test-dir/MiniOzoneClusterImpl-ee747063-c070-4170-8f1b-294adf81e4a4/datanode-6/data/ratis/c1fa7c58-533e-4e9d-afdf-dfa5839a413e] INFO  segmented.SegmentedRaftLogWorker (SegmentedRaftLogWorker.java:execute(569)) - 6130611f-ea3a-4a14-895f-35c381f9efc4-SegmentedRaftLogWorker:Storage Directory /workdir/hadoop-ozone/integration-test/target/test-dir/MiniOzoneClusterImpl-ee747063-c070-4170-8f1b-294adf81e4a4/datanode-6/data/ratis/c1fa7c58-533e-4e9d-afdf-dfa5839a413e: created new log segment /workdir/hadoop-ozone/integration-test/target/test-dir/MiniOzoneClusterImpl-ee747063-c070-4170-8f1b-294adf81e4a4/datanode-6/data/ratis/c1fa7c58-533e-4e9d-afdf-dfa5839a413e/current/log_inprogress_0
2019-08-23 08:44:17,719 [Thread-251] INFO  impl.FollowerState (FollowerState.java:run(106)) - 282270cf-20fb-461f-9c8a-9450796f87ad:group-A8FCBD3F6D92 changes to CANDIDATE, lastRpcTime:5129, electionTimeout:5129ms
2019-08-23 08:44:17,720 [Thread-251] INFO  impl.RoleInfo (RoleInfo.java:shutdownFollowerState(121)) - 282270cf-20fb-461f-9c8a-9450796f87ad: shutdown FollowerState
2019-08-23 08:44:17,720 [Thread-251] INFO  impl.RaftServerImpl (RaftServerImpl.java:setRole(171)) - 282270cf-20fb-461f-9c8a-9450796f87ad:group-A8FCBD3F6D92 changes role from FOLLOWER to CANDIDATE at term 0 for changeToCandidate
2019-08-23 08:44:17,720 [Thread-251] INFO  impl.RoleInfo (RoleInfo.java:updateAndGet(143)) - 282270cf-20fb-461f-9c8a-9450796f87ad: start LeaderElection
2019-08-23 08:44:17,729 [Thread-254] INFO  impl.FollowerState (FollowerState.java:run(106)) - d25e1fb2-dc34-4d59-84ce-3be5e962ff3d:group-F5ED6E85C6A1 changes to CANDIDATE, lastRpcTime:5029, electionTimeout:5029ms
2019-08-23 08:44:17,731 [Thread-254] INFO  impl.RoleInfo (RoleInfo.java:shutdownFollowerState(121)) - d25e1fb2-dc34-4d59-84ce-3be5e962ff3d: shutdown FollowerState
2019-08-23 08:44:17,731 [Thread-254] INFO  impl.RaftServerImpl (RaftServerImpl.java:setRole(171)) - d25e1fb2-dc34-4d59-84ce-3be5e962ff3d:group-F5ED6E85C6A1 changes role from FOLLOWER to CANDIDATE at term 0 for changeToCandidate
2019-08-23 08:44:17,731 [Thread-254] INFO  impl.RoleInfo (RoleInfo.java:updateAndGet(143)) - d25e1fb2-dc34-4d59-84ce-3be5e962ff3d: start LeaderElection
2019-08-23 08:44:17,768 [282270cf-20fb-461f-9c8a-9450796f87ad:group-A8FCBD3F6D92:LeaderElection5] INFO  impl.LeaderElection (LeaderElection.java:askForVotes(181)) - 282270cf-20fb-461f-9c8a-9450796f87ad:group-A8FCBD3F6D92:LeaderElection5: begin an election at term 1 for -1: [282270cf-20fb-461f-9c8a-9450796f87ad:192.168.36.124:42592], old=null
2019-08-23 08:44:17,768 [282270cf-20fb-461f-9c8a-9450796f87ad:group-A8FCBD3F6D92:LeaderElection5] INFO  impl.RoleInfo (RoleInfo.java:shutdownLeaderElection(134)) - 282270cf-20fb-461f-9c8a-9450796f87ad: shutdown LeaderElection
2019-08-23 08:44:17,768 [282270cf-20fb-461f-9c8a-9450796f87ad:group-A8FCBD3F6D92:LeaderElection5] INFO  impl.RaftServerImpl (RaftServerImpl.java:setRole(171)) - 282270cf-20fb-461f-9c8a-9450796f87ad:group-A8FCBD3F6D92 changes role from CANDIDATE to LEADER at term 1 for changeToLeader
2019-08-23 08:44:17,768 [282270cf-20fb-461f-9c8a-9450796f87ad:group-A8FCBD3F6D92:LeaderElection5] INFO  impl.RaftServerImpl (ServerState.java:setLeader(263)) - 282270cf-20fb-461f-9c8a-9450796f87ad:group-A8FCBD3F6D92 change Leader from null to 282270cf-20fb-461f-9c8a-9450796f87ad at term 1 for becomeLeader, leader elected after 5183ms
2019-08-23 08:44:17,770 [282270cf-20fb-461f-9c8a-9450796f87ad:group-A8FCBD3F6D92:LeaderElection5] INFO  server.RaftServerConfigKeys (ConfUtils.java:logGet(43)) - raft.server.staging.catchup.gap = 1000 (default)
2019-08-23 08:44:17,770 [282270cf-20fb-461f-9c8a-9450796f87ad:group-A8FCBD3F6D92:LeaderElection5] INFO  server.RaftServerConfigKeys (ConfUtils.java:logGet(43)) - raft.server.rpc.sleep.time = 25ms (default)
2019-08-23 08:44:17,771 [282270cf-20fb-461f-9c8a-9450796f87ad:group-A8FCBD3F6D92:LeaderElection5] INFO  server.RaftServerConfigKeys (ConfUtils.java:logGet(43)) - raft.server.write.element-limit = 4096 (default)
2019-08-23 08:44:17,771 [282270cf-20fb-461f-9c8a-9450796f87ad:group-A8FCBD3F6D92:LeaderElection5] INFO  server.RaftServerConfigKeys (ConfUtils.java:logGet(43)) - raft.server.watch.timeout = 10s (default)
2019-08-23 08:44:17,771 [282270cf-20fb-461f-9c8a-9450796f87ad:group-A8FCBD3F6D92:LeaderElection5] INFO  server.RaftServerConfigKeys (ConfUtils.java:logGet(43)) - raft.server.watch.timeout.denomination = 1s (default)
2019-08-23 08:44:17,771 [282270cf-20fb-461f-9c8a-9450796f87ad:group-A8FCBD3F6D92:LeaderElection5] INFO  server.RaftServerConfigKeys (ConfUtils.java:logGet(43)) - raft.server.watch.element-limit = 65536 (default)
2019-08-23 08:44:17,771 | INFO  | SCMAudit | user=jenkins1000 | ip=192.168.36.124 | op=SEND_HEARTBEAT {datanodeUUID=06ff8c32-d6a1-4424-b29b-4c2a415942d4, command=[]} | ret=SUCCESS |  
2019-08-23 08:44:17,772 [282270cf-20fb-461f-9c8a-9450796f87ad:group-A8FCBD3F6D92:LeaderElection5] INFO  impl.RoleInfo (RoleInfo.java:updateAndGet(143)) - 282270cf-20fb-461f-9c8a-9450796f87ad: start LeaderState
2019-08-23 08:44:17,772 [282270cf-20fb-461f-9c8a-9450796f87ad:group-A8FCBD3F6D92:LeaderElection5] INFO  segmented.SegmentedRaftLogWorker (SegmentedRaftLogWorker.java:startLogSegment(380)) - 282270cf-20fb-461f-9c8a-9450796f87ad-SegmentedRaftLogWorker:Storage Directory /workdir/hadoop-ozone/integration-test/target/test-dir/MiniOzoneClusterImpl-ee747063-c070-4170-8f1b-294adf81e4a4/datanode-2/data/ratis/adde406c-024a-43f5-9359-a8fcbd3f6d92: Starting segment from index:0
2019-08-23 08:44:17,773 [282270cf-20fb-461f-9c8a-9450796f87ad:group-A8FCBD3F6D92:LeaderElection5] INFO  impl.RaftServerImpl (ServerState.java:setRaftConf(361)) - 282270cf-20fb-461f-9c8a-9450796f87ad:group-A8FCBD3F6D92 set configuration 0: [282270cf-20fb-461f-9c8a-9450796f87ad:192.168.36.124:42592], old=null at 0
2019-08-23 08:44:17,811 [d25e1fb2-dc34-4d59-84ce-3be5e962ff3d:group-F5ED6E85C6A1:LeaderElection6] INFO  impl.LeaderElection (LeaderElection.java:askForVotes(181)) - d25e1fb2-dc34-4d59-84ce-3be5e962ff3d:group-F5ED6E85C6A1:LeaderElection6: begin an election at term 1 for -1: [d25e1fb2-dc34-4d59-84ce-3be5e962ff3d:192.168.36.124:41699], old=null
2019-08-23 08:44:17,811 [d25e1fb2-dc34-4d59-84ce-3be5e962ff3d:group-F5ED6E85C6A1:LeaderElection6] INFO  impl.RoleInfo (RoleInfo.java:shutdownLeaderElection(134)) - d25e1fb2-dc34-4d59-84ce-3be5e962ff3d: shutdown LeaderElection
2019-08-23 08:44:17,811 [d25e1fb2-dc34-4d59-84ce-3be5e962ff3d:group-F5ED6E85C6A1:LeaderElection6] INFO  impl.RaftServerImpl (RaftServerImpl.java:setRole(171)) - d25e1fb2-dc34-4d59-84ce-3be5e962ff3d:group-F5ED6E85C6A1 changes role from CANDIDATE to LEADER at term 1 for changeToLeader
2019-08-23 08:44:17,811 [d25e1fb2-dc34-4d59-84ce-3be5e962ff3d:group-F5ED6E85C6A1:LeaderElection6] INFO  impl.RaftServerImpl (ServerState.java:setLeader(263)) - d25e1fb2-dc34-4d59-84ce-3be5e962ff3d:group-F5ED6E85C6A1 change Leader from null to d25e1fb2-dc34-4d59-84ce-3be5e962ff3d at term 1 for becomeLeader, leader elected after 5115ms
2019-08-23 08:44:17,813 [d25e1fb2-dc34-4d59-84ce-3be5e962ff3d:group-F5ED6E85C6A1:LeaderElection6] INFO  server.RaftServerConfigKeys (ConfUtils.java:logGet(43)) - raft.server.staging.catchup.gap = 1000 (default)
2019-08-23 08:44:17,813 | INFO  | SCMAudit | user=jenkins1000 | ip=192.168.36.124 | op=SEND_HEARTBEAT {datanodeUUID=5f42c09d-68f5-43be-ab10-ef5f897cf19a, command=[]} | ret=SUCCESS |  
2019-08-23 08:44:17,813 [d25e1fb2-dc34-4d59-84ce-3be5e962ff3d:group-F5ED6E85C6A1:LeaderElection6] INFO  server.RaftServerConfigKeys (ConfUtils.java:logGet(43)) - raft.server.rpc.sleep.time = 25ms (default)
2019-08-23 08:44:17,814 [d25e1fb2-dc34-4d59-84ce-3be5e962ff3d:group-F5ED6E85C6A1:LeaderElection6] INFO  server.RaftServerConfigKeys (ConfUtils.java:logGet(43)) - raft.server.write.element-limit = 4096 (default)
2019-08-23 08:44:17,814 [d25e1fb2-dc34-4d59-84ce-3be5e962ff3d:group-F5ED6E85C6A1:LeaderElection6] INFO  server.RaftServerConfigKeys (ConfUtils.java:logGet(43)) - raft.server.watch.timeout = 10s (default)
2019-08-23 08:44:17,814 [d25e1fb2-dc34-4d59-84ce-3be5e962ff3d:group-F5ED6E85C6A1:LeaderElection6] INFO  server.RaftServerConfigKeys (ConfUtils.java:logGet(43)) - raft.server.watch.timeout.denomination = 1s (default)
2019-08-23 08:44:17,814 [d25e1fb2-dc34-4d59-84ce-3be5e962ff3d:group-F5ED6E85C6A1:LeaderElection6] INFO  server.RaftServerConfigKeys (ConfUtils.java:logGet(43)) - raft.server.watch.element-limit = 65536 (default)
2019-08-23 08:44:17,815 [d25e1fb2-dc34-4d59-84ce-3be5e962ff3d:group-F5ED6E85C6A1:LeaderElection6] INFO  impl.RoleInfo (RoleInfo.java:updateAndGet(143)) - d25e1fb2-dc34-4d59-84ce-3be5e962ff3d: start LeaderState
2019-08-23 08:44:17,815 [d25e1fb2-dc34-4d59-84ce-3be5e962ff3d:group-F5ED6E85C6A1:LeaderElection6] INFO  segmented.SegmentedRaftLogWorker (SegmentedRaftLogWorker.java:startLogSegment(380)) - d25e1fb2-dc34-4d59-84ce-3be5e962ff3d-SegmentedRaftLogWorker:Storage Directory /workdir/hadoop-ozone/integration-test/target/test-dir/MiniOzoneClusterImpl-ee747063-c070-4170-8f1b-294adf81e4a4/datanode-5/data/ratis/da49b08b-1ec2-483f-b780-f5ed6e85c6a1: Starting segment from index:0
2019-08-23 08:44:17,816 [d25e1fb2-dc34-4d59-84ce-3be5e962ff3d:group-F5ED6E85C6A1:LeaderElection6] INFO  impl.RaftServerImpl (ServerState.java:setRaftConf(361)) - d25e1fb2-dc34-4d59-84ce-3be5e962ff3d:group-F5ED6E85C6A1 set configuration 0: [d25e1fb2-dc34-4d59-84ce-3be5e962ff3d:192.168.36.124:41699], old=null at 0
2019-08-23 08:44:17,855 [282270cf-20fb-461f-9c8a-9450796f87ad-SegmentedRaftLogWorker:Storage Directory /workdir/hadoop-ozone/integration-test/target/test-dir/MiniOzoneClusterImpl-ee747063-c070-4170-8f1b-294adf81e4a4/datanode-2/data/ratis/adde406c-024a-43f5-9359-a8fcbd3f6d92] INFO  segmented.SegmentedRaftLogWorker (SegmentedRaftLogWorker.java:execute(569)) - 282270cf-20fb-461f-9c8a-9450796f87ad-SegmentedRaftLogWorker:Storage Directory /workdir/hadoop-ozone/integration-test/target/test-dir/MiniOzoneClusterImpl-ee747063-c070-4170-8f1b-294adf81e4a4/datanode-2/data/ratis/adde406c-024a-43f5-9359-a8fcbd3f6d92: created new log segment /workdir/hadoop-ozone/integration-test/target/test-dir/MiniOzoneClusterImpl-ee747063-c070-4170-8f1b-294adf81e4a4/datanode-2/data/ratis/adde406c-024a-43f5-9359-a8fcbd3f6d92/current/log_inprogress_0
2019-08-23 08:44:17,878 [d25e1fb2-dc34-4d59-84ce-3be5e962ff3d-SegmentedRaftLogWorker:Storage Directory /workdir/hadoop-ozone/integration-test/target/test-dir/MiniOzoneClusterImpl-ee747063-c070-4170-8f1b-294adf81e4a4/datanode-5/data/ratis/da49b08b-1ec2-483f-b780-f5ed6e85c6a1] INFO  segmented.SegmentedRaftLogWorker (SegmentedRaftLogWorker.java:execute(569)) - d25e1fb2-dc34-4d59-84ce-3be5e962ff3d-SegmentedRaftLogWorker:Storage Directory /workdir/hadoop-ozone/integration-test/target/test-dir/MiniOzoneClusterImpl-ee747063-c070-4170-8f1b-294adf81e4a4/datanode-5/data/ratis/da49b08b-1ec2-483f-b780-f5ed6e85c6a1: created new log segment /workdir/hadoop-ozone/integration-test/target/test-dir/MiniOzoneClusterImpl-ee747063-c070-4170-8f1b-294adf81e4a4/datanode-5/data/ratis/da49b08b-1ec2-483f-b780-f5ed6e85c6a1/current/log_inprogress_0
2019-08-23 08:44:17,944 [Thread-258] INFO  impl.FollowerState (FollowerState.java:run(106)) - 5f42c09d-68f5-43be-ab10-ef5f897cf19a:group-8F830BAFE17D changes to CANDIDATE, lastRpcTime:5135, electionTimeout:5135ms
2019-08-23 08:44:17,946 [Thread-258] INFO  impl.RoleInfo (RoleInfo.java:shutdownFollowerState(121)) - 5f42c09d-68f5-43be-ab10-ef5f897cf19a: shutdown FollowerState
2019-08-23 08:44:17,946 [Thread-258] INFO  impl.RaftServerImpl (RaftServerImpl.java:setRole(171)) - 5f42c09d-68f5-43be-ab10-ef5f897cf19a:group-8F830BAFE17D changes role from FOLLOWER to CANDIDATE at term 0 for changeToCandidate
2019-08-23 08:44:17,946 [Thread-258] INFO  impl.RoleInfo (RoleInfo.java:updateAndGet(143)) - 5f42c09d-68f5-43be-ab10-ef5f897cf19a: start LeaderElection
2019-08-23 08:44:17,978 [5f42c09d-68f5-43be-ab10-ef5f897cf19a:group-8F830BAFE17D:LeaderElection7] INFO  impl.LeaderElection (LeaderElection.java:askForVotes(181)) - 5f42c09d-68f5-43be-ab10-ef5f897cf19a:group-8F830BAFE17D:LeaderElection7: begin an election at term 1 for -1: [5f42c09d-68f5-43be-ab10-ef5f897cf19a:192.168.36.124:46842], old=null
2019-08-23 08:44:17,981 [5f42c09d-68f5-43be-ab10-ef5f897cf19a:group-8F830BAFE17D:LeaderElection7] INFO  impl.RoleInfo (RoleInfo.java:shutdownLeaderElection(134)) - 5f42c09d-68f5-43be-ab10-ef5f897cf19a: shutdown LeaderElection
2019-08-23 08:44:17,981 [5f42c09d-68f5-43be-ab10-ef5f897cf19a:group-8F830BAFE17D:LeaderElection7] INFO  impl.RaftServerImpl (RaftServerImpl.java:setRole(171)) - 5f42c09d-68f5-43be-ab10-ef5f897cf19a:group-8F830BAFE17D changes role from CANDIDATE to LEADER at term 1 for changeToLeader
2019-08-23 08:44:17,981 [5f42c09d-68f5-43be-ab10-ef5f897cf19a:group-8F830BAFE17D:LeaderElection7] INFO  impl.RaftServerImpl (ServerState.java:setLeader(263)) - 5f42c09d-68f5-43be-ab10-ef5f897cf19a:group-8F830BAFE17D change Leader from null to 5f42c09d-68f5-43be-ab10-ef5f897cf19a at term 1 for becomeLeader, leader elected after 5177ms
2019-08-23 08:44:17,983 [5f42c09d-68f5-43be-ab10-ef5f897cf19a:group-8F830BAFE17D:LeaderElection7] INFO  server.RaftServerConfigKeys (ConfUtils.java:logGet(43)) - raft.server.staging.catchup.gap = 1000 (default)
2019-08-23 08:44:17,983 [Thread-266] INFO  impl.FollowerState (FollowerState.java:run(106)) - c8614be4-ba7c-4b3e-bf92-2a79013b63c7:group-D6425B254B44 changes to CANDIDATE, lastRpcTime:5016, electionTimeout:5016ms
2019-08-23 08:44:17,983 [5f42c09d-68f5-43be-ab10-ef5f897cf19a:group-8F830BAFE17D:LeaderElection7] INFO  server.RaftServerConfigKeys (ConfUtils.java:logGet(43)) - raft.server.rpc.sleep.time = 25ms (default)
2019-08-23 08:44:17,983 [Thread-266] INFO  impl.RoleInfo (RoleInfo.java:shutdownFollowerState(121)) - c8614be4-ba7c-4b3e-bf92-2a79013b63c7: shutdown FollowerState
2019-08-23 08:44:17,984 [5f42c09d-68f5-43be-ab10-ef5f897cf19a:group-8F830BAFE17D:LeaderElection7] INFO  server.RaftServerConfigKeys (ConfUtils.java:logGet(43)) - raft.server.write.element-limit = 4096 (default)
2019-08-23 08:44:17,984 [Thread-266] INFO  impl.RaftServerImpl (RaftServerImpl.java:setRole(171)) - c8614be4-ba7c-4b3e-bf92-2a79013b63c7:group-D6425B254B44 changes role from FOLLOWER to CANDIDATE at term 0 for changeToCandidate
2019-08-23 08:44:17,984 [5f42c09d-68f5-43be-ab10-ef5f897cf19a:group-8F830BAFE17D:LeaderElection7] INFO  server.RaftServerConfigKeys (ConfUtils.java:logGet(43)) - raft.server.watch.timeout = 10s (default)
2019-08-23 08:44:17,984 [Thread-266] INFO  impl.RoleInfo (RoleInfo.java:updateAndGet(143)) - c8614be4-ba7c-4b3e-bf92-2a79013b63c7: start LeaderElection
2019-08-23 08:44:17,984 [5f42c09d-68f5-43be-ab10-ef5f897cf19a:group-8F830BAFE17D:LeaderElection7] INFO  server.RaftServerConfigKeys (ConfUtils.java:logGet(43)) - raft.server.watch.timeout.denomination = 1s (default)
2019-08-23 08:44:17,984 [5f42c09d-68f5-43be-ab10-ef5f897cf19a:group-8F830BAFE17D:LeaderElection7] INFO  server.RaftServerConfigKeys (ConfUtils.java:logGet(43)) - raft.server.watch.element-limit = 65536 (default)
2019-08-23 08:44:17,989 [5f42c09d-68f5-43be-ab10-ef5f897cf19a:group-8F830BAFE17D:LeaderElection7] INFO  impl.RoleInfo (RoleInfo.java:updateAndGet(143)) - 5f42c09d-68f5-43be-ab10-ef5f897cf19a: start LeaderState
2019-08-23 08:44:17,989 [5f42c09d-68f5-43be-ab10-ef5f897cf19a:group-8F830BAFE17D:LeaderElection7] INFO  segmented.SegmentedRaftLogWorker (SegmentedRaftLogWorker.java:startLogSegment(380)) - 5f42c09d-68f5-43be-ab10-ef5f897cf19a-SegmentedRaftLogWorker:Storage Directory /workdir/hadoop-ozone/integration-test/target/test-dir/MiniOzoneClusterImpl-ee747063-c070-4170-8f1b-294adf81e4a4/datanode-4/data/ratis/f6befb9a-dc2c-47e1-bdad-8f830bafe17d: Starting segment from index:0
2019-08-23 08:44:17,990 [5f42c09d-68f5-43be-ab10-ef5f897cf19a:group-8F830BAFE17D:LeaderElection7] INFO  impl.RaftServerImpl (ServerState.java:setRaftConf(361)) - 5f42c09d-68f5-43be-ab10-ef5f897cf19a:group-8F830BAFE17D set configuration 0: [5f42c09d-68f5-43be-ab10-ef5f897cf19a:192.168.36.124:46842], old=null at 0
2019-08-23 08:44:18,026 [c8614be4-ba7c-4b3e-bf92-2a79013b63c7:group-D6425B254B44:LeaderElection8] INFO  impl.LeaderElection (LeaderElection.java:askForVotes(181)) - c8614be4-ba7c-4b3e-bf92-2a79013b63c7:group-D6425B254B44:LeaderElection8: begin an election at term 1 for -1: [814796da-c9aa-44ae-b4d2-a94a982d530c:192.168.36.124:45643, c8614be4-ba7c-4b3e-bf92-2a79013b63c7:192.168.36.124:36113, 6130611f-ea3a-4a14-895f-35c381f9efc4:192.168.36.124:37607], old=null
2019-08-23 08:44:18,026 [Thread-267] INFO  impl.FollowerState (FollowerState.java:run(106)) - 6130611f-ea3a-4a14-895f-35c381f9efc4:group-D6425B254B44 changes to CANDIDATE, lastRpcTime:5059, electionTimeout:5024ms
2019-08-23 08:44:18,027 [Thread-267] INFO  impl.RoleInfo (RoleInfo.java:shutdownFollowerState(121)) - 6130611f-ea3a-4a14-895f-35c381f9efc4: shutdown FollowerState
2019-08-23 08:44:18,027 [Thread-267] INFO  impl.RaftServerImpl (RaftServerImpl.java:setRole(171)) - 6130611f-ea3a-4a14-895f-35c381f9efc4:group-D6425B254B44 changes role from FOLLOWER to CANDIDATE at term 0 for changeToCandidate
2019-08-23 08:44:18,027 [Thread-267] INFO  impl.RoleInfo (RoleInfo.java:updateAndGet(143)) - 6130611f-ea3a-4a14-895f-35c381f9efc4: start LeaderElection
2019-08-23 08:44:18,053 | INFO  | SCMAudit | user=jenkins1000 | ip=192.168.36.124 | op=SEND_HEARTBEAT {datanodeUUID=c8614be4-ba7c-4b3e-bf92-2a79013b63c7, command=[]} | ret=SUCCESS |  
2019-08-23 08:44:18,054 [5f42c09d-68f5-43be-ab10-ef5f897cf19a-SegmentedRaftLogWorker:Storage Directory /workdir/hadoop-ozone/integration-test/target/test-dir/MiniOzoneClusterImpl-ee747063-c070-4170-8f1b-294adf81e4a4/datanode-4/data/ratis/f6befb9a-dc2c-47e1-bdad-8f830bafe17d] INFO  segmented.SegmentedRaftLogWorker (SegmentedRaftLogWorker.java:execute(569)) - 5f42c09d-68f5-43be-ab10-ef5f897cf19a-SegmentedRaftLogWorker:Storage Directory /workdir/hadoop-ozone/integration-test/target/test-dir/MiniOzoneClusterImpl-ee747063-c070-4170-8f1b-294adf81e4a4/datanode-4/data/ratis/f6befb9a-dc2c-47e1-bdad-8f830bafe17d: created new log segment /workdir/hadoop-ozone/integration-test/target/test-dir/MiniOzoneClusterImpl-ee747063-c070-4170-8f1b-294adf81e4a4/datanode-4/data/ratis/f6befb9a-dc2c-47e1-bdad-8f830bafe17d/current/log_inprogress_0
2019-08-23 08:44:18,054 [6130611f-ea3a-4a14-895f-35c381f9efc4:group-D6425B254B44:LeaderElection9] INFO  impl.LeaderElection (LeaderElection.java:askForVotes(181)) - 6130611f-ea3a-4a14-895f-35c381f9efc4:group-D6425B254B44:LeaderElection9: begin an election at term 1 for -1: [814796da-c9aa-44ae-b4d2-a94a982d530c:192.168.36.124:45643, c8614be4-ba7c-4b3e-bf92-2a79013b63c7:192.168.36.124:36113, 6130611f-ea3a-4a14-895f-35c381f9efc4:192.168.36.124:37607], old=null
2019-08-23 08:44:18,075 [grpc-default-executor-0] INFO  impl.RaftServerImpl (RaftServerImpl.java:setRole(171)) - 814796da-c9aa-44ae-b4d2-a94a982d530c:group-D6425B254B44 changes role from FOLLOWER to FOLLOWER at term 1 for recognizeCandidate:c8614be4-ba7c-4b3e-bf92-2a79013b63c7
2019-08-23 08:44:18,077 [grpc-default-executor-0] INFO  impl.RoleInfo (RoleInfo.java:shutdownFollowerState(121)) - 814796da-c9aa-44ae-b4d2-a94a982d530c: shutdown FollowerState
2019-08-23 08:44:18,077 [grpc-default-executor-0] INFO  impl.RoleInfo (RoleInfo.java:updateAndGet(143)) - 814796da-c9aa-44ae-b4d2-a94a982d530c: start FollowerState
2019-08-23 08:44:18,107 [Thread-272] INFO  impl.FollowerState (FollowerState.java:run(106)) - 06ff8c32-d6a1-4424-b29b-4c2a415942d4:group-7637BB79E84D changes to CANDIDATE, lastRpcTime:5014, electionTimeout:5014ms
2019-08-23 08:44:18,107 [Thread-272] INFO  impl.RoleInfo (RoleInfo.java:shutdownFollowerState(121)) - 06ff8c32-d6a1-4424-b29b-4c2a415942d4: shutdown FollowerState
2019-08-23 08:44:18,107 [Thread-272] INFO  impl.RaftServerImpl (RaftServerImpl.java:setRole(171)) - 06ff8c32-d6a1-4424-b29b-4c2a415942d4:group-7637BB79E84D changes role from FOLLOWER to CANDIDATE at term 0 for changeToCandidate
2019-08-23 08:44:18,108 [Thread-272] INFO  impl.RoleInfo (RoleInfo.java:updateAndGet(143)) - 06ff8c32-d6a1-4424-b29b-4c2a415942d4: start LeaderElection
2019-08-23 08:44:18,127 [c8614be4-ba7c-4b3e-bf92-2a79013b63c7:group-D6425B254B44:LeaderElection8] INFO  impl.LeaderElection (LeaderElection.java:logAndReturn(56)) - c8614be4-ba7c-4b3e-bf92-2a79013b63c7:group-D6425B254B44:LeaderElection8: Election PASSED; received 2 response(s) [c8614be4-ba7c-4b3e-bf92-2a79013b63c7<-814796da-c9aa-44ae-b4d2-a94a982d530c#0:OK-t1, c8614be4-ba7c-4b3e-bf92-2a79013b63c7<-6130611f-ea3a-4a14-895f-35c381f9efc4#0:FAIL-t1] and 0 exception(s); c8614be4-ba7c-4b3e-bf92-2a79013b63c7:t1, leader=null, voted=c8614be4-ba7c-4b3e-bf92-2a79013b63c7, raftlog=c8614be4-ba7c-4b3e-bf92-2a79013b63c7-SegmentedRaftLog:OPENED:c-1,f-1,i0, conf=-1: [814796da-c9aa-44ae-b4d2-a94a982d530c:192.168.36.124:45643, c8614be4-ba7c-4b3e-bf92-2a79013b63c7:192.168.36.124:36113, 6130611f-ea3a-4a14-895f-35c381f9efc4:192.168.36.124:37607], old=null
2019-08-23 08:44:18,128 [c8614be4-ba7c-4b3e-bf92-2a79013b63c7:group-D6425B254B44:LeaderElection8] INFO  impl.RoleInfo (RoleInfo.java:shutdownLeaderElection(134)) - c8614be4-ba7c-4b3e-bf92-2a79013b63c7: shutdown LeaderElection
2019-08-23 08:44:18,128 [6130611f-ea3a-4a14-895f-35c381f9efc4:group-D6425B254B44:LeaderElection9] INFO  impl.LeaderElection (LeaderElection.java:logAndReturn(56)) - 6130611f-ea3a-4a14-895f-35c381f9efc4:group-D6425B254B44:LeaderElection9: Election REJECTED; received 2 response(s) [6130611f-ea3a-4a14-895f-35c381f9efc4<-814796da-c9aa-44ae-b4d2-a94a982d530c#0:FAIL-t1, 6130611f-ea3a-4a14-895f-35c381f9efc4<-c8614be4-ba7c-4b3e-bf92-2a79013b63c7#0:FAIL-t1] and 0 exception(s); 6130611f-ea3a-4a14-895f-35c381f9efc4:t1, leader=null, voted=6130611f-ea3a-4a14-895f-35c381f9efc4, raftlog=6130611f-ea3a-4a14-895f-35c381f9efc4-SegmentedRaftLog:OPENED:c-1,f-1,i0, conf=-1: [814796da-c9aa-44ae-b4d2-a94a982d530c:192.168.36.124:45643, c8614be4-ba7c-4b3e-bf92-2a79013b63c7:192.168.36.124:36113, 6130611f-ea3a-4a14-895f-35c381f9efc4:192.168.36.124:37607], old=null
2019-08-23 08:44:18,130 [c8614be4-ba7c-4b3e-bf92-2a79013b63c7:group-D6425B254B44:LeaderElection8] INFO  impl.RaftServerImpl (RaftServerImpl.java:setRole(171)) - c8614be4-ba7c-4b3e-bf92-2a79013b63c7:group-D6425B254B44 changes role from CANDIDATE to LEADER at term 1 for changeToLeader
2019-08-23 08:44:18,132 [c8614be4-ba7c-4b3e-bf92-2a79013b63c7:group-D6425B254B44:LeaderElection8] INFO  impl.RaftServerImpl (ServerState.java:setLeader(263)) - c8614be4-ba7c-4b3e-bf92-2a79013b63c7:group-D6425B254B44 change Leader from null to c8614be4-ba7c-4b3e-bf92-2a79013b63c7 at term 1 for becomeLeader, leader elected after 5186ms
2019-08-23 08:44:18,136 [6130611f-ea3a-4a14-895f-35c381f9efc4:group-D6425B254B44:LeaderElection9] INFO  impl.RaftServerImpl (RaftServerImpl.java:setRole(171)) - 6130611f-ea3a-4a14-895f-35c381f9efc4:group-D6425B254B44 changes role from CANDIDATE to FOLLOWER at term 1 for DISCOVERED_A_NEW_TERM
2019-08-23 08:44:18,139 [06ff8c32-d6a1-4424-b29b-4c2a415942d4:group-7637BB79E84D:LeaderElection10] INFO  impl.LeaderElection (LeaderElection.java:askForVotes(181)) - 06ff8c32-d6a1-4424-b29b-4c2a415942d4:group-7637BB79E84D:LeaderElection10: begin an election at term 1 for -1: [06ff8c32-d6a1-4424-b29b-4c2a415942d4:192.168.36.124:45802, 282270cf-20fb-461f-9c8a-9450796f87ad:192.168.36.124:42592, d25e1fb2-dc34-4d59-84ce-3be5e962ff3d:192.168.36.124:41699], old=null
2019-08-23 08:44:18,138 [c8614be4-ba7c-4b3e-bf92-2a79013b63c7:group-D6425B254B44:LeaderElection8] INFO  server.RaftServerConfigKeys (ConfUtils.java:logGet(43)) - raft.server.staging.catchup.gap = 1000 (default)
2019-08-23 08:44:18,139 [6130611f-ea3a-4a14-895f-35c381f9efc4:group-D6425B254B44:LeaderElection9] INFO  impl.RoleInfo (RoleInfo.java:shutdownLeaderElection(134)) - 6130611f-ea3a-4a14-895f-35c381f9efc4: shutdown LeaderElection
2019-08-23 08:44:18,139 [c8614be4-ba7c-4b3e-bf92-2a79013b63c7:group-D6425B254B44:LeaderElection8] INFO  server.RaftServerConfigKeys (ConfUtils.java:logGet(43)) - raft.server.rpc.sleep.time = 25ms (default)
2019-08-23 08:44:18,139 [6130611f-ea3a-4a14-895f-35c381f9efc4:group-D6425B254B44:LeaderElection9] INFO  impl.RoleInfo (RoleInfo.java:updateAndGet(143)) - 6130611f-ea3a-4a14-895f-35c381f9efc4: start FollowerState
2019-08-23 08:44:18,139 [c8614be4-ba7c-4b3e-bf92-2a79013b63c7:group-D6425B254B44:LeaderElection8] INFO  server.RaftServerConfigKeys (ConfUtils.java:logGet(43)) - raft.server.write.element-limit = 4096 (default)
2019-08-23 08:44:18,140 [c8614be4-ba7c-4b3e-bf92-2a79013b63c7:group-D6425B254B44:LeaderElection8] INFO  server.RaftServerConfigKeys (ConfUtils.java:logGet(43)) - raft.server.watch.timeout = 10s (default)
2019-08-23 08:44:18,142 [c8614be4-ba7c-4b3e-bf92-2a79013b63c7:group-D6425B254B44:LeaderElection8] INFO  server.RaftServerConfigKeys (ConfUtils.java:logGet(43)) - raft.server.watch.timeout.denomination = 1s (default)
2019-08-23 08:44:18,142 [c8614be4-ba7c-4b3e-bf92-2a79013b63c7:group-D6425B254B44:LeaderElection8] INFO  server.RaftServerConfigKeys (ConfUtils.java:logGet(43)) - raft.server.watch.element-limit = 65536 (default)
2019-08-23 08:44:18,142 | INFO  | SCMAudit | user=jenkins1000 | ip=192.168.36.124 | op=SEND_HEARTBEAT {datanodeUUID=d25e1fb2-dc34-4d59-84ce-3be5e962ff3d, command=[]} | ret=SUCCESS |  
2019-08-23 08:44:18,151 [c8614be4-ba7c-4b3e-bf92-2a79013b63c7:group-D6425B254B44:LeaderElection8] INFO  server.RaftServerConfigKeys (ConfUtils.java:logGet(43)) - raft.server.log.appender.snapshot.chunk.size.max = 16MB (=16777216) (default)
2019-08-23 08:44:18,152 [c8614be4-ba7c-4b3e-bf92-2a79013b63c7:group-D6425B254B44:LeaderElection8] INFO  server.RaftServerConfigKeys (ConfUtils.java:logGet(43)) - raft.server.log.appender.buffer.byte-limit = 33554432 (custom)
2019-08-23 08:44:18,153 [c8614be4-ba7c-4b3e-bf92-2a79013b63c7:group-D6425B254B44:LeaderElection8] INFO  server.RaftServerConfigKeys (ConfUtils.java:logGet(43)) - raft.server.log.appender.buffer.element-limit = 1 (custom)
2019-08-23 08:44:18,159 [grpc-default-executor-2] INFO  impl.RaftServerImpl (RaftServerImpl.java:setRole(171)) - 282270cf-20fb-461f-9c8a-9450796f87ad:group-7637BB79E84D changes role from FOLLOWER to FOLLOWER at term 1 for recognizeCandidate:06ff8c32-d6a1-4424-b29b-4c2a415942d4
2019-08-23 08:44:18,161 [grpc-default-executor-0] INFO  impl.RaftServerImpl (RaftServerImpl.java:setRole(171)) - d25e1fb2-dc34-4d59-84ce-3be5e962ff3d:group-7637BB79E84D changes role from FOLLOWER to FOLLOWER at term 1 for recognizeCandidate:06ff8c32-d6a1-4424-b29b-4c2a415942d4
2019-08-23 08:44:18,161 [grpc-default-executor-2] INFO  impl.RoleInfo (RoleInfo.java:shutdownFollowerState(121)) - 282270cf-20fb-461f-9c8a-9450796f87ad: shutdown FollowerState
2019-08-23 08:44:18,162 [grpc-default-executor-0] INFO  impl.RoleInfo (RoleInfo.java:shutdownFollowerState(121)) - d25e1fb2-dc34-4d59-84ce-3be5e962ff3d: shutdown FollowerState
2019-08-23 08:44:18,162 [grpc-default-executor-2] INFO  impl.RoleInfo (RoleInfo.java:updateAndGet(143)) - 282270cf-20fb-461f-9c8a-9450796f87ad: start FollowerState
2019-08-23 08:44:18,162 [Thread-275] INFO  impl.FollowerState (FollowerState.java:run(114)) - d25e1fb2-dc34-4d59-84ce-3be5e962ff3d: FollowerState was interrupted: java.lang.InterruptedException: sleep interrupted
2019-08-23 08:44:18,162 [Thread-278] INFO  impl.FollowerState (FollowerState.java:run(114)) - 282270cf-20fb-461f-9c8a-9450796f87ad: FollowerState was interrupted: java.lang.InterruptedException: sleep interrupted
2019-08-23 08:44:18,162 [grpc-default-executor-0] INFO  impl.RoleInfo (RoleInfo.java:updateAndGet(143)) - d25e1fb2-dc34-4d59-84ce-3be5e962ff3d: start FollowerState
2019-08-23 08:44:18,167 [c8614be4-ba7c-4b3e-bf92-2a79013b63c7:group-D6425B254B44:LeaderElection8] INFO  grpc.GrpcConfigKeys$Server (ConfUtils.java:logGet(43)) - raft.grpc.server.leader.outstanding.appends.max = 128 (default)
2019-08-23 08:44:18,169 [c8614be4-ba7c-4b3e-bf92-2a79013b63c7:group-D6425B254B44:LeaderElection8] INFO  server.RaftServerConfigKeys (ConfUtils.java:logGet(43)) - raft.server.rpc.request.timeout = 3000ms (default)
2019-08-23 08:44:18,169 [c8614be4-ba7c-4b3e-bf92-2a79013b63c7:group-D6425B254B44:LeaderElection8] INFO  server.RaftServerConfigKeys (ConfUtils.java:logGet(43)) - raft.server.log.appender.install.snapshot.enabled = false (custom)
2019-08-23 08:44:18,169 [c8614be4-ba7c-4b3e-bf92-2a79013b63c7:group-D6425B254B44:LeaderElection8] INFO  server.RaftServerConfigKeys (ConfUtils.java:logGet(43)) - raft.server.log.appender.snapshot.chunk.size.max = 16MB (=16777216) (default)
2019-08-23 08:44:18,169 [c8614be4-ba7c-4b3e-bf92-2a79013b63c7:group-D6425B254B44:LeaderElection8] INFO  server.RaftServerConfigKeys (ConfUtils.java:logGet(43)) - raft.server.log.appender.buffer.byte-limit = 33554432 (custom)
2019-08-23 08:44:18,169 [c8614be4-ba7c-4b3e-bf92-2a79013b63c7:group-D6425B254B44:LeaderElection8] INFO  server.RaftServerConfigKeys (ConfUtils.java:logGet(43)) - raft.server.log.appender.buffer.element-limit = 1 (custom)
2019-08-23 08:44:18,170 [c8614be4-ba7c-4b3e-bf92-2a79013b63c7:group-D6425B254B44:LeaderElection8] INFO  grpc.GrpcConfigKeys$Server (ConfUtils.java:logGet(43)) - raft.grpc.server.leader.outstanding.appends.max = 128 (default)
2019-08-23 08:44:18,170 [c8614be4-ba7c-4b3e-bf92-2a79013b63c7:group-D6425B254B44:LeaderElection8] INFO  server.RaftServerConfigKeys (ConfUtils.java:logGet(43)) - raft.server.rpc.request.timeout = 3000ms (default)
2019-08-23 08:44:18,170 [c8614be4-ba7c-4b3e-bf92-2a79013b63c7:group-D6425B254B44:LeaderElection8] INFO  server.RaftServerConfigKeys (ConfUtils.java:logGet(43)) - raft.server.log.appender.install.snapshot.enabled = false (custom)
2019-08-23 08:44:18,171 [c8614be4-ba7c-4b3e-bf92-2a79013b63c7:group-D6425B254B44:LeaderElection8] INFO  impl.RoleInfo (RoleInfo.java:updateAndGet(143)) - c8614be4-ba7c-4b3e-bf92-2a79013b63c7: start LeaderState
2019-08-23 08:44:18,172 [c8614be4-ba7c-4b3e-bf92-2a79013b63c7:group-D6425B254B44:LeaderElection8] INFO  segmented.SegmentedRaftLogWorker (SegmentedRaftLogWorker.java:startLogSegment(380)) - c8614be4-ba7c-4b3e-bf92-2a79013b63c7-SegmentedRaftLogWorker:Storage Directory /workdir/hadoop-ozone/integration-test/target/test-dir/MiniOzoneClusterImpl-ee747063-c070-4170-8f1b-294adf81e4a4/datanode-1/data/ratis/613432a9-1655-456d-8a93-d6425b254b44: Starting segment from index:0
2019-08-23 08:44:18,173 [c8614be4-ba7c-4b3e-bf92-2a79013b63c7:group-D6425B254B44:LeaderElection8] INFO  impl.RaftServerImpl (ServerState.java:setRaftConf(361)) - c8614be4-ba7c-4b3e-bf92-2a79013b63c7:group-D6425B254B44 set configuration 0: [814796da-c9aa-44ae-b4d2-a94a982d530c:192.168.36.124:45643, c8614be4-ba7c-4b3e-bf92-2a79013b63c7:192.168.36.124:36113, 6130611f-ea3a-4a14-895f-35c381f9efc4:192.168.36.124:37607], old=null at 0
2019-08-23 08:44:18,208 [06ff8c32-d6a1-4424-b29b-4c2a415942d4:group-7637BB79E84D:LeaderElection10] INFO  impl.LeaderElection (LeaderElection.java:logAndReturn(56)) - 06ff8c32-d6a1-4424-b29b-4c2a415942d4:group-7637BB79E84D:LeaderElection10: Election PASSED; received 1 response(s) [06ff8c32-d6a1-4424-b29b-4c2a415942d4<-282270cf-20fb-461f-9c8a-9450796f87ad#0:OK-t1] and 0 exception(s); 06ff8c32-d6a1-4424-b29b-4c2a415942d4:t1, leader=null, voted=06ff8c32-d6a1-4424-b29b-4c2a415942d4, raftlog=06ff8c32-d6a1-4424-b29b-4c2a415942d4-SegmentedRaftLog:OPENED:c-1,f-1,i0, conf=-1: [06ff8c32-d6a1-4424-b29b-4c2a415942d4:192.168.36.124:45802, 282270cf-20fb-461f-9c8a-9450796f87ad:192.168.36.124:42592, d25e1fb2-dc34-4d59-84ce-3be5e962ff3d:192.168.36.124:41699], old=null
2019-08-23 08:44:18,209 [06ff8c32-d6a1-4424-b29b-4c2a415942d4:group-7637BB79E84D:LeaderElection10] INFO  impl.RoleInfo (RoleInfo.java:shutdownLeaderElection(134)) - 06ff8c32-d6a1-4424-b29b-4c2a415942d4: shutdown LeaderElection
2019-08-23 08:44:18,212 [06ff8c32-d6a1-4424-b29b-4c2a415942d4:group-7637BB79E84D:LeaderElection10] INFO  impl.RaftServerImpl (RaftServerImpl.java:setRole(171)) - 06ff8c32-d6a1-4424-b29b-4c2a415942d4:group-7637BB79E84D changes role from CANDIDATE to LEADER at term 1 for changeToLeader
2019-08-23 08:44:18,212 [06ff8c32-d6a1-4424-b29b-4c2a415942d4:group-7637BB79E84D:LeaderElection10] INFO  impl.RaftServerImpl (ServerState.java:setLeader(263)) - 06ff8c32-d6a1-4424-b29b-4c2a415942d4:group-7637BB79E84D change Leader from null to 06ff8c32-d6a1-4424-b29b-4c2a415942d4 at term 1 for becomeLeader, leader elected after 5129ms
2019-08-23 08:44:18,212 [06ff8c32-d6a1-4424-b29b-4c2a415942d4:group-7637BB79E84D:LeaderElection10] INFO  server.RaftServerConfigKeys (ConfUtils.java:logGet(43)) - raft.server.staging.catchup.gap = 1000 (default)
2019-08-23 08:44:18,212 [06ff8c32-d6a1-4424-b29b-4c2a415942d4:group-7637BB79E84D:LeaderElection10] INFO  server.RaftServerConfigKeys (ConfUtils.java:logGet(43)) - raft.server.rpc.sleep.time = 25ms (default)
2019-08-23 08:44:18,213 [06ff8c32-d6a1-4424-b29b-4c2a415942d4:group-7637BB79E84D:LeaderElection10] INFO  server.RaftServerConfigKeys (ConfUtils.java:logGet(43)) - raft.server.write.element-limit = 4096 (default)
2019-08-23 08:44:18,213 [06ff8c32-d6a1-4424-b29b-4c2a415942d4:group-7637BB79E84D:LeaderElection10] INFO  server.RaftServerConfigKeys (ConfUtils.java:logGet(43)) - raft.server.watch.timeout = 10s (default)
2019-08-23 08:44:18,213 [06ff8c32-d6a1-4424-b29b-4c2a415942d4:group-7637BB79E84D:LeaderElection10] INFO  server.RaftServerConfigKeys (ConfUtils.java:logGet(43)) - raft.server.watch.timeout.denomination = 1s (default)
2019-08-23 08:44:18,213 [06ff8c32-d6a1-4424-b29b-4c2a415942d4:group-7637BB79E84D:LeaderElection10] INFO  server.RaftServerConfigKeys (ConfUtils.java:logGet(43)) - raft.server.watch.element-limit = 65536 (default)
2019-08-23 08:44:18,214 [06ff8c32-d6a1-4424-b29b-4c2a415942d4:group-7637BB79E84D:LeaderElection10] INFO  server.RaftServerConfigKeys (ConfUtils.java:logGet(43)) - raft.server.log.appender.snapshot.chunk.size.max = 16MB (=16777216) (default)
2019-08-23 08:44:18,214 [06ff8c32-d6a1-4424-b29b-4c2a415942d4:group-7637BB79E84D:LeaderElection10] INFO  server.RaftServerConfigKeys (ConfUtils.java:logGet(43)) - raft.server.log.appender.buffer.byte-limit = 33554432 (custom)
2019-08-23 08:44:18,214 [06ff8c32-d6a1-4424-b29b-4c2a415942d4:group-7637BB79E84D:LeaderElection10] INFO  server.RaftServerConfigKeys (ConfUtils.java:logGet(43)) - raft.server.log.appender.buffer.element-limit = 1 (custom)
2019-08-23 08:44:18,214 [06ff8c32-d6a1-4424-b29b-4c2a415942d4:group-7637BB79E84D:LeaderElection10] INFO  grpc.GrpcConfigKeys$Server (ConfUtils.java:logGet(43)) - raft.grpc.server.leader.outstanding.appends.max = 128 (default)
2019-08-23 08:44:18,215 [06ff8c32-d6a1-4424-b29b-4c2a415942d4:group-7637BB79E84D:LeaderElection10] INFO  server.RaftServerConfigKeys (ConfUtils.java:logGet(43)) - raft.server.rpc.request.timeout = 3000ms (default)
2019-08-23 08:44:18,215 [06ff8c32-d6a1-4424-b29b-4c2a415942d4:group-7637BB79E84D:LeaderElection10] INFO  server.RaftServerConfigKeys (ConfUtils.java:logGet(43)) - raft.server.log.appender.install.snapshot.enabled = false (custom)
2019-08-23 08:44:18,215 [06ff8c32-d6a1-4424-b29b-4c2a415942d4:group-7637BB79E84D:LeaderElection10] INFO  server.RaftServerConfigKeys (ConfUtils.java:logGet(43)) - raft.server.log.appender.snapshot.chunk.size.max = 16MB (=16777216) (default)
2019-08-23 08:44:18,215 [06ff8c32-d6a1-4424-b29b-4c2a415942d4:group-7637BB79E84D:LeaderElection10] INFO  server.RaftServerConfigKeys (ConfUtils.java:logGet(43)) - raft.server.log.appender.buffer.byte-limit = 33554432 (custom)
2019-08-23 08:44:18,215 [06ff8c32-d6a1-4424-b29b-4c2a415942d4:group-7637BB79E84D:LeaderElection10] INFO  server.RaftServerConfigKeys (ConfUtils.java:logGet(43)) - raft.server.log.appender.buffer.element-limit = 1 (custom)
2019-08-23 08:44:18,215 [06ff8c32-d6a1-4424-b29b-4c2a415942d4:group-7637BB79E84D:LeaderElection10] INFO  grpc.GrpcConfigKeys$Server (ConfUtils.java:logGet(43)) - raft.grpc.server.leader.outstanding.appends.max = 128 (default)
2019-08-23 08:44:18,216 [06ff8c32-d6a1-4424-b29b-4c2a415942d4:group-7637BB79E84D:LeaderElection10] INFO  server.RaftServerConfigKeys (ConfUtils.java:logGet(43)) - raft.server.rpc.request.timeout = 3000ms (default)
2019-08-23 08:44:18,216 [06ff8c32-d6a1-4424-b29b-4c2a415942d4:group-7637BB79E84D:LeaderElection10] INFO  server.RaftServerConfigKeys (ConfUtils.java:logGet(43)) - raft.server.log.appender.install.snapshot.enabled = false (custom)
2019-08-23 08:44:18,216 [06ff8c32-d6a1-4424-b29b-4c2a415942d4:group-7637BB79E84D:LeaderElection10] INFO  impl.RoleInfo (RoleInfo.java:updateAndGet(143)) - 06ff8c32-d6a1-4424-b29b-4c2a415942d4: start LeaderState
2019-08-23 08:44:18,216 [06ff8c32-d6a1-4424-b29b-4c2a415942d4:group-7637BB79E84D:LeaderElection10] INFO  segmented.SegmentedRaftLogWorker (SegmentedRaftLogWorker.java:startLogSegment(380)) - 06ff8c32-d6a1-4424-b29b-4c2a415942d4-SegmentedRaftLogWorker:Storage Directory /workdir/hadoop-ozone/integration-test/target/test-dir/MiniOzoneClusterImpl-ee747063-c070-4170-8f1b-294adf81e4a4/datanode-0/data/ratis/05e1b1da-1480-4d96-ae3f-7637bb79e84d: Starting segment from index:0
2019-08-23 08:44:18,217 [06ff8c32-d6a1-4424-b29b-4c2a415942d4:group-7637BB79E84D:LeaderElection10] INFO  impl.RaftServerImpl (ServerState.java:setRaftConf(361)) - 06ff8c32-d6a1-4424-b29b-4c2a415942d4:group-7637BB79E84D set configuration 0: [06ff8c32-d6a1-4424-b29b-4c2a415942d4:192.168.36.124:45802, 282270cf-20fb-461f-9c8a-9450796f87ad:192.168.36.124:42592, d25e1fb2-dc34-4d59-84ce-3be5e962ff3d:192.168.36.124:41699], old=null at 0
2019-08-23 08:44:18,258 [c8614be4-ba7c-4b3e-bf92-2a79013b63c7-SegmentedRaftLogWorker:Storage Directory /workdir/hadoop-ozone/integration-test/target/test-dir/MiniOzoneClusterImpl-ee747063-c070-4170-8f1b-294adf81e4a4/datanode-1/data/ratis/613432a9-1655-456d-8a93-d6425b254b44] INFO  segmented.SegmentedRaftLogWorker (SegmentedRaftLogWorker.java:execute(569)) - c8614be4-ba7c-4b3e-bf92-2a79013b63c7-SegmentedRaftLogWorker:Storage Directory /workdir/hadoop-ozone/integration-test/target/test-dir/MiniOzoneClusterImpl-ee747063-c070-4170-8f1b-294adf81e4a4/datanode-1/data/ratis/613432a9-1655-456d-8a93-d6425b254b44: created new log segment /workdir/hadoop-ozone/integration-test/target/test-dir/MiniOzoneClusterImpl-ee747063-c070-4170-8f1b-294adf81e4a4/datanode-1/data/ratis/613432a9-1655-456d-8a93-d6425b254b44/current/log_inprogress_0
2019-08-23 08:44:18,266 [grpc-default-executor-1] INFO  impl.RaftServerImpl (ServerState.java:setLeader(263)) - d25e1fb2-dc34-4d59-84ce-3be5e962ff3d:group-7637BB79E84D change Leader from null to 06ff8c32-d6a1-4424-b29b-4c2a415942d4 at term 1 for appendEntries, leader elected after 5183ms
2019-08-23 08:44:18,266 [grpc-default-executor-3] INFO  impl.RaftServerImpl (ServerState.java:setLeader(263)) - 6130611f-ea3a-4a14-895f-35c381f9efc4:group-D6425B254B44 change Leader from null to c8614be4-ba7c-4b3e-bf92-2a79013b63c7 at term 1 for appendEntries, leader elected after 5315ms
2019-08-23 08:44:18,266 [grpc-default-executor-2] INFO  impl.RaftServerImpl (ServerState.java:setLeader(263)) - 282270cf-20fb-461f-9c8a-9450796f87ad:group-7637BB79E84D change Leader from null to 06ff8c32-d6a1-4424-b29b-4c2a415942d4 at term 1 for appendEntries, leader elected after 5183ms
2019-08-23 08:44:18,266 [grpc-default-executor-0] INFO  impl.RaftServerImpl (ServerState.java:setLeader(263)) - 814796da-c9aa-44ae-b4d2-a94a982d530c:group-D6425B254B44 change Leader from null to c8614be4-ba7c-4b3e-bf92-2a79013b63c7 at term 1 for appendEntries, leader elected after 5344ms
2019-08-23 08:44:18,289 [06ff8c32-d6a1-4424-b29b-4c2a415942d4-SegmentedRaftLogWorker:Storage Directory /workdir/hadoop-ozone/integration-test/target/test-dir/MiniOzoneClusterImpl-ee747063-c070-4170-8f1b-294adf81e4a4/datanode-0/data/ratis/05e1b1da-1480-4d96-ae3f-7637bb79e84d] INFO  segmented.SegmentedRaftLogWorker (SegmentedRaftLogWorker.java:execute(569)) - 06ff8c32-d6a1-4424-b29b-4c2a415942d4-SegmentedRaftLogWorker:Storage Directory /workdir/hadoop-ozone/integration-test/target/test-dir/MiniOzoneClusterImpl-ee747063-c070-4170-8f1b-294adf81e4a4/datanode-0/data/ratis/05e1b1da-1480-4d96-ae3f-7637bb79e84d: created new log segment /workdir/hadoop-ozone/integration-test/target/test-dir/MiniOzoneClusterImpl-ee747063-c070-4170-8f1b-294adf81e4a4/datanode-0/data/ratis/05e1b1da-1480-4d96-ae3f-7637bb79e84d/current/log_inprogress_0
2019-08-23 08:44:18,304 [grpc-default-executor-1] INFO  impl.RaftServerImpl (ServerState.java:setRaftConf(361)) - 814796da-c9aa-44ae-b4d2-a94a982d530c:group-D6425B254B44 set configuration 0: [814796da-c9aa-44ae-b4d2-a94a982d530c:192.168.36.124:45643, c8614be4-ba7c-4b3e-bf92-2a79013b63c7:192.168.36.124:36113, 6130611f-ea3a-4a14-895f-35c381f9efc4:192.168.36.124:37607], old=null at 0
2019-08-23 08:44:18,304 [grpc-default-executor-2] INFO  impl.RaftServerImpl (ServerState.java:setRaftConf(361)) - 6130611f-ea3a-4a14-895f-35c381f9efc4:group-D6425B254B44 set configuration 0: [814796da-c9aa-44ae-b4d2-a94a982d530c:192.168.36.124:45643, c8614be4-ba7c-4b3e-bf92-2a79013b63c7:192.168.36.124:36113, 6130611f-ea3a-4a14-895f-35c381f9efc4:192.168.36.124:37607], old=null at 0
2019-08-23 08:44:18,304 [grpc-default-executor-3] INFO  impl.RaftServerImpl (ServerState.java:setRaftConf(361)) - 282270cf-20fb-461f-9c8a-9450796f87ad:group-7637BB79E84D set configuration 0: [06ff8c32-d6a1-4424-b29b-4c2a415942d4:192.168.36.124:45802, 282270cf-20fb-461f-9c8a-9450796f87ad:192.168.36.124:42592, d25e1fb2-dc34-4d59-84ce-3be5e962ff3d:192.168.36.124:41699], old=null at 0
2019-08-23 08:44:18,304 [grpc-default-executor-0] INFO  impl.RaftServerImpl (ServerState.java:setRaftConf(361)) - d25e1fb2-dc34-4d59-84ce-3be5e962ff3d:group-7637BB79E84D set configuration 0: [06ff8c32-d6a1-4424-b29b-4c2a415942d4:192.168.36.124:45802, 282270cf-20fb-461f-9c8a-9450796f87ad:192.168.36.124:42592, d25e1fb2-dc34-4d59-84ce-3be5e962ff3d:192.168.36.124:41699], old=null at 0
2019-08-23 08:44:18,306 [grpc-default-executor-3] INFO  segmented.SegmentedRaftLogWorker (SegmentedRaftLogWorker.java:startLogSegment(380)) - 282270cf-20fb-461f-9c8a-9450796f87ad-SegmentedRaftLogWorker:Storage Directory /workdir/hadoop-ozone/integration-test/target/test-dir/MiniOzoneClusterImpl-ee747063-c070-4170-8f1b-294adf81e4a4/datanode-2/data/ratis/05e1b1da-1480-4d96-ae3f-7637bb79e84d: Starting segment from index:0
2019-08-23 08:44:18,306 [grpc-default-executor-2] INFO  segmented.SegmentedRaftLogWorker (SegmentedRaftLogWorker.java:startLogSegment(380)) - 6130611f-ea3a-4a14-895f-35c381f9efc4-SegmentedRaftLogWorker:Storage Directory /workdir/hadoop-ozone/integration-test/target/test-dir/MiniOzoneClusterImpl-ee747063-c070-4170-8f1b-294adf81e4a4/datanode-6/data/ratis/613432a9-1655-456d-8a93-d6425b254b44: Starting segment from index:0
2019-08-23 08:44:18,305 [grpc-default-executor-1] INFO  segmented.SegmentedRaftLogWorker (SegmentedRaftLogWorker.java:startLogSegment(380)) - 814796da-c9aa-44ae-b4d2-a94a982d530c-SegmentedRaftLogWorker:Storage Directory /workdir/hadoop-ozone/integration-test/target/test-dir/MiniOzoneClusterImpl-ee747063-c070-4170-8f1b-294adf81e4a4/datanode-3/data/ratis/613432a9-1655-456d-8a93-d6425b254b44: Starting segment from index:0
2019-08-23 08:44:18,306 [grpc-default-executor-0] INFO  segmented.SegmentedRaftLogWorker (SegmentedRaftLogWorker.java:startLogSegment(380)) - d25e1fb2-dc34-4d59-84ce-3be5e962ff3d-SegmentedRaftLogWorker:Storage Directory /workdir/hadoop-ozone/integration-test/target/test-dir/MiniOzoneClusterImpl-ee747063-c070-4170-8f1b-294adf81e4a4/datanode-5/data/ratis/05e1b1da-1480-4d96-ae3f-7637bb79e84d: Starting segment from index:0
2019-08-23 08:44:18,348 | INFO  | SCMAudit | user=jenkins1000 | ip=192.168.36.124 | op=SEND_HEARTBEAT {datanodeUUID=6130611f-ea3a-4a14-895f-35c381f9efc4, command=[]} | ret=SUCCESS |  
2019-08-23 08:44:18,357 [282270cf-20fb-461f-9c8a-9450796f87ad-SegmentedRaftLogWorker:Storage Directory /workdir/hadoop-ozone/integration-test/target/test-dir/MiniOzoneClusterImpl-ee747063-c070-4170-8f1b-294adf81e4a4/datanode-2/data/ratis/05e1b1da-1480-4d96-ae3f-7637bb79e84d] INFO  segmented.SegmentedRaftLogWorker (SegmentedRaftLogWorker.java:execute(569)) - 282270cf-20fb-461f-9c8a-9450796f87ad-SegmentedRaftLogWorker:Storage Directory /workdir/hadoop-ozone/integration-test/target/test-dir/MiniOzoneClusterImpl-ee747063-c070-4170-8f1b-294adf81e4a4/datanode-2/data/ratis/05e1b1da-1480-4d96-ae3f-7637bb79e84d: created new log segment /workdir/hadoop-ozone/integration-test/target/test-dir/MiniOzoneClusterImpl-ee747063-c070-4170-8f1b-294adf81e4a4/datanode-2/data/ratis/05e1b1da-1480-4d96-ae3f-7637bb79e84d/current/log_inprogress_0
2019-08-23 08:44:18,357 [6130611f-ea3a-4a14-895f-35c381f9efc4-SegmentedRaftLogWorker:Storage Directory /workdir/hadoop-ozone/integration-test/target/test-dir/MiniOzoneClusterImpl-ee747063-c070-4170-8f1b-294adf81e4a4/datanode-6/data/ratis/613432a9-1655-456d-8a93-d6425b254b44] INFO  segmented.SegmentedRaftLogWorker (SegmentedRaftLogWorker.java:execute(569)) - 6130611f-ea3a-4a14-895f-35c381f9efc4-SegmentedRaftLogWorker:Storage Directory /workdir/hadoop-ozone/integration-test/target/test-dir/MiniOzoneClusterImpl-ee747063-c070-4170-8f1b-294adf81e4a4/datanode-6/data/ratis/613432a9-1655-456d-8a93-d6425b254b44: created new log segment /workdir/hadoop-ozone/integration-test/target/test-dir/MiniOzoneClusterImpl-ee747063-c070-4170-8f1b-294adf81e4a4/datanode-6/data/ratis/613432a9-1655-456d-8a93-d6425b254b44/current/log_inprogress_0
2019-08-23 08:44:18,357 [d25e1fb2-dc34-4d59-84ce-3be5e962ff3d-SegmentedRaftLogWorker:Storage Directory /workdir/hadoop-ozone/integration-test/target/test-dir/MiniOzoneClusterImpl-ee747063-c070-4170-8f1b-294adf81e4a4/datanode-5/data/ratis/05e1b1da-1480-4d96-ae3f-7637bb79e84d] INFO  segmented.SegmentedRaftLogWorker (SegmentedRaftLogWorker.java:execute(569)) - d25e1fb2-dc34-4d59-84ce-3be5e962ff3d-SegmentedRaftLogWorker:Storage Directory /workdir/hadoop-ozone/integration-test/target/test-dir/MiniOzoneClusterImpl-ee747063-c070-4170-8f1b-294adf81e4a4/datanode-5/data/ratis/05e1b1da-1480-4d96-ae3f-7637bb79e84d: created new log segment /workdir/hadoop-ozone/integration-test/target/test-dir/MiniOzoneClusterImpl-ee747063-c070-4170-8f1b-294adf81e4a4/datanode-5/data/ratis/05e1b1da-1480-4d96-ae3f-7637bb79e84d/current/log_inprogress_0
2019-08-23 08:44:18,357 [814796da-c9aa-44ae-b4d2-a94a982d530c-SegmentedRaftLogWorker:Storage Directory /workdir/hadoop-ozone/integration-test/target/test-dir/MiniOzoneClusterImpl-ee747063-c070-4170-8f1b-294adf81e4a4/datanode-3/data/ratis/613432a9-1655-456d-8a93-d6425b254b44] INFO  segmented.SegmentedRaftLogWorker (SegmentedRaftLogWorker.java:execute(569)) - 814796da-c9aa-44ae-b4d2-a94a982d530c-SegmentedRaftLogWorker:Storage Directory /workdir/hadoop-ozone/integration-test/target/test-dir/MiniOzoneClusterImpl-ee747063-c070-4170-8f1b-294adf81e4a4/datanode-3/data/ratis/613432a9-1655-456d-8a93-d6425b254b44: created new log segment /workdir/hadoop-ozone/integration-test/target/test-dir/MiniOzoneClusterImpl-ee747063-c070-4170-8f1b-294adf81e4a4/datanode-3/data/ratis/613432a9-1655-456d-8a93-d6425b254b44/current/log_inprogress_0
2019-08-23 08:44:18,677 | INFO  | SCMAudit | user=jenkins1000 | ip=192.168.36.124 | op=SEND_HEARTBEAT {datanodeUUID=814796da-c9aa-44ae-b4d2-a94a982d530c, command=[]} | ret=SUCCESS |  
2019-08-23 08:44:18,677 | INFO  | SCMAudit | user=jenkins1000 | ip=192.168.36.124 | op=SEND_HEARTBEAT {datanodeUUID=282270cf-20fb-461f-9c8a-9450796f87ad, command=[]} | ret=SUCCESS |  
2019-08-23 08:44:18,771 | INFO  | SCMAudit | user=jenkins1000 | ip=192.168.36.124 | op=SEND_HEARTBEAT {datanodeUUID=06ff8c32-d6a1-4424-b29b-4c2a415942d4, command=[]} | ret=SUCCESS |  
2019-08-23 08:44:18,812 | INFO  | SCMAudit | user=jenkins1000 | ip=192.168.36.124 | op=SEND_HEARTBEAT {datanodeUUID=5f42c09d-68f5-43be-ab10-ef5f897cf19a, command=[]} | ret=SUCCESS |  
2019-08-23 08:44:19,045 | INFO  | SCMAudit | user=jenkins1000 | ip=192.168.36.124 | op=SEND_HEARTBEAT {datanodeUUID=c8614be4-ba7c-4b3e-bf92-2a79013b63c7, command=[]} | ret=SUCCESS |  
2019-08-23 08:44:19,138 | INFO  | SCMAudit | user=jenkins1000 | ip=192.168.36.124 | op=SEND_HEARTBEAT {datanodeUUID=d25e1fb2-dc34-4d59-84ce-3be5e962ff3d, command=[]} | ret=SUCCESS |  
2019-08-23 08:44:19,349 | INFO  | SCMAudit | user=jenkins1000 | ip=192.168.36.124 | op=SEND_HEARTBEAT {datanodeUUID=6130611f-ea3a-4a14-895f-35c381f9efc4, command=[]} | ret=SUCCESS |  
2019-08-23 08:44:19,412 | INFO  | SCMAudit | user=jenkins1000 | ip=192.168.36.124 | op=SEND_HEARTBEAT {datanodeUUID=c8614be4-ba7c-4b3e-bf92-2a79013b63c7, command=[]} | ret=SUCCESS |  
2019-08-23 08:44:19,421 | INFO  | DNAudit | user=null | ip=null | op=CREATE_CONTAINER {containerID=1, containerType=KeyValueContainer} | ret=SUCCESS |  
2019-08-23 08:44:19,433 | INFO  | DNAudit | user=null | ip=null | op=CREATE_CONTAINER {containerID=1, containerType=KeyValueContainer} | ret=SUCCESS |  
2019-08-23 08:44:19,433 | INFO  | DNAudit | user=null | ip=null | op=CREATE_CONTAINER {containerID=1, containerType=KeyValueContainer} | ret=SUCCESS |  
2019-08-23 08:44:19,436 | INFO  | SCMAudit | user=jenkins1000 | ip=192.168.36.124 | op=SEND_HEARTBEAT {datanodeUUID=814796da-c9aa-44ae-b4d2-a94a982d530c, command=[]} | ret=SUCCESS |  
2019-08-23 08:44:19,436 | INFO  | SCMAudit | user=jenkins1000 | ip=192.168.36.124 | op=SEND_HEARTBEAT {datanodeUUID=6130611f-ea3a-4a14-895f-35c381f9efc4, command=[]} | ret=SUCCESS |  
2019-08-23 08:44:19,436 [grpc-default-executor-1] INFO  client.GrpcClientProtocolClient (GrpcClientProtocolClient.java:onNext(255)) - client-594D477ACB77->c8614be4-ba7c-4b3e-bf92-2a79013b63c7: receive RaftClientReply:client-594D477ACB77->c8614be4-ba7c-4b3e-bf92-2a79013b63c7@group-D6425B254B44, cid=13, SUCCESS, logIndex=1, commits[c8614be4-ba7c-4b3e-bf92-2a79013b63c7:c2, 814796da-c9aa-44ae-b4d2-a94a982d530c:c1, 6130611f-ea3a-4a14-895f-35c381f9efc4:c1]
2019-08-23 08:44:19,443 [main] INFO  datanode.ObjectStoreHandler (ObjectStoreHandler.java:close(155)) - Closing ObjectStoreHandler.
2019-08-23 08:44:19,446 [main] INFO  ozone.HddsDatanodeService (HddsDatanodeService.java:stop(451)) - Stopped plug-in org.apache.hadoop.ozone.web.OzoneHddsDatanodeService@4a864d4d
2019-08-23 08:44:19,677 | INFO  | SCMAudit | user=jenkins1000 | ip=192.168.36.124 | op=SEND_HEARTBEAT {datanodeUUID=282270cf-20fb-461f-9c8a-9450796f87ad, command=[]} | ret=SUCCESS |  
2019-08-23 08:44:19,771 | INFO  | SCMAudit | user=jenkins1000 | ip=192.168.36.124 | op=SEND_HEARTBEAT {datanodeUUID=06ff8c32-d6a1-4424-b29b-4c2a415942d4, command=[]} | ret=SUCCESS |  
2019-08-23 08:44:19,812 | INFO  | SCMAudit | user=jenkins1000 | ip=192.168.36.124 | op=SEND_HEARTBEAT {datanodeUUID=5f42c09d-68f5-43be-ab10-ef5f897cf19a, command=[]} | ret=SUCCESS |  
2019-08-23 08:44:20,138 | INFO  | SCMAudit | user=jenkins1000 | ip=192.168.36.124 | op=SEND_HEARTBEAT {datanodeUUID=d25e1fb2-dc34-4d59-84ce-3be5e962ff3d, command=[]} | ret=SUCCESS |  
2019-08-23 08:44:20,387 [Datanode State Machine Thread - 0] INFO  statemachine.DatanodeStateMachine (DatanodeStateMachine.java:lambda$startDaemon$0(350)) - Ozone container server started.
2019-08-23 08:44:20,434 | INFO  | SCMAudit | user=jenkins1000 | ip=192.168.36.124 | op=SEND_HEARTBEAT {datanodeUUID=814796da-c9aa-44ae-b4d2-a94a982d530c, command=[]} | ret=SUCCESS |  
2019-08-23 08:44:20,434 | INFO  | SCMAudit | user=jenkins1000 | ip=192.168.36.124 | op=SEND_HEARTBEAT {datanodeUUID=6130611f-ea3a-4a14-895f-35c381f9efc4, command=[]} | ret=SUCCESS |  
2019-08-23 08:44:20,677 | INFO  | SCMAudit | user=jenkins1000 | ip=192.168.36.124 | op=SEND_HEARTBEAT {datanodeUUID=282270cf-20fb-461f-9c8a-9450796f87ad, command=[]} | ret=SUCCESS |  
2019-08-23 08:44:20,771 | INFO  | SCMAudit | user=jenkins1000 | ip=192.168.36.124 | op=SEND_HEARTBEAT {datanodeUUID=06ff8c32-d6a1-4424-b29b-4c2a415942d4, command=[]} | ret=SUCCESS |  
2019-08-23 08:44:20,813 | INFO  | SCMAudit | user=jenkins1000 | ip=192.168.36.124 | op=SEND_HEARTBEAT {datanodeUUID=5f42c09d-68f5-43be-ab10-ef5f897cf19a, command=[]} | ret=SUCCESS |  
2019-08-23 08:44:21,138 | INFO  | SCMAudit | user=jenkins1000 | ip=192.168.36.124 | op=SEND_HEARTBEAT {datanodeUUID=d25e1fb2-dc34-4d59-84ce-3be5e962ff3d, command=[]} | ret=SUCCESS |  
2019-08-23 08:44:21,435 | INFO  | SCMAudit | user=jenkins1000 | ip=192.168.36.124 | op=SEND_HEARTBEAT {datanodeUUID=814796da-c9aa-44ae-b4d2-a94a982d530c, command=[]} | ret=SUCCESS |  
2019-08-23 08:44:21,435 | INFO  | SCMAudit | user=jenkins1000 | ip=192.168.36.124 | op=SEND_HEARTBEAT {datanodeUUID=6130611f-ea3a-4a14-895f-35c381f9efc4, command=[]} | ret=SUCCESS |  
2019-08-23 08:44:21,678 | INFO  | SCMAudit | user=jenkins1000 | ip=192.168.36.124 | op=SEND_HEARTBEAT {datanodeUUID=282270cf-20fb-461f-9c8a-9450796f87ad, command=[]} | ret=SUCCESS |  
2019-08-23 08:44:21,772 | INFO  | SCMAudit | user=jenkins1000 | ip=192.168.36.124 | op=SEND_HEARTBEAT {datanodeUUID=06ff8c32-d6a1-4424-b29b-4c2a415942d4, command=[]} | ret=SUCCESS |  
2019-08-23 08:44:21,812 | INFO  | SCMAudit | user=jenkins1000 | ip=192.168.36.124 | op=SEND_HEARTBEAT {datanodeUUID=5f42c09d-68f5-43be-ab10-ef5f897cf19a, command=[]} | ret=SUCCESS |  
2019-08-23 08:44:22,137 | INFO  | SCMAudit | user=jenkins1000 | ip=192.168.36.124 | op=SEND_HEARTBEAT {datanodeUUID=d25e1fb2-dc34-4d59-84ce-3be5e962ff3d, command=[]} | ret=SUCCESS |  
2019-08-23 08:44:22,434 | INFO  | SCMAudit | user=jenkins1000 | ip=192.168.36.124 | op=SEND_HEARTBEAT {datanodeUUID=6130611f-ea3a-4a14-895f-35c381f9efc4, command=[]} | ret=SUCCESS |  
2019-08-23 08:44:22,435 | INFO  | SCMAudit | user=jenkins1000 | ip=192.168.36.124 | op=SEND_HEARTBEAT {datanodeUUID=814796da-c9aa-44ae-b4d2-a94a982d530c, command=[]} | ret=SUCCESS |  
2019-08-23 08:44:22,677 | INFO  | SCMAudit | user=jenkins1000 | ip=192.168.36.124 | op=SEND_HEARTBEAT {datanodeUUID=282270cf-20fb-461f-9c8a-9450796f87ad, command=[]} | ret=SUCCESS |  
2019-08-23 08:44:22,771 | INFO  | SCMAudit | user=jenkins1000 | ip=192.168.36.124 | op=SEND_HEARTBEAT {datanodeUUID=06ff8c32-d6a1-4424-b29b-4c2a415942d4, command=[]} | ret=SUCCESS |  
2019-08-23 08:44:22,812 | INFO  | SCMAudit | user=jenkins1000 | ip=192.168.36.124 | op=SEND_HEARTBEAT {datanodeUUID=5f42c09d-68f5-43be-ab10-ef5f897cf19a, command=[]} | ret=SUCCESS |  
2019-08-23 08:44:23,138 | INFO  | SCMAudit | user=jenkins1000 | ip=192.168.36.124 | op=SEND_HEARTBEAT {datanodeUUID=d25e1fb2-dc34-4d59-84ce-3be5e962ff3d, command=[]} | ret=SUCCESS |  
2019-08-23 08:44:23,434 | INFO  | SCMAudit | user=jenkins1000 | ip=192.168.36.124 | op=SEND_HEARTBEAT {datanodeUUID=6130611f-ea3a-4a14-895f-35c381f9efc4, command=[]} | ret=SUCCESS |  
2019-08-23 08:44:23,434 | INFO  | SCMAudit | user=jenkins1000 | ip=192.168.36.124 | op=SEND_HEARTBEAT {datanodeUUID=814796da-c9aa-44ae-b4d2-a94a982d530c, command=[]} | ret=SUCCESS |  
2019-08-23 08:44:23,678 | INFO  | SCMAudit | user=jenkins1000 | ip=192.168.36.124 | op=SEND_HEARTBEAT {datanodeUUID=282270cf-20fb-461f-9c8a-9450796f87ad, command=[]} | ret=SUCCESS |  
2019-08-23 08:44:23,771 | INFO  | SCMAudit | user=jenkins1000 | ip=192.168.36.124 | op=SEND_HEARTBEAT {datanodeUUID=06ff8c32-d6a1-4424-b29b-4c2a415942d4, command=[]} | ret=SUCCESS |  
2019-08-23 08:44:23,812 | INFO  | SCMAudit | user=jenkins1000 | ip=192.168.36.124 | op=SEND_HEARTBEAT {datanodeUUID=5f42c09d-68f5-43be-ab10-ef5f897cf19a, command=[]} | ret=SUCCESS |  
2019-08-23 08:44:24,138 | INFO  | SCMAudit | user=jenkins1000 | ip=192.168.36.124 | op=SEND_HEARTBEAT {datanodeUUID=d25e1fb2-dc34-4d59-84ce-3be5e962ff3d, command=[]} | ret=SUCCESS |  
2019-08-23 08:44:24,434 | INFO  | SCMAudit | user=jenkins1000 | ip=192.168.36.124 | op=SEND_HEARTBEAT {datanodeUUID=814796da-c9aa-44ae-b4d2-a94a982d530c, command=[]} | ret=SUCCESS |  
2019-08-23 08:44:24,435 | INFO  | SCMAudit | user=jenkins1000 | ip=192.168.36.124 | op=SEND_HEARTBEAT {datanodeUUID=6130611f-ea3a-4a14-895f-35c381f9efc4, command=[]} | ret=SUCCESS |  
2019-08-23 08:44:24,449 [main] INFO  ozoneimpl.OzoneContainer (OzoneContainer.java:stop(199)) - Attempting to stop container services.
2019-08-23 08:44:24,450 [main] INFO  impl.RaftServerProxy (RaftServerProxy.java:lambda$close$4(314)) - c8614be4-ba7c-4b3e-bf92-2a79013b63c7: close
2019-08-23 08:44:24,453 [main] INFO  impl.RaftServerImpl (RaftServerImpl.java:lambda$shutdown$3(245)) - c8614be4-ba7c-4b3e-bf92-2a79013b63c7: shutdown group-BC88F2A4A109
2019-08-23 08:44:24,454 [main] INFO  util.JmxRegister (JmxRegister.java:unregister(73)) - Successfully un-registered JMX Bean with object name Ratis:service=RaftServer,group=group-BC88F2A4A109,id=c8614be4-ba7c-4b3e-bf92-2a79013b63c7
2019-08-23 08:44:24,454 [main] INFO  impl.RoleInfo (RoleInfo.java:shutdownLeaderState(104)) - c8614be4-ba7c-4b3e-bf92-2a79013b63c7: shutdown LeaderState
2019-08-23 08:44:24,455 [main] INFO  impl.PendingRequests (PendingRequests.java:sendNotLeaderResponses(202)) - c8614be4-ba7c-4b3e-bf92-2a79013b63c7-PendingRequests: sendNotLeaderResponses
2019-08-23 08:44:24,457 [main] INFO  impl.StateMachineUpdater (StateMachineUpdater.java:stopAndJoin(115)) - StateMachineUpdater:c8614be4-ba7c-4b3e-bf92-2a79013b63c7:group-BC88F2A4A109: set stopIndex = 0
2019-08-23 08:44:24,461 [main] INFO  impl.RaftServerImpl (ServerState.java:close(394)) - c8614be4-ba7c-4b3e-bf92-2a79013b63c7:group-BC88F2A4A109 closes. The last applied log index is 0
2019-08-23 08:44:24,464 [c8614be4-ba7c-4b3e-bf92-2a79013b63c7-SegmentedRaftLogWorker:Storage Directory /workdir/hadoop-ozone/integration-test/target/test-dir/MiniOzoneClusterImpl-ee747063-c070-4170-8f1b-294adf81e4a4/datanode-1/data/ratis/903f8282-708f-4162-be25-bc88f2a4a109] INFO  segmented.SegmentedRaftLogWorker (SegmentedRaftLogWorker.java:run(313)) - c8614be4-ba7c-4b3e-bf92-2a79013b63c7-SegmentedRaftLogWorker:Storage Directory /workdir/hadoop-ozone/integration-test/target/test-dir/MiniOzoneClusterImpl-ee747063-c070-4170-8f1b-294adf81e4a4/datanode-1/data/ratis/903f8282-708f-4162-be25-bc88f2a4a109 was interrupted, exiting. There are 0 tasks remaining in the queue.
2019-08-23 08:44:24,467 [main] INFO  segmented.SegmentedRaftLogWorker (SegmentedRaftLogWorker.java:close(228)) - c8614be4-ba7c-4b3e-bf92-2a79013b63c7-SegmentedRaftLogWorker:Storage Directory /workdir/hadoop-ozone/integration-test/target/test-dir/MiniOzoneClusterImpl-ee747063-c070-4170-8f1b-294adf81e4a4/datanode-1/data/ratis/903f8282-708f-4162-be25-bc88f2a4a109 close()
2019-08-23 08:44:24,471 [main] INFO  impl.RaftServerImpl (RaftServerImpl.java:lambda$shutdown$3(245)) - c8614be4-ba7c-4b3e-bf92-2a79013b63c7: shutdown group-D6425B254B44
2019-08-23 08:44:24,472 [main] INFO  util.JmxRegister (JmxRegister.java:unregister(73)) - Successfully un-registered JMX Bean with object name Ratis:service=RaftServer,group=group-D6425B254B44,id=c8614be4-ba7c-4b3e-bf92-2a79013b63c7
2019-08-23 08:44:24,472 [main] INFO  impl.RoleInfo (RoleInfo.java:shutdownLeaderState(104)) - c8614be4-ba7c-4b3e-bf92-2a79013b63c7: shutdown LeaderState
2019-08-23 08:44:24,477 [main] INFO  impl.PendingRequests (PendingRequests.java:sendNotLeaderResponses(202)) - c8614be4-ba7c-4b3e-bf92-2a79013b63c7-PendingRequests: sendNotLeaderResponses
2019-08-23 08:44:24,477 [org.apache.ratis.server.impl.LogAppender$AppenderDaemon$$Lambda$435/175016267@5230f993] WARN  server.GrpcLogAppender (GrpcLogAppender.java:mayWait(143)) - GrpcLogAppender(c8614be4-ba7c-4b3e-bf92-2a79013b63c7->814796da-c9aa-44ae-b4d2-a94a982d530c): Wait interrupted by java.lang.InterruptedException
2019-08-23 08:44:24,477 [org.apache.ratis.server.impl.LogAppender$AppenderDaemon$$Lambda$435/175016267@3572ae3c] WARN  server.GrpcLogAppender (GrpcLogAppender.java:mayWait(143)) - GrpcLogAppender(c8614be4-ba7c-4b3e-bf92-2a79013b63c7->6130611f-ea3a-4a14-895f-35c381f9efc4): Wait interrupted by java.lang.InterruptedException
2019-08-23 08:44:24,495 [main] INFO  impl.StateMachineUpdater (StateMachineUpdater.java:stopAndJoin(115)) - StateMachineUpdater:c8614be4-ba7c-4b3e-bf92-2a79013b63c7:group-D6425B254B44: set stopIndex = 2
2019-08-23 08:44:24,495 [StateMachineUpdater:c8614be4-ba7c-4b3e-bf92-2a79013b63c7:group-D6425B254B44] INFO  ratis.ContainerStateMachine (ContainerStateMachine.java:takeSnapshot(283)) - group-D6425B254B44: Taking a snapshot at:(t:1, i:2) file /workdir/hadoop-ozone/integration-test/target/test-dir/MiniOzoneClusterImpl-ee747063-c070-4170-8f1b-294adf81e4a4/datanode-1/data/ratis/613432a9-1655-456d-8a93-d6425b254b44/sm/snapshot.1_2
2019-08-23 08:44:24,516 [grpc-default-executor-1] INFO  server.GrpcServerProtocolService (GrpcServerProtocolService.java:onCompleted(104)) - 6130611f-ea3a-4a14-895f-35c381f9efc4: appendEntries completed
2019-08-23 08:44:24,516 [grpc-default-executor-2] INFO  server.GrpcServerProtocolService (GrpcServerProtocolService.java:onCompleted(104)) - 814796da-c9aa-44ae-b4d2-a94a982d530c: appendEntries completed
2019-08-23 08:44:24,525 [grpc-default-executor-2] INFO  server.GrpcLogAppender (GrpcLogAppender.java:onCompleted(292)) - c8614be4-ba7c-4b3e-bf92-2a79013b63c7->6130611f-ea3a-4a14-895f-35c381f9efc4: follower responses appendEntries COMPLETED
2019-08-23 08:44:24,526 [grpc-default-executor-1] INFO  server.GrpcLogAppender (GrpcLogAppender.java:onCompleted(292)) - c8614be4-ba7c-4b3e-bf92-2a79013b63c7->814796da-c9aa-44ae-b4d2-a94a982d530c: follower responses appendEntries COMPLETED
2019-08-23 08:44:24,534 [grpc-default-executor-2] INFO  impl.FollowerInfo (FollowerInfo.java:lambda$new$0(50)) - c8614be4-ba7c-4b3e-bf92-2a79013b63c7->6130611f-ea3a-4a14-895f-35c381f9efc4: nextIndex: updateUnconditionally 3 -> 2
2019-08-23 08:44:24,534 [grpc-default-executor-1] INFO  impl.FollowerInfo (FollowerInfo.java:lambda$new$0(50)) - c8614be4-ba7c-4b3e-bf92-2a79013b63c7->814796da-c9aa-44ae-b4d2-a94a982d530c: nextIndex: updateUnconditionally 3 -> 2
2019-08-23 08:44:24,677 | INFO  | SCMAudit | user=jenkins1000 | ip=192.168.36.124 | op=SEND_HEARTBEAT {datanodeUUID=282270cf-20fb-461f-9c8a-9450796f87ad, command=[]} | ret=SUCCESS |  
2019-08-23 08:44:24,771 | INFO  | SCMAudit | user=jenkins1000 | ip=192.168.36.124 | op=SEND_HEARTBEAT {datanodeUUID=06ff8c32-d6a1-4424-b29b-4c2a415942d4, command=[]} | ret=SUCCESS |  
2019-08-23 08:44:24,812 | INFO  | SCMAudit | user=jenkins1000 | ip=192.168.36.124 | op=SEND_HEARTBEAT {datanodeUUID=5f42c09d-68f5-43be-ab10-ef5f897cf19a, command=[]} | ret=SUCCESS |  
2019-08-23 08:44:25,137 | INFO  | SCMAudit | user=jenkins1000 | ip=192.168.36.124 | op=SEND_HEARTBEAT {datanodeUUID=d25e1fb2-dc34-4d59-84ce-3be5e962ff3d, command=[]} | ret=SUCCESS |  
2019-08-23 08:44:25,435 | INFO  | SCMAudit | user=jenkins1000 | ip=192.168.36.124 | op=SEND_HEARTBEAT {datanodeUUID=814796da-c9aa-44ae-b4d2-a94a982d530c, command=[]} | ret=SUCCESS |  
2019-08-23 08:44:25,435 | INFO  | SCMAudit | user=jenkins1000 | ip=192.168.36.124 | op=SEND_HEARTBEAT {datanodeUUID=6130611f-ea3a-4a14-895f-35c381f9efc4, command=[]} | ret=SUCCESS |  
2019-08-23 08:44:25,677 | INFO  | SCMAudit | user=jenkins1000 | ip=192.168.36.124 | op=SEND_HEARTBEAT {datanodeUUID=282270cf-20fb-461f-9c8a-9450796f87ad, command=[]} | ret=SUCCESS |  
2019-08-23 08:44:25,771 | INFO  | SCMAudit | user=jenkins1000 | ip=192.168.36.124 | op=SEND_HEARTBEAT {datanodeUUID=06ff8c32-d6a1-4424-b29b-4c2a415942d4, command=[]} | ret=SUCCESS |  
2019-08-23 08:44:25,812 | INFO  | SCMAudit | user=jenkins1000 | ip=192.168.36.124 | op=SEND_HEARTBEAT {datanodeUUID=5f42c09d-68f5-43be-ab10-ef5f897cf19a, command=[]} | ret=SUCCESS |  
2019-08-23 08:44:26,137 | INFO  | SCMAudit | user=jenkins1000 | ip=192.168.36.124 | op=SEND_HEARTBEAT {datanodeUUID=d25e1fb2-dc34-4d59-84ce-3be5e962ff3d, command=[]} | ret=SUCCESS |  
2019-08-23 08:44:26,434 | INFO  | SCMAudit | user=jenkins1000 | ip=192.168.36.124 | op=SEND_HEARTBEAT {datanodeUUID=814796da-c9aa-44ae-b4d2-a94a982d530c, command=[]} | ret=SUCCESS |  
2019-08-23 08:44:26,436 | INFO  | SCMAudit | user=jenkins1000 | ip=192.168.36.124 | op=SEND_HEARTBEAT {datanodeUUID=6130611f-ea3a-4a14-895f-35c381f9efc4, command=[]} | ret=SUCCESS |  
2019-08-23 08:44:26,678 | INFO  | SCMAudit | user=jenkins1000 | ip=192.168.36.124 | op=SEND_HEARTBEAT {datanodeUUID=282270cf-20fb-461f-9c8a-9450796f87ad, command=[]} | ret=SUCCESS |  
2019-08-23 08:44:26,771 | INFO  | SCMAudit | user=jenkins1000 | ip=192.168.36.124 | op=SEND_HEARTBEAT {datanodeUUID=06ff8c32-d6a1-4424-b29b-4c2a415942d4, command=[]} | ret=SUCCESS |  
2019-08-23 08:44:26,812 | INFO  | SCMAudit | user=jenkins1000 | ip=192.168.36.124 | op=SEND_HEARTBEAT {datanodeUUID=5f42c09d-68f5-43be-ab10-ef5f897cf19a, command=[]} | ret=SUCCESS |  
2019-08-23 08:44:27,138 | INFO  | SCMAudit | user=jenkins1000 | ip=192.168.36.124 | op=SEND_HEARTBEAT {datanodeUUID=d25e1fb2-dc34-4d59-84ce-3be5e962ff3d, command=[]} | ret=SUCCESS |  
2019-08-23 08:44:27,435 | INFO  | SCMAudit | user=jenkins1000 | ip=192.168.36.124 | op=SEND_HEARTBEAT {datanodeUUID=814796da-c9aa-44ae-b4d2-a94a982d530c, command=[]} | ret=SUCCESS |  
2019-08-23 08:44:27,437 | INFO  | SCMAudit | user=jenkins1000 | ip=192.168.36.124 | op=SEND_HEARTBEAT {datanodeUUID=6130611f-ea3a-4a14-895f-35c381f9efc4, command=[]} | ret=SUCCESS |  
2019-08-23 08:44:27,678 | INFO  | SCMAudit | user=jenkins1000 | ip=192.168.36.124 | op=SEND_HEARTBEAT {datanodeUUID=282270cf-20fb-461f-9c8a-9450796f87ad, command=[]} | ret=SUCCESS |  
2019-08-23 08:44:27,772 | INFO  | SCMAudit | user=jenkins1000 | ip=192.168.36.124 | op=SEND_HEARTBEAT {datanodeUUID=06ff8c32-d6a1-4424-b29b-4c2a415942d4, command=[]} | ret=SUCCESS |  
2019-08-23 08:44:27,812 | INFO  | SCMAudit | user=jenkins1000 | ip=192.168.36.124 | op=SEND_HEARTBEAT {datanodeUUID=5f42c09d-68f5-43be-ab10-ef5f897cf19a, command=[]} | ret=SUCCESS |  
2019-08-23 08:44:28,138 | INFO  | SCMAudit | user=jenkins1000 | ip=192.168.36.124 | op=SEND_HEARTBEAT {datanodeUUID=d25e1fb2-dc34-4d59-84ce-3be5e962ff3d, command=[]} | ret=SUCCESS |  
2019-08-23 08:44:28,435 | INFO  | SCMAudit | user=jenkins1000 | ip=192.168.36.124 | op=SEND_HEARTBEAT {datanodeUUID=814796da-c9aa-44ae-b4d2-a94a982d530c, command=[]} | ret=SUCCESS |  
2019-08-23 08:44:28,437 | INFO  | SCMAudit | user=jenkins1000 | ip=192.168.36.124 | op=SEND_HEARTBEAT {datanodeUUID=6130611f-ea3a-4a14-895f-35c381f9efc4, command=[]} | ret=SUCCESS |  
2019-08-23 08:44:28,677 | INFO  | SCMAudit | user=jenkins1000 | ip=192.168.36.124 | op=SEND_HEARTBEAT {datanodeUUID=282270cf-20fb-461f-9c8a-9450796f87ad, command=[]} | ret=SUCCESS |  
2019-08-23 08:44:28,771 | INFO  | SCMAudit | user=jenkins1000 | ip=192.168.36.124 | op=SEND_HEARTBEAT {datanodeUUID=06ff8c32-d6a1-4424-b29b-4c2a415942d4, command=[]} | ret=SUCCESS |  
2019-08-23 08:44:28,812 | INFO  | SCMAudit | user=jenkins1000 | ip=192.168.36.124 | op=SEND_HEARTBEAT {datanodeUUID=5f42c09d-68f5-43be-ab10-ef5f897cf19a, command=[]} | ret=SUCCESS |  
2019-08-23 08:44:29,138 | INFO  | SCMAudit | user=jenkins1000 | ip=192.168.36.124 | op=SEND_HEARTBEAT {datanodeUUID=d25e1fb2-dc34-4d59-84ce-3be5e962ff3d, command=[]} | ret=SUCCESS |  
2019-08-23 08:44:29,435 | INFO  | SCMAudit | user=jenkins1000 | ip=192.168.36.124 | op=SEND_HEARTBEAT {datanodeUUID=814796da-c9aa-44ae-b4d2-a94a982d530c, command=[]} | ret=SUCCESS |  
2019-08-23 08:44:29,437 | INFO  | SCMAudit | user=jenkins1000 | ip=192.168.36.124 | op=SEND_HEARTBEAT {datanodeUUID=6130611f-ea3a-4a14-895f-35c381f9efc4, command=[]} | ret=SUCCESS |  
2019-08-23 08:44:29,677 | INFO  | SCMAudit | user=jenkins1000 | ip=192.168.36.124 | op=SEND_HEARTBEAT {datanodeUUID=282270cf-20fb-461f-9c8a-9450796f87ad, command=[]} | ret=SUCCESS |  
2019-08-23 08:44:29,772 | INFO  | SCMAudit | user=jenkins1000 | ip=192.168.36.124 | op=SEND_HEARTBEAT {datanodeUUID=06ff8c32-d6a1-4424-b29b-4c2a415942d4, command=[]} | ret=SUCCESS |  
2019-08-23 08:44:29,812 | INFO  | SCMAudit | user=jenkins1000 | ip=192.168.36.124 | op=SEND_HEARTBEAT {datanodeUUID=5f42c09d-68f5-43be-ab10-ef5f897cf19a, command=[]} | ret=SUCCESS |  
2019-08-23 08:44:30,137 | INFO  | SCMAudit | user=jenkins1000 | ip=192.168.36.124 | op=SEND_HEARTBEAT {datanodeUUID=d25e1fb2-dc34-4d59-84ce-3be5e962ff3d, command=[]} | ret=SUCCESS |  
2019-08-23 08:44:30,434 | INFO  | SCMAudit | user=jenkins1000 | ip=192.168.36.124 | op=SEND_HEARTBEAT {datanodeUUID=814796da-c9aa-44ae-b4d2-a94a982d530c, command=[]} | ret=SUCCESS |  
2019-08-23 08:44:30,437 | INFO  | SCMAudit | user=jenkins1000 | ip=192.168.36.124 | op=SEND_HEARTBEAT {datanodeUUID=6130611f-ea3a-4a14-895f-35c381f9efc4, command=[]} | ret=SUCCESS |  
2019-08-23 08:44:30,678 | INFO  | SCMAudit | user=jenkins1000 | ip=192.168.36.124 | op=SEND_HEARTBEAT {datanodeUUID=282270cf-20fb-461f-9c8a-9450796f87ad, command=[]} | ret=SUCCESS |  
2019-08-23 08:44:30,772 | INFO  | SCMAudit | user=jenkins1000 | ip=192.168.36.124 | op=SEND_HEARTBEAT {datanodeUUID=06ff8c32-d6a1-4424-b29b-4c2a415942d4, command=[]} | ret=SUCCESS |  
2019-08-23 08:44:30,812 | INFO  | SCMAudit | user=jenkins1000 | ip=192.168.36.124 | op=SEND_HEARTBEAT {datanodeUUID=5f42c09d-68f5-43be-ab10-ef5f897cf19a, command=[]} | ret=SUCCESS |  
2019-08-23 08:44:31,138 | INFO  | SCMAudit | user=jenkins1000 | ip=192.168.36.124 | op=SEND_HEARTBEAT {datanodeUUID=d25e1fb2-dc34-4d59-84ce-3be5e962ff3d, command=[]} | ret=SUCCESS |  
2019-08-23 08:44:31,435 | INFO  | SCMAudit | user=jenkins1000 | ip=192.168.36.124 | op=SEND_HEARTBEAT {datanodeUUID=814796da-c9aa-44ae-b4d2-a94a982d530c, command=[]} | ret=SUCCESS |  
2019-08-23 08:44:31,437 | INFO  | SCMAudit | user=jenkins1000 | ip=192.168.36.124 | op=SEND_HEARTBEAT {datanodeUUID=6130611f-ea3a-4a14-895f-35c381f9efc4, command=[]} | ret=SUCCESS |  
2019-08-23 08:44:31,678 | INFO  | SCMAudit | user=jenkins1000 | ip=192.168.36.124 | op=SEND_HEARTBEAT {datanodeUUID=282270cf-20fb-461f-9c8a-9450796f87ad, command=[]} | ret=SUCCESS |  
2019-08-23 08:44:31,772 | INFO  | SCMAudit | user=jenkins1000 | ip=192.168.36.124 | op=SEND_HEARTBEAT {datanodeUUID=06ff8c32-d6a1-4424-b29b-4c2a415942d4, command=[]} | ret=SUCCESS |  
2019-08-23 08:44:31,812 | INFO  | SCMAudit | user=jenkins1000 | ip=192.168.36.124 | op=SEND_HEARTBEAT {datanodeUUID=5f42c09d-68f5-43be-ab10-ef5f897cf19a, command=[]} | ret=SUCCESS |  
2019-08-23 08:44:32,138 | INFO  | SCMAudit | user=jenkins1000 | ip=192.168.36.124 | op=SEND_HEARTBEAT {datanodeUUID=d25e1fb2-dc34-4d59-84ce-3be5e962ff3d, command=[]} | ret=SUCCESS |  
2019-08-23 08:44:32,435 | INFO  | SCMAudit | user=jenkins1000 | ip=192.168.36.124 | op=SEND_HEARTBEAT {datanodeUUID=814796da-c9aa-44ae-b4d2-a94a982d530c, command=[]} | ret=SUCCESS |  
2019-08-23 08:44:32,438 | INFO  | SCMAudit | user=jenkins1000 | ip=192.168.36.124 | op=SEND_HEARTBEAT {datanodeUUID=6130611f-ea3a-4a14-895f-35c381f9efc4, command=[]} | ret=SUCCESS |  
2019-08-23 08:44:32,677 | INFO  | SCMAudit | user=jenkins1000 | ip=192.168.36.124 | op=SEND_HEARTBEAT {datanodeUUID=282270cf-20fb-461f-9c8a-9450796f87ad, command=[]} | ret=SUCCESS |  
2019-08-23 08:44:32,773 | INFO  | SCMAudit | user=jenkins1000 | ip=192.168.36.124 | op=SEND_HEARTBEAT {datanodeUUID=06ff8c32-d6a1-4424-b29b-4c2a415942d4, command=[]} | ret=SUCCESS |  
2019-08-23 08:44:32,812 | INFO  | SCMAudit | user=jenkins1000 | ip=192.168.36.124 | op=SEND_HEARTBEAT {datanodeUUID=5f42c09d-68f5-43be-ab10-ef5f897cf19a, command=[]} | ret=SUCCESS |  
2019-08-23 08:44:33,137 | INFO  | SCMAudit | user=jenkins1000 | ip=192.168.36.124 | op=SEND_HEARTBEAT {datanodeUUID=d25e1fb2-dc34-4d59-84ce-3be5e962ff3d, command=[]} | ret=SUCCESS |  
2019-08-23 08:44:33,303 [Thread-319] INFO  impl.FollowerState (FollowerState.java:run(106)) - 6130611f-ea3a-4a14-895f-35c381f9efc4:group-D6425B254B44 changes to CANDIDATE, lastRpcTime:9693, electionTimeout:5017ms
2019-08-23 08:44:33,304 [Thread-319] INFO  impl.RoleInfo (RoleInfo.java:shutdownFollowerState(121)) - 6130611f-ea3a-4a14-895f-35c381f9efc4: shutdown FollowerState
2019-08-23 08:44:33,304 [Thread-319] INFO  impl.RaftServerImpl (RaftServerImpl.java:setRole(171)) - 6130611f-ea3a-4a14-895f-35c381f9efc4:group-D6425B254B44 changes role from FOLLOWER to CANDIDATE at term 1 for changeToCandidate
2019-08-23 08:44:33,304 [Thread-319] INFO  impl.RoleInfo (RoleInfo.java:updateAndGet(143)) - 6130611f-ea3a-4a14-895f-35c381f9efc4: start LeaderElection
2019-08-23 08:44:33,308 [6130611f-ea3a-4a14-895f-35c381f9efc4:group-D6425B254B44:LeaderElection11] INFO  impl.RaftServerImpl (ServerState.java:setLeader(263)) - 6130611f-ea3a-4a14-895f-35c381f9efc4:group-D6425B254B44 change Leader from c8614be4-ba7c-4b3e-bf92-2a79013b63c7 to null at term 1 for initElection
2019-08-23 08:44:33,435 | INFO  | SCMAudit | user=jenkins1000 | ip=192.168.36.124 | op=SEND_HEARTBEAT {datanodeUUID=814796da-c9aa-44ae-b4d2-a94a982d530c, command=[]} | ret=SUCCESS |  
2019-08-23 08:44:33,438 | INFO  | SCMAudit | user=jenkins1000 | ip=192.168.36.124 | op=SEND_HEARTBEAT {datanodeUUID=6130611f-ea3a-4a14-895f-35c381f9efc4, command=[]} | ret=SUCCESS |  
2019-08-23 08:44:33,513 [Thread-316] INFO  impl.FollowerState (FollowerState.java:run(106)) - 814796da-c9aa-44ae-b4d2-a94a982d530c:group-D6425B254B44 changes to CANDIDATE, lastRpcTime:9902, electionTimeout:5134ms
2019-08-23 08:44:33,513 [Thread-316] INFO  impl.RoleInfo (RoleInfo.java:shutdownFollowerState(121)) - 814796da-c9aa-44ae-b4d2-a94a982d530c: shutdown FollowerState
2019-08-23 08:44:33,513 [Thread-316] INFO  impl.RaftServerImpl (RaftServerImpl.java:setRole(171)) - 814796da-c9aa-44ae-b4d2-a94a982d530c:group-D6425B254B44 changes role from FOLLOWER to CANDIDATE at term 1 for changeToCandidate
2019-08-23 08:44:33,513 [Thread-316] INFO  impl.RoleInfo (RoleInfo.java:updateAndGet(143)) - 814796da-c9aa-44ae-b4d2-a94a982d530c: start LeaderElection
2019-08-23 08:44:33,517 [814796da-c9aa-44ae-b4d2-a94a982d530c:group-D6425B254B44:LeaderElection12] INFO  impl.RaftServerImpl (ServerState.java:setLeader(263)) - 814796da-c9aa-44ae-b4d2-a94a982d530c:group-D6425B254B44 change Leader from c8614be4-ba7c-4b3e-bf92-2a79013b63c7 to null at term 1 for initElection
2019-08-23 08:44:33,677 | INFO  | SCMAudit | user=jenkins1000 | ip=192.168.36.124 | op=SEND_HEARTBEAT {datanodeUUID=282270cf-20fb-461f-9c8a-9450796f87ad, command=[]} | ret=SUCCESS |  
2019-08-23 08:44:33,772 | INFO  | SCMAudit | user=jenkins1000 | ip=192.168.36.124 | op=SEND_HEARTBEAT {datanodeUUID=06ff8c32-d6a1-4424-b29b-4c2a415942d4, command=[]} | ret=SUCCESS |  
2019-08-23 08:44:33,812 | INFO  | SCMAudit | user=jenkins1000 | ip=192.168.36.124 | op=SEND_HEARTBEAT {datanodeUUID=5f42c09d-68f5-43be-ab10-ef5f897cf19a, command=[]} | ret=SUCCESS |  
2019-08-23 08:44:34,138 | INFO  | SCMAudit | user=jenkins1000 | ip=192.168.36.124 | op=SEND_HEARTBEAT {datanodeUUID=d25e1fb2-dc34-4d59-84ce-3be5e962ff3d, command=[]} | ret=SUCCESS |  
2019-08-23 08:44:34,438 | INFO  | SCMAudit | user=jenkins1000 | ip=192.168.36.124 | op=SEND_HEARTBEAT {datanodeUUID=814796da-c9aa-44ae-b4d2-a94a982d530c, command=[]} | ret=SUCCESS |  
2019-08-23 08:44:34,439 | INFO  | SCMAudit | user=jenkins1000 | ip=192.168.36.124 | op=SEND_HEARTBEAT {datanodeUUID=6130611f-ea3a-4a14-895f-35c381f9efc4, command=[]} | ret=SUCCESS |  
2019-08-23 08:44:34,654 [StateMachineUpdater:c8614be4-ba7c-4b3e-bf92-2a79013b63c7:group-D6425B254B44] INFO  ratis.ContainerStateMachine (ContainerStateMachine.java:takeSnapshot(294)) - group-D6425B254B44: Finished taking a snapshot at:(t:1, i:2) file:/workdir/hadoop-ozone/integration-test/target/test-dir/MiniOzoneClusterImpl-ee747063-c070-4170-8f1b-294adf81e4a4/datanode-1/data/ratis/613432a9-1655-456d-8a93-d6425b254b44/sm/snapshot.1_2 time:10159
2019-08-23 08:44:34,654 [StateMachineUpdater:c8614be4-ba7c-4b3e-bf92-2a79013b63c7:group-D6425B254B44] INFO  impl.StateMachineUpdater (StateMachineUpdater.java:takeSnapshot(242)) - StateMachineUpdater:c8614be4-ba7c-4b3e-bf92-2a79013b63c7:group-D6425B254B44: Took a snapshot at index 2
2019-08-23 08:44:34,655 [StateMachineUpdater:c8614be4-ba7c-4b3e-bf92-2a79013b63c7:group-D6425B254B44] INFO  impl.StateMachineUpdater (StateMachineUpdater.java:lambda$new$0(80)) - StateMachineUpdater:c8614be4-ba7c-4b3e-bf92-2a79013b63c7:group-D6425B254B44: snapshotIndex: updateIncreasingly -1 -> 2
2019-08-23 08:44:34,665 [main] INFO  impl.RaftServerImpl (ServerState.java:close(394)) - c8614be4-ba7c-4b3e-bf92-2a79013b63c7:group-D6425B254B44 closes. The last applied log index is 2
2019-08-23 08:44:34,666 [c8614be4-ba7c-4b3e-bf92-2a79013b63c7-SegmentedRaftLogWorker:Storage Directory /workdir/hadoop-ozone/integration-test/target/test-dir/MiniOzoneClusterImpl-ee747063-c070-4170-8f1b-294adf81e4a4/datanode-1/data/ratis/613432a9-1655-456d-8a93-d6425b254b44] INFO  segmented.SegmentedRaftLogWorker (SegmentedRaftLogWorker.java:run(313)) - c8614be4-ba7c-4b3e-bf92-2a79013b63c7-SegmentedRaftLogWorker:Storage Directory /workdir/hadoop-ozone/integration-test/target/test-dir/MiniOzoneClusterImpl-ee747063-c070-4170-8f1b-294adf81e4a4/datanode-1/data/ratis/613432a9-1655-456d-8a93-d6425b254b44 was interrupted, exiting. There are 0 tasks remaining in the queue.
2019-08-23 08:44:34,670 [main] INFO  segmented.SegmentedRaftLogWorker (SegmentedRaftLogWorker.java:close(228)) - c8614be4-ba7c-4b3e-bf92-2a79013b63c7-SegmentedRaftLogWorker:Storage Directory /workdir/hadoop-ozone/integration-test/target/test-dir/MiniOzoneClusterImpl-ee747063-c070-4170-8f1b-294adf81e4a4/datanode-1/data/ratis/613432a9-1655-456d-8a93-d6425b254b44 close()
2019-08-23 08:44:34,675 [main] INFO  server.GrpcService (GrpcService.java:closeImpl(155)) - c8614be4-ba7c-4b3e-bf92-2a79013b63c7: shutdown server with port 36113 now
2019-08-23 08:44:34,677 | INFO  | SCMAudit | user=jenkins1000 | ip=192.168.36.124 | op=SEND_HEARTBEAT {datanodeUUID=282270cf-20fb-461f-9c8a-9450796f87ad, command=[]} | ret=SUCCESS |  
2019-08-23 08:44:34,679 [main] INFO  server.GrpcService (GrpcService.java:closeImpl(163)) - c8614be4-ba7c-4b3e-bf92-2a79013b63c7: shutdown server with port 36113 successfully
2019-08-23 08:44:34,682 [main] INFO  utils.BackgroundService (BackgroundService.java:shutdown(148)) - Shutting down service BlockDeletingService
2019-08-23 08:44:34,684 [refreshUsed-/workdir/hadoop-ozone/integration-test/target/test-dir/MiniOzoneClusterImpl-ee747063-c070-4170-8f1b-294adf81e4a4/datanode-1/data/containers] WARN  fs.CachingGetSpaceUsed (CachingGetSpaceUsed.java:run(183)) - Thread Interrupted waiting to refresh disk information: sleep interrupted
2019-08-23 08:44:34,714 [main] INFO  statemachine.DatanodeStateMachine (DatanodeStateMachine.java:stopDaemon(395)) - Ozone container server stopped.
2019-08-23 08:44:34,719 [main] INFO  handler.ContextHandler (ContextHandler.java:doStop(910)) - Stopped o.e.j.w.WebAppContext@28ee0a3c{/,null,UNAVAILABLE}{/hddsDatanode}
2019-08-23 08:44:34,726 [main] INFO  server.AbstractConnector (AbstractConnector.java:doStop(318)) - Stopped ServerConnector@2dd1086{HTTP/1.1,[http/1.1]}{0.0.0.0:0}
2019-08-23 08:44:34,727 [main] INFO  handler.ContextHandler (ContextHandler.java:doStop(910)) - Stopped o.e.j.s.ServletContextHandler@44aa2e13{/static,jar:file:/home/user/.m2/repository/org/apache/hadoop/hadoop-hdds-container-service/0.5.0-SNAPSHOT/hadoop-hdds-container-service-0.5.0-SNAPSHOT.jar!/webapps/static,UNAVAILABLE}
2019-08-23 08:44:34,727 [main] INFO  handler.ContextHandler (ContextHandler.java:doStop(910)) - Stopped o.e.j.s.ServletContextHandler@dbddbe3{/logs,file:///workdir/hadoop-ozone/integration-test/target/log,UNAVAILABLE}
2019-08-23 08:44:34,772 | INFO  | SCMAudit | user=jenkins1000 | ip=192.168.36.124 | op=SEND_HEARTBEAT {datanodeUUID=06ff8c32-d6a1-4424-b29b-4c2a415942d4, command=[]} | ret=SUCCESS |  
2019-08-23 08:44:34,812 | INFO  | SCMAudit | user=jenkins1000 | ip=192.168.36.124 | op=SEND_HEARTBEAT {datanodeUUID=5f42c09d-68f5-43be-ab10-ef5f897cf19a, command=[]} | ret=SUCCESS |  
2019-08-23 08:44:35,138 | INFO  | SCMAudit | user=jenkins1000 | ip=192.168.36.124 | op=SEND_HEARTBEAT {datanodeUUID=d25e1fb2-dc34-4d59-84ce-3be5e962ff3d, command=[]} | ret=SUCCESS |  
2019-08-23 08:44:35,439 | INFO  | SCMAudit | user=jenkins1000 | ip=192.168.36.124 | op=SEND_HEARTBEAT {datanodeUUID=6130611f-ea3a-4a14-895f-35c381f9efc4, command=[]} | ret=SUCCESS |  
2019-08-23 08:44:35,439 | INFO  | SCMAudit | user=jenkins1000 | ip=192.168.36.124 | op=SEND_HEARTBEAT {datanodeUUID=814796da-c9aa-44ae-b4d2-a94a982d530c, command=[]} | ret=SUCCESS |  
2019-08-23 08:44:35,677 | INFO  | SCMAudit | user=jenkins1000 | ip=192.168.36.124 | op=SEND_HEARTBEAT {datanodeUUID=282270cf-20fb-461f-9c8a-9450796f87ad, command=[]} | ret=SUCCESS |  
2019-08-23 08:44:35,773 | INFO  | SCMAudit | user=jenkins1000 | ip=192.168.36.124 | op=SEND_HEARTBEAT {datanodeUUID=06ff8c32-d6a1-4424-b29b-4c2a415942d4, command=[]} | ret=SUCCESS |  
2019-08-23 08:44:35,813 | INFO  | SCMAudit | user=jenkins1000 | ip=192.168.36.124 | op=SEND_HEARTBEAT {datanodeUUID=5f42c09d-68f5-43be-ab10-ef5f897cf19a, command=[]} | ret=SUCCESS |  
2019-08-23 08:44:36,138 | INFO  | SCMAudit | user=jenkins1000 | ip=192.168.36.124 | op=SEND_HEARTBEAT {datanodeUUID=d25e1fb2-dc34-4d59-84ce-3be5e962ff3d, command=[]} | ret=SUCCESS |  
2019-08-23 08:44:36,438 | INFO  | SCMAudit | user=jenkins1000 | ip=192.168.36.124 | op=SEND_HEARTBEAT {datanodeUUID=6130611f-ea3a-4a14-895f-35c381f9efc4, command=[]} | ret=SUCCESS |  
2019-08-23 08:44:36,438 | INFO  | SCMAudit | user=jenkins1000 | ip=192.168.36.124 | op=SEND_HEARTBEAT {datanodeUUID=814796da-c9aa-44ae-b4d2-a94a982d530c, command=[]} | ret=SUCCESS |  
2019-08-23 08:44:36,678 | INFO  | SCMAudit | user=jenkins1000 | ip=192.168.36.124 | op=SEND_HEARTBEAT {datanodeUUID=282270cf-20fb-461f-9c8a-9450796f87ad, command=[]} | ret=SUCCESS |  
2019-08-23 08:44:36,772 | INFO  | SCMAudit | user=jenkins1000 | ip=192.168.36.124 | op=SEND_HEARTBEAT {datanodeUUID=06ff8c32-d6a1-4424-b29b-4c2a415942d4, command=[]} | ret=SUCCESS |  
2019-08-23 08:44:36,775 [grpc-default-executor-1] INFO  client.GrpcClientProtocolClient (GrpcClientProtocolClient.java:onNext(255)) - client-594D477ACB77->6130611f-ea3a-4a14-895f-35c381f9efc4: receive RaftClientReply:client-594D477ACB77->6130611f-ea3a-4a14-895f-35c381f9efc4@group-D6425B254B44, cid=14, FAILED org.apache.ratis.protocol.NotLeaderException: Server 6130611f-ea3a-4a14-895f-35c381f9efc4 is not the leader (null). Request must be sent to leader., logIndex=0, commits[6130611f-ea3a-4a14-895f-35c381f9efc4:c2, 814796da-c9aa-44ae-b4d2-a94a982d530c:c2, c8614be4-ba7c-4b3e-bf92-2a79013b63c7:c2]
2019-08-23 08:44:36,813 | INFO  | SCMAudit | user=jenkins1000 | ip=192.168.36.124 | op=SEND_HEARTBEAT {datanodeUUID=5f42c09d-68f5-43be-ab10-ef5f897cf19a, command=[]} | ret=SUCCESS |  
2019-08-23 08:44:36,975 [6130611f-ea3a-4a14-895f-35c381f9efc4:group-D6425B254B44:LeaderElection11] INFO  impl.LeaderElection (LeaderElection.java:askForVotes(181)) - 6130611f-ea3a-4a14-895f-35c381f9efc4:group-D6425B254B44:LeaderElection11: begin an election at term 2 for 0: [814796da-c9aa-44ae-b4d2-a94a982d530c:192.168.36.124:45643, c8614be4-ba7c-4b3e-bf92-2a79013b63c7:192.168.36.124:36113, 6130611f-ea3a-4a14-895f-35c381f9efc4:192.168.36.124:37607], old=null
2019-08-23 08:44:36,975 [814796da-c9aa-44ae-b4d2-a94a982d530c:group-D6425B254B44:LeaderElection12] INFO  impl.LeaderElection (LeaderElection.java:askForVotes(181)) - 814796da-c9aa-44ae-b4d2-a94a982d530c:group-D6425B254B44:LeaderElection12: begin an election at term 2 for 0: [814796da-c9aa-44ae-b4d2-a94a982d530c:192.168.36.124:45643, c8614be4-ba7c-4b3e-bf92-2a79013b63c7:192.168.36.124:36113, 6130611f-ea3a-4a14-895f-35c381f9efc4:192.168.36.124:37607], old=null
2019-08-23 08:44:36,998 [6130611f-ea3a-4a14-895f-35c381f9efc4:group-D6425B254B44:LeaderElection11] INFO  impl.LeaderElection (LogUtils.java:infoOrTrace(149)) - 6130611f-ea3a-4a14-895f-35c381f9efc4:group-D6425B254B44:LeaderElection11 got exception when requesting votes: {}
java.util.concurrent.ExecutionException: org.apache.ratis.thirdparty.io.grpc.StatusRuntimeException: UNAVAILABLE: io exception
	at java.util.concurrent.FutureTask.report(FutureTask.java:122)
	at java.util.concurrent.FutureTask.get(FutureTask.java:192)
	at org.apache.ratis.server.impl.LeaderElection.waitForResults(LeaderElection.java:262)
	at org.apache.ratis.server.impl.LeaderElection.askForVotes(LeaderElection.java:200)
	at org.apache.ratis.server.impl.LeaderElection.run(LeaderElection.java:130)
	at java.lang.Thread.run(Thread.java:748)
Caused by: org.apache.ratis.thirdparty.io.grpc.StatusRuntimeException: UNAVAILABLE: io exception
	at org.apache.ratis.thirdparty.io.grpc.stub.ClientCalls.toStatusRuntimeException(ClientCalls.java:233)
	at org.apache.ratis.thirdparty.io.grpc.stub.ClientCalls.getUnchecked(ClientCalls.java:214)
	at org.apache.ratis.thirdparty.io.grpc.stub.ClientCalls.blockingUnaryCall(ClientCalls.java:139)
	at org.apache.ratis.proto.grpc.RaftServerProtocolServiceGrpc$RaftServerProtocolServiceBlockingStub.requestVote(RaftServerProtocolServiceGrpc.java:265)
	at org.apache.ratis.grpc.server.GrpcServerProtocolClient.requestVote(GrpcServerProtocolClient.java:83)
	at org.apache.ratis.grpc.server.GrpcService.requestVote(GrpcService.java:195)
	at org.apache.ratis.server.impl.LeaderElection.lambda$submitRequests$1(LeaderElection.java:237)
	at java.util.concurrent.FutureTask.run(FutureTask.java:266)
	at java.util.concurrent.Executors$RunnableAdapter.call(Executors.java:511)
	at java.util.concurrent.FutureTask.run(FutureTask.java:266)
	at java.util.concurrent.ThreadPoolExecutor.runWorker(ThreadPoolExecutor.java:1149)
	at java.util.concurrent.ThreadPoolExecutor$Worker.run(ThreadPoolExecutor.java:624)
	... 1 more
Caused by: org.apache.ratis.thirdparty.io.netty.channel.AbstractChannel$AnnotatedConnectException: Connection refused: /192.168.36.124:36113
	at sun.nio.ch.SocketChannelImpl.checkConnect(Native Method)
	at sun.nio.ch.SocketChannelImpl.finishConnect(SocketChannelImpl.java:717)
	at org.apache.ratis.thirdparty.io.netty.channel.socket.nio.NioSocketChannel.doFinishConnect(NioSocketChannel.java:327)
	at org.apache.ratis.thirdparty.io.netty.channel.nio.AbstractNioChannel$AbstractNioUnsafe.finishConnect(AbstractNioChannel.java:340)
	at org.apache.ratis.thirdparty.io.netty.channel.nio.NioEventLoop.processSelectedKey(NioEventLoop.java:632)
	at org.apache.ratis.thirdparty.io.netty.channel.nio.NioEventLoop.processSelectedKeysOptimized(NioEventLoop.java:579)
	at org.apache.ratis.thirdparty.io.netty.channel.nio.NioEventLoop.processSelectedKeys(NioEventLoop.java:496)
	at org.apache.ratis.thirdparty.io.netty.channel.nio.NioEventLoop.run(NioEventLoop.java:458)
	at org.apache.ratis.thirdparty.io.netty.util.concurrent.SingleThreadEventExecutor$5.run(SingleThreadEventExecutor.java:897)
	at org.apache.ratis.thirdparty.io.netty.util.concurrent.FastThreadLocalRunnable.run(FastThreadLocalRunnable.java:30)
	... 1 more
Caused by: java.net.ConnectException: Connection refused
	... 11 more
2019-08-23 08:44:36,998 [814796da-c9aa-44ae-b4d2-a94a982d530c:group-D6425B254B44:LeaderElection12] INFO  impl.LeaderElection (LogUtils.java:infoOrTrace(149)) - 814796da-c9aa-44ae-b4d2-a94a982d530c:group-D6425B254B44:LeaderElection12 got exception when requesting votes: {}
java.util.concurrent.ExecutionException: org.apache.ratis.thirdparty.io.grpc.StatusRuntimeException: UNAVAILABLE: io exception
	at java.util.concurrent.FutureTask.report(FutureTask.java:122)
	at java.util.concurrent.FutureTask.get(FutureTask.java:192)
	at org.apache.ratis.server.impl.LeaderElection.waitForResults(LeaderElection.java:262)
	at org.apache.ratis.server.impl.LeaderElection.askForVotes(LeaderElection.java:200)
	at org.apache.ratis.server.impl.LeaderElection.run(LeaderElection.java:130)
	at java.lang.Thread.run(Thread.java:748)
Caused by: org.apache.ratis.thirdparty.io.grpc.StatusRuntimeException: UNAVAILABLE: io exception
	at org.apache.ratis.thirdparty.io.grpc.stub.ClientCalls.toStatusRuntimeException(ClientCalls.java:233)
	at org.apache.ratis.thirdparty.io.grpc.stub.ClientCalls.getUnchecked(ClientCalls.java:214)
	at org.apache.ratis.thirdparty.io.grpc.stub.ClientCalls.blockingUnaryCall(ClientCalls.java:139)
	at org.apache.ratis.proto.grpc.RaftServerProtocolServiceGrpc$RaftServerProtocolServiceBlockingStub.requestVote(RaftServerProtocolServiceGrpc.java:265)
	at org.apache.ratis.grpc.server.GrpcServerProtocolClient.requestVote(GrpcServerProtocolClient.java:83)
	at org.apache.ratis.grpc.server.GrpcService.requestVote(GrpcService.java:195)
	at org.apache.ratis.server.impl.LeaderElection.lambda$submitRequests$1(LeaderElection.java:237)
	at java.util.concurrent.FutureTask.run(FutureTask.java:266)
	at java.util.concurrent.Executors$RunnableAdapter.call(Executors.java:511)
	at java.util.concurrent.FutureTask.run(FutureTask.java:266)
	at java.util.concurrent.ThreadPoolExecutor.runWorker(ThreadPoolExecutor.java:1149)
	at java.util.concurrent.ThreadPoolExecutor$Worker.run(ThreadPoolExecutor.java:624)
	... 1 more
Caused by: org.apache.ratis.thirdparty.io.netty.channel.AbstractChannel$AnnotatedConnectException: Connection refused: /192.168.36.124:36113
	at sun.nio.ch.SocketChannelImpl.checkConnect(Native Method)
	at sun.nio.ch.SocketChannelImpl.finishConnect(SocketChannelImpl.java:717)
	at org.apache.ratis.thirdparty.io.netty.channel.socket.nio.NioSocketChannel.doFinishConnect(NioSocketChannel.java:327)
	at org.apache.ratis.thirdparty.io.netty.channel.nio.AbstractNioChannel$AbstractNioUnsafe.finishConnect(AbstractNioChannel.java:340)
	at org.apache.ratis.thirdparty.io.netty.channel.nio.NioEventLoop.processSelectedKey(NioEventLoop.java:632)
	at org.apache.ratis.thirdparty.io.netty.channel.nio.NioEventLoop.processSelectedKeysOptimized(NioEventLoop.java:579)
	at org.apache.ratis.thirdparty.io.netty.channel.nio.NioEventLoop.processSelectedKeys(NioEventLoop.java:496)
	at org.apache.ratis.thirdparty.io.netty.channel.nio.NioEventLoop.run(NioEventLoop.java:458)
	at org.apache.ratis.thirdparty.io.netty.util.concurrent.SingleThreadEventExecutor$5.run(SingleThreadEventExecutor.java:897)
	at org.apache.ratis.thirdparty.io.netty.util.concurrent.FastThreadLocalRunnable.run(FastThreadLocalRunnable.java:30)
	... 1 more
Caused by: java.net.ConnectException: Connection refused
	... 11 more
2019-08-23 08:44:37,007 [6130611f-ea3a-4a14-895f-35c381f9efc4:group-D6425B254B44:LeaderElection11] INFO  impl.LeaderElection (LeaderElection.java:logAndReturn(56)) - 6130611f-ea3a-4a14-895f-35c381f9efc4:group-D6425B254B44:LeaderElection11: Election REJECTED; received 1 response(s) [6130611f-ea3a-4a14-895f-35c381f9efc4<-814796da-c9aa-44ae-b4d2-a94a982d530c#0:FAIL-t2] and 1 exception(s); 6130611f-ea3a-4a14-895f-35c381f9efc4:t2, leader=null, voted=6130611f-ea3a-4a14-895f-35c381f9efc4, raftlog=6130611f-ea3a-4a14-895f-35c381f9efc4-SegmentedRaftLog:OPENED:c2,f2,i2, conf=0: [814796da-c9aa-44ae-b4d2-a94a982d530c:192.168.36.124:45643, c8614be4-ba7c-4b3e-bf92-2a79013b63c7:192.168.36.124:36113, 6130611f-ea3a-4a14-895f-35c381f9efc4:192.168.36.124:37607], old=null
2019-08-23 08:44:37,009 [814796da-c9aa-44ae-b4d2-a94a982d530c:group-D6425B254B44:LeaderElection12] INFO  impl.LeaderElection (LeaderElection.java:logAndReturn(56)) - 814796da-c9aa-44ae-b4d2-a94a982d530c:group-D6425B254B44:LeaderElection12: Election REJECTED; received 1 response(s) [814796da-c9aa-44ae-b4d2-a94a982d530c<-6130611f-ea3a-4a14-895f-35c381f9efc4#0:FAIL-t2] and 1 exception(s); 814796da-c9aa-44ae-b4d2-a94a982d530c:t2, leader=null, voted=814796da-c9aa-44ae-b4d2-a94a982d530c, raftlog=814796da-c9aa-44ae-b4d2-a94a982d530c-SegmentedRaftLog:OPENED:c2,f2,i2, conf=0: [814796da-c9aa-44ae-b4d2-a94a982d530c:192.168.36.124:45643, c8614be4-ba7c-4b3e-bf92-2a79013b63c7:192.168.36.124:36113, 6130611f-ea3a-4a14-895f-35c381f9efc4:192.168.36.124:37607], old=null
2019-08-23 08:44:37,010 [6130611f-ea3a-4a14-895f-35c381f9efc4:group-D6425B254B44:LeaderElection11] INFO  impl.LeaderElection (LogUtils.java:infoOrTrace(149)) -   Exception 0: {}
java.util.concurrent.ExecutionException: org.apache.ratis.thirdparty.io.grpc.StatusRuntimeException: UNAVAILABLE: io exception
	at java.util.concurrent.FutureTask.report(FutureTask.java:122)
	at java.util.concurrent.FutureTask.get(FutureTask.java:192)
	at org.apache.ratis.server.impl.LeaderElection.waitForResults(LeaderElection.java:262)
	at org.apache.ratis.server.impl.LeaderElection.askForVotes(LeaderElection.java:200)
	at org.apache.ratis.server.impl.LeaderElection.run(LeaderElection.java:130)
	at java.lang.Thread.run(Thread.java:748)
Caused by: org.apache.ratis.thirdparty.io.grpc.StatusRuntimeException: UNAVAILABLE: io exception
	at org.apache.ratis.thirdparty.io.grpc.stub.ClientCalls.toStatusRuntimeException(ClientCalls.java:233)
	at org.apache.ratis.thirdparty.io.grpc.stub.ClientCalls.getUnchecked(ClientCalls.java:214)
	at org.apache.ratis.thirdparty.io.grpc.stub.ClientCalls.blockingUnaryCall(ClientCalls.java:139)
	at org.apache.ratis.proto.grpc.RaftServerProtocolServiceGrpc$RaftServerProtocolServiceBlockingStub.requestVote(RaftServerProtocolServiceGrpc.java:265)
	at org.apache.ratis.grpc.server.GrpcServerProtocolClient.requestVote(GrpcServerProtocolClient.java:83)
	at org.apache.ratis.grpc.server.GrpcService.requestVote(GrpcService.java:195)
	at org.apache.ratis.server.impl.LeaderElection.lambda$submitRequests$1(LeaderElection.java:237)
	at java.util.concurrent.FutureTask.run(FutureTask.java:266)
	at java.util.concurrent.Executors$RunnableAdapter.call(Executors.java:511)
	at java.util.concurrent.FutureTask.run(FutureTask.java:266)
	at java.util.concurrent.ThreadPoolExecutor.runWorker(ThreadPoolExecutor.java:1149)
	at java.util.concurrent.ThreadPoolExecutor$Worker.run(ThreadPoolExecutor.java:624)
	... 1 more
Caused by: org.apache.ratis.thirdparty.io.netty.channel.AbstractChannel$AnnotatedConnectException: Connection refused: /192.168.36.124:36113
	at sun.nio.ch.SocketChannelImpl.checkConnect(Native Method)
	at sun.nio.ch.SocketChannelImpl.finishConnect(SocketChannelImpl.java:717)
	at org.apache.ratis.thirdparty.io.netty.channel.socket.nio.NioSocketChannel.doFinishConnect(NioSocketChannel.java:327)
	at org.apache.ratis.thirdparty.io.netty.channel.nio.AbstractNioChannel$AbstractNioUnsafe.finishConnect(AbstractNioChannel.java:340)
	at org.apache.ratis.thirdparty.io.netty.channel.nio.NioEventLoop.processSelectedKey(NioEventLoop.java:632)
	at org.apache.ratis.thirdparty.io.netty.channel.nio.NioEventLoop.processSelectedKeysOptimized(NioEventLoop.java:579)
	at org.apache.ratis.thirdparty.io.netty.channel.nio.NioEventLoop.processSelectedKeys(NioEventLoop.java:496)
	at org.apache.ratis.thirdparty.io.netty.channel.nio.NioEventLoop.run(NioEventLoop.java:458)
	at org.apache.ratis.thirdparty.io.netty.util.concurrent.SingleThreadEventExecutor$5.run(SingleThreadEventExecutor.java:897)
	at org.apache.ratis.thirdparty.io.netty.util.concurrent.FastThreadLocalRunnable.run(FastThreadLocalRunnable.java:30)
	... 1 more
Caused by: java.net.ConnectException: Connection refused
	... 11 more
2019-08-23 08:44:37,010 [814796da-c9aa-44ae-b4d2-a94a982d530c:group-D6425B254B44:LeaderElection12] INFO  impl.LeaderElection (LogUtils.java:infoOrTrace(149)) -   Exception 0: {}
java.util.concurrent.ExecutionException: org.apache.ratis.thirdparty.io.grpc.StatusRuntimeException: UNAVAILABLE: io exception
	at java.util.concurrent.FutureTask.report(FutureTask.java:122)
	at java.util.concurrent.FutureTask.get(FutureTask.java:192)
	at org.apache.ratis.server.impl.LeaderElection.waitForResults(LeaderElection.java:262)
	at org.apache.ratis.server.impl.LeaderElection.askForVotes(LeaderElection.java:200)
	at org.apache.ratis.server.impl.LeaderElection.run(LeaderElection.java:130)
	at java.lang.Thread.run(Thread.java:748)
Caused by: org.apache.ratis.thirdparty.io.grpc.StatusRuntimeException: UNAVAILABLE: io exception
	at org.apache.ratis.thirdparty.io.grpc.stub.ClientCalls.toStatusRuntimeException(ClientCalls.java:233)
	at org.apache.ratis.thirdparty.io.grpc.stub.ClientCalls.getUnchecked(ClientCalls.java:214)
	at org.apache.ratis.thirdparty.io.grpc.stub.ClientCalls.blockingUnaryCall(ClientCalls.java:139)
	at org.apache.ratis.proto.grpc.RaftServerProtocolServiceGrpc$RaftServerProtocolServiceBlockingStub.requestVote(RaftServerProtocolServiceGrpc.java:265)
	at org.apache.ratis.grpc.server.GrpcServerProtocolClient.requestVote(GrpcServerProtocolClient.java:83)
	at org.apache.ratis.grpc.server.GrpcService.requestVote(GrpcService.java:195)
	at org.apache.ratis.server.impl.LeaderElection.lambda$submitRequests$1(LeaderElection.java:237)
	at java.util.concurrent.FutureTask.run(FutureTask.java:266)
	at java.util.concurrent.Executors$RunnableAdapter.call(Executors.java:511)
	at java.util.concurrent.FutureTask.run(FutureTask.java:266)
	at java.util.concurrent.ThreadPoolExecutor.runWorker(ThreadPoolExecutor.java:1149)
	at java.util.concurrent.ThreadPoolExecutor$Worker.run(ThreadPoolExecutor.java:624)
	... 1 more
Caused by: org.apache.ratis.thirdparty.io.netty.channel.AbstractChannel$AnnotatedConnectException: Connection refused: /192.168.36.124:36113
	at sun.nio.ch.SocketChannelImpl.checkConnect(Native Method)
	at sun.nio.ch.SocketChannelImpl.finishConnect(SocketChannelImpl.java:717)
	at org.apache.ratis.thirdparty.io.netty.channel.socket.nio.NioSocketChannel.doFinishConnect(NioSocketChannel.java:327)
	at org.apache.ratis.thirdparty.io.netty.channel.nio.AbstractNioChannel$AbstractNioUnsafe.finishConnect(AbstractNioChannel.java:340)
	at org.apache.ratis.thirdparty.io.netty.channel.nio.NioEventLoop.processSelectedKey(NioEventLoop.java:632)
	at org.apache.ratis.thirdparty.io.netty.channel.nio.NioEventLoop.processSelectedKeysOptimized(NioEventLoop.java:579)
	at org.apache.ratis.thirdparty.io.netty.channel.nio.NioEventLoop.processSelectedKeys(NioEventLoop.java:496)
	at org.apache.ratis.thirdparty.io.netty.channel.nio.NioEventLoop.run(NioEventLoop.java:458)
	at org.apache.ratis.thirdparty.io.netty.util.concurrent.SingleThreadEventExecutor$5.run(SingleThreadEventExecutor.java:897)
	at org.apache.ratis.thirdparty.io.netty.util.concurrent.FastThreadLocalRunnable.run(FastThreadLocalRunnable.java:30)
	... 1 more
Caused by: java.net.ConnectException: Connection refused
	... 11 more
2019-08-23 08:44:37,011 [6130611f-ea3a-4a14-895f-35c381f9efc4:group-D6425B254B44:LeaderElection11] INFO  impl.RaftServerImpl (RaftServerImpl.java:setRole(171)) - 6130611f-ea3a-4a14-895f-35c381f9efc4:group-D6425B254B44 changes role from CANDIDATE to FOLLOWER at term 2 for DISCOVERED_A_NEW_TERM
2019-08-23 08:44:37,013 [814796da-c9aa-44ae-b4d2-a94a982d530c:group-D6425B254B44:LeaderElection12] INFO  impl.RaftServerImpl (RaftServerImpl.java:setRole(171)) - 814796da-c9aa-44ae-b4d2-a94a982d530c:group-D6425B254B44 changes role from CANDIDATE to FOLLOWER at term 2 for DISCOVERED_A_NEW_TERM
2019-08-23 08:44:37,015 [6130611f-ea3a-4a14-895f-35c381f9efc4:group-D6425B254B44:LeaderElection11] INFO  impl.RoleInfo (RoleInfo.java:shutdownLeaderElection(134)) - 6130611f-ea3a-4a14-895f-35c381f9efc4: shutdown LeaderElection
2019-08-23 08:44:37,015 [814796da-c9aa-44ae-b4d2-a94a982d530c:group-D6425B254B44:LeaderElection12] INFO  impl.RoleInfo (RoleInfo.java:shutdownLeaderElection(134)) - 814796da-c9aa-44ae-b4d2-a94a982d530c: shutdown LeaderElection
2019-08-23 08:44:37,016 [6130611f-ea3a-4a14-895f-35c381f9efc4:group-D6425B254B44:LeaderElection11] INFO  impl.RoleInfo (RoleInfo.java:updateAndGet(143)) - 6130611f-ea3a-4a14-895f-35c381f9efc4: start FollowerState
2019-08-23 08:44:37,016 [814796da-c9aa-44ae-b4d2-a94a982d530c:group-D6425B254B44:LeaderElection12] INFO  impl.RoleInfo (RoleInfo.java:updateAndGet(143)) - 814796da-c9aa-44ae-b4d2-a94a982d530c: start FollowerState
2019-08-23 08:44:37,137 | INFO  | SCMAudit | user=jenkins1000 | ip=192.168.36.124 | op=SEND_HEARTBEAT {datanodeUUID=d25e1fb2-dc34-4d59-84ce-3be5e962ff3d, command=[]} | ret=SUCCESS |  
2019-08-23 08:44:37,438 | INFO  | SCMAudit | user=jenkins1000 | ip=192.168.36.124 | op=SEND_HEARTBEAT {datanodeUUID=814796da-c9aa-44ae-b4d2-a94a982d530c, command=[]} | ret=SUCCESS |  
2019-08-23 08:44:37,438 | INFO  | SCMAudit | user=jenkins1000 | ip=192.168.36.124 | op=SEND_HEARTBEAT {datanodeUUID=6130611f-ea3a-4a14-895f-35c381f9efc4, command=[]} | ret=SUCCESS |  
2019-08-23 08:44:37,678 | INFO  | SCMAudit | user=jenkins1000 | ip=192.168.36.124 | op=SEND_HEARTBEAT {datanodeUUID=282270cf-20fb-461f-9c8a-9450796f87ad, command=[]} | ret=SUCCESS |  
2019-08-23 08:44:37,773 | INFO  | SCMAudit | user=jenkins1000 | ip=192.168.36.124 | op=SEND_HEARTBEAT {datanodeUUID=06ff8c32-d6a1-4424-b29b-4c2a415942d4, command=[]} | ret=SUCCESS |  
2019-08-23 08:44:37,815 | INFO  | SCMAudit | user=jenkins1000 | ip=192.168.36.124 | op=SEND_HEARTBEAT {datanodeUUID=5f42c09d-68f5-43be-ab10-ef5f897cf19a, command=[]} | ret=SUCCESS |  
2019-08-23 08:44:38,138 | INFO  | SCMAudit | user=jenkins1000 | ip=192.168.36.124 | op=SEND_HEARTBEAT {datanodeUUID=d25e1fb2-dc34-4d59-84ce-3be5e962ff3d, command=[]} | ret=SUCCESS |  
2019-08-23 08:44:38,438 | INFO  | SCMAudit | user=jenkins1000 | ip=192.168.36.124 | op=SEND_HEARTBEAT {datanodeUUID=6130611f-ea3a-4a14-895f-35c381f9efc4, command=[]} | ret=SUCCESS |  
2019-08-23 08:44:38,438 | INFO  | SCMAudit | user=jenkins1000 | ip=192.168.36.124 | op=SEND_HEARTBEAT {datanodeUUID=814796da-c9aa-44ae-b4d2-a94a982d530c, command=[]} | ret=SUCCESS |  
2019-08-23 08:44:38,679 | INFO  | SCMAudit | user=jenkins1000 | ip=192.168.36.124 | op=SEND_HEARTBEAT {datanodeUUID=282270cf-20fb-461f-9c8a-9450796f87ad, command=[]} | ret=SUCCESS |  
2019-08-23 08:44:38,772 | INFO  | SCMAudit | user=jenkins1000 | ip=192.168.36.124 | op=SEND_HEARTBEAT {datanodeUUID=06ff8c32-d6a1-4424-b29b-4c2a415942d4, command=[]} | ret=SUCCESS |  
2019-08-23 08:44:38,812 [grpc-default-executor-2] INFO  client.GrpcClientProtocolClient (GrpcClientProtocolClient.java:onNext(255)) - client-594D477ACB77->814796da-c9aa-44ae-b4d2-a94a982d530c: receive RaftClientReply:client-594D477ACB77->814796da-c9aa-44ae-b4d2-a94a982d530c@group-D6425B254B44, cid=14, FAILED org.apache.ratis.protocol.NotLeaderException: Server 814796da-c9aa-44ae-b4d2-a94a982d530c is not the leader (null). Request must be sent to leader., logIndex=0, commits[814796da-c9aa-44ae-b4d2-a94a982d530c:c2, c8614be4-ba7c-4b3e-bf92-2a79013b63c7:c2, 6130611f-ea3a-4a14-895f-35c381f9efc4:c2]
2019-08-23 08:44:38,822 | INFO  | SCMAudit | user=jenkins1000 | ip=192.168.36.124 | op=SEND_HEARTBEAT {datanodeUUID=5f42c09d-68f5-43be-ab10-ef5f897cf19a, command=[]} | ret=SUCCESS |  
2019-08-23 08:44:39,137 | INFO  | SCMAudit | user=jenkins1000 | ip=192.168.36.124 | op=SEND_HEARTBEAT {datanodeUUID=d25e1fb2-dc34-4d59-84ce-3be5e962ff3d, command=[]} | ret=SUCCESS |  
2019-08-23 08:44:39,439 | INFO  | SCMAudit | user=jenkins1000 | ip=192.168.36.124 | op=SEND_HEARTBEAT {datanodeUUID=6130611f-ea3a-4a14-895f-35c381f9efc4, command=[]} | ret=SUCCESS |  
2019-08-23 08:44:39,439 | INFO  | SCMAudit | user=jenkins1000 | ip=192.168.36.124 | op=SEND_HEARTBEAT {datanodeUUID=814796da-c9aa-44ae-b4d2-a94a982d530c, command=[]} | ret=SUCCESS |  
2019-08-23 08:44:39,678 | INFO  | SCMAudit | user=jenkins1000 | ip=192.168.36.124 | op=SEND_HEARTBEAT {datanodeUUID=282270cf-20fb-461f-9c8a-9450796f87ad, command=[]} | ret=SUCCESS |  
2019-08-23 08:44:39,772 | INFO  | SCMAudit | user=jenkins1000 | ip=192.168.36.124 | op=SEND_HEARTBEAT {datanodeUUID=06ff8c32-d6a1-4424-b29b-4c2a415942d4, command=[]} | ret=SUCCESS |  
2019-08-23 08:44:39,816 | INFO  | SCMAudit | user=jenkins1000 | ip=192.168.36.124 | op=SEND_HEARTBEAT {datanodeUUID=5f42c09d-68f5-43be-ab10-ef5f897cf19a, command=[]} | ret=SUCCESS |  
2019-08-23 08:44:40,137 | INFO  | SCMAudit | user=jenkins1000 | ip=192.168.36.124 | op=SEND_HEARTBEAT {datanodeUUID=d25e1fb2-dc34-4d59-84ce-3be5e962ff3d, command=[]} | ret=SUCCESS |  
2019-08-23 08:44:40,438 | INFO  | SCMAudit | user=jenkins1000 | ip=192.168.36.124 | op=SEND_HEARTBEAT {datanodeUUID=6130611f-ea3a-4a14-895f-35c381f9efc4, command=[]} | ret=SUCCESS |  
2019-08-23 08:44:40,438 | INFO  | SCMAudit | user=jenkins1000 | ip=192.168.36.124 | op=SEND_HEARTBEAT {datanodeUUID=814796da-c9aa-44ae-b4d2-a94a982d530c, command=[]} | ret=SUCCESS |  
2019-08-23 08:44:40,678 | INFO  | SCMAudit | user=jenkins1000 | ip=192.168.36.124 | op=SEND_HEARTBEAT {datanodeUUID=282270cf-20fb-461f-9c8a-9450796f87ad, command=[]} | ret=SUCCESS |  
2019-08-23 08:44:40,772 | INFO  | SCMAudit | user=jenkins1000 | ip=192.168.36.124 | op=SEND_HEARTBEAT {datanodeUUID=06ff8c32-d6a1-4424-b29b-4c2a415942d4, command=[]} | ret=SUCCESS |  
2019-08-23 08:44:40,816 | INFO  | SCMAudit | user=jenkins1000 | ip=192.168.36.124 | op=SEND_HEARTBEAT {datanodeUUID=5f42c09d-68f5-43be-ab10-ef5f897cf19a, command=[]} | ret=SUCCESS |  
2019-08-23 08:44:40,849 [grpc-default-executor-3] INFO  client.GrpcClientProtocolClient (GrpcClientProtocolClient.java:onNext(255)) - client-594D477ACB77->6130611f-ea3a-4a14-895f-35c381f9efc4: receive RaftClientReply:client-594D477ACB77->6130611f-ea3a-4a14-895f-35c381f9efc4@group-D6425B254B44, cid=14, FAILED org.apache.ratis.protocol.NotLeaderException: Server 6130611f-ea3a-4a14-895f-35c381f9efc4 is not the leader (null). Request must be sent to leader., logIndex=0, commits[6130611f-ea3a-4a14-895f-35c381f9efc4:c2, 814796da-c9aa-44ae-b4d2-a94a982d530c:c2, c8614be4-ba7c-4b3e-bf92-2a79013b63c7:c2]
2019-08-23 08:44:41,138 | INFO  | SCMAudit | user=jenkins1000 | ip=192.168.36.124 | op=SEND_HEARTBEAT {datanodeUUID=d25e1fb2-dc34-4d59-84ce-3be5e962ff3d, command=[]} | ret=SUCCESS |  
2019-08-23 08:44:41,438 | INFO  | SCMAudit | user=jenkins1000 | ip=192.168.36.124 | op=SEND_HEARTBEAT {datanodeUUID=814796da-c9aa-44ae-b4d2-a94a982d530c, command=[]} | ret=SUCCESS |  
2019-08-23 08:44:41,438 | INFO  | SCMAudit | user=jenkins1000 | ip=192.168.36.124 | op=SEND_HEARTBEAT {datanodeUUID=6130611f-ea3a-4a14-895f-35c381f9efc4, command=[]} | ret=SUCCESS |  
2019-08-23 08:44:41,679 | INFO  | SCMAudit | user=jenkins1000 | ip=192.168.36.124 | op=SEND_HEARTBEAT {datanodeUUID=282270cf-20fb-461f-9c8a-9450796f87ad, command=[]} | ret=SUCCESS |  
2019-08-23 08:44:41,772 | INFO  | SCMAudit | user=jenkins1000 | ip=192.168.36.124 | op=SEND_HEARTBEAT {datanodeUUID=06ff8c32-d6a1-4424-b29b-4c2a415942d4, command=[]} | ret=SUCCESS |  
2019-08-23 08:44:41,816 | INFO  | SCMAudit | user=jenkins1000 | ip=192.168.36.124 | op=SEND_HEARTBEAT {datanodeUUID=5f42c09d-68f5-43be-ab10-ef5f897cf19a, command=[]} | ret=SUCCESS |  
2019-08-23 08:44:41,872 [grpc-default-executor-1] INFO  client.GrpcClientProtocolClient (GrpcClientProtocolClient.java:onNext(255)) - client-594D477ACB77->814796da-c9aa-44ae-b4d2-a94a982d530c: receive RaftClientReply:client-594D477ACB77->814796da-c9aa-44ae-b4d2-a94a982d530c@group-D6425B254B44, cid=14, FAILED org.apache.ratis.protocol.NotLeaderException: Server 814796da-c9aa-44ae-b4d2-a94a982d530c is not the leader (null). Request must be sent to leader., logIndex=0, commits[814796da-c9aa-44ae-b4d2-a94a982d530c:c2, c8614be4-ba7c-4b3e-bf92-2a79013b63c7:c2, 6130611f-ea3a-4a14-895f-35c381f9efc4:c2]
2019-08-23 08:44:42,091 [Thread-382] INFO  impl.FollowerState (FollowerState.java:run(106)) - 6130611f-ea3a-4a14-895f-35c381f9efc4:group-D6425B254B44 changes to CANDIDATE, lastRpcTime:5075, electionTimeout:5073ms
2019-08-23 08:44:42,091 [Thread-382] INFO  impl.RoleInfo (RoleInfo.java:shutdownFollowerState(121)) - 6130611f-ea3a-4a14-895f-35c381f9efc4: shutdown FollowerState
2019-08-23 08:44:42,092 [Thread-382] INFO  impl.RaftServerImpl (RaftServerImpl.java:setRole(171)) - 6130611f-ea3a-4a14-895f-35c381f9efc4:group-D6425B254B44 changes role from FOLLOWER to CANDIDATE at term 2 for changeToCandidate
2019-08-23 08:44:42,092 [Thread-382] INFO  impl.RoleInfo (RoleInfo.java:updateAndGet(143)) - 6130611f-ea3a-4a14-895f-35c381f9efc4: start LeaderElection
2019-08-23 08:44:42,132 [Thread-383] INFO  impl.FollowerState (FollowerState.java:run(106)) - 814796da-c9aa-44ae-b4d2-a94a982d530c:group-D6425B254B44 changes to CANDIDATE, lastRpcTime:5116, electionTimeout:5114ms
2019-08-23 08:44:42,132 [Thread-383] INFO  impl.RoleInfo (RoleInfo.java:shutdownFollowerState(121)) - 814796da-c9aa-44ae-b4d2-a94a982d530c: shutdown FollowerState
2019-08-23 08:44:42,133 [Thread-383] INFO  impl.RaftServerImpl (RaftServerImpl.java:setRole(171)) - 814796da-c9aa-44ae-b4d2-a94a982d530c:group-D6425B254B44 changes role from FOLLOWER to CANDIDATE at term 2 for changeToCandidate
2019-08-23 08:44:42,133 [Thread-383] INFO  impl.RoleInfo (RoleInfo.java:updateAndGet(143)) - 814796da-c9aa-44ae-b4d2-a94a982d530c: start LeaderElection
2019-08-23 08:44:42,138 | INFO  | SCMAudit | user=jenkins1000 | ip=192.168.36.124 | op=SEND_HEARTBEAT {datanodeUUID=d25e1fb2-dc34-4d59-84ce-3be5e962ff3d, command=[]} | ret=SUCCESS |  
2019-08-23 08:44:42,143 [6130611f-ea3a-4a14-895f-35c381f9efc4:group-D6425B254B44:LeaderElection13] INFO  impl.LeaderElection (LeaderElection.java:askForVotes(181)) - 6130611f-ea3a-4a14-895f-35c381f9efc4:group-D6425B254B44:LeaderElection13: begin an election at term 3 for 0: [814796da-c9aa-44ae-b4d2-a94a982d530c:192.168.36.124:45643, c8614be4-ba7c-4b3e-bf92-2a79013b63c7:192.168.36.124:36113, 6130611f-ea3a-4a14-895f-35c381f9efc4:192.168.36.124:37607], old=null
2019-08-23 08:44:42,145 [6130611f-ea3a-4a14-895f-35c381f9efc4:group-D6425B254B44:LeaderElection13] INFO  impl.LeaderElection (LogUtils.java:infoOrTrace(149)) - 6130611f-ea3a-4a14-895f-35c381f9efc4:group-D6425B254B44:LeaderElection13 got exception when requesting votes: {}
java.util.concurrent.ExecutionException: org.apache.ratis.thirdparty.io.grpc.StatusRuntimeException: UNAVAILABLE: io exception
	at java.util.concurrent.FutureTask.report(FutureTask.java:122)
	at java.util.concurrent.FutureTask.get(FutureTask.java:192)
	at org.apache.ratis.server.impl.LeaderElection.waitForResults(LeaderElection.java:262)
	at org.apache.ratis.server.impl.LeaderElection.askForVotes(LeaderElection.java:200)
	at org.apache.ratis.server.impl.LeaderElection.run(LeaderElection.java:130)
	at java.lang.Thread.run(Thread.java:748)
Caused by: org.apache.ratis.thirdparty.io.grpc.StatusRuntimeException: UNAVAILABLE: io exception
	at org.apache.ratis.thirdparty.io.grpc.stub.ClientCalls.toStatusRuntimeException(ClientCalls.java:233)
	at org.apache.ratis.thirdparty.io.grpc.stub.ClientCalls.getUnchecked(ClientCalls.java:214)
	at org.apache.ratis.thirdparty.io.grpc.stub.ClientCalls.blockingUnaryCall(ClientCalls.java:139)
	at org.apache.ratis.proto.grpc.RaftServerProtocolServiceGrpc$RaftServerProtocolServiceBlockingStub.requestVote(RaftServerProtocolServiceGrpc.java:265)
	at org.apache.ratis.grpc.server.GrpcServerProtocolClient.requestVote(GrpcServerProtocolClient.java:83)
	at org.apache.ratis.grpc.server.GrpcService.requestVote(GrpcService.java:195)
	at org.apache.ratis.server.impl.LeaderElection.lambda$submitRequests$1(LeaderElection.java:237)
	at java.util.concurrent.FutureTask.run(FutureTask.java:266)
	at java.util.concurrent.Executors$RunnableAdapter.call(Executors.java:511)
	at java.util.concurrent.FutureTask.run(FutureTask.java:266)
	at java.util.concurrent.ThreadPoolExecutor.runWorker(ThreadPoolExecutor.java:1149)
	at java.util.concurrent.ThreadPoolExecutor$Worker.run(ThreadPoolExecutor.java:624)
	... 1 more
Caused by: org.apache.ratis.thirdparty.io.netty.channel.AbstractChannel$AnnotatedConnectException: Connection refused: /192.168.36.124:36113
	at sun.nio.ch.SocketChannelImpl.checkConnect(Native Method)
	at sun.nio.ch.SocketChannelImpl.finishConnect(SocketChannelImpl.java:717)
	at org.apache.ratis.thirdparty.io.netty.channel.socket.nio.NioSocketChannel.doFinishConnect(NioSocketChannel.java:327)
	at org.apache.ratis.thirdparty.io.netty.channel.nio.AbstractNioChannel$AbstractNioUnsafe.finishConnect(AbstractNioChannel.java:340)
	at org.apache.ratis.thirdparty.io.netty.channel.nio.NioEventLoop.processSelectedKey(NioEventLoop.java:632)
	at org.apache.ratis.thirdparty.io.netty.channel.nio.NioEventLoop.processSelectedKeysOptimized(NioEventLoop.java:579)
	at org.apache.ratis.thirdparty.io.netty.channel.nio.NioEventLoop.processSelectedKeys(NioEventLoop.java:496)
	at org.apache.ratis.thirdparty.io.netty.channel.nio.NioEventLoop.run(NioEventLoop.java:458)
	at org.apache.ratis.thirdparty.io.netty.util.concurrent.SingleThreadEventExecutor$5.run(SingleThreadEventExecutor.java:897)
	at org.apache.ratis.thirdparty.io.netty.util.concurrent.FastThreadLocalRunnable.run(FastThreadLocalRunnable.java:30)
	... 1 more
Caused by: java.net.ConnectException: Connection refused
	... 11 more
2019-08-23 08:44:42,157 [814796da-c9aa-44ae-b4d2-a94a982d530c:group-D6425B254B44:LeaderElection14] INFO  impl.LeaderElection (LeaderElection.java:askForVotes(181)) - 814796da-c9aa-44ae-b4d2-a94a982d530c:group-D6425B254B44:LeaderElection14: begin an election at term 3 for 0: [814796da-c9aa-44ae-b4d2-a94a982d530c:192.168.36.124:45643, c8614be4-ba7c-4b3e-bf92-2a79013b63c7:192.168.36.124:36113, 6130611f-ea3a-4a14-895f-35c381f9efc4:192.168.36.124:37607], old=null
2019-08-23 08:44:42,158 [814796da-c9aa-44ae-b4d2-a94a982d530c:group-D6425B254B44:LeaderElection14] INFO  impl.LeaderElection (LogUtils.java:infoOrTrace(149)) - 814796da-c9aa-44ae-b4d2-a94a982d530c:group-D6425B254B44:LeaderElection14 got exception when requesting votes: {}
java.util.concurrent.ExecutionException: org.apache.ratis.thirdparty.io.grpc.StatusRuntimeException: UNAVAILABLE: io exception
	at java.util.concurrent.FutureTask.report(FutureTask.java:122)
	at java.util.concurrent.FutureTask.get(FutureTask.java:192)
	at org.apache.ratis.server.impl.LeaderElection.waitForResults(LeaderElection.java:262)
	at org.apache.ratis.server.impl.LeaderElection.askForVotes(LeaderElection.java:200)
	at org.apache.ratis.server.impl.LeaderElection.run(LeaderElection.java:130)
	at java.lang.Thread.run(Thread.java:748)
Caused by: org.apache.ratis.thirdparty.io.grpc.StatusRuntimeException: UNAVAILABLE: io exception
	at org.apache.ratis.thirdparty.io.grpc.stub.ClientCalls.toStatusRuntimeException(ClientCalls.java:233)
	at org.apache.ratis.thirdparty.io.grpc.stub.ClientCalls.getUnchecked(ClientCalls.java:214)
	at org.apache.ratis.thirdparty.io.grpc.stub.ClientCalls.blockingUnaryCall(ClientCalls.java:139)
	at org.apache.ratis.proto.grpc.RaftServerProtocolServiceGrpc$RaftServerProtocolServiceBlockingStub.requestVote(RaftServerProtocolServiceGrpc.java:265)
	at org.apache.ratis.grpc.server.GrpcServerProtocolClient.requestVote(GrpcServerProtocolClient.java:83)
	at org.apache.ratis.grpc.server.GrpcService.requestVote(GrpcService.java:195)
	at org.apache.ratis.server.impl.LeaderElection.lambda$submitRequests$1(LeaderElection.java:237)
	at java.util.concurrent.FutureTask.run(FutureTask.java:266)
	at java.util.concurrent.Executors$RunnableAdapter.call(Executors.java:511)
	at java.util.concurrent.FutureTask.run(FutureTask.java:266)
	at java.util.concurrent.ThreadPoolExecutor.runWorker(ThreadPoolExecutor.java:1149)
	at java.util.concurrent.ThreadPoolExecutor$Worker.run(ThreadPoolExecutor.java:624)
	... 1 more
Caused by: org.apache.ratis.thirdparty.io.netty.channel.AbstractChannel$AnnotatedConnectException: Connection refused: /192.168.36.124:36113
	at sun.nio.ch.SocketChannelImpl.checkConnect(Native Method)
	at sun.nio.ch.SocketChannelImpl.finishConnect(SocketChannelImpl.java:717)
	at org.apache.ratis.thirdparty.io.netty.channel.socket.nio.NioSocketChannel.doFinishConnect(NioSocketChannel.java:327)
	at org.apache.ratis.thirdparty.io.netty.channel.nio.AbstractNioChannel$AbstractNioUnsafe.finishConnect(AbstractNioChannel.java:340)
	at org.apache.ratis.thirdparty.io.netty.channel.nio.NioEventLoop.processSelectedKey(NioEventLoop.java:632)
	at org.apache.ratis.thirdparty.io.netty.channel.nio.NioEventLoop.processSelectedKeysOptimized(NioEventLoop.java:579)
	at org.apache.ratis.thirdparty.io.netty.channel.nio.NioEventLoop.processSelectedKeys(NioEventLoop.java:496)
	at org.apache.ratis.thirdparty.io.netty.channel.nio.NioEventLoop.run(NioEventLoop.java:458)
	at org.apache.ratis.thirdparty.io.netty.util.concurrent.SingleThreadEventExecutor$5.run(SingleThreadEventExecutor.java:897)
	at org.apache.ratis.thirdparty.io.netty.util.concurrent.FastThreadLocalRunnable.run(FastThreadLocalRunnable.java:30)
	... 1 more
Caused by: java.net.ConnectException: Connection refused
	... 11 more
2019-08-23 08:44:42,161 [6130611f-ea3a-4a14-895f-35c381f9efc4:group-D6425B254B44:LeaderElection13] INFO  impl.LeaderElection (LeaderElection.java:logAndReturn(56)) - 6130611f-ea3a-4a14-895f-35c381f9efc4:group-D6425B254B44:LeaderElection13: Election REJECTED; received 1 response(s) [6130611f-ea3a-4a14-895f-35c381f9efc4<-814796da-c9aa-44ae-b4d2-a94a982d530c#0:FAIL-t3] and 1 exception(s); 6130611f-ea3a-4a14-895f-35c381f9efc4:t3, leader=null, voted=6130611f-ea3a-4a14-895f-35c381f9efc4, raftlog=6130611f-ea3a-4a14-895f-35c381f9efc4-SegmentedRaftLog:OPENED:c2,f2,i2, conf=0: [814796da-c9aa-44ae-b4d2-a94a982d530c:192.168.36.124:45643, c8614be4-ba7c-4b3e-bf92-2a79013b63c7:192.168.36.124:36113, 6130611f-ea3a-4a14-895f-35c381f9efc4:192.168.36.124:37607], old=null
2019-08-23 08:44:42,161 [6130611f-ea3a-4a14-895f-35c381f9efc4:group-D6425B254B44:LeaderElection13] INFO  impl.LeaderElection (LogUtils.java:infoOrTrace(149)) -   Exception 0: {}
java.util.concurrent.ExecutionException: org.apache.ratis.thirdparty.io.grpc.StatusRuntimeException: UNAVAILABLE: io exception
	at java.util.concurrent.FutureTask.report(FutureTask.java:122)
	at java.util.concurrent.FutureTask.get(FutureTask.java:192)
	at org.apache.ratis.server.impl.LeaderElection.waitForResults(LeaderElection.java:262)
	at org.apache.ratis.server.impl.LeaderElection.askForVotes(LeaderElection.java:200)
	at org.apache.ratis.server.impl.LeaderElection.run(LeaderElection.java:130)
	at java.lang.Thread.run(Thread.java:748)
Caused by: org.apache.ratis.thirdparty.io.grpc.StatusRuntimeException: UNAVAILABLE: io exception
	at org.apache.ratis.thirdparty.io.grpc.stub.ClientCalls.toStatusRuntimeException(ClientCalls.java:233)
	at org.apache.ratis.thirdparty.io.grpc.stub.ClientCalls.getUnchecked(ClientCalls.java:214)
	at org.apache.ratis.thirdparty.io.grpc.stub.ClientCalls.blockingUnaryCall(ClientCalls.java:139)
	at org.apache.ratis.proto.grpc.RaftServerProtocolServiceGrpc$RaftServerProtocolServiceBlockingStub.requestVote(RaftServerProtocolServiceGrpc.java:265)
	at org.apache.ratis.grpc.server.GrpcServerProtocolClient.requestVote(GrpcServerProtocolClient.java:83)
	at org.apache.ratis.grpc.server.GrpcService.requestVote(GrpcService.java:195)
	at org.apache.ratis.server.impl.LeaderElection.lambda$submitRequests$1(LeaderElection.java:237)
	at java.util.concurrent.FutureTask.run(FutureTask.java:266)
	at java.util.concurrent.Executors$RunnableAdapter.call(Executors.java:511)
	at java.util.concurrent.FutureTask.run(FutureTask.java:266)
	at java.util.concurrent.ThreadPoolExecutor.runWorker(ThreadPoolExecutor.java:1149)
	at java.util.concurrent.ThreadPoolExecutor$Worker.run(ThreadPoolExecutor.java:624)
	... 1 more
Caused by: org.apache.ratis.thirdparty.io.netty.channel.AbstractChannel$AnnotatedConnectException: Connection refused: /192.168.36.124:36113
	at sun.nio.ch.SocketChannelImpl.checkConnect(Native Method)
	at sun.nio.ch.SocketChannelImpl.finishConnect(SocketChannelImpl.java:717)
	at org.apache.ratis.thirdparty.io.netty.channel.socket.nio.NioSocketChannel.doFinishConnect(NioSocketChannel.java:327)
	at org.apache.ratis.thirdparty.io.netty.channel.nio.AbstractNioChannel$AbstractNioUnsafe.finishConnect(AbstractNioChannel.java:340)
	at org.apache.ratis.thirdparty.io.netty.channel.nio.NioEventLoop.processSelectedKey(NioEventLoop.java:632)
	at org.apache.ratis.thirdparty.io.netty.channel.nio.NioEventLoop.processSelectedKeysOptimized(NioEventLoop.java:579)
	at org.apache.ratis.thirdparty.io.netty.channel.nio.NioEventLoop.processSelectedKeys(NioEventLoop.java:496)
	at org.apache.ratis.thirdparty.io.netty.channel.nio.NioEventLoop.run(NioEventLoop.java:458)
	at org.apache.ratis.thirdparty.io.netty.util.concurrent.SingleThreadEventExecutor$5.run(SingleThreadEventExecutor.java:897)
	at org.apache.ratis.thirdparty.io.netty.util.concurrent.FastThreadLocalRunnable.run(FastThreadLocalRunnable.java:30)
	... 1 more
Caused by: java.net.ConnectException: Connection refused
	... 11 more
2019-08-23 08:44:42,166 [6130611f-ea3a-4a14-895f-35c381f9efc4:group-D6425B254B44:LeaderElection13] INFO  impl.RaftServerImpl (RaftServerImpl.java:setRole(171)) - 6130611f-ea3a-4a14-895f-35c381f9efc4:group-D6425B254B44 changes role from CANDIDATE to FOLLOWER at term 3 for DISCOVERED_A_NEW_TERM
2019-08-23 08:44:42,168 [6130611f-ea3a-4a14-895f-35c381f9efc4:group-D6425B254B44:LeaderElection13] INFO  impl.RoleInfo (RoleInfo.java:shutdownLeaderElection(134)) - 6130611f-ea3a-4a14-895f-35c381f9efc4: shutdown LeaderElection
2019-08-23 08:44:42,169 [6130611f-ea3a-4a14-895f-35c381f9efc4:group-D6425B254B44:LeaderElection13] INFO  impl.RoleInfo (RoleInfo.java:updateAndGet(143)) - 6130611f-ea3a-4a14-895f-35c381f9efc4: start FollowerState
2019-08-23 08:44:42,172 [814796da-c9aa-44ae-b4d2-a94a982d530c:group-D6425B254B44:LeaderElection14] INFO  impl.LeaderElection (LeaderElection.java:logAndReturn(56)) - 814796da-c9aa-44ae-b4d2-a94a982d530c:group-D6425B254B44:LeaderElection14: Election REJECTED; received 1 response(s) [814796da-c9aa-44ae-b4d2-a94a982d530c<-6130611f-ea3a-4a14-895f-35c381f9efc4#0:FAIL-t3] and 1 exception(s); 814796da-c9aa-44ae-b4d2-a94a982d530c:t3, leader=null, voted=814796da-c9aa-44ae-b4d2-a94a982d530c, raftlog=814796da-c9aa-44ae-b4d2-a94a982d530c-SegmentedRaftLog:OPENED:c2,f2,i2, conf=0: [814796da-c9aa-44ae-b4d2-a94a982d530c:192.168.36.124:45643, c8614be4-ba7c-4b3e-bf92-2a79013b63c7:192.168.36.124:36113, 6130611f-ea3a-4a14-895f-35c381f9efc4:192.168.36.124:37607], old=null
2019-08-23 08:44:42,172 [814796da-c9aa-44ae-b4d2-a94a982d530c:group-D6425B254B44:LeaderElection14] INFO  impl.LeaderElection (LogUtils.java:infoOrTrace(149)) -   Exception 0: {}
java.util.concurrent.ExecutionException: org.apache.ratis.thirdparty.io.grpc.StatusRuntimeException: UNAVAILABLE: io exception
	at java.util.concurrent.FutureTask.report(FutureTask.java:122)
	at java.util.concurrent.FutureTask.get(FutureTask.java:192)
	at org.apache.ratis.server.impl.LeaderElection.waitForResults(LeaderElection.java:262)
	at org.apache.ratis.server.impl.LeaderElection.askForVotes(LeaderElection.java:200)
	at org.apache.ratis.server.impl.LeaderElection.run(LeaderElection.java:130)
	at java.lang.Thread.run(Thread.java:748)
Caused by: org.apache.ratis.thirdparty.io.grpc.StatusRuntimeException: UNAVAILABLE: io exception
	at org.apache.ratis.thirdparty.io.grpc.stub.ClientCalls.toStatusRuntimeException(ClientCalls.java:233)
	at org.apache.ratis.thirdparty.io.grpc.stub.ClientCalls.getUnchecked(ClientCalls.java:214)
	at org.apache.ratis.thirdparty.io.grpc.stub.ClientCalls.blockingUnaryCall(ClientCalls.java:139)
	at org.apache.ratis.proto.grpc.RaftServerProtocolServiceGrpc$RaftServerProtocolServiceBlockingStub.requestVote(RaftServerProtocolServiceGrpc.java:265)
	at org.apache.ratis.grpc.server.GrpcServerProtocolClient.requestVote(GrpcServerProtocolClient.java:83)
	at org.apache.ratis.grpc.server.GrpcService.requestVote(GrpcService.java:195)
	at org.apache.ratis.server.impl.LeaderElection.lambda$submitRequests$1(LeaderElection.java:237)
	at java.util.concurrent.FutureTask.run(FutureTask.java:266)
	at java.util.concurrent.Executors$RunnableAdapter.call(Executors.java:511)
	at java.util.concurrent.FutureTask.run(FutureTask.java:266)
	at java.util.concurrent.ThreadPoolExecutor.runWorker(ThreadPoolExecutor.java:1149)
	at java.util.concurrent.ThreadPoolExecutor$Worker.run(ThreadPoolExecutor.java:624)
	... 1 more
Caused by: org.apache.ratis.thirdparty.io.netty.channel.AbstractChannel$AnnotatedConnectException: Connection refused: /192.168.36.124:36113
	at sun.nio.ch.SocketChannelImpl.checkConnect(Native Method)
	at sun.nio.ch.SocketChannelImpl.finishConnect(SocketChannelImpl.java:717)
	at org.apache.ratis.thirdparty.io.netty.channel.socket.nio.NioSocketChannel.doFinishConnect(NioSocketChannel.java:327)
	at org.apache.ratis.thirdparty.io.netty.channel.nio.AbstractNioChannel$AbstractNioUnsafe.finishConnect(AbstractNioChannel.java:340)
	at org.apache.ratis.thirdparty.io.netty.channel.nio.NioEventLoop.processSelectedKey(NioEventLoop.java:632)
	at org.apache.ratis.thirdparty.io.netty.channel.nio.NioEventLoop.processSelectedKeysOptimized(NioEventLoop.java:579)
	at org.apache.ratis.thirdparty.io.netty.channel.nio.NioEventLoop.processSelectedKeys(NioEventLoop.java:496)
	at org.apache.ratis.thirdparty.io.netty.channel.nio.NioEventLoop.run(NioEventLoop.java:458)
	at org.apache.ratis.thirdparty.io.netty.util.concurrent.SingleThreadEventExecutor$5.run(SingleThreadEventExecutor.java:897)
	at org.apache.ratis.thirdparty.io.netty.util.concurrent.FastThreadLocalRunnable.run(FastThreadLocalRunnable.java:30)
	... 1 more
Caused by: java.net.ConnectException: Connection refused
	... 11 more
2019-08-23 08:44:42,173 [814796da-c9aa-44ae-b4d2-a94a982d530c:group-D6425B254B44:LeaderElection14] INFO  impl.RaftServerImpl (RaftServerImpl.java:setRole(171)) - 814796da-c9aa-44ae-b4d2-a94a982d530c:group-D6425B254B44 changes role from CANDIDATE to FOLLOWER at term 3 for DISCOVERED_A_NEW_TERM
2019-08-23 08:44:42,175 [814796da-c9aa-44ae-b4d2-a94a982d530c:group-D6425B254B44:LeaderElection14] INFO  impl.RoleInfo (RoleInfo.java:shutdownLeaderElection(134)) - 814796da-c9aa-44ae-b4d2-a94a982d530c: shutdown LeaderElection
2019-08-23 08:44:42,176 [814796da-c9aa-44ae-b4d2-a94a982d530c:group-D6425B254B44:LeaderElection14] INFO  impl.RoleInfo (RoleInfo.java:updateAndGet(143)) - 814796da-c9aa-44ae-b4d2-a94a982d530c: start FollowerState
2019-08-23 08:44:42,438 | INFO  | SCMAudit | user=jenkins1000 | ip=192.168.36.124 | op=SEND_HEARTBEAT {datanodeUUID=814796da-c9aa-44ae-b4d2-a94a982d530c, command=[]} | ret=SUCCESS |  
2019-08-23 08:44:42,438 | INFO  | SCMAudit | user=jenkins1000 | ip=192.168.36.124 | op=SEND_HEARTBEAT {datanodeUUID=6130611f-ea3a-4a14-895f-35c381f9efc4, command=[]} | ret=SUCCESS |  
2019-08-23 08:44:42,679 | INFO  | SCMAudit | user=jenkins1000 | ip=192.168.36.124 | op=SEND_HEARTBEAT {datanodeUUID=282270cf-20fb-461f-9c8a-9450796f87ad, command=[]} | ret=SUCCESS |  
2019-08-23 08:44:42,772 | INFO  | SCMAudit | user=jenkins1000 | ip=192.168.36.124 | op=SEND_HEARTBEAT {datanodeUUID=06ff8c32-d6a1-4424-b29b-4c2a415942d4, command=[]} | ret=SUCCESS |  
2019-08-23 08:44:42,816 | INFO  | SCMAudit | user=jenkins1000 | ip=192.168.36.124 | op=SEND_HEARTBEAT {datanodeUUID=5f42c09d-68f5-43be-ab10-ef5f897cf19a, command=[]} | ret=SUCCESS |  
2019-08-23 08:44:42,894 [grpc-default-executor-3] INFO  client.GrpcClientProtocolClient (GrpcClientProtocolClient.java:onNext(255)) - client-594D477ACB77->6130611f-ea3a-4a14-895f-35c381f9efc4: receive RaftClientReply:client-594D477ACB77->6130611f-ea3a-4a14-895f-35c381f9efc4@group-D6425B254B44, cid=14, FAILED org.apache.ratis.protocol.NotLeaderException: Server 6130611f-ea3a-4a14-895f-35c381f9efc4 is not the leader (null). Request must be sent to leader., logIndex=0, commits[6130611f-ea3a-4a14-895f-35c381f9efc4:c2, 814796da-c9aa-44ae-b4d2-a94a982d530c:c2, c8614be4-ba7c-4b3e-bf92-2a79013b63c7:c2]
2019-08-23 08:44:43,139 | INFO  | SCMAudit | user=jenkins1000 | ip=192.168.36.124 | op=SEND_HEARTBEAT {datanodeUUID=d25e1fb2-dc34-4d59-84ce-3be5e962ff3d, command=[]} | ret=SUCCESS |  
2019-08-23 08:44:43,439 | INFO  | SCMAudit | user=jenkins1000 | ip=192.168.36.124 | op=SEND_HEARTBEAT {datanodeUUID=6130611f-ea3a-4a14-895f-35c381f9efc4, command=[]} | ret=SUCCESS |  
2019-08-23 08:44:43,439 | INFO  | SCMAudit | user=jenkins1000 | ip=192.168.36.124 | op=SEND_HEARTBEAT {datanodeUUID=814796da-c9aa-44ae-b4d2-a94a982d530c, command=[]} | ret=SUCCESS |  
2019-08-23 08:44:43,678 | INFO  | SCMAudit | user=jenkins1000 | ip=192.168.36.124 | op=SEND_HEARTBEAT {datanodeUUID=282270cf-20fb-461f-9c8a-9450796f87ad, command=[]} | ret=SUCCESS |  
2019-08-23 08:44:43,774 | INFO  | SCMAudit | user=jenkins1000 | ip=192.168.36.124 | op=SEND_HEARTBEAT {datanodeUUID=06ff8c32-d6a1-4424-b29b-4c2a415942d4, command=[]} | ret=SUCCESS |  
2019-08-23 08:44:43,817 | INFO  | SCMAudit | user=jenkins1000 | ip=192.168.36.124 | op=SEND_HEARTBEAT {datanodeUUID=5f42c09d-68f5-43be-ab10-ef5f897cf19a, command=[]} | ret=SUCCESS |  
2019-08-23 08:44:43,917 [grpc-default-executor-1] INFO  client.GrpcClientProtocolClient (GrpcClientProtocolClient.java:onNext(255)) - client-594D477ACB77->814796da-c9aa-44ae-b4d2-a94a982d530c: receive RaftClientReply:client-594D477ACB77->814796da-c9aa-44ae-b4d2-a94a982d530c@group-D6425B254B44, cid=14, FAILED org.apache.ratis.protocol.NotLeaderException: Server 814796da-c9aa-44ae-b4d2-a94a982d530c is not the leader (null). Request must be sent to leader., logIndex=0, commits[814796da-c9aa-44ae-b4d2-a94a982d530c:c2, c8614be4-ba7c-4b3e-bf92-2a79013b63c7:c2, 6130611f-ea3a-4a14-895f-35c381f9efc4:c2]
2019-08-23 08:44:44,138 | INFO  | SCMAudit | user=jenkins1000 | ip=192.168.36.124 | op=SEND_HEARTBEAT {datanodeUUID=d25e1fb2-dc34-4d59-84ce-3be5e962ff3d, command=[]} | ret=SUCCESS |  
2019-08-23 08:44:44,438 | INFO  | SCMAudit | user=jenkins1000 | ip=192.168.36.124 | op=SEND_HEARTBEAT {datanodeUUID=814796da-c9aa-44ae-b4d2-a94a982d530c, command=[]} | ret=SUCCESS |  
2019-08-23 08:44:44,438 | INFO  | SCMAudit | user=jenkins1000 | ip=192.168.36.124 | op=SEND_HEARTBEAT {datanodeUUID=6130611f-ea3a-4a14-895f-35c381f9efc4, command=[]} | ret=SUCCESS |  
2019-08-23 08:44:44,679 | INFO  | SCMAudit | user=jenkins1000 | ip=192.168.36.124 | op=SEND_HEARTBEAT {datanodeUUID=282270cf-20fb-461f-9c8a-9450796f87ad, command=[]} | ret=SUCCESS |  
2019-08-23 08:44:44,773 | INFO  | SCMAudit | user=jenkins1000 | ip=192.168.36.124 | op=SEND_HEARTBEAT {datanodeUUID=06ff8c32-d6a1-4424-b29b-4c2a415942d4, command=[]} | ret=SUCCESS |  
2019-08-23 08:44:44,817 | INFO  | SCMAudit | user=jenkins1000 | ip=192.168.36.124 | op=SEND_HEARTBEAT {datanodeUUID=5f42c09d-68f5-43be-ab10-ef5f897cf19a, command=[]} | ret=SUCCESS |  
2019-08-23 08:44:44,937 [grpc-default-executor-3] INFO  client.GrpcClientProtocolClient (GrpcClientProtocolClient.java:onNext(255)) - client-594D477ACB77->6130611f-ea3a-4a14-895f-35c381f9efc4: receive RaftClientReply:client-594D477ACB77->6130611f-ea3a-4a14-895f-35c381f9efc4@group-D6425B254B44, cid=14, FAILED org.apache.ratis.protocol.NotLeaderException: Server 6130611f-ea3a-4a14-895f-35c381f9efc4 is not the leader (null). Request must be sent to leader., logIndex=0, commits[6130611f-ea3a-4a14-895f-35c381f9efc4:c2, 814796da-c9aa-44ae-b4d2-a94a982d530c:c2, c8614be4-ba7c-4b3e-bf92-2a79013b63c7:c2]
2019-08-23 08:44:45,138 | INFO  | SCMAudit | user=jenkins1000 | ip=192.168.36.124 | op=SEND_HEARTBEAT {datanodeUUID=d25e1fb2-dc34-4d59-84ce-3be5e962ff3d, command=[]} | ret=SUCCESS |  
2019-08-23 08:44:45,438 | INFO  | SCMAudit | user=jenkins1000 | ip=192.168.36.124 | op=SEND_HEARTBEAT {datanodeUUID=814796da-c9aa-44ae-b4d2-a94a982d530c, command=[]} | ret=SUCCESS |  
2019-08-23 08:44:45,439 | INFO  | SCMAudit | user=jenkins1000 | ip=192.168.36.124 | op=SEND_HEARTBEAT {datanodeUUID=6130611f-ea3a-4a14-895f-35c381f9efc4, command=[]} | ret=SUCCESS |  
2019-08-23 08:44:45,679 | INFO  | SCMAudit | user=jenkins1000 | ip=192.168.36.124 | op=SEND_HEARTBEAT {datanodeUUID=282270cf-20fb-461f-9c8a-9450796f87ad, command=[]} | ret=SUCCESS |  
2019-08-23 08:44:45,774 | INFO  | SCMAudit | user=jenkins1000 | ip=192.168.36.124 | op=SEND_HEARTBEAT {datanodeUUID=06ff8c32-d6a1-4424-b29b-4c2a415942d4, command=[]} | ret=SUCCESS |  
2019-08-23 08:44:45,817 | INFO  | SCMAudit | user=jenkins1000 | ip=192.168.36.124 | op=SEND_HEARTBEAT {datanodeUUID=5f42c09d-68f5-43be-ab10-ef5f897cf19a, command=[]} | ret=SUCCESS |  
2019-08-23 08:44:45,954 [grpc-default-executor-1] INFO  client.GrpcClientProtocolClient (GrpcClientProtocolClient.java:onNext(255)) - client-594D477ACB77->814796da-c9aa-44ae-b4d2-a94a982d530c: receive RaftClientReply:client-594D477ACB77->814796da-c9aa-44ae-b4d2-a94a982d530c@group-D6425B254B44, cid=14, FAILED org.apache.ratis.protocol.NotLeaderException: Server 814796da-c9aa-44ae-b4d2-a94a982d530c is not the leader (null). Request must be sent to leader., logIndex=0, commits[814796da-c9aa-44ae-b4d2-a94a982d530c:c2, c8614be4-ba7c-4b3e-bf92-2a79013b63c7:c2, 6130611f-ea3a-4a14-895f-35c381f9efc4:c2]
2019-08-23 08:44:46,138 | INFO  | SCMAudit | user=jenkins1000 | ip=192.168.36.124 | op=SEND_HEARTBEAT {datanodeUUID=d25e1fb2-dc34-4d59-84ce-3be5e962ff3d, command=[]} | ret=SUCCESS |  
2019-08-23 08:44:46,438 | INFO  | SCMAudit | user=jenkins1000 | ip=192.168.36.124 | op=SEND_HEARTBEAT {datanodeUUID=814796da-c9aa-44ae-b4d2-a94a982d530c, command=[]} | ret=SUCCESS |  
2019-08-23 08:44:46,439 | INFO  | SCMAudit | user=jenkins1000 | ip=192.168.36.124 | op=SEND_HEARTBEAT {datanodeUUID=6130611f-ea3a-4a14-895f-35c381f9efc4, command=[]} | ret=SUCCESS |  
2019-08-23 08:44:46,678 | INFO  | SCMAudit | user=jenkins1000 | ip=192.168.36.124 | op=SEND_HEARTBEAT {datanodeUUID=282270cf-20fb-461f-9c8a-9450796f87ad, command=[]} | ret=SUCCESS |  
2019-08-23 08:44:46,774 | INFO  | SCMAudit | user=jenkins1000 | ip=192.168.36.124 | op=SEND_HEARTBEAT {datanodeUUID=06ff8c32-d6a1-4424-b29b-4c2a415942d4, command=[]} | ret=SUCCESS |  
2019-08-23 08:44:46,817 | INFO  | SCMAudit | user=jenkins1000 | ip=192.168.36.124 | op=SEND_HEARTBEAT {datanodeUUID=5f42c09d-68f5-43be-ab10-ef5f897cf19a, command=[]} | ret=SUCCESS |  
2019-08-23 08:44:47,138 | INFO  | SCMAudit | user=jenkins1000 | ip=192.168.36.124 | op=SEND_HEARTBEAT {datanodeUUID=d25e1fb2-dc34-4d59-84ce-3be5e962ff3d, command=[]} | ret=SUCCESS |  
2019-08-23 08:44:47,253 [Thread-406] INFO  impl.FollowerState (FollowerState.java:run(106)) - 6130611f-ea3a-4a14-895f-35c381f9efc4:group-D6425B254B44 changes to CANDIDATE, lastRpcTime:5084, electionTimeout:5082ms
2019-08-23 08:44:47,253 [Thread-406] INFO  impl.RoleInfo (RoleInfo.java:shutdownFollowerState(121)) - 6130611f-ea3a-4a14-895f-35c381f9efc4: shutdown FollowerState
2019-08-23 08:44:47,253 [Thread-406] INFO  impl.RaftServerImpl (RaftServerImpl.java:setRole(171)) - 6130611f-ea3a-4a14-895f-35c381f9efc4:group-D6425B254B44 changes role from FOLLOWER to CANDIDATE at term 3 for changeToCandidate
2019-08-23 08:44:47,253 [Thread-406] INFO  impl.RoleInfo (RoleInfo.java:updateAndGet(143)) - 6130611f-ea3a-4a14-895f-35c381f9efc4: start LeaderElection
2019-08-23 08:44:47,269 [Thread-407] INFO  impl.FollowerState (FollowerState.java:run(106)) - 814796da-c9aa-44ae-b4d2-a94a982d530c:group-D6425B254B44 changes to CANDIDATE, lastRpcTime:5093, electionTimeout:5091ms
2019-08-23 08:44:47,269 [Thread-407] INFO  impl.RoleInfo (RoleInfo.java:shutdownFollowerState(121)) - 814796da-c9aa-44ae-b4d2-a94a982d530c: shutdown FollowerState
2019-08-23 08:44:47,269 [Thread-407] INFO  impl.RaftServerImpl (RaftServerImpl.java:setRole(171)) - 814796da-c9aa-44ae-b4d2-a94a982d530c:group-D6425B254B44 changes role from FOLLOWER to CANDIDATE at term 3 for changeToCandidate
2019-08-23 08:44:47,269 [Thread-407] INFO  impl.RoleInfo (RoleInfo.java:updateAndGet(143)) - 814796da-c9aa-44ae-b4d2-a94a982d530c: start LeaderElection
2019-08-23 08:44:47,283 [6130611f-ea3a-4a14-895f-35c381f9efc4:group-D6425B254B44:LeaderElection15] INFO  impl.LeaderElection (LeaderElection.java:askForVotes(181)) - 6130611f-ea3a-4a14-895f-35c381f9efc4:group-D6425B254B44:LeaderElection15: begin an election at term 4 for 0: [814796da-c9aa-44ae-b4d2-a94a982d530c:192.168.36.124:45643, c8614be4-ba7c-4b3e-bf92-2a79013b63c7:192.168.36.124:36113, 6130611f-ea3a-4a14-895f-35c381f9efc4:192.168.36.124:37607], old=null
2019-08-23 08:44:47,284 [6130611f-ea3a-4a14-895f-35c381f9efc4:group-D6425B254B44:LeaderElection15] INFO  impl.LeaderElection (LogUtils.java:infoOrTrace(149)) - 6130611f-ea3a-4a14-895f-35c381f9efc4:group-D6425B254B44:LeaderElection15 got exception when requesting votes: {}
java.util.concurrent.ExecutionException: org.apache.ratis.thirdparty.io.grpc.StatusRuntimeException: UNAVAILABLE: io exception
	at java.util.concurrent.FutureTask.report(FutureTask.java:122)
	at java.util.concurrent.FutureTask.get(FutureTask.java:192)
	at org.apache.ratis.server.impl.LeaderElection.waitForResults(LeaderElection.java:262)
	at org.apache.ratis.server.impl.LeaderElection.askForVotes(LeaderElection.java:200)
	at org.apache.ratis.server.impl.LeaderElection.run(LeaderElection.java:130)
	at java.lang.Thread.run(Thread.java:748)
Caused by: org.apache.ratis.thirdparty.io.grpc.StatusRuntimeException: UNAVAILABLE: io exception
	at org.apache.ratis.thirdparty.io.grpc.stub.ClientCalls.toStatusRuntimeException(ClientCalls.java:233)
	at org.apache.ratis.thirdparty.io.grpc.stub.ClientCalls.getUnchecked(ClientCalls.java:214)
	at org.apache.ratis.thirdparty.io.grpc.stub.ClientCalls.blockingUnaryCall(ClientCalls.java:139)
	at org.apache.ratis.proto.grpc.RaftServerProtocolServiceGrpc$RaftServerProtocolServiceBlockingStub.requestVote(RaftServerProtocolServiceGrpc.java:265)
	at org.apache.ratis.grpc.server.GrpcServerProtocolClient.requestVote(GrpcServerProtocolClient.java:83)
	at org.apache.ratis.grpc.server.GrpcService.requestVote(GrpcService.java:195)
	at org.apache.ratis.server.impl.LeaderElection.lambda$submitRequests$1(LeaderElection.java:237)
	at java.util.concurrent.FutureTask.run(FutureTask.java:266)
	at java.util.concurrent.Executors$RunnableAdapter.call(Executors.java:511)
	at java.util.concurrent.FutureTask.run(FutureTask.java:266)
	at java.util.concurrent.ThreadPoolExecutor.runWorker(ThreadPoolExecutor.java:1149)
	at java.util.concurrent.ThreadPoolExecutor$Worker.run(ThreadPoolExecutor.java:624)
	... 1 more
Caused by: org.apache.ratis.thirdparty.io.netty.channel.AbstractChannel$AnnotatedConnectException: Connection refused: /192.168.36.124:36113
	at sun.nio.ch.SocketChannelImpl.checkConnect(Native Method)
	at sun.nio.ch.SocketChannelImpl.finishConnect(SocketChannelImpl.java:717)
	at org.apache.ratis.thirdparty.io.netty.channel.socket.nio.NioSocketChannel.doFinishConnect(NioSocketChannel.java:327)
	at org.apache.ratis.thirdparty.io.netty.channel.nio.AbstractNioChannel$AbstractNioUnsafe.finishConnect(AbstractNioChannel.java:340)
	at org.apache.ratis.thirdparty.io.netty.channel.nio.NioEventLoop.processSelectedKey(NioEventLoop.java:632)
	at org.apache.ratis.thirdparty.io.netty.channel.nio.NioEventLoop.processSelectedKeysOptimized(NioEventLoop.java:579)
	at org.apache.ratis.thirdparty.io.netty.channel.nio.NioEventLoop.processSelectedKeys(NioEventLoop.java:496)
	at org.apache.ratis.thirdparty.io.netty.channel.nio.NioEventLoop.run(NioEventLoop.java:458)
	at org.apache.ratis.thirdparty.io.netty.util.concurrent.SingleThreadEventExecutor$5.run(SingleThreadEventExecutor.java:897)
	at org.apache.ratis.thirdparty.io.netty.util.concurrent.FastThreadLocalRunnable.run(FastThreadLocalRunnable.java:30)
	... 1 more
Caused by: java.net.ConnectException: Connection refused
	... 11 more
2019-08-23 08:44:47,300 [814796da-c9aa-44ae-b4d2-a94a982d530c:group-D6425B254B44:LeaderElection16] INFO  impl.LeaderElection (LeaderElection.java:askForVotes(181)) - 814796da-c9aa-44ae-b4d2-a94a982d530c:group-D6425B254B44:LeaderElection16: begin an election at term 4 for 0: [814796da-c9aa-44ae-b4d2-a94a982d530c:192.168.36.124:45643, c8614be4-ba7c-4b3e-bf92-2a79013b63c7:192.168.36.124:36113, 6130611f-ea3a-4a14-895f-35c381f9efc4:192.168.36.124:37607], old=null
2019-08-23 08:44:47,301 [814796da-c9aa-44ae-b4d2-a94a982d530c:group-D6425B254B44:LeaderElection16] INFO  impl.LeaderElection (LogUtils.java:infoOrTrace(149)) - 814796da-c9aa-44ae-b4d2-a94a982d530c:group-D6425B254B44:LeaderElection16 got exception when requesting votes: {}
java.util.concurrent.ExecutionException: org.apache.ratis.thirdparty.io.grpc.StatusRuntimeException: UNAVAILABLE: io exception
	at java.util.concurrent.FutureTask.report(FutureTask.java:122)
	at java.util.concurrent.FutureTask.get(FutureTask.java:192)
	at org.apache.ratis.server.impl.LeaderElection.waitForResults(LeaderElection.java:262)
	at org.apache.ratis.server.impl.LeaderElection.askForVotes(LeaderElection.java:200)
	at org.apache.ratis.server.impl.LeaderElection.run(LeaderElection.java:130)
	at java.lang.Thread.run(Thread.java:748)
Caused by: org.apache.ratis.thirdparty.io.grpc.StatusRuntimeException: UNAVAILABLE: io exception
	at org.apache.ratis.thirdparty.io.grpc.stub.ClientCalls.toStatusRuntimeException(ClientCalls.java:233)
	at org.apache.ratis.thirdparty.io.grpc.stub.ClientCalls.getUnchecked(ClientCalls.java:214)
	at org.apache.ratis.thirdparty.io.grpc.stub.ClientCalls.blockingUnaryCall(ClientCalls.java:139)
	at org.apache.ratis.proto.grpc.RaftServerProtocolServiceGrpc$RaftServerProtocolServiceBlockingStub.requestVote(RaftServerProtocolServiceGrpc.java:265)
	at org.apache.ratis.grpc.server.GrpcServerProtocolClient.requestVote(GrpcServerProtocolClient.java:83)
	at org.apache.ratis.grpc.server.GrpcService.requestVote(GrpcService.java:195)
	at org.apache.ratis.server.impl.LeaderElection.lambda$submitRequests$1(LeaderElection.java:237)
	at java.util.concurrent.FutureTask.run(FutureTask.java:266)
	at java.util.concurrent.Executors$RunnableAdapter.call(Executors.java:511)
	at java.util.concurrent.FutureTask.run(FutureTask.java:266)
	at java.util.concurrent.ThreadPoolExecutor.runWorker(ThreadPoolExecutor.java:1149)
	at java.util.concurrent.ThreadPoolExecutor$Worker.run(ThreadPoolExecutor.java:624)
	... 1 more
Caused by: org.apache.ratis.thirdparty.io.netty.channel.AbstractChannel$AnnotatedConnectException: Connection refused: /192.168.36.124:36113
	at sun.nio.ch.SocketChannelImpl.checkConnect(Native Method)
	at sun.nio.ch.SocketChannelImpl.finishConnect(SocketChannelImpl.java:717)
	at org.apache.ratis.thirdparty.io.netty.channel.socket.nio.NioSocketChannel.doFinishConnect(NioSocketChannel.java:327)
	at org.apache.ratis.thirdparty.io.netty.channel.nio.AbstractNioChannel$AbstractNioUnsafe.finishConnect(AbstractNioChannel.java:340)
	at org.apache.ratis.thirdparty.io.netty.channel.nio.NioEventLoop.processSelectedKey(NioEventLoop.java:632)
	at org.apache.ratis.thirdparty.io.netty.channel.nio.NioEventLoop.processSelectedKeysOptimized(NioEventLoop.java:579)
	at org.apache.ratis.thirdparty.io.netty.channel.nio.NioEventLoop.processSelectedKeys(NioEventLoop.java:496)
	at org.apache.ratis.thirdparty.io.netty.channel.nio.NioEventLoop.run(NioEventLoop.java:458)
	at org.apache.ratis.thirdparty.io.netty.util.concurrent.SingleThreadEventExecutor$5.run(SingleThreadEventExecutor.java:897)
	at org.apache.ratis.thirdparty.io.netty.util.concurrent.FastThreadLocalRunnable.run(FastThreadLocalRunnable.java:30)
	... 1 more
Caused by: java.net.ConnectException: Connection refused
	... 11 more
2019-08-23 08:44:47,304 [6130611f-ea3a-4a14-895f-35c381f9efc4:group-D6425B254B44:LeaderElection15] INFO  impl.LeaderElection (LeaderElection.java:logAndReturn(56)) - 6130611f-ea3a-4a14-895f-35c381f9efc4:group-D6425B254B44:LeaderElection15: Election REJECTED; received 1 response(s) [6130611f-ea3a-4a14-895f-35c381f9efc4<-814796da-c9aa-44ae-b4d2-a94a982d530c#0:FAIL-t4] and 1 exception(s); 6130611f-ea3a-4a14-895f-35c381f9efc4:t4, leader=null, voted=6130611f-ea3a-4a14-895f-35c381f9efc4, raftlog=6130611f-ea3a-4a14-895f-35c381f9efc4-SegmentedRaftLog:OPENED:c2,f2,i2, conf=0: [814796da-c9aa-44ae-b4d2-a94a982d530c:192.168.36.124:45643, c8614be4-ba7c-4b3e-bf92-2a79013b63c7:192.168.36.124:36113, 6130611f-ea3a-4a14-895f-35c381f9efc4:192.168.36.124:37607], old=null
2019-08-23 08:44:47,305 [6130611f-ea3a-4a14-895f-35c381f9efc4:group-D6425B254B44:LeaderElection15] INFO  impl.LeaderElection (LogUtils.java:infoOrTrace(149)) -   Exception 0: {}
java.util.concurrent.ExecutionException: org.apache.ratis.thirdparty.io.grpc.StatusRuntimeException: UNAVAILABLE: io exception
	at java.util.concurrent.FutureTask.report(FutureTask.java:122)
	at java.util.concurrent.FutureTask.get(FutureTask.java:192)
	at org.apache.ratis.server.impl.LeaderElection.waitForResults(LeaderElection.java:262)
	at org.apache.ratis.server.impl.LeaderElection.askForVotes(LeaderElection.java:200)
	at org.apache.ratis.server.impl.LeaderElection.run(LeaderElection.java:130)
	at java.lang.Thread.run(Thread.java:748)
Caused by: org.apache.ratis.thirdparty.io.grpc.StatusRuntimeException: UNAVAILABLE: io exception
	at org.apache.ratis.thirdparty.io.grpc.stub.ClientCalls.toStatusRuntimeException(ClientCalls.java:233)
	at org.apache.ratis.thirdparty.io.grpc.stub.ClientCalls.getUnchecked(ClientCalls.java:214)
	at org.apache.ratis.thirdparty.io.grpc.stub.ClientCalls.blockingUnaryCall(ClientCalls.java:139)
	at org.apache.ratis.proto.grpc.RaftServerProtocolServiceGrpc$RaftServerProtocolServiceBlockingStub.requestVote(RaftServerProtocolServiceGrpc.java:265)
	at org.apache.ratis.grpc.server.GrpcServerProtocolClient.requestVote(GrpcServerProtocolClient.java:83)
	at org.apache.ratis.grpc.server.GrpcService.requestVote(GrpcService.java:195)
	at org.apache.ratis.server.impl.LeaderElection.lambda$submitRequests$1(LeaderElection.java:237)
	at java.util.concurrent.FutureTask.run(FutureTask.java:266)
	at java.util.concurrent.Executors$RunnableAdapter.call(Executors.java:511)
	at java.util.concurrent.FutureTask.run(FutureTask.java:266)
	at java.util.concurrent.ThreadPoolExecutor.runWorker(ThreadPoolExecutor.java:1149)
	at java.util.concurrent.ThreadPoolExecutor$Worker.run(ThreadPoolExecutor.java:624)
	... 1 more
Caused by: org.apache.ratis.thirdparty.io.netty.channel.AbstractChannel$AnnotatedConnectException: Connection refused: /192.168.36.124:36113
	at sun.nio.ch.SocketChannelImpl.checkConnect(Native Method)
	at sun.nio.ch.SocketChannelImpl.finishConnect(SocketChannelImpl.java:717)
	at org.apache.ratis.thirdparty.io.netty.channel.socket.nio.NioSocketChannel.doFinishConnect(NioSocketChannel.java:327)
	at org.apache.ratis.thirdparty.io.netty.channel.nio.AbstractNioChannel$AbstractNioUnsafe.finishConnect(AbstractNioChannel.java:340)
	at org.apache.ratis.thirdparty.io.netty.channel.nio.NioEventLoop.processSelectedKey(NioEventLoop.java:632)
	at org.apache.ratis.thirdparty.io.netty.channel.nio.NioEventLoop.processSelectedKeysOptimized(NioEventLoop.java:579)
	at org.apache.ratis.thirdparty.io.netty.channel.nio.NioEventLoop.processSelectedKeys(NioEventLoop.java:496)
	at org.apache.ratis.thirdparty.io.netty.channel.nio.NioEventLoop.run(NioEventLoop.java:458)
	at org.apache.ratis.thirdparty.io.netty.util.concurrent.SingleThreadEventExecutor$5.run(SingleThreadEventExecutor.java:897)
	at org.apache.ratis.thirdparty.io.netty.util.concurrent.FastThreadLocalRunnable.run(FastThreadLocalRunnable.java:30)
	... 1 more
Caused by: java.net.ConnectException: Connection refused
	... 11 more
2019-08-23 08:44:47,305 [6130611f-ea3a-4a14-895f-35c381f9efc4:group-D6425B254B44:LeaderElection15] INFO  impl.RaftServerImpl (RaftServerImpl.java:setRole(171)) - 6130611f-ea3a-4a14-895f-35c381f9efc4:group-D6425B254B44 changes role from CANDIDATE to FOLLOWER at term 4 for DISCOVERED_A_NEW_TERM
2019-08-23 08:44:47,306 [6130611f-ea3a-4a14-895f-35c381f9efc4:group-D6425B254B44:LeaderElection15] INFO  impl.RoleInfo (RoleInfo.java:shutdownLeaderElection(134)) - 6130611f-ea3a-4a14-895f-35c381f9efc4: shutdown LeaderElection
2019-08-23 08:44:47,316 [6130611f-ea3a-4a14-895f-35c381f9efc4:group-D6425B254B44:LeaderElection15] INFO  impl.RoleInfo (RoleInfo.java:updateAndGet(143)) - 6130611f-ea3a-4a14-895f-35c381f9efc4: start FollowerState
2019-08-23 08:44:47,325 [814796da-c9aa-44ae-b4d2-a94a982d530c:group-D6425B254B44:LeaderElection16] INFO  impl.LeaderElection (LeaderElection.java:logAndReturn(56)) - 814796da-c9aa-44ae-b4d2-a94a982d530c:group-D6425B254B44:LeaderElection16: Election REJECTED; received 1 response(s) [814796da-c9aa-44ae-b4d2-a94a982d530c<-6130611f-ea3a-4a14-895f-35c381f9efc4#0:FAIL-t4] and 1 exception(s); 814796da-c9aa-44ae-b4d2-a94a982d530c:t4, leader=null, voted=814796da-c9aa-44ae-b4d2-a94a982d530c, raftlog=814796da-c9aa-44ae-b4d2-a94a982d530c-SegmentedRaftLog:OPENED:c2,f2,i2, conf=0: [814796da-c9aa-44ae-b4d2-a94a982d530c:192.168.36.124:45643, c8614be4-ba7c-4b3e-bf92-2a79013b63c7:192.168.36.124:36113, 6130611f-ea3a-4a14-895f-35c381f9efc4:192.168.36.124:37607], old=null
2019-08-23 08:44:47,325 [814796da-c9aa-44ae-b4d2-a94a982d530c:group-D6425B254B44:LeaderElection16] INFO  impl.LeaderElection (LogUtils.java:infoOrTrace(149)) -   Exception 0: {}
java.util.concurrent.ExecutionException: org.apache.ratis.thirdparty.io.grpc.StatusRuntimeException: UNAVAILABLE: io exception
	at java.util.concurrent.FutureTask.report(FutureTask.java:122)
	at java.util.concurrent.FutureTask.get(FutureTask.java:192)
	at org.apache.ratis.server.impl.LeaderElection.waitForResults(LeaderElection.java:262)
	at org.apache.ratis.server.impl.LeaderElection.askForVotes(LeaderElection.java:200)
	at org.apache.ratis.server.impl.LeaderElection.run(LeaderElection.java:130)
	at java.lang.Thread.run(Thread.java:748)
Caused by: org.apache.ratis.thirdparty.io.grpc.StatusRuntimeException: UNAVAILABLE: io exception
	at org.apache.ratis.thirdparty.io.grpc.stub.ClientCalls.toStatusRuntimeException(ClientCalls.java:233)
	at org.apache.ratis.thirdparty.io.grpc.stub.ClientCalls.getUnchecked(ClientCalls.java:214)
	at org.apache.ratis.thirdparty.io.grpc.stub.ClientCalls.blockingUnaryCall(ClientCalls.java:139)
	at org.apache.ratis.proto.grpc.RaftServerProtocolServiceGrpc$RaftServerProtocolServiceBlockingStub.requestVote(RaftServerProtocolServiceGrpc.java:265)
	at org.apache.ratis.grpc.server.GrpcServerProtocolClient.requestVote(GrpcServerProtocolClient.java:83)
	at org.apache.ratis.grpc.server.GrpcService.requestVote(GrpcService.java:195)
	at org.apache.ratis.server.impl.LeaderElection.lambda$submitRequests$1(LeaderElection.java:237)
	at java.util.concurrent.FutureTask.run(FutureTask.java:266)
	at java.util.concurrent.Executors$RunnableAdapter.call(Executors.java:511)
	at java.util.concurrent.FutureTask.run(FutureTask.java:266)
	at java.util.concurrent.ThreadPoolExecutor.runWorker(ThreadPoolExecutor.java:1149)
	at java.util.concurrent.ThreadPoolExecutor$Worker.run(ThreadPoolExecutor.java:624)
	... 1 more
Caused by: org.apache.ratis.thirdparty.io.netty.channel.AbstractChannel$AnnotatedConnectException: Connection refused: /192.168.36.124:36113
	at sun.nio.ch.SocketChannelImpl.checkConnect(Native Method)
	at sun.nio.ch.SocketChannelImpl.finishConnect(SocketChannelImpl.java:717)
	at org.apache.ratis.thirdparty.io.netty.channel.socket.nio.NioSocketChannel.doFinishConnect(NioSocketChannel.java:327)
	at org.apache.ratis.thirdparty.io.netty.channel.nio.AbstractNioChannel$AbstractNioUnsafe.finishConnect(AbstractNioChannel.java:340)
	at org.apache.ratis.thirdparty.io.netty.channel.nio.NioEventLoop.processSelectedKey(NioEventLoop.java:632)
	at org.apache.ratis.thirdparty.io.netty.channel.nio.NioEventLoop.processSelectedKeysOptimized(NioEventLoop.java:579)
	at org.apache.ratis.thirdparty.io.netty.channel.nio.NioEventLoop.processSelectedKeys(NioEventLoop.java:496)
	at org.apache.ratis.thirdparty.io.netty.channel.nio.NioEventLoop.run(NioEventLoop.java:458)
	at org.apache.ratis.thirdparty.io.netty.util.concurrent.SingleThreadEventExecutor$5.run(SingleThreadEventExecutor.java:897)
	at org.apache.ratis.thirdparty.io.netty.util.concurrent.FastThreadLocalRunnable.run(FastThreadLocalRunnable.java:30)
	... 1 more
Caused by: java.net.ConnectException: Connection refused
	... 11 more
2019-08-23 08:44:47,326 [814796da-c9aa-44ae-b4d2-a94a982d530c:group-D6425B254B44:LeaderElection16] INFO  impl.RaftServerImpl (RaftServerImpl.java:setRole(171)) - 814796da-c9aa-44ae-b4d2-a94a982d530c:group-D6425B254B44 changes role from CANDIDATE to FOLLOWER at term 4 for DISCOVERED_A_NEW_TERM
2019-08-23 08:44:47,328 [814796da-c9aa-44ae-b4d2-a94a982d530c:group-D6425B254B44:LeaderElection16] INFO  impl.RoleInfo (RoleInfo.java:shutdownLeaderElection(134)) - 814796da-c9aa-44ae-b4d2-a94a982d530c: shutdown LeaderElection
2019-08-23 08:44:47,328 [814796da-c9aa-44ae-b4d2-a94a982d530c:group-D6425B254B44:LeaderElection16] INFO  impl.RoleInfo (RoleInfo.java:updateAndGet(143)) - 814796da-c9aa-44ae-b4d2-a94a982d530c: start FollowerState
2019-08-23 08:44:47,439 | INFO  | SCMAudit | user=jenkins1000 | ip=192.168.36.124 | op=SEND_HEARTBEAT {datanodeUUID=814796da-c9aa-44ae-b4d2-a94a982d530c, command=[]} | ret=SUCCESS |  
2019-08-23 08:44:47,439 | INFO  | SCMAudit | user=jenkins1000 | ip=192.168.36.124 | op=SEND_HEARTBEAT {datanodeUUID=6130611f-ea3a-4a14-895f-35c381f9efc4, command=[]} | ret=SUCCESS |  
2019-08-23 08:44:47,678 | INFO  | SCMAudit | user=jenkins1000 | ip=192.168.36.124 | op=SEND_HEARTBEAT {datanodeUUID=282270cf-20fb-461f-9c8a-9450796f87ad, command=[]} | ret=SUCCESS |  
2019-08-23 08:44:47,774 | INFO  | SCMAudit | user=jenkins1000 | ip=192.168.36.124 | op=SEND_HEARTBEAT {datanodeUUID=06ff8c32-d6a1-4424-b29b-4c2a415942d4, command=[]} | ret=SUCCESS |  
2019-08-23 08:44:47,818 | INFO  | SCMAudit | user=jenkins1000 | ip=192.168.36.124 | op=SEND_HEARTBEAT {datanodeUUID=5f42c09d-68f5-43be-ab10-ef5f897cf19a, command=[]} | ret=SUCCESS |  
2019-08-23 08:44:47,990 [grpc-default-executor-2] INFO  client.GrpcClientProtocolClient (GrpcClientProtocolClient.java:onNext(255)) - client-594D477ACB77->6130611f-ea3a-4a14-895f-35c381f9efc4: receive RaftClientReply:client-594D477ACB77->6130611f-ea3a-4a14-895f-35c381f9efc4@group-D6425B254B44, cid=14, FAILED org.apache.ratis.protocol.NotLeaderException: Server 6130611f-ea3a-4a14-895f-35c381f9efc4 is not the leader (null). Request must be sent to leader., logIndex=0, commits[6130611f-ea3a-4a14-895f-35c381f9efc4:c2, 814796da-c9aa-44ae-b4d2-a94a982d530c:c2, c8614be4-ba7c-4b3e-bf92-2a79013b63c7:c2]
2019-08-23 08:44:48,139 | INFO  | SCMAudit | user=jenkins1000 | ip=192.168.36.124 | op=SEND_HEARTBEAT {datanodeUUID=d25e1fb2-dc34-4d59-84ce-3be5e962ff3d, command=[]} | ret=SUCCESS |  
2019-08-23 08:44:48,438 | INFO  | SCMAudit | user=jenkins1000 | ip=192.168.36.124 | op=SEND_HEARTBEAT {datanodeUUID=814796da-c9aa-44ae-b4d2-a94a982d530c, command=[]} | ret=SUCCESS |  
2019-08-23 08:44:48,438 | INFO  | SCMAudit | user=jenkins1000 | ip=192.168.36.124 | op=SEND_HEARTBEAT {datanodeUUID=6130611f-ea3a-4a14-895f-35c381f9efc4, command=[]} | ret=SUCCESS |  
2019-08-23 08:44:48,678 | INFO  | SCMAudit | user=jenkins1000 | ip=192.168.36.124 | op=SEND_HEARTBEAT {datanodeUUID=282270cf-20fb-461f-9c8a-9450796f87ad, command=[]} | ret=SUCCESS |  
2019-08-23 08:44:48,774 | INFO  | SCMAudit | user=jenkins1000 | ip=192.168.36.124 | op=SEND_HEARTBEAT {datanodeUUID=06ff8c32-d6a1-4424-b29b-4c2a415942d4, command=[]} | ret=SUCCESS |  
2019-08-23 08:44:48,818 | INFO  | SCMAudit | user=jenkins1000 | ip=192.168.36.124 | op=SEND_HEARTBEAT {datanodeUUID=5f42c09d-68f5-43be-ab10-ef5f897cf19a, command=[]} | ret=SUCCESS |  
2019-08-23 08:44:49,140 | INFO  | SCMAudit | user=jenkins1000 | ip=192.168.36.124 | op=SEND_HEARTBEAT {datanodeUUID=d25e1fb2-dc34-4d59-84ce-3be5e962ff3d, command=[]} | ret=SUCCESS |  
2019-08-23 08:44:49,438 | INFO  | SCMAudit | user=jenkins1000 | ip=192.168.36.124 | op=SEND_HEARTBEAT {datanodeUUID=814796da-c9aa-44ae-b4d2-a94a982d530c, command=[]} | ret=SUCCESS |  
2019-08-23 08:44:49,439 | INFO  | SCMAudit | user=jenkins1000 | ip=192.168.36.124 | op=SEND_HEARTBEAT {datanodeUUID=6130611f-ea3a-4a14-895f-35c381f9efc4, command=[]} | ret=SUCCESS |  
2019-08-23 08:44:49,679 | INFO  | SCMAudit | user=jenkins1000 | ip=192.168.36.124 | op=SEND_HEARTBEAT {datanodeUUID=282270cf-20fb-461f-9c8a-9450796f87ad, command=[]} | ret=SUCCESS |  
2019-08-23 08:44:49,776 | INFO  | SCMAudit | user=jenkins1000 | ip=192.168.36.124 | op=SEND_HEARTBEAT {datanodeUUID=06ff8c32-d6a1-4424-b29b-4c2a415942d4, command=[]} | ret=SUCCESS |  
2019-08-23 08:44:49,818 | INFO  | SCMAudit | user=jenkins1000 | ip=192.168.36.124 | op=SEND_HEARTBEAT {datanodeUUID=5f42c09d-68f5-43be-ab10-ef5f897cf19a, command=[]} | ret=SUCCESS |  
2019-08-23 08:44:50,040 [grpc-default-executor-1] INFO  client.GrpcClientProtocolClient (GrpcClientProtocolClient.java:onNext(255)) - client-594D477ACB77->6130611f-ea3a-4a14-895f-35c381f9efc4: receive RaftClientReply:client-594D477ACB77->6130611f-ea3a-4a14-895f-35c381f9efc4@group-D6425B254B44, cid=14, FAILED org.apache.ratis.protocol.NotLeaderException: Server 6130611f-ea3a-4a14-895f-35c381f9efc4 is not the leader (null). Request must be sent to leader., logIndex=0, commits[6130611f-ea3a-4a14-895f-35c381f9efc4:c2, 814796da-c9aa-44ae-b4d2-a94a982d530c:c2, c8614be4-ba7c-4b3e-bf92-2a79013b63c7:c2]
2019-08-23 08:44:50,140 | INFO  | SCMAudit | user=jenkins1000 | ip=192.168.36.124 | op=SEND_HEARTBEAT {datanodeUUID=d25e1fb2-dc34-4d59-84ce-3be5e962ff3d, command=[]} | ret=SUCCESS |  
2019-08-23 08:44:50,439 | INFO  | SCMAudit | user=jenkins1000 | ip=192.168.36.124 | op=SEND_HEARTBEAT {datanodeUUID=814796da-c9aa-44ae-b4d2-a94a982d530c, command=[]} | ret=SUCCESS |  
2019-08-23 08:44:50,439 | INFO  | SCMAudit | user=jenkins1000 | ip=192.168.36.124 | op=SEND_HEARTBEAT {datanodeUUID=6130611f-ea3a-4a14-895f-35c381f9efc4, command=[]} | ret=SUCCESS |  
2019-08-23 08:44:50,678 | INFO  | SCMAudit | user=jenkins1000 | ip=192.168.36.124 | op=SEND_HEARTBEAT {datanodeUUID=282270cf-20fb-461f-9c8a-9450796f87ad, command=[]} | ret=SUCCESS |  
2019-08-23 08:44:50,775 | INFO  | SCMAudit | user=jenkins1000 | ip=192.168.36.124 | op=SEND_HEARTBEAT {datanodeUUID=06ff8c32-d6a1-4424-b29b-4c2a415942d4, command=[]} | ret=SUCCESS |  
2019-08-23 08:44:50,819 | INFO  | SCMAudit | user=jenkins1000 | ip=192.168.36.124 | op=SEND_HEARTBEAT {datanodeUUID=5f42c09d-68f5-43be-ab10-ef5f897cf19a, command=[]} | ret=SUCCESS |  
2019-08-23 08:44:51,062 [grpc-default-executor-1] INFO  client.GrpcClientProtocolClient (GrpcClientProtocolClient.java:onNext(255)) - client-594D477ACB77->814796da-c9aa-44ae-b4d2-a94a982d530c: receive RaftClientReply:client-594D477ACB77->814796da-c9aa-44ae-b4d2-a94a982d530c@group-D6425B254B44, cid=14, FAILED org.apache.ratis.protocol.NotLeaderException: Server 814796da-c9aa-44ae-b4d2-a94a982d530c is not the leader (null). Request must be sent to leader., logIndex=0, commits[814796da-c9aa-44ae-b4d2-a94a982d530c:c2, c8614be4-ba7c-4b3e-bf92-2a79013b63c7:c2, 6130611f-ea3a-4a14-895f-35c381f9efc4:c2]
2019-08-23 08:44:51,140 | INFO  | SCMAudit | user=jenkins1000 | ip=192.168.36.124 | op=SEND_HEARTBEAT {datanodeUUID=d25e1fb2-dc34-4d59-84ce-3be5e962ff3d, command=[]} | ret=SUCCESS |  
2019-08-23 08:44:51,438 | INFO  | SCMAudit | user=jenkins1000 | ip=192.168.36.124 | op=SEND_HEARTBEAT {datanodeUUID=814796da-c9aa-44ae-b4d2-a94a982d530c, command=[]} | ret=SUCCESS |  
2019-08-23 08:44:51,440 | INFO  | SCMAudit | user=jenkins1000 | ip=192.168.36.124 | op=SEND_HEARTBEAT {datanodeUUID=6130611f-ea3a-4a14-895f-35c381f9efc4, command=[]} | ret=SUCCESS |  
2019-08-23 08:44:51,679 | INFO  | SCMAudit | user=jenkins1000 | ip=192.168.36.124 | op=SEND_HEARTBEAT {datanodeUUID=282270cf-20fb-461f-9c8a-9450796f87ad, command=[]} | ret=SUCCESS |  
2019-08-23 08:44:51,775 | INFO  | SCMAudit | user=jenkins1000 | ip=192.168.36.124 | op=SEND_HEARTBEAT {datanodeUUID=06ff8c32-d6a1-4424-b29b-4c2a415942d4, command=[]} | ret=SUCCESS |  
2019-08-23 08:44:51,818 | INFO  | SCMAudit | user=jenkins1000 | ip=192.168.36.124 | op=SEND_HEARTBEAT {datanodeUUID=5f42c09d-68f5-43be-ab10-ef5f897cf19a, command=[]} | ret=SUCCESS |  
2019-08-23 08:44:52,140 | INFO  | SCMAudit | user=jenkins1000 | ip=192.168.36.124 | op=SEND_HEARTBEAT {datanodeUUID=d25e1fb2-dc34-4d59-84ce-3be5e962ff3d, command=[]} | ret=SUCCESS |  
2019-08-23 08:44:52,398 [Thread-432] INFO  impl.FollowerState (FollowerState.java:run(106)) - 6130611f-ea3a-4a14-895f-35c381f9efc4:group-D6425B254B44 changes to CANDIDATE, lastRpcTime:5082, electionTimeout:5079ms
2019-08-23 08:44:52,399 [Thread-432] INFO  impl.RoleInfo (RoleInfo.java:shutdownFollowerState(121)) - 6130611f-ea3a-4a14-895f-35c381f9efc4: shutdown FollowerState
2019-08-23 08:44:52,399 [Thread-432] INFO  impl.RaftServerImpl (RaftServerImpl.java:setRole(171)) - 6130611f-ea3a-4a14-895f-35c381f9efc4:group-D6425B254B44 changes role from FOLLOWER to CANDIDATE at term 4 for changeToCandidate
2019-08-23 08:44:52,399 [Thread-432] INFO  impl.RoleInfo (RoleInfo.java:updateAndGet(143)) - 6130611f-ea3a-4a14-895f-35c381f9efc4: start LeaderElection
2019-08-23 08:44:52,439 | INFO  | SCMAudit | user=jenkins1000 | ip=192.168.36.124 | op=SEND_HEARTBEAT {datanodeUUID=814796da-c9aa-44ae-b4d2-a94a982d530c, command=[]} | ret=SUCCESS |  
2019-08-23 08:44:52,439 | INFO  | SCMAudit | user=jenkins1000 | ip=192.168.36.124 | op=SEND_HEARTBEAT {datanodeUUID=6130611f-ea3a-4a14-895f-35c381f9efc4, command=[]} | ret=SUCCESS |  
2019-08-23 08:44:52,504 [Thread-433] INFO  impl.FollowerState (FollowerState.java:run(106)) - 814796da-c9aa-44ae-b4d2-a94a982d530c:group-D6425B254B44 changes to CANDIDATE, lastRpcTime:5175, electionTimeout:5174ms
2019-08-23 08:44:52,504 [Thread-433] INFO  impl.RoleInfo (RoleInfo.java:shutdownFollowerState(121)) - 814796da-c9aa-44ae-b4d2-a94a982d530c: shutdown FollowerState
2019-08-23 08:44:52,505 [Thread-433] INFO  impl.RaftServerImpl (RaftServerImpl.java:setRole(171)) - 814796da-c9aa-44ae-b4d2-a94a982d530c:group-D6425B254B44 changes role from FOLLOWER to CANDIDATE at term 4 for changeToCandidate
2019-08-23 08:44:52,505 [Thread-433] INFO  impl.RoleInfo (RoleInfo.java:updateAndGet(143)) - 814796da-c9aa-44ae-b4d2-a94a982d530c: start LeaderElection
2019-08-23 08:44:52,678 | INFO  | SCMAudit | user=jenkins1000 | ip=192.168.36.124 | op=SEND_HEARTBEAT {datanodeUUID=282270cf-20fb-461f-9c8a-9450796f87ad, command=[]} | ret=SUCCESS |  
2019-08-23 08:44:52,775 | INFO  | SCMAudit | user=jenkins1000 | ip=192.168.36.124 | op=SEND_HEARTBEAT {datanodeUUID=06ff8c32-d6a1-4424-b29b-4c2a415942d4, command=[]} | ret=SUCCESS |  
2019-08-23 08:44:52,777 [6130611f-ea3a-4a14-895f-35c381f9efc4:group-D6425B254B44:LeaderElection17] INFO  impl.LeaderElection (LeaderElection.java:askForVotes(181)) - 6130611f-ea3a-4a14-895f-35c381f9efc4:group-D6425B254B44:LeaderElection17: begin an election at term 5 for 0: [814796da-c9aa-44ae-b4d2-a94a982d530c:192.168.36.124:45643, c8614be4-ba7c-4b3e-bf92-2a79013b63c7:192.168.36.124:36113, 6130611f-ea3a-4a14-895f-35c381f9efc4:192.168.36.124:37607], old=null
2019-08-23 08:44:52,778 [814796da-c9aa-44ae-b4d2-a94a982d530c:group-D6425B254B44:LeaderElection18] INFO  impl.LeaderElection (LeaderElection.java:askForVotes(181)) - 814796da-c9aa-44ae-b4d2-a94a982d530c:group-D6425B254B44:LeaderElection18: begin an election at term 5 for 0: [814796da-c9aa-44ae-b4d2-a94a982d530c:192.168.36.124:45643, c8614be4-ba7c-4b3e-bf92-2a79013b63c7:192.168.36.124:36113, 6130611f-ea3a-4a14-895f-35c381f9efc4:192.168.36.124:37607], old=null
2019-08-23 08:44:52,780 [814796da-c9aa-44ae-b4d2-a94a982d530c:group-D6425B254B44:LeaderElection18] INFO  impl.LeaderElection (LogUtils.java:infoOrTrace(149)) - 814796da-c9aa-44ae-b4d2-a94a982d530c:group-D6425B254B44:LeaderElection18 got exception when requesting votes: {}
java.util.concurrent.ExecutionException: org.apache.ratis.thirdparty.io.grpc.StatusRuntimeException: UNAVAILABLE: io exception
	at java.util.concurrent.FutureTask.report(FutureTask.java:122)
	at java.util.concurrent.FutureTask.get(FutureTask.java:192)
	at org.apache.ratis.server.impl.LeaderElection.waitForResults(LeaderElection.java:262)
	at org.apache.ratis.server.impl.LeaderElection.askForVotes(LeaderElection.java:200)
	at org.apache.ratis.server.impl.LeaderElection.run(LeaderElection.java:130)
	at java.lang.Thread.run(Thread.java:748)
Caused by: org.apache.ratis.thirdparty.io.grpc.StatusRuntimeException: UNAVAILABLE: io exception
	at org.apache.ratis.thirdparty.io.grpc.stub.ClientCalls.toStatusRuntimeException(ClientCalls.java:233)
	at org.apache.ratis.thirdparty.io.grpc.stub.ClientCalls.getUnchecked(ClientCalls.java:214)
	at org.apache.ratis.thirdparty.io.grpc.stub.ClientCalls.blockingUnaryCall(ClientCalls.java:139)
	at org.apache.ratis.proto.grpc.RaftServerProtocolServiceGrpc$RaftServerProtocolServiceBlockingStub.requestVote(RaftServerProtocolServiceGrpc.java:265)
	at org.apache.ratis.grpc.server.GrpcServerProtocolClient.requestVote(GrpcServerProtocolClient.java:83)
	at org.apache.ratis.grpc.server.GrpcService.requestVote(GrpcService.java:195)
	at org.apache.ratis.server.impl.LeaderElection.lambda$submitRequests$1(LeaderElection.java:237)
	at java.util.concurrent.FutureTask.run(FutureTask.java:266)
	at java.util.concurrent.Executors$RunnableAdapter.call(Executors.java:511)
	at java.util.concurrent.FutureTask.run(FutureTask.java:266)
	at java.util.concurrent.ThreadPoolExecutor.runWorker(ThreadPoolExecutor.java:1149)
	at java.util.concurrent.ThreadPoolExecutor$Worker.run(ThreadPoolExecutor.java:624)
	... 1 more
Caused by: org.apache.ratis.thirdparty.io.netty.channel.AbstractChannel$AnnotatedConnectException: Connection refused: /192.168.36.124:36113
	at sun.nio.ch.SocketChannelImpl.checkConnect(Native Method)
	at sun.nio.ch.SocketChannelImpl.finishConnect(SocketChannelImpl.java:717)
	at org.apache.ratis.thirdparty.io.netty.channel.socket.nio.NioSocketChannel.doFinishConnect(NioSocketChannel.java:327)
	at org.apache.ratis.thirdparty.io.netty.channel.nio.AbstractNioChannel$AbstractNioUnsafe.finishConnect(AbstractNioChannel.java:340)
	at org.apache.ratis.thirdparty.io.netty.channel.nio.NioEventLoop.processSelectedKey(NioEventLoop.java:632)
	at org.apache.ratis.thirdparty.io.netty.channel.nio.NioEventLoop.processSelectedKeysOptimized(NioEventLoop.java:579)
	at org.apache.ratis.thirdparty.io.netty.channel.nio.NioEventLoop.processSelectedKeys(NioEventLoop.java:496)
	at org.apache.ratis.thirdparty.io.netty.channel.nio.NioEventLoop.run(NioEventLoop.java:458)
	at org.apache.ratis.thirdparty.io.netty.util.concurrent.SingleThreadEventExecutor$5.run(SingleThreadEventExecutor.java:897)
	at org.apache.ratis.thirdparty.io.netty.util.concurrent.FastThreadLocalRunnable.run(FastThreadLocalRunnable.java:30)
	... 1 more
Caused by: java.net.ConnectException: Connection refused
	... 11 more
2019-08-23 08:44:52,780 [6130611f-ea3a-4a14-895f-35c381f9efc4:group-D6425B254B44:LeaderElection17] INFO  impl.LeaderElection (LogUtils.java:infoOrTrace(149)) - 6130611f-ea3a-4a14-895f-35c381f9efc4:group-D6425B254B44:LeaderElection17 got exception when requesting votes: {}
java.util.concurrent.ExecutionException: org.apache.ratis.thirdparty.io.grpc.StatusRuntimeException: UNAVAILABLE: io exception
	at java.util.concurrent.FutureTask.report(FutureTask.java:122)
	at java.util.concurrent.FutureTask.get(FutureTask.java:192)
	at org.apache.ratis.server.impl.LeaderElection.waitForResults(LeaderElection.java:262)
	at org.apache.ratis.server.impl.LeaderElection.askForVotes(LeaderElection.java:200)
	at org.apache.ratis.server.impl.LeaderElection.run(LeaderElection.java:130)
	at java.lang.Thread.run(Thread.java:748)
Caused by: org.apache.ratis.thirdparty.io.grpc.StatusRuntimeException: UNAVAILABLE: io exception
	at org.apache.ratis.thirdparty.io.grpc.stub.ClientCalls.toStatusRuntimeException(ClientCalls.java:233)
	at org.apache.ratis.thirdparty.io.grpc.stub.ClientCalls.getUnchecked(ClientCalls.java:214)
	at org.apache.ratis.thirdparty.io.grpc.stub.ClientCalls.blockingUnaryCall(ClientCalls.java:139)
	at org.apache.ratis.proto.grpc.RaftServerProtocolServiceGrpc$RaftServerProtocolServiceBlockingStub.requestVote(RaftServerProtocolServiceGrpc.java:265)
	at org.apache.ratis.grpc.server.GrpcServerProtocolClient.requestVote(GrpcServerProtocolClient.java:83)
	at org.apache.ratis.grpc.server.GrpcService.requestVote(GrpcService.java:195)
	at org.apache.ratis.server.impl.LeaderElection.lambda$submitRequests$1(LeaderElection.java:237)
	at java.util.concurrent.FutureTask.run(FutureTask.java:266)
	at java.util.concurrent.Executors$RunnableAdapter.call(Executors.java:511)
	at java.util.concurrent.FutureTask.run(FutureTask.java:266)
	at java.util.concurrent.ThreadPoolExecutor.runWorker(ThreadPoolExecutor.java:1149)
	at java.util.concurrent.ThreadPoolExecutor$Worker.run(ThreadPoolExecutor.java:624)
	... 1 more
Caused by: org.apache.ratis.thirdparty.io.netty.channel.AbstractChannel$AnnotatedConnectException: Connection refused: /192.168.36.124:36113
	at sun.nio.ch.SocketChannelImpl.checkConnect(Native Method)
	at sun.nio.ch.SocketChannelImpl.finishConnect(SocketChannelImpl.java:717)
	at org.apache.ratis.thirdparty.io.netty.channel.socket.nio.NioSocketChannel.doFinishConnect(NioSocketChannel.java:327)
	at org.apache.ratis.thirdparty.io.netty.channel.nio.AbstractNioChannel$AbstractNioUnsafe.finishConnect(AbstractNioChannel.java:340)
	at org.apache.ratis.thirdparty.io.netty.channel.nio.NioEventLoop.processSelectedKey(NioEventLoop.java:632)
	at org.apache.ratis.thirdparty.io.netty.channel.nio.NioEventLoop.processSelectedKeysOptimized(NioEventLoop.java:579)
	at org.apache.ratis.thirdparty.io.netty.channel.nio.NioEventLoop.processSelectedKeys(NioEventLoop.java:496)
	at org.apache.ratis.thirdparty.io.netty.channel.nio.NioEventLoop.run(NioEventLoop.java:458)
	at org.apache.ratis.thirdparty.io.netty.util.concurrent.SingleThreadEventExecutor$5.run(SingleThreadEventExecutor.java:897)
	at org.apache.ratis.thirdparty.io.netty.util.concurrent.FastThreadLocalRunnable.run(FastThreadLocalRunnable.java:30)
	... 1 more
Caused by: java.net.ConnectException: Connection refused
	... 11 more
2019-08-23 08:44:52,796 [6130611f-ea3a-4a14-895f-35c381f9efc4:group-D6425B254B44:LeaderElection17] INFO  impl.LeaderElection (LeaderElection.java:logAndReturn(56)) - 6130611f-ea3a-4a14-895f-35c381f9efc4:group-D6425B254B44:LeaderElection17: Election REJECTED; received 1 response(s) [6130611f-ea3a-4a14-895f-35c381f9efc4<-814796da-c9aa-44ae-b4d2-a94a982d530c#0:FAIL-t5] and 1 exception(s); 6130611f-ea3a-4a14-895f-35c381f9efc4:t5, leader=null, voted=6130611f-ea3a-4a14-895f-35c381f9efc4, raftlog=6130611f-ea3a-4a14-895f-35c381f9efc4-SegmentedRaftLog:OPENED:c2,f2,i2, conf=0: [814796da-c9aa-44ae-b4d2-a94a982d530c:192.168.36.124:45643, c8614be4-ba7c-4b3e-bf92-2a79013b63c7:192.168.36.124:36113, 6130611f-ea3a-4a14-895f-35c381f9efc4:192.168.36.124:37607], old=null
2019-08-23 08:44:52,796 [6130611f-ea3a-4a14-895f-35c381f9efc4:group-D6425B254B44:LeaderElection17] INFO  impl.LeaderElection (LogUtils.java:infoOrTrace(149)) -   Exception 0: {}
java.util.concurrent.ExecutionException: org.apache.ratis.thirdparty.io.grpc.StatusRuntimeException: UNAVAILABLE: io exception
	at java.util.concurrent.FutureTask.report(FutureTask.java:122)
	at java.util.concurrent.FutureTask.get(FutureTask.java:192)
	at org.apache.ratis.server.impl.LeaderElection.waitForResults(LeaderElection.java:262)
	at org.apache.ratis.server.impl.LeaderElection.askForVotes(LeaderElection.java:200)
	at org.apache.ratis.server.impl.LeaderElection.run(LeaderElection.java:130)
	at java.lang.Thread.run(Thread.java:748)
Caused by: org.apache.ratis.thirdparty.io.grpc.StatusRuntimeException: UNAVAILABLE: io exception
	at org.apache.ratis.thirdparty.io.grpc.stub.ClientCalls.toStatusRuntimeException(ClientCalls.java:233)
	at org.apache.ratis.thirdparty.io.grpc.stub.ClientCalls.getUnchecked(ClientCalls.java:214)
	at org.apache.ratis.thirdparty.io.grpc.stub.ClientCalls.blockingUnaryCall(ClientCalls.java:139)
	at org.apache.ratis.proto.grpc.RaftServerProtocolServiceGrpc$RaftServerProtocolServiceBlockingStub.requestVote(RaftServerProtocolServiceGrpc.java:265)
	at org.apache.ratis.grpc.server.GrpcServerProtocolClient.requestVote(GrpcServerProtocolClient.java:83)
	at org.apache.ratis.grpc.server.GrpcService.requestVote(GrpcService.java:195)
	at org.apache.ratis.server.impl.LeaderElection.lambda$submitRequests$1(LeaderElection.java:237)
	at java.util.concurrent.FutureTask.run(FutureTask.java:266)
	at java.util.concurrent.Executors$RunnableAdapter.call(Executors.java:511)
	at java.util.concurrent.FutureTask.run(FutureTask.java:266)
	at java.util.concurrent.ThreadPoolExecutor.runWorker(ThreadPoolExecutor.java:1149)
	at java.util.concurrent.ThreadPoolExecutor$Worker.run(ThreadPoolExecutor.java:624)
	... 1 more
Caused by: org.apache.ratis.thirdparty.io.netty.channel.AbstractChannel$AnnotatedConnectException: Connection refused: /192.168.36.124:36113
	at sun.nio.ch.SocketChannelImpl.checkConnect(Native Method)
	at sun.nio.ch.SocketChannelImpl.finishConnect(SocketChannelImpl.java:717)
	at org.apache.ratis.thirdparty.io.netty.channel.socket.nio.NioSocketChannel.doFinishConnect(NioSocketChannel.java:327)
	at org.apache.ratis.thirdparty.io.netty.channel.nio.AbstractNioChannel$AbstractNioUnsafe.finishConnect(AbstractNioChannel.java:340)
	at org.apache.ratis.thirdparty.io.netty.channel.nio.NioEventLoop.processSelectedKey(NioEventLoop.java:632)
	at org.apache.ratis.thirdparty.io.netty.channel.nio.NioEventLoop.processSelectedKeysOptimized(NioEventLoop.java:579)
	at org.apache.ratis.thirdparty.io.netty.channel.nio.NioEventLoop.processSelectedKeys(NioEventLoop.java:496)
	at org.apache.ratis.thirdparty.io.netty.channel.nio.NioEventLoop.run(NioEventLoop.java:458)
	at org.apache.ratis.thirdparty.io.netty.util.concurrent.SingleThreadEventExecutor$5.run(SingleThreadEventExecutor.java:897)
	at org.apache.ratis.thirdparty.io.netty.util.concurrent.FastThreadLocalRunnable.run(FastThreadLocalRunnable.java:30)
	... 1 more
Caused by: java.net.ConnectException: Connection refused
	... 11 more
2019-08-23 08:44:52,797 [814796da-c9aa-44ae-b4d2-a94a982d530c:group-D6425B254B44:LeaderElection18] INFO  impl.LeaderElection (LeaderElection.java:logAndReturn(56)) - 814796da-c9aa-44ae-b4d2-a94a982d530c:group-D6425B254B44:LeaderElection18: Election REJECTED; received 1 response(s) [814796da-c9aa-44ae-b4d2-a94a982d530c<-6130611f-ea3a-4a14-895f-35c381f9efc4#0:FAIL-t5] and 1 exception(s); 814796da-c9aa-44ae-b4d2-a94a982d530c:t5, leader=null, voted=814796da-c9aa-44ae-b4d2-a94a982d530c, raftlog=814796da-c9aa-44ae-b4d2-a94a982d530c-SegmentedRaftLog:OPENED:c2,f2,i2, conf=0: [814796da-c9aa-44ae-b4d2-a94a982d530c:192.168.36.124:45643, c8614be4-ba7c-4b3e-bf92-2a79013b63c7:192.168.36.124:36113, 6130611f-ea3a-4a14-895f-35c381f9efc4:192.168.36.124:37607], old=null
2019-08-23 08:44:52,797 [6130611f-ea3a-4a14-895f-35c381f9efc4:group-D6425B254B44:LeaderElection17] INFO  impl.RaftServerImpl (RaftServerImpl.java:setRole(171)) - 6130611f-ea3a-4a14-895f-35c381f9efc4:group-D6425B254B44 changes role from CANDIDATE to FOLLOWER at term 5 for DISCOVERED_A_NEW_TERM
2019-08-23 08:44:52,797 [814796da-c9aa-44ae-b4d2-a94a982d530c:group-D6425B254B44:LeaderElection18] INFO  impl.LeaderElection (LogUtils.java:infoOrTrace(149)) -   Exception 0: {}
java.util.concurrent.ExecutionException: org.apache.ratis.thirdparty.io.grpc.StatusRuntimeException: UNAVAILABLE: io exception
	at java.util.concurrent.FutureTask.report(FutureTask.java:122)
	at java.util.concurrent.FutureTask.get(FutureTask.java:192)
	at org.apache.ratis.server.impl.LeaderElection.waitForResults(LeaderElection.java:262)
	at org.apache.ratis.server.impl.LeaderElection.askForVotes(LeaderElection.java:200)
	at org.apache.ratis.server.impl.LeaderElection.run(LeaderElection.java:130)
	at java.lang.Thread.run(Thread.java:748)
Caused by: org.apache.ratis.thirdparty.io.grpc.StatusRuntimeException: UNAVAILABLE: io exception
	at org.apache.ratis.thirdparty.io.grpc.stub.ClientCalls.toStatusRuntimeException(ClientCalls.java:233)
	at org.apache.ratis.thirdparty.io.grpc.stub.ClientCalls.getUnchecked(ClientCalls.java:214)
	at org.apache.ratis.thirdparty.io.grpc.stub.ClientCalls.blockingUnaryCall(ClientCalls.java:139)
	at org.apache.ratis.proto.grpc.RaftServerProtocolServiceGrpc$RaftServerProtocolServiceBlockingStub.requestVote(RaftServerProtocolServiceGrpc.java:265)
	at org.apache.ratis.grpc.server.GrpcServerProtocolClient.requestVote(GrpcServerProtocolClient.java:83)
	at org.apache.ratis.grpc.server.GrpcService.requestVote(GrpcService.java:195)
	at org.apache.ratis.server.impl.LeaderElection.lambda$submitRequests$1(LeaderElection.java:237)
	at java.util.concurrent.FutureTask.run(FutureTask.java:266)
	at java.util.concurrent.Executors$RunnableAdapter.call(Executors.java:511)
	at java.util.concurrent.FutureTask.run(FutureTask.java:266)
	at java.util.concurrent.ThreadPoolExecutor.runWorker(ThreadPoolExecutor.java:1149)
	at java.util.concurrent.ThreadPoolExecutor$Worker.run(ThreadPoolExecutor.java:624)
	... 1 more
Caused by: org.apache.ratis.thirdparty.io.netty.channel.AbstractChannel$AnnotatedConnectException: Connection refused: /192.168.36.124:36113
	at sun.nio.ch.SocketChannelImpl.checkConnect(Native Method)
	at sun.nio.ch.SocketChannelImpl.finishConnect(SocketChannelImpl.java:717)
	at org.apache.ratis.thirdparty.io.netty.channel.socket.nio.NioSocketChannel.doFinishConnect(NioSocketChannel.java:327)
	at org.apache.ratis.thirdparty.io.netty.channel.nio.AbstractNioChannel$AbstractNioUnsafe.finishConnect(AbstractNioChannel.java:340)
	at org.apache.ratis.thirdparty.io.netty.channel.nio.NioEventLoop.processSelectedKey(NioEventLoop.java:632)
	at org.apache.ratis.thirdparty.io.netty.channel.nio.NioEventLoop.processSelectedKeysOptimized(NioEventLoop.java:579)
	at org.apache.ratis.thirdparty.io.netty.channel.nio.NioEventLoop.processSelectedKeys(NioEventLoop.java:496)
	at org.apache.ratis.thirdparty.io.netty.channel.nio.NioEventLoop.run(NioEventLoop.java:458)
	at org.apache.ratis.thirdparty.io.netty.util.concurrent.SingleThreadEventExecutor$5.run(SingleThreadEventExecutor.java:897)
	at org.apache.ratis.thirdparty.io.netty.util.concurrent.FastThreadLocalRunnable.run(FastThreadLocalRunnable.java:30)
	... 1 more
Caused by: java.net.ConnectException: Connection refused
	... 11 more
2019-08-23 08:44:52,800 [6130611f-ea3a-4a14-895f-35c381f9efc4:group-D6425B254B44:LeaderElection17] INFO  impl.RoleInfo (RoleInfo.java:shutdownLeaderElection(134)) - 6130611f-ea3a-4a14-895f-35c381f9efc4: shutdown LeaderElection
2019-08-23 08:44:52,800 [814796da-c9aa-44ae-b4d2-a94a982d530c:group-D6425B254B44:LeaderElection18] INFO  impl.RaftServerImpl (RaftServerImpl.java:setRole(171)) - 814796da-c9aa-44ae-b4d2-a94a982d530c:group-D6425B254B44 changes role from CANDIDATE to FOLLOWER at term 5 for DISCOVERED_A_NEW_TERM
2019-08-23 08:44:52,803 [6130611f-ea3a-4a14-895f-35c381f9efc4:group-D6425B254B44:LeaderElection17] INFO  impl.RoleInfo (RoleInfo.java:updateAndGet(143)) - 6130611f-ea3a-4a14-895f-35c381f9efc4: start FollowerState
2019-08-23 08:44:52,803 [814796da-c9aa-44ae-b4d2-a94a982d530c:group-D6425B254B44:LeaderElection18] INFO  impl.RoleInfo (RoleInfo.java:shutdownLeaderElection(134)) - 814796da-c9aa-44ae-b4d2-a94a982d530c: shutdown LeaderElection
2019-08-23 08:44:52,807 [814796da-c9aa-44ae-b4d2-a94a982d530c:group-D6425B254B44:LeaderElection18] INFO  impl.RoleInfo (RoleInfo.java:updateAndGet(143)) - 814796da-c9aa-44ae-b4d2-a94a982d530c: start FollowerState
2019-08-23 08:44:52,819 | INFO  | SCMAudit | user=jenkins1000 | ip=192.168.36.124 | op=SEND_HEARTBEAT {datanodeUUID=5f42c09d-68f5-43be-ab10-ef5f897cf19a, command=[]} | ret=SUCCESS |  
2019-08-23 08:44:53,097 [grpc-default-executor-2] INFO  client.GrpcClientProtocolClient (GrpcClientProtocolClient.java:onNext(255)) - client-594D477ACB77->6130611f-ea3a-4a14-895f-35c381f9efc4: receive RaftClientReply:client-594D477ACB77->6130611f-ea3a-4a14-895f-35c381f9efc4@group-D6425B254B44, cid=14, FAILED org.apache.ratis.protocol.NotLeaderException: Server 6130611f-ea3a-4a14-895f-35c381f9efc4 is not the leader (null). Request must be sent to leader., logIndex=0, commits[6130611f-ea3a-4a14-895f-35c381f9efc4:c2, 814796da-c9aa-44ae-b4d2-a94a982d530c:c2, c8614be4-ba7c-4b3e-bf92-2a79013b63c7:c2]
2019-08-23 08:44:53,140 | INFO  | SCMAudit | user=jenkins1000 | ip=192.168.36.124 | op=SEND_HEARTBEAT {datanodeUUID=d25e1fb2-dc34-4d59-84ce-3be5e962ff3d, command=[]} | ret=SUCCESS |  
2019-08-23 08:44:53,438 | INFO  | SCMAudit | user=jenkins1000 | ip=192.168.36.124 | op=SEND_HEARTBEAT {datanodeUUID=814796da-c9aa-44ae-b4d2-a94a982d530c, command=[]} | ret=SUCCESS |  
2019-08-23 08:44:53,440 | INFO  | SCMAudit | user=jenkins1000 | ip=192.168.36.124 | op=SEND_HEARTBEAT {datanodeUUID=6130611f-ea3a-4a14-895f-35c381f9efc4, command=[]} | ret=SUCCESS |  
2019-08-23 08:44:53,678 | INFO  | SCMAudit | user=jenkins1000 | ip=192.168.36.124 | op=SEND_HEARTBEAT {datanodeUUID=282270cf-20fb-461f-9c8a-9450796f87ad, command=[]} | ret=SUCCESS |  
2019-08-23 08:44:53,774 | INFO  | SCMAudit | user=jenkins1000 | ip=192.168.36.124 | op=SEND_HEARTBEAT {datanodeUUID=06ff8c32-d6a1-4424-b29b-4c2a415942d4, command=[]} | ret=SUCCESS |  
2019-08-23 08:44:53,819 | INFO  | SCMAudit | user=jenkins1000 | ip=192.168.36.124 | op=SEND_HEARTBEAT {datanodeUUID=5f42c09d-68f5-43be-ab10-ef5f897cf19a, command=[]} | ret=SUCCESS |  
2019-08-23 08:44:54,120 [grpc-default-executor-3] INFO  client.GrpcClientProtocolClient (GrpcClientProtocolClient.java:onNext(255)) - client-594D477ACB77->814796da-c9aa-44ae-b4d2-a94a982d530c: receive RaftClientReply:client-594D477ACB77->814796da-c9aa-44ae-b4d2-a94a982d530c@group-D6425B254B44, cid=14, FAILED org.apache.ratis.protocol.NotLeaderException: Server 814796da-c9aa-44ae-b4d2-a94a982d530c is not the leader (null). Request must be sent to leader., logIndex=0, commits[814796da-c9aa-44ae-b4d2-a94a982d530c:c2, c8614be4-ba7c-4b3e-bf92-2a79013b63c7:c2, 6130611f-ea3a-4a14-895f-35c381f9efc4:c2]
2019-08-23 08:44:54,140 | INFO  | SCMAudit | user=jenkins1000 | ip=192.168.36.124 | op=SEND_HEARTBEAT {datanodeUUID=d25e1fb2-dc34-4d59-84ce-3be5e962ff3d, command=[]} | ret=SUCCESS |  
]]></system-out>
    <system-err><![CDATA[Aug 23, 2019 8:44:05 AM com.sun.jersey.server.impl.application.WebApplicationImpl _initiate
INFO: Initiating Jersey application, version 'Jersey: 1.19 02/11/2015 03:25 AM'
Aug 23, 2019 8:44:06 AM com.sun.jersey.server.impl.application.WebApplicationImpl _initiate
INFO: Initiating Jersey application, version 'Jersey: 1.19 02/11/2015 03:25 AM'
Aug 23, 2019 8:44:07 AM com.sun.jersey.server.impl.application.WebApplicationImpl _initiate
INFO: Initiating Jersey application, version 'Jersey: 1.19 02/11/2015 03:25 AM'
Aug 23, 2019 8:44:07 AM com.sun.jersey.server.impl.application.WebApplicationImpl _initiate
INFO: Initiating Jersey application, version 'Jersey: 1.19 02/11/2015 03:25 AM'
Aug 23, 2019 8:44:07 AM com.sun.jersey.server.impl.application.WebApplicationImpl _initiate
INFO: Initiating Jersey application, version 'Jersey: 1.19 02/11/2015 03:25 AM'
Aug 23, 2019 8:44:07 AM com.sun.jersey.server.impl.application.WebApplicationImpl _initiate
INFO: Initiating Jersey application, version 'Jersey: 1.19 02/11/2015 03:25 AM'
Aug 23, 2019 8:44:08 AM com.sun.jersey.server.impl.application.WebApplicationImpl _initiate
INFO: Initiating Jersey application, version 'Jersey: 1.19 02/11/2015 03:25 AM'
]]></system-err>
  </testcase>
</testsuite>